core   0: 0x00001000 (0x00000297) auipc   t0, 0x0
core   0: 3 0x00001000 (0x00000297) x5  0x00001000
core   0: 0x00001004 (0x02028593) addi    a1, t0, 32
core   0: 3 0x00001004 (0x02028593) x11 0x00001020
core   0: 0x00001008 (0xf1402573) csrr    a0, mhartid
core   0: 3 0x00001008 (0xf1402573) x10 0x00000000
core   0: 0x0000100c (0x0182a283) lw      t0, 24(t0)
core   0: 3 0x0000100c (0x0182a283) x5  0x80000000 mem 0x00001018
core   0: 0x00001010 (0x00028067) jr      t0
core   0: 3 0x00001010 (0x00028067)
core   0: 0x80000000 (0xf14022f3) csrr    t0, mhartid
core   0: 3 0x80000000 (0xf14022f3) x5  0x00000000
core   0: 0x80000004 (0x00004301) c.li    t1, 0
core   0: 3 0x80000004 (0x4301) x6  0x00000000
core   0: 0x80000006 (0x00628263) beq     t0, t1, pc + 4
core   0: 3 0x80000006 (0x00628263)
core   0: 0x8000000a (0x00000817) auipc   a6, 0x0
core   0: 3 0x8000000a (0x00000817) x16 0x8000000a
core   0: 0x8000000e (0x00c80813) addi    a6, a6, 12
core   0: 3 0x8000000e (0x00c80813) x16 0x80000016
core   0: 0x80000012 (0x00080067) jr      a6
core   0: 3 0x80000012 (0x00080067)
core   0: 0x80000016 (0x400018b7) lui     a7, 0x40001
core   0: 3 0x80000016 (0x400018b7) x17 0x40001000
core   0: 0x8000001a (0x10588893) addi    a7, a7, 261
core   0: 3 0x8000001a (0x10588893) x17 0x40001105
core   0: 0x8000001e (0x30189073) csrw    misa, a7
core   0: 3 0x8000001e (0x30189073) c769_misa 0x40141105
core   0: 0x80000022 (0x0002a997) auipc   s3, 0x2a
core   0: 3 0x80000022 (0x0002a997) x19 0x8002a022
core   0: 0x80000026 (0xd0298993) addi    s3, s3, -766
core   0: 3 0x80000026 (0xd0298993) x19 0x80029d24
core   0: 0x8000002a (0x0000a897) auipc   a7, 0xa
core   0: 3 0x8000002a (0x0000a897) x17 0x8000a02a
core   0: 0x8000002e (0x3f688893) addi    a7, a7, 1014
core   0: 3 0x8000002e (0x3f688893) x17 0x8000a420
core   0: 0x80000032 (0x0008e893) ori     a7, a7, 0
core   0: 3 0x80000032 (0x0008e893) x17 0x8000a420
core   0: 0x80000036 (0x30589073) csrw    mtvec, a7
core   0: 3 0x80000036 (0x30589073) c773_mtvec 0x8000a420
core   0: 0x8000003a (0x00000897) auipc   a7, 0x0
core   0: 3 0x8000003a (0x00000897) x17 0x8000003a
core   0: 0x8000003e (0x02288893) addi    a7, a7, 34
core   0: 3 0x8000003e (0x02288893) x17 0x8000005c
core   0: 0x80000042 (0x34189073) csrw    mepc, a7
core   0: 3 0x80000042 (0x34189073) c833_mepc 0x8000005c
core   0: 0x80000046 (0x00000001) c.nop
core   0: 3 0x80000046 (0x0001)
core   0: 0x80000048 (0x00006889) c.lui   a7, 0x2
core   0: 3 0x80000048 (0x6889) x17 0x00002000
core   0: 0x8000004a (0x80088893) addi    a7, a7, -2048
core   0: 3 0x8000004a (0x80088893) x17 0x00001800
core   0: 0x8000004e (0x30089073) csrw    mstatus, a7
core   0: 3 0x8000004e (0x30089073) c768_mstatus 0x00001800
core   0: 0x80000052 (0x00004881) c.li    a7, 0
core   0: 3 0x80000052 (0x4881) x17 0x00000000
core   0: 0x80000054 (0x30489073) csrw    mie, a7
core   0: 3 0x80000054 (0x30489073) c772_mie 0x00000000
core   0: 0x80000058 (0x30200073) mret
core   0: 3 0x80000058 (0x30200073) c784_mstatush 0x00000000 c768_mstatus 0x00000080
core   0: >>>>  init
core   0: 0x8000005c (0xfe9d9037) lui     zero, 0xfe9d9
core   0: 3 0x8000005c (0xfe9d9037)
core   0: 0x80000060 (0x3dd00013) li      zero, 989
core   0: 3 0x80000060 (0x3dd00013)
core   0: 0x80000064 (0x00004081) c.li    ra, 0
core   0: 3 0x80000064 (0x4081) x1  0x00000000
core   0: 0x80000066 (0x80000137) lui     sp, 0x80000
core   0: 3 0x80000066 (0x80000137) x2  0x80000000
core   0: 0x8000006a (0xf3e251b7) lui     gp, 0xf3e25
core   0: 3 0x8000006a (0xf3e251b7) x3  0xf3e25000
core   0: 0x8000006e (0x5c718193) addi    gp, gp, 1479
core   0: 3 0x8000006e (0x5c718193) x3  0xf3e255c7
core   0: 0x80000072 (0x3d8a8237) lui     tp, 0x3d8a8
core   0: 3 0x80000072 (0x3d8a8237) x4  0x3d8a8000
core   0: 0x80000076 (0x38b20213) addi    tp, tp, 907
core   0: 3 0x80000076 (0x38b20213) x4  0x3d8a838b
core   0: 0x8000007a (0xfc8592b7) lui     t0, 0xfc859
core   0: 3 0x8000007a (0xfc8592b7) x5  0xfc859000
core   0: 0x8000007e (0x0d928293) addi    t0, t0, 217
core   0: 3 0x8000007e (0x0d928293) x5  0xfc8590d9
core   0: 0x80000082 (0x00004301) c.li    t1, 0
core   0: 3 0x80000082 (0x4301) x6  0x00000000
core   0: 0x80000084 (0x000043ad) c.li    t2, 11
core   0: 3 0x80000084 (0x43ad) x7  0x0000000b
core   0: 0x80000086 (0xf4d6b437) lui     s0, 0xf4d6b
core   0: 3 0x80000086 (0xf4d6b437) x8  0xf4d6b000
core   0: 0x8000008a (0xac940413) addi    s0, s0, -1335
core   0: 3 0x8000008a (0xac940413) x8  0xf4d6aac9
core   0: 0x8000008e (0x800004b7) lui     s1, 0x80000
core   0: 3 0x8000008e (0x800004b7) x9  0x80000000
core   0: 0x80000092 (0x89ed2537) lui     a0, 0x89ed2
core   0: 3 0x80000092 (0x89ed2537) x10 0x89ed2000
core   0: 0x80000096 (0x62350513) addi    a0, a0, 1571
core   0: 3 0x80000096 (0x62350513) x10 0x89ed2623
core   0: 0x8000009a (0xfb9405b7) lui     a1, 0xfb940
core   0: 3 0x8000009a (0xfb9405b7) x11 0xfb940000
core   0: 0x8000009e (0xcd758593) addi    a1, a1, -809
core   0: 3 0x8000009e (0xcd758593) x11 0xfb93fcd7
core   0: 0x800000a2 (0x80000637) lui     a2, 0x80000
core   0: 3 0x800000a2 (0x80000637) x12 0x80000000
core   0: 0x800000a6 (0x00004681) c.li    a3, 0
core   0: 3 0x800000a6 (0x4681) x13 0x00000000
core   0: 0x800000a8 (0xfa8de737) lui     a4, 0xfa8de
core   0: 3 0x800000a8 (0xfa8de737) x14 0xfa8de000
core   0: 0x800000ac (0x7b570713) addi    a4, a4, 1973
core   0: 3 0x800000ac (0x7b570713) x14 0xfa8de7b5
core   0: 0x800000b0 (0xbca137b7) lui     a5, 0xbca13
core   0: 3 0x800000b0 (0xbca137b7) x15 0xbca13000
core   0: 0x800000b4 (0x28978793) addi    a5, a5, 649
core   0: 3 0x800000b4 (0x28978793) x15 0xbca13289
core   0: 0x800000b8 (0x5b4bc837) lui     a6, 0x5b4bc
core   0: 3 0x800000b8 (0x5b4bc837) x16 0x5b4bc000
core   0: 0x800000bc (0x1c680813) addi    a6, a6, 454
core   0: 3 0x800000bc (0x1c680813) x16 0x5b4bc1c6
core   0: 0x800000c0 (0x7d4f98b7) lui     a7, 0x7d4f9
core   0: 3 0x800000c0 (0x7d4f98b7) x17 0x7d4f9000
core   0: 0x800000c4 (0x40a88893) addi    a7, a7, 1034
core   0: 3 0x800000c4 (0x40a88893) x17 0x7d4f940a
core   0: 0x800000c8 (0x80000937) lui     s2, 0x80000
core   0: 3 0x800000c8 (0x80000937) x18 0x80000000
core   0: 0x800000cc (0xf5bafa37) lui     s4, 0xf5baf
core   0: 3 0x800000cc (0xf5bafa37) x20 0xf5baf000
core   0: 0x800000d0 (0x96ba0a13) addi    s4, s4, -1685
core   0: 3 0x800000d0 (0x96ba0a13) x20 0xf5bae96b
core   0: 0x800000d4 (0x80000ab7) lui     s5, 0x80000
core   0: 3 0x800000d4 (0x80000ab7) x21 0x80000000
core   0: 0x800000d8 (0x80000b37) lui     s6, 0x80000
core   0: 3 0x800000d8 (0x80000b37) x22 0x80000000
core   0: 0x800000dc (0x9bd4bbb7) lui     s7, 0x9bd4b
core   0: 3 0x800000dc (0x9bd4bbb7) x23 0x9bd4b000
core   0: 0x800000e0 (0xe47b8b93) addi    s7, s7, -441
core   0: 3 0x800000e0 (0xe47b8b93) x23 0x9bd4ae47
core   0: 0x800000e4 (0xfa90fc37) lui     s8, 0xfa90f
core   0: 3 0x800000e4 (0xfa90fc37) x24 0xfa90f000
core   0: 0x800000e8 (0xb35c0c13) addi    s8, s8, -1227
core   0: 3 0x800000e8 (0xb35c0c13) x24 0xfa90eb35
core   0: 0x800000ec (0x48f77cb7) lui     s9, 0x48f77
core   0: 3 0x800000ec (0x48f77cb7) x25 0x48f77000
core   0: 0x800000f0 (0x3a1c8c93) addi    s9, s9, 929
core   0: 3 0x800000f0 (0x3a1c8c93) x25 0x48f773a1
core   0: 0x800000f4 (0xf57d6d37) lui     s10, 0xf57d6
core   0: 3 0x800000f4 (0xf57d6d37) x26 0xf57d6000
core   0: 0x800000f8 (0x46ad0d13) addi    s10, s10, 1130
core   0: 3 0x800000f8 (0x46ad0d13) x26 0xf57d646a
core   0: 0x800000fc (0x00004d85) c.li    s11, 1
core   0: 3 0x800000fc (0x4d85) x27 0x00000001
core   0: 0x800000fe (0x00004e19) c.li    t3, 6
core   0: 3 0x800000fe (0x4e19) x28 0x00000006
core   0: 0x80000100 (0x00004e81) c.li    t4, 0
core   0: 3 0x80000100 (0x4e81) x29 0x00000000
core   0: 0x80000102 (0x906cefb7) lui     t6, 0x906ce
core   0: 3 0x80000102 (0x906cefb7) x31 0x906ce000
core   0: 0x80000106 (0x030f8f93) addi    t6, t6, 48
core   0: 3 0x80000106 (0x030f8f93) x31 0x906ce030
core   0: 0x8000010a (0x00026f17) auipc   t5, 0x26
core   0: 3 0x8000010a (0x00026f17) x30 0x8002610a
core   0: 0x8000010e (0xd9af0f13) addi    t5, t5, -614
core   0: 3 0x8000010e (0xd9af0f13) x30 0x80025ea4
core   0: 0x80000112 (0x00011797) auipc   a5, 0x11
core   0: 3 0x80000112 (0x00011797) x15 0x80011112
core   0: 0x80000116 (0xd8b78793) addi    a5, a5, -629
core   0: 3 0x80000116 (0xd8b78793) x15 0x80010e9d
core   0: 0x8000011a (0x00644a33) xor     s4, s0, t1
core   0: 3 0x8000011a (0x00644a33) x20 0xf4d6aac9
core   0: 0x8000011e (0x1247c383) lbu     t2, 292(a5)
core   0: 3 0x8000011e (0x1247c383) x7  0x00000000 mem 0x80010fc1
core   0: 0x80000122 (0xe0c7cf83) lbu     t6, -500(a5)
core   0: 3 0x80000122 (0xe0c7cf83) x31 0x00000000 mem 0x80010ca9
core   0: 0x80000126 (0xca979fa3) sh      s1, -833(a5)
core   0: 3 0x80000126 (0xca979fa3) mem 0x80010b5c 0x0000
core   0: 0x8000012a (0x10778ba3) sb      t2, 279(a5)
core   0: 3 0x8000012a (0x10778ba3) mem 0x80010fb4 0x00
core   0: 0x8000012e (0x10279ba3) sh      sp, 279(a5)
core   0: 3 0x8000012e (0x10279ba3) mem 0x80010fb4 0x0000
core   0: 0x80000132 (0xd3878b83) lb      s7, -712(a5)
core   0: 3 0x80000132 (0xd3878b83) x23 0x00000000 mem 0x80010bd5
core   0: 0x80000136 (0x03a9b133) mulhu   sp, s3, s10
core   0: 3 0x80000136 (0x03a9b133) x2  0x7ac133e0
core   0: 0x8000013a (0x009e10b3) sll     ra, t3, s1
core   0: 3 0x8000013a (0x009e10b3) x1  0x00000006
core   0: 0x8000013e (0xd3878d83) lb      s11, -712(a5)
core   0: 3 0x8000013e (0xd3878d83) x27 0x00000000 mem 0x80010bd5
core   0: 0x80000142 (0xaf37a103) lw      sp, -1293(a5)
core   0: 3 0x80000142 (0xaf37a103) x2  0x00000000 mem 0x80010990
core   0: 0x80000146 (0xc7a78003) lb      zero, -902(a5)
core   0: 3 0x80000146 (0xc7a78003) mem 0x80010b17
core   0: 0x8000014a (0xfe678483) lb      s1, -26(a5)
core   0: 3 0x8000014a (0xfe678483) x9  0x00000000 mem 0x80010e83
core   0: 0x8000014e (0x9957cf83) lbu     t6, -1643(a5)
core   0: 3 0x8000014e (0x9957cf83) x31 0x00000000 mem 0x80010832
core   0: 0x80000152 (0x03fba433) mulhsu  s0, s7, t6
core   0: 3 0x80000152 (0x03fba433) x8  0x00000000
core   0: 0x80000156 (0x99578183) lb      gp, -1643(a5)
core   0: 3 0x80000156 (0x99578183) x3  0x00000000 mem 0x80010832
core   0: 0x8000015a (0x98379aa3) sh      gp, -1643(a5)
core   0: 3 0x8000015a (0x98379aa3) mem 0x80010832 0x0000
core   0: 0x8000015e (0x125780a3) sb      t0, 289(a5)
core   0: 3 0x8000015e (0x125780a3) mem 0x80010fbe 0xd9
core   0: 0x80000162 (0xa897cc83) lbu     s9, -1399(a5)
core   0: 3 0x80000162 (0xa897cc83) x25 0x00000000 mem 0x80010926
core   0: 0x80000166 (0xae07c303) lbu     t1, -1312(a5)
core   0: 3 0x80000166 (0xae07c303) x6  0x00000000 mem 0x8001097d
core   0: 0x8000016a (0xcbf78323) sb      t6, -858(a5)
core   0: 3 0x8000016a (0xcbf78323) mem 0x80010b43 0x00
core   0: 0x8000016e (0xb017da03) lhu     s4, -1279(a5)
core   0: 3 0x8000016e (0xb017da03) x20 0x00000000 mem 0x8001099e
core   0: 0x80000172 (0xdfb7a883) lw      a7, -517(a5)
core   0: 3 0x80000172 (0xdfb7a883) x17 0x00000000 mem 0x80010c98
core   0: 0x80000176 (0x00013617) auipc   a2, 0x13
core   0: 3 0x80000176 (0x00013617) x12 0x80013176
core   0: 0x8000017a (0x16960613) addi    a2, a2, 361
core   0: 3 0x8000017a (0x16960613) x12 0x800132df
core   0: 0x8000017e (0xc0e60023) sb      a4, -1024(a2)
core   0: 3 0x8000017e (0xc0e60023) mem 0x80012edf 0xb5
core   0: 0x80000182 (0xe0e60423) sb      a4, -504(a2)
core   0: 3 0x80000182 (0xe0e60423) mem 0x800130e7 0xb5
core   0: 0x80000186 (0x9ae622a3) sw      a4, -1627(a2)
core   0: 3 0x80000186 (0x9ae622a3) mem 0x80012c84 0xfa8de7b5
core   0: 0x8000018a (0xb0b65903) lhu     s2, -1269(a2)
core   0: 3 0x8000018a (0xb0b65903) x18 0x00000000 mem 0x80012dea
core   0: 0x8000018e (0x2c992293) slti    t0, s2, 713
core   0: 3 0x8000018e (0x2c992293) x5  0x00000001
core   0: 0x80000192 (0x19b60183) lb      gp, 411(a2)
core   0: 3 0x80000192 (0x19b60183) x3  0x00000000 mem 0x8001347a
core   0: 0x80000196 (0x40e617a3) sh      a4, 1039(a2)
core   0: 3 0x80000196 (0x40e617a3) mem 0x800136ee 0xe7b5
core   0: 0x8000019a (0xc8b61903) lh      s2, -885(a2)
core   0: 3 0x8000019a (0xc8b61903) x18 0x00000000 mem 0x80012f6a
core   0: 0x8000019e (0x1942f737) lui     a4, 0x1942f
core   0: 3 0x8000019e (0x1942f737) x14 0x1942f000
core   0: 0x800001a2 (0x00008f79) c.and   a4, a4
core   0: 3 0x800001a2 (0x8f79) x14 0x1942f000
core   0: 0x800001a4 (0x9fe1f713) andi    a4, gp, -1538
core   0: 3 0x800001a4 (0x9fe1f713) x14 0x00000000
core   0: 0x800001a8 (0x892619a3) sh      s2, -1901(a2)
core   0: 3 0x800001a8 (0x892619a3) mem 0x80012b72 0x0000
core   0: 0x800001ac (0x7e965283) lhu     t0, 2025(a2)
core   0: 3 0x800001ac (0x7e965283) x5  0x00000000 mem 0x80013ac8
core   0: 0x800001b0 (0x6b2624a3) sw      s2, 1705(a2)
core   0: 3 0x800001b0 (0x6b2624a3) mem 0x80013988 0x00000000
core   0: 0x800001b4 (0x02b2e2b3) rem     t0, t0, a1
core   0: 3 0x800001b4 (0x02b2e2b3) x5  0x00000000
core   0: 0x800001b8 (0x00008365) c.srli  a4, 25
core   0: 3 0x800001b8 (0x8365) x14 0x00000000
core   0: 0x800001ba (0x5fa60823) sb      s10, 1520(a2)
core   0: 3 0x800001ba (0x5fa60823) mem 0x800138cf 0x6a
core   0: 0x800001be (0x6bb61283) lh      t0, 1723(a2)
core   0: 3 0x800001be (0x6bb61283) x5  0x00000000 mem 0x8001399a
core   0: 0x800001c2 (0x02b5f933) remu    s2, a1, a1
core   0: 3 0x800001c2 (0x02b5f933) x18 0x00000000
core   0: 0x800001c6 (0x57064283) lbu     t0, 1392(a2)
core   0: 3 0x800001c6 (0x57064283) x5  0x00000000 mem 0x8001384f
core   0: 0x800001ca (0xa9a60e23) sb      s10, -1380(a2)
core   0: 3 0x800001ca (0xa9a60e23) mem 0x80012d7b 0x6a
core   0: 0x800001ce (0x97496d13) ori     s10, s2, -1676
core   0: 3 0x800001ce (0x97496d13) x26 0xfffff974
core   0: 0x800001d2 (0x93f61d03) lh      s10, -1729(a2)
core   0: 3 0x800001d2 (0x93f61d03) x26 0x00000000 mem 0x80012c1e
core   0: 0x800001d6 (0x03a1b733) mulhu   a4, gp, s10
core   0: 3 0x800001d6 (0x03a1b733) x14 0x00000000
core   0: 0x800001da (0x01395293) srli    t0, s2, 19
core   0: 3 0x800001da (0x01395293) x5  0x00000000
core   0: 0x800001de (0xeef64903) lbu     s2, -273(a2)
core   0: 3 0x800001de (0xeef64903) x18 0x00000000 mem 0x800131ce
core   0: 0x800001e2 (0x003945b3) xor     a1, s2, gp
core   0: 3 0x800001e2 (0x003945b3) x11 0x00000000
core   0: 0x800001e6 (0x000041cd) c.li    gp, 19
core   0: 3 0x800001e6 (0x41cd) x3  0x00000013
core   0: 0x800001e8 (0x00008db9) c.xor   a1, a4
core   0: 3 0x800001e8 (0x8db9) x11 0x00000000
core   0: 0x800001ea (0x00008dd9) c.or    a1, a4
core   0: 3 0x800001ea (0x8dd9) x11 0x00000000
core   0: 0x800001ec (0x00b5f933) and     s2, a1, a1
core   0: 3 0x800001ec (0x00b5f933) x18 0x00000000
core   0: 0x800001f0 (0x06560223) sb      t0, 100(a2)
core   0: 3 0x800001f0 (0x06560223) mem 0x80013343 0x00
core   0: 0x800001f4 (0x9bc60283) lb      t0, -1604(a2)
core   0: 3 0x800001f4 (0x9bc60283) x5  0x00000000 mem 0x80012c9b
core   0: 0x800001f8 (0x03a2c2b3) div     t0, t0, s10
core   0: 3 0x800001f8 (0x03a2c2b3) x5  0xffffffff
core   0: 0x800001fc (0xd7e64d03) lbu     s10, -642(a2)
core   0: 3 0x800001fc (0xd7e64d03) x26 0x00000000 mem 0x8001305d
core   0: 0x80000200 (0xff764703) lbu     a4, -9(a2)
core   0: 3 0x80000200 (0xff764703) x14 0x00000000 mem 0x800132d6
core   0: 0x80000204 (0x00ed1293) slli    t0, s10, 14
core   0: 3 0x80000204 (0x00ed1293) x5  0x00000000
core   0: 0x80000208 (0x7e560523) sb      t0, 2026(a2)
core   0: 3 0x80000208 (0x7e560523) mem 0x80013ac9 0x00
core   0: 0x8000020c (0x0051d933) srl     s2, gp, t0
core   0: 3 0x8000020c (0x0051d933) x18 0x00000013
core   0: 0x80000210 (0x35d64d03) lbu     s10, 861(a2)
core   0: 3 0x80000210 (0x35d64d03) x26 0x00000000 mem 0x8001363c
core   0: 0x80000214 (0x00014117) auipc   sp, 0x14
core   0: 3 0x80000214 (0x00014117) x2  0x80014214
core   0: 0x80000218 (0x31d10113) addi    sp, sp, 797
core   0: 3 0x80000218 (0x31d10113) x2  0x80014531
core   0: 0x8000021c (0xff010c03) lb      s8, -16(sp)
core   0: 3 0x8000021c (0xff010c03) x24 0x00000000 mem 0x80014521
core   0: 0x80000220 (0x00114783) lbu     a5, 1(sp)
core   0: 3 0x80000220 (0x00114783) x15 0x00000000 mem 0x80014532
core   0: 0x80000224 (0xfe310a23) sb      gp, -12(sp)
core   0: 3 0x80000224 (0xfe310a23) mem 0x80014525 0x13
core   0: 0x80000228 (0x41cc50b3) sra     ra, s8, t3
core   0: 3 0x80000228 (0x41cc50b3) x1  0x00000000
core   0: 0x8000022c (0x0181b1b3) sltu    gp, gp, s8
core   0: 3 0x8000022c (0x0181b1b3) x3  0x00000000
core   0: 0x80000230 (0x00f15783) lhu     a5, 15(sp)
core   0: 3 0x80000230 (0x00f15783) x15 0x00000000 mem 0x80014540
core   0: 0x80000234 (0x00111e03) lh      t3, 1(sp)
core   0: 3 0x80000234 (0x00111e03) x28 0x00000000 mem 0x80014532
core   0: 0x80000238 (0x003103a3) sb      gp, 7(sp)
core   0: 3 0x80000238 (0x003103a3) mem 0x80014538 0x00
core   0: 0x8000023c (0x4e5e2793) slti    a5, t3, 1253
core   0: 3 0x8000023c (0x4e5e2793) x15 0x00000001
core   0: 0x80000240 (0x003100a3) sb      gp, 1(sp)
core   0: 3 0x80000240 (0x003100a3) mem 0x80014532 0x00
core   0: 0x80000244 (0x00008be1) c.andi  a5, 24
core   0: 3 0x80000244 (0x8be1) x15 0x00000000
core   0: 0x80000246 (0x003116a3) sh      gp, 13(sp)
core   0: 3 0x80000246 (0x003116a3) mem 0x8001453e 0x0000
core   0: 0x8000024a (0x01ce21b3) slt     gp, t3, t3
core   0: 3 0x8000024a (0x01ce21b3) x3  0x00000000
core   0: 0x8000024e (0x01f10423) sb      t6, 8(sp)
core   0: 3 0x8000024e (0x01f10423) mem 0x80014539 0x00
core   0: 0x80000252 (0x03f7c0b3) div     ra, a5, t6
core   0: 3 0x80000252 (0x03f7c0b3) x1  0xffffffff
core   0: 0x80000256 (0xff614e03) lbu     t3, -10(sp)
core   0: 3 0x80000256 (0xff614e03) x28 0x00000000 mem 0x80014527
core   0: 0x8000025a (0xff810f23) sb      s8, -2(sp)
core   0: 3 0x8000025a (0xff810f23) mem 0x8001452f 0x00
core   0: 0x8000025e (0xfff12183) lw      gp, -1(sp)
core   0: 3 0x8000025e (0xfff12183) x3  0x00000000 mem 0x80014530
core   0: 0x80000262 (0x00511783) lh      a5, 5(sp)
core   0: 3 0x80000262 (0x00511783) x15 0x00000000 mem 0x80014536
core   0: 0x80000266 (0x01f7b7b3) sltu    a5, a5, t6
core   0: 3 0x80000266 (0x01f7b7b3) x15 0x00000000
core   0: 0x8000026a (0x018106a3) sb      s8, 13(sp)
core   0: 3 0x8000026a (0x018106a3) mem 0x8001453e 0x00
core   0: 0x8000026e (0x0110dc13) srli    s8, ra, 17
core   0: 3 0x8000026e (0x0110dc13) x24 0x00007fff
core   0: 0x80000272 (0x01c10023) sb      t3, 0(sp)
core   0: 3 0x80000272 (0x01c10023) mem 0x80014531 0x00
core   0: 0x80000276 (0x001e0c33) add     s8, t3, ra
core   0: 3 0x80000276 (0x001e0c33) x24 0xffffffff
core   0: 0x8000027a (0xfff10e23) sb      t6, -4(sp)
core   0: 3 0x8000027a (0xfff10e23) mem 0x8001452d 0x00
core   0: 0x8000027e (0x00009bfd) c.andi  a5, -1
core   0: 3 0x8000027e (0x9bfd) x15 0x00000000
core   0: 0x80000280 (0x02f1dfb3) divu    t6, gp, a5
core   0: 3 0x80000280 (0x02f1dfb3) x31 0xffffffff
core   0: 0x80000284 (0x00f12e03) lw      t3, 15(sp)
core   0: 3 0x80000284 (0x00f12e03) x28 0x00000000 mem 0x80014540
core   0: 0x80000288 (0x001fbe33) sltu    t3, t6, ra
core   0: 3 0x80000288 (0x001fbe33) x28 0x00000000
core   0: 0x8000028c (0x01f114a3) sh      t6, 9(sp)
core   0: 3 0x8000028c (0x01f114a3) mem 0x8001453a 0xffff
core   0: 0x80000290 (0x0237d1b3) divu    gp, a5, gp
core   0: 3 0x80000290 (0x0237d1b3) x3  0xffffffff
core   0: 0x80000294 (0x00008f9d) c.sub   a5, a5
core   0: 3 0x80000294 (0x8f9d) x15 0x00000000
core   0: 0x80000296 (0xff114c03) lbu     s8, -15(sp)
core   0: 3 0x80000296 (0xff114c03) x24 0x00000000 mem 0x80014522
core   0: 0x8000029a (0xff715183) lhu     gp, -9(sp)
core   0: 3 0x8000029a (0xff715183) x3  0x00000000 mem 0x80014528
core   0: 0x8000029e (0xfbbfc793) xori    a5, t6, -69
core   0: 3 0x8000029e (0xfbbfc793) x15 0x00000044
core   0: 0x800002a2 (0x00e14e03) lbu     t3, 14(sp)
core   0: 3 0x800002a2 (0x00e14e03) x28 0x00000000 mem 0x8001453f
core   0: 0x800002a6 (0x00008b9d) c.andi  a5, 7
core   0: 3 0x800002a6 (0x8b9d) x15 0x00000004
core   0: 0x800002a8 (0xff214783) lbu     a5, -14(sp)
core   0: 3 0x800002a8 (0xff214783) x15 0x00000000 mem 0x80014523
core   0: 0x800002ac (0x01fc61b3) or      gp, s8, t6
core   0: 3 0x800002ac (0x01fc61b3) x3  0xffffffff
core   0: 0x800002b0 (0x00008ffd) c.and   a5, a5
core   0: 3 0x800002b0 (0x8ffd) x15 0x00000000
core   0: 0x800002b2 (0x01c09e33) sll     t3, ra, t3
core   0: 3 0x800002b2 (0x01c09e33) x28 0xffffffff
core   0: 0x800002b6 (0x00005c7d) c.li    s8, -1
core   0: 3 0x800002b6 (0x5c7d) x24 0xffffffff
core   0: 0x800002b8 (0xfff10a23) sb      t6, -12(sp)
core   0: 3 0x800002b8 (0xfff10a23) mem 0x80014525 0xff
core   0: 0x800002bc (0x000054ed) c.li    s1, -5
core   0: 3 0x800002bc (0x54ed) x9  0xfffffffb
core   0: 0x800002be (0x03618b33) mul     s6, gp, s6
core   0: 3 0x800002be (0x03618b33) x22 0x80000000
core   0: 0x800002c2 (0x400e0b33) sub     s6, t3, zero
core   0: 3 0x800002c2 (0x400e0b33) x22 0xffffffff
core   0: 0x800002c6 (0x0000454d) c.li    a0, 19
core   0: 3 0x800002c6 (0x454d) x10 0x00000013
core   0: 0x800002c8 (0x03e5a733) mulhsu  a4, a1, t5
core   0: 3 0x800002c8 (0x03e5a733) x14 0x00000000
core   0: 0x800002cc (0x014f62b3) or      t0, t5, s4
core   0: 3 0x800002cc (0x014f62b3) x5  0x80025ea4
core   0: 0x800002d0 (0x00009b7d) c.andi  a4, -1
core   0: 3 0x800002d0 (0x9b7d) x14 0x00000000
core   0: 0x800002d2 (0x00000491) c.addi  s1, 4
core   0: 3 0x800002d2 (0x0491) x9  0xffffffff
core   0: 0x800002d4 (0x000056e1) c.li    a3, -8
core   0: 3 0x800002d4 (0x56e1) x13 0xfffffff8
core   0: 0x800002d6 (0x00008309) c.srli  a4, 2
core   0: 3 0x800002d6 (0x8309) x14 0x00000000
core   0: 0x800002d8 (0x023ad1b3) divu    gp, s5, gp
core   0: 3 0x800002d8 (0x023ad1b3) x3  0x00000000
core   0: 0x800002dc (0x02386d33) rem     s10, a6, gp
core   0: 3 0x800002dc (0x02386d33) x26 0x5b4bc1c6
core   0: 0x800002e0 (0x00000c10) c.addi4spn a2, sp, 528
core   0: 3 0x800002e0 (0x0c10) x12 0x80014741
core   0: 0x800002e2 (0x000048b5) c.li    a7, 13
core   0: 3 0x800002e2 (0x48b5) x17 0x0000000d
core   0: 0x800002e4 (0x00008c09) c.sub   s0, a0
core   0: 3 0x800002e4 (0x8c09) x8  0xffffffed
core   0: 0x800002e6 (0x00008f31) c.xor   a4, a2
core   0: 3 0x800002e6 (0x8f31) x14 0x80014741
core   0: 0x800002e8 (0x0000068d) c.addi  a3, 3
core   0: 3 0x800002e8 (0x068d) x13 0xfffffffb
core   0: 0x800002ea (0xff169ee3) bne     a3, a7, pc - 4
core   0: 3 0x800002ea (0xff169ee3)
core   0: 0x800002e6 (0x00008f31) c.xor   a4, a2
core   0: 3 0x800002e6 (0x8f31) x14 0x00000000
core   0: 0x800002e8 (0x0000068d) c.addi  a3, 3
core   0: 3 0x800002e8 (0x068d) x13 0xfffffffe
core   0: 0x800002ea (0xff169ee3) bne     a3, a7, pc - 4
core   0: 3 0x800002ea (0xff169ee3)
core   0: 0x800002e6 (0x00008f31) c.xor   a4, a2
core   0: 3 0x800002e6 (0x8f31) x14 0x80014741
core   0: 0x800002e8 (0x0000068d) c.addi  a3, 3
core   0: 3 0x800002e8 (0x068d) x13 0x00000001
core   0: 0x800002ea (0xff169ee3) bne     a3, a7, pc - 4
core   0: 3 0x800002ea (0xff169ee3)
core   0: 0x800002e6 (0x00008f31) c.xor   a4, a2
core   0: 3 0x800002e6 (0x8f31) x14 0x00000000
core   0: 0x800002e8 (0x0000068d) c.addi  a3, 3
core   0: 3 0x800002e8 (0x068d) x13 0x00000004
core   0: 0x800002ea (0xff169ee3) bne     a3, a7, pc - 4
core   0: 3 0x800002ea (0xff169ee3)
core   0: 0x800002e6 (0x00008f31) c.xor   a4, a2
core   0: 3 0x800002e6 (0x8f31) x14 0x80014741
core   0: 0x800002e8 (0x0000068d) c.addi  a3, 3
core   0: 3 0x800002e8 (0x068d) x13 0x00000007
core   0: 0x800002ea (0xff169ee3) bne     a3, a7, pc - 4
core   0: 3 0x800002ea (0xff169ee3)
core   0: 0x800002e6 (0x00008f31) c.xor   a4, a2
core   0: 3 0x800002e6 (0x8f31) x14 0x00000000
core   0: 0x800002e8 (0x0000068d) c.addi  a3, 3
core   0: 3 0x800002e8 (0x068d) x13 0x0000000a
core   0: 0x800002ea (0xff169ee3) bne     a3, a7, pc - 4
core   0: 3 0x800002ea (0xff169ee3)
core   0: 0x800002e6 (0x00008f31) c.xor   a4, a2
core   0: 3 0x800002e6 (0x8f31) x14 0x80014741
core   0: 0x800002e8 (0x0000068d) c.addi  a3, 3
core   0: 3 0x800002e8 (0x068d) x13 0x0000000d
core   0: 0x800002ea (0xff169ee3) bne     a3, a7, pc - 4
core   0: 3 0x800002ea (0xff169ee3)
core   0: 0x800002ee (0x00125713) srli    a4, tp, 1
core   0: 3 0x800002ee (0x00125713) x14 0x1ec541c5
core   0: 0x800002f2 (0xfca48de3) beq     s1, a0, pc - 38
core   0: 3 0x800002f2 (0xfca48de3)
core   0: 0x800002f6 (0x00000001) c.nop
core   0: 3 0x800002f6 (0x0001)
core   0: 0x800002f8 (0x00010a97) auipc   s5, 0x10
core   0: 3 0x800002f8 (0x00010a97) x21 0x800102f8
core   0: 0x800002fc (0xeb6a8a93) addi    s5, s5, -330
core   0: 3 0x800002fc (0xeb6a8a93) x21 0x800101ae
core   0: 0x80000300 (0x051ac203) lbu     tp, 81(s5)
core   0: 3 0x80000300 (0x051ac203) x4  0x00000000 mem 0x800101ff
core   0: 0x80000304 (0x05fa88a3) sb      t6, 81(s5)
core   0: 3 0x80000304 (0x05fa88a3) mem 0x800101ff 0xff
core   0: 0x80000308 (0x000096b6) c.add   a3, a3
core   0: 3 0x80000308 (0x96b6) x13 0x0000001a
core   0: 0x8000030a (0x051a8203) lb      tp, 81(s5)
core   0: 3 0x8000030a (0x051a8203) x4  0xffffffff mem 0x800101ff
core   0: 0x8000030e (0x051a8603) lb      a2, 81(s5)
core   0: 3 0x8000030e (0x051a8603) x12 0xffffffff mem 0x800101ff
core   0: 0x80000312 (0x049a88a3) sb      s1, 81(s5)
core   0: 3 0x80000312 (0x049a88a3) mem 0x800101ff 0xff
core   0: 0x80000316 (0x058a88a3) sb      s8, 81(s5)
core   0: 3 0x80000316 (0x058a88a3) mem 0x800101ff 0xff
core   0: 0x8000031a (0x00009662) c.add   a2, s8
core   0: 3 0x8000031a (0x9662) x12 0xfffffffe
core   0: 0x8000031c (0x01d76d33) or      s10, a4, t4
core   0: 3 0x8000031c (0x01d76d33) x26 0x1ec541c5
core   0: 0x80000320 (0xf3bac883) lbu     a7, -197(s5)
core   0: 3 0x80000320 (0xf3bac883) x17 0x00000000 mem 0x800100e9
core   0: 0x80000324 (0xf30a8da3) sb      a6, -197(s5)
core   0: 3 0x80000324 (0xf30a8da3) mem 0x800100e9 0xc6
core   0: 0x80000328 (0xfaba8483) lb      s1, -85(s5)
core   0: 3 0x80000328 (0xfaba8483) x9  0x00000000 mem 0x80010159
core   0: 0x8000032c (0xfabac703) lbu     a4, -85(s5)
core   0: 3 0x8000032c (0xfabac703) x14 0x00000000 mem 0x80010159
core   0: 0x80000330 (0xfc9a87a3) sb      s1, -49(s5)
core   0: 3 0x80000330 (0xfc9a87a3) mem 0x8001017d 0x00
core   0: 0x80000334 (0xc4062f93) slti    t6, a2, -960
core   0: 3 0x80000334 (0xc4062f93) x31 0x00000000
core   0: 0x80000338 (0x019d6333) or      t1, s10, s9
core   0: 3 0x80000338 (0x019d6333) x6  0x1ec541c5
core   0: 0x8000033c (0x7a562d13) slti    s10, a2, 1957
core   0: 3 0x8000033c (0x7a562d13) x26 0x00000001
core   0: 0x80000340 (0xfcfac103) lbu     sp, -49(s5)
core   0: 3 0x80000340 (0xfcfac103) x2  0x00000000 mem 0x8001017d
core   0: 0x80000344 (0x00010c17) auipc   s8, 0x10
core   0: 3 0x80000344 (0x00010c17) x24 0x80010344
core   0: 0x80000348 (0x035c0c13) addi    s8, s8, 53
core   0: 3 0x80000348 (0x035c0c13) x24 0x80010379
core   0: 0x8000034c (0x00cc4c83) lbu     s9, 12(s8)
core   0: 3 0x8000034c (0x00cc4c83) x25 0x00000000 mem 0x80010385
core   0: 0x80000350 (0x00008349) c.srli  a4, 18
core   0: 3 0x80000350 (0x8349) x14 0x00000000
core   0: 0x80000352 (0x00f7d7b3) srl     a5, a5, a5
core   0: 3 0x80000352 (0x00f7d7b3) x15 0x00000000
core   0: 0x80000356 (0x00001dfd) c.addi  s11, -1
core   0: 3 0x80000356 (0x1dfd) x27 0xffffffff
core   0: 0x80000358 (0xffbc1003) lh      zero, -5(s8)
core   0: 3 0x80000358 (0xffbc1003) mem 0x80010374
core   0: 0x8000035c (0x001c4003) lbu     zero, 1(s8)
core   0: 3 0x8000035c (0x001c4003) mem 0x8001037a
core   0: 0x80000360 (0x005c4d83) lbu     s11, 5(s8)
core   0: 3 0x80000360 (0x005c4d83) x27 0x00000000 mem 0x8001037e
core   0: 0x80000364 (0x00571013) slli    zero, a4, 5
core   0: 3 0x80000364 (0x00571013)
core   0: 0x80000368 (0x41900633) sub     a2, zero, s9
core   0: 3 0x80000368 (0x41900633) x12 0x00000000
core   0: 0x8000036c (0x00000756) c.slli  a4, 21
core   0: 3 0x8000036c (0x0756) x14 0x00000000
core   0: 0x8000036e (0x00008a2d) c.andi  a2, 11
core   0: 3 0x8000036e (0x8a2d) x12 0x00000000
core   0: 0x80000370 (0x00bc0003) lb      zero, 11(s8)
core   0: 3 0x80000370 (0x00bc0003) mem 0x80010384
core   0: 0x80000374 (0x0207c733) div     a4, a5, zero
core   0: 3 0x80000374 (0x0207c733) x14 0xffffffff
core   0: 0x80000378 (0x00000dc9) c.addi  s11, 18
core   0: 3 0x80000378 (0x0dc9) x27 0x00000012
core   0: 0x8000037a (0x01c01793) slli    a5, zero, 28
core   0: 3 0x8000037a (0x01c01793) x15 0x00000000
core   0: 0x8000037e (0x00006745) c.lui   a4, 0x11
core   0: 3 0x8000037e (0x6745) x14 0x00011000
core   0: 0x80000380 (0x00000001) c.nop
core   0: 3 0x80000380 (0x0001)
core   0: 0x80000382 (0x00009bfd) c.andi  a5, -1
core   0: 3 0x80000382 (0x9bfd) x15 0x00000000
core   0: 0x80000384 (0xff8c0703) lb      a4, -8(s8)
core   0: 3 0x80000384 (0xff8c0703) x14 0x00000000 mem 0x80010371
core   0: 0x80000388 (0x008c0603) lb      a2, 8(s8)
core   0: 3 0x80000388 (0x008c0603) x12 0x00000000 mem 0x80010381
core   0: 0x8000038c (0x00009bfd) c.andi  a5, -1
core   0: 3 0x8000038c (0x9bfd) x15 0x00000000
core   0: 0x8000038e (0x01967db3) and     s11, a2, s9
core   0: 3 0x8000038e (0x01967db3) x27 0x00000000
core   0: 0x80000392 (0xbd6dc013) xori    zero, s11, -1066
core   0: 3 0x80000392 (0xbd6dc013)
core   0: 0x80000396 (0x02e65cb3) divu    s9, a2, a4
core   0: 3 0x80000396 (0x02e65cb3) x25 0xffffffff
core   0: 0x8000039a (0x03bcadb3) mulhsu  s11, s9, s11
core   0: 3 0x8000039a (0x03bcadb3) x27 0x00000000
core   0: 0x8000039e (0xd5bd8613) addi    a2, s11, -677
core   0: 3 0x8000039e (0xd5bd8613) x12 0xfffffd5b
core   0: 0x800003a2 (0xff0c0003) lb      zero, -16(s8)
core   0: 3 0x800003a2 (0xff0c0003) mem 0x80010369
core   0: 0x800003a6 (0x00000001) c.nop
core   0: 3 0x800003a6 (0x0001)
core   0: 0x800003a8 (0x000007e6) c.slli  a5, 25
core   0: 3 0x800003a8 (0x07e6) x15 0x00000000
core   0: 0x800003aa (0x47ecb793) sltiu   a5, s9, 1150
core   0: 3 0x800003aa (0x47ecb793) x15 0x00000000
core   0: 0x800003ae (0x000087b2) c.mv    a5, a2
core   0: 3 0x800003ae (0x87b2) x15 0xfffffd5b
core   0: 0x800003b0 (0x0000067d) c.addi  a2, 31
core   0: 3 0x800003b0 (0x067d) x12 0xfffffd7a
core   0: 0x800003b2 (0x4fab9717) auipc   a4, 0x4fab9
core   0: 3 0x800003b2 (0x4fab9717) x14 0xcfab93b2
core   0: 0x800003b6 (0x02cc8cb3) mul     s9, s9, a2
core   0: 3 0x800003b6 (0x02cc8cb3) x25 0x00000286
core   0: 0x800003ba (0xff3c5d83) lhu     s11, -13(s8)
core   0: 3 0x800003ba (0xff3c5d83) x27 0x00000000 mem 0x8001036c
core   0: 0x800003be (0x00008f59) c.or    a4, a4
core   0: 3 0x800003be (0x8f59) x14 0xcfab93b2
core   0: 0x800003c0 (0x79a73713) sltiu   a4, a4, 1946
core   0: 3 0x800003c0 (0x79a73713) x14 0x00000000
core   0: 0x800003c4 (0x00f03cb3) snez    s9, a5
core   0: 3 0x800003c4 (0x00f03cb3) x25 0x00000001
core   0: 0x800003c8 (0x009c4783) lbu     a5, 9(s8)
core   0: 3 0x800003c8 (0x009c4783) x15 0x00000000 mem 0x80010382
core   0: 0x800003cc (0x00005475) c.li    s0, -3
core   0: 3 0x800003cc (0x5475) x8  0xfffffffd
core   0: 0x800003ce (0x01aa28b3) slt     a7, s4, s10
core   0: 3 0x800003ce (0x01aa28b3) x17 0x00000001
core   0: 0x800003d2 (0x00008eb9) c.xor   a3, a4
core   0: 3 0x800003d2 (0x8eb9) x13 0x0000001a
core   0: 0x800003d4 (0x02f3fa33) remu    s4, t2, a5
core   0: 3 0x800003d4 (0x02f3fa33) x20 0x00000000
core   0: 0x800003d8 (0x000057c5) c.li    a5, -15
core   0: 3 0x800003d8 (0x57c5) x15 0xfffffff1
core   0: 0x800003da (0x00005e7d) c.li    t3, -1
core   0: 3 0x800003da (0x5e7d) x28 0xffffffff
core   0: 0x800003dc (0x03dd6fb3) rem     t6, s10, t4
core   0: 3 0x800003dc (0x03dd6fb3) x31 0x00000001
core   0: 0x800003e0 (0x00008a26) c.mv    s4, s1
core   0: 3 0x800003e0 (0x8a26) x20 0x00000000
core   0: 0x800003e2 (0x00001479) c.addi  s0, -2
core   0: 3 0x800003e2 (0x1479) x8  0xfffffffb
core   0: 0x800003e4 (0x000085d9) c.srai  a1, 22
core   0: 3 0x800003e4 (0x85d9) x11 0x00000000
core   0: 0x800003e6 (0xfef41de3) bne     s0, a5, pc - 6
core   0: 3 0x800003e6 (0xfef41de3)
core   0: 0x800003e0 (0x00008a26) c.mv    s4, s1
core   0: 3 0x800003e0 (0x8a26) x20 0x00000000
core   0: 0x800003e2 (0x00001479) c.addi  s0, -2
core   0: 3 0x800003e2 (0x1479) x8  0xfffffff9
core   0: 0x800003e4 (0x000085d9) c.srai  a1, 22
core   0: 3 0x800003e4 (0x85d9) x11 0x00000000
core   0: 0x800003e6 (0xfef41de3) bne     s0, a5, pc - 6
core   0: 3 0x800003e6 (0xfef41de3)
core   0: 0x800003e0 (0x00008a26) c.mv    s4, s1
core   0: 3 0x800003e0 (0x8a26) x20 0x00000000
core   0: 0x800003e2 (0x00001479) c.addi  s0, -2
core   0: 3 0x800003e2 (0x1479) x8  0xfffffff7
core   0: 0x800003e4 (0x000085d9) c.srai  a1, 22
core   0: 3 0x800003e4 (0x85d9) x11 0x00000000
core   0: 0x800003e6 (0xfef41de3) bne     s0, a5, pc - 6
core   0: 3 0x800003e6 (0xfef41de3)
core   0: 0x800003e0 (0x00008a26) c.mv    s4, s1
core   0: 3 0x800003e0 (0x8a26) x20 0x00000000
core   0: 0x800003e2 (0x00001479) c.addi  s0, -2
core   0: 3 0x800003e2 (0x1479) x8  0xfffffff5
core   0: 0x800003e4 (0x000085d9) c.srai  a1, 22
core   0: 3 0x800003e4 (0x85d9) x11 0x00000000
core   0: 0x800003e6 (0xfef41de3) bne     s0, a5, pc - 6
core   0: 3 0x800003e6 (0xfef41de3)
core   0: 0x800003e0 (0x00008a26) c.mv    s4, s1
core   0: 3 0x800003e0 (0x8a26) x20 0x00000000
core   0: 0x800003e2 (0x00001479) c.addi  s0, -2
core   0: 3 0x800003e2 (0x1479) x8  0xfffffff3
core   0: 0x800003e4 (0x000085d9) c.srai  a1, 22
core   0: 3 0x800003e4 (0x85d9) x11 0x00000000
core   0: 0x800003e6 (0xfef41de3) bne     s0, a5, pc - 6
core   0: 3 0x800003e6 (0xfef41de3)
core   0: 0x800003e0 (0x00008a26) c.mv    s4, s1
core   0: 3 0x800003e0 (0x8a26) x20 0x00000000
core   0: 0x800003e2 (0x00001479) c.addi  s0, -2
core   0: 3 0x800003e2 (0x1479) x8  0xfffffff1
core   0: 0x800003e4 (0x000085d9) c.srai  a1, 22
core   0: 3 0x800003e4 (0x85d9) x11 0x00000000
core   0: 0x800003e6 (0xfef41de3) bne     s0, a5, pc - 6
core   0: 3 0x800003e6 (0xfef41de3)
core   0: 0x800003ea (0xec0afb93) andi    s7, s5, -320
core   0: 3 0x800003ea (0xec0afb93) x23 0x80010080
core   0: 0x800003ee (0x00010a97) auipc   s5, 0x10
core   0: 3 0x800003ee (0x00010a97) x21 0x800103ee
core   0: 0x800003f2 (0x7f5a8a93) addi    s5, s5, 2037
core   0: 3 0x800003f2 (0x7f5a8a93) x21 0x80010be3
core   0: 0x800003f6 (0x024dd7b3) divu    a5, s11, tp
core   0: 3 0x800003f6 (0x024dd7b3) x15 0x00000000
core   0: 0x800003fa (0x413adb03) lhu     s6, 1043(s5)
core   0: 3 0x800003fa (0x413adb03) x22 0x00000000 mem 0x80010ff6
core   0: 0x800003fe (0x07dacb03) lbu     s6, 125(s5)
core   0: 3 0x800003fe (0x07dacb03) x22 0x00000000 mem 0x80010c60
core   0: 0x80000402 (0x011ddb13) srli    s6, s11, 17
core   0: 3 0x80000402 (0x011ddb13) x22 0x00000000
core   0: 0x80000406 (0x8a0a8d83) lb      s11, -1888(s5)
core   0: 3 0x80000406 (0x8a0a8d83) x27 0x00000000 mem 0x80010483
core   0: 0x8000040a (0x00008f9d) c.sub   a5, a5
core   0: 3 0x8000040a (0x8f9d) x15 0x00000000
core   0: 0x8000040c (0x02578b33) mul     s6, a5, t0
core   0: 3 0x8000040c (0x02578b33) x22 0x00000000
core   0: 0x80000410 (0xc2fa8b03) lb      s6, -977(s5)
core   0: 3 0x80000410 (0xc2fa8b03) x22 0x00000000 mem 0x80010812
core   0: 0x80000414 (0x1e4acb03) lbu     s6, 484(s5)
core   0: 3 0x80000414 (0x1e4acb03) x22 0x00000000 mem 0x80010dc7
core   0: 0x80000418 (0x023de233) rem     tp, s11, gp
core   0: 3 0x80000418 (0x023de233) x4  0x00000000
core   0: 0x8000041c (0x0000925a) c.add   tp, s6
core   0: 3 0x8000041c (0x925a) x4  0x00000000
core   0: 0x8000041e (0x00008fbd) c.xor   a5, a5
core   0: 3 0x8000041e (0x8fbd) x15 0x00000000
core   0: 0x80000420 (0x404a8aa3) sb      tp, 1045(s5)
core   0: 3 0x80000420 (0x404a8aa3) mem 0x80010ff8 0x00
core   0: 0x80000424 (0x038a8183) lb      gp, 56(s5)
core   0: 3 0x80000424 (0x038a8183) x3  0x00000000 mem 0x80010c1b
core   0: 0x80000428 (0x00fb37b3) sltu    a5, s6, a5
core   0: 3 0x80000428 (0x00fb37b3) x15 0x00000000
core   0: 0x8000042c (0x2c5aa0a3) sw      t0, 705(s5)
core   0: 3 0x8000042c (0x2c5aa0a3) mem 0x80010ea4 0x80025ea4
core   0: 0x80000430 (0x9fda9203) lh      tp, -1539(s5)
core   0: 3 0x80000430 (0x9fda9203) x4  0x00000000 mem 0x800105e0
core   0: 0x80000434 (0x3a9b6213) ori     tp, s6, 937
core   0: 3 0x80000434 (0x3a9b6213) x4  0x000003a9
core   0: 0x80000438 (0x2efa9d83) lh      s11, 751(s5)
core   0: 3 0x80000438 (0x2efa9d83) x27 0x00000000 mem 0x80010ed2
core   0: 0x8000043c (0x3a7a9d83) lh      s11, 935(s5)
core   0: 3 0x8000043c (0x3a7a9d83) x27 0x00000000 mem 0x80010f8a
core   0: 0x80000440 (0x419ddb13) srai    s6, s11, 25
core   0: 3 0x80000440 (0x419ddb13) x22 0x00000000
core   0: 0x80000444 (0x00004275) c.li    tp, 29
core   0: 3 0x80000444 (0x4275) x4  0x0000001d
core   0: 0x80000446 (0x82ea8203) lb      tp, -2002(s5)
core   0: 3 0x80000446 (0x82ea8203) x4  0x00000000 mem 0x80010411
core   0: 0x8000044a (0xb84a85a3) sb      tp, -1141(s5)
core   0: 3 0x8000044a (0xb84a85a3) mem 0x8001076e 0x00
core   0: 0x8000044e (0x00009796) c.add   a5, t0
core   0: 3 0x8000044e (0x9796) x15 0x80025ea4
core   0: 0x80000450 (0xf36a87a3) sb      s6, -209(s5)
core   0: 3 0x80000450 (0xf36a87a3) mem 0x80010b12 0x00
core   0: 0x80000454 (0xf2ca8d83) lb      s11, -212(s5)
core   0: 3 0x80000454 (0xf2ca8d83) x27 0x00000000 mem 0x80010b0f
core   0: 0x80000458 (0x086a8b03) lb      s6, 134(s5)
core   0: 3 0x80000458 (0x086a8b03) x22 0x00000000 mem 0x80010c69
core   0: 0x8000045c (0x00013117) auipc   sp, 0x13
core   0: 3 0x8000045c (0x00013117) x2  0x8001345c
core   0: 0x80000460 (0x5e010113) addi    sp, sp, 1504
core   0: 3 0x80000460 (0x5e010113) x2  0x80013a3c
core   0: 0x80000464 (0x601103a3) sb      ra, 1543(sp)
core   0: 3 0x80000464 (0x601103a3) mem 0x80014043 0xff
core   0: 0x80000468 (0x034a6eb3) rem     t4, s4, s4
core   0: 3 0x80000468 (0x034a6eb3) x29 0x00000000
core   0: 0x8000046c (0x03433eb3) mulhu   t4, t1, s4
core   0: 3 0x8000046c (0x03433eb3) x29 0x00000000
core   0: 0x80000470 (0xbfd10ca3) sb      t4, -1031(sp)
core   0: 3 0x80000470 (0xbfd10ca3) mem 0x80013635 0x00
core   0: 0x80000474 (0x17114083) lbu     ra, 369(sp)
core   0: 3 0x80000474 (0x17114083) x1  0x00000000 mem 0x80013bad
core   0: 0x80000478 (0x00008352) c.mv    t1, s4
core   0: 3 0x80000478 (0x8352) x6  0x00000000
core   0: 0x8000047a (0x00000001) c.nop
core   0: 3 0x8000047a (0x0001)
core   0: 0x8000047c (0xc8810e83) lb      t4, -888(sp)
core   0: 3 0x8000047c (0xc8810e83) x29 0x00000000 mem 0x800136c4
core   0: 0x80000480 (0x01d7f0b3) and     ra, a5, t4
core   0: 3 0x80000480 (0x01d7f0b3) x1  0x00000000
core   0: 0x80000484 (0x8e610fa3) sb      t1, -1793(sp)
core   0: 3 0x80000484 (0x8e610fa3) mem 0x8001333b 0x00
core   0: 0x80000488 (0x2f410c03) lb      s8, 756(sp)
core   0: 3 0x80000488 (0x2f410c03) x24 0x00000000 mem 0x80013d30
core   0: 0x8000048c (0x000060e1) c.lui   ra, 0x18
core   0: 3 0x8000048c (0x60e1) x1  0x00018000
core   0: 0x8000048e (0x00008f9d) c.sub   a5, a5
core   0: 3 0x8000048e (0x8f9d) x15 0x00000000
core   0: 0x80000490 (0xb1011a03) lh      s4, -1264(sp)
core   0: 3 0x80000490 (0xb1011a03) x20 0x00000000 mem 0x8001354c
core   0: 0x80000494 (0x7e012e83) lw      t4, 2016(sp)
core   0: 3 0x80000494 (0x7e012e83) x29 0x00000000 mem 0x8001421c
core   0: 0x80000498 (0x000097f6) c.add   a5, t4
core   0: 3 0x80000498 (0x97f6) x15 0x00000000
core   0: 0x8000049a (0x00008f9d) c.sub   a5, a5
core   0: 3 0x8000049a (0x8f9d) x15 0x00000000
core   0: 0x8000049c (0x00008ffd) c.and   a5, a5
core   0: 3 0x8000049c (0x8ffd) x15 0x00000000
core   0: 0x8000049e (0xcc614303) lbu     t1, -826(sp)
core   0: 3 0x8000049e (0xcc614303) x6  0x00000000 mem 0x80013702
core   0: 0x800004a2 (0x00b0de93) srli    t4, ra, 11
core   0: 3 0x800004a2 (0x00b0de93) x29 0x00000030
core   0: 0x800004a6 (0x747ef313) andi    t1, t4, 1863
core   0: 3 0x800004a6 (0x747ef313) x6  0x00000000
core   0: 0x800004aa (0x71412423) sw      s4, 1800(sp)
core   0: 3 0x800004aa (0x71412423) mem 0x80014144 0x00000000
core   0: 0x800004ae (0x00f08333) add     t1, ra, a5
core   0: 3 0x800004ae (0x00f08333) x6  0x00018000
core   0: 0x800004b2 (0x018ee7b3) or      a5, t4, s8
core   0: 3 0x800004b2 (0x018ee7b3) x15 0x00000030
core   0: 0x800004b6 (0x00008f9d) c.sub   a5, a5
core   0: 3 0x800004b6 (0x8f9d) x15 0x00000000
core   0: 0x800004b8 (0x60410303) lb      t1, 1540(sp)
core   0: 3 0x800004b8 (0x60410303) x6  0x00000000 mem 0x80014040
core   0: 0x800004bc (0x29114083) lbu     ra, 657(sp)
core   0: 3 0x800004bc (0x29114083) x1  0x00000000 mem 0x80013ccd
core   0: 0x800004c0 (0x44714c03) lbu     s8, 1095(sp)
core   0: 3 0x800004c0 (0x44714c03) x24 0x00000000 mem 0x80013e83
core   0: 0x800004c4 (0xbd514303) lbu     t1, -1067(sp)
core   0: 3 0x800004c4 (0xbd514303) x6  0x00000000 mem 0x80013611
core   0: 0x800004c8 (0x0267dc33) divu    s8, a5, t1
core   0: 3 0x800004c8 (0x0267dc33) x24 0xffffffff
core   0: 0x800004cc (0x1e314083) lbu     ra, 483(sp)
core   0: 3 0x800004cc (0x1e314083) x1  0x00000000 mem 0x80013c1f
core   0: 0x800004d0 (0x0001c397) auipc   t2, 0x1c
core   0: 3 0x800004d0 (0x0001c397) x7  0x8001c4d0
core   0: 0x800004d4 (0x2f638393) addi    t2, t2, 758
core   0: 3 0x800004d4 (0x2f638393) x7  0x8001c7c6
core   0: 0x800004d8 (0x034d80b3) mul     ra, s11, s4
core   0: 3 0x800004d8 (0x034d80b3) x1  0x00000000
core   0: 0x800004dc (0x1cb38d83) lb      s11, 459(t2)
core   0: 3 0x800004dc (0x1cb38d83) x27 0x00000000 mem 0x8001c991
core   0: 0x800004e0 (0xb72f7597) auipc   a1, 0xb72f7
core   0: 3 0x800004e0 (0xb72f7597) x11 0x372f74e0
core   0: 0x800004e4 (0x03d69e33) mulh    t3, a3, t4
core   0: 3 0x800004e4 (0x03d69e33) x28 0x00000000
core   0: 0x800004e8 (0x64088e13) addi    t3, a7, 1600
core   0: 3 0x800004e8 (0x64088e13) x28 0x00000641
core   0: 0x800004ec (0x00008c61) c.and   s0, s0
core   0: 3 0x800004ec (0x8c61) x8  0xfffffff1
core   0: 0x800004ee (0x011f5bb3) srl     s7, t5, a7
core   0: 3 0x800004ee (0x011f5bb3) x23 0x40012f52
core   0: 0x800004f2 (0x3e23dc83) lhu     s9, 994(t2)
core   0: 3 0x800004f2 (0x3e23dc83) x25 0x00000000 mem 0x8001cba8
core   0: 0x800004f6 (0x000081d5) c.srli  a1, 21
core   0: 3 0x800004f6 (0x81d5) x11 0x000001b9
core   0: 0x800004f8 (0x0d138583) lb      a1, 209(t2)
core   0: 3 0x800004f8 (0x0d138583) x11 0x00000000 mem 0x8001c897
core   0: 0x800004fc (0x41b185b3) sub     a1, gp, s11
core   0: 3 0x800004fc (0x41b185b3) x11 0x00000000
core   0: 0x80000500 (0x00008329) c.srli  a4, 10
core   0: 3 0x80000500 (0x8329) x14 0x00000000
core   0: 0x80000502 (0x9a538f83) lb      t6, -1627(t2)
core   0: 3 0x80000502 (0x9a538f83) x31 0x00000000 mem 0x8001c16b
core   0: 0x80000506 (0x3043a723) sw      tp, 782(t2)
core   0: 3 0x80000506 (0x3043a723) mem 0x8001cad4 0x00000000
core   0: 0x8000050a (0x2c738ba3) sb      t2, 727(t2)
core   0: 3 0x8000050a (0x2c738ba3) mem 0x8001ca9d 0xc6
core   0: 0x8000050e (0x7bd39723) sh      t4, 1966(t2)
core   0: 3 0x8000050e (0x7bd39723) mem 0x8001cf74 0x0030
core   0: 0x80000512 (0x00008c1d) c.sub   s0, a5
core   0: 3 0x80000512 (0x8c1d) x8  0xfffffff1
core   0: 0x80000514 (0x4156dd13) srai    s10, a3, 21
core   0: 3 0x80000514 (0x4156dd13) x26 0x00000000
core   0: 0x80000518 (0x50f3c583) lbu     a1, 1295(t2)
core   0: 3 0x80000518 (0x50f3c583) x11 0x00000000 mem 0x8001ccd5
core   0: 0x8000051c (0x0b20ca93) xori    s5, ra, 178
core   0: 3 0x8000051c (0x0b20ca93) x21 0x000000b2
core   0: 0x80000520 (0xd82380a3) sb      sp, -639(t2)
core   0: 3 0x80000520 (0xd82380a3) mem 0x8001c547 0x3c
core   0: 0x80000524 (0x000087d5) c.srai  a5, 21
core   0: 3 0x80000524 (0x87d5) x15 0x00000000
core   0: 0x80000526 (0x03c660b3) rem     ra, a2, t3
core   0: 3 0x80000526 (0x03c660b3) x1  0xfffffd7a
core   0: 0x8000052a (0xa1b6ae13) slti    t3, a3, -1509
core   0: 3 0x8000052a (0xa1b6ae13) x28 0x00000000
core   0: 0x8000052e (0x96f3c883) lbu     a7, -1681(t2)
core   0: 3 0x8000052e (0x96f3c883) x17 0x00000000 mem 0x8001c135
core   0: 0x80000532 (0x16d38683) lb      a3, 365(t2)
core   0: 3 0x80000532 (0x16d38683) x13 0x00000000 mem 0x8001c933
core   0: 0x80000536 (0x5f33c283) lbu     t0, 1523(t2)
core   0: 3 0x80000536 (0x5f33c283) x5  0x00000000 mem 0x8001cdb9
core   0: 0x8000053a (0xfaa3ad03) lw      s10, -86(t2)
core   0: 3 0x8000053a (0xfaa3ad03) x26 0x00000000 mem 0x8001c770
core   0: 0x8000053e (0x0001f117) auipc   sp, 0x1f
core   0: 3 0x8000053e (0x0001f117) x2  0x8001f53e
core   0: 0x80000542 (0x22e10113) addi    sp, sp, 558
core   0: 3 0x80000542 (0x22e10113) x2  0x8001f76c
core   0: 0x80000546 (0xf2a10723) sb      a0, -210(sp)
core   0: 3 0x80000546 (0xf2a10723) mem 0x8001f69a 0x13
core   0: 0x8000054a (0x91211383) lh      t2, -1774(sp)
core   0: 3 0x8000054a (0x91211383) x7  0x00000000 mem 0x8001f07e
core   0: 0x8000054e (0x27d7a8b7) lui     a7, 0x27d7a
core   0: 3 0x8000054e (0x27d7a8b7) x17 0x27d7a000
core   0: 0x80000552 (0x00008dc9) c.or    a1, a0
core   0: 3 0x80000552 (0x8dc9) x11 0x00000013
core   0: 0x80000554 (0x0000987d) c.andi  s0, -1
core   0: 3 0x80000554 (0x987d) x8  0xfffffff1
core   0: 0x80000556 (0x75b10283) lb      t0, 1883(sp)
core   0: 3 0x80000556 (0x75b10283) x5  0x00000000 mem 0x8001fec7
core   0: 0x8000055a (0x00000bb9) c.addi  s7, 14
core   0: 3 0x8000055a (0x0bb9) x23 0x40012f60
core   0: 0x8000055c (0x00008f7d) c.and   a4, a5
core   0: 3 0x8000055c (0x8f7d) x14 0x00000000
core   0: 0x8000055e (0x039dfbb3) remu    s7, s11, s9
core   0: 3 0x8000055e (0x039dfbb3) x23 0x00000000
core   0: 0x80000562 (0x11d10d83) lb      s11, 285(sp)
core   0: 3 0x80000562 (0x11d10d83) x27 0x00000000 mem 0x8001f889
core   0: 0x80000566 (0xf4b10883) lb      a7, -181(sp)
core   0: 3 0x80000566 (0xf4b10883) x17 0x00000000 mem 0x8001f6b7
core   0: 0x8000056a (0x75414e83) lbu     t4, 1876(sp)
core   0: 3 0x8000056a (0x75414e83) x29 0x00000000 mem 0x8001fec0
core   0: 0x8000056e (0x00008dd1) c.or    a1, a2
core   0: 3 0x8000056e (0x8dd1) x11 0xfffffd7b
core   0: 0x80000570 (0x1c711323) sh      t2, 454(sp)
core   0: 3 0x80000570 (0x1c711323) mem 0x8001f932 0x0000
core   0: 0x80000574 (0x5b714603) lbu     a2, 1463(sp)
core   0: 3 0x80000574 (0x5b714603) x12 0x00000000 mem 0x8001fd23
core   0: 0x80000578 (0x843c6393) ori     t2, s8, -1981
core   0: 3 0x80000578 (0x843c6393) x7  0xffffffff
core   0: 0x8000057c (0x1d514883) lbu     a7, 469(sp)
core   0: 3 0x8000057c (0x1d514883) x17 0x00000000 mem 0x8001f941
core   0: 0x80000580 (0x000081fe) c.mv    gp, t6
core   0: 3 0x80000580 (0x81fe) x3  0x00000000
core   0: 0x80000582 (0x2c114b83) lbu     s7, 705(sp)
core   0: 3 0x80000582 (0x2c114b83) x23 0x00000000 mem 0x8001fa2d
core   0: 0x80000586 (0x02c5d4b3) divu    s1, a1, a2
core   0: 3 0x80000586 (0x02c5d4b3) x9  0xffffffff
core   0: 0x8000058a (0xd8310f83) lb      t6, -637(sp)
core   0: 3 0x8000058a (0xd8310f83) x31 0x00000000 mem 0x8001f4ef
core   0: 0x8000058e (0xc3314883) lbu     a7, -973(sp)
core   0: 3 0x8000058e (0xc3314883) x17 0x00000000 mem 0x8001f39f
core   0: 0x80000592 (0x00008b6d) c.andi  a4, 27
core   0: 3 0x80000592 (0x8b6d) x14 0x00000000
core   0: 0x80000594 (0x00109eb3) sll     t4, ra, ra
core   0: 3 0x80000594 (0x00109eb3) x29 0xe8000000
core   0: 0x80000598 (0xb7910183) lb      gp, -1159(sp)
core   0: 3 0x80000598 (0xb7910183) x3  0x00000000 mem 0x8001f2e5
core   0: 0x8000059c (0x00211a83) lh      s5, 2(sp)
core   0: 3 0x8000059c (0x00211a83) x21 0x00000000 mem 0x8001f76e
core   0: 0x800005a0 (0x00008cb5) c.xor   s1, a3
core   0: 3 0x800005a0 (0x8cb5) x9  0xffffffff
core   0: 0x800005a2 (0x0067eb33) or      s6, a5, t1
core   0: 3 0x800005a2 (0x0067eb33) x22 0x00000000
core   0: 0x800005a6 (0x7a110d23) sb      ra, 1978(sp)
core   0: 3 0x800005a6 (0x7a110d23) mem 0x8001ff26 0x7a
core   0: 0x800005aa (0xa6210aa3) sb      sp, -1419(sp)
core   0: 3 0x800005aa (0xa6210aa3) mem 0x8001f1e1 0x6c
core   0: 0x800005ae (0x7eb10603) lb      a2, 2027(sp)
core   0: 3 0x800005ae (0x7eb10603) x12 0x00000000 mem 0x8001ff57
core   0: 0x800005b2 (0x0160036f) jal     t1, pc + 0x16
core   0: 3 0x800005b2 (0x0160036f) x6  0x800005b6
core   0: 0x800005c8 (0x00003fcd) c.jal   pc - 14
core   0: 3 0x800005c8 (0x3fcd) x1  0x800005ca
core   0: 0x800005ba (0x0100036f) jal     t1, pc + 0x10
core   0: 3 0x800005ba (0x0100036f) x6  0x800005be
core   0: 0x800005ca (0x00003fd5) c.jal   pc - 12
core   0: 3 0x800005ca (0x3fd5) x1  0x800005cc
core   0: 0x800005be (0x0060036f) jal     t1, pc + 0x6
core   0: 3 0x800005be (0x0060036f) x6  0x800005c2
core   0: 0x800005c4 (0x00a000ef) jal     pc + 0xa
core   0: 3 0x800005c4 (0x00a000ef) x1  0x800005c8
core   0: 0x800005ce (0x004000ef) jal     pc + 0x4
core   0: 3 0x800005ce (0x004000ef) x1  0x800005d2
core   0: 0x800005d2 (0x000037dd) c.jal   pc - 26
core   0: 3 0x800005d2 (0x37dd) x1  0x800005d4
core   0: 0x800005b8 (0x0000a831) c.j     pc + 28
core   0: 3 0x800005b8 (0xa831)
core   0: 0x800005d4 (0x00003fe5) c.jal   pc - 8
core   0: 3 0x800005d4 (0x3fe5) x1  0x800005d6
core   0: 0x800005cc (0x000037ed) c.jal   pc - 22
core   0: 3 0x800005cc (0x37ed) x1  0x800005ce
core   0: 0x800005b6 (0x00002031) c.jal   pc + 12
core   0: 3 0x800005b6 (0x2031) x1  0x800005b8
core   0: 0x800005c2 (0x0000a811) c.j     pc + 20
core   0: 3 0x800005c2 (0xa811)
core   0: 0x800005d6 (0x02fbce33) div     t3, s7, a5
core   0: 3 0x800005d6 (0x02fbce33) x28 0xffffffff
core   0: 0x800005da (0x00015717) auipc   a4, 0x15
core   0: 3 0x800005da (0x00015717) x14 0x800155da
core   0: 0x800005de (0xb1c70713) addi    a4, a4, -1252
core   0: 3 0x800005de (0xb1c70713) x14 0x800150f6
core   0: 0x800005e2 (0x00c704a3) sb      a2, 9(a4)
core   0: 3 0x800005e2 (0x00c704a3) mem 0x800150ff 0x00
core   0: 0x800005e6 (0x6e662313) slti    t1, a2, 1766
core   0: 3 0x800005e6 (0x6e662313) x6  0x00000001
core   0: 0x800005ea (0x0000030a) c.slli  t1, 2
core   0: 3 0x800005ea (0x030a) x6  0x00000004
core   0: 0x800005ec (0x00068433) add     s0, a3, zero
core   0: 3 0x800005ec (0x00068433) x8  0x00000000
core   0: 0x800005f0 (0x00c74603) lbu     a2, 12(a4)
core   0: 3 0x800005f0 (0x00c74603) x12 0x00000000 mem 0x80015102
core   0: 0x800005f4 (0xffe72303) lw      t1, -2(a4)
core   0: 3 0x800005f4 (0xffe72303) x6  0x00000000 mem 0x800150f4
core   0: 0x800005f8 (0x00000001) c.nop
core   0: 3 0x800005f8 (0x0001)
core   0: 0x800005fa (0x00003333) snez    t1, zero
core   0: 3 0x800005fa (0x00003333) x6  0x00000000
core   0: 0x800005fe (0x00dfefb3) or      t6, t6, a3
core   0: 3 0x800005fe (0x00dfefb3) x31 0x00000000
core   0: 0x80000602 (0x2246bf93) sltiu   t6, a3, 548
core   0: 3 0x80000602 (0x2246bf93) x31 0x00000001
core   0: 0x80000606 (0x000006b6) c.slli  a3, 13
core   0: 3 0x80000606 (0x06b6) x13 0x00000000
core   0: 0x80000608 (0xfed70923) sb      a3, -14(a4)
core   0: 3 0x80000608 (0xfed70923) mem 0x800150e8 0x00
core   0: 0x8000060c (0x00770003) lb      zero, 7(a4)
core   0: 3 0x8000060c (0x00770003) mem 0x800150fd
core   0: 0x80000610 (0x01f616b3) sll     a3, a2, t6
core   0: 3 0x80000610 (0x01f616b3) x13 0x00000000
core   0: 0x80000614 (0x02602333) mulhsu  t1, zero, t1
core   0: 3 0x80000614 (0x02602333) x6  0x00000000
core   0: 0x80000618 (0x00008ed5) c.or    a3, a3
core   0: 3 0x80000618 (0x8ed5) x13 0x00000000
core   0: 0x8000061a (0x00009636) c.add   a2, a3
core   0: 3 0x8000061a (0x9636) x12 0x00000000
core   0: 0x8000061c (0x006702a3) sb      t1, 5(a4)
core   0: 3 0x8000061c (0x006702a3) mem 0x800150fb 0x00
core   0: 0x80000620 (0x2c801337) lui     t1, 0x2c801
core   0: 3 0x80000620 (0x2c801337) x6  0x2c801000
core   0: 0x80000624 (0xfe870aa3) sb      s0, -11(a4)
core   0: 3 0x80000624 (0xfe870aa3) mem 0x800150eb 0x00
core   0: 0x80000628 (0x00008636) c.mv    a2, a3
core   0: 3 0x80000628 (0x8636) x12 0x00000000
core   0: 0x8000062a (0x00000001) c.nop
core   0: 3 0x8000062a (0x0001)
core   0: 0x8000062c (0x01af9413) slli    s0, t6, 26
core   0: 3 0x8000062c (0x01af9413) x8  0x04000000
core   0: 0x80000630 (0x00470403) lb      s0, 4(a4)
core   0: 3 0x80000630 (0x00470403) x8  0x00000000 mem 0x800150fa
core   0: 0x80000634 (0xdb200313) li      t1, -590
core   0: 3 0x80000634 (0xdb200313) x6  0xfffffdb2
core   0: 0x80000638 (0x00dfa6b3) slt     a3, t6, a3
core   0: 3 0x80000638 (0x00dfa6b3) x13 0x00000000
core   0: 0x8000063c (0x00e75003) lhu     zero, 14(a4)
core   0: 3 0x8000063c (0x00e75003) mem 0x80015104
core   0: 0x80000640 (0x9648b6b7) lui     a3, 0x9648b
core   0: 3 0x80000640 (0x9648b6b7) x13 0x9648b000
core   0: 0x80000644 (0xff574403) lbu     s0, -11(a4)
core   0: 3 0x80000644 (0xff574403) x8  0x00000000 mem 0x800150eb
core   0: 0x80000648 (0x00008e15) c.sub   a2, a3
core   0: 3 0x80000648 (0x8e15) x12 0x69b75000
core   0: 0x8000064a (0x5fff8693) addi    a3, t6, 1535
core   0: 3 0x8000064a (0x5fff8693) x13 0x00000600
core   0: 0x8000064e (0xffe71f83) lh      t6, -2(a4)
core   0: 3 0x8000064e (0xffe71f83) x31 0x00000000 mem 0x800150f4
core   0: 0x80000652 (0x74cfa313) slti    t1, t6, 1868
core   0: 3 0x80000652 (0x74cfa313) x6  0x00000001
core   0: 0x80000656 (0x357f2437) lui     s0, 0x357f2
core   0: 3 0x80000656 (0x357f2437) x8  0x357f2000
core   0: 0x8000065a (0x00000451) c.addi  s0, 20
core   0: 3 0x8000065a (0x0451) x8  0x357f2014
core   0: 0x8000065c (0x00675683) lhu     a3, 6(a4)
core   0: 3 0x8000065c (0x00675683) x13 0x00000000 mem 0x800150fc
core   0: 0x80000660 (0xfec70fa3) sb      a2, -1(a4)
core   0: 3 0x80000660 (0xfec70fa3) mem 0x800150f5 0x00
core   0: 0x80000664 (0x02dfcfb3) div     t6, t6, a3
core   0: 3 0x80000664 (0x02dfcfb3) x31 0xffffffff
core   0: 0x80000668 (0x02d30fb3) mul     t6, t1, a3
core   0: 3 0x80000668 (0x02d30fb3) x31 0x00000000
core   0: 0x8000066c (0x00d74f83) lbu     t6, 13(a4)
core   0: 3 0x8000066c (0x00d74f83) x31 0x00000000 mem 0x80015103
core   0: 0x80000670 (0xff271f83) lh      t6, -14(a4)
core   0: 3 0x80000670 (0xff271f83) x31 0x00000000 mem 0x800150e8
core   0: 0x80000674 (0x00c37333) and     t1, t1, a2
core   0: 3 0x80000674 (0x00c37333) x6  0x00000000
core   0: 0x80000678 (0x00374f83) lbu     t6, 3(a4)
core   0: 3 0x80000678 (0x00374f83) x31 0x00000000 mem 0x800150f9
core   0: 0x8000067c (0x00671423) sh      t1, 8(a4)
core   0: 3 0x8000067c (0x00671423) mem 0x800150fe 0x0000
core   0: 0x80000680 (0x00014117) auipc   sp, 0x14
core   0: 3 0x80000680 (0x00014117) x2  0x80014680
core   0: 0x80000684 (0x19010113) addi    sp, sp, 400
core   0: 3 0x80000684 (0x19010113) x2  0x80014810
core   0: 0x80000688 (0x0264c033) div     zero, s1, t1
core   0: 3 0x80000688 (0x0264c033)
core   0: 0x8000068c (0xff811823) sh      s8, -16(sp)
core   0: 3 0x8000068c (0xff811823) mem 0x80014800 0xffff
core   0: 0x80000690 (0x009f01b3) add     gp, t5, s1
core   0: 3 0x80000690 (0x009f01b3) x3  0x80025ea3
core   0: 0x80000694 (0xfc010fa3) sb      zero, -33(sp)
core   0: 3 0x80000694 (0xfc010fa3) mem 0x800147ef 0x00
core   0: 0x80000698 (0x00009486) c.add   s1, ra
core   0: 3 0x80000698 (0x9486) x9  0x800005b7
core   0: 0x8000069a (0x02144a33) div     s4, s0, ra
core   0: 3 0x8000069a (0x02144a33) x20 0x00000000
core   0: 0x8000069e (0x0000892e) c.mv    s2, a1
core   0: 3 0x8000069e (0x892e) x18 0xfffffd7b
core   0: 0x800006a0 (0x022faab3) mulhsu  s5, t6, sp
core   0: 3 0x800006a0 (0x022faab3) x21 0x00000000
core   0: 0x800006a4 (0xfd410083) lb      ra, -44(sp)
core   0: 3 0x800006a4 (0xfd410083) x1  0x00000000 mem 0x800147e4
core   0: 0x800006a8 (0x0000939a) c.add   t2, t1
core   0: 3 0x800006a8 (0x939a) x7  0xffffffff
core   0: 0x800006aa (0x01a2b433) sltu    s0, t0, s10
core   0: 3 0x800006aa (0x01a2b433) x8  0x00000000
core   0: 0x800006ae (0x7b870013) addi    zero, a4, 1976
core   0: 3 0x800006ae (0x7b870013)
core   0: 0x800006b2 (0x03510e83) lb      t4, 53(sp)
core   0: 3 0x800006b2 (0x03510e83) x29 0x00000000 mem 0x80014845
core   0: 0x800006b6 (0x45884893) xori    a7, a6, 1112
core   0: 3 0x800006b6 (0x45884893) x17 0x5b4bc59e
core   0: 0x800006ba (0x022fab13) slti    s6, t6, 34
core   0: 3 0x800006ba (0x022fab13) x22 0x00000001
core   0: 0x800006be (0x0334ee33) rem     t3, s1, s3
core   0: 3 0x800006be (0x0334ee33) x28 0xfffd6893
core   0: 0x800006c2 (0xff611023) sh      s6, -32(sp)
core   0: 3 0x800006c2 (0xff611023) mem 0x800147f0 0x0001
core   0: 0x800006c6 (0x01c82a33) slt     s4, a6, t3
core   0: 3 0x800006c6 (0x01c82a33) x20 0x00000000
core   0: 0x800006ca (0x0000861d) c.srai  a2, 7
core   0: 3 0x800006ca (0x861d) x12 0x00d36ea0
core   0: 0x800006cc (0xfed10283) lb      t0, -19(sp)
core   0: 3 0x800006cc (0xfed10283) x5  0x00000000 mem 0x800147fd
core   0: 0x800006d0 (0x40d304b3) sub     s1, t1, a3
core   0: 3 0x800006d0 (0x40d304b3) x9  0x00000000
core   0: 0x800006d4 (0x023538b3) mulhu   a7, a0, gp
core   0: 3 0x800006d4 (0x023538b3) x17 0x00000009
core   0: 0x800006d8 (0x017447b3) xor     a5, s0, s7
core   0: 3 0x800006d8 (0x017447b3) x15 0x00000000
core   0: 0x800006dc (0x18b4a8b7) lui     a7, 0x18b4a
core   0: 3 0x800006dc (0x18b4a8b7) x17 0x18b4a000
core   0: 0x800006e0 (0x0af63a13) sltiu   s4, a2, 175
core   0: 3 0x800006e0 (0x0af63a13) x20 0x00000000
core   0: 0x800006e4 (0xfc510883) lb      a7, -59(sp)
core   0: 3 0x800006e4 (0xfc510883) x17 0x00000000 mem 0x800147d5
core   0: 0x800006e8 (0xfdf12e23) sw      t6, -36(sp)
core   0: 3 0x800006e8 (0xfdf12e23) mem 0x800147ec 0x00000000
core   0: 0x800006ec (0x4072deb3) sra     t4, t0, t2
core   0: 3 0x800006ec (0x4072deb3) x29 0x00000000
core   0: 0x800006f0 (0x00008f4d) c.or    a4, a1
core   0: 3 0x800006f0 (0x8f4d) x14 0xfffffdff
core   0: 0x800006f2 (0xfcf14d83) lbu     s11, -49(sp)
core   0: 3 0x800006f2 (0xfcf14d83) x27 0x00000000 mem 0x800147df
core   0: 0x800006f6 (0x01c5acb3) slt     s9, a1, t3
core   0: 3 0x800006f6 (0x01c5acb3) x25 0x00000000
core   0: 0x800006fa (0x00fe4c33) xor     s8, t3, a5
core   0: 3 0x800006fa (0x00fe4c33) x24 0xfffd6893
core   0: 0x800006fe (0x019e7bb3) and     s7, t3, s9
core   0: 3 0x800006fe (0x019e7bb3) x23 0x00000000
core   0: 0x80000702 (0xfe814483) lbu     s1, -24(sp)
core   0: 3 0x80000702 (0xfe814483) x9  0x00000000 mem 0x800147f8
core   0: 0x80000706 (0x00010117) auipc   sp, 0x10
core   0: 3 0x80000706 (0x00010117) x2  0x80010706
core   0: 0x8000070a (0x37b10113) addi    sp, sp, 891
core   0: 3 0x8000070a (0x37b10113) x2  0x80010a81
core   0: 0x8000070e (0x00008e55) c.or    a2, a3
core   0: 3 0x8000070e (0x8e55) x12 0x00d36ea0
core   0: 0x80000710 (0x5f8e3617) auipc   a2, 0x5f8e3
core   0: 3 0x80000710 (0x5f8e3617) x12 0xdf8e3710
core   0: 0x80000714 (0x07d10c83) lb      s9, 125(sp)
core   0: 3 0x80000714 (0x07d10c83) x25 0x00000000 mem 0x80010afe
core   0: 0x80000718 (0x36c10783) lb      a5, 876(sp)
core   0: 3 0x80000718 (0x36c10783) x15 0x00000000 mem 0x80010ded
core   0: 0x8000071c (0x93b14183) lbu     gp, -1733(sp)
core   0: 3 0x8000071c (0x93b14183) x3  0x00000000 mem 0x800103bc
core   0: 0x80000720 (0x003ce1b3) or      gp, s9, gp
core   0: 3 0x80000720 (0x003ce1b3) x3  0x00000000
core   0: 0x80000724 (0x4cd116a3) sh      a3, 1229(sp)
core   0: 3 0x80000724 (0x4cd116a3) mem 0x80010f4e 0x0000
core   0: 0x80000728 (0xe59118a3) sh      s9, -431(sp)
core   0: 3 0x80000728 (0xe59118a3) mem 0x800108d2 0x0000
core   0: 0x8000072c (0xd97fe613) ori     a2, t6, -617
core   0: 3 0x8000072c (0xd97fe613) x12 0xfffffd97
core   0: 0x80000730 (0x93f15c83) lhu     s9, -1729(sp)
core   0: 3 0x80000730 (0x93f15c83) x25 0x00000000 mem 0x800103c0
core   0: 0x80000734 (0xb2e10683) lb      a3, -1234(sp)
core   0: 3 0x80000734 (0xb2e10683) x13 0x00000000 mem 0x800105af
core   0: 0x80000738 (0xcc310d23) sb      gp, -806(sp)
core   0: 3 0x80000738 (0xcc310d23) mem 0x8001075b 0x00
core   0: 0x8000073c (0x30acf693) andi    a3, s9, 778
core   0: 3 0x8000073c (0x30acf693) x13 0x00000000
core   0: 0x80000740 (0x195fc193) xori    gp, t6, 405
core   0: 3 0x80000740 (0x195fc193) x3  0x00000195
core   0: 0x80000744 (0xe6115183) lhu     gp, -415(sp)
core   0: 3 0x80000744 (0xe6115183) x3  0x00000000 mem 0x800108e2
core   0: 0x80000748 (0x41f6dcb3) sra     s9, a3, t6
core   0: 3 0x80000748 (0x41f6dcb3) x25 0x00000000
core   0: 0x8000074c (0xd11c8193) addi    gp, s9, -751
core   0: 3 0x8000074c (0xd11c8193) x3  0xfffffd11
core   0: 0x80000750 (0xb5314c83) lbu     s9, -1197(sp)
core   0: 3 0x80000750 (0xb5314c83) x25 0x00000000 mem 0x800105d4
core   0: 0x80000754 (0x87314c83) lbu     s9, -1933(sp)
core   0: 3 0x80000754 (0x87314c83) x25 0x00000000 mem 0x800102f4
core   0: 0x80000758 (0xe4d104a3) sb      a3, -439(sp)
core   0: 3 0x80000758 (0xe4d104a3) mem 0x800108ca 0x00
core   0: 0x8000075c (0x53110c83) lb      s9, 1329(sp)
core   0: 3 0x8000075c (0x53110c83) x25 0x00000000 mem 0x80010fb2
core   0: 0x80000760 (0x44510183) lb      gp, 1093(sp)
core   0: 3 0x80000760 (0x44510183) x3  0x00000000 mem 0x80010ec6
core   0: 0x80000764 (0x03f62633) mulhsu  a2, a2, t6
core   0: 3 0x80000764 (0x03f62633) x12 0x00000000
core   0: 0x80000768 (0x02610603) lb      a2, 38(sp)
core   0: 3 0x80000768 (0x02610603) x12 0x00000000 mem 0x80010aa7
core   0: 0x8000076c (0x27010183) lb      gp, 624(sp)
core   0: 3 0x8000076c (0x27010183) x3  0x00000000 mem 0x80010cf1
core   0: 0x80000770 (0x14314c83) lbu     s9, 323(sp)
core   0: 3 0x80000770 (0x14314c83) x25 0x00000000 mem 0x80010bc4
core   0: 0x80000774 (0xc2511f83) lh      t6, -987(sp)
core   0: 3 0x80000774 (0xc2511f83) x31 0x00000000 mem 0x800106a6
core   0: 0x80000778 (0x03f14183) lbu     gp, 63(sp)
core   0: 3 0x80000778 (0x03f14183) x3  0x00000000 mem 0x80010ac0
core   0: 0x8000077c (0xf6715783) lhu     a5, -153(sp)
core   0: 3 0x8000077c (0xf6715783) x15 0x00000000 mem 0x800109e8
core   0: 0x80000780 (0xb3715183) lhu     gp, -1225(sp)
core   0: 3 0x80000780 (0xb3715183) x3  0x00000000 mem 0x800105b8
core   0: 0x80000784 (0x00006649) c.lui   a2, 0x12
core   0: 3 0x80000784 (0x6649) x12 0x00012000
core   0: 0x80000786 (0xf7010683) lb      a3, -144(sp)
core   0: 3 0x80000786 (0xf7010683) x13 0x00000000 mem 0x800109f1
core   0: 0x8000078a (0x01f62633) slt     a2, a2, t6
core   0: 3 0x8000078a (0x01f62633) x12 0x00000000
core   0: 0x8000078e (0x54414f83) lbu     t6, 1348(sp)
core   0: 3 0x8000078e (0x54414f83) x31 0x00000000 mem 0x80010fc5
core   0: 0x80000792 (0x89d15f83) lhu     t6, -1891(sp)
core   0: 3 0x80000792 (0x89d15f83) x31 0x00000000 mem 0x8001031e
core   0: 0x80000796 (0xbcd15603) lhu     a2, -1075(sp)
core   0: 3 0x80000796 (0xbcd15603) x12 0x00000000 mem 0x8001064e
core   0: 0x8000079a (0x96414f83) lbu     t6, -1692(sp)
core   0: 3 0x8000079a (0x96414f83) x31 0x00000000 mem 0x800103e5
core   0: 0x8000079e (0x000052f5) c.li    t0, -3
core   0: 3 0x8000079e (0x52f5) x5  0xfffffffd
core   0: 0x800007a0 (0x30b7cf93) xori    t6, a5, 779
core   0: 3 0x800007a0 (0x30b7cf93) x31 0x0000030b
core   0: 0x800007a4 (0x00008cfd) c.and   s1, a5
core   0: 3 0x800007a4 (0x8cfd) x9  0x00000000
core   0: 0x800007a6 (0x0000564d) c.li    a2, -13
core   0: 3 0x800007a6 (0x564d) x12 0xfffffff3
core   0: 0x800007a8 (0x02288233) mul     tp, a7, sp
core   0: 3 0x800007a8 (0x02288233) x4  0x00000000
core   0: 0x800007ac (0x413c8d33) sub     s10, s9, s3
core   0: 3 0x800007ac (0x413c8d33) x26 0x7ffd62dc
core   0: 0x800007b0 (0x00001dfd) c.addi  s11, -1
core   0: 3 0x800007b0 (0x1dfd) x27 0xffffffff
core   0: 0x800007b2 (0x014a8cb3) add     s9, s5, s4
core   0: 3 0x800007b2 (0x014a8cb3) x25 0x00000000
core   0: 0x800007b6 (0x000012ed) c.addi  t0, -5
core   0: 3 0x800007b6 (0x12ed) x5  0xfffffff8
core   0: 0x800007b8 (0xfec29ce3) bne     t0, a2, pc - 8
core   0: 3 0x800007b8 (0xfec29ce3)
core   0: 0x800007b0 (0x00001dfd) c.addi  s11, -1
core   0: 3 0x800007b0 (0x1dfd) x27 0xfffffffe
core   0: 0x800007b2 (0x014a8cb3) add     s9, s5, s4
core   0: 3 0x800007b2 (0x014a8cb3) x25 0x00000000
core   0: 0x800007b6 (0x000012ed) c.addi  t0, -5
core   0: 3 0x800007b6 (0x12ed) x5  0xfffffff3
core   0: 0x800007b8 (0xfec29ce3) bne     t0, a2, pc - 8
core   0: 3 0x800007b8 (0xfec29ce3)
core   0: 0x800007bc (0x00bae3b3) or      t2, s5, a1
core   0: 3 0x800007bc (0x00bae3b3) x7  0xfffffd7b
core   0: 0x800007c0 (0x01a0036f) jal     t1, pc + 0x1a
core   0: 3 0x800007c0 (0x01a0036f) x6  0x800007c4
core   0: 0x800007da (0x00003fd5) c.jal   pc - 12
core   0: 3 0x800007da (0x3fd5) x1  0x800007dc
core   0: 0x800007ce (0x00002015) c.jal   pc + 36
core   0: 3 0x800007ce (0x2015) x1  0x800007d0
core   0: 0x800007f2 (0xfe5ff36f) jal     t1, pc - 0x1c
core   0: 3 0x800007f2 (0xfe5ff36f) x6  0x800007f6
core   0: 0x800007d6 (0x026000ef) jal     pc + 0x26
core   0: 3 0x800007d6 (0x026000ef) x1  0x800007da
core   0: 0x800007fc (0x0000bfd5) c.j     pc - 12
core   0: 3 0x800007fc (0xbfd5)
core   0: 0x800007f0 (0x00002809) c.jal   pc + 18
core   0: 3 0x800007f0 (0x2809) x1  0x800007f2
core   0: 0x80000802 (0x000037ed) c.jal   pc - 22
core   0: 3 0x80000802 (0x37ed) x1  0x80000804
core   0: 0x800007ec (0x00003fe1) c.jal   pc - 40
core   0: 3 0x800007ec (0x3fe1) x1  0x800007ee
core   0: 0x800007c4 (0x024000ef) jal     pc + 0x24
core   0: 3 0x800007c4 (0x024000ef) x1  0x800007c8
core   0: 0x800007e8 (0xfe9ff36f) jal     t1, pc - 0x18
core   0: 3 0x800007e8 (0xfe9ff36f) x6  0x800007ec
core   0: 0x800007d0 (0x00002809) c.jal   pc + 18
core   0: 3 0x800007d0 (0x2809) x1  0x800007d2
core   0: 0x800007e2 (0x00002811) c.jal   pc + 20
core   0: 3 0x800007e2 (0x2811) x1  0x800007e4
core   0: 0x800007f6 (0x00003fe5) c.jal   pc - 8
core   0: 3 0x800007f6 (0x3fe5) x1  0x800007f8
core   0: 0x800007ee (0x000037d5) c.jal   pc - 28
core   0: 3 0x800007ee (0x37d5) x1  0x800007f0
core   0: 0x800007d2 (0x02e0096f) jal     s2, pc + 0x2e
core   0: 3 0x800007d2 (0x02e0096f) x18 0x800007d6
core   0: 0x80000800 (0x0000b7c5) c.j     pc - 32
core   0: 3 0x80000800 (0xb7c5)
core   0: 0x800007e0 (0x0000a821) c.j     pc + 24
core   0: 3 0x800007e0 (0xa821)
core   0: 0x800007f8 (0x0000b7d5) c.j     pc - 28
core   0: 3 0x800007f8 (0xb7d5)
core   0: 0x800007dc (0x028000ef) jal     pc + 0x28
core   0: 3 0x800007dc (0x028000ef) x1  0x800007e0
core   0: 0x80000804 (0xffbff1ef) jal     gp, pc - 0x6
core   0: 3 0x80000804 (0xffbff1ef) x3  0x80000808
core   0: 0x800007fe (0x000037dd) c.jal   pc - 26
core   0: 3 0x800007fe (0x37dd) x1  0x80000800
core   0: 0x800007e4 (0xfe7ff0ef) jal     pc - 0x1a
core   0: 3 0x800007e4 (0xfe7ff0ef) x1  0x800007e8
core   0: 0x800007ca (0xfffff0ef) jal     pc - 0x2
core   0: 3 0x800007ca (0xfffff0ef) x1  0x800007ce
core   0: 0x800007c8 (0x0000a80d) c.j     pc + 50
core   0: 3 0x800007c8 (0xa80d)
core   0: 0x800007fa (0x0000a039) c.j     pc + 14
core   0: 3 0x800007fa (0xa039)
core   0: 0x80000808 (0x00009bfd) c.andi  a5, -1
core   0: 3 0x80000808 (0x9bfd) x15 0x00000000
core   0: 0x8000080a (0x00018d97) auipc   s11, 0x18
core   0: 3 0x8000080a (0x00018d97) x27 0x8001880a
core   0: 0x8000080e (0xf6dd8d93) addi    s11, s11, -147
core   0: 3 0x8000080e (0xf6dd8d93) x27 0x80018777
core   0: 0x80000812 (0xfe9d8ea3) sb      s1, -3(s11)
core   0: 3 0x80000812 (0xfe9d8ea3) mem 0x80018774 0x00
core   0: 0x80000816 (0x0000807d) c.srli  s0, 31
core   0: 3 0x80000816 (0x807d) x8  0x00000000
core   0: 0x80000818 (0x0000843d) c.srai  s0, 15
core   0: 3 0x80000818 (0x843d) x8  0x00000000
core   0: 0x8000081a (0xfebdc383) lbu     t2, -21(s11)
core   0: 3 0x8000081a (0xfebdc383) x7  0x00000000 mem 0x80018762
core   0: 0x8000081e (0xfd8d8483) lb      s1, -40(s11)
core   0: 3 0x8000081e (0xfd8d8483) x9  0x00000000 mem 0x8001874f
core   0: 0x80000822 (0x009d8d03) lb      s10, 9(s11)
core   0: 3 0x80000822 (0x009d8d03) x26 0x00000000 mem 0x80018780
core   0: 0x80000826 (0x033d8683) lb      a3, 51(s11)
core   0: 3 0x80000826 (0x033d8683) x13 0x00000000 mem 0x800187aa
core   0: 0x8000082a (0x01be9713) slli    a4, t4, 27
core   0: 3 0x8000082a (0x01be9713) x14 0x00000000
core   0: 0x8000082e (0xfe2d8c23) sb      sp, -8(s11)
core   0: 3 0x8000082e (0xfe2d8c23) mem 0x8001876f 0x81
core   0: 0x80000832 (0x02e184b3) mul     s1, gp, a4
core   0: 3 0x80000832 (0x02e184b3) x9  0x00000000
core   0: 0x80000836 (0x02bc8c33) mul     s8, s9, a1
core   0: 3 0x80000836 (0x02bc8c33) x24 0x00000000
core   0: 0x8000083a (0xff8da0a3) sw      s8, -31(s11)
core   0: 3 0x8000083a (0xff8da0a3) mem 0x80018758 0x00000000
core   0: 0x8000083e (0x01f89393) slli    t2, a7, 31
core   0: 3 0x8000083e (0x01f89393) x7  0x00000000
core   0: 0x80000842 (0x00008c79) c.and   s0, a4
core   0: 3 0x80000842 (0x8c79) x8  0x00000000
core   0: 0x80000844 (0x000085a9) c.srai  a1, 10
core   0: 3 0x80000844 (0x85a9) x11 0xffffffff
core   0: 0x80000846 (0xffcd8a23) sb      t3, -12(s11)
core   0: 3 0x80000846 (0xffcd8a23) mem 0x8001876b 0x93
core   0: 0x8000084a (0x02ad8823) sb      a0, 48(s11)
core   0: 3 0x8000084a (0x02ad8823) mem 0x800187a7 0x13
core   0: 0x8000084e (0xfefd9103) lh      sp, -17(s11)
core   0: 3 0x8000084e (0xfefd9103) x2  0x00000000 mem 0x80018766
core   0: 0x80000852 (0x00ad8c03) lb      s8, 10(s11)
core   0: 3 0x80000852 (0x00ad8c03) x24 0x00000000 mem 0x80018781
core   0: 0x80000856 (0x0000842a) c.mv    s0, a0
core   0: 3 0x80000856 (0x842a) x8  0x00000013
core   0: 0x80000858 (0x01e2f6b3) and     a3, t0, t5
core   0: 3 0x80000858 (0x01e2f6b3) x13 0x80025ea0
core   0: 0x8000085c (0x012d8103) lb      sp, 18(s11)
core   0: 3 0x8000085c (0x012d8103) x2  0x00000000 mem 0x80018789
core   0: 0x80000860 (0x5feffb97) auipc   s7, 0x5feff
core   0: 3 0x80000860 (0x5feffb97) x23 0xdfeff860
core   0: 0x80000864 (0xfd3d83a3) sb      s3, -57(s11)
core   0: 3 0x80000864 (0xfd3d83a3) mem 0x8001873e 0x24
core   0: 0x80000868 (0x027d82a3) sb      t2, 37(s11)
core   0: 3 0x80000868 (0x027d82a3) mem 0x8001879c 0x00
core   0: 0x8000086c (0xfd9dc783) lbu     a5, -39(s11)
core   0: 3 0x8000086c (0xfd9dc783) x15 0x00000000 mem 0x80018750
core   0: 0x80000870 (0x40bddfb3) sra     t6, s11, a1
core   0: 3 0x80000870 (0x40bddfb3) x31 0xffffffff
core   0: 0x80000874 (0x003674b3) and     s1, a2, gp
core   0: 3 0x80000874 (0x003674b3) x9  0x80000800
core   0: 0x80000878 (0x0000020a) c.slli  tp, 2
core   0: 3 0x80000878 (0x020a) x4  0x00000000
core   0: 0x8000087a (0xff5d80a3) sb      s5, -31(s11)
core   0: 3 0x8000087a (0xff5d80a3) mem 0x80018758 0x00
core   0: 0x8000087e (0x00f2da33) srl     s4, t0, a5
core   0: 3 0x8000087e (0x00f2da33) x20 0xfffffff3
core   0: 0x80000882 (0x025d8f83) lb      t6, 37(s11)
core   0: 3 0x80000882 (0x025d8f83) x31 0x00000000 mem 0x8001879c
core   0: 0x80000886 (0x00a0036f) jal     t1, pc + 0xa
core   0: 3 0x80000886 (0x00a0036f) x6  0x8000088a
core   0: 0x80000890 (0x0000a811) c.j     pc + 20
core   0: 3 0x80000890 (0xa811)
core   0: 0x800008a4 (0xff3ff0ef) jal     pc - 0xe
core   0: 3 0x800008a4 (0xff3ff0ef) x1  0x800008a8
core   0: 0x80000896 (0xff7ff36f) jal     t1, pc - 0xa
core   0: 3 0x80000896 (0xff7ff36f) x6  0x8000089a
core   0: 0x8000088c (0x0220026f) jal     tp, pc + 0x22
core   0: 3 0x8000088c (0x0220026f) x4  0x80000890
core   0: 0x800008ae (0x0000b7d5) c.j     pc - 28
core   0: 3 0x800008ae (0xb7d5)
core   0: 0x80000892 (0xff9ff4ef) jal     s1, pc - 0x8
core   0: 3 0x80000892 (0xff9ff4ef) x9  0x80000896
core   0: 0x8000088a (0x0000a801) c.j     pc + 16
core   0: 3 0x8000088a (0xa801)
core   0: 0x8000089a (0x0040036f) jal     t1, pc + 0x4
core   0: 3 0x8000089a (0x0040036f) x6  0x8000089e
core   0: 0x8000089e (0x00002039) c.jal   pc + 14
core   0: 3 0x8000089e (0x2039) x1  0x800008a0
core   0: 0x800008ac (0x0000bff5) c.j     pc - 4
core   0: 3 0x800008ac (0xbff5)
core   0: 0x800008a8 (0xff9ff3ef) jal     t2, pc - 0x8
core   0: 3 0x800008a8 (0xff9ff3ef) x7  0x800008ac
core   0: 0x800008a0 (0x010000ef) jal     pc + 0x10
core   0: 3 0x800008a0 (0x010000ef) x1  0x800008a4
core   0: 0x800008b0 (0x027e5e33) divu    t3, t3, t2
core   0: 3 0x800008b0 (0x027e5e33) x28 0x00000001
core   0: 0x800008b4 (0x000053f9) c.li    t2, -2
core   0: 3 0x800008b4 (0x53f9) x7  0xfffffffe
core   0: 0x800008b6 (0x84eba213) slti    tp, s7, -1970
core   0: 3 0x800008b6 (0x84eba213) x4  0x00000001
core   0: 0x800008ba (0x0000454d) c.li    a0, 19
core   0: 3 0x800008ba (0x454d) x10 0x00000013
core   0: 0x800008bc (0x00008ed9) c.or    a3, a4
core   0: 3 0x800008bc (0x8ed9) x13 0x80025ea0
core   0: 0x800008be (0x00000385) c.addi  t2, 1
core   0: 3 0x800008be (0x0385) x7  0xffffffff
core   0: 0x800008c0 (0x000052fd) c.li    t0, -1
core   0: 3 0x800008c0 (0x52fd) x5  0xffffffff
core   0: 0x800008c2 (0x40555013) srai    zero, a0, 5
core   0: 3 0x800008c2 (0x40555013)
core   0: 0x800008c6 (0x00005c3d) c.li    s8, -17
core   0: 3 0x800008c6 (0x5c3d) x24 0xffffffef
core   0: 0x800008c8 (0x643b3fb7) lui     t6, 0x643b3
core   0: 3 0x800008c8 (0x643b3fb7) x31 0x643b3000
core   0: 0x800008cc (0x000012e9) c.addi  t0, -6
core   0: 3 0x800008cc (0x12e9) x5  0xfffffff9
core   0: 0x800008ce (0x41bc8d33) sub     s10, s9, s11
core   0: 3 0x800008ce (0x41bc8d33) x26 0x7ffe7889
core   0: 0x800008d2 (0xff82dbe3) bge     t0, s8, pc - 10
core   0: 3 0x800008d2 (0xff82dbe3)
core   0: 0x800008c8 (0x643b3fb7) lui     t6, 0x643b3
core   0: 3 0x800008c8 (0x643b3fb7) x31 0x643b3000
core   0: 0x800008cc (0x000012e9) c.addi  t0, -6
core   0: 3 0x800008cc (0x12e9) x5  0xfffffff3
core   0: 0x800008ce (0x41bc8d33) sub     s10, s9, s11
core   0: 3 0x800008ce (0x41bc8d33) x26 0x7ffe7889
core   0: 0x800008d2 (0xff82dbe3) bge     t0, s8, pc - 10
core   0: 3 0x800008d2 (0xff82dbe3)
core   0: 0x800008c8 (0x643b3fb7) lui     t6, 0x643b3
core   0: 3 0x800008c8 (0x643b3fb7) x31 0x643b3000
core   0: 0x800008cc (0x000012e9) c.addi  t0, -6
core   0: 3 0x800008cc (0x12e9) x5  0xffffffed
core   0: 0x800008ce (0x41bc8d33) sub     s10, s9, s11
core   0: 3 0x800008ce (0x41bc8d33) x26 0x7ffe7889
core   0: 0x800008d2 (0xff82dbe3) bge     t0, s8, pc - 10
core   0: 3 0x800008d2 (0xff82dbe3)
core   0: 0x800008d6 (0x02b59a33) mulh    s4, a1, a1
core   0: 3 0x800008d6 (0x02b59a33) x20 0x00000000
core   0: 0x800008da (0x00000001) c.nop
core   0: 3 0x800008da (0x0001)
core   0: 0x800008dc (0xc4064917) auipc   s2, 0xc4064
core   0: 3 0x800008dc (0xc4064917) x18 0x440648dc
core   0: 0x800008e0 (0xfca3cee3) blt     t2, a0, pc - 36
core   0: 3 0x800008e0 (0xfca3cee3)
core   0: 0x800008bc (0x00008ed9) c.or    a3, a4
core   0: 3 0x800008bc (0x8ed9) x13 0x80025ea0
core   0: 0x800008be (0x00000385) c.addi  t2, 1
core   0: 3 0x800008be (0x0385) x7  0x00000000
core   0: 0x800008c0 (0x000052fd) c.li    t0, -1
core   0: 3 0x800008c0 (0x52fd) x5  0xffffffff
core   0: 0x800008c2 (0x40555013) srai    zero, a0, 5
core   0: 3 0x800008c2 (0x40555013)
core   0: 0x800008c6 (0x00005c3d) c.li    s8, -17
core   0: 3 0x800008c6 (0x5c3d) x24 0xffffffef
core   0: 0x800008c8 (0x643b3fb7) lui     t6, 0x643b3
core   0: 3 0x800008c8 (0x643b3fb7) x31 0x643b3000
core   0: 0x800008cc (0x000012e9) c.addi  t0, -6
core   0: 3 0x800008cc (0x12e9) x5  0xfffffff9
core   0: 0x800008ce (0x41bc8d33) sub     s10, s9, s11
core   0: 3 0x800008ce (0x41bc8d33) x26 0x7ffe7889
core   0: 0x800008d2 (0xff82dbe3) bge     t0, s8, pc - 10
core   0: 3 0x800008d2 (0xff82dbe3)
core   0: 0x800008c8 (0x643b3fb7) lui     t6, 0x643b3
core   0: 3 0x800008c8 (0x643b3fb7) x31 0x643b3000
core   0: 0x800008cc (0x000012e9) c.addi  t0, -6
core   0: 3 0x800008cc (0x12e9) x5  0xfffffff3
core   0: 0x800008ce (0x41bc8d33) sub     s10, s9, s11
core   0: 3 0x800008ce (0x41bc8d33) x26 0x7ffe7889
core   0: 0x800008d2 (0xff82dbe3) bge     t0, s8, pc - 10
core   0: 3 0x800008d2 (0xff82dbe3)
core   0: 0x800008c8 (0x643b3fb7) lui     t6, 0x643b3
core   0: 3 0x800008c8 (0x643b3fb7) x31 0x643b3000
core   0: 0x800008cc (0x000012e9) c.addi  t0, -6
core   0: 3 0x800008cc (0x12e9) x5  0xffffffed
core   0: 0x800008ce (0x41bc8d33) sub     s10, s9, s11
core   0: 3 0x800008ce (0x41bc8d33) x26 0x7ffe7889
core   0: 0x800008d2 (0xff82dbe3) bge     t0, s8, pc - 10
core   0: 3 0x800008d2 (0xff82dbe3)
core   0: 0x800008d6 (0x02b59a33) mulh    s4, a1, a1
core   0: 3 0x800008d6 (0x02b59a33) x20 0x00000000
core   0: 0x800008da (0x00000001) c.nop
core   0: 3 0x800008da (0x0001)
core   0: 0x800008dc (0xc4064917) auipc   s2, 0xc4064
core   0: 3 0x800008dc (0xc4064917) x18 0x440648dc
core   0: 0x800008e0 (0xfca3cee3) blt     t2, a0, pc - 36
core   0: 3 0x800008e0 (0xfca3cee3)
core   0: 0x800008bc (0x00008ed9) c.or    a3, a4
core   0: 3 0x800008bc (0x8ed9) x13 0x80025ea0
core   0: 0x800008be (0x00000385) c.addi  t2, 1
core   0: 3 0x800008be (0x0385) x7  0x00000001
core   0: 0x800008c0 (0x000052fd) c.li    t0, -1
core   0: 3 0x800008c0 (0x52fd) x5  0xffffffff
core   0: 0x800008c2 (0x40555013) srai    zero, a0, 5
core   0: 3 0x800008c2 (0x40555013)
core   0: 0x800008c6 (0x00005c3d) c.li    s8, -17
core   0: 3 0x800008c6 (0x5c3d) x24 0xffffffef
core   0: 0x800008c8 (0x643b3fb7) lui     t6, 0x643b3
core   0: 3 0x800008c8 (0x643b3fb7) x31 0x643b3000
core   0: 0x800008cc (0x000012e9) c.addi  t0, -6
core   0: 3 0x800008cc (0x12e9) x5  0xfffffff9
core   0: 0x800008ce (0x41bc8d33) sub     s10, s9, s11
core   0: 3 0x800008ce (0x41bc8d33) x26 0x7ffe7889
core   0: 0x800008d2 (0xff82dbe3) bge     t0, s8, pc - 10
core   0: 3 0x800008d2 (0xff82dbe3)
core   0: 0x800008c8 (0x643b3fb7) lui     t6, 0x643b3
core   0: 3 0x800008c8 (0x643b3fb7) x31 0x643b3000
core   0: 0x800008cc (0x000012e9) c.addi  t0, -6
core   0: 3 0x800008cc (0x12e9) x5  0xfffffff3
core   0: 0x800008ce (0x41bc8d33) sub     s10, s9, s11
core   0: 3 0x800008ce (0x41bc8d33) x26 0x7ffe7889
core   0: 0x800008d2 (0xff82dbe3) bge     t0, s8, pc - 10
core   0: 3 0x800008d2 (0xff82dbe3)
core   0: 0x800008c8 (0x643b3fb7) lui     t6, 0x643b3
core   0: 3 0x800008c8 (0x643b3fb7) x31 0x643b3000
core   0: 0x800008cc (0x000012e9) c.addi  t0, -6
core   0: 3 0x800008cc (0x12e9) x5  0xffffffed
core   0: 0x800008ce (0x41bc8d33) sub     s10, s9, s11
core   0: 3 0x800008ce (0x41bc8d33) x26 0x7ffe7889
core   0: 0x800008d2 (0xff82dbe3) bge     t0, s8, pc - 10
core   0: 3 0x800008d2 (0xff82dbe3)
core   0: 0x800008d6 (0x02b59a33) mulh    s4, a1, a1
core   0: 3 0x800008d6 (0x02b59a33) x20 0x00000000
core   0: 0x800008da (0x00000001) c.nop
core   0: 3 0x800008da (0x0001)
core   0: 0x800008dc (0xc4064917) auipc   s2, 0xc4064
core   0: 3 0x800008dc (0xc4064917) x18 0x440648dc
core   0: 0x800008e0 (0xfca3cee3) blt     t2, a0, pc - 36
core   0: 3 0x800008e0 (0xfca3cee3)
core   0: 0x800008bc (0x00008ed9) c.or    a3, a4
core   0: 3 0x800008bc (0x8ed9) x13 0x80025ea0
core   0: 0x800008be (0x00000385) c.addi  t2, 1
core   0: 3 0x800008be (0x0385) x7  0x00000002
core   0: 0x800008c0 (0x000052fd) c.li    t0, -1
core   0: 3 0x800008c0 (0x52fd) x5  0xffffffff
core   0: 0x800008c2 (0x40555013) srai    zero, a0, 5
core   0: 3 0x800008c2 (0x40555013)
core   0: 0x800008c6 (0x00005c3d) c.li    s8, -17
core   0: 3 0x800008c6 (0x5c3d) x24 0xffffffef
core   0: 0x800008c8 (0x643b3fb7) lui     t6, 0x643b3
core   0: 3 0x800008c8 (0x643b3fb7) x31 0x643b3000
core   0: 0x800008cc (0x000012e9) c.addi  t0, -6
core   0: 3 0x800008cc (0x12e9) x5  0xfffffff9
core   0: 0x800008ce (0x41bc8d33) sub     s10, s9, s11
core   0: 3 0x800008ce (0x41bc8d33) x26 0x7ffe7889
core   0: 0x800008d2 (0xff82dbe3) bge     t0, s8, pc - 10
core   0: 3 0x800008d2 (0xff82dbe3)
core   0: 0x800008c8 (0x643b3fb7) lui     t6, 0x643b3
core   0: 3 0x800008c8 (0x643b3fb7) x31 0x643b3000
core   0: 0x800008cc (0x000012e9) c.addi  t0, -6
core   0: 3 0x800008cc (0x12e9) x5  0xfffffff3
core   0: 0x800008ce (0x41bc8d33) sub     s10, s9, s11
core   0: 3 0x800008ce (0x41bc8d33) x26 0x7ffe7889
core   0: 0x800008d2 (0xff82dbe3) bge     t0, s8, pc - 10
core   0: 3 0x800008d2 (0xff82dbe3)
core   0: 0x800008c8 (0x643b3fb7) lui     t6, 0x643b3
core   0: 3 0x800008c8 (0x643b3fb7) x31 0x643b3000
core   0: 0x800008cc (0x000012e9) c.addi  t0, -6
core   0: 3 0x800008cc (0x12e9) x5  0xffffffed
core   0: 0x800008ce (0x41bc8d33) sub     s10, s9, s11
core   0: 3 0x800008ce (0x41bc8d33) x26 0x7ffe7889
core   0: 0x800008d2 (0xff82dbe3) bge     t0, s8, pc - 10
core   0: 3 0x800008d2 (0xff82dbe3)
core   0: 0x800008d6 (0x02b59a33) mulh    s4, a1, a1
core   0: 3 0x800008d6 (0x02b59a33) x20 0x00000000
core   0: 0x800008da (0x00000001) c.nop
core   0: 3 0x800008da (0x0001)
core   0: 0x800008dc (0xc4064917) auipc   s2, 0xc4064
core   0: 3 0x800008dc (0xc4064917) x18 0x440648dc
core   0: 0x800008e0 (0xfca3cee3) blt     t2, a0, pc - 36
core   0: 3 0x800008e0 (0xfca3cee3)
core   0: 0x800008bc (0x00008ed9) c.or    a3, a4
core   0: 3 0x800008bc (0x8ed9) x13 0x80025ea0
core   0: 0x800008be (0x00000385) c.addi  t2, 1
core   0: 3 0x800008be (0x0385) x7  0x00000003
core   0: 0x800008c0 (0x000052fd) c.li    t0, -1
core   0: 3 0x800008c0 (0x52fd) x5  0xffffffff
core   0: 0x800008c2 (0x40555013) srai    zero, a0, 5
core   0: 3 0x800008c2 (0x40555013)
core   0: 0x800008c6 (0x00005c3d) c.li    s8, -17
core   0: 3 0x800008c6 (0x5c3d) x24 0xffffffef
core   0: 0x800008c8 (0x643b3fb7) lui     t6, 0x643b3
core   0: 3 0x800008c8 (0x643b3fb7) x31 0x643b3000
core   0: 0x800008cc (0x000012e9) c.addi  t0, -6
core   0: 3 0x800008cc (0x12e9) x5  0xfffffff9
core   0: 0x800008ce (0x41bc8d33) sub     s10, s9, s11
core   0: 3 0x800008ce (0x41bc8d33) x26 0x7ffe7889
core   0: 0x800008d2 (0xff82dbe3) bge     t0, s8, pc - 10
core   0: 3 0x800008d2 (0xff82dbe3)
core   0: 0x800008c8 (0x643b3fb7) lui     t6, 0x643b3
core   0: 3 0x800008c8 (0x643b3fb7) x31 0x643b3000
core   0: 0x800008cc (0x000012e9) c.addi  t0, -6
core   0: 3 0x800008cc (0x12e9) x5  0xfffffff3
core   0: 0x800008ce (0x41bc8d33) sub     s10, s9, s11
core   0: 3 0x800008ce (0x41bc8d33) x26 0x7ffe7889
core   0: 0x800008d2 (0xff82dbe3) bge     t0, s8, pc - 10
core   0: 3 0x800008d2 (0xff82dbe3)
core   0: 0x800008c8 (0x643b3fb7) lui     t6, 0x643b3
core   0: 3 0x800008c8 (0x643b3fb7) x31 0x643b3000
core   0: 0x800008cc (0x000012e9) c.addi  t0, -6
core   0: 3 0x800008cc (0x12e9) x5  0xffffffed
core   0: 0x800008ce (0x41bc8d33) sub     s10, s9, s11
core   0: 3 0x800008ce (0x41bc8d33) x26 0x7ffe7889
core   0: 0x800008d2 (0xff82dbe3) bge     t0, s8, pc - 10
core   0: 3 0x800008d2 (0xff82dbe3)
core   0: 0x800008d6 (0x02b59a33) mulh    s4, a1, a1
core   0: 3 0x800008d6 (0x02b59a33) x20 0x00000000
core   0: 0x800008da (0x00000001) c.nop
core   0: 3 0x800008da (0x0001)
core   0: 0x800008dc (0xc4064917) auipc   s2, 0xc4064
core   0: 3 0x800008dc (0xc4064917) x18 0x440648dc
core   0: 0x800008e0 (0xfca3cee3) blt     t2, a0, pc - 36
core   0: 3 0x800008e0 (0xfca3cee3)
core   0: 0x800008bc (0x00008ed9) c.or    a3, a4
core   0: 3 0x800008bc (0x8ed9) x13 0x80025ea0
core   0: 0x800008be (0x00000385) c.addi  t2, 1
core   0: 3 0x800008be (0x0385) x7  0x00000004
core   0: 0x800008c0 (0x000052fd) c.li    t0, -1
core   0: 3 0x800008c0 (0x52fd) x5  0xffffffff
core   0: 0x800008c2 (0x40555013) srai    zero, a0, 5
core   0: 3 0x800008c2 (0x40555013)
core   0: 0x800008c6 (0x00005c3d) c.li    s8, -17
core   0: 3 0x800008c6 (0x5c3d) x24 0xffffffef
core   0: 0x800008c8 (0x643b3fb7) lui     t6, 0x643b3
core   0: 3 0x800008c8 (0x643b3fb7) x31 0x643b3000
core   0: 0x800008cc (0x000012e9) c.addi  t0, -6
core   0: 3 0x800008cc (0x12e9) x5  0xfffffff9
core   0: 0x800008ce (0x41bc8d33) sub     s10, s9, s11
core   0: 3 0x800008ce (0x41bc8d33) x26 0x7ffe7889
core   0: 0x800008d2 (0xff82dbe3) bge     t0, s8, pc - 10
core   0: 3 0x800008d2 (0xff82dbe3)
core   0: 0x800008c8 (0x643b3fb7) lui     t6, 0x643b3
core   0: 3 0x800008c8 (0x643b3fb7) x31 0x643b3000
core   0: 0x800008cc (0x000012e9) c.addi  t0, -6
core   0: 3 0x800008cc (0x12e9) x5  0xfffffff3
core   0: 0x800008ce (0x41bc8d33) sub     s10, s9, s11
core   0: 3 0x800008ce (0x41bc8d33) x26 0x7ffe7889
core   0: 0x800008d2 (0xff82dbe3) bge     t0, s8, pc - 10
core   0: 3 0x800008d2 (0xff82dbe3)
core   0: 0x800008c8 (0x643b3fb7) lui     t6, 0x643b3
core   0: 3 0x800008c8 (0x643b3fb7) x31 0x643b3000
core   0: 0x800008cc (0x000012e9) c.addi  t0, -6
core   0: 3 0x800008cc (0x12e9) x5  0xffffffed
core   0: 0x800008ce (0x41bc8d33) sub     s10, s9, s11
core   0: 3 0x800008ce (0x41bc8d33) x26 0x7ffe7889
core   0: 0x800008d2 (0xff82dbe3) bge     t0, s8, pc - 10
core   0: 3 0x800008d2 (0xff82dbe3)
core   0: 0x800008d6 (0x02b59a33) mulh    s4, a1, a1
core   0: 3 0x800008d6 (0x02b59a33) x20 0x00000000
core   0: 0x800008da (0x00000001) c.nop
core   0: 3 0x800008da (0x0001)
core   0: 0x800008dc (0xc4064917) auipc   s2, 0xc4064
core   0: 3 0x800008dc (0xc4064917) x18 0x440648dc
core   0: 0x800008e0 (0xfca3cee3) blt     t2, a0, pc - 36
core   0: 3 0x800008e0 (0xfca3cee3)
core   0: 0x800008bc (0x00008ed9) c.or    a3, a4
core   0: 3 0x800008bc (0x8ed9) x13 0x80025ea0
core   0: 0x800008be (0x00000385) c.addi  t2, 1
core   0: 3 0x800008be (0x0385) x7  0x00000005
core   0: 0x800008c0 (0x000052fd) c.li    t0, -1
core   0: 3 0x800008c0 (0x52fd) x5  0xffffffff
core   0: 0x800008c2 (0x40555013) srai    zero, a0, 5
core   0: 3 0x800008c2 (0x40555013)
core   0: 0x800008c6 (0x00005c3d) c.li    s8, -17
core   0: 3 0x800008c6 (0x5c3d) x24 0xffffffef
core   0: 0x800008c8 (0x643b3fb7) lui     t6, 0x643b3
core   0: 3 0x800008c8 (0x643b3fb7) x31 0x643b3000
core   0: 0x800008cc (0x000012e9) c.addi  t0, -6
core   0: 3 0x800008cc (0x12e9) x5  0xfffffff9
core   0: 0x800008ce (0x41bc8d33) sub     s10, s9, s11
core   0: 3 0x800008ce (0x41bc8d33) x26 0x7ffe7889
core   0: 0x800008d2 (0xff82dbe3) bge     t0, s8, pc - 10
core   0: 3 0x800008d2 (0xff82dbe3)
core   0: 0x800008c8 (0x643b3fb7) lui     t6, 0x643b3
core   0: 3 0x800008c8 (0x643b3fb7) x31 0x643b3000
core   0: 0x800008cc (0x000012e9) c.addi  t0, -6
core   0: 3 0x800008cc (0x12e9) x5  0xfffffff3
core   0: 0x800008ce (0x41bc8d33) sub     s10, s9, s11
core   0: 3 0x800008ce (0x41bc8d33) x26 0x7ffe7889
core   0: 0x800008d2 (0xff82dbe3) bge     t0, s8, pc - 10
core   0: 3 0x800008d2 (0xff82dbe3)
core   0: 0x800008c8 (0x643b3fb7) lui     t6, 0x643b3
core   0: 3 0x800008c8 (0x643b3fb7) x31 0x643b3000
core   0: 0x800008cc (0x000012e9) c.addi  t0, -6
core   0: 3 0x800008cc (0x12e9) x5  0xffffffed
core   0: 0x800008ce (0x41bc8d33) sub     s10, s9, s11
core   0: 3 0x800008ce (0x41bc8d33) x26 0x7ffe7889
core   0: 0x800008d2 (0xff82dbe3) bge     t0, s8, pc - 10
core   0: 3 0x800008d2 (0xff82dbe3)
core   0: 0x800008d6 (0x02b59a33) mulh    s4, a1, a1
core   0: 3 0x800008d6 (0x02b59a33) x20 0x00000000
core   0: 0x800008da (0x00000001) c.nop
core   0: 3 0x800008da (0x0001)
core   0: 0x800008dc (0xc4064917) auipc   s2, 0xc4064
core   0: 3 0x800008dc (0xc4064917) x18 0x440648dc
core   0: 0x800008e0 (0xfca3cee3) blt     t2, a0, pc - 36
core   0: 3 0x800008e0 (0xfca3cee3)
core   0: 0x800008bc (0x00008ed9) c.or    a3, a4
core   0: 3 0x800008bc (0x8ed9) x13 0x80025ea0
core   0: 0x800008be (0x00000385) c.addi  t2, 1
core   0: 3 0x800008be (0x0385) x7  0x00000006
core   0: 0x800008c0 (0x000052fd) c.li    t0, -1
core   0: 3 0x800008c0 (0x52fd) x5  0xffffffff
core   0: 0x800008c2 (0x40555013) srai    zero, a0, 5
core   0: 3 0x800008c2 (0x40555013)
core   0: 0x800008c6 (0x00005c3d) c.li    s8, -17
core   0: 3 0x800008c6 (0x5c3d) x24 0xffffffef
core   0: 0x800008c8 (0x643b3fb7) lui     t6, 0x643b3
core   0: 3 0x800008c8 (0x643b3fb7) x31 0x643b3000
core   0: 0x800008cc (0x000012e9) c.addi  t0, -6
core   0: 3 0x800008cc (0x12e9) x5  0xfffffff9
core   0: 0x800008ce (0x41bc8d33) sub     s10, s9, s11
core   0: 3 0x800008ce (0x41bc8d33) x26 0x7ffe7889
core   0: 0x800008d2 (0xff82dbe3) bge     t0, s8, pc - 10
core   0: 3 0x800008d2 (0xff82dbe3)
core   0: 0x800008c8 (0x643b3fb7) lui     t6, 0x643b3
core   0: 3 0x800008c8 (0x643b3fb7) x31 0x643b3000
core   0: 0x800008cc (0x000012e9) c.addi  t0, -6
core   0: 3 0x800008cc (0x12e9) x5  0xfffffff3
core   0: 0x800008ce (0x41bc8d33) sub     s10, s9, s11
core   0: 3 0x800008ce (0x41bc8d33) x26 0x7ffe7889
core   0: 0x800008d2 (0xff82dbe3) bge     t0, s8, pc - 10
core   0: 3 0x800008d2 (0xff82dbe3)
core   0: 0x800008c8 (0x643b3fb7) lui     t6, 0x643b3
core   0: 3 0x800008c8 (0x643b3fb7) x31 0x643b3000
core   0: 0x800008cc (0x000012e9) c.addi  t0, -6
core   0: 3 0x800008cc (0x12e9) x5  0xffffffed
core   0: 0x800008ce (0x41bc8d33) sub     s10, s9, s11
core   0: 3 0x800008ce (0x41bc8d33) x26 0x7ffe7889
core   0: 0x800008d2 (0xff82dbe3) bge     t0, s8, pc - 10
core   0: 3 0x800008d2 (0xff82dbe3)
core   0: 0x800008d6 (0x02b59a33) mulh    s4, a1, a1
core   0: 3 0x800008d6 (0x02b59a33) x20 0x00000000
core   0: 0x800008da (0x00000001) c.nop
core   0: 3 0x800008da (0x0001)
core   0: 0x800008dc (0xc4064917) auipc   s2, 0xc4064
core   0: 3 0x800008dc (0xc4064917) x18 0x440648dc
core   0: 0x800008e0 (0xfca3cee3) blt     t2, a0, pc - 36
core   0: 3 0x800008e0 (0xfca3cee3)
core   0: 0x800008bc (0x00008ed9) c.or    a3, a4
core   0: 3 0x800008bc (0x8ed9) x13 0x80025ea0
core   0: 0x800008be (0x00000385) c.addi  t2, 1
core   0: 3 0x800008be (0x0385) x7  0x00000007
core   0: 0x800008c0 (0x000052fd) c.li    t0, -1
core   0: 3 0x800008c0 (0x52fd) x5  0xffffffff
core   0: 0x800008c2 (0x40555013) srai    zero, a0, 5
core   0: 3 0x800008c2 (0x40555013)
core   0: 0x800008c6 (0x00005c3d) c.li    s8, -17
core   0: 3 0x800008c6 (0x5c3d) x24 0xffffffef
core   0: 0x800008c8 (0x643b3fb7) lui     t6, 0x643b3
core   0: 3 0x800008c8 (0x643b3fb7) x31 0x643b3000
core   0: 0x800008cc (0x000012e9) c.addi  t0, -6
core   0: 3 0x800008cc (0x12e9) x5  0xfffffff9
core   0: 0x800008ce (0x41bc8d33) sub     s10, s9, s11
core   0: 3 0x800008ce (0x41bc8d33) x26 0x7ffe7889
core   0: 0x800008d2 (0xff82dbe3) bge     t0, s8, pc - 10
core   0: 3 0x800008d2 (0xff82dbe3)
core   0: 0x800008c8 (0x643b3fb7) lui     t6, 0x643b3
core   0: 3 0x800008c8 (0x643b3fb7) x31 0x643b3000
core   0: 0x800008cc (0x000012e9) c.addi  t0, -6
core   0: 3 0x800008cc (0x12e9) x5  0xfffffff3
core   0: 0x800008ce (0x41bc8d33) sub     s10, s9, s11
core   0: 3 0x800008ce (0x41bc8d33) x26 0x7ffe7889
core   0: 0x800008d2 (0xff82dbe3) bge     t0, s8, pc - 10
core   0: 3 0x800008d2 (0xff82dbe3)
core   0: 0x800008c8 (0x643b3fb7) lui     t6, 0x643b3
core   0: 3 0x800008c8 (0x643b3fb7) x31 0x643b3000
core   0: 0x800008cc (0x000012e9) c.addi  t0, -6
core   0: 3 0x800008cc (0x12e9) x5  0xffffffed
core   0: 0x800008ce (0x41bc8d33) sub     s10, s9, s11
core   0: 3 0x800008ce (0x41bc8d33) x26 0x7ffe7889
core   0: 0x800008d2 (0xff82dbe3) bge     t0, s8, pc - 10
core   0: 3 0x800008d2 (0xff82dbe3)
core   0: 0x800008d6 (0x02b59a33) mulh    s4, a1, a1
core   0: 3 0x800008d6 (0x02b59a33) x20 0x00000000
core   0: 0x800008da (0x00000001) c.nop
core   0: 3 0x800008da (0x0001)
core   0: 0x800008dc (0xc4064917) auipc   s2, 0xc4064
core   0: 3 0x800008dc (0xc4064917) x18 0x440648dc
core   0: 0x800008e0 (0xfca3cee3) blt     t2, a0, pc - 36
core   0: 3 0x800008e0 (0xfca3cee3)
core   0: 0x800008bc (0x00008ed9) c.or    a3, a4
core   0: 3 0x800008bc (0x8ed9) x13 0x80025ea0
core   0: 0x800008be (0x00000385) c.addi  t2, 1
core   0: 3 0x800008be (0x0385) x7  0x00000008
core   0: 0x800008c0 (0x000052fd) c.li    t0, -1
core   0: 3 0x800008c0 (0x52fd) x5  0xffffffff
core   0: 0x800008c2 (0x40555013) srai    zero, a0, 5
core   0: 3 0x800008c2 (0x40555013)
core   0: 0x800008c6 (0x00005c3d) c.li    s8, -17
core   0: 3 0x800008c6 (0x5c3d) x24 0xffffffef
core   0: 0x800008c8 (0x643b3fb7) lui     t6, 0x643b3
core   0: 3 0x800008c8 (0x643b3fb7) x31 0x643b3000
core   0: 0x800008cc (0x000012e9) c.addi  t0, -6
core   0: 3 0x800008cc (0x12e9) x5  0xfffffff9
core   0: 0x800008ce (0x41bc8d33) sub     s10, s9, s11
core   0: 3 0x800008ce (0x41bc8d33) x26 0x7ffe7889
core   0: 0x800008d2 (0xff82dbe3) bge     t0, s8, pc - 10
core   0: 3 0x800008d2 (0xff82dbe3)
core   0: 0x800008c8 (0x643b3fb7) lui     t6, 0x643b3
core   0: 3 0x800008c8 (0x643b3fb7) x31 0x643b3000
core   0: 0x800008cc (0x000012e9) c.addi  t0, -6
core   0: 3 0x800008cc (0x12e9) x5  0xfffffff3
core   0: 0x800008ce (0x41bc8d33) sub     s10, s9, s11
core   0: 3 0x800008ce (0x41bc8d33) x26 0x7ffe7889
core   0: 0x800008d2 (0xff82dbe3) bge     t0, s8, pc - 10
core   0: 3 0x800008d2 (0xff82dbe3)
core   0: 0x800008c8 (0x643b3fb7) lui     t6, 0x643b3
core   0: 3 0x800008c8 (0x643b3fb7) x31 0x643b3000
core   0: 0x800008cc (0x000012e9) c.addi  t0, -6
core   0: 3 0x800008cc (0x12e9) x5  0xffffffed
core   0: 0x800008ce (0x41bc8d33) sub     s10, s9, s11
core   0: 3 0x800008ce (0x41bc8d33) x26 0x7ffe7889
core   0: 0x800008d2 (0xff82dbe3) bge     t0, s8, pc - 10
core   0: 3 0x800008d2 (0xff82dbe3)
core   0: 0x800008d6 (0x02b59a33) mulh    s4, a1, a1
core   0: 3 0x800008d6 (0x02b59a33) x20 0x00000000
core   0: 0x800008da (0x00000001) c.nop
core   0: 3 0x800008da (0x0001)
core   0: 0x800008dc (0xc4064917) auipc   s2, 0xc4064
core   0: 3 0x800008dc (0xc4064917) x18 0x440648dc
core   0: 0x800008e0 (0xfca3cee3) blt     t2, a0, pc - 36
core   0: 3 0x800008e0 (0xfca3cee3)
core   0: 0x800008bc (0x00008ed9) c.or    a3, a4
core   0: 3 0x800008bc (0x8ed9) x13 0x80025ea0
core   0: 0x800008be (0x00000385) c.addi  t2, 1
core   0: 3 0x800008be (0x0385) x7  0x00000009
core   0: 0x800008c0 (0x000052fd) c.li    t0, -1
core   0: 3 0x800008c0 (0x52fd) x5  0xffffffff
core   0: 0x800008c2 (0x40555013) srai    zero, a0, 5
core   0: 3 0x800008c2 (0x40555013)
core   0: 0x800008c6 (0x00005c3d) c.li    s8, -17
core   0: 3 0x800008c6 (0x5c3d) x24 0xffffffef
core   0: 0x800008c8 (0x643b3fb7) lui     t6, 0x643b3
core   0: 3 0x800008c8 (0x643b3fb7) x31 0x643b3000
core   0: 0x800008cc (0x000012e9) c.addi  t0, -6
core   0: 3 0x800008cc (0x12e9) x5  0xfffffff9
core   0: 0x800008ce (0x41bc8d33) sub     s10, s9, s11
core   0: 3 0x800008ce (0x41bc8d33) x26 0x7ffe7889
core   0: 0x800008d2 (0xff82dbe3) bge     t0, s8, pc - 10
core   0: 3 0x800008d2 (0xff82dbe3)
core   0: 0x800008c8 (0x643b3fb7) lui     t6, 0x643b3
core   0: 3 0x800008c8 (0x643b3fb7) x31 0x643b3000
core   0: 0x800008cc (0x000012e9) c.addi  t0, -6
core   0: 3 0x800008cc (0x12e9) x5  0xfffffff3
core   0: 0x800008ce (0x41bc8d33) sub     s10, s9, s11
core   0: 3 0x800008ce (0x41bc8d33) x26 0x7ffe7889
core   0: 0x800008d2 (0xff82dbe3) bge     t0, s8, pc - 10
core   0: 3 0x800008d2 (0xff82dbe3)
core   0: 0x800008c8 (0x643b3fb7) lui     t6, 0x643b3
core   0: 3 0x800008c8 (0x643b3fb7) x31 0x643b3000
core   0: 0x800008cc (0x000012e9) c.addi  t0, -6
core   0: 3 0x800008cc (0x12e9) x5  0xffffffed
core   0: 0x800008ce (0x41bc8d33) sub     s10, s9, s11
core   0: 3 0x800008ce (0x41bc8d33) x26 0x7ffe7889
core   0: 0x800008d2 (0xff82dbe3) bge     t0, s8, pc - 10
core   0: 3 0x800008d2 (0xff82dbe3)
core   0: 0x800008d6 (0x02b59a33) mulh    s4, a1, a1
core   0: 3 0x800008d6 (0x02b59a33) x20 0x00000000
core   0: 0x800008da (0x00000001) c.nop
core   0: 3 0x800008da (0x0001)
core   0: 0x800008dc (0xc4064917) auipc   s2, 0xc4064
core   0: 3 0x800008dc (0xc4064917) x18 0x440648dc
core   0: 0x800008e0 (0xfca3cee3) blt     t2, a0, pc - 36
core   0: 3 0x800008e0 (0xfca3cee3)
core   0: 0x800008bc (0x00008ed9) c.or    a3, a4
core   0: 3 0x800008bc (0x8ed9) x13 0x80025ea0
core   0: 0x800008be (0x00000385) c.addi  t2, 1
core   0: 3 0x800008be (0x0385) x7  0x0000000a
core   0: 0x800008c0 (0x000052fd) c.li    t0, -1
core   0: 3 0x800008c0 (0x52fd) x5  0xffffffff
core   0: 0x800008c2 (0x40555013) srai    zero, a0, 5
core   0: 3 0x800008c2 (0x40555013)
core   0: 0x800008c6 (0x00005c3d) c.li    s8, -17
core   0: 3 0x800008c6 (0x5c3d) x24 0xffffffef
core   0: 0x800008c8 (0x643b3fb7) lui     t6, 0x643b3
core   0: 3 0x800008c8 (0x643b3fb7) x31 0x643b3000
core   0: 0x800008cc (0x000012e9) c.addi  t0, -6
core   0: 3 0x800008cc (0x12e9) x5  0xfffffff9
core   0: 0x800008ce (0x41bc8d33) sub     s10, s9, s11
core   0: 3 0x800008ce (0x41bc8d33) x26 0x7ffe7889
core   0: 0x800008d2 (0xff82dbe3) bge     t0, s8, pc - 10
core   0: 3 0x800008d2 (0xff82dbe3)
core   0: 0x800008c8 (0x643b3fb7) lui     t6, 0x643b3
core   0: 3 0x800008c8 (0x643b3fb7) x31 0x643b3000
core   0: 0x800008cc (0x000012e9) c.addi  t0, -6
core   0: 3 0x800008cc (0x12e9) x5  0xfffffff3
core   0: 0x800008ce (0x41bc8d33) sub     s10, s9, s11
core   0: 3 0x800008ce (0x41bc8d33) x26 0x7ffe7889
core   0: 0x800008d2 (0xff82dbe3) bge     t0, s8, pc - 10
core   0: 3 0x800008d2 (0xff82dbe3)
core   0: 0x800008c8 (0x643b3fb7) lui     t6, 0x643b3
core   0: 3 0x800008c8 (0x643b3fb7) x31 0x643b3000
core   0: 0x800008cc (0x000012e9) c.addi  t0, -6
core   0: 3 0x800008cc (0x12e9) x5  0xffffffed
core   0: 0x800008ce (0x41bc8d33) sub     s10, s9, s11
core   0: 3 0x800008ce (0x41bc8d33) x26 0x7ffe7889
core   0: 0x800008d2 (0xff82dbe3) bge     t0, s8, pc - 10
core   0: 3 0x800008d2 (0xff82dbe3)
core   0: 0x800008d6 (0x02b59a33) mulh    s4, a1, a1
core   0: 3 0x800008d6 (0x02b59a33) x20 0x00000000
core   0: 0x800008da (0x00000001) c.nop
core   0: 3 0x800008da (0x0001)
core   0: 0x800008dc (0xc4064917) auipc   s2, 0xc4064
core   0: 3 0x800008dc (0xc4064917) x18 0x440648dc
core   0: 0x800008e0 (0xfca3cee3) blt     t2, a0, pc - 36
core   0: 3 0x800008e0 (0xfca3cee3)
core   0: 0x800008bc (0x00008ed9) c.or    a3, a4
core   0: 3 0x800008bc (0x8ed9) x13 0x80025ea0
core   0: 0x800008be (0x00000385) c.addi  t2, 1
core   0: 3 0x800008be (0x0385) x7  0x0000000b
core   0: 0x800008c0 (0x000052fd) c.li    t0, -1
core   0: 3 0x800008c0 (0x52fd) x5  0xffffffff
core   0: 0x800008c2 (0x40555013) srai    zero, a0, 5
core   0: 3 0x800008c2 (0x40555013)
core   0: 0x800008c6 (0x00005c3d) c.li    s8, -17
core   0: 3 0x800008c6 (0x5c3d) x24 0xffffffef
core   0: 0x800008c8 (0x643b3fb7) lui     t6, 0x643b3
core   0: 3 0x800008c8 (0x643b3fb7) x31 0x643b3000
core   0: 0x800008cc (0x000012e9) c.addi  t0, -6
core   0: 3 0x800008cc (0x12e9) x5  0xfffffff9
core   0: 0x800008ce (0x41bc8d33) sub     s10, s9, s11
core   0: 3 0x800008ce (0x41bc8d33) x26 0x7ffe7889
core   0: 0x800008d2 (0xff82dbe3) bge     t0, s8, pc - 10
core   0: 3 0x800008d2 (0xff82dbe3)
core   0: 0x800008c8 (0x643b3fb7) lui     t6, 0x643b3
core   0: 3 0x800008c8 (0x643b3fb7) x31 0x643b3000
core   0: 0x800008cc (0x000012e9) c.addi  t0, -6
core   0: 3 0x800008cc (0x12e9) x5  0xfffffff3
core   0: 0x800008ce (0x41bc8d33) sub     s10, s9, s11
core   0: 3 0x800008ce (0x41bc8d33) x26 0x7ffe7889
core   0: 0x800008d2 (0xff82dbe3) bge     t0, s8, pc - 10
core   0: 3 0x800008d2 (0xff82dbe3)
core   0: 0x800008c8 (0x643b3fb7) lui     t6, 0x643b3
core   0: 3 0x800008c8 (0x643b3fb7) x31 0x643b3000
core   0: 0x800008cc (0x000012e9) c.addi  t0, -6
core   0: 3 0x800008cc (0x12e9) x5  0xffffffed
core   0: 0x800008ce (0x41bc8d33) sub     s10, s9, s11
core   0: 3 0x800008ce (0x41bc8d33) x26 0x7ffe7889
core   0: 0x800008d2 (0xff82dbe3) bge     t0, s8, pc - 10
core   0: 3 0x800008d2 (0xff82dbe3)
core   0: 0x800008d6 (0x02b59a33) mulh    s4, a1, a1
core   0: 3 0x800008d6 (0x02b59a33) x20 0x00000000
core   0: 0x800008da (0x00000001) c.nop
core   0: 3 0x800008da (0x0001)
core   0: 0x800008dc (0xc4064917) auipc   s2, 0xc4064
core   0: 3 0x800008dc (0xc4064917) x18 0x440648dc
core   0: 0x800008e0 (0xfca3cee3) blt     t2, a0, pc - 36
core   0: 3 0x800008e0 (0xfca3cee3)
core   0: 0x800008bc (0x00008ed9) c.or    a3, a4
core   0: 3 0x800008bc (0x8ed9) x13 0x80025ea0
core   0: 0x800008be (0x00000385) c.addi  t2, 1
core   0: 3 0x800008be (0x0385) x7  0x0000000c
core   0: 0x800008c0 (0x000052fd) c.li    t0, -1
core   0: 3 0x800008c0 (0x52fd) x5  0xffffffff
core   0: 0x800008c2 (0x40555013) srai    zero, a0, 5
core   0: 3 0x800008c2 (0x40555013)
core   0: 0x800008c6 (0x00005c3d) c.li    s8, -17
core   0: 3 0x800008c6 (0x5c3d) x24 0xffffffef
core   0: 0x800008c8 (0x643b3fb7) lui     t6, 0x643b3
core   0: 3 0x800008c8 (0x643b3fb7) x31 0x643b3000
core   0: 0x800008cc (0x000012e9) c.addi  t0, -6
core   0: 3 0x800008cc (0x12e9) x5  0xfffffff9
core   0: 0x800008ce (0x41bc8d33) sub     s10, s9, s11
core   0: 3 0x800008ce (0x41bc8d33) x26 0x7ffe7889
core   0: 0x800008d2 (0xff82dbe3) bge     t0, s8, pc - 10
core   0: 3 0x800008d2 (0xff82dbe3)
core   0: 0x800008c8 (0x643b3fb7) lui     t6, 0x643b3
core   0: 3 0x800008c8 (0x643b3fb7) x31 0x643b3000
core   0: 0x800008cc (0x000012e9) c.addi  t0, -6
core   0: 3 0x800008cc (0x12e9) x5  0xfffffff3
core   0: 0x800008ce (0x41bc8d33) sub     s10, s9, s11
core   0: 3 0x800008ce (0x41bc8d33) x26 0x7ffe7889
core   0: 0x800008d2 (0xff82dbe3) bge     t0, s8, pc - 10
core   0: 3 0x800008d2 (0xff82dbe3)
core   0: 0x800008c8 (0x643b3fb7) lui     t6, 0x643b3
core   0: 3 0x800008c8 (0x643b3fb7) x31 0x643b3000
core   0: 0x800008cc (0x000012e9) c.addi  t0, -6
core   0: 3 0x800008cc (0x12e9) x5  0xffffffed
core   0: 0x800008ce (0x41bc8d33) sub     s10, s9, s11
core   0: 3 0x800008ce (0x41bc8d33) x26 0x7ffe7889
core   0: 0x800008d2 (0xff82dbe3) bge     t0, s8, pc - 10
core   0: 3 0x800008d2 (0xff82dbe3)
core   0: 0x800008d6 (0x02b59a33) mulh    s4, a1, a1
core   0: 3 0x800008d6 (0x02b59a33) x20 0x00000000
core   0: 0x800008da (0x00000001) c.nop
core   0: 3 0x800008da (0x0001)
core   0: 0x800008dc (0xc4064917) auipc   s2, 0xc4064
core   0: 3 0x800008dc (0xc4064917) x18 0x440648dc
core   0: 0x800008e0 (0xfca3cee3) blt     t2, a0, pc - 36
core   0: 3 0x800008e0 (0xfca3cee3)
core   0: 0x800008bc (0x00008ed9) c.or    a3, a4
core   0: 3 0x800008bc (0x8ed9) x13 0x80025ea0
core   0: 0x800008be (0x00000385) c.addi  t2, 1
core   0: 3 0x800008be (0x0385) x7  0x0000000d
core   0: 0x800008c0 (0x000052fd) c.li    t0, -1
core   0: 3 0x800008c0 (0x52fd) x5  0xffffffff
core   0: 0x800008c2 (0x40555013) srai    zero, a0, 5
core   0: 3 0x800008c2 (0x40555013)
core   0: 0x800008c6 (0x00005c3d) c.li    s8, -17
core   0: 3 0x800008c6 (0x5c3d) x24 0xffffffef
core   0: 0x800008c8 (0x643b3fb7) lui     t6, 0x643b3
core   0: 3 0x800008c8 (0x643b3fb7) x31 0x643b3000
core   0: 0x800008cc (0x000012e9) c.addi  t0, -6
core   0: 3 0x800008cc (0x12e9) x5  0xfffffff9
core   0: 0x800008ce (0x41bc8d33) sub     s10, s9, s11
core   0: 3 0x800008ce (0x41bc8d33) x26 0x7ffe7889
core   0: 0x800008d2 (0xff82dbe3) bge     t0, s8, pc - 10
core   0: 3 0x800008d2 (0xff82dbe3)
core   0: 0x800008c8 (0x643b3fb7) lui     t6, 0x643b3
core   0: 3 0x800008c8 (0x643b3fb7) x31 0x643b3000
core   0: 0x800008cc (0x000012e9) c.addi  t0, -6
core   0: 3 0x800008cc (0x12e9) x5  0xfffffff3
core   0: 0x800008ce (0x41bc8d33) sub     s10, s9, s11
core   0: 3 0x800008ce (0x41bc8d33) x26 0x7ffe7889
core   0: 0x800008d2 (0xff82dbe3) bge     t0, s8, pc - 10
core   0: 3 0x800008d2 (0xff82dbe3)
core   0: 0x800008c8 (0x643b3fb7) lui     t6, 0x643b3
core   0: 3 0x800008c8 (0x643b3fb7) x31 0x643b3000
core   0: 0x800008cc (0x000012e9) c.addi  t0, -6
core   0: 3 0x800008cc (0x12e9) x5  0xffffffed
core   0: 0x800008ce (0x41bc8d33) sub     s10, s9, s11
core   0: 3 0x800008ce (0x41bc8d33) x26 0x7ffe7889
core   0: 0x800008d2 (0xff82dbe3) bge     t0, s8, pc - 10
core   0: 3 0x800008d2 (0xff82dbe3)
core   0: 0x800008d6 (0x02b59a33) mulh    s4, a1, a1
core   0: 3 0x800008d6 (0x02b59a33) x20 0x00000000
core   0: 0x800008da (0x00000001) c.nop
core   0: 3 0x800008da (0x0001)
core   0: 0x800008dc (0xc4064917) auipc   s2, 0xc4064
core   0: 3 0x800008dc (0xc4064917) x18 0x440648dc
core   0: 0x800008e0 (0xfca3cee3) blt     t2, a0, pc - 36
core   0: 3 0x800008e0 (0xfca3cee3)
core   0: 0x800008bc (0x00008ed9) c.or    a3, a4
core   0: 3 0x800008bc (0x8ed9) x13 0x80025ea0
core   0: 0x800008be (0x00000385) c.addi  t2, 1
core   0: 3 0x800008be (0x0385) x7  0x0000000e
core   0: 0x800008c0 (0x000052fd) c.li    t0, -1
core   0: 3 0x800008c0 (0x52fd) x5  0xffffffff
core   0: 0x800008c2 (0x40555013) srai    zero, a0, 5
core   0: 3 0x800008c2 (0x40555013)
core   0: 0x800008c6 (0x00005c3d) c.li    s8, -17
core   0: 3 0x800008c6 (0x5c3d) x24 0xffffffef
core   0: 0x800008c8 (0x643b3fb7) lui     t6, 0x643b3
core   0: 3 0x800008c8 (0x643b3fb7) x31 0x643b3000
core   0: 0x800008cc (0x000012e9) c.addi  t0, -6
core   0: 3 0x800008cc (0x12e9) x5  0xfffffff9
core   0: 0x800008ce (0x41bc8d33) sub     s10, s9, s11
core   0: 3 0x800008ce (0x41bc8d33) x26 0x7ffe7889
core   0: 0x800008d2 (0xff82dbe3) bge     t0, s8, pc - 10
core   0: 3 0x800008d2 (0xff82dbe3)
core   0: 0x800008c8 (0x643b3fb7) lui     t6, 0x643b3
core   0: 3 0x800008c8 (0x643b3fb7) x31 0x643b3000
core   0: 0x800008cc (0x000012e9) c.addi  t0, -6
core   0: 3 0x800008cc (0x12e9) x5  0xfffffff3
core   0: 0x800008ce (0x41bc8d33) sub     s10, s9, s11
core   0: 3 0x800008ce (0x41bc8d33) x26 0x7ffe7889
core   0: 0x800008d2 (0xff82dbe3) bge     t0, s8, pc - 10
core   0: 3 0x800008d2 (0xff82dbe3)
core   0: 0x800008c8 (0x643b3fb7) lui     t6, 0x643b3
core   0: 3 0x800008c8 (0x643b3fb7) x31 0x643b3000
core   0: 0x800008cc (0x000012e9) c.addi  t0, -6
core   0: 3 0x800008cc (0x12e9) x5  0xffffffed
core   0: 0x800008ce (0x41bc8d33) sub     s10, s9, s11
core   0: 3 0x800008ce (0x41bc8d33) x26 0x7ffe7889
core   0: 0x800008d2 (0xff82dbe3) bge     t0, s8, pc - 10
core   0: 3 0x800008d2 (0xff82dbe3)
core   0: 0x800008d6 (0x02b59a33) mulh    s4, a1, a1
core   0: 3 0x800008d6 (0x02b59a33) x20 0x00000000
core   0: 0x800008da (0x00000001) c.nop
core   0: 3 0x800008da (0x0001)
core   0: 0x800008dc (0xc4064917) auipc   s2, 0xc4064
core   0: 3 0x800008dc (0xc4064917) x18 0x440648dc
core   0: 0x800008e0 (0xfca3cee3) blt     t2, a0, pc - 36
core   0: 3 0x800008e0 (0xfca3cee3)
core   0: 0x800008bc (0x00008ed9) c.or    a3, a4
core   0: 3 0x800008bc (0x8ed9) x13 0x80025ea0
core   0: 0x800008be (0x00000385) c.addi  t2, 1
core   0: 3 0x800008be (0x0385) x7  0x0000000f
core   0: 0x800008c0 (0x000052fd) c.li    t0, -1
core   0: 3 0x800008c0 (0x52fd) x5  0xffffffff
core   0: 0x800008c2 (0x40555013) srai    zero, a0, 5
core   0: 3 0x800008c2 (0x40555013)
core   0: 0x800008c6 (0x00005c3d) c.li    s8, -17
core   0: 3 0x800008c6 (0x5c3d) x24 0xffffffef
core   0: 0x800008c8 (0x643b3fb7) lui     t6, 0x643b3
core   0: 3 0x800008c8 (0x643b3fb7) x31 0x643b3000
core   0: 0x800008cc (0x000012e9) c.addi  t0, -6
core   0: 3 0x800008cc (0x12e9) x5  0xfffffff9
core   0: 0x800008ce (0x41bc8d33) sub     s10, s9, s11
core   0: 3 0x800008ce (0x41bc8d33) x26 0x7ffe7889
core   0: 0x800008d2 (0xff82dbe3) bge     t0, s8, pc - 10
core   0: 3 0x800008d2 (0xff82dbe3)
core   0: 0x800008c8 (0x643b3fb7) lui     t6, 0x643b3
core   0: 3 0x800008c8 (0x643b3fb7) x31 0x643b3000
core   0: 0x800008cc (0x000012e9) c.addi  t0, -6
core   0: 3 0x800008cc (0x12e9) x5  0xfffffff3
core   0: 0x800008ce (0x41bc8d33) sub     s10, s9, s11
core   0: 3 0x800008ce (0x41bc8d33) x26 0x7ffe7889
core   0: 0x800008d2 (0xff82dbe3) bge     t0, s8, pc - 10
core   0: 3 0x800008d2 (0xff82dbe3)
core   0: 0x800008c8 (0x643b3fb7) lui     t6, 0x643b3
core   0: 3 0x800008c8 (0x643b3fb7) x31 0x643b3000
core   0: 0x800008cc (0x000012e9) c.addi  t0, -6
core   0: 3 0x800008cc (0x12e9) x5  0xffffffed
core   0: 0x800008ce (0x41bc8d33) sub     s10, s9, s11
core   0: 3 0x800008ce (0x41bc8d33) x26 0x7ffe7889
core   0: 0x800008d2 (0xff82dbe3) bge     t0, s8, pc - 10
core   0: 3 0x800008d2 (0xff82dbe3)
core   0: 0x800008d6 (0x02b59a33) mulh    s4, a1, a1
core   0: 3 0x800008d6 (0x02b59a33) x20 0x00000000
core   0: 0x800008da (0x00000001) c.nop
core   0: 3 0x800008da (0x0001)
core   0: 0x800008dc (0xc4064917) auipc   s2, 0xc4064
core   0: 3 0x800008dc (0xc4064917) x18 0x440648dc
core   0: 0x800008e0 (0xfca3cee3) blt     t2, a0, pc - 36
core   0: 3 0x800008e0 (0xfca3cee3)
core   0: 0x800008bc (0x00008ed9) c.or    a3, a4
core   0: 3 0x800008bc (0x8ed9) x13 0x80025ea0
core   0: 0x800008be (0x00000385) c.addi  t2, 1
core   0: 3 0x800008be (0x0385) x7  0x00000010
core   0: 0x800008c0 (0x000052fd) c.li    t0, -1
core   0: 3 0x800008c0 (0x52fd) x5  0xffffffff
core   0: 0x800008c2 (0x40555013) srai    zero, a0, 5
core   0: 3 0x800008c2 (0x40555013)
core   0: 0x800008c6 (0x00005c3d) c.li    s8, -17
core   0: 3 0x800008c6 (0x5c3d) x24 0xffffffef
core   0: 0x800008c8 (0x643b3fb7) lui     t6, 0x643b3
core   0: 3 0x800008c8 (0x643b3fb7) x31 0x643b3000
core   0: 0x800008cc (0x000012e9) c.addi  t0, -6
core   0: 3 0x800008cc (0x12e9) x5  0xfffffff9
core   0: 0x800008ce (0x41bc8d33) sub     s10, s9, s11
core   0: 3 0x800008ce (0x41bc8d33) x26 0x7ffe7889
core   0: 0x800008d2 (0xff82dbe3) bge     t0, s8, pc - 10
core   0: 3 0x800008d2 (0xff82dbe3)
core   0: 0x800008c8 (0x643b3fb7) lui     t6, 0x643b3
core   0: 3 0x800008c8 (0x643b3fb7) x31 0x643b3000
core   0: 0x800008cc (0x000012e9) c.addi  t0, -6
core   0: 3 0x800008cc (0x12e9) x5  0xfffffff3
core   0: 0x800008ce (0x41bc8d33) sub     s10, s9, s11
core   0: 3 0x800008ce (0x41bc8d33) x26 0x7ffe7889
core   0: 0x800008d2 (0xff82dbe3) bge     t0, s8, pc - 10
core   0: 3 0x800008d2 (0xff82dbe3)
core   0: 0x800008c8 (0x643b3fb7) lui     t6, 0x643b3
core   0: 3 0x800008c8 (0x643b3fb7) x31 0x643b3000
core   0: 0x800008cc (0x000012e9) c.addi  t0, -6
core   0: 3 0x800008cc (0x12e9) x5  0xffffffed
core   0: 0x800008ce (0x41bc8d33) sub     s10, s9, s11
core   0: 3 0x800008ce (0x41bc8d33) x26 0x7ffe7889
core   0: 0x800008d2 (0xff82dbe3) bge     t0, s8, pc - 10
core   0: 3 0x800008d2 (0xff82dbe3)
core   0: 0x800008d6 (0x02b59a33) mulh    s4, a1, a1
core   0: 3 0x800008d6 (0x02b59a33) x20 0x00000000
core   0: 0x800008da (0x00000001) c.nop
core   0: 3 0x800008da (0x0001)
core   0: 0x800008dc (0xc4064917) auipc   s2, 0xc4064
core   0: 3 0x800008dc (0xc4064917) x18 0x440648dc
core   0: 0x800008e0 (0xfca3cee3) blt     t2, a0, pc - 36
core   0: 3 0x800008e0 (0xfca3cee3)
core   0: 0x800008bc (0x00008ed9) c.or    a3, a4
core   0: 3 0x800008bc (0x8ed9) x13 0x80025ea0
core   0: 0x800008be (0x00000385) c.addi  t2, 1
core   0: 3 0x800008be (0x0385) x7  0x00000011
core   0: 0x800008c0 (0x000052fd) c.li    t0, -1
core   0: 3 0x800008c0 (0x52fd) x5  0xffffffff
core   0: 0x800008c2 (0x40555013) srai    zero, a0, 5
core   0: 3 0x800008c2 (0x40555013)
core   0: 0x800008c6 (0x00005c3d) c.li    s8, -17
core   0: 3 0x800008c6 (0x5c3d) x24 0xffffffef
core   0: 0x800008c8 (0x643b3fb7) lui     t6, 0x643b3
core   0: 3 0x800008c8 (0x643b3fb7) x31 0x643b3000
core   0: 0x800008cc (0x000012e9) c.addi  t0, -6
core   0: 3 0x800008cc (0x12e9) x5  0xfffffff9
core   0: 0x800008ce (0x41bc8d33) sub     s10, s9, s11
core   0: 3 0x800008ce (0x41bc8d33) x26 0x7ffe7889
core   0: 0x800008d2 (0xff82dbe3) bge     t0, s8, pc - 10
core   0: 3 0x800008d2 (0xff82dbe3)
core   0: 0x800008c8 (0x643b3fb7) lui     t6, 0x643b3
core   0: 3 0x800008c8 (0x643b3fb7) x31 0x643b3000
core   0: 0x800008cc (0x000012e9) c.addi  t0, -6
core   0: 3 0x800008cc (0x12e9) x5  0xfffffff3
core   0: 0x800008ce (0x41bc8d33) sub     s10, s9, s11
core   0: 3 0x800008ce (0x41bc8d33) x26 0x7ffe7889
core   0: 0x800008d2 (0xff82dbe3) bge     t0, s8, pc - 10
core   0: 3 0x800008d2 (0xff82dbe3)
core   0: 0x800008c8 (0x643b3fb7) lui     t6, 0x643b3
core   0: 3 0x800008c8 (0x643b3fb7) x31 0x643b3000
core   0: 0x800008cc (0x000012e9) c.addi  t0, -6
core   0: 3 0x800008cc (0x12e9) x5  0xffffffed
core   0: 0x800008ce (0x41bc8d33) sub     s10, s9, s11
core   0: 3 0x800008ce (0x41bc8d33) x26 0x7ffe7889
core   0: 0x800008d2 (0xff82dbe3) bge     t0, s8, pc - 10
core   0: 3 0x800008d2 (0xff82dbe3)
core   0: 0x800008d6 (0x02b59a33) mulh    s4, a1, a1
core   0: 3 0x800008d6 (0x02b59a33) x20 0x00000000
core   0: 0x800008da (0x00000001) c.nop
core   0: 3 0x800008da (0x0001)
core   0: 0x800008dc (0xc4064917) auipc   s2, 0xc4064
core   0: 3 0x800008dc (0xc4064917) x18 0x440648dc
core   0: 0x800008e0 (0xfca3cee3) blt     t2, a0, pc - 36
core   0: 3 0x800008e0 (0xfca3cee3)
core   0: 0x800008bc (0x00008ed9) c.or    a3, a4
core   0: 3 0x800008bc (0x8ed9) x13 0x80025ea0
core   0: 0x800008be (0x00000385) c.addi  t2, 1
core   0: 3 0x800008be (0x0385) x7  0x00000012
core   0: 0x800008c0 (0x000052fd) c.li    t0, -1
core   0: 3 0x800008c0 (0x52fd) x5  0xffffffff
core   0: 0x800008c2 (0x40555013) srai    zero, a0, 5
core   0: 3 0x800008c2 (0x40555013)
core   0: 0x800008c6 (0x00005c3d) c.li    s8, -17
core   0: 3 0x800008c6 (0x5c3d) x24 0xffffffef
core   0: 0x800008c8 (0x643b3fb7) lui     t6, 0x643b3
core   0: 3 0x800008c8 (0x643b3fb7) x31 0x643b3000
core   0: 0x800008cc (0x000012e9) c.addi  t0, -6
core   0: 3 0x800008cc (0x12e9) x5  0xfffffff9
core   0: 0x800008ce (0x41bc8d33) sub     s10, s9, s11
core   0: 3 0x800008ce (0x41bc8d33) x26 0x7ffe7889
core   0: 0x800008d2 (0xff82dbe3) bge     t0, s8, pc - 10
core   0: 3 0x800008d2 (0xff82dbe3)
core   0: 0x800008c8 (0x643b3fb7) lui     t6, 0x643b3
core   0: 3 0x800008c8 (0x643b3fb7) x31 0x643b3000
core   0: 0x800008cc (0x000012e9) c.addi  t0, -6
core   0: 3 0x800008cc (0x12e9) x5  0xfffffff3
core   0: 0x800008ce (0x41bc8d33) sub     s10, s9, s11
core   0: 3 0x800008ce (0x41bc8d33) x26 0x7ffe7889
core   0: 0x800008d2 (0xff82dbe3) bge     t0, s8, pc - 10
core   0: 3 0x800008d2 (0xff82dbe3)
core   0: 0x800008c8 (0x643b3fb7) lui     t6, 0x643b3
core   0: 3 0x800008c8 (0x643b3fb7) x31 0x643b3000
core   0: 0x800008cc (0x000012e9) c.addi  t0, -6
core   0: 3 0x800008cc (0x12e9) x5  0xffffffed
core   0: 0x800008ce (0x41bc8d33) sub     s10, s9, s11
core   0: 3 0x800008ce (0x41bc8d33) x26 0x7ffe7889
core   0: 0x800008d2 (0xff82dbe3) bge     t0, s8, pc - 10
core   0: 3 0x800008d2 (0xff82dbe3)
core   0: 0x800008d6 (0x02b59a33) mulh    s4, a1, a1
core   0: 3 0x800008d6 (0x02b59a33) x20 0x00000000
core   0: 0x800008da (0x00000001) c.nop
core   0: 3 0x800008da (0x0001)
core   0: 0x800008dc (0xc4064917) auipc   s2, 0xc4064
core   0: 3 0x800008dc (0xc4064917) x18 0x440648dc
core   0: 0x800008e0 (0xfca3cee3) blt     t2, a0, pc - 36
core   0: 3 0x800008e0 (0xfca3cee3)
core   0: 0x800008bc (0x00008ed9) c.or    a3, a4
core   0: 3 0x800008bc (0x8ed9) x13 0x80025ea0
core   0: 0x800008be (0x00000385) c.addi  t2, 1
core   0: 3 0x800008be (0x0385) x7  0x00000013
core   0: 0x800008c0 (0x000052fd) c.li    t0, -1
core   0: 3 0x800008c0 (0x52fd) x5  0xffffffff
core   0: 0x800008c2 (0x40555013) srai    zero, a0, 5
core   0: 3 0x800008c2 (0x40555013)
core   0: 0x800008c6 (0x00005c3d) c.li    s8, -17
core   0: 3 0x800008c6 (0x5c3d) x24 0xffffffef
core   0: 0x800008c8 (0x643b3fb7) lui     t6, 0x643b3
core   0: 3 0x800008c8 (0x643b3fb7) x31 0x643b3000
core   0: 0x800008cc (0x000012e9) c.addi  t0, -6
core   0: 3 0x800008cc (0x12e9) x5  0xfffffff9
core   0: 0x800008ce (0x41bc8d33) sub     s10, s9, s11
core   0: 3 0x800008ce (0x41bc8d33) x26 0x7ffe7889
core   0: 0x800008d2 (0xff82dbe3) bge     t0, s8, pc - 10
core   0: 3 0x800008d2 (0xff82dbe3)
core   0: 0x800008c8 (0x643b3fb7) lui     t6, 0x643b3
core   0: 3 0x800008c8 (0x643b3fb7) x31 0x643b3000
core   0: 0x800008cc (0x000012e9) c.addi  t0, -6
core   0: 3 0x800008cc (0x12e9) x5  0xfffffff3
core   0: 0x800008ce (0x41bc8d33) sub     s10, s9, s11
core   0: 3 0x800008ce (0x41bc8d33) x26 0x7ffe7889
core   0: 0x800008d2 (0xff82dbe3) bge     t0, s8, pc - 10
core   0: 3 0x800008d2 (0xff82dbe3)
core   0: 0x800008c8 (0x643b3fb7) lui     t6, 0x643b3
core   0: 3 0x800008c8 (0x643b3fb7) x31 0x643b3000
core   0: 0x800008cc (0x000012e9) c.addi  t0, -6
core   0: 3 0x800008cc (0x12e9) x5  0xffffffed
core   0: 0x800008ce (0x41bc8d33) sub     s10, s9, s11
core   0: 3 0x800008ce (0x41bc8d33) x26 0x7ffe7889
core   0: 0x800008d2 (0xff82dbe3) bge     t0, s8, pc - 10
core   0: 3 0x800008d2 (0xff82dbe3)
core   0: 0x800008d6 (0x02b59a33) mulh    s4, a1, a1
core   0: 3 0x800008d6 (0x02b59a33) x20 0x00000000
core   0: 0x800008da (0x00000001) c.nop
core   0: 3 0x800008da (0x0001)
core   0: 0x800008dc (0xc4064917) auipc   s2, 0xc4064
core   0: 3 0x800008dc (0xc4064917) x18 0x440648dc
core   0: 0x800008e0 (0xfca3cee3) blt     t2, a0, pc - 36
core   0: 3 0x800008e0 (0xfca3cee3)
core   0: 0x800008e4 (0x00009fb6) c.add   t6, a3
core   0: 3 0x800008e4 (0x9fb6) x31 0xe43d8ea0
core   0: 0x800008e6 (0x0001e497) auipc   s1, 0x1e
core   0: 3 0x800008e6 (0x0001e497) x9  0x8001e8e6
core   0: 0x800008ea (0x4f648493) addi    s1, s1, 1270
core   0: 3 0x800008ea (0x4f648493) x9  0x8001eddc
core   0: 0x800008ee (0xff84aa23) sw      s8, -12(s1)
core   0: 3 0x800008ee (0xff84aa23) mem 0x8001edd0 0xffffffef
core   0: 0x800008f2 (0x00004da1) c.li    s11, 8
core   0: 3 0x800008f2 (0x4da1) x27 0x00000008
core   0: 0x800008f4 (0x0000810d) c.srli  a0, 3
core   0: 3 0x800008f4 (0x810d) x10 0x00000002
core   0: 0x800008f6 (0xff44dc03) lhu     s8, -12(s1)
core   0: 3 0x800008f6 (0xff44dc03) x24 0x0000ffef mem 0x8001edd0
core   0: 0x800008fa (0xffd4aa23) sw      t4, -12(s1)
core   0: 3 0x800008fa (0xffd4aa23) mem 0x8001edd0 0x00000000
core   0: 0x800008fe (0xff44dd83) lhu     s11, -12(s1)
core   0: 3 0x800008fe (0xff44dd83) x27 0x00000000 mem 0x8001edd0
core   0: 0x80000902 (0xff44ab03) lw      s6, -12(s1)
core   0: 3 0x80000902 (0xff44ab03) x22 0x00000000 mem 0x8001edd0
core   0: 0x80000906 (0xff44d403) lhu     s0, -12(s1)
core   0: 3 0x80000906 (0xff44d403) x8  0x00000000 mem 0x8001edd0
core   0: 0x8000090a (0x00008385) c.srli  a5, 1
core   0: 3 0x8000090a (0x8385) x15 0x00000000
core   0: 0x8000090c (0xff448083) lb      ra, -12(s1)
core   0: 3 0x8000090c (0xff448083) x1  0x00000000 mem 0x8001edd0
core   0: 0x80000910 (0x03420533) mul     a0, tp, s4
core   0: 3 0x80000910 (0x03420533) x10 0x00000000
core   0: 0x80000914 (0xff448783) lb      a5, -12(s1)
core   0: 3 0x80000914 (0xff448783) x15 0x00000000 mem 0x8001edd0
core   0: 0x80000918 (0xff44d003) lhu     zero, -12(s1)
core   0: 3 0x80000918 (0xff44d003) mem 0x8001edd0
core   0: 0x8000091c (0xff448103) lb      sp, -12(s1)
core   0: 3 0x8000091c (0xff448103) x2  0x00000000 mem 0x8001edd0
core   0: 0x80000920 (0x413fdeb3) sra     t4, t6, s3
core   0: 3 0x80000920 (0x413fdeb3) x29 0xfe43d8ea
core   0: 0x80000924 (0xffe49683) lh      a3, -2(s1)
core   0: 3 0x80000924 (0xffe49683) x13 0x00000000 mem 0x8001edda
core   0: 0x80000928 (0xfe149f23) sh      ra, -2(s1)
core   0: 3 0x80000928 (0xfe149f23) mem 0x8001edda 0x0000
core   0: 0x8000092c (0xffe4c683) lbu     a3, -2(s1)
core   0: 3 0x8000092c (0xffe4c683) x13 0x00000000 mem 0x8001edda
core   0: 0x80000930 (0xffe4ca03) lbu     s4, -2(s1)
core   0: 3 0x80000930 (0xffe4ca03) x20 0x00000000 mem 0x8001edda
core   0: 0x80000934 (0xffe49a83) lh      s5, -2(s1)
core   0: 3 0x80000934 (0xffe49a83) x21 0x00000000 mem 0x8001edda
core   0: 0x80000938 (0xfe248f23) sb      sp, -2(s1)
core   0: 3 0x80000938 (0xfe248f23) mem 0x8001edda 0x00
core   0: 0x8000093c (0x6ce98f93) addi    t6, s3, 1742
core   0: 3 0x8000093c (0x6ce98f93) x31 0x8002a3f2
core   0: 0x80000940 (0x013f81b3) add     gp, t6, s3
core   0: 3 0x80000940 (0x013f81b3) x3  0x00054116
core   0: 0x80000944 (0xff648f23) sb      s6, -2(s1)
core   0: 3 0x80000944 (0xff648f23) mem 0x8001edda 0x00
core   0: 0x80000948 (0xffe48b83) lb      s7, -2(s1)
core   0: 3 0x80000948 (0xffe48b83) x23 0x00000000 mem 0x8001edda
core   0: 0x8000094c (0x0001d617) auipc   a2, 0x1d
core   0: 3 0x8000094c (0x0001d617) x12 0x8001d94c
core   0: 0x80000950 (0x0f760613) addi    a2, a2, 247
core   0: 3 0x80000950 (0x0f760613) x12 0x8001da43
core   0: 0x80000954 (0x02878e33) mul     t3, a5, s0
core   0: 3 0x80000954 (0x02878e33) x28 0x00000000
core   0: 0x80000958 (0x0159e6b3) or      a3, s3, s5
core   0: 3 0x80000958 (0x0159e6b3) x13 0x80029d24
core   0: 0x8000095c (0x00009afd) c.andi  a3, -1
core   0: 3 0x8000095c (0x9afd) x13 0x80029d24
core   0: 0x8000095e (0xd0597113) andi    sp, s2, -763
core   0: 3 0x8000095e (0xd0597113) x2  0x44064804
core   0: 0x80000962 (0x40a95cb3) sra     s9, s2, a0
core   0: 3 0x80000962 (0x40a95cb3) x25 0x440648dc
core   0: 0x80000966 (0x00760423) sb      t2, 8(a2)
core   0: 3 0x80000966 (0x00760423) mem 0x8001da4b 0x13
core   0: 0x8000096a (0xfd962d83) lw      s11, -39(a2)
core   0: 3 0x8000096a (0xfd962d83) x27 0x00000000 mem 0x8001da1c
core   0: 0x8000096e (0x01535233) srl     tp, t1, s5
core   0: 3 0x8000096e (0x01535233) x4  0x8000089e
core   0: 0x80000972 (0x00008dc1) c.or    a1, s0
core   0: 3 0x80000972 (0x8dc1) x11 0xffffffff
core   0: 0x80000974 (0xfc2601a3) sb      sp, -61(a2)
core   0: 3 0x80000974 (0xfc2601a3) mem 0x8001da06 0x04
core   0: 0x80000978 (0x02533433) mulhu   s0, t1, t0
core   0: 3 0x80000978 (0x02533433) x8  0x80000894
core   0: 0x8000097c (0xf2b60f23) sb      a1, -194(a2)
core   0: 3 0x8000097c (0xf2b60f23) mem 0x8001d981 0xff
core   0: 0x80000980 (0xf9364c03) lbu     s8, -109(a2)
core   0: 3 0x80000980 (0xf9364c03) x24 0x00000000 mem 0x8001d9d6
core   0: 0x80000984 (0xafd26d93) ori     s11, tp, -1283
core   0: 3 0x80000984 (0xafd26d93) x27 0xfffffaff
core   0: 0x80000988 (0x03464483) lbu     s1, 52(a2)
core   0: 3 0x80000988 (0x03464483) x9  0x00000000 mem 0x8001da77
core   0: 0x8000098c (0x0b960303) lb      t1, 185(a2)
core   0: 3 0x8000098c (0x0b960303) x6  0x00000000 mem 0x8001dafc
core   0: 0x80000990 (0xf1b60523) sb      s11, -246(a2)
core   0: 3 0x80000990 (0xf1b60523) mem 0x8001d94d 0xff
core   0: 0x80000994 (0x00008da2) c.mv    s11, s0
core   0: 3 0x80000994 (0x8da2) x27 0x80000894
core   0: 0x80000996 (0xfc260023) sb      sp, -64(a2)
core   0: 3 0x80000996 (0xfc260023) mem 0x8001da03 0x04
core   0: 0x8000099a (0x0f360403) lb      s0, 243(a2)
core   0: 3 0x8000099a (0x0f360403) x8  0x00000000 mem 0x8001db36
core   0: 0x8000099e (0x005140b3) xor     ra, sp, t0
core   0: 3 0x8000099e (0x005140b3) x1  0xbbf9b7e9
core   0: 0x800009a2 (0x259a4d93) xori    s11, s4, 601
core   0: 3 0x800009a2 (0x259a4d93) x27 0x00000259
core   0: 0x800009a6 (0x00361ea3) sh      gp, 29(a2)
core   0: 3 0x800009a6 (0x00361ea3) mem 0x8001da60 0x4116
core   0: 0x800009aa (0x006a5393) srli    t2, s4, 6
core   0: 3 0x800009aa (0x006a5393) x7  0x00000000
core   0: 0x800009ae (0x0e060683) lb      a3, 224(a2)
core   0: 3 0x800009ae (0x0e060683) x13 0x00000000 mem 0x8001db23
core   0: 0x800009b2 (0xfb764403) lbu     s0, -73(a2)
core   0: 3 0x800009b2 (0xfb764403) x8  0x00000000 mem 0x8001d9fa
core   0: 0x800009b6 (0x00006b61) c.lui   s6, 0x18
core   0: 3 0x800009b6 (0x6b61) x22 0x00018000
core   0: 0x800009b8 (0x00008199) c.srli  a1, 6
core   0: 3 0x800009b8 (0x8199) x11 0x03ffffff
core   0: 0x800009ba (0xf3e64903) lbu     s2, -194(a2)
core   0: 3 0x800009ba (0xf3e64903) x18 0x000000ff mem 0x8001d981
core   0: 0x800009be (0x00000001) c.nop
core   0: 3 0x800009be (0x0001)
core   0: 0x800009c0 (0x03e609a3) sb      t5, 51(a2)
core   0: 3 0x800009c0 (0x03e609a3) mem 0x8001da76 0xa4
core   0: 0x800009c4 (0x0f960583) lb      a1, 249(a2)
core   0: 3 0x800009c4 (0x0f960583) x11 0x00000000 mem 0x8001db3c
core   0: 0x800009c8 (0x04a64903) lbu     s2, 74(a2)
core   0: 3 0x800009c8 (0x04a64903) x18 0x00000000 mem 0x8001da8d
core   0: 0x800009cc (0x01260923) sb      s2, 18(a2)
core   0: 3 0x800009cc (0x01260923) mem 0x8001da55 0x00
core   0: 0x800009d0 (0x10060903) lb      s2, 256(a2)
core   0: 3 0x800009d0 (0x10060903) x18 0x00000000 mem 0x8001db43
core   0: 0x800009d4 (0x04b605a3) sb      a1, 75(a2)
core   0: 3 0x800009d4 (0x04b605a3) mem 0x8001da8e 0x00
core   0: 0x800009d8 (0x08c614a3) sh      a2, 137(a2)
core   0: 3 0x800009d8 (0x08c614a3) mem 0x8001dacc 0xda43
core   0: 0x800009dc (0x00008292) c.mv    t0, tp
core   0: 3 0x800009dc (0x8292) x5  0x8000089e
core   0: 0x800009de (0x00e60523) sb      a4, 10(a2)
core   0: 3 0x800009de (0x00e60523) mem 0x8001da4d 0x00
core   0: 0x800009e2 (0xb74cf713) andi    a4, s9, -1164
core   0: 3 0x800009e2 (0xb74cf713) x14 0x44064854
core   0: 0x800009e6 (0x017bfcb3) and     s9, s7, s7
core   0: 3 0x800009e6 (0x017bfcb3) x25 0x00000000
core   0: 0x800009ea (0x00f334b3) sltu    s1, t1, a5
core   0: 3 0x800009ea (0x00f334b3) x9  0x00000000
core   0: 0x800009ee (0xe82fed93) ori     s11, t6, -382
core   0: 3 0x800009ee (0xe82fed93) x27 0xfffffff2
core   0: 0x800009f2 (0xfbf604a3) sb      t6, -87(a2)
core   0: 3 0x800009f2 (0xfbf604a3) mem 0x8001d9ec 0xf2
core   0: 0x800009f6 (0xf9560523) sb      s5, -118(a2)
core   0: 3 0x800009f6 (0xf9560523) mem 0x8001d9cd 0x00
core   0: 0x800009fa (0x00005469) c.li    s0, -6
core   0: 3 0x800009fa (0x5469) x8  0xfffffffa
core   0: 0x800009fc (0x40e00333) sub     t1, zero, a4
core   0: 3 0x800009fc (0x40e00333) x6  0xbbf9b7ac
core   0: 0x80000a00 (0x00008585) c.srai  a1, 1
core   0: 3 0x80000a00 (0x8585) x11 0x00000000
core   0: 0x80000a02 (0x00000001) c.nop
core   0: 3 0x80000a02 (0x0001)
core   0: 0x80000a04 (0x00000001) c.nop
core   0: 3 0x80000a04 (0x0001)
core   0: 0x80000a06 (0x0276c133) div     sp, a3, t2
core   0: 3 0x80000a06 (0x0276c133) x2  0xffffffff
core   0: 0x80000a0a (0x00000405) c.addi  s0, 1
core   0: 3 0x80000a0a (0x0405) x8  0xfffffffb
core   0: 0x80000a0c (0x00005ed9) c.li    t4, -10
core   0: 3 0x80000a0c (0x5ed9) x29 0xfffffff6
core   0: 0x80000a0e (0x00004555) c.li    a0, 21
core   0: 3 0x80000a0e (0x4555) x10 0x00000015
core   0: 0x80000a10 (0x00004c39) c.li    s8, 14
core   0: 3 0x80000a10 (0x4c39) x24 0x0000000e
core   0: 0x80000a12 (0x000011fd) c.addi  gp, -1
core   0: 3 0x80000a12 (0x11fd) x3  0x00054115
core   0: 0x80000a14 (0x0000557d) c.li    a0, -1
core   0: 3 0x80000a14 (0x557d) x10 0xffffffff
core   0: 0x80000a16 (0x00006e25) c.lui   t3, 0x9
core   0: 3 0x80000a16 (0x6e25) x28 0x00009000
core   0: 0x80000a18 (0x00000e85) c.addi  t4, 1
core   0: 3 0x80000a18 (0x0e85) x29 0xfffffff7
core   0: 0x80000a1a (0x01ac2d33) slt     s10, s8, s10
core   0: 3 0x80000a1a (0x01ac2d33) x26 0x00000001
core   0: 0x80000a1e (0xff8e8ce3) beq     t4, s8, pc - 8
core   0: 3 0x80000a1e (0xff8e8ce3)
core   0: 0x80000a22 (0x00004679) c.li    a2, 30
core   0: 3 0x80000a22 (0x4679) x12 0x0000001e
core   0: 0x80000a24 (0x00000001) c.nop
core   0: 3 0x80000a24 (0x0001)
core   0: 0x80000a26 (0x0000fc79) c.bnez  s0, pc - 34
core   0: 3 0x80000a26 (0xfc79)
core   0: 0x80000a04 (0x00000001) c.nop
core   0: 3 0x80000a04 (0x0001)
core   0: 0x80000a06 (0x0276c133) div     sp, a3, t2
core   0: 3 0x80000a06 (0x0276c133) x2  0xffffffff
core   0: 0x80000a0a (0x00000405) c.addi  s0, 1
core   0: 3 0x80000a0a (0x0405) x8  0xfffffffc
core   0: 0x80000a0c (0x00005ed9) c.li    t4, -10
core   0: 3 0x80000a0c (0x5ed9) x29 0xfffffff6
core   0: 0x80000a0e (0x00004555) c.li    a0, 21
core   0: 3 0x80000a0e (0x4555) x10 0x00000015
core   0: 0x80000a10 (0x00004c39) c.li    s8, 14
core   0: 3 0x80000a10 (0x4c39) x24 0x0000000e
core   0: 0x80000a12 (0x000011fd) c.addi  gp, -1
core   0: 3 0x80000a12 (0x11fd) x3  0x00054114
core   0: 0x80000a14 (0x0000557d) c.li    a0, -1
core   0: 3 0x80000a14 (0x557d) x10 0xffffffff
core   0: 0x80000a16 (0x00006e25) c.lui   t3, 0x9
core   0: 3 0x80000a16 (0x6e25) x28 0x00009000
core   0: 0x80000a18 (0x00000e85) c.addi  t4, 1
core   0: 3 0x80000a18 (0x0e85) x29 0xfffffff7
core   0: 0x80000a1a (0x01ac2d33) slt     s10, s8, s10
core   0: 3 0x80000a1a (0x01ac2d33) x26 0x00000000
core   0: 0x80000a1e (0xff8e8ce3) beq     t4, s8, pc - 8
core   0: 3 0x80000a1e (0xff8e8ce3)
core   0: 0x80000a22 (0x00004679) c.li    a2, 30
core   0: 3 0x80000a22 (0x4679) x12 0x0000001e
core   0: 0x80000a24 (0x00000001) c.nop
core   0: 3 0x80000a24 (0x0001)
core   0: 0x80000a26 (0x0000fc79) c.bnez  s0, pc - 34
core   0: 3 0x80000a26 (0xfc79)
core   0: 0x80000a04 (0x00000001) c.nop
core   0: 3 0x80000a04 (0x0001)
core   0: 0x80000a06 (0x0276c133) div     sp, a3, t2
core   0: 3 0x80000a06 (0x0276c133) x2  0xffffffff
core   0: 0x80000a0a (0x00000405) c.addi  s0, 1
core   0: 3 0x80000a0a (0x0405) x8  0xfffffffd
core   0: 0x80000a0c (0x00005ed9) c.li    t4, -10
core   0: 3 0x80000a0c (0x5ed9) x29 0xfffffff6
core   0: 0x80000a0e (0x00004555) c.li    a0, 21
core   0: 3 0x80000a0e (0x4555) x10 0x00000015
core   0: 0x80000a10 (0x00004c39) c.li    s8, 14
core   0: 3 0x80000a10 (0x4c39) x24 0x0000000e
core   0: 0x80000a12 (0x000011fd) c.addi  gp, -1
core   0: 3 0x80000a12 (0x11fd) x3  0x00054113
core   0: 0x80000a14 (0x0000557d) c.li    a0, -1
core   0: 3 0x80000a14 (0x557d) x10 0xffffffff
core   0: 0x80000a16 (0x00006e25) c.lui   t3, 0x9
core   0: 3 0x80000a16 (0x6e25) x28 0x00009000
core   0: 0x80000a18 (0x00000e85) c.addi  t4, 1
core   0: 3 0x80000a18 (0x0e85) x29 0xfffffff7
core   0: 0x80000a1a (0x01ac2d33) slt     s10, s8, s10
core   0: 3 0x80000a1a (0x01ac2d33) x26 0x00000000
core   0: 0x80000a1e (0xff8e8ce3) beq     t4, s8, pc - 8
core   0: 3 0x80000a1e (0xff8e8ce3)
core   0: 0x80000a22 (0x00004679) c.li    a2, 30
core   0: 3 0x80000a22 (0x4679) x12 0x0000001e
core   0: 0x80000a24 (0x00000001) c.nop
core   0: 3 0x80000a24 (0x0001)
core   0: 0x80000a26 (0x0000fc79) c.bnez  s0, pc - 34
core   0: 3 0x80000a26 (0xfc79)
core   0: 0x80000a04 (0x00000001) c.nop
core   0: 3 0x80000a04 (0x0001)
core   0: 0x80000a06 (0x0276c133) div     sp, a3, t2
core   0: 3 0x80000a06 (0x0276c133) x2  0xffffffff
core   0: 0x80000a0a (0x00000405) c.addi  s0, 1
core   0: 3 0x80000a0a (0x0405) x8  0xfffffffe
core   0: 0x80000a0c (0x00005ed9) c.li    t4, -10
core   0: 3 0x80000a0c (0x5ed9) x29 0xfffffff6
core   0: 0x80000a0e (0x00004555) c.li    a0, 21
core   0: 3 0x80000a0e (0x4555) x10 0x00000015
core   0: 0x80000a10 (0x00004c39) c.li    s8, 14
core   0: 3 0x80000a10 (0x4c39) x24 0x0000000e
core   0: 0x80000a12 (0x000011fd) c.addi  gp, -1
core   0: 3 0x80000a12 (0x11fd) x3  0x00054112
core   0: 0x80000a14 (0x0000557d) c.li    a0, -1
core   0: 3 0x80000a14 (0x557d) x10 0xffffffff
core   0: 0x80000a16 (0x00006e25) c.lui   t3, 0x9
core   0: 3 0x80000a16 (0x6e25) x28 0x00009000
core   0: 0x80000a18 (0x00000e85) c.addi  t4, 1
core   0: 3 0x80000a18 (0x0e85) x29 0xfffffff7
core   0: 0x80000a1a (0x01ac2d33) slt     s10, s8, s10
core   0: 3 0x80000a1a (0x01ac2d33) x26 0x00000000
core   0: 0x80000a1e (0xff8e8ce3) beq     t4, s8, pc - 8
core   0: 3 0x80000a1e (0xff8e8ce3)
core   0: 0x80000a22 (0x00004679) c.li    a2, 30
core   0: 3 0x80000a22 (0x4679) x12 0x0000001e
core   0: 0x80000a24 (0x00000001) c.nop
core   0: 3 0x80000a24 (0x0001)
core   0: 0x80000a26 (0x0000fc79) c.bnez  s0, pc - 34
core   0: 3 0x80000a26 (0xfc79)
core   0: 0x80000a04 (0x00000001) c.nop
core   0: 3 0x80000a04 (0x0001)
core   0: 0x80000a06 (0x0276c133) div     sp, a3, t2
core   0: 3 0x80000a06 (0x0276c133) x2  0xffffffff
core   0: 0x80000a0a (0x00000405) c.addi  s0, 1
core   0: 3 0x80000a0a (0x0405) x8  0xffffffff
core   0: 0x80000a0c (0x00005ed9) c.li    t4, -10
core   0: 3 0x80000a0c (0x5ed9) x29 0xfffffff6
core   0: 0x80000a0e (0x00004555) c.li    a0, 21
core   0: 3 0x80000a0e (0x4555) x10 0x00000015
core   0: 0x80000a10 (0x00004c39) c.li    s8, 14
core   0: 3 0x80000a10 (0x4c39) x24 0x0000000e
core   0: 0x80000a12 (0x000011fd) c.addi  gp, -1
core   0: 3 0x80000a12 (0x11fd) x3  0x00054111
core   0: 0x80000a14 (0x0000557d) c.li    a0, -1
core   0: 3 0x80000a14 (0x557d) x10 0xffffffff
core   0: 0x80000a16 (0x00006e25) c.lui   t3, 0x9
core   0: 3 0x80000a16 (0x6e25) x28 0x00009000
core   0: 0x80000a18 (0x00000e85) c.addi  t4, 1
core   0: 3 0x80000a18 (0x0e85) x29 0xfffffff7
core   0: 0x80000a1a (0x01ac2d33) slt     s10, s8, s10
core   0: 3 0x80000a1a (0x01ac2d33) x26 0x00000000
core   0: 0x80000a1e (0xff8e8ce3) beq     t4, s8, pc - 8
core   0: 3 0x80000a1e (0xff8e8ce3)
core   0: 0x80000a22 (0x00004679) c.li    a2, 30
core   0: 3 0x80000a22 (0x4679) x12 0x0000001e
core   0: 0x80000a24 (0x00000001) c.nop
core   0: 3 0x80000a24 (0x0001)
core   0: 0x80000a26 (0x0000fc79) c.bnez  s0, pc - 34
core   0: 3 0x80000a26 (0xfc79)
core   0: 0x80000a04 (0x00000001) c.nop
core   0: 3 0x80000a04 (0x0001)
core   0: 0x80000a06 (0x0276c133) div     sp, a3, t2
core   0: 3 0x80000a06 (0x0276c133) x2  0xffffffff
core   0: 0x80000a0a (0x00000405) c.addi  s0, 1
core   0: 3 0x80000a0a (0x0405) x8  0x00000000
core   0: 0x80000a0c (0x00005ed9) c.li    t4, -10
core   0: 3 0x80000a0c (0x5ed9) x29 0xfffffff6
core   0: 0x80000a0e (0x00004555) c.li    a0, 21
core   0: 3 0x80000a0e (0x4555) x10 0x00000015
core   0: 0x80000a10 (0x00004c39) c.li    s8, 14
core   0: 3 0x80000a10 (0x4c39) x24 0x0000000e
core   0: 0x80000a12 (0x000011fd) c.addi  gp, -1
core   0: 3 0x80000a12 (0x11fd) x3  0x00054110
core   0: 0x80000a14 (0x0000557d) c.li    a0, -1
core   0: 3 0x80000a14 (0x557d) x10 0xffffffff
core   0: 0x80000a16 (0x00006e25) c.lui   t3, 0x9
core   0: 3 0x80000a16 (0x6e25) x28 0x00009000
core   0: 0x80000a18 (0x00000e85) c.addi  t4, 1
core   0: 3 0x80000a18 (0x0e85) x29 0xfffffff7
core   0: 0x80000a1a (0x01ac2d33) slt     s10, s8, s10
core   0: 3 0x80000a1a (0x01ac2d33) x26 0x00000000
core   0: 0x80000a1e (0xff8e8ce3) beq     t4, s8, pc - 8
core   0: 3 0x80000a1e (0xff8e8ce3)
core   0: 0x80000a22 (0x00004679) c.li    a2, 30
core   0: 3 0x80000a22 (0x4679) x12 0x0000001e
core   0: 0x80000a24 (0x00000001) c.nop
core   0: 3 0x80000a24 (0x0001)
core   0: 0x80000a26 (0x0000fc79) c.bnez  s0, pc - 34
core   0: 3 0x80000a26 (0xfc79)
core   0: 0x80000a28 (0x039e0a33) mul     s4, t3, s9
core   0: 3 0x80000a28 (0x039e0a33) x20 0x00000000
core   0: 0x80000a2c (0x00005561) c.li    a0, -8
core   0: 3 0x80000a2c (0x5561) x10 0xfffffff8
core   0: 0x80000a2e (0xf8d44c93) xori    s9, s0, -115
core   0: 3 0x80000a2e (0xf8d44c93) x25 0xffffff8d
core   0: 0x80000a32 (0x037930b3) mulhu   ra, s2, s7
core   0: 3 0x80000a32 (0x037930b3) x1  0x00000000
core   0: 0x80000a36 (0x40da5f93) srai    t6, s4, 13
core   0: 3 0x80000a36 (0x40da5f93) x31 0x00000000
core   0: 0x80000a3a (0x011ad293) srli    t0, s5, 17
core   0: 3 0x80000a3a (0x011ad293) x5  0x00000000
core   0: 0x80000a3e (0x00004635) c.li    a2, 13
core   0: 3 0x80000a3e (0x4635) x12 0x0000000d
core   0: 0x80000a40 (0x00000001) c.nop
core   0: 3 0x80000a40 (0x0001)
core   0: 0x80000a42 (0x00f91433) sll     s0, s2, a5
core   0: 3 0x80000a42 (0x00f91433) x8  0x00000000
core   0: 0x80000a46 (0xf7ccfe97) auipc   t4, 0xf7ccf
core   0: 3 0x80000a46 (0xf7ccfe97) x29 0x77ccfa46
core   0: 0x80000a4a (0x4088db93) srai    s7, a7, 8
core   0: 3 0x80000a4a (0x4088db93) x23 0x00000000
core   0: 0x80000a4e (0xeada9b97) auipc   s7, 0xeada9
core   0: 3 0x80000a4e (0xeada9b97) x23 0x6ada9a4e
core   0: 0x80000a52 (0x00008f05) c.sub   a4, s1
core   0: 3 0x80000a52 (0x8f05) x14 0x44064854
core   0: 0x80000a54 (0x010f1d13) slli    s10, t5, 16
core   0: 3 0x80000a54 (0x010f1d13) x26 0x5ea40000
core   0: 0x80000a58 (0x2c15f913) andi    s2, a1, 705
core   0: 3 0x80000a58 (0x2c15f913) x18 0x00000000
core   0: 0x80000a5c (0x000084f1) c.srai  s1, 28
core   0: 3 0x80000a5c (0x84f1) x9  0x00000000
core   0: 0x80000a5e (0x372ff593) andi    a1, t6, 882
core   0: 3 0x80000a5e (0x372ff593) x11 0x00000000
core   0: 0x80000a62 (0x00000d4e) c.slli  s10, 19
core   0: 3 0x80000a62 (0x0d4e) x26 0x00000000
core   0: 0x80000a64 (0x00000505) c.addi  a0, 1
core   0: 3 0x80000a64 (0x0505) x10 0xfffffff9
core   0: 0x80000a66 (0x00ec43b3) xor     t2, s8, a4
core   0: 3 0x80000a66 (0x00ec43b3) x7  0x4406485a
core   0: 0x80000a6a (0x000087a1) c.srai  a5, 8
core   0: 3 0x80000a6a (0x87a1) x15 0x00000000
core   0: 0x80000a6c (0x8defb413) sltiu   s0, t6, -1826
core   0: 3 0x80000a6c (0x8defb413) x8  0x00000001
core   0: 0x80000a70 (0xe0dba897) auipc   a7, 0xe0dba
core   0: 3 0x80000a70 (0xe0dba897) x17 0x60dbaa70
core   0: 0x80000a74 (0xba682db7) lui     s11, 0xba682
core   0: 3 0x80000a74 (0xba682db7) x27 0xba682000
core   0: 0x80000a78 (0x1fce2e37) lui     t3, 0x1fce2
core   0: 3 0x80000a78 (0x1fce2e37) x28 0x1fce2000
core   0: 0x80000a7c (0x00008d81) c.sub   a1, s0
core   0: 3 0x80000a7c (0x8d81) x11 0xffffffff
core   0: 0x80000a7e (0x0000010a) c.slli  sp, 2
core   0: 3 0x80000a7e (0x010a) x2  0xfffffffc
core   0: 0x80000a80 (0xd223bc93) sltiu   s9, t2, -734
core   0: 3 0x80000a80 (0xd223bc93) x25 0x00000001
core   0: 0x80000a84 (0x0000f971) c.bnez  a0, pc - 44
core   0: 3 0x80000a84 (0xf971)
core   0: 0x80000a58 (0x2c15f913) andi    s2, a1, 705
core   0: 3 0x80000a58 (0x2c15f913) x18 0x000002c1
core   0: 0x80000a5c (0x000084f1) c.srai  s1, 28
core   0: 3 0x80000a5c (0x84f1) x9  0x00000000
core   0: 0x80000a5e (0x372ff593) andi    a1, t6, 882
core   0: 3 0x80000a5e (0x372ff593) x11 0x00000000
core   0: 0x80000a62 (0x00000d4e) c.slli  s10, 19
core   0: 3 0x80000a62 (0x0d4e) x26 0x00000000
core   0: 0x80000a64 (0x00000505) c.addi  a0, 1
core   0: 3 0x80000a64 (0x0505) x10 0xfffffffa
core   0: 0x80000a66 (0x00ec43b3) xor     t2, s8, a4
core   0: 3 0x80000a66 (0x00ec43b3) x7  0x4406485a
core   0: 0x80000a6a (0x000087a1) c.srai  a5, 8
core   0: 3 0x80000a6a (0x87a1) x15 0x00000000
core   0: 0x80000a6c (0x8defb413) sltiu   s0, t6, -1826
core   0: 3 0x80000a6c (0x8defb413) x8  0x00000001
core   0: 0x80000a70 (0xe0dba897) auipc   a7, 0xe0dba
core   0: 3 0x80000a70 (0xe0dba897) x17 0x60dbaa70
core   0: 0x80000a74 (0xba682db7) lui     s11, 0xba682
core   0: 3 0x80000a74 (0xba682db7) x27 0xba682000
core   0: 0x80000a78 (0x1fce2e37) lui     t3, 0x1fce2
core   0: 3 0x80000a78 (0x1fce2e37) x28 0x1fce2000
core   0: 0x80000a7c (0x00008d81) c.sub   a1, s0
core   0: 3 0x80000a7c (0x8d81) x11 0xffffffff
core   0: 0x80000a7e (0x0000010a) c.slli  sp, 2
core   0: 3 0x80000a7e (0x010a) x2  0xfffffff0
core   0: 0x80000a80 (0xd223bc93) sltiu   s9, t2, -734
core   0: 3 0x80000a80 (0xd223bc93) x25 0x00000001
core   0: 0x80000a84 (0x0000f971) c.bnez  a0, pc - 44
core   0: 3 0x80000a84 (0xf971)
core   0: 0x80000a58 (0x2c15f913) andi    s2, a1, 705
core   0: 3 0x80000a58 (0x2c15f913) x18 0x000002c1
core   0: 0x80000a5c (0x000084f1) c.srai  s1, 28
core   0: 3 0x80000a5c (0x84f1) x9  0x00000000
core   0: 0x80000a5e (0x372ff593) andi    a1, t6, 882
core   0: 3 0x80000a5e (0x372ff593) x11 0x00000000
core   0: 0x80000a62 (0x00000d4e) c.slli  s10, 19
core   0: 3 0x80000a62 (0x0d4e) x26 0x00000000
core   0: 0x80000a64 (0x00000505) c.addi  a0, 1
core   0: 3 0x80000a64 (0x0505) x10 0xfffffffb
core   0: 0x80000a66 (0x00ec43b3) xor     t2, s8, a4
core   0: 3 0x80000a66 (0x00ec43b3) x7  0x4406485a
core   0: 0x80000a6a (0x000087a1) c.srai  a5, 8
core   0: 3 0x80000a6a (0x87a1) x15 0x00000000
core   0: 0x80000a6c (0x8defb413) sltiu   s0, t6, -1826
core   0: 3 0x80000a6c (0x8defb413) x8  0x00000001
core   0: 0x80000a70 (0xe0dba897) auipc   a7, 0xe0dba
core   0: 3 0x80000a70 (0xe0dba897) x17 0x60dbaa70
core   0: 0x80000a74 (0xba682db7) lui     s11, 0xba682
core   0: 3 0x80000a74 (0xba682db7) x27 0xba682000
core   0: 0x80000a78 (0x1fce2e37) lui     t3, 0x1fce2
core   0: 3 0x80000a78 (0x1fce2e37) x28 0x1fce2000
core   0: 0x80000a7c (0x00008d81) c.sub   a1, s0
core   0: 3 0x80000a7c (0x8d81) x11 0xffffffff
core   0: 0x80000a7e (0x0000010a) c.slli  sp, 2
core   0: 3 0x80000a7e (0x010a) x2  0xffffffc0
core   0: 0x80000a80 (0xd223bc93) sltiu   s9, t2, -734
core   0: 3 0x80000a80 (0xd223bc93) x25 0x00000001
core   0: 0x80000a84 (0x0000f971) c.bnez  a0, pc - 44
core   0: 3 0x80000a84 (0xf971)
core   0: 0x80000a58 (0x2c15f913) andi    s2, a1, 705
core   0: 3 0x80000a58 (0x2c15f913) x18 0x000002c1
core   0: 0x80000a5c (0x000084f1) c.srai  s1, 28
core   0: 3 0x80000a5c (0x84f1) x9  0x00000000
core   0: 0x80000a5e (0x372ff593) andi    a1, t6, 882
core   0: 3 0x80000a5e (0x372ff593) x11 0x00000000
core   0: 0x80000a62 (0x00000d4e) c.slli  s10, 19
core   0: 3 0x80000a62 (0x0d4e) x26 0x00000000
core   0: 0x80000a64 (0x00000505) c.addi  a0, 1
core   0: 3 0x80000a64 (0x0505) x10 0xfffffffc
core   0: 0x80000a66 (0x00ec43b3) xor     t2, s8, a4
core   0: 3 0x80000a66 (0x00ec43b3) x7  0x4406485a
core   0: 0x80000a6a (0x000087a1) c.srai  a5, 8
core   0: 3 0x80000a6a (0x87a1) x15 0x00000000
core   0: 0x80000a6c (0x8defb413) sltiu   s0, t6, -1826
core   0: 3 0x80000a6c (0x8defb413) x8  0x00000001
core   0: 0x80000a70 (0xe0dba897) auipc   a7, 0xe0dba
core   0: 3 0x80000a70 (0xe0dba897) x17 0x60dbaa70
core   0: 0x80000a74 (0xba682db7) lui     s11, 0xba682
core   0: 3 0x80000a74 (0xba682db7) x27 0xba682000
core   0: 0x80000a78 (0x1fce2e37) lui     t3, 0x1fce2
core   0: 3 0x80000a78 (0x1fce2e37) x28 0x1fce2000
core   0: 0x80000a7c (0x00008d81) c.sub   a1, s0
core   0: 3 0x80000a7c (0x8d81) x11 0xffffffff
core   0: 0x80000a7e (0x0000010a) c.slli  sp, 2
core   0: 3 0x80000a7e (0x010a) x2  0xffffff00
core   0: 0x80000a80 (0xd223bc93) sltiu   s9, t2, -734
core   0: 3 0x80000a80 (0xd223bc93) x25 0x00000001
core   0: 0x80000a84 (0x0000f971) c.bnez  a0, pc - 44
core   0: 3 0x80000a84 (0xf971)
core   0: 0x80000a58 (0x2c15f913) andi    s2, a1, 705
core   0: 3 0x80000a58 (0x2c15f913) x18 0x000002c1
core   0: 0x80000a5c (0x000084f1) c.srai  s1, 28
core   0: 3 0x80000a5c (0x84f1) x9  0x00000000
core   0: 0x80000a5e (0x372ff593) andi    a1, t6, 882
core   0: 3 0x80000a5e (0x372ff593) x11 0x00000000
core   0: 0x80000a62 (0x00000d4e) c.slli  s10, 19
core   0: 3 0x80000a62 (0x0d4e) x26 0x00000000
core   0: 0x80000a64 (0x00000505) c.addi  a0, 1
core   0: 3 0x80000a64 (0x0505) x10 0xfffffffd
core   0: 0x80000a66 (0x00ec43b3) xor     t2, s8, a4
core   0: 3 0x80000a66 (0x00ec43b3) x7  0x4406485a
core   0: 0x80000a6a (0x000087a1) c.srai  a5, 8
core   0: 3 0x80000a6a (0x87a1) x15 0x00000000
core   0: 0x80000a6c (0x8defb413) sltiu   s0, t6, -1826
core   0: 3 0x80000a6c (0x8defb413) x8  0x00000001
core   0: 0x80000a70 (0xe0dba897) auipc   a7, 0xe0dba
core   0: 3 0x80000a70 (0xe0dba897) x17 0x60dbaa70
core   0: 0x80000a74 (0xba682db7) lui     s11, 0xba682
core   0: 3 0x80000a74 (0xba682db7) x27 0xba682000
core   0: 0x80000a78 (0x1fce2e37) lui     t3, 0x1fce2
core   0: 3 0x80000a78 (0x1fce2e37) x28 0x1fce2000
core   0: 0x80000a7c (0x00008d81) c.sub   a1, s0
core   0: 3 0x80000a7c (0x8d81) x11 0xffffffff
core   0: 0x80000a7e (0x0000010a) c.slli  sp, 2
core   0: 3 0x80000a7e (0x010a) x2  0xfffffc00
core   0: 0x80000a80 (0xd223bc93) sltiu   s9, t2, -734
core   0: 3 0x80000a80 (0xd223bc93) x25 0x00000001
core   0: 0x80000a84 (0x0000f971) c.bnez  a0, pc - 44
core   0: 3 0x80000a84 (0xf971)
core   0: 0x80000a58 (0x2c15f913) andi    s2, a1, 705
core   0: 3 0x80000a58 (0x2c15f913) x18 0x000002c1
core   0: 0x80000a5c (0x000084f1) c.srai  s1, 28
core   0: 3 0x80000a5c (0x84f1) x9  0x00000000
core   0: 0x80000a5e (0x372ff593) andi    a1, t6, 882
core   0: 3 0x80000a5e (0x372ff593) x11 0x00000000
core   0: 0x80000a62 (0x00000d4e) c.slli  s10, 19
core   0: 3 0x80000a62 (0x0d4e) x26 0x00000000
core   0: 0x80000a64 (0x00000505) c.addi  a0, 1
core   0: 3 0x80000a64 (0x0505) x10 0xfffffffe
core   0: 0x80000a66 (0x00ec43b3) xor     t2, s8, a4
core   0: 3 0x80000a66 (0x00ec43b3) x7  0x4406485a
core   0: 0x80000a6a (0x000087a1) c.srai  a5, 8
core   0: 3 0x80000a6a (0x87a1) x15 0x00000000
core   0: 0x80000a6c (0x8defb413) sltiu   s0, t6, -1826
core   0: 3 0x80000a6c (0x8defb413) x8  0x00000001
core   0: 0x80000a70 (0xe0dba897) auipc   a7, 0xe0dba
core   0: 3 0x80000a70 (0xe0dba897) x17 0x60dbaa70
core   0: 0x80000a74 (0xba682db7) lui     s11, 0xba682
core   0: 3 0x80000a74 (0xba682db7) x27 0xba682000
core   0: 0x80000a78 (0x1fce2e37) lui     t3, 0x1fce2
core   0: 3 0x80000a78 (0x1fce2e37) x28 0x1fce2000
core   0: 0x80000a7c (0x00008d81) c.sub   a1, s0
core   0: 3 0x80000a7c (0x8d81) x11 0xffffffff
core   0: 0x80000a7e (0x0000010a) c.slli  sp, 2
core   0: 3 0x80000a7e (0x010a) x2  0xfffff000
core   0: 0x80000a80 (0xd223bc93) sltiu   s9, t2, -734
core   0: 3 0x80000a80 (0xd223bc93) x25 0x00000001
core   0: 0x80000a84 (0x0000f971) c.bnez  a0, pc - 44
core   0: 3 0x80000a84 (0xf971)
core   0: 0x80000a58 (0x2c15f913) andi    s2, a1, 705
core   0: 3 0x80000a58 (0x2c15f913) x18 0x000002c1
core   0: 0x80000a5c (0x000084f1) c.srai  s1, 28
core   0: 3 0x80000a5c (0x84f1) x9  0x00000000
core   0: 0x80000a5e (0x372ff593) andi    a1, t6, 882
core   0: 3 0x80000a5e (0x372ff593) x11 0x00000000
core   0: 0x80000a62 (0x00000d4e) c.slli  s10, 19
core   0: 3 0x80000a62 (0x0d4e) x26 0x00000000
core   0: 0x80000a64 (0x00000505) c.addi  a0, 1
core   0: 3 0x80000a64 (0x0505) x10 0xffffffff
core   0: 0x80000a66 (0x00ec43b3) xor     t2, s8, a4
core   0: 3 0x80000a66 (0x00ec43b3) x7  0x4406485a
core   0: 0x80000a6a (0x000087a1) c.srai  a5, 8
core   0: 3 0x80000a6a (0x87a1) x15 0x00000000
core   0: 0x80000a6c (0x8defb413) sltiu   s0, t6, -1826
core   0: 3 0x80000a6c (0x8defb413) x8  0x00000001
core   0: 0x80000a70 (0xe0dba897) auipc   a7, 0xe0dba
core   0: 3 0x80000a70 (0xe0dba897) x17 0x60dbaa70
core   0: 0x80000a74 (0xba682db7) lui     s11, 0xba682
core   0: 3 0x80000a74 (0xba682db7) x27 0xba682000
core   0: 0x80000a78 (0x1fce2e37) lui     t3, 0x1fce2
core   0: 3 0x80000a78 (0x1fce2e37) x28 0x1fce2000
core   0: 0x80000a7c (0x00008d81) c.sub   a1, s0
core   0: 3 0x80000a7c (0x8d81) x11 0xffffffff
core   0: 0x80000a7e (0x0000010a) c.slli  sp, 2
core   0: 3 0x80000a7e (0x010a) x2  0xffffc000
core   0: 0x80000a80 (0xd223bc93) sltiu   s9, t2, -734
core   0: 3 0x80000a80 (0xd223bc93) x25 0x00000001
core   0: 0x80000a84 (0x0000f971) c.bnez  a0, pc - 44
core   0: 3 0x80000a84 (0xf971)
core   0: 0x80000a58 (0x2c15f913) andi    s2, a1, 705
core   0: 3 0x80000a58 (0x2c15f913) x18 0x000002c1
core   0: 0x80000a5c (0x000084f1) c.srai  s1, 28
core   0: 3 0x80000a5c (0x84f1) x9  0x00000000
core   0: 0x80000a5e (0x372ff593) andi    a1, t6, 882
core   0: 3 0x80000a5e (0x372ff593) x11 0x00000000
core   0: 0x80000a62 (0x00000d4e) c.slli  s10, 19
core   0: 3 0x80000a62 (0x0d4e) x26 0x00000000
core   0: 0x80000a64 (0x00000505) c.addi  a0, 1
core   0: 3 0x80000a64 (0x0505) x10 0x00000000
core   0: 0x80000a66 (0x00ec43b3) xor     t2, s8, a4
core   0: 3 0x80000a66 (0x00ec43b3) x7  0x4406485a
core   0: 0x80000a6a (0x000087a1) c.srai  a5, 8
core   0: 3 0x80000a6a (0x87a1) x15 0x00000000
core   0: 0x80000a6c (0x8defb413) sltiu   s0, t6, -1826
core   0: 3 0x80000a6c (0x8defb413) x8  0x00000001
core   0: 0x80000a70 (0xe0dba897) auipc   a7, 0xe0dba
core   0: 3 0x80000a70 (0xe0dba897) x17 0x60dbaa70
core   0: 0x80000a74 (0xba682db7) lui     s11, 0xba682
core   0: 3 0x80000a74 (0xba682db7) x27 0xba682000
core   0: 0x80000a78 (0x1fce2e37) lui     t3, 0x1fce2
core   0: 3 0x80000a78 (0x1fce2e37) x28 0x1fce2000
core   0: 0x80000a7c (0x00008d81) c.sub   a1, s0
core   0: 3 0x80000a7c (0x8d81) x11 0xffffffff
core   0: 0x80000a7e (0x0000010a) c.slli  sp, 2
core   0: 3 0x80000a7e (0x010a) x2  0xffff0000
core   0: 0x80000a80 (0xd223bc93) sltiu   s9, t2, -734
core   0: 3 0x80000a80 (0xd223bc93) x25 0x00000001
core   0: 0x80000a84 (0x0000f971) c.bnez  a0, pc - 44
core   0: 3 0x80000a84 (0xf971)
core   0: 0x80000a86 (0x03087bb3) remu    s7, a6, a6
core   0: 3 0x80000a86 (0x03087bb3) x23 0x00000000
core   0: 0x80000a8a (0x00012117) auipc   sp, 0x12
core   0: 3 0x80000a8a (0x00012117) x2  0x80012a8a
core   0: 0x80000a8e (0x45110113) addi    sp, sp, 1105
core   0: 3 0x80000a8e (0x45110113) x2  0x80012edb
core   0: 0x80000a92 (0x010c1b93) slli    s7, s8, 16
core   0: 3 0x80000a92 (0x010c1b93) x23 0x000e0000
core   0: 0x80000a96 (0x000088a6) c.mv    a7, s1
core   0: 3 0x80000a96 (0x88a6) x17 0x00000000
core   0: 0x80000a98 (0xffe14403) lbu     s0, -2(sp)
core   0: 3 0x80000a98 (0xffe14403) x8  0x00000000 mem 0x80012ed9
core   0: 0x80000a9c (0x8cf26413) ori     s0, tp, -1841
core   0: 3 0x80000a9c (0x8cf26413) x8  0xfffff8df
core   0: 0x80000aa0 (0x02324db3) div     s11, tp, gp
core   0: 3 0x80000aa0 (0x02324db3) x27 0xffffe7a4
core   0: 0x80000aa4 (0x00e11733) sll     a4, sp, a4
core   0: 3 0x80000aa4 (0x00e11733) x14 0xedb00000
core   0: 0x80000aa8 (0xfca10583) lb      a1, -54(sp)
core   0: 3 0x80000aa8 (0xfca10583) x11 0x00000000 mem 0x80012ea5
core   0: 0x80000aac (0xfe310e83) lb      t4, -29(sp)
core   0: 3 0x80000aac (0xfe310e83) x29 0x00000000 mem 0x80012ebe
core   0: 0x80000ab0 (0x00008f81) c.sub   a5, s0
core   0: 3 0x80000ab0 (0x8f81) x15 0x00000721
core   0: 0x80000ab2 (0x1ed82293) slti    t0, a6, 493
core   0: 3 0x80000ab2 (0x1ed82293) x5  0x00000000
core   0: 0x80000ab6 (0x01a115a3) sh      s10, 11(sp)
core   0: 3 0x80000ab6 (0x01a115a3) mem 0x80012ee6 0x0000
core   0: 0x80000aba (0x01d12703) lw      a4, 29(sp)
core   0: 3 0x80000aba (0x01d12703) x14 0x00000000 mem 0x80012ef8
core   0: 0x80000abe (0x0359e0b3) rem     ra, s3, s5
core   0: 3 0x80000abe (0x0359e0b3) x1  0x80029d24
core   0: 0x80000ac2 (0xd2c2fa93) andi    s5, t0, -724
core   0: 3 0x80000ac2 (0xd2c2fa93) x21 0x00000000
core   0: 0x80000ac6 (0x00006c2d) c.lui   s8, 0xb
core   0: 3 0x80000ac6 (0x6c2d) x24 0x0000b000
core   0: 0x80000ac8 (0x00000001) c.nop
core   0: 3 0x80000ac8 (0x0001)
core   0: 0x80000aca (0x006c0933) add     s2, s8, t1
core   0: 3 0x80000aca (0x006c0933) x18 0xbbfa67ac
core   0: 0x80000ace (0x5133f013) andi    zero, t2, 1299
core   0: 3 0x80000ace (0x5133f013)
core   0: 0x80000ad2 (0x00008f51) c.or    a4, a2
core   0: 3 0x80000ad2 (0x8f51) x14 0x0000000d
core   0: 0x80000ad4 (0x03b10e83) lb      t4, 59(sp)
core   0: 3 0x80000ad4 (0x03b10e83) x29 0x00000000 mem 0x80012f16
core   0: 0x80000ad8 (0xfc8111a3) sh      s0, -61(sp)
core   0: 3 0x80000ad8 (0xfc8111a3) mem 0x80012e9e 0xf8df
core   0: 0x80000adc (0x04b4ff93) andi    t6, s1, 75
core   0: 3 0x80000adc (0x04b4ff93) x31 0x00000000
core   0: 0x80000ae0 (0x02270c33) mul     s8, a4, sp
core   0: 3 0x80000ae0 (0x02270c33) x24 0x800f611f
core   0: 0x80000ae4 (0xff310223) sb      s3, -28(sp)
core   0: 3 0x80000ae4 (0xff310223) mem 0x80012ebf 0x24
core   0: 0x80000ae8 (0x00008089) c.srli  s1, 2
core   0: 3 0x80000ae8 (0x8089) x9  0x00000000
core   0: 0x80000aea (0x00008f7d) c.and   a4, a5
core   0: 3 0x80000aea (0x8f7d) x14 0x00000001
core   0: 0x80000aec (0x03a37d33) remu    s10, t1, s10
core   0: 3 0x80000aec (0x03a37d33) x26 0xbbf9b7ac
core   0: 0x80000af0 (0x0197a433) slt     s0, a5, s9
core   0: 3 0x80000af0 (0x0197a433) x8  0x00000000
core   0: 0x80000af4 (0x407dd4b3) sra     s1, s11, t2
core   0: 3 0x80000af4 (0x407dd4b3) x9  0xffffffff
core   0: 0x80000af8 (0x02311383) lh      t2, 35(sp)
core   0: 3 0x80000af8 (0x02311383) x7  0x00000000 mem 0x80012efe
core   0: 0x80000afc (0xffd12483) lw      s1, -3(sp)
core   0: 3 0x80000afc (0xffd12483) x9  0x00000000 mem 0x80012ed8
core   0: 0x80000b00 (0x00000e2e) c.slli  t3, 11
core   0: 3 0x80000b00 (0x0e2e) x28 0x71000000
core   0: 0x80000b02 (0x03dea433) mulhsu  s0, t4, t4
core   0: 3 0x80000b02 (0x03dea433) x8  0x00000000
core   0: 0x80000b06 (0x0000987d) c.andi  s0, -1
core   0: 3 0x80000b06 (0x987d) x8  0x00000000
core   0: 0x80000b08 (0xfdf11e83) lh      t4, -33(sp)
core   0: 3 0x80000b08 (0xfdf11e83) x29 0x00000000 mem 0x80012eba
core   0: 0x80000b0c (0x01c0036f) jal     t1, pc + 0x1c
core   0: 3 0x80000b0c (0x01c0036f) x6  0x80000b10
core   0: 0x80000b28 (0xfedff2ef) jal     t0, pc - 0x14
core   0: 3 0x80000b28 (0xfedff2ef) x5  0x80000b2c
core   0: 0x80000b14 (0x0000a019) c.j     pc + 6
core   0: 3 0x80000b14 (0xa019)
core   0: 0x80000b1a (0xff7ff0ef) jal     pc - 0xa
core   0: 3 0x80000b1a (0xff7ff0ef) x1  0x80000b1e
core   0: 0x80000b10 (0x0000a021) c.j     pc + 8
core   0: 3 0x80000b10 (0xa021)
core   0: 0x80000b18 (0x00002031) c.jal   pc + 12
core   0: 3 0x80000b18 (0x2031) x1  0x80000b1a
core   0: 0x80000b24 (0xff3ff46f) jal     s0, pc - 0xe
core   0: 3 0x80000b24 (0xff3ff46f) x8  0x80000b28
core   0: 0x80000b16 (0x00002021) c.jal   pc + 8
core   0: 3 0x80000b16 (0x2021) x1  0x80000b18
core   0: 0x80000b1e (0xff5ff0ef) jal     pc - 0xc
core   0: 3 0x80000b1e (0xff5ff0ef) x1  0x80000b22
core   0: 0x80000b12 (0x0000a801) c.j     pc + 16
core   0: 3 0x80000b12 (0xa801)
core   0: 0x80000b22 (0x0000a029) c.j     pc + 10
core   0: 3 0x80000b22 (0xa029)
core   0: 0x80000b2c (0x0032eeb3) or      t4, t0, gp
core   0: 3 0x80000b2c (0x0032eeb3) x29 0x80054b3c
core   0: 0x80000b30 (0x00004419) c.li    s0, 6
core   0: 3 0x80000b30 (0x4419) x8  0x00000006
core   0: 0x80000b32 (0x038d0cb3) mul     s9, s10, s8
core   0: 3 0x80000b32 (0x038d0cb3) x25 0x24e969d4
core   0: 0x80000b36 (0x40f8dbb3) sra     s7, a7, a5
core   0: 3 0x80000b36 (0x40f8dbb3) x23 0x00000000
core   0: 0x80000b3a (0x00005b49) c.li    s6, -14
core   0: 3 0x80000b3a (0x5b49) x22 0xfffffff2
core   0: 0x80000b3c (0x015f5693) srli    a3, t5, 21
core   0: 3 0x80000b3c (0x015f5693) x13 0x00000400
core   0: 0x80000b40 (0x4353ce13) xori    t3, t2, 1077
core   0: 3 0x80000b40 (0x4353ce13) x28 0x00000435
core   0: 0x80000b44 (0x383f4c13) xori    s8, t5, 899
core   0: 3 0x80000b44 (0x383f4c13) x24 0x80025d27
core   0: 0x80000b48 (0x03302533) mulhsu  a0, zero, s3
core   0: 3 0x80000b48 (0x03302533) x10 0x00000000
core   0: 0x80000b4c (0x99348593) addi    a1, s1, -1645
core   0: 3 0x80000b4c (0x99348593) x11 0xfffff993
core   0: 0x80000b50 (0x0133db93) srli    s7, t2, 19
core   0: 3 0x80000b50 (0x0133db93) x23 0x00000000
core   0: 0x80000b54 (0x00648eb3) add     t4, s1, t1
core   0: 3 0x80000b54 (0x00648eb3) x29 0x80000b10
core   0: 0x80000b58 (0x00001479) c.addi  s0, -2
core   0: 3 0x80000b58 (0x1479) x8  0x00000004
core   0: 0x80000b5a (0x5ee96e13) ori     t3, s2, 1518
core   0: 3 0x80000b5a (0x5ee96e13) x28 0xbbfa67ee
core   0: 0x80000b5e (0x00008756) c.mv    a4, s5
core   0: 3 0x80000b5e (0x8756) x14 0x00000000
core   0: 0x80000b60 (0x40750233) sub     tp, a0, t2
core   0: 3 0x80000b60 (0x40750233) x4  0x00000000
core   0: 0x80000b64 (0x19a5f317) auipc   t1, 0x19a5f
core   0: 3 0x80000b64 (0x19a5f317) x6  0x99a5fb64
core   0: 0x80000b68 (0x17141e17) auipc   t3, 0x17141
core   0: 3 0x80000b68 (0x17141e17) x28 0x97141b68
core   0: 0x80000b6c (0x00009b7d) c.andi  a4, -1
core   0: 3 0x80000b6c (0x9b7d) x14 0x00000000
core   0: 0x80000b6e (0x0048dc93) srli    s9, a7, 4
core   0: 3 0x80000b6e (0x0048dc93) x25 0x00000000
core   0: 0x80000b72 (0x00006a0d) c.lui   s4, 0x3
core   0: 3 0x80000b72 (0x6a0d) x20 0x00003000
core   0: 0x80000b74 (0xfd6456e3) bge     s0, s6, pc - 52
core   0: 3 0x80000b74 (0xfd6456e3)
core   0: 0x80000b40 (0x4353ce13) xori    t3, t2, 1077
core   0: 3 0x80000b40 (0x4353ce13) x28 0x00000435
core   0: 0x80000b44 (0x383f4c13) xori    s8, t5, 899
core   0: 3 0x80000b44 (0x383f4c13) x24 0x80025d27
core   0: 0x80000b48 (0x03302533) mulhsu  a0, zero, s3
core   0: 3 0x80000b48 (0x03302533) x10 0x00000000
core   0: 0x80000b4c (0x99348593) addi    a1, s1, -1645
core   0: 3 0x80000b4c (0x99348593) x11 0xfffff993
core   0: 0x80000b50 (0x0133db93) srli    s7, t2, 19
core   0: 3 0x80000b50 (0x0133db93) x23 0x00000000
core   0: 0x80000b54 (0x00648eb3) add     t4, s1, t1
core   0: 3 0x80000b54 (0x00648eb3) x29 0x99a5fb64
core   0: 0x80000b58 (0x00001479) c.addi  s0, -2
core   0: 3 0x80000b58 (0x1479) x8  0x00000002
core   0: 0x80000b5a (0x5ee96e13) ori     t3, s2, 1518
core   0: 3 0x80000b5a (0x5ee96e13) x28 0xbbfa67ee
core   0: 0x80000b5e (0x00008756) c.mv    a4, s5
core   0: 3 0x80000b5e (0x8756) x14 0x00000000
core   0: 0x80000b60 (0x40750233) sub     tp, a0, t2
core   0: 3 0x80000b60 (0x40750233) x4  0x00000000
core   0: 0x80000b64 (0x19a5f317) auipc   t1, 0x19a5f
core   0: 3 0x80000b64 (0x19a5f317) x6  0x99a5fb64
core   0: 0x80000b68 (0x17141e17) auipc   t3, 0x17141
core   0: 3 0x80000b68 (0x17141e17) x28 0x97141b68
core   0: 0x80000b6c (0x00009b7d) c.andi  a4, -1
core   0: 3 0x80000b6c (0x9b7d) x14 0x00000000
core   0: 0x80000b6e (0x0048dc93) srli    s9, a7, 4
core   0: 3 0x80000b6e (0x0048dc93) x25 0x00000000
core   0: 0x80000b72 (0x00006a0d) c.lui   s4, 0x3
core   0: 3 0x80000b72 (0x6a0d) x20 0x00003000
core   0: 0x80000b74 (0xfd6456e3) bge     s0, s6, pc - 52
core   0: 3 0x80000b74 (0xfd6456e3)
core   0: 0x80000b40 (0x4353ce13) xori    t3, t2, 1077
core   0: 3 0x80000b40 (0x4353ce13) x28 0x00000435
core   0: 0x80000b44 (0x383f4c13) xori    s8, t5, 899
core   0: 3 0x80000b44 (0x383f4c13) x24 0x80025d27
core   0: 0x80000b48 (0x03302533) mulhsu  a0, zero, s3
core   0: 3 0x80000b48 (0x03302533) x10 0x00000000
core   0: 0x80000b4c (0x99348593) addi    a1, s1, -1645
core   0: 3 0x80000b4c (0x99348593) x11 0xfffff993
core   0: 0x80000b50 (0x0133db93) srli    s7, t2, 19
core   0: 3 0x80000b50 (0x0133db93) x23 0x00000000
core   0: 0x80000b54 (0x00648eb3) add     t4, s1, t1
core   0: 3 0x80000b54 (0x00648eb3) x29 0x99a5fb64
core   0: 0x80000b58 (0x00001479) c.addi  s0, -2
core   0: 3 0x80000b58 (0x1479) x8  0x00000000
core   0: 0x80000b5a (0x5ee96e13) ori     t3, s2, 1518
core   0: 3 0x80000b5a (0x5ee96e13) x28 0xbbfa67ee
core   0: 0x80000b5e (0x00008756) c.mv    a4, s5
core   0: 3 0x80000b5e (0x8756) x14 0x00000000
core   0: 0x80000b60 (0x40750233) sub     tp, a0, t2
core   0: 3 0x80000b60 (0x40750233) x4  0x00000000
core   0: 0x80000b64 (0x19a5f317) auipc   t1, 0x19a5f
core   0: 3 0x80000b64 (0x19a5f317) x6  0x99a5fb64
core   0: 0x80000b68 (0x17141e17) auipc   t3, 0x17141
core   0: 3 0x80000b68 (0x17141e17) x28 0x97141b68
core   0: 0x80000b6c (0x00009b7d) c.andi  a4, -1
core   0: 3 0x80000b6c (0x9b7d) x14 0x00000000
core   0: 0x80000b6e (0x0048dc93) srli    s9, a7, 4
core   0: 3 0x80000b6e (0x0048dc93) x25 0x00000000
core   0: 0x80000b72 (0x00006a0d) c.lui   s4, 0x3
core   0: 3 0x80000b72 (0x6a0d) x20 0x00003000
core   0: 0x80000b74 (0xfd6456e3) bge     s0, s6, pc - 52
core   0: 3 0x80000b74 (0xfd6456e3)
core   0: 0x80000b40 (0x4353ce13) xori    t3, t2, 1077
core   0: 3 0x80000b40 (0x4353ce13) x28 0x00000435
core   0: 0x80000b44 (0x383f4c13) xori    s8, t5, 899
core   0: 3 0x80000b44 (0x383f4c13) x24 0x80025d27
core   0: 0x80000b48 (0x03302533) mulhsu  a0, zero, s3
core   0: 3 0x80000b48 (0x03302533) x10 0x00000000
core   0: 0x80000b4c (0x99348593) addi    a1, s1, -1645
core   0: 3 0x80000b4c (0x99348593) x11 0xfffff993
core   0: 0x80000b50 (0x0133db93) srli    s7, t2, 19
core   0: 3 0x80000b50 (0x0133db93) x23 0x00000000
core   0: 0x80000b54 (0x00648eb3) add     t4, s1, t1
core   0: 3 0x80000b54 (0x00648eb3) x29 0x99a5fb64
core   0: 0x80000b58 (0x00001479) c.addi  s0, -2
core   0: 3 0x80000b58 (0x1479) x8  0xfffffffe
core   0: 0x80000b5a (0x5ee96e13) ori     t3, s2, 1518
core   0: 3 0x80000b5a (0x5ee96e13) x28 0xbbfa67ee
core   0: 0x80000b5e (0x00008756) c.mv    a4, s5
core   0: 3 0x80000b5e (0x8756) x14 0x00000000
core   0: 0x80000b60 (0x40750233) sub     tp, a0, t2
core   0: 3 0x80000b60 (0x40750233) x4  0x00000000
core   0: 0x80000b64 (0x19a5f317) auipc   t1, 0x19a5f
core   0: 3 0x80000b64 (0x19a5f317) x6  0x99a5fb64
core   0: 0x80000b68 (0x17141e17) auipc   t3, 0x17141
core   0: 3 0x80000b68 (0x17141e17) x28 0x97141b68
core   0: 0x80000b6c (0x00009b7d) c.andi  a4, -1
core   0: 3 0x80000b6c (0x9b7d) x14 0x00000000
core   0: 0x80000b6e (0x0048dc93) srli    s9, a7, 4
core   0: 3 0x80000b6e (0x0048dc93) x25 0x00000000
core   0: 0x80000b72 (0x00006a0d) c.lui   s4, 0x3
core   0: 3 0x80000b72 (0x6a0d) x20 0x00003000
core   0: 0x80000b74 (0xfd6456e3) bge     s0, s6, pc - 52
core   0: 3 0x80000b74 (0xfd6456e3)
core   0: 0x80000b40 (0x4353ce13) xori    t3, t2, 1077
core   0: 3 0x80000b40 (0x4353ce13) x28 0x00000435
core   0: 0x80000b44 (0x383f4c13) xori    s8, t5, 899
core   0: 3 0x80000b44 (0x383f4c13) x24 0x80025d27
core   0: 0x80000b48 (0x03302533) mulhsu  a0, zero, s3
core   0: 3 0x80000b48 (0x03302533) x10 0x00000000
core   0: 0x80000b4c (0x99348593) addi    a1, s1, -1645
core   0: 3 0x80000b4c (0x99348593) x11 0xfffff993
core   0: 0x80000b50 (0x0133db93) srli    s7, t2, 19
core   0: 3 0x80000b50 (0x0133db93) x23 0x00000000
core   0: 0x80000b54 (0x00648eb3) add     t4, s1, t1
core   0: 3 0x80000b54 (0x00648eb3) x29 0x99a5fb64
core   0: 0x80000b58 (0x00001479) c.addi  s0, -2
core   0: 3 0x80000b58 (0x1479) x8  0xfffffffc
core   0: 0x80000b5a (0x5ee96e13) ori     t3, s2, 1518
core   0: 3 0x80000b5a (0x5ee96e13) x28 0xbbfa67ee
core   0: 0x80000b5e (0x00008756) c.mv    a4, s5
core   0: 3 0x80000b5e (0x8756) x14 0x00000000
core   0: 0x80000b60 (0x40750233) sub     tp, a0, t2
core   0: 3 0x80000b60 (0x40750233) x4  0x00000000
core   0: 0x80000b64 (0x19a5f317) auipc   t1, 0x19a5f
core   0: 3 0x80000b64 (0x19a5f317) x6  0x99a5fb64
core   0: 0x80000b68 (0x17141e17) auipc   t3, 0x17141
core   0: 3 0x80000b68 (0x17141e17) x28 0x97141b68
core   0: 0x80000b6c (0x00009b7d) c.andi  a4, -1
core   0: 3 0x80000b6c (0x9b7d) x14 0x00000000
core   0: 0x80000b6e (0x0048dc93) srli    s9, a7, 4
core   0: 3 0x80000b6e (0x0048dc93) x25 0x00000000
core   0: 0x80000b72 (0x00006a0d) c.lui   s4, 0x3
core   0: 3 0x80000b72 (0x6a0d) x20 0x00003000
core   0: 0x80000b74 (0xfd6456e3) bge     s0, s6, pc - 52
core   0: 3 0x80000b74 (0xfd6456e3)
core   0: 0x80000b40 (0x4353ce13) xori    t3, t2, 1077
core   0: 3 0x80000b40 (0x4353ce13) x28 0x00000435
core   0: 0x80000b44 (0x383f4c13) xori    s8, t5, 899
core   0: 3 0x80000b44 (0x383f4c13) x24 0x80025d27
core   0: 0x80000b48 (0x03302533) mulhsu  a0, zero, s3
core   0: 3 0x80000b48 (0x03302533) x10 0x00000000
core   0: 0x80000b4c (0x99348593) addi    a1, s1, -1645
core   0: 3 0x80000b4c (0x99348593) x11 0xfffff993
core   0: 0x80000b50 (0x0133db93) srli    s7, t2, 19
core   0: 3 0x80000b50 (0x0133db93) x23 0x00000000
core   0: 0x80000b54 (0x00648eb3) add     t4, s1, t1
core   0: 3 0x80000b54 (0x00648eb3) x29 0x99a5fb64
core   0: 0x80000b58 (0x00001479) c.addi  s0, -2
core   0: 3 0x80000b58 (0x1479) x8  0xfffffffa
core   0: 0x80000b5a (0x5ee96e13) ori     t3, s2, 1518
core   0: 3 0x80000b5a (0x5ee96e13) x28 0xbbfa67ee
core   0: 0x80000b5e (0x00008756) c.mv    a4, s5
core   0: 3 0x80000b5e (0x8756) x14 0x00000000
core   0: 0x80000b60 (0x40750233) sub     tp, a0, t2
core   0: 3 0x80000b60 (0x40750233) x4  0x00000000
core   0: 0x80000b64 (0x19a5f317) auipc   t1, 0x19a5f
core   0: 3 0x80000b64 (0x19a5f317) x6  0x99a5fb64
core   0: 0x80000b68 (0x17141e17) auipc   t3, 0x17141
core   0: 3 0x80000b68 (0x17141e17) x28 0x97141b68
core   0: 0x80000b6c (0x00009b7d) c.andi  a4, -1
core   0: 3 0x80000b6c (0x9b7d) x14 0x00000000
core   0: 0x80000b6e (0x0048dc93) srli    s9, a7, 4
core   0: 3 0x80000b6e (0x0048dc93) x25 0x00000000
core   0: 0x80000b72 (0x00006a0d) c.lui   s4, 0x3
core   0: 3 0x80000b72 (0x6a0d) x20 0x00003000
core   0: 0x80000b74 (0xfd6456e3) bge     s0, s6, pc - 52
core   0: 3 0x80000b74 (0xfd6456e3)
core   0: 0x80000b40 (0x4353ce13) xori    t3, t2, 1077
core   0: 3 0x80000b40 (0x4353ce13) x28 0x00000435
core   0: 0x80000b44 (0x383f4c13) xori    s8, t5, 899
core   0: 3 0x80000b44 (0x383f4c13) x24 0x80025d27
core   0: 0x80000b48 (0x03302533) mulhsu  a0, zero, s3
core   0: 3 0x80000b48 (0x03302533) x10 0x00000000
core   0: 0x80000b4c (0x99348593) addi    a1, s1, -1645
core   0: 3 0x80000b4c (0x99348593) x11 0xfffff993
core   0: 0x80000b50 (0x0133db93) srli    s7, t2, 19
core   0: 3 0x80000b50 (0x0133db93) x23 0x00000000
core   0: 0x80000b54 (0x00648eb3) add     t4, s1, t1
core   0: 3 0x80000b54 (0x00648eb3) x29 0x99a5fb64
core   0: 0x80000b58 (0x00001479) c.addi  s0, -2
core   0: 3 0x80000b58 (0x1479) x8  0xfffffff8
core   0: 0x80000b5a (0x5ee96e13) ori     t3, s2, 1518
core   0: 3 0x80000b5a (0x5ee96e13) x28 0xbbfa67ee
core   0: 0x80000b5e (0x00008756) c.mv    a4, s5
core   0: 3 0x80000b5e (0x8756) x14 0x00000000
core   0: 0x80000b60 (0x40750233) sub     tp, a0, t2
core   0: 3 0x80000b60 (0x40750233) x4  0x00000000
core   0: 0x80000b64 (0x19a5f317) auipc   t1, 0x19a5f
core   0: 3 0x80000b64 (0x19a5f317) x6  0x99a5fb64
core   0: 0x80000b68 (0x17141e17) auipc   t3, 0x17141
core   0: 3 0x80000b68 (0x17141e17) x28 0x97141b68
core   0: 0x80000b6c (0x00009b7d) c.andi  a4, -1
core   0: 3 0x80000b6c (0x9b7d) x14 0x00000000
core   0: 0x80000b6e (0x0048dc93) srli    s9, a7, 4
core   0: 3 0x80000b6e (0x0048dc93) x25 0x00000000
core   0: 0x80000b72 (0x00006a0d) c.lui   s4, 0x3
core   0: 3 0x80000b72 (0x6a0d) x20 0x00003000
core   0: 0x80000b74 (0xfd6456e3) bge     s0, s6, pc - 52
core   0: 3 0x80000b74 (0xfd6456e3)
core   0: 0x80000b40 (0x4353ce13) xori    t3, t2, 1077
core   0: 3 0x80000b40 (0x4353ce13) x28 0x00000435
core   0: 0x80000b44 (0x383f4c13) xori    s8, t5, 899
core   0: 3 0x80000b44 (0x383f4c13) x24 0x80025d27
core   0: 0x80000b48 (0x03302533) mulhsu  a0, zero, s3
core   0: 3 0x80000b48 (0x03302533) x10 0x00000000
core   0: 0x80000b4c (0x99348593) addi    a1, s1, -1645
core   0: 3 0x80000b4c (0x99348593) x11 0xfffff993
core   0: 0x80000b50 (0x0133db93) srli    s7, t2, 19
core   0: 3 0x80000b50 (0x0133db93) x23 0x00000000
core   0: 0x80000b54 (0x00648eb3) add     t4, s1, t1
core   0: 3 0x80000b54 (0x00648eb3) x29 0x99a5fb64
core   0: 0x80000b58 (0x00001479) c.addi  s0, -2
core   0: 3 0x80000b58 (0x1479) x8  0xfffffff6
core   0: 0x80000b5a (0x5ee96e13) ori     t3, s2, 1518
core   0: 3 0x80000b5a (0x5ee96e13) x28 0xbbfa67ee
core   0: 0x80000b5e (0x00008756) c.mv    a4, s5
core   0: 3 0x80000b5e (0x8756) x14 0x00000000
core   0: 0x80000b60 (0x40750233) sub     tp, a0, t2
core   0: 3 0x80000b60 (0x40750233) x4  0x00000000
core   0: 0x80000b64 (0x19a5f317) auipc   t1, 0x19a5f
core   0: 3 0x80000b64 (0x19a5f317) x6  0x99a5fb64
core   0: 0x80000b68 (0x17141e17) auipc   t3, 0x17141
core   0: 3 0x80000b68 (0x17141e17) x28 0x97141b68
core   0: 0x80000b6c (0x00009b7d) c.andi  a4, -1
core   0: 3 0x80000b6c (0x9b7d) x14 0x00000000
core   0: 0x80000b6e (0x0048dc93) srli    s9, a7, 4
core   0: 3 0x80000b6e (0x0048dc93) x25 0x00000000
core   0: 0x80000b72 (0x00006a0d) c.lui   s4, 0x3
core   0: 3 0x80000b72 (0x6a0d) x20 0x00003000
core   0: 0x80000b74 (0xfd6456e3) bge     s0, s6, pc - 52
core   0: 3 0x80000b74 (0xfd6456e3)
core   0: 0x80000b40 (0x4353ce13) xori    t3, t2, 1077
core   0: 3 0x80000b40 (0x4353ce13) x28 0x00000435
core   0: 0x80000b44 (0x383f4c13) xori    s8, t5, 899
core   0: 3 0x80000b44 (0x383f4c13) x24 0x80025d27
core   0: 0x80000b48 (0x03302533) mulhsu  a0, zero, s3
core   0: 3 0x80000b48 (0x03302533) x10 0x00000000
core   0: 0x80000b4c (0x99348593) addi    a1, s1, -1645
core   0: 3 0x80000b4c (0x99348593) x11 0xfffff993
core   0: 0x80000b50 (0x0133db93) srli    s7, t2, 19
core   0: 3 0x80000b50 (0x0133db93) x23 0x00000000
core   0: 0x80000b54 (0x00648eb3) add     t4, s1, t1
core   0: 3 0x80000b54 (0x00648eb3) x29 0x99a5fb64
core   0: 0x80000b58 (0x00001479) c.addi  s0, -2
core   0: 3 0x80000b58 (0x1479) x8  0xfffffff4
core   0: 0x80000b5a (0x5ee96e13) ori     t3, s2, 1518
core   0: 3 0x80000b5a (0x5ee96e13) x28 0xbbfa67ee
core   0: 0x80000b5e (0x00008756) c.mv    a4, s5
core   0: 3 0x80000b5e (0x8756) x14 0x00000000
core   0: 0x80000b60 (0x40750233) sub     tp, a0, t2
core   0: 3 0x80000b60 (0x40750233) x4  0x00000000
core   0: 0x80000b64 (0x19a5f317) auipc   t1, 0x19a5f
core   0: 3 0x80000b64 (0x19a5f317) x6  0x99a5fb64
core   0: 0x80000b68 (0x17141e17) auipc   t3, 0x17141
core   0: 3 0x80000b68 (0x17141e17) x28 0x97141b68
core   0: 0x80000b6c (0x00009b7d) c.andi  a4, -1
core   0: 3 0x80000b6c (0x9b7d) x14 0x00000000
core   0: 0x80000b6e (0x0048dc93) srli    s9, a7, 4
core   0: 3 0x80000b6e (0x0048dc93) x25 0x00000000
core   0: 0x80000b72 (0x00006a0d) c.lui   s4, 0x3
core   0: 3 0x80000b72 (0x6a0d) x20 0x00003000
core   0: 0x80000b74 (0xfd6456e3) bge     s0, s6, pc - 52
core   0: 3 0x80000b74 (0xfd6456e3)
core   0: 0x80000b40 (0x4353ce13) xori    t3, t2, 1077
core   0: 3 0x80000b40 (0x4353ce13) x28 0x00000435
core   0: 0x80000b44 (0x383f4c13) xori    s8, t5, 899
core   0: 3 0x80000b44 (0x383f4c13) x24 0x80025d27
core   0: 0x80000b48 (0x03302533) mulhsu  a0, zero, s3
core   0: 3 0x80000b48 (0x03302533) x10 0x00000000
core   0: 0x80000b4c (0x99348593) addi    a1, s1, -1645
core   0: 3 0x80000b4c (0x99348593) x11 0xfffff993
core   0: 0x80000b50 (0x0133db93) srli    s7, t2, 19
core   0: 3 0x80000b50 (0x0133db93) x23 0x00000000
core   0: 0x80000b54 (0x00648eb3) add     t4, s1, t1
core   0: 3 0x80000b54 (0x00648eb3) x29 0x99a5fb64
core   0: 0x80000b58 (0x00001479) c.addi  s0, -2
core   0: 3 0x80000b58 (0x1479) x8  0xfffffff2
core   0: 0x80000b5a (0x5ee96e13) ori     t3, s2, 1518
core   0: 3 0x80000b5a (0x5ee96e13) x28 0xbbfa67ee
core   0: 0x80000b5e (0x00008756) c.mv    a4, s5
core   0: 3 0x80000b5e (0x8756) x14 0x00000000
core   0: 0x80000b60 (0x40750233) sub     tp, a0, t2
core   0: 3 0x80000b60 (0x40750233) x4  0x00000000
core   0: 0x80000b64 (0x19a5f317) auipc   t1, 0x19a5f
core   0: 3 0x80000b64 (0x19a5f317) x6  0x99a5fb64
core   0: 0x80000b68 (0x17141e17) auipc   t3, 0x17141
core   0: 3 0x80000b68 (0x17141e17) x28 0x97141b68
core   0: 0x80000b6c (0x00009b7d) c.andi  a4, -1
core   0: 3 0x80000b6c (0x9b7d) x14 0x00000000
core   0: 0x80000b6e (0x0048dc93) srli    s9, a7, 4
core   0: 3 0x80000b6e (0x0048dc93) x25 0x00000000
core   0: 0x80000b72 (0x00006a0d) c.lui   s4, 0x3
core   0: 3 0x80000b72 (0x6a0d) x20 0x00003000
core   0: 0x80000b74 (0xfd6456e3) bge     s0, s6, pc - 52
core   0: 3 0x80000b74 (0xfd6456e3)
core   0: 0x80000b40 (0x4353ce13) xori    t3, t2, 1077
core   0: 3 0x80000b40 (0x4353ce13) x28 0x00000435
core   0: 0x80000b44 (0x383f4c13) xori    s8, t5, 899
core   0: 3 0x80000b44 (0x383f4c13) x24 0x80025d27
core   0: 0x80000b48 (0x03302533) mulhsu  a0, zero, s3
core   0: 3 0x80000b48 (0x03302533) x10 0x00000000
core   0: 0x80000b4c (0x99348593) addi    a1, s1, -1645
core   0: 3 0x80000b4c (0x99348593) x11 0xfffff993
core   0: 0x80000b50 (0x0133db93) srli    s7, t2, 19
core   0: 3 0x80000b50 (0x0133db93) x23 0x00000000
core   0: 0x80000b54 (0x00648eb3) add     t4, s1, t1
core   0: 3 0x80000b54 (0x00648eb3) x29 0x99a5fb64
core   0: 0x80000b58 (0x00001479) c.addi  s0, -2
core   0: 3 0x80000b58 (0x1479) x8  0xfffffff0
core   0: 0x80000b5a (0x5ee96e13) ori     t3, s2, 1518
core   0: 3 0x80000b5a (0x5ee96e13) x28 0xbbfa67ee
core   0: 0x80000b5e (0x00008756) c.mv    a4, s5
core   0: 3 0x80000b5e (0x8756) x14 0x00000000
core   0: 0x80000b60 (0x40750233) sub     tp, a0, t2
core   0: 3 0x80000b60 (0x40750233) x4  0x00000000
core   0: 0x80000b64 (0x19a5f317) auipc   t1, 0x19a5f
core   0: 3 0x80000b64 (0x19a5f317) x6  0x99a5fb64
core   0: 0x80000b68 (0x17141e17) auipc   t3, 0x17141
core   0: 3 0x80000b68 (0x17141e17) x28 0x97141b68
core   0: 0x80000b6c (0x00009b7d) c.andi  a4, -1
core   0: 3 0x80000b6c (0x9b7d) x14 0x00000000
core   0: 0x80000b6e (0x0048dc93) srli    s9, a7, 4
core   0: 3 0x80000b6e (0x0048dc93) x25 0x00000000
core   0: 0x80000b72 (0x00006a0d) c.lui   s4, 0x3
core   0: 3 0x80000b72 (0x6a0d) x20 0x00003000
core   0: 0x80000b74 (0xfd6456e3) bge     s0, s6, pc - 52
core   0: 3 0x80000b74 (0xfd6456e3)
core   0: 0x80000b78 (0x00008ed1) c.or    a3, a2
core   0: 3 0x80000b78 (0x8ed1) x13 0x0000040d
core   0: 0x80000b7a (0x00018397) auipc   t2, 0x18
core   0: 3 0x80000b7a (0x00018397) x7  0x80018b7a
core   0: 0x80000b7e (0x2ab38393) addi    t2, t2, 683
core   0: 3 0x80000b7e (0x2ab38393) x7  0x80018e25
core   0: 0x80000b82 (0x00008eb9) c.xor   a3, a4
core   0: 3 0x80000b82 (0x8eb9) x13 0x0000040d
core   0: 0x80000b84 (0x6afa2c93) slti    s9, s4, 1711
core   0: 3 0x80000b84 (0x6afa2c93) x25 0x00000000
core   0: 0x80000b88 (0xf7ccb693) sltiu   a3, s9, -132
core   0: 3 0x80000b88 (0xf7ccb693) x13 0x00000001
core   0: 0x80000b8c (0x07038c83) lb      s9, 112(t2)
core   0: 3 0x80000b8c (0x07038c83) x25 0x00000000 mem 0x80018e95
core   0: 0x80000b90 (0x00008f19) c.sub   a4, a4
core   0: 3 0x80000b90 (0x8f19) x14 0x00000000
core   0: 0x80000b92 (0x04e38723) sb      a4, 78(t2)
core   0: 3 0x80000b92 (0x04e38723) mem 0x80018e73 0x00
core   0: 0x80000b96 (0xf0038a03) lb      s4, -256(t2)
core   0: 3 0x80000b96 (0xf0038a03) x20 0x00000000 mem 0x80018d25
core   0: 0x80000b9a (0x02d076b3) remu    a3, zero, a3
core   0: 3 0x80000b9a (0x02d076b3) x13 0x00000000
core   0: 0x80000b9e (0xf3e3ca03) lbu     s4, -194(t2)
core   0: 3 0x80000b9e (0xf3e3ca03) x20 0x00000000 mem 0x80018d63
core   0: 0x80000ba2 (0x08e38c83) lb      s9, 142(t2)
core   0: 3 0x80000ba2 (0x08e38c83) x25 0x00000000 mem 0x80018eb3
core   0: 0x80000ba6 (0x07a38003) lb      zero, 122(t2)
core   0: 3 0x80000ba6 (0x07a38003) mem 0x80018e9f
core   0: 0x80000baa (0x02d03733) mulhu   a4, zero, a3
core   0: 3 0x80000baa (0x02d03733) x14 0x00000000
core   0: 0x80000bae (0xf7438223) sb      s4, -156(t2)
core   0: 3 0x80000bae (0xf7438223) mem 0x80018d89 0x00
core   0: 0x80000bb2 (0x019736b3) sltu    a3, a4, s9
core   0: 3 0x80000bb2 (0x019736b3) x13 0x00000000
core   0: 0x80000bb6 (0x00005cfd) c.li    s9, -1
core   0: 3 0x80000bb6 (0x5cfd) x25 0xffffffff
core   0: 0x80000bb8 (0x020a1cb3) mulh    s9, s4, zero
core   0: 3 0x80000bb8 (0x020a1cb3) x25 0x00000000
core   0: 0x80000bbc (0x0346a333) mulhsu  t1, a3, s4
core   0: 3 0x80000bbc (0x0346a333) x6  0x00000000
core   0: 0x80000bc0 (0xf3439ca3) sh      s4, -199(t2)
core   0: 3 0x80000bc0 (0xf3439ca3) mem 0x80018d5e 0x0000
core   0: 0x80000bc4 (0x0723ca03) lbu     s4, 114(t2)
core   0: 3 0x80000bc4 (0x0723ca03) x20 0x00000000 mem 0x80018e97
core   0: 0x80000bc8 (0xfb539a03) lh      s4, -75(t2)
core   0: 3 0x80000bc8 (0xfb539a03) x20 0x00000000 mem 0x80018dda
core   0: 0x80000bcc (0x00004cf1) c.li    s9, 28
core   0: 3 0x80000bcc (0x4cf1) x25 0x0000001c
core   0: 0x80000bce (0x0db3a003) lw      zero, 219(t2)
core   0: 3 0x80000bce (0x0db3a003) mem 0x80018f00
core   0: 0x80000bd2 (0x0183cc83) lbu     s9, 24(t2)
core   0: 3 0x80000bd2 (0x0183cc83) x25 0x00000000 mem 0x80018e3d
core   0: 0x80000bd6 (0x000a4a33) xor     s4, s4, zero
core   0: 3 0x80000bd6 (0x000a4a33) x20 0x00000000
core   0: 0x80000bda (0x6b800013) li      zero, 1720
core   0: 3 0x80000bda (0x6b800013)
core   0: 0x80000bde (0x06639da3) sh      t1, 123(t2)
core   0: 3 0x80000bde (0x06639da3) mem 0x80018ea0 0x0000
core   0: 0x80000be2 (0xfcf38003) lb      zero, -49(t2)
core   0: 3 0x80000be2 (0xfcf38003) mem 0x80018df4
core   0: 0x80000be6 (0xfc939703) lh      a4, -55(t2)
core   0: 3 0x80000be6 (0xfc939703) x14 0x00000000 mem 0x80018dee
core   0: 0x80000bea (0x40070a33) sub     s4, a4, zero
core   0: 3 0x80000bea (0x40070a33) x20 0x00000000
core   0: 0x80000bee (0x0a0395a3) sh      zero, 171(t2)
core   0: 3 0x80000bee (0x0a0395a3) mem 0x80018ed0 0x0000
core   0: 0x80000bf2 (0x0000073a) c.slli  a4, 14
core   0: 3 0x80000bf2 (0x073a) x14 0x00000000
core   0: 0x80000bf4 (0x0c03c303) lbu     t1, 192(t2)
core   0: 3 0x80000bf4 (0x0c03c303) x6  0x00000000 mem 0x80018ee5
core   0: 0x80000bf8 (0xf0e38323) sb      a4, -250(t2)
core   0: 3 0x80000bf8 (0xf0e38323) mem 0x80018d2b 0x00
core   0: 0x80000bfc (0x0ae38423) sb      a4, 168(t2)
core   0: 3 0x80000bfc (0x0ae38423) mem 0x80018ecd 0x00
core   0: 0x80000c00 (0x01934a33) xor     s4, t1, s9
core   0: 3 0x80000c00 (0x01934a33) x20 0x00000000
core   0: 0x80000c04 (0xfaa3cc83) lbu     s9, -86(t2)
core   0: 3 0x80000c04 (0xfaa3cc83) x25 0x00000000 mem 0x80018dcf
core   0: 0x80000c08 (0x026cb733) mulhu   a4, s9, t1
core   0: 3 0x80000c08 (0x026cb733) x14 0x00000000
core   0: 0x80000c0c (0x02939703) lh      a4, 41(t2)
core   0: 3 0x80000c0c (0x02939703) x14 0x00000000 mem 0x80018e4e
core   0: 0x80000c10 (0xd17a3713) sltiu   a4, s4, -745
core   0: 3 0x80000c10 (0xd17a3713) x14 0x00000001
core   0: 0x80000c14 (0x87468013) addi    zero, a3, -1932
core   0: 3 0x80000c14 (0x87468013)
core   0: 0x80000c18 (0xfb63c003) lbu     zero, -74(t2)
core   0: 3 0x80000c18 (0xfb63c003) mem 0x80018ddb
core   0: 0x80000c1c (0x00014117) auipc   sp, 0x14
core   0: 3 0x80000c1c (0x00014117) x2  0x80014c1c
core   0: 0x80000c20 (0xea610113) addi    sp, sp, -346
core   0: 3 0x80000c20 (0xea610113) x2  0x80014ac2
core   0: 0x80000c24 (0x35d07893) andi    a7, zero, 861
core   0: 3 0x80000c24 (0x35d07893) x17 0x00000000
core   0: 0x80000c28 (0x0164db33) srl     s6, s1, s6
core   0: 3 0x80000c28 (0x0164db33) x22 0x00000000
core   0: 0x80000c2c (0x00000001) c.nop
core   0: 3 0x80000c2c (0x0001)
core   0: 0x80000c2e (0x18910623) sb      s1, 396(sp)
core   0: 3 0x80000c2e (0x18910623) mem 0x80014c4e 0x00
core   0: 0x80000c32 (0x014b5a33) srl     s4, s6, s4
core   0: 3 0x80000c32 (0x014b5a33) x20 0x00000000
core   0: 0x80000c36 (0x711109a3) sb      a7, 1811(sp)
core   0: 3 0x80000c36 (0x711109a3) mem 0x800151d5 0x00
core   0: 0x80000c3a (0x0000888d) c.andi  s1, 3
core   0: 3 0x80000c3a (0x888d) x9  0x00000000
core   0: 0x80000c3c (0x034b5a33) divu    s4, s6, s4
core   0: 3 0x80000c3c (0x034b5a33) x20 0xffffffff
core   0: 0x80000c40 (0x00008095) c.srli  s1, 5
core   0: 3 0x80000c40 (0x8095) x9  0x00000000
core   0: 0x80000c42 (0x00000b1e) c.slli  s6, 7
core   0: 3 0x80000c42 (0x0b1e) x22 0x00000000
core   0: 0x80000c44 (0x0168c4b3) xor     s1, a7, s6
core   0: 3 0x80000c44 (0x0168c4b3) x9  0x00000000
core   0: 0x80000c48 (0x00008ca5) c.xor   s1, s1
core   0: 3 0x80000c48 (0x8ca5) x9  0x00000000
core   0: 0x80000c4a (0x4b6103a3) sb      s6, 1191(sp)
core   0: 3 0x80000c4a (0x4b6103a3) mem 0x80014f69 0x00
core   0: 0x80000c4e (0x16810b83) lb      s7, 360(sp)
core   0: 3 0x80000c4e (0x16810b83) x23 0x00000000 mem 0x80014c2a
core   0: 0x80000c52 (0x88a15b03) lhu     s6, -1910(sp)
core   0: 3 0x80000c52 (0x88a15b03) x22 0x00000000 mem 0x8001434c
core   0: 0x80000c56 (0x0754bb13) sltiu   s6, s1, 117
core   0: 3 0x80000c56 (0x0754bb13) x22 0x00000001
core   0: 0x80000c5a (0x1edb6a13) ori     s4, s6, 493
core   0: 3 0x80000c5a (0x1edb6a13) x20 0x000001ed
core   0: 0x80000c5e (0x5c114483) lbu     s1, 1473(sp)
core   0: 3 0x80000c5e (0x5c114483) x9  0x00000000 mem 0x80015083
core   0: 0x80000c62 (0x0148f8b3) and     a7, a7, s4
core   0: 3 0x80000c62 (0x0148f8b3) x17 0x00000000
core   0: 0x80000c66 (0xd1f104b7) lui     s1, 0xd1f10
core   0: 3 0x80000c66 (0xd1f104b7) x9  0xd1f10000
core   0: 0x80000c6a (0xe2811483) lh      s1, -472(sp)
core   0: 3 0x80000c6a (0xe2811483) x9  0x00000000 mem 0x800148ea
core   0: 0x80000c6e (0x009894b3) sll     s1, a7, s1
core   0: 3 0x80000c6e (0x009894b3) x9  0x00000000
core   0: 0x80000c72 (0x70957b37) lui     s6, 0x70957
core   0: 3 0x80000c72 (0x70957b37) x22 0x70957000
core   0: 0x80000c76 (0x016babb3) slt     s7, s7, s6
core   0: 3 0x80000c76 (0x016babb3) x23 0x00000001
core   0: 0x80000c7a (0xcda12b03) lw      s6, -806(sp)
core   0: 3 0x80000c7a (0xcda12b03) x22 0x00000000 mem 0x8001479c
core   0: 0x80000c7e (0x00008cc5) c.or    s1, s1
core   0: 3 0x80000c7e (0x8cc5) x9  0x00000000
core   0: 0x80000c80 (0x008a1b13) slli    s6, s4, 8
core   0: 3 0x80000c80 (0x008a1b13) x22 0x0001ed00
core   0: 0x80000c84 (0x0348dbb3) divu    s7, a7, s4
core   0: 3 0x80000c84 (0x0348dbb3) x23 0x00000000
core   0: 0x80000c88 (0x4e4b3493) sltiu   s1, s6, 1252
core   0: 3 0x80000c88 (0x4e4b3493) x9  0x00000000
core   0: 0x80000c8c (0xc77734b7) lui     s1, 0xc7773
core   0: 3 0x80000c8c (0xc77734b7) x9  0xc7773000
core   0: 0x80000c90 (0x47410e23) sb      s4, 1148(sp)
core   0: 3 0x80000c90 (0x47410e23) mem 0x80014f3e 0xed
core   0: 0x80000c94 (0x000084bd) c.srai  s1, 15
core   0: 3 0x80000c94 (0x84bd) x9  0xffff8eee
core   0: 0x80000c96 (0x011a7bb3) and     s7, s4, a7
core   0: 3 0x80000c96 (0x011a7bb3) x23 0x00000000
core   0: 0x80000c9a (0x000080c5) c.srli  s1, 17
core   0: 3 0x80000c9a (0x80c5) x9  0x00007fff
core   0: 0x80000c9c (0x50814483) lbu     s1, 1288(sp)
core   0: 3 0x80000c9c (0x50814483) x9  0x00000000 mem 0x80014fca
core   0: 0x80000ca0 (0x00405b13) srli    s6, zero, 4
core   0: 3 0x80000ca0 (0x00405b13) x22 0x00000000
core   0: 0x80000ca4 (0x000098fd) c.andi  s1, -1
core   0: 3 0x80000ca4 (0x98fd) x9  0x00000000
core   0: 0x80000ca6 (0xa4910e23) sb      s1, -1444(sp)
core   0: 3 0x80000ca6 (0xa4910e23) mem 0x8001451e 0x00
core   0: 0x80000caa (0x4c911423) sh      s1, 1224(sp)
core   0: 3 0x80000caa (0x4c911423) mem 0x80014f8a 0x0000
core   0: 0x80000cae (0x00012117) auipc   sp, 0x12
core   0: 3 0x80000cae (0x00012117) x2  0x80012cae
core   0: 0x80000cb2 (0x98810113) addi    sp, sp, -1656
core   0: 3 0x80000cb2 (0x98810113) x2  0x80012636
core   0: 0x80000cb6 (0xf8612603) lw      a2, -122(sp)
core   0: 3 0x80000cb6 (0xf8612603) x12 0x00000000 mem 0x800125bc
core   0: 0x80000cba (0x00008e3d) c.xor   a2, a5
core   0: 3 0x80000cba (0x8e3d) x12 0x00000721
core   0: 0x80000cbc (0x0ac109a3) sb      a2, 179(sp)
core   0: 3 0x80000cbc (0x0ac109a3) mem 0x800126e9 0x21
core   0: 0x80000cc0 (0xfe912f23) sw      s1, -2(sp)
core   0: 3 0x80000cc0 (0xfe912f23) mem 0x80012634 0x00000000
core   0: 0x80000cc4 (0x0ef10783) lb      a5, 239(sp)
core   0: 3 0x80000cc4 (0x0ef10783) x15 0x00000000 mem 0x80012725
core   0: 0x80000cc8 (0x02666a33) rem     s4, a2, t1
core   0: 3 0x80000cc8 (0x02666a33) x20 0x00000721
core   0: 0x80000ccc (0x09d14a03) lbu     s4, 157(sp)
core   0: 3 0x80000ccc (0x09d14a03) x20 0x00000000 mem 0x800126d3
core   0: 0x80000cd0 (0x00f797b3) sll     a5, a5, a5
core   0: 3 0x80000cd0 (0x00f797b3) x15 0x00000000
core   0: 0x80000cd4 (0xf80109a3) sb      zero, -109(sp)
core   0: 3 0x80000cd4 (0xf80109a3) mem 0x800125c9 0x00
core   0: 0x80000cd8 (0x40f304b3) sub     s1, t1, a5
core   0: 3 0x80000cd8 (0x40f304b3) x9  0x00000000
core   0: 0x80000cdc (0x00c377b3) and     a5, t1, a2
core   0: 3 0x80000cdc (0x00c377b3) x15 0x00000000
core   0: 0x80000ce0 (0x06f10a03) lb      s4, 111(sp)
core   0: 3 0x80000ce0 (0x06f10a03) x20 0x00000000 mem 0x800126a5
core   0: 0x80000ce4 (0x3d200613) li      a2, 978
core   0: 3 0x80000ce4 (0x3d200613) x12 0x000003d2
core   0: 0x80000ce8 (0x00000001) c.nop
core   0: 3 0x80000ce8 (0x0001)
core   0: 0x80000cea (0x006a44b3) xor     s1, s4, t1
core   0: 3 0x80000cea (0x006a44b3) x9  0x00000000
core   0: 0x80000cee (0x08215783) lhu     a5, 130(sp)
core   0: 3 0x80000cee (0x08215783) x15 0x00000000 mem 0x800126b8
core   0: 0x80000cf2 (0xf6c12f23) sw      a2, -130(sp)
core   0: 3 0x80000cf2 (0xf6c12f23) mem 0x800125b4 0x000003d2
core   0: 0x80000cf6 (0x0d614783) lbu     a5, 214(sp)
core   0: 3 0x80000cf6 (0x0d614783) x15 0x00000000 mem 0x8001270c
core   0: 0x80000cfa (0xf2c12123) sw      a2, -222(sp)
core   0: 3 0x80000cfa (0xf2c12123) mem 0x80012558 0x000003d2
core   0: 0x80000cfe (0xfe110303) lb      t1, -31(sp)
core   0: 3 0x80000cfe (0xfe110303) x6  0x00000000 mem 0x80012617
core   0: 0x80000d02 (0x00ca1a33) sll     s4, s4, a2
core   0: 3 0x80000d02 (0x00ca1a33) x20 0x00000000
core   0: 0x80000d06 (0x000083a1) c.srli  a5, 8
core   0: 3 0x80000d06 (0x83a1) x15 0x00000000
core   0: 0x80000d08 (0x0a811a03) lh      s4, 168(sp)
core   0: 3 0x80000d08 (0x0a811a03) x20 0x00000000 mem 0x800126de
core   0: 0x80000d0c (0xf3814003) lbu     zero, -200(sp)
core   0: 3 0x80000d0c (0xf3814003) mem 0x8001256e
core   0: 0x80000d10 (0x07110303) lb      t1, 113(sp)
core   0: 3 0x80000d10 (0x07110303) x6  0x00000000 mem 0x800126a7
core   0: 0x80000d14 (0x34b18317) auipc   t1, 0x34b18
core   0: 3 0x80000d14 (0x34b18317) x6  0xb4b18d14
core   0: 0x80000d18 (0x009a1033) sll     zero, s4, s1
core   0: 3 0x80000d18 (0x009a1033)
core   0: 0x80000d1c (0xf4f10ea3) sb      a5, -163(sp)
core   0: 3 0x80000d1c (0xf4f10ea3) mem 0x80012593 0x00
core   0: 0x80000d20 (0x01310483) lb      s1, 19(sp)
core   0: 3 0x80000d20 (0x01310483) x9  0x00000000 mem 0x80012649
core   0: 0x80000d24 (0xf3a15603) lhu     a2, -198(sp)
core   0: 3 0x80000d24 (0xf3a15603) x12 0x00000000 mem 0x80012570
core   0: 0x80000d28 (0x000084d2) c.mv    s1, s4
core   0: 3 0x80000d28 (0x84d2) x9  0x00000000
core   0: 0x80000d2a (0x00008ba9) c.andi  a5, 10
core   0: 3 0x80000d2a (0x8ba9) x15 0x00000000
core   0: 0x80000d2c (0xfd611603) lh      a2, -42(sp)
core   0: 3 0x80000d2c (0xfd611603) x12 0x00000000 mem 0x8001260c
core   0: 0x80000d30 (0x0004b4b3) sltu    s1, s1, zero
core   0: 3 0x80000d30 (0x0004b4b3) x9  0x00000000
core   0: 0x80000d34 (0x03010003) lb      zero, 48(sp)
core   0: 3 0x80000d34 (0x03010003) mem 0x80012666
core   0: 0x80000d38 (0x400a5493) srai    s1, s4, 0
core   0: 3 0x80000d38 (0x400a5493) x9  0x00000000
core   0: 0x80000d3c (0xcaca6793) ori     a5, s4, -852
core   0: 3 0x80000d3c (0xcaca6793) x15 0xfffffcac
core   0: 0x80000d40 (0xff615003) lhu     zero, -10(sp)
core   0: 3 0x80000d40 (0xff615003) mem 0x8001262c
core   0: 0x80000d44 (0xf2b10a03) lb      s4, -213(sp)
core   0: 3 0x80000d44 (0xf2b10a03) x20 0x00000000 mem 0x80012561
core   0: 0x80000d48 (0x06611523) sh      t1, 106(sp)
core   0: 3 0x80000d48 (0x06611523) mem 0x800126a0 0x8d14
core   0: 0x80000d4c (0x0fd14483) lbu     s1, 253(sp)
core   0: 3 0x80000d4c (0x0fd14483) x9  0x00000000 mem 0x80012733
core   0: 0x80000d50 (0x04d14a03) lbu     s4, 77(sp)
core   0: 3 0x80000d50 (0x04d14a03) x20 0x00000000 mem 0x80012683
core   0: 0x80000d54 (0x000084b9) c.srai  s1, 14
core   0: 3 0x80000d54 (0x84b9) x9  0x00000000
core   0: 0x80000d56 (0x08610ba3) sb      t1, 151(sp)
core   0: 3 0x80000d56 (0x08610ba3) mem 0x800126cd 0x14
core   0: 0x80000d5a (0xf7114303) lbu     t1, -143(sp)
core   0: 3 0x80000d5a (0xf7114303) x6  0x00000000 mem 0x800125a7
core   0: 0x80000d5e (0x03410023) sb      s4, 32(sp)
core   0: 3 0x80000d5e (0x03410023) mem 0x80012656 0x00
core   0: 0x80000d62 (0x00004419) c.li    s0, 6
core   0: 3 0x80000d62 (0x4419) x8  0x00000006
core   0: 0x80000d64 (0x00000001) c.nop
core   0: 3 0x80000d64 (0x0001)
core   0: 0x80000d66 (0x0389dab3) divu    s5, s3, s8
core   0: 3 0x80000d66 (0x0389dab3) x21 0x00000001
core   0: 0x80000d6a (0x00000ac9) c.addi  s5, 18
core   0: 3 0x80000d6a (0x0ac9) x21 0x00000013
core   0: 0x80000d6c (0x00001475) c.addi  s0, -3
core   0: 3 0x80000d6c (0x1475) x8  0x00000003
core   0: 0x80000d6e (0x00004095) c.li    ra, 5
core   0: 3 0x80000d6e (0x4095) x1  0x00000005
core   0: 0x80000d70 (0x000044b5) c.li    s1, 13
core   0: 3 0x80000d70 (0x44b5) x9  0x0000000d
core   0: 0x80000d72 (0x00008de1) c.and   a1, s0
core   0: 3 0x80000d72 (0x8de1) x11 0x00000003
core   0: 0x80000d74 (0x00000095) c.addi  ra, 5
core   0: 3 0x80000d74 (0x0095) x1  0x0000000a
core   0: 0x80000d76 (0xfe90eee3) bltu    ra, s1, pc - 4
core   0: 3 0x80000d76 (0xfe90eee3)
core   0: 0x80000d72 (0x00008de1) c.and   a1, s0
core   0: 3 0x80000d72 (0x8de1) x11 0x00000003
core   0: 0x80000d74 (0x00000095) c.addi  ra, 5
core   0: 3 0x80000d74 (0x0095) x1  0x0000000f
core   0: 0x80000d76 (0xfe90eee3) bltu    ra, s1, pc - 4
core   0: 3 0x80000d76 (0xfe90eee3)
core   0: 0x80000d7a (0x0000f475) c.bnez  s0, pc - 20
core   0: 3 0x80000d7a (0xf475)
core   0: 0x80000d66 (0x0389dab3) divu    s5, s3, s8
core   0: 3 0x80000d66 (0x0389dab3) x21 0x00000001
core   0: 0x80000d6a (0x00000ac9) c.addi  s5, 18
core   0: 3 0x80000d6a (0x0ac9) x21 0x00000013
core   0: 0x80000d6c (0x00001475) c.addi  s0, -3
core   0: 3 0x80000d6c (0x1475) x8  0x00000000
core   0: 0x80000d6e (0x00004095) c.li    ra, 5
core   0: 3 0x80000d6e (0x4095) x1  0x00000005
core   0: 0x80000d70 (0x000044b5) c.li    s1, 13
core   0: 3 0x80000d70 (0x44b5) x9  0x0000000d
core   0: 0x80000d72 (0x00008de1) c.and   a1, s0
core   0: 3 0x80000d72 (0x8de1) x11 0x00000000
core   0: 0x80000d74 (0x00000095) c.addi  ra, 5
core   0: 3 0x80000d74 (0x0095) x1  0x0000000a
core   0: 0x80000d76 (0xfe90eee3) bltu    ra, s1, pc - 4
core   0: 3 0x80000d76 (0xfe90eee3)
core   0: 0x80000d72 (0x00008de1) c.and   a1, s0
core   0: 3 0x80000d72 (0x8de1) x11 0x00000000
core   0: 0x80000d74 (0x00000095) c.addi  ra, 5
core   0: 3 0x80000d74 (0x0095) x1  0x0000000f
core   0: 0x80000d76 (0xfe90eee3) bltu    ra, s1, pc - 4
core   0: 3 0x80000d76 (0xfe90eee3)
core   0: 0x80000d7a (0x0000f475) c.bnez  s0, pc - 20
core   0: 3 0x80000d7a (0xf475)
core   0: 0x80000d7c (0x01dc93b3) sll     t2, s9, t4
core   0: 3 0x80000d7c (0x01dc93b3) x7  0x00000000
core   0: 0x80000d80 (0x00012117) auipc   sp, 0x12
core   0: 3 0x80000d80 (0x00012117) x2  0x80012d80
core   0: 0x80000d84 (0x49c10113) addi    sp, sp, 1180
core   0: 3 0x80000d84 (0x49c10113) x2  0x8001321c
core   0: 0x80000d88 (0xfcd10183) lb      gp, -51(sp)
core   0: 3 0x80000d88 (0xfcd10183) x3  0x00000000 mem 0x800131e9
core   0: 0x80000d8c (0x00e15503) lhu     a0, 14(sp)
core   0: 3 0x80000d8c (0x00e15503) x10 0x00000000 mem 0x8001322a
core   0: 0x80000d90 (0x00008c3d) c.xor   s0, a5
core   0: 3 0x80000d90 (0x8c3d) x8  0xfffffcac
core   0: 0x80000d92 (0x00c71b93) slli    s7, a4, 12
core   0: 3 0x80000d92 (0x00c71b93) x23 0x00001000
core   0: 0x80000d96 (0x00e15283) lhu     t0, 14(sp)
core   0: 3 0x80000d96 (0x00e15283) x5  0x00000000 mem 0x8001322a
core   0: 0x80000d9a (0x01110723) sb      a7, 14(sp)
core   0: 3 0x80000d9a (0x01110723) mem 0x8001322a 0x00
core   0: 0x80000d9e (0x00e11703) lh      a4, 14(sp)
core   0: 3 0x80000d9e (0x00e11703) x14 0x00000000 mem 0x8001322a
core   0: 0x80000da2 (0x00e10903) lb      s2, 14(sp)
core   0: 3 0x80000da2 (0x00e10903) x18 0x00000000 mem 0x8001322a
core   0: 0x80000da6 (0x000082aa) c.mv    t0, a0
core   0: 3 0x80000da6 (0x82aa) x5  0x00000000
core   0: 0x80000da8 (0x00e14883) lbu     a7, 14(sp)
core   0: 3 0x80000da8 (0x00e14883) x17 0x00000000 mem 0x8001322a
core   0: 0x80000dac (0x00e11003) lh      zero, 14(sp)
core   0: 3 0x80000dac (0x00e11003) mem 0x8001322a
core   0: 0x80000db0 (0x00e11583) lh      a1, 14(sp)
core   0: 3 0x80000db0 (0x00e11583) x11 0x00000000 mem 0x8001322a
core   0: 0x80000db4 (0x00e15303) lhu     t1, 14(sp)
core   0: 3 0x80000db4 (0x00e15303) x6  0x00000000 mem 0x8001322a
core   0: 0x80000db8 (0x00e11003) lh      zero, 14(sp)
core   0: 3 0x80000db8 (0x00e11003) mem 0x8001322a
core   0: 0x80000dbc (0x00011117) auipc   sp, 0x11
core   0: 3 0x80000dbc (0x00011117) x2  0x80011dbc
core   0: 0x80000dc0 (0x9b610113) addi    sp, sp, -1610
core   0: 3 0x80000dc0 (0x9b610113) x2  0x80011772
core   0: 0x80000dc4 (0xe3a12d23) sw      s10, -454(sp)
core   0: 3 0x80000dc4 (0xe3a12d23) mem 0x800115ac 0xbbf9b7ac
core   0: 0x80000dc8 (0xe3a10783) lb      a5, -454(sp)
core   0: 3 0x80000dc8 (0xe3a10783) x15 0xffffffac mem 0x800115ac
core   0: 0x80000dcc (0xe3a15903) lhu     s2, -454(sp)
core   0: 3 0x80000dcc (0xe3a15903) x18 0x0000b7ac mem 0x800115ac
core   0: 0x80000dd0 (0xe3e10d23) sb      t5, -454(sp)
core   0: 3 0x80000dd0 (0xe3e10d23) mem 0x800115ac 0xa4
core   0: 0x80000dd4 (0x011e41b3) xor     gp, t3, a7
core   0: 3 0x80000dd4 (0x011e41b3) x3  0x97141b68
core   0: 0x80000dd8 (0x03b5f3b3) remu    t2, a1, s11
core   0: 3 0x80000dd8 (0x03b5f3b3) x7  0x00000000
core   0: 0x80000ddc (0xe3a14783) lbu     a5, -454(sp)
core   0: 3 0x80000ddc (0xe3a14783) x15 0x000000a4 mem 0x800115ac
core   0: 0x80000de0 (0xe3411d23) sh      s4, -454(sp)
core   0: 3 0x80000de0 (0xe3411d23) mem 0x800115ac 0x0000
core   0: 0x80000de4 (0xe3a12903) lw      s2, -454(sp)
core   0: 3 0x80000de4 (0xe3a12903) x18 0xbbf90000 mem 0x800115ac
core   0: 0x80000de8 (0xe3011d23) sh      a6, -454(sp)
core   0: 3 0x80000de8 (0xe3011d23) mem 0x800115ac 0xc1c6
core   0: 0x80000dec (0x4fc8cd93) xori    s11, a7, 1276
core   0: 3 0x80000dec (0x4fc8cd93) x27 0x000004fc
core   0: 0x80000df0 (0xe3a12383) lw      t2, -454(sp)
core   0: 3 0x80000df0 (0xe3a12383) x7  0xbbf9c1c6 mem 0x800115ac
core   0: 0x80000df4 (0xe2211d23) sh      sp, -454(sp)
core   0: 3 0x80000df4 (0xe2211d23) mem 0x800115ac 0x1772
core   0: 0x80000df8 (0x03548a33) mul     s4, s1, s5
core   0: 3 0x80000df8 (0x03548a33) x20 0x000000f7
core   0: 0x80000dfc (0xe3a11b03) lh      s6, -454(sp)
core   0: 3 0x80000dfc (0xe3a11b03) x22 0x00001772 mem 0x800115ac
core   0: 0x80000e00 (0xe3a11883) lh      a7, -454(sp)
core   0: 3 0x80000e00 (0xe3a11883) x17 0x00001772 mem 0x800115ac
core   0: 0x80000e04 (0xe3a12c03) lw      s8, -454(sp)
core   0: 3 0x80000e04 (0xe3a12c03) x24 0xbbf91772 mem 0x800115ac
core   0: 0x80000e08 (0x0024cdb3) xor     s11, s1, sp
core   0: 3 0x80000e08 (0x0024cdb3) x27 0x8001177f
core   0: 0x80000e0c (0xe3a11d23) sh      s10, -454(sp)
core   0: 3 0x80000e0c (0xe3a11d23) mem 0x800115ac 0xb7ac
core   0: 0x80000e10 (0xe3a10c83) lb      s9, -454(sp)
core   0: 3 0x80000e10 (0xe3a10c83) x25 0xffffffac mem 0x800115ac
core   0: 0x80000e14 (0xe3a12d83) lw      s11, -454(sp)
core   0: 3 0x80000e14 (0xe3a12d83) x27 0xbbf9b7ac mem 0x800115ac
core   0: 0x80000e18 (0x00008ed5) c.or    a3, a3
core   0: 3 0x80000e18 (0x8ed5) x13 0x00000000
core   0: 0x80000e1a (0xe2012d23) sw      zero, -454(sp)
core   0: 3 0x80000e1a (0xe2012d23) mem 0x800115ac 0x00000000
core   0: 0x80000e1e (0xe3a12d23) sw      s10, -454(sp)
core   0: 3 0x80000e1e (0xe3a12d23) mem 0x800115ac 0xbbf9b7ac
core   0: 0x80000e22 (0x02ce30b3) mulhu   ra, t3, a2
core   0: 3 0x80000e22 (0x02ce30b3) x1  0x00000000
core   0: 0x80000e26 (0xe3a10503) lb      a0, -454(sp)
core   0: 3 0x80000e26 (0xe3a10503) x10 0xffffffac mem 0x800115ac
core   0: 0x80000e2a (0xe3a15703) lhu     a4, -454(sp)
core   0: 3 0x80000e2a (0xe3a15703) x14 0x0000b7ac mem 0x800115ac
core   0: 0x80000e2e (0x0000f117) auipc   sp, 0xf
core   0: 3 0x80000e2e (0x0000f117) x2  0x8000fe2e
core   0: 0x80000e32 (0x2a410113) addi    sp, sp, 676
core   0: 3 0x80000e32 (0x2a410113) x2  0x800100d2
core   0: 0x80000e36 (0x037b00b3) mul     ra, s6, s7
core   0: 3 0x80000e36 (0x037b00b3) x1  0x01772000
core   0: 0x80000e3a (0x01011203) lh      tp, 16(sp)
core   0: 3 0x80000e3a (0x01011203) x4  0x00000000 mem 0x800100e2
core   0: 0x80000e3e (0x000000d6) c.slli  ra, 21
core   0: 3 0x80000e3e (0x00d6) x1  0x00000000
core   0: 0x80000e40 (0x40420733) sub     a4, tp, tp
core   0: 3 0x80000e40 (0x40420733) x14 0x00000000
core   0: 0x80000e44 (0x017b8233) add     tp, s7, s7
core   0: 3 0x80000e44 (0x017b8233) x4  0x00002000
core   0: 0x80000e48 (0x0000923a) c.add   tp, a4
core   0: 3 0x80000e48 (0x923a) x4  0x00002000
core   0: 0x80000e4a (0x01711523) sh      s7, 10(sp)
core   0: 3 0x80000e4a (0x01711523) mem 0x800100dc 0x1000
core   0: 0x80000e4e (0xff810483) lb      s1, -8(sp)
core   0: 3 0x80000e4e (0xff810483) x9  0x00000000 mem 0x800100ca
core   0: 0x80000e52 (0x01711623) sh      s7, 12(sp)
core   0: 3 0x80000e52 (0x01711623) mem 0x800100de 0x1000
core   0: 0x80000e56 (0x009b44b3) xor     s1, s6, s1
core   0: 3 0x80000e56 (0x009b44b3) x9  0x00001772
core   0: 0x80000e5a (0xff6108a3) sb      s6, -15(sp)
core   0: 3 0x80000e5a (0xff6108a3) mem 0x800100c3 0x72
core   0: 0x80000e5e (0xff610ca3) sb      s6, -7(sp)
core   0: 3 0x80000e5e (0xff610ca3) mem 0x800100cb 0x72
core   0: 0x80000e62 (0x000080c1) c.srli  s1, 16
core   0: 3 0x80000e62 (0x80c1) x9  0x00000000
core   0: 0x80000e64 (0x024bcb33) div     s6, s7, tp
core   0: 3 0x80000e64 (0x024bcb33) x22 0x00000000
core   0: 0x80000e68 (0x017105a3) sb      s7, 11(sp)
core   0: 3 0x80000e68 (0x017105a3) mem 0x800100dd 0x00
core   0: 0x80000e6c (0x00000001) c.nop
core   0: 3 0x80000e6c (0x0001)
core   0: 0x80000e6e (0x000084e1) c.srai  s1, 24
core   0: 3 0x80000e6e (0x84e1) x9  0x00000000
core   0: 0x80000e70 (0x00004721) c.li    a4, 8
core   0: 3 0x80000e70 (0x4721) x14 0x00000008
core   0: 0x80000e72 (0x00411423) sh      tp, 8(sp)
core   0: 3 0x80000e72 (0x00411423) mem 0x800100da 0x2000
core   0: 0x80000e76 (0x18b0e493) ori     s1, ra, 395
core   0: 3 0x80000e76 (0x18b0e493) x9  0x0000018b
core   0: 0x80000e7a (0x00510483) lb      s1, 5(sp)
core   0: 3 0x80000e7a (0x00510483) x9  0x00000000 mem 0x800100d7
core   0: 0x80000e7e (0x0000177d) c.addi  a4, -1
core   0: 3 0x80000e7e (0x177d) x14 0x00000007
core   0: 0x80000e80 (0xd475f217) auipc   tp, 0xd475f
core   0: 3 0x80000e80 (0xd475f217) x4  0x5475fe80
core   0: 0x80000e84 (0xffd14b83) lbu     s7, -3(sp)
core   0: 3 0x80000e84 (0xffd14b83) x23 0x00000000 mem 0x800100cf
core   0: 0x80000e88 (0x00411823) sh      tp, 16(sp)
core   0: 3 0x80000e88 (0x00411823) mem 0x800100e2 0xfe80
core   0: 0x80000e8c (0x8700eb93) ori     s7, ra, -1936
core   0: 3 0x80000e8c (0x8700eb93) x23 0xfffff870
core   0: 0x80000e90 (0xff710fa3) sb      s7, -1(sp)
core   0: 3 0x80000e90 (0xff710fa3) mem 0x800100d1 0x70
core   0: 0x80000e94 (0xff710b83) lb      s7, -9(sp)
core   0: 3 0x80000e94 (0xff710b83) x23 0x00000000 mem 0x800100c9
core   0: 0x80000e98 (0x0374eb33) rem     s6, s1, s7
core   0: 3 0x80000e98 (0x0374eb33) x22 0x00000000
core   0: 0x80000e9c (0xff7108a3) sb      s7, -15(sp)
core   0: 3 0x80000e9c (0xff7108a3) mem 0x800100c3 0x00
core   0: 0x80000ea0 (0x0400036f) jal     t1, pc + 0x40
core   0: 3 0x80000ea0 (0x0400036f) x6  0x80000ea4
core   0: 0x80000ee0 (0x00003fcd) c.jal   pc - 14
core   0: 3 0x80000ee0 (0x3fcd) x1  0x80000ee2
core   0: 0x80000ed2 (0x00003fd1) c.jal   pc - 44
core   0: 3 0x80000ed2 (0x3fd1) x1  0x80000ed4
core   0: 0x80000ea6 (0x0000a81d) c.j     pc + 54
core   0: 3 0x80000ea6 (0xa81d)
core   0: 0x80000edc (0x0000b7dd) c.j     pc - 26
core   0: 3 0x80000edc (0xb7dd)
core   0: 0x80000ec2 (0x0000bfed) c.j     pc - 6
core   0: 3 0x80000ec2 (0xbfed)
core   0: 0x80000ebc (0x00003fdd) c.jal   pc - 10
core   0: 3 0x80000ebc (0x3fdd) x1  0x80000ebe
core   0: 0x80000eb2 (0x00002031) c.jal   pc + 12
core   0: 3 0x80000eb2 (0x2031) x1  0x80000eb4
core   0: 0x80000ebe (0xfe7ff76f) jal     a4, pc - 0x1a
core   0: 3 0x80000ebe (0xfe7ff76f) x14 0x80000ec2
core   0: 0x80000ea4 (0x0000a811) c.j     pc + 20
core   0: 3 0x80000ea4 (0xa811)
core   0: 0x80000eb8 (0x00c000ef) jal     pc + 0xc
core   0: 3 0x80000eb8 (0x00c000ef) x1  0x80000ebc
core   0: 0x80000ec4 (0x0000a009) c.j     pc + 2
core   0: 3 0x80000ec4 (0xa009)
core   0: 0x80000ec6 (0xfe3ff0ef) jal     pc - 0x1e
core   0: 3 0x80000ec6 (0xfe3ff0ef) x1  0x80000eca
core   0: 0x80000ea8 (0x00002009) c.jal   pc + 2
core   0: 3 0x80000ea8 (0x2009) x1  0x80000eaa
core   0: 0x80000eaa (0x02e0066f) jal     a2, pc + 0x2e
core   0: 3 0x80000eaa (0x02e0066f) x12 0x80000eae
core   0: 0x80000ed8 (0xff9ff0ef) jal     pc - 0x8
core   0: 3 0x80000ed8 (0xff9ff0ef) x1  0x80000edc
core   0: 0x80000ed0 (0x0000b7dd) c.j     pc - 26
core   0: 3 0x80000ed0 (0xb7dd)
core   0: 0x80000eb6 (0x0000bffd) c.j     pc - 2
core   0: 3 0x80000eb6 (0xbffd)
core   0: 0x80000eb4 (0x0000bfed) c.j     pc - 6
core   0: 3 0x80000eb4 (0xbfed)
core   0: 0x80000eae (0x0260026f) jal     tp, pc + 0x26
core   0: 3 0x80000eae (0x0260026f) x4  0x80000eb2
core   0: 0x80000ed4 (0x00a0036f) jal     t1, pc + 0xa
core   0: 3 0x80000ed4 (0x00a0036f) x6  0x80000ed8
core   0: 0x80000ede (0x000037f5) c.jal   pc - 20
core   0: 3 0x80000ede (0x37f5) x1  0x80000ee0
core   0: 0x80000eca (0x004000ef) jal     pc + 0x4
core   0: 3 0x80000eca (0x004000ef) x1  0x80000ece
core   0: 0x80000ece (0x0000a811) c.j     pc + 20
core   0: 3 0x80000ece (0xa811)
core   0: 0x80000ee2 (0x006fd3b3) srl     t2, t6, t1
core   0: 3 0x80000ee2 (0x006fd3b3) x7  0x00000000
core   0: 0x80000ee6 (0x01a0036f) jal     t1, pc + 0x1a
core   0: 3 0x80000ee6 (0x01a0036f) x6  0x80000eea
core   0: 0x80000f00 (0xff3ffa6f) jal     s4, pc - 0xe
core   0: 3 0x80000f00 (0xff3ffa6f) x20 0x80000f04
core   0: 0x80000ef2 (0xff9ff0ef) jal     pc - 0x8
core   0: 3 0x80000ef2 (0xff9ff0ef) x1  0x80000ef6
core   0: 0x80000eea (0x00002005) c.jal   pc + 32
core   0: 3 0x80000eea (0x2005) x1  0x80000eec
core   0: 0x80000f0a (0x0000a009) c.j     pc + 2
core   0: 3 0x80000f0a (0xa009)
core   0: 0x80000f0c (0x00002009) c.jal   pc + 2
core   0: 3 0x80000f0c (0x2009) x1  0x80000f0e
core   0: 0x80000f0e (0x0000bff9) c.j     pc - 34
core   0: 3 0x80000f0e (0xbff9)
core   0: 0x80000eec (0x0000a829) c.j     pc + 26
core   0: 3 0x80000eec (0xa829)
core   0: 0x80000f06 (0x0000bfd5) c.j     pc - 12
core   0: 3 0x80000f06 (0xbfd5)
core   0: 0x80000efa (0x0000a011) c.j     pc + 4
core   0: 3 0x80000efa (0xa011)
core   0: 0x80000efe (0x00002029) c.jal   pc + 10
core   0: 3 0x80000efe (0x2029) x1  0x80000f00
core   0: 0x80000f08 (0x00003ff5) c.jal   pc - 4
core   0: 3 0x80000f08 (0x3ff5) x1  0x80000f0a
core   0: 0x80000f04 (0x00003fe5) c.jal   pc - 8
core   0: 3 0x80000f04 (0x3fe5) x1  0x80000f06
core   0: 0x80000efc (0x00003fcd) c.jal   pc - 14
core   0: 3 0x80000efc (0x3fcd) x1  0x80000efe
core   0: 0x80000eee (0x008000ef) jal     pc + 0x8
core   0: 3 0x80000eee (0x008000ef) x1  0x80000ef2
core   0: 0x80000ef6 (0x01a000ef) jal     pc + 0x1a
core   0: 3 0x80000ef6 (0x01a000ef) x1  0x80000efa
core   0: 0x80000f10 (0xc2c4ea17) auipc   s4, 0xc2c4e
core   0: 3 0x80000f10 (0xc2c4ea17) x20 0x42c4ef10
core   0: 0x80000f14 (0x0001f117) auipc   sp, 0x1f
core   0: 3 0x80000f14 (0x0001f117) x2  0x8001ff14
core   0: 0x80000f18 (0xb5e10113) addi    sp, sp, -1186
core   0: 3 0x80000f18 (0xb5e10113) x2  0x8001fa72
core   0: 0x80000f1c (0x000095f6) c.add   a1, t4
core   0: 3 0x80000f1c (0x95f6) x11 0x99a5fb64
core   0: 0x80000f1e (0x00c5feb3) and     t4, a1, a2
core   0: 3 0x80000f1e (0x00c5feb3) x29 0x80000a24
core   0: 0x80000f22 (0x7032f297) auipc   t0, 0x7032f
core   0: 3 0x80000f22 (0x7032f297) x5  0xf032ff22
core   0: 0x80000f26 (0x45510703) lb      a4, 1109(sp)
core   0: 3 0x80000f26 (0x45510703) x14 0x00000000 mem 0x8001fec7
core   0: 0x80000f2a (0x2d114e83) lbu     t4, 721(sp)
core   0: 3 0x80000f2a (0x2d114e83) x29 0x00000000 mem 0x8001fd43
core   0: 0x80000f2e (0x40c58633) sub     a2, a1, a2
core   0: 3 0x80000f2e (0x40c58633) x12 0x19a5ecb6
core   0: 0x80000f32 (0xe7d14283) lbu     t0, -387(sp)
core   0: 3 0x80000f32 (0xe7d14283) x5  0x00000000 mem 0x8001f8ef
core   0: 0x80000f36 (0xaea108a3) sb      a0, -1295(sp)
core   0: 3 0x80000f36 (0xaea108a3) mem 0x8001f563 0xac
core   0: 0x80000f3a (0x17514283) lbu     t0, 373(sp)
core   0: 3 0x80000f3a (0x17514283) x5  0x00000000 mem 0x8001fbe7
core   0: 0x80000f3e (0x02e65eb3) divu    t4, a2, a4
core   0: 3 0x80000f3e (0x02e65eb3) x29 0xffffffff
core   0: 0x80000f42 (0x00e66eb3) or      t4, a2, a4
core   0: 3 0x80000f42 (0x00e66eb3) x29 0x19a5ecb6
core   0: 0x80000f46 (0x02beaeb3) mulhsu  t4, t4, a1
core   0: 3 0x80000f46 (0x02beaeb3) x29 0x0f64cb9a
core   0: 0x80000f4a (0x00008e2d) c.xor   a2, a1
core   0: 3 0x80000f4a (0x8e2d) x12 0x800017d2
core   0: 0x80000f4c (0x01d2a2b3) slt     t0, t0, t4
core   0: 3 0x80000f4c (0x01d2a2b3) x5  0x00000001
core   0: 0x80000f50 (0x00008db1) c.xor   a1, a2
core   0: 3 0x80000f50 (0x8db1) x11 0x19a5ecb6
core   0: 0x80000f52 (0x00009ef6) c.add   t4, t4
core   0: 3 0x80000f52 (0x9ef6) x29 0x1ec99734
core   0: 0x80000f54 (0x02bec633) div     a2, t4, a1
core   0: 3 0x80000f54 (0x02bec633) x12 0x00000001
core   0: 0x80000f58 (0x02c672b3) remu    t0, a2, a2
core   0: 3 0x80000f58 (0x02c672b3) x5  0x00000000
core   0: 0x80000f5c (0x95d11923) sh      t4, -1710(sp)
core   0: 3 0x80000f5c (0x95d11923) mem 0x8001f3c4 0x9734
core   0: 0x80000f60 (0x16511123) sh      t0, 354(sp)
core   0: 3 0x80000f60 (0x16511123) mem 0x8001fbd4 0x0000
core   0: 0x80000f64 (0x00e57633) and     a2, a0, a4
core   0: 3 0x80000f64 (0x00e57633) x12 0x00000000
core   0: 0x80000f68 (0xd5d100a3) sb      t4, -703(sp)
core   0: 3 0x80000f68 (0xd5d100a3) mem 0x8001f7b3 0x34
core   0: 0x80000f6c (0x00008de9) c.and   a1, a0
core   0: 3 0x80000f6c (0x8de9) x11 0x19a5eca4
core   0: 0x80000f6e (0x01d5b2b3) sltu    t0, a1, t4
core   0: 3 0x80000f6e (0x01d5b2b3) x5  0x00000001
core   0: 0x80000f72 (0x00004e89) c.li    t4, 2
core   0: 3 0x80000f72 (0x4e89) x29 0x00000002
core   0: 0x80000f74 (0x5e172513) slti    a0, a4, 1505
core   0: 3 0x80000f74 (0x5e172513) x10 0x00000001
core   0: 0x80000f78 (0x01d655b3) srl     a1, a2, t4
core   0: 3 0x80000f78 (0x01d655b3) x11 0x00000000
core   0: 0x80000f7c (0x02ec6eb7) lui     t4, 0x2ec6
core   0: 3 0x80000f7c (0x02ec6eb7) x29 0x02ec6000
core   0: 0x80000f80 (0x01d542b3) xor     t0, a0, t4
core   0: 3 0x80000f80 (0x01d542b3) x5  0x02ec6001
core   0: 0x80000f84 (0x02b655b3) divu    a1, a2, a1
core   0: 3 0x80000f84 (0x02b655b3) x11 0xffffffff
core   0: 0x80000f88 (0x80511523) sh      t0, -2038(sp)
core   0: 3 0x80000f88 (0x80511523) mem 0x8001f27c 0x6001
core   0: 0x80000f8c (0x50c11123) sh      a2, 1282(sp)
core   0: 3 0x80000f8c (0x50c11123) mem 0x8001ff74 0x0000
core   0: 0x80000f90 (0x00c735b3) sltu    a1, a4, a2
core   0: 3 0x80000f90 (0x00c735b3) x11 0x00000000
core   0: 0x80000f94 (0x00a2deb3) srl     t4, t0, a0
core   0: 3 0x80000f94 (0x00a2deb3) x29 0x01763000
core   0: 0x80000f98 (0x000002e9) c.addi  t0, 26
core   0: 3 0x80000f98 (0x02e9) x5  0x02ec601b
core   0: 0x80000f9a (0xbc710e83) lb      t4, -1081(sp)
core   0: 3 0x80000f9a (0xbc710e83) x29 0x00000000 mem 0x8001f639
core   0: 0x80000f9e (0x000092b2) c.add   t0, a2
core   0: 3 0x80000f9e (0x92b2) x5  0x02ec601b
core   0: 0x80000fa0 (0x37010283) lb      t0, 880(sp)
core   0: 3 0x80000fa0 (0x37010283) x5  0x00000000 mem 0x8001fde2
core   0: 0x80000fa4 (0x0000fb97) auipc   s7, 0xf
core   0: 3 0x80000fa4 (0x0000fb97) x23 0x8000ffa4
core   0: 0x80000fa8 (0x732b8b93) addi    s7, s7, 1842
core   0: 3 0x80000fa8 (0x732b8b93) x23 0x800106d6
core   0: 0x80000fac (0x00a55233) srl     tp, a0, a0
core   0: 3 0x80000fac (0x00a55233) x4  0x00000000
core   0: 0x80000fb0 (0x00008e29) c.xor   a2, a0
core   0: 3 0x80000fb0 (0x8e29) x12 0x00000001
core   0: 0x80000fb2 (0x00000001) c.nop
core   0: 3 0x80000fb2 (0x0001)
core   0: 0x80000fb4 (0x00006215) c.lui   tp, 0x5
core   0: 3 0x80000fb4 (0x6215) x4  0x00005000
core   0: 0x80000fb6 (0xfcab9c23) sh      a0, -40(s7)
core   0: 3 0x80000fb6 (0xfcab9c23) mem 0x800106ae 0x0001
core   0: 0x80000fba (0xfd0b9a03) lh      s4, -48(s7)
core   0: 3 0x80000fba (0xfd0b9a03) x20 0x00000000 mem 0x800106a6
core   0: 0x80000fbe (0x001a5913) srli    s2, s4, 1
core   0: 3 0x80000fbe (0x001a5913) x18 0x00000000
core   0: 0x80000fc2 (0x00008a71) c.andi  a2, 28
core   0: 3 0x80000fc2 (0x8a71) x12 0x00000000
core   0: 0x80000fc4 (0x00dbc903) lbu     s2, 13(s7)
core   0: 3 0x80000fc4 (0x00dbc903) x18 0x00000000 mem 0x800106e3
core   0: 0x80000fc8 (0x00000905) c.addi  s2, 1
core   0: 3 0x80000fc8 (0x0905) x18 0x00000001
core   0: 0x80000fca (0x00006a11) c.lui   s4, 0x4
core   0: 3 0x80000fca (0x6a11) x20 0x00004000
core   0: 0x80000fcc (0x865a7913) andi    s2, s4, -1947
core   0: 3 0x80000fcc (0x865a7913) x18 0x00004000
core   0: 0x80000fd0 (0x0000053e) c.slli  a0, 15
core   0: 3 0x80000fd0 (0x053e) x10 0x00008000
core   0: 0x80000fd2 (0x6c490913) addi    s2, s2, 1732
core   0: 3 0x80000fd2 (0x6c490913) x18 0x000046c4
core   0: 0x80000fd6 (0x00009a7d) c.andi  a2, -1
core   0: 3 0x80000fd6 (0x9a7d) x12 0x00000000
core   0: 0x80000fd8 (0x014a0533) add     a0, s4, s4
core   0: 3 0x80000fd8 (0x014a0533) x10 0x00008000
core   0: 0x80000fdc (0xff8bd603) lhu     a2, -8(s7)
core   0: 3 0x80000fdc (0xff8bd603) x12 0x00000000 mem 0x800106ce
core   0: 0x80000fe0 (0x01fbc303) lbu     t1, 31(s7)
core   0: 3 0x80000fe0 (0x01fbc303) x6  0x00000000 mem 0x800106f5
core   0: 0x80000fe4 (0xfe4b84a3) sb      tp, -23(s7)
core   0: 3 0x80000fe4 (0xfe4b84a3) mem 0x800106bf 0x00
core   0: 0x80000fe8 (0x00008e69) c.and   a2, a0
core   0: 3 0x80000fe8 (0x8e69) x12 0x00000000
core   0: 0x80000fea (0x07f50913) addi    s2, a0, 127
core   0: 3 0x80000fea (0x07f50913) x18 0x0000807f
core   0: 0x80000fee (0x40a90233) sub     tp, s2, a0
core   0: 3 0x80000fee (0x40a90233) x4  0x0000007f
core   0: 0x80000ff2 (0x026a1333) mulh    t1, s4, t1
core   0: 3 0x80000ff2 (0x026a1333) x6  0x00000000
core   0: 0x80000ff6 (0x030b9503) lh      a0, 48(s7)
core   0: 3 0x80000ff6 (0x030b9503) x10 0x00000000 mem 0x80010706
core   0: 0x80000ffa (0x03297a33) remu    s4, s2, s2
core   0: 3 0x80000ffa (0x03297a33) x20 0x00000000
core   0: 0x80000ffe (0x00008e49) c.or    a2, a0
core   0: 3 0x80000ffe (0x8e49) x12 0x00000000
core   0: 0x80001000 (0x2c611537) lui     a0, 0x2c611
core   0: 3 0x80001000 (0x2c611537) x10 0x2c611000
core   0: 0x80001004 (0xc3853313) sltiu   t1, a0, -968
core   0: 3 0x80001004 (0xc3853313) x6  0x00000001
core   0: 0x80001008 (0x00008639) c.srai  a2, 14
core   0: 3 0x80001008 (0x8639) x12 0x00000000
core   0: 0x8000100a (0x01e64513) xori    a0, a2, 30
core   0: 3 0x8000100a (0x01e64513) x10 0x0000001e
core   0: 0x8000100e (0x80796913) ori     s2, s2, -2041
core   0: 3 0x8000100e (0x80796913) x18 0xfffff87f
core   0: 0x80001012 (0xff4bc603) lbu     a2, -12(s7)
core   0: 3 0x80001012 (0xff4bc603) x12 0x00000000 mem 0x800106ca
core   0: 0x80001016 (0x01ca1313) slli    t1, s4, 28
core   0: 3 0x80001016 (0x01ca1313) x6  0x00000000
core   0: 0x8000101a (0x02695933) divu    s2, s2, t1
core   0: 3 0x8000101a (0x02695933) x18 0xffffffff
core   0: 0x8000101e (0x00008d11) c.sub   a0, a2
core   0: 3 0x8000101e (0x8d11) x10 0x0000001e
core   0: 0x80001020 (0x00008e51) c.or    a2, a2
core   0: 3 0x80001020 (0x8e51) x12 0x00000000
core   0: 0x80001022 (0x02fb8303) lb      t1, 47(s7)
core   0: 3 0x80001022 (0x02fb8303) x6  0x00000000 mem 0x80010705
core   0: 0x80001026 (0x41255633) sra     a2, a0, s2
core   0: 3 0x80001026 (0x41255633) x12 0x00000000
core   0: 0x8000102a (0x65e52913) slti    s2, a0, 1630
core   0: 3 0x8000102a (0x65e52913) x18 0x00000001
core   0: 0x8000102e (0xfe7b8603) lb      a2, -25(s7)
core   0: 3 0x8000102e (0xfe7b8603) x12 0x00000000 mem 0x800106bd
core   0: 0x80001032 (0x0000431d) c.li    t1, 7
core   0: 3 0x80001032 (0x431d) x6  0x00000007
core   0: 0x80001034 (0xc76b4917) auipc   s2, 0xc76b4
core   0: 3 0x80001034 (0xc76b4917) x18 0x476b5034
core   0: 0x80001038 (0x00004c1d) c.li    s8, 7
core   0: 3 0x80001038 (0x4c1d) x24 0x00000007
core   0: 0x8000103a (0x00008c81) c.sub   s1, s0
core   0: 3 0x8000103a (0x8c81) x9  0x00000354
core   0: 0x8000103c (0x007c64b3) or      s1, s8, t2
core   0: 3 0x8000103c (0x007c64b3) x9  0x00000007
core   0: 0x80001040 (0x03dad733) divu    a4, s5, t4
core   0: 3 0x80001040 (0x03dad733) x14 0xffffffff
core   0: 0x80001044 (0x00001369) c.addi  t1, -6
core   0: 3 0x80001044 (0x1369) x6  0x00000001
core   0: 0x80001046 (0x000053e5) c.li    t2, -7
core   0: 3 0x80001046 (0x53e5) x7  0xfffffff9
core   0: 0x80001048 (0x00004441) c.li    s0, 16
core   0: 3 0x80001048 (0x4441) x8  0x00000010
core   0: 0x8000104a (0x00008ca9) c.xor   s1, a0
core   0: 3 0x8000104a (0x8ca9) x9  0x00000019
core   0: 0x8000104c (0x2859ee13) ori     t3, s3, 645
core   0: 3 0x8000104c (0x2859ee13) x28 0x80029fa5
core   0: 0x80001050 (0x02bafa33) remu    s4, s5, a1
core   0: 3 0x80001050 (0x02bafa33) x20 0x00000013
core   0: 0x80001054 (0x00000391) c.addi  t2, 4
core   0: 3 0x80001054 (0x0391) x7  0xfffffffd
core   0: 0x80001056 (0xfe83cbe3) blt     t2, s0, pc - 10
core   0: 3 0x80001056 (0xfe83cbe3)
core   0: 0x8000104c (0x2859ee13) ori     t3, s3, 645
core   0: 3 0x8000104c (0x2859ee13) x28 0x80029fa5
core   0: 0x80001050 (0x02bafa33) remu    s4, s5, a1
core   0: 3 0x80001050 (0x02bafa33) x20 0x00000013
core   0: 0x80001054 (0x00000391) c.addi  t2, 4
core   0: 3 0x80001054 (0x0391) x7  0x00000001
core   0: 0x80001056 (0xfe83cbe3) blt     t2, s0, pc - 10
core   0: 3 0x80001056 (0xfe83cbe3)
core   0: 0x8000104c (0x2859ee13) ori     t3, s3, 645
core   0: 3 0x8000104c (0x2859ee13) x28 0x80029fa5
core   0: 0x80001050 (0x02bafa33) remu    s4, s5, a1
core   0: 3 0x80001050 (0x02bafa33) x20 0x00000013
core   0: 0x80001054 (0x00000391) c.addi  t2, 4
core   0: 3 0x80001054 (0x0391) x7  0x00000005
core   0: 0x80001056 (0xfe83cbe3) blt     t2, s0, pc - 10
core   0: 3 0x80001056 (0xfe83cbe3)
core   0: 0x8000104c (0x2859ee13) ori     t3, s3, 645
core   0: 3 0x8000104c (0x2859ee13) x28 0x80029fa5
core   0: 0x80001050 (0x02bafa33) remu    s4, s5, a1
core   0: 3 0x80001050 (0x02bafa33) x20 0x00000013
core   0: 0x80001054 (0x00000391) c.addi  t2, 4
core   0: 3 0x80001054 (0x0391) x7  0x00000009
core   0: 0x80001056 (0xfe83cbe3) blt     t2, s0, pc - 10
core   0: 3 0x80001056 (0xfe83cbe3)
core   0: 0x8000104c (0x2859ee13) ori     t3, s3, 645
core   0: 3 0x8000104c (0x2859ee13) x28 0x80029fa5
core   0: 0x80001050 (0x02bafa33) remu    s4, s5, a1
core   0: 3 0x80001050 (0x02bafa33) x20 0x00000013
core   0: 0x80001054 (0x00000391) c.addi  t2, 4
core   0: 3 0x80001054 (0x0391) x7  0x0000000d
core   0: 0x80001056 (0xfe83cbe3) blt     t2, s0, pc - 10
core   0: 3 0x80001056 (0xfe83cbe3)
core   0: 0x8000104c (0x2859ee13) ori     t3, s3, 645
core   0: 3 0x8000104c (0x2859ee13) x28 0x80029fa5
core   0: 0x80001050 (0x02bafa33) remu    s4, s5, a1
core   0: 3 0x80001050 (0x02bafa33) x20 0x00000013
core   0: 0x80001054 (0x00000391) c.addi  t2, 4
core   0: 3 0x80001054 (0x0391) x7  0x00000011
core   0: 0x80001056 (0xfe83cbe3) blt     t2, s0, pc - 10
core   0: 3 0x80001056 (0xfe83cbe3)
core   0: 0x8000105a (0x0000892a) c.mv    s2, a0
core   0: 3 0x8000105a (0x892a) x18 0x0000001e
core   0: 0x8000105c (0x26710d37) lui     s10, 0x26710
core   0: 3 0x8000105c (0x26710d37) x26 0x26710000
core   0: 0x80001060 (0x0a41ed13) ori     s10, gp, 164
core   0: 3 0x80001060 (0x0a41ed13) x26 0x97141bec
core   0: 0x80001064 (0x000066ed) c.lui   a3, 0x1b
core   0: 3 0x80001064 (0x66ed) x13 0x0001b000
core   0: 0x80001066 (0xfd835be3) bge     t1, s8, pc - 42
core   0: 3 0x80001066 (0xfd835be3)
core   0: 0x8000106a (0x02d2bdb3) mulhu   s11, t0, a3
core   0: 3 0x8000106a (0x02d2bdb3) x27 0x00000000
core   0: 0x8000106e (0x00005ef1) c.li    t4, -4
core   0: 3 0x8000106e (0x5ef1) x29 0xfffffffc
core   0: 0x80001070 (0x03a8fa33) remu    s4, a7, s10
core   0: 3 0x80001070 (0x03a8fa33) x20 0x00001772
core   0: 0x80001074 (0x0d5f6093) ori     ra, t5, 213
core   0: 3 0x80001074 (0x0d5f6093) x1  0x80025ef5
core   0: 0x80001078 (0x0000429d) c.li    t0, 7
core   0: 3 0x80001078 (0x429d) x5  0x00000007
core   0: 0x8000107a (0x03a68133) mul     sp, a3, s10
core   0: 3 0x8000107a (0x03a68133) x2  0xef1e4000
core   0: 0x8000107e (0x00008561) c.srai  a0, 24
core   0: 3 0x8000107e (0x8561) x10 0x00000000
core   0: 0x80001080 (0x5cac6d13) ori     s10, s8, 1482
core   0: 3 0x80001080 (0x5cac6d13) x26 0x000005cf
core   0: 0x80001084 (0x0000991e) c.add   s2, t2
core   0: 3 0x80001084 (0x991e) x18 0x0000002f
core   0: 0x80001086 (0x01d63333) sltu    t1, a2, t4
core   0: 3 0x80001086 (0x01d63333) x6  0x00000001
core   0: 0x8000108a (0x0000717d) c.addi16sp sp, -16
core   0: 3 0x8000108a (0x717d) x2  0xef1e3ff0
core   0: 0x8000108c (0x00000e85) c.addi  t4, 1
core   0: 3 0x8000108c (0x0e85) x29 0xfffffffd
core   0: 0x8000108e (0x00004615) c.li    a2, 5
core   0: 3 0x8000108e (0x4615) x12 0x00000005
core   0: 0x80001090 (0x0222cc33) div     s8, t0, sp
core   0: 3 0x80001090 (0x0222cc33) x24 0x00000000
core   0: 0x80001094 (0x00000001) c.nop
core   0: 3 0x80001094 (0x0001)
core   0: 0x80001096 (0x02960133) mul     sp, a2, s1
core   0: 3 0x80001096 (0x02960133) x2  0x0000007d
core   0: 0x8000109a (0x40335d13) srai    s10, t1, 3
core   0: 3 0x8000109a (0x40335d13) x26 0x00000000
core   0: 0x8000109e (0x0000166d) c.addi  a2, -5
core   0: 3 0x8000109e (0x166d) x12 0x00000000
core   0: 0x800010a0 (0xa79bbd13) sltiu   s10, s7, -1415
core   0: 3 0x800010a0 (0xa79bbd13) x26 0x00000001
core   0: 0x800010a4 (0x0000fa6d) c.bnez  a2, pc - 14
core   0: 3 0x800010a4 (0xfa6d)
core   0: 0x800010a6 (0x7fd6e417) auipc   s0, 0x7fd6e
core   0: 3 0x800010a6 (0x7fd6e417) x8  0xffd6f0a6
core   0: 0x800010aa (0xfc5e9be3) bne     t4, t0, pc - 42
core   0: 3 0x800010aa (0xfc5e9be3)
core   0: 0x80001080 (0x5cac6d13) ori     s10, s8, 1482
core   0: 3 0x80001080 (0x5cac6d13) x26 0x000005ca
core   0: 0x80001084 (0x0000991e) c.add   s2, t2
core   0: 3 0x80001084 (0x991e) x18 0x00000040
core   0: 0x80001086 (0x01d63333) sltu    t1, a2, t4
core   0: 3 0x80001086 (0x01d63333) x6  0x00000001
core   0: 0x8000108a (0x0000717d) c.addi16sp sp, -16
core   0: 3 0x8000108a (0x717d) x2  0x0000006d
core   0: 0x8000108c (0x00000e85) c.addi  t4, 1
core   0: 3 0x8000108c (0x0e85) x29 0xfffffffe
core   0: 0x8000108e (0x00004615) c.li    a2, 5
core   0: 3 0x8000108e (0x4615) x12 0x00000005
core   0: 0x80001090 (0x0222cc33) div     s8, t0, sp
core   0: 3 0x80001090 (0x0222cc33) x24 0x00000000
core   0: 0x80001094 (0x00000001) c.nop
core   0: 3 0x80001094 (0x0001)
core   0: 0x80001096 (0x02960133) mul     sp, a2, s1
core   0: 3 0x80001096 (0x02960133) x2  0x0000007d
core   0: 0x8000109a (0x40335d13) srai    s10, t1, 3
core   0: 3 0x8000109a (0x40335d13) x26 0x00000000
core   0: 0x8000109e (0x0000166d) c.addi  a2, -5
core   0: 3 0x8000109e (0x166d) x12 0x00000000
core   0: 0x800010a0 (0xa79bbd13) sltiu   s10, s7, -1415
core   0: 3 0x800010a0 (0xa79bbd13) x26 0x00000001
core   0: 0x800010a4 (0x0000fa6d) c.bnez  a2, pc - 14
core   0: 3 0x800010a4 (0xfa6d)
core   0: 0x800010a6 (0x7fd6e417) auipc   s0, 0x7fd6e
core   0: 3 0x800010a6 (0x7fd6e417) x8  0xffd6f0a6
core   0: 0x800010aa (0xfc5e9be3) bne     t4, t0, pc - 42
core   0: 3 0x800010aa (0xfc5e9be3)
core   0: 0x80001080 (0x5cac6d13) ori     s10, s8, 1482
core   0: 3 0x80001080 (0x5cac6d13) x26 0x000005ca
core   0: 0x80001084 (0x0000991e) c.add   s2, t2
core   0: 3 0x80001084 (0x991e) x18 0x00000051
core   0: 0x80001086 (0x01d63333) sltu    t1, a2, t4
core   0: 3 0x80001086 (0x01d63333) x6  0x00000001
core   0: 0x8000108a (0x0000717d) c.addi16sp sp, -16
core   0: 3 0x8000108a (0x717d) x2  0x0000006d
core   0: 0x8000108c (0x00000e85) c.addi  t4, 1
core   0: 3 0x8000108c (0x0e85) x29 0xffffffff
core   0: 0x8000108e (0x00004615) c.li    a2, 5
core   0: 3 0x8000108e (0x4615) x12 0x00000005
core   0: 0x80001090 (0x0222cc33) div     s8, t0, sp
core   0: 3 0x80001090 (0x0222cc33) x24 0x00000000
core   0: 0x80001094 (0x00000001) c.nop
core   0: 3 0x80001094 (0x0001)
core   0: 0x80001096 (0x02960133) mul     sp, a2, s1
core   0: 3 0x80001096 (0x02960133) x2  0x0000007d
core   0: 0x8000109a (0x40335d13) srai    s10, t1, 3
core   0: 3 0x8000109a (0x40335d13) x26 0x00000000
core   0: 0x8000109e (0x0000166d) c.addi  a2, -5
core   0: 3 0x8000109e (0x166d) x12 0x00000000
core   0: 0x800010a0 (0xa79bbd13) sltiu   s10, s7, -1415
core   0: 3 0x800010a0 (0xa79bbd13) x26 0x00000001
core   0: 0x800010a4 (0x0000fa6d) c.bnez  a2, pc - 14
core   0: 3 0x800010a4 (0xfa6d)
core   0: 0x800010a6 (0x7fd6e417) auipc   s0, 0x7fd6e
core   0: 3 0x800010a6 (0x7fd6e417) x8  0xffd6f0a6
core   0: 0x800010aa (0xfc5e9be3) bne     t4, t0, pc - 42
core   0: 3 0x800010aa (0xfc5e9be3)
core   0: 0x80001080 (0x5cac6d13) ori     s10, s8, 1482
core   0: 3 0x80001080 (0x5cac6d13) x26 0x000005ca
core   0: 0x80001084 (0x0000991e) c.add   s2, t2
core   0: 3 0x80001084 (0x991e) x18 0x00000062
core   0: 0x80001086 (0x01d63333) sltu    t1, a2, t4
core   0: 3 0x80001086 (0x01d63333) x6  0x00000001
core   0: 0x8000108a (0x0000717d) c.addi16sp sp, -16
core   0: 3 0x8000108a (0x717d) x2  0x0000006d
core   0: 0x8000108c (0x00000e85) c.addi  t4, 1
core   0: 3 0x8000108c (0x0e85) x29 0x00000000
core   0: 0x8000108e (0x00004615) c.li    a2, 5
core   0: 3 0x8000108e (0x4615) x12 0x00000005
core   0: 0x80001090 (0x0222cc33) div     s8, t0, sp
core   0: 3 0x80001090 (0x0222cc33) x24 0x00000000
core   0: 0x80001094 (0x00000001) c.nop
core   0: 3 0x80001094 (0x0001)
core   0: 0x80001096 (0x02960133) mul     sp, a2, s1
core   0: 3 0x80001096 (0x02960133) x2  0x0000007d
core   0: 0x8000109a (0x40335d13) srai    s10, t1, 3
core   0: 3 0x8000109a (0x40335d13) x26 0x00000000
core   0: 0x8000109e (0x0000166d) c.addi  a2, -5
core   0: 3 0x8000109e (0x166d) x12 0x00000000
core   0: 0x800010a0 (0xa79bbd13) sltiu   s10, s7, -1415
core   0: 3 0x800010a0 (0xa79bbd13) x26 0x00000001
core   0: 0x800010a4 (0x0000fa6d) c.bnez  a2, pc - 14
core   0: 3 0x800010a4 (0xfa6d)
core   0: 0x800010a6 (0x7fd6e417) auipc   s0, 0x7fd6e
core   0: 3 0x800010a6 (0x7fd6e417) x8  0xffd6f0a6
core   0: 0x800010aa (0xfc5e9be3) bne     t4, t0, pc - 42
core   0: 3 0x800010aa (0xfc5e9be3)
core   0: 0x80001080 (0x5cac6d13) ori     s10, s8, 1482
core   0: 3 0x80001080 (0x5cac6d13) x26 0x000005ca
core   0: 0x80001084 (0x0000991e) c.add   s2, t2
core   0: 3 0x80001084 (0x991e) x18 0x00000073
core   0: 0x80001086 (0x01d63333) sltu    t1, a2, t4
core   0: 3 0x80001086 (0x01d63333) x6  0x00000000
core   0: 0x8000108a (0x0000717d) c.addi16sp sp, -16
core   0: 3 0x8000108a (0x717d) x2  0x0000006d
core   0: 0x8000108c (0x00000e85) c.addi  t4, 1
core   0: 3 0x8000108c (0x0e85) x29 0x00000001
core   0: 0x8000108e (0x00004615) c.li    a2, 5
core   0: 3 0x8000108e (0x4615) x12 0x00000005
core   0: 0x80001090 (0x0222cc33) div     s8, t0, sp
core   0: 3 0x80001090 (0x0222cc33) x24 0x00000000
core   0: 0x80001094 (0x00000001) c.nop
core   0: 3 0x80001094 (0x0001)
core   0: 0x80001096 (0x02960133) mul     sp, a2, s1
core   0: 3 0x80001096 (0x02960133) x2  0x0000007d
core   0: 0x8000109a (0x40335d13) srai    s10, t1, 3
core   0: 3 0x8000109a (0x40335d13) x26 0x00000000
core   0: 0x8000109e (0x0000166d) c.addi  a2, -5
core   0: 3 0x8000109e (0x166d) x12 0x00000000
core   0: 0x800010a0 (0xa79bbd13) sltiu   s10, s7, -1415
core   0: 3 0x800010a0 (0xa79bbd13) x26 0x00000001
core   0: 0x800010a4 (0x0000fa6d) c.bnez  a2, pc - 14
core   0: 3 0x800010a4 (0xfa6d)
core   0: 0x800010a6 (0x7fd6e417) auipc   s0, 0x7fd6e
core   0: 3 0x800010a6 (0x7fd6e417) x8  0xffd6f0a6
core   0: 0x800010aa (0xfc5e9be3) bne     t4, t0, pc - 42
core   0: 3 0x800010aa (0xfc5e9be3)
core   0: 0x80001080 (0x5cac6d13) ori     s10, s8, 1482
core   0: 3 0x80001080 (0x5cac6d13) x26 0x000005ca
core   0: 0x80001084 (0x0000991e) c.add   s2, t2
core   0: 3 0x80001084 (0x991e) x18 0x00000084
core   0: 0x80001086 (0x01d63333) sltu    t1, a2, t4
core   0: 3 0x80001086 (0x01d63333) x6  0x00000001
core   0: 0x8000108a (0x0000717d) c.addi16sp sp, -16
core   0: 3 0x8000108a (0x717d) x2  0x0000006d
core   0: 0x8000108c (0x00000e85) c.addi  t4, 1
core   0: 3 0x8000108c (0x0e85) x29 0x00000002
core   0: 0x8000108e (0x00004615) c.li    a2, 5
core   0: 3 0x8000108e (0x4615) x12 0x00000005
core   0: 0x80001090 (0x0222cc33) div     s8, t0, sp
core   0: 3 0x80001090 (0x0222cc33) x24 0x00000000
core   0: 0x80001094 (0x00000001) c.nop
core   0: 3 0x80001094 (0x0001)
core   0: 0x80001096 (0x02960133) mul     sp, a2, s1
core   0: 3 0x80001096 (0x02960133) x2  0x0000007d
core   0: 0x8000109a (0x40335d13) srai    s10, t1, 3
core   0: 3 0x8000109a (0x40335d13) x26 0x00000000
core   0: 0x8000109e (0x0000166d) c.addi  a2, -5
core   0: 3 0x8000109e (0x166d) x12 0x00000000
core   0: 0x800010a0 (0xa79bbd13) sltiu   s10, s7, -1415
core   0: 3 0x800010a0 (0xa79bbd13) x26 0x00000001
core   0: 0x800010a4 (0x0000fa6d) c.bnez  a2, pc - 14
core   0: 3 0x800010a4 (0xfa6d)
core   0: 0x800010a6 (0x7fd6e417) auipc   s0, 0x7fd6e
core   0: 3 0x800010a6 (0x7fd6e417) x8  0xffd6f0a6
core   0: 0x800010aa (0xfc5e9be3) bne     t4, t0, pc - 42
core   0: 3 0x800010aa (0xfc5e9be3)
core   0: 0x80001080 (0x5cac6d13) ori     s10, s8, 1482
core   0: 3 0x80001080 (0x5cac6d13) x26 0x000005ca
core   0: 0x80001084 (0x0000991e) c.add   s2, t2
core   0: 3 0x80001084 (0x991e) x18 0x00000095
core   0: 0x80001086 (0x01d63333) sltu    t1, a2, t4
core   0: 3 0x80001086 (0x01d63333) x6  0x00000001
core   0: 0x8000108a (0x0000717d) c.addi16sp sp, -16
core   0: 3 0x8000108a (0x717d) x2  0x0000006d
core   0: 0x8000108c (0x00000e85) c.addi  t4, 1
core   0: 3 0x8000108c (0x0e85) x29 0x00000003
core   0: 0x8000108e (0x00004615) c.li    a2, 5
core   0: 3 0x8000108e (0x4615) x12 0x00000005
core   0: 0x80001090 (0x0222cc33) div     s8, t0, sp
core   0: 3 0x80001090 (0x0222cc33) x24 0x00000000
core   0: 0x80001094 (0x00000001) c.nop
core   0: 3 0x80001094 (0x0001)
core   0: 0x80001096 (0x02960133) mul     sp, a2, s1
core   0: 3 0x80001096 (0x02960133) x2  0x0000007d
core   0: 0x8000109a (0x40335d13) srai    s10, t1, 3
core   0: 3 0x8000109a (0x40335d13) x26 0x00000000
core   0: 0x8000109e (0x0000166d) c.addi  a2, -5
core   0: 3 0x8000109e (0x166d) x12 0x00000000
core   0: 0x800010a0 (0xa79bbd13) sltiu   s10, s7, -1415
core   0: 3 0x800010a0 (0xa79bbd13) x26 0x00000001
core   0: 0x800010a4 (0x0000fa6d) c.bnez  a2, pc - 14
core   0: 3 0x800010a4 (0xfa6d)
core   0: 0x800010a6 (0x7fd6e417) auipc   s0, 0x7fd6e
core   0: 3 0x800010a6 (0x7fd6e417) x8  0xffd6f0a6
core   0: 0x800010aa (0xfc5e9be3) bne     t4, t0, pc - 42
core   0: 3 0x800010aa (0xfc5e9be3)
core   0: 0x80001080 (0x5cac6d13) ori     s10, s8, 1482
core   0: 3 0x80001080 (0x5cac6d13) x26 0x000005ca
core   0: 0x80001084 (0x0000991e) c.add   s2, t2
core   0: 3 0x80001084 (0x991e) x18 0x000000a6
core   0: 0x80001086 (0x01d63333) sltu    t1, a2, t4
core   0: 3 0x80001086 (0x01d63333) x6  0x00000001
core   0: 0x8000108a (0x0000717d) c.addi16sp sp, -16
core   0: 3 0x8000108a (0x717d) x2  0x0000006d
core   0: 0x8000108c (0x00000e85) c.addi  t4, 1
core   0: 3 0x8000108c (0x0e85) x29 0x00000004
core   0: 0x8000108e (0x00004615) c.li    a2, 5
core   0: 3 0x8000108e (0x4615) x12 0x00000005
core   0: 0x80001090 (0x0222cc33) div     s8, t0, sp
core   0: 3 0x80001090 (0x0222cc33) x24 0x00000000
core   0: 0x80001094 (0x00000001) c.nop
core   0: 3 0x80001094 (0x0001)
core   0: 0x80001096 (0x02960133) mul     sp, a2, s1
core   0: 3 0x80001096 (0x02960133) x2  0x0000007d
core   0: 0x8000109a (0x40335d13) srai    s10, t1, 3
core   0: 3 0x8000109a (0x40335d13) x26 0x00000000
core   0: 0x8000109e (0x0000166d) c.addi  a2, -5
core   0: 3 0x8000109e (0x166d) x12 0x00000000
core   0: 0x800010a0 (0xa79bbd13) sltiu   s10, s7, -1415
core   0: 3 0x800010a0 (0xa79bbd13) x26 0x00000001
core   0: 0x800010a4 (0x0000fa6d) c.bnez  a2, pc - 14
core   0: 3 0x800010a4 (0xfa6d)
core   0: 0x800010a6 (0x7fd6e417) auipc   s0, 0x7fd6e
core   0: 3 0x800010a6 (0x7fd6e417) x8  0xffd6f0a6
core   0: 0x800010aa (0xfc5e9be3) bne     t4, t0, pc - 42
core   0: 3 0x800010aa (0xfc5e9be3)
core   0: 0x80001080 (0x5cac6d13) ori     s10, s8, 1482
core   0: 3 0x80001080 (0x5cac6d13) x26 0x000005ca
core   0: 0x80001084 (0x0000991e) c.add   s2, t2
core   0: 3 0x80001084 (0x991e) x18 0x000000b7
core   0: 0x80001086 (0x01d63333) sltu    t1, a2, t4
core   0: 3 0x80001086 (0x01d63333) x6  0x00000001
core   0: 0x8000108a (0x0000717d) c.addi16sp sp, -16
core   0: 3 0x8000108a (0x717d) x2  0x0000006d
core   0: 0x8000108c (0x00000e85) c.addi  t4, 1
core   0: 3 0x8000108c (0x0e85) x29 0x00000005
core   0: 0x8000108e (0x00004615) c.li    a2, 5
core   0: 3 0x8000108e (0x4615) x12 0x00000005
core   0: 0x80001090 (0x0222cc33) div     s8, t0, sp
core   0: 3 0x80001090 (0x0222cc33) x24 0x00000000
core   0: 0x80001094 (0x00000001) c.nop
core   0: 3 0x80001094 (0x0001)
core   0: 0x80001096 (0x02960133) mul     sp, a2, s1
core   0: 3 0x80001096 (0x02960133) x2  0x0000007d
core   0: 0x8000109a (0x40335d13) srai    s10, t1, 3
core   0: 3 0x8000109a (0x40335d13) x26 0x00000000
core   0: 0x8000109e (0x0000166d) c.addi  a2, -5
core   0: 3 0x8000109e (0x166d) x12 0x00000000
core   0: 0x800010a0 (0xa79bbd13) sltiu   s10, s7, -1415
core   0: 3 0x800010a0 (0xa79bbd13) x26 0x00000001
core   0: 0x800010a4 (0x0000fa6d) c.bnez  a2, pc - 14
core   0: 3 0x800010a4 (0xfa6d)
core   0: 0x800010a6 (0x7fd6e417) auipc   s0, 0x7fd6e
core   0: 3 0x800010a6 (0x7fd6e417) x8  0xffd6f0a6
core   0: 0x800010aa (0xfc5e9be3) bne     t4, t0, pc - 42
core   0: 3 0x800010aa (0xfc5e9be3)
core   0: 0x80001080 (0x5cac6d13) ori     s10, s8, 1482
core   0: 3 0x80001080 (0x5cac6d13) x26 0x000005ca
core   0: 0x80001084 (0x0000991e) c.add   s2, t2
core   0: 3 0x80001084 (0x991e) x18 0x000000c8
core   0: 0x80001086 (0x01d63333) sltu    t1, a2, t4
core   0: 3 0x80001086 (0x01d63333) x6  0x00000001
core   0: 0x8000108a (0x0000717d) c.addi16sp sp, -16
core   0: 3 0x8000108a (0x717d) x2  0x0000006d
core   0: 0x8000108c (0x00000e85) c.addi  t4, 1
core   0: 3 0x8000108c (0x0e85) x29 0x00000006
core   0: 0x8000108e (0x00004615) c.li    a2, 5
core   0: 3 0x8000108e (0x4615) x12 0x00000005
core   0: 0x80001090 (0x0222cc33) div     s8, t0, sp
core   0: 3 0x80001090 (0x0222cc33) x24 0x00000000
core   0: 0x80001094 (0x00000001) c.nop
core   0: 3 0x80001094 (0x0001)
core   0: 0x80001096 (0x02960133) mul     sp, a2, s1
core   0: 3 0x80001096 (0x02960133) x2  0x0000007d
core   0: 0x8000109a (0x40335d13) srai    s10, t1, 3
core   0: 3 0x8000109a (0x40335d13) x26 0x00000000
core   0: 0x8000109e (0x0000166d) c.addi  a2, -5
core   0: 3 0x8000109e (0x166d) x12 0x00000000
core   0: 0x800010a0 (0xa79bbd13) sltiu   s10, s7, -1415
core   0: 3 0x800010a0 (0xa79bbd13) x26 0x00000001
core   0: 0x800010a4 (0x0000fa6d) c.bnez  a2, pc - 14
core   0: 3 0x800010a4 (0xfa6d)
core   0: 0x800010a6 (0x7fd6e417) auipc   s0, 0x7fd6e
core   0: 3 0x800010a6 (0x7fd6e417) x8  0xffd6f0a6
core   0: 0x800010aa (0xfc5e9be3) bne     t4, t0, pc - 42
core   0: 3 0x800010aa (0xfc5e9be3)
core   0: 0x80001080 (0x5cac6d13) ori     s10, s8, 1482
core   0: 3 0x80001080 (0x5cac6d13) x26 0x000005ca
core   0: 0x80001084 (0x0000991e) c.add   s2, t2
core   0: 3 0x80001084 (0x991e) x18 0x000000d9
core   0: 0x80001086 (0x01d63333) sltu    t1, a2, t4
core   0: 3 0x80001086 (0x01d63333) x6  0x00000001
core   0: 0x8000108a (0x0000717d) c.addi16sp sp, -16
core   0: 3 0x8000108a (0x717d) x2  0x0000006d
core   0: 0x8000108c (0x00000e85) c.addi  t4, 1
core   0: 3 0x8000108c (0x0e85) x29 0x00000007
core   0: 0x8000108e (0x00004615) c.li    a2, 5
core   0: 3 0x8000108e (0x4615) x12 0x00000005
core   0: 0x80001090 (0x0222cc33) div     s8, t0, sp
core   0: 3 0x80001090 (0x0222cc33) x24 0x00000000
core   0: 0x80001094 (0x00000001) c.nop
core   0: 3 0x80001094 (0x0001)
core   0: 0x80001096 (0x02960133) mul     sp, a2, s1
core   0: 3 0x80001096 (0x02960133) x2  0x0000007d
core   0: 0x8000109a (0x40335d13) srai    s10, t1, 3
core   0: 3 0x8000109a (0x40335d13) x26 0x00000000
core   0: 0x8000109e (0x0000166d) c.addi  a2, -5
core   0: 3 0x8000109e (0x166d) x12 0x00000000
core   0: 0x800010a0 (0xa79bbd13) sltiu   s10, s7, -1415
core   0: 3 0x800010a0 (0xa79bbd13) x26 0x00000001
core   0: 0x800010a4 (0x0000fa6d) c.bnez  a2, pc - 14
core   0: 3 0x800010a4 (0xfa6d)
core   0: 0x800010a6 (0x7fd6e417) auipc   s0, 0x7fd6e
core   0: 3 0x800010a6 (0x7fd6e417) x8  0xffd6f0a6
core   0: 0x800010aa (0xfc5e9be3) bne     t4, t0, pc - 42
core   0: 3 0x800010aa (0xfc5e9be3)
core   0: 0x800010ae (0x00008152) c.mv    sp, s4
core   0: 3 0x800010ae (0x8152) x2  0x00001772
core   0: 0x800010b0 (0x00004615) c.li    a2, 5
core   0: 3 0x800010b0 (0x4615) x12 0x00000005
core   0: 0x800010b2 (0x01c54d33) xor     s10, a0, t3
core   0: 3 0x800010b2 (0x01c54d33) x26 0x80029fa5
core   0: 0x800010b6 (0x404202b3) sub     t0, tp, tp
core   0: 3 0x800010b6 (0x404202b3) x5  0x00000000
core   0: 0x800010ba (0x00d24bb3) xor     s7, tp, a3
core   0: 3 0x800010ba (0x00d24bb3) x23 0x0001b07f
core   0: 0x800010be (0x03538533) mul     a0, t2, s5
core   0: 3 0x800010be (0x03538533) x10 0x00000143
core   0: 0x800010c2 (0x0000422d) c.li    tp, 11
core   0: 3 0x800010c2 (0x422d) x4  0x0000000b
core   0: 0x800010c4 (0x0101e133) or      sp, gp, a6
core   0: 3 0x800010c4 (0x0101e133) x2  0xdf5fdbee
core   0: 0x800010c8 (0x00132933) slt     s2, t1, ra
core   0: 3 0x800010c8 (0x00132933) x18 0x00000000
core   0: 0x800010cc (0x0000060d) c.addi  a2, 3
core   0: 3 0x800010cc (0x060d) x12 0x00000008
core   0: 0x800010ce (0x00000111) c.addi  sp, 4
core   0: 3 0x800010ce (0x0111) x2  0xdf5fdbf2
core   0: 0x800010d0 (0x00000880) c.addi4spn s0, sp, 80
core   0: 3 0x800010d0 (0x0880) x8  0xdf5fdc42
core   0: 0x800010d2 (0x036cb7b3) mulhu   a5, s9, s6
core   0: 3 0x800010d2 (0x036cb7b3) x15 0x00000000
core   0: 0x800010d6 (0x00aa9413) slli    s0, s5, 10
core   0: 3 0x800010d6 (0x00aa9413) x8  0x00004c00
core   0: 0x800010da (0x8d99a193) slti    gp, s3, -1831
core   0: 3 0x800010da (0x8d99a193) x3  0x00000001
core   0: 0x800010de (0x000055d9) c.li    a1, -10
core   0: 3 0x800010de (0x55d9) x11 0xfffffff6
core   0: 0x800010e0 (0xc7d118b7) lui     a7, 0xc7d11
core   0: 3 0x800010e0 (0xc7d118b7) x17 0xc7d11000
core   0: 0x800010e4 (0x00004b15) c.li    s6, 5
core   0: 3 0x800010e4 (0x4b15) x22 0x00000005
core   0: 0x800010e6 (0x00000001) c.nop
core   0: 3 0x800010e6 (0x0001)
core   0: 0x800010e8 (0x000005a9) c.addi  a1, 10
core   0: 3 0x800010e8 (0x05a9) x11 0x00000000
core   0: 0x800010ea (0x00008c09) c.sub   s0, a0
core   0: 3 0x800010ea (0x8c09) x8  0x00004abd
core   0: 0x800010ec (0x002623b3) slt     t2, a2, sp
core   0: 3 0x800010ec (0x002623b3) x7  0x00000000
core   0: 0x800010f0 (0x00f2ebb3) or      s7, t0, a5
core   0: 3 0x800010f0 (0x00f2ebb3) x23 0x00000000
core   0: 0x800010f4 (0x00001c08) c.addi4spn a0, sp, 560
core   0: 3 0x800010f4 (0x1c08) x10 0xdf5fde22
core   0: 0x800010f6 (0x00008e91) c.sub   a3, a2
core   0: 3 0x800010f6 (0x8e91) x13 0x0001aff8
core   0: 0x800010f8 (0x00008f6d) c.and   a4, a1
core   0: 3 0x800010f8 (0x8f6d) x14 0x00000000
core   0: 0x800010fa (0x6e6b4913) xori    s2, s6, 1766
core   0: 3 0x800010fa (0x6e6b4913) x18 0x000006e3
core   0: 0x800010fe (0x00006125) c.addi16sp sp, 96
core   0: 3 0x800010fe (0x6125) x2  0xdf5fdc52
core   0: 0x80001100 (0x000086d1) c.srai  a3, 20
core   0: 3 0x80001100 (0x86d1) x13 0x00000000
core   0: 0x80001102 (0x002228b3) slt     a7, tp, sp
core   0: 3 0x80001102 (0x002228b3) x17 0x00000000
core   0: 0x80001106 (0xff65e0e3) bltu    a1, s6, pc - 32
core   0: 3 0x80001106 (0xff65e0e3)
core   0: 0x800010e6 (0x00000001) c.nop
core   0: 3 0x800010e6 (0x0001)
core   0: 0x800010e8 (0x000005a9) c.addi  a1, 10
core   0: 3 0x800010e8 (0x05a9) x11 0x0000000a
core   0: 0x800010ea (0x00008c09) c.sub   s0, a0
core   0: 3 0x800010ea (0x8c09) x8  0x20a06c9b
core   0: 0x800010ec (0x002623b3) slt     t2, a2, sp
core   0: 3 0x800010ec (0x002623b3) x7  0x00000000
core   0: 0x800010f0 (0x00f2ebb3) or      s7, t0, a5
core   0: 3 0x800010f0 (0x00f2ebb3) x23 0x00000000
core   0: 0x800010f4 (0x00001c08) c.addi4spn a0, sp, 560
core   0: 3 0x800010f4 (0x1c08) x10 0xdf5fde82
core   0: 0x800010f6 (0x00008e91) c.sub   a3, a2
core   0: 3 0x800010f6 (0x8e91) x13 0xfffffff8
core   0: 0x800010f8 (0x00008f6d) c.and   a4, a1
core   0: 3 0x800010f8 (0x8f6d) x14 0x00000000
core   0: 0x800010fa (0x6e6b4913) xori    s2, s6, 1766
core   0: 3 0x800010fa (0x6e6b4913) x18 0x000006e3
core   0: 0x800010fe (0x00006125) c.addi16sp sp, 96
core   0: 3 0x800010fe (0x6125) x2  0xdf5fdcb2
core   0: 0x80001100 (0x000086d1) c.srai  a3, 20
core   0: 3 0x80001100 (0x86d1) x13 0xffffffff
core   0: 0x80001102 (0x002228b3) slt     a7, tp, sp
core   0: 3 0x80001102 (0x002228b3) x17 0x00000000
core   0: 0x80001106 (0xff65e0e3) bltu    a1, s6, pc - 32
core   0: 3 0x80001106 (0xff65e0e3)
core   0: 0x8000110a (0x00008fb5) c.xor   a5, a3
core   0: 3 0x8000110a (0x8fb5) x15 0xffffffff
core   0: 0x8000110c (0x00000f9c) c.addi4spn a5, sp, 976
core   0: 3 0x8000110c (0x0f9c) x15 0xdf5fe082
core   0: 0x8000110e (0xfa461be3) bne     a2, tp, pc - 74
core   0: 3 0x8000110e (0xfa461be3)
core   0: 0x800010c4 (0x0101e133) or      sp, gp, a6
core   0: 3 0x800010c4 (0x0101e133) x2  0x5b4bc1c7
core   0: 0x800010c8 (0x00132933) slt     s2, t1, ra
core   0: 3 0x800010c8 (0x00132933) x18 0x00000000
core   0: 0x800010cc (0x0000060d) c.addi  a2, 3
core   0: 3 0x800010cc (0x060d) x12 0x0000000b
core   0: 0x800010ce (0x00000111) c.addi  sp, 4
core   0: 3 0x800010ce (0x0111) x2  0x5b4bc1cb
core   0: 0x800010d0 (0x00000880) c.addi4spn s0, sp, 80
core   0: 3 0x800010d0 (0x0880) x8  0x5b4bc21b
core   0: 0x800010d2 (0x036cb7b3) mulhu   a5, s9, s6
core   0: 3 0x800010d2 (0x036cb7b3) x15 0x00000004
core   0: 0x800010d6 (0x00aa9413) slli    s0, s5, 10
core   0: 3 0x800010d6 (0x00aa9413) x8  0x00004c00
core   0: 0x800010da (0x8d99a193) slti    gp, s3, -1831
core   0: 3 0x800010da (0x8d99a193) x3  0x00000001
core   0: 0x800010de (0x000055d9) c.li    a1, -10
core   0: 3 0x800010de (0x55d9) x11 0xfffffff6
core   0: 0x800010e0 (0xc7d118b7) lui     a7, 0xc7d11
core   0: 3 0x800010e0 (0xc7d118b7) x17 0xc7d11000
core   0: 0x800010e4 (0x00004b15) c.li    s6, 5
core   0: 3 0x800010e4 (0x4b15) x22 0x00000005
core   0: 0x800010e6 (0x00000001) c.nop
core   0: 3 0x800010e6 (0x0001)
core   0: 0x800010e8 (0x000005a9) c.addi  a1, 10
core   0: 3 0x800010e8 (0x05a9) x11 0x00000000
core   0: 0x800010ea (0x00008c09) c.sub   s0, a0
core   0: 3 0x800010ea (0x8c09) x8  0x20a06d7e
core   0: 0x800010ec (0x002623b3) slt     t2, a2, sp
core   0: 3 0x800010ec (0x002623b3) x7  0x00000001
core   0: 0x800010f0 (0x00f2ebb3) or      s7, t0, a5
core   0: 3 0x800010f0 (0x00f2ebb3) x23 0x00000004
core   0: 0x800010f4 (0x00001c08) c.addi4spn a0, sp, 560
core   0: 3 0x800010f4 (0x1c08) x10 0x5b4bc3fb
core   0: 0x800010f6 (0x00008e91) c.sub   a3, a2
core   0: 3 0x800010f6 (0x8e91) x13 0xfffffff4
core   0: 0x800010f8 (0x00008f6d) c.and   a4, a1
core   0: 3 0x800010f8 (0x8f6d) x14 0x00000000
core   0: 0x800010fa (0x6e6b4913) xori    s2, s6, 1766
core   0: 3 0x800010fa (0x6e6b4913) x18 0x000006e3
core   0: 0x800010fe (0x00006125) c.addi16sp sp, 96
core   0: 3 0x800010fe (0x6125) x2  0x5b4bc22b
core   0: 0x80001100 (0x000086d1) c.srai  a3, 20
core   0: 3 0x80001100 (0x86d1) x13 0xffffffff
core   0: 0x80001102 (0x002228b3) slt     a7, tp, sp
core   0: 3 0x80001102 (0x002228b3) x17 0x00000001
core   0: 0x80001106 (0xff65e0e3) bltu    a1, s6, pc - 32
core   0: 3 0x80001106 (0xff65e0e3)
core   0: 0x800010e6 (0x00000001) c.nop
core   0: 3 0x800010e6 (0x0001)
core   0: 0x800010e8 (0x000005a9) c.addi  a1, 10
core   0: 3 0x800010e8 (0x05a9) x11 0x0000000a
core   0: 0x800010ea (0x00008c09) c.sub   s0, a0
core   0: 3 0x800010ea (0x8c09) x8  0xc554a983
core   0: 0x800010ec (0x002623b3) slt     t2, a2, sp
core   0: 3 0x800010ec (0x002623b3) x7  0x00000001
core   0: 0x800010f0 (0x00f2ebb3) or      s7, t0, a5
core   0: 3 0x800010f0 (0x00f2ebb3) x23 0x00000004
core   0: 0x800010f4 (0x00001c08) c.addi4spn a0, sp, 560
core   0: 3 0x800010f4 (0x1c08) x10 0x5b4bc45b
core   0: 0x800010f6 (0x00008e91) c.sub   a3, a2
core   0: 3 0x800010f6 (0x8e91) x13 0xfffffff4
core   0: 0x800010f8 (0x00008f6d) c.and   a4, a1
core   0: 3 0x800010f8 (0x8f6d) x14 0x00000000
core   0: 0x800010fa (0x6e6b4913) xori    s2, s6, 1766
core   0: 3 0x800010fa (0x6e6b4913) x18 0x000006e3
core   0: 0x800010fe (0x00006125) c.addi16sp sp, 96
core   0: 3 0x800010fe (0x6125) x2  0x5b4bc28b
core   0: 0x80001100 (0x000086d1) c.srai  a3, 20
core   0: 3 0x80001100 (0x86d1) x13 0xffffffff
core   0: 0x80001102 (0x002228b3) slt     a7, tp, sp
core   0: 3 0x80001102 (0x002228b3) x17 0x00000001
core   0: 0x80001106 (0xff65e0e3) bltu    a1, s6, pc - 32
core   0: 3 0x80001106 (0xff65e0e3)
core   0: 0x8000110a (0x00008fb5) c.xor   a5, a3
core   0: 3 0x8000110a (0x8fb5) x15 0xfffffffb
core   0: 0x8000110c (0x00000f9c) c.addi4spn a5, sp, 976
core   0: 3 0x8000110c (0x0f9c) x15 0x5b4bc65b
core   0: 0x8000110e (0xfa461be3) bne     a2, tp, pc - 74
core   0: 3 0x8000110e (0xfa461be3)
core   0: 0x80001112 (0x027bed33) rem     s10, s7, t2
core   0: 3 0x80001112 (0x027bed33) x26 0x00000000
core   0: 0x80001116 (0x0001d397) auipc   t2, 0x1d
core   0: 3 0x80001116 (0x0001d397) x7  0x8001e116
core   0: 0x8000111a (0xcf238393) addi    t2, t2, -782
core   0: 3 0x8000111a (0xcf238393) x7  0x8001de08
core   0: 0x8000111e (0x019386a3) sb      s9, 13(t2)
core   0: 3 0x8000111e (0x019386a3) mem 0x8001de15 0xac
core   0: 0x80001122 (0xffa38ca3) sb      s10, -7(t2)
core   0: 3 0x80001122 (0xffa38ca3) mem 0x8001de01 0x00
core   0: 0x80001126 (0x00c3d483) lhu     s1, 12(t2)
core   0: 3 0x80001126 (0x00c3d483) x9  0x0000ac00 mem 0x8001de14
core   0: 0x8000112a (0xffa3cc83) lbu     s9, -6(t2)
core   0: 3 0x8000112a (0xffa3cc83) x25 0x00000000 mem 0x8001de02
core   0: 0x8000112e (0xfe538d23) sb      t0, -6(t2)
core   0: 3 0x8000112e (0xfe538d23) mem 0x8001de02 0x00
core   0: 0x80001132 (0xffc3c203) lbu     tp, -4(t2)
core   0: 3 0x80001132 (0xffc3c203) x4  0x00000000 mem 0x8001de04
core   0: 0x80001136 (0xff73c603) lbu     a2, -9(t2)
core   0: 3 0x80001136 (0xff73c603) x12 0x00000000 mem 0x8001ddff
core   0: 0x8000113a (0xff338923) sb      s3, -14(t2)
core   0: 3 0x8000113a (0xff338923) mem 0x8001ddfa 0x24
core   0: 0x8000113e (0xffe38b03) lb      s6, -2(t2)
core   0: 3 0x8000113e (0xffe38b03) x22 0x00000000 mem 0x8001de06
core   0: 0x80001142 (0x00f38883) lb      a7, 15(t2)
core   0: 3 0x80001142 (0x00f38883) x17 0x00000000 mem 0x8001de17
core   0: 0x80001146 (0x02c58bb3) mul     s7, a1, a2
core   0: 3 0x80001146 (0x02c58bb3) x23 0x00000000
core   0: 0x8000114a (0x00f3cd03) lbu     s10, 15(t2)
core   0: 3 0x8000114a (0x00f3cd03) x26 0x00000000 mem 0x8001de17
core   0: 0x8000114e (0xfed38b23) sb      a3, -10(t2)
core   0: 3 0x8000114e (0xfed38b23) mem 0x8001ddfe 0xff
core   0: 0x80001152 (0xffb3cc83) lbu     s9, -5(t2)
core   0: 3 0x80001152 (0xffb3cc83) x25 0x00000000 mem 0x8001de03
core   0: 0x80001156 (0xff338003) lb      zero, -13(t2)
core   0: 3 0x80001156 (0xff338003) mem 0x8001ddfb
core   0: 0x8000115a (0xff83d283) lhu     t0, -8(t2)
core   0: 3 0x8000115a (0xff83d283) x5  0x00000000 mem 0x8001de00
core   0: 0x8000115e (0x000385a3) sb      zero, 11(t2)
core   0: 3 0x8000115e (0x000385a3) mem 0x8001de13 0x00
core   0: 0x80001162 (0x0033cd83) lbu     s11, 3(t2)
core   0: 3 0x80001162 (0x0033cd83) x27 0x00000000 mem 0x8001de0b
core   0: 0x80001166 (0xfec38aa3) sb      a2, -11(t2)
core   0: 3 0x80001166 (0xfec38aa3) mem 0x8001ddfd 0x00
core   0: 0x8000116a (0x00013d17) auipc   s10, 0x13
core   0: 3 0x8000116a (0x00013d17) x26 0x8001416a
core   0: 0x8000116e (0xa42d0d13) addi    s10, s10, -1470
core   0: 3 0x8000116e (0xa42d0d13) x26 0x80013bac
core   0: 0x80001172 (0x0358fab3) remu    s5, a7, s5
core   0: 3 0x80001172 (0x0358fab3) x21 0x00000000
core   0: 0x80001176 (0xff1d4a83) lbu     s5, -15(s10)
core   0: 3 0x80001176 (0xff1d4a83) x21 0x00000000 mem 0x80013b9d
core   0: 0x8000117a (0x693dc893) xori    a7, s11, 1683
core   0: 3 0x8000117a (0x693dc893) x17 0x00000693
core   0: 0x8000117e (0xffcd0603) lb      a2, -4(s10)
core   0: 3 0x8000117e (0xffcd0603) x12 0x00000000 mem 0x80013ba8
core   0: 0x80001182 (0xdfe42893) slti    a7, s0, -514
core   0: 3 0x80001182 (0xdfe42893) x17 0x00000001
core   0: 0x80001186 (0x00ad06a3) sb      a0, 13(s10)
core   0: 3 0x80001186 (0x00ad06a3) mem 0x80013bb9 0x5b
core   0: 0x8000118a (0x00008d69) c.and   a0, a0
core   0: 3 0x8000118a (0x8d69) x10 0x5b4bc45b
core   0: 0x8000118c (0x03144ab3) div     s5, s0, a7
core   0: 3 0x8000118c (0x03144ab3) x21 0xc554a983
core   0: 0x80001190 (0xff7d0d83) lb      s11, -9(s10)
core   0: 3 0x80001190 (0xff7d0d83) x27 0x00000000 mem 0x80013ba3
core   0: 0x80001194 (0x40c40ab3) sub     s5, s0, a2
core   0: 3 0x80001194 (0x40c40ab3) x21 0xc554a983
core   0: 0x80001198 (0x0000962a) c.add   a2, a0
core   0: 3 0x80001198 (0x962a) x12 0x5b4bc45b
core   0: 0x8000119a (0xff8d5603) lhu     a2, -8(s10)
core   0: 3 0x8000119a (0xff8d5603) x12 0x00000000 mem 0x80013ba4
core   0: 0x8000119e (0xffad4403) lbu     s0, -6(s10)
core   0: 3 0x8000119e (0xffad4403) x8  0x00000000 mem 0x80013ba6
core   0: 0x800011a2 (0x00000001) c.nop
core   0: 3 0x800011a2 (0x0001)
core   0: 0x800011a4 (0xff8d2603) lw      a2, -8(s10)
core   0: 3 0x800011a4 (0xff8d2603) x12 0x00000000 mem 0x80013ba4
core   0: 0x800011a8 (0x011d1023) sh      a7, 0(s10)
core   0: 3 0x800011a8 (0x011d1023) mem 0x80013bac 0x0001
core   0: 0x800011ac (0xff0d1503) lh      a0, -16(s10)
core   0: 3 0x800011ac (0xff0d1503) x10 0x00000000 mem 0x80013b9c
core   0: 0x800011b0 (0xff3d0883) lb      a7, -13(s10)
core   0: 3 0x800011b0 (0xff3d0883) x17 0x00000000 mem 0x80013b9f
core   0: 0x800011b4 (0x40c40db3) sub     s11, s0, a2
core   0: 3 0x800011b4 (0x40c40db3) x27 0x00000000
core   0: 0x800011b8 (0xfecd0d23) sb      a2, -6(s10)
core   0: 3 0x800011b8 (0xfecd0d23) mem 0x80013ba6 0x00
core   0: 0x800011bc (0x008dddb3) srl     s11, s11, s0
core   0: 3 0x800011bc (0x008dddb3) x27 0x00000000
core   0: 0x800011c0 (0x00cd4a83) lbu     s5, 12(s10)
core   0: 3 0x800011c0 (0x00cd4a83) x21 0x00000000 mem 0x80013bb8
core   0: 0x800011c4 (0x00008e31) c.xor   a2, a2
core   0: 3 0x800011c4 (0x8e31) x12 0x00000000
core   0: 0x800011c6 (0x02aa9533) mulh    a0, s5, a0
core   0: 3 0x800011c6 (0x02aa9533) x10 0x00000000
core   0: 0x800011ca (0x006d5603) lhu     a2, 6(s10)
core   0: 3 0x800011ca (0x006d5603) x12 0x00000000 mem 0x80013bb2
core   0: 0x800011ce (0x00010697) auipc   a3, 0x10
core   0: 3 0x800011ce (0x00010697) x13 0x800111ce
core   0: 0x800011d2 (0xb3968693) addi    a3, a3, -1223
core   0: 3 0x800011d2 (0xb3968693) x13 0x80010d07
core   0: 0x800011d6 (0xffa68ea3) sb      s10, -3(a3)
core   0: 3 0x800011d6 (0xffa68ea3) mem 0x80010d04 0xac
core   0: 0x800011da (0xc9166013) ori     zero, a2, -879
core   0: 3 0x800011da (0xc9166013)
core   0: 0x800011de (0x00bf8433) add     s0, t6, a1
core   0: 3 0x800011de (0x00bf8433) x8  0x0000000a
core   0: 0x800011e2 (0x0006c903) lbu     s2, 0(a3)
core   0: 3 0x800011e2 (0x0006c903) x18 0x00000000 mem 0x80010d07
core   0: 0x800011e6 (0x00008569) c.srai  a0, 26
core   0: 3 0x800011e6 (0x8569) x10 0x00000000
core   0: 0x800011e8 (0xff26c503) lbu     a0, -14(a3)
core   0: 3 0x800011e8 (0xff26c503) x10 0x00000000 mem 0x80010cf9
core   0: 0x800011ec (0x00005a7d) c.li    s4, -1
core   0: 3 0x800011ec (0x5a7d) x20 0xffffffff
core   0: 0x800011ee (0x01f695a3) sh      t6, 11(a3)
core   0: 3 0x800011ee (0x01f695a3) mem 0x80010d12 0x0000
core   0: 0x800011f2 (0x0006c603) lbu     a2, 0(a3)
core   0: 3 0x800011f2 (0x0006c603) x12 0x00000000 mem 0x80010d07
core   0: 0x800011f6 (0x03aa6b33) rem     s6, s4, s10
core   0: 3 0x800011f6 (0x03aa6b33) x22 0xffffffff
core   0: 0x800011fa (0x00f6c083) lbu     ra, 15(a3)
core   0: 3 0x800011fa (0x00f6c083) x1  0x00000000 mem 0x80010d16
core   0: 0x800011fe (0xff26c583) lbu     a1, -14(a3)
core   0: 3 0x800011fe (0xff26c583) x11 0x00000000 mem 0x80010cf9
core   0: 0x80001202 (0x407f52b3) sra     t0, t5, t2
core   0: 3 0x80001202 (0x407f52b3) x5  0xff80025e
core   0: 0x80001206 (0xff469da3) sh      s4, -5(a3)
core   0: 3 0x80001206 (0xff469da3) mem 0x80010d02 0xffff
core   0: 0x8000120a (0x0288e333) rem     t1, a7, s0
core   0: 3 0x8000120a (0x0288e333) x6  0x00000000
core   0: 0x8000120e (0xff668e03) lb      t3, -10(a3)
core   0: 3 0x8000120e (0xff668e03) x28 0x00000000 mem 0x80010cfd
core   0: 0x80001212 (0x03014433) div     s0, sp, a6
core   0: 3 0x80001212 (0x03014433) x8  0x00000001
core   0: 0x80001216 (0x0000825d) c.srli  a2, 23
core   0: 3 0x80001216 (0x825d) x12 0x00000000
core   0: 0x80001218 (0xff46cc03) lbu     s8, -12(a3)
core   0: 3 0x80001218 (0xff46cc03) x24 0x00000000 mem 0x80010cfb
core   0: 0x8000121c (0x0086c103) lbu     sp, 8(a3)
core   0: 3 0x8000121c (0x0086c103) x2  0x00000000 mem 0x80010d0f
core   0: 0x80001220 (0x00a68203) lb      tp, 10(a3)
core   0: 3 0x80001220 (0x00a68203) x4  0x00000000 mem 0x80010d11
core   0: 0x80001224 (0xff468183) lb      gp, -12(a3)
core   0: 3 0x80001224 (0xff468183) x3  0x00000000 mem 0x80010cfb
core   0: 0x80001228 (0x00008f9d) c.sub   a5, a5
core   0: 3 0x80001228 (0x8f9d) x15 0x00000000
core   0: 0x8000122a (0xff86c103) lbu     sp, -8(a3)
core   0: 3 0x8000122a (0xff86c103) x2  0x00000000 mem 0x80010cff
core   0: 0x8000122e (0x4190da33) sra     s4, ra, s9
core   0: 3 0x8000122e (0x4190da33) x20 0x00000000
core   0: 0x80001232 (0x00268083) lb      ra, 2(a3)
core   0: 3 0x80001232 (0x00268083) x1  0x00000000 mem 0x80010d09
core   0: 0x80001236 (0xff969503) lh      a0, -7(a3)
core   0: 3 0x80001236 (0xff969503) x10 0x00000000 mem 0x80010d00
core   0: 0x8000123a (0xff16dd83) lhu     s11, -15(a3)
core   0: 3 0x8000123a (0xff16dd83) x27 0x00000000 mem 0x80010cf8
core   0: 0x8000123e (0x01cca4b3) slt     s1, s9, t3
core   0: 3 0x8000123e (0x01cca4b3) x9  0x00000000
core   0: 0x80001242 (0x1b95ee93) ori     t4, a1, 441
core   0: 3 0x80001242 (0x1b95ee93) x29 0x000001b9
core   0: 0x80001246 (0x9e67bd93) sltiu   s11, a5, -1562
core   0: 3 0x80001246 (0x9e67bd93) x27 0x00000001
core   0: 0x8000124a (0x00000001) c.nop
core   0: 3 0x8000124a (0x0001)
core   0: 0x8000124c (0x036dcab3) div     s5, s11, s6
core   0: 3 0x8000124c (0x036dcab3) x21 0xffffffff
core   0: 0x80001250 (0x081ffc93) andi    s9, t6, 129
core   0: 3 0x80001250 (0x081ffc93) x25 0x00000000
core   0: 0x80001254 (0xff06c303) lbu     t1, -16(a3)
core   0: 3 0x80001254 (0xff06c303) x6  0x00000000 mem 0x80010cf7
core   0: 0x80001258 (0xffd69c83) lh      s9, -3(a3)
core   0: 3 0x80001258 (0xffd69c83) x25 0x000000ac mem 0x80010d04
core   0: 0x8000125c (0x0001c697) auipc   a3, 0x1c
core   0: 3 0x8000125c (0x0001c697) x13 0x8001d25c
core   0: 0x80001260 (0xf9768693) addi    a3, a3, -105
core   0: 3 0x80001260 (0xf9768693) x13 0x8001d1f3
core   0: 0x80001264 (0x0046c383) lbu     t2, 4(a3)
core   0: 3 0x80001264 (0x0046c383) x7  0x00000000 mem 0x8001d1f7
core   0: 0x80001268 (0x6dcba113) slti    sp, s7, 1756
core   0: 3 0x80001268 (0x6dcba113) x2  0x00000001
core   0: 0x8000126c (0x00aecc33) xor     s8, t4, a0
core   0: 3 0x8000126c (0x00aecc33) x24 0x000001b9
core   0: 0x80001270 (0xe0d96237) lui     tp, 0xe0d96
core   0: 3 0x80001270 (0xe0d96237) x4  0xe0d96000
core   0: 0x80001274 (0x039388b3) mul     a7, t2, s9
core   0: 3 0x80001274 (0x039388b3) x17 0x00000000
core   0: 0x80001278 (0x4d86bb93) sltiu   s7, a3, 1240
core   0: 3 0x80001278 (0x4d86bb93) x23 0x00000000
core   0: 0x8000127c (0xcb7ded13) ori     s10, s11, -841
core   0: 3 0x8000127c (0xcb7ded13) x26 0xfffffcb7
core   0: 0x80001280 (0x037fa5b3) mulhsu  a1, t6, s7
core   0: 3 0x80001280 (0x037fa5b3) x11 0x00000000
core   0: 0x80001284 (0x00b69203) lh      tp, 11(a3)
core   0: 3 0x80001284 (0x00b69203) x4  0x00000000 mem 0x8001d1fe
core   0: 0x80001288 (0xffa68d23) sb      s10, -6(a3)
core   0: 3 0x80001288 (0xffa68d23) mem 0x8001d1ed 0xb7
core   0: 0x8000128c (0x01268323) sb      s2, 6(a3)
core   0: 3 0x8000128c (0x01268323) mem 0x8001d1f9 0x00
core   0: 0x80001290 (0xbded2193) slti    gp, s10, -1058
core   0: 3 0x80001290 (0xbded2193) x3  0x00000000
core   0: 0x80001294 (0x01e9a7b3) slt     a5, s3, t5
core   0: 3 0x80001294 (0x01e9a7b3) x15 0x00000000
core   0: 0x80001298 (0xfe268ba3) sb      sp, -9(a3)
core   0: 3 0x80001298 (0xfe268ba3) mem 0x8001d1ea 0x01
core   0: 0x8000129c (0x000084b1) c.srai  s1, 12
core   0: 3 0x8000129c (0x84b1) x9  0x00000000
core   0: 0x8000129e (0x0000815d) c.srli  a0, 23
core   0: 3 0x8000129e (0x815d) x10 0x00000000
core   0: 0x800012a0 (0xb6688337) lui     t1, 0xb6688
core   0: 3 0x800012a0 (0xb6688337) x6  0xb6688000
core   0: 0x800012a4 (0x00001a84) c.addi4spn s1, sp, 368
core   0: 3 0x800012a4 (0x1a84) x9  0x00000171
core   0: 0x800012a6 (0x01ad8633) add     a2, s11, s10
core   0: 3 0x800012a6 (0x01ad8633) x12 0xfffffcb8
core   0: 0x800012aa (0x00008cf5) c.and   s1, a3
core   0: 3 0x800012aa (0x8cf5) x9  0x00000171
core   0: 0x800012ac (0x00001508) c.addi4spn a0, sp, 672
core   0: 3 0x800012ac (0x1508) x10 0x000002a1
core   0: 0x800012ae (0x012681a3) sb      s2, 3(a3)
core   0: 3 0x800012ae (0x012681a3) mem 0x8001d1f6 0x00
core   0: 0x800012b2 (0x000085da) c.mv    a1, s6
core   0: 3 0x800012b2 (0x85da) x11 0xffffffff
core   0: 0x800012b4 (0x000091a2) c.add   gp, s0
core   0: 3 0x800012b4 (0x91a2) x3  0x00000001
core   0: 0x800012b6 (0xd1f99197) auipc   gp, 0xd1f99
core   0: 3 0x800012b6 (0xd1f99197) x3  0x51f9a2b6
core   0: 0x800012ba (0x01120ab3) add     s5, tp, a7
core   0: 3 0x800012ba (0x01120ab3) x21 0x00000000
core   0: 0x800012be (0xffa68183) lb      gp, -6(a3)
core   0: 3 0x800012be (0xffa68183) x3  0xffffffb7 mem 0x8001d1ed
core   0: 0x800012c2 (0x00b6dc03) lhu     s8, 11(a3)
core   0: 3 0x800012c2 (0x00b6dc03) x24 0x00000000 mem 0x8001d1fe
core   0: 0x800012c6 (0xff369aa3) sh      s3, -11(a3)
core   0: 3 0x800012c6 (0xff369aa3) mem 0x8001d1e8 0x9d24
core   0: 0x800012ca (0x0135b0b3) sltu    ra, a1, s3
core   0: 3 0x800012ca (0x0135b0b3) x1  0x00000000
core   0: 0x800012ce (0x8a3f2793) slti    a5, t5, -1885
core   0: 3 0x800012ce (0x8a3f2793) x15 0x00000001
core   0: 0x800012d2 (0x03ec0fb3) mul     t6, s8, t5
core   0: 3 0x800012d2 (0x03ec0fb3) x31 0x00000000
core   0: 0x800012d6 (0x00004ab1) c.li    s5, 12
core   0: 3 0x800012d6 (0x4ab1) x21 0x0000000c
core   0: 0x800012d8 (0x0106aa33) slt     s4, a3, a6
core   0: 3 0x800012d8 (0x0106aa33) x20 0x00000001
core   0: 0x800012dc (0x019a5293) srli    t0, s4, 25
core   0: 3 0x800012dc (0x019a5293) x5  0x00000000
core   0: 0x800012e0 (0x009f9b13) slli    s6, t6, 9
core   0: 3 0x800012e0 (0x009f9b13) x22 0x00000000
core   0: 0x800012e4 (0x80a5bd93) sltiu   s11, a1, -2038
core   0: 3 0x800012e4 (0x80a5bd93) x27 0x00000000
core   0: 0x800012e8 (0x00105a33) srl     s4, zero, ra
core   0: 3 0x800012e8 (0x00105a33) x20 0x00000000
core   0: 0x800012ec (0xff468303) lb      t1, -12(a3)
core   0: 3 0x800012ec (0xff468303) x6  0x00000000 mem 0x8001d1e7
core   0: 0x800012f0 (0x00c68883) lb      a7, 12(a3)
core   0: 3 0x800012f0 (0x00c68883) x17 0x00000000 mem 0x8001d1ff
core   0: 0x800012f4 (0x00019117) auipc   sp, 0x19
core   0: 3 0x800012f4 (0x00019117) x2  0x8001a2f4
core   0: 0x800012f8 (0xd3010113) addi    sp, sp, -720
core   0: 3 0x800012f8 (0xd3010113) x2  0x8001a024
core   0: 0x800012fc (0x00008e59) c.or    a2, a4
core   0: 3 0x800012fc (0x8e59) x12 0xfffffcb8
core   0: 0x800012fe (0x03e20a33) mul     s4, tp, t5
core   0: 3 0x800012fe (0x03e20a33) x20 0x00000000
core   0: 0x80001302 (0xf4114a03) lbu     s4, -191(sp)
core   0: 3 0x80001302 (0xf4114a03) x20 0x00000000 mem 0x80019f65
core   0: 0x80001306 (0x99000093) li      ra, -1648
core   0: 3 0x80001306 (0x99000093) x1  0xfffff990
core   0: 0x8000130a (0x0d4100a3) sb      s4, 193(sp)
core   0: 3 0x8000130a (0x0d4100a3) mem 0x8001a0e5 0x00
core   0: 0x8000130e (0x000045c2) c.lwsp  a1, 16(sp)
core   0: 3 0x8000130e (0x45c2) x11 0x00000000 mem 0x8001a034
core   0: 0x80001310 (0x00aab033) sltu    zero, s5, a0
core   0: 3 0x80001310 (0x00aab033)
core   0: 0x80001314 (0x41bd5e13) srai    t3, s10, 27
core   0: 3 0x80001314 (0x41bd5e13) x28 0xffffffff
core   0: 0x80001318 (0x011fecb3) or      s9, t6, a7
core   0: 3 0x80001318 (0x011fecb3) x25 0x00000000
core   0: 0x8000131c (0x0a114e03) lbu     t3, 161(sp)
core   0: 3 0x8000131c (0x0a114e03) x28 0x00000000 mem 0x8001a0c5
core   0: 0x80001320 (0xfd910583) lb      a1, -39(sp)
core   0: 3 0x80001320 (0xfd910583) x11 0x00000000 mem 0x80019ffd
core   0: 0x80001324 (0xfd910083) lb      ra, -39(sp)
core   0: 3 0x80001324 (0xfd910083) x1  0x00000000 mem 0x80019ffd
core   0: 0x80001328 (0xf8e10203) lb      tp, -114(sp)
core   0: 3 0x80001328 (0xf8e10203) x4  0x00000000 mem 0x80019fb2
core   0: 0x8000132c (0xf54103a3) sb      s4, -185(sp)
core   0: 3 0x8000132c (0xf54103a3) mem 0x80019f6b 0x00
core   0: 0x80001330 (0x02599d33) mulh    s10, s3, t0
core   0: 3 0x80001330 (0x02599d33) x26 0x00000000
core   0: 0x80001334 (0xad578493) addi    s1, a5, -1323
core   0: 3 0x80001334 (0xad578493) x9  0xfffffad6
core   0: 0x80001338 (0x038b51b3) divu    gp, s6, s8
core   0: 3 0x80001338 (0x038b51b3) x3  0xffffffff
core   0: 0x8000133c (0x1a546793) ori     a5, s0, 421
core   0: 3 0x8000133c (0x1a546793) x15 0x000001a5
core   0: 0x80001340 (0xfc710303) lb      t1, -57(sp)
core   0: 3 0x80001340 (0xfc710303) x6  0x00000000 mem 0x80019feb
core   0: 0x80001344 (0x00008cb5) c.xor   s1, a3
core   0: 3 0x80001344 (0x8cb5) x9  0x7ffe2b25
core   0: 0x80001346 (0xfbf11423) sh      t6, -88(sp)
core   0: 3 0x80001346 (0xfbf11423) mem 0x80019fcc 0x0000
core   0: 0x8000134a (0x00004be5) c.li    s7, 25
core   0: 3 0x8000134a (0x4be5) x23 0x00000019
core   0: 0x8000134c (0x000048f2) c.lwsp  a7, 28(sp)
core   0: 3 0x8000134c (0x48f2) x17 0x00000000 mem 0x8001a040
core   0: 0x8000134e (0xfbd10603) lb      a2, -67(sp)
core   0: 3 0x8000134e (0xfbd10603) x12 0x00000000 mem 0x80019fe1
core   0: 0x80001352 (0x00549513) slli    a0, s1, 5
core   0: 3 0x80001352 (0x00549513) x10 0xffc564a0
core   0: 0x80001356 (0x0196b333) sltu    t1, a3, s9
core   0: 3 0x80001356 (0x0196b333) x6  0x00000000
core   0: 0x8000135a (0xf9714383) lbu     t2, -105(sp)
core   0: 3 0x8000135a (0xf9714383) x7  0x00000000 mem 0x80019fbb
core   0: 0x8000135e (0x0000d456) c.swsp  s5, 40(sp)
core   0: 3 0x8000135e (0xd456) mem 0x8001a04c 0x0000000c
core   0: 0x80001360 (0x00008c45) c.or    s0, s1
core   0: 3 0x80001360 (0x8c45) x8  0x7ffe2b25
core   0: 0x80001362 (0x08e11823) sh      a4, 144(sp)
core   0: 3 0x80001362 (0x08e11823) mem 0x8001a0b4 0x0000
core   0: 0x80001366 (0x02e23db3) mulhu   s11, tp, a4
core   0: 3 0x80001366 (0x02e23db3) x27 0x00000000
core   0: 0x8000136a (0x40d90033) sub     zero, s2, a3
core   0: 3 0x8000136a (0x40d90033)
core   0: 0x8000136e (0xf4a14f83) lbu     t6, -182(sp)
core   0: 3 0x8000136e (0xf4a14f83) x31 0x00000000 mem 0x80019f6e
core   0: 0x80001372 (0x0324f733) remu    a4, s1, s2
core   0: 3 0x80001372 (0x0324f733) x14 0x7ffe2b25
core   0: 0x80001376 (0xf51108a3) sb      a7, -175(sp)
core   0: 3 0x80001376 (0xf51108a3) mem 0x80019f75 0x00
core   0: 0x8000137a (0x004a2233) slt     tp, s4, tp
core   0: 3 0x8000137a (0x004a2233) x4  0x00000000
core   0: 0x8000137e (0x0cd10e83) lb      t4, 205(sp)
core   0: 3 0x8000137e (0x0cd10e83) x29 0x00000000 mem 0x8001a0f1
core   0: 0x80001382 (0x00000dd6) c.slli  s11, 21
core   0: 3 0x80001382 (0x0dd6) x27 0x00000000
core   0: 0x80001384 (0xf78108a3) sb      s8, -143(sp)
core   0: 3 0x80001384 (0xf78108a3) mem 0x80019f95 0x00
core   0: 0x80001388 (0x00006719) c.lui   a4, 0x6
core   0: 3 0x80001388 (0x6719) x14 0x00006000
core   0: 0x8000138a (0xf7714903) lbu     s2, -137(sp)
core   0: 3 0x8000138a (0xf7714903) x18 0x00000000 mem 0x80019f9b
core   0: 0x8000138e (0x00008fd5) c.or    a5, a3
core   0: 3 0x8000138e (0x8fd5) x15 0x8001d1f7
core   0: 0x80001390 (0x0a711123) sh      t2, 162(sp)
core   0: 3 0x80001390 (0x0a711123) mem 0x8001a0c6 0x0000
core   0: 0x80001394 (0xf3714383) lbu     t2, -201(sp)
core   0: 3 0x80001394 (0xf3714383) x7  0x00000000 mem 0x80019f5b
core   0: 0x80001398 (0xf0310c83) lb      s9, -253(sp)
core   0: 3 0x80001398 (0xf0310c83) x25 0x00000000 mem 0x80019f27
core   0: 0x8000139c (0x00000892) c.slli  a7, 4
core   0: 3 0x8000139c (0x0892) x17 0x00000000
core   0: 0x8000139e (0x05110923) sb      a7, 82(sp)
core   0: 3 0x8000139e (0x05110923) mem 0x8001a076 0x00
core   0: 0x800013a2 (0x000052fd) c.li    t0, -1
core   0: 3 0x800013a2 (0x52fd) x5  0xffffffff
core   0: 0x800013a4 (0x01a67633) and     a2, a2, s10
core   0: 3 0x800013a4 (0x01a67633) x12 0x00000000
core   0: 0x800013a8 (0x0fa11a83) lh      s5, 250(sp)
core   0: 3 0x800013a8 (0x0fa11a83) x21 0x00000000 mem 0x8001a11e
core   0: 0x800013ac (0xeb883e13) sltiu   t3, a6, -328
core   0: 3 0x800013ac (0xeb883e13) x28 0x00000001
core   0: 0x800013b0 (0x0000ca4a) c.swsp  s2, 20(sp)
core   0: 3 0x800013b0 (0xca4a) mem 0x8001a038 0x00000000
core   0: 0x800013b2 (0x01110903) lb      s2, 17(sp)
core   0: 3 0x800013b2 (0x01110903) x18 0x00000000 mem 0x8001a035
core   0: 0x800013b6 (0xfbd10583) lb      a1, -67(sp)
core   0: 3 0x800013b6 (0xfbd10583) x11 0x00000000 mem 0x80019fe1
core   0: 0x800013ba (0x00b78c33) add     s8, a5, a1
core   0: 3 0x800013ba (0x00b78c33) x24 0x8001d1f7
core   0: 0x800013be (0x00008d29) c.xor   a0, a0
core   0: 3 0x800013be (0x8d29) x10 0x00000000
core   0: 0x800013c0 (0x09910a83) lb      s5, 153(sp)
core   0: 3 0x800013c0 (0x09910a83) x21 0x00000000 mem 0x8001a0bd
core   0: 0x800013c4 (0x00004429) c.li    s0, 10
core   0: 3 0x800013c4 (0x4429) x8  0x0000000a
core   0: 0x800013c6 (0x00008d95) c.sub   a1, a3
core   0: 3 0x800013c6 (0x8d95) x11 0x7ffe2e0d
core   0: 0x800013c8 (0x00005ee1) c.li    t4, -8
core   0: 3 0x800013c8 (0x5ee1) x29 0xfffffff8
core   0: 0x800013ca (0x038c6e33) rem     t3, s8, s8
core   0: 3 0x800013ca (0x038c6e33) x28 0x00000000
core   0: 0x800013ce (0x033961b3) rem     gp, s2, s3
core   0: 3 0x800013ce (0x033961b3) x3  0x00000000
core   0: 0x800013d2 (0x03ba0bb3) mul     s7, s4, s11
core   0: 3 0x800013d2 (0x03ba0bb3) x23 0x00000000
core   0: 0x800013d6 (0x9bcd6637) lui     a2, 0x9bcd6
core   0: 3 0x800013d6 (0x9bcd6637) x12 0x9bcd6000
core   0: 0x800013da (0x00008d0d) c.sub   a0, a1
core   0: 3 0x800013da (0x8d0d) x10 0x8001d1f3
core   0: 0x800013dc (0x00001471) c.addi  s0, -4
core   0: 3 0x800013dc (0x1471) x8  0x00000006
core   0: 0x800013de (0x000098a6) c.add   a7, s1
core   0: 3 0x800013de (0x98a6) x17 0x7ffe2b25
core   0: 0x800013e0 (0x00004b21) c.li    s6, 8
core   0: 3 0x800013e0 (0x4b21) x22 0x00000008
core   0: 0x800013e2 (0x00da11b3) sll     gp, s4, a3
core   0: 3 0x800013e2 (0x00da11b3) x3  0x00000000
core   0: 0x800013e6 (0x00005141) c.li    sp, -16
core   0: 3 0x800013e6 (0x5141) x2  0xfffffff0
core   0: 0x800013e8 (0x03a65fb3) divu    t6, a2, s10
core   0: 3 0x800013e8 (0x03a65fb3) x31 0xffffffff
core   0: 0x800013ec (0x0020c233) xor     tp, ra, sp
core   0: 3 0x800013ec (0x0020c233) x4  0xfffffff0
core   0: 0x800013f0 (0x00008646) c.mv    a2, a7
core   0: 3 0x800013f0 (0x8646) x12 0x7ffe2b25
core   0: 0x800013f2 (0x005d7ab3) and     s5, s10, t0
core   0: 3 0x800013f2 (0x005d7ab3) x21 0x00000000
core   0: 0x800013f6 (0x00001b69) c.addi  s6, -6
core   0: 3 0x800013f6 (0x1b69) x22 0x00000002
core   0: 0x800013f8 (0x0023c033) xor     zero, t2, sp
core   0: 3 0x800013f8 (0x0023c033)
core   0: 0x800013fc (0xfe2b16e3) bne     s6, sp, pc - 20
core   0: 3 0x800013fc (0xfe2b16e3)
core   0: 0x800013e8 (0x03a65fb3) divu    t6, a2, s10
core   0: 3 0x800013e8 (0x03a65fb3) x31 0xffffffff
core   0: 0x800013ec (0x0020c233) xor     tp, ra, sp
core   0: 3 0x800013ec (0x0020c233) x4  0xfffffff0
core   0: 0x800013f0 (0x00008646) c.mv    a2, a7
core   0: 3 0x800013f0 (0x8646) x12 0x7ffe2b25
core   0: 0x800013f2 (0x005d7ab3) and     s5, s10, t0
core   0: 3 0x800013f2 (0x005d7ab3) x21 0x00000000
core   0: 0x800013f6 (0x00001b69) c.addi  s6, -6
core   0: 3 0x800013f6 (0x1b69) x22 0xfffffffc
core   0: 0x800013f8 (0x0023c033) xor     zero, t2, sp
core   0: 3 0x800013f8 (0x0023c033)
core   0: 0x800013fc (0xfe2b16e3) bne     s6, sp, pc - 20
core   0: 3 0x800013fc (0xfe2b16e3)
core   0: 0x800013e8 (0x03a65fb3) divu    t6, a2, s10
core   0: 3 0x800013e8 (0x03a65fb3) x31 0xffffffff
core   0: 0x800013ec (0x0020c233) xor     tp, ra, sp
core   0: 3 0x800013ec (0x0020c233) x4  0xfffffff0
core   0: 0x800013f0 (0x00008646) c.mv    a2, a7
core   0: 3 0x800013f0 (0x8646) x12 0x7ffe2b25
core   0: 0x800013f2 (0x005d7ab3) and     s5, s10, t0
core   0: 3 0x800013f2 (0x005d7ab3) x21 0x00000000
core   0: 0x800013f6 (0x00001b69) c.addi  s6, -6
core   0: 3 0x800013f6 (0x1b69) x22 0xfffffff6
core   0: 0x800013f8 (0x0023c033) xor     zero, t2, sp
core   0: 3 0x800013f8 (0x0023c033)
core   0: 0x800013fc (0xfe2b16e3) bne     s6, sp, pc - 20
core   0: 3 0x800013fc (0xfe2b16e3)
core   0: 0x800013e8 (0x03a65fb3) divu    t6, a2, s10
core   0: 3 0x800013e8 (0x03a65fb3) x31 0xffffffff
core   0: 0x800013ec (0x0020c233) xor     tp, ra, sp
core   0: 3 0x800013ec (0x0020c233) x4  0xfffffff0
core   0: 0x800013f0 (0x00008646) c.mv    a2, a7
core   0: 3 0x800013f0 (0x8646) x12 0x7ffe2b25
core   0: 0x800013f2 (0x005d7ab3) and     s5, s10, t0
core   0: 3 0x800013f2 (0x005d7ab3) x21 0x00000000
core   0: 0x800013f6 (0x00001b69) c.addi  s6, -6
core   0: 3 0x800013f6 (0x1b69) x22 0xfffffff0
core   0: 0x800013f8 (0x0023c033) xor     zero, t2, sp
core   0: 3 0x800013f8 (0x0023c033)
core   0: 0x800013fc (0xfe2b16e3) bne     s6, sp, pc - 20
core   0: 3 0x800013fc (0xfe2b16e3)
core   0: 0x80001400 (0x02482933) mulhsu  s2, a6, tp
core   0: 3 0x80001400 (0x02482933) x18 0x5b4bc1c0
core   0: 0x80001404 (0xfdd457e3) bge     s0, t4, pc - 50
core   0: 3 0x80001404 (0xfdd457e3)
core   0: 0x800013d2 (0x03ba0bb3) mul     s7, s4, s11
core   0: 3 0x800013d2 (0x03ba0bb3) x23 0x00000000
core   0: 0x800013d6 (0x9bcd6637) lui     a2, 0x9bcd6
core   0: 3 0x800013d6 (0x9bcd6637) x12 0x9bcd6000
core   0: 0x800013da (0x00008d0d) c.sub   a0, a1
core   0: 3 0x800013da (0x8d0d) x10 0x0003a3e6
core   0: 0x800013dc (0x00001471) c.addi  s0, -4
core   0: 3 0x800013dc (0x1471) x8  0x00000002
core   0: 0x800013de (0x000098a6) c.add   a7, s1
core   0: 3 0x800013de (0x98a6) x17 0xfffc564a
core   0: 0x800013e0 (0x00004b21) c.li    s6, 8
core   0: 3 0x800013e0 (0x4b21) x22 0x00000008
core   0: 0x800013e2 (0x00da11b3) sll     gp, s4, a3
core   0: 3 0x800013e2 (0x00da11b3) x3  0x00000000
core   0: 0x800013e6 (0x00005141) c.li    sp, -16
core   0: 3 0x800013e6 (0x5141) x2  0xfffffff0
core   0: 0x800013e8 (0x03a65fb3) divu    t6, a2, s10
core   0: 3 0x800013e8 (0x03a65fb3) x31 0xffffffff
core   0: 0x800013ec (0x0020c233) xor     tp, ra, sp
core   0: 3 0x800013ec (0x0020c233) x4  0xfffffff0
core   0: 0x800013f0 (0x00008646) c.mv    a2, a7
core   0: 3 0x800013f0 (0x8646) x12 0xfffc564a
core   0: 0x800013f2 (0x005d7ab3) and     s5, s10, t0
core   0: 3 0x800013f2 (0x005d7ab3) x21 0x00000000
core   0: 0x800013f6 (0x00001b69) c.addi  s6, -6
core   0: 3 0x800013f6 (0x1b69) x22 0x00000002
core   0: 0x800013f8 (0x0023c033) xor     zero, t2, sp
core   0: 3 0x800013f8 (0x0023c033)
core   0: 0x800013fc (0xfe2b16e3) bne     s6, sp, pc - 20
core   0: 3 0x800013fc (0xfe2b16e3)
core   0: 0x800013e8 (0x03a65fb3) divu    t6, a2, s10
core   0: 3 0x800013e8 (0x03a65fb3) x31 0xffffffff
core   0: 0x800013ec (0x0020c233) xor     tp, ra, sp
core   0: 3 0x800013ec (0x0020c233) x4  0xfffffff0
core   0: 0x800013f0 (0x00008646) c.mv    a2, a7
core   0: 3 0x800013f0 (0x8646) x12 0xfffc564a
core   0: 0x800013f2 (0x005d7ab3) and     s5, s10, t0
core   0: 3 0x800013f2 (0x005d7ab3) x21 0x00000000
core   0: 0x800013f6 (0x00001b69) c.addi  s6, -6
core   0: 3 0x800013f6 (0x1b69) x22 0xfffffffc
core   0: 0x800013f8 (0x0023c033) xor     zero, t2, sp
core   0: 3 0x800013f8 (0x0023c033)
core   0: 0x800013fc (0xfe2b16e3) bne     s6, sp, pc - 20
core   0: 3 0x800013fc (0xfe2b16e3)
core   0: 0x800013e8 (0x03a65fb3) divu    t6, a2, s10
core   0: 3 0x800013e8 (0x03a65fb3) x31 0xffffffff
core   0: 0x800013ec (0x0020c233) xor     tp, ra, sp
core   0: 3 0x800013ec (0x0020c233) x4  0xfffffff0
core   0: 0x800013f0 (0x00008646) c.mv    a2, a7
core   0: 3 0x800013f0 (0x8646) x12 0xfffc564a
core   0: 0x800013f2 (0x005d7ab3) and     s5, s10, t0
core   0: 3 0x800013f2 (0x005d7ab3) x21 0x00000000
core   0: 0x800013f6 (0x00001b69) c.addi  s6, -6
core   0: 3 0x800013f6 (0x1b69) x22 0xfffffff6
core   0: 0x800013f8 (0x0023c033) xor     zero, t2, sp
core   0: 3 0x800013f8 (0x0023c033)
core   0: 0x800013fc (0xfe2b16e3) bne     s6, sp, pc - 20
core   0: 3 0x800013fc (0xfe2b16e3)
core   0: 0x800013e8 (0x03a65fb3) divu    t6, a2, s10
core   0: 3 0x800013e8 (0x03a65fb3) x31 0xffffffff
core   0: 0x800013ec (0x0020c233) xor     tp, ra, sp
core   0: 3 0x800013ec (0x0020c233) x4  0xfffffff0
core   0: 0x800013f0 (0x00008646) c.mv    a2, a7
core   0: 3 0x800013f0 (0x8646) x12 0xfffc564a
core   0: 0x800013f2 (0x005d7ab3) and     s5, s10, t0
core   0: 3 0x800013f2 (0x005d7ab3) x21 0x00000000
core   0: 0x800013f6 (0x00001b69) c.addi  s6, -6
core   0: 3 0x800013f6 (0x1b69) x22 0xfffffff0
core   0: 0x800013f8 (0x0023c033) xor     zero, t2, sp
core   0: 3 0x800013f8 (0x0023c033)
core   0: 0x800013fc (0xfe2b16e3) bne     s6, sp, pc - 20
core   0: 3 0x800013fc (0xfe2b16e3)
core   0: 0x80001400 (0x02482933) mulhsu  s2, a6, tp
core   0: 3 0x80001400 (0x02482933) x18 0x5b4bc1c0
core   0: 0x80001404 (0xfdd457e3) bge     s0, t4, pc - 50
core   0: 3 0x80001404 (0xfdd457e3)
core   0: 0x800013d2 (0x03ba0bb3) mul     s7, s4, s11
core   0: 3 0x800013d2 (0x03ba0bb3) x23 0x00000000
core   0: 0x800013d6 (0x9bcd6637) lui     a2, 0x9bcd6
core   0: 3 0x800013d6 (0x9bcd6637) x12 0x9bcd6000
core   0: 0x800013da (0x00008d0d) c.sub   a0, a1
core   0: 3 0x800013da (0x8d0d) x10 0x800575d9
core   0: 0x800013dc (0x00001471) c.addi  s0, -4
core   0: 3 0x800013dc (0x1471) x8  0xfffffffe
core   0: 0x800013de (0x000098a6) c.add   a7, s1
core   0: 3 0x800013de (0x98a6) x17 0x7ffa816f
core   0: 0x800013e0 (0x00004b21) c.li    s6, 8
core   0: 3 0x800013e0 (0x4b21) x22 0x00000008
core   0: 0x800013e2 (0x00da11b3) sll     gp, s4, a3
core   0: 3 0x800013e2 (0x00da11b3) x3  0x00000000
core   0: 0x800013e6 (0x00005141) c.li    sp, -16
core   0: 3 0x800013e6 (0x5141) x2  0xfffffff0
core   0: 0x800013e8 (0x03a65fb3) divu    t6, a2, s10
core   0: 3 0x800013e8 (0x03a65fb3) x31 0xffffffff
core   0: 0x800013ec (0x0020c233) xor     tp, ra, sp
core   0: 3 0x800013ec (0x0020c233) x4  0xfffffff0
core   0: 0x800013f0 (0x00008646) c.mv    a2, a7
core   0: 3 0x800013f0 (0x8646) x12 0x7ffa816f
core   0: 0x800013f2 (0x005d7ab3) and     s5, s10, t0
core   0: 3 0x800013f2 (0x005d7ab3) x21 0x00000000
core   0: 0x800013f6 (0x00001b69) c.addi  s6, -6
core   0: 3 0x800013f6 (0x1b69) x22 0x00000002
core   0: 0x800013f8 (0x0023c033) xor     zero, t2, sp
core   0: 3 0x800013f8 (0x0023c033)
core   0: 0x800013fc (0xfe2b16e3) bne     s6, sp, pc - 20
core   0: 3 0x800013fc (0xfe2b16e3)
core   0: 0x800013e8 (0x03a65fb3) divu    t6, a2, s10
core   0: 3 0x800013e8 (0x03a65fb3) x31 0xffffffff
core   0: 0x800013ec (0x0020c233) xor     tp, ra, sp
core   0: 3 0x800013ec (0x0020c233) x4  0xfffffff0
core   0: 0x800013f0 (0x00008646) c.mv    a2, a7
core   0: 3 0x800013f0 (0x8646) x12 0x7ffa816f
core   0: 0x800013f2 (0x005d7ab3) and     s5, s10, t0
core   0: 3 0x800013f2 (0x005d7ab3) x21 0x00000000
core   0: 0x800013f6 (0x00001b69) c.addi  s6, -6
core   0: 3 0x800013f6 (0x1b69) x22 0xfffffffc
core   0: 0x800013f8 (0x0023c033) xor     zero, t2, sp
core   0: 3 0x800013f8 (0x0023c033)
core   0: 0x800013fc (0xfe2b16e3) bne     s6, sp, pc - 20
core   0: 3 0x800013fc (0xfe2b16e3)
core   0: 0x800013e8 (0x03a65fb3) divu    t6, a2, s10
core   0: 3 0x800013e8 (0x03a65fb3) x31 0xffffffff
core   0: 0x800013ec (0x0020c233) xor     tp, ra, sp
core   0: 3 0x800013ec (0x0020c233) x4  0xfffffff0
core   0: 0x800013f0 (0x00008646) c.mv    a2, a7
core   0: 3 0x800013f0 (0x8646) x12 0x7ffa816f
core   0: 0x800013f2 (0x005d7ab3) and     s5, s10, t0
core   0: 3 0x800013f2 (0x005d7ab3) x21 0x00000000
core   0: 0x800013f6 (0x00001b69) c.addi  s6, -6
core   0: 3 0x800013f6 (0x1b69) x22 0xfffffff6
core   0: 0x800013f8 (0x0023c033) xor     zero, t2, sp
core   0: 3 0x800013f8 (0x0023c033)
core   0: 0x800013fc (0xfe2b16e3) bne     s6, sp, pc - 20
core   0: 3 0x800013fc (0xfe2b16e3)
core   0: 0x800013e8 (0x03a65fb3) divu    t6, a2, s10
core   0: 3 0x800013e8 (0x03a65fb3) x31 0xffffffff
core   0: 0x800013ec (0x0020c233) xor     tp, ra, sp
core   0: 3 0x800013ec (0x0020c233) x4  0xfffffff0
core   0: 0x800013f0 (0x00008646) c.mv    a2, a7
core   0: 3 0x800013f0 (0x8646) x12 0x7ffa816f
core   0: 0x800013f2 (0x005d7ab3) and     s5, s10, t0
core   0: 3 0x800013f2 (0x005d7ab3) x21 0x00000000
core   0: 0x800013f6 (0x00001b69) c.addi  s6, -6
core   0: 3 0x800013f6 (0x1b69) x22 0xfffffff0
core   0: 0x800013f8 (0x0023c033) xor     zero, t2, sp
core   0: 3 0x800013f8 (0x0023c033)
core   0: 0x800013fc (0xfe2b16e3) bne     s6, sp, pc - 20
core   0: 3 0x800013fc (0xfe2b16e3)
core   0: 0x80001400 (0x02482933) mulhsu  s2, a6, tp
core   0: 3 0x80001400 (0x02482933) x18 0x5b4bc1c0
core   0: 0x80001404 (0xfdd457e3) bge     s0, t4, pc - 50
core   0: 3 0x80001404 (0xfdd457e3)
core   0: 0x800013d2 (0x03ba0bb3) mul     s7, s4, s11
core   0: 3 0x800013d2 (0x03ba0bb3) x23 0x00000000
core   0: 0x800013d6 (0x9bcd6637) lui     a2, 0x9bcd6
core   0: 3 0x800013d6 (0x9bcd6637) x12 0x9bcd6000
core   0: 0x800013da (0x00008d0d) c.sub   a0, a1
core   0: 3 0x800013da (0x8d0d) x10 0x000747cc
core   0: 0x800013dc (0x00001471) c.addi  s0, -4
core   0: 3 0x800013dc (0x1471) x8  0xfffffffa
core   0: 0x800013de (0x000098a6) c.add   a7, s1
core   0: 3 0x800013de (0x98a6) x17 0xfff8ac94
core   0: 0x800013e0 (0x00004b21) c.li    s6, 8
core   0: 3 0x800013e0 (0x4b21) x22 0x00000008
core   0: 0x800013e2 (0x00da11b3) sll     gp, s4, a3
core   0: 3 0x800013e2 (0x00da11b3) x3  0x00000000
core   0: 0x800013e6 (0x00005141) c.li    sp, -16
core   0: 3 0x800013e6 (0x5141) x2  0xfffffff0
core   0: 0x800013e8 (0x03a65fb3) divu    t6, a2, s10
core   0: 3 0x800013e8 (0x03a65fb3) x31 0xffffffff
core   0: 0x800013ec (0x0020c233) xor     tp, ra, sp
core   0: 3 0x800013ec (0x0020c233) x4  0xfffffff0
core   0: 0x800013f0 (0x00008646) c.mv    a2, a7
core   0: 3 0x800013f0 (0x8646) x12 0xfff8ac94
core   0: 0x800013f2 (0x005d7ab3) and     s5, s10, t0
core   0: 3 0x800013f2 (0x005d7ab3) x21 0x00000000
core   0: 0x800013f6 (0x00001b69) c.addi  s6, -6
core   0: 3 0x800013f6 (0x1b69) x22 0x00000002
core   0: 0x800013f8 (0x0023c033) xor     zero, t2, sp
core   0: 3 0x800013f8 (0x0023c033)
core   0: 0x800013fc (0xfe2b16e3) bne     s6, sp, pc - 20
core   0: 3 0x800013fc (0xfe2b16e3)
core   0: 0x800013e8 (0x03a65fb3) divu    t6, a2, s10
core   0: 3 0x800013e8 (0x03a65fb3) x31 0xffffffff
core   0: 0x800013ec (0x0020c233) xor     tp, ra, sp
core   0: 3 0x800013ec (0x0020c233) x4  0xfffffff0
core   0: 0x800013f0 (0x00008646) c.mv    a2, a7
core   0: 3 0x800013f0 (0x8646) x12 0xfff8ac94
core   0: 0x800013f2 (0x005d7ab3) and     s5, s10, t0
core   0: 3 0x800013f2 (0x005d7ab3) x21 0x00000000
core   0: 0x800013f6 (0x00001b69) c.addi  s6, -6
core   0: 3 0x800013f6 (0x1b69) x22 0xfffffffc
core   0: 0x800013f8 (0x0023c033) xor     zero, t2, sp
core   0: 3 0x800013f8 (0x0023c033)
core   0: 0x800013fc (0xfe2b16e3) bne     s6, sp, pc - 20
core   0: 3 0x800013fc (0xfe2b16e3)
core   0: 0x800013e8 (0x03a65fb3) divu    t6, a2, s10
core   0: 3 0x800013e8 (0x03a65fb3) x31 0xffffffff
core   0: 0x800013ec (0x0020c233) xor     tp, ra, sp
core   0: 3 0x800013ec (0x0020c233) x4  0xfffffff0
core   0: 0x800013f0 (0x00008646) c.mv    a2, a7
core   0: 3 0x800013f0 (0x8646) x12 0xfff8ac94
core   0: 0x800013f2 (0x005d7ab3) and     s5, s10, t0
core   0: 3 0x800013f2 (0x005d7ab3) x21 0x00000000
core   0: 0x800013f6 (0x00001b69) c.addi  s6, -6
core   0: 3 0x800013f6 (0x1b69) x22 0xfffffff6
core   0: 0x800013f8 (0x0023c033) xor     zero, t2, sp
core   0: 3 0x800013f8 (0x0023c033)
core   0: 0x800013fc (0xfe2b16e3) bne     s6, sp, pc - 20
core   0: 3 0x800013fc (0xfe2b16e3)
core   0: 0x800013e8 (0x03a65fb3) divu    t6, a2, s10
core   0: 3 0x800013e8 (0x03a65fb3) x31 0xffffffff
core   0: 0x800013ec (0x0020c233) xor     tp, ra, sp
core   0: 3 0x800013ec (0x0020c233) x4  0xfffffff0
core   0: 0x800013f0 (0x00008646) c.mv    a2, a7
core   0: 3 0x800013f0 (0x8646) x12 0xfff8ac94
core   0: 0x800013f2 (0x005d7ab3) and     s5, s10, t0
core   0: 3 0x800013f2 (0x005d7ab3) x21 0x00000000
core   0: 0x800013f6 (0x00001b69) c.addi  s6, -6
core   0: 3 0x800013f6 (0x1b69) x22 0xfffffff0
core   0: 0x800013f8 (0x0023c033) xor     zero, t2, sp
core   0: 3 0x800013f8 (0x0023c033)
core   0: 0x800013fc (0xfe2b16e3) bne     s6, sp, pc - 20
core   0: 3 0x800013fc (0xfe2b16e3)
core   0: 0x80001400 (0x02482933) mulhsu  s2, a6, tp
core   0: 3 0x80001400 (0x02482933) x18 0x5b4bc1c0
core   0: 0x80001404 (0xfdd457e3) bge     s0, t4, pc - 50
core   0: 3 0x80001404 (0xfdd457e3)
core   0: 0x800013d2 (0x03ba0bb3) mul     s7, s4, s11
core   0: 3 0x800013d2 (0x03ba0bb3) x23 0x00000000
core   0: 0x800013d6 (0x9bcd6637) lui     a2, 0x9bcd6
core   0: 3 0x800013d6 (0x9bcd6637) x12 0x9bcd6000
core   0: 0x800013da (0x00008d0d) c.sub   a0, a1
core   0: 3 0x800013da (0x8d0d) x10 0x800919bf
core   0: 0x800013dc (0x00001471) c.addi  s0, -4
core   0: 3 0x800013dc (0x1471) x8  0xfffffff6
core   0: 0x800013de (0x000098a6) c.add   a7, s1
core   0: 3 0x800013de (0x98a6) x17 0x7ff6d7b9
core   0: 0x800013e0 (0x00004b21) c.li    s6, 8
core   0: 3 0x800013e0 (0x4b21) x22 0x00000008
core   0: 0x800013e2 (0x00da11b3) sll     gp, s4, a3
core   0: 3 0x800013e2 (0x00da11b3) x3  0x00000000
core   0: 0x800013e6 (0x00005141) c.li    sp, -16
core   0: 3 0x800013e6 (0x5141) x2  0xfffffff0
core   0: 0x800013e8 (0x03a65fb3) divu    t6, a2, s10
core   0: 3 0x800013e8 (0x03a65fb3) x31 0xffffffff
core   0: 0x800013ec (0x0020c233) xor     tp, ra, sp
core   0: 3 0x800013ec (0x0020c233) x4  0xfffffff0
core   0: 0x800013f0 (0x00008646) c.mv    a2, a7
core   0: 3 0x800013f0 (0x8646) x12 0x7ff6d7b9
core   0: 0x800013f2 (0x005d7ab3) and     s5, s10, t0
core   0: 3 0x800013f2 (0x005d7ab3) x21 0x00000000
core   0: 0x800013f6 (0x00001b69) c.addi  s6, -6
core   0: 3 0x800013f6 (0x1b69) x22 0x00000002
core   0: 0x800013f8 (0x0023c033) xor     zero, t2, sp
core   0: 3 0x800013f8 (0x0023c033)
core   0: 0x800013fc (0xfe2b16e3) bne     s6, sp, pc - 20
core   0: 3 0x800013fc (0xfe2b16e3)
core   0: 0x800013e8 (0x03a65fb3) divu    t6, a2, s10
core   0: 3 0x800013e8 (0x03a65fb3) x31 0xffffffff
core   0: 0x800013ec (0x0020c233) xor     tp, ra, sp
core   0: 3 0x800013ec (0x0020c233) x4  0xfffffff0
core   0: 0x800013f0 (0x00008646) c.mv    a2, a7
core   0: 3 0x800013f0 (0x8646) x12 0x7ff6d7b9
core   0: 0x800013f2 (0x005d7ab3) and     s5, s10, t0
core   0: 3 0x800013f2 (0x005d7ab3) x21 0x00000000
core   0: 0x800013f6 (0x00001b69) c.addi  s6, -6
core   0: 3 0x800013f6 (0x1b69) x22 0xfffffffc
core   0: 0x800013f8 (0x0023c033) xor     zero, t2, sp
core   0: 3 0x800013f8 (0x0023c033)
core   0: 0x800013fc (0xfe2b16e3) bne     s6, sp, pc - 20
core   0: 3 0x800013fc (0xfe2b16e3)
core   0: 0x800013e8 (0x03a65fb3) divu    t6, a2, s10
core   0: 3 0x800013e8 (0x03a65fb3) x31 0xffffffff
core   0: 0x800013ec (0x0020c233) xor     tp, ra, sp
core   0: 3 0x800013ec (0x0020c233) x4  0xfffffff0
core   0: 0x800013f0 (0x00008646) c.mv    a2, a7
core   0: 3 0x800013f0 (0x8646) x12 0x7ff6d7b9
core   0: 0x800013f2 (0x005d7ab3) and     s5, s10, t0
core   0: 3 0x800013f2 (0x005d7ab3) x21 0x00000000
core   0: 0x800013f6 (0x00001b69) c.addi  s6, -6
core   0: 3 0x800013f6 (0x1b69) x22 0xfffffff6
core   0: 0x800013f8 (0x0023c033) xor     zero, t2, sp
core   0: 3 0x800013f8 (0x0023c033)
core   0: 0x800013fc (0xfe2b16e3) bne     s6, sp, pc - 20
core   0: 3 0x800013fc (0xfe2b16e3)
core   0: 0x800013e8 (0x03a65fb3) divu    t6, a2, s10
core   0: 3 0x800013e8 (0x03a65fb3) x31 0xffffffff
core   0: 0x800013ec (0x0020c233) xor     tp, ra, sp
core   0: 3 0x800013ec (0x0020c233) x4  0xfffffff0
core   0: 0x800013f0 (0x00008646) c.mv    a2, a7
core   0: 3 0x800013f0 (0x8646) x12 0x7ff6d7b9
core   0: 0x800013f2 (0x005d7ab3) and     s5, s10, t0
core   0: 3 0x800013f2 (0x005d7ab3) x21 0x00000000
core   0: 0x800013f6 (0x00001b69) c.addi  s6, -6
core   0: 3 0x800013f6 (0x1b69) x22 0xfffffff0
core   0: 0x800013f8 (0x0023c033) xor     zero, t2, sp
core   0: 3 0x800013f8 (0x0023c033)
core   0: 0x800013fc (0xfe2b16e3) bne     s6, sp, pc - 20
core   0: 3 0x800013fc (0xfe2b16e3)
core   0: 0x80001400 (0x02482933) mulhsu  s2, a6, tp
core   0: 3 0x80001400 (0x02482933) x18 0x5b4bc1c0
core   0: 0x80001404 (0xfdd457e3) bge     s0, t4, pc - 50
core   0: 3 0x80001404 (0xfdd457e3)
core   0: 0x80001408 (0x00000001) c.nop
core   0: 3 0x80001408 (0x0001)
core   0: 0x8000140a (0x0000f197) auipc   gp, 0xf
core   0: 3 0x8000140a (0x0000f197) x3  0x8001040a
core   0: 0x8000140e (0x49218193) addi    gp, gp, 1170
core   0: 3 0x8000140e (0x49218193) x3  0x8001089c
core   0: 0x80001412 (0x00008d95) c.sub   a1, a3
core   0: 3 0x80001412 (0x8d95) x11 0xfffc5c1a
core   0: 0x80001414 (0x000000ce) c.slli  ra, 19
core   0: 3 0x80001414 (0x00ce) x1  0x00000000
core   0: 0x80001416 (0x024210b3) mulh    ra, tp, tp
core   0: 3 0x80001416 (0x024210b3) x1  0x00000000
core   0: 0x8000141a (0x06119b23) sh      ra, 118(gp)
core   0: 3 0x8000141a (0x06119b23) mem 0x80010912 0x0000
core   0: 0x8000141e (0x03e18583) lb      a1, 62(gp)
core   0: 3 0x8000141e (0x03e18583) x11 0x00000000 mem 0x800108da
core   0: 0x80001422 (0xf301d683) lhu     a3, -208(gp)
core   0: 3 0x80001422 (0xf301d683) x13 0x00000000 mem 0x800107cc
core   0: 0x80001426 (0xf49189a3) sb      s1, -173(gp)
core   0: 3 0x80001426 (0xf49189a3) mem 0x800107ef 0x25
core   0: 0x8000142a (0x4de5c093) xori    ra, a1, 1246
core   0: 3 0x8000142a (0x4de5c093) x1  0x000004de
core   0: 0x8000142e (0x01f1c203) lbu     tp, 31(gp)
core   0: 3 0x8000142e (0x01f1c203) x4  0x00000000 mem 0x800108bb
core   0: 0x80001432 (0x00000001) c.nop
core   0: 3 0x80001432 (0x0001)
core   0: 0x80001434 (0x024245b3) div     a1, tp, tp
core   0: 3 0x80001434 (0x024245b3) x11 0xffffffff
core   0: 0x80001438 (0xe534c493) xori    s1, s1, -429
core   0: 3 0x80001438 (0xe534c493) x9  0x8001d576
core   0: 0x8000143c (0x0000022a) c.slli  tp, 10
core   0: 3 0x8000143c (0x022a) x4  0x00000000
core   0: 0x8000143e (0x00008aa5) c.andi  a3, 9
core   0: 3 0x8000143e (0x8aa5) x13 0x00000000
core   0: 0x80001440 (0x405255b3) sra     a1, tp, t0
core   0: 3 0x80001440 (0x405255b3) x11 0x00000000
core   0: 0x80001444 (0x00d5a6b3) slt     a3, a1, a3
core   0: 3 0x80001444 (0x00d5a6b3) x13 0x00000000
core   0: 0x80001448 (0xfe9189a3) sb      s1, -13(gp)
core   0: 3 0x80001448 (0xfe9189a3) mem 0x8001088f 0x76
core   0: 0x8000144c (0x0f019203) lh      tp, 240(gp)
core   0: 3 0x8000144c (0x0f019203) x4  0x00000000 mem 0x8001098c
core   0: 0x80001450 (0xf04189a3) sb      tp, -237(gp)
core   0: 3 0x80001450 (0xf04189a3) mem 0x800107af 0x00
core   0: 0x80001454 (0x0290e6b3) rem     a3, ra, s1
core   0: 3 0x80001454 (0x0290e6b3) x13 0x000004de
core   0: 0x80001458 (0x03d18583) lb      a1, 61(gp)
core   0: 3 0x80001458 (0x03d18583) x11 0x00000000 mem 0x800108d9
core   0: 0x8000145c (0x00008592) c.mv    a1, tp
core   0: 3 0x8000145c (0x8592) x11 0x00000000
core   0: 0x8000145e (0x02518123) sb      t0, 34(gp)
core   0: 3 0x8000145e (0x02518123) mem 0x800108be 0xff
core   0: 0x80001462 (0x02419083) lh      ra, 36(gp)
core   0: 3 0x80001462 (0x02419083) x1  0x00000000 mem 0x800108c0
core   0: 0x80001466 (0x0b718683) lb      a3, 183(gp)
core   0: 3 0x80001466 (0x0b718683) x13 0x00000000 mem 0x80010953
core   0: 0x8000146a (0x021256b3) divu    a3, tp, ra
core   0: 3 0x8000146a (0x021256b3) x13 0xffffffff
core   0: 0x8000146e (0x025204b3) mul     s1, tp, t0
core   0: 3 0x8000146e (0x025204b3) x9  0x00000000
core   0: 0x80001472 (0xf331c683) lbu     a3, -205(gp)
core   0: 3 0x80001472 (0xf331c683) x13 0x00000000 mem 0x800107cf
core   0: 0x80001476 (0xf641d583) lhu     a1, -156(gp)
core   0: 3 0x80001476 (0xf641d583) x11 0x00000000 mem 0x80010800
core   0: 0x8000147a (0x09818683) lb      a3, 152(gp)
core   0: 3 0x8000147a (0x09818683) x13 0x00000000 mem 0x80010934
core   0: 0x8000147e (0x0be1c483) lbu     s1, 190(gp)
core   0: 3 0x8000147e (0x0be1c483) x9  0x00000000 mem 0x8001095a
core   0: 0x80001482 (0xf8b18583) lb      a1, -117(gp)
core   0: 3 0x80001482 (0xf8b18583) x11 0x00000000 mem 0x80010827
core   0: 0x80001486 (0xfed1c283) lbu     t0, -19(gp)
core   0: 3 0x80001486 (0xfed1c283) x5  0x00000000 mem 0x80010889
core   0: 0x8000148a (0x40d6d0b3) sra     ra, a3, a3
core   0: 3 0x8000148a (0x40d6d0b3) x1  0x00000000
core   0: 0x8000148e (0xff91c683) lbu     a3, -7(gp)
core   0: 3 0x8000148e (0xff91c683) x13 0x00000000 mem 0x80010895
core   0: 0x80001492 (0x0b71c683) lbu     a3, 183(gp)
core   0: 3 0x80001492 (0x0b71c683) x13 0x00000000 mem 0x80010953
core   0: 0x80001496 (0xf981c483) lbu     s1, -104(gp)
core   0: 3 0x80001496 (0xf981c483) x9  0x00000000 mem 0x80010834
core   0: 0x8000149a (0xfa219583) lh      a1, -94(gp)
core   0: 3 0x8000149a (0xfa219583) x11 0x00000000 mem 0x8001083e
core   0: 0x8000149e (0x0af18083) lb      ra, 175(gp)
core   0: 3 0x8000149e (0x0af18083) x1  0x00000000 mem 0x8001094b
core   0: 0x800014a2 (0x000056fd) c.li    a3, -1
core   0: 3 0x800014a2 (0x56fd) x13 0xffffffff
core   0: 0x800014a4 (0x05c1d683) lhu     a3, 92(gp)
core   0: 3 0x800014a4 (0x05c1d683) x13 0x00000000 mem 0x800108f8
core   0: 0x800014a8 (0x00008dcd) c.or    a1, a1
core   0: 3 0x800014a8 (0x8dcd) x11 0x00000000
core   0: 0x800014aa (0x00008e85) c.sub   a3, s1
core   0: 3 0x800014aa (0x8e85) x13 0x00000000
core   0: 0x800014ac (0x000002be) c.slli  t0, 15
core   0: 3 0x800014ac (0x02be) x5  0x00000000
core   0: 0x800014ae (0x001235b3) sltu    a1, tp, ra
core   0: 3 0x800014ae (0x001235b3) x11 0x00000000
core   0: 0x800014b2 (0x00d4f5b3) and     a1, s1, a3
core   0: 3 0x800014b2 (0x00d4f5b3) x11 0x00000000
core   0: 0x800014b6 (0xbee9a697) auipc   a3, 0xbee9a
core   0: 3 0x800014b6 (0xbee9a697) x13 0x3ee9b4b6
core   0: 0x800014ba (0xf631c283) lbu     t0, -157(gp)
core   0: 3 0x800014ba (0xf631c283) x5  0x00000000 mem 0x800107ff
core   0: 0x800014be (0xf775f593) andi    a1, a1, -137
core   0: 3 0x800014be (0xf775f593) x11 0x00000000
core   0: 0x800014c2 (0x00008dcd) c.or    a1, a1
core   0: 3 0x800014c2 (0x8dcd) x11 0x00000000
core   0: 0x800014c4 (0xfab19723) sh      a1, -82(gp)
core   0: 3 0x800014c4 (0xfab19723) mem 0x8001084a 0x0000
core   0: 0x800014c8 (0x41a0d593) srai    a1, ra, 26
core   0: 3 0x800014c8 (0x41a0d593) x11 0x00000000
core   0: 0x800014cc (0x0e518ca3) sb      t0, 249(gp)
core   0: 3 0x800014cc (0x0e518ca3) mem 0x80010995 0x00
core   0: 0x800014d0 (0x01321593) slli    a1, tp, 19
core   0: 3 0x800014d0 (0x01321593) x11 0x00000000
core   0: 0x800014d4 (0x465be697) auipc   a3, 0x465be
core   0: 3 0x800014d4 (0x465be697) x13 0xc65bf4d4
core   0: 0x800014d8 (0xfc418ca3) sb      tp, -39(gp)
core   0: 3 0x800014d8 (0xfc418ca3) mem 0x80010875 0x00
core   0: 0x800014dc (0x00008c8d) c.sub   s1, a1
core   0: 3 0x800014dc (0x8c8d) x9  0x00000000
core   0: 0x800014de (0xfe118ba3) sb      ra, -9(gp)
core   0: 3 0x800014de (0xfe118ba3) mem 0x80010893 0x00
core   0: 0x800014e2 (0x01269093) slli    ra, a3, 18
core   0: 3 0x800014e2 (0x01269093) x1  0xd3500000
core   0: 0x800014e6 (0xf2d181a3) sb      a3, -221(gp)
core   0: 3 0x800014e6 (0xf2d181a3) mem 0x800107bf 0xd4
core   0: 0x800014ea (0x00016497) auipc   s1, 0x16
core   0: 3 0x800014ea (0x00016497) x9  0x800174ea
core   0: 0x800014ee (0xf0848493) addi    s1, s1, -248
core   0: 3 0x800014ee (0xf0848493) x9  0x800173f2
core   0: 0x800014f2 (0x07a4cb03) lbu     s6, 122(s1)
core   0: 3 0x800014f2 (0x07a4cb03) x22 0x00000000 mem 0x8001746c
core   0: 0x800014f6 (0x06d49d23) sh      a3, 122(s1)
core   0: 3 0x800014f6 (0x06d49d23) mem 0x8001746c 0xf4d4
core   0: 0x800014fa (0x0064a683) lw      a3, 6(s1)
core   0: 3 0x800014fa (0x0064a683) x13 0x00000000 mem 0x800173f8
core   0: 0x800014fe (0x0064ad03) lw      s10, 6(s1)
core   0: 3 0x800014fe (0x0064ad03) x26 0x00000000 mem 0x800173f8
core   0: 0x80001502 (0x00649583) lh      a1, 6(s1)
core   0: 3 0x80001502 (0x00649583) x11 0x00000000 mem 0x800173f8
core   0: 0x80001506 (0x0064cc83) lbu     s9, 6(s1)
core   0: 3 0x80001506 (0x0064cc83) x25 0x00000000 mem 0x800173f8
core   0: 0x8000150a (0x0134a323) sw      s3, 6(s1)
core   0: 3 0x8000150a (0x0134a323) mem 0x800173f8 0x80029d24
core   0: 0x8000150e (0xf4f48ba3) sb      a5, -169(s1)
core   0: 3 0x8000150e (0xf4f48ba3) mem 0x80017349 0xf7
core   0: 0x80001512 (0x00008129) c.srli  a0, 10
core   0: 3 0x80001512 (0x8129) x10 0x00200246
core   0: 0x80001514 (0x0ca4ac03) lw      s8, 202(s1)
core   0: 3 0x80001514 (0x0ca4ac03) x24 0x00000000 mem 0x800174bc
core   0: 0x80001518 (0x0cf4c683) lbu     a3, 207(s1)
core   0: 3 0x80001518 (0x0cf4c683) x13 0x00000000 mem 0x800174c1
core   0: 0x8000151c (0x000c6c33) or      s8, s8, zero
core   0: 3 0x8000151c (0x000c6c33) x24 0x00000000
core   0: 0x80001520 (0xf2a49083) lh      ra, -214(s1)
core   0: 3 0x80001520 (0xf2a49083) x1  0x00000000 mem 0x8001731c
core   0: 0x80001524 (0xf2a4c503) lbu     a0, -214(s1)
core   0: 3 0x80001524 (0xf2a4c503) x10 0x00000000 mem 0x8001731c
core   0: 0x80001528 (0xf7c4c883) lbu     a7, -132(s1)
core   0: 3 0x80001528 (0xf7c4c883) x17 0x00000000 mem 0x8001736e
core   0: 0x8000152c (0xf7c48883) lb      a7, -132(s1)
core   0: 3 0x8000152c (0xf7c48883) x17 0x00000000 mem 0x8001736e
core   0: 0x80001530 (0x000089d5) c.andi  a1, 21
core   0: 3 0x80001530 (0x89d5) x11 0x00000000
core   0: 0x80001532 (0xf7c49103) lh      sp, -132(s1)
core   0: 3 0x80001532 (0xf7c49103) x2  0x00000000 mem 0x8001736e
core   0: 0x80001536 (0x0000f117) auipc   sp, 0xf
core   0: 3 0x80001536 (0x0000f117) x2  0x80010536
core   0: 0x8000153a (0x07f10113) addi    sp, sp, 127
core   0: 3 0x8000153a (0x07f10113) x2  0x800105b5
core   0: 0x8000153e (0xff511603) lh      a2, -11(sp)
core   0: 3 0x8000153e (0xff511603) x12 0x00000000 mem 0x800105aa
core   0: 0x80001542 (0xff514183) lbu     gp, -11(sp)
core   0: 3 0x80001542 (0xff514183) x3  0x00000000 mem 0x800105aa
core   0: 0x80001546 (0xff610e23) sb      s6, -4(sp)
core   0: 3 0x80001546 (0xff610e23) mem 0x800105b1 0x00
core   0: 0x8000154a (0x00810623) sb      s0, 12(sp)
core   0: 3 0x8000154a (0x00810623) mem 0x800105c1 0xf6
core   0: 0x8000154e (0x00c14503) lbu     a0, 12(sp)
core   0: 3 0x8000154e (0x00c14503) x10 0x000000f6 mem 0x800105c1
core   0: 0x80001552 (0x00c14903) lbu     s2, 12(sp)
core   0: 3 0x80001552 (0x00c14903) x18 0x000000f6 mem 0x800105c1
core   0: 0x80001556 (0x039be233) rem     tp, s7, s9
core   0: 3 0x80001556 (0x039be233) x4  0x00000000
core   0: 0x8000155a (0x5db94a13) xori    s4, s2, 1499
core   0: 3 0x8000155a (0x5db94a13) x20 0x0000052d
core   0: 0x8000155e (0x00c14083) lbu     ra, 12(sp)
core   0: 3 0x8000155e (0x00c14083) x1  0x000000f6 mem 0x800105c1
core   0: 0x80001562 (0xff314303) lbu     t1, -13(sp)
core   0: 3 0x80001562 (0xff314303) x6  0x00000000 mem 0x800105a8
core   0: 0x80001566 (0x01a13733) sltu    a4, sp, s10
core   0: 3 0x80001566 (0x01a13733) x14 0x00000000
core   0: 0x8000156a (0xfee129a3) sw      a4, -13(sp)
core   0: 3 0x8000156a (0xfee129a3) mem 0x800105a8 0x00000000
core   0: 0x8000156e (0xff312003) lw      zero, -13(sp)
core   0: 3 0x8000156e (0xff312003) mem 0x800105a8
core   0: 0x80001572 (0xff315b83) lhu     s7, -13(sp)
core   0: 3 0x80001572 (0xff315b83) x23 0x00000000 mem 0x800105a8
core   0: 0x80001576 (0xfe3119a3) sh      gp, -13(sp)
core   0: 3 0x80001576 (0xfe3119a3) mem 0x800105a8 0x0000
core   0: 0x8000157a (0xff310003) lb      zero, -13(sp)
core   0: 3 0x8000157a (0xff310003) mem 0x800105a8
core   0: 0x8000157e (0x0000547d) c.li    s0, -1
core   0: 3 0x8000157e (0x547d) x8  0xffffffff
core   0: 0x80001580 (0x01884233) xor     tp, a6, s8
core   0: 3 0x80001580 (0x01884233) x4  0x5b4bc1c6
core   0: 0x80001584 (0x00000001) c.nop
core   0: 3 0x80001584 (0x0001)
core   0: 0x80001586 (0x4028da13) srai    s4, a7, 2
core   0: 3 0x80001586 (0x4028da13) x20 0x00000000
core   0: 0x8000158a (0x00000001) c.nop
core   0: 3 0x8000158a (0x0001)
core   0: 0x8000158c (0x00c0b533) sltu    a0, ra, a2
core   0: 3 0x8000158c (0x00c0b533) x10 0x00000000
core   0: 0x80001590 (0x00008ca6) c.mv    s9, s1
core   0: 3 0x80001590 (0x8ca6) x25 0x800173f2
core   0: 0x80001592 (0x00ff3db3) sltu    s11, t5, a5
core   0: 3 0x80001592 (0x00ff3db3) x27 0x00000000
core   0: 0x80001596 (0x01169e13) slli    t3, a3, 17
core   0: 3 0x80001596 (0x01169e13) x28 0x00000000
core   0: 0x8000159a (0x00004c51) c.li    s8, 20
core   0: 3 0x8000159a (0x4c51) x24 0x00000014
core   0: 0x8000159c (0x01ab35b3) sltu    a1, s6, s10
core   0: 3 0x8000159c (0x01ab35b3) x11 0x00000000
core   0: 0x800015a0 (0xc1fd6493) ori     s1, s10, -993
core   0: 3 0x800015a0 (0xc1fd6493) x9  0xfffffc1f
core   0: 0x800015a4 (0x00006d39) c.lui   s10, 0xe
core   0: 3 0x800015a4 (0x6d39) x26 0x0000e000
core   0: 0x800015a6 (0x000098fd) c.andi  s1, -1
core   0: 3 0x800015a6 (0x98fd) x9  0xfffffc1f
core   0: 0x800015a8 (0x40820cb3) sub     s9, tp, s0
core   0: 3 0x800015a8 (0x40820cb3) x25 0x5b4bc1c7
core   0: 0x800015ac (0x7da2b213) sltiu   tp, t0, 2010
core   0: 3 0x800015ac (0x7da2b213) x4  0x00000001
core   0: 0x800015b0 (0x00c560b3) or      ra, a0, a2
core   0: 3 0x800015b0 (0x00c560b3) x1  0x00000000
core   0: 0x800015b4 (0x00000409) c.addi  s0, 2
core   0: 3 0x800015b4 (0x0409) x8  0x00000001
core   0: 0x800015b6 (0x000042a1) c.li    t0, 8
core   0: 3 0x800015b6 (0x42a1) x5  0x00000008
core   0: 0x800015b8 (0x00945d13) srli    s10, s0, 9
core   0: 3 0x800015b8 (0x00945d13) x26 0x00000000
core   0: 0x800015bc (0x0000418d) c.li    gp, 3
core   0: 3 0x800015bc (0x418d) x3  0x00000003
core   0: 0x800015be (0x03562a33) mulhsu  s4, a2, s5
core   0: 3 0x800015be (0x03562a33) x20 0x00000000
core   0: 0x800015c2 (0x024afdb3) remu    s11, s5, tp
core   0: 3 0x800015c2 (0x024afdb3) x27 0x00000000
core   0: 0x800015c6 (0x0000024e) c.slli  tp, 19
core   0: 3 0x800015c6 (0x024e) x4  0x00080000
core   0: 0x800015c8 (0x00008dfd) c.and   a1, a5
core   0: 3 0x800015c8 (0x8dfd) x11 0x00000000
core   0: 0x800015ca (0x03eb7633) remu    a2, s6, t5
core   0: 3 0x800015ca (0x03eb7633) x12 0x00000000
core   0: 0x800015ce (0x000012f9) c.addi  t0, -2
core   0: 3 0x800015ce (0x12f9) x5  0x00000006
core   0: 0x800015d0 (0x01026b33) or      s6, tp, a6
core   0: 3 0x800015d0 (0x01026b33) x22 0x5b4bc1c6
core   0: 0x800015d4 (0x00000fcd) c.addi  t6, 19
core   0: 3 0x800015d4 (0x0fcd) x31 0x00000012
core   0: 0x800015d6 (0xfe32f9e3) bgeu    t0, gp, pc - 14
core   0: 3 0x800015d6 (0xfe32f9e3)
core   0: 0x800015c8 (0x00008dfd) c.and   a1, a5
core   0: 3 0x800015c8 (0x8dfd) x11 0x00000000
core   0: 0x800015ca (0x03eb7633) remu    a2, s6, t5
core   0: 3 0x800015ca (0x03eb7633) x12 0x5b4bc1c6
core   0: 0x800015ce (0x000012f9) c.addi  t0, -2
core   0: 3 0x800015ce (0x12f9) x5  0x00000004
core   0: 0x800015d0 (0x01026b33) or      s6, tp, a6
core   0: 3 0x800015d0 (0x01026b33) x22 0x5b4bc1c6
core   0: 0x800015d4 (0x00000fcd) c.addi  t6, 19
core   0: 3 0x800015d4 (0x0fcd) x31 0x00000025
core   0: 0x800015d6 (0xfe32f9e3) bgeu    t0, gp, pc - 14
core   0: 3 0x800015d6 (0xfe32f9e3)
core   0: 0x800015c8 (0x00008dfd) c.and   a1, a5
core   0: 3 0x800015c8 (0x8dfd) x11 0x00000000
core   0: 0x800015ca (0x03eb7633) remu    a2, s6, t5
core   0: 3 0x800015ca (0x03eb7633) x12 0x5b4bc1c6
core   0: 0x800015ce (0x000012f9) c.addi  t0, -2
core   0: 3 0x800015ce (0x12f9) x5  0x00000002
core   0: 0x800015d0 (0x01026b33) or      s6, tp, a6
core   0: 3 0x800015d0 (0x01026b33) x22 0x5b4bc1c6
core   0: 0x800015d4 (0x00000fcd) c.addi  t6, 19
core   0: 3 0x800015d4 (0x0fcd) x31 0x00000038
core   0: 0x800015d6 (0xfe32f9e3) bgeu    t0, gp, pc - 14
core   0: 3 0x800015d6 (0xfe32f9e3)
core   0: 0x800015da (0x00006149) c.addi16sp sp, 144
core   0: 3 0x800015da (0x6149) x2  0x80010645
core   0: 0x800015dc (0x41920d33) sub     s10, tp, s9
core   0: 3 0x800015dc (0x41920d33) x26 0xa4bc3e39
core   0: 0x800015e0 (0xfd8444e3) blt     s0, s8, pc - 56
core   0: 3 0x800015e0 (0xfd8444e3)
core   0: 0x800015a8 (0x40820cb3) sub     s9, tp, s0
core   0: 3 0x800015a8 (0x40820cb3) x25 0x0007ffff
core   0: 0x800015ac (0x7da2b213) sltiu   tp, t0, 2010
core   0: 3 0x800015ac (0x7da2b213) x4  0x00000001
core   0: 0x800015b0 (0x00c560b3) or      ra, a0, a2
core   0: 3 0x800015b0 (0x00c560b3) x1  0x5b4bc1c6
core   0: 0x800015b4 (0x00000409) c.addi  s0, 2
core   0: 3 0x800015b4 (0x0409) x8  0x00000003
core   0: 0x800015b6 (0x000042a1) c.li    t0, 8
core   0: 3 0x800015b6 (0x42a1) x5  0x00000008
core   0: 0x800015b8 (0x00945d13) srli    s10, s0, 9
core   0: 3 0x800015b8 (0x00945d13) x26 0x00000000
core   0: 0x800015bc (0x0000418d) c.li    gp, 3
core   0: 3 0x800015bc (0x418d) x3  0x00000003
core   0: 0x800015be (0x03562a33) mulhsu  s4, a2, s5
core   0: 3 0x800015be (0x03562a33) x20 0x00000000
core   0: 0x800015c2 (0x024afdb3) remu    s11, s5, tp
core   0: 3 0x800015c2 (0x024afdb3) x27 0x00000000
core   0: 0x800015c6 (0x0000024e) c.slli  tp, 19
core   0: 3 0x800015c6 (0x024e) x4  0x00080000
core   0: 0x800015c8 (0x00008dfd) c.and   a1, a5
core   0: 3 0x800015c8 (0x8dfd) x11 0x00000000
core   0: 0x800015ca (0x03eb7633) remu    a2, s6, t5
core   0: 3 0x800015ca (0x03eb7633) x12 0x5b4bc1c6
core   0: 0x800015ce (0x000012f9) c.addi  t0, -2
core   0: 3 0x800015ce (0x12f9) x5  0x00000006
core   0: 0x800015d0 (0x01026b33) or      s6, tp, a6
core   0: 3 0x800015d0 (0x01026b33) x22 0x5b4bc1c6
core   0: 0x800015d4 (0x00000fcd) c.addi  t6, 19
core   0: 3 0x800015d4 (0x0fcd) x31 0x0000004b
core   0: 0x800015d6 (0xfe32f9e3) bgeu    t0, gp, pc - 14
core   0: 3 0x800015d6 (0xfe32f9e3)
core   0: 0x800015c8 (0x00008dfd) c.and   a1, a5
core   0: 3 0x800015c8 (0x8dfd) x11 0x00000000
core   0: 0x800015ca (0x03eb7633) remu    a2, s6, t5
core   0: 3 0x800015ca (0x03eb7633) x12 0x5b4bc1c6
core   0: 0x800015ce (0x000012f9) c.addi  t0, -2
core   0: 3 0x800015ce (0x12f9) x5  0x00000004
core   0: 0x800015d0 (0x01026b33) or      s6, tp, a6
core   0: 3 0x800015d0 (0x01026b33) x22 0x5b4bc1c6
core   0: 0x800015d4 (0x00000fcd) c.addi  t6, 19
core   0: 3 0x800015d4 (0x0fcd) x31 0x0000005e
core   0: 0x800015d6 (0xfe32f9e3) bgeu    t0, gp, pc - 14
core   0: 3 0x800015d6 (0xfe32f9e3)
core   0: 0x800015c8 (0x00008dfd) c.and   a1, a5
core   0: 3 0x800015c8 (0x8dfd) x11 0x00000000
core   0: 0x800015ca (0x03eb7633) remu    a2, s6, t5
core   0: 3 0x800015ca (0x03eb7633) x12 0x5b4bc1c6
core   0: 0x800015ce (0x000012f9) c.addi  t0, -2
core   0: 3 0x800015ce (0x12f9) x5  0x00000002
core   0: 0x800015d0 (0x01026b33) or      s6, tp, a6
core   0: 3 0x800015d0 (0x01026b33) x22 0x5b4bc1c6
core   0: 0x800015d4 (0x00000fcd) c.addi  t6, 19
core   0: 3 0x800015d4 (0x0fcd) x31 0x00000071
core   0: 0x800015d6 (0xfe32f9e3) bgeu    t0, gp, pc - 14
core   0: 3 0x800015d6 (0xfe32f9e3)
core   0: 0x800015da (0x00006149) c.addi16sp sp, 144
core   0: 3 0x800015da (0x6149) x2  0x800106d5
core   0: 0x800015dc (0x41920d33) sub     s10, tp, s9
core   0: 3 0x800015dc (0x41920d33) x26 0x00000001
core   0: 0x800015e0 (0xfd8444e3) blt     s0, s8, pc - 56
core   0: 3 0x800015e0 (0xfd8444e3)
core   0: 0x800015a8 (0x40820cb3) sub     s9, tp, s0
core   0: 3 0x800015a8 (0x40820cb3) x25 0x0007fffd
core   0: 0x800015ac (0x7da2b213) sltiu   tp, t0, 2010
core   0: 3 0x800015ac (0x7da2b213) x4  0x00000001
core   0: 0x800015b0 (0x00c560b3) or      ra, a0, a2
core   0: 3 0x800015b0 (0x00c560b3) x1  0x5b4bc1c6
core   0: 0x800015b4 (0x00000409) c.addi  s0, 2
core   0: 3 0x800015b4 (0x0409) x8  0x00000005
core   0: 0x800015b6 (0x000042a1) c.li    t0, 8
core   0: 3 0x800015b6 (0x42a1) x5  0x00000008
core   0: 0x800015b8 (0x00945d13) srli    s10, s0, 9
core   0: 3 0x800015b8 (0x00945d13) x26 0x00000000
core   0: 0x800015bc (0x0000418d) c.li    gp, 3
core   0: 3 0x800015bc (0x418d) x3  0x00000003
core   0: 0x800015be (0x03562a33) mulhsu  s4, a2, s5
core   0: 3 0x800015be (0x03562a33) x20 0x00000000
core   0: 0x800015c2 (0x024afdb3) remu    s11, s5, tp
core   0: 3 0x800015c2 (0x024afdb3) x27 0x00000000
core   0: 0x800015c6 (0x0000024e) c.slli  tp, 19
core   0: 3 0x800015c6 (0x024e) x4  0x00080000
core   0: 0x800015c8 (0x00008dfd) c.and   a1, a5
core   0: 3 0x800015c8 (0x8dfd) x11 0x00000000
core   0: 0x800015ca (0x03eb7633) remu    a2, s6, t5
core   0: 3 0x800015ca (0x03eb7633) x12 0x5b4bc1c6
core   0: 0x800015ce (0x000012f9) c.addi  t0, -2
core   0: 3 0x800015ce (0x12f9) x5  0x00000006
core   0: 0x800015d0 (0x01026b33) or      s6, tp, a6
core   0: 3 0x800015d0 (0x01026b33) x22 0x5b4bc1c6
core   0: 0x800015d4 (0x00000fcd) c.addi  t6, 19
core   0: 3 0x800015d4 (0x0fcd) x31 0x00000084
core   0: 0x800015d6 (0xfe32f9e3) bgeu    t0, gp, pc - 14
core   0: 3 0x800015d6 (0xfe32f9e3)
core   0: 0x800015c8 (0x00008dfd) c.and   a1, a5
core   0: 3 0x800015c8 (0x8dfd) x11 0x00000000
core   0: 0x800015ca (0x03eb7633) remu    a2, s6, t5
core   0: 3 0x800015ca (0x03eb7633) x12 0x5b4bc1c6
core   0: 0x800015ce (0x000012f9) c.addi  t0, -2
core   0: 3 0x800015ce (0x12f9) x5  0x00000004
core   0: 0x800015d0 (0x01026b33) or      s6, tp, a6
core   0: 3 0x800015d0 (0x01026b33) x22 0x5b4bc1c6
core   0: 0x800015d4 (0x00000fcd) c.addi  t6, 19
core   0: 3 0x800015d4 (0x0fcd) x31 0x00000097
core   0: 0x800015d6 (0xfe32f9e3) bgeu    t0, gp, pc - 14
core   0: 3 0x800015d6 (0xfe32f9e3)
core   0: 0x800015c8 (0x00008dfd) c.and   a1, a5
core   0: 3 0x800015c8 (0x8dfd) x11 0x00000000
core   0: 0x800015ca (0x03eb7633) remu    a2, s6, t5
core   0: 3 0x800015ca (0x03eb7633) x12 0x5b4bc1c6
core   0: 0x800015ce (0x000012f9) c.addi  t0, -2
core   0: 3 0x800015ce (0x12f9) x5  0x00000002
core   0: 0x800015d0 (0x01026b33) or      s6, tp, a6
core   0: 3 0x800015d0 (0x01026b33) x22 0x5b4bc1c6
core   0: 0x800015d4 (0x00000fcd) c.addi  t6, 19
core   0: 3 0x800015d4 (0x0fcd) x31 0x000000aa
core   0: 0x800015d6 (0xfe32f9e3) bgeu    t0, gp, pc - 14
core   0: 3 0x800015d6 (0xfe32f9e3)
core   0: 0x800015da (0x00006149) c.addi16sp sp, 144
core   0: 3 0x800015da (0x6149) x2  0x80010765
core   0: 0x800015dc (0x41920d33) sub     s10, tp, s9
core   0: 3 0x800015dc (0x41920d33) x26 0x00000003
core   0: 0x800015e0 (0xfd8444e3) blt     s0, s8, pc - 56
core   0: 3 0x800015e0 (0xfd8444e3)
core   0: 0x800015a8 (0x40820cb3) sub     s9, tp, s0
core   0: 3 0x800015a8 (0x40820cb3) x25 0x0007fffb
core   0: 0x800015ac (0x7da2b213) sltiu   tp, t0, 2010
core   0: 3 0x800015ac (0x7da2b213) x4  0x00000001
core   0: 0x800015b0 (0x00c560b3) or      ra, a0, a2
core   0: 3 0x800015b0 (0x00c560b3) x1  0x5b4bc1c6
core   0: 0x800015b4 (0x00000409) c.addi  s0, 2
core   0: 3 0x800015b4 (0x0409) x8  0x00000007
core   0: 0x800015b6 (0x000042a1) c.li    t0, 8
core   0: 3 0x800015b6 (0x42a1) x5  0x00000008
core   0: 0x800015b8 (0x00945d13) srli    s10, s0, 9
core   0: 3 0x800015b8 (0x00945d13) x26 0x00000000
core   0: 0x800015bc (0x0000418d) c.li    gp, 3
core   0: 3 0x800015bc (0x418d) x3  0x00000003
core   0: 0x800015be (0x03562a33) mulhsu  s4, a2, s5
core   0: 3 0x800015be (0x03562a33) x20 0x00000000
core   0: 0x800015c2 (0x024afdb3) remu    s11, s5, tp
core   0: 3 0x800015c2 (0x024afdb3) x27 0x00000000
core   0: 0x800015c6 (0x0000024e) c.slli  tp, 19
core   0: 3 0x800015c6 (0x024e) x4  0x00080000
core   0: 0x800015c8 (0x00008dfd) c.and   a1, a5
core   0: 3 0x800015c8 (0x8dfd) x11 0x00000000
core   0: 0x800015ca (0x03eb7633) remu    a2, s6, t5
core   0: 3 0x800015ca (0x03eb7633) x12 0x5b4bc1c6
core   0: 0x800015ce (0x000012f9) c.addi  t0, -2
core   0: 3 0x800015ce (0x12f9) x5  0x00000006
core   0: 0x800015d0 (0x01026b33) or      s6, tp, a6
core   0: 3 0x800015d0 (0x01026b33) x22 0x5b4bc1c6
core   0: 0x800015d4 (0x00000fcd) c.addi  t6, 19
core   0: 3 0x800015d4 (0x0fcd) x31 0x000000bd
core   0: 0x800015d6 (0xfe32f9e3) bgeu    t0, gp, pc - 14
core   0: 3 0x800015d6 (0xfe32f9e3)
core   0: 0x800015c8 (0x00008dfd) c.and   a1, a5
core   0: 3 0x800015c8 (0x8dfd) x11 0x00000000
core   0: 0x800015ca (0x03eb7633) remu    a2, s6, t5
core   0: 3 0x800015ca (0x03eb7633) x12 0x5b4bc1c6
core   0: 0x800015ce (0x000012f9) c.addi  t0, -2
core   0: 3 0x800015ce (0x12f9) x5  0x00000004
core   0: 0x800015d0 (0x01026b33) or      s6, tp, a6
core   0: 3 0x800015d0 (0x01026b33) x22 0x5b4bc1c6
core   0: 0x800015d4 (0x00000fcd) c.addi  t6, 19
core   0: 3 0x800015d4 (0x0fcd) x31 0x000000d0
core   0: 0x800015d6 (0xfe32f9e3) bgeu    t0, gp, pc - 14
core   0: 3 0x800015d6 (0xfe32f9e3)
core   0: 0x800015c8 (0x00008dfd) c.and   a1, a5
core   0: 3 0x800015c8 (0x8dfd) x11 0x00000000
core   0: 0x800015ca (0x03eb7633) remu    a2, s6, t5
core   0: 3 0x800015ca (0x03eb7633) x12 0x5b4bc1c6
core   0: 0x800015ce (0x000012f9) c.addi  t0, -2
core   0: 3 0x800015ce (0x12f9) x5  0x00000002
core   0: 0x800015d0 (0x01026b33) or      s6, tp, a6
core   0: 3 0x800015d0 (0x01026b33) x22 0x5b4bc1c6
core   0: 0x800015d4 (0x00000fcd) c.addi  t6, 19
core   0: 3 0x800015d4 (0x0fcd) x31 0x000000e3
core   0: 0x800015d6 (0xfe32f9e3) bgeu    t0, gp, pc - 14
core   0: 3 0x800015d6 (0xfe32f9e3)
core   0: 0x800015da (0x00006149) c.addi16sp sp, 144
core   0: 3 0x800015da (0x6149) x2  0x800107f5
core   0: 0x800015dc (0x41920d33) sub     s10, tp, s9
core   0: 3 0x800015dc (0x41920d33) x26 0x00000005
core   0: 0x800015e0 (0xfd8444e3) blt     s0, s8, pc - 56
core   0: 3 0x800015e0 (0xfd8444e3)
core   0: 0x800015a8 (0x40820cb3) sub     s9, tp, s0
core   0: 3 0x800015a8 (0x40820cb3) x25 0x0007fff9
core   0: 0x800015ac (0x7da2b213) sltiu   tp, t0, 2010
core   0: 3 0x800015ac (0x7da2b213) x4  0x00000001
core   0: 0x800015b0 (0x00c560b3) or      ra, a0, a2
core   0: 3 0x800015b0 (0x00c560b3) x1  0x5b4bc1c6
core   0: 0x800015b4 (0x00000409) c.addi  s0, 2
core   0: 3 0x800015b4 (0x0409) x8  0x00000009
core   0: 0x800015b6 (0x000042a1) c.li    t0, 8
core   0: 3 0x800015b6 (0x42a1) x5  0x00000008
core   0: 0x800015b8 (0x00945d13) srli    s10, s0, 9
core   0: 3 0x800015b8 (0x00945d13) x26 0x00000000
core   0: 0x800015bc (0x0000418d) c.li    gp, 3
core   0: 3 0x800015bc (0x418d) x3  0x00000003
core   0: 0x800015be (0x03562a33) mulhsu  s4, a2, s5
core   0: 3 0x800015be (0x03562a33) x20 0x00000000
core   0: 0x800015c2 (0x024afdb3) remu    s11, s5, tp
core   0: 3 0x800015c2 (0x024afdb3) x27 0x00000000
core   0: 0x800015c6 (0x0000024e) c.slli  tp, 19
core   0: 3 0x800015c6 (0x024e) x4  0x00080000
core   0: 0x800015c8 (0x00008dfd) c.and   a1, a5
core   0: 3 0x800015c8 (0x8dfd) x11 0x00000000
core   0: 0x800015ca (0x03eb7633) remu    a2, s6, t5
core   0: 3 0x800015ca (0x03eb7633) x12 0x5b4bc1c6
core   0: 0x800015ce (0x000012f9) c.addi  t0, -2
core   0: 3 0x800015ce (0x12f9) x5  0x00000006
core   0: 0x800015d0 (0x01026b33) or      s6, tp, a6
core   0: 3 0x800015d0 (0x01026b33) x22 0x5b4bc1c6
core   0: 0x800015d4 (0x00000fcd) c.addi  t6, 19
core   0: 3 0x800015d4 (0x0fcd) x31 0x000000f6
core   0: 0x800015d6 (0xfe32f9e3) bgeu    t0, gp, pc - 14
core   0: 3 0x800015d6 (0xfe32f9e3)
core   0: 0x800015c8 (0x00008dfd) c.and   a1, a5
core   0: 3 0x800015c8 (0x8dfd) x11 0x00000000
core   0: 0x800015ca (0x03eb7633) remu    a2, s6, t5
core   0: 3 0x800015ca (0x03eb7633) x12 0x5b4bc1c6
core   0: 0x800015ce (0x000012f9) c.addi  t0, -2
core   0: 3 0x800015ce (0x12f9) x5  0x00000004
core   0: 0x800015d0 (0x01026b33) or      s6, tp, a6
core   0: 3 0x800015d0 (0x01026b33) x22 0x5b4bc1c6
core   0: 0x800015d4 (0x00000fcd) c.addi  t6, 19
core   0: 3 0x800015d4 (0x0fcd) x31 0x00000109
core   0: 0x800015d6 (0xfe32f9e3) bgeu    t0, gp, pc - 14
core   0: 3 0x800015d6 (0xfe32f9e3)
core   0: 0x800015c8 (0x00008dfd) c.and   a1, a5
core   0: 3 0x800015c8 (0x8dfd) x11 0x00000000
core   0: 0x800015ca (0x03eb7633) remu    a2, s6, t5
core   0: 3 0x800015ca (0x03eb7633) x12 0x5b4bc1c6
core   0: 0x800015ce (0x000012f9) c.addi  t0, -2
core   0: 3 0x800015ce (0x12f9) x5  0x00000002
core   0: 0x800015d0 (0x01026b33) or      s6, tp, a6
core   0: 3 0x800015d0 (0x01026b33) x22 0x5b4bc1c6
core   0: 0x800015d4 (0x00000fcd) c.addi  t6, 19
core   0: 3 0x800015d4 (0x0fcd) x31 0x0000011c
core   0: 0x800015d6 (0xfe32f9e3) bgeu    t0, gp, pc - 14
core   0: 3 0x800015d6 (0xfe32f9e3)
core   0: 0x800015da (0x00006149) c.addi16sp sp, 144
core   0: 3 0x800015da (0x6149) x2  0x80010885
core   0: 0x800015dc (0x41920d33) sub     s10, tp, s9
core   0: 3 0x800015dc (0x41920d33) x26 0x00000007
core   0: 0x800015e0 (0xfd8444e3) blt     s0, s8, pc - 56
core   0: 3 0x800015e0 (0xfd8444e3)
core   0: 0x800015a8 (0x40820cb3) sub     s9, tp, s0
core   0: 3 0x800015a8 (0x40820cb3) x25 0x0007fff7
core   0: 0x800015ac (0x7da2b213) sltiu   tp, t0, 2010
core   0: 3 0x800015ac (0x7da2b213) x4  0x00000001
core   0: 0x800015b0 (0x00c560b3) or      ra, a0, a2
core   0: 3 0x800015b0 (0x00c560b3) x1  0x5b4bc1c6
core   0: 0x800015b4 (0x00000409) c.addi  s0, 2
core   0: 3 0x800015b4 (0x0409) x8  0x0000000b
core   0: 0x800015b6 (0x000042a1) c.li    t0, 8
core   0: 3 0x800015b6 (0x42a1) x5  0x00000008
core   0: 0x800015b8 (0x00945d13) srli    s10, s0, 9
core   0: 3 0x800015b8 (0x00945d13) x26 0x00000000
core   0: 0x800015bc (0x0000418d) c.li    gp, 3
core   0: 3 0x800015bc (0x418d) x3  0x00000003
core   0: 0x800015be (0x03562a33) mulhsu  s4, a2, s5
core   0: 3 0x800015be (0x03562a33) x20 0x00000000
core   0: 0x800015c2 (0x024afdb3) remu    s11, s5, tp
core   0: 3 0x800015c2 (0x024afdb3) x27 0x00000000
core   0: 0x800015c6 (0x0000024e) c.slli  tp, 19
core   0: 3 0x800015c6 (0x024e) x4  0x00080000
core   0: 0x800015c8 (0x00008dfd) c.and   a1, a5
core   0: 3 0x800015c8 (0x8dfd) x11 0x00000000
core   0: 0x800015ca (0x03eb7633) remu    a2, s6, t5
core   0: 3 0x800015ca (0x03eb7633) x12 0x5b4bc1c6
core   0: 0x800015ce (0x000012f9) c.addi  t0, -2
core   0: 3 0x800015ce (0x12f9) x5  0x00000006
core   0: 0x800015d0 (0x01026b33) or      s6, tp, a6
core   0: 3 0x800015d0 (0x01026b33) x22 0x5b4bc1c6
core   0: 0x800015d4 (0x00000fcd) c.addi  t6, 19
core   0: 3 0x800015d4 (0x0fcd) x31 0x0000012f
core   0: 0x800015d6 (0xfe32f9e3) bgeu    t0, gp, pc - 14
core   0: 3 0x800015d6 (0xfe32f9e3)
core   0: 0x800015c8 (0x00008dfd) c.and   a1, a5
core   0: 3 0x800015c8 (0x8dfd) x11 0x00000000
core   0: 0x800015ca (0x03eb7633) remu    a2, s6, t5
core   0: 3 0x800015ca (0x03eb7633) x12 0x5b4bc1c6
core   0: 0x800015ce (0x000012f9) c.addi  t0, -2
core   0: 3 0x800015ce (0x12f9) x5  0x00000004
core   0: 0x800015d0 (0x01026b33) or      s6, tp, a6
core   0: 3 0x800015d0 (0x01026b33) x22 0x5b4bc1c6
core   0: 0x800015d4 (0x00000fcd) c.addi  t6, 19
core   0: 3 0x800015d4 (0x0fcd) x31 0x00000142
core   0: 0x800015d6 (0xfe32f9e3) bgeu    t0, gp, pc - 14
core   0: 3 0x800015d6 (0xfe32f9e3)
core   0: 0x800015c8 (0x00008dfd) c.and   a1, a5
core   0: 3 0x800015c8 (0x8dfd) x11 0x00000000
core   0: 0x800015ca (0x03eb7633) remu    a2, s6, t5
core   0: 3 0x800015ca (0x03eb7633) x12 0x5b4bc1c6
core   0: 0x800015ce (0x000012f9) c.addi  t0, -2
core   0: 3 0x800015ce (0x12f9) x5  0x00000002
core   0: 0x800015d0 (0x01026b33) or      s6, tp, a6
core   0: 3 0x800015d0 (0x01026b33) x22 0x5b4bc1c6
core   0: 0x800015d4 (0x00000fcd) c.addi  t6, 19
core   0: 3 0x800015d4 (0x0fcd) x31 0x00000155
core   0: 0x800015d6 (0xfe32f9e3) bgeu    t0, gp, pc - 14
core   0: 3 0x800015d6 (0xfe32f9e3)
core   0: 0x800015da (0x00006149) c.addi16sp sp, 144
core   0: 3 0x800015da (0x6149) x2  0x80010915
core   0: 0x800015dc (0x41920d33) sub     s10, tp, s9
core   0: 3 0x800015dc (0x41920d33) x26 0x00000009
core   0: 0x800015e0 (0xfd8444e3) blt     s0, s8, pc - 56
core   0: 3 0x800015e0 (0xfd8444e3)
core   0: 0x800015a8 (0x40820cb3) sub     s9, tp, s0
core   0: 3 0x800015a8 (0x40820cb3) x25 0x0007fff5
core   0: 0x800015ac (0x7da2b213) sltiu   tp, t0, 2010
core   0: 3 0x800015ac (0x7da2b213) x4  0x00000001
core   0: 0x800015b0 (0x00c560b3) or      ra, a0, a2
core   0: 3 0x800015b0 (0x00c560b3) x1  0x5b4bc1c6
core   0: 0x800015b4 (0x00000409) c.addi  s0, 2
core   0: 3 0x800015b4 (0x0409) x8  0x0000000d
core   0: 0x800015b6 (0x000042a1) c.li    t0, 8
core   0: 3 0x800015b6 (0x42a1) x5  0x00000008
core   0: 0x800015b8 (0x00945d13) srli    s10, s0, 9
core   0: 3 0x800015b8 (0x00945d13) x26 0x00000000
core   0: 0x800015bc (0x0000418d) c.li    gp, 3
core   0: 3 0x800015bc (0x418d) x3  0x00000003
core   0: 0x800015be (0x03562a33) mulhsu  s4, a2, s5
core   0: 3 0x800015be (0x03562a33) x20 0x00000000
core   0: 0x800015c2 (0x024afdb3) remu    s11, s5, tp
core   0: 3 0x800015c2 (0x024afdb3) x27 0x00000000
core   0: 0x800015c6 (0x0000024e) c.slli  tp, 19
core   0: 3 0x800015c6 (0x024e) x4  0x00080000
core   0: 0x800015c8 (0x00008dfd) c.and   a1, a5
core   0: 3 0x800015c8 (0x8dfd) x11 0x00000000
core   0: 0x800015ca (0x03eb7633) remu    a2, s6, t5
core   0: 3 0x800015ca (0x03eb7633) x12 0x5b4bc1c6
core   0: 0x800015ce (0x000012f9) c.addi  t0, -2
core   0: 3 0x800015ce (0x12f9) x5  0x00000006
core   0: 0x800015d0 (0x01026b33) or      s6, tp, a6
core   0: 3 0x800015d0 (0x01026b33) x22 0x5b4bc1c6
core   0: 0x800015d4 (0x00000fcd) c.addi  t6, 19
core   0: 3 0x800015d4 (0x0fcd) x31 0x00000168
core   0: 0x800015d6 (0xfe32f9e3) bgeu    t0, gp, pc - 14
core   0: 3 0x800015d6 (0xfe32f9e3)
core   0: 0x800015c8 (0x00008dfd) c.and   a1, a5
core   0: 3 0x800015c8 (0x8dfd) x11 0x00000000
core   0: 0x800015ca (0x03eb7633) remu    a2, s6, t5
core   0: 3 0x800015ca (0x03eb7633) x12 0x5b4bc1c6
core   0: 0x800015ce (0x000012f9) c.addi  t0, -2
core   0: 3 0x800015ce (0x12f9) x5  0x00000004
core   0: 0x800015d0 (0x01026b33) or      s6, tp, a6
core   0: 3 0x800015d0 (0x01026b33) x22 0x5b4bc1c6
core   0: 0x800015d4 (0x00000fcd) c.addi  t6, 19
core   0: 3 0x800015d4 (0x0fcd) x31 0x0000017b
core   0: 0x800015d6 (0xfe32f9e3) bgeu    t0, gp, pc - 14
core   0: 3 0x800015d6 (0xfe32f9e3)
core   0: 0x800015c8 (0x00008dfd) c.and   a1, a5
core   0: 3 0x800015c8 (0x8dfd) x11 0x00000000
core   0: 0x800015ca (0x03eb7633) remu    a2, s6, t5
core   0: 3 0x800015ca (0x03eb7633) x12 0x5b4bc1c6
core   0: 0x800015ce (0x000012f9) c.addi  t0, -2
core   0: 3 0x800015ce (0x12f9) x5  0x00000002
core   0: 0x800015d0 (0x01026b33) or      s6, tp, a6
core   0: 3 0x800015d0 (0x01026b33) x22 0x5b4bc1c6
core   0: 0x800015d4 (0x00000fcd) c.addi  t6, 19
core   0: 3 0x800015d4 (0x0fcd) x31 0x0000018e
core   0: 0x800015d6 (0xfe32f9e3) bgeu    t0, gp, pc - 14
core   0: 3 0x800015d6 (0xfe32f9e3)
core   0: 0x800015da (0x00006149) c.addi16sp sp, 144
core   0: 3 0x800015da (0x6149) x2  0x800109a5
core   0: 0x800015dc (0x41920d33) sub     s10, tp, s9
core   0: 3 0x800015dc (0x41920d33) x26 0x0000000b
core   0: 0x800015e0 (0xfd8444e3) blt     s0, s8, pc - 56
core   0: 3 0x800015e0 (0xfd8444e3)
core   0: 0x800015a8 (0x40820cb3) sub     s9, tp, s0
core   0: 3 0x800015a8 (0x40820cb3) x25 0x0007fff3
core   0: 0x800015ac (0x7da2b213) sltiu   tp, t0, 2010
core   0: 3 0x800015ac (0x7da2b213) x4  0x00000001
core   0: 0x800015b0 (0x00c560b3) or      ra, a0, a2
core   0: 3 0x800015b0 (0x00c560b3) x1  0x5b4bc1c6
core   0: 0x800015b4 (0x00000409) c.addi  s0, 2
core   0: 3 0x800015b4 (0x0409) x8  0x0000000f
core   0: 0x800015b6 (0x000042a1) c.li    t0, 8
core   0: 3 0x800015b6 (0x42a1) x5  0x00000008
core   0: 0x800015b8 (0x00945d13) srli    s10, s0, 9
core   0: 3 0x800015b8 (0x00945d13) x26 0x00000000
core   0: 0x800015bc (0x0000418d) c.li    gp, 3
core   0: 3 0x800015bc (0x418d) x3  0x00000003
core   0: 0x800015be (0x03562a33) mulhsu  s4, a2, s5
core   0: 3 0x800015be (0x03562a33) x20 0x00000000
core   0: 0x800015c2 (0x024afdb3) remu    s11, s5, tp
core   0: 3 0x800015c2 (0x024afdb3) x27 0x00000000
core   0: 0x800015c6 (0x0000024e) c.slli  tp, 19
core   0: 3 0x800015c6 (0x024e) x4  0x00080000
core   0: 0x800015c8 (0x00008dfd) c.and   a1, a5
core   0: 3 0x800015c8 (0x8dfd) x11 0x00000000
core   0: 0x800015ca (0x03eb7633) remu    a2, s6, t5
core   0: 3 0x800015ca (0x03eb7633) x12 0x5b4bc1c6
core   0: 0x800015ce (0x000012f9) c.addi  t0, -2
core   0: 3 0x800015ce (0x12f9) x5  0x00000006
core   0: 0x800015d0 (0x01026b33) or      s6, tp, a6
core   0: 3 0x800015d0 (0x01026b33) x22 0x5b4bc1c6
core   0: 0x800015d4 (0x00000fcd) c.addi  t6, 19
core   0: 3 0x800015d4 (0x0fcd) x31 0x000001a1
core   0: 0x800015d6 (0xfe32f9e3) bgeu    t0, gp, pc - 14
core   0: 3 0x800015d6 (0xfe32f9e3)
core   0: 0x800015c8 (0x00008dfd) c.and   a1, a5
core   0: 3 0x800015c8 (0x8dfd) x11 0x00000000
core   0: 0x800015ca (0x03eb7633) remu    a2, s6, t5
core   0: 3 0x800015ca (0x03eb7633) x12 0x5b4bc1c6
core   0: 0x800015ce (0x000012f9) c.addi  t0, -2
core   0: 3 0x800015ce (0x12f9) x5  0x00000004
core   0: 0x800015d0 (0x01026b33) or      s6, tp, a6
core   0: 3 0x800015d0 (0x01026b33) x22 0x5b4bc1c6
core   0: 0x800015d4 (0x00000fcd) c.addi  t6, 19
core   0: 3 0x800015d4 (0x0fcd) x31 0x000001b4
core   0: 0x800015d6 (0xfe32f9e3) bgeu    t0, gp, pc - 14
core   0: 3 0x800015d6 (0xfe32f9e3)
core   0: 0x800015c8 (0x00008dfd) c.and   a1, a5
core   0: 3 0x800015c8 (0x8dfd) x11 0x00000000
core   0: 0x800015ca (0x03eb7633) remu    a2, s6, t5
core   0: 3 0x800015ca (0x03eb7633) x12 0x5b4bc1c6
core   0: 0x800015ce (0x000012f9) c.addi  t0, -2
core   0: 3 0x800015ce (0x12f9) x5  0x00000002
core   0: 0x800015d0 (0x01026b33) or      s6, tp, a6
core   0: 3 0x800015d0 (0x01026b33) x22 0x5b4bc1c6
core   0: 0x800015d4 (0x00000fcd) c.addi  t6, 19
core   0: 3 0x800015d4 (0x0fcd) x31 0x000001c7
core   0: 0x800015d6 (0xfe32f9e3) bgeu    t0, gp, pc - 14
core   0: 3 0x800015d6 (0xfe32f9e3)
core   0: 0x800015da (0x00006149) c.addi16sp sp, 144
core   0: 3 0x800015da (0x6149) x2  0x80010a35
core   0: 0x800015dc (0x41920d33) sub     s10, tp, s9
core   0: 3 0x800015dc (0x41920d33) x26 0x0000000d
core   0: 0x800015e0 (0xfd8444e3) blt     s0, s8, pc - 56
core   0: 3 0x800015e0 (0xfd8444e3)
core   0: 0x800015a8 (0x40820cb3) sub     s9, tp, s0
core   0: 3 0x800015a8 (0x40820cb3) x25 0x0007fff1
core   0: 0x800015ac (0x7da2b213) sltiu   tp, t0, 2010
core   0: 3 0x800015ac (0x7da2b213) x4  0x00000001
core   0: 0x800015b0 (0x00c560b3) or      ra, a0, a2
core   0: 3 0x800015b0 (0x00c560b3) x1  0x5b4bc1c6
core   0: 0x800015b4 (0x00000409) c.addi  s0, 2
core   0: 3 0x800015b4 (0x0409) x8  0x00000011
core   0: 0x800015b6 (0x000042a1) c.li    t0, 8
core   0: 3 0x800015b6 (0x42a1) x5  0x00000008
core   0: 0x800015b8 (0x00945d13) srli    s10, s0, 9
core   0: 3 0x800015b8 (0x00945d13) x26 0x00000000
core   0: 0x800015bc (0x0000418d) c.li    gp, 3
core   0: 3 0x800015bc (0x418d) x3  0x00000003
core   0: 0x800015be (0x03562a33) mulhsu  s4, a2, s5
core   0: 3 0x800015be (0x03562a33) x20 0x00000000
core   0: 0x800015c2 (0x024afdb3) remu    s11, s5, tp
core   0: 3 0x800015c2 (0x024afdb3) x27 0x00000000
core   0: 0x800015c6 (0x0000024e) c.slli  tp, 19
core   0: 3 0x800015c6 (0x024e) x4  0x00080000
core   0: 0x800015c8 (0x00008dfd) c.and   a1, a5
core   0: 3 0x800015c8 (0x8dfd) x11 0x00000000
core   0: 0x800015ca (0x03eb7633) remu    a2, s6, t5
core   0: 3 0x800015ca (0x03eb7633) x12 0x5b4bc1c6
core   0: 0x800015ce (0x000012f9) c.addi  t0, -2
core   0: 3 0x800015ce (0x12f9) x5  0x00000006
core   0: 0x800015d0 (0x01026b33) or      s6, tp, a6
core   0: 3 0x800015d0 (0x01026b33) x22 0x5b4bc1c6
core   0: 0x800015d4 (0x00000fcd) c.addi  t6, 19
core   0: 3 0x800015d4 (0x0fcd) x31 0x000001da
core   0: 0x800015d6 (0xfe32f9e3) bgeu    t0, gp, pc - 14
core   0: 3 0x800015d6 (0xfe32f9e3)
core   0: 0x800015c8 (0x00008dfd) c.and   a1, a5
core   0: 3 0x800015c8 (0x8dfd) x11 0x00000000
core   0: 0x800015ca (0x03eb7633) remu    a2, s6, t5
core   0: 3 0x800015ca (0x03eb7633) x12 0x5b4bc1c6
core   0: 0x800015ce (0x000012f9) c.addi  t0, -2
core   0: 3 0x800015ce (0x12f9) x5  0x00000004
core   0: 0x800015d0 (0x01026b33) or      s6, tp, a6
core   0: 3 0x800015d0 (0x01026b33) x22 0x5b4bc1c6
core   0: 0x800015d4 (0x00000fcd) c.addi  t6, 19
core   0: 3 0x800015d4 (0x0fcd) x31 0x000001ed
core   0: 0x800015d6 (0xfe32f9e3) bgeu    t0, gp, pc - 14
core   0: 3 0x800015d6 (0xfe32f9e3)
core   0: 0x800015c8 (0x00008dfd) c.and   a1, a5
core   0: 3 0x800015c8 (0x8dfd) x11 0x00000000
core   0: 0x800015ca (0x03eb7633) remu    a2, s6, t5
core   0: 3 0x800015ca (0x03eb7633) x12 0x5b4bc1c6
core   0: 0x800015ce (0x000012f9) c.addi  t0, -2
core   0: 3 0x800015ce (0x12f9) x5  0x00000002
core   0: 0x800015d0 (0x01026b33) or      s6, tp, a6
core   0: 3 0x800015d0 (0x01026b33) x22 0x5b4bc1c6
core   0: 0x800015d4 (0x00000fcd) c.addi  t6, 19
core   0: 3 0x800015d4 (0x0fcd) x31 0x00000200
core   0: 0x800015d6 (0xfe32f9e3) bgeu    t0, gp, pc - 14
core   0: 3 0x800015d6 (0xfe32f9e3)
core   0: 0x800015da (0x00006149) c.addi16sp sp, 144
core   0: 3 0x800015da (0x6149) x2  0x80010ac5
core   0: 0x800015dc (0x41920d33) sub     s10, tp, s9
core   0: 3 0x800015dc (0x41920d33) x26 0x0000000f
core   0: 0x800015e0 (0xfd8444e3) blt     s0, s8, pc - 56
core   0: 3 0x800015e0 (0xfd8444e3)
core   0: 0x800015a8 (0x40820cb3) sub     s9, tp, s0
core   0: 3 0x800015a8 (0x40820cb3) x25 0x0007ffef
core   0: 0x800015ac (0x7da2b213) sltiu   tp, t0, 2010
core   0: 3 0x800015ac (0x7da2b213) x4  0x00000001
core   0: 0x800015b0 (0x00c560b3) or      ra, a0, a2
core   0: 3 0x800015b0 (0x00c560b3) x1  0x5b4bc1c6
core   0: 0x800015b4 (0x00000409) c.addi  s0, 2
core   0: 3 0x800015b4 (0x0409) x8  0x00000013
core   0: 0x800015b6 (0x000042a1) c.li    t0, 8
core   0: 3 0x800015b6 (0x42a1) x5  0x00000008
core   0: 0x800015b8 (0x00945d13) srli    s10, s0, 9
core   0: 3 0x800015b8 (0x00945d13) x26 0x00000000
core   0: 0x800015bc (0x0000418d) c.li    gp, 3
core   0: 3 0x800015bc (0x418d) x3  0x00000003
core   0: 0x800015be (0x03562a33) mulhsu  s4, a2, s5
core   0: 3 0x800015be (0x03562a33) x20 0x00000000
core   0: 0x800015c2 (0x024afdb3) remu    s11, s5, tp
core   0: 3 0x800015c2 (0x024afdb3) x27 0x00000000
core   0: 0x800015c6 (0x0000024e) c.slli  tp, 19
core   0: 3 0x800015c6 (0x024e) x4  0x00080000
core   0: 0x800015c8 (0x00008dfd) c.and   a1, a5
core   0: 3 0x800015c8 (0x8dfd) x11 0x00000000
core   0: 0x800015ca (0x03eb7633) remu    a2, s6, t5
core   0: 3 0x800015ca (0x03eb7633) x12 0x5b4bc1c6
core   0: 0x800015ce (0x000012f9) c.addi  t0, -2
core   0: 3 0x800015ce (0x12f9) x5  0x00000006
core   0: 0x800015d0 (0x01026b33) or      s6, tp, a6
core   0: 3 0x800015d0 (0x01026b33) x22 0x5b4bc1c6
core   0: 0x800015d4 (0x00000fcd) c.addi  t6, 19
core   0: 3 0x800015d4 (0x0fcd) x31 0x00000213
core   0: 0x800015d6 (0xfe32f9e3) bgeu    t0, gp, pc - 14
core   0: 3 0x800015d6 (0xfe32f9e3)
core   0: 0x800015c8 (0x00008dfd) c.and   a1, a5
core   0: 3 0x800015c8 (0x8dfd) x11 0x00000000
core   0: 0x800015ca (0x03eb7633) remu    a2, s6, t5
core   0: 3 0x800015ca (0x03eb7633) x12 0x5b4bc1c6
core   0: 0x800015ce (0x000012f9) c.addi  t0, -2
core   0: 3 0x800015ce (0x12f9) x5  0x00000004
core   0: 0x800015d0 (0x01026b33) or      s6, tp, a6
core   0: 3 0x800015d0 (0x01026b33) x22 0x5b4bc1c6
core   0: 0x800015d4 (0x00000fcd) c.addi  t6, 19
core   0: 3 0x800015d4 (0x0fcd) x31 0x00000226
core   0: 0x800015d6 (0xfe32f9e3) bgeu    t0, gp, pc - 14
core   0: 3 0x800015d6 (0xfe32f9e3)
core   0: 0x800015c8 (0x00008dfd) c.and   a1, a5
core   0: 3 0x800015c8 (0x8dfd) x11 0x00000000
core   0: 0x800015ca (0x03eb7633) remu    a2, s6, t5
core   0: 3 0x800015ca (0x03eb7633) x12 0x5b4bc1c6
core   0: 0x800015ce (0x000012f9) c.addi  t0, -2
core   0: 3 0x800015ce (0x12f9) x5  0x00000002
core   0: 0x800015d0 (0x01026b33) or      s6, tp, a6
core   0: 3 0x800015d0 (0x01026b33) x22 0x5b4bc1c6
core   0: 0x800015d4 (0x00000fcd) c.addi  t6, 19
core   0: 3 0x800015d4 (0x0fcd) x31 0x00000239
core   0: 0x800015d6 (0xfe32f9e3) bgeu    t0, gp, pc - 14
core   0: 3 0x800015d6 (0xfe32f9e3)
core   0: 0x800015da (0x00006149) c.addi16sp sp, 144
core   0: 3 0x800015da (0x6149) x2  0x80010b55
core   0: 0x800015dc (0x41920d33) sub     s10, tp, s9
core   0: 3 0x800015dc (0x41920d33) x26 0x00000011
core   0: 0x800015e0 (0xfd8444e3) blt     s0, s8, pc - 56
core   0: 3 0x800015e0 (0xfd8444e3)
core   0: 0x800015a8 (0x40820cb3) sub     s9, tp, s0
core   0: 3 0x800015a8 (0x40820cb3) x25 0x0007ffed
core   0: 0x800015ac (0x7da2b213) sltiu   tp, t0, 2010
core   0: 3 0x800015ac (0x7da2b213) x4  0x00000001
core   0: 0x800015b0 (0x00c560b3) or      ra, a0, a2
core   0: 3 0x800015b0 (0x00c560b3) x1  0x5b4bc1c6
core   0: 0x800015b4 (0x00000409) c.addi  s0, 2
core   0: 3 0x800015b4 (0x0409) x8  0x00000015
core   0: 0x800015b6 (0x000042a1) c.li    t0, 8
core   0: 3 0x800015b6 (0x42a1) x5  0x00000008
core   0: 0x800015b8 (0x00945d13) srli    s10, s0, 9
core   0: 3 0x800015b8 (0x00945d13) x26 0x00000000
core   0: 0x800015bc (0x0000418d) c.li    gp, 3
core   0: 3 0x800015bc (0x418d) x3  0x00000003
core   0: 0x800015be (0x03562a33) mulhsu  s4, a2, s5
core   0: 3 0x800015be (0x03562a33) x20 0x00000000
core   0: 0x800015c2 (0x024afdb3) remu    s11, s5, tp
core   0: 3 0x800015c2 (0x024afdb3) x27 0x00000000
core   0: 0x800015c6 (0x0000024e) c.slli  tp, 19
core   0: 3 0x800015c6 (0x024e) x4  0x00080000
core   0: 0x800015c8 (0x00008dfd) c.and   a1, a5
core   0: 3 0x800015c8 (0x8dfd) x11 0x00000000
core   0: 0x800015ca (0x03eb7633) remu    a2, s6, t5
core   0: 3 0x800015ca (0x03eb7633) x12 0x5b4bc1c6
core   0: 0x800015ce (0x000012f9) c.addi  t0, -2
core   0: 3 0x800015ce (0x12f9) x5  0x00000006
core   0: 0x800015d0 (0x01026b33) or      s6, tp, a6
core   0: 3 0x800015d0 (0x01026b33) x22 0x5b4bc1c6
core   0: 0x800015d4 (0x00000fcd) c.addi  t6, 19
core   0: 3 0x800015d4 (0x0fcd) x31 0x0000024c
core   0: 0x800015d6 (0xfe32f9e3) bgeu    t0, gp, pc - 14
core   0: 3 0x800015d6 (0xfe32f9e3)
core   0: 0x800015c8 (0x00008dfd) c.and   a1, a5
core   0: 3 0x800015c8 (0x8dfd) x11 0x00000000
core   0: 0x800015ca (0x03eb7633) remu    a2, s6, t5
core   0: 3 0x800015ca (0x03eb7633) x12 0x5b4bc1c6
core   0: 0x800015ce (0x000012f9) c.addi  t0, -2
core   0: 3 0x800015ce (0x12f9) x5  0x00000004
core   0: 0x800015d0 (0x01026b33) or      s6, tp, a6
core   0: 3 0x800015d0 (0x01026b33) x22 0x5b4bc1c6
core   0: 0x800015d4 (0x00000fcd) c.addi  t6, 19
core   0: 3 0x800015d4 (0x0fcd) x31 0x0000025f
core   0: 0x800015d6 (0xfe32f9e3) bgeu    t0, gp, pc - 14
core   0: 3 0x800015d6 (0xfe32f9e3)
core   0: 0x800015c8 (0x00008dfd) c.and   a1, a5
core   0: 3 0x800015c8 (0x8dfd) x11 0x00000000
core   0: 0x800015ca (0x03eb7633) remu    a2, s6, t5
core   0: 3 0x800015ca (0x03eb7633) x12 0x5b4bc1c6
core   0: 0x800015ce (0x000012f9) c.addi  t0, -2
core   0: 3 0x800015ce (0x12f9) x5  0x00000002
core   0: 0x800015d0 (0x01026b33) or      s6, tp, a6
core   0: 3 0x800015d0 (0x01026b33) x22 0x5b4bc1c6
core   0: 0x800015d4 (0x00000fcd) c.addi  t6, 19
core   0: 3 0x800015d4 (0x0fcd) x31 0x00000272
core   0: 0x800015d6 (0xfe32f9e3) bgeu    t0, gp, pc - 14
core   0: 3 0x800015d6 (0xfe32f9e3)
core   0: 0x800015da (0x00006149) c.addi16sp sp, 144
core   0: 3 0x800015da (0x6149) x2  0x80010be5
core   0: 0x800015dc (0x41920d33) sub     s10, tp, s9
core   0: 3 0x800015dc (0x41920d33) x26 0x00000013
core   0: 0x800015e0 (0xfd8444e3) blt     s0, s8, pc - 56
core   0: 3 0x800015e0 (0xfd8444e3)
core   0: 0x800015e4 (0x0250bcb3) mulhu   s9, ra, t0
core   0: 3 0x800015e4 (0x0250bcb3) x25 0x00000000
core   0: 0x800015e8 (0x0380036f) jal     t1, pc + 0x38
core   0: 3 0x800015e8 (0x0380036f) x6  0x800015ec
core   0: 0x80001620 (0xfe7ff36f) jal     t1, pc - 0x1a
core   0: 3 0x80001620 (0xfe7ff36f) x6  0x80001624
core   0: 0x80001606 (0x00003ff5) c.jal   pc - 4
core   0: 3 0x80001606 (0x3ff5) x1  0x80001608
core   0: 0x80001602 (0xffbff0ef) jal     pc - 0x6
core   0: 3 0x80001602 (0xffbff0ef) x1  0x80001606
core   0: 0x800015fc (0x00003fdd) c.jal   pc - 10
core   0: 3 0x800015fc (0x3fdd) x1  0x800015fe
core   0: 0x800015f2 (0x0000a821) c.j     pc + 24
core   0: 3 0x800015f2 (0xa821)
core   0: 0x8000160a (0x01200a6f) jal     s4, pc + 0x12
core   0: 3 0x8000160a (0x01200a6f) x20 0x8000160e
core   0: 0x8000161c (0x0000bfe9) c.j     pc - 38
core   0: 3 0x8000161c (0xbfe9)
core   0: 0x800015f6 (0x0000a03d) c.j     pc + 46
core   0: 3 0x800015f6 (0xa03d)
core   0: 0x80001624 (0x00003fd1) c.jal   pc - 44
core   0: 3 0x80001624 (0x3fd1) x1  0x80001626
core   0: 0x800015f8 (0x0160036f) jal     t1, pc + 0x16
core   0: 3 0x800015f8 (0x0160036f) x6  0x800015fc
core   0: 0x8000160e (0xfe1ff36f) jal     t1, pc - 0x20
core   0: 3 0x8000160e (0xfe1ff36f) x6  0x80001612
core   0: 0x800015ee (0x026000ef) jal     pc + 0x26
core   0: 3 0x800015ee (0x026000ef) x1  0x800015f2
core   0: 0x80001614 (0xfd9ff0ef) jal     pc - 0x28
core   0: 3 0x80001614 (0xfd9ff0ef) x1  0x80001618
core   0: 0x800015ec (0x0000a809) c.j     pc + 18
core   0: 3 0x800015ec (0xa809)
core   0: 0x800015fe (0x02000b6f) jal     s6, pc + 0x20
core   0: 3 0x800015fe (0x02000b6f) x22 0x80001602
core   0: 0x8000161e (0x0000a021) c.j     pc + 8
core   0: 3 0x8000161e (0xa021)
core   0: 0x80001626 (0xfcfff0ef) jal     pc - 0x32
core   0: 3 0x80001626 (0xfcfff0ef) x1  0x8000162a
core   0: 0x800015f4 (0x0000a811) c.j     pc + 20
core   0: 3 0x800015f4 (0xa811)
core   0: 0x80001608 (0x0000a029) c.j     pc + 10
core   0: 3 0x80001608 (0xa029)
core   0: 0x80001612 (0x00002019) c.jal   pc + 6
core   0: 3 0x80001612 (0x2019) x1  0x80001614
core   0: 0x80001618 (0x012000ef) jal     pc + 0x12
core   0: 3 0x80001618 (0x012000ef) x1  0x8000161c
core   0: 0x8000162a (0xb185ac17) auipc   s8, 0xb185a
core   0: 3 0x8000162a (0xb185ac17) x24 0x3185b62a
core   0: 0x8000162e (0x0380036f) jal     t1, pc + 0x38
core   0: 3 0x8000162e (0x0380036f) x6  0x80001632
core   0: 0x80001666 (0xfcdff0ef) jal     pc - 0x34
core   0: 3 0x80001666 (0xfcdff0ef) x1  0x8000166a
core   0: 0x80001632 (0x0080036f) jal     t1, pc + 0x8
core   0: 3 0x80001632 (0x0080036f) x6  0x80001636
core   0: 0x8000163a (0x00002839) c.jal   pc + 30
core   0: 3 0x8000163a (0x2839) x1  0x8000163c
core   0: 0x80001658 (0x0000b7f5) c.j     pc - 20
core   0: 3 0x80001658 (0xb7f5)
core   0: 0x80001644 (0x0100096f) jal     s2, pc + 0x10
core   0: 3 0x80001644 (0x0100096f) x18 0x80001648
core   0: 0x80001654 (0x00003fdd) c.jal   pc - 10
core   0: 3 0x80001654 (0x3fdd) x1  0x80001656
core   0: 0x8000164a (0x0000a801) c.j     pc + 16
core   0: 3 0x8000164a (0xa801)
core   0: 0x8000165a (0xff3ff0ef) jal     pc - 0xe
core   0: 3 0x8000165a (0xff3ff0ef) x1  0x8000165e
core   0: 0x8000164c (0x00002839) c.jal   pc + 30
core   0: 3 0x8000164c (0x2839) x1  0x8000164e
core   0: 0x8000166a (0x00003fc9) c.jal   pc - 46
core   0: 3 0x8000166a (0x3fc9) x1  0x8000166c
core   0: 0x8000163c (0x0000a01d) c.j     pc + 38
core   0: 3 0x8000163c (0xa01d)
core   0: 0x80001662 (0x00002009) c.jal   pc + 2
core   0: 3 0x80001662 (0x2009) x1  0x80001664
core   0: 0x80001664 (0x00003fed) c.jal   pc - 6
core   0: 3 0x80001664 (0x3fed) x1  0x80001666
core   0: 0x8000165e (0x0000b7c5) c.j     pc - 32
core   0: 3 0x8000165e (0xb7c5)
core   0: 0x8000163e (0x0000200d) c.jal   pc + 34
core   0: 3 0x8000163e (0x200d) x1  0x80001640
core   0: 0x80001660 (0x000037e5) c.jal   pc - 24
core   0: 3 0x80001660 (0x37e5) x1  0x80001662
core   0: 0x80001648 (0x00002039) c.jal   pc + 14
core   0: 3 0x80001648 (0x2039) x1  0x8000164a
core   0: 0x80001656 (0x00003fed) c.jal   pc - 6
core   0: 3 0x80001656 (0x3fed) x1  0x80001658
core   0: 0x80001650 (0xfe7ff0ef) jal     pc - 0x1a
core   0: 3 0x80001650 (0xfe7ff0ef) x1  0x80001654
core   0: 0x80001636 (0x0180036f) jal     t1, pc + 0x18
core   0: 3 0x80001636 (0x0180036f) x6  0x8000163a
core   0: 0x8000164e (0x0000a839) c.j     pc + 30
core   0: 3 0x8000164e (0xa839)
core   0: 0x8000166c (0xfd5ff0ef) jal     pc - 0x2c
core   0: 3 0x8000166c (0xfd5ff0ef) x1  0x80001670
core   0: 0x80001640 (0x030000ef) jal     pc + 0x30
core   0: 3 0x80001640 (0x030000ef) x1  0x80001644
core   0: 0x80001670 (0x44e8ffb7) lui     t6, 0x44e8f
core   0: 3 0x80001670 (0x44e8ffb7) x31 0x44e8f000
core   0: 0x80001674 (0x0000fd97) auipc   s11, 0xf
core   0: 3 0x80001674 (0x0000fd97) x27 0x80010674
core   0: 0x80001678 (0x5bad8d93) addi    s11, s11, 1466
core   0: 3 0x80001678 (0x5bad8d93) x27 0x80010c2e
core   0: 0x8000167c (0xea9dc283) lbu     t0, -343(s11)
core   0: 3 0x8000167c (0xea9dc283) x5  0x00000000 mem 0x80010ad7
core   0: 0x80001680 (0xa0e64313) xori    t1, a2, -1522
core   0: 3 0x80001680 (0xa0e64313) x6  0xa4b43bc8
core   0: 0x80001684 (0x352dde03) lhu     t3, 850(s11)
core   0: 3 0x80001684 (0x352dde03) x28 0x00000000 mem 0x80010f80
core   0: 0x80001688 (0x88bd8c23) sb      a1, -1896(s11)
core   0: 3 0x80001688 (0x88bd8c23) mem 0x800104c6 0x00
core   0: 0x8000168c (0xf25d8703) lb      a4, -219(s11)
core   0: 3 0x8000168c (0xf25d8703) x14 0x00000000 mem 0x80010b53
core   0: 0x80001690 (0xf2fd82a3) sb      a5, -219(s11)
core   0: 3 0x80001690 (0xf2fd82a3) mem 0x80010b53 0xf7
core   0: 0x80001694 (0xf25dce03) lbu     t3, -219(s11)
core   0: 3 0x80001694 (0xf25dce03) x28 0x000000f7 mem 0x80010b53
core   0: 0x80001698 (0xf25d8b83) lb      s7, -219(s11)
core   0: 3 0x80001698 (0xf25d8b83) x23 0xfffffff7 mem 0x80010b53
core   0: 0x8000169c (0x346d84a3) sb      t1, 841(s11)
core   0: 3 0x8000169c (0x346d84a3) mem 0x80010f77 0xc8
core   0: 0x800016a0 (0x02b74633) div     a2, a4, a1
core   0: 3 0x800016a0 (0x02b74633) x12 0xffffffff
core   0: 0x800016a4 (0x00008aa5) c.andi  a3, 9
core   0: 3 0x800016a4 (0x8aa5) x13 0x00000000
core   0: 0x800016a6 (0x00006e1d) c.lui   t3, 0x7
core   0: 3 0x800016a6 (0x6e1d) x28 0x00007000
core   0: 0x800016a8 (0x03cd93b3) mulh    t2, s11, t3
core   0: 3 0x800016a8 (0x03cd93b3) x7  0xffffc800
core   0: 0x800016ac (0x000083c1) c.srli  a5, 16
core   0: 3 0x800016ac (0x83c1) x15 0x00008001
core   0: 0x800016ae (0x87ed8683) lb      a3, -1922(s11)
core   0: 3 0x800016ae (0x87ed8683) x13 0x00000000 mem 0x800104ac
core   0: 0x800016b2 (0xe1ad8ba3) sb      s10, -489(s11)
core   0: 3 0x800016b2 (0xe1ad8ba3) mem 0x80010a45 0x13
core   0: 0x800016b6 (0xe17dcb83) lbu     s7, -489(s11)
core   0: 3 0x800016b6 (0xe17dcb83) x23 0x00000013 mem 0x80010a45
core   0: 0x800016ba (0x029c3433) mulhu   s0, s8, s1
core   0: 3 0x800016ba (0x029c3433) x8  0x3185b569
core   0: 0x800016be (0xfd6d9f83) lh      t6, -42(s11)
core   0: 3 0x800016be (0xfd6d9f83) x31 0x00000000 mem 0x80010c04
core   0: 0x800016c2 (0x00004b1d) c.li    s6, 7
core   0: 3 0x800016c2 (0x4b1d) x22 0x00000007
core   0: 0x800016c4 (0x00008d8d) c.sub   a1, a1
core   0: 3 0x800016c4 (0x8d8d) x11 0x00000000
core   0: 0x800016c6 (0x02eddfb3) divu    t6, s11, a4
core   0: 3 0x800016c6 (0x02eddfb3) x31 0xffffffff
core   0: 0x800016ca (0x419f82b3) sub     t0, t6, s9
core   0: 3 0x800016ca (0x419f82b3) x5  0xffffffff
core   0: 0x800016ce (0x413ad8b3) sra     a7, s5, s3
core   0: 3 0x800016ce (0x413ad8b3) x17 0x00000000
core   0: 0x800016d2 (0x00004c25) c.li    s8, 9
core   0: 3 0x800016d2 (0x4c25) x24 0x00000009
core   0: 0x800016d4 (0x266ae213) ori     tp, s5, 614
core   0: 3 0x800016d4 (0x266ae213) x4  0x00000266
core   0: 0x800016d8 (0x03c53eb3) mulhu   t4, a0, t3
core   0: 3 0x800016d8 (0x03c53eb3) x29 0x00000000
core   0: 0x800016dc (0x416f8733) sub     a4, t6, s6
core   0: 3 0x800016dc (0x416f8733) x14 0xfffffff8
core   0: 0x800016e0 (0x00000b15) c.addi  s6, 5
core   0: 3 0x800016e0 (0x0b15) x22 0x0000000c
core   0: 0x800016e2 (0xb41d3713) sltiu   a4, s10, -1215
core   0: 3 0x800016e2 (0xb41d3713) x14 0x00000001
core   0: 0x800016e6 (0x00004695) c.li    a3, 5
core   0: 3 0x800016e6 (0x4695) x13 0x00000005
core   0: 0x800016e8 (0x00000001) c.nop
core   0: 3 0x800016e8 (0x0001)
core   0: 0x800016ea (0x0000577d) c.li    a4, -1
core   0: 3 0x800016ea (0x577d) x14 0xffffffff
core   0: 0x800016ec (0x02e8cfb3) div     t6, a7, a4
core   0: 3 0x800016ec (0x02e8cfb3) x31 0x00000000
core   0: 0x800016f0 (0x000016ed) c.addi  a3, -5
core   0: 3 0x800016f0 (0x16ed) x13 0x00000000
core   0: 0x800016f2 (0x0000dee5) c.beqz  a3, pc - 8
core   0: 3 0x800016f2 (0xdee5)
core   0: 0x800016ea (0x0000577d) c.li    a4, -1
core   0: 3 0x800016ea (0x577d) x14 0xffffffff
core   0: 0x800016ec (0x02e8cfb3) div     t6, a7, a4
core   0: 3 0x800016ec (0x02e8cfb3) x31 0x00000000
core   0: 0x800016f0 (0x000016ed) c.addi  a3, -5
core   0: 3 0x800016f0 (0x16ed) x13 0xfffffffb
core   0: 0x800016f2 (0x0000dee5) c.beqz  a3, pc - 8
core   0: 3 0x800016f2 (0xdee5)
core   0: 0x800016f4 (0x02f67933) remu    s2, a2, a5
core   0: 3 0x800016f4 (0x02f67933) x18 0x00000003
core   0: 0x800016f8 (0x16d7ba13) sltiu   s4, a5, 365
core   0: 3 0x800016f8 (0x16d7ba13) x20 0x00000000
core   0: 0x800016fc (0xfd8b6ce3) bltu    s6, s8, pc - 40
core   0: 3 0x800016fc (0xfd8b6ce3)
core   0: 0x80001700 (0x027f4333) div     t1, t5, t2
core   0: 3 0x80001700 (0x027f4333) x6  0x00024919
core   0: 0x80001704 (0x0000f197) auipc   gp, 0xf
core   0: 3 0x80001704 (0x0000f197) x3  0x80010704
core   0: 0x80001708 (0x23c18193) addi    gp, gp, 572
core   0: 3 0x80001708 (0x23c18193) x3  0x80010940
core   0: 0x8000170c (0x0101cb03) lbu     s6, 16(gp)
core   0: 3 0x8000170c (0x0101cb03) x22 0x00000000 mem 0x80010950
core   0: 0x80001710 (0x00c1c883) lbu     a7, 12(gp)
core   0: 3 0x80001710 (0x00c1c883) x17 0x00000000 mem 0x8001094c
core   0: 0x80001714 (0x00518f83) lb      t6, 5(gp)
core   0: 3 0x80001714 (0x00518f83) x31 0x00000000 mem 0x80010945
core   0: 0x80001718 (0x01018583) lb      a1, 16(gp)
core   0: 3 0x80001718 (0x01018583) x11 0x00000000 mem 0x80010950
core   0: 0x8000171c (0x00004d3d) c.li    s10, 15
core   0: 3 0x8000171c (0x4d3d) x26 0x0000000f
core   0: 0x8000171e (0x00e19823) sh      a4, 16(gp)
core   0: 3 0x8000171e (0x00e19823) mem 0x80010950 0xffff
core   0: 0x80001722 (0xb5ab7e93) andi    t4, s6, -1190
core   0: 3 0x80001722 (0xb5ab7e93) x29 0x00000000
core   0: 0x80001726 (0xffc1a283) lw      t0, -4(gp)
core   0: 3 0x80001726 (0xffc1a283) x5  0x00000000 mem 0x8001093c
core   0: 0x8000172a (0xffa1c603) lbu     a2, -6(gp)
core   0: 3 0x8000172a (0xffa1c603) x12 0x00000000 mem 0x8001093a
core   0: 0x8000172e (0xffa1c583) lbu     a1, -6(gp)
core   0: 3 0x8000172e (0xffa1c583) x11 0x00000000 mem 0x8001093a
core   0: 0x80001732 (0xffc19d23) sh      t3, -6(gp)
core   0: 3 0x80001732 (0xffc19d23) mem 0x8001093a 0x7000
core   0: 0x80001736 (0xffa18283) lb      t0, -6(gp)
core   0: 3 0x80001736 (0xffa18283) x5  0x00000000 mem 0x8001093a
core   0: 0x8000173a (0x0000f517) auipc   a0, 0xf
core   0: 3 0x8000173a (0x0000f517) x10 0x8001073a
core   0: 0x8000173e (0xab350513) addi    a0, a0, -1357
core   0: 3 0x8000173e (0xab350513) x10 0x800101ed
core   0: 0x80001742 (0x029425b3) mulhsu  a1, s0, s1
core   0: 3 0x80001742 (0x029425b3) x11 0x3185b4a8
core   0: 0x80001746 (0x63351ca3) sh      s3, 1593(a0)
core   0: 3 0x80001746 (0x63351ca3) mem 0x80010826 0x9d24
core   0: 0x8000174a (0x52d50003) lb      zero, 1325(a0)
core   0: 3 0x8000174a (0x52d50003) mem 0x8001071a
core   0: 0x8000174e (0x00008baa) c.mv    s7, a0
core   0: 3 0x8000174e (0x8baa) x23 0x800101ed
core   0: 0x80001750 (0x523516a3) sh      gp, 1325(a0)
core   0: 3 0x80001750 (0x523516a3) mem 0x8001071a 0x0940
core   0: 0x80001754 (0x00008fe9) c.and   a5, a0
core   0: 3 0x80001754 (0x8fe9) x15 0x00000001
core   0: 0x80001756 (0x00000949) c.addi  s2, 18
core   0: 3 0x80001756 (0x0949) x18 0x00000015
core   0: 0x80001758 (0x52d54b03) lbu     s6, 1325(a0)
core   0: 3 0x80001758 (0x52d54b03) x22 0x00000040 mem 0x8001071a
core   0: 0x8000175c (0x02f6ca33) div     s4, a3, a5
core   0: 3 0x8000175c (0x02f6ca33) x20 0xfffffffb
core   0: 0x80001760 (0x000046f1) c.li    a3, 28
core   0: 3 0x80001760 (0x46f1) x13 0x0000001c
core   0: 0x80001762 (0x52d55c03) lhu     s8, 1325(a0)
core   0: 3 0x80001762 (0x52d55c03) x24 0x00000940 mem 0x8001071a
core   0: 0x80001766 (0x52a516a3) sh      a0, 1325(a0)
core   0: 3 0x80001766 (0x52a516a3) mem 0x8001071a 0x01ed
core   0: 0x8000176a (0x524516a3) sh      tp, 1325(a0)
core   0: 3 0x8000176a (0x524516a3) mem 0x8001071a 0x0266
core   0: 0x8000176e (0x24454a03) lbu     s4, 580(a0)
core   0: 3 0x8000176e (0x24454a03) x20 0x00000000 mem 0x80010431
core   0: 0x80001772 (0x3c650703) lb      a4, 966(a0)
core   0: 3 0x80001772 (0x3c650703) x14 0x00000000 mem 0x800105b3
core   0: 0x80001776 (0xf1550b03) lb      s6, -235(a0)
core   0: 3 0x80001776 (0xf1550b03) x22 0x00000000 mem 0x80010102
core   0: 0x8000177a (0x00008239) c.srli  a2, 14
core   0: 3 0x8000177a (0x8239) x12 0x00000000
core   0: 0x8000177c (0xe9854483) lbu     s1, -360(a0)
core   0: 3 0x8000177c (0xe9854483) x9  0x00000000 mem 0x80010085
core   0: 0x80001780 (0x00014d17) auipc   s10, 0x14
core   0: 3 0x80001780 (0x00014d17) x26 0x80015780
core   0: 0x80001784 (0xa00d0d13) addi    s10, s10, -1536
core   0: 3 0x80001784 (0xa00d0d13) x26 0x80015180
core   0: 0x80001788 (0xfb0d01a3) sb      a6, -93(s10)
core   0: 3 0x80001788 (0xfb0d01a3) mem 0x80015123 0xc6
core   0: 0x8000178c (0x054d1c83) lh      s9, 84(s10)
core   0: 3 0x8000178c (0x054d1c83) x25 0x00000000 mem 0x800151d4
core   0: 0x80001790 (0x41f45133) sra     sp, s0, t6
core   0: 3 0x80001790 (0x41f45133) x2  0x3185b569
core   0: 0x80001794 (0x02160633) mul     a2, a2, ra
core   0: 3 0x80001794 (0x02160633) x12 0x00000000
core   0: 0x80001798 (0x018d0003) lb      zero, 24(s10)
core   0: 3 0x80001798 (0x018d0003) mem 0x80015198
core   0: 0x8000179c (0x00bccbb3) xor     s7, s9, a1
core   0: 3 0x8000179c (0x00bccbb3) x23 0x3185b4a8
core   0: 0x800017a0 (0x0fdd4383) lbu     t2, 253(s10)
core   0: 3 0x800017a0 (0x0fdd4383) x7  0x00000000 mem 0x8001527d
core   0: 0x800017a4 (0x000083a1) c.srli  a5, 8
core   0: 3 0x800017a4 (0x83a1) x15 0x00000000
core   0: 0x800017a6 (0x0000838d) c.srli  a5, 3
core   0: 3 0x800017a6 (0x838d) x15 0x00000000
core   0: 0x800017a8 (0x0dfd4303) lbu     t1, 223(s10)
core   0: 3 0x800017a8 (0x0dfd4303) x6  0x00000000 mem 0x8001525f
core   0: 0x800017ac (0x0ccd0c03) lb      s8, 204(s10)
core   0: 3 0x800017ac (0x0ccd0c03) x24 0x00000000 mem 0x8001524c
core   0: 0x800017b0 (0x00004305) c.li    t1, 1
core   0: 3 0x800017b0 (0x4305) x6  0x00000001
core   0: 0x800017b2 (0x40995c13) srai    s8, s2, 9
core   0: 3 0x800017b2 (0x40995c13) x24 0x00000000
core   0: 0x800017b6 (0xa99d9cb7) lui     s9, 0xa99d9
core   0: 3 0x800017b6 (0xa99d9cb7) x25 0xa99d9000
core   0: 0x800017ba (0xb69dc313) xori    t1, s11, -1175
core   0: 3 0x800017ba (0xb69dc313) x6  0x7ffef747
core   0: 0x800017be (0x000096a6) c.add   a3, s1
core   0: 3 0x800017be (0x96a6) x13 0x0000001c
core   0: 0x800017c0 (0xf58d5183) lhu     gp, -168(s10)
core   0: 3 0x800017c0 (0xf58d5183) x3  0x00000000 mem 0x800150d8
core   0: 0x800017c4 (0x00008239) c.srli  a2, 14
core   0: 3 0x800017c4 (0x8239) x12 0x00000000
core   0: 0x800017c6 (0xfddd1823) sh      t4, -48(s10)
core   0: 3 0x800017c6 (0xfddd1823) mem 0x80015150 0x0000
core   0: 0x800017ca (0x00008eda) c.mv    t4, s6
core   0: 3 0x800017ca (0x8eda) x29 0x00000000
core   0: 0x800017cc (0xf8dd1323) sh      a3, -122(s10)
core   0: 3 0x800017cc (0xf8dd1323) mem 0x80015106 0x001c
core   0: 0x800017d0 (0x000003c1) c.addi  t2, 16
core   0: 3 0x800017d0 (0x03c1) x7  0x00000010
core   0: 0x800017d2 (0x01722933) slt     s2, tp, s7
core   0: 3 0x800017d2 (0x01722933) x18 0x00000001
core   0: 0x800017d6 (0x03ed1903) lh      s2, 62(s10)
core   0: 3 0x800017d6 (0x03ed1903) x18 0x00000000 mem 0x800151be
core   0: 0x800017da (0x0de146b7) lui     a3, 0xde14
core   0: 3 0x800017da (0x0de146b7) x13 0x0de14000
core   0: 0x800017de (0x0b3d08a3) sb      s3, 177(s10)
core   0: 3 0x800017de (0x0b3d08a3) mem 0x80015231 0x24
core   0: 0x800017e2 (0xfa0d5883) lhu     a7, -96(s10)
core   0: 3 0x800017e2 (0xfa0d5883) x17 0x00000000 mem 0x80015120
core   0: 0x800017e6 (0x0efd4383) lbu     t2, 239(s10)
core   0: 3 0x800017e6 (0x0efd4383) x7  0x00000000 mem 0x8001526f
core   0: 0x800017ea (0x0260036f) jal     t1, pc + 0x26
core   0: 3 0x800017ea (0x0260036f) x6  0x800017ee
core   0: 0x80001810 (0x0000a005) c.j     pc + 32
core   0: 3 0x80001810 (0xa005)
core   0: 0x80001830 (0x00002009) c.jal   pc + 2
core   0: 3 0x80001830 (0x2009) x1  0x80001832
core   0: 0x80001832 (0xfcdffaef) jal     s5, pc - 0x34
core   0: 3 0x80001832 (0xfcdffaef) x21 0x80001836
core   0: 0x800017fe (0x00002825) c.jal   pc + 56
core   0: 3 0x800017fe (0x2825) x1  0x80001800
core   0: 0x80001836 (0x0000b7e9) c.j     pc - 54
core   0: 3 0x80001836 (0xb7e9)
core   0: 0x80001800 (0x01a000ef) jal     pc + 0x1a
core   0: 3 0x80001800 (0x01a000ef) x1  0x80001804
core   0: 0x8000181a (0xffdff8ef) jal     a7, pc - 0x4
core   0: 3 0x8000181a (0xffdff8ef) x17 0x8000181e
core   0: 0x80001816 (0x00002009) c.jal   pc + 2
core   0: 3 0x80001816 (0x2009) x1  0x80001818
core   0: 0x80001818 (0x00002029) c.jal   pc + 10
core   0: 3 0x80001818 (0x2029) x1  0x8000181a
core   0: 0x80001822 (0x000037f9) c.jal   pc - 50
core   0: 3 0x80001822 (0x37f9) x1  0x80001824
core   0: 0x800017f0 (0x016000ef) jal     pc + 0x16
core   0: 3 0x800017f0 (0x016000ef) x1  0x800017f4
core   0: 0x80001806 (0x01e000ef) jal     pc + 0x1e
core   0: 3 0x80001806 (0x01e000ef) x1  0x8000180a
core   0: 0x80001824 (0x0000b7c5) c.j     pc - 32
core   0: 3 0x80001824 (0xb7c5)
core   0: 0x80001804 (0x0000bfdd) c.j     pc - 10
core   0: 3 0x80001804 (0xbfdd)
core   0: 0x800017fa (0x01a0016f) jal     sp, pc + 0x1a
core   0: 3 0x800017fa (0x01a0016f) x2  0x800017fe
core   0: 0x80001814 (0x0000a029) c.j     pc + 10
core   0: 3 0x80001814 (0xa029)
core   0: 0x8000181e (0x0000bfc5) c.j     pc - 16
core   0: 3 0x8000181e (0xbfc5)
core   0: 0x8000180e (0x0000bff5) c.j     pc - 4
core   0: 3 0x8000180e (0xbff5)
core   0: 0x8000180a (0x0000b7ed) c.j     pc - 22
core   0: 3 0x8000180a (0xb7ed)
core   0: 0x800017f4 (0x01e000ef) jal     pc + 0x1e
core   0: 3 0x800017f4 (0x01e000ef) x1  0x800017f8
core   0: 0x80001812 (0x00002819) c.jal   pc + 22
core   0: 3 0x80001812 (0x2819) x1  0x80001814
core   0: 0x80001828 (0x004000ef) jal     pc + 0x4
core   0: 3 0x80001828 (0x004000ef) x1  0x8000182c
core   0: 0x8000182c (0xfe1ff66f) jal     a2, pc - 0x20
core   0: 3 0x8000182c (0xfe1ff66f) x12 0x80001830
core   0: 0x8000180c (0x000037cd) c.jal   pc - 30
core   0: 3 0x8000180c (0x37cd) x1  0x8000180e
core   0: 0x800017ee (0x0000a825) c.j     pc + 56
core   0: 3 0x800017ee (0xa825)
core   0: 0x80001826 (0x0000bfc9) c.j     pc - 46
core   0: 3 0x80001826 (0xbfc9)
core   0: 0x800017f8 (0x00002025) c.jal   pc + 40
core   0: 3 0x800017f8 (0x2025) x1  0x800017fa
core   0: 0x80001820 (0x0000a821) c.j     pc + 24
core   0: 3 0x80001820 (0xa821)
core   0: 0x80001838 (0x0364f3b3) remu    t2, s1, s6
core   0: 3 0x80001838 (0x0364f3b3) x7  0x00000000
core   0: 0x8000183c (0x0000f117) auipc   sp, 0xf
core   0: 3 0x8000183c (0x0000f117) x2  0x8001083c
core   0: 0x80001840 (0xed610113) addi    sp, sp, -298
core   0: 3 0x80001840 (0xed610113) x2  0x80010712
core   0: 0x80001844 (0x41790933) sub     s2, s2, s7
core   0: 3 0x80001844 (0x41790933) x18 0xce7a4b58
core   0: 0x80001848 (0x00008d71) c.and   a0, a2
core   0: 3 0x80001848 (0x8d71) x10 0x80000020
core   0: 0x8000184a (0x03763733) mulhu   a4, a2, s7
core   0: 3 0x8000184a (0x03763733) x14 0x18c2df01
core   0: 0x8000184e (0xf4b10503) lb      a0, -181(sp)
core   0: 3 0x8000184e (0xf4b10503) x10 0x00000000 mem 0x8001065d
core   0: 0x80001852 (0xf3d10503) lb      a0, -195(sp)
core   0: 3 0x80001852 (0xf3d10503) x10 0x00000000 mem 0x8001064f
core   0: 0x80001856 (0x00009bb2) c.add   s7, a2
core   0: 3 0x80001856 (0x9bb2) x23 0xb185ccd8
core   0: 0x80001858 (0x00008d09) c.sub   a0, a0
core   0: 3 0x80001858 (0x8d09) x10 0x00000000
core   0: 0x8000185a (0x02d52533) mulhsu  a0, a0, a3
core   0: 3 0x8000185a (0x02d52533) x10 0x00000000
core   0: 0x8000185e (0x0000892a) c.mv    s2, a0
core   0: 3 0x8000185e (0x892a) x18 0x00000000
core   0: 0x80001860 (0x00000bea) c.slli  s7, 26
core   0: 3 0x80001860 (0x0bea) x23 0x60000000
core   0: 0x80001862 (0x417b8bb3) sub     s7, s7, s7
core   0: 3 0x80001862 (0x417b8bb3) x23 0x00000000
core   0: 0x80001866 (0xf2e10223) sb      a4, -220(sp)
core   0: 3 0x80001866 (0xf2e10223) mem 0x80010636 0x01
core   0: 0x8000186a (0xfae107a3) sb      a4, -81(sp)
core   0: 3 0x8000186a (0xfae107a3) mem 0x800106c1 0x01
core   0: 0x8000186e (0x00006769) c.lui   a4, 0x1a
core   0: 3 0x8000186e (0x6769) x14 0x0001a000
core   0: 0x80001870 (0x0000863a) c.mv    a2, a4
core   0: 3 0x80001870 (0x863a) x12 0x0001a000
core   0: 0x80001872 (0x00e97533) and     a0, s2, a4
core   0: 3 0x80001872 (0x00e97533) x10 0x00000000
core   0: 0x80001876 (0xcf339917) auipc   s2, 0xcf339
core   0: 3 0x80001876 (0xcf339917) x18 0x4f33a876
core   0: 0x8000187a (0x00009a7d) c.andi  a2, -1
core   0: 3 0x8000187a (0x9a7d) x12 0x0001a000
core   0: 0x8000187c (0x02cbf733) remu    a4, s7, a2
core   0: 3 0x8000187c (0x02cbf733) x14 0x00000000
core   0: 0x80001880 (0x00d61bb3) sll     s7, a2, a3
core   0: 3 0x80001880 (0x00d61bb3) x23 0x0001a000
core   0: 0x80001884 (0x02c11a23) sh      a2, 52(sp)
core   0: 3 0x80001884 (0x02c11a23) mem 0x80010746 0xa000
core   0: 0x80001888 (0xfc815903) lhu     s2, -56(sp)
core   0: 3 0x80001888 (0xfc815903) x18 0x00000000 mem 0x800106da
core   0: 0x8000188c (0x00008675) c.srai  a2, 29
core   0: 3 0x8000188c (0x8675) x12 0x00000000
core   0: 0x8000188e (0x092101a3) sb      s2, 131(sp)
core   0: 3 0x8000188e (0x092101a3) mem 0x80010795 0x00
core   0: 0x80001892 (0x02db8733) mul     a4, s7, a3
core   0: 3 0x80001892 (0x02db8733) x14 0x08000000
core   0: 0x80001896 (0x0b415603) lhu     a2, 180(sp)
core   0: 3 0x80001896 (0x0b415603) x12 0x00000000 mem 0x800107c6
core   0: 0x8000189a (0x00000925) c.addi  s2, 9
core   0: 3 0x8000189a (0x0925) x18 0x00000009
core   0: 0x8000189c (0x0000812d) c.srli  a0, 11
core   0: 3 0x8000189c (0x812d) x10 0x00000000
core   0: 0x8000189e (0x02cbd6b3) divu    a3, s7, a2
core   0: 3 0x8000189e (0x02cbd6b3) x13 0xffffffff
core   0: 0x800018a2 (0x03011b83) lh      s7, 48(sp)
core   0: 3 0x800018a2 (0x03011b83) x23 0x00000000 mem 0x80010742
core   0: 0x800018a6 (0xfa510903) lb      s2, -91(sp)
core   0: 3 0x800018a6 (0xfa510903) x18 0x00000000 mem 0x800106b7
core   0: 0x800018aa (0x00008e69) c.and   a2, a0
core   0: 3 0x800018aa (0x8e69) x12 0x00000000
core   0: 0x800018ac (0x02a6cbb3) div     s7, a3, a0
core   0: 3 0x800018ac (0x02a6cbb3) x23 0xffffffff
core   0: 0x800018b0 (0x00006969) c.lui   s2, 0x1a
core   0: 3 0x800018b0 (0x6969) x18 0x0001a000
core   0: 0x800018b2 (0x02c95733) divu    a4, s2, a2
core   0: 3 0x800018b2 (0x02c95733) x14 0xffffffff
core   0: 0x800018b6 (0x01257933) and     s2, a0, s2
core   0: 3 0x800018b6 (0x01257933) x18 0x00000000
core   0: 0x800018ba (0x00008ef9) c.and   a3, a4
core   0: 3 0x800018ba (0x8ef9) x13 0xffffffff
core   0: 0x800018bc (0x06d10223) sb      a3, 100(sp)
core   0: 3 0x800018bc (0x06d10223) mem 0x80010776 0xff
core   0: 0x800018c0 (0x06a12123) sw      a0, 98(sp)
core   0: 3 0x800018c0 (0x06a12123) mem 0x80010774 0x00000000
core   0: 0x800018c4 (0x00a52733) slt     a4, a0, a0
core   0: 3 0x800018c4 (0x00a52733) x14 0x00000000
core   0: 0x800018c8 (0x00008369) c.srli  a4, 26
core   0: 3 0x800018c8 (0x8369) x14 0x00000000
core   0: 0x800018ca (0xf4714903) lbu     s2, -185(sp)
core   0: 3 0x800018ca (0xf4714903) x18 0x00000000 mem 0x80010659
core   0: 0x800018ce (0x00009936) c.add   s2, a3
core   0: 3 0x800018ce (0x9936) x18 0xffffffff
core   0: 0x800018d0 (0x0b7100a3) sb      s7, 161(sp)
core   0: 3 0x800018d0 (0x0b7100a3) mem 0x800107b3 0xff
core   0: 0x800018d4 (0x0000f117) auipc   sp, 0xf
core   0: 3 0x800018d4 (0x0000f117) x2  0x800108d4
core   0: 0x800018d8 (0xdc010113) addi    sp, sp, -576
core   0: 3 0x800018d8 (0xdc010113) x2  0x80010694
core   0: 0x800018dc (0x00a8d393) srli    t2, a7, 10
core   0: 3 0x800018dc (0x00a8d393) x7  0x00200006
core   0: 0x800018e0 (0xff215a83) lhu     s5, -14(sp)
core   0: 3 0x800018e0 (0xff215a83) x21 0x00000000 mem 0x80010686
core   0: 0x800018e4 (0xff215a83) lhu     s5, -14(sp)
core   0: 3 0x800018e4 (0xff215a83) x21 0x00000000 mem 0x80010686
core   0: 0x800018e8 (0xfe611923) sh      t1, -14(sp)
core   0: 3 0x800018e8 (0xfe611923) mem 0x80010686 0x17ee
core   0: 0x800018ec (0x03debfb3) mulhu   t6, t4, t4
core   0: 3 0x800018ec (0x03debfb3) x31 0x00000000
core   0: 0x800018f0 (0xff211903) lh      s2, -14(sp)
core   0: 3 0x800018f0 (0xff211903) x18 0x000017ee mem 0x80010686
core   0: 0x800018f4 (0xff210303) lb      t1, -14(sp)
core   0: 3 0x800018f4 (0xff210303) x6  0xffffffee mem 0x80010686
core   0: 0x800018f8 (0x00319713) slli    a4, gp, 3
core   0: 3 0x800018f8 (0x00319713) x14 0x00000000
core   0: 0x800018fc (0x00004402) c.lwsp  s0, 0(sp)
core   0: 3 0x800018fc (0x4402) x8  0x00000000 mem 0x80010694
core   0: 0x800018fe (0xca0b0413) addi    s0, s6, -864
core   0: 3 0x800018fe (0xca0b0413) x8  0xfffffca0
core   0: 0x80001902 (0x00004902) c.lwsp  s2, 0(sp)
core   0: 3 0x80001902 (0x4902) x18 0x00000000 mem 0x80010694
core   0: 0x80001904 (0x00004a02) c.lwsp  s4, 0(sp)
core   0: 3 0x80001904 (0x4a02) x20 0x00000000 mem 0x80010694
core   0: 0x80001906 (0x0000c032) c.swsp  a2, 0(sp)
core   0: 3 0x80001906 (0xc032) mem 0x80010694 0x00000000
core   0: 0x80001908 (0xff110a03) lb      s4, -15(sp)
core   0: 3 0x80001908 (0xff110a03) x20 0x00000000 mem 0x80010685
core   0: 0x8000190c (0xff114003) lbu     zero, -15(sp)
core   0: 3 0x8000190c (0xff114003) mem 0x80010685
core   0: 0x80001910 (0x0001bb17) auipc   s6, 0x1b
core   0: 3 0x80001910 (0x0001bb17) x22 0x8001c910
core   0: 0x80001914 (0x49cb0b13) addi    s6, s6, 1180
core   0: 3 0x80001914 (0x49cb0b13) x22 0x8001cdac
core   0: 0x80001918 (0x0367bd33) mulhu   s10, a5, s6
core   0: 3 0x80001918 (0x0367bd33) x26 0x00000000
core   0: 0x8000191c (0x00006275) c.lui   tp, 0x1d
core   0: 3 0x8000191c (0x6275) x4  0x0001d000
core   0: 0x8000191e (0x2abb0423) sb      a1, 680(s6)
core   0: 3 0x8000191e (0x2abb0423) mem 0x8001d054 0xa8
core   0: 0x80001922 (0xec2b07a3) sb      sp, -305(s6)
core   0: 3 0x80001922 (0xec2b07a3) mem 0x8001cc7b 0x94
core   0: 0x80001926 (0x00001410) c.addi4spn a2, sp, 544
core   0: 3 0x80001926 (0x1410) x12 0x800108b4
core   0: 0x80001928 (0xb07b0c03) lb      s8, -1273(s6)
core   0: 3 0x80001928 (0xb07b0c03) x24 0x00000000 mem 0x8001c8b3
core   0: 0x8000192c (0x059b2023) sw      s9, 64(s6)
core   0: 3 0x8000192c (0x059b2023) mem 0x8001cdec 0xa99d9000
core   0: 0x80001930 (0x000064c1) c.lui   s1, 0x10
core   0: 3 0x80001930 (0x64c1) x9  0x00010000
core   0: 0x80001932 (0x575b4a83) lbu     s5, 1397(s6)
core   0: 3 0x80001932 (0x575b4a83) x21 0x00000000 mem 0x8001d321
core   0: 0x80001936 (0xab07e093) ori     ra, a5, -1360
core   0: 3 0x80001936 (0xab07e093) x1  0xfffffab0
core   0: 0x8000193a (0x00005ffd) c.li    t6, -1
core   0: 3 0x8000193a (0x5ffd) x31 0xffffffff
core   0: 0x8000193c (0x4d0b2483) lw      s1, 1232(s6)
core   0: 3 0x8000193c (0x4d0b2483) x9  0x00000000 mem 0x8001d27c
core   0: 0x80001940 (0xbc413893) sltiu   a7, sp, -1084
core   0: 3 0x80001940 (0xbc413893) x17 0x00000001
core   0: 0x80001944 (0xddcb4a03) lbu     s4, -548(s6)
core   0: 3 0x80001944 (0xddcb4a03) x20 0x00000000 mem 0x8001cb88
core   0: 0x80001948 (0x191b4703) lbu     a4, 401(s6)
core   0: 3 0x80001948 (0x191b4703) x14 0x00000000 mem 0x8001cf3d
core   0: 0x8000194c (0xe80b0883) lb      a7, -384(s6)
core   0: 3 0x8000194c (0xe80b0883) x17 0x00000000 mem 0x8001cc2c
core   0: 0x80001950 (0x40520333) sub     t1, tp, t0
core   0: 3 0x80001950 (0x40520333) x6  0x0001d000
core   0: 0x80001954 (0x548b1903) lh      s2, 1352(s6)
core   0: 3 0x80001954 (0x548b1903) x18 0x00000000 mem 0x8001d2f4
core   0: 0x80001958 (0x032f0733) mul     a4, t5, s2
core   0: 3 0x80001958 (0x032f0733) x14 0x00000000
core   0: 0x8000195c (0x679b0883) lb      a7, 1657(s6)
core   0: 3 0x8000195c (0x679b0883) x17 0x00000000 mem 0x8001d425
core   0: 0x80001960 (0x8b6b1603) lh      a2, -1866(s6)
core   0: 3 0x80001960 (0x8b6b1603) x12 0x00000000 mem 0x8001c662
core   0: 0x80001964 (0x233b4783) lbu     a5, 563(s6)
core   0: 3 0x80001964 (0x233b4783) x15 0x00000000 mem 0x8001cfdf
core   0: 0x80001968 (0x41caf513) andi    a0, s5, 1052
core   0: 3 0x80001968 (0x41caf513) x10 0x00000000
core   0: 0x8000196c (0x491b0403) lb      s0, 1169(s6)
core   0: 3 0x8000196c (0x491b0403) x8  0x00000000 mem 0x8001d23d
core   0: 0x80001970 (0x6dcb2403) lw      s0, 1756(s6)
core   0: 3 0x80001970 (0x6dcb2403) x8  0x00000000 mem 0x8001d488
core   0: 0x80001974 (0x05bb0523) sb      s11, 74(s6)
core   0: 3 0x80001974 (0x05bb0523) mem 0x8001cdf6 0x2e
core   0: 0x80001978 (0x404b4783) lbu     a5, 1028(s6)
core   0: 3 0x80001978 (0x404b4783) x15 0x00000000 mem 0x8001d1b0
core   0: 0x8000197c (0x9a2b4e03) lbu     t3, -1630(s6)
core   0: 3 0x8000197c (0x9a2b4e03) x28 0x00000000 mem 0x8001c74e
core   0: 0x80001980 (0x475b4183) lbu     gp, 1141(s6)
core   0: 3 0x80001980 (0x475b4183) x3  0x00000000 mem 0x8001d221
core   0: 0x80001984 (0xb6bb4d03) lbu     s10, -1173(s6)
core   0: 3 0x80001984 (0xb6bb4d03) x26 0x00000000 mem 0x8001c917
core   0: 0x80001988 (0x9ffb0603) lb      a2, -1537(s6)
core   0: 3 0x80001988 (0x9ffb0603) x12 0x00000000 mem 0x8001c7ab
core   0: 0x8000198c (0x00000001) c.nop
core   0: 3 0x8000198c (0x0001)
core   0: 0x8000198e (0x5afb0603) lb      a2, 1455(s6)
core   0: 3 0x8000198e (0x5afb0603) x12 0x00000000 mem 0x8001d35b
core   0: 0x80001992 (0xcd5b4e03) lbu     t3, -811(s6)
core   0: 3 0x80001992 (0xcd5b4e03) x28 0x00000000 mem 0x8001ca81
core   0: 0x80001996 (0x05fb1d23) sh      t6, 90(s6)
core   0: 3 0x80001996 (0x05fb1d23) mem 0x8001ce06 0xffff
core   0: 0x8000199a (0x9f3b4e03) lbu     t3, -1549(s6)
core   0: 3 0x8000199a (0x9f3b4e03) x28 0x00000000 mem 0x8001c79f
core   0: 0x8000199e (0x01579493) slli    s1, a5, 21
core   0: 3 0x8000199e (0x01579493) x9  0x00000000
core   0: 0x800019a2 (0x0228a533) mulhsu  a0, a7, sp
core   0: 3 0x800019a2 (0x0228a533) x10 0x00000000
core   0: 0x800019a6 (0x00000001) c.nop
core   0: 3 0x800019a6 (0x0001)
core   0: 0x800019a8 (0xf78b1403) lh      s0, -136(s6)
core   0: 3 0x800019a8 (0xf78b1403) x8  0x00000000 mem 0x8001cd24
core   0: 0x800019ac (0xc39b1b23) sh      s9, -970(s6)
core   0: 3 0x800019ac (0xc39b1b23) mem 0x8001c9e2 0x9000
core   0: 0x800019b0 (0xf2bb4703) lbu     a4, -213(s6)
core   0: 3 0x800019b0 (0xf2bb4703) x14 0x00000000 mem 0x8001ccd7
core   0: 0x800019b4 (0x41d0d733) sra     a4, ra, t4
core   0: 3 0x800019b4 (0x41d0d733) x14 0xfffffab0
core   0: 0x800019b8 (0x03bb0903) lb      s2, 59(s6)
core   0: 3 0x800019b8 (0x03bb0903) x18 0x00000000 mem 0x8001cde7
core   0: 0x800019bc (0x017f3a33) sltu    s4, t5, s7
core   0: 3 0x800019bc (0x017f3a33) x20 0x00000001
core   0: 0x800019c0 (0x8a3b4703) lbu     a4, -1885(s6)
core   0: 3 0x800019c0 (0x8a3b4703) x14 0x00000000 mem 0x8001c64f
core   0: 0x800019c4 (0x00010117) auipc   sp, 0x10
core   0: 3 0x800019c4 (0x00010117) x2  0x800119c4
core   0: 0x800019c8 (0x52410113) addi    sp, sp, 1316
core   0: 3 0x800019c8 (0x52410113) x2  0x80011ee8
core   0: 0x800019cc (0xc1214c03) lbu     s8, -1006(sp)
core   0: 3 0x800019cc (0xc1214c03) x24 0x00000000 mem 0x80011afa
core   0: 0x800019d0 (0x4cf01d97) auipc   s11, 0x4cf01
core   0: 3 0x800019d0 (0x4cf01d97) x27 0xccf029d0
core   0: 0x800019d4 (0x0000177d) c.addi  a4, -1
core   0: 3 0x800019d4 (0x177d) x14 0xffffffff
core   0: 0x800019d6 (0xc1214203) lbu     tp, -1006(sp)
core   0: 3 0x800019d6 (0xc1214203) x4  0x00000000 mem 0x80011afa
core   0: 0x800019da (0x05f14703) lbu     a4, 95(sp)
core   0: 3 0x800019da (0x05f14703) x14 0x00000000 mem 0x80011f47
core   0: 0x800019de (0x04d10fa3) sb      a3, 95(sp)
core   0: 3 0x800019de (0x04d10fa3) mem 0x80011f47 0xff
core   0: 0x800019e2 (0x985e4493) xori    s1, t3, -1659
core   0: 3 0x800019e2 (0x985e4493) x9  0xfffff985
core   0: 0x800019e6 (0x05f14683) lbu     a3, 95(sp)
core   0: 3 0x800019e6 (0x05f14683) x13 0x000000ff mem 0x80011f47
core   0: 0x800019ea (0x05010fa3) sb      a6, 95(sp)
core   0: 3 0x800019ea (0x05010fa3) mem 0x80011f47 0xc6
core   0: 0x800019ee (0x05310fa3) sb      s3, 95(sp)
core   0: 3 0x800019ee (0x05310fa3) mem 0x80011f47 0x24
core   0: 0x800019f2 (0x02b4f333) remu    t1, s1, a1
core   0: 3 0x800019f2 (0x02b4f333) x6  0x0863723d
core   0: 0x800019f6 (0x05f10883) lb      a7, 95(sp)
core   0: 3 0x800019f6 (0x05f10883) x17 0x00000024 mem 0x80011f47
core   0: 0x800019fa (0x05f10183) lb      gp, 95(sp)
core   0: 3 0x800019fa (0x05f10183) x3  0x00000024 mem 0x80011f47
core   0: 0x800019fe (0x01b16e33) or      t3, sp, s11
core   0: 3 0x800019fe (0x01b16e33) x28 0xccf13ff8
core   0: 0x80001a02 (0x05f10c03) lb      s8, 95(sp)
core   0: 3 0x80001a02 (0x05f10c03) x24 0x00000024 mem 0x80011f47
core   0: 0x80001a06 (0x41db52b3) sra     t0, s6, t4
core   0: 3 0x80001a06 (0x41db52b3) x5  0x8001cdac
core   0: 0x80001a0a (0x05f14903) lbu     s2, 95(sp)
core   0: 3 0x80001a0a (0x05f14903) x18 0x00000024 mem 0x80011f47
core   0: 0x80001a0e (0x00009b86) c.add   s7, ra
core   0: 3 0x80001a0e (0x9b86) x23 0xfffffaaf
core   0: 0x80001a10 (0x05b10fa3) sb      s11, 95(sp)
core   0: 3 0x80001a10 (0x05b10fa3) mem 0x80011f47 0xd0
core   0: 0x80001a14 (0x05f10d03) lb      s10, 95(sp)
core   0: 3 0x80001a14 (0x05f10d03) x26 0xffffffd0 mem 0x80011f47
core   0: 0x80001a18 (0x04b10fa3) sb      a1, 95(sp)
core   0: 3 0x80001a18 (0x04b10fa3) mem 0x80011f47 0xa8
core   0: 0x80001a1c (0x00e0036f) jal     t1, pc + 0xe
core   0: 3 0x80001a1c (0x00e0036f) x6  0x80001a20
core   0: 0x80001a2a (0x00002039) c.jal   pc + 14
core   0: 3 0x80001a2a (0x2039) x1  0x80001a2c
core   0: 0x80001a38 (0x00002009) c.jal   pc + 2
core   0: 3 0x80001a38 (0x2009) x1  0x80001a3a
core   0: 0x80001a3a (0xfedffb6f) jal     s6, pc - 0x14
core   0: 3 0x80001a3a (0xfedffb6f) x22 0x80001a3e
core   0: 0x80001a26 (0x0000a021) c.j     pc + 8
core   0: 3 0x80001a26 (0xa021)
core   0: 0x80001a2e (0x00003fed) c.jal   pc - 6
core   0: 3 0x80001a2e (0x3fed) x1  0x80001a30
core   0: 0x80001a28 (0x0000a021) c.j     pc + 8
core   0: 3 0x80001a28 (0xa021)
core   0: 0x80001a30 (0x00003fc5) c.jal   pc - 16
core   0: 3 0x80001a30 (0x3fc5) x1  0x80001a32
core   0: 0x80001a20 (0x01400aef) jal     s5, pc + 0x14
core   0: 3 0x80001a20 (0x01400aef) x21 0x80001a24
core   0: 0x80001a34 (0xff9ff1ef) jal     gp, pc - 0x8
core   0: 3 0x80001a34 (0xff9ff1ef) x3  0x80001a38
core   0: 0x80001a2c (0x00002019) c.jal   pc + 6
core   0: 3 0x80001a2c (0x2019) x1  0x80001a2e
core   0: 0x80001a32 (0x00003fcd) c.jal   pc - 14
core   0: 3 0x80001a32 (0x3fcd) x1  0x80001a34
core   0: 0x80001a24 (0x00002829) c.jal   pc + 26
core   0: 3 0x80001a24 (0x2829) x1  0x80001a26
core   0: 0x80001a3e (0x9dfb8a13) addi    s4, s7, -1569
core   0: 3 0x80001a3e (0x9dfb8a13) x20 0xfffff48e
core   0: 0x80001a42 (0x00016117) auipc   sp, 0x16
core   0: 3 0x80001a42 (0x00016117) x2  0x80017a42
core   0: 0x80001a46 (0x52110113) addi    sp, sp, 1313
core   0: 3 0x80001a46 (0x52110113) x2  0x80017f63
core   0: 0x80001a4a (0x018deeb3) or      t4, s11, s8
core   0: 3 0x80001a4a (0x018deeb3) x29 0xccf029f4
core   0: 0x80001a4e (0x00008ecd) c.or    a3, a1
core   0: 3 0x80001a4e (0x8ecd) x13 0x3185b4ff
core   0: 0x80001a50 (0xf9b10223) sb      s11, -124(sp)
core   0: 3 0x80001a50 (0xf9b10223) mem 0x80017ee7 0xd0
core   0: 0x80001a54 (0x03c18733) mul     a4, gp, t3
core   0: 3 0x80001a54 (0x03c18733) x14 0x55452e40
core   0: 0x80001a58 (0xfa010c03) lb      s8, -96(sp)
core   0: 3 0x80001a58 (0xfa010c03) x24 0x00000000 mem 0x80017f03
core   0: 0x80001a5c (0xfb414603) lbu     a2, -76(sp)
core   0: 3 0x80001a5c (0xfb414603) x12 0x00000000 mem 0x80017f17
core   0: 0x80001a60 (0x00008fb2) c.mv    t6, a2
core   0: 3 0x80001a60 (0x8fb2) x31 0x00000000
core   0: 0x80001a62 (0x0004ceb3) xor     t4, s1, zero
core   0: 3 0x80001a62 (0x0004ceb3) x29 0xfffff985
core   0: 0x80001a66 (0x03f6f433) remu    s0, a3, t6
core   0: 3 0x80001a66 (0x03f6f433) x8  0x3185b4ff
core   0: 0x80001a6a (0x0000829e) c.mv    t0, t2
core   0: 3 0x80001a6a (0x829e) x5  0x00200006
core   0: 0x80001a6c (0x02603a33) mulhu   s4, zero, t1
core   0: 3 0x80001a6c (0x02603a33) x20 0x00000000
core   0: 0x80001a70 (0x06c14f83) lbu     t6, 108(sp)
core   0: 3 0x80001a70 (0x06c14f83) x31 0x00000000 mem 0x80017fcf
core   0: 0x80001a74 (0xfe911d03) lh      s10, -23(sp)
core   0: 3 0x80001a74 (0xfe911d03) x26 0x00000000 mem 0x80017f4c
core   0: 0x80001a78 (0x000041c1) c.li    gp, 16
core   0: 3 0x80001a78 (0x41c1) x3  0x00000010
core   0: 0x80001a7a (0x41bbdb33) sra     s6, s7, s11
core   0: 3 0x80001a7a (0x41bbdb33) x22 0xffffffff
core   0: 0x80001a7e (0x00009d4e) c.add   s10, s3
core   0: 3 0x80001a7e (0x9d4e) x26 0x80029d24
core   0: 0x80001a80 (0xf7b15b03) lhu     s6, -133(sp)
core   0: 3 0x80001a80 (0xf7b15b03) x22 0x00000000 mem 0x80017ede
core   0: 0x80001a84 (0x08515d03) lhu     s10, 133(sp)
core   0: 3 0x80001a84 (0x08515d03) x26 0x00000000 mem 0x80017fe8
core   0: 0x80001a88 (0x0d311003) lh      zero, 211(sp)
core   0: 3 0x80001a88 (0x0d311003) mem 0x80018036
core   0: 0x80001a8c (0x01004433) xor     s0, zero, a6
core   0: 3 0x80001a8c (0x01004433) x8  0x5b4bc1c6
core   0: 0x80001a90 (0x0c314c03) lbu     s8, 195(sp)
core   0: 3 0x80001a90 (0x0c314c03) x24 0x00000000 mem 0x80018026
core   0: 0x80001a94 (0x01b413b3) sll     t2, s0, s11
core   0: 3 0x80001a94 (0x01b413b3) x7  0xc1c60000
core   0: 0x80001a98 (0x06a10003) lb      zero, 106(sp)
core   0: 3 0x80001a98 (0x06a10003) mem 0x80017fcd
core   0: 0x80001a9c (0x41c9d593) srai    a1, s3, 28
core   0: 3 0x80001a9c (0x41c9d593) x11 0xfffffff8
core   0: 0x80001aa0 (0xf8210f23) sb      sp, -98(sp)
core   0: 3 0x80001aa0 (0xf8210f23) mem 0x80017f01 0x63
core   0: 0x80001aa4 (0x68947513) andi    a0, s0, 1673
core   0: 3 0x80001aa4 (0x68947513) x10 0x00000080
core   0: 0x80001aa8 (0x1af5bc93) sltiu   s9, a1, 431
core   0: 3 0x80001aa8 (0x1af5bc93) x25 0x00000000
core   0: 0x80001aac (0x249aa693) slti    a3, s5, 585
core   0: 3 0x80001aac (0x249aa693) x13 0x00000001
core   0: 0x80001ab0 (0x08310683) lb      a3, 131(sp)
core   0: 3 0x80001ab0 (0x08310683) x13 0x00000000 mem 0x80017fe6
core   0: 0x80001ab4 (0x00000001) c.nop
core   0: 3 0x80001ab4 (0x0001)
core   0: 0x80001ab6 (0x07214683) lbu     a3, 114(sp)
core   0: 3 0x80001ab6 (0x07214683) x13 0x00000000 mem 0x80017fd5
core   0: 0x80001aba (0x01bd9f93) slli    t6, s11, 27
core   0: 3 0x80001aba (0x01bd9f93) x31 0x80000000
core   0: 0x80001abe (0x00d12f83) lw      t6, 13(sp)
core   0: 3 0x80001abe (0x00d12f83) x31 0x00000000 mem 0x80017f70
core   0: 0x80001ac2 (0xf3e12ca3) sw      t5, -199(sp)
core   0: 3 0x80001ac2 (0xf3e12ca3) mem 0x80017e9c 0x80025ea4
core   0: 0x80001ac6 (0x08110ea3) sb      ra, 157(sp)
core   0: 3 0x80001ac6 (0x08110ea3) mem 0x80018000 0x26
core   0: 0x80001aca (0x03711a03) lh      s4, 55(sp)
core   0: 3 0x80001aca (0x03711a03) x20 0x00000000 mem 0x80017f9a
core   0: 0x80001ace (0x03b10223) sb      s11, 36(sp)
core   0: 3 0x80001ace (0x03b10223) mem 0x80017f87 0xd0
core   0: 0x80001ad2 (0xf9e14703) lbu     a4, -98(sp)
core   0: 3 0x80001ad2 (0xf9e14703) x14 0x00000063 mem 0x80017f01
core   0: 0x80001ad6 (0x09311703) lh      a4, 147(sp)
core   0: 3 0x80001ad6 (0x09311703) x14 0x00000000 mem 0x80017ff6
core   0: 0x80001ada (0x01522b33) slt     s6, tp, s5
core   0: 3 0x80001ada (0x01522b33) x22 0x00000000
core   0: 0x80001ade (0x0037eeb3) or      t4, a5, gp
core   0: 3 0x80001ade (0x0037eeb3) x29 0x00000010
core   0: 0x80001ae2 (0xf7110323) sb      a7, -154(sp)
core   0: 3 0x80001ae2 (0xf7110323) mem 0x80017ec9 0x24
core   0: 0x80001ae6 (0x024c3b33) mulhu   s6, s8, tp
core   0: 3 0x80001ae6 (0x024c3b33) x22 0x00000000
core   0: 0x80001aea (0xfae10483) lb      s1, -82(sp)
core   0: 3 0x80001aea (0xfae10483) x9  0x00000000 mem 0x80017f11
core   0: 0x80001aee (0x0000809d) c.srli  s1, 7
core   0: 3 0x80001aee (0x809d) x9  0x00000000
core   0: 0x80001af0 (0x404d2fb7) lui     t6, 0x404d2
core   0: 3 0x80001af0 (0x404d2fb7) x31 0x404d2000
core   0: 0x80001af4 (0xf9914d03) lbu     s10, -103(sp)
core   0: 3 0x80001af4 (0xf9914d03) x26 0x00000000 mem 0x80017efc
core   0: 0x80001af8 (0x417ade93) srai    t4, s5, 23
core   0: 3 0x80001af8 (0x417ade93) x29 0xffffff00
core   0: 0x80001afc (0x00006ce9) c.lui   s9, 0x1a
core   0: 3 0x80001afc (0x6ce9) x25 0x0001a000
core   0: 0x80001afe (0x09414a03) lbu     s4, 148(sp)
core   0: 3 0x80001afe (0x09414a03) x20 0x00000000 mem 0x80017ff7
core   0: 0x80001b02 (0x02c10223) sb      a2, 36(sp)
core   0: 3 0x80001b02 (0x02c10223) mem 0x80017f87 0x00
core   0: 0x80001b06 (0x03d2fc33) remu    s8, t0, t4
core   0: 3 0x80001b06 (0x03d2fc33) x24 0x00200006
core   0: 0x80001b0a (0x03a109a3) sb      s10, 51(sp)
core   0: 3 0x80001b0a (0x03a109a3) mem 0x80017f96 0x00
core   0: 0x80001b0e (0x00014d97) auipc   s11, 0x14
core   0: 3 0x80001b0e (0x00014d97) x27 0x80015b0e
core   0: 0x80001b12 (0x7a6d8d93) addi    s11, s11, 1958
core   0: 3 0x80001b12 (0x7a6d8d93) x27 0x800162b4
core   0: 0x80001b16 (0x0247beb3) mulhu   t4, a5, tp
core   0: 3 0x80001b16 (0x0247beb3) x29 0x00000000
core   0: 0x80001b1a (0x0fad8c03) lb      s8, 250(s11)
core   0: 3 0x80001b1a (0x0fad8c03) x24 0x00000000 mem 0x800163ae
core   0: 0x80001b1e (0x025d8883) lb      a7, 37(s11)
core   0: 3 0x80001b1e (0x025d8883) x17 0x00000000 mem 0x800162d9
core   0: 0x80001b22 (0xfa7dcd03) lbu     s10, -89(s11)
core   0: 3 0x80001b22 (0xfa7dcd03) x26 0x00000000 mem 0x8001625b
core   0: 0x80001b26 (0xfbed83a3) sb      t5, -89(s11)
core   0: 3 0x80001b26 (0xfbed83a3) mem 0x8001625b 0xa4
core   0: 0x80001b2a (0xfa7d8c03) lb      s8, -89(s11)
core   0: 3 0x80001b2a (0xfa7d8c03) x24 0xffffffa4 mem 0x8001625b
core   0: 0x80001b2e (0xf27d8323) sb      t2, -218(s11)
core   0: 3 0x80001b2e (0xf27d8323) mem 0x800161da 0x00
core   0: 0x80001b32 (0x0e6d9d23) sh      t1, 250(s11)
core   0: 3 0x80001b32 (0x0e6d9d23) mem 0x800163ae 0x1a20
core   0: 0x80001b36 (0x07cdc403) lbu     s0, 124(s11)
core   0: 3 0x80001b36 (0x07cdc403) x8  0x00000000 mem 0x80016330
core   0: 0x80001b3a (0x07cdc483) lbu     s1, 124(s11)
core   0: 3 0x80001b3a (0x07cdc483) x9  0x00000000 mem 0x80016330
core   0: 0x80001b3e (0xf14d84a3) sb      s4, -247(s11)
core   0: 3 0x80001b3e (0xf14d84a3) mem 0x800161bd 0x00
core   0: 0x80001b42 (0x0c5d8da3) sb      t0, 219(s11)
core   0: 3 0x80001b42 (0x0c5d8da3) mem 0x8001638f 0x06
core   0: 0x80001b46 (0x03c87c33) remu    s8, a6, t3
core   0: 3 0x80001b46 (0x03c87c33) x24 0x5b4bc1c6
core   0: 0x80001b4a (0x0dbdc283) lbu     t0, 219(s11)
core   0: 3 0x80001b4a (0x0dbdc283) x5  0x00000006 mem 0x8001638f
core   0: 0x80001b4e (0xf69d8703) lb      a4, -151(s11)
core   0: 3 0x80001b4e (0xf69d8703) x14 0x00000000 mem 0x8001621d
core   0: 0x80001b52 (0xfe7dac23) sw      t2, -8(s11)
core   0: 3 0x80001b52 (0xfe7dac23) mem 0x800162ac 0xc1c60000
core   0: 0x80001b56 (0x0000440d) c.li    s0, 3
core   0: 3 0x80001b56 (0x440d) x8  0x00000003
core   0: 0x80001b58 (0x00008eb9) c.xor   a3, a4
core   0: 3 0x80001b58 (0x8eb9) x13 0x00000000
core   0: 0x80001b5a (0xd750a493) slti    s1, ra, -651
core   0: 3 0x80001b5a (0xd750a493) x9  0x00000001
core   0: 0x80001b5e (0x00004d39) c.li    s10, 14
core   0: 3 0x80001b5e (0x4d39) x26 0x0000000e
core   0: 0x80001b60 (0x00006b29) c.lui   s6, 0xa
core   0: 3 0x80001b60 (0x6b29) x22 0x0000a000
core   0: 0x80001b62 (0x000053cd) c.li    t2, -13
core   0: 3 0x80001b62 (0x53cd) x7  0xfffffff3
core   0: 0x80001b64 (0x40d00fb3) sub     t6, zero, a3
core   0: 3 0x80001b64 (0x40d00fb3) x31 0x00000000
core   0: 0x80001b68 (0x00000001) c.nop
core   0: 3 0x80001b68 (0x0001)
core   0: 0x80001b6a (0x402ad313) srai    t1, s5, 2
core   0: 3 0x80001b6a (0x402ad313) x6  0xe0000689
core   0: 0x80001b6e (0x00001465) c.addi  s0, -7
core   0: 3 0x80001b6e (0x1465) x8  0xfffffffc
core   0: 0x80001b70 (0x00000c7e) c.slli  s8, 31
core   0: 3 0x80001b70 (0x0c7e) x24 0x00000000
core   0: 0x80001b72 (0x034ec533) div     a0, t4, s4
core   0: 3 0x80001b72 (0x034ec533) x10 0xffffffff
core   0: 0x80001b76 (0x0000567d) c.li    a2, -1
core   0: 3 0x80001b76 (0x567d) x12 0xffffffff
core   0: 0x80001b78 (0x03c80b33) mul     s6, a6, t3
core   0: 3 0x80001b78 (0x03c80b33) x22 0x497971d0
core   0: 0x80001b7c (0xc7bb6493) ori     s1, s6, -901
core   0: 3 0x80001b7c (0xc7bb6493) x9  0xfffffdfb
core   0: 0x80001b80 (0x01da2bb3) slt     s7, s4, t4
core   0: 3 0x80001b80 (0x01da2bb3) x23 0x00000000
core   0: 0x80001b84 (0x00000001) c.nop
core   0: 3 0x80001b84 (0x0001)
core   0: 0x80001b86 (0x00000001) c.nop
core   0: 3 0x80001b86 (0x0001)
core   0: 0x80001b88 (0x3f34f493) andi    s1, s1, 1011
core   0: 3 0x80001b88 (0x3f34f493) x9  0x000001f3
core   0: 0x80001b8c (0x000088ad) c.andi  s1, 11
core   0: 3 0x80001b8c (0x88ad) x9  0x00000003
core   0: 0x80001b8e (0x00008f75) c.and   a4, a3
core   0: 3 0x80001b8e (0x8f75) x14 0x00000000
core   0: 0x80001b90 (0x23056913) ori     s2, a0, 560
core   0: 3 0x80001b90 (0x23056913) x18 0xffffffff
core   0: 0x80001b94 (0x00000605) c.addi  a2, 1
core   0: 3 0x80001b94 (0x0605) x12 0x00000000
core   0: 0x80001b96 (0x004e38b3) sltu    a7, t3, tp
core   0: 3 0x80001b96 (0x004e38b3) x17 0x00000000
core   0: 0x80001b9a (0x18c52c13) slti    s8, a0, 396
core   0: 3 0x80001b9a (0x18c52c13) x24 0x00000001
core   0: 0x80001b9e (0x022eec33) rem     s8, t4, sp
core   0: 3 0x80001b9e (0x022eec33) x24 0x00000000
core   0: 0x80001ba2 (0x00000001) c.nop
core   0: 3 0x80001ba2 (0x0001)
core   0: 0x80001ba4 (0x0000d26d) c.beqz  a2, pc - 30
core   0: 3 0x80001ba4 (0xd26d)
core   0: 0x80001b86 (0x00000001) c.nop
core   0: 3 0x80001b86 (0x0001)
core   0: 0x80001b88 (0x3f34f493) andi    s1, s1, 1011
core   0: 3 0x80001b88 (0x3f34f493) x9  0x00000003
core   0: 0x80001b8c (0x000088ad) c.andi  s1, 11
core   0: 3 0x80001b8c (0x88ad) x9  0x00000003
core   0: 0x80001b8e (0x00008f75) c.and   a4, a3
core   0: 3 0x80001b8e (0x8f75) x14 0x00000000
core   0: 0x80001b90 (0x23056913) ori     s2, a0, 560
core   0: 3 0x80001b90 (0x23056913) x18 0xffffffff
core   0: 0x80001b94 (0x00000605) c.addi  a2, 1
core   0: 3 0x80001b94 (0x0605) x12 0x00000001
core   0: 0x80001b96 (0x004e38b3) sltu    a7, t3, tp
core   0: 3 0x80001b96 (0x004e38b3) x17 0x00000000
core   0: 0x80001b9a (0x18c52c13) slti    s8, a0, 396
core   0: 3 0x80001b9a (0x18c52c13) x24 0x00000001
core   0: 0x80001b9e (0x022eec33) rem     s8, t4, sp
core   0: 3 0x80001b9e (0x022eec33) x24 0x00000000
core   0: 0x80001ba2 (0x00000001) c.nop
core   0: 3 0x80001ba2 (0x0001)
core   0: 0x80001ba4 (0x0000d26d) c.beqz  a2, pc - 30
core   0: 3 0x80001ba4 (0xd26d)
core   0: 0x80001ba6 (0x000064e1) c.lui   s1, 0x18
core   0: 3 0x80001ba6 (0x64e1) x9  0x00018000
core   0: 0x80001ba8 (0x7843b693) sltiu   a3, t2, 1924
core   0: 3 0x80001ba8 (0x7843b693) x13 0x00000000
core   0: 0x80001bac (0xfa745ee3) bge     s0, t2, pc - 68
core   0: 3 0x80001bac (0xfa745ee3)
core   0: 0x80001b68 (0x00000001) c.nop
core   0: 3 0x80001b68 (0x0001)
core   0: 0x80001b6a (0x402ad313) srai    t1, s5, 2
core   0: 3 0x80001b6a (0x402ad313) x6  0xe0000689
core   0: 0x80001b6e (0x00001465) c.addi  s0, -7
core   0: 3 0x80001b6e (0x1465) x8  0xfffffff5
core   0: 0x80001b70 (0x00000c7e) c.slli  s8, 31
core   0: 3 0x80001b70 (0x0c7e) x24 0x00000000
core   0: 0x80001b72 (0x034ec533) div     a0, t4, s4
core   0: 3 0x80001b72 (0x034ec533) x10 0xffffffff
core   0: 0x80001b76 (0x0000567d) c.li    a2, -1
core   0: 3 0x80001b76 (0x567d) x12 0xffffffff
core   0: 0x80001b78 (0x03c80b33) mul     s6, a6, t3
core   0: 3 0x80001b78 (0x03c80b33) x22 0x497971d0
core   0: 0x80001b7c (0xc7bb6493) ori     s1, s6, -901
core   0: 3 0x80001b7c (0xc7bb6493) x9  0xfffffdfb
core   0: 0x80001b80 (0x01da2bb3) slt     s7, s4, t4
core   0: 3 0x80001b80 (0x01da2bb3) x23 0x00000000
core   0: 0x80001b84 (0x00000001) c.nop
core   0: 3 0x80001b84 (0x0001)
core   0: 0x80001b86 (0x00000001) c.nop
core   0: 3 0x80001b86 (0x0001)
core   0: 0x80001b88 (0x3f34f493) andi    s1, s1, 1011
core   0: 3 0x80001b88 (0x3f34f493) x9  0x000001f3
core   0: 0x80001b8c (0x000088ad) c.andi  s1, 11
core   0: 3 0x80001b8c (0x88ad) x9  0x00000003
core   0: 0x80001b8e (0x00008f75) c.and   a4, a3
core   0: 3 0x80001b8e (0x8f75) x14 0x00000000
core   0: 0x80001b90 (0x23056913) ori     s2, a0, 560
core   0: 3 0x80001b90 (0x23056913) x18 0xffffffff
core   0: 0x80001b94 (0x00000605) c.addi  a2, 1
core   0: 3 0x80001b94 (0x0605) x12 0x00000000
core   0: 0x80001b96 (0x004e38b3) sltu    a7, t3, tp
core   0: 3 0x80001b96 (0x004e38b3) x17 0x00000000
core   0: 0x80001b9a (0x18c52c13) slti    s8, a0, 396
core   0: 3 0x80001b9a (0x18c52c13) x24 0x00000001
core   0: 0x80001b9e (0x022eec33) rem     s8, t4, sp
core   0: 3 0x80001b9e (0x022eec33) x24 0x00000000
core   0: 0x80001ba2 (0x00000001) c.nop
core   0: 3 0x80001ba2 (0x0001)
core   0: 0x80001ba4 (0x0000d26d) c.beqz  a2, pc - 30
core   0: 3 0x80001ba4 (0xd26d)
core   0: 0x80001b86 (0x00000001) c.nop
core   0: 3 0x80001b86 (0x0001)
core   0: 0x80001b88 (0x3f34f493) andi    s1, s1, 1011
core   0: 3 0x80001b88 (0x3f34f493) x9  0x00000003
core   0: 0x80001b8c (0x000088ad) c.andi  s1, 11
core   0: 3 0x80001b8c (0x88ad) x9  0x00000003
core   0: 0x80001b8e (0x00008f75) c.and   a4, a3
core   0: 3 0x80001b8e (0x8f75) x14 0x00000000
core   0: 0x80001b90 (0x23056913) ori     s2, a0, 560
core   0: 3 0x80001b90 (0x23056913) x18 0xffffffff
core   0: 0x80001b94 (0x00000605) c.addi  a2, 1
core   0: 3 0x80001b94 (0x0605) x12 0x00000001
core   0: 0x80001b96 (0x004e38b3) sltu    a7, t3, tp
core   0: 3 0x80001b96 (0x004e38b3) x17 0x00000000
core   0: 0x80001b9a (0x18c52c13) slti    s8, a0, 396
core   0: 3 0x80001b9a (0x18c52c13) x24 0x00000001
core   0: 0x80001b9e (0x022eec33) rem     s8, t4, sp
core   0: 3 0x80001b9e (0x022eec33) x24 0x00000000
core   0: 0x80001ba2 (0x00000001) c.nop
core   0: 3 0x80001ba2 (0x0001)
core   0: 0x80001ba4 (0x0000d26d) c.beqz  a2, pc - 30
core   0: 3 0x80001ba4 (0xd26d)
core   0: 0x80001ba6 (0x000064e1) c.lui   s1, 0x18
core   0: 3 0x80001ba6 (0x64e1) x9  0x00018000
core   0: 0x80001ba8 (0x7843b693) sltiu   a3, t2, 1924
core   0: 3 0x80001ba8 (0x7843b693) x13 0x00000000
core   0: 0x80001bac (0xfa745ee3) bge     s0, t2, pc - 68
core   0: 3 0x80001bac (0xfa745ee3)
core   0: 0x80001b68 (0x00000001) c.nop
core   0: 3 0x80001b68 (0x0001)
core   0: 0x80001b6a (0x402ad313) srai    t1, s5, 2
core   0: 3 0x80001b6a (0x402ad313) x6  0xe0000689
core   0: 0x80001b6e (0x00001465) c.addi  s0, -7
core   0: 3 0x80001b6e (0x1465) x8  0xffffffee
core   0: 0x80001b70 (0x00000c7e) c.slli  s8, 31
core   0: 3 0x80001b70 (0x0c7e) x24 0x00000000
core   0: 0x80001b72 (0x034ec533) div     a0, t4, s4
core   0: 3 0x80001b72 (0x034ec533) x10 0xffffffff
core   0: 0x80001b76 (0x0000567d) c.li    a2, -1
core   0: 3 0x80001b76 (0x567d) x12 0xffffffff
core   0: 0x80001b78 (0x03c80b33) mul     s6, a6, t3
core   0: 3 0x80001b78 (0x03c80b33) x22 0x497971d0
core   0: 0x80001b7c (0xc7bb6493) ori     s1, s6, -901
core   0: 3 0x80001b7c (0xc7bb6493) x9  0xfffffdfb
core   0: 0x80001b80 (0x01da2bb3) slt     s7, s4, t4
core   0: 3 0x80001b80 (0x01da2bb3) x23 0x00000000
core   0: 0x80001b84 (0x00000001) c.nop
core   0: 3 0x80001b84 (0x0001)
core   0: 0x80001b86 (0x00000001) c.nop
core   0: 3 0x80001b86 (0x0001)
core   0: 0x80001b88 (0x3f34f493) andi    s1, s1, 1011
core   0: 3 0x80001b88 (0x3f34f493) x9  0x000001f3
core   0: 0x80001b8c (0x000088ad) c.andi  s1, 11
core   0: 3 0x80001b8c (0x88ad) x9  0x00000003
core   0: 0x80001b8e (0x00008f75) c.and   a4, a3
core   0: 3 0x80001b8e (0x8f75) x14 0x00000000
core   0: 0x80001b90 (0x23056913) ori     s2, a0, 560
core   0: 3 0x80001b90 (0x23056913) x18 0xffffffff
core   0: 0x80001b94 (0x00000605) c.addi  a2, 1
core   0: 3 0x80001b94 (0x0605) x12 0x00000000
core   0: 0x80001b96 (0x004e38b3) sltu    a7, t3, tp
core   0: 3 0x80001b96 (0x004e38b3) x17 0x00000000
core   0: 0x80001b9a (0x18c52c13) slti    s8, a0, 396
core   0: 3 0x80001b9a (0x18c52c13) x24 0x00000001
core   0: 0x80001b9e (0x022eec33) rem     s8, t4, sp
core   0: 3 0x80001b9e (0x022eec33) x24 0x00000000
core   0: 0x80001ba2 (0x00000001) c.nop
core   0: 3 0x80001ba2 (0x0001)
core   0: 0x80001ba4 (0x0000d26d) c.beqz  a2, pc - 30
core   0: 3 0x80001ba4 (0xd26d)
core   0: 0x80001b86 (0x00000001) c.nop
core   0: 3 0x80001b86 (0x0001)
core   0: 0x80001b88 (0x3f34f493) andi    s1, s1, 1011
core   0: 3 0x80001b88 (0x3f34f493) x9  0x00000003
core   0: 0x80001b8c (0x000088ad) c.andi  s1, 11
core   0: 3 0x80001b8c (0x88ad) x9  0x00000003
core   0: 0x80001b8e (0x00008f75) c.and   a4, a3
core   0: 3 0x80001b8e (0x8f75) x14 0x00000000
core   0: 0x80001b90 (0x23056913) ori     s2, a0, 560
core   0: 3 0x80001b90 (0x23056913) x18 0xffffffff
core   0: 0x80001b94 (0x00000605) c.addi  a2, 1
core   0: 3 0x80001b94 (0x0605) x12 0x00000001
core   0: 0x80001b96 (0x004e38b3) sltu    a7, t3, tp
core   0: 3 0x80001b96 (0x004e38b3) x17 0x00000000
core   0: 0x80001b9a (0x18c52c13) slti    s8, a0, 396
core   0: 3 0x80001b9a (0x18c52c13) x24 0x00000001
core   0: 0x80001b9e (0x022eec33) rem     s8, t4, sp
core   0: 3 0x80001b9e (0x022eec33) x24 0x00000000
core   0: 0x80001ba2 (0x00000001) c.nop
core   0: 3 0x80001ba2 (0x0001)
core   0: 0x80001ba4 (0x0000d26d) c.beqz  a2, pc - 30
core   0: 3 0x80001ba4 (0xd26d)
core   0: 0x80001ba6 (0x000064e1) c.lui   s1, 0x18
core   0: 3 0x80001ba6 (0x64e1) x9  0x00018000
core   0: 0x80001ba8 (0x7843b693) sltiu   a3, t2, 1924
core   0: 3 0x80001ba8 (0x7843b693) x13 0x00000000
core   0: 0x80001bac (0xfa745ee3) bge     s0, t2, pc - 68
core   0: 3 0x80001bac (0xfa745ee3)
core   0: 0x80001bb0 (0x00000598) c.addi4spn a4, sp, 704
core   0: 3 0x80001bb0 (0x0598) x14 0x80018223
core   0: 0x80001bb2 (0x03a0036f) jal     t1, pc + 0x3a
core   0: 3 0x80001bb2 (0x03a0036f) x6  0x80001bb6
core   0: 0x80001bec (0x00003ff5) c.jal   pc - 4
core   0: 3 0x80001bec (0x3ff5) x1  0x80001bee
core   0: 0x80001be8 (0xfdfff36f) jal     t1, pc - 0x22
core   0: 3 0x80001be8 (0xfdfff36f) x6  0x80001bec
core   0: 0x80001bc6 (0x01e0036f) jal     t1, pc + 0x1e
core   0: 3 0x80001bc6 (0x01e0036f) x6  0x80001bca
core   0: 0x80001be4 (0x01a0036f) jal     t1, pc + 0x1a
core   0: 3 0x80001be4 (0x01a0036f) x6  0x80001be8
core   0: 0x80001bfe (0x0000bf75) c.j     pc - 68
core   0: 3 0x80001bfe (0xbf75)
core   0: 0x80001bba (0x01200bef) jal     s7, pc + 0x12
core   0: 3 0x80001bba (0x01200bef) x23 0x80001bbe
core   0: 0x80001bcc (0x00a000ef) jal     pc + 0xa
core   0: 3 0x80001bcc (0x00a000ef) x1  0x80001bd0
core   0: 0x80001bd6 (0xffdffaef) jal     s5, pc - 0x4
core   0: 3 0x80001bd6 (0xffdffaef) x21 0x80001bda
core   0: 0x80001bd2 (0x010000ef) jal     pc + 0x10
core   0: 3 0x80001bd2 (0x010000ef) x1  0x80001bd6
core   0: 0x80001be2 (0x000037cd) c.jal   pc - 30
core   0: 3 0x80001be2 (0x37cd) x1  0x80001be4
core   0: 0x80001bc4 (0x0000a825) c.j     pc + 56
core   0: 3 0x80001bc4 (0xa825)
core   0: 0x80001bfc (0x00002011) c.jal   pc + 4
core   0: 3 0x80001bfc (0x2011) x1  0x80001bfe
core   0: 0x80001c00 (0xff3ff0ef) jal     pc - 0xe
core   0: 3 0x80001c00 (0xff3ff0ef) x1  0x80001c04
core   0: 0x80001bf2 (0x0000a009) c.j     pc + 2
core   0: 3 0x80001bf2 (0xa009)
core   0: 0x80001bf4 (0xfe7ff36f) jal     t1, pc - 0x1a
core   0: 3 0x80001bf4 (0xfe7ff36f) x6  0x80001bf8
core   0: 0x80001bda (0x006000ef) jal     pc + 0x6
core   0: 3 0x80001bda (0x006000ef) x1  0x80001bde
core   0: 0x80001be0 (0x00002039) c.jal   pc + 14
core   0: 3 0x80001be0 (0x2039) x1  0x80001be2
core   0: 0x80001bee (0xfd1ffcef) jal     s9, pc - 0x30
core   0: 3 0x80001bee (0xfd1ffcef) x25 0x80001bf2
core   0: 0x80001bbe (0x00002031) c.jal   pc + 12
core   0: 3 0x80001bbe (0x2031) x1  0x80001bc0
core   0: 0x80001bca (0x0000b7fd) c.j     pc - 18
core   0: 3 0x80001bca (0xb7fd)
core   0: 0x80001bb8 (0x0000a021) c.j     pc + 8
core   0: 3 0x80001bb8 (0xa021)
core   0: 0x80001bc0 (0x01e0066f) jal     a2, pc + 0x1e
core   0: 3 0x80001bc0 (0x01e0066f) x12 0x80001bc4
core   0: 0x80001bde (0x00003fcd) c.jal   pc - 14
core   0: 3 0x80001bde (0x3fcd) x1  0x80001be0
core   0: 0x80001bd0 (0x000037dd) c.jal   pc - 26
core   0: 3 0x80001bd0 (0x37dd) x1  0x80001bd2
core   0: 0x80001bb6 (0x0000a089) c.j     pc + 66
core   0: 3 0x80001bb6 (0xa089)
core   0: 0x80001bf8 (0x00c0036f) jal     t1, pc + 0xc
core   0: 3 0x80001bf8 (0x00c0036f) x6  0x80001bfc
core   0: 0x80001c04 (0x00008eed) c.and   a3, a1
core   0: 3 0x80001c04 (0x8eed) x13 0x00000000
core   0: 0x80001c06 (0x000054e9) c.li    s1, -6
core   0: 3 0x80001c06 (0x54e9) x9  0xfffffffa
core   0: 0x80001c08 (0x00000001) c.nop
core   0: 3 0x80001c08 (0x0001)
core   0: 0x80001c0a (0x40658433) sub     s0, a1, t1
core   0: 3 0x80001c0a (0x40658433) x8  0x7fffe3fc
core   0: 0x80001c0e (0x43c6bc13) sltiu   s8, a3, 1084
core   0: 3 0x80001c0e (0x43c6bc13) x24 0x00000001
core   0: 0x80001c12 (0x00000001) c.nop
core   0: 3 0x80001c12 (0x0001)
core   0: 0x80001c14 (0x00005d7d) c.li    s10, -1
core   0: 3 0x80001c14 (0x5d7d) x26 0xffffffff
core   0: 0x80001c16 (0x00000485) c.addi  s1, 1
core   0: 3 0x80001c16 (0x0485) x9  0xfffffffb
core   0: 0x80001c18 (0x00005669) c.li    a2, -6
core   0: 3 0x80001c18 (0x5669) x12 0xfffffffa
core   0: 0x80001c1a (0x000053c9) c.li    t2, -14
core   0: 3 0x80001c1a (0x53c9) x7  0xfffffff2
core   0: 0x80001c1c (0x00009786) c.add   a5, ra
core   0: 3 0x80001c1c (0x9786) x15 0x80001bd2
core   0: 0x80001c1e (0xf604e717) auipc   a4, 0xf604e
core   0: 3 0x80001c1e (0xf604e717) x14 0x7604fc1e
core   0: 0x80001c22 (0x01ac0933) add     s2, s8, s10
core   0: 3 0x80001c22 (0x01ac0933) x18 0x00000000
core   0: 0x80001c26 (0x02e3bb33) mulhu   s6, t2, a4
core   0: 3 0x80001c26 (0x02e3bb33) x22 0x7604fc17
core   0: 0x80001c2a (0x00001671) c.addi  a2, -4
core   0: 3 0x80001c2a (0x1671) x12 0xfffffff6
core   0: 0x80001c2c (0xfe7659e3) bge     a2, t2, pc - 14
core   0: 3 0x80001c2c (0xfe7659e3)
core   0: 0x80001c1e (0xf604e717) auipc   a4, 0xf604e
core   0: 3 0x80001c1e (0xf604e717) x14 0x7604fc1e
core   0: 0x80001c22 (0x01ac0933) add     s2, s8, s10
core   0: 3 0x80001c22 (0x01ac0933) x18 0x00000000
core   0: 0x80001c26 (0x02e3bb33) mulhu   s6, t2, a4
core   0: 3 0x80001c26 (0x02e3bb33) x22 0x7604fc17
core   0: 0x80001c2a (0x00001671) c.addi  a2, -4
core   0: 3 0x80001c2a (0x1671) x12 0xfffffff2
core   0: 0x80001c2c (0xfe7659e3) bge     a2, t2, pc - 14
core   0: 3 0x80001c2c (0xfe7659e3)
core   0: 0x80001c1e (0xf604e717) auipc   a4, 0xf604e
core   0: 3 0x80001c1e (0xf604e717) x14 0x7604fc1e
core   0: 0x80001c22 (0x01ac0933) add     s2, s8, s10
core   0: 3 0x80001c22 (0x01ac0933) x18 0x00000000
core   0: 0x80001c26 (0x02e3bb33) mulhu   s6, t2, a4
core   0: 3 0x80001c26 (0x02e3bb33) x22 0x7604fc17
core   0: 0x80001c2a (0x00001671) c.addi  a2, -4
core   0: 3 0x80001c2a (0x1671) x12 0xffffffee
core   0: 0x80001c2c (0xfe7659e3) bge     a2, t2, pc - 14
core   0: 3 0x80001c2c (0xfe7659e3)
core   0: 0x80001c30 (0xdae70193) addi    gp, a4, -594
core   0: 3 0x80001c30 (0xdae70193) x3  0x7604f9cc
core   0: 0x80001c34 (0x03397b33) remu    s6, s2, s3
core   0: 3 0x80001c34 (0x03397b33) x22 0x00000000
core   0: 0x80001c38 (0x0000f8f9) c.bnez  s1, pc - 42
core   0: 3 0x80001c38 (0xf8f9)
core   0: 0x80001c0e (0x43c6bc13) sltiu   s8, a3, 1084
core   0: 3 0x80001c0e (0x43c6bc13) x24 0x00000001
core   0: 0x80001c12 (0x00000001) c.nop
core   0: 3 0x80001c12 (0x0001)
core   0: 0x80001c14 (0x00005d7d) c.li    s10, -1
core   0: 3 0x80001c14 (0x5d7d) x26 0xffffffff
core   0: 0x80001c16 (0x00000485) c.addi  s1, 1
core   0: 3 0x80001c16 (0x0485) x9  0xfffffffc
core   0: 0x80001c18 (0x00005669) c.li    a2, -6
core   0: 3 0x80001c18 (0x5669) x12 0xfffffffa
core   0: 0x80001c1a (0x000053c9) c.li    t2, -14
core   0: 3 0x80001c1a (0x53c9) x7  0xfffffff2
core   0: 0x80001c1c (0x00009786) c.add   a5, ra
core   0: 3 0x80001c1c (0x9786) x15 0x000037a4
core   0: 0x80001c1e (0xf604e717) auipc   a4, 0xf604e
core   0: 3 0x80001c1e (0xf604e717) x14 0x7604fc1e
core   0: 0x80001c22 (0x01ac0933) add     s2, s8, s10
core   0: 3 0x80001c22 (0x01ac0933) x18 0x00000000
core   0: 0x80001c26 (0x02e3bb33) mulhu   s6, t2, a4
core   0: 3 0x80001c26 (0x02e3bb33) x22 0x7604fc17
core   0: 0x80001c2a (0x00001671) c.addi  a2, -4
core   0: 3 0x80001c2a (0x1671) x12 0xfffffff6
core   0: 0x80001c2c (0xfe7659e3) bge     a2, t2, pc - 14
core   0: 3 0x80001c2c (0xfe7659e3)
core   0: 0x80001c1e (0xf604e717) auipc   a4, 0xf604e
core   0: 3 0x80001c1e (0xf604e717) x14 0x7604fc1e
core   0: 0x80001c22 (0x01ac0933) add     s2, s8, s10
core   0: 3 0x80001c22 (0x01ac0933) x18 0x00000000
core   0: 0x80001c26 (0x02e3bb33) mulhu   s6, t2, a4
core   0: 3 0x80001c26 (0x02e3bb33) x22 0x7604fc17
core   0: 0x80001c2a (0x00001671) c.addi  a2, -4
core   0: 3 0x80001c2a (0x1671) x12 0xfffffff2
core   0: 0x80001c2c (0xfe7659e3) bge     a2, t2, pc - 14
core   0: 3 0x80001c2c (0xfe7659e3)
core   0: 0x80001c1e (0xf604e717) auipc   a4, 0xf604e
core   0: 3 0x80001c1e (0xf604e717) x14 0x7604fc1e
core   0: 0x80001c22 (0x01ac0933) add     s2, s8, s10
core   0: 3 0x80001c22 (0x01ac0933) x18 0x00000000
core   0: 0x80001c26 (0x02e3bb33) mulhu   s6, t2, a4
core   0: 3 0x80001c26 (0x02e3bb33) x22 0x7604fc17
core   0: 0x80001c2a (0x00001671) c.addi  a2, -4
core   0: 3 0x80001c2a (0x1671) x12 0xffffffee
core   0: 0x80001c2c (0xfe7659e3) bge     a2, t2, pc - 14
core   0: 3 0x80001c2c (0xfe7659e3)
core   0: 0x80001c30 (0xdae70193) addi    gp, a4, -594
core   0: 3 0x80001c30 (0xdae70193) x3  0x7604f9cc
core   0: 0x80001c34 (0x03397b33) remu    s6, s2, s3
core   0: 3 0x80001c34 (0x03397b33) x22 0x00000000
core   0: 0x80001c38 (0x0000f8f9) c.bnez  s1, pc - 42
core   0: 3 0x80001c38 (0xf8f9)
core   0: 0x80001c0e (0x43c6bc13) sltiu   s8, a3, 1084
core   0: 3 0x80001c0e (0x43c6bc13) x24 0x00000001
core   0: 0x80001c12 (0x00000001) c.nop
core   0: 3 0x80001c12 (0x0001)
core   0: 0x80001c14 (0x00005d7d) c.li    s10, -1
core   0: 3 0x80001c14 (0x5d7d) x26 0xffffffff
core   0: 0x80001c16 (0x00000485) c.addi  s1, 1
core   0: 3 0x80001c16 (0x0485) x9  0xfffffffd
core   0: 0x80001c18 (0x00005669) c.li    a2, -6
core   0: 3 0x80001c18 (0x5669) x12 0xfffffffa
core   0: 0x80001c1a (0x000053c9) c.li    t2, -14
core   0: 3 0x80001c1a (0x53c9) x7  0xfffffff2
core   0: 0x80001c1c (0x00009786) c.add   a5, ra
core   0: 3 0x80001c1c (0x9786) x15 0x80005376
core   0: 0x80001c1e (0xf604e717) auipc   a4, 0xf604e
core   0: 3 0x80001c1e (0xf604e717) x14 0x7604fc1e
core   0: 0x80001c22 (0x01ac0933) add     s2, s8, s10
core   0: 3 0x80001c22 (0x01ac0933) x18 0x00000000
core   0: 0x80001c26 (0x02e3bb33) mulhu   s6, t2, a4
core   0: 3 0x80001c26 (0x02e3bb33) x22 0x7604fc17
core   0: 0x80001c2a (0x00001671) c.addi  a2, -4
core   0: 3 0x80001c2a (0x1671) x12 0xfffffff6
core   0: 0x80001c2c (0xfe7659e3) bge     a2, t2, pc - 14
core   0: 3 0x80001c2c (0xfe7659e3)
core   0: 0x80001c1e (0xf604e717) auipc   a4, 0xf604e
core   0: 3 0x80001c1e (0xf604e717) x14 0x7604fc1e
core   0: 0x80001c22 (0x01ac0933) add     s2, s8, s10
core   0: 3 0x80001c22 (0x01ac0933) x18 0x00000000
core   0: 0x80001c26 (0x02e3bb33) mulhu   s6, t2, a4
core   0: 3 0x80001c26 (0x02e3bb33) x22 0x7604fc17
core   0: 0x80001c2a (0x00001671) c.addi  a2, -4
core   0: 3 0x80001c2a (0x1671) x12 0xfffffff2
core   0: 0x80001c2c (0xfe7659e3) bge     a2, t2, pc - 14
core   0: 3 0x80001c2c (0xfe7659e3)
core   0: 0x80001c1e (0xf604e717) auipc   a4, 0xf604e
core   0: 3 0x80001c1e (0xf604e717) x14 0x7604fc1e
core   0: 0x80001c22 (0x01ac0933) add     s2, s8, s10
core   0: 3 0x80001c22 (0x01ac0933) x18 0x00000000
core   0: 0x80001c26 (0x02e3bb33) mulhu   s6, t2, a4
core   0: 3 0x80001c26 (0x02e3bb33) x22 0x7604fc17
core   0: 0x80001c2a (0x00001671) c.addi  a2, -4
core   0: 3 0x80001c2a (0x1671) x12 0xffffffee
core   0: 0x80001c2c (0xfe7659e3) bge     a2, t2, pc - 14
core   0: 3 0x80001c2c (0xfe7659e3)
core   0: 0x80001c30 (0xdae70193) addi    gp, a4, -594
core   0: 3 0x80001c30 (0xdae70193) x3  0x7604f9cc
core   0: 0x80001c34 (0x03397b33) remu    s6, s2, s3
core   0: 3 0x80001c34 (0x03397b33) x22 0x00000000
core   0: 0x80001c38 (0x0000f8f9) c.bnez  s1, pc - 42
core   0: 3 0x80001c38 (0xf8f9)
core   0: 0x80001c0e (0x43c6bc13) sltiu   s8, a3, 1084
core   0: 3 0x80001c0e (0x43c6bc13) x24 0x00000001
core   0: 0x80001c12 (0x00000001) c.nop
core   0: 3 0x80001c12 (0x0001)
core   0: 0x80001c14 (0x00005d7d) c.li    s10, -1
core   0: 3 0x80001c14 (0x5d7d) x26 0xffffffff
core   0: 0x80001c16 (0x00000485) c.addi  s1, 1
core   0: 3 0x80001c16 (0x0485) x9  0xfffffffe
core   0: 0x80001c18 (0x00005669) c.li    a2, -6
core   0: 3 0x80001c18 (0x5669) x12 0xfffffffa
core   0: 0x80001c1a (0x000053c9) c.li    t2, -14
core   0: 3 0x80001c1a (0x53c9) x7  0xfffffff2
core   0: 0x80001c1c (0x00009786) c.add   a5, ra
core   0: 3 0x80001c1c (0x9786) x15 0x00006f48
core   0: 0x80001c1e (0xf604e717) auipc   a4, 0xf604e
core   0: 3 0x80001c1e (0xf604e717) x14 0x7604fc1e
core   0: 0x80001c22 (0x01ac0933) add     s2, s8, s10
core   0: 3 0x80001c22 (0x01ac0933) x18 0x00000000
core   0: 0x80001c26 (0x02e3bb33) mulhu   s6, t2, a4
core   0: 3 0x80001c26 (0x02e3bb33) x22 0x7604fc17
core   0: 0x80001c2a (0x00001671) c.addi  a2, -4
core   0: 3 0x80001c2a (0x1671) x12 0xfffffff6
core   0: 0x80001c2c (0xfe7659e3) bge     a2, t2, pc - 14
core   0: 3 0x80001c2c (0xfe7659e3)
core   0: 0x80001c1e (0xf604e717) auipc   a4, 0xf604e
core   0: 3 0x80001c1e (0xf604e717) x14 0x7604fc1e
core   0: 0x80001c22 (0x01ac0933) add     s2, s8, s10
core   0: 3 0x80001c22 (0x01ac0933) x18 0x00000000
core   0: 0x80001c26 (0x02e3bb33) mulhu   s6, t2, a4
core   0: 3 0x80001c26 (0x02e3bb33) x22 0x7604fc17
core   0: 0x80001c2a (0x00001671) c.addi  a2, -4
core   0: 3 0x80001c2a (0x1671) x12 0xfffffff2
core   0: 0x80001c2c (0xfe7659e3) bge     a2, t2, pc - 14
core   0: 3 0x80001c2c (0xfe7659e3)
core   0: 0x80001c1e (0xf604e717) auipc   a4, 0xf604e
core   0: 3 0x80001c1e (0xf604e717) x14 0x7604fc1e
core   0: 0x80001c22 (0x01ac0933) add     s2, s8, s10
core   0: 3 0x80001c22 (0x01ac0933) x18 0x00000000
core   0: 0x80001c26 (0x02e3bb33) mulhu   s6, t2, a4
core   0: 3 0x80001c26 (0x02e3bb33) x22 0x7604fc17
core   0: 0x80001c2a (0x00001671) c.addi  a2, -4
core   0: 3 0x80001c2a (0x1671) x12 0xffffffee
core   0: 0x80001c2c (0xfe7659e3) bge     a2, t2, pc - 14
core   0: 3 0x80001c2c (0xfe7659e3)
core   0: 0x80001c30 (0xdae70193) addi    gp, a4, -594
core   0: 3 0x80001c30 (0xdae70193) x3  0x7604f9cc
core   0: 0x80001c34 (0x03397b33) remu    s6, s2, s3
core   0: 3 0x80001c34 (0x03397b33) x22 0x00000000
core   0: 0x80001c38 (0x0000f8f9) c.bnez  s1, pc - 42
core   0: 3 0x80001c38 (0xf8f9)
core   0: 0x80001c0e (0x43c6bc13) sltiu   s8, a3, 1084
core   0: 3 0x80001c0e (0x43c6bc13) x24 0x00000001
core   0: 0x80001c12 (0x00000001) c.nop
core   0: 3 0x80001c12 (0x0001)
core   0: 0x80001c14 (0x00005d7d) c.li    s10, -1
core   0: 3 0x80001c14 (0x5d7d) x26 0xffffffff
core   0: 0x80001c16 (0x00000485) c.addi  s1, 1
core   0: 3 0x80001c16 (0x0485) x9  0xffffffff
core   0: 0x80001c18 (0x00005669) c.li    a2, -6
core   0: 3 0x80001c18 (0x5669) x12 0xfffffffa
core   0: 0x80001c1a (0x000053c9) c.li    t2, -14
core   0: 3 0x80001c1a (0x53c9) x7  0xfffffff2
core   0: 0x80001c1c (0x00009786) c.add   a5, ra
core   0: 3 0x80001c1c (0x9786) x15 0x80008b1a
core   0: 0x80001c1e (0xf604e717) auipc   a4, 0xf604e
core   0: 3 0x80001c1e (0xf604e717) x14 0x7604fc1e
core   0: 0x80001c22 (0x01ac0933) add     s2, s8, s10
core   0: 3 0x80001c22 (0x01ac0933) x18 0x00000000
core   0: 0x80001c26 (0x02e3bb33) mulhu   s6, t2, a4
core   0: 3 0x80001c26 (0x02e3bb33) x22 0x7604fc17
core   0: 0x80001c2a (0x00001671) c.addi  a2, -4
core   0: 3 0x80001c2a (0x1671) x12 0xfffffff6
core   0: 0x80001c2c (0xfe7659e3) bge     a2, t2, pc - 14
core   0: 3 0x80001c2c (0xfe7659e3)
core   0: 0x80001c1e (0xf604e717) auipc   a4, 0xf604e
core   0: 3 0x80001c1e (0xf604e717) x14 0x7604fc1e
core   0: 0x80001c22 (0x01ac0933) add     s2, s8, s10
core   0: 3 0x80001c22 (0x01ac0933) x18 0x00000000
core   0: 0x80001c26 (0x02e3bb33) mulhu   s6, t2, a4
core   0: 3 0x80001c26 (0x02e3bb33) x22 0x7604fc17
core   0: 0x80001c2a (0x00001671) c.addi  a2, -4
core   0: 3 0x80001c2a (0x1671) x12 0xfffffff2
core   0: 0x80001c2c (0xfe7659e3) bge     a2, t2, pc - 14
core   0: 3 0x80001c2c (0xfe7659e3)
core   0: 0x80001c1e (0xf604e717) auipc   a4, 0xf604e
core   0: 3 0x80001c1e (0xf604e717) x14 0x7604fc1e
core   0: 0x80001c22 (0x01ac0933) add     s2, s8, s10
core   0: 3 0x80001c22 (0x01ac0933) x18 0x00000000
core   0: 0x80001c26 (0x02e3bb33) mulhu   s6, t2, a4
core   0: 3 0x80001c26 (0x02e3bb33) x22 0x7604fc17
core   0: 0x80001c2a (0x00001671) c.addi  a2, -4
core   0: 3 0x80001c2a (0x1671) x12 0xffffffee
core   0: 0x80001c2c (0xfe7659e3) bge     a2, t2, pc - 14
core   0: 3 0x80001c2c (0xfe7659e3)
core   0: 0x80001c30 (0xdae70193) addi    gp, a4, -594
core   0: 3 0x80001c30 (0xdae70193) x3  0x7604f9cc
core   0: 0x80001c34 (0x03397b33) remu    s6, s2, s3
core   0: 3 0x80001c34 (0x03397b33) x22 0x00000000
core   0: 0x80001c38 (0x0000f8f9) c.bnez  s1, pc - 42
core   0: 3 0x80001c38 (0xf8f9)
core   0: 0x80001c0e (0x43c6bc13) sltiu   s8, a3, 1084
core   0: 3 0x80001c0e (0x43c6bc13) x24 0x00000001
core   0: 0x80001c12 (0x00000001) c.nop
core   0: 3 0x80001c12 (0x0001)
core   0: 0x80001c14 (0x00005d7d) c.li    s10, -1
core   0: 3 0x80001c14 (0x5d7d) x26 0xffffffff
core   0: 0x80001c16 (0x00000485) c.addi  s1, 1
core   0: 3 0x80001c16 (0x0485) x9  0x00000000
core   0: 0x80001c18 (0x00005669) c.li    a2, -6
core   0: 3 0x80001c18 (0x5669) x12 0xfffffffa
core   0: 0x80001c1a (0x000053c9) c.li    t2, -14
core   0: 3 0x80001c1a (0x53c9) x7  0xfffffff2
core   0: 0x80001c1c (0x00009786) c.add   a5, ra
core   0: 3 0x80001c1c (0x9786) x15 0x0000a6ec
core   0: 0x80001c1e (0xf604e717) auipc   a4, 0xf604e
core   0: 3 0x80001c1e (0xf604e717) x14 0x7604fc1e
core   0: 0x80001c22 (0x01ac0933) add     s2, s8, s10
core   0: 3 0x80001c22 (0x01ac0933) x18 0x00000000
core   0: 0x80001c26 (0x02e3bb33) mulhu   s6, t2, a4
core   0: 3 0x80001c26 (0x02e3bb33) x22 0x7604fc17
core   0: 0x80001c2a (0x00001671) c.addi  a2, -4
core   0: 3 0x80001c2a (0x1671) x12 0xfffffff6
core   0: 0x80001c2c (0xfe7659e3) bge     a2, t2, pc - 14
core   0: 3 0x80001c2c (0xfe7659e3)
core   0: 0x80001c1e (0xf604e717) auipc   a4, 0xf604e
core   0: 3 0x80001c1e (0xf604e717) x14 0x7604fc1e
core   0: 0x80001c22 (0x01ac0933) add     s2, s8, s10
core   0: 3 0x80001c22 (0x01ac0933) x18 0x00000000
core   0: 0x80001c26 (0x02e3bb33) mulhu   s6, t2, a4
core   0: 3 0x80001c26 (0x02e3bb33) x22 0x7604fc17
core   0: 0x80001c2a (0x00001671) c.addi  a2, -4
core   0: 3 0x80001c2a (0x1671) x12 0xfffffff2
core   0: 0x80001c2c (0xfe7659e3) bge     a2, t2, pc - 14
core   0: 3 0x80001c2c (0xfe7659e3)
core   0: 0x80001c1e (0xf604e717) auipc   a4, 0xf604e
core   0: 3 0x80001c1e (0xf604e717) x14 0x7604fc1e
core   0: 0x80001c22 (0x01ac0933) add     s2, s8, s10
core   0: 3 0x80001c22 (0x01ac0933) x18 0x00000000
core   0: 0x80001c26 (0x02e3bb33) mulhu   s6, t2, a4
core   0: 3 0x80001c26 (0x02e3bb33) x22 0x7604fc17
core   0: 0x80001c2a (0x00001671) c.addi  a2, -4
core   0: 3 0x80001c2a (0x1671) x12 0xffffffee
core   0: 0x80001c2c (0xfe7659e3) bge     a2, t2, pc - 14
core   0: 3 0x80001c2c (0xfe7659e3)
core   0: 0x80001c30 (0xdae70193) addi    gp, a4, -594
core   0: 3 0x80001c30 (0xdae70193) x3  0x7604f9cc
core   0: 0x80001c34 (0x03397b33) remu    s6, s2, s3
core   0: 3 0x80001c34 (0x03397b33) x22 0x00000000
core   0: 0x80001c38 (0x0000f8f9) c.bnez  s1, pc - 42
core   0: 3 0x80001c38 (0xf8f9)
core   0: 0x80001c3a (0x91819317) auipc   t1, 0x91819
core   0: 3 0x80001c3a (0x91819317) x6  0x1181ac3a
core   0: 0x80001c3e (0x00015117) auipc   sp, 0x15
core   0: 3 0x80001c3e (0x00015117) x2  0x80016c3e
core   0: 0x80001c42 (0xf5c10113) addi    sp, sp, -164
core   0: 3 0x80001c42 (0xf5c10113) x2  0x80016b9a
core   0: 0x80001c46 (0xff710ea3) sb      s7, -3(sp)
core   0: 3 0x80001c46 (0xff710ea3) mem 0x80016b97 0xbe
core   0: 0x80001c4a (0x03d10e33) mul     t3, sp, t4
core   0: 3 0x80001c4a (0x03d10e33) x28 0x00000000
core   0: 0x80001c4e (0x02fb3b33) mulhu   s6, s6, a5
core   0: 3 0x80001c4e (0x02fb3b33) x22 0x00000000
core   0: 0x80001c52 (0x00008ff6) c.mv    t6, t4
core   0: 3 0x80001c52 (0x8ff6) x31 0x00000000
core   0: 0x80001c54 (0x03682033) mulhsu  zero, a6, s6
core   0: 3 0x80001c54 (0x03682033)
core   0: 0x80001c58 (0x01adaab3) slt     s5, s11, s10
core   0: 3 0x80001c58 (0x01adaab3) x21 0x00000001
core   0: 0x80001c5c (0x09d12723) sw      t4, 142(sp)
core   0: 3 0x80001c5c (0x09d12723) mem 0x80016c28 0x00000000
core   0: 0x80001c60 (0x00ba1ab3) sll     s5, s4, a1
core   0: 3 0x80001c60 (0x00ba1ab3) x21 0x00000000
core   0: 0x80001c64 (0xf4d14e03) lbu     t3, -179(sp)
core   0: 3 0x80001c64 (0xf4d14e03) x28 0x00000000 mem 0x80016ae7
core   0: 0x80001c68 (0xf41108a3) sb      ra, -175(sp)
core   0: 3 0x80001c68 (0xf41108a3) mem 0x80016aeb 0xd2
core   0: 0x80001c6c (0x02711f23) sh      t2, 62(sp)
core   0: 3 0x80001c6c (0x02711f23) mem 0x80016bd8 0xfff2
core   0: 0x80001c70 (0xfce14383) lbu     t2, -50(sp)
core   0: 3 0x80001c70 (0xfce14383) x7  0x00000000 mem 0x80016b68
core   0: 0x80001c74 (0x01ea08b3) add     a7, s4, t5
core   0: 3 0x80001c74 (0x01ea08b3) x17 0x80025ea4
core   0: 0x80001c78 (0x05c11783) lh      a5, 92(sp)
core   0: 3 0x80001c78 (0x05c11783) x15 0x00000000 mem 0x80016bf6
core   0: 0x80001c7c (0x0ef107a3) sb      a5, 239(sp)
core   0: 3 0x80001c7c (0x0ef107a3) mem 0x80016c89 0x00
core   0: 0x80001c80 (0x0a6100a3) sb      t1, 161(sp)
core   0: 3 0x80001c80 (0x0a6100a3) mem 0x80016c3b 0x3a
core   0: 0x80001c84 (0x29ae6d13) ori     s10, t3, 666
core   0: 3 0x80001c84 (0x29ae6d13) x26 0x0000029a
core   0: 0x80001c88 (0x07611203) lh      tp, 118(sp)
core   0: 3 0x80001c88 (0x07611203) x4  0x00000000 mem 0x80016c10
core   0: 0x80001c8c (0x00010733) add     a4, sp, zero
core   0: 3 0x80001c8c (0x00010733) x14 0x80016b9a
core   0: 0x80001c90 (0xfb012123) sw      a6, -94(sp)
core   0: 3 0x80001c90 (0xfb012123) mem 0x80016b3c 0x5b4bc1c6
core   0: 0x80001c94 (0xf4914083) lbu     ra, -183(sp)
core   0: 3 0x80001c94 (0xf4914083) x1  0x00000000 mem 0x80016ae3
core   0: 0x80001c98 (0x0ee106a3) sb      a4, 237(sp)
core   0: 3 0x80001c98 (0x0ee106a3) mem 0x80016c87 0x9a
core   0: 0x80001c9c (0x000f38b3) sltu    a7, t5, zero
core   0: 3 0x80001c9c (0x000f38b3) x17 0x00000000
core   0: 0x80001ca0 (0x5c6a8213) addi    tp, s5, 1478
core   0: 3 0x80001ca0 (0x5c6a8213) x4  0x000005c6
core   0: 0x80001ca4 (0xfcd10603) lb      a2, -51(sp)
core   0: 3 0x80001ca4 (0xfcd10603) x12 0x00000000 mem 0x80016b67
core   0: 0x80001ca8 (0x021c68b3) rem     a7, s8, ra
core   0: 3 0x80001ca8 (0x021c68b3) x17 0x00000001
core   0: 0x80001cac (0xce6ec713) xori    a4, t4, -794
core   0: 3 0x80001cac (0xce6ec713) x14 0xfffffce6
core   0: 0x80001cb0 (0x000000d9) c.addi  ra, 22
core   0: 3 0x80001cb0 (0x00d9) x1  0x00000016
core   0: 0x80001cb2 (0xdf26be13) sltiu   t3, a3, -526
core   0: 3 0x80001cb2 (0xdf26be13) x28 0x00000001
core   0: 0x80001cb6 (0x01534d33) xor     s10, t1, s5
core   0: 3 0x80001cb6 (0x01534d33) x26 0x1181ac3a
core   0: 0x80001cba (0x0a210e23) sb      sp, 188(sp)
core   0: 3 0x80001cba (0x0a210e23) mem 0x80016c56 0x9a
core   0: 0x80001cbe (0x0173c0b3) xor     ra, t2, s7
core   0: 3 0x80001cbe (0x0173c0b3) x1  0x80001bbe
core   0: 0x80001cc2 (0xf4814d83) lbu     s11, -184(sp)
core   0: 3 0x80001cc2 (0xf4814d83) x27 0x00000000 mem 0x80016ae2
core   0: 0x80001cc6 (0xf8514b03) lbu     s6, -123(sp)
core   0: 3 0x80001cc6 (0xf8514b03) x22 0x00000000 mem 0x80016b1f
core   0: 0x80001cca (0x0056b933) sltu    s2, a3, t0
core   0: 3 0x80001cca (0x0056b933) x18 0x00000001
core   0: 0x80001cce (0x00001a7d) c.addi  s4, -1
core   0: 3 0x80001cce (0x1a7d) x20 0xffffffff
core   0: 0x80001cd0 (0x00000001) c.nop
core   0: 3 0x80001cd0 (0x0001)
core   0: 0x80001cd2 (0x401e8533) sub     a0, t4, ra
core   0: 3 0x80001cd2 (0x401e8533) x10 0x7fffe442
core   0: 0x80001cd6 (0x06410703) lb      a4, 100(sp)
core   0: 3 0x80001cd6 (0x06410703) x14 0x00000000 mem 0x80016bfe
core   0: 0x80001cda (0x40af07b3) sub     a5, t5, a0
core   0: 3 0x80001cda (0x40af07b3) x15 0x00027a62
core   0: 0x80001cde (0x0b811223) sh      s8, 164(sp)
core   0: 3 0x80001cde (0x0b811223) mem 0x80016c3e 0x0001
core   0: 0x80001ce2 (0x000058fd) c.li    a7, -1
core   0: 3 0x80001ce2 (0x58fd) x17 0xffffffff
core   0: 0x80001ce4 (0x00dbf033) and     zero, s7, a3
core   0: 3 0x80001ce4 (0x00dbf033)
core   0: 0x80001ce8 (0x007a9e13) slli    t3, s5, 7
core   0: 3 0x80001ce8 (0x007a9e13) x28 0x00000000
core   0: 0x80001cec (0x01f12123) sw      t6, 2(sp)
core   0: 3 0x80001cec (0x01f12123) mem 0x80016b9c 0x00000000
core   0: 0x80001cf0 (0x07d10183) lb      gp, 125(sp)
core   0: 3 0x80001cf0 (0x07d10183) x3  0x00000000 mem 0x80016c17
core   0: 0x80001cf4 (0xf83b8293) addi    t0, s7, -125
core   0: 3 0x80001cf4 (0xf83b8293) x5  0x80001b41
core   0: 0x80001cf8 (0x038d1fb3) mulh    t6, s10, s8
core   0: 3 0x80001cf8 (0x038d1fb3) x31 0x00000000
core   0: 0x80001cfc (0xf9710e83) lb      t4, -105(sp)
core   0: 3 0x80001cfc (0xf9710e83) x29 0x00000000 mem 0x80016b31
core   0: 0x80001d00 (0x000054fd) c.li    s1, -1
core   0: 3 0x80001d00 (0x54fd) x9  0xffffffff
core   0: 0x80001d02 (0xf5411423) sh      s4, -184(sp)
core   0: 3 0x80001d02 (0xf5411423) mem 0x80016ae2 0xffff
core   0: 0x80001d06 (0xf4114283) lbu     t0, -191(sp)
core   0: 3 0x80001d06 (0xf4114283) x5  0x00000000 mem 0x80016adb
core   0: 0x80001d0a (0xfb212783) lw      a5, -78(sp)
core   0: 3 0x80001d0a (0xfb212783) x15 0x00000000 mem 0x80016b4c
core   0: 0x80001d0e (0x0200036f) jal     t1, pc + 0x20
core   0: 3 0x80001d0e (0x0200036f) x6  0x80001d12
core   0: 0x80001d2e (0xfedff36f) jal     t1, pc - 0x14
core   0: 3 0x80001d2e (0xfedff36f) x6  0x80001d32
core   0: 0x80001d1a (0x00002011) c.jal   pc + 4
core   0: 3 0x80001d1a (0x2011) x1  0x80001d1c
core   0: 0x80001d1e (0x0000a011) c.j     pc + 4
core   0: 3 0x80001d1e (0xa011)
core   0: 0x80001d22 (0x00002009) c.jal   pc + 2
core   0: 3 0x80001d22 (0x2009) x1  0x80001d24
core   0: 0x80001d24 (0x0000b7fd) c.j     pc - 18
core   0: 3 0x80001d24 (0xb7fd)
core   0: 0x80001d12 (0x0180036f) jal     t1, pc + 0x18
core   0: 3 0x80001d12 (0x0180036f) x6  0x80001d16
core   0: 0x80001d2a (0xff3ff26f) jal     tp, pc - 0xe
core   0: 3 0x80001d2a (0xff3ff26f) x4  0x80001d2e
core   0: 0x80001d1c (0x00002011) c.jal   pc + 4
core   0: 3 0x80001d1c (0x2011) x1  0x80001d1e
core   0: 0x80001d20 (0x00002019) c.jal   pc + 6
core   0: 3 0x80001d20 (0x2019) x1  0x80001d22
core   0: 0x80001d26 (0xff1ff36f) jal     t1, pc - 0x10
core   0: 3 0x80001d26 (0xff1ff36f) x6  0x80001d2a
core   0: 0x80001d16 (0x01c007ef) jal     a5, pc + 0x1c
core   0: 3 0x80001d16 (0x01c007ef) x15 0x80001d1a
core   0: 0x80001d32 (0x41be5293) srai    t0, t3, 27
core   0: 3 0x80001d32 (0x41be5293) x5  0x00000000
core   0: 0x80001d36 (0x00017117) auipc   sp, 0x17
core   0: 3 0x80001d36 (0x00017117) x2  0x80018d36
core   0: 0x80001d3a (0x2c510113) addi    sp, sp, 709
core   0: 3 0x80001d3a (0x2c510113) x2  0x80018ffb
core   0: 0x80001d3e (0x035a9ab3) mulh    s5, s5, s5
core   0: 3 0x80001d3e (0x035a9ab3) x21 0x00000000
core   0: 0x80001d42 (0x028457b3) divu    a5, s0, s0
core   0: 3 0x80001d42 (0x028457b3) x15 0x00000001
core   0: 0x80001d46 (0xfde14503) lbu     a0, -34(sp)
core   0: 3 0x80001d46 (0xfde14503) x10 0x00000000 mem 0x80018fd9
core   0: 0x80001d4a (0x00008c49) c.or    s0, a0
core   0: 3 0x80001d4a (0x8c49) x8  0x7fffe3fc
core   0: 0x80001d4c (0x034567b3) rem     a5, a0, s4
core   0: 3 0x80001d4c (0x034567b3) x15 0x00000000
core   0: 0x80001d50 (0xff710783) lb      a5, -9(sp)
core   0: 3 0x80001d50 (0xff710783) x15 0x00000000 mem 0x80018ff2
core   0: 0x80001d54 (0x03314a83) lbu     s5, 51(sp)
core   0: 3 0x80001d54 (0x03314a83) x21 0x00000000 mem 0x8001902e
core   0: 0x80001d58 (0x00b7da13) srli    s4, a5, 11
core   0: 3 0x80001d58 (0x00b7da13) x20 0x00000000
core   0: 0x80001d5c (0x01510e23) sb      s5, 28(sp)
core   0: 3 0x80001d5c (0x01510e23) mem 0x80019017 0x00
core   0: 0x80001d60 (0x00000001) c.nop
core   0: 3 0x80001d60 (0x0001)
core   0: 0x80001d62 (0x015414b3) sll     s1, s0, s5
core   0: 3 0x80001d62 (0x015414b3) x9  0x7fffe3fc
core   0: 0x80001d66 (0xfeb14483) lbu     s1, -21(sp)
core   0: 3 0x80001d66 (0xfeb14483) x9  0x00000000 mem 0x80018fe6
core   0: 0x80001d6a (0x02fadab3) divu    s5, s5, a5
core   0: 3 0x80001d6a (0x02fadab3) x21 0xffffffff
core   0: 0x80001d6e (0xfdb14503) lbu     a0, -37(sp)
core   0: 3 0x80001d6e (0xfdb14503) x10 0x00000000 mem 0x80018fd6
core   0: 0x80001d72 (0xfee14483) lbu     s1, -18(sp)
core   0: 3 0x80001d72 (0xfee14483) x9  0x00000000 mem 0x80018fe9
core   0: 0x80001d76 (0x00008385) c.srli  a5, 1
core   0: 3 0x80001d76 (0x8385) x15 0x00000000
core   0: 0x80001d78 (0x4094dab3) sra     s5, s1, s1
core   0: 3 0x80001d78 (0x4094dab3) x21 0x00000000
core   0: 0x80001d7c (0x02aa74b3) remu    s1, s4, a0
core   0: 3 0x80001d7c (0x02aa74b3) x9  0x00000000
core   0: 0x80001d80 (0x009ac4b3) xor     s1, s5, s1
core   0: 3 0x80001d80 (0x009ac4b3) x9  0x00000000
core   0: 0x80001d84 (0x01fbf517) auipc   a0, 0x1fbf
core   0: 3 0x80001d84 (0x01fbf517) x10 0x81fc0d84
core   0: 0x80001d88 (0x015aa433) slt     s0, s5, s5
core   0: 3 0x80001d88 (0x015aa433) x8  0x00000000
core   0: 0x80001d8c (0xfc710783) lb      a5, -57(sp)
core   0: 3 0x80001d8c (0xfc710783) x15 0x00000000 mem 0x80018fc2
core   0: 0x80001d90 (0x402a5793) srai    a5, s4, 2
core   0: 3 0x80001d90 (0x402a5793) x15 0x00000000
core   0: 0x80001d94 (0x000094d6) c.add   s1, s5
core   0: 3 0x80001d94 (0x94d6) x9  0x00000000
core   0: 0x80001d96 (0xfef10e23) sb      a5, -4(sp)
core   0: 3 0x80001d96 (0xfef10e23) mem 0x80018ff7 0x00
core   0: 0x80001d9a (0xfe510783) lb      a5, -27(sp)
core   0: 3 0x80001d9a (0xfe510783) x15 0x00000000 mem 0x80018fe0
core   0: 0x80001d9e (0x40f7d513) srai    a0, a5, 15
core   0: 3 0x80001d9e (0x40f7d513) x10 0x00000000
core   0: 0x80001da2 (0x03b11a03) lh      s4, 59(sp)
core   0: 3 0x80001da2 (0x03b11a03) x20 0x00000000 mem 0x80019036
core   0: 0x80001da6 (0xfe8113a3) sh      s0, -25(sp)
core   0: 3 0x80001da6 (0xfe8113a3) mem 0x80018fe2 0x0000
core   0: 0x80001daa (0xff912483) lw      s1, -7(sp)
core   0: 3 0x80001daa (0xff912483) x9  0x00000000 mem 0x80018ff4
core   0: 0x80001dae (0xfd010483) lb      s1, -48(sp)
core   0: 3 0x80001dae (0xfd010483) x9  0x00000000 mem 0x80018fcb
core   0: 0x80001db2 (0x0060036f) jal     t1, pc + 0x6
core   0: 3 0x80001db2 (0x0060036f) x6  0x80001db6
core   0: 0x80001db8 (0x0000a029) c.j     pc + 10
core   0: 3 0x80001db8 (0xa029)
core   0: 0x80001dc2 (0x00003fe5) c.jal   pc - 8
core   0: 3 0x80001dc2 (0x3fe5) x1  0x80001dc4
core   0: 0x80001dba (0x00002801) c.jal   pc + 16
core   0: 3 0x80001dba (0x2801) x1  0x80001dbc
core   0: 0x80001dca (0x0000b7f5) c.j     pc - 20
core   0: 3 0x80001dca (0xb7f5)
core   0: 0x80001db6 (0x00002029) c.jal   pc + 10
core   0: 3 0x80001db6 (0x2029) x1  0x80001db8
core   0: 0x80001dc0 (0x0000a019) c.j     pc + 6
core   0: 3 0x80001dc0 (0xa019)
core   0: 0x80001dc6 (0x00c0036f) jal     t1, pc + 0xc
core   0: 3 0x80001dc6 (0x00c0036f) x6  0x80001dca
core   0: 0x80001dd2 (0xfffff4ef) jal     s1, pc - 0x2
core   0: 3 0x80001dd2 (0xfffff4ef) x9  0x80001dd6
core   0: 0x80001dd0 (0x00002031) c.jal   pc + 12
core   0: 3 0x80001dd0 (0x2031) x1  0x80001dd2
core   0: 0x80001ddc (0xffbffa6f) jal     s4, pc - 0x6
core   0: 3 0x80001ddc (0xffbffa6f) x20 0x80001de0
core   0: 0x80001dd6 (0xff7ff0ef) jal     pc - 0xa
core   0: 3 0x80001dd6 (0xff7ff0ef) x1  0x80001dda
core   0: 0x80001dcc (0x00003fcd) c.jal   pc - 14
core   0: 3 0x80001dcc (0x3fcd) x1  0x80001dce
core   0: 0x80001dbe (0x0000bffd) c.j     pc - 2
core   0: 3 0x80001dbe (0xbffd)
core   0: 0x80001dbc (0x00002809) c.jal   pc + 18
core   0: 3 0x80001dbc (0x2809) x1  0x80001dbe
core   0: 0x80001dce (0x0000a031) c.j     pc + 12
core   0: 3 0x80001dce (0xa031)
core   0: 0x80001dda (0x0000b7ed) c.j     pc - 22
core   0: 3 0x80001dda (0xb7ed)
core   0: 0x80001dc4 (0x0000a831) c.j     pc + 28
core   0: 3 0x80001dc4 (0xa831)
core   0: 0x80001de0 (0x012706b3) add     a3, a4, s2
core   0: 3 0x80001de0 (0x012706b3) x13 0x00000001
core   0: 0x80001de4 (0x00004589) c.li    a1, 2
core   0: 3 0x80001de4 (0x4589) x11 0x00000002
core   0: 0x80001de6 (0x00008c91) c.sub   s1, a2
core   0: 3 0x80001de6 (0x8c91) x9  0x80001dd6
core   0: 0x80001de8 (0x00000001) c.nop
core   0: 3 0x80001de8 (0x0001)
core   0: 0x80001dea (0x00000001) c.nop
core   0: 3 0x80001dea (0x0001)
core   0: 0x80001dec (0x02fb4933) div     s2, s6, a5
core   0: 3 0x80001dec (0x02fb4933) x18 0xffffffff
core   0: 0x80001df0 (0x00001594) c.addi4spn a3, sp, 736
core   0: 3 0x80001df0 (0x1594) x13 0x800192db
core   0: 0x80001df2 (0xbbe38e93) addi    t4, t2, -1090
core   0: 3 0x80001df2 (0xbbe38e93) x29 0xfffffbbe
core   0: 0x80001df6 (0x005b9413) slli    s0, s7, 5
core   0: 3 0x80001df6 (0x005b9413) x8  0x000377c0
core   0: 0x80001dfa (0x000015f9) c.addi  a1, -2
core   0: 3 0x80001dfa (0x15f9) x11 0x00000000
core   0: 0x80001dfc (0x0000938a) c.add   t2, sp
core   0: 3 0x80001dfc (0x938a) x7  0x80018ffb
core   0: 0x80001dfe (0x014094b3) sll     s1, ra, s4
core   0: 3 0x80001dfe (0x014094b3) x9  0x80001dbe
core   0: 0x80001e02 (0x0000f9e5) c.bnez  a1, pc - 16
core   0: 3 0x80001e02 (0xf9e5)
core   0: 0x80001e04 (0x0000717d) c.addi16sp sp, -16
core   0: 3 0x80001e04 (0x717d) x2  0x80018feb
core   0: 0x80001e06 (0x0000f897) auipc   a7, 0xf
core   0: 3 0x80001e06 (0x0000f897) x17 0x80010e06
core   0: 0x80001e0a (0xae388893) addi    a7, a7, -1309
core   0: 3 0x80001e0a (0xae388893) x17 0x800108e9
core   0: 0x80001e0e (0x0528cd03) lbu     s10, 82(a7)
core   0: 3 0x80001e0e (0x0528cd03) x26 0x00000070 mem 0x8001093b
core   0: 0x80001e12 (0x6b88afa3) sw      s8, 1727(a7)
core   0: 3 0x80001e12 (0x6b88afa3) mem 0x80010fa8 0x00000001
core   0: 0x80001e16 (0x6bf8d503) lhu     a0, 1727(a7)
core   0: 3 0x80001e16 (0x6bf8d503) x10 0x00000001 mem 0x80010fa8
core   0: 0x80001e1a (0xcb68cd03) lbu     s10, -842(a7)
core   0: 3 0x80001e1a (0xcb68cd03) x26 0x00000000 mem 0x8001059f
core   0: 0x80001e1e (0xcb688503) lb      a0, -842(a7)
core   0: 3 0x80001e1e (0xcb688503) x10 0x00000000 mem 0x8001059f
core   0: 0x80001e22 (0x00336433) or      s0, t1, gp
core   0: 3 0x80001e22 (0x00336433) x8  0x80001dca
core   0: 0x80001e26 (0xca788b23) sb      t2, -842(a7)
core   0: 3 0x80001e26 (0xca788b23) mem 0x8001059f 0xfb
core   0: 0x80001e2a (0xcb988b23) sb      s9, -842(a7)
core   0: 3 0x80001e2a (0xcb988b23) mem 0x8001059f 0xf2
core   0: 0x80001e2e (0xcb68cd03) lbu     s10, -842(a7)
core   0: 3 0x80001e2e (0xcb68cd03) x26 0x000000f2 mem 0x8001059f
core   0: 0x80001e32 (0x40e1de33) sra     t3, gp, a4
core   0: 3 0x80001e32 (0x40e1de33) x28 0x00000000
core   0: 0x80001e36 (0xcb688003) lb      zero, -842(a7)
core   0: 3 0x80001e36 (0xcb688003) mem 0x8001059f
core   0: 0x80001e3a (0xcb688e03) lb      t3, -842(a7)
core   0: 3 0x80001e3a (0xcb688e03) x28 0xfffffff2 mem 0x8001059f
core   0: 0x80001e3e (0x026dcbb3) div     s7, s11, t1
core   0: 3 0x80001e3e (0x026dcbb3) x23 0x00000000
core   0: 0x80001e42 (0x03519a33) mulh    s4, gp, s5
core   0: 3 0x80001e42 (0x03519a33) x20 0x00000000
core   0: 0x80001e46 (0xcb688483) lb      s1, -842(a7)
core   0: 3 0x80001e46 (0xcb688483) x9  0xfffffff2 mem 0x8001059f
core   0: 0x80001e4a (0xcb68c683) lbu     a3, -842(a7)
core   0: 3 0x80001e4a (0xcb68c683) x13 0x000000f2 mem 0x8001059f
core   0: 0x80001e4e (0xcb788b23) sb      s7, -842(a7)
core   0: 3 0x80001e4e (0xcb788b23) mem 0x8001059f 0x00
core   0: 0x80001e52 (0xcb68c003) lbu     zero, -842(a7)
core   0: 3 0x80001e52 (0xcb68c003) mem 0x8001059f
core   0: 0x80001e56 (0x000085c2) c.mv    a1, a6
core   0: 3 0x80001e56 (0x85c2) x11 0x5b4bc1c6
core   0: 0x80001e58 (0xcb688183) lb      gp, -842(a7)
core   0: 3 0x80001e58 (0xcb688183) x3  0x00000000 mem 0x8001059f
core   0: 0x80001e5c (0x00000001) c.nop
core   0: 3 0x80001e5c (0x0001)
core   0: 0x80001e5e (0xcac88b23) sb      a2, -842(a7)
core   0: 3 0x80001e5e (0xcac88b23) mem 0x8001059f 0x00
core   0: 0x80001e62 (0xcb888b23) sb      s8, -842(a7)
core   0: 3 0x80001e62 (0xcb888b23) mem 0x8001059f 0x01
core   0: 0x80001e66 (0xf3088c23) sb      a6, -200(a7)
core   0: 3 0x80001e66 (0xf3088c23) mem 0x80010821 0xc6
core   0: 0x80001e6a (0x0040036f) jal     t1, pc + 0x4
core   0: 3 0x80001e6a (0x0040036f) x6  0x80001e6e
core   0: 0x80001e6e (0x0000a831) c.j     pc + 28
core   0: 3 0x80001e6e (0xa831)
core   0: 0x80001e8a (0x000037fd) c.jal   pc - 18
core   0: 3 0x80001e8a (0x37fd) x1  0x80001e8c
core   0: 0x80001e78 (0x00002031) c.jal   pc + 12
core   0: 3 0x80001e78 (0x2031) x1  0x80001e7a
core   0: 0x80001e84 (0x00003fed) c.jal   pc - 6
core   0: 3 0x80001e84 (0x3fed) x1  0x80001e86
core   0: 0x80001e7e (0x00002009) c.jal   pc + 2
core   0: 3 0x80001e7e (0x2009) x1  0x80001e80
core   0: 0x80001e80 (0x0000bfdd) c.j     pc - 10
core   0: 3 0x80001e80 (0xbfdd)
core   0: 0x80001e76 (0x0000a019) c.j     pc + 6
core   0: 3 0x80001e76 (0xa019)
core   0: 0x80001e7c (0x00002031) c.jal   pc + 12
core   0: 3 0x80001e7c (0x2031) x1  0x80001e7e
core   0: 0x80001e88 (0x0000bfcd) c.j     pc - 14
core   0: 3 0x80001e88 (0xbfcd)
core   0: 0x80001e7a (0x0000bfdd) c.j     pc - 10
core   0: 3 0x80001e7a (0xbfdd)
core   0: 0x80001e70 (0x00002005) c.jal   pc + 32
core   0: 3 0x80001e70 (0x2005) x1  0x80001e72
core   0: 0x80001e90 (0xff7ff0ef) jal     pc - 0xa
core   0: 3 0x80001e90 (0xff7ff0ef) x1  0x80001e94
core   0: 0x80001e86 (0x0000a019) c.j     pc + 6
core   0: 3 0x80001e86 (0xa019)
core   0: 0x80001e8c (0x000037dd) c.jal   pc - 26
core   0: 3 0x80001e8c (0x37dd) x1  0x80001e8e
core   0: 0x80001e72 (0x0100096f) jal     s2, pc + 0x10
core   0: 3 0x80001e72 (0x0100096f) x18 0x80001e76
core   0: 0x80001e82 (0x0000a809) c.j     pc + 18
core   0: 3 0x80001e82 (0xa809)
core   0: 0x80001e94 (0xffbff26f) jal     tp, pc - 0x6
core   0: 3 0x80001e94 (0xffbff26f) x4  0x80001e98
core   0: 0x80001e8e (0x00002029) c.jal   pc + 10
core   0: 3 0x80001e8e (0x2029) x1  0x80001e90
core   0: 0x80001e98 (0x00000e8a) c.slli  t4, 2
core   0: 3 0x80001e98 (0x0e8a) x29 0xffffeef8
core   0: 0x80001e9a (0x0001d117) auipc   sp, 0x1d
core   0: 3 0x80001e9a (0x0001d117) x2  0x8001ee9a
core   0: 0x80001e9e (0x78e10113) addi    sp, sp, 1934
core   0: 3 0x80001e9e (0x78e10113) x2  0x8001f628
core   0: 0x80001ea2 (0x00008a56) c.mv    s4, s5
core   0: 3 0x80001ea2 (0x8a56) x20 0x00000000
core   0: 0x80001ea4 (0x01735013) srli    zero, t1, 23
core   0: 3 0x80001ea4 (0x01735013)
core   0: 0x80001ea8 (0x00f10e83) lb      t4, 15(sp)
core   0: 3 0x80001ea8 (0x00f10e83) x29 0x00000000 mem 0x8001f637
core   0: 0x80001eac (0x00000001) c.nop
core   0: 3 0x80001eac (0x0001)
core   0: 0x80001eae (0x01511323) sh      s5, 6(sp)
core   0: 3 0x80001eae (0x01511323) mem 0x8001f62e 0x0000
core   0: 0x80001eb2 (0x00914683) lbu     a3, 9(sp)
core   0: 3 0x80001eb2 (0x00914683) x13 0x00000000 mem 0x8001f631
core   0: 0x80001eb6 (0x000044b2) c.lwsp  s1, 12(sp)
core   0: 3 0x80001eb6 (0x44b2) x9  0x00000000 mem 0x8001f634
core   0: 0x80001eb8 (0x00008321) c.srli  a4, 8
core   0: 3 0x80001eb8 (0x8321) x14 0x00000000
core   0: 0x80001eba (0x00f10183) lb      gp, 15(sp)
core   0: 3 0x80001eba (0x00f10183) x3  0x00000000 mem 0x8001f637
core   0: 0x80001ebe (0x5293a793) slti    a5, t2, 1321
core   0: 3 0x80001ebe (0x5293a793) x15 0x00000001
core   0: 0x80001ec2 (0x00310503) lb      a0, 3(sp)
core   0: 3 0x80001ec2 (0x00310503) x10 0x00000000 mem 0x8001f62b
core   0: 0x80001ec6 (0x00008f69) c.and   a4, a0
core   0: 3 0x80001ec6 (0x8f69) x14 0x00000000
core   0: 0x80001ec8 (0x03040033) mul     zero, s0, a6
core   0: 3 0x80001ec8 (0x03040033)
core   0: 0x80001ecc (0x4154d933) sra     s2, s1, s5
core   0: 3 0x80001ecc (0x4154d933) x18 0x00000000
core   0: 0x80001ed0 (0x024dcbb3) div     s7, s11, tp
core   0: 3 0x80001ed0 (0x024dcbb3) x23 0x00000000
core   0: 0x80001ed4 (0x015102a3) sb      s5, 5(sp)
core   0: 3 0x80001ed4 (0x015102a3) mem 0x8001f62d 0x00
core   0: 0x80001ed8 (0x00211503) lh      a0, 2(sp)
core   0: 3 0x80001ed8 (0x00211503) x10 0x00000000 mem 0x8001f62a
core   0: 0x80001edc (0x52a98793) addi    a5, s3, 1322
core   0: 3 0x80001edc (0x52a98793) x15 0x8002a24e
core   0: 0x80001ee0 (0x8e1832b7) lui     t0, 0x8e183
core   0: 3 0x80001ee0 (0x8e1832b7) x5  0x8e183000
core   0: 0x80001ee4 (0xa1cf4193) xori    gp, t5, -1508
core   0: 3 0x80001ee4 (0xa1cf4193) x3  0x7ffda4b8
core   0: 0x80001ee8 (0x000042b2) c.lwsp  t0, 12(sp)
core   0: 3 0x80001ee8 (0x42b2) x5  0x00000000 mem 0x8001f634
core   0: 0x80001eea (0x00603bb3) snez    s7, t1
core   0: 3 0x80001eea (0x00603bb3) x23 0x00000001
core   0: 0x80001eee (0x00057cb3) and     s9, a0, zero
core   0: 3 0x80001eee (0x00057cb3) x25 0x00000000
core   0: 0x80001ef2 (0xf26cad93) slti    s11, s9, -218
core   0: 3 0x80001ef2 (0xf26cad93) x27 0x00000000
core   0: 0x80001ef6 (0xffc10ca3) sb      t3, -7(sp)
core   0: 3 0x80001ef6 (0xffc10ca3) mem 0x8001f621 0xf2
core   0: 0x80001efa (0x0000c822) c.swsp  s0, 16(sp)
core   0: 3 0x80001efa (0xc822) mem 0x8001f638 0x80001dca
core   0: 0x80001efc (0x00d14d03) lbu     s10, 13(sp)
core   0: 3 0x80001efc (0x00d14d03) x26 0x00000000 mem 0x8001f635
core   0: 0x80001f00 (0x8fd6e093) ori     ra, a3, -1795
core   0: 3 0x80001f00 (0x8fd6e093) x1  0xfffff8fd
core   0: 0x80001f04 (0x01d106a3) sb      t4, 13(sp)
core   0: 3 0x80001f04 (0x01d106a3) mem 0x8001f635 0x00
core   0: 0x80001f08 (0x028d43b3) div     t2, s10, s0
core   0: 3 0x80001f08 (0x028d43b3) x7  0x00000000
core   0: 0x80001f0c (0x67630cb7) lui     s9, 0x67630
core   0: 3 0x80001f0c (0x67630cb7) x25 0x67630000
core   0: 0x80001f10 (0xff010aa3) sb      a6, -11(sp)
core   0: 3 0x80001f10 (0xff010aa3) mem 0x8001f61d 0xc6
core   0: 0x80001f14 (0xff910ca3) sb      s9, -7(sp)
core   0: 3 0x80001f14 (0xff910ca3) mem 0x8001f621 0x00
core   0: 0x80001f18 (0x00000001) c.nop
core   0: 3 0x80001f18 (0x0001)
core   0: 0x80001f1a (0x0130beb3) sltu    t4, ra, s3
core   0: 3 0x80001f1a (0x0130beb3) x29 0x00000000
core   0: 0x80001f1e (0xff610d03) lb      s10, -10(sp)
core   0: 3 0x80001f1e (0xff610d03) x26 0x00000000 mem 0x8001f61e
core   0: 0x80001f22 (0x000053fd) c.li    t2, -1
core   0: 3 0x80001f22 (0x53fd) x7  0xffffffff
core   0: 0x80001f24 (0x00008c39) c.xor   s0, a4
core   0: 3 0x80001f24 (0x8c39) x8  0x80001dca
core   0: 0x80001f26 (0xff812a03) lw      s4, -8(sp)
core   0: 3 0x80001f26 (0xff812a03) x20 0x00000000 mem 0x8001f620
core   0: 0x80001f2a (0x01299413) slli    s0, s3, 18
core   0: 3 0x80001f2a (0x01299413) x8  0x74900000
core   0: 0x80001f2e (0x00008421) c.srai  s0, 8
core   0: 3 0x80001f2e (0x8421) x8  0x00749000
core   0: 0x80001f30 (0x00310b03) lb      s6, 3(sp)
core   0: 3 0x80001f30 (0x00310b03) x22 0x00000000 mem 0x8001f62b
core   0: 0x80001f34 (0xbc56ed93) ori     s11, a3, -1083
core   0: 3 0x80001f34 (0xbc56ed93) x27 0xfffffbc5
core   0: 0x80001f38 (0x41a8d533) sra     a0, a7, s10
core   0: 3 0x80001f38 (0x41a8d533) x10 0x800108e9
core   0: 0x80001f3c (0x00008f51) c.or    a4, a2
core   0: 3 0x80001f3c (0x8f51) x14 0x00000000
core   0: 0x80001f3e (0xff310d03) lb      s10, -13(sp)
core   0: 3 0x80001f3e (0xff310d03) x26 0x00000000 mem 0x8001f61b
core   0: 0x80001f42 (0xff314f83) lbu     t6, -13(sp)
core   0: 3 0x80001f42 (0xff314f83) x31 0x00000000 mem 0x8001f61b
core   0: 0x80001f46 (0xff910f23) sb      s9, -2(sp)
core   0: 3 0x80001f46 (0xff910f23) mem 0x8001f626 0x00
core   0: 0x80001f4a (0x0000f117) auipc   sp, 0xf
core   0: 3 0x80001f4a (0x0000f117) x2  0x80010f4a
core   0: 0x80001f4e (0xf6910113) addi    sp, sp, -151
core   0: 3 0x80001f4e (0xf6910113) x2  0x80010eb3
core   0: 0x80001f52 (0x0a210403) lb      s0, 162(sp)
core   0: 3 0x80001f52 (0x0a210403) x8  0x00000000 mem 0x80010f55
core   0: 0x80001f56 (0x01710e23) sb      s7, 28(sp)
core   0: 3 0x80001f56 (0x01710e23) mem 0x80010ecf 0x01
core   0: 0x80001f5a (0xa9a8a293) slti    t0, a7, -1382
core   0: 3 0x80001f5a (0xa9a8a293) x5  0x00000001
core   0: 0x80001f5e (0x41155493) srai    s1, a0, 17
core   0: 3 0x80001f5e (0x41155493) x9  0xffffc000
core   0: 0x80001f62 (0x0316beb3) mulhu   t4, a3, a7
core   0: 3 0x80001f62 (0x0316beb3) x29 0x00000000
core   0: 0x80001f66 (0xf04113a3) sh      tp, -249(sp)
core   0: 3 0x80001f66 (0xf04113a3) mem 0x80010dba 0x1e98
core   0: 0x80001f6a (0x00005c7d) c.li    s8, -1
core   0: 3 0x80001f6a (0x5c7d) x24 0xffffffff
core   0: 0x80001f6c (0x0e410323) sb      tp, 230(sp)
core   0: 3 0x80001f6c (0x0e410323) mem 0x80010f99 0x98
core   0: 0x80001f70 (0xfed10523) sb      a3, -22(sp)
core   0: 3 0x80001f70 (0xfed10523) mem 0x80010e9d 0x00
core   0: 0x80001f74 (0xf9610303) lb      t1, -106(sp)
core   0: 3 0x80001f74 (0xf9610303) x6  0x00000000 mem 0x80010e49
core   0: 0x80001f78 (0x5c20ad93) slti    s11, ra, 1474
core   0: 3 0x80001f78 (0x5c20ad93) x27 0x00000001
core   0: 0x80001f7c (0x037a92b3) mulh    t0, s5, s7
core   0: 3 0x80001f7c (0x037a92b3) x5  0x00000000
core   0: 0x80001f80 (0x0ae14403) lbu     s0, 174(sp)
core   0: 3 0x80001f80 (0x0ae14403) x8  0x00000000 mem 0x80010f61
core   0: 0x80001f84 (0x0000995a) c.add   s2, s6
core   0: 3 0x80001f84 (0x995a) x18 0x00000000
core   0: 0x80001f86 (0x00008235) c.srli  a2, 13
core   0: 3 0x80001f86 (0x8235) x12 0x00000000
core   0: 0x80001f88 (0xfaa14f83) lbu     t6, -86(sp)
core   0: 3 0x80001f88 (0xfaa14f83) x31 0x00000000 mem 0x80010e5d
core   0: 0x80001f8c (0x01910023) sb      s9, 0(sp)
core   0: 3 0x80001f8c (0x01910023) mem 0x80010eb3 0x00
core   0: 0x80001f90 (0xfc410fa3) sb      tp, -33(sp)
core   0: 3 0x80001f90 (0xfc410fa3) mem 0x80010e92 0x98
core   0: 0x80001f94 (0xf08fac93) slti    s9, t6, -248
core   0: 3 0x80001f94 (0xf08fac93) x25 0x00000000
core   0: 0x80001f98 (0xff610223) sb      s6, -28(sp)
core   0: 3 0x80001f98 (0xff610223) mem 0x80010e97 0x00
core   0: 0x80001f9c (0x03e3a633) mulhsu  a2, t2, t5
core   0: 3 0x80001f9c (0x03e3a633) x12 0xffffffff
core   0: 0x80001fa0 (0xf35124a3) sw      s5, -215(sp)
core   0: 3 0x80001fa0 (0xf35124a3) mem 0x80010ddc 0x00000000
core   0: 0x80001fa4 (0x07315583) lhu     a1, 115(sp)
core   0: 3 0x80001fa4 (0x07315583) x11 0x00000000 mem 0x80010f26
core   0: 0x80001fa8 (0x002b1193) slli    gp, s6, 2
core   0: 3 0x80001fa8 (0x002b1193) x3  0x00000000
core   0: 0x80001fac (0x02784333) div     t1, a6, t2
core   0: 3 0x80001fac (0x02784333) x6  0xa4b43e3a
core   0: 0x80001fb0 (0xf9010083) lb      ra, -112(sp)
core   0: 3 0x80001fb0 (0xf9010083) x1  0x00000000 mem 0x80010e43
core   0: 0x80001fb4 (0x03915b03) lhu     s6, 57(sp)
core   0: 3 0x80001fb4 (0x03915b03) x22 0x00000000 mem 0x80010eec
core   0: 0x80001fb8 (0xf1315483) lhu     s1, -237(sp)
core   0: 3 0x80001fb8 (0xf1315483) x9  0x00000000 mem 0x80010dc6
core   0: 0x80001fbc (0xfec14503) lbu     a0, -20(sp)
core   0: 3 0x80001fbc (0xfec14503) x10 0x00000000 mem 0x80010e9f
core   0: 0x80001fc0 (0x06d10283) lb      t0, 109(sp)
core   0: 3 0x80001fc0 (0x06d10283) x5  0x00000000 mem 0x80010f20
core   0: 0x80001fc4 (0xf6c14a03) lbu     s4, -148(sp)
core   0: 3 0x80001fc4 (0xf6c14a03) x20 0x00000000 mem 0x80010e1f
core   0: 0x80001fc8 (0xf7414403) lbu     s0, -140(sp)
core   0: 3 0x80001fc8 (0xf7414403) x8  0x00000000 mem 0x80010e27
core   0: 0x80001fcc (0xf7a10c03) lb      s8, -134(sp)
core   0: 3 0x80001fcc (0xf7a10c03) x24 0x00000000 mem 0x80010e2d
core   0: 0x80001fd0 (0xf5810023) sb      s8, -192(sp)
core   0: 3 0x80001fd0 (0xf5810023) mem 0x80010df3 0x00
core   0: 0x80001fd4 (0x0d110323) sb      a7, 198(sp)
core   0: 3 0x80001fd4 (0x0d110323) mem 0x80010f79 0xe9
core   0: 0x80001fd8 (0xfa515683) lhu     a3, -91(sp)
core   0: 3 0x80001fd8 (0xfa515683) x13 0x00000000 mem 0x80010e58
core   0: 0x80001fdc (0x0a010483) lb      s1, 160(sp)
core   0: 3 0x80001fdc (0x0a010483) x9  0x00000000 mem 0x80010f53
core   0: 0x80001fe0 (0x038fd8b3) divu    a7, t6, s8
core   0: 3 0x80001fe0 (0x038fd8b3) x17 0xffffffff
core   0: 0x80001fe4 (0x01014f83) lbu     t6, 16(sp)
core   0: 3 0x80001fe4 (0x01014f83) x31 0x00000000 mem 0x80010ec3
core   0: 0x80001fe8 (0x01d0e033) or      zero, ra, t4
core   0: 3 0x80001fe8 (0x01d0e033)
core   0: 0x80001fec (0xf2e14a03) lbu     s4, -210(sp)
core   0: 3 0x80001fec (0xf2e14a03) x20 0x00000000 mem 0x80010de1
core   0: 0x80001ff0 (0x09b15703) lhu     a4, 155(sp)
core   0: 3 0x80001ff0 (0x09b15703) x14 0x00000000 mem 0x80010f4e
core   0: 0x80001ff4 (0xfc010ca3) sb      zero, -39(sp)
core   0: 3 0x80001ff4 (0xfc010ca3) mem 0x80010e8c 0x00
core   0: 0x80001ff8 (0x0000fe17) auipc   t3, 0xf
core   0: 3 0x80001ff8 (0x0000fe17) x28 0x80010ff8
core   0: 0x80001ffc (0xa92e0e13) addi    t3, t3, -1390
core   0: 3 0x80001ffc (0xa92e0e13) x28 0x80010a8a
core   0: 0x80002000 (0x8c87f937) lui     s2, 0x8c87f
core   0: 3 0x80002000 (0x8c87f937) x18 0x8c87f000
core   0: 0x80002004 (0x24087893) andi    a7, a6, 576
core   0: 3 0x80002004 (0x24087893) x17 0x00000040
core   0: 0x80002008 (0xc7de4903) lbu     s2, -899(t3)
core   0: 3 0x80002008 (0xc7de4903) x18 0x00000000 mem 0x80010707
core   0: 0x8000200c (0x000092da) c.add   t0, s6
core   0: 3 0x8000200c (0x92da) x5  0x00000000
core   0: 0x8000200e (0xac4c8193) addi    gp, s9, -1340
core   0: 3 0x8000200e (0xac4c8193) x3  0xfffffac4
core   0: 0x80002012 (0x4d5e00a3) sb      s5, 1217(t3)
core   0: 3 0x80002012 (0x4d5e00a3) mem 0x80010f4b 0x00
core   0: 0x80002016 (0x000003e9) c.addi  t2, 26
core   0: 3 0x80002016 (0x03e9) x7  0x00000019
core   0: 0x80002018 (0x0027c3b3) xor     t2, a5, sp
core   0: 3 0x80002018 (0x0027c3b3) x7  0x0003acfd
core   0: 0x8000201c (0x246e5c03) lhu     s8, 582(t3)
core   0: 3 0x8000201c (0x246e5c03) x24 0x00000000 mem 0x80010cd0
core   0: 0x80002020 (0xf63e00a3) sb      gp, -159(t3)
core   0: 3 0x80002020 (0xf63e00a3) mem 0x800109eb 0xc4
core   0: 0x80002024 (0x42ce09a3) sb      a2, 1075(t3)
core   0: 3 0x80002024 (0x42ce09a3) mem 0x80010ebd 0xff
core   0: 0x80002028 (0x075e7197) auipc   gp, 0x75e7
core   0: 3 0x80002028 (0x075e7197) x3  0x875e9028
core   0: 0x8000202c (0xb3ce5303) lhu     t1, -1220(t3)
core   0: 3 0x8000202c (0xb3ce5303) x6  0x00000000 mem 0x800105c6
core   0: 0x80002030 (0x00006f99) c.lui   t6, 0x6
core   0: 3 0x80002030 (0x6f99) x31 0x00006000
core   0: 0x80002032 (0x1dee5903) lhu     s2, 478(t3)
core   0: 3 0x80002032 (0x1dee5903) x18 0x00000000 mem 0x80010c68
core   0: 0x80002036 (0x00000818) c.addi4spn a4, sp, 16
core   0: 3 0x80002036 (0x0818) x14 0x80010ec3
core   0: 0x80002038 (0x000087bd) c.srai  a5, 15
core   0: 3 0x80002038 (0x87bd) x15 0xffff0005
core   0: 0x8000203a (0x4d3e06a3) sb      s3, 1229(t3)
core   0: 3 0x8000203a (0x4d3e06a3) mem 0x80010f57 0x24
core   0: 0x8000203e (0x3c8e0a83) lb      s5, 968(t3)
core   0: 3 0x8000203e (0x3c8e0a83) x21 0x00000000 mem 0x80010e52
core   0: 0x80002042 (0xd2ae2f23) sw      a0, -706(t3)
core   0: 3 0x80002042 (0xd2ae2f23) mem 0x800107c8 0x00000000
core   0: 0x80002046 (0x9e9e4d03) lbu     s10, -1559(t3)
core   0: 3 0x80002046 (0x9e9e4d03) x26 0x00000000 mem 0x80010473
core   0: 0x8000204a (0xcdfe0623) sb      t6, -820(t3)
core   0: 3 0x8000204a (0xcdfe0623) mem 0x80010756 0x00
core   0: 0x8000204e (0x03e33033) mulhu   zero, t1, t5
core   0: 3 0x8000204e (0x03e33033)
core   0: 0x80002052 (0x32ee1823) sh      a4, 816(t3)
core   0: 3 0x80002052 (0x32ee1823) mem 0x80010dba 0x0ec3
core   0: 0x80002056 (0xd3ae2c03) lw      s8, -710(t3)
core   0: 3 0x80002056 (0xd3ae2c03) x24 0x00000000 mem 0x800107c4
core   0: 0x8000205a (0x00008ec5) c.or    a3, s1
core   0: 3 0x8000205a (0x8ec5) x13 0x00000000
core   0: 0x8000205c (0x00fa9413) slli    s0, s5, 15
core   0: 3 0x8000205c (0x00fa9413) x8  0x00000000
core   0: 0x80002060 (0x4dce0403) lb      s0, 1244(t3)
core   0: 3 0x80002060 (0x4dce0403) x8  0x00000000 mem 0x80010f66
core   0: 0x80002064 (0xdcde1923) sh      a3, -558(t3)
core   0: 3 0x80002064 (0xdcde1923) mem 0x8001085c 0x0000
core   0: 0x80002068 (0xfede4303) lbu     t1, -19(t3)
core   0: 3 0x80002068 (0xfede4303) x6  0x00000000 mem 0x80010a77
core   0: 0x8000206c (0x0180036f) jal     t1, pc + 0x18
core   0: 3 0x8000206c (0x0180036f) x6  0x80002070
core   0: 0x80002084 (0xff5ff0ef) jal     pc - 0xc
core   0: 3 0x80002084 (0xff5ff0ef) x1  0x80002088
core   0: 0x80002078 (0x00002819) c.jal   pc + 22
core   0: 3 0x80002078 (0x2819) x1  0x8000207a
core   0: 0x8000208e (0xfe7ff0ef) jal     pc - 0x1a
core   0: 3 0x8000208e (0xfe7ff0ef) x1  0x80002092
core   0: 0x80002074 (0xfffff0ef) jal     pc - 0x2
core   0: 3 0x80002074 (0xfffff0ef) x1  0x80002078
core   0: 0x80002072 (0x00002029) c.jal   pc + 10
core   0: 3 0x80002072 (0x2029) x1  0x80002074
core   0: 0x8000207c (0x006001ef) jal     gp, pc + 0x6
core   0: 3 0x8000207c (0x006001ef) x3  0x80002080
core   0: 0x80002082 (0x0000a019) c.j     pc + 6
core   0: 3 0x80002082 (0xa019)
core   0: 0x80002088 (0x004000ef) jal     pc + 0x4
core   0: 3 0x80002088 (0x004000ef) x1  0x8000208c
core   0: 0x8000208c (0x0000b7d5) c.j     pc - 28
core   0: 3 0x8000208c (0xb7d5)
core   0: 0x80002070 (0x0000a029) c.j     pc + 10
core   0: 3 0x80002070 (0xa029)
core   0: 0x8000207a (0x00002019) c.jal   pc + 6
core   0: 3 0x8000207a (0x2019) x1  0x8000207c
core   0: 0x80002080 (0x0000a809) c.j     pc + 18
core   0: 3 0x80002080 (0xa809)
core   0: 0x80002092 (0x00431c33) sll     s8, t1, tp
core   0: 3 0x80002092 (0x00431c33) x24 0x70000000
core   0: 0x80002096 (0x0000e417) auipc   s0, 0xe
core   0: 3 0x80002096 (0x0000e417) x8  0x80010096
core   0: 0x8000209a (0x41340413) addi    s0, s0, 1043
core   0: 3 0x8000209a (0x41340413) x8  0x800104a9
core   0: 0x8000209e (0x41e78033) sub     zero, a5, t5
core   0: 3 0x8000209e (0x41e78033)
core   0: 0x800020a2 (0x4151da33) sra     s4, gp, s5
core   0: 3 0x800020a2 (0x4151da33) x20 0x80002080
core   0: 0x800020a6 (0x025e0ab3) mul     s5, t3, t0
core   0: 3 0x800020a6 (0x025e0ab3) x21 0x00000000
core   0: 0x800020aa (0x02d73633) mulhu   a2, a4, a3
core   0: 3 0x800020aa (0x02d73633) x12 0x00000000
core   0: 0x800020ae (0x036916b3) mulh    a3, s2, s6
core   0: 3 0x800020ae (0x036916b3) x13 0x00000000
core   0: 0x800020b2 (0x0353f3b3) remu    t2, t2, s5
core   0: 3 0x800020b2 (0x0353f3b3) x7  0x0003acfd
core   0: 0x800020b6 (0x03bcfdb3) remu    s11, s9, s11
core   0: 3 0x800020b6 (0x03bcfdb3) x27 0x00000000
core   0: 0x800020ba (0x1ea44e83) lbu     t4, 490(s0)
core   0: 3 0x800020ba (0x1ea44e83) x29 0x00000000 mem 0x80010693
core   0: 0x800020be (0xf7242ba3) sw      s2, -137(s0)
core   0: 3 0x800020be (0xf7242ba3) mem 0x80010420 0x00000000
core   0: 0x800020c2 (0x2ad45103) lhu     sp, 685(s0)
core   0: 3 0x800020c2 (0x2ad45103) x2  0x00000000 mem 0x80010756
core   0: 0x800020c6 (0x00008fb1) c.xor   a5, a2
core   0: 3 0x800020c6 (0x8fb1) x15 0xffff0005
core   0: 0x800020c8 (0x000091aa) c.add   gp, a0
core   0: 3 0x800020c8 (0x91aa) x3  0x80002080
core   0: 0x800020ca (0xe1640503) lb      a0, -490(s0)
core   0: 3 0x800020ca (0xe1640503) x10 0x00000000 mem 0x800102bf
core   0: 0x800020ce (0x00008fa1) c.xor   a5, s0
core   0: 3 0x800020ce (0x8fa1) x15 0x7ffe04ac
core   0: 0x800020d0 (0x4d693913) sltiu   s2, s2, 1238
core   0: 3 0x800020d0 (0x4d693913) x18 0x00000001
core   0: 0x800020d4 (0x63b40f23) sb      s11, 1598(s0)
core   0: 3 0x800020d4 (0x63b40f23) mem 0x80010ae7 0x00
core   0: 0x800020d8 (0x00008f55) c.or    a4, a3
core   0: 3 0x800020d8 (0x8f55) x14 0x80010ec3
core   0: 0x800020da (0x007f78b3) and     a7, t5, t2
core   0: 3 0x800020da (0x007f78b3) x17 0x00020ca4
core   0: 0x800020de (0x03d065b3) rem     a1, zero, t4
core   0: 3 0x800020de (0x03d065b3) x11 0x00000000
core   0: 0x800020e2 (0x00006a09) c.lui   s4, 0x2
core   0: 3 0x800020e2 (0x6a09) x20 0x00002000
core   0: 0x800020e4 (0x4028ddb3) sra     s11, a7, sp
core   0: 3 0x800020e4 (0x4028ddb3) x27 0x00020ca4
core   0: 0x800020e8 (0x02a68eb3) mul     t4, a3, a0
core   0: 3 0x800020e8 (0x02a68eb3) x29 0x00000000
core   0: 0x800020ec (0x00008e55) c.or    a2, a3
core   0: 3 0x800020ec (0x8e55) x12 0x00000000
core   0: 0x800020ee (0x61d400a3) sb      t4, 1537(s0)
core   0: 3 0x800020ee (0x61d400a3) mem 0x80010aaa 0x00
core   0: 0x800020f2 (0x00000001) c.nop
core   0: 3 0x800020f2 (0x0001)
core   0: 0x800020f4 (0x00006dc9) c.lui   s11, 0x12
core   0: 3 0x800020f4 (0x6dc9) x27 0x00012000
core   0: 0x800020f6 (0x018bfdb3) and     s11, s7, s8
core   0: 3 0x800020f6 (0x018bfdb3) x27 0x00000000
core   0: 0x800020fa (0x5b141303) lh      t1, 1457(s0)
core   0: 3 0x800020fa (0x5b141303) x6  0x00000000 mem 0x80010a5a
core   0: 0x800020fe (0x40b15e33) sra     t3, sp, a1
core   0: 3 0x800020fe (0x40b15e33) x28 0x00000000
core   0: 0x80002102 (0x03e50e33) mul     t3, a0, t5
core   0: 3 0x80002102 (0x03e50e33) x28 0x00000000
core   0: 0x80002106 (0x41244183) lbu     gp, 1042(s0)
core   0: 3 0x80002106 (0x41244183) x3  0x00000000 mem 0x800108bb
core   0: 0x8000210a (0x00008f95) c.sub   a5, a3
core   0: 3 0x8000210a (0x8f95) x15 0x7ffe04ac
core   0: 0x8000210c (0x3c545203) lhu     tp, 965(s0)
core   0: 3 0x8000210c (0x3c545203) x4  0x00000000 mem 0x8001086e
core   0: 0x80002110 (0xad55c713) xori    a4, a1, -1323
core   0: 3 0x80002110 (0xad55c713) x14 0xfffffad5
core   0: 0x80002114 (0xbb243b93) sltiu   s7, s0, -1102
core   0: 3 0x80002114 (0xbb243b93) x23 0x00000001
core   0: 0x80002118 (0x00000da6) c.slli  s11, 9
core   0: 3 0x80002118 (0x0da6) x27 0x00000000
core   0: 0x8000211a (0xda640b83) lb      s7, -602(s0)
core   0: 3 0x8000211a (0xda640b83) x23 0x00000000 mem 0x8001024f
core   0: 0x8000211e (0x62941203) lh      tp, 1577(s0)
core   0: 3 0x8000211e (0x62941203) x4  0x00000000 mem 0x80010ad2
core   0: 0x80002122 (0x012ae1b3) or      gp, s5, s2
core   0: 3 0x80002122 (0x012ae1b3) x3  0x00000001
core   0: 0x80002126 (0x3ba414a3) sh      s10, 937(s0)
core   0: 3 0x80002126 (0x3ba414a3) mem 0x80010852 0x0000
core   0: 0x8000212a (0x00abc1b3) xor     gp, s7, a0
core   0: 3 0x8000212a (0x00abc1b3) x3  0x00000000
core   0: 0x8000212e (0x485423a3) sw      t0, 1159(s0)
core   0: 3 0x8000212e (0x485423a3) mem 0x80010930 0x00000000
core   0: 0x80002132 (0x01c0036f) jal     t1, pc + 0x1c
core   0: 3 0x80002132 (0x01c0036f) x6  0x80002136
core   0: 0x8000214e (0x000037fd) c.jal   pc - 18
core   0: 3 0x8000214e (0x37fd) x1  0x80002150
core   0: 0x8000213c (0x0060026f) jal     tp, pc + 0x6
core   0: 3 0x8000213c (0x0060026f) x4  0x80002140
core   0: 0x80002142 (0x00003ffd) c.jal   pc - 2
core   0: 3 0x80002142 (0x3ffd) x1  0x80002144
core   0: 0x80002140 (0x0000a021) c.j     pc + 8
core   0: 3 0x80002140 (0xa021)
core   0: 0x80002148 (0x0000b7fd) c.j     pc - 18
core   0: 3 0x80002148 (0xb7fd)
core   0: 0x80002136 (0x004000ef) jal     pc + 0x4
core   0: 3 0x80002136 (0x004000ef) x1  0x8000213a
core   0: 0x8000213a (0x00002809) c.jal   pc + 18
core   0: 3 0x8000213a (0x2809) x1  0x8000213c
core   0: 0x8000214c (0x0000a029) c.j     pc + 10
core   0: 3 0x8000214c (0xa029)
core   0: 0x80002156 (0x0000bff5) c.j     pc - 4
core   0: 3 0x80002156 (0xbff5)
core   0: 0x80002152 (0xfffff0ef) jal     pc - 0x2
core   0: 3 0x80002152 (0xfffff0ef) x1  0x80002156
core   0: 0x80002150 (0x0000bfd5) c.j     pc - 12
core   0: 3 0x80002150 (0xbfd5)
core   0: 0x80002144 (0x006000ef) jal     pc + 0x6
core   0: 3 0x80002144 (0x006000ef) x1  0x80002148
core   0: 0x8000214a (0x0000a039) c.j     pc + 14
core   0: 3 0x8000214a (0xa039)
core   0: 0x80002158 (0x000081de) c.mv    gp, s7
core   0: 3 0x80002158 (0x81de) x3  0x00000000
core   0: 0x8000215a (0x000044a9) c.li    s1, 10
core   0: 3 0x8000215a (0x44a9) x9  0x0000000a
core   0: 0x8000215c (0x00000001) c.nop
core   0: 3 0x8000215c (0x0001)
core   0: 0x8000215e (0xb84d0637) lui     a2, 0xb84d0
core   0: 3 0x8000215e (0xb84d0637) x12 0xb84d0000
core   0: 0x80002162 (0x03e15933) divu    s2, sp, t5
core   0: 3 0x80002162 (0x03e15933) x18 0x00000000
core   0: 0x80002166 (0x000014d9) c.addi  s1, -10
core   0: 3 0x80002166 (0x14d9) x9  0x00000000
core   0: 0x80002168 (0x00db1293) slli    t0, s6, 13
core   0: 3 0x80002168 (0x00db1293) x5  0x00000000
core   0: 0x8000216c (0x00005759) c.li    a4, -10
core   0: 3 0x8000216c (0x5759) x14 0xfffffff6
core   0: 0x8000216e (0x620c6913) ori     s2, s8, 1568
core   0: 3 0x8000216e (0x620c6913) x18 0x70000620
core   0: 0x80002172 (0x000048ad) c.li    a7, 11
core   0: 3 0x80002172 (0x48ad) x17 0x0000000b
core   0: 0x80002174 (0x03907db3) remu    s11, zero, s9
core   0: 3 0x80002174 (0x03907db3) x27 0x00000000
core   0: 0x80002178 (0x00006441) c.lui   s0, 0x10
core   0: 3 0x80002178 (0x6441) x8  0x00010000
core   0: 0x8000217a (0x0000070d) c.addi  a4, 3
core   0: 3 0x8000217a (0x070d) x14 0xfffffff9
core   0: 0x8000217c (0xff176ce3) bltu    a4, a7, pc - 8
core   0: 3 0x8000217c (0xff176ce3)
core   0: 0x80002180 (0x00b12cb3) slt     s9, sp, a1
core   0: 3 0x80002180 (0x00b12cb3) x25 0x00000000
core   0: 0x80002184 (0x0000fcf9) c.bnez  s1, pc - 34
core   0: 3 0x80002184 (0xfcf9)
core   0: 0x80002186 (0x00008019) c.srli  s0, 6
core   0: 3 0x80002186 (0x8019) x8  0x00000400
core   0: 0x80002188 (0x0240036f) jal     t1, pc + 0x24
core   0: 3 0x80002188 (0x0240036f) x6  0x8000218c
core   0: 0x800021ac (0x000037fd) c.jal   pc - 18
core   0: 3 0x800021ac (0x37fd) x1  0x800021ae
core   0: 0x8000219a (0xff7ff2ef) jal     t0, pc - 0xa
core   0: 3 0x8000219a (0xff7ff2ef) x5  0x8000219e
core   0: 0x80002190 (0x00002039) c.jal   pc + 14
core   0: 3 0x80002190 (0x2039) x1  0x80002192
core   0: 0x8000219e (0x0000a02d) c.j     pc + 42
core   0: 3 0x8000219e (0xa02d)
core   0: 0x800021c8 (0xfe7ff6ef) jal     a3, pc - 0x1a
core   0: 3 0x800021c8 (0xfe7ff6ef) x13 0x800021cc
core   0: 0x800021ae (0x00002021) c.jal   pc + 8
core   0: 3 0x800021ae (0x2021) x1  0x800021b0
core   0: 0x800021b6 (0x00002029) c.jal   pc + 10
core   0: 3 0x800021b6 (0x2029) x1  0x800021b8
core   0: 0x800021c0 (0x0000bfd9) c.j     pc - 42
core   0: 3 0x800021c0 (0xbfd9)
core   0: 0x80002196 (0xff7ff0ef) jal     pc - 0xa
core   0: 3 0x80002196 (0xff7ff0ef) x1  0x8000219a
core   0: 0x8000218c (0x032002ef) jal     t0, pc + 0x32
core   0: 3 0x8000218c (0x032002ef) x5  0x80002190
core   0: 0x800021be (0x0000b7f5) c.j     pc - 20
core   0: 3 0x800021be (0xb7f5)
core   0: 0x800021aa (0x00002019) c.jal   pc + 6
core   0: 3 0x800021aa (0x2019) x1  0x800021ac
core   0: 0x800021b0 (0x00002009) c.jal   pc + 2
core   0: 3 0x800021b0 (0x2009) x1  0x800021b2
core   0: 0x800021b2 (0x006000ef) jal     pc + 0x6
core   0: 3 0x800021b2 (0x006000ef) x1  0x800021b6
core   0: 0x800021b8 (0xfe9ff36f) jal     t1, pc - 0x18
core   0: 3 0x800021b8 (0xfe9ff36f) x6  0x800021bc
core   0: 0x800021a0 (0x0000bfcd) c.j     pc - 14
core   0: 3 0x800021a0 (0xbfcd)
core   0: 0x80002192 (0x014000ef) jal     pc + 0x14
core   0: 3 0x80002192 (0x014000ef) x1  0x80002196
core   0: 0x800021a6 (0x00002839) c.jal   pc + 30
core   0: 3 0x800021a6 (0x2839) x1  0x800021a8
core   0: 0x800021c4 (0xfe5ff0ef) jal     pc - 0x1c
core   0: 3 0x800021c4 (0xfe5ff0ef) x1  0x800021c8
core   0: 0x800021a8 (0x00003fed) c.jal   pc - 6
core   0: 3 0x800021a8 (0x3fed) x1  0x800021aa
core   0: 0x800021a2 (0x0200096f) jal     s2, pc + 0x20
core   0: 3 0x800021a2 (0x0200096f) x18 0x800021a6
core   0: 0x800021c2 (0x00003fed) c.jal   pc - 6
core   0: 3 0x800021c2 (0x3fed) x1  0x800021c4
core   0: 0x800021bc (0x00002801) c.jal   pc + 16
core   0: 3 0x800021bc (0x2801) x1  0x800021be
core   0: 0x800021cc (0x3363a293) slti    t0, t2, 822
core   0: 3 0x800021cc (0x3363a293) x5  0x00000000
core   0: 0x800021d0 (0x00004609) c.li    a2, 2
core   0: 3 0x800021d0 (0x4609) x12 0x00000002
core   0: 0x800021d2 (0x02af6db3) rem     s11, t5, a0
core   0: 3 0x800021d2 (0x02af6db3) x27 0x80025ea4
core   0: 0x800021d6 (0x031d2433) mulhsu  s0, s10, a7
core   0: 3 0x800021d6 (0x031d2433) x8  0x00000000
core   0: 0x800021da (0x00000dd6) c.slli  s11, 21
core   0: 3 0x800021da (0x0dd6) x27 0xd4800000
core   0: 0x800021dc (0x000048c9) c.li    a7, 18
core   0: 3 0x800021dc (0x48c9) x17 0x00000012
core   0: 0x800021de (0x00000001) c.nop
core   0: 3 0x800021de (0x0001)
core   0: 0x800021e0 (0x4053de33) sra     t3, t2, t0
core   0: 3 0x800021e0 (0x4053de33) x28 0x0003acfd
core   0: 0x800021e4 (0xab86a013) slti    zero, a3, -1352
core   0: 3 0x800021e4 (0xab86a013)
core   0: 0x800021e8 (0x9919bb93) sltiu   s7, s3, -1647
core   0: 3 0x800021e8 (0x9919bb93) x23 0x00000001
core   0: 0x800021ec (0x00903ab3) snez    s5, s1
core   0: 3 0x800021ec (0x00903ab3) x21 0x00000000
core   0: 0x800021f0 (0x00006125) c.addi16sp sp, 96
core   0: 3 0x800021f0 (0x6125) x2  0x00000060
core   0: 0x800021f2 (0x9b32f013) andi    zero, t0, -1613
core   0: 3 0x800021f2 (0x9b32f013)
core   0: 0x800021f6 (0x001ed7b3) srl     a5, t4, ra
core   0: 3 0x800021f6 (0x001ed7b3) x15 0x00000000
core   0: 0x800021fa (0xd4bb8513) addi    a0, s7, -693
core   0: 3 0x800021fa (0xd4bb8513) x10 0xfffffd4c
core   0: 0x800021fe (0x0011ae33) slt     t3, gp, ra
core   0: 3 0x800021fe (0x0011ae33) x28 0x00000000
core   0: 0x80002202 (0x02312033) mulhsu  zero, sp, gp
core   0: 3 0x80002202 (0x02312033)
core   0: 0x80002206 (0x0000061d) c.addi  a2, 7
core   0: 3 0x80002206 (0x061d) x12 0x00000009
core   0: 0x80002208 (0x00008dd5) c.or    a1, a3
core   0: 3 0x80002208 (0x8dd5) x11 0x800021cc
core   0: 0x8000220a (0x0000835d) c.srli  a4, 23
core   0: 3 0x8000220a (0x835d) x14 0x000001ff
core   0: 0x8000220c (0x00009bfd) c.andi  a5, -1
core   0: 3 0x8000220c (0x9bfd) x15 0x00000000
core   0: 0x8000220e (0x00000001) c.nop
core   0: 3 0x8000220e (0x0001)
core   0: 0x80002210 (0x00ef5413) srli    s0, t5, 14
core   0: 3 0x80002210 (0x00ef5413) x8  0x00020009
core   0: 0x80002214 (0x4095dcb3) sra     s9, a1, s1
core   0: 3 0x80002214 (0x4095dcb3) x25 0x800021cc
core   0: 0x80002218 (0xfd1643e3) blt     a2, a7, pc - 58
core   0: 3 0x80002218 (0xfd1643e3)
core   0: 0x800021de (0x00000001) c.nop
core   0: 3 0x800021de (0x0001)
core   0: 0x800021e0 (0x4053de33) sra     t3, t2, t0
core   0: 3 0x800021e0 (0x4053de33) x28 0x0003acfd
core   0: 0x800021e4 (0xab86a013) slti    zero, a3, -1352
core   0: 3 0x800021e4 (0xab86a013)
core   0: 0x800021e8 (0x9919bb93) sltiu   s7, s3, -1647
core   0: 3 0x800021e8 (0x9919bb93) x23 0x00000001
core   0: 0x800021ec (0x00903ab3) snez    s5, s1
core   0: 3 0x800021ec (0x00903ab3) x21 0x00000000
core   0: 0x800021f0 (0x00006125) c.addi16sp sp, 96
core   0: 3 0x800021f0 (0x6125) x2  0x000000c0
core   0: 0x800021f2 (0x9b32f013) andi    zero, t0, -1613
core   0: 3 0x800021f2 (0x9b32f013)
core   0: 0x800021f6 (0x001ed7b3) srl     a5, t4, ra
core   0: 3 0x800021f6 (0x001ed7b3) x15 0x00000000
core   0: 0x800021fa (0xd4bb8513) addi    a0, s7, -693
core   0: 3 0x800021fa (0xd4bb8513) x10 0xfffffd4c
core   0: 0x800021fe (0x0011ae33) slt     t3, gp, ra
core   0: 3 0x800021fe (0x0011ae33) x28 0x00000000
core   0: 0x80002202 (0x02312033) mulhsu  zero, sp, gp
core   0: 3 0x80002202 (0x02312033)
core   0: 0x80002206 (0x0000061d) c.addi  a2, 7
core   0: 3 0x80002206 (0x061d) x12 0x00000010
core   0: 0x80002208 (0x00008dd5) c.or    a1, a3
core   0: 3 0x80002208 (0x8dd5) x11 0x800021cc
core   0: 0x8000220a (0x0000835d) c.srli  a4, 23
core   0: 3 0x8000220a (0x835d) x14 0x00000000
core   0: 0x8000220c (0x00009bfd) c.andi  a5, -1
core   0: 3 0x8000220c (0x9bfd) x15 0x00000000
core   0: 0x8000220e (0x00000001) c.nop
core   0: 3 0x8000220e (0x0001)
core   0: 0x80002210 (0x00ef5413) srli    s0, t5, 14
core   0: 3 0x80002210 (0x00ef5413) x8  0x00020009
core   0: 0x80002214 (0x4095dcb3) sra     s9, a1, s1
core   0: 3 0x80002214 (0x4095dcb3) x25 0x800021cc
core   0: 0x80002218 (0xfd1643e3) blt     a2, a7, pc - 58
core   0: 3 0x80002218 (0xfd1643e3)
core   0: 0x800021de (0x00000001) c.nop
core   0: 3 0x800021de (0x0001)
core   0: 0x800021e0 (0x4053de33) sra     t3, t2, t0
core   0: 3 0x800021e0 (0x4053de33) x28 0x0003acfd
core   0: 0x800021e4 (0xab86a013) slti    zero, a3, -1352
core   0: 3 0x800021e4 (0xab86a013)
core   0: 0x800021e8 (0x9919bb93) sltiu   s7, s3, -1647
core   0: 3 0x800021e8 (0x9919bb93) x23 0x00000001
core   0: 0x800021ec (0x00903ab3) snez    s5, s1
core   0: 3 0x800021ec (0x00903ab3) x21 0x00000000
core   0: 0x800021f0 (0x00006125) c.addi16sp sp, 96
core   0: 3 0x800021f0 (0x6125) x2  0x00000120
core   0: 0x800021f2 (0x9b32f013) andi    zero, t0, -1613
core   0: 3 0x800021f2 (0x9b32f013)
core   0: 0x800021f6 (0x001ed7b3) srl     a5, t4, ra
core   0: 3 0x800021f6 (0x001ed7b3) x15 0x00000000
core   0: 0x800021fa (0xd4bb8513) addi    a0, s7, -693
core   0: 3 0x800021fa (0xd4bb8513) x10 0xfffffd4c
core   0: 0x800021fe (0x0011ae33) slt     t3, gp, ra
core   0: 3 0x800021fe (0x0011ae33) x28 0x00000000
core   0: 0x80002202 (0x02312033) mulhsu  zero, sp, gp
core   0: 3 0x80002202 (0x02312033)
core   0: 0x80002206 (0x0000061d) c.addi  a2, 7
core   0: 3 0x80002206 (0x061d) x12 0x00000017
core   0: 0x80002208 (0x00008dd5) c.or    a1, a3
core   0: 3 0x80002208 (0x8dd5) x11 0x800021cc
core   0: 0x8000220a (0x0000835d) c.srli  a4, 23
core   0: 3 0x8000220a (0x835d) x14 0x00000000
core   0: 0x8000220c (0x00009bfd) c.andi  a5, -1
core   0: 3 0x8000220c (0x9bfd) x15 0x00000000
core   0: 0x8000220e (0x00000001) c.nop
core   0: 3 0x8000220e (0x0001)
core   0: 0x80002210 (0x00ef5413) srli    s0, t5, 14
core   0: 3 0x80002210 (0x00ef5413) x8  0x00020009
core   0: 0x80002214 (0x4095dcb3) sra     s9, a1, s1
core   0: 3 0x80002214 (0x4095dcb3) x25 0x800021cc
core   0: 0x80002218 (0xfd1643e3) blt     a2, a7, pc - 58
core   0: 3 0x80002218 (0xfd1643e3)
core   0: 0x8000221c (0x00006541) c.lui   a0, 0x10
core   0: 3 0x8000221c (0x6541) x10 0x00010000
core   0: 0x8000221e (0x00a0036f) jal     t1, pc + 0xa
core   0: 3 0x8000221e (0x00a0036f) x6  0x80002222
core   0: 0x80002228 (0x0000a015) c.j     pc + 36
core   0: 3 0x80002228 (0xa015)
core   0: 0x8000224c (0xfe7ff0ef) jal     pc - 0x1a
core   0: 3 0x8000224c (0xfe7ff0ef) x1  0x80002250
core   0: 0x80002232 (0x00002809) c.jal   pc + 18
core   0: 3 0x80002232 (0x2809) x1  0x80002234
core   0: 0x80002244 (0x0000a019) c.j     pc + 6
core   0: 3 0x80002244 (0xa019)
core   0: 0x8000224a (0x000037d5) c.jal   pc - 28
core   0: 3 0x8000224a (0x37d5) x1  0x8000224c
core   0: 0x8000222e (0x010000ef) jal     pc + 0x10
core   0: 3 0x8000222e (0x010000ef) x1  0x80002232
core   0: 0x8000223e (0xff7ffeef) jal     t4, pc - 0xa
core   0: 3 0x8000223e (0xff7ffeef) x29 0x80002242
core   0: 0x80002234 (0x00002011) c.jal   pc + 4
core   0: 3 0x80002234 (0x2011) x1  0x80002236
core   0: 0x80002238 (0x00002801) c.jal   pc + 16
core   0: 3 0x80002238 (0x2801) x1  0x8000223a
core   0: 0x80002248 (0x0000bfcd) c.j     pc - 14
core   0: 3 0x80002248 (0xbfcd)
core   0: 0x8000223a (0xff1ff0ef) jal     pc - 0x10
core   0: 3 0x8000223a (0xff1ff0ef) x1  0x8000223e
core   0: 0x8000222a (0x0180036f) jal     t1, pc + 0x18
core   0: 3 0x8000222a (0x0180036f) x6  0x8000222e
core   0: 0x80002242 (0x00002011) c.jal   pc + 4
core   0: 3 0x80002242 (0x2011) x1  0x80002244
core   0: 0x80002246 (0x0000bff9) c.j     pc - 34
core   0: 3 0x80002246 (0xbff9)
core   0: 0x80002224 (0xfffff36f) jal     t1, pc - 0x2
core   0: 3 0x80002224 (0xfffff36f) x6  0x80002228
core   0: 0x80002222 (0x0000a811) c.j     pc + 20
core   0: 3 0x80002222 (0xa811)
core   0: 0x80002236 (0x00002829) c.jal   pc + 26
core   0: 3 0x80002236 (0x2829) x1  0x80002238
core   0: 0x80002250 (0x0000644d) c.lui   s0, 0x13
core   0: 3 0x80002250 (0x644d) x8  0x00013000
core   0: 0x80002252 (0x01e0036f) jal     t1, pc + 0x1e
core   0: 3 0x80002252 (0x01e0036f) x6  0x80002256
core   0: 0x80002270 (0x0000bfcd) c.j     pc - 14
core   0: 3 0x80002270 (0xbfcd)
core   0: 0x80002262 (0x0000a801) c.j     pc + 16
core   0: 3 0x80002262 (0xa801)
core   0: 0x80002272 (0x000037f5) c.jal   pc - 20
core   0: 3 0x80002272 (0x37f5) x1  0x80002274
core   0: 0x8000225e (0x00002821) c.jal   pc + 24
core   0: 3 0x8000225e (0x2821) x1  0x80002260
core   0: 0x80002276 (0x000037cd) c.jal   pc - 30
core   0: 3 0x80002276 (0x37cd) x1  0x80002278
core   0: 0x80002258 (0x0000280d) c.jal   pc + 50
core   0: 3 0x80002258 (0x280d) x1  0x8000225a
core   0: 0x8000228a (0x000037cd) c.jal   pc - 30
core   0: 3 0x8000228a (0x37cd) x1  0x8000228c
core   0: 0x8000226c (0x008000ef) jal     pc + 0x8
core   0: 3 0x8000226c (0x008000ef) x1  0x80002270
core   0: 0x80002274 (0x00003fd5) c.jal   pc - 12
core   0: 3 0x80002274 (0x3fd5) x1  0x80002276
core   0: 0x80002268 (0x00002809) c.jal   pc + 18
core   0: 3 0x80002268 (0x2809) x1  0x8000226a
core   0: 0x8000227a (0x0000a021) c.j     pc + 8
core   0: 3 0x8000227a (0xa021)
core   0: 0x80002282 (0xfdfff36f) jal     t1, pc - 0x22
core   0: 3 0x80002282 (0xfdfff36f) x6  0x80002286
core   0: 0x80002260 (0x00002035) c.jal   pc + 44
core   0: 3 0x80002260 (0x2035) x1  0x80002262
core   0: 0x8000228c (0x00003fed) c.jal   pc - 6
core   0: 3 0x8000228c (0x3fed) x1  0x8000228e
core   0: 0x80002286 (0xfe5ff0ef) jal     pc - 0x1c
core   0: 3 0x80002286 (0xfe5ff0ef) x1  0x8000228a
core   0: 0x8000226a (0x0000bfed) c.j     pc - 6
core   0: 3 0x8000226a (0xbfed)
core   0: 0x80002264 (0xff3ff0ef) jal     pc - 0xe
core   0: 3 0x80002264 (0xff3ff0ef) x1  0x80002268
core   0: 0x80002256 (0x0000a00d) c.j     pc + 34
core   0: 3 0x80002256 (0xa00d)
core   0: 0x80002278 (0x000037cd) c.jal   pc - 30
core   0: 3 0x80002278 (0x37cd) x1  0x8000227a
core   0: 0x8000225a (0x024000ef) jal     pc + 0x24
core   0: 3 0x8000225a (0x024000ef) x1  0x8000225e
core   0: 0x8000227e (0xfffff36f) jal     t1, pc - 0x2
core   0: 3 0x8000227e (0xfffff36f) x6  0x80002282
core   0: 0x8000227c (0x00002809) c.jal   pc + 18
core   0: 3 0x8000227c (0x2809) x1  0x8000227e
core   0: 0x8000228e (0x004000ef) jal     pc + 0x4
core   0: 3 0x8000228e (0x004000ef) x1  0x80002292
core   0: 0x80002292 (0x01002ab3) slt     s5, zero, a6
core   0: 3 0x80002292 (0x01002ab3) x21 0x00000001
core   0: 0x80002296 (0x0000fb17) auipc   s6, 0xf
core   0: 3 0x80002296 (0x0000fb17) x22 0x80011296
core   0: 0x8000229a (0xa7fb0b13) addi    s6, s6, -1409
core   0: 3 0x8000229a (0xa7fb0b13) x22 0x80010d15
core   0: 0x8000229e (0xc48b0823) sb      s0, -944(s6)
core   0: 3 0x8000229e (0xc48b0823) mem 0x80010965 0x00
core   0: 0x800022a2 (0x00008ed5) c.or    a3, a3
core   0: 3 0x800022a2 (0x8ed5) x13 0x800021cc
core   0: 0x800022a4 (0x008042b3) xor     t0, zero, s0
core   0: 3 0x800022a4 (0x008042b3) x5  0x00013000
core   0: 0x800022a8 (0x02da12b3) mulh    t0, s4, a3
core   0: 3 0x800022a8 (0x02da12b3) x5  0xfffff000
core   0: 0x800022ac (0x9c5b1003) lh      zero, -1595(s6)
core   0: 3 0x800022ac (0x9c5b1003) mem 0x800106da
core   0: 0x800022b0 (0xdc444293) xori    t0, s0, -572
core   0: 3 0x800022b0 (0xdc444293) x5  0xfffecdc4
core   0: 0x800022b4 (0x401a5093) srai    ra, s4, 1
core   0: 3 0x800022b4 (0x401a5093) x1  0x00001000
core   0: 0x800022b8 (0x00009416) c.add   s0, t0
core   0: 3 0x800022b8 (0x9416) x8  0xfffffdc4
core   0: 0x800022ba (0xbfc44093) xori    ra, s0, -1028
core   0: 3 0x800022ba (0xbfc44093) x1  0x00000638
core   0: 0x800022be (0x299b5a03) lhu     s4, 665(s6)
core   0: 3 0x800022be (0x299b5a03) x20 0x00000000 mem 0x80010fae
core   0: 0x800022c2 (0x001a36b3) sltu    a3, s4, ra
core   0: 3 0x800022c2 (0x001a36b3) x13 0x00000001
core   0: 0x800022c6 (0x8aeb4683) lbu     a3, -1874(s6)
core   0: 3 0x800022c6 (0x8aeb4683) x13 0x00000000 mem 0x800105c3
core   0: 0x800022ca (0x021a3a33) mulhu   s4, s4, ra
core   0: 3 0x800022ca (0x021a3a33) x20 0x00000000
core   0: 0x800022ce (0x5f4962b7) lui     t0, 0x5f496
core   0: 3 0x800022ce (0x5f4962b7) x5  0x5f496000
core   0: 0x800022d2 (0xa61b15a3) sh      ra, -1429(s6)
core   0: 3 0x800022d2 (0xa61b15a3) mem 0x80010780 0x0638
core   0: 0x800022d6 (0x00000a72) c.slli  s4, 28
core   0: 3 0x800022d6 (0x0a72) x20 0x00000000
core   0: 0x800022d8 (0x905b21a3) sw      t0, -1789(s6)
core   0: 3 0x800022d8 (0x905b21a3) mem 0x80010618 0x5f496000
core   0: 0x800022dc (0xca1b0223) sb      ra, -860(s6)
core   0: 3 0x800022dc (0xca1b0223) mem 0x800109b9 0x38
core   0: 0x800022e0 (0xfc8b0083) lb      ra, -56(s6)
core   0: 3 0x800022e0 (0xfc8b0083) x1  0x00000000 mem 0x80010cdd
core   0: 0x800022e4 (0x0d0b0a03) lb      s4, 208(s6)
core   0: 3 0x800022e4 (0x0d0b0a03) x20 0x00000000 mem 0x80010de5
core   0: 0x800022e8 (0x2e4dfa17) auipc   s4, 0x2e4df
core   0: 3 0x800022e8 (0x2e4dfa17) x20 0xae4e12e8
core   0: 0x800022ec (0x00008c35) c.xor   s0, a3
core   0: 3 0x800022ec (0x8c35) x8  0xfffffdc4
core   0: 0x800022ee (0xe4db0123) sb      a3, -446(s6)
core   0: 3 0x800022ee (0xe4db0123) mem 0x80010b57 0x00
core   0: 0x800022f2 (0xac2b0083) lb      ra, -1342(s6)
core   0: 3 0x800022f2 (0xac2b0083) x1  0x00000000 mem 0x800107d7
core   0: 0x800022f6 (0xe2db0323) sb      a3, -474(s6)
core   0: 3 0x800022f6 (0xe2db0323) mem 0x80010b3b 0x00
core   0: 0x800022fa (0x00009296) c.add   t0, t0
core   0: 3 0x800022fa (0x9296) x5  0xbe92c000
core   0: 0x800022fc (0x00009096) c.add   ra, t0
core   0: 3 0x800022fc (0x9096) x1  0xbe92c000
core   0: 0x800022fe (0xf14b15a3) sh      s4, -245(s6)
core   0: 3 0x800022fe (0xf14b15a3) mem 0x80010c20 0x12e8
core   0: 0x80002302 (0xbd4b1da3) sh      s4, -1061(s6)
core   0: 3 0x80002302 (0xbd4b1da3) mem 0x800108f0 0x12e8
core   0: 0x80002306 (0x0001d117) auipc   sp, 0x1d
core   0: 3 0x80002306 (0x0001d117) x2  0x8001f306
core   0: 0x8000230a (0x70c10113) addi    sp, sp, 1804
core   0: 3 0x8000230a (0x70c10113) x2  0x8001fa12
core   0: 0x8000230e (0x0012d1b3) srl     gp, t0, ra
core   0: 3 0x8000230e (0x0012d1b3) x3  0xbe92c000
core   0: 0x80002312 (0x40155433) sra     s0, a0, ra
core   0: 3 0x80002312 (0x40155433) x8  0x00010000
core   0: 0x80002316 (0x01c104a3) sb      t3, 9(sp)
core   0: 3 0x80002316 (0x01c104a3) mem 0x8001fa1b 0x00
core   0: 0x8000231a (0xff710183) lb      gp, -9(sp)
core   0: 3 0x8000231a (0xff710183) x3  0x00000000 mem 0x8001fa09
core   0: 0x8000231e (0x00310b03) lb      s6, 3(sp)
core   0: 3 0x8000231e (0x00310b03) x22 0x00000000 mem 0x8001fa15
core   0: 0x80002322 (0x03fb78b3) remu    a7, s6, t6
core   0: 3 0x80002322 (0x03fb78b3) x17 0x00000000
core   0: 0x80002326 (0x01612323) sw      s6, 6(sp)
core   0: 3 0x80002326 (0x01612323) mem 0x8001fa18 0x00000000
core   0: 0x8000232a (0x004d1233) sll     tp, s10, tp
core   0: 3 0x8000232a (0x004d1233) x4  0x00000000
core   0: 0x8000232e (0xff810283) lb      t0, -8(sp)
core   0: 3 0x8000232e (0xff810283) x5  0x00000000 mem 0x8001fa0a
core   0: 0x80002332 (0x40f5d693) srai    a3, a1, 15
core   0: 3 0x80002332 (0x40f5d693) x13 0xffff0000
core   0: 0x80002336 (0x00000001) c.nop
core   0: 3 0x80002336 (0x0001)
core   0: 0x80002338 (0xff811203) lh      tp, -8(sp)
core   0: 3 0x80002338 (0xff811203) x4  0x00000000 mem 0x8001fa0a
core   0: 0x8000233c (0x036e5933) divu    s2, t3, s6
core   0: 3 0x8000233c (0x036e5933) x18 0xffffffff
core   0: 0x80002340 (0x31188fb7) lui     t6, 0x31188
core   0: 3 0x80002340 (0x31188fb7) x31 0x31188000
core   0: 0x80002344 (0x003106a3) sb      gp, 13(sp)
core   0: 3 0x80002344 (0x003106a3) mem 0x8001fa1f 0x00
core   0: 0x80002348 (0x0036f933) and     s2, a3, gp
core   0: 3 0x80002348 (0x0036f933) x18 0x00000000
core   0: 0x8000234c (0x00008fa9) c.xor   a5, a0
core   0: 3 0x8000234c (0x8fa9) x15 0x00010000
core   0: 0x8000234e (0x00a15d03) lhu     s10, 10(sp)
core   0: 3 0x8000234e (0x00a15d03) x26 0x00000000 mem 0x8001fa1c
core   0: 0x80002352 (0x010ac8b3) xor     a7, s5, a6
core   0: 3 0x80002352 (0x010ac8b3) x17 0x5b4bc1c7
core   0: 0x80002356 (0x1b2eea37) lui     s4, 0x1b2ee
core   0: 3 0x80002356 (0x1b2eea37) x20 0x1b2ee000
core   0: 0x8000235a (0x416c06b3) sub     a3, s8, s6
core   0: 3 0x8000235a (0x416c06b3) x13 0x70000000
core   0: 0x8000235e (0x00009da2) c.add   s11, s0
core   0: 3 0x8000235e (0x9da2) x27 0xd4810000
core   0: 0x80002360 (0xff511923) sh      s5, -14(sp)
core   0: 3 0x80002360 (0xff511923) mem 0x8001fa04 0x0001
core   0: 0x80002364 (0x00415d03) lhu     s10, 4(sp)
core   0: 3 0x80002364 (0x00415d03) x26 0x00000000 mem 0x8001fa16
core   0: 0x80002368 (0x0120036f) jal     t1, pc + 0x12
core   0: 3 0x80002368 (0x0120036f) x6  0x8000236c
core   0: 0x8000237a (0x00e000ef) jal     pc + 0xe
core   0: 3 0x8000237a (0x00e000ef) x1  0x8000237e
core   0: 0x80002388 (0xfe9ff0ef) jal     pc - 0x18
core   0: 3 0x80002388 (0xfe9ff0ef) x1  0x8000238c
core   0: 0x80002370 (0xfffff0ef) jal     pc - 0x2
core   0: 3 0x80002370 (0xfffff0ef) x1  0x80002374
core   0: 0x8000236e (0x0000bffd) c.j     pc - 2
core   0: 3 0x8000236e (0xbffd)
core   0: 0x8000236c (0x0000a005) c.j     pc + 32
core   0: 3 0x8000236c (0xa005)
core   0: 0x8000238c (0x00002019) c.jal   pc + 6
core   0: 3 0x8000238c (0x2019) x1  0x8000238e
core   0: 0x80002392 (0x00003ff5) c.jal   pc - 4
core   0: 3 0x80002392 (0x3ff5) x1  0x80002394
core   0: 0x8000238e (0xfe7ff0ef) jal     pc - 0x1a
core   0: 3 0x8000238e (0xfe7ff0ef) x1  0x80002392
core   0: 0x80002374 (0x010000ef) jal     pc + 0x10
core   0: 3 0x80002374 (0x010000ef) x1  0x80002378
core   0: 0x80002384 (0xfffff0ef) jal     pc - 0x2
core   0: 3 0x80002384 (0xfffff0ef) x1  0x80002388
core   0: 0x80002382 (0x0000bfdd) c.j     pc - 10
core   0: 3 0x80002382 (0xbfdd)
core   0: 0x80002378 (0x00002019) c.jal   pc + 6
core   0: 3 0x80002378 (0x2019) x1  0x8000237a
core   0: 0x8000237e (0x01600aef) jal     s5, pc + 0x16
core   0: 3 0x8000237e (0x01600aef) x21 0x80002382
core   0: 0x80002394 (0x9df4deb7) lui     t4, 0x9df4d
core   0: 3 0x80002394 (0x9df4deb7) x29 0x9df4d000
core   0: 0x80002398 (0x0001bb17) auipc   s6, 0x1b
core   0: 3 0x80002398 (0x0001bb17) x22 0x8001d398
core   0: 0x8000239c (0x4c8b0b13) addi    s6, s6, 1224
core   0: 3 0x8000239c (0x4c8b0b13) x22 0x8001d860
core   0: 0x800023a0 (0x009b06a3) sb      s1, 13(s6)
core   0: 3 0x800023a0 (0x009b06a3) mem 0x8001d86d 0x00
core   0: 0x800023a4 (0x000084ca) c.mv    s1, s2
core   0: 3 0x800023a4 (0x84ca) x9  0x00000000
core   0: 0x800023a6 (0x00008c85) c.sub   s1, s1
core   0: 3 0x800023a6 (0x8c85) x9  0x00000000
core   0: 0x800023a8 (0x03fb0903) lb      s2, 63(s6)
core   0: 3 0x800023a8 (0x03fb0903) x18 0x00000000 mem 0x8001d89f
core   0: 0x800023ac (0x032b0d23) sb      s2, 58(s6)
core   0: 3 0x800023ac (0x032b0d23) mem 0x8001d89a 0x00
core   0: 0x800023b0 (0xfd6b0903) lb      s2, -42(s6)
core   0: 3 0x800023b0 (0xfd6b0903) x18 0x00000000 mem 0x8001d836
core   0: 0x800023b4 (0x01b1b733) sltu    a4, gp, s11
core   0: 3 0x800023b4 (0x01b1b733) x14 0x00000001
core   0: 0x800023b8 (0x00bb0483) lb      s1, 11(s6)
core   0: 3 0x800023b8 (0x00bb0483) x9  0x00000000 mem 0x8001d86b
core   0: 0x800023bc (0xfc6b0d83) lb      s11, -58(s6)
core   0: 3 0x800023bc (0xfc6b0d83) x27 0x00000000 mem 0x8001d826
core   0: 0x800023c0 (0xfd1b4183) lbu     gp, -47(s6)
core   0: 3 0x800023c0 (0xfd1b4183) x3  0x00000000 mem 0x8001d831
core   0: 0x800023c4 (0x029b0823) sb      s1, 48(s6)
core   0: 3 0x800023c4 (0x029b0823) mem 0x8001d890 0x00
core   0: 0x800023c8 (0x00e7f1b3) and     gp, a5, a4
core   0: 3 0x800023c8 (0x00e7f1b3) x3  0x00000000
core   0: 0x800023cc (0xe63d8493) addi    s1, s11, -413
core   0: 3 0x800023cc (0xe63d8493) x9  0xfffffe63
core   0: 0x800023d0 (0x037b0703) lb      a4, 55(s6)
core   0: 3 0x800023d0 (0x037b0703) x14 0x00000000 mem 0x8001d897
core   0: 0x800023d4 (0x00008ff9) c.and   a5, a4
core   0: 3 0x800023d4 (0x8ff9) x15 0x00000000
core   0: 0x800023d6 (0x024b2183) lw      gp, 36(s6)
core   0: 3 0x800023d6 (0x024b2183) x3  0x00000000 mem 0x8001d884
core   0: 0x800023da (0x00008ff9) c.and   a5, a4
core   0: 3 0x800023da (0x8ff9) x15 0x00000000
core   0: 0x800023dc (0x0000848e) c.mv    s1, gp
core   0: 3 0x800023dc (0x848e) x9  0x00000000
core   0: 0x800023de (0x003714b3) sll     s1, a4, gp
core   0: 3 0x800023de (0x003714b3) x9  0x00000000
core   0: 0x800023e2 (0x00008f25) c.xor   a4, s1
core   0: 3 0x800023e2 (0x8f25) x14 0x00000000
core   0: 0x800023e4 (0x01db0703) lb      a4, 29(s6)
core   0: 3 0x800023e4 (0x01db0703) x14 0x00000000 mem 0x8001d87d
core   0: 0x800023e8 (0xfe9b4d83) lbu     s11, -23(s6)
core   0: 3 0x800023e8 (0xfe9b4d83) x27 0x00000000 mem 0x8001d849
core   0: 0x800023ec (0xfc8b1d83) lh      s11, -56(s6)
core   0: 3 0x800023ec (0xfc8b1d83) x27 0x00000000 mem 0x8001d828
core   0: 0x800023f0 (0x1c574193) xori    gp, a4, 453
core   0: 3 0x800023f0 (0x1c574193) x3  0x000001c5
core   0: 0x800023f4 (0x00edf933) and     s2, s11, a4
core   0: 3 0x800023f4 (0x00edf933) x18 0x00000000
core   0: 0x800023f8 (0x0114d193) srli    gp, s1, 17
core   0: 3 0x800023f8 (0x0114d193) x3  0x00000000
core   0: 0x800023fc (0x01b184b3) add     s1, gp, s11
core   0: 3 0x800023fc (0x01b184b3) x9  0x00000000
core   0: 0x80002400 (0x01b79493) slli    s1, a5, 27
core   0: 3 0x80002400 (0x01b79493) x9  0x00000000
core   0: 0x80002404 (0x012d84b3) add     s1, s11, s2
core   0: 3 0x80002404 (0x012d84b3) x9  0x00000000
core   0: 0x80002408 (0x9e171197) auipc   gp, 0x9e171
core   0: 3 0x80002408 (0x9e171197) x3  0x1e173408
core   0: 0x8000240c (0x040b1903) lh      s2, 64(s6)
core   0: 3 0x8000240c (0x040b1903) x18 0x00000000 mem 0x8001d8a0
core   0: 0x80002410 (0xfe9b1323) sh      s1, -26(s6)
core   0: 3 0x80002410 (0xfe9b1323) mem 0x8001d846 0x0000
core   0: 0x80002414 (0x000088dd) c.andi  s1, 23
core   0: 3 0x80002414 (0x88dd) x9  0x00000000
core   0: 0x80002416 (0x000080c9) c.srli  s1, 18
core   0: 3 0x80002416 (0x80c9) x9  0x00000000
core   0: 0x80002418 (0xfd8b5783) lhu     a5, -40(s6)
core   0: 3 0x80002418 (0xfd8b5783) x15 0x00000000 mem 0x8001d838
core   0: 0x8000241c (0x00008ff9) c.and   a5, a4
core   0: 3 0x8000241c (0x8ff9) x15 0x00000000
core   0: 0x8000241e (0x0124e733) or      a4, s1, s2
core   0: 3 0x8000241e (0x0124e733) x14 0x00000000
core   0: 0x80002422 (0xfd4b0783) lb      a5, -44(s6)
core   0: 3 0x80002422 (0xfd4b0783) x15 0x00000000 mem 0x8001d834
core   0: 0x80002426 (0x0000e117) auipc   sp, 0xe
core   0: 3 0x80002426 (0x0000e117) x2  0x80010426
core   0: 0x8000242a (0x50210113) addi    sp, sp, 1282
core   0: 3 0x8000242a (0x50210113) x2  0x80010928
core   0: 0x8000242e (0xfd014b03) lbu     s6, -48(sp)
core   0: 3 0x8000242e (0xfd014b03) x22 0x00000000 mem 0x800108f8
core   0: 0x80002432 (0xfca11823) sh      a0, -48(sp)
core   0: 3 0x80002432 (0xfca11823) mem 0x800108f8 0x0000
core   0: 0x80002436 (0xfd012823) sw      a6, -48(sp)
core   0: 3 0x80002436 (0xfd012823) mem 0x800108f8 0x5b4bc1c6
core   0: 0x8000243a (0xfc010823) sb      zero, -48(sp)
core   0: 3 0x8000243a (0xfc010823) mem 0x800108f8 0x00
core   0: 0x8000243e (0xfd012f83) lw      t6, -48(sp)
core   0: 3 0x8000243e (0xfd012f83) x31 0x5b4bc100 mem 0x800108f8
core   0: 0x80002442 (0xfd010203) lb      tp, -48(sp)
core   0: 3 0x80002442 (0xfd010203) x4  0x00000000 mem 0x800108f8
core   0: 0x80002446 (0xfd010d03) lb      s10, -48(sp)
core   0: 3 0x80002446 (0xfd010d03) x26 0x00000000 mem 0x800108f8
core   0: 0x8000244a (0xfca11823) sh      a0, -48(sp)
core   0: 3 0x8000244a (0xfca11823) mem 0x800108f8 0x0000
core   0: 0x8000244e (0xfcc12823) sw      a2, -48(sp)
core   0: 3 0x8000244e (0xfcc12823) mem 0x800108f8 0x00000017
core   0: 0x80002452 (0x2c46fb93) andi    s7, a3, 708
core   0: 3 0x80002452 (0x2c46fb93) x23 0x00000000
core   0: 0x80002456 (0x00008fd9) c.or    a5, a4
core   0: 3 0x80002456 (0x8fd9) x15 0x00000000
core   0: 0x80002458 (0xfc310823) sb      gp, -48(sp)
core   0: 3 0x80002458 (0xfc310823) mem 0x800108f8 0x08
core   0: 0x8000245c (0xfc812823) sw      s0, -48(sp)
core   0: 3 0x8000245c (0xfc812823) mem 0x800108f8 0x00010000
core   0: 0x80002460 (0xfd311823) sh      s3, -48(sp)
core   0: 3 0x80002460 (0xfd311823) mem 0x800108f8 0x9d24
core   0: 0x80002464 (0xfcc11823) sh      a2, -48(sp)
core   0: 3 0x80002464 (0xfcc11823) mem 0x800108f8 0x0017
core   0: 0x80002468 (0xfd011383) lh      t2, -48(sp)
core   0: 3 0x80002468 (0xfd011383) x7  0x00000017 mem 0x800108f8
core   0: 0x8000246c (0x03e448b3) div     a7, s0, t5
core   0: 3 0x8000246c (0x03e448b3) x17 0x00000000
core   0: 0x80002470 (0xfd011e03) lh      t3, -48(sp)
core   0: 3 0x80002470 (0xfd011e03) x28 0x00000017 mem 0x800108f8
core   0: 0x80002474 (0xfd010b83) lb      s7, -48(sp)
core   0: 3 0x80002474 (0xfd010b83) x23 0x00000017 mem 0x800108f8
core   0: 0x80002478 (0xfc311823) sh      gp, -48(sp)
core   0: 3 0x80002478 (0xfc311823) mem 0x800108f8 0x3408
core   0: 0x8000247c (0x0000e117) auipc   sp, 0xe
core   0: 3 0x8000247c (0x0000e117) x2  0x8001047c
core   0: 0x80002480 (0x72f10113) addi    sp, sp, 1839
core   0: 3 0x80002480 (0x72f10113) x2  0x80010bab
core   0: 0x80002484 (0x00000001) c.nop
core   0: 3 0x80002484 (0x0001)
core   0: 0x80002486 (0xfe810c03) lb      s8, -24(sp)
core   0: 3 0x80002486 (0xfe810c03) x24 0x00000000 mem 0x80010b93
core   0: 0x8000248a (0x43866d13) ori     s10, a2, 1080
core   0: 3 0x8000248a (0x43866d13) x26 0x0000043f
core   0: 0x8000248e (0xfc7108a3) sb      t2, -47(sp)
core   0: 3 0x8000248e (0xfc7108a3) mem 0x80010b7c 0x17
core   0: 0x80002492 (0x01a5bd33) sltu    s10, a1, s10
core   0: 3 0x80002492 (0x01a5bd33) x26 0x00000000
core   0: 0x80002496 (0x00008db1) c.xor   a1, a2
core   0: 3 0x80002496 (0x8db1) x11 0x800021db
core   0: 0x80002498 (0x00760233) add     tp, a2, t2
core   0: 3 0x80002498 (0x00760233) x4  0x0000002e
core   0: 0x8000249c (0x0000660d) c.lui   a2, 0x3
core   0: 3 0x8000249c (0x660d) x12 0x00003000
core   0: 0x8000249e (0x038265b3) rem     a1, tp, s8
core   0: 3 0x8000249e (0x038265b3) x11 0x0000002e
core   0: 0x800024a2 (0xff014383) lbu     t2, -16(sp)
core   0: 3 0x800024a2 (0xff014383) x7  0x00000000 mem 0x80010b9b
core   0: 0x800024a6 (0x00008e51) c.or    a2, a2
core   0: 3 0x800024a6 (0x8e51) x12 0x00003000
core   0: 0x800024a8 (0xff911583) lh      a1, -7(sp)
core   0: 3 0x800024a8 (0xff911583) x11 0x00000000 mem 0x80010ba4
core   0: 0x800024ac (0x000085bd) c.srai  a1, 15
core   0: 3 0x800024ac (0x85bd) x11 0x00000000
core   0: 0x800024ae (0x00614583) lbu     a1, 6(sp)
core   0: 3 0x800024ae (0x00614583) x11 0x00000000 mem 0x80010bb1
core   0: 0x800024b2 (0xfdf11c03) lh      s8, -33(sp)
core   0: 3 0x800024b2 (0xfdf11c03) x24 0x00000000 mem 0x80010b8a
core   0: 0x800024b6 (0x03515383) lhu     t2, 53(sp)
core   0: 3 0x800024b6 (0x03515383) x7  0x00000000 mem 0x80010be0
core   0: 0x800024ba (0x00009a7d) c.andi  a2, -1
core   0: 3 0x800024ba (0x9a7d) x12 0x00003000
core   0: 0x800024bc (0x02423233) mulhu   tp, tp, tp
core   0: 3 0x800024bc (0x02423233) x4  0x00000000
core   0: 0x800024c0 (0x0383d3b3) divu    t2, t2, s8
core   0: 3 0x800024c0 (0x0383d3b3) x7  0xffffffff
core   0: 0x800024c4 (0x0045a5b3) slt     a1, a1, tp
core   0: 3 0x800024c4 (0x0045a5b3) x11 0x00000000
core   0: 0x800024c8 (0x000095e2) c.add   a1, s8
core   0: 3 0x800024c8 (0x95e2) x11 0x00000000
core   0: 0x800024ca (0x00e25c13) srli    s8, tp, 14
core   0: 3 0x800024ca (0x00e25c13) x24 0x00000000
core   0: 0x800024ce (0x57e27213) andi    tp, tp, 1406
core   0: 3 0x800024ce (0x57e27213) x4  0x00000000
core   0: 0x800024d2 (0x038d4d33) div     s10, s10, s8
core   0: 3 0x800024d2 (0x038d4d33) x26 0xffffffff
core   0: 0x800024d6 (0x00008db1) c.xor   a1, a2
core   0: 3 0x800024d6 (0x8db1) x11 0x00003000
core   0: 0x800024d8 (0x19224393) xori    t2, tp, 402
core   0: 3 0x800024d8 (0x19224393) x7  0x00000192
core   0: 0x800024dc (0x00008e11) c.sub   a2, a2
core   0: 3 0x800024dc (0x8e11) x12 0x00000000
core   0: 0x800024de (0x024c75b3) remu    a1, s8, tp
core   0: 3 0x800024de (0x024c75b3) x11 0x00000000
core   0: 0x800024e2 (0x0073c3b3) xor     t2, t2, t2
core   0: 3 0x800024e2 (0x0073c3b3) x7  0x00000000
core   0: 0x800024e6 (0x01910583) lb      a1, 25(sp)
core   0: 3 0x800024e6 (0x01910583) x11 0x00000000 mem 0x80010bc4
core   0: 0x800024ea (0x00008d8d) c.sub   a1, a1
core   0: 3 0x800024ea (0x8d8d) x11 0x00000000
core   0: 0x800024ec (0x0000865d) c.srai  a2, 23
core   0: 3 0x800024ec (0x865d) x12 0x00000000
core   0: 0x800024ee (0xfcb109a3) sb      a1, -45(sp)
core   0: 3 0x800024ee (0xfcb109a3) mem 0x80010b7e 0x00
core   0: 0x800024f2 (0x0075a3b3) slt     t2, a1, t2
core   0: 3 0x800024f2 (0x0075a3b3) x7  0x00000000
core   0: 0x800024f6 (0x4075d3b3) sra     t2, a1, t2
core   0: 3 0x800024f6 (0x4075d3b3) x7  0x00000000
core   0: 0x800024fa (0x0000818d) c.srli  a1, 3
core   0: 3 0x800024fa (0x818d) x11 0x00000000
core   0: 0x800024fc (0xfc7104a3) sb      t2, -55(sp)
core   0: 3 0x800024fc (0xfc7104a3) mem 0x80010b74 0x00
core   0: 0x80002500 (0x004253b3) srl     t2, tp, tp
core   0: 3 0x80002500 (0x004253b3) x7  0x00000000
core   0: 0x80002504 (0x02c5c633) div     a2, a1, a2
core   0: 3 0x80002504 (0x02c5c633) x12 0xffffffff
core   0: 0x80002508 (0xffb10c03) lb      s8, -5(sp)
core   0: 3 0x80002508 (0xffb10c03) x24 0x00000000 mem 0x80010ba6
core   0: 0x8000250c (0xfc614603) lbu     a2, -58(sp)
core   0: 3 0x8000250c (0xfc614603) x12 0x00000000 mem 0x80010b71
core   0: 0x80002510 (0x0043e233) or      tp, t2, tp
core   0: 3 0x80002510 (0x0043e233) x4  0x00000000
core   0: 0x80002514 (0x02810603) lb      a2, 40(sp)
core   0: 3 0x80002514 (0x02810603) x12 0x00000000 mem 0x80010bd3
core   0: 0x80002518 (0x0001c117) auipc   sp, 0x1c
core   0: 3 0x80002518 (0x0001c117) x2  0x8001e518
core   0: 0x8000251c (0xa6710113) addi    sp, sp, -1433
core   0: 3 0x8000251c (0xa6710113) x2  0x8001df7f
core   0: 0x80002520 (0xd4af6593) ori     a1, t5, -694
core   0: 3 0x80002520 (0xd4af6593) x11 0xffffffee
core   0: 0x80002524 (0x0a510b03) lb      s6, 165(sp)
core   0: 3 0x80002524 (0x0a510b03) x22 0x00000000 mem 0x8001e024
core   0: 0x80002528 (0x02c28d33) mul     s10, t0, a2
core   0: 3 0x80002528 (0x02c28d33) x26 0x00000000
core   0: 0x8000252c (0xf5414003) lbu     zero, -172(sp)
core   0: 3 0x8000252c (0xf5414003) mem 0x8001ded3
core   0: 0x80002530 (0x05314f83) lbu     t6, 83(sp)
core   0: 3 0x80002530 (0x05314f83) x31 0x00000000 mem 0x8001dfd2
core   0: 0x80002534 (0xf1410a83) lb      s5, -236(sp)
core   0: 3 0x80002534 (0xf1410a83) x21 0x00000000 mem 0x8001de93
core   0: 0x80002538 (0xff610783) lb      a5, -10(sp)
core   0: 3 0x80002538 (0xff610783) x15 0x00000000 mem 0x8001df75
core   0: 0x8000253c (0x00008609) c.srai  a2, 2
core   0: 3 0x8000253c (0x8609) x12 0x00000000
core   0: 0x8000253e (0x0ce10623) sb      a4, 204(sp)
core   0: 3 0x8000253e (0x0ce10623) mem 0x8001e04b 0x00
core   0: 0x80002542 (0xf28124a3) sw      s0, -215(sp)
core   0: 3 0x80002542 (0xf28124a3) mem 0x8001dea8 0x00010000
core   0: 0x80002546 (0xf0a14503) lbu     a0, -246(sp)
core   0: 3 0x80002546 (0xf0a14503) x10 0x00000000 mem 0x8001de89
core   0: 0x8000254a (0x000080cd) c.srli  s1, 19
core   0: 3 0x8000254a (0x80cd) x9  0x00000000
core   0: 0x8000254c (0xfaa107a3) sb      a0, -81(sp)
core   0: 3 0x8000254c (0xfaa107a3) mem 0x8001df2e 0x00
core   0: 0x80002550 (0x021cf6b3) remu    a3, s9, ra
core   0: 3 0x80002550 (0x021cf6b3) x13 0x800021cc
core   0: 0x80002554 (0x04114f83) lbu     t6, 65(sp)
core   0: 3 0x80002554 (0x04114f83) x31 0x00000000 mem 0x8001dfc0
core   0: 0x80002558 (0xb7146c13) ori     s8, s0, -1167
core   0: 3 0x80002558 (0xb7146c13) x24 0xfffffb71
core   0: 0x8000255c (0xf12115a3) sh      s2, -245(sp)
core   0: 3 0x8000255c (0xf12115a3) mem 0x8001de8a 0x0000
core   0: 0x80002560 (0x4161db33) sra     s6, gp, s6
core   0: 3 0x80002560 (0x4161db33) x22 0x1e173408
core   0: 0x80002564 (0x05314903) lbu     s2, 83(sp)
core   0: 3 0x80002564 (0x05314903) x18 0x00000000 mem 0x8001dfd2
core   0: 0x80002568 (0x0a311aa3) sh      gp, 181(sp)
core   0: 3 0x80002568 (0x0a311aa3) mem 0x8001e034 0x3408
core   0: 0x8000256c (0x0ff10c03) lb      s8, 255(sp)
core   0: 3 0x8000256c (0x0ff10c03) x24 0x00000000 mem 0x8001e07e
core   0: 0x80002570 (0x03114703) lbu     a4, 49(sp)
core   0: 3 0x80002570 (0x03114703) x14 0x00000000 mem 0x8001dfb0
core   0: 0x80002574 (0x00001efd) c.addi  t4, -1
core   0: 3 0x80002574 (0x1efd) x29 0x9df4cfff
core   0: 0x80002576 (0xf0810f23) sb      s0, -226(sp)
core   0: 3 0x80002576 (0xf0810f23) mem 0x8001de9d 0x00
core   0: 0x8000257a (0x00004be9) c.li    s7, 26
core   0: 3 0x8000257a (0x4be9) x23 0x0000001a
core   0: 0x8000257c (0xf9d10f23) sb      t4, -98(sp)
core   0: 3 0x8000257c (0xf9d10f23) mem 0x8001df1d 0xff
core   0: 0x80002580 (0x0264c933) div     s2, s1, t1
core   0: 3 0x80002580 (0x0264c933) x18 0x00000000
core   0: 0x80002584 (0x014f4533) xor     a0, t5, s4
core   0: 3 0x80002584 (0x014f4533) x10 0x9b2cbea4
core   0: 0x80002588 (0x07210003) lb      zero, 114(sp)
core   0: 3 0x80002588 (0x07210003) mem 0x8001dff1
core   0: 0x8000258c (0x0bd10fa3) sb      t4, 191(sp)
core   0: 3 0x8000258c (0x0bd10fa3) mem 0x8001e03e 0xff
core   0: 0x80002590 (0x03714e03) lbu     t3, 55(sp)
core   0: 3 0x80002590 (0x03714e03) x28 0x00000000 mem 0x8001dfb6
core   0: 0x80002594 (0xf0210c03) lb      s8, -254(sp)
core   0: 3 0x80002594 (0xf0210c03) x24 0x00000000 mem 0x8001de81
core   0: 0x80002598 (0x01715483) lhu     s1, 23(sp)
core   0: 3 0x80002598 (0x01715483) x9  0x00000000 mem 0x8001df96
core   0: 0x8000259c (0x00000216) c.slli  tp, 5
core   0: 3 0x8000259c (0x0216) x4  0x00000000
core   0: 0x8000259e (0x00f38a33) add     s4, t2, a5
core   0: 3 0x8000259e (0x00f38a33) x20 0x00000000
core   0: 0x800025a2 (0x00008ea9) c.xor   a3, a0
core   0: 3 0x800025a2 (0x8ea9) x13 0x1b2c9f68
core   0: 0x800025a4 (0x00bcb933) sltu    s2, s9, a1
core   0: 3 0x800025a4 (0x00bcb933) x18 0x00000001
core   0: 0x800025a8 (0xfc914d03) lbu     s10, -55(sp)
core   0: 3 0x800025a8 (0xfc914d03) x26 0x00000000 mem 0x8001df48
core   0: 0x800025ac (0xf1711403) lh      s0, -233(sp)
core   0: 3 0x800025ac (0xf1711403) x8  0x00000000 mem 0x8001de96
core   0: 0x800025b0 (0x0001d797) auipc   a5, 0x1d
core   0: 3 0x800025b0 (0x0001d797) x15 0x8001f5b0
core   0: 0x800025b4 (0xc5178793) addi    a5, a5, -943
core   0: 3 0x800025b4 (0xc5178793) x15 0x8001f201
core   0: 0x800025b8 (0x6e30b713) sltiu   a4, ra, 1763
core   0: 3 0x800025b8 (0x6e30b713) x14 0x00000000
core   0: 0x800025bc (0x03d560b3) rem     ra, a0, t4
core   0: 3 0x800025bc (0x03d560b3) x1  0xfd37eea5
core   0: 0x800025c0 (0x00005d7d) c.li    s10, -1
core   0: 3 0x800025c0 (0x5d7d) x26 0xffffffff
core   0: 0x800025c2 (0x00c7c203) lbu     tp, 12(a5)
core   0: 3 0x800025c2 (0x00c7c203) x4  0x00000000 mem 0x8001f20d
core   0: 0x800025c6 (0xff078a23) sb      a6, -12(a5)
core   0: 3 0x800025c6 (0xff078a23) mem 0x8001f1f5 0xc6
core   0: 0x800025ca (0x0057d003) lhu     zero, 5(a5)
core   0: 3 0x800025ca (0x0057d003) mem 0x8001f206
core   0: 0x800025ce (0x00f78703) lb      a4, 15(a5)
core   0: 3 0x800025ce (0x00f78703) x14 0x00000000 mem 0x8001f210
core   0: 0x800025d2 (0xa7f1e393) ori     t2, gp, -1409
core   0: 3 0x800025d2 (0xa7f1e393) x7  0xfffffe7f
core   0: 0x800025d6 (0x0388f933) remu    s2, a7, s8
core   0: 3 0x800025d6 (0x0388f933) x18 0x00000000
core   0: 0x800025da (0x001781a3) sb      ra, 3(a5)
core   0: 3 0x800025da (0x001781a3) mem 0x8001f204 0xa5
core   0: 0x800025de (0xff578f83) lb      t6, -11(a5)
core   0: 3 0x800025de (0xff578f83) x31 0x00000000 mem 0x8001f1f6
core   0: 0x800025e2 (0x41e3d513) srai    a0, t2, 30
core   0: 3 0x800025e2 (0x41e3d513) x10 0xffffffff
core   0: 0x800025e6 (0x001e5cb3) srl     s9, t3, ra
core   0: 3 0x800025e6 (0x001e5cb3) x25 0x00000000
core   0: 0x800025ea (0xfe17afa3) sw      ra, -1(a5)
core   0: 3 0x800025ea (0xfe17afa3) mem 0x8001f200 0xfd37eea5
core   0: 0x800025ee (0x00000571) c.addi  a0, 28
core   0: 3 0x800025ee (0x0571) x10 0x0000001b
core   0: 0x800025f0 (0xbd04b413) sltiu   s0, s1, -1072
core   0: 3 0x800025f0 (0xbd04b413) x8  0x00000001
core   0: 0x800025f4 (0x0000837d) c.srli  a4, 31
core   0: 3 0x800025f4 (0x837d) x14 0x00000000
core   0: 0x800025f6 (0x00008d89) c.sub   a1, a0
core   0: 3 0x800025f6 (0x8d89) x11 0xffffffd3
core   0: 0x800025f8 (0x02354fb3) div     t6, a0, gp
core   0: 3 0x800025f8 (0x02354fb3) x31 0x00000000
core   0: 0x800025fc (0x40555d13) srai    s10, a0, 5
core   0: 3 0x800025fc (0x40555d13) x26 0x00000000
core   0: 0x80002600 (0x000044a5) c.li    s1, 9
core   0: 3 0x80002600 (0x44a5) x9  0x00000009
core   0: 0x80002602 (0xa2bd7193) andi    gp, s10, -1493
core   0: 3 0x80002602 (0xa2bd7193) x3  0x00000000
core   0: 0x80002606 (0x0017c403) lbu     s0, 1(a5)
core   0: 3 0x80002606 (0x0017c403) x8  0x00000037 mem 0x8001f202
core   0: 0x8000260a (0x00000e04) c.addi4spn s1, sp, 784
core   0: 3 0x8000260a (0x0e04) x9  0x8001e28f
core   0: 0x8000260c (0x0192b0b3) sltu    ra, t0, s9
core   0: 3 0x8000260c (0x0192b0b3) x1  0x00000000
core   0: 0x80002610 (0x00000001) c.nop
core   0: 3 0x80002610 (0x0001)
core   0: 0x80002612 (0x00278c03) lb      s8, 2(a5)
core   0: 3 0x80002612 (0x00278c03) x24 0xfffffffd mem 0x8001f203
core   0: 0x80002616 (0x00008726) c.mv    a4, s1
core   0: 3 0x80002616 (0x8726) x14 0x8001e28f
core   0: 0x80002618 (0x66ddba13) sltiu   s4, s11, 1645
core   0: 3 0x80002618 (0x66ddba13) x20 0x00000001
core   0: 0x8000261c (0xfe178823) sb      ra, -16(a5)
core   0: 3 0x8000261c (0xfe178823) mem 0x8001f1f1 0x00
core   0: 0x80002620 (0x017792a3) sh      s7, 5(a5)
core   0: 3 0x80002620 (0x017792a3) mem 0x8001f206 0x001a
core   0: 0x80002624 (0x00006169) c.addi16sp sp, 208
core   0: 3 0x80002624 (0x6169) x2  0x8001e04f
core   0: 0x80002626 (0x0000717d) c.addi16sp sp, -16
core   0: 3 0x80002626 (0x717d) x2  0x8001e03f
core   0: 0x80002628 (0x0d8df197) auipc   gp, 0xd8df
core   0: 3 0x80002628 (0x0d8df197) x3  0x8d8e1628
core   0: 0x8000262c (0x00c78483) lb      s1, 12(a5)
core   0: 3 0x8000262c (0x00c78483) x9  0x00000000 mem 0x8001f20d
core   0: 0x80002630 (0xf482c017) auipc   zero, 0xf482c
core   0: 3 0x80002630 (0xf482c017)
core   0: 0x80002634 (0x00978f83) lb      t6, 9(a5)
core   0: 3 0x80002634 (0x00978f83) x31 0x00000000 mem 0x8001f20a
core   0: 0x80002638 (0x01b78723) sb      s11, 14(a5)
core   0: 3 0x80002638 (0x01b78723) mem 0x8001f20f 0x00
core   0: 0x8000263c (0x4f357c13) andi    s8, a0, 1267
core   0: 3 0x8000263c (0x4f357c13) x24 0x00000013
core   0: 0x80002640 (0x00878903) lb      s2, 8(a5)
core   0: 3 0x80002640 (0x00878903) x18 0x00000000 mem 0x8001f209
core   0: 0x80002644 (0x00979583) lh      a1, 9(a5)
core   0: 3 0x80002644 (0x00979583) x11 0x00000000 mem 0x8001f20a
core   0: 0x80002648 (0x009cda93) srli    s5, s9, 9
core   0: 3 0x80002648 (0x009cda93) x21 0x00000000
core   0: 0x8000264c (0x41c18433) sub     s0, gp, t3
core   0: 3 0x8000264c (0x41c18433) x8  0x8d8e1628
core   0: 0x80002650 (0x0007c383) lbu     t2, 0(a5)
core   0: 3 0x80002650 (0x0007c383) x7  0x000000ee mem 0x8001f201
core   0: 0x80002654 (0x00000001) c.nop
core   0: 3 0x80002654 (0x0001)
core   0: 0x80002656 (0x00000001) c.nop
core   0: 3 0x80002656 (0x0001)
core   0: 0x80002658 (0xff07ce03) lbu     t3, -16(a5)
core   0: 3 0x80002658 (0xff07ce03) x28 0x00000000 mem 0x8001f1f1
core   0: 0x8000265c (0x1e2cf193) andi    gp, s9, 482
core   0: 3 0x8000265c (0x1e2cf193) x3  0x00000000
core   0: 0x80002660 (0x00978323) sb      s1, 6(a5)
core   0: 3 0x80002660 (0x00978323) mem 0x8001f207 0x00
core   0: 0x80002664 (0x020285b3) mul     a1, t0, zero
core   0: 3 0x80002664 (0x020285b3) x11 0x00000000
core   0: 0x80002668 (0x0038b033) sltu    zero, a7, gp
core   0: 3 0x80002668 (0x0038b033)
core   0: 0x8000266c (0x01ca61b3) or      gp, s4, t3
core   0: 3 0x8000266c (0x01ca61b3) x3  0x00000001
core   0: 0x80002670 (0x00008e7d) c.and   a2, a5
core   0: 3 0x80002670 (0x8e7d) x12 0x00000000
core   0: 0x80002672 (0x024d8bb3) mul     s7, s11, tp
core   0: 3 0x80002672 (0x024d8bb3) x23 0x00000000
core   0: 0x80002676 (0x131b7417) auipc   s0, 0x131b7
core   0: 3 0x80002676 (0x131b7417) x8  0x931b9676
core   0: 0x8000267a (0x0095da63) bge     a1, s1, pc + 20
core   0: 3 0x8000267a (0x0095da63)
core   0: 0x8000268e (0x008c8233) add     tp, s9, s0
core   0: 3 0x8000268e (0x008c8233) x4  0x931b9676
core   0: 0x80002692 (0x02e6c5b3) div     a1, a3, a4
core   0: 3 0x80002692 (0x02e6c5b3) x11 0x00000000
core   0: 0x80002696 (0x552d3513) sltiu   a0, s10, 1362
core   0: 3 0x80002696 (0x552d3513) x10 0x00000001
core   0: 0x8000269a (0xa2a50593) addi    a1, a0, -1494
core   0: 3 0x8000269a (0xa2a50593) x11 0xfffffa2b
core   0: 0x8000269e (0x4022dd93) srai    s11, t0, 2
core   0: 3 0x8000269e (0x4022dd93) x27 0x00000000
core   0: 0x800026a2 (0x03bad0b3) divu    ra, s5, s11
core   0: 3 0x800026a2 (0x03bad0b3) x1  0xffffffff
core   0: 0x800026a6 (0x0000e009) c.bnez  s0, pc + 2
core   0: 3 0x800026a6 (0xe009)
core   0: 0x800026a8 (0x0000c71d) c.beqz  a4, pc + 46
core   0: 3 0x800026a8 (0xc71d)
core   0: 0x800026aa (0x31638393) addi    t2, t2, 790
core   0: 3 0x800026aa (0x31638393) x7  0x00000404
core   0: 0x800026ae (0x0000852d) c.srai  a0, 11
core   0: 3 0x800026ae (0x852d) x10 0x00000000
core   0: 0x800026b0 (0x00008b39) c.andi  a4, 14
core   0: 3 0x800026b0 (0x8b39) x14 0x0000000e
core   0: 0x800026b2 (0x02f94933) div     s2, s2, a5
core   0: 3 0x800026b2 (0x02f94933) x18 0x00000000
core   0: 0x800026b6 (0x02275363) bge     a4, sp, pc + 38
core   0: 3 0x800026b6 (0x02275363)
core   0: 0x800026dc (0x00001610) c.addi4spn a2, sp, 800
core   0: 3 0x800026dc (0x1610) x12 0x8001e35f
core   0: 0x800026de (0x038e17b3) mulh    a5, t3, s8
core   0: 3 0x800026de (0x038e17b3) x15 0x00000000
core   0: 0x800026e2 (0x00008f01) c.sub   a4, s0
core   0: 3 0x800026e2 (0x8f01) x14 0x6ce46998
core   0: 0x800026e4 (0x006ecab3) xor     s5, t4, t1
core   0: 3 0x800026e4 (0x006ecab3) x21 0x1df4ec93
core   0: 0x800026e8 (0x0017c5b3) xor     a1, a5, ra
core   0: 3 0x800026e8 (0x0017c5b3) x11 0xffffffff
core   0: 0x800026ec (0x00008641) c.srai  a2, 16
core   0: 3 0x800026ec (0x8641) x12 0xffff8001
core   0: 0x800026ee (0x0022c2b3) xor     t0, t0, sp
core   0: 3 0x800026ee (0x0022c2b3) x5  0x8001e03f
core   0: 0x800026f2 (0x00dee363) bltu    t4, a3, pc + 6
core   0: 3 0x800026f2 (0x00dee363)
core   0: 0x800026f6 (0x0000614d) c.addi16sp sp, 176
core   0: 3 0x800026f6 (0x614d) x2  0x8001e0ef
core   0: 0x800026f8 (0x0000e61d) c.bnez  a2, pc + 46
core   0: 3 0x800026f8 (0xe61d)
core   0: 0x80002726 (0x010eab33) slt     s6, t4, a6
core   0: 3 0x80002726 (0x010eab33) x22 0x00000001
core   0: 0x8000272a (0x00006721) c.lui   a4, 0x8
core   0: 3 0x8000272a (0x6721) x14 0x00008000
core   0: 0x8000272c (0x00008179) c.srli  a0, 30
core   0: 3 0x8000272c (0x8179) x10 0x00000000
core   0: 0x8000272e (0x01391c93) slli    s9, s2, 19
core   0: 3 0x8000272e (0x01391c93) x25 0x00000000
core   0: 0x80002732 (0x01c307b3) add     a5, t1, t3
core   0: 3 0x80002732 (0x01c307b3) x15 0x8000236c
core   0: 0x80002736 (0x00008dca) c.mv    s11, s2
core   0: 3 0x80002736 (0x8dca) x27 0x00000000
core   0: 0x80002738 (0x00006249) c.lui   tp, 0x12
core   0: 3 0x80002738 (0x6249) x4  0x00012000
core   0: 0x8000273a (0x000088dd) c.andi  s1, 23
core   0: 3 0x8000273a (0x88dd) x9  0x00000000
core   0: 0x8000273c (0x00008e5d) c.or    a2, a5
core   0: 3 0x8000273c (0x8e5d) x12 0xffffa36d
core   0: 0x8000273e (0x03d1ef63) bltu    gp, t4, pc + 62
core   0: 3 0x8000273e (0x03d1ef63)
core   0: 0x8000277c (0x00008ef9) c.and   a3, a4
core   0: 3 0x8000277c (0x8ef9) x13 0x00008000
core   0: 0x8000277e (0x02d512b3) mulh    t0, a0, a3
core   0: 3 0x8000277e (0x02d512b3) x5  0x00000000
core   0: 0x80002782 (0x0000e719) c.bnez  a4, pc + 14
core   0: 3 0x80002782 (0xe719)
core   0: 0x80002790 (0x01749763) bne     s1, s7, pc + 14
core   0: 3 0x80002790 (0x01749763)
core   0: 0x80002794 (0x022fc5b3) div     a1, t6, sp
core   0: 3 0x80002794 (0x022fc5b3) x11 0x00000000
core   0: 0x80002798 (0x01594c33) xor     s8, s2, s5
core   0: 3 0x80002798 (0x01594c33) x24 0x1df4ec93
core   0: 0x8000279c (0x00008345) c.srli  a4, 17
core   0: 3 0x8000279c (0x8345) x14 0x00000000
core   0: 0x8000279e (0x000b1f63) bnez    s6, pc + 30
core   0: 3 0x8000279e (0x000b1f63)
core   0: 0x800027bc (0x0000517d) c.li    sp, -1
core   0: 3 0x800027bc (0x517d) x2  0xffffffff
core   0: 0x800027be (0x00016933) or      s2, sp, zero
core   0: 3 0x800027be (0x00016933) x18 0xffffffff
core   0: 0x800027c2 (0x02669533) mulh    a0, a3, t1
core   0: 3 0x800027c2 (0x02669533) x10 0xffffc000
core   0: 0x800027c6 (0x573c7e13) andi    t3, s8, 1395
core   0: 3 0x800027c6 (0x573c7e13) x28 0x00000413
core   0: 0x800027ca (0x41230a13) addi    s4, t1, 1042
core   0: 3 0x800027ca (0x41230a13) x20 0x8000277e
core   0: 0x800027ce (0x9f18bd13) sltiu   s10, a7, -1551
core   0: 3 0x800027ce (0x9f18bd13) x26 0x00000001
core   0: 0x800027d2 (0x03231933) mulh    s2, t1, s2
core   0: 3 0x800027d2 (0x03231933) x18 0x00000000
core   0: 0x800027d6 (0x00000001) c.nop
core   0: 3 0x800027d6 (0x0001)
core   0: 0x800027d8 (0x018ede13) srli    t3, t4, 24
core   0: 3 0x800027d8 (0x018ede13) x28 0x0000009d
core   0: 0x800027dc (0x00021613) slli    a2, tp, 0
core   0: 3 0x800027dc (0x00021613) x12 0x00012000
core   0: 0x800027e0 (0x00000001) c.nop
core   0: 3 0x800027e0 (0x0001)
core   0: 0x800027e2 (0x3b3e6f93) ori     t6, t3, 947
core   0: 3 0x800027e2 (0x3b3e6f93) x31 0x000003bf
core   0: 0x800027e6 (0x033e3a33) mulhu   s4, t3, s3
core   0: 3 0x800027e6 (0x033e3a33) x20 0x0000004e
core   0: 0x800027ea (0x005f0eb3) add     t4, t5, t0
core   0: 3 0x800027ea (0x005f0eb3) x29 0x80025ea4
core   0: 0x800027ee (0xf803eeb7) lui     t4, 0xf803e
core   0: 3 0x800027ee (0xf803eeb7) x29 0xf803e000
core   0: 0x800027f2 (0x00005bfd) c.li    s7, -1
core   0: 3 0x800027f2 (0x5bfd) x23 0xffffffff
core   0: 0x800027f4 (0x8be3d297) auipc   t0, 0x8be3d
core   0: 3 0x800027f4 (0x8be3d297) x5  0x0be3f7f4
core   0: 0x800027f8 (0x66b94097) auipc   ra, 0x66b94
core   0: 3 0x800027f8 (0x66b94097) x1  0xe6b967f8
core   0: 0x800027fc (0x0000c285) c.beqz  a3, pc + 32
core   0: 3 0x800027fc (0xc285)
core   0: 0x800027fe (0x28892a93) slti    s5, s2, 648
core   0: 3 0x800027fe (0x28892a93) x21 0x00000001
core   0: 0x80002802 (0x00008f65) c.and   a4, s1
core   0: 3 0x80002802 (0x8f65) x14 0x00000000
core   0: 0x80002804 (0x023e1b33) mulh    s6, t3, gp
core   0: 3 0x80002804 (0x023e1b33) x22 0x00000000
core   0: 0x80002808 (0x00008245) c.srli  a2, 17
core   0: 3 0x80002808 (0x8245) x12 0x00000000
core   0: 0x8000280a (0x01aade13) srli    t3, s5, 26
core   0: 3 0x8000280a (0x01aade13) x28 0x00000000
core   0: 0x8000280e (0x34f6a393) slti    t2, a3, 847
core   0: 3 0x8000280e (0x34f6a393) x7  0x00000000
core   0: 0x80002812 (0x04ae6063) bltu    t3, a0, pc + 64
core   0: 3 0x80002812 (0x04ae6063)
core   0: 0x80002852 (0x0155edb3) or      s11, a1, s5
core   0: 3 0x80002852 (0x0155edb3) x27 0x00000001
core   0: 0x80002856 (0x001f9e13) slli    t3, t6, 1
core   0: 3 0x80002856 (0x001f9e13) x28 0x0000077e
core   0: 0x8000285a (0x00008515) c.srai  a0, 5
core   0: 3 0x8000285a (0x8515) x10 0xfffffe00
core   0: 0x8000285c (0x00008dad) c.xor   a1, a1
core   0: 3 0x8000285c (0x8dad) x11 0x00000000
core   0: 0x8000285e (0x00008362) c.mv    t1, s8
core   0: 3 0x8000285e (0x8362) x6  0x1df4ec93
core   0: 0x80002860 (0x0f92ee13) ori     t3, t0, 249
core   0: 3 0x80002860 (0x0f92ee13) x28 0x0be3f7fd
core   0: 0x80002864 (0x01401863) bne     zero, s4, pc + 16
core   0: 3 0x80002864 (0x01401863)
core   0: 0x80002874 (0x00008875) c.andi  s0, 29
core   0: 3 0x80002874 (0x8875) x8  0x00000014
core   0: 0x80002876 (0x0188ee33) or      t3, a7, s8
core   0: 3 0x80002876 (0x0188ee33) x28 0x1df4ec93
core   0: 0x8000287a (0x0000e411) c.bnez  s0, pc + 12
core   0: 3 0x8000287a (0xe411)
core   0: 0x80002886 (0x023c0b33) mul     s6, s8, gp
core   0: 3 0x80002886 (0x023c0b33) x22 0x1df4ec93
core   0: 0x8000288a (0x41a3de33) sra     t3, t2, s10
core   0: 3 0x8000288a (0x41a3de33) x28 0x00000000
core   0: 0x8000288e (0x03285ab3) divu    s5, a6, s2
core   0: 3 0x8000288e (0x03285ab3) x21 0xffffffff
core   0: 0x80002892 (0x0000615d) c.addi16sp sp, 432
core   0: 3 0x80002892 (0x615d) x2  0x000001af
core   0: 0x80002894 (0x0000968a) c.add   a3, sp
core   0: 3 0x80002894 (0x968a) x13 0x000081af
core   0: 0x80002896 (0x24572e13) slti    t3, a4, 581
core   0: 3 0x80002896 (0x24572e13) x28 0x00000001
core   0: 0x8000289a (0x01da8e33) add     t3, s5, t4
core   0: 3 0x8000289a (0x01da8e33) x28 0xf803dfff
core   0: 0x8000289e (0x03977e33) remu    t3, a4, s9
core   0: 3 0x8000289e (0x03977e33) x28 0x00000000
core   0: 0x800028a2 (0x00006911) c.lui   s2, 0x4
core   0: 3 0x800028a2 (0x6911) x18 0x00004000
core   0: 0x800028a4 (0x0000827d) c.srli  a2, 31
core   0: 3 0x800028a4 (0x827d) x12 0x00000000
core   0: 0x800028a6 (0x0000488d) c.li    a7, 3
core   0: 3 0x800028a6 (0x488d) x17 0x00000003
core   0: 0x800028a8 (0x00008f79) c.and   a4, a4
core   0: 3 0x800028a8 (0x8f79) x14 0x00000000
core   0: 0x800028aa (0x00008ee9) c.and   a3, a0
core   0: 3 0x800028aa (0x8ee9) x13 0x00008000
core   0: 0x800028ac (0x000048d1) c.li    a7, 20
core   0: 3 0x800028ac (0x48d1) x17 0x00000014
core   0: 0x800028ae (0x00006309) c.lui   t1, 0x2
core   0: 3 0x800028ae (0x6309) x6  0x00002000
core   0: 0x800028b0 (0x00008f71) c.and   a4, a2
core   0: 3 0x800028b0 (0x8f71) x14 0x00000000
core   0: 0x800028b2 (0x00008491) c.srai  s1, 4
core   0: 3 0x800028b2 (0x8491) x9  0x00000000
core   0: 0x800028b4 (0x00560c63) beq     a2, t0, pc + 24
core   0: 3 0x800028b4 (0x00560c63)
core   0: 0x800028b8 (0x00000001) c.nop
core   0: 3 0x800028b8 (0x0001)
core   0: 0x800028ba (0x024b96b3) mulh    a3, s7, tp
core   0: 3 0x800028ba (0x024b96b3) x13 0xffffffff
core   0: 0x800028be (0x0293ccb3) div     s9, t2, s1
core   0: 3 0x800028be (0x0293ccb3) x25 0xffffffff
core   0: 0x800028c2 (0x16173513) sltiu   a0, a4, 353
core   0: 3 0x800028c2 (0x16173513) x10 0x00000001
core   0: 0x800028c6 (0x00008ec1) c.or    a3, s0
core   0: 3 0x800028c6 (0x8ec1) x13 0xffffffff
core   0: 0x800028c8 (0x0342e1b3) rem     gp, t0, s4
core   0: 3 0x800028c8 (0x0342e1b3) x3  0x00000000
core   0: 0x800028cc (0x00008e4d) c.or    a2, a1
core   0: 3 0x800028cc (0x8e4d) x12 0x00000000
core   0: 0x800028ce (0x000081d5) c.srli  a1, 21
core   0: 3 0x800028ce (0x81d5) x11 0x00000000
core   0: 0x800028d0 (0xcf11b7b7) lui     a5, 0xcf11b
core   0: 3 0x800028d0 (0xcf11b7b7) x15 0xcf11b000
core   0: 0x800028d4 (0x01809ab3) sll     s5, ra, s8
core   0: 3 0x800028d4 (0x01809ab3) x21 0x3fc00000
core   0: 0x800028d8 (0x03a18563) beq     gp, s10, pc + 42
core   0: 3 0x800028d8 (0x03a18563)
core   0: 0x800028dc (0x00000d84) c.addi4spn s1, sp, 720
core   0: 3 0x800028dc (0x0d84) x9  0x0000047f
core   0: 0x800028de (0xa05e4913) xori    s2, t3, -1531
core   0: 3 0x800028de (0xa05e4913) x18 0xfffffa05
core   0: 0x800028e2 (0x0000717d) c.addi16sp sp, -16
core   0: 3 0x800028e2 (0x717d) x2  0x0000019f
core   0: 0x800028e4 (0x00827e33) and     t3, tp, s0
core   0: 3 0x800028e4 (0x00827e33) x28 0x00000000
core   0: 0x800028e8 (0x00005a7d) c.li    s4, -1
core   0: 3 0x800028e8 (0x5a7d) x20 0xffffffff
core   0: 0x800028ea (0x016270b3) and     ra, tp, s6
core   0: 3 0x800028ea (0x016270b3) x1  0x00002000
core   0: 0x800028ee (0xc44ee293) ori     t0, t4, -956
core   0: 3 0x800028ee (0xc44ee293) x5  0xfffffc44
core   0: 0x800028f2 (0x40405d93) srai    s11, zero, 4
core   0: 3 0x800028f2 (0x40405d93) x27 0x00000000
core   0: 0x800028f6 (0xa9844613) xori    a2, s0, -1384
core   0: 3 0x800028f6 (0xa9844613) x12 0xfffffa8c
core   0: 0x800028fa (0x00008c99) c.sub   s1, a4
core   0: 3 0x800028fa (0x8c99) x9  0x0000047f
core   0: 0x800028fc (0x101f7613) andi    a2, t5, 257
core   0: 3 0x800028fc (0x101f7613) x12 0x00000000
core   0: 0x80002900 (0x00006141) c.addi16sp sp, 16
core   0: 3 0x80002900 (0x6141) x2  0x000001af
core   0: 0x80002902 (0x00000001) c.nop
core   0: 3 0x80002902 (0x0001)
core   0: 0x80002904 (0x00006161) c.addi16sp sp, 80
core   0: 3 0x80002904 (0x6161) x2  0x000001ff
core   0: 0x80002906 (0x007e0bb3) add     s7, t3, t2
core   0: 3 0x80002906 (0x007e0bb3) x23 0x00000000
core   0: 0x8000290a (0x000064a5) c.lui   s1, 0x9
core   0: 3 0x8000290a (0x64a5) x9  0x00009000
core   0: 0x8000290c (0x016ac8b3) xor     a7, s5, s6
core   0: 3 0x8000290c (0x016ac8b3) x17 0x2234ec93
core   0: 0x80002910 (0x0237b3b3) mulhu   t2, a5, gp
core   0: 3 0x80002910 (0x0237b3b3) x7  0x00000000
core   0: 0x80002914 (0x001e8633) add     a2, t4, ra
core   0: 3 0x80002914 (0x001e8633) x12 0xf8040000
core   0: 0x80002918 (0x3a818093) addi    ra, gp, 936
core   0: 3 0x80002918 (0x3a818093) x1  0x000003a8
core   0: 0x8000291c (0x0000826d) c.srli  a2, 27
core   0: 3 0x8000291c (0x826d) x12 0x0000001f
core   0: 0x8000291e (0x0207a2b3) mulhsu  t0, a5, zero
core   0: 3 0x8000291e (0x0207a2b3) x5  0x00000000
core   0: 0x80002922 (0x31657297) auipc   t0, 0x31657
core   0: 3 0x80002922 (0x31657297) x5  0xb1659922
core   0: 0x80002926 (0x025f7333) remu    t1, t5, t0
core   0: 3 0x80002926 (0x025f7333) x6  0x80025ea4
core   0: 0x8000292a (0x00000001) c.nop
core   0: 3 0x8000292a (0x0001)
core   0: 0x8000292c (0x03b72bb3) mulhsu  s7, a4, s11
core   0: 3 0x8000292c (0x03b72bb3) x23 0x00000000
core   0: 0x80002930 (0x407b8b33) sub     s6, s7, t2
core   0: 3 0x80002930 (0x407b8b33) x22 0x00000000
core   0: 0x80002934 (0x018bdd33) srl     s10, s7, s8
core   0: 3 0x80002934 (0x018bdd33) x26 0x00000000
core   0: 0x80002938 (0x0000ca81) c.beqz  a3, pc + 16
core   0: 3 0x80002938 (0xca81)
core   0: 0x8000293a (0x01514233) xor     tp, sp, s5
core   0: 3 0x8000293a (0x01514233) x4  0x3fc001ff
core   0: 0x8000293e (0x00ee6b33) or      s6, t3, a4
core   0: 3 0x8000293e (0x00ee6b33) x22 0x00000000
core   0: 0x80002942 (0x00006dc5) c.lui   s11, 0x11
core   0: 3 0x80002942 (0x6dc5) x27 0x00011000
core   0: 0x80002944 (0xfbd9b013) sltiu   zero, s3, -67
core   0: 3 0x80002944 (0xfbd9b013)
core   0: 0x80002948 (0x01bbd593) srli    a1, s7, 27
core   0: 3 0x80002948 (0x01bbd593) x11 0x00000000
core   0: 0x8000294c (0x004345b3) xor     a1, t1, tp
core   0: 3 0x8000294c (0x004345b3) x11 0xbfc25f5b
core   0: 0x80002950 (0x031754b3) divu    s1, a4, a7
core   0: 3 0x80002950 (0x031754b3) x9  0x00000000
core   0: 0x80002954 (0x402ed6b3) sra     a3, t4, sp
core   0: 3 0x80002954 (0x402ed6b3) x13 0xffffffff
core   0: 0x80002958 (0x00006121) c.addi16sp sp, 64
core   0: 3 0x80002958 (0x6121) x2  0x0000023f
core   0: 0x8000295a (0x0000c219) c.beqz  a2, pc + 6
core   0: 3 0x8000295a (0xc219)
core   0: 0x8000295c (0x35940a93) addi    s5, s0, 857
core   0: 3 0x8000295c (0x35940a93) x21 0x0000036d
core   0: 0x80002960 (0x00000f08) c.addi4spn a0, sp, 912
core   0: 3 0x80002960 (0x0f08) x10 0x000005cf
core   0: 0x80002962 (0x7f922113) slti    sp, tp, 2041
core   0: 3 0x80002962 (0x7f922113) x2  0x00000000
core   0: 0x80002966 (0x00000c0a) c.slli  s8, 2
core   0: 3 0x80002966 (0x0c0a) x24 0x77d3b24c
core   0: 0x80002968 (0x02c38ab3) mul     s5, t2, a2
core   0: 3 0x80002968 (0x02c38ab3) x21 0x00000000
core   0: 0x8000296c (0x00006609) c.lui   a2, 0x2
core   0: 3 0x8000296c (0x6609) x12 0x00002000
core   0: 0x8000296e (0x00de95b3) sll     a1, t4, a3
core   0: 3 0x8000296e (0x00de95b3) x11 0x00000000
core   0: 0x80002972 (0x41d58033) sub     zero, a1, t4
core   0: 3 0x80002972 (0x41d58033)
core   0: 0x80002976 (0x40d2d4b3) sra     s1, t0, a3
core   0: 3 0x80002976 (0x40d2d4b3) x9  0xffffffff
core   0: 0x8000297a (0x02fe94b3) mulh    s1, t4, a5
core   0: 3 0x8000297a (0x02fe94b3) x9  0x0186b4e4
core   0: 0x8000297e (0x00ab9d13) slli    s10, s7, 10
core   0: 3 0x8000297e (0x00ab9d13) x26 0x00000000
core   0: 0x80002982 (0x031296b3) mulh    a3, t0, a7
core   0: 3 0x80002982 (0x031296b3) x13 0xf57f3e56
core   0: 0x80002986 (0x021b0bb3) mul     s7, s6, ra
core   0: 3 0x80002986 (0x021b0bb3) x23 0x00000000
core   0: 0x8000298a (0x41945b33) sra     s6, s0, s9
core   0: 3 0x8000298a (0x41945b33) x22 0x00000000
core   0: 0x8000298e (0x01a35433) srl     s0, t1, s10
core   0: 3 0x8000298e (0x01a35433) x8  0x80025ea4
core   0: 0x80002992 (0x000099fd) c.andi  a1, -1
core   0: 3 0x80002992 (0x99fd) x11 0x00000000
core   0: 0x80002994 (0x03de8db3) mul     s11, t4, t4
core   0: 3 0x80002994 (0x03de8db3) x27 0x04000000
core   0: 0x80002998 (0x29ec4c13) xori    s8, s8, 670
core   0: 3 0x80002998 (0x29ec4c13) x24 0x77d3b0d2
core   0: 0x8000299c (0x0000c51d) c.beqz  a0, pc + 46
core   0: 3 0x8000299c (0xc51d)
core   0: 0x8000299e (0x000081ed) c.srli  a1, 27
core   0: 3 0x8000299e (0x81ed) x11 0x00000000
core   0: 0x800029a0 (0x02402fb3) mulhsu  t6, zero, tp
core   0: 3 0x800029a0 (0x02402fb3) x31 0x00000000
core   0: 0x800029a4 (0x00000800) c.addi4spn s0, sp, 16
core   0: 3 0x800029a4 (0x0800) x8  0x00000010
core   0: 0x800029a6 (0x00008dd5) c.or    a1, a3
core   0: 3 0x800029a6 (0x8dd5) x11 0xf57f3e56
core   0: 0x800029a8 (0x0000842d) c.srai  s0, 11
core   0: 3 0x800029a8 (0x842d) x8  0x00000000
core   0: 0x800029aa (0x000093e2) c.add   t2, s8
core   0: 3 0x800029aa (0x93e2) x7  0x77d3b0d2
core   0: 0x800029ac (0x00009456) c.add   s0, s5
core   0: 3 0x800029ac (0x9456) x8  0x00000000
core   0: 0x800029ae (0x032873b3) remu    t2, a6, s2
core   0: 3 0x800029ae (0x032873b3) x7  0x5b4bc1c6
core   0: 0x800029b2 (0x00000001) c.nop
core   0: 3 0x800029b2 (0x0001)
core   0: 0x800029b4 (0x00008e05) c.sub   a2, s1
core   0: 3 0x800029b4 (0x8e05) x12 0xfe796b1c
core   0: 0x800029b6 (0x000066a1) c.lui   a3, 0x8
core   0: 3 0x800029b6 (0x66a1) x13 0x00008000
core   0: 0x800029b8 (0x00000b84) c.addi4spn s1, sp, 464
core   0: 3 0x800029b8 (0x0b84) x9  0x000001d0
core   0: 0x800029ba (0x0030e663) bltu    ra, gp, pc + 12
core   0: 3 0x800029ba (0x0030e663)
core   0: 0x800029be (0x89534c93) xori    s9, t1, -1899
core   0: 3 0x800029be (0x89534c93) x25 0x7ffda631
core   0: 0x800029c2 (0x03797b33) remu    s6, s2, s7
core   0: 3 0x800029c2 (0x03797b33) x22 0xfffffa05
core   0: 0x800029c6 (0x03fd1163) bne     s10, t6, pc + 34
core   0: 3 0x800029c6 (0x03fd1163)
core   0: 0x800029ca (0x02b166b3) rem     a3, sp, a1
core   0: 3 0x800029ca (0x02b166b3) x13 0x00000000
core   0: 0x800029ce (0x02b74763) blt     a4, a1, pc + 46
core   0: 3 0x800029ce (0x02b74763)
core   0: 0x800029d2 (0x03f8cb33) div     s6, a7, t6
core   0: 3 0x800029d2 (0x03f8cb33) x22 0xffffffff
core   0: 0x800029d6 (0x41f5d293) srai    t0, a1, 31
core   0: 3 0x800029d6 (0x41f5d293) x5  0xffffffff
core   0: 0x800029da (0xa9fd7c93) andi    s9, s10, -1377
core   0: 3 0x800029da (0xa9fd7c93) x25 0x00000000
core   0: 0x800029de (0x00001594) c.addi4spn a3, sp, 736
core   0: 3 0x800029de (0x1594) x13 0x000002e0
core   0: 0x800029e0 (0x02278d33) mul     s10, a5, sp
core   0: 3 0x800029e0 (0x02278d33) x26 0x00000000
core   0: 0x800029e4 (0xf1b0c893) xori    a7, ra, -229
core   0: 3 0x800029e4 (0xf1b0c893) x17 0xfffffcb3
core   0: 0x800029e8 (0x00000cb6) c.slli  s9, 13
core   0: 3 0x800029e8 (0x0cb6) x25 0x00000000
core   0: 0x800029ea (0x41d20c33) sub     s8, tp, t4
core   0: 3 0x800029ea (0x41d20c33) x24 0x47bc21ff
core   0: 0x800029ee (0x00008f29) c.xor   a4, a0
core   0: 3 0x800029ee (0x8f29) x14 0x000005cf
core   0: 0x800029f0 (0x0000e389) c.bnez  a5, pc + 2
core   0: 3 0x800029f0 (0xe389)
core   0: 0x800029f2 (0x00008b49) c.andi  a4, 18
core   0: 3 0x800029f2 (0x8b49) x14 0x00000002
core   0: 0x800029f4 (0x02d23333) mulhu   t1, tp, a3
core   0: 3 0x800029f4 (0x02d23333) x6  0x000000b7
core   0: 0x800029f8 (0x015c9593) slli    a1, s9, 21
core   0: 3 0x800029f8 (0x015c9593) x11 0x00000000
core   0: 0x800029fc (0x00008679) c.srai  a2, 30
core   0: 3 0x800029fc (0x8679) x12 0xffffffff
core   0: 0x800029fe (0x00000001) c.nop
core   0: 3 0x800029fe (0x0001)
core   0: 0x80002a00 (0x024d38b3) mulhu   a7, s10, tp
core   0: 3 0x80002a00 (0x024d38b3) x17 0x00000000
core   0: 0x80002a04 (0x00000001) c.nop
core   0: 3 0x80002a04 (0x0001)
core   0: 0x80002a06 (0x4120d293) srai    t0, ra, 18
core   0: 3 0x80002a06 (0x4120d293) x5  0x00000000
core   0: 0x80002a0a (0x01589a93) slli    s5, a7, 21
core   0: 3 0x80002a0a (0x01589a93) x21 0x00000000
core   0: 0x80002a0e (0x011c5e13) srli    t3, s8, 17
core   0: 3 0x80002a0e (0x011c5e13) x28 0x000023de
core   0: 0x80002a12 (0x02c60863) beq     a2, a2, pc + 48
core   0: 3 0x80002a12 (0x02c60863)
core   0: 0x80002a42 (0x40615eb3) sra     t4, sp, t1
core   0: 3 0x80002a42 (0x40615eb3) x29 0x00000000
core   0: 0x80002a46 (0x00000001) c.nop
core   0: 3 0x80002a46 (0x0001)
core   0: 0x80002a48 (0x000062d5) c.lui   t0, 0x15
core   0: 3 0x80002a48 (0x62d5) x5  0x00015000
core   0: 0x80002a4a (0xcadf0213) addi    tp, t5, -851
core   0: 3 0x80002a4a (0xcadf0213) x4  0x80025b51
core   0: 0x80002a4e (0x021d4d63) blt     s10, ra, pc + 58
core   0: 3 0x80002a4e (0x021d4d63)
core   0: 0x80002a88 (0x01402cb3) slt     s9, zero, s4
core   0: 3 0x80002a88 (0x01402cb3) x25 0x00000000
core   0: 0x80002a8c (0x416850b3) sra     ra, a6, s6
core   0: 3 0x80002a8c (0x416850b3) x1  0x00000000
core   0: 0x80002a90 (0x00004341) c.li    t1, 16
core   0: 3 0x80002a90 (0x4341) x6  0x00000010
core   0: 0x80002a92 (0x023f1163) bne     t5, gp, pc + 34
core   0: 3 0x80002a92 (0x023f1163)
core   0: 0x80002ab4 (0x02837163) bgeu    t1, s0, pc + 34
core   0: 3 0x80002ab4 (0x02837163)
core   0: 0x80002ad6 (0x009ce3b3) or      t2, s9, s1
core   0: 3 0x80002ad6 (0x009ce3b3) x7  0x000001d0
core   0: 0x80002ada (0x0304d663) bge     s1, a6, pc + 44
core   0: 3 0x80002ada (0x0304d663)
core   0: 0x80002ade (0x037b1333) mulh    t1, s6, s7
core   0: 3 0x80002ade (0x037b1333) x6  0x00000000
core   0: 0x80002ae2 (0x25d6cbb7) lui     s7, 0x25d6c
core   0: 3 0x80002ae2 (0x25d6cbb7) x23 0x25d6c000
core   0: 0x80002ae6 (0x026c3a33) mulhu   s4, s8, t1
core   0: 3 0x80002ae6 (0x026c3a33) x20 0x00000000
core   0: 0x80002aea (0x014eb8b3) sltu    a7, t4, s4
core   0: 3 0x80002aea (0x014eb8b3) x17 0x00000000
core   0: 0x80002aee (0x1c2d7437) lui     s0, 0x1c2d7
core   0: 3 0x80002aee (0x1c2d7437) x8  0x1c2d7000
core   0: 0x80002af2 (0x83970c93) addi    s9, a4, -1991
core   0: 3 0x80002af2 (0x83970c93) x25 0xfffff83b
core   0: 0x80002af6 (0x0237d363) bge     a5, gp, pc + 38
core   0: 3 0x80002af6 (0x0237d363)
core   0: 0x80002afa (0x0b1af713) andi    a4, s5, 177
core   0: 3 0x80002afa (0x0b1af713) x14 0x00000000
core   0: 0x80002afe (0x0000e415) c.bnez  s0, pc + 44
core   0: 3 0x80002afe (0xe415)
core   0: 0x80002b2a (0x00008c4e) c.mv    s8, s3
core   0: 3 0x80002b2a (0x8c4e) x24 0x80029d24
core   0: 0x80002b2c (0x02987433) remu    s0, a6, s1
core   0: 3 0x80002b2c (0x02987433) x8  0x00000056
core   0: 0x80002b30 (0x00008099) c.srli  s1, 6
core   0: 3 0x80002b30 (0x8099) x9  0x00000007
core   0: 0x80002b32 (0x41285613) srai    a2, a6, 18
core   0: 3 0x80002b32 (0x41285613) x12 0x000016d2
core   0: 0x80002b36 (0x01e11a63) bne     sp, t5, pc + 20
core   0: 3 0x80002b36 (0x01e11a63)
core   0: 0x80002b4a (0x0322be93) sltiu   t4, t0, 50
core   0: 3 0x80002b4a (0x0322be93) x29 0x00000000
core   0: 0x80002b4e (0x013c3cb3) sltu    s9, s8, s3
core   0: 3 0x80002b4e (0x013c3cb3) x25 0x00000000
core   0: 0x80002b52 (0x0352efb3) rem     t6, t0, s5
core   0: 3 0x80002b52 (0x0352efb3) x31 0x00015000
core   0: 0x80002b56 (0x00f21533) sll     a0, tp, a5
core   0: 3 0x80002b56 (0x00f21533) x10 0x80025b51
core   0: 0x80002b5a (0xec37fe37) lui     t3, 0xec37f
core   0: 3 0x80002b5a (0xec37fe37) x28 0xec37f000
core   0: 0x80002b5e (0x02348db3) mul     s11, s1, gp
core   0: 3 0x80002b5e (0x02348db3) x27 0x00000000
core   0: 0x80002b62 (0x93e93f93) sltiu   t6, s2, -1730
core   0: 3 0x80002b62 (0x93e93f93) x31 0x00000000
core   0: 0x80002b66 (0x0368e2b3) rem     t0, a7, s6
core   0: 3 0x80002b66 (0x0368e2b3) x5  0x00000000
core   0: 0x80002b6a (0x40b380b3) sub     ra, t2, a1
core   0: 3 0x80002b6a (0x40b380b3) x1  0x000001d0
core   0: 0x80002b6e (0x03b5b8b3) mulhu   a7, a1, s11
core   0: 3 0x80002b6e (0x03b5b8b3) x17 0x00000000
core   0: 0x80002b72 (0x000082e5) c.srli  a3, 25
core   0: 3 0x80002b72 (0x82e5) x13 0x00000000
core   0: 0x80002b74 (0x714d8b97) auipc   s7, 0x714d8
core   0: 3 0x80002b74 (0x714d8b97) x23 0xf14dab74
core   0: 0x80002b78 (0x00009266) c.add   tp, s9
core   0: 3 0x80002b78 (0x9266) x4  0x80025b51
core   0: 0x80002b7a (0x01e198b3) sll     a7, gp, t5
core   0: 3 0x80002b7a (0x01e198b3) x17 0x00000000
core   0: 0x80002b7e (0x024ce1b3) rem     gp, s9, tp
core   0: 3 0x80002b7e (0x024ce1b3) x3  0x00000000
core   0: 0x80002b82 (0x89672037) lui     zero, 0x89672
core   0: 3 0x80002b82 (0x89672037)
core   0: 0x80002b86 (0x02a3bbb3) mulhu   s7, t2, a0
core   0: 3 0x80002b86 (0x02a3bbb3) x23 0x000000e8
core   0: 0x80002b8a (0x30abb493) sltiu   s1, s7, 778
core   0: 3 0x80002b8a (0x30abb493) x9  0x00000001
core   0: 0x80002b8e (0x2a28c413) xori    s0, a7, 674
core   0: 3 0x80002b8e (0x2a28c413) x8  0x000002a2
core   0: 0x80002b92 (0xa964f513) andi    a0, s1, -1386
core   0: 3 0x80002b92 (0xa964f513) x10 0x00000000
core   0: 0x80002b96 (0x00e55fb3) srl     t6, a0, a4
core   0: 3 0x80002b96 (0x00e55fb3) x31 0x00000000
core   0: 0x80002b9a (0x00008ef5) c.and   a3, a3
core   0: 3 0x80002b9a (0x8ef5) x13 0x00000000
core   0: 0x80002b9c (0x0000856a) c.mv    a0, s10
core   0: 3 0x80002b9c (0x856a) x10 0x00000000
core   0: 0x80002b9e (0x000048f5) c.li    a7, 29
core   0: 3 0x80002b9e (0x48f5) x17 0x0000001d
core   0: 0x80002ba0 (0x03e74b63) blt     a4, t5, pc + 54
core   0: 3 0x80002ba0 (0x03e74b63)
core   0: 0x80002ba4 (0x41f55933) sra     s2, a0, t6
core   0: 3 0x80002ba4 (0x41f55933) x18 0x00000000
core   0: 0x80002ba8 (0x1addbc13) sltiu   s8, s11, 429
core   0: 3 0x80002ba8 (0x1addbc13) x24 0x00000001
core   0: 0x80002bac (0x0000c399) c.beqz  a5, pc + 6
core   0: 3 0x80002bac (0xc399)
core   0: 0x80002bae (0x55d17b13) andi    s6, sp, 1373
core   0: 3 0x80002bae (0x55d17b13) x22 0x00000000
core   0: 0x80002bb2 (0x00000001) c.nop
core   0: 3 0x80002bb2 (0x0001)
core   0: 0x80002bb4 (0x031b05b3) mul     a1, s6, a7
core   0: 3 0x80002bb4 (0x031b05b3) x11 0x00000000
core   0: 0x80002bb8 (0x00dd5193) srli    gp, s10, 13
core   0: 3 0x80002bb8 (0x00dd5193) x3  0x00000000
core   0: 0x80002bbc (0x013cd963) bge     s9, s3, pc + 18
core   0: 3 0x80002bbc (0x013cd963)
core   0: 0x80002bce (0x000058fd) c.li    a7, -1
core   0: 3 0x80002bce (0x58fd) x17 0xffffffff
core   0: 0x80002bd0 (0x00f9c433) xor     s0, s3, a5
core   0: 3 0x80002bd0 (0x00f9c433) x8  0x4f132d24
core   0: 0x80002bd4 (0x000011fd) c.addi  gp, -1
core   0: 3 0x80002bd4 (0x11fd) x3  0xffffffff
core   0: 0x80002bd6 (0x008792b3) sll     t0, a5, s0
core   0: 3 0x80002bd6 (0x008792b3) x5  0xf11b0000
core   0: 0x80002bda (0x034becb3) rem     s9, s7, s4
core   0: 3 0x80002bda (0x034becb3) x25 0x000000e8
core   0: 0x80002bde (0x01efda63) bge     t6, t5, pc + 20
core   0: 3 0x80002bde (0x01efda63)
core   0: 0x80002bf2 (0x01e55463) bge     a0, t5, pc + 8
core   0: 3 0x80002bf2 (0x01e55463)
core   0: 0x80002bfa (0x0b102e93) slti    t4, zero, 177
core   0: 3 0x80002bfa (0x0b102e93) x29 0x00000001
core   0: 0x80002bfe (0xed1ef213) andi    tp, t4, -303
core   0: 3 0x80002bfe (0xed1ef213) x4  0x00000001
core   0: 0x80002c02 (0x00000001) c.nop
core   0: 3 0x80002c02 (0x0001)
core   0: 0x80002c04 (0x0376d8b3) divu    a7, a3, s7
core   0: 3 0x80002c04 (0x0376d8b3) x17 0x00000000
core   0: 0x80002c08 (0x1f2f7213) andi    tp, t5, 498
core   0: 3 0x80002c08 (0x1f2f7213) x4  0x000000a0
core   0: 0x80002c0c (0x0085fa63) bgeu    a1, s0, pc + 20
core   0: 3 0x80002c0c (0x0085fa63)
core   0: 0x80002c10 (0x01483d33) sltu    s10, a6, s4
core   0: 3 0x80002c10 (0x01483d33) x26 0x00000000
core   0: 0x80002c14 (0x00e1f663) bgeu    gp, a4, pc + 12
core   0: 3 0x80002c14 (0x00e1f663)
core   0: 0x80002c20 (0x0000809e) c.mv    ra, t2
core   0: 3 0x80002c20 (0x809e) x1  0x000001d0
core   0: 0x80002c22 (0x00d817b3) sll     a5, a6, a3
core   0: 3 0x80002c22 (0x00d817b3) x15 0x5b4bc1c6
core   0: 0x80002c26 (0x00008555) c.srai  a0, 21
core   0: 3 0x80002c26 (0x8555) x10 0x00000000
core   0: 0x80002c28 (0x00008e75) c.and   a2, a3
core   0: 3 0x80002c28 (0x8e75) x12 0x00000000
core   0: 0x80002c2a (0x00000bba) c.slli  s7, 14
core   0: 3 0x80002c2a (0x0bba) x23 0x003a0000
core   0: 0x80002c2c (0x4d57b393) sltiu   t2, a5, 1237
core   0: 3 0x80002c2c (0x4d57b393) x7  0x00000000
core   0: 0x80002c30 (0x00000001) c.nop
core   0: 3 0x80002c30 (0x0001)
core   0: 0x80002c32 (0x0000717d) c.addi16sp sp, -16
core   0: 3 0x80002c32 (0x717d) x2  0xfffffff0
core   0: 0x80002c34 (0x00000001) c.nop
core   0: 3 0x80002c34 (0x0001)
core   0: 0x80002c36 (0x029c3333) mulhu   t1, s8, s1
core   0: 3 0x80002c36 (0x029c3333) x6  0x00000000
core   0: 0x80002c3a (0x00cf4d63) blt     t5, a2, pc + 26
core   0: 3 0x80002c3a (0x00cf4d63)
core   0: 0x80002c54 (0x016bfc33) and     s8, s7, s6
core   0: 3 0x80002c54 (0x016bfc33) x24 0x00000000
core   0: 0x80002c58 (0x416188b3) sub     a7, gp, s6
core   0: 3 0x80002c58 (0x416188b3) x17 0xffffffff
core   0: 0x80002c5c (0x034c0fb3) mul     t6, s8, s4
core   0: 3 0x80002c5c (0x034c0fb3) x31 0x00000000
core   0: 0x80002c60 (0x07af7017) auipc   zero, 0x7af7
core   0: 3 0x80002c60 (0x07af7017)
core   0: 0x80002c64 (0x00009a7d) c.andi  a2, -1
core   0: 3 0x80002c64 (0x9a7d) x12 0x00000000
core   0: 0x80002c66 (0x00b7d563) bge     a5, a1, pc + 10
core   0: 3 0x80002c66 (0x00b7d563)
core   0: 0x80002c70 (0x03b67133) remu    sp, a2, s11
core   0: 3 0x80002c70 (0x03b67133) x2  0x00000000
core   0: 0x80002c74 (0x01115333) srl     t1, sp, a7
core   0: 3 0x80002c74 (0x01115333) x6  0x00000000
core   0: 0x80002c78 (0x01cc44b3) xor     s1, s8, t3
core   0: 3 0x80002c78 (0x01cc44b3) x9  0xec37f000
core   0: 0x80002c7c (0x97f66b17) auipc   s6, 0x97f66
core   0: 3 0x80002c7c (0x97f66b17) x22 0x17f68c7c
core   0: 0x80002c80 (0x00000cd9) c.addi  s9, 22
core   0: 3 0x80002c80 (0x0cd9) x25 0x000000fe
core   0: 0x80002c82 (0x41a9dcb3) sra     s9, s3, s10
core   0: 3 0x80002c82 (0x41a9dcb3) x25 0x80029d24
core   0: 0x80002c86 (0x015a5b63) bge     s4, s5, pc + 22
core   0: 3 0x80002c86 (0x015a5b63)
core   0: 0x80002c9c (0x00000001) c.nop
core   0: 3 0x80002c9c (0x0001)
core   0: 0x80002c9e (0x0000c81d) c.beqz  s0, pc + 54
core   0: 3 0x80002c9e (0xc81d)
core   0: 0x80002ca0 (0x0321ef63) bltu    gp, s2, pc + 62
core   0: 3 0x80002ca0 (0x0321ef63)
core   0: 0x80002ca4 (0xdd74af97) auipc   t6, 0xdd74a
core   0: 3 0x80002ca4 (0xdd74af97) x31 0x5d74cca4
core   0: 0x80002ca8 (0x009d4963) blt     s10, s1, pc + 18
core   0: 3 0x80002ca8 (0x009d4963)
core   0: 0x80002cac (0x0211e1b3) rem     gp, gp, ra
core   0: 3 0x80002cac (0x0211e1b3) x3  0xffffffff
core   0: 0x80002cb0 (0x00000001) c.nop
core   0: 3 0x80002cb0 (0x0001)
core   0: 0x80002cb2 (0x00b9a3b3) slt     t2, s3, a1
core   0: 3 0x80002cb2 (0x00b9a3b3) x7  0x00000001
core   0: 0x80002cb6 (0xe7564a93) xori    s5, a2, -395
core   0: 3 0x80002cb6 (0xe7564a93) x21 0xfffffe75
core   0: 0x80002cba (0x0041ca13) xori    s4, gp, 4
core   0: 3 0x80002cba (0x0041ca13) x20 0xfffffffb
core   0: 0x80002cbe (0xcfa338b7) lui     a7, 0xcfa33
core   0: 3 0x80002cbe (0xcfa338b7) x17 0xcfa33000
core   0: 0x80002cc2 (0x00214b63) blt     sp, sp, pc + 22
core   0: 3 0x80002cc2 (0x00214b63)
core   0: 0x80002cc6 (0x01acecb3) or      s9, s9, s10
core   0: 3 0x80002cc6 (0x01acecb3) x25 0x80029d24
core   0: 0x80002cca (0x1922ee93) ori     t4, t0, 402
core   0: 3 0x80002cca (0x1922ee93) x29 0xf11b0192
core   0: 0x80002cce (0x00008e91) c.sub   a3, a2
core   0: 3 0x80002cce (0x8e91) x13 0x00000000
core   0: 0x80002cd0 (0x1fd43113) sltiu   sp, s0, 509
core   0: 3 0x80002cd0 (0x1fd43113) x2  0x00000000
core   0: 0x80002cd4 (0xf7fb4713) xori    a4, s6, -129
core   0: 3 0x80002cd4 (0xf7fb4713) x14 0xe8097303
core   0: 0x80002cd8 (0x00009b7d) c.andi  a4, -1
core   0: 3 0x80002cd8 (0x9b7d) x14 0xe8097303
core   0: 0x80002cda (0x017514b3) sll     s1, a0, s7
core   0: 3 0x80002cda (0x017514b3) x9  0x00000000
core   0: 0x80002cde (0x033e8cb3) mul     s9, t4, s3
core   0: 3 0x80002cde (0x033e8cb3) x25 0x7ae6c288
core   0: 0x80002ce2 (0x00008cbd) c.xor   s1, a5
core   0: 3 0x80002ce2 (0x8cbd) x9  0x5b4bc1c6
core   0: 0x80002ce4 (0x4ee8ef93) ori     t6, a7, 1262
core   0: 3 0x80002ce4 (0x4ee8ef93) x31 0xcfa334ee
core   0: 0x80002ce8 (0x00000a9e) c.slli  s5, 7
core   0: 3 0x80002ce8 (0x0a9e) x21 0xffff3a80
core   0: 0x80002cea (0x0000ed19) c.bnez  a0, pc + 30
core   0: 3 0x80002cea (0xed19)
core   0: 0x80002cec (0x01afd4b3) srl     s1, t6, s10
core   0: 3 0x80002cec (0x01afd4b3) x9  0xcfa334ee
core   0: 0x80002cf0 (0x02cdcfb3) div     t6, s11, a2
core   0: 3 0x80002cf0 (0x02cdcfb3) x31 0xffffffff
core   0: 0x80002cf4 (0x000098fd) c.andi  s1, -1
core   0: 3 0x80002cf4 (0x98fd) x9  0xcfa334ee
core   0: 0x80002cf6 (0x03a72033) mulhsu  zero, a4, s10
core   0: 3 0x80002cf6 (0x03a72033)
core   0: 0x80002cfa (0x00008b72) c.mv    s6, t3
core   0: 3 0x80002cfa (0x8b72) x22 0xec37f000
core   0: 0x80002cfc (0x03940763) beq     s0, s9, pc + 46
core   0: 3 0x80002cfc (0x03940763)
core   0: 0x80002d00 (0x1f85bf93) sltiu   t6, a1, 504
core   0: 3 0x80002d00 (0x1f85bf93) x31 0x00000001
core   0: 0x80002d04 (0x02b97733) remu    a4, s2, a1
core   0: 3 0x80002d04 (0x02b97733) x14 0x00000000
core   0: 0x80002d08 (0x008d4b33) xor     s6, s10, s0
core   0: 3 0x80002d08 (0x008d4b33) x22 0x4f132d24
core   0: 0x80002d0c (0x0000cb99) c.beqz  a5, pc + 22
core   0: 3 0x80002d0c (0xcb99)
core   0: 0x80002d0e (0x020db6b3) mulhu   a3, s11, zero
core   0: 3 0x80002d0e (0x020db6b3) x13 0x00000000
core   0: 0x80002d12 (0x0120f3b3) and     t2, ra, s2
core   0: 3 0x80002d12 (0x0120f3b3) x7  0x00000000
core   0: 0x80002d16 (0x0264b033) mulhu   zero, s1, t1
core   0: 3 0x80002d16 (0x0264b033)
core   0: 0x80002d1a (0x41b90cb3) sub     s9, s2, s11
core   0: 3 0x80002d1a (0x41b90cb3) x25 0x00000000
core   0: 0x80002d1e (0x403a5f93) srai    t6, s4, 3
core   0: 3 0x80002d1e (0x403a5f93) x31 0xffffffff
core   0: 0x80002d22 (0x02f5fa33) remu    s4, a1, a5
core   0: 3 0x80002d22 (0x02f5fa33) x20 0x00000000
core   0: 0x80002d26 (0xdddc8893) addi    a7, s9, -547
core   0: 3 0x80002d26 (0xdddc8893) x17 0xfffffddd
core   0: 0x80002d2a (0x00750f63) beq     a0, t2, pc + 30
core   0: 3 0x80002d2a (0x00750f63)
core   0: 0x80002d48 (0x033810b3) mulh    ra, a6, s3
core   0: 3 0x80002d48 (0x033810b3) x1  0xd25b0dbe
core   0: 0x80002d4c (0x0031c433) xor     s0, gp, gp
core   0: 3 0x80002d4c (0x0031c433) x8  0x00000000
core   0: 0x80002d50 (0x00000426) c.slli  s0, 9
core   0: 3 0x80002d50 (0x0426) x8  0x00000000
core   0: 0x80002d52 (0x021713b3) mulh    t2, a4, ra
core   0: 3 0x80002d52 (0x021713b3) x7  0x00000000
core   0: 0x80002d56 (0x40e5dc33) sra     s8, a1, a4
core   0: 3 0x80002d56 (0x40e5dc33) x24 0x00000000
core   0: 0x80002d5a (0x03856033) rem     zero, a0, s8
core   0: 3 0x80002d5a (0x03856033)
core   0: 0x80002d5e (0x01089463) bne     a7, a6, pc + 8
core   0: 3 0x80002d5e (0x01089463)
core   0: 0x80002d66 (0x007fb533) sltu    a0, t6, t2
core   0: 3 0x80002d66 (0x007fb533) x10 0x00000000
core   0: 0x80002d6a (0x034d6363) bltu    s10, s4, pc + 38
core   0: 3 0x80002d6a (0x034d6363)
core   0: 0x80002d6e (0x029d4963) blt     s10, s1, pc + 50
core   0: 3 0x80002d6e (0x029d4963)
core   0: 0x80002d72 (0x035d1e33) mulh    t3, s10, s5
core   0: 3 0x80002d72 (0x035d1e33) x28 0x00000000
core   0: 0x80002d76 (0x02d35333) divu    t1, t1, a3
core   0: 3 0x80002d76 (0x02d35333) x6  0xffffffff
core   0: 0x80002d7a (0x00009b06) c.add   s6, ra
core   0: 3 0x80002d7a (0x9b06) x22 0x216e3ae2
core   0: 0x80002d7c (0x038d6233) rem     tp, s10, s8
core   0: 3 0x80002d7c (0x038d6233) x4  0x00000000
core   0: 0x80002d80 (0x01a2ce33) xor     t3, t0, s10
core   0: 3 0x80002d80 (0x01a2ce33) x28 0xf11b0000
core   0: 0x80002d84 (0x21435e37) lui     t3, 0x21435
core   0: 3 0x80002d84 (0x21435e37) x28 0x21435000
core   0: 0x80002d88 (0x0057bdb3) sltu    s11, a5, t0
core   0: 3 0x80002d88 (0x0057bdb3) x27 0x00000001
core   0: 0x80002d8c (0x00e80c33) add     s8, a6, a4
core   0: 3 0x80002d8c (0x00e80c33) x24 0x5b4bc1c6
core   0: 0x80002d90 (0x8e604397) auipc   t2, 0x8e604
core   0: 3 0x80002d90 (0x8e604397) x7  0x0e606d90
core   0: 0x80002d94 (0x0244e0b3) rem     ra, s1, tp
core   0: 3 0x80002d94 (0x0244e0b3) x1  0xcfa334ee
core   0: 0x80002d98 (0x005b5263) bge     s6, t0, pc + 4
core   0: 3 0x80002d98 (0x005b5263)
core   0: 0x80002d9c (0x01451cb3) sll     s9, a0, s4
core   0: 3 0x80002d9c (0x01451cb3) x25 0x00000000
core   0: 0x80002da0 (0x001f4633) xor     a2, t5, ra
core   0: 3 0x80002da0 (0x001f4633) x12 0x4fa16a4a
core   0: 0x80002da4 (0x00000001) c.nop
core   0: 3 0x80002da4 (0x0001)
core   0: 0x80002da6 (0x02737633) remu    a2, t1, t2
core   0: 3 0x80002da6 (0x02737633) x12 0x0b98b96f
core   0: 0x80002daa (0x00008215) c.srli  a2, 5
core   0: 3 0x80002daa (0x8215) x12 0x005cc5cb
core   0: 0x80002dac (0x01b872b3) and     t0, a6, s11
core   0: 3 0x80002dac (0x01b872b3) x5  0x00000000
core   0: 0x80002db0 (0x02a176b3) remu    a3, sp, a0
core   0: 3 0x80002db0 (0x02a176b3) x13 0x00000000
core   0: 0x80002db4 (0x0283b033) mulhu   zero, t2, s0
core   0: 3 0x80002db4 (0x0283b033)
core   0: 0x80002db8 (0x00005b7d) c.li    s6, -1
core   0: 3 0x80002db8 (0x5b7d) x22 0xffffffff
core   0: 0x80002dba (0x02b9ad33) mulhsu  s10, s3, a1
core   0: 3 0x80002dba (0x02b9ad33) x26 0x00000000
core   0: 0x80002dbe (0x01ccacb3) slt     s9, s9, t3
core   0: 3 0x80002dbe (0x01ccacb3) x25 0x00000001
core   0: 0x80002dc2 (0x0000167d) c.addi  a2, -1
core   0: 3 0x80002dc2 (0x167d) x12 0x005cc5ca
core   0: 0x80002dc4 (0x00008fd5) c.or    a5, a3
core   0: 3 0x80002dc4 (0x8fd5) x15 0x5b4bc1c6
core   0: 0x80002dc6 (0x03757533) remu    a0, a0, s7
core   0: 3 0x80002dc6 (0x03757533) x10 0x00000000
core   0: 0x80002dca (0x03cbde33) divu    t3, s7, t3
core   0: 3 0x80002dca (0x03cbde33) x28 0x00000000
core   0: 0x80002dce (0x00008251) c.srli  a2, 20
core   0: 3 0x80002dce (0x8251) x12 0x00000005
core   0: 0x80002dd0 (0x000053fd) c.li    t2, -1
core   0: 3 0x80002dd0 (0x53fd) x7  0xffffffff
core   0: 0x80002dd2 (0x01fd9513) slli    a0, s11, 31
core   0: 3 0x80002dd2 (0x01fd9513) x10 0x80000000
core   0: 0x80002dd6 (0x0173d913) srli    s2, t2, 23
core   0: 3 0x80002dd6 (0x0173d913) x18 0x000001ff
core   0: 0x80002dda (0x00033633) sltu    a2, t1, zero
core   0: 3 0x80002dda (0x00033633) x12 0x00000000
core   0: 0x80002dde (0x0168dc13) srli    s8, a7, 22
core   0: 3 0x80002dde (0x0168dc13) x24 0x000003ff
core   0: 0x80002de2 (0x00008ea9) c.xor   a3, a0
core   0: 3 0x80002de2 (0x8ea9) x13 0x80000000
core   0: 0x80002de4 (0x000085a5) c.srai  a1, 9
core   0: 3 0x80002de4 (0x85a5) x11 0x00000000
core   0: 0x80002de6 (0x00085413) srli    s0, a6, 0
core   0: 3 0x80002de6 (0x00085413) x8  0x5b4bc1c6
core   0: 0x80002dea (0x0000597d) c.li    s2, -1
core   0: 3 0x80002dea (0x597d) x18 0xffffffff
core   0: 0x80002dec (0x00f060b3) or      ra, zero, a5
core   0: 3 0x80002dec (0x00f060b3) x1  0x5b4bc1c6
core   0: 0x80002df0 (0x00c933b3) sltu    t2, s2, a2
core   0: 3 0x80002df0 (0x00c933b3) x7  0x00000000
core   0: 0x80002df4 (0x00008d5d) c.or    a0, a5
core   0: 3 0x80002df4 (0x8d5d) x10 0xdb4bc1c6
core   0: 0x80002df6 (0x0172cbb3) xor     s7, t0, s7
core   0: 3 0x80002df6 (0x0172cbb3) x23 0x003a0000
core   0: 0x80002dfa (0x0000717d) c.addi16sp sp, -16
core   0: 3 0x80002dfa (0x717d) x2  0xfffffff0
core   0: 0x80002dfc (0x01ad9563) bne     s11, s10, pc + 10
core   0: 3 0x80002dfc (0x01ad9563)
core   0: 0x80002e06 (0xb6c6bd13) sltiu   s10, a3, -1172
core   0: 3 0x80002e06 (0xb6c6bd13) x26 0x00000001
core   0: 0x80002e0a (0x000098d2) c.add   a7, s4
core   0: 3 0x80002e0a (0x98d2) x17 0xfffffddd
core   0: 0x80002e0c (0x5c8f2293) slti    t0, t5, 1480
core   0: 3 0x80002e0c (0x5c8f2293) x5  0x00000001
core   0: 0x80002e10 (0x00008235) c.srli  a2, 13
core   0: 3 0x80002e10 (0x8235) x12 0x00000000
core   0: 0x80002e12 (0x00bfaab3) slt     s5, t6, a1
core   0: 3 0x80002e12 (0x00bfaab3) x21 0x00000001
core   0: 0x80002e16 (0x9231ed13) ori     s10, gp, -1757
core   0: 3 0x80002e16 (0x9231ed13) x26 0xffffffff
core   0: 0x80002e1a (0x00371d33) sll     s10, a4, gp
core   0: 3 0x80002e1a (0x00371d33) x26 0x00000000
core   0: 0x80002e1e (0x036602b3) mul     t0, a2, s6
core   0: 3 0x80002e1e (0x036602b3) x5  0x00000000
core   0: 0x80002e22 (0x0150ea63) bltu    ra, s5, pc + 20
core   0: 3 0x80002e22 (0x0150ea63)
core   0: 0x80002e26 (0x019768b3) or      a7, a4, s9
core   0: 3 0x80002e26 (0x019768b3) x17 0x00000001
core   0: 0x80002e2a (0xbafe5497) auipc   s1, 0xbafe5
core   0: 3 0x80002e2a (0xbafe5497) x9  0x3afe7e2a
core   0: 0x80002e2e (0x00000d96) c.slli  s11, 5
core   0: 3 0x80002e2e (0x0d96) x27 0x00000020
core   0: 0x80002e30 (0x017e6433) or      s0, t3, s7
core   0: 3 0x80002e30 (0x017e6433) x8  0x003a0000
core   0: 0x80002e34 (0x00008395) c.srli  a5, 5
core   0: 3 0x80002e34 (0x8395) x15 0x02da5e0e
core   0: 0x80002e36 (0x00001198) c.addi4spn a4, sp, 224
core   0: 3 0x80002e36 (0x1198) x14 0x000000d0
core   0: 0x80002e38 (0x0212c8b3) div     a7, t0, ra
core   0: 3 0x80002e38 (0x0212c8b3) x17 0x00000000
core   0: 0x80002e3c (0x00001280) c.addi4spn s0, sp, 352
core   0: 3 0x80002e3c (0x1280) x8  0x00000150
core   0: 0x80002e3e (0x02207033) remu    zero, zero, sp
core   0: 3 0x80002e3e (0x02207033)
core   0: 0x80002e42 (0x00008ced) c.and   s1, a1
core   0: 3 0x80002e42 (0x8ced) x9  0x00000000
core   0: 0x80002e44 (0x0000e089) c.bnez  s1, pc + 2
core   0: 3 0x80002e44 (0xe089)
core   0: 0x80002e46 (0x00009ef2) c.add   t4, t3
core   0: 3 0x80002e46 (0x9ef2) x29 0xf11b0192
core   0: 0x80002e48 (0x00e72133) slt     sp, a4, a4
core   0: 3 0x80002e48 (0x00e72133) x2  0x00000000
core   0: 0x80002e4c (0x40135013) srai    zero, t1, 1
core   0: 3 0x80002e4c (0x40135013)
core   0: 0x80002e50 (0x009b8863) beq     s7, s1, pc + 16
core   0: 3 0x80002e50 (0x009b8863)
core   0: 0x80002e54 (0x02d2c263) blt     t0, a3, pc + 36
core   0: 3 0x80002e54 (0x02d2c263)
core   0: 0x80002e58 (0xdebbe293) ori     t0, s7, -533
core   0: 3 0x80002e58 (0xdebbe293) x5  0xfffffdeb
core   0: 0x80002e5c (0x0186c863) blt     a3, s8, pc + 16
core   0: 3 0x80002e5c (0x0186c863)
core   0: 0x80002e6c (0x00008225) c.srli  a2, 9
core   0: 3 0x80002e6c (0x8225) x12 0x00000000
core   0: 0x80002e6e (0x1a544213) xori    tp, s0, 421
core   0: 3 0x80002e6e (0x1a544213) x4  0x000000f5
core   0: 0x80002e72 (0x00008f79) c.and   a4, a4
core   0: 3 0x80002e72 (0x8f79) x14 0x000000d0
core   0: 0x80002e74 (0x00008ac1) c.andi  a3, 16
core   0: 3 0x80002e74 (0x8ac1) x13 0x00000000
core   0: 0x80002e76 (0x00006149) c.addi16sp sp, 144
core   0: 3 0x80002e76 (0x6149) x2  0x00000090
core   0: 0x80002e78 (0x79082f93) slti    t6, a6, 1936
core   0: 3 0x80002e78 (0x79082f93) x31 0x00000000
core   0: 0x80002e7c (0x0000994e) c.add   s2, s3
core   0: 3 0x80002e7c (0x994e) x18 0x80029d23
core   0: 0x80002e7e (0x015dae33) slt     t3, s11, s5
core   0: 3 0x80002e7e (0x015dae33) x28 0x00000000
core   0: 0x80002e82 (0x76613c13) sltiu   s8, sp, 1894
core   0: 3 0x80002e82 (0x76613c13) x24 0x00000001
core   0: 0x80002e86 (0x00008ce1) c.and   s1, s0
core   0: 3 0x80002e86 (0x8ce1) x9  0x00000000
core   0: 0x80002e88 (0x0065c233) xor     tp, a1, t1
core   0: 3 0x80002e88 (0x0065c233) x4  0xffffffff
core   0: 0x80002e8c (0x019d4b63) blt     s10, s9, pc + 22
core   0: 3 0x80002e8c (0x019d4b63)
core   0: 0x80002ea2 (0x01c93db3) sltu    s11, s2, t3
core   0: 3 0x80002ea2 (0x01c93db3) x27 0x00000000
core   0: 0x80002ea6 (0x00008b7a) c.mv    s6, t5
core   0: 3 0x80002ea6 (0x8b7a) x22 0x80025ea4
core   0: 0x80002ea8 (0x402707b3) sub     a5, a4, sp
core   0: 3 0x80002ea8 (0x402707b3) x15 0x00000040
core   0: 0x80002eac (0x03d94a63) blt     s2, t4, pc + 52
core   0: 3 0x80002eac (0x03d94a63)
core   0: 0x80002ee0 (0x00000001) c.nop
core   0: 3 0x80002ee0 (0x0001)
core   0: 0x80002ee2 (0x00e09693) slli    a3, ra, 14
core   0: 3 0x80002ee2 (0x00e09693) x13 0xf0718000
core   0: 0x80002ee6 (0x00008ec9) c.or    a3, a0
core   0: 3 0x80002ee6 (0x8ec9) x13 0xfb7bc1c6
core   0: 0x80002ee8 (0x00000001) c.nop
core   0: 3 0x80002ee8 (0x0001)
core   0: 0x80002eea (0x00001b7d) c.addi  s6, -1
core   0: 3 0x80002eea (0x1b7d) x22 0x80025ea3
core   0: 0x80002eec (0x0000070c) c.addi4spn a1, sp, 896
core   0: 3 0x80002eec (0x070c) x11 0x00000410
core   0: 0x80002eee (0x00008962) c.mv    s2, s8
core   0: 3 0x80002eee (0x8962) x18 0x00000001
core   0: 0x80002ef0 (0x00000001) c.nop
core   0: 3 0x80002ef0 (0x0001)
core   0: 0x80002ef2 (0x0000805d) c.srli  s0, 23
core   0: 3 0x80002ef2 (0x805d) x8  0x00000000
core   0: 0x80002ef4 (0x00000001) c.nop
core   0: 3 0x80002ef4 (0x0001)
core   0: 0x80002ef6 (0x000081e9) c.srli  a1, 26
core   0: 3 0x80002ef6 (0x81e9) x11 0x00000000
core   0: 0x80002ef8 (0x00008fd9) c.or    a5, a4
core   0: 3 0x80002ef8 (0x8fd9) x15 0x000000d0
core   0: 0x80002efa (0x00000001) c.nop
core   0: 3 0x80002efa (0x0001)
core   0: 0x80002efc (0x02f77233) remu    tp, a4, a5
core   0: 3 0x80002efc (0x02f77233) x4  0x00000000
core   0: 0x80002f00 (0x00008f35) c.xor   a4, a3
core   0: 3 0x80002f00 (0x8f35) x14 0xfb7bc116
core   0: 0x80002f02 (0x0028fe63) bgeu    a7, sp, pc + 28
core   0: 3 0x80002f02 (0x0028fe63)
core   0: 0x80002f06 (0x40a6dc33) sra     s8, a3, a0
core   0: 3 0x80002f06 (0x40a6dc33) x24 0xffedef07
core   0: 0x80002f0a (0x014f13b3) sll     t2, t5, s4
core   0: 3 0x80002f0a (0x014f13b3) x7  0x80025ea4
core   0: 0x80002f0e (0x020540b3) div     ra, a0, zero
core   0: 3 0x80002f0e (0x020540b3) x1  0xffffffff
core   0: 0x80002f12 (0x0337e863) bltu    a5, s3, pc + 48
core   0: 3 0x80002f12 (0x0337e863)
core   0: 0x80002f42 (0xa2692e13) slti    t3, s2, -1498
core   0: 3 0x80002f42 (0xa2692e13) x28 0x00000000
core   0: 0x80002f46 (0xb1e63c37) lui     s8, 0xb1e63
core   0: 3 0x80002f46 (0xb1e63c37) x24 0xb1e63000
core   0: 0x80002f4a (0x00cee133) or      sp, t4, a2
core   0: 3 0x80002f4a (0x00cee133) x2  0xf11b0192
core   0: 0x80002f4e (0x00000001) c.nop
core   0: 3 0x80002f4e (0x0001)
core   0: 0x80002f50 (0x000085f5) c.srai  a1, 29
core   0: 3 0x80002f50 (0x85f5) x11 0x00000000
core   0: 0x80002f52 (0x40945113) srai    sp, s0, 9
core   0: 3 0x80002f52 (0x40945113) x2  0x00000000
core   0: 0x80002f56 (0x13a9c013) xori    zero, s3, 314
core   0: 3 0x80002f56 (0x13a9c013)
core   0: 0x80002f5a (0xbefbb317) auipc   t1, 0xbefbb
core   0: 3 0x80002f5a (0xbefbb317) x6  0x3efbdf5a
core   0: 0x80002f5e (0x0000987d) c.andi  s0, -1
core   0: 3 0x80002f5e (0x987d) x8  0x00000000
core   0: 0x80002f60 (0x00008305) c.srli  a4, 1
core   0: 3 0x80002f60 (0x8305) x14 0x7dbde08b
core   0: 0x80002f62 (0x7f675e37) lui     t3, 0x7f675
core   0: 3 0x80002f62 (0x7f675e37) x28 0x7f675000
core   0: 0x80002f66 (0x00008d35) c.xor   a0, a3
core   0: 3 0x80002f66 (0x8d35) x10 0x20300000
core   0: 0x80002f68 (0x03bef233) remu    tp, t4, s11
core   0: 3 0x80002f68 (0x03bef233) x4  0xf11b0192
core   0: 0x80002f6c (0x0000597d) c.li    s2, -1
core   0: 3 0x80002f6c (0x597d) x18 0xffffffff
core   0: 0x80002f6e (0x03eb2db3) mulhsu  s11, s6, t5
core   0: 3 0x80002f6e (0x03eb2db3) x27 0xc0000005
core   0: 0x80002f72 (0x00000001) c.nop
core   0: 3 0x80002f72 (0x0001)
core   0: 0x80002f74 (0x024e65b3) rem     a1, t3, tp
core   0: 3 0x80002f74 (0x024e65b3) x11 0x083f5c90
core   0: 0x80002f78 (0x00009afd) c.andi  a3, -1
core   0: 3 0x80002f78 (0x9afd) x13 0xfb7bc1c6
core   0: 0x80002f7a (0x415fd293) srai    t0, t6, 21
core   0: 3 0x80002f7a (0x415fd293) x5  0x00000000
core   0: 0x80002f7e (0x00008761) c.srai  a4, 24
core   0: 3 0x80002f7e (0x8761) x14 0x0000007d
core   0: 0x80002f80 (0x00009c46) c.add   s8, a7
core   0: 3 0x80002f80 (0x9c46) x24 0xb1e63000
core   0: 0x80002f82 (0x03f5f263) bgeu    a1, t6, pc + 36
core   0: 3 0x80002f82 (0x03f5f263)
core   0: 0x80002fa6 (0x00004295) c.li    t0, 5
core   0: 3 0x80002fa6 (0x4295) x5  0x00000005
core   0: 0x80002fa8 (0x035b1fb3) mulh    t6, s6, s5
core   0: 3 0x80002fa8 (0x035b1fb3) x31 0xffffffff
core   0: 0x80002fac (0x00004ea9) c.li    t4, 10
core   0: 3 0x80002fac (0x4ea9) x29 0x0000000a
core   0: 0x80002fae (0x87fea113) slti    sp, t4, -1921
core   0: 3 0x80002fae (0x87fea113) x2  0x00000000
core   0: 0x80002fb2 (0x00000001) c.nop
core   0: 3 0x80002fb2 (0x0001)
core   0: 0x80002fb4 (0x03465d33) divu    s10, a2, s4
core   0: 3 0x80002fb4 (0x03465d33) x26 0xffffffff
core   0: 0x80002fb8 (0x40f70533) sub     a0, a4, a5
core   0: 3 0x80002fb8 (0x40f70533) x10 0xffffffad
core   0: 0x80002fbc (0x00008c21) c.xor   s0, s0
core   0: 3 0x80002fbc (0x8c21) x8  0x00000000
core   0: 0x80002fbe (0x0000eb91) c.bnez  a5, pc + 20
core   0: 3 0x80002fbe (0xeb91)
core   0: 0x80002fd2 (0x40e5da93) srai    s5, a1, 14
core   0: 3 0x80002fd2 (0x40e5da93) x21 0x000020fd
core   0: 0x80002fd6 (0x58a82637) lui     a2, 0x58a82
core   0: 3 0x80002fd6 (0x58a82637) x12 0x58a82000
core   0: 0x80002fda (0x02d4f8b3) remu    a7, s1, a3
core   0: 3 0x80002fda (0x02d4f8b3) x17 0x00000000
core   0: 0x80002fde (0x02bb25b3) mulhsu  a1, s6, a1
core   0: 3 0x80002fde (0x02bb25b3) x11 0xfbe06543
core   0: 0x80002fe2 (0x01bb7bb3) and     s7, s6, s11
core   0: 3 0x80002fe2 (0x01bb7bb3) x23 0x80000001
core   0: 0x80002fe6 (0x023a2bb3) mulhsu  s7, s4, gp
core   0: 3 0x80002fe6 (0x023a2bb3) x23 0x00000000
core   0: 0x80002fea (0x00641c13) slli    s8, s0, 6
core   0: 3 0x80002fea (0x00641c13) x24 0x00000000
core   0: 0x80002fee (0x01662933) slt     s2, a2, s6
core   0: 3 0x80002fee (0x01662933) x18 0x00000000
core   0: 0x80002ff2 (0x0178deb3) srl     t4, a7, s7
core   0: 3 0x80002ff2 (0x0178deb3) x29 0x00000000
core   0: 0x80002ff6 (0xd02be293) ori     t0, s7, -766
core   0: 3 0x80002ff6 (0xd02be293) x5  0xfffffd02
core   0: 0x80002ffa (0x94d47893) andi    a7, s0, -1715
core   0: 3 0x80002ffa (0x94d47893) x17 0x00000000
core   0: 0x80002ffe (0x01ecba33) sltu    s4, s9, t5
core   0: 3 0x80002ffe (0x01ecba33) x20 0x00000001
core   0: 0x80003002 (0x4f04cc13) xori    s8, s1, 1264
core   0: 3 0x80003002 (0x4f04cc13) x24 0x000004f0
core   0: 0x80003006 (0x00008ca9) c.xor   s1, a0
core   0: 3 0x80003006 (0x8ca9) x9  0xffffffad
core   0: 0x80003008 (0x0000e10d) c.bnez  a0, pc + 34
core   0: 3 0x80003008 (0xe10d)
core   0: 0x8000302a (0x0000423d) c.li    tp, 15
core   0: 3 0x8000302a (0x423d) x4  0x0000000f
core   0: 0x8000302c (0x036814b3) mulh    s1, a6, s6
core   0: 3 0x8000302c (0x036814b3) x9  0xd25af774
core   0: 0x80003030 (0x00e15533) srl     a0, sp, a4
core   0: 3 0x80003030 (0x00e15533) x10 0x00000000
core   0: 0x80003034 (0x01377bb3) and     s7, a4, s3
core   0: 3 0x80003034 (0x01377bb3) x23 0x00000024
core   0: 0x80003038 (0x022e9233) mulh    tp, t4, sp
core   0: 3 0x80003038 (0x022e9233) x4  0x00000000
core   0: 0x8000303c (0x00000001) c.nop
core   0: 3 0x8000303c (0x0001)
core   0: 0x8000303e (0x00000b12) c.slli  s6, 4
core   0: 3 0x8000303e (0x0b12) x22 0x0025ea30
core   0: 0x80003040 (0x00660db3) add     s11, a2, t1
core   0: 3 0x80003040 (0x00660db3) x27 0x97a3ff5a
core   0: 0x80003044 (0xade93f93) sltiu   t6, s2, -1314
core   0: 3 0x80003044 (0xade93f93) x31 0x00000001
core   0: 0x80003048 (0x00004b69) c.li    s6, 26
core   0: 3 0x80003048 (0x4b69) x22 0x0000001a
core   0: 0x8000304a (0x02d00333) mul     t1, zero, a3
core   0: 3 0x8000304a (0x02d00333) x6  0x00000000
core   0: 0x8000304e (0xbd300413) li      s0, -1069
core   0: 3 0x8000304e (0xbd300413) x8  0xfffffbd3
core   0: 0x80003052 (0x028fc733) div     a4, t6, s0
core   0: 3 0x80003052 (0x028fc733) x14 0x00000000
core   0: 0x80003056 (0x000090a2) c.add   ra, s0
core   0: 3 0x80003056 (0x90a2) x1  0xfffffbd2
core   0: 0x80003058 (0x00435d33) srl     s10, t1, tp
core   0: 3 0x80003058 (0x00435d33) x26 0x00000000
core   0: 0x8000305c (0x00000001) c.nop
core   0: 3 0x8000305c (0x0001)
core   0: 0x8000305e (0x03fc6863) bltu    s8, t6, pc + 48
core   0: 3 0x8000305e (0x03fc6863)
core   0: 0x80003062 (0x000081a1) c.srli  a1, 8
core   0: 3 0x80003062 (0x81a1) x11 0x00fbe065
core   0: 0x80003064 (0xf9c40017) auipc   zero, 0xf9c40
core   0: 3 0x80003064 (0xf9c40017)
core   0: 0x80003068 (0x000eb0b3) sltu    ra, t4, zero
core   0: 3 0x80003068 (0x000eb0b3) x1  0x00000000
core   0: 0x8000306c (0x00f1df63) bge     gp, a5, pc + 30
core   0: 3 0x8000306c (0x00f1df63)
core   0: 0x80003070 (0x0000717d) c.addi16sp sp, -16
core   0: 3 0x80003070 (0x717d) x2  0xfffffff0
core   0: 0x80003072 (0x00005dfd) c.li    s11, -1
core   0: 3 0x80003072 (0x5dfd) x27 0xffffffff
core   0: 0x80003074 (0x00008505) c.srai  a0, 1
core   0: 3 0x80003074 (0x8505) x10 0x00000000
core   0: 0x80003076 (0x00637263) bgeu    t1, t1, pc + 4
core   0: 3 0x80003076 (0x00637263)
core   0: 0x8000307a (0x00270db3) add     s11, a4, sp
core   0: 3 0x8000307a (0x00270db3) x27 0xfffffff0
core   0: 0x8000307e (0x15e02d93) slti    s11, zero, 350
core   0: 3 0x8000307e (0x15e02d93) x27 0x00000001
core   0: 0x80003082 (0x00008cd5) c.or    s1, a3
core   0: 3 0x80003082 (0x8cd5) x9  0xfb7bf7f6
core   0: 0x80003084 (0x000046e5) c.li    a3, 25
core   0: 3 0x80003084 (0x46e5) x13 0x00000019
core   0: 0x80003086 (0x01257e33) and     t3, a0, s2
core   0: 3 0x80003086 (0x01257e33) x28 0x00000000
core   0: 0x8000308a (0x007eeb33) or      s6, t4, t2
core   0: 3 0x8000308a (0x007eeb33) x22 0x80025ea4
core   0: 0x8000308e (0x414900b3) sub     ra, s2, s4
core   0: 3 0x8000308e (0x414900b3) x1  0xffffffff
core   0: 0x80003092 (0x0000717d) c.addi16sp sp, -16
core   0: 3 0x80003092 (0x717d) x2  0xffffffe0
core   0: 0x80003094 (0x0000958e) c.add   a1, gp
core   0: 3 0x80003094 (0x958e) x11 0x00fbe064
core   0: 0x80003096 (0x029f3fb3) mulhu   t6, t5, s1
core   0: 3 0x80003096 (0x029f3fb3) x31 0x7dc04feb
core   0: 0x8000309a (0x00006115) c.addi16sp sp, 288
core   0: 3 0x8000309a (0x6115) x2  0x00000100
core   0: 0x8000309c (0x00009666) c.add   a2, s9
core   0: 3 0x8000309c (0x9666) x12 0x58a82001
core   0: 0x8000309e (0x586f7e93) andi    t4, t5, 1414
core   0: 3 0x8000309e (0x586f7e93) x29 0x00000484
core   0: 0x800030a2 (0x02846163) bltu    s0, s0, pc + 34
core   0: 3 0x800030a2 (0x02846163)
core   0: 0x800030a6 (0x02956e33) rem     t3, a0, s1
core   0: 3 0x800030a6 (0x02956e33) x28 0x00000000
core   0: 0x800030aa (0x00009bd6) c.add   s7, s5
core   0: 3 0x800030aa (0x9bd6) x23 0x00002121
core   0: 0x800030ac (0x01119893) slli    a7, gp, 17
core   0: 3 0x800030ac (0x01119893) x17 0xfffe0000
core   0: 0x800030b0 (0x01b10333) add     t1, sp, s11
core   0: 3 0x800030b0 (0x01b10333) x6  0x00000101
core   0: 0x800030b4 (0x000016fd) c.addi  a3, -1
core   0: 3 0x800030b4 (0x16fd) x13 0x00000018
core   0: 0x800030b6 (0x00000d7d) c.addi  s10, 31
core   0: 3 0x800030b6 (0x0d7d) x26 0x0000001f
core   0: 0x800030b8 (0x000081a1) c.srli  a1, 8
core   0: 3 0x800030b8 (0x81a1) x11 0x0000fbe0
core   0: 0x800030ba (0x49b13e93) sltiu   t4, sp, 1179
core   0: 3 0x800030ba (0x49b13e93) x29 0x00000001
core   0: 0x800030be (0x024d9733) mulh    a4, s11, tp
core   0: 3 0x800030be (0x024d9733) x14 0x00000000
core   0: 0x800030c2 (0x00006129) c.addi16sp sp, 192
core   0: 3 0x800030c2 (0x6129) x2  0x000001c0
core   0: 0x800030c4 (0x0339f333) remu    t1, s3, s3
core   0: 3 0x800030c4 (0x0339f333) x6  0x00000000
core   0: 0x800030c8 (0x951fff93) andi    t6, t6, -1711
core   0: 3 0x800030c8 (0x951fff93) x31 0x7dc04941
core   0: 0x800030cc (0x0031c363) blt     gp, gp, pc + 6
core   0: 3 0x800030cc (0x0031c363)
core   0: 0x800030d0 (0x000048d5) c.li    a7, 21
core   0: 3 0x800030d0 (0x48d5) x17 0x00000015
core   0: 0x800030d2 (0x00db0463) beq     s6, a3, pc + 8
core   0: 3 0x800030d2 (0x00db0463)
core   0: 0x800030d6 (0x00000001) c.nop
core   0: 3 0x800030d6 (0x0001)
core   0: 0x800030d8 (0x00000001) c.nop
core   0: 3 0x800030d8 (0x0001)
core   0: 0x800030da (0xf07a4c93) xori    s9, s4, -249
core   0: 3 0x800030da (0xf07a4c93) x25 0xffffff06
core   0: 0x800030de (0x41c382b3) sub     t0, t2, t3
core   0: 3 0x800030de (0x41c382b3) x5  0x80025ea4
core   0: 0x800030e2 (0x000087b5) c.srai  a5, 13
core   0: 3 0x800030e2 (0x87b5) x15 0x00000000
core   0: 0x800030e4 (0x000081ba) c.mv    gp, a4
core   0: 3 0x800030e4 (0x81ba) x3  0x00000000
core   0: 0x800030e6 (0x00816a33) or      s4, sp, s0
core   0: 3 0x800030e6 (0x00816a33) x20 0xfffffbd3
core   0: 0x800030ea (0x0000833d) c.srli  a4, 15
core   0: 3 0x800030ea (0x833d) x14 0x00000000
core   0: 0x800030ec (0x970be313) ori     t1, s7, -1680
core   0: 3 0x800030ec (0x970be313) x6  0xfffff971
core   0: 0x800030f0 (0x01c76fb3) or      t6, a4, t3
core   0: 3 0x800030f0 (0x01c76fb3) x31 0x00000000
core   0: 0x800030f4 (0x00000aa9) c.addi  s5, 10
core   0: 3 0x800030f4 (0x0aa9) x21 0x00002107
core   0: 0x800030f6 (0x00008de5) c.and   a1, s1
core   0: 3 0x800030f6 (0x8de5) x11 0x0000f3e0
core   0: 0x800030f8 (0x033fad33) mulhsu  s10, t6, s3
core   0: 3 0x800030f8 (0x033fad33) x26 0x00000000
core   0: 0x800030fc (0x00ea9033) sll     zero, s5, a4
core   0: 3 0x800030fc (0x00ea9033)
core   0: 0x80003100 (0x0046ee63) bltu    a3, tp, pc + 28
core   0: 3 0x80003100 (0x0046ee63)
core   0: 0x80003104 (0x01a1e0b3) or      ra, gp, s10
core   0: 3 0x80003104 (0x01a1e0b3) x1  0x00000000
core   0: 0x80003108 (0x01bff5b3) and     a1, t6, s11
core   0: 3 0x80003108 (0x01bff5b3) x11 0x00000000
core   0: 0x8000310c (0x41720b33) sub     s6, tp, s7
core   0: 3 0x8000310c (0x41720b33) x22 0xffffdedf
core   0: 0x80003110 (0xca3d6d93) ori     s11, s10, -861
core   0: 3 0x80003110 (0xca3d6d93) x27 0xfffffca3
core   0: 0x80003114 (0xc57a8513) addi    a0, s5, -937
core   0: 3 0x80003114 (0xc57a8513) x10 0x00001d5e
core   0: 0x80003118 (0x03548033) mul     zero, s1, s5
core   0: 3 0x80003118 (0x03548033)
core   0: 0x8000311c (0x00008611) c.srai  a2, 4
core   0: 3 0x8000311c (0x8611) x12 0x058a8200
core   0: 0x8000311e (0x0000495d) c.li    s2, 23
core   0: 3 0x8000311e (0x495d) x18 0x00000017
core   0: 0x80003120 (0x00008e55) c.or    a2, a3
core   0: 3 0x80003120 (0x8e55) x12 0x058a8218
core   0: 0x80003122 (0x19caf737) lui     a4, 0x19caf
core   0: 3 0x80003122 (0x19caf737) x14 0x19caf000
core   0: 0x80003126 (0x033ac2b3) div     t0, s5, s3
core   0: 3 0x80003126 (0x033ac2b3) x5  0x00000000
core   0: 0x8000312a (0x02ab0063) beq     s6, a0, pc + 32
core   0: 3 0x8000312a (0x02ab0063)
core   0: 0x8000312e (0x000084cd) c.srai  s1, 19
core   0: 3 0x8000312e (0x84cd) x9  0xffffff6f
core   0: 0x80003130 (0x01e11fb3) sll     t6, sp, t5
core   0: 3 0x80003130 (0x01e11fb3) x31 0x00001c00
core   0: 0x80003134 (0x75041097) auipc   ra, 0x75041
core   0: 3 0x80003134 (0x75041097) x1  0xf5044134
core   0: 0x80003138 (0x039fe763) bltu    t6, s9, pc + 46
core   0: 3 0x80003138 (0x039fe763)
core   0: 0x80003166 (0x00000925) c.addi  s2, 9
core   0: 3 0x80003166 (0x0925) x18 0x00000020
core   0: 0x80003168 (0xa4978b13) addi    s6, a5, -1463
core   0: 3 0x80003168 (0xa4978b13) x22 0xfffffa49
core   0: 0x8000316c (0x022d0033) mul     zero, s10, sp
core   0: 3 0x8000316c (0x022d0033)
core   0: 0x80003170 (0x00000dea) c.slli  s11, 26
core   0: 3 0x80003170 (0x0dea) x27 0x8c000000
core   0: 0x80003172 (0x49a1ebb7) lui     s7, 0x49a1e
core   0: 3 0x80003172 (0x49a1ebb7) x23 0x49a1e000
core   0: 0x80003176 (0x0000c791) c.beqz  a5, pc + 12
core   0: 3 0x80003176 (0xc791)
core   0: 0x80003182 (0x00000001) c.nop
core   0: 3 0x80003182 (0x0001)
core   0: 0x80003184 (0x00000001) c.nop
core   0: 3 0x80003184 (0x0001)
core   0: 0x80003186 (0x00000232) c.slli  tp, 12
core   0: 3 0x80003186 (0x0232) x4  0x00000000
core   0: 0x80003188 (0x00008671) c.srai  a2, 28
core   0: 3 0x80003188 (0x8671) x12 0x00000000
core   0: 0x8000318a (0x0000671d) c.lui   a4, 0x7
core   0: 3 0x8000318a (0x671d) x14 0x00007000
core   0: 0x8000318c (0x00006135) c.addi16sp sp, 352
core   0: 3 0x8000318c (0x6135) x2  0x00000320
core   0: 0x8000318e (0x01a1c0b3) xor     ra, gp, s10
core   0: 3 0x8000318e (0x01a1c0b3) x1  0x00000000
core   0: 0x80003192 (0x00008719) c.srai  a4, 6
core   0: 3 0x80003192 (0x8719) x14 0x000001c0
core   0: 0x80003194 (0xd852f897) auipc   a7, 0xd852f
core   0: 3 0x80003194 (0xd852f897) x17 0x58532194
core   0: 0x80003198 (0x000098fd) c.andi  s1, -1
core   0: 3 0x80003198 (0x98fd) x9  0xffffff6f
core   0: 0x8000319a (0x0070c933) xor     s2, ra, t2
core   0: 3 0x8000319a (0x0070c933) x18 0x80025ea4
core   0: 0x8000319e (0x017fdd33) srl     s10, t6, s7
core   0: 3 0x8000319e (0x017fdd33) x26 0x00001c00
core   0: 0x800031a2 (0x41f6d5b3) sra     a1, a3, t6
core   0: 3 0x800031a2 (0x41f6d5b3) x11 0x00000018
core   0: 0x800031a6 (0x03084e33) div     t3, a6, a6
core   0: 3 0x800031a6 (0x03084e33) x28 0x00000001
core   0: 0x800031aa (0x41f5d433) sra     s0, a1, t6
core   0: 3 0x800031aa (0x41f5d433) x8  0x00000018
core   0: 0x800031ae (0x00008f1d) c.sub   a4, a5
core   0: 3 0x800031ae (0x8f1d) x14 0x000001c0
core   0: 0x800031b0 (0x02f4d633) divu    a2, s1, a5
core   0: 3 0x800031b0 (0x02f4d633) x12 0xffffffff
core   0: 0x800031b4 (0x00009c5a) c.add   s8, s6
core   0: 3 0x800031b4 (0x9c5a) x24 0xffffff39
core   0: 0x800031b6 (0x03d1fdb3) remu    s11, gp, t4
core   0: 3 0x800031b6 (0x03d1fdb3) x27 0x00000000
core   0: 0x800031ba (0x00000001) c.nop
core   0: 3 0x800031ba (0x0001)
core   0: 0x800031bc (0x008955b3) srl     a1, s2, s0
core   0: 3 0x800031bc (0x008955b3) x11 0x00000080
core   0: 0x800031c0 (0x000091be) c.add   gp, a5
core   0: 3 0x800031c0 (0x91be) x3  0x00000000
core   0: 0x800031c2 (0x000008ea) c.slli  a7, 26
core   0: 3 0x800031c2 (0x08ea) x17 0x50000000
core   0: 0x800031c4 (0x00009772) c.add   a4, t3
core   0: 3 0x800031c4 (0x9772) x14 0x000001c1
core   0: 0x800031c6 (0x00008f75) c.and   a4, a3
core   0: 3 0x800031c6 (0x8f75) x14 0x00000000
core   0: 0x800031c8 (0x00008c69) c.and   s0, a0
core   0: 3 0x800031c8 (0x8c69) x8  0x00000018
core   0: 0x800031ca (0x00008ec9) c.or    a3, a0
core   0: 3 0x800031ca (0x8ec9) x13 0x00001d5e
core   0: 0x800031cc (0x00008259) c.srli  a2, 22
core   0: 3 0x800031cc (0x8259) x12 0x000003ff
core   0: 0x800031ce (0x01650c33) add     s8, a0, s6
core   0: 3 0x800031ce (0x01650c33) x24 0x000017a7
core   0: 0x800031d2 (0x541b2c13) slti    s8, s6, 1345
core   0: 3 0x800031d2 (0x541b2c13) x24 0x00000001
core   0: 0x800031d6 (0x00006941) c.lui   s2, 0x10
core   0: 3 0x800031d6 (0x6941) x18 0x00010000
core   0: 0x800031d8 (0x00000001) c.nop
core   0: 3 0x800031d8 (0x0001)
core   0: 0x800031da (0x0386ce33) div     t3, a3, s8
core   0: 3 0x800031da (0x0386ce33) x28 0x00001d5e
core   0: 0x800031de (0x03c47db3) remu    s11, s0, t3
core   0: 3 0x800031de (0x03c47db3) x27 0x00000018
core   0: 0x800031e2 (0x00008e1a) c.mv    t3, t1
core   0: 3 0x800031e2 (0x8e1a) x28 0xfffff971
core   0: 0x800031e4 (0x00a71b63) bne     a4, a0, pc + 22
core   0: 3 0x800031e4 (0x00a71b63)
core   0: 0x800031fa (0x00008ded) c.and   a1, a1
core   0: 3 0x800031fa (0x8ded) x11 0x00000080
core   0: 0x800031fc (0x021e2fb3) mulhsu  t6, t3, ra
core   0: 3 0x800031fc (0x021e2fb3) x31 0x00000000
core   0: 0x80003200 (0x03d5ce63) blt     a1, t4, pc + 60
core   0: 3 0x80003200 (0x03d5ce63)
core   0: 0x80003204 (0x73b06137) lui     sp, 0x73b06
core   0: 3 0x80003204 (0x73b06137) x2  0x73b06000
core   0: 0x80003208 (0x010a9593) slli    a1, s5, 16
core   0: 3 0x80003208 (0x010a9593) x11 0x21070000
core   0: 0x8000320c (0x4119be13) sltiu   t3, s3, 1041
core   0: 3 0x8000320c (0x4119be13) x28 0x00000000
core   0: 0x80003210 (0x402d82b3) sub     t0, s11, sp
core   0: 3 0x80003210 (0x402d82b3) x5  0x8c4fa018
core   0: 0x80003214 (0x00008fba) c.mv    t6, a4
core   0: 3 0x80003214 (0x8fba) x31 0x00000000
core   0: 0x80003216 (0x00001c04) c.addi4spn s1, sp, 560
core   0: 3 0x80003216 (0x1c04) x9  0x73b06230
core   0: 0x80003218 (0x005dedb3) or      s11, s11, t0
core   0: 3 0x80003218 (0x005dedb3) x27 0x8c4fa018
core   0: 0x8000321c (0x00008c89) c.sub   s1, a0
core   0: 3 0x8000321c (0x8c89) x9  0x73b044d2
core   0: 0x8000321e (0x01064933) xor     s2, a2, a6
core   0: 3 0x8000321e (0x01064933) x18 0x5b4bc239
core   0: 0x80003222 (0x9c6cc693) xori    a3, s9, -1594
core   0: 3 0x80003222 (0x9c6cc693) x13 0x000006c0
core   0: 0x80003226 (0x03d3d763) bge     t2, t4, pc + 46
core   0: 3 0x80003226 (0x03d3d763)
core   0: 0x8000322a (0x024965b3) rem     a1, s2, tp
core   0: 3 0x8000322a (0x024965b3) x11 0x5b4bc239
core   0: 0x8000322e (0x03147b63) bgeu    s0, a7, pc + 54
core   0: 3 0x8000322e (0x03147b63)
core   0: 0x80003232 (0x011f6763) bltu    t5, a7, pc + 14
core   0: 3 0x80003232 (0x011f6763)
core   0: 0x80003236 (0x0064aa33) slt     s4, s1, t1
core   0: 3 0x80003236 (0x0064aa33) x20 0x00000000
core   0: 0x8000323a (0x00008ce1) c.and   s1, s0
core   0: 3 0x8000323a (0x8ce1) x9  0x00000010
core   0: 0x8000323c (0x00008c8d) c.sub   s1, a1
core   0: 3 0x8000323c (0x8c8d) x9  0xa4b43dd7
core   0: 0x8000323e (0x00009e52) c.add   t3, s4
core   0: 3 0x8000323e (0x9e52) x28 0x00000000
core   0: 0x80003240 (0x01f26a63) bltu    tp, t6, pc + 20
core   0: 3 0x80003240 (0x01f26a63)
core   0: 0x80003244 (0x0000c009) c.beqz  s0, pc + 2
core   0: 3 0x80003244 (0xc009)
core   0: 0x80003246 (0x2cd66013) ori     zero, a2, 717
core   0: 3 0x80003246 (0x2cd66013)
core   0: 0x8000324a (0xdc6a3013) sltiu   zero, s4, -570
core   0: 3 0x8000324a (0xdc6a3013)
core   0: 0x8000324e (0x00006a1d) c.lui   s4, 0x7
core   0: 3 0x8000324e (0x6a1d) x20 0x00007000
core   0: 0x80003250 (0x03b65433) divu    s0, a2, s11
core   0: 3 0x80003250 (0x03b65433) x8  0x00000000
core   0: 0x80003254 (0x5f8f3393) sltiu   t2, t5, 1528
core   0: 3 0x80003254 (0x5f8f3393) x7  0x00000000
core   0: 0x80003258 (0x028be6b3) rem     a3, s7, s0
core   0: 3 0x80003258 (0x028be6b3) x13 0x49a1e000
core   0: 0x8000325c (0x0000e491) c.bnez  s1, pc + 12
core   0: 3 0x8000325c (0xe491)
core   0: 0x80003268 (0x030d5563) bge     s10, a6, pc + 42
core   0: 3 0x80003268 (0x030d5563)
core   0: 0x8000326c (0x01b15f93) srli    t6, sp, 27
core   0: 3 0x8000326c (0x01b15f93) x31 0x0000000e
core   0: 0x80003270 (0x000099fd) c.andi  a1, -1
core   0: 3 0x80003270 (0x99fd) x11 0x5b4bc239
core   0: 0x80003272 (0x02955633) divu    a2, a0, s1
core   0: 3 0x80003272 (0x02955633) x12 0x00000000
core   0: 0x80003276 (0x0000c099) c.beqz  s1, pc + 6
core   0: 3 0x80003276 (0xc099)
core   0: 0x80003278 (0x786bb613) sltiu   a2, s7, 1926
core   0: 3 0x80003278 (0x786bb613) x12 0x00000000
core   0: 0x8000327c (0x6e170413) addi    s0, a4, 1761
core   0: 3 0x8000327c (0x6e170413) x8  0x000006e1
core   0: 0x80003280 (0x03d15963) bge     sp, t4, pc + 50
core   0: 3 0x80003280 (0x03d15963)
core   0: 0x800032b2 (0x04d99163) bne     s3, a3, pc + 66
core   0: 3 0x800032b2 (0x04d99163)
core   0: 0x800032f4 (0x03946fb3) rem     t6, s0, s9
core   0: 3 0x800032f4 (0x03946fb3) x31 0x0000000b
core   0: 0x800032f8 (0x03063433) mulhu   s0, a2, a6
core   0: 3 0x800032f8 (0x03063433) x8  0x00000000
core   0: 0x800032fc (0x0291a033) mulhsu  zero, gp, s1
core   0: 3 0x800032fc (0x0291a033)
core   0: 0x80003300 (0x009c1a93) slli    s5, s8, 9
core   0: 3 0x80003300 (0x009c1a93) x21 0x00000200
core   0: 0x80003304 (0xd91f8c93) addi    s9, t6, -623
core   0: 3 0x80003304 (0xd91f8c93) x25 0xfffffd9c
core   0: 0x80003308 (0x00000231) c.addi  tp, 12
core   0: 3 0x80003308 (0x0231) x4  0x0000000c
core   0: 0x8000330a (0x0180d8b3) srl     a7, ra, s8
core   0: 3 0x8000330a (0x0180d8b3) x17 0x00000000
core   0: 0x8000330e (0x34256013) ori     zero, a0, 834
core   0: 3 0x8000330e (0x34256013)
core   0: 0x80003312 (0x4040d933) sra     s2, ra, tp
core   0: 3 0x80003312 (0x4040d933) x18 0x00000000
core   0: 0x80003316 (0x00419db3) sll     s11, gp, tp
core   0: 3 0x80003316 (0x00419db3) x27 0x00000000
core   0: 0x8000331a (0x00f4c263) blt     s1, a5, pc + 4
core   0: 3 0x8000331a (0x00f4c263)
core   0: 0x8000331e (0x66388793) addi    a5, a7, 1635
core   0: 3 0x8000331e (0x66388793) x15 0x00000663
core   0: 0x80003322 (0x00001604) c.addi4spn s1, sp, 800
core   0: 3 0x80003322 (0x1604) x9  0x73b06320
core   0: 0x80003324 (0x00964733) xor     a4, a2, s1
core   0: 3 0x80003324 (0x00964733) x14 0x73b06320
core   0: 0x80003328 (0x02f48533) mul     a0, s1, a5
core   0: 3 0x80003328 (0x02f48533) x10 0xdf891560
core   0: 0x8000332c (0x41e65ab3) sra     s5, a2, t5
core   0: 3 0x8000332c (0x41e65ab3) x21 0x00000000
core   0: 0x80003330 (0x401fdeb3) sra     t4, t6, ra
core   0: 3 0x80003330 (0x401fdeb3) x29 0x0000000b
core   0: 0x80003334 (0x0283dfb3) divu    t6, t2, s0
core   0: 3 0x80003334 (0x0283dfb3) x31 0xffffffff
core   0: 0x80003338 (0x02cf32b3) mulhu   t0, t5, a2
core   0: 3 0x80003338 (0x02cf32b3) x5  0x00000000
core   0: 0x8000333c (0x025e0a33) mul     s4, t3, t0
core   0: 3 0x8000333c (0x025e0a33) x20 0x00000000
core   0: 0x80003340 (0x02fa4363) blt     s4, a5, pc + 38
core   0: 3 0x80003340 (0x02fa4363)
core   0: 0x80003366 (0x1cd5a293) slti    t0, a1, 461
core   0: 3 0x80003366 (0x1cd5a293) x5  0x00000000
core   0: 0x8000336a (0x0054a633) slt     a2, s1, t0
core   0: 3 0x8000336a (0x0054a633) x12 0x00000000
core   0: 0x8000336e (0x00000001) c.nop
core   0: 3 0x8000336e (0x0001)
core   0: 0x80003370 (0x020f0fb3) mul     t6, t5, zero
core   0: 3 0x80003370 (0x020f0fb3) x31 0x00000000
core   0: 0x80003374 (0x00009b7d) c.andi  a4, -1
core   0: 3 0x80003374 (0x9b7d) x14 0x73b06320
core   0: 0x80003376 (0x00820a63) beq     tp, s0, pc + 20
core   0: 3 0x80003376 (0x00820a63)
core   0: 0x8000337a (0x41eb00b3) sub     ra, s6, t5
core   0: 3 0x8000337a (0x41eb00b3) x1  0x7ffd9ba5
core   0: 0x8000337e (0x00006129) c.addi16sp sp, 192
core   0: 3 0x8000337e (0x6129) x2  0x73b060c0
core   0: 0x80003380 (0x00008da5) c.xor   a1, s1
core   0: 3 0x80003380 (0x8da5) x11 0x28fba119
core   0: 0x80003382 (0x019e3333) sltu    t1, t3, s9
core   0: 3 0x80003382 (0x019e3333) x6  0x00000001
core   0: 0x80003386 (0x40b10bb3) sub     s7, sp, a1
core   0: 3 0x80003386 (0x40b10bb3) x23 0x4ab4bfa7
core   0: 0x8000338a (0x5073b493) sltiu   s1, t2, 1287
core   0: 3 0x8000338a (0x5073b493) x9  0x00000001
core   0: 0x8000338e (0x0000e99d) c.bnez  a1, pc + 54
core   0: 3 0x8000338e (0xe99d)
core   0: 0x800033c4 (0x00008015) c.srli  s0, 5
core   0: 3 0x800033c4 (0x8015) x8  0x00000000
core   0: 0x800033c6 (0x0e806e13) ori     t3, zero, 232
core   0: 3 0x800033c6 (0x0e806e13) x28 0x000000e8
core   0: 0x800033ca (0x01ebfd63) bgeu    s7, t5, pc + 26
core   0: 3 0x800033ca (0x01ebfd63)
core   0: 0x800033ce (0x00009dae) c.add   s11, a1
core   0: 3 0x800033ce (0x9dae) x27 0x28fba119
core   0: 0x800033d0 (0x02cc14b3) mulh    s1, s8, a2
core   0: 3 0x800033d0 (0x02cc14b3) x9  0x00000000
core   0: 0x800033d4 (0x0beb4193) xori    gp, s6, 190
core   0: 3 0x800033d4 (0x0beb4193) x3  0xfffffaf7
core   0: 0x800033d8 (0x024c9fb3) mulh    t6, s9, tp
core   0: 3 0x800033d8 (0x024c9fb3) x31 0xffffffff
core   0: 0x800033dc (0x01afcab3) xor     s5, t6, s10
core   0: 3 0x800033dc (0x01afcab3) x21 0xffffe3ff
core   0: 0x800033e0 (0x013e5e93) srli    t4, t3, 19
core   0: 3 0x800033e0 (0x013e5e93) x29 0x00000000
core   0: 0x800033e4 (0x00008d39) c.xor   a0, a4
core   0: 3 0x800033e4 (0x8d39) x10 0xac397640
core   0: 0x800033e6 (0x024e0cb3) mul     s9, t3, tp
core   0: 3 0x800033e6 (0x024e0cb3) x25 0x00000ae0
core   0: 0x800033ea (0x03407633) remu    a2, zero, s4
core   0: 3 0x800033ea (0x03407633) x12 0x00000000
core   0: 0x800033ee (0x00000001) c.nop
core   0: 3 0x800033ee (0x0001)
core   0: 0x800033f0 (0x003591b3) sll     gp, a1, gp
core   0: 3 0x800033f0 (0x003591b3) x3  0x8c800000
core   0: 0x800033f4 (0x00006531) c.lui   a0, 0xc
core   0: 3 0x800033f4 (0x6531) x10 0x0000c000
core   0: 0x800033f6 (0x0024c3b3) xor     t2, s1, sp
core   0: 3 0x800033f6 (0x0024c3b3) x7  0x73b060c0
core   0: 0x800033fa (0x01d35413) srli    s0, t1, 29
core   0: 3 0x800033fa (0x01d35413) x8  0x00000000
core   0: 0x800033fe (0x00008e1d) c.sub   a2, a5
core   0: 3 0x800033fe (0x8e1d) x12 0xfffff99d
core   0: 0x80003400 (0x00000001) c.nop
core   0: 3 0x80003400 (0x0001)
core   0: 0x80003402 (0x03e08a33) mul     s4, ra, t5
core   0: 3 0x80003402 (0x03e08a33) x20 0xd4e84bb4
core   0: 0x80003406 (0x0000c80d) c.beqz  s0, pc + 50
core   0: 3 0x80003406 (0xc80d)
core   0: 0x80003438 (0x01085d33) srl     s10, a6, a6
core   0: 3 0x80003438 (0x01085d33) x26 0x016d2f07
core   0: 0x8000343c (0x02c6c263) blt     a3, a2, pc + 36
core   0: 3 0x8000343c (0x02c6c263)
core   0: 0x80003440 (0x00008cfd) c.and   s1, a5
core   0: 3 0x80003440 (0x8cfd) x9  0x00000000
core   0: 0x80003442 (0x0000c399) c.beqz  a5, pc + 6
core   0: 3 0x80003442 (0xc399)
core   0: 0x80003444 (0x00c7ee63) bltu    a5, a2, pc + 28
core   0: 3 0x80003444 (0x00c7ee63)
core   0: 0x80003460 (0x00008d7d) c.and   a0, a5
core   0: 3 0x80003460 (0x8d7d) x10 0x00000000
core   0: 0x80003462 (0x00009cba) c.add   s9, a4
core   0: 3 0x80003462 (0x9cba) x25 0x73b06e00
core   0: 0x80003464 (0xef5587b7) lui     a5, 0xef558
core   0: 3 0x80003464 (0xef5587b7) x15 0xef558000
core   0: 0x80003468 (0x039288b3) mul     a7, t0, s9
core   0: 3 0x80003468 (0x039288b3) x17 0x00000000
core   0: 0x8000346c (0x00006151) c.addi16sp sp, 272
core   0: 3 0x8000346c (0x6151) x2  0x73b061d0
core   0: 0x8000346e (0x00251663) bne     a0, sp, pc + 12
core   0: 3 0x8000346e (0x00251663)
core   0: 0x8000347a (0x22223c93) sltiu   s9, tp, 546
core   0: 3 0x8000347a (0x22223c93) x25 0x00000001
core   0: 0x8000347e (0x013bc033) xor     zero, s7, s3
core   0: 3 0x8000347e (0x013bc033)
core   0: 0x80003482 (0x00008519) c.srai  a0, 6
core   0: 3 0x80003482 (0x8519) x10 0x00000000
core   0: 0x80003484 (0x037cf733) remu    a4, s9, s7
core   0: 3 0x80003484 (0x037cf733) x14 0x00000001
core   0: 0x80003488 (0x013f7b63) bgeu    t5, s3, pc + 22
core   0: 3 0x80003488 (0x013f7b63)
core   0: 0x8000348c (0x033dbab3) mulhu   s5, s11, s3
core   0: 3 0x8000348c (0x033dbab3) x21 0x147e3bab
core   0: 0x80003490 (0x0000ea91) c.bnez  a3, pc + 20
core   0: 3 0x80003490 (0xea91)
core   0: 0x800034a4 (0x010d18b3) sll     a7, s10, a6
core   0: 3 0x800034a4 (0x010d18b3) x17 0x5b4bc1c0
core   0: 0x800034a8 (0x009c5c63) bge     s8, s1, pc + 24
core   0: 3 0x800034a8 (0x009c5c63)
core   0: 0x800034c0 (0x020716b3) mulh    a3, a4, zero
core   0: 3 0x800034c0 (0x020716b3) x13 0x00000000
core   0: 0x800034c4 (0x028d28b3) mulhsu  a7, s10, s0
core   0: 3 0x800034c4 (0x028d28b3) x17 0x00000000
core   0: 0x800034c8 (0x00000001) c.nop
core   0: 3 0x800034c8 (0x0001)
core   0: 0x800034ca (0x03a1bb33) mulhu   s6, gp, s10
core   0: 3 0x800034ca (0x03a1bb33) x22 0x00c86c4f
core   0: 0x800034ce (0x97ed7a93) andi    s5, s10, -1666
core   0: 3 0x800034ce (0x97ed7a93) x21 0x016d2906
core   0: 0x800034d2 (0x034ed5b3) divu    a1, t4, s4
core   0: 3 0x800034d2 (0x034ed5b3) x11 0x00000000
core   0: 0x800034d6 (0x0319cf63) blt     s3, a7, pc + 62
core   0: 3 0x800034d6 (0x0319cf63)
core   0: 0x80003514 (0x01261013) slli    zero, a2, 18
core   0: 3 0x80003514 (0x01261013)
core   0: 0x80003518 (0x01698663) beq     s3, s6, pc + 12
core   0: 3 0x80003518 (0x01698663)
core   0: 0x8000351c (0x00a4cbb3) xor     s7, s1, a0
core   0: 3 0x8000351c (0x00a4cbb3) x23 0x00000000
core   0: 0x80003520 (0x007a7463) bgeu    s4, t2, pc + 8
core   0: 3 0x80003520 (0x007a7463)
core   0: 0x80003528 (0x030583b3) mul     t2, a1, a6
core   0: 3 0x80003528 (0x030583b3) x7  0x00000000
core   0: 0x8000352c (0x03b56263) bltu    a0, s11, pc + 36
core   0: 3 0x8000352c (0x03b56263)
core   0: 0x80003550 (0x2da22597) auipc   a1, 0x2da22
core   0: 3 0x80003550 (0x2da22597) x11 0xada25550
core   0: 0x80003554 (0x026742b3) div     t0, a4, t1
core   0: 3 0x80003554 (0x026742b3) x5  0x00000001
core   0: 0x80003558 (0x03826463) bltu    tp, s8, pc + 40
core   0: 3 0x80003558 (0x03826463)
core   0: 0x8000355c (0xfdec2893) slti    a7, s8, -34
core   0: 3 0x8000355c (0xfdec2893) x17 0x00000000
core   0: 0x80003560 (0x01cb5d63) bge     s6, t3, pc + 26
core   0: 3 0x80003560 (0x01cb5d63)
core   0: 0x8000357a (0x2acff893) andi    a7, t6, 684
core   0: 3 0x8000357a (0x2acff893) x17 0x000002ac
core   0: 0x8000357e (0x00004d79) c.li    s10, 30
core   0: 3 0x8000357e (0x4d79) x26 0x0000001e
core   0: 0x80003580 (0xbd2dea13) ori     s4, s11, -1070
core   0: 3 0x80003580 (0xbd2dea13) x20 0xfffffbdb
core   0: 0x80003584 (0x0000e51d) c.bnez  a0, pc + 46
core   0: 3 0x80003584 (0xe51d)
core   0: 0x80003586 (0x0222cbb3) div     s7, t0, sp
core   0: 3 0x80003586 (0x0222cbb3) x23 0x00000000
core   0: 0x8000358a (0x0000091a) c.slli  s2, 6
core   0: 3 0x8000358a (0x091a) x18 0x00000000
core   0: 0x8000358c (0x000eb133) sltu    sp, t4, zero
core   0: 3 0x8000358c (0x000eb133) x2  0x00000000
core   0: 0x80003590 (0x07046913) ori     s2, s0, 112
core   0: 3 0x80003590 (0x07046913) x18 0x00000070
core   0: 0x80003594 (0x00000be9) c.addi  s7, 26
core   0: 3 0x80003594 (0x0be9) x23 0x0000001a
core   0: 0x80003596 (0x02b5fb33) remu    s6, a1, a1
core   0: 3 0x80003596 (0x02b5fb33) x22 0x00000000
core   0: 0x8000359a (0x039531b3) mulhu   gp, a0, s9
core   0: 3 0x8000359a (0x039531b3) x3  0x00000000
core   0: 0x8000359e (0x03baefb3) rem     t6, s5, s11
core   0: 3 0x8000359e (0x03baefb3) x31 0x016d2906
core   0: 0x800035a2 (0x00001dfd) c.addi  s11, -1
core   0: 3 0x800035a2 (0x1dfd) x27 0x28fba118
core   0: 0x800035a4 (0x00008f89) c.sub   a5, a0
core   0: 3 0x800035a4 (0x8f89) x15 0xef558000
core   0: 0x800035a6 (0x1c323b13) sltiu   s6, tp, 451
core   0: 3 0x800035a6 (0x1c323b13) x22 0x00000001
core   0: 0x800035aa (0x00ca1413) slli    s0, s4, 12
core   0: 3 0x800035aa (0x00ca1413) x8  0xffbdb000
core   0: 0x800035ae (0x0000822a) c.mv    tp, a0
core   0: 3 0x800035ae (0x822a) x4  0x00000000
core   0: 0x800035b0 (0x000098fd) c.andi  s1, -1
core   0: 3 0x800035b0 (0x98fd) x9  0x00000000
core   0: 0x800035b2 (0xf4ab0d17) auipc   s10, 0xf4ab0
core   0: 3 0x800035b2 (0xf4ab0d17) x26 0x74ab35b2
core   0: 0x800035b6 (0x000001d9) c.addi  gp, 22
core   0: 3 0x800035b6 (0x01d9) x3  0x00000016
core   0: 0x800035b8 (0x0000e305) c.bnez  a4, pc + 32
core   0: 3 0x800035b8 (0xe305)
core   0: 0x800035d8 (0x001c3bb3) sltu    s7, s8, ra
core   0: 3 0x800035d8 (0x001c3bb3) x23 0x00000001
core   0: 0x800035dc (0x00008bb5) c.andi  a5, 13
core   0: 3 0x800035dc (0x8bb5) x15 0x00000000
core   0: 0x800035de (0x00008f79) c.and   a4, a4
core   0: 3 0x800035de (0x8f79) x14 0x00000001
core   0: 0x800035e0 (0x0118ab33) slt     s6, a7, a7
core   0: 3 0x800035e0 (0x0118ab33) x22 0x00000000
core   0: 0x800035e4 (0x007476b3) and     a3, s0, t2
core   0: 3 0x800035e4 (0x007476b3) x13 0x00000000
core   0: 0x800035e8 (0x00bc5913) srli    s2, s8, 11
core   0: 3 0x800035e8 (0x00bc5913) x18 0x00000000
core   0: 0x800035ec (0x6f975297) auipc   t0, 0x6f975
core   0: 3 0x800035ec (0x6f975297) x5  0xef9785ec
core   0: 0x800035f0 (0x00530263) beq     t1, t0, pc + 4
core   0: 3 0x800035f0 (0x00530263)
core   0: 0x800035f4 (0x0013d213) srli    tp, t2, 1
core   0: 3 0x800035f4 (0x0013d213) x4  0x00000000
core   0: 0x800035f8 (0x0000717d) c.addi16sp sp, -16
core   0: 3 0x800035f8 (0x717d) x2  0xfffffff0
core   0: 0x800035fa (0x00ab5963) bge     s6, a0, pc + 18
core   0: 3 0x800035fa (0x00ab5963)
core   0: 0x8000360c (0x01241db3) sll     s11, s0, s2
core   0: 3 0x8000360c (0x01241db3) x27 0xffbdb000
core   0: 0x80003610 (0x00008d61) c.and   a0, s0
core   0: 3 0x80003610 (0x8d61) x10 0x00000000
core   0: 0x80003612 (0x00d27d63) bgeu    tp, a3, pc + 26
core   0: 3 0x80003612 (0x00d27d63)
core   0: 0x8000362c (0x00001e1c) c.addi4spn a5, sp, 816
core   0: 3 0x8000362c (0x1e1c) x15 0x00000320
core   0: 0x8000362e (0x03fc1ab3) mulh    s5, s8, t6
core   0: 3 0x8000362e (0x03fc1ab3) x21 0x00000000
core   0: 0x80003632 (0x00000236) c.slli  tp, 13
core   0: 3 0x80003632 (0x0236) x4  0x00000000
core   0: 0x80003634 (0x029907b3) mul     a5, s2, s1
core   0: 3 0x80003634 (0x029907b3) x15 0x00000000
core   0: 0x80003638 (0x01e3cc33) xor     s8, t2, t5
core   0: 3 0x80003638 (0x01e3cc33) x24 0x80025ea4
core   0: 0x8000363c (0x131d6593) ori     a1, s10, 305
core   0: 3 0x8000363c (0x131d6593) x11 0x74ab35b3
core   0: 0x80003640 (0x035c7bb3) remu    s7, s8, s5
core   0: 3 0x80003640 (0x035c7bb3) x23 0x80025ea4
core   0: 0x80003644 (0x00008aa5) c.andi  a3, 9
core   0: 3 0x80003644 (0x8aa5) x13 0x00000000
core   0: 0x80003646 (0x03f94463) blt     s2, t6, pc + 40
core   0: 3 0x80003646 (0x03f94463)
core   0: 0x8000366e (0x00008d25) c.xor   a0, s1
core   0: 3 0x8000366e (0x8d25) x10 0x00000000
core   0: 0x80003670 (0x02380163) beq     a6, gp, pc + 34
core   0: 3 0x80003670 (0x02380163)
core   0: 0x80003674 (0x00008e09) c.sub   a2, a0
core   0: 3 0x80003674 (0x8e09) x12 0xfffff99d
core   0: 0x80003676 (0xd866f617) auipc   a2, 0xd866f
core   0: 3 0x80003676 (0xd866f617) x12 0x58672676
core   0: 0x8000367a (0x0000717d) c.addi16sp sp, -16
core   0: 3 0x8000367a (0x717d) x2  0xffffffe0
core   0: 0x8000367c (0x00008e8d) c.sub   a3, a1
core   0: 3 0x8000367c (0x8e8d) x13 0x8b54ca4d
core   0: 0x8000367e (0x01454ab3) xor     s5, a0, s4
core   0: 3 0x8000367e (0x01454ab3) x21 0xfffffbdb
core   0: 0x80003682 (0x01dc3233) sltu    tp, s8, t4
core   0: 3 0x80003682 (0x01dc3233) x4  0x00000000
core   0: 0x80003686 (0xbcfec413) xori    s0, t4, -1073
core   0: 3 0x80003686 (0xbcfec413) x8  0xfffffbcf
core   0: 0x8000368a (0x13c9bc13) sltiu   s8, s3, 316
core   0: 3 0x8000368a (0x13c9bc13) x24 0x00000000
core   0: 0x8000368e (0xf96d3fb7) lui     t6, 0xf96d3
core   0: 3 0x8000368e (0xf96d3fb7) x31 0xf96d3000
core   0: 0x80003692 (0x00008489) c.srai  s1, 2
core   0: 3 0x80003692 (0x8489) x9  0x00000000
core   0: 0x80003694 (0x00008b99) c.andi  a5, 6
core   0: 3 0x80003694 (0x8b99) x15 0x00000000
core   0: 0x80003696 (0x03d3e0b3) rem     ra, t2, t4
core   0: 3 0x80003696 (0x03d3e0b3) x1  0x00000000
core   0: 0x8000369a (0x40868bb3) sub     s7, a3, s0
core   0: 3 0x8000369a (0x40868bb3) x23 0x8b54ce7e
core   0: 0x8000369e (0x0024e7b3) or      a5, s1, sp
core   0: 3 0x8000369e (0x0024e7b3) x15 0xffffffe0
core   0: 0x800036a2 (0x00576b33) or      s6, a4, t0
core   0: 3 0x800036a2 (0x00576b33) x22 0xef9785ed
core   0: 0x800036a6 (0x0159c133) xor     sp, s3, s5
core   0: 3 0x800036a6 (0x0159c133) x2  0x7ffd66ff
core   0: 0x800036aa (0x00008c01) c.sub   s0, s0
core   0: 3 0x800036aa (0x8c01) x8  0x00000000
core   0: 0x800036ac (0x0000ec81) c.bnez  s1, pc + 24
core   0: 3 0x800036ac (0xec81)
core   0: 0x800036ae (0x025f1163) bne     t5, t0, pc + 34
core   0: 3 0x800036ae (0x025f1163)
core   0: 0x800036d0 (0x02f18033) mul     zero, gp, a5
core   0: 3 0x800036d0 (0x02f18033)
core   0: 0x800036d4 (0x037d9fb3) mulh    t6, s11, s7
core   0: 3 0x800036d4 (0x037d9fb3) x31 0x001e3898
core   0: 0x800036d8 (0x00cbde33) srl     t3, s7, a2
core   0: 3 0x800036d8 (0x00cbde33) x28 0x0000022d
core   0: 0x800036dc (0x02f95fb3) divu    t6, s2, a5
core   0: 3 0x800036dc (0x02f95fb3) x31 0x00000000
core   0: 0x800036e0 (0x00008e95) c.sub   a3, a3
core   0: 3 0x800036e0 (0x8e95) x13 0x00000000
core   0: 0x800036e2 (0x00bf5b13) srli    s6, t5, 11
core   0: 3 0x800036e2 (0x00bf5b13) x22 0x0010004b
core   0: 0x800036e6 (0x033de013) ori     zero, s11, 51
core   0: 3 0x800036e6 (0x033de013)
core   0: 0x800036ea (0x00000001) c.nop
core   0: 3 0x800036ea (0x0001)
core   0: 0x800036ec (0x023dac33) mulhsu  s8, s11, gp
core   0: 3 0x800036ec (0x023dac33) x24 0xffffffff
core   0: 0x800036f0 (0x000087b5) c.srai  a5, 13
core   0: 3 0x800036f0 (0x87b5) x15 0xffffffff
core   0: 0x800036f2 (0x00ee3733) sltu    a4, t3, a4
core   0: 3 0x800036f2 (0x00ee3733) x14 0x00000000
core   0: 0x800036f6 (0x01c54ab3) xor     s5, a0, t3
core   0: 3 0x800036f6 (0x01c54ab3) x21 0x0000022d
core   0: 0x800036fa (0x8e7fe7b7) lui     a5, 0x8e7fe
core   0: 3 0x800036fa (0x8e7fe7b7) x15 0x8e7fe000
core   0: 0x800036fe (0x02b17933) remu    s2, sp, a1
core   0: 3 0x800036fe (0x02b17933) x18 0x0b52314c
core   0: 0x80003702 (0x01cb6a63) bltu    s6, t3, pc + 20
core   0: 3 0x80003702 (0x01cb6a63)
core   0: 0x80003706 (0x00799b63) bne     s3, t2, pc + 22
core   0: 3 0x80003706 (0x00799b63)
core   0: 0x8000371c (0x00008609) c.srai  a2, 2
core   0: 3 0x8000371c (0x8609) x12 0x1619c99d
core   0: 0x8000371e (0x00000e9c) c.addi4spn a5, sp, 848
core   0: 3 0x8000371e (0x0e9c) x15 0x7ffd6a4f
core   0: 0x80003720 (0x02b435b3) mulhu   a1, s0, a1
core   0: 3 0x80003720 (0x02b435b3) x11 0x00000000
core   0: 0x80003724 (0x4c5af0b7) lui     ra, 0x4c5af
core   0: 3 0x80003724 (0x4c5af0b7) x1  0x4c5af000
core   0: 0x80003728 (0xdbfa3b97) auipc   s7, 0xdbfa3
core   0: 3 0x80003728 (0xdbfa3b97) x23 0x5bfa6728
core   0: 0x8000372c (0x00000d26) c.slli  s10, 9
core   0: 3 0x8000372c (0x0d26) x26 0x566b6400
core   0: 0x8000372e (0x0011d633) srl     a2, gp, ra
core   0: 3 0x8000372e (0x0011d633) x12 0x00000016
core   0: 0x80003732 (0x02d39933) mulh    s2, t2, a3
core   0: 3 0x80003732 (0x02d39933) x18 0x00000000
core   0: 0x80003736 (0x41355d93) srai    s11, a0, 19
core   0: 3 0x80003736 (0x41355d93) x27 0x00000000
core   0: 0x8000373a (0x03a7dc33) divu    s8, a5, s10
core   0: 3 0x8000373a (0x03a7dc33) x24 0x00000001
core   0: 0x8000373e (0x006bf3b3) and     t2, s7, t1
core   0: 3 0x8000373e (0x006bf3b3) x7  0x00000000
core   0: 0x80003742 (0x03225db3) divu    s11, tp, s2
core   0: 3 0x80003742 (0x03225db3) x27 0xffffffff
core   0: 0x80003746 (0x00000001) c.nop
core   0: 3 0x80003746 (0x0001)
core   0: 0x80003748 (0x90437913) andi    s2, t1, -1788
core   0: 3 0x80003748 (0x90437913) x18 0x00000000
core   0: 0x8000374c (0xb6f5e713) ori     a4, a1, -1169
core   0: 3 0x8000374c (0xb6f5e713) x14 0xfffffb6f
core   0: 0x80003750 (0x0167f733) and     a4, a5, s6
core   0: 3 0x80003750 (0x0167f733) x14 0x0010004b
core   0: 0x80003754 (0x00609c13) slli    s8, ra, 6
core   0: 3 0x80003754 (0x00609c13) x24 0x16bc0000
core   0: 0x80003758 (0x00008fa9) c.xor   a5, a0
core   0: 3 0x80003758 (0x8fa9) x15 0x7ffd6a4f
core   0: 0x8000375a (0x0000867d) c.srai  a2, 31
core   0: 3 0x8000375a (0x867d) x12 0x00000000
core   0: 0x8000375c (0x03a044b3) div     s1, zero, s10
core   0: 3 0x8000375c (0x03a044b3) x9  0x00000000
core   0: 0x80003760 (0x0371c6b3) div     a3, gp, s7
core   0: 3 0x80003760 (0x0371c6b3) x13 0x00000000
core   0: 0x80003764 (0x0000803d) c.srli  s0, 15
core   0: 3 0x80003764 (0x803d) x8  0x00000000
core   0: 0x80003766 (0x02c33633) mulhu   a2, t1, a2
core   0: 3 0x80003766 (0x02c33633) x12 0x00000000
core   0: 0x8000376a (0x0000877e) c.mv    a4, t6
core   0: 3 0x8000376a (0x877e) x14 0x00000000
core   0: 0x8000376c (0x05f04693) xori    a3, zero, 95
core   0: 3 0x8000376c (0x05f04693) x13 0x0000005f
core   0: 0x80003770 (0x02aa97b3) mulh    a5, s5, a0
core   0: 3 0x80003770 (0x02aa97b3) x15 0x00000000
core   0: 0x80003774 (0x00000001) c.nop
core   0: 3 0x80003774 (0x0001)
core   0: 0x80003776 (0x00000001) c.nop
core   0: 3 0x80003776 (0x0001)
core   0: 0x80003778 (0x02fe3933) mulhu   s2, t3, a5
core   0: 3 0x80003778 (0x02fe3933) x18 0x00000000
core   0: 0x8000377c (0x00008bf6) c.mv    s7, t4
core   0: 3 0x8000377c (0x8bf6) x23 0x00000000
core   0: 0x8000377e (0xff1d3e13) sltiu   t3, s10, -15
core   0: 3 0x8000377e (0xff1d3e13) x28 0x00000001
core   0: 0x80003782 (0x40365cb3) sra     s9, a2, gp
core   0: 3 0x80003782 (0x40365cb3) x25 0x00000000
core   0: 0x80003786 (0x0000997d) c.andi  a0, -1
core   0: 3 0x80003786 (0x997d) x10 0x00000000
core   0: 0x80003788 (0x00b15a33) srl     s4, sp, a1
core   0: 3 0x80003788 (0x00b15a33) x20 0x7ffd66ff
core   0: 0x8000378c (0x00008bc1) c.andi  a5, 16
core   0: 3 0x8000378c (0x8bc1) x15 0x00000000
core   0: 0x8000378e (0x0000029c) c.addi4spn a5, sp, 320
core   0: 3 0x8000378e (0x029c) x15 0x7ffd683f
core   0: 0x80003790 (0x01935333) srl     t1, t1, s9
core   0: 3 0x80003790 (0x01935333) x6  0x00000001
core   0: 0x80003794 (0x00000515) c.addi  a0, 5
core   0: 3 0x80003794 (0x0515) x10 0x00000005
core   0: 0x80003796 (0x00008eed) c.and   a3, a1
core   0: 3 0x80003796 (0x8eed) x13 0x00000000
core   0: 0x80003798 (0xc021d7b7) lui     a5, 0xc021d
core   0: 3 0x80003798 (0xc021d7b7) x15 0xc021d000
core   0: 0x8000379c (0x4067d113) srai    sp, a5, 6
core   0: 3 0x8000379c (0x4067d113) x2  0xff008740
core   0: 0x800037a0 (0x00004e15) c.li    t3, 5
core   0: 3 0x800037a0 (0x4e15) x28 0x00000005
core   0: 0x800037a2 (0x00008f61) c.and   a4, s0
core   0: 3 0x800037a2 (0x8f61) x14 0x00000000
core   0: 0x800037a4 (0x00fd18b3) sll     a7, s10, a5
core   0: 3 0x800037a4 (0x00fd18b3) x17 0x566b6400
core   0: 0x800037a8 (0x0000717d) c.addi16sp sp, -16
core   0: 3 0x800037a8 (0x717d) x2  0xff008730
core   0: 0x800037aa (0x00000001) c.nop
core   0: 3 0x800037aa (0x0001)
core   0: 0x800037ac (0x0293e6b3) rem     a3, t2, s1
core   0: 3 0x800037ac (0x0293e6b3) x13 0x00000000
core   0: 0x800037b0 (0x0195e763) bltu    a1, s9, pc + 14
core   0: 3 0x800037b0 (0x0195e763)
core   0: 0x800037b4 (0x00008265) c.srli  a2, 25
core   0: 3 0x800037b4 (0x8265) x12 0x00000000
core   0: 0x800037b6 (0x4055db93) srai    s7, a1, 5
core   0: 3 0x800037b6 (0x4055db93) x23 0x00000000
core   0: 0x800037ba (0x9ab4fc93) andi    s9, s1, -1621
core   0: 3 0x800037ba (0x9ab4fc93) x25 0x00000000
core   0: 0x800037be (0x00a865b3) or      a1, a6, a0
core   0: 3 0x800037be (0x00a865b3) x11 0x5b4bc1c7
core   0: 0x800037c2 (0x005d3bb3) sltu    s7, s10, t0
core   0: 3 0x800037c2 (0x005d3bb3) x23 0x00000001
core   0: 0x800037c6 (0x6efbb713) sltiu   a4, s7, 1775
core   0: 3 0x800037c6 (0x6efbb713) x14 0x00000001
core   0: 0x800037ca (0x02b964b3) rem     s1, s2, a1
core   0: 3 0x800037ca (0x02b964b3) x9  0x00000000
core   0: 0x800037ce (0x000081a2) c.mv    gp, s0
core   0: 3 0x800037ce (0x81a2) x3  0x00000000
core   0: 0x800037d0 (0x9f8b6593) ori     a1, s6, -1544
core   0: 3 0x800037d0 (0x9f8b6593) x11 0xfffff9fb
core   0: 0x800037d4 (0xcd3af5b7) lui     a1, 0xcd3af
core   0: 3 0x800037d4 (0xcd3af5b7) x11 0xcd3af000
core   0: 0x800037d8 (0x00282633) slt     a2, a6, sp
core   0: 3 0x800037d8 (0x00282633) x12 0x00000000
core   0: 0x800037dc (0x0319ac33) mulhsu  s8, s3, a7
core   0: 3 0x800037dc (0x0319ac33) x24 0xd4cb2fe2
core   0: 0x800037e0 (0xc7843013) sltiu   zero, s0, -904
core   0: 3 0x800037e0 (0xc7843013)
core   0: 0x800037e4 (0x611ba193) slti    gp, s7, 1553
core   0: 3 0x800037e4 (0x611ba193) x3  0x00000001
core   0: 0x800037e8 (0x0000e489) c.bnez  s1, pc + 10
core   0: 3 0x800037e8 (0xe489)
core   0: 0x800037ea (0x02d946b3) div     a3, s2, a3
core   0: 3 0x800037ea (0x02d946b3) x13 0xffffffff
core   0: 0x800037ee (0x00000001) c.nop
core   0: 3 0x800037ee (0x0001)
core   0: 0x800037f0 (0x00008679) c.srai  a2, 30
core   0: 3 0x800037f0 (0x8679) x12 0x00000000
core   0: 0x800037f2 (0x029ac4b3) div     s1, s5, s1
core   0: 3 0x800037f2 (0x029ac4b3) x9  0xffffffff
core   0: 0x800037f6 (0x023f5733) divu    a4, t5, gp
core   0: 3 0x800037f6 (0x023f5733) x14 0x80025ea4
core   0: 0x800037fa (0x1c20c293) xori    t0, ra, 450
core   0: 3 0x800037fa (0x1c20c293) x5  0x4c5af1c2
core   0: 0x800037fe (0x00008d41) c.or    a0, s0
core   0: 3 0x800037fe (0x8d41) x10 0x00000005
core   0: 0x80003800 (0x01866563) bltu    a2, s8, pc + 10
core   0: 3 0x80003800 (0x01866563)
core   0: 0x8000380a (0x8ce08b97) auipc   s7, 0x8ce08
core   0: 3 0x8000380a (0x8ce08b97) x23 0x0ce0b80a
core   0: 0x8000380e (0x41605d93) srai    s11, zero, 22
core   0: 3 0x8000380e (0x41605d93) x27 0x00000000
core   0: 0x80003812 (0x40dad293) srai    t0, s5, 13
core   0: 3 0x80003812 (0x40dad293) x5  0x00000000
core   0: 0x80003816 (0x03a60263) beq     a2, s10, pc + 36
core   0: 3 0x80003816 (0x03a60263)
core   0: 0x8000381a (0x005f1a93) slli    s5, t5, 5
core   0: 3 0x8000381a (0x005f1a93) x21 0x004bd480
core   0: 0x8000381e (0x02baed33) rem     s10, s5, a1
core   0: 3 0x8000381e (0x02baed33) x26 0x004bd480
core   0: 0x80003822 (0x000e8933) add     s2, t4, zero
core   0: 3 0x80003822 (0x000e8933) x18 0x00000000
core   0: 0x80003826 (0x41de0fb3) sub     t6, t3, t4
core   0: 3 0x80003826 (0x41de0fb3) x31 0x00000005
core   0: 0x8000382a (0x01b9ea63) bltu    s3, s11, pc + 20
core   0: 3 0x8000382a (0x01b9ea63)
core   0: 0x8000382e (0x00008c95) c.sub   s1, a3
core   0: 3 0x8000382e (0x8c95) x9  0x00000000
core   0: 0x80003830 (0x00009bce) c.add   s7, s3
core   0: 3 0x80003830 (0x9bce) x23 0x8ce3552e
core   0: 0x80003832 (0x01e1e433) or      s0, gp, t5
core   0: 3 0x80003832 (0x01e1e433) x8  0x80025ea5
core   0: 0x80003836 (0x614ab013) sltiu   zero, s5, 1556
core   0: 3 0x80003836 (0x614ab013)
core   0: 0x8000383a (0x01c79263) bne     a5, t3, pc + 4
core   0: 3 0x8000383a (0x01c79263)
core   0: 0x8000383e (0x00008ab9) c.andi  a3, 14
core   0: 3 0x8000383e (0x8ab9) x13 0x0000000e
core   0: 0x80003840 (0x001532b3) sltu    t0, a0, ra
core   0: 3 0x80003840 (0x001532b3) x5  0x00000001
core   0: 0x80003844 (0x01b91563) bne     s2, s11, pc + 10
core   0: 3 0x80003844 (0x01b91563)
core   0: 0x80003848 (0x0337e8b3) rem     a7, a5, s3
core   0: 3 0x80003848 (0x0337e8b3) x17 0xc021d000
core   0: 0x8000384c (0x0000806d) c.srli  s0, 27
core   0: 3 0x8000384c (0x806d) x8  0x00000010
core   0: 0x8000384e (0x0343ec33) rem     s8, t2, s4
core   0: 3 0x8000384e (0x0343ec33) x24 0x00000000
core   0: 0x80003852 (0x00008de9) c.and   a1, a0
core   0: 3 0x80003852 (0x8de9) x11 0x00000000
core   0: 0x80003854 (0x0000c311) c.beqz  a4, pc + 4
core   0: 3 0x80003854 (0xc311)
core   0: 0x80003856 (0x00008222) c.mv    tp, s0
core   0: 3 0x80003856 (0x8222) x4  0x00000010
core   0: 0x80003858 (0x012c1463) bne     s8, s2, pc + 8
core   0: 3 0x80003858 (0x012c1463)
core   0: 0x8000385c (0x41075333) sra     t1, a4, a6
core   0: 3 0x8000385c (0x41075333) x6  0xfe00097a
core   0: 0x80003860 (0x00000001) c.nop
core   0: 3 0x80003860 (0x0001)
core   0: 0x80003862 (0x03fa6633) rem     a2, s4, t6
core   0: 3 0x80003862 (0x03fa6633) x12 0x00000002
core   0: 0x80003866 (0x0000717d) c.addi16sp sp, -16
core   0: 3 0x80003866 (0x717d) x2  0xff008720
core   0: 0x80003868 (0x00000088) c.addi4spn a0, sp, 64
core   0: 3 0x80003868 (0x0088) x10 0xff008760
core   0: 0x8000386a (0x4158d793) srai    a5, a7, 21
core   0: 3 0x8000386a (0x4158d793) x15 0xfffffe01
core   0: 0x8000386e (0x01516633) or      a2, sp, s5
core   0: 3 0x8000386e (0x01516633) x12 0xff4bd7a0
core   0: 0x80003872 (0x00000936) c.slli  s2, 13
core   0: 3 0x80003872 (0x0936) x18 0x00000000
core   0: 0x80003874 (0x40bb0633) sub     a2, s6, a1
core   0: 3 0x80003874 (0x40bb0633) x12 0x0010004b
core   0: 0x80003878 (0x000090f6) c.add   ra, t4
core   0: 3 0x80003878 (0x90f6) x1  0x4c5af000
core   0: 0x8000387a (0x00e94c63) blt     s2, a4, pc + 24
core   0: 3 0x8000387a (0x00e94c63)
core   0: 0x8000387e (0x003c04b3) add     s1, s8, gp
core   0: 3 0x8000387e (0x003c04b3) x9  0x00000001
core   0: 0x80003882 (0x0000e909) c.bnez  a0, pc + 18
core   0: 3 0x80003882 (0xe909)
core   0: 0x80003894 (0x00b3aa33) slt     s4, t2, a1
core   0: 3 0x80003894 (0x00b3aa33) x20 0x00000000
core   0: 0x80003898 (0x00004a71) c.li    s4, 28
core   0: 3 0x80003898 (0x4a71) x20 0x0000001c
core   0: 0x8000389a (0xc22c8d93) addi    s11, s9, -990
core   0: 3 0x8000389a (0xc22c8d93) x27 0xfffffc22
core   0: 0x8000389e (0x01116533) or      a0, sp, a7
core   0: 3 0x8000389e (0x01116533) x10 0xff21d720
core   0: 0x800038a2 (0x03a79363) bne     a5, s10, pc + 38
core   0: 3 0x800038a2 (0x03a79363)
core   0: 0x800038c8 (0x000003ee) c.slli  t2, 27
core   0: 3 0x800038c8 (0x03ee) x7  0x00000000
core   0: 0x800038ca (0x00008e31) c.xor   a2, a2
core   0: 3 0x800038ca (0x8e31) x12 0x00000000
core   0: 0x800038cc (0x00008fe9) c.and   a5, a0
core   0: 3 0x800038cc (0x8fe9) x15 0xff21d600
core   0: 0x800038ce (0x005b5f63) bge     s6, t0, pc + 30
core   0: 3 0x800038ce (0x005b5f63)
core   0: 0x800038ec (0x017cdb33) srl     s6, s9, s7
core   0: 3 0x800038ec (0x017cdb33) x22 0x00000000
core   0: 0x800038f0 (0x01b17233) and     tp, sp, s11
core   0: 3 0x800038f0 (0x01b17233) x4  0xff008420
core   0: 0x800038f4 (0x0000717d) c.addi16sp sp, -16
core   0: 3 0x800038f4 (0x717d) x2  0xff008710
core   0: 0x800038f6 (0x00997d33) and     s10, s2, s1
core   0: 3 0x800038f6 (0x00997d33) x26 0x00000000
core   0: 0x800038fa (0x00009672) c.add   a2, t3
core   0: 3 0x800038fa (0x9672) x12 0x00000005
core   0: 0x800038fc (0x415f5393) srai    t2, t5, 21
core   0: 3 0x800038fc (0x415f5393) x7  0xfffffc00
core   0: 0x80003900 (0x0000ed89) c.bnez  a1, pc + 26
core   0: 3 0x80003900 (0xed89)
core   0: 0x80003902 (0x01891693) slli    a3, s2, 24
core   0: 3 0x80003902 (0x01891693) x13 0x00000000
core   0: 0x80003906 (0x00001e04) c.addi4spn s1, sp, 816
core   0: 3 0x80003906 (0x1e04) x9  0xff008a40
core   0: 0x80003908 (0x00008cb9) c.xor   s1, a4
core   0: 3 0x80003908 (0x8cb9) x9  0x7f02d4e4
core   0: 0x8000390a (0x01770233) add     tp, a4, s7
core   0: 3 0x8000390a (0x01770233) x4  0x0ce5b3d2
core   0: 0x8000390e (0x00008d71) c.and   a0, a2
core   0: 3 0x8000390e (0x8d71) x10 0x00000000
core   0: 0x80003910 (0x024ceb33) rem     s6, s9, tp
core   0: 3 0x80003910 (0x024ceb33) x22 0x00000000
core   0: 0x80003914 (0x00008fc6) c.mv    t6, a7
core   0: 3 0x80003914 (0x8fc6) x31 0xc021d000
core   0: 0x80003916 (0x005fb033) sltu    zero, t6, t0
core   0: 3 0x80003916 (0x005fb033)
core   0: 0x8000391a (0x038a88b3) mul     a7, s5, s8
core   0: 3 0x8000391a (0x038a88b3) x17 0x00000000
core   0: 0x8000391e (0x00e2dd63) bge     t0, a4, pc + 26
core   0: 3 0x8000391e (0x00e2dd63)
core   0: 0x80003938 (0x00008d21) c.xor   a0, s0
core   0: 3 0x80003938 (0x8d21) x10 0x00000010
core   0: 0x8000393a (0x00008dcd) c.or    a1, a1
core   0: 3 0x8000393a (0x8dcd) x11 0x00000000
core   0: 0x8000393c (0x00463033) sltu    zero, a2, tp
core   0: 3 0x8000393c (0x00463033)
core   0: 0x80003940 (0xe5999a17) auipc   s4, 0xe5999
core   0: 3 0x80003940 (0xe5999a17) x20 0x6599c940
core   0: 0x80003944 (0x00008ee1) c.and   a3, s0
core   0: 3 0x80003944 (0x8ee1) x13 0x00000000
core   0: 0x80003946 (0x01db8633) add     a2, s7, t4
core   0: 3 0x80003946 (0x01db8633) x12 0x8ce3552e
core   0: 0x8000394a (0x00000c5e) c.slli  s8, 23
core   0: 3 0x8000394a (0x0c5e) x24 0x00000000
core   0: 0x8000394c (0x03b36333) rem     t1, t1, s11
core   0: 3 0x8000394c (0x03b36333) x6  0xfffffc76
core   0: 0x80003950 (0x00008e99) c.sub   a3, a4
core   0: 3 0x80003950 (0x8e99) x13 0x7ffda15c
core   0: 0x80003952 (0x00af3c33) sltu    s8, t5, a0
core   0: 3 0x80003952 (0x00af3c33) x24 0x00000000
core   0: 0x80003956 (0x00006a9d) c.lui   s5, 0x7
core   0: 3 0x80003956 (0x6a9d) x21 0x00007000
core   0: 0x80003958 (0x031db8b3) mulhu   a7, s11, a7
core   0: 3 0x80003958 (0x031db8b3) x17 0x00000000
core   0: 0x8000395c (0x01415a63) bge     sp, s4, pc + 20
core   0: 3 0x8000395c (0x01415a63)
core   0: 0x80003960 (0x000080a9) c.srli  s1, 10
core   0: 3 0x80003960 (0x80a9) x9  0x001fc0b5
core   0: 0x80003962 (0x0000717d) c.addi16sp sp, -16
core   0: 3 0x80003962 (0x717d) x2  0xff008700
core   0: 0x80003964 (0x00669d33) sll     s10, a3, t1
core   0: 3 0x80003964 (0x00669d33) x26 0x57000000
core   0: 0x80003968 (0x00008c81) c.sub   s1, s0
core   0: 3 0x80003968 (0x8c81) x9  0x001fc0a5
core   0: 0x8000396a (0x02932fb3) mulhsu  t6, t1, s1
core   0: 3 0x8000396a (0x02932fb3) x31 0xffffffff
core   0: 0x8000396e (0x00008d95) c.sub   a1, a3
core   0: 3 0x8000396e (0x8d95) x11 0x80025ea4
core   0: 0x80003970 (0x00008b3a) c.mv    s6, a4
core   0: 3 0x80003970 (0x8b3a) x22 0x80025ea4
core   0: 0x80003972 (0x01816c33) or      s8, sp, s8
core   0: 3 0x80003972 (0x01816c33) x24 0xff008700
core   0: 0x80003976 (0x0fa8f313) andi    t1, a7, 250
core   0: 3 0x80003976 (0x0fa8f313) x6  0x00000000
core   0: 0x8000397a (0x03d706b3) mul     a3, a4, t4
core   0: 3 0x8000397a (0x03d706b3) x13 0x00000000
core   0: 0x8000397e (0x037cefb3) rem     t6, s9, s7
core   0: 3 0x8000397e (0x037cefb3) x31 0x00000000
core   0: 0x80003982 (0x03e802b3) mul     t0, a6, t5
core   0: 3 0x80003982 (0x03e802b3) x5  0xd13ad6d8
core   0: 0x80003986 (0x0136b133) sltu    sp, a3, s3
core   0: 3 0x80003986 (0x0136b133) x2  0x00000001
core   0: 0x8000398a (0x417fd433) sra     s0, t6, s7
core   0: 3 0x8000398a (0x417fd433) x8  0x00000000
core   0: 0x8000398e (0xb11e6013) ori     zero, t3, -1263
core   0: 3 0x8000398e (0xb11e6013)
core   0: 0x80003992 (0x41f8d8b3) sra     a7, a7, t6
core   0: 3 0x80003992 (0x41f8d8b3) x17 0x00000000
core   0: 0x80003996 (0x46773897) auipc   a7, 0x46773
core   0: 3 0x80003996 (0x46773897) x17 0xc6776996
core   0: 0x8000399a (0x029d14b3) mulh    s1, s10, s1
core   0: 3 0x8000399a (0x029d14b3) x9  0x000aca78
core   0: 0x8000399e (0x408c5a33) sra     s4, s8, s0
core   0: 3 0x8000399e (0x408c5a33) x20 0xff008700
core   0: 0x800039a2 (0x00b81c93) slli    s9, a6, 11
core   0: 3 0x800039a2 (0x00b81c93) x25 0x5e0e3000
core   0: 0x800039a6 (0x02a15533) divu    a0, sp, a0
core   0: 3 0x800039a6 (0x02a15533) x10 0x00000000
core   0: 0x800039aa (0x851a4c93) xori    s9, s4, -1967
core   0: 3 0x800039aa (0x851a4c93) x25 0x00ff7f51
core   0: 0x800039ae (0x02eaf933) remu    s2, s5, a4
core   0: 3 0x800039ae (0x02eaf933) x18 0x00007000
core   0: 0x800039b2 (0x0129cbb3) xor     s7, s3, s2
core   0: 3 0x800039b2 (0x0129cbb3) x23 0x8002ed24
core   0: 0x800039b6 (0x00008de1) c.and   a1, s0
core   0: 3 0x800039b6 (0x8de1) x11 0x00000000
core   0: 0x800039b8 (0x001cd7b3) srl     a5, s9, ra
core   0: 3 0x800039b8 (0x001cd7b3) x15 0x00ff7f51
core   0: 0x800039bc (0xf53b8693) addi    a3, s7, -173
core   0: 3 0x800039bc (0xf53b8693) x13 0x8002ec77
core   0: 0x800039c0 (0x0000820e) c.mv    tp, gp
core   0: 3 0x800039c0 (0x820e) x4  0x00000001
core   0: 0x800039c2 (0x01871e13) slli    t3, a4, 24
core   0: 3 0x800039c2 (0x01871e13) x28 0xa4000000
core   0: 0x800039c6 (0x02c9d2b3) divu    t0, s3, a2
core   0: 3 0x800039c6 (0x02c9d2b3) x5  0x00000000
core   0: 0x800039ca (0xde0948b7) lui     a7, 0xde094
core   0: 3 0x800039ca (0xde0948b7) x17 0xde094000
core   0: 0x800039ce (0x03c3ceb3) div     t4, t2, t3
core   0: 3 0x800039ce (0x03c3ceb3) x29 0x00000000
core   0: 0x800039d2 (0x007d8ab3) add     s5, s11, t2
core   0: 3 0x800039d2 (0x007d8ab3) x21 0xfffff822
core   0: 0x800039d6 (0x000081ed) c.srli  a1, 27
core   0: 3 0x800039d6 (0x81ed) x11 0x00000000
core   0: 0x800039d8 (0x00000001) c.nop
core   0: 3 0x800039d8 (0x0001)
core   0: 0x800039da (0xe1d975b7) lui     a1, 0xe1d97
core   0: 3 0x800039da (0xe1d975b7) x11 0xe1d97000
core   0: 0x800039de (0x41e5da93) srai    s5, a1, 30
core   0: 3 0x800039de (0x41e5da93) x21 0xffffffff
core   0: 0x800039e2 (0x941d3a93) sltiu   s5, s10, -1727
core   0: 3 0x800039e2 (0x941d3a93) x21 0x00000001
core   0: 0x800039e6 (0x00cf9c13) slli    s8, t6, 12
core   0: 3 0x800039e6 (0x00cf9c13) x24 0x00000000
core   0: 0x800039ea (0x25c7ac93) slti    s9, a5, 604
core   0: 3 0x800039ea (0x25c7ac93) x25 0x00000000
core   0: 0x800039ee (0x000081ed) c.srli  a1, 27
core   0: 3 0x800039ee (0x81ed) x11 0x0000001c
core   0: 0x800039f0 (0x000013fd) c.addi  t2, -1
core   0: 3 0x800039f0 (0x13fd) x7  0xfffffbff
core   0: 0x800039f2 (0x0087e4b3) or      s1, a5, s0
core   0: 3 0x800039f2 (0x0087e4b3) x9  0x00ff7f51
core   0: 0x800039f6 (0x023f5933) divu    s2, t5, gp
core   0: 3 0x800039f6 (0x023f5933) x18 0x80025ea4
core   0: 0x800039fa (0x00008665) c.srai  a2, 25
core   0: 3 0x800039fa (0x8665) x12 0xffffffc6
core   0: 0x800039fc (0x01b5ef63) bltu    a1, s11, pc + 30
core   0: 3 0x800039fc (0x01b5ef63)
core   0: 0x80003a1a (0x00009936) c.add   s2, a3
core   0: 3 0x80003a1a (0x9936) x18 0x00054b1b
core   0: 0x80003a1c (0x00008f9d) c.sub   a5, a5
core   0: 3 0x80003a1c (0x8f9d) x15 0x00000000
core   0: 0x80003a1e (0x88053093) sltiu   ra, a0, -1920
core   0: 3 0x80003a1e (0x88053093) x1  0x00000001
core   0: 0x80003a22 (0x4083db33) sra     s6, t2, s0
core   0: 3 0x80003a22 (0x4083db33) x22 0xfffffbff
core   0: 0x80003a26 (0x58f9ed17) auipc   s10, 0x58f9e
core   0: 3 0x80003a26 (0x58f9ed17) x26 0xd8fa1a26
core   0: 0x80003a2a (0x032d0a33) mul     s4, s10, s2
core   0: 3 0x80003a2a (0x032d0a33) x20 0xaac7e402
core   0: 0x80003a2e (0x000068b5) c.lui   a7, 0xd
core   0: 3 0x80003a2e (0x68b5) x17 0x0000d000
core   0: 0x80003a30 (0x00008fa1) c.xor   a5, s0
core   0: 3 0x80003a30 (0x8fa1) x15 0x00000000
core   0: 0x80003a32 (0x00000001) c.nop
core   0: 3 0x80003a32 (0x0001)
core   0: 0x80003a34 (0x011222b3) slt     t0, tp, a7
core   0: 3 0x80003a34 (0x011222b3) x5  0x00000001
core   0: 0x80003a38 (0x000053fd) c.li    t2, -1
core   0: 3 0x80003a38 (0x53fd) x7  0xffffffff
core   0: 0x80003a3a (0x0269b3b3) mulhu   t2, s3, t1
core   0: 3 0x80003a3a (0x0269b3b3) x7  0x00000000
core   0: 0x80003a3e (0x032b03b3) mul     t2, s6, s2
core   0: 3 0x80003a3e (0x032b03b3) x7  0xeace48e5
core   0: 0x80003a42 (0x9f236193) ori     gp, t1, -1550
core   0: 3 0x80003a42 (0x9f236193) x3  0xfffff9f2
core   0: 0x80003a46 (0xe2743513) sltiu   a0, s0, -473
core   0: 3 0x80003a46 (0xe2743513) x10 0x00000001
core   0: 0x80003a4a (0x000b9963) bnez    s7, pc + 18
core   0: 3 0x80003a4a (0x000b9963)
core   0: 0x80003a5c (0x011c5fb3) srl     t6, s8, a7
core   0: 3 0x80003a5c (0x011c5fb3) x31 0x00000000
core   0: 0x80003a60 (0x02b8a2b3) mulhsu  t0, a7, a1
core   0: 3 0x80003a60 (0x02b8a2b3) x5  0x00000000
core   0: 0x80003a64 (0x00008d7d) c.and   a0, a5
core   0: 3 0x80003a64 (0x8d7d) x10 0x00000000
core   0: 0x80003a66 (0x025138b3) mulhu   a7, sp, t0
core   0: 3 0x80003a66 (0x025138b3) x17 0x00000000
core   0: 0x80003a6a (0x01e2dc33) srl     s8, t0, t5
core   0: 3 0x80003a6a (0x01e2dc33) x24 0x00000000
core   0: 0x80003a6e (0x09b96d63) bltu    s2, s11, pc + 154
core   0: 3 0x80003a6e (0x09b96d63)
core   0: 0x80003b08 (0x029f93b3) mulh    t2, t6, s1
core   0: 3 0x80003b08 (0x029f93b3) x7  0x00000000
core   0: 0x80003b0c (0x007df363) bgeu    s11, t2, pc + 6
core   0: 3 0x80003b0c (0x007df363)
core   0: 0x80003b12 (0x7efa4893) xori    a7, s4, 2031
core   0: 3 0x80003b12 (0x7efa4893) x17 0xaac7e3ed
core   0: 0x80003b16 (0x03bc2533) mulhsu  a0, s8, s11
core   0: 3 0x80003b16 (0x03bc2533) x10 0x00000000
core   0: 0x80003b1a (0x000093ca) c.add   t2, s2
core   0: 3 0x80003b1a (0x93ca) x7  0x00054b1b
core   0: 0x80003b1c (0x9e5a4b93) xori    s7, s4, -1563
core   0: 3 0x80003b1c (0x9e5a4b93) x23 0x55381de7
core   0: 0x80003b20 (0x01015913) srli    s2, sp, 16
core   0: 3 0x80003b20 (0x01015913) x18 0x00000000
core   0: 0x80003b24 (0x00004945) c.li    s2, 17
core   0: 3 0x80003b24 (0x4945) x18 0x00000011
core   0: 0x80003b26 (0x0171da63) bge     gp, s7, pc + 20
core   0: 3 0x80003b26 (0x0171da63)
core   0: 0x80003b2a (0x00967333) and     t1, a2, s1
core   0: 3 0x80003b2a (0x00967333) x6  0x00ff7f40
core   0: 0x80003b2e (0x00241563) bne     s0, sp, pc + 10
core   0: 3 0x80003b2e (0x00241563)
core   0: 0x80003b38 (0x00008c11) c.sub   s0, a2
core   0: 3 0x80003b38 (0x8c11) x8  0x0000003a
core   0: 0x80003b3a (0x2e6d0613) addi    a2, s10, 742
core   0: 3 0x80003b3a (0x2e6d0613) x12 0xd8fa1d0c
core   0: 0x80003b3e (0x0000868e) c.mv    a3, gp
core   0: 3 0x80003b3e (0x868e) x13 0xfffff9f2
core   0: 0x80003b40 (0x02c3c6b3) div     a3, t2, a2
core   0: 3 0x80003b40 (0x02c3c6b3) x13 0x00000000
core   0: 0x80003b44 (0x00009ed6) c.add   t4, s5
core   0: 3 0x80003b44 (0x9ed6) x29 0x00000001
core   0: 0x80003b46 (0x02716433) rem     s0, sp, t2
core   0: 3 0x80003b46 (0x02716433) x8  0x00000001
core   0: 0x80003b4a (0x00004575) c.li    a0, 29
core   0: 3 0x80003b4a (0x4575) x10 0x0000001d
core   0: 0x80003b4c (0x00ba4c33) xor     s8, s4, a1
core   0: 3 0x80003b4c (0x00ba4c33) x24 0xaac7e41e
core   0: 0x80003b50 (0x00000001) c.nop
core   0: 3 0x80003b50 (0x0001)
core   0: 0x80003b52 (0x00183c33) sltu    s8, a6, ra
core   0: 3 0x80003b52 (0x00183c33) x24 0x00000000
core   0: 0x80003b56 (0x00008c0d) c.sub   s0, a1
core   0: 3 0x80003b56 (0x8c0d) x8  0xffffffe5
core   0: 0x80003b58 (0x00000f90) c.addi4spn a2, sp, 976
core   0: 3 0x80003b58 (0x0f90) x12 0x000003d1
core   0: 0x80003b5a (0x00f4a733) slt     a4, s1, a5
core   0: 3 0x80003b5a (0x00f4a733) x14 0x00000000
core   0: 0x80003b5e (0x03e486b3) mul     a3, s1, t5
core   0: 3 0x80003b5e (0x03e486b3) x13 0xf30f4de4
core   0: 0x80003b62 (0x023cd0b3) divu    ra, s9, gp
core   0: 3 0x80003b62 (0x023cd0b3) x1  0x00000000
core   0: 0x80003b66 (0x00009b06) c.add   s6, ra
core   0: 3 0x80003b66 (0x9b06) x22 0xfffffbff
core   0: 0x80003b68 (0x00cae863) bltu    s5, a2, pc + 16
core   0: 3 0x80003b68 (0x00cae863)
core   0: 0x80003b78 (0x0000e211) c.bnez  a2, pc + 4
core   0: 3 0x80003b78 (0xe211)
core   0: 0x80003b7c (0x00000001) c.nop
core   0: 3 0x80003b7c (0x0001)
core   0: 0x80003b7e (0x00c6f1b3) and     gp, a3, a2
core   0: 3 0x80003b7e (0x00c6f1b3) x3  0x000001c0
core   0: 0x80003b82 (0x02348733) mul     a4, s1, gp
core   0: 3 0x80003b82 (0x02348733) x14 0xbf1ecdc0
core   0: 0x80003b86 (0x00009922) c.add   s2, s0
core   0: 3 0x80003b86 (0x9922) x18 0xfffffff6
core   0: 0x80003b88 (0x02464db3) div     s11, a2, tp
core   0: 3 0x80003b88 (0x02464db3) x27 0x000003d1
core   0: 0x80003b8c (0x00008cc5) c.or    s1, s1
core   0: 3 0x80003b8c (0x8cc5) x9  0x00ff7f51
core   0: 0x80003b8e (0x00001b94) c.addi4spn a3, sp, 496
core   0: 3 0x80003b8e (0x1b94) x13 0x000001f1
core   0: 0x80003b90 (0x02fdfe33) remu    t3, s11, a5
core   0: 3 0x80003b90 (0x02fdfe33) x28 0x000003d1
core   0: 0x80003b94 (0xdc826397) auipc   t2, 0xdc826
core   0: 3 0x80003b94 (0xdc826397) x7  0x5c829b94
core   0: 0x80003b98 (0x01c25f63) bge     tp, t3, pc + 30
core   0: 3 0x80003b98 (0x01c25f63)
core   0: 0x80003b9c (0x41e80bb3) sub     s7, a6, t5
core   0: 3 0x80003b9c (0x41e80bb3) x23 0xdb496322
core   0: 0x80003ba0 (0x7cde4e13) xori    t3, t3, 1997
core   0: 3 0x80003ba0 (0x7cde4e13) x28 0x0000041c
core   0: 0x80003ba4 (0x03c9e7b3) rem     a5, s3, t3
core   0: 3 0x80003ba4 (0x03c9e7b3) x15 0xfffffe38
core   0: 0x80003ba8 (0x0000e315) c.bnez  a4, pc + 36
core   0: 3 0x80003ba8 (0xe315)
core   0: 0x80003bcc (0x000099fd) c.andi  a1, -1
core   0: 3 0x80003bcc (0x99fd) x11 0x0000001c
core   0: 0x80003bce (0x01b1d663) bge     gp, s11, pc + 12
core   0: 3 0x80003bce (0x01b1d663)
core   0: 0x80003bd2 (0xb30ca513) slti    a0, s9, -1232
core   0: 3 0x80003bd2 (0xb30ca513) x10 0x00000000
core   0: 0x80003bd6 (0x419ad5b3) sra     a1, s5, s9
core   0: 3 0x80003bd6 (0x419ad5b3) x11 0x00000001
core   0: 0x80003bda (0x41445a13) srai    s4, s0, 20
core   0: 3 0x80003bda (0x41445a13) x20 0xffffffff
core   0: 0x80003bde (0x02edea63) bltu    s11, a4, pc + 52
core   0: 3 0x80003bde (0x02edea63)
core   0: 0x80003c12 (0x00000001) c.nop
core   0: 3 0x80003c12 (0x0001)
core   0: 0x80003c14 (0x00a2d113) srli    sp, t0, 10
core   0: 3 0x80003c14 (0x00a2d113) x2  0x00000000
core   0: 0x80003c18 (0x0000077a) c.slli  a4, 30
core   0: 3 0x80003c18 (0x077a) x14 0x00000000
core   0: 0x80003c1a (0x00008cb5) c.xor   s1, a3
core   0: 3 0x80003c1a (0x8cb5) x9  0x00ff7ea0
core   0: 0x80003c1c (0x03a8bfb3) mulhu   t6, a7, s10
core   0: 3 0x80003c1c (0x03a8bfb3) x31 0x90bf80f6
core   0: 0x80003c20 (0x00006bb1) c.lui   s7, 0xc
core   0: 3 0x80003c20 (0x6bb1) x23 0x0000c000
core   0: 0x80003c22 (0x0000ec11) c.bnez  s0, pc + 28
core   0: 3 0x80003c22 (0xec11)
core   0: 0x80003c3e (0x000064fd) c.lui   s1, 0x1f
core   0: 3 0x80003c3e (0x64fd) x9  0x0001f000
core   0: 0x80003c40 (0xbeb78193) addi    gp, a5, -1045
core   0: 3 0x80003c40 (0xbeb78193) x3  0xfffffa23
core   0: 0x80003c44 (0x084e4d93) xori    s11, t3, 132
core   0: 3 0x80003c44 (0x084e4d93) x27 0x00000498
core   0: 0x80003c48 (0x00006135) c.addi16sp sp, 352
core   0: 3 0x80003c48 (0x6135) x2  0x00000160
core   0: 0x80003c4a (0x000086b1) c.srai  a3, 12
core   0: 3 0x80003c4a (0x86b1) x13 0x00000000
core   0: 0x80003c4c (0x021ad3b3) divu    t2, s5, ra
core   0: 3 0x80003c4c (0x021ad3b3) x7  0xffffffff
core   0: 0x80003c50 (0x00734b63) blt     t1, t2, pc + 22
core   0: 3 0x80003c50 (0x00734b63)
core   0: 0x80003c54 (0x00008b8d) c.andi  a5, 3
core   0: 3 0x80003c54 (0x8b8d) x15 0x00000000
core   0: 0x80003c56 (0x004e46b3) xor     a3, t3, tp
core   0: 3 0x80003c56 (0x004e46b3) x13 0x0000041d
core   0: 0x80003c5a (0x41f1d5b3) sra     a1, gp, t6
core   0: 3 0x80003c5a (0x41f1d5b3) x11 0xffffffff
core   0: 0x80003c5e (0x000086a5) c.srai  a3, 9
core   0: 3 0x80003c5e (0x86a5) x13 0x00000002
core   0: 0x80003c60 (0x00008631) c.srai  a2, 12
core   0: 3 0x80003c60 (0x8631) x12 0x00000000
core   0: 0x80003c62 (0x40bc5693) srai    a3, s8, 11
core   0: 3 0x80003c62 (0x40bc5693) x13 0x00000000
core   0: 0x80003c66 (0x02312533) mulhsu  a0, sp, gp
core   0: 3 0x80003c66 (0x02312533) x10 0x0000015f
core   0: 0x80003c6a (0x0000c18d) c.beqz  a1, pc + 34
core   0: 3 0x80003c6a (0xc18d)
core   0: 0x80003c6c (0x00061733) sll     a4, a2, zero
core   0: 3 0x80003c6c (0x00061733) x14 0x00000000
core   0: 0x80003c70 (0xdd18c193) xori    gp, a7, -559
core   0: 3 0x80003c70 (0xdd18c193) x3  0x55381e3c
core   0: 0x80003c74 (0x034bab33) mulhsu  s6, s7, s4
core   0: 3 0x80003c74 (0x034bab33) x22 0x0000bfff
core   0: 0x80003c78 (0x00008c95) c.sub   s1, a3
core   0: 3 0x80003c78 (0x8c95) x9  0x0001f000
core   0: 0x80003c7a (0x00008d31) c.xor   a0, a2
core   0: 3 0x80003c7a (0x8d31) x10 0x0000015f
core   0: 0x80003c7c (0x00e04d63) blt     zero, a4, pc + 26
core   0: 3 0x80003c7c (0x00e04d63)
core   0: 0x80003c80 (0x00008d7d) c.and   a0, a5
core   0: 3 0x80003c80 (0x8d7d) x10 0x00000000
core   0: 0x80003c82 (0x00008e0e) c.mv    t3, gp
core   0: 3 0x80003c82 (0x8e0e) x28 0x55381e3c
core   0: 0x80003c84 (0x00008fb1) c.xor   a5, a2
core   0: 3 0x80003c84 (0x8fb1) x15 0x00000000
core   0: 0x80003c86 (0x027ff863) bgeu    t6, t2, pc + 48
core   0: 3 0x80003c86 (0x027ff863)
core   0: 0x80003c8a (0x00009e22) c.add   t3, s0
core   0: 3 0x80003c8a (0x9e22) x28 0x55381e21
core   0: 0x80003c8c (0x00005dfd) c.li    s11, -1
core   0: 3 0x80003c8c (0x5dfd) x27 0xffffffff
core   0: 0x80003c8e (0x00001afd) c.addi  s5, -1
core   0: 3 0x80003c8e (0x1afd) x21 0x00000000
core   0: 0x80003c90 (0x00009316) c.add   t1, t0
core   0: 3 0x80003c90 (0x9316) x6  0x00ff7f40
core   0: 0x80003c92 (0x03b25b33) divu    s6, tp, s11
core   0: 3 0x80003c92 (0x03b25b33) x22 0x00000000
core   0: 0x80003c96 (0x00000001) c.nop
core   0: 3 0x80003c96 (0x0001)
core   0: 0x80003c98 (0x00008b9a) c.mv    s7, t1
core   0: 3 0x80003c98 (0x8b9a) x23 0x00ff7f40
core   0: 0x80003c9a (0x00000001) c.nop
core   0: 3 0x80003c9a (0x0001)
core   0: 0x80003c9c (0x402c5333) sra     t1, s8, sp
core   0: 3 0x80003c9c (0x402c5333) x6  0x00000000
core   0: 0x80003ca0 (0x00409413) slli    s0, ra, 4
core   0: 3 0x80003ca0 (0x00409413) x8  0x00000000
core   0: 0x80003ca4 (0x00000b1a) c.slli  s6, 6
core   0: 3 0x80003ca4 (0x0b1a) x22 0x00000000
core   0: 0x80003ca6 (0x004f91b3) sll     gp, t6, tp
core   0: 3 0x80003ca6 (0x004f91b3) x3  0x217f01ec
core   0: 0x80003caa (0x00000001) c.nop
core   0: 3 0x80003caa (0x0001)
core   0: 0x80003cac (0x40990eb3) sub     t4, s2, s1
core   0: 3 0x80003cac (0x40990eb3) x29 0xfffe0ff6
core   0: 0x80003cb0 (0x026e4ab3) div     s5, t3, t1
core   0: 3 0x80003cb0 (0x026e4ab3) x21 0xffffffff
core   0: 0x80003cb4 (0x00000001) c.nop
core   0: 3 0x80003cb4 (0x0001)
core   0: 0x80003cb6 (0x03441533) mulh    a0, s0, s4
core   0: 3 0x80003cb6 (0x03441533) x10 0x00000000
core   0: 0x80003cba (0x01bc7533) and     a0, s8, s11
core   0: 3 0x80003cba (0x01bc7533) x10 0x00000000
core   0: 0x80003cbe (0x00a46463) bltu    s0, a0, pc + 8
core   0: 3 0x80003cbe (0x00a46463)
core   0: 0x80003cc2 (0x017ff533) and     a0, t6, s7
core   0: 3 0x80003cc2 (0x017ff533) x10 0x00bf0040
core   0: 0x80003cc6 (0x40940cb3) sub     s9, s0, s1
core   0: 3 0x80003cc6 (0x40940cb3) x25 0xfffe1000
core   0: 0x80003cca (0x00008129) c.srli  a0, 10
core   0: 3 0x80003cca (0x8129) x10 0x00002fc0
core   0: 0x80003ccc (0xe99a4d13) xori    s10, s4, -359
core   0: 3 0x80003ccc (0xe99a4d13) x26 0x00000166
core   0: 0x80003cd0 (0x03f4a933) mulhsu  s2, s1, t6
core   0: 3 0x80003cd0 (0x03f4a933) x18 0x00011873
core   0: 0x80003cd4 (0x012e5fb3) srl     t6, t3, s2
core   0: 3 0x80003cd4 (0x012e5fb3) x31 0x00000aa7
core   0: 0x80003cd8 (0x03151c33) mulh    s8, a0, a7
core   0: 3 0x80003cd8 (0x03151c33) x24 0xfffff01a
core   0: 0x80003cdc (0x00008099) c.srli  s1, 6
core   0: 3 0x80003cdc (0x8099) x9  0x000007c0
core   0: 0x80003cde (0x030b8797) auipc   a5, 0x30b8
core   0: 3 0x80003cde (0x030b8797) x15 0x830bbcde
core   0: 0x80003ce2 (0x00a9d593) srli    a1, s3, 10
core   0: 3 0x80003ce2 (0x00a9d593) x11 0x002000a7
core   0: 0x80003ce6 (0x00a79913) slli    s2, a5, 10
core   0: 3 0x80003ce6 (0x00a79913) x18 0x2ef37800
core   0: 0x80003cea (0x68953937) lui     s2, 0x68953
core   0: 3 0x80003cea (0x68953937) x18 0x68953000
core   0: 0x80003cee (0x03db5163) bge     s6, t4, pc + 34
core   0: 3 0x80003cee (0x03db5163)
core   0: 0x80003d10 (0x0041e963) bltu    gp, tp, pc + 18
core   0: 3 0x80003d10 (0x0041e963)
core   0: 0x80003d14 (0x01cb5933) srl     s2, s6, t3
core   0: 3 0x80003d14 (0x01cb5933) x18 0x00000000
core   0: 0x80003d18 (0x00008671) c.srai  a2, 28
core   0: 3 0x80003d18 (0x8671) x12 0x00000000
core   0: 0x80003d1a (0x00f268b3) or      a7, tp, a5
core   0: 3 0x80003d1a (0x00f268b3) x17 0x830bbcdf
core   0: 0x80003d1e (0x032db933) mulhu   s2, s11, s2
core   0: 3 0x80003d1e (0x032db933) x18 0x00000000
core   0: 0x80003d22 (0x00001698) c.addi4spn a4, sp, 864
core   0: 3 0x80003d22 (0x1698) x14 0x000004c0
core   0: 0x80003d24 (0x00bdeeb3) or      t4, s11, a1
core   0: 3 0x80003d24 (0x00bdeeb3) x29 0xffffffff
core   0: 0x80003d28 (0x03845d63) bge     s0, s8, pc + 58
core   0: 3 0x80003d28 (0x03845d63)
core   0: 0x80003d62 (0x40c803b3) sub     t2, a6, a2
core   0: 3 0x80003d62 (0x40c803b3) x7  0x5b4bc1c6
core   0: 0x80003d66 (0x0000997d) c.andi  a0, -1
core   0: 3 0x80003d66 (0x997d) x10 0x00002fc0
core   0: 0x80003d68 (0x000015fd) c.addi  a1, -1
core   0: 3 0x80003d68 (0x15fd) x11 0x002000a6
core   0: 0x80003d6a (0x00fb4863) blt     s6, a5, pc + 16
core   0: 3 0x80003d6a (0x00fb4863)
core   0: 0x80003d6e (0x40cb5013) srai    zero, s6, 12
core   0: 3 0x80003d6e (0x40cb5013)
core   0: 0x80003d72 (0x03a33b33) mulhu   s6, t1, s10
core   0: 3 0x80003d72 (0x03a33b33) x22 0x00000000
core   0: 0x80003d76 (0xca64a293) slti    t0, s1, -858
core   0: 3 0x80003d76 (0xca64a293) x5  0x00000000
core   0: 0x80003d7a (0x40090633) sub     a2, s2, zero
core   0: 3 0x80003d7a (0x40090633) x12 0x00000000
core   0: 0x80003d7e (0x03603433) mulhu   s0, zero, s6
core   0: 3 0x80003d7e (0x03603433) x8  0x00000000
core   0: 0x80003d82 (0x00001d98) c.addi4spn a4, sp, 752
core   0: 3 0x80003d82 (0x1d98) x14 0x00000450
core   0: 0x80003d84 (0xbd128db7) lui     s11, 0xbd128
core   0: 3 0x80003d84 (0xbd128db7) x27 0xbd128000
core   0: 0x80003d88 (0x00009f9e) c.add   t6, t2
core   0: 3 0x80003d88 (0x9f9e) x31 0x5b4bcc6d
core   0: 0x80003d8a (0x00a80a63) beq     a6, a0, pc + 20
core   0: 3 0x80003d8a (0x00a80a63)
core   0: 0x80003d8e (0x000bf463) bgeu    s7, zero, pc + 8
core   0: 3 0x80003d8e (0x000bf463)
core   0: 0x80003d96 (0x9f1fdc17) auipc   s8, 0x9f1fd
core   0: 3 0x80003d96 (0x9f1fdc17) x24 0x1f200d96
core   0: 0x80003d9a (0x00008cf9) c.and   s1, a4
core   0: 3 0x80003d9a (0x8cf9) x9  0x00000440
core   0: 0x80003d9c (0x0000cb99) c.beqz  a5, pc + 22
core   0: 3 0x80003d9c (0xcb99)
core   0: 0x80003d9e (0x03bb4b63) blt     s6, s11, pc + 54
core   0: 3 0x80003d9e (0x03bb4b63)
core   0: 0x80003da2 (0x0000ea85) c.bnez  a3, pc + 48
core   0: 3 0x80003da2 (0xea85)
core   0: 0x80003da4 (0x02370563) beq     a4, gp, pc + 42
core   0: 3 0x80003da4 (0x02370563)
core   0: 0x80003da8 (0x00008962) c.mv    s2, s8
core   0: 3 0x80003da8 (0x8962) x18 0x1f200d96
core   0: 0x80003daa (0x038d1163) bne     s10, s8, pc + 34
core   0: 3 0x80003daa (0x038d1163)
core   0: 0x80003dcc (0x00009d86) c.add   s11, ra
core   0: 3 0x80003dcc (0x9d86) x27 0xbd128000
core   0: 0x80003dce (0x00008fb1) c.xor   a5, a2
core   0: 3 0x80003dce (0x8fb1) x15 0x830bbcde
core   0: 0x80003dd0 (0x0000e401) c.bnez  s0, pc + 8
core   0: 3 0x80003dd0 (0xe401)
core   0: 0x80003dd2 (0x00009a7d) c.andi  a2, -1
core   0: 3 0x80003dd2 (0x9a7d) x12 0x00000000
core   0: 0x80003dd4 (0x00ec1c33) sll     s8, s8, a4
core   0: 3 0x80003dd4 (0x00ec1c33) x24 0x0d960000
core   0: 0x80003dd8 (0x096e6893) ori     a7, t3, 150
core   0: 3 0x80003dd8 (0x096e6893) x17 0x55381eb7
core   0: 0x80003ddc (0x007a7b63) bgeu    s4, t2, pc + 22
core   0: 3 0x80003ddc (0x007a7b63)
core   0: 0x80003df2 (0x40335493) srai    s1, t1, 3
core   0: 3 0x80003df2 (0x40335493) x9  0x00000000
core   0: 0x80003df6 (0x3c939d17) auipc   s10, 0x3c939
core   0: 3 0x80003df6 (0x3c939d17) x26 0xbc93cdf6
core   0: 0x80003dfa (0x8c6b9f97) auipc   t6, 0x8c6b9
core   0: 3 0x80003dfa (0x8c6b9f97) x31 0x0c6bcdfa
core   0: 0x80003dfe (0x0000c68d) c.beqz  a3, pc + 42
core   0: 3 0x80003dfe (0xc68d)
core   0: 0x80003e28 (0x0000c38d) c.beqz  a5, pc + 34
core   0: 3 0x80003e28 (0xc38d)
core   0: 0x80003e2a (0x00000001) c.nop
core   0: 3 0x80003e2a (0x0001)
core   0: 0x80003e2c (0x12bbbd93) sltiu   s11, s7, 299
core   0: 3 0x80003e2c (0x12bbbd93) x27 0x00000000
core   0: 0x80003e30 (0x01317db3) and     s11, sp, s3
core   0: 3 0x80003e30 (0x01317db3) x27 0x00000120
core   0: 0x80003e34 (0x03306db3) rem     s11, zero, s3
core   0: 3 0x80003e34 (0x03306db3) x27 0x00000000
core   0: 0x80003e38 (0x00000001) c.nop
core   0: 3 0x80003e38 (0x0001)
core   0: 0x80003e3a (0x01fc2b33) slt     s6, s8, t6
core   0: 3 0x80003e3a (0x01fc2b33) x22 0x00000000
core   0: 0x80003e3e (0x00218663) beq     gp, sp, pc + 12
core   0: 3 0x80003e3e (0x00218663)
core   0: 0x80003e42 (0x40190933) sub     s2, s2, ra
core   0: 3 0x80003e42 (0x40190933) x18 0x1f200d96
core   0: 0x80003e46 (0xf30c4d13) xori    s10, s8, -208
core   0: 3 0x80003e46 (0xf30c4d13) x26 0xf269ff30
core   0: 0x80003e4a (0x03e1d033) divu    zero, gp, t5
core   0: 3 0x80003e4a (0x03e1d033)
core   0: 0x80003e4e (0x02e5f963) bgeu    a1, a4, pc + 50
core   0: 3 0x80003e4e (0x02e5f963)
core   0: 0x80003e80 (0x000096ea) c.add   a3, s10
core   0: 3 0x80003e80 (0x96ea) x13 0xf269ff30
core   0: 0x80003e82 (0x41ad0fb3) sub     t6, s10, s10
core   0: 3 0x80003e82 (0x41ad0fb3) x31 0x00000000
core   0: 0x80003e86 (0x07cee893) ori     a7, t4, 124
core   0: 3 0x80003e86 (0x07cee893) x17 0xffffffff
core   0: 0x80003e8a (0x00000001) c.nop
core   0: 3 0x80003e8a (0x0001)
core   0: 0x80003e8c (0xaafbf213) andi    tp, s7, -1361
core   0: 3 0x80003e8c (0xaafbf213) x4  0x00ff7a00
core   0: 0x80003e90 (0xb658f193) andi    gp, a7, -1179
core   0: 3 0x80003e90 (0xb658f193) x3  0xfffffb65
core   0: 0x80003e94 (0x019b0233) add     tp, s6, s9
core   0: 3 0x80003e94 (0x019b0233) x4  0xfffe1000
core   0: 0x80003e98 (0x03ce9cb3) mulh    s9, t4, t3
core   0: 3 0x80003e98 (0x03ce9cb3) x25 0xffffffff
core   0: 0x80003e9c (0x00f74333) xor     t1, a4, a5
core   0: 3 0x80003e9c (0x00f74333) x6  0x830bb88e
core   0: 0x80003ea0 (0x0121e4b3) or      s1, gp, s2
core   0: 3 0x80003ea0 (0x0121e4b3) x9  0xfffffff7
core   0: 0x80003ea4 (0x5808b093) sltiu   ra, a7, 1408
core   0: 3 0x80003ea4 (0x5808b093) x1  0x00000000
core   0: 0x80003ea8 (0xe5752d13) slti    s10, a0, -425
core   0: 3 0x80003ea8 (0xe5752d13) x26 0x00000000
core   0: 0x80003eac (0x0000717d) c.addi16sp sp, -16
core   0: 3 0x80003eac (0x717d) x2  0x00000150
core   0: 0x80003eae (0x417dd213) srai    tp, s11, 23
core   0: 3 0x80003eae (0x417dd213) x4  0x00000000
core   0: 0x80003eb2 (0x00008e79) c.and   a2, a4
core   0: 3 0x80003eb2 (0x8e79) x12 0x00000000
core   0: 0x80003eb4 (0x0306e063) bltu    a3, a6, pc + 32
core   0: 3 0x80003eb4 (0x0306e063)
core   0: 0x80003eb8 (0x028c1d63) bne     s8, s0, pc + 58
core   0: 3 0x80003eb8 (0x028c1d63)
core   0: 0x80003ef2 (0x01f4eab3) or      s5, s1, t6
core   0: 3 0x80003ef2 (0x01f4eab3) x21 0xfffffff7
core   0: 0x80003ef6 (0x00006149) c.addi16sp sp, 144
core   0: 3 0x80003ef6 (0x6149) x2  0x000001e0
core   0: 0x80003ef8 (0x024e4563) blt     t3, tp, pc + 42
core   0: 3 0x80003ef8 (0x024e4563)
core   0: 0x80003efc (0x00a78eb3) add     t4, a5, a0
core   0: 3 0x80003efc (0x00a78eb3) x29 0x830bec9e
core   0: 0x80003f00 (0x03300c63) beq     zero, s3, pc + 56
core   0: 3 0x80003f00 (0x03300c63)
core   0: 0x80003f04 (0x5a6f2e13) slti    t3, t5, 1446
core   0: 3 0x80003f04 (0x5a6f2e13) x28 0x00000001
core   0: 0x80003f08 (0x8c88ed93) ori     s11, a7, -1848
core   0: 3 0x80003f08 (0x8c88ed93) x27 0xffffffff
core   0: 0x80003f0c (0x5c95f417) auipc   s0, 0x5c95f
core   0: 3 0x80003f0c (0x5c95f417) x8  0xdc962f0c
core   0: 0x80003f10 (0x00008d71) c.and   a0, a2
core   0: 3 0x80003f10 (0x8d71) x10 0x00000000
core   0: 0x80003f12 (0x0000e811) c.bnez  s0, pc + 20
core   0: 3 0x80003f12 (0xe811)
core   0: 0x80003f26 (0x0371db63) bge     gp, s7, pc + 54
core   0: 3 0x80003f26 (0x0371db63)
core   0: 0x80003f2a (0x0000c911) c.beqz  a0, pc + 20
core   0: 3 0x80003f2a (0xc911)
core   0: 0x80003f3e (0x03707033) remu    zero, zero, s7
core   0: 3 0x80003f3e (0x03707033)
core   0: 0x80003f42 (0x013bd663) bge     s7, s3, pc + 12
core   0: 3 0x80003f42 (0x013bd663)
core   0: 0x80003f4e (0x000056fd) c.li    a3, -1
core   0: 3 0x80003f4e (0x56fd) x13 0xffffffff
core   0: 0x80003f50 (0x0211b733) mulhu   a4, gp, ra
core   0: 3 0x80003f50 (0x0211b733) x14 0x00000000
core   0: 0x80003f54 (0x4a97f893) andi    a7, a5, 1193
core   0: 3 0x80003f54 (0x4a97f893) x17 0x00000488
core   0: 0x80003f58 (0x0000717d) c.addi16sp sp, -16
core   0: 3 0x80003f58 (0x717d) x2  0x000001d0
core   0: 0x80003f5a (0x00000001) c.nop
core   0: 3 0x80003f5a (0x0001)
core   0: 0x80003f5c (0x02fc9433) mulh    s0, s9, a5
core   0: 3 0x80003f5c (0x02fc9433) x8  0x00000000
core   0: 0x80003f60 (0x94ba0493) addi    s1, s4, -1717
core   0: 3 0x80003f60 (0x94ba0493) x9  0xfffff94a
core   0: 0x80003f64 (0x21778d93) addi    s11, a5, 535
core   0: 3 0x80003f64 (0x21778d93) x27 0x830bbef5
core   0: 0x80003f68 (0x0023a233) slt     tp, t2, sp
core   0: 3 0x80003f68 (0x0023a233) x4  0x00000000
core   0: 0x80003f6c (0x01dae033) or      zero, s5, t4
core   0: 3 0x80003f6c (0x01dae033)
core   0: 0x80003f70 (0x0000099c) c.addi4spn a5, sp, 208
core   0: 3 0x80003f70 (0x099c) x15 0x000002a0
core   0: 0x80003f72 (0x007edd63) bge     t4, t2, pc + 26
core   0: 3 0x80003f72 (0x007edd63)
core   0: 0x80003f76 (0x834bf493) andi    s1, s7, -1996
core   0: 3 0x80003f76 (0x834bf493) x9  0x00ff7800
core   0: 0x80003f7a (0x00005cfd) c.li    s9, -1
core   0: 3 0x80003f7a (0x5cfd) x25 0xffffffff
core   0: 0x80003f7c (0x0000921e) c.add   tp, t2
core   0: 3 0x80003f7c (0x921e) x4  0x5b4bc1c6
core   0: 0x80003f7e (0x0000717d) c.addi16sp sp, -16
core   0: 3 0x80003f7e (0x717d) x2  0x000001c0
core   0: 0x80003f80 (0x00008f45) c.or    a4, s1
core   0: 3 0x80003f80 (0x8f45) x14 0x00ff7800
core   0: 0x80003f82 (0x0175dbb3) srl     s7, a1, s7
core   0: 3 0x80003f82 (0x0175dbb3) x23 0x002000a6
core   0: 0x80003f86 (0x02429333) mulh    t1, t0, tp
core   0: 3 0x80003f86 (0x02429333) x6  0x00000000
core   0: 0x80003f8a (0x00004c45) c.li    s8, 17
core   0: 3 0x80003f8a (0x4c45) x24 0x00000011
core   0: 0x80003f8c (0x2bb9b317) auipc   t1, 0x2bb9b
core   0: 3 0x80003f8c (0x2bb9b317) x6  0xabb9ef8c
core   0: 0x80003f90 (0x003b4cb3) xor     s9, s6, gp
core   0: 3 0x80003f90 (0x003b4cb3) x25 0xfffffb65
core   0: 0x80003f94 (0x000050fd) c.li    ra, -1
core   0: 3 0x80003f94 (0x50fd) x1  0xffffffff
core   0: 0x80003f96 (0x00000001) c.nop
core   0: 3 0x80003f96 (0x0001)
core   0: 0x80003f98 (0x4170d333) sra     t1, ra, s7
core   0: 3 0x80003f98 (0x4170d333) x6  0xffffffff
core   0: 0x80003f9c (0x029ae5b3) rem     a1, s5, s1
core   0: 3 0x80003f9c (0x029ae5b3) x11 0xfffffff7
core   0: 0x80003fa0 (0x00e63533) sltu    a0, a2, a4
core   0: 3 0x80003fa0 (0x00e63533) x10 0x00000001
core   0: 0x80003fa4 (0x02b745b3) div     a1, a4, a1
core   0: 3 0x80003fa4 (0x02b745b3) x11 0xffe39d56
core   0: 0x80003fa8 (0x00abdd13) srli    s10, s7, 10
core   0: 3 0x80003fa8 (0x00abdd13) x26 0x00000800
core   0: 0x80003fac (0x0000ea91) c.bnez  a3, pc + 20
core   0: 3 0x80003fac (0xea91)
core   0: 0x80003fc0 (0x0c8ea613) slti    a2, t4, 200
core   0: 3 0x80003fc0 (0x0c8ea613) x12 0x00000001
core   0: 0x80003fc4 (0x000067ad) c.lui   a5, 0xb
core   0: 3 0x80003fc4 (0x67ad) x15 0x0000b000
core   0: 0x80003fc6 (0x00411933) sll     s2, sp, tp
core   0: 3 0x80003fc6 (0x00411933) x18 0x00007000
core   0: 0x80003fca (0x00008e16) c.mv    t3, t0
core   0: 3 0x80003fca (0x8e16) x28 0x00000000
core   0: 0x80003fcc (0x0000567d) c.li    a2, -1
core   0: 3 0x80003fcc (0x567d) x12 0xffffffff
core   0: 0x80003fce (0xa2b43c93) sltiu   s9, s0, -1493
core   0: 3 0x80003fce (0xa2b43c93) x25 0x00000001
core   0: 0x80003fd2 (0x56b92913) slti    s2, s2, 1387
core   0: 3 0x80003fd2 (0x56b92913) x18 0x00000000
core   0: 0x80003fd6 (0x03b65333) divu    t1, a2, s11
core   0: 3 0x80003fd6 (0x03b65333) x6  0x00000001
core   0: 0x80003fda (0x03f454b3) divu    s1, s0, t6
core   0: 3 0x80003fda (0x03f454b3) x9  0xffffffff
core   0: 0x80003fde (0x40665db3) sra     s11, a2, t1
core   0: 3 0x80003fde (0x40665db3) x27 0xffffffff
core   0: 0x80003fe2 (0x00003e97) auipc   t4, 0x3
core   0: 3 0x80003fe2 (0x00003e97) x29 0x80006fe2
core   0: 0x80003fe6 (0x72ae8e93) addi    t4, t4, 1834
core   0: 3 0x80003fe6 (0x72ae8e93) x29 0x8000770c
core   0: 0x80003fea (0x00008711) c.srai  a4, 4
core   0: 3 0x80003fea (0x8711) x14 0x000ff780
core   0: 0x80003fec (0x2a2e8e93) addi    t4, t4, 674
core   0: 3 0x80003fec (0x2a2e8e93) x29 0x800079ae
core   0: 0x80003ff0 (0x54bd1617) auipc   a2, 0x54bd1
core   0: 3 0x80003ff0 (0x54bd1617) x12 0xd4bd4ff0
core   0: 0x80003ff4 (0x003e8463) beq     t4, gp, pc + 8
core   0: 3 0x80003ff4 (0x003e8463)
core   0: 0x80003ff8 (0x410b5733) sra     a4, s6, a6
core   0: 3 0x80003ff8 (0x410b5733) x14 0x00000000
core   0: 0x80003ffc (0xd5ee8367) jalr    t1, t4, -674
core   0: 3 0x80003ffc (0xd5ee8367) x6  0x80004000
core   0: 0x8000770c (0x00a85133) srl     sp, a6, a0
core   0: 3 0x8000770c (0x00a85133) x2  0x2da5e0e3
core   0: 0x80007710 (0xfccf0f13) addi    t5, t5, -52
core   0: 3 0x80007710 (0xfccf0f13) x30 0x80025e70
core   0: 0x80007714 (0x006f2223) sw      t1, 4(t5)
core   0: 3 0x80007714 (0x006f2223) mem 0x80025e74 0x80004000
core   0: 0x80007718 (0x00008ea1) c.xor   a3, s0
core   0: 3 0x80007718 (0x8ea1) x13 0xffffffff
core   0: 0x8000771a (0x40ce5733) sra     a4, t3, a2
core   0: 3 0x8000771a (0x40ce5733) x14 0x00000000
core   0: 0x8000771e (0x008a3ab3) sltu    s5, s4, s0
core   0: 3 0x8000771e (0x008a3ab3) x21 0x00000000
core   0: 0x80007722 (0x03a09a33) mulh    s4, ra, s10
core   0: 3 0x80007722 (0x03a09a33) x20 0xffffffff
core   0: 0x80007726 (0x00003717) auipc   a4, 0x3
core   0: 3 0x80007726 (0x00003717) x14 0x8000a726
core   0: 0x8000772a (0xa3270713) addi    a4, a4, -1486
core   0: 3 0x8000772a (0xa3270713) x14 0x8000a158
core   0: 0x8000772e (0xf4e70713) addi    a4, a4, -178
core   0: 3 0x8000772e (0xf4e70713) x14 0x8000a0a6
core   0: 0x80007732 (0xdec87413) andi    s0, a6, -532
core   0: 3 0x80007732 (0xdec87413) x8  0x5b4bc1c4
core   0: 0x80007736 (0x0000717d) c.addi16sp sp, -16
core   0: 3 0x80007736 (0x717d) x2  0x2da5e0d3
core   0: 0x80007738 (0x035a7133) remu    sp, s4, s5
core   0: 3 0x80007738 (0x035a7133) x2  0xffffffff
core   0: 0x8000773c (0x00000001) c.nop
core   0: 3 0x8000773c (0x0001)
core   0: 0x8000773e (0x0183da33) srl     s4, t2, s8
core   0: 3 0x8000773e (0x0183da33) x20 0x00002da5
core   0: 0x80007742 (0x0b270367) jalr    t1, a4, 178
core   0: 3 0x80007742 (0x0b270367) x6  0x80007746
core   0: 0x8000a158 (0x00001f31) c.addi  t5, -20
core   0: 3 0x8000a158 (0x1f31) x30 0x80025e5c
core   0: 0x8000a15a (0x00000001) c.nop
core   0: 3 0x8000a15a (0x0001)
core   0: 0x8000a15c (0x02ba5bb3) divu    s7, s4, a1
core   0: 3 0x8000a15c (0x02ba5bb3) x23 0x00000000
core   0: 0x8000a160 (0x014050b3) srl     ra, zero, s4
core   0: 3 0x8000a160 (0x014050b3) x1  0x00000000
core   0: 0x8000a164 (0x031d1733) mulh    a4, s10, a7
core   0: 3 0x8000a164 (0x031d1733) x14 0x00000000
core   0: 0x8000a168 (0x006f2223) sw      t1, 4(t5)
core   0: 3 0x8000a168 (0x006f2223) mem 0x80025e60 0x80007746
core   0: 0x8000a16c (0x406386b3) sub     a3, t2, t1
core   0: 3 0x8000a16c (0x406386b3) x13 0xdb4b4a80
core   0: 0x8000a170 (0xff6e2493) slti    s1, t3, -10
core   0: 3 0x8000a170 (0xff6e2493) x9  0x00000000
core   0: 0x8000a174 (0x00008dc9) c.or    a1, a0
core   0: 3 0x8000a174 (0x8dc9) x11 0xffe39d57
core   0: 0x8000a176 (0xffffda17) auipc   s4, 0xffffd
core   0: 3 0x8000a176 (0xffffda17) x20 0x80007176
core   0: 0x8000a17a (0x618a0a13) addi    s4, s4, 1560
core   0: 3 0x8000a17a (0x618a0a13) x20 0x8000778e
core   0: 0x8000a17e (0x0d22fe13) andi    t3, t0, 210
core   0: 3 0x8000a17e (0x0d22fe13) x28 0x00000000
core   0: 0x8000a182 (0x021adc33) divu    s8, s5, ra
core   0: 3 0x8000a182 (0x021adc33) x24 0xffffffff
core   0: 0x8000a186 (0x48a72313) slti    t1, a4, 1162
core   0: 3 0x8000a186 (0x48a72313) x6  0x00000001
core   0: 0x8000a18a (0x311a0a13) addi    s4, s4, 785
core   0: 3 0x8000a18a (0x311a0a13) x20 0x80007a9f
core   0: 0x8000a18e (0x00008cbd) c.xor   s1, a5
core   0: 3 0x8000a18e (0x8cbd) x9  0x0000b000
core   0: 0x8000a190 (0x00008dfd) c.and   a1, a5
core   0: 3 0x8000a190 (0x8dfd) x11 0x00009000
core   0: 0x8000a192 (0x01df6463) bltu    t5, t4, pc + 8
core   0: 3 0x8000a192 (0x01df6463)
core   0: 0x8000a196 (0xbccb4e13) xori    t3, s6, -1076
core   0: 3 0x8000a196 (0xbccb4e13) x28 0xfffffbcc
core   0: 0x8000a19a (0xcefa0367) jalr    t1, s4, -785
core   0: 3 0x8000a19a (0xcefa0367) x6  0x8000a19e
core   0: 0x8000778e (0x00008d7e) c.mv    s10, t6
core   0: 3 0x8000778e (0x8d7e) x26 0x00000000
core   0: 0x80007790 (0x02872233) mulhsu  tp, a4, s0
core   0: 3 0x80007790 (0x02872233) x4  0x00000000
core   0: 0x80007794 (0x00000a04) c.addi4spn s1, sp, 272
core   0: 3 0x80007794 (0x0a04) x9  0x0000010f
core   0: 0x80007796 (0x41570633) sub     a2, a4, s5
core   0: 3 0x80007796 (0x41570633) x12 0x00000000
core   0: 0x8000779a (0xaeae7513) andi    a0, t3, -1302
core   0: 3 0x8000779a (0xaeae7513) x10 0xfffffac8
core   0: 0x8000779e (0x006778b3) and     a7, a4, t1
core   0: 3 0x8000779e (0x006778b3) x17 0x00000000
core   0: 0x800077a2 (0xfd8f0f13) addi    t5, t5, -40
core   0: 3 0x800077a2 (0xfd8f0f13) x30 0x80025e34
core   0: 0x800077a6 (0x41aa5233) sra     tp, s4, s10
core   0: 3 0x800077a6 (0x41aa5233) x4  0x80007a9f
core   0: 0x800077aa (0x006f2223) sw      t1, 4(t5)
core   0: 3 0x800077aa (0x006f2223) mem 0x80025e38 0x8000a19e
core   0: 0x800077ae (0x0000966a) c.add   a2, s10
core   0: 3 0x800077ae (0x966a) x12 0x00000000
core   0: 0x800077b0 (0x028de5b3) rem     a1, s11, s0
core   0: 3 0x800077b0 (0x028de5b3) x11 0xffffffff
core   0: 0x800077b4 (0x9a00a897) auipc   a7, 0x9a00a
core   0: 3 0x800077b4 (0x9a00a897) x17 0x1a0117b4
core   0: 0x800077b8 (0x03bdec33) rem     s8, s11, s11
core   0: 3 0x800077b8 (0x03bdec33) x24 0x00000000
core   0: 0x800077bc (0xf1299717) auipc   a4, 0xf1299
core   0: 3 0x800077bc (0xf1299717) x14 0x712a07bc
core   0: 0x800077c0 (0x01f7fa33) and     s4, a5, t6
core   0: 3 0x800077c0 (0x01f7fa33) x20 0x00000000
core   0: 0x800077c4 (0x000067fd) c.lui   a5, 0x1f
core   0: 3 0x800077c4 (0x67fd) x15 0x0001f000
core   0: 0x800077c6 (0x02a98eb3) mul     t4, s3, a0
core   0: 3 0x800077c6 (0x02a98eb3) x29 0xf25bec20
core   0: 0x800077ca (0x7f00236f) jal     t1, pc + 0x27f0
core   0: 3 0x800077ca (0x7f00236f) x6  0x800077ce
core   0: 0x80009fba (0x00000001) c.nop
core   0: 3 0x80009fba (0x0001)
core   0: 0x80009fbc (0x01b1f363) bgeu    gp, s11, pc + 6
core   0: 3 0x80009fbc (0x01b1f363)
core   0: 0x80009fc0 (0x000099fd) c.andi  a1, -1
core   0: 3 0x80009fc0 (0x99fd) x11 0xffffffff
core   0: 0x80009fc2 (0x00001f61) c.addi  t5, -8
core   0: 3 0x80009fc2 (0x1f61) x30 0x80025e2c
core   0: 0x80009fc4 (0x00038d33) add     s10, t2, zero
core   0: 3 0x80009fc4 (0x00038d33) x26 0x5b4bc1c6
core   0: 0x80009fc8 (0x006f2223) sw      t1, 4(t5)
core   0: 3 0x80009fc8 (0x006f2223) mem 0x80025e30 0x800077ce
core   0: 0x80009fcc (0x035aa133) mulhsu  sp, s5, s5
core   0: 3 0x80009fcc (0x035aa133) x2  0x00000000
core   0: 0x80009fd0 (0x013768b3) or      a7, a4, s3
core   0: 3 0x80009fd0 (0x013768b3) x17 0xf12a9fbc
core   0: 0x80009fd4 (0x0000639d) c.lui   t2, 0x7
core   0: 3 0x80009fd4 (0x639d) x7  0x00007000
core   0: 0x80009fd6 (0x00008eea) c.mv    t4, s10
core   0: 3 0x80009fd6 (0x8eea) x29 0x5b4bc1c6
core   0: 0x80009fd8 (0x003e9533) sll     a0, t4, gp
core   0: 3 0x80009fd8 (0x003e9533) x10 0x697838c0
core   0: 0x80009fdc (0x00008b9d) c.andi  a5, 7
core   0: 3 0x80009fdc (0x8b9d) x15 0x00000000
core   0: 0x80009fde (0x00892ab3) slt     s5, s2, s0
core   0: 3 0x80009fde (0x00892ab3) x21 0x00000001
core   0: 0x80009fe2 (0x414bd333) sra     t1, s7, s4
core   0: 3 0x80009fe2 (0x414bd333) x6  0x00000000
core   0: 0x80009fe6 (0x0000911e) c.add   sp, t2
core   0: 3 0x80009fe6 (0x911e) x2  0x00007000
core   0: 0x80009fe8 (0x347e2893) slti    a7, t3, 839
core   0: 3 0x80009fe8 (0x347e2893) x17 0x00000001
core   0: 0x80009fec (0x000083ba) c.mv    t2, a4
core   0: 3 0x80009fec (0x83ba) x7  0x712a07bc
core   0: 0x80009fee (0x002924b3) slt     s1, s2, sp
core   0: 3 0x80009fee (0x002924b3) x9  0x00000001
core   0: 0x80009ff2 (0xd329b693) sltiu   a3, s3, -718
core   0: 3 0x80009ff2 (0xd329b693) x13 0x00000001
core   0: 0x80009ff6 (0x03b5b3b3) mulhu   t2, a1, s11
core   0: 3 0x80009ff6 (0x03b5b3b3) x7  0xfffffffe
core   0: 0x80009ffa (0x01189d33) sll     s10, a7, a7
core   0: 3 0x80009ffa (0x01189d33) x26 0x00000002
core   0: 0x80009ffe (0x00008eb9) c.xor   a3, a4
core   0: 3 0x80009ffe (0x8eb9) x13 0x712a07bd
core   0: 0x8000a000 (0x0144cd63) blt     s1, s4, pc + 26
core   0: 3 0x8000a000 (0x0144cd63)
core   0: 0x8000a004 (0x00008e49) c.or    a2, a0
core   0: 3 0x8000a004 (0x8e49) x12 0x697838c0
core   0: 0x8000a006 (0x000085e1) c.srai  a1, 24
core   0: 3 0x8000a006 (0x85e1) x11 0xffffffff
core   0: 0x8000a008 (0x00008d3d) c.xor   a0, a5
core   0: 3 0x8000a008 (0x8d3d) x10 0x697838c0
core   0: 0x8000a00a (0x00008d85) c.sub   a1, s1
core   0: 3 0x8000a00a (0x8d85) x11 0xfffffffe
core   0: 0x8000a00c (0x00008cb9) c.xor   s1, a4
core   0: 3 0x8000a00c (0x8cb9) x9  0x712a07bd
core   0: 0x8000a00e (0x017d1233) sll     tp, s10, s7
core   0: 3 0x8000a00e (0x017d1233) x4  0x00000002
core   0: 0x8000a012 (0x4011d493) srai    s1, gp, 1
core   0: 3 0x8000a012 (0x4011d493) x9  0xfffffdb2
core   0: 0x8000a016 (0x01dbd633) srl     a2, s7, t4
core   0: 3 0x8000a016 (0x01dbd633) x12 0x00000000
core   0: 0x8000a01a (0x00008f81) c.sub   a5, s0
core   0: 3 0x8000a01a (0x8f81) x15 0xa4b43e3c
core   0: 0x8000a01c (0x00008e05) c.sub   a2, s1
core   0: 3 0x8000a01c (0x8e05) x12 0x0000024e
core   0: 0x8000a01e (0x8ddd36b7) lui     a3, 0x8ddd3
core   0: 3 0x8000a01e (0x8ddd36b7) x13 0x8ddd3000
core   0: 0x8000a022 (0x000080a5) c.srli  s1, 9
core   0: 3 0x8000a022 (0x80a5) x9  0x007ffffe
core   0: 0x8000a024 (0x046ae063) bltu    s5, t1, pc + 64
core   0: 3 0x8000a024 (0x046ae063)
core   0: 0x8000a028 (0x2cd4e293) ori     t0, s1, 717
core   0: 3 0x8000a028 (0x2cd4e293) x5  0x007fffff
core   0: 0x8000a02c (0x031e23b3) mulhsu  t2, t3, a7
core   0: 3 0x8000a02c (0x031e23b3) x7  0xffffffff
core   0: 0x8000a030 (0x0208e0b3) rem     ra, a7, zero
core   0: 3 0x8000a030 (0x0208e0b3) x1  0x00000001
core   0: 0x8000a034 (0x4324eb17) auipc   s6, 0x4324e
core   0: 3 0x8000a034 (0x4324eb17) x22 0xc3258034
core   0: 0x8000a038 (0x4038da13) srai    s4, a7, 3
core   0: 3 0x8000a038 (0x4038da13) x20 0x00000000
core   0: 0x8000a03c (0x28196913) ori     s2, s2, 641
core   0: 3 0x8000a03c (0x28196913) x18 0x00000281
core   0: 0x8000a040 (0x03712c33) mulhsu  s8, sp, s7
core   0: 3 0x8000a040 (0x03712c33) x24 0x00000000
core   0: 0x8000a044 (0xbbf7bfb7) lui     t6, 0xbbf7b
core   0: 3 0x8000a044 (0xbbf7bfb7) x31 0xbbf7b000
core   0: 0x8000a048 (0x00009fea) c.add   t6, s10
core   0: 3 0x8000a048 (0x9fea) x31 0xbbf7b002
core   0: 0x8000a04a (0x00f86b33) or      s6, a6, a5
core   0: 3 0x8000a04a (0x00f86b33) x22 0xfffffffe
core   0: 0x8000a04e (0x000093be) c.add   t2, a5
core   0: 3 0x8000a04e (0x93be) x7  0xa4b43e3b
core   0: 0x8000a050 (0x5026d097) auipc   ra, 0x5026d
core   0: 3 0x8000a050 (0x5026d097) x1  0xd0277050
core   0: 0x8000a054 (0x00008711) c.srai  a4, 4
core   0: 3 0x8000a054 (0x8711) x14 0x0712a07b
core   0: 0x8000a056 (0x00008e39) c.xor   a2, a4
core   0: 3 0x8000a056 (0x8e39) x12 0x0712a235
core   0: 0x8000a058 (0x03e0f533) remu    a0, ra, t5
core   0: 3 0x8000a058 (0x03e0f533) x10 0x50251224
core   0: 0x8000a05c (0x01c408b3) add     a7, s0, t3
core   0: 3 0x8000a05c (0x01c408b3) x17 0x5b4bbd90
core   0: 0x8000a060 (0x03ec5a63) bge     s8, t5, pc + 52
core   0: 3 0x8000a060 (0x03ec5a63)
core   0: 0x8000a094 (0xe4b4cd93) xori    s11, s1, -437
core   0: 3 0x8000a094 (0xe4b4cd93) x27 0xff8001b5
core   0: 0x8000a098 (0x05530063) beq     t1, s5, pc + 64
core   0: 3 0x8000a098 (0x05530063)
core   0: 0x8000a09c (0x01d85f63) bge     a6, t4, pc + 30
core   0: 3 0x8000a09c (0x01d85f63)
core   0: 0x8000a0ba (0x00008d01) c.sub   a0, s0
core   0: 3 0x8000a0ba (0x8d01) x10 0xf4d95060
core   0: 0x8000a0bc (0x0021c933) xor     s2, gp, sp
core   0: 3 0x8000a0bc (0x0021c933) x18 0xffff8b65
core   0: 0x8000a0c0 (0x40bc0fb3) sub     t6, s8, a1
core   0: 3 0x8000a0c0 (0x40bc0fb3) x31 0x00000002
core   0: 0x8000a0c4 (0x0376d933) divu    s2, a3, s7
core   0: 3 0x8000a0c4 (0x0376d933) x18 0xffffffff
core   0: 0x8000a0c8 (0x00ae5433) srl     s0, t3, a0
core   0: 3 0x8000a0c8 (0x00ae5433) x8  0xfffffbcc
core   0: 0x8000a0cc (0x00008fb9) c.xor   a5, a4
core   0: 3 0x8000a0cc (0x8fb9) x15 0xa3a69e47
core   0: 0x8000a0ce (0x01989b13) slli    s6, a7, 25
core   0: 3 0x8000a0ce (0x01989b13) x22 0x20000000
core   0: 0x8000a0d2 (0x00181133) sll     sp, a6, ra
core   0: 3 0x8000a0d2 (0x00181133) x2  0xc1c60000
core   0: 0x8000a0d6 (0x00008f96) c.mv    t6, t0
core   0: 3 0x8000a0d6 (0x8f96) x31 0x007fffff
core   0: 0x8000a0d8 (0x000000a5) c.addi  ra, 9
core   0: 3 0x8000a0d8 (0x00a5) x1  0xd0277059
core   0: 0x8000a0da (0x02d87033) remu    zero, a6, a3
core   0: 3 0x8000a0da (0x02d87033)
core   0: 0x8000a0de (0x00008e19) c.sub   a2, a4
core   0: 3 0x8000a0de (0x8e19) x12 0x000001ba
core   0: 0x8000a0e0 (0xa8e4b013) sltiu   zero, s1, -1394
core   0: 3 0x8000a0e0 (0xa8e4b013)
core   0: 0x8000a0e4 (0x034ccb63) blt     s9, s4, pc + 54
core   0: 3 0x8000a0e4 (0x034ccb63)
core   0: 0x8000a0e8 (0x00008025) c.srli  s0, 9
core   0: 3 0x8000a0e8 (0x8025) x8  0x007ffffd
core   0: 0x8000a0ea (0x00000001) c.nop
core   0: 3 0x8000a0ea (0x0001)
core   0: 0x8000a0ec (0x00b4e2b3) or      t0, s1, a1
core   0: 3 0x8000a0ec (0x00b4e2b3) x5  0xfffffffe
core   0: 0x8000a0f0 (0x00161c93) slli    s9, a2, 1
core   0: 3 0x8000a0f0 (0x00161c93) x25 0x00000374
core   0: 0x8000a0f4 (0x70923713) sltiu   a4, tp, 1801
core   0: 3 0x8000a0f4 (0x70923713) x14 0x00000001
core   0: 0x8000a0f8 (0x01da1763) bne     s4, t4, pc + 14
core   0: 3 0x8000a0f8 (0x01da1763)
core   0: 0x8000a106 (0x01841b33) sll     s6, s0, s8
core   0: 3 0x8000a106 (0x01841b33) x22 0x007ffffd
core   0: 0x8000a10a (0x41cc0c33) sub     s8, s8, t3
core   0: 3 0x8000a10a (0x41cc0c33) x24 0x00000434
core   0: 0x8000a10e (0x00008ed5) c.or    a3, a3
core   0: 3 0x8000a10e (0x8ed5) x13 0x8ddd3000
core   0: 0x8000a110 (0x02fb9663) bne     s7, a5, pc + 44
core   0: 3 0x8000a110 (0x02fb9663)
core   0: 0x8000a13c (0x005255b3) srl     a1, tp, t0
core   0: 3 0x8000a13c (0x005255b3) x11 0x00000000
core   0: 0x8000a140 (0x004f2303) lw      t1, 4(t5)
core   0: 3 0x8000a140 (0x004f2303) x6  0x800077ce mem 0x80025e30
core   0: 0x8000a144 (0x000017fd) c.addi  a5, -1
core   0: 3 0x8000a144 (0x17fd) x15 0xa3a69e46
core   0: 0x8000a146 (0x00000f21) c.addi  t5, 8
core   0: 3 0x8000a146 (0x0f21) x30 0x80025e34
core   0: 0x8000a148 (0x002a6733) or      a4, s4, sp
core   0: 3 0x8000a148 (0x002a6733) x14 0xc1c60000
core   0: 0x8000a14c (0x00000001) c.nop
core   0: 3 0x8000a14c (0x0001)
core   0: 0x8000a14e (0x00001408) c.addi4spn a0, sp, 544
core   0: 3 0x8000a14e (0x1408) x10 0xc1c60220
core   0: 0x8000a150 (0x00006fe1) c.lui   t6, 0x18
core   0: 3 0x8000a150 (0x6fe1) x31 0x00018000
core   0: 0x8000a152 (0x00130093) addi    ra, t1, 1
core   0: 3 0x8000a152 (0x00130093) x1  0x800077cf
core   0: 0x8000a156 (0x00009082) c.jalr  ra
core   0: 3 0x8000a156 (0x9082) x1  0x8000a158
core   0: 0x800077ce (0x00013297) auipc   t0, 0x13
core   0: 3 0x800077ce (0x00013297) x5  0x8001a7ce
core   0: 0x800077d2 (0x29128293) addi    t0, t0, 657
core   0: 3 0x800077d2 (0x29128293) x5  0x8001aa5f
core   0: 0x800077d6 (0x91be0593) addi    a1, t3, -1765
core   0: 3 0x800077d6 (0x91be0593) x11 0xfffff4e7
core   0: 0x800077da (0x921e3c13) sltiu   s8, t3, -1759
core   0: 3 0x800077da (0x921e3c13) x24 0x00000000
core   0: 0x800077de (0xaa00f593) andi    a1, ra, -1376
core   0: 3 0x800077de (0xaa00f593) x11 0x8000a000
core   0: 0x800077e2 (0x02f7b5b3) mulhu   a1, a5, a5
core   0: 3 0x800077e2 (0x02f7b5b3) x11 0x689d99fe
core   0: 0x800077e6 (0x0215f0b3) remu    ra, a1, ra
core   0: 3 0x800077e6 (0x0215f0b3) x1  0x689d99fe
core   0: 0x800077ea (0x0217d5b3) divu    a1, a5, ra
core   0: 3 0x800077ea (0x0217d5b3) x11 0x00000001
core   0: 0x800077ee (0x6d0aec37) lui     s8, 0x6d0ae
core   0: 3 0x800077ee (0x6d0aec37) x24 0x6d0ae000
core   0: 0x800077f2 (0xfeb28923) sb      a1, -14(t0)
core   0: 3 0x800077f2 (0xfeb28923) mem 0x8001aa51 0x01
core   0: 0x800077f6 (0x038090b3) mulh    ra, ra, s8
core   0: 3 0x800077f6 (0x038090b3) x1  0x2c8f8c43
core   0: 0x800077fa (0x00b7ea33) or      s4, a5, a1
core   0: 3 0x800077fa (0x00b7ea33) x20 0xa3a69e47
core   0: 0x800077fe (0x00000c2d) c.addi  s8, 11
core   0: 3 0x800077fe (0x0c2d) x24 0x6d0ae00b
core   0: 0x80007800 (0x02f297a3) sh      a5, 47(t0)
core   0: 3 0x80007800 (0x02f297a3) mem 0x8001aa8e 0x9e46
core   0: 0x80007804 (0xfdc28d23) sb      t3, -38(t0)
core   0: 3 0x80007804 (0xfdc28d23) mem 0x8001aa39 0xcc
core   0: 0x80007808 (0x03ca50b3) divu    ra, s4, t3
core   0: 3 0x80007808 (0x03ca50b3) x1  0x00000000
core   0: 0x8000780c (0xfc928583) lb      a1, -55(t0)
core   0: 3 0x8000780c (0xfc928583) x11 0x00000000 mem 0x8001aa28
core   0: 0x80007810 (0xfcb28223) sb      a1, -60(t0)
core   0: 3 0x80007810 (0xfcb28223) mem 0x8001aa23 0x00
core   0: 0x80007814 (0x00fe20b3) slt     ra, t3, a5
core   0: 3 0x80007814 (0x00fe20b3) x1  0x00000000
core   0: 0x80007818 (0x02728c03) lb      s8, 39(t0)
core   0: 3 0x80007818 (0x02728c03) x24 0x00000000 mem 0x8001aa86
core   0: 0x8000781c (0x001a07b3) add     a5, s4, ra
core   0: 3 0x8000781c (0x001a07b3) x15 0xa3a69e47
core   0: 0x80007820 (0xfe12aca3) sw      ra, -7(t0)
core   0: 3 0x80007820 (0xfe12aca3) mem 0x8001aa58 0x00000000
core   0: 0x80007824 (0x02729a03) lh      s4, 39(t0)
core   0: 3 0x80007824 (0x02729a03) x20 0x00000000 mem 0x8001aa86
core   0: 0x80007828 (0x03ca67b3) rem     a5, s4, t3
core   0: 3 0x80007828 (0x03ca67b3) x15 0x00000000
core   0: 0x8000782c (0xfc628083) lb      ra, -58(t0)
core   0: 3 0x8000782c (0xfc628083) x1  0x00000000 mem 0x8001aa25
core   0: 0x80007830 (0xfe328a03) lb      s4, -29(t0)
core   0: 3 0x80007830 (0xfe328a03) x20 0x00000000 mem 0x8001aa42
core   0: 0x80007834 (0x03429da3) sh      s4, 59(t0)
core   0: 3 0x80007834 (0x03429da3) mem 0x8001aa9a 0x0000
core   0: 0x80007838 (0x0180e0b3) or      ra, ra, s8
core   0: 3 0x80007838 (0x0180e0b3) x1  0x00000000
core   0: 0x8000783c (0x01ce2a33) slt     s4, t3, t3
core   0: 3 0x8000783c (0x01ce2a33) x20 0x00000000
core   0: 0x80007840 (0x03ce1a33) mulh    s4, t3, t3
core   0: 3 0x80007840 (0x03ce1a33) x20 0x00000000
core   0: 0x80007844 (0x018a6a33) or      s4, s4, s8
core   0: 3 0x80007844 (0x018a6a33) x20 0x00000000
core   0: 0x80007848 (0x00009bfd) c.andi  a5, -1
core   0: 3 0x80007848 (0x9bfd) x15 0x00000000
core   0: 0x8000784a (0xfeb29583) lh      a1, -21(t0)
core   0: 3 0x8000784a (0xfeb29583) x11 0x00000000 mem 0x8001aa4a
core   0: 0x8000784e (0x03d2de03) lhu     t3, 61(t0)
core   0: 3 0x8000784e (0x03d2de03) x28 0x00000000 mem 0x8001aa9c
core   0: 0x80007852 (0x0382cc03) lbu     s8, 56(t0)
core   0: 3 0x80007852 (0x0382cc03) x24 0x00000000 mem 0x8001aa97
core   0: 0x80007856 (0x0232cc03) lbu     s8, 35(t0)
core   0: 3 0x80007856 (0x0232cc03) x24 0x00000000 mem 0x8001aa82
core   0: 0x8000785a (0x01c7dc33) srl     s8, a5, t3
core   0: 3 0x8000785a (0x01c7dc33) x24 0x00000000
core   0: 0x8000785e (0x03f28a03) lb      s4, 63(t0)
core   0: 3 0x8000785e (0x03f28a03) x20 0x00000000 mem 0x8001aa9e
core   0: 0x80007862 (0x00f28ca3) sb      a5, 25(t0)
core   0: 3 0x80007862 (0x00f28ca3) mem 0x8001aa78 0x00
core   0: 0x80007866 (0x00b090b3) sll     ra, ra, a1
core   0: 3 0x80007866 (0x00b090b3) x1  0x00000000
core   0: 0x8000786a (0x9875a093) slti    ra, a1, -1657
core   0: 3 0x8000786a (0x9875a093) x1  0x00000000
core   0: 0x8000786e (0xfe1289a3) sb      ra, -13(t0)
core   0: 3 0x8000786e (0xfe1289a3) mem 0x8001aa52 0x00
core   0: 0x80007872 (0x01c0f5b3) and     a1, ra, t3
core   0: 3 0x80007872 (0x01c0f5b3) x11 0x00000000
core   0: 0x80007876 (0x01ca3c33) sltu    s8, s4, t3
core   0: 3 0x80007876 (0x01ca3c33) x24 0x00000000
core   0: 0x8000787a (0x0192ce03) lbu     t3, 25(t0)
core   0: 3 0x8000787a (0x0192ce03) x28 0x00000000 mem 0x8001aa78
core   0: 0x8000787e (0xfc12d783) lhu     a5, -63(t0)
core   0: 3 0x8000787e (0xfc12d783) x15 0x00000000 mem 0x8001aa20
core   0: 0x80007882 (0x01828a23) sb      s8, 20(t0)
core   0: 3 0x80007882 (0x01828a23) mem 0x8001aa73 0x00
core   0: 0x80007886 (0x00009317) auipc   t1, 0x9
core   0: 3 0x80007886 (0x00009317) x6  0x80010886
core   0: 0x8000788a (0xb2a30313) addi    t1, t1, -1238
core   0: 3 0x8000788a (0xb2a30313) x6  0x800103b0
core   0: 0x8000788e (0xffb30a03) lb      s4, -5(t1)
core   0: 3 0x8000788e (0xffb30a03) x20 0x00000000 mem 0x800103ab
core   0: 0x80007892 (0x0000664d) c.lui   a2, 0x13
core   0: 3 0x80007892 (0x664d) x12 0x00013000
core   0: 0x80007894 (0x0bbe0713) addi    a4, t3, 187
core   0: 3 0x80007894 (0x0bbe0713) x14 0x000000bb
core   0: 0x80007898 (0xffb30003) lb      zero, -5(t1)
core   0: 3 0x80007898 (0xffb30003) mem 0x800103ab
core   0: 0x8000789c (0x00634003) lbu     zero, 6(t1)
core   0: 3 0x8000789c (0x00634003) mem 0x800103b6
core   0: 0x800078a0 (0x0000670d) c.lui   a4, 0x3
core   0: 3 0x800078a0 (0x670d) x14 0x00003000
core   0: 0x800078a2 (0x00630a83) lb      s5, 6(t1)
core   0: 3 0x800078a2 (0x00630a83) x21 0x00000000 mem 0x800103b6
core   0: 0x800078a6 (0xffd34703) lbu     a4, -3(t1)
core   0: 3 0x800078a6 (0xffd34703) x14 0x00000000 mem 0x800103ad
core   0: 0x800078aa (0x00339233) sll     tp, t2, gp
core   0: 3 0x800078aa (0x00339233) x4  0x9687c760
core   0: 0x800078ae (0xff430ea3) sb      s4, -3(t1)
core   0: 3 0x800078ae (0xff430ea3) mem 0x800103ad 0x00
core   0: 0x800078b2 (0x03d396b3) mulh    a3, t2, t4
core   0: 3 0x800078b2 (0x03d396b3) x13 0xdf710dd2
core   0: 0x800078b6 (0xff534503) lbu     a0, -11(t1)
core   0: 3 0x800078b6 (0xff534503) x10 0x00000000 mem 0x800103a5
core   0: 0x800078ba (0x0000527d) c.li    tp, -1
core   0: 3 0x800078ba (0x527d) x4  0xffffffff
core   0: 0x800078bc (0xff630aa3) sb      s6, -11(t1)
core   0: 3 0x800078bc (0xff630aa3) mem 0x800103a5 0xfd
core   0: 0x800078c0 (0xff130aa3) sb      a7, -11(t1)
core   0: 3 0x800078c0 (0xff130aa3) mem 0x800103a5 0x90
core   0: 0x800078c4 (0xec34e437) lui     s0, 0xec34e
core   0: 3 0x800078c4 (0xec34e437) x8  0xec34e000
core   0: 0x800078c8 (0xfe630aa3) sb      t1, -11(t1)
core   0: 3 0x800078c8 (0xfe630aa3) mem 0x800103a5 0xb0
core   0: 0x800078cc (0x00009d17) auipc   s10, 0x9
core   0: 3 0x800078cc (0x00009d17) x26 0x800108cc
core   0: 0x800078d0 (0x058d0d13) addi    s10, s10, 88
core   0: 3 0x800078d0 (0x058d0d13) x26 0x80010924
core   0: 0x800078d4 (0xfe7d0ca3) sb      t2, -7(s10)
core   0: 3 0x800078d4 (0xfe7d0ca3) mem 0x8001091d 0x3b
core   0: 0x800078d8 (0xffdd0aa3) sb      t4, -11(s10)
core   0: 3 0x800078d8 (0xffdd0aa3) mem 0x80010919 0xc6
core   0: 0x800078dc (0x00008175) c.srli  a0, 29
core   0: 3 0x800078dc (0x8175) x10 0x00000000
core   0: 0x800078de (0xfe3d1c23) sh      gp, -8(s10)
core   0: 3 0x800078de (0xfe3d1c23) mem 0x8001091c 0xfb65
core   0: 0x800078e2 (0xfedd09a3) sb      a3, -13(s10)
core   0: 3 0x800078e2 (0xfedd09a3) mem 0x80010917 0xd2
core   0: 0x800078e6 (0xfe2d1b23) sh      sp, -10(s10)
core   0: 3 0x800078e6 (0xfe2d1b23) mem 0x8001091a 0x0000
core   0: 0x800078ea (0xff5d0d83) lb      s11, -11(s10)
core   0: 3 0x800078ea (0xff5d0d83) x27 0xffffffc6 mem 0x80010919
core   0: 0x800078ee (0xffed0ba3) sb      t5, -9(s10)
core   0: 3 0x800078ee (0xffed0ba3) mem 0x8001091b 0x34
core   0: 0x800078f2 (0x01bd06a3) sb      s11, 13(s10)
core   0: 3 0x800078f2 (0x01bd06a3) mem 0x80010931 0xc6
core   0: 0x800078f6 (0xff4d0ba3) sb      s4, -9(s10)
core   0: 3 0x800078f6 (0xff4d0ba3) mem 0x8001091b 0x00
core   0: 0x800078fa (0x027dacb3) mulhsu  s9, s11, t2
core   0: 3 0x800078fa (0x027dacb3) x25 0xffffffda
core   0: 0x800078fe (0x023f3a33) mulhu   s4, t5, gp
core   0: 3 0x800078fe (0x023f3a33) x20 0x80025be6
core   0: 0x80007902 (0x039f44b3) div     s1, t5, s9
core   0: 3 0x80007902 (0x039f44b3) x9  0x035e40e3
core   0: 0x80007906 (0xe5618713) addi    a4, gp, -426
core   0: 3 0x80007906 (0xe5618713) x14 0xfffff9bb
core   0: 0x8000790a (0x00008f1d) c.sub   a4, a5
core   0: 3 0x8000790a (0x8f1d) x14 0xfffff9bb
core   0: 0x8000790c (0x01735e93) srli    t4, t1, 23
core   0: 3 0x8000790c (0x01735e93) x29 0x00000100
core   0: 0x80007910 (0x000090da) c.add   ra, s6
core   0: 3 0x80007910 (0x90da) x1  0x007ffffd
core   0: 0x80007912 (0xff4d2503) lw      a0, -12(s10)
core   0: 3 0x80007912 (0xff4d2503) x10 0x0000c600 mem 0x80010918
core   0: 0x80007916 (0x09d18b13) addi    s6, gp, 157
core   0: 3 0x80007916 (0x09d18b13) x22 0xfffffc02
core   0: 0x8000791a (0x00cd4583) lbu     a1, 12(s10)
core   0: 3 0x8000791a (0x00cd4583) x11 0x00000000 mem 0x80010930
core   0: 0x8000791e (0x0000717d) c.addi16sp sp, -16
core   0: 3 0x8000791e (0x717d) x2  0xc1c5fff0
core   0: 0x80007920 (0x005d0303) lb      t1, 5(s10)
core   0: 3 0x80007920 (0x005d0303) x6  0x00000000 mem 0x80010929
core   0: 0x80007924 (0x00bd0323) sb      a1, 6(s10)
core   0: 3 0x80007924 (0x00bd0323) mem 0x8001092a 0x00
core   0: 0x80007928 (0x002d03a3) sb      sp, 7(s10)
core   0: 3 0x80007928 (0x002d03a3) mem 0x8001092b 0xf0
core   0: 0x8000792c (0x001a1913) slli    s2, s4, 1
core   0: 3 0x8000792c (0x001a1913) x18 0x0004b7cc
core   0: 0x80007930 (0x00ad5303) lhu     t1, 10(s10)
core   0: 3 0x80007930 (0x00ad5303) x6  0x00000000 mem 0x8001092e
core   0: 0x80007934 (0x00004d05) c.li    s10, 1
core   0: 3 0x80007934 (0x4d05) x26 0x00000001
core   0: 0x80007936 (0x037e6e33) rem     t3, t3, s7
core   0: 3 0x80007936 (0x037e6e33) x28 0x00000000
core   0: 0x8000793a (0x0140eb33) or      s6, ra, s4
core   0: 3 0x8000793a (0x0140eb33) x22 0x807fffff
core   0: 0x8000793e (0x404a5c33) sra     s8, s4, tp
core   0: 3 0x8000793e (0x404a5c33) x24 0xffffffff
core   0: 0x80007942 (0x015fbeb3) sltu    t4, t6, s5
core   0: 3 0x80007942 (0x015fbeb3) x29 0x00000000
core   0: 0x80007946 (0x00008e31) c.xor   a2, a2
core   0: 3 0x80007946 (0x8e31) x12 0x00000000
core   0: 0x80007948 (0x00008ea9) c.xor   a3, a0
core   0: 3 0x80007948 (0x8ea9) x13 0xdf71cbd2
core   0: 0x8000794a (0x000083ed) c.srli  a5, 27
core   0: 3 0x8000794a (0x83ed) x15 0x00000000
core   0: 0x8000794c (0x41cd0533) sub     a0, s10, t3
core   0: 3 0x8000794c (0x41cd0533) x10 0x00000001
core   0: 0x80007950 (0x01331593) slli    a1, t1, 19
core   0: 3 0x80007950 (0x01331593) x11 0x00000000
core   0: 0x80007954 (0x00004ca1) c.li    s9, 8
core   0: 3 0x80007954 (0x4ca1) x25 0x00000008
core   0: 0x80007956 (0x40c25433) sra     s0, tp, a2
core   0: 3 0x80007956 (0x40c25433) x8  0xffffffff
core   0: 0x8000795a (0x03d24333) div     t1, tp, t4
core   0: 3 0x8000795a (0x03d24333) x6  0xffffffff
core   0: 0x8000795e (0xdd91a893) slti    a7, gp, -551
core   0: 3 0x8000795e (0xdd91a893) x17 0x00000001
core   0: 0x80007962 (0x03b310b3) mulh    ra, t1, s11
core   0: 3 0x80007962 (0x03b310b3) x1  0x00000000
core   0: 0x80007966 (0xe4a73893) sltiu   a7, a4, -438
core   0: 3 0x80007966 (0xe4a73893) x17 0x00000001
core   0: 0x8000796a (0x0044c0b3) xor     ra, s1, tp
core   0: 3 0x8000796a (0x0044c0b3) x1  0xfca1bf1c
core   0: 0x8000796e (0x00009a26) c.add   s4, s1
core   0: 3 0x8000796e (0x9a26) x20 0x83609cc9
core   0: 0x80007970 (0x0095b033) sltu    zero, a1, s1
core   0: 3 0x80007970 (0x0095b033)
core   0: 0x80007974 (0x00000d21) c.addi  s10, 8
core   0: 3 0x80007974 (0x0d21) x26 0x00000009
core   0: 0x80007976 (0xff9d6ae3) bltu    s10, s9, pc - 12
core   0: 3 0x80007976 (0xff9d6ae3)
core   0: 0x8000797a (0x00000001) c.nop
core   0: 3 0x8000797a (0x0001)
core   0: 0x8000797c (0x00009e97) auipc   t4, 0x9
core   0: 3 0x8000797c (0x00009e97) x29 0x8001097c
core   0: 0x80007980 (0xc60e8e93) addi    t4, t4, -928
core   0: 3 0x80007980 (0xc60e8e93) x29 0x800105dc
core   0: 0x80007984 (0x00008c4d) c.or    s0, a1
core   0: 3 0x80007984 (0x8c4d) x8  0xffffffff
core   0: 0x80007986 (0xcc8e8523) sb      s0, -822(t4)
core   0: 3 0x80007986 (0xcc8e8523) mem 0x800102a6 0xff
core   0: 0x8000798a (0x34cedf83) lhu     t6, 844(t4)
core   0: 3 0x8000798a (0x34cedf83) x31 0x00000000 mem 0x80010928
core   0: 0x8000798e (0x0141db13) srli    s6, gp, 20
core   0: 3 0x8000798e (0x0141db13) x22 0x00000fff
core   0: 0x80007992 (0xfabe8f83) lb      t6, -85(t4)
core   0: 3 0x80007992 (0xfabe8f83) x31 0x00000000 mem 0x80010587
core   0: 0x80007996 (0x00bfcfb3) xor     t6, t6, a1
core   0: 3 0x80007996 (0x00bfcfb3) x31 0x00000000
core   0: 0x8000799a (0x638e86a3) sb      s8, 1581(t4)
core   0: 3 0x8000799a (0x638e86a3) mem 0x80010c09 0xff
core   0: 0x8000799e (0x00000c32) c.slli  s8, 12
core   0: 3 0x8000799e (0x0c32) x24 0xfffff000
core   0: 0x800079a0 (0x6beec583) lbu     a1, 1726(t4)
core   0: 3 0x800079a0 (0x6beec583) x11 0x00000000 mem 0x80010c9a
core   0: 0x800079a4 (0xcafecf83) lbu     t6, -849(t4)
core   0: 3 0x800079a4 (0xcafecf83) x31 0x00000000 mem 0x8001028b
core   0: 0x800079a8 (0x0000947e) c.add   s0, t6
core   0: 3 0x800079a8 (0x947e) x8  0xffffffff
core   0: 0x800079aa (0x5f7e8f83) lb      t6, 1527(t4)
core   0: 3 0x800079aa (0x5f7e8f83) x31 0x00000000 mem 0x80010bd3
core   0: 0x800079ae (0x413ec403) lbu     s0, 1043(t4)
core   0: 3 0x800079ae (0x413ec403) x8  0x00000000 mem 0x800109ef
core   0: 0x800079b2 (0x00008dad) c.xor   a1, a1
core   0: 3 0x800079b2 (0x8dad) x11 0x00000000
core   0: 0x800079b4 (0x817c0413) addi    s0, s8, -2025
core   0: 3 0x800079b4 (0x817c0413) x8  0xffffe817
core   0: 0x800079b8 (0x7a1c6b13) ori     s6, s8, 1953
core   0: 3 0x800079b8 (0x7a1c6b13) x22 0xfffff7a1
core   0: 0x800079bc (0x0085fc33) and     s8, a1, s0
core   0: 3 0x800079bc (0x0085fc33) x24 0x00000000
core   0: 0x800079c0 (0x73efc193) xori    gp, t6, 1854
core   0: 3 0x800079c0 (0x73efc193) x3  0x0000073e
core   0: 0x800079c4 (0x00006431) c.lui   s0, 0xc
core   0: 3 0x800079c4 (0x6431) x8  0x0000c000
core   0: 0x800079c6 (0x000081b9) c.srli  a1, 14
core   0: 3 0x800079c6 (0x81b9) x11 0x00000000
core   0: 0x800079c8 (0x418fdc33) sra     s8, t6, s8
core   0: 3 0x800079c8 (0x418fdc33) x24 0x00000000
core   0: 0x800079cc (0x56be9523) sh      a1, 1386(t4)
core   0: 3 0x800079cc (0x56be9523) mem 0x80010b46 0x0000
core   0: 0x800079d0 (0x762d6fb7) lui     t6, 0x762d6
core   0: 3 0x800079d0 (0x762d6fb7) x31 0x762d6000
core   0: 0x800079d4 (0x008c5593) srli    a1, s8, 8
core   0: 3 0x800079d4 (0x008c5593) x11 0x00000000
core   0: 0x800079d8 (0x1c3e8c03) lb      s8, 451(t4)
core   0: 3 0x800079d8 (0x1c3e8c03) x24 0x00000000 mem 0x8001079f
core   0: 0x800079dc (0xb12f8c13) addi    s8, t6, -1262
core   0: 3 0x800079dc (0xb12f8c13) x24 0x762d5b12
core   0: 0x800079e0 (0xd2eed183) lhu     gp, -722(t4)
core   0: 3 0x800079e0 (0xd2eed183) x3  0x00000000 mem 0x8001030a
core   0: 0x800079e4 (0xe22b7f93) andi    t6, s6, -478
core   0: 3 0x800079e4 (0xe22b7f93) x31 0xfffff620
core   0: 0x800079e8 (0x1e8e8fa3) sb      s0, 511(t4)
core   0: 3 0x800079e8 (0x1e8e8fa3) mem 0x800107db 0x00
core   0: 0x800079ec (0xdf0eab03) lw      s6, -528(t4)
core   0: 3 0x800079ec (0xdf0eab03) x22 0x00000000 mem 0x800103cc
core   0: 0x800079f0 (0xd0bec403) lbu     s0, -757(t4)
core   0: 3 0x800079f0 (0xd0bec403) x8  0x00000000 mem 0x800102e7
core   0: 0x800079f4 (0x00008b0e) c.mv    s6, gp
core   0: 3 0x800079f4 (0x8b0e) x22 0x00000000
core   0: 0x800079f6 (0xd28eae23) sw      s0, -708(t4)
core   0: 3 0x800079f6 (0xd28eae23) mem 0x80010318 0x00000000
core   0: 0x800079fa (0xe9fe8183) lb      gp, -353(t4)
core   0: 3 0x800079fa (0xe9fe8183) x3  0x00000000 mem 0x8001047b
core   0: 0x800079fe (0x01659fb3) sll     t6, a1, s6
core   0: 3 0x800079fe (0x01659fb3) x31 0x00000000
core   0: 0x80007a02 (0x016b01b3) add     gp, s6, s6
core   0: 3 0x80007a02 (0x016b01b3) x3  0x00000000
core   0: 0x80007a06 (0xf4ee8b03) lb      s6, -178(t4)
core   0: 3 0x80007a06 (0xf4ee8b03) x22 0x00000000 mem 0x8001052a
core   0: 0x80007a0a (0xcb042193) slti    gp, s0, -848
core   0: 3 0x80007a0a (0xcb042193) x3  0x00000000
core   0: 0x80007a0e (0xd89e8183) lb      gp, -631(t4)
core   0: 3 0x80007a0e (0xd89e8183) x3  0x00000000 mem 0x80010365
core   0: 0x80007a12 (0x403e8f83) lb      t6, 1027(t4)
core   0: 3 0x80007a12 (0x403e8f83) x31 0x00000000 mem 0x800109df
core   0: 0x80007a16 (0xeccedf83) lhu     t6, -308(t4)
core   0: 3 0x80007a16 (0xeccedf83) x31 0x00000000 mem 0x800104a8
core   0: 0x80007a1a (0xaebecb03) lbu     s6, -1301(t4)
core   0: 3 0x80007a1a (0xaebecb03) x22 0x00000000 mem 0x800100c7
core   0: 0x80007a1e (0x536e9723) sh      s6, 1326(t4)
core   0: 3 0x80007a1e (0x536e9723) mem 0x80010b0a 0x0000
core   0: 0x80007a22 (0x018b2b33) slt     s6, s6, s8
core   0: 3 0x80007a22 (0x018b2b33) x22 0x00000001
core   0: 0x80007a26 (0x1ceec403) lbu     s0, 462(t4)
core   0: 3 0x80007a26 (0x1ceec403) x8  0x00000000 mem 0x800107aa
core   0: 0x80007a2a (0x00008c2d) c.xor   s0, a1
core   0: 3 0x80007a2a (0x8c2d) x8  0x00000000
core   0: 0x80007a2c (0x5efe8f83) lb      t6, 1519(t4)
core   0: 3 0x80007a2c (0x5efe8f83) x31 0x00000000 mem 0x80010bcb
core   0: 0x80007a30 (0xdb6ea823) sw      s6, -592(t4)
core   0: 3 0x80007a30 (0xdb6ea823) mem 0x8001038c 0x00000001
core   0: 0x80007a34 (0x5d8edb03) lhu     s6, 1496(t4)
core   0: 3 0x80007a34 (0x5d8edb03) x22 0x00000000 mem 0x80010bb4
core   0: 0x80007a38 (0x283e8183) lb      gp, 643(t4)
core   0: 3 0x80007a38 (0x283e8183) x3  0x00000000 mem 0x8001085f
core   0: 0x80007a3c (0x7bbe8c03) lb      s8, 1979(t4)
core   0: 3 0x80007a3c (0x7bbe8c03) x24 0x00000000 mem 0x80010d97
core   0: 0x80007a40 (0x261ec183) lbu     gp, 609(t4)
core   0: 3 0x80007a40 (0x261ec183) x3  0x00000000 mem 0x8001083d
core   0: 0x80007a44 (0x0200036f) jal     t1, pc + 0x20
core   0: 3 0x80007a44 (0x0200036f) x6  0x80007a48
core   0: 0x80007a64 (0x0000bfd5) c.j     pc - 12
core   0: 3 0x80007a64 (0xbfd5)
core   0: 0x80007a58 (0x00002009) c.jal   pc + 2
core   0: 3 0x80007a58 (0x2009) x1  0x80007a5a
core   0: 0x80007a5a (0x00002011) c.jal   pc + 4
core   0: 3 0x80007a5a (0x2011) x1  0x80007a5c
core   0: 0x80007a5e (0x0000203d) c.jal   pc + 46
core   0: 3 0x80007a5e (0x203d) x1  0x80007a60
core   0: 0x80007a8c (0xfdfff0ef) jal     pc - 0x22
core   0: 3 0x80007a8c (0xfdfff0ef) x1  0x80007a90
core   0: 0x80007a6a (0x000037ed) c.jal   pc - 22
core   0: 3 0x80007a6a (0x37ed) x1  0x80007a6c
core   0: 0x80007a54 (0x00002009) c.jal   pc + 2
core   0: 3 0x80007a54 (0x2009) x1  0x80007a56
core   0: 0x80007a56 (0x0000a019) c.j     pc + 6
core   0: 3 0x80007a56 (0xa019)
core   0: 0x80007a5c (0x00003fd5) c.jal   pc - 12
core   0: 3 0x80007a5c (0x3fd5) x1  0x80007a5e
core   0: 0x80007a50 (0x0000a819) c.j     pc + 22
core   0: 3 0x80007a50 (0xa819)
core   0: 0x80007a66 (0x0000a039) c.j     pc + 14
core   0: 3 0x80007a66 (0xa039)
core   0: 0x80007a74 (0x00003fe5) c.jal   pc - 8
core   0: 3 0x80007a74 (0x3fe5) x1  0x80007a76
core   0: 0x80007a6c (0x000037cd) c.jal   pc - 30
core   0: 3 0x80007a6c (0x37cd) x1  0x80007a6e
core   0: 0x80007a4e (0x0000a00d) c.j     pc + 34
core   0: 3 0x80007a4e (0xa00d)
core   0: 0x80007a70 (0x00e000ef) jal     pc + 0xe
core   0: 3 0x80007a70 (0x00e000ef) x1  0x80007a74
core   0: 0x80007a7e (0x0000a019) c.j     pc + 6
core   0: 3 0x80007a7e (0xa019)
core   0: 0x80007a84 (0xfe5ff0ef) jal     pc - 0x1c
core   0: 3 0x80007a84 (0xfe5ff0ef) x1  0x80007a88
core   0: 0x80007a68 (0x00002025) c.jal   pc + 40
core   0: 3 0x80007a68 (0x2025) x1  0x80007a6a
core   0: 0x80007a90 (0x00003fc1) c.jal   pc - 48
core   0: 3 0x80007a90 (0x3fc1) x1  0x80007a92
core   0: 0x80007a60 (0x0000b7e5) c.j     pc - 24
core   0: 3 0x80007a60 (0xb7e5)
core   0: 0x80007a48 (0x02600c6f) jal     s8, pc + 0x26
core   0: 3 0x80007a48 (0x02600c6f) x24 0x80007a4c
core   0: 0x80007a6e (0x0000a031) c.j     pc + 12
core   0: 3 0x80007a6e (0xa031)
core   0: 0x80007a7a (0x008004ef) jal     s1, pc + 0x8
core   0: 3 0x80007a7a (0x008004ef) x9  0x80007a7e
core   0: 0x80007a82 (0x0000b7c5) c.j     pc - 32
core   0: 3 0x80007a82 (0xb7c5)
core   0: 0x80007a62 (0x0000bfc5) c.j     pc - 16
core   0: 3 0x80007a62 (0xbfc5)
core   0: 0x80007a52 (0x00003fed) c.jal   pc - 6
core   0: 3 0x80007a52 (0x3fed) x1  0x80007a54
core   0: 0x80007a4c (0x0000a02d) c.j     pc + 42
core   0: 3 0x80007a4c (0xa02d)
core   0: 0x80007a76 (0x00a0026f) jal     tp, pc + 0xa
core   0: 3 0x80007a76 (0x00a0026f) x4  0x80007a7a
core   0: 0x80007a80 (0x00002021) c.jal   pc + 8
core   0: 3 0x80007a80 (0x2021) x1  0x80007a82
core   0: 0x80007a88 (0x00a000ef) jal     pc + 0xa
core   0: 3 0x80007a88 (0x00a000ef) x1  0x80007a8c
core   0: 0x80007a92 (0x64623e93) sltiu   t4, tp, 1606
core   0: 3 0x80007a92 (0x64623e93) x29 0x00000000
core   0: 0x80007a96 (0x00009117) auipc   sp, 0x9
core   0: 3 0x80007a96 (0x00009117) x2  0x80010a96
core   0: 0x80007a9a (0x03b10113) addi    sp, sp, 59
core   0: 3 0x80007a9a (0x03b10113) x2  0x80010ad1
core   0: 0x80007a9e (0xfe110903) lb      s2, -31(sp)
core   0: 3 0x80007a9e (0xfe110903) x18 0x00000000 mem 0x80010ab2
core   0: 0x80007aa2 (0x03810b23) sb      s8, 54(sp)
core   0: 3 0x80007aa2 (0x03810b23) mem 0x80010b07 0x4c
core   0: 0x80007aa6 (0x7c4d3093) sltiu   ra, s10, 1988
core   0: 3 0x80007aa6 (0x7c4d3093) x1  0x00000001
core   0: 0x80007aaa (0x00008926) c.mv    s2, s1
core   0: 3 0x80007aaa (0x8926) x18 0x80007a7e
core   0: 0x80007aac (0x00110ba3) sb      ra, 23(sp)
core   0: 3 0x80007aac (0x00110ba3) mem 0x80010ae8 0x01
core   0: 0x80007ab0 (0x01111903) lh      s2, 17(sp)
core   0: 3 0x80007ab0 (0x01111903) x18 0x00000000 mem 0x80010ae2
core   0: 0x80007ab4 (0x01a11ea3) sh      s10, 29(sp)
core   0: 3 0x80007ab4 (0x01a11ea3) mem 0x80010aee 0x0009
core   0: 0x80007ab8 (0x00008e95) c.sub   a3, a3
core   0: 3 0x80007ab8 (0x8e95) x13 0x00000000
core   0: 0x80007aba (0x00d10723) sb      a3, 14(sp)
core   0: 3 0x80007aba (0x00d10723) mem 0x80010adf 0x00
core   0: 0x80007abe (0xff014683) lbu     a3, -16(sp)
core   0: 3 0x80007abe (0xff014683) x13 0x00000000 mem 0x80010ac1
core   0: 0x80007ac2 (0x00008ca5) c.xor   s1, s1
core   0: 3 0x80007ac2 (0x8ca5) x9  0x00000000
core   0: 0x80007ac4 (0x00312483) lw      s1, 3(sp)
core   0: 3 0x80007ac4 (0x00312483) x9  0x00000000 mem 0x80010ad4
core   0: 0x80007ac8 (0xfcd15903) lhu     s2, -51(sp)
core   0: 3 0x80007ac8 (0xfcd15903) x18 0x00000000 mem 0x80010a9e
core   0: 0x80007acc (0x01d14903) lbu     s2, 29(sp)
core   0: 3 0x80007acc (0x01d14903) x18 0x00000009 mem 0x80010aee
core   0: 0x80007ad0 (0x0320f0b3) remu    ra, ra, s2
core   0: 3 0x80007ad0 (0x0320f0b3) x1  0x00000001
core   0: 0x80007ad4 (0xfd214083) lbu     ra, -46(sp)
core   0: 3 0x80007ad4 (0xfd214083) x1  0x00000000 mem 0x80010aa3
core   0: 0x80007ad8 (0x032c4933) div     s2, s8, s2
core   0: 3 0x80007ad8 (0x032c4933) x18 0xf1c72a09
core   0: 0x80007adc (0x000086dd) c.srai  a3, 23
core   0: 3 0x80007adc (0x86dd) x13 0x00000000
core   0: 0x80007ade (0xff812fa3) sw      s8, -1(sp)
core   0: 3 0x80007ade (0xff812fa3) mem 0x80010ad0 0x80007a4c
core   0: 0x80007ae2 (0x032c3933) mulhu   s2, s8, s2
core   0: 3 0x80007ae2 (0x032c3933) x18 0x78e40885
core   0: 0x80007ae6 (0x000014fd) c.addi  s1, -1
core   0: 3 0x80007ae6 (0x14fd) x9  0xffffffff
core   0: 0x80007ae8 (0x00114483) lbu     s1, 1(sp)
core   0: 3 0x80007ae8 (0x00114483) x9  0x00000000 mem 0x80010ad2
core   0: 0x80007aec (0xff810b23) sb      s8, -10(sp)
core   0: 3 0x80007aec (0xff810b23) mem 0x80010ac7 0x4c
core   0: 0x80007af0 (0x03209933) mulh    s2, ra, s2
core   0: 3 0x80007af0 (0x03209933) x18 0x00000000
core   0: 0x80007af4 (0xfde10683) lb      a3, -34(sp)
core   0: 3 0x80007af4 (0xfde10683) x13 0x00000000 mem 0x80010aaf
core   0: 0x80007af8 (0xfea14483) lbu     s1, -22(sp)
core   0: 3 0x80007af8 (0xfea14483) x9  0x00000000 mem 0x80010abb
core   0: 0x80007afc (0xfe548d13) addi    s10, s1, -27
core   0: 3 0x80007afc (0xfe548d13) x26 0xffffffe5
core   0: 0x80007b00 (0x00008eb5) c.xor   a3, a3
core   0: 3 0x80007b00 (0x8eb5) x13 0x00000000
core   0: 0x80007b02 (0x01210423) sb      s2, 8(sp)
core   0: 3 0x80007b02 (0x01210423) mem 0x80010ad9 0x00
core   0: 0x80007b06 (0x001123a3) sw      ra, 7(sp)
core   0: 3 0x80007b06 (0x001123a3) mem 0x80010ad8 0x00000000
core   0: 0x80007b0a (0xfde14683) lbu     a3, -34(sp)
core   0: 3 0x80007b0a (0xfde14683) x13 0x00000000 mem 0x80010aaf
core   0: 0x80007b0e (0x03b10903) lb      s2, 59(sp)
core   0: 3 0x80007b0e (0x03b10903) x18 0x00000000 mem 0x80010b0c
core   0: 0x80007b12 (0x00008d6a) c.mv    s10, s10
core   0: 3 0x80007b12 (0x8d6a) x26 0xffffffe5
core   0: 0x80007b14 (0x5b992913) slti    s2, s2, 1465
core   0: 3 0x80007b14 (0x5b992913) x18 0x00000001
core   0: 0x80007b18 (0x03a900b3) mul     ra, s2, s10
core   0: 3 0x80007b18 (0x03a900b3) x1  0xffffffe5
core   0: 0x80007b1c (0x00110723) sb      ra, 14(sp)
core   0: 3 0x80007b1c (0x00110723) mem 0x80010adf 0xe5
core   0: 0x80007b20 (0xffa11fa3) sh      s10, -1(sp)
core   0: 3 0x80007b20 (0xffa11fa3) mem 0x80010ad0 0xffe5
core   0: 0x80007b24 (0x00006c09) c.lui   s8, 0x2
core   0: 3 0x80007b24 (0x6c09) x24 0x00002000
core   0: 0x80007b26 (0x00000966) c.slli  s2, 25
core   0: 3 0x80007b26 (0x0966) x18 0x02000000
core   0: 0x80007b28 (0x4150d093) srai    ra, ra, 21
core   0: 3 0x80007b28 (0x4150d093) x1  0xffffffff
core   0: 0x80007b2c (0x02414683) lbu     a3, 36(sp)
core   0: 3 0x80007b2c (0x02414683) x13 0x00000000 mem 0x80010af5
core   0: 0x80007b30 (0x02110823) sb      ra, 48(sp)
core   0: 3 0x80007b30 (0x02110823) mem 0x80010b01 0xff
core   0: 0x80007b34 (0x00c10083) lb      ra, 12(sp)
core   0: 3 0x80007b34 (0x00c10083) x1  0x00000000 mem 0x80010add
core   0: 0x80007b38 (0xfc214483) lbu     s1, -62(sp)
core   0: 3 0x80007b38 (0xfc214483) x9  0x00000000 mem 0x80010a93
core   0: 0x80007b3c (0x03a111a3) sh      s10, 35(sp)
core   0: 3 0x80007b3c (0x03a111a3) mem 0x80010af4 0xffe5
core   0: 0x80007b40 (0xfea10c03) lb      s8, -22(sp)
core   0: 3 0x80007b40 (0xfea10c03) x24 0x00000000 mem 0x80010abb
core   0: 0x80007b44 (0x00004c65) c.li    s8, 25
core   0: 3 0x80007b44 (0x4c65) x24 0x00000019
core   0: 0x80007b46 (0x03210e23) sb      s2, 60(sp)
core   0: 3 0x80007b46 (0x03210e23) mem 0x80010b0d 0x00
core   0: 0x80007b4a (0x00009217) auipc   tp, 0x9
core   0: 3 0x80007b4a (0x00009217) x4  0x80010b4a
core   0: 0x80007b4e (0x4b020213) addi    tp, tp, 1200
core   0: 3 0x80007b4e (0x4b020213) x4  0x80010ffa
core   0: 0x80007b52 (0x9de20f83) lb      t6, -1570(tp)
core   0: 3 0x80007b52 (0x9de20f83) x31 0x00000000 mem 0x800109d8
core   0: 0x80007b56 (0xaf920883) lb      a7, -1287(tp)
core   0: 3 0x80007b56 (0xaf920883) x17 0x00000000 mem 0x80010af3
core   0: 0x80007b5a (0x0296f8b3) remu    a7, a3, s1
core   0: 3 0x80007b5a (0x0296f8b3) x17 0x00000000
core   0: 0x80007b5e (0x020e6433) rem     s0, t3, zero
core   0: 3 0x80007b5e (0x020e6433) x8  0x00000000
core   0: 0x80007b62 (0xd6720883) lb      a7, -665(tp)
core   0: 3 0x80007b62 (0xd6720883) x17 0x00000000 mem 0x80010d61
core   0: 0x80007b66 (0x00008ea5) c.xor   a3, s1
core   0: 3 0x80007b66 (0x8ea5) x13 0x00000000
core   0: 0x80007b68 (0xf6620da3) sb      t1, -133(tp)
core   0: 3 0x80007b68 (0xf6620da3) mem 0x80010f75 0x48
core   0: 0x80007b6c (0x00004a75) c.li    s4, 29
core   0: 3 0x80007b6c (0x4a75) x20 0x0000001d
core   0: 0x80007b6e (0x000042f5) c.li    t0, 29
core   0: 3 0x80007b6e (0x42f5) x5  0x0000001d
core   0: 0x80007b70 (0xbb425903) lhu     s2, -1100(tp)
core   0: 3 0x80007b70 (0xbb425903) x18 0x00000000 mem 0x80010bae
core   0: 0x80007b74 (0x00ab54b3) srl     s1, s6, a0
core   0: 3 0x80007b74 (0x00ab54b3) x9  0x00000000
core   0: 0x80007b78 (0x014dfa33) and     s4, s11, s4
core   0: 3 0x80007b78 (0x014dfa33) x20 0x00000004
core   0: 0x80007b7c (0xf7763c93) sltiu   s9, a2, -137
core   0: 3 0x80007b7c (0xf7763c93) x25 0x00000001
core   0: 0x80007b80 (0x00005b7d) c.li    s6, -1
core   0: 3 0x80007b80 (0x5b7d) x22 0xffffffff
core   0: 0x80007b82 (0xc8320283) lb      t0, -893(tp)
core   0: 3 0x80007b82 (0xc8320283) x5  0x00000000 mem 0x80010c7d
core   0: 0x80007b86 (0x019e1e93) slli    t4, t3, 25
core   0: 3 0x80007b86 (0x019e1e93) x29 0x00000000
core   0: 0x80007b8a (0xb8f20003) lb      zero, -1137(tp)
core   0: 3 0x80007b8a (0xb8f20003) mem 0x80010b89
core   0: 0x80007b8e (0x96324383) lbu     t2, -1693(tp)
core   0: 3 0x80007b8e (0x96324383) x7  0x00000000 mem 0x8001095d
core   0: 0x80007b92 (0x00000001) c.nop
core   0: 3 0x80007b92 (0x0001)
core   0: 0x80007b94 (0xf6724103) lbu     sp, -153(tp)
core   0: 3 0x80007b94 (0xf6724103) x2  0x00000000 mem 0x80010f61
core   0: 0x80007b98 (0xd68207a3) sb      s0, -657(tp)
core   0: 3 0x80007b98 (0xd68207a3) mem 0x80010d69 0x00
core   0: 0x80007b9c (0x00f404b3) add     s1, s0, a5
core   0: 3 0x80007b9c (0x00f404b3) x9  0x00000000
core   0: 0x80007ba0 (0x00000b84) c.addi4spn s1, sp, 464
core   0: 3 0x80007ba0 (0x0b84) x9  0x000001d0
core   0: 0x80007ba2 (0x03e21823) sh      t5, 48(tp)
core   0: 3 0x80007ba2 (0x03e21823) mem 0x8001102a 0x5e34
core   0: 0x80007ba6 (0xa5320283) lb      t0, -1453(tp)
core   0: 3 0x80007ba6 (0xa5320283) x5  0x00000000 mem 0x80010a4d
core   0: 0x80007baa (0x00009d3a) c.add   s10, a4
core   0: 3 0x80007baa (0x9d3a) x26 0xfffff9a0
core   0: 0x80007bac (0x410d0133) sub     sp, s10, a6
core   0: 3 0x80007bac (0x410d0133) x2  0xa4b437da
core   0: 0x80007bb0 (0xbd222583) lw      a1, -1070(tp)
core   0: 3 0x80007bb0 (0xbd222583) x11 0x00000000 mem 0x80010bcc
core   0: 0x80007bb4 (0x8a320c03) lb      s8, -1885(tp)
core   0: 3 0x80007bb4 (0x8a320c03) x24 0x00000000 mem 0x8001089d
core   0: 0x80007bb8 (0xb4724383) lbu     t2, -1209(tp)
core   0: 3 0x80007bb8 (0xb4724383) x7  0x00000000 mem 0x80010b41
core   0: 0x80007bbc (0x408d0c33) sub     s8, s10, s0
core   0: 3 0x80007bbc (0x408d0c33) x24 0xfffff9a0
core   0: 0x80007bc0 (0x00008f2d) c.xor   a4, a1
core   0: 3 0x80007bc0 (0x8f2d) x14 0xfffff9bb
core   0: 0x80007bc2 (0x21c1f393) andi    t2, gp, 540
core   0: 3 0x80007bc2 (0x21c1f393) x7  0x00000000
core   0: 0x80007bc6 (0xc90fb613) sltiu   a2, t6, -880
core   0: 3 0x80007bc6 (0xc90fb613) x12 0x00000001
core   0: 0x80007bca (0x000097c2) c.add   a5, a6
core   0: 3 0x80007bca (0x97c2) x15 0x5b4bc1c6
core   0: 0x80007bcc (0xe6b20d83) lb      s11, -405(tp)
core   0: 3 0x80007bcc (0xe6b20d83) x27 0x00000000 mem 0x80010e65
core   0: 0x80007bd0 (0x00008fb5) c.xor   a5, a3
core   0: 3 0x80007bd0 (0x8fb5) x15 0x5b4bc1c6
core   0: 0x80007bd2 (0xda720723) sb      t2, -594(tp)
core   0: 3 0x80007bd2 (0xda720723) mem 0x80010da8 0x00
core   0: 0x80007bd6 (0x0194a333) slt     t1, s1, s9
core   0: 3 0x80007bd6 (0x0194a333) x6  0x00000000
core   0: 0x80007bda (0xb3e20ca3) sb      t5, -1223(tp)
core   0: 3 0x80007bda (0xb3e20ca3) mem 0x80010b33 0x34
core   0: 0x80007bde (0x1f6efa93) andi    s5, t4, 502
core   0: 3 0x80007bde (0x1f6efa93) x21 0x00000000
core   0: 0x80007be2 (0xe2020d03) lb      s10, -480(tp)
core   0: 3 0x80007be2 (0xe2020d03) x26 0x00000000 mem 0x80010e1a
core   0: 0x80007be6 (0x038392b3) mulh    t0, t2, s8
core   0: 3 0x80007be6 (0x038392b3) x5  0x00000000
core   0: 0x80007bea (0x00008ead) c.xor   a3, a1
core   0: 3 0x80007bea (0x8ead) x13 0x00000000
core   0: 0x80007bec (0xd0724283) lbu     t0, -761(tp)
core   0: 3 0x80007bec (0xd0724283) x5  0x00000000 mem 0x80010d01
core   0: 0x80007bf0 (0x03b81033) mulh    zero, a6, s11
core   0: 3 0x80007bf0 (0x03b81033)
core   0: 0x80007bf4 (0x016586b3) add     a3, a1, s6
core   0: 3 0x80007bf4 (0x016586b3) x13 0xffffffff
core   0: 0x80007bf8 (0x00008dc1) c.or    a1, s0
core   0: 3 0x80007bf8 (0x8dc1) x11 0x00000000
core   0: 0x80007bfa (0xf4a21a03) lh      s4, -182(tp)
core   0: 3 0x80007bfa (0xf4a21a03) x20 0x00000000 mem 0x80010f44
core   0: 0x80007bfe (0xb9924783) lbu     a5, -1127(tp)
core   0: 3 0x80007bfe (0xb9924783) x15 0x00000000 mem 0x80010b93
core   0: 0x80007c02 (0x89821c83) lh      s9, -1896(tp)
core   0: 3 0x80007c02 (0x89821c83) x25 0x00000000 mem 0x80010892
core   0: 0x80007c06 (0x0000f297) auipc   t0, 0xf
core   0: 3 0x80007c06 (0x0000f297) x5  0x80016c06
core   0: 0x80007c0a (0xb6628293) addi    t0, t0, -1178
core   0: 3 0x80007c0a (0xb6628293) x5  0x8001676c
core   0: 0x80007c0e (0x01c28123) sb      t3, 2(t0)
core   0: 3 0x80007c0e (0x01c28123) mem 0x8001676e 0x00
core   0: 0x80007c12 (0x00229783) lh      a5, 2(t0)
core   0: 3 0x80007c12 (0x00229783) x15 0x00000000 mem 0x8001676e
core   0: 0x80007c16 (0x00429483) lh      s1, 4(t0)
core   0: 3 0x80007c16 (0x00429483) x9  0x00000000 mem 0x80016770
core   0: 0x80007c1a (0xff428da3) sb      s4, -5(t0)
core   0: 3 0x80007c1a (0xff428da3) mem 0x80016767 0x00
core   0: 0x80007c1e (0x01129523) sh      a7, 10(t0)
core   0: 3 0x80007c1e (0x01129523) mem 0x80016776 0x0000
core   0: 0x80007c22 (0x00009fce) c.add   t6, s3
core   0: 3 0x80007c22 (0x9fce) x31 0x80029d24
core   0: 0x80007c24 (0x40828d33) sub     s10, t0, s0
core   0: 3 0x80007c24 (0x40828d33) x26 0x8001676c
core   0: 0x80007c28 (0x00628b03) lb      s6, 6(t0)
core   0: 3 0x80007c28 (0x00628b03) x22 0x00000000 mem 0x80016772
core   0: 0x80007c2c (0x00d2c403) lbu     s0, 13(t0)
core   0: 3 0x80007c2c (0x00d2c403) x8  0x00000000 mem 0x80016779
core   0: 0x80007c30 (0x00829403) lh      s0, 8(t0)
core   0: 3 0x80007c30 (0x00829403) x8  0x00000000 mem 0x80016774
core   0: 0x80007c34 (0x40a505b3) sub     a1, a0, a0
core   0: 3 0x80007c34 (0x40a505b3) x11 0x00000000
core   0: 0x80007c38 (0xff32c683) lbu     a3, -13(t0)
core   0: 3 0x80007c38 (0xff32c683) x13 0x00000000 mem 0x8001675f
core   0: 0x80007c3c (0x00a2ce03) lbu     t3, 10(t0)
core   0: 3 0x80007c3c (0x00a2ce03) x28 0x00000000 mem 0x80016776
core   0: 0x80007c40 (0xff629c23) sh      s6, -8(t0)
core   0: 3 0x80007c40 (0xff629c23) mem 0x80016764 0x0000
core   0: 0x80007c44 (0xfe4289a3) sb      tp, -13(t0)
core   0: 3 0x80007c44 (0xfe4289a3) mem 0x8001675f 0xfa
core   0: 0x80007c48 (0x00005759) c.li    a4, -10
core   0: 3 0x80007c48 (0x5759) x14 0xfffffff6
core   0: 0x80007c4a (0x00008a01) c.andi  a2, 0
core   0: 3 0x80007c4a (0x8a01) x12 0x00000000
core   0: 0x80007c4c (0x0000823d) c.srli  a2, 15
core   0: 3 0x80007c4c (0x823d) x12 0x00000000
core   0: 0x80007c4e (0x00e2ce33) xor     t3, t0, a4
core   0: 3 0x80007c4e (0x00e2ce33) x28 0x7ffe989a
core   0: 0x80007c52 (0x00004391) c.li    t2, 4
core   0: 3 0x80007c52 (0x4391) x7  0x00000004
core   0: 0x80007c54 (0xc714b213) sltiu   tp, s1, -911
core   0: 3 0x80007c54 (0xc714b213) x4  0x00000001
core   0: 0x80007c58 (0x037db933) mulhu   s2, s11, s7
core   0: 3 0x80007c58 (0x037db933) x18 0x00000000
core   0: 0x80007c5c (0x00008d59) c.or    a0, a4
core   0: 3 0x80007c5c (0x8d59) x10 0xfffffff7
core   0: 0x80007c5e (0x00008141) c.srli  a0, 16
core   0: 3 0x80007c5e (0x8141) x10 0x0000ffff
core   0: 0x80007c60 (0x00000001) c.nop
core   0: 3 0x80007c60 (0x0001)
core   0: 0x80007c62 (0x00000705) c.addi  a4, 1
core   0: 3 0x80007c62 (0x0705) x14 0xfffffff7
core   0: 0x80007c64 (0x1c470f97) auipc   t6, 0x1c470
core   0: 3 0x80007c64 (0x1c470f97) x31 0x9c477c64
core   0: 0x80007c68 (0xb1fa7013) andi    zero, s4, -1249
core   0: 3 0x80007c68 (0xb1fa7013)
core   0: 0x80007c6c (0xd3a57593) andi    a1, a0, -710
core   0: 3 0x80007c6c (0xd3a57593) x11 0x0000fd3a
core   0: 0x80007c70 (0x02e29233) mulh    tp, t0, a4
core   0: 3 0x80007c70 (0x02e29233) x4  0x00000004
core   0: 0x80007c74 (0xfe7760e3) bltu    a4, t2, pc - 32
core   0: 3 0x80007c74 (0xfe7760e3)
core   0: 0x80007c78 (0x038e28b3) mulhsu  a7, t3, s8
core   0: 3 0x80007c78 (0x038e28b3) x17 0x7ffe956a
core   0: 0x80007c7c (0x0380036f) jal     t1, pc + 0x38
core   0: 3 0x80007c7c (0x0380036f) x6  0x80007c80
core   0: 0x80007cb4 (0x0080036f) jal     t1, pc + 0x8
core   0: 3 0x80007cb4 (0x0080036f) x6  0x80007cb8
core   0: 0x80007cbc (0xfd9ff0ef) jal     pc - 0x28
core   0: 3 0x80007cbc (0xfd9ff0ef) x1  0x80007cc0
core   0: 0x80007c94 (0x00002831) c.jal   pc + 28
core   0: 3 0x80007c94 (0x2831) x1  0x80007c96
core   0: 0x80007cb0 (0xff7fffef) jal     t6, pc - 0xa
core   0: 3 0x80007cb0 (0xff7fffef) x31 0x80007cb4
core   0: 0x80007ca6 (0xfe9ffcef) jal     s9, pc - 0x18
core   0: 3 0x80007ca6 (0xfe9ffcef) x25 0x80007caa
core   0: 0x80007c8e (0x00003fdd) c.jal   pc - 10
core   0: 3 0x80007c8e (0x3fdd) x1  0x80007c90
core   0: 0x80007c84 (0x0000bffd) c.j     pc - 2
core   0: 3 0x80007c84 (0xbffd)
core   0: 0x80007c82 (0x0000a829) c.j     pc + 26
core   0: 3 0x80007c82 (0xa829)
core   0: 0x80007c9c (0x0000a839) c.j     pc + 30
core   0: 3 0x80007c9c (0xa839)
core   0: 0x80007cba (0x0000b7f1) c.j     pc - 52
core   0: 3 0x80007cba (0xb7f1)
core   0: 0x80007c86 (0x00002811) c.jal   pc + 20
core   0: 3 0x80007c86 (0x2811) x1  0x80007c88
core   0: 0x80007c9a (0x0000a029) c.j     pc + 10
core   0: 3 0x80007c9a (0xa029)
core   0: 0x80007ca4 (0x0000bfd5) c.j     pc - 12
core   0: 3 0x80007ca4 (0xbfd5)
core   0: 0x80007c98 (0x00002025) c.jal   pc + 40
core   0: 3 0x80007c98 (0x2025) x1  0x80007c9a
core   0: 0x80007cc0 (0xfebff0ef) jal     pc - 0x16
core   0: 3 0x80007cc0 (0xfebff0ef) x1  0x80007cc4
core   0: 0x80007caa (0x0000bfd5) c.j     pc - 12
core   0: 3 0x80007caa (0xbfd5)
core   0: 0x80007c9e (0xff9ff0ef) jal     pc - 0x8
core   0: 3 0x80007c9e (0xff9ff0ef) x1  0x80007ca2
core   0: 0x80007c96 (0x0000a03d) c.j     pc + 46
core   0: 3 0x80007c96 (0xa03d)
core   0: 0x80007cc4 (0x0040036f) jal     t1, pc + 0x4
core   0: 3 0x80007cc4 (0x0040036f) x6  0x80007cc8
core   0: 0x80007cc8 (0xfb9ff0ef) jal     pc - 0x48
core   0: 3 0x80007cc8 (0xfb9ff0ef) x1  0x80007ccc
core   0: 0x80007c80 (0x0000a825) c.j     pc + 56
core   0: 3 0x80007c80 (0xa825)
core   0: 0x80007cb8 (0x00003fc1) c.jal   pc - 48
core   0: 3 0x80007cb8 (0x3fc1) x1  0x80007cba
core   0: 0x80007c88 (0x0000a021) c.j     pc + 8
core   0: 3 0x80007c88 (0xa021)
core   0: 0x80007c90 (0x01c000ef) jal     pc + 0x1c
core   0: 3 0x80007c90 (0x01c000ef) x1  0x80007c94
core   0: 0x80007cac (0x0000bfdd) c.j     pc - 10
core   0: 3 0x80007cac (0xbfdd)
core   0: 0x80007ca2 (0x0000a031) c.j     pc + 12
core   0: 3 0x80007ca2 (0xa031)
core   0: 0x80007cae (0x00003ff1) c.jal   pc - 36
core   0: 3 0x80007cae (0x3ff1) x1  0x80007cb0
core   0: 0x80007c8a (0x0420056f) jal     a0, pc + 0x42
core   0: 3 0x80007c8a (0x0420056f) x10 0x80007c8e
core   0: 0x80007ccc (0x40985d33) sra     s10, a6, s1
core   0: 3 0x80007ccc (0x40985d33) x26 0x5b4bc1c6
core   0: 0x80007cd0 (0x00010c97) auipc   s9, 0x10
core   0: 3 0x80007cd0 (0x00010c97) x25 0x80017cd0
core   0: 0x80007cd4 (0x4e8c8c93) addi    s9, s9, 1256
core   0: 3 0x80007cd4 (0x4e8c8c93) x25 0x800181b8
core   0: 0x80007cd8 (0x00000001) c.nop
core   0: 3 0x80007cd8 (0x0001)
core   0: 0x80007cda (0xff0cc883) lbu     a7, -16(s9)
core   0: 3 0x80007cda (0xff0cc883) x17 0x00000000 mem 0x800181a8
core   0: 0x80007cde (0x409ad793) srai    a5, s5, 9
core   0: 3 0x80007cde (0x409ad793) x15 0x00000000
core   0: 0x80007ce2 (0x034fceb3) div     t4, t6, s4
core   0: 3 0x80007ce2 (0x034fceb3) x29 0xffffffff
core   0: 0x80007ce6 (0x028cd703) lhu     a4, 40(s9)
core   0: 3 0x80007ce6 (0x028cd703) x14 0x00000000 mem 0x800181e0
core   0: 0x80007cea (0x036b2933) mulhsu  s2, s6, s6
core   0: 3 0x80007cea (0x036b2933) x18 0x00000000
core   0: 0x80007cee (0xf0c40d93) addi    s11, s0, -244
core   0: 3 0x80007cee (0xf0c40d93) x27 0xffffff0c
core   0: 0x80007cf2 (0xff9c8183) lb      gp, -7(s9)
core   0: 3 0x80007cf2 (0xff9c8183) x3  0x00000000 mem 0x800181b1
core   0: 0x80007cf6 (0xffcc83a3) sb      t3, -25(s9)
core   0: 3 0x80007cf6 (0xffcc83a3) mem 0x8001819f 0x9a
core   0: 0x80007cfa (0x00000c8c) c.addi4spn a1, sp, 592
core   0: 3 0x80007cfa (0x0c8c) x11 0xa4b43a2a
core   0: 0x80007cfc (0x023c8aa3) sb      gp, 53(s9)
core   0: 3 0x80007cfc (0x023c8aa3) mem 0x800181ed 0x00
core   0: 0x80007d00 (0x02efa133) mulhsu  sp, t6, a4
core   0: 3 0x80007d00 (0x02efa133) x2  0x00000000
core   0: 0x80007d04 (0xfd7cc483) lbu     s1, -41(s9)
core   0: 3 0x80007d04 (0xfd7cc483) x9  0x00000000 mem 0x8001818f
core   0: 0x80007d08 (0x045c8023) sb      t0, 64(s9)
core   0: 3 0x80007d08 (0x045c8023) mem 0x800181f8 0x6c
core   0: 0x80007d0c (0xff1c8ea3) sb      a7, -3(s9)
core   0: 3 0x80007d0c (0xff1c8ea3) mem 0x800181b5 0x00
core   0: 0x80007d10 (0x00008031) c.srli  s0, 12
core   0: 3 0x80007d10 (0x8031) x8  0x00000000
core   0: 0x80007d12 (0x2b9df713) andi    a4, s11, 697
core   0: 3 0x80007d12 (0x2b9df713) x14 0x00000208
core   0: 0x80007d16 (0x02fdf933) remu    s2, s11, a5
core   0: 3 0x80007d16 (0x02fdf933) x18 0xffffff0c
core   0: 0x80007d1a (0xfd0c9023) sh      a6, -64(s9)
core   0: 3 0x80007d1a (0xfd0c9023) mem 0x80018178 0xc1c6
core   0: 0x80007d1e (0x01fcc283) lbu     t0, 31(s9)
core   0: 3 0x80007d1e (0x01fcc283) x5  0x00000000 mem 0x800181d7
core   0: 0x80007d22 (0x2753fc13) andi    s8, t2, 629
core   0: 3 0x80007d22 (0x2753fc13) x24 0x00000004
core   0: 0x80007d26 (0x01565133) srl     sp, a2, s5
core   0: 3 0x80007d26 (0x01565133) x2  0x00000000
core   0: 0x80007d2a (0x00000001) c.nop
core   0: 3 0x80007d2a (0x0001)
core   0: 0x80007d2c (0x038caa03) lw      s4, 56(s9)
core   0: 3 0x80007d2c (0x038caa03) x20 0x00000000 mem 0x800181f0
core   0: 0x80007d30 (0x00008fd1) c.or    a5, a2
core   0: 3 0x80007d30 (0x8fd1) x15 0x00000000
core   0: 0x80007d32 (0xfc0ca083) lw      ra, -64(s9)
core   0: 3 0x80007d32 (0xfc0ca083) x1  0x0000c1c6 mem 0x80018178
core   0: 0x80007d36 (0x03fcc183) lbu     gp, 63(s9)
core   0: 3 0x80007d36 (0x03fcc183) x3  0x00000000 mem 0x800181f7
core   0: 0x80007d3a (0x008fbeb3) sltu    t4, t6, s0
core   0: 3 0x80007d3a (0x008fbeb3) x29 0x00000000
core   0: 0x80007d3e (0xfc2ccf83) lbu     t6, -62(s9)
core   0: 3 0x80007d3e (0xfc2ccf83) x31 0x00000000 mem 0x8001817a
core   0: 0x80007d42 (0x00009ec2) c.add   t4, a6
core   0: 3 0x80007d42 (0x9ec2) x29 0x5b4bc1c6
core   0: 0x80007d44 (0x09fbaa93) slti    s5, s7, 159
core   0: 3 0x80007d44 (0x09fbaa93) x21 0x00000001
core   0: 0x80007d48 (0x00cc8403) lb      s0, 12(s9)
core   0: 3 0x80007d48 (0x00cc8403) x8  0x00000000 mem 0x800181c4
core   0: 0x80007d4c (0xfe1cc283) lbu     t0, -31(s9)
core   0: 3 0x80007d4c (0xfe1cc283) x5  0x00000000 mem 0x80018199
core   0: 0x80007d50 (0xd2b0a913) slti    s2, ra, -725
core   0: 3 0x80007d50 (0xd2b0a913) x18 0x00000000
core   0: 0x80007d54 (0xff0c8103) lb      sp, -16(s9)
core   0: 3 0x80007d54 (0xff0c8103) x2  0x00000000 mem 0x800181a8
core   0: 0x80007d58 (0xffacd283) lhu     t0, -6(s9)
core   0: 3 0x80007d58 (0xffacd283) x5  0x00000000 mem 0x800181b2
core   0: 0x80007d5c (0xfd5cc383) lbu     t2, -43(s9)
core   0: 3 0x80007d5c (0xfd5cc383) x7  0x00000000 mem 0x8001818d
core   0: 0x80007d60 (0xcd6e7893) andi    a7, t3, -810
core   0: 3 0x80007d60 (0xcd6e7893) x17 0x7ffe9892
core   0: 0x80007d64 (0x1bc46d13) ori     s10, s0, 444
core   0: 3 0x80007d64 (0x1bc46d13) x26 0x000001bc
core   0: 0x80007d68 (0x400ad133) sra     sp, s5, zero
core   0: 3 0x80007d68 (0x400ad133) x2  0x00000001
core   0: 0x80007d6c (0x00000d9e) c.slli  s11, 7
core   0: 3 0x80007d6c (0x0d9e) x27 0xffff8600
core   0: 0x80007d6e (0x038c8503) lb      a0, 56(s9)
core   0: 3 0x80007d6e (0x038c8503) x10 0x00000000 mem 0x800181f0
core   0: 0x80007d72 (0xfe7c8a83) lb      s5, -25(s9)
core   0: 3 0x80007d72 (0xfe7c8a83) x21 0xffffff9a mem 0x8001819f
core   0: 0x80007d76 (0x035155b3) divu    a1, sp, s5
core   0: 3 0x80007d76 (0x035155b3) x11 0x00000000
core   0: 0x80007d7a (0x00000001) c.nop
core   0: 3 0x80007d7a (0x0001)
core   0: 0x80007d7c (0x02cc8483) lb      s1, 44(s9)
core   0: 3 0x80007d7c (0x02cc8483) x9  0x00000000 mem 0x800181e4
core   0: 0x80007d80 (0x00019c97) auipc   s9, 0x19
core   0: 3 0x80007d80 (0x00019c97) x25 0x80020d80
core   0: 0x80007d84 (0x86cc8c93) addi    s9, s9, -1940
core   0: 3 0x80007d84 (0x86cc8c93) x25 0x800205ec
core   0: 0x80007d88 (0x00008ec1) c.or    a3, s0
core   0: 3 0x80007d88 (0x8ec1) x13 0x00000000
core   0: 0x80007d8a (0x00008e05) c.sub   a2, s1
core   0: 3 0x80007d8a (0x8e05) x12 0x00000000
core   0: 0x80007d8c (0xc23c8083) lb      ra, -989(s9)
core   0: 3 0x80007d8c (0xc23c8083) x1  0x00000000 mem 0x8002020f
core   0: 0x80007d90 (0xc2ec81a3) sb      a4, -989(s9)
core   0: 3 0x80007d90 (0xc2ec81a3) mem 0x8002020f 0x08
core   0: 0x80007d94 (0x412c9003) lh      zero, 1042(s9)
core   0: 3 0x80007d94 (0x412c9003) mem 0x800209fe
core   0: 0x80007d98 (0x412cd303) lhu     t1, 1042(s9)
core   0: 3 0x80007d98 (0x412cd303) x6  0x00000000 mem 0x800209fe
core   0: 0x80007d9c (0x492c9c03) lh      s8, 1170(s9)
core   0: 3 0x80007d9c (0x492c9c03) x24 0x00000000 mem 0x80020a7e
core   0: 0x80007da0 (0x197c83a3) sb      s7, 391(s9)
core   0: 3 0x80007da0 (0x197c83a3) mem 0x80020773 0x00
core   0: 0x80007da4 (0xd90c9e03) lh      t3, -624(s9)
core   0: 3 0x80007da4 (0xd90c9e03) x28 0x00000000 mem 0x8002037c
core   0: 0x80007da8 (0x824c89a3) sb      tp, -1997(s9)
core   0: 3 0x80007da8 (0x824c89a3) mem 0x8001fe1f 0x04
core   0: 0x80007dac (0xcd0c7193) andi    gp, s8, -816
core   0: 3 0x80007dac (0xcd0c7193) x3  0x00000000
core   0: 0x80007db0 (0x83ec89a3) sb      t5, -1997(s9)
core   0: 3 0x80007db0 (0x83ec89a3) mem 0x8001fe1f 0x34
core   0: 0x80007db4 (0x8aec83a3) sb      a4, -1881(s9)
core   0: 3 0x80007db4 (0x8aec83a3) mem 0x8001fe93 0x08
core   0: 0x80007db8 (0x0cac9683) lh      a3, 202(s9)
core   0: 3 0x80007db8 (0x0cac9683) x13 0x00000000 mem 0x800206b6
core   0: 0x80007dbc (0xe7dc8ba3) sb      t4, -393(s9)
core   0: 3 0x80007dbc (0xe7dc8ba3) mem 0x80020463 0xc6
core   0: 0x80007dc0 (0xe60c8ba3) sb      zero, -393(s9)
core   0: 3 0x80007dc0 (0xe60c8ba3) mem 0x80020463 0x00
core   0: 0x80007dc4 (0x00004499) c.li    s1, 6
core   0: 3 0x80007dc4 (0x4499) x9  0x00000006
core   0: 0x80007dc6 (0x007695b3) sll     a1, a3, t2
core   0: 3 0x80007dc6 (0x007695b3) x11 0x00000000
core   0: 0x80007dca (0x00000001) c.nop
core   0: 3 0x80007dca (0x0001)
core   0: 0x80007dcc (0x00981093) slli    ra, a6, 9
core   0: 3 0x80007dcc (0x00981093) x1  0x97838c00
core   0: 0x80007dd0 (0x028c4fb3) div     t6, s8, s0
core   0: 3 0x80007dd0 (0x028c4fb3) x31 0xffffffff
core   0: 0x80007dd4 (0x030e3633) mulhu   a2, t3, a6
core   0: 3 0x80007dd4 (0x030e3633) x12 0x00000000
core   0: 0x80007dd8 (0x02e60eb3) mul     t4, a2, a4
core   0: 3 0x80007dd8 (0x02e60eb3) x29 0x00000000
core   0: 0x80007ddc (0x000014f9) c.addi  s1, -2
core   0: 3 0x80007ddc (0x14f9) x9  0x00000004
core   0: 0x80007dde (0x01a0abb3) slt     s7, ra, s10
core   0: 3 0x80007dde (0x01a0abb3) x23 0x00000001
core   0: 0x80007de2 (0x0000f8fd) c.bnez  s1, pc - 10
core   0: 3 0x80007de2 (0xf8fd)
core   0: 0x80007dd8 (0x02e60eb3) mul     t4, a2, a4
core   0: 3 0x80007dd8 (0x02e60eb3) x29 0x00000000
core   0: 0x80007ddc (0x000014f9) c.addi  s1, -2
core   0: 3 0x80007ddc (0x14f9) x9  0x00000002
core   0: 0x80007dde (0x01a0abb3) slt     s7, ra, s10
core   0: 3 0x80007dde (0x01a0abb3) x23 0x00000001
core   0: 0x80007de2 (0x0000f8fd) c.bnez  s1, pc - 10
core   0: 3 0x80007de2 (0xf8fd)
core   0: 0x80007dd8 (0x02e60eb3) mul     t4, a2, a4
core   0: 3 0x80007dd8 (0x02e60eb3) x29 0x00000000
core   0: 0x80007ddc (0x000014f9) c.addi  s1, -2
core   0: 3 0x80007ddc (0x14f9) x9  0x00000000
core   0: 0x80007dde (0x01a0abb3) slt     s7, ra, s10
core   0: 3 0x80007dde (0x01a0abb3) x23 0x00000001
core   0: 0x80007de2 (0x0000f8fd) c.bnez  s1, pc - 10
core   0: 3 0x80007de2 (0xf8fd)
core   0: 0x80007de4 (0x02ebacb3) mulhsu  s9, s7, a4
core   0: 3 0x80007de4 (0x02ebacb3) x25 0x00000000
core   0: 0x80007de8 (0x00009c17) auipc   s8, 0x9
core   0: 3 0x80007de8 (0x00009c17) x24 0x80010de8
core   0: 0x80007dec (0xc76c0c13) addi    s8, s8, -906
core   0: 3 0x80007dec (0xc76c0c13) x24 0x80010a5e
core   0: 0x80007df0 (0xf3828393) addi    t2, t0, -200
core   0: 3 0x80007df0 (0xf3828393) x7  0xffffff38
core   0: 0x80007df4 (0x02ec38b3) mulhu   a7, s8, a4
core   0: 3 0x80007df4 (0x02ec38b3) x17 0x00000104
core   0: 0x80007df8 (0x00bc0883) lb      a7, 11(s8)
core   0: 3 0x80007df8 (0x00bc0883) x17 0x00000000 mem 0x80010a69
core   0: 0x80007dfc (0xffcc0203) lb      tp, -4(s8)
core   0: 3 0x80007dfc (0xffcc0203) x4  0x00000000 mem 0x80010a5a
core   0: 0x80007e00 (0xfe3c0ca3) sb      gp, -7(s8)
core   0: 3 0x80007e00 (0xfe3c0ca3) mem 0x80010a57 0x00
core   0: 0x80007e04 (0x039f3b33) mulhu   s6, t5, s9
core   0: 3 0x80007e04 (0x039f3b33) x22 0x00000000
core   0: 0x80007e08 (0x0078db33) srl     s6, a7, t2
core   0: 3 0x80007e08 (0x0078db33) x22 0x00000000
core   0: 0x80007e0c (0x004c1183) lh      gp, 4(s8)
core   0: 3 0x80007e0c (0x004c1183) x3  0x00000000 mem 0x80010a62
core   0: 0x80007e10 (0x9b017c93) andi    s9, sp, -1616
core   0: 3 0x80007e10 (0x9b017c93) x25 0x00000000
core   0: 0x80007e14 (0x00dc0603) lb      a2, 13(s8)
core   0: 3 0x80007e14 (0x00dc0603) x12 0x00000000 mem 0x80010a6b
core   0: 0x80007e18 (0xff5c4383) lbu     t2, -11(s8)
core   0: 3 0x80007e18 (0xff5c4383) x7  0x00000000 mem 0x80010a53
core   0: 0x80007e1c (0x00d7da93) srli    s5, a5, 13
core   0: 3 0x80007e1c (0x00d7da93) x21 0x00000000
core   0: 0x80007e20 (0x00008f55) c.or    a4, a3
core   0: 3 0x80007e20 (0x8f55) x14 0x00000208
core   0: 0x80007e22 (0xfecc09a3) sb      a2, -13(s8)
core   0: 3 0x80007e22 (0xfecc09a3) mem 0x80010a51 0x00
core   0: 0x80007e26 (0x03274b33) div     s6, a4, s2
core   0: 3 0x80007e26 (0x03274b33) x22 0xffffffff
core   0: 0x80007e2a (0x00006d99) c.lui   s11, 0x6
core   0: 3 0x80007e2a (0x6d99) x27 0x00006000
core   0: 0x80007e2c (0x01ac0623) sb      s10, 12(s8)
core   0: 3 0x80007e2c (0x01ac0623) mem 0x80010a6a 0xbc
core   0: 0x80007e30 (0xff0c0ca3) sb      a6, -7(s8)
core   0: 3 0x80007e30 (0xff0c0ca3) mem 0x80010a57 0xc6
core   0: 0x80007e34 (0x033b5933) divu    s2, s6, s3
core   0: 3 0x80007e34 (0x033b5933) x18 0x00000001
core   0: 0x80007e38 (0x00004cd1) c.li    s9, 20
core   0: 3 0x80007e38 (0x4cd1) x25 0x00000014
core   0: 0x80007e3a (0x000007f2) c.slli  a5, 28
core   0: 3 0x80007e3a (0x07f2) x15 0x00000000
core   0: 0x80007e3c (0xff3c0a03) lb      s4, -13(s8)
core   0: 3 0x80007e3c (0xff3c0a03) x20 0x00000000 mem 0x80010a51
core   0: 0x80007e40 (0x00000001) c.nop
core   0: 3 0x80007e40 (0x0001)
core   0: 0x80007e42 (0x005c02a3) sb      t0, 5(s8)
core   0: 3 0x80007e42 (0x005c02a3) mem 0x80010a63 0x00
core   0: 0x80007e46 (0x0000177d) c.addi  a4, -1
core   0: 3 0x80007e46 (0x177d) x14 0x00000207
core   0: 0x80007e48 (0x005d30b3) sltu    ra, s10, t0
core   0: 3 0x80007e48 (0x005d30b3) x1  0x00000000
core   0: 0x80007e4c (0x012c05a3) sb      s2, 11(s8)
core   0: 3 0x80007e4c (0x012c05a3) mem 0x80010a69 0x01
core   0: 0x80007e50 (0x000006dd) c.addi  a3, 23
core   0: 3 0x80007e50 (0x06dd) x13 0x00000017
core   0: 0x80007e52 (0x027d0533) mul     a0, s10, t2
core   0: 3 0x80007e52 (0x027d0533) x10 0x00000000
core   0: 0x80007e56 (0x340b7737) lui     a4, 0x340b7
core   0: 3 0x80007e56 (0x340b7737) x14 0x340b7000
core   0: 0x80007e5a (0x01759eb3) sll     t4, a1, s7
core   0: 3 0x80007e5a (0x01759eb3) x29 0x00000000
core   0: 0x80007e5e (0x00000488) c.addi4spn a0, sp, 576
core   0: 3 0x80007e5e (0x0488) x10 0x00000241
core   0: 0x80007e60 (0x00008c79) c.and   s0, a4
core   0: 3 0x80007e60 (0x8c79) x8  0x00000000
core   0: 0x80007e62 (0xff4c0823) sb      s4, -16(s8)
core   0: 3 0x80007e62 (0xff4c0823) mem 0x80010a4e 0x00
core   0: 0x80007e66 (0x0e9f0517) auipc   a0, 0xe9f0
core   0: 3 0x80007e66 (0x0e9f0517) x10 0x8e9f7e66
core   0: 0x80007e6a (0x039d4233) div     tp, s10, s9
core   0: 3 0x80007e6a (0x039d4233) x4  0x00000016
core   0: 0x80007e6e (0xff1c0a83) lb      s5, -15(s8)
core   0: 3 0x80007e6e (0xff1c0a83) x21 0x00000000 mem 0x80010a4f
core   0: 0x80007e72 (0x00000001) c.nop
core   0: 3 0x80007e72 (0x0001)
core   0: 0x80007e74 (0x2fa70f93) addi    t6, a4, 762
core   0: 3 0x80007e74 (0x2fa70f93) x31 0x340b72fa
core   0: 0x80007e78 (0xff7c4503) lbu     a0, -9(s8)
core   0: 3 0x80007e78 (0xff7c4503) x10 0x00000000 mem 0x80010a55
core   0: 0x80007e7c (0x010c1423) sh      a6, 8(s8)
core   0: 3 0x80007e7c (0x010c1423) mem 0x80010a66 0xc1c6
core   0: 0x80007e80 (0xff5c0823) sb      s5, -16(s8)
core   0: 3 0x80007e80 (0xff5c0823) mem 0x80010a4e 0x00
core   0: 0x80007e84 (0xff8c1303) lh      t1, -8(s8)
core   0: 3 0x80007e84 (0xff8c1303) x6  0xffffc600 mem 0x80010a56
core   0: 0x80007e88 (0x002c4483) lbu     s1, 2(s8)
core   0: 3 0x80007e88 (0x002c4483) x9  0x00000000 mem 0x80010a60
core   0: 0x80007e8c (0x4589f893) andi    a7, s3, 1112
core   0: 3 0x80007e8c (0x4589f893) x17 0x00000400
core   0: 0x80007e90 (0x007c4383) lbu     t2, 7(s8)
core   0: 3 0x80007e90 (0x007c4383) x7  0x00000000 mem 0x80010a65
core   0: 0x80007e94 (0x01b3a7b3) slt     a5, t2, s11
core   0: 3 0x80007e94 (0x01b3a7b3) x15 0x00000001
core   0: 0x80007e98 (0x00308233) add     tp, ra, gp
core   0: 3 0x80007e98 (0x00308233) x4  0x00000000
core   0: 0x80007e9c (0x00000662) c.slli  a2, 24
core   0: 3 0x80007e9c (0x0662) x12 0x00000000
core   0: 0x80007e9e (0x006c2403) lw      s0, 6(s8)
core   0: 3 0x80007e9e (0x006c2403) x8  0xc1c60000 mem 0x80010a64
core   0: 0x80007ea2 (0x0300036f) jal     t1, pc + 0x30
core   0: 3 0x80007ea2 (0x0300036f) x6  0x80007ea6
core   0: 0x80007ed2 (0x000037d5) c.jal   pc - 28
core   0: 3 0x80007ed2 (0x37d5) x1  0x80007ed4
core   0: 0x80007eb6 (0x0000280d) c.jal   pc + 50
core   0: 3 0x80007eb6 (0x280d) x1  0x80007eb8
core   0: 0x80007ee8 (0xfdfff0ef) jal     pc - 0x22
core   0: 3 0x80007ee8 (0xfdfff0ef) x1  0x80007eec
core   0: 0x80007ec6 (0x0000bfd5) c.j     pc - 12
core   0: 3 0x80007ec6 (0xbfd5)
core   0: 0x80007eba (0xff9ff0ef) jal     pc - 0x8
core   0: 3 0x80007eba (0xff9ff0ef) x1  0x80007ebe
core   0: 0x80007eb2 (0x026000ef) jal     pc + 0x26
core   0: 3 0x80007eb2 (0x026000ef) x1  0x80007eb6
core   0: 0x80007ed8 (0xfe7ff0ef) jal     pc - 0x1a
core   0: 3 0x80007ed8 (0xfe7ff0ef) x1  0x80007edc
core   0: 0x80007ebe (0x01e0036f) jal     t1, pc + 0x1e
core   0: 3 0x80007ebe (0x01e0036f) x6  0x80007ec2
core   0: 0x80007edc (0x0060036f) jal     t1, pc + 0x6
core   0: 3 0x80007edc (0x0060036f) x6  0x80007ee0
core   0: 0x80007ee2 (0xff3ff0ef) jal     pc - 0xe
core   0: 3 0x80007ee2 (0xff3ff0ef) x1  0x80007ee6
core   0: 0x80007ed4 (0xff5ff0ef) jal     pc - 0xc
core   0: 3 0x80007ed4 (0xff5ff0ef) x1  0x80007ed8
core   0: 0x80007ec8 (0x000037dd) c.jal   pc - 26
core   0: 3 0x80007ec8 (0x37dd) x1  0x80007eca
core   0: 0x80007eae (0x014000ef) jal     pc + 0x14
core   0: 3 0x80007eae (0x014000ef) x1  0x80007eb2
core   0: 0x80007ec2 (0x000037ed) c.jal   pc - 22
core   0: 3 0x80007ec2 (0x37ed) x1  0x80007ec4
core   0: 0x80007eac (0x00002089) c.jal   pc + 66
core   0: 3 0x80007eac (0x2089) x1  0x80007eae
core   0: 0x80007eee (0xfffff0ef) jal     pc - 0x2
core   0: 3 0x80007eee (0xfffff0ef) x1  0x80007ef2
core   0: 0x80007eec (0x00003fe1) c.jal   pc - 40
core   0: 3 0x80007eec (0x3fe1) x1  0x80007eee
core   0: 0x80007ec4 (0x00002019) c.jal   pc + 6
core   0: 3 0x80007ec4 (0x2019) x1  0x80007ec6
core   0: 0x80007eca (0x00002819) c.jal   pc + 22
core   0: 3 0x80007eca (0x2819) x1  0x80007ecc
core   0: 0x80007ee0 (0x000037fd) c.jal   pc - 18
core   0: 3 0x80007ee0 (0x37fd) x1  0x80007ee2
core   0: 0x80007ece (0xfffff0ef) jal     pc - 0x2
core   0: 3 0x80007ece (0xfffff0ef) x1  0x80007ed2
core   0: 0x80007ecc (0x0000a829) c.j     pc + 26
core   0: 3 0x80007ecc (0xa829)
core   0: 0x80007ee6 (0x00003fc9) c.jal   pc - 46
core   0: 3 0x80007ee6 (0x3fc9) x1  0x80007ee8
core   0: 0x80007eb8 (0x00003fc5) c.jal   pc - 16
core   0: 3 0x80007eb8 (0x3fc5) x1  0x80007eba
core   0: 0x80007ea8 (0xfffff6ef) jal     a3, pc - 0x2
core   0: 3 0x80007ea8 (0xfffff6ef) x13 0x80007eac
core   0: 0x80007ea6 (0x0000a0b1) c.j     pc + 76
core   0: 3 0x80007ea6 (0xa0b1)
core   0: 0x80007ef2 (0x00008525) c.srai  a0, 9
core   0: 3 0x80007ef2 (0x8525) x10 0x00000000
core   0: 0x80007ef4 (0x00005e71) c.li    t3, -4
core   0: 3 0x80007ef4 (0x5e71) x28 0xfffffffc
core   0: 0x80007ef6 (0x00004ac9) c.li    s5, 18
core   0: 3 0x80007ef6 (0x4ac9) x21 0x00000012
core   0: 0x80007ef8 (0x01579db3) sll     s11, a5, s5
core   0: 3 0x80007ef8 (0x01579db3) x27 0x00040000
core   0: 0x80007efc (0x01819a33) sll     s4, gp, s8
core   0: 3 0x80007efc (0x01819a33) x20 0x00000000
core   0: 0x80007f00 (0x0020fb33) and     s6, ra, sp
core   0: 3 0x80007f00 (0x0020fb33) x22 0x00000000
core   0: 0x80007f04 (0x000081f2) c.mv    gp, t3
core   0: 3 0x80007f04 (0x81f2) x3  0xfffffffc
core   0: 0x80007f06 (0x00000e21) c.addi  t3, 8
core   0: 3 0x80007f06 (0x0e21) x28 0x00000004
core   0: 0x80007f08 (0xe0cdea13) ori     s4, s11, -500
core   0: 3 0x80007f08 (0xe0cdea13) x20 0xfffffe0c
core   0: 0x80007f0c (0x00004611) c.li    a2, 4
core   0: 3 0x80007f0c (0x4611) x12 0x00000004
core   0: 0x80007f0e (0x0000479d) c.li    a5, 7
core   0: 3 0x80007f0e (0x479d) x15 0x00000007
core   0: 0x80007f10 (0x0000627d) c.lui   tp, 0x1f
core   0: 3 0x80007f10 (0x627d) x4  0x0001f000
core   0: 0x80007f12 (0x003b4db3) xor     s11, s6, gp
core   0: 3 0x80007f12 (0x003b4db3) x27 0xfffffffc
core   0: 0x80007f16 (0x351455b7) lui     a1, 0x35145
core   0: 3 0x80007f16 (0x351455b7) x11 0x35145000
core   0: 0x80007f1a (0x015a76b3) and     a3, s4, s5
core   0: 3 0x80007f1a (0x015a76b3) x13 0x00000000
core   0: 0x80007f1e (0x00000619) c.addi  a2, 6
core   0: 3 0x80007f1e (0x0619) x12 0x0000000a
core   0: 0x80007f20 (0x00000001) c.nop
core   0: 3 0x80007f20 (0x0001)
core   0: 0x80007f22 (0xfef64ae3) blt     a2, a5, pc - 12
core   0: 3 0x80007f22 (0xfef64ae3)
core   0: 0x80007f26 (0x00008f35) c.xor   a4, a3
core   0: 3 0x80007f26 (0x8f35) x14 0x340b7000
core   0: 0x80007f28 (0x9a74ab13) slti    s6, s1, -1625
core   0: 3 0x80007f28 (0x9a74ab13) x22 0x00000000
core   0: 0x80007f2c (0xfd5e6ce3) bltu    t3, s5, pc - 40
core   0: 3 0x80007f2c (0xfd5e6ce3)
core   0: 0x80007f04 (0x000081f2) c.mv    gp, t3
core   0: 3 0x80007f04 (0x81f2) x3  0x00000004
core   0: 0x80007f06 (0x00000e21) c.addi  t3, 8
core   0: 3 0x80007f06 (0x0e21) x28 0x0000000c
core   0: 0x80007f08 (0xe0cdea13) ori     s4, s11, -500
core   0: 3 0x80007f08 (0xe0cdea13) x20 0xfffffffc
core   0: 0x80007f0c (0x00004611) c.li    a2, 4
core   0: 3 0x80007f0c (0x4611) x12 0x00000004
core   0: 0x80007f0e (0x0000479d) c.li    a5, 7
core   0: 3 0x80007f0e (0x479d) x15 0x00000007
core   0: 0x80007f10 (0x0000627d) c.lui   tp, 0x1f
core   0: 3 0x80007f10 (0x627d) x4  0x0001f000
core   0: 0x80007f12 (0x003b4db3) xor     s11, s6, gp
core   0: 3 0x80007f12 (0x003b4db3) x27 0x00000004
core   0: 0x80007f16 (0x351455b7) lui     a1, 0x35145
core   0: 3 0x80007f16 (0x351455b7) x11 0x35145000
core   0: 0x80007f1a (0x015a76b3) and     a3, s4, s5
core   0: 3 0x80007f1a (0x015a76b3) x13 0x00000010
core   0: 0x80007f1e (0x00000619) c.addi  a2, 6
core   0: 3 0x80007f1e (0x0619) x12 0x0000000a
core   0: 0x80007f20 (0x00000001) c.nop
core   0: 3 0x80007f20 (0x0001)
core   0: 0x80007f22 (0xfef64ae3) blt     a2, a5, pc - 12
core   0: 3 0x80007f22 (0xfef64ae3)
core   0: 0x80007f26 (0x00008f35) c.xor   a4, a3
core   0: 3 0x80007f26 (0x8f35) x14 0x340b7010
core   0: 0x80007f28 (0x9a74ab13) slti    s6, s1, -1625
core   0: 3 0x80007f28 (0x9a74ab13) x22 0x00000000
core   0: 0x80007f2c (0xfd5e6ce3) bltu    t3, s5, pc - 40
core   0: 3 0x80007f2c (0xfd5e6ce3)
core   0: 0x80007f04 (0x000081f2) c.mv    gp, t3
core   0: 3 0x80007f04 (0x81f2) x3  0x0000000c
core   0: 0x80007f06 (0x00000e21) c.addi  t3, 8
core   0: 3 0x80007f06 (0x0e21) x28 0x00000014
core   0: 0x80007f08 (0xe0cdea13) ori     s4, s11, -500
core   0: 3 0x80007f08 (0xe0cdea13) x20 0xfffffe0c
core   0: 0x80007f0c (0x00004611) c.li    a2, 4
core   0: 3 0x80007f0c (0x4611) x12 0x00000004
core   0: 0x80007f0e (0x0000479d) c.li    a5, 7
core   0: 3 0x80007f0e (0x479d) x15 0x00000007
core   0: 0x80007f10 (0x0000627d) c.lui   tp, 0x1f
core   0: 3 0x80007f10 (0x627d) x4  0x0001f000
core   0: 0x80007f12 (0x003b4db3) xor     s11, s6, gp
core   0: 3 0x80007f12 (0x003b4db3) x27 0x0000000c
core   0: 0x80007f16 (0x351455b7) lui     a1, 0x35145
core   0: 3 0x80007f16 (0x351455b7) x11 0x35145000
core   0: 0x80007f1a (0x015a76b3) and     a3, s4, s5
core   0: 3 0x80007f1a (0x015a76b3) x13 0x00000000
core   0: 0x80007f1e (0x00000619) c.addi  a2, 6
core   0: 3 0x80007f1e (0x0619) x12 0x0000000a
core   0: 0x80007f20 (0x00000001) c.nop
core   0: 3 0x80007f20 (0x0001)
core   0: 0x80007f22 (0xfef64ae3) blt     a2, a5, pc - 12
core   0: 3 0x80007f22 (0xfef64ae3)
core   0: 0x80007f26 (0x00008f35) c.xor   a4, a3
core   0: 3 0x80007f26 (0x8f35) x14 0x340b7010
core   0: 0x80007f28 (0x9a74ab13) slti    s6, s1, -1625
core   0: 3 0x80007f28 (0x9a74ab13) x22 0x00000000
core   0: 0x80007f2c (0xfd5e6ce3) bltu    t3, s5, pc - 40
core   0: 3 0x80007f2c (0xfd5e6ce3)
core   0: 0x80007f30 (0x0000597d) c.li    s2, -1
core   0: 3 0x80007f30 (0x597d) x18 0xffffffff
core   0: 0x80007f32 (0x00008117) auipc   sp, 0x8
core   0: 3 0x80007f32 (0x00008117) x2  0x8000ff32
core   0: 0x80007f36 (0x20010113) addi    sp, sp, 512
core   0: 3 0x80007f36 (0x20010113) x2  0x80010132
core   0: 0x80007f3a (0x05d10603) lb      a2, 93(sp)
core   0: 3 0x80007f3a (0x05d10603) x12 0x00000000 mem 0x8001018f
core   0: 0x80007f3e (0x00fc5c33) srl     s8, s8, a5
core   0: 3 0x80007f3e (0x00fc5c33) x24 0x01000214
core   0: 0x80007f42 (0xfb714483) lbu     s1, -73(sp)
core   0: 3 0x80007f42 (0xfb714483) x9  0x000000c6 mem 0x800100e9
core   0: 0x80007f46 (0x0c510c03) lb      s8, 197(sp)
core   0: 3 0x80007f46 (0x0c510c03) x24 0x00000000 mem 0x800101f7
core   0: 0x80007f4a (0x09811323) sh      s8, 134(sp)
core   0: 3 0x80007f4a (0x09811323) mem 0x800101b8 0x0000
core   0: 0x80007f4e (0x0e910003) lb      zero, 233(sp)
core   0: 3 0x80007f4e (0x0e910003) mem 0x8001021b
core   0: 0x80007f52 (0x00904033) xor     zero, zero, s1
core   0: 3 0x80007f52 (0x00904033)
core   0: 0x80007f56 (0xfdc14603) lbu     a2, -36(sp)
core   0: 3 0x80007f56 (0xfdc14603) x12 0x00000000 mem 0x8001010e
core   0: 0x80007f5a (0x0d410c03) lb      s8, 212(sp)
core   0: 3 0x80007f5a (0x0d410c03) x24 0x00000000 mem 0x80010206
core   0: 0x80007f5e (0x0b415783) lhu     a5, 180(sp)
core   0: 3 0x80007f5e (0x0b415783) x15 0x00000000 mem 0x800101e6
core   0: 0x80007f62 (0x00000c56) c.slli  s8, 21
core   0: 3 0x80007f62 (0x0c56) x24 0x00000000
core   0: 0x80007f64 (0x000088dd) c.andi  s1, 23
core   0: 3 0x80007f64 (0x88dd) x9  0x00000006
core   0: 0x80007f66 (0x029c2033) mulhsu  zero, s8, s1
core   0: 3 0x80007f66 (0x029c2033)
core   0: 0x80007f6a (0x0094d633) srl     a2, s1, s1
core   0: 3 0x80007f6a (0x0094d633) x12 0x00000000
core   0: 0x80007f6e (0x06e14783) lbu     a5, 110(sp)
core   0: 3 0x80007f6e (0x06e14783) x15 0x00000000 mem 0x800101a0
core   0: 0x80007f72 (0x01a61193) slli    gp, a2, 26
core   0: 3 0x80007f72 (0x01a61193) x3  0x00000000
core   0: 0x80007f76 (0x803c6613) ori     a2, s8, -2045
core   0: 3 0x80007f76 (0x803c6613) x12 0xfffff803
core   0: 0x80007f7a (0x40465193) srai    gp, a2, 4
core   0: 3 0x80007f7a (0x40465193) x3  0xffffff80
core   0: 0x80007f7e (0x01401493) slli    s1, zero, 20
core   0: 3 0x80007f7e (0x01401493) x9  0x00000000
core   0: 0x80007f82 (0x00008f9d) c.sub   a5, a5
core   0: 3 0x80007f82 (0x8f9d) x15 0x00000000
core   0: 0x80007f84 (0x0a9109a3) sb      s1, 179(sp)
core   0: 3 0x80007f84 (0x0a9109a3) mem 0x800101e5 0x00
core   0: 0x80007f88 (0x02910e23) sb      s1, 60(sp)
core   0: 3 0x80007f88 (0x02910e23) mem 0x8001016e 0x00
core   0: 0x80007f8c (0xf4014c03) lbu     s8, -192(sp)
core   0: 3 0x80007f8c (0xf4014c03) x24 0x00000000 mem 0x80010072
core   0: 0x80007f90 (0x86002613) slti    a2, zero, -1952
core   0: 3 0x80007f90 (0x86002613) x12 0x00000000
core   0: 0x80007f94 (0x02a11c03) lh      s8, 42(sp)
core   0: 3 0x80007f94 (0x02a11c03) x24 0x00000000 mem 0x8001015c
core   0: 0x80007f98 (0x00c1c033) xor     zero, gp, a2
core   0: 3 0x80007f98 (0x00c1c033)
core   0: 0x80007f9c (0x08f104a3) sb      a5, 137(sp)
core   0: 3 0x80007f9c (0x08f104a3) mem 0x800101bb 0x00
core   0: 0x80007fa0 (0x00008c85) c.sub   s1, s1
core   0: 3 0x80007fa0 (0x8c85) x9  0x00000000
core   0: 0x80007fa2 (0xf4310423) sb      gp, -184(sp)
core   0: 3 0x80007fa2 (0xf4310423) mem 0x8001007a 0x80
core   0: 0x80007fa6 (0xf4a12483) lw      s1, -182(sp)
core   0: 3 0x80007fa6 (0xf4a12483) x9  0x00000000 mem 0x8001007c
core   0: 0x80007faa (0x00008cc5) c.or    s1, s1
core   0: 3 0x80007faa (0x8cc5) x9  0x00000000
core   0: 0x80007fac (0xc4078c13) addi    s8, a5, -960
core   0: 3 0x80007fac (0xc4078c13) x24 0xfffffc40
core   0: 0x80007fb0 (0xf23109a3) sb      gp, -205(sp)
core   0: 3 0x80007fb0 (0xf23109a3) mem 0x80010065 0x80
core   0: 0x80007fb4 (0xf7615c03) lhu     s8, -138(sp)
core   0: 3 0x80007fb4 (0xf7615c03) x24 0x00000000 mem 0x800100a8
core   0: 0x80007fb8 (0xfcc107a3) sb      a2, -49(sp)
core   0: 3 0x80007fb8 (0xfcc107a3) mem 0x80010101 0x00
core   0: 0x80007fbc (0xd9ac7193) andi    gp, s8, -614
core   0: 3 0x80007fbc (0xd9ac7193) x3  0x00000000
core   0: 0x80007fc0 (0x00000001) c.nop
core   0: 3 0x80007fc0 (0x0001)
core   0: 0x80007fc2 (0x00f1a1b3) slt     gp, gp, a5
core   0: 3 0x80007fc2 (0x00f1a1b3) x3  0x00000000
core   0: 0x80007fc6 (0xfc114183) lbu     gp, -63(sp)
core   0: 3 0x80007fc6 (0xfc114183) x3  0x00000000 mem 0x800100f3
core   0: 0x80007fca (0x04312723) sw      gp, 78(sp)
core   0: 3 0x80007fca (0x04312723) mem 0x80010180 0x00000000
core   0: 0x80007fce (0x000083cd) c.srli  a5, 19
core   0: 3 0x80007fce (0x83cd) x15 0x00000000
core   0: 0x80007fd0 (0xf4f14783) lbu     a5, -177(sp)
core   0: 3 0x80007fd0 (0xf4f14783) x15 0x00000000 mem 0x80010081
core   0: 0x80007fd4 (0x03215603) lhu     a2, 50(sp)
core   0: 3 0x80007fd4 (0x03215603) x12 0x00000000 mem 0x80010164
core   0: 0x80007fd8 (0x08d14c03) lbu     s8, 141(sp)
core   0: 3 0x80007fd8 (0x08d14c03) x24 0x00000000 mem 0x800101bf
core   0: 0x80007fdc (0x00510783) lb      a5, 5(sp)
core   0: 3 0x80007fdc (0x00510783) x15 0x00000000 mem 0x80010137
core   0: 0x80007fe0 (0x00c657b3) srl     a5, a2, a2
core   0: 3 0x80007fe0 (0x00c657b3) x15 0x00000000
core   0: 0x80007fe4 (0x0f914183) lbu     gp, 249(sp)
core   0: 3 0x80007fe4 (0x0f914183) x3  0x00000000 mem 0x8001022b
core   0: 0x80007fe8 (0x0097dc33) srl     s8, a5, s1
core   0: 3 0x80007fe8 (0x0097dc33) x24 0x00000000
core   0: 0x80007fec (0x02f1ac33) mulhsu  s8, gp, a5
core   0: 3 0x80007fec (0x02f1ac33) x24 0x00000000
core   0: 0x80007ff0 (0x00815603) lhu     a2, 8(sp)
core   0: 3 0x80007ff0 (0x00815603) x12 0x00000000 mem 0x8001013a
core   0: 0x80007ff4 (0x01f10183) lb      gp, 31(sp)
core   0: 3 0x80007ff4 (0x01f10183) x3  0x00000000 mem 0x80010151
core   0: 0x80007ff8 (0x00015297) auipc   t0, 0x15
core   0: 3 0x80007ff8 (0x00015297) x5  0x8001cff8
core   0: 0x80007ffc (0x00b28293) addi    t0, t0, 11
core   0: 3 0x80007ffc (0x00b28293) x5  0x8001d003
core   0: 0x80008000 (0x5b22c783) lbu     a5, 1458(t0)
core   0: 3 0x80008000 (0x5b22c783) x15 0x00000000 mem 0x8001d5b5
core   0: 0x80008004 (0x00009a32) c.add   s4, a2
core   0: 3 0x80008004 (0x9a32) x20 0xfffffe0c
core   0: 0x80008006 (0x00006651) c.lui   a2, 0x14
core   0: 3 0x80008006 (0x6651) x12 0x00014000
core   0: 0x80008008 (0x00001594) c.addi4spn a3, sp, 736
core   0: 3 0x80008008 (0x1594) x13 0x80010412
core   0: 0x8000800a (0x00009b7d) c.andi  a4, -1
core   0: 3 0x8000800a (0x9b7d) x14 0x340b7010
core   0: 0x8000800c (0x1ab29b83) lh      s7, 427(t0)
core   0: 3 0x8000800c (0x1ab29b83) x23 0x00000000 mem 0x8001d1ae
core   0: 0x80008010 (0x40bcddb3) sra     s11, s9, a1
core   0: 3 0x80008010 (0x40bcddb3) x27 0x00000014
core   0: 0x80008014 (0x58228683) lb      a3, 1410(t0)
core   0: 3 0x80008014 (0x58228683) x13 0x00000000 mem 0x8001d585
core   0: 0x80008018 (0x019ee233) or      tp, t4, s9
core   0: 3 0x80008018 (0x019ee233) x4  0x00000014
core   0: 0x8000801c (0x0000717d) c.addi16sp sp, -16
core   0: 3 0x8000801c (0x717d) x2  0x80010122
core   0: 0x8000801e (0x79262793) slti    a5, a2, 1938
core   0: 3 0x8000801e (0x79262793) x15 0x00000000
core   0: 0x80008022 (0x2752a8a3) sw      s5, 625(t0)
core   0: 3 0x80008022 (0x2752a8a3) mem 0x8001d274 0x00000012
core   0: 0x80008026 (0xb152d003) lhu     zero, -1259(t0)
core   0: 3 0x80008026 (0xb152d003) mem 0x8001cb18
core   0: 0x8000802a (0x010424b3) slt     s1, s0, a6
core   0: 3 0x8000802a (0x010424b3) x9  0x00000001
core   0: 0x8000802e (0x630c7613) andi    a2, s8, 1584
core   0: 3 0x8000802e (0x630c7613) x12 0x00000000
core   0: 0x80008032 (0x016db5b3) sltu    a1, s11, s6
core   0: 3 0x80008032 (0x016db5b3) x11 0x00000000
core   0: 0x80008036 (0x0000717d) c.addi16sp sp, -16
core   0: 3 0x80008036 (0x717d) x2  0x80010112
core   0: 0x80008038 (0xbf03f497) auipc   s1, 0xbf03f
core   0: 3 0x80008038 (0xbf03f497) x9  0x3f047038
core   0: 0x8000803c (0xd7f293a3) sh      t6, -665(t0)
core   0: 3 0x8000803c (0xd7f293a3) mem 0x8001cd6a 0x72fa
core   0: 0x80008040 (0x00000001) c.nop
core   0: 3 0x80008040 (0x0001)
core   0: 0x80008042 (0xaa42cb83) lbu     s7, -1372(t0)
core   0: 3 0x80008042 (0xaa42cb83) x23 0x00000000 mem 0x8001caa7
core   0: 0x80008046 (0x039a5d33) divu    s10, s4, s9
core   0: 3 0x80008046 (0x039a5d33) x26 0x0cccccb3
core   0: 0x8000804a (0xf4028e23) sb      zero, -164(t0)
core   0: 3 0x8000804a (0xf4028e23) mem 0x8001cf5f 0x00
core   0: 0x8000804e (0xdb129583) lh      a1, -591(t0)
core   0: 3 0x8000804e (0xdb129583) x11 0x00000000 mem 0x8001cdb4
core   0: 0x80008052 (0x01ecd333) srl     t1, s9, t5
core   0: 3 0x80008052 (0x01ecd333) x6  0x00000000
core   0: 0x80008056 (0x12528b23) sb      t0, 310(t0)
core   0: 3 0x80008056 (0x12528b23) mem 0x8001d139 0x03
core   0: 0x8000805a (0x56f2dd83) lhu     s11, 1391(t0)
core   0: 3 0x8000805a (0x56f2dd83) x27 0x00000000 mem 0x8001d572
core   0: 0x8000805e (0x01da5933) srl     s2, s4, t4
core   0: 3 0x8000805e (0x01da5933) x18 0xfffffe0c
core   0: 0x80008062 (0x76528c23) sb      t0, 1912(t0)
core   0: 3 0x80008062 (0x76528c23) mem 0x8001d77b 0x03
core   0: 0x80008066 (0x03838233) mul     tp, t2, s8
core   0: 3 0x80008066 (0x03838233) x4  0x00000000
core   0: 0x8000806a (0x00008629) c.srai  a2, 10
core   0: 3 0x8000806a (0x8629) x12 0x00000000
core   0: 0x8000806c (0x00008d05) c.sub   a0, s1
core   0: 3 0x8000806c (0x8d05) x10 0xc0fb8fc8
core   0: 0x8000806e (0x41190c33) sub     s8, s2, a7
core   0: 3 0x8000806e (0x41190c33) x24 0xfffffa0c
core   0: 0x80008072 (0x87d2d303) lhu     t1, -1923(t0)
core   0: 3 0x80008072 (0x87d2d303) x6  0x00000000 mem 0x8001c880
core   0: 0x80008076 (0x00fb2033) slt     zero, s6, a5
core   0: 3 0x80008076 (0x00fb2033)
core   0: 0x8000807a (0x0000717d) c.addi16sp sp, -16
core   0: 3 0x8000807a (0x717d) x2  0x80010102
core   0: 0x8000807c (0x0045d533) srl     a0, a1, tp
core   0: 3 0x8000807c (0x0045d533) x10 0x00000000
core   0: 0x80008080 (0x02e4ca33) div     s4, s1, a4
core   0: 3 0x80008080 (0x02e4ca33) x20 0x00000001
core   0: 0x80008084 (0x00008c15) c.sub   s0, a3
core   0: 3 0x80008084 (0x8c15) x8  0xc1c60000
core   0: 0x80008086 (0x8bd29903) lh      s2, -1859(t0)
core   0: 3 0x80008086 (0x8bd29903) x18 0x00000000 mem 0x8001c8c0
core   0: 0x8000808a (0x0220036f) jal     t1, pc + 0x22
core   0: 3 0x8000808a (0x0220036f) x6  0x8000808e
core   0: 0x800080ac (0x0000a015) c.j     pc + 36
core   0: 3 0x800080ac (0xa015)
core   0: 0x800080d0 (0x00003f7d) c.jal   pc - 66
core   0: 3 0x800080d0 (0x3f7d) x1  0x800080d2
core   0: 0x8000808e (0x00002009) c.jal   pc + 2
core   0: 3 0x8000808e (0x2009) x1  0x80008090
core   0: 0x80008090 (0x0000a029) c.j     pc + 10
core   0: 3 0x80008090 (0xa029)
core   0: 0x8000809a (0x01a000ef) jal     pc + 0x1a
core   0: 3 0x8000809a (0x01a000ef) x1  0x8000809e
core   0: 0x800080b4 (0xfe5ff36f) jal     t1, pc - 0x1c
core   0: 3 0x800080b4 (0xfe5ff36f) x6  0x800080b8
core   0: 0x80008098 (0x00002801) c.jal   pc + 16
core   0: 3 0x80008098 (0x2801) x1  0x8000809a
core   0: 0x800080a8 (0x01c00a6f) jal     s4, pc + 0x1c
core   0: 3 0x800080a8 (0x01c00a6f) x20 0x800080ac
core   0: 0x800080c4 (0x00003fe5) c.jal   pc - 8
core   0: 3 0x800080c4 (0x3fe5) x1  0x800080c6
core   0: 0x800080bc (0x00002039) c.jal   pc + 14
core   0: 3 0x800080bc (0x2039) x1  0x800080be
core   0: 0x800080ca (0xfd7ff0ef) jal     pc - 0x2a
core   0: 3 0x800080ca (0xfd7ff0ef) x1  0x800080ce
core   0: 0x800080a0 (0x00002839) c.jal   pc + 30
core   0: 3 0x800080a0 (0x2839) x1  0x800080a2
core   0: 0x800080be (0xfe5ff0ef) jal     pc - 0x1c
core   0: 3 0x800080be (0xfe5ff0ef) x1  0x800080c2
core   0: 0x800080a2 (0x00002039) c.jal   pc + 14
core   0: 3 0x800080a2 (0x2039) x1  0x800080a4
core   0: 0x800080b0 (0xfefff0ef) jal     pc - 0x12
core   0: 3 0x800080b0 (0xfefff0ef) x1  0x800080b4
core   0: 0x8000809e (0x00003fd5) c.jal   pc - 12
core   0: 3 0x8000809e (0x3fd5) x1  0x800080a0
core   0: 0x80008092 (0x0300036f) jal     t1, pc + 0x30
core   0: 3 0x80008092 (0x0300036f) x6  0x80008096
core   0: 0x800080c2 (0x0000a011) c.j     pc + 4
core   0: 3 0x800080c2 (0xa011)
core   0: 0x800080c6 (0x0000a009) c.j     pc + 2
core   0: 3 0x800080c6 (0xa009)
core   0: 0x800080c8 (0x0000b7dd) c.j     pc - 26
core   0: 3 0x800080c8 (0xb7dd)
core   0: 0x800080ae (0x0000a005) c.j     pc + 32
core   0: 3 0x800080ae (0xa005)
core   0: 0x800080ce (0x0000b7ed) c.j     pc - 22
core   0: 3 0x800080ce (0xb7ed)
core   0: 0x800080b8 (0xfdfff0ef) jal     pc - 0x22
core   0: 3 0x800080b8 (0xfdfff0ef) x1  0x800080bc
core   0: 0x80008096 (0x0000a039) c.j     pc + 14
core   0: 3 0x80008096 (0xa039)
core   0: 0x800080a4 (0x02e000ef) jal     pc + 0x2e
core   0: 3 0x800080a4 (0x02e000ef) x1  0x800080a8
core   0: 0x800080d2 (0xfd6f6897) auipc   a7, 0xfd6f6
core   0: 3 0x800080d2 (0xfd6f6897) x17 0x7d6fe0d2
core   0: 0x800080d6 (0x0260036f) jal     t1, pc + 0x26
core   0: 3 0x800080d6 (0x0260036f) x6  0x800080da
core   0: 0x800080fc (0x00002019) c.jal   pc + 6
core   0: 3 0x800080fc (0x2019) x1  0x800080fe
core   0: 0x80008102 (0x0000bfe1) c.j     pc - 40
core   0: 3 0x80008102 (0xbfe1)
core   0: 0x800080da (0x02c000ef) jal     pc + 0x2c
core   0: 3 0x800080da (0x02c000ef) x1  0x800080de
core   0: 0x80008106 (0xff5ff0ef) jal     pc - 0xc
core   0: 3 0x80008106 (0xff5ff0ef) x1  0x8000810a
core   0: 0x800080fa (0x0000a029) c.j     pc + 10
core   0: 3 0x800080fa (0xa029)
core   0: 0x80008104 (0x0000bfcd) c.j     pc - 14
core   0: 3 0x80008104 (0xbfcd)
core   0: 0x800080f6 (0xff9ff0ef) jal     pc - 0x8
core   0: 3 0x800080f6 (0xff9ff0ef) x1  0x800080fa
core   0: 0x800080ee (0x0100036f) jal     t1, pc + 0x10
core   0: 3 0x800080ee (0x0100036f) x6  0x800080f2
core   0: 0x800080fe (0xfebffcef) jal     s9, pc - 0x16
core   0: 3 0x800080fe (0xfebffcef) x25 0x80008102
core   0: 0x800080e8 (0xff7ff0ef) jal     pc - 0xa
core   0: 3 0x800080e8 (0xff7ff0ef) x1  0x800080ec
core   0: 0x800080de (0x00002009) c.jal   pc + 2
core   0: 3 0x800080de (0x2009) x1  0x800080e0
core   0: 0x800080e0 (0x0060036f) jal     t1, pc + 0x6
core   0: 3 0x800080e0 (0x0060036f) x6  0x800080e4
core   0: 0x800080e6 (0x0000a031) c.j     pc + 12
core   0: 3 0x800080e6 (0xa031)
core   0: 0x800080f2 (0xffbff0ef) jal     pc - 0x6
core   0: 3 0x800080f2 (0xffbff0ef) x1  0x800080f6
core   0: 0x800080ec (0x0000bfe5) c.j     pc - 8
core   0: 3 0x800080ec (0xbfe5)
core   0: 0x800080e4 (0x0000a01d) c.j     pc + 38
core   0: 3 0x800080e4 (0xa01d)
core   0: 0x8000810a (0x00000001) c.nop
core   0: 3 0x8000810a (0x0001)
core   0: 0x8000810c (0x00017117) auipc   sp, 0x17
core   0: 3 0x8000810c (0x00017117) x2  0x8001f10c
core   0: 0x80008110 (0x5fe10113) addi    sp, sp, 1534
core   0: 3 0x80008110 (0x5fe10113) x2  0x8001f70a
core   0: 0x80008114 (0x060105a3) sb      zero, 107(sp)
core   0: 3 0x80008114 (0x060105a3) mem 0x8001f775 0x00
core   0: 0x80008118 (0x00006fe5) c.lui   t6, 0x19
core   0: 3 0x80008118 (0x6fe5) x31 0x00019000
core   0: 0x8000811a (0x000097e6) c.add   a5, s9
core   0: 3 0x8000811a (0x97e6) x15 0x80008102
core   0: 0x8000811c (0x02514403) lbu     s0, 37(sp)
core   0: 3 0x8000811c (0x02514403) x8  0x00000000 mem 0x8001f72f
core   0: 0x80008120 (0x029102a3) sb      s1, 37(sp)
core   0: 3 0x80008120 (0x029102a3) mem 0x8001f72f 0x38
core   0: 0x80008124 (0x02510c03) lb      s8, 37(sp)
core   0: 3 0x80008124 (0x02510c03) x24 0x00000038 mem 0x8001f72f
core   0: 0x80008128 (0x02510c03) lb      s8, 37(sp)
core   0: 3 0x80008128 (0x02510c03) x24 0x00000038 mem 0x8001f72f
core   0: 0x8000812c (0x02510d03) lb      s10, 37(sp)
core   0: 3 0x8000812c (0x02510d03) x26 0x00000038 mem 0x8001f72f
core   0: 0x80008130 (0xf8b10c83) lb      s9, -117(sp)
core   0: 3 0x80008130 (0xf8b10c83) x25 0x00000000 mem 0x8001f695
core   0: 0x80008134 (0x0000997d) c.andi  a0, -1
core   0: 3 0x80008134 (0x997d) x10 0x00000000
core   0: 0x80008136 (0xf92105a3) sb      s2, -117(sp)
core   0: 3 0x80008136 (0xf92105a3) mem 0x8001f695 0x00
core   0: 0x8000813a (0x01c602b3) add     t0, a2, t3
core   0: 3 0x8000813a (0x01c602b3) x5  0x00000014
core   0: 0x8000813e (0xf2d10a23) sb      a3, -204(sp)
core   0: 3 0x8000813e (0xf2d10a23) mem 0x8001f63e 0x00
core   0: 0x80008142 (0x00008595) c.srai  a1, 5
core   0: 3 0x80008142 (0x8595) x11 0x00000000
core   0: 0x80008144 (0xf3411703) lh      a4, -204(sp)
core   0: 3 0x80008144 (0xf3411703) x14 0x00000000 mem 0x8001f63e
core   0: 0x80008148 (0x00008d3d) c.xor   a0, a5
core   0: 3 0x80008148 (0x8d3d) x10 0x80008102
core   0: 0x8000814a (0xf3414b03) lbu     s6, -204(sp)
core   0: 3 0x8000814a (0xf3414b03) x22 0x00000000 mem 0x8001f63e
core   0: 0x8000814e (0x0000448d) c.li    s1, 3
core   0: 3 0x8000814e (0x448d) x9  0x00000003
core   0: 0x80008150 (0x00000c5a) c.slli  s8, 22
core   0: 3 0x80008150 (0x0c5a) x24 0x0e000000
core   0: 0x80008152 (0x00008665) c.srai  a2, 25
core   0: 3 0x80008152 (0x8665) x12 0x00000000
core   0: 0x80008154 (0x00004435) c.li    s0, 13
core   0: 3 0x80008154 (0x4435) x8  0x0000000d
core   0: 0x80008156 (0x00008331) c.srli  a4, 12
core   0: 3 0x80008156 (0x8331) x14 0x00000000
core   0: 0x80008158 (0xdc8ea713) slti    a4, t4, -568
core   0: 3 0x80008158 (0xdc8ea713) x14 0x00000000
core   0: 0x8000815c (0x00005e7d) c.li    t3, -1
core   0: 3 0x8000815c (0x5e7d) x28 0xffffffff
core   0: 0x8000815e (0x00000485) c.addi  s1, 1
core   0: 3 0x8000815e (0x0485) x9  0x00000004
core   0: 0x80008160 (0x00008e2d) c.xor   a2, a1
core   0: 3 0x80008160 (0x8e2d) x12 0x00000000
core   0: 0x80008162 (0x0000555d) c.li    a0, -9
core   0: 3 0x80008162 (0x555d) x10 0xfffffff7
core   0: 0x80008164 (0x0000459d) c.li    a1, 7
core   0: 3 0x80008164 (0x459d) x11 0x00000007
core   0: 0x80008166 (0x01365a33) srl     s4, a2, s3
core   0: 3 0x80008166 (0x01365a33) x20 0x00000000
core   0: 0x8000816a (0x00004ae1) c.li    s5, 24
core   0: 3 0x8000816a (0x4ae1) x21 0x00000018
core   0: 0x8000816c (0x00009d46) c.add   s10, a7
core   0: 3 0x8000816c (0x9d46) x26 0x7d6fe10a
core   0: 0x8000816e (0x40488733) sub     a4, a7, tp
core   0: 3 0x8000816e (0x40488733) x14 0x7d6fe0d2
core   0: 0x80008172 (0x00008e61) c.and   a2, s0
core   0: 3 0x80008172 (0x8e61) x12 0x00000000
core   0: 0x80008174 (0x00000521) c.addi  a0, 8
core   0: 3 0x80008174 (0x0521) x10 0xffffffff
core   0: 0x80008176 (0x01595193) srli    gp, s2, 21
core   0: 3 0x80008176 (0x01595193) x3  0x00000000
core   0: 0x8000817a (0xfeb569e3) bltu    a0, a1, pc - 14
core   0: 3 0x8000817a (0xfeb569e3)
core   0: 0x8000817e (0x03077233) remu    tp, a4, a6
core   0: 3 0x8000817e (0x03077233) x4  0x22241f0c
core   0: 0x80008182 (0x01ce90b3) sll     ra, t4, t3
core   0: 3 0x80008182 (0x01ce90b3) x1  0x00000000
core   0: 0x80008186 (0xfc84e9e3) bltu    s1, s0, pc - 46
core   0: 3 0x80008186 (0xfc84e9e3)
core   0: 0x80008158 (0xdc8ea713) slti    a4, t4, -568
core   0: 3 0x80008158 (0xdc8ea713) x14 0x00000000
core   0: 0x8000815c (0x00005e7d) c.li    t3, -1
core   0: 3 0x8000815c (0x5e7d) x28 0xffffffff
core   0: 0x8000815e (0x00000485) c.addi  s1, 1
core   0: 3 0x8000815e (0x0485) x9  0x00000005
core   0: 0x80008160 (0x00008e2d) c.xor   a2, a1
core   0: 3 0x80008160 (0x8e2d) x12 0x00000007
core   0: 0x80008162 (0x0000555d) c.li    a0, -9
core   0: 3 0x80008162 (0x555d) x10 0xfffffff7
core   0: 0x80008164 (0x0000459d) c.li    a1, 7
core   0: 3 0x80008164 (0x459d) x11 0x00000007
core   0: 0x80008166 (0x01365a33) srl     s4, a2, s3
core   0: 3 0x80008166 (0x01365a33) x20 0x00000000
core   0: 0x8000816a (0x00004ae1) c.li    s5, 24
core   0: 3 0x8000816a (0x4ae1) x21 0x00000018
core   0: 0x8000816c (0x00009d46) c.add   s10, a7
core   0: 3 0x8000816c (0x9d46) x26 0xfadfc1dc
core   0: 0x8000816e (0x40488733) sub     a4, a7, tp
core   0: 3 0x8000816e (0x40488733) x14 0x5b4bc1c6
core   0: 0x80008172 (0x00008e61) c.and   a2, s0
core   0: 3 0x80008172 (0x8e61) x12 0x00000005
core   0: 0x80008174 (0x00000521) c.addi  a0, 8
core   0: 3 0x80008174 (0x0521) x10 0xffffffff
core   0: 0x80008176 (0x01595193) srli    gp, s2, 21
core   0: 3 0x80008176 (0x01595193) x3  0x00000000
core   0: 0x8000817a (0xfeb569e3) bltu    a0, a1, pc - 14
core   0: 3 0x8000817a (0xfeb569e3)
core   0: 0x8000817e (0x03077233) remu    tp, a4, a6
core   0: 3 0x8000817e (0x03077233) x4  0x00000000
core   0: 0x80008182 (0x01ce90b3) sll     ra, t4, t3
core   0: 3 0x80008182 (0x01ce90b3) x1  0x00000000
core   0: 0x80008186 (0xfc84e9e3) bltu    s1, s0, pc - 46
core   0: 3 0x80008186 (0xfc84e9e3)
core   0: 0x80008158 (0xdc8ea713) slti    a4, t4, -568
core   0: 3 0x80008158 (0xdc8ea713) x14 0x00000000
core   0: 0x8000815c (0x00005e7d) c.li    t3, -1
core   0: 3 0x8000815c (0x5e7d) x28 0xffffffff
core   0: 0x8000815e (0x00000485) c.addi  s1, 1
core   0: 3 0x8000815e (0x0485) x9  0x00000006
core   0: 0x80008160 (0x00008e2d) c.xor   a2, a1
core   0: 3 0x80008160 (0x8e2d) x12 0x00000002
core   0: 0x80008162 (0x0000555d) c.li    a0, -9
core   0: 3 0x80008162 (0x555d) x10 0xfffffff7
core   0: 0x80008164 (0x0000459d) c.li    a1, 7
core   0: 3 0x80008164 (0x459d) x11 0x00000007
core   0: 0x80008166 (0x01365a33) srl     s4, a2, s3
core   0: 3 0x80008166 (0x01365a33) x20 0x00000000
core   0: 0x8000816a (0x00004ae1) c.li    s5, 24
core   0: 3 0x8000816a (0x4ae1) x21 0x00000018
core   0: 0x8000816c (0x00009d46) c.add   s10, a7
core   0: 3 0x8000816c (0x9d46) x26 0x784fa2ae
core   0: 0x8000816e (0x40488733) sub     a4, a7, tp
core   0: 3 0x8000816e (0x40488733) x14 0x7d6fe0d2
core   0: 0x80008172 (0x00008e61) c.and   a2, s0
core   0: 3 0x80008172 (0x8e61) x12 0x00000000
core   0: 0x80008174 (0x00000521) c.addi  a0, 8
core   0: 3 0x80008174 (0x0521) x10 0xffffffff
core   0: 0x80008176 (0x01595193) srli    gp, s2, 21
core   0: 3 0x80008176 (0x01595193) x3  0x00000000
core   0: 0x8000817a (0xfeb569e3) bltu    a0, a1, pc - 14
core   0: 3 0x8000817a (0xfeb569e3)
core   0: 0x8000817e (0x03077233) remu    tp, a4, a6
core   0: 3 0x8000817e (0x03077233) x4  0x22241f0c
core   0: 0x80008182 (0x01ce90b3) sll     ra, t4, t3
core   0: 3 0x80008182 (0x01ce90b3) x1  0x00000000
core   0: 0x80008186 (0xfc84e9e3) bltu    s1, s0, pc - 46
core   0: 3 0x80008186 (0xfc84e9e3)
core   0: 0x80008158 (0xdc8ea713) slti    a4, t4, -568
core   0: 3 0x80008158 (0xdc8ea713) x14 0x00000000
core   0: 0x8000815c (0x00005e7d) c.li    t3, -1
core   0: 3 0x8000815c (0x5e7d) x28 0xffffffff
core   0: 0x8000815e (0x00000485) c.addi  s1, 1
core   0: 3 0x8000815e (0x0485) x9  0x00000007
core   0: 0x80008160 (0x00008e2d) c.xor   a2, a1
core   0: 3 0x80008160 (0x8e2d) x12 0x00000007
core   0: 0x80008162 (0x0000555d) c.li    a0, -9
core   0: 3 0x80008162 (0x555d) x10 0xfffffff7
core   0: 0x80008164 (0x0000459d) c.li    a1, 7
core   0: 3 0x80008164 (0x459d) x11 0x00000007
core   0: 0x80008166 (0x01365a33) srl     s4, a2, s3
core   0: 3 0x80008166 (0x01365a33) x20 0x00000000
core   0: 0x8000816a (0x00004ae1) c.li    s5, 24
core   0: 3 0x8000816a (0x4ae1) x21 0x00000018
core   0: 0x8000816c (0x00009d46) c.add   s10, a7
core   0: 3 0x8000816c (0x9d46) x26 0xf5bf8380
core   0: 0x8000816e (0x40488733) sub     a4, a7, tp
core   0: 3 0x8000816e (0x40488733) x14 0x5b4bc1c6
core   0: 0x80008172 (0x00008e61) c.and   a2, s0
core   0: 3 0x80008172 (0x8e61) x12 0x00000005
core   0: 0x80008174 (0x00000521) c.addi  a0, 8
core   0: 3 0x80008174 (0x0521) x10 0xffffffff
core   0: 0x80008176 (0x01595193) srli    gp, s2, 21
core   0: 3 0x80008176 (0x01595193) x3  0x00000000
core   0: 0x8000817a (0xfeb569e3) bltu    a0, a1, pc - 14
core   0: 3 0x8000817a (0xfeb569e3)
core   0: 0x8000817e (0x03077233) remu    tp, a4, a6
core   0: 3 0x8000817e (0x03077233) x4  0x00000000
core   0: 0x80008182 (0x01ce90b3) sll     ra, t4, t3
core   0: 3 0x80008182 (0x01ce90b3) x1  0x00000000
core   0: 0x80008186 (0xfc84e9e3) bltu    s1, s0, pc - 46
core   0: 3 0x80008186 (0xfc84e9e3)
core   0: 0x80008158 (0xdc8ea713) slti    a4, t4, -568
core   0: 3 0x80008158 (0xdc8ea713) x14 0x00000000
core   0: 0x8000815c (0x00005e7d) c.li    t3, -1
core   0: 3 0x8000815c (0x5e7d) x28 0xffffffff
core   0: 0x8000815e (0x00000485) c.addi  s1, 1
core   0: 3 0x8000815e (0x0485) x9  0x00000008
core   0: 0x80008160 (0x00008e2d) c.xor   a2, a1
core   0: 3 0x80008160 (0x8e2d) x12 0x00000002
core   0: 0x80008162 (0x0000555d) c.li    a0, -9
core   0: 3 0x80008162 (0x555d) x10 0xfffffff7
core   0: 0x80008164 (0x0000459d) c.li    a1, 7
core   0: 3 0x80008164 (0x459d) x11 0x00000007
core   0: 0x80008166 (0x01365a33) srl     s4, a2, s3
core   0: 3 0x80008166 (0x01365a33) x20 0x00000000
core   0: 0x8000816a (0x00004ae1) c.li    s5, 24
core   0: 3 0x8000816a (0x4ae1) x21 0x00000018
core   0: 0x8000816c (0x00009d46) c.add   s10, a7
core   0: 3 0x8000816c (0x9d46) x26 0x732f6452
core   0: 0x8000816e (0x40488733) sub     a4, a7, tp
core   0: 3 0x8000816e (0x40488733) x14 0x7d6fe0d2
core   0: 0x80008172 (0x00008e61) c.and   a2, s0
core   0: 3 0x80008172 (0x8e61) x12 0x00000000
core   0: 0x80008174 (0x00000521) c.addi  a0, 8
core   0: 3 0x80008174 (0x0521) x10 0xffffffff
core   0: 0x80008176 (0x01595193) srli    gp, s2, 21
core   0: 3 0x80008176 (0x01595193) x3  0x00000000
core   0: 0x8000817a (0xfeb569e3) bltu    a0, a1, pc - 14
core   0: 3 0x8000817a (0xfeb569e3)
core   0: 0x8000817e (0x03077233) remu    tp, a4, a6
core   0: 3 0x8000817e (0x03077233) x4  0x22241f0c
core   0: 0x80008182 (0x01ce90b3) sll     ra, t4, t3
core   0: 3 0x80008182 (0x01ce90b3) x1  0x00000000
core   0: 0x80008186 (0xfc84e9e3) bltu    s1, s0, pc - 46
core   0: 3 0x80008186 (0xfc84e9e3)
core   0: 0x80008158 (0xdc8ea713) slti    a4, t4, -568
core   0: 3 0x80008158 (0xdc8ea713) x14 0x00000000
core   0: 0x8000815c (0x00005e7d) c.li    t3, -1
core   0: 3 0x8000815c (0x5e7d) x28 0xffffffff
core   0: 0x8000815e (0x00000485) c.addi  s1, 1
core   0: 3 0x8000815e (0x0485) x9  0x00000009
core   0: 0x80008160 (0x00008e2d) c.xor   a2, a1
core   0: 3 0x80008160 (0x8e2d) x12 0x00000007
core   0: 0x80008162 (0x0000555d) c.li    a0, -9
core   0: 3 0x80008162 (0x555d) x10 0xfffffff7
core   0: 0x80008164 (0x0000459d) c.li    a1, 7
core   0: 3 0x80008164 (0x459d) x11 0x00000007
core   0: 0x80008166 (0x01365a33) srl     s4, a2, s3
core   0: 3 0x80008166 (0x01365a33) x20 0x00000000
core   0: 0x8000816a (0x00004ae1) c.li    s5, 24
core   0: 3 0x8000816a (0x4ae1) x21 0x00000018
core   0: 0x8000816c (0x00009d46) c.add   s10, a7
core   0: 3 0x8000816c (0x9d46) x26 0xf09f4524
core   0: 0x8000816e (0x40488733) sub     a4, a7, tp
core   0: 3 0x8000816e (0x40488733) x14 0x5b4bc1c6
core   0: 0x80008172 (0x00008e61) c.and   a2, s0
core   0: 3 0x80008172 (0x8e61) x12 0x00000005
core   0: 0x80008174 (0x00000521) c.addi  a0, 8
core   0: 3 0x80008174 (0x0521) x10 0xffffffff
core   0: 0x80008176 (0x01595193) srli    gp, s2, 21
core   0: 3 0x80008176 (0x01595193) x3  0x00000000
core   0: 0x8000817a (0xfeb569e3) bltu    a0, a1, pc - 14
core   0: 3 0x8000817a (0xfeb569e3)
core   0: 0x8000817e (0x03077233) remu    tp, a4, a6
core   0: 3 0x8000817e (0x03077233) x4  0x00000000
core   0: 0x80008182 (0x01ce90b3) sll     ra, t4, t3
core   0: 3 0x80008182 (0x01ce90b3) x1  0x00000000
core   0: 0x80008186 (0xfc84e9e3) bltu    s1, s0, pc - 46
core   0: 3 0x80008186 (0xfc84e9e3)
core   0: 0x80008158 (0xdc8ea713) slti    a4, t4, -568
core   0: 3 0x80008158 (0xdc8ea713) x14 0x00000000
core   0: 0x8000815c (0x00005e7d) c.li    t3, -1
core   0: 3 0x8000815c (0x5e7d) x28 0xffffffff
core   0: 0x8000815e (0x00000485) c.addi  s1, 1
core   0: 3 0x8000815e (0x0485) x9  0x0000000a
core   0: 0x80008160 (0x00008e2d) c.xor   a2, a1
core   0: 3 0x80008160 (0x8e2d) x12 0x00000002
core   0: 0x80008162 (0x0000555d) c.li    a0, -9
core   0: 3 0x80008162 (0x555d) x10 0xfffffff7
core   0: 0x80008164 (0x0000459d) c.li    a1, 7
core   0: 3 0x80008164 (0x459d) x11 0x00000007
core   0: 0x80008166 (0x01365a33) srl     s4, a2, s3
core   0: 3 0x80008166 (0x01365a33) x20 0x00000000
core   0: 0x8000816a (0x00004ae1) c.li    s5, 24
core   0: 3 0x8000816a (0x4ae1) x21 0x00000018
core   0: 0x8000816c (0x00009d46) c.add   s10, a7
core   0: 3 0x8000816c (0x9d46) x26 0x6e0f25f6
core   0: 0x8000816e (0x40488733) sub     a4, a7, tp
core   0: 3 0x8000816e (0x40488733) x14 0x7d6fe0d2
core   0: 0x80008172 (0x00008e61) c.and   a2, s0
core   0: 3 0x80008172 (0x8e61) x12 0x00000000
core   0: 0x80008174 (0x00000521) c.addi  a0, 8
core   0: 3 0x80008174 (0x0521) x10 0xffffffff
core   0: 0x80008176 (0x01595193) srli    gp, s2, 21
core   0: 3 0x80008176 (0x01595193) x3  0x00000000
core   0: 0x8000817a (0xfeb569e3) bltu    a0, a1, pc - 14
core   0: 3 0x8000817a (0xfeb569e3)
core   0: 0x8000817e (0x03077233) remu    tp, a4, a6
core   0: 3 0x8000817e (0x03077233) x4  0x22241f0c
core   0: 0x80008182 (0x01ce90b3) sll     ra, t4, t3
core   0: 3 0x80008182 (0x01ce90b3) x1  0x00000000
core   0: 0x80008186 (0xfc84e9e3) bltu    s1, s0, pc - 46
core   0: 3 0x80008186 (0xfc84e9e3)
core   0: 0x80008158 (0xdc8ea713) slti    a4, t4, -568
core   0: 3 0x80008158 (0xdc8ea713) x14 0x00000000
core   0: 0x8000815c (0x00005e7d) c.li    t3, -1
core   0: 3 0x8000815c (0x5e7d) x28 0xffffffff
core   0: 0x8000815e (0x00000485) c.addi  s1, 1
core   0: 3 0x8000815e (0x0485) x9  0x0000000b
core   0: 0x80008160 (0x00008e2d) c.xor   a2, a1
core   0: 3 0x80008160 (0x8e2d) x12 0x00000007
core   0: 0x80008162 (0x0000555d) c.li    a0, -9
core   0: 3 0x80008162 (0x555d) x10 0xfffffff7
core   0: 0x80008164 (0x0000459d) c.li    a1, 7
core   0: 3 0x80008164 (0x459d) x11 0x00000007
core   0: 0x80008166 (0x01365a33) srl     s4, a2, s3
core   0: 3 0x80008166 (0x01365a33) x20 0x00000000
core   0: 0x8000816a (0x00004ae1) c.li    s5, 24
core   0: 3 0x8000816a (0x4ae1) x21 0x00000018
core   0: 0x8000816c (0x00009d46) c.add   s10, a7
core   0: 3 0x8000816c (0x9d46) x26 0xeb7f06c8
core   0: 0x8000816e (0x40488733) sub     a4, a7, tp
core   0: 3 0x8000816e (0x40488733) x14 0x5b4bc1c6
core   0: 0x80008172 (0x00008e61) c.and   a2, s0
core   0: 3 0x80008172 (0x8e61) x12 0x00000005
core   0: 0x80008174 (0x00000521) c.addi  a0, 8
core   0: 3 0x80008174 (0x0521) x10 0xffffffff
core   0: 0x80008176 (0x01595193) srli    gp, s2, 21
core   0: 3 0x80008176 (0x01595193) x3  0x00000000
core   0: 0x8000817a (0xfeb569e3) bltu    a0, a1, pc - 14
core   0: 3 0x8000817a (0xfeb569e3)
core   0: 0x8000817e (0x03077233) remu    tp, a4, a6
core   0: 3 0x8000817e (0x03077233) x4  0x00000000
core   0: 0x80008182 (0x01ce90b3) sll     ra, t4, t3
core   0: 3 0x80008182 (0x01ce90b3) x1  0x00000000
core   0: 0x80008186 (0xfc84e9e3) bltu    s1, s0, pc - 46
core   0: 3 0x80008186 (0xfc84e9e3)
core   0: 0x80008158 (0xdc8ea713) slti    a4, t4, -568
core   0: 3 0x80008158 (0xdc8ea713) x14 0x00000000
core   0: 0x8000815c (0x00005e7d) c.li    t3, -1
core   0: 3 0x8000815c (0x5e7d) x28 0xffffffff
core   0: 0x8000815e (0x00000485) c.addi  s1, 1
core   0: 3 0x8000815e (0x0485) x9  0x0000000c
core   0: 0x80008160 (0x00008e2d) c.xor   a2, a1
core   0: 3 0x80008160 (0x8e2d) x12 0x00000002
core   0: 0x80008162 (0x0000555d) c.li    a0, -9
core   0: 3 0x80008162 (0x555d) x10 0xfffffff7
core   0: 0x80008164 (0x0000459d) c.li    a1, 7
core   0: 3 0x80008164 (0x459d) x11 0x00000007
core   0: 0x80008166 (0x01365a33) srl     s4, a2, s3
core   0: 3 0x80008166 (0x01365a33) x20 0x00000000
core   0: 0x8000816a (0x00004ae1) c.li    s5, 24
core   0: 3 0x8000816a (0x4ae1) x21 0x00000018
core   0: 0x8000816c (0x00009d46) c.add   s10, a7
core   0: 3 0x8000816c (0x9d46) x26 0x68eee79a
core   0: 0x8000816e (0x40488733) sub     a4, a7, tp
core   0: 3 0x8000816e (0x40488733) x14 0x7d6fe0d2
core   0: 0x80008172 (0x00008e61) c.and   a2, s0
core   0: 3 0x80008172 (0x8e61) x12 0x00000000
core   0: 0x80008174 (0x00000521) c.addi  a0, 8
core   0: 3 0x80008174 (0x0521) x10 0xffffffff
core   0: 0x80008176 (0x01595193) srli    gp, s2, 21
core   0: 3 0x80008176 (0x01595193) x3  0x00000000
core   0: 0x8000817a (0xfeb569e3) bltu    a0, a1, pc - 14
core   0: 3 0x8000817a (0xfeb569e3)
core   0: 0x8000817e (0x03077233) remu    tp, a4, a6
core   0: 3 0x8000817e (0x03077233) x4  0x22241f0c
core   0: 0x80008182 (0x01ce90b3) sll     ra, t4, t3
core   0: 3 0x80008182 (0x01ce90b3) x1  0x00000000
core   0: 0x80008186 (0xfc84e9e3) bltu    s1, s0, pc - 46
core   0: 3 0x80008186 (0xfc84e9e3)
core   0: 0x80008158 (0xdc8ea713) slti    a4, t4, -568
core   0: 3 0x80008158 (0xdc8ea713) x14 0x00000000
core   0: 0x8000815c (0x00005e7d) c.li    t3, -1
core   0: 3 0x8000815c (0x5e7d) x28 0xffffffff
core   0: 0x8000815e (0x00000485) c.addi  s1, 1
core   0: 3 0x8000815e (0x0485) x9  0x0000000d
core   0: 0x80008160 (0x00008e2d) c.xor   a2, a1
core   0: 3 0x80008160 (0x8e2d) x12 0x00000007
core   0: 0x80008162 (0x0000555d) c.li    a0, -9
core   0: 3 0x80008162 (0x555d) x10 0xfffffff7
core   0: 0x80008164 (0x0000459d) c.li    a1, 7
core   0: 3 0x80008164 (0x459d) x11 0x00000007
core   0: 0x80008166 (0x01365a33) srl     s4, a2, s3
core   0: 3 0x80008166 (0x01365a33) x20 0x00000000
core   0: 0x8000816a (0x00004ae1) c.li    s5, 24
core   0: 3 0x8000816a (0x4ae1) x21 0x00000018
core   0: 0x8000816c (0x00009d46) c.add   s10, a7
core   0: 3 0x8000816c (0x9d46) x26 0xe65ec86c
core   0: 0x8000816e (0x40488733) sub     a4, a7, tp
core   0: 3 0x8000816e (0x40488733) x14 0x5b4bc1c6
core   0: 0x80008172 (0x00008e61) c.and   a2, s0
core   0: 3 0x80008172 (0x8e61) x12 0x00000005
core   0: 0x80008174 (0x00000521) c.addi  a0, 8
core   0: 3 0x80008174 (0x0521) x10 0xffffffff
core   0: 0x80008176 (0x01595193) srli    gp, s2, 21
core   0: 3 0x80008176 (0x01595193) x3  0x00000000
core   0: 0x8000817a (0xfeb569e3) bltu    a0, a1, pc - 14
core   0: 3 0x8000817a (0xfeb569e3)
core   0: 0x8000817e (0x03077233) remu    tp, a4, a6
core   0: 3 0x8000817e (0x03077233) x4  0x00000000
core   0: 0x80008182 (0x01ce90b3) sll     ra, t4, t3
core   0: 3 0x80008182 (0x01ce90b3) x1  0x00000000
core   0: 0x80008186 (0xfc84e9e3) bltu    s1, s0, pc - 46
core   0: 3 0x80008186 (0xfc84e9e3)
core   0: 0x8000818a (0x036f1e33) mulh    t3, t5, s6
core   0: 3 0x8000818a (0x036f1e33) x28 0x00000000
core   0: 0x8000818e (0x0000439d) c.li    t2, 7
core   0: 3 0x8000818e (0x439d) x7  0x00000007
core   0: 0x80008190 (0x00004699) c.li    a3, 6
core   0: 3 0x80008190 (0x4699) x13 0x00000006
core   0: 0x80008192 (0x000050fd) c.li    ra, -1
core   0: 3 0x80008192 (0x50fd) x1  0xffffffff
core   0: 0x80008194 (0x00008c9d) c.sub   s1, a5
core   0: 3 0x80008194 (0x8c9d) x9  0x7fff7f0b
core   0: 0x80008196 (0x5251f137) lui     sp, 0x5251f
core   0: 3 0x80008196 (0x5251f137) x2  0x5251f000
core   0: 0x8000819a (0x02af9ab3) mulh    s5, t6, a0
core   0: 3 0x8000819a (0x02af9ab3) x21 0xffffffff
core   0: 0x8000819e (0x002f87b3) add     a5, t6, sp
core   0: 3 0x8000819e (0x002f87b3) x15 0x52538000
core   0: 0x800081a2 (0x000013f9) c.addi  t2, -2
core   0: 3 0x800081a2 (0x13f9) x7  0x00000005
core   0: 0x800081a4 (0x40245793) srai    a5, s0, 2
core   0: 3 0x800081a4 (0x40245793) x15 0x00000003
core   0: 0x800081a8 (0x00734133) xor     sp, t1, t2
core   0: 3 0x800081a8 (0x00734133) x2  0x800080e1
core   0: 0x800081ac (0x025938b3) mulhu   a7, s2, t0
core   0: 3 0x800081ac (0x025938b3) x17 0x00000000
core   0: 0x800081b0 (0x00006a59) c.lui   s4, 0x16
core   0: 3 0x800081b0 (0x6a59) x20 0x00016000
core   0: 0x800081b2 (0x00000d32) c.slli  s10, 12
core   0: 3 0x800081b2 (0x0d32) x26 0xec86c000
core   0: 0x800081b4 (0x00004709) c.li    a4, 2
core   0: 3 0x800081b4 (0x4709) x14 0x00000002
core   0: 0x800081b6 (0x00000001) c.nop
core   0: 3 0x800081b6 (0x0001)
core   0: 0x800081b8 (0x00004e25) c.li    t3, 9
core   0: 3 0x800081b8 (0x4e25) x28 0x00000009
core   0: 0x800081ba (0x00c438b3) sltu    a7, s0, a2
core   0: 3 0x800081ba (0x00c438b3) x17 0x00000000
core   0: 0x800081be (0x02fccdb3) div     s11, s9, a5
core   0: 3 0x800081be (0x02fccdb3) x27 0x00000000
core   0: 0x800081c2 (0x00008621) c.srai  a2, 8
core   0: 3 0x800081c2 (0x8621) x12 0x00000000
core   0: 0x800081c4 (0x0000071d) c.addi  a4, 7
core   0: 3 0x800081c4 (0x071d) x14 0x00000009
core   0: 0x800081c6 (0xc5a92c93) slti    s9, s2, -934
core   0: 3 0x800081c6 (0xc5a92c93) x25 0x00000000
core   0: 0x800081ca (0x01d3d933) srl     s2, t2, t4
core   0: 3 0x800081ca (0x01d3d933) x18 0x00000005
core   0: 0x800081ce (0xffc718e3) bne     a4, t3, pc - 16
core   0: 3 0x800081ce (0xffc718e3)
core   0: 0x800081d2 (0x97b0b293) sltiu   t0, ra, -1669
core   0: 3 0x800081d2 (0x97b0b293) x5  0x00000000
core   0: 0x800081d6 (0xb2f0ca93) xori    s5, ra, -1233
core   0: 3 0x800081d6 (0xb2f0ca93) x21 0x000004d0
core   0: 0x800081da (0xf96c0d93) addi    s11, s8, -106
core   0: 3 0x800081da (0xf96c0d93) x27 0x0dffff96
core   0: 0x800081de (0x0000547d) c.li    s0, -1
core   0: 3 0x800081de (0x547d) x8  0xffffffff
core   0: 0x800081e0 (0x02ae5933) divu    s2, t3, a0
core   0: 3 0x800081e0 (0x02ae5933) x18 0x00000000
core   0: 0x800081e4 (0xfad3f9e3) bgeu    t2, a3, pc - 78
core   0: 3 0x800081e4 (0xfad3f9e3)
core   0: 0x800081e8 (0x012e5d93) srli    s11, t3, 18
core   0: 3 0x800081e8 (0x012e5d93) x27 0x00000000
core   0: 0x800081ec (0x00016697) auipc   a3, 0x16
core   0: 3 0x800081ec (0x00016697) x13 0x8001e1ec
core   0: 0x800081f0 (0xdfd68693) addi    a3, a3, -515
core   0: 3 0x800081f0 (0xdfd68693) x13 0x8001dfe9
core   0: 0x800081f4 (0x5100a717) auipc   a4, 0x5100a
core   0: 3 0x800081f4 (0x5100a717) x14 0xd10121f4
core   0: 0x800081f8 (0x01322533) slt     a0, tp, s3
core   0: 3 0x800081f8 (0x01322533) x10 0x00000000
core   0: 0x800081fc (0x0000018c) c.addi4spn a1, sp, 192
core   0: 3 0x800081fc (0x018c) x11 0x800081a1
core   0: 0x800081fe (0x0536cc03) lbu     s8, 83(a3)
core   0: 3 0x800081fe (0x0536cc03) x24 0x00000000 mem 0x8001e03c
core   0: 0x80008202 (0x86956b13) ori     s6, a0, -1943
core   0: 3 0x80008202 (0x86956b13) x22 0xfffff869
core   0: 0x80008206 (0x00008956) c.mv    s2, s5
core   0: 3 0x80008206 (0x8956) x18 0x000004d0
core   0: 0x80008208 (0x00a6de93) srli    t4, a3, 10
core   0: 3 0x80008208 (0x00a6de93) x29 0x00200077
core   0: 0x8000820c (0xe50f0d93) addi    s11, t5, -432
core   0: 3 0x8000820c (0xe50f0d93) x27 0x80025c84
core   0: 0x80008210 (0x304a58b7) lui     a7, 0x304a5
core   0: 3 0x80008210 (0x304a58b7) x17 0x304a5000
core   0: 0x80008214 (0x01970eb3) add     t4, a4, s9
core   0: 3 0x80008214 (0x01970eb3) x29 0xd10121f4
core   0: 0x80008218 (0x00000155) c.addi  sp, 21
core   0: 3 0x80008218 (0x0155) x2  0x800080f6
core   0: 0x8000821a (0xfb468ea3) sb      s4, -67(a3)
core   0: 3 0x8000821a (0xfb468ea3) mem 0x8001dfa6 0x00
core   0: 0x8000821e (0x00008939) c.andi  a0, 14
core   0: 3 0x8000821e (0x8939) x10 0x00000000
core   0: 0x80008220 (0x03b6da03) lhu     s4, 59(a3)
core   0: 3 0x80008220 (0x03b6da03) x20 0x00000000 mem 0x8001e024
core   0: 0x80008224 (0x00008b5e) c.mv    s6, s7
core   0: 3 0x80008224 (0x8b5e) x22 0x00000000
core   0: 0x80008226 (0x01bd1d33) sll     s10, s10, s11
core   0: 3 0x80008226 (0x01bd1d33) x26 0xc86c0000
core   0: 0x8000822a (0xfda6c103) lbu     sp, -38(a3)
core   0: 3 0x8000822a (0xfda6c103) x2  0x00000000 mem 0x8001dfc3
core   0: 0x8000822e (0x00000001) c.nop
core   0: 3 0x8000822e (0x0001)
core   0: 0x80008230 (0x03e3e433) rem     s0, t2, t5
core   0: 3 0x80008230 (0x03e3e433) x8  0x00000005
core   0: 0x80008234 (0x00000001) c.nop
core   0: 3 0x80008234 (0x0001)
core   0: 0x80008236 (0xfb668a83) lb      s5, -74(a3)
core   0: 3 0x80008236 (0xfb668a83) x21 0x00000000 mem 0x8001df9f
core   0: 0x8000823a (0xf7b68d23) sb      s11, -134(a3)
core   0: 3 0x8000823a (0xf7b68d23) mem 0x8001df63 0x84
core   0: 0x8000823e (0xf906c003) lbu     zero, -112(a3)
core   0: 3 0x8000823e (0xf906c003) mem 0x8001df79
core   0: 0x80008242 (0x01021d33) sll     s10, tp, a6
core   0: 3 0x80008242 (0x01021d33) x26 0x00000000
core   0: 0x80008246 (0x09f68123) sb      t6, 130(a3)
core   0: 3 0x80008246 (0x09f68123) mem 0x8001e06b 0x00
core   0: 0x8000824a (0x00000001) c.nop
core   0: 3 0x8000824a (0x0001)
core   0: 0x8000824c (0x02068c83) lb      s9, 32(a3)
core   0: 3 0x8000824c (0x02068c83) x25 0x00000000 mem 0x8001e009
core   0: 0x80008250 (0xf2268a03) lb      s4, -222(a3)
core   0: 3 0x80008250 (0xf2268a03) x20 0x00000000 mem 0x8001df0b
core   0: 0x80008254 (0x00495e13) srli    t3, s2, 4
core   0: 3 0x80008254 (0x00495e13) x28 0x0000004d
core   0: 0x80008258 (0x015dceb3) xor     t4, s11, s5
core   0: 3 0x80008258 (0x015dceb3) x29 0x80025c84
core   0: 0x8000825c (0xf1c68a23) sb      t3, -236(a3)
core   0: 3 0x8000825c (0xf1c68a23) mem 0x8001defd 0x4d
core   0: 0x80008260 (0xfe06cd03) lbu     s10, -32(a3)
core   0: 3 0x80008260 (0xfe06cd03) x26 0x00000000 mem 0x8001dfc9
core   0: 0x80008264 (0x00001184) c.addi4spn s1, sp, 224
core   0: 3 0x80008264 (0x1184) x9  0x000000e0
core   0: 0x80008266 (0xf0014713) xori    a4, sp, -256
core   0: 3 0x80008266 (0xf0014713) x14 0xffffff00
core   0: 0x8000826a (0x0646cc03) lbu     s8, 100(a3)
core   0: 3 0x8000826a (0x0646cc03) x24 0x00000000 mem 0x8001e04d
core   0: 0x8000826e (0xf8268f83) lb      t6, -126(a3)
core   0: 3 0x8000826e (0xf8268f83) x31 0x00000000 mem 0x8001df6b
core   0: 0x80008272 (0xf616df83) lhu     t6, -159(a3)
core   0: 3 0x80008272 (0xf616df83) x31 0x00000000 mem 0x8001df4a
core   0: 0x80008276 (0xc42d3237) lui     tp, 0xc42d3
core   0: 3 0x80008276 (0xc42d3237) x4  0xc42d3000
core   0: 0x8000827a (0x000002f5) c.addi  t0, 29
core   0: 3 0x8000827a (0x02f5) x5  0x0000001d
core   0: 0x8000827c (0xf256cd83) lbu     s11, -219(a3)
core   0: 3 0x8000827c (0xf256cd83) x27 0x00000000 mem 0x8001df0e
core   0: 0x80008280 (0x0204fb33) remu    s6, s1, zero
core   0: 3 0x80008280 (0x0204fb33) x22 0x000000e0
core   0: 0x80008284 (0x05868523) sb      s8, 74(a3)
core   0: 3 0x80008284 (0x05868523) mem 0x8001e033 0x00
core   0: 0x80008288 (0xf4e6c483) lbu     s1, -178(a3)
core   0: 3 0x80008288 (0xf4e6c483) x9  0x00000000 mem 0x8001df37
core   0: 0x8000828c (0x00000001) c.nop
core   0: 3 0x8000828c (0x0001)
core   0: 0x8000828e (0x0000190c) c.addi4spn a1, sp, 176
core   0: 3 0x8000828e (0x190c) x11 0x000000b0
core   0: 0x80008290 (0xf466c183) lbu     gp, -186(a3)
core   0: 3 0x80008290 (0xf466c183) x3  0x00000000 mem 0x8001df2f
core   0: 0x80008294 (0x00013117) auipc   sp, 0x13
core   0: 3 0x80008294 (0x00013117) x2  0x8001b294
core   0: 0x80008298 (0xc5810113) addi    sp, sp, -936
core   0: 3 0x80008298 (0xc5810113) x2  0x8001aeec
core   0: 0x8000829c (0xff110f83) lb      t6, -15(sp)
core   0: 3 0x8000829c (0xff110f83) x31 0x00000000 mem 0x8001aedd
core   0: 0x800082a0 (0xff114a03) lbu     s4, -15(sp)
core   0: 3 0x800082a0 (0xff114a03) x20 0x00000000 mem 0x8001aedd
core   0: 0x800082a4 (0x0000c412) c.swsp  tp, 8(sp)
core   0: 3 0x800082a4 (0xc412) mem 0x8001aef4 0xc42d3000
core   0: 0x800082a6 (0x0000c422) c.swsp  s0, 8(sp)
core   0: 3 0x800082a6 (0xc422) mem 0x8001aef4 0x00000005
core   0: 0x800082a8 (0xfe112c23) sw      ra, -8(sp)
core   0: 3 0x800082a8 (0xfe112c23) mem 0x8001aee4 0xffffffff
core   0: 0x800082ac (0xff815283) lhu     t0, -8(sp)
core   0: 3 0x800082ac (0xff815283) x5  0x0000ffff mem 0x8001aee4
core   0: 0x800082b0 (0xff815903) lhu     s2, -8(sp)
core   0: 3 0x800082b0 (0xff815903) x18 0x0000ffff mem 0x8001aee4
core   0: 0x800082b4 (0x00510183) lb      gp, 5(sp)
core   0: 3 0x800082b4 (0x00510183) x3  0x00000000 mem 0x8001aef1
core   0: 0x800082b8 (0xff314783) lbu     a5, -13(sp)
core   0: 3 0x800082b8 (0xff314783) x15 0x00000000 mem 0x8001aedf
core   0: 0x800082bc (0x01f100a3) sb      t6, 1(sp)
core   0: 3 0x800082bc (0x01f100a3) mem 0x8001aeed 0x00
core   0: 0x800082c0 (0x0000c62e) c.swsp  a1, 12(sp)
core   0: 3 0x800082c0 (0xc62e) mem 0x8001aef8 0x000000b0
core   0: 0x800082c2 (0x00710003) lb      zero, 7(sp)
core   0: 3 0x800082c2 (0x00710003) mem 0x8001aef3
core   0: 0x800082c6 (0x00004312) c.lwsp  t1, 4(sp)
core   0: 3 0x800082c6 (0x4312) x6  0x00000000 mem 0x8001aef0
core   0: 0x800082c8 (0xff314e83) lbu     t4, -13(sp)
core   0: 3 0x800082c8 (0xff314e83) x29 0x00000000 mem 0x8001aedf
core   0: 0x800082cc (0x02f4a3b3) mulhsu  t2, s1, a5
core   0: 3 0x800082cc (0x02f4a3b3) x7  0x00000000
core   0: 0x800082d0 (0xfe912e23) sw      s1, -4(sp)
core   0: 3 0x800082d0 (0xfe912e23) mem 0x8001aee8 0x00000000
core   0: 0x800082d4 (0x00008f9d) c.sub   a5, a5
core   0: 3 0x800082d4 (0x8f9d) x15 0x00000000
core   0: 0x800082d6 (0xffc15583) lhu     a1, -4(sp)
core   0: 3 0x800082d6 (0xffc15583) x11 0x00000000 mem 0x8001aee8
core   0: 0x800082da (0x00008c17) auipc   s8, 0x8
core   0: 3 0x800082da (0x00008c17) x24 0x800102da
core   0: 0x800082de (0x248c0c13) addi    s8, s8, 584
core   0: 3 0x800082de (0x248c0c13) x24 0x80010522
core   0: 0x800082e2 (0xfd3c0e03) lb      t3, -45(s8)
core   0: 3 0x800082e2 (0xfd3c0e03) x28 0x00000000 mem 0x800104f5
core   0: 0x800082e6 (0x0ecc06a3) sb      a2, 237(s8)
core   0: 3 0x800082e6 (0x0ecc06a3) mem 0x8001060f 0x00
core   0: 0x800082ea (0xf12c0883) lb      a7, -238(s8)
core   0: 3 0x800082ea (0xf12c0883) x17 0x00000000 mem 0x80010434
core   0: 0x800082ee (0xf21c0ba3) sb      ra, -201(s8)
core   0: 3 0x800082ee (0xf21c0ba3) mem 0x80010459 0xff
core   0: 0x800082f2 (0xf37c4603) lbu     a2, -201(s8)
core   0: 3 0x800082f2 (0xf37c4603) x12 0x000000ff mem 0x80010459
core   0: 0x800082f6 (0x01fa4eb3) xor     t4, s4, t6
core   0: 3 0x800082f6 (0x01fa4eb3) x29 0x00000000
core   0: 0x800082fa (0x006c1603) lh      a2, 6(s8)
core   0: 3 0x800082fa (0x006c1603) x12 0x00000000 mem 0x80010528
core   0: 0x800082fe (0x062c0103) lb      sp, 98(s8)
core   0: 3 0x800082fe (0x062c0103) x2  0x00000000 mem 0x80010584
core   0: 0x80008302 (0x0bec0d03) lb      s10, 190(s8)
core   0: 3 0x80008302 (0x0bec0d03) x26 0x00000000 mem 0x800105e0
core   0: 0x80008306 (0x090c1283) lh      t0, 144(s8)
core   0: 3 0x80008306 (0x090c1283) x5  0x00000000 mem 0x800105b2
core   0: 0x8000830a (0x0b5c08a3) sb      s5, 177(s8)
core   0: 3 0x8000830a (0x0b5c08a3) mem 0x800105d3 0x00
core   0: 0x8000830e (0x0b1c0d03) lb      s10, 177(s8)
core   0: 3 0x8000830e (0x0b1c0d03) x26 0x00000000 mem 0x800105d3
core   0: 0x80008312 (0x06ec07a3) sb      a4, 111(s8)
core   0: 3 0x80008312 (0x06ec07a3) mem 0x80010591 0x00
core   0: 0x80008316 (0x06fc0103) lb      sp, 111(s8)
core   0: 3 0x80008316 (0x06fc0103) x2  0x00000000 mem 0x80010591
core   0: 0x8000831a (0x06fc0183) lb      gp, 111(s8)
core   0: 3 0x8000831a (0x06fc0183) x3  0x00000000 mem 0x80010591
core   0: 0x8000831e (0x0000a097) auipc   ra, 0xa
core   0: 3 0x8000831e (0x0000a097) x1  0x8001231e
core   0: 0x80008322 (0x1e508093) addi    ra, ra, 485
core   0: 3 0x80008322 (0x1e508093) x1  0x80012503
core   0: 0x80008326 (0x03f0c883) lbu     a7, 63(ra)
core   0: 3 0x80008326 (0x03f0c883) x17 0x00000000 mem 0x80012542
core   0: 0x8000832a (0xfd70dc83) lhu     s9, -41(ra)
core   0: 3 0x8000832a (0xfd70dc83) x25 0x00000000 mem 0x800124da
core   0: 0x8000832e (0xfd10c303) lbu     t1, -47(ra)
core   0: 3 0x8000832e (0xfd10c303) x6  0x00000000 mem 0x800124d4
core   0: 0x80008332 (0x00e236b3) sltu    a3, tp, a4
core   0: 3 0x80008332 (0x00e236b3) x13 0x00000001
core   0: 0x80008336 (0x01808383) lb      t2, 24(ra)
core   0: 3 0x80008336 (0x01808383) x7  0x00000000 mem 0x8001251b
core   0: 0x8000833a (0xfc408103) lb      sp, -60(ra)
core   0: 3 0x8000833a (0xfc408103) x2  0x00000000 mem 0x800124c7
core   0: 0x8000833e (0xfef08f23) sb      a5, -2(ra)
core   0: 3 0x8000833e (0xfef08f23) mem 0x80012501 0x00
core   0: 0x80008342 (0x000085c5) c.srai  a1, 17
core   0: 3 0x80008342 (0x85c5) x11 0x00000000
core   0: 0x80008344 (0x00008d6d) c.and   a0, a1
core   0: 3 0x80008344 (0x8d6d) x10 0x00000000
core   0: 0x80008346 (0x0116a433) slt     s0, a3, a7
core   0: 3 0x80008346 (0x0116a433) x8  0x00000000
core   0: 0x8000834a (0x02c02317) auipc   t1, 0x2c02
core   0: 3 0x8000834a (0x02c02317) x6  0x82c0a34a
core   0: 0x8000834e (0x40890fb3) sub     t6, s2, s0
core   0: 3 0x8000834e (0x40890fb3) x31 0x0000ffff
core   0: 0x80008352 (0x518b3e13) sltiu   t3, s6, 1304
core   0: 3 0x80008352 (0x518b3e13) x28 0x00000001
core   0: 0x80008356 (0xfc508ba3) sb      t0, -41(ra)
core   0: 3 0x80008356 (0xfc508ba3) mem 0x800124da 0x00
core   0: 0x8000835a (0x02fd4d33) div     s10, s10, a5
core   0: 3 0x8000835a (0x02fd4d33) x26 0xffffffff
core   0: 0x8000835e (0x03608603) lb      a2, 54(ra)
core   0: 3 0x8000835e (0x03608603) x12 0x00000000 mem 0x80012539
core   0: 0x80008362 (0x00008f45) c.or    a4, s1
core   0: 3 0x80008362 (0x8f45) x14 0xffffff00
core   0: 0x80008364 (0x01d52733) slt     a4, a0, t4
core   0: 3 0x80008364 (0x01d52733) x14 0x00000000
core   0: 0x80008368 (0x01a08883) lb      a7, 26(ra)
core   0: 3 0x80008368 (0x01a08883) x17 0x00000000 mem 0x8001251d
core   0: 0x8000836c (0x00000001) c.nop
core   0: 3 0x8000836c (0x0001)
core   0: 0x8000836e (0x00771b93) slli    s7, a4, 7
core   0: 3 0x8000836e (0x00771b93) x23 0x00000000
core   0: 0x80008372 (0xff5089a3) sb      s5, -13(ra)
core   0: 3 0x80008372 (0xff5089a3) mem 0x800124f6 0x00
core   0: 0x80008376 (0x00d0d383) lhu     t2, 13(ra)
core   0: 3 0x80008376 (0x00d0d383) x7  0x00000000 mem 0x80012510
core   0: 0x8000837a (0x40e15d93) srai    s11, sp, 14
core   0: 3 0x8000837a (0x40e15d93) x27 0x00000000
core   0: 0x8000837e (0xfc80c583) lbu     a1, -56(ra)
core   0: 3 0x8000837e (0xfc80c583) x11 0x00000000 mem 0x800124cb
core   0: 0x80008382 (0xfe808b23) sb      s0, -10(ra)
core   0: 3 0x80008382 (0xfe808b23) mem 0x800124f9 0x00
core   0: 0x80008386 (0x00000769) c.addi  a4, 26
core   0: 3 0x80008386 (0x0769) x14 0x0000001a
core   0: 0x80008388 (0x00371a13) slli    s4, a4, 3
core   0: 3 0x80008388 (0x00371a13) x20 0x000000d0
core   0: 0x8000838c (0x030b2a33) mulhsu  s4, s6, a6
core   0: 3 0x8000838c (0x030b2a33) x20 0x0000004f
core   0: 0x80008390 (0xfec08623) sb      a2, -20(ra)
core   0: 3 0x80008390 (0xfec08623) mem 0x800124ef 0x00
core   0: 0x80008394 (0x00004525) c.li    a0, 9
core   0: 3 0x80008394 (0x4525) x10 0x00000009
core   0: 0x80008396 (0x14b9f293) andi    t0, s3, 331
core   0: 3 0x80008396 (0x14b9f293) x5  0x00000100
core   0: 0x8000839a (0x0091f3b3) and     t2, gp, s1
core   0: 3 0x8000839a (0x0091f3b3) x7  0x00000000
core   0: 0x8000839e (0x000053fd) c.li    t2, -1
core   0: 3 0x8000839e (0x53fd) x7  0xffffffff
core   0: 0x800083a0 (0x00009afd) c.andi  a3, -1
core   0: 3 0x800083a0 (0x9afd) x13 0x00000001
core   0: 0x800083a2 (0x00ade633) or      a2, s11, a0
core   0: 3 0x800083a2 (0x00ade633) x12 0x00000009
core   0: 0x800083a6 (0x008a5113) srli    sp, s4, 8
core   0: 3 0x800083a6 (0x008a5113) x2  0x00000000
core   0: 0x800083aa (0x632e7d93) andi    s11, t3, 1586
core   0: 3 0x800083aa (0x632e7d93) x27 0x00000000
core   0: 0x800083ae (0x00000d49) c.addi  s10, 18
core   0: 3 0x800083ae (0x0d49) x26 0x00000011
core   0: 0x800083b0 (0x00004729) c.li    a4, 10
core   0: 3 0x800083b0 (0x4729) x14 0x0000000a
core   0: 0x800083b2 (0x0153e1b3) or      gp, t2, s5
core   0: 3 0x800083b2 (0x0153e1b3) x3  0xffffffff
core   0: 0x800083b6 (0x00008c19) c.sub   s0, a4
core   0: 3 0x800083b6 (0x8c19) x8  0xfffffff6
core   0: 0x800083b8 (0x00178c33) add     s8, a5, ra
core   0: 3 0x800083b8 (0x00178c33) x24 0x80012503
core   0: 0x800083bc (0x00fea2b3) slt     t0, t4, a5
core   0: 3 0x800083bc (0x00fea2b3) x5  0x00000000
core   0: 0x800083c0 (0x0ef76b93) ori     s7, a4, 239
core   0: 3 0x800083c0 (0x0ef76b93) x23 0x000000ef
core   0: 0x800083c4 (0x028318b3) mulh    a7, t1, s0
core   0: 3 0x800083c4 (0x028318b3) x17 0x00000004
core   0: 0x800083c8 (0x00000505) c.addi  a0, 1
core   0: 3 0x800083c8 (0x0505) x10 0x0000000a
core   0: 0x800083ca (0x0000147d) c.addi  s0, -1
core   0: 3 0x800083ca (0x147d) x8  0xfffffff5
core   0: 0x800083cc (0x01df3db3) sltu    s11, t5, t4
core   0: 3 0x800083cc (0x01df3db3) x27 0x00000000
core   0: 0x800083d0 (0x0000823e) c.mv    tp, a5
core   0: 3 0x800083d0 (0x823e) x4  0x00000000
core   0: 0x800083d2 (0xc774c313) xori    t1, s1, -905
core   0: 3 0x800083d2 (0xc774c313) x6  0xfffffc77
core   0: 0x800083d6 (0xfee563e3) bltu    a0, a4, pc - 26
core   0: 3 0x800083d6 (0xfee563e3)
core   0: 0x800083da (0x00008dbd) c.xor   a1, a5
core   0: 3 0x800083da (0x8dbd) x11 0x00000000
core   0: 0x800083dc (0x037e1733) mulh    a4, t3, s7
core   0: 3 0x800083dc (0x037e1733) x14 0x00000000
core   0: 0x800083e0 (0x79ace693) ori     a3, s9, 1946
core   0: 3 0x800083e0 (0x79ace693) x13 0x0000079a
core   0: 0x800083e4 (0x03325c33) divu    s8, tp, s3
core   0: 3 0x800083e4 (0x03325c33) x24 0x00000000
core   0: 0x800083e8 (0x014684b3) add     s1, a3, s4
core   0: 3 0x800083e8 (0x014684b3) x9  0x000007e9
core   0: 0x800083ec (0x0018c933) xor     s2, a7, ra
core   0: 3 0x800083ec (0x0018c933) x18 0x80012507
core   0: 0x800083f0 (0xd7723313) sltiu   t1, tp, -649
core   0: 3 0x800083f0 (0xd7723313) x6  0x00000001
core   0: 0x800083f4 (0x0000e3b1) c.bnez  a5, pc + 68
core   0: 3 0x800083f4 (0xe3b1)
core   0: 0x800083f6 (0x03beea33) rem     s4, t4, s11
core   0: 3 0x800083f6 (0x03beea33) x20 0x00000000
core   0: 0x800083fa (0x00008ff6) c.mv    t6, t4
core   0: 3 0x800083fa (0x8ff6) x31 0x00000000
core   0: 0x800083fc (0x02cbb5b3) mulhu   a1, s7, a2
core   0: 3 0x800083fc (0x02cbb5b3) x11 0x00000000
core   0: 0x80008400 (0x41e8db33) sra     s6, a7, t5
core   0: 3 0x80008400 (0x41e8db33) x22 0x00000000
core   0: 0x80008404 (0x05d85863) bge     a6, t4, pc + 80
core   0: 3 0x80008404 (0x05d85863)
core   0: 0x80008454 (0x00008571) c.srai  a0, 28
core   0: 3 0x80008454 (0x8571) x10 0x00000000
core   0: 0x80008456 (0x00001cfd) c.addi  s9, -1
core   0: 3 0x80008456 (0x1cfd) x25 0xffffffff
core   0: 0x80008458 (0x0009d8b3) srl     a7, s3, zero
core   0: 3 0x80008458 (0x0009d8b3) x17 0x80029d24
core   0: 0x8000845c (0x02bbc163) blt     s7, a1, pc + 34
core   0: 3 0x8000845c (0x02bbc163)
core   0: 0x80008460 (0x00008569) c.srai  a0, 26
core   0: 3 0x80008460 (0x8569) x10 0x00000000
core   0: 0x80008462 (0x026ca433) mulhsu  s0, s9, t1
core   0: 3 0x80008462 (0x026ca433) x8  0xffffffff
core   0: 0x80008466 (0x03be6463) bltu    t3, s11, pc + 40
core   0: 3 0x80008466 (0x03be6463)
core   0: 0x8000846a (0x01929db3) sll     s11, t0, s9
core   0: 3 0x8000846a (0x01929db3) x27 0x00000000
core   0: 0x8000846e (0x0249b3b3) mulhu   t2, s3, tp
core   0: 3 0x8000846e (0x0249b3b3) x7  0x00000000
core   0: 0x80008472 (0x037d27b3) mulhsu  a5, s10, s7
core   0: 3 0x80008472 (0x037d27b3) x15 0x00000000
core   0: 0x80008476 (0x03a81e63) bne     a6, s10, pc + 60
core   0: 3 0x80008476 (0x03a81e63)
core   0: 0x800084b2 (0xc76df437) lui     s0, 0xc76df
core   0: 3 0x800084b2 (0xc76df437) x8  0xc76df000
core   0: 0x800084b6 (0x9e95e393) ori     t2, a1, -1559
core   0: 3 0x800084b6 (0x9e95e393) x7  0xfffff9e9
core   0: 0x800084ba (0x033466b3) rem     a3, s0, s3
core   0: 3 0x800084ba (0x033466b3) x13 0xc76df000
core   0: 0x800084be (0x02766333) rem     t1, a2, t2
core   0: 3 0x800084be (0x02766333) x6  0x00000009
core   0: 0x800084c2 (0x418c06b3) sub     a3, s8, s8
core   0: 3 0x800084c2 (0x418c06b3) x13 0x00000000
core   0: 0x800084c6 (0x000080a2) c.mv    ra, s0
core   0: 3 0x800084c6 (0x80a2) x1  0xc76df000
core   0: 0x800084c8 (0x0254a433) mulhsu  s0, s1, t0
core   0: 3 0x800084c8 (0x0254a433) x8  0x00000000
core   0: 0x800084cc (0x00d7ddb3) srl     s11, a5, a3
core   0: 3 0x800084cc (0x00d7ddb3) x27 0x00000000
core   0: 0x800084d0 (0x008645b3) xor     a1, a2, s0
core   0: 3 0x800084d0 (0x008645b3) x11 0x00000009
core   0: 0x800084d4 (0x13452293) slti    t0, a0, 308
core   0: 3 0x800084d4 (0x13452293) x5  0x00000001
core   0: 0x800084d8 (0x02c00b63) beq     zero, a2, pc + 54
core   0: 3 0x800084d8 (0x02c00b63)
core   0: 0x800084dc (0x0000ec1d) c.bnez  s0, pc + 62
core   0: 3 0x800084dc (0xec1d)
core   0: 0x800084de (0xc4b0bc13) sltiu   s8, ra, -949
core   0: 3 0x800084de (0xc4b0bc13) x24 0x00000001
core   0: 0x800084e2 (0x00009b7d) c.andi  a4, -1
core   0: 3 0x800084e2 (0x9b7d) x14 0x00000000
core   0: 0x800084e4 (0x00000a98) c.addi4spn a4, sp, 336
core   0: 3 0x800084e4 (0x0a98) x14 0x00000150
core   0: 0x800084e6 (0x00008d85) c.sub   a1, s1
core   0: 3 0x800084e6 (0x8d85) x11 0xfffff820
core   0: 0x800084e8 (0x006b3db3) sltu    s11, s6, t1
core   0: 3 0x800084e8 (0x006b3db3) x27 0x00000001
core   0: 0x800084ec (0x40db8133) sub     sp, s7, a3
core   0: 3 0x800084ec (0x40db8133) x2  0x000000ef
core   0: 0x800084f0 (0x0000ca95) c.beqz  a3, pc + 52
core   0: 3 0x800084f0 (0xca95)
core   0: 0x80008524 (0x01ed1e93) slli    t4, s10, 30
core   0: 3 0x80008524 (0x01ed1e93) x29 0x40000000
core   0: 0x80008528 (0x00008dd9) c.or    a1, a4
core   0: 3 0x80008528 (0x8dd9) x11 0xfffff970
core   0: 0x8000852a (0x0000ee15) c.bnez  a2, pc + 60
core   0: 3 0x8000852a (0xee15)
core   0: 0x80008566 (0x001fd913) srli    s2, t6, 1
core   0: 3 0x80008566 (0x001fd913) x18 0x00000000
core   0: 0x8000856a (0x00000ade) c.slli  s5, 23
core   0: 3 0x8000856a (0x0ade) x21 0x00000000
core   0: 0x8000856c (0x0000cb9d) c.beqz  a5, pc + 54
core   0: 3 0x8000856c (0xcb9d)
core   0: 0x800085a2 (0x0000976a) c.add   a4, s10
core   0: 3 0x800085a2 (0x976a) x14 0x00000161
core   0: 0x800085a4 (0x00008f35) c.xor   a4, a3
core   0: 3 0x800085a4 (0x8f35) x14 0x00000161
core   0: 0x800085a6 (0x00008ca9) c.xor   s1, a0
core   0: 3 0x800085a6 (0x8ca9) x9  0x000007e9
core   0: 0x800085a8 (0x00009bfd) c.andi  a5, -1
core   0: 3 0x800085a8 (0x9bfd) x15 0x00000000
core   0: 0x800085aa (0x01539493) slli    s1, t2, 21
core   0: 3 0x800085aa (0x01539493) x9  0x3d200000
core   0: 0x800085ae (0x00f9b333) sltu    t1, s3, a5
core   0: 3 0x800085ae (0x00f9b333) x6  0x00000000
core   0: 0x800085b2 (0x000093d6) c.add   t2, s5
core   0: 3 0x800085b2 (0x93d6) x7  0xfffff9e9
core   0: 0x800085b4 (0x280cd397) auipc   t2, 0x280cd
core   0: 3 0x800085b4 (0x280cd397) x7  0xa80d55b4
core   0: 0x800085b8 (0x00000295) c.addi  t0, 5
core   0: 3 0x800085b8 (0x0295) x5  0x00000006
core   0: 0x800085ba (0x00934e63) blt     t1, s1, pc + 28
core   0: 3 0x800085ba (0x00934e63)
core   0: 0x800085d6 (0x015c7933) and     s2, s8, s5
core   0: 3 0x800085d6 (0x015c7933) x18 0x00000000
core   0: 0x800085da (0x00008e6d) c.and   a2, a1
core   0: 3 0x800085da (0x8e6d) x12 0x00000000
core   0: 0x800085dc (0x00008e29) c.xor   a2, a0
core   0: 3 0x800085dc (0x8e29) x12 0x00000000
core   0: 0x800085de (0xd9bf6313) ori     t1, t5, -613
core   0: 3 0x800085de (0xd9bf6313) x6  0xffffffbf
core   0: 0x800085e2 (0x000089e5) c.andi  a1, 25
core   0: 3 0x800085e2 (0x89e5) x11 0x00000010
core   0: 0x800085e4 (0x000682b3) add     t0, a3, zero
core   0: 3 0x800085e4 (0x000682b3) x5  0x00000000
core   0: 0x800085e8 (0x0000e909) c.bnez  a0, pc + 18
core   0: 3 0x800085e8 (0xe909)
core   0: 0x800085ea (0x006202b3) add     t0, tp, t1
core   0: 3 0x800085ea (0x006202b3) x5  0xffffffbf
core   0: 0x800085ee (0x0210b6b3) mulhu   a3, ra, ra
core   0: 3 0x800085ee (0x0210b6b3) x13 0x9b5c1a56
core   0: 0x800085f2 (0x0199bb33) sltu    s6, s3, s9
core   0: 3 0x800085f2 (0x0199bb33) x22 0x00000001
core   0: 0x800085f6 (0x00d0a633) slt     a2, ra, a3
core   0: 3 0x800085f6 (0x00d0a633) x12 0x00000000
core   0: 0x800085fa (0x0000838d) c.srli  a5, 3
core   0: 3 0x800085fa (0x838d) x15 0x00000000
core   0: 0x800085fc (0x417cdab3) sra     s5, s9, s7
core   0: 3 0x800085fc (0x417cdab3) x21 0xffffffff
core   0: 0x80008600 (0x00009b7d) c.andi  a4, -1
core   0: 3 0x80008600 (0x9b7d) x14 0x00000161
core   0: 0x80008602 (0x034a8933) mul     s2, s5, s4
core   0: 3 0x80008602 (0x034a8933) x18 0x00000000
core   0: 0x80008606 (0x04ea9063) bne     s5, a4, pc + 64
core   0: 3 0x80008606 (0x04ea9063)
core   0: 0x80008646 (0x0000049d) c.addi  s1, 7
core   0: 3 0x80008646 (0x049d) x9  0x3d200007
core   0: 0x80008648 (0x2041bf93) sltiu   t6, gp, 516
core   0: 3 0x80008648 (0x2041bf93) x31 0x00000000
core   0: 0x8000864c (0x0000c989) c.beqz  a1, pc + 18
core   0: 3 0x8000864c (0xc989)
core   0: 0x8000864e (0x00000dc6) c.slli  s11, 17
core   0: 3 0x8000864e (0x0dc6) x27 0x00020000
core   0: 0x80008650 (0x00000001) c.nop
core   0: 3 0x80008650 (0x0001)
core   0: 0x80008652 (0x55718b13) addi    s6, gp, 1367
core   0: 3 0x80008652 (0x55718b13) x22 0x00000556
core   0: 0x80008656 (0x418c86b3) sub     a3, s9, s8
core   0: 3 0x80008656 (0x418c86b3) x13 0xfffffffe
core   0: 0x8000865a (0x03d71d33) mulh    s10, a4, t4
core   0: 3 0x8000865a (0x03d71d33) x26 0x00000058
core   0: 0x8000865e (0x008751b3) srl     gp, a4, s0
core   0: 3 0x8000865e (0x008751b3) x3  0x00000161
core   0: 0x80008662 (0x16f30e93) addi    t4, t1, 367
core   0: 3 0x80008662 (0x16f30e93) x29 0x0000012e
core   0: 0x80008666 (0x0000cc01) c.beqz  s0, pc + 24
core   0: 3 0x80008666 (0xcc01)
core   0: 0x8000867e (0x04e48063) beq     s1, a4, pc + 64
core   0: 3 0x8000867e (0x04e48063)
core   0: 0x80008682 (0x0000c10d) c.beqz  a0, pc + 34
core   0: 3 0x80008682 (0xc10d)
core   0: 0x800086a4 (0x1fecb893) sltiu   a7, s9, 510
core   0: 3 0x800086a4 (0x1fecb893) x17 0x00000000
core   0: 0x800086a8 (0x03b2abb3) mulhsu  s7, t0, s11
core   0: 3 0x800086a8 (0x03b2abb3) x23 0xffffffff
core   0: 0x800086ac (0x0143bbb3) sltu    s7, t2, s4
core   0: 3 0x800086ac (0x0143bbb3) x23 0x00000000
core   0: 0x800086b0 (0x04899063) bne     s3, s0, pc + 64
core   0: 3 0x800086b0 (0x04899063)
core   0: 0x800086f0 (0x331d2313) slti    t1, s10, 817
core   0: 3 0x800086f0 (0x331d2313) x6  0x00000001
core   0: 0x800086f4 (0x0034b233) sltu    tp, s1, gp
core   0: 3 0x800086f4 (0x0034b233) x4  0x00000000
core   0: 0x800086f8 (0x0000c615) c.beqz  a2, pc + 44
core   0: 3 0x800086f8 (0xc615)
core   0: 0x80008724 (0x2e966717) auipc   a4, 0x2e966
core   0: 3 0x80008724 (0x2e966717) x14 0xae96e724
core   0: 0x80008728 (0x0000ce85) c.beqz  a3, pc + 56
core   0: 3 0x80008728 (0xce85)
core   0: 0x8000872a (0x03d63d33) mulhu   s10, a2, t4
core   0: 3 0x8000872a (0x03d63d33) x26 0x00000000
core   0: 0x8000872e (0x01d1e5b3) or      a1, gp, t4
core   0: 3 0x8000872e (0x01d1e5b3) x11 0x0000016f
core   0: 0x80008732 (0x0578ce13) xori    t3, a7, 87
core   0: 3 0x80008732 (0x0578ce13) x28 0x00000057
core   0: 0x80008736 (0x0000567d) c.li    a2, -1
core   0: 3 0x80008736 (0x567d) x12 0xffffffff
core   0: 0x80008738 (0x000092fa) c.add   t0, t5
core   0: 3 0x80008738 (0x92fa) x5  0x80025df3
core   0: 0x8000873a (0x0118a7b3) slt     a5, a7, a7
core   0: 3 0x8000873a (0x0118a7b3) x15 0x00000000
core   0: 0x8000873e (0x0190ccb3) xor     s9, ra, s9
core   0: 3 0x8000873e (0x0190ccb3) x25 0x38920fff
core   0: 0x80008742 (0x011c31b3) sltu    gp, s8, a7
core   0: 3 0x80008742 (0x011c31b3) x3  0x00000000
core   0: 0x80008746 (0x03d39533) mulh    a0, t2, t4
core   0: 3 0x80008746 (0x03d39533) x10 0xffffff98
core   0: 0x8000874a (0x00000c4e) c.slli  s8, 19
core   0: 3 0x8000874a (0x0c4e) x24 0x00080000
core   0: 0x8000874c (0x00fb4463) blt     s6, a5, pc + 8
core   0: 3 0x8000874c (0x00fb4463)
core   0: 0x80008750 (0x41bd5a13) srai    s4, s10, 27
core   0: 3 0x80008750 (0x41bd5a13) x20 0x00000000
core   0: 0x80008754 (0x01cf3c33) sltu    s8, t5, t3
core   0: 3 0x80008754 (0x01cf3c33) x24 0x00000000
core   0: 0x80008758 (0x2c4c8713) addi    a4, s9, 708
core   0: 3 0x80008758 (0x2c4c8713) x14 0x389212c3
core   0: 0x8000875c (0xc840cf93) xori    t6, ra, -892
core   0: 3 0x8000875c (0xc840cf93) x31 0x38920c84
core   0: 0x80008760 (0x0c19d1b7) lui     gp, 0xc19d
core   0: 3 0x80008760 (0x0c19d1b7) x3  0x0c19d000
core   0: 0x80008764 (0x022cdbb3) divu    s7, s9, sp
core   0: 3 0x80008764 (0x022cdbb3) x23 0x003c982a
core   0: 0x80008768 (0x00008f8d) c.sub   a5, a1
core   0: 3 0x80008768 (0x8f8d) x15 0xfffffe91
core   0: 0x8000876a (0xff556193) ori     gp, a0, -11
core   0: 3 0x8000876a (0xff556193) x3  0xfffffffd
core   0: 0x8000876e (0x000099fd) c.andi  a1, -1
core   0: 3 0x8000876e (0x99fd) x11 0x0000016f
core   0: 0x80008770 (0x93d73113) sltiu   sp, a4, -1731
core   0: 3 0x80008770 (0x93d73113) x2  0x00000001
core   0: 0x80008774 (0x03a2f763) bgeu    t0, s10, pc + 46
core   0: 3 0x80008774 (0x03a2f763)
core   0: 0x800087a2 (0x0000717d) c.addi16sp sp, -16
core   0: 3 0x800087a2 (0x717d) x2  0xfffffff1
core   0: 0x800087a4 (0xa5af8537) lui     a0, 0xa5af8
core   0: 3 0x800087a4 (0xa5af8537) x10 0xa5af8000
core   0: 0x800087a8 (0x26602b93) slti    s7, zero, 614
core   0: 3 0x800087a8 (0x26602b93) x23 0x00000001
core   0: 0x800087ac (0x6b5a9037) lui     zero, 0x6b5a9
core   0: 3 0x800087ac (0x6b5a9037)
core   0: 0x800087b0 (0x000080c5) c.srli  s1, 17
core   0: 3 0x800087b0 (0x80c5) x9  0x00001e90
core   0: 0x800087b2 (0x00689113) slli    sp, a7, 6
core   0: 3 0x800087b2 (0x00689113) x2  0x00000000
core   0: 0x800087b6 (0x00008ae5) c.andi  a3, 25
core   0: 3 0x800087b6 (0x8ae5) x13 0x00000018
core   0: 0x800087b8 (0x01f093b3) sll     t2, ra, t6
core   0: 3 0x800087b8 (0x01f093b3) x7  0x76df0000
core   0: 0x800087bc (0x01de2133) slt     sp, t3, t4
core   0: 3 0x800087bc (0x01de2133) x2  0x00000001
core   0: 0x800087c0 (0x030a2113) slti    sp, s4, 48
core   0: 3 0x800087c0 (0x030a2113) x2  0x00000001
core   0: 0x800087c4 (0x74496c93) ori     s9, s2, 1860
core   0: 3 0x800087c4 (0x74496c93) x25 0x00000744
core   0: 0x800087c8 (0x00cfc8b3) xor     a7, t6, a2
core   0: 3 0x800087c8 (0x00cfc8b3) x17 0xc76df37b
core   0: 0x800087cc (0x85d6f413) andi    s0, a3, -1955
core   0: 3 0x800087cc (0x85d6f413) x8  0x00000018
core   0: 0x800087d0 (0x1bd88893) addi    a7, a7, 445
core   0: 3 0x800087d0 (0x1bd88893) x17 0xc76df538
core   0: 0x800087d4 (0x41b2d033) sra     zero, t0, s11
core   0: 3 0x800087d4 (0x41b2d033)
core   0: 0x800087d8 (0xeadfe36f) jal     t1, pc - 0x1154
core   0: 3 0x800087d8 (0xeadfe36f) x6  0x800087dc
core   0: 0x80007684 (0x00001f01) c.addi  t5, -32
core   0: 3 0x80007684 (0x1f01) x30 0x80025e14
core   0: 0x80007686 (0x0352f2b3) remu    t0, t0, s5
core   0: 3 0x80007686 (0x0352f2b3) x5  0x80025df3
core   0: 0x8000768a (0x006f2223) sw      t1, 4(t5)
core   0: 3 0x8000768a (0x006f2223) mem 0x80025e18 0x800087dc
core   0: 0x8000768e (0x8d350893) addi    a7, a0, -1837
core   0: 3 0x8000768e (0x8d350893) x17 0xa5af78d3
core   0: 0x80007692 (0x01f85133) srl     sp, a6, t6
core   0: 3 0x80007692 (0x01f85133) x2  0x05b4bc1c
core   0: 0x80007696 (0x000089b1) c.andi  a1, 12
core   0: 3 0x80007696 (0x89b1) x11 0x0000000c
core   0: 0x80007698 (0x01a20bb3) add     s7, tp, s10
core   0: 3 0x80007698 (0x01a20bb3) x23 0x00000000
core   0: 0x8000769c (0x00006689) c.lui   a3, 0x2
core   0: 3 0x8000769c (0x6689) x13 0x00002000
core   0: 0x8000769e (0x03ada733) mulhsu  a4, s11, s10
core   0: 3 0x8000769e (0x03ada733) x14 0x00000000
core   0: 0x800076a2 (0x85d30393) addi    t2, t1, -1955
core   0: 3 0x800076a2 (0x85d30393) x7  0x80008039
core   0: 0x800076a6 (0x40ff5393) srai    t2, t5, 15
core   0: 3 0x800076a6 (0x40ff5393) x7  0xffff0004
core   0: 0x800076aa (0x000000aa) c.slli  ra, 10
core   0: 3 0x800076aa (0x00aa) x1  0xb7c00000
core   0: 0x800076ac (0x03c221b3) mulhsu  gp, tp, t3
core   0: 3 0x800076ac (0x03c221b3) x3  0x00000000
core   0: 0x800076b0 (0x0061b233) sltu    tp, gp, t1
core   0: 3 0x800076b0 (0x0061b233) x4  0x00000001
core   0: 0x800076b4 (0x0000c605) c.beqz  a2, pc + 40
core   0: 3 0x800076b4 (0xc605)
core   0: 0x800076b6 (0x40cf5693) srai    a3, t5, 12
core   0: 3 0x800076b6 (0x40cf5693) x13 0xfff80025
core   0: 0x800076ba (0x59dd2893) slti    a7, s10, 1437
core   0: 3 0x800076ba (0x59dd2893) x17 0x00000001
core   0: 0x800076be (0x005a0fb3) add     t6, s4, t0
core   0: 3 0x800076be (0x005a0fb3) x31 0x80025df3
core   0: 0x800076c2 (0xa0a6ec93) ori     s9, a3, -1526
core   0: 3 0x800076c2 (0xa0a6ec93) x25 0xfffffa2f
core   0: 0x800076c6 (0x00b4c963) blt     s1, a1, pc + 18
core   0: 3 0x800076c6 (0x00b4c963)
core   0: 0x800076ca (0x009e3cb3) sltu    s9, t3, s1
core   0: 3 0x800076ca (0x009e3cb3) x25 0x00000001
core   0: 0x800076ce (0x01f6ca63) blt     a3, t6, pc + 20
core   0: 3 0x800076ce (0x01f6ca63)
core   0: 0x800076d2 (0x0000177d) c.addi  a4, -1
core   0: 3 0x800076d2 (0x177d) x14 0xffffffff
core   0: 0x800076d4 (0x6db04913) xori    s2, zero, 1755
core   0: 3 0x800076d4 (0x6db04913) x18 0x000006db
core   0: 0x800076d8 (0x007d6ab3) or      s5, s10, t2
core   0: 3 0x800076d8 (0x007d6ab3) x21 0xffff0004
core   0: 0x800076dc (0x000081f9) c.srli  a1, 30
core   0: 3 0x800076dc (0x81f9) x11 0x00000000
core   0: 0x800076de (0x00e98263) beq     s3, a4, pc + 4
core   0: 3 0x800076de (0x00e98263)
core   0: 0x800076e2 (0x85dc9797) auipc   a5, 0x85dc9
core   0: 3 0x800076e2 (0x85dc9797) x15 0x05dd06e2
core   0: 0x800076e6 (0x004f2303) lw      t1, 4(t5)
core   0: 3 0x800076e6 (0x004f2303) x6  0x800087dc mem 0x80025e18
core   0: 0x800076ea (0x00008dd1) c.or    a1, a2
core   0: 3 0x800076ea (0x8dd1) x11 0xffffffff
core   0: 0x800076ec (0x02598093) addi    ra, s3, 37
core   0: 3 0x800076ec (0x02598093) x1  0x80029d49
core   0: 0x800076f0 (0x020f0f13) addi    t5, t5, 32
core   0: 3 0x800076f0 (0x020f0f13) x30 0x80025e34
core   0: 0x800076f4 (0x01920d33) add     s10, tp, s9
core   0: 3 0x800076f4 (0x01920d33) x26 0x00000002
core   0: 0x800076f8 (0x007ab1b3) sltu    gp, s5, t2
core   0: 3 0x800076f8 (0x007ab1b3) x3  0x00000000
core   0: 0x800076fc (0x3644cb93) xori    s7, s1, 868
core   0: 3 0x800076fc (0x3644cb93) x23 0x00001df4
core   0: 0x80007700 (0x00008eb9) c.xor   a3, a4
core   0: 3 0x80007700 (0x8eb9) x13 0x0007ffda
core   0: 0x80007702 (0x00574eb3) xor     t4, a4, t0
core   0: 3 0x80007702 (0x00574eb3) x29 0x7ffda20c
core   0: 0x80007706 (0x00130693) addi    a3, t1, 1
core   0: 3 0x80007706 (0x00130693) x13 0x800087dd
core   0: 0x8000770a (0x00009682) c.jalr  a3
core   0: 3 0x8000770a (0x9682) x1  0x8000770c
core   0: 0x800087dc (0x0000717d) c.addi16sp sp, -16
core   0: 3 0x800087dc (0x717d) x2  0x05b4bc0c
core   0: 0x800087de (0x00000001) c.nop
core   0: 3 0x800087de (0x0001)
core   0: 0x800087e0 (0x027bdeb3) divu    t4, s7, t2
core   0: 3 0x800087e0 (0x027bdeb3) x29 0x00000000
core   0: 0x800087e4 (0x03f6d5b3) divu    a1, a3, t6
core   0: 3 0x800087e4 (0x03f6d5b3) x11 0x00000000
core   0: 0x800087e8 (0xac953113) sltiu   sp, a0, -1335
core   0: 3 0x800087e8 (0xac953113) x2  0x00000001
core   0: 0x800087ec (0xd1310db7) lui     s11, 0xd1310
core   0: 3 0x800087ec (0xd1310db7) x27 0xd1310000
core   0: 0x800087f0 (0x01a18563) beq     gp, s10, pc + 10
core   0: 3 0x800087f0 (0x01a18563)
core   0: 0x800087f4 (0x02046bb3) rem     s7, s0, zero
core   0: 3 0x800087f4 (0x02046bb3) x23 0x00000018
core   0: 0x800087f8 (0x0000127d) c.addi  tp, -1
core   0: 3 0x800087f8 (0x127d) x4  0x00000000
core   0: 0x800087fa (0x017becb3) or      s9, s7, s7
core   0: 3 0x800087fa (0x017becb3) x25 0x00000018
core   0: 0x800087fe (0x01321d63) bne     tp, s3, pc + 26
core   0: 3 0x800087fe (0x01321d63)
core   0: 0x80008818 (0x91adce97) auipc   t4, 0x91adc
core   0: 3 0x80008818 (0x91adce97) x29 0x11ae4818
core   0: 0x8000881c (0x02655eb3) divu    t4, a0, t1
core   0: 3 0x8000881c (0x02655eb3) x29 0x00000001
core   0: 0x80008820 (0x00006325) c.lui   t1, 0x9
core   0: 3 0x80008820 (0x6325) x6  0x00009000
core   0: 0x80008822 (0x362fce13) xori    t3, t6, 866
core   0: 3 0x80008822 (0x362fce13) x28 0x80025e91
core   0: 0x80008826 (0x005dd933) srl     s2, s11, t0
core   0: 3 0x80008826 (0x005dd933) x18 0x00001a26
core   0: 0x8000882a (0x018d1c33) sll     s8, s10, s8
core   0: 3 0x8000882a (0x018d1c33) x24 0x00000002
core   0: 0x8000882e (0x00008fcd) c.or    a5, a1
core   0: 3 0x8000882e (0x8fcd) x15 0x05dd06e2
core   0: 0x80008830 (0x00008519) c.srai  a0, 6
core   0: 3 0x80008830 (0x8519) x10 0xfe96be00
core   0: 0x80008832 (0x032ce2b3) rem     t0, s9, s2
core   0: 3 0x80008832 (0x032ce2b3) x5  0x00000018
core   0: 0x80008836 (0x012c0cb3) add     s9, s8, s2
core   0: 3 0x80008836 (0x012c0cb3) x25 0x00001a28
core   0: 0x8000883a (0x000087b5) c.srai  a5, 13
core   0: 3 0x8000883a (0x87b5) x15 0x00002ee8
core   0: 0x8000883c (0x02ca8c33) mul     s8, s5, a2
core   0: 3 0x8000883c (0x02ca8c33) x24 0x0000fffc
core   0: 0x80008840 (0xab920713) addi    a4, tp, -1351
core   0: 3 0x80008840 (0xab920713) x14 0xfffffab9
core   0: 0x80008844 (0x1059eb93) ori     s7, s3, 261
core   0: 3 0x80008844 (0x1059eb93) x23 0x80029d25
core   0: 0x80008848 (0x00074863) bltz    a4, pc + 16
core   0: 3 0x80008848 (0x00074863)
core   0: 0x80008858 (0x0000844d) c.srai  s0, 19
core   0: 3 0x80008858 (0x844d) x8  0x00000000
core   0: 0x8000885a (0x0376c733) div     a4, a3, s7
core   0: 3 0x8000885a (0x0376c733) x14 0x00000001
core   0: 0x8000885e (0x00b37233) and     tp, t1, a1
core   0: 3 0x8000885e (0x00b37233) x4  0x00000000
core   0: 0x80008862 (0x02e534b3) mulhu   s1, a0, a4
core   0: 3 0x80008862 (0x02e534b3) x9  0x00000000
core   0: 0x80008866 (0x02145e63) bge     s0, ra, pc + 60
core   0: 3 0x80008866 (0x02145e63)
core   0: 0x800088a2 (0x032f1d63) bne     t5, s2, pc + 58
core   0: 3 0x800088a2 (0x032f1d63)
core   0: 0x800088dc (0x0010ffb3) and     t6, ra, ra
core   0: 3 0x800088dc (0x0010ffb3) x31 0x8000770c
core   0: 0x800088e0 (0xb8c3e213) ori     tp, t2, -1140
core   0: 3 0x800088e0 (0xb8c3e213) x4  0xfffffb8c
core   0: 0x800088e4 (0x00000c04) c.addi4spn s1, sp, 528
core   0: 3 0x800088e4 (0x0c04) x9  0x00000211
core   0: 0x800088e6 (0x401edb93) srai    s7, t4, 1
core   0: 3 0x800088e6 (0x401edb93) x23 0x00000000
core   0: 0x800088ea (0x0274ceb3) div     t4, s1, t2
core   0: 3 0x800088ea (0x0274ceb3) x29 0x00000000
core   0: 0x800088ee (0x00000094) c.addi4spn a3, sp, 64
core   0: 3 0x800088ee (0x0094) x13 0x00000041
core   0: 0x800088f0 (0x00008cd9) c.or    s1, a4
core   0: 3 0x800088f0 (0x8cd9) x9  0x00000211
core   0: 0x800088f2 (0x025ee363) bltu    t4, t0, pc + 38
core   0: 3 0x800088f2 (0x025ee363)
core   0: 0x80008918 (0x41ee3e13) sltiu   t3, t3, 1054
core   0: 3 0x80008918 (0x41ee3e13) x28 0x00000000
core   0: 0x8000891c (0x00615263) bge     sp, t1, pc + 4
core   0: 3 0x8000891c (0x00615263)
core   0: 0x80008920 (0x00008a69) c.andi  a2, 26
core   0: 3 0x80008920 (0x8a69) x12 0x0000001a
core   0: 0x80008922 (0x0000e81d) c.bnez  s0, pc + 54
core   0: 3 0x80008922 (0xe81d)
core   0: 0x80008924 (0x02de4d33) div     s10, t3, a3
core   0: 3 0x80008924 (0x02de4d33) x26 0x00000000
core   0: 0x80008928 (0x00000001) c.nop
core   0: 3 0x80008928 (0x0001)
core   0: 0x8000892a (0x0281bbb3) mulhu   s7, gp, s0
core   0: 3 0x8000892a (0x0281bbb3) x23 0x00000000
core   0: 0x8000892e (0x037a4ab3) div     s5, s4, s7
core   0: 3 0x8000892e (0x037a4ab3) x21 0xffffffff
core   0: 0x80008932 (0x0000c609) c.beqz  a2, pc + 10
core   0: 3 0x80008932 (0xc609)
core   0: 0x80008934 (0x00008fed) c.and   a5, a1
core   0: 3 0x80008934 (0x8fed) x15 0x00000000
core   0: 0x80008936 (0x00000001) c.nop
core   0: 3 0x80008936 (0x0001)
core   0: 0x80008938 (0x00008431) c.srai  s0, 12
core   0: 3 0x80008938 (0x8431) x8  0x00000000
core   0: 0x8000893a (0x00008cb9) c.xor   s1, a4
core   0: 3 0x8000893a (0x8cb9) x9  0x00000210
core   0: 0x8000893c (0x031d1733) mulh    a4, s10, a7
core   0: 3 0x8000893c (0x031d1733) x14 0x00000000
core   0: 0x80008940 (0x00008ecd) c.or    a3, a1
core   0: 3 0x80008940 (0x8ecd) x13 0x00000041
core   0: 0x80008942 (0xaf575237) lui     tp, 0xaf575
core   0: 3 0x80008942 (0xaf575237) x4  0xaf575000
core   0: 0x80008946 (0x00000185) c.addi  gp, 1
core   0: 3 0x80008946 (0x0185) x3  0x00000001
core   0: 0x80008948 (0x013d9013) slli    zero, s11, 19
core   0: 3 0x80008948 (0x013d9013)
core   0: 0x8000894c (0x006780b3) add     ra, a5, t1
core   0: 3 0x8000894c (0x006780b3) x1  0x00009000
core   0: 0x80008950 (0x038f0733) mul     a4, t5, s8
core   0: 3 0x80008950 (0x038f0733) x14 0x5e2a8730
core   0: 0x80008954 (0x011a8633) add     a2, s5, a7
core   0: 3 0x80008954 (0x011a8633) x12 0x00000000
core   0: 0x80008958 (0x000008a2) c.slli  a7, 8
core   0: 3 0x80008958 (0x08a2) x17 0x00000100
core   0: 0x8000895a (0x0339bfb3) mulhu   t6, s3, s3
core   0: 3 0x8000895a (0x0339bfb3) x31 0x40029d2a
core   0: 0x8000895e (0x011ac8b3) xor     a7, s5, a7
core   0: 3 0x8000895e (0x011ac8b3) x17 0xfffffeff
core   0: 0x80008962 (0x0000cb0d) c.beqz  a4, pc + 50
core   0: 3 0x80008962 (0xcb0d)
core   0: 0x80008964 (0x000004ad) c.addi  s1, 11
core   0: 3 0x80008964 (0x04ad) x9  0x0000021b
core   0: 0x80008966 (0x0000190c) c.addi4spn a1, sp, 176
core   0: 3 0x80008966 (0x190c) x11 0x000000b1
core   0: 0x80008968 (0x0000e999) c.bnez  a1, pc + 22
core   0: 3 0x80008968 (0xe999)
core   0: 0x8000897e (0x0000159c) c.addi4spn a5, sp, 736
core   0: 3 0x8000897e (0x159c) x15 0x000002e1
core   0: 0x80008980 (0x00009ee6) c.add   t4, s9
core   0: 3 0x80008980 (0x9ee6) x29 0x00001a28
core   0: 0x80008982 (0x005b9693) slli    a3, s7, 5
core   0: 3 0x80008982 (0x005b9693) x13 0x00000000
core   0: 0x80008986 (0x00cb58b3) srl     a7, s6, a2
core   0: 3 0x80008986 (0x00cb58b3) x17 0x00000556
core   0: 0x8000898a (0x790dc693) xori    a3, s11, 1936
core   0: 3 0x8000898a (0x790dc693) x13 0xd1310790
core   0: 0x8000898e (0x0096d293) srli    t0, a3, 9
core   0: 3 0x8000898e (0x0096d293) x5  0x00689883
core   0: 0x80008992 (0x0000717d) c.addi16sp sp, -16
core   0: 3 0x80008992 (0x717d) x2  0xfffffff1
core   0: 0x80008994 (0x00008d61) c.and   a0, s0
core   0: 3 0x80008994 (0x8d61) x10 0x00000000
core   0: 0x80008996 (0x034df733) remu    a4, s11, s4
core   0: 3 0x80008996 (0x034df733) x14 0xd1310000
core   0: 0x8000899a (0x00008eed) c.and   a3, a1
core   0: 3 0x8000899a (0x8eed) x13 0x00000090
core   0: 0x8000899c (0x000085ad) c.srai  a1, 11
core   0: 3 0x8000899c (0x85ad) x11 0x00000000
core   0: 0x8000899e (0x00804233) xor     tp, zero, s0
core   0: 3 0x8000899e (0x00804233) x4  0x00000000
core   0: 0x800089a2 (0x00008c89) c.sub   s1, a0
core   0: 3 0x800089a2 (0x8c89) x9  0x0000021b
core   0: 0x800089a4 (0x03e32033) mulhsu  zero, t1, t5
core   0: 3 0x800089a4 (0x03e32033)
core   0: 0x800089a8 (0x03e4b133) mulhu   sp, s1, t5
core   0: 3 0x800089a8 (0x03e4b133) x2  0x0000010d
core   0: 0x800089ac (0x4033d013) srai    zero, t2, 3
core   0: 3 0x800089ac (0x4033d013)
core   0: 0x800089b0 (0x00004611) c.li    a2, 4
core   0: 3 0x800089b0 (0x4611) x12 0x00000004
core   0: 0x800089b2 (0x02f70b63) beq     a4, a5, pc + 54
core   0: 3 0x800089b2 (0x02f70b63)
core   0: 0x800089b6 (0x4100d793) srai    a5, ra, 16
core   0: 3 0x800089b6 (0x4100d793) x15 0x00000000
core   0: 0x800089ba (0x00001c1c) c.addi4spn a5, sp, 560
core   0: 3 0x800089ba (0x1c1c) x15 0x0000033d
core   0: 0x800089bc (0x41e8d0b3) sra     ra, a7, t5
core   0: 3 0x800089bc (0x41e8d0b3) x1  0x00000000
core   0: 0x800089c0 (0x03bdf663) bgeu    s11, s11, pc + 44
core   0: 3 0x800089c0 (0x03bdf663)
core   0: 0x800089ec (0x023b8d33) mul     s10, s7, gp
core   0: 3 0x800089ec (0x023b8d33) x26 0x00000000
core   0: 0x800089f0 (0x01b088b3) add     a7, ra, s11
core   0: 3 0x800089f0 (0x01b088b3) x17 0xd1310000
core   0: 0x800089f4 (0x020c9d63) bnez    s9, pc + 58
core   0: 3 0x800089f4 (0x020c9d63)
core   0: 0x80008a2e (0x000084d1) c.srai  s1, 20
core   0: 3 0x80008a2e (0x84d1) x9  0x00000000
core   0: 0x80008a30 (0x00dee333) or      t1, t4, a3
core   0: 3 0x80008a30 (0x00dee333) x6  0x00001ab8
core   0: 0x80008a34 (0x0000933e) c.add   t1, a5
core   0: 3 0x80008a34 (0x933e) x6  0x00001df5
core   0: 0x80008a36 (0x41c70ab3) sub     s5, a4, t3
core   0: 3 0x80008a36 (0x41c70ab3) x21 0xd1310000
core   0: 0x80008a3a (0x0082dc93) srli    s9, t0, 8
core   0: 3 0x80008a3a (0x0082dc93) x25 0x00006898
core   0: 0x80008a3e (0x02daa7b3) mulhsu  a5, s5, a3
core   0: 3 0x80008a3e (0x02daa7b3) x15 0xffffffe5
core   0: 0x80008a42 (0x845c6213) ori     tp, s8, -1979
core   0: 3 0x80008a42 (0x845c6213) x4  0xfffffffd
core   0: 0x80008a46 (0x035fd633) divu    a2, t6, s5
core   0: 3 0x80008a46 (0x035fd633) x12 0x00000000
core   0: 0x80008a4a (0x00000001) c.nop
core   0: 3 0x80008a4a (0x0001)
core   0: 0x80008a4c (0x7c3c7493) andi    s1, s8, 1987
core   0: 3 0x80008a4c (0x7c3c7493) x9  0x000007c0
core   0: 0x80008a50 (0x02082b33) mulhsu  s6, a6, zero
core   0: 3 0x80008a50 (0x02082b33) x22 0x00000000
core   0: 0x80008a54 (0x023c7f63) bgeu    s8, gp, pc + 62
core   0: 3 0x80008a54 (0x023c7f63)
core   0: 0x80008a92 (0x000018fd) c.addi  a7, -1
core   0: 3 0x80008a92 (0x18fd) x17 0xd130ffff
core   0: 0x80008a94 (0x03f69c63) bne     a3, t6, pc + 56
core   0: 3 0x80008a94 (0x03f69c63)
core   0: 0x80008acc (0x0000e481) c.bnez  s1, pc + 8
core   0: 3 0x80008acc (0xe481)
core   0: 0x80008ad4 (0x0076ce63) blt     a3, t2, pc + 28
core   0: 3 0x80008ad4 (0x0076ce63)
core   0: 0x80008ad8 (0x002164b3) or      s1, sp, sp
core   0: 3 0x80008ad8 (0x002164b3) x9  0x0000010d
core   0: 0x80008adc (0x03ebeab3) rem     s5, s7, t5
core   0: 3 0x80008adc (0x03ebeab3) x21 0x00000000
core   0: 0x80008ae0 (0x012b6663) bltu    s6, s2, pc + 12
core   0: 3 0x80008ae0 (0x012b6663)
core   0: 0x80008aec (0x00000001) c.nop
core   0: 3 0x80008aec (0x0001)
core   0: 0x80008aee (0x0000527d) c.li    tp, -1
core   0: 3 0x80008aee (0x527d) x4  0xffffffff
core   0: 0x80008af0 (0x00008f25) c.xor   a4, s1
core   0: 3 0x80008af0 (0x8f25) x14 0xd131010d
core   0: 0x80008af2 (0x00000a52) c.slli  s4, 20
core   0: 3 0x80008af2 (0x0a52) x20 0x00000000
core   0: 0x80008af4 (0x03d1f563) bgeu    gp, t4, pc + 42
core   0: 3 0x80008af4 (0x03d1f563)
core   0: 0x80008af8 (0x01975c93) srli    s9, a4, 25
core   0: 3 0x80008af8 (0x01975c93) x25 0x00000068
core   0: 0x80008afc (0x00008389) c.srli  a5, 2
core   0: 3 0x80008afc (0x8389) x15 0x3ffffff9
core   0: 0x80008afe (0x010a3533) sltu    a0, s4, a6
core   0: 3 0x80008afe (0x010a3533) x10 0x00000001
core   0: 0x80008b02 (0x0000859e) c.mv    a1, t2
core   0: 3 0x80008b02 (0x859e) x11 0xffff0004
core   0: 0x80008b04 (0x028d5c63) bge     s10, s0, pc + 56
core   0: 3 0x80008b04 (0x028d5c63)
core   0: 0x80008b3c (0x73012c13) slti    s8, sp, 1840
core   0: 3 0x80008b3c (0x73012c13) x24 0x00000001
core   0: 0x80008b40 (0x00008d11) c.sub   a0, a2
core   0: 3 0x80008b40 (0x8d11) x10 0x00000001
core   0: 0x80008b42 (0x7e4aee93) ori     t4, s5, 2020
core   0: 3 0x80008b42 (0x7e4aee93) x29 0x000007e4
core   0: 0x80008b46 (0x00341893) slli    a7, s0, 3
core   0: 3 0x80008b46 (0x00341893) x17 0x00000000
core   0: 0x80008b4a (0x033430b3) mulhu   ra, s0, s3
core   0: 3 0x80008b4a (0x033430b3) x1  0x00000000
core   0: 0x80008b4e (0x00009d36) c.add   s10, a3
core   0: 3 0x80008b4e (0x9d36) x26 0x00000090
core   0: 0x80008b50 (0x001b6e33) or      t3, s6, ra
core   0: 3 0x80008b50 (0x001b6e33) x28 0x00000000
core   0: 0x80008b54 (0x0000717d) c.addi16sp sp, -16
core   0: 3 0x80008b54 (0x717d) x2  0x000000fd
core   0: 0x80008b56 (0x00000001) c.nop
core   0: 3 0x80008b56 (0x0001)
core   0: 0x80008b58 (0x00000001) c.nop
core   0: 3 0x80008b58 (0x0001)
core   0: 0x80008b5a (0x00009452) c.add   s0, s4
core   0: 3 0x80008b5a (0x9452) x8  0x00000000
core   0: 0x80008b5c (0x00008d7d) c.and   a0, a5
core   0: 3 0x80008b5c (0x8d7d) x10 0x00000001
core   0: 0x80008b5e (0x00005dfd) c.li    s11, -1
core   0: 3 0x80008b5e (0x5dfd) x27 0xffffffff
core   0: 0x80008b60 (0x022f05b3) mul     a1, t5, sp
core   0: 3 0x80008b60 (0x022f05b3) x11 0x82571964
core   0: 0x80008b64 (0x000014fd) c.addi  s1, -1
core   0: 3 0x80008b64 (0x14fd) x9  0x0000010c
core   0: 0x80008b66 (0x01c44f63) blt     s0, t3, pc + 30
core   0: 3 0x80008b66 (0x01c44f63)
core   0: 0x80008b6a (0xfa993a13) sltiu   s4, s2, -87
core   0: 3 0x80008b6a (0xfa993a13) x20 0x00000001
core   0: 0x80008b6e (0x001e4d33) xor     s10, t3, ra
core   0: 3 0x80008b6e (0x001e4d33) x26 0x00000000
core   0: 0x80008b72 (0x00008f55) c.or    a4, a3
core   0: 3 0x80008b72 (0x8f55) x14 0xd131019d
core   0: 0x80008b74 (0x039d2e33) mulhsu  t3, s10, s9
core   0: 3 0x80008b74 (0x039d2e33) x28 0x00000000
core   0: 0x80008b78 (0x0000812d) c.srli  a0, 11
core   0: 3 0x80008b78 (0x812d) x10 0x00000000
core   0: 0x80008b7a (0x237a7137) lui     sp, 0x237a7
core   0: 3 0x80008b7a (0x237a7137) x2  0x237a7000
core   0: 0x80008b7e (0x00008dd9) c.or    a1, a4
core   0: 3 0x80008b7e (0x8dd9) x11 0xd37719fd
core   0: 0x80008b80 (0x00008f91) c.sub   a5, a2
core   0: 3 0x80008b80 (0x8f91) x15 0x3ffffff9
core   0: 0x80008b82 (0x00008c8a) c.mv    s9, sp
core   0: 3 0x80008b82 (0x8c8a) x25 0x237a7000
core   0: 0x80008b84 (0x00008ded) c.and   a1, a1
core   0: 3 0x80008b84 (0x8ded) x11 0xd37719fd
core   0: 0x80008b86 (0x00008691) c.srai  a3, 4
core   0: 3 0x80008b86 (0x8691) x13 0x00000009
core   0: 0x80008b88 (0x00000001) c.nop
core   0: 3 0x80008b88 (0x0001)
core   0: 0x80008b8a (0x03d188b3) mul     a7, gp, t4
core   0: 3 0x80008b8a (0x03d188b3) x17 0x000007e4
core   0: 0x80008b8e (0x00000001) c.nop
core   0: 3 0x80008b8e (0x0001)
core   0: 0x80008b90 (0x32d3e793) ori     a5, t2, 813
core   0: 3 0x80008b90 (0x32d3e793) x15 0xffff032d
core   0: 0x80008b94 (0x00548033) add     zero, s1, t0
core   0: 3 0x80008b94 (0x00548033)
core   0: 0x80008b98 (0x00009e32) c.add   t3, a2
core   0: 3 0x80008b98 (0x9e32) x28 0x00000000
core   0: 0x80008b9a (0x40b85733) sra     a4, a6, a1
core   0: 3 0x80008b9a (0x40b85733) x14 0x00000002
core   0: 0x80008b9e (0x00009d7a) c.add   s10, t5
core   0: 3 0x80008b9e (0x9d7a) x26 0x80025e34
core   0: 0x80008ba0 (0x036cc1b3) div     gp, s9, s6
core   0: 3 0x80008ba0 (0x036cc1b3) x3  0xffffffff
core   0: 0x80008ba4 (0x00008e71) c.and   a2, a2
core   0: 3 0x80008ba4 (0x8e71) x12 0x00000000
core   0: 0x80008ba6 (0x0000597d) c.li    s2, -1
core   0: 3 0x80008ba6 (0x597d) x18 0xffffffff
core   0: 0x80008ba8 (0x00008d01) c.sub   a0, s0
core   0: 3 0x80008ba8 (0x8d01) x10 0x00000000
core   0: 0x80008baa (0x0208e733) rem     a4, a7, zero
core   0: 3 0x80008baa (0x0208e733) x14 0x000007e4
core   0: 0x80008bae (0x0319b3b3) mulhu   t2, s3, a7
core   0: 3 0x80008bae (0x0319b3b3) x7  0x000003f2
core   0: 0x80008bb2 (0x00bfe8b3) or      a7, t6, a1
core   0: 3 0x80008bb2 (0x00bfe8b3) x17 0xd3779dff
core   0: 0x80008bb6 (0x00005bfd) c.li    s7, -1
core   0: 3 0x80008bb6 (0x5bfd) x23 0xffffffff
core   0: 0x80008bb8 (0x9c5fc293) xori    t0, t6, -1595
core   0: 3 0x80008bb8 (0x9c5fc293) x5  0xbffd64ef
core   0: 0x80008bbc (0x03ffcd63) blt     t6, t6, pc + 58
core   0: 3 0x80008bbc (0x03ffcd63)
core   0: 0x80008bc0 (0x03836433) rem     s0, t1, s8
core   0: 3 0x80008bc0 (0x03836433) x8  0x00000000
core   0: 0x80008bc4 (0x0000717d) c.addi16sp sp, -16
core   0: 3 0x80008bc4 (0x717d) x2  0x237a6ff0
core   0: 0x80008bc6 (0x0390c333) div     t1, ra, s9
core   0: 3 0x80008bc6 (0x0390c333) x6  0x00000000
core   0: 0x80008bca (0x41d0d5b3) sra     a1, ra, t4
core   0: 3 0x80008bca (0x41d0d5b3) x11 0x00000000
core   0: 0x80008bce (0x02ab7233) remu    tp, s6, a0
core   0: 3 0x80008bce (0x02ab7233) x4  0x00000000
core   0: 0x80008bd2 (0x00000290) c.addi4spn a2, sp, 320
core   0: 3 0x80008bd2 (0x0290) x12 0x237a7130
core   0: 0x80008bd4 (0x83e58b93) addi    s7, a1, -1986
core   0: 3 0x80008bd4 (0x83e58b93) x23 0xfffff83e
core   0: 0x80008bd8 (0xca697493) andi    s1, s2, -858
core   0: 3 0x80008bd8 (0xca697493) x9  0xfffffca6
core   0: 0x80008bdc (0x02bbfc33) remu    s8, s7, a1
core   0: 3 0x80008bdc (0x02bbfc33) x24 0xfffff83e
core   0: 0x80008be0 (0x0000137d) c.addi  t1, -1
core   0: 3 0x80008be0 (0x137d) x6  0xffffffff
core   0: 0x80008be2 (0x0437f063) bgeu    a5, gp, pc + 64
core   0: 3 0x80008be2 (0x0437f063)
core   0: 0x80008be6 (0x02478db3) mul     s11, a5, tp
core   0: 3 0x80008be6 (0x02478db3) x27 0x00000000
core   0: 0x80008bea (0x01e15233) srl     tp, sp, t5
core   0: 3 0x80008bea (0x01e15233) x4  0x00000237
core   0: 0x80008bee (0x021f7bb3) remu    s7, t5, ra
core   0: 3 0x80008bee (0x021f7bb3) x23 0x80025e34
core   0: 0x80008bf2 (0x52035637) lui     a2, 0x52035
core   0: 3 0x80008bf2 (0x52035637) x12 0x52035000
core   0: 0x80008bf6 (0x00008fd9) c.or    a5, a4
core   0: 3 0x80008bf6 (0x8fd9) x15 0xffff07ed
core   0: 0x80008bf8 (0x01a9f263) bgeu    s3, s10, pc + 4
core   0: 3 0x80008bf8 (0x01a9f263)
core   0: 0x80008bfc (0x3436a893) slti    a7, a3, 835
core   0: 3 0x80008bfc (0x3436a893) x17 0x00000001
core   0: 0x80008c00 (0x01d3a8b3) slt     a7, t2, t4
core   0: 3 0x80008c00 (0x01d3a8b3) x17 0x00000001
core   0: 0x80008c04 (0x016a9113) slli    sp, s5, 22
core   0: 3 0x80008c04 (0x016a9113) x2  0x00000000
core   0: 0x80008c08 (0x00006951) c.lui   s2, 0x14
core   0: 3 0x80008c08 (0x6951) x18 0x00014000
core   0: 0x80008c0a (0x00000001) c.nop
core   0: 3 0x80008c0a (0x0001)
core   0: 0x80008c0c (0x3a2c6117) auipc   sp, 0x3a2c6
core   0: 3 0x80008c0c (0x3a2c6117) x2  0xba2cec0c
core   0: 0x80008c10 (0x40db5e33) sra     t3, s6, a3
core   0: 3 0x80008c10 (0x40db5e33) x28 0x00000000
core   0: 0x80008c14 (0x00008df2) c.mv    s11, t3
core   0: 3 0x80008c14 (0x8df2) x27 0x00000000
core   0: 0x80008c16 (0x00008529) c.srai  a0, 10
core   0: 3 0x80008c16 (0x8529) x10 0x00000000
core   0: 0x80008c18 (0x01be0963) beq     t3, s11, pc + 18
core   0: 3 0x80008c18 (0x01be0963)
core   0: 0x80008c2a (0x01ba6c33) or      s8, s4, s11
core   0: 3 0x80008c2a (0x01ba6c33) x24 0x00000001
core   0: 0x80008c2e (0xb0e1de17) auipc   t3, 0xb0e1d
core   0: 3 0x80008c2e (0xb0e1de17) x28 0x30e25c2e
core   0: 0x80008c32 (0x0388c333) div     t1, a7, s8
core   0: 3 0x80008c32 (0x0388c333) x6  0x00000001
core   0: 0x80008c36 (0x00006d45) c.lui   s10, 0x11
core   0: 3 0x80008c36 (0x6d45) x26 0x00011000
core   0: 0x80008c38 (0x0000cb15) c.beqz  a4, pc + 52
core   0: 3 0x80008c38 (0xcb15)
core   0: 0x80008c3a (0x00008e59) c.or    a2, a4
core   0: 3 0x80008c3a (0x8e59) x12 0x520357e4
core   0: 0x80008c3c (0xb72f7213) andi    tp, t5, -1166
core   0: 3 0x80008c3c (0xb72f7213) x4  0x80025a30
core   0: 0x80008c40 (0x00008f05) c.sub   a4, s1
core   0: 3 0x80008c40 (0x8f05) x14 0x00000b3e
core   0: 0x80008c42 (0x02611d33) mulh    s10, sp, t1
core   0: 3 0x80008c42 (0x02611d33) x26 0xffffffff
core   0: 0x80008c46 (0x0000ec85) c.bnez  s1, pc + 56
core   0: 3 0x80008c46 (0xec85)
core   0: 0x80008c7e (0x03ae81b3) mul     gp, t4, s10
core   0: 3 0x80008c7e (0x03ae81b3) x3  0xfffff81c
core   0: 0x80008c82 (0x0000e61d) c.bnez  a2, pc + 46
core   0: 3 0x80008c82 (0xe61d)
core   0: 0x80008cb0 (0x00001284) c.addi4spn s1, sp, 352
core   0: 3 0x80008cb0 (0x1284) x9  0xba2ced6c
core   0: 0x80008cb2 (0x3a6eb913) sltiu   s2, t4, 934
core   0: 3 0x80008cb2 (0x3a6eb913) x18 0x00000000
core   0: 0x80008cb6 (0x0000717d) c.addi16sp sp, -16
core   0: 3 0x80008cb6 (0x717d) x2  0xba2cebfc
core   0: 0x80008cb8 (0x00000001) c.nop
core   0: 3 0x80008cb8 (0x0001)
core   0: 0x80008cba (0x00000d92) c.slli  s11, 4
core   0: 3 0x80008cba (0x0d92) x27 0x00000000
core   0: 0x80008cbc (0x013b9913) slli    s2, s7, 19
core   0: 3 0x80008cbc (0x013b9913) x18 0xf1a00000
core   0: 0x80008cc0 (0x00008d75) c.and   a0, a3
core   0: 3 0x80008cc0 (0x8d75) x10 0x00000000
core   0: 0x80008cc2 (0x00005efd) c.li    t4, -1
core   0: 3 0x80008cc2 (0x5efd) x29 0xffffffff
core   0: 0x80008cc4 (0x01f69713) slli    a4, a3, 31
core   0: 3 0x80008cc4 (0x01f69713) x14 0x80000000
core   0: 0x80008cc8 (0x022a4cb3) div     s9, s4, sp
core   0: 3 0x80008cc8 (0x022a4cb3) x25 0x00000000
core   0: 0x80008ccc (0x00cb8db3) add     s11, s7, a2
core   0: 3 0x80008ccc (0x00cb8db3) x27 0xd205b618
core   0: 0x80008cd0 (0x503d2293) slti    t0, s10, 1283
core   0: 3 0x80008cd0 (0x503d2293) x5  0x00000001
core   0: 0x80008cd4 (0xe8c4fe13) andi    t3, s1, -372
core   0: 3 0x80008cd4 (0xe8c4fe13) x28 0xba2cec0c
core   0: 0x80008cd8 (0x040e0463) beqz    t3, pc + 72
core   0: 3 0x80008cd8 (0x040e0463)
core   0: 0x80008cdc (0x0201c633) div     a2, gp, zero
core   0: 3 0x80008cdc (0x0201c633) x12 0xffffffff
core   0: 0x80008ce0 (0x0173d863) bge     t2, s7, pc + 16
core   0: 3 0x80008ce0 (0x0173d863)
core   0: 0x80008cf0 (0x012b66b3) or      a3, s6, s2
core   0: 3 0x80008cf0 (0x012b66b3) x13 0xf1a00000
core   0: 0x80008cf4 (0x0154c033) xor     zero, s1, s5
core   0: 3 0x80008cf4 (0x0154c033)
core   0: 0x80008cf8 (0x00005c7d) c.li    s8, -1
core   0: 3 0x80008cf8 (0x5c7d) x24 0xffffffff
core   0: 0x80008cfa (0xc7e8c213) xori    tp, a7, -898
core   0: 3 0x80008cfa (0xc7e8c213) x4  0xfffffc7f
core   0: 0x80008cfe (0x2744bb13) sltiu   s6, s1, 628
core   0: 3 0x80008cfe (0x2744bb13) x22 0x00000000
core   0: 0x80008d02 (0x01d9e663) bltu    s3, t4, pc + 12
core   0: 3 0x80008d02 (0x01d9e663)
core   0: 0x80008d0e (0x03735b63) bge     t1, s7, pc + 54
core   0: 3 0x80008d0e (0x03735b63)
core   0: 0x80008d44 (0x00008e15) c.sub   a2, a3
core   0: 3 0x80008d44 (0x8e15) x12 0x0e5fffff
core   0: 0x80008d46 (0x316041b7) lui     gp, 0x31604
core   0: 3 0x80008d46 (0x316041b7) x3  0x31604000
core   0: 0x80008d4a (0xc2b8ca13) xori    s4, a7, -981
core   0: 3 0x80008d4a (0xc2b8ca13) x20 0xfffffc2a
core   0: 0x80008d4e (0xfbe5e313) ori     t1, a1, -66
core   0: 3 0x80008d4e (0xfbe5e313) x6  0xffffffbe
core   0: 0x80008d52 (0xe807e513) ori     a0, a5, -384
core   0: 3 0x80008d52 (0xe807e513) x10 0xffffffed
core   0: 0x80008d56 (0x02e93ab3) mulhu   s5, s2, a4
core   0: 3 0x80008d56 (0x02e93ab3) x21 0x78d00000
core   0: 0x80008d5a (0x00001898) c.addi4spn a4, sp, 112
core   0: 3 0x80008d5a (0x1898) x14 0xba2cec6c
core   0: 0x80008d5c (0x0000717d) c.addi16sp sp, -16
core   0: 3 0x80008d5c (0x717d) x2  0xba2cebec
core   0: 0x80008d5e (0x7c3c8693) addi    a3, s9, 1987
core   0: 3 0x80008d5e (0x7c3c8693) x13 0x000007c3
core   0: 0x80008d62 (0xdbf74a37) lui     s4, 0xdbf74
core   0: 3 0x80008d62 (0xdbf74a37) x20 0xdbf74000
core   0: 0x80008d66 (0x00001680) c.addi4spn s0, sp, 864
core   0: 3 0x80008d66 (0x1680) x8  0xba2cef4c
core   0: 0x80008d68 (0x00009b7d) c.andi  a4, -1
core   0: 3 0x80008d68 (0x9b7d) x14 0xba2cec6c
core   0: 0x80008d6a (0x01924d63) blt     tp, s9, pc + 26
core   0: 3 0x80008d6a (0x01924d63)
core   0: 0x80008d84 (0x034e4f63) blt     t3, s4, pc + 62
core   0: 3 0x80008d84 (0x034e4f63)
core   0: 0x80008dc2 (0x00821113) slli    sp, tp, 8
core   0: 3 0x80008dc2 (0x00821113) x2  0xfffc7f00
core   0: 0x80008dc6 (0x002a74b3) and     s1, s4, sp
core   0: 3 0x80008dc6 (0x002a74b3) x9  0xdbf44000
core   0: 0x80008dca (0x00008cad) c.xor   s1, a1
core   0: 3 0x80008dca (0x8cad) x9  0xdbf44000
core   0: 0x80008dcc (0x011fd4b3) srl     s1, t6, a7
core   0: 3 0x80008dcc (0x011fd4b3) x9  0x20014e95
core   0: 0x80008dd0 (0x05906263) bltu    zero, s9, pc + 68
core   0: 3 0x80008dd0 (0x05906263)
core   0: 0x80008dd4 (0x000084a9) c.srai  s1, 10
core   0: 3 0x80008dd4 (0x84a9) x9  0x00080053
core   0: 0x80008dd6 (0x0234f563) bgeu    s1, gp, pc + 42
core   0: 3 0x80008dd6 (0x0234f563)
core   0: 0x80008dda (0x0000c3a1) c.beqz  a5, pc + 64
core   0: 3 0x80008dda (0xc3a1)
core   0: 0x80008ddc (0x00000001) c.nop
core   0: 3 0x80008ddc (0x0001)
core   0: 0x80008dde (0x0325b0b3) mulhu   ra, a1, s2
core   0: 3 0x80008dde (0x0325b0b3) x1  0x00000000
core   0: 0x80008de2 (0x015dffb3) and     t6, s11, s5
core   0: 3 0x80008de2 (0x015dffb3) x31 0x50000000
core   0: 0x80008de6 (0x03c214b3) mulh    s1, tp, t3
core   0: 3 0x80008de6 (0x03c214b3) x9  0x000000f4
core   0: 0x80008dea (0x410201b3) sub     gp, tp, a6
core   0: 3 0x80008dea (0x410201b3) x3  0xa4b43ab9
core   0: 0x80008dee (0x01b50963) beq     a0, s11, pc + 18
core   0: 3 0x80008dee (0x01b50963)
core   0: 0x80008df2 (0xdcd00f93) li      t6, -563
core   0: 3 0x80008df2 (0xdcd00f93) x31 0xfffffdcd
core   0: 0x80008df6 (0x018a1d93) slli    s11, s4, 24
core   0: 3 0x80008df6 (0x018a1d93) x27 0x00000000
core   0: 0x80008dfa (0x4dada713) slti    a4, s11, 1242
core   0: 3 0x80008dfa (0x4dada713) x14 0x00000001
core   0: 0x80008dfe (0x0000895d) c.andi  a0, 23
core   0: 3 0x80008dfe (0x895d) x10 0x00000005
core   0: 0x80008e00 (0xb9052e13) slti    t3, a0, -1136
core   0: 3 0x80008e00 (0xb9052e13) x28 0x00000000
core   0: 0x80008e04 (0x00961193) slli    gp, a2, 9
core   0: 3 0x80008e04 (0x00961193) x3  0xbffffe00
core   0: 0x80008e08 (0x41855493) srai    s1, a0, 24
core   0: 3 0x80008e08 (0x41855493) x9  0x00000000
core   0: 0x80008e0c (0xad02ab93) slti    s7, t0, -1328
core   0: 3 0x80008e0c (0xad02ab93) x23 0x00000000
core   0: 0x80008e10 (0x32240613) addi    a2, s0, 802
core   0: 3 0x80008e10 (0x32240613) x12 0xba2cf26e
core   0: 0x80008e14 (0x0000ee8d) c.bnez  a3, pc + 58
core   0: 3 0x80008e14 (0xee8d)
core   0: 0x80008e4e (0x03f56033) rem     zero, a0, t6
core   0: 3 0x80008e4e (0x03f56033)
core   0: 0x80008e52 (0x0000167d) c.addi  a2, -1
core   0: 3 0x80008e52 (0x167d) x12 0xba2cf26d
core   0: 0x80008e54 (0x00008ca1) c.xor   s1, s0
core   0: 3 0x80008e54 (0x8ca1) x9  0xba2cef4c
core   0: 0x80008e56 (0x25677893) andi    a7, a4, 598
core   0: 3 0x80008e56 (0x25677893) x17 0x00000000
core   0: 0x80008e5a (0xdf547a13) andi    s4, s0, -523
core   0: 3 0x80008e5a (0xdf547a13) x20 0xba2ced44
core   0: 0x80008e5e (0x0000641d) c.lui   s0, 0x7
core   0: 3 0x80008e5e (0x641d) x8  0x00007000
core   0: 0x80008e60 (0x00000001) c.nop
core   0: 3 0x80008e60 (0x0001)
core   0: 0x80008e62 (0x00008762) c.mv    a4, s8
core   0: 3 0x80008e62 (0x8762) x14 0xffffffff
core   0: 0x80008e64 (0x5cc1a393) slti    t2, gp, 1484
core   0: 3 0x80008e64 (0x5cc1a393) x7  0x00000001
core   0: 0x80008e68 (0x05d28263) beq     t0, t4, pc + 68
core   0: 3 0x80008e68 (0x05d28263)
core   0: 0x80008e6c (0x03b59363) bne     a1, s11, pc + 38
core   0: 3 0x80008e6c (0x03b59363)
core   0: 0x80008e70 (0x0185d493) srli    s1, a1, 24
core   0: 3 0x80008e70 (0x0185d493) x9  0x00000000
core   0: 0x80008e74 (0x00004975) c.li    s2, 29
core   0: 3 0x80008e74 (0x4975) x18 0x0000001d
core   0: 0x80008e76 (0x0000918a) c.add   gp, sp
core   0: 3 0x80008e76 (0x918a) x3  0xbffc7d00
core   0: 0x80008e78 (0x01cb5413) srli    s0, s6, 28
core   0: 3 0x80008e78 (0x01cb5413) x8  0x00000000
core   0: 0x80008e7c (0x00000365) c.addi  t1, 25
core   0: 3 0x80008e7c (0x0365) x6  0xffffffd7
core   0: 0x80008e7e (0x40190933) sub     s2, s2, ra
core   0: 3 0x80008e7e (0x40190933) x18 0x0000001d
core   0: 0x80008e82 (0x0007f6b3) and     a3, a5, zero
core   0: 3 0x80008e82 (0x0007f6b3) x13 0x00000000
core   0: 0x80008e86 (0x007ed913) srli    s2, t4, 7
core   0: 3 0x80008e86 (0x007ed913) x18 0x01ffffff
core   0: 0x80008e8a (0x046f6063) bltu    t5, t1, pc + 64
core   0: 3 0x80008e8a (0x046f6063)
core   0: 0x80008eca (0x04e47063) bgeu    s0, a4, pc + 64
core   0: 3 0x80008eca (0x04e47063)
core   0: 0x80008ece (0x00009afd) c.andi  a3, -1
core   0: 3 0x80008ece (0x9afd) x13 0x00000000
core   0: 0x80008ed0 (0x01f7da63) bge     a5, t6, pc + 20
core   0: 3 0x80008ed0 (0x01f7da63)
core   0: 0x80008ed4 (0x00000fb6) c.slli  t6, 13
core   0: 3 0x80008ed4 (0x0fb6) x31 0xffb9a000
core   0: 0x80008ed6 (0x034621b3) mulhsu  gp, a2, s4
core   0: 3 0x80008ed6 (0x034621b3) x3  0xcd386725
core   0: 0x80008eda (0x02b934b3) mulhu   s1, s2, a1
core   0: 3 0x80008eda (0x02b934b3) x9  0x00000000
core   0: 0x80008ede (0x020d9b63) bnez    s11, pc + 54
core   0: 3 0x80008ede (0x020d9b63)
core   0: 0x80008ee2 (0x000080d1) c.srli  s1, 20
core   0: 3 0x80008ee2 (0x80d1) x9  0x00000000
core   0: 0x80008ee4 (0x033887b3) mul     a5, a7, s3
core   0: 3 0x80008ee4 (0x033887b3) x15 0x00000000
core   0: 0x80008ee8 (0x010a20b3) slt     ra, s4, a6
core   0: 3 0x80008ee8 (0x010a20b3) x1  0x00000001
core   0: 0x80008eec (0x00008e6a) c.mv    t3, s10
core   0: 3 0x80008eec (0x8e6a) x28 0xffffffff
core   0: 0x80008eee (0x03f5bab3) mulhu   s5, a1, t6
core   0: 3 0x80008eee (0x03f5bab3) x21 0x00000000
core   0: 0x80008ef2 (0x0137e933) or      s2, a5, s3
core   0: 3 0x80008ef2 (0x0137e933) x18 0x80029d24
core   0: 0x80008ef6 (0x0036fbb3) and     s7, a3, gp
core   0: 3 0x80008ef6 (0x0036fbb3) x23 0x00000000
core   0: 0x80008efa (0x0000cd19) c.beqz  a0, pc + 30
core   0: 3 0x80008efa (0xcd19)
core   0: 0x80008efc (0x01445c13) srli    s8, s0, 20
core   0: 3 0x80008efc (0x01445c13) x24 0x00000000
core   0: 0x80008f00 (0x0000527d) c.li    tp, -1
core   0: 3 0x80008f00 (0x527d) x4  0xffffffff
core   0: 0x80008f02 (0xfe9d6593) ori     a1, s10, -23
core   0: 3 0x80008f02 (0xfe9d6593) x11 0xffffffff
core   0: 0x80008f06 (0x00008271) c.srli  a2, 28
core   0: 3 0x80008f06 (0x8271) x12 0x0000000b
core   0: 0x80008f08 (0x000012fd) c.addi  t0, -1
core   0: 3 0x80008f08 (0x12fd) x5  0x00000000
core   0: 0x80008f0a (0x40f500b3) sub     ra, a0, a5
core   0: 3 0x80008f0a (0x40f500b3) x1  0x00000005
core   0: 0x80008f0e (0x0000c481) c.beqz  s1, pc + 8
core   0: 3 0x80008f0e (0xc481)
core   0: 0x80008f16 (0x00008f89) c.sub   a5, a0
core   0: 3 0x80008f16 (0x8f89) x15 0xfffffffb
core   0: 0x80008f18 (0x00a9c033) xor     zero, s3, a0
core   0: 3 0x80008f18 (0x00a9c033)
core   0: 0x80008f1c (0x414f5b33) sra     s6, t5, s4
core   0: 3 0x80008f1c (0x414f5b33) x22 0xf80025e3
core   0: 0x80008f20 (0x00000cc9) c.addi  s9, 18
core   0: 3 0x80008f20 (0x0cc9) x25 0x00000012
core   0: 0x80008f22 (0x00008ea9) c.xor   a3, a0
core   0: 3 0x80008f22 (0x8ea9) x13 0x00000005
core   0: 0x80008f24 (0x02edda63) bge     s11, a4, pc + 52
core   0: 3 0x80008f24 (0x02edda63)
core   0: 0x80008f58 (0x337a0897) auipc   a7, 0x337a0
core   0: 3 0x80008f58 (0x337a0897) x17 0xb37a8f58
core   0: 0x80008f5c (0x00000001) c.nop
core   0: 3 0x80008f5c (0x0001)
core   0: 0x80008f5e (0x01edde13) srli    t3, s11, 30
core   0: 3 0x80008f5e (0x01edde13) x28 0x00000000
core   0: 0x80008f62 (0x00008cf5) c.and   s1, a3
core   0: 3 0x80008f62 (0x8cf5) x9  0x00000000
core   0: 0x80008f64 (0x000086c9) c.srai  a3, 18
core   0: 3 0x80008f64 (0x86c9) x13 0x00000000
core   0: 0x80008f66 (0x00008cc1) c.or    s1, s0
core   0: 3 0x80008f66 (0x8cc1) x9  0x00000000
core   0: 0x80008f68 (0x408c5e33) sra     t3, s8, s0
core   0: 3 0x80008f68 (0x408c5e33) x28 0x00000000
core   0: 0x80008f6c (0xc165dcb7) lui     s9, 0xc165d
core   0: 3 0x80008f6c (0xc165dcb7) x25 0xc165d000
core   0: 0x80008f70 (0x0000717d) c.addi16sp sp, -16
core   0: 3 0x80008f70 (0x717d) x2  0xfffc7ef0
core   0: 0x80008f72 (0x000066fd) c.lui   a3, 0x1f
core   0: 3 0x80008f72 (0x66fd) x13 0x0001f000
core   0: 0x80008f74 (0xc650c593) xori    a1, ra, -923
core   0: 3 0x80008f74 (0xc650c593) x11 0xfffffc60
core   0: 0x80008f78 (0x971c0613) addi    a2, s8, -1679
core   0: 3 0x80008f78 (0x971c0613) x12 0xfffff971
core   0: 0x80008f7c (0x034e95b3) mulh    a1, t4, s4
core   0: 3 0x80008f7c (0x034e95b3) x11 0x00000000
core   0: 0x80008f80 (0x00000a69) c.addi  s4, 26
core   0: 3 0x80008f80 (0x0a69) x20 0xba2ced5e
core   0: 0x80008f82 (0x02ff20b3) mulhsu  ra, t5, a5
core   0: 3 0x80008f82 (0x02ff20b3) x1  0x80025e36
core   0: 0x80008f86 (0x039141b3) div     gp, sp, s9
core   0: 3 0x80008f86 (0x039141b3) x3  0x00000000
core   0: 0x80008f8a (0x01e29fb3) sll     t6, t0, t5
core   0: 3 0x80008f8a (0x01e29fb3) x31 0x00000000
core   0: 0x80008f8e (0x000082d5) c.srli  a3, 21
core   0: 3 0x80008f8e (0x82d5) x13 0x00000000
core   0: 0x80008f90 (0x9425f913) andi    s2, a1, -1726
core   0: 3 0x80008f90 (0x9425f913) x18 0x00000000
core   0: 0x80008f94 (0x016b5db3) srl     s11, s6, s6
core   0: 3 0x80008f94 (0x016b5db3) x27 0x1f0004bc
core   0: 0x80008f98 (0x02e31ab3) mulh    s5, t1, a4
core   0: 3 0x80008f98 (0x02e31ab3) x21 0x00000000
core   0: 0x80008f9c (0x02f641b3) div     gp, a2, a5
core   0: 3 0x80008f9c (0x02f641b3) x3  0x0000014f
core   0: 0x80008fa0 (0x0000cf05) c.beqz  a4, pc + 56
core   0: 3 0x80008fa0 (0xcf05)
core   0: 0x80008fa2 (0x001ab033) sltu    zero, s5, ra
core   0: 3 0x80008fa2 (0x001ab033)
core   0: 0x80008fa6 (0x0280bab3) mulhu   s5, ra, s0
core   0: 3 0x80008fa6 (0x0280bab3) x21 0x00000000
core   0: 0x80008faa (0x00008d91) c.sub   a1, a2
core   0: 3 0x80008faa (0x8d91) x11 0x0000068f
core   0: 0x80008fac (0x0079d913) srli    s2, s3, 7
core   0: 3 0x80008fac (0x0079d913) x18 0x0100053a
core   0: 0x80008fb0 (0x02e45d33) divu    s10, s0, a4
core   0: 3 0x80008fb0 (0x02e45d33) x26 0x00000000
core   0: 0x80008fb4 (0xe7eabcb7) lui     s9, 0xe7eab
core   0: 3 0x80008fb4 (0xe7eabcb7) x25 0xe7eab000
core   0: 0x80008fb8 (0x03fe0663) beq     t3, t6, pc + 44
core   0: 3 0x80008fb8 (0x03fe0663)
core   0: 0x80008fe4 (0x03d0f433) remu    s0, ra, t4
core   0: 3 0x80008fe4 (0x03d0f433) x8  0x80025e36
core   0: 0x80008fe8 (0x00000c0c) c.addi4spn a1, sp, 528
core   0: 3 0x80008fe8 (0x0c0c) x11 0xfffc8100
core   0: 0x80008fea (0x03a59bb3) mulh    s7, a1, s10
core   0: 3 0x80008fea (0x03a59bb3) x23 0x00000000
core   0: 0x80008fee (0x00950d33) add     s10, a0, s1
core   0: 3 0x80008fee (0x00950d33) x26 0x00000005
core   0: 0x80008ff2 (0x400adc33) sra     s8, s5, zero
core   0: 3 0x80008ff2 (0x400adc33) x24 0x00000000
core   0: 0x80008ff6 (0x00000d1c) c.addi4spn a5, sp, 656
core   0: 3 0x80008ff6 (0x0d1c) x15 0xfffc8180
core   0: 0x80008ff8 (0x41785413) srai    s0, a6, 23
core   0: 3 0x80008ff8 (0x41785413) x8  0x000000b6
core   0: 0x80008ffc (0x017db1b3) sltu    gp, s11, s7
core   0: 3 0x80008ffc (0x017db1b3) x3  0x00000000
core   0: 0x80009000 (0x00a543b3) xor     t2, a0, a0
core   0: 3 0x80009000 (0x00a543b3) x7  0x00000000
core   0: 0x80009004 (0x419fdf93) srai    t6, t6, 25
core   0: 3 0x80009004 (0x419fdf93) x31 0x00000000
core   0: 0x80009008 (0x0000e68d) c.bnez  a3, pc + 42
core   0: 3 0x80009008 (0xe68d)
core   0: 0x8000900a (0x01089913) slli    s2, a7, 16
core   0: 3 0x8000900a (0x01089913) x18 0x8f580000
core   0: 0x8000900e (0x025d0fb3) mul     t6, s10, t0
core   0: 3 0x8000900e (0x025d0fb3) x31 0x00000000
core   0: 0x80009012 (0x00000522) c.slli  a0, 8
core   0: 3 0x80009012 (0x0522) x10 0x00000500
core   0: 0x80009014 (0x000018fd) c.addi  a7, -1
core   0: 3 0x80009014 (0x18fd) x17 0xb37a8f57
core   0: 0x80009016 (0x03882d33) mulhsu  s10, a6, s8
core   0: 3 0x80009016 (0x03882d33) x26 0x00000000
core   0: 0x8000901a (0x0a77f737) lui     a4, 0xa77f
core   0: 3 0x8000901a (0x0a77f737) x14 0x0a77f000
core   0: 0x8000901e (0x00fb10b3) sll     ra, s6, a5
core   0: 3 0x8000901e (0x00fb10b3) x1  0xf80025e3
core   0: 0x80009022 (0x0000050e) c.slli  a0, 3
core   0: 3 0x80009022 (0x050e) x10 0x00002800
core   0: 0x80009024 (0x00008635) c.srai  a2, 13
core   0: 3 0x80009024 (0x8635) x12 0xffffffff
core   0: 0x80009026 (0x411ed693) srai    a3, t4, 17
core   0: 3 0x80009026 (0x411ed693) x13 0xffffffff
core   0: 0x8000902a (0x275a2193) slti    gp, s4, 629
core   0: 3 0x8000902a (0x275a2193) x3  0x00000001
core   0: 0x8000902e (0xdc806b17) auipc   s6, 0xdc806
core   0: 3 0x8000902e (0xdc806b17) x22 0x5c80f02e
core   0: 0x80009032 (0x034efab3) remu    s5, t4, s4
core   0: 3 0x80009032 (0x034efab3) x21 0x45d312a1
core   0: 0x80009036 (0x01a3d193) srli    gp, t2, 26
core   0: 3 0x80009036 (0x01a3d193) x3  0x00000000
core   0: 0x8000903a (0xee4dbb13) sltiu   s6, s11, -284
core   0: 3 0x8000903a (0xee4dbb13) x22 0x00000001
core   0: 0x8000903e (0x0000614d) c.addi16sp sp, 176
core   0: 3 0x8000903e (0x614d) x2  0xfffc7fa0
core   0: 0x80009040 (0x00004605) c.li    a2, 1
core   0: 3 0x80009040 (0x4605) x12 0x00000001
core   0: 0x80009042 (0x00008e2d) c.xor   a2, a1
core   0: 3 0x80009042 (0x8e2d) x12 0xfffc8101
core   0: 0x80009044 (0x020a4863) bltz    s4, pc + 48
core   0: 3 0x80009044 (0x020a4863)
core   0: 0x80009074 (0x00008551) c.srai  a0, 20
core   0: 3 0x80009074 (0x8551) x10 0x00000000
core   0: 0x80009076 (0x0000816d) c.srli  a0, 27
core   0: 3 0x80009076 (0x816d) x10 0x00000000
core   0: 0x80009078 (0x011a7f63) bgeu    s4, a7, pc + 30
core   0: 3 0x80009078 (0x011a7f63)
core   0: 0x80009096 (0x006a5633) srl     a2, s4, t1
core   0: 3 0x80009096 (0x006a5633) x12 0x00000174
core   0: 0x8000909a (0x02e44d33) div     s10, s0, a4
core   0: 3 0x8000909a (0x02e44d33) x26 0x00000000
core   0: 0x8000909e (0xb60d78b7) lui     a7, 0xb60d7
core   0: 3 0x8000909e (0xb60d78b7) x17 0xb60d7000
core   0: 0x800090a2 (0x00008c71) c.and   s0, a2
core   0: 3 0x800090a2 (0x8c71) x8  0x00000034
core   0: 0x800090a4 (0x03847063) bgeu    s0, s8, pc + 32
core   0: 3 0x800090a4 (0x03847063)
core   0: 0x800090c4 (0x98343393) sltiu   t2, s0, -1661
core   0: 3 0x800090c4 (0x98343393) x7  0x00000001
core   0: 0x800090c8 (0x0342e233) rem     tp, t0, s4
core   0: 3 0x800090c8 (0x0342e233) x4  0x00000000
core   0: 0x800090cc (0x0000567d) c.li    a2, -1
core   0: 3 0x800090cc (0x567d) x12 0xffffffff
core   0: 0x800090ce (0x00009afd) c.andi  a3, -1
core   0: 3 0x800090ce (0x9afd) x13 0xffffffff
core   0: 0x800090d0 (0x00000190) c.addi4spn a2, sp, 192
core   0: 3 0x800090d0 (0x0190) x12 0xfffc8060
core   0: 0x800090d2 (0x000086d5) c.srai  a3, 21
core   0: 3 0x800090d2 (0x86d5) x13 0xffffffff
core   0: 0x800090d4 (0x019a0633) add     a2, s4, s9
core   0: 3 0x800090d4 (0x019a0633) x12 0xa2179d5e
core   0: 0x800090d8 (0x0000862d) c.srai  a2, 11
core   0: 3 0x800090d8 (0x862d) x12 0xfff442f3
core   0: 0x800090da (0x00001084) c.addi4spn s1, sp, 96
core   0: 3 0x800090da (0x1084) x9  0xfffc8000
core   0: 0x800090dc (0x01f97e63) bgeu    s2, t6, pc + 28
core   0: 3 0x800090dc (0x01f97e63)
core   0: 0x800090f8 (0x0000cd91) c.beqz  a1, pc + 28
core   0: 3 0x800090f8 (0xcd91)
core   0: 0x800090fa (0x015448b3) xor     a7, s0, s5
core   0: 3 0x800090fa (0x015448b3) x17 0x45d31295
core   0: 0x800090fe (0x0000933a) c.add   t1, a4
core   0: 3 0x800090fe (0x933a) x6  0x0a77efd7
core   0: 0x80009100 (0x01ca3633) sltu    a2, s4, t3
core   0: 3 0x80009100 (0x01ca3633) x12 0x00000000
core   0: 0x80009104 (0x003e7cb3) and     s9, t3, gp
core   0: 3 0x80009104 (0x003e7cb3) x25 0x00000000
core   0: 0x80009108 (0x0194b533) sltu    a0, s1, s9
core   0: 3 0x80009108 (0x0194b533) x10 0x00000000
core   0: 0x8000910c (0x00a04333) xor     t1, zero, a0
core   0: 3 0x8000910c (0x00a04333) x6  0x00000000
core   0: 0x80009110 (0x41695713) srai    a4, s2, 22
core   0: 3 0x80009110 (0x41695713) x14 0xfffffe3d
core   0: 0x80009114 (0x00008cc2) c.mv    s9, a6
core   0: 3 0x80009114 (0x8cc2) x25 0x5b4bc1c6
core   0: 0x80009116 (0x00000001) c.nop
core   0: 3 0x80009116 (0x0001)
core   0: 0x80009118 (0x0003a133) slt     sp, t2, zero
core   0: 3 0x80009118 (0x0003a133) x2  0x00000000
core   0: 0x8000911c (0x01ff5393) srli    t2, t5, 31
core   0: 3 0x8000911c (0x01ff5393) x7  0x00000001
core   0: 0x80009120 (0x2b2ccb13) xori    s6, s9, 690
core   0: 3 0x80009120 (0x2b2ccb13) x22 0x5b4bc374
core   0: 0x80009124 (0x016b63b3) or      t2, s6, s6
core   0: 3 0x80009124 (0x016b63b3) x7  0x5b4bc374
core   0: 0x80009128 (0x00009d3e) c.add   s10, a5
core   0: 3 0x80009128 (0x9d3e) x26 0xfffc8180
core   0: 0x8000912a (0x0000170c) c.addi4spn a1, sp, 928
core   0: 3 0x8000912a (0x170c) x11 0x000003a0
core   0: 0x8000912c (0xbb7cbd13) sltiu   s10, s9, -1097
core   0: 3 0x8000912c (0xbb7cbd13) x26 0x00000001
core   0: 0x80009130 (0x00000001) c.nop
core   0: 3 0x80009130 (0x0001)
core   0: 0x80009132 (0x0000813d) c.srli  a0, 15
core   0: 3 0x80009132 (0x813d) x10 0x00000000
core   0: 0x80009134 (0x0364dc33) divu    s8, s1, s6
core   0: 3 0x80009134 (0x0364dc33) x24 0x00000002
core   0: 0x80009138 (0x00008cc9) c.or    s1, a0
core   0: 3 0x80009138 (0x8cc9) x9  0xfffc8000
core   0: 0x8000913a (0xa1e64b93) xori    s7, a2, -1506
core   0: 3 0x8000913a (0xa1e64b93) x23 0xfffffa1e
core   0: 0x8000913e (0x01f482b3) add     t0, s1, t6
core   0: 3 0x8000913e (0x01f482b3) x5  0xfffc8000
core   0: 0x80009142 (0x01cb9d63) bne     s7, t3, pc + 26
core   0: 3 0x80009142 (0x01cb9d63)
core   0: 0x8000915c (0x01530433) add     s0, t1, s5
core   0: 3 0x8000915c (0x01530433) x8  0x45d312a1
core   0: 0x80009160 (0x005e8763) beq     t4, t0, pc + 14
core   0: 3 0x80009160 (0x005e8763)
core   0: 0x80009164 (0x028cc7b3) div     a5, s9, s0
core   0: 3 0x80009164 (0x028cc7b3) x15 0x00000001
core   0: 0x80009168 (0x0000eb15) c.bnez  a4, pc + 52
core   0: 3 0x80009168 (0xeb15)
core   0: 0x8000919c (0x00001a90) c.addi4spn a2, sp, 368
core   0: 3 0x8000919c (0x1a90) x12 0x00000170
core   0: 0x8000919e (0x01e100b3) add     ra, sp, t5
core   0: 3 0x8000919e (0x01e100b3) x1  0x80025e34
core   0: 0x800091a2 (0x0240dd33) divu    s10, ra, tp
core   0: 3 0x800091a2 (0x0240dd33) x26 0xffffffff
core   0: 0x800091a6 (0x00004299) c.li    t0, 6
core   0: 3 0x800091a6 (0x4299) x5  0x00000006
core   0: 0x800091a8 (0x0000ef15) c.bnez  a4, pc + 60
core   0: 3 0x800091a8 (0xef15)
core   0: 0x800091e4 (0x00651563) bne     a0, t1, pc + 10
core   0: 3 0x800091e4 (0x00651563)
core   0: 0x800091e8 (0x0130ff63) bgeu    ra, s3, pc + 30
core   0: 3 0x800091e8 (0x0130ff63)
core   0: 0x800091ec (0x00008da9) c.xor   a1, a0
core   0: 3 0x800091ec (0x8da9) x11 0x000003a0
core   0: 0x800091ee (0x00000001) c.nop
core   0: 3 0x800091ee (0x0001)
core   0: 0x800091f0 (0x0000717d) c.addi16sp sp, -16
core   0: 3 0x800091f0 (0x717d) x2  0xfffffff0
core   0: 0x800091f2 (0xab9c6a13) ori     s4, s8, -1351
core   0: 3 0x800091f2 (0xab9c6a13) x20 0xfffffabb
core   0: 0x800091f6 (0x01b2c463) blt     t0, s11, pc + 8
core   0: 3 0x800091f6 (0x01b2c463)
core   0: 0x800091fe (0x0000ca9d) c.beqz  a3, pc + 54
core   0: 3 0x800091fe (0xca9d)
core   0: 0x80009200 (0x000084ee) c.mv    s1, s11
core   0: 3 0x80009200 (0x84ee) x9  0x1f0004bc
core   0: 0x80009202 (0x0089bd33) sltu    s10, s3, s0
core   0: 3 0x80009202 (0x0089bd33) x26 0x00000000
core   0: 0x80009206 (0x026f50b3) divu    ra, t5, t1
core   0: 3 0x80009206 (0x026f50b3) x1  0xffffffff
core   0: 0x8000920a (0x00006a05) c.lui   s4, 0x1
core   0: 3 0x8000920a (0x6a05) x20 0x00001000
core   0: 0x8000920c (0x05277063) bgeu    a4, s2, pc + 64
core   0: 3 0x8000920c (0x05277063)
core   0: 0x8000924c (0x01fc9033) sll     zero, s9, t6
core   0: 3 0x8000924c (0x01fc9033)
core   0: 0x80009250 (0x0168a0b3) slt     ra, a7, s6
core   0: 3 0x80009250 (0x0168a0b3) x1  0x00000001
core   0: 0x80009254 (0x00dae8b3) or      a7, s5, a3
core   0: 3 0x80009254 (0x00dae8b3) x17 0xffffffff
core   0: 0x80009258 (0x02277633) remu    a2, a4, sp
core   0: 3 0x80009258 (0x02277633) x12 0xfffffe3d
core   0: 0x8000925c (0x012e7e33) and     t3, t3, s2
core   0: 3 0x8000925c (0x012e7e33) x28 0x00000000
core   0: 0x80009260 (0x022a8b33) mul     s6, s5, sp
core   0: 3 0x80009260 (0x022a8b33) x22 0xa2ced5f0
core   0: 0x80009264 (0x00008e89) c.sub   a3, a0
core   0: 3 0x80009264 (0x8e89) x13 0xffffffff
core   0: 0x80009266 (0x0312dd63) bge     t0, a7, pc + 58
core   0: 3 0x80009266 (0x0312dd63)
core   0: 0x800092a0 (0x349ce917) auipc   s2, 0x349ce
core   0: 3 0x800092a0 (0x349ce917) x18 0xb49d72a0
core   0: 0x800092a4 (0x0000c00d) c.beqz  s0, pc + 34
core   0: 3 0x800092a4 (0xc00d)
core   0: 0x800092a6 (0x0304f5b3) remu    a1, s1, a6
core   0: 3 0x800092a6 (0x0304f5b3) x11 0x1f0004bc
core   0: 0x800092aa (0x00000001) c.nop
core   0: 3 0x800092aa (0x0001)
core   0: 0x800092ac (0x00000001) c.nop
core   0: 3 0x800092ac (0x0001)
core   0: 0x800092ae (0x40628033) sub     zero, t0, t1
core   0: 3 0x800092ae (0x40628033)
core   0: 0x800092b2 (0x03a0e463) bltu    ra, s10, pc + 40
core   0: 3 0x800092b2 (0x03a0e463)
core   0: 0x800092b6 (0x442e8493) addi    s1, t4, 1090
core   0: 3 0x800092b6 (0x442e8493) x9  0x00000441
core   0: 0x800092ba (0x038d4e63) blt     s10, s8, pc + 60
core   0: 3 0x800092ba (0x038d4e63)
core   0: 0x800092f6 (0x4f29b013) sltiu   zero, s3, 1266
core   0: 3 0x800092f6 (0x4f29b013)
core   0: 0x800092fa (0x00004e0d) c.li    t3, 3
core   0: 3 0x800092fa (0x4e0d) x28 0x00000003
core   0: 0x800092fc (0x0000662d) c.lui   a2, 0xb
core   0: 3 0x800092fc (0x662d) x12 0x0000b000
core   0: 0x800092fe (0xfaa1b713) sltiu   a4, gp, -86
core   0: 3 0x800092fe (0xfaa1b713) x14 0x00000001
core   0: 0x80009302 (0x00008ec5) c.or    a3, s1
core   0: 3 0x80009302 (0x8ec5) x13 0xffffffff
core   0: 0x80009304 (0x4c3ebb13) sltiu   s6, t4, 1219
core   0: 3 0x80009304 (0x4c3ebb13) x22 0x00000000
core   0: 0x80009308 (0x02799e33) mulh    t3, s3, t2
core   0: 3 0x80009308 (0x02799e33) x28 0xd25b0ce7
core   0: 0x8000930c (0x0000167d) c.addi  a2, -1
core   0: 3 0x8000930c (0x167d) x12 0x0000afff
core   0: 0x8000930e (0x02b2fc63) bgeu    t0, a1, pc + 56
core   0: 3 0x8000930e (0x02b2fc63)
core   0: 0x80009312 (0x3dc551b7) lui     gp, 0x3dc55
core   0: 3 0x80009312 (0x3dc551b7) x3  0x3dc55000
core   0: 0x80009316 (0x00008c89) c.sub   s1, a0
core   0: 3 0x80009316 (0x8c89) x9  0x00000441
core   0: 0x80009318 (0x18278f93) addi    t6, a5, 386
core   0: 3 0x80009318 (0x18278f93) x31 0x00000183
core   0: 0x8000931c (0x00008ff9) c.and   a5, a4
core   0: 3 0x8000931c (0x8ff9) x15 0x00000001
core   0: 0x8000931e (0x00008345) c.srli  a4, 17
core   0: 3 0x8000931e (0x8345) x14 0x00000000
core   0: 0x80009320 (0x00008c79) c.and   s0, a4
core   0: 3 0x80009320 (0x8c79) x8  0x00000000
core   0: 0x80009322 (0x00008ca1) c.xor   s1, s0
core   0: 3 0x80009322 (0x8ca1) x9  0x00000441
core   0: 0x80009324 (0x028ce133) rem     sp, s9, s0
core   0: 3 0x80009324 (0x028ce133) x2  0x5b4bc1c6
core   0: 0x80009328 (0x0123d633) srl     a2, t2, s2
core   0: 3 0x80009328 (0x0123d633) x12 0x5b4bc374
core   0: 0x8000932c (0x03d748b3) div     a7, a4, t4
core   0: 3 0x8000932c (0x03d748b3) x17 0x00000000
core   0: 0x80009330 (0x403ad093) srai    ra, s5, 3
core   0: 3 0x80009330 (0x403ad093) x1  0x08ba6254
core   0: 0x80009334 (0x0000837d) c.srli  a4, 31
core   0: 3 0x80009334 (0x837d) x14 0x00000000
core   0: 0x80009336 (0x41268db3) sub     s11, a3, s2
core   0: 3 0x80009336 (0x41268db3) x27 0x4b628d5f
core   0: 0x8000933a (0x01d25d13) srli    s10, tp, 29
core   0: 3 0x8000933a (0x01d25d13) x26 0x00000000
core   0: 0x8000933e (0x00000001) c.nop
core   0: 3 0x8000933e (0x0001)
core   0: 0x80009340 (0x00008289) c.srli  a3, 2
core   0: 3 0x80009340 (0x8289) x13 0x3fffffff
core   0: 0x80009342 (0x00000001) c.nop
core   0: 3 0x80009342 (0x0001)
core   0: 0x80009344 (0x00000001) c.nop
core   0: 3 0x80009344 (0x0001)
core   0: 0x80009346 (0x0163c6b3) xor     a3, t2, s6
core   0: 3 0x80009346 (0x0163c6b3) x13 0x5b4bc374
core   0: 0x8000934a (0x03fafd33) remu    s10, s5, t6
core   0: 3 0x8000934a (0x03fafd33) x26 0x0000009f
core   0: 0x8000934e (0x0000eef1) c.bnez  a3, pc + 220
core   0: 3 0x8000934e (0xeef1)
core   0: 0x8000942a (0x00b79e93) slli    t4, a5, 11
core   0: 3 0x8000942a (0x00b79e93) x29 0x00000800
core   0: 0x8000942e (0x00000584) c.addi4spn s1, sp, 704
core   0: 3 0x8000942e (0x0584) x9  0x5b4bc486
core   0: 0x80009430 (0x02e49233) mulh    tp, s1, a4
core   0: 3 0x80009430 (0x02e49233) x4  0x00000000
core   0: 0x80009434 (0x01801b93) slli    s7, zero, 24
core   0: 3 0x80009434 (0x01801b93) x23 0x00000000
core   0: 0x80009438 (0x016fd763) bge     t6, s6, pc + 14
core   0: 3 0x80009438 (0x016fd763)
core   0: 0x80009446 (0x00000001) c.nop
core   0: 3 0x80009446 (0x0001)
core   0: 0x80009448 (0x0073a2b3) slt     t0, t2, t2
core   0: 3 0x80009448 (0x0073a2b3) x5  0x00000000
core   0: 0x8000944c (0x0119dc63) bge     s3, a7, pc + 24
core   0: 3 0x8000944c (0x0119dc63)
core   0: 0x80009450 (0x035a8e33) mul     t3, s5, s5
core   0: 3 0x80009450 (0x035a8e33) x28 0x80c10941
core   0: 0x80009454 (0x8b82ce37) lui     t3, 0x8b82c
core   0: 3 0x80009454 (0x8b82ce37) x28 0x8b82c000
core   0: 0x80009458 (0x028b30b3) mulhu   ra, s6, s0
core   0: 3 0x80009458 (0x028b30b3) x1  0x00000000
core   0: 0x8000945c (0x032506b3) mul     a3, a0, s2
core   0: 3 0x8000945c (0x032506b3) x13 0x00000000
core   0: 0x80009460 (0x03a6fbb3) remu    s7, a3, s10
core   0: 3 0x80009460 (0x03a6fbb3) x23 0x00000000
core   0: 0x80009464 (0x038f1eb3) mulh    t4, t5, s8
core   0: 3 0x80009464 (0x038f1eb3) x29 0xffffffff
core   0: 0x80009468 (0xbfd28093) addi    ra, t0, -1027
core   0: 3 0x80009468 (0xbfd28093) x1  0xfffffbfd
core   0: 0x8000946c (0x0109d893) srli    a7, s3, 16
core   0: 3 0x8000946c (0x0109d893) x17 0x00008002
core   0: 0x80009470 (0x2b431537) lui     a0, 0x2b431
core   0: 3 0x80009470 (0x2b431537) x10 0x2b431000
core   0: 0x80009474 (0x61322113) slti    sp, tp, 1555
core   0: 3 0x80009474 (0x61322113) x2  0x00000001
core   0: 0x80009478 (0x0193c233) xor     tp, t2, s9
core   0: 3 0x80009478 (0x0193c233) x4  0x000002b2
core   0: 0x8000947c (0x000084de) c.mv    s1, s7
core   0: 3 0x8000947c (0x84de) x9  0x00000000
core   0: 0x8000947e (0x00000001) c.nop
core   0: 3 0x8000947e (0x0001)
core   0: 0x80009480 (0x0245cc33) div     s8, a1, tp
core   0: 3 0x80009480 (0x0245cc33) x24 0x000b8060
core   0: 0x80009484 (0x00008cf9) c.and   s1, a4
core   0: 3 0x80009484 (0x8cf9) x9  0x00000000
core   0: 0x80009486 (0x41260c33) sub     s8, a2, s2
core   0: 3 0x80009486 (0x41260c33) x24 0xa6ae50d4
core   0: 0x8000948a (0x034980b3) mul     ra, s3, s4
core   0: 3 0x8000948a (0x034980b3) x1  0x29d24000
core   0: 0x8000948e (0x40885cb3) sra     s9, a6, s0
core   0: 3 0x8000948e (0x40885cb3) x25 0x5b4bc1c6
core   0: 0x80009492 (0x0260036f) jal     t1, pc + 0x26
core   0: 3 0x80009492 (0x0260036f) x6  0x80009496
core   0: 0x800094b8 (0x0000b7e5) c.j     pc - 24
core   0: 3 0x800094b8 (0xb7e5)
core   0: 0x800094a0 (0x0000a011) c.j     pc + 4
core   0: 3 0x800094a0 (0xa011)
core   0: 0x800094a4 (0x00e000ef) jal     pc + 0xe
core   0: 3 0x800094a4 (0x00e000ef) x1  0x800094a8
core   0: 0x800094b2 (0xff1ff36f) jal     t1, pc - 0x10
core   0: 3 0x800094b2 (0xff1ff36f) x6  0x800094b6
core   0: 0x800094a2 (0x00002821) c.jal   pc + 24
core   0: 3 0x800094a2 (0x2821) x1  0x800094a4
core   0: 0x800094ba (0x0000a031) c.j     pc + 12
core   0: 3 0x800094ba (0xa031)
core   0: 0x800094c6 (0x0000bff5) c.j     pc - 4
core   0: 3 0x800094c6 (0xbff5)
core   0: 0x800094c2 (0x000037ed) c.jal   pc - 22
core   0: 3 0x800094c2 (0x37ed) x1  0x800094c4
core   0: 0x800094ac (0x0000a009) c.j     pc + 2
core   0: 3 0x800094ac (0xa009)
core   0: 0x800094ae (0x0000b7e5) c.j     pc - 24
core   0: 3 0x800094ae (0xb7e5)
core   0: 0x80009496 (0x020000ef) jal     pc + 0x20
core   0: 3 0x80009496 (0x020000ef) x1  0x8000949a
core   0: 0x800094b6 (0x0000a819) c.j     pc + 22
core   0: 3 0x800094b6 (0xa819)
core   0: 0x800094cc (0x00003fd5) c.jal   pc - 12
core   0: 3 0x800094cc (0x3fd5) x1  0x800094ce
core   0: 0x800094c0 (0x00003ff5) c.jal   pc - 4
core   0: 3 0x800094c0 (0x3ff5) x1  0x800094c2
core   0: 0x800094bc (0x00c000ef) jal     pc + 0xc
core   0: 3 0x800094bc (0x00c000ef) x1  0x800094c0
core   0: 0x800094c8 (0x0000b7c5) c.j     pc - 32
core   0: 3 0x800094c8 (0xb7c5)
core   0: 0x800094a8 (0x022000ef) jal     pc + 0x22
core   0: 3 0x800094a8 (0x022000ef) x1  0x800094ac
core   0: 0x800094ca (0x0000bfed) c.j     pc - 6
core   0: 3 0x800094ca (0xbfed)
core   0: 0x800094c4 (0x0000b7f5) c.j     pc - 20
core   0: 3 0x800094c4 (0xb7f5)
core   0: 0x800094b0 (0x00002839) c.jal   pc + 30
core   0: 3 0x800094b0 (0x2839) x1  0x800094b2
core   0: 0x800094ce (0x0000bfc1) c.j     pc - 48
core   0: 3 0x800094ce (0xbfc1)
core   0: 0x8000949e (0x0000bff5) c.j     pc - 4
core   0: 3 0x8000949e (0xbff5)
core   0: 0x8000949a (0x03600aef) jal     s5, pc + 0x36
core   0: 3 0x8000949a (0x03600aef) x21 0x8000949e
core   0: 0x800094d0 (0x00008ce6) c.mv    s9, s9
core   0: 3 0x800094d0 (0x8ce6) x25 0x5b4bc1c6
core   0: 0x800094d2 (0x0000660d) c.lui   a2, 0x3
core   0: 3 0x800094d2 (0x660d) x12 0x00003000
core   0: 0x800094d4 (0xecc20493) addi    s1, tp, -308
core   0: 3 0x800094d4 (0xecc20493) x9  0x0000017e
core   0: 0x800094d8 (0x02f26bb3) rem     s7, tp, a5
core   0: 3 0x800094d8 (0x02f26bb3) x23 0x00000000
core   0: 0x800094dc (0xab3d6f93) ori     t6, s10, -1357
core   0: 3 0x800094dc (0xab3d6f93) x31 0xfffffabf
core   0: 0x800094e0 (0x00008e7d) c.and   a2, a5
core   0: 3 0x800094e0 (0x8e7d) x12 0x00000000
core   0: 0x800094e2 (0x40ce8bb3) sub     s7, t4, a2
core   0: 3 0x800094e2 (0x40ce8bb3) x23 0xffffffff
core   0: 0x800094e6 (0x952eba97) auipc   s5, 0x952eb
core   0: 3 0x800094e6 (0x952eba97) x21 0x152f44e6
core   0: 0x800094ea (0x00008941) c.andi  a0, 16
core   0: 3 0x800094ea (0x8941) x10 0x00000000
core   0: 0x800094ec (0x000081ad) c.srli  a1, 11
core   0: 3 0x800094ec (0x81ad) x11 0x0003e000
core   0: 0x800094ee (0x00000d0c) c.addi4spn a1, sp, 656
core   0: 3 0x800094ee (0x0d0c) x11 0x00000291
core   0: 0x800094f0 (0x40e4d893) srai    a7, s1, 14
core   0: 3 0x800094f0 (0x40e4d893) x17 0x00000000
core   0: 0x800094f4 (0x48f6e293) ori     t0, a3, 1167
core   0: 3 0x800094f4 (0x48f6e293) x5  0x0000048f
core   0: 0x800094f8 (0x00dd6233) or      tp, s10, a3
core   0: 3 0x800094f8 (0x00dd6233) x4  0x0000009f
core   0: 0x800094fc (0x0000e89d) c.bnez  s1, pc + 54
core   0: 3 0x800094fc (0xe89d)
core   0: 0x80009532 (0x00005b7d) c.li    s6, -1
core   0: 3 0x80009532 (0x5b7d) x22 0xffffffff
core   0: 0x80009534 (0x0000177d) c.addi  a4, -1
core   0: 3 0x80009534 (0x177d) x14 0xffffffff
core   0: 0x80009536 (0x026a7333) remu    t1, s4, t1
core   0: 3 0x80009536 (0x026a7333) x6  0x00001000
core   0: 0x8000953a (0x01bb3133) sltu    sp, s6, s11
core   0: 3 0x8000953a (0x01bb3133) x2  0x00000000
core   0: 0x8000953e (0x83a5b693) sltiu   a3, a1, -1990
core   0: 3 0x8000953e (0x83a5b693) x13 0x00000001
core   0: 0x80009542 (0x6a4d4a93) xori    s5, s10, 1700
core   0: 3 0x80009542 (0x6a4d4a93) x21 0x0000063b
core   0: 0x80009546 (0x00a45613) srli    a2, s0, 10
core   0: 3 0x80009546 (0x00a45613) x12 0x00000000
core   0: 0x8000954a (0x40aa06b3) sub     a3, s4, a0
core   0: 3 0x8000954a (0x40aa06b3) x13 0x00001000
core   0: 0x8000954e (0x01a925b3) slt     a1, s2, s10
core   0: 3 0x8000954e (0x01a925b3) x11 0x00000001
core   0: 0x80009552 (0x01b91d63) bne     s2, s11, pc + 26
core   0: 3 0x80009552 (0x01b91d63)
core   0: 0x8000956c (0x03a540b3) div     ra, a0, s10
core   0: 3 0x8000956c (0x03a540b3) x1  0x00000000
core   0: 0x80009570 (0x4c4b7097) auipc   ra, 0x4c4b7
core   0: 3 0x80009570 (0x4c4b7097) x1  0xcc4c0570
core   0: 0x80009574 (0xce0a5737) lui     a4, 0xce0a5
core   0: 3 0x80009574 (0xce0a5737) x14 0xce0a5000
core   0: 0x80009578 (0x00000001) c.nop
core   0: 3 0x80009578 (0x0001)
core   0: 0x8000957a (0x02325563) bge     tp, gp, pc + 42
core   0: 3 0x8000957a (0x02325563)
core   0: 0x8000957e (0x00008f91) c.sub   a5, a2
core   0: 3 0x8000957e (0x8f91) x15 0x00000001
core   0: 0x80009580 (0x00008f35) c.xor   a4, a3
core   0: 3 0x80009580 (0x8f35) x14 0xce0a4000
core   0: 0x80009582 (0x406cd293) srai    t0, s9, 6
core   0: 3 0x80009582 (0x406cd293) x5  0x016d2f07
core   0: 0x80009586 (0x01c16c33) or      s8, sp, t3
core   0: 3 0x80009586 (0x01c16c33) x24 0x8b82c000
core   0: 0x8000958a (0x00001584) c.addi4spn s1, sp, 736
core   0: 3 0x8000958a (0x1584) x9  0x000002e0
core   0: 0x8000958c (0x024626b3) mulhsu  a3, a2, tp
core   0: 3 0x8000958c (0x024626b3) x13 0x00000000
core   0: 0x80009590 (0x03bab133) mulhu   sp, s5, s11
core   0: 3 0x80009590 (0x03bab133) x2  0x000001d5
core   0: 0x80009594 (0x0368cb63) blt     a7, s6, pc + 54
core   0: 3 0x80009594 (0x0368cb63)
core   0: 0x80009598 (0x03b94963) blt     s2, s11, pc + 50
core   0: 3 0x80009598 (0x03b94963)
core   0: 0x800095ca (0xedcf3e13) sltiu   t3, t5, -292
core   0: 3 0x800095ca (0xedcf3e13) x28 0x00000001
core   0: 0x800095ce (0x00041b93) slli    s7, s0, 0
core   0: 3 0x800095ce (0x00041b93) x23 0x00000000
core   0: 0x800095d2 (0x0044feb3) and     t4, s1, tp
core   0: 3 0x800095d2 (0x0044feb3) x29 0x00000080
core   0: 0x800095d6 (0x009f41b3) xor     gp, t5, s1
core   0: 3 0x800095d6 (0x009f41b3) x3  0x80025cd4
core   0: 0x800095da (0x03f0d363) bge     ra, t6, pc + 38
core   0: 3 0x800095da (0x03f0d363)
core   0: 0x800095de (0x01eee263) bltu    t4, t5, pc + 4
core   0: 3 0x800095de (0x01eee263)
core   0: 0x800095e2 (0x0000717d) c.addi16sp sp, -16
core   0: 3 0x800095e2 (0x717d) x2  0x000001c5
core   0: 0x800095e4 (0x02ee8163) beq     t4, a4, pc + 34
core   0: 3 0x800095e4 (0x02ee8163)
core   0: 0x800095e8 (0x02c8ea33) rem     s4, a7, a2
core   0: 3 0x800095e8 (0x02c8ea33) x20 0x00000000
core   0: 0x800095ec (0xb6580a93) addi    s5, a6, -1179
core   0: 3 0x800095ec (0xb6580a93) x21 0x5b4bbd2b
core   0: 0x800095f0 (0x02cc0a33) mul     s4, s8, a2
core   0: 3 0x800095f0 (0x02cc0a33) x20 0x00000000
core   0: 0x800095f4 (0xd0840193) addi    gp, s0, -760
core   0: 3 0x800095f4 (0xd0840193) x3  0xfffffd08
core   0: 0x800095f8 (0x021b0c63) beq     s6, ra, pc + 56
core   0: 3 0x800095f8 (0x021b0c63)
core   0: 0x800095fc (0x00008d71) c.and   a0, a2
core   0: 3 0x800095fc (0x8d71) x10 0x00000000
core   0: 0x800095fe (0x00001f00) c.addi4spn s0, sp, 944
core   0: 3 0x800095fe (0x1f00) x8  0x00000575
core   0: 0x80009600 (0x00008e69) c.and   a2, a0
core   0: 3 0x80009600 (0x8e69) x12 0x00000000
core   0: 0x80009602 (0x00714933) xor     s2, sp, t2
core   0: 3 0x80009602 (0x00714933) x18 0x5b4bc2b1
core   0: 0x80009606 (0x0000cf91) c.beqz  a5, pc + 28
core   0: 3 0x80009606 (0xcf91)
core   0: 0x80009608 (0x01248eb3) add     t4, s1, s2
core   0: 3 0x80009608 (0x01248eb3) x29 0x5b4bc591
core   0: 0x8000960c (0x011077b3) and     a5, zero, a7
core   0: 3 0x8000960c (0x011077b3) x15 0x00000000
core   0: 0x80009610 (0x00008d49) c.or    a0, a0
core   0: 3 0x80009610 (0x8d49) x10 0x00000000
core   0: 0x80009612 (0x00607033) and     zero, zero, t1
core   0: 3 0x80009612 (0x00607033)
core   0: 0x80009616 (0x00811e13) slli    t3, sp, 8
core   0: 3 0x80009616 (0x00811e13) x28 0x0001c500
core   0: 0x8000961a (0x49a53113) sltiu   sp, a0, 1178
core   0: 3 0x8000961a (0x49a53113) x2  0x00000001
core   0: 0x8000961e (0x023f9c63) bne     t6, gp, pc + 56
core   0: 3 0x8000961e (0x023f9c63)
core   0: 0x80009656 (0x03297433) remu    s0, s2, s2
core   0: 3 0x80009656 (0x03297433) x8  0x00000000
core   0: 0x8000965a (0x1dd06b93) ori     s7, zero, 477
core   0: 3 0x8000965a (0x1dd06b93) x23 0x000001dd
core   0: 0x8000965e (0x01c0d7b3) srl     a5, ra, t3
core   0: 3 0x8000965e (0x01c0d7b3) x15 0xcc4c0570
core   0: 0x80009662 (0x0000717d) c.addi16sp sp, -16
core   0: 3 0x80009662 (0x717d) x2  0xfffffff1
core   0: 0x80009664 (0x00008115) c.srli  a0, 5
core   0: 3 0x80009664 (0x8115) x10 0x00000000
core   0: 0x80009666 (0x008d5e13) srli    t3, s10, 8
core   0: 3 0x80009666 (0x008d5e13) x28 0x00000000
core   0: 0x8000966a (0x00cdd7b3) srl     a5, s11, a2
core   0: 3 0x8000966a (0x00cdd7b3) x15 0x4b628d5f
core   0: 0x8000966e (0x030b3eb3) mulhu   t4, s6, a6
core   0: 3 0x8000966e (0x030b3eb3) x29 0x5b4bc1c5
core   0: 0x80009672 (0x026c7bb3) remu    s7, s8, t1
core   0: 3 0x80009672 (0x026c7bb3) x23 0x00000000
core   0: 0x80009676 (0x415a5213) srai    tp, s4, 21
core   0: 3 0x80009676 (0x415a5213) x4  0x00000000
core   0: 0x8000967a (0x0000c581) c.beqz  a1, pc + 8
core   0: 3 0x8000967a (0xc581)
core   0: 0x8000967c (0x02245f63) bge     s0, sp, pc + 62
core   0: 3 0x8000967c (0x02245f63)
core   0: 0x800096ba (0x00008cb9) c.xor   s1, a4
core   0: 3 0x800096ba (0x8cb9) x9  0xce0a42e0
core   0: 0x800096bc (0x00007a97) auipc   s5, 0x7
core   0: 3 0x800096bc (0x00007a97) x21 0x800106bc
core   0: 0x800096c0 (0x5cea8a93) addi    s5, s5, 1486
core   0: 3 0x800096c0 (0x5cea8a93) x21 0x80010c8a
core   0: 0x800096c4 (0x00008c21) c.xor   s0, s0
core   0: 3 0x800096c4 (0x8c21) x8  0x00000000
core   0: 0x800096c6 (0xc78fa913) slti    s2, t6, -904
core   0: 3 0x800096c6 (0xc78fa913) x18 0x00000001
core   0: 0x800096ca (0x027b0fb3) mul     t6, s6, t2
core   0: 3 0x800096ca (0x027b0fb3) x31 0xa4b43c8c
core   0: 0x800096ce (0x000a8423) sb      zero, 8(s5)
core   0: 3 0x800096ce (0x000a8423) mem 0x80010c92 0x00
core   0: 0x800096d2 (0x00008c21) c.xor   s0, s0
core   0: 3 0x800096d2 (0x8c21) x8  0x00000000
core   0: 0x800096d4 (0x000a82a3) sb      zero, 5(s5)
core   0: 3 0x800096d4 (0x000a82a3) mem 0x80010c8f 0x00
core   0: 0x800096d8 (0x007b7fb3) and     t6, s6, t2
core   0: 3 0x800096d8 (0x007b7fb3) x31 0x5b4bc374
core   0: 0x800096dc (0x000093da) c.add   t2, s6
core   0: 3 0x800096dc (0x93da) x7  0x5b4bc373
core   0: 0x800096de (0x02744fb3) div     t6, s0, t2
core   0: 3 0x800096de (0x02744fb3) x31 0x00000000
core   0: 0x800096e2 (0x5503cb13) xori    s6, t2, 1360
core   0: 3 0x800096e2 (0x5503cb13) x22 0x5b4bc623
core   0: 0x800096e6 (0x00a91413) slli    s0, s2, 10
core   0: 3 0x800096e6 (0x00a91413) x8  0x00000400
core   0: 0x800096ea (0x00009fda) c.add   t6, s6
core   0: 3 0x800096ea (0x9fda) x31 0x5b4bc623
core   0: 0x800096ec (0x00008011) c.srli  s0, 4
core   0: 3 0x800096ec (0x8011) x8  0x00000040
core   0: 0x800096ee (0x012a85a3) sb      s2, 11(s5)
core   0: 3 0x800096ee (0x012a85a3) mem 0x80010c95 0x01
core   0: 0x800096f2 (0x03606433) rem     s0, zero, s6
core   0: 3 0x800096f2 (0x03606433) x8  0x00000000
core   0: 0x800096f6 (0x000043a1) c.li    t2, 8
core   0: 3 0x800096f6 (0x43a1) x7  0x00000008
core   0: 0x800096f8 (0x000a86a3) sb      zero, 13(s5)
core   0: 3 0x800096f8 (0x000a86a3) mem 0x80010c97 0x00
core   0: 0x800096fc (0x007a81a3) sb      t2, 3(s5)
core   0: 3 0x800096fc (0x007a81a3) mem 0x80010c8d 0x08
core   0: 0x80009700 (0x0073afb3) slt     t6, t2, t2
core   0: 3 0x80009700 (0x0073afb3) x31 0x00000000
core   0: 0x80009704 (0x00008c61) c.and   s0, s0
core   0: 3 0x80009704 (0x8c61) x8  0x00000000
core   0: 0x80009706 (0xff0ad403) lhu     s0, -16(s5)
core   0: 3 0x80009706 (0xff0ad403) x8  0x00000000 mem 0x80010c7a
core   0: 0x8000970a (0x01ab5413) srli    s0, s6, 26
core   0: 3 0x8000970a (0x01ab5413) x8  0x00000016
core   0: 0x8000970e (0xff9a8403) lb      s0, -7(s5)
core   0: 3 0x8000970e (0xff9a8403) x8  0x00000000 mem 0x80010c83
core   0: 0x80009712 (0x00008c41) c.or    s0, s0
core   0: 3 0x80009712 (0x8c41) x8  0x00000000
core   0: 0x80009714 (0xfe8a9f23) sh      s0, -2(s5)
core   0: 3 0x80009714 (0xfe8a9f23) mem 0x80010c88 0x0000
core   0: 0x80009718 (0x0003bb33) sltu    s6, t2, zero
core   0: 3 0x80009718 (0x0003bb33) x22 0x00000000
core   0: 0x8000971c (0x00dac903) lbu     s2, 13(s5)
core   0: 3 0x8000971c (0x00dac903) x18 0x00000000 mem 0x80010c97
core   0: 0x80009720 (0xff6a8da3) sb      s6, -5(s5)
core   0: 3 0x80009720 (0xff6a8da3) mem 0x80010c85 0x00
core   0: 0x80009724 (0x016a83a3) sb      s6, 7(s5)
core   0: 3 0x80009724 (0x016a83a3) mem 0x80010c91 0x00
core   0: 0x80009728 (0x8910b917) auipc   s2, 0x8910b
core   0: 3 0x80009728 (0x8910b917) x18 0x09114728
core   0: 0x8000972c (0x00000001) c.nop
core   0: 3 0x8000972c (0x0001)
core   0: 0x8000972e (0x01faa323) sw      t6, 6(s5)
core   0: 3 0x8000972e (0x01faa323) mem 0x80010c90 0x00000000
core   0: 0x80009732 (0x008fd933) srl     s2, t6, s0
core   0: 3 0x80009732 (0x008fd933) x18 0x00000000
core   0: 0x80009736 (0x02045433) divu    s0, s0, zero
core   0: 3 0x80009736 (0x02045433) x8  0xffffffff
core   0: 0x8000973a (0x00cadf83) lhu     t6, 12(s5)
core   0: 3 0x8000973a (0x00cadf83) x31 0x00000000 mem 0x80010c96
core   0: 0x8000973e (0xfe0a8d23) sb      zero, -6(s5)
core   0: 3 0x8000973e (0xfe0a8d23) mem 0x80010c84 0x00
core   0: 0x80009742 (0x000099fd) c.andi  a1, -1
core   0: 3 0x80009742 (0x99fd) x11 0x00000001
core   0: 0x80009744 (0x5c92ea13) ori     s4, t0, 1481
core   0: 3 0x80009744 (0x5c92ea13) x20 0x016d2fcf
core   0: 0x80009748 (0x4128dc93) srai    s9, a7, 18
core   0: 3 0x80009748 (0x4128dc93) x25 0x00000000
core   0: 0x8000974c (0x02deec63) bltu    t4, a3, pc + 56
core   0: 3 0x8000974c (0x02deec63)
core   0: 0x80009750 (0x00000001) c.nop
core   0: 3 0x80009750 (0x0001)
core   0: 0x80009752 (0x00006165) c.addi16sp sp, 112
core   0: 3 0x80009752 (0x6165) x2  0x00000061
core   0: 0x80009754 (0x000004f2) c.slli  s1, 28
core   0: 3 0x80009754 (0x04f2) x9  0x00000000
core   0: 0x80009756 (0xd1df6713) ori     a4, t5, -739
core   0: 3 0x80009756 (0xd1df6713) x14 0xffffff3d
core   0: 0x8000975a (0x02be8e63) beq     t4, a1, pc + 60
core   0: 3 0x8000975a (0x02be8e63)
core   0: 0x8000975e (0x00185b93) srli    s7, a6, 1
core   0: 3 0x8000975e (0x00185b93) x23 0x2da5e0e3
core   0: 0x80009762 (0x00008d11) c.sub   a0, a2
core   0: 3 0x80009762 (0x8d11) x10 0x00000000
core   0: 0x80009764 (0xb41db5b7) lui     a1, 0xb41db
core   0: 3 0x80009764 (0xb41db5b7) x11 0xb41db000
core   0: 0x80009768 (0x00008ecd) c.or    a3, a1
core   0: 3 0x80009768 (0x8ecd) x13 0xb41db000
core   0: 0x8000976a (0x000090de) c.add   ra, s7
core   0: 3 0x8000976a (0x90de) x1  0xf9f1e653
core   0: 0x8000976c (0x0000717d) c.addi16sp sp, -16
core   0: 3 0x8000976c (0x717d) x2  0x00000051
core   0: 0x8000976e (0x00008335) c.srli  a4, 13
core   0: 3 0x8000976e (0x8335) x14 0x0007ffff
core   0: 0x80009770 (0x00008f25) c.xor   a4, s1
core   0: 3 0x80009770 (0x8f25) x14 0x0007ffff
core   0: 0x80009772 (0x0c21c793) xori    a5, gp, 194
core   0: 3 0x80009772 (0x0c21c793) x15 0xfffffdca
core   0: 0x80009776 (0x2ab78e93) addi    t4, a5, 683
core   0: 3 0x80009776 (0x2ab78e93) x29 0x00000075
core   0: 0x8000977a (0x00008645) c.srai  a2, 17
core   0: 3 0x8000977a (0x8645) x12 0x00000000
core   0: 0x8000977c (0x03b5b6b3) mulhu   a3, a1, s11
core   0: 3 0x8000977c (0x03b5b6b3) x13 0x350a0964
core   0: 0x80009780 (0x0bb21263) bne     tp, s11, pc + 164
core   0: 3 0x80009780 (0x0bb21263)
core   0: 0x80009824 (0x00008c1d) c.sub   s0, a5
core   0: 3 0x80009824 (0x8c1d) x8  0x00000235
core   0: 0x80009826 (0x0000c115) c.beqz  a0, pc + 36
core   0: 3 0x80009826 (0xc115)
core   0: 0x8000984a (0x9aeff113) andi    sp, t6, -1618
core   0: 3 0x8000984a (0x9aeff113) x2  0x00000000
core   0: 0x8000984e (0x00008f21) c.xor   a4, s0
core   0: 3 0x8000984e (0x8f21) x14 0x0007fdca
core   0: 0x80009850 (0x0000c70d) c.beqz  a4, pc + 42
core   0: 3 0x80009850 (0xc70d)
core   0: 0x80009852 (0x02caa533) mulhsu  a0, s5, a2
core   0: 3 0x80009852 (0x02caa533) x10 0x00000000
core   0: 0x80009856 (0x00469c33) sll     s8, a3, tp
core   0: 3 0x80009856 (0x00469c33) x24 0x350a0964
core   0: 0x8000985a (0x03cbdfb3) divu    t6, s7, t3
core   0: 3 0x8000985a (0x03cbdfb3) x31 0xffffffff
core   0: 0x8000985e (0x1e947e13) andi    t3, s0, 489
core   0: 3 0x8000985e (0x1e947e13) x28 0x00000021
core   0: 0x80009862 (0x0105d5b3) srl     a1, a1, a6
core   0: 3 0x80009862 (0x0105d5b3) x11 0x02d076c0
core   0: 0x80009866 (0x02fe9b63) bne     t4, a5, pc + 54
core   0: 3 0x80009866 (0x02fe9b63)
core   0: 0x8000989c (0x1d1de317) auipc   t1, 0x1d1de
core   0: 3 0x8000989c (0x1d1de317) x6  0x9d1e789c
core   0: 0x800098a0 (0x00008dbd) c.xor   a1, a5
core   0: 3 0x800098a0 (0x8dbd) x11 0xfd2f8b0a
core   0: 0x800098a2 (0x02ef7a33) remu    s4, t5, a4
core   0: 3 0x800098a2 (0x02ef7a33) x20 0x0005c70c
core   0: 0x800098a6 (0x02b22eb3) mulhsu  t4, tp, a1
core   0: 3 0x800098a6 (0x02b22eb3) x29 0x00000000
core   0: 0x800098aa (0x417dd133) sra     sp, s11, s7
core   0: 3 0x800098aa (0x417dd133) x2  0x096c51ab
core   0: 0x800098ae (0x01aec933) xor     s2, t4, s10
core   0: 3 0x800098ae (0x01aec933) x18 0x0000009f
core   0: 0x800098b2 (0x03646333) rem     t1, s0, s6
core   0: 3 0x800098b2 (0x03646333) x6  0x00000235
core   0: 0x800098b6 (0x03630233) mul     tp, t1, s6
core   0: 3 0x800098b6 (0x03630233) x4  0x00000000
core   0: 0x800098ba (0x04e47263) bgeu    s0, a4, pc + 68
core   0: 3 0x800098ba (0x04e47263)
core   0: 0x800098be (0x019990b3) sll     ra, s3, s9
core   0: 3 0x800098be (0x019990b3) x1  0x80029d24
core   0: 0x800098c2 (0x00008c45) c.or    s0, s1
core   0: 3 0x800098c2 (0x8c45) x8  0x00000235
core   0: 0x800098c4 (0x03f79933) mulh    s2, a5, t6
core   0: 3 0x800098c4 (0x03f79933) x18 0x00000000
core   0: 0x800098c8 (0x015cecb3) or      s9, s9, s5
core   0: 3 0x800098c8 (0x015cecb3) x25 0x80010c8a
core   0: 0x800098cc (0x00000001) c.nop
core   0: 3 0x800098cc (0x0001)
core   0: 0x800098ce (0x416cd733) sra     a4, s9, s6
core   0: 3 0x800098ce (0x416cd733) x14 0x80010c8a
core   0: 0x800098d2 (0x03b212b3) mulh    t0, tp, s11
core   0: 3 0x800098d2 (0x03b212b3) x5  0x00000000
core   0: 0x800098d6 (0x7329ca93) xori    s5, s3, 1842
core   0: 3 0x800098d6 (0x7329ca93) x21 0x80029a16
core   0: 0x800098da (0x003bae33) slt     t3, s7, gp
core   0: 3 0x800098da (0x003bae33) x28 0x00000000
core   0: 0x800098de (0x90da3c37) lui     s8, 0x90da3
core   0: 3 0x800098de (0x90da3c37) x24 0x90da3000
core   0: 0x800098e2 (0x51572713) slti    a4, a4, 1301
core   0: 3 0x800098e2 (0x51572713) x14 0x00000001
core   0: 0x800098e6 (0x55667013) andi    zero, a2, 1366
core   0: 3 0x800098e6 (0x55667013)
core   0: 0x800098ea (0x0000c08d) c.beqz  s1, pc + 34
core   0: 3 0x800098ea (0xc08d)
core   0: 0x8000990c (0x0000818a) c.mv    gp, sp
core   0: 3 0x8000990c (0x818a) x3  0x096c51ab
core   0: 0x8000990e (0x00008345) c.srli  a4, 17
core   0: 3 0x8000990e (0x8345) x14 0x00000000
core   0: 0x80009910 (0x002bf8b3) and     a7, s7, sp
core   0: 3 0x80009910 (0x002bf8b3) x17 0x092440a3
core   0: 0x80009914 (0x00001698) c.addi4spn a4, sp, 864
core   0: 3 0x80009914 (0x1698) x14 0x096c550b
core   0: 0x80009916 (0x00a8dc93) srli    s9, a7, 10
core   0: 3 0x80009916 (0x00a8dc93) x25 0x00024910
core   0: 0x8000991a (0x00101fb3) sll     t6, zero, ra
core   0: 3 0x8000991a (0x00101fb3) x31 0x00000000
core   0: 0x8000991e (0x034bffb3) remu    t6, s7, s4
core   0: 3 0x8000991e (0x034bffb3) x31 0x0003b81b
core   0: 0x80009922 (0x0277d263) bge     a5, t2, pc + 36
core   0: 3 0x80009922 (0x0277d263)
core   0: 0x80009926 (0x00004cb5) c.li    s9, 13
core   0: 3 0x80009926 (0x4cb5) x25 0x0000000d
core   0: 0x80009928 (0x6c1c2697) auipc   a3, 0x6c1c2
core   0: 3 0x80009928 (0x6c1c2697) x13 0xec1cb928
core   0: 0x8000992c (0x002beb63) bltu    s7, sp, pc + 22
core   0: 3 0x8000992c (0x002beb63)
core   0: 0x80009930 (0x03a8ddb3) divu    s11, a7, s10
core   0: 3 0x80009930 (0x03a8ddb3) x27 0x000eb7f4
core   0: 0x80009934 (0x01d89863) bne     a7, t4, pc + 16
core   0: 3 0x80009934 (0x01d89863)
core   0: 0x80009944 (0x00000001) c.nop
core   0: 3 0x80009944 (0x0001)
core   0: 0x80009946 (0x02b67c33) remu    s8, a2, a1
core   0: 3 0x80009946 (0x02b67c33) x24 0x00000000
core   0: 0x8000994a (0x00009df2) c.add   s11, t3
core   0: 3 0x8000994a (0x9df2) x27 0x000eb7f4
core   0: 0x8000994c (0x41ced313) srai    t1, t4, 28
core   0: 3 0x8000994c (0x41ced313) x6  0x00000000
core   0: 0x80009950 (0x41a8d933) sra     s2, a7, s10
core   0: 3 0x80009950 (0x41a8d933) x18 0x00000000
core   0: 0x80009954 (0x037b4663) blt     s6, s7, pc + 44
core   0: 3 0x80009954 (0x037b4663)
core   0: 0x80009980 (0x55464a13) xori    s4, a2, 1364
core   0: 3 0x80009980 (0x55464a13) x20 0x00000554
core   0: 0x80009984 (0x000011fd) c.addi  gp, -1
core   0: 3 0x80009984 (0x11fd) x3  0x096c51aa
core   0: 0x80009986 (0x00008c69) c.and   s0, a0
core   0: 3 0x80009986 (0x8c69) x8  0x00000000
core   0: 0x80009988 (0x4fe6f413) andi    s0, a3, 1278
core   0: 3 0x80009988 (0x4fe6f413) x8  0x00000028
core   0: 0x8000998c (0x00008f7d) c.and   a4, a5
core   0: 3 0x8000998c (0x8f7d) x14 0x096c550a
core   0: 0x8000998e (0x00e7df63) bge     a5, a4, pc + 30
core   0: 3 0x8000998e (0x00e7df63)
core   0: 0x80009992 (0x03d89eb3) mulh    t4, a7, t4
core   0: 3 0x80009992 (0x03d89eb3) x29 0x00000000
core   0: 0x80009996 (0x00000001) c.nop
core   0: 3 0x80009996 (0x0001)
core   0: 0x80009998 (0x00008d7d) c.and   a0, a5
core   0: 3 0x80009998 (0x8d7d) x10 0x00000000
core   0: 0x8000999a (0xc4a2ee93) ori     t4, t0, -950
core   0: 3 0x8000999a (0xc4a2ee93) x29 0xfffffc4a
core   0: 0x8000999e (0x002f92b3) sll     t0, t6, sp
core   0: 3 0x8000999e (0x002f92b3) x5  0x1dc0d800
core   0: 0x800099a2 (0x000081c1) c.srli  a1, 16
core   0: 3 0x800099a2 (0x81c1) x11 0x0000fd2f
core   0: 0x800099a4 (0x06a8a413) slti    s0, a7, 106
core   0: 3 0x800099a4 (0x06a8a413) x8  0x00000000
core   0: 0x800099a8 (0x03357633) remu    a2, a0, s3
core   0: 3 0x800099a8 (0x03357633) x12 0x00000000
core   0: 0x800099ac (0x03d12233) mulhsu  tp, sp, t4
core   0: 3 0x800099ac (0x03d12233) x4  0x096c5188
core   0: 0x800099b0 (0x05e3f063) bgeu    t2, t5, pc + 64
core   0: 3 0x800099b0 (0x05e3f063)
core   0: 0x800099b4 (0x0000717d) c.addi16sp sp, -16
core   0: 3 0x800099b4 (0x717d) x2  0x096c519b
core   0: 0x800099b6 (0x00000001) c.nop
core   0: 3 0x800099b6 (0x0001)
core   0: 0x800099b8 (0x004cd633) srl     a2, s9, tp
core   0: 3 0x800099b8 (0x004cd633) x12 0x00000000
core   0: 0x800099bc (0x02a40e63) beq     s0, a0, pc + 60
core   0: 3 0x800099bc (0x02a40e63)
core   0: 0x800099f8 (0x02d642b3) div     t0, a2, a3
core   0: 3 0x800099f8 (0x02d642b3) x5  0x00000000
core   0: 0x800099fc (0x0000717d) c.addi16sp sp, -16
core   0: 3 0x800099fc (0x717d) x2  0x096c518b
core   0: 0x800099fe (0x00f4dd13) srli    s10, s1, 15
core   0: 3 0x800099fe (0x00f4dd13) x26 0x00000000
core   0: 0x80009a02 (0xee967e93) andi    t4, a2, -279
core   0: 3 0x80009a02 (0xee967e93) x29 0x00000000
core   0: 0x80009a06 (0xa34d8293) addi    t0, s11, -1484
core   0: 3 0x80009a06 (0xa34d8293) x5  0x000eb228
core   0: 0x80009a0a (0x014e21b3) slt     gp, t3, s4
core   0: 3 0x80009a0a (0x014e21b3) x3  0x00000001
core   0: 0x80009a0e (0xe52d0e93) addi    t4, s10, -430
core   0: 3 0x80009a0e (0xe52d0e93) x29 0xfffffe52
core   0: 0x80009a12 (0x02e211b3) mulh    gp, tp, a4
core   0: 3 0x80009a12 (0x02e211b3) x3  0x0058cbb1
core   0: 0x80009a16 (0x000082a9) c.srli  a3, 10
core   0: 3 0x80009a16 (0x82a9) x13 0x003b072e
core   0: 0x80009a18 (0x00785d33) srl     s10, a6, t2
core   0: 3 0x80009a18 (0x00785d33) x26 0x005b4bc1
core   0: 0x80009a1c (0x00008209) c.srli  a2, 2
core   0: 3 0x80009a1c (0x8209) x12 0x00000000
core   0: 0x80009a1e (0x77153413) sltiu   s0, a0, 1905
core   0: 3 0x80009a1e (0x77153413) x8  0x00000001
core   0: 0x80009a22 (0x00000001) c.nop
core   0: 3 0x80009a22 (0x0001)
core   0: 0x80009a24 (0x00008c69) c.and   s0, a0
core   0: 3 0x80009a24 (0x8c69) x8  0x00000000
core   0: 0x80009a26 (0x0307f6b3) remu    a3, a5, a6
core   0: 3 0x80009a26 (0x0307f6b3) x13 0x49687a3e
core   0: 0x80009a2a (0x00008226) c.mv    tp, s1
core   0: 3 0x80009a2a (0x8226) x4  0x00000000
core   0: 0x80009a2c (0x00d47fb3) and     t6, s0, a3
core   0: 3 0x80009a2c (0x00d47fb3) x31 0x00000000
core   0: 0x80009a30 (0x0088d133) srl     sp, a7, s0
core   0: 3 0x80009a30 (0x0088d133) x2  0x092440a3
core   0: 0x80009a34 (0x00005cfd) c.li    s9, -1
core   0: 3 0x80009a34 (0x5cfd) x25 0xffffffff
core   0: 0x80009a36 (0x00eea7b3) slt     a5, t4, a4
core   0: 3 0x80009a36 (0x00eea7b3) x15 0x00000001
core   0: 0x80009a3a (0x41ac5db3) sra     s11, s8, s10
core   0: 3 0x80009a3a (0x41ac5db3) x27 0x00000000
core   0: 0x80009a3e (0x0231dd33) divu    s10, gp, gp
core   0: 3 0x80009a3e (0x0231dd33) x26 0x00000001
core   0: 0x80009a42 (0x005f6963) bltu    t5, t0, pc + 18
core   0: 3 0x80009a42 (0x005f6963)
core   0: 0x80009a46 (0x55e1c913) xori    s2, gp, 1374
core   0: 3 0x80009a46 (0x55e1c913) x18 0x0058ceef
core   0: 0x80009a4a (0x01e73fb3) sltu    t6, a4, t5
core   0: 3 0x80009a4a (0x01e73fb3) x31 0x00000001
core   0: 0x80009a4e (0x004a4933) xor     s2, s4, tp
core   0: 3 0x80009a4e (0x004a4933) x18 0x00000554
core   0: 0x80009a52 (0x00006b29) c.lui   s6, 0xa
core   0: 3 0x80009a52 (0x6b29) x22 0x0000a000
core   0: 0x80009a54 (0x00000001) c.nop
core   0: 3 0x80009a54 (0x0001)
core   0: 0x80009a56 (0x31977b93) andi    s7, a4, 793
core   0: 3 0x80009a56 (0x31977b93) x23 0x00000108
core   0: 0x80009a5a (0x2da6b197) auipc   gp, 0x2da6b
core   0: 3 0x80009a5a (0x2da6b197) x3  0xada74a5a
core   0: 0x80009a5e (0x00000001) c.nop
core   0: 3 0x80009a5e (0x0001)
core   0: 0x80009a60 (0x024e1f63) bne     t3, tp, pc + 62
core   0: 3 0x80009a60 (0x024e1f63)
core   0: 0x80009a64 (0x56cf0f93) addi    t6, t5, 1388
core   0: 3 0x80009a64 (0x56cf0f93) x31 0x800263a0
core   0: 0x80009a68 (0x0d9c7893) andi    a7, s8, 217
core   0: 3 0x80009a68 (0x0d9c7893) x17 0x00000000
core   0: 0x80009a6c (0xa456c193) xori    gp, a3, -1467
core   0: 3 0x80009a6c (0xa456c193) x3  0xb697807b
core   0: 0x80009a70 (0x02664d33) div     s10, a2, t1
core   0: 3 0x80009a70 (0x02664d33) x26 0xffffffff
core   0: 0x80009a74 (0x0014db63) bge     s1, ra, pc + 22
core   0: 3 0x80009a74 (0x0014db63)
core   0: 0x80009a8a (0x00efefb3) or      t6, t6, a4
core   0: 3 0x80009a8a (0x00efefb3) x31 0x896e77aa
core   0: 0x80009a8e (0x00000001) c.nop
core   0: 3 0x80009a8e (0x0001)
core   0: 0x80009a90 (0x025a6b63) bltu    s4, t0, pc + 54
core   0: 3 0x80009a90 (0x025a6b63)
core   0: 0x80009ac6 (0x01048c63) beq     s1, a6, pc + 24
core   0: 3 0x80009ac6 (0x01048c63)
core   0: 0x80009aca (0x0000997d) c.andi  a0, -1
core   0: 3 0x80009aca (0x997d) x10 0x00000000
core   0: 0x80009acc (0x00008ca5) c.xor   s1, s1
core   0: 3 0x80009acc (0x8ca5) x9  0x00000000
core   0: 0x80009ace (0x0000865a) c.mv    a2, s6
core   0: 3 0x80009ace (0x865a) x12 0x0000a000
core   0: 0x80009ad0 (0x020b2d33) mulhsu  s10, s6, zero
core   0: 3 0x80009ad0 (0x020b2d33) x26 0x00000000
core   0: 0x80009ad4 (0x00008bba) c.mv    s7, a4
core   0: 3 0x80009ad4 (0x8bba) x23 0x096c550a
core   0: 0x80009ad6 (0x00006d19) c.lui   s10, 0x6
core   0: 3 0x80009ad6 (0x6d19) x26 0x00006000
core   0: 0x80009ad8 (0xc3137e93) andi    t4, t1, -975
core   0: 3 0x80009ad8 (0xc3137e93) x29 0x00000000
core   0: 0x80009adc (0x000080b1) c.srli  s1, 12
core   0: 3 0x80009adc (0x80b1) x9  0x00000000
core   0: 0x80009ade (0x03330763) beq     t1, s3, pc + 46
core   0: 3 0x80009ade (0x03330763)
core   0: 0x80009ae2 (0x00000310) c.addi4spn a2, sp, 384
core   0: 3 0x80009ae2 (0x0310) x12 0x09244223
core   0: 0x80009ae4 (0x00006361) c.lui   t1, 0x18
core   0: 3 0x80009ae4 (0x6361) x6  0x00018000
core   0: 0x80009ae6 (0x012c9e33) sll     t3, s9, s2
core   0: 3 0x80009ae6 (0x012c9e33) x28 0xfff00000
core   0: 0x80009aea (0x0000ed85) c.bnez  a1, pc + 56
core   0: 3 0x80009aea (0xed85)
core   0: 0x80009b22 (0x034d70b3) remu    ra, s10, s4
core   0: 3 0x80009b22 (0x034d70b3) x1  0x00000018
core   0: 0x80009b26 (0x00001dfd) c.addi  s11, -1
core   0: 3 0x80009b26 (0x1dfd) x27 0xffffffff
core   0: 0x80009b28 (0x4b84b697) auipc   a3, 0x4b84b
core   0: 3 0x80009b28 (0x4b84b697) x13 0xcb854b28
core   0: 0x80009b2c (0x000ed713) srli    a4, t4, 0
core   0: 3 0x80009b2c (0x000ed713) x14 0x00000000
core   0: 0x80009b30 (0x91728713) addi    a4, t0, -1769
core   0: 3 0x80009b30 (0x91728713) x14 0x000eab3f
core   0: 0x80009b34 (0x00005d7d) c.li    s10, -1
core   0: 3 0x80009b34 (0x5d7d) x26 0xffffffff
core   0: 0x80009b36 (0x82bdee93) ori     t4, s11, -2005
core   0: 3 0x80009b36 (0x82bdee93) x29 0xffffffff
core   0: 0x80009b3a (0x70476d93) ori     s11, a4, 1796
core   0: 3 0x80009b3a (0x70476d93) x27 0x000eaf3f
core   0: 0x80009b3e (0x02daa033) mulhsu  zero, s5, a3
core   0: 3 0x80009b3e (0x02daa033)
core   0: 0x80009b42 (0x00749733) sll     a4, s1, t2
core   0: 3 0x80009b42 (0x00749733) x14 0x00000000
core   0: 0x80009b46 (0x000082d1) c.srli  a3, 20
core   0: 3 0x80009b46 (0x82d1) x13 0x00000cb8
core   0: 0x80009b48 (0x893e0f93) addi    t6, t3, -1901
core   0: 3 0x80009b48 (0x893e0f93) x31 0xffeff893
core   0: 0x80009b4c (0x03ab7b63) bgeu    s6, s10, pc + 54
core   0: 3 0x80009b4c (0x03ab7b63)
core   0: 0x80009b50 (0x00008ef5) c.and   a3, a3
core   0: 3 0x80009b50 (0x8ef5) x13 0x00000cb8
core   0: 0x80009b52 (0x00000001) c.nop
core   0: 3 0x80009b52 (0x0001)
core   0: 0x80009b54 (0x00008c01) c.sub   s0, s0
core   0: 3 0x80009b54 (0x8c01) x8  0x00000000
core   0: 0x80009b56 (0x00009cd6) c.add   s9, s5
core   0: 3 0x80009b56 (0x9cd6) x25 0x80029a15
core   0: 0x80009b58 (0x00774db3) xor     s11, a4, t2
core   0: 3 0x80009b58 (0x00774db3) x27 0x00000008
core   0: 0x80009b5c (0x03ceb033) mulhu   zero, t4, t3
core   0: 3 0x80009b5c (0x03ceb033)
core   0: 0x80009b60 (0x027b17b3) mulh    a5, s6, t2
core   0: 3 0x80009b60 (0x027b17b3) x15 0x00000000
core   0: 0x80009b64 (0x40afd913) srai    s2, t6, 10
core   0: 3 0x80009b64 (0x40afd913) x18 0xfffffbfe
core   0: 0x80009b68 (0x4029da93) srai    s5, s3, 2
core   0: 3 0x80009b68 (0x4029da93) x21 0xe000a749
core   0: 0x80009b6c (0x0147d0b3) srl     ra, a5, s4
core   0: 3 0x80009b6c (0x0147d0b3) x1  0x00000000
core   0: 0x80009b70 (0x0199c563) blt     s3, s9, pc + 10
core   0: 3 0x80009b70 (0x0199c563)
core   0: 0x80009b74 (0x00008cd9) c.or    s1, a4
core   0: 3 0x80009b74 (0x8cd9) x9  0x00000000
core   0: 0x80009b76 (0x28e17917) auipc   s2, 0x28e17
core   0: 3 0x80009b76 (0x28e17917) x18 0xa8e20b76
core   0: 0x80009b7a (0x40285893) srai    a7, a6, 2
core   0: 3 0x80009b7a (0x40285893) x17 0x16d2f071
core   0: 0x80009b7e (0x0000717d) c.addi16sp sp, -16
core   0: 3 0x80009b7e (0x717d) x2  0x09244093
core   0: 0x80009b80 (0x0000cf89) c.beqz  a5, pc + 26
core   0: 3 0x80009b80 (0xcf89)
core   0: 0x80009b9a (0x00cea2b3) slt     t0, t4, a2
core   0: 3 0x80009b9a (0x00cea2b3) x5  0x00000001
core   0: 0x80009b9e (0x00008c99) c.sub   s1, a4
core   0: 3 0x80009b9e (0x8c99) x9  0x00000000
core   0: 0x80009ba0 (0x01e09263) bne     ra, t5, pc + 4
core   0: 3 0x80009ba0 (0x01e09263)
core   0: 0x80009ba4 (0x00005efd) c.li    t4, -1
core   0: 3 0x80009ba4 (0x5efd) x29 0xffffffff
core   0: 0x80009ba6 (0x0144c233) xor     tp, s1, s4
core   0: 3 0x80009ba6 (0x0144c233) x4  0x00000554
core   0: 0x80009baa (0x027b7633) remu    a2, s6, t2
core   0: 3 0x80009baa (0x027b7633) x12 0x00000000
core   0: 0x80009bae (0x018675b3) and     a1, a2, s8
core   0: 3 0x80009bae (0x018675b3) x11 0x00000000
core   0: 0x80009bb2 (0x0117ba33) sltu    s4, a5, a7
core   0: 3 0x80009bb2 (0x0117ba33) x20 0x00000001
core   0: 0x80009bb6 (0x0000e015) c.bnez  s0, pc + 36
core   0: 3 0x80009bb6 (0xe015)
core   0: 0x80009bb8 (0x00000e7e) c.slli  t3, 31
core   0: 3 0x80009bb8 (0x0e7e) x28 0x00000000
core   0: 0x80009bba (0x02e3d663) bge     t2, a4, pc + 44
core   0: 3 0x80009bba (0x02e3d663)
core   0: 0x80009be6 (0x05310363) beq     sp, s3, pc + 70
core   0: 3 0x80009be6 (0x05310363)
core   0: 0x80009bea (0x00008dc1) c.or    a1, s0
core   0: 3 0x80009bea (0x8dc1) x11 0x00000000
core   0: 0x80009bec (0x02e5c1b3) div     gp, a1, a4
core   0: 3 0x80009bec (0x02e5c1b3) x3  0xffffffff
core   0: 0x80009bf0 (0x5ae22413) slti    s0, tp, 1454
core   0: 3 0x80009bf0 (0x5ae22413) x8  0x00000001
core   0: 0x80009bf4 (0x9cd62b13) slti    s6, a2, -1587
core   0: 3 0x80009bf4 (0x9cd62b13) x22 0x00000000
core   0: 0x80009bf8 (0x01fd4bb3) xor     s7, s10, t6
core   0: 3 0x80009bf8 (0x01fd4bb3) x23 0x0010076c
core   0: 0x80009bfc (0x0136db33) srl     s6, a3, s3
core   0: 3 0x80009bfc (0x0136db33) x22 0x000000cb
core   0: 0x80009c00 (0x372aa913) slti    s2, s5, 882
core   0: 3 0x80009c00 (0x372aa913) x18 0x00000001
core   0: 0x80009c04 (0x00006935) c.lui   s2, 0xd
core   0: 3 0x80009c04 (0x6935) x18 0x0000d000
core   0: 0x80009c06 (0x012aeb33) or      s6, s5, s2
core   0: 3 0x80009c06 (0x012aeb33) x22 0xe000f749
core   0: 0x80009c0a (0x01f39eb3) sll     t4, t2, t6
core   0: 3 0x80009c0a (0x01f39eb3) x29 0x00400000
core   0: 0x80009c0e (0x00006ee1) c.lui   t4, 0x18
core   0: 3 0x80009c0e (0x6ee1) x29 0x00018000
core   0: 0x80009c10 (0x5f707a93) andi    s5, zero, 1527
core   0: 3 0x80009c10 (0x5f707a93) x21 0x00000000
core   0: 0x80009c14 (0x03388b33) mul     s6, a7, s3
core   0: 3 0x80009c14 (0x03388b33) x22 0xf4011ce4
core   0: 0x80009c18 (0x036e94b3) mulh    s1, t4, s6
core   0: 3 0x80009c18 (0x036e94b3) x9  0xffffee01
core   0: 0x80009c1c (0x035def63) bltu    s11, s5, pc + 62
core   0: 3 0x80009c1c (0x035def63)
core   0: 0x80009c20 (0xcf9aa493) slti    s1, s5, -775
core   0: 3 0x80009c20 (0xcf9aa493) x9  0x00000000
core   0: 0x80009c24 (0x01b9ef63) bltu    s3, s11, pc + 30
core   0: 3 0x80009c24 (0x01b9ef63)
core   0: 0x80009c28 (0x0272c233) div     tp, t0, t2
core   0: 3 0x80009c28 (0x0272c233) x4  0x00000000
core   0: 0x80009c2c (0x00001090) c.addi4spn a2, sp, 96
core   0: 3 0x80009c2c (0x1090) x12 0x092440f3
core   0: 0x80009c2e (0xc65be593) ori     a1, s7, -923
core   0: 3 0x80009c2e (0xc65be593) x11 0xffffff6d
core   0: 0x80009c32 (0x00e596b3) sll     a3, a1, a4
core   0: 3 0x80009c32 (0x00e596b3) x13 0xffffff6d
core   0: 0x80009c36 (0x00008fc5) c.or    a5, s1
core   0: 3 0x80009c36 (0x8fc5) x15 0x00000000
core   0: 0x80009c38 (0x00008639) c.srai  a2, 14
core   0: 3 0x80009c38 (0x8639) x12 0x00002491
core   0: 0x80009c3a (0x00000e15) c.addi  t3, 5
core   0: 3 0x80009c3a (0x0e15) x28 0x00000005
core   0: 0x80009c3c (0x35d1ec13) ori     s8, gp, 861
core   0: 3 0x80009c3c (0x35d1ec13) x24 0xffffffff
core   0: 0x80009c40 (0x00000a06) c.slli  s4, 1
core   0: 3 0x80009c40 (0x0a06) x20 0x00000002
core   0: 0x80009c42 (0x035aa933) mulhsu  s2, s5, s5
core   0: 3 0x80009c42 (0x035aa933) x18 0x00000000
core   0: 0x80009c46 (0x00000001) c.nop
core   0: 3 0x80009c46 (0x0001)
core   0: 0x80009c48 (0x00031863) bnez    t1, pc + 16
core   0: 3 0x80009c48 (0x00031863)
core   0: 0x80009c58 (0x00006d11) c.lui   s10, 0x4
core   0: 3 0x80009c58 (0x6d11) x26 0x00004000
core   0: 0x80009c5a (0xd27b2cb7) lui     s9, 0xd27b2
core   0: 3 0x80009c5a (0xd27b2cb7) x25 0xd27b2000
core   0: 0x80009c5e (0x0282ca33) div     s4, t0, s0
core   0: 3 0x80009c5e (0x0282ca33) x20 0x00000001
core   0: 0x80009c62 (0x0253b433) mulhu   s0, t2, t0
core   0: 3 0x80009c62 (0x0253b433) x8  0x00000000
core   0: 0x80009c66 (0x01b065b3) or      a1, zero, s11
core   0: 3 0x80009c66 (0x01b065b3) x11 0x00000008
core   0: 0x80009c6a (0x0324a7b3) mulhsu  a5, s1, s2
core   0: 3 0x80009c6a (0x0324a7b3) x15 0x00000000
core   0: 0x80009c6e (0x009178b3) and     a7, sp, s1
core   0: 3 0x80009c6e (0x009178b3) x17 0x00000000
core   0: 0x80009c72 (0x00008de9) c.and   a1, a0
core   0: 3 0x80009c72 (0x8de9) x11 0x00000000
core   0: 0x80009c74 (0x00006149) c.addi16sp sp, 144
core   0: 3 0x80009c74 (0x6149) x2  0x09244123
core   0: 0x80009c76 (0x00008de9) c.and   a1, a0
core   0: 3 0x80009c76 (0x8de9) x11 0x00000000
core   0: 0x80009c78 (0x4080dd93) srai    s11, ra, 8
core   0: 3 0x80009c78 (0x4080dd93) x27 0x00000000
core   0: 0x80009c7c (0x00eec7b3) xor     a5, t4, a4
core   0: 3 0x80009c7c (0x00eec7b3) x15 0x00018000
core   0: 0x80009c80 (0x03541663) bne     s0, s5, pc + 44
core   0: 3 0x80009c80 (0x03541663)
core   0: 0x80009c84 (0xf2b50893) addi    a7, a0, -213
core   0: 3 0x80009c84 (0xf2b50893) x17 0xffffff2b
core   0: 0x80009c88 (0xde20c793) xori    a5, ra, -542
core   0: 3 0x80009c88 (0xde20c793) x15 0xfffffde2
core   0: 0x80009c8c (0xe4d68917) auipc   s2, 0xe4d68
core   0: 3 0x80009c8c (0xe4d68917) x18 0x64d71c8c
core   0: 0x80009c90 (0x02204a63) blt     zero, sp, pc + 52
core   0: 3 0x80009c90 (0x02204a63)
core   0: 0x80009cc4 (0x014187b3) add     a5, gp, s4
core   0: 3 0x80009cc4 (0x014187b3) x15 0x00000000
core   0: 0x80009cc8 (0x00006909) c.lui   s2, 0x2
core   0: 3 0x80009cc8 (0x6909) x18 0x00002000
core   0: 0x80009cca (0x00008499) c.srai  s1, 6
core   0: 3 0x80009cca (0x8499) x9  0x00000000
core   0: 0x80009ccc (0x0000717d) c.addi16sp sp, -16
core   0: 3 0x80009ccc (0x717d) x2  0x09244113
core   0: 0x80009cce (0xd09aee13) ori     t3, s5, -759
core   0: 3 0x80009cce (0xd09aee13) x28 0xfffffd09
core   0: 0x80009cd2 (0x0108ebb3) or      s7, a7, a6
core   0: 3 0x80009cd2 (0x0108ebb3) x23 0xffffffef
core   0: 0x80009cd6 (0x00d65a33) srl     s4, a2, a3
core   0: 3 0x80009cd6 (0x00d65a33) x20 0x00000001
core   0: 0x80009cda (0xc1523db7) lui     s11, 0xc1523
core   0: 3 0x80009cda (0xc1523db7) x27 0xc1523000
core   0: 0x80009cde (0xd9448493) addi    s1, s1, -620
core   0: 3 0x80009cde (0xd9448493) x9  0xfffffd94
core   0: 0x80009ce2 (0x00008766) c.mv    a4, s9
core   0: 3 0x80009ce2 (0x8766) x14 0xd27b2000
core   0: 0x80009ce4 (0x001066b3) or      a3, zero, ra
core   0: 3 0x80009ce4 (0x001066b3) x13 0x00000000
core   0: 0x80009ce8 (0x90cb8193) addi    gp, s7, -1780
core   0: 3 0x80009ce8 (0x90cb8193) x3  0xfffff8fb
core   0: 0x80009cec (0x00008f31) c.xor   a4, a2
core   0: 3 0x80009cec (0x8f31) x14 0xd27b0491
core   0: 0x80009cee (0x02249633) mulh    a2, s1, sp
core   0: 3 0x80009cee (0x02249633) x12 0xffffffe9
core   0: 0x80009cf2 (0x00630f63) beq     t1, t1, pc + 30
core   0: 3 0x80009cf2 (0x00630f63)
core   0: 0x80009d10 (0x02851263) bne     a0, s0, pc + 36
core   0: 3 0x80009d10 (0x02851263)
core   0: 0x80009d14 (0x00008ee1) c.and   a3, s0
core   0: 3 0x80009d14 (0x8ee1) x13 0x00000000
core   0: 0x80009d16 (0x03f7eb63) bltu    a5, t6, pc + 54
core   0: 3 0x80009d16 (0x03f7eb63)
core   0: 0x80009d4c (0x01cfb5b3) sltu    a1, t6, t3
core   0: 3 0x80009d4c (0x01cfb5b3) x11 0x00000001
core   0: 0x80009d50 (0x00029d93) slli    s11, t0, 0
core   0: 3 0x80009d50 (0x00029d93) x27 0x00000001
core   0: 0x80009d54 (0x01ad1563) bne     s10, s10, pc + 10
core   0: 3 0x80009d54 (0x01ad1563)
core   0: 0x80009d58 (0x0000c80d) c.beqz  s0, pc + 50
core   0: 3 0x80009d58 (0xc80d)
core   0: 0x80009d8a (0x01dd98b3) sll     a7, s11, t4
core   0: 3 0x80009d8a (0x01dd98b3) x17 0x00000001
core   0: 0x80009d8e (0x9aee3337) lui     t1, 0x9aee3
core   0: 3 0x80009d8e (0x9aee3337) x6  0x9aee3000
core   0: 0x80009d92 (0x923b3113) sltiu   sp, s6, -1757
core   0: 3 0x80009d92 (0x923b3113) x2  0x00000001
core   0: 0x80009d96 (0x00ced663) bge     t4, a2, pc + 12
core   0: 3 0x80009d96 (0x00ced663)
core   0: 0x80009da2 (0x10e1e093) ori     ra, gp, 270
core   0: 3 0x80009da2 (0x10e1e093) x1  0xfffff9ff
core   0: 0x80009da6 (0xbb4bab93) slti    s7, s7, -1100
core   0: 3 0x80009da6 (0xbb4bab93) x23 0x00000000
core   0: 0x80009daa (0x0349bd33) mulhu   s10, s3, s4
core   0: 3 0x80009daa (0x0349bd33) x26 0x00000000
core   0: 0x80009dae (0x41b655b3) sra     a1, a2, s11
core   0: 3 0x80009dae (0x41b655b3) x11 0xfffffff4
core   0: 0x80009db2 (0x0000987d) c.andi  s0, -1
core   0: 3 0x80009db2 (0x987d) x8  0x00000000
core   0: 0x80009db4 (0xdc972913) slti    s2, a4, -567
core   0: 3 0x80009db4 (0xdc972913) x18 0x00000001
core   0: 0x80009db8 (0x01a05a33) srl     s4, zero, s10
core   0: 3 0x80009db8 (0x01a05a33) x20 0x00000000
core   0: 0x80009dbc (0x40c85893) srai    a7, a6, 12
core   0: 3 0x80009dbc (0x40c85893) x17 0x0005b4bc
core   0: 0x80009dc0 (0x3a172d93) slti    s11, a4, 929
core   0: 3 0x80009dc0 (0x3a172d93) x27 0x00000001
core   0: 0x80009dc4 (0x032291b3) mulh    gp, t0, s2
core   0: 3 0x80009dc4 (0x032291b3) x3  0x00000000
core   0: 0x80009dc8 (0x01f81193) slli    gp, a6, 31
core   0: 3 0x80009dc8 (0x01f81193) x3  0x00000000
core   0: 0x80009dcc (0x00000001) c.nop
core   0: 3 0x80009dcc (0x0001)
core   0: 0x80009dce (0x015093b3) sll     t2, ra, s5
core   0: 3 0x80009dce (0x015093b3) x7  0xfffff9ff
core   0: 0x80009dd2 (0x000096a6) c.add   a3, s1
core   0: 3 0x80009dd2 (0x96a6) x13 0xfffffd94
core   0: 0x80009dd4 (0x34e49fb7) lui     t6, 0x34e49
core   0: 3 0x80009dd4 (0x34e49fb7) x31 0x34e49000
core   0: 0x80009dd8 (0x7a26ed93) ori     s11, a3, 1954
core   0: 3 0x80009dd8 (0x7a26ed93) x27 0xffffffb6
core   0: 0x80009ddc (0x40c402b3) sub     t0, s0, a2
core   0: 3 0x80009ddc (0x40c402b3) x5  0x00000017
core   0: 0x80009de0 (0x000001d5) c.addi  gp, 21
core   0: 3 0x80009de0 (0x01d5) x3  0x00000015
core   0: 0x80009de2 (0x00008fd5) c.or    a5, a3
core   0: 3 0x80009de2 (0x8fd5) x15 0xfffffd94
core   0: 0x80009de4 (0x0000cc59) c.beqz  s0, pc + 158
core   0: 3 0x80009de4 (0xcc59)
core   0: 0x80009e82 (0x031e9d63) bne     t4, a7, pc + 58
core   0: 3 0x80009e82 (0x031e9d63)
core   0: 0x80009ebc (0x03fc53b3) divu    t2, s8, t6
core   0: 3 0x80009ebc (0x03fc53b3) x7  0x00000004
core   0: 0x80009ec0 (0x03c9b1b3) mulhu   gp, s3, t3
core   0: 3 0x80009ec0 (0x03c9b1b3) x3  0x80029ba8
core   0: 0x80009ec4 (0x00000001) c.nop
core   0: 3 0x80009ec4 (0x0001)
core   0: 0x80009ec6 (0x00be1193) slli    gp, t3, 11
core   0: 3 0x80009ec6 (0x00be1193) x3  0xffe84800
core   0: 0x80009eca (0x039867b3) rem     a5, a6, s9
core   0: 3 0x80009eca (0x039867b3) x15 0x004201c6
core   0: 0x80009ece (0x0000ca09) c.beqz  a2, pc + 18
core   0: 3 0x80009ece (0xca09)
core   0: 0x80009ed0 (0x00000b32) c.slli  s6, 12
core   0: 3 0x80009ed0 (0x0b32) x22 0x11ce4000
core   0: 0x80009ed2 (0x038848b3) div     a7, a6, s8
core   0: 3 0x80009ed2 (0x038848b3) x17 0xa4b43e3a
core   0: 0x80009ed6 (0x039dac33) mulhsu  s8, s11, s9
core   0: 3 0x80009ed6 (0x039dac33) x24 0xffffffc3
core   0: 0x80009eda (0x0054ea33) or      s4, s1, t0
core   0: 3 0x80009eda (0x0054ea33) x20 0xfffffd97
core   0: 0x80009ede (0x0000ee05) c.bnez  a2, pc + 56
core   0: 3 0x80009ede (0xee05)
core   0: 0x80009f16 (0x77ca4593) xori    a1, s4, 1916
core   0: 3 0x80009f16 (0x77ca4593) x11 0xfffffaeb
core   0: 0x80009f1a (0x01d01e63) bne     zero, t4, pc + 28
core   0: 3 0x80009f1a (0x01d01e63)
core   0: 0x80009f36 (0xc85c1737) lui     a4, 0xc85c1
core   0: 3 0x80009f36 (0xc85c1737) x14 0xc85c1000
core   0: 0x80009f3a (0x016dd963) bge     s11, s6, pc + 18
core   0: 3 0x80009f3a (0x016dd963)
core   0: 0x80009f3e (0x6c2fc513) xori    a0, t6, 1730
core   0: 3 0x80009f3e (0x6c2fc513) x10 0x34e496c2
core   0: 0x80009f42 (0xf8f86a13) ori     s4, a6, -113
core   0: 3 0x80009f42 (0xf8f86a13) x20 0xffffffcf
core   0: 0x80009f46 (0x00000001) c.nop
core   0: 3 0x80009f46 (0x0001)
core   0: 0x80009f48 (0x04fef063) bgeu    t4, a5, pc + 64
core   0: 3 0x80009f48 (0x04fef063)
core   0: 0x80009f4c (0x4172d693) srai    a3, t0, 23
core   0: 3 0x80009f4c (0x4172d693) x13 0x00000000
core   0: 0x80009f50 (0x00006219) c.lui   tp, 0x6
core   0: 3 0x80009f50 (0x6219) x4  0x00006000
core   0: 0x80009f52 (0x00008cb9) c.xor   s1, a4
core   0: 3 0x80009f52 (0x8cb9) x9  0x37a3ed94
core   0: 0x80009f54 (0x01831593) slli    a1, t1, 24
core   0: 3 0x80009f54 (0x01831593) x11 0x00000000
core   0: 0x80009f58 (0x3046f893) andi    a7, a3, 772
core   0: 3 0x80009f58 (0x3046f893) x17 0x00000000
core   0: 0x80009f5c (0x00e69893) slli    a7, a3, 14
core   0: 3 0x80009f5c (0x00e69893) x17 0x00000000
core   0: 0x80009f60 (0x000091c6) c.add   gp, a7
core   0: 3 0x80009f60 (0x91c6) x3  0xffe84800
core   0: 0x80009f62 (0x0310a8b3) mulhsu  a7, ra, a7
core   0: 3 0x80009f62 (0x0310a8b3) x17 0x00000000
core   0: 0x80009f66 (0x408dd933) sra     s2, s11, s0
core   0: 3 0x80009f66 (0x408dd933) x18 0xffffffb6
core   0: 0x80009f6a (0x01a4abb3) slt     s7, s1, s10
core   0: 3 0x80009f6a (0x01a4abb3) x23 0x00000000
core   0: 0x80009f6e (0x00008e79) c.and   a2, a4
core   0: 3 0x80009f6e (0x8e79) x12 0xc85c1000
core   0: 0x80009f70 (0x031ad6b3) divu    a3, s5, a7
core   0: 3 0x80009f70 (0x031ad6b3) x13 0xffffffff
core   0: 0x80009f74 (0x005d2233) slt     tp, s10, t0
core   0: 3 0x80009f74 (0x005d2233) x4  0x00000001
core   0: 0x80009f78 (0x41a0ca13) xori    s4, ra, 1050
core   0: 3 0x80009f78 (0x41a0ca13) x20 0xfffffde5
core   0: 0x80009f7c (0x01f26e33) or      t3, tp, t6
core   0: 3 0x80009f7c (0x01f26e33) x28 0x34e49001
core   0: 0x80009f80 (0x01355033) srl     zero, a0, s3
core   0: 3 0x80009f80 (0x01355033)
core   0: 0x80009f84 (0x40cfd7b3) sra     a5, t6, a2
core   0: 3 0x80009f84 (0x40cfd7b3) x15 0x34e49000
core   0: 0x80009f88 (0x401bdf93) srai    t6, s7, 1
core   0: 3 0x80009f88 (0x401bdf93) x31 0x00000000
core   0: 0x80009f8c (0x02f1e8b3) rem     a7, gp, a5
core   0: 3 0x80009f8c (0x02f1e8b3) x17 0xffe84800
core   0: 0x80009f90 (0x0156e563) bltu    a3, s5, pc + 10
core   0: 3 0x80009f90 (0x0156e563)
core   0: 0x80009f94 (0x00008fa1) c.xor   a5, s0
core   0: 3 0x80009f94 (0x8fa1) x15 0x34e49000
core   0: 0x80009f96 (0x02a40a33) mul     s4, s0, a0
core   0: 3 0x80009f96 (0x02a40a33) x20 0x00000000
core   0: 0x80009f9a (0x41fad413) srai    s0, s5, 31
core   0: 3 0x80009f9a (0x41fad413) x8  0x00000000
core   0: 0x80009f9e (0x40445893) srai    a7, s0, 4
core   0: 3 0x80009f9e (0x40445893) x17 0x00000000
core   0: 0x80009fa2 (0x004f2303) lw      t1, 4(t5)
core   0: 3 0x80009fa2 (0x004f2303) x6  0x8000a19e mem 0x80025e38
core   0: 0x80009fa6 (0x414e0033) sub     zero, t3, s4
core   0: 3 0x80009fa6 (0x414e0033)
core   0: 0x80009faa (0x028f0f13) addi    t5, t5, 40
core   0: 3 0x80009faa (0x028f0f13) x30 0x80025e5c
core   0: 0x80009fae (0x8a687513) andi    a0, a6, -1882
core   0: 3 0x80009fae (0x8a687513) x10 0x5b4bc086
core   0: 0x80009fb2 (0x00001cfd) c.addi  s9, -1
core   0: 3 0x80009fb2 (0x1cfd) x25 0xd27b1fff
core   0: 0x80009fb4 (0x00130293) addi    t0, t1, 1
core   0: 3 0x80009fb4 (0x00130293) x5  0x8000a19f
core   0: 0x80009fb8 (0x00009282) c.jalr  t0
core   0: 3 0x80009fb8 (0x9282) x1  0x80009fba
core   0: 0x8000a19e (0x016efa33) and     s4, t4, s6
core   0: 3 0x8000a19e (0x016efa33) x20 0x00000000
core   0: 0x8000a1a2 (0x016e1313) slli    t1, t3, 22
core   0: 3 0x8000a1a2 (0x016e1313) x6  0x00400000
core   0: 0x8000a1a6 (0x006a7db3) and     s11, s4, t1
core   0: 3 0x8000a1a6 (0x006a7db3) x27 0x00000000
core   0: 0x8000a1aa (0xe35c5c17) auipc   s8, 0xe35c5
core   0: 3 0x8000a1aa (0xe35c5c17) x24 0x635cf1aa
core   0: 0x8000a1ae (0x028c6663) bltu    s8, s0, pc + 44
core   0: 3 0x8000a1ae (0x028c6663)
core   0: 0x8000a1b2 (0x8d258613) addi    a2, a1, -1838
core   0: 3 0x8000a1b2 (0x8d258613) x12 0xfffff8d2
core   0: 0x8000a1b6 (0x02ba61b3) rem     gp, s4, a1
core   0: 3 0x8000a1b6 (0x02ba61b3) x3  0x00000000
core   0: 0x8000a1ba (0x01035e93) srli    t4, t1, 16
core   0: 3 0x8000a1ba (0x01035e93) x29 0x00000040
core   0: 0x8000a1be (0xa2092313) slti    t1, s2, -1504
core   0: 3 0x8000a1be (0xa2092313) x6  0x00000000
core   0: 0x8000a1c2 (0x0000cb0d) c.beqz  a4, pc + 50
core   0: 3 0x8000a1c2 (0xcb0d)
core   0: 0x8000a1c4 (0x02bbf633) remu    a2, s7, a1
core   0: 3 0x8000a1c4 (0x02bbf633) x12 0x00000000
core   0: 0x8000a1c8 (0x00008839) c.andi  s0, 14
core   0: 3 0x8000a1c8 (0x8839) x8  0x00000000
core   0: 0x8000a1ca (0x00000c92) c.slli  s9, 4
core   0: 3 0x8000a1ca (0x0c92) x25 0x27b1fff0
core   0: 0x8000a1cc (0x01730d63) beq     t1, s7, pc + 26
core   0: 3 0x8000a1cc (0x01730d63)
core   0: 0x8000a1e6 (0x035313b3) mulh    t2, t1, s5
core   0: 3 0x8000a1e6 (0x035313b3) x7  0x00000000
core   0: 0x8000a1ea (0x33c60e17) auipc   t3, 0x33c60
core   0: 3 0x8000a1ea (0x33c60e17) x28 0xb3c6a1ea
core   0: 0x8000a1ee (0x0000ca05) c.beqz  a2, pc + 48
core   0: 3 0x8000a1ee (0xca05)
core   0: 0x8000a21e (0x0000cc8d) c.beqz  s1, pc + 58
core   0: 3 0x8000a21e (0xcc8d)
core   0: 0x8000a220 (0x00f65963) bge     a2, a5, pc + 18
core   0: 3 0x8000a220 (0x00f65963)
core   0: 0x8000a224 (0x00008eb1) c.xor   a3, a2
core   0: 3 0x8000a224 (0x8eb1) x13 0xffffffff
core   0: 0x8000a226 (0x0000717d) c.addi16sp sp, -16
core   0: 3 0x8000a226 (0x717d) x2  0xfffffff1
core   0: 0x8000a228 (0xcd54c113) xori    sp, s1, -811
core   0: 3 0x8000a228 (0xcd54c113) x2  0xc85c1141
core   0: 0x8000a22c (0x00008d79) c.and   a0, a4
core   0: 3 0x8000a22c (0x8d79) x10 0x48480000
core   0: 0x8000a22e (0x00375fb3) srl     t6, a4, gp
core   0: 3 0x8000a22e (0x00375fb3) x31 0xc85c1000
core   0: 0x8000a232 (0x0000857d) c.srai  a0, 31
core   0: 3 0x8000a232 (0x857d) x10 0x00000000
core   0: 0x8000a234 (0x00790863) beq     s2, t2, pc + 16
core   0: 3 0x8000a234 (0x00790863)
core   0: 0x8000a238 (0x0199d213) srli    tp, s3, 25
core   0: 3 0x8000a238 (0x0199d213) x4  0x00000040
core   0: 0x8000a23c (0x02eff3b3) remu    t2, t6, a4
core   0: 3 0x8000a23c (0x02eff3b3) x7  0x00000000
core   0: 0x8000a240 (0x01d51133) sll     sp, a0, t4
core   0: 3 0x8000a240 (0x01d51133) x2  0x00000000
core   0: 0x8000a244 (0x00001d7d) c.addi  s10, -1
core   0: 3 0x8000a244 (0x1d7d) x26 0xffffffff
core   0: 0x8000a246 (0x59d2b293) sltiu   t0, t0, 1437
core   0: 3 0x8000a246 (0x59d2b293) x5  0x00000000
core   0: 0x8000a24a (0x2018ce13) xori    t3, a7, 513
core   0: 3 0x8000a24a (0x2018ce13) x28 0x00000201
core   0: 0x8000a24e (0x001e1393) slli    t2, t3, 1
core   0: 3 0x8000a24e (0x001e1393) x7  0x00000402
core   0: 0x8000a252 (0x016c16b3) sll     a3, s8, s6
core   0: 3 0x8000a252 (0x016c16b3) x13 0x635cf1aa
core   0: 0x8000a256 (0x0000ee1d) c.bnez  a2, pc + 62
core   0: 3 0x8000a256 (0xee1d)
core   0: 0x8000a258 (0xd2d6ba93) sltiu   s5, a3, -723
core   0: 3 0x8000a258 (0xd2d6ba93) x21 0x00000001
core   0: 0x8000a25c (0x034078b3) remu    a7, zero, s4
core   0: 3 0x8000a25c (0x034078b3) x17 0x00000000
core   0: 0x8000a260 (0x03dfefb3) rem     t6, t6, t4
core   0: 3 0x8000a260 (0x03dfefb3) x31 0x00000000
core   0: 0x8000a264 (0x0000997d) c.andi  a0, -1
core   0: 3 0x8000a264 (0x997d) x10 0x00000000
core   0: 0x8000a266 (0x00009b7d) c.andi  a4, -1
core   0: 3 0x8000a266 (0x9b7d) x14 0xc85c1000
core   0: 0x8000a268 (0x00000001) c.nop
core   0: 3 0x8000a268 (0x0001)
core   0: 0x8000a26a (0x037133b3) mulhu   t2, sp, s7
core   0: 3 0x8000a26a (0x037133b3) x7  0x00000000
core   0: 0x8000a26e (0x01b90233) add     tp, s2, s11
core   0: 3 0x8000a26e (0x01b90233) x4  0xffffffb6
core   0: 0x8000a272 (0x1e4da013) slti    zero, s11, 484
core   0: 3 0x8000a272 (0x1e4da013)
core   0: 0x8000a276 (0x00555033) srl     zero, a0, t0
core   0: 3 0x8000a276 (0x00555033)
core   0: 0x8000a27a (0x02545eb3) divu    t4, s0, t0
core   0: 3 0x8000a27a (0x02545eb3) x29 0xffffffff
core   0: 0x8000a27e (0x01720933) add     s2, tp, s7
core   0: 3 0x8000a27e (0x01720933) x18 0xffffffb6
core   0: 0x8000a282 (0x00000001) c.nop
core   0: 3 0x8000a282 (0x0001)
core   0: 0x8000a284 (0x0000c89d) c.beqz  s1, pc + 54
core   0: 3 0x8000a284 (0xc89d)
core   0: 0x8000a286 (0x00006e2d) c.lui   t3, 0xb
core   0: 3 0x8000a286 (0x6e2d) x28 0x0000b000
core   0: 0x8000a288 (0x41b65e13) srai    t3, a2, 27
core   0: 3 0x8000a288 (0x41b65e13) x28 0x00000000
core   0: 0x8000a28c (0x018ada63) bge     s5, s8, pc + 20
core   0: 3 0x8000a28c (0x018ada63)
core   0: 0x8000a290 (0x02dd0933) mul     s2, s10, a3
core   0: 3 0x8000a290 (0x02dd0933) x18 0x9ca30e56
core   0: 0x8000a294 (0x032f1f63) bne     t5, s2, pc + 62
core   0: 3 0x8000a294 (0x032f1f63)
core   0: 0x8000a2d2 (0x9a4f8d13) addi    s10, t6, -1628
core   0: 3 0x8000a2d2 (0x9a4f8d13) x26 0xfffff9a4
core   0: 0x8000a2d6 (0x0282acb3) mulhsu  s9, t0, s0
core   0: 3 0x8000a2d6 (0x0282acb3) x25 0x00000000
core   0: 0x8000a2da (0x747d4713) xori    a4, s10, 1863
core   0: 3 0x8000a2da (0x747d4713) x14 0xfffffee3
core   0: 0x8000a2de (0x035753b3) divu    t2, a4, s5
core   0: 3 0x8000a2de (0x035753b3) x7  0xfffffee3
core   0: 0x8000a2e2 (0x00000085) c.addi  ra, 1
core   0: 3 0x8000a2e2 (0x0085) x1  0x80009fbb
core   0: 0x8000a2e4 (0x01e8d593) srli    a1, a7, 30
core   0: 3 0x8000a2e4 (0x01e8d593) x11 0x00000000
core   0: 0x8000a2e8 (0x0000147d) c.addi  s0, -1
core   0: 3 0x8000a2e8 (0x147d) x8  0xffffffff
core   0: 0x8000a2ea (0x00000e0c) c.addi4spn a1, sp, 784
core   0: 3 0x8000a2ea (0x0e0c) x11 0x00000310
core   0: 0x8000a2ec (0x00008515) c.srai  a0, 5
core   0: 3 0x8000a2ec (0x8515) x10 0x00000000
core   0: 0x8000a2ee (0x00008911) c.andi  a0, 4
core   0: 3 0x8000a2ee (0x8911) x10 0x00000000
core   0: 0x8000a2f0 (0xf4f64193) xori    gp, a2, -177
core   0: 3 0x8000a2f0 (0xf4f64193) x3  0xffffff4f
core   0: 0x8000a2f4 (0x00009c6e) c.add   s8, s11
core   0: 3 0x8000a2f4 (0x9c6e) x24 0x635cf1aa
core   0: 0x8000a2f6 (0x00001c7d) c.addi  s8, -1
core   0: 3 0x8000a2f6 (0x1c7d) x24 0x635cf1a9
core   0: 0x8000a2f8 (0x000ec263) bltz    t4, pc + 4
core   0: 3 0x8000a2f8 (0x000ec263)
core   0: 0x8000a2fc (0x000083cd) c.srli  a5, 19
core   0: 3 0x8000a2fc (0x83cd) x15 0x0000069c
core   0: 0x8000a2fe (0x41fdde13) srai    t3, s11, 31
core   0: 3 0x8000a2fe (0x41fdde13) x28 0x00000000
core   0: 0x8000a302 (0x02db5563) bge     s6, a3, pc + 42
core   0: 3 0x8000a302 (0x02db5563)
core   0: 0x8000a306 (0x20bd8713) addi    a4, s11, 523
core   0: 3 0x8000a306 (0x20bd8713) x14 0x0000020b
core   0: 0x8000a30a (0x02cadfb3) divu    t6, s5, a2
core   0: 3 0x8000a30a (0x02cadfb3) x31 0xffffffff
core   0: 0x8000a30e (0x9f9e3293) sltiu   t0, t3, -1543
core   0: 3 0x8000a30e (0x9f9e3293) x5  0x00000001
core   0: 0x8000a312 (0x03d24db3) div     s11, tp, t4
core   0: 3 0x8000a312 (0x03d24db3) x27 0x0000004a
core   0: 0x8000a316 (0x00006cc9) c.lui   s9, 0x12
core   0: 3 0x8000a316 (0x6cc9) x25 0x00012000
core   0: 0x8000a318 (0x02a065b3) rem     a1, zero, a0
core   0: 3 0x8000a318 (0x02a065b3) x11 0x00000000
core   0: 0x8000a31c (0x00805eb3) srl     t4, zero, s0
core   0: 3 0x8000a31c (0x00805eb3) x29 0x00000000
core   0: 0x8000a320 (0x995e7197) auipc   gp, 0x995e7
core   0: 3 0x8000a320 (0x995e7197) x3  0x195f1320
core   0: 0x8000a324 (0x00008cc1) c.or    s1, s0
core   0: 3 0x8000a324 (0x8cc1) x9  0xffffffff
core   0: 0x8000a326 (0x000018fd) c.addi  a7, -1
core   0: 3 0x8000a326 (0x18fd) x17 0xffffffff
core   0: 0x8000a328 (0x413781b3) sub     gp, a5, s3
core   0: 3 0x8000a328 (0x413781b3) x3  0x7ffd6978
core   0: 0x8000a32c (0x00e99c13) slli    s8, s3, 14
core   0: 3 0x8000a32c (0x00e99c13) x24 0xa7490000
core   0: 0x8000a330 (0x01580733) add     a4, a6, s5
core   0: 3 0x8000a330 (0x01580733) x14 0x5b4bc1c7
core   0: 0x8000a334 (0x96d94e13) xori    t3, s2, -1683
core   0: 3 0x8000a334 (0x96d94e13) x28 0x635cf73b
core   0: 0x8000a338 (0x00000001) c.nop
core   0: 3 0x8000a338 (0x0001)
core   0: 0x8000a33a (0x034598b3) mulh    a7, a1, s4
core   0: 3 0x8000a33a (0x034598b3) x17 0x00000000
core   0: 0x8000a33e (0x01b0cbb3) xor     s7, ra, s11
core   0: 3 0x8000a33e (0x01b0cbb3) x23 0x80009ff1
core   0: 0x8000a342 (0x68280b13) addi    s6, a6, 1666
core   0: 3 0x8000a342 (0x68280b13) x22 0x5b4bc848
core   0: 0x8000a346 (0x00001b7d) c.addi  s6, -1
core   0: 3 0x8000a346 (0x1b7d) x22 0x5b4bc847
core   0: 0x8000a348 (0x02e36733) rem     a4, t1, a4
core   0: 3 0x8000a348 (0x02e36733) x14 0x00000000
core   0: 0x8000a34c (0x0000922a) c.add   tp, a0
core   0: 3 0x8000a34c (0x922a) x4  0xffffffb6
core   0: 0x8000a34e (0x00008cf1) c.and   s1, a2
core   0: 3 0x8000a34e (0x8cf1) x9  0x00000000
core   0: 0x8000a350 (0xf240c093) xori    ra, ra, -220
core   0: 3 0x8000a350 (0xf240c093) x1  0x7fff609f
core   0: 0x8000a354 (0x01719493) slli    s1, gp, 23
core   0: 3 0x8000a354 (0x01719493) x9  0xbc000000
core   0: 0x8000a358 (0x00dfb8b3) sltu    a7, t6, a3
core   0: 3 0x8000a358 (0x00dfb8b3) x17 0x00000000
core   0: 0x8000a35c (0x00000888) c.addi4spn a0, sp, 80
core   0: 3 0x8000a35c (0x0888) x10 0x00000050
core   0: 0x8000a35e (0x4164de93) srai    t4, s1, 22
core   0: 3 0x8000a35e (0x4164de93) x29 0xfffffef0
core   0: 0x8000a362 (0x40165d13) srai    s10, a2, 1
core   0: 3 0x8000a362 (0x40165d13) x26 0x00000000
core   0: 0x8000a366 (0x00006f8d) c.lui   t6, 0x3
core   0: 3 0x8000a366 (0x6f8d) x31 0x00003000
core   0: 0x8000a368 (0x00008ae5) c.andi  a3, 25
core   0: 3 0x8000a368 (0x8ae5) x13 0x00000008
core   0: 0x8000a36a (0x02d3fd33) remu    s10, t2, a3
core   0: 3 0x8000a36a (0x02d3fd33) x26 0x00000003
core   0: 0x8000a36e (0x02878c33) mul     s8, a5, s0
core   0: 3 0x8000a36e (0x02878c33) x24 0xfffff964
core   0: 0x8000a372 (0x000044b9) c.li    s1, 14
core   0: 3 0x8000a372 (0x44b9) x9  0x0000000e
core   0: 0x8000a374 (0x0048c463) blt     a7, tp, pc + 8
core   0: 3 0x8000a374 (0x0048c463)
core   0: 0x8000a378 (0x028670b3) remu    ra, a2, s0
core   0: 3 0x8000a378 (0x028670b3) x1  0x00000000
core   0: 0x8000a37c (0xc12fd36f) jal     t1, pc - 0x2bee
core   0: 3 0x8000a37c (0xc12fd36f) x6  0x8000a380
core   0: 0x8000778e (0x00008d7e) c.mv    s10, t6
core   0: 3 0x8000778e (0x8d7e) x26 0x00003000
core   0: 0x80007790 (0x02872233) mulhsu  tp, a4, s0
core   0: 3 0x80007790 (0x02872233) x4  0x00000000
core   0: 0x80007794 (0x00000a04) c.addi4spn s1, sp, 272
core   0: 3 0x80007794 (0x0a04) x9  0x00000110
core   0: 0x80007796 (0x41570633) sub     a2, a4, s5
core   0: 3 0x80007796 (0x41570633) x12 0xffffffff
core   0: 0x8000779a (0xaeae7513) andi    a0, t3, -1302
core   0: 3 0x8000779a (0xaeae7513) x10 0x635cf22a
core   0: 0x8000779e (0x006778b3) and     a7, a4, t1
core   0: 3 0x8000779e (0x006778b3) x17 0x00000000
core   0: 0x800077a2 (0xfd8f0f13) addi    t5, t5, -40
core   0: 3 0x800077a2 (0xfd8f0f13) x30 0x80025e34
core   0: 0x800077a6 (0x41aa5233) sra     tp, s4, s10
core   0: 3 0x800077a6 (0x41aa5233) x4  0x00000000
core   0: 0x800077aa (0x006f2223) sw      t1, 4(t5)
core   0: 3 0x800077aa (0x006f2223) mem 0x80025e38 0x8000a380
core   0: 0x800077ae (0x0000966a) c.add   a2, s10
core   0: 3 0x800077ae (0x966a) x12 0x00002fff
core   0: 0x800077b0 (0x028de5b3) rem     a1, s11, s0
core   0: 3 0x800077b0 (0x028de5b3) x11 0x00000000
core   0: 0x800077b4 (0x9a00a897) auipc   a7, 0x9a00a
core   0: 3 0x800077b4 (0x9a00a897) x17 0x1a0117b4
core   0: 0x800077b8 (0x03bdec33) rem     s8, s11, s11
core   0: 3 0x800077b8 (0x03bdec33) x24 0x00000000
core   0: 0x800077bc (0xf1299717) auipc   a4, 0xf1299
core   0: 3 0x800077bc (0xf1299717) x14 0x712a07bc
core   0: 0x800077c0 (0x01f7fa33) and     s4, a5, t6
core   0: 3 0x800077c0 (0x01f7fa33) x20 0x00000000
core   0: 0x800077c4 (0x000067fd) c.lui   a5, 0x1f
core   0: 3 0x800077c4 (0x67fd) x15 0x0001f000
core   0: 0x800077c6 (0x02a98eb3) mul     t4, s3, a0
core   0: 3 0x800077c6 (0x02a98eb3) x29 0xdde9cfe8
core   0: 0x800077ca (0x7f00236f) jal     t1, pc + 0x27f0
core   0: 3 0x800077ca (0x7f00236f) x6  0x800077ce
core   0: 0x80009fba (0x00000001) c.nop
core   0: 3 0x80009fba (0x0001)
core   0: 0x80009fbc (0x01b1f363) bgeu    gp, s11, pc + 6
core   0: 3 0x80009fbc (0x01b1f363)
core   0: 0x80009fc2 (0x00001f61) c.addi  t5, -8
core   0: 3 0x80009fc2 (0x1f61) x30 0x80025e2c
core   0: 0x80009fc4 (0x00038d33) add     s10, t2, zero
core   0: 3 0x80009fc4 (0x00038d33) x26 0xfffffee3
core   0: 0x80009fc8 (0x006f2223) sw      t1, 4(t5)
core   0: 3 0x80009fc8 (0x006f2223) mem 0x80025e30 0x800077ce
core   0: 0x80009fcc (0x035aa133) mulhsu  sp, s5, s5
core   0: 3 0x80009fcc (0x035aa133) x2  0x00000000
core   0: 0x80009fd0 (0x013768b3) or      a7, a4, s3
core   0: 3 0x80009fd0 (0x013768b3) x17 0xf12a9fbc
core   0: 0x80009fd4 (0x0000639d) c.lui   t2, 0x7
core   0: 3 0x80009fd4 (0x639d) x7  0x00007000
core   0: 0x80009fd6 (0x00008eea) c.mv    t4, s10
core   0: 3 0x80009fd6 (0x8eea) x29 0xfffffee3
core   0: 0x80009fd8 (0x003e9533) sll     a0, t4, gp
core   0: 3 0x80009fd8 (0x003e9533) x10 0xe3000000
core   0: 0x80009fdc (0x00008b9d) c.andi  a5, 7
core   0: 3 0x80009fdc (0x8b9d) x15 0x00000000
core   0: 0x80009fde (0x00892ab3) slt     s5, s2, s0
core   0: 3 0x80009fde (0x00892ab3) x21 0x00000001
core   0: 0x80009fe2 (0x414bd333) sra     t1, s7, s4
core   0: 3 0x80009fe2 (0x414bd333) x6  0x80009ff1
core   0: 0x80009fe6 (0x0000911e) c.add   sp, t2
core   0: 3 0x80009fe6 (0x911e) x2  0x00007000
core   0: 0x80009fe8 (0x347e2893) slti    a7, t3, 839
core   0: 3 0x80009fe8 (0x347e2893) x17 0x00000000
core   0: 0x80009fec (0x000083ba) c.mv    t2, a4
core   0: 3 0x80009fec (0x83ba) x7  0x712a07bc
core   0: 0x80009fee (0x002924b3) slt     s1, s2, sp
core   0: 3 0x80009fee (0x002924b3) x9  0x00000001
core   0: 0x80009ff2 (0xd329b693) sltiu   a3, s3, -718
core   0: 3 0x80009ff2 (0xd329b693) x13 0x00000001
core   0: 0x80009ff6 (0x03b5b3b3) mulhu   t2, a1, s11
core   0: 3 0x80009ff6 (0x03b5b3b3) x7  0x00000000
core   0: 0x80009ffa (0x01189d33) sll     s10, a7, a7
core   0: 3 0x80009ffa (0x01189d33) x26 0x00000000
core   0: 0x80009ffe (0x00008eb9) c.xor   a3, a4
core   0: 3 0x80009ffe (0x8eb9) x13 0x712a07bd
core   0: 0x8000a000 (0x0144cd63) blt     s1, s4, pc + 26
core   0: 3 0x8000a000 (0x0144cd63)
core   0: 0x8000a004 (0x00008e49) c.or    a2, a0
core   0: 3 0x8000a004 (0x8e49) x12 0xe3002fff
core   0: 0x8000a006 (0x000085e1) c.srai  a1, 24
core   0: 3 0x8000a006 (0x85e1) x11 0x00000000
core   0: 0x8000a008 (0x00008d3d) c.xor   a0, a5
core   0: 3 0x8000a008 (0x8d3d) x10 0xe3000000
core   0: 0x8000a00a (0x00008d85) c.sub   a1, s1
core   0: 3 0x8000a00a (0x8d85) x11 0xffffffff
core   0: 0x8000a00c (0x00008cb9) c.xor   s1, a4
core   0: 3 0x8000a00c (0x8cb9) x9  0x712a07bd
core   0: 0x8000a00e (0x017d1233) sll     tp, s10, s7
core   0: 3 0x8000a00e (0x017d1233) x4  0x00000000
core   0: 0x8000a012 (0x4011d493) srai    s1, gp, 1
core   0: 3 0x8000a012 (0x4011d493) x9  0x3ffeb4bc
core   0: 0x8000a016 (0x01dbd633) srl     a2, s7, t4
core   0: 3 0x8000a016 (0x01dbd633) x12 0x100013fe
core   0: 0x8000a01a (0x00008f81) c.sub   a5, s0
core   0: 3 0x8000a01a (0x8f81) x15 0x00000001
core   0: 0x8000a01c (0x00008e05) c.sub   a2, s1
core   0: 3 0x8000a01c (0x8e05) x12 0xd0015f42
core   0: 0x8000a01e (0x8ddd36b7) lui     a3, 0x8ddd3
core   0: 3 0x8000a01e (0x8ddd36b7) x13 0x8ddd3000
core   0: 0x8000a022 (0x000080a5) c.srli  s1, 9
core   0: 3 0x8000a022 (0x80a5) x9  0x001fff5a
core   0: 0x8000a024 (0x046ae063) bltu    s5, t1, pc + 64
core   0: 3 0x8000a024 (0x046ae063)
core   0: 0x8000a064 (0x002ed0b3) srl     ra, t4, sp
core   0: 3 0x8000a064 (0x002ed0b3) x1  0xfffffee3
core   0: 0x8000a068 (0x0074bab3) sltu    s5, s1, t2
core   0: 3 0x8000a068 (0x0074bab3) x21 0x00000000
core   0: 0x8000a06c (0x01e1ecb3) or      s9, gp, t5
core   0: 3 0x8000a06c (0x01e1ecb3) x25 0xffff7f7c
core   0: 0x8000a070 (0x00001d7d) c.addi  s10, -1
core   0: 3 0x8000a070 (0x1d7d) x26 0xffffffff
core   0: 0x8000a072 (0x000098ba) c.add   a7, a4
core   0: 3 0x8000a072 (0x98ba) x17 0x712a07bc
core   0: 0x8000a074 (0x03a16db3) rem     s11, sp, s10
core   0: 3 0x8000a074 (0x03a16db3) x27 0x00000000
core   0: 0x8000a078 (0x00548963) beq     s1, t0, pc + 18
core   0: 3 0x8000a078 (0x00548963)
core   0: 0x8000a07c (0x000f0763) beqz    t5, pc + 14
core   0: 3 0x8000a07c (0x000f0763)
core   0: 0x8000a080 (0x031a68b3) rem     a7, s4, a7
core   0: 3 0x8000a080 (0x031a68b3) x17 0x00000000
core   0: 0x8000a084 (0x002aceb3) xor     t4, s5, sp
core   0: 3 0x8000a084 (0x002aceb3) x29 0x00007000
core   0: 0x8000a088 (0x00008f25) c.xor   a4, s1
core   0: 3 0x8000a088 (0x8f25) x14 0x7135f8e6
core   0: 0x8000a08a (0x02a46933) rem     s2, s0, a0
core   0: 3 0x8000a08a (0x02a46933) x18 0xffffffff
core   0: 0x8000a08e (0xe688e293) ori     t0, a7, -408
core   0: 3 0x8000a08e (0xe688e293) x5  0xfffffe68
core   0: 0x8000a092 (0x00008c95) c.sub   s1, a3
core   0: 3 0x8000a092 (0x8c95) x9  0x7242cf5a
core   0: 0x8000a094 (0xe4b4cd93) xori    s11, s1, -437
core   0: 3 0x8000a094 (0xe4b4cd93) x27 0x8dbd3111
core   0: 0x8000a098 (0x05530063) beq     t1, s5, pc + 64
core   0: 3 0x8000a098 (0x05530063)
core   0: 0x8000a09c (0x01d85f63) bge     a6, t4, pc + 30
core   0: 3 0x8000a09c (0x01d85f63)
core   0: 0x8000a0ba (0x00008d01) c.sub   a0, s0
core   0: 3 0x8000a0ba (0x8d01) x10 0xe3000001
core   0: 0x8000a0bc (0x0021c933) xor     s2, gp, sp
core   0: 3 0x8000a0bc (0x0021c933) x18 0x7ffd1978
core   0: 0x8000a0c0 (0x40bc0fb3) sub     t6, s8, a1
core   0: 3 0x8000a0c0 (0x40bc0fb3) x31 0x00000001
core   0: 0x8000a0c4 (0x0376d933) divu    s2, a3, s7
core   0: 3 0x8000a0c4 (0x0376d933) x18 0x00000001
core   0: 0x8000a0c8 (0x00ae5433) srl     s0, t3, a0
core   0: 3 0x8000a0c8 (0x00ae5433) x8  0x31ae7b9d
core   0: 0x8000a0cc (0x00008fb9) c.xor   a5, a4
core   0: 3 0x8000a0cc (0x8fb9) x15 0x7135f8e7
core   0: 0x8000a0ce (0x01989b13) slli    s6, a7, 25
core   0: 3 0x8000a0ce (0x01989b13) x22 0x00000000
core   0: 0x8000a0d2 (0x00181133) sll     sp, a6, ra
core   0: 3 0x8000a0d2 (0x00181133) x2  0xda5e0e30
core   0: 0x8000a0d6 (0x00008f96) c.mv    t6, t0
core   0: 3 0x8000a0d6 (0x8f96) x31 0xfffffe68
core   0: 0x8000a0d8 (0x000000a5) c.addi  ra, 9
core   0: 3 0x8000a0d8 (0x00a5) x1  0xfffffeec
core   0: 0x8000a0da (0x02d87033) remu    zero, a6, a3
core   0: 3 0x8000a0da (0x02d87033)
core   0: 0x8000a0de (0x00008e19) c.sub   a2, a4
core   0: 3 0x8000a0de (0x8e19) x12 0x5ecb665c
core   0: 0x8000a0e0 (0xa8e4b013) sltiu   zero, s1, -1394
core   0: 3 0x8000a0e0 (0xa8e4b013)
core   0: 0x8000a0e4 (0x034ccb63) blt     s9, s4, pc + 54
core   0: 3 0x8000a0e4 (0x034ccb63)
core   0: 0x8000a11a (0x00008ecd) c.or    a3, a1
core   0: 3 0x8000a11a (0x8ecd) x13 0xffffffff
core   0: 0x8000a11c (0x00395333) srl     t1, s2, gp
core   0: 3 0x8000a11c (0x00395333) x6  0x00000000
core   0: 0x8000a120 (0x7bd1e013) ori     zero, gp, 1981
core   0: 3 0x8000a120 (0x7bd1e013)
core   0: 0x8000a124 (0x4fd4bd93) sltiu   s11, s1, 1277
core   0: 3 0x8000a124 (0x4fd4bd93) x27 0x00000000
core   0: 0x8000a128 (0x000052fd) c.li    t0, -1
core   0: 3 0x8000a128 (0x52fd) x5  0xffffffff
core   0: 0x8000a12a (0x01299963) bne     s3, s2, pc + 18
core   0: 3 0x8000a12a (0x01299963)
core   0: 0x8000a13c (0x005255b3) srl     a1, tp, t0
core   0: 3 0x8000a13c (0x005255b3) x11 0x00000000
core   0: 0x8000a140 (0x004f2303) lw      t1, 4(t5)
core   0: 3 0x8000a140 (0x004f2303) x6  0x800077ce mem 0x80025e30
core   0: 0x8000a144 (0x000017fd) c.addi  a5, -1
core   0: 3 0x8000a144 (0x17fd) x15 0x7135f8e6
core   0: 0x8000a146 (0x00000f21) c.addi  t5, 8
core   0: 3 0x8000a146 (0x0f21) x30 0x80025e34
core   0: 0x8000a148 (0x002a6733) or      a4, s4, sp
core   0: 3 0x8000a148 (0x002a6733) x14 0xda5e0e30
core   0: 0x8000a14c (0x00000001) c.nop
core   0: 3 0x8000a14c (0x0001)
core   0: 0x8000a14e (0x00001408) c.addi4spn a0, sp, 544
core   0: 3 0x8000a14e (0x1408) x10 0xda5e1050
core   0: 0x8000a150 (0x00006fe1) c.lui   t6, 0x18
core   0: 3 0x8000a150 (0x6fe1) x31 0x00018000
core   0: 0x8000a152 (0x00130093) addi    ra, t1, 1
core   0: 3 0x8000a152 (0x00130093) x1  0x800077cf
core   0: 0x8000a156 (0x00009082) c.jalr  ra
core   0: 3 0x8000a156 (0x9082) x1  0x8000a158
core   0: 0x800077ce (0x00013297) auipc   t0, 0x13
core   0: 3 0x800077ce (0x00013297) x5  0x8001a7ce
core   0: 0x800077d2 (0x29128293) addi    t0, t0, 657
core   0: 3 0x800077d2 (0x29128293) x5  0x8001aa5f
core   0: 0x800077d6 (0x91be0593) addi    a1, t3, -1765
core   0: 3 0x800077d6 (0x91be0593) x11 0x635cf056
core   0: 0x800077da (0x921e3c13) sltiu   s8, t3, -1759
core   0: 3 0x800077da (0x921e3c13) x24 0x00000001
core   0: 0x800077de (0xaa00f593) andi    a1, ra, -1376
core   0: 3 0x800077de (0xaa00f593) x11 0x8000a000
core   0: 0x800077e2 (0x02f7b5b3) mulhu   a1, a5, a5
core   0: 3 0x800077e2 (0x02f7b5b3) x11 0x3210b11c
core   0: 0x800077e6 (0x0215f0b3) remu    ra, a1, ra
core   0: 3 0x800077e6 (0x0215f0b3) x1  0x3210b11c
core   0: 0x800077ea (0x0217d5b3) divu    a1, a5, ra
core   0: 3 0x800077ea (0x0217d5b3) x11 0x00000002
core   0: 0x800077ee (0x6d0aec37) lui     s8, 0x6d0ae
core   0: 3 0x800077ee (0x6d0aec37) x24 0x6d0ae000
core   0: 0x800077f2 (0xfeb28923) sb      a1, -14(t0)
core   0: 3 0x800077f2 (0xfeb28923) mem 0x8001aa51 0x02
core   0: 0x800077f6 (0x038090b3) mulh    ra, ra, s8
core   0: 3 0x800077f6 (0x038090b3) x1  0x15533bde
core   0: 0x800077fa (0x00b7ea33) or      s4, a5, a1
core   0: 3 0x800077fa (0x00b7ea33) x20 0x7135f8e6
core   0: 0x800077fe (0x00000c2d) c.addi  s8, 11
core   0: 3 0x800077fe (0x0c2d) x24 0x6d0ae00b
core   0: 0x80007800 (0x02f297a3) sh      a5, 47(t0)
core   0: 3 0x80007800 (0x02f297a3) mem 0x8001aa8e 0xf8e6
core   0: 0x80007804 (0xfdc28d23) sb      t3, -38(t0)
core   0: 3 0x80007804 (0xfdc28d23) mem 0x8001aa39 0x3b
core   0: 0x80007808 (0x03ca50b3) divu    ra, s4, t3
core   0: 3 0x80007808 (0x03ca50b3) x1  0x00000001
core   0: 0x8000780c (0xfc928583) lb      a1, -55(t0)
core   0: 3 0x8000780c (0xfc928583) x11 0x00000000 mem 0x8001aa28
core   0: 0x80007810 (0xfcb28223) sb      a1, -60(t0)
core   0: 3 0x80007810 (0xfcb28223) mem 0x8001aa23 0x00
core   0: 0x80007814 (0x00fe20b3) slt     ra, t3, a5
core   0: 3 0x80007814 (0x00fe20b3) x1  0x00000001
core   0: 0x80007818 (0x02728c03) lb      s8, 39(t0)
core   0: 3 0x80007818 (0x02728c03) x24 0x00000000 mem 0x8001aa86
core   0: 0x8000781c (0x001a07b3) add     a5, s4, ra
core   0: 3 0x8000781c (0x001a07b3) x15 0x7135f8e7
core   0: 0x80007820 (0xfe12aca3) sw      ra, -7(t0)
core   0: 3 0x80007820 (0xfe12aca3) mem 0x8001aa58 0x00000001
core   0: 0x80007824 (0x02729a03) lh      s4, 39(t0)
core   0: 3 0x80007824 (0x02729a03) x20 0x00000000 mem 0x8001aa86
core   0: 0x80007828 (0x03ca67b3) rem     a5, s4, t3
core   0: 3 0x80007828 (0x03ca67b3) x15 0x00000000
core   0: 0x8000782c (0xfc628083) lb      ra, -58(t0)
core   0: 3 0x8000782c (0xfc628083) x1  0x00000000 mem 0x8001aa25
core   0: 0x80007830 (0xfe328a03) lb      s4, -29(t0)
core   0: 3 0x80007830 (0xfe328a03) x20 0x00000000 mem 0x8001aa42
core   0: 0x80007834 (0x03429da3) sh      s4, 59(t0)
core   0: 3 0x80007834 (0x03429da3) mem 0x8001aa9a 0x0000
core   0: 0x80007838 (0x0180e0b3) or      ra, ra, s8
core   0: 3 0x80007838 (0x0180e0b3) x1  0x00000000
core   0: 0x8000783c (0x01ce2a33) slt     s4, t3, t3
core   0: 3 0x8000783c (0x01ce2a33) x20 0x00000000
core   0: 0x80007840 (0x03ce1a33) mulh    s4, t3, t3
core   0: 3 0x80007840 (0x03ce1a33) x20 0x269108fa
core   0: 0x80007844 (0x018a6a33) or      s4, s4, s8
core   0: 3 0x80007844 (0x018a6a33) x20 0x269108fa
core   0: 0x80007848 (0x00009bfd) c.andi  a5, -1
core   0: 3 0x80007848 (0x9bfd) x15 0x00000000
core   0: 0x8000784a (0xfeb29583) lh      a1, -21(t0)
core   0: 3 0x8000784a (0xfeb29583) x11 0x00000000 mem 0x8001aa4a
core   0: 0x8000784e (0x03d2de03) lhu     t3, 61(t0)
core   0: 3 0x8000784e (0x03d2de03) x28 0x00000000 mem 0x8001aa9c
core   0: 0x80007852 (0x0382cc03) lbu     s8, 56(t0)
core   0: 3 0x80007852 (0x0382cc03) x24 0x00000000 mem 0x8001aa97
core   0: 0x80007856 (0x0232cc03) lbu     s8, 35(t0)
core   0: 3 0x80007856 (0x0232cc03) x24 0x00000000 mem 0x8001aa82
core   0: 0x8000785a (0x01c7dc33) srl     s8, a5, t3
core   0: 3 0x8000785a (0x01c7dc33) x24 0x00000000
core   0: 0x8000785e (0x03f28a03) lb      s4, 63(t0)
core   0: 3 0x8000785e (0x03f28a03) x20 0x00000000 mem 0x8001aa9e
core   0: 0x80007862 (0x00f28ca3) sb      a5, 25(t0)
core   0: 3 0x80007862 (0x00f28ca3) mem 0x8001aa78 0x00
core   0: 0x80007866 (0x00b090b3) sll     ra, ra, a1
core   0: 3 0x80007866 (0x00b090b3) x1  0x00000000
core   0: 0x8000786a (0x9875a093) slti    ra, a1, -1657
core   0: 3 0x8000786a (0x9875a093) x1  0x00000000
core   0: 0x8000786e (0xfe1289a3) sb      ra, -13(t0)
core   0: 3 0x8000786e (0xfe1289a3) mem 0x8001aa52 0x00
core   0: 0x80007872 (0x01c0f5b3) and     a1, ra, t3
core   0: 3 0x80007872 (0x01c0f5b3) x11 0x00000000
core   0: 0x80007876 (0x01ca3c33) sltu    s8, s4, t3
core   0: 3 0x80007876 (0x01ca3c33) x24 0x00000000
core   0: 0x8000787a (0x0192ce03) lbu     t3, 25(t0)
core   0: 3 0x8000787a (0x0192ce03) x28 0x00000000 mem 0x8001aa78
core   0: 0x8000787e (0xfc12d783) lhu     a5, -63(t0)
core   0: 3 0x8000787e (0xfc12d783) x15 0x00000000 mem 0x8001aa20
core   0: 0x80007882 (0x01828a23) sb      s8, 20(t0)
core   0: 3 0x80007882 (0x01828a23) mem 0x8001aa73 0x00
core   0: 0x80007886 (0x00009317) auipc   t1, 0x9
core   0: 3 0x80007886 (0x00009317) x6  0x80010886
core   0: 0x8000788a (0xb2a30313) addi    t1, t1, -1238
core   0: 3 0x8000788a (0xb2a30313) x6  0x800103b0
core   0: 0x8000788e (0xffb30a03) lb      s4, -5(t1)
core   0: 3 0x8000788e (0xffb30a03) x20 0x00000000 mem 0x800103ab
core   0: 0x80007892 (0x0000664d) c.lui   a2, 0x13
core   0: 3 0x80007892 (0x664d) x12 0x00013000
core   0: 0x80007894 (0x0bbe0713) addi    a4, t3, 187
core   0: 3 0x80007894 (0x0bbe0713) x14 0x000000bb
core   0: 0x80007898 (0xffb30003) lb      zero, -5(t1)
core   0: 3 0x80007898 (0xffb30003) mem 0x800103ab
core   0: 0x8000789c (0x00634003) lbu     zero, 6(t1)
core   0: 3 0x8000789c (0x00634003) mem 0x800103b6
core   0: 0x800078a0 (0x0000670d) c.lui   a4, 0x3
core   0: 3 0x800078a0 (0x670d) x14 0x00003000
core   0: 0x800078a2 (0x00630a83) lb      s5, 6(t1)
core   0: 3 0x800078a2 (0x00630a83) x21 0x00000000 mem 0x800103b6
core   0: 0x800078a6 (0xffd34703) lbu     a4, -3(t1)
core   0: 3 0x800078a6 (0xffd34703) x14 0x00000000 mem 0x800103ad
core   0: 0x800078aa (0x00339233) sll     tp, t2, gp
core   0: 3 0x800078aa (0x00339233) x4  0x00000000
core   0: 0x800078ae (0xff430ea3) sb      s4, -3(t1)
core   0: 3 0x800078ae (0xff430ea3) mem 0x800103ad 0x00
core   0: 0x800078b2 (0x03d396b3) mulh    a3, t2, t4
core   0: 3 0x800078b2 (0x03d396b3) x13 0x00000000
core   0: 0x800078b6 (0xff534503) lbu     a0, -11(t1)
core   0: 3 0x800078b6 (0xff534503) x10 0x000000b0 mem 0x800103a5
core   0: 0x800078ba (0x0000527d) c.li    tp, -1
core   0: 3 0x800078ba (0x527d) x4  0xffffffff
core   0: 0x800078bc (0xff630aa3) sb      s6, -11(t1)
core   0: 3 0x800078bc (0xff630aa3) mem 0x800103a5 0x00
core   0: 0x800078c0 (0xff130aa3) sb      a7, -11(t1)
core   0: 3 0x800078c0 (0xff130aa3) mem 0x800103a5 0x00
core   0: 0x800078c4 (0xec34e437) lui     s0, 0xec34e
core   0: 3 0x800078c4 (0xec34e437) x8  0xec34e000
core   0: 0x800078c8 (0xfe630aa3) sb      t1, -11(t1)
core   0: 3 0x800078c8 (0xfe630aa3) mem 0x800103a5 0xb0
core   0: 0x800078cc (0x00009d17) auipc   s10, 0x9
core   0: 3 0x800078cc (0x00009d17) x26 0x800108cc
core   0: 0x800078d0 (0x058d0d13) addi    s10, s10, 88
core   0: 3 0x800078d0 (0x058d0d13) x26 0x80010924
core   0: 0x800078d4 (0xfe7d0ca3) sb      t2, -7(s10)
core   0: 3 0x800078d4 (0xfe7d0ca3) mem 0x8001091d 0x00
core   0: 0x800078d8 (0xffdd0aa3) sb      t4, -11(s10)
core   0: 3 0x800078d8 (0xffdd0aa3) mem 0x80010919 0x00
core   0: 0x800078dc (0x00008175) c.srli  a0, 29
core   0: 3 0x800078dc (0x8175) x10 0x00000000
core   0: 0x800078de (0xfe3d1c23) sh      gp, -8(s10)
core   0: 3 0x800078de (0xfe3d1c23) mem 0x8001091c 0x6978
core   0: 0x800078e2 (0xfedd09a3) sb      a3, -13(s10)
core   0: 3 0x800078e2 (0xfedd09a3) mem 0x80010917 0x00
core   0: 0x800078e6 (0xfe2d1b23) sh      sp, -10(s10)
core   0: 3 0x800078e6 (0xfe2d1b23) mem 0x8001091a 0x0e30
core   0: 0x800078ea (0xff5d0d83) lb      s11, -11(s10)
core   0: 3 0x800078ea (0xff5d0d83) x27 0x00000000 mem 0x80010919
core   0: 0x800078ee (0xffed0ba3) sb      t5, -9(s10)
core   0: 3 0x800078ee (0xffed0ba3) mem 0x8001091b 0x34
core   0: 0x800078f2 (0x01bd06a3) sb      s11, 13(s10)
core   0: 3 0x800078f2 (0x01bd06a3) mem 0x80010931 0x00
core   0: 0x800078f6 (0xff4d0ba3) sb      s4, -9(s10)
core   0: 3 0x800078f6 (0xff4d0ba3) mem 0x8001091b 0x00
core   0: 0x800078fa (0x027dacb3) mulhsu  s9, s11, t2
core   0: 3 0x800078fa (0x027dacb3) x25 0x00000000
core   0: 0x800078fe (0x023f3a33) mulhu   s4, t5, gp
core   0: 3 0x800078fe (0x023f3a33) x20 0x3fffe3cf
core   0: 0x80007902 (0x039f44b3) div     s1, t5, s9
core   0: 3 0x80007902 (0x039f44b3) x9  0xffffffff
core   0: 0x80007906 (0xe5618713) addi    a4, gp, -426
core   0: 3 0x80007906 (0xe5618713) x14 0x7ffd67ce
core   0: 0x8000790a (0x00008f1d) c.sub   a4, a5
core   0: 3 0x8000790a (0x8f1d) x14 0x7ffd67ce
core   0: 0x8000790c (0x01735e93) srli    t4, t1, 23
core   0: 3 0x8000790c (0x01735e93) x29 0x00000100
core   0: 0x80007910 (0x000090da) c.add   ra, s6
core   0: 3 0x80007910 (0x90da) x1  0x00000000
core   0: 0x80007912 (0xff4d2503) lw      a0, -12(s10)
core   0: 3 0x80007912 (0xff4d2503) x10 0x00300000 mem 0x80010918
core   0: 0x80007916 (0x09d18b13) addi    s6, gp, 157
core   0: 3 0x80007916 (0x09d18b13) x22 0x7ffd6a15
core   0: 0x8000791a (0x00cd4583) lbu     a1, 12(s10)
core   0: 3 0x8000791a (0x00cd4583) x11 0x00000000 mem 0x80010930
core   0: 0x8000791e (0x0000717d) c.addi16sp sp, -16
core   0: 3 0x8000791e (0x717d) x2  0xda5e0e20
core   0: 0x80007920 (0x005d0303) lb      t1, 5(s10)
core   0: 3 0x80007920 (0x005d0303) x6  0x00000000 mem 0x80010929
core   0: 0x80007924 (0x00bd0323) sb      a1, 6(s10)
core   0: 3 0x80007924 (0x00bd0323) mem 0x8001092a 0x00
core   0: 0x80007928 (0x002d03a3) sb      sp, 7(s10)
core   0: 3 0x80007928 (0x002d03a3) mem 0x8001092b 0x20
core   0: 0x8000792c (0x001a1913) slli    s2, s4, 1
core   0: 3 0x8000792c (0x001a1913) x18 0x7fffc79e
core   0: 0x80007930 (0x00ad5303) lhu     t1, 10(s10)
core   0: 3 0x80007930 (0x00ad5303) x6  0x00000000 mem 0x8001092e
core   0: 0x80007934 (0x00004d05) c.li    s10, 1
core   0: 3 0x80007934 (0x4d05) x26 0x00000001
core   0: 0x80007936 (0x037e6e33) rem     t3, t3, s7
core   0: 3 0x80007936 (0x037e6e33) x28 0x00000000
core   0: 0x8000793a (0x0140eb33) or      s6, ra, s4
core   0: 3 0x8000793a (0x0140eb33) x22 0x3fffe3cf
core   0: 0x8000793e (0x404a5c33) sra     s8, s4, tp
core   0: 3 0x8000793e (0x404a5c33) x24 0x00000000
core   0: 0x80007942 (0x015fbeb3) sltu    t4, t6, s5
core   0: 3 0x80007942 (0x015fbeb3) x29 0x00000000
core   0: 0x80007946 (0x00008e31) c.xor   a2, a2
core   0: 3 0x80007946 (0x8e31) x12 0x00000000
core   0: 0x80007948 (0x00008ea9) c.xor   a3, a0
core   0: 3 0x80007948 (0x8ea9) x13 0x00300000
core   0: 0x8000794a (0x000083ed) c.srli  a5, 27
core   0: 3 0x8000794a (0x83ed) x15 0x00000000
core   0: 0x8000794c (0x41cd0533) sub     a0, s10, t3
core   0: 3 0x8000794c (0x41cd0533) x10 0x00000001
core   0: 0x80007950 (0x01331593) slli    a1, t1, 19
core   0: 3 0x80007950 (0x01331593) x11 0x00000000
core   0: 0x80007954 (0x00004ca1) c.li    s9, 8
core   0: 3 0x80007954 (0x4ca1) x25 0x00000008
core   0: 0x80007956 (0x40c25433) sra     s0, tp, a2
core   0: 3 0x80007956 (0x40c25433) x8  0xffffffff
core   0: 0x8000795a (0x03d24333) div     t1, tp, t4
core   0: 3 0x8000795a (0x03d24333) x6  0xffffffff
core   0: 0x8000795e (0xdd91a893) slti    a7, gp, -551
core   0: 3 0x8000795e (0xdd91a893) x17 0x00000000
core   0: 0x80007962 (0x03b310b3) mulh    ra, t1, s11
core   0: 3 0x80007962 (0x03b310b3) x1  0x00000000
core   0: 0x80007966 (0xe4a73893) sltiu   a7, a4, -438
core   0: 3 0x80007966 (0xe4a73893) x17 0x00000001
core   0: 0x8000796a (0x0044c0b3) xor     ra, s1, tp
core   0: 3 0x8000796a (0x0044c0b3) x1  0x00000000
core   0: 0x8000796e (0x00009a26) c.add   s4, s1
core   0: 3 0x8000796e (0x9a26) x20 0x3fffe3ce
core   0: 0x80007970 (0x0095b033) sltu    zero, a1, s1
core   0: 3 0x80007970 (0x0095b033)
core   0: 0x80007974 (0x00000d21) c.addi  s10, 8
core   0: 3 0x80007974 (0x0d21) x26 0x00000009
core   0: 0x80007976 (0xff9d6ae3) bltu    s10, s9, pc - 12
core   0: 3 0x80007976 (0xff9d6ae3)
core   0: 0x8000797a (0x00000001) c.nop
core   0: 3 0x8000797a (0x0001)
core   0: 0x8000797c (0x00009e97) auipc   t4, 0x9
core   0: 3 0x8000797c (0x00009e97) x29 0x8001097c
core   0: 0x80007980 (0xc60e8e93) addi    t4, t4, -928
core   0: 3 0x80007980 (0xc60e8e93) x29 0x800105dc
core   0: 0x80007984 (0x00008c4d) c.or    s0, a1
core   0: 3 0x80007984 (0x8c4d) x8  0xffffffff
core   0: 0x80007986 (0xcc8e8523) sb      s0, -822(t4)
core   0: 3 0x80007986 (0xcc8e8523) mem 0x800102a6 0xff
core   0: 0x8000798a (0x34cedf83) lhu     t6, 844(t4)
core   0: 3 0x8000798a (0x34cedf83) x31 0x00000000 mem 0x80010928
core   0: 0x8000798e (0x0141db13) srli    s6, gp, 20
core   0: 3 0x8000798e (0x0141db13) x22 0x000007ff
core   0: 0x80007992 (0xfabe8f83) lb      t6, -85(t4)
core   0: 3 0x80007992 (0xfabe8f83) x31 0x00000000 mem 0x80010587
core   0: 0x80007996 (0x00bfcfb3) xor     t6, t6, a1
core   0: 3 0x80007996 (0x00bfcfb3) x31 0x00000000
core   0: 0x8000799a (0x638e86a3) sb      s8, 1581(t4)
core   0: 3 0x8000799a (0x638e86a3) mem 0x80010c09 0x00
core   0: 0x8000799e (0x00000c32) c.slli  s8, 12
core   0: 3 0x8000799e (0x0c32) x24 0x00000000
core   0: 0x800079a0 (0x6beec583) lbu     a1, 1726(t4)
core   0: 3 0x800079a0 (0x6beec583) x11 0x00000000 mem 0x80010c9a
core   0: 0x800079a4 (0xcafecf83) lbu     t6, -849(t4)
core   0: 3 0x800079a4 (0xcafecf83) x31 0x00000000 mem 0x8001028b
core   0: 0x800079a8 (0x0000947e) c.add   s0, t6
core   0: 3 0x800079a8 (0x947e) x8  0xffffffff
core   0: 0x800079aa (0x5f7e8f83) lb      t6, 1527(t4)
core   0: 3 0x800079aa (0x5f7e8f83) x31 0x00000000 mem 0x80010bd3
core   0: 0x800079ae (0x413ec403) lbu     s0, 1043(t4)
core   0: 3 0x800079ae (0x413ec403) x8  0x00000000 mem 0x800109ef
core   0: 0x800079b2 (0x00008dad) c.xor   a1, a1
core   0: 3 0x800079b2 (0x8dad) x11 0x00000000
core   0: 0x800079b4 (0x817c0413) addi    s0, s8, -2025
core   0: 3 0x800079b4 (0x817c0413) x8  0xfffff817
core   0: 0x800079b8 (0x7a1c6b13) ori     s6, s8, 1953
core   0: 3 0x800079b8 (0x7a1c6b13) x22 0x000007a1
core   0: 0x800079bc (0x0085fc33) and     s8, a1, s0
core   0: 3 0x800079bc (0x0085fc33) x24 0x00000000
core   0: 0x800079c0 (0x73efc193) xori    gp, t6, 1854
core   0: 3 0x800079c0 (0x73efc193) x3  0x0000073e
core   0: 0x800079c4 (0x00006431) c.lui   s0, 0xc
core   0: 3 0x800079c4 (0x6431) x8  0x0000c000
core   0: 0x800079c6 (0x000081b9) c.srli  a1, 14
core   0: 3 0x800079c6 (0x81b9) x11 0x00000000
core   0: 0x800079c8 (0x418fdc33) sra     s8, t6, s8
core   0: 3 0x800079c8 (0x418fdc33) x24 0x00000000
core   0: 0x800079cc (0x56be9523) sh      a1, 1386(t4)
core   0: 3 0x800079cc (0x56be9523) mem 0x80010b46 0x0000
core   0: 0x800079d0 (0x762d6fb7) lui     t6, 0x762d6
core   0: 3 0x800079d0 (0x762d6fb7) x31 0x762d6000
core   0: 0x800079d4 (0x008c5593) srli    a1, s8, 8
core   0: 3 0x800079d4 (0x008c5593) x11 0x00000000
core   0: 0x800079d8 (0x1c3e8c03) lb      s8, 451(t4)
core   0: 3 0x800079d8 (0x1c3e8c03) x24 0x00000000 mem 0x8001079f
core   0: 0x800079dc (0xb12f8c13) addi    s8, t6, -1262
core   0: 3 0x800079dc (0xb12f8c13) x24 0x762d5b12
core   0: 0x800079e0 (0xd2eed183) lhu     gp, -722(t4)
core   0: 3 0x800079e0 (0xd2eed183) x3  0x00000000 mem 0x8001030a
core   0: 0x800079e4 (0xe22b7f93) andi    t6, s6, -478
core   0: 3 0x800079e4 (0xe22b7f93) x31 0x00000620
core   0: 0x800079e8 (0x1e8e8fa3) sb      s0, 511(t4)
core   0: 3 0x800079e8 (0x1e8e8fa3) mem 0x800107db 0x00
core   0: 0x800079ec (0xdf0eab03) lw      s6, -528(t4)
core   0: 3 0x800079ec (0xdf0eab03) x22 0x00000000 mem 0x800103cc
core   0: 0x800079f0 (0xd0bec403) lbu     s0, -757(t4)
core   0: 3 0x800079f0 (0xd0bec403) x8  0x00000000 mem 0x800102e7
core   0: 0x800079f4 (0x00008b0e) c.mv    s6, gp
core   0: 3 0x800079f4 (0x8b0e) x22 0x00000000
core   0: 0x800079f6 (0xd28eae23) sw      s0, -708(t4)
core   0: 3 0x800079f6 (0xd28eae23) mem 0x80010318 0x00000000
core   0: 0x800079fa (0xe9fe8183) lb      gp, -353(t4)
core   0: 3 0x800079fa (0xe9fe8183) x3  0x00000000 mem 0x8001047b
core   0: 0x800079fe (0x01659fb3) sll     t6, a1, s6
core   0: 3 0x800079fe (0x01659fb3) x31 0x00000000
core   0: 0x80007a02 (0x016b01b3) add     gp, s6, s6
core   0: 3 0x80007a02 (0x016b01b3) x3  0x00000000
core   0: 0x80007a06 (0xf4ee8b03) lb      s6, -178(t4)
core   0: 3 0x80007a06 (0xf4ee8b03) x22 0x00000000 mem 0x8001052a
core   0: 0x80007a0a (0xcb042193) slti    gp, s0, -848
core   0: 3 0x80007a0a (0xcb042193) x3  0x00000000
core   0: 0x80007a0e (0xd89e8183) lb      gp, -631(t4)
core   0: 3 0x80007a0e (0xd89e8183) x3  0x00000000 mem 0x80010365
core   0: 0x80007a12 (0x403e8f83) lb      t6, 1027(t4)
core   0: 3 0x80007a12 (0x403e8f83) x31 0x00000000 mem 0x800109df
core   0: 0x80007a16 (0xeccedf83) lhu     t6, -308(t4)
core   0: 3 0x80007a16 (0xeccedf83) x31 0x00000000 mem 0x800104a8
core   0: 0x80007a1a (0xaebecb03) lbu     s6, -1301(t4)
core   0: 3 0x80007a1a (0xaebecb03) x22 0x00000000 mem 0x800100c7
core   0: 0x80007a1e (0x536e9723) sh      s6, 1326(t4)
core   0: 3 0x80007a1e (0x536e9723) mem 0x80010b0a 0x0000
core   0: 0x80007a22 (0x018b2b33) slt     s6, s6, s8
core   0: 3 0x80007a22 (0x018b2b33) x22 0x00000001
core   0: 0x80007a26 (0x1ceec403) lbu     s0, 462(t4)
core   0: 3 0x80007a26 (0x1ceec403) x8  0x00000000 mem 0x800107aa
core   0: 0x80007a2a (0x00008c2d) c.xor   s0, a1
core   0: 3 0x80007a2a (0x8c2d) x8  0x00000000
core   0: 0x80007a2c (0x5efe8f83) lb      t6, 1519(t4)
core   0: 3 0x80007a2c (0x5efe8f83) x31 0x00000000 mem 0x80010bcb
core   0: 0x80007a30 (0xdb6ea823) sw      s6, -592(t4)
core   0: 3 0x80007a30 (0xdb6ea823) mem 0x8001038c 0x00000001
core   0: 0x80007a34 (0x5d8edb03) lhu     s6, 1496(t4)
core   0: 3 0x80007a34 (0x5d8edb03) x22 0x00000000 mem 0x80010bb4
core   0: 0x80007a38 (0x283e8183) lb      gp, 643(t4)
core   0: 3 0x80007a38 (0x283e8183) x3  0x00000000 mem 0x8001085f
core   0: 0x80007a3c (0x7bbe8c03) lb      s8, 1979(t4)
core   0: 3 0x80007a3c (0x7bbe8c03) x24 0x00000000 mem 0x80010d97
core   0: 0x80007a40 (0x261ec183) lbu     gp, 609(t4)
core   0: 3 0x80007a40 (0x261ec183) x3  0x00000000 mem 0x8001083d
core   0: 0x80007a44 (0x0200036f) jal     t1, pc + 0x20
core   0: 3 0x80007a44 (0x0200036f) x6  0x80007a48
core   0: 0x80007a64 (0x0000bfd5) c.j     pc - 12
core   0: 3 0x80007a64 (0xbfd5)
core   0: 0x80007a58 (0x00002009) c.jal   pc + 2
core   0: 3 0x80007a58 (0x2009) x1  0x80007a5a
core   0: 0x80007a5a (0x00002011) c.jal   pc + 4
core   0: 3 0x80007a5a (0x2011) x1  0x80007a5c
core   0: 0x80007a5e (0x0000203d) c.jal   pc + 46
core   0: 3 0x80007a5e (0x203d) x1  0x80007a60
core   0: 0x80007a8c (0xfdfff0ef) jal     pc - 0x22
core   0: 3 0x80007a8c (0xfdfff0ef) x1  0x80007a90
core   0: 0x80007a6a (0x000037ed) c.jal   pc - 22
core   0: 3 0x80007a6a (0x37ed) x1  0x80007a6c
core   0: 0x80007a54 (0x00002009) c.jal   pc + 2
core   0: 3 0x80007a54 (0x2009) x1  0x80007a56
core   0: 0x80007a56 (0x0000a019) c.j     pc + 6
core   0: 3 0x80007a56 (0xa019)
core   0: 0x80007a5c (0x00003fd5) c.jal   pc - 12
core   0: 3 0x80007a5c (0x3fd5) x1  0x80007a5e
core   0: 0x80007a50 (0x0000a819) c.j     pc + 22
core   0: 3 0x80007a50 (0xa819)
core   0: 0x80007a66 (0x0000a039) c.j     pc + 14
core   0: 3 0x80007a66 (0xa039)
core   0: 0x80007a74 (0x00003fe5) c.jal   pc - 8
core   0: 3 0x80007a74 (0x3fe5) x1  0x80007a76
core   0: 0x80007a6c (0x000037cd) c.jal   pc - 30
core   0: 3 0x80007a6c (0x37cd) x1  0x80007a6e
core   0: 0x80007a4e (0x0000a00d) c.j     pc + 34
core   0: 3 0x80007a4e (0xa00d)
core   0: 0x80007a70 (0x00e000ef) jal     pc + 0xe
core   0: 3 0x80007a70 (0x00e000ef) x1  0x80007a74
core   0: 0x80007a7e (0x0000a019) c.j     pc + 6
core   0: 3 0x80007a7e (0xa019)
core   0: 0x80007a84 (0xfe5ff0ef) jal     pc - 0x1c
core   0: 3 0x80007a84 (0xfe5ff0ef) x1  0x80007a88
core   0: 0x80007a68 (0x00002025) c.jal   pc + 40
core   0: 3 0x80007a68 (0x2025) x1  0x80007a6a
core   0: 0x80007a90 (0x00003fc1) c.jal   pc - 48
core   0: 3 0x80007a90 (0x3fc1) x1  0x80007a92
core   0: 0x80007a60 (0x0000b7e5) c.j     pc - 24
core   0: 3 0x80007a60 (0xb7e5)
core   0: 0x80007a48 (0x02600c6f) jal     s8, pc + 0x26
core   0: 3 0x80007a48 (0x02600c6f) x24 0x80007a4c
core   0: 0x80007a6e (0x0000a031) c.j     pc + 12
core   0: 3 0x80007a6e (0xa031)
core   0: 0x80007a7a (0x008004ef) jal     s1, pc + 0x8
core   0: 3 0x80007a7a (0x008004ef) x9  0x80007a7e
core   0: 0x80007a82 (0x0000b7c5) c.j     pc - 32
core   0: 3 0x80007a82 (0xb7c5)
core   0: 0x80007a62 (0x0000bfc5) c.j     pc - 16
core   0: 3 0x80007a62 (0xbfc5)
core   0: 0x80007a52 (0x00003fed) c.jal   pc - 6
core   0: 3 0x80007a52 (0x3fed) x1  0x80007a54
core   0: 0x80007a4c (0x0000a02d) c.j     pc + 42
core   0: 3 0x80007a4c (0xa02d)
core   0: 0x80007a76 (0x00a0026f) jal     tp, pc + 0xa
core   0: 3 0x80007a76 (0x00a0026f) x4  0x80007a7a
core   0: 0x80007a80 (0x00002021) c.jal   pc + 8
core   0: 3 0x80007a80 (0x2021) x1  0x80007a82
core   0: 0x80007a88 (0x00a000ef) jal     pc + 0xa
core   0: 3 0x80007a88 (0x00a000ef) x1  0x80007a8c
core   0: 0x80007a92 (0x64623e93) sltiu   t4, tp, 1606
core   0: 3 0x80007a92 (0x64623e93) x29 0x00000000
core   0: 0x80007a96 (0x00009117) auipc   sp, 0x9
core   0: 3 0x80007a96 (0x00009117) x2  0x80010a96
core   0: 0x80007a9a (0x03b10113) addi    sp, sp, 59
core   0: 3 0x80007a9a (0x03b10113) x2  0x80010ad1
core   0: 0x80007a9e (0xfe110903) lb      s2, -31(sp)
core   0: 3 0x80007a9e (0xfe110903) x18 0x00000000 mem 0x80010ab2
core   0: 0x80007aa2 (0x03810b23) sb      s8, 54(sp)
core   0: 3 0x80007aa2 (0x03810b23) mem 0x80010b07 0x4c
core   0: 0x80007aa6 (0x7c4d3093) sltiu   ra, s10, 1988
core   0: 3 0x80007aa6 (0x7c4d3093) x1  0x00000001
core   0: 0x80007aaa (0x00008926) c.mv    s2, s1
core   0: 3 0x80007aaa (0x8926) x18 0x80007a7e
core   0: 0x80007aac (0x00110ba3) sb      ra, 23(sp)
core   0: 3 0x80007aac (0x00110ba3) mem 0x80010ae8 0x01
core   0: 0x80007ab0 (0x01111903) lh      s2, 17(sp)
core   0: 3 0x80007ab0 (0x01111903) x18 0x00000000 mem 0x80010ae2
core   0: 0x80007ab4 (0x01a11ea3) sh      s10, 29(sp)
core   0: 3 0x80007ab4 (0x01a11ea3) mem 0x80010aee 0x0009
core   0: 0x80007ab8 (0x00008e95) c.sub   a3, a3
core   0: 3 0x80007ab8 (0x8e95) x13 0x00000000
core   0: 0x80007aba (0x00d10723) sb      a3, 14(sp)
core   0: 3 0x80007aba (0x00d10723) mem 0x80010adf 0x00
core   0: 0x80007abe (0xff014683) lbu     a3, -16(sp)
core   0: 3 0x80007abe (0xff014683) x13 0x00000000 mem 0x80010ac1
core   0: 0x80007ac2 (0x00008ca5) c.xor   s1, s1
core   0: 3 0x80007ac2 (0x8ca5) x9  0x00000000
core   0: 0x80007ac4 (0x00312483) lw      s1, 3(sp)
core   0: 3 0x80007ac4 (0x00312483) x9  0x00000000 mem 0x80010ad4
core   0: 0x80007ac8 (0xfcd15903) lhu     s2, -51(sp)
core   0: 3 0x80007ac8 (0xfcd15903) x18 0x00000000 mem 0x80010a9e
core   0: 0x80007acc (0x01d14903) lbu     s2, 29(sp)
core   0: 3 0x80007acc (0x01d14903) x18 0x00000009 mem 0x80010aee
core   0: 0x80007ad0 (0x0320f0b3) remu    ra, ra, s2
core   0: 3 0x80007ad0 (0x0320f0b3) x1  0x00000001
core   0: 0x80007ad4 (0xfd214083) lbu     ra, -46(sp)
core   0: 3 0x80007ad4 (0xfd214083) x1  0x00000000 mem 0x80010aa3
core   0: 0x80007ad8 (0x032c4933) div     s2, s8, s2
core   0: 3 0x80007ad8 (0x032c4933) x18 0xf1c72a09
core   0: 0x80007adc (0x000086dd) c.srai  a3, 23
core   0: 3 0x80007adc (0x86dd) x13 0x00000000
core   0: 0x80007ade (0xff812fa3) sw      s8, -1(sp)
core   0: 3 0x80007ade (0xff812fa3) mem 0x80010ad0 0x80007a4c
core   0: 0x80007ae2 (0x032c3933) mulhu   s2, s8, s2
core   0: 3 0x80007ae2 (0x032c3933) x18 0x78e40885
core   0: 0x80007ae6 (0x000014fd) c.addi  s1, -1
core   0: 3 0x80007ae6 (0x14fd) x9  0xffffffff
core   0: 0x80007ae8 (0x00114483) lbu     s1, 1(sp)
core   0: 3 0x80007ae8 (0x00114483) x9  0x00000000 mem 0x80010ad2
core   0: 0x80007aec (0xff810b23) sb      s8, -10(sp)
core   0: 3 0x80007aec (0xff810b23) mem 0x80010ac7 0x4c
core   0: 0x80007af0 (0x03209933) mulh    s2, ra, s2
core   0: 3 0x80007af0 (0x03209933) x18 0x00000000
core   0: 0x80007af4 (0xfde10683) lb      a3, -34(sp)
core   0: 3 0x80007af4 (0xfde10683) x13 0x00000000 mem 0x80010aaf
core   0: 0x80007af8 (0xfea14483) lbu     s1, -22(sp)
core   0: 3 0x80007af8 (0xfea14483) x9  0x00000000 mem 0x80010abb
core   0: 0x80007afc (0xfe548d13) addi    s10, s1, -27
core   0: 3 0x80007afc (0xfe548d13) x26 0xffffffe5
core   0: 0x80007b00 (0x00008eb5) c.xor   a3, a3
core   0: 3 0x80007b00 (0x8eb5) x13 0x00000000
core   0: 0x80007b02 (0x01210423) sb      s2, 8(sp)
core   0: 3 0x80007b02 (0x01210423) mem 0x80010ad9 0x00
core   0: 0x80007b06 (0x001123a3) sw      ra, 7(sp)
core   0: 3 0x80007b06 (0x001123a3) mem 0x80010ad8 0x00000000
core   0: 0x80007b0a (0xfde14683) lbu     a3, -34(sp)
core   0: 3 0x80007b0a (0xfde14683) x13 0x00000000 mem 0x80010aaf
core   0: 0x80007b0e (0x03b10903) lb      s2, 59(sp)
core   0: 3 0x80007b0e (0x03b10903) x18 0x00000000 mem 0x80010b0c
core   0: 0x80007b12 (0x00008d6a) c.mv    s10, s10
core   0: 3 0x80007b12 (0x8d6a) x26 0xffffffe5
core   0: 0x80007b14 (0x5b992913) slti    s2, s2, 1465
core   0: 3 0x80007b14 (0x5b992913) x18 0x00000001
core   0: 0x80007b18 (0x03a900b3) mul     ra, s2, s10
core   0: 3 0x80007b18 (0x03a900b3) x1  0xffffffe5
core   0: 0x80007b1c (0x00110723) sb      ra, 14(sp)
core   0: 3 0x80007b1c (0x00110723) mem 0x80010adf 0xe5
core   0: 0x80007b20 (0xffa11fa3) sh      s10, -1(sp)
core   0: 3 0x80007b20 (0xffa11fa3) mem 0x80010ad0 0xffe5
core   0: 0x80007b24 (0x00006c09) c.lui   s8, 0x2
core   0: 3 0x80007b24 (0x6c09) x24 0x00002000
core   0: 0x80007b26 (0x00000966) c.slli  s2, 25
core   0: 3 0x80007b26 (0x0966) x18 0x02000000
core   0: 0x80007b28 (0x4150d093) srai    ra, ra, 21
core   0: 3 0x80007b28 (0x4150d093) x1  0xffffffff
core   0: 0x80007b2c (0x02414683) lbu     a3, 36(sp)
core   0: 3 0x80007b2c (0x02414683) x13 0x000000ff mem 0x80010af5
core   0: 0x80007b30 (0x02110823) sb      ra, 48(sp)
core   0: 3 0x80007b30 (0x02110823) mem 0x80010b01 0xff
core   0: 0x80007b34 (0x00c10083) lb      ra, 12(sp)
core   0: 3 0x80007b34 (0x00c10083) x1  0x00000000 mem 0x80010add
core   0: 0x80007b38 (0xfc214483) lbu     s1, -62(sp)
core   0: 3 0x80007b38 (0xfc214483) x9  0x00000000 mem 0x80010a93
core   0: 0x80007b3c (0x03a111a3) sh      s10, 35(sp)
core   0: 3 0x80007b3c (0x03a111a3) mem 0x80010af4 0xffe5
core   0: 0x80007b40 (0xfea10c03) lb      s8, -22(sp)
core   0: 3 0x80007b40 (0xfea10c03) x24 0x00000000 mem 0x80010abb
core   0: 0x80007b44 (0x00004c65) c.li    s8, 25
core   0: 3 0x80007b44 (0x4c65) x24 0x00000019
core   0: 0x80007b46 (0x03210e23) sb      s2, 60(sp)
core   0: 3 0x80007b46 (0x03210e23) mem 0x80010b0d 0x00
core   0: 0x80007b4a (0x00009217) auipc   tp, 0x9
core   0: 3 0x80007b4a (0x00009217) x4  0x80010b4a
core   0: 0x80007b4e (0x4b020213) addi    tp, tp, 1200
core   0: 3 0x80007b4e (0x4b020213) x4  0x80010ffa
core   0: 0x80007b52 (0x9de20f83) lb      t6, -1570(tp)
core   0: 3 0x80007b52 (0x9de20f83) x31 0x00000000 mem 0x800109d8
core   0: 0x80007b56 (0xaf920883) lb      a7, -1287(tp)
core   0: 3 0x80007b56 (0xaf920883) x17 0x00000000 mem 0x80010af3
core   0: 0x80007b5a (0x0296f8b3) remu    a7, a3, s1
core   0: 3 0x80007b5a (0x0296f8b3) x17 0x000000ff
core   0: 0x80007b5e (0x020e6433) rem     s0, t3, zero
core   0: 3 0x80007b5e (0x020e6433) x8  0x00000000
core   0: 0x80007b62 (0xd6720883) lb      a7, -665(tp)
core   0: 3 0x80007b62 (0xd6720883) x17 0x00000000 mem 0x80010d61
core   0: 0x80007b66 (0x00008ea5) c.xor   a3, s1
core   0: 3 0x80007b66 (0x8ea5) x13 0x000000ff
core   0: 0x80007b68 (0xf6620da3) sb      t1, -133(tp)
core   0: 3 0x80007b68 (0xf6620da3) mem 0x80010f75 0x48
core   0: 0x80007b6c (0x00004a75) c.li    s4, 29
core   0: 3 0x80007b6c (0x4a75) x20 0x0000001d
core   0: 0x80007b6e (0x000042f5) c.li    t0, 29
core   0: 3 0x80007b6e (0x42f5) x5  0x0000001d
core   0: 0x80007b70 (0xbb425903) lhu     s2, -1100(tp)
core   0: 3 0x80007b70 (0xbb425903) x18 0x00000000 mem 0x80010bae
core   0: 0x80007b74 (0x00ab54b3) srl     s1, s6, a0
core   0: 3 0x80007b74 (0x00ab54b3) x9  0x00000000
core   0: 0x80007b78 (0x014dfa33) and     s4, s11, s4
core   0: 3 0x80007b78 (0x014dfa33) x20 0x00000000
core   0: 0x80007b7c (0xf7763c93) sltiu   s9, a2, -137
core   0: 3 0x80007b7c (0xf7763c93) x25 0x00000001
core   0: 0x80007b80 (0x00005b7d) c.li    s6, -1
core   0: 3 0x80007b80 (0x5b7d) x22 0xffffffff
core   0: 0x80007b82 (0xc8320283) lb      t0, -893(tp)
core   0: 3 0x80007b82 (0xc8320283) x5  0x00000000 mem 0x80010c7d
core   0: 0x80007b86 (0x019e1e93) slli    t4, t3, 25
core   0: 3 0x80007b86 (0x019e1e93) x29 0x00000000
core   0: 0x80007b8a (0xb8f20003) lb      zero, -1137(tp)
core   0: 3 0x80007b8a (0xb8f20003) mem 0x80010b89
core   0: 0x80007b8e (0x96324383) lbu     t2, -1693(tp)
core   0: 3 0x80007b8e (0x96324383) x7  0x00000000 mem 0x8001095d
core   0: 0x80007b92 (0x00000001) c.nop
core   0: 3 0x80007b92 (0x0001)
core   0: 0x80007b94 (0xf6724103) lbu     sp, -153(tp)
core   0: 3 0x80007b94 (0xf6724103) x2  0x00000000 mem 0x80010f61
core   0: 0x80007b98 (0xd68207a3) sb      s0, -657(tp)
core   0: 3 0x80007b98 (0xd68207a3) mem 0x80010d69 0x00
core   0: 0x80007b9c (0x00f404b3) add     s1, s0, a5
core   0: 3 0x80007b9c (0x00f404b3) x9  0x00000000
core   0: 0x80007ba0 (0x00000b84) c.addi4spn s1, sp, 464
core   0: 3 0x80007ba0 (0x0b84) x9  0x000001d0
core   0: 0x80007ba2 (0x03e21823) sh      t5, 48(tp)
core   0: 3 0x80007ba2 (0x03e21823) mem 0x8001102a 0x5e34
core   0: 0x80007ba6 (0xa5320283) lb      t0, -1453(tp)
core   0: 3 0x80007ba6 (0xa5320283) x5  0x00000000 mem 0x80010a4d
core   0: 0x80007baa (0x00009d3a) c.add   s10, a4
core   0: 3 0x80007baa (0x9d3a) x26 0x7ffd67b3
core   0: 0x80007bac (0x410d0133) sub     sp, s10, a6
core   0: 3 0x80007bac (0x410d0133) x2  0x24b1a5ed
core   0: 0x80007bb0 (0xbd222583) lw      a1, -1070(tp)
core   0: 3 0x80007bb0 (0xbd222583) x11 0x00000000 mem 0x80010bcc
core   0: 0x80007bb4 (0x8a320c03) lb      s8, -1885(tp)
core   0: 3 0x80007bb4 (0x8a320c03) x24 0x00000000 mem 0x8001089d
core   0: 0x80007bb8 (0xb4724383) lbu     t2, -1209(tp)
core   0: 3 0x80007bb8 (0xb4724383) x7  0x00000000 mem 0x80010b41
core   0: 0x80007bbc (0x408d0c33) sub     s8, s10, s0
core   0: 3 0x80007bbc (0x408d0c33) x24 0x7ffd67b3
core   0: 0x80007bc0 (0x00008f2d) c.xor   a4, a1
core   0: 3 0x80007bc0 (0x8f2d) x14 0x7ffd67ce
core   0: 0x80007bc2 (0x21c1f393) andi    t2, gp, 540
core   0: 3 0x80007bc2 (0x21c1f393) x7  0x00000000
core   0: 0x80007bc6 (0xc90fb613) sltiu   a2, t6, -880
core   0: 3 0x80007bc6 (0xc90fb613) x12 0x00000001
core   0: 0x80007bca (0x000097c2) c.add   a5, a6
core   0: 3 0x80007bca (0x97c2) x15 0x5b4bc1c6
core   0: 0x80007bcc (0xe6b20d83) lb      s11, -405(tp)
core   0: 3 0x80007bcc (0xe6b20d83) x27 0x00000000 mem 0x80010e65
core   0: 0x80007bd0 (0x00008fb5) c.xor   a5, a3
core   0: 3 0x80007bd0 (0x8fb5) x15 0x5b4bc139
core   0: 0x80007bd2 (0xda720723) sb      t2, -594(tp)
core   0: 3 0x80007bd2 (0xda720723) mem 0x80010da8 0x00
core   0: 0x80007bd6 (0x0194a333) slt     t1, s1, s9
core   0: 3 0x80007bd6 (0x0194a333) x6  0x00000000
core   0: 0x80007bda (0xb3e20ca3) sb      t5, -1223(tp)
core   0: 3 0x80007bda (0xb3e20ca3) mem 0x80010b33 0x34
core   0: 0x80007bde (0x1f6efa93) andi    s5, t4, 502
core   0: 3 0x80007bde (0x1f6efa93) x21 0x00000000
core   0: 0x80007be2 (0xe2020d03) lb      s10, -480(tp)
core   0: 3 0x80007be2 (0xe2020d03) x26 0x00000000 mem 0x80010e1a
core   0: 0x80007be6 (0x038392b3) mulh    t0, t2, s8
core   0: 3 0x80007be6 (0x038392b3) x5  0x00000000
core   0: 0x80007bea (0x00008ead) c.xor   a3, a1
core   0: 3 0x80007bea (0x8ead) x13 0x000000ff
core   0: 0x80007bec (0xd0724283) lbu     t0, -761(tp)
core   0: 3 0x80007bec (0xd0724283) x5  0x00000000 mem 0x80010d01
core   0: 0x80007bf0 (0x03b81033) mulh    zero, a6, s11
core   0: 3 0x80007bf0 (0x03b81033)
core   0: 0x80007bf4 (0x016586b3) add     a3, a1, s6
core   0: 3 0x80007bf4 (0x016586b3) x13 0xffffffff
core   0: 0x80007bf8 (0x00008dc1) c.or    a1, s0
core   0: 3 0x80007bf8 (0x8dc1) x11 0x00000000
core   0: 0x80007bfa (0xf4a21a03) lh      s4, -182(tp)
core   0: 3 0x80007bfa (0xf4a21a03) x20 0x00000000 mem 0x80010f44
core   0: 0x80007bfe (0xb9924783) lbu     a5, -1127(tp)
core   0: 3 0x80007bfe (0xb9924783) x15 0x00000000 mem 0x80010b93
core   0: 0x80007c02 (0x89821c83) lh      s9, -1896(tp)
core   0: 3 0x80007c02 (0x89821c83) x25 0x00000000 mem 0x80010892
core   0: 0x80007c06 (0x0000f297) auipc   t0, 0xf
core   0: 3 0x80007c06 (0x0000f297) x5  0x80016c06
core   0: 0x80007c0a (0xb6628293) addi    t0, t0, -1178
core   0: 3 0x80007c0a (0xb6628293) x5  0x8001676c
core   0: 0x80007c0e (0x01c28123) sb      t3, 2(t0)
core   0: 3 0x80007c0e (0x01c28123) mem 0x8001676e 0x00
core   0: 0x80007c12 (0x00229783) lh      a5, 2(t0)
core   0: 3 0x80007c12 (0x00229783) x15 0x00000000 mem 0x8001676e
core   0: 0x80007c16 (0x00429483) lh      s1, 4(t0)
core   0: 3 0x80007c16 (0x00429483) x9  0x00000000 mem 0x80016770
core   0: 0x80007c1a (0xff428da3) sb      s4, -5(t0)
core   0: 3 0x80007c1a (0xff428da3) mem 0x80016767 0x00
core   0: 0x80007c1e (0x01129523) sh      a7, 10(t0)
core   0: 3 0x80007c1e (0x01129523) mem 0x80016776 0x0000
core   0: 0x80007c22 (0x00009fce) c.add   t6, s3
core   0: 3 0x80007c22 (0x9fce) x31 0x80029d24
core   0: 0x80007c24 (0x40828d33) sub     s10, t0, s0
core   0: 3 0x80007c24 (0x40828d33) x26 0x8001676c
core   0: 0x80007c28 (0x00628b03) lb      s6, 6(t0)
core   0: 3 0x80007c28 (0x00628b03) x22 0x00000000 mem 0x80016772
core   0: 0x80007c2c (0x00d2c403) lbu     s0, 13(t0)
core   0: 3 0x80007c2c (0x00d2c403) x8  0x00000000 mem 0x80016779
core   0: 0x80007c30 (0x00829403) lh      s0, 8(t0)
core   0: 3 0x80007c30 (0x00829403) x8  0x00000000 mem 0x80016774
core   0: 0x80007c34 (0x40a505b3) sub     a1, a0, a0
core   0: 3 0x80007c34 (0x40a505b3) x11 0x00000000
core   0: 0x80007c38 (0xff32c683) lbu     a3, -13(t0)
core   0: 3 0x80007c38 (0xff32c683) x13 0x000000fa mem 0x8001675f
core   0: 0x80007c3c (0x00a2ce03) lbu     t3, 10(t0)
core   0: 3 0x80007c3c (0x00a2ce03) x28 0x00000000 mem 0x80016776
core   0: 0x80007c40 (0xff629c23) sh      s6, -8(t0)
core   0: 3 0x80007c40 (0xff629c23) mem 0x80016764 0x0000
core   0: 0x80007c44 (0xfe4289a3) sb      tp, -13(t0)
core   0: 3 0x80007c44 (0xfe4289a3) mem 0x8001675f 0xfa
core   0: 0x80007c48 (0x00005759) c.li    a4, -10
core   0: 3 0x80007c48 (0x5759) x14 0xfffffff6
core   0: 0x80007c4a (0x00008a01) c.andi  a2, 0
core   0: 3 0x80007c4a (0x8a01) x12 0x00000000
core   0: 0x80007c4c (0x0000823d) c.srli  a2, 15
core   0: 3 0x80007c4c (0x823d) x12 0x00000000
core   0: 0x80007c4e (0x00e2ce33) xor     t3, t0, a4
core   0: 3 0x80007c4e (0x00e2ce33) x28 0x7ffe989a
core   0: 0x80007c52 (0x00004391) c.li    t2, 4
core   0: 3 0x80007c52 (0x4391) x7  0x00000004
core   0: 0x80007c54 (0xc714b213) sltiu   tp, s1, -911
core   0: 3 0x80007c54 (0xc714b213) x4  0x00000001
core   0: 0x80007c58 (0x037db933) mulhu   s2, s11, s7
core   0: 3 0x80007c58 (0x037db933) x18 0x00000000
core   0: 0x80007c5c (0x00008d59) c.or    a0, a4
core   0: 3 0x80007c5c (0x8d59) x10 0xfffffff7
core   0: 0x80007c5e (0x00008141) c.srli  a0, 16
core   0: 3 0x80007c5e (0x8141) x10 0x0000ffff
core   0: 0x80007c60 (0x00000001) c.nop
core   0: 3 0x80007c60 (0x0001)
core   0: 0x80007c62 (0x00000705) c.addi  a4, 1
core   0: 3 0x80007c62 (0x0705) x14 0xfffffff7
core   0: 0x80007c64 (0x1c470f97) auipc   t6, 0x1c470
core   0: 3 0x80007c64 (0x1c470f97) x31 0x9c477c64
core   0: 0x80007c68 (0xb1fa7013) andi    zero, s4, -1249
core   0: 3 0x80007c68 (0xb1fa7013)
core   0: 0x80007c6c (0xd3a57593) andi    a1, a0, -710
core   0: 3 0x80007c6c (0xd3a57593) x11 0x0000fd3a
core   0: 0x80007c70 (0x02e29233) mulh    tp, t0, a4
core   0: 3 0x80007c70 (0x02e29233) x4  0x00000004
core   0: 0x80007c74 (0xfe7760e3) bltu    a4, t2, pc - 32
core   0: 3 0x80007c74 (0xfe7760e3)
core   0: 0x80007c78 (0x038e28b3) mulhsu  a7, t3, s8
core   0: 3 0x80007c78 (0x038e28b3) x17 0x3ffe002a
core   0: 0x80007c7c (0x0380036f) jal     t1, pc + 0x38
core   0: 3 0x80007c7c (0x0380036f) x6  0x80007c80
core   0: 0x80007cb4 (0x0080036f) jal     t1, pc + 0x8
core   0: 3 0x80007cb4 (0x0080036f) x6  0x80007cb8
core   0: 0x80007cbc (0xfd9ff0ef) jal     pc - 0x28
core   0: 3 0x80007cbc (0xfd9ff0ef) x1  0x80007cc0
core   0: 0x80007c94 (0x00002831) c.jal   pc + 28
core   0: 3 0x80007c94 (0x2831) x1  0x80007c96
core   0: 0x80007cb0 (0xff7fffef) jal     t6, pc - 0xa
core   0: 3 0x80007cb0 (0xff7fffef) x31 0x80007cb4
core   0: 0x80007ca6 (0xfe9ffcef) jal     s9, pc - 0x18
core   0: 3 0x80007ca6 (0xfe9ffcef) x25 0x80007caa
core   0: 0x80007c8e (0x00003fdd) c.jal   pc - 10
core   0: 3 0x80007c8e (0x3fdd) x1  0x80007c90
core   0: 0x80007c84 (0x0000bffd) c.j     pc - 2
core   0: 3 0x80007c84 (0xbffd)
core   0: 0x80007c82 (0x0000a829) c.j     pc + 26
core   0: 3 0x80007c82 (0xa829)
core   0: 0x80007c9c (0x0000a839) c.j     pc + 30
core   0: 3 0x80007c9c (0xa839)
core   0: 0x80007cba (0x0000b7f1) c.j     pc - 52
core   0: 3 0x80007cba (0xb7f1)
core   0: 0x80007c86 (0x00002811) c.jal   pc + 20
core   0: 3 0x80007c86 (0x2811) x1  0x80007c88
core   0: 0x80007c9a (0x0000a029) c.j     pc + 10
core   0: 3 0x80007c9a (0xa029)
core   0: 0x80007ca4 (0x0000bfd5) c.j     pc - 12
core   0: 3 0x80007ca4 (0xbfd5)
core   0: 0x80007c98 (0x00002025) c.jal   pc + 40
core   0: 3 0x80007c98 (0x2025) x1  0x80007c9a
core   0: 0x80007cc0 (0xfebff0ef) jal     pc - 0x16
core   0: 3 0x80007cc0 (0xfebff0ef) x1  0x80007cc4
core   0: 0x80007caa (0x0000bfd5) c.j     pc - 12
core   0: 3 0x80007caa (0xbfd5)
core   0: 0x80007c9e (0xff9ff0ef) jal     pc - 0x8
core   0: 3 0x80007c9e (0xff9ff0ef) x1  0x80007ca2
core   0: 0x80007c96 (0x0000a03d) c.j     pc + 46
core   0: 3 0x80007c96 (0xa03d)
core   0: 0x80007cc4 (0x0040036f) jal     t1, pc + 0x4
core   0: 3 0x80007cc4 (0x0040036f) x6  0x80007cc8
core   0: 0x80007cc8 (0xfb9ff0ef) jal     pc - 0x48
core   0: 3 0x80007cc8 (0xfb9ff0ef) x1  0x80007ccc
core   0: 0x80007c80 (0x0000a825) c.j     pc + 56
core   0: 3 0x80007c80 (0xa825)
core   0: 0x80007cb8 (0x00003fc1) c.jal   pc - 48
core   0: 3 0x80007cb8 (0x3fc1) x1  0x80007cba
core   0: 0x80007c88 (0x0000a021) c.j     pc + 8
core   0: 3 0x80007c88 (0xa021)
core   0: 0x80007c90 (0x01c000ef) jal     pc + 0x1c
core   0: 3 0x80007c90 (0x01c000ef) x1  0x80007c94
core   0: 0x80007cac (0x0000bfdd) c.j     pc - 10
core   0: 3 0x80007cac (0xbfdd)
core   0: 0x80007ca2 (0x0000a031) c.j     pc + 12
core   0: 3 0x80007ca2 (0xa031)
core   0: 0x80007cae (0x00003ff1) c.jal   pc - 36
core   0: 3 0x80007cae (0x3ff1) x1  0x80007cb0
core   0: 0x80007c8a (0x0420056f) jal     a0, pc + 0x42
core   0: 3 0x80007c8a (0x0420056f) x10 0x80007c8e
core   0: 0x80007ccc (0x40985d33) sra     s10, a6, s1
core   0: 3 0x80007ccc (0x40985d33) x26 0x5b4bc1c6
core   0: 0x80007cd0 (0x00010c97) auipc   s9, 0x10
core   0: 3 0x80007cd0 (0x00010c97) x25 0x80017cd0
core   0: 0x80007cd4 (0x4e8c8c93) addi    s9, s9, 1256
core   0: 3 0x80007cd4 (0x4e8c8c93) x25 0x800181b8
core   0: 0x80007cd8 (0x00000001) c.nop
core   0: 3 0x80007cd8 (0x0001)
core   0: 0x80007cda (0xff0cc883) lbu     a7, -16(s9)
core   0: 3 0x80007cda (0xff0cc883) x17 0x00000000 mem 0x800181a8
core   0: 0x80007cde (0x409ad793) srai    a5, s5, 9
core   0: 3 0x80007cde (0x409ad793) x15 0x00000000
core   0: 0x80007ce2 (0x034fceb3) div     t4, t6, s4
core   0: 3 0x80007ce2 (0x034fceb3) x29 0xffffffff
core   0: 0x80007ce6 (0x028cd703) lhu     a4, 40(s9)
core   0: 3 0x80007ce6 (0x028cd703) x14 0x00000000 mem 0x800181e0
core   0: 0x80007cea (0x036b2933) mulhsu  s2, s6, s6
core   0: 3 0x80007cea (0x036b2933) x18 0x00000000
core   0: 0x80007cee (0xf0c40d93) addi    s11, s0, -244
core   0: 3 0x80007cee (0xf0c40d93) x27 0xffffff0c
core   0: 0x80007cf2 (0xff9c8183) lb      gp, -7(s9)
core   0: 3 0x80007cf2 (0xff9c8183) x3  0x00000000 mem 0x800181b1
core   0: 0x80007cf6 (0xffcc83a3) sb      t3, -25(s9)
core   0: 3 0x80007cf6 (0xffcc83a3) mem 0x8001819f 0x9a
core   0: 0x80007cfa (0x00000c8c) c.addi4spn a1, sp, 592
core   0: 3 0x80007cfa (0x0c8c) x11 0x24b1a83d
core   0: 0x80007cfc (0x023c8aa3) sb      gp, 53(s9)
core   0: 3 0x80007cfc (0x023c8aa3) mem 0x800181ed 0x00
core   0: 0x80007d00 (0x02efa133) mulhsu  sp, t6, a4
core   0: 3 0x80007d00 (0x02efa133) x2  0x00000000
core   0: 0x80007d04 (0xfd7cc483) lbu     s1, -41(s9)
core   0: 3 0x80007d04 (0xfd7cc483) x9  0x00000000 mem 0x8001818f
core   0: 0x80007d08 (0x045c8023) sb      t0, 64(s9)
core   0: 3 0x80007d08 (0x045c8023) mem 0x800181f8 0x6c
core   0: 0x80007d0c (0xff1c8ea3) sb      a7, -3(s9)
core   0: 3 0x80007d0c (0xff1c8ea3) mem 0x800181b5 0x00
core   0: 0x80007d10 (0x00008031) c.srli  s0, 12
core   0: 3 0x80007d10 (0x8031) x8  0x00000000
core   0: 0x80007d12 (0x2b9df713) andi    a4, s11, 697
core   0: 3 0x80007d12 (0x2b9df713) x14 0x00000208
core   0: 0x80007d16 (0x02fdf933) remu    s2, s11, a5
core   0: 3 0x80007d16 (0x02fdf933) x18 0xffffff0c
core   0: 0x80007d1a (0xfd0c9023) sh      a6, -64(s9)
core   0: 3 0x80007d1a (0xfd0c9023) mem 0x80018178 0xc1c6
core   0: 0x80007d1e (0x01fcc283) lbu     t0, 31(s9)
core   0: 3 0x80007d1e (0x01fcc283) x5  0x00000000 mem 0x800181d7
core   0: 0x80007d22 (0x2753fc13) andi    s8, t2, 629
core   0: 3 0x80007d22 (0x2753fc13) x24 0x00000004
core   0: 0x80007d26 (0x01565133) srl     sp, a2, s5
core   0: 3 0x80007d26 (0x01565133) x2  0x00000000
core   0: 0x80007d2a (0x00000001) c.nop
core   0: 3 0x80007d2a (0x0001)
core   0: 0x80007d2c (0x038caa03) lw      s4, 56(s9)
core   0: 3 0x80007d2c (0x038caa03) x20 0x00000000 mem 0x800181f0
core   0: 0x80007d30 (0x00008fd1) c.or    a5, a2
core   0: 3 0x80007d30 (0x8fd1) x15 0x00000000
core   0: 0x80007d32 (0xfc0ca083) lw      ra, -64(s9)
core   0: 3 0x80007d32 (0xfc0ca083) x1  0x0000c1c6 mem 0x80018178
core   0: 0x80007d36 (0x03fcc183) lbu     gp, 63(s9)
core   0: 3 0x80007d36 (0x03fcc183) x3  0x00000000 mem 0x800181f7
core   0: 0x80007d3a (0x008fbeb3) sltu    t4, t6, s0
core   0: 3 0x80007d3a (0x008fbeb3) x29 0x00000000
core   0: 0x80007d3e (0xfc2ccf83) lbu     t6, -62(s9)
core   0: 3 0x80007d3e (0xfc2ccf83) x31 0x00000000 mem 0x8001817a
core   0: 0x80007d42 (0x00009ec2) c.add   t4, a6
core   0: 3 0x80007d42 (0x9ec2) x29 0x5b4bc1c6
core   0: 0x80007d44 (0x09fbaa93) slti    s5, s7, 159
core   0: 3 0x80007d44 (0x09fbaa93) x21 0x00000001
core   0: 0x80007d48 (0x00cc8403) lb      s0, 12(s9)
core   0: 3 0x80007d48 (0x00cc8403) x8  0x00000000 mem 0x800181c4
core   0: 0x80007d4c (0xfe1cc283) lbu     t0, -31(s9)
core   0: 3 0x80007d4c (0xfe1cc283) x5  0x00000000 mem 0x80018199
core   0: 0x80007d50 (0xd2b0a913) slti    s2, ra, -725
core   0: 3 0x80007d50 (0xd2b0a913) x18 0x00000000
core   0: 0x80007d54 (0xff0c8103) lb      sp, -16(s9)
core   0: 3 0x80007d54 (0xff0c8103) x2  0x00000000 mem 0x800181a8
core   0: 0x80007d58 (0xffacd283) lhu     t0, -6(s9)
core   0: 3 0x80007d58 (0xffacd283) x5  0x00000000 mem 0x800181b2
core   0: 0x80007d5c (0xfd5cc383) lbu     t2, -43(s9)
core   0: 3 0x80007d5c (0xfd5cc383) x7  0x00000000 mem 0x8001818d
core   0: 0x80007d60 (0xcd6e7893) andi    a7, t3, -810
core   0: 3 0x80007d60 (0xcd6e7893) x17 0x7ffe9892
core   0: 0x80007d64 (0x1bc46d13) ori     s10, s0, 444
core   0: 3 0x80007d64 (0x1bc46d13) x26 0x000001bc
core   0: 0x80007d68 (0x400ad133) sra     sp, s5, zero
core   0: 3 0x80007d68 (0x400ad133) x2  0x00000001
core   0: 0x80007d6c (0x00000d9e) c.slli  s11, 7
core   0: 3 0x80007d6c (0x0d9e) x27 0xffff8600
core   0: 0x80007d6e (0x038c8503) lb      a0, 56(s9)
core   0: 3 0x80007d6e (0x038c8503) x10 0x00000000 mem 0x800181f0
core   0: 0x80007d72 (0xfe7c8a83) lb      s5, -25(s9)
core   0: 3 0x80007d72 (0xfe7c8a83) x21 0xffffff9a mem 0x8001819f
core   0: 0x80007d76 (0x035155b3) divu    a1, sp, s5
core   0: 3 0x80007d76 (0x035155b3) x11 0x00000000
core   0: 0x80007d7a (0x00000001) c.nop
core   0: 3 0x80007d7a (0x0001)
core   0: 0x80007d7c (0x02cc8483) lb      s1, 44(s9)
core   0: 3 0x80007d7c (0x02cc8483) x9  0x00000000 mem 0x800181e4
core   0: 0x80007d80 (0x00019c97) auipc   s9, 0x19
core   0: 3 0x80007d80 (0x00019c97) x25 0x80020d80
core   0: 0x80007d84 (0x86cc8c93) addi    s9, s9, -1940
core   0: 3 0x80007d84 (0x86cc8c93) x25 0x800205ec
core   0: 0x80007d88 (0x00008ec1) c.or    a3, s0
core   0: 3 0x80007d88 (0x8ec1) x13 0x000000fa
core   0: 0x80007d8a (0x00008e05) c.sub   a2, s1
core   0: 3 0x80007d8a (0x8e05) x12 0x00000000
core   0: 0x80007d8c (0xc23c8083) lb      ra, -989(s9)
core   0: 3 0x80007d8c (0xc23c8083) x1  0x00000008 mem 0x8002020f
core   0: 0x80007d90 (0xc2ec81a3) sb      a4, -989(s9)
core   0: 3 0x80007d90 (0xc2ec81a3) mem 0x8002020f 0x08
core   0: 0x80007d94 (0x412c9003) lh      zero, 1042(s9)
core   0: 3 0x80007d94 (0x412c9003) mem 0x800209fe
core   0: 0x80007d98 (0x412cd303) lhu     t1, 1042(s9)
core   0: 3 0x80007d98 (0x412cd303) x6  0x00000000 mem 0x800209fe
core   0: 0x80007d9c (0x492c9c03) lh      s8, 1170(s9)
core   0: 3 0x80007d9c (0x492c9c03) x24 0x00000000 mem 0x80020a7e
core   0: 0x80007da0 (0x197c83a3) sb      s7, 391(s9)
core   0: 3 0x80007da0 (0x197c83a3) mem 0x80020773 0xf1
core   0: 0x80007da4 (0xd90c9e03) lh      t3, -624(s9)
core   0: 3 0x80007da4 (0xd90c9e03) x28 0x00000000 mem 0x8002037c
core   0: 0x80007da8 (0x824c89a3) sb      tp, -1997(s9)
core   0: 3 0x80007da8 (0x824c89a3) mem 0x8001fe1f 0x04
core   0: 0x80007dac (0xcd0c7193) andi    gp, s8, -816
core   0: 3 0x80007dac (0xcd0c7193) x3  0x00000000
core   0: 0x80007db0 (0x83ec89a3) sb      t5, -1997(s9)
core   0: 3 0x80007db0 (0x83ec89a3) mem 0x8001fe1f 0x34
core   0: 0x80007db4 (0x8aec83a3) sb      a4, -1881(s9)
core   0: 3 0x80007db4 (0x8aec83a3) mem 0x8001fe93 0x08
core   0: 0x80007db8 (0x0cac9683) lh      a3, 202(s9)
core   0: 3 0x80007db8 (0x0cac9683) x13 0x00000000 mem 0x800206b6
core   0: 0x80007dbc (0xe7dc8ba3) sb      t4, -393(s9)
core   0: 3 0x80007dbc (0xe7dc8ba3) mem 0x80020463 0xc6
core   0: 0x80007dc0 (0xe60c8ba3) sb      zero, -393(s9)
core   0: 3 0x80007dc0 (0xe60c8ba3) mem 0x80020463 0x00
core   0: 0x80007dc4 (0x00004499) c.li    s1, 6
core   0: 3 0x80007dc4 (0x4499) x9  0x00000006
core   0: 0x80007dc6 (0x007695b3) sll     a1, a3, t2
core   0: 3 0x80007dc6 (0x007695b3) x11 0x00000000
core   0: 0x80007dca (0x00000001) c.nop
core   0: 3 0x80007dca (0x0001)
core   0: 0x80007dcc (0x00981093) slli    ra, a6, 9
core   0: 3 0x80007dcc (0x00981093) x1  0x97838c00
core   0: 0x80007dd0 (0x028c4fb3) div     t6, s8, s0
core   0: 3 0x80007dd0 (0x028c4fb3) x31 0xffffffff
core   0: 0x80007dd4 (0x030e3633) mulhu   a2, t3, a6
core   0: 3 0x80007dd4 (0x030e3633) x12 0x00000000
core   0: 0x80007dd8 (0x02e60eb3) mul     t4, a2, a4
core   0: 3 0x80007dd8 (0x02e60eb3) x29 0x00000000
core   0: 0x80007ddc (0x000014f9) c.addi  s1, -2
core   0: 3 0x80007ddc (0x14f9) x9  0x00000004
core   0: 0x80007dde (0x01a0abb3) slt     s7, ra, s10
core   0: 3 0x80007dde (0x01a0abb3) x23 0x00000001
core   0: 0x80007de2 (0x0000f8fd) c.bnez  s1, pc - 10
core   0: 3 0x80007de2 (0xf8fd)
core   0: 0x80007dd8 (0x02e60eb3) mul     t4, a2, a4
core   0: 3 0x80007dd8 (0x02e60eb3) x29 0x00000000
core   0: 0x80007ddc (0x000014f9) c.addi  s1, -2
core   0: 3 0x80007ddc (0x14f9) x9  0x00000002
core   0: 0x80007dde (0x01a0abb3) slt     s7, ra, s10
core   0: 3 0x80007dde (0x01a0abb3) x23 0x00000001
core   0: 0x80007de2 (0x0000f8fd) c.bnez  s1, pc - 10
core   0: 3 0x80007de2 (0xf8fd)
core   0: 0x80007dd8 (0x02e60eb3) mul     t4, a2, a4
core   0: 3 0x80007dd8 (0x02e60eb3) x29 0x00000000
core   0: 0x80007ddc (0x000014f9) c.addi  s1, -2
core   0: 3 0x80007ddc (0x14f9) x9  0x00000000
core   0: 0x80007dde (0x01a0abb3) slt     s7, ra, s10
core   0: 3 0x80007dde (0x01a0abb3) x23 0x00000001
core   0: 0x80007de2 (0x0000f8fd) c.bnez  s1, pc - 10
core   0: 3 0x80007de2 (0xf8fd)
core   0: 0x80007de4 (0x02ebacb3) mulhsu  s9, s7, a4
core   0: 3 0x80007de4 (0x02ebacb3) x25 0x00000000
core   0: 0x80007de8 (0x00009c17) auipc   s8, 0x9
core   0: 3 0x80007de8 (0x00009c17) x24 0x80010de8
core   0: 0x80007dec (0xc76c0c13) addi    s8, s8, -906
core   0: 3 0x80007dec (0xc76c0c13) x24 0x80010a5e
core   0: 0x80007df0 (0xf3828393) addi    t2, t0, -200
core   0: 3 0x80007df0 (0xf3828393) x7  0xffffff38
core   0: 0x80007df4 (0x02ec38b3) mulhu   a7, s8, a4
core   0: 3 0x80007df4 (0x02ec38b3) x17 0x00000104
core   0: 0x80007df8 (0x00bc0883) lb      a7, 11(s8)
core   0: 3 0x80007df8 (0x00bc0883) x17 0x00000001 mem 0x80010a69
core   0: 0x80007dfc (0xffcc0203) lb      tp, -4(s8)
core   0: 3 0x80007dfc (0xffcc0203) x4  0x00000000 mem 0x80010a5a
core   0: 0x80007e00 (0xfe3c0ca3) sb      gp, -7(s8)
core   0: 3 0x80007e00 (0xfe3c0ca3) mem 0x80010a57 0x00
core   0: 0x80007e04 (0x039f3b33) mulhu   s6, t5, s9
core   0: 3 0x80007e04 (0x039f3b33) x22 0x00000000
core   0: 0x80007e08 (0x0078db33) srl     s6, a7, t2
core   0: 3 0x80007e08 (0x0078db33) x22 0x00000000
core   0: 0x80007e0c (0x004c1183) lh      gp, 4(s8)
core   0: 3 0x80007e0c (0x004c1183) x3  0x00000000 mem 0x80010a62
core   0: 0x80007e10 (0x9b017c93) andi    s9, sp, -1616
core   0: 3 0x80007e10 (0x9b017c93) x25 0x00000000
core   0: 0x80007e14 (0x00dc0603) lb      a2, 13(s8)
core   0: 3 0x80007e14 (0x00dc0603) x12 0x00000000 mem 0x80010a6b
core   0: 0x80007e18 (0xff5c4383) lbu     t2, -11(s8)
core   0: 3 0x80007e18 (0xff5c4383) x7  0x00000000 mem 0x80010a53
core   0: 0x80007e1c (0x00d7da93) srli    s5, a5, 13
core   0: 3 0x80007e1c (0x00d7da93) x21 0x00000000
core   0: 0x80007e20 (0x00008f55) c.or    a4, a3
core   0: 3 0x80007e20 (0x8f55) x14 0x00000208
core   0: 0x80007e22 (0xfecc09a3) sb      a2, -13(s8)
core   0: 3 0x80007e22 (0xfecc09a3) mem 0x80010a51 0x00
core   0: 0x80007e26 (0x03274b33) div     s6, a4, s2
core   0: 3 0x80007e26 (0x03274b33) x22 0xffffffff
core   0: 0x80007e2a (0x00006d99) c.lui   s11, 0x6
core   0: 3 0x80007e2a (0x6d99) x27 0x00006000
core   0: 0x80007e2c (0x01ac0623) sb      s10, 12(s8)
core   0: 3 0x80007e2c (0x01ac0623) mem 0x80010a6a 0xbc
core   0: 0x80007e30 (0xff0c0ca3) sb      a6, -7(s8)
core   0: 3 0x80007e30 (0xff0c0ca3) mem 0x80010a57 0xc6
core   0: 0x80007e34 (0x033b5933) divu    s2, s6, s3
core   0: 3 0x80007e34 (0x033b5933) x18 0x00000001
core   0: 0x80007e38 (0x00004cd1) c.li    s9, 20
core   0: 3 0x80007e38 (0x4cd1) x25 0x00000014
core   0: 0x80007e3a (0x000007f2) c.slli  a5, 28
core   0: 3 0x80007e3a (0x07f2) x15 0x00000000
core   0: 0x80007e3c (0xff3c0a03) lb      s4, -13(s8)
core   0: 3 0x80007e3c (0xff3c0a03) x20 0x00000000 mem 0x80010a51
core   0: 0x80007e40 (0x00000001) c.nop
core   0: 3 0x80007e40 (0x0001)
core   0: 0x80007e42 (0x005c02a3) sb      t0, 5(s8)
core   0: 3 0x80007e42 (0x005c02a3) mem 0x80010a63 0x00
core   0: 0x80007e46 (0x0000177d) c.addi  a4, -1
core   0: 3 0x80007e46 (0x177d) x14 0x00000207
core   0: 0x80007e48 (0x005d30b3) sltu    ra, s10, t0
core   0: 3 0x80007e48 (0x005d30b3) x1  0x00000000
core   0: 0x80007e4c (0x012c05a3) sb      s2, 11(s8)
core   0: 3 0x80007e4c (0x012c05a3) mem 0x80010a69 0x01
core   0: 0x80007e50 (0x000006dd) c.addi  a3, 23
core   0: 3 0x80007e50 (0x06dd) x13 0x00000017
core   0: 0x80007e52 (0x027d0533) mul     a0, s10, t2
core   0: 3 0x80007e52 (0x027d0533) x10 0x00000000
core   0: 0x80007e56 (0x340b7737) lui     a4, 0x340b7
core   0: 3 0x80007e56 (0x340b7737) x14 0x340b7000
core   0: 0x80007e5a (0x01759eb3) sll     t4, a1, s7
core   0: 3 0x80007e5a (0x01759eb3) x29 0x00000000
core   0: 0x80007e5e (0x00000488) c.addi4spn a0, sp, 576
core   0: 3 0x80007e5e (0x0488) x10 0x00000241
core   0: 0x80007e60 (0x00008c79) c.and   s0, a4
core   0: 3 0x80007e60 (0x8c79) x8  0x00000000
core   0: 0x80007e62 (0xff4c0823) sb      s4, -16(s8)
core   0: 3 0x80007e62 (0xff4c0823) mem 0x80010a4e 0x00
core   0: 0x80007e66 (0x0e9f0517) auipc   a0, 0xe9f0
core   0: 3 0x80007e66 (0x0e9f0517) x10 0x8e9f7e66
core   0: 0x80007e6a (0x039d4233) div     tp, s10, s9
core   0: 3 0x80007e6a (0x039d4233) x4  0x00000016
core   0: 0x80007e6e (0xff1c0a83) lb      s5, -15(s8)
core   0: 3 0x80007e6e (0xff1c0a83) x21 0x00000000 mem 0x80010a4f
core   0: 0x80007e72 (0x00000001) c.nop
core   0: 3 0x80007e72 (0x0001)
core   0: 0x80007e74 (0x2fa70f93) addi    t6, a4, 762
core   0: 3 0x80007e74 (0x2fa70f93) x31 0x340b72fa
core   0: 0x80007e78 (0xff7c4503) lbu     a0, -9(s8)
core   0: 3 0x80007e78 (0xff7c4503) x10 0x00000000 mem 0x80010a55
core   0: 0x80007e7c (0x010c1423) sh      a6, 8(s8)
core   0: 3 0x80007e7c (0x010c1423) mem 0x80010a66 0xc1c6
core   0: 0x80007e80 (0xff5c0823) sb      s5, -16(s8)
core   0: 3 0x80007e80 (0xff5c0823) mem 0x80010a4e 0x00
core   0: 0x80007e84 (0xff8c1303) lh      t1, -8(s8)
core   0: 3 0x80007e84 (0xff8c1303) x6  0xffffc600 mem 0x80010a56
core   0: 0x80007e88 (0x002c4483) lbu     s1, 2(s8)
core   0: 3 0x80007e88 (0x002c4483) x9  0x00000000 mem 0x80010a60
core   0: 0x80007e8c (0x4589f893) andi    a7, s3, 1112
core   0: 3 0x80007e8c (0x4589f893) x17 0x00000400
core   0: 0x80007e90 (0x007c4383) lbu     t2, 7(s8)
core   0: 3 0x80007e90 (0x007c4383) x7  0x00000000 mem 0x80010a65
core   0: 0x80007e94 (0x01b3a7b3) slt     a5, t2, s11
core   0: 3 0x80007e94 (0x01b3a7b3) x15 0x00000001
core   0: 0x80007e98 (0x00308233) add     tp, ra, gp
core   0: 3 0x80007e98 (0x00308233) x4  0x00000000
core   0: 0x80007e9c (0x00000662) c.slli  a2, 24
core   0: 3 0x80007e9c (0x0662) x12 0x00000000
core   0: 0x80007e9e (0x006c2403) lw      s0, 6(s8)
core   0: 3 0x80007e9e (0x006c2403) x8  0xc1c60000 mem 0x80010a64
core   0: 0x80007ea2 (0x0300036f) jal     t1, pc + 0x30
core   0: 3 0x80007ea2 (0x0300036f) x6  0x80007ea6
core   0: 0x80007ed2 (0x000037d5) c.jal   pc - 28
core   0: 3 0x80007ed2 (0x37d5) x1  0x80007ed4
core   0: 0x80007eb6 (0x0000280d) c.jal   pc + 50
core   0: 3 0x80007eb6 (0x280d) x1  0x80007eb8
core   0: 0x80007ee8 (0xfdfff0ef) jal     pc - 0x22
core   0: 3 0x80007ee8 (0xfdfff0ef) x1  0x80007eec
core   0: 0x80007ec6 (0x0000bfd5) c.j     pc - 12
core   0: 3 0x80007ec6 (0xbfd5)
core   0: 0x80007eba (0xff9ff0ef) jal     pc - 0x8
core   0: 3 0x80007eba (0xff9ff0ef) x1  0x80007ebe
core   0: 0x80007eb2 (0x026000ef) jal     pc + 0x26
core   0: 3 0x80007eb2 (0x026000ef) x1  0x80007eb6
core   0: 0x80007ed8 (0xfe7ff0ef) jal     pc - 0x1a
core   0: 3 0x80007ed8 (0xfe7ff0ef) x1  0x80007edc
core   0: 0x80007ebe (0x01e0036f) jal     t1, pc + 0x1e
core   0: 3 0x80007ebe (0x01e0036f) x6  0x80007ec2
core   0: 0x80007edc (0x0060036f) jal     t1, pc + 0x6
core   0: 3 0x80007edc (0x0060036f) x6  0x80007ee0
core   0: 0x80007ee2 (0xff3ff0ef) jal     pc - 0xe
core   0: 3 0x80007ee2 (0xff3ff0ef) x1  0x80007ee6
core   0: 0x80007ed4 (0xff5ff0ef) jal     pc - 0xc
core   0: 3 0x80007ed4 (0xff5ff0ef) x1  0x80007ed8
core   0: 0x80007ec8 (0x000037dd) c.jal   pc - 26
core   0: 3 0x80007ec8 (0x37dd) x1  0x80007eca
core   0: 0x80007eae (0x014000ef) jal     pc + 0x14
core   0: 3 0x80007eae (0x014000ef) x1  0x80007eb2
core   0: 0x80007ec2 (0x000037ed) c.jal   pc - 22
core   0: 3 0x80007ec2 (0x37ed) x1  0x80007ec4
core   0: 0x80007eac (0x00002089) c.jal   pc + 66
core   0: 3 0x80007eac (0x2089) x1  0x80007eae
core   0: 0x80007eee (0xfffff0ef) jal     pc - 0x2
core   0: 3 0x80007eee (0xfffff0ef) x1  0x80007ef2
core   0: 0x80007eec (0x00003fe1) c.jal   pc - 40
core   0: 3 0x80007eec (0x3fe1) x1  0x80007eee
core   0: 0x80007ec4 (0x00002019) c.jal   pc + 6
core   0: 3 0x80007ec4 (0x2019) x1  0x80007ec6
core   0: 0x80007eca (0x00002819) c.jal   pc + 22
core   0: 3 0x80007eca (0x2819) x1  0x80007ecc
core   0: 0x80007ee0 (0x000037fd) c.jal   pc - 18
core   0: 3 0x80007ee0 (0x37fd) x1  0x80007ee2
core   0: 0x80007ece (0xfffff0ef) jal     pc - 0x2
core   0: 3 0x80007ece (0xfffff0ef) x1  0x80007ed2
core   0: 0x80007ecc (0x0000a829) c.j     pc + 26
core   0: 3 0x80007ecc (0xa829)
core   0: 0x80007ee6 (0x00003fc9) c.jal   pc - 46
core   0: 3 0x80007ee6 (0x3fc9) x1  0x80007ee8
core   0: 0x80007eb8 (0x00003fc5) c.jal   pc - 16
core   0: 3 0x80007eb8 (0x3fc5) x1  0x80007eba
core   0: 0x80007ea8 (0xfffff6ef) jal     a3, pc - 0x2
core   0: 3 0x80007ea8 (0xfffff6ef) x13 0x80007eac
core   0: 0x80007ea6 (0x0000a0b1) c.j     pc + 76
core   0: 3 0x80007ea6 (0xa0b1)
core   0: 0x80007ef2 (0x00008525) c.srai  a0, 9
core   0: 3 0x80007ef2 (0x8525) x10 0x00000000
core   0: 0x80007ef4 (0x00005e71) c.li    t3, -4
core   0: 3 0x80007ef4 (0x5e71) x28 0xfffffffc
core   0: 0x80007ef6 (0x00004ac9) c.li    s5, 18
core   0: 3 0x80007ef6 (0x4ac9) x21 0x00000012
core   0: 0x80007ef8 (0x01579db3) sll     s11, a5, s5
core   0: 3 0x80007ef8 (0x01579db3) x27 0x00040000
core   0: 0x80007efc (0x01819a33) sll     s4, gp, s8
core   0: 3 0x80007efc (0x01819a33) x20 0x00000000
core   0: 0x80007f00 (0x0020fb33) and     s6, ra, sp
core   0: 3 0x80007f00 (0x0020fb33) x22 0x00000000
core   0: 0x80007f04 (0x000081f2) c.mv    gp, t3
core   0: 3 0x80007f04 (0x81f2) x3  0xfffffffc
core   0: 0x80007f06 (0x00000e21) c.addi  t3, 8
core   0: 3 0x80007f06 (0x0e21) x28 0x00000004
core   0: 0x80007f08 (0xe0cdea13) ori     s4, s11, -500
core   0: 3 0x80007f08 (0xe0cdea13) x20 0xfffffe0c
core   0: 0x80007f0c (0x00004611) c.li    a2, 4
core   0: 3 0x80007f0c (0x4611) x12 0x00000004
core   0: 0x80007f0e (0x0000479d) c.li    a5, 7
core   0: 3 0x80007f0e (0x479d) x15 0x00000007
core   0: 0x80007f10 (0x0000627d) c.lui   tp, 0x1f
core   0: 3 0x80007f10 (0x627d) x4  0x0001f000
core   0: 0x80007f12 (0x003b4db3) xor     s11, s6, gp
core   0: 3 0x80007f12 (0x003b4db3) x27 0xfffffffc
core   0: 0x80007f16 (0x351455b7) lui     a1, 0x35145
core   0: 3 0x80007f16 (0x351455b7) x11 0x35145000
core   0: 0x80007f1a (0x015a76b3) and     a3, s4, s5
core   0: 3 0x80007f1a (0x015a76b3) x13 0x00000000
core   0: 0x80007f1e (0x00000619) c.addi  a2, 6
core   0: 3 0x80007f1e (0x0619) x12 0x0000000a
core   0: 0x80007f20 (0x00000001) c.nop
core   0: 3 0x80007f20 (0x0001)
core   0: 0x80007f22 (0xfef64ae3) blt     a2, a5, pc - 12
core   0: 3 0x80007f22 (0xfef64ae3)
core   0: 0x80007f26 (0x00008f35) c.xor   a4, a3
core   0: 3 0x80007f26 (0x8f35) x14 0x340b7000
core   0: 0x80007f28 (0x9a74ab13) slti    s6, s1, -1625
core   0: 3 0x80007f28 (0x9a74ab13) x22 0x00000000
core   0: 0x80007f2c (0xfd5e6ce3) bltu    t3, s5, pc - 40
core   0: 3 0x80007f2c (0xfd5e6ce3)
core   0: 0x80007f04 (0x000081f2) c.mv    gp, t3
core   0: 3 0x80007f04 (0x81f2) x3  0x00000004
core   0: 0x80007f06 (0x00000e21) c.addi  t3, 8
core   0: 3 0x80007f06 (0x0e21) x28 0x0000000c
core   0: 0x80007f08 (0xe0cdea13) ori     s4, s11, -500
core   0: 3 0x80007f08 (0xe0cdea13) x20 0xfffffffc
core   0: 0x80007f0c (0x00004611) c.li    a2, 4
core   0: 3 0x80007f0c (0x4611) x12 0x00000004
core   0: 0x80007f0e (0x0000479d) c.li    a5, 7
core   0: 3 0x80007f0e (0x479d) x15 0x00000007
core   0: 0x80007f10 (0x0000627d) c.lui   tp, 0x1f
core   0: 3 0x80007f10 (0x627d) x4  0x0001f000
core   0: 0x80007f12 (0x003b4db3) xor     s11, s6, gp
core   0: 3 0x80007f12 (0x003b4db3) x27 0x00000004
core   0: 0x80007f16 (0x351455b7) lui     a1, 0x35145
core   0: 3 0x80007f16 (0x351455b7) x11 0x35145000
core   0: 0x80007f1a (0x015a76b3) and     a3, s4, s5
core   0: 3 0x80007f1a (0x015a76b3) x13 0x00000010
core   0: 0x80007f1e (0x00000619) c.addi  a2, 6
core   0: 3 0x80007f1e (0x0619) x12 0x0000000a
core   0: 0x80007f20 (0x00000001) c.nop
core   0: 3 0x80007f20 (0x0001)
core   0: 0x80007f22 (0xfef64ae3) blt     a2, a5, pc - 12
core   0: 3 0x80007f22 (0xfef64ae3)
core   0: 0x80007f26 (0x00008f35) c.xor   a4, a3
core   0: 3 0x80007f26 (0x8f35) x14 0x340b7010
core   0: 0x80007f28 (0x9a74ab13) slti    s6, s1, -1625
core   0: 3 0x80007f28 (0x9a74ab13) x22 0x00000000
core   0: 0x80007f2c (0xfd5e6ce3) bltu    t3, s5, pc - 40
core   0: 3 0x80007f2c (0xfd5e6ce3)
core   0: 0x80007f04 (0x000081f2) c.mv    gp, t3
core   0: 3 0x80007f04 (0x81f2) x3  0x0000000c
core   0: 0x80007f06 (0x00000e21) c.addi  t3, 8
core   0: 3 0x80007f06 (0x0e21) x28 0x00000014
core   0: 0x80007f08 (0xe0cdea13) ori     s4, s11, -500
core   0: 3 0x80007f08 (0xe0cdea13) x20 0xfffffe0c
core   0: 0x80007f0c (0x00004611) c.li    a2, 4
core   0: 3 0x80007f0c (0x4611) x12 0x00000004
core   0: 0x80007f0e (0x0000479d) c.li    a5, 7
core   0: 3 0x80007f0e (0x479d) x15 0x00000007
core   0: 0x80007f10 (0x0000627d) c.lui   tp, 0x1f
core   0: 3 0x80007f10 (0x627d) x4  0x0001f000
core   0: 0x80007f12 (0x003b4db3) xor     s11, s6, gp
core   0: 3 0x80007f12 (0x003b4db3) x27 0x0000000c
core   0: 0x80007f16 (0x351455b7) lui     a1, 0x35145
core   0: 3 0x80007f16 (0x351455b7) x11 0x35145000
core   0: 0x80007f1a (0x015a76b3) and     a3, s4, s5
core   0: 3 0x80007f1a (0x015a76b3) x13 0x00000000
core   0: 0x80007f1e (0x00000619) c.addi  a2, 6
core   0: 3 0x80007f1e (0x0619) x12 0x0000000a
core   0: 0x80007f20 (0x00000001) c.nop
core   0: 3 0x80007f20 (0x0001)
core   0: 0x80007f22 (0xfef64ae3) blt     a2, a5, pc - 12
core   0: 3 0x80007f22 (0xfef64ae3)
core   0: 0x80007f26 (0x00008f35) c.xor   a4, a3
core   0: 3 0x80007f26 (0x8f35) x14 0x340b7010
core   0: 0x80007f28 (0x9a74ab13) slti    s6, s1, -1625
core   0: 3 0x80007f28 (0x9a74ab13) x22 0x00000000
core   0: 0x80007f2c (0xfd5e6ce3) bltu    t3, s5, pc - 40
core   0: 3 0x80007f2c (0xfd5e6ce3)
core   0: 0x80007f30 (0x0000597d) c.li    s2, -1
core   0: 3 0x80007f30 (0x597d) x18 0xffffffff
core   0: 0x80007f32 (0x00008117) auipc   sp, 0x8
core   0: 3 0x80007f32 (0x00008117) x2  0x8000ff32
core   0: 0x80007f36 (0x20010113) addi    sp, sp, 512
core   0: 3 0x80007f36 (0x20010113) x2  0x80010132
core   0: 0x80007f3a (0x05d10603) lb      a2, 93(sp)
core   0: 3 0x80007f3a (0x05d10603) x12 0x00000000 mem 0x8001018f
core   0: 0x80007f3e (0x00fc5c33) srl     s8, s8, a5
core   0: 3 0x80007f3e (0x00fc5c33) x24 0x01000214
core   0: 0x80007f42 (0xfb714483) lbu     s1, -73(sp)
core   0: 3 0x80007f42 (0xfb714483) x9  0x000000c6 mem 0x800100e9
core   0: 0x80007f46 (0x0c510c03) lb      s8, 197(sp)
core   0: 3 0x80007f46 (0x0c510c03) x24 0x00000000 mem 0x800101f7
core   0: 0x80007f4a (0x09811323) sh      s8, 134(sp)
core   0: 3 0x80007f4a (0x09811323) mem 0x800101b8 0x0000
core   0: 0x80007f4e (0x0e910003) lb      zero, 233(sp)
core   0: 3 0x80007f4e (0x0e910003) mem 0x8001021b
core   0: 0x80007f52 (0x00904033) xor     zero, zero, s1
core   0: 3 0x80007f52 (0x00904033)
core   0: 0x80007f56 (0xfdc14603) lbu     a2, -36(sp)
core   0: 3 0x80007f56 (0xfdc14603) x12 0x00000000 mem 0x8001010e
core   0: 0x80007f5a (0x0d410c03) lb      s8, 212(sp)
core   0: 3 0x80007f5a (0x0d410c03) x24 0x00000000 mem 0x80010206
core   0: 0x80007f5e (0x0b415783) lhu     a5, 180(sp)
core   0: 3 0x80007f5e (0x0b415783) x15 0x00000000 mem 0x800101e6
core   0: 0x80007f62 (0x00000c56) c.slli  s8, 21
core   0: 3 0x80007f62 (0x0c56) x24 0x00000000
core   0: 0x80007f64 (0x000088dd) c.andi  s1, 23
core   0: 3 0x80007f64 (0x88dd) x9  0x00000006
core   0: 0x80007f66 (0x029c2033) mulhsu  zero, s8, s1
core   0: 3 0x80007f66 (0x029c2033)
core   0: 0x80007f6a (0x0094d633) srl     a2, s1, s1
core   0: 3 0x80007f6a (0x0094d633) x12 0x00000000
core   0: 0x80007f6e (0x06e14783) lbu     a5, 110(sp)
core   0: 3 0x80007f6e (0x06e14783) x15 0x00000000 mem 0x800101a0
core   0: 0x80007f72 (0x01a61193) slli    gp, a2, 26
core   0: 3 0x80007f72 (0x01a61193) x3  0x00000000
core   0: 0x80007f76 (0x803c6613) ori     a2, s8, -2045
core   0: 3 0x80007f76 (0x803c6613) x12 0xfffff803
core   0: 0x80007f7a (0x40465193) srai    gp, a2, 4
core   0: 3 0x80007f7a (0x40465193) x3  0xffffff80
core   0: 0x80007f7e (0x01401493) slli    s1, zero, 20
core   0: 3 0x80007f7e (0x01401493) x9  0x00000000
core   0: 0x80007f82 (0x00008f9d) c.sub   a5, a5
core   0: 3 0x80007f82 (0x8f9d) x15 0x00000000
core   0: 0x80007f84 (0x0a9109a3) sb      s1, 179(sp)
core   0: 3 0x80007f84 (0x0a9109a3) mem 0x800101e5 0x00
core   0: 0x80007f88 (0x02910e23) sb      s1, 60(sp)
core   0: 3 0x80007f88 (0x02910e23) mem 0x8001016e 0x00
core   0: 0x80007f8c (0xf4014c03) lbu     s8, -192(sp)
core   0: 3 0x80007f8c (0xf4014c03) x24 0x00000000 mem 0x80010072
core   0: 0x80007f90 (0x86002613) slti    a2, zero, -1952
core   0: 3 0x80007f90 (0x86002613) x12 0x00000000
core   0: 0x80007f94 (0x02a11c03) lh      s8, 42(sp)
core   0: 3 0x80007f94 (0x02a11c03) x24 0x00000000 mem 0x8001015c
core   0: 0x80007f98 (0x00c1c033) xor     zero, gp, a2
core   0: 3 0x80007f98 (0x00c1c033)
core   0: 0x80007f9c (0x08f104a3) sb      a5, 137(sp)
core   0: 3 0x80007f9c (0x08f104a3) mem 0x800101bb 0x00
core   0: 0x80007fa0 (0x00008c85) c.sub   s1, s1
core   0: 3 0x80007fa0 (0x8c85) x9  0x00000000
core   0: 0x80007fa2 (0xf4310423) sb      gp, -184(sp)
core   0: 3 0x80007fa2 (0xf4310423) mem 0x8001007a 0x80
core   0: 0x80007fa6 (0xf4a12483) lw      s1, -182(sp)
core   0: 3 0x80007fa6 (0xf4a12483) x9  0x00000000 mem 0x8001007c
core   0: 0x80007faa (0x00008cc5) c.or    s1, s1
core   0: 3 0x80007faa (0x8cc5) x9  0x00000000
core   0: 0x80007fac (0xc4078c13) addi    s8, a5, -960
core   0: 3 0x80007fac (0xc4078c13) x24 0xfffffc40
core   0: 0x80007fb0 (0xf23109a3) sb      gp, -205(sp)
core   0: 3 0x80007fb0 (0xf23109a3) mem 0x80010065 0x80
core   0: 0x80007fb4 (0xf7615c03) lhu     s8, -138(sp)
core   0: 3 0x80007fb4 (0xf7615c03) x24 0x00000000 mem 0x800100a8
core   0: 0x80007fb8 (0xfcc107a3) sb      a2, -49(sp)
core   0: 3 0x80007fb8 (0xfcc107a3) mem 0x80010101 0x00
core   0: 0x80007fbc (0xd9ac7193) andi    gp, s8, -614
core   0: 3 0x80007fbc (0xd9ac7193) x3  0x00000000
core   0: 0x80007fc0 (0x00000001) c.nop
core   0: 3 0x80007fc0 (0x0001)
core   0: 0x80007fc2 (0x00f1a1b3) slt     gp, gp, a5
core   0: 3 0x80007fc2 (0x00f1a1b3) x3  0x00000000
core   0: 0x80007fc6 (0xfc114183) lbu     gp, -63(sp)
core   0: 3 0x80007fc6 (0xfc114183) x3  0x00000000 mem 0x800100f3
core   0: 0x80007fca (0x04312723) sw      gp, 78(sp)
core   0: 3 0x80007fca (0x04312723) mem 0x80010180 0x00000000
core   0: 0x80007fce (0x000083cd) c.srli  a5, 19
core   0: 3 0x80007fce (0x83cd) x15 0x00000000
core   0: 0x80007fd0 (0xf4f14783) lbu     a5, -177(sp)
core   0: 3 0x80007fd0 (0xf4f14783) x15 0x00000000 mem 0x80010081
core   0: 0x80007fd4 (0x03215603) lhu     a2, 50(sp)
core   0: 3 0x80007fd4 (0x03215603) x12 0x00000000 mem 0x80010164
core   0: 0x80007fd8 (0x08d14c03) lbu     s8, 141(sp)
core   0: 3 0x80007fd8 (0x08d14c03) x24 0x00000000 mem 0x800101bf
core   0: 0x80007fdc (0x00510783) lb      a5, 5(sp)
core   0: 3 0x80007fdc (0x00510783) x15 0x00000000 mem 0x80010137
core   0: 0x80007fe0 (0x00c657b3) srl     a5, a2, a2
core   0: 3 0x80007fe0 (0x00c657b3) x15 0x00000000
core   0: 0x80007fe4 (0x0f914183) lbu     gp, 249(sp)
core   0: 3 0x80007fe4 (0x0f914183) x3  0x00000000 mem 0x8001022b
core   0: 0x80007fe8 (0x0097dc33) srl     s8, a5, s1
core   0: 3 0x80007fe8 (0x0097dc33) x24 0x00000000
core   0: 0x80007fec (0x02f1ac33) mulhsu  s8, gp, a5
core   0: 3 0x80007fec (0x02f1ac33) x24 0x00000000
core   0: 0x80007ff0 (0x00815603) lhu     a2, 8(sp)
core   0: 3 0x80007ff0 (0x00815603) x12 0x00000000 mem 0x8001013a
core   0: 0x80007ff4 (0x01f10183) lb      gp, 31(sp)
core   0: 3 0x80007ff4 (0x01f10183) x3  0x00000000 mem 0x80010151
core   0: 0x80007ff8 (0x00015297) auipc   t0, 0x15
core   0: 3 0x80007ff8 (0x00015297) x5  0x8001cff8
core   0: 0x80007ffc (0x00b28293) addi    t0, t0, 11
core   0: 3 0x80007ffc (0x00b28293) x5  0x8001d003
core   0: 0x80008000 (0x5b22c783) lbu     a5, 1458(t0)
core   0: 3 0x80008000 (0x5b22c783) x15 0x00000000 mem 0x8001d5b5
core   0: 0x80008004 (0x00009a32) c.add   s4, a2
core   0: 3 0x80008004 (0x9a32) x20 0xfffffe0c
core   0: 0x80008006 (0x00006651) c.lui   a2, 0x14
core   0: 3 0x80008006 (0x6651) x12 0x00014000
core   0: 0x80008008 (0x00001594) c.addi4spn a3, sp, 736
core   0: 3 0x80008008 (0x1594) x13 0x80010412
core   0: 0x8000800a (0x00009b7d) c.andi  a4, -1
core   0: 3 0x8000800a (0x9b7d) x14 0x340b7010
core   0: 0x8000800c (0x1ab29b83) lh      s7, 427(t0)
core   0: 3 0x8000800c (0x1ab29b83) x23 0x00000000 mem 0x8001d1ae
core   0: 0x80008010 (0x40bcddb3) sra     s11, s9, a1
core   0: 3 0x80008010 (0x40bcddb3) x27 0x00000014
core   0: 0x80008014 (0x58228683) lb      a3, 1410(t0)
core   0: 3 0x80008014 (0x58228683) x13 0x00000000 mem 0x8001d585
core   0: 0x80008018 (0x019ee233) or      tp, t4, s9
core   0: 3 0x80008018 (0x019ee233) x4  0x00000014
core   0: 0x8000801c (0x0000717d) c.addi16sp sp, -16
core   0: 3 0x8000801c (0x717d) x2  0x80010122
core   0: 0x8000801e (0x79262793) slti    a5, a2, 1938
core   0: 3 0x8000801e (0x79262793) x15 0x00000000
core   0: 0x80008022 (0x2752a8a3) sw      s5, 625(t0)
core   0: 3 0x80008022 (0x2752a8a3) mem 0x8001d274 0x00000012
core   0: 0x80008026 (0xb152d003) lhu     zero, -1259(t0)
core   0: 3 0x80008026 (0xb152d003) mem 0x8001cb18
core   0: 0x8000802a (0x010424b3) slt     s1, s0, a6
core   0: 3 0x8000802a (0x010424b3) x9  0x00000001
core   0: 0x8000802e (0x630c7613) andi    a2, s8, 1584
core   0: 3 0x8000802e (0x630c7613) x12 0x00000000
core   0: 0x80008032 (0x016db5b3) sltu    a1, s11, s6
core   0: 3 0x80008032 (0x016db5b3) x11 0x00000000
core   0: 0x80008036 (0x0000717d) c.addi16sp sp, -16
core   0: 3 0x80008036 (0x717d) x2  0x80010112
core   0: 0x80008038 (0xbf03f497) auipc   s1, 0xbf03f
core   0: 3 0x80008038 (0xbf03f497) x9  0x3f047038
core   0: 0x8000803c (0xd7f293a3) sh      t6, -665(t0)
core   0: 3 0x8000803c (0xd7f293a3) mem 0x8001cd6a 0x72fa
core   0: 0x80008040 (0x00000001) c.nop
core   0: 3 0x80008040 (0x0001)
core   0: 0x80008042 (0xaa42cb83) lbu     s7, -1372(t0)
core   0: 3 0x80008042 (0xaa42cb83) x23 0x00000000 mem 0x8001caa7
core   0: 0x80008046 (0x039a5d33) divu    s10, s4, s9
core   0: 3 0x80008046 (0x039a5d33) x26 0x0cccccb3
core   0: 0x8000804a (0xf4028e23) sb      zero, -164(t0)
core   0: 3 0x8000804a (0xf4028e23) mem 0x8001cf5f 0x00
core   0: 0x8000804e (0xdb129583) lh      a1, -591(t0)
core   0: 3 0x8000804e (0xdb129583) x11 0x00000000 mem 0x8001cdb4
core   0: 0x80008052 (0x01ecd333) srl     t1, s9, t5
core   0: 3 0x80008052 (0x01ecd333) x6  0x00000000
core   0: 0x80008056 (0x12528b23) sb      t0, 310(t0)
core   0: 3 0x80008056 (0x12528b23) mem 0x8001d139 0x03
core   0: 0x8000805a (0x56f2dd83) lhu     s11, 1391(t0)
core   0: 3 0x8000805a (0x56f2dd83) x27 0x00000000 mem 0x8001d572
core   0: 0x8000805e (0x01da5933) srl     s2, s4, t4
core   0: 3 0x8000805e (0x01da5933) x18 0xfffffe0c
core   0: 0x80008062 (0x76528c23) sb      t0, 1912(t0)
core   0: 3 0x80008062 (0x76528c23) mem 0x8001d77b 0x03
core   0: 0x80008066 (0x03838233) mul     tp, t2, s8
core   0: 3 0x80008066 (0x03838233) x4  0x00000000
core   0: 0x8000806a (0x00008629) c.srai  a2, 10
core   0: 3 0x8000806a (0x8629) x12 0x00000000
core   0: 0x8000806c (0x00008d05) c.sub   a0, s1
core   0: 3 0x8000806c (0x8d05) x10 0xc0fb8fc8
core   0: 0x8000806e (0x41190c33) sub     s8, s2, a7
core   0: 3 0x8000806e (0x41190c33) x24 0xfffffa0c
core   0: 0x80008072 (0x87d2d303) lhu     t1, -1923(t0)
core   0: 3 0x80008072 (0x87d2d303) x6  0x00000000 mem 0x8001c880
core   0: 0x80008076 (0x00fb2033) slt     zero, s6, a5
core   0: 3 0x80008076 (0x00fb2033)
core   0: 0x8000807a (0x0000717d) c.addi16sp sp, -16
core   0: 3 0x8000807a (0x717d) x2  0x80010102
core   0: 0x8000807c (0x0045d533) srl     a0, a1, tp
core   0: 3 0x8000807c (0x0045d533) x10 0x00000000
core   0: 0x80008080 (0x02e4ca33) div     s4, s1, a4
core   0: 3 0x80008080 (0x02e4ca33) x20 0x00000001
core   0: 0x80008084 (0x00008c15) c.sub   s0, a3
core   0: 3 0x80008084 (0x8c15) x8  0xc1c60000
core   0: 0x80008086 (0x8bd29903) lh      s2, -1859(t0)
core   0: 3 0x80008086 (0x8bd29903) x18 0x00000000 mem 0x8001c8c0
core   0: 0x8000808a (0x0220036f) jal     t1, pc + 0x22
core   0: 3 0x8000808a (0x0220036f) x6  0x8000808e
core   0: 0x800080ac (0x0000a015) c.j     pc + 36
core   0: 3 0x800080ac (0xa015)
core   0: 0x800080d0 (0x00003f7d) c.jal   pc - 66
core   0: 3 0x800080d0 (0x3f7d) x1  0x800080d2
core   0: 0x8000808e (0x00002009) c.jal   pc + 2
core   0: 3 0x8000808e (0x2009) x1  0x80008090
core   0: 0x80008090 (0x0000a029) c.j     pc + 10
core   0: 3 0x80008090 (0xa029)
core   0: 0x8000809a (0x01a000ef) jal     pc + 0x1a
core   0: 3 0x8000809a (0x01a000ef) x1  0x8000809e
core   0: 0x800080b4 (0xfe5ff36f) jal     t1, pc - 0x1c
core   0: 3 0x800080b4 (0xfe5ff36f) x6  0x800080b8
core   0: 0x80008098 (0x00002801) c.jal   pc + 16
core   0: 3 0x80008098 (0x2801) x1  0x8000809a
core   0: 0x800080a8 (0x01c00a6f) jal     s4, pc + 0x1c
core   0: 3 0x800080a8 (0x01c00a6f) x20 0x800080ac
core   0: 0x800080c4 (0x00003fe5) c.jal   pc - 8
core   0: 3 0x800080c4 (0x3fe5) x1  0x800080c6
core   0: 0x800080bc (0x00002039) c.jal   pc + 14
core   0: 3 0x800080bc (0x2039) x1  0x800080be
core   0: 0x800080ca (0xfd7ff0ef) jal     pc - 0x2a
core   0: 3 0x800080ca (0xfd7ff0ef) x1  0x800080ce
core   0: 0x800080a0 (0x00002839) c.jal   pc + 30
core   0: 3 0x800080a0 (0x2839) x1  0x800080a2
core   0: 0x800080be (0xfe5ff0ef) jal     pc - 0x1c
core   0: 3 0x800080be (0xfe5ff0ef) x1  0x800080c2
core   0: 0x800080a2 (0x00002039) c.jal   pc + 14
core   0: 3 0x800080a2 (0x2039) x1  0x800080a4
core   0: 0x800080b0 (0xfefff0ef) jal     pc - 0x12
core   0: 3 0x800080b0 (0xfefff0ef) x1  0x800080b4
core   0: 0x8000809e (0x00003fd5) c.jal   pc - 12
core   0: 3 0x8000809e (0x3fd5) x1  0x800080a0
core   0: 0x80008092 (0x0300036f) jal     t1, pc + 0x30
core   0: 3 0x80008092 (0x0300036f) x6  0x80008096
core   0: 0x800080c2 (0x0000a011) c.j     pc + 4
core   0: 3 0x800080c2 (0xa011)
core   0: 0x800080c6 (0x0000a009) c.j     pc + 2
core   0: 3 0x800080c6 (0xa009)
core   0: 0x800080c8 (0x0000b7dd) c.j     pc - 26
core   0: 3 0x800080c8 (0xb7dd)
core   0: 0x800080ae (0x0000a005) c.j     pc + 32
core   0: 3 0x800080ae (0xa005)
core   0: 0x800080ce (0x0000b7ed) c.j     pc - 22
core   0: 3 0x800080ce (0xb7ed)
core   0: 0x800080b8 (0xfdfff0ef) jal     pc - 0x22
core   0: 3 0x800080b8 (0xfdfff0ef) x1  0x800080bc
core   0: 0x80008096 (0x0000a039) c.j     pc + 14
core   0: 3 0x80008096 (0xa039)
core   0: 0x800080a4 (0x02e000ef) jal     pc + 0x2e
core   0: 3 0x800080a4 (0x02e000ef) x1  0x800080a8
core   0: 0x800080d2 (0xfd6f6897) auipc   a7, 0xfd6f6
core   0: 3 0x800080d2 (0xfd6f6897) x17 0x7d6fe0d2
core   0: 0x800080d6 (0x0260036f) jal     t1, pc + 0x26
core   0: 3 0x800080d6 (0x0260036f) x6  0x800080da
core   0: 0x800080fc (0x00002019) c.jal   pc + 6
core   0: 3 0x800080fc (0x2019) x1  0x800080fe
core   0: 0x80008102 (0x0000bfe1) c.j     pc - 40
core   0: 3 0x80008102 (0xbfe1)
core   0: 0x800080da (0x02c000ef) jal     pc + 0x2c
core   0: 3 0x800080da (0x02c000ef) x1  0x800080de
core   0: 0x80008106 (0xff5ff0ef) jal     pc - 0xc
core   0: 3 0x80008106 (0xff5ff0ef) x1  0x8000810a
core   0: 0x800080fa (0x0000a029) c.j     pc + 10
core   0: 3 0x800080fa (0xa029)
core   0: 0x80008104 (0x0000bfcd) c.j     pc - 14
core   0: 3 0x80008104 (0xbfcd)
core   0: 0x800080f6 (0xff9ff0ef) jal     pc - 0x8
core   0: 3 0x800080f6 (0xff9ff0ef) x1  0x800080fa
core   0: 0x800080ee (0x0100036f) jal     t1, pc + 0x10
core   0: 3 0x800080ee (0x0100036f) x6  0x800080f2
core   0: 0x800080fe (0xfebffcef) jal     s9, pc - 0x16
core   0: 3 0x800080fe (0xfebffcef) x25 0x80008102
core   0: 0x800080e8 (0xff7ff0ef) jal     pc - 0xa
core   0: 3 0x800080e8 (0xff7ff0ef) x1  0x800080ec
core   0: 0x800080de (0x00002009) c.jal   pc + 2
core   0: 3 0x800080de (0x2009) x1  0x800080e0
core   0: 0x800080e0 (0x0060036f) jal     t1, pc + 0x6
core   0: 3 0x800080e0 (0x0060036f) x6  0x800080e4
core   0: 0x800080e6 (0x0000a031) c.j     pc + 12
core   0: 3 0x800080e6 (0xa031)
core   0: 0x800080f2 (0xffbff0ef) jal     pc - 0x6
core   0: 3 0x800080f2 (0xffbff0ef) x1  0x800080f6
core   0: 0x800080ec (0x0000bfe5) c.j     pc - 8
core   0: 3 0x800080ec (0xbfe5)
core   0: 0x800080e4 (0x0000a01d) c.j     pc + 38
core   0: 3 0x800080e4 (0xa01d)
core   0: 0x8000810a (0x00000001) c.nop
core   0: 3 0x8000810a (0x0001)
core   0: 0x8000810c (0x00017117) auipc   sp, 0x17
core   0: 3 0x8000810c (0x00017117) x2  0x8001f10c
core   0: 0x80008110 (0x5fe10113) addi    sp, sp, 1534
core   0: 3 0x80008110 (0x5fe10113) x2  0x8001f70a
core   0: 0x80008114 (0x060105a3) sb      zero, 107(sp)
core   0: 3 0x80008114 (0x060105a3) mem 0x8001f775 0x00
core   0: 0x80008118 (0x00006fe5) c.lui   t6, 0x19
core   0: 3 0x80008118 (0x6fe5) x31 0x00019000
core   0: 0x8000811a (0x000097e6) c.add   a5, s9
core   0: 3 0x8000811a (0x97e6) x15 0x80008102
core   0: 0x8000811c (0x02514403) lbu     s0, 37(sp)
core   0: 3 0x8000811c (0x02514403) x8  0x00000038 mem 0x8001f72f
core   0: 0x80008120 (0x029102a3) sb      s1, 37(sp)
core   0: 3 0x80008120 (0x029102a3) mem 0x8001f72f 0x38
core   0: 0x80008124 (0x02510c03) lb      s8, 37(sp)
core   0: 3 0x80008124 (0x02510c03) x24 0x00000038 mem 0x8001f72f
core   0: 0x80008128 (0x02510c03) lb      s8, 37(sp)
core   0: 3 0x80008128 (0x02510c03) x24 0x00000038 mem 0x8001f72f
core   0: 0x8000812c (0x02510d03) lb      s10, 37(sp)
core   0: 3 0x8000812c (0x02510d03) x26 0x00000038 mem 0x8001f72f
core   0: 0x80008130 (0xf8b10c83) lb      s9, -117(sp)
core   0: 3 0x80008130 (0xf8b10c83) x25 0x00000000 mem 0x8001f695
core   0: 0x80008134 (0x0000997d) c.andi  a0, -1
core   0: 3 0x80008134 (0x997d) x10 0x00000000
core   0: 0x80008136 (0xf92105a3) sb      s2, -117(sp)
core   0: 3 0x80008136 (0xf92105a3) mem 0x8001f695 0x00
core   0: 0x8000813a (0x01c602b3) add     t0, a2, t3
core   0: 3 0x8000813a (0x01c602b3) x5  0x00000014
core   0: 0x8000813e (0xf2d10a23) sb      a3, -204(sp)
core   0: 3 0x8000813e (0xf2d10a23) mem 0x8001f63e 0x00
core   0: 0x80008142 (0x00008595) c.srai  a1, 5
core   0: 3 0x80008142 (0x8595) x11 0x00000000
core   0: 0x80008144 (0xf3411703) lh      a4, -204(sp)
core   0: 3 0x80008144 (0xf3411703) x14 0x00000000 mem 0x8001f63e
core   0: 0x80008148 (0x00008d3d) c.xor   a0, a5
core   0: 3 0x80008148 (0x8d3d) x10 0x80008102
core   0: 0x8000814a (0xf3414b03) lbu     s6, -204(sp)
core   0: 3 0x8000814a (0xf3414b03) x22 0x00000000 mem 0x8001f63e
core   0: 0x8000814e (0x0000448d) c.li    s1, 3
core   0: 3 0x8000814e (0x448d) x9  0x00000003
core   0: 0x80008150 (0x00000c5a) c.slli  s8, 22
core   0: 3 0x80008150 (0x0c5a) x24 0x0e000000
core   0: 0x80008152 (0x00008665) c.srai  a2, 25
core   0: 3 0x80008152 (0x8665) x12 0x00000000
core   0: 0x80008154 (0x00004435) c.li    s0, 13
core   0: 3 0x80008154 (0x4435) x8  0x0000000d
core   0: 0x80008156 (0x00008331) c.srli  a4, 12
core   0: 3 0x80008156 (0x8331) x14 0x00000000
core   0: 0x80008158 (0xdc8ea713) slti    a4, t4, -568
core   0: 3 0x80008158 (0xdc8ea713) x14 0x00000000
core   0: 0x8000815c (0x00005e7d) c.li    t3, -1
core   0: 3 0x8000815c (0x5e7d) x28 0xffffffff
core   0: 0x8000815e (0x00000485) c.addi  s1, 1
core   0: 3 0x8000815e (0x0485) x9  0x00000004
core   0: 0x80008160 (0x00008e2d) c.xor   a2, a1
core   0: 3 0x80008160 (0x8e2d) x12 0x00000000
core   0: 0x80008162 (0x0000555d) c.li    a0, -9
core   0: 3 0x80008162 (0x555d) x10 0xfffffff7
core   0: 0x80008164 (0x0000459d) c.li    a1, 7
core   0: 3 0x80008164 (0x459d) x11 0x00000007
core   0: 0x80008166 (0x01365a33) srl     s4, a2, s3
core   0: 3 0x80008166 (0x01365a33) x20 0x00000000
core   0: 0x8000816a (0x00004ae1) c.li    s5, 24
core   0: 3 0x8000816a (0x4ae1) x21 0x00000018
core   0: 0x8000816c (0x00009d46) c.add   s10, a7
core   0: 3 0x8000816c (0x9d46) x26 0x7d6fe10a
core   0: 0x8000816e (0x40488733) sub     a4, a7, tp
core   0: 3 0x8000816e (0x40488733) x14 0x7d6fe0d2
core   0: 0x80008172 (0x00008e61) c.and   a2, s0
core   0: 3 0x80008172 (0x8e61) x12 0x00000000
core   0: 0x80008174 (0x00000521) c.addi  a0, 8
core   0: 3 0x80008174 (0x0521) x10 0xffffffff
core   0: 0x80008176 (0x01595193) srli    gp, s2, 21
core   0: 3 0x80008176 (0x01595193) x3  0x00000000
core   0: 0x8000817a (0xfeb569e3) bltu    a0, a1, pc - 14
core   0: 3 0x8000817a (0xfeb569e3)
core   0: 0x8000817e (0x03077233) remu    tp, a4, a6
core   0: 3 0x8000817e (0x03077233) x4  0x22241f0c
core   0: 0x80008182 (0x01ce90b3) sll     ra, t4, t3
core   0: 3 0x80008182 (0x01ce90b3) x1  0x00000000
core   0: 0x80008186 (0xfc84e9e3) bltu    s1, s0, pc - 46
core   0: 3 0x80008186 (0xfc84e9e3)
core   0: 0x80008158 (0xdc8ea713) slti    a4, t4, -568
core   0: 3 0x80008158 (0xdc8ea713) x14 0x00000000
core   0: 0x8000815c (0x00005e7d) c.li    t3, -1
core   0: 3 0x8000815c (0x5e7d) x28 0xffffffff
core   0: 0x8000815e (0x00000485) c.addi  s1, 1
core   0: 3 0x8000815e (0x0485) x9  0x00000005
core   0: 0x80008160 (0x00008e2d) c.xor   a2, a1
core   0: 3 0x80008160 (0x8e2d) x12 0x00000007
core   0: 0x80008162 (0x0000555d) c.li    a0, -9
core   0: 3 0x80008162 (0x555d) x10 0xfffffff7
core   0: 0x80008164 (0x0000459d) c.li    a1, 7
core   0: 3 0x80008164 (0x459d) x11 0x00000007
core   0: 0x80008166 (0x01365a33) srl     s4, a2, s3
core   0: 3 0x80008166 (0x01365a33) x20 0x00000000
core   0: 0x8000816a (0x00004ae1) c.li    s5, 24
core   0: 3 0x8000816a (0x4ae1) x21 0x00000018
core   0: 0x8000816c (0x00009d46) c.add   s10, a7
core   0: 3 0x8000816c (0x9d46) x26 0xfadfc1dc
core   0: 0x8000816e (0x40488733) sub     a4, a7, tp
core   0: 3 0x8000816e (0x40488733) x14 0x5b4bc1c6
core   0: 0x80008172 (0x00008e61) c.and   a2, s0
core   0: 3 0x80008172 (0x8e61) x12 0x00000005
core   0: 0x80008174 (0x00000521) c.addi  a0, 8
core   0: 3 0x80008174 (0x0521) x10 0xffffffff
core   0: 0x80008176 (0x01595193) srli    gp, s2, 21
core   0: 3 0x80008176 (0x01595193) x3  0x00000000
core   0: 0x8000817a (0xfeb569e3) bltu    a0, a1, pc - 14
core   0: 3 0x8000817a (0xfeb569e3)
core   0: 0x8000817e (0x03077233) remu    tp, a4, a6
core   0: 3 0x8000817e (0x03077233) x4  0x00000000
core   0: 0x80008182 (0x01ce90b3) sll     ra, t4, t3
core   0: 3 0x80008182 (0x01ce90b3) x1  0x00000000
core   0: 0x80008186 (0xfc84e9e3) bltu    s1, s0, pc - 46
core   0: 3 0x80008186 (0xfc84e9e3)
core   0: 0x80008158 (0xdc8ea713) slti    a4, t4, -568
core   0: 3 0x80008158 (0xdc8ea713) x14 0x00000000
core   0: 0x8000815c (0x00005e7d) c.li    t3, -1
core   0: 3 0x8000815c (0x5e7d) x28 0xffffffff
core   0: 0x8000815e (0x00000485) c.addi  s1, 1
core   0: 3 0x8000815e (0x0485) x9  0x00000006
core   0: 0x80008160 (0x00008e2d) c.xor   a2, a1
core   0: 3 0x80008160 (0x8e2d) x12 0x00000002
core   0: 0x80008162 (0x0000555d) c.li    a0, -9
core   0: 3 0x80008162 (0x555d) x10 0xfffffff7
core   0: 0x80008164 (0x0000459d) c.li    a1, 7
core   0: 3 0x80008164 (0x459d) x11 0x00000007
core   0: 0x80008166 (0x01365a33) srl     s4, a2, s3
core   0: 3 0x80008166 (0x01365a33) x20 0x00000000
core   0: 0x8000816a (0x00004ae1) c.li    s5, 24
core   0: 3 0x8000816a (0x4ae1) x21 0x00000018
core   0: 0x8000816c (0x00009d46) c.add   s10, a7
core   0: 3 0x8000816c (0x9d46) x26 0x784fa2ae
core   0: 0x8000816e (0x40488733) sub     a4, a7, tp
core   0: 3 0x8000816e (0x40488733) x14 0x7d6fe0d2
core   0: 0x80008172 (0x00008e61) c.and   a2, s0
core   0: 3 0x80008172 (0x8e61) x12 0x00000000
core   0: 0x80008174 (0x00000521) c.addi  a0, 8
core   0: 3 0x80008174 (0x0521) x10 0xffffffff
core   0: 0x80008176 (0x01595193) srli    gp, s2, 21
core   0: 3 0x80008176 (0x01595193) x3  0x00000000
core   0: 0x8000817a (0xfeb569e3) bltu    a0, a1, pc - 14
core   0: 3 0x8000817a (0xfeb569e3)
core   0: 0x8000817e (0x03077233) remu    tp, a4, a6
core   0: 3 0x8000817e (0x03077233) x4  0x22241f0c
core   0: 0x80008182 (0x01ce90b3) sll     ra, t4, t3
core   0: 3 0x80008182 (0x01ce90b3) x1  0x00000000
core   0: 0x80008186 (0xfc84e9e3) bltu    s1, s0, pc - 46
core   0: 3 0x80008186 (0xfc84e9e3)
core   0: 0x80008158 (0xdc8ea713) slti    a4, t4, -568
core   0: 3 0x80008158 (0xdc8ea713) x14 0x00000000
core   0: 0x8000815c (0x00005e7d) c.li    t3, -1
core   0: 3 0x8000815c (0x5e7d) x28 0xffffffff
core   0: 0x8000815e (0x00000485) c.addi  s1, 1
core   0: 3 0x8000815e (0x0485) x9  0x00000007
core   0: 0x80008160 (0x00008e2d) c.xor   a2, a1
core   0: 3 0x80008160 (0x8e2d) x12 0x00000007
core   0: 0x80008162 (0x0000555d) c.li    a0, -9
core   0: 3 0x80008162 (0x555d) x10 0xfffffff7
core   0: 0x80008164 (0x0000459d) c.li    a1, 7
core   0: 3 0x80008164 (0x459d) x11 0x00000007
core   0: 0x80008166 (0x01365a33) srl     s4, a2, s3
core   0: 3 0x80008166 (0x01365a33) x20 0x00000000
core   0: 0x8000816a (0x00004ae1) c.li    s5, 24
core   0: 3 0x8000816a (0x4ae1) x21 0x00000018
core   0: 0x8000816c (0x00009d46) c.add   s10, a7
core   0: 3 0x8000816c (0x9d46) x26 0xf5bf8380
core   0: 0x8000816e (0x40488733) sub     a4, a7, tp
core   0: 3 0x8000816e (0x40488733) x14 0x5b4bc1c6
core   0: 0x80008172 (0x00008e61) c.and   a2, s0
core   0: 3 0x80008172 (0x8e61) x12 0x00000005
core   0: 0x80008174 (0x00000521) c.addi  a0, 8
core   0: 3 0x80008174 (0x0521) x10 0xffffffff
core   0: 0x80008176 (0x01595193) srli    gp, s2, 21
core   0: 3 0x80008176 (0x01595193) x3  0x00000000
core   0: 0x8000817a (0xfeb569e3) bltu    a0, a1, pc - 14
core   0: 3 0x8000817a (0xfeb569e3)
core   0: 0x8000817e (0x03077233) remu    tp, a4, a6
core   0: 3 0x8000817e (0x03077233) x4  0x00000000
core   0: 0x80008182 (0x01ce90b3) sll     ra, t4, t3
core   0: 3 0x80008182 (0x01ce90b3) x1  0x00000000
core   0: 0x80008186 (0xfc84e9e3) bltu    s1, s0, pc - 46
core   0: 3 0x80008186 (0xfc84e9e3)
core   0: 0x80008158 (0xdc8ea713) slti    a4, t4, -568
core   0: 3 0x80008158 (0xdc8ea713) x14 0x00000000
core   0: 0x8000815c (0x00005e7d) c.li    t3, -1
core   0: 3 0x8000815c (0x5e7d) x28 0xffffffff
core   0: 0x8000815e (0x00000485) c.addi  s1, 1
core   0: 3 0x8000815e (0x0485) x9  0x00000008
core   0: 0x80008160 (0x00008e2d) c.xor   a2, a1
core   0: 3 0x80008160 (0x8e2d) x12 0x00000002
core   0: 0x80008162 (0x0000555d) c.li    a0, -9
core   0: 3 0x80008162 (0x555d) x10 0xfffffff7
core   0: 0x80008164 (0x0000459d) c.li    a1, 7
core   0: 3 0x80008164 (0x459d) x11 0x00000007
core   0: 0x80008166 (0x01365a33) srl     s4, a2, s3
core   0: 3 0x80008166 (0x01365a33) x20 0x00000000
core   0: 0x8000816a (0x00004ae1) c.li    s5, 24
core   0: 3 0x8000816a (0x4ae1) x21 0x00000018
core   0: 0x8000816c (0x00009d46) c.add   s10, a7
core   0: 3 0x8000816c (0x9d46) x26 0x732f6452
core   0: 0x8000816e (0x40488733) sub     a4, a7, tp
core   0: 3 0x8000816e (0x40488733) x14 0x7d6fe0d2
core   0: 0x80008172 (0x00008e61) c.and   a2, s0
core   0: 3 0x80008172 (0x8e61) x12 0x00000000
core   0: 0x80008174 (0x00000521) c.addi  a0, 8
core   0: 3 0x80008174 (0x0521) x10 0xffffffff
core   0: 0x80008176 (0x01595193) srli    gp, s2, 21
core   0: 3 0x80008176 (0x01595193) x3  0x00000000
core   0: 0x8000817a (0xfeb569e3) bltu    a0, a1, pc - 14
core   0: 3 0x8000817a (0xfeb569e3)
core   0: 0x8000817e (0x03077233) remu    tp, a4, a6
core   0: 3 0x8000817e (0x03077233) x4  0x22241f0c
core   0: 0x80008182 (0x01ce90b3) sll     ra, t4, t3
core   0: 3 0x80008182 (0x01ce90b3) x1  0x00000000
core   0: 0x80008186 (0xfc84e9e3) bltu    s1, s0, pc - 46
core   0: 3 0x80008186 (0xfc84e9e3)
core   0: 0x80008158 (0xdc8ea713) slti    a4, t4, -568
core   0: 3 0x80008158 (0xdc8ea713) x14 0x00000000
core   0: 0x8000815c (0x00005e7d) c.li    t3, -1
core   0: 3 0x8000815c (0x5e7d) x28 0xffffffff
core   0: 0x8000815e (0x00000485) c.addi  s1, 1
core   0: 3 0x8000815e (0x0485) x9  0x00000009
core   0: 0x80008160 (0x00008e2d) c.xor   a2, a1
core   0: 3 0x80008160 (0x8e2d) x12 0x00000007
core   0: 0x80008162 (0x0000555d) c.li    a0, -9
core   0: 3 0x80008162 (0x555d) x10 0xfffffff7
core   0: 0x80008164 (0x0000459d) c.li    a1, 7
core   0: 3 0x80008164 (0x459d) x11 0x00000007
core   0: 0x80008166 (0x01365a33) srl     s4, a2, s3
core   0: 3 0x80008166 (0x01365a33) x20 0x00000000
core   0: 0x8000816a (0x00004ae1) c.li    s5, 24
core   0: 3 0x8000816a (0x4ae1) x21 0x00000018
core   0: 0x8000816c (0x00009d46) c.add   s10, a7
core   0: 3 0x8000816c (0x9d46) x26 0xf09f4524
core   0: 0x8000816e (0x40488733) sub     a4, a7, tp
core   0: 3 0x8000816e (0x40488733) x14 0x5b4bc1c6
core   0: 0x80008172 (0x00008e61) c.and   a2, s0
core   0: 3 0x80008172 (0x8e61) x12 0x00000005
core   0: 0x80008174 (0x00000521) c.addi  a0, 8
core   0: 3 0x80008174 (0x0521) x10 0xffffffff
core   0: 0x80008176 (0x01595193) srli    gp, s2, 21
core   0: 3 0x80008176 (0x01595193) x3  0x00000000
core   0: 0x8000817a (0xfeb569e3) bltu    a0, a1, pc - 14
core   0: 3 0x8000817a (0xfeb569e3)
core   0: 0x8000817e (0x03077233) remu    tp, a4, a6
core   0: 3 0x8000817e (0x03077233) x4  0x00000000
core   0: 0x80008182 (0x01ce90b3) sll     ra, t4, t3
core   0: 3 0x80008182 (0x01ce90b3) x1  0x00000000
core   0: 0x80008186 (0xfc84e9e3) bltu    s1, s0, pc - 46
core   0: 3 0x80008186 (0xfc84e9e3)
core   0: 0x80008158 (0xdc8ea713) slti    a4, t4, -568
core   0: 3 0x80008158 (0xdc8ea713) x14 0x00000000
core   0: 0x8000815c (0x00005e7d) c.li    t3, -1
core   0: 3 0x8000815c (0x5e7d) x28 0xffffffff
core   0: 0x8000815e (0x00000485) c.addi  s1, 1
core   0: 3 0x8000815e (0x0485) x9  0x0000000a
core   0: 0x80008160 (0x00008e2d) c.xor   a2, a1
core   0: 3 0x80008160 (0x8e2d) x12 0x00000002
core   0: 0x80008162 (0x0000555d) c.li    a0, -9
core   0: 3 0x80008162 (0x555d) x10 0xfffffff7
core   0: 0x80008164 (0x0000459d) c.li    a1, 7
core   0: 3 0x80008164 (0x459d) x11 0x00000007
core   0: 0x80008166 (0x01365a33) srl     s4, a2, s3
core   0: 3 0x80008166 (0x01365a33) x20 0x00000000
core   0: 0x8000816a (0x00004ae1) c.li    s5, 24
core   0: 3 0x8000816a (0x4ae1) x21 0x00000018
core   0: 0x8000816c (0x00009d46) c.add   s10, a7
core   0: 3 0x8000816c (0x9d46) x26 0x6e0f25f6
core   0: 0x8000816e (0x40488733) sub     a4, a7, tp
core   0: 3 0x8000816e (0x40488733) x14 0x7d6fe0d2
core   0: 0x80008172 (0x00008e61) c.and   a2, s0
core   0: 3 0x80008172 (0x8e61) x12 0x00000000
core   0: 0x80008174 (0x00000521) c.addi  a0, 8
core   0: 3 0x80008174 (0x0521) x10 0xffffffff
core   0: 0x80008176 (0x01595193) srli    gp, s2, 21
core   0: 3 0x80008176 (0x01595193) x3  0x00000000
core   0: 0x8000817a (0xfeb569e3) bltu    a0, a1, pc - 14
core   0: 3 0x8000817a (0xfeb569e3)
core   0: 0x8000817e (0x03077233) remu    tp, a4, a6
core   0: 3 0x8000817e (0x03077233) x4  0x22241f0c
core   0: 0x80008182 (0x01ce90b3) sll     ra, t4, t3
core   0: 3 0x80008182 (0x01ce90b3) x1  0x00000000
core   0: 0x80008186 (0xfc84e9e3) bltu    s1, s0, pc - 46
core   0: 3 0x80008186 (0xfc84e9e3)
core   0: 0x80008158 (0xdc8ea713) slti    a4, t4, -568
core   0: 3 0x80008158 (0xdc8ea713) x14 0x00000000
core   0: 0x8000815c (0x00005e7d) c.li    t3, -1
core   0: 3 0x8000815c (0x5e7d) x28 0xffffffff
core   0: 0x8000815e (0x00000485) c.addi  s1, 1
core   0: 3 0x8000815e (0x0485) x9  0x0000000b
core   0: 0x80008160 (0x00008e2d) c.xor   a2, a1
core   0: 3 0x80008160 (0x8e2d) x12 0x00000007
core   0: 0x80008162 (0x0000555d) c.li    a0, -9
core   0: 3 0x80008162 (0x555d) x10 0xfffffff7
core   0: 0x80008164 (0x0000459d) c.li    a1, 7
core   0: 3 0x80008164 (0x459d) x11 0x00000007
core   0: 0x80008166 (0x01365a33) srl     s4, a2, s3
core   0: 3 0x80008166 (0x01365a33) x20 0x00000000
core   0: 0x8000816a (0x00004ae1) c.li    s5, 24
core   0: 3 0x8000816a (0x4ae1) x21 0x00000018
core   0: 0x8000816c (0x00009d46) c.add   s10, a7
core   0: 3 0x8000816c (0x9d46) x26 0xeb7f06c8
core   0: 0x8000816e (0x40488733) sub     a4, a7, tp
core   0: 3 0x8000816e (0x40488733) x14 0x5b4bc1c6
core   0: 0x80008172 (0x00008e61) c.and   a2, s0
core   0: 3 0x80008172 (0x8e61) x12 0x00000005
core   0: 0x80008174 (0x00000521) c.addi  a0, 8
core   0: 3 0x80008174 (0x0521) x10 0xffffffff
core   0: 0x80008176 (0x01595193) srli    gp, s2, 21
core   0: 3 0x80008176 (0x01595193) x3  0x00000000
core   0: 0x8000817a (0xfeb569e3) bltu    a0, a1, pc - 14
core   0: 3 0x8000817a (0xfeb569e3)
core   0: 0x8000817e (0x03077233) remu    tp, a4, a6
core   0: 3 0x8000817e (0x03077233) x4  0x00000000
core   0: 0x80008182 (0x01ce90b3) sll     ra, t4, t3
core   0: 3 0x80008182 (0x01ce90b3) x1  0x00000000
core   0: 0x80008186 (0xfc84e9e3) bltu    s1, s0, pc - 46
core   0: 3 0x80008186 (0xfc84e9e3)
core   0: 0x80008158 (0xdc8ea713) slti    a4, t4, -568
core   0: 3 0x80008158 (0xdc8ea713) x14 0x00000000
core   0: 0x8000815c (0x00005e7d) c.li    t3, -1
core   0: 3 0x8000815c (0x5e7d) x28 0xffffffff
core   0: 0x8000815e (0x00000485) c.addi  s1, 1
core   0: 3 0x8000815e (0x0485) x9  0x0000000c
core   0: 0x80008160 (0x00008e2d) c.xor   a2, a1
core   0: 3 0x80008160 (0x8e2d) x12 0x00000002
core   0: 0x80008162 (0x0000555d) c.li    a0, -9
core   0: 3 0x80008162 (0x555d) x10 0xfffffff7
core   0: 0x80008164 (0x0000459d) c.li    a1, 7
core   0: 3 0x80008164 (0x459d) x11 0x00000007
core   0: 0x80008166 (0x01365a33) srl     s4, a2, s3
core   0: 3 0x80008166 (0x01365a33) x20 0x00000000
core   0: 0x8000816a (0x00004ae1) c.li    s5, 24
core   0: 3 0x8000816a (0x4ae1) x21 0x00000018
core   0: 0x8000816c (0x00009d46) c.add   s10, a7
core   0: 3 0x8000816c (0x9d46) x26 0x68eee79a
core   0: 0x8000816e (0x40488733) sub     a4, a7, tp
core   0: 3 0x8000816e (0x40488733) x14 0x7d6fe0d2
core   0: 0x80008172 (0x00008e61) c.and   a2, s0
core   0: 3 0x80008172 (0x8e61) x12 0x00000000
core   0: 0x80008174 (0x00000521) c.addi  a0, 8
core   0: 3 0x80008174 (0x0521) x10 0xffffffff
core   0: 0x80008176 (0x01595193) srli    gp, s2, 21
core   0: 3 0x80008176 (0x01595193) x3  0x00000000
core   0: 0x8000817a (0xfeb569e3) bltu    a0, a1, pc - 14
core   0: 3 0x8000817a (0xfeb569e3)
core   0: 0x8000817e (0x03077233) remu    tp, a4, a6
core   0: 3 0x8000817e (0x03077233) x4  0x22241f0c
core   0: 0x80008182 (0x01ce90b3) sll     ra, t4, t3
core   0: 3 0x80008182 (0x01ce90b3) x1  0x00000000
core   0: 0x80008186 (0xfc84e9e3) bltu    s1, s0, pc - 46
core   0: 3 0x80008186 (0xfc84e9e3)
core   0: 0x80008158 (0xdc8ea713) slti    a4, t4, -568
core   0: 3 0x80008158 (0xdc8ea713) x14 0x00000000
core   0: 0x8000815c (0x00005e7d) c.li    t3, -1
core   0: 3 0x8000815c (0x5e7d) x28 0xffffffff
core   0: 0x8000815e (0x00000485) c.addi  s1, 1
core   0: 3 0x8000815e (0x0485) x9  0x0000000d
core   0: 0x80008160 (0x00008e2d) c.xor   a2, a1
core   0: 3 0x80008160 (0x8e2d) x12 0x00000007
core   0: 0x80008162 (0x0000555d) c.li    a0, -9
core   0: 3 0x80008162 (0x555d) x10 0xfffffff7
core   0: 0x80008164 (0x0000459d) c.li    a1, 7
core   0: 3 0x80008164 (0x459d) x11 0x00000007
core   0: 0x80008166 (0x01365a33) srl     s4, a2, s3
core   0: 3 0x80008166 (0x01365a33) x20 0x00000000
core   0: 0x8000816a (0x00004ae1) c.li    s5, 24
core   0: 3 0x8000816a (0x4ae1) x21 0x00000018
core   0: 0x8000816c (0x00009d46) c.add   s10, a7
core   0: 3 0x8000816c (0x9d46) x26 0xe65ec86c
core   0: 0x8000816e (0x40488733) sub     a4, a7, tp
core   0: 3 0x8000816e (0x40488733) x14 0x5b4bc1c6
core   0: 0x80008172 (0x00008e61) c.and   a2, s0
core   0: 3 0x80008172 (0x8e61) x12 0x00000005
core   0: 0x80008174 (0x00000521) c.addi  a0, 8
core   0: 3 0x80008174 (0x0521) x10 0xffffffff
core   0: 0x80008176 (0x01595193) srli    gp, s2, 21
core   0: 3 0x80008176 (0x01595193) x3  0x00000000
core   0: 0x8000817a (0xfeb569e3) bltu    a0, a1, pc - 14
core   0: 3 0x8000817a (0xfeb569e3)
core   0: 0x8000817e (0x03077233) remu    tp, a4, a6
core   0: 3 0x8000817e (0x03077233) x4  0x00000000
core   0: 0x80008182 (0x01ce90b3) sll     ra, t4, t3
core   0: 3 0x80008182 (0x01ce90b3) x1  0x00000000
core   0: 0x80008186 (0xfc84e9e3) bltu    s1, s0, pc - 46
core   0: 3 0x80008186 (0xfc84e9e3)
core   0: 0x8000818a (0x036f1e33) mulh    t3, t5, s6
core   0: 3 0x8000818a (0x036f1e33) x28 0x00000000
core   0: 0x8000818e (0x0000439d) c.li    t2, 7
core   0: 3 0x8000818e (0x439d) x7  0x00000007
core   0: 0x80008190 (0x00004699) c.li    a3, 6
core   0: 3 0x80008190 (0x4699) x13 0x00000006
core   0: 0x80008192 (0x000050fd) c.li    ra, -1
core   0: 3 0x80008192 (0x50fd) x1  0xffffffff
core   0: 0x80008194 (0x00008c9d) c.sub   s1, a5
core   0: 3 0x80008194 (0x8c9d) x9  0x7fff7f0b
core   0: 0x80008196 (0x5251f137) lui     sp, 0x5251f
core   0: 3 0x80008196 (0x5251f137) x2  0x5251f000
core   0: 0x8000819a (0x02af9ab3) mulh    s5, t6, a0
core   0: 3 0x8000819a (0x02af9ab3) x21 0xffffffff
core   0: 0x8000819e (0x002f87b3) add     a5, t6, sp
core   0: 3 0x8000819e (0x002f87b3) x15 0x52538000
core   0: 0x800081a2 (0x000013f9) c.addi  t2, -2
core   0: 3 0x800081a2 (0x13f9) x7  0x00000005
core   0: 0x800081a4 (0x40245793) srai    a5, s0, 2
core   0: 3 0x800081a4 (0x40245793) x15 0x00000003
core   0: 0x800081a8 (0x00734133) xor     sp, t1, t2
core   0: 3 0x800081a8 (0x00734133) x2  0x800080e1
core   0: 0x800081ac (0x025938b3) mulhu   a7, s2, t0
core   0: 3 0x800081ac (0x025938b3) x17 0x00000000
core   0: 0x800081b0 (0x00006a59) c.lui   s4, 0x16
core   0: 3 0x800081b0 (0x6a59) x20 0x00016000
core   0: 0x800081b2 (0x00000d32) c.slli  s10, 12
core   0: 3 0x800081b2 (0x0d32) x26 0xec86c000
core   0: 0x800081b4 (0x00004709) c.li    a4, 2
core   0: 3 0x800081b4 (0x4709) x14 0x00000002
core   0: 0x800081b6 (0x00000001) c.nop
core   0: 3 0x800081b6 (0x0001)
core   0: 0x800081b8 (0x00004e25) c.li    t3, 9
core   0: 3 0x800081b8 (0x4e25) x28 0x00000009
core   0: 0x800081ba (0x00c438b3) sltu    a7, s0, a2
core   0: 3 0x800081ba (0x00c438b3) x17 0x00000000
core   0: 0x800081be (0x02fccdb3) div     s11, s9, a5
core   0: 3 0x800081be (0x02fccdb3) x27 0x00000000
core   0: 0x800081c2 (0x00008621) c.srai  a2, 8
core   0: 3 0x800081c2 (0x8621) x12 0x00000000
core   0: 0x800081c4 (0x0000071d) c.addi  a4, 7
core   0: 3 0x800081c4 (0x071d) x14 0x00000009
core   0: 0x800081c6 (0xc5a92c93) slti    s9, s2, -934
core   0: 3 0x800081c6 (0xc5a92c93) x25 0x00000000
core   0: 0x800081ca (0x01d3d933) srl     s2, t2, t4
core   0: 3 0x800081ca (0x01d3d933) x18 0x00000005
core   0: 0x800081ce (0xffc718e3) bne     a4, t3, pc - 16
core   0: 3 0x800081ce (0xffc718e3)
core   0: 0x800081d2 (0x97b0b293) sltiu   t0, ra, -1669
core   0: 3 0x800081d2 (0x97b0b293) x5  0x00000000
core   0: 0x800081d6 (0xb2f0ca93) xori    s5, ra, -1233
core   0: 3 0x800081d6 (0xb2f0ca93) x21 0x000004d0
core   0: 0x800081da (0xf96c0d93) addi    s11, s8, -106
core   0: 3 0x800081da (0xf96c0d93) x27 0x0dffff96
core   0: 0x800081de (0x0000547d) c.li    s0, -1
core   0: 3 0x800081de (0x547d) x8  0xffffffff
core   0: 0x800081e0 (0x02ae5933) divu    s2, t3, a0
core   0: 3 0x800081e0 (0x02ae5933) x18 0x00000000
core   0: 0x800081e4 (0xfad3f9e3) bgeu    t2, a3, pc - 78
core   0: 3 0x800081e4 (0xfad3f9e3)
core   0: 0x800081e8 (0x012e5d93) srli    s11, t3, 18
core   0: 3 0x800081e8 (0x012e5d93) x27 0x00000000
core   0: 0x800081ec (0x00016697) auipc   a3, 0x16
core   0: 3 0x800081ec (0x00016697) x13 0x8001e1ec
core   0: 0x800081f0 (0xdfd68693) addi    a3, a3, -515
core   0: 3 0x800081f0 (0xdfd68693) x13 0x8001dfe9
core   0: 0x800081f4 (0x5100a717) auipc   a4, 0x5100a
core   0: 3 0x800081f4 (0x5100a717) x14 0xd10121f4
core   0: 0x800081f8 (0x01322533) slt     a0, tp, s3
core   0: 3 0x800081f8 (0x01322533) x10 0x00000000
core   0: 0x800081fc (0x0000018c) c.addi4spn a1, sp, 192
core   0: 3 0x800081fc (0x018c) x11 0x800081a1
core   0: 0x800081fe (0x0536cc03) lbu     s8, 83(a3)
core   0: 3 0x800081fe (0x0536cc03) x24 0x00000000 mem 0x8001e03c
core   0: 0x80008202 (0x86956b13) ori     s6, a0, -1943
core   0: 3 0x80008202 (0x86956b13) x22 0xfffff869
core   0: 0x80008206 (0x00008956) c.mv    s2, s5
core   0: 3 0x80008206 (0x8956) x18 0x000004d0
core   0: 0x80008208 (0x00a6de93) srli    t4, a3, 10
core   0: 3 0x80008208 (0x00a6de93) x29 0x00200077
core   0: 0x8000820c (0xe50f0d93) addi    s11, t5, -432
core   0: 3 0x8000820c (0xe50f0d93) x27 0x80025c84
core   0: 0x80008210 (0x304a58b7) lui     a7, 0x304a5
core   0: 3 0x80008210 (0x304a58b7) x17 0x304a5000
core   0: 0x80008214 (0x01970eb3) add     t4, a4, s9
core   0: 3 0x80008214 (0x01970eb3) x29 0xd10121f4
core   0: 0x80008218 (0x00000155) c.addi  sp, 21
core   0: 3 0x80008218 (0x0155) x2  0x800080f6
core   0: 0x8000821a (0xfb468ea3) sb      s4, -67(a3)
core   0: 3 0x8000821a (0xfb468ea3) mem 0x8001dfa6 0x00
core   0: 0x8000821e (0x00008939) c.andi  a0, 14
core   0: 3 0x8000821e (0x8939) x10 0x00000000
core   0: 0x80008220 (0x03b6da03) lhu     s4, 59(a3)
core   0: 3 0x80008220 (0x03b6da03) x20 0x00000000 mem 0x8001e024
core   0: 0x80008224 (0x00008b5e) c.mv    s6, s7
core   0: 3 0x80008224 (0x8b5e) x22 0x00000000
core   0: 0x80008226 (0x01bd1d33) sll     s10, s10, s11
core   0: 3 0x80008226 (0x01bd1d33) x26 0xc86c0000
core   0: 0x8000822a (0xfda6c103) lbu     sp, -38(a3)
core   0: 3 0x8000822a (0xfda6c103) x2  0x00000000 mem 0x8001dfc3
core   0: 0x8000822e (0x00000001) c.nop
core   0: 3 0x8000822e (0x0001)
core   0: 0x80008230 (0x03e3e433) rem     s0, t2, t5
core   0: 3 0x80008230 (0x03e3e433) x8  0x00000005
core   0: 0x80008234 (0x00000001) c.nop
core   0: 3 0x80008234 (0x0001)
core   0: 0x80008236 (0xfb668a83) lb      s5, -74(a3)
core   0: 3 0x80008236 (0xfb668a83) x21 0x00000000 mem 0x8001df9f
core   0: 0x8000823a (0xf7b68d23) sb      s11, -134(a3)
core   0: 3 0x8000823a (0xf7b68d23) mem 0x8001df63 0x84
core   0: 0x8000823e (0xf906c003) lbu     zero, -112(a3)
core   0: 3 0x8000823e (0xf906c003) mem 0x8001df79
core   0: 0x80008242 (0x01021d33) sll     s10, tp, a6
core   0: 3 0x80008242 (0x01021d33) x26 0x00000000
core   0: 0x80008246 (0x09f68123) sb      t6, 130(a3)
core   0: 3 0x80008246 (0x09f68123) mem 0x8001e06b 0x00
core   0: 0x8000824a (0x00000001) c.nop
core   0: 3 0x8000824a (0x0001)
core   0: 0x8000824c (0x02068c83) lb      s9, 32(a3)
core   0: 3 0x8000824c (0x02068c83) x25 0x00000000 mem 0x8001e009
core   0: 0x80008250 (0xf2268a03) lb      s4, -222(a3)
core   0: 3 0x80008250 (0xf2268a03) x20 0x00000000 mem 0x8001df0b
core   0: 0x80008254 (0x00495e13) srli    t3, s2, 4
core   0: 3 0x80008254 (0x00495e13) x28 0x0000004d
core   0: 0x80008258 (0x015dceb3) xor     t4, s11, s5
core   0: 3 0x80008258 (0x015dceb3) x29 0x80025c84
core   0: 0x8000825c (0xf1c68a23) sb      t3, -236(a3)
core   0: 3 0x8000825c (0xf1c68a23) mem 0x8001defd 0x4d
core   0: 0x80008260 (0xfe06cd03) lbu     s10, -32(a3)
core   0: 3 0x80008260 (0xfe06cd03) x26 0x00000000 mem 0x8001dfc9
core   0: 0x80008264 (0x00001184) c.addi4spn s1, sp, 224
core   0: 3 0x80008264 (0x1184) x9  0x000000e0
core   0: 0x80008266 (0xf0014713) xori    a4, sp, -256
core   0: 3 0x80008266 (0xf0014713) x14 0xffffff00
core   0: 0x8000826a (0x0646cc03) lbu     s8, 100(a3)
core   0: 3 0x8000826a (0x0646cc03) x24 0x00000000 mem 0x8001e04d
core   0: 0x8000826e (0xf8268f83) lb      t6, -126(a3)
core   0: 3 0x8000826e (0xf8268f83) x31 0x00000000 mem 0x8001df6b
core   0: 0x80008272 (0xf616df83) lhu     t6, -159(a3)
core   0: 3 0x80008272 (0xf616df83) x31 0x00000000 mem 0x8001df4a
core   0: 0x80008276 (0xc42d3237) lui     tp, 0xc42d3
core   0: 3 0x80008276 (0xc42d3237) x4  0xc42d3000
core   0: 0x8000827a (0x000002f5) c.addi  t0, 29
core   0: 3 0x8000827a (0x02f5) x5  0x0000001d
core   0: 0x8000827c (0xf256cd83) lbu     s11, -219(a3)
core   0: 3 0x8000827c (0xf256cd83) x27 0x00000000 mem 0x8001df0e
core   0: 0x80008280 (0x0204fb33) remu    s6, s1, zero
core   0: 3 0x80008280 (0x0204fb33) x22 0x000000e0
core   0: 0x80008284 (0x05868523) sb      s8, 74(a3)
core   0: 3 0x80008284 (0x05868523) mem 0x8001e033 0x00
core   0: 0x80008288 (0xf4e6c483) lbu     s1, -178(a3)
core   0: 3 0x80008288 (0xf4e6c483) x9  0x00000000 mem 0x8001df37
core   0: 0x8000828c (0x00000001) c.nop
core   0: 3 0x8000828c (0x0001)
core   0: 0x8000828e (0x0000190c) c.addi4spn a1, sp, 176
core   0: 3 0x8000828e (0x190c) x11 0x000000b0
core   0: 0x80008290 (0xf466c183) lbu     gp, -186(a3)
core   0: 3 0x80008290 (0xf466c183) x3  0x00000000 mem 0x8001df2f
core   0: 0x80008294 (0x00013117) auipc   sp, 0x13
core   0: 3 0x80008294 (0x00013117) x2  0x8001b294
core   0: 0x80008298 (0xc5810113) addi    sp, sp, -936
core   0: 3 0x80008298 (0xc5810113) x2  0x8001aeec
core   0: 0x8000829c (0xff110f83) lb      t6, -15(sp)
core   0: 3 0x8000829c (0xff110f83) x31 0x00000000 mem 0x8001aedd
core   0: 0x800082a0 (0xff114a03) lbu     s4, -15(sp)
core   0: 3 0x800082a0 (0xff114a03) x20 0x00000000 mem 0x8001aedd
core   0: 0x800082a4 (0x0000c412) c.swsp  tp, 8(sp)
core   0: 3 0x800082a4 (0xc412) mem 0x8001aef4 0xc42d3000
core   0: 0x800082a6 (0x0000c422) c.swsp  s0, 8(sp)
core   0: 3 0x800082a6 (0xc422) mem 0x8001aef4 0x00000005
core   0: 0x800082a8 (0xfe112c23) sw      ra, -8(sp)
core   0: 3 0x800082a8 (0xfe112c23) mem 0x8001aee4 0xffffffff
core   0: 0x800082ac (0xff815283) lhu     t0, -8(sp)
core   0: 3 0x800082ac (0xff815283) x5  0x0000ffff mem 0x8001aee4
core   0: 0x800082b0 (0xff815903) lhu     s2, -8(sp)
core   0: 3 0x800082b0 (0xff815903) x18 0x0000ffff mem 0x8001aee4
core   0: 0x800082b4 (0x00510183) lb      gp, 5(sp)
core   0: 3 0x800082b4 (0x00510183) x3  0x00000000 mem 0x8001aef1
core   0: 0x800082b8 (0xff314783) lbu     a5, -13(sp)
core   0: 3 0x800082b8 (0xff314783) x15 0x00000000 mem 0x8001aedf
core   0: 0x800082bc (0x01f100a3) sb      t6, 1(sp)
core   0: 3 0x800082bc (0x01f100a3) mem 0x8001aeed 0x00
core   0: 0x800082c0 (0x0000c62e) c.swsp  a1, 12(sp)
core   0: 3 0x800082c0 (0xc62e) mem 0x8001aef8 0x000000b0
core   0: 0x800082c2 (0x00710003) lb      zero, 7(sp)
core   0: 3 0x800082c2 (0x00710003) mem 0x8001aef3
core   0: 0x800082c6 (0x00004312) c.lwsp  t1, 4(sp)
core   0: 3 0x800082c6 (0x4312) x6  0x00000000 mem 0x8001aef0
core   0: 0x800082c8 (0xff314e83) lbu     t4, -13(sp)
core   0: 3 0x800082c8 (0xff314e83) x29 0x00000000 mem 0x8001aedf
core   0: 0x800082cc (0x02f4a3b3) mulhsu  t2, s1, a5
core   0: 3 0x800082cc (0x02f4a3b3) x7  0x00000000
core   0: 0x800082d0 (0xfe912e23) sw      s1, -4(sp)
core   0: 3 0x800082d0 (0xfe912e23) mem 0x8001aee8 0x00000000
core   0: 0x800082d4 (0x00008f9d) c.sub   a5, a5
core   0: 3 0x800082d4 (0x8f9d) x15 0x00000000
core   0: 0x800082d6 (0xffc15583) lhu     a1, -4(sp)
core   0: 3 0x800082d6 (0xffc15583) x11 0x00000000 mem 0x8001aee8
core   0: 0x800082da (0x00008c17) auipc   s8, 0x8
core   0: 3 0x800082da (0x00008c17) x24 0x800102da
core   0: 0x800082de (0x248c0c13) addi    s8, s8, 584
core   0: 3 0x800082de (0x248c0c13) x24 0x80010522
core   0: 0x800082e2 (0xfd3c0e03) lb      t3, -45(s8)
core   0: 3 0x800082e2 (0xfd3c0e03) x28 0x00000000 mem 0x800104f5
core   0: 0x800082e6 (0x0ecc06a3) sb      a2, 237(s8)
core   0: 3 0x800082e6 (0x0ecc06a3) mem 0x8001060f 0x00
core   0: 0x800082ea (0xf12c0883) lb      a7, -238(s8)
core   0: 3 0x800082ea (0xf12c0883) x17 0x00000000 mem 0x80010434
core   0: 0x800082ee (0xf21c0ba3) sb      ra, -201(s8)
core   0: 3 0x800082ee (0xf21c0ba3) mem 0x80010459 0xff
core   0: 0x800082f2 (0xf37c4603) lbu     a2, -201(s8)
core   0: 3 0x800082f2 (0xf37c4603) x12 0x000000ff mem 0x80010459
core   0: 0x800082f6 (0x01fa4eb3) xor     t4, s4, t6
core   0: 3 0x800082f6 (0x01fa4eb3) x29 0x00000000
core   0: 0x800082fa (0x006c1603) lh      a2, 6(s8)
core   0: 3 0x800082fa (0x006c1603) x12 0x00000000 mem 0x80010528
core   0: 0x800082fe (0x062c0103) lb      sp, 98(s8)
core   0: 3 0x800082fe (0x062c0103) x2  0x00000000 mem 0x80010584
core   0: 0x80008302 (0x0bec0d03) lb      s10, 190(s8)
core   0: 3 0x80008302 (0x0bec0d03) x26 0x00000000 mem 0x800105e0
core   0: 0x80008306 (0x090c1283) lh      t0, 144(s8)
core   0: 3 0x80008306 (0x090c1283) x5  0x00000000 mem 0x800105b2
core   0: 0x8000830a (0x0b5c08a3) sb      s5, 177(s8)
core   0: 3 0x8000830a (0x0b5c08a3) mem 0x800105d3 0x00
core   0: 0x8000830e (0x0b1c0d03) lb      s10, 177(s8)
core   0: 3 0x8000830e (0x0b1c0d03) x26 0x00000000 mem 0x800105d3
core   0: 0x80008312 (0x06ec07a3) sb      a4, 111(s8)
core   0: 3 0x80008312 (0x06ec07a3) mem 0x80010591 0x00
core   0: 0x80008316 (0x06fc0103) lb      sp, 111(s8)
core   0: 3 0x80008316 (0x06fc0103) x2  0x00000000 mem 0x80010591
core   0: 0x8000831a (0x06fc0183) lb      gp, 111(s8)
core   0: 3 0x8000831a (0x06fc0183) x3  0x00000000 mem 0x80010591
core   0: 0x8000831e (0x0000a097) auipc   ra, 0xa
core   0: 3 0x8000831e (0x0000a097) x1  0x8001231e
core   0: 0x80008322 (0x1e508093) addi    ra, ra, 485
core   0: 3 0x80008322 (0x1e508093) x1  0x80012503
core   0: 0x80008326 (0x03f0c883) lbu     a7, 63(ra)
core   0: 3 0x80008326 (0x03f0c883) x17 0x00000000 mem 0x80012542
core   0: 0x8000832a (0xfd70dc83) lhu     s9, -41(ra)
core   0: 3 0x8000832a (0xfd70dc83) x25 0x00000000 mem 0x800124da
core   0: 0x8000832e (0xfd10c303) lbu     t1, -47(ra)
core   0: 3 0x8000832e (0xfd10c303) x6  0x00000000 mem 0x800124d4
core   0: 0x80008332 (0x00e236b3) sltu    a3, tp, a4
core   0: 3 0x80008332 (0x00e236b3) x13 0x00000001
core   0: 0x80008336 (0x01808383) lb      t2, 24(ra)
core   0: 3 0x80008336 (0x01808383) x7  0x00000000 mem 0x8001251b
core   0: 0x8000833a (0xfc408103) lb      sp, -60(ra)
core   0: 3 0x8000833a (0xfc408103) x2  0x00000000 mem 0x800124c7
core   0: 0x8000833e (0xfef08f23) sb      a5, -2(ra)
core   0: 3 0x8000833e (0xfef08f23) mem 0x80012501 0x00
core   0: 0x80008342 (0x000085c5) c.srai  a1, 17
core   0: 3 0x80008342 (0x85c5) x11 0x00000000
core   0: 0x80008344 (0x00008d6d) c.and   a0, a1
core   0: 3 0x80008344 (0x8d6d) x10 0x00000000
core   0: 0x80008346 (0x0116a433) slt     s0, a3, a7
core   0: 3 0x80008346 (0x0116a433) x8  0x00000000
core   0: 0x8000834a (0x02c02317) auipc   t1, 0x2c02
core   0: 3 0x8000834a (0x02c02317) x6  0x82c0a34a
core   0: 0x8000834e (0x40890fb3) sub     t6, s2, s0
core   0: 3 0x8000834e (0x40890fb3) x31 0x0000ffff
core   0: 0x80008352 (0x518b3e13) sltiu   t3, s6, 1304
core   0: 3 0x80008352 (0x518b3e13) x28 0x00000001
core   0: 0x80008356 (0xfc508ba3) sb      t0, -41(ra)
core   0: 3 0x80008356 (0xfc508ba3) mem 0x800124da 0x00
core   0: 0x8000835a (0x02fd4d33) div     s10, s10, a5
core   0: 3 0x8000835a (0x02fd4d33) x26 0xffffffff
core   0: 0x8000835e (0x03608603) lb      a2, 54(ra)
core   0: 3 0x8000835e (0x03608603) x12 0x00000000 mem 0x80012539
core   0: 0x80008362 (0x00008f45) c.or    a4, s1
core   0: 3 0x80008362 (0x8f45) x14 0xffffff00
core   0: 0x80008364 (0x01d52733) slt     a4, a0, t4
core   0: 3 0x80008364 (0x01d52733) x14 0x00000000
core   0: 0x80008368 (0x01a08883) lb      a7, 26(ra)
core   0: 3 0x80008368 (0x01a08883) x17 0x00000000 mem 0x8001251d
core   0: 0x8000836c (0x00000001) c.nop
core   0: 3 0x8000836c (0x0001)
core   0: 0x8000836e (0x00771b93) slli    s7, a4, 7
core   0: 3 0x8000836e (0x00771b93) x23 0x00000000
core   0: 0x80008372 (0xff5089a3) sb      s5, -13(ra)
core   0: 3 0x80008372 (0xff5089a3) mem 0x800124f6 0x00
core   0: 0x80008376 (0x00d0d383) lhu     t2, 13(ra)
core   0: 3 0x80008376 (0x00d0d383) x7  0x00000000 mem 0x80012510
core   0: 0x8000837a (0x40e15d93) srai    s11, sp, 14
core   0: 3 0x8000837a (0x40e15d93) x27 0x00000000
core   0: 0x8000837e (0xfc80c583) lbu     a1, -56(ra)
core   0: 3 0x8000837e (0xfc80c583) x11 0x00000000 mem 0x800124cb
core   0: 0x80008382 (0xfe808b23) sb      s0, -10(ra)
core   0: 3 0x80008382 (0xfe808b23) mem 0x800124f9 0x00
core   0: 0x80008386 (0x00000769) c.addi  a4, 26
core   0: 3 0x80008386 (0x0769) x14 0x0000001a
core   0: 0x80008388 (0x00371a13) slli    s4, a4, 3
core   0: 3 0x80008388 (0x00371a13) x20 0x000000d0
core   0: 0x8000838c (0x030b2a33) mulhsu  s4, s6, a6
core   0: 3 0x8000838c (0x030b2a33) x20 0x0000004f
core   0: 0x80008390 (0xfec08623) sb      a2, -20(ra)
core   0: 3 0x80008390 (0xfec08623) mem 0x800124ef 0x00
core   0: 0x80008394 (0x00004525) c.li    a0, 9
core   0: 3 0x80008394 (0x4525) x10 0x00000009
core   0: 0x80008396 (0x14b9f293) andi    t0, s3, 331
core   0: 3 0x80008396 (0x14b9f293) x5  0x00000100
core   0: 0x8000839a (0x0091f3b3) and     t2, gp, s1
core   0: 3 0x8000839a (0x0091f3b3) x7  0x00000000
core   0: 0x8000839e (0x000053fd) c.li    t2, -1
core   0: 3 0x8000839e (0x53fd) x7  0xffffffff
core   0: 0x800083a0 (0x00009afd) c.andi  a3, -1
core   0: 3 0x800083a0 (0x9afd) x13 0x00000001
core   0: 0x800083a2 (0x00ade633) or      a2, s11, a0
core   0: 3 0x800083a2 (0x00ade633) x12 0x00000009
core   0: 0x800083a6 (0x008a5113) srli    sp, s4, 8
core   0: 3 0x800083a6 (0x008a5113) x2  0x00000000
core   0: 0x800083aa (0x632e7d93) andi    s11, t3, 1586
core   0: 3 0x800083aa (0x632e7d93) x27 0x00000000
core   0: 0x800083ae (0x00000d49) c.addi  s10, 18
core   0: 3 0x800083ae (0x0d49) x26 0x00000011
core   0: 0x800083b0 (0x00004729) c.li    a4, 10
core   0: 3 0x800083b0 (0x4729) x14 0x0000000a
core   0: 0x800083b2 (0x0153e1b3) or      gp, t2, s5
core   0: 3 0x800083b2 (0x0153e1b3) x3  0xffffffff
core   0: 0x800083b6 (0x00008c19) c.sub   s0, a4
core   0: 3 0x800083b6 (0x8c19) x8  0xfffffff6
core   0: 0x800083b8 (0x00178c33) add     s8, a5, ra
core   0: 3 0x800083b8 (0x00178c33) x24 0x80012503
core   0: 0x800083bc (0x00fea2b3) slt     t0, t4, a5
core   0: 3 0x800083bc (0x00fea2b3) x5  0x00000000
core   0: 0x800083c0 (0x0ef76b93) ori     s7, a4, 239
core   0: 3 0x800083c0 (0x0ef76b93) x23 0x000000ef
core   0: 0x800083c4 (0x028318b3) mulh    a7, t1, s0
core   0: 3 0x800083c4 (0x028318b3) x17 0x00000004
core   0: 0x800083c8 (0x00000505) c.addi  a0, 1
core   0: 3 0x800083c8 (0x0505) x10 0x0000000a
core   0: 0x800083ca (0x0000147d) c.addi  s0, -1
core   0: 3 0x800083ca (0x147d) x8  0xfffffff5
core   0: 0x800083cc (0x01df3db3) sltu    s11, t5, t4
core   0: 3 0x800083cc (0x01df3db3) x27 0x00000000
core   0: 0x800083d0 (0x0000823e) c.mv    tp, a5
core   0: 3 0x800083d0 (0x823e) x4  0x00000000
core   0: 0x800083d2 (0xc774c313) xori    t1, s1, -905
core   0: 3 0x800083d2 (0xc774c313) x6  0xfffffc77
core   0: 0x800083d6 (0xfee563e3) bltu    a0, a4, pc - 26
core   0: 3 0x800083d6 (0xfee563e3)
core   0: 0x800083da (0x00008dbd) c.xor   a1, a5
core   0: 3 0x800083da (0x8dbd) x11 0x00000000
core   0: 0x800083dc (0x037e1733) mulh    a4, t3, s7
core   0: 3 0x800083dc (0x037e1733) x14 0x00000000
core   0: 0x800083e0 (0x79ace693) ori     a3, s9, 1946
core   0: 3 0x800083e0 (0x79ace693) x13 0x0000079a
core   0: 0x800083e4 (0x03325c33) divu    s8, tp, s3
core   0: 3 0x800083e4 (0x03325c33) x24 0x00000000
core   0: 0x800083e8 (0x014684b3) add     s1, a3, s4
core   0: 3 0x800083e8 (0x014684b3) x9  0x000007e9
core   0: 0x800083ec (0x0018c933) xor     s2, a7, ra
core   0: 3 0x800083ec (0x0018c933) x18 0x80012507
core   0: 0x800083f0 (0xd7723313) sltiu   t1, tp, -649
core   0: 3 0x800083f0 (0xd7723313) x6  0x00000001
core   0: 0x800083f4 (0x0000e3b1) c.bnez  a5, pc + 68
core   0: 3 0x800083f4 (0xe3b1)
core   0: 0x800083f6 (0x03beea33) rem     s4, t4, s11
core   0: 3 0x800083f6 (0x03beea33) x20 0x00000000
core   0: 0x800083fa (0x00008ff6) c.mv    t6, t4
core   0: 3 0x800083fa (0x8ff6) x31 0x00000000
core   0: 0x800083fc (0x02cbb5b3) mulhu   a1, s7, a2
core   0: 3 0x800083fc (0x02cbb5b3) x11 0x00000000
core   0: 0x80008400 (0x41e8db33) sra     s6, a7, t5
core   0: 3 0x80008400 (0x41e8db33) x22 0x00000000
core   0: 0x80008404 (0x05d85863) bge     a6, t4, pc + 80
core   0: 3 0x80008404 (0x05d85863)
core   0: 0x80008454 (0x00008571) c.srai  a0, 28
core   0: 3 0x80008454 (0x8571) x10 0x00000000
core   0: 0x80008456 (0x00001cfd) c.addi  s9, -1
core   0: 3 0x80008456 (0x1cfd) x25 0xffffffff
core   0: 0x80008458 (0x0009d8b3) srl     a7, s3, zero
core   0: 3 0x80008458 (0x0009d8b3) x17 0x80029d24
core   0: 0x8000845c (0x02bbc163) blt     s7, a1, pc + 34
core   0: 3 0x8000845c (0x02bbc163)
core   0: 0x80008460 (0x00008569) c.srai  a0, 26
core   0: 3 0x80008460 (0x8569) x10 0x00000000
core   0: 0x80008462 (0x026ca433) mulhsu  s0, s9, t1
core   0: 3 0x80008462 (0x026ca433) x8  0xffffffff
core   0: 0x80008466 (0x03be6463) bltu    t3, s11, pc + 40
core   0: 3 0x80008466 (0x03be6463)
core   0: 0x8000846a (0x01929db3) sll     s11, t0, s9
core   0: 3 0x8000846a (0x01929db3) x27 0x00000000
core   0: 0x8000846e (0x0249b3b3) mulhu   t2, s3, tp
core   0: 3 0x8000846e (0x0249b3b3) x7  0x00000000
core   0: 0x80008472 (0x037d27b3) mulhsu  a5, s10, s7
core   0: 3 0x80008472 (0x037d27b3) x15 0x00000000
core   0: 0x80008476 (0x03a81e63) bne     a6, s10, pc + 60
core   0: 3 0x80008476 (0x03a81e63)
core   0: 0x800084b2 (0xc76df437) lui     s0, 0xc76df
core   0: 3 0x800084b2 (0xc76df437) x8  0xc76df000
core   0: 0x800084b6 (0x9e95e393) ori     t2, a1, -1559
core   0: 3 0x800084b6 (0x9e95e393) x7  0xfffff9e9
core   0: 0x800084ba (0x033466b3) rem     a3, s0, s3
core   0: 3 0x800084ba (0x033466b3) x13 0xc76df000
core   0: 0x800084be (0x02766333) rem     t1, a2, t2
core   0: 3 0x800084be (0x02766333) x6  0x00000009
core   0: 0x800084c2 (0x418c06b3) sub     a3, s8, s8
core   0: 3 0x800084c2 (0x418c06b3) x13 0x00000000
core   0: 0x800084c6 (0x000080a2) c.mv    ra, s0
core   0: 3 0x800084c6 (0x80a2) x1  0xc76df000
core   0: 0x800084c8 (0x0254a433) mulhsu  s0, s1, t0
core   0: 3 0x800084c8 (0x0254a433) x8  0x00000000
core   0: 0x800084cc (0x00d7ddb3) srl     s11, a5, a3
core   0: 3 0x800084cc (0x00d7ddb3) x27 0x00000000
core   0: 0x800084d0 (0x008645b3) xor     a1, a2, s0
core   0: 3 0x800084d0 (0x008645b3) x11 0x00000009
core   0: 0x800084d4 (0x13452293) slti    t0, a0, 308
core   0: 3 0x800084d4 (0x13452293) x5  0x00000001
core   0: 0x800084d8 (0x02c00b63) beq     zero, a2, pc + 54
core   0: 3 0x800084d8 (0x02c00b63)
core   0: 0x800084dc (0x0000ec1d) c.bnez  s0, pc + 62
core   0: 3 0x800084dc (0xec1d)
core   0: 0x800084de (0xc4b0bc13) sltiu   s8, ra, -949
core   0: 3 0x800084de (0xc4b0bc13) x24 0x00000001
core   0: 0x800084e2 (0x00009b7d) c.andi  a4, -1
core   0: 3 0x800084e2 (0x9b7d) x14 0x00000000
core   0: 0x800084e4 (0x00000a98) c.addi4spn a4, sp, 336
core   0: 3 0x800084e4 (0x0a98) x14 0x00000150
core   0: 0x800084e6 (0x00008d85) c.sub   a1, s1
core   0: 3 0x800084e6 (0x8d85) x11 0xfffff820
core   0: 0x800084e8 (0x006b3db3) sltu    s11, s6, t1
core   0: 3 0x800084e8 (0x006b3db3) x27 0x00000001
core   0: 0x800084ec (0x40db8133) sub     sp, s7, a3
core   0: 3 0x800084ec (0x40db8133) x2  0x000000ef
core   0: 0x800084f0 (0x0000ca95) c.beqz  a3, pc + 52
core   0: 3 0x800084f0 (0xca95)
core   0: 0x80008524 (0x01ed1e93) slli    t4, s10, 30
core   0: 3 0x80008524 (0x01ed1e93) x29 0x40000000
core   0: 0x80008528 (0x00008dd9) c.or    a1, a4
core   0: 3 0x80008528 (0x8dd9) x11 0xfffff970
core   0: 0x8000852a (0x0000ee15) c.bnez  a2, pc + 60
core   0: 3 0x8000852a (0xee15)
core   0: 0x80008566 (0x001fd913) srli    s2, t6, 1
core   0: 3 0x80008566 (0x001fd913) x18 0x00000000
core   0: 0x8000856a (0x00000ade) c.slli  s5, 23
core   0: 3 0x8000856a (0x0ade) x21 0x00000000
core   0: 0x8000856c (0x0000cb9d) c.beqz  a5, pc + 54
core   0: 3 0x8000856c (0xcb9d)
core   0: 0x800085a2 (0x0000976a) c.add   a4, s10
core   0: 3 0x800085a2 (0x976a) x14 0x00000161
core   0: 0x800085a4 (0x00008f35) c.xor   a4, a3
core   0: 3 0x800085a4 (0x8f35) x14 0x00000161
core   0: 0x800085a6 (0x00008ca9) c.xor   s1, a0
core   0: 3 0x800085a6 (0x8ca9) x9  0x000007e9
core   0: 0x800085a8 (0x00009bfd) c.andi  a5, -1
core   0: 3 0x800085a8 (0x9bfd) x15 0x00000000
core   0: 0x800085aa (0x01539493) slli    s1, t2, 21
core   0: 3 0x800085aa (0x01539493) x9  0x3d200000
core   0: 0x800085ae (0x00f9b333) sltu    t1, s3, a5
core   0: 3 0x800085ae (0x00f9b333) x6  0x00000000
core   0: 0x800085b2 (0x000093d6) c.add   t2, s5
core   0: 3 0x800085b2 (0x93d6) x7  0xfffff9e9
core   0: 0x800085b4 (0x280cd397) auipc   t2, 0x280cd
core   0: 3 0x800085b4 (0x280cd397) x7  0xa80d55b4
core   0: 0x800085b8 (0x00000295) c.addi  t0, 5
core   0: 3 0x800085b8 (0x0295) x5  0x00000006
core   0: 0x800085ba (0x00934e63) blt     t1, s1, pc + 28
core   0: 3 0x800085ba (0x00934e63)
core   0: 0x800085d6 (0x015c7933) and     s2, s8, s5
core   0: 3 0x800085d6 (0x015c7933) x18 0x00000000
core   0: 0x800085da (0x00008e6d) c.and   a2, a1
core   0: 3 0x800085da (0x8e6d) x12 0x00000000
core   0: 0x800085dc (0x00008e29) c.xor   a2, a0
core   0: 3 0x800085dc (0x8e29) x12 0x00000000
core   0: 0x800085de (0xd9bf6313) ori     t1, t5, -613
core   0: 3 0x800085de (0xd9bf6313) x6  0xffffffbf
core   0: 0x800085e2 (0x000089e5) c.andi  a1, 25
core   0: 3 0x800085e2 (0x89e5) x11 0x00000010
core   0: 0x800085e4 (0x000682b3) add     t0, a3, zero
core   0: 3 0x800085e4 (0x000682b3) x5  0x00000000
core   0: 0x800085e8 (0x0000e909) c.bnez  a0, pc + 18
core   0: 3 0x800085e8 (0xe909)
core   0: 0x800085ea (0x006202b3) add     t0, tp, t1
core   0: 3 0x800085ea (0x006202b3) x5  0xffffffbf
core   0: 0x800085ee (0x0210b6b3) mulhu   a3, ra, ra
core   0: 3 0x800085ee (0x0210b6b3) x13 0x9b5c1a56
core   0: 0x800085f2 (0x0199bb33) sltu    s6, s3, s9
core   0: 3 0x800085f2 (0x0199bb33) x22 0x00000001
core   0: 0x800085f6 (0x00d0a633) slt     a2, ra, a3
core   0: 3 0x800085f6 (0x00d0a633) x12 0x00000000
core   0: 0x800085fa (0x0000838d) c.srli  a5, 3
core   0: 3 0x800085fa (0x838d) x15 0x00000000
core   0: 0x800085fc (0x417cdab3) sra     s5, s9, s7
core   0: 3 0x800085fc (0x417cdab3) x21 0xffffffff
core   0: 0x80008600 (0x00009b7d) c.andi  a4, -1
core   0: 3 0x80008600 (0x9b7d) x14 0x00000161
core   0: 0x80008602 (0x034a8933) mul     s2, s5, s4
core   0: 3 0x80008602 (0x034a8933) x18 0x00000000
core   0: 0x80008606 (0x04ea9063) bne     s5, a4, pc + 64
core   0: 3 0x80008606 (0x04ea9063)
core   0: 0x80008646 (0x0000049d) c.addi  s1, 7
core   0: 3 0x80008646 (0x049d) x9  0x3d200007
core   0: 0x80008648 (0x2041bf93) sltiu   t6, gp, 516
core   0: 3 0x80008648 (0x2041bf93) x31 0x00000000
core   0: 0x8000864c (0x0000c989) c.beqz  a1, pc + 18
core   0: 3 0x8000864c (0xc989)
core   0: 0x8000864e (0x00000dc6) c.slli  s11, 17
core   0: 3 0x8000864e (0x0dc6) x27 0x00020000
core   0: 0x80008650 (0x00000001) c.nop
core   0: 3 0x80008650 (0x0001)
core   0: 0x80008652 (0x55718b13) addi    s6, gp, 1367
core   0: 3 0x80008652 (0x55718b13) x22 0x00000556
core   0: 0x80008656 (0x418c86b3) sub     a3, s9, s8
core   0: 3 0x80008656 (0x418c86b3) x13 0xfffffffe
core   0: 0x8000865a (0x03d71d33) mulh    s10, a4, t4
core   0: 3 0x8000865a (0x03d71d33) x26 0x00000058
core   0: 0x8000865e (0x008751b3) srl     gp, a4, s0
core   0: 3 0x8000865e (0x008751b3) x3  0x00000161
core   0: 0x80008662 (0x16f30e93) addi    t4, t1, 367
core   0: 3 0x80008662 (0x16f30e93) x29 0x0000012e
core   0: 0x80008666 (0x0000cc01) c.beqz  s0, pc + 24
core   0: 3 0x80008666 (0xcc01)
core   0: 0x8000867e (0x04e48063) beq     s1, a4, pc + 64
core   0: 3 0x8000867e (0x04e48063)
core   0: 0x80008682 (0x0000c10d) c.beqz  a0, pc + 34
core   0: 3 0x80008682 (0xc10d)
core   0: 0x800086a4 (0x1fecb893) sltiu   a7, s9, 510
core   0: 3 0x800086a4 (0x1fecb893) x17 0x00000000
core   0: 0x800086a8 (0x03b2abb3) mulhsu  s7, t0, s11
core   0: 3 0x800086a8 (0x03b2abb3) x23 0xffffffff
core   0: 0x800086ac (0x0143bbb3) sltu    s7, t2, s4
core   0: 3 0x800086ac (0x0143bbb3) x23 0x00000000
core   0: 0x800086b0 (0x04899063) bne     s3, s0, pc + 64
core   0: 3 0x800086b0 (0x04899063)
core   0: 0x800086f0 (0x331d2313) slti    t1, s10, 817
core   0: 3 0x800086f0 (0x331d2313) x6  0x00000001
core   0: 0x800086f4 (0x0034b233) sltu    tp, s1, gp
core   0: 3 0x800086f4 (0x0034b233) x4  0x00000000
core   0: 0x800086f8 (0x0000c615) c.beqz  a2, pc + 44
core   0: 3 0x800086f8 (0xc615)
core   0: 0x80008724 (0x2e966717) auipc   a4, 0x2e966
core   0: 3 0x80008724 (0x2e966717) x14 0xae96e724
core   0: 0x80008728 (0x0000ce85) c.beqz  a3, pc + 56
core   0: 3 0x80008728 (0xce85)
core   0: 0x8000872a (0x03d63d33) mulhu   s10, a2, t4
core   0: 3 0x8000872a (0x03d63d33) x26 0x00000000
core   0: 0x8000872e (0x01d1e5b3) or      a1, gp, t4
core   0: 3 0x8000872e (0x01d1e5b3) x11 0x0000016f
core   0: 0x80008732 (0x0578ce13) xori    t3, a7, 87
core   0: 3 0x80008732 (0x0578ce13) x28 0x00000057
core   0: 0x80008736 (0x0000567d) c.li    a2, -1
core   0: 3 0x80008736 (0x567d) x12 0xffffffff
core   0: 0x80008738 (0x000092fa) c.add   t0, t5
core   0: 3 0x80008738 (0x92fa) x5  0x80025df3
core   0: 0x8000873a (0x0118a7b3) slt     a5, a7, a7
core   0: 3 0x8000873a (0x0118a7b3) x15 0x00000000
core   0: 0x8000873e (0x0190ccb3) xor     s9, ra, s9
core   0: 3 0x8000873e (0x0190ccb3) x25 0x38920fff
core   0: 0x80008742 (0x011c31b3) sltu    gp, s8, a7
core   0: 3 0x80008742 (0x011c31b3) x3  0x00000000
core   0: 0x80008746 (0x03d39533) mulh    a0, t2, t4
core   0: 3 0x80008746 (0x03d39533) x10 0xffffff98
core   0: 0x8000874a (0x00000c4e) c.slli  s8, 19
core   0: 3 0x8000874a (0x0c4e) x24 0x00080000
core   0: 0x8000874c (0x00fb4463) blt     s6, a5, pc + 8
core   0: 3 0x8000874c (0x00fb4463)
core   0: 0x80008750 (0x41bd5a13) srai    s4, s10, 27
core   0: 3 0x80008750 (0x41bd5a13) x20 0x00000000
core   0: 0x80008754 (0x01cf3c33) sltu    s8, t5, t3
core   0: 3 0x80008754 (0x01cf3c33) x24 0x00000000
core   0: 0x80008758 (0x2c4c8713) addi    a4, s9, 708
core   0: 3 0x80008758 (0x2c4c8713) x14 0x389212c3
core   0: 0x8000875c (0xc840cf93) xori    t6, ra, -892
core   0: 3 0x8000875c (0xc840cf93) x31 0x38920c84
core   0: 0x80008760 (0x0c19d1b7) lui     gp, 0xc19d
core   0: 3 0x80008760 (0x0c19d1b7) x3  0x0c19d000
core   0: 0x80008764 (0x022cdbb3) divu    s7, s9, sp
core   0: 3 0x80008764 (0x022cdbb3) x23 0x003c982a
core   0: 0x80008768 (0x00008f8d) c.sub   a5, a1
core   0: 3 0x80008768 (0x8f8d) x15 0xfffffe91
core   0: 0x8000876a (0xff556193) ori     gp, a0, -11
core   0: 3 0x8000876a (0xff556193) x3  0xfffffffd
core   0: 0x8000876e (0x000099fd) c.andi  a1, -1
core   0: 3 0x8000876e (0x99fd) x11 0x0000016f
core   0: 0x80008770 (0x93d73113) sltiu   sp, a4, -1731
core   0: 3 0x80008770 (0x93d73113) x2  0x00000001
core   0: 0x80008774 (0x03a2f763) bgeu    t0, s10, pc + 46
core   0: 3 0x80008774 (0x03a2f763)
core   0: 0x800087a2 (0x0000717d) c.addi16sp sp, -16
core   0: 3 0x800087a2 (0x717d) x2  0xfffffff1
core   0: 0x800087a4 (0xa5af8537) lui     a0, 0xa5af8
core   0: 3 0x800087a4 (0xa5af8537) x10 0xa5af8000
core   0: 0x800087a8 (0x26602b93) slti    s7, zero, 614
core   0: 3 0x800087a8 (0x26602b93) x23 0x00000001
core   0: 0x800087ac (0x6b5a9037) lui     zero, 0x6b5a9
core   0: 3 0x800087ac (0x6b5a9037)
core   0: 0x800087b0 (0x000080c5) c.srli  s1, 17
core   0: 3 0x800087b0 (0x80c5) x9  0x00001e90
core   0: 0x800087b2 (0x00689113) slli    sp, a7, 6
core   0: 3 0x800087b2 (0x00689113) x2  0x00000000
core   0: 0x800087b6 (0x00008ae5) c.andi  a3, 25
core   0: 3 0x800087b6 (0x8ae5) x13 0x00000018
core   0: 0x800087b8 (0x01f093b3) sll     t2, ra, t6
core   0: 3 0x800087b8 (0x01f093b3) x7  0x76df0000
core   0: 0x800087bc (0x01de2133) slt     sp, t3, t4
core   0: 3 0x800087bc (0x01de2133) x2  0x00000001
core   0: 0x800087c0 (0x030a2113) slti    sp, s4, 48
core   0: 3 0x800087c0 (0x030a2113) x2  0x00000001
core   0: 0x800087c4 (0x74496c93) ori     s9, s2, 1860
core   0: 3 0x800087c4 (0x74496c93) x25 0x00000744
core   0: 0x800087c8 (0x00cfc8b3) xor     a7, t6, a2
core   0: 3 0x800087c8 (0x00cfc8b3) x17 0xc76df37b
core   0: 0x800087cc (0x85d6f413) andi    s0, a3, -1955
core   0: 3 0x800087cc (0x85d6f413) x8  0x00000018
core   0: 0x800087d0 (0x1bd88893) addi    a7, a7, 445
core   0: 3 0x800087d0 (0x1bd88893) x17 0xc76df538
core   0: 0x800087d4 (0x41b2d033) sra     zero, t0, s11
core   0: 3 0x800087d4 (0x41b2d033)
core   0: 0x800087d8 (0xeadfe36f) jal     t1, pc - 0x1154
core   0: 3 0x800087d8 (0xeadfe36f) x6  0x800087dc
core   0: 0x80007684 (0x00001f01) c.addi  t5, -32
core   0: 3 0x80007684 (0x1f01) x30 0x80025e14
core   0: 0x80007686 (0x0352f2b3) remu    t0, t0, s5
core   0: 3 0x80007686 (0x0352f2b3) x5  0x80025df3
core   0: 0x8000768a (0x006f2223) sw      t1, 4(t5)
core   0: 3 0x8000768a (0x006f2223) mem 0x80025e18 0x800087dc
core   0: 0x8000768e (0x8d350893) addi    a7, a0, -1837
core   0: 3 0x8000768e (0x8d350893) x17 0xa5af78d3
core   0: 0x80007692 (0x01f85133) srl     sp, a6, t6
core   0: 3 0x80007692 (0x01f85133) x2  0x05b4bc1c
core   0: 0x80007696 (0x000089b1) c.andi  a1, 12
core   0: 3 0x80007696 (0x89b1) x11 0x0000000c
core   0: 0x80007698 (0x01a20bb3) add     s7, tp, s10
core   0: 3 0x80007698 (0x01a20bb3) x23 0x00000000
core   0: 0x8000769c (0x00006689) c.lui   a3, 0x2
core   0: 3 0x8000769c (0x6689) x13 0x00002000
core   0: 0x8000769e (0x03ada733) mulhsu  a4, s11, s10
core   0: 3 0x8000769e (0x03ada733) x14 0x00000000
core   0: 0x800076a2 (0x85d30393) addi    t2, t1, -1955
core   0: 3 0x800076a2 (0x85d30393) x7  0x80008039
core   0: 0x800076a6 (0x40ff5393) srai    t2, t5, 15
core   0: 3 0x800076a6 (0x40ff5393) x7  0xffff0004
core   0: 0x800076aa (0x000000aa) c.slli  ra, 10
core   0: 3 0x800076aa (0x00aa) x1  0xb7c00000
core   0: 0x800076ac (0x03c221b3) mulhsu  gp, tp, t3
core   0: 3 0x800076ac (0x03c221b3) x3  0x00000000
core   0: 0x800076b0 (0x0061b233) sltu    tp, gp, t1
core   0: 3 0x800076b0 (0x0061b233) x4  0x00000001
core   0: 0x800076b4 (0x0000c605) c.beqz  a2, pc + 40
core   0: 3 0x800076b4 (0xc605)
core   0: 0x800076b6 (0x40cf5693) srai    a3, t5, 12
core   0: 3 0x800076b6 (0x40cf5693) x13 0xfff80025
core   0: 0x800076ba (0x59dd2893) slti    a7, s10, 1437
core   0: 3 0x800076ba (0x59dd2893) x17 0x00000001
core   0: 0x800076be (0x005a0fb3) add     t6, s4, t0
core   0: 3 0x800076be (0x005a0fb3) x31 0x80025df3
core   0: 0x800076c2 (0xa0a6ec93) ori     s9, a3, -1526
core   0: 3 0x800076c2 (0xa0a6ec93) x25 0xfffffa2f
core   0: 0x800076c6 (0x00b4c963) blt     s1, a1, pc + 18
core   0: 3 0x800076c6 (0x00b4c963)
core   0: 0x800076ca (0x009e3cb3) sltu    s9, t3, s1
core   0: 3 0x800076ca (0x009e3cb3) x25 0x00000001
core   0: 0x800076ce (0x01f6ca63) blt     a3, t6, pc + 20
core   0: 3 0x800076ce (0x01f6ca63)
core   0: 0x800076d2 (0x0000177d) c.addi  a4, -1
core   0: 3 0x800076d2 (0x177d) x14 0xffffffff
core   0: 0x800076d4 (0x6db04913) xori    s2, zero, 1755
core   0: 3 0x800076d4 (0x6db04913) x18 0x000006db
core   0: 0x800076d8 (0x007d6ab3) or      s5, s10, t2
core   0: 3 0x800076d8 (0x007d6ab3) x21 0xffff0004
core   0: 0x800076dc (0x000081f9) c.srli  a1, 30
core   0: 3 0x800076dc (0x81f9) x11 0x00000000
core   0: 0x800076de (0x00e98263) beq     s3, a4, pc + 4
core   0: 3 0x800076de (0x00e98263)
core   0: 0x800076e2 (0x85dc9797) auipc   a5, 0x85dc9
core   0: 3 0x800076e2 (0x85dc9797) x15 0x05dd06e2
core   0: 0x800076e6 (0x004f2303) lw      t1, 4(t5)
core   0: 3 0x800076e6 (0x004f2303) x6  0x800087dc mem 0x80025e18
core   0: 0x800076ea (0x00008dd1) c.or    a1, a2
core   0: 3 0x800076ea (0x8dd1) x11 0xffffffff
core   0: 0x800076ec (0x02598093) addi    ra, s3, 37
core   0: 3 0x800076ec (0x02598093) x1  0x80029d49
core   0: 0x800076f0 (0x020f0f13) addi    t5, t5, 32
core   0: 3 0x800076f0 (0x020f0f13) x30 0x80025e34
core   0: 0x800076f4 (0x01920d33) add     s10, tp, s9
core   0: 3 0x800076f4 (0x01920d33) x26 0x00000002
core   0: 0x800076f8 (0x007ab1b3) sltu    gp, s5, t2
core   0: 3 0x800076f8 (0x007ab1b3) x3  0x00000000
core   0: 0x800076fc (0x3644cb93) xori    s7, s1, 868
core   0: 3 0x800076fc (0x3644cb93) x23 0x00001df4
core   0: 0x80007700 (0x00008eb9) c.xor   a3, a4
core   0: 3 0x80007700 (0x8eb9) x13 0x0007ffda
core   0: 0x80007702 (0x00574eb3) xor     t4, a4, t0
core   0: 3 0x80007702 (0x00574eb3) x29 0x7ffda20c
core   0: 0x80007706 (0x00130693) addi    a3, t1, 1
core   0: 3 0x80007706 (0x00130693) x13 0x800087dd
core   0: 0x8000770a (0x00009682) c.jalr  a3
core   0: 3 0x8000770a (0x9682) x1  0x8000770c
core   0: 0x800087dc (0x0000717d) c.addi16sp sp, -16
core   0: 3 0x800087dc (0x717d) x2  0x05b4bc0c
core   0: 0x800087de (0x00000001) c.nop
core   0: 3 0x800087de (0x0001)
core   0: 0x800087e0 (0x027bdeb3) divu    t4, s7, t2
core   0: 3 0x800087e0 (0x027bdeb3) x29 0x00000000
core   0: 0x800087e4 (0x03f6d5b3) divu    a1, a3, t6
core   0: 3 0x800087e4 (0x03f6d5b3) x11 0x00000000
core   0: 0x800087e8 (0xac953113) sltiu   sp, a0, -1335
core   0: 3 0x800087e8 (0xac953113) x2  0x00000001
core   0: 0x800087ec (0xd1310db7) lui     s11, 0xd1310
core   0: 3 0x800087ec (0xd1310db7) x27 0xd1310000
core   0: 0x800087f0 (0x01a18563) beq     gp, s10, pc + 10
core   0: 3 0x800087f0 (0x01a18563)
core   0: 0x800087f4 (0x02046bb3) rem     s7, s0, zero
core   0: 3 0x800087f4 (0x02046bb3) x23 0x00000018
core   0: 0x800087f8 (0x0000127d) c.addi  tp, -1
core   0: 3 0x800087f8 (0x127d) x4  0x00000000
core   0: 0x800087fa (0x017becb3) or      s9, s7, s7
core   0: 3 0x800087fa (0x017becb3) x25 0x00000018
core   0: 0x800087fe (0x01321d63) bne     tp, s3, pc + 26
core   0: 3 0x800087fe (0x01321d63)
core   0: 0x80008818 (0x91adce97) auipc   t4, 0x91adc
core   0: 3 0x80008818 (0x91adce97) x29 0x11ae4818
core   0: 0x8000881c (0x02655eb3) divu    t4, a0, t1
core   0: 3 0x8000881c (0x02655eb3) x29 0x00000001
core   0: 0x80008820 (0x00006325) c.lui   t1, 0x9
core   0: 3 0x80008820 (0x6325) x6  0x00009000
core   0: 0x80008822 (0x362fce13) xori    t3, t6, 866
core   0: 3 0x80008822 (0x362fce13) x28 0x80025e91
core   0: 0x80008826 (0x005dd933) srl     s2, s11, t0
core   0: 3 0x80008826 (0x005dd933) x18 0x00001a26
core   0: 0x8000882a (0x018d1c33) sll     s8, s10, s8
core   0: 3 0x8000882a (0x018d1c33) x24 0x00000002
core   0: 0x8000882e (0x00008fcd) c.or    a5, a1
core   0: 3 0x8000882e (0x8fcd) x15 0x05dd06e2
core   0: 0x80008830 (0x00008519) c.srai  a0, 6
core   0: 3 0x80008830 (0x8519) x10 0xfe96be00
core   0: 0x80008832 (0x032ce2b3) rem     t0, s9, s2
core   0: 3 0x80008832 (0x032ce2b3) x5  0x00000018
core   0: 0x80008836 (0x012c0cb3) add     s9, s8, s2
core   0: 3 0x80008836 (0x012c0cb3) x25 0x00001a28
core   0: 0x8000883a (0x000087b5) c.srai  a5, 13
core   0: 3 0x8000883a (0x87b5) x15 0x00002ee8
core   0: 0x8000883c (0x02ca8c33) mul     s8, s5, a2
core   0: 3 0x8000883c (0x02ca8c33) x24 0x0000fffc
core   0: 0x80008840 (0xab920713) addi    a4, tp, -1351
core   0: 3 0x80008840 (0xab920713) x14 0xfffffab9
core   0: 0x80008844 (0x1059eb93) ori     s7, s3, 261
core   0: 3 0x80008844 (0x1059eb93) x23 0x80029d25
core   0: 0x80008848 (0x00074863) bltz    a4, pc + 16
core   0: 3 0x80008848 (0x00074863)
core   0: 0x80008858 (0x0000844d) c.srai  s0, 19
core   0: 3 0x80008858 (0x844d) x8  0x00000000
core   0: 0x8000885a (0x0376c733) div     a4, a3, s7
core   0: 3 0x8000885a (0x0376c733) x14 0x00000001
core   0: 0x8000885e (0x00b37233) and     tp, t1, a1
core   0: 3 0x8000885e (0x00b37233) x4  0x00000000
core   0: 0x80008862 (0x02e534b3) mulhu   s1, a0, a4
core   0: 3 0x80008862 (0x02e534b3) x9  0x00000000
core   0: 0x80008866 (0x02145e63) bge     s0, ra, pc + 60
core   0: 3 0x80008866 (0x02145e63)
core   0: 0x800088a2 (0x032f1d63) bne     t5, s2, pc + 58
core   0: 3 0x800088a2 (0x032f1d63)
core   0: 0x800088dc (0x0010ffb3) and     t6, ra, ra
core   0: 3 0x800088dc (0x0010ffb3) x31 0x8000770c
core   0: 0x800088e0 (0xb8c3e213) ori     tp, t2, -1140
core   0: 3 0x800088e0 (0xb8c3e213) x4  0xfffffb8c
core   0: 0x800088e4 (0x00000c04) c.addi4spn s1, sp, 528
core   0: 3 0x800088e4 (0x0c04) x9  0x00000211
core   0: 0x800088e6 (0x401edb93) srai    s7, t4, 1
core   0: 3 0x800088e6 (0x401edb93) x23 0x00000000
core   0: 0x800088ea (0x0274ceb3) div     t4, s1, t2
core   0: 3 0x800088ea (0x0274ceb3) x29 0x00000000
core   0: 0x800088ee (0x00000094) c.addi4spn a3, sp, 64
core   0: 3 0x800088ee (0x0094) x13 0x00000041
core   0: 0x800088f0 (0x00008cd9) c.or    s1, a4
core   0: 3 0x800088f0 (0x8cd9) x9  0x00000211
core   0: 0x800088f2 (0x025ee363) bltu    t4, t0, pc + 38
core   0: 3 0x800088f2 (0x025ee363)
core   0: 0x80008918 (0x41ee3e13) sltiu   t3, t3, 1054
core   0: 3 0x80008918 (0x41ee3e13) x28 0x00000000
core   0: 0x8000891c (0x00615263) bge     sp, t1, pc + 4
core   0: 3 0x8000891c (0x00615263)
core   0: 0x80008920 (0x00008a69) c.andi  a2, 26
core   0: 3 0x80008920 (0x8a69) x12 0x0000001a
core   0: 0x80008922 (0x0000e81d) c.bnez  s0, pc + 54
core   0: 3 0x80008922 (0xe81d)
core   0: 0x80008924 (0x02de4d33) div     s10, t3, a3
core   0: 3 0x80008924 (0x02de4d33) x26 0x00000000
core   0: 0x80008928 (0x00000001) c.nop
core   0: 3 0x80008928 (0x0001)
core   0: 0x8000892a (0x0281bbb3) mulhu   s7, gp, s0
core   0: 3 0x8000892a (0x0281bbb3) x23 0x00000000
core   0: 0x8000892e (0x037a4ab3) div     s5, s4, s7
core   0: 3 0x8000892e (0x037a4ab3) x21 0xffffffff
core   0: 0x80008932 (0x0000c609) c.beqz  a2, pc + 10
core   0: 3 0x80008932 (0xc609)
core   0: 0x80008934 (0x00008fed) c.and   a5, a1
core   0: 3 0x80008934 (0x8fed) x15 0x00000000
core   0: 0x80008936 (0x00000001) c.nop
core   0: 3 0x80008936 (0x0001)
core   0: 0x80008938 (0x00008431) c.srai  s0, 12
core   0: 3 0x80008938 (0x8431) x8  0x00000000
core   0: 0x8000893a (0x00008cb9) c.xor   s1, a4
core   0: 3 0x8000893a (0x8cb9) x9  0x00000210
core   0: 0x8000893c (0x031d1733) mulh    a4, s10, a7
core   0: 3 0x8000893c (0x031d1733) x14 0x00000000
core   0: 0x80008940 (0x00008ecd) c.or    a3, a1
core   0: 3 0x80008940 (0x8ecd) x13 0x00000041
core   0: 0x80008942 (0xaf575237) lui     tp, 0xaf575
core   0: 3 0x80008942 (0xaf575237) x4  0xaf575000
core   0: 0x80008946 (0x00000185) c.addi  gp, 1
core   0: 3 0x80008946 (0x0185) x3  0x00000001
core   0: 0x80008948 (0x013d9013) slli    zero, s11, 19
core   0: 3 0x80008948 (0x013d9013)
core   0: 0x8000894c (0x006780b3) add     ra, a5, t1
core   0: 3 0x8000894c (0x006780b3) x1  0x00009000
core   0: 0x80008950 (0x038f0733) mul     a4, t5, s8
core   0: 3 0x80008950 (0x038f0733) x14 0x5e2a8730
core   0: 0x80008954 (0x011a8633) add     a2, s5, a7
core   0: 3 0x80008954 (0x011a8633) x12 0x00000000
core   0: 0x80008958 (0x000008a2) c.slli  a7, 8
core   0: 3 0x80008958 (0x08a2) x17 0x00000100
core   0: 0x8000895a (0x0339bfb3) mulhu   t6, s3, s3
core   0: 3 0x8000895a (0x0339bfb3) x31 0x40029d2a
core   0: 0x8000895e (0x011ac8b3) xor     a7, s5, a7
core   0: 3 0x8000895e (0x011ac8b3) x17 0xfffffeff
core   0: 0x80008962 (0x0000cb0d) c.beqz  a4, pc + 50
core   0: 3 0x80008962 (0xcb0d)
core   0: 0x80008964 (0x000004ad) c.addi  s1, 11
core   0: 3 0x80008964 (0x04ad) x9  0x0000021b
core   0: 0x80008966 (0x0000190c) c.addi4spn a1, sp, 176
core   0: 3 0x80008966 (0x190c) x11 0x000000b1
core   0: 0x80008968 (0x0000e999) c.bnez  a1, pc + 22
core   0: 3 0x80008968 (0xe999)
core   0: 0x8000897e (0x0000159c) c.addi4spn a5, sp, 736
core   0: 3 0x8000897e (0x159c) x15 0x000002e1
core   0: 0x80008980 (0x00009ee6) c.add   t4, s9
core   0: 3 0x80008980 (0x9ee6) x29 0x00001a28
core   0: 0x80008982 (0x005b9693) slli    a3, s7, 5
core   0: 3 0x80008982 (0x005b9693) x13 0x00000000
core   0: 0x80008986 (0x00cb58b3) srl     a7, s6, a2
core   0: 3 0x80008986 (0x00cb58b3) x17 0x00000556
core   0: 0x8000898a (0x790dc693) xori    a3, s11, 1936
core   0: 3 0x8000898a (0x790dc693) x13 0xd1310790
core   0: 0x8000898e (0x0096d293) srli    t0, a3, 9
core   0: 3 0x8000898e (0x0096d293) x5  0x00689883
core   0: 0x80008992 (0x0000717d) c.addi16sp sp, -16
core   0: 3 0x80008992 (0x717d) x2  0xfffffff1
core   0: 0x80008994 (0x00008d61) c.and   a0, s0
core   0: 3 0x80008994 (0x8d61) x10 0x00000000
core   0: 0x80008996 (0x034df733) remu    a4, s11, s4
core   0: 3 0x80008996 (0x034df733) x14 0xd1310000
core   0: 0x8000899a (0x00008eed) c.and   a3, a1
core   0: 3 0x8000899a (0x8eed) x13 0x00000090
core   0: 0x8000899c (0x000085ad) c.srai  a1, 11
core   0: 3 0x8000899c (0x85ad) x11 0x00000000
core   0: 0x8000899e (0x00804233) xor     tp, zero, s0
core   0: 3 0x8000899e (0x00804233) x4  0x00000000
core   0: 0x800089a2 (0x00008c89) c.sub   s1, a0
core   0: 3 0x800089a2 (0x8c89) x9  0x0000021b
core   0: 0x800089a4 (0x03e32033) mulhsu  zero, t1, t5
core   0: 3 0x800089a4 (0x03e32033)
core   0: 0x800089a8 (0x03e4b133) mulhu   sp, s1, t5
core   0: 3 0x800089a8 (0x03e4b133) x2  0x0000010d
core   0: 0x800089ac (0x4033d013) srai    zero, t2, 3
core   0: 3 0x800089ac (0x4033d013)
core   0: 0x800089b0 (0x00004611) c.li    a2, 4
core   0: 3 0x800089b0 (0x4611) x12 0x00000004
core   0: 0x800089b2 (0x02f70b63) beq     a4, a5, pc + 54
core   0: 3 0x800089b2 (0x02f70b63)
core   0: 0x800089b6 (0x4100d793) srai    a5, ra, 16
core   0: 3 0x800089b6 (0x4100d793) x15 0x00000000
core   0: 0x800089ba (0x00001c1c) c.addi4spn a5, sp, 560
core   0: 3 0x800089ba (0x1c1c) x15 0x0000033d
core   0: 0x800089bc (0x41e8d0b3) sra     ra, a7, t5
core   0: 3 0x800089bc (0x41e8d0b3) x1  0x00000000
core   0: 0x800089c0 (0x03bdf663) bgeu    s11, s11, pc + 44
core   0: 3 0x800089c0 (0x03bdf663)
core   0: 0x800089ec (0x023b8d33) mul     s10, s7, gp
core   0: 3 0x800089ec (0x023b8d33) x26 0x00000000
core   0: 0x800089f0 (0x01b088b3) add     a7, ra, s11
core   0: 3 0x800089f0 (0x01b088b3) x17 0xd1310000
core   0: 0x800089f4 (0x020c9d63) bnez    s9, pc + 58
core   0: 3 0x800089f4 (0x020c9d63)
core   0: 0x80008a2e (0x000084d1) c.srai  s1, 20
core   0: 3 0x80008a2e (0x84d1) x9  0x00000000
core   0: 0x80008a30 (0x00dee333) or      t1, t4, a3
core   0: 3 0x80008a30 (0x00dee333) x6  0x00001ab8
core   0: 0x80008a34 (0x0000933e) c.add   t1, a5
core   0: 3 0x80008a34 (0x933e) x6  0x00001df5
core   0: 0x80008a36 (0x41c70ab3) sub     s5, a4, t3
core   0: 3 0x80008a36 (0x41c70ab3) x21 0xd1310000
core   0: 0x80008a3a (0x0082dc93) srli    s9, t0, 8
core   0: 3 0x80008a3a (0x0082dc93) x25 0x00006898
core   0: 0x80008a3e (0x02daa7b3) mulhsu  a5, s5, a3
core   0: 3 0x80008a3e (0x02daa7b3) x15 0xffffffe5
core   0: 0x80008a42 (0x845c6213) ori     tp, s8, -1979
core   0: 3 0x80008a42 (0x845c6213) x4  0xfffffffd
core   0: 0x80008a46 (0x035fd633) divu    a2, t6, s5
core   0: 3 0x80008a46 (0x035fd633) x12 0x00000000
core   0: 0x80008a4a (0x00000001) c.nop
core   0: 3 0x80008a4a (0x0001)
core   0: 0x80008a4c (0x7c3c7493) andi    s1, s8, 1987
core   0: 3 0x80008a4c (0x7c3c7493) x9  0x000007c0
core   0: 0x80008a50 (0x02082b33) mulhsu  s6, a6, zero
core   0: 3 0x80008a50 (0x02082b33) x22 0x00000000
core   0: 0x80008a54 (0x023c7f63) bgeu    s8, gp, pc + 62
core   0: 3 0x80008a54 (0x023c7f63)
core   0: 0x80008a92 (0x000018fd) c.addi  a7, -1
core   0: 3 0x80008a92 (0x18fd) x17 0xd130ffff
core   0: 0x80008a94 (0x03f69c63) bne     a3, t6, pc + 56
core   0: 3 0x80008a94 (0x03f69c63)
core   0: 0x80008acc (0x0000e481) c.bnez  s1, pc + 8
core   0: 3 0x80008acc (0xe481)
core   0: 0x80008ad4 (0x0076ce63) blt     a3, t2, pc + 28
core   0: 3 0x80008ad4 (0x0076ce63)
core   0: 0x80008ad8 (0x002164b3) or      s1, sp, sp
core   0: 3 0x80008ad8 (0x002164b3) x9  0x0000010d
core   0: 0x80008adc (0x03ebeab3) rem     s5, s7, t5
core   0: 3 0x80008adc (0x03ebeab3) x21 0x00000000
core   0: 0x80008ae0 (0x012b6663) bltu    s6, s2, pc + 12
core   0: 3 0x80008ae0 (0x012b6663)
core   0: 0x80008aec (0x00000001) c.nop
core   0: 3 0x80008aec (0x0001)
core   0: 0x80008aee (0x0000527d) c.li    tp, -1
core   0: 3 0x80008aee (0x527d) x4  0xffffffff
core   0: 0x80008af0 (0x00008f25) c.xor   a4, s1
core   0: 3 0x80008af0 (0x8f25) x14 0xd131010d
core   0: 0x80008af2 (0x00000a52) c.slli  s4, 20
core   0: 3 0x80008af2 (0x0a52) x20 0x00000000
core   0: 0x80008af4 (0x03d1f563) bgeu    gp, t4, pc + 42
core   0: 3 0x80008af4 (0x03d1f563)
core   0: 0x80008af8 (0x01975c93) srli    s9, a4, 25
core   0: 3 0x80008af8 (0x01975c93) x25 0x00000068
core   0: 0x80008afc (0x00008389) c.srli  a5, 2
core   0: 3 0x80008afc (0x8389) x15 0x3ffffff9
core   0: 0x80008afe (0x010a3533) sltu    a0, s4, a6
core   0: 3 0x80008afe (0x010a3533) x10 0x00000001
core   0: 0x80008b02 (0x0000859e) c.mv    a1, t2
core   0: 3 0x80008b02 (0x859e) x11 0xffff0004
core   0: 0x80008b04 (0x028d5c63) bge     s10, s0, pc + 56
core   0: 3 0x80008b04 (0x028d5c63)
core   0: 0x80008b3c (0x73012c13) slti    s8, sp, 1840
core   0: 3 0x80008b3c (0x73012c13) x24 0x00000001
core   0: 0x80008b40 (0x00008d11) c.sub   a0, a2
core   0: 3 0x80008b40 (0x8d11) x10 0x00000001
core   0: 0x80008b42 (0x7e4aee93) ori     t4, s5, 2020
core   0: 3 0x80008b42 (0x7e4aee93) x29 0x000007e4
core   0: 0x80008b46 (0x00341893) slli    a7, s0, 3
core   0: 3 0x80008b46 (0x00341893) x17 0x00000000
core   0: 0x80008b4a (0x033430b3) mulhu   ra, s0, s3
core   0: 3 0x80008b4a (0x033430b3) x1  0x00000000
core   0: 0x80008b4e (0x00009d36) c.add   s10, a3
core   0: 3 0x80008b4e (0x9d36) x26 0x00000090
core   0: 0x80008b50 (0x001b6e33) or      t3, s6, ra
core   0: 3 0x80008b50 (0x001b6e33) x28 0x00000000
core   0: 0x80008b54 (0x0000717d) c.addi16sp sp, -16
core   0: 3 0x80008b54 (0x717d) x2  0x000000fd
core   0: 0x80008b56 (0x00000001) c.nop
core   0: 3 0x80008b56 (0x0001)
core   0: 0x80008b58 (0x00000001) c.nop
core   0: 3 0x80008b58 (0x0001)
core   0: 0x80008b5a (0x00009452) c.add   s0, s4
core   0: 3 0x80008b5a (0x9452) x8  0x00000000
core   0: 0x80008b5c (0x00008d7d) c.and   a0, a5
core   0: 3 0x80008b5c (0x8d7d) x10 0x00000001
core   0: 0x80008b5e (0x00005dfd) c.li    s11, -1
core   0: 3 0x80008b5e (0x5dfd) x27 0xffffffff
core   0: 0x80008b60 (0x022f05b3) mul     a1, t5, sp
core   0: 3 0x80008b60 (0x022f05b3) x11 0x82571964
core   0: 0x80008b64 (0x000014fd) c.addi  s1, -1
core   0: 3 0x80008b64 (0x14fd) x9  0x0000010c
core   0: 0x80008b66 (0x01c44f63) blt     s0, t3, pc + 30
core   0: 3 0x80008b66 (0x01c44f63)
core   0: 0x80008b6a (0xfa993a13) sltiu   s4, s2, -87
core   0: 3 0x80008b6a (0xfa993a13) x20 0x00000001
core   0: 0x80008b6e (0x001e4d33) xor     s10, t3, ra
core   0: 3 0x80008b6e (0x001e4d33) x26 0x00000000
core   0: 0x80008b72 (0x00008f55) c.or    a4, a3
core   0: 3 0x80008b72 (0x8f55) x14 0xd131019d
core   0: 0x80008b74 (0x039d2e33) mulhsu  t3, s10, s9
core   0: 3 0x80008b74 (0x039d2e33) x28 0x00000000
core   0: 0x80008b78 (0x0000812d) c.srli  a0, 11
core   0: 3 0x80008b78 (0x812d) x10 0x00000000
core   0: 0x80008b7a (0x237a7137) lui     sp, 0x237a7
core   0: 3 0x80008b7a (0x237a7137) x2  0x237a7000
core   0: 0x80008b7e (0x00008dd9) c.or    a1, a4
core   0: 3 0x80008b7e (0x8dd9) x11 0xd37719fd
core   0: 0x80008b80 (0x00008f91) c.sub   a5, a2
core   0: 3 0x80008b80 (0x8f91) x15 0x3ffffff9
core   0: 0x80008b82 (0x00008c8a) c.mv    s9, sp
core   0: 3 0x80008b82 (0x8c8a) x25 0x237a7000
core   0: 0x80008b84 (0x00008ded) c.and   a1, a1
core   0: 3 0x80008b84 (0x8ded) x11 0xd37719fd
core   0: 0x80008b86 (0x00008691) c.srai  a3, 4
core   0: 3 0x80008b86 (0x8691) x13 0x00000009
core   0: 0x80008b88 (0x00000001) c.nop
core   0: 3 0x80008b88 (0x0001)
core   0: 0x80008b8a (0x03d188b3) mul     a7, gp, t4
core   0: 3 0x80008b8a (0x03d188b3) x17 0x000007e4
core   0: 0x80008b8e (0x00000001) c.nop
core   0: 3 0x80008b8e (0x0001)
core   0: 0x80008b90 (0x32d3e793) ori     a5, t2, 813
core   0: 3 0x80008b90 (0x32d3e793) x15 0xffff032d
core   0: 0x80008b94 (0x00548033) add     zero, s1, t0
core   0: 3 0x80008b94 (0x00548033)
core   0: 0x80008b98 (0x00009e32) c.add   t3, a2
core   0: 3 0x80008b98 (0x9e32) x28 0x00000000
core   0: 0x80008b9a (0x40b85733) sra     a4, a6, a1
core   0: 3 0x80008b9a (0x40b85733) x14 0x00000002
core   0: 0x80008b9e (0x00009d7a) c.add   s10, t5
core   0: 3 0x80008b9e (0x9d7a) x26 0x80025e34
core   0: 0x80008ba0 (0x036cc1b3) div     gp, s9, s6
core   0: 3 0x80008ba0 (0x036cc1b3) x3  0xffffffff
core   0: 0x80008ba4 (0x00008e71) c.and   a2, a2
core   0: 3 0x80008ba4 (0x8e71) x12 0x00000000
core   0: 0x80008ba6 (0x0000597d) c.li    s2, -1
core   0: 3 0x80008ba6 (0x597d) x18 0xffffffff
core   0: 0x80008ba8 (0x00008d01) c.sub   a0, s0
core   0: 3 0x80008ba8 (0x8d01) x10 0x00000000
core   0: 0x80008baa (0x0208e733) rem     a4, a7, zero
core   0: 3 0x80008baa (0x0208e733) x14 0x000007e4
core   0: 0x80008bae (0x0319b3b3) mulhu   t2, s3, a7
core   0: 3 0x80008bae (0x0319b3b3) x7  0x000003f2
core   0: 0x80008bb2 (0x00bfe8b3) or      a7, t6, a1
core   0: 3 0x80008bb2 (0x00bfe8b3) x17 0xd3779dff
core   0: 0x80008bb6 (0x00005bfd) c.li    s7, -1
core   0: 3 0x80008bb6 (0x5bfd) x23 0xffffffff
core   0: 0x80008bb8 (0x9c5fc293) xori    t0, t6, -1595
core   0: 3 0x80008bb8 (0x9c5fc293) x5  0xbffd64ef
core   0: 0x80008bbc (0x03ffcd63) blt     t6, t6, pc + 58
core   0: 3 0x80008bbc (0x03ffcd63)
core   0: 0x80008bc0 (0x03836433) rem     s0, t1, s8
core   0: 3 0x80008bc0 (0x03836433) x8  0x00000000
core   0: 0x80008bc4 (0x0000717d) c.addi16sp sp, -16
core   0: 3 0x80008bc4 (0x717d) x2  0x237a6ff0
core   0: 0x80008bc6 (0x0390c333) div     t1, ra, s9
core   0: 3 0x80008bc6 (0x0390c333) x6  0x00000000
core   0: 0x80008bca (0x41d0d5b3) sra     a1, ra, t4
core   0: 3 0x80008bca (0x41d0d5b3) x11 0x00000000
core   0: 0x80008bce (0x02ab7233) remu    tp, s6, a0
core   0: 3 0x80008bce (0x02ab7233) x4  0x00000000
core   0: 0x80008bd2 (0x00000290) c.addi4spn a2, sp, 320
core   0: 3 0x80008bd2 (0x0290) x12 0x237a7130
core   0: 0x80008bd4 (0x83e58b93) addi    s7, a1, -1986
core   0: 3 0x80008bd4 (0x83e58b93) x23 0xfffff83e
core   0: 0x80008bd8 (0xca697493) andi    s1, s2, -858
core   0: 3 0x80008bd8 (0xca697493) x9  0xfffffca6
core   0: 0x80008bdc (0x02bbfc33) remu    s8, s7, a1
core   0: 3 0x80008bdc (0x02bbfc33) x24 0xfffff83e
core   0: 0x80008be0 (0x0000137d) c.addi  t1, -1
core   0: 3 0x80008be0 (0x137d) x6  0xffffffff
core   0: 0x80008be2 (0x0437f063) bgeu    a5, gp, pc + 64
core   0: 3 0x80008be2 (0x0437f063)
core   0: 0x80008be6 (0x02478db3) mul     s11, a5, tp
core   0: 3 0x80008be6 (0x02478db3) x27 0x00000000
core   0: 0x80008bea (0x01e15233) srl     tp, sp, t5
core   0: 3 0x80008bea (0x01e15233) x4  0x00000237
core   0: 0x80008bee (0x021f7bb3) remu    s7, t5, ra
core   0: 3 0x80008bee (0x021f7bb3) x23 0x80025e34
core   0: 0x80008bf2 (0x52035637) lui     a2, 0x52035
core   0: 3 0x80008bf2 (0x52035637) x12 0x52035000
core   0: 0x80008bf6 (0x00008fd9) c.or    a5, a4
core   0: 3 0x80008bf6 (0x8fd9) x15 0xffff07ed
core   0: 0x80008bf8 (0x01a9f263) bgeu    s3, s10, pc + 4
core   0: 3 0x80008bf8 (0x01a9f263)
core   0: 0x80008bfc (0x3436a893) slti    a7, a3, 835
core   0: 3 0x80008bfc (0x3436a893) x17 0x00000001
core   0: 0x80008c00 (0x01d3a8b3) slt     a7, t2, t4
core   0: 3 0x80008c00 (0x01d3a8b3) x17 0x00000001
core   0: 0x80008c04 (0x016a9113) slli    sp, s5, 22
core   0: 3 0x80008c04 (0x016a9113) x2  0x00000000
core   0: 0x80008c08 (0x00006951) c.lui   s2, 0x14
core   0: 3 0x80008c08 (0x6951) x18 0x00014000
core   0: 0x80008c0a (0x00000001) c.nop
core   0: 3 0x80008c0a (0x0001)
core   0: 0x80008c0c (0x3a2c6117) auipc   sp, 0x3a2c6
core   0: 3 0x80008c0c (0x3a2c6117) x2  0xba2cec0c
core   0: 0x80008c10 (0x40db5e33) sra     t3, s6, a3
core   0: 3 0x80008c10 (0x40db5e33) x28 0x00000000
core   0: 0x80008c14 (0x00008df2) c.mv    s11, t3
core   0: 3 0x80008c14 (0x8df2) x27 0x00000000
core   0: 0x80008c16 (0x00008529) c.srai  a0, 10
core   0: 3 0x80008c16 (0x8529) x10 0x00000000
core   0: 0x80008c18 (0x01be0963) beq     t3, s11, pc + 18
core   0: 3 0x80008c18 (0x01be0963)
core   0: 0x80008c2a (0x01ba6c33) or      s8, s4, s11
core   0: 3 0x80008c2a (0x01ba6c33) x24 0x00000001
core   0: 0x80008c2e (0xb0e1de17) auipc   t3, 0xb0e1d
core   0: 3 0x80008c2e (0xb0e1de17) x28 0x30e25c2e
core   0: 0x80008c32 (0x0388c333) div     t1, a7, s8
core   0: 3 0x80008c32 (0x0388c333) x6  0x00000001
core   0: 0x80008c36 (0x00006d45) c.lui   s10, 0x11
core   0: 3 0x80008c36 (0x6d45) x26 0x00011000
core   0: 0x80008c38 (0x0000cb15) c.beqz  a4, pc + 52
core   0: 3 0x80008c38 (0xcb15)
core   0: 0x80008c3a (0x00008e59) c.or    a2, a4
core   0: 3 0x80008c3a (0x8e59) x12 0x520357e4
core   0: 0x80008c3c (0xb72f7213) andi    tp, t5, -1166
core   0: 3 0x80008c3c (0xb72f7213) x4  0x80025a30
core   0: 0x80008c40 (0x00008f05) c.sub   a4, s1
core   0: 3 0x80008c40 (0x8f05) x14 0x00000b3e
core   0: 0x80008c42 (0x02611d33) mulh    s10, sp, t1
core   0: 3 0x80008c42 (0x02611d33) x26 0xffffffff
core   0: 0x80008c46 (0x0000ec85) c.bnez  s1, pc + 56
core   0: 3 0x80008c46 (0xec85)
core   0: 0x80008c7e (0x03ae81b3) mul     gp, t4, s10
core   0: 3 0x80008c7e (0x03ae81b3) x3  0xfffff81c
core   0: 0x80008c82 (0x0000e61d) c.bnez  a2, pc + 46
core   0: 3 0x80008c82 (0xe61d)
core   0: 0x80008cb0 (0x00001284) c.addi4spn s1, sp, 352
core   0: 3 0x80008cb0 (0x1284) x9  0xba2ced6c
core   0: 0x80008cb2 (0x3a6eb913) sltiu   s2, t4, 934
core   0: 3 0x80008cb2 (0x3a6eb913) x18 0x00000000
core   0: 0x80008cb6 (0x0000717d) c.addi16sp sp, -16
core   0: 3 0x80008cb6 (0x717d) x2  0xba2cebfc
core   0: 0x80008cb8 (0x00000001) c.nop
core   0: 3 0x80008cb8 (0x0001)
core   0: 0x80008cba (0x00000d92) c.slli  s11, 4
core   0: 3 0x80008cba (0x0d92) x27 0x00000000
core   0: 0x80008cbc (0x013b9913) slli    s2, s7, 19
core   0: 3 0x80008cbc (0x013b9913) x18 0xf1a00000
core   0: 0x80008cc0 (0x00008d75) c.and   a0, a3
core   0: 3 0x80008cc0 (0x8d75) x10 0x00000000
core   0: 0x80008cc2 (0x00005efd) c.li    t4, -1
core   0: 3 0x80008cc2 (0x5efd) x29 0xffffffff
core   0: 0x80008cc4 (0x01f69713) slli    a4, a3, 31
core   0: 3 0x80008cc4 (0x01f69713) x14 0x80000000
core   0: 0x80008cc8 (0x022a4cb3) div     s9, s4, sp
core   0: 3 0x80008cc8 (0x022a4cb3) x25 0x00000000
core   0: 0x80008ccc (0x00cb8db3) add     s11, s7, a2
core   0: 3 0x80008ccc (0x00cb8db3) x27 0xd205b618
core   0: 0x80008cd0 (0x503d2293) slti    t0, s10, 1283
core   0: 3 0x80008cd0 (0x503d2293) x5  0x00000001
core   0: 0x80008cd4 (0xe8c4fe13) andi    t3, s1, -372
core   0: 3 0x80008cd4 (0xe8c4fe13) x28 0xba2cec0c
core   0: 0x80008cd8 (0x040e0463) beqz    t3, pc + 72
core   0: 3 0x80008cd8 (0x040e0463)
core   0: 0x80008cdc (0x0201c633) div     a2, gp, zero
core   0: 3 0x80008cdc (0x0201c633) x12 0xffffffff
core   0: 0x80008ce0 (0x0173d863) bge     t2, s7, pc + 16
core   0: 3 0x80008ce0 (0x0173d863)
core   0: 0x80008cf0 (0x012b66b3) or      a3, s6, s2
core   0: 3 0x80008cf0 (0x012b66b3) x13 0xf1a00000
core   0: 0x80008cf4 (0x0154c033) xor     zero, s1, s5
core   0: 3 0x80008cf4 (0x0154c033)
core   0: 0x80008cf8 (0x00005c7d) c.li    s8, -1
core   0: 3 0x80008cf8 (0x5c7d) x24 0xffffffff
core   0: 0x80008cfa (0xc7e8c213) xori    tp, a7, -898
core   0: 3 0x80008cfa (0xc7e8c213) x4  0xfffffc7f
core   0: 0x80008cfe (0x2744bb13) sltiu   s6, s1, 628
core   0: 3 0x80008cfe (0x2744bb13) x22 0x00000000
core   0: 0x80008d02 (0x01d9e663) bltu    s3, t4, pc + 12
core   0: 3 0x80008d02 (0x01d9e663)
core   0: 0x80008d0e (0x03735b63) bge     t1, s7, pc + 54
core   0: 3 0x80008d0e (0x03735b63)
core   0: 0x80008d44 (0x00008e15) c.sub   a2, a3
core   0: 3 0x80008d44 (0x8e15) x12 0x0e5fffff
core   0: 0x80008d46 (0x316041b7) lui     gp, 0x31604
core   0: 3 0x80008d46 (0x316041b7) x3  0x31604000
core   0: 0x80008d4a (0xc2b8ca13) xori    s4, a7, -981
core   0: 3 0x80008d4a (0xc2b8ca13) x20 0xfffffc2a
core   0: 0x80008d4e (0xfbe5e313) ori     t1, a1, -66
core   0: 3 0x80008d4e (0xfbe5e313) x6  0xffffffbe
core   0: 0x80008d52 (0xe807e513) ori     a0, a5, -384
core   0: 3 0x80008d52 (0xe807e513) x10 0xffffffed
core   0: 0x80008d56 (0x02e93ab3) mulhu   s5, s2, a4
core   0: 3 0x80008d56 (0x02e93ab3) x21 0x78d00000
core   0: 0x80008d5a (0x00001898) c.addi4spn a4, sp, 112
core   0: 3 0x80008d5a (0x1898) x14 0xba2cec6c
core   0: 0x80008d5c (0x0000717d) c.addi16sp sp, -16
core   0: 3 0x80008d5c (0x717d) x2  0xba2cebec
core   0: 0x80008d5e (0x7c3c8693) addi    a3, s9, 1987
core   0: 3 0x80008d5e (0x7c3c8693) x13 0x000007c3
core   0: 0x80008d62 (0xdbf74a37) lui     s4, 0xdbf74
core   0: 3 0x80008d62 (0xdbf74a37) x20 0xdbf74000
core   0: 0x80008d66 (0x00001680) c.addi4spn s0, sp, 864
core   0: 3 0x80008d66 (0x1680) x8  0xba2cef4c
core   0: 0x80008d68 (0x00009b7d) c.andi  a4, -1
core   0: 3 0x80008d68 (0x9b7d) x14 0xba2cec6c
core   0: 0x80008d6a (0x01924d63) blt     tp, s9, pc + 26
core   0: 3 0x80008d6a (0x01924d63)
core   0: 0x80008d84 (0x034e4f63) blt     t3, s4, pc + 62
core   0: 3 0x80008d84 (0x034e4f63)
core   0: 0x80008dc2 (0x00821113) slli    sp, tp, 8
core   0: 3 0x80008dc2 (0x00821113) x2  0xfffc7f00
core   0: 0x80008dc6 (0x002a74b3) and     s1, s4, sp
core   0: 3 0x80008dc6 (0x002a74b3) x9  0xdbf44000
core   0: 0x80008dca (0x00008cad) c.xor   s1, a1
core   0: 3 0x80008dca (0x8cad) x9  0xdbf44000
core   0: 0x80008dcc (0x011fd4b3) srl     s1, t6, a7
core   0: 3 0x80008dcc (0x011fd4b3) x9  0x20014e95
core   0: 0x80008dd0 (0x05906263) bltu    zero, s9, pc + 68
core   0: 3 0x80008dd0 (0x05906263)
core   0: 0x80008dd4 (0x000084a9) c.srai  s1, 10
core   0: 3 0x80008dd4 (0x84a9) x9  0x00080053
core   0: 0x80008dd6 (0x0234f563) bgeu    s1, gp, pc + 42
core   0: 3 0x80008dd6 (0x0234f563)
core   0: 0x80008dda (0x0000c3a1) c.beqz  a5, pc + 64
core   0: 3 0x80008dda (0xc3a1)
core   0: 0x80008ddc (0x00000001) c.nop
core   0: 3 0x80008ddc (0x0001)
core   0: 0x80008dde (0x0325b0b3) mulhu   ra, a1, s2
core   0: 3 0x80008dde (0x0325b0b3) x1  0x00000000
core   0: 0x80008de2 (0x015dffb3) and     t6, s11, s5
core   0: 3 0x80008de2 (0x015dffb3) x31 0x50000000
core   0: 0x80008de6 (0x03c214b3) mulh    s1, tp, t3
core   0: 3 0x80008de6 (0x03c214b3) x9  0x000000f4
core   0: 0x80008dea (0x410201b3) sub     gp, tp, a6
core   0: 3 0x80008dea (0x410201b3) x3  0xa4b43ab9
core   0: 0x80008dee (0x01b50963) beq     a0, s11, pc + 18
core   0: 3 0x80008dee (0x01b50963)
core   0: 0x80008df2 (0xdcd00f93) li      t6, -563
core   0: 3 0x80008df2 (0xdcd00f93) x31 0xfffffdcd
core   0: 0x80008df6 (0x018a1d93) slli    s11, s4, 24
core   0: 3 0x80008df6 (0x018a1d93) x27 0x00000000
core   0: 0x80008dfa (0x4dada713) slti    a4, s11, 1242
core   0: 3 0x80008dfa (0x4dada713) x14 0x00000001
core   0: 0x80008dfe (0x0000895d) c.andi  a0, 23
core   0: 3 0x80008dfe (0x895d) x10 0x00000005
core   0: 0x80008e00 (0xb9052e13) slti    t3, a0, -1136
core   0: 3 0x80008e00 (0xb9052e13) x28 0x00000000
core   0: 0x80008e04 (0x00961193) slli    gp, a2, 9
core   0: 3 0x80008e04 (0x00961193) x3  0xbffffe00
core   0: 0x80008e08 (0x41855493) srai    s1, a0, 24
core   0: 3 0x80008e08 (0x41855493) x9  0x00000000
core   0: 0x80008e0c (0xad02ab93) slti    s7, t0, -1328
core   0: 3 0x80008e0c (0xad02ab93) x23 0x00000000
core   0: 0x80008e10 (0x32240613) addi    a2, s0, 802
core   0: 3 0x80008e10 (0x32240613) x12 0xba2cf26e
core   0: 0x80008e14 (0x0000ee8d) c.bnez  a3, pc + 58
core   0: 3 0x80008e14 (0xee8d)
core   0: 0x80008e4e (0x03f56033) rem     zero, a0, t6
core   0: 3 0x80008e4e (0x03f56033)
core   0: 0x80008e52 (0x0000167d) c.addi  a2, -1
core   0: 3 0x80008e52 (0x167d) x12 0xba2cf26d
core   0: 0x80008e54 (0x00008ca1) c.xor   s1, s0
core   0: 3 0x80008e54 (0x8ca1) x9  0xba2cef4c
core   0: 0x80008e56 (0x25677893) andi    a7, a4, 598
core   0: 3 0x80008e56 (0x25677893) x17 0x00000000
core   0: 0x80008e5a (0xdf547a13) andi    s4, s0, -523
core   0: 3 0x80008e5a (0xdf547a13) x20 0xba2ced44
core   0: 0x80008e5e (0x0000641d) c.lui   s0, 0x7
core   0: 3 0x80008e5e (0x641d) x8  0x00007000
core   0: 0x80008e60 (0x00000001) c.nop
core   0: 3 0x80008e60 (0x0001)
core   0: 0x80008e62 (0x00008762) c.mv    a4, s8
core   0: 3 0x80008e62 (0x8762) x14 0xffffffff
core   0: 0x80008e64 (0x5cc1a393) slti    t2, gp, 1484
core   0: 3 0x80008e64 (0x5cc1a393) x7  0x00000001
core   0: 0x80008e68 (0x05d28263) beq     t0, t4, pc + 68
core   0: 3 0x80008e68 (0x05d28263)
core   0: 0x80008e6c (0x03b59363) bne     a1, s11, pc + 38
core   0: 3 0x80008e6c (0x03b59363)
core   0: 0x80008e70 (0x0185d493) srli    s1, a1, 24
core   0: 3 0x80008e70 (0x0185d493) x9  0x00000000
core   0: 0x80008e74 (0x00004975) c.li    s2, 29
core   0: 3 0x80008e74 (0x4975) x18 0x0000001d
core   0: 0x80008e76 (0x0000918a) c.add   gp, sp
core   0: 3 0x80008e76 (0x918a) x3  0xbffc7d00
core   0: 0x80008e78 (0x01cb5413) srli    s0, s6, 28
core   0: 3 0x80008e78 (0x01cb5413) x8  0x00000000
core   0: 0x80008e7c (0x00000365) c.addi  t1, 25
core   0: 3 0x80008e7c (0x0365) x6  0xffffffd7
core   0: 0x80008e7e (0x40190933) sub     s2, s2, ra
core   0: 3 0x80008e7e (0x40190933) x18 0x0000001d
core   0: 0x80008e82 (0x0007f6b3) and     a3, a5, zero
core   0: 3 0x80008e82 (0x0007f6b3) x13 0x00000000
core   0: 0x80008e86 (0x007ed913) srli    s2, t4, 7
core   0: 3 0x80008e86 (0x007ed913) x18 0x01ffffff
core   0: 0x80008e8a (0x046f6063) bltu    t5, t1, pc + 64
core   0: 3 0x80008e8a (0x046f6063)
core   0: 0x80008eca (0x04e47063) bgeu    s0, a4, pc + 64
core   0: 3 0x80008eca (0x04e47063)
core   0: 0x80008ece (0x00009afd) c.andi  a3, -1
core   0: 3 0x80008ece (0x9afd) x13 0x00000000
core   0: 0x80008ed0 (0x01f7da63) bge     a5, t6, pc + 20
core   0: 3 0x80008ed0 (0x01f7da63)
core   0: 0x80008ed4 (0x00000fb6) c.slli  t6, 13
core   0: 3 0x80008ed4 (0x0fb6) x31 0xffb9a000
core   0: 0x80008ed6 (0x034621b3) mulhsu  gp, a2, s4
core   0: 3 0x80008ed6 (0x034621b3) x3  0xcd386725
core   0: 0x80008eda (0x02b934b3) mulhu   s1, s2, a1
core   0: 3 0x80008eda (0x02b934b3) x9  0x00000000
core   0: 0x80008ede (0x020d9b63) bnez    s11, pc + 54
core   0: 3 0x80008ede (0x020d9b63)
core   0: 0x80008ee2 (0x000080d1) c.srli  s1, 20
core   0: 3 0x80008ee2 (0x80d1) x9  0x00000000
core   0: 0x80008ee4 (0x033887b3) mul     a5, a7, s3
core   0: 3 0x80008ee4 (0x033887b3) x15 0x00000000
core   0: 0x80008ee8 (0x010a20b3) slt     ra, s4, a6
core   0: 3 0x80008ee8 (0x010a20b3) x1  0x00000001
core   0: 0x80008eec (0x00008e6a) c.mv    t3, s10
core   0: 3 0x80008eec (0x8e6a) x28 0xffffffff
core   0: 0x80008eee (0x03f5bab3) mulhu   s5, a1, t6
core   0: 3 0x80008eee (0x03f5bab3) x21 0x00000000
core   0: 0x80008ef2 (0x0137e933) or      s2, a5, s3
core   0: 3 0x80008ef2 (0x0137e933) x18 0x80029d24
core   0: 0x80008ef6 (0x0036fbb3) and     s7, a3, gp
core   0: 3 0x80008ef6 (0x0036fbb3) x23 0x00000000
core   0: 0x80008efa (0x0000cd19) c.beqz  a0, pc + 30
core   0: 3 0x80008efa (0xcd19)
core   0: 0x80008efc (0x01445c13) srli    s8, s0, 20
core   0: 3 0x80008efc (0x01445c13) x24 0x00000000
core   0: 0x80008f00 (0x0000527d) c.li    tp, -1
core   0: 3 0x80008f00 (0x527d) x4  0xffffffff
core   0: 0x80008f02 (0xfe9d6593) ori     a1, s10, -23
core   0: 3 0x80008f02 (0xfe9d6593) x11 0xffffffff
core   0: 0x80008f06 (0x00008271) c.srli  a2, 28
core   0: 3 0x80008f06 (0x8271) x12 0x0000000b
core   0: 0x80008f08 (0x000012fd) c.addi  t0, -1
core   0: 3 0x80008f08 (0x12fd) x5  0x00000000
core   0: 0x80008f0a (0x40f500b3) sub     ra, a0, a5
core   0: 3 0x80008f0a (0x40f500b3) x1  0x00000005
core   0: 0x80008f0e (0x0000c481) c.beqz  s1, pc + 8
core   0: 3 0x80008f0e (0xc481)
core   0: 0x80008f16 (0x00008f89) c.sub   a5, a0
core   0: 3 0x80008f16 (0x8f89) x15 0xfffffffb
core   0: 0x80008f18 (0x00a9c033) xor     zero, s3, a0
core   0: 3 0x80008f18 (0x00a9c033)
core   0: 0x80008f1c (0x414f5b33) sra     s6, t5, s4
core   0: 3 0x80008f1c (0x414f5b33) x22 0xf80025e3
core   0: 0x80008f20 (0x00000cc9) c.addi  s9, 18
core   0: 3 0x80008f20 (0x0cc9) x25 0x00000012
core   0: 0x80008f22 (0x00008ea9) c.xor   a3, a0
core   0: 3 0x80008f22 (0x8ea9) x13 0x00000005
core   0: 0x80008f24 (0x02edda63) bge     s11, a4, pc + 52
core   0: 3 0x80008f24 (0x02edda63)
core   0: 0x80008f58 (0x337a0897) auipc   a7, 0x337a0
core   0: 3 0x80008f58 (0x337a0897) x17 0xb37a8f58
core   0: 0x80008f5c (0x00000001) c.nop
core   0: 3 0x80008f5c (0x0001)
core   0: 0x80008f5e (0x01edde13) srli    t3, s11, 30
core   0: 3 0x80008f5e (0x01edde13) x28 0x00000000
core   0: 0x80008f62 (0x00008cf5) c.and   s1, a3
core   0: 3 0x80008f62 (0x8cf5) x9  0x00000000
core   0: 0x80008f64 (0x000086c9) c.srai  a3, 18
core   0: 3 0x80008f64 (0x86c9) x13 0x00000000
core   0: 0x80008f66 (0x00008cc1) c.or    s1, s0
core   0: 3 0x80008f66 (0x8cc1) x9  0x00000000
core   0: 0x80008f68 (0x408c5e33) sra     t3, s8, s0
core   0: 3 0x80008f68 (0x408c5e33) x28 0x00000000
core   0: 0x80008f6c (0xc165dcb7) lui     s9, 0xc165d
core   0: 3 0x80008f6c (0xc165dcb7) x25 0xc165d000
core   0: 0x80008f70 (0x0000717d) c.addi16sp sp, -16
core   0: 3 0x80008f70 (0x717d) x2  0xfffc7ef0
core   0: 0x80008f72 (0x000066fd) c.lui   a3, 0x1f
core   0: 3 0x80008f72 (0x66fd) x13 0x0001f000
core   0: 0x80008f74 (0xc650c593) xori    a1, ra, -923
core   0: 3 0x80008f74 (0xc650c593) x11 0xfffffc60
core   0: 0x80008f78 (0x971c0613) addi    a2, s8, -1679
core   0: 3 0x80008f78 (0x971c0613) x12 0xfffff971
core   0: 0x80008f7c (0x034e95b3) mulh    a1, t4, s4
core   0: 3 0x80008f7c (0x034e95b3) x11 0x00000000
core   0: 0x80008f80 (0x00000a69) c.addi  s4, 26
core   0: 3 0x80008f80 (0x0a69) x20 0xba2ced5e
core   0: 0x80008f82 (0x02ff20b3) mulhsu  ra, t5, a5
core   0: 3 0x80008f82 (0x02ff20b3) x1  0x80025e36
core   0: 0x80008f86 (0x039141b3) div     gp, sp, s9
core   0: 3 0x80008f86 (0x039141b3) x3  0x00000000
core   0: 0x80008f8a (0x01e29fb3) sll     t6, t0, t5
core   0: 3 0x80008f8a (0x01e29fb3) x31 0x00000000
core   0: 0x80008f8e (0x000082d5) c.srli  a3, 21
core   0: 3 0x80008f8e (0x82d5) x13 0x00000000
core   0: 0x80008f90 (0x9425f913) andi    s2, a1, -1726
core   0: 3 0x80008f90 (0x9425f913) x18 0x00000000
core   0: 0x80008f94 (0x016b5db3) srl     s11, s6, s6
core   0: 3 0x80008f94 (0x016b5db3) x27 0x1f0004bc
core   0: 0x80008f98 (0x02e31ab3) mulh    s5, t1, a4
core   0: 3 0x80008f98 (0x02e31ab3) x21 0x00000000
core   0: 0x80008f9c (0x02f641b3) div     gp, a2, a5
core   0: 3 0x80008f9c (0x02f641b3) x3  0x0000014f
core   0: 0x80008fa0 (0x0000cf05) c.beqz  a4, pc + 56
core   0: 3 0x80008fa0 (0xcf05)
core   0: 0x80008fa2 (0x001ab033) sltu    zero, s5, ra
core   0: 3 0x80008fa2 (0x001ab033)
core   0: 0x80008fa6 (0x0280bab3) mulhu   s5, ra, s0
core   0: 3 0x80008fa6 (0x0280bab3) x21 0x00000000
core   0: 0x80008faa (0x00008d91) c.sub   a1, a2
core   0: 3 0x80008faa (0x8d91) x11 0x0000068f
core   0: 0x80008fac (0x0079d913) srli    s2, s3, 7
core   0: 3 0x80008fac (0x0079d913) x18 0x0100053a
core   0: 0x80008fb0 (0x02e45d33) divu    s10, s0, a4
core   0: 3 0x80008fb0 (0x02e45d33) x26 0x00000000
core   0: 0x80008fb4 (0xe7eabcb7) lui     s9, 0xe7eab
core   0: 3 0x80008fb4 (0xe7eabcb7) x25 0xe7eab000
core   0: 0x80008fb8 (0x03fe0663) beq     t3, t6, pc + 44
core   0: 3 0x80008fb8 (0x03fe0663)
core   0: 0x80008fe4 (0x03d0f433) remu    s0, ra, t4
core   0: 3 0x80008fe4 (0x03d0f433) x8  0x80025e36
core   0: 0x80008fe8 (0x00000c0c) c.addi4spn a1, sp, 528
core   0: 3 0x80008fe8 (0x0c0c) x11 0xfffc8100
core   0: 0x80008fea (0x03a59bb3) mulh    s7, a1, s10
core   0: 3 0x80008fea (0x03a59bb3) x23 0x00000000
core   0: 0x80008fee (0x00950d33) add     s10, a0, s1
core   0: 3 0x80008fee (0x00950d33) x26 0x00000005
core   0: 0x80008ff2 (0x400adc33) sra     s8, s5, zero
core   0: 3 0x80008ff2 (0x400adc33) x24 0x00000000
core   0: 0x80008ff6 (0x00000d1c) c.addi4spn a5, sp, 656
core   0: 3 0x80008ff6 (0x0d1c) x15 0xfffc8180
core   0: 0x80008ff8 (0x41785413) srai    s0, a6, 23
core   0: 3 0x80008ff8 (0x41785413) x8  0x000000b6
core   0: 0x80008ffc (0x017db1b3) sltu    gp, s11, s7
core   0: 3 0x80008ffc (0x017db1b3) x3  0x00000000
core   0: 0x80009000 (0x00a543b3) xor     t2, a0, a0
core   0: 3 0x80009000 (0x00a543b3) x7  0x00000000
core   0: 0x80009004 (0x419fdf93) srai    t6, t6, 25
core   0: 3 0x80009004 (0x419fdf93) x31 0x00000000
core   0: 0x80009008 (0x0000e68d) c.bnez  a3, pc + 42
core   0: 3 0x80009008 (0xe68d)
core   0: 0x8000900a (0x01089913) slli    s2, a7, 16
core   0: 3 0x8000900a (0x01089913) x18 0x8f580000
core   0: 0x8000900e (0x025d0fb3) mul     t6, s10, t0
core   0: 3 0x8000900e (0x025d0fb3) x31 0x00000000
core   0: 0x80009012 (0x00000522) c.slli  a0, 8
core   0: 3 0x80009012 (0x0522) x10 0x00000500
core   0: 0x80009014 (0x000018fd) c.addi  a7, -1
core   0: 3 0x80009014 (0x18fd) x17 0xb37a8f57
core   0: 0x80009016 (0x03882d33) mulhsu  s10, a6, s8
core   0: 3 0x80009016 (0x03882d33) x26 0x00000000
core   0: 0x8000901a (0x0a77f737) lui     a4, 0xa77f
core   0: 3 0x8000901a (0x0a77f737) x14 0x0a77f000
core   0: 0x8000901e (0x00fb10b3) sll     ra, s6, a5
core   0: 3 0x8000901e (0x00fb10b3) x1  0xf80025e3
core   0: 0x80009022 (0x0000050e) c.slli  a0, 3
core   0: 3 0x80009022 (0x050e) x10 0x00002800
core   0: 0x80009024 (0x00008635) c.srai  a2, 13
core   0: 3 0x80009024 (0x8635) x12 0xffffffff
core   0: 0x80009026 (0x411ed693) srai    a3, t4, 17
core   0: 3 0x80009026 (0x411ed693) x13 0xffffffff
core   0: 0x8000902a (0x275a2193) slti    gp, s4, 629
core   0: 3 0x8000902a (0x275a2193) x3  0x00000001
core   0: 0x8000902e (0xdc806b17) auipc   s6, 0xdc806
core   0: 3 0x8000902e (0xdc806b17) x22 0x5c80f02e
core   0: 0x80009032 (0x034efab3) remu    s5, t4, s4
core   0: 3 0x80009032 (0x034efab3) x21 0x45d312a1
core   0: 0x80009036 (0x01a3d193) srli    gp, t2, 26
core   0: 3 0x80009036 (0x01a3d193) x3  0x00000000
core   0: 0x8000903a (0xee4dbb13) sltiu   s6, s11, -284
core   0: 3 0x8000903a (0xee4dbb13) x22 0x00000001
core   0: 0x8000903e (0x0000614d) c.addi16sp sp, 176
core   0: 3 0x8000903e (0x614d) x2  0xfffc7fa0
core   0: 0x80009040 (0x00004605) c.li    a2, 1
core   0: 3 0x80009040 (0x4605) x12 0x00000001
core   0: 0x80009042 (0x00008e2d) c.xor   a2, a1
core   0: 3 0x80009042 (0x8e2d) x12 0xfffc8101
core   0: 0x80009044 (0x020a4863) bltz    s4, pc + 48
core   0: 3 0x80009044 (0x020a4863)
core   0: 0x80009074 (0x00008551) c.srai  a0, 20
core   0: 3 0x80009074 (0x8551) x10 0x00000000
core   0: 0x80009076 (0x0000816d) c.srli  a0, 27
core   0: 3 0x80009076 (0x816d) x10 0x00000000
core   0: 0x80009078 (0x011a7f63) bgeu    s4, a7, pc + 30
core   0: 3 0x80009078 (0x011a7f63)
core   0: 0x80009096 (0x006a5633) srl     a2, s4, t1
core   0: 3 0x80009096 (0x006a5633) x12 0x00000174
core   0: 0x8000909a (0x02e44d33) div     s10, s0, a4
core   0: 3 0x8000909a (0x02e44d33) x26 0x00000000
core   0: 0x8000909e (0xb60d78b7) lui     a7, 0xb60d7
core   0: 3 0x8000909e (0xb60d78b7) x17 0xb60d7000
core   0: 0x800090a2 (0x00008c71) c.and   s0, a2
core   0: 3 0x800090a2 (0x8c71) x8  0x00000034
core   0: 0x800090a4 (0x03847063) bgeu    s0, s8, pc + 32
core   0: 3 0x800090a4 (0x03847063)
core   0: 0x800090c4 (0x98343393) sltiu   t2, s0, -1661
core   0: 3 0x800090c4 (0x98343393) x7  0x00000001
core   0: 0x800090c8 (0x0342e233) rem     tp, t0, s4
core   0: 3 0x800090c8 (0x0342e233) x4  0x00000000
core   0: 0x800090cc (0x0000567d) c.li    a2, -1
core   0: 3 0x800090cc (0x567d) x12 0xffffffff
core   0: 0x800090ce (0x00009afd) c.andi  a3, -1
core   0: 3 0x800090ce (0x9afd) x13 0xffffffff
core   0: 0x800090d0 (0x00000190) c.addi4spn a2, sp, 192
core   0: 3 0x800090d0 (0x0190) x12 0xfffc8060
core   0: 0x800090d2 (0x000086d5) c.srai  a3, 21
core   0: 3 0x800090d2 (0x86d5) x13 0xffffffff
core   0: 0x800090d4 (0x019a0633) add     a2, s4, s9
core   0: 3 0x800090d4 (0x019a0633) x12 0xa2179d5e
core   0: 0x800090d8 (0x0000862d) c.srai  a2, 11
core   0: 3 0x800090d8 (0x862d) x12 0xfff442f3
core   0: 0x800090da (0x00001084) c.addi4spn s1, sp, 96
core   0: 3 0x800090da (0x1084) x9  0xfffc8000
core   0: 0x800090dc (0x01f97e63) bgeu    s2, t6, pc + 28
core   0: 3 0x800090dc (0x01f97e63)
core   0: 0x800090f8 (0x0000cd91) c.beqz  a1, pc + 28
core   0: 3 0x800090f8 (0xcd91)
core   0: 0x800090fa (0x015448b3) xor     a7, s0, s5
core   0: 3 0x800090fa (0x015448b3) x17 0x45d31295
core   0: 0x800090fe (0x0000933a) c.add   t1, a4
core   0: 3 0x800090fe (0x933a) x6  0x0a77efd7
core   0: 0x80009100 (0x01ca3633) sltu    a2, s4, t3
core   0: 3 0x80009100 (0x01ca3633) x12 0x00000000
core   0: 0x80009104 (0x003e7cb3) and     s9, t3, gp
core   0: 3 0x80009104 (0x003e7cb3) x25 0x00000000
core   0: 0x80009108 (0x0194b533) sltu    a0, s1, s9
core   0: 3 0x80009108 (0x0194b533) x10 0x00000000
core   0: 0x8000910c (0x00a04333) xor     t1, zero, a0
core   0: 3 0x8000910c (0x00a04333) x6  0x00000000
core   0: 0x80009110 (0x41695713) srai    a4, s2, 22
core   0: 3 0x80009110 (0x41695713) x14 0xfffffe3d
core   0: 0x80009114 (0x00008cc2) c.mv    s9, a6
core   0: 3 0x80009114 (0x8cc2) x25 0x5b4bc1c6
core   0: 0x80009116 (0x00000001) c.nop
core   0: 3 0x80009116 (0x0001)
core   0: 0x80009118 (0x0003a133) slt     sp, t2, zero
core   0: 3 0x80009118 (0x0003a133) x2  0x00000000
core   0: 0x8000911c (0x01ff5393) srli    t2, t5, 31
core   0: 3 0x8000911c (0x01ff5393) x7  0x00000001
core   0: 0x80009120 (0x2b2ccb13) xori    s6, s9, 690
core   0: 3 0x80009120 (0x2b2ccb13) x22 0x5b4bc374
core   0: 0x80009124 (0x016b63b3) or      t2, s6, s6
core   0: 3 0x80009124 (0x016b63b3) x7  0x5b4bc374
core   0: 0x80009128 (0x00009d3e) c.add   s10, a5
core   0: 3 0x80009128 (0x9d3e) x26 0xfffc8180
core   0: 0x8000912a (0x0000170c) c.addi4spn a1, sp, 928
core   0: 3 0x8000912a (0x170c) x11 0x000003a0
core   0: 0x8000912c (0xbb7cbd13) sltiu   s10, s9, -1097
core   0: 3 0x8000912c (0xbb7cbd13) x26 0x00000001
core   0: 0x80009130 (0x00000001) c.nop
core   0: 3 0x80009130 (0x0001)
core   0: 0x80009132 (0x0000813d) c.srli  a0, 15
core   0: 3 0x80009132 (0x813d) x10 0x00000000
core   0: 0x80009134 (0x0364dc33) divu    s8, s1, s6
core   0: 3 0x80009134 (0x0364dc33) x24 0x00000002
core   0: 0x80009138 (0x00008cc9) c.or    s1, a0
core   0: 3 0x80009138 (0x8cc9) x9  0xfffc8000
core   0: 0x8000913a (0xa1e64b93) xori    s7, a2, -1506
core   0: 3 0x8000913a (0xa1e64b93) x23 0xfffffa1e
core   0: 0x8000913e (0x01f482b3) add     t0, s1, t6
core   0: 3 0x8000913e (0x01f482b3) x5  0xfffc8000
core   0: 0x80009142 (0x01cb9d63) bne     s7, t3, pc + 26
core   0: 3 0x80009142 (0x01cb9d63)
core   0: 0x8000915c (0x01530433) add     s0, t1, s5
core   0: 3 0x8000915c (0x01530433) x8  0x45d312a1
core   0: 0x80009160 (0x005e8763) beq     t4, t0, pc + 14
core   0: 3 0x80009160 (0x005e8763)
core   0: 0x80009164 (0x028cc7b3) div     a5, s9, s0
core   0: 3 0x80009164 (0x028cc7b3) x15 0x00000001
core   0: 0x80009168 (0x0000eb15) c.bnez  a4, pc + 52
core   0: 3 0x80009168 (0xeb15)
core   0: 0x8000919c (0x00001a90) c.addi4spn a2, sp, 368
core   0: 3 0x8000919c (0x1a90) x12 0x00000170
core   0: 0x8000919e (0x01e100b3) add     ra, sp, t5
core   0: 3 0x8000919e (0x01e100b3) x1  0x80025e34
core   0: 0x800091a2 (0x0240dd33) divu    s10, ra, tp
core   0: 3 0x800091a2 (0x0240dd33) x26 0xffffffff
core   0: 0x800091a6 (0x00004299) c.li    t0, 6
core   0: 3 0x800091a6 (0x4299) x5  0x00000006
core   0: 0x800091a8 (0x0000ef15) c.bnez  a4, pc + 60
core   0: 3 0x800091a8 (0xef15)
core   0: 0x800091e4 (0x00651563) bne     a0, t1, pc + 10
core   0: 3 0x800091e4 (0x00651563)
core   0: 0x800091e8 (0x0130ff63) bgeu    ra, s3, pc + 30
core   0: 3 0x800091e8 (0x0130ff63)
core   0: 0x800091ec (0x00008da9) c.xor   a1, a0
core   0: 3 0x800091ec (0x8da9) x11 0x000003a0
core   0: 0x800091ee (0x00000001) c.nop
core   0: 3 0x800091ee (0x0001)
core   0: 0x800091f0 (0x0000717d) c.addi16sp sp, -16
core   0: 3 0x800091f0 (0x717d) x2  0xfffffff0
core   0: 0x800091f2 (0xab9c6a13) ori     s4, s8, -1351
core   0: 3 0x800091f2 (0xab9c6a13) x20 0xfffffabb
core   0: 0x800091f6 (0x01b2c463) blt     t0, s11, pc + 8
core   0: 3 0x800091f6 (0x01b2c463)
core   0: 0x800091fe (0x0000ca9d) c.beqz  a3, pc + 54
core   0: 3 0x800091fe (0xca9d)
core   0: 0x80009200 (0x000084ee) c.mv    s1, s11
core   0: 3 0x80009200 (0x84ee) x9  0x1f0004bc
core   0: 0x80009202 (0x0089bd33) sltu    s10, s3, s0
core   0: 3 0x80009202 (0x0089bd33) x26 0x00000000
core   0: 0x80009206 (0x026f50b3) divu    ra, t5, t1
core   0: 3 0x80009206 (0x026f50b3) x1  0xffffffff
core   0: 0x8000920a (0x00006a05) c.lui   s4, 0x1
core   0: 3 0x8000920a (0x6a05) x20 0x00001000
core   0: 0x8000920c (0x05277063) bgeu    a4, s2, pc + 64
core   0: 3 0x8000920c (0x05277063)
core   0: 0x8000924c (0x01fc9033) sll     zero, s9, t6
core   0: 3 0x8000924c (0x01fc9033)
core   0: 0x80009250 (0x0168a0b3) slt     ra, a7, s6
core   0: 3 0x80009250 (0x0168a0b3) x1  0x00000001
core   0: 0x80009254 (0x00dae8b3) or      a7, s5, a3
core   0: 3 0x80009254 (0x00dae8b3) x17 0xffffffff
core   0: 0x80009258 (0x02277633) remu    a2, a4, sp
core   0: 3 0x80009258 (0x02277633) x12 0xfffffe3d
core   0: 0x8000925c (0x012e7e33) and     t3, t3, s2
core   0: 3 0x8000925c (0x012e7e33) x28 0x00000000
core   0: 0x80009260 (0x022a8b33) mul     s6, s5, sp
core   0: 3 0x80009260 (0x022a8b33) x22 0xa2ced5f0
core   0: 0x80009264 (0x00008e89) c.sub   a3, a0
core   0: 3 0x80009264 (0x8e89) x13 0xffffffff
core   0: 0x80009266 (0x0312dd63) bge     t0, a7, pc + 58
core   0: 3 0x80009266 (0x0312dd63)
core   0: 0x800092a0 (0x349ce917) auipc   s2, 0x349ce
core   0: 3 0x800092a0 (0x349ce917) x18 0xb49d72a0
core   0: 0x800092a4 (0x0000c00d) c.beqz  s0, pc + 34
core   0: 3 0x800092a4 (0xc00d)
core   0: 0x800092a6 (0x0304f5b3) remu    a1, s1, a6
core   0: 3 0x800092a6 (0x0304f5b3) x11 0x1f0004bc
core   0: 0x800092aa (0x00000001) c.nop
core   0: 3 0x800092aa (0x0001)
core   0: 0x800092ac (0x00000001) c.nop
core   0: 3 0x800092ac (0x0001)
core   0: 0x800092ae (0x40628033) sub     zero, t0, t1
core   0: 3 0x800092ae (0x40628033)
core   0: 0x800092b2 (0x03a0e463) bltu    ra, s10, pc + 40
core   0: 3 0x800092b2 (0x03a0e463)
core   0: 0x800092b6 (0x442e8493) addi    s1, t4, 1090
core   0: 3 0x800092b6 (0x442e8493) x9  0x00000441
core   0: 0x800092ba (0x038d4e63) blt     s10, s8, pc + 60
core   0: 3 0x800092ba (0x038d4e63)
core   0: 0x800092f6 (0x4f29b013) sltiu   zero, s3, 1266
core   0: 3 0x800092f6 (0x4f29b013)
core   0: 0x800092fa (0x00004e0d) c.li    t3, 3
core   0: 3 0x800092fa (0x4e0d) x28 0x00000003
core   0: 0x800092fc (0x0000662d) c.lui   a2, 0xb
core   0: 3 0x800092fc (0x662d) x12 0x0000b000
core   0: 0x800092fe (0xfaa1b713) sltiu   a4, gp, -86
core   0: 3 0x800092fe (0xfaa1b713) x14 0x00000001
core   0: 0x80009302 (0x00008ec5) c.or    a3, s1
core   0: 3 0x80009302 (0x8ec5) x13 0xffffffff
core   0: 0x80009304 (0x4c3ebb13) sltiu   s6, t4, 1219
core   0: 3 0x80009304 (0x4c3ebb13) x22 0x00000000
core   0: 0x80009308 (0x02799e33) mulh    t3, s3, t2
core   0: 3 0x80009308 (0x02799e33) x28 0xd25b0ce7
core   0: 0x8000930c (0x0000167d) c.addi  a2, -1
core   0: 3 0x8000930c (0x167d) x12 0x0000afff
core   0: 0x8000930e (0x02b2fc63) bgeu    t0, a1, pc + 56
core   0: 3 0x8000930e (0x02b2fc63)
core   0: 0x80009312 (0x3dc551b7) lui     gp, 0x3dc55
core   0: 3 0x80009312 (0x3dc551b7) x3  0x3dc55000
core   0: 0x80009316 (0x00008c89) c.sub   s1, a0
core   0: 3 0x80009316 (0x8c89) x9  0x00000441
core   0: 0x80009318 (0x18278f93) addi    t6, a5, 386
core   0: 3 0x80009318 (0x18278f93) x31 0x00000183
core   0: 0x8000931c (0x00008ff9) c.and   a5, a4
core   0: 3 0x8000931c (0x8ff9) x15 0x00000001
core   0: 0x8000931e (0x00008345) c.srli  a4, 17
core   0: 3 0x8000931e (0x8345) x14 0x00000000
core   0: 0x80009320 (0x00008c79) c.and   s0, a4
core   0: 3 0x80009320 (0x8c79) x8  0x00000000
core   0: 0x80009322 (0x00008ca1) c.xor   s1, s0
core   0: 3 0x80009322 (0x8ca1) x9  0x00000441
core   0: 0x80009324 (0x028ce133) rem     sp, s9, s0
core   0: 3 0x80009324 (0x028ce133) x2  0x5b4bc1c6
core   0: 0x80009328 (0x0123d633) srl     a2, t2, s2
core   0: 3 0x80009328 (0x0123d633) x12 0x5b4bc374
core   0: 0x8000932c (0x03d748b3) div     a7, a4, t4
core   0: 3 0x8000932c (0x03d748b3) x17 0x00000000
core   0: 0x80009330 (0x403ad093) srai    ra, s5, 3
core   0: 3 0x80009330 (0x403ad093) x1  0x08ba6254
core   0: 0x80009334 (0x0000837d) c.srli  a4, 31
core   0: 3 0x80009334 (0x837d) x14 0x00000000
core   0: 0x80009336 (0x41268db3) sub     s11, a3, s2
core   0: 3 0x80009336 (0x41268db3) x27 0x4b628d5f
core   0: 0x8000933a (0x01d25d13) srli    s10, tp, 29
core   0: 3 0x8000933a (0x01d25d13) x26 0x00000000
core   0: 0x8000933e (0x00000001) c.nop
core   0: 3 0x8000933e (0x0001)
core   0: 0x80009340 (0x00008289) c.srli  a3, 2
core   0: 3 0x80009340 (0x8289) x13 0x3fffffff
core   0: 0x80009342 (0x00000001) c.nop
core   0: 3 0x80009342 (0x0001)
core   0: 0x80009344 (0x00000001) c.nop
core   0: 3 0x80009344 (0x0001)
core   0: 0x80009346 (0x0163c6b3) xor     a3, t2, s6
core   0: 3 0x80009346 (0x0163c6b3) x13 0x5b4bc374
core   0: 0x8000934a (0x03fafd33) remu    s10, s5, t6
core   0: 3 0x8000934a (0x03fafd33) x26 0x0000009f
core   0: 0x8000934e (0x0000eef1) c.bnez  a3, pc + 220
core   0: 3 0x8000934e (0xeef1)
core   0: 0x8000942a (0x00b79e93) slli    t4, a5, 11
core   0: 3 0x8000942a (0x00b79e93) x29 0x00000800
core   0: 0x8000942e (0x00000584) c.addi4spn s1, sp, 704
core   0: 3 0x8000942e (0x0584) x9  0x5b4bc486
core   0: 0x80009430 (0x02e49233) mulh    tp, s1, a4
core   0: 3 0x80009430 (0x02e49233) x4  0x00000000
core   0: 0x80009434 (0x01801b93) slli    s7, zero, 24
core   0: 3 0x80009434 (0x01801b93) x23 0x00000000
core   0: 0x80009438 (0x016fd763) bge     t6, s6, pc + 14
core   0: 3 0x80009438 (0x016fd763)
core   0: 0x80009446 (0x00000001) c.nop
core   0: 3 0x80009446 (0x0001)
core   0: 0x80009448 (0x0073a2b3) slt     t0, t2, t2
core   0: 3 0x80009448 (0x0073a2b3) x5  0x00000000
core   0: 0x8000944c (0x0119dc63) bge     s3, a7, pc + 24
core   0: 3 0x8000944c (0x0119dc63)
core   0: 0x80009450 (0x035a8e33) mul     t3, s5, s5
core   0: 3 0x80009450 (0x035a8e33) x28 0x80c10941
core   0: 0x80009454 (0x8b82ce37) lui     t3, 0x8b82c
core   0: 3 0x80009454 (0x8b82ce37) x28 0x8b82c000
core   0: 0x80009458 (0x028b30b3) mulhu   ra, s6, s0
core   0: 3 0x80009458 (0x028b30b3) x1  0x00000000
core   0: 0x8000945c (0x032506b3) mul     a3, a0, s2
core   0: 3 0x8000945c (0x032506b3) x13 0x00000000
core   0: 0x80009460 (0x03a6fbb3) remu    s7, a3, s10
core   0: 3 0x80009460 (0x03a6fbb3) x23 0x00000000
core   0: 0x80009464 (0x038f1eb3) mulh    t4, t5, s8
core   0: 3 0x80009464 (0x038f1eb3) x29 0xffffffff
core   0: 0x80009468 (0xbfd28093) addi    ra, t0, -1027
core   0: 3 0x80009468 (0xbfd28093) x1  0xfffffbfd
core   0: 0x8000946c (0x0109d893) srli    a7, s3, 16
core   0: 3 0x8000946c (0x0109d893) x17 0x00008002
core   0: 0x80009470 (0x2b431537) lui     a0, 0x2b431
core   0: 3 0x80009470 (0x2b431537) x10 0x2b431000
core   0: 0x80009474 (0x61322113) slti    sp, tp, 1555
core   0: 3 0x80009474 (0x61322113) x2  0x00000001
core   0: 0x80009478 (0x0193c233) xor     tp, t2, s9
core   0: 3 0x80009478 (0x0193c233) x4  0x000002b2
core   0: 0x8000947c (0x000084de) c.mv    s1, s7
core   0: 3 0x8000947c (0x84de) x9  0x00000000
core   0: 0x8000947e (0x00000001) c.nop
core   0: 3 0x8000947e (0x0001)
core   0: 0x80009480 (0x0245cc33) div     s8, a1, tp
core   0: 3 0x80009480 (0x0245cc33) x24 0x000b8060
core   0: 0x80009484 (0x00008cf9) c.and   s1, a4
core   0: 3 0x80009484 (0x8cf9) x9  0x00000000
core   0: 0x80009486 (0x41260c33) sub     s8, a2, s2
core   0: 3 0x80009486 (0x41260c33) x24 0xa6ae50d4
core   0: 0x8000948a (0x034980b3) mul     ra, s3, s4
core   0: 3 0x8000948a (0x034980b3) x1  0x29d24000
core   0: 0x8000948e (0x40885cb3) sra     s9, a6, s0
core   0: 3 0x8000948e (0x40885cb3) x25 0x5b4bc1c6
core   0: 0x80009492 (0x0260036f) jal     t1, pc + 0x26
core   0: 3 0x80009492 (0x0260036f) x6  0x80009496
core   0: 0x800094b8 (0x0000b7e5) c.j     pc - 24
core   0: 3 0x800094b8 (0xb7e5)
core   0: 0x800094a0 (0x0000a011) c.j     pc + 4
core   0: 3 0x800094a0 (0xa011)
core   0: 0x800094a4 (0x00e000ef) jal     pc + 0xe
core   0: 3 0x800094a4 (0x00e000ef) x1  0x800094a8
core   0: 0x800094b2 (0xff1ff36f) jal     t1, pc - 0x10
core   0: 3 0x800094b2 (0xff1ff36f) x6  0x800094b6
core   0: 0x800094a2 (0x00002821) c.jal   pc + 24
core   0: 3 0x800094a2 (0x2821) x1  0x800094a4
core   0: 0x800094ba (0x0000a031) c.j     pc + 12
core   0: 3 0x800094ba (0xa031)
core   0: 0x800094c6 (0x0000bff5) c.j     pc - 4
core   0: 3 0x800094c6 (0xbff5)
core   0: 0x800094c2 (0x000037ed) c.jal   pc - 22
core   0: 3 0x800094c2 (0x37ed) x1  0x800094c4
core   0: 0x800094ac (0x0000a009) c.j     pc + 2
core   0: 3 0x800094ac (0xa009)
core   0: 0x800094ae (0x0000b7e5) c.j     pc - 24
core   0: 3 0x800094ae (0xb7e5)
core   0: 0x80009496 (0x020000ef) jal     pc + 0x20
core   0: 3 0x80009496 (0x020000ef) x1  0x8000949a
core   0: 0x800094b6 (0x0000a819) c.j     pc + 22
core   0: 3 0x800094b6 (0xa819)
core   0: 0x800094cc (0x00003fd5) c.jal   pc - 12
core   0: 3 0x800094cc (0x3fd5) x1  0x800094ce
core   0: 0x800094c0 (0x00003ff5) c.jal   pc - 4
core   0: 3 0x800094c0 (0x3ff5) x1  0x800094c2
core   0: 0x800094bc (0x00c000ef) jal     pc + 0xc
core   0: 3 0x800094bc (0x00c000ef) x1  0x800094c0
core   0: 0x800094c8 (0x0000b7c5) c.j     pc - 32
core   0: 3 0x800094c8 (0xb7c5)
core   0: 0x800094a8 (0x022000ef) jal     pc + 0x22
core   0: 3 0x800094a8 (0x022000ef) x1  0x800094ac
core   0: 0x800094ca (0x0000bfed) c.j     pc - 6
core   0: 3 0x800094ca (0xbfed)
core   0: 0x800094c4 (0x0000b7f5) c.j     pc - 20
core   0: 3 0x800094c4 (0xb7f5)
core   0: 0x800094b0 (0x00002839) c.jal   pc + 30
core   0: 3 0x800094b0 (0x2839) x1  0x800094b2
core   0: 0x800094ce (0x0000bfc1) c.j     pc - 48
core   0: 3 0x800094ce (0xbfc1)
core   0: 0x8000949e (0x0000bff5) c.j     pc - 4
core   0: 3 0x8000949e (0xbff5)
core   0: 0x8000949a (0x03600aef) jal     s5, pc + 0x36
core   0: 3 0x8000949a (0x03600aef) x21 0x8000949e
core   0: 0x800094d0 (0x00008ce6) c.mv    s9, s9
core   0: 3 0x800094d0 (0x8ce6) x25 0x5b4bc1c6
core   0: 0x800094d2 (0x0000660d) c.lui   a2, 0x3
core   0: 3 0x800094d2 (0x660d) x12 0x00003000
core   0: 0x800094d4 (0xecc20493) addi    s1, tp, -308
core   0: 3 0x800094d4 (0xecc20493) x9  0x0000017e
core   0: 0x800094d8 (0x02f26bb3) rem     s7, tp, a5
core   0: 3 0x800094d8 (0x02f26bb3) x23 0x00000000
core   0: 0x800094dc (0xab3d6f93) ori     t6, s10, -1357
core   0: 3 0x800094dc (0xab3d6f93) x31 0xfffffabf
core   0: 0x800094e0 (0x00008e7d) c.and   a2, a5
core   0: 3 0x800094e0 (0x8e7d) x12 0x00000000
core   0: 0x800094e2 (0x40ce8bb3) sub     s7, t4, a2
core   0: 3 0x800094e2 (0x40ce8bb3) x23 0xffffffff
core   0: 0x800094e6 (0x952eba97) auipc   s5, 0x952eb
core   0: 3 0x800094e6 (0x952eba97) x21 0x152f44e6
core   0: 0x800094ea (0x00008941) c.andi  a0, 16
core   0: 3 0x800094ea (0x8941) x10 0x00000000
core   0: 0x800094ec (0x000081ad) c.srli  a1, 11
core   0: 3 0x800094ec (0x81ad) x11 0x0003e000
core   0: 0x800094ee (0x00000d0c) c.addi4spn a1, sp, 656
core   0: 3 0x800094ee (0x0d0c) x11 0x00000291
core   0: 0x800094f0 (0x40e4d893) srai    a7, s1, 14
core   0: 3 0x800094f0 (0x40e4d893) x17 0x00000000
core   0: 0x800094f4 (0x48f6e293) ori     t0, a3, 1167
core   0: 3 0x800094f4 (0x48f6e293) x5  0x0000048f
core   0: 0x800094f8 (0x00dd6233) or      tp, s10, a3
core   0: 3 0x800094f8 (0x00dd6233) x4  0x0000009f
core   0: 0x800094fc (0x0000e89d) c.bnez  s1, pc + 54
core   0: 3 0x800094fc (0xe89d)
core   0: 0x80009532 (0x00005b7d) c.li    s6, -1
core   0: 3 0x80009532 (0x5b7d) x22 0xffffffff
core   0: 0x80009534 (0x0000177d) c.addi  a4, -1
core   0: 3 0x80009534 (0x177d) x14 0xffffffff
core   0: 0x80009536 (0x026a7333) remu    t1, s4, t1
core   0: 3 0x80009536 (0x026a7333) x6  0x00001000
core   0: 0x8000953a (0x01bb3133) sltu    sp, s6, s11
core   0: 3 0x8000953a (0x01bb3133) x2  0x00000000
core   0: 0x8000953e (0x83a5b693) sltiu   a3, a1, -1990
core   0: 3 0x8000953e (0x83a5b693) x13 0x00000001
core   0: 0x80009542 (0x6a4d4a93) xori    s5, s10, 1700
core   0: 3 0x80009542 (0x6a4d4a93) x21 0x0000063b
core   0: 0x80009546 (0x00a45613) srli    a2, s0, 10
core   0: 3 0x80009546 (0x00a45613) x12 0x00000000
core   0: 0x8000954a (0x40aa06b3) sub     a3, s4, a0
core   0: 3 0x8000954a (0x40aa06b3) x13 0x00001000
core   0: 0x8000954e (0x01a925b3) slt     a1, s2, s10
core   0: 3 0x8000954e (0x01a925b3) x11 0x00000001
core   0: 0x80009552 (0x01b91d63) bne     s2, s11, pc + 26
core   0: 3 0x80009552 (0x01b91d63)
core   0: 0x8000956c (0x03a540b3) div     ra, a0, s10
core   0: 3 0x8000956c (0x03a540b3) x1  0x00000000
core   0: 0x80009570 (0x4c4b7097) auipc   ra, 0x4c4b7
core   0: 3 0x80009570 (0x4c4b7097) x1  0xcc4c0570
core   0: 0x80009574 (0xce0a5737) lui     a4, 0xce0a5
core   0: 3 0x80009574 (0xce0a5737) x14 0xce0a5000
core   0: 0x80009578 (0x00000001) c.nop
core   0: 3 0x80009578 (0x0001)
core   0: 0x8000957a (0x02325563) bge     tp, gp, pc + 42
core   0: 3 0x8000957a (0x02325563)
core   0: 0x8000957e (0x00008f91) c.sub   a5, a2
core   0: 3 0x8000957e (0x8f91) x15 0x00000001
core   0: 0x80009580 (0x00008f35) c.xor   a4, a3
core   0: 3 0x80009580 (0x8f35) x14 0xce0a4000
core   0: 0x80009582 (0x406cd293) srai    t0, s9, 6
core   0: 3 0x80009582 (0x406cd293) x5  0x016d2f07
core   0: 0x80009586 (0x01c16c33) or      s8, sp, t3
core   0: 3 0x80009586 (0x01c16c33) x24 0x8b82c000
core   0: 0x8000958a (0x00001584) c.addi4spn s1, sp, 736
core   0: 3 0x8000958a (0x1584) x9  0x000002e0
core   0: 0x8000958c (0x024626b3) mulhsu  a3, a2, tp
core   0: 3 0x8000958c (0x024626b3) x13 0x00000000
core   0: 0x80009590 (0x03bab133) mulhu   sp, s5, s11
core   0: 3 0x80009590 (0x03bab133) x2  0x000001d5
core   0: 0x80009594 (0x0368cb63) blt     a7, s6, pc + 54
core   0: 3 0x80009594 (0x0368cb63)
core   0: 0x80009598 (0x03b94963) blt     s2, s11, pc + 50
core   0: 3 0x80009598 (0x03b94963)
core   0: 0x800095ca (0xedcf3e13) sltiu   t3, t5, -292
core   0: 3 0x800095ca (0xedcf3e13) x28 0x00000001
core   0: 0x800095ce (0x00041b93) slli    s7, s0, 0
core   0: 3 0x800095ce (0x00041b93) x23 0x00000000
core   0: 0x800095d2 (0x0044feb3) and     t4, s1, tp
core   0: 3 0x800095d2 (0x0044feb3) x29 0x00000080
core   0: 0x800095d6 (0x009f41b3) xor     gp, t5, s1
core   0: 3 0x800095d6 (0x009f41b3) x3  0x80025cd4
core   0: 0x800095da (0x03f0d363) bge     ra, t6, pc + 38
core   0: 3 0x800095da (0x03f0d363)
core   0: 0x800095de (0x01eee263) bltu    t4, t5, pc + 4
core   0: 3 0x800095de (0x01eee263)
core   0: 0x800095e2 (0x0000717d) c.addi16sp sp, -16
core   0: 3 0x800095e2 (0x717d) x2  0x000001c5
core   0: 0x800095e4 (0x02ee8163) beq     t4, a4, pc + 34
core   0: 3 0x800095e4 (0x02ee8163)
core   0: 0x800095e8 (0x02c8ea33) rem     s4, a7, a2
core   0: 3 0x800095e8 (0x02c8ea33) x20 0x00000000
core   0: 0x800095ec (0xb6580a93) addi    s5, a6, -1179
core   0: 3 0x800095ec (0xb6580a93) x21 0x5b4bbd2b
core   0: 0x800095f0 (0x02cc0a33) mul     s4, s8, a2
core   0: 3 0x800095f0 (0x02cc0a33) x20 0x00000000
core   0: 0x800095f4 (0xd0840193) addi    gp, s0, -760
core   0: 3 0x800095f4 (0xd0840193) x3  0xfffffd08
core   0: 0x800095f8 (0x021b0c63) beq     s6, ra, pc + 56
core   0: 3 0x800095f8 (0x021b0c63)
core   0: 0x800095fc (0x00008d71) c.and   a0, a2
core   0: 3 0x800095fc (0x8d71) x10 0x00000000
core   0: 0x800095fe (0x00001f00) c.addi4spn s0, sp, 944
core   0: 3 0x800095fe (0x1f00) x8  0x00000575
core   0: 0x80009600 (0x00008e69) c.and   a2, a0
core   0: 3 0x80009600 (0x8e69) x12 0x00000000
core   0: 0x80009602 (0x00714933) xor     s2, sp, t2
core   0: 3 0x80009602 (0x00714933) x18 0x5b4bc2b1
core   0: 0x80009606 (0x0000cf91) c.beqz  a5, pc + 28
core   0: 3 0x80009606 (0xcf91)
core   0: 0x80009608 (0x01248eb3) add     t4, s1, s2
core   0: 3 0x80009608 (0x01248eb3) x29 0x5b4bc591
core   0: 0x8000960c (0x011077b3) and     a5, zero, a7
core   0: 3 0x8000960c (0x011077b3) x15 0x00000000
core   0: 0x80009610 (0x00008d49) c.or    a0, a0
core   0: 3 0x80009610 (0x8d49) x10 0x00000000
core   0: 0x80009612 (0x00607033) and     zero, zero, t1
core   0: 3 0x80009612 (0x00607033)
core   0: 0x80009616 (0x00811e13) slli    t3, sp, 8
core   0: 3 0x80009616 (0x00811e13) x28 0x0001c500
core   0: 0x8000961a (0x49a53113) sltiu   sp, a0, 1178
core   0: 3 0x8000961a (0x49a53113) x2  0x00000001
core   0: 0x8000961e (0x023f9c63) bne     t6, gp, pc + 56
core   0: 3 0x8000961e (0x023f9c63)
core   0: 0x80009656 (0x03297433) remu    s0, s2, s2
core   0: 3 0x80009656 (0x03297433) x8  0x00000000
core   0: 0x8000965a (0x1dd06b93) ori     s7, zero, 477
core   0: 3 0x8000965a (0x1dd06b93) x23 0x000001dd
core   0: 0x8000965e (0x01c0d7b3) srl     a5, ra, t3
core   0: 3 0x8000965e (0x01c0d7b3) x15 0xcc4c0570
core   0: 0x80009662 (0x0000717d) c.addi16sp sp, -16
core   0: 3 0x80009662 (0x717d) x2  0xfffffff1
core   0: 0x80009664 (0x00008115) c.srli  a0, 5
core   0: 3 0x80009664 (0x8115) x10 0x00000000
core   0: 0x80009666 (0x008d5e13) srli    t3, s10, 8
core   0: 3 0x80009666 (0x008d5e13) x28 0x00000000
core   0: 0x8000966a (0x00cdd7b3) srl     a5, s11, a2
core   0: 3 0x8000966a (0x00cdd7b3) x15 0x4b628d5f
core   0: 0x8000966e (0x030b3eb3) mulhu   t4, s6, a6
core   0: 3 0x8000966e (0x030b3eb3) x29 0x5b4bc1c5
core   0: 0x80009672 (0x026c7bb3) remu    s7, s8, t1
core   0: 3 0x80009672 (0x026c7bb3) x23 0x00000000
core   0: 0x80009676 (0x415a5213) srai    tp, s4, 21
core   0: 3 0x80009676 (0x415a5213) x4  0x00000000
core   0: 0x8000967a (0x0000c581) c.beqz  a1, pc + 8
core   0: 3 0x8000967a (0xc581)
core   0: 0x8000967c (0x02245f63) bge     s0, sp, pc + 62
core   0: 3 0x8000967c (0x02245f63)
core   0: 0x800096ba (0x00008cb9) c.xor   s1, a4
core   0: 3 0x800096ba (0x8cb9) x9  0xce0a42e0
core   0: 0x800096bc (0x00007a97) auipc   s5, 0x7
core   0: 3 0x800096bc (0x00007a97) x21 0x800106bc
core   0: 0x800096c0 (0x5cea8a93) addi    s5, s5, 1486
core   0: 3 0x800096c0 (0x5cea8a93) x21 0x80010c8a
core   0: 0x800096c4 (0x00008c21) c.xor   s0, s0
core   0: 3 0x800096c4 (0x8c21) x8  0x00000000
core   0: 0x800096c6 (0xc78fa913) slti    s2, t6, -904
core   0: 3 0x800096c6 (0xc78fa913) x18 0x00000001
core   0: 0x800096ca (0x027b0fb3) mul     t6, s6, t2
core   0: 3 0x800096ca (0x027b0fb3) x31 0xa4b43c8c
core   0: 0x800096ce (0x000a8423) sb      zero, 8(s5)
core   0: 3 0x800096ce (0x000a8423) mem 0x80010c92 0x00
core   0: 0x800096d2 (0x00008c21) c.xor   s0, s0
core   0: 3 0x800096d2 (0x8c21) x8  0x00000000
core   0: 0x800096d4 (0x000a82a3) sb      zero, 5(s5)
core   0: 3 0x800096d4 (0x000a82a3) mem 0x80010c8f 0x00
core   0: 0x800096d8 (0x007b7fb3) and     t6, s6, t2
core   0: 3 0x800096d8 (0x007b7fb3) x31 0x5b4bc374
core   0: 0x800096dc (0x000093da) c.add   t2, s6
core   0: 3 0x800096dc (0x93da) x7  0x5b4bc373
core   0: 0x800096de (0x02744fb3) div     t6, s0, t2
core   0: 3 0x800096de (0x02744fb3) x31 0x00000000
core   0: 0x800096e2 (0x5503cb13) xori    s6, t2, 1360
core   0: 3 0x800096e2 (0x5503cb13) x22 0x5b4bc623
core   0: 0x800096e6 (0x00a91413) slli    s0, s2, 10
core   0: 3 0x800096e6 (0x00a91413) x8  0x00000400
core   0: 0x800096ea (0x00009fda) c.add   t6, s6
core   0: 3 0x800096ea (0x9fda) x31 0x5b4bc623
core   0: 0x800096ec (0x00008011) c.srli  s0, 4
core   0: 3 0x800096ec (0x8011) x8  0x00000040
core   0: 0x800096ee (0x012a85a3) sb      s2, 11(s5)
core   0: 3 0x800096ee (0x012a85a3) mem 0x80010c95 0x01
core   0: 0x800096f2 (0x03606433) rem     s0, zero, s6
core   0: 3 0x800096f2 (0x03606433) x8  0x00000000
core   0: 0x800096f6 (0x000043a1) c.li    t2, 8
core   0: 3 0x800096f6 (0x43a1) x7  0x00000008
core   0: 0x800096f8 (0x000a86a3) sb      zero, 13(s5)
core   0: 3 0x800096f8 (0x000a86a3) mem 0x80010c97 0x00
core   0: 0x800096fc (0x007a81a3) sb      t2, 3(s5)
core   0: 3 0x800096fc (0x007a81a3) mem 0x80010c8d 0x08
core   0: 0x80009700 (0x0073afb3) slt     t6, t2, t2
core   0: 3 0x80009700 (0x0073afb3) x31 0x00000000
core   0: 0x80009704 (0x00008c61) c.and   s0, s0
core   0: 3 0x80009704 (0x8c61) x8  0x00000000
core   0: 0x80009706 (0xff0ad403) lhu     s0, -16(s5)
core   0: 3 0x80009706 (0xff0ad403) x8  0x00000000 mem 0x80010c7a
core   0: 0x8000970a (0x01ab5413) srli    s0, s6, 26
core   0: 3 0x8000970a (0x01ab5413) x8  0x00000016
core   0: 0x8000970e (0xff9a8403) lb      s0, -7(s5)
core   0: 3 0x8000970e (0xff9a8403) x8  0x00000000 mem 0x80010c83
core   0: 0x80009712 (0x00008c41) c.or    s0, s0
core   0: 3 0x80009712 (0x8c41) x8  0x00000000
core   0: 0x80009714 (0xfe8a9f23) sh      s0, -2(s5)
core   0: 3 0x80009714 (0xfe8a9f23) mem 0x80010c88 0x0000
core   0: 0x80009718 (0x0003bb33) sltu    s6, t2, zero
core   0: 3 0x80009718 (0x0003bb33) x22 0x00000000
core   0: 0x8000971c (0x00dac903) lbu     s2, 13(s5)
core   0: 3 0x8000971c (0x00dac903) x18 0x00000000 mem 0x80010c97
core   0: 0x80009720 (0xff6a8da3) sb      s6, -5(s5)
core   0: 3 0x80009720 (0xff6a8da3) mem 0x80010c85 0x00
core   0: 0x80009724 (0x016a83a3) sb      s6, 7(s5)
core   0: 3 0x80009724 (0x016a83a3) mem 0x80010c91 0x00
core   0: 0x80009728 (0x8910b917) auipc   s2, 0x8910b
core   0: 3 0x80009728 (0x8910b917) x18 0x09114728
core   0: 0x8000972c (0x00000001) c.nop
core   0: 3 0x8000972c (0x0001)
core   0: 0x8000972e (0x01faa323) sw      t6, 6(s5)
core   0: 3 0x8000972e (0x01faa323) mem 0x80010c90 0x00000000
core   0: 0x80009732 (0x008fd933) srl     s2, t6, s0
core   0: 3 0x80009732 (0x008fd933) x18 0x00000000
core   0: 0x80009736 (0x02045433) divu    s0, s0, zero
core   0: 3 0x80009736 (0x02045433) x8  0xffffffff
core   0: 0x8000973a (0x00cadf83) lhu     t6, 12(s5)
core   0: 3 0x8000973a (0x00cadf83) x31 0x00000000 mem 0x80010c96
core   0: 0x8000973e (0xfe0a8d23) sb      zero, -6(s5)
core   0: 3 0x8000973e (0xfe0a8d23) mem 0x80010c84 0x00
core   0: 0x80009742 (0x000099fd) c.andi  a1, -1
core   0: 3 0x80009742 (0x99fd) x11 0x00000001
core   0: 0x80009744 (0x5c92ea13) ori     s4, t0, 1481
core   0: 3 0x80009744 (0x5c92ea13) x20 0x016d2fcf
core   0: 0x80009748 (0x4128dc93) srai    s9, a7, 18
core   0: 3 0x80009748 (0x4128dc93) x25 0x00000000
core   0: 0x8000974c (0x02deec63) bltu    t4, a3, pc + 56
core   0: 3 0x8000974c (0x02deec63)
core   0: 0x80009750 (0x00000001) c.nop
core   0: 3 0x80009750 (0x0001)
core   0: 0x80009752 (0x00006165) c.addi16sp sp, 112
core   0: 3 0x80009752 (0x6165) x2  0x00000061
core   0: 0x80009754 (0x000004f2) c.slli  s1, 28
core   0: 3 0x80009754 (0x04f2) x9  0x00000000
core   0: 0x80009756 (0xd1df6713) ori     a4, t5, -739
core   0: 3 0x80009756 (0xd1df6713) x14 0xffffff3d
core   0: 0x8000975a (0x02be8e63) beq     t4, a1, pc + 60
core   0: 3 0x8000975a (0x02be8e63)
core   0: 0x8000975e (0x00185b93) srli    s7, a6, 1
core   0: 3 0x8000975e (0x00185b93) x23 0x2da5e0e3
core   0: 0x80009762 (0x00008d11) c.sub   a0, a2
core   0: 3 0x80009762 (0x8d11) x10 0x00000000
core   0: 0x80009764 (0xb41db5b7) lui     a1, 0xb41db
core   0: 3 0x80009764 (0xb41db5b7) x11 0xb41db000
core   0: 0x80009768 (0x00008ecd) c.or    a3, a1
core   0: 3 0x80009768 (0x8ecd) x13 0xb41db000
core   0: 0x8000976a (0x000090de) c.add   ra, s7
core   0: 3 0x8000976a (0x90de) x1  0xf9f1e653
core   0: 0x8000976c (0x0000717d) c.addi16sp sp, -16
core   0: 3 0x8000976c (0x717d) x2  0x00000051
core   0: 0x8000976e (0x00008335) c.srli  a4, 13
core   0: 3 0x8000976e (0x8335) x14 0x0007ffff
core   0: 0x80009770 (0x00008f25) c.xor   a4, s1
core   0: 3 0x80009770 (0x8f25) x14 0x0007ffff
core   0: 0x80009772 (0x0c21c793) xori    a5, gp, 194
core   0: 3 0x80009772 (0x0c21c793) x15 0xfffffdca
core   0: 0x80009776 (0x2ab78e93) addi    t4, a5, 683
core   0: 3 0x80009776 (0x2ab78e93) x29 0x00000075
core   0: 0x8000977a (0x00008645) c.srai  a2, 17
core   0: 3 0x8000977a (0x8645) x12 0x00000000
core   0: 0x8000977c (0x03b5b6b3) mulhu   a3, a1, s11
core   0: 3 0x8000977c (0x03b5b6b3) x13 0x350a0964
core   0: 0x80009780 (0x0bb21263) bne     tp, s11, pc + 164
core   0: 3 0x80009780 (0x0bb21263)
core   0: 0x80009824 (0x00008c1d) c.sub   s0, a5
core   0: 3 0x80009824 (0x8c1d) x8  0x00000235
core   0: 0x80009826 (0x0000c115) c.beqz  a0, pc + 36
core   0: 3 0x80009826 (0xc115)
core   0: 0x8000984a (0x9aeff113) andi    sp, t6, -1618
core   0: 3 0x8000984a (0x9aeff113) x2  0x00000000
core   0: 0x8000984e (0x00008f21) c.xor   a4, s0
core   0: 3 0x8000984e (0x8f21) x14 0x0007fdca
core   0: 0x80009850 (0x0000c70d) c.beqz  a4, pc + 42
core   0: 3 0x80009850 (0xc70d)
core   0: 0x80009852 (0x02caa533) mulhsu  a0, s5, a2
core   0: 3 0x80009852 (0x02caa533) x10 0x00000000
core   0: 0x80009856 (0x00469c33) sll     s8, a3, tp
core   0: 3 0x80009856 (0x00469c33) x24 0x350a0964
core   0: 0x8000985a (0x03cbdfb3) divu    t6, s7, t3
core   0: 3 0x8000985a (0x03cbdfb3) x31 0xffffffff
core   0: 0x8000985e (0x1e947e13) andi    t3, s0, 489
core   0: 3 0x8000985e (0x1e947e13) x28 0x00000021
core   0: 0x80009862 (0x0105d5b3) srl     a1, a1, a6
core   0: 3 0x80009862 (0x0105d5b3) x11 0x02d076c0
core   0: 0x80009866 (0x02fe9b63) bne     t4, a5, pc + 54
core   0: 3 0x80009866 (0x02fe9b63)
core   0: 0x8000989c (0x1d1de317) auipc   t1, 0x1d1de
core   0: 3 0x8000989c (0x1d1de317) x6  0x9d1e789c
core   0: 0x800098a0 (0x00008dbd) c.xor   a1, a5
core   0: 3 0x800098a0 (0x8dbd) x11 0xfd2f8b0a
core   0: 0x800098a2 (0x02ef7a33) remu    s4, t5, a4
core   0: 3 0x800098a2 (0x02ef7a33) x20 0x0005c70c
core   0: 0x800098a6 (0x02b22eb3) mulhsu  t4, tp, a1
core   0: 3 0x800098a6 (0x02b22eb3) x29 0x00000000
core   0: 0x800098aa (0x417dd133) sra     sp, s11, s7
core   0: 3 0x800098aa (0x417dd133) x2  0x096c51ab
core   0: 0x800098ae (0x01aec933) xor     s2, t4, s10
core   0: 3 0x800098ae (0x01aec933) x18 0x0000009f
core   0: 0x800098b2 (0x03646333) rem     t1, s0, s6
core   0: 3 0x800098b2 (0x03646333) x6  0x00000235
core   0: 0x800098b6 (0x03630233) mul     tp, t1, s6
core   0: 3 0x800098b6 (0x03630233) x4  0x00000000
core   0: 0x800098ba (0x04e47263) bgeu    s0, a4, pc + 68
core   0: 3 0x800098ba (0x04e47263)
core   0: 0x800098be (0x019990b3) sll     ra, s3, s9
core   0: 3 0x800098be (0x019990b3) x1  0x80029d24
core   0: 0x800098c2 (0x00008c45) c.or    s0, s1
core   0: 3 0x800098c2 (0x8c45) x8  0x00000235
core   0: 0x800098c4 (0x03f79933) mulh    s2, a5, t6
core   0: 3 0x800098c4 (0x03f79933) x18 0x00000000
core   0: 0x800098c8 (0x015cecb3) or      s9, s9, s5
core   0: 3 0x800098c8 (0x015cecb3) x25 0x80010c8a
core   0: 0x800098cc (0x00000001) c.nop
core   0: 3 0x800098cc (0x0001)
core   0: 0x800098ce (0x416cd733) sra     a4, s9, s6
core   0: 3 0x800098ce (0x416cd733) x14 0x80010c8a
core   0: 0x800098d2 (0x03b212b3) mulh    t0, tp, s11
core   0: 3 0x800098d2 (0x03b212b3) x5  0x00000000
core   0: 0x800098d6 (0x7329ca93) xori    s5, s3, 1842
core   0: 3 0x800098d6 (0x7329ca93) x21 0x80029a16
core   0: 0x800098da (0x003bae33) slt     t3, s7, gp
core   0: 3 0x800098da (0x003bae33) x28 0x00000000
core   0: 0x800098de (0x90da3c37) lui     s8, 0x90da3
core   0: 3 0x800098de (0x90da3c37) x24 0x90da3000
core   0: 0x800098e2 (0x51572713) slti    a4, a4, 1301
core   0: 3 0x800098e2 (0x51572713) x14 0x00000001
core   0: 0x800098e6 (0x55667013) andi    zero, a2, 1366
core   0: 3 0x800098e6 (0x55667013)
core   0: 0x800098ea (0x0000c08d) c.beqz  s1, pc + 34
core   0: 3 0x800098ea (0xc08d)
core   0: 0x8000990c (0x0000818a) c.mv    gp, sp
core   0: 3 0x8000990c (0x818a) x3  0x096c51ab
core   0: 0x8000990e (0x00008345) c.srli  a4, 17
core   0: 3 0x8000990e (0x8345) x14 0x00000000
core   0: 0x80009910 (0x002bf8b3) and     a7, s7, sp
core   0: 3 0x80009910 (0x002bf8b3) x17 0x092440a3
core   0: 0x80009914 (0x00001698) c.addi4spn a4, sp, 864
core   0: 3 0x80009914 (0x1698) x14 0x096c550b
core   0: 0x80009916 (0x00a8dc93) srli    s9, a7, 10
core   0: 3 0x80009916 (0x00a8dc93) x25 0x00024910
core   0: 0x8000991a (0x00101fb3) sll     t6, zero, ra
core   0: 3 0x8000991a (0x00101fb3) x31 0x00000000
core   0: 0x8000991e (0x034bffb3) remu    t6, s7, s4
core   0: 3 0x8000991e (0x034bffb3) x31 0x0003b81b
core   0: 0x80009922 (0x0277d263) bge     a5, t2, pc + 36
core   0: 3 0x80009922 (0x0277d263)
core   0: 0x80009926 (0x00004cb5) c.li    s9, 13
core   0: 3 0x80009926 (0x4cb5) x25 0x0000000d
core   0: 0x80009928 (0x6c1c2697) auipc   a3, 0x6c1c2
core   0: 3 0x80009928 (0x6c1c2697) x13 0xec1cb928
core   0: 0x8000992c (0x002beb63) bltu    s7, sp, pc + 22
core   0: 3 0x8000992c (0x002beb63)
core   0: 0x80009930 (0x03a8ddb3) divu    s11, a7, s10
core   0: 3 0x80009930 (0x03a8ddb3) x27 0x000eb7f4
core   0: 0x80009934 (0x01d89863) bne     a7, t4, pc + 16
core   0: 3 0x80009934 (0x01d89863)
core   0: 0x80009944 (0x00000001) c.nop
core   0: 3 0x80009944 (0x0001)
core   0: 0x80009946 (0x02b67c33) remu    s8, a2, a1
core   0: 3 0x80009946 (0x02b67c33) x24 0x00000000
core   0: 0x8000994a (0x00009df2) c.add   s11, t3
core   0: 3 0x8000994a (0x9df2) x27 0x000eb7f4
core   0: 0x8000994c (0x41ced313) srai    t1, t4, 28
core   0: 3 0x8000994c (0x41ced313) x6  0x00000000
core   0: 0x80009950 (0x41a8d933) sra     s2, a7, s10
core   0: 3 0x80009950 (0x41a8d933) x18 0x00000000
core   0: 0x80009954 (0x037b4663) blt     s6, s7, pc + 44
core   0: 3 0x80009954 (0x037b4663)
core   0: 0x80009980 (0x55464a13) xori    s4, a2, 1364
core   0: 3 0x80009980 (0x55464a13) x20 0x00000554
core   0: 0x80009984 (0x000011fd) c.addi  gp, -1
core   0: 3 0x80009984 (0x11fd) x3  0x096c51aa
core   0: 0x80009986 (0x00008c69) c.and   s0, a0
core   0: 3 0x80009986 (0x8c69) x8  0x00000000
core   0: 0x80009988 (0x4fe6f413) andi    s0, a3, 1278
core   0: 3 0x80009988 (0x4fe6f413) x8  0x00000028
core   0: 0x8000998c (0x00008f7d) c.and   a4, a5
core   0: 3 0x8000998c (0x8f7d) x14 0x096c550a
core   0: 0x8000998e (0x00e7df63) bge     a5, a4, pc + 30
core   0: 3 0x8000998e (0x00e7df63)
core   0: 0x80009992 (0x03d89eb3) mulh    t4, a7, t4
core   0: 3 0x80009992 (0x03d89eb3) x29 0x00000000
core   0: 0x80009996 (0x00000001) c.nop
core   0: 3 0x80009996 (0x0001)
core   0: 0x80009998 (0x00008d7d) c.and   a0, a5
core   0: 3 0x80009998 (0x8d7d) x10 0x00000000
core   0: 0x8000999a (0xc4a2ee93) ori     t4, t0, -950
core   0: 3 0x8000999a (0xc4a2ee93) x29 0xfffffc4a
core   0: 0x8000999e (0x002f92b3) sll     t0, t6, sp
core   0: 3 0x8000999e (0x002f92b3) x5  0x1dc0d800
core   0: 0x800099a2 (0x000081c1) c.srli  a1, 16
core   0: 3 0x800099a2 (0x81c1) x11 0x0000fd2f
core   0: 0x800099a4 (0x06a8a413) slti    s0, a7, 106
core   0: 3 0x800099a4 (0x06a8a413) x8  0x00000000
core   0: 0x800099a8 (0x03357633) remu    a2, a0, s3
core   0: 3 0x800099a8 (0x03357633) x12 0x00000000
core   0: 0x800099ac (0x03d12233) mulhsu  tp, sp, t4
core   0: 3 0x800099ac (0x03d12233) x4  0x096c5188
core   0: 0x800099b0 (0x05e3f063) bgeu    t2, t5, pc + 64
core   0: 3 0x800099b0 (0x05e3f063)
core   0: 0x800099b4 (0x0000717d) c.addi16sp sp, -16
core   0: 3 0x800099b4 (0x717d) x2  0x096c519b
core   0: 0x800099b6 (0x00000001) c.nop
core   0: 3 0x800099b6 (0x0001)
core   0: 0x800099b8 (0x004cd633) srl     a2, s9, tp
core   0: 3 0x800099b8 (0x004cd633) x12 0x00000000
core   0: 0x800099bc (0x02a40e63) beq     s0, a0, pc + 60
core   0: 3 0x800099bc (0x02a40e63)
core   0: 0x800099f8 (0x02d642b3) div     t0, a2, a3
core   0: 3 0x800099f8 (0x02d642b3) x5  0x00000000
core   0: 0x800099fc (0x0000717d) c.addi16sp sp, -16
core   0: 3 0x800099fc (0x717d) x2  0x096c518b
core   0: 0x800099fe (0x00f4dd13) srli    s10, s1, 15
core   0: 3 0x800099fe (0x00f4dd13) x26 0x00000000
core   0: 0x80009a02 (0xee967e93) andi    t4, a2, -279
core   0: 3 0x80009a02 (0xee967e93) x29 0x00000000
core   0: 0x80009a06 (0xa34d8293) addi    t0, s11, -1484
core   0: 3 0x80009a06 (0xa34d8293) x5  0x000eb228
core   0: 0x80009a0a (0x014e21b3) slt     gp, t3, s4
core   0: 3 0x80009a0a (0x014e21b3) x3  0x00000001
core   0: 0x80009a0e (0xe52d0e93) addi    t4, s10, -430
core   0: 3 0x80009a0e (0xe52d0e93) x29 0xfffffe52
core   0: 0x80009a12 (0x02e211b3) mulh    gp, tp, a4
core   0: 3 0x80009a12 (0x02e211b3) x3  0x0058cbb1
core   0: 0x80009a16 (0x000082a9) c.srli  a3, 10
core   0: 3 0x80009a16 (0x82a9) x13 0x003b072e
core   0: 0x80009a18 (0x00785d33) srl     s10, a6, t2
core   0: 3 0x80009a18 (0x00785d33) x26 0x005b4bc1
core   0: 0x80009a1c (0x00008209) c.srli  a2, 2
core   0: 3 0x80009a1c (0x8209) x12 0x00000000
core   0: 0x80009a1e (0x77153413) sltiu   s0, a0, 1905
core   0: 3 0x80009a1e (0x77153413) x8  0x00000001
core   0: 0x80009a22 (0x00000001) c.nop
core   0: 3 0x80009a22 (0x0001)
core   0: 0x80009a24 (0x00008c69) c.and   s0, a0
core   0: 3 0x80009a24 (0x8c69) x8  0x00000000
core   0: 0x80009a26 (0x0307f6b3) remu    a3, a5, a6
core   0: 3 0x80009a26 (0x0307f6b3) x13 0x49687a3e
core   0: 0x80009a2a (0x00008226) c.mv    tp, s1
core   0: 3 0x80009a2a (0x8226) x4  0x00000000
core   0: 0x80009a2c (0x00d47fb3) and     t6, s0, a3
core   0: 3 0x80009a2c (0x00d47fb3) x31 0x00000000
core   0: 0x80009a30 (0x0088d133) srl     sp, a7, s0
core   0: 3 0x80009a30 (0x0088d133) x2  0x092440a3
core   0: 0x80009a34 (0x00005cfd) c.li    s9, -1
core   0: 3 0x80009a34 (0x5cfd) x25 0xffffffff
core   0: 0x80009a36 (0x00eea7b3) slt     a5, t4, a4
core   0: 3 0x80009a36 (0x00eea7b3) x15 0x00000001
core   0: 0x80009a3a (0x41ac5db3) sra     s11, s8, s10
core   0: 3 0x80009a3a (0x41ac5db3) x27 0x00000000
core   0: 0x80009a3e (0x0231dd33) divu    s10, gp, gp
core   0: 3 0x80009a3e (0x0231dd33) x26 0x00000001
core   0: 0x80009a42 (0x005f6963) bltu    t5, t0, pc + 18
core   0: 3 0x80009a42 (0x005f6963)
core   0: 0x80009a46 (0x55e1c913) xori    s2, gp, 1374
core   0: 3 0x80009a46 (0x55e1c913) x18 0x0058ceef
core   0: 0x80009a4a (0x01e73fb3) sltu    t6, a4, t5
core   0: 3 0x80009a4a (0x01e73fb3) x31 0x00000001
core   0: 0x80009a4e (0x004a4933) xor     s2, s4, tp
core   0: 3 0x80009a4e (0x004a4933) x18 0x00000554
core   0: 0x80009a52 (0x00006b29) c.lui   s6, 0xa
core   0: 3 0x80009a52 (0x6b29) x22 0x0000a000
core   0: 0x80009a54 (0x00000001) c.nop
core   0: 3 0x80009a54 (0x0001)
core   0: 0x80009a56 (0x31977b93) andi    s7, a4, 793
core   0: 3 0x80009a56 (0x31977b93) x23 0x00000108
core   0: 0x80009a5a (0x2da6b197) auipc   gp, 0x2da6b
core   0: 3 0x80009a5a (0x2da6b197) x3  0xada74a5a
core   0: 0x80009a5e (0x00000001) c.nop
core   0: 3 0x80009a5e (0x0001)
core   0: 0x80009a60 (0x024e1f63) bne     t3, tp, pc + 62
core   0: 3 0x80009a60 (0x024e1f63)
core   0: 0x80009a64 (0x56cf0f93) addi    t6, t5, 1388
core   0: 3 0x80009a64 (0x56cf0f93) x31 0x800263a0
core   0: 0x80009a68 (0x0d9c7893) andi    a7, s8, 217
core   0: 3 0x80009a68 (0x0d9c7893) x17 0x00000000
core   0: 0x80009a6c (0xa456c193) xori    gp, a3, -1467
core   0: 3 0x80009a6c (0xa456c193) x3  0xb697807b
core   0: 0x80009a70 (0x02664d33) div     s10, a2, t1
core   0: 3 0x80009a70 (0x02664d33) x26 0xffffffff
core   0: 0x80009a74 (0x0014db63) bge     s1, ra, pc + 22
core   0: 3 0x80009a74 (0x0014db63)
core   0: 0x80009a8a (0x00efefb3) or      t6, t6, a4
core   0: 3 0x80009a8a (0x00efefb3) x31 0x896e77aa
core   0: 0x80009a8e (0x00000001) c.nop
core   0: 3 0x80009a8e (0x0001)
core   0: 0x80009a90 (0x025a6b63) bltu    s4, t0, pc + 54
core   0: 3 0x80009a90 (0x025a6b63)
core   0: 0x80009ac6 (0x01048c63) beq     s1, a6, pc + 24
core   0: 3 0x80009ac6 (0x01048c63)
core   0: 0x80009aca (0x0000997d) c.andi  a0, -1
core   0: 3 0x80009aca (0x997d) x10 0x00000000
core   0: 0x80009acc (0x00008ca5) c.xor   s1, s1
core   0: 3 0x80009acc (0x8ca5) x9  0x00000000
core   0: 0x80009ace (0x0000865a) c.mv    a2, s6
core   0: 3 0x80009ace (0x865a) x12 0x0000a000
core   0: 0x80009ad0 (0x020b2d33) mulhsu  s10, s6, zero
core   0: 3 0x80009ad0 (0x020b2d33) x26 0x00000000
core   0: 0x80009ad4 (0x00008bba) c.mv    s7, a4
core   0: 3 0x80009ad4 (0x8bba) x23 0x096c550a
core   0: 0x80009ad6 (0x00006d19) c.lui   s10, 0x6
core   0: 3 0x80009ad6 (0x6d19) x26 0x00006000
core   0: 0x80009ad8 (0xc3137e93) andi    t4, t1, -975
core   0: 3 0x80009ad8 (0xc3137e93) x29 0x00000000
core   0: 0x80009adc (0x000080b1) c.srli  s1, 12
core   0: 3 0x80009adc (0x80b1) x9  0x00000000
core   0: 0x80009ade (0x03330763) beq     t1, s3, pc + 46
core   0: 3 0x80009ade (0x03330763)
core   0: 0x80009ae2 (0x00000310) c.addi4spn a2, sp, 384
core   0: 3 0x80009ae2 (0x0310) x12 0x09244223
core   0: 0x80009ae4 (0x00006361) c.lui   t1, 0x18
core   0: 3 0x80009ae4 (0x6361) x6  0x00018000
core   0: 0x80009ae6 (0x012c9e33) sll     t3, s9, s2
core   0: 3 0x80009ae6 (0x012c9e33) x28 0xfff00000
core   0: 0x80009aea (0x0000ed85) c.bnez  a1, pc + 56
core   0: 3 0x80009aea (0xed85)
core   0: 0x80009b22 (0x034d70b3) remu    ra, s10, s4
core   0: 3 0x80009b22 (0x034d70b3) x1  0x00000018
core   0: 0x80009b26 (0x00001dfd) c.addi  s11, -1
core   0: 3 0x80009b26 (0x1dfd) x27 0xffffffff
core   0: 0x80009b28 (0x4b84b697) auipc   a3, 0x4b84b
core   0: 3 0x80009b28 (0x4b84b697) x13 0xcb854b28
core   0: 0x80009b2c (0x000ed713) srli    a4, t4, 0
core   0: 3 0x80009b2c (0x000ed713) x14 0x00000000
core   0: 0x80009b30 (0x91728713) addi    a4, t0, -1769
core   0: 3 0x80009b30 (0x91728713) x14 0x000eab3f
core   0: 0x80009b34 (0x00005d7d) c.li    s10, -1
core   0: 3 0x80009b34 (0x5d7d) x26 0xffffffff
core   0: 0x80009b36 (0x82bdee93) ori     t4, s11, -2005
core   0: 3 0x80009b36 (0x82bdee93) x29 0xffffffff
core   0: 0x80009b3a (0x70476d93) ori     s11, a4, 1796
core   0: 3 0x80009b3a (0x70476d93) x27 0x000eaf3f
core   0: 0x80009b3e (0x02daa033) mulhsu  zero, s5, a3
core   0: 3 0x80009b3e (0x02daa033)
core   0: 0x80009b42 (0x00749733) sll     a4, s1, t2
core   0: 3 0x80009b42 (0x00749733) x14 0x00000000
core   0: 0x80009b46 (0x000082d1) c.srli  a3, 20
core   0: 3 0x80009b46 (0x82d1) x13 0x00000cb8
core   0: 0x80009b48 (0x893e0f93) addi    t6, t3, -1901
core   0: 3 0x80009b48 (0x893e0f93) x31 0xffeff893
core   0: 0x80009b4c (0x03ab7b63) bgeu    s6, s10, pc + 54
core   0: 3 0x80009b4c (0x03ab7b63)
core   0: 0x80009b50 (0x00008ef5) c.and   a3, a3
core   0: 3 0x80009b50 (0x8ef5) x13 0x00000cb8
core   0: 0x80009b52 (0x00000001) c.nop
core   0: 3 0x80009b52 (0x0001)
core   0: 0x80009b54 (0x00008c01) c.sub   s0, s0
core   0: 3 0x80009b54 (0x8c01) x8  0x00000000
core   0: 0x80009b56 (0x00009cd6) c.add   s9, s5
core   0: 3 0x80009b56 (0x9cd6) x25 0x80029a15
core   0: 0x80009b58 (0x00774db3) xor     s11, a4, t2
core   0: 3 0x80009b58 (0x00774db3) x27 0x00000008
core   0: 0x80009b5c (0x03ceb033) mulhu   zero, t4, t3
core   0: 3 0x80009b5c (0x03ceb033)
core   0: 0x80009b60 (0x027b17b3) mulh    a5, s6, t2
core   0: 3 0x80009b60 (0x027b17b3) x15 0x00000000
core   0: 0x80009b64 (0x40afd913) srai    s2, t6, 10
core   0: 3 0x80009b64 (0x40afd913) x18 0xfffffbfe
core   0: 0x80009b68 (0x4029da93) srai    s5, s3, 2
core   0: 3 0x80009b68 (0x4029da93) x21 0xe000a749
core   0: 0x80009b6c (0x0147d0b3) srl     ra, a5, s4
core   0: 3 0x80009b6c (0x0147d0b3) x1  0x00000000
core   0: 0x80009b70 (0x0199c563) blt     s3, s9, pc + 10
core   0: 3 0x80009b70 (0x0199c563)
core   0: 0x80009b74 (0x00008cd9) c.or    s1, a4
core   0: 3 0x80009b74 (0x8cd9) x9  0x00000000
core   0: 0x80009b76 (0x28e17917) auipc   s2, 0x28e17
core   0: 3 0x80009b76 (0x28e17917) x18 0xa8e20b76
core   0: 0x80009b7a (0x40285893) srai    a7, a6, 2
core   0: 3 0x80009b7a (0x40285893) x17 0x16d2f071
core   0: 0x80009b7e (0x0000717d) c.addi16sp sp, -16
core   0: 3 0x80009b7e (0x717d) x2  0x09244093
core   0: 0x80009b80 (0x0000cf89) c.beqz  a5, pc + 26
core   0: 3 0x80009b80 (0xcf89)
core   0: 0x80009b9a (0x00cea2b3) slt     t0, t4, a2
core   0: 3 0x80009b9a (0x00cea2b3) x5  0x00000001
core   0: 0x80009b9e (0x00008c99) c.sub   s1, a4
core   0: 3 0x80009b9e (0x8c99) x9  0x00000000
core   0: 0x80009ba0 (0x01e09263) bne     ra, t5, pc + 4
core   0: 3 0x80009ba0 (0x01e09263)
core   0: 0x80009ba4 (0x00005efd) c.li    t4, -1
core   0: 3 0x80009ba4 (0x5efd) x29 0xffffffff
core   0: 0x80009ba6 (0x0144c233) xor     tp, s1, s4
core   0: 3 0x80009ba6 (0x0144c233) x4  0x00000554
core   0: 0x80009baa (0x027b7633) remu    a2, s6, t2
core   0: 3 0x80009baa (0x027b7633) x12 0x00000000
core   0: 0x80009bae (0x018675b3) and     a1, a2, s8
core   0: 3 0x80009bae (0x018675b3) x11 0x00000000
core   0: 0x80009bb2 (0x0117ba33) sltu    s4, a5, a7
core   0: 3 0x80009bb2 (0x0117ba33) x20 0x00000001
core   0: 0x80009bb6 (0x0000e015) c.bnez  s0, pc + 36
core   0: 3 0x80009bb6 (0xe015)
core   0: 0x80009bb8 (0x00000e7e) c.slli  t3, 31
core   0: 3 0x80009bb8 (0x0e7e) x28 0x00000000
core   0: 0x80009bba (0x02e3d663) bge     t2, a4, pc + 44
core   0: 3 0x80009bba (0x02e3d663)
core   0: 0x80009be6 (0x05310363) beq     sp, s3, pc + 70
core   0: 3 0x80009be6 (0x05310363)
core   0: 0x80009bea (0x00008dc1) c.or    a1, s0
core   0: 3 0x80009bea (0x8dc1) x11 0x00000000
core   0: 0x80009bec (0x02e5c1b3) div     gp, a1, a4
core   0: 3 0x80009bec (0x02e5c1b3) x3  0xffffffff
core   0: 0x80009bf0 (0x5ae22413) slti    s0, tp, 1454
core   0: 3 0x80009bf0 (0x5ae22413) x8  0x00000001
core   0: 0x80009bf4 (0x9cd62b13) slti    s6, a2, -1587
core   0: 3 0x80009bf4 (0x9cd62b13) x22 0x00000000
core   0: 0x80009bf8 (0x01fd4bb3) xor     s7, s10, t6
core   0: 3 0x80009bf8 (0x01fd4bb3) x23 0x0010076c
core   0: 0x80009bfc (0x0136db33) srl     s6, a3, s3
core   0: 3 0x80009bfc (0x0136db33) x22 0x000000cb
core   0: 0x80009c00 (0x372aa913) slti    s2, s5, 882
core   0: 3 0x80009c00 (0x372aa913) x18 0x00000001
core   0: 0x80009c04 (0x00006935) c.lui   s2, 0xd
core   0: 3 0x80009c04 (0x6935) x18 0x0000d000
core   0: 0x80009c06 (0x012aeb33) or      s6, s5, s2
core   0: 3 0x80009c06 (0x012aeb33) x22 0xe000f749
core   0: 0x80009c0a (0x01f39eb3) sll     t4, t2, t6
core   0: 3 0x80009c0a (0x01f39eb3) x29 0x00400000
core   0: 0x80009c0e (0x00006ee1) c.lui   t4, 0x18
core   0: 3 0x80009c0e (0x6ee1) x29 0x00018000
core   0: 0x80009c10 (0x5f707a93) andi    s5, zero, 1527
core   0: 3 0x80009c10 (0x5f707a93) x21 0x00000000
core   0: 0x80009c14 (0x03388b33) mul     s6, a7, s3
core   0: 3 0x80009c14 (0x03388b33) x22 0xf4011ce4
core   0: 0x80009c18 (0x036e94b3) mulh    s1, t4, s6
core   0: 3 0x80009c18 (0x036e94b3) x9  0xffffee01
core   0: 0x80009c1c (0x035def63) bltu    s11, s5, pc + 62
core   0: 3 0x80009c1c (0x035def63)
core   0: 0x80009c20 (0xcf9aa493) slti    s1, s5, -775
core   0: 3 0x80009c20 (0xcf9aa493) x9  0x00000000
core   0: 0x80009c24 (0x01b9ef63) bltu    s3, s11, pc + 30
core   0: 3 0x80009c24 (0x01b9ef63)
core   0: 0x80009c28 (0x0272c233) div     tp, t0, t2
core   0: 3 0x80009c28 (0x0272c233) x4  0x00000000
core   0: 0x80009c2c (0x00001090) c.addi4spn a2, sp, 96
core   0: 3 0x80009c2c (0x1090) x12 0x092440f3
core   0: 0x80009c2e (0xc65be593) ori     a1, s7, -923
core   0: 3 0x80009c2e (0xc65be593) x11 0xffffff6d
core   0: 0x80009c32 (0x00e596b3) sll     a3, a1, a4
core   0: 3 0x80009c32 (0x00e596b3) x13 0xffffff6d
core   0: 0x80009c36 (0x00008fc5) c.or    a5, s1
core   0: 3 0x80009c36 (0x8fc5) x15 0x00000000
core   0: 0x80009c38 (0x00008639) c.srai  a2, 14
core   0: 3 0x80009c38 (0x8639) x12 0x00002491
core   0: 0x80009c3a (0x00000e15) c.addi  t3, 5
core   0: 3 0x80009c3a (0x0e15) x28 0x00000005
core   0: 0x80009c3c (0x35d1ec13) ori     s8, gp, 861
core   0: 3 0x80009c3c (0x35d1ec13) x24 0xffffffff
core   0: 0x80009c40 (0x00000a06) c.slli  s4, 1
core   0: 3 0x80009c40 (0x0a06) x20 0x00000002
core   0: 0x80009c42 (0x035aa933) mulhsu  s2, s5, s5
core   0: 3 0x80009c42 (0x035aa933) x18 0x00000000
core   0: 0x80009c46 (0x00000001) c.nop
core   0: 3 0x80009c46 (0x0001)
core   0: 0x80009c48 (0x00031863) bnez    t1, pc + 16
core   0: 3 0x80009c48 (0x00031863)
core   0: 0x80009c58 (0x00006d11) c.lui   s10, 0x4
core   0: 3 0x80009c58 (0x6d11) x26 0x00004000
core   0: 0x80009c5a (0xd27b2cb7) lui     s9, 0xd27b2
core   0: 3 0x80009c5a (0xd27b2cb7) x25 0xd27b2000
core   0: 0x80009c5e (0x0282ca33) div     s4, t0, s0
core   0: 3 0x80009c5e (0x0282ca33) x20 0x00000001
core   0: 0x80009c62 (0x0253b433) mulhu   s0, t2, t0
core   0: 3 0x80009c62 (0x0253b433) x8  0x00000000
core   0: 0x80009c66 (0x01b065b3) or      a1, zero, s11
core   0: 3 0x80009c66 (0x01b065b3) x11 0x00000008
core   0: 0x80009c6a (0x0324a7b3) mulhsu  a5, s1, s2
core   0: 3 0x80009c6a (0x0324a7b3) x15 0x00000000
core   0: 0x80009c6e (0x009178b3) and     a7, sp, s1
core   0: 3 0x80009c6e (0x009178b3) x17 0x00000000
core   0: 0x80009c72 (0x00008de9) c.and   a1, a0
core   0: 3 0x80009c72 (0x8de9) x11 0x00000000
core   0: 0x80009c74 (0x00006149) c.addi16sp sp, 144
core   0: 3 0x80009c74 (0x6149) x2  0x09244123
core   0: 0x80009c76 (0x00008de9) c.and   a1, a0
core   0: 3 0x80009c76 (0x8de9) x11 0x00000000
core   0: 0x80009c78 (0x4080dd93) srai    s11, ra, 8
core   0: 3 0x80009c78 (0x4080dd93) x27 0x00000000
core   0: 0x80009c7c (0x00eec7b3) xor     a5, t4, a4
core   0: 3 0x80009c7c (0x00eec7b3) x15 0x00018000
core   0: 0x80009c80 (0x03541663) bne     s0, s5, pc + 44
core   0: 3 0x80009c80 (0x03541663)
core   0: 0x80009c84 (0xf2b50893) addi    a7, a0, -213
core   0: 3 0x80009c84 (0xf2b50893) x17 0xffffff2b
core   0: 0x80009c88 (0xde20c793) xori    a5, ra, -542
core   0: 3 0x80009c88 (0xde20c793) x15 0xfffffde2
core   0: 0x80009c8c (0xe4d68917) auipc   s2, 0xe4d68
core   0: 3 0x80009c8c (0xe4d68917) x18 0x64d71c8c
core   0: 0x80009c90 (0x02204a63) blt     zero, sp, pc + 52
core   0: 3 0x80009c90 (0x02204a63)
core   0: 0x80009cc4 (0x014187b3) add     a5, gp, s4
core   0: 3 0x80009cc4 (0x014187b3) x15 0x00000000
core   0: 0x80009cc8 (0x00006909) c.lui   s2, 0x2
core   0: 3 0x80009cc8 (0x6909) x18 0x00002000
core   0: 0x80009cca (0x00008499) c.srai  s1, 6
core   0: 3 0x80009cca (0x8499) x9  0x00000000
core   0: 0x80009ccc (0x0000717d) c.addi16sp sp, -16
core   0: 3 0x80009ccc (0x717d) x2  0x09244113
core   0: 0x80009cce (0xd09aee13) ori     t3, s5, -759
core   0: 3 0x80009cce (0xd09aee13) x28 0xfffffd09
core   0: 0x80009cd2 (0x0108ebb3) or      s7, a7, a6
core   0: 3 0x80009cd2 (0x0108ebb3) x23 0xffffffef
core   0: 0x80009cd6 (0x00d65a33) srl     s4, a2, a3
core   0: 3 0x80009cd6 (0x00d65a33) x20 0x00000001
core   0: 0x80009cda (0xc1523db7) lui     s11, 0xc1523
core   0: 3 0x80009cda (0xc1523db7) x27 0xc1523000
core   0: 0x80009cde (0xd9448493) addi    s1, s1, -620
core   0: 3 0x80009cde (0xd9448493) x9  0xfffffd94
core   0: 0x80009ce2 (0x00008766) c.mv    a4, s9
core   0: 3 0x80009ce2 (0x8766) x14 0xd27b2000
core   0: 0x80009ce4 (0x001066b3) or      a3, zero, ra
core   0: 3 0x80009ce4 (0x001066b3) x13 0x00000000
core   0: 0x80009ce8 (0x90cb8193) addi    gp, s7, -1780
core   0: 3 0x80009ce8 (0x90cb8193) x3  0xfffff8fb
core   0: 0x80009cec (0x00008f31) c.xor   a4, a2
core   0: 3 0x80009cec (0x8f31) x14 0xd27b0491
core   0: 0x80009cee (0x02249633) mulh    a2, s1, sp
core   0: 3 0x80009cee (0x02249633) x12 0xffffffe9
core   0: 0x80009cf2 (0x00630f63) beq     t1, t1, pc + 30
core   0: 3 0x80009cf2 (0x00630f63)
core   0: 0x80009d10 (0x02851263) bne     a0, s0, pc + 36
core   0: 3 0x80009d10 (0x02851263)
core   0: 0x80009d14 (0x00008ee1) c.and   a3, s0
core   0: 3 0x80009d14 (0x8ee1) x13 0x00000000
core   0: 0x80009d16 (0x03f7eb63) bltu    a5, t6, pc + 54
core   0: 3 0x80009d16 (0x03f7eb63)
core   0: 0x80009d4c (0x01cfb5b3) sltu    a1, t6, t3
core   0: 3 0x80009d4c (0x01cfb5b3) x11 0x00000001
core   0: 0x80009d50 (0x00029d93) slli    s11, t0, 0
core   0: 3 0x80009d50 (0x00029d93) x27 0x00000001
core   0: 0x80009d54 (0x01ad1563) bne     s10, s10, pc + 10
core   0: 3 0x80009d54 (0x01ad1563)
core   0: 0x80009d58 (0x0000c80d) c.beqz  s0, pc + 50
core   0: 3 0x80009d58 (0xc80d)
core   0: 0x80009d8a (0x01dd98b3) sll     a7, s11, t4
core   0: 3 0x80009d8a (0x01dd98b3) x17 0x00000001
core   0: 0x80009d8e (0x9aee3337) lui     t1, 0x9aee3
core   0: 3 0x80009d8e (0x9aee3337) x6  0x9aee3000
core   0: 0x80009d92 (0x923b3113) sltiu   sp, s6, -1757
core   0: 3 0x80009d92 (0x923b3113) x2  0x00000001
core   0: 0x80009d96 (0x00ced663) bge     t4, a2, pc + 12
core   0: 3 0x80009d96 (0x00ced663)
core   0: 0x80009da2 (0x10e1e093) ori     ra, gp, 270
core   0: 3 0x80009da2 (0x10e1e093) x1  0xfffff9ff
core   0: 0x80009da6 (0xbb4bab93) slti    s7, s7, -1100
core   0: 3 0x80009da6 (0xbb4bab93) x23 0x00000000
core   0: 0x80009daa (0x0349bd33) mulhu   s10, s3, s4
core   0: 3 0x80009daa (0x0349bd33) x26 0x00000000
core   0: 0x80009dae (0x41b655b3) sra     a1, a2, s11
core   0: 3 0x80009dae (0x41b655b3) x11 0xfffffff4
core   0: 0x80009db2 (0x0000987d) c.andi  s0, -1
core   0: 3 0x80009db2 (0x987d) x8  0x00000000
core   0: 0x80009db4 (0xdc972913) slti    s2, a4, -567
core   0: 3 0x80009db4 (0xdc972913) x18 0x00000001
core   0: 0x80009db8 (0x01a05a33) srl     s4, zero, s10
core   0: 3 0x80009db8 (0x01a05a33) x20 0x00000000
core   0: 0x80009dbc (0x40c85893) srai    a7, a6, 12
core   0: 3 0x80009dbc (0x40c85893) x17 0x0005b4bc
core   0: 0x80009dc0 (0x3a172d93) slti    s11, a4, 929
core   0: 3 0x80009dc0 (0x3a172d93) x27 0x00000001
core   0: 0x80009dc4 (0x032291b3) mulh    gp, t0, s2
core   0: 3 0x80009dc4 (0x032291b3) x3  0x00000000
core   0: 0x80009dc8 (0x01f81193) slli    gp, a6, 31
core   0: 3 0x80009dc8 (0x01f81193) x3  0x00000000
core   0: 0x80009dcc (0x00000001) c.nop
core   0: 3 0x80009dcc (0x0001)
core   0: 0x80009dce (0x015093b3) sll     t2, ra, s5
core   0: 3 0x80009dce (0x015093b3) x7  0xfffff9ff
core   0: 0x80009dd2 (0x000096a6) c.add   a3, s1
core   0: 3 0x80009dd2 (0x96a6) x13 0xfffffd94
core   0: 0x80009dd4 (0x34e49fb7) lui     t6, 0x34e49
core   0: 3 0x80009dd4 (0x34e49fb7) x31 0x34e49000
core   0: 0x80009dd8 (0x7a26ed93) ori     s11, a3, 1954
core   0: 3 0x80009dd8 (0x7a26ed93) x27 0xffffffb6
core   0: 0x80009ddc (0x40c402b3) sub     t0, s0, a2
core   0: 3 0x80009ddc (0x40c402b3) x5  0x00000017
core   0: 0x80009de0 (0x000001d5) c.addi  gp, 21
core   0: 3 0x80009de0 (0x01d5) x3  0x00000015
core   0: 0x80009de2 (0x00008fd5) c.or    a5, a3
core   0: 3 0x80009de2 (0x8fd5) x15 0xfffffd94
core   0: 0x80009de4 (0x0000cc59) c.beqz  s0, pc + 158
core   0: 3 0x80009de4 (0xcc59)
core   0: 0x80009e82 (0x031e9d63) bne     t4, a7, pc + 58
core   0: 3 0x80009e82 (0x031e9d63)
core   0: 0x80009ebc (0x03fc53b3) divu    t2, s8, t6
core   0: 3 0x80009ebc (0x03fc53b3) x7  0x00000004
core   0: 0x80009ec0 (0x03c9b1b3) mulhu   gp, s3, t3
core   0: 3 0x80009ec0 (0x03c9b1b3) x3  0x80029ba8
core   0: 0x80009ec4 (0x00000001) c.nop
core   0: 3 0x80009ec4 (0x0001)
core   0: 0x80009ec6 (0x00be1193) slli    gp, t3, 11
core   0: 3 0x80009ec6 (0x00be1193) x3  0xffe84800
core   0: 0x80009eca (0x039867b3) rem     a5, a6, s9
core   0: 3 0x80009eca (0x039867b3) x15 0x004201c6
core   0: 0x80009ece (0x0000ca09) c.beqz  a2, pc + 18
core   0: 3 0x80009ece (0xca09)
core   0: 0x80009ed0 (0x00000b32) c.slli  s6, 12
core   0: 3 0x80009ed0 (0x0b32) x22 0x11ce4000
core   0: 0x80009ed2 (0x038848b3) div     a7, a6, s8
core   0: 3 0x80009ed2 (0x038848b3) x17 0xa4b43e3a
core   0: 0x80009ed6 (0x039dac33) mulhsu  s8, s11, s9
core   0: 3 0x80009ed6 (0x039dac33) x24 0xffffffc3
core   0: 0x80009eda (0x0054ea33) or      s4, s1, t0
core   0: 3 0x80009eda (0x0054ea33) x20 0xfffffd97
core   0: 0x80009ede (0x0000ee05) c.bnez  a2, pc + 56
core   0: 3 0x80009ede (0xee05)
core   0: 0x80009f16 (0x77ca4593) xori    a1, s4, 1916
core   0: 3 0x80009f16 (0x77ca4593) x11 0xfffffaeb
core   0: 0x80009f1a (0x01d01e63) bne     zero, t4, pc + 28
core   0: 3 0x80009f1a (0x01d01e63)
core   0: 0x80009f36 (0xc85c1737) lui     a4, 0xc85c1
core   0: 3 0x80009f36 (0xc85c1737) x14 0xc85c1000
core   0: 0x80009f3a (0x016dd963) bge     s11, s6, pc + 18
core   0: 3 0x80009f3a (0x016dd963)
core   0: 0x80009f3e (0x6c2fc513) xori    a0, t6, 1730
core   0: 3 0x80009f3e (0x6c2fc513) x10 0x34e496c2
core   0: 0x80009f42 (0xf8f86a13) ori     s4, a6, -113
core   0: 3 0x80009f42 (0xf8f86a13) x20 0xffffffcf
core   0: 0x80009f46 (0x00000001) c.nop
core   0: 3 0x80009f46 (0x0001)
core   0: 0x80009f48 (0x04fef063) bgeu    t4, a5, pc + 64
core   0: 3 0x80009f48 (0x04fef063)
core   0: 0x80009f4c (0x4172d693) srai    a3, t0, 23
core   0: 3 0x80009f4c (0x4172d693) x13 0x00000000
core   0: 0x80009f50 (0x00006219) c.lui   tp, 0x6
core   0: 3 0x80009f50 (0x6219) x4  0x00006000
core   0: 0x80009f52 (0x00008cb9) c.xor   s1, a4
core   0: 3 0x80009f52 (0x8cb9) x9  0x37a3ed94
core   0: 0x80009f54 (0x01831593) slli    a1, t1, 24
core   0: 3 0x80009f54 (0x01831593) x11 0x00000000
core   0: 0x80009f58 (0x3046f893) andi    a7, a3, 772
core   0: 3 0x80009f58 (0x3046f893) x17 0x00000000
core   0: 0x80009f5c (0x00e69893) slli    a7, a3, 14
core   0: 3 0x80009f5c (0x00e69893) x17 0x00000000
core   0: 0x80009f60 (0x000091c6) c.add   gp, a7
core   0: 3 0x80009f60 (0x91c6) x3  0xffe84800
core   0: 0x80009f62 (0x0310a8b3) mulhsu  a7, ra, a7
core   0: 3 0x80009f62 (0x0310a8b3) x17 0x00000000
core   0: 0x80009f66 (0x408dd933) sra     s2, s11, s0
core   0: 3 0x80009f66 (0x408dd933) x18 0xffffffb6
core   0: 0x80009f6a (0x01a4abb3) slt     s7, s1, s10
core   0: 3 0x80009f6a (0x01a4abb3) x23 0x00000000
core   0: 0x80009f6e (0x00008e79) c.and   a2, a4
core   0: 3 0x80009f6e (0x8e79) x12 0xc85c1000
core   0: 0x80009f70 (0x031ad6b3) divu    a3, s5, a7
core   0: 3 0x80009f70 (0x031ad6b3) x13 0xffffffff
core   0: 0x80009f74 (0x005d2233) slt     tp, s10, t0
core   0: 3 0x80009f74 (0x005d2233) x4  0x00000001
core   0: 0x80009f78 (0x41a0ca13) xori    s4, ra, 1050
core   0: 3 0x80009f78 (0x41a0ca13) x20 0xfffffde5
core   0: 0x80009f7c (0x01f26e33) or      t3, tp, t6
core   0: 3 0x80009f7c (0x01f26e33) x28 0x34e49001
core   0: 0x80009f80 (0x01355033) srl     zero, a0, s3
core   0: 3 0x80009f80 (0x01355033)
core   0: 0x80009f84 (0x40cfd7b3) sra     a5, t6, a2
core   0: 3 0x80009f84 (0x40cfd7b3) x15 0x34e49000
core   0: 0x80009f88 (0x401bdf93) srai    t6, s7, 1
core   0: 3 0x80009f88 (0x401bdf93) x31 0x00000000
core   0: 0x80009f8c (0x02f1e8b3) rem     a7, gp, a5
core   0: 3 0x80009f8c (0x02f1e8b3) x17 0xffe84800
core   0: 0x80009f90 (0x0156e563) bltu    a3, s5, pc + 10
core   0: 3 0x80009f90 (0x0156e563)
core   0: 0x80009f94 (0x00008fa1) c.xor   a5, s0
core   0: 3 0x80009f94 (0x8fa1) x15 0x34e49000
core   0: 0x80009f96 (0x02a40a33) mul     s4, s0, a0
core   0: 3 0x80009f96 (0x02a40a33) x20 0x00000000
core   0: 0x80009f9a (0x41fad413) srai    s0, s5, 31
core   0: 3 0x80009f9a (0x41fad413) x8  0x00000000
core   0: 0x80009f9e (0x40445893) srai    a7, s0, 4
core   0: 3 0x80009f9e (0x40445893) x17 0x00000000
core   0: 0x80009fa2 (0x004f2303) lw      t1, 4(t5)
core   0: 3 0x80009fa2 (0x004f2303) x6  0x8000a380 mem 0x80025e38
core   0: 0x80009fa6 (0x414e0033) sub     zero, t3, s4
core   0: 3 0x80009fa6 (0x414e0033)
core   0: 0x80009faa (0x028f0f13) addi    t5, t5, 40
core   0: 3 0x80009faa (0x028f0f13) x30 0x80025e5c
core   0: 0x80009fae (0x8a687513) andi    a0, a6, -1882
core   0: 3 0x80009fae (0x8a687513) x10 0x5b4bc086
core   0: 0x80009fb2 (0x00001cfd) c.addi  s9, -1
core   0: 3 0x80009fb2 (0x1cfd) x25 0xd27b1fff
core   0: 0x80009fb4 (0x00130293) addi    t0, t1, 1
core   0: 3 0x80009fb4 (0x00130293) x5  0x8000a381
core   0: 0x80009fb8 (0x00009282) c.jalr  t0
core   0: 3 0x80009fb8 (0x9282) x1  0x80009fba
core   0: 0x8000a380 (0x0247aa33) mulhsu  s4, a5, tp
core   0: 3 0x8000a380 (0x0247aa33) x20 0x00000000
core   0: 0x8000a384 (0x00f1d693) srli    a3, gp, 15
core   0: 3 0x8000a384 (0x00f1d693) x13 0x0001ffd0
core   0: 0x8000a388 (0x01900d63) beq     zero, s9, pc + 26
core   0: 3 0x8000a388 (0x01900d63)
core   0: 0x8000a38c (0x00000eda) c.slli  t4, 22
core   0: 3 0x8000a38c (0x0eda) x29 0x00000000
core   0: 0x8000a38e (0x020cbc33) mulhu   s8, s9, zero
core   0: 3 0x8000a38e (0x020cbc33) x24 0x00000000
core   0: 0x8000a392 (0x0000818e) c.mv    gp, gp
core   0: 3 0x8000a392 (0x818e) x3  0xffe84800
core   0: 0x8000a394 (0x00004d81) c.li    s11, 0
core   0: 3 0x8000a394 (0x4d81) x27 0x00000000
core   0: 0x8000a396 (0x40d5d113) srai    sp, a1, 13
core   0: 3 0x8000a396 (0x40d5d113) x2  0x00000000
core   0: 0x8000a39a (0x1d2547b7) lui     a5, 0x1d254
core   0: 3 0x8000a39a (0x1d2547b7) x15 0x1d254000
core   0: 0x8000a39e (0x02d8ea33) rem     s4, a7, a3
core   0: 3 0x8000a39e (0x02d8ea33) x20 0x00000000
core   0: 0x8000a3a2 (0x00001710) c.addi4spn a2, sp, 928
core   0: 3 0x8000a3a2 (0x1710) x12 0x000003a0
core   0: 0x8000a3a4 (0x00000001) c.nop
core   0: 3 0x8000a3a4 (0x0001)
core   0: 0x8000a3a6 (0x904b7237) lui     tp, 0x904b7
core   0: 3 0x8000a3a6 (0x904b7237) x4  0x904b7000
core   0: 0x8000a3aa (0x02adb433) mulhu   s0, s11, a0
core   0: 3 0x8000a3aa (0x02adb433) x8  0x00000000
core   0: 0x8000a3ae (0x00008189) c.srli  a1, 2
core   0: 3 0x8000a3ae (0x8189) x11 0x00000000
core   0: 0x8000a3b0 (0x000098d2) c.add   a7, s4
core   0: 3 0x8000a3b0 (0x98d2) x17 0x00000000
core   0: 0x8000a3b2 (0x030bc2b3) div     t0, s7, a6
core   0: 3 0x8000a3b2 (0x030bc2b3) x5  0x00000000
core   0: 0x8000a3b6 (0x02f45433) divu    s0, s0, a5
core   0: 3 0x8000a3b6 (0x02f45433) x8  0x00000000
core   0: 0x8000a3ba (0x00225563) bge     tp, sp, pc + 10
core   0: 3 0x8000a3ba (0x00225563)
core   0: 0x8000a3be (0x00005d7d) c.li    s10, -1
core   0: 3 0x8000a3be (0x5d7d) x26 0xffffffff
core   0: 0x8000a3c0 (0x00006e29) c.lui   t3, 0xa
core   0: 3 0x8000a3c0 (0x6e29) x28 0x0000a000
core   0: 0x8000a3c2 (0x0000717d) c.addi16sp sp, -16
core   0: 3 0x8000a3c2 (0x717d) x2  0xfffffff0
core   0: 0x8000a3c4 (0xbf455e97) auipc   t4, 0xbf455
core   0: 3 0x8000a3c4 (0xbf455e97) x29 0x3f45f3c4
core   0: 0x8000a3c8 (0x02bbb8b3) mulhu   a7, s7, a1
core   0: 3 0x8000a3c8 (0x02bbb8b3) x17 0x00000000
core   0: 0x8000a3cc (0x00000001) c.nop
core   0: 3 0x8000a3cc (0x0001)
core   0: 0x8000a3ce (0x1957be37) lui     t3, 0x1957b
core   0: 3 0x8000a3ce (0x1957be37) x28 0x1957b000
core   0: 0x8000a3d2 (0x02847a33) remu    s4, s0, s0
core   0: 3 0x8000a3d2 (0x02847a33) x20 0x00000000
core   0: 0x8000a3d6 (0x00006121) c.addi16sp sp, 64
core   0: 3 0x8000a3d6 (0x6121) x2  0x00000030
core   0: 0x8000a3d8 (0x00f3de93) srli    t4, t2, 15
core   0: 3 0x8000a3d8 (0x00f3de93) x29 0x00000000
core   0: 0x8000a3dc (0x00008c31) c.xor   s0, a2
core   0: 3 0x8000a3dc (0x8c31) x8  0x000003a0
core   0: 0x8000a3de (0x4189d533) sra     a0, s3, s8
core   0: 3 0x8000a3de (0x4189d533) x10 0x80029d24
core   0: 0x8000a3e2 (0x00009a7d) c.andi  a2, -1
core   0: 3 0x8000a3e2 (0x9a7d) x12 0x000003a0
core   0: 0x8000a3e4 (0x0000940e) c.add   s0, gp
core   0: 3 0x8000a3e4 (0x940e) x8  0xffe84ba0
core   0: 0x8000a3e6 (0x01cfd463) bge     t6, t3, pc + 8
core   0: 3 0x8000a3e6 (0x01cfd463)
core   0: 0x8000a3ea (0xb8c7cd13) xori    s10, a5, -1140
core   0: 3 0x8000a3ea (0xb8c7cd13) x26 0xe2dabb8c
core   0: 0x8000a3ee (0x037640b3) div     ra, a2, s7
core   0: 3 0x8000a3ee (0x037640b3) x1  0xffffffff
core   0: 0x8000a3f2 (0x00009dae) c.add   s11, a1
core   0: 3 0x8000a3f2 (0x9dae) x27 0x00000000
core   0: 0x8000a3f4 (0x0291e1b3) rem     gp, gp, s1
core   0: 3 0x8000a3f4 (0x0291e1b3) x3  0xffe84800
core   0: 0x8000a3f8 (0xe95a1e97) auipc   t4, 0xe95a1
core   0: 3 0x8000a3f8 (0xe95a1e97) x29 0x695ab3f8
core   0: 0x8000a3fc (0x004f2303) lw      t1, 4(t5)
core   0: 3 0x8000a3fc (0x004f2303) x6  0x80007746 mem 0x80025e60
core   0: 0x8000a400 (0x00004a61) c.li    s4, 24
core   0: 3 0x8000a400 (0x4a61) x20 0x00000018
core   0: 0x8000a402 (0x14d70393) addi    t2, a4, 333
core   0: 3 0x8000a402 (0x14d70393) x7  0xc85c114d
core   0: 0x8000a406 (0x00000f51) c.addi  t5, 20
core   0: 3 0x8000a406 (0x0f51) x30 0x80025e70
core   0: 0x8000a408 (0x000082d2) c.mv    t0, s4
core   0: 3 0x8000a408 (0x82d2) x5  0x00000018
core   0: 0x8000a40a (0x00130513) addi    a0, t1, 1
core   0: 3 0x8000a40a (0x00130513) x10 0x80007747
core   0: 0x8000a40e (0x00050567) jalr    a0, a0, 0
core   0: 3 0x8000a40e (0x00050567) x10 0x8000a412
core   0: 0x80007746 (0x001e5b13) srli    s6, t3, 1
core   0: 3 0x80007746 (0x001e5b13) x22 0x0cabd800
core   0: 0x8000774a (0x02f30e33) mul     t3, t1, a5
core   0: 3 0x8000774a (0x02f30e33) x28 0x48ef8000
core   0: 0x8000774e (0x01990463) beq     s2, s9, pc + 8
core   0: 3 0x8000774e (0x01990463)
core   0: 0x80007752 (0x00008ff1) c.and   a5, a2
core   0: 3 0x80007752 (0x8ff1) x15 0x00000000
core   0: 0x80007754 (0x00009bfd) c.andi  a5, -1
core   0: 3 0x80007754 (0x9bfd) x15 0x00000000
core   0: 0x80007756 (0x8fbf1317) auipc   t1, 0x8fbf1
core   0: 3 0x80007756 (0x8fbf1317) x6  0x0fbf8756
core   0: 0x8000775a (0x000080fd) c.srli  s1, 31
core   0: 3 0x8000775a (0x80fd) x9  0x00000000
core   0: 0x8000775c (0x00499893) slli    a7, s3, 4
core   0: 3 0x8000775c (0x00499893) x17 0x0029d240
core   0: 0x80007760 (0x0236cbb3) div     s7, a3, gp
core   0: 3 0x80007760 (0x0236cbb3) x23 0x00000000
core   0: 0x80007764 (0x03e34333) div     t1, t1, t5
core   0: 3 0x80007764 (0x03e34333) x6  0x00000000
core   0: 0x80007768 (0xd8603893) sltiu   a7, zero, -634
core   0: 3 0x80007768 (0xd8603893) x17 0x00000001
core   0: 0x8000776c (0x00008d2d) c.xor   a0, a1
core   0: 3 0x8000776c (0x8d2d) x10 0x8000a412
core   0: 0x8000776e (0x01acb533) sltu    a0, s9, s10
core   0: 3 0x8000776e (0x01acb533) x10 0x00000001
core   0: 0x80007772 (0x01b4e7b3) or      a5, s1, s11
core   0: 3 0x80007772 (0x01b4e7b3) x15 0x00000000
core   0: 0x80007776 (0x004f2303) lw      t1, 4(t5)
core   0: 3 0x80007776 (0x004f2303) x6  0x80004000 mem 0x80025e74
core   0: 0x8000777a (0x2b9dfc13) andi    s8, s11, 697
core   0: 3 0x8000777a (0x2b9dfc13) x24 0x00000000
core   0: 0x8000777e (0x034f0f13) addi    t5, t5, 52
core   0: 3 0x8000777e (0x034f0f13) x30 0x80025ea4
core   0: 0x80007782 (0x40b0d013) srai    zero, ra, 11
core   0: 3 0x80007782 (0x40b0d013)
core   0: 0x80007786 (0x00130493) addi    s1, t1, 1
core   0: 3 0x80007786 (0x00130493) x9  0x80004001
core   0: 0x8000778a (0x000484e7) jalr    s1, s1, 0
core   0: 3 0x8000778a (0x000484e7) x9  0x8000778e
core   0: 0x80004000 (0x000058fd) c.li    a7, -1
core   0: 3 0x80004000 (0x58fd) x17 0xffffffff
core   0: 0x80004002 (0x034f7163) bgeu    t5, s4, pc + 34
core   0: 3 0x80004002 (0x034f7163)
core   0: 0x80004024 (0x00000001) c.nop
core   0: 3 0x80004024 (0x0001)
core   0: 0x80004026 (0x014e9263) bne     t4, s4, pc + 4
core   0: 3 0x80004026 (0x014e9263)
core   0: 0x8000402a (0x0000918e) c.add   gp, gp
core   0: 3 0x8000402a (0x918e) x3  0xffd09000
core   0: 0x8000402c (0x013d4263) blt     s10, s3, pc + 4
core   0: 3 0x8000402c (0x013d4263)
core   0: 0x80004030 (0x00008471) c.srai  s0, 28
core   0: 3 0x80004030 (0x8471) x8  0xffffffff
core   0: 0x80004032 (0x0000ce89) c.beqz  a3, pc + 26
core   0: 3 0x80004032 (0xce89)
core   0: 0x80004034 (0x00008761) c.srai  a4, 24
core   0: 3 0x80004034 (0x8761) x14 0xffffffc8
core   0: 0x80004036 (0x02041eb3) mulh    t4, s0, zero
core   0: 3 0x80004036 (0x02041eb3) x29 0x00000000
core   0: 0x8000403a (0x00006119) c.addi16sp sp, 384
core   0: 3 0x8000403a (0x6119) x2  0x000001b0
core   0: 0x8000403c (0x41985713) srai    a4, a6, 25
core   0: 3 0x8000403c (0x41985713) x14 0x0000002d
core   0: 0x80004040 (0x0236f763) bgeu    a3, gp, pc + 46
core   0: 3 0x80004040 (0x0236f763)
core   0: 0x80004044 (0x0149eb63) bltu    s3, s4, pc + 22
core   0: 3 0x80004044 (0x0149eb63)
core   0: 0x80004048 (0x00008cea) c.mv    s9, s10
core   0: 3 0x80004048 (0x8cea) x25 0xe2dabb8c
core   0: 0x8000404a (0x00005ffd) c.li    t6, -1
core   0: 3 0x8000404a (0x5ffd) x31 0xffffffff
core   0: 0x8000404c (0x00006139) c.addi16sp sp, 448
core   0: 3 0x8000404c (0x6139) x2  0x00000370
core   0: 0x8000404e (0x0050ecb3) or      s9, ra, t0
core   0: 3 0x8000404e (0x0050ecb3) x25 0xffffffff
core   0: 0x80004052 (0x01ac7463) bgeu    s8, s10, pc + 8
core   0: 3 0x80004052 (0x01ac7463)
core   0: 0x80004056 (0x009bfa63) bgeu    s7, s1, pc + 20
core   0: 3 0x80004056 (0x009bfa63)
core   0: 0x8000405a (0x7997be93) sltiu   t4, a5, 1945
core   0: 3 0x8000405a (0x7997be93) x29 0x00000001
core   0: 0x8000405e (0x00000001) c.nop
core   0: 3 0x8000405e (0x0001)
core   0: 0x80004060 (0x0334c933) div     s2, s1, s3
core   0: 3 0x80004060 (0x0334c933) x18 0x00000001
core   0: 0x80004064 (0x00614c63) blt     sp, t1, pc + 24
core   0: 3 0x80004064 (0x00614c63)
core   0: 0x80004068 (0x000082b5) c.srli  a3, 13
core   0: 3 0x80004068 (0x82b5) x13 0x0000000f
core   0: 0x8000406a (0x40c75033) sra     zero, a4, a2
core   0: 3 0x8000406a (0x40c75033)
core   0: 0x8000406e (0x01a01e93) slli    t4, zero, 26
core   0: 3 0x8000406e (0x01a01e93) x29 0x00000000
core   0: 0x80004072 (0x00006e79) c.lui   t3, 0x1e
core   0: 3 0x80004072 (0x6e79) x28 0x0001e000
core   0: 0x80004074 (0x40dfdc33) sra     s8, t6, a3
core   0: 3 0x80004074 (0x40dfdc33) x24 0xffffffff
core   0: 0x80004078 (0x01f8bbb3) sltu    s7, a7, t6
core   0: 3 0x80004078 (0x01f8bbb3) x23 0x00000000
core   0: 0x8000407c (0x0000c195) c.beqz  a1, pc + 36
core   0: 3 0x8000407c (0xc195)
core   0: 0x800040a0 (0x035b7333) remu    t1, s6, s5
core   0: 3 0x800040a0 (0x035b7333) x6  0x0cabd800
core   0: 0x800040a4 (0xc3cd8d93) addi    s11, s11, -964
core   0: 3 0x800040a4 (0xc3cd8d93) x27 0xfffffc3c
core   0: 0x800040a8 (0x0101e363) bltu    gp, a6, pc + 6
core   0: 3 0x800040a8 (0x0101e363)
core   0: 0x800040ac (0x00000532) c.slli  a0, 12
core   0: 3 0x800040ac (0x0532) x10 0x00001000
core   0: 0x800040ae (0x99490e13) addi    t3, s2, -1644
core   0: 3 0x800040ae (0x99490e13) x28 0xfffff995
core   0: 0x800040b2 (0x02edadb3) mulhsu  s11, s11, a4
core   0: 3 0x800040b2 (0x02edadb3) x27 0xffffffff
core   0: 0x800040b6 (0x0187cbb3) xor     s7, a5, s8
core   0: 3 0x800040b6 (0x0187cbb3) x23 0xffffffff
core   0: 0x800040ba (0x83b14093) xori    ra, sp, -1989
core   0: 3 0x800040ba (0x83b14093) x1  0xfffffb4b
core   0: 0x800040be (0x03f8b433) mulhu   s0, a7, t6
core   0: 3 0x800040be (0x03f8b433) x8  0xfffffffe
core   0: 0x800040c2 (0x02ce3b33) mulhu   s6, t3, a2
core   0: 3 0x800040c2 (0x02ce3b33) x22 0x0000039f
core   0: 0x800040c6 (0x00000001) c.nop
core   0: 3 0x800040c6 (0x0001)
core   0: 0x800040c8 (0x00008631) c.srai  a2, 12
core   0: 3 0x800040c8 (0x8631) x12 0x00000000
core   0: 0x800040ca (0x00000480) c.addi4spn s0, sp, 576
core   0: 3 0x800040ca (0x0480) x8  0x000005b0
core   0: 0x800040cc (0x591c0b93) addi    s7, s8, 1425
core   0: 3 0x800040cc (0x591c0b93) x23 0x00000590
core   0: 0x800040d0 (0x303baa13) slti    s4, s7, 771
core   0: 3 0x800040d0 (0x303baa13) x20 0x00000000
core   0: 0x800040d4 (0x007812b3) sll     t0, a6, t2
core   0: 3 0x800040d4 (0x007812b3) x5  0x7838c000
core   0: 0x800040d8 (0x00001314) c.addi4spn a3, sp, 416
core   0: 3 0x800040d8 (0x1314) x13 0x00000510
core   0: 0x800040da (0xff90c693) xori    a3, ra, -7
core   0: 3 0x800040da (0xff90c693) x13 0x000004b2
core   0: 0x800040de (0x000084f2) c.mv    s1, t3
core   0: 3 0x800040de (0x84f2) x9  0xfffff995
core   0: 0x800040e0 (0x01038663) beq     t2, a6, pc + 12
core   0: 3 0x800040e0 (0x01038663)
core   0: 0x800040e4 (0x759cf713) andi    a4, s9, 1881
core   0: 3 0x800040e4 (0x759cf713) x14 0x00000759
core   0: 0x800040e8 (0x02191233) mulh    tp, s2, ra
core   0: 3 0x800040e8 (0x02191233) x4  0xffffffff
core   0: 0x800040ec (0x0084c633) xor     a2, s1, s0
core   0: 3 0x800040ec (0x0084c633) x12 0xfffffc25
core   0: 0x800040f0 (0x00255f63) bge     a0, sp, pc + 30
core   0: 3 0x800040f0 (0x00255f63)
core   0: 0x8000410e (0x008cff63) bgeu    s9, s0, pc + 30
core   0: 3 0x8000410e (0x008cff63)
core   0: 0x8000412c (0x02a8f163) bgeu    a7, a0, pc + 34
core   0: 3 0x8000412c (0x02a8f163)
core   0: 0x8000414e (0x03b0f8b3) remu    a7, ra, s11
core   0: 3 0x8000414e (0x03b0f8b3) x17 0xfffffb4b
core   0: 0x80004152 (0x0000e415) c.bnez  s0, pc + 44
core   0: 3 0x80004152 (0xe415)
core   0: 0x8000417e (0x00001e8c) c.addi4spn a1, sp, 880
core   0: 3 0x8000417e (0x1e8c) x11 0x000006e0
core   0: 0x80004180 (0x027d25b3) mulhsu  a1, s10, t2
core   0: 3 0x80004180 (0x027d25b3) x11 0xe9306728
core   0: 0x80004184 (0x0000e585) c.bnez  a1, pc + 40
core   0: 3 0x80004184 (0xe585)
core   0: 0x800041ac (0x0000445d) c.li    s0, 23
core   0: 3 0x800041ac (0x445d) x8  0x00000017
core   0: 0x800041ae (0x0000c599) c.beqz  a1, pc + 14
core   0: 3 0x800041ae (0xc599)
core   0: 0x800041b0 (0x038ee8b3) rem     a7, t4, s8
core   0: 3 0x800041b0 (0x038ee8b3) x17 0x00000000
core   0: 0x800041b4 (0x01adc933) xor     s2, s11, s10
core   0: 3 0x800041b4 (0x01adc933) x18 0x1d254473
core   0: 0x800041b8 (0x00001c94) c.addi4spn a3, sp, 624
core   0: 3 0x800041b8 (0x1c94) x13 0x000005e0
core   0: 0x800041ba (0x00008351) c.srli  a4, 20
core   0: 3 0x800041ba (0x8351) x14 0x00000000
core   0: 0x800041bc (0x01fc5a93) srli    s5, s8, 31
core   0: 3 0x800041bc (0x01fc5a93) x21 0x00000001
core   0: 0x800041c0 (0x01238d63) beq     t2, s2, pc + 26
core   0: 3 0x800041c0 (0x01238d63)
core   0: 0x800041c4 (0x000087b1) c.srai  a5, 12
core   0: 3 0x800041c4 (0x87b1) x15 0x00000000
core   0: 0x800041c6 (0x000099fd) c.andi  a1, -1
core   0: 3 0x800041c6 (0x99fd) x11 0xe9306728
core   0: 0x800041c8 (0x00008ce1) c.and   s1, s0
core   0: 3 0x800041c8 (0x8ce1) x9  0x00000015
core   0: 0x800041ca (0x01b05c63) bge     zero, s11, pc + 24
core   0: 3 0x800041ca (0x01b05c63)
core   0: 0x800041e2 (0x468cfb93) andi    s7, s9, 1128
core   0: 3 0x800041e2 (0x468cfb93) x23 0x00000468
core   0: 0x800041e6 (0x027d4f63) blt     s10, t2, pc + 62
core   0: 3 0x800041e6 (0x027d4f63)
core   0: 0x800041ea (0x40da58b3) sra     a7, s4, a3
core   0: 3 0x800041ea (0x40da58b3) x17 0x00000000
core   0: 0x800041ee (0x416958b3) sra     a7, s2, s6
core   0: 3 0x800041ee (0x416958b3) x17 0x00000000
core   0: 0x800041f2 (0x00008551) c.srai  a0, 20
core   0: 3 0x800041f2 (0x8551) x10 0x00000000
core   0: 0x800041f4 (0x039e9bb3) mulh    s7, t4, s9
core   0: 3 0x800041f4 (0x039e9bb3) x23 0x00000000
core   0: 0x800041f8 (0x66360713) addi    a4, a2, 1635
core   0: 3 0x800041f8 (0x66360713) x14 0x00000288
core   0: 0x800041fc (0x03ebf333) remu    t1, s7, t5
core   0: 3 0x800041fc (0x03ebf333) x6  0x00000000
core   0: 0x80004200 (0x033fc333) div     t1, t6, s3
core   0: 3 0x80004200 (0x033fc333) x6  0x00000000
core   0: 0x80004204 (0xccb9f313) andi    t1, s3, -821
core   0: 3 0x80004204 (0xccb9f313) x6  0x80029c00
core   0: 0x80004208 (0x02e245b3) div     a1, tp, a4
core   0: 3 0x80004208 (0x02e245b3) x11 0x00000000
core   0: 0x8000420c (0x00000001) c.nop
core   0: 3 0x8000420c (0x0001)
core   0: 0x8000420e (0x031f84b3) mul     s1, t6, a7
core   0: 3 0x8000420e (0x031f84b3) x9  0x00000000
core   0: 0x80004212 (0x4188d733) sra     a4, a7, s8
core   0: 3 0x80004212 (0x4188d733) x14 0x00000000
core   0: 0x80004216 (0x02530893) addi    a7, t1, 37
core   0: 3 0x80004216 (0x02530893) x17 0x80029c25
core   0: 0x8000421a (0x01362bb3) slt     s7, a2, s3
core   0: 3 0x8000421a (0x01362bb3) x23 0x00000000
core   0: 0x8000421e (0x00009a46) c.add   s4, a7
core   0: 3 0x8000421e (0x9a46) x20 0x80029c25
core   0: 0x80004220 (0x00a01b63) bne     zero, a0, pc + 22
core   0: 3 0x80004220 (0x00a01b63)
core   0: 0x80004224 (0x9d7fea37) lui     s4, 0x9d7fe
core   0: 3 0x80004224 (0x9d7fea37) x20 0x9d7fe000
core   0: 0x80004228 (0x000053fd) c.li    t2, -1
core   0: 3 0x80004228 (0x53fd) x7  0xffffffff
core   0: 0x8000422a (0x017ee0b3) or      ra, t4, s7
core   0: 3 0x8000422a (0x017ee0b3) x1  0x00000000
core   0: 0x8000422e (0x01235893) srli    a7, t1, 18
core   0: 3 0x8000422e (0x01235893) x17 0x00002000
core   0: 0x80004232 (0x027b4433) div     s0, s6, t2
core   0: 3 0x80004232 (0x027b4433) x8  0xfffffc61
core   0: 0x80004236 (0x0000610d) c.addi16sp sp, 160
core   0: 3 0x80004236 (0x610d) x2  0x00000410
core   0: 0x80004238 (0x016e5db3) srl     s11, t3, s6
core   0: 3 0x80004238 (0x016e5db3) x27 0x00000001
core   0: 0x8000423c (0x22e14013) xori    zero, sp, 558
core   0: 3 0x8000423c (0x22e14013)
core   0: 0x80004240 (0x0000688d) c.lui   a7, 0x3
core   0: 3 0x80004240 (0x688d) x17 0x00003000
core   0: 0x80004242 (0x92346393) ori     t2, s0, -1757
core   0: 3 0x80004242 (0x92346393) x7  0xfffffd63
core   0: 0x80004246 (0x000005e9) c.addi  a1, 26
core   0: 3 0x80004246 (0x05e9) x11 0x0000001a
core   0: 0x80004248 (0xb5d2d737) lui     a4, 0xb5d2d
core   0: 3 0x80004248 (0xb5d2d737) x14 0xb5d2d000
core   0: 0x8000424c (0x36213293) sltiu   t0, sp, 866
core   0: 3 0x8000424c (0x36213293) x5  0x00000000
core   0: 0x80004250 (0x0000e319) c.bnez  a4, pc + 6
core   0: 3 0x80004250 (0xe319)
core   0: 0x80004256 (0x00999963) bne     s3, s1, pc + 18
core   0: 3 0x80004256 (0x00999963)
core   0: 0x80004268 (0xceebad93) slti    s11, s7, -786
core   0: 3 0x80004268 (0xceebad93) x27 0x00000000
core   0: 0x8000426c (0x03596733) rem     a4, s2, s5
core   0: 3 0x8000426c (0x03596733) x14 0x00000000
core   0: 0x80004270 (0x0083b933) sltu    s2, t2, s0
core   0: 3 0x80004270 (0x0083b933) x18 0x00000000
core   0: 0x80004274 (0x41685b93) srai    s7, a6, 22
core   0: 3 0x80004274 (0x41685b93) x23 0x0000016d
core   0: 0x80004278 (0x09267b63) bgeu    a2, s2, pc + 150
core   0: 3 0x80004278 (0x09267b63)
core   0: 0x8000430e (0x00000910) c.addi4spn a2, sp, 144
core   0: 3 0x8000430e (0x0910) x12 0x000004a0
core   0: 0x80004310 (0x037cf333) remu    t1, s9, s7
core   0: 3 0x80004310 (0x037cf333) x6  0x000000fa
core   0: 0x80004314 (0x2fb76a13) ori     s4, a4, 763
core   0: 3 0x80004314 (0x2fb76a13) x20 0x000002fb
core   0: 0x80004318 (0x00006d15) c.lui   s10, 0x5
core   0: 3 0x80004318 (0x6d15) x26 0x00005000
core   0: 0x8000431a (0x1cc64413) xori    s0, a2, 460
core   0: 3 0x8000431a (0x1cc64413) x8  0x0000056c
core   0: 0x8000431e (0x03a5f763) bgeu    a1, s10, pc + 46
core   0: 3 0x8000431e (0x03a5f763)
core   0: 0x80004322 (0x00b01d93) slli    s11, zero, 11
core   0: 3 0x80004322 (0x00b01d93) x27 0x00000000
core   0: 0x80004326 (0x0000811d) c.srli  a0, 7
core   0: 3 0x80004326 (0x811d) x10 0x00000000
core   0: 0x80004328 (0x005ca133) slt     sp, s9, t0
core   0: 3 0x80004328 (0x005ca133) x2  0x00000001
core   0: 0x8000432c (0x0000922e) c.add   tp, a1
core   0: 3 0x8000432c (0x922e) x4  0x00000019
core   0: 0x8000432e (0x03685ab3) divu    s5, a6, s6
core   0: 3 0x8000432e (0x03685ab3) x21 0x00193656
core   0: 0x80004332 (0x40955a33) sra     s4, a0, s1
core   0: 3 0x80004332 (0x40955a33) x20 0x00000000
core   0: 0x80004336 (0x002a9713) slli    a4, s5, 2
core   0: 3 0x80004336 (0x002a9713) x14 0x0064d958
core   0: 0x8000433a (0x2ab80d93) addi    s11, a6, 683
core   0: 3 0x8000433a (0x2ab80d93) x27 0x5b4bc471
core   0: 0x8000433e (0x403d5b13) srai    s6, s10, 3
core   0: 3 0x8000433e (0x403d5b13) x22 0x00000a00
core   0: 0x80004342 (0x01336ab3) or      s5, t1, s3
core   0: 3 0x80004342 (0x01336ab3) x21 0x80029dfe
core   0: 0x80004346 (0x00000001) c.nop
core   0: 3 0x80004346 (0x0001)
core   0: 0x80004348 (0xf26e7313) andi    t1, t3, -218
core   0: 3 0x80004348 (0xf26e7313) x6  0xfffff904
core   0: 0x8000434c (0xd2230613) addi    a2, t1, -734
core   0: 3 0x8000434c (0xd2230613) x12 0xfffff626
core   0: 0x80004350 (0x00008c81) c.sub   s1, s0
core   0: 3 0x80004350 (0x8c81) x9  0xfffffa94
core   0: 0x80004352 (0x0000547d) c.li    s0, -1
core   0: 3 0x80004352 (0x547d) x8  0xffffffff
core   0: 0x80004354 (0x01807463) bgeu    zero, s8, pc + 8
core   0: 3 0x80004354 (0x01807463)
core   0: 0x80004358 (0x0228b933) mulhu   s2, a7, sp
core   0: 3 0x80004358 (0x0228b933) x18 0x00000000
core   0: 0x8000435c (0x00a6cbb3) xor     s7, a3, a0
core   0: 3 0x8000435c (0x00a6cbb3) x23 0x000005e0
core   0: 0x80004360 (0x000083b1) c.srli  a5, 12
core   0: 3 0x80004360 (0x83b1) x15 0x00000000
core   0: 0x80004362 (0x00000d08) c.addi4spn a0, sp, 656
core   0: 3 0x80004362 (0x0d08) x10 0x00000291
core   0: 0x80004364 (0x00008c55) c.or    s0, a3
core   0: 3 0x80004364 (0x8c55) x8  0xffffffff
core   0: 0x80004366 (0x0256c463) blt     a3, t0, pc + 40
core   0: 3 0x80004366 (0x0256c463)
core   0: 0x8000436a (0x00008e51) c.or    a2, a2
core   0: 3 0x8000436a (0x8e51) x12 0xfffff626
core   0: 0x8000436c (0x414e50b3) sra     ra, t3, s4
core   0: 3 0x8000436c (0x414e50b3) x1  0xfffff995
core   0: 0x80004370 (0x41ea5333) sra     t1, s4, t5
core   0: 3 0x80004370 (0x41ea5333) x6  0x00000000
core   0: 0x80004374 (0x0084cf63) blt     s1, s0, pc + 30
core   0: 3 0x80004374 (0x0084cf63)
core   0: 0x80004392 (0x0356dbb3) divu    s7, a3, s5
core   0: 3 0x80004392 (0x0356dbb3) x23 0x00000000
core   0: 0x80004396 (0x0127bab3) sltu    s5, a5, s2
core   0: 3 0x80004396 (0x0127bab3) x21 0x00000000
core   0: 0x8000439a (0x014c0db3) add     s11, s8, s4
core   0: 3 0x8000439a (0x014c0db3) x27 0xffffffff
core   0: 0x8000439e (0x0000968a) c.add   a3, sp
core   0: 3 0x8000439e (0x968a) x13 0x000005e1
core   0: 0x800043a0 (0x405c8293) addi    t0, s9, 1029
core   0: 3 0x800043a0 (0x405c8293) x5  0x00000404
core   0: 0x800043a4 (0x011d8e63) beq     s11, a7, pc + 28
core   0: 3 0x800043a4 (0x011d8e63)
core   0: 0x800043a8 (0x471b7493) andi    s1, s6, 1137
core   0: 3 0x800043a8 (0x471b7493) x9  0x00000000
core   0: 0x800043ac (0x055e1263) bne     t3, s5, pc + 68
core   0: 3 0x800043ac (0x055e1263)
core   0: 0x800043f0 (0x41ad5bb3) sra     s7, s10, s10
core   0: 3 0x800043f0 (0x41ad5bb3) x23 0x00005000
core   0: 0x800043f4 (0x000060a9) c.lui   ra, 0xa
core   0: 3 0x800043f4 (0x60a9) x1  0x0000a000
core   0: 0x800043f6 (0x00539893) slli    a7, t2, 5
core   0: 3 0x800043f6 (0x00539893) x17 0xffffac60
core   0: 0x800043fa (0x00009dd2) c.add   s11, s4
core   0: 3 0x800043fa (0x9dd2) x27 0xffffffff
core   0: 0x800043fc (0x000080d6) c.mv    ra, s5
core   0: 3 0x800043fc (0x80d6) x1  0x00000000
core   0: 0x800043fe (0x01bb1593) slli    a1, s6, 27
core   0: 3 0x800043fe (0x01bb1593) x11 0x00000000
core   0: 0x80004402 (0x000010fd) c.addi  ra, -1
core   0: 3 0x80004402 (0x10fd) x1  0xffffffff
core   0: 0x80004404 (0x3097a493) slti    s1, a5, 777
core   0: 3 0x80004404 (0x3097a493) x9  0x00000001
core   0: 0x80004408 (0x00001680) c.addi4spn s0, sp, 864
core   0: 3 0x80004408 (0x1680) x8  0x00000361
core   0: 0x8000440a (0x01fa0133) add     sp, s4, t6
core   0: 3 0x8000440a (0x01fa0133) x2  0xffffffff
core   0: 0x8000440e (0x41acd113) srai    sp, s9, 26
core   0: 3 0x8000440e (0x41acd113) x2  0xffffffff
core   0: 0x80004412 (0x00e3fd33) and     s10, t2, a4
core   0: 3 0x80004412 (0x00e3fd33) x26 0x0064d940
core   0: 0x80004416 (0x00aa1293) slli    t0, s4, 10
core   0: 3 0x80004416 (0x00aa1293) x5  0x00000000
core   0: 0x8000441a (0x2f784293) xori    t0, a6, 759
core   0: 3 0x8000441a (0x2f784293) x5  0x5b4bc331
core   0: 0x8000441e (0x4e07cb93) xori    s7, a5, 1248
core   0: 3 0x8000441e (0x4e07cb93) x23 0x000004e0
core   0: 0x80004422 (0xa5056193) ori     gp, a0, -1456
core   0: 3 0x80004422 (0xa5056193) x3  0xfffffad1
core   0: 0x80004426 (0x003a5863) bge     s4, gp, pc + 16
core   0: 3 0x80004426 (0x003a5863)
core   0: 0x80004436 (0x0358e563) bltu    a7, s5, pc + 42
core   0: 3 0x80004436 (0x0358e563)
core   0: 0x8000443a (0x02b51333) mulh    t1, a0, a1
core   0: 3 0x8000443a (0x02b51333) x6  0x00000000
core   0: 0x8000443e (0x00008d41) c.or    a0, s0
core   0: 3 0x8000443e (0x8d41) x10 0x000003f1
core   0: 0x80004440 (0x0079cc63) blt     s3, t2, pc + 24
core   0: 3 0x80004440 (0x0079cc63)
core   0: 0x80004458 (0x029fca33) div     s4, t6, s1
core   0: 3 0x80004458 (0x029fca33) x20 0xffffffff
core   0: 0x8000445c (0x02358db3) mul     s11, a1, gp
core   0: 3 0x8000445c (0x02358db3) x27 0x00000000
core   0: 0x80004460 (0x02c71bb3) mulh    s7, a4, a2
core   0: 3 0x80004460 (0x02c71bb3) x23 0xfffffffc
core   0: 0x80004464 (0xf32f6113) ori     sp, t5, -206
core   0: 3 0x80004464 (0xf32f6113) x2  0xffffffb6
core   0: 0x80004468 (0x00008679) c.srai  a2, 30
core   0: 3 0x80004468 (0x8679) x12 0xffffffff
core   0: 0x8000446a (0x000087e5) c.srai  a5, 25
core   0: 3 0x8000446a (0x87e5) x15 0x00000000
core   0: 0x8000446c (0x1ad26a13) ori     s4, tp, 429
core   0: 3 0x8000446c (0x1ad26a13) x20 0x000001bd
core   0: 0x80004470 (0x0000869e) c.mv    a3, t2
core   0: 3 0x80004470 (0x869e) x13 0xfffffd63
core   0: 0x80004472 (0x012498b3) sll     a7, s1, s2
core   0: 3 0x80004472 (0x012498b3) x17 0x00000001
core   0: 0x80004476 (0x02de4fb3) div     t6, t3, a3
core   0: 3 0x80004476 (0x02de4fb3) x31 0x00000002
core   0: 0x8000447a (0x01dd0a63) beq     s10, t4, pc + 20
core   0: 3 0x8000447a (0x01dd0a63)
core   0: 0x8000447e (0x50705c37) lui     s8, 0x50705
core   0: 3 0x8000447e (0x50705c37) x24 0x50705000
core   0: 0x80004482 (0x00009bb6) c.add   s7, a3
core   0: 3 0x80004482 (0x9bb6) x23 0xfffffd5f
core   0: 0x80004484 (0x4177d433) sra     s0, a5, s7
core   0: 3 0x80004484 (0x4177d433) x8  0x00000000
core   0: 0x80004488 (0x01a5e6b3) or      a3, a1, s10
core   0: 3 0x80004488 (0x01a5e6b3) x13 0x0064d940
core   0: 0x8000448c (0x00006139) c.addi16sp sp, 448
core   0: 3 0x8000448c (0x6139) x2  0x00000176
core   0: 0x8000448e (0x0000717d) c.addi16sp sp, -16
core   0: 3 0x8000448e (0x717d) x2  0x00000166
core   0: 0x80004490 (0x0a66ba13) sltiu   s4, a3, 166
core   0: 3 0x80004490 (0x0a66ba13) x20 0x00000000
core   0: 0x80004494 (0x011bcc63) blt     s7, a7, pc + 24
core   0: 3 0x80004494 (0x011bcc63)
core   0: 0x800044ac (0x0044c433) xor     s0, s1, tp
core   0: 3 0x800044ac (0x0044c433) x8  0x00000018
core   0: 0x800044b0 (0x96cf2a93) slti    s5, t5, -1684
core   0: 3 0x800044b0 (0x96cf2a93) x21 0x00000001
core   0: 0x800044b4 (0x01ca3fb3) sltu    t6, s4, t3
core   0: 3 0x800044b4 (0x01ca3fb3) x31 0x00000001
core   0: 0x800044b8 (0x73484d37) lui     s10, 0x73484
core   0: 3 0x800044b8 (0x73484d37) x26 0x73484000
core   0: 0x800044bc (0x01b46eb3) or      t4, s0, s11
core   0: 3 0x800044bc (0x01b46eb3) x29 0x00000018
core   0: 0x800044c0 (0x007af763) bgeu    s5, t2, pc + 14
core   0: 3 0x800044c0 (0x007af763)
core   0: 0x800044c4 (0x0000c889) c.beqz  s1, pc + 18
core   0: 3 0x800044c4 (0xc889)
core   0: 0x800044c6 (0x0014ee33) or      t3, s1, ra
core   0: 3 0x800044c6 (0x0014ee33) x28 0xffffffff
core   0: 0x800044ca (0x00000888) c.addi4spn a0, sp, 80
core   0: 3 0x800044ca (0x0888) x10 0x000001b6
core   0: 0x800044cc (0x00001afd) c.addi  s5, -1
core   0: 3 0x800044cc (0x1afd) x21 0x00000000
core   0: 0x800044ce (0x4e937693) andi    a3, t1, 1257
core   0: 3 0x800044ce (0x4e937693) x13 0x00000000
core   0: 0x800044d2 (0x00e9bfb3) sltu    t6, s3, a4
core   0: 3 0x800044d2 (0x00e9bfb3) x31 0x00000000
core   0: 0x800044d6 (0x02b5db63) bge     a1, a1, pc + 54
core   0: 3 0x800044d6 (0x02b5db63)
core   0: 0x8000450c (0x0000825d) c.srli  a2, 23
core   0: 3 0x8000450c (0x825d) x12 0x000001ff
core   0: 0x8000450e (0x0000ce91) c.beqz  a3, pc + 28
core   0: 3 0x8000450e (0xce91)
core   0: 0x8000452a (0x03205363) bge     zero, s2, pc + 38
core   0: 3 0x8000452a (0x03205363)
core   0: 0x80004550 (0xcf69a013) slti    zero, s3, -778
core   0: 3 0x80004550 (0xcf69a013)
core   0: 0x80004554 (0x000005ae) c.slli  a1, 11
core   0: 3 0x80004554 (0x05ae) x11 0x00000000
core   0: 0x80004556 (0x0000177d) c.addi  a4, -1
core   0: 3 0x80004556 (0x177d) x14 0x0064d957
core   0: 0x80004558 (0xcd9f1017) auipc   zero, 0xcd9f1
core   0: 3 0x80004558 (0xcd9f1017)
core   0: 0x8000455c (0x40b4dc33) sra     s8, s1, a1
core   0: 3 0x8000455c (0x40b4dc33) x24 0x00000001
core   0: 0x80004560 (0x8c3a4193) xori    gp, s4, -1853
core   0: 3 0x80004560 (0x8c3a4193) x3  0xfffff8c3
core   0: 0x80004564 (0x00008ee9) c.and   a3, a0
core   0: 3 0x80004564 (0x8ee9) x13 0x00000000
core   0: 0x80004566 (0xdfbbe113) ori     sp, s7, -517
core   0: 3 0x80004566 (0xdfbbe113) x2  0xfffffdff
core   0: 0x8000456a (0x417758b3) sra     a7, a4, s7
core   0: 3 0x8000456a (0x417758b3) x17 0x00000000
core   0: 0x8000456e (0xb7ce7613) andi    a2, t3, -1156
core   0: 3 0x8000456e (0xb7ce7613) x12 0xfffffb7c
core   0: 0x80004572 (0x87df7413) andi    s0, t5, -1923
core   0: 3 0x80004572 (0x87df7413) x8  0x80025824
core   0: 0x80004576 (0xeaf16213) ori     tp, sp, -337
core   0: 3 0x80004576 (0xeaf16213) x4  0xffffffff
core   0: 0x8000457a (0xb9f7f293) andi    t0, a5, -1121
core   0: 3 0x8000457a (0xb9f7f293) x5  0x00000000
core   0: 0x8000457e (0x00fa1463) bne     s4, a5, pc + 8
core   0: 3 0x8000457e (0x00fa1463)
core   0: 0x80004582 (0x019fea63) bltu    t6, s9, pc + 20
core   0: 3 0x80004582 (0x019fea63)
core   0: 0x80004596 (0x0056c563) blt     a3, t0, pc + 10
core   0: 3 0x80004596 (0x0056c563)
core   0: 0x8000459a (0x01fd7133) and     sp, s10, t6
core   0: 3 0x8000459a (0x01fd7133) x2  0x00000000
core   0: 0x8000459e (0x00005a7d) c.li    s4, -1
core   0: 3 0x8000459e (0x5a7d) x20 0xffffffff
core   0: 0x800045a0 (0x03af2d33) mulhsu  s10, t5, s10
core   0: 3 0x800045a0 (0x03af2d33) x26 0xc65cf12e
core   0: 0x800045a4 (0x02f3b3b3) mulhu   t2, t2, a5
core   0: 3 0x800045a4 (0x02f3b3b3) x7  0x00000000
core   0: 0x800045a8 (0x000013fd) c.addi  t2, -1
core   0: 3 0x800045a8 (0x13fd) x7  0xffffffff
core   0: 0x800045aa (0x09e23d97) auipc   s11, 0x9e23
core   0: 3 0x800045aa (0x09e23d97) x27 0x89e275aa
core   0: 0x800045ae (0x008ed033) srl     zero, t4, s0
core   0: 3 0x800045ae (0x008ed033)
core   0: 0x800045b2 (0x0009b633) sltu    a2, s3, zero
core   0: 3 0x800045b2 (0x0009b633) x12 0x00000000
core   0: 0x800045b6 (0x01cb50b3) srl     ra, s6, t3
core   0: 3 0x800045b6 (0x01cb50b3) x1  0x00000000
core   0: 0x800045ba (0x03b21b63) bne     tp, s11, pc + 54
core   0: 3 0x800045ba (0x03b21b63)
core   0: 0x800045f0 (0x0000078c) c.addi4spn a1, sp, 960
core   0: 3 0x800045f0 (0x078c) x11 0x000003c0
core   0: 0x800045f2 (0x00001e80) c.addi4spn s0, sp, 880
core   0: 3 0x800045f2 (0x1e80) x8  0x00000370
core   0: 0x800045f4 (0x8cef4393) xori    t2, t5, -1842
core   0: 3 0x800045f4 (0x8cef4393) x7  0x7ffda66a
core   0: 0x800045f8 (0x400350b3) sra     ra, t1, zero
core   0: 3 0x800045f8 (0x400350b3) x1  0x00000000
core   0: 0x800045fc (0x00004945) c.li    s2, 17
core   0: 3 0x800045fc (0x4945) x18 0x00000011
core   0: 0x800045fe (0x0000804d) c.srli  s0, 19
core   0: 3 0x800045fe (0x804d) x8  0x00000000
core   0: 0x80004600 (0x6ac48713) addi    a4, s1, 1708
core   0: 3 0x80004600 (0x6ac48713) x14 0x000006ad
core   0: 0x80004604 (0x00001f88) c.addi4spn a0, sp, 1008
core   0: 3 0x80004604 (0x1f88) x10 0x000003f0
core   0: 0x80004606 (0x0000867d) c.srai  a2, 31
core   0: 3 0x80004606 (0x867d) x12 0x00000000
core   0: 0x80004608 (0x401fd693) srai    a3, t6, 1
core   0: 3 0x80004608 (0x401fd693) x13 0x00000000
core   0: 0x8000460c (0x00fb9263) bne     s7, a5, pc + 4
core   0: 3 0x8000460c (0x00fb9263)
core   0: 0x80004610 (0x0062e8b3) or      a7, t0, t1
core   0: 3 0x80004610 (0x0062e8b3) x17 0x00000000
core   0: 0x80004614 (0x03abb233) mulhu   tp, s7, s10
core   0: 3 0x80004614 (0x03abb233) x4  0xc65cef24
core   0: 0x80004618 (0x005fa933) slt     s2, t6, t0
core   0: 3 0x80004618 (0x005fa933) x18 0x00000000
core   0: 0x8000461c (0x00cd6633) or      a2, s10, a2
core   0: 3 0x8000461c (0x00cd6633) x12 0xc65cf12e
core   0: 0x80004620 (0x01e1d613) srli    a2, gp, 30
core   0: 3 0x80004620 (0x01e1d613) x12 0x00000003
core   0: 0x80004624 (0x01fd8763) beq     s11, t6, pc + 14
core   0: 3 0x80004624 (0x01fd8763)
core   0: 0x80004628 (0x0117f033) and     zero, a5, a7
core   0: 3 0x80004628 (0x0117f033)
core   0: 0x8000462c (0x0000ea19) c.bnez  a2, pc + 22
core   0: 3 0x8000462c (0xea19)
core   0: 0x80004642 (0x002aa6b3) slt     a3, s5, sp
core   0: 3 0x80004642 (0x002aa6b3) x13 0x00000000
core   0: 0x80004646 (0x01cad2b3) srl     t0, s5, t3
core   0: 3 0x80004646 (0x01cad2b3) x5  0x00000000
core   0: 0x8000464a (0x20e28913) addi    s2, t0, 526
core   0: 3 0x8000464a (0x20e28913) x18 0x0000020e
core   0: 0x8000464e (0x01a75013) srli    zero, a4, 26
core   0: 3 0x8000464e (0x01a75013)
core   0: 0x80004652 (0x00006a5d) c.lui   s4, 0x17
core   0: 3 0x80004652 (0x6a5d) x20 0x00017000
core   0: 0x80004654 (0x00006655) c.lui   a2, 0x15
core   0: 3 0x80004654 (0x6655) x12 0x00015000
core   0: 0x80004656 (0x02b19c33) mulh    s8, gp, a1
core   0: 3 0x80004656 (0x02b19c33) x24 0xffffffff
core   0: 0x8000465a (0x0000cc81) c.beqz  s1, pc + 24
core   0: 3 0x8000465a (0xcc81)
core   0: 0x8000465c (0x000080ca) c.mv    ra, s2
core   0: 3 0x8000465c (0x80ca) x1  0x0000020e
core   0: 0x8000465e (0x00000001) c.nop
core   0: 3 0x8000465e (0x0001)
core   0: 0x80004660 (0x0000e199) c.bnez  a1, pc + 6
core   0: 3 0x80004660 (0xe199)
core   0: 0x80004666 (0x03e0f7b3) remu    a5, ra, t5
core   0: 3 0x80004666 (0x03e0f7b3) x15 0x0000020e
core   0: 0x8000466a (0x00009a96) c.add   s5, t0
core   0: 3 0x8000466a (0x9a96) x21 0x00000000
core   0: 0x8000466c (0x416fd533) sra     a0, t6, s6
core   0: 3 0x8000466c (0x416fd533) x10 0x00000000
core   0: 0x80004670 (0x00008cd5) c.or    s1, a3
core   0: 3 0x80004670 (0x8cd5) x9  0x00000001
core   0: 0x80004672 (0x00adc763) blt     s11, a0, pc + 14
core   0: 3 0x80004672 (0x00adc763)
core   0: 0x80004680 (0x000094b2) c.add   s1, a2
core   0: 3 0x80004680 (0x94b2) x9  0x00015001
core   0: 0x80004682 (0x02fc0963) beq     s8, a5, pc + 50
core   0: 3 0x80004682 (0x02fc0963)
core   0: 0x80004686 (0x0164b8b3) sltu    a7, s1, s6
core   0: 3 0x80004686 (0x0164b8b3) x17 0x00000000
core   0: 0x8000468a (0x0000997d) c.andi  a0, -1
core   0: 3 0x8000468a (0x997d) x10 0x00000000
core   0: 0x8000468c (0x012b6a63) bltu    s6, s2, pc + 20
core   0: 3 0x8000468c (0x012b6a63)
core   0: 0x80004690 (0x03fe1cb3) mulh    s9, t3, t6
core   0: 3 0x80004690 (0x03fe1cb3) x25 0x00000000
core   0: 0x80004694 (0x00008971) c.andi  a0, 28
core   0: 3 0x80004694 (0x8971) x10 0x00000000
core   0: 0x80004696 (0x00444d33) xor     s10, s0, tp
core   0: 3 0x80004696 (0x00444d33) x26 0xc65cef24
core   0: 0x8000469a (0x00006fc9) c.lui   t6, 0x12
core   0: 3 0x8000469a (0x6fc9) x31 0x00012000
core   0: 0x8000469c (0x01d5fc63) bgeu    a1, t4, pc + 24
core   0: 3 0x8000469c (0x01d5fc63)
core   0: 0x800046b4 (0x00009fc6) c.add   t6, a7
core   0: 3 0x800046b4 (0x9fc6) x31 0x00012000
core   0: 0x800046b6 (0x00008dc5) c.or    a1, s1
core   0: 3 0x800046b6 (0x8dc5) x11 0x000153c1
core   0: 0x800046b8 (0x4106de93) srai    t4, a3, 16
core   0: 3 0x800046b8 (0x4106de93) x29 0x00000000
core   0: 0x800046bc (0x000cf463) bgeu    s9, zero, pc + 8
core   0: 3 0x800046bc (0x000cf463)
core   0: 0x800046c4 (0x0177abb3) slt     s7, a5, s7
core   0: 3 0x800046c4 (0x0177abb3) x23 0x00000000
core   0: 0x800046c8 (0x816a4913) xori    s2, s4, -2026
core   0: 3 0x800046c8 (0x816a4913) x18 0xfffe8816
core   0: 0x800046cc (0x01ffd613) srli    a2, t6, 31
core   0: 3 0x800046cc (0x01ffd613) x12 0x00000000
core   0: 0x800046d0 (0x004cc963) blt     s9, tp, pc + 18
core   0: 3 0x800046d0 (0x004cc963)
core   0: 0x800046d4 (0x0000055e) c.slli  a0, 23
core   0: 3 0x800046d4 (0x055e) x10 0x00000000
core   0: 0x800046d6 (0x00006ae9) c.lui   s5, 0x1a
core   0: 3 0x800046d6 (0x6ae9) x21 0x0001a000
core   0: 0x800046d8 (0x00008c62) c.mv    s8, s8
core   0: 3 0x800046d8 (0x8c62) x24 0xffffffff
core   0: 0x800046da (0x00008031) c.srli  s0, 12
core   0: 3 0x800046da (0x8031) x8  0x00000000
core   0: 0x800046dc (0x00006979) c.lui   s2, 0x1e
core   0: 3 0x800046dc (0x6979) x18 0x0001e000
core   0: 0x800046de (0x02057633) remu    a2, a0, zero
core   0: 3 0x800046de (0x02057633) x12 0x00000000
core   0: 0x800046e2 (0x000052fd) c.li    t0, -1
core   0: 3 0x800046e2 (0x52fd) x5  0xffffffff
core   0: 0x800046e4 (0x0084bd33) sltu    s10, s1, s0
core   0: 3 0x800046e4 (0x0084bd33) x26 0x00000000
core   0: 0x800046e8 (0x0122d613) srli    a2, t0, 18
core   0: 3 0x800046e8 (0x0122d613) x12 0x00003fff
core   0: 0x800046ec (0xe2c11737) lui     a4, 0xe2c11
core   0: 3 0x800046ec (0xe2c11737) x14 0xe2c11000
core   0: 0x800046f0 (0x03800463) beq     zero, s8, pc + 40
core   0: 3 0x800046f0 (0x03800463)
core   0: 0x800046f4 (0x00194f63) blt     s2, ra, pc + 30
core   0: 3 0x800046f4 (0x00194f63)
core   0: 0x800046f8 (0x027e4233) div     tp, t3, t2
core   0: 3 0x800046f8 (0x027e4233) x4  0x00000000
core   0: 0x800046fc (0x00008f95) c.sub   a5, a3
core   0: 3 0x800046fc (0x8f95) x15 0x0000020e
core   0: 0x800046fe (0x0000609d) c.lui   ra, 0x7
core   0: 3 0x800046fe (0x609d) x1  0x00007000
core   0: 0x80004700 (0x029032b3) mulhu   t0, zero, s1
core   0: 3 0x80004700 (0x029032b3) x5  0x00000000
core   0: 0x80004704 (0x00008f31) c.xor   a4, a2
core   0: 3 0x80004704 (0x8f31) x14 0xe2c12fff
core   0: 0x80004706 (0x0144cdb3) xor     s11, s1, s4
core   0: 3 0x80004706 (0x0144cdb3) x27 0x00002001
core   0: 0x8000470a (0x0049b333) sltu    t1, s3, tp
core   0: 3 0x8000470a (0x0049b333) x6  0x00000000
core   0: 0x8000470e (0x407fd7b3) sra     a5, t6, t2
core   0: 3 0x8000470e (0x407fd7b3) x15 0x00000048
core   0: 0x80004712 (0x00e51563) bne     a0, a4, pc + 10
core   0: 3 0x80004712 (0x00e51563)
core   0: 0x8000471c (0x00000001) c.nop
core   0: 3 0x8000471c (0x0001)
core   0: 0x8000471e (0x41f25a13) srai    s4, tp, 31
core   0: 3 0x8000471e (0x41f25a13) x20 0x00000000
core   0: 0x80004722 (0x00006151) c.addi16sp sp, 272
core   0: 3 0x80004722 (0x6151) x2  0x00000110
core   0: 0x80004724 (0x00008e29) c.xor   a2, a0
core   0: 3 0x80004724 (0x8e29) x12 0x00003fff
core   0: 0x80004726 (0x011dc233) xor     tp, s11, a7
core   0: 3 0x80004726 (0x011dc233) x4  0x00002001
core   0: 0x8000472a (0x02869933) mulh    s2, a3, s0
core   0: 3 0x8000472a (0x02869933) x18 0x00000000
core   0: 0x8000472e (0x000741b3) xor     gp, a4, zero
core   0: 3 0x8000472e (0x000741b3) x3  0xe2c12fff
core   0: 0x80004732 (0x40340fb3) sub     t6, s0, gp
core   0: 3 0x80004732 (0x40340fb3) x31 0x1d3ed001
core   0: 0x80004736 (0x037a4663) blt     s4, s7, pc + 44
core   0: 3 0x80004736 (0x037a4663)
core   0: 0x8000473a (0x3299ff93) andi    t6, s3, 809
core   0: 3 0x8000473a (0x3299ff93) x31 0x00000120
core   0: 0x8000473e (0x02fde363) bltu    s11, a5, pc + 38
core   0: 3 0x8000473e (0x02fde363)
core   0: 0x80004742 (0xa2862e13) slti    t3, a2, -1496
core   0: 3 0x80004742 (0xa2862e13) x28 0x00000000
core   0: 0x80004746 (0x0000e785) c.bnez  a5, pc + 40
core   0: 3 0x80004746 (0xe785)
core   0: 0x8000476e (0x16088213) addi    tp, a7, 352
core   0: 3 0x8000476e (0x16088213) x4  0x00000160
core   0: 0x80004772 (0x0282f133) remu    sp, t0, s0
core   0: 3 0x80004772 (0x0282f133) x2  0x00000000
core   0: 0x80004776 (0x00000001) c.nop
core   0: 3 0x80004776 (0x0001)
core   0: 0x80004778 (0x01279e13) slli    t3, a5, 18
core   0: 3 0x80004778 (0x01279e13) x28 0x01200000
core   0: 0x8000477c (0x0000717d) c.addi16sp sp, -16
core   0: 3 0x8000477c (0x717d) x2  0xfffffff0
core   0: 0x8000477e (0x05cc1063) bne     s8, t3, pc + 64
core   0: 3 0x8000477e (0x05cc1063)
core   0: 0x800047be (0x001e6433) or      s0, t3, ra
core   0: 3 0x800047be (0x001e6433) x8  0x01207000
core   0: 0x800047c2 (0x01d06863) bltu    zero, t4, pc + 16
core   0: 3 0x800047c2 (0x01d06863)
core   0: 0x800047c6 (0xea23e093) ori     ra, t2, -350
core   0: 3 0x800047c6 (0xea23e093) x1  0xfffffeea
core   0: 0x800047ca (0x0060dab3) srl     s5, ra, t1
core   0: 3 0x800047ca (0x0060dab3) x21 0xfffffeea
core   0: 0x800047ce (0x03706633) rem     a2, zero, s7
core   0: 3 0x800047ce (0x03706633) x12 0x00000000
core   0: 0x800047d2 (0x00008edd) c.or    a3, a5
core   0: 3 0x800047d2 (0x8edd) x13 0x00000048
core   0: 0x800047d4 (0x01a54933) xor     s2, a0, s10
core   0: 3 0x800047d4 (0x01a54933) x18 0x00000000
core   0: 0x800047d8 (0x3f333b13) sltiu   s6, t1, 1011
core   0: 3 0x800047d8 (0x3f333b13) x22 0x00000001
core   0: 0x800047dc (0x0292d8b3) divu    a7, t0, s1
core   0: 3 0x800047dc (0x0292d8b3) x17 0x00000000
core   0: 0x800047e0 (0x00006111) c.addi16sp sp, 256
core   0: 3 0x800047e0 (0x6111) x2  0x000000f0
core   0: 0x800047e2 (0xf5aacb93) xori    s7, s5, -166
core   0: 3 0x800047e2 (0xf5aacb93) x23 0x000001b0
core   0: 0x800047e6 (0x00764363) blt     a2, t2, pc + 6
core   0: 3 0x800047e6 (0x00764363)
core   0: 0x800047ec (0xc0d7e013) ori     zero, a5, -1011
core   0: 3 0x800047ec (0xc0d7e013)
core   0: 0x800047f0 (0x038a2633) mulhsu  a2, s4, s8
core   0: 3 0x800047f0 (0x038a2633) x12 0x00000000
core   0: 0x800047f4 (0x00008fe6) c.mv    t6, s9
core   0: 3 0x800047f4 (0x8fe6) x31 0x00000000
core   0: 0x800047f6 (0x01e89533) sll     a0, a7, t5
core   0: 3 0x800047f6 (0x01e89533) x10 0x00000000
core   0: 0x800047fa (0x405ad2b3) sra     t0, s5, t0
core   0: 3 0x800047fa (0x405ad2b3) x5  0xfffffeea
core   0: 0x800047fe (0x00008d65) c.and   a0, s1
core   0: 3 0x800047fe (0x8d65) x10 0x00000000
core   0: 0x80004800 (0x0000717d) c.addi16sp sp, -16
core   0: 3 0x80004800 (0x717d) x2  0x000000e0
core   0: 0x80004802 (0x0341b5b3) mulhu   a1, gp, s4
core   0: 3 0x80004802 (0x0341b5b3) x11 0x00000000
core   0: 0x80004806 (0x029de733) rem     a4, s11, s1
core   0: 3 0x80004806 (0x029de733) x14 0x00002001
core   0: 0x8000480a (0x02be2ab3) mulhsu  s5, t3, a1
core   0: 3 0x8000480a (0x02be2ab3) x21 0x00000000
core   0: 0x8000480e (0x0050de13) srli    t3, ra, 5
core   0: 3 0x8000480e (0x0050de13) x28 0x07fffff7
core   0: 0x80004812 (0x03889263) bne     a7, s8, pc + 36
core   0: 3 0x80004812 (0x03889263)
core   0: 0x80004836 (0x011c94b3) sll     s1, s9, a7
core   0: 3 0x80004836 (0x011c94b3) x9  0x00000000
core   0: 0x8000483a (0x7706ab13) slti    s6, a3, 1904
core   0: 3 0x8000483a (0x7706ab13) x22 0x00000001
core   0: 0x8000483e (0x412e0b33) sub     s6, t3, s2
core   0: 3 0x8000483e (0x412e0b33) x22 0x07fffff7
core   0: 0x80004842 (0x00001e7d) c.addi  t3, -1
core   0: 3 0x80004842 (0x1e7d) x28 0x07fffff6
core   0: 0x80004844 (0xa245a613) slti    a2, a1, -1500
core   0: 3 0x80004844 (0xa245a613) x12 0x00000000
core   0: 0x80004848 (0x16dd8313) addi    t1, s11, 365
core   0: 3 0x80004848 (0x16dd8313) x6  0x0000216e
core   0: 0x8000484c (0x037e9b33) mulh    s6, t4, s7
core   0: 3 0x8000484c (0x037e9b33) x22 0x00000000
core   0: 0x80004850 (0x00bf8cb3) add     s9, t6, a1
core   0: 3 0x80004850 (0x00bf8cb3) x25 0x00000000
core   0: 0x80004854 (0x01cc5563) bge     s8, t3, pc + 10
core   0: 3 0x80004854 (0x01cc5563)
core   0: 0x80004858 (0x024bfb33) remu    s6, s7, tp
core   0: 3 0x80004858 (0x024bfb33) x22 0x00000050
core   0: 0x8000485c (0x00000001) c.nop
core   0: 3 0x8000485c (0x0001)
core   0: 0x8000485e (0x40e654b3) sra     s1, a2, a4
core   0: 3 0x8000485e (0x40e654b3) x9  0x00000000
core   0: 0x80004862 (0x018b1333) sll     t1, s6, s8
core   0: 3 0x80004862 (0x018b1333) x6  0x00000000
core   0: 0x80004866 (0xfc0db297) auipc   t0, 0xfc0db
core   0: 3 0x80004866 (0xfc0db297) x5  0x7c0df866
core   0: 0x8000486a (0xc7a92537) lui     a0, 0xc7a92
core   0: 3 0x8000486a (0xc7a92537) x10 0xc7a92000
core   0: 0x8000486e (0x02258ab3) mul     s5, a1, sp
core   0: 3 0x8000486e (0x02258ab3) x21 0x00000000
core   0: 0x80004872 (0x00cb01b3) add     gp, s6, a2
core   0: 3 0x80004872 (0x00cb01b3) x3  0x00000050
core   0: 0x80004876 (0x03e72333) mulhsu  t1, a4, t5
core   0: 3 0x80004876 (0x03e72333) x6  0x00001000
core   0: 0x8000487a (0xb06ab097) auipc   ra, 0xb06ab
core   0: 3 0x8000487a (0xb06ab097) x1  0x306af87a
core   0: 0x8000487e (0x00008e75) c.and   a2, a3
core   0: 3 0x8000487e (0x8e75) x12 0x00000000
core   0: 0x80004880 (0x02218133) mul     sp, gp, sp
core   0: 3 0x80004880 (0x02218133) x2  0x00004600
core   0: 0x80004884 (0x01eb1113) slli    sp, s6, 30
core   0: 3 0x80004884 (0x01eb1113) x2  0x00000000
core   0: 0x80004888 (0x00008f55) c.or    a4, a3
core   0: 3 0x80004888 (0x8f55) x14 0x00002049
core   0: 0x8000488a (0x00a7dcb3) srl     s9, a5, a0
core   0: 3 0x8000488a (0x00a7dcb3) x25 0x00000048
core   0: 0x8000488e (0x00008f25) c.xor   a4, s1
core   0: 3 0x8000488e (0x8f25) x14 0x00002049
core   0: 0x80004890 (0x41cb5793) srai    a5, s6, 28
core   0: 3 0x80004890 (0x41cb5793) x15 0x00000000
core   0: 0x80004894 (0x0249b8b3) mulhu   a7, s3, tp
core   0: 3 0x80004894 (0x0249b8b3) x17 0x000000b0
core   0: 0x80004898 (0x000080a9) c.srli  s1, 10
core   0: 3 0x80004898 (0x80a9) x9  0x00000000
core   0: 0x8000489a (0x00008bd1) c.andi  a5, 20
core   0: 3 0x8000489a (0x8bd1) x15 0x00000000
core   0: 0x8000489c (0x0000c989) c.beqz  a1, pc + 18
core   0: 3 0x8000489c (0xc989)
core   0: 0x800048ae (0x00950263) beq     a0, s1, pc + 4
core   0: 3 0x800048ae (0x00950263)
core   0: 0x800048b2 (0x013ccb63) blt     s9, s3, pc + 22
core   0: 3 0x800048b2 (0x013ccb63)
core   0: 0x800048b6 (0x41de5713) srai    a4, t3, 29
core   0: 3 0x800048b6 (0x41de5713) x14 0x00000000
core   0: 0x800048ba (0x01c15233) srl     tp, sp, t3
core   0: 3 0x800048ba (0x01c15233) x4  0x00000000
core   0: 0x800048be (0x02459a63) bne     a1, tp, pc + 52
core   0: 3 0x800048be (0x02459a63)
core   0: 0x800048c2 (0x00008f89) c.sub   a5, a0
core   0: 3 0x800048c2 (0x8f89) x15 0x3856e000
core   0: 0x800048c4 (0x00000a1c) c.addi4spn a5, sp, 272
core   0: 3 0x800048c4 (0x0a1c) x15 0x00000110
core   0: 0x800048c6 (0x0000815d) c.srli  a0, 23
core   0: 3 0x800048c6 (0x815d) x10 0x0000018f
core   0: 0x800048c8 (0xc3cfe597) auipc   a1, 0xc3cfe
core   0: 3 0x800048c8 (0xc3cfe597) x11 0x43d028c8
core   0: 0x800048cc (0x01b58e33) add     t3, a1, s11
core   0: 3 0x800048cc (0x01b58e33) x28 0x43d048c9
core   0: 0x800048d0 (0x61a2ee13) ori     t3, t0, 1562
core   0: 3 0x800048d0 (0x61a2ee13) x28 0x7c0dfe7e
core   0: 0x800048d4 (0xc0c66c93) ori     s9, a2, -1012
core   0: 3 0x800048d4 (0xc0c66c93) x25 0xfffffc0c
core   0: 0x800048d8 (0x226d0593) addi    a1, s10, 550
core   0: 3 0x800048d8 (0x226d0593) x11 0x00000226
core   0: 0x800048dc (0x02253533) mulhu   a0, a0, sp
core   0: 3 0x800048dc (0x02253533) x10 0x00000000
core   0: 0x800048e0 (0x418b8ab3) sub     s5, s7, s8
core   0: 3 0x800048e0 (0x418b8ab3) x21 0x000001b1
core   0: 0x800048e4 (0x00000001) c.nop
core   0: 3 0x800048e4 (0x0001)
core   0: 0x800048e6 (0x413588b3) sub     a7, a1, s3
core   0: 3 0x800048e6 (0x413588b3) x17 0x7ffd6502
core   0: 0x800048ea (0x009b9213) slli    tp, s7, 9
core   0: 3 0x800048ea (0x009b9213) x4  0x00036000
core   0: 0x800048ee (0x01acecb3) or      s9, s9, s10
core   0: 3 0x800048ee (0x01acecb3) x25 0xfffffc0c
core   0: 0x800048f2 (0x0222d763) bge     t0, sp, pc + 46
core   0: 3 0x800048f2 (0x0222d763)
core   0: 0x80004920 (0x004adf93) srli    t6, s5, 4
core   0: 3 0x80004920 (0x004adf93) x31 0x0000001b
core   0: 0x80004924 (0xe6f9b493) sltiu   s1, s3, -401
core   0: 3 0x80004924 (0xe6f9b493) x9  0x00000001
core   0: 0x80004928 (0x00008cd9) c.or    s1, a4
core   0: 3 0x80004928 (0x8cd9) x9  0x00000001
core   0: 0x8000492a (0x00000001) c.nop
core   0: 3 0x8000492a (0x0001)
core   0: 0x8000492c (0x0000813d) c.srli  a0, 15
core   0: 3 0x8000492c (0x813d) x10 0x00000000
core   0: 0x8000492e (0x00009306) c.add   t1, ra
core   0: 3 0x8000492e (0x9306) x6  0x306b087a
core   0: 0x80004930 (0x00008e05) c.sub   a2, s1
core   0: 3 0x80004930 (0x8e05) x12 0xffffffff
core   0: 0x80004932 (0x00f35a93) srli    s5, t1, 15
core   0: 3 0x80004932 (0x00f35a93) x21 0x000060d6
core   0: 0x80004936 (0x0000cd99) c.beqz  a1, pc + 30
core   0: 3 0x80004936 (0xcd99)
core   0: 0x80004938 (0x01eb1433) sll     s0, s6, t5
core   0: 3 0x80004938 (0x01eb1433) x8  0x00000500
core   0: 0x8000493c (0x0e3be413) ori     s0, s7, 227
core   0: 3 0x8000493c (0x0e3be413) x8  0x000001f3
core   0: 0x80004940 (0x00008045) c.srli  s0, 17
core   0: 3 0x80004940 (0x8045) x8  0x00000000
core   0: 0x80004942 (0x03ae5e63) bge     t3, s10, pc + 60
core   0: 3 0x80004942 (0x03ae5e63)
core   0: 0x8000497e (0x03826db3) rem     s11, tp, s8
core   0: 3 0x8000497e (0x03826db3) x27 0x00000000
core   0: 0x80004982 (0x01805933) srl     s2, zero, s8
core   0: 3 0x80004982 (0x01805933) x18 0x00000000
core   0: 0x80004986 (0x0000cb99) c.beqz  a5, pc + 22
core   0: 3 0x80004986 (0xcb99)
core   0: 0x80004988 (0x402a03b3) sub     t2, s4, sp
core   0: 3 0x80004988 (0x402a03b3) x7  0x00000000
core   0: 0x8000498c (0x00710463) beq     sp, t2, pc + 8
core   0: 3 0x8000498c (0x00710463)
core   0: 0x80004994 (0x6cd9f393) andi    t2, s3, 1741
core   0: 3 0x80004994 (0x6cd9f393) x7  0x00000404
core   0: 0x80004998 (0xaf907a93) andi    s5, zero, -1287
core   0: 3 0x80004998 (0xaf907a93) x21 0x00000000
core   0: 0x8000499c (0x01e5e033) or      zero, a1, t5
core   0: 3 0x8000499c (0x01e5e033)
core   0: 0x800049a0 (0x0000852d) c.srai  a0, 11
core   0: 3 0x800049a0 (0x852d) x10 0x00000000
core   0: 0x800049a2 (0x0176db33) srl     s6, a3, s7
core   0: 3 0x800049a2 (0x0176db33) x22 0x00000000
core   0: 0x800049a6 (0x0243c663) blt     t2, tp, pc + 44
core   0: 3 0x800049a6 (0x0243c663)
core   0: 0x800049d2 (0x0112e4b3) or      s1, t0, a7
core   0: 3 0x800049d2 (0x0112e4b3) x9  0x7ffdfd66
core   0: 0x800049d6 (0x03aed933) divu    s2, t4, s10
core   0: 3 0x800049d6 (0x03aed933) x18 0xffffffff
core   0: 0x800049da (0x02e838b3) mulhu   a7, a6, a4
core   0: 3 0x800049da (0x02e838b3) x17 0x00000000
core   0: 0x800049de (0x01f3a433) slt     s0, t2, t6
core   0: 3 0x800049de (0x01f3a433) x8  0x00000000
core   0: 0x800049e2 (0x0369a3b3) mulhsu  t2, s3, s6
core   0: 3 0x800049e2 (0x0369a3b3) x7  0x00000000
core   0: 0x800049e6 (0x00a67763) bgeu    a2, a0, pc + 14
core   0: 3 0x800049e6 (0x00a67763)
core   0: 0x800049f4 (0x01717b63) bgeu    sp, s7, pc + 22
core   0: 3 0x800049f4 (0x01717b63)
core   0: 0x800049f8 (0x000089d1) c.andi  a1, 20
core   0: 3 0x800049f8 (0x89d1) x11 0x00000004
core   0: 0x800049fa (0x003862b3) or      t0, a6, gp
core   0: 3 0x800049fa (0x003862b3) x5  0x5b4bc1d6
core   0: 0x800049fe (0x41d80cb3) sub     s9, a6, t4
core   0: 3 0x800049fe (0x41d80cb3) x25 0x5b4bc1c6
core   0: 0x80004a02 (0x0328d4b3) divu    s1, a7, s2
core   0: 3 0x80004a02 (0x0328d4b3) x9  0x00000000
core   0: 0x80004a06 (0x0284d933) divu    s2, s1, s0
core   0: 3 0x80004a06 (0x0284d933) x18 0xffffffff
core   0: 0x80004a0a (0x029ed663) bge     t4, s1, pc + 44
core   0: 3 0x80004a0a (0x029ed663)
core   0: 0x80004a36 (0x00006d11) c.lui   s10, 0x4
core   0: 3 0x80004a36 (0x6d11) x26 0x00004000
core   0: 0x80004a38 (0x016ff933) and     s2, t6, s6
core   0: 3 0x80004a38 (0x016ff933) x18 0x00000000
core   0: 0x80004a3c (0x01e61d63) bne     a2, t5, pc + 26
core   0: 3 0x80004a3c (0x01e61d63)
core   0: 0x80004a56 (0x00008cd5) c.or    s1, a3
core   0: 3 0x80004a56 (0x8cd5) x9  0x00000048
core   0: 0x80004a58 (0x401edb33) sra     s6, t4, ra
core   0: 3 0x80004a58 (0x401edb33) x22 0x00000000
core   0: 0x80004a5c (0x000084f9) c.srai  s1, 30
core   0: 3 0x80004a5c (0x84f9) x9  0x00000000
core   0: 0x80004a5e (0x00008f09) c.sub   a4, a0
core   0: 3 0x80004a5e (0x8f09) x14 0x00000000
core   0: 0x80004a60 (0xa3586013) ori     zero, a6, -1483
core   0: 3 0x80004a60 (0xa3586013)
core   0: 0x80004a64 (0x00008f01) c.sub   a4, s0
core   0: 3 0x80004a64 (0x8f01) x14 0x00000000
core   0: 0x80004a66 (0x02620a33) mul     s4, tp, t1
core   0: 3 0x80004a66 (0x02620a33) x20 0x3c9bc000
core   0: 0x80004a6a (0x00e44563) blt     s0, a4, pc + 10
core   0: 3 0x80004a6a (0x00e44563)
core   0: 0x80004a6e (0x2b73e693) ori     a3, t2, 695
core   0: 3 0x80004a6e (0x2b73e693) x13 0x000002b7
core   0: 0x80004a72 (0x00008d41) c.or    a0, s0
core   0: 3 0x80004a72 (0x8d41) x10 0x00000000
core   0: 0x80004a74 (0x0000819e) c.mv    gp, t2
core   0: 3 0x80004a74 (0x819e) x3  0x00000000
core   0: 0x80004a76 (0x01e46c33) or      s8, s0, t5
core   0: 3 0x80004a76 (0x01e46c33) x24 0x80025ea4
core   0: 0x80004a7a (0x03771633) mulh    a2, a4, s7
core   0: 3 0x80004a7a (0x03771633) x12 0x00000000
core   0: 0x80004a7e (0x02876433) rem     s0, a4, s0
core   0: 3 0x80004a7e (0x02876433) x8  0x00000000
core   0: 0x80004a82 (0x02310eb3) mul     t4, sp, gp
core   0: 3 0x80004a82 (0x02310eb3) x29 0x00000000
core   0: 0x80004a86 (0x0390d0b3) divu    ra, ra, s9
core   0: 3 0x80004a86 (0x0390d0b3) x1  0x00000000
core   0: 0x80004a8a (0x03800eb3) mul     t4, zero, s8
core   0: 3 0x80004a8a (0x03800eb3) x29 0x00000000
core   0: 0x80004a8e (0xb132c593) xori    a1, t0, -1261
core   0: 3 0x80004a8e (0xb132c593) x11 0xa4b43ac5
core   0: 0x80004a92 (0x005e9f63) bne     t4, t0, pc + 30
core   0: 3 0x80004a92 (0x005e9f63)
core   0: 0x80004ab0 (0x00d22433) slt     s0, tp, a3
core   0: 3 0x80004ab0 (0x00d22433) x8  0x00000000
core   0: 0x80004ab4 (0x010e7633) and     a2, t3, a6
core   0: 3 0x80004ab4 (0x010e7633) x12 0x5809c046
core   0: 0x80004ab8 (0x01fada63) bge     s5, t6, pc + 20
core   0: 3 0x80004ab8 (0x01fada63)
core   0: 0x80004abc (0x40fe8533) sub     a0, t4, a5
core   0: 3 0x80004abc (0x40fe8533) x10 0xfffffef0
core   0: 0x80004ac0 (0x00006349) c.lui   t1, 0x12
core   0: 3 0x80004ac0 (0x6349) x6  0x00012000
core   0: 0x80004ac2 (0x000093f6) c.add   t2, t4
core   0: 3 0x80004ac2 (0x93f6) x7  0x00000000
core   0: 0x80004ac4 (0x4067d7b3) sra     a5, a5, t1
core   0: 3 0x80004ac4 (0x4067d7b3) x15 0x00000110
core   0: 0x80004ac8 (0x05b6b013) sltiu   zero, a3, 91
core   0: 3 0x80004ac8 (0x05b6b013)
core   0: 0x80004acc (0x0000c51d) c.beqz  a0, pc + 46
core   0: 3 0x80004acc (0xc51d)
core   0: 0x80004ace (0x010e5933) srl     s2, t3, a6
core   0: 3 0x80004ace (0x010e5933) x18 0x01f037f9
core   0: 0x80004ad2 (0x00008d11) c.sub   a0, a2
core   0: 3 0x80004ad2 (0x8d11) x10 0xa7f63eaa
core   0: 0x80004ad4 (0x0000c38d) c.beqz  a5, pc + 34
core   0: 3 0x80004ad4 (0xc38d)
core   0: 0x80004ad6 (0x4162d413) srai    s0, t0, 22
core   0: 3 0x80004ad6 (0x4162d413) x8  0x0000016d
core   0: 0x80004ada (0x02bfd2b3) divu    t0, t6, a1
core   0: 3 0x80004ada (0x02bfd2b3) x5  0x00000000
core   0: 0x80004ade (0x0000ea81) c.bnez  a3, pc + 16
core   0: 3 0x80004ade (0xea81)
core   0: 0x80004aee (0xf7033513) sltiu   a0, t1, -144
core   0: 3 0x80004aee (0xf7033513) x10 0x00000001
core   0: 0x80004af2 (0x01a44463) blt     s0, s10, pc + 8
core   0: 3 0x80004af2 (0x01a44463)
core   0: 0x80004afa (0x00008d01) c.sub   a0, s0
core   0: 3 0x80004afa (0x8d01) x10 0xfffffe94
core   0: 0x80004afc (0x412456b3) sra     a3, s0, s2
core   0: 3 0x80004afc (0x412456b3) x13 0x00000000
core   0: 0x80004b00 (0xff69e013) ori     zero, s3, -10
core   0: 3 0x80004b00 (0xff69e013)
core   0: 0x80004b04 (0x02d40633) mul     a2, s0, a3
core   0: 3 0x80004b04 (0x02d40633) x12 0x00000000
core   0: 0x80004b08 (0x01c51593) slli    a1, a0, 28
core   0: 3 0x80004b08 (0x01c51593) x11 0x40000000
core   0: 0x80004b0c (0x01a11793) slli    a5, sp, 26
core   0: 3 0x80004b0c (0x01a11793) x15 0x00000000
core   0: 0x80004b10 (0x00f6ae33) slt     t3, a3, a5
core   0: 3 0x80004b10 (0x00f6ae33) x28 0x00000000
core   0: 0x80004b14 (0x00000788) c.addi4spn a0, sp, 960
core   0: 3 0x80004b14 (0x0788) x10 0x000003c0
core   0: 0x80004b16 (0x40140d33) sub     s10, s0, ra
core   0: 3 0x80004b16 (0x40140d33) x26 0x0000016d
core   0: 0x80004b1a (0x00cc1c33) sll     s8, s8, a2
core   0: 3 0x80004b1a (0x00cc1c33) x24 0x80025ea4
core   0: 0x80004b1e (0x00d41693) slli    a3, s0, 13
core   0: 3 0x80004b1e (0x00d41693) x13 0x002da000
core   0: 0x80004b22 (0xbe74e713) ori     a4, s1, -1049
core   0: 3 0x80004b22 (0xbe74e713) x14 0xfffffbe7
core   0: 0x80004b26 (0x01bb9763) bne     s7, s11, pc + 14
core   0: 3 0x80004b26 (0x01bb9763)
core   0: 0x80004b34 (0x418858b3) sra     a7, a6, s8
core   0: 3 0x80004b34 (0x418858b3) x17 0x05b4bc1c
core   0: 0x80004b38 (0x00000001) c.nop
core   0: 3 0x80004b38 (0x0001)
core   0: 0x80004b3a (0x03e87d33) remu    s10, a6, t5
core   0: 3 0x80004b3a (0x03e87d33) x26 0x5b4bc1c6
core   0: 0x80004b3e (0x01557b33) and     s6, a0, s5
core   0: 3 0x80004b3e (0x01557b33) x22 0x00000000
core   0: 0x80004b42 (0x406154b3) sra     s1, sp, t1
core   0: 3 0x80004b42 (0x406154b3) x9  0x00000000
core   0: 0x80004b46 (0x0000e889) c.bnez  s1, pc + 18
core   0: 3 0x80004b46 (0xe889)
core   0: 0x80004b48 (0x0000ea81) c.bnez  a3, pc + 16
core   0: 3 0x80004b48 (0xea81)
core   0: 0x80004b58 (0x00004399) c.li    t2, 6
core   0: 3 0x80004b58 (0x4399) x7  0x00000006
core   0: 0x80004b5a (0x01e3ed33) or      s10, t2, t5
core   0: 3 0x80004b5a (0x01e3ed33) x26 0x80025ea6
core   0: 0x80004b5e (0x44878d93) addi    s11, a5, 1096
core   0: 3 0x80004b5e (0x44878d93) x27 0x00000448
core   0: 0x80004b62 (0x013df2b3) and     t0, s11, s3
core   0: 3 0x80004b62 (0x013df2b3) x5  0x00000400
core   0: 0x80004b66 (0x0205acb3) mulhsu  s9, a1, zero
core   0: 3 0x80004b66 (0x0205acb3) x25 0x00000000
core   0: 0x80004b6a (0x02511b33) mulh    s6, sp, t0
core   0: 3 0x80004b6a (0x02511b33) x22 0x00000000
core   0: 0x80004b6e (0x31cec897) auipc   a7, 0x31cec
core   0: 3 0x80004b6e (0x31cec897) x17 0xb1cf0b6e
core   0: 0x80004b72 (0x00008ca1) c.xor   s1, s0
core   0: 3 0x80004b72 (0x8ca1) x9  0x0000016d
core   0: 0x80004b74 (0x670fac13) slti    s8, t6, 1648
core   0: 3 0x80004b74 (0x670fac13) x24 0x00000001
core   0: 0x80004b78 (0x030cc8b3) div     a7, s9, a6
core   0: 3 0x80004b78 (0x030cc8b3) x17 0x00000000
core   0: 0x80004b7c (0x00008ca9) c.xor   s1, a0
core   0: 3 0x80004b7c (0x8ca9) x9  0x000002ad
core   0: 0x80004b7e (0x00008f99) c.sub   a5, a4
core   0: 3 0x80004b7e (0x8f99) x15 0x00000419
core   0: 0x80004b80 (0x0000e109) c.bnez  a0, pc + 2
core   0: 3 0x80004b80 (0xe109)
core   0: 0x80004b82 (0x03a2e163) bltu    t0, s10, pc + 34
core   0: 3 0x80004b82 (0x03a2e163)
core   0: 0x80004ba4 (0x416ed613) srai    a2, t4, 22
core   0: 3 0x80004ba4 (0x416ed613) x12 0x00000000
core   0: 0x80004ba8 (0x00006c55) c.lui   s8, 0x15
core   0: 3 0x80004ba8 (0x6c55) x24 0x00015000
core   0: 0x80004baa (0xa57395b7) lui     a1, 0xa5739
core   0: 3 0x80004baa (0xa57395b7) x11 0xa5739000
core   0: 0x80004bae (0x00006bc9) c.lui   s7, 0x12
core   0: 3 0x80004bae (0x6bc9) x23 0x00012000
core   0: 0x80004bb0 (0x00000001) c.nop
core   0: 3 0x80004bb0 (0x0001)
core   0: 0x80004bb2 (0x00001b7d) c.addi  s6, -1
core   0: 3 0x80004bb2 (0x1b7d) x22 0xffffffff
core   0: 0x80004bb4 (0x00008d19) c.sub   a0, a4
core   0: 3 0x80004bb4 (0x8d19) x10 0x000007d9
core   0: 0x80004bb6 (0x027c2133) mulhsu  sp, s8, t2
core   0: 3 0x80004bb6 (0x027c2133) x2  0x00000000
core   0: 0x80004bba (0x0000197d) c.addi  s2, -1
core   0: 3 0x80004bba (0x197d) x18 0x01f037f8
core   0: 0x80004bbc (0x0000198c) c.addi4spn a1, sp, 240
core   0: 3 0x80004bbc (0x198c) x11 0x000000f0
core   0: 0x80004bbe (0xc6c64293) xori    t0, a2, -916
core   0: 3 0x80004bbe (0xc6c64293) x5  0xfffffc6c
core   0: 0x80004bc2 (0x0329fbb3) remu    s7, s3, s2
core   0: 3 0x80004bc2 (0x0329fbb3) x23 0x00142f34
core   0: 0x80004bc6 (0x01cb30b3) sltu    ra, s6, t3
core   0: 3 0x80004bc6 (0x01cb30b3) x1  0x00000000
core   0: 0x80004bca (0x00001698) c.addi4spn a4, sp, 864
core   0: 3 0x80004bca (0x1698) x14 0x00000360
core   0: 0x80004bcc (0x0359b533) mulhu   a0, s3, s5
core   0: 3 0x80004bcc (0x0359b533) x10 0x00000000
core   0: 0x80004bd0 (0x00e0e763) bltu    ra, a4, pc + 14
core   0: 3 0x80004bd0 (0x00e0e763)
core   0: 0x80004bde (0x030e8133) mul     sp, t4, a6
core   0: 3 0x80004bde (0x030e8133) x2  0x00000000
core   0: 0x80004be2 (0x00000ea5) c.addi  t4, 9
core   0: 3 0x80004be2 (0x0ea5) x29 0x00000009
core   0: 0x80004be4 (0x0000cf19) c.beqz  a4, pc + 30
core   0: 3 0x80004be4 (0xcf19)
core   0: 0x80004be6 (0x0294c3b3) div     t2, s1, s1
core   0: 3 0x80004be6 (0x0294c3b3) x7  0x00000001
core   0: 0x80004bea (0x40f00a33) sub     s4, zero, a5
core   0: 3 0x80004bea (0x40f00a33) x20 0xfffffbe7
core   0: 0x80004bee (0xe3f64d13) xori    s10, a2, -449
core   0: 3 0x80004bee (0xe3f64d13) x26 0xfffffe3f
core   0: 0x80004bf2 (0x00008ffd) c.and   a5, a5
core   0: 3 0x80004bf2 (0x8ffd) x15 0x00000419
core   0: 0x80004bf4 (0x033efc33) remu    s8, t4, s3
core   0: 3 0x80004bf4 (0x033efc33) x24 0x00000009
core   0: 0x80004bf8 (0xae4efb13) andi    s6, t4, -1308
core   0: 3 0x80004bf8 (0xae4efb13) x22 0x00000000
core   0: 0x80004bfc (0xe2269897) auipc   a7, 0xe2269
core   0: 3 0x80004bfc (0xe2269897) x17 0x6226dbfc
core   0: 0x80004c00 (0x00001d14) c.addi4spn a3, sp, 688
core   0: 3 0x80004c00 (0x1d14) x13 0x000002b0
core   0: 0x80004c02 (0x0000997d) c.andi  a0, -1
core   0: 3 0x80004c02 (0x997d) x10 0x00000000
core   0: 0x80004c04 (0x0000815d) c.srli  a0, 23
core   0: 3 0x80004c04 (0x815d) x10 0x00000000
core   0: 0x80004c06 (0x0322ca33) div     s4, t0, s2
core   0: 3 0x80004c06 (0x0322ca33) x20 0x00000000
core   0: 0x80004c0a (0x40aed0b3) sra     ra, t4, a0
core   0: 3 0x80004c0a (0x40aed0b3) x1  0x00000009
core   0: 0x80004c0e (0x02735e33) divu    t3, t1, t2
core   0: 3 0x80004c0e (0x02735e33) x28 0x00012000
core   0: 0x80004c12 (0x00009526) c.add   a0, s1
core   0: 3 0x80004c12 (0x9526) x10 0x000002ad
core   0: 0x80004c14 (0x018413b3) sll     t2, s0, s8
core   0: 3 0x80004c14 (0x018413b3) x7  0x0002da00
core   0: 0x80004c18 (0x0020e263) bltu    ra, sp, pc + 4
core   0: 3 0x80004c18 (0x0020e263)
core   0: 0x80004c1c (0x0184c463) blt     s1, s8, pc + 8
core   0: 3 0x80004c1c (0x0184c463)
core   0: 0x80004c20 (0x014bc433) xor     s0, s7, s4
core   0: 3 0x80004c20 (0x014bc433) x8  0x00142f34
core   0: 0x80004c24 (0x03f36633) rem     a2, t1, t6
core   0: 3 0x80004c24 (0x03f36633) x12 0x00000012
core   0: 0x80004c28 (0x000081ad) c.srli  a1, 11
core   0: 3 0x80004c28 (0x81ad) x11 0x00000000
core   0: 0x80004c2a (0x0000ca05) c.beqz  a2, pc + 48
core   0: 3 0x80004c2a (0xca05)
core   0: 0x80004c2c (0x0264ea33) rem     s4, s1, t1
core   0: 3 0x80004c2c (0x0264ea33) x20 0x000002ad
core   0: 0x80004c30 (0x00000e51) c.addi  t3, 20
core   0: 3 0x80004c30 (0x0e51) x28 0x00012014
core   0: 0x80004c32 (0x040e4163) bltz    t3, pc + 66
core   0: 3 0x80004c32 (0x040e4163)
core   0: 0x80004c36 (0x014a34b3) sltu    s1, s4, s4
core   0: 3 0x80004c36 (0x014a34b3) x9  0x00000000
core   0: 0x80004c3a (0x0382ee33) rem     t3, t0, s8
core   0: 3 0x80004c3a (0x0382ee33) x28 0xfffffff9
core   0: 0x80004c3e (0xf62c2c37) lui     s8, 0xf62c2
core   0: 3 0x80004c3e (0xf62c2c37) x24 0xf62c2000
core   0: 0x80004c42 (0xfb082713) slti    a4, a6, -80
core   0: 3 0x80004c42 (0xfb082713) x14 0x00000000
core   0: 0x80004c46 (0x00004429) c.li    s0, 10
core   0: 3 0x80004c46 (0x4429) x8  0x0000000a
core   0: 0x80004c48 (0x6466f513) andi    a0, a3, 1606
core   0: 3 0x80004c48 (0x6466f513) x10 0x00000200
core   0: 0x80004c4c (0xc418ad13) slti    s10, a7, -959
core   0: 3 0x80004c4c (0xc418ad13) x26 0x00000000
core   0: 0x80004c50 (0x02db9533) mulh    a0, s7, a3
core   0: 3 0x80004c50 (0x02db9533) x10 0x00000000
core   0: 0x80004c54 (0x00008d7d) c.and   a0, a5
core   0: 3 0x80004c54 (0x8d7d) x10 0x00000000
core   0: 0x80004c56 (0x00417963) bgeu    sp, tp, pc + 18
core   0: 3 0x80004c56 (0x00417963)
core   0: 0x80004c5a (0x024f23b3) mulhsu  t2, t5, tp
core   0: 3 0x80004c5a (0x024f23b3) x7  0xfffe5007
core   0: 0x80004c5e (0x00009606) c.add   a2, ra
core   0: 3 0x80004c5e (0x9606) x12 0x0000001b
core   0: 0x80004c60 (0x1f966e13) ori     t3, a2, 505
core   0: 3 0x80004c60 (0x1f966e13) x28 0x000001fb
core   0: 0x80004c64 (0x00b12d33) slt     s10, sp, a1
core   0: 3 0x80004c64 (0x00b12d33) x26 0x00000000
core   0: 0x80004c68 (0x00006c91) c.lui   s9, 0x4
core   0: 3 0x80004c68 (0x6c91) x25 0x00004000
core   0: 0x80004c6a (0x01229c93) slli    s9, t0, 18
core   0: 3 0x80004c6a (0x01229c93) x25 0xf1b00000
core   0: 0x80004c6e (0x14fef713) andi    a4, t4, 335
core   0: 3 0x80004c6e (0x14fef713) x14 0x00000009
core   0: 0x80004c72 (0x00000dba) c.slli  s11, 14
core   0: 3 0x80004c72 (0x0dba) x27 0x01120000
core   0: 0x80004c74 (0x00f29513) slli    a0, t0, 15
core   0: 3 0x80004c74 (0x00f29513) x10 0xfe360000
core   0: 0x80004c78 (0x064a1663) bne     s4, tp, pc + 108
core   0: 3 0x80004c78 (0x064a1663)
core   0: 0x80004ce4 (0x7edfcf93) xori    t6, t6, 2029
core   0: 3 0x80004ce4 (0x7edfcf93) x31 0x000007f6
core   0: 0x80004ce8 (0x00006a9d) c.lui   s5, 0x7
core   0: 3 0x80004ce8 (0x6a9d) x21 0x00007000
core   0: 0x80004cea (0x00000dea) c.slli  s11, 26
core   0: 3 0x80004cea (0x0dea) x27 0x00000000
core   0: 0x80004cec (0x000043ad) c.li    t2, 11
core   0: 3 0x80004cec (0x43ad) x7  0x0000000b
core   0: 0x80004cee (0x00000001) c.nop
core   0: 3 0x80004cee (0x0001)
core   0: 0x80004cf0 (0x00bbb5b3) sltu    a1, s7, a1
core   0: 3 0x80004cf0 (0x00bbb5b3) x11 0x00000000
core   0: 0x80004cf4 (0x4bc26517) auipc   a0, 0x4bc26
core   0: 3 0x80004cf4 (0x4bc26517) x10 0xcbc2acf4
core   0: 0x80004cf8 (0x0000ea15) c.bnez  a2, pc + 52
core   0: 3 0x80004cf8 (0xea15)
core   0: 0x80004d2c (0x00000001) c.nop
core   0: 3 0x80004d2c (0x0001)
core   0: 0x80004d2e (0x3023cd93) xori    s11, t2, 770
core   0: 3 0x80004d2e (0x3023cd93) x27 0x00000309
core   0: 0x80004d32 (0x74272b93) slti    s7, a4, 1858
core   0: 3 0x80004d32 (0x74272b93) x23 0x00000001
core   0: 0x80004d36 (0x40f75ab3) sra     s5, a4, a5
core   0: 3 0x80004d36 (0x40f75ab3) x21 0x00000000
core   0: 0x80004d3a (0x01f8a5b3) slt     a1, a7, t6
core   0: 3 0x80004d3a (0x01f8a5b3) x11 0x00000000
core   0: 0x80004d3e (0x03c965b3) rem     a1, s2, t3
core   0: 3 0x80004d3e (0x03c965b3) x11 0x000000be
core   0: 0x80004d42 (0xe3d62793) slti    a5, a2, -451
core   0: 3 0x80004d42 (0xe3d62793) x15 0x00000000
core   0: 0x80004d46 (0x00008f4d) c.or    a4, a1
core   0: 3 0x80004d46 (0x8f4d) x14 0x000000bf
core   0: 0x80004d48 (0x000098ae) c.add   a7, a1
core   0: 3 0x80004d48 (0x98ae) x17 0x6226dcba
core   0: 0x80004d4a (0x00831133) sll     sp, t1, s0
core   0: 3 0x80004d4a (0x00831133) x2  0x04800000
core   0: 0x80004d4e (0xe687c413) xori    s0, a5, -408
core   0: 3 0x80004d4e (0xe687c413) x8  0xfffffe68
core   0: 0x80004d52 (0x036110b3) mulh    ra, sp, s6
core   0: 3 0x80004d52 (0x036110b3) x1  0x00000000
core   0: 0x80004d56 (0x41c95b13) srai    s6, s2, 28
core   0: 3 0x80004d56 (0x41c95b13) x22 0x00000000
core   0: 0x80004d5a (0x00008c5d) c.or    s0, a5
core   0: 3 0x80004d5a (0x8c5d) x8  0xfffffe68
core   0: 0x80004d5c (0x00006689) c.lui   a3, 0x2
core   0: 3 0x80004d5c (0x6689) x13 0x00002000
core   0: 0x80004d5e (0x00001ffd) c.addi  t6, -1
core   0: 3 0x80004d5e (0x1ffd) x31 0x000007f5
core   0: 0x80004d60 (0x4f19fa93) andi    s5, s3, 1265
core   0: 3 0x80004d60 (0x4f19fa93) x21 0x00000420
core   0: 0x80004d64 (0x000090a6) c.add   ra, s1
core   0: 3 0x80004d64 (0x90a6) x1  0x00000000
core   0: 0x80004d66 (0x000018fd) c.addi  a7, -1
core   0: 3 0x80004d66 (0x18fd) x17 0x6226dcb9
core   0: 0x80004d68 (0x019af363) bgeu    s5, s9, pc + 6
core   0: 3 0x80004d68 (0x019af363)
core   0: 0x80004d6c (0x0000854d) c.srai  a0, 19
core   0: 3 0x80004d6c (0x854d) x10 0xfffff978
core   0: 0x80004d6e (0x0159cc33) xor     s8, s3, s5
core   0: 3 0x80004d6e (0x0159cc33) x24 0x80029904
core   0: 0x80004d72 (0x2dfd6e93) ori     t4, s10, 735
core   0: 3 0x80004d72 (0x2dfd6e93) x29 0x000002df
core   0: 0x80004d76 (0x00c16e33) or      t3, sp, a2
core   0: 3 0x80004d76 (0x00c16e33) x28 0x0480001b
core   0: 0x80004d7a (0x012a8733) add     a4, s5, s2
core   0: 3 0x80004d7a (0x012a8733) x14 0x01f03c18
core   0: 0x80004d7e (0x03287933) remu    s2, a6, s2
core   0: 3 0x80004d7e (0x03287933) x18 0x00317b3e
core   0: 0x80004d82 (0x000008a1) c.addi  a7, 8
core   0: 3 0x80004d82 (0x08a1) x17 0x6226dcc1
core   0: 0x80004d84 (0x0141db63) bge     gp, s4, pc + 22
core   0: 3 0x80004d84 (0x0141db63)
core   0: 0x80004d88 (0x0000801d) c.srli  s0, 7
core   0: 3 0x80004d88 (0x801d) x8  0x01fffffc
core   0: 0x80004d8a (0x405bd693) srai    a3, s7, 5
core   0: 3 0x80004d8a (0x405bd693) x13 0x00000000
core   0: 0x80004d8e (0x032b50b3) divu    ra, s6, s2
core   0: 3 0x80004d8e (0x032b50b3) x1  0x00000000
core   0: 0x80004d92 (0x00008fbd) c.xor   a5, a5
core   0: 3 0x80004d92 (0x8fbd) x15 0x00000000
core   0: 0x80004d94 (0x009b7263) bgeu    s6, s1, pc + 4
core   0: 3 0x80004d94 (0x009b7263)
core   0: 0x80004d98 (0x0000c499) c.beqz  s1, pc + 14
core   0: 3 0x80004d98 (0xc499)
core   0: 0x80004da6 (0x00008f25) c.xor   a4, s1
core   0: 3 0x80004da6 (0x8f25) x14 0x01f03c18
core   0: 0x80004da8 (0x000086c2) c.mv    a3, a6
core   0: 3 0x80004da8 (0x86c2) x13 0x5b4bc1c6
core   0: 0x80004daa (0x72070893) addi    a7, a4, 1824
core   0: 3 0x80004daa (0x72070893) x17 0x01f04338
core   0: 0x80004dae (0x00008b3a) c.mv    s6, a4
core   0: 3 0x80004dae (0x8b3a) x22 0x01f03c18
core   0: 0x80004db0 (0x3279e693) ori     a3, s3, 807
core   0: 3 0x80004db0 (0x3279e693) x13 0x80029f27
core   0: 0x80004db4 (0xaf648b93) addi    s7, s1, -1290
core   0: 3 0x80004db4 (0xaf648b93) x23 0xfffffaf6
core   0: 0x80004db8 (0x01b9fbb3) and     s7, s3, s11
core   0: 3 0x80004db8 (0x01b9fbb3) x23 0x00000100
core   0: 0x80004dbc (0xe72beb13) ori     s6, s7, -398
core   0: 3 0x80004dbc (0xe72beb13) x22 0xffffff72
core   0: 0x80004dc0 (0x00001d7d) c.addi  s10, -1
core   0: 3 0x80004dc0 (0x1d7d) x26 0xffffffff
core   0: 0x80004dc2 (0x01c55763) bge     a0, t3, pc + 14
core   0: 3 0x80004dc2 (0x01c55763)
core   0: 0x80004dc6 (0xa992c593) xori    a1, t0, -1383
core   0: 3 0x80004dc6 (0xa992c593) x11 0x000006f5
core   0: 0x80004dca (0x00006179) c.addi16sp sp, 464
core   0: 3 0x80004dca (0x6179) x2  0x048001d0
core   0: 0x80004dcc (0xced2f917) auipc   s2, 0xced2f
core   0: 3 0x80004dcc (0xced2f917) x18 0x4ed33dcc
core   0: 0x80004dd0 (0x00008e21) c.xor   a2, s0
core   0: 3 0x80004dd0 (0x8e21) x12 0x01ffffe7
core   0: 0x80004dd2 (0x02a73bb3) mulhu   s7, a4, a0
core   0: 3 0x80004dd2 (0x02a73bb3) x23 0x01f03c0b
core   0: 0x80004dd6 (0x000ac133) xor     sp, s5, zero
core   0: 3 0x80004dd6 (0x000ac133) x2  0x00000420
core   0: 0x80004dda (0x00000732) c.slli  a4, 12
core   0: 3 0x80004dda (0x0732) x14 0x03c18000
core   0: 0x80004ddc (0x01e17233) and     tp, sp, t5
core   0: 3 0x80004ddc (0x01e17233) x4  0x00000420
core   0: 0x80004de0 (0x00008c11) c.sub   s0, a2
core   0: 3 0x80004de0 (0x8c11) x8  0x00000015
core   0: 0x80004de2 (0x02b25db3) divu    s11, tp, a1
core   0: 3 0x80004de2 (0x02b25db3) x27 0x00000000
core   0: 0x80004de6 (0x0000c485) c.beqz  s1, pc + 40
core   0: 3 0x80004de6 (0xc485)
core   0: 0x80004e0e (0x0000957e) c.add   a0, t6
core   0: 3 0x80004e0e (0x957e) x10 0x0000016d
core   0: 0x80004e10 (0x0000717d) c.addi16sp sp, -16
core   0: 3 0x80004e10 (0x717d) x2  0x00000410
core   0: 0x80004e12 (0x00008291) c.srli  a3, 4
core   0: 3 0x80004e12 (0x8291) x13 0x080029f2
core   0: 0x80004e14 (0x01a6c733) xor     a4, a3, s10
core   0: 3 0x80004e14 (0x01a6c733) x14 0xf7ffd60d
core   0: 0x80004e18 (0x018adc13) srli    s8, s5, 24
core   0: 3 0x80004e18 (0x018adc13) x24 0x00000000
core   0: 0x80004e1c (0x01a132b3) sltu    t0, sp, s10
core   0: 3 0x80004e1c (0x01a132b3) x5  0x00000001
core   0: 0x80004e20 (0x00008d99) c.sub   a1, a4
core   0: 3 0x80004e20 (0x8d99) x11 0x080030e8
core   0: 0x80004e22 (0x80c1a013) slti    zero, gp, -2036
core   0: 3 0x80004e22 (0x80c1a013)
core   0: 0x80004e26 (0x00008c39) c.xor   s0, a4
core   0: 3 0x80004e26 (0x8c39) x8  0xf7ffd618
core   0: 0x80004e28 (0x0000e48d) c.bnez  s1, pc + 42
core   0: 3 0x80004e28 (0xe48d)
core   0: 0x80004e2a (0x021fe033) rem     zero, t6, ra
core   0: 3 0x80004e2a (0x021fe033)
core   0: 0x80004e2e (0x027fbdb3) mulhu   s11, t6, t2
core   0: 3 0x80004e2e (0x027fbdb3) x27 0x00000000
core   0: 0x80004e32 (0xef966e13) ori     t3, a2, -263
core   0: 3 0x80004e32 (0xef966e13) x28 0xffffffff
core   0: 0x80004e36 (0x91db4c93) xori    s9, s6, -1763
core   0: 3 0x80004e36 (0x91db4c93) x25 0x0000066f
core   0: 0x80004e3a (0x000067a1) c.lui   a5, 0x8
core   0: 3 0x80004e3a (0x67a1) x15 0x00008000
core   0: 0x80004e3c (0x00008aa6) c.mv    s5, s1
core   0: 3 0x80004e3c (0x8aa6) x21 0x00000000
core   0: 0x80004e3e (0x00379733) sll     a4, a5, gp
core   0: 3 0x80004e3e (0x00379733) x14 0x00008000
core   0: 0x80004e42 (0x0279f063) bgeu    s3, t2, pc + 32
core   0: 3 0x80004e42 (0x0279f063)
core   0: 0x80004e62 (0x41e20b33) sub     s6, tp, t5
core   0: 3 0x80004e62 (0x41e20b33) x22 0x7ffda57c
core   0: 0x80004e66 (0x0000997d) c.andi  a0, -1
core   0: 3 0x80004e66 (0x997d) x10 0x0000016d
core   0: 0x80004e68 (0x0000c991) c.beqz  a1, pc + 20
core   0: 3 0x80004e68 (0xc991)
core   0: 0x80004e6a (0x01120533) add     a0, tp, a7
core   0: 3 0x80004e6a (0x01120533) x10 0x01f04758
core   0: 0x80004e6e (0x001f9933) sll     s2, t6, ra
core   0: 3 0x80004e6e (0x001f9933) x18 0x000007f5
core   0: 0x80004e72 (0x032502b3) mul     t0, a0, s2
core   0: 3 0x80004e72 (0x032502b3) x5  0x6ce7af38
core   0: 0x80004e76 (0x00008dfd) c.and   a1, a5
core   0: 3 0x80004e76 (0x8dfd) x11 0x00000000
core   0: 0x80004e78 (0x996fa913) slti    s2, t6, -1642
core   0: 3 0x80004e78 (0x996fa913) x18 0x00000000
core   0: 0x80004e7c (0x02c65d33) divu    s10, a2, a2
core   0: 3 0x80004e7c (0x02c65d33) x26 0x00000001
core   0: 0x80004e80 (0xf69c3137) lui     sp, 0xf69c3
core   0: 3 0x80004e80 (0xf69c3137) x2  0xf69c3000
core   0: 0x80004e84 (0x002730b3) sltu    ra, a4, sp
core   0: 3 0x80004e84 (0x002730b3) x1  0x00000001
core   0: 0x80004e88 (0xbc1d2913) slti    s2, s10, -1087
core   0: 3 0x80004e88 (0xbc1d2913) x18 0x00000000
core   0: 0x80004e8c (0x00008c29) c.xor   s0, a0
core   0: 3 0x80004e8c (0x8c29) x8  0xf60f9140
core   0: 0x80004e8e (0x00008ebd) c.xor   a3, a5
core   0: 3 0x80004e8e (0x8ebd) x13 0x0800a9f2
core   0: 0x80004e90 (0x00008292) c.mv    t0, tp
core   0: 3 0x80004e90 (0x8292) x5  0x00000420
core   0: 0x80004e92 (0x00008e8d) c.sub   a3, a1
core   0: 3 0x80004e92 (0x8e8d) x13 0x0800a9f2
core   0: 0x80004e94 (0x036805b3) mul     a1, a6, s6
core   0: 3 0x80004e94 (0x036805b3) x11 0xc74479e8
core   0: 0x80004e98 (0x000007a6) c.slli  a5, 9
core   0: 3 0x80004e98 (0x07a6) x15 0x01000000
core   0: 0x80004e9a (0x416fd593) srai    a1, t6, 22
core   0: 3 0x80004e9a (0x416fd593) x11 0x00000000
core   0: 0x80004e9e (0x014a6b63) bltu    s4, s4, pc + 22
core   0: 3 0x80004e9e (0x014a6b63)
core   0: 0x80004ea2 (0x00009b7d) c.andi  a4, -1
core   0: 3 0x80004ea2 (0x9b7d) x14 0x00008000
core   0: 0x80004ea4 (0x000001a1) c.addi  gp, 8
core   0: 3 0x80004ea4 (0x01a1) x3  0x00000008
core   0: 0x80004ea6 (0x0000ee11) c.bnez  a2, pc + 28
core   0: 3 0x80004ea6 (0xee11)
core   0: 0x80004ec2 (0x02c80c33) mul     s8, a6, a2
core   0: 3 0x80004ec2 (0x02c80c33) x24 0xa19a13aa
core   0: 0x80004ec6 (0x01aed493) srli    s1, t4, 26
core   0: 3 0x80004ec6 (0x01aed493) x9  0x00000000
core   0: 0x80004eca (0x19f0cb13) xori    s6, ra, 415
core   0: 3 0x80004eca (0x19f0cb13) x22 0x0000019e
core   0: 0x80004ece (0x7f638193) addi    gp, t2, 2038
core   0: 3 0x80004ece (0x7f638193) x3  0x00000801
core   0: 0x80004ed2 (0x00000efa) c.slli  t4, 30
core   0: 3 0x80004ed2 (0x0efa) x29 0xc0000000
core   0: 0x80004ed4 (0x6a4a6137) lui     sp, 0x6a4a6
core   0: 3 0x80004ed4 (0x6a4a6137) x2  0x6a4a6000
core   0: 0x80004ed8 (0x0000842e) c.mv    s0, a1
core   0: 3 0x80004ed8 (0x842e) x8  0x00000000
core   0: 0x80004eda (0x00000001) c.nop
core   0: 3 0x80004eda (0x0001)
core   0: 0x80004edc (0x038b0c33) mul     s8, s6, s8
core   0: 3 0x80004edc (0x038b0c33) x24 0x572bccec
core   0: 0x80004ee0 (0x65962f93) slti    t6, a2, 1625
core   0: 3 0x80004ee0 (0x65962f93) x31 0x00000000
core   0: 0x80004ee4 (0x00000001) c.nop
core   0: 3 0x80004ee4 (0x0001)
core   0: 0x80004ee6 (0x0000cd1d) c.beqz  a0, pc + 62
core   0: 3 0x80004ee6 (0xcd1d)
core   0: 0x80004ee8 (0x88d23793) sltiu   a5, tp, -1907
core   0: 3 0x80004ee8 (0x88d23793) x15 0x00000001
core   0: 0x80004eec (0x600ca293) slti    t0, s9, 1536
core   0: 3 0x80004eec (0x600ca293) x5  0x00000000
core   0: 0x80004ef0 (0x032b8ab3) mul     s5, s7, s2
core   0: 3 0x80004ef0 (0x032b8ab3) x21 0x00000000
core   0: 0x80004ef4 (0x030bffb3) remu    t6, s7, a6
core   0: 3 0x80004ef4 (0x030bffb3) x31 0x01f03c0b
core   0: 0x80004ef8 (0x0153a033) slt     zero, t2, s5
core   0: 3 0x80004ef8 (0x0153a033)
core   0: 0x80004efc (0x0010d013) srli    zero, ra, 1
core   0: 3 0x80004efc (0x0010d013)
core   0: 0x80004f00 (0x00008c39) c.xor   s0, a4
core   0: 3 0x80004f00 (0x8c39) x8  0x00008000
core   0: 0x80004f02 (0x00004959) c.li    s2, 22
core   0: 3 0x80004f02 (0x4959) x18 0x00000016
core   0: 0x80004f04 (0x00c55c13) srli    s8, a0, 12
core   0: 3 0x80004f04 (0x00c55c13) x24 0x00001f04
core   0: 0x80004f08 (0x00009afd) c.andi  a3, -1
core   0: 3 0x80004f08 (0x9afd) x13 0x0800a9f2
core   0: 0x80004f0a (0x00000b12) c.slli  s6, 4
core   0: 3 0x80004f0a (0x0b12) x22 0x000019e0
core   0: 0x80004f0c (0x00008cc5) c.or    s1, s1
core   0: 3 0x80004f0c (0x8cc5) x9  0x00000000
core   0: 0x80004f0e (0x03c4d863) bge     s1, t3, pc + 48
core   0: 3 0x80004f0e (0x03c4d863)
core   0: 0x80004f3e (0x02b5fd33) remu    s10, a1, a1
core   0: 3 0x80004f3e (0x02b5fd33) x26 0x00000000
core   0: 0x80004f42 (0x01bc4b33) xor     s6, s8, s11
core   0: 3 0x80004f42 (0x01bc4b33) x22 0x00001f04
core   0: 0x80004f46 (0x014e34b3) sltu    s1, t3, s4
core   0: 3 0x80004f46 (0x014e34b3) x9  0x00000000
core   0: 0x80004f4a (0x00e2c963) blt     t0, a4, pc + 18
core   0: 3 0x80004f4a (0x00e2c963)
core   0: 0x80004f5c (0x0000c68d) c.beqz  a3, pc + 42
core   0: 3 0x80004f5c (0xc68d)
core   0: 0x80004f5e (0x00001988) c.addi4spn a0, sp, 240
core   0: 3 0x80004f5e (0x1988) x10 0x6a4a60f0
core   0: 0x80004f60 (0x029a6b63) bltu    s4, s1, pc + 54
core   0: 3 0x80004f60 (0x029a6b63)
core   0: 0x80004f64 (0xe36aa793) slti    a5, s5, -458
core   0: 3 0x80004f64 (0xe36aa793) x15 0x00000000
core   0: 0x80004f68 (0x01867e63) bgeu    a2, s8, pc + 28
core   0: 3 0x80004f68 (0x01867e63)
core   0: 0x80004f84 (0x0000c01d) c.beqz  s0, pc + 38
core   0: 3 0x80004f84 (0xc01d)
core   0: 0x80004f86 (0x00008fdd) c.or    a5, a5
core   0: 3 0x80004f86 (0x8fdd) x15 0x00000000
core   0: 0x80004f88 (0xbaca6193) ori     gp, s4, -1108
core   0: 3 0x80004f88 (0xbaca6193) x3  0xfffffbad
core   0: 0x80004f8c (0x0000e98d) c.bnez  a1, pc + 50
core   0: 3 0x80004f8c (0xe98d)
core   0: 0x80004f8e (0x41548133) sub     sp, s1, s5
core   0: 3 0x80004f8e (0x41548133) x2  0x00000000
core   0: 0x80004f92 (0x01ef8733) add     a4, t6, t5
core   0: 3 0x80004f92 (0x01ef8733) x14 0x81f29aaf
core   0: 0x80004f96 (0x017a23b3) slt     t2, s4, s7
core   0: 3 0x80004f96 (0x017a23b3) x7  0x00000001
core   0: 0x80004f9a (0x01659e33) sll     t3, a1, s6
core   0: 3 0x80004f9a (0x01659e33) x28 0x00000000
core   0: 0x80004f9e (0x015a6433) or      s0, s4, s5
core   0: 3 0x80004f9e (0x015a6433) x8  0x000002ad
core   0: 0x80004fa2 (0x01c160b3) or      ra, sp, t3
core   0: 3 0x80004fa2 (0x01c160b3) x1  0x00000000
core   0: 0x80004fa6 (0x01f6d8b3) srl     a7, a3, t6
core   0: 3 0x80004fa6 (0x01f6d8b3) x17 0x00010015
core   0: 0x80004faa (0x00742eb3) slt     t4, s0, t2
core   0: 3 0x80004faa (0x00742eb3) x29 0x00000000
core   0: 0x80004fae (0x0000157d) c.addi  a0, -1
core   0: 3 0x80004fae (0x157d) x10 0x6a4a60ef
core   0: 0x80004fb0 (0x028933b3) mulhu   t2, s2, s0
core   0: 3 0x80004fb0 (0x028933b3) x7  0x00000000
core   0: 0x80004fb4 (0x01159693) slli    a3, a1, 17
core   0: 3 0x80004fb4 (0x01159693) x13 0x00000000
core   0: 0x80004fb8 (0x00d09713) slli    a4, ra, 13
core   0: 3 0x80004fb8 (0x00d09713) x14 0x00000000
core   0: 0x80004fbc (0x0000ea89) c.bnez  a3, pc + 18
core   0: 3 0x80004fbc (0xea89)
core   0: 0x80004fbe (0x029f1163) bne     t5, s1, pc + 34
core   0: 3 0x80004fbe (0x029f1163)
core   0: 0x80004fe0 (0x000066c9) c.lui   a3, 0x12
core   0: 3 0x80004fe0 (0x66c9) x13 0x00012000
core   0: 0x80004fe2 (0x41e65eb3) sra     t4, a2, t5
core   0: 3 0x80004fe2 (0x41e65eb3) x29 0x001ffffe
core   0: 0x80004fe6 (0x0225c0b3) div     ra, a1, sp
core   0: 3 0x80004fe6 (0x0225c0b3) x1  0xffffffff
core   0: 0x80004fea (0x0156aa33) slt     s4, a3, s5
core   0: 3 0x80004fea (0x0156aa33) x20 0x00000000
core   0: 0x80004fee (0x00006e4d) c.lui   t3, 0x13
core   0: 3 0x80004fee (0x6e4d) x28 0x00013000
core   0: 0x80004ff0 (0x03e9e063) bltu    s3, t5, pc + 32
core   0: 3 0x80004ff0 (0x03e9e063)
core   0: 0x80004ff4 (0x570d8613) addi    a2, s11, 1392
core   0: 3 0x80004ff4 (0x570d8613) x12 0x00000570
core   0: 0x80004ff8 (0x02573e33) mulhu   t3, a4, t0
core   0: 3 0x80004ff8 (0x02573e33) x28 0x00000000
core   0: 0x80004ffc (0x008f3a33) sltu    s4, t5, s0
core   0: 3 0x80004ffc (0x008f3a33) x20 0x00000000
core   0: 0x80005000 (0x0000997d) c.andi  a0, -1
core   0: 3 0x80005000 (0x997d) x10 0x6a4a60ef
core   0: 0x80005002 (0x00000001) c.nop
core   0: 3 0x80005002 (0x0001)
core   0: 0x80005004 (0x017c1663) bne     s8, s7, pc + 12
core   0: 3 0x80005004 (0x017c1663)
core   0: 0x80005010 (0x0000127d) c.addi  tp, -1
core   0: 3 0x80005010 (0x127d) x4  0x0000041f
core   0: 0x80005012 (0x00000590) c.addi4spn a2, sp, 704
core   0: 3 0x80005012 (0x0590) x12 0x000002c0
core   0: 0x80005014 (0x013cfc63) bgeu    s9, s3, pc + 24
core   0: 3 0x80005014 (0x013cfc63)
core   0: 0x80005018 (0x191d7193) andi    gp, s10, 401
core   0: 3 0x80005018 (0x191d7193) x3  0x00000000
core   0: 0x8000501c (0x41cbdcb3) sra     s9, s7, t3
core   0: 3 0x8000501c (0x41cbdcb3) x25 0x01f03c0b
core   0: 0x80005020 (0x00f89533) sll     a0, a7, a5
core   0: 3 0x80005020 (0x00f89533) x10 0x00010015
core   0: 0x80005024 (0x0000ca81) c.beqz  a3, pc + 16
core   0: 3 0x80005024 (0xca81)
core   0: 0x80005026 (0x0035e4b3) or      s1, a1, gp
core   0: 3 0x80005026 (0x0035e4b3) x9  0x00000000
core   0: 0x8000502a (0x00008df1) c.and   a1, a2
core   0: 3 0x8000502a (0x8df1) x11 0x00000000
core   0: 0x8000502c (0x419c0b33) sub     s6, s8, s9
core   0: 3 0x8000502c (0x419c0b33) x22 0xfe0fe2f9
core   0: 0x80005030 (0x0000157d) c.addi  a0, -1
core   0: 3 0x80005030 (0x157d) x10 0x00010014
core   0: 0x80005032 (0x000006ca) c.slli  a3, 18
core   0: 3 0x80005032 (0x06ca) x13 0x80000000
core   0: 0x80005034 (0x0207d233) divu    tp, a5, zero
core   0: 3 0x80005034 (0x0207d233) x4  0xffffffff
core   0: 0x80005038 (0x000083b6) c.mv    t2, a3
core   0: 3 0x80005038 (0x83b6) x7  0x80000000
core   0: 0x8000503a (0xc90db093) sltiu   ra, s11, -880
core   0: 3 0x8000503a (0xc90db093) x1  0x00000001
core   0: 0x8000503e (0x01e221b3) slt     gp, tp, t5
core   0: 3 0x8000503e (0x01e221b3) x3  0x00000000
core   0: 0x80005042 (0x000087a9) c.srai  a5, 10
core   0: 3 0x80005042 (0x87a9) x15 0x00000000
core   0: 0x80005044 (0x00009cd6) c.add   s9, s5
core   0: 3 0x80005044 (0x9cd6) x25 0x01f03c0b
core   0: 0x80005046 (0x02b5cbb3) div     s7, a1, a1
core   0: 3 0x80005046 (0x02b5cbb3) x23 0xffffffff
core   0: 0x8000504a (0x02df9563) bne     t6, a3, pc + 42
core   0: 3 0x8000504a (0x02df9563)
core   0: 0x80005074 (0x41fb0bb3) sub     s7, s6, t6
core   0: 3 0x80005074 (0x41fb0bb3) x23 0xfc1fa6ee
core   0: 0x80005078 (0x03827333) remu    t1, tp, s8
core   0: 3 0x80005078 (0x03827333) x6  0x00001b03
core   0: 0x8000507c (0x00008ec9) c.or    a3, a0
core   0: 3 0x8000507c (0x8ec9) x13 0x80010014
core   0: 0x8000507e (0x40ec5cb3) sra     s9, s8, a4
core   0: 3 0x8000507e (0x40ec5cb3) x25 0x00001f04
core   0: 0x80005082 (0x00001d7d) c.addi  s10, -1
core   0: 3 0x80005082 (0x1d7d) x26 0xffffffff
core   0: 0x80005084 (0x4156d793) srai    a5, a3, 21
core   0: 3 0x80005084 (0x4156d793) x15 0xfffffc00
core   0: 0x80005088 (0x0326ed63) bltu    a3, s2, pc + 58
core   0: 3 0x80005088 (0x0326ed63)
core   0: 0x8000508c (0x00352cb3) slt     s9, a0, gp
core   0: 3 0x8000508c (0x00352cb3) x25 0x00000000
core   0: 0x80005090 (0x1a35b193) sltiu   gp, a1, 419
core   0: 3 0x80005090 (0x1a35b193) x3  0x00000001
core   0: 0x80005094 (0x00008cad) c.xor   s1, a1
core   0: 3 0x80005094 (0x8cad) x9  0x00000000
core   0: 0x80005096 (0x00d332b3) sltu    t0, t1, a3
core   0: 3 0x80005096 (0x00d332b3) x5  0x00000001
core   0: 0x8000509a (0x002a2533) slt     a0, s4, sp
core   0: 3 0x8000509a (0x002a2533) x10 0x00000000
core   0: 0x8000509e (0x00008ef1) c.and   a3, a2
core   0: 3 0x8000509e (0x8ef1) x13 0x00000000
core   0: 0x800050a0 (0x006ca033) slt     zero, s9, t1
core   0: 3 0x800050a0 (0x006ca033)
core   0: 0x800050a4 (0x01ccafb3) slt     t6, s9, t3
core   0: 3 0x800050a4 (0x01ccafb3) x31 0x00000000
core   0: 0x800050a8 (0x00001904) c.addi4spn s1, sp, 176
core   0: 3 0x800050a8 (0x1904) x9  0x000000b0
core   0: 0x800050aa (0x03d7c463) blt     a5, t4, pc + 40
core   0: 3 0x800050aa (0x03d7c463)
core   0: 0x800050d2 (0x01a5e733) or      a4, a1, s10
core   0: 3 0x800050d2 (0x01a5e733) x14 0xffffffff
core   0: 0x800050d6 (0x00000001) c.nop
core   0: 3 0x800050d6 (0x0001)
core   0: 0x800050d8 (0x021b4763) blt     s6, ra, pc + 46
core   0: 3 0x800050d8 (0x021b4763)
core   0: 0x80005106 (0x4117d733) sra     a4, a5, a7
core   0: 3 0x80005106 (0x4117d733) x14 0xffffffff
core   0: 0x8000510a (0x03c85fb3) divu    t6, a6, t3
core   0: 3 0x8000510a (0x03c85fb3) x31 0xffffffff
core   0: 0x8000510e (0x00000001) c.nop
core   0: 3 0x8000510e (0x0001)
core   0: 0x80005110 (0x00008555) c.srai  a0, 21
core   0: 3 0x80005110 (0x8555) x10 0x00000000
core   0: 0x80005112 (0xdd068a93) addi    s5, a3, -560
core   0: 3 0x80005112 (0xdd068a93) x21 0xfffffdd0
core   0: 0x80005116 (0x000082c9) c.srli  a3, 18
core   0: 3 0x80005116 (0x82c9) x13 0x00000000
core   0: 0x80005118 (0x00008cc9) c.or    s1, a0
core   0: 3 0x80005118 (0x8cc9) x9  0x000000b0
core   0: 0x8000511a (0x03b15cb3) divu    s9, sp, s11
core   0: 3 0x8000511a (0x03b15cb3) x25 0xffffffff
core   0: 0x8000511e (0x00008f95) c.sub   a5, a3
core   0: 3 0x8000511e (0x8f95) x15 0xfffffc00
core   0: 0x80005120 (0x02079eb3) mulh    t4, a5, zero
core   0: 3 0x80005120 (0x02079eb3) x29 0x00000000
core   0: 0x80005124 (0x00c26933) or      s2, tp, a2
core   0: 3 0x80005124 (0x00c26933) x18 0xffffffff
core   0: 0x80005128 (0x40b15cb3) sra     s9, sp, a1
core   0: 3 0x80005128 (0x40b15cb3) x25 0x00000000
core   0: 0x8000512c (0x00001e7d) c.addi  t3, -1
core   0: 3 0x8000512c (0x1e7d) x28 0xffffffff
core   0: 0x8000512e (0xec5926b7) lui     a3, 0xec592
core   0: 3 0x8000512e (0xec5926b7) x13 0xec592000
core   0: 0x80005132 (0x899f3f93) sltiu   t6, t5, -1895
core   0: 3 0x80005132 (0x899f3f93) x31 0x00000001
core   0: 0x80005136 (0x01fd0b63) beq     s10, t6, pc + 22
core   0: 3 0x80005136 (0x01fd0b63)
core   0: 0x8000513a (0x02505d33) divu    s10, zero, t0
core   0: 3 0x8000513a (0x02505d33) x26 0x00000000
core   0: 0x8000513e (0x00998563) beq     s3, s1, pc + 10
core   0: 3 0x8000513e (0x00998563)
core   0: 0x80005142 (0x0000ea09) c.bnez  a2, pc + 18
core   0: 3 0x80005142 (0xea09)
core   0: 0x80005154 (0x0000920a) c.add   tp, sp
core   0: 3 0x80005154 (0x920a) x4  0xffffffff
core   0: 0x80005156 (0x034a5033) divu    zero, s4, s4
core   0: 3 0x80005156 (0x034a5033)
core   0: 0x8000515a (0x00008d15) c.sub   a0, a3
core   0: 3 0x8000515a (0x8d15) x10 0x13a6e000
core   0: 0x8000515c (0x00008d4d) c.or    a0, a1
core   0: 3 0x8000515c (0x8d4d) x10 0x13a6e000
core   0: 0x8000515e (0x03735b33) divu    s6, t1, s7
core   0: 3 0x8000515e (0x03735b33) x22 0x00000000
core   0: 0x80005162 (0x00469593) slli    a1, a3, 4
core   0: 3 0x80005162 (0x00469593) x11 0xc5920000
core   0: 0x80005166 (0x01fc1d93) slli    s11, s8, 31
core   0: 3 0x80005166 (0x01fc1d93) x27 0x00000000
core   0: 0x8000516a (0x03b22b33) mulhsu  s6, tp, s11
core   0: 3 0x8000516a (0x03b22b33) x22 0x00000000
core   0: 0x8000516e (0x02b152b3) divu    t0, sp, a1
core   0: 3 0x8000516e (0x02b152b3) x5  0x00000000
core   0: 0x80005172 (0x010daeb3) slt     t4, s11, a6
core   0: 3 0x80005172 (0x010daeb3) x29 0x00000001
core   0: 0x80005176 (0x0261fc33) remu    s8, gp, t1
core   0: 3 0x80005176 (0x0261fc33) x24 0x00000001
core   0: 0x8000517a (0x0439d263) bge     s3, gp, pc + 68
core   0: 3 0x8000517a (0x0439d263)
core   0: 0x8000517e (0x416a5a93) srai    s5, s4, 22
core   0: 3 0x8000517e (0x416a5a93) x21 0x00000000
core   0: 0x80005182 (0x9aac8937) lui     s2, 0x9aac8
core   0: 3 0x80005182 (0x9aac8937) x18 0x9aac8000
core   0: 0x80005186 (0x00231b93) slli    s7, t1, 2
core   0: 3 0x80005186 (0x00231b93) x23 0x00006c0c
core   0: 0x8000518a (0x00008e59) c.or    a2, a4
core   0: 3 0x8000518a (0x8e59) x12 0xffffffff
core   0: 0x8000518c (0x7c2e7b93) andi    s7, t3, 1986
core   0: 3 0x8000518c (0x7c2e7b93) x23 0x000007c2
core   0: 0x80005190 (0x00008d5d) c.or    a0, a5
core   0: 3 0x80005190 (0x8d5d) x10 0xfffffc00
core   0: 0x80005192 (0x410e5333) sra     t1, t3, a6
core   0: 3 0x80005192 (0x410e5333) x6  0xffffffff
core   0: 0x80005196 (0xc9ea6013) ori     zero, s4, -866
core   0: 3 0x80005196 (0xc9ea6013)
core   0: 0x8000519a (0x03510233) mul     tp, sp, s5
core   0: 3 0x8000519a (0x03510233) x4  0x00000000
core   0: 0x8000519e (0x000096ae) c.add   a3, a1
core   0: 3 0x8000519e (0x96ae) x13 0xb1eb2000
core   0: 0x800051a0 (0x016c3233) sltu    tp, s8, s6
core   0: 3 0x800051a0 (0x016c3233) x4  0x00000000
core   0: 0x800051a4 (0xd07ec193) xori    gp, t4, -761
core   0: 3 0x800051a4 (0xd07ec193) x3  0xfffffd06
core   0: 0x800051a8 (0x03bb36b3) mulhu   a3, s6, s11
core   0: 3 0x800051a8 (0x03bb36b3) x13 0x00000000
core   0: 0x800051ac (0x03e19d33) mulh    s10, gp, t5
core   0: 3 0x800051ac (0x03e19d33) x26 0x0000017c
core   0: 0x800051b0 (0x60dc6213) ori     tp, s8, 1549
core   0: 3 0x800051b0 (0x60dc6213) x4  0x0000060d
core   0: 0x800051b4 (0x00008612) c.mv    a2, tp
core   0: 3 0x800051b4 (0x8612) x12 0x0000060d
core   0: 0x800051b6 (0x027c1eb3) mulh    t4, s8, t2
core   0: 3 0x800051b6 (0x027c1eb3) x29 0xffffffff
core   0: 0x800051ba (0x41d058b3) sra     a7, zero, t4
core   0: 3 0x800051ba (0x41d058b3) x17 0x00000000
core   0: 0x800051be (0x00225b93) srli    s7, tp, 2
core   0: 3 0x800051be (0x00225b93) x23 0x00000183
core   0: 0x800051c2 (0x02d1e363) bltu    gp, a3, pc + 38
core   0: 3 0x800051c2 (0x02d1e363)
core   0: 0x800051c6 (0x00006bdd) c.lui   s7, 0x17
core   0: 3 0x800051c6 (0x6bdd) x23 0x00017000
core   0: 0x800051c8 (0x00006d15) c.lui   s10, 0x5
core   0: 3 0x800051c8 (0x6d15) x26 0x00005000
core   0: 0x800051ca (0x00008e4d) c.or    a2, a1
core   0: 3 0x800051ca (0x8e4d) x12 0xc592060d
core   0: 0x800051cc (0x0000c209) c.beqz  a2, pc + 2
core   0: 3 0x800051cc (0xc209)
core   0: 0x800051ce (0x0040e933) or      s2, ra, tp
core   0: 3 0x800051ce (0x0040e933) x18 0x0000060d
core   0: 0x800051d2 (0x17d28613) addi    a2, t0, 381
core   0: 3 0x800051d2 (0x17d28613) x12 0x0000017d
core   0: 0x800051d6 (0x0099f763) bgeu    s3, s1, pc + 14
core   0: 3 0x800051d6 (0x0099f763)
core   0: 0x800051e4 (0x40aa5e33) sra     t3, s4, a0
core   0: 3 0x800051e4 (0x40aa5e33) x28 0x00000000
core   0: 0x800051e8 (0x03c732b3) mulhu   t0, a4, t3
core   0: 3 0x800051e8 (0x03c732b3) x5  0x00000000
core   0: 0x800051ec (0x0017afb3) slt     t6, a5, ra
core   0: 3 0x800051ec (0x0017afb3) x31 0x00000001
core   0: 0x800051f0 (0x00008ea9) c.xor   a3, a0
core   0: 3 0x800051f0 (0x8ea9) x13 0xfffffc00
core   0: 0x800051f2 (0x410f5c33) sra     s8, t5, a6
core   0: 3 0x800051f2 (0x410f5c33) x24 0xfe00097a
core   0: 0x800051f6 (0xb956b393) sltiu   t2, a3, -1131
core   0: 3 0x800051f6 (0xb956b393) x7  0x00000000
core   0: 0x800051fa (0x015f1333) sll     t1, t5, s5
core   0: 3 0x800051fa (0x015f1333) x6  0x80025ea4
core   0: 0x800051fe (0x00bf12b3) sll     t0, t5, a1
core   0: 3 0x800051fe (0x00bf12b3) x5  0x80025ea4
core   0: 0x80005202 (0x7fc80c93) addi    s9, a6, 2044
core   0: 3 0x80005202 (0x7fc80c93) x25 0x5b4bc9c2
core   0: 0x80005206 (0x00009706) c.add   a4, ra
core   0: 3 0x80005206 (0x9706) x14 0x00000000
core   0: 0x80005208 (0x00008c59) c.or    s0, a4
core   0: 3 0x80005208 (0x8c59) x8  0x000002ad
core   0: 0x8000520a (0x00008ef1) c.and   a3, a2
core   0: 3 0x8000520a (0x8ef1) x13 0x00000000
core   0: 0x8000520c (0x03143db3) mulhu   s11, s0, a7
core   0: 3 0x8000520c (0x03143db3) x27 0x00000000
core   0: 0x80005210 (0x00755293) srli    t0, a0, 7
core   0: 3 0x80005210 (0x00755293) x5  0x01fffff8
core   0: 0x80005214 (0x418ad033) sra     zero, s5, s8
core   0: 3 0x80005214 (0x418ad033)
core   0: 0x80005218 (0x0133cd33) xor     s10, t2, s3
core   0: 3 0x80005218 (0x0133cd33) x26 0x80029d24
core   0: 0x8000521c (0x000042ed) c.li    t0, 27
core   0: 3 0x8000521c (0x42ed) x5  0x0000001b
core   0: 0x8000521e (0x00170663) beq     a4, ra, pc + 12
core   0: 3 0x8000521e (0x00170663)
core   0: 0x80005222 (0x02513cb3) mulhu   s9, sp, t0
core   0: 3 0x80005222 (0x02513cb3) x25 0x00000000
core   0: 0x80005226 (0x00df5d63) bge     t5, a3, pc + 26
core   0: 3 0x80005226 (0x00df5d63)
core   0: 0x8000522a (0x3bbe45b7) lui     a1, 0x3bbe4
core   0: 3 0x8000522a (0x3bbe45b7) x11 0x3bbe4000
core   0: 0x8000522e (0x00008f89) c.sub   a5, a0
core   0: 3 0x8000522e (0x8f89) x15 0x00000000
core   0: 0x80005230 (0x01c91eb3) sll     t4, s2, t3
core   0: 3 0x80005230 (0x01c91eb3) x29 0x0000060d
core   0: 0x80005234 (0xb5068013) addi    zero, a3, -1200
core   0: 3 0x80005234 (0xb5068013)
core   0: 0x80005238 (0x00305a13) srli    s4, zero, 3
core   0: 3 0x80005238 (0x00305a13) x20 0x00000000
core   0: 0x8000523c (0x0338da33) divu    s4, a7, s3
core   0: 3 0x8000523c (0x0338da33) x20 0x00000000
core   0: 0x80005240 (0x00000fee) c.slli  t6, 27
core   0: 3 0x80005240 (0x0fee) x31 0x08000000
core   0: 0x80005242 (0x00000001) c.nop
core   0: 3 0x80005242 (0x0001)
core   0: 0x80005244 (0x00008ee5) c.and   a3, s1
core   0: 3 0x80005244 (0x8ee5) x13 0x00000000
core   0: 0x80005246 (0x0000c619) c.beqz  a2, pc + 14
core   0: 3 0x80005246 (0xc619)
core   0: 0x80005248 (0x01b57b33) and     s6, a0, s11
core   0: 3 0x80005248 (0x01b57b33) x22 0x00000000
core   0: 0x8000524c (0x03ad7cb3) remu    s9, s10, s10
core   0: 3 0x8000524c (0x03ad7cb3) x25 0x00000000
core   0: 0x80005250 (0x00008aa9) c.andi  a3, 10
core   0: 3 0x80005250 (0x8aa9) x13 0x00000000
core   0: 0x80005252 (0x000083ce) c.mv    t2, s3
core   0: 3 0x80005252 (0x83ce) x7  0x80029d24
core   0: 0x80005254 (0x000010fd) c.addi  ra, -1
core   0: 3 0x80005254 (0x10fd) x1  0x00000000
core   0: 0x80005256 (0x00008d8d) c.sub   a1, a1
core   0: 3 0x80005256 (0x8d8d) x11 0x00000000
core   0: 0x80005258 (0x006bddb3) srl     s11, s7, t1
core   0: 3 0x80005258 (0x006bddb3) x27 0x00001700
core   0: 0x8000525c (0x00008db1) c.xor   a1, a2
core   0: 3 0x8000525c (0x8db1) x11 0x0000017d
core   0: 0x8000525e (0x000d1cb3) sll     s9, s10, zero
core   0: 3 0x8000525e (0x000d1cb3) x25 0x80029d24
core   0: 0x80005262 (0x01888a33) add     s4, a7, s8
core   0: 3 0x80005262 (0x01888a33) x20 0xfe00097a
core   0: 0x80005266 (0x00008f5d) c.or    a4, a5
core   0: 3 0x80005266 (0x8f5d) x14 0x00000000
core   0: 0x80005268 (0x005f1893) slli    a7, t5, 5
core   0: 3 0x80005268 (0x005f1893) x17 0x004bd480
core   0: 0x8000526c (0x013e4b63) blt     t3, s3, pc + 22
core   0: 3 0x8000526c (0x013e4b63)
core   0: 0x80005270 (0x081bc713) xori    a4, s7, 129
core   0: 3 0x80005270 (0x081bc713) x14 0x00017081
core   0: 0x80005274 (0x00634d63) blt     t1, t1, pc + 26
core   0: 3 0x80005274 (0x00634d63)
core   0: 0x80005278 (0x03e7dcb3) divu    s9, a5, t5
core   0: 3 0x80005278 (0x03e7dcb3) x25 0x00000000
core   0: 0x8000527c (0x00006119) c.addi16sp sp, 384
core   0: 3 0x8000527c (0x6119) x2  0x00000180
core   0: 0x8000527e (0x00000001) c.nop
core   0: 3 0x8000527e (0x0001)
core   0: 0x80005280 (0x0000834a) c.mv    t1, s2
core   0: 3 0x80005280 (0x834a) x6  0x0000060d
core   0: 0x80005282 (0x021b2533) mulhsu  a0, s6, ra
core   0: 3 0x80005282 (0x021b2533) x10 0x00000000
core   0: 0x80005286 (0x00006c19) c.lui   s8, 0x6
core   0: 3 0x80005286 (0x6c19) x24 0x00006000
core   0: 0x80005288 (0xa47c6b93) ori     s7, s8, -1465
core   0: 3 0x80005288 (0xa47c6b93) x23 0xfffffa47
core   0: 0x8000528c (0x00008fd9) c.or    a5, a4
core   0: 3 0x8000528c (0x8fd9) x15 0x00017081
core   0: 0x8000528e (0x0000091a) c.slli  s2, 6
core   0: 3 0x8000528e (0x091a) x18 0x00018340
core   0: 0x80005290 (0x000082a1) c.srli  a3, 8
core   0: 3 0x80005290 (0x82a1) x13 0x00000000
core   0: 0x80005292 (0x029e6263) bltu    t3, s1, pc + 36
core   0: 3 0x80005292 (0x029e6263)
core   0: 0x800052b6 (0x00000ce2) c.slli  s9, 24
core   0: 3 0x800052b6 (0x0ce2) x25 0x00000000
core   0: 0x800052b8 (0x0206c533) div     a0, a3, zero
core   0: 3 0x800052b8 (0x0206c533) x10 0xffffffff
core   0: 0x800052bc (0x036876b3) remu    a3, a6, s6
core   0: 3 0x800052bc (0x036876b3) x13 0x5b4bc1c6
core   0: 0x800052c0 (0x014eceb3) xor     t4, t4, s4
core   0: 3 0x800052c0 (0x014eceb3) x29 0xfe000f77
core   0: 0x800052c4 (0x00008e19) c.sub   a2, a4
core   0: 3 0x800052c4 (0x8e19) x12 0xfffe90fc
core   0: 0x800052c6 (0x016dfe33) and     t3, s11, s6
core   0: 3 0x800052c6 (0x016dfe33) x28 0x00000000
core   0: 0x800052ca (0x00b6fdb3) and     s11, a3, a1
core   0: 3 0x800052ca (0x00b6fdb3) x27 0x00000144
core   0: 0x800052ce (0x023d15b3) mulh    a1, s10, gp
core   0: 3 0x800052ce (0x023d15b3) x11 0x0000017c
core   0: 0x800052d2 (0x00f85713) srli    a4, a6, 15
core   0: 3 0x800052d2 (0x00f85713) x14 0x0000b697
core   0: 0x800052d6 (0x00f28a63) beq     t0, a5, pc + 20
core   0: 3 0x800052d6 (0x00f28a63)
core   0: 0x800052da (0x00008dbe) c.mv    s11, a5
core   0: 3 0x800052da (0x8dbe) x27 0x00017081
core   0: 0x800052dc (0x00000fde) c.slli  t6, 23
core   0: 3 0x800052dc (0x0fde) x31 0x00000000
core   0: 0x800052de (0x00008559) c.srai  a0, 22
core   0: 3 0x800052de (0x8559) x10 0xffffffff
core   0: 0x800052e0 (0x00006e05) c.lui   t3, 0x1
core   0: 3 0x800052e0 (0x6e05) x28 0x00001000
core   0: 0x800052e2 (0x2e33f393) andi    t2, t2, 739
core   0: 3 0x800052e2 (0x2e33f393) x7  0x00000020
core   0: 0x800052e6 (0x00128e33) add     t3, t0, ra
core   0: 3 0x800052e6 (0x00128e33) x28 0x0000001b
core   0: 0x800052ea (0xf9a16c93) ori     s9, sp, -102
core   0: 3 0x800052ea (0xf9a16c93) x25 0xffffff9a
core   0: 0x800052ee (0xc3d6a417) auipc   s0, 0xc3d6a
core   0: 3 0x800052ee (0xc3d6a417) x8  0x43d6f2ee
core   0: 0x800052f2 (0x00001d98) c.addi4spn a4, sp, 752
core   0: 3 0x800052f2 (0x1d98) x14 0x00000470
core   0: 0x800052f4 (0x015ad593) srli    a1, s5, 21
core   0: 3 0x800052f4 (0x015ad593) x11 0x00000000
core   0: 0x800052f8 (0x00008b42) c.mv    s6, a6
core   0: 3 0x800052f8 (0x8b42) x22 0x5b4bc1c6
core   0: 0x800052fa (0x02f2ca33) div     s4, t0, a5
core   0: 3 0x800052fa (0x02f2ca33) x20 0x00000000
core   0: 0x800052fe (0x0000821e) c.mv    tp, t2
core   0: 3 0x800052fe (0x821e) x4  0x00000020
core   0: 0x80005300 (0x03234cb3) div     s9, t1, s2
core   0: 3 0x80005300 (0x03234cb3) x25 0x00000000
core   0: 0x80005304 (0x7e305b37) lui     s6, 0x7e305
core   0: 3 0x80005304 (0x7e305b37) x22 0x7e305000
core   0: 0x80005308 (0x0025e263) bltu    a1, sp, pc + 4
core   0: 3 0x80005308 (0x0025e263)
core   0: 0x8000530c (0x0000ca89) c.beqz  a3, pc + 18
core   0: 3 0x8000530c (0xca89)
core   0: 0x8000530e (0x00009a9e) c.add   s5, t2
core   0: 3 0x8000530e (0x9a9e) x21 0x00000020
core   0: 0x80005310 (0x025a7233) remu    tp, s4, t0
core   0: 3 0x80005310 (0x025a7233) x4  0x00000000
core   0: 0x80005314 (0x000000da) c.slli  ra, 22
core   0: 3 0x80005314 (0x00da) x1  0x00000000
core   0: 0x80005316 (0x03eb4163) blt     s6, t5, pc + 34
core   0: 3 0x80005316 (0x03eb4163)
core   0: 0x8000531a (0x03d10463) beq     sp, t4, pc + 40
core   0: 3 0x8000531a (0x03d10463)
core   0: 0x8000531e (0x02f1e6b3) rem     a3, gp, a5
core   0: 3 0x8000531e (0x02f1e6b3) x13 0xfffffd06
core   0: 0x80005322 (0x038ee633) rem     a2, t4, s8
core   0: 3 0x80005322 (0x038ee633) x12 0xffffef77
core   0: 0x80005326 (0x00005cfd) c.li    s9, -1
core   0: 3 0x80005326 (0x5cfd) x25 0xffffffff
core   0: 0x80005328 (0xa2794137) lui     sp, 0xa2794
core   0: 3 0x80005328 (0xa2794137) x2  0xa2794000
core   0: 0x8000532c (0x0000ec05) c.bnez  s0, pc + 56
core   0: 3 0x8000532c (0xec05)
core   0: 0x80005364 (0x46c668b7) lui     a7, 0x46c66
core   0: 3 0x80005364 (0x46c668b7) x17 0x46c66000
core   0: 0x80005368 (0x03adc033) div     zero, s11, s10
core   0: 3 0x80005368 (0x03adc033)
core   0: 0x8000536c (0x01f58463) beq     a1, t6, pc + 8
core   0: 3 0x8000536c (0x01f58463)
core   0: 0x80005374 (0x03589363) bne     a7, s5, pc + 38
core   0: 3 0x80005374 (0x03589363)
core   0: 0x8000539a (0x0093eb33) or      s6, t2, s1
core   0: 3 0x8000539a (0x0093eb33) x22 0x000000b0
core   0: 0x8000539e (0x01e06cb3) or      s9, zero, t5
core   0: 3 0x8000539e (0x01e06cb3) x25 0x80025ea4
core   0: 0x800053a2 (0x1ac88e93) addi    t4, a7, 428
core   0: 3 0x800053a2 (0x1ac88e93) x29 0x46c661ac
core   0: 0x800053a6 (0x00000001) c.nop
core   0: 3 0x800053a6 (0x0001)
core   0: 0x800053a8 (0x000064b1) c.lui   s1, 0xc
core   0: 3 0x800053a8 (0x64b1) x9  0x0000c000
core   0: 0x800053aa (0x00001518) c.addi4spn a4, sp, 672
core   0: 3 0x800053aa (0x1518) x14 0xa27942a0
core   0: 0x800053ac (0x40515233) sra     tp, sp, t0
core   0: 3 0x800053ac (0x40515233) x4  0xfffffff4
core   0: 0x800053b0 (0x00441a13) slli    s4, s0, 4
core   0: 3 0x800053b0 (0x00441a13) x20 0x3d6f2ee0
core   0: 0x800053b4 (0x0362da33) divu    s4, t0, s6
core   0: 3 0x800053b4 (0x0362da33) x20 0x00000000
core   0: 0x800053b8 (0xf40db893) sltiu   a7, s11, -192
core   0: 3 0x800053b8 (0xf40db893) x17 0x00000001
core   0: 0x800053bc (0xb786b897) auipc   a7, 0xb786b
core   0: 3 0x800053bc (0xb786b897) x17 0x378703bc
core   0: 0x800053c0 (0x231c2593) slti    a1, s8, 561
core   0: 3 0x800053c0 (0x231c2593) x11 0x00000000
core   0: 0x800053c4 (0x000086ad) c.srai  a3, 11
core   0: 3 0x800053c4 (0x86ad) x13 0xffffffff
core   0: 0x800053c6 (0x406b5133) sra     sp, s6, t1
core   0: 3 0x800053c6 (0x406b5133) x2  0x00000000
core   0: 0x800053ca (0x00008211) c.srli  a2, 4
core   0: 3 0x800053ca (0x8211) x12 0x0ffffef7
core   0: 0x800053cc (0x00be7e33) and     t3, t3, a1
core   0: 3 0x800053cc (0x00be7e33) x28 0x00000000
core   0: 0x800053d0 (0x01298fb3) add     t6, s3, s2
core   0: 3 0x800053d0 (0x01298fb3) x31 0x80042064
core   0: 0x800053d4 (0x014064b3) or      s1, zero, s4
core   0: 3 0x800053d4 (0x014064b3) x9  0x00000000
core   0: 0x800053d8 (0x414cdc33) sra     s8, s9, s4
core   0: 3 0x800053d8 (0x414cdc33) x24 0x80025ea4
core   0: 0x800053dc (0x02b80db3) mul     s11, a6, a1
core   0: 3 0x800053dc (0x02b80db3) x27 0x00000000
core   0: 0x800053e0 (0x025f51b3) divu    gp, t5, t0
core   0: 3 0x800053e0 (0x025f51b3) x3  0x04bdb7a7
core   0: 0x800053e4 (0x00000001) c.nop
core   0: 3 0x800053e4 (0x0001)
core   0: 0x800053e6 (0x0000613d) c.addi16sp sp, 480
core   0: 3 0x800053e6 (0x613d) x2  0x000001e0
core   0: 0x800053e8 (0x2840e613) ori     a2, ra, 644
core   0: 3 0x800053e8 (0x2840e613) x12 0x00000284
core   0: 0x800053ec (0x00595a93) srli    s5, s2, 5
core   0: 3 0x800053ec (0x00595a93) x21 0x00000c1a
core   0: 0x800053f0 (0x01775b63) bge     a4, s7, pc + 22
core   0: 3 0x800053f0 (0x01775b63)
core   0: 0x800053f4 (0x028bbd33) mulhu   s10, s7, s0
core   0: 3 0x800053f4 (0x028bbd33) x26 0x43d6f169
core   0: 0x800053f8 (0x00ce3fb3) sltu    t6, t3, a2
core   0: 3 0x800053f8 (0x00ce3fb3) x31 0x00000001
core   0: 0x800053fc (0x032f1d33) mulh    s10, t5, s2
core   0: 3 0x800053fc (0x032f1d33) x26 0xffff3e63
core   0: 0x80005400 (0x0bcd0663) beq     s10, t3, pc + 172
core   0: 3 0x80005400 (0x0bcd0663)
core   0: 0x80005404 (0x0000844d) c.srai  s0, 19
core   0: 3 0x80005404 (0x844d) x8  0x0000087a
core   0: 0x80005406 (0x015b0433) add     s0, s6, s5
core   0: 3 0x80005406 (0x015b0433) x8  0x00000cca
core   0: 0x8000540a (0x00004f81) c.li    t6, 0
core   0: 3 0x8000540a (0x4f81) x31 0x00000000
core   0: 0x8000540c (0xab4b4337) lui     t1, 0xab4b4
core   0: 3 0x8000540c (0xab4b4337) x6  0xab4b4000
core   0: 0x80005410 (0x14d8c013) xori    zero, a7, 333
core   0: 3 0x80005410 (0x14d8c013)
core   0: 0x80005414 (0x03599a33) mulh    s4, s3, s5
core   0: 3 0x80005414 (0x03599a33) x20 0xfffff9f3
core   0: 0x80005418 (0x000067e1) c.lui   a5, 0x18
core   0: 3 0x80005418 (0x67e1) x15 0x00018000
core   0: 0x8000541a (0x2d4f3b93) sltiu   s7, t5, 724
core   0: 3 0x8000541a (0x2d4f3b93) x23 0x00000000
core   0: 0x8000541e (0x410150b3) sra     ra, sp, a6
core   0: 3 0x8000541e (0x410150b3) x1  0x00000007
core   0: 0x80005422 (0x00004dad) c.li    s11, 11
core   0: 3 0x80005422 (0x4dad) x27 0x0000000b
core   0: 0x80005424 (0x0221a033) mulhsu  zero, gp, sp
core   0: 3 0x80005424 (0x0221a033)
core   0: 0x80005428 (0x00006a15) c.lui   s4, 0x5
core   0: 3 0x80005428 (0x6a15) x20 0x00005000
core   0: 0x8000542a (0x00bcf633) and     a2, s9, a1
core   0: 3 0x8000542a (0x00bcf633) x12 0x00000000
core   0: 0x8000542e (0x00000f89) c.addi  t6, 2
core   0: 3 0x8000542e (0x0f89) x31 0x00000002
core   0: 0x80005430 (0x20bb58b7) lui     a7, 0x20bb5
core   0: 3 0x80005430 (0x20bb58b7) x17 0x20bb5000
core   0: 0x80005434 (0xfc03b8b7) lui     a7, 0xfc03b
core   0: 3 0x80005434 (0xfc03b8b7) x17 0xfc03b000
core   0: 0x80005438 (0x000087d9) c.srai  a5, 22
core   0: 3 0x80005438 (0x87d9) x15 0x00000000
core   0: 0x8000543a (0x00005c69) c.li    s8, -6
core   0: 3 0x8000543a (0x5c69) x24 0xfffffffa
core   0: 0x8000543c (0x0177ccb3) xor     s9, a5, s7
core   0: 3 0x8000543c (0x0177ccb3) x25 0x00000000
core   0: 0x80005440 (0x551b8893) addi    a7, s7, 1361
core   0: 3 0x80005440 (0x551b8893) x17 0x00000551
core   0: 0x80005444 (0x039ddbb3) divu    s7, s11, s9
core   0: 3 0x80005444 (0x039ddbb3) x23 0xffffffff
core   0: 0x80005448 (0x40b457b3) sra     a5, s0, a1
core   0: 3 0x80005448 (0x40b457b3) x15 0x00000cca
core   0: 0x8000544c (0x00004389) c.li    t2, 2
core   0: 3 0x8000544c (0x4389) x7  0x00000002
core   0: 0x8000544e (0x9175eb93) ori     s7, a1, -1769
core   0: 3 0x8000544e (0x9175eb93) x23 0xfffff917
core   0: 0x80005452 (0x0101a4b3) slt     s1, gp, a6
core   0: 3 0x80005452 (0x0101a4b3) x9  0x00000001
core   0: 0x80005456 (0x00000510) c.addi4spn a2, sp, 640
core   0: 3 0x80005456 (0x0510) x12 0x00000460
core   0: 0x80005458 (0xb7dac213) xori    tp, s5, -1155
core   0: 3 0x80005458 (0xb7dac213) x4  0xfffff767
core   0: 0x8000545c (0x795dacb7) lui     s9, 0x795da
core   0: 3 0x8000545c (0x795dacb7) x25 0x795da000
core   0: 0x80005460 (0x00000bd9) c.addi  s7, 22
core   0: 3 0x80005460 (0x0bd9) x23 0xfffff92d
core   0: 0x80005462 (0x418001b3) sub     gp, zero, s8
core   0: 3 0x80005462 (0x418001b3) x3  0x00000006
core   0: 0x80005466 (0x00f71693) slli    a3, a4, 15
core   0: 3 0x80005466 (0x00f71693) x13 0xa1500000
core   0: 0x8000546a (0x00008209) c.srli  a2, 2
core   0: 3 0x8000546a (0x8209) x12 0x00000118
core   0: 0x8000546c (0x000091e6) c.add   gp, s9
core   0: 3 0x8000546c (0x91e6) x3  0x795da006
core   0: 0x8000546e (0x00000c1d) c.addi  s8, 7
core   0: 3 0x8000546e (0x0c1d) x24 0x00000001
core   0: 0x80005470 (0xfe7c69e3) bltu    s8, t2, pc - 14
core   0: 3 0x80005470 (0xfe7c69e3)
core   0: 0x80005462 (0x418001b3) sub     gp, zero, s8
core   0: 3 0x80005462 (0x418001b3) x3  0xffffffff
core   0: 0x80005466 (0x00f71693) slli    a3, a4, 15
core   0: 3 0x80005466 (0x00f71693) x13 0xa1500000
core   0: 0x8000546a (0x00008209) c.srli  a2, 2
core   0: 3 0x8000546a (0x8209) x12 0x00000046
core   0: 0x8000546c (0x000091e6) c.add   gp, s9
core   0: 3 0x8000546c (0x91e6) x3  0x795d9fff
core   0: 0x8000546e (0x00000c1d) c.addi  s8, 7
core   0: 3 0x8000546e (0x0c1d) x24 0x00000008
core   0: 0x80005470 (0xfe7c69e3) bltu    s8, t2, pc - 14
core   0: 3 0x80005470 (0xfe7c69e3)
core   0: 0x80005474 (0xfbbfebe3) bltu    t6, s11, pc - 74
core   0: 3 0x80005474 (0xfbbfebe3)
core   0: 0x8000542a (0x00bcf633) and     a2, s9, a1
core   0: 3 0x8000542a (0x00bcf633) x12 0x00000000
core   0: 0x8000542e (0x00000f89) c.addi  t6, 2
core   0: 3 0x8000542e (0x0f89) x31 0x00000004
core   0: 0x80005430 (0x20bb58b7) lui     a7, 0x20bb5
core   0: 3 0x80005430 (0x20bb58b7) x17 0x20bb5000
core   0: 0x80005434 (0xfc03b8b7) lui     a7, 0xfc03b
core   0: 3 0x80005434 (0xfc03b8b7) x17 0xfc03b000
core   0: 0x80005438 (0x000087d9) c.srai  a5, 22
core   0: 3 0x80005438 (0x87d9) x15 0x00000000
core   0: 0x8000543a (0x00005c69) c.li    s8, -6
core   0: 3 0x8000543a (0x5c69) x24 0xfffffffa
core   0: 0x8000543c (0x0177ccb3) xor     s9, a5, s7
core   0: 3 0x8000543c (0x0177ccb3) x25 0xfffff92d
core   0: 0x80005440 (0x551b8893) addi    a7, s7, 1361
core   0: 3 0x80005440 (0x551b8893) x17 0xfffffe7e
core   0: 0x80005444 (0x039ddbb3) divu    s7, s11, s9
core   0: 3 0x80005444 (0x039ddbb3) x23 0x00000000
core   0: 0x80005448 (0x40b457b3) sra     a5, s0, a1
core   0: 3 0x80005448 (0x40b457b3) x15 0x00000cca
core   0: 0x8000544c (0x00004389) c.li    t2, 2
core   0: 3 0x8000544c (0x4389) x7  0x00000002
core   0: 0x8000544e (0x9175eb93) ori     s7, a1, -1769
core   0: 3 0x8000544e (0x9175eb93) x23 0xfffff917
core   0: 0x80005452 (0x0101a4b3) slt     s1, gp, a6
core   0: 3 0x80005452 (0x0101a4b3) x9  0x00000000
core   0: 0x80005456 (0x00000510) c.addi4spn a2, sp, 640
core   0: 3 0x80005456 (0x0510) x12 0x00000460
core   0: 0x80005458 (0xb7dac213) xori    tp, s5, -1155
core   0: 3 0x80005458 (0xb7dac213) x4  0xfffff767
core   0: 0x8000545c (0x795dacb7) lui     s9, 0x795da
core   0: 3 0x8000545c (0x795dacb7) x25 0x795da000
core   0: 0x80005460 (0x00000bd9) c.addi  s7, 22
core   0: 3 0x80005460 (0x0bd9) x23 0xfffff92d
core   0: 0x80005462 (0x418001b3) sub     gp, zero, s8
core   0: 3 0x80005462 (0x418001b3) x3  0x00000006
core   0: 0x80005466 (0x00f71693) slli    a3, a4, 15
core   0: 3 0x80005466 (0x00f71693) x13 0xa1500000
core   0: 0x8000546a (0x00008209) c.srli  a2, 2
core   0: 3 0x8000546a (0x8209) x12 0x00000118
core   0: 0x8000546c (0x000091e6) c.add   gp, s9
core   0: 3 0x8000546c (0x91e6) x3  0x795da006
core   0: 0x8000546e (0x00000c1d) c.addi  s8, 7
core   0: 3 0x8000546e (0x0c1d) x24 0x00000001
core   0: 0x80005470 (0xfe7c69e3) bltu    s8, t2, pc - 14
core   0: 3 0x80005470 (0xfe7c69e3)
core   0: 0x80005462 (0x418001b3) sub     gp, zero, s8
core   0: 3 0x80005462 (0x418001b3) x3  0xffffffff
core   0: 0x80005466 (0x00f71693) slli    a3, a4, 15
core   0: 3 0x80005466 (0x00f71693) x13 0xa1500000
core   0: 0x8000546a (0x00008209) c.srli  a2, 2
core   0: 3 0x8000546a (0x8209) x12 0x00000046
core   0: 0x8000546c (0x000091e6) c.add   gp, s9
core   0: 3 0x8000546c (0x91e6) x3  0x795d9fff
core   0: 0x8000546e (0x00000c1d) c.addi  s8, 7
core   0: 3 0x8000546e (0x0c1d) x24 0x00000008
core   0: 0x80005470 (0xfe7c69e3) bltu    s8, t2, pc - 14
core   0: 3 0x80005470 (0xfe7c69e3)
core   0: 0x80005474 (0xfbbfebe3) bltu    t6, s11, pc - 74
core   0: 3 0x80005474 (0xfbbfebe3)
core   0: 0x8000542a (0x00bcf633) and     a2, s9, a1
core   0: 3 0x8000542a (0x00bcf633) x12 0x00000000
core   0: 0x8000542e (0x00000f89) c.addi  t6, 2
core   0: 3 0x8000542e (0x0f89) x31 0x00000006
core   0: 0x80005430 (0x20bb58b7) lui     a7, 0x20bb5
core   0: 3 0x80005430 (0x20bb58b7) x17 0x20bb5000
core   0: 0x80005434 (0xfc03b8b7) lui     a7, 0xfc03b
core   0: 3 0x80005434 (0xfc03b8b7) x17 0xfc03b000
core   0: 0x80005438 (0x000087d9) c.srai  a5, 22
core   0: 3 0x80005438 (0x87d9) x15 0x00000000
core   0: 0x8000543a (0x00005c69) c.li    s8, -6
core   0: 3 0x8000543a (0x5c69) x24 0xfffffffa
core   0: 0x8000543c (0x0177ccb3) xor     s9, a5, s7
core   0: 3 0x8000543c (0x0177ccb3) x25 0xfffff92d
core   0: 0x80005440 (0x551b8893) addi    a7, s7, 1361
core   0: 3 0x80005440 (0x551b8893) x17 0xfffffe7e
core   0: 0x80005444 (0x039ddbb3) divu    s7, s11, s9
core   0: 3 0x80005444 (0x039ddbb3) x23 0x00000000
core   0: 0x80005448 (0x40b457b3) sra     a5, s0, a1
core   0: 3 0x80005448 (0x40b457b3) x15 0x00000cca
core   0: 0x8000544c (0x00004389) c.li    t2, 2
core   0: 3 0x8000544c (0x4389) x7  0x00000002
core   0: 0x8000544e (0x9175eb93) ori     s7, a1, -1769
core   0: 3 0x8000544e (0x9175eb93) x23 0xfffff917
core   0: 0x80005452 (0x0101a4b3) slt     s1, gp, a6
core   0: 3 0x80005452 (0x0101a4b3) x9  0x00000000
core   0: 0x80005456 (0x00000510) c.addi4spn a2, sp, 640
core   0: 3 0x80005456 (0x0510) x12 0x00000460
core   0: 0x80005458 (0xb7dac213) xori    tp, s5, -1155
core   0: 3 0x80005458 (0xb7dac213) x4  0xfffff767
core   0: 0x8000545c (0x795dacb7) lui     s9, 0x795da
core   0: 3 0x8000545c (0x795dacb7) x25 0x795da000
core   0: 0x80005460 (0x00000bd9) c.addi  s7, 22
core   0: 3 0x80005460 (0x0bd9) x23 0xfffff92d
core   0: 0x80005462 (0x418001b3) sub     gp, zero, s8
core   0: 3 0x80005462 (0x418001b3) x3  0x00000006
core   0: 0x80005466 (0x00f71693) slli    a3, a4, 15
core   0: 3 0x80005466 (0x00f71693) x13 0xa1500000
core   0: 0x8000546a (0x00008209) c.srli  a2, 2
core   0: 3 0x8000546a (0x8209) x12 0x00000118
core   0: 0x8000546c (0x000091e6) c.add   gp, s9
core   0: 3 0x8000546c (0x91e6) x3  0x795da006
core   0: 0x8000546e (0x00000c1d) c.addi  s8, 7
core   0: 3 0x8000546e (0x0c1d) x24 0x00000001
core   0: 0x80005470 (0xfe7c69e3) bltu    s8, t2, pc - 14
core   0: 3 0x80005470 (0xfe7c69e3)
core   0: 0x80005462 (0x418001b3) sub     gp, zero, s8
core   0: 3 0x80005462 (0x418001b3) x3  0xffffffff
core   0: 0x80005466 (0x00f71693) slli    a3, a4, 15
core   0: 3 0x80005466 (0x00f71693) x13 0xa1500000
core   0: 0x8000546a (0x00008209) c.srli  a2, 2
core   0: 3 0x8000546a (0x8209) x12 0x00000046
core   0: 0x8000546c (0x000091e6) c.add   gp, s9
core   0: 3 0x8000546c (0x91e6) x3  0x795d9fff
core   0: 0x8000546e (0x00000c1d) c.addi  s8, 7
core   0: 3 0x8000546e (0x0c1d) x24 0x00000008
core   0: 0x80005470 (0xfe7c69e3) bltu    s8, t2, pc - 14
core   0: 3 0x80005470 (0xfe7c69e3)
core   0: 0x80005474 (0xfbbfebe3) bltu    t6, s11, pc - 74
core   0: 3 0x80005474 (0xfbbfebe3)
core   0: 0x8000542a (0x00bcf633) and     a2, s9, a1
core   0: 3 0x8000542a (0x00bcf633) x12 0x00000000
core   0: 0x8000542e (0x00000f89) c.addi  t6, 2
core   0: 3 0x8000542e (0x0f89) x31 0x00000008
core   0: 0x80005430 (0x20bb58b7) lui     a7, 0x20bb5
core   0: 3 0x80005430 (0x20bb58b7) x17 0x20bb5000
core   0: 0x80005434 (0xfc03b8b7) lui     a7, 0xfc03b
core   0: 3 0x80005434 (0xfc03b8b7) x17 0xfc03b000
core   0: 0x80005438 (0x000087d9) c.srai  a5, 22
core   0: 3 0x80005438 (0x87d9) x15 0x00000000
core   0: 0x8000543a (0x00005c69) c.li    s8, -6
core   0: 3 0x8000543a (0x5c69) x24 0xfffffffa
core   0: 0x8000543c (0x0177ccb3) xor     s9, a5, s7
core   0: 3 0x8000543c (0x0177ccb3) x25 0xfffff92d
core   0: 0x80005440 (0x551b8893) addi    a7, s7, 1361
core   0: 3 0x80005440 (0x551b8893) x17 0xfffffe7e
core   0: 0x80005444 (0x039ddbb3) divu    s7, s11, s9
core   0: 3 0x80005444 (0x039ddbb3) x23 0x00000000
core   0: 0x80005448 (0x40b457b3) sra     a5, s0, a1
core   0: 3 0x80005448 (0x40b457b3) x15 0x00000cca
core   0: 0x8000544c (0x00004389) c.li    t2, 2
core   0: 3 0x8000544c (0x4389) x7  0x00000002
core   0: 0x8000544e (0x9175eb93) ori     s7, a1, -1769
core   0: 3 0x8000544e (0x9175eb93) x23 0xfffff917
core   0: 0x80005452 (0x0101a4b3) slt     s1, gp, a6
core   0: 3 0x80005452 (0x0101a4b3) x9  0x00000000
core   0: 0x80005456 (0x00000510) c.addi4spn a2, sp, 640
core   0: 3 0x80005456 (0x0510) x12 0x00000460
core   0: 0x80005458 (0xb7dac213) xori    tp, s5, -1155
core   0: 3 0x80005458 (0xb7dac213) x4  0xfffff767
core   0: 0x8000545c (0x795dacb7) lui     s9, 0x795da
core   0: 3 0x8000545c (0x795dacb7) x25 0x795da000
core   0: 0x80005460 (0x00000bd9) c.addi  s7, 22
core   0: 3 0x80005460 (0x0bd9) x23 0xfffff92d
core   0: 0x80005462 (0x418001b3) sub     gp, zero, s8
core   0: 3 0x80005462 (0x418001b3) x3  0x00000006
core   0: 0x80005466 (0x00f71693) slli    a3, a4, 15
core   0: 3 0x80005466 (0x00f71693) x13 0xa1500000
core   0: 0x8000546a (0x00008209) c.srli  a2, 2
core   0: 3 0x8000546a (0x8209) x12 0x00000118
core   0: 0x8000546c (0x000091e6) c.add   gp, s9
core   0: 3 0x8000546c (0x91e6) x3  0x795da006
core   0: 0x8000546e (0x00000c1d) c.addi  s8, 7
core   0: 3 0x8000546e (0x0c1d) x24 0x00000001
core   0: 0x80005470 (0xfe7c69e3) bltu    s8, t2, pc - 14
core   0: 3 0x80005470 (0xfe7c69e3)
core   0: 0x80005462 (0x418001b3) sub     gp, zero, s8
core   0: 3 0x80005462 (0x418001b3) x3  0xffffffff
core   0: 0x80005466 (0x00f71693) slli    a3, a4, 15
core   0: 3 0x80005466 (0x00f71693) x13 0xa1500000
core   0: 0x8000546a (0x00008209) c.srli  a2, 2
core   0: 3 0x8000546a (0x8209) x12 0x00000046
core   0: 0x8000546c (0x000091e6) c.add   gp, s9
core   0: 3 0x8000546c (0x91e6) x3  0x795d9fff
core   0: 0x8000546e (0x00000c1d) c.addi  s8, 7
core   0: 3 0x8000546e (0x0c1d) x24 0x00000008
core   0: 0x80005470 (0xfe7c69e3) bltu    s8, t2, pc - 14
core   0: 3 0x80005470 (0xfe7c69e3)
core   0: 0x80005474 (0xfbbfebe3) bltu    t6, s11, pc - 74
core   0: 3 0x80005474 (0xfbbfebe3)
core   0: 0x8000542a (0x00bcf633) and     a2, s9, a1
core   0: 3 0x8000542a (0x00bcf633) x12 0x00000000
core   0: 0x8000542e (0x00000f89) c.addi  t6, 2
core   0: 3 0x8000542e (0x0f89) x31 0x0000000a
core   0: 0x80005430 (0x20bb58b7) lui     a7, 0x20bb5
core   0: 3 0x80005430 (0x20bb58b7) x17 0x20bb5000
core   0: 0x80005434 (0xfc03b8b7) lui     a7, 0xfc03b
core   0: 3 0x80005434 (0xfc03b8b7) x17 0xfc03b000
core   0: 0x80005438 (0x000087d9) c.srai  a5, 22
core   0: 3 0x80005438 (0x87d9) x15 0x00000000
core   0: 0x8000543a (0x00005c69) c.li    s8, -6
core   0: 3 0x8000543a (0x5c69) x24 0xfffffffa
core   0: 0x8000543c (0x0177ccb3) xor     s9, a5, s7
core   0: 3 0x8000543c (0x0177ccb3) x25 0xfffff92d
core   0: 0x80005440 (0x551b8893) addi    a7, s7, 1361
core   0: 3 0x80005440 (0x551b8893) x17 0xfffffe7e
core   0: 0x80005444 (0x039ddbb3) divu    s7, s11, s9
core   0: 3 0x80005444 (0x039ddbb3) x23 0x00000000
core   0: 0x80005448 (0x40b457b3) sra     a5, s0, a1
core   0: 3 0x80005448 (0x40b457b3) x15 0x00000cca
core   0: 0x8000544c (0x00004389) c.li    t2, 2
core   0: 3 0x8000544c (0x4389) x7  0x00000002
core   0: 0x8000544e (0x9175eb93) ori     s7, a1, -1769
core   0: 3 0x8000544e (0x9175eb93) x23 0xfffff917
core   0: 0x80005452 (0x0101a4b3) slt     s1, gp, a6
core   0: 3 0x80005452 (0x0101a4b3) x9  0x00000000
core   0: 0x80005456 (0x00000510) c.addi4spn a2, sp, 640
core   0: 3 0x80005456 (0x0510) x12 0x00000460
core   0: 0x80005458 (0xb7dac213) xori    tp, s5, -1155
core   0: 3 0x80005458 (0xb7dac213) x4  0xfffff767
core   0: 0x8000545c (0x795dacb7) lui     s9, 0x795da
core   0: 3 0x8000545c (0x795dacb7) x25 0x795da000
core   0: 0x80005460 (0x00000bd9) c.addi  s7, 22
core   0: 3 0x80005460 (0x0bd9) x23 0xfffff92d
core   0: 0x80005462 (0x418001b3) sub     gp, zero, s8
core   0: 3 0x80005462 (0x418001b3) x3  0x00000006
core   0: 0x80005466 (0x00f71693) slli    a3, a4, 15
core   0: 3 0x80005466 (0x00f71693) x13 0xa1500000
core   0: 0x8000546a (0x00008209) c.srli  a2, 2
core   0: 3 0x8000546a (0x8209) x12 0x00000118
core   0: 0x8000546c (0x000091e6) c.add   gp, s9
core   0: 3 0x8000546c (0x91e6) x3  0x795da006
core   0: 0x8000546e (0x00000c1d) c.addi  s8, 7
core   0: 3 0x8000546e (0x0c1d) x24 0x00000001
core   0: 0x80005470 (0xfe7c69e3) bltu    s8, t2, pc - 14
core   0: 3 0x80005470 (0xfe7c69e3)
core   0: 0x80005462 (0x418001b3) sub     gp, zero, s8
core   0: 3 0x80005462 (0x418001b3) x3  0xffffffff
core   0: 0x80005466 (0x00f71693) slli    a3, a4, 15
core   0: 3 0x80005466 (0x00f71693) x13 0xa1500000
core   0: 0x8000546a (0x00008209) c.srli  a2, 2
core   0: 3 0x8000546a (0x8209) x12 0x00000046
core   0: 0x8000546c (0x000091e6) c.add   gp, s9
core   0: 3 0x8000546c (0x91e6) x3  0x795d9fff
core   0: 0x8000546e (0x00000c1d) c.addi  s8, 7
core   0: 3 0x8000546e (0x0c1d) x24 0x00000008
core   0: 0x80005470 (0xfe7c69e3) bltu    s8, t2, pc - 14
core   0: 3 0x80005470 (0xfe7c69e3)
core   0: 0x80005474 (0xfbbfebe3) bltu    t6, s11, pc - 74
core   0: 3 0x80005474 (0xfbbfebe3)
core   0: 0x8000542a (0x00bcf633) and     a2, s9, a1
core   0: 3 0x8000542a (0x00bcf633) x12 0x00000000
core   0: 0x8000542e (0x00000f89) c.addi  t6, 2
core   0: 3 0x8000542e (0x0f89) x31 0x0000000c
core   0: 0x80005430 (0x20bb58b7) lui     a7, 0x20bb5
core   0: 3 0x80005430 (0x20bb58b7) x17 0x20bb5000
core   0: 0x80005434 (0xfc03b8b7) lui     a7, 0xfc03b
core   0: 3 0x80005434 (0xfc03b8b7) x17 0xfc03b000
core   0: 0x80005438 (0x000087d9) c.srai  a5, 22
core   0: 3 0x80005438 (0x87d9) x15 0x00000000
core   0: 0x8000543a (0x00005c69) c.li    s8, -6
core   0: 3 0x8000543a (0x5c69) x24 0xfffffffa
core   0: 0x8000543c (0x0177ccb3) xor     s9, a5, s7
core   0: 3 0x8000543c (0x0177ccb3) x25 0xfffff92d
core   0: 0x80005440 (0x551b8893) addi    a7, s7, 1361
core   0: 3 0x80005440 (0x551b8893) x17 0xfffffe7e
core   0: 0x80005444 (0x039ddbb3) divu    s7, s11, s9
core   0: 3 0x80005444 (0x039ddbb3) x23 0x00000000
core   0: 0x80005448 (0x40b457b3) sra     a5, s0, a1
core   0: 3 0x80005448 (0x40b457b3) x15 0x00000cca
core   0: 0x8000544c (0x00004389) c.li    t2, 2
core   0: 3 0x8000544c (0x4389) x7  0x00000002
core   0: 0x8000544e (0x9175eb93) ori     s7, a1, -1769
core   0: 3 0x8000544e (0x9175eb93) x23 0xfffff917
core   0: 0x80005452 (0x0101a4b3) slt     s1, gp, a6
core   0: 3 0x80005452 (0x0101a4b3) x9  0x00000000
core   0: 0x80005456 (0x00000510) c.addi4spn a2, sp, 640
core   0: 3 0x80005456 (0x0510) x12 0x00000460
core   0: 0x80005458 (0xb7dac213) xori    tp, s5, -1155
core   0: 3 0x80005458 (0xb7dac213) x4  0xfffff767
core   0: 0x8000545c (0x795dacb7) lui     s9, 0x795da
core   0: 3 0x8000545c (0x795dacb7) x25 0x795da000
core   0: 0x80005460 (0x00000bd9) c.addi  s7, 22
core   0: 3 0x80005460 (0x0bd9) x23 0xfffff92d
core   0: 0x80005462 (0x418001b3) sub     gp, zero, s8
core   0: 3 0x80005462 (0x418001b3) x3  0x00000006
core   0: 0x80005466 (0x00f71693) slli    a3, a4, 15
core   0: 3 0x80005466 (0x00f71693) x13 0xa1500000
core   0: 0x8000546a (0x00008209) c.srli  a2, 2
core   0: 3 0x8000546a (0x8209) x12 0x00000118
core   0: 0x8000546c (0x000091e6) c.add   gp, s9
core   0: 3 0x8000546c (0x91e6) x3  0x795da006
core   0: 0x8000546e (0x00000c1d) c.addi  s8, 7
core   0: 3 0x8000546e (0x0c1d) x24 0x00000001
core   0: 0x80005470 (0xfe7c69e3) bltu    s8, t2, pc - 14
core   0: 3 0x80005470 (0xfe7c69e3)
core   0: 0x80005462 (0x418001b3) sub     gp, zero, s8
core   0: 3 0x80005462 (0x418001b3) x3  0xffffffff
core   0: 0x80005466 (0x00f71693) slli    a3, a4, 15
core   0: 3 0x80005466 (0x00f71693) x13 0xa1500000
core   0: 0x8000546a (0x00008209) c.srli  a2, 2
core   0: 3 0x8000546a (0x8209) x12 0x00000046
core   0: 0x8000546c (0x000091e6) c.add   gp, s9
core   0: 3 0x8000546c (0x91e6) x3  0x795d9fff
core   0: 0x8000546e (0x00000c1d) c.addi  s8, 7
core   0: 3 0x8000546e (0x0c1d) x24 0x00000008
core   0: 0x80005470 (0xfe7c69e3) bltu    s8, t2, pc - 14
core   0: 3 0x80005470 (0xfe7c69e3)
core   0: 0x80005474 (0xfbbfebe3) bltu    t6, s11, pc - 74
core   0: 3 0x80005474 (0xfbbfebe3)
core   0: 0x80005478 (0x00008f05) c.sub   a4, s1
core   0: 3 0x80005478 (0x8f05) x14 0xa27942a0
core   0: 0x8000547a (0x0000c189) c.beqz  a1, pc + 2
core   0: 3 0x8000547a (0xc189)
core   0: 0x8000547c (0x25af2413) slti    s0, t5, 602
core   0: 3 0x8000547c (0x25af2413) x8  0x00000001
core   0: 0x80005480 (0x01f28033) add     zero, t0, t6
core   0: 3 0x80005480 (0x01f28033)
core   0: 0x80005484 (0x00000212) c.slli  tp, 4
core   0: 3 0x80005484 (0x0212) x4  0xffff7670
core   0: 0x80005486 (0x028af3b3) remu    t2, s5, s0
core   0: 3 0x80005486 (0x028af3b3) x7  0x00000000
core   0: 0x8000548a (0x000080cd) c.srli  s1, 19
core   0: 3 0x8000548a (0x80cd) x9  0x00000000
core   0: 0x8000548c (0x41e05693) srai    a3, zero, 30
core   0: 3 0x8000548c (0x41e05693) x13 0x00000000
core   0: 0x80005490 (0x000047bd) c.li    a5, 15
core   0: 3 0x80005490 (0x47bd) x15 0x0000000f
core   0: 0x80005492 (0x02453e33) mulhu   t3, a0, tp
core   0: 3 0x80005492 (0x02453e33) x28 0xffff766f
core   0: 0x80005496 (0x02a02b33) mulhsu  s6, zero, a0
core   0: 3 0x80005496 (0x02a02b33) x22 0x00000000
core   0: 0x8000549a (0x000055fd) c.li    a1, -1
core   0: 3 0x8000549a (0x55fd) x11 0xffffffff
core   0: 0x8000549c (0xbf658c93) addi    s9, a1, -1034
core   0: 3 0x8000549c (0xbf658c93) x25 0xfffffbf5
core   0: 0x800054a0 (0x0000157d) c.addi  a0, -1
core   0: 3 0x800054a0 (0x157d) x10 0xfffffffe
core   0: 0x800054a2 (0x0000859e) c.mv    a1, t2
core   0: 3 0x800054a2 (0x859e) x11 0x00000000
core   0: 0x800054a4 (0x02039db3) mulh    s11, t2, zero
core   0: 3 0x800054a4 (0x02039db3) x27 0x00000000
core   0: 0x800054a8 (0x000bc4b3) xor     s1, s7, zero
core   0: 3 0x800054a8 (0x000bc4b3) x9  0xfffff92d
core   0: 0x800054ac (0x01edcd33) xor     s10, s11, t5
core   0: 3 0x800054ac (0x01edcd33) x26 0x80025ea4
core   0: 0x800054b0 (0x00008fa5) c.xor   a5, s1
core   0: 3 0x800054b0 (0x8fa5) x15 0xfffff922
core   0: 0x800054b2 (0x00164363) blt     a2, ra, pc + 6
core   0: 3 0x800054b2 (0x00164363)
core   0: 0x800054b6 (0x0000ea11) c.bnez  a2, pc + 20
core   0: 3 0x800054b6 (0xea11)
core   0: 0x800054ca (0x03af38b3) mulhu   a7, t5, s10
core   0: 3 0x800054ca (0x03af38b3) x17 0x40025ea9
core   0: 0x800054ce (0x0000615d) c.addi16sp sp, 432
core   0: 3 0x800054ce (0x615d) x2  0x00000390
core   0: 0x800054d0 (0x00da9eb3) sll     t4, s5, a3
core   0: 3 0x800054d0 (0x00da9eb3) x29 0x00000c1a
core   0: 0x800054d4 (0x40e850b3) sra     ra, a6, a4
core   0: 3 0x800054d4 (0x40e850b3) x1  0x5b4bc1c6
core   0: 0x800054d8 (0x0000717d) c.addi16sp sp, -16
core   0: 3 0x800054d8 (0x717d) x2  0x00000380
core   0: 0x800054da (0x01697a33) and     s4, s2, s6
core   0: 3 0x800054da (0x01697a33) x20 0x00000000
core   0: 0x800054de (0x00000da1) c.addi  s11, 8
core   0: 3 0x800054de (0x0da1) x27 0x00000008
core   0: 0x800054e0 (0x00b0dd33) srl     s10, ra, a1
core   0: 3 0x800054e0 (0x00b0dd33) x26 0x5b4bc1c6
core   0: 0x800054e4 (0x014c5793) srli    a5, s8, 20
core   0: 3 0x800054e4 (0x014c5793) x15 0x00000000
core   0: 0x800054e8 (0x00001000) c.addi4spn s0, sp, 32
core   0: 3 0x800054e8 (0x1000) x8  0x000003a0
core   0: 0x800054ea (0x41e4dc33) sra     s8, s1, t5
core   0: 3 0x800054ea (0x41e4dc33) x24 0xffffff92
core   0: 0x800054ee (0x29ea2c13) slti    s8, s4, 670
core   0: 3 0x800054ee (0x29ea2c13) x24 0x00000001
core   0: 0x800054f2 (0x2efc3593) sltiu   a1, s8, 751
core   0: 3 0x800054f2 (0x2efc3593) x11 0x00000001
core   0: 0x800054f6 (0x7cae2b93) slti    s7, t3, 1994
core   0: 3 0x800054f6 (0x7cae2b93) x23 0x00000001
core   0: 0x800054fa (0x028a62b3) rem     t0, s4, s0
core   0: 3 0x800054fa (0x028a62b3) x5  0x00000000
core   0: 0x800054fe (0x00008bc5) c.andi  a5, 17
core   0: 3 0x800054fe (0x8bc5) x15 0x00000000
core   0: 0x80005500 (0x0000e71d) c.bnez  a4, pc + 46
core   0: 3 0x80005500 (0xe71d)
core   0: 0x8000552e (0x00008509) c.srai  a0, 2
core   0: 3 0x8000552e (0x8509) x10 0xffffffff
core   0: 0x80005530 (0x00d68463) beq     a3, a3, pc + 8
core   0: 3 0x80005530 (0x00d68463)
core   0: 0x80005538 (0x038f8163) beq     t6, s8, pc + 34
core   0: 3 0x80005538 (0x038f8163)
core   0: 0x8000553c (0x69d44413) xori    s0, s0, 1693
core   0: 3 0x8000553c (0x69d44413) x8  0x0000053d
core   0: 0x80005540 (0x03e1a3b3) mulhsu  t2, gp, t5
core   0: 3 0x80005540 (0x03e1a3b3) x7  0x3cafef98
core   0: 0x80005544 (0xf560a593) slti    a1, ra, -170
core   0: 3 0x80005544 (0xf560a593) x11 0x00000000
core   0: 0x80005548 (0x007b4b33) xor     s6, s6, t2
core   0: 3 0x80005548 (0x007b4b33) x22 0x3cafef98
core   0: 0x8000554c (0x02c64eb3) div     t4, a2, a2
core   0: 3 0x8000554c (0x02c64eb3) x29 0x00000001
core   0: 0x80005550 (0x027ed763) bge     t4, t2, pc + 46
core   0: 3 0x80005550 (0x027ed763)
core   0: 0x80005554 (0x0236f063) bgeu    a3, gp, pc + 32
core   0: 3 0x80005554 (0x0236f063)
core   0: 0x80005558 (0x000083ad) c.srli  a5, 11
core   0: 3 0x80005558 (0x83ad) x15 0x00000000
core   0: 0x8000555a (0x034b31b3) mulhu   gp, s6, s4
core   0: 3 0x8000555a (0x034b31b3) x3  0x00000000
core   0: 0x8000555e (0x0000e619) c.bnez  a2, pc + 14
core   0: 3 0x8000555e (0xe619)
core   0: 0x8000556c (0x0314c433) div     s0, s1, a7
core   0: 3 0x8000556c (0x0314c433) x8  0x00000000
core   0: 0x80005570 (0x000058fd) c.li    a7, -1
core   0: 3 0x80005570 (0x58fd) x17 0xffffffff
core   0: 0x80005572 (0x0000924e) c.add   tp, s3
core   0: 3 0x80005572 (0x924e) x4  0x80021394
core   0: 0x80005574 (0x01955293) srli    t0, a0, 25
core   0: 3 0x80005574 (0x01955293) x5  0x0000007f
core   0: 0x80005578 (0x000325b3) slt     a1, t1, zero
core   0: 3 0x80005578 (0x000325b3) x11 0x00000001
core   0: 0x8000557c (0x00000001) c.nop
core   0: 3 0x8000557c (0x0001)
core   0: 0x8000557e (0x02aa2333) mulhsu  t1, s4, a0
core   0: 3 0x8000557e (0x02aa2333) x6  0x00000000
core   0: 0x80005582 (0x3ce94013) xori    zero, s2, 974
core   0: 3 0x80005582 (0x3ce94013)
core   0: 0x80005586 (0x0224f333) remu    t1, s1, sp
core   0: 3 0x80005586 (0x0224f333) x6  0x0000012d
core   0: 0x8000558a (0x017a1ab3) sll     s5, s4, s7
core   0: 3 0x8000558a (0x017a1ab3) x21 0x00000000
core   0: 0x8000558e (0x00ccf033) and     zero, s9, a2
core   0: 3 0x8000558e (0x00ccf033)
core   0: 0x80005592 (0x00008c75) c.and   s0, a3
core   0: 3 0x80005592 (0x8c75) x8  0x00000000
core   0: 0x80005594 (0x022d28b3) mulhsu  a7, s10, sp
core   0: 3 0x80005594 (0x022d28b3) x17 0x0000013f
core   0: 0x80005598 (0x01efdb93) srli    s7, t6, 30
core   0: 3 0x80005598 (0x01efdb93) x23 0x00000000
core   0: 0x8000559c (0xe4a27317) auipc   t1, 0xe4a27
core   0: 3 0x8000559c (0xe4a27317) x6  0x64a2c59c
core   0: 0x800055a0 (0x00008eca) c.mv    t4, s2
core   0: 3 0x800055a0 (0x8eca) x29 0x00018340
core   0: 0x800055a2 (0x0000bc17) auipc   s8, 0xb
core   0: 3 0x800055a2 (0x0000bc17) x24 0x800105a2
core   0: 0x800055a6 (0x3ddc0c13) addi    s8, s8, 989
core   0: 3 0x800055a6 (0x3ddc0c13) x24 0x8001097f
core   0: 0x800055aa (0xd7cc4283) lbu     t0, -644(s8)
core   0: 3 0x800055aa (0xd7cc4283) x5  0x00000000 mem 0x800106fb
core   0: 0x800055ae (0x00006141) c.addi16sp sp, 16
core   0: 3 0x800055ae (0x6141) x2  0x00000390
core   0: 0x800055b0 (0xd7cc4703) lbu     a4, -644(s8)
core   0: 3 0x800055b0 (0xd7cc4703) x14 0x00000000 mem 0x800106fb
core   0: 0x800055b4 (0xd7cc0483) lb      s1, -644(s8)
core   0: 3 0x800055b4 (0xd7cc0483) x9  0x00000000 mem 0x800106fb
core   0: 0x800055b8 (0xd73c0e23) sb      s3, -644(s8)
core   0: 3 0x800055b8 (0xd73c0e23) mem 0x800106fb 0x24
core   0: 0x800055bc (0x64bc0883) lb      a7, 1611(s8)
core   0: 3 0x800055bc (0x64bc0883) x17 0x00000000 mem 0x80010fca
core   0: 0x800055c0 (0x9edc2903) lw      s2, -1555(s8)
core   0: 3 0x800055c0 (0x9edc2903) x18 0x00000000 mem 0x8001036c
core   0: 0x800055c4 (0x9edc4103) lbu     sp, -1555(s8)
core   0: 3 0x800055c4 (0x9edc4103) x2  0x00000000 mem 0x8001036c
core   0: 0x800055c8 (0x9edc1503) lh      a0, -1555(s8)
core   0: 3 0x800055c8 (0x9edc1503) x10 0x00000000 mem 0x8001036c
core   0: 0x800055cc (0x9e0c06a3) sb      zero, -1555(s8)
core   0: 3 0x800055cc (0x9e0c06a3) mem 0x8001036c 0x00
core   0: 0x800055d0 (0x9f0c06a3) sb      a6, -1555(s8)
core   0: 3 0x800055d0 (0x9f0c06a3) mem 0x8001036c 0xc6
core   0: 0x800055d4 (0x287c1483) lh      s1, 647(s8)
core   0: 3 0x800055d4 (0x287c1483) x9  0x00000000 mem 0x80010c06
core   0: 0x800055d8 (0x8dfc1683) lh      a3, -1825(s8)
core   0: 3 0x800055d8 (0x8dfc1683) x13 0x00000000 mem 0x8001025e
core   0: 0x800055dc (0x01210733) add     a4, sp, s2
core   0: 3 0x800055dc (0x01210733) x14 0x00000000
core   0: 0x800055e0 (0x8c1c1fa3) sh      ra, -1825(s8)
core   0: 3 0x800055e0 (0x8c1c1fa3) mem 0x8001025e 0xc1c6
core   0: 0x800055e4 (0x00008309) c.srli  a4, 2
core   0: 3 0x800055e4 (0x8309) x14 0x00000000
core   0: 0x800055e6 (0xcffc0d23) sb      t6, -774(s8)
core   0: 3 0x800055e6 (0xcffc0d23) mem 0x80010679 0x0c
core   0: 0x800055ea (0xcf8c0d23) sb      s8, -774(s8)
core   0: 3 0x800055ea (0xcf8c0d23) mem 0x80010679 0x7f
core   0: 0x800055ee (0x00009c12) c.add   s8, tp
core   0: 3 0x800055ee (0x9c12) x24 0x00031d13
core   0: 0x800055f0 (0xddc40013) addi    zero, s0, -548
core   0: 3 0x800055f0 (0xddc40013)
core   0: 0x800055f4 (0x031fb633) mulhu   a2, t6, a7
core   0: 3 0x800055f4 (0x031fb633) x12 0x00000000
core   0: 0x800055f8 (0x0141cd33) xor     s10, gp, s4
core   0: 3 0x800055f8 (0x0141cd33) x26 0x00000000
core   0: 0x800055fc (0x0046d113) srli    sp, a3, 4
core   0: 3 0x800055fc (0x0046d113) x2  0x00000000
core   0: 0x80005600 (0x0000e009) c.bnez  s0, pc + 2
core   0: 3 0x80005600 (0xe009)
core   0: 0x80005602 (0x031f53b3) divu    t2, t5, a7
core   0: 3 0x80005602 (0x031f53b3) x7  0xffffffff
core   0: 0x80005606 (0x00006379) c.lui   t1, 0x1e
core   0: 3 0x80005606 (0x6379) x6  0x0001e000
core   0: 0x80005608 (0x01704763) blt     zero, s7, pc + 14
core   0: 3 0x80005608 (0x01704763)
core   0: 0x8000560c (0x00000001) c.nop
core   0: 3 0x8000560c (0x0001)
core   0: 0x8000560e (0x02d56033) rem     zero, a0, a3
core   0: 3 0x8000560e (0x02d56033)
core   0: 0x80005612 (0x00f05633) srl     a2, zero, a5
core   0: 3 0x80005612 (0x00f05633) x12 0x00000000
core   0: 0x80005616 (0x003664b3) or      s1, a2, gp
core   0: 3 0x80005616 (0x003664b3) x9  0x00000000
core   0: 0x8000561a (0x8f1dc893) xori    a7, s11, -1807
core   0: 3 0x8000561a (0x8f1dc893) x17 0xfffff8f9
core   0: 0x8000561e (0x018e28b3) slt     a7, t3, s8
core   0: 3 0x8000561e (0x018e28b3) x17 0x00000001
core   0: 0x80005622 (0x00008fc1) c.or    a5, s0
core   0: 3 0x80005622 (0x8fc1) x15 0x00000000
core   0: 0x80005624 (0x039f9b33) mulh    s6, t6, s9
core   0: 3 0x80005624 (0x039f9b33) x22 0xffffffff
core   0: 0x80005628 (0x01a81c93) slli    s9, a6, 26
core   0: 3 0x80005628 (0x01a81c93) x25 0x18000000
core   0: 0x8000562c (0x00009afd) c.andi  a3, -1
core   0: 3 0x8000562c (0x9afd) x13 0x00000000
core   0: 0x8000562e (0x7304b297) auipc   t0, 0x7304b
core   0: 3 0x8000562e (0x7304b297) x5  0xf305062e
core   0: 0x80005632 (0x00006795) c.lui   a5, 0x5
core   0: 3 0x80005632 (0x6795) x15 0x00005000
core   0: 0x80005634 (0x00000fe2) c.slli  t6, 24
core   0: 3 0x80005634 (0x0fe2) x31 0x0c000000
core   0: 0x80005636 (0x540fc913) xori    s2, t6, 1344
core   0: 3 0x80005636 (0x540fc913) x18 0x0c000540
core   0: 0x8000563a (0x00c8acb3) slt     s9, a7, a2
core   0: 3 0x8000563a (0x00c8acb3) x25 0x00000000
core   0: 0x8000563e (0x00006931) c.lui   s2, 0xc
core   0: 3 0x8000563e (0x6931) x18 0x0000c000
core   0: 0x80005640 (0x02bf74b3) remu    s1, t5, a1
core   0: 3 0x80005640 (0x02bf74b3) x9  0x00000000
core   0: 0x80005644 (0x10f7c493) xori    s1, a5, 271
core   0: 3 0x80005644 (0x10f7c493) x9  0x0000510f
core   0: 0x80005648 (0x00008ba6) c.mv    s7, s1
core   0: 3 0x80005648 (0x8ba6) x23 0x0000510f
core   0: 0x8000564a (0x01f577b3) and     a5, a0, t6
core   0: 3 0x8000564a (0x01f577b3) x15 0x00000000
core   0: 0x8000564e (0x00929c93) slli    s9, t0, 9
core   0: 3 0x8000564e (0x00929c93) x25 0x0a0c5c00
core   0: 0x80005652 (0x00d95c33) srl     s8, s2, a3
core   0: 3 0x80005652 (0x00d95c33) x24 0x0000c000
core   0: 0x80005656 (0x007568b3) or      a7, a0, t2
core   0: 3 0x80005656 (0x007568b3) x17 0xffffffff
core   0: 0x8000565a (0xcf388a93) addi    s5, a7, -781
core   0: 3 0x8000565a (0xcf388a93) x21 0xfffffcf2
core   0: 0x8000565e (0x00009a7d) c.andi  a2, -1
core   0: 3 0x8000565e (0x9a7d) x12 0x00000000
core   0: 0x80005660 (0x44968093) addi    ra, a3, 1097
core   0: 3 0x80005660 (0x44968093) x1  0x00000449
core   0: 0x80005664 (0x028c0333) mul     t1, s8, s0
core   0: 3 0x80005664 (0x028c0333) x6  0x00000000
core   0: 0x80005668 (0x811d2113) slti    sp, s10, -2031
core   0: 3 0x80005668 (0x811d2113) x2  0x00000000
core   0: 0x8000566c (0x01584033) xor     zero, a6, s5
core   0: 3 0x8000566c (0x01584033)
core   0: 0x80005670 (0x0284c563) blt     s1, s0, pc + 42
core   0: 3 0x80005670 (0x0284c563)
core   0: 0x80005674 (0x03e4bdb3) mulhu   s11, s1, t5
core   0: 3 0x80005674 (0x03e4bdb3) x27 0x00002888
core   0: 0x80005678 (0x00005afd) c.li    s5, -1
core   0: 3 0x80005678 (0x5afd) x21 0xffffffff
core   0: 0x8000567a (0x000068c1) c.lui   a7, 0x10
core   0: 3 0x8000567a (0x68c1) x17 0x00010000
core   0: 0x8000567c (0x000011fd) c.addi  gp, -1
core   0: 3 0x8000567c (0x11fd) x3  0xffffffff
core   0: 0x8000567e (0x011bc233) xor     tp, s7, a7
core   0: 3 0x8000567e (0x011bc233) x4  0x0001510f
core   0: 0x80005682 (0x00008d99) c.sub   a1, a4
core   0: 3 0x80005682 (0x8d99) x11 0x00000001
core   0: 0x80005684 (0x57b3ee93) ori     t4, t2, 1403
core   0: 3 0x80005684 (0x57b3ee93) x29 0xffffffff
core   0: 0x80005688 (0x000010fd) c.addi  ra, -1
core   0: 3 0x80005688 (0x10fd) x1  0x00000448
core   0: 0x8000568a (0x0000eb99) c.bnez  a5, pc + 22
core   0: 3 0x8000568a (0xeb99)
core   0: 0x8000568c (0x03a1aa33) mulhsu  s4, gp, s10
core   0: 3 0x8000568c (0x03a1aa33) x20 0x00000000
core   0: 0x80005690 (0x02f2c763) blt     t0, a5, pc + 46
core   0: 3 0x80005690 (0x02f2c763)
core   0: 0x800056be (0x00b3ad33) slt     s10, t2, a1
core   0: 3 0x800056be (0x00b3ad33) x26 0x00000001
core   0: 0x800056c2 (0x02341db3) mulh    s11, s0, gp
core   0: 3 0x800056c2 (0x02341db3) x27 0x00000000
core   0: 0x800056c6 (0x0000091e) c.slli  s2, 7
core   0: 3 0x800056c6 (0x091e) x18 0x00600000
core   0: 0x800056c8 (0x00001398) c.addi4spn a4, sp, 480
core   0: 3 0x800056c8 (0x1398) x14 0x000001e0
core   0: 0x800056ca (0x09be3a13) sltiu   s4, t3, 155
core   0: 3 0x800056ca (0x09be3a13) x20 0x00000000
core   0: 0x800056ce (0x00a1ca63) blt     gp, a0, pc + 20
core   0: 3 0x800056ce (0x00a1ca63)
core   0: 0x800056e2 (0xf7347d93) andi    s11, s0, -141
core   0: 3 0x800056e2 (0xf7347d93) x27 0x00000000
core   0: 0x800056e6 (0x000008c6) c.slli  a7, 17
core   0: 3 0x800056e6 (0x08c6) x17 0x00000000
core   0: 0x800056e8 (0x00000001) c.nop
core   0: 3 0x800056e8 (0x0001)
core   0: 0x800056ea (0xf168e393) ori     t2, a7, -234
core   0: 3 0x800056ea (0xf168e393) x7  0xffffff16
core   0: 0x800056ee (0xec8d1717) auipc   a4, 0xec8d1
core   0: 3 0x800056ee (0xec8d1717) x14 0x6c8d66ee
core   0: 0x800056f2 (0x1e22ca13) xori    s4, t0, 482
core   0: 3 0x800056f2 (0x1e22ca13) x20 0xf30507cc
core   0: 0x800056f6 (0x036ada33) divu    s4, s5, s6
core   0: 3 0x800056f6 (0x036ada33) x20 0x00000001
core   0: 0x800056fa (0x02acfab3) remu    s5, s9, a0
core   0: 3 0x800056fa (0x02acfab3) x21 0x0a0c5c00
core   0: 0x800056fe (0xf10a2413) slti    s0, s4, -240
core   0: 3 0x800056fe (0xf10a2413) x8  0x00000000
core   0: 0x80005702 (0x03bb1cb3) mulh    s9, s6, s11
core   0: 3 0x80005702 (0x03bb1cb3) x25 0x00000000
core   0: 0x80005706 (0x27182793) slti    a5, a6, 625
core   0: 3 0x80005706 (0x27182793) x15 0x00000000
core   0: 0x8000570a (0x0189c3b3) xor     t2, s3, s8
core   0: 3 0x8000570a (0x0189c3b3) x7  0x80025d24
core   0: 0x8000570e (0xcdce6693) ori     a3, t3, -804
core   0: 3 0x8000570e (0xcdce6693) x13 0xfffffeff
core   0: 0x80005712 (0x76de3c93) sltiu   s9, t3, 1901
core   0: 3 0x80005712 (0x76de3c93) x25 0x00000000
core   0: 0x80005716 (0x00000001) c.nop
core   0: 3 0x80005716 (0x0001)
core   0: 0x80005718 (0x011236b3) sltu    a3, tp, a7
core   0: 3 0x80005718 (0x011236b3) x13 0x00000000
core   0: 0x8000571c (0xe3183493) sltiu   s1, a6, -463
core   0: 3 0x8000571c (0xe3183493) x9  0x00000001
core   0: 0x80005720 (0x021540b3) div     ra, a0, ra
core   0: 3 0x80005720 (0x021540b3) x1  0x00000000
core   0: 0x80005724 (0x013562b3) or      t0, a0, s3
core   0: 3 0x80005724 (0x013562b3) x5  0x80029d24
core   0: 0x80005728 (0x00006fdd) c.lui   t6, 0x17
core   0: 3 0x80005728 (0x6fdd) x31 0x00017000
core   0: 0x8000572a (0x0004dd33) srl     s10, s1, zero
core   0: 3 0x8000572a (0x0004dd33) x26 0x00000001
core   0: 0x8000572e (0x00008f79) c.and   a4, a4
core   0: 3 0x8000572e (0x8f79) x14 0x6c8d66ee
core   0: 0x80005730 (0x00006fe5) c.lui   t6, 0x19
core   0: 3 0x80005730 (0x6fe5) x31 0x00019000
core   0: 0x80005732 (0x00ab86b3) add     a3, s7, a0
core   0: 3 0x80005732 (0x00ab86b3) x13 0x0000510f
core   0: 0x80005736 (0xae574e13) xori    t3, a4, -1307
core   0: 3 0x80005736 (0xae574e13) x28 0x93729c0b
core   0: 0x8000573a (0x009f9893) slli    a7, t6, 9
core   0: 3 0x8000573a (0x009f9893) x17 0x03200000
core   0: 0x8000573e (0xb42ba613) slti    a2, s7, -1214
core   0: 3 0x8000573e (0xb42ba613) x12 0x00000000
core   0: 0x80005742 (0x539f4513) xori    a0, t5, 1337
core   0: 3 0x80005742 (0x539f4513) x10 0x80025b9d
core   0: 0x80005746 (0x000086b2) c.mv    a3, a2
core   0: 3 0x80005746 (0x86b2) x13 0x00000000
core   0: 0x80005748 (0x01040763) beq     s0, a6, pc + 14
core   0: 3 0x80005748 (0x01040763)
core   0: 0x8000574c (0x03ad9b33) mulh    s6, s11, s10
core   0: 3 0x8000574c (0x03ad9b33) x22 0x00000000
core   0: 0x80005750 (0x000087a1) c.srai  a5, 8
core   0: 3 0x80005750 (0x87a1) x15 0x00000000
core   0: 0x80005752 (0x000053fd) c.li    t2, -1
core   0: 3 0x80005752 (0x53fd) x7  0xffffffff
core   0: 0x80005754 (0x0000717d) c.addi16sp sp, -16
core   0: 3 0x80005754 (0x717d) x2  0xfffffff0
core   0: 0x80005756 (0x0267e1b3) rem     gp, a5, t1
core   0: 3 0x80005756 (0x0267e1b3) x3  0x00000000
core   0: 0x8000575a (0x01e78233) add     tp, a5, t5
core   0: 3 0x8000575a (0x01e78233) x4  0x80025ea4
core   0: 0x8000575e (0x82d90013) addi    zero, s2, -2003
core   0: 3 0x8000575e (0x82d90013)
core   0: 0x80005762 (0x00008e35) c.xor   a2, a3
core   0: 3 0x80005762 (0x8e35) x12 0x00000000
core   0: 0x80005764 (0x03b84133) div     sp, a6, s11
core   0: 3 0x80005764 (0x03b84133) x2  0xffffffff
core   0: 0x80005768 (0x00000e4e) c.slli  t3, 19
core   0: 3 0x80005768 (0x0e4e) x28 0xe0580000
core   0: 0x8000576a (0x03a64db3) div     s11, a2, s10
core   0: 3 0x8000576a (0x03a64db3) x27 0x00000000
core   0: 0x8000576e (0x40008433) sub     s0, ra, zero
core   0: 3 0x8000576e (0x40008433) x8  0x00000000
core   0: 0x80005772 (0x00008ce9) c.and   s1, a0
core   0: 3 0x80005772 (0x8ce9) x9  0x00000001
core   0: 0x80005774 (0x00000c26) c.slli  s8, 9
core   0: 3 0x80005774 (0x0c26) x24 0x01800000
core   0: 0x80005776 (0xcc105a97) auipc   s5, 0xcc105
core   0: 3 0x80005776 (0xcc105a97) x21 0x4c10a776
core   0: 0x8000577a (0x036cceb3) div     t4, s9, s6
core   0: 3 0x8000577a (0x036cceb3) x29 0xffffffff
core   0: 0x8000577e (0x0000717d) c.addi16sp sp, -16
core   0: 3 0x8000577e (0x717d) x2  0xffffffef
core   0: 0x80005780 (0x01ad1bb3) sll     s7, s10, s10
core   0: 3 0x80005780 (0x01ad1bb3) x23 0x00000002
core   0: 0x80005784 (0x005b4db3) xor     s11, s6, t0
core   0: 3 0x80005784 (0x005b4db3) x27 0x80029d24
core   0: 0x80005788 (0x08a22c13) slti    s8, tp, 138
core   0: 3 0x80005788 (0x08a22c13) x24 0x00000001
core   0: 0x8000578c (0x00a98663) beq     s3, a0, pc + 12
core   0: 3 0x8000578c (0x00a98663)
core   0: 0x80005790 (0x00a5acb3) slt     s9, a1, a0
core   0: 3 0x80005790 (0x00a5acb3) x25 0x00000000
core   0: 0x80005794 (0x00329b93) slli    s7, t0, 3
core   0: 3 0x80005794 (0x00329b93) x23 0x0014e920
core   0: 0x80005798 (0x00006c85) c.lui   s9, 0x1
core   0: 3 0x80005798 (0x6c85) x25 0x00001000
core   0: 0x8000579a (0x00001588) c.addi4spn a0, sp, 736
core   0: 3 0x8000579a (0x1588) x10 0x000002cf
core   0: 0x8000579c (0x0000c581) c.beqz  a1, pc + 8
core   0: 3 0x8000579c (0xc581)
core   0: 0x8000579e (0x0186a1b3) slt     gp, a3, s8
core   0: 3 0x8000579e (0x0186a1b3) x3  0x00000001
core   0: 0x800057a2 (0x00008385) c.srli  a5, 1
core   0: 3 0x800057a2 (0x8385) x15 0x00000000
core   0: 0x800057a4 (0x404d5013) srai    zero, s10, 4
core   0: 3 0x800057a4 (0x404d5013)
core   0: 0x800057a8 (0x01cd9c63) bne     s11, t3, pc + 24
core   0: 3 0x800057a8 (0x01cd9c63)
core   0: 0x800057c0 (0x000085c1) c.srai  a1, 16
core   0: 3 0x800057c0 (0x85c1) x11 0x00000000
core   0: 0x800057c2 (0x01d10a33) add     s4, sp, t4
core   0: 3 0x800057c2 (0x01d10a33) x20 0xffffffee
core   0: 0x800057c6 (0x0000e711) c.bnez  a4, pc + 12
core   0: 3 0x800057c6 (0xe711)
core   0: 0x800057d2 (0x8b916613) ori     a2, sp, -1863
core   0: 3 0x800057d2 (0x8b916613) x12 0xffffffff
core   0: 0x800057d6 (0x03bd0733) mul     a4, s10, s11
core   0: 3 0x800057d6 (0x03bd0733) x14 0x80029d24
core   0: 0x800057da (0x0000717d) c.addi16sp sp, -16
core   0: 3 0x800057da (0x717d) x2  0xffffffdf
core   0: 0x800057dc (0x03b2ed33) rem     s10, t0, s11
core   0: 3 0x800057dc (0x03b2ed33) x26 0x00000000
core   0: 0x800057e0 (0x00cf1b93) slli    s7, t5, 12
core   0: 3 0x800057e0 (0x00cf1b93) x23 0x25ea4000
core   0: 0x800057e4 (0x4029d313) srai    t1, s3, 2
core   0: 3 0x800057e4 (0x4029d313) x6  0xe000a749
core   0: 0x800057e8 (0x02e99a33) mulh    s4, s3, a4
core   0: 3 0x800057e8 (0x02e99a33) x20 0x3ffd62e2
core   0: 0x800057ec (0x3df27537) lui     a0, 0x3df27
core   0: 3 0x800057ec (0x3df27537) x10 0x3df27000
core   0: 0x800057f0 (0x110da293) slti    t0, s11, 272
core   0: 3 0x800057f0 (0x110da293) x5  0x00000001
core   0: 0x800057f4 (0x00001798) c.addi4spn a4, sp, 992
core   0: 3 0x800057f4 (0x1798) x14 0x000003bf
core   0: 0x800057f6 (0x0286c0b3) div     ra, a3, s0
core   0: 3 0x800057f6 (0x0286c0b3) x1  0xffffffff
core   0: 0x800057fa (0x00009406) c.add   s0, ra
core   0: 3 0x800057fa (0x9406) x8  0xffffffff
core   0: 0x800057fc (0x021918b3) mulh    a7, s2, ra
core   0: 3 0x800057fc (0x021918b3) x17 0xffffffff
core   0: 0x80005800 (0x027a1033) mulh    zero, s4, t2
core   0: 3 0x80005800 (0x027a1033)
core   0: 0x80005804 (0x00009932) c.add   s2, a2
core   0: 3 0x80005804 (0x9932) x18 0x005fffff
core   0: 0x80005806 (0x719cb713) sltiu   a4, s9, 1817
core   0: 3 0x80005806 (0x719cb713) x14 0x00000000
core   0: 0x8000580a (0x4036a493) slti    s1, a3, 1027
core   0: 3 0x8000580a (0x4036a493) x9  0x00000001
core   0: 0x8000580e (0x00f28363) beq     t0, a5, pc + 6
core   0: 3 0x8000580e (0x00f28363)
core   0: 0x80005812 (0x000050fd) c.li    ra, -1
core   0: 3 0x80005812 (0x50fd) x1  0xffffffff
core   0: 0x80005814 (0x00f77c33) and     s8, a4, a5
core   0: 3 0x80005814 (0x00f77c33) x24 0x00000000
core   0: 0x80005818 (0x022fe0b3) rem     ra, t6, sp
core   0: 3 0x80005818 (0x022fe0b3) x1  0x00000001
core   0: 0x8000581c (0x00008f71) c.and   a4, a2
core   0: 3 0x8000581c (0x8f71) x14 0x00000000
core   0: 0x8000581e (0x00000001) c.nop
core   0: 3 0x8000581e (0x0001)
core   0: 0x80005820 (0x40ab5493) srai    s1, s6, 10
core   0: 3 0x80005820 (0x40ab5493) x9  0x00000000
core   0: 0x80005824 (0x029d7633) remu    a2, s10, s1
core   0: 3 0x80005824 (0x029d7633) x12 0x00000000
core   0: 0x80005828 (0x00000698) c.addi4spn a4, sp, 832
core   0: 3 0x80005828 (0x0698) x14 0x0000031f
core   0: 0x8000582a (0x00008ad9) c.andi  a3, 22
core   0: 3 0x8000582a (0x8ad9) x13 0x00000000
core   0: 0x8000582c (0x00005d7d) c.li    s10, -1
core   0: 3 0x8000582c (0x5d7d) x26 0xffffffff
core   0: 0x8000582e (0x03aa91b3) mulh    gp, s5, s10
core   0: 3 0x8000582e (0x03aa91b3) x3  0xffffffff
core   0: 0x80005832 (0x00000001) c.nop
core   0: 3 0x80005832 (0x0001)
core   0: 0x80005834 (0x017083b3) add     t2, ra, s7
core   0: 3 0x80005834 (0x017083b3) x7  0x25ea4001
core   0: 0x80005838 (0x00000001) c.nop
core   0: 3 0x80005838 (0x0001)
core   0: 0x8000583a (0x03b78133) mul     sp, a5, s11
core   0: 3 0x8000583a (0x03b78133) x2  0x00000000
core   0: 0x8000583e (0x000084a5) c.srai  s1, 9
core   0: 3 0x8000583e (0x84a5) x9  0x00000000
core   0: 0x80005840 (0x4061d713) srai    a4, gp, 6
core   0: 3 0x80005840 (0x4061d713) x14 0xffffffff
core   0: 0x80005844 (0x02674733) div     a4, a4, t1
core   0: 3 0x80005844 (0x02674733) x14 0x00000000
core   0: 0x80005848 (0x0000ea01) c.bnez  a2, pc + 16
core   0: 3 0x80005848 (0xea01)
core   0: 0x8000584a (0x5a94e193) ori     gp, s1, 1449
core   0: 3 0x8000584a (0x5a94e193) x3  0x000005a9
core   0: 0x8000584e (0x00008c85) c.sub   s1, s1
core   0: 3 0x8000584e (0x8c85) x9  0x00000000
core   0: 0x80005850 (0x00000b00) c.addi4spn s0, sp, 400
core   0: 3 0x80005850 (0x0b00) x8  0x00000190
core   0: 0x80005852 (0x4152d5b3) sra     a1, t0, s5
core   0: 3 0x80005852 (0x4152d5b3) x11 0x00000000
core   0: 0x80005856 (0x0000717d) c.addi16sp sp, -16
core   0: 3 0x80005856 (0x717d) x2  0xfffffff0
core   0: 0x80005858 (0x9f004013) xori    zero, zero, -1552
core   0: 3 0x80005858 (0x9f004013)
core   0: 0x8000585c (0x025064b3) rem     s1, zero, t0
core   0: 3 0x8000585c (0x025064b3) x9  0x00000000
core   0: 0x80005860 (0x00008361) c.srli  a4, 24
core   0: 3 0x80005860 (0x8361) x14 0x00000000
core   0: 0x80005862 (0x22556a93) ori     s5, a0, 549
core   0: 3 0x80005862 (0x22556a93) x21 0x3df27225
core   0: 0x80005866 (0x031b58b3) divu    a7, s6, a7
core   0: 3 0x80005866 (0x031b58b3) x17 0x00000000
core   0: 0x8000586a (0x0000527d) c.li    tp, -1
core   0: 3 0x8000586a (0x527d) x4  0xffffffff
core   0: 0x8000586c (0x0165fcb3) and     s9, a1, s6
core   0: 3 0x8000586c (0x0165fcb3) x25 0x00000000
core   0: 0x80005870 (0x00004a71) c.li    s4, 28
core   0: 3 0x80005870 (0x4a71) x20 0x0000001c
core   0: 0x80005872 (0x0000c48d) c.beqz  s1, pc + 42
core   0: 3 0x80005872 (0xc48d)
core   0: 0x8000589c (0x000087fd) c.srai  a5, 31
core   0: 3 0x8000589c (0x87fd) x15 0x00000000
core   0: 0x8000589e (0x00006129) c.addi16sp sp, 192
core   0: 3 0x8000589e (0x6129) x2  0x000000b0
core   0: 0x800058a0 (0x025c1033) mulh    zero, s8, t0
core   0: 3 0x800058a0 (0x025c1033)
core   0: 0x800058a4 (0xd04c4d93) xori    s11, s8, -764
core   0: 3 0x800058a4 (0xd04c4d93) x27 0xfffffd04
core   0: 0x800058a8 (0x01c01513) slli    a0, zero, 28
core   0: 3 0x800058a8 (0x01c01513) x10 0x00000000
core   0: 0x800058ac (0x00008fc9) c.or    a5, a0
core   0: 3 0x800058ac (0x8fc9) x15 0x00000000
core   0: 0x800058ae (0x96eb6693) ori     a3, s6, -1682
core   0: 3 0x800058ae (0x96eb6693) x13 0xfffff96e
core   0: 0x800058b2 (0x00a422b3) slt     t0, s0, a0
core   0: 3 0x800058b2 (0x00a422b3) x5  0x00000000
core   0: 0x800058b6 (0x00008f99) c.sub   a5, a4
core   0: 3 0x800058b6 (0x8f99) x15 0x00000000
core   0: 0x800058b8 (0x41695bb3) sra     s7, s2, s6
core   0: 3 0x800058b8 (0x41695bb3) x23 0x005fffff
core   0: 0x800058bc (0x00efd363) bge     t6, a4, pc + 6
core   0: 3 0x800058bc (0x00efd363)
core   0: 0x800058c2 (0x003e1d33) sll     s10, t3, gp
core   0: 3 0x800058c2 (0x003e1d33) x26 0xb0000000
core   0: 0x800058c6 (0x00008c69) c.and   s0, a0
core   0: 3 0x800058c6 (0x8c69) x8  0x00000000
core   0: 0x800058c8 (0x00008351) c.srli  a4, 20
core   0: 3 0x800058c8 (0x8351) x14 0x00000000
core   0: 0x800058ca (0x09cad063) bge     s5, t3, pc + 128
core   0: 3 0x800058ca (0x09cad063)
core   0: 0x8000594a (0x2acf5717) auipc   a4, 0x2acf5
core   0: 3 0x8000594a (0x2acf5717) x14 0xaacfa94a
core   0: 0x8000594e (0x000089ed) c.andi  a1, 27
core   0: 3 0x8000594e (0x89ed) x11 0x00000000
core   0: 0x80005950 (0x006998b3) sll     a7, s3, t1
core   0: 3 0x80005950 (0x006998b3) x17 0x053a4800
core   0: 0x80005954 (0x0000577d) c.li    a4, -1
core   0: 3 0x80005954 (0x577d) x14 0xffffffff
core   0: 0x80005956 (0x00001898) c.addi4spn a4, sp, 112
core   0: 3 0x80005956 (0x1898) x14 0x00000120
core   0: 0x80005958 (0x03a7a4b3) mulhsu  s1, a5, s10
core   0: 3 0x80005958 (0x03a7a4b3) x9  0x00000000
core   0: 0x8000595c (0x0334bcb3) mulhu   s9, s1, s3
core   0: 3 0x8000595c (0x0334bcb3) x25 0x00000000
core   0: 0x80005960 (0x00000001) c.nop
core   0: 3 0x80005960 (0x0001)
core   0: 0x80005962 (0x01615f93) srli    t6, sp, 22
core   0: 3 0x80005962 (0x01615f93) x31 0x00000000
core   0: 0x80005966 (0x0203aab3) mulhsu  s5, t2, zero
core   0: 3 0x80005966 (0x0203aab3) x21 0x00000000
core   0: 0x8000596a (0x00349513) slli    a0, s1, 3
core   0: 3 0x8000596a (0x00349513) x10 0x00000000
core   0: 0x8000596e (0x0000c585) c.beqz  a1, pc + 40
core   0: 3 0x8000596e (0xc585)
core   0: 0x80005996 (0x00006f99) c.lui   t6, 0x6
core   0: 3 0x80005996 (0x6f99) x31 0x00006000
core   0: 0x80005998 (0x00b0dc63) bge     ra, a1, pc + 24
core   0: 3 0x80005998 (0x00b0dc63)
core   0: 0x800059b0 (0x02f9fb63) bgeu    s3, a5, pc + 54
core   0: 3 0x800059b0 (0x02f9fb63)
core   0: 0x800059e6 (0x01f56b33) or      s6, a0, t6
core   0: 3 0x800059e6 (0x01f56b33) x22 0x00006000
core   0: 0x800059ea (0x02ed0863) beq     s10, a4, pc + 48
core   0: 3 0x800059ea (0x02ed0863)
core   0: 0x800059ee (0x00fd2633) slt     a2, s10, a5
core   0: 3 0x800059ee (0x00fd2633) x12 0x00000001
core   0: 0x800059f2 (0x01da1a33) sll     s4, s4, t4
core   0: 3 0x800059f2 (0x01da1a33) x20 0x00000000
core   0: 0x800059f6 (0x00b41e13) slli    t3, s0, 11
core   0: 3 0x800059f6 (0x00b41e13) x28 0x00000000
core   0: 0x800059fa (0x00000001) c.nop
core   0: 3 0x800059fa (0x0001)
core   0: 0x800059fc (0x00008f99) c.sub   a5, a4
core   0: 3 0x800059fc (0x8f99) x15 0xfffffee0
core   0: 0x800059fe (0x299ca213) slti    tp, s9, 665
core   0: 3 0x800059fe (0x299ca213) x4  0x00000001
core   0: 0x80005a02 (0x01b2d333) srl     t1, t0, s11
core   0: 3 0x80005a02 (0x01b2d333) x6  0x00000000
core   0: 0x80005a06 (0x006cfcb3) and     s9, s9, t1
core   0: 3 0x80005a06 (0x006cfcb3) x25 0x00000000
core   0: 0x80005a0a (0x02f92d33) mulhsu  s10, s2, a5
core   0: 3 0x80005a0a (0x02f92d33) x26 0x005ffffe
core   0: 0x80005a0e (0x41195733) sra     a4, s2, a7
core   0: 3 0x80005a0e (0x41195733) x14 0x005fffff
core   0: 0x80005a12 (0x03e26663) bltu    tp, t5, pc + 44
core   0: 3 0x80005a12 (0x03e26663)
core   0: 0x80005a3e (0x01194563) blt     s2, a7, pc + 10
core   0: 3 0x80005a3e (0x01194563)
core   0: 0x80005a48 (0xf6803013) sltiu   zero, zero, -152
core   0: 3 0x80005a48 (0xf6803013)
core   0: 0x80005a4c (0x5b357313) andi    t1, a0, 1459
core   0: 3 0x80005a4c (0x5b357313) x6  0x00000000
core   0: 0x80005a50 (0x00000001) c.nop
core   0: 3 0x80005a50 (0x0001)
core   0: 0x80005a52 (0x0adc3417) auipc   s0, 0xadc3
core   0: 3 0x80005a52 (0x0adc3417) x8  0x8adc8a52
core   0: 0x80005a56 (0x00ff1133) sll     sp, t5, a5
core   0: 3 0x80005a56 (0x00ff1133) x2  0x80025ea4
core   0: 0x80005a5a (0x00fc1713) slli    a4, s8, 15
core   0: 3 0x80005a5a (0x00fc1713) x14 0x00000000
core   0: 0x80005a5e (0x020823b3) mulhsu  t2, a6, zero
core   0: 3 0x80005a5e (0x020823b3) x7  0x00000000
core   0: 0x80005a62 (0x00931193) slli    gp, t1, 9
core   0: 3 0x80005a62 (0x00931193) x3  0x00000000
core   0: 0x80005a66 (0x02c20eb3) mul     t4, tp, a2
core   0: 3 0x80005a66 (0x02c20eb3) x29 0x00000001
core   0: 0x80005a6a (0x00001dfd) c.addi  s11, -1
core   0: 3 0x80005a6a (0x1dfd) x27 0xfffffd03
core   0: 0x80005a6c (0x0352d3b3) divu    t2, t0, s5
core   0: 3 0x80005a6c (0x0352d3b3) x7  0xffffffff
core   0: 0x80005a70 (0x6ece6d93) ori     s11, t3, 1772
core   0: 3 0x80005a70 (0x6ece6d93) x27 0x000006ec
core   0: 0x80005a74 (0x07ce0563) beq     t3, t3, pc + 106
core   0: 3 0x80005a74 (0x07ce0563)
core   0: 0x80005ade (0x02835963) bge     t1, s0, pc + 50
core   0: 3 0x80005ade (0x02835963)
core   0: 0x80005b10 (0x000002ce) c.slli  t0, 19
core   0: 3 0x80005b10 (0x02ce) x5  0x00000000
core   0: 0x80005b12 (0x9c8f7913) andi    s2, t5, -1592
core   0: 3 0x80005b12 (0x9c8f7913) x18 0x80025880
core   0: 0x80005b16 (0x61826e93) ori     t4, tp, 1560
core   0: 3 0x80005b16 (0x61826e93) x29 0x00000619
core   0: 0x80005b1a (0x00008a65) c.andi  a2, 25
core   0: 3 0x80005b1a (0x8a65) x12 0x00000001
core   0: 0x80005b1c (0x7ad28c93) addi    s9, t0, 1965
core   0: 3 0x80005b1c (0x7ad28c93) x25 0x000007ad
core   0: 0x80005b20 (0x00daab33) slt     s6, s5, a3
core   0: 3 0x80005b20 (0x00daab33) x22 0x00000000
core   0: 0x80005b24 (0x0000e989) c.bnez  a1, pc + 18
core   0: 3 0x80005b24 (0xe989)
core   0: 0x80005b26 (0xfbb5e693) ori     a3, a1, -69
core   0: 3 0x80005b26 (0xfbb5e693) x13 0xffffffbb
core   0: 0x80005b2a (0x00000001) c.nop
core   0: 3 0x80005b2a (0x0001)
core   0: 0x80005b2c (0xad82e113) ori     sp, t0, -1320
core   0: 3 0x80005b2c (0xad82e113) x2  0xfffffad8
core   0: 0x80005b30 (0x039fddb3) divu    s11, t6, s9
core   0: 3 0x80005b30 (0x039fddb3) x27 0x0000000c
core   0: 0x80005b34 (0x00000001) c.nop
core   0: 3 0x80005b34 (0x0001)
core   0: 0x80005b36 (0x0356e633) rem     a2, a3, s5
core   0: 3 0x80005b36 (0x0356e633) x12 0xffffffbb
core   0: 0x80005b3a (0x0000517d) c.li    sp, -1
core   0: 3 0x80005b3a (0x517d) x2  0xffffffff
core   0: 0x80005b3c (0x575b7a13) andi    s4, s6, 1397
core   0: 3 0x80005b3c (0x575b7a13) x20 0x00000000
core   0: 0x80005b40 (0x00a35e93) srli    t4, t1, 10
core   0: 3 0x80005b40 (0x00a35e93) x29 0x00000000
core   0: 0x80005b44 (0x54567517) auipc   a0, 0x54567
core   0: 3 0x80005b44 (0x54567517) x10 0xd456cb44
core   0: 0x80005b48 (0x00008739) c.srai  a4, 14
core   0: 3 0x80005b48 (0x8739) x14 0x00000000
core   0: 0x80005b4a (0x00006ce9) c.lui   s9, 0x1a
core   0: 3 0x80005b4a (0x6ce9) x25 0x0001a000
core   0: 0x80005b4c (0x01780033) add     zero, a6, s7
core   0: 3 0x80005b4c (0x01780033)
core   0: 0x80005b50 (0x40595d93) srai    s11, s2, 5
core   0: 3 0x80005b50 (0x40595d93) x27 0xfc0012c4
core   0: 0x80005b54 (0x035a0ab3) mul     s5, s4, s5
core   0: 3 0x80005b54 (0x035a0ab3) x21 0x00000000
core   0: 0x80005b58 (0x00eedcb3) srl     s9, t4, a4
core   0: 3 0x80005b58 (0x00eedcb3) x25 0x00000000
core   0: 0x80005b5c (0x405c0e33) sub     t3, s8, t0
core   0: 3 0x80005b5c (0x405c0e33) x28 0x00000000
core   0: 0x80005b60 (0x00008ece) c.mv    t4, s3
core   0: 3 0x80005b60 (0x8ece) x29 0x80029d24
core   0: 0x80005b62 (0xb234fb13) andi    s6, s1, -1245
core   0: 3 0x80005b62 (0xb234fb13) x22 0x00000000
core   0: 0x80005b66 (0x004c9213) slli    tp, s9, 4
core   0: 3 0x80005b66 (0x004c9213) x4  0x00000000
core   0: 0x80005b6a (0x6da5f293) andi    t0, a1, 1754
core   0: 3 0x80005b6a (0x6da5f293) x5  0x00000000
core   0: 0x80005b6e (0x01977563) bgeu    a4, s9, pc + 10
core   0: 3 0x80005b6e (0x01977563)
core   0: 0x80005b78 (0x4143d513) srai    a0, t2, 20
core   0: 3 0x80005b78 (0x4143d513) x10 0xffffffff
core   0: 0x80005b7c (0x00ec63b3) or      t2, s8, a4
core   0: 3 0x80005b7c (0x00ec63b3) x7  0x00000000
core   0: 0x80005b80 (0x000003f6) c.slli  t2, 29
core   0: 3 0x80005b80 (0x03f6) x7  0x00000000
core   0: 0x80005b82 (0x0000c109) c.beqz  a0, pc + 2
core   0: 3 0x80005b82 (0xc109)
core   0: 0x80005b84 (0x00c4d613) srli    a2, s1, 12
core   0: 3 0x80005b84 (0x00c4d613) x12 0x00000000
core   0: 0x80005b88 (0x0358d5b3) divu    a1, a7, s5
core   0: 3 0x80005b88 (0x0358d5b3) x11 0xffffffff
core   0: 0x80005b8c (0x00000001) c.nop
core   0: 3 0x80005b8c (0x0001)
core   0: 0x80005b8e (0xb84d2a13) slti    s4, s10, -1148
core   0: 3 0x80005b8e (0xb84d2a13) x20 0x00000000
core   0: 0x80005b92 (0x0130b3b3) sltu    t2, ra, s3
core   0: 3 0x80005b92 (0x0130b3b3) x7  0x00000001
core   0: 0x80005b96 (0x01497c63) bgeu    s2, s4, pc + 24
core   0: 3 0x80005b96 (0x01497c63)
core   0: 0x80005bae (0x0000ce85) c.beqz  a3, pc + 56
core   0: 3 0x80005bae (0xce85)
core   0: 0x80005bb0 (0x0000993a) c.add   s2, a4
core   0: 3 0x80005bb0 (0x993a) x18 0x80025880
core   0: 0x80005bb2 (0x41fe0c33) sub     s8, t3, t6
core   0: 3 0x80005bb2 (0x41fe0c33) x24 0xffffa000
core   0: 0x80005bb6 (0x030a9a33) mulh    s4, s5, a6
core   0: 3 0x80005bb6 (0x030a9a33) x20 0x00000000
core   0: 0x80005bba (0x00005c7d) c.li    s8, -1
core   0: 3 0x80005bba (0x5c7d) x24 0xffffffff
core   0: 0x80005bbc (0x03ff2c33) mulhsu  s8, t5, t6
core   0: 3 0x80005bbc (0x03ff2c33) x24 0xffffd000
core   0: 0x80005bc0 (0x03b2d433) divu    s0, t0, s11
core   0: 3 0x80005bc0 (0x03b2d433) x8  0x00000000
core   0: 0x80005bc4 (0x00001104) c.addi4spn s1, sp, 160
core   0: 3 0x80005bc4 (0x1104) x9  0x0000009f
core   0: 0x80005bc6 (0x00af9c93) slli    s9, t6, 10
core   0: 3 0x80005bc6 (0x00af9c93) x25 0x01800000
core   0: 0x80005bca (0x66a66d13) ori     s10, a2, 1642
core   0: 3 0x80005bca (0x66a66d13) x26 0x0000066a
core   0: 0x80005bce (0x408adc13) srai    s8, s5, 8
core   0: 3 0x80005bce (0x408adc13) x24 0x00000000
core   0: 0x80005bd2 (0x01281733) sll     a4, a6, s2
core   0: 3 0x80005bd2 (0x01281733) x14 0x5b4bc1c6
core   0: 0x80005bd6 (0x0000c891) c.beqz  s1, pc + 20
core   0: 3 0x80005bd6 (0xc891)
core   0: 0x80005bd8 (0xd7d1bb93) sltiu   s7, gp, -643
core   0: 3 0x80005bd8 (0xd7d1bb93) x23 0x00000001
core   0: 0x80005bdc (0x884f3113) sltiu   sp, t5, -1916
core   0: 3 0x80005bdc (0x884f3113) x2  0x00000001
core   0: 0x80005be0 (0x03c472b3) remu    t0, s0, t3
core   0: 3 0x80005be0 (0x03c472b3) x5  0x00000000
core   0: 0x80005be4 (0x000082d9) c.srli  a3, 22
core   0: 3 0x80005be4 (0x82d9) x13 0x000003ff
core   0: 0x80005be6 (0x40035d13) srai    s10, t1, 0
core   0: 3 0x80005be6 (0x40035d13) x26 0x00000000
core   0: 0x80005bea (0x006bee33) or      t3, s7, t1
core   0: 3 0x80005bea (0x006bee33) x28 0x00000001
core   0: 0x80005bee (0x0000717d) c.addi16sp sp, -16
core   0: 3 0x80005bee (0x717d) x2  0xfffffff1
core   0: 0x80005bf0 (0x0332c063) blt     t0, s3, pc + 32
core   0: 3 0x80005bf0 (0x0332c063)
core   0: 0x80005bf4 (0xf2a90593) addi    a1, s2, -214
core   0: 3 0x80005bf4 (0xf2a90593) x11 0x800257aa
core   0: 0x80005bf8 (0x0000051c) c.addi4spn a5, sp, 640
core   0: 3 0x80005bf8 (0x051c) x15 0x00000271
core   0: 0x80005bfa (0x41ee5fb3) sra     t6, t3, t5
core   0: 3 0x80005bfa (0x41ee5fb3) x31 0x00000000
core   0: 0x80005bfe (0xd83b7793) andi    a5, s6, -637
core   0: 3 0x80005bfe (0xd83b7793) x15 0x00000000
core   0: 0x80005c02 (0x009e9e63) bne     t4, s1, pc + 28
core   0: 3 0x80005c02 (0x009e9e63)
core   0: 0x80005c1e (0x017a9e13) slli    t3, s5, 23
core   0: 3 0x80005c1e (0x017a9e13) x28 0x00000000
core   0: 0x80005c22 (0x000093ee) c.add   t2, s11
core   0: 3 0x80005c22 (0x93ee) x7  0xfc0012c5
core   0: 0x80005c24 (0x02554433) div     s0, a0, t0
core   0: 3 0x80005c24 (0x02554433) x8  0xffffffff
core   0: 0x80005c28 (0x716f3913) sltiu   s2, t5, 1814
core   0: 3 0x80005c28 (0x716f3913) x18 0x00000000
core   0: 0x80005c2c (0x00006f99) c.lui   t6, 0x6
core   0: 3 0x80005c2c (0x6f99) x31 0x00006000
core   0: 0x80005c2e (0x00365933) srl     s2, a2, gp
core   0: 3 0x80005c2e (0x00365933) x18 0x00000000
core   0: 0x80005c32 (0x03b7ceb3) div     t4, a5, s11
core   0: 3 0x80005c32 (0x03b7ceb3) x29 0x00000000
core   0: 0x80005c36 (0x00841f93) slli    t6, s0, 8
core   0: 3 0x80005c36 (0x00841f93) x31 0xffffff00
core   0: 0x80005c3a (0x0018c433) xor     s0, a7, ra
core   0: 3 0x80005c3a (0x0018c433) x8  0x053a4801
core   0: 0x80005c3e (0x00017b97) auipc   s7, 0x17
core   0: 3 0x80005c3e (0x00017b97) x23 0x8001cc3e
core   0: 0x80005c42 (0x7b5b8b93) addi    s7, s7, 1973
core   0: 3 0x80005c42 (0x7b5b8b93) x23 0x8001d3f3
core   0: 0x80005c46 (0xf73ba0a3) sw      s3, -159(s7)
core   0: 3 0x80005c46 (0xf73ba0a3) mem 0x8001d354 0x80029d24
core   0: 0x80005c4a (0x04877f93) andi    t6, a4, 72
core   0: 3 0x80005c4a (0x04877f93) x31 0x00000040
core   0: 0x80005c4e (0x003906b3) add     a3, s2, gp
core   0: 3 0x80005c4e (0x003906b3) x13 0x00000000
core   0: 0x80005c52 (0x9ccce713) ori     a4, s9, -1588
core   0: 3 0x80005c52 (0x9ccce713) x14 0xfffff9cc
core   0: 0x80005c56 (0x000086cd) c.srai  a3, 19
core   0: 3 0x80005c56 (0x86cd) x13 0x00000000
core   0: 0x80005c58 (0xf39bc683) lbu     a3, -199(s7)
core   0: 3 0x80005c58 (0xf39bc683) x13 0x00000000 mem 0x8001d32c
core   0: 0x80005c5c (0x093bdd03) lhu     s10, 147(s7)
core   0: 3 0x80005c5c (0x093bdd03) x26 0x00000000 mem 0x8001d486
core   0: 0x80005c60 (0x0c7b8423) sb      t2, 200(s7)
core   0: 3 0x80005c60 (0x0c7b8423) mem 0x8001d4bb 0xc5
core   0: 0x80005c64 (0x01605d13) srli    s10, zero, 22
core   0: 3 0x80005c64 (0x01605d13) x26 0x00000000
core   0: 0x80005c68 (0xf7fb9d83) lh      s11, -129(s7)
core   0: 3 0x80005c68 (0xf7fb9d83) x27 0x00000000 mem 0x8001d372
core   0: 0x80005c6c (0xf6cb8f83) lb      t6, -148(s7)
core   0: 3 0x80005c6c (0xf6cb8f83) x31 0x00000000 mem 0x8001d35f
core   0: 0x80005c70 (0x00001504) c.addi4spn s1, sp, 672
core   0: 3 0x80005c70 (0x1504) x9  0x00000291
core   0: 0x80005c72 (0x00005afd) c.li    s5, -1
core   0: 3 0x80005c72 (0x5afd) x21 0xffffffff
core   0: 0x80005c74 (0x00008ee1) c.and   a3, s0
core   0: 3 0x80005c74 (0x8ee1) x13 0x00000000
core   0: 0x80005c76 (0x00009dbe) c.add   s11, a5
core   0: 3 0x80005c76 (0x9dbe) x27 0x00000000
core   0: 0x80005c78 (0xfb3b8b23) sb      s3, -74(s7)
core   0: 3 0x80005c78 (0xfb3b8b23) mem 0x8001d3a9 0x24
core   0: 0x80005c7c (0x02da5633) divu    a2, s4, a3
core   0: 3 0x80005c7c (0x02da5633) x12 0xffffffff
core   0: 0x80005c80 (0xf03bca83) lbu     s5, -253(s7)
core   0: 3 0x80005c80 (0xf03bca83) x21 0x00000000 mem 0x8001d2f6
core   0: 0x80005c84 (0x00008a71) c.andi  a2, 28
core   0: 3 0x80005c84 (0x8a71) x12 0x0000001c
core   0: 0x80005c86 (0x00d954b3) srl     s1, s2, a3
core   0: 3 0x80005c86 (0x00d954b3) x9  0x00000000
core   0: 0x80005c8a (0x03bbde03) lhu     t3, 59(s7)
core   0: 3 0x80005c8a (0x03bbde03) x28 0x00000000 mem 0x8001d42e
core   0: 0x80005c8e (0x012d3ab3) sltu    s5, s10, s2
core   0: 3 0x80005c8e (0x012d3ab3) x21 0x00000000
core   0: 0x80005c92 (0x081b8403) lb      s0, 129(s7)
core   0: 3 0x80005c92 (0x081b8403) x8  0x00000000 mem 0x8001d474
core   0: 0x80005c96 (0x075b9e03) lh      t3, 117(s7)
core   0: 3 0x80005c96 (0x075b9e03) x28 0x00000000 mem 0x8001d468
core   0: 0x80005c9a (0x1f7e7e93) andi    t4, t3, 503
core   0: 3 0x80005c9a (0x1f7e7e93) x29 0x00000000
core   0: 0x80005c9e (0x00008c21) c.xor   s0, s0
core   0: 3 0x80005c9e (0x8c21) x8  0x00000000
core   0: 0x80005ca0 (0x03ebce83) lbu     t4, 62(s7)
core   0: 3 0x80005ca0 (0x03ebce83) x29 0x00000000 mem 0x8001d431
core   0: 0x80005ca4 (0x41d085b3) sub     a1, ra, t4
core   0: 3 0x80005ca4 (0x41d085b3) x11 0x00000001
core   0: 0x80005ca8 (0x00000001) c.nop
core   0: 3 0x80005ca8 (0x0001)
core   0: 0x80005caa (0x0000810d) c.srli  a0, 3
core   0: 3 0x80005caa (0x810d) x10 0x1fffffff
core   0: 0x80005cac (0x0317d0b3) divu    ra, a5, a7
core   0: 3 0x80005cac (0x0317d0b3) x1  0x00000000
core   0: 0x80005cb0 (0x03b77933) remu    s2, a4, s11
core   0: 3 0x80005cb0 (0x03b77933) x18 0xfffff9cc
core   0: 0x80005cb4 (0x02367eb3) remu    t4, a2, gp
core   0: 3 0x80005cb4 (0x02367eb3) x29 0x0000001c
core   0: 0x80005cb8 (0x6e71a113) slti    sp, gp, 1767
core   0: 3 0x80005cb8 (0x6e71a113) x2  0x00000001
core   0: 0x80005cbc (0x00004b69) c.li    s6, 26
core   0: 3 0x80005cbc (0x4b69) x22 0x0000001a
core   0: 0x80005cbe (0x01ffac33) slt     s8, t6, t6
core   0: 3 0x80005cbe (0x01ffac33) x24 0x00000000
core   0: 0x80005cc2 (0x00eb8303) lb      t1, 14(s7)
core   0: 3 0x80005cc2 (0x00eb8303) x6  0x00000000 mem 0x8001d401
core   0: 0x80005cc6 (0xfc9b85a3) sb      s1, -53(s7)
core   0: 3 0x80005cc6 (0xfc9b85a3) mem 0x8001d3be 0x00
core   0: 0x80005cca (0x01035093) srli    ra, t1, 16
core   0: 3 0x80005cca (0x01035093) x1  0x00000000
core   0: 0x80005cce (0x04fbc203) lbu     tp, 79(s7)
core   0: 3 0x80005cce (0x04fbc203) x4  0x00000000 mem 0x8001d442
core   0: 0x80005cd2 (0x0230fdb3) remu    s11, ra, gp
core   0: 3 0x80005cd2 (0x0230fdb3) x27 0x00000000
core   0: 0x80005cd6 (0x4024d733) sra     a4, s1, sp
core   0: 3 0x80005cd6 (0x4024d733) x14 0x00000000
core   0: 0x80005cda (0xfa0bc403) lbu     s0, -96(s7)
core   0: 3 0x80005cda (0xfa0bc403) x8  0x00000000 mem 0x8001d393
core   0: 0x80005cde (0x00ea0463) beq     s4, a4, pc + 8
core   0: 3 0x80005cde (0x00ea0463)
core   0: 0x80005ce6 (0x02d6fa33) remu    s4, a3, a3
core   0: 3 0x80005ce6 (0x02d6fa33) x20 0x00000000
core   0: 0x80005cea (0x0109a6b3) slt     a3, s3, a6
core   0: 3 0x80005cea (0x0109a6b3) x13 0x00000001
core   0: 0x80005cee (0x0043f963) bgeu    t2, tp, pc + 18
core   0: 3 0x80005cee (0x0043f963)
core   0: 0x80005d00 (0x00471f93) slli    t6, a4, 4
core   0: 3 0x80005d00 (0x00471f93) x31 0x00000000
core   0: 0x80005d04 (0xff0e7917) auipc   s2, 0xff0e7
core   0: 3 0x80005d04 (0xff0e7917) x18 0x7f0ecd04
core   0: 0x80005d08 (0x000018fd) c.addi  a7, -1
core   0: 3 0x80005d08 (0x18fd) x17 0x053a47ff
core   0: 0x80005d0a (0x2bc5f513) andi    a0, a1, 700
core   0: 3 0x80005d0a (0x2bc5f513) x10 0x00000000
core   0: 0x80005d0e (0x00008c12) c.mv    s8, tp
core   0: 3 0x80005d0e (0x8c12) x24 0x00000000
core   0: 0x80005d10 (0x000093c2) c.add   t2, a6
core   0: 3 0x80005d10 (0x93c2) x7  0x574bd48b
core   0: 0x80005d12 (0x00006a65) c.lui   s4, 0x19
core   0: 3 0x80005d12 (0x6a65) x20 0x00019000
core   0: 0x80005d14 (0x02a331b3) mulhu   gp, t1, a0
core   0: 3 0x80005d14 (0x02a331b3) x3  0x00000000
core   0: 0x80005d18 (0x40288733) sub     a4, a7, sp
core   0: 3 0x80005d18 (0x40288733) x14 0x053a47fe
core   0: 0x80005d1c (0x7945cd93) xori    s11, a1, 1940
core   0: 3 0x80005d1c (0x7945cd93) x27 0x00000795
core   0: 0x80005d20 (0x41bbcc93) xori    s9, s7, 1051
core   0: 3 0x80005d20 (0x41bbcc93) x25 0x8001d7e8
core   0: 0x80005d24 (0x0000eb11) c.bnez  a4, pc + 20
core   0: 3 0x80005d24 (0xeb11)
core   0: 0x80005d38 (0x408682b3) sub     t0, a3, s0
core   0: 3 0x80005d38 (0x408682b3) x5  0x00000001
core   0: 0x80005d3c (0x02b40eb3) mul     t4, s0, a1
core   0: 3 0x80005d3c (0x02b40eb3) x29 0x00000000
core   0: 0x80005d40 (0x008be963) bltu    s7, s0, pc + 18
core   0: 3 0x80005d40 (0x008be963)
core   0: 0x80005d44 (0x0324c033) div     zero, s1, s2
core   0: 3 0x80005d44 (0x0324c033)
core   0: 0x80005d48 (0x00000001) c.nop
core   0: 3 0x80005d48 (0x0001)
core   0: 0x80005d4a (0x0000089c) c.addi4spn a5, sp, 80
core   0: 3 0x80005d4a (0x089c) x15 0x00000051
core   0: 0x80005d4c (0xc5e96397) auipc   t2, 0xc5e96
core   0: 3 0x80005d4c (0xc5e96397) x7  0x45e9bd4c
core   0: 0x80005d50 (0x00008e01) c.sub   a2, s0
core   0: 3 0x80005d50 (0x8e01) x12 0x0000001c
core   0: 0x80005d52 (0x00000001) c.nop
core   0: 3 0x80005d52 (0x0001)
core   0: 0x80005d54 (0x00008cad) c.xor   s1, a1
core   0: 3 0x80005d54 (0x8cad) x9  0x00000001
core   0: 0x80005d56 (0x01dad6b3) srl     a3, s5, t4
core   0: 3 0x80005d56 (0x01dad6b3) x13 0x00000000
core   0: 0x80005d5a (0x033e74b3) remu    s1, t3, s3
core   0: 3 0x80005d5a (0x033e74b3) x9  0x00000000
core   0: 0x80005d5e (0x40f0d8b3) sra     a7, ra, a5
core   0: 3 0x80005d5e (0x40f0d8b3) x17 0x00000000
core   0: 0x80005d62 (0x00000ad1) c.addi  s5, 20
core   0: 3 0x80005d62 (0x0ad1) x21 0x00000014
core   0: 0x80005d64 (0x01f8c433) xor     s0, a7, t6
core   0: 3 0x80005d64 (0x01f8c433) x8  0x00000000
core   0: 0x80005d68 (0x403b80b3) sub     ra, s7, gp
core   0: 3 0x80005d68 (0x403b80b3) x1  0x8001d3f3
core   0: 0x80005d6c (0x0320ffb3) remu    t6, ra, s2
core   0: 3 0x80005d6c (0x0320ffb3) x31 0x00f306ef
core   0: 0x80005d70 (0x0000625d) c.lui   tp, 0x17
core   0: 3 0x80005d70 (0x625d) x4  0x00017000
core   0: 0x80005d72 (0x00008ebe) c.mv    t4, a5
core   0: 3 0x80005d72 (0x8ebe) x29 0x00000051
core   0: 0x80005d74 (0x0000057d) c.addi  a0, 31
core   0: 3 0x80005d74 (0x057d) x10 0x0000001f
core   0: 0x80005d76 (0x00000001) c.nop
core   0: 3 0x80005d76 (0x0001)
core   0: 0x80005d78 (0x03951cb3) mulh    s9, a0, s9
core   0: 3 0x80005d78 (0x03951cb3) x25 0xfffffff0
core   0: 0x80005d7c (0x00fdca33) xor     s4, s11, a5
core   0: 3 0x80005d7c (0x00fdca33) x20 0x000007c4
core   0: 0x80005d80 (0x40e782b3) sub     t0, a5, a4
core   0: 3 0x80005d80 (0x40e782b3) x5  0xfac5b853
core   0: 0x80005d84 (0xdc9b4a93) xori    s5, s6, -567
core   0: 3 0x80005d84 (0xdc9b4a93) x21 0xfffffdd3
core   0: 0x80005d88 (0x00008fb6) c.mv    t6, a3
core   0: 3 0x80005d88 (0x8fb6) x31 0x00000000
core   0: 0x80005d8a (0x40290933) sub     s2, s2, sp
core   0: 3 0x80005d8a (0x40290933) x18 0x7f0ecd03
core   0: 0x80005d8e (0x0000987d) c.andi  s0, -1
core   0: 3 0x80005d8e (0x987d) x8  0x00000000
core   0: 0x80005d90 (0x48a8b013) sltiu   zero, a7, 1162
core   0: 3 0x80005d90 (0x48a8b013)
core   0: 0x80005d94 (0x00f49e63) bne     s1, a5, pc + 28
core   0: 3 0x80005d94 (0x00f49e63)
core   0: 0x80005db0 (0x00f41433) sll     s0, s0, a5
core   0: 3 0x80005db0 (0x00f41433) x8  0x00000000
core   0: 0x80005db4 (0x0000e08d) c.bnez  s1, pc + 34
core   0: 3 0x80005db4 (0xe08d)
core   0: 0x80005db6 (0x0000cc05) c.beqz  s0, pc + 56
core   0: 3 0x80005db6 (0xcc05)
core   0: 0x80005dee (0x01b9f233) and     tp, s3, s11
core   0: 3 0x80005dee (0x01b9f233) x4  0x00000504
core   0: 0x80005df2 (0x039e6563) bltu    t3, s9, pc + 42
core   0: 3 0x80005df2 (0x039e6563)
core   0: 0x80005e1c (0x02d25963) bge     tp, a3, pc + 50
core   0: 3 0x80005e1c (0x02d25963)
core   0: 0x80005e4e (0xc18bac97) auipc   s9, 0xc18ba
core   0: 3 0x80005e4e (0xc18bac97) x25 0x418bfe4e
core   0: 0x80005e52 (0x035d3b33) mulhu   s6, s10, s5
core   0: 3 0x80005e52 (0x035d3b33) x22 0x00000000
core   0: 0x80005e56 (0x40995233) sra     tp, s2, s1
core   0: 3 0x80005e56 (0x40995233) x4  0x7f0ecd03
core   0: 0x80005e5a (0x000098d6) c.add   a7, s5
core   0: 3 0x80005e5a (0x98d6) x17 0xfffffdd3
core   0: 0x80005e5c (0x031c8fb3) mul     t6, s9, a7
core   0: 3 0x80005e5c (0x031c8fb3) x31 0x6267b04a
core   0: 0x80005e60 (0x0000c699) c.beqz  a3, pc + 14
core   0: 3 0x80005e60 (0xc699)
core   0: 0x80005e6e (0x06e6ea97) auipc   s5, 0x6e6e
core   0: 3 0x80005e6e (0x06e6ea97) x21 0x86e73e6e
core   0: 0x80005e72 (0x01d9d763) bge     s3, t4, pc + 14
core   0: 3 0x80005e72 (0x01d9d763)
core   0: 0x80005e76 (0x03cf22b3) mulhsu  t0, t5, t3
core   0: 3 0x80005e76 (0x03cf22b3) x5  0x00000000
core   0: 0x80005e7a (0x0318bcb3) mulhu   s9, a7, a7
core   0: 3 0x80005e7a (0x0318bcb3) x25 0xfffffba6
core   0: 0x80005e7e (0x00006e21) c.lui   t3, 0x8
core   0: 3 0x80005e7e (0x6e21) x28 0x00008000
core   0: 0x80005e80 (0x516bbc97) auipc   s9, 0x516bb
core   0: 3 0x80005e80 (0x516bbc97) x25 0xd16c0e80
core   0: 0x80005e84 (0x9286b193) sltiu   gp, a3, -1752
core   0: 3 0x80005e84 (0x9286b193) x3  0x00000001
core   0: 0x80005e88 (0xf812eb93) ori     s7, t0, -127
core   0: 3 0x80005e88 (0xf812eb93) x23 0xffffff81
core   0: 0x80005e8c (0x01ae8b63) beq     t4, s10, pc + 22
core   0: 3 0x80005e8c (0x01ae8b63)
core   0: 0x80005e90 (0x0295b133) mulhu   sp, a1, s1
core   0: 3 0x80005e90 (0x0295b133) x2  0x00000000
core   0: 0x80005e94 (0x414dd433) sra     s0, s11, s4
core   0: 3 0x80005e94 (0x414dd433) x8  0x00000079
core   0: 0x80005e98 (0x03c12fb3) mulhsu  t6, sp, t3
core   0: 3 0x80005e98 (0x03c12fb3) x31 0x00000000
core   0: 0x80005e9c (0x02392733) mulhsu  a4, s2, gp
core   0: 3 0x80005e9c (0x02392733) x14 0x00000000
core   0: 0x80005ea0 (0x00008a56) c.mv    s4, s5
core   0: 3 0x80005ea0 (0x8a56) x20 0x86e73e6e
core   0: 0x80005ea2 (0xe257a613) slti    a2, a5, -475
core   0: 3 0x80005ea2 (0xe257a613) x12 0x00000000
core   0: 0x80005ea6 (0x40000933) sub     s2, zero, zero
core   0: 3 0x80005ea6 (0x40000933) x18 0x00000000
core   0: 0x80005eaa (0x000013fd) c.addi  t2, -1
core   0: 3 0x80005eaa (0x13fd) x7  0x45e9bd4b
core   0: 0x80005eac (0x0fbe6a93) ori     s5, t3, 251
core   0: 3 0x80005eac (0x0fbe6a93) x21 0x000080fb
core   0: 0x80005eb0 (0x0000e811) c.bnez  s0, pc + 20
core   0: 3 0x80005eb0 (0xe811)
core   0: 0x80005ec4 (0x01054663) blt     a0, a6, pc + 12
core   0: 3 0x80005ec4 (0x01054663)
core   0: 0x80005ed0 (0x40cbde33) sra     t3, s7, a2
core   0: 3 0x80005ed0 (0x40cbde33) x28 0xffffff81
core   0: 0x80005ed4 (0x01403fb3) snez    t6, s4
core   0: 3 0x80005ed4 (0x01403fb3) x31 0x00000001
core   0: 0x80005ed8 (0xa8a4b713) sltiu   a4, s1, -1398
core   0: 3 0x80005ed8 (0xa8a4b713) x14 0x00000001
core   0: 0x80005edc (0x4c274e13) xori    t3, a4, 1218
core   0: 3 0x80005edc (0x4c274e13) x28 0x000004c3
core   0: 0x80005ee0 (0x0083c1b3) xor     gp, t2, s0
core   0: 3 0x80005ee0 (0x0083c1b3) x3  0x45e9bd32
core   0: 0x80005ee4 (0x03587963) bgeu    a6, s5, pc + 50
core   0: 3 0x80005ee4 (0x03587963)
core   0: 0x80005f16 (0x007ec8b3) xor     a7, t4, t2
core   0: 3 0x80005f16 (0x007ec8b3) x17 0x45e9bd1a
core   0: 0x80005f1a (0x000002c6) c.slli  t0, 17
core   0: 3 0x80005f1a (0x02c6) x5  0x00000000
core   0: 0x80005f1c (0x0000717d) c.addi16sp sp, -16
core   0: 3 0x80005f1c (0x717d) x2  0xfffffff0
core   0: 0x80005f1e (0x02418bb3) mul     s7, gp, tp
core   0: 3 0x80005f1e (0x02418bb3) x23 0x24fa4196
core   0: 0x80005f22 (0x02a401b3) mul     gp, s0, a0
core   0: 3 0x80005f22 (0x02a401b3) x3  0x00000ea7
core   0: 0x80005f26 (0x00008675) c.srai  a2, 29
core   0: 3 0x80005f26 (0x8675) x12 0x00000000
core   0: 0x80005f28 (0x02f6f6b3) remu    a3, a3, a5
core   0: 3 0x80005f28 (0x02f6f6b3) x13 0x00000000
core   0: 0x80005f2c (0xe6b6f013) andi    zero, a3, -405
core   0: 3 0x80005f2c (0xe6b6f013)
core   0: 0x80005f30 (0x000083c5) c.srli  a5, 17
core   0: 3 0x80005f30 (0x83c5) x15 0x00000000
core   0: 0x80005f32 (0x02068fb3) mul     t6, a3, zero
core   0: 3 0x80005f32 (0x02068fb3) x31 0x00000000
core   0: 0x80005f36 (0x00009a7d) c.andi  a2, -1
core   0: 3 0x80005f36 (0x9a7d) x12 0x00000000
core   0: 0x80005f38 (0xdf230c17) auipc   s8, 0xdf230
core   0: 3 0x80005f38 (0xdf230c17) x24 0x5f235f38
core   0: 0x80005f3c (0x000092b3) sll     t0, ra, zero
core   0: 3 0x80005f3c (0x000092b3) x5  0x8001d3f3
core   0: 0x80005f40 (0x0e28ce93) xori    t4, a7, 226
core   0: 3 0x80005f40 (0x0e28ce93) x29 0x45e9bdf8
core   0: 0x80005f44 (0x00008f2d) c.xor   a4, a1
core   0: 3 0x80005f44 (0x8f2d) x14 0x00000000
core   0: 0x80005f46 (0x00008ce1) c.and   s1, s0
core   0: 3 0x80005f46 (0x8ce1) x9  0x00000000
core   0: 0x80005f48 (0x70b7a893) slti    a7, a5, 1803
core   0: 3 0x80005f48 (0x70b7a893) x17 0x00000001
core   0: 0x80005f4c (0x00281b13) slli    s6, a6, 2
core   0: 3 0x80005f4c (0x00281b13) x22 0x6d2f0718
core   0: 0x80005f50 (0x00000001) c.nop
core   0: 3 0x80005f50 (0x0001)
core   0: 0x80005f52 (0x037bd163) bge     s7, s7, pc + 34
core   0: 3 0x80005f52 (0x037bd163)
core   0: 0x80005f74 (0x02df6563) bltu    t5, a3, pc + 42
core   0: 3 0x80005f74 (0x02df6563)
core   0: 0x80005f78 (0x00000e52) c.slli  t3, 20
core   0: 3 0x80005f78 (0x0e52) x28 0x4c300000
core   0: 0x80005f7a (0x2b580193) addi    gp, a6, 693
core   0: 3 0x80005f7a (0x2b580193) x3  0x5b4bc47b
core   0: 0x80005f7e (0x00bfda13) srli    s4, t6, 11
core   0: 3 0x80005f7e (0x00bfda13) x20 0x00000000
core   0: 0x80005f82 (0x02f62fb3) mulhsu  t6, a2, a5
core   0: 3 0x80005f82 (0x02f62fb3) x31 0x00000000
core   0: 0x80005f86 (0x00008f01) c.sub   a4, s0
core   0: 3 0x80005f86 (0x8f01) x14 0xffffff87
core   0: 0x80005f88 (0x016d4db3) xor     s11, s10, s6
core   0: 3 0x80005f88 (0x016d4db3) x27 0x6d2f0718
core   0: 0x80005f8c (0x00009eee) c.add   t4, s11
core   0: 3 0x80005f8c (0x9eee) x29 0xb318c510
core   0: 0x80005f8e (0x01048d33) add     s10, s1, a6
core   0: 3 0x80005f8e (0x01048d33) x26 0x5b4bc1c6
core   0: 0x80005f92 (0x02fcb233) mulhu   tp, s9, a5
core   0: 3 0x80005f92 (0x02fcb233) x4  0x00000000
core   0: 0x80005f96 (0x9a683193) sltiu   gp, a6, -1626
core   0: 3 0x80005f96 (0x9a683193) x3  0x00000001
core   0: 0x80005f9a (0x00f96963) bltu    s2, a5, pc + 18
core   0: 3 0x80005f9a (0x00f96963)
core   0: 0x80005f9e (0x00008df9) c.and   a1, a4
core   0: 3 0x80005f9e (0x8df9) x11 0x00000001
core   0: 0x80005fa0 (0x0000836d) c.srli  a4, 27
core   0: 3 0x80005fa0 (0x836d) x14 0x0000001f
core   0: 0x80005fa2 (0x00000001) c.nop
core   0: 3 0x80005fa2 (0x0001)
core   0: 0x80005fa4 (0x00008e1e) c.mv    t3, t2
core   0: 3 0x80005fa4 (0x8e1e) x28 0x45e9bd4b
core   0: 0x80005fa6 (0x009ba0b3) slt     ra, s7, s1
core   0: 3 0x80005fa6 (0x009ba0b3) x1  0x00000000
core   0: 0x80005faa (0x0000cf05) c.beqz  a4, pc + 56
core   0: 3 0x80005faa (0xcf05)
core   0: 0x80005fac (0x000000d5) c.addi  ra, 21
core   0: 3 0x80005fac (0x00d5) x1  0x00000015
core   0: 0x80005fae (0x00000001) c.nop
core   0: 3 0x80005fae (0x0001)
core   0: 0x80005fb0 (0x7c41a193) slti    gp, gp, 1988
core   0: 3 0x80005fb0 (0x7c41a193) x3  0x00000001
core   0: 0x80005fb4 (0x0000448d) c.li    s1, 3
core   0: 3 0x80005fb4 (0x448d) x9  0x00000003
core   0: 0x80005fb6 (0x4130de93) srai    t4, ra, 19
core   0: 3 0x80005fb6 (0x4130de93) x29 0x00000000
core   0: 0x80005fba (0x031a1ab3) mulh    s5, s4, a7
core   0: 3 0x80005fba (0x031a1ab3) x21 0x00000000
core   0: 0x80005fbe (0x00b1c263) blt     gp, a1, pc + 4
core   0: 3 0x80005fbe (0x00b1c263)
core   0: 0x80005fc2 (0x005adb33) srl     s6, s5, t0
core   0: 3 0x80005fc2 (0x005adb33) x22 0x00000000
core   0: 0x80005fc6 (0x01908db3) add     s11, ra, s9
core   0: 3 0x80005fc6 (0x01908db3) x27 0xd16c0e95
core   0: 0x80005fca (0x00c14b33) xor     s6, sp, a2
core   0: 3 0x80005fca (0x00c14b33) x22 0xfffffff0
core   0: 0x80005fce (0xb6153913) sltiu   s2, a0, -1183
core   0: 3 0x80005fce (0xb6153913) x18 0x00000001
core   0: 0x80005fd2 (0x0f3af463) bgeu    s5, s3, pc + 232
core   0: 3 0x80005fd2 (0x0f3af463)
core   0: 0x80005fd6 (0x00008b85) c.andi  a5, 1
core   0: 3 0x80005fd6 (0x8b85) x15 0x00000000
core   0: 0x80005fd8 (0x00000001) c.nop
core   0: 3 0x80005fd8 (0x0001)
core   0: 0x80005fda (0x0f084263) blt     a6, a6, pc + 228
core   0: 3 0x80005fda (0x0f084263)
core   0: 0x80005fde (0x023ad233) divu    tp, s5, gp
core   0: 3 0x80005fde (0x023ad233) x4  0x00000000
core   0: 0x80005fe2 (0x03b3a1b3) mulhsu  gp, t2, s11
core   0: 3 0x80005fe2 (0x03b3a1b3) x3  0x39315621
core   0: 0x80005fe6 (0x00008c4d) c.or    s0, a1
core   0: 3 0x80005fe6 (0x8c4d) x8  0x00000079
core   0: 0x80005fe8 (0x00008c0d) c.sub   s0, a1
core   0: 3 0x80005fe8 (0x8c0d) x8  0x00000078
core   0: 0x80005fea (0x0000131c) c.addi4spn a5, sp, 416
core   0: 3 0x80005fea (0x131c) x15 0x00000190
core   0: 0x80005fec (0x0000b117) auipc   sp, 0xb
core   0: 3 0x80005fec (0x0000b117) x2  0x80010fec
core   0: 0x80005ff0 (0x49610113) addi    sp, sp, 1174
core   0: 3 0x80005ff0 (0x49610113) x2  0x80011482
core   0: 0x80005ff4 (0xfe811c23) sh      s0, -8(sp)
core   0: 3 0x80005ff4 (0xfe811c23) mem 0x8001147a 0x0078
core   0: 0x80005ff8 (0xfc615503) lhu     a0, -58(sp)
core   0: 3 0x80005ff8 (0xfc615503) x10 0x00000000 mem 0x80011448
core   0: 0x80005ffc (0xfd710503) lb      a0, -41(sp)
core   0: 3 0x80005ffc (0xfd710503) x10 0x00000000 mem 0x80011459
core   0: 0x80006000 (0x02ad7233) remu    tp, s10, a0
core   0: 3 0x80006000 (0x02ad7233) x4  0x5b4bc1c6
core   0: 0x80006004 (0xffa12723) sw      s10, -18(sp)
core   0: 3 0x80006004 (0xffa12723) mem 0x80011470 0x5b4bc1c6
core   0: 0x80006008 (0xfe615303) lhu     t1, -26(sp)
core   0: 3 0x80006008 (0xfe615303) x6  0x00000000 mem 0x80011468
core   0: 0x8000600c (0x04015603) lhu     a2, 64(sp)
core   0: 3 0x8000600c (0x04015603) x12 0x00000000 mem 0x800114c2
core   0: 0x80006010 (0xa2a34213) xori    tp, t1, -1494
core   0: 3 0x80006010 (0xa2a34213) x4  0xfffffa2a
core   0: 0x80006014 (0x00008c49) c.or    s0, a0
core   0: 3 0x80006014 (0x8c49) x8  0x00000078
core   0: 0x80006016 (0xfed10603) lb      a2, -19(sp)
core   0: 3 0x80006016 (0xfed10603) x12 0x00000000 mem 0x8001146f
core   0: 0x8000601a (0x03ad7233) remu    tp, s10, s10
core   0: 3 0x8000601a (0x03ad7233) x4  0x00000000
core   0: 0x8000601e (0x0000851a) c.mv    a0, t1
core   0: 3 0x8000601e (0x851a) x10 0x00000000
core   0: 0x80006020 (0x00c12523) sw      a2, 10(sp)
core   0: 3 0x80006020 (0x00c12523) mem 0x8001148c 0x00000000
core   0: 0x80006024 (0x024100a3) sb      tp, 33(sp)
core   0: 3 0x80006024 (0x024100a3) mem 0x800114a3 0x00
core   0: 0x80006028 (0x00010403) lb      s0, 0(sp)
core   0: 3 0x80006028 (0x00010403) x8  0x00000000 mem 0x80011482
core   0: 0x8000602c (0x01a22d33) slt     s10, tp, s10
core   0: 3 0x8000602c (0x01a22d33) x26 0x00000001
core   0: 0x80006030 (0x00005d7d) c.li    s10, -1
core   0: 3 0x80006030 (0x5d7d) x26 0xffffffff
core   0: 0x80006032 (0xfc610fa3) sb      t1, -33(sp)
core   0: 3 0x80006032 (0xfc610fa3) mem 0x80011461 0x00
core   0: 0x80006036 (0x00000001) c.nop
core   0: 3 0x80006036 (0x0001)
core   0: 0x80006038 (0xfec10523) sb      a2, -22(sp)
core   0: 3 0x80006038 (0xfec10523) mem 0x8001146c 0x00
core   0: 0x8000603c (0x006d5633) srl     a2, s10, t1
core   0: 3 0x8000603c (0x006d5633) x12 0xffffffff
core   0: 0x80006040 (0x00005d7d) c.li    s10, -1
core   0: 3 0x80006040 (0x5d7d) x26 0xffffffff
core   0: 0x80006042 (0xfec10ca3) sb      a2, -7(sp)
core   0: 3 0x80006042 (0xfec10ca3) mem 0x8001147b 0xff
core   0: 0x80006046 (0xfda12f23) sw      s10, -34(sp)
core   0: 3 0x80006046 (0xfda12f23) mem 0x80011460 0xffffffff
core   0: 0x8000604a (0x00008269) c.srli  a2, 26
core   0: 3 0x8000604a (0x8269) x12 0x0000003f
core   0: 0x8000604c (0x00009412) c.add   s0, tp
core   0: 3 0x8000604c (0x9412) x8  0x00000000
core   0: 0x8000604e (0x00a65d33) srl     s10, a2, a0
core   0: 3 0x8000604e (0x00a65d33) x26 0x0000003f
core   0: 0x80006052 (0x01e10403) lb      s0, 30(sp)
core   0: 3 0x80006052 (0x01e10403) x8  0x00000000 mem 0x800114a0
core   0: 0x80006056 (0x0000567d) c.li    a2, -1
core   0: 3 0x80006056 (0x567d) x12 0xffffffff
core   0: 0x80006058 (0x028d4533) div     a0, s10, s0
core   0: 3 0x80006058 (0x028d4533) x10 0xffffffff
core   0: 0x8000605c (0x00b14403) lbu     s0, 11(sp)
core   0: 3 0x8000605c (0x00b14403) x8  0x00000000 mem 0x8001148d
core   0: 0x80006060 (0x03b10d03) lb      s10, 59(sp)
core   0: 3 0x80006060 (0x03b10d03) x26 0x00000000 mem 0x800114bd
core   0: 0x80006064 (0x21043413) sltiu   s0, s0, 528
core   0: 3 0x80006064 (0x21043413) x8  0x00000001
core   0: 0x80006068 (0x02812523) sw      s0, 42(sp)
core   0: 3 0x80006068 (0x02812523) mem 0x800114ac 0x00000001
core   0: 0x8000606c (0x028d6533) rem     a0, s10, s0
core   0: 3 0x8000606c (0x028d6533) x10 0x00000000
core   0: 0x80006070 (0x00005d7d) c.li    s10, -1
core   0: 3 0x80006070 (0x5d7d) x26 0xffffffff
core   0: 0x80006072 (0x00008d51) c.or    a0, a2
core   0: 3 0x80006072 (0x8d51) x10 0xffffffff
core   0: 0x80006074 (0xfc410da3) sb      tp, -37(sp)
core   0: 3 0x80006074 (0xfc410da3) mem 0x8001145d 0x00
core   0: 0x80006078 (0x00000001) c.nop
core   0: 3 0x80006078 (0x0001)
core   0: 0x8000607a (0x006d4333) xor     t1, s10, t1
core   0: 3 0x8000607a (0x006d4333) x6  0xffffffff
core   0: 0x8000607e (0x00000001) c.nop
core   0: 3 0x8000607e (0x0001)
core   0: 0x80006080 (0x0000952a) c.add   a0, a0
core   0: 3 0x80006080 (0x952a) x10 0xfffffffe
core   0: 0x80006082 (0xff510203) lb      tp, -11(sp)
core   0: 3 0x80006082 (0xff510203) x4  0x00000000 mem 0x80011477
core   0: 0x80006086 (0x00f14603) lbu     a2, 15(sp)
core   0: 3 0x80006086 (0x00f14603) x12 0x00000000 mem 0x80011491
core   0: 0x8000608a (0x404d5533) sra     a0, s10, tp
core   0: 3 0x8000608a (0x404d5533) x10 0xffffffff
core   0: 0x8000608e (0xff910203) lb      tp, -7(sp)
core   0: 3 0x8000608e (0xff910203) x4  0xffffffff mem 0x8001147b
core   0: 0x80006092 (0x00114303) lbu     t1, 1(sp)
core   0: 3 0x80006092 (0x00114303) x6  0x00000000 mem 0x80011483
core   0: 0x80006096 (0xfcd10303) lb      t1, -51(sp)
core   0: 3 0x80006096 (0xfcd10303) x6  0x00000000 mem 0x8001144f
core   0: 0x8000609a (0x01431413) slli    s0, t1, 20
core   0: 3 0x8000609a (0x01431413) x8  0x00000000
core   0: 0x8000609e (0x41b35313) srai    t1, t1, 27
core   0: 3 0x8000609e (0x41b35313) x6  0x00000000
core   0: 0x800060a2 (0x404d0533) sub     a0, s10, tp
core   0: 3 0x800060a2 (0x404d0533) x10 0x00000000
core   0: 0x800060a6 (0xfc514503) lbu     a0, -59(sp)
core   0: 3 0x800060a6 (0xfc514503) x10 0x00000000 mem 0x80011447
core   0: 0x800060aa (0x03612603) lw      a2, 54(sp)
core   0: 3 0x800060aa (0x03612603) x12 0x00000000 mem 0x800114b8
core   0: 0x800060ae (0xfe714303) lbu     t1, -25(sp)
core   0: 3 0x800060ae (0xfe714303) x6  0x00000000 mem 0x80011469
core   0: 0x800060b2 (0xfc910203) lb      tp, -55(sp)
core   0: 3 0x800060b2 (0xfc910203) x4  0x00000000 mem 0x8001144b
core   0: 0x800060b6 (0xfde15d03) lhu     s10, -34(sp)
core   0: 3 0x800060b6 (0xfde15d03) x26 0x0000ffff mem 0x80011460
core   0: 0x800060ba (0x003a0463) beq     s4, gp, pc + 8
core   0: 3 0x800060ba (0x003a0463)
core   0: 0x800060be (0x0325d633) divu    a2, a1, s2
core   0: 3 0x800060be (0x0325d633) x12 0x00000001
core   0: 0x800060c2 (0x00000b12) c.slli  s6, 4
core   0: 3 0x800060c2 (0x0b12) x22 0xffffff00
core   0: 0x800060c4 (0x1b70e213) ori     tp, ra, 439
core   0: 3 0x800060c4 (0x1b70e213) x4  0x000001b7
core   0: 0x800060c8 (0x02dc0433) mul     s0, s8, a3
core   0: 3 0x800060c8 (0x02dc0433) x8  0x00000000
core   0: 0x800060cc (0x0279e333) rem     t1, s3, t2
core   0: 3 0x800060cc (0x0279e333) x6  0xc5ec5a6f
core   0: 0x800060d0 (0x00008079) c.srli  s0, 30
core   0: 3 0x800060d0 (0x8079) x8  0x00000000
core   0: 0x800060d2 (0x020fe4b3) rem     s1, t6, zero
core   0: 3 0x800060d2 (0x020fe4b3) x9  0x00000000
core   0: 0x800060d6 (0x49d1b493) sltiu   s1, gp, 1181
core   0: 3 0x800060d6 (0x49d1b493) x9  0x00000000
core   0: 0x800060da (0x000f1763) bnez    t5, pc + 14
core   0: 3 0x800060da (0x000f1763)
core   0: 0x800060e8 (0x7150cd93) xori    s11, ra, 1813
core   0: 3 0x800060e8 (0x7150cd93) x27 0x00000700
core   0: 0x800060ec (0x01108a63) beq     ra, a7, pc + 20
core   0: 3 0x800060ec (0x01108a63)
core   0: 0x800060f0 (0x02677a33) remu    s4, a4, t1
core   0: 3 0x800060f0 (0x02677a33) x20 0x0000001f
core   0: 0x800060f4 (0x03b96d33) rem     s10, s2, s11
core   0: 3 0x800060f4 (0x03b96d33) x26 0x00000001
core   0: 0x800060f8 (0x000048e1) c.li    a7, 24
core   0: 3 0x800060f8 (0x48e1) x17 0x00000018
core   0: 0x800060fa (0x02e90e93) addi    t4, s2, 46
core   0: 3 0x800060fa (0x02e90e93) x29 0x0000002f
core   0: 0x800060fe (0x00006139) c.addi16sp sp, 448
core   0: 3 0x800060fe (0x6139) x2  0x80011642
core   0: 0x80006100 (0x00892a33) slt     s4, s2, s0
core   0: 3 0x80006100 (0x00892a33) x20 0x00000000
core   0: 0x80006104 (0x00a49633) sll     a2, s1, a0
core   0: 3 0x80006104 (0x00a49633) x12 0x00000000
core   0: 0x80006108 (0x70698293) addi    t0, s3, 1798
core   0: 3 0x80006108 (0x70698293) x5  0x8002a42a
core   0: 0x8000610c (0x58dd4193) xori    gp, s10, 1421
core   0: 3 0x8000610c (0x58dd4193) x3  0x0000058c
core   0: 0x80006110 (0x00008f49) c.or    a4, a0
core   0: 3 0x80006110 (0x8f49) x14 0x0000001f
core   0: 0x80006112 (0x00004085) c.li    ra, 1
core   0: 3 0x80006112 (0x4085) x1  0x00000001
core   0: 0x80006114 (0x01cc9033) sll     zero, s9, t3
core   0: 3 0x80006114 (0x01cc9033)
core   0: 0x80006118 (0x000094ae) c.add   s1, a1
core   0: 3 0x80006118 (0x94ae) x9  0x00000001
core   0: 0x8000611a (0x0343d1b3) divu    gp, t2, s4
core   0: 3 0x8000611a (0x0343d1b3) x3  0xffffffff
core   0: 0x8000611e (0x000055fd) c.li    a1, -1
core   0: 3 0x8000611e (0x55fd) x11 0xffffffff
core   0: 0x80006120 (0xf5e68713) addi    a4, a3, -162
core   0: 3 0x80006120 (0xf5e68713) x14 0xffffff5e
core   0: 0x80006124 (0x0000f697) auipc   a3, 0xf
core   0: 3 0x80006124 (0x0000f697) x13 0x80015124
core   0: 0x80006128 (0xda468693) addi    a3, a3, -604
core   0: 3 0x80006128 (0xda468693) x13 0x80014ec8
core   0: 0x8000612c (0x56868ca3) sb      s0, 1401(a3)
core   0: 3 0x8000612c (0x56868ca3) mem 0x80015441 0x00
core   0: 0x80006130 (0x57968703) lb      a4, 1401(a3)
core   0: 3 0x80006130 (0x57968703) x14 0x00000000 mem 0x80015441
core   0: 0x80006134 (0x57968583) lb      a1, 1401(a3)
core   0: 3 0x80006134 (0x57968583) x11 0x00000000 mem 0x80015441
core   0: 0x80006138 (0x57368ca3) sb      s3, 1401(a3)
core   0: 3 0x80006138 (0x57368ca3) mem 0x80015441 0x24
core   0: 0x8000613c (0x57d68ca3) sb      t4, 1401(a3)
core   0: 3 0x8000613c (0x57d68ca3) mem 0x80015441 0x2f
core   0: 0x80006140 (0x5796c783) lbu     a5, 1401(a3)
core   0: 3 0x80006140 (0x5796c783) x15 0x0000002f mem 0x80015441
core   0: 0x80006144 (0x57968a03) lb      s4, 1401(a3)
core   0: 3 0x80006144 (0x57968a03) x20 0x0000002f mem 0x80015441
core   0: 0x80006148 (0x57a68ca3) sb      s10, 1401(a3)
core   0: 3 0x80006148 (0x57a68ca3) mem 0x80015441 0x01
core   0: 0x8000614c (0x57968103) lb      sp, 1401(a3)
core   0: 3 0x8000614c (0x57968103) x2  0x00000001 mem 0x80015441
core   0: 0x80006150 (0x57968903) lb      s2, 1401(a3)
core   0: 3 0x80006150 (0x57968903) x18 0x00000001 mem 0x80015441
core   0: 0x80006154 (0x57968e83) lb      t4, 1401(a3)
core   0: 3 0x80006154 (0x57968e83) x29 0x00000001 mem 0x80015441
core   0: 0x80006158 (0x5796ca03) lbu     s4, 1401(a3)
core   0: 3 0x80006158 (0x5796ca03) x20 0x00000001 mem 0x80015441
core   0: 0x8000615c (0x5796c203) lbu     tp, 1401(a3)
core   0: 3 0x8000615c (0x5796c203) x4  0x00000001 mem 0x80015441
core   0: 0x80006160 (0x57968203) lb      tp, 1401(a3)
core   0: 3 0x80006160 (0x57968203) x4  0x00000001 mem 0x80015441
core   0: 0x80006164 (0x5796c903) lbu     s2, 1401(a3)
core   0: 3 0x80006164 (0x5796c903) x18 0x00000001 mem 0x80015441
core   0: 0x80006168 (0x57e68ca3) sb      t5, 1401(a3)
core   0: 3 0x80006168 (0x57e68ca3) mem 0x80015441 0xa4
core   0: 0x8000616c (0x57068ca3) sb      a6, 1401(a3)
core   0: 3 0x8000616c (0x57068ca3) mem 0x80015441 0xc6
core   0: 0x80006170 (0x00da1093) slli    ra, s4, 13
core   0: 3 0x80006170 (0x00da1093) x1  0x00002000
core   0: 0x80006174 (0x5796ce03) lbu     t3, 1401(a3)
core   0: 3 0x80006174 (0x5796ce03) x28 0x000000c6 mem 0x80015441
core   0: 0x80006178 (0x0000137d) c.addi  t1, -1
core   0: 3 0x80006178 (0x137d) x6  0xc5ec5a6e
core   0: 0x8000617a (0x00e78e63) beq     a5, a4, pc + 28
core   0: 3 0x8000617a (0x00e78e63)
core   0: 0x8000617e (0x03ece4b3) rem     s1, s9, t5
core   0: 3 0x8000617e (0x03ece4b3) x9  0xd16c0e80
core   0: 0x80006182 (0x035c8d63) beq     s9, s5, pc + 58
core   0: 3 0x80006182 (0x035c8d63)
core   0: 0x80006186 (0x000001bd) c.addi  gp, 15
core   0: 3 0x80006186 (0x01bd) x3  0x0000000e
core   0: 0x80006188 (0x00008f81) c.sub   a5, s0
core   0: 3 0x80006188 (0x8f81) x15 0x0000002f
core   0: 0x8000618a (0x02d5eb33) rem     s6, a1, a3
core   0: 3 0x8000618a (0x02d5eb33) x22 0x00000000
core   0: 0x8000618e (0x00009696) c.add   a3, t0
core   0: 3 0x8000618e (0x9696) x13 0x0003f2f2
core   0: 0x80006190 (0x00008f49) c.or    a4, a0
core   0: 3 0x80006190 (0x8f49) x14 0x00000000
core   0: 0x80006192 (0x02d60db3) mul     s11, a2, a3
core   0: 3 0x80006192 (0x02d60db3) x27 0x00000000
core   0: 0x80006196 (0x01efde93) srli    t4, t6, 30
core   0: 3 0x80006196 (0x01efde93) x29 0x00000000
core   0: 0x8000619a (0x00008f41) c.or    a4, s0
core   0: 3 0x8000619a (0x8f41) x14 0x00000000
core   0: 0x8000619c (0x001eaab3) slt     s5, t4, ra
core   0: 3 0x8000619c (0x001eaab3) x21 0x00000001
core   0: 0x800061a0 (0x0d210493) addi    s1, sp, 210
core   0: 3 0x800061a0 (0x0d210493) x9  0x000000d3
core   0: 0x800061a4 (0x40a25b93) srai    s7, tp, 10
core   0: 3 0x800061a4 (0x40a25b93) x23 0x00000000
core   0: 0x800061a8 (0x007d3bb3) sltu    s7, s10, t2
core   0: 3 0x800061a8 (0x007d3bb3) x23 0x00000001
core   0: 0x800061ac (0x01684b33) xor     s6, a6, s6
core   0: 3 0x800061ac (0x01684b33) x22 0x5b4bc1c6
core   0: 0x800061b0 (0x8977ef93) ori     t6, a5, -1897
core   0: 3 0x800061b0 (0x8977ef93) x31 0xfffff8bf
core   0: 0x800061b4 (0x01878a33) add     s4, a5, s8
core   0: 3 0x800061b4 (0x01878a33) x20 0x5f235f67
core   0: 0x800061b8 (0x03793e33) mulhu   t3, s2, s7
core   0: 3 0x800061b8 (0x03793e33) x28 0x00000000
core   0: 0x800061bc (0x00000235) c.addi  tp, 13
core   0: 3 0x800061bc (0x0235) x4  0x0000000e
core   0: 0x800061be (0x0ebf2037) lui     zero, 0xebf2
core   0: 3 0x800061be (0x0ebf2037)
core   0: 0x800061c2 (0x0000064d) c.addi  a2, 19
core   0: 3 0x800061c2 (0x064d) x12 0x00000013
core   0: 0x800061c4 (0x02c87b33) remu    s6, a6, a2
core   0: 3 0x800061c4 (0x02c87b33) x22 0x00000002
core   0: 0x800061c8 (0x00008321) c.srli  a4, 8
core   0: 3 0x800061c8 (0x8321) x14 0x00000000
core   0: 0x800061ca (0x00f59f93) slli    t6, a1, 15
core   0: 3 0x800061ca (0x00f59f93) x31 0x00000000
core   0: 0x800061ce (0x00000001) c.nop
core   0: 3 0x800061ce (0x0001)
core   0: 0x800061d0 (0x02d3fcb3) remu    s9, t2, a3
core   0: 3 0x800061d0 (0x02d3fcb3) x25 0x0000d923
core   0: 0x800061d4 (0x00008c49) c.or    s0, a0
core   0: 3 0x800061d4 (0x8c49) x8  0x00000000
core   0: 0x800061d6 (0x01824a33) xor     s4, tp, s8
core   0: 3 0x800061d6 (0x01824a33) x20 0x5f235f36
core   0: 0x800061da (0x0725fb13) andi    s6, a1, 114
core   0: 3 0x800061da (0x0725fb13) x22 0x00000000
core   0: 0x800061de (0xca087413) andi    s0, a6, -864
core   0: 3 0x800061de (0xca087413) x8  0x5b4bc080
core   0: 0x800061e2 (0x03881a33) mulh    s4, a6, s8
core   0: 3 0x800061e2 (0x03881a33) x20 0x21edba39
core   0: 0x800061e6 (0x000083be) c.mv    t2, a5
core   0: 3 0x800061e6 (0x83be) x7  0x0000002f
core   0: 0x800061e8 (0x0000c10d) c.beqz  a0, pc + 34
core   0: 3 0x800061e8 (0xc10d)
core   0: 0x8000620a (0x00001994) c.addi4spn a3, sp, 240
core   0: 3 0x8000620a (0x1994) x13 0x000000f1
core   0: 0x8000620c (0x0000987d) c.andi  s0, -1
core   0: 3 0x8000620c (0x987d) x8  0x5b4bc080
core   0: 0x8000620e (0x4169d513) srai    a0, s3, 22
core   0: 3 0x8000620e (0x4169d513) x10 0xfffffe00
core   0: 0x80006212 (0x016835b3) sltu    a1, a6, s6
core   0: 3 0x80006212 (0x016835b3) x11 0x00000000
core   0: 0x80006216 (0x00000001) c.nop
core   0: 3 0x80006216 (0x0001)
core   0: 0x80006218 (0x00bfd793) srli    a5, t6, 11
core   0: 3 0x80006218 (0x00bfd793) x15 0x00000000
core   0: 0x8000621c (0x03d35a63) bge     t1, t4, pc + 52
core   0: 3 0x8000621c (0x03d35a63)
core   0: 0x80006220 (0x0256d463) bge     a3, t0, pc + 40
core   0: 3 0x80006220 (0x0256d463)
core   0: 0x80006248 (0x001526b3) slt     a3, a0, ra
core   0: 3 0x80006248 (0x001526b3) x13 0x00000001
core   0: 0x8000624c (0x01d11d93) slli    s11, sp, 29
core   0: 3 0x8000624c (0x01d11d93) x27 0x20000000
core   0: 0x80006250 (0x01395b93) srli    s7, s2, 19
core   0: 3 0x80006250 (0x01395b93) x23 0x00000000
core   0: 0x80006254 (0x00006149) c.addi16sp sp, 144
core   0: 3 0x80006254 (0x6149) x2  0x00000091
core   0: 0x80006256 (0x00a682b3) add     t0, a3, a0
core   0: 3 0x80006256 (0x00a682b3) x5  0xfffffe01
core   0: 0x8000625a (0x01b40263) beq     s0, s11, pc + 4
core   0: 3 0x8000625a (0x01b40263)
core   0: 0x8000625e (0x03897d63) bgeu    s2, s8, pc + 58
core   0: 3 0x8000625e (0x03897d63)
core   0: 0x80006262 (0x007a5193) srli    gp, s4, 7
core   0: 3 0x80006262 (0x007a5193) x3  0x0043db74
core   0: 0x80006266 (0x00001e7d) c.addi  t3, -1
core   0: 3 0x80006266 (0x1e7d) x28 0xffffffff
core   0: 0x80006268 (0x00008f85) c.sub   a5, s1
core   0: 3 0x80006268 (0x8f85) x15 0xffffff2d
core   0: 0x8000626a (0x01fbce33) xor     t3, s7, t6
core   0: 3 0x8000626a (0x01fbce33) x28 0x00000000
core   0: 0x8000626e (0x43a3eb13) ori     s6, t2, 1082
core   0: 3 0x8000626e (0x43a3eb13) x22 0x0000043f
core   0: 0x80006272 (0x00006c09) c.lui   s8, 0x2
core   0: 3 0x80006272 (0x6c09) x24 0x00002000
core   0: 0x80006274 (0x0000973e) c.add   a4, a5
core   0: 3 0x80006274 (0x973e) x14 0xffffff2d
core   0: 0x80006276 (0x005c9cb3) sll     s9, s9, t0
core   0: 3 0x80006276 (0x005c9cb3) x25 0x0001b246
core   0: 0x8000627a (0x00008acd) c.andi  a3, 19
core   0: 3 0x8000627a (0x8acd) x13 0x00000001
core   0: 0x8000627c (0x02715b33) divu    s6, sp, t2
core   0: 3 0x8000627c (0x02715b33) x22 0x00000003
core   0: 0x80006280 (0x0000992e) c.add   s2, a1
core   0: 3 0x80006280 (0x992e) x18 0x00000001
core   0: 0x80006282 (0x00009c4a) c.add   s8, s2
core   0: 3 0x80006282 (0x9c4a) x24 0x00002001
core   0: 0x80006284 (0xaa5ecf93) xori    t6, t4, -1371
core   0: 3 0x80006284 (0xaa5ecf93) x31 0xfffffaa5
core   0: 0x80006288 (0x0000e59d) c.bnez  a1, pc + 46
core   0: 3 0x80006288 (0xe59d)
core   0: 0x8000628a (0xbe503e13) sltiu   t3, zero, -1051
core   0: 3 0x8000628a (0xbe503e13) x28 0x00000001
core   0: 0x8000628e (0x0000e719) c.bnez  a4, pc + 14
core   0: 3 0x8000628e (0xe719)
core   0: 0x8000629c (0x017357b3) srl     a5, t1, s7
core   0: 3 0x8000629c (0x017357b3) x15 0xc5ec5a6e
core   0: 0x800062a0 (0x02959c33) mulh    s8, a1, s1
core   0: 3 0x800062a0 (0x02959c33) x24 0x00000000
core   0: 0x800062a4 (0x000083c1) c.srli  a5, 16
core   0: 3 0x800062a4 (0x83c1) x15 0x0000c5ec
core   0: 0x800062a6 (0x8f6b8d13) addi    s10, s7, -1802
core   0: 3 0x800062a6 (0x8f6b8d13) x26 0xfffff8f6
core   0: 0x800062aa (0x03e62a33) mulhsu  s4, a2, t5
core   0: 3 0x800062aa (0x03e62a33) x20 0x00000009
core   0: 0x800062ae (0x00009b86) c.add   s7, ra
core   0: 3 0x800062ae (0x9b86) x23 0x00002000
core   0: 0x800062b0 (0x00008d65) c.and   a0, s1
core   0: 3 0x800062b0 (0x8d65) x10 0x00000000
core   0: 0x800062b2 (0x47390e93) addi    t4, s2, 1139
core   0: 3 0x800062b2 (0x47390e93) x29 0x00000474
core   0: 0x800062b6 (0x00009a96) c.add   s5, t0
core   0: 3 0x800062b6 (0x9a96) x21 0xfffffe02
core   0: 0x800062b8 (0x835d4113) xori    sp, s10, -1995
core   0: 3 0x800062b8 (0x835d4113) x2  0x000000c3
core   0: 0x800062bc (0x0281d933) divu    s2, gp, s0
core   0: 3 0x800062bc (0x0281d933) x18 0x00000000
core   0: 0x800062c0 (0x02993533) mulhu   a0, s2, s1
core   0: 3 0x800062c0 (0x02993533) x10 0x00000000
core   0: 0x800062c4 (0xc3a1bb13) sltiu   s6, gp, -966
core   0: 3 0x800062c4 (0xc3a1bb13) x22 0x00000001
core   0: 0x800062c8 (0x411cd7b3) sra     a5, s9, a7
core   0: 3 0x800062c8 (0x411cd7b3) x15 0x00000000
core   0: 0x800062cc (0x02b3dd33) divu    s10, t2, a1
core   0: 3 0x800062cc (0x02b3dd33) x26 0xffffffff
core   0: 0x800062d0 (0x00008225) c.srli  a2, 9
core   0: 3 0x800062d0 (0x8225) x12 0x00000000
core   0: 0x800062d2 (0x0000e69d) c.bnez  a3, pc + 46
core   0: 3 0x800062d2 (0xe69d)
core   0: 0x80006300 (0x01be5293) srli    t0, t3, 27
core   0: 3 0x80006300 (0x01be5293) x5  0x00000000
core   0: 0x80006304 (0x4049deb3) sra     t4, s3, tp
core   0: 3 0x80006304 (0x4049deb3) x29 0xfffe000a
core   0: 0x80006308 (0x0238ea33) rem     s4, a7, gp
core   0: 3 0x80006308 (0x0238ea33) x20 0x00000018
core   0: 0x8000630c (0x00008431) c.srai  s0, 12
core   0: 3 0x8000630c (0x8431) x8  0x0005b4bc
core   0: 0x8000630e (0x029530b3) mulhu   ra, a0, s1
core   0: 3 0x8000630e (0x029530b3) x1  0x00000000
core   0: 0x80006312 (0x0259ad33) mulhsu  s10, s3, t0
core   0: 3 0x80006312 (0x0259ad33) x26 0x00000000
core   0: 0x80006316 (0x000052fd) c.li    t0, -1
core   0: 3 0x80006316 (0x52fd) x5  0xffffffff
core   0: 0x80006318 (0x0000e785) c.bnez  a5, pc + 40
core   0: 3 0x80006318 (0xe785)
core   0: 0x8000631a (0x02315263) bge     sp, gp, pc + 36
core   0: 3 0x8000631a (0x02315263)
core   0: 0x8000631e (0x5572ff93) andi    t6, t0, 1367
core   0: 3 0x8000631e (0x5572ff93) x31 0x00000557
core   0: 0x80006322 (0x2cf2fc13) andi    s8, t0, 719
core   0: 3 0x80006322 (0x2cf2fc13) x24 0x000002cf
core   0: 0x80006326 (0x00f68fb3) add     t6, a3, a5
core   0: 3 0x80006326 (0x00f68fb3) x31 0x00000001
core   0: 0x8000632a (0x00000001) c.nop
core   0: 3 0x8000632a (0x0001)
core   0: 0x8000632c (0x0115fdb3) and     s11, a1, a7
core   0: 3 0x8000632c (0x0115fdb3) x27 0x00000000
core   0: 0x80006330 (0x3544c717) auipc   a4, 0x3544c
core   0: 3 0x80006330 (0x3544c717) x14 0xb5452330
core   0: 0x80006334 (0x0047f2b3) and     t0, a5, tp
core   0: 3 0x80006334 (0x0047f2b3) x5  0x00000000
core   0: 0x80006338 (0x3075a113) slti    sp, a1, 775
core   0: 3 0x80006338 (0x3075a113) x2  0x00000001
core   0: 0x8000633c (0x0000717d) c.addi16sp sp, -16
core   0: 3 0x8000633c (0x717d) x2  0xfffffff1
core   0: 0x8000633e (0x000098ba) c.add   a7, a4
core   0: 3 0x8000633e (0x98ba) x17 0xb5452348
core   0: 0x80006340 (0x02dbfe33) remu    t3, s7, a3
core   0: 3 0x80006340 (0x02dbfe33) x28 0x00000000
core   0: 0x80006344 (0x0000c989) c.beqz  a1, pc + 18
core   0: 3 0x80006344 (0xc989)
core   0: 0x80006356 (0x000018fd) c.addi  a7, -1
core   0: 3 0x80006356 (0x18fd) x17 0xb5452347
core   0: 0x80006358 (0x418b0433) sub     s0, s6, s8
core   0: 3 0x80006358 (0x418b0433) x8  0xfffffd32
core   0: 0x8000635c (0x00006151) c.addi16sp sp, 272
core   0: 3 0x8000635c (0x6151) x2  0x00000101
core   0: 0x8000635e (0x00009b7d) c.andi  a4, -1
core   0: 3 0x8000635e (0x9b7d) x14 0xb5452330
core   0: 0x80006360 (0x0000137d) c.addi  t1, -1
core   0: 3 0x80006360 (0x137d) x6  0xc5ec5a6d
core   0: 0x80006362 (0x1b288797) auipc   a5, 0x1b288
core   0: 3 0x80006362 (0x1b288797) x15 0x9b28e362
core   0: 0x80006366 (0x00210263) beq     sp, sp, pc + 4
core   0: 3 0x80006366 (0x00210263)
core   0: 0x8000636a (0x02d795b3) mulh    a1, a5, a3
core   0: 3 0x8000636a (0x02d795b3) x11 0xffffffff
core   0: 0x8000636e (0x00008d29) c.xor   a0, a0
core   0: 3 0x8000636e (0x8d29) x10 0x00000000
core   0: 0x80006370 (0x0193db13) srli    s6, t2, 25
core   0: 3 0x80006370 (0x0193db13) x22 0x00000000
core   0: 0x80006374 (0x0000e405) c.bnez  s0, pc + 40
core   0: 3 0x80006374 (0xe405)
core   0: 0x8000639c (0x03a7e733) rem     a4, a5, s10
core   0: 3 0x8000639c (0x03a7e733) x14 0x9b28e362
core   0: 0x800063a0 (0x00004d39) c.li    s10, 14
core   0: 3 0x800063a0 (0x4d39) x26 0x0000000e
core   0: 0x800063a2 (0xa55b8513) addi    a0, s7, -1451
core   0: 3 0x800063a2 (0xa55b8513) x10 0x00001a55
core   0: 0x800063a6 (0x00004649) c.li    a2, 18
core   0: 3 0x800063a6 (0x4649) x12 0x00000012
core   0: 0x800063a8 (0x0000863d) c.srai  a2, 15
core   0: 3 0x800063a8 (0x863d) x12 0x00000000
core   0: 0x800063aa (0x00009c12) c.add   s8, tp
core   0: 3 0x800063aa (0x9c12) x24 0x000002dd
core   0: 0x800063ac (0x01c04d33) xor     s10, zero, t3
core   0: 3 0x800063ac (0x01c04d33) x26 0x00000000
core   0: 0x800063b0 (0x02e5e063) bltu    a1, a4, pc + 32
core   0: 3 0x800063b0 (0x02e5e063)
core   0: 0x800063b4 (0x00008dea) c.mv    s11, s10
core   0: 3 0x800063b4 (0x8dea) x27 0x00000000
core   0: 0x800063b6 (0x00000001) c.nop
core   0: 3 0x800063b6 (0x0001)
core   0: 0x800063b8 (0x01e730b3) sltu    ra, a4, t5
core   0: 3 0x800063b8 (0x01e730b3) x1  0x00000000
core   0: 0x800063bc (0x00317463) bgeu    sp, gp, pc + 8
core   0: 3 0x800063bc (0x00317463)
core   0: 0x800063c0 (0x03fb3b33) mulhu   s6, s6, t6
core   0: 3 0x800063c0 (0x03fb3b33) x22 0x00000000
core   0: 0x800063c4 (0x00008bdd) c.andi  a5, 23
core   0: 3 0x800063c4 (0x8bdd) x15 0x00000002
core   0: 0x800063c6 (0x018331b3) sltu    gp, t1, s8
core   0: 3 0x800063c6 (0x018331b3) x3  0x00000000
core   0: 0x800063ca (0x0314a4b3) mulhsu  s1, s1, a7
core   0: 3 0x800063ca (0x0314a4b3) x9  0x00000095
core   0: 0x800063ce (0x00008c15) c.sub   s0, a3
core   0: 3 0x800063ce (0x8c15) x8  0xfffffd31
core   0: 0x800063d0 (0x00000001) c.nop
core   0: 3 0x800063d0 (0x0001)
core   0: 0x800063d2 (0x02948bb3) mul     s7, s1, s1
core   0: 3 0x800063d2 (0x02948bb3) x23 0x000056b9
core   0: 0x800063d6 (0xdf4a7513) andi    a0, s4, -524
core   0: 3 0x800063d6 (0xdf4a7513) x10 0x00000010
core   0: 0x800063da (0x069a4193) xori    gp, s4, 105
core   0: 3 0x800063da (0x069a4193) x3  0x00000071
core   0: 0x800063de (0x01063533) sltu    a0, a2, a6
core   0: 3 0x800063de (0x01063533) x10 0x00000001
core   0: 0x800063e2 (0x00008c3d) c.xor   s0, a5
core   0: 3 0x800063e2 (0x8c3d) x8  0xfffffd33
core   0: 0x800063e4 (0x00009d56) c.add   s10, s5
core   0: 3 0x800063e4 (0x9d56) x26 0xfffffe02
core   0: 0x800063e6 (0x01ba6ab3) or      s5, s4, s11
core   0: 3 0x800063e6 (0x01ba6ab3) x21 0x00000018
core   0: 0x800063ea (0x3df8f693) andi    a3, a7, 991
core   0: 3 0x800063ea (0x3df8f693) x13 0x00000347
core   0: 0x800063ee (0x02dcedb3) rem     s11, s9, a3
core   0: 3 0x800063ee (0x02dcedb3) x27 0x000001aa
core   0: 0x800063f2 (0x01786563) bltu    a6, s7, pc + 10
core   0: 3 0x800063f2 (0x01786563)
core   0: 0x800063f6 (0x00000ef6) c.slli  t4, 29
core   0: 3 0x800063f6 (0x0ef6) x29 0x40000000
core   0: 0x800063f8 (0x013620b3) slt     ra, a2, s3
core   0: 3 0x800063f8 (0x013620b3) x1  0x00000000
core   0: 0x800063fc (0x004a3e33) sltu    t3, s4, tp
core   0: 3 0x800063fc (0x004a3e33) x28 0x00000000
core   0: 0x80006400 (0x015eecb3) or      s9, t4, s5
core   0: 3 0x80006400 (0x015eecb3) x25 0x40000018
core   0: 0x80006404 (0xfb686313) ori     t1, a6, -74
core   0: 3 0x80006404 (0xfb686313) x6  0xfffffff6
core   0: 0x80006408 (0x00000001) c.nop
core   0: 3 0x80006408 (0x0001)
core   0: 0x8000640a (0x0000c285) c.beqz  a3, pc + 32
core   0: 3 0x8000640a (0xc285)
core   0: 0x8000640c (0x04fa1263) bne     s4, a5, pc + 68
core   0: 3 0x8000640c (0x04fa1263)
core   0: 0x80006450 (0x00948733) add     a4, s1, s1
core   0: 3 0x80006450 (0x00948733) x14 0x0000012a
core   0: 0x80006454 (0x0000717d) c.addi16sp sp, -16
core   0: 3 0x80006454 (0x717d) x2  0x000000f1
core   0: 0x80006456 (0x40ee03b3) sub     t2, t3, a4
core   0: 3 0x80006456 (0x40ee03b3) x7  0xfffffed6
core   0: 0x8000645a (0x0094f133) and     sp, s1, s1
core   0: 3 0x8000645a (0x0094f133) x2  0x00000095
core   0: 0x8000645e (0x039c33b3) mulhu   t2, s8, s9
core   0: 3 0x8000645e (0x039c33b3) x7  0x000000b7
core   0: 0x80006462 (0x000085a1) c.srai  a1, 8
core   0: 3 0x80006462 (0x85a1) x11 0xffffffff
core   0: 0x80006464 (0x00b16db3) or      s11, sp, a1
core   0: 3 0x80006464 (0x00b16db3) x27 0xffffffff
core   0: 0x80006468 (0x031f15b3) mulh    a1, t5, a7
core   0: 3 0x80006468 (0x031f15b3) x11 0x255cbd46
core   0: 0x8000646c (0x0000073a) c.slli  a4, 14
core   0: 3 0x8000646c (0x073a) x14 0x004a8000
core   0: 0x8000646e (0x000085cd) c.srai  a1, 19
core   0: 3 0x8000646e (0x85cd) x11 0x000004ab
core   0: 0x80006470 (0x000057fd) c.li    a5, -1
core   0: 3 0x80006470 (0x57fd) x15 0xffffffff
core   0: 0x80006472 (0x4a87c213) xori    tp, a5, 1192
core   0: 3 0x80006472 (0x4a87c213) x4  0xfffffb57
core   0: 0x80006476 (0xd478a117) auipc   sp, 0xd478a
core   0: 3 0x80006476 (0xd478a117) x2  0x54790476
core   0: 0x8000647a (0x00008276) c.mv    tp, t4
core   0: 3 0x8000647a (0x8276) x4  0x40000000
core   0: 0x8000647c (0x00008e0d) c.sub   a2, a1
core   0: 3 0x8000647c (0x8e0d) x12 0xfffffb55
core   0: 0x8000647e (0x000068a9) c.lui   a7, 0xa
core   0: 3 0x8000647e (0x68a9) x17 0x0000a000
core   0: 0x80006480 (0xaac6cd93) xori    s11, a3, -1364
core   0: 3 0x80006480 (0xaac6cd93) x27 0xfffff9eb
core   0: 0x80006484 (0x01ddc233) xor     tp, s11, t4
core   0: 3 0x80006484 (0x01ddc233) x4  0xbffff9eb
core   0: 0x80006488 (0x0000717d) c.addi16sp sp, -16
core   0: 3 0x80006488 (0x717d) x2  0x54790466
core   0: 0x8000648a (0x0197c3b3) xor     t2, a5, s9
core   0: 3 0x8000648a (0x0197c3b3) x7  0xbfffffe7
core   0: 0x8000648e (0x038d8ab3) mul     s5, s11, s8
core   0: 3 0x8000648e (0x038d8ab3) x21 0xffee95df
core   0: 0x80006492 (0x00008d41) c.or    a0, s0
core   0: 3 0x80006492 (0x8d41) x10 0xfffffd33
core   0: 0x80006494 (0xed6b3c13) sltiu   s8, s6, -298
core   0: 3 0x80006494 (0xed6b3c13) x24 0x00000001
core   0: 0x80006498 (0x0000c18d) c.beqz  a1, pc + 34
core   0: 3 0x80006498 (0xc18d)
core   0: 0x8000649a (0x0036b433) sltu    s0, a3, gp
core   0: 3 0x8000649a (0x0036b433) x8  0x00000000
core   0: 0x8000649e (0x028430b3) mulhu   ra, s0, s0
core   0: 3 0x8000649e (0x028430b3) x1  0x00000000
core   0: 0x800064a2 (0x00000dfa) c.slli  s11, 30
core   0: 3 0x800064a2 (0x0dfa) x27 0xc0000000
core   0: 0x800064a4 (0x003f7763) bgeu    t5, gp, pc + 14
core   0: 3 0x800064a4 (0x003f7763)
core   0: 0x800064b2 (0x00008e5d) c.or    a2, a5
core   0: 3 0x800064b2 (0x8e5d) x12 0xffffffff
core   0: 0x800064b4 (0x0000928e) c.add   t0, gp
core   0: 3 0x800064b4 (0x928e) x5  0x00000071
core   0: 0x800064b6 (0x00bc4563) blt     s8, a1, pc + 10
core   0: 3 0x800064b6 (0x00bc4563)
core   0: 0x800064c0 (0x01582333) slt     t1, a6, s5
core   0: 3 0x800064c0 (0x01582333) x6  0x00000000
core   0: 0x800064c4 (0x00000001) c.nop
core   0: 3 0x800064c4 (0x0001)
core   0: 0x800064c6 (0x0326cdb3) div     s11, a3, s2
core   0: 3 0x800064c6 (0x0326cdb3) x27 0xffffffff
core   0: 0x800064ca (0x01bc3733) sltu    a4, s8, s11
core   0: 3 0x800064ca (0x01bc3733) x14 0x00000001
core   0: 0x800064ce (0x02d33933) mulhu   s2, t1, a3
core   0: 3 0x800064ce (0x02d33933) x18 0x00000000
core   0: 0x800064d2 (0x03bd3033) mulhu   zero, s10, s11
core   0: 3 0x800064d2 (0x03bd3033)
core   0: 0x800064d6 (0x03c55b63) bge     a0, t3, pc + 54
core   0: 3 0x800064d6 (0x03c55b63)
core   0: 0x800064da (0x00f8f8b3) and     a7, a7, a5
core   0: 3 0x800064da (0x00f8f8b3) x17 0x0000a000
core   0: 0x800064de (0x0000893a) c.mv    s2, a4
core   0: 3 0x800064de (0x893a) x18 0x00000001
core   0: 0x800064e0 (0x031cf3b3) remu    t2, s9, a7
core   0: 3 0x800064e0 (0x031cf3b3) x7  0x00004018
core   0: 0x800064e4 (0x00006ca9) c.lui   s9, 0xa
core   0: 3 0x800064e4 (0x6ca9) x25 0x0000a000
core   0: 0x800064e6 (0x000092fa) c.add   t0, t5
core   0: 3 0x800064e6 (0x92fa) x5  0x80025f15
core   0: 0x800064e8 (0x01510333) add     t1, sp, s5
core   0: 3 0x800064e8 (0x01510333) x6  0x54679a45
core   0: 0x800064ec (0x00127a63) bgeu    tp, ra, pc + 20
core   0: 3 0x800064ec (0x00127a63)
core   0: 0x80006500 (0x06de0c63) beq     t3, a3, pc + 120
core   0: 3 0x80006500 (0x06de0c63)
core   0: 0x80006504 (0x02ee71b3) remu    gp, t3, a4
core   0: 3 0x80006504 (0x02ee71b3) x3  0x00000000
core   0: 0x80006508 (0x00cd8b33) add     s6, s11, a2
core   0: 3 0x80006508 (0x00cd8b33) x22 0xfffffffe
core   0: 0x8000650c (0x03daccb3) div     s9, s5, t4
core   0: 3 0x8000650c (0x03daccb3) x25 0x00000000
core   0: 0x80006510 (0x03c018b3) mulh    a7, zero, t3
core   0: 3 0x80006510 (0x03c018b3) x17 0x00000000
core   0: 0x80006514 (0x000087d9) c.srai  a5, 22
core   0: 3 0x80006514 (0x87d9) x15 0xffffffff
core   0: 0x80006516 (0x02bf71b3) remu    gp, t5, a1
core   0: 3 0x80006516 (0x02bf71b3) x3  0x000001e3
core   0: 0x8000651a (0x8c71b293) sltiu   t0, gp, -1849
core   0: 3 0x8000651a (0x8c71b293) x5  0x00000001
core   0: 0x8000651e (0x0000a117) auipc   sp, 0xa
core   0: 3 0x8000651e (0x0000a117) x2  0x8001051e
core   0: 0x80006522 (0x3a710113) addi    sp, sp, 935
core   0: 3 0x80006522 (0x3a710113) x2  0x800108c5
core   0: 0x80006526 (0x0317fa33) remu    s4, a5, a7
core   0: 3 0x80006526 (0x0317fa33) x20 0xffffffff
core   0: 0x8000652a (0x03310723) sb      s3, 46(sp)
core   0: 3 0x8000652a (0x03310723) mem 0x800108f3 0x24
core   0: 0x8000652e (0x00000742) c.slli  a4, 16
core   0: 3 0x8000652e (0x0742) x14 0x00010000
core   0: 0x80006530 (0x00006dcd) c.lui   s11, 0x13
core   0: 3 0x80006530 (0x6dcd) x27 0x00013000
core   0: 0x80006532 (0x02e10883) lb      a7, 46(sp)
core   0: 3 0x80006532 (0x02e10883) x17 0x00000024 mem 0x800108f3
core   0: 0x80006536 (0xffd10123) sb      t4, -30(sp)
core   0: 3 0x80006536 (0xffd10123) mem 0x800108a7 0x00
core   0: 0x8000653a (0x00008259) c.srli  a2, 22
core   0: 3 0x8000653a (0x8259) x12 0x000003ff
core   0: 0x8000653c (0xff410303) lb      t1, -12(sp)
core   0: 3 0x8000653c (0xff410303) x6  0x00000000 mem 0x800108b9
core   0: 0x80006540 (0xfe110a23) sb      ra, -12(sp)
core   0: 3 0x80006540 (0xfe110a23) mem 0x800108b9 0x00
core   0: 0x80006544 (0x02614c83) lbu     s9, 38(sp)
core   0: 3 0x80006544 (0x02614c83) x25 0x00000000 mem 0x800108eb
core   0: 0x80006548 (0xff110a23) sb      a7, -12(sp)
core   0: 3 0x80006548 (0xff110a23) mem 0x800108b9 0x24
core   0: 0x8000654c (0x04010883) lb      a7, 64(sp)
core   0: 3 0x8000654c (0x04010883) x17 0x00000000 mem 0x80010905
core   0: 0x80006550 (0x02111c03) lh      s8, 33(sp)
core   0: 3 0x80006550 (0x02111c03) x24 0x00000000 mem 0x800108e6
core   0: 0x80006554 (0x03f15383) lhu     t2, 63(sp)
core   0: 3 0x80006554 (0x03f15383) x7  0x00000000 mem 0x80010904
core   0: 0x80006558 (0x7d31cb93) xori    s7, gp, 2003
core   0: 3 0x80006558 (0x7d31cb93) x23 0x00000630
core   0: 0x8000655c (0x00310003) lb      zero, 3(sp)
core   0: 3 0x8000655c (0x00310003) mem 0x800108c8
core   0: 0x80006560 (0x00dc3bb3) sltu    s7, s8, a3
core   0: 3 0x80006560 (0x00dc3bb3) x23 0x00000001
core   0: 0x80006564 (0x4072d5b3) sra     a1, t0, t2
core   0: 3 0x80006564 (0x4072d5b3) x11 0x00000001
core   0: 0x80006568 (0x0000c609) c.beqz  a2, pc + 10
core   0: 3 0x80006568 (0xc609)
core   0: 0x8000656a (0x02868333) mul     t1, a3, s0
core   0: 3 0x8000656a (0x02868333) x6  0x00000000
core   0: 0x8000656e (0x8abd8713) addi    a4, s11, -1877
core   0: 3 0x8000656e (0x8abd8713) x14 0x000128ab
core   0: 0x80006572 (0x02eb34b3) mulhu   s1, s6, a4
core   0: 3 0x80006572 (0x02eb34b3) x9  0x000128aa
core   0: 0x80006576 (0x00000001) c.nop
core   0: 3 0x80006576 (0x0001)
core   0: 0x80006578 (0x00000001) c.nop
core   0: 3 0x80006578 (0x0001)
core   0: 0x8000657a (0x0cc2a593) slti    a1, t0, 204
core   0: 3 0x8000657a (0x0cc2a593) x11 0x00000001
core   0: 0x8000657e (0x0000c79d) c.beqz  a5, pc + 46
core   0: 3 0x8000657e (0xc79d)
core   0: 0x80006580 (0x03334433) div     s0, t1, s3
core   0: 3 0x80006580 (0x03334433) x8  0x00000000
core   0: 0x80006584 (0x58b53093) sltiu   ra, a0, 1419
core   0: 3 0x80006584 (0x58b53093) x1  0x00000000
core   0: 0x80006588 (0x4151d333) sra     t1, gp, s5
core   0: 3 0x80006588 (0x4151d333) x6  0x00000000
core   0: 0x8000658c (0x417f0a33) sub     s4, t5, s7
core   0: 3 0x8000658c (0x417f0a33) x20 0x80025ea3
core   0: 0x80006590 (0x0d8b8f93) addi    t6, s7, 216
core   0: 3 0x80006590 (0x0d8b8f93) x31 0x000000d9
core   0: 0x80006594 (0x01cc4a63) blt     s8, t3, pc + 20
core   0: 3 0x80006594 (0x01cc4a63)
core   0: 0x80006598 (0x00000912) c.slli  s2, 4
core   0: 3 0x80006598 (0x0912) x18 0x00000010
core   0: 0x8000659a (0x01917f63) bgeu    sp, s9, pc + 30
core   0: 3 0x8000659a (0x01917f63)
core   0: 0x800065b8 (0x037b7963) bgeu    s6, s7, pc + 50
core   0: 3 0x800065b8 (0x037b7963)
core   0: 0x800065ea (0x01e79363) bne     a5, t5, pc + 6
core   0: 3 0x800065ea (0x01e79363)
core   0: 0x800065f0 (0x030e7db3) remu    s11, t3, a6
core   0: 3 0x800065f0 (0x030e7db3) x27 0x00000000
core   0: 0x800065f4 (0x0347a7b3) mulhsu  a5, a5, s4
core   0: 3 0x800065f4 (0x0347a7b3) x15 0xffffffff
core   0: 0x800065f8 (0x0000a117) auipc   sp, 0xa
core   0: 3 0x800065f8 (0x0000a117) x2  0x800105f8
core   0: 0x800065fc (0x44210113) addi    sp, sp, 1090
core   0: 3 0x800065fc (0x44210113) x2  0x80010a3a
core   0: 0x80006600 (0x02f1a433) mulhsu  s0, gp, a5
core   0: 3 0x80006600 (0x02f1a433) x8  0x000001e2
core   0: 0x80006604 (0x03910883) lb      a7, 57(sp)
core   0: 3 0x80006604 (0x03910883) x17 0x00000000 mem 0x80010a73
core   0: 0x80006608 (0x01f10883) lb      a7, 31(sp)
core   0: 3 0x80006608 (0x01f10883) x17 0x00000000 mem 0x80010a59
core   0: 0x8000660c (0x02d11523) sh      a3, 42(sp)
core   0: 3 0x8000660c (0x02d11523) mem 0x80010a64 0x0347
core   0: 0x80006610 (0xfcf14883) lbu     a7, -49(sp)
core   0: 3 0x80006610 (0xfcf14883) x17 0x00000000 mem 0x80010a09
core   0: 0x80006614 (0x01679413) slli    s0, a5, 22
core   0: 3 0x80006614 (0x01679413) x8  0xffc00000
core   0: 0x80006618 (0xfcf10683) lb      a3, -49(sp)
core   0: 3 0x80006618 (0xfcf10683) x13 0x00000000 mem 0x80010a09
core   0: 0x8000661c (0x000083c5) c.srli  a5, 17
core   0: 3 0x8000661c (0x83c5) x15 0x00007fff
core   0: 0x8000661e (0x00008ec1) c.or    a3, s0
core   0: 3 0x8000661e (0x8ec1) x13 0xffc00000
core   0: 0x80006620 (0x00008c61) c.and   s0, s0
core   0: 3 0x80006620 (0x8c61) x8  0xffc00000
core   0: 0x80006622 (0x00008c41) c.or    s0, s0
core   0: 3 0x80006622 (0x8c41) x8  0xffc00000
core   0: 0x80006624 (0x03d10883) lb      a7, 61(sp)
core   0: 3 0x80006624 (0x03d10883) x17 0x00000000 mem 0x80010a77
core   0: 0x80006628 (0x0111c1b3) xor     gp, gp, a7
core   0: 3 0x80006628 (0x0111c1b3) x3  0x000001e3
core   0: 0x8000662c (0xfce10c23) sb      a4, -40(sp)
core   0: 3 0x8000662c (0xfce10c23) mem 0x80010a12 0xab
core   0: 0x80006630 (0x00008f61) c.and   a4, s0
core   0: 3 0x80006630 (0x8f61) x14 0x00000000
core   0: 0x80006632 (0x01814683) lbu     a3, 24(sp)
core   0: 3 0x80006632 (0x01814683) x13 0x00000000 mem 0x80010a52
core   0: 0x80006636 (0x01a12703) lw      a4, 26(sp)
core   0: 3 0x80006636 (0x01a12703) x14 0xc6000000 mem 0x80010a54
core   0: 0x8000663a (0x00d11b23) sh      a3, 22(sp)
core   0: 3 0x8000663a (0x00d11b23) mem 0x80010a50 0x0000
core   0: 0x8000663e (0x0000968e) c.add   a3, gp
core   0: 3 0x8000663e (0x968e) x13 0x000001e3
core   0: 0x80006640 (0xfcf11e23) sh      a5, -36(sp)
core   0: 3 0x80006640 (0xfcf11e23) mem 0x80010a16 0x7fff
core   0: 0x80006644 (0x01c89713) slli    a4, a7, 28
core   0: 3 0x80006644 (0x01c89713) x14 0x00000000
core   0: 0x80006648 (0x00008025) c.srli  s0, 9
core   0: 3 0x80006648 (0x8025) x8  0x007fe000
core   0: 0x8000664a (0x00000001) c.nop
core   0: 3 0x8000664a (0x0001)
core   0: 0x8000664c (0xfd215883) lhu     a7, -46(sp)
core   0: 3 0x8000664c (0xfd215883) x17 0x00000000 mem 0x80010a0c
core   0: 0x80006650 (0x00d8a6b3) slt     a3, a7, a3
core   0: 3 0x80006650 (0x00d8a6b3) x13 0x00000001
core   0: 0x80006654 (0xff514183) lbu     gp, -11(sp)
core   0: 3 0x80006654 (0xff514183) x3  0x00000000 mem 0x80010a2f
core   0: 0x80006658 (0xfd1108a3) sb      a7, -47(sp)
core   0: 3 0x80006658 (0xfd1108a3) mem 0x80010a0b 0x00
core   0: 0x8000665c (0x00f10883) lb      a7, 15(sp)
core   0: 3 0x8000665c (0x00f10883) x17 0x00000000 mem 0x80010a49
core   0: 0x80006660 (0x03110883) lb      a7, 49(sp)
core   0: 3 0x80006660 (0x03110883) x17 0x00000000 mem 0x80010a6b
core   0: 0x80006664 (0x5a00c737) lui     a4, 0x5a00c
core   0: 3 0x80006664 (0x5a00c737) x14 0x5a00c000
core   0: 0x80006668 (0x02710683) lb      a3, 39(sp)
core   0: 3 0x80006668 (0x02710683) x13 0x00000000 mem 0x80010a61
core   0: 0x8000666c (0x02e42433) mulhsu  s0, s0, a4
core   0: 3 0x8000666c (0x02e42433) x8  0x002cf51f
core   0: 0x80006670 (0x00810fa3) sb      s0, 31(sp)
core   0: 3 0x80006670 (0x00810fa3) mem 0x80010a59 0x1f
core   0: 0x80006674 (0xfc310923) sb      gp, -46(sp)
core   0: 3 0x80006674 (0xfc310923) mem 0x80010a0c 0x00
core   0: 0x80006678 (0xff710883) lb      a7, -9(sp)
core   0: 3 0x80006678 (0xff710883) x17 0x00000000 mem 0x80010a31
core   0: 0x8000667c (0x25040193) addi    gp, s0, 592
core   0: 3 0x8000667c (0x25040193) x3  0x002cf76f
core   0: 0x80006680 (0x03f14183) lbu     gp, 63(sp)
core   0: 3 0x80006680 (0x03f14183) x3  0x00000000 mem 0x80010a79
core   0: 0x80006684 (0x00d101a3) sb      a3, 3(sp)
core   0: 3 0x80006684 (0x00d101a3) mem 0x80010a3d 0x00
core   0: 0x80006688 (0xfcf12323) sw      a5, -58(sp)
core   0: 3 0x80006688 (0xfcf12323) mem 0x80010a00 0x00007fff
core   0: 0x8000668c (0x00612403) lw      s0, 6(sp)
core   0: 3 0x8000668c (0x00612403) x8  0x00000000 mem 0x80010a40
core   0: 0x80006690 (0xfec15683) lhu     a3, -20(sp)
core   0: 3 0x80006690 (0xfec15683) x13 0x00000000 mem 0x80010a26
core   0: 0x80006694 (0x03b10183) lb      gp, 59(sp)
core   0: 3 0x80006694 (0x03b10183) x3  0x00000000 mem 0x80010a75
core   0: 0x80006698 (0x00000001) c.nop
core   0: 3 0x80006698 (0x0001)
core   0: 0x8000669a (0x00869733) sll     a4, a3, s0
core   0: 3 0x8000669a (0x00869733) x14 0x00000000
core   0: 0x8000669e (0xfc314183) lbu     gp, -61(sp)
core   0: 3 0x8000669e (0xfc314183) x3  0x00000000 mem 0x800109fd
core   0: 0x800066a2 (0x02e11523) sh      a4, 42(sp)
core   0: 3 0x800066a2 (0x02e11523) mem 0x80010a64 0x0000
core   0: 0x800066a6 (0xfd710703) lb      a4, -41(sp)
core   0: 3 0x800066a6 (0xfd710703) x14 0x00000000 mem 0x80010a11
core   0: 0x800066aa (0xfef100a3) sb      a5, -31(sp)
core   0: 3 0x800066aa (0xfef100a3) mem 0x80010a1b 0xff
core   0: 0x800066ae (0x544af913) andi    s2, s5, 1348
core   0: 3 0x800066ae (0x544af913) x18 0x00000544
core   0: 0x800066b2 (0x03910063) beq     sp, s9, pc + 32
core   0: 3 0x800066b2 (0x03910063)
core   0: 0x800066b6 (0x00f3cb63) blt     t2, a5, pc + 22
core   0: 3 0x800066b6 (0x00f3cb63)
core   0: 0x800066cc (0x00005e7d) c.li    t3, -1
core   0: 3 0x800066cc (0x5e7d) x28 0xffffffff
core   0: 0x800066ce (0x0236e6b3) rem     a3, a3, gp
core   0: 3 0x800066ce (0x0236e6b3) x13 0x00000000
core   0: 0x800066d2 (0x013d8263) beq     s11, s3, pc + 4
core   0: 3 0x800066d2 (0x013d8263)
core   0: 0x800066d6 (0x0166cf63) blt     a3, s6, pc + 30
core   0: 3 0x800066d6 (0x0166cf63)
core   0: 0x800066da (0x0395bdb3) mulhu   s11, a1, s9
core   0: 3 0x800066da (0x0395bdb3) x27 0x00000000
core   0: 0x800066de (0xccc3bfb7) lui     t6, 0xccc3b
core   0: 3 0x800066de (0xccc3bfb7) x31 0xccc3b000
core   0: 0x800066e2 (0x000095a2) c.add   a1, s0
core   0: 3 0x800066e2 (0x95a2) x11 0x00000001
core   0: 0x800066e4 (0x00000001) c.nop
core   0: 3 0x800066e4 (0x0001)
core   0: 0x800066e6 (0x00008cbd) c.xor   s1, a5
core   0: 3 0x800066e6 (0x8cbd) x9  0x00015755
core   0: 0x800066e8 (0x65ecb613) sltiu   a2, s9, 1630
core   0: 3 0x800066e8 (0x65ecb613) x12 0x00000001
core   0: 0x800066ec (0x00000001) c.nop
core   0: 3 0x800066ec (0x0001)
core   0: 0x800066ee (0x010cdab3) srl     s5, s9, a6
core   0: 3 0x800066ee (0x010cdab3) x21 0x00000000
core   0: 0x800066f2 (0x00008cf9) c.and   s1, a4
core   0: 3 0x800066f2 (0x8cf9) x9  0x00000000
core   0: 0x800066f4 (0x22a8fe93) andi    t4, a7, 554
core   0: 3 0x800066f4 (0x22a8fe93) x29 0x00000000
core   0: 0x800066f8 (0x02299463) bne     s3, sp, pc + 40
core   0: 3 0x800066f8 (0x02299463)
core   0: 0x80006720 (0x00000906) c.slli  s2, 1
core   0: 3 0x80006720 (0x0906) x18 0x00000a88
core   0: 0x80006722 (0x03182db3) mulhsu  s11, a6, a7
core   0: 3 0x80006722 (0x03182db3) x27 0x00000000
core   0: 0x80006726 (0x000098aa) c.add   a7, a0
core   0: 3 0x80006726 (0x98aa) x17 0xfffffd33
core   0: 0x80006728 (0x50218e37) lui     t3, 0x50218
core   0: 3 0x80006728 (0x50218e37) x28 0x50218000
core   0: 0x8000672c (0x02e9a8b3) mulhsu  a7, s3, a4
core   0: 3 0x8000672c (0x02e9a8b3) x17 0x00000000
core   0: 0x80006730 (0x0248e233) rem     tp, a7, tp
core   0: 3 0x80006730 (0x0248e233) x4  0x00000000
core   0: 0x80006734 (0x036d31b3) mulhu   gp, s10, s6
core   0: 3 0x80006734 (0x036d31b3) x3  0xfffffe00
core   0: 0x80006738 (0x003cd763) bge     s9, gp, pc + 14
core   0: 3 0x80006738 (0x003cd763)
core   0: 0x80006746 (0x00008d16) c.mv    s10, t0
core   0: 3 0x80006746 (0x8d16) x26 0x00000001
core   0: 0x80006748 (0x00ae9a13) slli    s4, t4, 10
core   0: 3 0x80006748 (0x00ae9a13) x20 0x00000000
core   0: 0x8000674c (0x0094d133) srl     sp, s1, s1
core   0: 3 0x8000674c (0x0094d133) x2  0x00000000
core   0: 0x80006750 (0x00008299) c.srli  a3, 6
core   0: 3 0x80006750 (0x8299) x13 0x00000000
core   0: 0x80006752 (0x0000e31d) c.bnez  a4, pc + 38
core   0: 3 0x80006752 (0xe31d)
core   0: 0x80006754 (0x0000c991) c.beqz  a1, pc + 20
core   0: 3 0x80006754 (0xc991)
core   0: 0x80006756 (0x0214afb3) mulhsu  t6, s1, ra
core   0: 3 0x80006756 (0x0214afb3) x31 0x00000000
core   0: 0x8000675a (0xa93b4593) xori    a1, s6, -1389
core   0: 3 0x8000675a (0xa93b4593) x11 0x0000056d
core   0: 0x8000675e (0x00008c85) c.sub   s1, s1
core   0: 3 0x8000675e (0x8c85) x9  0x00000000
core   0: 0x80006760 (0x0344f233) remu    tp, s1, s4
core   0: 3 0x80006760 (0x0344f233) x4  0x00000000
core   0: 0x80006764 (0x2d22d8b7) lui     a7, 0x2d22d
core   0: 3 0x80006764 (0x2d22d8b7) x17 0x2d22d000
core   0: 0x80006768 (0x00008e19) c.sub   a2, a4
core   0: 3 0x80006768 (0x8e19) x12 0x00000001
core   0: 0x8000676a (0x008121b3) slt     gp, sp, s0
core   0: 3 0x8000676a (0x008121b3) x3  0x00000000
core   0: 0x8000676e (0x409e0733) sub     a4, t3, s1
core   0: 3 0x8000676e (0x409e0733) x14 0x50218000
core   0: 0x80006772 (0x00000198) c.addi4spn a4, sp, 192
core   0: 3 0x80006772 (0x0198) x14 0x000000c0
core   0: 0x80006774 (0xae0abe13) sltiu   t3, s5, -1312
core   0: 3 0x80006774 (0xae0abe13) x28 0x00000001
core   0: 0x80006778 (0x03cf9033) mulh    zero, t6, t3
core   0: 3 0x80006778 (0x03cf9033)
core   0: 0x8000677c (0x000003b2) c.slli  t2, 12
core   0: 3 0x8000677c (0x03b2) x7  0x00000000
core   0: 0x8000677e (0x0180cb63) blt     ra, s8, pc + 22
core   0: 3 0x8000677e (0x0180cb63)
core   0: 0x80006782 (0x03f018b3) mulh    a7, zero, t6
core   0: 3 0x80006782 (0x03f018b3) x17 0x00000000
core   0: 0x80006786 (0xd86e3a97) auipc   s5, 0xd86e3
core   0: 3 0x80006786 (0xd86e3a97) x21 0x586e9786
core   0: 0x8000678a (0x00008d3d) c.xor   a0, a5
core   0: 3 0x8000678a (0x8d3d) x10 0xffff82cc
core   0: 0x8000678c (0x00000001) c.nop
core   0: 3 0x8000678c (0x0001)
core   0: 0x8000678e (0x000084da) c.mv    s1, s6
core   0: 3 0x8000678e (0x84da) x9  0xfffffffe
core   0: 0x80006790 (0x01efd5b3) srl     a1, t6, t5
core   0: 3 0x80006790 (0x01efd5b3) x11 0x00000000
core   0: 0x80006794 (0x01028c63) beq     t0, a6, pc + 24
core   0: 3 0x80006794 (0x01028c63)
core   0: 0x80006798 (0x0361a133) mulhsu  sp, gp, s6
core   0: 3 0x80006798 (0x0361a133) x2  0x00000000
core   0: 0x8000679c (0x0105c463) blt     a1, a6, pc + 8
core   0: 3 0x8000679c (0x0105c463)
core   0: 0x800067a4 (0x6be0ec97) auipc   s9, 0x6be0e
core   0: 3 0x800067a4 (0x6be0ec97) x25 0xebe147a4
core   0: 0x800067a8 (0x009ded33) or      s10, s11, s1
core   0: 3 0x800067a8 (0x009ded33) x26 0xfffffffe
core   0: 0x800067ac (0x00b5d413) srli    s0, a1, 11
core   0: 3 0x800067ac (0x00b5d413) x8  0x00000000
core   0: 0x800067b0 (0x03997463) bgeu    s2, s9, pc + 40
core   0: 3 0x800067b0 (0x03997463)
core   0: 0x800067b4 (0x005ddc93) srli    s9, s11, 5
core   0: 3 0x800067b4 (0x005ddc93) x25 0x00000000
core   0: 0x800067b8 (0x01087e63) bgeu    a6, a6, pc + 28
core   0: 3 0x800067b8 (0x01087e63)
core   0: 0x800067d4 (0xc7338d97) auipc   s11, 0xc7338
core   0: 3 0x800067d4 (0xc7338d97) x27 0x4733e7d4
core   0: 0x800067d8 (0x404982b3) sub     t0, s3, tp
core   0: 3 0x800067d8 (0x404982b3) x5  0x80029d24
core   0: 0x800067dc (0x00a7ec63) bltu    a5, a0, pc + 24
core   0: 3 0x800067dc (0x00a7ec63)
core   0: 0x800067f4 (0xab1d2393) slti    t2, s10, -1359
core   0: 3 0x800067f4 (0xab1d2393) x7  0x00000000
core   0: 0x800067f8 (0x002cab33) slt     s6, s9, sp
core   0: 3 0x800067f8 (0x002cab33) x22 0x00000000
core   0: 0x800067fc (0x00008fc9) c.or    a5, a0
core   0: 3 0x800067fc (0x8fc9) x15 0xffffffff
core   0: 0x800067fe (0x3b9acf97) auipc   t6, 0x3b9ac
core   0: 3 0x800067fe (0x3b9acf97) x31 0xbb9b27fe
core   0: 0x80006802 (0x0c2a7a93) andi    s5, s4, 194
core   0: 3 0x80006802 (0x0c2a7a93) x21 0x00000000
core   0: 0x80006806 (0x01daeb63) bltu    s5, t4, pc + 22
core   0: 3 0x80006806 (0x01daeb63)
core   0: 0x8000680a (0x00001c7d) c.addi  s8, -1
core   0: 3 0x8000680a (0x1c7d) x24 0xffffffff
core   0: 0x8000680c (0x0000717d) c.addi16sp sp, -16
core   0: 3 0x8000680c (0x717d) x2  0xfffffff0
core   0: 0x8000680e (0x01b1d393) srli    t2, gp, 27
core   0: 3 0x8000680e (0x01b1d393) x7  0x00000000
core   0: 0x80006812 (0x019e0463) beq     t3, s9, pc + 8
core   0: 3 0x80006812 (0x019e0463)
core   0: 0x80006816 (0x01ade263) bltu    s11, s10, pc + 4
core   0: 3 0x80006816 (0x01ade263)
core   0: 0x8000681a (0x00009276) c.add   tp, t4
core   0: 3 0x8000681a (0x9276) x4  0x00000000
core   0: 0x8000681c (0x401add93) srai    s11, s5, 1
core   0: 3 0x8000681c (0x401add93) x27 0x00000000
core   0: 0x80006820 (0x006cd433) srl     s0, s9, t1
core   0: 3 0x80006820 (0x006cd433) x8  0x00000000
core   0: 0x80006824 (0x01a5c033) xor     zero, a1, s10
core   0: 3 0x80006824 (0x01a5c033)
core   0: 0x80006828 (0x011be133) or      sp, s7, a7
core   0: 3 0x80006828 (0x011be133) x2  0x00000001
core   0: 0x8000682c (0x0000717d) c.addi16sp sp, -16
core   0: 3 0x8000682c (0x717d) x2  0xfffffff1
core   0: 0x8000682e (0x010e71b3) and     gp, t3, a6
core   0: 3 0x8000682e (0x010e71b3) x3  0x00000000
core   0: 0x80006832 (0x00000001) c.nop
core   0: 3 0x80006832 (0x0001)
core   0: 0x80006834 (0x02759363) bne     a1, t2, pc + 38
core   0: 3 0x80006834 (0x02759363)
core   0: 0x80006838 (0x6ace6913) ori     s2, t3, 1708
core   0: 3 0x80006838 (0x6ace6913) x18 0x000006ad
core   0: 0x8000683c (0x8b62fb17) auipc   s6, 0x8b62f
core   0: 3 0x8000683c (0x8b62fb17) x22 0x0b63583c
core   0: 0x80006840 (0x000e8763) beqz    t4, pc + 14
core   0: 3 0x80006840 (0x000e8763)
core   0: 0x8000684e (0x182222b7) lui     t0, 0x18222
core   0: 3 0x8000684e (0x182222b7) x5  0x18222000
core   0: 0x80006852 (0x00006131) c.addi16sp sp, 320
core   0: 3 0x80006852 (0x6131) x2  0x00000131
core   0: 0x80006854 (0x00008d49) c.or    a0, a0
core   0: 3 0x80006854 (0x8d49) x10 0xffff82cc
core   0: 0x80006856 (0x004bb5b3) sltu    a1, s7, tp
core   0: 3 0x80006856 (0x004bb5b3) x11 0x00000000
core   0: 0x8000685a (0x9848ee93) ori     t4, a7, -1660
core   0: 3 0x8000685a (0x9848ee93) x29 0xfffff984
core   0: 0x8000685e (0x019c2a33) slt     s4, s8, s9
core   0: 3 0x8000685e (0x019c2a33) x20 0x00000001
core   0: 0x80006862 (0xb23bb113) sltiu   sp, s7, -1245
core   0: 3 0x80006862 (0xb23bb113) x2  0x00000001
core   0: 0x80006866 (0x00008f69) c.and   a4, a0
core   0: 3 0x80006866 (0x8f69) x14 0x000000c0
core   0: 0x80006868 (0x002b6533) or      a0, s6, sp
core   0: 3 0x80006868 (0x002b6533) x10 0x0b63583d
core   0: 0x8000686c (0x7ff65b17) auipc   s6, 0x7ff65
core   0: 3 0x8000686c (0x7ff65b17) x22 0xfff6b86c
core   0: 0x80006870 (0x0000117d) c.addi  sp, -1
core   0: 3 0x80006870 (0x117d) x2  0x00000000
core   0: 0x80006872 (0x02720433) mul     s0, tp, t2
core   0: 3 0x80006872 (0x02720433) x8  0x00000000
core   0: 0x80006876 (0x017d5213) srli    tp, s10, 23
core   0: 3 0x80006876 (0x017d5213) x4  0x000001ff
core   0: 0x8000687a (0x014148b3) xor     a7, sp, s4
core   0: 3 0x8000687a (0x014148b3) x17 0x00000001
core   0: 0x8000687e (0x00009dce) c.add   s11, s3
core   0: 3 0x8000687e (0x9dce) x27 0x80029d24
core   0: 0x80006880 (0x7fc0a293) slti    t0, ra, 2044
core   0: 3 0x80006880 (0x7fc0a293) x5  0x00000001
core   0: 0x80006884 (0x034ce1b3) rem     gp, s9, s4
core   0: 3 0x80006884 (0x034ce1b3) x3  0x00000000
core   0: 0x80006888 (0x02f29033) mulh    zero, t0, a5
core   0: 3 0x80006888 (0x02f29033)
core   0: 0x8000688c (0x0000838a) c.mv    t2, sp
core   0: 3 0x8000688c (0x838a) x7  0x00000000
core   0: 0x8000688e (0x03bf4e93) xori    t4, t5, 59
core   0: 3 0x8000688e (0x03bf4e93) x29 0x80025e9f
core   0: 0x80006892 (0x41a4d913) srai    s2, s1, 26
core   0: 3 0x80006892 (0x41a4d913) x18 0xffffffff
core   0: 0x80006896 (0x010a26b3) slt     a3, s4, a6
core   0: 3 0x80006896 (0x010a26b3) x13 0x00000001
core   0: 0x8000689a (0x0285be33) mulhu   t3, a1, s0
core   0: 3 0x8000689a (0x0285be33) x28 0x00000000
core   0: 0x8000689e (0x00307563) bgeu    zero, gp, pc + 10
core   0: 3 0x8000689e (0x00307563)
core   0: 0x800068a8 (0x00006131) c.addi16sp sp, 320
core   0: 3 0x800068a8 (0x6131) x2  0x00000140
core   0: 0x800068aa (0x0135db93) srli    s7, a1, 19
core   0: 3 0x800068aa (0x0135db93) x23 0x00000000
core   0: 0x800068ae (0x00006979) c.lui   s2, 0x1e
core   0: 3 0x800068ae (0x6979) x18 0x0001e000
core   0: 0x800068b0 (0x00009a4a) c.add   s4, s2
core   0: 3 0x800068b0 (0x9a4a) x20 0x0001e001
core   0: 0x800068b2 (0x018a7533) and     a0, s4, s8
core   0: 3 0x800068b2 (0x018a7533) x10 0x0001e001
core   0: 0x800068b6 (0x013c2ab3) slt     s5, s8, s3
core   0: 3 0x800068b6 (0x013c2ab3) x21 0x00000000
core   0: 0x800068ba (0x03e9acb3) mulhsu  s9, s3, t5
core   0: 3 0x800068ba (0x03e9acb3) x25 0xc0001f46
core   0: 0x800068be (0x71728a93) addi    s5, t0, 1815
core   0: 3 0x800068be (0x71728a93) x21 0x00000718
core   0: 0x800068c2 (0x00000ae9) c.addi  s5, 26
core   0: 3 0x800068c2 (0x0ae9) x21 0x00000732
core   0: 0x800068c4 (0x000054fd) c.li    s1, -1
core   0: 3 0x800068c4 (0x54fd) x9  0xffffffff
core   0: 0x800068c6 (0x03fd3fb3) mulhu   t6, s10, t6
core   0: 3 0x800068c6 (0x03fd3fb3) x31 0xbb9b27fc
core   0: 0x800068ca (0x02416cb3) rem     s9, sp, tp
core   0: 3 0x800068ca (0x02416cb3) x25 0x00000140
core   0: 0x800068ce (0x0000ac97) auipc   s9, 0xa
core   0: 3 0x800068ce (0x0000ac97) x25 0x800108ce
core   0: 0x800068d2 (0x753c8c93) addi    s9, s9, 1875
core   0: 3 0x800068d2 (0x753c8c93) x25 0x80011021
core   0: 0x800068d6 (0xffccca03) lbu     s4, -4(s9)
core   0: 3 0x800068d6 (0xffccca03) x20 0x00000000 mem 0x8001101d
core   0: 0x800068da (0xffccc903) lbu     s2, -4(s9)
core   0: 3 0x800068da (0xffccc903) x18 0x00000000 mem 0x8001101d
core   0: 0x800068de (0x3a05ae13) slti    t3, a1, 928
core   0: 3 0x800068de (0x3a05ae13) x28 0x00000001
core   0: 0x800068e2 (0x00008c0d) c.sub   s0, a1
core   0: 3 0x800068e2 (0x8c0d) x8  0x00000000
core   0: 0x800068e4 (0xfedc8e23) sb      a3, -4(s9)
core   0: 3 0x800068e4 (0xfedc8e23) mem 0x8001101d 0x01
core   0: 0x800068e8 (0x02f30633) mul     a2, t1, a5
core   0: 3 0x800068e8 (0x02f30633) x12 0x00000000
core   0: 0x800068ec (0xffcc8883) lb      a7, -4(s9)
core   0: 3 0x800068ec (0xffcc8883) x17 0x00000001 mem 0x8001101d
core   0: 0x800068f0 (0xffcc8203) lb      tp, -4(s9)
core   0: 3 0x800068f0 (0xffcc8203) x4  0x00000001 mem 0x8001101d
core   0: 0x800068f4 (0x02a26133) rem     sp, tp, a0
core   0: 3 0x800068f4 (0x02a26133) x2  0x00000001
core   0: 0x800068f8 (0xffccc683) lbu     a3, -4(s9)
core   0: 3 0x800068f8 (0xffccc683) x13 0x00000001 mem 0x8001101d
core   0: 0x800068fc (0xfffc8e23) sb      t6, -4(s9)
core   0: 3 0x800068fc (0xfffc8e23) mem 0x8001101d 0xfc
core   0: 0x80006900 (0xfe5c8e23) sb      t0, -4(s9)
core   0: 3 0x80006900 (0xfe5c8e23) mem 0x8001101d 0x01
core   0: 0x80006904 (0xffcc8683) lb      a3, -4(s9)
core   0: 3 0x80006904 (0xffcc8683) x13 0x00000001 mem 0x8001101d
core   0: 0x80006908 (0xfe3c8e23) sb      gp, -4(s9)
core   0: 3 0x80006908 (0xfe3c8e23) mem 0x8001101d 0x00
core   0: 0x8000690c (0xfe37ec13) ori     s8, a5, -29
core   0: 3 0x8000690c (0xfe37ec13) x24 0xffffffff
core   0: 0x80006910 (0x0000717d) c.addi16sp sp, -16
core   0: 3 0x80006910 (0x717d) x2  0xfffffff1
core   0: 0x80006912 (0xffdc8e23) sb      t4, -4(s9)
core   0: 3 0x80006912 (0xffdc8e23) mem 0x8001101d 0x9f
core   0: 0x80006916 (0xffcc8d83) lb      s11, -4(s9)
core   0: 3 0x80006916 (0xffcc8d83) x27 0xffffff9f mem 0x8001101d
core   0: 0x8000691a (0x046ec363) blt     t4, t1, pc + 70
core   0: 3 0x8000691a (0x046ec363)
core   0: 0x80006960 (0x00f4ba33) sltu    s4, s1, a5
core   0: 3 0x80006960 (0x00f4ba33) x20 0x00000000
core   0: 0x80006964 (0x0000424d) c.li    tp, 19
core   0: 3 0x80006964 (0x424d) x4  0x00000013
core   0: 0x80006966 (0x01578eb3) add     t4, a5, s5
core   0: 3 0x80006966 (0x01578eb3) x29 0x00000731
core   0: 0x8000696a (0x000092be) c.add   t0, a5
core   0: 3 0x8000696a (0x92be) x5  0x00000000
core   0: 0x8000696c (0x03da11b3) mulh    gp, s4, t4
core   0: 3 0x8000696c (0x03da11b3) x3  0x00000000
core   0: 0x80006970 (0x00000310) c.addi4spn a2, sp, 384
core   0: 3 0x80006970 (0x0310) x12 0x00000171
core   0: 0x80006972 (0x0000ce21) c.beqz  a2, pc + 88
core   0: 3 0x80006972 (0xce21)
core   0: 0x80006974 (0x00008616) c.mv    a2, t0
core   0: 3 0x80006974 (0x8616) x12 0x00000000
core   0: 0x80006976 (0x00f94fb3) xor     t6, s2, a5
core   0: 3 0x80006976 (0x00f94fb3) x31 0xffffffff
core   0: 0x8000697a (0x000096d2) c.add   a3, s4
core   0: 3 0x8000697a (0x96d2) x13 0x00000001
core   0: 0x8000697c (0xa09c2297) auipc   t0, 0xa09c2
core   0: 3 0x8000697c (0xa09c2297) x5  0x209c897c
core   0: 0x80006980 (0x0360036f) jal     t1, pc + 0x36
core   0: 3 0x80006980 (0x0360036f) x6  0x80006984
core   0: 0x800069b6 (0x0000bff1) c.j     pc - 36
core   0: 3 0x800069b6 (0xbff1)
core   0: 0x80006992 (0x0000200d) c.jal   pc + 34
core   0: 3 0x80006992 (0x200d) x1  0x80006994
core   0: 0x800069b4 (0x0000a031) c.j     pc + 12
core   0: 3 0x800069b4 (0xa031)
core   0: 0x800069c0 (0x0000bfd1) c.j     pc - 44
core   0: 3 0x800069c0 (0xbfd1)
core   0: 0x80006994 (0x0000bff5) c.j     pc - 4
core   0: 3 0x80006994 (0xbff5)
core   0: 0x80006990 (0x0000a031) c.j     pc + 12
core   0: 3 0x80006990 (0xa031)
core   0: 0x8000699c (0x00002819) c.jal   pc + 22
core   0: 3 0x8000699c (0x2819) x1  0x8000699e
core   0: 0x800069b2 (0x0000a031) c.j     pc + 12
core   0: 3 0x800069b2 (0xa031)
core   0: 0x800069be (0x0000bfc1) c.j     pc - 48
core   0: 3 0x800069be (0xbfc1)
core   0: 0x8000698e (0x0000a00d) c.j     pc + 34
core   0: 3 0x8000698e (0xa00d)
core   0: 0x800069b0 (0x00003fed) c.jal   pc - 6
core   0: 3 0x800069b0 (0x3fed) x1  0x800069b2
core   0: 0x800069aa (0x004000ef) jal     pc + 0x4
core   0: 3 0x800069aa (0x004000ef) x1  0x800069ae
core   0: 0x800069ae (0x0000bfcd) c.j     pc - 14
core   0: 3 0x800069ae (0xbfcd)
core   0: 0x800069a0 (0xff7ff8ef) jal     a7, pc - 0xa
core   0: 3 0x800069a0 (0xff7ff8ef) x17 0x800069a4
core   0: 0x80006996 (0x0220036f) jal     t1, pc + 0x22
core   0: 3 0x80006996 (0x0220036f) x6  0x8000699a
core   0: 0x800069b8 (0x0000b7cd) c.j     pc - 30
core   0: 3 0x800069b8 (0xb7cd)
core   0: 0x8000699a (0x0000a005) c.j     pc + 32
core   0: 3 0x8000699a (0xa005)
core   0: 0x800069ba (0xfcdff0ef) jal     pc - 0x34
core   0: 3 0x800069ba (0xfcdff0ef) x1  0x800069be
core   0: 0x80006986 (0x0000a019) c.j     pc + 6
core   0: 3 0x80006986 (0xa019)
core   0: 0x8000698c (0x0000281d) c.jal   pc + 54
core   0: 3 0x8000698c (0x281d) x1  0x8000698e
core   0: 0x800069c2 (0x00003ff1) c.jal   pc - 36
core   0: 3 0x800069c2 (0x3ff1) x1  0x800069c4
core   0: 0x8000699e (0x000037dd) c.jal   pc - 26
core   0: 3 0x8000699e (0x37dd) x1  0x800069a0
core   0: 0x80006984 (0x0000a005) c.j     pc + 32
core   0: 3 0x80006984 (0xa005)
core   0: 0x800069a4 (0x000037d5) c.jal   pc - 28
core   0: 3 0x800069a4 (0x37d5) x1  0x800069a6
core   0: 0x80006988 (0x01e0036f) jal     t1, pc + 0x1e
core   0: 3 0x80006988 (0x01e0036f) x6  0x8000698c
core   0: 0x800069a6 (0x0000a009) c.j     pc + 2
core   0: 3 0x800069a6 (0xa009)
core   0: 0x800069a8 (0x0000a831) c.j     pc + 28
core   0: 3 0x800069a8 (0xa831)
core   0: 0x800069c4 (0x000057fd) c.li    a5, -1
core   0: 3 0x800069c4 (0x57fd) x15 0xffffffff
core   0: 0x800069c6 (0xdba1a313) slti    t1, gp, -582
core   0: 3 0x800069c6 (0xdba1a313) x6  0x00000000
core   0: 0x800069ca (0x03baa433) mulhsu  s0, s5, s11
core   0: 3 0x800069ca (0x03baa433) x8  0x00000731
core   0: 0x800069ce (0x026ad3b3) divu    t2, s5, t1
core   0: 3 0x800069ce (0x026ad3b3) x7  0xffffffff
core   0: 0x800069d2 (0xbc5e3493) sltiu   s1, t3, -1083
core   0: 3 0x800069d2 (0xbc5e3493) x9  0x00000001
core   0: 0x800069d6 (0x00eed193) srli    gp, t4, 14
core   0: 3 0x800069d6 (0x00eed193) x3  0x00000000
core   0: 0x800069da (0xc8eab213) sltiu   tp, s5, -882
core   0: 3 0x800069da (0xc8eab213) x4  0x00000001
core   0: 0x800069de (0x02c771b3) remu    gp, a4, a2
core   0: 3 0x800069de (0x02c771b3) x3  0x000000c0
core   0: 0x800069e2 (0x004993b3) sll     t2, s3, tp
core   0: 3 0x800069e2 (0x004993b3) x7  0x00053a48
core   0: 0x800069e6 (0x4134db13) srai    s6, s1, 19
core   0: 3 0x800069e6 (0x4134db13) x22 0x00000000
core   0: 0x800069ea (0x00ad5db3) srl     s11, s10, a0
core   0: 3 0x800069ea (0x00ad5db3) x27 0x7fffffff
core   0: 0x800069ee (0x01a77db3) and     s11, a4, s10
core   0: 3 0x800069ee (0x01a77db3) x27 0x000000c0
core   0: 0x800069f2 (0x00000001) c.nop
core   0: 3 0x800069f2 (0x0001)
core   0: 0x800069f4 (0x7c73c613) xori    a2, t2, 1991
core   0: 3 0x800069f4 (0x7c73c613) x12 0x00053d8f
core   0: 0x800069f8 (0x000088f5) c.andi  s1, 29
core   0: 3 0x800069f8 (0x88f5) x9  0x00000001
core   0: 0x800069fa (0x61feeb97) auipc   s7, 0x61fee
core   0: 3 0x800069fa (0x61feeb97) x23 0xe1ff49fa
core   0: 0x800069fe (0x0c29f613) andi    a2, s3, 194
core   0: 3 0x800069fe (0x0c29f613) x12 0x00000000
core   0: 0x80006a02 (0x025198b3) mulh    a7, gp, t0
core   0: 3 0x80006a02 (0x025198b3) x17 0x00000018
core   0: 0x80006a06 (0x01a83433) sltu    s0, a6, s10
core   0: 3 0x80006a06 (0x01a83433) x8  0x00000001
core   0: 0x80006a0a (0x00000d0c) c.addi4spn a1, sp, 656
core   0: 3 0x80006a0a (0x0d0c) x11 0x00000281
core   0: 0x80006a0c (0x0000101c) c.addi4spn a5, sp, 32
core   0: 3 0x80006a0c (0x101c) x15 0x00000011
core   0: 0x80006a0e (0x03d8c763) blt     a7, t4, pc + 46
core   0: 3 0x80006a0e (0x03d8c763)
core   0: 0x80006a3c (0x023ac1b3) div     gp, s5, gp
core   0: 3 0x80006a3c (0x023ac1b3) x3  0x00000009
core   0: 0x80006a40 (0x032b0033) mul     zero, s6, s2
core   0: 3 0x80006a40 (0x032b0033)
core   0: 0x80006a44 (0x00008685) c.srai  a3, 1
core   0: 3 0x80006a44 (0x8685) x13 0x00000000
core   0: 0x80006a46 (0x00008ce5) c.and   s1, s1
core   0: 3 0x80006a46 (0x8ce5) x9  0x00000001
core   0: 0x80006a48 (0x03933733) mulhu   a4, t1, s9
core   0: 3 0x80006a48 (0x03933733) x14 0x00000000
core   0: 0x80006a4c (0x41df84b3) sub     s1, t6, t4
core   0: 3 0x80006a4c (0x41df84b3) x9  0xfffff8ce
core   0: 0x80006a50 (0x000086ee) c.mv    a3, s11
core   0: 3 0x80006a50 (0x86ee) x13 0x000000c0
core   0: 0x80006a52 (0x00008fe5) c.and   a5, s1
core   0: 3 0x80006a52 (0x8fe5) x15 0x00000000
core   0: 0x80006a54 (0xabb88c93) addi    s9, a7, -1349
core   0: 3 0x80006a54 (0xabb88c93) x25 0xfffffad3
core   0: 0x80006a58 (0x40f95a13) srai    s4, s2, 15
core   0: 3 0x80006a58 (0x40f95a13) x20 0x00000000
core   0: 0x80006a5c (0x008a5633) srl     a2, s4, s0
core   0: 3 0x80006a5c (0x008a5633) x12 0x00000000
core   0: 0x80006a60 (0x00001714) c.addi4spn a3, sp, 928
core   0: 3 0x80006a60 (0x1714) x13 0x00000391
core   0: 0x80006a62 (0x00009372) c.add   t1, t3
core   0: 3 0x80006a62 (0x9372) x6  0x00000001
core   0: 0x80006a64 (0x00d44663) blt     s0, a3, pc + 12
core   0: 3 0x80006a64 (0x00d44663)
core   0: 0x80006a70 (0x03174eb3) div     t4, a4, a7
core   0: 3 0x80006a70 (0x03174eb3) x29 0x00000000
core   0: 0x80006a74 (0x020c7663) bgeu    s8, zero, pc + 44
core   0: 3 0x80006a74 (0x020c7663)
core   0: 0x80006aa0 (0x00001a10) c.addi4spn a2, sp, 304
core   0: 3 0x80006aa0 (0x1a10) x12 0x00000121
core   0: 0x80006aa2 (0x0091ec63) bltu    gp, s1, pc + 24
core   0: 3 0x80006aa2 (0x0091ec63)
core   0: 0x80006aba (0x005017b3) sll     a5, zero, t0
core   0: 3 0x80006aba (0x005017b3) x15 0x00000000
core   0: 0x80006abe (0x00000001) c.nop
core   0: 3 0x80006abe (0x0001)
core   0: 0x80006ac0 (0xbb9c6113) ori     sp, s8, -1095
core   0: 3 0x80006ac0 (0xbb9c6113) x2  0xffffffff
core   0: 0x80006ac4 (0x01b04463) blt     zero, s11, pc + 8
core   0: 3 0x80006ac4 (0x01b04463)
core   0: 0x80006acc (0x00006ba9) c.lui   s7, 0xa
core   0: 3 0x80006acc (0x6ba9) x23 0x0000a000
core   0: 0x80006ace (0x00000001) c.nop
core   0: 3 0x80006ace (0x0001)
core   0: 0x80006ad0 (0x00000810) c.addi4spn a2, sp, 16
core   0: 3 0x80006ad0 (0x0810) x12 0x0000000f
core   0: 0x80006ad2 (0x0000597d) c.li    s2, -1
core   0: 3 0x80006ad2 (0x597d) x18 0xffffffff
core   0: 0x80006ad4 (0x0174ddb3) srl     s11, s1, s7
core   0: 3 0x80006ad4 (0x0174ddb3) x27 0xfffff8ce
core   0: 0x80006ad8 (0x00008cb9) c.xor   s1, a4
core   0: 3 0x80006ad8 (0x8cb9) x9  0xfffff8ce
core   0: 0x80006ada (0x003b0e63) beq     s6, gp, pc + 28
core   0: 3 0x80006ada (0x003b0e63)
core   0: 0x80006ade (0x00008e89) c.sub   a3, a0
core   0: 3 0x80006ade (0x8e89) x13 0xfffe2390
core   0: 0x80006ae0 (0x00f3c863) blt     t2, a5, pc + 16
core   0: 3 0x80006ae0 (0x00f3c863)
core   0: 0x80006ae4 (0x03c9f033) remu    zero, s3, t3
core   0: 3 0x80006ae4 (0x03c9f033)
core   0: 0x80006ae8 (0x000ed733) srl     a4, t4, zero
core   0: 3 0x80006ae8 (0x000ed733) x14 0x00000000
core   0: 0x80006aec (0x038aa033) mulhsu  zero, s5, s8
core   0: 3 0x80006aec (0x038aa033)
core   0: 0x80006af0 (0x0000886d) c.andi  s0, 27
core   0: 3 0x80006af0 (0x886d) x8  0x00000001
core   0: 0x80006af2 (0x00004fc1) c.li    t6, 16
core   0: 3 0x80006af2 (0x4fc1) x31 0x00000010
core   0: 0x80006af4 (0x0000875d) c.srai  a4, 23
core   0: 3 0x80006af4 (0x875d) x14 0x00000000
core   0: 0x80006af6 (0x00e71313) slli    t1, a4, 14
core   0: 3 0x80006af6 (0x00e71313) x6  0x00000000
core   0: 0x80006afa (0x024524b3) mulhsu  s1, a0, tp
core   0: 3 0x80006afa (0x024524b3) x9  0x00000000
core   0: 0x80006afe (0x00008ef1) c.and   a3, a2
core   0: 3 0x80006afe (0x8ef1) x13 0x00000000
core   0: 0x80006b00 (0x0f626693) ori     a3, tp, 246
core   0: 3 0x80006b00 (0x0f626693) x13 0x000000f7
core   0: 0x80006b04 (0x0000c999) c.beqz  a1, pc + 22
core   0: 3 0x80006b04 (0xc999)
core   0: 0x80006b06 (0x00008d21) c.xor   a0, s0
core   0: 3 0x80006b06 (0x8d21) x10 0x0001e000
core   0: 0x80006b08 (0x00008e35) c.xor   a2, a3
core   0: 3 0x80006b08 (0x8e35) x12 0x000000f8
core   0: 0x80006b0a (0x00b34633) xor     a2, t1, a1
core   0: 3 0x80006b0a (0x00b34633) x12 0x00000281
core   0: 0x80006b0e (0x006a3933) sltu    s2, s4, t1
core   0: 3 0x80006b0e (0x006a3933) x18 0x00000000
core   0: 0x80006b12 (0x033a27b3) mulhsu  a5, s4, s3
core   0: 3 0x80006b12 (0x033a27b3) x15 0x00000000
core   0: 0x80006b16 (0x02facb63) blt     s5, a5, pc + 54
core   0: 3 0x80006b16 (0x02facb63)
core   0: 0x80006b1a (0x03116eb3) rem     t4, sp, a7
core   0: 3 0x80006b1a (0x03116eb3) x29 0xffffffff
core   0: 0x80006b1e (0x039b7763) bgeu    s6, s9, pc + 46
core   0: 3 0x80006b1e (0x039b7763)
core   0: 0x80006b22 (0xf8108413) addi    s0, ra, -127
core   0: 3 0x80006b22 (0xf8108413) x8  0x80006927
core   0: 0x80006b26 (0x41ced013) srai    zero, t4, 28
core   0: 3 0x80006b26 (0x41ced013)
core   0: 0x80006b2a (0x026cc263) blt     s9, t1, pc + 36
core   0: 3 0x80006b2a (0x026cc263)
core   0: 0x80006b4e (0x3ee77313) andi    t1, a4, 1006
core   0: 3 0x80006b4e (0x3ee77313) x6  0x00000000
core   0: 0x80006b52 (0x0086fb63) bgeu    a3, s0, pc + 22
core   0: 3 0x80006b52 (0x0086fb63)
core   0: 0x80006b56 (0x02537d63) bgeu    t1, t0, pc + 58
core   0: 3 0x80006b56 (0x02537d63)
core   0: 0x80006b5a (0x00001908) c.addi4spn a0, sp, 176
core   0: 3 0x80006b5a (0x1908) x10 0x000000af
core   0: 0x80006b5c (0x408f5b13) srai    s6, t5, 8
core   0: 3 0x80006b5c (0x408f5b13) x22 0xff80025e
core   0: 0x80006b60 (0x0174bdb3) sltu    s11, s1, s7
core   0: 3 0x80006b60 (0x0174bdb3) x27 0x00000001
core   0: 0x80006b64 (0x00256b63) bltu    a0, sp, pc + 22
core   0: 3 0x80006b64 (0x00256b63)
core   0: 0x80006b7a (0x03feee33) rem     t3, t4, t6
core   0: 3 0x80006b7a (0x03feee33) x28 0xffffffff
core   0: 0x80006b7e (0x0000088c) c.addi4spn a1, sp, 80
core   0: 3 0x80006b7e (0x088c) x11 0x0000004f
core   0: 0x80006b80 (0x2236f937) lui     s2, 0x2236f
core   0: 3 0x80006b80 (0x2236f937) x18 0x2236f000
core   0: 0x80006b84 (0x00008f75) c.and   a4, a3
core   0: 3 0x80006b84 (0x8f75) x14 0x00000000
core   0: 0x80006b86 (0x03e77fb3) remu    t6, a4, t5
core   0: 3 0x80006b86 (0x03e77fb3) x31 0x00000000
core   0: 0x80006b8a (0x00009b7d) c.andi  a4, -1
core   0: 3 0x80006b8a (0x9b7d) x14 0x00000000
core   0: 0x80006b8c (0x025f1c33) mulh    s8, t5, t0
core   0: 3 0x80006b8c (0x025f1c33) x24 0xefb20889
core   0: 0x80006b90 (0x00008c71) c.and   s0, a2
core   0: 3 0x80006b90 (0x8c71) x8  0x00000001
core   0: 0x80006b92 (0x00008ee9) c.and   a3, a0
core   0: 3 0x80006b92 (0x8ee9) x13 0x000000a7
core   0: 0x80006b94 (0x00008c01) c.sub   s0, s0
core   0: 3 0x80006b94 (0x8c01) x8  0x00000000
core   0: 0x80006b96 (0x41455cb3) sra     s9, a0, s4
core   0: 3 0x80006b96 (0x41455cb3) x25 0x000000af
core   0: 0x80006b9a (0x00000bf2) c.slli  s7, 28
core   0: 3 0x80006b9a (0x0bf2) x23 0x00000000
core   0: 0x80006b9c (0x7ca3d2b7) lui     t0, 0x7ca3d
core   0: 3 0x80006b9c (0x7ca3d2b7) x5  0x7ca3d000
core   0: 0x80006ba0 (0x02d49733) mulh    a4, s1, a3
core   0: 3 0x80006ba0 (0x02d49733) x14 0x00000000
core   0: 0x80006ba4 (0x00008fad) c.xor   a5, a1
core   0: 3 0x80006ba4 (0x8fad) x15 0x0000004f
core   0: 0x80006ba6 (0xcb2dc013) xori    zero, s11, -846
core   0: 3 0x80006ba6 (0xcb2dc013)
core   0: 0x80006baa (0x00c95893) srli    a7, s2, 12
core   0: 3 0x80006baa (0x00c95893) x17 0x0002236f
core   0: 0x80006bae (0x03f4ec33) rem     s8, s1, t6
core   0: 3 0x80006bae (0x03f4ec33) x24 0x00000000
core   0: 0x80006bb2 (0x005f5c13) srli    s8, t5, 5
core   0: 3 0x80006bb2 (0x005f5c13) x24 0x040012f5
core   0: 0x80006bb6 (0x033f1333) mulh    t1, t5, s3
core   0: 3 0x80006bb6 (0x033f1333) x6  0x3ffd8222
core   0: 0x80006bba (0x00a67c63) bgeu    a2, a0, pc + 24
core   0: 3 0x80006bba (0x00a67c63)
core   0: 0x80006bd2 (0x00d4b1b3) sltu    gp, s1, a3
core   0: 3 0x80006bd2 (0x00d4b1b3) x3  0x00000001
core   0: 0x80006bd6 (0x028bbd33) mulhu   s10, s7, s0
core   0: 3 0x80006bd6 (0x028bbd33) x26 0x00000000
core   0: 0x80006bda (0x00dbdd63) bge     s7, a3, pc + 26
core   0: 3 0x80006bda (0x00dbdd63)
core   0: 0x80006bde (0x11ceee13) ori     t3, t4, 284
core   0: 3 0x80006bde (0x11ceee13) x28 0xffffffff
core   0: 0x80006be2 (0x0290a433) mulhsu  s0, ra, s1
core   0: 3 0x80006be2 (0x0290a433) x8  0x00000000
core   0: 0x80006be6 (0x00006109) c.addi16sp sp, 128
core   0: 3 0x80006be6 (0x6109) x2  0x0000007f
core   0: 0x80006be8 (0x70b62a93) slti    s5, a2, 1803
core   0: 3 0x80006be8 (0x70b62a93) x21 0x00000001
core   0: 0x80006bec (0x00ce7a33) and     s4, t3, a2
core   0: 3 0x80006bec (0x00ce7a33) x20 0x00000281
core   0: 0x80006bf0 (0x0006b533) sltu    a0, a3, zero
core   0: 3 0x80006bf0 (0x0006b533) x10 0x00000000
core   0: 0x80006bf4 (0x02173db3) mulhu   s11, a4, ra
core   0: 3 0x80006bf4 (0x02173db3) x27 0x00000000
core   0: 0x80006bf8 (0xa9a88493) addi    s1, a7, -1382
core   0: 3 0x80006bf8 (0xa9a88493) x9  0x00021e09
core   0: 0x80006bfc (0x00004399) c.li    t2, 6
core   0: 3 0x80006bfc (0x4399) x7  0x00000006
core   0: 0x80006bfe (0x026668b3) rem     a7, a2, t1
core   0: 3 0x80006bfe (0x026668b3) x17 0x00000281
core   0: 0x80006c02 (0xbaeaa413) slti    s0, s5, -1106
core   0: 3 0x80006c02 (0xbaeaa413) x8  0x00000000
core   0: 0x80006c06 (0x01c83333) sltu    t1, a6, t3
core   0: 3 0x80006c06 (0x01c83333) x6  0x00000001
core   0: 0x80006c0a (0x00005c7d) c.li    s8, -1
core   0: 3 0x80006c0a (0x5c7d) x24 0xffffffff
core   0: 0x80006c0c (0x01c8e263) bltu    a7, t3, pc + 4
core   0: 3 0x80006c0c (0x01c8e263)
core   0: 0x80006c10 (0x00006c2d) c.lui   s8, 0xb
core   0: 3 0x80006c10 (0x6c2d) x24 0x0000b000
core   0: 0x80006c12 (0x00000001) c.nop
core   0: 3 0x80006c12 (0x0001)
core   0: 0x80006c14 (0x00006e99) c.lui   t4, 0x6
core   0: 3 0x80006c14 (0x6e99) x29 0x00006000
core   0: 0x80006c16 (0x01e4dc93) srli    s9, s1, 30
core   0: 3 0x80006c16 (0x01e4dc93) x25 0x00000000
core   0: 0x80006c1a (0xbe2ce1b7) lui     gp, 0xbe2ce
core   0: 3 0x80006c1a (0xbe2ce1b7) x3  0xbe2ce000
core   0: 0x80006c1e (0x00000001) c.nop
core   0: 3 0x80006c1e (0x0001)
core   0: 0x80006c20 (0x032c6863) bltu    s8, s2, pc + 48
core   0: 3 0x80006c20 (0x032c6863)
core   0: 0x80006c50 (0x00008d09) c.sub   a0, a0
core   0: 3 0x80006c50 (0x8d09) x10 0x00000000
core   0: 0x80006c52 (0x00008735) c.srai  a4, 13
core   0: 3 0x80006c52 (0x8735) x14 0x00000000
core   0: 0x80006c54 (0x413bdd93) srai    s11, s7, 19
core   0: 3 0x80006c54 (0x413bdd93) x27 0x00000000
core   0: 0x80006c58 (0x00000001) c.nop
core   0: 3 0x80006c58 (0x0001)
core   0: 0x80006c5a (0x03fbbab3) mulhu   s5, s7, t6
core   0: 3 0x80006c5a (0x03fbbab3) x21 0x00000000
core   0: 0x80006c5e (0x00008cbd) c.xor   s1, a5
core   0: 3 0x80006c5e (0x8cbd) x9  0x00021e46
core   0: 0x80006c60 (0x00008789) c.srai  a5, 2
core   0: 3 0x80006c60 (0x8789) x15 0x00000013
core   0: 0x80006c62 (0x00000001) c.nop
core   0: 3 0x80006c62 (0x0001)
core   0: 0x80006c64 (0xf8a82317) auipc   t1, 0xf8a82
core   0: 3 0x80006c64 (0xf8a82317) x6  0x78a88c64
core   0: 0x80006c68 (0x000081dd) c.srli  a1, 23
core   0: 3 0x80006c68 (0x81dd) x11 0x00000000
core   0: 0x80006c6a (0x00000001) c.nop
core   0: 3 0x80006c6a (0x0001)
core   0: 0x80006c6c (0x76b6ab13) slti    s6, a3, 1899
core   0: 3 0x80006c6c (0x76b6ab13) x22 0x00000001
core   0: 0x80006c70 (0x0163fa63) bgeu    t2, s6, pc + 20
core   0: 3 0x80006c70 (0x0163fa63)
core   0: 0x80006c84 (0x029d6633) rem     a2, s10, s1
core   0: 3 0x80006c84 (0x029d6633) x12 0x00000000
core   0: 0x80006c88 (0x41790eb3) sub     t4, s2, s7
core   0: 3 0x80006c88 (0x41790eb3) x29 0x2236f000
core   0: 0x80006c8c (0xbde7f793) andi    a5, a5, -1058
core   0: 3 0x80006c8c (0xbde7f793) x15 0x00000012
core   0: 0x80006c90 (0x01794663) blt     s2, s7, pc + 12
core   0: 3 0x80006c90 (0x01794663)
core   0: 0x80006c94 (0x9a5db193) sltiu   gp, s11, -1627
core   0: 3 0x80006c94 (0x9a5db193) x3  0x00000001
core   0: 0x80006c98 (0x307dc093) xori    ra, s11, 775
core   0: 3 0x80006c98 (0x307dc093) x1  0x00000307
core   0: 0x80006c9c (0xa0dc8393) addi    t2, s9, -1523
core   0: 3 0x80006c9c (0xa0dc8393) x7  0xfffffa0d
core   0: 0x80006ca0 (0x41155913) srai    s2, a0, 17
core   0: 3 0x80006ca0 (0x41155913) x18 0x00000000
core   0: 0x80006ca4 (0x00ccdb13) srli    s6, s9, 12
core   0: 3 0x80006ca4 (0x00ccdb13) x22 0x00000000
core   0: 0x80006ca8 (0x8c3fd637) lui     a2, 0x8c3fd
core   0: 3 0x80006ca8 (0x8c3fd637) x12 0x8c3fd000
core   0: 0x80006cac (0x00008de9) c.and   a1, a0
core   0: 3 0x80006cac (0x8de9) x11 0x00000000
core   0: 0x80006cae (0x03539633) mulh    a2, t2, s5
core   0: 3 0x80006cae (0x03539633) x12 0x00000000
core   0: 0x80006cb2 (0x000001d9) c.addi  gp, 22
core   0: 3 0x80006cb2 (0x01d9) x3  0x00000017
core   0: 0x80006cb4 (0x00000001) c.nop
core   0: 3 0x80006cb4 (0x0001)
core   0: 0x80006cb6 (0x02c79933) mulh    s2, a5, a2
core   0: 3 0x80006cb6 (0x02c79933) x18 0x00000000
core   0: 0x80006cba (0x418cd013) srai    zero, s9, 24
core   0: 3 0x80006cba (0x418cd013)
core   0: 0x80006cbe (0x033a0633) mul     a2, s4, s3
core   0: 3 0x80006cbe (0x033a0633) x12 0x868b7724
core   0: 0x80006cc2 (0xeb8ac193) xori    gp, s5, -328
core   0: 3 0x80006cc2 (0xeb8ac193) x3  0xfffffeb8
core   0: 0x80006cc6 (0x3522ca13) xori    s4, t0, 850
core   0: 3 0x80006cc6 (0x3522ca13) x20 0x7ca3d352
core   0: 0x80006cca (0x03a9d0b3) divu    ra, s3, s10
core   0: 3 0x80006cca (0x03a9d0b3) x1  0xffffffff
core   0: 0x80006cce (0x00008c61) c.and   s0, s0
core   0: 3 0x80006cce (0x8c61) x8  0x00000000
core   0: 0x80006cd0 (0x02227933) remu    s2, tp, sp
core   0: 3 0x80006cd0 (0x02227933) x18 0x00000001
core   0: 0x80006cd4 (0xd090fd97) auipc   s11, 0xd090f
core   0: 3 0x80006cd4 (0xd090fd97) x27 0x50915cd4
core   0: 0x80006cd8 (0x0000ed89) c.bnez  a1, pc + 26
core   0: 3 0x80006cd8 (0xed89)
core   0: 0x80006cda (0x00008d51) c.or    a0, a2
core   0: 3 0x80006cda (0x8d51) x10 0x868b7724
core   0: 0x80006cdc (0x00008d31) c.xor   a0, a2
core   0: 3 0x80006cdc (0x8d31) x10 0x00000000
core   0: 0x80006cde (0x0000e401) c.bnez  s0, pc + 8
core   0: 3 0x80006cde (0xe401)
core   0: 0x80006ce0 (0x00001610) c.addi4spn a2, sp, 800
core   0: 3 0x80006ce0 (0x1610) x12 0x0000039f
core   0: 0x80006ce2 (0x02b92fb3) mulhsu  t6, s2, a1
core   0: 3 0x80006ce2 (0x02b92fb3) x31 0x00000000
core   0: 0x80006ce6 (0x004d9e13) slli    t3, s11, 4
core   0: 3 0x80006ce6 (0x004d9e13) x28 0x0915cd40
core   0: 0x80006cea (0x00008815) c.andi  s0, 5
core   0: 3 0x80006cea (0x8815) x8  0x00000000
core   0: 0x80006cec (0x02498063) beq     s3, tp, pc + 32
core   0: 3 0x80006cec (0x02498063)
core   0: 0x80006cf0 (0x00008f99) c.sub   a5, a4
core   0: 3 0x80006cf0 (0x8f99) x15 0x00000012
core   0: 0x80006cf2 (0xe9b34493) xori    s1, t1, -357
core   0: 3 0x80006cf2 (0xe9b34493) x9  0x875772ff
core   0: 0x80006cf6 (0x0050c7b3) xor     a5, ra, t0
core   0: 3 0x80006cf6 (0x0050c7b3) x15 0x835c2fff
core   0: 0x80006cfa (0x038b64b3) rem     s1, s6, s8
core   0: 3 0x80006cfa (0x038b64b3) x9  0x00000000
core   0: 0x80006cfe (0x01e58733) add     a4, a1, t5
core   0: 3 0x80006cfe (0x01e58733) x14 0x80025ea4
core   0: 0x80006d02 (0xfac80113) addi    sp, a6, -84
core   0: 3 0x80006d02 (0xfac80113) x2  0x5b4bc172
core   0: 0x80006d06 (0x00000001) c.nop
core   0: 3 0x80006d06 (0x0001)
core   0: 0x80006d08 (0x9f4b6413) ori     s0, s6, -1548
core   0: 3 0x80006d08 (0x9f4b6413) x8  0xfffff9f4
core   0: 0x80006d0c (0x8d348917) auipc   s2, 0x8d348
core   0: 3 0x80006d0c (0x8d348917) x18 0x0d34ed0c
core   0: 0x80006d10 (0x00008da9) c.xor   a1, a0
core   0: 3 0x80006d10 (0x8da9) x11 0x00000000
core   0: 0x80006d12 (0x0298c7b3) div     a5, a7, s1
core   0: 3 0x80006d12 (0x0298c7b3) x15 0xffffffff
core   0: 0x80006d16 (0x000099fd) c.andi  a1, -1
core   0: 3 0x80006d16 (0x99fd) x11 0x00000000
core   0: 0x80006d18 (0x02c12c33) mulhsu  s8, sp, a2
core   0: 3 0x80006d18 (0x02c12c33) x24 0x0000014a
core   0: 0x80006d1c (0x0000813d) c.srli  a0, 15
core   0: 3 0x80006d1c (0x813d) x10 0x00000000
core   0: 0x80006d1e (0x00008b12) c.mv    s6, tp
core   0: 3 0x80006d1e (0x8b12) x22 0x00000001
core   0: 0x80006d20 (0xb0bace13) xori    t3, s5, -1269
core   0: 3 0x80006d20 (0xb0bace13) x28 0xfffffb0b
core   0: 0x80006d24 (0x00227763) bgeu    tp, sp, pc + 14
core   0: 3 0x80006d24 (0x00227763)
core   0: 0x80006d28 (0x01c96233) or      tp, s2, t3
core   0: 3 0x80006d28 (0x01c96233) x4  0xffffff0f
core   0: 0x80006d2c (0x0000843a) c.mv    s0, a4
core   0: 3 0x80006d2c (0x843a) x8  0x80025ea4
core   0: 0x80006d2e (0x01b9f0b3) and     ra, s3, s11
core   0: 3 0x80006d2e (0x01b9f0b3) x1  0x00001c04
core   0: 0x80006d32 (0x0187ffb3) and     t6, a5, s8
core   0: 3 0x80006d32 (0x0187ffb3) x31 0x0000014a
core   0: 0x80006d36 (0xa27fc213) xori    tp, t6, -1497
core   0: 3 0x80006d36 (0xa27fc213) x4  0xfffffb6d
core   0: 0x80006d3a (0x01fe26b3) slt     a3, t3, t6
core   0: 3 0x80006d3a (0x01fe26b3) x13 0x00000001
core   0: 0x80006d3e (0x029f44b3) div     s1, t5, s1
core   0: 3 0x80006d3e (0x029f44b3) x9  0xffffffff
core   0: 0x80006d42 (0x0378eb63) bltu    a7, s7, pc + 54
core   0: 3 0x80006d42 (0x0378eb63)
core   0: 0x80006d46 (0x02e75d33) divu    s10, a4, a4
core   0: 3 0x80006d46 (0x02e75d33) x26 0x00000001
core   0: 0x80006d4a (0x1beb2693) slti    a3, s6, 446
core   0: 3 0x80006d4a (0x1beb2693) x13 0x00000001
core   0: 0x80006d4e (0x41800433) sub     s0, zero, s8
core   0: 3 0x80006d4e (0x41800433) x8  0xfffffeb6
core   0: 0x80006d52 (0x03bb2133) mulhsu  sp, s6, s11
core   0: 3 0x80006d52 (0x03bb2133) x2  0x00000000
core   0: 0x80006d56 (0x01b19693) slli    a3, gp, 27
core   0: 3 0x80006d56 (0x01b19693) x13 0xc0000000
core   0: 0x80006d5a (0x00e91a13) slli    s4, s2, 14
core   0: 3 0x80006d5a (0x00e91a13) x20 0x3b430000
core   0: 0x80006d5e (0x04d88163) beq     a7, a3, pc + 66
core   0: 3 0x80006d5e (0x04d88163)
core   0: 0x80006d62 (0x0123c533) xor     a0, t2, s2
core   0: 3 0x80006d62 (0x0123c533) x10 0xf2cb1701
core   0: 0x80006d66 (0x00008dd1) c.or    a1, a2
core   0: 3 0x80006d66 (0x8dd1) x11 0x0000039f
core   0: 0x80006d68 (0x03584863) blt     a6, s5, pc + 48
core   0: 3 0x80006d68 (0x03584863)
core   0: 0x80006d6c (0x477c5317) auipc   t1, 0x477c5
core   0: 3 0x80006d6c (0x477c5317) x6  0xc77cbd6c
core   0: 0x80006d70 (0x011f6263) bltu    t5, a7, pc + 4
core   0: 3 0x80006d70 (0x011f6263)
core   0: 0x80006d74 (0x0091fd33) and     s10, gp, s1
core   0: 3 0x80006d74 (0x0091fd33) x26 0xfffffeb8
core   0: 0x80006d78 (0x41e18933) sub     s2, gp, t5
core   0: 3 0x80006d78 (0x41e18933) x18 0x7ffda014
core   0: 0x80006d7c (0x01858733) add     a4, a1, s8
core   0: 3 0x80006d7c (0x01858733) x14 0x000004e9
core   0: 0x80006d80 (0x00008fbd) c.xor   a5, a5
core   0: 3 0x80006d80 (0x8fbd) x15 0x00000000
core   0: 0x80006d82 (0x011c6963) bltu    s8, a7, pc + 18
core   0: 3 0x80006d82 (0x011c6963)
core   0: 0x80006d94 (0x3122a293) slti    t0, t0, 786
core   0: 3 0x80006d94 (0x3122a293) x5  0x00000000
core   0: 0x80006d98 (0x019122b3) slt     t0, sp, s9
core   0: 3 0x80006d98 (0x019122b3) x5  0x00000000
core   0: 0x80006d9c (0xf4944513) xori    a0, s0, -183
core   0: 3 0x80006d9c (0xf4944513) x10 0x000001ff
core   0: 0x80006da0 (0x00008f55) c.or    a4, a3
core   0: 3 0x80006da0 (0x8f55) x14 0xc00004e9
core   0: 0x80006da2 (0x0313d763) bge     t2, a7, pc + 46
core   0: 3 0x80006da2 (0x0313d763)
core   0: 0x80006da6 (0x4163d613) srai    a2, t2, 22
core   0: 3 0x80006da6 (0x4163d613) x12 0xffffffff
core   0: 0x80006daa (0x024e9c33) mulh    s8, t4, tp
core   0: 3 0x80006daa (0x024e9c33) x24 0xffffff63
core   0: 0x80006dae (0x03a01bb3) mulh    s7, zero, s10
core   0: 3 0x80006dae (0x03a01bb3) x23 0x00000000
core   0: 0x80006db2 (0x05c07493) andi    s1, zero, 92
core   0: 3 0x80006db2 (0x05c07493) x9  0x00000000
core   0: 0x80006db6 (0x00000001) c.nop
core   0: 3 0x80006db6 (0x0001)
core   0: 0x80006db8 (0x9d7ad8b7) lui     a7, 0x9d7ad
core   0: 3 0x80006db8 (0x9d7ad8b7) x17 0x9d7ad000
core   0: 0x80006dbc (0x00519013) slli    zero, gp, 5
core   0: 3 0x80006dbc (0x00519013)
core   0: 0x80006dc0 (0x000098f6) c.add   a7, t4
core   0: 3 0x80006dc0 (0x98f6) x17 0xbfb1c000
core   0: 0x80006dc2 (0x02fb6563) bltu    s6, a5, pc + 42
core   0: 3 0x80006dc2 (0x02fb6563)
core   0: 0x80006dc6 (0x00e28433) add     s0, t0, a4
core   0: 3 0x80006dc6 (0x00e28433) x8  0xc00004e9
core   0: 0x80006dca (0x0098de13) srli    t3, a7, 9
core   0: 3 0x80006dca (0x0098de13) x28 0x005fd8e0
core   0: 0x80006dce (0x00008e51) c.or    a2, a2
core   0: 3 0x80006dce (0x8e51) x12 0xffffffff
core   0: 0x80006dd0 (0x004b9f93) slli    t6, s7, 4
core   0: 3 0x80006dd0 (0x004b9f93) x31 0x00000000
core   0: 0x80006dd4 (0x00309233) sll     tp, ra, gp
core   0: 3 0x80006dd4 (0x00309233) x4  0x04000000
core   0: 0x80006dd8 (0xcbf3c117) auipc   sp, 0xcbf3c
core   0: 3 0x80006dd8 (0xcbf3c117) x2  0x4bf42dd8
core   0: 0x80006ddc (0x00008d69) c.and   a0, a0
core   0: 3 0x80006ddc (0x8d69) x10 0x000001ff
core   0: 0x80006dde (0x00000001) c.nop
core   0: 3 0x80006dde (0x0001)
core   0: 0x80006de0 (0x025f22b3) mulhsu  t0, t5, t0
core   0: 3 0x80006de0 (0x025f22b3) x5  0x00000000
core   0: 0x80006de4 (0x0085acb3) slt     s9, a1, s0
core   0: 3 0x80006de4 (0x0085acb3) x25 0x00000000
core   0: 0x80006de8 (0x56c88593) addi    a1, a7, 1388
core   0: 3 0x80006de8 (0x56c88593) x11 0xbfb1c56c
core   0: 0x80006dec (0x01402db3) slt     s11, zero, s4
core   0: 3 0x80006dec (0x01402db3) x27 0x00000001
core   0: 0x80006df0 (0xc9b97593) andi    a1, s2, -869
core   0: 3 0x80006df0 (0xc9b97593) x11 0x7ffda010
core   0: 0x80006df4 (0x40905fb3) sra     t6, zero, s1
core   0: 3 0x80006df4 (0x40905fb3) x31 0x00000000
core   0: 0x80006df8 (0x00c1d633) srl     a2, gp, a2
core   0: 3 0x80006df8 (0x00c1d633) x12 0x00000001
core   0: 0x80006dfc (0xb19ffe13) andi    t3, t6, -1255
core   0: 3 0x80006dfc (0xb19ffe13) x28 0x00000000
core   0: 0x80006e00 (0x00009bfd) c.andi  a5, -1
core   0: 3 0x80006e00 (0x9bfd) x15 0x00000000
core   0: 0x80006e02 (0x01605eb3) srl     t4, zero, s6
core   0: 3 0x80006e02 (0x01605eb3) x29 0x00000000
core   0: 0x80006e06 (0x036d0433) mul     s0, s10, s6
core   0: 3 0x80006e06 (0x036d0433) x8  0xfffffeb8
core   0: 0x80006e0a (0x00265133) srl     sp, a2, sp
core   0: 3 0x80006e0a (0x00265133) x2  0x00000000
core   0: 0x80006e0e (0x023073b3) remu    t2, zero, gp
core   0: 3 0x80006e0e (0x023073b3) x7  0x00000000
core   0: 0x80006e12 (0x02688f63) beq     a7, t1, pc + 62
core   0: 3 0x80006e12 (0x02688f63)
core   0: 0x80006e16 (0x030fac33) mulhsu  s8, t6, a6
core   0: 3 0x80006e16 (0x030fac33) x24 0x00000000
core   0: 0x80006e1a (0x00009c5a) c.add   s8, s6
core   0: 3 0x80006e1a (0x9c5a) x24 0x00000001
core   0: 0x80006e1c (0x003e9bb3) sll     s7, t4, gp
core   0: 3 0x80006e1c (0x003e9bb3) x23 0x00000000
core   0: 0x80006e20 (0x15a23437) lui     s0, 0x15a23
core   0: 3 0x80006e20 (0x15a23437) x8  0x15a23000
core   0: 0x80006e24 (0x00009e62) c.add   t3, s8
core   0: 3 0x80006e24 (0x9e62) x28 0x00000001
core   0: 0x80006e26 (0x001c5fb3) srl     t6, s8, ra
core   0: 3 0x80006e26 (0x001c5fb3) x31 0x00000000
core   0: 0x80006e2a (0x03bb6663) bltu    s6, s11, pc + 44
core   0: 3 0x80006e2a (0x03bb6663)
core   0: 0x80006e2e (0x008a4463) blt     s4, s0, pc + 8
core   0: 3 0x80006e2e (0x008a4463)
core   0: 0x80006e32 (0x020b5163) bgez    s6, pc + 34
core   0: 3 0x80006e32 (0x020b5163)
core   0: 0x80006e54 (0x000085ae) c.mv    a1, a1
core   0: 3 0x80006e54 (0x85ae) x11 0x7ffda010
core   0: 0x80006e56 (0x0000717d) c.addi16sp sp, -16
core   0: 3 0x80006e56 (0x717d) x2  0xfffffff0
core   0: 0x80006e58 (0x00374e63) blt     a4, gp, pc + 28
core   0: 3 0x80006e58 (0x00374e63)
core   0: 0x80006e74 (0x00008e9d) c.sub   a3, a5
core   0: 3 0x80006e74 (0x8e9d) x13 0xc0000000
core   0: 0x80006e76 (0x02b8c333) div     t1, a7, a1
core   0: 3 0x80006e76 (0x02b8c333) x6  0x00000000
core   0: 0x80006e7a (0x0000c511) c.beqz  a0, pc + 12
core   0: 3 0x80006e7a (0xc511)
core   0: 0x80006e7c (0x00009a26) c.add   s4, s1
core   0: 3 0x80006e7c (0x9a26) x20 0x3b430000
core   0: 0x80006e7e (0x40b25e33) sra     t3, tp, a1
core   0: 3 0x80006e7e (0x40b25e33) x28 0x00000400
core   0: 0x80006e82 (0x001cf633) and     a2, s9, ra
core   0: 3 0x80006e82 (0x001cf633) x12 0x00000000
core   0: 0x80006e86 (0x00000001) c.nop
core   0: 3 0x80006e86 (0x0001)
core   0: 0x80006e88 (0x41600033) sub     zero, zero, s6
core   0: 3 0x80006e88 (0x41600033)
core   0: 0x80006e8c (0x000a5493) srli    s1, s4, 0
core   0: 3 0x80006e8c (0x000a5493) x9  0x3b430000
core   0: 0x80006e90 (0x0000987d) c.andi  s0, -1
core   0: 3 0x80006e90 (0x987d) x8  0x15a23000
core   0: 0x80006e92 (0x00008d55) c.or    a0, a3
core   0: 3 0x80006e92 (0x8d55) x10 0xc00001ff
core   0: 0x80006e94 (0x43172d37) lui     s10, 0x43172
core   0: 3 0x80006e94 (0x43172d37) x26 0x43172000
core   0: 0x80006e98 (0x03bd4eb3) div     t4, s10, s11
core   0: 3 0x80006e98 (0x03bd4eb3) x29 0x43172000
core   0: 0x80006e9c (0x00000caa) c.slli  s9, 10
core   0: 3 0x80006e9c (0x0caa) x25 0x00000000
core   0: 0x80006e9e (0x0183ed33) or      s10, t2, s8
core   0: 3 0x80006e9e (0x0183ed33) x26 0x00000001
core   0: 0x80006ea2 (0x01d2ec33) or      s8, t0, t4
core   0: 3 0x80006ea2 (0x01d2ec33) x24 0x43172000
core   0: 0x80006ea6 (0x0000873d) c.srai  a4, 15
core   0: 3 0x80006ea6 (0x873d) x14 0xffff8000
core   0: 0x80006ea8 (0x0000866a) c.mv    a2, s10
core   0: 3 0x80006ea8 (0x866a) x12 0x00000001
core   0: 0x80006eaa (0x000098fd) c.andi  s1, -1
core   0: 3 0x80006eaa (0x98fd) x9  0x3b430000
core   0: 0x80006eac (0x00008fd5) c.or    a5, a3
core   0: 3 0x80006eac (0x8fd5) x15 0xc0000000
core   0: 0x80006eae (0x007c8133) add     sp, s9, t2
core   0: 3 0x80006eae (0x007c8133) x2  0x00000000
core   0: 0x80006eb2 (0x01603133) snez    sp, s6
core   0: 3 0x80006eb2 (0x01603133) x2  0x00000001
core   0: 0x80006eb6 (0x019dccb3) xor     s9, s11, s9
core   0: 3 0x80006eb6 (0x019dccb3) x25 0x00000001
core   0: 0x80006eba (0x000089d9) c.andi  a1, 22
core   0: 3 0x80006eba (0x89d9) x11 0x00000010
core   0: 0x80006ebc (0xd341a113) slti    sp, gp, -716
core   0: 3 0x80006ebc (0xd341a113) x2  0x00000000
core   0: 0x80006ec0 (0x00fba533) slt     a0, s7, a5
core   0: 3 0x80006ec0 (0x00fba533) x10 0x00000000
core   0: 0x80006ec4 (0x00008e75) c.and   a2, a3
core   0: 3 0x80006ec4 (0x8e75) x12 0x00000000
core   0: 0x80006ec6 (0xb6da0113) addi    sp, s4, -1171
core   0: 3 0x80006ec6 (0xb6da0113) x2  0x3b42fb6d
core   0: 0x80006eca (0x0148d563) bge     a7, s4, pc + 10
core   0: 3 0x80006eca (0x0148d563)
core   0: 0x80006ece (0x033a2933) mulhsu  s2, s4, s3
core   0: 3 0x80006ece (0x033a2933) x18 0x1da21ae6
core   0: 0x80006ed2 (0x00000001) c.nop
core   0: 3 0x80006ed2 (0x0001)
core   0: 0x80006ed4 (0x00006add) c.lui   s5, 0x17
core   0: 3 0x80006ed4 (0x6add) x21 0x00017000
core   0: 0x80006ed6 (0x010770b3) and     ra, a4, a6
core   0: 3 0x80006ed6 (0x010770b3) x1  0x5b4b8000
core   0: 0x80006eda (0x01d36bb3) or      s7, t1, t4
core   0: 3 0x80006eda (0x01d36bb3) x23 0x43172000
core   0: 0x80006ede (0x0119de13) srli    t3, s3, 17
core   0: 3 0x80006ede (0x0119de13) x28 0x00004001
core   0: 0x80006ee2 (0x00009d32) c.add   s10, a2
core   0: 3 0x80006ee2 (0x9d32) x26 0x00000001
core   0: 0x80006ee4 (0x000052fd) c.li    t0, -1
core   0: 3 0x80006ee4 (0x52fd) x5  0xffffffff
core   0: 0x80006ee6 (0x000085ce) c.mv    a1, s3
core   0: 3 0x80006ee6 (0x85ce) x11 0x80029d24
core   0: 0x80006ee8 (0x0004ce33) xor     t3, s1, zero
core   0: 3 0x80006ee8 (0x0004ce33) x28 0x3b430000
core   0: 0x80006eec (0x00bb4e33) xor     t3, s6, a1
core   0: 3 0x80006eec (0x00bb4e33) x28 0x80029d25
core   0: 0x80006ef0 (0x67ad8193) addi    gp, s11, 1658
core   0: 3 0x80006ef0 (0x67ad8193) x3  0x0000067b
core   0: 0x80006ef4 (0x00ab4133) xor     sp, s6, a0
core   0: 3 0x80006ef4 (0x00ab4133) x2  0x00000001
core   0: 0x80006ef8 (0x25c79e37) lui     t3, 0x25c79
core   0: 3 0x80006ef8 (0x25c79e37) x28 0x25c79000
core   0: 0x80006efc (0x4e69db37) lui     s6, 0x4e69d
core   0: 3 0x80006efc (0x4e69db37) x22 0x4e69d000
core   0: 0x80006f00 (0x03a26ab3) rem     s5, tp, s10
core   0: 3 0x80006f00 (0x03a26ab3) x21 0x00000000
core   0: 0x80006f04 (0x03cb0b33) mul     s6, s6, t3
core   0: 3 0x80006f04 (0x03cb0b33) x22 0x35000000
core   0: 0x80006f08 (0x41fdd493) srai    s1, s11, 31
core   0: 3 0x80006f08 (0x41fdd493) x9  0x00000000
core   0: 0x80006f0c (0x00769bb3) sll     s7, a3, t2
core   0: 3 0x80006f0c (0x00769bb3) x23 0xc0000000
core   0: 0x80006f10 (0x000055fd) c.li    a1, -1
core   0: 3 0x80006f10 (0x55fd) x11 0xffffffff
core   0: 0x80006f12 (0x02478433) mul     s0, a5, tp
core   0: 3 0x80006f12 (0x02478433) x8  0x00000000
core   0: 0x80006f16 (0x00aeda13) srli    s4, t4, 10
core   0: 3 0x80006f16 (0x00aeda13) x20 0x0010c5c8
core   0: 0x80006f1a (0x02a4e463) bltu    s1, a0, pc + 40
core   0: 3 0x80006f1a (0x02a4e463)
core   0: 0x80006f1e (0x00529e93) slli    t4, t0, 5
core   0: 3 0x80006f1e (0x00529e93) x29 0xffffffe0
core   0: 0x80006f22 (0x00000df2) c.slli  s11, 28
core   0: 3 0x80006f22 (0x0df2) x27 0x10000000
core   0: 0x80006f24 (0x00000f84) c.addi4spn s1, sp, 976
core   0: 3 0x80006f24 (0x0f84) x9  0x000003d1
core   0: 0x80006f26 (0x2be92e93) slti    t4, s2, 702
core   0: 3 0x80006f26 (0x2be92e93) x29 0x00000000
core   0: 0x80006f2a (0x5e1bc697) auipc   a3, 0x5e1bc
core   0: 3 0x80006f2a (0x5e1bc697) x13 0xde1c2f2a
core   0: 0x80006f2e (0x0049fa33) and     s4, s3, tp
core   0: 3 0x80006f2e (0x0049fa33) x20 0x00000000
core   0: 0x80006f32 (0x00008a79) c.andi  a2, 30
core   0: 3 0x80006f32 (0x8a79) x12 0x00000000
core   0: 0x80006f34 (0x00cddab3) srl     s5, s11, a2
core   0: 3 0x80006f34 (0x00cddab3) x21 0x10000000
core   0: 0x80006f38 (0x01995913) srli    s2, s2, 25
core   0: 3 0x80006f38 (0x01995913) x18 0x0000000e
core   0: 0x80006f3c (0x0000937e) c.add   t1, t6
core   0: 3 0x80006f3c (0x937e) x6  0x00000000
core   0: 0x80006f3e (0x4131dab3) sra     s5, gp, s3
core   0: 3 0x80006f3e (0x4131dab3) x21 0x00000067
core   0: 0x80006f42 (0x03e23733) mulhu   a4, tp, t5
core   0: 3 0x80006f42 (0x03e23733) x14 0x0200097a
core   0: 0x80006f46 (0x009f6eb3) or      t4, t5, s1
core   0: 3 0x80006f46 (0x009f6eb3) x29 0x80025ff5
core   0: 0x80006f4a (0x00008972) c.mv    s2, t3
core   0: 3 0x80006f4a (0x8972) x18 0x25c79000
core   0: 0x80006f4c (0x000085a5) c.srai  a1, 9
core   0: 3 0x80006f4c (0x85a5) x11 0xffffffff
core   0: 0x80006f4e (0x005be433) or      s0, s7, t0
core   0: 3 0x80006f4e (0x005be433) x8  0xffffffff
core   0: 0x80006f52 (0xf7f46c93) ori     s9, s0, -129
core   0: 3 0x80006f52 (0xf7f46c93) x25 0xffffffff
core   0: 0x80006f56 (0x01755f63) bge     a0, s7, pc + 30
core   0: 3 0x80006f56 (0x01755f63)
core   0: 0x80006f74 (0x0000c109) c.beqz  a0, pc + 2
core   0: 3 0x80006f74 (0xc109)
core   0: 0x80006f76 (0xd9666793) ori     a5, a2, -618
core   0: 3 0x80006f76 (0xd9666793) x15 0xfffffd96
core   0: 0x80006f7a (0x0319c4b3) div     s1, s3, a7
core   0: 3 0x80006f7a (0x0319c4b3) x9  0x00000001
core   0: 0x80006f7e (0x00001efd) c.addi  t4, -1
core   0: 3 0x80006f7e (0x1efd) x29 0x80025ff4
core   0: 0x80006f80 (0x02ad6db3) rem     s11, s10, a0
core   0: 3 0x80006f80 (0x02ad6db3) x27 0x00000001
core   0: 0x80006f84 (0x00008385) c.srli  a5, 1
core   0: 3 0x80006f84 (0x8385) x15 0x7ffffecb
core   0: 0x80006f86 (0x00000b00) c.addi4spn s0, sp, 400
core   0: 3 0x80006f86 (0x0b00) x8  0x00000191
core   0: 0x80006f88 (0x002d4b63) blt     s10, sp, pc + 22
core   0: 3 0x80006f88 (0x002d4b63)
core   0: 0x80006f8c (0x00008f11) c.sub   a4, a2
core   0: 3 0x80006f8c (0x8f11) x14 0x0200097a
core   0: 0x80006f8e (0x008afb63) bgeu    s5, s0, pc + 22
core   0: 3 0x80006f8e (0x008afb63)
core   0: 0x80006f92 (0x71854113) xori    sp, a0, 1816
core   0: 3 0x80006f92 (0x71854113) x2  0x00000718
core   0: 0x80006f96 (0x01ace763) bltu    s9, s10, pc + 14
core   0: 3 0x80006f96 (0x01ace763)
core   0: 0x80006f9a (0xa2f49d17) auipc   s10, 0xa2f49
core   0: 3 0x80006f9a (0xa2f49d17) x26 0x22f4ff9a
core   0: 0x80006f9e (0x00008495) c.srai  s1, 5
core   0: 3 0x80006f9e (0x8495) x9  0x00000000
core   0: 0x80006fa0 (0x03997633) remu    a2, s2, s9
core   0: 3 0x80006fa0 (0x03997633) x12 0x25c79000
core   0: 0x80006fa4 (0x0000841d) c.srai  s0, 7
core   0: 3 0x80006fa4 (0x841d) x8  0x00000003
core   0: 0x80006fa6 (0x014734b3) sltu    s1, a4, s4
core   0: 3 0x80006fa6 (0x014734b3) x9  0x00000000
core   0: 0x80006faa (0x0061fe63) bgeu    gp, t1, pc + 28
core   0: 3 0x80006faa (0x0061fe63)
core   0: 0x80006fc6 (0x008b1733) sll     a4, s6, s0
core   0: 3 0x80006fc6 (0x008b1733) x14 0xa8000000
core   0: 0x80006fca (0xd8897393) andi    t2, s2, -632
core   0: 3 0x80006fca (0xd8897393) x7  0x25c79000
core   0: 0x80006fce (0x40390633) sub     a2, s2, gp
core   0: 3 0x80006fce (0x40390633) x12 0x25c78985
core   0: 0x80006fd2 (0x00008dc9) c.or    a1, a0
core   0: 3 0x80006fd2 (0x8dc9) x11 0xffffffff
core   0: 0x80006fd4 (0x016ccfb3) xor     t6, s9, s6
core   0: 3 0x80006fd4 (0x016ccfb3) x31 0xcaffffff
core   0: 0x80006fd8 (0x00775b93) srli    s7, a4, 7
core   0: 3 0x80006fd8 (0x00775b93) x23 0x01500000
core   0: 0x80006fdc (0x00008c35) c.xor   s0, a3
core   0: 3 0x80006fdc (0x8c35) x8  0xde1c2f29
core   0: 0x80006fde (0x01735093) srli    ra, t1, 23
core   0: 3 0x80006fde (0x01735093) x1  0x00000000
core   0: 0x80006fe2 (0x030eda33) divu    s4, t4, a6
core   0: 3 0x80006fe2 (0x030eda33) x20 0x00000001
core   0: 0x80006fe6 (0x00004b4d) c.li    s6, 19
core   0: 3 0x80006fe6 (0x4b4d) x22 0x00000013
core   0: 0x80006fe8 (0x02c17eb3) remu    t4, sp, a2
core   0: 3 0x80006fe8 (0x02c17eb3) x29 0x00000718
core   0: 0x80006fec (0x0321d263) bge     gp, s2, pc + 36
core   0: 3 0x80006fec (0x0321d263)
core   0: 0x80006ff0 (0x009bdfb3) srl     t6, s7, s1
core   0: 3 0x80006ff0 (0x009bdfb3) x31 0x01500000
core   0: 0x80006ff4 (0x00008cd9) c.or    s1, a4
core   0: 3 0x80006ff4 (0x8cd9) x9  0xa8000000
core   0: 0x80006ff6 (0x03bd2733) mulhsu  a4, s10, s11
core   0: 3 0x80006ff6 (0x03bd2733) x14 0x00000000
core   0: 0x80006ffa (0x0000834e) c.mv    t1, s3
core   0: 3 0x80006ffa (0x834e) x6  0x80029d24
core   0: 0x80006ffc (0x03e8ad33) mulhsu  s10, a7, t5
core   0: 3 0x80006ffc (0x03e8ad33) x26 0xdfd8479d
core   0: 0x80007000 (0x00580b63) beq     a6, t0, pc + 22
core   0: 3 0x80007000 (0x00580b63)
core   0: 0x80007004 (0x0346a333) mulhsu  t1, a3, s4
core   0: 3 0x80007004 (0x0346a333) x6  0xffffffff
core   0: 0x80007008 (0x00a293b3) sll     t2, t0, a0
core   0: 3 0x80007008 (0x00a293b3) x7  0xffffffff
core   0: 0x8000700c (0x00641033) sll     zero, s0, t1
core   0: 3 0x8000700c (0x00641033)
core   0: 0x80007010 (0x00008675) c.srai  a2, 29
core   0: 3 0x80007010 (0x8675) x12 0x00000001
core   0: 0x80007012 (0x03f218b3) mulh    a7, tp, t6
core   0: 3 0x80007012 (0x03f218b3) x17 0x00054000
core   0: 0x80007016 (0x03074333) div     t1, a4, a6
core   0: 3 0x80007016 (0x03074333) x6  0x00000000
core   0: 0x8000701a (0xfd5a3b93) sltiu   s7, s4, -43
core   0: 3 0x8000701a (0xfd5a3b93) x23 0x00000001
core   0: 0x8000701e (0x008105b3) add     a1, sp, s0
core   0: 3 0x8000701e (0x008105b3) x11 0xde1c3641
core   0: 0x80007022 (0x000066b1) c.lui   a3, 0xc
core   0: 3 0x80007022 (0x66b1) x13 0x0000c000
core   0: 0x80007024 (0x01341513) slli    a0, s0, 19
core   0: 3 0x80007024 (0x01341513) x10 0x79480000
core   0: 0x80007028 (0x008bceb3) xor     t4, s7, s0
core   0: 3 0x80007028 (0x008bceb3) x29 0xde1c2f28
core   0: 0x8000702c (0x01cee533) or      a0, t4, t3
core   0: 3 0x8000702c (0x01cee533) x10 0xffdfbf28
core   0: 0x80007030 (0x83db7013) andi    zero, s6, -1987
core   0: 3 0x80007030 (0x83db7013)
core   0: 0x80007034 (0x00008591) c.srai  a1, 4
core   0: 3 0x80007034 (0x8591) x11 0xfde1c364
core   0: 0x80007036 (0x0000827e) c.mv    tp, t6
core   0: 3 0x80007036 (0x827e) x4  0x01500000
core   0: 0x80007038 (0x00006119) c.addi16sp sp, 384
core   0: 3 0x80007038 (0x6119) x2  0x00000898
core   0: 0x8000703a (0x01564333) xor     t1, a2, s5
core   0: 3 0x8000703a (0x01564333) x6  0x00000066
core   0: 0x8000703e (0x00008afe) c.mv    s5, t6
core   0: 3 0x8000703e (0x8afe) x21 0x01500000
core   0: 0x80007040 (0x00001c9c) c.addi4spn a5, sp, 624
core   0: 3 0x80007040 (0x1c9c) x15 0x00000b08
core   0: 0x80007042 (0x0000028c) c.addi4spn a1, sp, 320
core   0: 3 0x80007042 (0x028c) x11 0x000009d8
core   0: 0x80007044 (0x0000638d) c.lui   t2, 0x3
core   0: 3 0x80007044 (0x638d) x7  0x00003000
core   0: 0x80007046 (0x000043c1) c.li    t2, 16
core   0: 3 0x80007046 (0x43c1) x7  0x00000010
core   0: 0x80007048 (0x001f3633) sltu    a2, t5, ra
core   0: 3 0x80007048 (0x001f3633) x12 0x00000000
core   0: 0x8000704c (0x00008925) c.andi  a0, 9
core   0: 3 0x8000704c (0x8925) x10 0x00000008
core   0: 0x8000704e (0x0210f163) bgeu    ra, ra, pc + 34
core   0: 3 0x8000704e (0x0210f163)
core   0: 0x80007070 (0x00d405b3) add     a1, s0, a3
core   0: 3 0x80007070 (0x00d405b3) x11 0xde1cef29
core   0: 0x80007074 (0x01158ab3) add     s5, a1, a7
core   0: 3 0x80007074 (0x01158ab3) x21 0xde222f29
core   0: 0x80007078 (0x00008c95) c.sub   s1, a3
core   0: 3 0x80007078 (0x8c95) x9  0xa7ff4000
core   0: 0x8000707a (0x00000001) c.nop
core   0: 3 0x8000707a (0x0001)
core   0: 0x8000707c (0x00aefe33) and     t3, t4, a0
core   0: 3 0x8000707c (0x00aefe33) x28 0x00000008
core   0: 0x80007080 (0x004a5613) srli    a2, s4, 4
core   0: 3 0x80007080 (0x004a5613) x12 0x00000000
core   0: 0x80007084 (0x00008e96) c.mv    t4, t0
core   0: 3 0x80007084 (0x8e96) x29 0xffffffff
core   0: 0x80007086 (0x0000eb0d) c.bnez  a4, pc + 50
core   0: 3 0x80007086 (0xeb0d)
core   0: 0x80007088 (0x00ab9393) slli    t2, s7, 10
core   0: 3 0x80007088 (0x00ab9393) x7  0x00000400
core   0: 0x8000708c (0x7d67ed13) ori     s10, a5, 2006
core   0: 3 0x8000708c (0x7d67ed13) x26 0x00000fde
core   0: 0x80007090 (0x00005efd) c.li    t4, -1
core   0: 3 0x80007090 (0x5efd) x29 0xffffffff
core   0: 0x80007092 (0x029678b3) remu    a7, a2, s1
core   0: 3 0x80007092 (0x029678b3) x17 0x00000000
core   0: 0x80007096 (0x00009fe6) c.add   t6, s9
core   0: 3 0x80007096 (0x9fe6) x31 0x014fffff
core   0: 0x80007098 (0x00005ffd) c.li    t6, -1
core   0: 3 0x80007098 (0x5ffd) x31 0xffffffff
core   0: 0x8000709a (0x015ab933) sltu    s2, s5, s5
core   0: 3 0x8000709a (0x015ab933) x18 0x00000000
core   0: 0x8000709e (0x02c2dd63) bge     t0, a2, pc + 58
core   0: 3 0x8000709e (0x02c2dd63)
core   0: 0x800070a2 (0x00bf5613) srli    a2, t5, 11
core   0: 3 0x800070a2 (0x00bf5613) x12 0x0010004b
core   0: 0x800070a6 (0x02637d63) bgeu    t1, t1, pc + 58
core   0: 3 0x800070a6 (0x02637d63)
core   0: 0x800070e0 (0x00001598) c.addi4spn a4, sp, 736
core   0: 3 0x800070e0 (0x1598) x14 0x00000b78
core   0: 0x800070e2 (0x02182233) mulhsu  tp, a6, ra
core   0: 3 0x800070e2 (0x02182233) x4  0x00000000
core   0: 0x800070e6 (0xc3d65737) lui     a4, 0xc3d65
core   0: 3 0x800070e6 (0xc3d65737) x14 0xc3d65000
core   0: 0x800070ea (0xde1c0393) addi    t2, s8, -543
core   0: 3 0x800070ea (0xde1c0393) x7  0x43171de1
core   0: 0x800070ee (0x0000616d) c.addi16sp sp, 240
core   0: 3 0x800070ee (0x616d) x2  0x00000988
core   0: 0x800070f0 (0x00bde733) or      a4, s11, a1
core   0: 3 0x800070f0 (0x00bde733) x14 0xde1cef29
core   0: 0x800070f4 (0x0000717d) c.addi16sp sp, -16
core   0: 3 0x800070f4 (0x717d) x2  0x00000978
core   0: 0x800070f6 (0x01881613) slli    a2, a6, 24
core   0: 3 0x800070f6 (0x01881613) x12 0xc6000000
core   0: 0x800070fa (0x0087a1b3) slt     gp, a5, s0
core   0: 3 0x800070fa (0x0087a1b3) x3  0x00000000
core   0: 0x800070fe (0x00008c91) c.sub   s1, a2
core   0: 3 0x800070fe (0x8c91) x9  0xe1ff4000
core   0: 0x80007100 (0x00000596) c.slli  a1, 5
core   0: 3 0x80007100 (0x0596) x11 0xc39de520
core   0: 0x80007102 (0x00008d21) c.xor   a0, s0
core   0: 3 0x80007102 (0x8d21) x10 0xde1c2f21
core   0: 0x80007104 (0x00000001) c.nop
core   0: 3 0x80007104 (0x0001)
core   0: 0x80007106 (0x01bbb8b3) sltu    a7, s7, s11
core   0: 3 0x80007106 (0x01bbb8b3) x17 0x00000000
core   0: 0x8000710a (0x7bd60f93) addi    t6, a2, 1981
core   0: 3 0x8000710a (0x7bd60f93) x31 0xc60007bd
core   0: 0x8000710e (0x51dd2793) slti    a5, s10, 1309
core   0: 3 0x8000710e (0x51dd2793) x15 0x00000000
core   0: 0x80007112 (0x035080b3) mul     ra, ra, s5
core   0: 3 0x80007112 (0x035080b3) x1  0x00000000
core   0: 0x80007116 (0x00009786) c.add   a5, ra
core   0: 3 0x80007116 (0x9786) x15 0x00000000
core   0: 0x80007118 (0x0000e891) c.bnez  s1, pc + 20
core   0: 3 0x80007118 (0xe891)
core   0: 0x8000712c (0x02195863) bge     s2, ra, pc + 48
core   0: 3 0x8000712c (0x02195863)
core   0: 0x8000715c (0x000098a6) c.add   a7, s1
core   0: 3 0x8000715c (0x98a6) x17 0xe1ff4000
core   0: 0x8000715e (0x00008cc1) c.or    s1, s0
core   0: 3 0x8000715e (0x8cc1) x9  0xffff6f29
core   0: 0x80007160 (0x00008df5) c.and   a1, a3
core   0: 3 0x80007160 (0x8df5) x11 0x0000c000
core   0: 0x80007162 (0xce78cc13) xori    s8, a7, -793
core   0: 3 0x80007162 (0xce78cc13) x24 0x1e00bce7
core   0: 0x80007166 (0x00b26663) bltu    tp, a1, pc + 12
core   0: 3 0x80007166 (0x00b26663)
core   0: 0x80007172 (0x417a5a93) srai    s5, s4, 23
core   0: 3 0x80007172 (0x417a5a93) x21 0x00000000
core   0: 0x80007176 (0x404bd693) srai    a3, s7, 4
core   0: 3 0x80007176 (0x404bd693) x13 0x00000000
core   0: 0x8000717a (0x000088e2) c.mv    a7, s8
core   0: 3 0x8000717a (0x88e2) x17 0x1e00bce7
core   0: 0x8000717c (0x03299d33) mulh    s10, s3, s2
core   0: 3 0x8000717c (0x03299d33) x26 0x00000000
core   0: 0x80007180 (0x0000717d) c.addi16sp sp, -16
core   0: 3 0x80007180 (0x717d) x2  0x00000968
core   0: 0x80007182 (0x03109033) mulh    zero, ra, a7
core   0: 3 0x80007182 (0x03109033)
core   0: 0x80007186 (0x00000c9e) c.slli  s9, 7
core   0: 3 0x80007186 (0x0c9e) x25 0xffffff80
core   0: 0x80007188 (0x00000b56) c.slli  s6, 21
core   0: 3 0x80007188 (0x0b56) x22 0x02600000
core   0: 0x8000718a (0xb0dbeb93) ori     s7, s7, -1267
core   0: 3 0x8000718a (0xb0dbeb93) x23 0xfffffb0d
core   0: 0x8000718e (0x0000c289) c.beqz  a3, pc + 2
core   0: 3 0x8000718e (0xc289)
core   0: 0x80007190 (0x40717513) andi    a0, sp, 1031
core   0: 3 0x80007190 (0x40717513) x10 0x00000000
core   0: 0x80007194 (0x00009fe6) c.add   t6, s9
core   0: 3 0x80007194 (0x9fe6) x31 0xc600073d
core   0: 0x80007196 (0x003b9d33) sll     s10, s7, gp
core   0: 3 0x80007196 (0x003b9d33) x26 0xfffffb0d
core   0: 0x8000719a (0x01605333) srl     t1, zero, s6
core   0: 3 0x8000719a (0x01605333) x6  0x00000000
core   0: 0x8000719e (0x00008ca1) c.xor   s1, s0
core   0: 3 0x8000719e (0x8ca1) x9  0x21e34000
core   0: 0x800071a0 (0x0190a533) slt     a0, ra, s9
core   0: 3 0x800071a0 (0x0190a533) x10 0x00000000
core   0: 0x800071a4 (0x0116a5b3) slt     a1, a3, a7
core   0: 3 0x800071a4 (0x0116a5b3) x11 0x00000001
core   0: 0x800071a8 (0x00000532) c.slli  a0, 12
core   0: 3 0x800071a8 (0x0532) x10 0x00000000
core   0: 0x800071aa (0x0255fbb3) remu    s7, a1, t0
core   0: 3 0x800071aa (0x0255fbb3) x23 0x00000001
core   0: 0x800071ae (0x0000908e) c.add   ra, gp
core   0: 3 0x800071ae (0x908e) x1  0x00000000
core   0: 0x800071b0 (0x0000eb01) c.bnez  a4, pc + 16
core   0: 3 0x800071b0 (0xeb01)
core   0: 0x800071c0 (0x00008dfd) c.and   a1, a5
core   0: 3 0x800071c0 (0x8dfd) x11 0x00000000
core   0: 0x800071c2 (0x0149d113) srli    sp, s3, 20
core   0: 3 0x800071c2 (0x0149d113) x2  0x00000800
core   0: 0x800071c6 (0x00008035) c.srli  s0, 13
core   0: 3 0x800071c6 (0x8035) x8  0x0006f0e1
core   0: 0x800071c8 (0x03a722b3) mulhsu  t0, a4, s10
core   0: 3 0x800071c8 (0x03a722b3) x5  0xde1cefd0
core   0: 0x800071cc (0x0134d563) bge     s1, s3, pc + 10
core   0: 3 0x800071cc (0x0134d563)
core   0: 0x800071d6 (0x00000001) c.nop
core   0: 3 0x800071d6 (0x0001)
core   0: 0x800071d8 (0x00000dea) c.slli  s11, 26
core   0: 3 0x800071d8 (0x0dea) x27 0x04000000
core   0: 0x800071da (0x00000001) c.nop
core   0: 3 0x800071da (0x0001)
core   0: 0x800071dc (0x033ed233) divu    tp, t4, s3
core   0: 3 0x800071dc (0x033ed233) x4  0x00000001
core   0: 0x800071e0 (0x40da8a33) sub     s4, s5, a3
core   0: 3 0x800071e0 (0x40da8a33) x20 0x00000000
core   0: 0x800071e4 (0x0330a7b3) mulhsu  a5, ra, s3
core   0: 3 0x800071e4 (0x0330a7b3) x15 0x00000000
core   0: 0x800071e8 (0x40d25d93) srai    s11, tp, 13
core   0: 3 0x800071e8 (0x40d25d93) x27 0x00000000
core   0: 0x800071ec (0x00bec233) xor     tp, t4, a1
core   0: 3 0x800071ec (0x00bec233) x4  0xffffffff
core   0: 0x800071f0 (0x5938e897) auipc   a7, 0x5938e
core   0: 3 0x800071f0 (0x5938e897) x17 0xd93951f0
core   0: 0x800071f4 (0x01308f63) beq     ra, s3, pc + 30
core   0: 3 0x800071f4 (0x01308f63)
core   0: 0x800071f8 (0x23ee0313) addi    t1, t3, 574
core   0: 3 0x800071f8 (0x23ee0313) x6  0x00000246
core   0: 0x800071fc (0x0000997d) c.andi  a0, -1
core   0: 3 0x800071fc (0x997d) x10 0x00000000
core   0: 0x800071fe (0x0000e399) c.bnez  a5, pc + 6
core   0: 3 0x800071fe (0xe399)
core   0: 0x80007200 (0x00025c33) srl     s8, tp, zero
core   0: 3 0x80007200 (0x00025c33) x24 0xffffffff
core   0: 0x80007204 (0x000001c5) c.addi  gp, 17
core   0: 3 0x80007204 (0x01c5) x3  0x00000011
core   0: 0x80007206 (0x03e9f2b3) remu    t0, s3, t5
core   0: 3 0x80007206 (0x03e9f2b3) x5  0x00003e80
core   0: 0x8000720a (0x00fac263) blt     s5, a5, pc + 4
core   0: 3 0x8000720a (0x00fac263)
core   0: 0x8000720e (0x02f82433) mulhsu  s0, a6, a5
core   0: 3 0x8000720e (0x02f82433) x8  0x00000000
core   0: 0x80007212 (0x00000001) c.nop
core   0: 3 0x80007212 (0x0001)
core   0: 0x80007214 (0x40fa58b3) sra     a7, s4, a5
core   0: 3 0x80007214 (0x40fa58b3) x17 0x00000000
core   0: 0x80007218 (0x000c9b13) slli    s6, s9, 0
core   0: 3 0x80007218 (0x000c9b13) x22 0xffffff80
core   0: 0x8000721c (0x016fdb63) bge     t6, s6, pc + 22
core   0: 3 0x8000721c (0x016fdb63)
core   0: 0x80007220 (0xe77e5d17) auipc   s10, 0xe77e5
core   0: 3 0x80007220 (0xe77e5d17) x26 0x677ec220
core   0: 0x80007224 (0x020c0763) beqz    s8, pc + 46
core   0: 3 0x80007224 (0x020c0763)
core   0: 0x80007228 (0x00008c25) c.xor   s0, s1
core   0: 3 0x80007228 (0x8c25) x8  0x21e34000
core   0: 0x8000722a (0xa1bc2913) slti    s2, s8, -1509
core   0: 3 0x8000722a (0xa1bc2913) x18 0x00000000
core   0: 0x8000722e (0x0327b6b3) mulhu   a3, a5, s2
core   0: 3 0x8000722e (0x0327b6b3) x13 0x00000000
core   0: 0x80007232 (0x01754963) blt     a0, s7, pc + 18
core   0: 3 0x80007232 (0x01754963)
core   0: 0x80007244 (0xeb3cbe13) sltiu   t3, s9, -333
core   0: 3 0x80007244 (0xeb3cbe13) x28 0x00000000
core   0: 0x80007248 (0x41d65d93) srai    s11, a2, 29
core   0: 3 0x80007248 (0x41d65d93) x27 0xfffffffe
core   0: 0x8000724c (0xac302b37) lui     s6, 0xac302
core   0: 3 0x8000724c (0xac302b37) x22 0xac302000
core   0: 0x80007250 (0x00008abd) c.andi  a3, 15
core   0: 3 0x80007250 (0x8abd) x13 0x00000000
core   0: 0x80007252 (0x02c90263) beq     s2, a2, pc + 36
core   0: 3 0x80007252 (0x02c90263)
core   0: 0x80007256 (0x6bbaca93) xori    s5, s5, 1723
core   0: 3 0x80007256 (0x6bbaca93) x21 0x000006bb
core   0: 0x8000725a (0x0258de33) divu    t3, a7, t0
core   0: 3 0x8000725a (0x0258de33) x28 0x00000000
core   0: 0x8000725e (0x000090a6) c.add   ra, s1
core   0: 3 0x8000725e (0x90a6) x1  0x21e34000
core   0: 0x80007260 (0x40bf5e93) srai    t4, t5, 11
core   0: 3 0x80007260 (0x40bf5e93) x29 0xfff0004b
core   0: 0x80007264 (0x031ef863) bgeu    t4, a7, pc + 48
core   0: 3 0x80007264 (0x031ef863)
core   0: 0x80007294 (0x40ae5193) srai    gp, t3, 10
core   0: 3 0x80007294 (0x40ae5193) x3  0x00000000
core   0: 0x80007298 (0x03e1d5b3) divu    a1, gp, t5
core   0: 3 0x80007298 (0x03e1d5b3) x11 0x00000000
core   0: 0x8000729c (0x00006345) c.lui   t1, 0x11
core   0: 3 0x8000729c (0x6345) x6  0x00011000
core   0: 0x8000729e (0x03926eb3) rem     t4, tp, s9
core   0: 3 0x8000729e (0x03926eb3) x29 0xffffffff
core   0: 0x800072a2 (0x03e56263) bltu    a0, t5, pc + 36
core   0: 3 0x800072a2 (0x03e56263)
core   0: 0x800072c6 (0x40fd04b3) sub     s1, s10, a5
core   0: 3 0x800072c6 (0x40fd04b3) x9  0x677ec220
core   0: 0x800072ca (0x0125e133) or      sp, a1, s2
core   0: 3 0x800072ca (0x0125e133) x2  0x00000000
core   0: 0x800072ce (0x0000717d) c.addi16sp sp, -16
core   0: 3 0x800072ce (0x717d) x2  0xfffffff0
core   0: 0x800072d0 (0x000080a1) c.srli  s1, 8
core   0: 3 0x800072d0 (0x80a1) x9  0x00677ec2
core   0: 0x800072d2 (0x00a15913) srli    s2, sp, 10
core   0: 3 0x800072d2 (0x00a15913) x18 0x003fffff
core   0: 0x800072d6 (0x03127033) remu    zero, tp, a7
core   0: 3 0x800072d6 (0x03127033)
core   0: 0x800072da (0x0328f1b3) remu    gp, a7, s2
core   0: 3 0x800072da (0x0328f1b3) x3  0x00000000
core   0: 0x800072de (0x03210533) mul     a0, sp, s2
core   0: 3 0x800072de (0x03210533) x10 0xfc000010
core   0: 0x800072e2 (0x00875413) srli    s0, a4, 8
core   0: 3 0x800072e2 (0x00875413) x8  0x00de1cef
core   0: 0x800072e6 (0x0179d263) bge     s3, s7, pc + 4
core   0: 3 0x800072e6 (0x0179d263)
core   0: 0x800072ea (0xd113cd93) xori    s11, t2, -751
core   0: 3 0x800072ea (0xd113cd93) x27 0xbce8e0f0
core   0: 0x800072ee (0x0374e633) rem     a2, s1, s7
core   0: 3 0x800072ee (0x0374e633) x12 0x00000000
core   0: 0x800072f2 (0x00008039) c.srli  s0, 14
core   0: 3 0x800072f2 (0x8039) x8  0x00000378
core   0: 0x800072f4 (0x01d75613) srli    a2, a4, 29
core   0: 3 0x800072f4 (0x01d75613) x12 0x00000006
core   0: 0x800072f8 (0x00e3c533) xor     a0, t2, a4
core   0: 3 0x800072f8 (0x00e3c533) x10 0x9d0bf2c8
core   0: 0x800072fc (0x012f5a93) srli    s5, t5, 18
core   0: 3 0x800072fc (0x012f5a93) x21 0x00002000
core   0: 0x80007300 (0x03dd20b3) mulhsu  ra, s10, t4
core   0: 3 0x80007300 (0x03dd20b3) x1  0x677ec21f
core   0: 0x80007304 (0x007e8663) beq     t4, t2, pc + 12
core   0: 3 0x80007304 (0x007e8663)
core   0: 0x80007308 (0x0000013a) c.slli  sp, 14
core   0: 3 0x80007308 (0x013a) x2  0xfffc0000
core   0: 0x8000730a (0x0000027d) c.addi  tp, 31
core   0: 3 0x8000730a (0x027d) x4  0x0000001e
core   0: 0x8000730c (0xee334c93) xori    s9, t1, -285
core   0: 3 0x8000730c (0xee334c93) x25 0xfffeeee3
core   0: 0x80007310 (0x416edfb3) sra     t6, t4, s6
core   0: 3 0x80007310 (0x416edfb3) x31 0xffffffff
core   0: 0x80007314 (0x01fda313) slti    t1, s11, 31
core   0: 3 0x80007314 (0x01fda313) x6  0x00000001
core   0: 0x80007318 (0x00008de1) c.and   a1, s0
core   0: 3 0x80007318 (0x8de1) x11 0x00000000
core   0: 0x8000731a (0x74220693) addi    a3, tp, 1858
core   0: 3 0x8000731a (0x74220693) x13 0x00000760
core   0: 0x8000731e (0x0000cb0d) c.beqz  a4, pc + 50
core   0: 3 0x8000731e (0xcb0d)
core   0: 0x80007320 (0x00000001) c.nop
core   0: 3 0x80007320 (0x0001)
core   0: 0x80007322 (0x47f8a793) slti    a5, a7, 1151
core   0: 3 0x80007322 (0x47f8a793) x15 0x00000001
core   0: 0x80007326 (0x00008f69) c.and   a4, a0
core   0: 3 0x80007326 (0x8f69) x14 0x9c08e208
core   0: 0x80007328 (0x81e50d13) addi    s10, a0, -2018
core   0: 3 0x80007328 (0x81e50d13) x26 0x9d0beae6
core   0: 0x8000732c (0x000010fd) c.addi  ra, -1
core   0: 3 0x8000732c (0x10fd) x1  0x677ec21e
core   0: 0x8000732e (0x01135a63) bge     t1, a7, pc + 20
core   0: 3 0x8000732e (0x01135a63)
core   0: 0x80007342 (0x00000001) c.nop
core   0: 3 0x80007342 (0x0001)
core   0: 0x80007344 (0xe30d3bb7) lui     s7, 0xe30d3
core   0: 3 0x80007344 (0xe30d3bb7) x23 0xe30d3000
core   0: 0x80007348 (0x01a86b63) bltu    a6, s10, pc + 22
core   0: 3 0x80007348 (0x01a86b63)
core   0: 0x8000735e (0x0245b0b3) mulhu   ra, a1, tp
core   0: 3 0x8000735e (0x0245b0b3) x1  0x00000000
core   0: 0x80007362 (0x00001a90) c.addi4spn a2, sp, 368
core   0: 3 0x80007362 (0x1a90) x12 0xfffc0170
core   0: 0x80007364 (0x000087c1) c.srai  a5, 16
core   0: 3 0x80007364 (0x87c1) x15 0x00000000
core   0: 0x80007366 (0x00000001) c.nop
core   0: 3 0x80007366 (0x0001)
core   0: 0x80007368 (0x0000c489) c.beqz  s1, pc + 10
core   0: 3 0x80007368 (0xc489)
core   0: 0x8000736a (0x41fbdb13) srai    s6, s7, 31
core   0: 3 0x8000736a (0x41fbdb13) x22 0xffffffff
core   0: 0x8000736e (0x00008cc5) c.or    s1, s1
core   0: 3 0x8000736e (0x8cc5) x9  0x00677ec2
core   0: 0x80007370 (0x00008675) c.srai  a2, 29
core   0: 3 0x80007370 (0x8675) x12 0xffffffff
core   0: 0x80007372 (0x00f49d93) slli    s11, s1, 15
core   0: 3 0x80007372 (0x00f49d93) x27 0xbf610000
core   0: 0x80007376 (0x00008f1d) c.sub   a4, a5
core   0: 3 0x80007376 (0x8f1d) x14 0x9c08e208
core   0: 0x80007378 (0x0390ac33) mulhsu  s8, ra, s9
core   0: 3 0x80007378 (0x0390ac33) x24 0x00000000
core   0: 0x8000737c (0x4006dc93) srai    s9, a3, 0
core   0: 3 0x8000737c (0x4006dc93) x25 0x00000760
core   0: 0x80007380 (0x004c6033) or      zero, s8, tp
core   0: 3 0x80007380 (0x004c6033)
core   0: 0x80007384 (0x020c0ab3) mul     s5, s8, zero
core   0: 3 0x80007384 (0x020c0ab3) x21 0x00000000
core   0: 0x80007388 (0x0000169c) c.addi4spn a5, sp, 864
core   0: 3 0x80007388 (0x169c) x15 0xfffc0360
core   0: 0x8000738a (0x00000001) c.nop
core   0: 3 0x8000738a (0x0001)
core   0: 0x8000738c (0x03720433) mul     s0, tp, s7
core   0: 3 0x8000738c (0x03720433) x8  0x9b8ba000
core   0: 0x80007390 (0x00008ce5) c.and   s1, s1
core   0: 3 0x80007390 (0x8ce5) x9  0x00677ec2
core   0: 0x80007392 (0x01fbdab3) srl     s5, s7, t6
core   0: 3 0x80007392 (0x01fbdab3) x21 0x00000001
core   0: 0x80007396 (0x0263b8b3) mulhu   a7, t2, t1
core   0: 3 0x80007396 (0x0263b8b3) x17 0x00000000
core   0: 0x8000739a (0x24212a13) slti    s4, sp, 578
core   0: 3 0x8000739a (0x24212a13) x20 0x00000001
core   0: 0x8000739e (0x00008c11) c.sub   s0, a2
core   0: 3 0x8000739e (0x8c11) x8  0x9b8ba001
core   0: 0x800073a0 (0x017d18b3) sll     a7, s10, s7
core   0: 3 0x800073a0 (0x017d18b3) x17 0x9d0beae6
core   0: 0x800073a4 (0x003cc1b3) xor     gp, s9, gp
core   0: 3 0x800073a4 (0x003cc1b3) x3  0x00000760
core   0: 0x800073a8 (0x026f27b3) mulhsu  a5, t5, t1
core   0: 3 0x800073a8 (0x026f27b3) x15 0xffffffff
core   0: 0x800073ac (0x03280e63) beq     a6, s2, pc + 60
core   0: 3 0x800073ac (0x03280e63)
core   0: 0x800073b0 (0x40515013) srai    zero, sp, 5
core   0: 3 0x800073b0 (0x40515013)
core   0: 0x800073b4 (0x03f1cdb3) div     s11, gp, t6
core   0: 3 0x800073b4 (0x03f1cdb3) x27 0xfffff8a0
core   0: 0x800073b8 (0x00c96b63) bltu    s2, a2, pc + 22
core   0: 3 0x800073b8 (0x00c96b63)
core   0: 0x800073ce (0x00004dc9) c.li    s11, 18
core   0: 3 0x800073ce (0x4dc9) x27 0x00000012
core   0: 0x800073d0 (0x01891c33) sll     s8, s2, s8
core   0: 3 0x800073d0 (0x01891c33) x24 0x003fffff
core   0: 0x800073d4 (0x0000717d) c.addi16sp sp, -16
core   0: 3 0x800073d4 (0x717d) x2  0xfffbfff0
core   0: 0x800073d6 (0x0315abb3) mulhsu  s7, a1, a7
core   0: 3 0x800073d6 (0x0315abb3) x23 0x00000000
core   0: 0x800073da (0x03698ab3) mul     s5, s3, s6
core   0: 3 0x800073da (0x03698ab3) x21 0x7ffd62dc
core   0: 0x800073de (0x0000c085) c.beqz  s1, pc + 32
core   0: 3 0x800073de (0xc085)
core   0: 0x800073e0 (0x03a51963) bne     a0, s10, pc + 50
core   0: 3 0x800073e0 (0x03a51963)
core   0: 0x80007412 (0x00008c3d) c.xor   s0, a5
core   0: 3 0x80007412 (0x8c3d) x8  0x64745ffe
core   0: 0x80007414 (0x016ce863) bltu    s9, s6, pc + 16
core   0: 3 0x80007414 (0x016ce863)
core   0: 0x80007424 (0x012365b3) or      a1, t1, s2
core   0: 3 0x80007424 (0x012365b3) x11 0x003fffff
core   0: 0x80007428 (0x00aa0b33) add     s6, s4, a0
core   0: 3 0x80007428 (0x00aa0b33) x22 0x9d0bf2c9
core   0: 0x8000742c (0x02c5d3b3) divu    t2, a1, a2
core   0: 3 0x8000742c (0x02c5d3b3) x7  0x00000000
core   0: 0x80007430 (0x00009bfd) c.andi  a5, -1
core   0: 3 0x80007430 (0x9bfd) x15 0xffffffff
core   0: 0x80007432 (0x008aee63) bltu    s5, s0, pc + 28
core   0: 3 0x80007432 (0x008aee63)
core   0: 0x80007436 (0x005ee863) bltu    t4, t0, pc + 16
core   0: 3 0x80007436 (0x005ee863)
core   0: 0x8000743a (0x014f5713) srli    a4, t5, 20
core   0: 3 0x8000743a (0x014f5713) x14 0x00000800
core   0: 0x8000743e (0x03b9f133) remu    sp, s3, s11
core   0: 3 0x8000743e (0x03b9f133) x2  0x0000000e
core   0: 0x80007442 (0x01f3ae33) slt     t3, t2, t6
core   0: 3 0x80007442 (0x01f3ae33) x28 0x00000000
core   0: 0x80007446 (0x01a0c1b3) xor     gp, ra, s10
core   0: 3 0x80007446 (0x01a0c1b3) x3  0x9d0beae6
core   0: 0x8000744a (0xafdfeb93) ori     s7, t6, -1283
core   0: 3 0x8000744a (0xafdfeb93) x23 0xffffffff
core   0: 0x8000744e (0x00008791) c.srai  a5, 4
core   0: 3 0x8000744e (0x8791) x15 0xffffffff
core   0: 0x80007450 (0x000099fd) c.andi  a1, -1
core   0: 3 0x80007450 (0x99fd) x11 0x003fffff
core   0: 0x80007452 (0x00000001) c.nop
core   0: 3 0x80007452 (0x0001)
core   0: 0x80007454 (0x02428db3) mul     s11, t0, tp
core   0: 3 0x80007454 (0x02428db3) x27 0x00075300
core   0: 0x80007458 (0xcd211797) auipc   a5, 0xcd211
core   0: 3 0x80007458 (0xcd211797) x15 0x4d218458
core   0: 0x8000745c (0x0052bc33) sltu    s8, t0, t0
core   0: 3 0x8000745c (0x0052bc33) x24 0x00000000
core   0: 0x80007460 (0x0000cb89) c.beqz  a5, pc + 18
core   0: 3 0x80007460 (0xcb89)
core   0: 0x80007462 (0x001a1d33) sll     s10, s4, ra
core   0: 3 0x80007462 (0x001a1d33) x26 0x00000001
core   0: 0x80007466 (0x00008445) c.srai  s0, 17
core   0: 3 0x80007466 (0x8445) x8  0x0000323a
core   0: 0x80007468 (0x00008999) c.andi  a1, 6
core   0: 3 0x80007468 (0x8999) x11 0x00000006
core   0: 0x8000746a (0x00e20633) add     a2, tp, a4
core   0: 3 0x8000746a (0x00e20633) x12 0x0000081e
core   0: 0x8000746e (0x02027c33) remu    s8, tp, zero
core   0: 3 0x8000746e (0x02027c33) x24 0x0000001e
core   0: 0x80007472 (0x03cc6f63) bltu    s8, t3, pc + 62
core   0: 3 0x80007472 (0x03cc6f63)
core   0: 0x80007476 (0x00008ee1) c.and   a3, s0
core   0: 3 0x80007476 (0x8ee1) x13 0x00000220
core   0: 0x80007478 (0x04431363) bne     t1, tp, pc + 70
core   0: 3 0x80007478 (0x04431363)
core   0: 0x800074be (0x0196dc33) srl     s8, a3, s9
core   0: 3 0x800074be (0x0196dc33) x24 0x00000220
core   0: 0x800074c2 (0xe55e2493) slti    s1, t3, -427
core   0: 3 0x800074c2 (0xe55e2493) x9  0x00000000
core   0: 0x800074c6 (0x02310e33) mul     t3, sp, gp
core   0: 3 0x800074c6 (0x02310e33) x28 0x96a6d894
core   0: 0x800074ca (0x00169333) sll     t1, a3, ra
core   0: 3 0x800074ca (0x00169333) x6  0x00000220
core   0: 0x800074ce (0x41cd5493) srai    s1, s10, 28
core   0: 3 0x800074ce (0x41cd5493) x9  0x00000000
core   0: 0x800074d2 (0x00008115) c.srli  a0, 5
core   0: 3 0x800074d2 (0x8115) x10 0x04e85f96
core   0: 0x800074d4 (0x41000fb3) sub     t6, zero, a6
core   0: 3 0x800074d4 (0x41000fb3) x31 0xa4b43e3a
core   0: 0x800074d8 (0x00008d9d) c.sub   a1, a5
core   0: 3 0x800074d8 (0x8d9d) x11 0xb2de7bae
core   0: 0x800074da (0x00008cad) c.xor   s1, a1
core   0: 3 0x800074da (0x8cad) x9  0xb2de7bae
core   0: 0x800074dc (0x00001a10) c.addi4spn a2, sp, 304
core   0: 3 0x800074dc (0x1a10) x12 0x0000013e
core   0: 0x800074de (0x00000001) c.nop
core   0: 3 0x800074de (0x0001)
core   0: 0x800074e0 (0x00008f81) c.sub   a5, s0
core   0: 3 0x800074e0 (0x8f81) x15 0x4d21521e
core   0: 0x800074e2 (0xa6fd7313) andi    t1, s10, -1425
core   0: 3 0x800074e2 (0xa6fd7313) x6  0x00000001
core   0: 0x800074e6 (0x0337fdb3) remu    s11, a5, s3
core   0: 3 0x800074e6 (0x0337fdb3) x27 0x4d21521e
core   0: 0x800074ea (0x03d2d863) bge     t0, t4, pc + 48
core   0: 3 0x800074ea (0x03d2d863)
core   0: 0x8000751a (0x00292333) slt     t1, s2, sp
core   0: 3 0x8000751a (0x00292333) x6  0x00000000
core   0: 0x8000751e (0x0108da13) srli    s4, a7, 16
core   0: 3 0x8000751e (0x0108da13) x20 0x00009d0b
core   0: 0x80007522 (0x00008cc9) c.or    s1, a0
core   0: 3 0x80007522 (0x8cc9) x9  0xb6fe7fbe
core   0: 0x80007524 (0x00b26c63) bltu    tp, a1, pc + 24
core   0: 3 0x80007524 (0x00b26c63)
core   0: 0x8000753c (0x037d9033) mulh    zero, s11, s7
core   0: 3 0x8000753c (0x037d9033)
core   0: 0x80007540 (0x022a5d63) bge     s4, sp, pc + 58
core   0: 3 0x80007540 (0x022a5d63)
core   0: 0x8000757a (0x2158b613) sltiu   a2, a7, 533
core   0: 3 0x8000757a (0x2158b613) x12 0x00000000
core   0: 0x8000757e (0x008fd563) bge     t6, s0, pc + 10
core   0: 3 0x8000757e (0x008fd563)
core   0: 0x80007582 (0x0000c801) c.beqz  s0, pc + 16
core   0: 3 0x80007582 (0xc801)
core   0: 0x80007584 (0x0175ec33) or      s8, a1, s7
core   0: 3 0x80007584 (0x0175ec33) x24 0xffffffff
core   0: 0x80007588 (0x00006ee9) c.lui   t4, 0x1a
core   0: 3 0x80007588 (0x6ee9) x29 0x0001a000
core   0: 0x8000758a (0x00008c05) c.sub   s0, s1
core   0: 3 0x8000758a (0x8c05) x8  0x4901b27c
core   0: 0x8000758c (0x01f87463) bgeu    a6, t6, pc + 8
core   0: 3 0x8000758c (0x01f87463)
core   0: 0x80007590 (0x0000e115) c.bnez  a0, pc + 36
core   0: 3 0x80007590 (0xe115)
core   0: 0x800075b4 (0x02a8f733) remu    a4, a7, a0
core   0: 3 0x800075b4 (0x02a8f733) x14 0x04e857bc
core   0: 0x800075b8 (0x00000001) c.nop
core   0: 3 0x800075b8 (0x0001)
core   0: 0x800075ba (0x0000079d) c.addi  a5, 7
core   0: 3 0x800075ba (0x079d) x15 0x4d215225
core   0: 0x800075bc (0x034d9933) mulh    s2, s11, s4
core   0: 3 0x800075bc (0x034d9933) x18 0x00002f50
core   0: 0x800075c0 (0x079b6493) ori     s1, s6, 121
core   0: 3 0x800075c0 (0x079b6493) x9  0x9d0bf2f9
core   0: 0x800075c4 (0x017c3933) sltu    s2, s8, s7
core   0: 3 0x800075c4 (0x017c3933) x18 0x00000000
core   0: 0x800075c8 (0x000011fd) c.addi  gp, -1
core   0: 3 0x800075c8 (0x11fd) x3  0x9d0beae5
core   0: 0x800075ca (0x032f8933) mul     s2, t6, s2
core   0: 3 0x800075ca (0x032f8933) x18 0x00000000
core   0: 0x800075ce (0x019a76b3) and     a3, s4, s9
core   0: 3 0x800075ce (0x019a76b3) x13 0x00000500
core   0: 0x800075d2 (0x9b128913) addi    s2, t0, -1615
core   0: 3 0x800075d2 (0x9b128913) x18 0x00003831
core   0: 0x800075d6 (0x00018fb3) add     t6, gp, zero
core   0: 3 0x800075d6 (0x00018fb3) x31 0x9d0beae5
core   0: 0x800075da (0x3832c513) xori    a0, t0, 899
core   0: 3 0x800075da (0x3832c513) x10 0x00003d03
core   0: 0x800075de (0x024c0413) addi    s0, s8, 36
core   0: 3 0x800075de (0x024c0413) x8  0x00000023
core   0: 0x800075e2 (0x01c481b3) add     gp, s1, t3
core   0: 3 0x800075e2 (0x01c481b3) x3  0x33b2cb8d
core   0: 0x800075e6 (0x03dec6b3) div     a3, t4, t4
core   0: 3 0x800075e6 (0x03dec6b3) x13 0x00000001
core   0: 0x800075ea (0x00000001) c.nop
core   0: 3 0x800075ea (0x0001)
core   0: 0x800075ec (0x02f1f763) bgeu    gp, a5, pc + 46
core   0: 3 0x800075ec (0x02f1f763)
core   0: 0x800075f0 (0x0000613d) c.addi16sp sp, 480
core   0: 3 0x800075f0 (0x613d) x2  0x000001ee
core   0: 0x800075f2 (0x00ab9193) slli    gp, s7, 10
core   0: 3 0x800075f2 (0x00ab9193) x3  0xfffffc00
core   0: 0x800075f6 (0x022c5cb3) divu    s9, s8, sp
core   0: 3 0x800075f6 (0x022c5cb3) x25 0x0084a9f9
core   0: 0x800075fa (0x49c14b93) xori    s7, sp, 1180
core   0: 3 0x800075fa (0x49c14b93) x23 0x00000572
core   0: 0x800075fe (0x00001c08) c.addi4spn a0, sp, 560
core   0: 3 0x800075fe (0x1c08) x10 0x0000041e
core   0: 0x80007600 (0x00009a4a) c.add   s4, s2
core   0: 3 0x80007600 (0x9a4a) x20 0x0000d53c
core   0: 0x80007602 (0xacbc7413) andi    s0, s8, -1333
core   0: 3 0x80007602 (0xacbc7413) x8  0xfffffacb
core   0: 0x80007606 (0x036b5eb3) divu    t4, s6, s6
core   0: 3 0x80007606 (0x036b5eb3) x29 0x00000001
core   0: 0x8000760a (0x03547333) remu    t1, s0, s5
core   0: 3 0x8000760a (0x03547333) x6  0x00053513
core   0: 0x8000760e (0x028d2e33) mulhsu  t3, s10, s0
core   0: 3 0x8000760e (0x028d2e33) x28 0x00000000
core   0: 0x80007612 (0x0000894e) c.mv    s2, s3
core   0: 3 0x80007612 (0x894e) x18 0x80029d24
core   0: 0x80007614 (0x00000d85) c.addi  s11, 1
core   0: 3 0x80007614 (0x0d85) x27 0x4d21521f
core   0: 0x80007616 (0x86e2bc17) auipc   s8, 0x86e2b
core   0: 3 0x80007616 (0x86e2bc17) x24 0x06e32616
core   0: 0x8000761a (0x0000c799) c.beqz  a5, pc + 14
core   0: 3 0x8000761a (0xc799)
core   0: 0x8000761c (0x02a90cb3) mul     s9, s2, a0
core   0: 3 0x8000761c (0x02a90cb3) x25 0x0ac2fa38
core   0: 0x80007620 (0x01c118b3) sll     a7, sp, t3
core   0: 3 0x80007620 (0x01c118b3) x17 0x000001ee
core   0: 0x80007624 (0x50d50893) addi    a7, a0, 1293
core   0: 3 0x80007624 (0x50d50893) x17 0x0000092b
core   0: 0x80007628 (0x41ea5093) srai    ra, s4, 30
core   0: 3 0x80007628 (0x41ea5093) x1  0x00000000
core   0: 0x8000762c (0x012bb333) sltu    t1, s7, s2
core   0: 3 0x8000762c (0x012bb333) x6  0x00000001
core   0: 0x80007630 (0x008bde93) srli    t4, s7, 8
core   0: 3 0x80007630 (0x008bde93) x29 0x00000005
core   0: 0x80007634 (0x02bc9fb3) mulh    t6, s9, a1
core   0: 3 0x80007634 (0x02bc9fb3) x31 0xfcc1f20a
core   0: 0x80007638 (0x023d4b33) div     s6, s10, gp
core   0: 3 0x80007638 (0x023d4b33) x22 0x00000000
core   0: 0x8000763c (0x00f34933) xor     s2, t1, a5
core   0: 3 0x8000763c (0x00f34933) x18 0x4d215224
core   0: 0x80007640 (0x0000861d) c.srai  a2, 7
core   0: 3 0x80007640 (0x861d) x12 0x00000000
core   0: 0x80007642 (0x3b296c17) auipc   s8, 0x3b296
core   0: 3 0x80007642 (0x3b296c17) x24 0xbb29d642
core   0: 0x80007646 (0x00008055) c.srli  s0, 21
core   0: 3 0x80007646 (0x8055) x8  0x000007ff
core   0: 0x80007648 (0x0147bc33) sltu    s8, a5, s4
core   0: 3 0x80007648 (0x0147bc33) x24 0x00000000
core   0: 0x8000764c (0x038d8433) mul     s0, s11, s8
core   0: 3 0x8000764c (0x038d8433) x8  0x00000000
core   0: 0x80007650 (0x021238b3) mulhu   a7, tp, ra
core   0: 3 0x80007650 (0x021238b3) x17 0x00000000
core   0: 0x80007654 (0x0000117d) c.addi  sp, -1
core   0: 3 0x80007654 (0x117d) x2  0x000001ed
core   0: 0x80007656 (0x01ced393) srli    t2, t4, 28
core   0: 3 0x80007656 (0x01ced393) x7  0x00000000
core   0: 0x8000765a (0xc9e5e093) ori     ra, a1, -866
core   0: 3 0x8000765a (0xc9e5e093) x1  0xffffffbe
core   0: 0x8000765e (0x00000d32) c.slli  s10, 12
core   0: 3 0x8000765e (0x0d32) x26 0x00001000
core   0: 0x80007660 (0x02110e33) mul     t3, sp, ra
core   0: 3 0x80007660 (0x02110e33) x28 0xffff80e6
core   0: 0x80007664 (0x0000c209) c.beqz  a2, pc + 2
core   0: 3 0x80007664 (0xc209)
core   0: 0x80007666 (0x00f55463) bge     a0, a5, pc + 8
core   0: 3 0x80007666 (0x00f55463)
core   0: 0x8000766a (0x018adb93) srli    s7, s5, 24
core   0: 3 0x8000766a (0x018adb93) x23 0x0000007f
core   0: 0x8000766e (0x00485c93) srli    s9, a6, 4
core   0: 3 0x8000766e (0x00485c93) x25 0x05b4bc1c
core   0: 0x80007672 (0x00000817) auipc   a6, 0x0
core   0: 3 0x80007672 (0x00000817) x16 0x80007672
core   0: 0x80007676 (0x00c80813) addi    a6, a6, 12
core   0: 3 0x80007676 (0x00c80813) x16 0x8000767e
core   0: 0x8000767a (0x00080067) jr      a6
core   0: 3 0x8000767a (0x00080067)
core   0: 0x8000767e (0x00004185) c.li    gp, 1
core   0: 3 0x8000767e (0x4185) x3  0x00000001
core   0: 0x80007680 (0x00000073) ecall
core   0: exception trap_machine_ecall, epc 0x80007680
core   0: >>>>  mtvec_handler
core   0: 0x8000a420 (0x000019f1) c.addi  s3, -4
core   0: 3 0x8000a420 (0x19f1) x19 0x80029d20
core   0: 0x8000a422 (0x01e9a023) sw      t5, 0(s3)
core   0: 3 0x8000a422 (0x01e9a023) mem 0x80029d20 0x80025ea4
core   0: 0x8000a426 (0x00098f33) add     t5, s3, zero
core   0: 3 0x8000a426 (0x00098f33) x30 0x80029d20
core   0: 0x8000a42a (0xf80f0f13) addi    t5, t5, -128
core   0: 3 0x8000a42a (0xf80f0f13) x30 0x80029ca0
core   0: 0x8000a42e (0x001f2223) sw      ra, 4(t5)
core   0: 3 0x8000a42e (0x001f2223) mem 0x80029ca4 0xffffffbe
core   0: 0x8000a432 (0x002f2423) sw      sp, 8(t5)
core   0: 3 0x8000a432 (0x002f2423) mem 0x80029ca8 0x000001ed
core   0: 0x8000a436 (0x003f2623) sw      gp, 12(t5)
core   0: 3 0x8000a436 (0x003f2623) mem 0x80029cac 0x00000001
core   0: 0x8000a43a (0x004f2823) sw      tp, 16(t5)
core   0: 3 0x8000a43a (0x004f2823) mem 0x80029cb0 0x0000001e
core   0: 0x8000a43e (0x005f2a23) sw      t0, 20(t5)
core   0: 3 0x8000a43e (0x005f2a23) mem 0x80029cb4 0x00003e80
core   0: 0x8000a442 (0x006f2c23) sw      t1, 24(t5)
core   0: 3 0x8000a442 (0x006f2c23) mem 0x80029cb8 0x00000001
core   0: 0x8000a446 (0x007f2e23) sw      t2, 28(t5)
core   0: 3 0x8000a446 (0x007f2e23) mem 0x80029cbc 0x00000000
core   0: 0x8000a44a (0x028f2023) sw      s0, 32(t5)
core   0: 3 0x8000a44a (0x028f2023) mem 0x80029cc0 0x00000000
core   0: 0x8000a44e (0x029f2223) sw      s1, 36(t5)
core   0: 3 0x8000a44e (0x029f2223) mem 0x80029cc4 0x9d0bf2f9
core   0: 0x8000a452 (0x02af2423) sw      a0, 40(t5)
core   0: 3 0x8000a452 (0x02af2423) mem 0x80029cc8 0x0000041e
core   0: 0x8000a456 (0x02bf2623) sw      a1, 44(t5)
core   0: 3 0x8000a456 (0x02bf2623) mem 0x80029ccc 0xb2de7bae
core   0: 0x8000a45a (0x02cf2823) sw      a2, 48(t5)
core   0: 3 0x8000a45a (0x02cf2823) mem 0x80029cd0 0x00000000
core   0: 0x8000a45e (0x02df2a23) sw      a3, 52(t5)
core   0: 3 0x8000a45e (0x02df2a23) mem 0x80029cd4 0x00000001
core   0: 0x8000a462 (0x02ef2c23) sw      a4, 56(t5)
core   0: 3 0x8000a462 (0x02ef2c23) mem 0x80029cd8 0x04e857bc
core   0: 0x8000a466 (0x02ff2e23) sw      a5, 60(t5)
core   0: 3 0x8000a466 (0x02ff2e23) mem 0x80029cdc 0x4d215225
core   0: 0x8000a46a (0x050f2023) sw      a6, 64(t5)
core   0: 3 0x8000a46a (0x050f2023) mem 0x80029ce0 0x8000767e
core   0: 0x8000a46e (0x051f2223) sw      a7, 68(t5)
core   0: 3 0x8000a46e (0x051f2223) mem 0x80029ce4 0x00000000
core   0: 0x8000a472 (0x052f2423) sw      s2, 72(t5)
core   0: 3 0x8000a472 (0x052f2423) mem 0x80029ce8 0x4d215224
core   0: 0x8000a476 (0x053f2623) sw      s3, 76(t5)
core   0: 3 0x8000a476 (0x053f2623) mem 0x80029cec 0x80029d20
core   0: 0x8000a47a (0x054f2823) sw      s4, 80(t5)
core   0: 3 0x8000a47a (0x054f2823) mem 0x80029cf0 0x0000d53c
core   0: 0x8000a47e (0x055f2a23) sw      s5, 84(t5)
core   0: 3 0x8000a47e (0x055f2a23) mem 0x80029cf4 0x7ffd62dc
core   0: 0x8000a482 (0x056f2c23) sw      s6, 88(t5)
core   0: 3 0x8000a482 (0x056f2c23) mem 0x80029cf8 0x00000000
core   0: 0x8000a486 (0x057f2e23) sw      s7, 92(t5)
core   0: 3 0x8000a486 (0x057f2e23) mem 0x80029cfc 0x0000007f
core   0: 0x8000a48a (0x078f2023) sw      s8, 96(t5)
core   0: 3 0x8000a48a (0x078f2023) mem 0x80029d00 0x00000000
core   0: 0x8000a48e (0x079f2223) sw      s9, 100(t5)
core   0: 3 0x8000a48e (0x079f2223) mem 0x80029d04 0x05b4bc1c
core   0: 0x8000a492 (0x07af2423) sw      s10, 104(t5)
core   0: 3 0x8000a492 (0x07af2423) mem 0x80029d08 0x00001000
core   0: 0x8000a496 (0x07bf2623) sw      s11, 108(t5)
core   0: 3 0x8000a496 (0x07bf2623) mem 0x80029d0c 0x4d21521f
core   0: 0x8000a49a (0x07cf2823) sw      t3, 112(t5)
core   0: 3 0x8000a49a (0x07cf2823) mem 0x80029d10 0xffff80e6
core   0: 0x8000a49e (0x07df2a23) sw      t4, 116(t5)
core   0: 3 0x8000a49e (0x07df2a23) mem 0x80029d14 0x00000005
core   0: 0x8000a4a2 (0x07ef2c23) sw      t5, 120(t5)
core   0: 3 0x8000a4a2 (0x07ef2c23) mem 0x80029d18 0x80029ca0
core   0: 0x8000a4a6 (0x07ff2e23) sw      t6, 124(t5)
core   0: 3 0x8000a4a6 (0x07ff2e23) mem 0x80029d1c 0xfcc1f20a
core   0: 0x8000a4aa (0x000f09b3) add     s3, t5, zero
core   0: 3 0x8000a4aa (0x000f09b3) x19 0x80029ca0
core   0: 0x8000a4ae (0x300028f3) csrr    a7, mstatus
core   0: 3 0x8000a4ae (0x300028f3) x17 0x00001800
core   0: 0x8000a4b2 (0x342028f3) csrr    a7, mcause
core   0: 3 0x8000a4b2 (0x342028f3) x17 0x0000000b
core   0: 0x8000a4b6 (0x01f8d893) srli    a7, a7, 31
core   0: 3 0x8000a4b6 (0x01f8d893) x17 0x00000000
core   0: 0x8000a4ba (0x3e089163) bnez    a7, pc + 994
core   0: 3 0x8000a4ba (0x3e089163)
core   0: 0x8000a4be (0x341028f3) csrr    a7, mepc
core   0: 3 0x8000a4be (0x341028f3) x17 0x80007680
core   0: 0x8000a4c2 (0x342028f3) csrr    a7, mcause
core   0: 3 0x8000a4c2 (0x342028f3) x17 0x0000000b
core   0: 0x8000a4c6 (0x00004b0d) c.li    s6, 3
core   0: 3 0x8000a4c6 (0x4b0d) x22 0x00000003
core   0: 0x8000a4c8 (0x29688d63) beq     a7, s6, pc + 666
core   0: 3 0x8000a4c8 (0x29688d63)
core   0: 0x8000a4cc (0x00004b21) c.li    s6, 8
core   0: 3 0x8000a4cc (0x4b21) x22 0x00000008
core   0: 0x8000a4ce (0x05688563) beq     a7, s6, pc + 74
core   0: 3 0x8000a4ce (0x05688563)
core   0: 0x8000a4d2 (0x00004b25) c.li    s6, 9
core   0: 3 0x8000a4d2 (0x4b25) x22 0x00000009
core   0: 0x8000a4d4 (0x05688263) beq     a7, s6, pc + 68
core   0: 3 0x8000a4d4 (0x05688263)
core   0: 0x8000a4d8 (0x00004b2d) c.li    s6, 11
core   0: 3 0x8000a4d8 (0x4b2d) x22 0x0000000b
core   0: 0x8000a4da (0x03688f63) beq     a7, s6, pc + 62
core   0: 3 0x8000a4da (0x03688f63)
core   0: 0x8000a518 (0xffff6897) auipc   a7, 0xffff6
core   0: 3 0x8000a518 (0xffff6897) x17 0x80000518
core   0: 0x8000a51c (0xae888893) addi    a7, a7, -1304
core   0: 3 0x8000a51c (0xae888893) x17 0x80000000
core   0: 0x8000a520 (0x0008a023) sw      zero, 0(a7)
core   0: 3 0x8000a520 (0x0008a023) mem 0x80000000 0x00000000
core   0: 0x8000a524 (0x0018a223) sw      ra, 4(a7)
core   0: 3 0x8000a524 (0x0018a223) mem 0x80000004 0xffffffbe
core   0: 0x8000a528 (0x0028a423) sw      sp, 8(a7)
core   0: 3 0x8000a528 (0x0028a423) mem 0x80000008 0x000001ed
core   0: 0x8000a52c (0x0038a623) sw      gp, 12(a7)
core   0: 3 0x8000a52c (0x0038a623) mem 0x8000000c 0x00000001
core   0: 0x8000a530 (0x0048a823) sw      tp, 16(a7)
core   0: 3 0x8000a530 (0x0048a823) mem 0x80000010 0x0000001e
core   0: 0x8000a534 (0x0058aa23) sw      t0, 20(a7)
core   0: 3 0x8000a534 (0x0058aa23) mem 0x80000014 0x00003e80
core   0: 0x8000a538 (0x0068ac23) sw      t1, 24(a7)
core   0: 3 0x8000a538 (0x0068ac23) mem 0x80000018 0x00000001
core   0: 0x8000a53c (0x0078ae23) sw      t2, 28(a7)
core   0: 3 0x8000a53c (0x0078ae23) mem 0x8000001c 0x00000000
core   0: 0x8000a540 (0x0288a023) sw      s0, 32(a7)
core   0: 3 0x8000a540 (0x0288a023) mem 0x80000020 0x00000000
core   0: 0x8000a544 (0x0298a223) sw      s1, 36(a7)
core   0: 3 0x8000a544 (0x0298a223) mem 0x80000024 0x9d0bf2f9
core   0: 0x8000a548 (0x02a8a423) sw      a0, 40(a7)
core   0: 3 0x8000a548 (0x02a8a423) mem 0x80000028 0x0000041e
core   0: 0x8000a54c (0x02b8a623) sw      a1, 44(a7)
core   0: 3 0x8000a54c (0x02b8a623) mem 0x8000002c 0xb2de7bae
core   0: 0x8000a550 (0x02c8a823) sw      a2, 48(a7)
core   0: 3 0x8000a550 (0x02c8a823) mem 0x80000030 0x00000000
core   0: 0x8000a554 (0x02d8aa23) sw      a3, 52(a7)
core   0: 3 0x8000a554 (0x02d8aa23) mem 0x80000034 0x00000001
core   0: 0x8000a558 (0x02e8ac23) sw      a4, 56(a7)
core   0: 3 0x8000a558 (0x02e8ac23) mem 0x80000038 0x04e857bc
core   0: 0x8000a55c (0x02f8ae23) sw      a5, 60(a7)
core   0: 3 0x8000a55c (0x02f8ae23) mem 0x8000003c 0x4d215225
core   0: 0x8000a560 (0x0508a023) sw      a6, 64(a7)
core   0: 3 0x8000a560 (0x0508a023) mem 0x80000040 0x8000767e
core   0: 0x8000a564 (0x0518a223) sw      a7, 68(a7)
core   0: 3 0x8000a564 (0x0518a223) mem 0x80000044 0x80000000
core   0: 0x8000a568 (0x0528a423) sw      s2, 72(a7)
core   0: 3 0x8000a568 (0x0528a423) mem 0x80000048 0x4d215224
core   0: 0x8000a56c (0x0538a623) sw      s3, 76(a7)
core   0: 3 0x8000a56c (0x0538a623) mem 0x8000004c 0x80029ca0
core   0: 0x8000a570 (0x0548a823) sw      s4, 80(a7)
core   0: 3 0x8000a570 (0x0548a823) mem 0x80000050 0x0000d53c
core   0: 0x8000a574 (0x0558aa23) sw      s5, 84(a7)
core   0: 3 0x8000a574 (0x0558aa23) mem 0x80000054 0x7ffd62dc
core   0: 0x8000a578 (0x0568ac23) sw      s6, 88(a7)
core   0: 3 0x8000a578 (0x0568ac23) mem 0x80000058 0x0000000b
core   0: 0x8000a57c (0x0578ae23) sw      s7, 92(a7)
core   0: 3 0x8000a57c (0x0578ae23) mem 0x8000005c 0x0000007f
core   0: 0x8000a580 (0x0788a023) sw      s8, 96(a7)
core   0: 3 0x8000a580 (0x0788a023) mem 0x80000060 0x00000000
core   0: 0x8000a584 (0x0798a223) sw      s9, 100(a7)
core   0: 3 0x8000a584 (0x0798a223) mem 0x80000064 0x05b4bc1c
core   0: 0x8000a588 (0x07a8a423) sw      s10, 104(a7)
core   0: 3 0x8000a588 (0x07a8a423) mem 0x80000068 0x00001000
core   0: 0x8000a58c (0x07b8a623) sw      s11, 108(a7)
core   0: 3 0x8000a58c (0x07b8a623) mem 0x8000006c 0x4d21521f
core   0: 0x8000a590 (0x07c8a823) sw      t3, 112(a7)
core   0: 3 0x8000a590 (0x07c8a823) mem 0x80000070 0xffff80e6
core   0: 0x8000a594 (0x07d8aa23) sw      t4, 116(a7)
core   0: 3 0x8000a594 (0x07d8aa23) mem 0x80000074 0x00000005
core   0: 0x8000a598 (0x07e8ac23) sw      t5, 120(a7)
core   0: 3 0x8000a598 (0x07e8ac23) mem 0x80000078 0x80029ca0
core   0: 0x8000a59c (0x07f8ae23) sw      t6, 124(a7)
core   0: 3 0x8000a59c (0x07f8ae23) mem 0x8000007c 0xfcc1f20a
core   0: 0x8000a5a0 (0x00000817) auipc   a6, 0x0
core   0: 3 0x8000a5a0 (0x00000817) x16 0x8000a5a0
core   0: 0x8000a5a4 (0xe7280813) addi    a6, a6, -398
core   0: 3 0x8000a5a4 (0xe7280813) x16 0x8000a412
core   0: 0x8000a5a8 (0x00080067) jr      a6
core   0: 3 0x8000a5a8 (0x00080067)
core   0: 0x8000a412 (0x00006f17) auipc   t5, 0x6
core   0: 3 0x8000a412 (0x00006f17) x30 0x80010412
core   0: 0x8000a416 (0xbe3f2723) sw      gp, -1042(t5)
core   0: 3 0x8000a416 (0xbe3f2723) mem 0x80010000 0x00000001
core   0: 0x8000a41a (0x0000bfe5) c.j     pc - 8
core   0: 3 0x8000a41a (0xbfe5)
core   0: 0x8000a412 (0x00006f17) auipc   t5, 0x6
core   0: 3 0x8000a412 (0x00006f17) x30 0x80010412
core   0: 0x8000a416 (0xbe3f2723) sw      gp, -1042(t5)
core   0: 3 0x8000a416 (0xbe3f2723) mem 0x80010000 0x00000001
core   0: 0x8000a41a (0x0000bfe5) c.j     pc - 8
core   0: 3 0x8000a41a (0xbfe5)
core   0: 0x8000a412 (0x00006f17) auipc   t5, 0x6
core   0: 3 0x8000a412 (0x00006f17) x30 0x80010412
core   0: 0x8000a416 (0xbe3f2723) sw      gp, -1042(t5)
core   0: 3 0x8000a416 (0xbe3f2723) mem 0x80010000 0x00000001
core   0: 0x8000a41a (0x0000bfe5) c.j     pc - 8
core   0: 3 0x8000a41a (0xbfe5)
core   0: 0x8000a412 (0x00006f17) auipc   t5, 0x6
core   0: 3 0x8000a412 (0x00006f17) x30 0x80010412
core   0: 0x8000a416 (0xbe3f2723) sw      gp, -1042(t5)
core   0: 3 0x8000a416 (0xbe3f2723) mem 0x80010000 0x00000001
core   0: 0x8000a41a (0x0000bfe5) c.j     pc - 8
core   0: 3 0x8000a41a (0xbfe5)
core   0: 0x8000a412 (0x00006f17) auipc   t5, 0x6
core   0: 3 0x8000a412 (0x00006f17) x30 0x80010412
core   0: 0x8000a416 (0xbe3f2723) sw      gp, -1042(t5)
core   0: 3 0x8000a416 (0xbe3f2723) mem 0x80010000 0x00000001
core   0: 0x8000a41a (0x0000bfe5) c.j     pc - 8
core   0: 3 0x8000a41a (0xbfe5)
core   0: 0x8000a412 (0x00006f17) auipc   t5, 0x6
core   0: 3 0x8000a412 (0x00006f17) x30 0x80010412
core   0: 0x8000a416 (0xbe3f2723) sw      gp, -1042(t5)
core   0: 3 0x8000a416 (0xbe3f2723) mem 0x80010000 0x00000001
core   0: 0x8000a41a (0x0000bfe5) c.j     pc - 8
core   0: 3 0x8000a41a (0xbfe5)
core   0: 0x8000a412 (0x00006f17) auipc   t5, 0x6
core   0: 3 0x8000a412 (0x00006f17) x30 0x80010412
core   0: 0x8000a416 (0xbe3f2723) sw      gp, -1042(t5)
core   0: 3 0x8000a416 (0xbe3f2723) mem 0x80010000 0x00000001
core   0: 0x8000a41a (0x0000bfe5) c.j     pc - 8
core   0: 3 0x8000a41a (0xbfe5)
core   0: 0x8000a412 (0x00006f17) auipc   t5, 0x6
core   0: 3 0x8000a412 (0x00006f17) x30 0x80010412
core   0: 0x8000a416 (0xbe3f2723) sw      gp, -1042(t5)
core   0: 3 0x8000a416 (0xbe3f2723) mem 0x80010000 0x00000001
core   0: 0x8000a41a (0x0000bfe5) c.j     pc - 8
core   0: 3 0x8000a41a (0xbfe5)
core   0: 0x8000a412 (0x00006f17) auipc   t5, 0x6
core   0: 3 0x8000a412 (0x00006f17) x30 0x80010412
core   0: 0x8000a416 (0xbe3f2723) sw      gp, -1042(t5)
core   0: 3 0x8000a416 (0xbe3f2723) mem 0x80010000 0x00000001
core   0: 0x8000a41a (0x0000bfe5) c.j     pc - 8
core   0: 3 0x8000a41a (0xbfe5)
core   0: 0x8000a412 (0x00006f17) auipc   t5, 0x6
core   0: 3 0x8000a412 (0x00006f17) x30 0x80010412
core   0: 0x8000a416 (0xbe3f2723) sw      gp, -1042(t5)
core   0: 3 0x8000a416 (0xbe3f2723) mem 0x80010000 0x00000001
core   0: 0x8000a41a (0x0000bfe5) c.j     pc - 8
core   0: 3 0x8000a41a (0xbfe5)
core   0: 0x8000a412 (0x00006f17) auipc   t5, 0x6
core   0: 3 0x8000a412 (0x00006f17) x30 0x80010412
core   0: 0x8000a416 (0xbe3f2723) sw      gp, -1042(t5)
core   0: 3 0x8000a416 (0xbe3f2723) mem 0x80010000 0x00000001
core   0: 0x8000a41a (0x0000bfe5) c.j     pc - 8
core   0: 3 0x8000a41a (0xbfe5)
core   0: 0x8000a412 (0x00006f17) auipc   t5, 0x6
core   0: 3 0x8000a412 (0x00006f17) x30 0x80010412
core   0: 0x8000a416 (0xbe3f2723) sw      gp, -1042(t5)
core   0: 3 0x8000a416 (0xbe3f2723) mem 0x80010000 0x00000001
core   0: 0x8000a41a (0x0000bfe5) c.j     pc - 8
core   0: 3 0x8000a41a (0xbfe5)
core   0: 0x8000a412 (0x00006f17) auipc   t5, 0x6
core   0: 3 0x8000a412 (0x00006f17) x30 0x80010412
core   0: 0x8000a416 (0xbe3f2723) sw      gp, -1042(t5)
core   0: 3 0x8000a416 (0xbe3f2723) mem 0x80010000 0x00000001
core   0: 0x8000a41a (0x0000bfe5) c.j     pc - 8
core   0: 3 0x8000a41a (0xbfe5)
core   0: 0x8000a412 (0x00006f17) auipc   t5, 0x6
core   0: 3 0x8000a412 (0x00006f17) x30 0x80010412
core   0: 0x8000a416 (0xbe3f2723) sw      gp, -1042(t5)
core   0: 3 0x8000a416 (0xbe3f2723) mem 0x80010000 0x00000001
core   0: 0x8000a41a (0x0000bfe5) c.j     pc - 8
core   0: 3 0x8000a41a (0xbfe5)
core   0: 0x8000a412 (0x00006f17) auipc   t5, 0x6
core   0: 3 0x8000a412 (0x00006f17) x30 0x80010412
core   0: 0x8000a416 (0xbe3f2723) sw      gp, -1042(t5)
core   0: 3 0x8000a416 (0xbe3f2723) mem 0x80010000 0x00000001
core   0: 0x8000a41a (0x0000bfe5) c.j     pc - 8
core   0: 3 0x8000a41a (0xbfe5)
core   0: 0x8000a412 (0x00006f17) auipc   t5, 0x6
core   0: 3 0x8000a412 (0x00006f17) x30 0x80010412
core   0: 0x8000a416 (0xbe3f2723) sw      gp, -1042(t5)
core   0: 3 0x8000a416 (0xbe3f2723) mem 0x80010000 0x00000001
core   0: 0x8000a41a (0x0000bfe5) c.j     pc - 8
core   0: 3 0x8000a41a (0xbfe5)
core   0: 0x8000a412 (0x00006f17) auipc   t5, 0x6
core   0: 3 0x8000a412 (0x00006f17) x30 0x80010412
core   0: 0x8000a416 (0xbe3f2723) sw      gp, -1042(t5)
core   0: 3 0x8000a416 (0xbe3f2723) mem 0x80010000 0x00000001
core   0: 0x8000a41a (0x0000bfe5) c.j     pc - 8
core   0: 3 0x8000a41a (0xbfe5)
core   0: 0x8000a412 (0x00006f17) auipc   t5, 0x6
core   0: 3 0x8000a412 (0x00006f17) x30 0x80010412
core   0: 0x8000a416 (0xbe3f2723) sw      gp, -1042(t5)
core   0: 3 0x8000a416 (0xbe3f2723) mem 0x80010000 0x00000001
core   0: 0x8000a41a (0x0000bfe5) c.j     pc - 8
core   0: 3 0x8000a41a (0xbfe5)
core   0: 0x8000a412 (0x00006f17) auipc   t5, 0x6
core   0: 3 0x8000a412 (0x00006f17) x30 0x80010412
core   0: 0x8000a416 (0xbe3f2723) sw      gp, -1042(t5)
core   0: 3 0x8000a416 (0xbe3f2723) mem 0x80010000 0x00000001
core   0: 0x8000a41a (0x0000bfe5) c.j     pc - 8
core   0: 3 0x8000a41a (0xbfe5)
core   0: 0x8000a412 (0x00006f17) auipc   t5, 0x6
core   0: 3 0x8000a412 (0x00006f17) x30 0x80010412
core   0: 0x8000a416 (0xbe3f2723) sw      gp, -1042(t5)
core   0: 3 0x8000a416 (0xbe3f2723) mem 0x80010000 0x00000001
core   0: 0x8000a41a (0x0000bfe5) c.j     pc - 8
core   0: 3 0x8000a41a (0xbfe5)
core   0: 0x8000a412 (0x00006f17) auipc   t5, 0x6
core   0: 3 0x8000a412 (0x00006f17) x30 0x80010412
core   0: 0x8000a416 (0xbe3f2723) sw      gp, -1042(t5)
core   0: 3 0x8000a416 (0xbe3f2723) mem 0x80010000 0x00000001
core   0: 0x8000a41a (0x0000bfe5) c.j     pc - 8
core   0: 3 0x8000a41a (0xbfe5)
core   0: 0x8000a412 (0x00006f17) auipc   t5, 0x6
core   0: 3 0x8000a412 (0x00006f17) x30 0x80010412
core   0: 0x8000a416 (0xbe3f2723) sw      gp, -1042(t5)
core   0: 3 0x8000a416 (0xbe3f2723) mem 0x80010000 0x00000001
core   0: 0x8000a41a (0x0000bfe5) c.j     pc - 8
core   0: 3 0x8000a41a (0xbfe5)
core   0: 0x8000a412 (0x00006f17) auipc   t5, 0x6
core   0: 3 0x8000a412 (0x00006f17) x30 0x80010412
core   0: 0x8000a416 (0xbe3f2723) sw      gp, -1042(t5)
core   0: 3 0x8000a416 (0xbe3f2723) mem 0x80010000 0x00000001
core   0: 0x8000a41a (0x0000bfe5) c.j     pc - 8
core   0: 3 0x8000a41a (0xbfe5)
core   0: 0x8000a412 (0x00006f17) auipc   t5, 0x6
core   0: 3 0x8000a412 (0x00006f17) x30 0x80010412
core   0: 0x8000a416 (0xbe3f2723) sw      gp, -1042(t5)
core   0: 3 0x8000a416 (0xbe3f2723) mem 0x80010000 0x00000001
core   0: 0x8000a41a (0x0000bfe5) c.j     pc - 8
core   0: 3 0x8000a41a (0xbfe5)
core   0: 0x8000a412 (0x00006f17) auipc   t5, 0x6
core   0: 3 0x8000a412 (0x00006f17) x30 0x80010412
core   0: 0x8000a416 (0xbe3f2723) sw      gp, -1042(t5)
core   0: 3 0x8000a416 (0xbe3f2723) mem 0x80010000 0x00000001
core   0: 0x8000a41a (0x0000bfe5) c.j     pc - 8
core   0: 3 0x8000a41a (0xbfe5)
core   0: 0x8000a412 (0x00006f17) auipc   t5, 0x6
core   0: 3 0x8000a412 (0x00006f17) x30 0x80010412
core   0: 0x8000a416 (0xbe3f2723) sw      gp, -1042(t5)
core   0: 3 0x8000a416 (0xbe3f2723) mem 0x80010000 0x00000001
core   0: 0x8000a41a (0x0000bfe5) c.j     pc - 8
core   0: 3 0x8000a41a (0xbfe5)
core   0: 0x8000a412 (0x00006f17) auipc   t5, 0x6
core   0: 3 0x8000a412 (0x00006f17) x30 0x80010412
core   0: 0x8000a416 (0xbe3f2723) sw      gp, -1042(t5)
core   0: 3 0x8000a416 (0xbe3f2723) mem 0x80010000 0x00000001
core   0: 0x8000a41a (0x0000bfe5) c.j     pc - 8
core   0: 3 0x8000a41a (0xbfe5)
core   0: 0x8000a412 (0x00006f17) auipc   t5, 0x6
core   0: 3 0x8000a412 (0x00006f17) x30 0x80010412
core   0: 0x8000a416 (0xbe3f2723) sw      gp, -1042(t5)
core   0: 3 0x8000a416 (0xbe3f2723) mem 0x80010000 0x00000001
core   0: 0x8000a41a (0x0000bfe5) c.j     pc - 8
core   0: 3 0x8000a41a (0xbfe5)
core   0: 0x8000a412 (0x00006f17) auipc   t5, 0x6
core   0: 3 0x8000a412 (0x00006f17) x30 0x80010412
core   0: 0x8000a416 (0xbe3f2723) sw      gp, -1042(t5)
core   0: 3 0x8000a416 (0xbe3f2723) mem 0x80010000 0x00000001
core   0: 0x8000a41a (0x0000bfe5) c.j     pc - 8
core   0: 3 0x8000a41a (0xbfe5)
core   0: 0x8000a412 (0x00006f17) auipc   t5, 0x6
core   0: 3 0x8000a412 (0x00006f17) x30 0x80010412
core   0: 0x8000a416 (0xbe3f2723) sw      gp, -1042(t5)
core   0: 3 0x8000a416 (0xbe3f2723) mem 0x80010000 0x00000001
core   0: 0x8000a41a (0x0000bfe5) c.j     pc - 8
core   0: 3 0x8000a41a (0xbfe5)
core   0: 0x8000a412 (0x00006f17) auipc   t5, 0x6
core   0: 3 0x8000a412 (0x00006f17) x30 0x80010412
core   0: 0x8000a416 (0xbe3f2723) sw      gp, -1042(t5)
core   0: 3 0x8000a416 (0xbe3f2723) mem 0x80010000 0x00000001
core   0: 0x8000a41a (0x0000bfe5) c.j     pc - 8
core   0: 3 0x8000a41a (0xbfe5)
core   0: 0x8000a412 (0x00006f17) auipc   t5, 0x6
core   0: 3 0x8000a412 (0x00006f17) x30 0x80010412
core   0: 0x8000a416 (0xbe3f2723) sw      gp, -1042(t5)
core   0: 3 0x8000a416 (0xbe3f2723) mem 0x80010000 0x00000001
core   0: 0x8000a41a (0x0000bfe5) c.j     pc - 8
core   0: 3 0x8000a41a (0xbfe5)
core   0: 0x8000a412 (0x00006f17) auipc   t5, 0x6
core   0: 3 0x8000a412 (0x00006f17) x30 0x80010412
core   0: 0x8000a416 (0xbe3f2723) sw      gp, -1042(t5)
core   0: 3 0x8000a416 (0xbe3f2723) mem 0x80010000 0x00000001
core   0: 0x8000a41a (0x0000bfe5) c.j     pc - 8
core   0: 3 0x8000a41a (0xbfe5)
core   0: 0x8000a412 (0x00006f17) auipc   t5, 0x6
core   0: 3 0x8000a412 (0x00006f17) x30 0x80010412
core   0: 0x8000a416 (0xbe3f2723) sw      gp, -1042(t5)
core   0: 3 0x8000a416 (0xbe3f2723) mem 0x80010000 0x00000001
core   0: 0x8000a41a (0x0000bfe5) c.j     pc - 8
core   0: 3 0x8000a41a (0xbfe5)
core   0: 0x8000a412 (0x00006f17) auipc   t5, 0x6
core   0: 3 0x8000a412 (0x00006f17) x30 0x80010412
core   0: 0x8000a416 (0xbe3f2723) sw      gp, -1042(t5)
core   0: 3 0x8000a416 (0xbe3f2723) mem 0x80010000 0x00000001
core   0: 0x8000a41a (0x0000bfe5) c.j     pc - 8
core   0: 3 0x8000a41a (0xbfe5)
core   0: 0x8000a412 (0x00006f17) auipc   t5, 0x6
core   0: 3 0x8000a412 (0x00006f17) x30 0x80010412
core   0: 0x8000a416 (0xbe3f2723) sw      gp, -1042(t5)
core   0: 3 0x8000a416 (0xbe3f2723) mem 0x80010000 0x00000001
core   0: 0x8000a41a (0x0000bfe5) c.j     pc - 8
core   0: 3 0x8000a41a (0xbfe5)
core   0: 0x8000a412 (0x00006f17) auipc   t5, 0x6
core   0: 3 0x8000a412 (0x00006f17) x30 0x80010412
core   0: 0x8000a416 (0xbe3f2723) sw      gp, -1042(t5)
core   0: 3 0x8000a416 (0xbe3f2723) mem 0x80010000 0x00000001
core   0: 0x8000a41a (0x0000bfe5) c.j     pc - 8
core   0: 3 0x8000a41a (0xbfe5)
core   0: 0x8000a412 (0x00006f17) auipc   t5, 0x6
core   0: 3 0x8000a412 (0x00006f17) x30 0x80010412
core   0: 0x8000a416 (0xbe3f2723) sw      gp, -1042(t5)
core   0: 3 0x8000a416 (0xbe3f2723) mem 0x80010000 0x00000001
core   0: 0x8000a41a (0x0000bfe5) c.j     pc - 8
core   0: 3 0x8000a41a (0xbfe5)
core   0: 0x8000a412 (0x00006f17) auipc   t5, 0x6
core   0: 3 0x8000a412 (0x00006f17) x30 0x80010412
core   0: 0x8000a416 (0xbe3f2723) sw      gp, -1042(t5)
core   0: 3 0x8000a416 (0xbe3f2723) mem 0x80010000 0x00000001
core   0: 0x8000a41a (0x0000bfe5) c.j     pc - 8
core   0: 3 0x8000a41a (0xbfe5)
core   0: 0x8000a412 (0x00006f17) auipc   t5, 0x6
core   0: 3 0x8000a412 (0x00006f17) x30 0x80010412
core   0: 0x8000a416 (0xbe3f2723) sw      gp, -1042(t5)
core   0: 3 0x8000a416 (0xbe3f2723) mem 0x80010000 0x00000001
core   0: 0x8000a41a (0x0000bfe5) c.j     pc - 8
core   0: 3 0x8000a41a (0xbfe5)
core   0: 0x8000a412 (0x00006f17) auipc   t5, 0x6
core   0: 3 0x8000a412 (0x00006f17) x30 0x80010412
core   0: 0x8000a416 (0xbe3f2723) sw      gp, -1042(t5)
core   0: 3 0x8000a416 (0xbe3f2723) mem 0x80010000 0x00000001
core   0: 0x8000a41a (0x0000bfe5) c.j     pc - 8
core   0: 3 0x8000a41a (0xbfe5)
core   0: 0x8000a412 (0x00006f17) auipc   t5, 0x6
core   0: 3 0x8000a412 (0x00006f17) x30 0x80010412
core   0: 0x8000a416 (0xbe3f2723) sw      gp, -1042(t5)
core   0: 3 0x8000a416 (0xbe3f2723) mem 0x80010000 0x00000001
core   0: 0x8000a41a (0x0000bfe5) c.j     pc - 8
core   0: 3 0x8000a41a (0xbfe5)
core   0: 0x8000a412 (0x00006f17) auipc   t5, 0x6
core   0: 3 0x8000a412 (0x00006f17) x30 0x80010412
core   0: 0x8000a416 (0xbe3f2723) sw      gp, -1042(t5)
core   0: 3 0x8000a416 (0xbe3f2723) mem 0x80010000 0x00000001
core   0: 0x8000a41a (0x0000bfe5) c.j     pc - 8
core   0: 3 0x8000a41a (0xbfe5)
core   0: 0x8000a412 (0x00006f17) auipc   t5, 0x6
core   0: 3 0x8000a412 (0x00006f17) x30 0x80010412
core   0: 0x8000a416 (0xbe3f2723) sw      gp, -1042(t5)
core   0: 3 0x8000a416 (0xbe3f2723) mem 0x80010000 0x00000001
core   0: 0x8000a41a (0x0000bfe5) c.j     pc - 8
core   0: 3 0x8000a41a (0xbfe5)
core   0: 0x8000a412 (0x00006f17) auipc   t5, 0x6
core   0: 3 0x8000a412 (0x00006f17) x30 0x80010412
core   0: 0x8000a416 (0xbe3f2723) sw      gp, -1042(t5)
core   0: 3 0x8000a416 (0xbe3f2723) mem 0x80010000 0x00000001
core   0: 0x8000a41a (0x0000bfe5) c.j     pc - 8
core   0: 3 0x8000a41a (0xbfe5)
core   0: 0x8000a412 (0x00006f17) auipc   t5, 0x6
core   0: 3 0x8000a412 (0x00006f17) x30 0x80010412
core   0: 0x8000a416 (0xbe3f2723) sw      gp, -1042(t5)
core   0: 3 0x8000a416 (0xbe3f2723) mem 0x80010000 0x00000001
core   0: 0x8000a41a (0x0000bfe5) c.j     pc - 8
core   0: 3 0x8000a41a (0xbfe5)
core   0: 0x8000a412 (0x00006f17) auipc   t5, 0x6
core   0: 3 0x8000a412 (0x00006f17) x30 0x80010412
core   0: 0x8000a416 (0xbe3f2723) sw      gp, -1042(t5)
core   0: 3 0x8000a416 (0xbe3f2723) mem 0x80010000 0x00000001
core   0: 0x8000a41a (0x0000bfe5) c.j     pc - 8
core   0: 3 0x8000a41a (0xbfe5)
core   0: 0x8000a412 (0x00006f17) auipc   t5, 0x6
core   0: 3 0x8000a412 (0x00006f17) x30 0x80010412
core   0: 0x8000a416 (0xbe3f2723) sw      gp, -1042(t5)
core   0: 3 0x8000a416 (0xbe3f2723) mem 0x80010000 0x00000001
core   0: 0x8000a41a (0x0000bfe5) c.j     pc - 8
core   0: 3 0x8000a41a (0xbfe5)
core   0: 0x8000a412 (0x00006f17) auipc   t5, 0x6
core   0: 3 0x8000a412 (0x00006f17) x30 0x80010412
core   0: 0x8000a416 (0xbe3f2723) sw      gp, -1042(t5)
core   0: 3 0x8000a416 (0xbe3f2723) mem 0x80010000 0x00000001
core   0: 0x8000a41a (0x0000bfe5) c.j     pc - 8
core   0: 3 0x8000a41a (0xbfe5)
core   0: 0x8000a412 (0x00006f17) auipc   t5, 0x6
core   0: 3 0x8000a412 (0x00006f17) x30 0x80010412
core   0: 0x8000a416 (0xbe3f2723) sw      gp, -1042(t5)
core   0: 3 0x8000a416 (0xbe3f2723) mem 0x80010000 0x00000001
core   0: 0x8000a41a (0x0000bfe5) c.j     pc - 8
core   0: 3 0x8000a41a (0xbfe5)
core   0: 0x8000a412 (0x00006f17) auipc   t5, 0x6
core   0: 3 0x8000a412 (0x00006f17) x30 0x80010412
core   0: 0x8000a416 (0xbe3f2723) sw      gp, -1042(t5)
core   0: 3 0x8000a416 (0xbe3f2723) mem 0x80010000 0x00000001
core   0: 0x8000a41a (0x0000bfe5) c.j     pc - 8
core   0: 3 0x8000a41a (0xbfe5)
core   0: 0x8000a412 (0x00006f17) auipc   t5, 0x6
core   0: 3 0x8000a412 (0x00006f17) x30 0x80010412
core   0: 0x8000a416 (0xbe3f2723) sw      gp, -1042(t5)
core   0: 3 0x8000a416 (0xbe3f2723) mem 0x80010000 0x00000001
core   0: 0x8000a41a (0x0000bfe5) c.j     pc - 8
core   0: 3 0x8000a41a (0xbfe5)
core   0: 0x8000a412 (0x00006f17) auipc   t5, 0x6
core   0: 3 0x8000a412 (0x00006f17) x30 0x80010412
core   0: 0x8000a416 (0xbe3f2723) sw      gp, -1042(t5)
core   0: 3 0x8000a416 (0xbe3f2723) mem 0x80010000 0x00000001
core   0: 0x8000a41a (0x0000bfe5) c.j     pc - 8
core   0: 3 0x8000a41a (0xbfe5)
core   0: 0x8000a412 (0x00006f17) auipc   t5, 0x6
core   0: 3 0x8000a412 (0x00006f17) x30 0x80010412
core   0: 0x8000a416 (0xbe3f2723) sw      gp, -1042(t5)
core   0: 3 0x8000a416 (0xbe3f2723) mem 0x80010000 0x00000001
core   0: 0x8000a41a (0x0000bfe5) c.j     pc - 8
core   0: 3 0x8000a41a (0xbfe5)
core   0: 0x8000a412 (0x00006f17) auipc   t5, 0x6
core   0: 3 0x8000a412 (0x00006f17) x30 0x80010412
core   0: 0x8000a416 (0xbe3f2723) sw      gp, -1042(t5)
core   0: 3 0x8000a416 (0xbe3f2723) mem 0x80010000 0x00000001
core   0: 0x8000a41a (0x0000bfe5) c.j     pc - 8
core   0: 3 0x8000a41a (0xbfe5)
core   0: 0x8000a412 (0x00006f17) auipc   t5, 0x6
core   0: 3 0x8000a412 (0x00006f17) x30 0x80010412
core   0: 0x8000a416 (0xbe3f2723) sw      gp, -1042(t5)
core   0: 3 0x8000a416 (0xbe3f2723) mem 0x80010000 0x00000001
core   0: 0x8000a41a (0x0000bfe5) c.j     pc - 8
core   0: 3 0x8000a41a (0xbfe5)
core   0: 0x8000a412 (0x00006f17) auipc   t5, 0x6
core   0: 3 0x8000a412 (0x00006f17) x30 0x80010412
core   0: 0x8000a416 (0xbe3f2723) sw      gp, -1042(t5)
core   0: 3 0x8000a416 (0xbe3f2723) mem 0x80010000 0x00000001
core   0: 0x8000a41a (0x0000bfe5) c.j     pc - 8
core   0: 3 0x8000a41a (0xbfe5)
core   0: 0x8000a412 (0x00006f17) auipc   t5, 0x6
core   0: 3 0x8000a412 (0x00006f17) x30 0x80010412
core   0: 0x8000a416 (0xbe3f2723) sw      gp, -1042(t5)
core   0: 3 0x8000a416 (0xbe3f2723) mem 0x80010000 0x00000001
core   0: 0x8000a41a (0x0000bfe5) c.j     pc - 8
core   0: 3 0x8000a41a (0xbfe5)
core   0: 0x8000a412 (0x00006f17) auipc   t5, 0x6
core   0: 3 0x8000a412 (0x00006f17) x30 0x80010412
core   0: 0x8000a416 (0xbe3f2723) sw      gp, -1042(t5)
core   0: 3 0x8000a416 (0xbe3f2723) mem 0x80010000 0x00000001
core   0: 0x8000a41a (0x0000bfe5) c.j     pc - 8
core   0: 3 0x8000a41a (0xbfe5)
core   0: 0x8000a412 (0x00006f17) auipc   t5, 0x6
core   0: 3 0x8000a412 (0x00006f17) x30 0x80010412
core   0: 0x8000a416 (0xbe3f2723) sw      gp, -1042(t5)
core   0: 3 0x8000a416 (0xbe3f2723) mem 0x80010000 0x00000001
core   0: 0x8000a41a (0x0000bfe5) c.j     pc - 8
core   0: 3 0x8000a41a (0xbfe5)
core   0: 0x8000a412 (0x00006f17) auipc   t5, 0x6
core   0: 3 0x8000a412 (0x00006f17) x30 0x80010412
core   0: 0x8000a416 (0xbe3f2723) sw      gp, -1042(t5)
core   0: 3 0x8000a416 (0xbe3f2723) mem 0x80010000 0x00000001
core   0: 0x8000a41a (0x0000bfe5) c.j     pc - 8
core   0: 3 0x8000a41a (0xbfe5)
core   0: 0x8000a412 (0x00006f17) auipc   t5, 0x6
core   0: 3 0x8000a412 (0x00006f17) x30 0x80010412
core   0: 0x8000a416 (0xbe3f2723) sw      gp, -1042(t5)
core   0: 3 0x8000a416 (0xbe3f2723) mem 0x80010000 0x00000001
core   0: 0x8000a41a (0x0000bfe5) c.j     pc - 8
core   0: 3 0x8000a41a (0xbfe5)
core   0: 0x8000a412 (0x00006f17) auipc   t5, 0x6
core   0: 3 0x8000a412 (0x00006f17) x30 0x80010412
core   0: 0x8000a416 (0xbe3f2723) sw      gp, -1042(t5)
core   0: 3 0x8000a416 (0xbe3f2723) mem 0x80010000 0x00000001
core   0: 0x8000a41a (0x0000bfe5) c.j     pc - 8
core   0: 3 0x8000a41a (0xbfe5)
core   0: 0x8000a412 (0x00006f17) auipc   t5, 0x6
core   0: 3 0x8000a412 (0x00006f17) x30 0x80010412
core   0: 0x8000a416 (0xbe3f2723) sw      gp, -1042(t5)
core   0: 3 0x8000a416 (0xbe3f2723) mem 0x80010000 0x00000001
core   0: 0x8000a41a (0x0000bfe5) c.j     pc - 8
core   0: 3 0x8000a41a (0xbfe5)
core   0: 0x8000a412 (0x00006f17) auipc   t5, 0x6
core   0: 3 0x8000a412 (0x00006f17) x30 0x80010412
core   0: 0x8000a416 (0xbe3f2723) sw      gp, -1042(t5)
core   0: 3 0x8000a416 (0xbe3f2723) mem 0x80010000 0x00000001
core   0: 0x8000a41a (0x0000bfe5) c.j     pc - 8
core   0: 3 0x8000a41a (0xbfe5)
core   0: 0x8000a412 (0x00006f17) auipc   t5, 0x6
core   0: 3 0x8000a412 (0x00006f17) x30 0x80010412
core   0: 0x8000a416 (0xbe3f2723) sw      gp, -1042(t5)
core   0: 3 0x8000a416 (0xbe3f2723) mem 0x80010000 0x00000001
core   0: 0x8000a41a (0x0000bfe5) c.j     pc - 8
core   0: 3 0x8000a41a (0xbfe5)
core   0: 0x8000a412 (0x00006f17) auipc   t5, 0x6
core   0: 3 0x8000a412 (0x00006f17) x30 0x80010412
core   0: 0x8000a416 (0xbe3f2723) sw      gp, -1042(t5)
core   0: 3 0x8000a416 (0xbe3f2723) mem 0x80010000 0x00000001
core   0: 0x8000a41a (0x0000bfe5) c.j     pc - 8
core   0: 3 0x8000a41a (0xbfe5)
core   0: 0x8000a412 (0x00006f17) auipc   t5, 0x6
core   0: 3 0x8000a412 (0x00006f17) x30 0x80010412
core   0: 0x8000a416 (0xbe3f2723) sw      gp, -1042(t5)
core   0: 3 0x8000a416 (0xbe3f2723) mem 0x80010000 0x00000001
core   0: 0x8000a41a (0x0000bfe5) c.j     pc - 8
core   0: 3 0x8000a41a (0xbfe5)
core   0: 0x8000a412 (0x00006f17) auipc   t5, 0x6
core   0: 3 0x8000a412 (0x00006f17) x30 0x80010412
core   0: 0x8000a416 (0xbe3f2723) sw      gp, -1042(t5)
core   0: 3 0x8000a416 (0xbe3f2723) mem 0x80010000 0x00000001
core   0: 0x8000a41a (0x0000bfe5) c.j     pc - 8
core   0: 3 0x8000a41a (0xbfe5)
core   0: 0x8000a412 (0x00006f17) auipc   t5, 0x6
core   0: 3 0x8000a412 (0x00006f17) x30 0x80010412
core   0: 0x8000a416 (0xbe3f2723) sw      gp, -1042(t5)
core   0: 3 0x8000a416 (0xbe3f2723) mem 0x80010000 0x00000001
core   0: 0x8000a41a (0x0000bfe5) c.j     pc - 8
core   0: 3 0x8000a41a (0xbfe5)
core   0: 0x8000a412 (0x00006f17) auipc   t5, 0x6
core   0: 3 0x8000a412 (0x00006f17) x30 0x80010412
core   0: 0x8000a416 (0xbe3f2723) sw      gp, -1042(t5)
core   0: 3 0x8000a416 (0xbe3f2723) mem 0x80010000 0x00000001
core   0: 0x8000a41a (0x0000bfe5) c.j     pc - 8
core   0: 3 0x8000a41a (0xbfe5)
core   0: 0x8000a412 (0x00006f17) auipc   t5, 0x6
core   0: 3 0x8000a412 (0x00006f17) x30 0x80010412
core   0: 0x8000a416 (0xbe3f2723) sw      gp, -1042(t5)
core   0: 3 0x8000a416 (0xbe3f2723) mem 0x80010000 0x00000001
core   0: 0x8000a41a (0x0000bfe5) c.j     pc - 8
core   0: 3 0x8000a41a (0xbfe5)
core   0: 0x8000a412 (0x00006f17) auipc   t5, 0x6
core   0: 3 0x8000a412 (0x00006f17) x30 0x80010412
core   0: 0x8000a416 (0xbe3f2723) sw      gp, -1042(t5)
core   0: 3 0x8000a416 (0xbe3f2723) mem 0x80010000 0x00000001
core   0: 0x8000a41a (0x0000bfe5) c.j     pc - 8
core   0: 3 0x8000a41a (0xbfe5)
core   0: 0x8000a412 (0x00006f17) auipc   t5, 0x6
core   0: 3 0x8000a412 (0x00006f17) x30 0x80010412
core   0: 0x8000a416 (0xbe3f2723) sw      gp, -1042(t5)
core   0: 3 0x8000a416 (0xbe3f2723) mem 0x80010000 0x00000001
core   0: 0x8000a41a (0x0000bfe5) c.j     pc - 8
core   0: 3 0x8000a41a (0xbfe5)
core   0: 0x8000a412 (0x00006f17) auipc   t5, 0x6
core   0: 3 0x8000a412 (0x00006f17) x30 0x80010412
core   0: 0x8000a416 (0xbe3f2723) sw      gp, -1042(t5)
core   0: 3 0x8000a416 (0xbe3f2723) mem 0x80010000 0x00000001
core   0: 0x8000a41a (0x0000bfe5) c.j     pc - 8
core   0: 3 0x8000a41a (0xbfe5)
core   0: 0x8000a412 (0x00006f17) auipc   t5, 0x6
core   0: 3 0x8000a412 (0x00006f17) x30 0x80010412
core   0: 0x8000a416 (0xbe3f2723) sw      gp, -1042(t5)
core   0: 3 0x8000a416 (0xbe3f2723) mem 0x80010000 0x00000001
core   0: 0x8000a41a (0x0000bfe5) c.j     pc - 8
core   0: 3 0x8000a41a (0xbfe5)
core   0: 0x8000a412 (0x00006f17) auipc   t5, 0x6
core   0: 3 0x8000a412 (0x00006f17) x30 0x80010412
core   0: 0x8000a416 (0xbe3f2723) sw      gp, -1042(t5)
core   0: 3 0x8000a416 (0xbe3f2723) mem 0x80010000 0x00000001
core   0: 0x8000a41a (0x0000bfe5) c.j     pc - 8
core   0: 3 0x8000a41a (0xbfe5)
core   0: 0x8000a412 (0x00006f17) auipc   t5, 0x6
core   0: 3 0x8000a412 (0x00006f17) x30 0x80010412
core   0: 0x8000a416 (0xbe3f2723) sw      gp, -1042(t5)
core   0: 3 0x8000a416 (0xbe3f2723) mem 0x80010000 0x00000001
core   0: 0x8000a41a (0x0000bfe5) c.j     pc - 8
core   0: 3 0x8000a41a (0xbfe5)
core   0: 0x8000a412 (0x00006f17) auipc   t5, 0x6
core   0: 3 0x8000a412 (0x00006f17) x30 0x80010412
core   0: 0x8000a416 (0xbe3f2723) sw      gp, -1042(t5)
core   0: 3 0x8000a416 (0xbe3f2723) mem 0x80010000 0x00000001
core   0: 0x8000a41a (0x0000bfe5) c.j     pc - 8
core   0: 3 0x8000a41a (0xbfe5)
core   0: 0x8000a412 (0x00006f17) auipc   t5, 0x6
core   0: 3 0x8000a412 (0x00006f17) x30 0x80010412
core   0: 0x8000a416 (0xbe3f2723) sw      gp, -1042(t5)
core   0: 3 0x8000a416 (0xbe3f2723) mem 0x80010000 0x00000001
core   0: 0x8000a41a (0x0000bfe5) c.j     pc - 8
core   0: 3 0x8000a41a (0xbfe5)
core   0: 0x8000a412 (0x00006f17) auipc   t5, 0x6
core   0: 3 0x8000a412 (0x00006f17) x30 0x80010412
core   0: 0x8000a416 (0xbe3f2723) sw      gp, -1042(t5)
core   0: 3 0x8000a416 (0xbe3f2723) mem 0x80010000 0x00000001
core   0: 0x8000a41a (0x0000bfe5) c.j     pc - 8
core   0: 3 0x8000a41a (0xbfe5)
core   0: 0x8000a412 (0x00006f17) auipc   t5, 0x6
core   0: 3 0x8000a412 (0x00006f17) x30 0x80010412
core   0: 0x8000a416 (0xbe3f2723) sw      gp, -1042(t5)
core   0: 3 0x8000a416 (0xbe3f2723) mem 0x80010000 0x00000001
core   0: 0x8000a41a (0x0000bfe5) c.j     pc - 8
core   0: 3 0x8000a41a (0xbfe5)
core   0: 0x8000a412 (0x00006f17) auipc   t5, 0x6
core   0: 3 0x8000a412 (0x00006f17) x30 0x80010412
core   0: 0x8000a416 (0xbe3f2723) sw      gp, -1042(t5)
core   0: 3 0x8000a416 (0xbe3f2723) mem 0x80010000 0x00000001
core   0: 0x8000a41a (0x0000bfe5) c.j     pc - 8
core   0: 3 0x8000a41a (0xbfe5)
core   0: 0x8000a412 (0x00006f17) auipc   t5, 0x6
core   0: 3 0x8000a412 (0x00006f17) x30 0x80010412
core   0: 0x8000a416 (0xbe3f2723) sw      gp, -1042(t5)
core   0: 3 0x8000a416 (0xbe3f2723) mem 0x80010000 0x00000001
core   0: 0x8000a41a (0x0000bfe5) c.j     pc - 8
core   0: 3 0x8000a41a (0xbfe5)
core   0: 0x8000a412 (0x00006f17) auipc   t5, 0x6
core   0: 3 0x8000a412 (0x00006f17) x30 0x80010412
core   0: 0x8000a416 (0xbe3f2723) sw      gp, -1042(t5)
core   0: 3 0x8000a416 (0xbe3f2723) mem 0x80010000 0x00000001
core   0: 0x8000a41a (0x0000bfe5) c.j     pc - 8
core   0: 3 0x8000a41a (0xbfe5)
core   0: 0x8000a412 (0x00006f17) auipc   t5, 0x6
core   0: 3 0x8000a412 (0x00006f17) x30 0x80010412
core   0: 0x8000a416 (0xbe3f2723) sw      gp, -1042(t5)
core   0: 3 0x8000a416 (0xbe3f2723) mem 0x80010000 0x00000001
core   0: 0x8000a41a (0x0000bfe5) c.j     pc - 8
core   0: 3 0x8000a41a (0xbfe5)
core   0: 0x8000a412 (0x00006f17) auipc   t5, 0x6
core   0: 3 0x8000a412 (0x00006f17) x30 0x80010412
core   0: 0x8000a416 (0xbe3f2723) sw      gp, -1042(t5)
core   0: 3 0x8000a416 (0xbe3f2723) mem 0x80010000 0x00000001
core   0: 0x8000a41a (0x0000bfe5) c.j     pc - 8
core   0: 3 0x8000a41a (0xbfe5)
core   0: 0x8000a412 (0x00006f17) auipc   t5, 0x6
core   0: 3 0x8000a412 (0x00006f17) x30 0x80010412
core   0: 0x8000a416 (0xbe3f2723) sw      gp, -1042(t5)
core   0: 3 0x8000a416 (0xbe3f2723) mem 0x80010000 0x00000001
core   0: 0x8000a41a (0x0000bfe5) c.j     pc - 8
core   0: 3 0x8000a41a (0xbfe5)
core   0: 0x8000a412 (0x00006f17) auipc   t5, 0x6
core   0: 3 0x8000a412 (0x00006f17) x30 0x80010412
core   0: 0x8000a416 (0xbe3f2723) sw      gp, -1042(t5)
core   0: 3 0x8000a416 (0xbe3f2723) mem 0x80010000 0x00000001
core   0: 0x8000a41a (0x0000bfe5) c.j     pc - 8
core   0: 3 0x8000a41a (0xbfe5)
core   0: 0x8000a412 (0x00006f17) auipc   t5, 0x6
core   0: 3 0x8000a412 (0x00006f17) x30 0x80010412
core   0: 0x8000a416 (0xbe3f2723) sw      gp, -1042(t5)
core   0: 3 0x8000a416 (0xbe3f2723) mem 0x80010000 0x00000001
core   0: 0x8000a41a (0x0000bfe5) c.j     pc - 8
core   0: 3 0x8000a41a (0xbfe5)
core   0: 0x8000a412 (0x00006f17) auipc   t5, 0x6
core   0: 3 0x8000a412 (0x00006f17) x30 0x80010412
core   0: 0x8000a416 (0xbe3f2723) sw      gp, -1042(t5)
core   0: 3 0x8000a416 (0xbe3f2723) mem 0x80010000 0x00000001
core   0: 0x8000a41a (0x0000bfe5) c.j     pc - 8
core   0: 3 0x8000a41a (0xbfe5)
core   0: 0x8000a412 (0x00006f17) auipc   t5, 0x6
core   0: 3 0x8000a412 (0x00006f17) x30 0x80010412
core   0: 0x8000a416 (0xbe3f2723) sw      gp, -1042(t5)
core   0: 3 0x8000a416 (0xbe3f2723) mem 0x80010000 0x00000001
core   0: 0x8000a41a (0x0000bfe5) c.j     pc - 8
core   0: 3 0x8000a41a (0xbfe5)
core   0: 0x8000a412 (0x00006f17) auipc   t5, 0x6
core   0: 3 0x8000a412 (0x00006f17) x30 0x80010412
core   0: 0x8000a416 (0xbe3f2723) sw      gp, -1042(t5)
core   0: 3 0x8000a416 (0xbe3f2723) mem 0x80010000 0x00000001
core   0: 0x8000a41a (0x0000bfe5) c.j     pc - 8
core   0: 3 0x8000a41a (0xbfe5)
core   0: 0x8000a412 (0x00006f17) auipc   t5, 0x6
core   0: 3 0x8000a412 (0x00006f17) x30 0x80010412
core   0: 0x8000a416 (0xbe3f2723) sw      gp, -1042(t5)
core   0: 3 0x8000a416 (0xbe3f2723) mem 0x80010000 0x00000001
core   0: 0x8000a41a (0x0000bfe5) c.j     pc - 8
core   0: 3 0x8000a41a (0xbfe5)
core   0: 0x8000a412 (0x00006f17) auipc   t5, 0x6
core   0: 3 0x8000a412 (0x00006f17) x30 0x80010412
core   0: 0x8000a416 (0xbe3f2723) sw      gp, -1042(t5)
core   0: 3 0x8000a416 (0xbe3f2723) mem 0x80010000 0x00000001
core   0: 0x8000a41a (0x0000bfe5) c.j     pc - 8
core   0: 3 0x8000a41a (0xbfe5)
core   0: 0x8000a412 (0x00006f17) auipc   t5, 0x6
core   0: 3 0x8000a412 (0x00006f17) x30 0x80010412
core   0: 0x8000a416 (0xbe3f2723) sw      gp, -1042(t5)
core   0: 3 0x8000a416 (0xbe3f2723) mem 0x80010000 0x00000001
core   0: 0x8000a41a (0x0000bfe5) c.j     pc - 8
core   0: 3 0x8000a41a (0xbfe5)
core   0: 0x8000a412 (0x00006f17) auipc   t5, 0x6
core   0: 3 0x8000a412 (0x00006f17) x30 0x80010412
core   0: 0x8000a416 (0xbe3f2723) sw      gp, -1042(t5)
core   0: 3 0x8000a416 (0xbe3f2723) mem 0x80010000 0x00000001
core   0: 0x8000a41a (0x0000bfe5) c.j     pc - 8
core   0: 3 0x8000a41a (0xbfe5)
core   0: 0x8000a412 (0x00006f17) auipc   t5, 0x6
core   0: 3 0x8000a412 (0x00006f17) x30 0x80010412
core   0: 0x8000a416 (0xbe3f2723) sw      gp, -1042(t5)
core   0: 3 0x8000a416 (0xbe3f2723) mem 0x80010000 0x00000001
core   0: 0x8000a41a (0x0000bfe5) c.j     pc - 8
core   0: 3 0x8000a41a (0xbfe5)
core   0: 0x8000a412 (0x00006f17) auipc   t5, 0x6
core   0: 3 0x8000a412 (0x00006f17) x30 0x80010412
core   0: 0x8000a416 (0xbe3f2723) sw      gp, -1042(t5)
core   0: 3 0x8000a416 (0xbe3f2723) mem 0x80010000 0x00000001
core   0: 0x8000a41a (0x0000bfe5) c.j     pc - 8
core   0: 3 0x8000a41a (0xbfe5)
core   0: 0x8000a412 (0x00006f17) auipc   t5, 0x6
core   0: 3 0x8000a412 (0x00006f17) x30 0x80010412
core   0: 0x8000a416 (0xbe3f2723) sw      gp, -1042(t5)
core   0: 3 0x8000a416 (0xbe3f2723) mem 0x80010000 0x00000001
core   0: 0x8000a41a (0x0000bfe5) c.j     pc - 8
core   0: 3 0x8000a41a (0xbfe5)
core   0: 0x8000a412 (0x00006f17) auipc   t5, 0x6
core   0: 3 0x8000a412 (0x00006f17) x30 0x80010412
core   0: 0x8000a416 (0xbe3f2723) sw      gp, -1042(t5)
core   0: 3 0x8000a416 (0xbe3f2723) mem 0x80010000 0x00000001
core   0: 0x8000a41a (0x0000bfe5) c.j     pc - 8
core   0: 3 0x8000a41a (0xbfe5)
core   0: 0x8000a412 (0x00006f17) auipc   t5, 0x6
core   0: 3 0x8000a412 (0x00006f17) x30 0x80010412
core   0: 0x8000a416 (0xbe3f2723) sw      gp, -1042(t5)
core   0: 3 0x8000a416 (0xbe3f2723) mem 0x80010000 0x00000001
core   0: 0x8000a41a (0x0000bfe5) c.j     pc - 8
core   0: 3 0x8000a41a (0xbfe5)
core   0: 0x8000a412 (0x00006f17) auipc   t5, 0x6
core   0: 3 0x8000a412 (0x00006f17) x30 0x80010412
core   0: 0x8000a416 (0xbe3f2723) sw      gp, -1042(t5)
core   0: 3 0x8000a416 (0xbe3f2723) mem 0x80010000 0x00000001
core   0: 0x8000a41a (0x0000bfe5) c.j     pc - 8
core   0: 3 0x8000a41a (0xbfe5)
core   0: 0x8000a412 (0x00006f17) auipc   t5, 0x6
core   0: 3 0x8000a412 (0x00006f17) x30 0x80010412
core   0: 0x8000a416 (0xbe3f2723) sw      gp, -1042(t5)
core   0: 3 0x8000a416 (0xbe3f2723) mem 0x80010000 0x00000001
core   0: 0x8000a41a (0x0000bfe5) c.j     pc - 8
core   0: 3 0x8000a41a (0xbfe5)
core   0: 0x8000a412 (0x00006f17) auipc   t5, 0x6
core   0: 3 0x8000a412 (0x00006f17) x30 0x80010412
core   0: 0x8000a416 (0xbe3f2723) sw      gp, -1042(t5)
core   0: 3 0x8000a416 (0xbe3f2723) mem 0x80010000 0x00000001
core   0: 0x8000a41a (0x0000bfe5) c.j     pc - 8
core   0: 3 0x8000a41a (0xbfe5)
core   0: 0x8000a412 (0x00006f17) auipc   t5, 0x6
core   0: 3 0x8000a412 (0x00006f17) x30 0x80010412
core   0: 0x8000a416 (0xbe3f2723) sw      gp, -1042(t5)
core   0: 3 0x8000a416 (0xbe3f2723) mem 0x80010000 0x00000001
core   0: 0x8000a41a (0x0000bfe5) c.j     pc - 8
core   0: 3 0x8000a41a (0xbfe5)
core   0: 0x8000a412 (0x00006f17) auipc   t5, 0x6
core   0: 3 0x8000a412 (0x00006f17) x30 0x80010412
core   0: 0x8000a416 (0xbe3f2723) sw      gp, -1042(t5)
core   0: 3 0x8000a416 (0xbe3f2723) mem 0x80010000 0x00000001
core   0: 0x8000a41a (0x0000bfe5) c.j     pc - 8
core   0: 3 0x8000a41a (0xbfe5)
core   0: 0x8000a412 (0x00006f17) auipc   t5, 0x6
core   0: 3 0x8000a412 (0x00006f17) x30 0x80010412
core   0: 0x8000a416 (0xbe3f2723) sw      gp, -1042(t5)
core   0: 3 0x8000a416 (0xbe3f2723) mem 0x80010000 0x00000001
core   0: 0x8000a41a (0x0000bfe5) c.j     pc - 8
core   0: 3 0x8000a41a (0xbfe5)
core   0: 0x8000a412 (0x00006f17) auipc   t5, 0x6
core   0: 3 0x8000a412 (0x00006f17) x30 0x80010412
core   0: 0x8000a416 (0xbe3f2723) sw      gp, -1042(t5)
core   0: 3 0x8000a416 (0xbe3f2723) mem 0x80010000 0x00000001
core   0: 0x8000a41a (0x0000bfe5) c.j     pc - 8
core   0: 3 0x8000a41a (0xbfe5)
core   0: 0x8000a412 (0x00006f17) auipc   t5, 0x6
core   0: 3 0x8000a412 (0x00006f17) x30 0x80010412
core   0: 0x8000a416 (0xbe3f2723) sw      gp, -1042(t5)
core   0: 3 0x8000a416 (0xbe3f2723) mem 0x80010000 0x00000001
core   0: 0x8000a41a (0x0000bfe5) c.j     pc - 8
core   0: 3 0x8000a41a (0xbfe5)
core   0: 0x8000a412 (0x00006f17) auipc   t5, 0x6
core   0: 3 0x8000a412 (0x00006f17) x30 0x80010412
core   0: 0x8000a416 (0xbe3f2723) sw      gp, -1042(t5)
core   0: 3 0x8000a416 (0xbe3f2723) mem 0x80010000 0x00000001
core   0: 0x8000a41a (0x0000bfe5) c.j     pc - 8
core   0: 3 0x8000a41a (0xbfe5)
core   0: 0x8000a412 (0x00006f17) auipc   t5, 0x6
core   0: 3 0x8000a412 (0x00006f17) x30 0x80010412
core   0: 0x8000a416 (0xbe3f2723) sw      gp, -1042(t5)
core   0: 3 0x8000a416 (0xbe3f2723) mem 0x80010000 0x00000001
core   0: 0x8000a41a (0x0000bfe5) c.j     pc - 8
core   0: 3 0x8000a41a (0xbfe5)
core   0: 0x8000a412 (0x00006f17) auipc   t5, 0x6
core   0: 3 0x8000a412 (0x00006f17) x30 0x80010412
core   0: 0x8000a416 (0xbe3f2723) sw      gp, -1042(t5)
core   0: 3 0x8000a416 (0xbe3f2723) mem 0x80010000 0x00000001
core   0: 0x8000a41a (0x0000bfe5) c.j     pc - 8
core   0: 3 0x8000a41a (0xbfe5)
core   0: 0x8000a412 (0x00006f17) auipc   t5, 0x6
core   0: 3 0x8000a412 (0x00006f17) x30 0x80010412
core   0: 0x8000a416 (0xbe3f2723) sw      gp, -1042(t5)
core   0: 3 0x8000a416 (0xbe3f2723) mem 0x80010000 0x00000001
core   0: 0x8000a41a (0x0000bfe5) c.j     pc - 8
core   0: 3 0x8000a41a (0xbfe5)
core   0: 0x8000a412 (0x00006f17) auipc   t5, 0x6
core   0: 3 0x8000a412 (0x00006f17) x30 0x80010412
core   0: 0x8000a416 (0xbe3f2723) sw      gp, -1042(t5)
core   0: 3 0x8000a416 (0xbe3f2723) mem 0x80010000 0x00000001
core   0: 0x8000a41a (0x0000bfe5) c.j     pc - 8
core   0: 3 0x8000a41a (0xbfe5)
core   0: 0x8000a412 (0x00006f17) auipc   t5, 0x6
core   0: 3 0x8000a412 (0x00006f17) x30 0x80010412
core   0: 0x8000a416 (0xbe3f2723) sw      gp, -1042(t5)
core   0: 3 0x8000a416 (0xbe3f2723) mem 0x80010000 0x00000001
core   0: 0x8000a41a (0x0000bfe5) c.j     pc - 8
core   0: 3 0x8000a41a (0xbfe5)
core   0: 0x8000a412 (0x00006f17) auipc   t5, 0x6
core   0: 3 0x8000a412 (0x00006f17) x30 0x80010412
core   0: 0x8000a416 (0xbe3f2723) sw      gp, -1042(t5)
core   0: 3 0x8000a416 (0xbe3f2723) mem 0x80010000 0x00000001
core   0: 0x8000a41a (0x0000bfe5) c.j     pc - 8
core   0: 3 0x8000a41a (0xbfe5)
core   0: 0x8000a412 (0x00006f17) auipc   t5, 0x6
core   0: 3 0x8000a412 (0x00006f17) x30 0x80010412
core   0: 0x8000a416 (0xbe3f2723) sw      gp, -1042(t5)
core   0: 3 0x8000a416 (0xbe3f2723) mem 0x80010000 0x00000001
core   0: 0x8000a41a (0x0000bfe5) c.j     pc - 8
core   0: 3 0x8000a41a (0xbfe5)
core   0: 0x8000a412 (0x00006f17) auipc   t5, 0x6
core   0: 3 0x8000a412 (0x00006f17) x30 0x80010412
core   0: 0x8000a416 (0xbe3f2723) sw      gp, -1042(t5)
core   0: 3 0x8000a416 (0xbe3f2723) mem 0x80010000 0x00000001
core   0: 0x8000a41a (0x0000bfe5) c.j     pc - 8
core   0: 3 0x8000a41a (0xbfe5)
core   0: 0x8000a412 (0x00006f17) auipc   t5, 0x6
core   0: 3 0x8000a412 (0x00006f17) x30 0x80010412
core   0: 0x8000a416 (0xbe3f2723) sw      gp, -1042(t5)
core   0: 3 0x8000a416 (0xbe3f2723) mem 0x80010000 0x00000001
core   0: 0x8000a41a (0x0000bfe5) c.j     pc - 8
core   0: 3 0x8000a41a (0xbfe5)
core   0: 0x8000a412 (0x00006f17) auipc   t5, 0x6
core   0: 3 0x8000a412 (0x00006f17) x30 0x80010412
core   0: 0x8000a416 (0xbe3f2723) sw      gp, -1042(t5)
core   0: 3 0x8000a416 (0xbe3f2723) mem 0x80010000 0x00000001
core   0: 0x8000a41a (0x0000bfe5) c.j     pc - 8
core   0: 3 0x8000a41a (0xbfe5)
core   0: 0x8000a412 (0x00006f17) auipc   t5, 0x6
core   0: 3 0x8000a412 (0x00006f17) x30 0x80010412
core   0: 0x8000a416 (0xbe3f2723) sw      gp, -1042(t5)
core   0: 3 0x8000a416 (0xbe3f2723) mem 0x80010000 0x00000001
core   0: 0x8000a41a (0x0000bfe5) c.j     pc - 8
core   0: 3 0x8000a41a (0xbfe5)
core   0: 0x8000a412 (0x00006f17) auipc   t5, 0x6
core   0: 3 0x8000a412 (0x00006f17) x30 0x80010412
core   0: 0x8000a416 (0xbe3f2723) sw      gp, -1042(t5)
core   0: 3 0x8000a416 (0xbe3f2723) mem 0x80010000 0x00000001
core   0: 0x8000a41a (0x0000bfe5) c.j     pc - 8
core   0: 3 0x8000a41a (0xbfe5)
core   0: 0x8000a412 (0x00006f17) auipc   t5, 0x6
core   0: 3 0x8000a412 (0x00006f17) x30 0x80010412
core   0: 0x8000a416 (0xbe3f2723) sw      gp, -1042(t5)
core   0: 3 0x8000a416 (0xbe3f2723) mem 0x80010000 0x00000001
core   0: 0x8000a41a (0x0000bfe5) c.j     pc - 8
core   0: 3 0x8000a41a (0xbfe5)
core   0: 0x8000a412 (0x00006f17) auipc   t5, 0x6
core   0: 3 0x8000a412 (0x00006f17) x30 0x80010412
core   0: 0x8000a416 (0xbe3f2723) sw      gp, -1042(t5)
core   0: 3 0x8000a416 (0xbe3f2723) mem 0x80010000 0x00000001
core   0: 0x8000a41a (0x0000bfe5) c.j     pc - 8
core   0: 3 0x8000a41a (0xbfe5)
core   0: 0x8000a412 (0x00006f17) auipc   t5, 0x6
core   0: 3 0x8000a412 (0x00006f17) x30 0x80010412
core   0: 0x8000a416 (0xbe3f2723) sw      gp, -1042(t5)
core   0: 3 0x8000a416 (0xbe3f2723) mem 0x80010000 0x00000001
core   0: 0x8000a41a (0x0000bfe5) c.j     pc - 8
core   0: 3 0x8000a41a (0xbfe5)
core   0: 0x8000a412 (0x00006f17) auipc   t5, 0x6
core   0: 3 0x8000a412 (0x00006f17) x30 0x80010412
core   0: 0x8000a416 (0xbe3f2723) sw      gp, -1042(t5)
core   0: 3 0x8000a416 (0xbe3f2723) mem 0x80010000 0x00000001
core   0: 0x8000a41a (0x0000bfe5) c.j     pc - 8
core   0: 3 0x8000a41a (0xbfe5)
core   0: 0x8000a412 (0x00006f17) auipc   t5, 0x6
core   0: 3 0x8000a412 (0x00006f17) x30 0x80010412
core   0: 0x8000a416 (0xbe3f2723) sw      gp, -1042(t5)
core   0: 3 0x8000a416 (0xbe3f2723) mem 0x80010000 0x00000001
core   0: 0x8000a41a (0x0000bfe5) c.j     pc - 8
core   0: 3 0x8000a41a (0xbfe5)
core   0: 0x8000a412 (0x00006f17) auipc   t5, 0x6
core   0: 3 0x8000a412 (0x00006f17) x30 0x80010412
core   0: 0x8000a416 (0xbe3f2723) sw      gp, -1042(t5)
core   0: 3 0x8000a416 (0xbe3f2723) mem 0x80010000 0x00000001
core   0: 0x8000a41a (0x0000bfe5) c.j     pc - 8
core   0: 3 0x8000a41a (0xbfe5)
core   0: 0x8000a412 (0x00006f17) auipc   t5, 0x6
core   0: 3 0x8000a412 (0x00006f17) x30 0x80010412
core   0: 0x8000a416 (0xbe3f2723) sw      gp, -1042(t5)
core   0: 3 0x8000a416 (0xbe3f2723) mem 0x80010000 0x00000001
core   0: 0x8000a41a (0x0000bfe5) c.j     pc - 8
core   0: 3 0x8000a41a (0xbfe5)
core   0: 0x8000a412 (0x00006f17) auipc   t5, 0x6
core   0: 3 0x8000a412 (0x00006f17) x30 0x80010412
core   0: 0x8000a416 (0xbe3f2723) sw      gp, -1042(t5)
core   0: 3 0x8000a416 (0xbe3f2723) mem 0x80010000 0x00000001
core   0: 0x8000a41a (0x0000bfe5) c.j     pc - 8
core   0: 3 0x8000a41a (0xbfe5)
core   0: 0x8000a412 (0x00006f17) auipc   t5, 0x6
core   0: 3 0x8000a412 (0x00006f17) x30 0x80010412
core   0: 0x8000a416 (0xbe3f2723) sw      gp, -1042(t5)
core   0: 3 0x8000a416 (0xbe3f2723) mem 0x80010000 0x00000001
core   0: 0x8000a41a (0x0000bfe5) c.j     pc - 8
core   0: 3 0x8000a41a (0xbfe5)
core   0: 0x8000a412 (0x00006f17) auipc   t5, 0x6
core   0: 3 0x8000a412 (0x00006f17) x30 0x80010412
core   0: 0x8000a416 (0xbe3f2723) sw      gp, -1042(t5)
core   0: 3 0x8000a416 (0xbe3f2723) mem 0x80010000 0x00000001
core   0: 0x8000a41a (0x0000bfe5) c.j     pc - 8
core   0: 3 0x8000a41a (0xbfe5)
core   0: 0x8000a412 (0x00006f17) auipc   t5, 0x6
core   0: 3 0x8000a412 (0x00006f17) x30 0x80010412
core   0: 0x8000a416 (0xbe3f2723) sw      gp, -1042(t5)
core   0: 3 0x8000a416 (0xbe3f2723) mem 0x80010000 0x00000001
core   0: 0x8000a41a (0x0000bfe5) c.j     pc - 8
core   0: 3 0x8000a41a (0xbfe5)
core   0: 0x8000a412 (0x00006f17) auipc   t5, 0x6
core   0: 3 0x8000a412 (0x00006f17) x30 0x80010412
core   0: 0x8000a416 (0xbe3f2723) sw      gp, -1042(t5)
core   0: 3 0x8000a416 (0xbe3f2723) mem 0x80010000 0x00000001
core   0: 0x8000a41a (0x0000bfe5) c.j     pc - 8
core   0: 3 0x8000a41a (0xbfe5)
core   0: 0x8000a412 (0x00006f17) auipc   t5, 0x6
core   0: 3 0x8000a412 (0x00006f17) x30 0x80010412
core   0: 0x8000a416 (0xbe3f2723) sw      gp, -1042(t5)
core   0: 3 0x8000a416 (0xbe3f2723) mem 0x80010000 0x00000001
core   0: 0x8000a41a (0x0000bfe5) c.j     pc - 8
core   0: 3 0x8000a41a (0xbfe5)
core   0: 0x8000a412 (0x00006f17) auipc   t5, 0x6
core   0: 3 0x8000a412 (0x00006f17) x30 0x80010412
core   0: 0x8000a416 (0xbe3f2723) sw      gp, -1042(t5)
core   0: 3 0x8000a416 (0xbe3f2723) mem 0x80010000 0x00000001
core   0: 0x8000a41a (0x0000bfe5) c.j     pc - 8
core   0: 3 0x8000a41a (0xbfe5)
core   0: 0x8000a412 (0x00006f17) auipc   t5, 0x6
core   0: 3 0x8000a412 (0x00006f17) x30 0x80010412
core   0: 0x8000a416 (0xbe3f2723) sw      gp, -1042(t5)
core   0: 3 0x8000a416 (0xbe3f2723) mem 0x80010000 0x00000001
core   0: 0x8000a41a (0x0000bfe5) c.j     pc - 8
core   0: 3 0x8000a41a (0xbfe5)
core   0: 0x8000a412 (0x00006f17) auipc   t5, 0x6
core   0: 3 0x8000a412 (0x00006f17) x30 0x80010412
core   0: 0x8000a416 (0xbe3f2723) sw      gp, -1042(t5)
core   0: 3 0x8000a416 (0xbe3f2723) mem 0x80010000 0x00000001
core   0: 0x8000a41a (0x0000bfe5) c.j     pc - 8
core   0: 3 0x8000a41a (0xbfe5)
core   0: 0x8000a412 (0x00006f17) auipc   t5, 0x6
core   0: 3 0x8000a412 (0x00006f17) x30 0x80010412
core   0: 0x8000a416 (0xbe3f2723) sw      gp, -1042(t5)
core   0: 3 0x8000a416 (0xbe3f2723) mem 0x80010000 0x00000001
core   0: 0x8000a41a (0x0000bfe5) c.j     pc - 8
core   0: 3 0x8000a41a (0xbfe5)
core   0: 0x8000a412 (0x00006f17) auipc   t5, 0x6
core   0: 3 0x8000a412 (0x00006f17) x30 0x80010412
core   0: 0x8000a416 (0xbe3f2723) sw      gp, -1042(t5)
core   0: 3 0x8000a416 (0xbe3f2723) mem 0x80010000 0x00000001
core   0: 0x8000a41a (0x0000bfe5) c.j     pc - 8
core   0: 3 0x8000a41a (0xbfe5)
core   0: 0x8000a412 (0x00006f17) auipc   t5, 0x6
core   0: 3 0x8000a412 (0x00006f17) x30 0x80010412
core   0: 0x8000a416 (0xbe3f2723) sw      gp, -1042(t5)
core   0: 3 0x8000a416 (0xbe3f2723) mem 0x80010000 0x00000001
core   0: 0x8000a41a (0x0000bfe5) c.j     pc - 8
core   0: 3 0x8000a41a (0xbfe5)
core   0: 0x8000a412 (0x00006f17) auipc   t5, 0x6
core   0: 3 0x8000a412 (0x00006f17) x30 0x80010412
core   0: 0x8000a416 (0xbe3f2723) sw      gp, -1042(t5)
core   0: 3 0x8000a416 (0xbe3f2723) mem 0x80010000 0x00000001
core   0: 0x8000a41a (0x0000bfe5) c.j     pc - 8
core   0: 3 0x8000a41a (0xbfe5)
core   0: 0x8000a412 (0x00006f17) auipc   t5, 0x6
core   0: 3 0x8000a412 (0x00006f17) x30 0x80010412
core   0: 0x8000a416 (0xbe3f2723) sw      gp, -1042(t5)
core   0: 3 0x8000a416 (0xbe3f2723) mem 0x80010000 0x00000001
core   0: 0x8000a41a (0x0000bfe5) c.j     pc - 8
core   0: 3 0x8000a41a (0xbfe5)
core   0: 0x8000a412 (0x00006f17) auipc   t5, 0x6
core   0: 3 0x8000a412 (0x00006f17) x30 0x80010412
core   0: 0x8000a416 (0xbe3f2723) sw      gp, -1042(t5)
core   0: 3 0x8000a416 (0xbe3f2723) mem 0x80010000 0x00000001
core   0: 0x8000a41a (0x0000bfe5) c.j     pc - 8
core   0: 3 0x8000a41a (0xbfe5)
core   0: 0x8000a412 (0x00006f17) auipc   t5, 0x6
core   0: 3 0x8000a412 (0x00006f17) x30 0x80010412
core   0: 0x8000a416 (0xbe3f2723) sw      gp, -1042(t5)
core   0: 3 0x8000a416 (0xbe3f2723) mem 0x80010000 0x00000001
core   0: 0x8000a41a (0x0000bfe5) c.j     pc - 8
core   0: 3 0x8000a41a (0xbfe5)
core   0: 0x8000a412 (0x00006f17) auipc   t5, 0x6
core   0: 3 0x8000a412 (0x00006f17) x30 0x80010412
core   0: 0x8000a416 (0xbe3f2723) sw      gp, -1042(t5)
core   0: 3 0x8000a416 (0xbe3f2723) mem 0x80010000 0x00000001
core   0: 0x8000a41a (0x0000bfe5) c.j     pc - 8
core   0: 3 0x8000a41a (0xbfe5)
core   0: 0x8000a412 (0x00006f17) auipc   t5, 0x6
core   0: 3 0x8000a412 (0x00006f17) x30 0x80010412
core   0: 0x8000a416 (0xbe3f2723) sw      gp, -1042(t5)
core   0: 3 0x8000a416 (0xbe3f2723) mem 0x80010000 0x00000001
core   0: 0x8000a41a (0x0000bfe5) c.j     pc - 8
core   0: 3 0x8000a41a (0xbfe5)
core   0: 0x8000a412 (0x00006f17) auipc   t5, 0x6
core   0: 3 0x8000a412 (0x00006f17) x30 0x80010412
core   0: 0x8000a416 (0xbe3f2723) sw      gp, -1042(t5)
core   0: 3 0x8000a416 (0xbe3f2723) mem 0x80010000 0x00000001
core   0: 0x8000a41a (0x0000bfe5) c.j     pc - 8
core   0: 3 0x8000a41a (0xbfe5)
core   0: 0x8000a412 (0x00006f17) auipc   t5, 0x6
core   0: 3 0x8000a412 (0x00006f17) x30 0x80010412
core   0: 0x8000a416 (0xbe3f2723) sw      gp, -1042(t5)
core   0: 3 0x8000a416 (0xbe3f2723) mem 0x80010000 0x00000001
core   0: 0x8000a41a (0x0000bfe5) c.j     pc - 8
core   0: 3 0x8000a41a (0xbfe5)
core   0: 0x8000a412 (0x00006f17) auipc   t5, 0x6
core   0: 3 0x8000a412 (0x00006f17) x30 0x80010412
core   0: 0x8000a416 (0xbe3f2723) sw      gp, -1042(t5)
core   0: 3 0x8000a416 (0xbe3f2723) mem 0x80010000 0x00000001
core   0: 0x8000a41a (0x0000bfe5) c.j     pc - 8
core   0: 3 0x8000a41a (0xbfe5)
core   0: 0x8000a412 (0x00006f17) auipc   t5, 0x6
core   0: 3 0x8000a412 (0x00006f17) x30 0x80010412
core   0: 0x8000a416 (0xbe3f2723) sw      gp, -1042(t5)
core   0: 3 0x8000a416 (0xbe3f2723) mem 0x80010000 0x00000001
core   0: 0x8000a41a (0x0000bfe5) c.j     pc - 8
core   0: 3 0x8000a41a (0xbfe5)
core   0: 0x8000a412 (0x00006f17) auipc   t5, 0x6
core   0: 3 0x8000a412 (0x00006f17) x30 0x80010412
core   0: 0x8000a416 (0xbe3f2723) sw      gp, -1042(t5)
core   0: 3 0x8000a416 (0xbe3f2723) mem 0x80010000 0x00000001
core   0: 0x8000a41a (0x0000bfe5) c.j     pc - 8
core   0: 3 0x8000a41a (0xbfe5)
core   0: 0x8000a412 (0x00006f17) auipc   t5, 0x6
core   0: 3 0x8000a412 (0x00006f17) x30 0x80010412
core   0: 0x8000a416 (0xbe3f2723) sw      gp, -1042(t5)
core   0: 3 0x8000a416 (0xbe3f2723) mem 0x80010000 0x00000001
core   0: 0x8000a41a (0x0000bfe5) c.j     pc - 8
core   0: 3 0x8000a41a (0xbfe5)
core   0: 0x8000a412 (0x00006f17) auipc   t5, 0x6
core   0: 3 0x8000a412 (0x00006f17) x30 0x80010412
core   0: 0x8000a416 (0xbe3f2723) sw      gp, -1042(t5)
core   0: 3 0x8000a416 (0xbe3f2723) mem 0x80010000 0x00000001
core   0: 0x8000a41a (0x0000bfe5) c.j     pc - 8
core   0: 3 0x8000a41a (0xbfe5)
core   0: 0x8000a412 (0x00006f17) auipc   t5, 0x6
core   0: 3 0x8000a412 (0x00006f17) x30 0x80010412
core   0: 0x8000a416 (0xbe3f2723) sw      gp, -1042(t5)
core   0: 3 0x8000a416 (0xbe3f2723) mem 0x80010000 0x00000001
core   0: 0x8000a41a (0x0000bfe5) c.j     pc - 8
core   0: 3 0x8000a41a (0xbfe5)
core   0: 0x8000a412 (0x00006f17) auipc   t5, 0x6
core   0: 3 0x8000a412 (0x00006f17) x30 0x80010412
core   0: 0x8000a416 (0xbe3f2723) sw      gp, -1042(t5)
core   0: 3 0x8000a416 (0xbe3f2723) mem 0x80010000 0x00000001
core   0: 0x8000a41a (0x0000bfe5) c.j     pc - 8
core   0: 3 0x8000a41a (0xbfe5)
core   0: 0x8000a412 (0x00006f17) auipc   t5, 0x6
core   0: 3 0x8000a412 (0x00006f17) x30 0x80010412
core   0: 0x8000a416 (0xbe3f2723) sw      gp, -1042(t5)
core   0: 3 0x8000a416 (0xbe3f2723) mem 0x80010000 0x00000001
core   0: 0x8000a41a (0x0000bfe5) c.j     pc - 8
core   0: 3 0x8000a41a (0xbfe5)
core   0: 0x8000a412 (0x00006f17) auipc   t5, 0x6
core   0: 3 0x8000a412 (0x00006f17) x30 0x80010412
core   0: 0x8000a416 (0xbe3f2723) sw      gp, -1042(t5)
core   0: 3 0x8000a416 (0xbe3f2723) mem 0x80010000 0x00000001
core   0: 0x8000a41a (0x0000bfe5) c.j     pc - 8
core   0: 3 0x8000a41a (0xbfe5)
core   0: 0x8000a412 (0x00006f17) auipc   t5, 0x6
core   0: 3 0x8000a412 (0x00006f17) x30 0x80010412
core   0: 0x8000a416 (0xbe3f2723) sw      gp, -1042(t5)
core   0: 3 0x8000a416 (0xbe3f2723) mem 0x80010000 0x00000001
core   0: 0x8000a41a (0x0000bfe5) c.j     pc - 8
core   0: 3 0x8000a41a (0xbfe5)
core   0: 0x8000a412 (0x00006f17) auipc   t5, 0x6
core   0: 3 0x8000a412 (0x00006f17) x30 0x80010412
core   0: 0x8000a416 (0xbe3f2723) sw      gp, -1042(t5)
core   0: 3 0x8000a416 (0xbe3f2723) mem 0x80010000 0x00000001
core   0: 0x8000a41a (0x0000bfe5) c.j     pc - 8
core   0: 3 0x8000a41a (0xbfe5)
core   0: 0x8000a412 (0x00006f17) auipc   t5, 0x6
core   0: 3 0x8000a412 (0x00006f17) x30 0x80010412
core   0: 0x8000a416 (0xbe3f2723) sw      gp, -1042(t5)
core   0: 3 0x8000a416 (0xbe3f2723) mem 0x80010000 0x00000001
core   0: 0x8000a41a (0x0000bfe5) c.j     pc - 8
core   0: 3 0x8000a41a (0xbfe5)
core   0: 0x8000a412 (0x00006f17) auipc   t5, 0x6
core   0: 3 0x8000a412 (0x00006f17) x30 0x80010412
core   0: 0x8000a416 (0xbe3f2723) sw      gp, -1042(t5)
core   0: 3 0x8000a416 (0xbe3f2723) mem 0x80010000 0x00000001
core   0: 0x8000a41a (0x0000bfe5) c.j     pc - 8
core   0: 3 0x8000a41a (0xbfe5)
core   0: 0x8000a412 (0x00006f17) auipc   t5, 0x6
core   0: 3 0x8000a412 (0x00006f17) x30 0x80010412
core   0: 0x8000a416 (0xbe3f2723) sw      gp, -1042(t5)
core   0: 3 0x8000a416 (0xbe3f2723) mem 0x80010000 0x00000001
core   0: 0x8000a41a (0x0000bfe5) c.j     pc - 8
core   0: 3 0x8000a41a (0xbfe5)
core   0: 0x8000a412 (0x00006f17) auipc   t5, 0x6
core   0: 3 0x8000a412 (0x00006f17) x30 0x80010412
core   0: 0x8000a416 (0xbe3f2723) sw      gp, -1042(t5)
core   0: 3 0x8000a416 (0xbe3f2723) mem 0x80010000 0x00000001
core   0: 0x8000a41a (0x0000bfe5) c.j     pc - 8
core   0: 3 0x8000a41a (0xbfe5)
core   0: 0x8000a412 (0x00006f17) auipc   t5, 0x6
core   0: 3 0x8000a412 (0x00006f17) x30 0x80010412
core   0: 0x8000a416 (0xbe3f2723) sw      gp, -1042(t5)
core   0: 3 0x8000a416 (0xbe3f2723) mem 0x80010000 0x00000001
core   0: 0x8000a41a (0x0000bfe5) c.j     pc - 8
core   0: 3 0x8000a41a (0xbfe5)
core   0: 0x8000a412 (0x00006f17) auipc   t5, 0x6
core   0: 3 0x8000a412 (0x00006f17) x30 0x80010412
core   0: 0x8000a416 (0xbe3f2723) sw      gp, -1042(t5)
core   0: 3 0x8000a416 (0xbe3f2723) mem 0x80010000 0x00000001
core   0: 0x8000a41a (0x0000bfe5) c.j     pc - 8
core   0: 3 0x8000a41a (0xbfe5)
core   0: 0x8000a412 (0x00006f17) auipc   t5, 0x6
core   0: 3 0x8000a412 (0x00006f17) x30 0x80010412
core   0: 0x8000a416 (0xbe3f2723) sw      gp, -1042(t5)
core   0: 3 0x8000a416 (0xbe3f2723) mem 0x80010000 0x00000001
core   0: 0x8000a41a (0x0000bfe5) c.j     pc - 8
core   0: 3 0x8000a41a (0xbfe5)
core   0: 0x8000a412 (0x00006f17) auipc   t5, 0x6
core   0: 3 0x8000a412 (0x00006f17) x30 0x80010412
core   0: 0x8000a416 (0xbe3f2723) sw      gp, -1042(t5)
core   0: 3 0x8000a416 (0xbe3f2723) mem 0x80010000 0x00000001
core   0: 0x8000a41a (0x0000bfe5) c.j     pc - 8
core   0: 3 0x8000a41a (0xbfe5)
core   0: 0x8000a412 (0x00006f17) auipc   t5, 0x6
core   0: 3 0x8000a412 (0x00006f17) x30 0x80010412
core   0: 0x8000a416 (0xbe3f2723) sw      gp, -1042(t5)
core   0: 3 0x8000a416 (0xbe3f2723) mem 0x80010000 0x00000001
core   0: 0x8000a41a (0x0000bfe5) c.j     pc - 8
core   0: 3 0x8000a41a (0xbfe5)
core   0: 0x8000a412 (0x00006f17) auipc   t5, 0x6
core   0: 3 0x8000a412 (0x00006f17) x30 0x80010412
core   0: 0x8000a416 (0xbe3f2723) sw      gp, -1042(t5)
core   0: 3 0x8000a416 (0xbe3f2723) mem 0x80010000 0x00000001
core   0: 0x8000a41a (0x0000bfe5) c.j     pc - 8
core   0: 3 0x8000a41a (0xbfe5)
core   0: 0x8000a412 (0x00006f17) auipc   t5, 0x6
core   0: 3 0x8000a412 (0x00006f17) x30 0x80010412
core   0: 0x8000a416 (0xbe3f2723) sw      gp, -1042(t5)
core   0: 3 0x8000a416 (0xbe3f2723) mem 0x80010000 0x00000001
core   0: 0x8000a41a (0x0000bfe5) c.j     pc - 8
core   0: 3 0x8000a41a (0xbfe5)
core   0: 0x8000a412 (0x00006f17) auipc   t5, 0x6
core   0: 3 0x8000a412 (0x00006f17) x30 0x80010412
core   0: 0x8000a416 (0xbe3f2723) sw      gp, -1042(t5)
core   0: 3 0x8000a416 (0xbe3f2723) mem 0x80010000 0x00000001
core   0: 0x8000a41a (0x0000bfe5) c.j     pc - 8
core   0: 3 0x8000a41a (0xbfe5)
core   0: 0x8000a412 (0x00006f17) auipc   t5, 0x6
core   0: 3 0x8000a412 (0x00006f17) x30 0x80010412
core   0: 0x8000a416 (0xbe3f2723) sw      gp, -1042(t5)
core   0: 3 0x8000a416 (0xbe3f2723) mem 0x80010000 0x00000001
core   0: 0x8000a41a (0x0000bfe5) c.j     pc - 8
core   0: 3 0x8000a41a (0xbfe5)
core   0: 0x8000a412 (0x00006f17) auipc   t5, 0x6
core   0: 3 0x8000a412 (0x00006f17) x30 0x80010412
core   0: 0x8000a416 (0xbe3f2723) sw      gp, -1042(t5)
core   0: 3 0x8000a416 (0xbe3f2723) mem 0x80010000 0x00000001
core   0: 0x8000a41a (0x0000bfe5) c.j     pc - 8
core   0: 3 0x8000a41a (0xbfe5)
core   0: 0x8000a412 (0x00006f17) auipc   t5, 0x6
core   0: 3 0x8000a412 (0x00006f17) x30 0x80010412
core   0: 0x8000a416 (0xbe3f2723) sw      gp, -1042(t5)
core   0: 3 0x8000a416 (0xbe3f2723) mem 0x80010000 0x00000001
core   0: 0x8000a41a (0x0000bfe5) c.j     pc - 8
core   0: 3 0x8000a41a (0xbfe5)
core   0: 0x8000a412 (0x00006f17) auipc   t5, 0x6
core   0: 3 0x8000a412 (0x00006f17) x30 0x80010412
core   0: 0x8000a416 (0xbe3f2723) sw      gp, -1042(t5)
core   0: 3 0x8000a416 (0xbe3f2723) mem 0x80010000 0x00000001
core   0: 0x8000a41a (0x0000bfe5) c.j     pc - 8
core   0: 3 0x8000a41a (0xbfe5)
core   0: 0x8000a412 (0x00006f17) auipc   t5, 0x6
core   0: 3 0x8000a412 (0x00006f17) x30 0x80010412
core   0: 0x8000a416 (0xbe3f2723) sw      gp, -1042(t5)
core   0: 3 0x8000a416 (0xbe3f2723) mem 0x80010000 0x00000001
core   0: 0x8000a41a (0x0000bfe5) c.j     pc - 8
core   0: 3 0x8000a41a (0xbfe5)
core   0: 0x8000a412 (0x00006f17) auipc   t5, 0x6
core   0: 3 0x8000a412 (0x00006f17) x30 0x80010412
core   0: 0x8000a416 (0xbe3f2723) sw      gp, -1042(t5)
core   0: 3 0x8000a416 (0xbe3f2723) mem 0x80010000 0x00000001
core   0: 0x8000a41a (0x0000bfe5) c.j     pc - 8
core   0: 3 0x8000a41a (0xbfe5)
core   0: 0x8000a412 (0x00006f17) auipc   t5, 0x6
core   0: 3 0x8000a412 (0x00006f17) x30 0x80010412
core   0: 0x8000a416 (0xbe3f2723) sw      gp, -1042(t5)
core   0: 3 0x8000a416 (0xbe3f2723) mem 0x80010000 0x00000001
core   0: 0x8000a41a (0x0000bfe5) c.j     pc - 8
core   0: 3 0x8000a41a (0xbfe5)
core   0: 0x8000a412 (0x00006f17) auipc   t5, 0x6
core   0: 3 0x8000a412 (0x00006f17) x30 0x80010412
core   0: 0x8000a416 (0xbe3f2723) sw      gp, -1042(t5)
core   0: 3 0x8000a416 (0xbe3f2723) mem 0x80010000 0x00000001
core   0: 0x8000a41a (0x0000bfe5) c.j     pc - 8
core   0: 3 0x8000a41a (0xbfe5)
core   0: 0x8000a412 (0x00006f17) auipc   t5, 0x6
core   0: 3 0x8000a412 (0x00006f17) x30 0x80010412
core   0: 0x8000a416 (0xbe3f2723) sw      gp, -1042(t5)
core   0: 3 0x8000a416 (0xbe3f2723) mem 0x80010000 0x00000001
core   0: 0x8000a41a (0x0000bfe5) c.j     pc - 8
core   0: 3 0x8000a41a (0xbfe5)
core   0: 0x8000a412 (0x00006f17) auipc   t5, 0x6
core   0: 3 0x8000a412 (0x00006f17) x30 0x80010412
core   0: 0x8000a416 (0xbe3f2723) sw      gp, -1042(t5)
core   0: 3 0x8000a416 (0xbe3f2723) mem 0x80010000 0x00000001
core   0: 0x8000a41a (0x0000bfe5) c.j     pc - 8
core   0: 3 0x8000a41a (0xbfe5)
core   0: 0x8000a412 (0x00006f17) auipc   t5, 0x6
core   0: 3 0x8000a412 (0x00006f17) x30 0x80010412
core   0: 0x8000a416 (0xbe3f2723) sw      gp, -1042(t5)
core   0: 3 0x8000a416 (0xbe3f2723) mem 0x80010000 0x00000001
core   0: 0x8000a41a (0x0000bfe5) c.j     pc - 8
core   0: 3 0x8000a41a (0xbfe5)
core   0: 0x8000a412 (0x00006f17) auipc   t5, 0x6
core   0: 3 0x8000a412 (0x00006f17) x30 0x80010412
core   0: 0x8000a416 (0xbe3f2723) sw      gp, -1042(t5)
core   0: 3 0x8000a416 (0xbe3f2723) mem 0x80010000 0x00000001
core   0: 0x8000a41a (0x0000bfe5) c.j     pc - 8
core   0: 3 0x8000a41a (0xbfe5)
core   0: 0x8000a412 (0x00006f17) auipc   t5, 0x6
core   0: 3 0x8000a412 (0x00006f17) x30 0x80010412
core   0: 0x8000a416 (0xbe3f2723) sw      gp, -1042(t5)
core   0: 3 0x8000a416 (0xbe3f2723) mem 0x80010000 0x00000001
core   0: 0x8000a41a (0x0000bfe5) c.j     pc - 8
core   0: 3 0x8000a41a (0xbfe5)
core   0: 0x8000a412 (0x00006f17) auipc   t5, 0x6
core   0: 3 0x8000a412 (0x00006f17) x30 0x80010412
core   0: 0x8000a416 (0xbe3f2723) sw      gp, -1042(t5)
core   0: 3 0x8000a416 (0xbe3f2723) mem 0x80010000 0x00000001
core   0: 0x8000a41a (0x0000bfe5) c.j     pc - 8
core   0: 3 0x8000a41a (0xbfe5)
core   0: 0x8000a412 (0x00006f17) auipc   t5, 0x6
core   0: 3 0x8000a412 (0x00006f17) x30 0x80010412
core   0: 0x8000a416 (0xbe3f2723) sw      gp, -1042(t5)
core   0: 3 0x8000a416 (0xbe3f2723) mem 0x80010000 0x00000001
core   0: 0x8000a41a (0x0000bfe5) c.j     pc - 8
core   0: 3 0x8000a41a (0xbfe5)
core   0: 0x8000a412 (0x00006f17) auipc   t5, 0x6
core   0: 3 0x8000a412 (0x00006f17) x30 0x80010412
core   0: 0x8000a416 (0xbe3f2723) sw      gp, -1042(t5)
core   0: 3 0x8000a416 (0xbe3f2723) mem 0x80010000 0x00000001
core   0: 0x8000a41a (0x0000bfe5) c.j     pc - 8
core   0: 3 0x8000a41a (0xbfe5)
core   0: 0x8000a412 (0x00006f17) auipc   t5, 0x6
core   0: 3 0x8000a412 (0x00006f17) x30 0x80010412
core   0: 0x8000a416 (0xbe3f2723) sw      gp, -1042(t5)
core   0: 3 0x8000a416 (0xbe3f2723) mem 0x80010000 0x00000001
core   0: 0x8000a41a (0x0000bfe5) c.j     pc - 8
core   0: 3 0x8000a41a (0xbfe5)
core   0: 0x8000a412 (0x00006f17) auipc   t5, 0x6
core   0: 3 0x8000a412 (0x00006f17) x30 0x80010412
core   0: 0x8000a416 (0xbe3f2723) sw      gp, -1042(t5)
core   0: 3 0x8000a416 (0xbe3f2723) mem 0x80010000 0x00000001
core   0: 0x8000a41a (0x0000bfe5) c.j     pc - 8
core   0: 3 0x8000a41a (0xbfe5)
core   0: 0x8000a412 (0x00006f17) auipc   t5, 0x6
core   0: 3 0x8000a412 (0x00006f17) x30 0x80010412
core   0: 0x8000a416 (0xbe3f2723) sw      gp, -1042(t5)
core   0: 3 0x8000a416 (0xbe3f2723) mem 0x80010000 0x00000001
core   0: 0x8000a41a (0x0000bfe5) c.j     pc - 8
core   0: 3 0x8000a41a (0xbfe5)
core   0: 0x8000a412 (0x00006f17) auipc   t5, 0x6
core   0: 3 0x8000a412 (0x00006f17) x30 0x80010412
core   0: 0x8000a416 (0xbe3f2723) sw      gp, -1042(t5)
core   0: 3 0x8000a416 (0xbe3f2723) mem 0x80010000 0x00000001
core   0: 0x8000a41a (0x0000bfe5) c.j     pc - 8
core   0: 3 0x8000a41a (0xbfe5)
core   0: 0x8000a412 (0x00006f17) auipc   t5, 0x6
core   0: 3 0x8000a412 (0x00006f17) x30 0x80010412
core   0: 0x8000a416 (0xbe3f2723) sw      gp, -1042(t5)
core   0: 3 0x8000a416 (0xbe3f2723) mem 0x80010000 0x00000001
core   0: 0x8000a41a (0x0000bfe5) c.j     pc - 8
core   0: 3 0x8000a41a (0xbfe5)
core   0: 0x8000a412 (0x00006f17) auipc   t5, 0x6
core   0: 3 0x8000a412 (0x00006f17) x30 0x80010412
core   0: 0x8000a416 (0xbe3f2723) sw      gp, -1042(t5)
core   0: 3 0x8000a416 (0xbe3f2723) mem 0x80010000 0x00000001
core   0: 0x8000a41a (0x0000bfe5) c.j     pc - 8
core   0: 3 0x8000a41a (0xbfe5)
core   0: 0x8000a412 (0x00006f17) auipc   t5, 0x6
core   0: 3 0x8000a412 (0x00006f17) x30 0x80010412
core   0: 0x8000a416 (0xbe3f2723) sw      gp, -1042(t5)
core   0: 3 0x8000a416 (0xbe3f2723) mem 0x80010000 0x00000001
core   0: 0x8000a41a (0x0000bfe5) c.j     pc - 8
core   0: 3 0x8000a41a (0xbfe5)
core   0: 0x8000a412 (0x00006f17) auipc   t5, 0x6
core   0: 3 0x8000a412 (0x00006f17) x30 0x80010412
core   0: 0x8000a416 (0xbe3f2723) sw      gp, -1042(t5)
core   0: 3 0x8000a416 (0xbe3f2723) mem 0x80010000 0x00000001
core   0: 0x8000a41a (0x0000bfe5) c.j     pc - 8
core   0: 3 0x8000a41a (0xbfe5)
core   0: 0x8000a412 (0x00006f17) auipc   t5, 0x6
core   0: 3 0x8000a412 (0x00006f17) x30 0x80010412
core   0: 0x8000a416 (0xbe3f2723) sw      gp, -1042(t5)
core   0: 3 0x8000a416 (0xbe3f2723) mem 0x80010000 0x00000001
core   0: 0x8000a41a (0x0000bfe5) c.j     pc - 8
core   0: 3 0x8000a41a (0xbfe5)
core   0: 0x8000a412 (0x00006f17) auipc   t5, 0x6
core   0: 3 0x8000a412 (0x00006f17) x30 0x80010412
core   0: 0x8000a416 (0xbe3f2723) sw      gp, -1042(t5)
core   0: 3 0x8000a416 (0xbe3f2723) mem 0x80010000 0x00000001
core   0: 0x8000a41a (0x0000bfe5) c.j     pc - 8
core   0: 3 0x8000a41a (0xbfe5)
core   0: 0x8000a412 (0x00006f17) auipc   t5, 0x6
core   0: 3 0x8000a412 (0x00006f17) x30 0x80010412
core   0: 0x8000a416 (0xbe3f2723) sw      gp, -1042(t5)
core   0: 3 0x8000a416 (0xbe3f2723) mem 0x80010000 0x00000001
core   0: 0x8000a41a (0x0000bfe5) c.j     pc - 8
core   0: 3 0x8000a41a (0xbfe5)
core   0: 0x8000a412 (0x00006f17) auipc   t5, 0x6
core   0: 3 0x8000a412 (0x00006f17) x30 0x80010412
core   0: 0x8000a416 (0xbe3f2723) sw      gp, -1042(t5)
core   0: 3 0x8000a416 (0xbe3f2723) mem 0x80010000 0x00000001
core   0: 0x8000a41a (0x0000bfe5) c.j     pc - 8
core   0: 3 0x8000a41a (0xbfe5)
core   0: 0x8000a412 (0x00006f17) auipc   t5, 0x6
core   0: 3 0x8000a412 (0x00006f17) x30 0x80010412
core   0: 0x8000a416 (0xbe3f2723) sw      gp, -1042(t5)
core   0: 3 0x8000a416 (0xbe3f2723) mem 0x80010000 0x00000001
core   0: 0x8000a41a (0x0000bfe5) c.j     pc - 8
core   0: 3 0x8000a41a (0xbfe5)
core   0: 0x8000a412 (0x00006f17) auipc   t5, 0x6
core   0: 3 0x8000a412 (0x00006f17) x30 0x80010412
core   0: 0x8000a416 (0xbe3f2723) sw      gp, -1042(t5)
core   0: 3 0x8000a416 (0xbe3f2723) mem 0x80010000 0x00000001
core   0: 0x8000a41a (0x0000bfe5) c.j     pc - 8
core   0: 3 0x8000a41a (0xbfe5)
core   0: 0x8000a412 (0x00006f17) auipc   t5, 0x6
core   0: 3 0x8000a412 (0x00006f17) x30 0x80010412
core   0: 0x8000a416 (0xbe3f2723) sw      gp, -1042(t5)
core   0: 3 0x8000a416 (0xbe3f2723) mem 0x80010000 0x00000001
core   0: 0x8000a41a (0x0000bfe5) c.j     pc - 8
core   0: 3 0x8000a41a (0xbfe5)
core   0: 0x8000a412 (0x00006f17) auipc   t5, 0x6
core   0: 3 0x8000a412 (0x00006f17) x30 0x80010412
core   0: 0x8000a416 (0xbe3f2723) sw      gp, -1042(t5)
core   0: 3 0x8000a416 (0xbe3f2723) mem 0x80010000 0x00000001
core   0: 0x8000a41a (0x0000bfe5) c.j     pc - 8
core   0: 3 0x8000a41a (0xbfe5)
core   0: 0x8000a412 (0x00006f17) auipc   t5, 0x6
core   0: 3 0x8000a412 (0x00006f17) x30 0x80010412
core   0: 0x8000a416 (0xbe3f2723) sw      gp, -1042(t5)
core   0: 3 0x8000a416 (0xbe3f2723) mem 0x80010000 0x00000001
core   0: 0x8000a41a (0x0000bfe5) c.j     pc - 8
core   0: 3 0x8000a41a (0xbfe5)
core   0: 0x8000a412 (0x00006f17) auipc   t5, 0x6
core   0: 3 0x8000a412 (0x00006f17) x30 0x80010412
core   0: 0x8000a416 (0xbe3f2723) sw      gp, -1042(t5)
core   0: 3 0x8000a416 (0xbe3f2723) mem 0x80010000 0x00000001
core   0: 0x8000a41a (0x0000bfe5) c.j     pc - 8
core   0: 3 0x8000a41a (0xbfe5)
core   0: 0x8000a412 (0x00006f17) auipc   t5, 0x6
core   0: 3 0x8000a412 (0x00006f17) x30 0x80010412
core   0: 0x8000a416 (0xbe3f2723) sw      gp, -1042(t5)
core   0: 3 0x8000a416 (0xbe3f2723) mem 0x80010000 0x00000001
core   0: 0x8000a41a (0x0000bfe5) c.j     pc - 8
core   0: 3 0x8000a41a (0xbfe5)
core   0: 0x8000a412 (0x00006f17) auipc   t5, 0x6
core   0: 3 0x8000a412 (0x00006f17) x30 0x80010412
core   0: 0x8000a416 (0xbe3f2723) sw      gp, -1042(t5)
core   0: 3 0x8000a416 (0xbe3f2723) mem 0x80010000 0x00000001
core   0: 0x8000a41a (0x0000bfe5) c.j     pc - 8
core   0: 3 0x8000a41a (0xbfe5)
core   0: 0x8000a412 (0x00006f17) auipc   t5, 0x6
core   0: 3 0x8000a412 (0x00006f17) x30 0x80010412
core   0: 0x8000a416 (0xbe3f2723) sw      gp, -1042(t5)
core   0: 3 0x8000a416 (0xbe3f2723) mem 0x80010000 0x00000001
core   0: 0x8000a41a (0x0000bfe5) c.j     pc - 8
core   0: 3 0x8000a41a (0xbfe5)
core   0: 0x8000a412 (0x00006f17) auipc   t5, 0x6
core   0: 3 0x8000a412 (0x00006f17) x30 0x80010412
core   0: 0x8000a416 (0xbe3f2723) sw      gp, -1042(t5)
core   0: 3 0x8000a416 (0xbe3f2723) mem 0x80010000 0x00000001
core   0: 0x8000a41a (0x0000bfe5) c.j     pc - 8
core   0: 3 0x8000a41a (0xbfe5)
core   0: 0x8000a412 (0x00006f17) auipc   t5, 0x6
core   0: 3 0x8000a412 (0x00006f17) x30 0x80010412
core   0: 0x8000a416 (0xbe3f2723) sw      gp, -1042(t5)
core   0: 3 0x8000a416 (0xbe3f2723) mem 0x80010000 0x00000001
core   0: 0x8000a41a (0x0000bfe5) c.j     pc - 8
core   0: 3 0x8000a41a (0xbfe5)
core   0: 0x8000a412 (0x00006f17) auipc   t5, 0x6
core   0: 3 0x8000a412 (0x00006f17) x30 0x80010412
core   0: 0x8000a416 (0xbe3f2723) sw      gp, -1042(t5)
core   0: 3 0x8000a416 (0xbe3f2723) mem 0x80010000 0x00000001
core   0: 0x8000a41a (0x0000bfe5) c.j     pc - 8
core   0: 3 0x8000a41a (0xbfe5)
core   0: 0x8000a412 (0x00006f17) auipc   t5, 0x6
core   0: 3 0x8000a412 (0x00006f17) x30 0x80010412
core   0: 0x8000a416 (0xbe3f2723) sw      gp, -1042(t5)
core   0: 3 0x8000a416 (0xbe3f2723) mem 0x80010000 0x00000001
core   0: 0x8000a41a (0x0000bfe5) c.j     pc - 8
core   0: 3 0x8000a41a (0xbfe5)
core   0: 0x8000a412 (0x00006f17) auipc   t5, 0x6
core   0: 3 0x8000a412 (0x00006f17) x30 0x80010412
core   0: 0x8000a416 (0xbe3f2723) sw      gp, -1042(t5)
core   0: 3 0x8000a416 (0xbe3f2723) mem 0x80010000 0x00000001
core   0: 0x8000a41a (0x0000bfe5) c.j     pc - 8
core   0: 3 0x8000a41a (0xbfe5)
core   0: 0x8000a412 (0x00006f17) auipc   t5, 0x6
core   0: 3 0x8000a412 (0x00006f17) x30 0x80010412
core   0: 0x8000a416 (0xbe3f2723) sw      gp, -1042(t5)
core   0: 3 0x8000a416 (0xbe3f2723) mem 0x80010000 0x00000001
core   0: 0x8000a41a (0x0000bfe5) c.j     pc - 8
core   0: 3 0x8000a41a (0xbfe5)
core   0: 0x8000a412 (0x00006f17) auipc   t5, 0x6
core   0: 3 0x8000a412 (0x00006f17) x30 0x80010412
core   0: 0x8000a416 (0xbe3f2723) sw      gp, -1042(t5)
core   0: 3 0x8000a416 (0xbe3f2723) mem 0x80010000 0x00000001
core   0: 0x8000a41a (0x0000bfe5) c.j     pc - 8
core   0: 3 0x8000a41a (0xbfe5)
core   0: 0x8000a412 (0x00006f17) auipc   t5, 0x6
core   0: 3 0x8000a412 (0x00006f17) x30 0x80010412
core   0: 0x8000a416 (0xbe3f2723) sw      gp, -1042(t5)
core   0: 3 0x8000a416 (0xbe3f2723) mem 0x80010000 0x00000001
core   0: 0x8000a41a (0x0000bfe5) c.j     pc - 8
core   0: 3 0x8000a41a (0xbfe5)
core   0: 0x8000a412 (0x00006f17) auipc   t5, 0x6
core   0: 3 0x8000a412 (0x00006f17) x30 0x80010412
core   0: 0x8000a416 (0xbe3f2723) sw      gp, -1042(t5)
core   0: 3 0x8000a416 (0xbe3f2723) mem 0x80010000 0x00000001
core   0: 0x8000a41a (0x0000bfe5) c.j     pc - 8
core   0: 3 0x8000a41a (0xbfe5)
core   0: 0x8000a412 (0x00006f17) auipc   t5, 0x6
core   0: 3 0x8000a412 (0x00006f17) x30 0x80010412
core   0: 0x8000a416 (0xbe3f2723) sw      gp, -1042(t5)
core   0: 3 0x8000a416 (0xbe3f2723) mem 0x80010000 0x00000001
core   0: 0x8000a41a (0x0000bfe5) c.j     pc - 8
core   0: 3 0x8000a41a (0xbfe5)
core   0: 0x8000a412 (0x00006f17) auipc   t5, 0x6
core   0: 3 0x8000a412 (0x00006f17) x30 0x80010412
core   0: 0x8000a416 (0xbe3f2723) sw      gp, -1042(t5)
core   0: 3 0x8000a416 (0xbe3f2723) mem 0x80010000 0x00000001
core   0: 0x8000a41a (0x0000bfe5) c.j     pc - 8
core   0: 3 0x8000a41a (0xbfe5)
core   0: 0x8000a412 (0x00006f17) auipc   t5, 0x6
core   0: 3 0x8000a412 (0x00006f17) x30 0x80010412
core   0: 0x8000a416 (0xbe3f2723) sw      gp, -1042(t5)
core   0: 3 0x8000a416 (0xbe3f2723) mem 0x80010000 0x00000001
core   0: 0x8000a41a (0x0000bfe5) c.j     pc - 8
core   0: 3 0x8000a41a (0xbfe5)
core   0: 0x8000a412 (0x00006f17) auipc   t5, 0x6
core   0: 3 0x8000a412 (0x00006f17) x30 0x80010412
core   0: 0x8000a416 (0xbe3f2723) sw      gp, -1042(t5)
core   0: 3 0x8000a416 (0xbe3f2723) mem 0x80010000 0x00000001
core   0: 0x8000a41a (0x0000bfe5) c.j     pc - 8
core   0: 3 0x8000a41a (0xbfe5)
core   0: 0x8000a412 (0x00006f17) auipc   t5, 0x6
core   0: 3 0x8000a412 (0x00006f17) x30 0x80010412
core   0: 0x8000a416 (0xbe3f2723) sw      gp, -1042(t5)
core   0: 3 0x8000a416 (0xbe3f2723) mem 0x80010000 0x00000001
core   0: 0x8000a41a (0x0000bfe5) c.j     pc - 8
core   0: 3 0x8000a41a (0xbfe5)
core   0: 0x8000a412 (0x00006f17) auipc   t5, 0x6
core   0: 3 0x8000a412 (0x00006f17) x30 0x80010412
core   0: 0x8000a416 (0xbe3f2723) sw      gp, -1042(t5)
core   0: 3 0x8000a416 (0xbe3f2723) mem 0x80010000 0x00000001
core   0: 0x8000a41a (0x0000bfe5) c.j     pc - 8
core   0: 3 0x8000a41a (0xbfe5)
core   0: 0x8000a412 (0x00006f17) auipc   t5, 0x6
core   0: 3 0x8000a412 (0x00006f17) x30 0x80010412
core   0: 0x8000a416 (0xbe3f2723) sw      gp, -1042(t5)
core   0: 3 0x8000a416 (0xbe3f2723) mem 0x80010000 0x00000001
core   0: 0x8000a41a (0x0000bfe5) c.j     pc - 8
core   0: 3 0x8000a41a (0xbfe5)
core   0: 0x8000a412 (0x00006f17) auipc   t5, 0x6
core   0: 3 0x8000a412 (0x00006f17) x30 0x80010412
core   0: 0x8000a416 (0xbe3f2723) sw      gp, -1042(t5)
core   0: 3 0x8000a416 (0xbe3f2723) mem 0x80010000 0x00000001
core   0: 0x8000a41a (0x0000bfe5) c.j     pc - 8
core   0: 3 0x8000a41a (0xbfe5)
core   0: 0x8000a412 (0x00006f17) auipc   t5, 0x6
core   0: 3 0x8000a412 (0x00006f17) x30 0x80010412
core   0: 0x8000a416 (0xbe3f2723) sw      gp, -1042(t5)
core   0: 3 0x8000a416 (0xbe3f2723) mem 0x80010000 0x00000001
core   0: 0x8000a41a (0x0000bfe5) c.j     pc - 8
core   0: 3 0x8000a41a (0xbfe5)
core   0: 0x8000a412 (0x00006f17) auipc   t5, 0x6
core   0: 3 0x8000a412 (0x00006f17) x30 0x80010412
core   0: 0x8000a416 (0xbe3f2723) sw      gp, -1042(t5)
core   0: 3 0x8000a416 (0xbe3f2723) mem 0x80010000 0x00000001
core   0: 0x8000a41a (0x0000bfe5) c.j     pc - 8
core   0: 3 0x8000a41a (0xbfe5)
core   0: 0x8000a412 (0x00006f17) auipc   t5, 0x6
core   0: 3 0x8000a412 (0x00006f17) x30 0x80010412
core   0: 0x8000a416 (0xbe3f2723) sw      gp, -1042(t5)
core   0: 3 0x8000a416 (0xbe3f2723) mem 0x80010000 0x00000001
core   0: 0x8000a41a (0x0000bfe5) c.j     pc - 8
core   0: 3 0x8000a41a (0xbfe5)
core   0: 0x8000a412 (0x00006f17) auipc   t5, 0x6
core   0: 3 0x8000a412 (0x00006f17) x30 0x80010412
core   0: 0x8000a416 (0xbe3f2723) sw      gp, -1042(t5)
core   0: 3 0x8000a416 (0xbe3f2723) mem 0x80010000 0x00000001
core   0: 0x8000a41a (0x0000bfe5) c.j     pc - 8
core   0: 3 0x8000a41a (0xbfe5)
core   0: 0x8000a412 (0x00006f17) auipc   t5, 0x6
core   0: 3 0x8000a412 (0x00006f17) x30 0x80010412
core   0: 0x8000a416 (0xbe3f2723) sw      gp, -1042(t5)
core   0: 3 0x8000a416 (0xbe3f2723) mem 0x80010000 0x00000001
core   0: 0x8000a41a (0x0000bfe5) c.j     pc - 8
core   0: 3 0x8000a41a (0xbfe5)
core   0: 0x8000a412 (0x00006f17) auipc   t5, 0x6
core   0: 3 0x8000a412 (0x00006f17) x30 0x80010412
core   0: 0x8000a416 (0xbe3f2723) sw      gp, -1042(t5)
core   0: 3 0x8000a416 (0xbe3f2723) mem 0x80010000 0x00000001
core   0: 0x8000a41a (0x0000bfe5) c.j     pc - 8
core   0: 3 0x8000a41a (0xbfe5)
core   0: 0x8000a412 (0x00006f17) auipc   t5, 0x6
core   0: 3 0x8000a412 (0x00006f17) x30 0x80010412
core   0: 0x8000a416 (0xbe3f2723) sw      gp, -1042(t5)
core   0: 3 0x8000a416 (0xbe3f2723) mem 0x80010000 0x00000001
core   0: 0x8000a41a (0x0000bfe5) c.j     pc - 8
core   0: 3 0x8000a41a (0xbfe5)
core   0: 0x8000a412 (0x00006f17) auipc   t5, 0x6
core   0: 3 0x8000a412 (0x00006f17) x30 0x80010412
core   0: 0x8000a416 (0xbe3f2723) sw      gp, -1042(t5)
core   0: 3 0x8000a416 (0xbe3f2723) mem 0x80010000 0x00000001
core   0: 0x8000a41a (0x0000bfe5) c.j     pc - 8
core   0: 3 0x8000a41a (0xbfe5)
core   0: 0x8000a412 (0x00006f17) auipc   t5, 0x6
core   0: 3 0x8000a412 (0x00006f17) x30 0x80010412
core   0: 0x8000a416 (0xbe3f2723) sw      gp, -1042(t5)
core   0: 3 0x8000a416 (0xbe3f2723) mem 0x80010000 0x00000001
core   0: 0x8000a41a (0x0000bfe5) c.j     pc - 8
core   0: 3 0x8000a41a (0xbfe5)
core   0: 0x8000a412 (0x00006f17) auipc   t5, 0x6
core   0: 3 0x8000a412 (0x00006f17) x30 0x80010412
core   0: 0x8000a416 (0xbe3f2723) sw      gp, -1042(t5)
core   0: 3 0x8000a416 (0xbe3f2723) mem 0x80010000 0x00000001
core   0: 0x8000a41a (0x0000bfe5) c.j     pc - 8
core   0: 3 0x8000a41a (0xbfe5)
core   0: 0x8000a412 (0x00006f17) auipc   t5, 0x6
core   0: 3 0x8000a412 (0x00006f17) x30 0x80010412
core   0: 0x8000a416 (0xbe3f2723) sw      gp, -1042(t5)
core   0: 3 0x8000a416 (0xbe3f2723) mem 0x80010000 0x00000001
core   0: 0x8000a41a (0x0000bfe5) c.j     pc - 8
core   0: 3 0x8000a41a (0xbfe5)
core   0: 0x8000a412 (0x00006f17) auipc   t5, 0x6
core   0: 3 0x8000a412 (0x00006f17) x30 0x80010412
core   0: 0x8000a416 (0xbe3f2723) sw      gp, -1042(t5)
core   0: 3 0x8000a416 (0xbe3f2723) mem 0x80010000 0x00000001
core   0: 0x8000a41a (0x0000bfe5) c.j     pc - 8
core   0: 3 0x8000a41a (0xbfe5)
core   0: 0x8000a412 (0x00006f17) auipc   t5, 0x6
core   0: 3 0x8000a412 (0x00006f17) x30 0x80010412
core   0: 0x8000a416 (0xbe3f2723) sw      gp, -1042(t5)
core   0: 3 0x8000a416 (0xbe3f2723) mem 0x80010000 0x00000001
core   0: 0x8000a41a (0x0000bfe5) c.j     pc - 8
core   0: 3 0x8000a41a (0xbfe5)
core   0: 0x8000a412 (0x00006f17) auipc   t5, 0x6
core   0: 3 0x8000a412 (0x00006f17) x30 0x80010412
core   0: 0x8000a416 (0xbe3f2723) sw      gp, -1042(t5)
core   0: 3 0x8000a416 (0xbe3f2723) mem 0x80010000 0x00000001
core   0: 0x8000a41a (0x0000bfe5) c.j     pc - 8
core   0: 3 0x8000a41a (0xbfe5)
core   0: 0x8000a412 (0x00006f17) auipc   t5, 0x6
core   0: 3 0x8000a412 (0x00006f17) x30 0x80010412
core   0: 0x8000a416 (0xbe3f2723) sw      gp, -1042(t5)
core   0: 3 0x8000a416 (0xbe3f2723) mem 0x80010000 0x00000001
core   0: 0x8000a41a (0x0000bfe5) c.j     pc - 8
core   0: 3 0x8000a41a (0xbfe5)
core   0: 0x8000a412 (0x00006f17) auipc   t5, 0x6
core   0: 3 0x8000a412 (0x00006f17) x30 0x80010412
core   0: 0x8000a416 (0xbe3f2723) sw      gp, -1042(t5)
core   0: 3 0x8000a416 (0xbe3f2723) mem 0x80010000 0x00000001
core   0: 0x8000a41a (0x0000bfe5) c.j     pc - 8
core   0: 3 0x8000a41a (0xbfe5)
core   0: 0x8000a412 (0x00006f17) auipc   t5, 0x6
core   0: 3 0x8000a412 (0x00006f17) x30 0x80010412
core   0: 0x8000a416 (0xbe3f2723) sw      gp, -1042(t5)
core   0: 3 0x8000a416 (0xbe3f2723) mem 0x80010000 0x00000001
core   0: 0x8000a41a (0x0000bfe5) c.j     pc - 8
core   0: 3 0x8000a41a (0xbfe5)
core   0: 0x8000a412 (0x00006f17) auipc   t5, 0x6
core   0: 3 0x8000a412 (0x00006f17) x30 0x80010412
core   0: 0x8000a416 (0xbe3f2723) sw      gp, -1042(t5)
core   0: 3 0x8000a416 (0xbe3f2723) mem 0x80010000 0x00000001
core   0: 0x8000a41a (0x0000bfe5) c.j     pc - 8
core   0: 3 0x8000a41a (0xbfe5)
core   0: 0x8000a412 (0x00006f17) auipc   t5, 0x6
core   0: 3 0x8000a412 (0x00006f17) x30 0x80010412
core   0: 0x8000a416 (0xbe3f2723) sw      gp, -1042(t5)
core   0: 3 0x8000a416 (0xbe3f2723) mem 0x80010000 0x00000001
core   0: 0x8000a41a (0x0000bfe5) c.j     pc - 8
core   0: 3 0x8000a41a (0xbfe5)
core   0: 0x8000a412 (0x00006f17) auipc   t5, 0x6
core   0: 3 0x8000a412 (0x00006f17) x30 0x80010412
core   0: 0x8000a416 (0xbe3f2723) sw      gp, -1042(t5)
core   0: 3 0x8000a416 (0xbe3f2723) mem 0x80010000 0x00000001
core   0: 0x8000a41a (0x0000bfe5) c.j     pc - 8
core   0: 3 0x8000a41a (0xbfe5)
core   0: 0x8000a412 (0x00006f17) auipc   t5, 0x6
core   0: 3 0x8000a412 (0x00006f17) x30 0x80010412
core   0: 0x8000a416 (0xbe3f2723) sw      gp, -1042(t5)
core   0: 3 0x8000a416 (0xbe3f2723) mem 0x80010000 0x00000001
core   0: 0x8000a41a (0x0000bfe5) c.j     pc - 8
core   0: 3 0x8000a41a (0xbfe5)
core   0: 0x8000a412 (0x00006f17) auipc   t5, 0x6
core   0: 3 0x8000a412 (0x00006f17) x30 0x80010412
core   0: 0x8000a416 (0xbe3f2723) sw      gp, -1042(t5)
core   0: 3 0x8000a416 (0xbe3f2723) mem 0x80010000 0x00000001
core   0: 0x8000a41a (0x0000bfe5) c.j     pc - 8
core   0: 3 0x8000a41a (0xbfe5)
core   0: 0x8000a412 (0x00006f17) auipc   t5, 0x6
core   0: 3 0x8000a412 (0x00006f17) x30 0x80010412
core   0: 0x8000a416 (0xbe3f2723) sw      gp, -1042(t5)
core   0: 3 0x8000a416 (0xbe3f2723) mem 0x80010000 0x00000001
core   0: 0x8000a41a (0x0000bfe5) c.j     pc - 8
core   0: 3 0x8000a41a (0xbfe5)
core   0: 0x8000a412 (0x00006f17) auipc   t5, 0x6
core   0: 3 0x8000a412 (0x00006f17) x30 0x80010412
core   0: 0x8000a416 (0xbe3f2723) sw      gp, -1042(t5)
core   0: 3 0x8000a416 (0xbe3f2723) mem 0x80010000 0x00000001
core   0: 0x8000a41a (0x0000bfe5) c.j     pc - 8
core   0: 3 0x8000a41a (0xbfe5)
core   0: 0x8000a412 (0x00006f17) auipc   t5, 0x6
core   0: 3 0x8000a412 (0x00006f17) x30 0x80010412
core   0: 0x8000a416 (0xbe3f2723) sw      gp, -1042(t5)
core   0: 3 0x8000a416 (0xbe3f2723) mem 0x80010000 0x00000001
core   0: 0x8000a41a (0x0000bfe5) c.j     pc - 8
core   0: 3 0x8000a41a (0xbfe5)
core   0: 0x8000a412 (0x00006f17) auipc   t5, 0x6
core   0: 3 0x8000a412 (0x00006f17) x30 0x80010412
core   0: 0x8000a416 (0xbe3f2723) sw      gp, -1042(t5)
core   0: 3 0x8000a416 (0xbe3f2723) mem 0x80010000 0x00000001
core   0: 0x8000a41a (0x0000bfe5) c.j     pc - 8
core   0: 3 0x8000a41a (0xbfe5)
core   0: 0x8000a412 (0x00006f17) auipc   t5, 0x6
core   0: 3 0x8000a412 (0x00006f17) x30 0x80010412
core   0: 0x8000a416 (0xbe3f2723) sw      gp, -1042(t5)
core   0: 3 0x8000a416 (0xbe3f2723) mem 0x80010000 0x00000001
core   0: 0x8000a41a (0x0000bfe5) c.j     pc - 8
core   0: 3 0x8000a41a (0xbfe5)
core   0: 0x8000a412 (0x00006f17) auipc   t5, 0x6
core   0: 3 0x8000a412 (0x00006f17) x30 0x80010412
core   0: 0x8000a416 (0xbe3f2723) sw      gp, -1042(t5)
core   0: 3 0x8000a416 (0xbe3f2723) mem 0x80010000 0x00000001
core   0: 0x8000a41a (0x0000bfe5) c.j     pc - 8
core   0: 3 0x8000a41a (0xbfe5)
core   0: 0x8000a412 (0x00006f17) auipc   t5, 0x6
core   0: 3 0x8000a412 (0x00006f17) x30 0x80010412
core   0: 0x8000a416 (0xbe3f2723) sw      gp, -1042(t5)
core   0: 3 0x8000a416 (0xbe3f2723) mem 0x80010000 0x00000001
core   0: 0x8000a41a (0x0000bfe5) c.j     pc - 8
core   0: 3 0x8000a41a (0xbfe5)
core   0: 0x8000a412 (0x00006f17) auipc   t5, 0x6
core   0: 3 0x8000a412 (0x00006f17) x30 0x80010412
core   0: 0x8000a416 (0xbe3f2723) sw      gp, -1042(t5)
core   0: 3 0x8000a416 (0xbe3f2723) mem 0x80010000 0x00000001
core   0: 0x8000a41a (0x0000bfe5) c.j     pc - 8
core   0: 3 0x8000a41a (0xbfe5)
core   0: 0x8000a412 (0x00006f17) auipc   t5, 0x6
core   0: 3 0x8000a412 (0x00006f17) x30 0x80010412
core   0: 0x8000a416 (0xbe3f2723) sw      gp, -1042(t5)
core   0: 3 0x8000a416 (0xbe3f2723) mem 0x80010000 0x00000001
core   0: 0x8000a41a (0x0000bfe5) c.j     pc - 8
core   0: 3 0x8000a41a (0xbfe5)
core   0: 0x8000a412 (0x00006f17) auipc   t5, 0x6
core   0: 3 0x8000a412 (0x00006f17) x30 0x80010412
core   0: 0x8000a416 (0xbe3f2723) sw      gp, -1042(t5)
core   0: 3 0x8000a416 (0xbe3f2723) mem 0x80010000 0x00000001
core   0: 0x8000a41a (0x0000bfe5) c.j     pc - 8
core   0: 3 0x8000a41a (0xbfe5)
core   0: 0x8000a412 (0x00006f17) auipc   t5, 0x6
core   0: 3 0x8000a412 (0x00006f17) x30 0x80010412
core   0: 0x8000a416 (0xbe3f2723) sw      gp, -1042(t5)
core   0: 3 0x8000a416 (0xbe3f2723) mem 0x80010000 0x00000001
core   0: 0x8000a41a (0x0000bfe5) c.j     pc - 8
core   0: 3 0x8000a41a (0xbfe5)
core   0: 0x8000a412 (0x00006f17) auipc   t5, 0x6
core   0: 3 0x8000a412 (0x00006f17) x30 0x80010412
core   0: 0x8000a416 (0xbe3f2723) sw      gp, -1042(t5)
core   0: 3 0x8000a416 (0xbe3f2723) mem 0x80010000 0x00000001
core   0: 0x8000a41a (0x0000bfe5) c.j     pc - 8
core   0: 3 0x8000a41a (0xbfe5)
core   0: 0x8000a412 (0x00006f17) auipc   t5, 0x6
core   0: 3 0x8000a412 (0x00006f17) x30 0x80010412
core   0: 0x8000a416 (0xbe3f2723) sw      gp, -1042(t5)
core   0: 3 0x8000a416 (0xbe3f2723) mem 0x80010000 0x00000001
core   0: 0x8000a41a (0x0000bfe5) c.j     pc - 8
core   0: 3 0x8000a41a (0xbfe5)
core   0: 0x8000a412 (0x00006f17) auipc   t5, 0x6
core   0: 3 0x8000a412 (0x00006f17) x30 0x80010412
core   0: 0x8000a416 (0xbe3f2723) sw      gp, -1042(t5)
core   0: 3 0x8000a416 (0xbe3f2723) mem 0x80010000 0x00000001
core   0: 0x8000a41a (0x0000bfe5) c.j     pc - 8
core   0: 3 0x8000a41a (0xbfe5)
core   0: 0x8000a412 (0x00006f17) auipc   t5, 0x6
core   0: 3 0x8000a412 (0x00006f17) x30 0x80010412
core   0: 0x8000a416 (0xbe3f2723) sw      gp, -1042(t5)
core   0: 3 0x8000a416 (0xbe3f2723) mem 0x80010000 0x00000001
core   0: 0x8000a41a (0x0000bfe5) c.j     pc - 8
core   0: 3 0x8000a41a (0xbfe5)
core   0: 0x8000a412 (0x00006f17) auipc   t5, 0x6
core   0: 3 0x8000a412 (0x00006f17) x30 0x80010412
core   0: 0x8000a416 (0xbe3f2723) sw      gp, -1042(t5)
core   0: 3 0x8000a416 (0xbe3f2723) mem 0x80010000 0x00000001
core   0: 0x8000a41a (0x0000bfe5) c.j     pc - 8
core   0: 3 0x8000a41a (0xbfe5)
core   0: 0x8000a412 (0x00006f17) auipc   t5, 0x6
core   0: 3 0x8000a412 (0x00006f17) x30 0x80010412
core   0: 0x8000a416 (0xbe3f2723) sw      gp, -1042(t5)
core   0: 3 0x8000a416 (0xbe3f2723) mem 0x80010000 0x00000001
core   0: 0x8000a41a (0x0000bfe5) c.j     pc - 8
core   0: 3 0x8000a41a (0xbfe5)
core   0: 0x8000a412 (0x00006f17) auipc   t5, 0x6
core   0: 3 0x8000a412 (0x00006f17) x30 0x80010412
core   0: 0x8000a416 (0xbe3f2723) sw      gp, -1042(t5)
core   0: 3 0x8000a416 (0xbe3f2723) mem 0x80010000 0x00000001
core   0: 0x8000a41a (0x0000bfe5) c.j     pc - 8
core   0: 3 0x8000a41a (0xbfe5)
core   0: 0x8000a412 (0x00006f17) auipc   t5, 0x6
core   0: 3 0x8000a412 (0x00006f17) x30 0x80010412
core   0: 0x8000a416 (0xbe3f2723) sw      gp, -1042(t5)
core   0: 3 0x8000a416 (0xbe3f2723) mem 0x80010000 0x00000001
core   0: 0x8000a41a (0x0000bfe5) c.j     pc - 8
core   0: 3 0x8000a41a (0xbfe5)
core   0: 0x8000a412 (0x00006f17) auipc   t5, 0x6
core   0: 3 0x8000a412 (0x00006f17) x30 0x80010412
core   0: 0x8000a416 (0xbe3f2723) sw      gp, -1042(t5)
core   0: 3 0x8000a416 (0xbe3f2723) mem 0x80010000 0x00000001
core   0: 0x8000a41a (0x0000bfe5) c.j     pc - 8
core   0: 3 0x8000a41a (0xbfe5)
core   0: 0x8000a412 (0x00006f17) auipc   t5, 0x6
core   0: 3 0x8000a412 (0x00006f17) x30 0x80010412
core   0: 0x8000a416 (0xbe3f2723) sw      gp, -1042(t5)
core   0: 3 0x8000a416 (0xbe3f2723) mem 0x80010000 0x00000001
core   0: 0x8000a41a (0x0000bfe5) c.j     pc - 8
core   0: 3 0x8000a41a (0xbfe5)
core   0: 0x8000a412 (0x00006f17) auipc   t5, 0x6
core   0: 3 0x8000a412 (0x00006f17) x30 0x80010412
core   0: 0x8000a416 (0xbe3f2723) sw      gp, -1042(t5)
core   0: 3 0x8000a416 (0xbe3f2723) mem 0x80010000 0x00000001
core   0: 0x8000a41a (0x0000bfe5) c.j     pc - 8
core   0: 3 0x8000a41a (0xbfe5)
core   0: 0x8000a412 (0x00006f17) auipc   t5, 0x6
core   0: 3 0x8000a412 (0x00006f17) x30 0x80010412
core   0: 0x8000a416 (0xbe3f2723) sw      gp, -1042(t5)
core   0: 3 0x8000a416 (0xbe3f2723) mem 0x80010000 0x00000001
core   0: 0x8000a41a (0x0000bfe5) c.j     pc - 8
core   0: 3 0x8000a41a (0xbfe5)
core   0: 0x8000a412 (0x00006f17) auipc   t5, 0x6
core   0: 3 0x8000a412 (0x00006f17) x30 0x80010412
core   0: 0x8000a416 (0xbe3f2723) sw      gp, -1042(t5)
core   0: 3 0x8000a416 (0xbe3f2723) mem 0x80010000 0x00000001
core   0: 0x8000a41a (0x0000bfe5) c.j     pc - 8
core   0: 3 0x8000a41a (0xbfe5)
core   0: 0x8000a412 (0x00006f17) auipc   t5, 0x6
core   0: 3 0x8000a412 (0x00006f17) x30 0x80010412
core   0: 0x8000a416 (0xbe3f2723) sw      gp, -1042(t5)
core   0: 3 0x8000a416 (0xbe3f2723) mem 0x80010000 0x00000001
core   0: 0x8000a41a (0x0000bfe5) c.j     pc - 8
core   0: 3 0x8000a41a (0xbfe5)
core   0: 0x8000a412 (0x00006f17) auipc   t5, 0x6
core   0: 3 0x8000a412 (0x00006f17) x30 0x80010412
core   0: 0x8000a416 (0xbe3f2723) sw      gp, -1042(t5)
core   0: 3 0x8000a416 (0xbe3f2723) mem 0x80010000 0x00000001
core   0: 0x8000a41a (0x0000bfe5) c.j     pc - 8
core   0: 3 0x8000a41a (0xbfe5)
core   0: 0x8000a412 (0x00006f17) auipc   t5, 0x6
core   0: 3 0x8000a412 (0x00006f17) x30 0x80010412
core   0: 0x8000a416 (0xbe3f2723) sw      gp, -1042(t5)
core   0: 3 0x8000a416 (0xbe3f2723) mem 0x80010000 0x00000001
core   0: 0x8000a41a (0x0000bfe5) c.j     pc - 8
core   0: 3 0x8000a41a (0xbfe5)
core   0: 0x8000a412 (0x00006f17) auipc   t5, 0x6
core   0: 3 0x8000a412 (0x00006f17) x30 0x80010412
core   0: 0x8000a416 (0xbe3f2723) sw      gp, -1042(t5)
core   0: 3 0x8000a416 (0xbe3f2723) mem 0x80010000 0x00000001
core   0: 0x8000a41a (0x0000bfe5) c.j     pc - 8
core   0: 3 0x8000a41a (0xbfe5)
core   0: 0x8000a412 (0x00006f17) auipc   t5, 0x6
core   0: 3 0x8000a412 (0x00006f17) x30 0x80010412
core   0: 0x8000a416 (0xbe3f2723) sw      gp, -1042(t5)
core   0: 3 0x8000a416 (0xbe3f2723) mem 0x80010000 0x00000001
core   0: 0x8000a41a (0x0000bfe5) c.j     pc - 8
core   0: 3 0x8000a41a (0xbfe5)
core   0: 0x8000a412 (0x00006f17) auipc   t5, 0x6
core   0: 3 0x8000a412 (0x00006f17) x30 0x80010412
core   0: 0x8000a416 (0xbe3f2723) sw      gp, -1042(t5)
core   0: 3 0x8000a416 (0xbe3f2723) mem 0x80010000 0x00000001
core   0: 0x8000a41a (0x0000bfe5) c.j     pc - 8
core   0: 3 0x8000a41a (0xbfe5)
core   0: 0x8000a412 (0x00006f17) auipc   t5, 0x6
core   0: 3 0x8000a412 (0x00006f17) x30 0x80010412
core   0: 0x8000a416 (0xbe3f2723) sw      gp, -1042(t5)
core   0: 3 0x8000a416 (0xbe3f2723) mem 0x80010000 0x00000001
core   0: 0x8000a41a (0x0000bfe5) c.j     pc - 8
core   0: 3 0x8000a41a (0xbfe5)
core   0: 0x8000a412 (0x00006f17) auipc   t5, 0x6
core   0: 3 0x8000a412 (0x00006f17) x30 0x80010412
core   0: 0x8000a416 (0xbe3f2723) sw      gp, -1042(t5)
core   0: 3 0x8000a416 (0xbe3f2723) mem 0x80010000 0x00000001
core   0: 0x8000a41a (0x0000bfe5) c.j     pc - 8
core   0: 3 0x8000a41a (0xbfe5)
core   0: 0x8000a412 (0x00006f17) auipc   t5, 0x6
core   0: 3 0x8000a412 (0x00006f17) x30 0x80010412
core   0: 0x8000a416 (0xbe3f2723) sw      gp, -1042(t5)
core   0: 3 0x8000a416 (0xbe3f2723) mem 0x80010000 0x00000001
core   0: 0x8000a41a (0x0000bfe5) c.j     pc - 8
core   0: 3 0x8000a41a (0xbfe5)
core   0: 0x8000a412 (0x00006f17) auipc   t5, 0x6
core   0: 3 0x8000a412 (0x00006f17) x30 0x80010412
core   0: 0x8000a416 (0xbe3f2723) sw      gp, -1042(t5)
core   0: 3 0x8000a416 (0xbe3f2723) mem 0x80010000 0x00000001
core   0: 0x8000a41a (0x0000bfe5) c.j     pc - 8
core   0: 3 0x8000a41a (0xbfe5)
core   0: 0x8000a412 (0x00006f17) auipc   t5, 0x6
core   0: 3 0x8000a412 (0x00006f17) x30 0x80010412
core   0: 0x8000a416 (0xbe3f2723) sw      gp, -1042(t5)
core   0: 3 0x8000a416 (0xbe3f2723) mem 0x80010000 0x00000001
core   0: 0x8000a41a (0x0000bfe5) c.j     pc - 8
core   0: 3 0x8000a41a (0xbfe5)
core   0: 0x8000a412 (0x00006f17) auipc   t5, 0x6
core   0: 3 0x8000a412 (0x00006f17) x30 0x80010412
core   0: 0x8000a416 (0xbe3f2723) sw      gp, -1042(t5)
core   0: 3 0x8000a416 (0xbe3f2723) mem 0x80010000 0x00000001
core   0: 0x8000a41a (0x0000bfe5) c.j     pc - 8
core   0: 3 0x8000a41a (0xbfe5)
core   0: 0x8000a412 (0x00006f17) auipc   t5, 0x6
core   0: 3 0x8000a412 (0x00006f17) x30 0x80010412
core   0: 0x8000a416 (0xbe3f2723) sw      gp, -1042(t5)
core   0: 3 0x8000a416 (0xbe3f2723) mem 0x80010000 0x00000001
core   0: 0x8000a41a (0x0000bfe5) c.j     pc - 8
core   0: 3 0x8000a41a (0xbfe5)
core   0: 0x8000a412 (0x00006f17) auipc   t5, 0x6
core   0: 3 0x8000a412 (0x00006f17) x30 0x80010412
core   0: 0x8000a416 (0xbe3f2723) sw      gp, -1042(t5)
core   0: 3 0x8000a416 (0xbe3f2723) mem 0x80010000 0x00000001
core   0: 0x8000a41a (0x0000bfe5) c.j     pc - 8
core   0: 3 0x8000a41a (0xbfe5)
core   0: 0x8000a412 (0x00006f17) auipc   t5, 0x6
core   0: 3 0x8000a412 (0x00006f17) x30 0x80010412
core   0: 0x8000a416 (0xbe3f2723) sw      gp, -1042(t5)
core   0: 3 0x8000a416 (0xbe3f2723) mem 0x80010000 0x00000001
core   0: 0x8000a41a (0x0000bfe5) c.j     pc - 8
core   0: 3 0x8000a41a (0xbfe5)
core   0: 0x8000a412 (0x00006f17) auipc   t5, 0x6
core   0: 3 0x8000a412 (0x00006f17) x30 0x80010412
core   0: 0x8000a416 (0xbe3f2723) sw      gp, -1042(t5)
core   0: 3 0x8000a416 (0xbe3f2723) mem 0x80010000 0x00000001
core   0: 0x8000a41a (0x0000bfe5) c.j     pc - 8
core   0: 3 0x8000a41a (0xbfe5)
core   0: 0x8000a412 (0x00006f17) auipc   t5, 0x6
core   0: 3 0x8000a412 (0x00006f17) x30 0x80010412
core   0: 0x8000a416 (0xbe3f2723) sw      gp, -1042(t5)
core   0: 3 0x8000a416 (0xbe3f2723) mem 0x80010000 0x00000001
core   0: 0x8000a41a (0x0000bfe5) c.j     pc - 8
core   0: 3 0x8000a41a (0xbfe5)
core   0: 0x8000a412 (0x00006f17) auipc   t5, 0x6
core   0: 3 0x8000a412 (0x00006f17) x30 0x80010412
core   0: 0x8000a416 (0xbe3f2723) sw      gp, -1042(t5)
core   0: 3 0x8000a416 (0xbe3f2723) mem 0x80010000 0x00000001
core   0: 0x8000a41a (0x0000bfe5) c.j     pc - 8
core   0: 3 0x8000a41a (0xbfe5)
core   0: 0x8000a412 (0x00006f17) auipc   t5, 0x6
core   0: 3 0x8000a412 (0x00006f17) x30 0x80010412
core   0: 0x8000a416 (0xbe3f2723) sw      gp, -1042(t5)
core   0: 3 0x8000a416 (0xbe3f2723) mem 0x80010000 0x00000001
core   0: 0x8000a41a (0x0000bfe5) c.j     pc - 8
core   0: 3 0x8000a41a (0xbfe5)
core   0: 0x8000a412 (0x00006f17) auipc   t5, 0x6
core   0: 3 0x8000a412 (0x00006f17) x30 0x80010412
core   0: 0x8000a416 (0xbe3f2723) sw      gp, -1042(t5)
core   0: 3 0x8000a416 (0xbe3f2723) mem 0x80010000 0x00000001
core   0: 0x8000a41a (0x0000bfe5) c.j     pc - 8
core   0: 3 0x8000a41a (0xbfe5)
core   0: 0x8000a412 (0x00006f17) auipc   t5, 0x6
core   0: 3 0x8000a412 (0x00006f17) x30 0x80010412
core   0: 0x8000a416 (0xbe3f2723) sw      gp, -1042(t5)
core   0: 3 0x8000a416 (0xbe3f2723) mem 0x80010000 0x00000001
core   0: 0x8000a41a (0x0000bfe5) c.j     pc - 8
core   0: 3 0x8000a41a (0xbfe5)
core   0: 0x8000a412 (0x00006f17) auipc   t5, 0x6
core   0: 3 0x8000a412 (0x00006f17) x30 0x80010412
core   0: 0x8000a416 (0xbe3f2723) sw      gp, -1042(t5)
core   0: 3 0x8000a416 (0xbe3f2723) mem 0x80010000 0x00000001
core   0: 0x8000a41a (0x0000bfe5) c.j     pc - 8
core   0: 3 0x8000a41a (0xbfe5)
core   0: 0x8000a412 (0x00006f17) auipc   t5, 0x6
core   0: 3 0x8000a412 (0x00006f17) x30 0x80010412
core   0: 0x8000a416 (0xbe3f2723) sw      gp, -1042(t5)
core   0: 3 0x8000a416 (0xbe3f2723) mem 0x80010000 0x00000001
core   0: 0x8000a41a (0x0000bfe5) c.j     pc - 8
core   0: 3 0x8000a41a (0xbfe5)
core   0: 0x8000a412 (0x00006f17) auipc   t5, 0x6
core   0: 3 0x8000a412 (0x00006f17) x30 0x80010412
core   0: 0x8000a416 (0xbe3f2723) sw      gp, -1042(t5)
core   0: 3 0x8000a416 (0xbe3f2723) mem 0x80010000 0x00000001
core   0: 0x8000a41a (0x0000bfe5) c.j     pc - 8
core   0: 3 0x8000a41a (0xbfe5)
core   0: 0x8000a412 (0x00006f17) auipc   t5, 0x6
core   0: 3 0x8000a412 (0x00006f17) x30 0x80010412
core   0: 0x8000a416 (0xbe3f2723) sw      gp, -1042(t5)
core   0: 3 0x8000a416 (0xbe3f2723) mem 0x80010000 0x00000001
core   0: 0x8000a41a (0x0000bfe5) c.j     pc - 8
core   0: 3 0x8000a41a (0xbfe5)
core   0: 0x8000a412 (0x00006f17) auipc   t5, 0x6
core   0: 3 0x8000a412 (0x00006f17) x30 0x80010412
core   0: 0x8000a416 (0xbe3f2723) sw      gp, -1042(t5)
core   0: 3 0x8000a416 (0xbe3f2723) mem 0x80010000 0x00000001
core   0: 0x8000a41a (0x0000bfe5) c.j     pc - 8
core   0: 3 0x8000a41a (0xbfe5)
core   0: 0x8000a412 (0x00006f17) auipc   t5, 0x6
core   0: 3 0x8000a412 (0x00006f17) x30 0x80010412
core   0: 0x8000a416 (0xbe3f2723) sw      gp, -1042(t5)
core   0: 3 0x8000a416 (0xbe3f2723) mem 0x80010000 0x00000001
core   0: 0x8000a41a (0x0000bfe5) c.j     pc - 8
core   0: 3 0x8000a41a (0xbfe5)
core   0: 0x8000a412 (0x00006f17) auipc   t5, 0x6
core   0: 3 0x8000a412 (0x00006f17) x30 0x80010412
core   0: 0x8000a416 (0xbe3f2723) sw      gp, -1042(t5)
core   0: 3 0x8000a416 (0xbe3f2723) mem 0x80010000 0x00000001
core   0: 0x8000a41a (0x0000bfe5) c.j     pc - 8
core   0: 3 0x8000a41a (0xbfe5)
core   0: 0x8000a412 (0x00006f17) auipc   t5, 0x6
core   0: 3 0x8000a412 (0x00006f17) x30 0x80010412
core   0: 0x8000a416 (0xbe3f2723) sw      gp, -1042(t5)
core   0: 3 0x8000a416 (0xbe3f2723) mem 0x80010000 0x00000001
core   0: 0x8000a41a (0x0000bfe5) c.j     pc - 8
core   0: 3 0x8000a41a (0xbfe5)
core   0: 0x8000a412 (0x00006f17) auipc   t5, 0x6
core   0: 3 0x8000a412 (0x00006f17) x30 0x80010412
core   0: 0x8000a416 (0xbe3f2723) sw      gp, -1042(t5)
core   0: 3 0x8000a416 (0xbe3f2723) mem 0x80010000 0x00000001
core   0: 0x8000a41a (0x0000bfe5) c.j     pc - 8
core   0: 3 0x8000a41a (0xbfe5)
core   0: 0x8000a412 (0x00006f17) auipc   t5, 0x6
core   0: 3 0x8000a412 (0x00006f17) x30 0x80010412
core   0: 0x8000a416 (0xbe3f2723) sw      gp, -1042(t5)
core   0: 3 0x8000a416 (0xbe3f2723) mem 0x80010000 0x00000001
core   0: 0x8000a41a (0x0000bfe5) c.j     pc - 8
core   0: 3 0x8000a41a (0xbfe5)
core   0: 0x8000a412 (0x00006f17) auipc   t5, 0x6
core   0: 3 0x8000a412 (0x00006f17) x30 0x80010412
core   0: 0x8000a416 (0xbe3f2723) sw      gp, -1042(t5)
core   0: 3 0x8000a416 (0xbe3f2723) mem 0x80010000 0x00000001
core   0: 0x8000a41a (0x0000bfe5) c.j     pc - 8
core   0: 3 0x8000a41a (0xbfe5)
core   0: 0x8000a412 (0x00006f17) auipc   t5, 0x6
core   0: 3 0x8000a412 (0x00006f17) x30 0x80010412
core   0: 0x8000a416 (0xbe3f2723) sw      gp, -1042(t5)
core   0: 3 0x8000a416 (0xbe3f2723) mem 0x80010000 0x00000001
core   0: 0x8000a41a (0x0000bfe5) c.j     pc - 8
core   0: 3 0x8000a41a (0xbfe5)
core   0: 0x8000a412 (0x00006f17) auipc   t5, 0x6
core   0: 3 0x8000a412 (0x00006f17) x30 0x80010412
core   0: 0x8000a416 (0xbe3f2723) sw      gp, -1042(t5)
core   0: 3 0x8000a416 (0xbe3f2723) mem 0x80010000 0x00000001
core   0: 0x8000a41a (0x0000bfe5) c.j     pc - 8
core   0: 3 0x8000a41a (0xbfe5)
core   0: 0x8000a412 (0x00006f17) auipc   t5, 0x6
core   0: 3 0x8000a412 (0x00006f17) x30 0x80010412
core   0: 0x8000a416 (0xbe3f2723) sw      gp, -1042(t5)
core   0: 3 0x8000a416 (0xbe3f2723) mem 0x80010000 0x00000001
core   0: 0x8000a41a (0x0000bfe5) c.j     pc - 8
core   0: 3 0x8000a41a (0xbfe5)
core   0: 0x8000a412 (0x00006f17) auipc   t5, 0x6
core   0: 3 0x8000a412 (0x00006f17) x30 0x80010412
core   0: 0x8000a416 (0xbe3f2723) sw      gp, -1042(t5)
core   0: 3 0x8000a416 (0xbe3f2723) mem 0x80010000 0x00000001
core   0: 0x8000a41a (0x0000bfe5) c.j     pc - 8
core   0: 3 0x8000a41a (0xbfe5)
core   0: 0x8000a412 (0x00006f17) auipc   t5, 0x6
core   0: 3 0x8000a412 (0x00006f17) x30 0x80010412
core   0: 0x8000a416 (0xbe3f2723) sw      gp, -1042(t5)
core   0: 3 0x8000a416 (0xbe3f2723) mem 0x80010000 0x00000001
core   0: 0x8000a41a (0x0000bfe5) c.j     pc - 8
core   0: 3 0x8000a41a (0xbfe5)
core   0: 0x8000a412 (0x00006f17) auipc   t5, 0x6
core   0: 3 0x8000a412 (0x00006f17) x30 0x80010412
core   0: 0x8000a416 (0xbe3f2723) sw      gp, -1042(t5)
core   0: 3 0x8000a416 (0xbe3f2723) mem 0x80010000 0x00000001
core   0: 0x8000a41a (0x0000bfe5) c.j     pc - 8
core   0: 3 0x8000a41a (0xbfe5)
core   0: 0x8000a412 (0x00006f17) auipc   t5, 0x6
core   0: 3 0x8000a412 (0x00006f17) x30 0x80010412
core   0: 0x8000a416 (0xbe3f2723) sw      gp, -1042(t5)
core   0: 3 0x8000a416 (0xbe3f2723) mem 0x80010000 0x00000001
core   0: 0x8000a41a (0x0000bfe5) c.j     pc - 8
core   0: 3 0x8000a41a (0xbfe5)
core   0: 0x8000a412 (0x00006f17) auipc   t5, 0x6
core   0: 3 0x8000a412 (0x00006f17) x30 0x80010412
core   0: 0x8000a416 (0xbe3f2723) sw      gp, -1042(t5)
core   0: 3 0x8000a416 (0xbe3f2723) mem 0x80010000 0x00000001
core   0: 0x8000a41a (0x0000bfe5) c.j     pc - 8
core   0: 3 0x8000a41a (0xbfe5)
core   0: 0x8000a412 (0x00006f17) auipc   t5, 0x6
core   0: 3 0x8000a412 (0x00006f17) x30 0x80010412
core   0: 0x8000a416 (0xbe3f2723) sw      gp, -1042(t5)
core   0: 3 0x8000a416 (0xbe3f2723) mem 0x80010000 0x00000001
core   0: 0x8000a41a (0x0000bfe5) c.j     pc - 8
core   0: 3 0x8000a41a (0xbfe5)
core   0: 0x8000a412 (0x00006f17) auipc   t5, 0x6
core   0: 3 0x8000a412 (0x00006f17) x30 0x80010412
core   0: 0x8000a416 (0xbe3f2723) sw      gp, -1042(t5)
core   0: 3 0x8000a416 (0xbe3f2723) mem 0x80010000 0x00000001
core   0: 0x8000a41a (0x0000bfe5) c.j     pc - 8
core   0: 3 0x8000a41a (0xbfe5)
core   0: 0x8000a412 (0x00006f17) auipc   t5, 0x6
core   0: 3 0x8000a412 (0x00006f17) x30 0x80010412
core   0: 0x8000a416 (0xbe3f2723) sw      gp, -1042(t5)
core   0: 3 0x8000a416 (0xbe3f2723) mem 0x80010000 0x00000001
core   0: 0x8000a41a (0x0000bfe5) c.j     pc - 8
core   0: 3 0x8000a41a (0xbfe5)
core   0: 0x8000a412 (0x00006f17) auipc   t5, 0x6
core   0: 3 0x8000a412 (0x00006f17) x30 0x80010412
core   0: 0x8000a416 (0xbe3f2723) sw      gp, -1042(t5)
core   0: 3 0x8000a416 (0xbe3f2723) mem 0x80010000 0x00000001
core   0: 0x8000a41a (0x0000bfe5) c.j     pc - 8
core   0: 3 0x8000a41a (0xbfe5)
core   0: 0x8000a412 (0x00006f17) auipc   t5, 0x6
core   0: 3 0x8000a412 (0x00006f17) x30 0x80010412
core   0: 0x8000a416 (0xbe3f2723) sw      gp, -1042(t5)
core   0: 3 0x8000a416 (0xbe3f2723) mem 0x80010000 0x00000001
core   0: 0x8000a41a (0x0000bfe5) c.j     pc - 8
core   0: 3 0x8000a41a (0xbfe5)
core   0: 0x8000a412 (0x00006f17) auipc   t5, 0x6
core   0: 3 0x8000a412 (0x00006f17) x30 0x80010412
core   0: 0x8000a416 (0xbe3f2723) sw      gp, -1042(t5)
core   0: 3 0x8000a416 (0xbe3f2723) mem 0x80010000 0x00000001
core   0: 0x8000a41a (0x0000bfe5) c.j     pc - 8
core   0: 3 0x8000a41a (0xbfe5)
core   0: 0x8000a412 (0x00006f17) auipc   t5, 0x6
core   0: 3 0x8000a412 (0x00006f17) x30 0x80010412
core   0: 0x8000a416 (0xbe3f2723) sw      gp, -1042(t5)
core   0: 3 0x8000a416 (0xbe3f2723) mem 0x80010000 0x00000001
core   0: 0x8000a41a (0x0000bfe5) c.j     pc - 8
core   0: 3 0x8000a41a (0xbfe5)
core   0: 0x8000a412 (0x00006f17) auipc   t5, 0x6
core   0: 3 0x8000a412 (0x00006f17) x30 0x80010412
core   0: 0x8000a416 (0xbe3f2723) sw      gp, -1042(t5)
core   0: 3 0x8000a416 (0xbe3f2723) mem 0x80010000 0x00000001
core   0: 0x8000a41a (0x0000bfe5) c.j     pc - 8
core   0: 3 0x8000a41a (0xbfe5)
core   0: 0x8000a412 (0x00006f17) auipc   t5, 0x6
core   0: 3 0x8000a412 (0x00006f17) x30 0x80010412
core   0: 0x8000a416 (0xbe3f2723) sw      gp, -1042(t5)
core   0: 3 0x8000a416 (0xbe3f2723) mem 0x80010000 0x00000001
core   0: 0x8000a41a (0x0000bfe5) c.j     pc - 8
core   0: 3 0x8000a41a (0xbfe5)
core   0: 0x8000a412 (0x00006f17) auipc   t5, 0x6
core   0: 3 0x8000a412 (0x00006f17) x30 0x80010412
core   0: 0x8000a416 (0xbe3f2723) sw      gp, -1042(t5)
core   0: 3 0x8000a416 (0xbe3f2723) mem 0x80010000 0x00000001
core   0: 0x8000a41a (0x0000bfe5) c.j     pc - 8
core   0: 3 0x8000a41a (0xbfe5)
core   0: 0x8000a412 (0x00006f17) auipc   t5, 0x6
core   0: 3 0x8000a412 (0x00006f17) x30 0x80010412
core   0: 0x8000a416 (0xbe3f2723) sw      gp, -1042(t5)
core   0: 3 0x8000a416 (0xbe3f2723) mem 0x80010000 0x00000001
core   0: 0x8000a41a (0x0000bfe5) c.j     pc - 8
core   0: 3 0x8000a41a (0xbfe5)
core   0: 0x8000a412 (0x00006f17) auipc   t5, 0x6
core   0: 3 0x8000a412 (0x00006f17) x30 0x80010412
core   0: 0x8000a416 (0xbe3f2723) sw      gp, -1042(t5)
core   0: 3 0x8000a416 (0xbe3f2723) mem 0x80010000 0x00000001
core   0: 0x8000a41a (0x0000bfe5) c.j     pc - 8
core   0: 3 0x8000a41a (0xbfe5)
core   0: 0x8000a412 (0x00006f17) auipc   t5, 0x6
core   0: 3 0x8000a412 (0x00006f17) x30 0x80010412
core   0: 0x8000a416 (0xbe3f2723) sw      gp, -1042(t5)
core   0: 3 0x8000a416 (0xbe3f2723) mem 0x80010000 0x00000001
core   0: 0x8000a41a (0x0000bfe5) c.j     pc - 8
core   0: 3 0x8000a41a (0xbfe5)
core   0: 0x8000a412 (0x00006f17) auipc   t5, 0x6
core   0: 3 0x8000a412 (0x00006f17) x30 0x80010412
core   0: 0x8000a416 (0xbe3f2723) sw      gp, -1042(t5)
core   0: 3 0x8000a416 (0xbe3f2723) mem 0x80010000 0x00000001
core   0: 0x8000a41a (0x0000bfe5) c.j     pc - 8
core   0: 3 0x8000a41a (0xbfe5)
core   0: 0x8000a412 (0x00006f17) auipc   t5, 0x6
core   0: 3 0x8000a412 (0x00006f17) x30 0x80010412
core   0: 0x8000a416 (0xbe3f2723) sw      gp, -1042(t5)
core   0: 3 0x8000a416 (0xbe3f2723) mem 0x80010000 0x00000001
core   0: 0x8000a41a (0x0000bfe5) c.j     pc - 8
core   0: 3 0x8000a41a (0xbfe5)
core   0: 0x8000a412 (0x00006f17) auipc   t5, 0x6
core   0: 3 0x8000a412 (0x00006f17) x30 0x80010412
core   0: 0x8000a416 (0xbe3f2723) sw      gp, -1042(t5)
core   0: 3 0x8000a416 (0xbe3f2723) mem 0x80010000 0x00000001
core   0: 0x8000a41a (0x0000bfe5) c.j     pc - 8
core   0: 3 0x8000a41a (0xbfe5)
core   0: 0x8000a412 (0x00006f17) auipc   t5, 0x6
core   0: 3 0x8000a412 (0x00006f17) x30 0x80010412
core   0: 0x8000a416 (0xbe3f2723) sw      gp, -1042(t5)
core   0: 3 0x8000a416 (0xbe3f2723) mem 0x80010000 0x00000001
core   0: 0x8000a41a (0x0000bfe5) c.j     pc - 8
core   0: 3 0x8000a41a (0xbfe5)
core   0: 0x8000a412 (0x00006f17) auipc   t5, 0x6
core   0: 3 0x8000a412 (0x00006f17) x30 0x80010412
core   0: 0x8000a416 (0xbe3f2723) sw      gp, -1042(t5)
core   0: 3 0x8000a416 (0xbe3f2723) mem 0x80010000 0x00000001
core   0: 0x8000a41a (0x0000bfe5) c.j     pc - 8
core   0: 3 0x8000a41a (0xbfe5)
core   0: 0x8000a412 (0x00006f17) auipc   t5, 0x6
core   0: 3 0x8000a412 (0x00006f17) x30 0x80010412
core   0: 0x8000a416 (0xbe3f2723) sw      gp, -1042(t5)
core   0: 3 0x8000a416 (0xbe3f2723) mem 0x80010000 0x00000001
core   0: 0x8000a41a (0x0000bfe5) c.j     pc - 8
core   0: 3 0x8000a41a (0xbfe5)
core   0: 0x8000a412 (0x00006f17) auipc   t5, 0x6
core   0: 3 0x8000a412 (0x00006f17) x30 0x80010412
core   0: 0x8000a416 (0xbe3f2723) sw      gp, -1042(t5)
core   0: 3 0x8000a416 (0xbe3f2723) mem 0x80010000 0x00000001
core   0: 0x8000a41a (0x0000bfe5) c.j     pc - 8
core   0: 3 0x8000a41a (0xbfe5)
core   0: 0x8000a412 (0x00006f17) auipc   t5, 0x6
core   0: 3 0x8000a412 (0x00006f17) x30 0x80010412
core   0: 0x8000a416 (0xbe3f2723) sw      gp, -1042(t5)
core   0: 3 0x8000a416 (0xbe3f2723) mem 0x80010000 0x00000001
core   0: 0x8000a41a (0x0000bfe5) c.j     pc - 8
core   0: 3 0x8000a41a (0xbfe5)
core   0: 0x8000a412 (0x00006f17) auipc   t5, 0x6
core   0: 3 0x8000a412 (0x00006f17) x30 0x80010412
core   0: 0x8000a416 (0xbe3f2723) sw      gp, -1042(t5)
core   0: 3 0x8000a416 (0xbe3f2723) mem 0x80010000 0x00000001
core   0: 0x8000a41a (0x0000bfe5) c.j     pc - 8
core   0: 3 0x8000a41a (0xbfe5)
core   0: 0x8000a412 (0x00006f17) auipc   t5, 0x6
core   0: 3 0x8000a412 (0x00006f17) x30 0x80010412
core   0: 0x8000a416 (0xbe3f2723) sw      gp, -1042(t5)
core   0: 3 0x8000a416 (0xbe3f2723) mem 0x80010000 0x00000001
core   0: 0x8000a41a (0x0000bfe5) c.j     pc - 8
core   0: 3 0x8000a41a (0xbfe5)
core   0: 0x8000a412 (0x00006f17) auipc   t5, 0x6
core   0: 3 0x8000a412 (0x00006f17) x30 0x80010412
core   0: 0x8000a416 (0xbe3f2723) sw      gp, -1042(t5)
core   0: 3 0x8000a416 (0xbe3f2723) mem 0x80010000 0x00000001
core   0: 0x8000a41a (0x0000bfe5) c.j     pc - 8
core   0: 3 0x8000a41a (0xbfe5)
core   0: 0x8000a412 (0x00006f17) auipc   t5, 0x6
core   0: 3 0x8000a412 (0x00006f17) x30 0x80010412
core   0: 0x8000a416 (0xbe3f2723) sw      gp, -1042(t5)
core   0: 3 0x8000a416 (0xbe3f2723) mem 0x80010000 0x00000001
core   0: 0x8000a41a (0x0000bfe5) c.j     pc - 8
core   0: 3 0x8000a41a (0xbfe5)
core   0: 0x8000a412 (0x00006f17) auipc   t5, 0x6
core   0: 3 0x8000a412 (0x00006f17) x30 0x80010412
core   0: 0x8000a416 (0xbe3f2723) sw      gp, -1042(t5)
core   0: 3 0x8000a416 (0xbe3f2723) mem 0x80010000 0x00000001
core   0: 0x8000a41a (0x0000bfe5) c.j     pc - 8
core   0: 3 0x8000a41a (0xbfe5)
core   0: 0x8000a412 (0x00006f17) auipc   t5, 0x6
core   0: 3 0x8000a412 (0x00006f17) x30 0x80010412
core   0: 0x8000a416 (0xbe3f2723) sw      gp, -1042(t5)
core   0: 3 0x8000a416 (0xbe3f2723) mem 0x80010000 0x00000001
core   0: 0x8000a41a (0x0000bfe5) c.j     pc - 8
core   0: 3 0x8000a41a (0xbfe5)
core   0: 0x8000a412 (0x00006f17) auipc   t5, 0x6
core   0: 3 0x8000a412 (0x00006f17) x30 0x80010412
core   0: 0x8000a416 (0xbe3f2723) sw      gp, -1042(t5)
core   0: 3 0x8000a416 (0xbe3f2723) mem 0x80010000 0x00000001
core   0: 0x8000a41a (0x0000bfe5) c.j     pc - 8
core   0: 3 0x8000a41a (0xbfe5)
core   0: 0x8000a412 (0x00006f17) auipc   t5, 0x6
core   0: 3 0x8000a412 (0x00006f17) x30 0x80010412
core   0: 0x8000a416 (0xbe3f2723) sw      gp, -1042(t5)
core   0: 3 0x8000a416 (0xbe3f2723) mem 0x80010000 0x00000001
core   0: 0x8000a41a (0x0000bfe5) c.j     pc - 8
core   0: 3 0x8000a41a (0xbfe5)
core   0: 0x8000a412 (0x00006f17) auipc   t5, 0x6
core   0: 3 0x8000a412 (0x00006f17) x30 0x80010412
core   0: 0x8000a416 (0xbe3f2723) sw      gp, -1042(t5)
core   0: 3 0x8000a416 (0xbe3f2723) mem 0x80010000 0x00000001
core   0: 0x8000a41a (0x0000bfe5) c.j     pc - 8
core   0: 3 0x8000a41a (0xbfe5)
core   0: 0x8000a412 (0x00006f17) auipc   t5, 0x6
core   0: 3 0x8000a412 (0x00006f17) x30 0x80010412
core   0: 0x8000a416 (0xbe3f2723) sw      gp, -1042(t5)
core   0: 3 0x8000a416 (0xbe3f2723) mem 0x80010000 0x00000001
core   0: 0x8000a41a (0x0000bfe5) c.j     pc - 8
core   0: 3 0x8000a41a (0xbfe5)
core   0: 0x8000a412 (0x00006f17) auipc   t5, 0x6
core   0: 3 0x8000a412 (0x00006f17) x30 0x80010412
core   0: 0x8000a416 (0xbe3f2723) sw      gp, -1042(t5)
core   0: 3 0x8000a416 (0xbe3f2723) mem 0x80010000 0x00000001
core   0: 0x8000a41a (0x0000bfe5) c.j     pc - 8
core   0: 3 0x8000a41a (0xbfe5)
core   0: 0x8000a412 (0x00006f17) auipc   t5, 0x6
core   0: 3 0x8000a412 (0x00006f17) x30 0x80010412
core   0: 0x8000a416 (0xbe3f2723) sw      gp, -1042(t5)
core   0: 3 0x8000a416 (0xbe3f2723) mem 0x80010000 0x00000001
core   0: 0x8000a41a (0x0000bfe5) c.j     pc - 8
core   0: 3 0x8000a41a (0xbfe5)
core   0: 0x8000a412 (0x00006f17) auipc   t5, 0x6
core   0: 3 0x8000a412 (0x00006f17) x30 0x80010412
core   0: 0x8000a416 (0xbe3f2723) sw      gp, -1042(t5)
core   0: 3 0x8000a416 (0xbe3f2723) mem 0x80010000 0x00000001
core   0: 0x8000a41a (0x0000bfe5) c.j     pc - 8
core   0: 3 0x8000a41a (0xbfe5)
core   0: 0x8000a412 (0x00006f17) auipc   t5, 0x6
core   0: 3 0x8000a412 (0x00006f17) x30 0x80010412
core   0: 0x8000a416 (0xbe3f2723) sw      gp, -1042(t5)
core   0: 3 0x8000a416 (0xbe3f2723) mem 0x80010000 0x00000001
core   0: 0x8000a41a (0x0000bfe5) c.j     pc - 8
core   0: 3 0x8000a41a (0xbfe5)
core   0: 0x8000a412 (0x00006f17) auipc   t5, 0x6
core   0: 3 0x8000a412 (0x00006f17) x30 0x80010412
core   0: 0x8000a416 (0xbe3f2723) sw      gp, -1042(t5)
core   0: 3 0x8000a416 (0xbe3f2723) mem 0x80010000 0x00000001
core   0: 0x8000a41a (0x0000bfe5) c.j     pc - 8
core   0: 3 0x8000a41a (0xbfe5)
core   0: 0x8000a412 (0x00006f17) auipc   t5, 0x6
core   0: 3 0x8000a412 (0x00006f17) x30 0x80010412
core   0: 0x8000a416 (0xbe3f2723) sw      gp, -1042(t5)
core   0: 3 0x8000a416 (0xbe3f2723) mem 0x80010000 0x00000001
core   0: 0x8000a41a (0x0000bfe5) c.j     pc - 8
core   0: 3 0x8000a41a (0xbfe5)
core   0: 0x8000a412 (0x00006f17) auipc   t5, 0x6
core   0: 3 0x8000a412 (0x00006f17) x30 0x80010412
core   0: 0x8000a416 (0xbe3f2723) sw      gp, -1042(t5)
core   0: 3 0x8000a416 (0xbe3f2723) mem 0x80010000 0x00000001
core   0: 0x8000a41a (0x0000bfe5) c.j     pc - 8
core   0: 3 0x8000a41a (0xbfe5)
core   0: 0x8000a412 (0x00006f17) auipc   t5, 0x6
core   0: 3 0x8000a412 (0x00006f17) x30 0x80010412
core   0: 0x8000a416 (0xbe3f2723) sw      gp, -1042(t5)
core   0: 3 0x8000a416 (0xbe3f2723) mem 0x80010000 0x00000001
core   0: 0x8000a41a (0x0000bfe5) c.j     pc - 8
core   0: 3 0x8000a41a (0xbfe5)
core   0: 0x8000a412 (0x00006f17) auipc   t5, 0x6
core   0: 3 0x8000a412 (0x00006f17) x30 0x80010412
core   0: 0x8000a416 (0xbe3f2723) sw      gp, -1042(t5)
core   0: 3 0x8000a416 (0xbe3f2723) mem 0x80010000 0x00000001
core   0: 0x8000a41a (0x0000bfe5) c.j     pc - 8
core   0: 3 0x8000a41a (0xbfe5)
core   0: 0x8000a412 (0x00006f17) auipc   t5, 0x6
core   0: 3 0x8000a412 (0x00006f17) x30 0x80010412
core   0: 0x8000a416 (0xbe3f2723) sw      gp, -1042(t5)
core   0: 3 0x8000a416 (0xbe3f2723) mem 0x80010000 0x00000001
core   0: 0x8000a41a (0x0000bfe5) c.j     pc - 8
core   0: 3 0x8000a41a (0xbfe5)
core   0: 0x8000a412 (0x00006f17) auipc   t5, 0x6
core   0: 3 0x8000a412 (0x00006f17) x30 0x80010412
core   0: 0x8000a416 (0xbe3f2723) sw      gp, -1042(t5)
core   0: 3 0x8000a416 (0xbe3f2723) mem 0x80010000 0x00000001
core   0: 0x8000a41a (0x0000bfe5) c.j     pc - 8
core   0: 3 0x8000a41a (0xbfe5)
core   0: 0x8000a412 (0x00006f17) auipc   t5, 0x6
core   0: 3 0x8000a412 (0x00006f17) x30 0x80010412
core   0: 0x8000a416 (0xbe3f2723) sw      gp, -1042(t5)
core   0: 3 0x8000a416 (0xbe3f2723) mem 0x80010000 0x00000001
core   0: 0x8000a41a (0x0000bfe5) c.j     pc - 8
core   0: 3 0x8000a41a (0xbfe5)
core   0: 0x8000a412 (0x00006f17) auipc   t5, 0x6
core   0: 3 0x8000a412 (0x00006f17) x30 0x80010412
core   0: 0x8000a416 (0xbe3f2723) sw      gp, -1042(t5)
core   0: 3 0x8000a416 (0xbe3f2723) mem 0x80010000 0x00000001
core   0: 0x8000a41a (0x0000bfe5) c.j     pc - 8
core   0: 3 0x8000a41a (0xbfe5)
core   0: 0x8000a412 (0x00006f17) auipc   t5, 0x6
core   0: 3 0x8000a412 (0x00006f17) x30 0x80010412
core   0: 0x8000a416 (0xbe3f2723) sw      gp, -1042(t5)
core   0: 3 0x8000a416 (0xbe3f2723) mem 0x80010000 0x00000001
core   0: 0x8000a41a (0x0000bfe5) c.j     pc - 8
core   0: 3 0x8000a41a (0xbfe5)
core   0: 0x8000a412 (0x00006f17) auipc   t5, 0x6
core   0: 3 0x8000a412 (0x00006f17) x30 0x80010412
core   0: 0x8000a416 (0xbe3f2723) sw      gp, -1042(t5)
core   0: 3 0x8000a416 (0xbe3f2723) mem 0x80010000 0x00000001
core   0: 0x8000a41a (0x0000bfe5) c.j     pc - 8
core   0: 3 0x8000a41a (0xbfe5)
core   0: 0x8000a412 (0x00006f17) auipc   t5, 0x6
core   0: 3 0x8000a412 (0x00006f17) x30 0x80010412
core   0: 0x8000a416 (0xbe3f2723) sw      gp, -1042(t5)
core   0: 3 0x8000a416 (0xbe3f2723) mem 0x80010000 0x00000001
core   0: 0x8000a41a (0x0000bfe5) c.j     pc - 8
core   0: 3 0x8000a41a (0xbfe5)
core   0: 0x8000a412 (0x00006f17) auipc   t5, 0x6
core   0: 3 0x8000a412 (0x00006f17) x30 0x80010412
core   0: 0x8000a416 (0xbe3f2723) sw      gp, -1042(t5)
core   0: 3 0x8000a416 (0xbe3f2723) mem 0x80010000 0x00000001
core   0: 0x8000a41a (0x0000bfe5) c.j     pc - 8
core   0: 3 0x8000a41a (0xbfe5)
core   0: 0x8000a412 (0x00006f17) auipc   t5, 0x6
core   0: 3 0x8000a412 (0x00006f17) x30 0x80010412
core   0: 0x8000a416 (0xbe3f2723) sw      gp, -1042(t5)
core   0: 3 0x8000a416 (0xbe3f2723) mem 0x80010000 0x00000001
core   0: 0x8000a41a (0x0000bfe5) c.j     pc - 8
core   0: 3 0x8000a41a (0xbfe5)
core   0: 0x8000a412 (0x00006f17) auipc   t5, 0x6
core   0: 3 0x8000a412 (0x00006f17) x30 0x80010412
core   0: 0x8000a416 (0xbe3f2723) sw      gp, -1042(t5)
core   0: 3 0x8000a416 (0xbe3f2723) mem 0x80010000 0x00000001
core   0: 0x8000a41a (0x0000bfe5) c.j     pc - 8
core   0: 3 0x8000a41a (0xbfe5)
core   0: 0x8000a412 (0x00006f17) auipc   t5, 0x6
core   0: 3 0x8000a412 (0x00006f17) x30 0x80010412
core   0: 0x8000a416 (0xbe3f2723) sw      gp, -1042(t5)
core   0: 3 0x8000a416 (0xbe3f2723) mem 0x80010000 0x00000001
core   0: 0x8000a41a (0x0000bfe5) c.j     pc - 8
core   0: 3 0x8000a41a (0xbfe5)
core   0: 0x8000a412 (0x00006f17) auipc   t5, 0x6
core   0: 3 0x8000a412 (0x00006f17) x30 0x80010412
core   0: 0x8000a416 (0xbe3f2723) sw      gp, -1042(t5)
core   0: 3 0x8000a416 (0xbe3f2723) mem 0x80010000 0x00000001
core   0: 0x8000a41a (0x0000bfe5) c.j     pc - 8
core   0: 3 0x8000a41a (0xbfe5)
core   0: 0x8000a412 (0x00006f17) auipc   t5, 0x6
core   0: 3 0x8000a412 (0x00006f17) x30 0x80010412
core   0: 0x8000a416 (0xbe3f2723) sw      gp, -1042(t5)
core   0: 3 0x8000a416 (0xbe3f2723) mem 0x80010000 0x00000001
core   0: 0x8000a41a (0x0000bfe5) c.j     pc - 8
core   0: 3 0x8000a41a (0xbfe5)
core   0: 0x8000a412 (0x00006f17) auipc   t5, 0x6
core   0: 3 0x8000a412 (0x00006f17) x30 0x80010412
core   0: 0x8000a416 (0xbe3f2723) sw      gp, -1042(t5)
core   0: 3 0x8000a416 (0xbe3f2723) mem 0x80010000 0x00000001
core   0: 0x8000a41a (0x0000bfe5) c.j     pc - 8
core   0: 3 0x8000a41a (0xbfe5)
core   0: 0x8000a412 (0x00006f17) auipc   t5, 0x6
core   0: 3 0x8000a412 (0x00006f17) x30 0x80010412
core   0: 0x8000a416 (0xbe3f2723) sw      gp, -1042(t5)
core   0: 3 0x8000a416 (0xbe3f2723) mem 0x80010000 0x00000001
core   0: 0x8000a41a (0x0000bfe5) c.j     pc - 8
core   0: 3 0x8000a41a (0xbfe5)
core   0: 0x8000a412 (0x00006f17) auipc   t5, 0x6
core   0: 3 0x8000a412 (0x00006f17) x30 0x80010412
core   0: 0x8000a416 (0xbe3f2723) sw      gp, -1042(t5)
core   0: 3 0x8000a416 (0xbe3f2723) mem 0x80010000 0x00000001
core   0: 0x8000a41a (0x0000bfe5) c.j     pc - 8
core   0: 3 0x8000a41a (0xbfe5)
core   0: 0x8000a412 (0x00006f17) auipc   t5, 0x6
core   0: 3 0x8000a412 (0x00006f17) x30 0x80010412
core   0: 0x8000a416 (0xbe3f2723) sw      gp, -1042(t5)
core   0: 3 0x8000a416 (0xbe3f2723) mem 0x80010000 0x00000001
core   0: 0x8000a41a (0x0000bfe5) c.j     pc - 8
core   0: 3 0x8000a41a (0xbfe5)
core   0: 0x8000a412 (0x00006f17) auipc   t5, 0x6
core   0: 3 0x8000a412 (0x00006f17) x30 0x80010412
core   0: 0x8000a416 (0xbe3f2723) sw      gp, -1042(t5)
core   0: 3 0x8000a416 (0xbe3f2723) mem 0x80010000 0x00000001
core   0: 0x8000a41a (0x0000bfe5) c.j     pc - 8
core   0: 3 0x8000a41a (0xbfe5)
core   0: 0x8000a412 (0x00006f17) auipc   t5, 0x6
core   0: 3 0x8000a412 (0x00006f17) x30 0x80010412
core   0: 0x8000a416 (0xbe3f2723) sw      gp, -1042(t5)
core   0: 3 0x8000a416 (0xbe3f2723) mem 0x80010000 0x00000001
core   0: 0x8000a41a (0x0000bfe5) c.j     pc - 8
core   0: 3 0x8000a41a (0xbfe5)
core   0: 0x8000a412 (0x00006f17) auipc   t5, 0x6
core   0: 3 0x8000a412 (0x00006f17) x30 0x80010412
core   0: 0x8000a416 (0xbe3f2723) sw      gp, -1042(t5)
core   0: 3 0x8000a416 (0xbe3f2723) mem 0x80010000 0x00000001
core   0: 0x8000a41a (0x0000bfe5) c.j     pc - 8
core   0: 3 0x8000a41a (0xbfe5)
core   0: 0x8000a412 (0x00006f17) auipc   t5, 0x6
core   0: 3 0x8000a412 (0x00006f17) x30 0x80010412
core   0: 0x8000a416 (0xbe3f2723) sw      gp, -1042(t5)
core   0: 3 0x8000a416 (0xbe3f2723) mem 0x80010000 0x00000001
core   0: 0x8000a41a (0x0000bfe5) c.j     pc - 8
core   0: 3 0x8000a41a (0xbfe5)
core   0: 0x8000a412 (0x00006f17) auipc   t5, 0x6
core   0: 3 0x8000a412 (0x00006f17) x30 0x80010412
core   0: 0x8000a416 (0xbe3f2723) sw      gp, -1042(t5)
core   0: 3 0x8000a416 (0xbe3f2723) mem 0x80010000 0x00000001
core   0: 0x8000a41a (0x0000bfe5) c.j     pc - 8
core   0: 3 0x8000a41a (0xbfe5)
core   0: 0x8000a412 (0x00006f17) auipc   t5, 0x6
core   0: 3 0x8000a412 (0x00006f17) x30 0x80010412
core   0: 0x8000a416 (0xbe3f2723) sw      gp, -1042(t5)
core   0: 3 0x8000a416 (0xbe3f2723) mem 0x80010000 0x00000001
core   0: 0x8000a41a (0x0000bfe5) c.j     pc - 8
core   0: 3 0x8000a41a (0xbfe5)
core   0: 0x8000a412 (0x00006f17) auipc   t5, 0x6
core   0: 3 0x8000a412 (0x00006f17) x30 0x80010412
core   0: 0x8000a416 (0xbe3f2723) sw      gp, -1042(t5)
core   0: 3 0x8000a416 (0xbe3f2723) mem 0x80010000 0x00000001
core   0: 0x8000a41a (0x0000bfe5) c.j     pc - 8
core   0: 3 0x8000a41a (0xbfe5)
core   0: 0x8000a412 (0x00006f17) auipc   t5, 0x6
core   0: 3 0x8000a412 (0x00006f17) x30 0x80010412
core   0: 0x8000a416 (0xbe3f2723) sw      gp, -1042(t5)
core   0: 3 0x8000a416 (0xbe3f2723) mem 0x80010000 0x00000001
core   0: 0x8000a41a (0x0000bfe5) c.j     pc - 8
core   0: 3 0x8000a41a (0xbfe5)
core   0: 0x8000a412 (0x00006f17) auipc   t5, 0x6
core   0: 3 0x8000a412 (0x00006f17) x30 0x80010412
core   0: 0x8000a416 (0xbe3f2723) sw      gp, -1042(t5)
core   0: 3 0x8000a416 (0xbe3f2723) mem 0x80010000 0x00000001
core   0: 0x8000a41a (0x0000bfe5) c.j     pc - 8
core   0: 3 0x8000a41a (0xbfe5)
core   0: 0x8000a412 (0x00006f17) auipc   t5, 0x6
core   0: 3 0x8000a412 (0x00006f17) x30 0x80010412
core   0: 0x8000a416 (0xbe3f2723) sw      gp, -1042(t5)
core   0: 3 0x8000a416 (0xbe3f2723) mem 0x80010000 0x00000001
core   0: 0x8000a41a (0x0000bfe5) c.j     pc - 8
core   0: 3 0x8000a41a (0xbfe5)
core   0: 0x8000a412 (0x00006f17) auipc   t5, 0x6
core   0: 3 0x8000a412 (0x00006f17) x30 0x80010412
core   0: 0x8000a416 (0xbe3f2723) sw      gp, -1042(t5)
core   0: 3 0x8000a416 (0xbe3f2723) mem 0x80010000 0x00000001
core   0: 0x8000a41a (0x0000bfe5) c.j     pc - 8
core   0: 3 0x8000a41a (0xbfe5)
core   0: 0x8000a412 (0x00006f17) auipc   t5, 0x6
core   0: 3 0x8000a412 (0x00006f17) x30 0x80010412
core   0: 0x8000a416 (0xbe3f2723) sw      gp, -1042(t5)
core   0: 3 0x8000a416 (0xbe3f2723) mem 0x80010000 0x00000001
core   0: 0x8000a41a (0x0000bfe5) c.j     pc - 8
core   0: 3 0x8000a41a (0xbfe5)
core   0: 0x8000a412 (0x00006f17) auipc   t5, 0x6
core   0: 3 0x8000a412 (0x00006f17) x30 0x80010412
core   0: 0x8000a416 (0xbe3f2723) sw      gp, -1042(t5)
core   0: 3 0x8000a416 (0xbe3f2723) mem 0x80010000 0x00000001
core   0: 0x8000a41a (0x0000bfe5) c.j     pc - 8
core   0: 3 0x8000a41a (0xbfe5)
core   0: 0x8000a412 (0x00006f17) auipc   t5, 0x6
core   0: 3 0x8000a412 (0x00006f17) x30 0x80010412
core   0: 0x8000a416 (0xbe3f2723) sw      gp, -1042(t5)
core   0: 3 0x8000a416 (0xbe3f2723) mem 0x80010000 0x00000001
core   0: 0x8000a41a (0x0000bfe5) c.j     pc - 8
core   0: 3 0x8000a41a (0xbfe5)
core   0: 0x8000a412 (0x00006f17) auipc   t5, 0x6
core   0: 3 0x8000a412 (0x00006f17) x30 0x80010412
core   0: 0x8000a416 (0xbe3f2723) sw      gp, -1042(t5)
core   0: 3 0x8000a416 (0xbe3f2723) mem 0x80010000 0x00000001
core   0: 0x8000a41a (0x0000bfe5) c.j     pc - 8
core   0: 3 0x8000a41a (0xbfe5)
core   0: 0x8000a412 (0x00006f17) auipc   t5, 0x6
core   0: 3 0x8000a412 (0x00006f17) x30 0x80010412
core   0: 0x8000a416 (0xbe3f2723) sw      gp, -1042(t5)
core   0: 3 0x8000a416 (0xbe3f2723) mem 0x80010000 0x00000001
core   0: 0x8000a41a (0x0000bfe5) c.j     pc - 8
core   0: 3 0x8000a41a (0xbfe5)
core   0: 0x8000a412 (0x00006f17) auipc   t5, 0x6
core   0: 3 0x8000a412 (0x00006f17) x30 0x80010412
core   0: 0x8000a416 (0xbe3f2723) sw      gp, -1042(t5)
core   0: 3 0x8000a416 (0xbe3f2723) mem 0x80010000 0x00000001
core   0: 0x8000a41a (0x0000bfe5) c.j     pc - 8
core   0: 3 0x8000a41a (0xbfe5)
core   0: 0x8000a412 (0x00006f17) auipc   t5, 0x6
core   0: 3 0x8000a412 (0x00006f17) x30 0x80010412
core   0: 0x8000a416 (0xbe3f2723) sw      gp, -1042(t5)
core   0: 3 0x8000a416 (0xbe3f2723) mem 0x80010000 0x00000001
core   0: 0x8000a41a (0x0000bfe5) c.j     pc - 8
core   0: 3 0x8000a41a (0xbfe5)
core   0: 0x8000a412 (0x00006f17) auipc   t5, 0x6
core   0: 3 0x8000a412 (0x00006f17) x30 0x80010412
core   0: 0x8000a416 (0xbe3f2723) sw      gp, -1042(t5)
core   0: 3 0x8000a416 (0xbe3f2723) mem 0x80010000 0x00000001
core   0: 0x8000a41a (0x0000bfe5) c.j     pc - 8
core   0: 3 0x8000a41a (0xbfe5)
core   0: 0x8000a412 (0x00006f17) auipc   t5, 0x6
core   0: 3 0x8000a412 (0x00006f17) x30 0x80010412
core   0: 0x8000a416 (0xbe3f2723) sw      gp, -1042(t5)
core   0: 3 0x8000a416 (0xbe3f2723) mem 0x80010000 0x00000001
core   0: 0x8000a41a (0x0000bfe5) c.j     pc - 8
core   0: 3 0x8000a41a (0xbfe5)
core   0: 0x8000a412 (0x00006f17) auipc   t5, 0x6
core   0: 3 0x8000a412 (0x00006f17) x30 0x80010412
core   0: 0x8000a416 (0xbe3f2723) sw      gp, -1042(t5)
core   0: 3 0x8000a416 (0xbe3f2723) mem 0x80010000 0x00000001
core   0: 0x8000a41a (0x0000bfe5) c.j     pc - 8
core   0: 3 0x8000a41a (0xbfe5)
core   0: 0x8000a412 (0x00006f17) auipc   t5, 0x6
core   0: 3 0x8000a412 (0x00006f17) x30 0x80010412
core   0: 0x8000a416 (0xbe3f2723) sw      gp, -1042(t5)
core   0: 3 0x8000a416 (0xbe3f2723) mem 0x80010000 0x00000001
core   0: 0x8000a41a (0x0000bfe5) c.j     pc - 8
core   0: 3 0x8000a41a (0xbfe5)
core   0: 0x8000a412 (0x00006f17) auipc   t5, 0x6
core   0: 3 0x8000a412 (0x00006f17) x30 0x80010412
core   0: 0x8000a416 (0xbe3f2723) sw      gp, -1042(t5)
core   0: 3 0x8000a416 (0xbe3f2723) mem 0x80010000 0x00000001
core   0: 0x8000a41a (0x0000bfe5) c.j     pc - 8
core   0: 3 0x8000a41a (0xbfe5)
core   0: 0x8000a412 (0x00006f17) auipc   t5, 0x6
core   0: 3 0x8000a412 (0x00006f17) x30 0x80010412
core   0: 0x8000a416 (0xbe3f2723) sw      gp, -1042(t5)
core   0: 3 0x8000a416 (0xbe3f2723) mem 0x80010000 0x00000001
core   0: 0x8000a41a (0x0000bfe5) c.j     pc - 8
core   0: 3 0x8000a41a (0xbfe5)
core   0: 0x8000a412 (0x00006f17) auipc   t5, 0x6
core   0: 3 0x8000a412 (0x00006f17) x30 0x80010412
core   0: 0x8000a416 (0xbe3f2723) sw      gp, -1042(t5)
core   0: 3 0x8000a416 (0xbe3f2723) mem 0x80010000 0x00000001
core   0: 0x8000a41a (0x0000bfe5) c.j     pc - 8
core   0: 3 0x8000a41a (0xbfe5)
core   0: 0x8000a412 (0x00006f17) auipc   t5, 0x6
core   0: 3 0x8000a412 (0x00006f17) x30 0x80010412
core   0: 0x8000a416 (0xbe3f2723) sw      gp, -1042(t5)
core   0: 3 0x8000a416 (0xbe3f2723) mem 0x80010000 0x00000001
core   0: 0x8000a41a (0x0000bfe5) c.j     pc - 8
core   0: 3 0x8000a41a (0xbfe5)
core   0: 0x8000a412 (0x00006f17) auipc   t5, 0x6
core   0: 3 0x8000a412 (0x00006f17) x30 0x80010412
core   0: 0x8000a416 (0xbe3f2723) sw      gp, -1042(t5)
core   0: 3 0x8000a416 (0xbe3f2723) mem 0x80010000 0x00000001
core   0: 0x8000a41a (0x0000bfe5) c.j     pc - 8
core   0: 3 0x8000a41a (0xbfe5)
core   0: 0x8000a412 (0x00006f17) auipc   t5, 0x6
core   0: 3 0x8000a412 (0x00006f17) x30 0x80010412
core   0: 0x8000a416 (0xbe3f2723) sw      gp, -1042(t5)
core   0: 3 0x8000a416 (0xbe3f2723) mem 0x80010000 0x00000001
core   0: 0x8000a41a (0x0000bfe5) c.j     pc - 8
core   0: 3 0x8000a41a (0xbfe5)
core   0: 0x8000a412 (0x00006f17) auipc   t5, 0x6
core   0: 3 0x8000a412 (0x00006f17) x30 0x80010412
core   0: 0x8000a416 (0xbe3f2723) sw      gp, -1042(t5)
core   0: 3 0x8000a416 (0xbe3f2723) mem 0x80010000 0x00000001
core   0: 0x8000a41a (0x0000bfe5) c.j     pc - 8
core   0: 3 0x8000a41a (0xbfe5)
core   0: 0x8000a412 (0x00006f17) auipc   t5, 0x6
core   0: 3 0x8000a412 (0x00006f17) x30 0x80010412
core   0: 0x8000a416 (0xbe3f2723) sw      gp, -1042(t5)
core   0: 3 0x8000a416 (0xbe3f2723) mem 0x80010000 0x00000001
core   0: 0x8000a41a (0x0000bfe5) c.j     pc - 8
core   0: 3 0x8000a41a (0xbfe5)
core   0: 0x8000a412 (0x00006f17) auipc   t5, 0x6
core   0: 3 0x8000a412 (0x00006f17) x30 0x80010412
core   0: 0x8000a416 (0xbe3f2723) sw      gp, -1042(t5)
core   0: 3 0x8000a416 (0xbe3f2723) mem 0x80010000 0x00000001
core   0: 0x8000a41a (0x0000bfe5) c.j     pc - 8
core   0: 3 0x8000a41a (0xbfe5)
core   0: 0x8000a412 (0x00006f17) auipc   t5, 0x6
core   0: 3 0x8000a412 (0x00006f17) x30 0x80010412
core   0: 0x8000a416 (0xbe3f2723) sw      gp, -1042(t5)
core   0: 3 0x8000a416 (0xbe3f2723) mem 0x80010000 0x00000001
core   0: 0x8000a41a (0x0000bfe5) c.j     pc - 8
core   0: 3 0x8000a41a (0xbfe5)
core   0: 0x8000a412 (0x00006f17) auipc   t5, 0x6
core   0: 3 0x8000a412 (0x00006f17) x30 0x80010412
core   0: 0x8000a416 (0xbe3f2723) sw      gp, -1042(t5)
core   0: 3 0x8000a416 (0xbe3f2723) mem 0x80010000 0x00000001
core   0: 0x8000a41a (0x0000bfe5) c.j     pc - 8
core   0: 3 0x8000a41a (0xbfe5)
core   0: 0x8000a412 (0x00006f17) auipc   t5, 0x6
core   0: 3 0x8000a412 (0x00006f17) x30 0x80010412
core   0: 0x8000a416 (0xbe3f2723) sw      gp, -1042(t5)
core   0: 3 0x8000a416 (0xbe3f2723) mem 0x80010000 0x00000001
core   0: 0x8000a41a (0x0000bfe5) c.j     pc - 8
core   0: 3 0x8000a41a (0xbfe5)
core   0: 0x8000a412 (0x00006f17) auipc   t5, 0x6
core   0: 3 0x8000a412 (0x00006f17) x30 0x80010412
core   0: 0x8000a416 (0xbe3f2723) sw      gp, -1042(t5)
core   0: 3 0x8000a416 (0xbe3f2723) mem 0x80010000 0x00000001
core   0: 0x8000a41a (0x0000bfe5) c.j     pc - 8
core   0: 3 0x8000a41a (0xbfe5)
core   0: 0x8000a412 (0x00006f17) auipc   t5, 0x6
core   0: 3 0x8000a412 (0x00006f17) x30 0x80010412
core   0: 0x8000a416 (0xbe3f2723) sw      gp, -1042(t5)
core   0: 3 0x8000a416 (0xbe3f2723) mem 0x80010000 0x00000001
core   0: 0x8000a41a (0x0000bfe5) c.j     pc - 8
core   0: 3 0x8000a41a (0xbfe5)
core   0: 0x8000a412 (0x00006f17) auipc   t5, 0x6
core   0: 3 0x8000a412 (0x00006f17) x30 0x80010412
core   0: 0x8000a416 (0xbe3f2723) sw      gp, -1042(t5)
core   0: 3 0x8000a416 (0xbe3f2723) mem 0x80010000 0x00000001
core   0: 0x8000a41a (0x0000bfe5) c.j     pc - 8
core   0: 3 0x8000a41a (0xbfe5)
core   0: 0x8000a412 (0x00006f17) auipc   t5, 0x6
core   0: 3 0x8000a412 (0x00006f17) x30 0x80010412
core   0: 0x8000a416 (0xbe3f2723) sw      gp, -1042(t5)
core   0: 3 0x8000a416 (0xbe3f2723) mem 0x80010000 0x00000001
core   0: 0x8000a41a (0x0000bfe5) c.j     pc - 8
core   0: 3 0x8000a41a (0xbfe5)
core   0: 0x8000a412 (0x00006f17) auipc   t5, 0x6
core   0: 3 0x8000a412 (0x00006f17) x30 0x80010412
core   0: 0x8000a416 (0xbe3f2723) sw      gp, -1042(t5)
core   0: 3 0x8000a416 (0xbe3f2723) mem 0x80010000 0x00000001
core   0: 0x8000a41a (0x0000bfe5) c.j     pc - 8
core   0: 3 0x8000a41a (0xbfe5)
core   0: 0x8000a412 (0x00006f17) auipc   t5, 0x6
core   0: 3 0x8000a412 (0x00006f17) x30 0x80010412
core   0: 0x8000a416 (0xbe3f2723) sw      gp, -1042(t5)
core   0: 3 0x8000a416 (0xbe3f2723) mem 0x80010000 0x00000001
core   0: 0x8000a41a (0x0000bfe5) c.j     pc - 8
core   0: 3 0x8000a41a (0xbfe5)
core   0: 0x8000a412 (0x00006f17) auipc   t5, 0x6
core   0: 3 0x8000a412 (0x00006f17) x30 0x80010412
core   0: 0x8000a416 (0xbe3f2723) sw      gp, -1042(t5)
core   0: 3 0x8000a416 (0xbe3f2723) mem 0x80010000 0x00000001
core   0: 0x8000a41a (0x0000bfe5) c.j     pc - 8
core   0: 3 0x8000a41a (0xbfe5)
core   0: 0x8000a412 (0x00006f17) auipc   t5, 0x6
core   0: 3 0x8000a412 (0x00006f17) x30 0x80010412
core   0: 0x8000a416 (0xbe3f2723) sw      gp, -1042(t5)
core   0: 3 0x8000a416 (0xbe3f2723) mem 0x80010000 0x00000001
core   0: 0x8000a41a (0x0000bfe5) c.j     pc - 8
core   0: 3 0x8000a41a (0xbfe5)
core   0: 0x8000a412 (0x00006f17) auipc   t5, 0x6
core   0: 3 0x8000a412 (0x00006f17) x30 0x80010412
core   0: 0x8000a416 (0xbe3f2723) sw      gp, -1042(t5)
core   0: 3 0x8000a416 (0xbe3f2723) mem 0x80010000 0x00000001
core   0: 0x8000a41a (0x0000bfe5) c.j     pc - 8
core   0: 3 0x8000a41a (0xbfe5)
core   0: 0x8000a412 (0x00006f17) auipc   t5, 0x6
core   0: 3 0x8000a412 (0x00006f17) x30 0x80010412
core   0: 0x8000a416 (0xbe3f2723) sw      gp, -1042(t5)
core   0: 3 0x8000a416 (0xbe3f2723) mem 0x80010000 0x00000001
core   0: 0x8000a41a (0x0000bfe5) c.j     pc - 8
core   0: 3 0x8000a41a (0xbfe5)
core   0: 0x8000a412 (0x00006f17) auipc   t5, 0x6
core   0: 3 0x8000a412 (0x00006f17) x30 0x80010412
core   0: 0x8000a416 (0xbe3f2723) sw      gp, -1042(t5)
core   0: 3 0x8000a416 (0xbe3f2723) mem 0x80010000 0x00000001
core   0: 0x8000a41a (0x0000bfe5) c.j     pc - 8
core   0: 3 0x8000a41a (0xbfe5)
core   0: 0x8000a412 (0x00006f17) auipc   t5, 0x6
core   0: 3 0x8000a412 (0x00006f17) x30 0x80010412
core   0: 0x8000a416 (0xbe3f2723) sw      gp, -1042(t5)
core   0: 3 0x8000a416 (0xbe3f2723) mem 0x80010000 0x00000001
core   0: 0x8000a41a (0x0000bfe5) c.j     pc - 8
core   0: 3 0x8000a41a (0xbfe5)
core   0: 0x8000a412 (0x00006f17) auipc   t5, 0x6
core   0: 3 0x8000a412 (0x00006f17) x30 0x80010412
core   0: 0x8000a416 (0xbe3f2723) sw      gp, -1042(t5)
core   0: 3 0x8000a416 (0xbe3f2723) mem 0x80010000 0x00000001
core   0: 0x8000a41a (0x0000bfe5) c.j     pc - 8
core   0: 3 0x8000a41a (0xbfe5)
core   0: 0x8000a412 (0x00006f17) auipc   t5, 0x6
core   0: 3 0x8000a412 (0x00006f17) x30 0x80010412
core   0: 0x8000a416 (0xbe3f2723) sw      gp, -1042(t5)
core   0: 3 0x8000a416 (0xbe3f2723) mem 0x80010000 0x00000001
core   0: 0x8000a41a (0x0000bfe5) c.j     pc - 8
core   0: 3 0x8000a41a (0xbfe5)
core   0: 0x8000a412 (0x00006f17) auipc   t5, 0x6
core   0: 3 0x8000a412 (0x00006f17) x30 0x80010412
core   0: 0x8000a416 (0xbe3f2723) sw      gp, -1042(t5)
core   0: 3 0x8000a416 (0xbe3f2723) mem 0x80010000 0x00000001
core   0: 0x8000a41a (0x0000bfe5) c.j     pc - 8
core   0: 3 0x8000a41a (0xbfe5)
core   0: 0x8000a412 (0x00006f17) auipc   t5, 0x6
core   0: 3 0x8000a412 (0x00006f17) x30 0x80010412
core   0: 0x8000a416 (0xbe3f2723) sw      gp, -1042(t5)
core   0: 3 0x8000a416 (0xbe3f2723) mem 0x80010000 0x00000001
core   0: 0x8000a41a (0x0000bfe5) c.j     pc - 8
core   0: 3 0x8000a41a (0xbfe5)
core   0: 0x8000a412 (0x00006f17) auipc   t5, 0x6
core   0: 3 0x8000a412 (0x00006f17) x30 0x80010412
core   0: 0x8000a416 (0xbe3f2723) sw      gp, -1042(t5)
core   0: 3 0x8000a416 (0xbe3f2723) mem 0x80010000 0x00000001
core   0: 0x8000a41a (0x0000bfe5) c.j     pc - 8
core   0: 3 0x8000a41a (0xbfe5)
core   0: 0x8000a412 (0x00006f17) auipc   t5, 0x6
core   0: 3 0x8000a412 (0x00006f17) x30 0x80010412
core   0: 0x8000a416 (0xbe3f2723) sw      gp, -1042(t5)
core   0: 3 0x8000a416 (0xbe3f2723) mem 0x80010000 0x00000001
core   0: 0x8000a41a (0x0000bfe5) c.j     pc - 8
core   0: 3 0x8000a41a (0xbfe5)
core   0: 0x8000a412 (0x00006f17) auipc   t5, 0x6
core   0: 3 0x8000a412 (0x00006f17) x30 0x80010412
core   0: 0x8000a416 (0xbe3f2723) sw      gp, -1042(t5)
core   0: 3 0x8000a416 (0xbe3f2723) mem 0x80010000 0x00000001
core   0: 0x8000a41a (0x0000bfe5) c.j     pc - 8
core   0: 3 0x8000a41a (0xbfe5)
core   0: 0x8000a412 (0x00006f17) auipc   t5, 0x6
core   0: 3 0x8000a412 (0x00006f17) x30 0x80010412
core   0: 0x8000a416 (0xbe3f2723) sw      gp, -1042(t5)
core   0: 3 0x8000a416 (0xbe3f2723) mem 0x80010000 0x00000001
core   0: 0x8000a41a (0x0000bfe5) c.j     pc - 8
core   0: 3 0x8000a41a (0xbfe5)
core   0: 0x8000a412 (0x00006f17) auipc   t5, 0x6
core   0: 3 0x8000a412 (0x00006f17) x30 0x80010412
core   0: 0x8000a416 (0xbe3f2723) sw      gp, -1042(t5)
core   0: 3 0x8000a416 (0xbe3f2723) mem 0x80010000 0x00000001
core   0: 0x8000a41a (0x0000bfe5) c.j     pc - 8
core   0: 3 0x8000a41a (0xbfe5)
core   0: 0x8000a412 (0x00006f17) auipc   t5, 0x6
core   0: 3 0x8000a412 (0x00006f17) x30 0x80010412
core   0: 0x8000a416 (0xbe3f2723) sw      gp, -1042(t5)
core   0: 3 0x8000a416 (0xbe3f2723) mem 0x80010000 0x00000001
core   0: 0x8000a41a (0x0000bfe5) c.j     pc - 8
core   0: 3 0x8000a41a (0xbfe5)
core   0: 0x8000a412 (0x00006f17) auipc   t5, 0x6
core   0: 3 0x8000a412 (0x00006f17) x30 0x80010412
core   0: 0x8000a416 (0xbe3f2723) sw      gp, -1042(t5)
core   0: 3 0x8000a416 (0xbe3f2723) mem 0x80010000 0x00000001
core   0: 0x8000a41a (0x0000bfe5) c.j     pc - 8
core   0: 3 0x8000a41a (0xbfe5)
core   0: 0x8000a412 (0x00006f17) auipc   t5, 0x6
core   0: 3 0x8000a412 (0x00006f17) x30 0x80010412
core   0: 0x8000a416 (0xbe3f2723) sw      gp, -1042(t5)
core   0: 3 0x8000a416 (0xbe3f2723) mem 0x80010000 0x00000001
core   0: 0x8000a41a (0x0000bfe5) c.j     pc - 8
core   0: 3 0x8000a41a (0xbfe5)
core   0: 0x8000a412 (0x00006f17) auipc   t5, 0x6
core   0: 3 0x8000a412 (0x00006f17) x30 0x80010412
core   0: 0x8000a416 (0xbe3f2723) sw      gp, -1042(t5)
core   0: 3 0x8000a416 (0xbe3f2723) mem 0x80010000 0x00000001
core   0: 0x8000a41a (0x0000bfe5) c.j     pc - 8
core   0: 3 0x8000a41a (0xbfe5)
core   0: 0x8000a412 (0x00006f17) auipc   t5, 0x6
core   0: 3 0x8000a412 (0x00006f17) x30 0x80010412
core   0: 0x8000a416 (0xbe3f2723) sw      gp, -1042(t5)
core   0: 3 0x8000a416 (0xbe3f2723) mem 0x80010000 0x00000001
core   0: 0x8000a41a (0x0000bfe5) c.j     pc - 8
core   0: 3 0x8000a41a (0xbfe5)
core   0: 0x8000a412 (0x00006f17) auipc   t5, 0x6
core   0: 3 0x8000a412 (0x00006f17) x30 0x80010412
core   0: 0x8000a416 (0xbe3f2723) sw      gp, -1042(t5)
core   0: 3 0x8000a416 (0xbe3f2723) mem 0x80010000 0x00000001
core   0: 0x8000a41a (0x0000bfe5) c.j     pc - 8
core   0: 3 0x8000a41a (0xbfe5)
core   0: 0x8000a412 (0x00006f17) auipc   t5, 0x6
core   0: 3 0x8000a412 (0x00006f17) x30 0x80010412
core   0: 0x8000a416 (0xbe3f2723) sw      gp, -1042(t5)
core   0: 3 0x8000a416 (0xbe3f2723) mem 0x80010000 0x00000001
core   0: 0x8000a41a (0x0000bfe5) c.j     pc - 8
core   0: 3 0x8000a41a (0xbfe5)
core   0: 0x8000a412 (0x00006f17) auipc   t5, 0x6
core   0: 3 0x8000a412 (0x00006f17) x30 0x80010412
core   0: 0x8000a416 (0xbe3f2723) sw      gp, -1042(t5)
core   0: 3 0x8000a416 (0xbe3f2723) mem 0x80010000 0x00000001
core   0: 0x8000a41a (0x0000bfe5) c.j     pc - 8
core   0: 3 0x8000a41a (0xbfe5)
core   0: 0x8000a412 (0x00006f17) auipc   t5, 0x6
core   0: 3 0x8000a412 (0x00006f17) x30 0x80010412
core   0: 0x8000a416 (0xbe3f2723) sw      gp, -1042(t5)
core   0: 3 0x8000a416 (0xbe3f2723) mem 0x80010000 0x00000001
core   0: 0x8000a41a (0x0000bfe5) c.j     pc - 8
core   0: 3 0x8000a41a (0xbfe5)
core   0: 0x8000a412 (0x00006f17) auipc   t5, 0x6
core   0: 3 0x8000a412 (0x00006f17) x30 0x80010412
core   0: 0x8000a416 (0xbe3f2723) sw      gp, -1042(t5)
core   0: 3 0x8000a416 (0xbe3f2723) mem 0x80010000 0x00000001
core   0: 0x8000a41a (0x0000bfe5) c.j     pc - 8
core   0: 3 0x8000a41a (0xbfe5)
core   0: 0x8000a412 (0x00006f17) auipc   t5, 0x6
core   0: 3 0x8000a412 (0x00006f17) x30 0x80010412
core   0: 0x8000a416 (0xbe3f2723) sw      gp, -1042(t5)
core   0: 3 0x8000a416 (0xbe3f2723) mem 0x80010000 0x00000001
core   0: 0x8000a41a (0x0000bfe5) c.j     pc - 8
core   0: 3 0x8000a41a (0xbfe5)
core   0: 0x8000a412 (0x00006f17) auipc   t5, 0x6
core   0: 3 0x8000a412 (0x00006f17) x30 0x80010412
core   0: 0x8000a416 (0xbe3f2723) sw      gp, -1042(t5)
core   0: 3 0x8000a416 (0xbe3f2723) mem 0x80010000 0x00000001
core   0: 0x8000a41a (0x0000bfe5) c.j     pc - 8
core   0: 3 0x8000a41a (0xbfe5)
core   0: 0x8000a412 (0x00006f17) auipc   t5, 0x6
core   0: 3 0x8000a412 (0x00006f17) x30 0x80010412
core   0: 0x8000a416 (0xbe3f2723) sw      gp, -1042(t5)
core   0: 3 0x8000a416 (0xbe3f2723) mem 0x80010000 0x00000001
core   0: 0x8000a41a (0x0000bfe5) c.j     pc - 8
core   0: 3 0x8000a41a (0xbfe5)
core   0: 0x8000a412 (0x00006f17) auipc   t5, 0x6
core   0: 3 0x8000a412 (0x00006f17) x30 0x80010412
core   0: 0x8000a416 (0xbe3f2723) sw      gp, -1042(t5)
core   0: 3 0x8000a416 (0xbe3f2723) mem 0x80010000 0x00000001
core   0: 0x8000a41a (0x0000bfe5) c.j     pc - 8
core   0: 3 0x8000a41a (0xbfe5)
core   0: 0x8000a412 (0x00006f17) auipc   t5, 0x6
core   0: 3 0x8000a412 (0x00006f17) x30 0x80010412
core   0: 0x8000a416 (0xbe3f2723) sw      gp, -1042(t5)
core   0: 3 0x8000a416 (0xbe3f2723) mem 0x80010000 0x00000001
core   0: 0x8000a41a (0x0000bfe5) c.j     pc - 8
core   0: 3 0x8000a41a (0xbfe5)
core   0: 0x8000a412 (0x00006f17) auipc   t5, 0x6
core   0: 3 0x8000a412 (0x00006f17) x30 0x80010412
core   0: 0x8000a416 (0xbe3f2723) sw      gp, -1042(t5)
core   0: 3 0x8000a416 (0xbe3f2723) mem 0x80010000 0x00000001
core   0: 0x8000a41a (0x0000bfe5) c.j     pc - 8
core   0: 3 0x8000a41a (0xbfe5)
core   0: 0x8000a412 (0x00006f17) auipc   t5, 0x6
core   0: 3 0x8000a412 (0x00006f17) x30 0x80010412
core   0: 0x8000a416 (0xbe3f2723) sw      gp, -1042(t5)
core   0: 3 0x8000a416 (0xbe3f2723) mem 0x80010000 0x00000001
core   0: 0x8000a41a (0x0000bfe5) c.j     pc - 8
core   0: 3 0x8000a41a (0xbfe5)
core   0: 0x8000a412 (0x00006f17) auipc   t5, 0x6
core   0: 3 0x8000a412 (0x00006f17) x30 0x80010412
core   0: 0x8000a416 (0xbe3f2723) sw      gp, -1042(t5)
core   0: 3 0x8000a416 (0xbe3f2723) mem 0x80010000 0x00000001
core   0: 0x8000a41a (0x0000bfe5) c.j     pc - 8
core   0: 3 0x8000a41a (0xbfe5)
core   0: 0x8000a412 (0x00006f17) auipc   t5, 0x6
core   0: 3 0x8000a412 (0x00006f17) x30 0x80010412
core   0: 0x8000a416 (0xbe3f2723) sw      gp, -1042(t5)
core   0: 3 0x8000a416 (0xbe3f2723) mem 0x80010000 0x00000001
core   0: 0x8000a41a (0x0000bfe5) c.j     pc - 8
core   0: 3 0x8000a41a (0xbfe5)
core   0: 0x8000a412 (0x00006f17) auipc   t5, 0x6
core   0: 3 0x8000a412 (0x00006f17) x30 0x80010412
core   0: 0x8000a416 (0xbe3f2723) sw      gp, -1042(t5)
core   0: 3 0x8000a416 (0xbe3f2723) mem 0x80010000 0x00000001
core   0: 0x8000a41a (0x0000bfe5) c.j     pc - 8
core   0: 3 0x8000a41a (0xbfe5)
core   0: 0x8000a412 (0x00006f17) auipc   t5, 0x6
core   0: 3 0x8000a412 (0x00006f17) x30 0x80010412
core   0: 0x8000a416 (0xbe3f2723) sw      gp, -1042(t5)
core   0: 3 0x8000a416 (0xbe3f2723) mem 0x80010000 0x00000001
core   0: 0x8000a41a (0x0000bfe5) c.j     pc - 8
core   0: 3 0x8000a41a (0xbfe5)
core   0: 0x8000a412 (0x00006f17) auipc   t5, 0x6
core   0: 3 0x8000a412 (0x00006f17) x30 0x80010412
core   0: 0x8000a416 (0xbe3f2723) sw      gp, -1042(t5)
core   0: 3 0x8000a416 (0xbe3f2723) mem 0x80010000 0x00000001
core   0: 0x8000a41a (0x0000bfe5) c.j     pc - 8
core   0: 3 0x8000a41a (0xbfe5)
core   0: 0x8000a412 (0x00006f17) auipc   t5, 0x6
core   0: 3 0x8000a412 (0x00006f17) x30 0x80010412
core   0: 0x8000a416 (0xbe3f2723) sw      gp, -1042(t5)
core   0: 3 0x8000a416 (0xbe3f2723) mem 0x80010000 0x00000001
core   0: 0x8000a41a (0x0000bfe5) c.j     pc - 8
core   0: 3 0x8000a41a (0xbfe5)
core   0: 0x8000a412 (0x00006f17) auipc   t5, 0x6
core   0: 3 0x8000a412 (0x00006f17) x30 0x80010412
core   0: 0x8000a416 (0xbe3f2723) sw      gp, -1042(t5)
core   0: 3 0x8000a416 (0xbe3f2723) mem 0x80010000 0x00000001
core   0: 0x8000a41a (0x0000bfe5) c.j     pc - 8
core   0: 3 0x8000a41a (0xbfe5)
core   0: 0x8000a412 (0x00006f17) auipc   t5, 0x6
core   0: 3 0x8000a412 (0x00006f17) x30 0x80010412
core   0: 0x8000a416 (0xbe3f2723) sw      gp, -1042(t5)
core   0: 3 0x8000a416 (0xbe3f2723) mem 0x80010000 0x00000001
core   0: 0x8000a41a (0x0000bfe5) c.j     pc - 8
core   0: 3 0x8000a41a (0xbfe5)
core   0: 0x8000a412 (0x00006f17) auipc   t5, 0x6
core   0: 3 0x8000a412 (0x00006f17) x30 0x80010412
core   0: 0x8000a416 (0xbe3f2723) sw      gp, -1042(t5)
core   0: 3 0x8000a416 (0xbe3f2723) mem 0x80010000 0x00000001
core   0: 0x8000a41a (0x0000bfe5) c.j     pc - 8
core   0: 3 0x8000a41a (0xbfe5)
core   0: 0x8000a412 (0x00006f17) auipc   t5, 0x6
core   0: 3 0x8000a412 (0x00006f17) x30 0x80010412
core   0: 0x8000a416 (0xbe3f2723) sw      gp, -1042(t5)
core   0: 3 0x8000a416 (0xbe3f2723) mem 0x80010000 0x00000001
core   0: 0x8000a41a (0x0000bfe5) c.j     pc - 8
core   0: 3 0x8000a41a (0xbfe5)
core   0: 0x8000a412 (0x00006f17) auipc   t5, 0x6
core   0: 3 0x8000a412 (0x00006f17) x30 0x80010412
core   0: 0x8000a416 (0xbe3f2723) sw      gp, -1042(t5)
core   0: 3 0x8000a416 (0xbe3f2723) mem 0x80010000 0x00000001
core   0: 0x8000a41a (0x0000bfe5) c.j     pc - 8
core   0: 3 0x8000a41a (0xbfe5)
core   0: 0x8000a412 (0x00006f17) auipc   t5, 0x6
core   0: 3 0x8000a412 (0x00006f17) x30 0x80010412
core   0: 0x8000a416 (0xbe3f2723) sw      gp, -1042(t5)
core   0: 3 0x8000a416 (0xbe3f2723) mem 0x80010000 0x00000001
core   0: 0x8000a41a (0x0000bfe5) c.j     pc - 8
core   0: 3 0x8000a41a (0xbfe5)
core   0: 0x8000a412 (0x00006f17) auipc   t5, 0x6
core   0: 3 0x8000a412 (0x00006f17) x30 0x80010412
core   0: 0x8000a416 (0xbe3f2723) sw      gp, -1042(t5)
core   0: 3 0x8000a416 (0xbe3f2723) mem 0x80010000 0x00000001
core   0: 0x8000a41a (0x0000bfe5) c.j     pc - 8
core   0: 3 0x8000a41a (0xbfe5)
core   0: 0x8000a412 (0x00006f17) auipc   t5, 0x6
core   0: 3 0x8000a412 (0x00006f17) x30 0x80010412
core   0: 0x8000a416 (0xbe3f2723) sw      gp, -1042(t5)
core   0: 3 0x8000a416 (0xbe3f2723) mem 0x80010000 0x00000001
core   0: 0x8000a41a (0x0000bfe5) c.j     pc - 8
core   0: 3 0x8000a41a (0xbfe5)
core   0: 0x8000a412 (0x00006f17) auipc   t5, 0x6
core   0: 3 0x8000a412 (0x00006f17) x30 0x80010412
core   0: 0x8000a416 (0xbe3f2723) sw      gp, -1042(t5)
core   0: 3 0x8000a416 (0xbe3f2723) mem 0x80010000 0x00000001
core   0: 0x8000a41a (0x0000bfe5) c.j     pc - 8
core   0: 3 0x8000a41a (0xbfe5)
core   0: 0x8000a412 (0x00006f17) auipc   t5, 0x6
core   0: 3 0x8000a412 (0x00006f17) x30 0x80010412
core   0: 0x8000a416 (0xbe3f2723) sw      gp, -1042(t5)
core   0: 3 0x8000a416 (0xbe3f2723) mem 0x80010000 0x00000001
core   0: 0x8000a41a (0x0000bfe5) c.j     pc - 8
core   0: 3 0x8000a41a (0xbfe5)
core   0: 0x8000a412 (0x00006f17) auipc   t5, 0x6
core   0: 3 0x8000a412 (0x00006f17) x30 0x80010412
core   0: 0x8000a416 (0xbe3f2723) sw      gp, -1042(t5)
core   0: 3 0x8000a416 (0xbe3f2723) mem 0x80010000 0x00000001
core   0: 0x8000a41a (0x0000bfe5) c.j     pc - 8
core   0: 3 0x8000a41a (0xbfe5)
core   0: 0x8000a412 (0x00006f17) auipc   t5, 0x6
core   0: 3 0x8000a412 (0x00006f17) x30 0x80010412
core   0: 0x8000a416 (0xbe3f2723) sw      gp, -1042(t5)
core   0: 3 0x8000a416 (0xbe3f2723) mem 0x80010000 0x00000001
core   0: 0x8000a41a (0x0000bfe5) c.j     pc - 8
core   0: 3 0x8000a41a (0xbfe5)
core   0: 0x8000a412 (0x00006f17) auipc   t5, 0x6
core   0: 3 0x8000a412 (0x00006f17) x30 0x80010412
core   0: 0x8000a416 (0xbe3f2723) sw      gp, -1042(t5)
core   0: 3 0x8000a416 (0xbe3f2723) mem 0x80010000 0x00000001
core   0: 0x8000a41a (0x0000bfe5) c.j     pc - 8
core   0: 3 0x8000a41a (0xbfe5)
core   0: 0x8000a412 (0x00006f17) auipc   t5, 0x6
core   0: 3 0x8000a412 (0x00006f17) x30 0x80010412
core   0: 0x8000a416 (0xbe3f2723) sw      gp, -1042(t5)
core   0: 3 0x8000a416 (0xbe3f2723) mem 0x80010000 0x00000001
core   0: 0x8000a41a (0x0000bfe5) c.j     pc - 8
core   0: 3 0x8000a41a (0xbfe5)
core   0: 0x8000a412 (0x00006f17) auipc   t5, 0x6
core   0: 3 0x8000a412 (0x00006f17) x30 0x80010412
core   0: 0x8000a416 (0xbe3f2723) sw      gp, -1042(t5)
core   0: 3 0x8000a416 (0xbe3f2723) mem 0x80010000 0x00000001
core   0: 0x8000a41a (0x0000bfe5) c.j     pc - 8
core   0: 3 0x8000a41a (0xbfe5)
core   0: 0x8000a412 (0x00006f17) auipc   t5, 0x6
core   0: 3 0x8000a412 (0x00006f17) x30 0x80010412
core   0: 0x8000a416 (0xbe3f2723) sw      gp, -1042(t5)
core   0: 3 0x8000a416 (0xbe3f2723) mem 0x80010000 0x00000001
core   0: 0x8000a41a (0x0000bfe5) c.j     pc - 8
core   0: 3 0x8000a41a (0xbfe5)
core   0: 0x8000a412 (0x00006f17) auipc   t5, 0x6
core   0: 3 0x8000a412 (0x00006f17) x30 0x80010412
core   0: 0x8000a416 (0xbe3f2723) sw      gp, -1042(t5)
core   0: 3 0x8000a416 (0xbe3f2723) mem 0x80010000 0x00000001
core   0: 0x8000a41a (0x0000bfe5) c.j     pc - 8
core   0: 3 0x8000a41a (0xbfe5)
core   0: 0x8000a412 (0x00006f17) auipc   t5, 0x6
core   0: 3 0x8000a412 (0x00006f17) x30 0x80010412
core   0: 0x8000a416 (0xbe3f2723) sw      gp, -1042(t5)
core   0: 3 0x8000a416 (0xbe3f2723) mem 0x80010000 0x00000001
core   0: 0x8000a41a (0x0000bfe5) c.j     pc - 8
core   0: 3 0x8000a41a (0xbfe5)
core   0: 0x8000a412 (0x00006f17) auipc   t5, 0x6
core   0: 3 0x8000a412 (0x00006f17) x30 0x80010412
core   0: 0x8000a416 (0xbe3f2723) sw      gp, -1042(t5)
core   0: 3 0x8000a416 (0xbe3f2723) mem 0x80010000 0x00000001
core   0: 0x8000a41a (0x0000bfe5) c.j     pc - 8
core   0: 3 0x8000a41a (0xbfe5)
core   0: 0x8000a412 (0x00006f17) auipc   t5, 0x6
core   0: 3 0x8000a412 (0x00006f17) x30 0x80010412
core   0: 0x8000a416 (0xbe3f2723) sw      gp, -1042(t5)
core   0: 3 0x8000a416 (0xbe3f2723) mem 0x80010000 0x00000001
core   0: 0x8000a41a (0x0000bfe5) c.j     pc - 8
core   0: 3 0x8000a41a (0xbfe5)
core   0: 0x8000a412 (0x00006f17) auipc   t5, 0x6
core   0: 3 0x8000a412 (0x00006f17) x30 0x80010412
core   0: 0x8000a416 (0xbe3f2723) sw      gp, -1042(t5)
core   0: 3 0x8000a416 (0xbe3f2723) mem 0x80010000 0x00000001
core   0: 0x8000a41a (0x0000bfe5) c.j     pc - 8
core   0: 3 0x8000a41a (0xbfe5)
core   0: 0x8000a412 (0x00006f17) auipc   t5, 0x6
core   0: 3 0x8000a412 (0x00006f17) x30 0x80010412
core   0: 0x8000a416 (0xbe3f2723) sw      gp, -1042(t5)
core   0: 3 0x8000a416 (0xbe3f2723) mem 0x80010000 0x00000001
core   0: 0x8000a41a (0x0000bfe5) c.j     pc - 8
core   0: 3 0x8000a41a (0xbfe5)
core   0: 0x8000a412 (0x00006f17) auipc   t5, 0x6
core   0: 3 0x8000a412 (0x00006f17) x30 0x80010412
core   0: 0x8000a416 (0xbe3f2723) sw      gp, -1042(t5)
core   0: 3 0x8000a416 (0xbe3f2723) mem 0x80010000 0x00000001
core   0: 0x8000a41a (0x0000bfe5) c.j     pc - 8
core   0: 3 0x8000a41a (0xbfe5)
core   0: 0x8000a412 (0x00006f17) auipc   t5, 0x6
core   0: 3 0x8000a412 (0x00006f17) x30 0x80010412
core   0: 0x8000a416 (0xbe3f2723) sw      gp, -1042(t5)
core   0: 3 0x8000a416 (0xbe3f2723) mem 0x80010000 0x00000001
core   0: 0x8000a41a (0x0000bfe5) c.j     pc - 8
core   0: 3 0x8000a41a (0xbfe5)
core   0: 0x8000a412 (0x00006f17) auipc   t5, 0x6
core   0: 3 0x8000a412 (0x00006f17) x30 0x80010412
core   0: 0x8000a416 (0xbe3f2723) sw      gp, -1042(t5)
core   0: 3 0x8000a416 (0xbe3f2723) mem 0x80010000 0x00000001
core   0: 0x8000a41a (0x0000bfe5) c.j     pc - 8
core   0: 3 0x8000a41a (0xbfe5)
core   0: 0x8000a412 (0x00006f17) auipc   t5, 0x6
core   0: 3 0x8000a412 (0x00006f17) x30 0x80010412
core   0: 0x8000a416 (0xbe3f2723) sw      gp, -1042(t5)
core   0: 3 0x8000a416 (0xbe3f2723) mem 0x80010000 0x00000001
core   0: 0x8000a41a (0x0000bfe5) c.j     pc - 8
core   0: 3 0x8000a41a (0xbfe5)
core   0: 0x8000a412 (0x00006f17) auipc   t5, 0x6
core   0: 3 0x8000a412 (0x00006f17) x30 0x80010412
core   0: 0x8000a416 (0xbe3f2723) sw      gp, -1042(t5)
core   0: 3 0x8000a416 (0xbe3f2723) mem 0x80010000 0x00000001
core   0: 0x8000a41a (0x0000bfe5) c.j     pc - 8
core   0: 3 0x8000a41a (0xbfe5)
core   0: 0x8000a412 (0x00006f17) auipc   t5, 0x6
core   0: 3 0x8000a412 (0x00006f17) x30 0x80010412
core   0: 0x8000a416 (0xbe3f2723) sw      gp, -1042(t5)
core   0: 3 0x8000a416 (0xbe3f2723) mem 0x80010000 0x00000001
core   0: 0x8000a41a (0x0000bfe5) c.j     pc - 8
core   0: 3 0x8000a41a (0xbfe5)
core   0: 0x8000a412 (0x00006f17) auipc   t5, 0x6
core   0: 3 0x8000a412 (0x00006f17) x30 0x80010412
core   0: 0x8000a416 (0xbe3f2723) sw      gp, -1042(t5)
core   0: 3 0x8000a416 (0xbe3f2723) mem 0x80010000 0x00000001
core   0: 0x8000a41a (0x0000bfe5) c.j     pc - 8
core   0: 3 0x8000a41a (0xbfe5)
core   0: 0x8000a412 (0x00006f17) auipc   t5, 0x6
core   0: 3 0x8000a412 (0x00006f17) x30 0x80010412
core   0: 0x8000a416 (0xbe3f2723) sw      gp, -1042(t5)
core   0: 3 0x8000a416 (0xbe3f2723) mem 0x80010000 0x00000001
core   0: 0x8000a41a (0x0000bfe5) c.j     pc - 8
core   0: 3 0x8000a41a (0xbfe5)
core   0: 0x8000a412 (0x00006f17) auipc   t5, 0x6
core   0: 3 0x8000a412 (0x00006f17) x30 0x80010412
core   0: 0x8000a416 (0xbe3f2723) sw      gp, -1042(t5)
core   0: 3 0x8000a416 (0xbe3f2723) mem 0x80010000 0x00000001
core   0: 0x8000a41a (0x0000bfe5) c.j     pc - 8
core   0: 3 0x8000a41a (0xbfe5)
core   0: 0x8000a412 (0x00006f17) auipc   t5, 0x6
core   0: 3 0x8000a412 (0x00006f17) x30 0x80010412
core   0: 0x8000a416 (0xbe3f2723) sw      gp, -1042(t5)
core   0: 3 0x8000a416 (0xbe3f2723) mem 0x80010000 0x00000001
core   0: 0x8000a41a (0x0000bfe5) c.j     pc - 8
core   0: 3 0x8000a41a (0xbfe5)
core   0: 0x8000a412 (0x00006f17) auipc   t5, 0x6
core   0: 3 0x8000a412 (0x00006f17) x30 0x80010412
core   0: 0x8000a416 (0xbe3f2723) sw      gp, -1042(t5)
core   0: 3 0x8000a416 (0xbe3f2723) mem 0x80010000 0x00000001
core   0: 0x8000a41a (0x0000bfe5) c.j     pc - 8
core   0: 3 0x8000a41a (0xbfe5)
core   0: 0x8000a412 (0x00006f17) auipc   t5, 0x6
core   0: 3 0x8000a412 (0x00006f17) x30 0x80010412
core   0: 0x8000a416 (0xbe3f2723) sw      gp, -1042(t5)
core   0: 3 0x8000a416 (0xbe3f2723) mem 0x80010000 0x00000001
core   0: 0x8000a41a (0x0000bfe5) c.j     pc - 8
core   0: 3 0x8000a41a (0xbfe5)
core   0: 0x8000a412 (0x00006f17) auipc   t5, 0x6
core   0: 3 0x8000a412 (0x00006f17) x30 0x80010412
core   0: 0x8000a416 (0xbe3f2723) sw      gp, -1042(t5)
core   0: 3 0x8000a416 (0xbe3f2723) mem 0x80010000 0x00000001
core   0: 0x8000a41a (0x0000bfe5) c.j     pc - 8
core   0: 3 0x8000a41a (0xbfe5)
core   0: 0x8000a412 (0x00006f17) auipc   t5, 0x6
core   0: 3 0x8000a412 (0x00006f17) x30 0x80010412
core   0: 0x8000a416 (0xbe3f2723) sw      gp, -1042(t5)
core   0: 3 0x8000a416 (0xbe3f2723) mem 0x80010000 0x00000001
core   0: 0x8000a41a (0x0000bfe5) c.j     pc - 8
core   0: 3 0x8000a41a (0xbfe5)
core   0: 0x8000a412 (0x00006f17) auipc   t5, 0x6
core   0: 3 0x8000a412 (0x00006f17) x30 0x80010412
core   0: 0x8000a416 (0xbe3f2723) sw      gp, -1042(t5)
core   0: 3 0x8000a416 (0xbe3f2723) mem 0x80010000 0x00000001
core   0: 0x8000a41a (0x0000bfe5) c.j     pc - 8
core   0: 3 0x8000a41a (0xbfe5)
core   0: 0x8000a412 (0x00006f17) auipc   t5, 0x6
core   0: 3 0x8000a412 (0x00006f17) x30 0x80010412
core   0: 0x8000a416 (0xbe3f2723) sw      gp, -1042(t5)
core   0: 3 0x8000a416 (0xbe3f2723) mem 0x80010000 0x00000001
core   0: 0x8000a41a (0x0000bfe5) c.j     pc - 8
core   0: 3 0x8000a41a (0xbfe5)
core   0: 0x8000a412 (0x00006f17) auipc   t5, 0x6
core   0: 3 0x8000a412 (0x00006f17) x30 0x80010412
core   0: 0x8000a416 (0xbe3f2723) sw      gp, -1042(t5)
core   0: 3 0x8000a416 (0xbe3f2723) mem 0x80010000 0x00000001
core   0: 0x8000a41a (0x0000bfe5) c.j     pc - 8
core   0: 3 0x8000a41a (0xbfe5)
core   0: 0x8000a412 (0x00006f17) auipc   t5, 0x6
core   0: 3 0x8000a412 (0x00006f17) x30 0x80010412
core   0: 0x8000a416 (0xbe3f2723) sw      gp, -1042(t5)
core   0: 3 0x8000a416 (0xbe3f2723) mem 0x80010000 0x00000001
core   0: 0x8000a41a (0x0000bfe5) c.j     pc - 8
core   0: 3 0x8000a41a (0xbfe5)
core   0: 0x8000a412 (0x00006f17) auipc   t5, 0x6
core   0: 3 0x8000a412 (0x00006f17) x30 0x80010412
core   0: 0x8000a416 (0xbe3f2723) sw      gp, -1042(t5)
core   0: 3 0x8000a416 (0xbe3f2723) mem 0x80010000 0x00000001
core   0: 0x8000a41a (0x0000bfe5) c.j     pc - 8
core   0: 3 0x8000a41a (0xbfe5)
core   0: 0x8000a412 (0x00006f17) auipc   t5, 0x6
core   0: 3 0x8000a412 (0x00006f17) x30 0x80010412
core   0: 0x8000a416 (0xbe3f2723) sw      gp, -1042(t5)
core   0: 3 0x8000a416 (0xbe3f2723) mem 0x80010000 0x00000001
core   0: 0x8000a41a (0x0000bfe5) c.j     pc - 8
core   0: 3 0x8000a41a (0xbfe5)
core   0: 0x8000a412 (0x00006f17) auipc   t5, 0x6
core   0: 3 0x8000a412 (0x00006f17) x30 0x80010412
core   0: 0x8000a416 (0xbe3f2723) sw      gp, -1042(t5)
core   0: 3 0x8000a416 (0xbe3f2723) mem 0x80010000 0x00000001
core   0: 0x8000a41a (0x0000bfe5) c.j     pc - 8
core   0: 3 0x8000a41a (0xbfe5)
core   0: 0x8000a412 (0x00006f17) auipc   t5, 0x6
core   0: 3 0x8000a412 (0x00006f17) x30 0x80010412
core   0: 0x8000a416 (0xbe3f2723) sw      gp, -1042(t5)
core   0: 3 0x8000a416 (0xbe3f2723) mem 0x80010000 0x00000001
core   0: 0x8000a41a (0x0000bfe5) c.j     pc - 8
core   0: 3 0x8000a41a (0xbfe5)
core   0: 0x8000a412 (0x00006f17) auipc   t5, 0x6
core   0: 3 0x8000a412 (0x00006f17) x30 0x80010412
core   0: 0x8000a416 (0xbe3f2723) sw      gp, -1042(t5)
core   0: 3 0x8000a416 (0xbe3f2723) mem 0x80010000 0x00000001
core   0: 0x8000a41a (0x0000bfe5) c.j     pc - 8
core   0: 3 0x8000a41a (0xbfe5)
core   0: 0x8000a412 (0x00006f17) auipc   t5, 0x6
core   0: 3 0x8000a412 (0x00006f17) x30 0x80010412
core   0: 0x8000a416 (0xbe3f2723) sw      gp, -1042(t5)
core   0: 3 0x8000a416 (0xbe3f2723) mem 0x80010000 0x00000001
core   0: 0x8000a41a (0x0000bfe5) c.j     pc - 8
core   0: 3 0x8000a41a (0xbfe5)
core   0: 0x8000a412 (0x00006f17) auipc   t5, 0x6
core   0: 3 0x8000a412 (0x00006f17) x30 0x80010412
core   0: 0x8000a416 (0xbe3f2723) sw      gp, -1042(t5)
core   0: 3 0x8000a416 (0xbe3f2723) mem 0x80010000 0x00000001
core   0: 0x8000a41a (0x0000bfe5) c.j     pc - 8
core   0: 3 0x8000a41a (0xbfe5)
core   0: 0x8000a412 (0x00006f17) auipc   t5, 0x6
core   0: 3 0x8000a412 (0x00006f17) x30 0x80010412
core   0: 0x8000a416 (0xbe3f2723) sw      gp, -1042(t5)
core   0: 3 0x8000a416 (0xbe3f2723) mem 0x80010000 0x00000001
core   0: 0x8000a41a (0x0000bfe5) c.j     pc - 8
core   0: 3 0x8000a41a (0xbfe5)
core   0: 0x8000a412 (0x00006f17) auipc   t5, 0x6
core   0: 3 0x8000a412 (0x00006f17) x30 0x80010412
core   0: 0x8000a416 (0xbe3f2723) sw      gp, -1042(t5)
core   0: 3 0x8000a416 (0xbe3f2723) mem 0x80010000 0x00000001
core   0: 0x8000a41a (0x0000bfe5) c.j     pc - 8
core   0: 3 0x8000a41a (0xbfe5)
core   0: 0x8000a412 (0x00006f17) auipc   t5, 0x6
core   0: 3 0x8000a412 (0x00006f17) x30 0x80010412
core   0: 0x8000a416 (0xbe3f2723) sw      gp, -1042(t5)
core   0: 3 0x8000a416 (0xbe3f2723) mem 0x80010000 0x00000001
core   0: 0x8000a41a (0x0000bfe5) c.j     pc - 8
core   0: 3 0x8000a41a (0xbfe5)
core   0: 0x8000a412 (0x00006f17) auipc   t5, 0x6
core   0: 3 0x8000a412 (0x00006f17) x30 0x80010412
core   0: 0x8000a416 (0xbe3f2723) sw      gp, -1042(t5)
core   0: 3 0x8000a416 (0xbe3f2723) mem 0x80010000 0x00000001
core   0: 0x8000a41a (0x0000bfe5) c.j     pc - 8
core   0: 3 0x8000a41a (0xbfe5)
core   0: 0x8000a412 (0x00006f17) auipc   t5, 0x6
core   0: 3 0x8000a412 (0x00006f17) x30 0x80010412
core   0: 0x8000a416 (0xbe3f2723) sw      gp, -1042(t5)
core   0: 3 0x8000a416 (0xbe3f2723) mem 0x80010000 0x00000001
core   0: 0x8000a41a (0x0000bfe5) c.j     pc - 8
core   0: 3 0x8000a41a (0xbfe5)
core   0: 0x8000a412 (0x00006f17) auipc   t5, 0x6
core   0: 3 0x8000a412 (0x00006f17) x30 0x80010412
core   0: 0x8000a416 (0xbe3f2723) sw      gp, -1042(t5)
core   0: 3 0x8000a416 (0xbe3f2723) mem 0x80010000 0x00000001
core   0: 0x8000a41a (0x0000bfe5) c.j     pc - 8
core   0: 3 0x8000a41a (0xbfe5)
core   0: 0x8000a412 (0x00006f17) auipc   t5, 0x6
core   0: 3 0x8000a412 (0x00006f17) x30 0x80010412
core   0: 0x8000a416 (0xbe3f2723) sw      gp, -1042(t5)
core   0: 3 0x8000a416 (0xbe3f2723) mem 0x80010000 0x00000001
core   0: 0x8000a41a (0x0000bfe5) c.j     pc - 8
core   0: 3 0x8000a41a (0xbfe5)
core   0: 0x8000a412 (0x00006f17) auipc   t5, 0x6
core   0: 3 0x8000a412 (0x00006f17) x30 0x80010412
core   0: 0x8000a416 (0xbe3f2723) sw      gp, -1042(t5)
core   0: 3 0x8000a416 (0xbe3f2723) mem 0x80010000 0x00000001
core   0: 0x8000a41a (0x0000bfe5) c.j     pc - 8
core   0: 3 0x8000a41a (0xbfe5)
core   0: 0x8000a412 (0x00006f17) auipc   t5, 0x6
core   0: 3 0x8000a412 (0x00006f17) x30 0x80010412
core   0: 0x8000a416 (0xbe3f2723) sw      gp, -1042(t5)
core   0: 3 0x8000a416 (0xbe3f2723) mem 0x80010000 0x00000001
core   0: 0x8000a41a (0x0000bfe5) c.j     pc - 8
core   0: 3 0x8000a41a (0xbfe5)
core   0: 0x8000a412 (0x00006f17) auipc   t5, 0x6
core   0: 3 0x8000a412 (0x00006f17) x30 0x80010412
core   0: 0x8000a416 (0xbe3f2723) sw      gp, -1042(t5)
core   0: 3 0x8000a416 (0xbe3f2723) mem 0x80010000 0x00000001
core   0: 0x8000a41a (0x0000bfe5) c.j     pc - 8
core   0: 3 0x8000a41a (0xbfe5)
core   0: 0x8000a412 (0x00006f17) auipc   t5, 0x6
core   0: 3 0x8000a412 (0x00006f17) x30 0x80010412
core   0: 0x8000a416 (0xbe3f2723) sw      gp, -1042(t5)
core   0: 3 0x8000a416 (0xbe3f2723) mem 0x80010000 0x00000001
core   0: 0x8000a41a (0x0000bfe5) c.j     pc - 8
core   0: 3 0x8000a41a (0xbfe5)
core   0: 0x8000a412 (0x00006f17) auipc   t5, 0x6
core   0: 3 0x8000a412 (0x00006f17) x30 0x80010412
core   0: 0x8000a416 (0xbe3f2723) sw      gp, -1042(t5)
core   0: 3 0x8000a416 (0xbe3f2723) mem 0x80010000 0x00000001
core   0: 0x8000a41a (0x0000bfe5) c.j     pc - 8
core   0: 3 0x8000a41a (0xbfe5)
core   0: 0x8000a412 (0x00006f17) auipc   t5, 0x6
core   0: 3 0x8000a412 (0x00006f17) x30 0x80010412
core   0: 0x8000a416 (0xbe3f2723) sw      gp, -1042(t5)
core   0: 3 0x8000a416 (0xbe3f2723) mem 0x80010000 0x00000001
core   0: 0x8000a41a (0x0000bfe5) c.j     pc - 8
core   0: 3 0x8000a41a (0xbfe5)
core   0: 0x8000a412 (0x00006f17) auipc   t5, 0x6
core   0: 3 0x8000a412 (0x00006f17) x30 0x80010412
core   0: 0x8000a416 (0xbe3f2723) sw      gp, -1042(t5)
core   0: 3 0x8000a416 (0xbe3f2723) mem 0x80010000 0x00000001
core   0: 0x8000a41a (0x0000bfe5) c.j     pc - 8
core   0: 3 0x8000a41a (0xbfe5)
core   0: 0x8000a412 (0x00006f17) auipc   t5, 0x6
core   0: 3 0x8000a412 (0x00006f17) x30 0x80010412
core   0: 0x8000a416 (0xbe3f2723) sw      gp, -1042(t5)
core   0: 3 0x8000a416 (0xbe3f2723) mem 0x80010000 0x00000001
core   0: 0x8000a41a (0x0000bfe5) c.j     pc - 8
core   0: 3 0x8000a41a (0xbfe5)
core   0: 0x8000a412 (0x00006f17) auipc   t5, 0x6
core   0: 3 0x8000a412 (0x00006f17) x30 0x80010412
core   0: 0x8000a416 (0xbe3f2723) sw      gp, -1042(t5)
core   0: 3 0x8000a416 (0xbe3f2723) mem 0x80010000 0x00000001
core   0: 0x8000a41a (0x0000bfe5) c.j     pc - 8
core   0: 3 0x8000a41a (0xbfe5)
core   0: 0x8000a412 (0x00006f17) auipc   t5, 0x6
core   0: 3 0x8000a412 (0x00006f17) x30 0x80010412
core   0: 0x8000a416 (0xbe3f2723) sw      gp, -1042(t5)
core   0: 3 0x8000a416 (0xbe3f2723) mem 0x80010000 0x00000001
core   0: 0x8000a41a (0x0000bfe5) c.j     pc - 8
core   0: 3 0x8000a41a (0xbfe5)
core   0: 0x8000a412 (0x00006f17) auipc   t5, 0x6
core   0: 3 0x8000a412 (0x00006f17) x30 0x80010412
core   0: 0x8000a416 (0xbe3f2723) sw      gp, -1042(t5)
core   0: 3 0x8000a416 (0xbe3f2723) mem 0x80010000 0x00000001
core   0: 0x8000a41a (0x0000bfe5) c.j     pc - 8
core   0: 3 0x8000a41a (0xbfe5)
core   0: 0x8000a412 (0x00006f17) auipc   t5, 0x6
core   0: 3 0x8000a412 (0x00006f17) x30 0x80010412
core   0: 0x8000a416 (0xbe3f2723) sw      gp, -1042(t5)
core   0: 3 0x8000a416 (0xbe3f2723) mem 0x80010000 0x00000001
core   0: 0x8000a41a (0x0000bfe5) c.j     pc - 8
core   0: 3 0x8000a41a (0xbfe5)
core   0: 0x8000a412 (0x00006f17) auipc   t5, 0x6
core   0: 3 0x8000a412 (0x00006f17) x30 0x80010412
core   0: 0x8000a416 (0xbe3f2723) sw      gp, -1042(t5)
core   0: 3 0x8000a416 (0xbe3f2723) mem 0x80010000 0x00000001
core   0: 0x8000a41a (0x0000bfe5) c.j     pc - 8
core   0: 3 0x8000a41a (0xbfe5)
core   0: 0x8000a412 (0x00006f17) auipc   t5, 0x6
core   0: 3 0x8000a412 (0x00006f17) x30 0x80010412
core   0: 0x8000a416 (0xbe3f2723) sw      gp, -1042(t5)
core   0: 3 0x8000a416 (0xbe3f2723) mem 0x80010000 0x00000001
core   0: 0x8000a41a (0x0000bfe5) c.j     pc - 8
core   0: 3 0x8000a41a (0xbfe5)
core   0: 0x8000a412 (0x00006f17) auipc   t5, 0x6
core   0: 3 0x8000a412 (0x00006f17) x30 0x80010412
core   0: 0x8000a416 (0xbe3f2723) sw      gp, -1042(t5)
core   0: 3 0x8000a416 (0xbe3f2723) mem 0x80010000 0x00000001
core   0: 0x8000a41a (0x0000bfe5) c.j     pc - 8
core   0: 3 0x8000a41a (0xbfe5)
core   0: 0x8000a412 (0x00006f17) auipc   t5, 0x6
core   0: 3 0x8000a412 (0x00006f17) x30 0x80010412
core   0: 0x8000a416 (0xbe3f2723) sw      gp, -1042(t5)
core   0: 3 0x8000a416 (0xbe3f2723) mem 0x80010000 0x00000001
core   0: 0x8000a41a (0x0000bfe5) c.j     pc - 8
core   0: 3 0x8000a41a (0xbfe5)
core   0: 0x8000a412 (0x00006f17) auipc   t5, 0x6
core   0: 3 0x8000a412 (0x00006f17) x30 0x80010412
core   0: 0x8000a416 (0xbe3f2723) sw      gp, -1042(t5)
core   0: 3 0x8000a416 (0xbe3f2723) mem 0x80010000 0x00000001
core   0: 0x8000a41a (0x0000bfe5) c.j     pc - 8
core   0: 3 0x8000a41a (0xbfe5)
core   0: 0x8000a412 (0x00006f17) auipc   t5, 0x6
core   0: 3 0x8000a412 (0x00006f17) x30 0x80010412
core   0: 0x8000a416 (0xbe3f2723) sw      gp, -1042(t5)
core   0: 3 0x8000a416 (0xbe3f2723) mem 0x80010000 0x00000001
core   0: 0x8000a41a (0x0000bfe5) c.j     pc - 8
core   0: 3 0x8000a41a (0xbfe5)
core   0: 0x8000a412 (0x00006f17) auipc   t5, 0x6
core   0: 3 0x8000a412 (0x00006f17) x30 0x80010412
core   0: 0x8000a416 (0xbe3f2723) sw      gp, -1042(t5)
core   0: 3 0x8000a416 (0xbe3f2723) mem 0x80010000 0x00000001
core   0: 0x8000a41a (0x0000bfe5) c.j     pc - 8
core   0: 3 0x8000a41a (0xbfe5)
core   0: 0x8000a412 (0x00006f17) auipc   t5, 0x6
core   0: 3 0x8000a412 (0x00006f17) x30 0x80010412
core   0: 0x8000a416 (0xbe3f2723) sw      gp, -1042(t5)
core   0: 3 0x8000a416 (0xbe3f2723) mem 0x80010000 0x00000001
core   0: 0x8000a41a (0x0000bfe5) c.j     pc - 8
core   0: 3 0x8000a41a (0xbfe5)
core   0: 0x8000a412 (0x00006f17) auipc   t5, 0x6
core   0: 3 0x8000a412 (0x00006f17) x30 0x80010412
core   0: 0x8000a416 (0xbe3f2723) sw      gp, -1042(t5)
core   0: 3 0x8000a416 (0xbe3f2723) mem 0x80010000 0x00000001
core   0: 0x8000a41a (0x0000bfe5) c.j     pc - 8
core   0: 3 0x8000a41a (0xbfe5)
core   0: 0x8000a412 (0x00006f17) auipc   t5, 0x6
core   0: 3 0x8000a412 (0x00006f17) x30 0x80010412
core   0: 0x8000a416 (0xbe3f2723) sw      gp, -1042(t5)
core   0: 3 0x8000a416 (0xbe3f2723) mem 0x80010000 0x00000001
core   0: 0x8000a41a (0x0000bfe5) c.j     pc - 8
core   0: 3 0x8000a41a (0xbfe5)
core   0: 0x8000a412 (0x00006f17) auipc   t5, 0x6
core   0: 3 0x8000a412 (0x00006f17) x30 0x80010412
core   0: 0x8000a416 (0xbe3f2723) sw      gp, -1042(t5)
core   0: 3 0x8000a416 (0xbe3f2723) mem 0x80010000 0x00000001
core   0: 0x8000a41a (0x0000bfe5) c.j     pc - 8
core   0: 3 0x8000a41a (0xbfe5)
core   0: 0x8000a412 (0x00006f17) auipc   t5, 0x6
core   0: 3 0x8000a412 (0x00006f17) x30 0x80010412
core   0: 0x8000a416 (0xbe3f2723) sw      gp, -1042(t5)
core   0: 3 0x8000a416 (0xbe3f2723) mem 0x80010000 0x00000001
core   0: 0x8000a41a (0x0000bfe5) c.j     pc - 8
core   0: 3 0x8000a41a (0xbfe5)
core   0: 0x8000a412 (0x00006f17) auipc   t5, 0x6
core   0: 3 0x8000a412 (0x00006f17) x30 0x80010412
core   0: 0x8000a416 (0xbe3f2723) sw      gp, -1042(t5)
core   0: 3 0x8000a416 (0xbe3f2723) mem 0x80010000 0x00000001
core   0: 0x8000a41a (0x0000bfe5) c.j     pc - 8
core   0: 3 0x8000a41a (0xbfe5)
core   0: 0x8000a412 (0x00006f17) auipc   t5, 0x6
core   0: 3 0x8000a412 (0x00006f17) x30 0x80010412
core   0: 0x8000a416 (0xbe3f2723) sw      gp, -1042(t5)
core   0: 3 0x8000a416 (0xbe3f2723) mem 0x80010000 0x00000001
core   0: 0x8000a41a (0x0000bfe5) c.j     pc - 8
core   0: 3 0x8000a41a (0xbfe5)
core   0: 0x8000a412 (0x00006f17) auipc   t5, 0x6
core   0: 3 0x8000a412 (0x00006f17) x30 0x80010412
core   0: 0x8000a416 (0xbe3f2723) sw      gp, -1042(t5)
core   0: 3 0x8000a416 (0xbe3f2723) mem 0x80010000 0x00000001
core   0: 0x8000a41a (0x0000bfe5) c.j     pc - 8
core   0: 3 0x8000a41a (0xbfe5)
core   0: 0x8000a412 (0x00006f17) auipc   t5, 0x6
core   0: 3 0x8000a412 (0x00006f17) x30 0x80010412
core   0: 0x8000a416 (0xbe3f2723) sw      gp, -1042(t5)
core   0: 3 0x8000a416 (0xbe3f2723) mem 0x80010000 0x00000001
core   0: 0x8000a41a (0x0000bfe5) c.j     pc - 8
core   0: 3 0x8000a41a (0xbfe5)
core   0: 0x8000a412 (0x00006f17) auipc   t5, 0x6
core   0: 3 0x8000a412 (0x00006f17) x30 0x80010412
core   0: 0x8000a416 (0xbe3f2723) sw      gp, -1042(t5)
core   0: 3 0x8000a416 (0xbe3f2723) mem 0x80010000 0x00000001
core   0: 0x8000a41a (0x0000bfe5) c.j     pc - 8
core   0: 3 0x8000a41a (0xbfe5)
core   0: 0x8000a412 (0x00006f17) auipc   t5, 0x6
core   0: 3 0x8000a412 (0x00006f17) x30 0x80010412
core   0: 0x8000a416 (0xbe3f2723) sw      gp, -1042(t5)
core   0: 3 0x8000a416 (0xbe3f2723) mem 0x80010000 0x00000001
core   0: 0x8000a41a (0x0000bfe5) c.j     pc - 8
core   0: 3 0x8000a41a (0xbfe5)
core   0: 0x8000a412 (0x00006f17) auipc   t5, 0x6
core   0: 3 0x8000a412 (0x00006f17) x30 0x80010412
core   0: 0x8000a416 (0xbe3f2723) sw      gp, -1042(t5)
core   0: 3 0x8000a416 (0xbe3f2723) mem 0x80010000 0x00000001
core   0: 0x8000a41a (0x0000bfe5) c.j     pc - 8
core   0: 3 0x8000a41a (0xbfe5)
core   0: 0x8000a412 (0x00006f17) auipc   t5, 0x6
core   0: 3 0x8000a412 (0x00006f17) x30 0x80010412
core   0: 0x8000a416 (0xbe3f2723) sw      gp, -1042(t5)
core   0: 3 0x8000a416 (0xbe3f2723) mem 0x80010000 0x00000001
core   0: 0x8000a41a (0x0000bfe5) c.j     pc - 8
core   0: 3 0x8000a41a (0xbfe5)
core   0: 0x8000a412 (0x00006f17) auipc   t5, 0x6
core   0: 3 0x8000a412 (0x00006f17) x30 0x80010412
core   0: 0x8000a416 (0xbe3f2723) sw      gp, -1042(t5)
core   0: 3 0x8000a416 (0xbe3f2723) mem 0x80010000 0x00000001
core   0: 0x8000a41a (0x0000bfe5) c.j     pc - 8
core   0: 3 0x8000a41a (0xbfe5)
core   0: 0x8000a412 (0x00006f17) auipc   t5, 0x6
core   0: 3 0x8000a412 (0x00006f17) x30 0x80010412
core   0: 0x8000a416 (0xbe3f2723) sw      gp, -1042(t5)
core   0: 3 0x8000a416 (0xbe3f2723) mem 0x80010000 0x00000001
core   0: 0x8000a41a (0x0000bfe5) c.j     pc - 8
core   0: 3 0x8000a41a (0xbfe5)
core   0: 0x8000a412 (0x00006f17) auipc   t5, 0x6
core   0: 3 0x8000a412 (0x00006f17) x30 0x80010412
core   0: 0x8000a416 (0xbe3f2723) sw      gp, -1042(t5)
core   0: 3 0x8000a416 (0xbe3f2723) mem 0x80010000 0x00000001
core   0: 0x8000a41a (0x0000bfe5) c.j     pc - 8
core   0: 3 0x8000a41a (0xbfe5)
core   0: 0x8000a412 (0x00006f17) auipc   t5, 0x6
core   0: 3 0x8000a412 (0x00006f17) x30 0x80010412
core   0: 0x8000a416 (0xbe3f2723) sw      gp, -1042(t5)
core   0: 3 0x8000a416 (0xbe3f2723) mem 0x80010000 0x00000001
core   0: 0x8000a41a (0x0000bfe5) c.j     pc - 8
core   0: 3 0x8000a41a (0xbfe5)
core   0: 0x8000a412 (0x00006f17) auipc   t5, 0x6
core   0: 3 0x8000a412 (0x00006f17) x30 0x80010412
core   0: 0x8000a416 (0xbe3f2723) sw      gp, -1042(t5)
core   0: 3 0x8000a416 (0xbe3f2723) mem 0x80010000 0x00000001
core   0: 0x8000a41a (0x0000bfe5) c.j     pc - 8
core   0: 3 0x8000a41a (0xbfe5)
core   0: 0x8000a412 (0x00006f17) auipc   t5, 0x6
core   0: 3 0x8000a412 (0x00006f17) x30 0x80010412
core   0: 0x8000a416 (0xbe3f2723) sw      gp, -1042(t5)
core   0: 3 0x8000a416 (0xbe3f2723) mem 0x80010000 0x00000001
core   0: 0x8000a41a (0x0000bfe5) c.j     pc - 8
core   0: 3 0x8000a41a (0xbfe5)
core   0: 0x8000a412 (0x00006f17) auipc   t5, 0x6
core   0: 3 0x8000a412 (0x00006f17) x30 0x80010412
core   0: 0x8000a416 (0xbe3f2723) sw      gp, -1042(t5)
core   0: 3 0x8000a416 (0xbe3f2723) mem 0x80010000 0x00000001
core   0: 0x8000a41a (0x0000bfe5) c.j     pc - 8
core   0: 3 0x8000a41a (0xbfe5)
core   0: 0x8000a412 (0x00006f17) auipc   t5, 0x6
core   0: 3 0x8000a412 (0x00006f17) x30 0x80010412
core   0: 0x8000a416 (0xbe3f2723) sw      gp, -1042(t5)
core   0: 3 0x8000a416 (0xbe3f2723) mem 0x80010000 0x00000001
core   0: 0x8000a41a (0x0000bfe5) c.j     pc - 8
core   0: 3 0x8000a41a (0xbfe5)
core   0: 0x8000a412 (0x00006f17) auipc   t5, 0x6
core   0: 3 0x8000a412 (0x00006f17) x30 0x80010412
core   0: 0x8000a416 (0xbe3f2723) sw      gp, -1042(t5)
core   0: 3 0x8000a416 (0xbe3f2723) mem 0x80010000 0x00000001
core   0: 0x8000a41a (0x0000bfe5) c.j     pc - 8
core   0: 3 0x8000a41a (0xbfe5)
core   0: 0x8000a412 (0x00006f17) auipc   t5, 0x6
core   0: 3 0x8000a412 (0x00006f17) x30 0x80010412
core   0: 0x8000a416 (0xbe3f2723) sw      gp, -1042(t5)
core   0: 3 0x8000a416 (0xbe3f2723) mem 0x80010000 0x00000001
core   0: 0x8000a41a (0x0000bfe5) c.j     pc - 8
core   0: 3 0x8000a41a (0xbfe5)
core   0: 0x8000a412 (0x00006f17) auipc   t5, 0x6
core   0: 3 0x8000a412 (0x00006f17) x30 0x80010412
core   0: 0x8000a416 (0xbe3f2723) sw      gp, -1042(t5)
core   0: 3 0x8000a416 (0xbe3f2723) mem 0x80010000 0x00000001
core   0: 0x8000a41a (0x0000bfe5) c.j     pc - 8
core   0: 3 0x8000a41a (0xbfe5)
core   0: 0x8000a412 (0x00006f17) auipc   t5, 0x6
core   0: 3 0x8000a412 (0x00006f17) x30 0x80010412
core   0: 0x8000a416 (0xbe3f2723) sw      gp, -1042(t5)
core   0: 3 0x8000a416 (0xbe3f2723) mem 0x80010000 0x00000001
core   0: 0x8000a41a (0x0000bfe5) c.j     pc - 8
core   0: 3 0x8000a41a (0xbfe5)
core   0: 0x8000a412 (0x00006f17) auipc   t5, 0x6
core   0: 3 0x8000a412 (0x00006f17) x30 0x80010412
core   0: 0x8000a416 (0xbe3f2723) sw      gp, -1042(t5)
core   0: 3 0x8000a416 (0xbe3f2723) mem 0x80010000 0x00000001
core   0: 0x8000a41a (0x0000bfe5) c.j     pc - 8
core   0: 3 0x8000a41a (0xbfe5)
core   0: 0x8000a412 (0x00006f17) auipc   t5, 0x6
core   0: 3 0x8000a412 (0x00006f17) x30 0x80010412
core   0: 0x8000a416 (0xbe3f2723) sw      gp, -1042(t5)
core   0: 3 0x8000a416 (0xbe3f2723) mem 0x80010000 0x00000001
core   0: 0x8000a41a (0x0000bfe5) c.j     pc - 8
core   0: 3 0x8000a41a (0xbfe5)
core   0: 0x8000a412 (0x00006f17) auipc   t5, 0x6
core   0: 3 0x8000a412 (0x00006f17) x30 0x80010412
core   0: 0x8000a416 (0xbe3f2723) sw      gp, -1042(t5)
core   0: 3 0x8000a416 (0xbe3f2723) mem 0x80010000 0x00000001
core   0: 0x8000a41a (0x0000bfe5) c.j     pc - 8
core   0: 3 0x8000a41a (0xbfe5)
core   0: 0x8000a412 (0x00006f17) auipc   t5, 0x6
core   0: 3 0x8000a412 (0x00006f17) x30 0x80010412
core   0: 0x8000a416 (0xbe3f2723) sw      gp, -1042(t5)
core   0: 3 0x8000a416 (0xbe3f2723) mem 0x80010000 0x00000001
core   0: 0x8000a41a (0x0000bfe5) c.j     pc - 8
core   0: 3 0x8000a41a (0xbfe5)
core   0: 0x8000a412 (0x00006f17) auipc   t5, 0x6
core   0: 3 0x8000a412 (0x00006f17) x30 0x80010412
core   0: 0x8000a416 (0xbe3f2723) sw      gp, -1042(t5)
core   0: 3 0x8000a416 (0xbe3f2723) mem 0x80010000 0x00000001
core   0: 0x8000a41a (0x0000bfe5) c.j     pc - 8
core   0: 3 0x8000a41a (0xbfe5)
core   0: 0x8000a412 (0x00006f17) auipc   t5, 0x6
core   0: 3 0x8000a412 (0x00006f17) x30 0x80010412
core   0: 0x8000a416 (0xbe3f2723) sw      gp, -1042(t5)
core   0: 3 0x8000a416 (0xbe3f2723) mem 0x80010000 0x00000001
core   0: 0x8000a41a (0x0000bfe5) c.j     pc - 8
core   0: 3 0x8000a41a (0xbfe5)
core   0: 0x8000a412 (0x00006f17) auipc   t5, 0x6
core   0: 3 0x8000a412 (0x00006f17) x30 0x80010412
core   0: 0x8000a416 (0xbe3f2723) sw      gp, -1042(t5)
core   0: 3 0x8000a416 (0xbe3f2723) mem 0x80010000 0x00000001
core   0: 0x8000a41a (0x0000bfe5) c.j     pc - 8
core   0: 3 0x8000a41a (0xbfe5)
core   0: 0x8000a412 (0x00006f17) auipc   t5, 0x6
core   0: 3 0x8000a412 (0x00006f17) x30 0x80010412
core   0: 0x8000a416 (0xbe3f2723) sw      gp, -1042(t5)
core   0: 3 0x8000a416 (0xbe3f2723) mem 0x80010000 0x00000001
core   0: 0x8000a41a (0x0000bfe5) c.j     pc - 8
core   0: 3 0x8000a41a (0xbfe5)
core   0: 0x8000a412 (0x00006f17) auipc   t5, 0x6
core   0: 3 0x8000a412 (0x00006f17) x30 0x80010412
core   0: 0x8000a416 (0xbe3f2723) sw      gp, -1042(t5)
core   0: 3 0x8000a416 (0xbe3f2723) mem 0x80010000 0x00000001
core   0: 0x8000a41a (0x0000bfe5) c.j     pc - 8
core   0: 3 0x8000a41a (0xbfe5)
core   0: 0x8000a412 (0x00006f17) auipc   t5, 0x6
core   0: 3 0x8000a412 (0x00006f17) x30 0x80010412
core   0: 0x8000a416 (0xbe3f2723) sw      gp, -1042(t5)
core   0: 3 0x8000a416 (0xbe3f2723) mem 0x80010000 0x00000001
core   0: 0x8000a41a (0x0000bfe5) c.j     pc - 8
core   0: 3 0x8000a41a (0xbfe5)
core   0: 0x8000a412 (0x00006f17) auipc   t5, 0x6
core   0: 3 0x8000a412 (0x00006f17) x30 0x80010412
core   0: 0x8000a416 (0xbe3f2723) sw      gp, -1042(t5)
core   0: 3 0x8000a416 (0xbe3f2723) mem 0x80010000 0x00000001
core   0: 0x8000a41a (0x0000bfe5) c.j     pc - 8
core   0: 3 0x8000a41a (0xbfe5)
core   0: 0x8000a412 (0x00006f17) auipc   t5, 0x6
core   0: 3 0x8000a412 (0x00006f17) x30 0x80010412
core   0: 0x8000a416 (0xbe3f2723) sw      gp, -1042(t5)
core   0: 3 0x8000a416 (0xbe3f2723) mem 0x80010000 0x00000001
core   0: 0x8000a41a (0x0000bfe5) c.j     pc - 8
core   0: 3 0x8000a41a (0xbfe5)
core   0: 0x8000a412 (0x00006f17) auipc   t5, 0x6
core   0: 3 0x8000a412 (0x00006f17) x30 0x80010412
core   0: 0x8000a416 (0xbe3f2723) sw      gp, -1042(t5)
core   0: 3 0x8000a416 (0xbe3f2723) mem 0x80010000 0x00000001
core   0: 0x8000a41a (0x0000bfe5) c.j     pc - 8
core   0: 3 0x8000a41a (0xbfe5)
core   0: 0x8000a412 (0x00006f17) auipc   t5, 0x6
core   0: 3 0x8000a412 (0x00006f17) x30 0x80010412
core   0: 0x8000a416 (0xbe3f2723) sw      gp, -1042(t5)
core   0: 3 0x8000a416 (0xbe3f2723) mem 0x80010000 0x00000001
core   0: 0x8000a41a (0x0000bfe5) c.j     pc - 8
core   0: 3 0x8000a41a (0xbfe5)
core   0: 0x8000a412 (0x00006f17) auipc   t5, 0x6
core   0: 3 0x8000a412 (0x00006f17) x30 0x80010412
core   0: 0x8000a416 (0xbe3f2723) sw      gp, -1042(t5)
core   0: 3 0x8000a416 (0xbe3f2723) mem 0x80010000 0x00000001
core   0: 0x8000a41a (0x0000bfe5) c.j     pc - 8
core   0: 3 0x8000a41a (0xbfe5)
core   0: 0x8000a412 (0x00006f17) auipc   t5, 0x6
core   0: 3 0x8000a412 (0x00006f17) x30 0x80010412
core   0: 0x8000a416 (0xbe3f2723) sw      gp, -1042(t5)
core   0: 3 0x8000a416 (0xbe3f2723) mem 0x80010000 0x00000001
core   0: 0x8000a41a (0x0000bfe5) c.j     pc - 8
core   0: 3 0x8000a41a (0xbfe5)
core   0: 0x8000a412 (0x00006f17) auipc   t5, 0x6
core   0: 3 0x8000a412 (0x00006f17) x30 0x80010412
core   0: 0x8000a416 (0xbe3f2723) sw      gp, -1042(t5)
core   0: 3 0x8000a416 (0xbe3f2723) mem 0x80010000 0x00000001
core   0: 0x8000a41a (0x0000bfe5) c.j     pc - 8
core   0: 3 0x8000a41a (0xbfe5)
core   0: 0x8000a412 (0x00006f17) auipc   t5, 0x6
core   0: 3 0x8000a412 (0x00006f17) x30 0x80010412
core   0: 0x8000a416 (0xbe3f2723) sw      gp, -1042(t5)
core   0: 3 0x8000a416 (0xbe3f2723) mem 0x80010000 0x00000001
core   0: 0x8000a41a (0x0000bfe5) c.j     pc - 8
core   0: 3 0x8000a41a (0xbfe5)
core   0: 0x8000a412 (0x00006f17) auipc   t5, 0x6
core   0: 3 0x8000a412 (0x00006f17) x30 0x80010412
core   0: 0x8000a416 (0xbe3f2723) sw      gp, -1042(t5)
core   0: 3 0x8000a416 (0xbe3f2723) mem 0x80010000 0x00000001
core   0: 0x8000a41a (0x0000bfe5) c.j     pc - 8
core   0: 3 0x8000a41a (0xbfe5)
core   0: 0x8000a412 (0x00006f17) auipc   t5, 0x6
core   0: 3 0x8000a412 (0x00006f17) x30 0x80010412
core   0: 0x8000a416 (0xbe3f2723) sw      gp, -1042(t5)
core   0: 3 0x8000a416 (0xbe3f2723) mem 0x80010000 0x00000001
core   0: 0x8000a41a (0x0000bfe5) c.j     pc - 8
core   0: 3 0x8000a41a (0xbfe5)
core   0: 0x8000a412 (0x00006f17) auipc   t5, 0x6
core   0: 3 0x8000a412 (0x00006f17) x30 0x80010412
core   0: 0x8000a416 (0xbe3f2723) sw      gp, -1042(t5)
core   0: 3 0x8000a416 (0xbe3f2723) mem 0x80010000 0x00000001
core   0: 0x8000a41a (0x0000bfe5) c.j     pc - 8
core   0: 3 0x8000a41a (0xbfe5)
core   0: 0x8000a412 (0x00006f17) auipc   t5, 0x6
core   0: 3 0x8000a412 (0x00006f17) x30 0x80010412
core   0: 0x8000a416 (0xbe3f2723) sw      gp, -1042(t5)
core   0: 3 0x8000a416 (0xbe3f2723) mem 0x80010000 0x00000001
core   0: 0x8000a41a (0x0000bfe5) c.j     pc - 8
core   0: 3 0x8000a41a (0xbfe5)
core   0: 0x8000a412 (0x00006f17) auipc   t5, 0x6
core   0: 3 0x8000a412 (0x00006f17) x30 0x80010412
core   0: 0x8000a416 (0xbe3f2723) sw      gp, -1042(t5)
core   0: 3 0x8000a416 (0xbe3f2723) mem 0x80010000 0x00000001
core   0: 0x8000a41a (0x0000bfe5) c.j     pc - 8
core   0: 3 0x8000a41a (0xbfe5)
core   0: 0x8000a412 (0x00006f17) auipc   t5, 0x6
core   0: 3 0x8000a412 (0x00006f17) x30 0x80010412
core   0: 0x8000a416 (0xbe3f2723) sw      gp, -1042(t5)
core   0: 3 0x8000a416 (0xbe3f2723) mem 0x80010000 0x00000001
core   0: 0x8000a41a (0x0000bfe5) c.j     pc - 8
core   0: 3 0x8000a41a (0xbfe5)
core   0: 0x8000a412 (0x00006f17) auipc   t5, 0x6
core   0: 3 0x8000a412 (0x00006f17) x30 0x80010412
core   0: 0x8000a416 (0xbe3f2723) sw      gp, -1042(t5)
core   0: 3 0x8000a416 (0xbe3f2723) mem 0x80010000 0x00000001
core   0: 0x8000a41a (0x0000bfe5) c.j     pc - 8
core   0: 3 0x8000a41a (0xbfe5)
core   0: 0x8000a412 (0x00006f17) auipc   t5, 0x6
core   0: 3 0x8000a412 (0x00006f17) x30 0x80010412
core   0: 0x8000a416 (0xbe3f2723) sw      gp, -1042(t5)
core   0: 3 0x8000a416 (0xbe3f2723) mem 0x80010000 0x00000001
core   0: 0x8000a41a (0x0000bfe5) c.j     pc - 8
core   0: 3 0x8000a41a (0xbfe5)
core   0: 0x8000a412 (0x00006f17) auipc   t5, 0x6
core   0: 3 0x8000a412 (0x00006f17) x30 0x80010412
core   0: 0x8000a416 (0xbe3f2723) sw      gp, -1042(t5)
core   0: 3 0x8000a416 (0xbe3f2723) mem 0x80010000 0x00000001
core   0: 0x8000a41a (0x0000bfe5) c.j     pc - 8
core   0: 3 0x8000a41a (0xbfe5)
core   0: 0x8000a412 (0x00006f17) auipc   t5, 0x6
core   0: 3 0x8000a412 (0x00006f17) x30 0x80010412
core   0: 0x8000a416 (0xbe3f2723) sw      gp, -1042(t5)
core   0: 3 0x8000a416 (0xbe3f2723) mem 0x80010000 0x00000001
core   0: 0x8000a41a (0x0000bfe5) c.j     pc - 8
core   0: 3 0x8000a41a (0xbfe5)
core   0: 0x8000a412 (0x00006f17) auipc   t5, 0x6
core   0: 3 0x8000a412 (0x00006f17) x30 0x80010412
core   0: 0x8000a416 (0xbe3f2723) sw      gp, -1042(t5)
core   0: 3 0x8000a416 (0xbe3f2723) mem 0x80010000 0x00000001
core   0: 0x8000a41a (0x0000bfe5) c.j     pc - 8
core   0: 3 0x8000a41a (0xbfe5)
core   0: 0x8000a412 (0x00006f17) auipc   t5, 0x6
core   0: 3 0x8000a412 (0x00006f17) x30 0x80010412
core   0: 0x8000a416 (0xbe3f2723) sw      gp, -1042(t5)
core   0: 3 0x8000a416 (0xbe3f2723) mem 0x80010000 0x00000001
core   0: 0x8000a41a (0x0000bfe5) c.j     pc - 8
core   0: 3 0x8000a41a (0xbfe5)
core   0: 0x8000a412 (0x00006f17) auipc   t5, 0x6
core   0: 3 0x8000a412 (0x00006f17) x30 0x80010412
core   0: 0x8000a416 (0xbe3f2723) sw      gp, -1042(t5)
core   0: 3 0x8000a416 (0xbe3f2723) mem 0x80010000 0x00000001
core   0: 0x8000a41a (0x0000bfe5) c.j     pc - 8
core   0: 3 0x8000a41a (0xbfe5)
core   0: 0x8000a412 (0x00006f17) auipc   t5, 0x6
core   0: 3 0x8000a412 (0x00006f17) x30 0x80010412
core   0: 0x8000a416 (0xbe3f2723) sw      gp, -1042(t5)
core   0: 3 0x8000a416 (0xbe3f2723) mem 0x80010000 0x00000001
core   0: 0x8000a41a (0x0000bfe5) c.j     pc - 8
core   0: 3 0x8000a41a (0xbfe5)
core   0: 0x8000a412 (0x00006f17) auipc   t5, 0x6
core   0: 3 0x8000a412 (0x00006f17) x30 0x80010412
core   0: 0x8000a416 (0xbe3f2723) sw      gp, -1042(t5)
core   0: 3 0x8000a416 (0xbe3f2723) mem 0x80010000 0x00000001
core   0: 0x8000a41a (0x0000bfe5) c.j     pc - 8
core   0: 3 0x8000a41a (0xbfe5)
core   0: 0x8000a412 (0x00006f17) auipc   t5, 0x6
core   0: 3 0x8000a412 (0x00006f17) x30 0x80010412
core   0: 0x8000a416 (0xbe3f2723) sw      gp, -1042(t5)
core   0: 3 0x8000a416 (0xbe3f2723) mem 0x80010000 0x00000001
core   0: 0x8000a41a (0x0000bfe5) c.j     pc - 8
core   0: 3 0x8000a41a (0xbfe5)
core   0: 0x8000a412 (0x00006f17) auipc   t5, 0x6
core   0: 3 0x8000a412 (0x00006f17) x30 0x80010412
core   0: 0x8000a416 (0xbe3f2723) sw      gp, -1042(t5)
core   0: 3 0x8000a416 (0xbe3f2723) mem 0x80010000 0x00000001
core   0: 0x8000a41a (0x0000bfe5) c.j     pc - 8
core   0: 3 0x8000a41a (0xbfe5)
core   0: 0x8000a412 (0x00006f17) auipc   t5, 0x6
core   0: 3 0x8000a412 (0x00006f17) x30 0x80010412
core   0: 0x8000a416 (0xbe3f2723) sw      gp, -1042(t5)
core   0: 3 0x8000a416 (0xbe3f2723) mem 0x80010000 0x00000001
core   0: 0x8000a41a (0x0000bfe5) c.j     pc - 8
core   0: 3 0x8000a41a (0xbfe5)
core   0: 0x8000a412 (0x00006f17) auipc   t5, 0x6
core   0: 3 0x8000a412 (0x00006f17) x30 0x80010412
core   0: 0x8000a416 (0xbe3f2723) sw      gp, -1042(t5)
core   0: 3 0x8000a416 (0xbe3f2723) mem 0x80010000 0x00000001
core   0: 0x8000a41a (0x0000bfe5) c.j     pc - 8
core   0: 3 0x8000a41a (0xbfe5)
core   0: 0x8000a412 (0x00006f17) auipc   t5, 0x6
core   0: 3 0x8000a412 (0x00006f17) x30 0x80010412
core   0: 0x8000a416 (0xbe3f2723) sw      gp, -1042(t5)
core   0: 3 0x8000a416 (0xbe3f2723) mem 0x80010000 0x00000001
core   0: 0x8000a41a (0x0000bfe5) c.j     pc - 8
core   0: 3 0x8000a41a (0xbfe5)
core   0: 0x8000a412 (0x00006f17) auipc   t5, 0x6
core   0: 3 0x8000a412 (0x00006f17) x30 0x80010412
core   0: 0x8000a416 (0xbe3f2723) sw      gp, -1042(t5)
core   0: 3 0x8000a416 (0xbe3f2723) mem 0x80010000 0x00000001
core   0: 0x8000a41a (0x0000bfe5) c.j     pc - 8
core   0: 3 0x8000a41a (0xbfe5)
core   0: 0x8000a412 (0x00006f17) auipc   t5, 0x6
core   0: 3 0x8000a412 (0x00006f17) x30 0x80010412
core   0: 0x8000a416 (0xbe3f2723) sw      gp, -1042(t5)
core   0: 3 0x8000a416 (0xbe3f2723) mem 0x80010000 0x00000001
core   0: 0x8000a41a (0x0000bfe5) c.j     pc - 8
core   0: 3 0x8000a41a (0xbfe5)
core   0: 0x8000a412 (0x00006f17) auipc   t5, 0x6
core   0: 3 0x8000a412 (0x00006f17) x30 0x80010412
core   0: 0x8000a416 (0xbe3f2723) sw      gp, -1042(t5)
core   0: 3 0x8000a416 (0xbe3f2723) mem 0x80010000 0x00000001
core   0: 0x8000a41a (0x0000bfe5) c.j     pc - 8
core   0: 3 0x8000a41a (0xbfe5)
core   0: 0x8000a412 (0x00006f17) auipc   t5, 0x6
core   0: 3 0x8000a412 (0x00006f17) x30 0x80010412
core   0: 0x8000a416 (0xbe3f2723) sw      gp, -1042(t5)
core   0: 3 0x8000a416 (0xbe3f2723) mem 0x80010000 0x00000001
core   0: 0x8000a41a (0x0000bfe5) c.j     pc - 8
core   0: 3 0x8000a41a (0xbfe5)
core   0: 0x8000a412 (0x00006f17) auipc   t5, 0x6
core   0: 3 0x8000a412 (0x00006f17) x30 0x80010412
core   0: 0x8000a416 (0xbe3f2723) sw      gp, -1042(t5)
core   0: 3 0x8000a416 (0xbe3f2723) mem 0x80010000 0x00000001
core   0: 0x8000a41a (0x0000bfe5) c.j     pc - 8
core   0: 3 0x8000a41a (0xbfe5)
core   0: 0x8000a412 (0x00006f17) auipc   t5, 0x6
core   0: 3 0x8000a412 (0x00006f17) x30 0x80010412
core   0: 0x8000a416 (0xbe3f2723) sw      gp, -1042(t5)
core   0: 3 0x8000a416 (0xbe3f2723) mem 0x80010000 0x00000001
core   0: 0x8000a41a (0x0000bfe5) c.j     pc - 8
core   0: 3 0x8000a41a (0xbfe5)
core   0: 0x8000a412 (0x00006f17) auipc   t5, 0x6
core   0: 3 0x8000a412 (0x00006f17) x30 0x80010412
core   0: 0x8000a416 (0xbe3f2723) sw      gp, -1042(t5)
core   0: 3 0x8000a416 (0xbe3f2723) mem 0x80010000 0x00000001
core   0: 0x8000a41a (0x0000bfe5) c.j     pc - 8
core   0: 3 0x8000a41a (0xbfe5)
core   0: 0x8000a412 (0x00006f17) auipc   t5, 0x6
core   0: 3 0x8000a412 (0x00006f17) x30 0x80010412
core   0: 0x8000a416 (0xbe3f2723) sw      gp, -1042(t5)
core   0: 3 0x8000a416 (0xbe3f2723) mem 0x80010000 0x00000001
core   0: 0x8000a41a (0x0000bfe5) c.j     pc - 8
core   0: 3 0x8000a41a (0xbfe5)
core   0: 0x8000a412 (0x00006f17) auipc   t5, 0x6
core   0: 3 0x8000a412 (0x00006f17) x30 0x80010412
core   0: 0x8000a416 (0xbe3f2723) sw      gp, -1042(t5)
core   0: 3 0x8000a416 (0xbe3f2723) mem 0x80010000 0x00000001
core   0: 0x8000a41a (0x0000bfe5) c.j     pc - 8
core   0: 3 0x8000a41a (0xbfe5)
core   0: 0x8000a412 (0x00006f17) auipc   t5, 0x6
core   0: 3 0x8000a412 (0x00006f17) x30 0x80010412
core   0: 0x8000a416 (0xbe3f2723) sw      gp, -1042(t5)
core   0: 3 0x8000a416 (0xbe3f2723) mem 0x80010000 0x00000001
core   0: 0x8000a41a (0x0000bfe5) c.j     pc - 8
core   0: 3 0x8000a41a (0xbfe5)
core   0: 0x8000a412 (0x00006f17) auipc   t5, 0x6
core   0: 3 0x8000a412 (0x00006f17) x30 0x80010412
core   0: 0x8000a416 (0xbe3f2723) sw      gp, -1042(t5)
core   0: 3 0x8000a416 (0xbe3f2723) mem 0x80010000 0x00000001
core   0: 0x8000a41a (0x0000bfe5) c.j     pc - 8
core   0: 3 0x8000a41a (0xbfe5)
core   0: 0x8000a412 (0x00006f17) auipc   t5, 0x6
core   0: 3 0x8000a412 (0x00006f17) x30 0x80010412
core   0: 0x8000a416 (0xbe3f2723) sw      gp, -1042(t5)
core   0: 3 0x8000a416 (0xbe3f2723) mem 0x80010000 0x00000001
core   0: 0x8000a41a (0x0000bfe5) c.j     pc - 8
core   0: 3 0x8000a41a (0xbfe5)
core   0: 0x8000a412 (0x00006f17) auipc   t5, 0x6
core   0: 3 0x8000a412 (0x00006f17) x30 0x80010412
core   0: 0x8000a416 (0xbe3f2723) sw      gp, -1042(t5)
core   0: 3 0x8000a416 (0xbe3f2723) mem 0x80010000 0x00000001
core   0: 0x8000a41a (0x0000bfe5) c.j     pc - 8
core   0: 3 0x8000a41a (0xbfe5)
core   0: 0x8000a412 (0x00006f17) auipc   t5, 0x6
core   0: 3 0x8000a412 (0x00006f17) x30 0x80010412
core   0: 0x8000a416 (0xbe3f2723) sw      gp, -1042(t5)
core   0: 3 0x8000a416 (0xbe3f2723) mem 0x80010000 0x00000001
core   0: 0x8000a41a (0x0000bfe5) c.j     pc - 8
core   0: 3 0x8000a41a (0xbfe5)
core   0: 0x8000a412 (0x00006f17) auipc   t5, 0x6
core   0: 3 0x8000a412 (0x00006f17) x30 0x80010412
core   0: 0x8000a416 (0xbe3f2723) sw      gp, -1042(t5)
core   0: 3 0x8000a416 (0xbe3f2723) mem 0x80010000 0x00000001
core   0: 0x8000a41a (0x0000bfe5) c.j     pc - 8
core   0: 3 0x8000a41a (0xbfe5)
core   0: 0x8000a412 (0x00006f17) auipc   t5, 0x6
core   0: 3 0x8000a412 (0x00006f17) x30 0x80010412
core   0: 0x8000a416 (0xbe3f2723) sw      gp, -1042(t5)
core   0: 3 0x8000a416 (0xbe3f2723) mem 0x80010000 0x00000001
core   0: 0x8000a41a (0x0000bfe5) c.j     pc - 8
core   0: 3 0x8000a41a (0xbfe5)
core   0: 0x8000a412 (0x00006f17) auipc   t5, 0x6
core   0: 3 0x8000a412 (0x00006f17) x30 0x80010412
core   0: 0x8000a416 (0xbe3f2723) sw      gp, -1042(t5)
core   0: 3 0x8000a416 (0xbe3f2723) mem 0x80010000 0x00000001
core   0: 0x8000a41a (0x0000bfe5) c.j     pc - 8
core   0: 3 0x8000a41a (0xbfe5)
core   0: 0x8000a412 (0x00006f17) auipc   t5, 0x6
core   0: 3 0x8000a412 (0x00006f17) x30 0x80010412
core   0: 0x8000a416 (0xbe3f2723) sw      gp, -1042(t5)
core   0: 3 0x8000a416 (0xbe3f2723) mem 0x80010000 0x00000001
core   0: 0x8000a41a (0x0000bfe5) c.j     pc - 8
core   0: 3 0x8000a41a (0xbfe5)
core   0: 0x8000a412 (0x00006f17) auipc   t5, 0x6
core   0: 3 0x8000a412 (0x00006f17) x30 0x80010412
core   0: 0x8000a416 (0xbe3f2723) sw      gp, -1042(t5)
core   0: 3 0x8000a416 (0xbe3f2723) mem 0x80010000 0x00000001
core   0: 0x8000a41a (0x0000bfe5) c.j     pc - 8
core   0: 3 0x8000a41a (0xbfe5)
core   0: 0x8000a412 (0x00006f17) auipc   t5, 0x6
core   0: 3 0x8000a412 (0x00006f17) x30 0x80010412
core   0: 0x8000a416 (0xbe3f2723) sw      gp, -1042(t5)
core   0: 3 0x8000a416 (0xbe3f2723) mem 0x80010000 0x00000001
core   0: 0x8000a41a (0x0000bfe5) c.j     pc - 8
core   0: 3 0x8000a41a (0xbfe5)
core   0: 0x8000a412 (0x00006f17) auipc   t5, 0x6
core   0: 3 0x8000a412 (0x00006f17) x30 0x80010412
core   0: 0x8000a416 (0xbe3f2723) sw      gp, -1042(t5)
core   0: 3 0x8000a416 (0xbe3f2723) mem 0x80010000 0x00000001
core   0: 0x8000a41a (0x0000bfe5) c.j     pc - 8
core   0: 3 0x8000a41a (0xbfe5)
core   0: 0x8000a412 (0x00006f17) auipc   t5, 0x6
core   0: 3 0x8000a412 (0x00006f17) x30 0x80010412
core   0: 0x8000a416 (0xbe3f2723) sw      gp, -1042(t5)
core   0: 3 0x8000a416 (0xbe3f2723) mem 0x80010000 0x00000001
core   0: 0x8000a41a (0x0000bfe5) c.j     pc - 8
core   0: 3 0x8000a41a (0xbfe5)
core   0: 0x8000a412 (0x00006f17) auipc   t5, 0x6
core   0: 3 0x8000a412 (0x00006f17) x30 0x80010412
core   0: 0x8000a416 (0xbe3f2723) sw      gp, -1042(t5)
core   0: 3 0x8000a416 (0xbe3f2723) mem 0x80010000 0x00000001
core   0: 0x8000a41a (0x0000bfe5) c.j     pc - 8
core   0: 3 0x8000a41a (0xbfe5)
core   0: 0x8000a412 (0x00006f17) auipc   t5, 0x6
core   0: 3 0x8000a412 (0x00006f17) x30 0x80010412
core   0: 0x8000a416 (0xbe3f2723) sw      gp, -1042(t5)
core   0: 3 0x8000a416 (0xbe3f2723) mem 0x80010000 0x00000001
core   0: 0x8000a41a (0x0000bfe5) c.j     pc - 8
core   0: 3 0x8000a41a (0xbfe5)
core   0: 0x8000a412 (0x00006f17) auipc   t5, 0x6
core   0: 3 0x8000a412 (0x00006f17) x30 0x80010412
core   0: 0x8000a416 (0xbe3f2723) sw      gp, -1042(t5)
core   0: 3 0x8000a416 (0xbe3f2723) mem 0x80010000 0x00000001
core   0: 0x8000a41a (0x0000bfe5) c.j     pc - 8
core   0: 3 0x8000a41a (0xbfe5)
core   0: 0x8000a412 (0x00006f17) auipc   t5, 0x6
core   0: 3 0x8000a412 (0x00006f17) x30 0x80010412
core   0: 0x8000a416 (0xbe3f2723) sw      gp, -1042(t5)
core   0: 3 0x8000a416 (0xbe3f2723) mem 0x80010000 0x00000001
core   0: 0x8000a41a (0x0000bfe5) c.j     pc - 8
core   0: 3 0x8000a41a (0xbfe5)
core   0: 0x8000a412 (0x00006f17) auipc   t5, 0x6
core   0: 3 0x8000a412 (0x00006f17) x30 0x80010412
core   0: 0x8000a416 (0xbe3f2723) sw      gp, -1042(t5)
core   0: 3 0x8000a416 (0xbe3f2723) mem 0x80010000 0x00000001
core   0: 0x8000a41a (0x0000bfe5) c.j     pc - 8
core   0: 3 0x8000a41a (0xbfe5)
core   0: 0x8000a412 (0x00006f17) auipc   t5, 0x6
core   0: 3 0x8000a412 (0x00006f17) x30 0x80010412
core   0: 0x8000a416 (0xbe3f2723) sw      gp, -1042(t5)
core   0: 3 0x8000a416 (0xbe3f2723) mem 0x80010000 0x00000001
core   0: 0x8000a41a (0x0000bfe5) c.j     pc - 8
core   0: 3 0x8000a41a (0xbfe5)
core   0: 0x8000a412 (0x00006f17) auipc   t5, 0x6
core   0: 3 0x8000a412 (0x00006f17) x30 0x80010412
core   0: 0x8000a416 (0xbe3f2723) sw      gp, -1042(t5)
core   0: 3 0x8000a416 (0xbe3f2723) mem 0x80010000 0x00000001
core   0: 0x8000a41a (0x0000bfe5) c.j     pc - 8
core   0: 3 0x8000a41a (0xbfe5)
core   0: 0x8000a412 (0x00006f17) auipc   t5, 0x6
core   0: 3 0x8000a412 (0x00006f17) x30 0x80010412
core   0: 0x8000a416 (0xbe3f2723) sw      gp, -1042(t5)
core   0: 3 0x8000a416 (0xbe3f2723) mem 0x80010000 0x00000001
core   0: 0x8000a41a (0x0000bfe5) c.j     pc - 8
core   0: 3 0x8000a41a (0xbfe5)
core   0: 0x8000a412 (0x00006f17) auipc   t5, 0x6
core   0: 3 0x8000a412 (0x00006f17) x30 0x80010412
core   0: 0x8000a416 (0xbe3f2723) sw      gp, -1042(t5)
core   0: 3 0x8000a416 (0xbe3f2723) mem 0x80010000 0x00000001
core   0: 0x8000a41a (0x0000bfe5) c.j     pc - 8
core   0: 3 0x8000a41a (0xbfe5)
core   0: 0x8000a412 (0x00006f17) auipc   t5, 0x6
core   0: 3 0x8000a412 (0x00006f17) x30 0x80010412
core   0: 0x8000a416 (0xbe3f2723) sw      gp, -1042(t5)
core   0: 3 0x8000a416 (0xbe3f2723) mem 0x80010000 0x00000001
core   0: 0x8000a41a (0x0000bfe5) c.j     pc - 8
core   0: 3 0x8000a41a (0xbfe5)
core   0: 0x8000a412 (0x00006f17) auipc   t5, 0x6
core   0: 3 0x8000a412 (0x00006f17) x30 0x80010412
core   0: 0x8000a416 (0xbe3f2723) sw      gp, -1042(t5)
core   0: 3 0x8000a416 (0xbe3f2723) mem 0x80010000 0x00000001
core   0: 0x8000a41a (0x0000bfe5) c.j     pc - 8
core   0: 3 0x8000a41a (0xbfe5)
core   0: 0x8000a412 (0x00006f17) auipc   t5, 0x6
core   0: 3 0x8000a412 (0x00006f17) x30 0x80010412
core   0: 0x8000a416 (0xbe3f2723) sw      gp, -1042(t5)
core   0: 3 0x8000a416 (0xbe3f2723) mem 0x80010000 0x00000001
core   0: 0x8000a41a (0x0000bfe5) c.j     pc - 8
core   0: 3 0x8000a41a (0xbfe5)
core   0: 0x8000a412 (0x00006f17) auipc   t5, 0x6
core   0: 3 0x8000a412 (0x00006f17) x30 0x80010412
core   0: 0x8000a416 (0xbe3f2723) sw      gp, -1042(t5)
core   0: 3 0x8000a416 (0xbe3f2723) mem 0x80010000 0x00000001
core   0: 0x8000a41a (0x0000bfe5) c.j     pc - 8
core   0: 3 0x8000a41a (0xbfe5)
core   0: 0x8000a412 (0x00006f17) auipc   t5, 0x6
core   0: 3 0x8000a412 (0x00006f17) x30 0x80010412
core   0: 0x8000a416 (0xbe3f2723) sw      gp, -1042(t5)
core   0: 3 0x8000a416 (0xbe3f2723) mem 0x80010000 0x00000001
core   0: 0x8000a41a (0x0000bfe5) c.j     pc - 8
core   0: 3 0x8000a41a (0xbfe5)
core   0: 0x8000a412 (0x00006f17) auipc   t5, 0x6
core   0: 3 0x8000a412 (0x00006f17) x30 0x80010412
core   0: 0x8000a416 (0xbe3f2723) sw      gp, -1042(t5)
core   0: 3 0x8000a416 (0xbe3f2723) mem 0x80010000 0x00000001
core   0: 0x8000a41a (0x0000bfe5) c.j     pc - 8
core   0: 3 0x8000a41a (0xbfe5)
core   0: 0x8000a412 (0x00006f17) auipc   t5, 0x6
core   0: 3 0x8000a412 (0x00006f17) x30 0x80010412
core   0: 0x8000a416 (0xbe3f2723) sw      gp, -1042(t5)
core   0: 3 0x8000a416 (0xbe3f2723) mem 0x80010000 0x00000001
core   0: 0x8000a41a (0x0000bfe5) c.j     pc - 8
core   0: 3 0x8000a41a (0xbfe5)
core   0: 0x8000a412 (0x00006f17) auipc   t5, 0x6
core   0: 3 0x8000a412 (0x00006f17) x30 0x80010412
core   0: 0x8000a416 (0xbe3f2723) sw      gp, -1042(t5)
core   0: 3 0x8000a416 (0xbe3f2723) mem 0x80010000 0x00000001
core   0: 0x8000a41a (0x0000bfe5) c.j     pc - 8
core   0: 3 0x8000a41a (0xbfe5)
core   0: 0x8000a412 (0x00006f17) auipc   t5, 0x6
core   0: 3 0x8000a412 (0x00006f17) x30 0x80010412
core   0: 0x8000a416 (0xbe3f2723) sw      gp, -1042(t5)
core   0: 3 0x8000a416 (0xbe3f2723) mem 0x80010000 0x00000001
core   0: 0x8000a41a (0x0000bfe5) c.j     pc - 8
core   0: 3 0x8000a41a (0xbfe5)
core   0: 0x8000a412 (0x00006f17) auipc   t5, 0x6
core   0: 3 0x8000a412 (0x00006f17) x30 0x80010412
core   0: 0x8000a416 (0xbe3f2723) sw      gp, -1042(t5)
core   0: 3 0x8000a416 (0xbe3f2723) mem 0x80010000 0x00000001
core   0: 0x8000a41a (0x0000bfe5) c.j     pc - 8
core   0: 3 0x8000a41a (0xbfe5)
core   0: 0x8000a412 (0x00006f17) auipc   t5, 0x6
core   0: 3 0x8000a412 (0x00006f17) x30 0x80010412
core   0: 0x8000a416 (0xbe3f2723) sw      gp, -1042(t5)
core   0: 3 0x8000a416 (0xbe3f2723) mem 0x80010000 0x00000001
core   0: 0x8000a41a (0x0000bfe5) c.j     pc - 8
core   0: 3 0x8000a41a (0xbfe5)
core   0: 0x8000a412 (0x00006f17) auipc   t5, 0x6
core   0: 3 0x8000a412 (0x00006f17) x30 0x80010412
core   0: 0x8000a416 (0xbe3f2723) sw      gp, -1042(t5)
core   0: 3 0x8000a416 (0xbe3f2723) mem 0x80010000 0x00000001
core   0: 0x8000a41a (0x0000bfe5) c.j     pc - 8
core   0: 3 0x8000a41a (0xbfe5)
core   0: 0x8000a412 (0x00006f17) auipc   t5, 0x6
core   0: 3 0x8000a412 (0x00006f17) x30 0x80010412
core   0: 0x8000a416 (0xbe3f2723) sw      gp, -1042(t5)
core   0: 3 0x8000a416 (0xbe3f2723) mem 0x80010000 0x00000001
core   0: 0x8000a41a (0x0000bfe5) c.j     pc - 8
core   0: 3 0x8000a41a (0xbfe5)
core   0: 0x8000a412 (0x00006f17) auipc   t5, 0x6
core   0: 3 0x8000a412 (0x00006f17) x30 0x80010412
core   0: 0x8000a416 (0xbe3f2723) sw      gp, -1042(t5)
core   0: 3 0x8000a416 (0xbe3f2723) mem 0x80010000 0x00000001
core   0: 0x8000a41a (0x0000bfe5) c.j     pc - 8
core   0: 3 0x8000a41a (0xbfe5)
core   0: 0x8000a412 (0x00006f17) auipc   t5, 0x6
core   0: 3 0x8000a412 (0x00006f17) x30 0x80010412
core   0: 0x8000a416 (0xbe3f2723) sw      gp, -1042(t5)
core   0: 3 0x8000a416 (0xbe3f2723) mem 0x80010000 0x00000001
core   0: 0x8000a41a (0x0000bfe5) c.j     pc - 8
core   0: 3 0x8000a41a (0xbfe5)
core   0: 0x8000a412 (0x00006f17) auipc   t5, 0x6
core   0: 3 0x8000a412 (0x00006f17) x30 0x80010412
core   0: 0x8000a416 (0xbe3f2723) sw      gp, -1042(t5)
core   0: 3 0x8000a416 (0xbe3f2723) mem 0x80010000 0x00000001
core   0: 0x8000a41a (0x0000bfe5) c.j     pc - 8
core   0: 3 0x8000a41a (0xbfe5)
core   0: 0x8000a412 (0x00006f17) auipc   t5, 0x6
core   0: 3 0x8000a412 (0x00006f17) x30 0x80010412
core   0: 0x8000a416 (0xbe3f2723) sw      gp, -1042(t5)
core   0: 3 0x8000a416 (0xbe3f2723) mem 0x80010000 0x00000001
core   0: 0x8000a41a (0x0000bfe5) c.j     pc - 8
core   0: 3 0x8000a41a (0xbfe5)
core   0: 0x8000a412 (0x00006f17) auipc   t5, 0x6
core   0: 3 0x8000a412 (0x00006f17) x30 0x80010412
core   0: 0x8000a416 (0xbe3f2723) sw      gp, -1042(t5)
core   0: 3 0x8000a416 (0xbe3f2723) mem 0x80010000 0x00000001
core   0: 0x8000a41a (0x0000bfe5) c.j     pc - 8
core   0: 3 0x8000a41a (0xbfe5)
core   0: 0x8000a412 (0x00006f17) auipc   t5, 0x6
core   0: 3 0x8000a412 (0x00006f17) x30 0x80010412
core   0: 0x8000a416 (0xbe3f2723) sw      gp, -1042(t5)
core   0: 3 0x8000a416 (0xbe3f2723) mem 0x80010000 0x00000001
core   0: 0x8000a41a (0x0000bfe5) c.j     pc - 8
core   0: 3 0x8000a41a (0xbfe5)
core   0: 0x8000a412 (0x00006f17) auipc   t5, 0x6
core   0: 3 0x8000a412 (0x00006f17) x30 0x80010412
core   0: 0x8000a416 (0xbe3f2723) sw      gp, -1042(t5)
core   0: 3 0x8000a416 (0xbe3f2723) mem 0x80010000 0x00000001
core   0: 0x8000a41a (0x0000bfe5) c.j     pc - 8
core   0: 3 0x8000a41a (0xbfe5)
core   0: 0x8000a412 (0x00006f17) auipc   t5, 0x6
core   0: 3 0x8000a412 (0x00006f17) x30 0x80010412
core   0: 0x8000a416 (0xbe3f2723) sw      gp, -1042(t5)
core   0: 3 0x8000a416 (0xbe3f2723) mem 0x80010000 0x00000001
core   0: 0x8000a41a (0x0000bfe5) c.j     pc - 8
core   0: 3 0x8000a41a (0xbfe5)
core   0: 0x8000a412 (0x00006f17) auipc   t5, 0x6
core   0: 3 0x8000a412 (0x00006f17) x30 0x80010412
core   0: 0x8000a416 (0xbe3f2723) sw      gp, -1042(t5)
core   0: 3 0x8000a416 (0xbe3f2723) mem 0x80010000 0x00000001
core   0: 0x8000a41a (0x0000bfe5) c.j     pc - 8
core   0: 3 0x8000a41a (0xbfe5)
core   0: 0x8000a412 (0x00006f17) auipc   t5, 0x6
core   0: 3 0x8000a412 (0x00006f17) x30 0x80010412
core   0: 0x8000a416 (0xbe3f2723) sw      gp, -1042(t5)
core   0: 3 0x8000a416 (0xbe3f2723) mem 0x80010000 0x00000001
core   0: 0x8000a41a (0x0000bfe5) c.j     pc - 8
core   0: 3 0x8000a41a (0xbfe5)
core   0: 0x8000a412 (0x00006f17) auipc   t5, 0x6
core   0: 3 0x8000a412 (0x00006f17) x30 0x80010412
core   0: 0x8000a416 (0xbe3f2723) sw      gp, -1042(t5)
core   0: 3 0x8000a416 (0xbe3f2723) mem 0x80010000 0x00000001
core   0: 0x8000a41a (0x0000bfe5) c.j     pc - 8
core   0: 3 0x8000a41a (0xbfe5)
core   0: 0x8000a412 (0x00006f17) auipc   t5, 0x6
core   0: 3 0x8000a412 (0x00006f17) x30 0x80010412
core   0: 0x8000a416 (0xbe3f2723) sw      gp, -1042(t5)
core   0: 3 0x8000a416 (0xbe3f2723) mem 0x80010000 0x00000001
core   0: 0x8000a41a (0x0000bfe5) c.j     pc - 8
core   0: 3 0x8000a41a (0xbfe5)
core   0: 0x8000a412 (0x00006f17) auipc   t5, 0x6
core   0: 3 0x8000a412 (0x00006f17) x30 0x80010412
core   0: 0x8000a416 (0xbe3f2723) sw      gp, -1042(t5)
core   0: 3 0x8000a416 (0xbe3f2723) mem 0x80010000 0x00000001
core   0: 0x8000a41a (0x0000bfe5) c.j     pc - 8
core   0: 3 0x8000a41a (0xbfe5)
core   0: 0x8000a412 (0x00006f17) auipc   t5, 0x6
core   0: 3 0x8000a412 (0x00006f17) x30 0x80010412
core   0: 0x8000a416 (0xbe3f2723) sw      gp, -1042(t5)
core   0: 3 0x8000a416 (0xbe3f2723) mem 0x80010000 0x00000001
core   0: 0x8000a41a (0x0000bfe5) c.j     pc - 8
core   0: 3 0x8000a41a (0xbfe5)
core   0: 0x8000a412 (0x00006f17) auipc   t5, 0x6
core   0: 3 0x8000a412 (0x00006f17) x30 0x80010412
core   0: 0x8000a416 (0xbe3f2723) sw      gp, -1042(t5)
core   0: 3 0x8000a416 (0xbe3f2723) mem 0x80010000 0x00000001
core   0: 0x8000a41a (0x0000bfe5) c.j     pc - 8
core   0: 3 0x8000a41a (0xbfe5)
core   0: 0x8000a412 (0x00006f17) auipc   t5, 0x6
core   0: 3 0x8000a412 (0x00006f17) x30 0x80010412
core   0: 0x8000a416 (0xbe3f2723) sw      gp, -1042(t5)
core   0: 3 0x8000a416 (0xbe3f2723) mem 0x80010000 0x00000001
core   0: 0x8000a41a (0x0000bfe5) c.j     pc - 8
core   0: 3 0x8000a41a (0xbfe5)
core   0: 0x8000a412 (0x00006f17) auipc   t5, 0x6
core   0: 3 0x8000a412 (0x00006f17) x30 0x80010412
core   0: 0x8000a416 (0xbe3f2723) sw      gp, -1042(t5)
core   0: 3 0x8000a416 (0xbe3f2723) mem 0x80010000 0x00000001
core   0: 0x8000a41a (0x0000bfe5) c.j     pc - 8
core   0: 3 0x8000a41a (0xbfe5)
core   0: 0x8000a412 (0x00006f17) auipc   t5, 0x6
core   0: 3 0x8000a412 (0x00006f17) x30 0x80010412
core   0: 0x8000a416 (0xbe3f2723) sw      gp, -1042(t5)
core   0: 3 0x8000a416 (0xbe3f2723) mem 0x80010000 0x00000001
core   0: 0x8000a41a (0x0000bfe5) c.j     pc - 8
core   0: 3 0x8000a41a (0xbfe5)
core   0: 0x8000a412 (0x00006f17) auipc   t5, 0x6
core   0: 3 0x8000a412 (0x00006f17) x30 0x80010412
core   0: 0x8000a416 (0xbe3f2723) sw      gp, -1042(t5)
core   0: 3 0x8000a416 (0xbe3f2723) mem 0x80010000 0x00000001
core   0: 0x8000a41a (0x0000bfe5) c.j     pc - 8
core   0: 3 0x8000a41a (0xbfe5)
core   0: 0x8000a412 (0x00006f17) auipc   t5, 0x6
core   0: 3 0x8000a412 (0x00006f17) x30 0x80010412
core   0: 0x8000a416 (0xbe3f2723) sw      gp, -1042(t5)
core   0: 3 0x8000a416 (0xbe3f2723) mem 0x80010000 0x00000001
core   0: 0x8000a41a (0x0000bfe5) c.j     pc - 8
core   0: 3 0x8000a41a (0xbfe5)
core   0: 0x8000a412 (0x00006f17) auipc   t5, 0x6
core   0: 3 0x8000a412 (0x00006f17) x30 0x80010412
core   0: 0x8000a416 (0xbe3f2723) sw      gp, -1042(t5)
core   0: 3 0x8000a416 (0xbe3f2723) mem 0x80010000 0x00000001
core   0: 0x8000a41a (0x0000bfe5) c.j     pc - 8
core   0: 3 0x8000a41a (0xbfe5)
core   0: 0x8000a412 (0x00006f17) auipc   t5, 0x6
core   0: 3 0x8000a412 (0x00006f17) x30 0x80010412
core   0: 0x8000a416 (0xbe3f2723) sw      gp, -1042(t5)
core   0: 3 0x8000a416 (0xbe3f2723) mem 0x80010000 0x00000001
core   0: 0x8000a41a (0x0000bfe5) c.j     pc - 8
core   0: 3 0x8000a41a (0xbfe5)
core   0: 0x8000a412 (0x00006f17) auipc   t5, 0x6
core   0: 3 0x8000a412 (0x00006f17) x30 0x80010412
core   0: 0x8000a416 (0xbe3f2723) sw      gp, -1042(t5)
core   0: 3 0x8000a416 (0xbe3f2723) mem 0x80010000 0x00000001
core   0: 0x8000a41a (0x0000bfe5) c.j     pc - 8
core   0: 3 0x8000a41a (0xbfe5)
core   0: 0x8000a412 (0x00006f17) auipc   t5, 0x6
core   0: 3 0x8000a412 (0x00006f17) x30 0x80010412
core   0: 0x8000a416 (0xbe3f2723) sw      gp, -1042(t5)
core   0: 3 0x8000a416 (0xbe3f2723) mem 0x80010000 0x00000001
core   0: 0x8000a41a (0x0000bfe5) c.j     pc - 8
core   0: 3 0x8000a41a (0xbfe5)
core   0: 0x8000a412 (0x00006f17) auipc   t5, 0x6
core   0: 3 0x8000a412 (0x00006f17) x30 0x80010412
core   0: 0x8000a416 (0xbe3f2723) sw      gp, -1042(t5)
core   0: 3 0x8000a416 (0xbe3f2723) mem 0x80010000 0x00000001
core   0: 0x8000a41a (0x0000bfe5) c.j     pc - 8
core   0: 3 0x8000a41a (0xbfe5)
core   0: 0x8000a412 (0x00006f17) auipc   t5, 0x6
core   0: 3 0x8000a412 (0x00006f17) x30 0x80010412
core   0: 0x8000a416 (0xbe3f2723) sw      gp, -1042(t5)
core   0: 3 0x8000a416 (0xbe3f2723) mem 0x80010000 0x00000001
core   0: 0x8000a41a (0x0000bfe5) c.j     pc - 8
core   0: 3 0x8000a41a (0xbfe5)
core   0: 0x8000a412 (0x00006f17) auipc   t5, 0x6
core   0: 3 0x8000a412 (0x00006f17) x30 0x80010412
core   0: 0x8000a416 (0xbe3f2723) sw      gp, -1042(t5)
core   0: 3 0x8000a416 (0xbe3f2723) mem 0x80010000 0x00000001
core   0: 0x8000a41a (0x0000bfe5) c.j     pc - 8
core   0: 3 0x8000a41a (0xbfe5)
core   0: 0x8000a412 (0x00006f17) auipc   t5, 0x6
core   0: 3 0x8000a412 (0x00006f17) x30 0x80010412
core   0: 0x8000a416 (0xbe3f2723) sw      gp, -1042(t5)
core   0: 3 0x8000a416 (0xbe3f2723) mem 0x80010000 0x00000001
core   0: 0x8000a41a (0x0000bfe5) c.j     pc - 8
core   0: 3 0x8000a41a (0xbfe5)
core   0: 0x8000a412 (0x00006f17) auipc   t5, 0x6
core   0: 3 0x8000a412 (0x00006f17) x30 0x80010412
core   0: 0x8000a416 (0xbe3f2723) sw      gp, -1042(t5)
core   0: 3 0x8000a416 (0xbe3f2723) mem 0x80010000 0x00000001
core   0: 0x8000a41a (0x0000bfe5) c.j     pc - 8
core   0: 3 0x8000a41a (0xbfe5)
core   0: 0x8000a412 (0x00006f17) auipc   t5, 0x6
core   0: 3 0x8000a412 (0x00006f17) x30 0x80010412
core   0: 0x8000a416 (0xbe3f2723) sw      gp, -1042(t5)
core   0: 3 0x8000a416 (0xbe3f2723) mem 0x80010000 0x00000001
core   0: 0x8000a41a (0x0000bfe5) c.j     pc - 8
core   0: 3 0x8000a41a (0xbfe5)
core   0: 0x8000a412 (0x00006f17) auipc   t5, 0x6
core   0: 3 0x8000a412 (0x00006f17) x30 0x80010412
core   0: 0x8000a416 (0xbe3f2723) sw      gp, -1042(t5)
core   0: 3 0x8000a416 (0xbe3f2723) mem 0x80010000 0x00000001
core   0: 0x8000a41a (0x0000bfe5) c.j     pc - 8
core   0: 3 0x8000a41a (0xbfe5)
core   0: 0x8000a412 (0x00006f17) auipc   t5, 0x6
core   0: 3 0x8000a412 (0x00006f17) x30 0x80010412
core   0: 0x8000a416 (0xbe3f2723) sw      gp, -1042(t5)
core   0: 3 0x8000a416 (0xbe3f2723) mem 0x80010000 0x00000001
core   0: 0x8000a41a (0x0000bfe5) c.j     pc - 8
core   0: 3 0x8000a41a (0xbfe5)
core   0: 0x8000a412 (0x00006f17) auipc   t5, 0x6
core   0: 3 0x8000a412 (0x00006f17) x30 0x80010412
core   0: 0x8000a416 (0xbe3f2723) sw      gp, -1042(t5)
core   0: 3 0x8000a416 (0xbe3f2723) mem 0x80010000 0x00000001
core   0: 0x8000a41a (0x0000bfe5) c.j     pc - 8
core   0: 3 0x8000a41a (0xbfe5)
core   0: 0x8000a412 (0x00006f17) auipc   t5, 0x6
core   0: 3 0x8000a412 (0x00006f17) x30 0x80010412
core   0: 0x8000a416 (0xbe3f2723) sw      gp, -1042(t5)
core   0: 3 0x8000a416 (0xbe3f2723) mem 0x80010000 0x00000001
core   0: 0x8000a41a (0x0000bfe5) c.j     pc - 8
core   0: 3 0x8000a41a (0xbfe5)
core   0: 0x8000a412 (0x00006f17) auipc   t5, 0x6
core   0: 3 0x8000a412 (0x00006f17) x30 0x80010412
core   0: 0x8000a416 (0xbe3f2723) sw      gp, -1042(t5)
core   0: 3 0x8000a416 (0xbe3f2723) mem 0x80010000 0x00000001
core   0: 0x8000a41a (0x0000bfe5) c.j     pc - 8
core   0: 3 0x8000a41a (0xbfe5)
core   0: 0x8000a412 (0x00006f17) auipc   t5, 0x6
core   0: 3 0x8000a412 (0x00006f17) x30 0x80010412
core   0: 0x8000a416 (0xbe3f2723) sw      gp, -1042(t5)
core   0: 3 0x8000a416 (0xbe3f2723) mem 0x80010000 0x00000001
core   0: 0x8000a41a (0x0000bfe5) c.j     pc - 8
core   0: 3 0x8000a41a (0xbfe5)
core   0: 0x8000a412 (0x00006f17) auipc   t5, 0x6
core   0: 3 0x8000a412 (0x00006f17) x30 0x80010412
core   0: 0x8000a416 (0xbe3f2723) sw      gp, -1042(t5)
core   0: 3 0x8000a416 (0xbe3f2723) mem 0x80010000 0x00000001
core   0: 0x8000a41a (0x0000bfe5) c.j     pc - 8
core   0: 3 0x8000a41a (0xbfe5)
core   0: 0x8000a412 (0x00006f17) auipc   t5, 0x6
core   0: 3 0x8000a412 (0x00006f17) x30 0x80010412
core   0: 0x8000a416 (0xbe3f2723) sw      gp, -1042(t5)
core   0: 3 0x8000a416 (0xbe3f2723) mem 0x80010000 0x00000001
core   0: 0x8000a41a (0x0000bfe5) c.j     pc - 8
core   0: 3 0x8000a41a (0xbfe5)
core   0: 0x8000a412 (0x00006f17) auipc   t5, 0x6
core   0: 3 0x8000a412 (0x00006f17) x30 0x80010412
core   0: 0x8000a416 (0xbe3f2723) sw      gp, -1042(t5)
core   0: 3 0x8000a416 (0xbe3f2723) mem 0x80010000 0x00000001
core   0: 0x8000a41a (0x0000bfe5) c.j     pc - 8
core   0: 3 0x8000a41a (0xbfe5)
core   0: 0x8000a412 (0x00006f17) auipc   t5, 0x6
core   0: 3 0x8000a412 (0x00006f17) x30 0x80010412
core   0: 0x8000a416 (0xbe3f2723) sw      gp, -1042(t5)
core   0: 3 0x8000a416 (0xbe3f2723) mem 0x80010000 0x00000001
core   0: 0x8000a41a (0x0000bfe5) c.j     pc - 8
core   0: 3 0x8000a41a (0xbfe5)
core   0: 0x8000a412 (0x00006f17) auipc   t5, 0x6
core   0: 3 0x8000a412 (0x00006f17) x30 0x80010412
core   0: 0x8000a416 (0xbe3f2723) sw      gp, -1042(t5)
core   0: 3 0x8000a416 (0xbe3f2723) mem 0x80010000 0x00000001
core   0: 0x8000a41a (0x0000bfe5) c.j     pc - 8
core   0: 3 0x8000a41a (0xbfe5)
core   0: 0x8000a412 (0x00006f17) auipc   t5, 0x6
core   0: 3 0x8000a412 (0x00006f17) x30 0x80010412
core   0: 0x8000a416 (0xbe3f2723) sw      gp, -1042(t5)
core   0: 3 0x8000a416 (0xbe3f2723) mem 0x80010000 0x00000001
core   0: 0x8000a41a (0x0000bfe5) c.j     pc - 8
core   0: 3 0x8000a41a (0xbfe5)
core   0: 0x8000a412 (0x00006f17) auipc   t5, 0x6
core   0: 3 0x8000a412 (0x00006f17) x30 0x80010412
core   0: 0x8000a416 (0xbe3f2723) sw      gp, -1042(t5)
core   0: 3 0x8000a416 (0xbe3f2723) mem 0x80010000 0x00000001
core   0: 0x8000a41a (0x0000bfe5) c.j     pc - 8
core   0: 3 0x8000a41a (0xbfe5)
core   0: 0x8000a412 (0x00006f17) auipc   t5, 0x6
core   0: 3 0x8000a412 (0x00006f17) x30 0x80010412
core   0: 0x8000a416 (0xbe3f2723) sw      gp, -1042(t5)
core   0: 3 0x8000a416 (0xbe3f2723) mem 0x80010000 0x00000001
core   0: 0x8000a41a (0x0000bfe5) c.j     pc - 8
core   0: 3 0x8000a41a (0xbfe5)
core   0: 0x8000a412 (0x00006f17) auipc   t5, 0x6
core   0: 3 0x8000a412 (0x00006f17) x30 0x80010412
core   0: 0x8000a416 (0xbe3f2723) sw      gp, -1042(t5)
core   0: 3 0x8000a416 (0xbe3f2723) mem 0x80010000 0x00000001
core   0: 0x8000a41a (0x0000bfe5) c.j     pc - 8
core   0: 3 0x8000a41a (0xbfe5)
core   0: 0x8000a412 (0x00006f17) auipc   t5, 0x6
core   0: 3 0x8000a412 (0x00006f17) x30 0x80010412
core   0: 0x8000a416 (0xbe3f2723) sw      gp, -1042(t5)
core   0: 3 0x8000a416 (0xbe3f2723) mem 0x80010000 0x00000001
core   0: 0x8000a41a (0x0000bfe5) c.j     pc - 8
core   0: 3 0x8000a41a (0xbfe5)
core   0: 0x8000a412 (0x00006f17) auipc   t5, 0x6
core   0: 3 0x8000a412 (0x00006f17) x30 0x80010412
core   0: 0x8000a416 (0xbe3f2723) sw      gp, -1042(t5)
core   0: 3 0x8000a416 (0xbe3f2723) mem 0x80010000 0x00000001
core   0: 0x8000a41a (0x0000bfe5) c.j     pc - 8
core   0: 3 0x8000a41a (0xbfe5)
core   0: 0x8000a412 (0x00006f17) auipc   t5, 0x6
core   0: 3 0x8000a412 (0x00006f17) x30 0x80010412
core   0: 0x8000a416 (0xbe3f2723) sw      gp, -1042(t5)
core   0: 3 0x8000a416 (0xbe3f2723) mem 0x80010000 0x00000001
core   0: 0x8000a41a (0x0000bfe5) c.j     pc - 8
core   0: 3 0x8000a41a (0xbfe5)
core   0: 0x8000a412 (0x00006f17) auipc   t5, 0x6
core   0: 3 0x8000a412 (0x00006f17) x30 0x80010412
core   0: 0x8000a416 (0xbe3f2723) sw      gp, -1042(t5)
core   0: 3 0x8000a416 (0xbe3f2723) mem 0x80010000 0x00000001
core   0: 0x8000a41a (0x0000bfe5) c.j     pc - 8
core   0: 3 0x8000a41a (0xbfe5)
core   0: 0x8000a412 (0x00006f17) auipc   t5, 0x6
core   0: 3 0x8000a412 (0x00006f17) x30 0x80010412
core   0: 0x8000a416 (0xbe3f2723) sw      gp, -1042(t5)
core   0: 3 0x8000a416 (0xbe3f2723) mem 0x80010000 0x00000001
core   0: 0x8000a41a (0x0000bfe5) c.j     pc - 8
core   0: 3 0x8000a41a (0xbfe5)
core   0: 0x8000a412 (0x00006f17) auipc   t5, 0x6
core   0: 3 0x8000a412 (0x00006f17) x30 0x80010412
core   0: 0x8000a416 (0xbe3f2723) sw      gp, -1042(t5)
core   0: 3 0x8000a416 (0xbe3f2723) mem 0x80010000 0x00000001
core   0: 0x8000a41a (0x0000bfe5) c.j     pc - 8
core   0: 3 0x8000a41a (0xbfe5)
core   0: 0x8000a412 (0x00006f17) auipc   t5, 0x6
core   0: 3 0x8000a412 (0x00006f17) x30 0x80010412
core   0: 0x8000a416 (0xbe3f2723) sw      gp, -1042(t5)
core   0: 3 0x8000a416 (0xbe3f2723) mem 0x80010000 0x00000001
core   0: 0x8000a41a (0x0000bfe5) c.j     pc - 8
core   0: 3 0x8000a41a (0xbfe5)
core   0: 0x8000a412 (0x00006f17) auipc   t5, 0x6
core   0: 3 0x8000a412 (0x00006f17) x30 0x80010412
core   0: 0x8000a416 (0xbe3f2723) sw      gp, -1042(t5)
core   0: 3 0x8000a416 (0xbe3f2723) mem 0x80010000 0x00000001
core   0: 0x8000a41a (0x0000bfe5) c.j     pc - 8
core   0: 3 0x8000a41a (0xbfe5)
core   0: 0x8000a412 (0x00006f17) auipc   t5, 0x6
core   0: 3 0x8000a412 (0x00006f17) x30 0x80010412
core   0: 0x8000a416 (0xbe3f2723) sw      gp, -1042(t5)
core   0: 3 0x8000a416 (0xbe3f2723) mem 0x80010000 0x00000001
core   0: 0x8000a41a (0x0000bfe5) c.j     pc - 8
core   0: 3 0x8000a41a (0xbfe5)
core   0: 0x8000a412 (0x00006f17) auipc   t5, 0x6
core   0: 3 0x8000a412 (0x00006f17) x30 0x80010412
core   0: 0x8000a416 (0xbe3f2723) sw      gp, -1042(t5)
core   0: 3 0x8000a416 (0xbe3f2723) mem 0x80010000 0x00000001
core   0: 0x8000a41a (0x0000bfe5) c.j     pc - 8
core   0: 3 0x8000a41a (0xbfe5)
core   0: 0x8000a412 (0x00006f17) auipc   t5, 0x6
core   0: 3 0x8000a412 (0x00006f17) x30 0x80010412
core   0: 0x8000a416 (0xbe3f2723) sw      gp, -1042(t5)
core   0: 3 0x8000a416 (0xbe3f2723) mem 0x80010000 0x00000001
core   0: 0x8000a41a (0x0000bfe5) c.j     pc - 8
core   0: 3 0x8000a41a (0xbfe5)
core   0: 0x8000a412 (0x00006f17) auipc   t5, 0x6
core   0: 3 0x8000a412 (0x00006f17) x30 0x80010412
core   0: 0x8000a416 (0xbe3f2723) sw      gp, -1042(t5)
core   0: 3 0x8000a416 (0xbe3f2723) mem 0x80010000 0x00000001
core   0: 0x8000a41a (0x0000bfe5) c.j     pc - 8
core   0: 3 0x8000a41a (0xbfe5)
core   0: 0x8000a412 (0x00006f17) auipc   t5, 0x6
core   0: 3 0x8000a412 (0x00006f17) x30 0x80010412
core   0: 0x8000a416 (0xbe3f2723) sw      gp, -1042(t5)
core   0: 3 0x8000a416 (0xbe3f2723) mem 0x80010000 0x00000001
core   0: 0x8000a41a (0x0000bfe5) c.j     pc - 8
core   0: 3 0x8000a41a (0xbfe5)
core   0: 0x8000a412 (0x00006f17) auipc   t5, 0x6
core   0: 3 0x8000a412 (0x00006f17) x30 0x80010412
core   0: 0x8000a416 (0xbe3f2723) sw      gp, -1042(t5)
core   0: 3 0x8000a416 (0xbe3f2723) mem 0x80010000 0x00000001
core   0: 0x8000a41a (0x0000bfe5) c.j     pc - 8
core   0: 3 0x8000a41a (0xbfe5)
core   0: 0x8000a412 (0x00006f17) auipc   t5, 0x6
core   0: 3 0x8000a412 (0x00006f17) x30 0x80010412
core   0: 0x8000a416 (0xbe3f2723) sw      gp, -1042(t5)
core   0: 3 0x8000a416 (0xbe3f2723) mem 0x80010000 0x00000001
core   0: 0x8000a41a (0x0000bfe5) c.j     pc - 8
core   0: 3 0x8000a41a (0xbfe5)
core   0: 0x8000a412 (0x00006f17) auipc   t5, 0x6
core   0: 3 0x8000a412 (0x00006f17) x30 0x80010412
core   0: 0x8000a416 (0xbe3f2723) sw      gp, -1042(t5)
core   0: 3 0x8000a416 (0xbe3f2723) mem 0x80010000 0x00000001
core   0: 0x8000a41a (0x0000bfe5) c.j     pc - 8
core   0: 3 0x8000a41a (0xbfe5)
core   0: 0x8000a412 (0x00006f17) auipc   t5, 0x6
core   0: 3 0x8000a412 (0x00006f17) x30 0x80010412
core   0: 0x8000a416 (0xbe3f2723) sw      gp, -1042(t5)
core   0: 3 0x8000a416 (0xbe3f2723) mem 0x80010000 0x00000001
core   0: 0x8000a41a (0x0000bfe5) c.j     pc - 8
core   0: 3 0x8000a41a (0xbfe5)
core   0: 0x8000a412 (0x00006f17) auipc   t5, 0x6
core   0: 3 0x8000a412 (0x00006f17) x30 0x80010412
core   0: 0x8000a416 (0xbe3f2723) sw      gp, -1042(t5)
core   0: 3 0x8000a416 (0xbe3f2723) mem 0x80010000 0x00000001
core   0: 0x8000a41a (0x0000bfe5) c.j     pc - 8
core   0: 3 0x8000a41a (0xbfe5)
core   0: 0x8000a412 (0x00006f17) auipc   t5, 0x6
core   0: 3 0x8000a412 (0x00006f17) x30 0x80010412
core   0: 0x8000a416 (0xbe3f2723) sw      gp, -1042(t5)
core   0: 3 0x8000a416 (0xbe3f2723) mem 0x80010000 0x00000001
core   0: 0x8000a41a (0x0000bfe5) c.j     pc - 8
core   0: 3 0x8000a41a (0xbfe5)
core   0: 0x8000a412 (0x00006f17) auipc   t5, 0x6
core   0: 3 0x8000a412 (0x00006f17) x30 0x80010412
core   0: 0x8000a416 (0xbe3f2723) sw      gp, -1042(t5)
core   0: 3 0x8000a416 (0xbe3f2723) mem 0x80010000 0x00000001
core   0: 0x8000a41a (0x0000bfe5) c.j     pc - 8
core   0: 3 0x8000a41a (0xbfe5)
core   0: 0x8000a412 (0x00006f17) auipc   t5, 0x6
core   0: 3 0x8000a412 (0x00006f17) x30 0x80010412
core   0: 0x8000a416 (0xbe3f2723) sw      gp, -1042(t5)
core   0: 3 0x8000a416 (0xbe3f2723) mem 0x80010000 0x00000001
core   0: 0x8000a41a (0x0000bfe5) c.j     pc - 8
core   0: 3 0x8000a41a (0xbfe5)
core   0: 0x8000a412 (0x00006f17) auipc   t5, 0x6
core   0: 3 0x8000a412 (0x00006f17) x30 0x80010412
core   0: 0x8000a416 (0xbe3f2723) sw      gp, -1042(t5)
core   0: 3 0x8000a416 (0xbe3f2723) mem 0x80010000 0x00000001
core   0: 0x8000a41a (0x0000bfe5) c.j     pc - 8
core   0: 3 0x8000a41a (0xbfe5)
core   0: 0x8000a412 (0x00006f17) auipc   t5, 0x6
core   0: 3 0x8000a412 (0x00006f17) x30 0x80010412
core   0: 0x8000a416 (0xbe3f2723) sw      gp, -1042(t5)
core   0: 3 0x8000a416 (0xbe3f2723) mem 0x80010000 0x00000001
core   0: 0x8000a41a (0x0000bfe5) c.j     pc - 8
core   0: 3 0x8000a41a (0xbfe5)
core   0: 0x8000a412 (0x00006f17) auipc   t5, 0x6
core   0: 3 0x8000a412 (0x00006f17) x30 0x80010412
core   0: 0x8000a416 (0xbe3f2723) sw      gp, -1042(t5)
core   0: 3 0x8000a416 (0xbe3f2723) mem 0x80010000 0x00000001
core   0: 0x8000a41a (0x0000bfe5) c.j     pc - 8
core   0: 3 0x8000a41a (0xbfe5)
core   0: 0x8000a412 (0x00006f17) auipc   t5, 0x6
core   0: 3 0x8000a412 (0x00006f17) x30 0x80010412
core   0: 0x8000a416 (0xbe3f2723) sw      gp, -1042(t5)
core   0: 3 0x8000a416 (0xbe3f2723) mem 0x80010000 0x00000001
core   0: 0x8000a41a (0x0000bfe5) c.j     pc - 8
core   0: 3 0x8000a41a (0xbfe5)
core   0: 0x8000a412 (0x00006f17) auipc   t5, 0x6
core   0: 3 0x8000a412 (0x00006f17) x30 0x80010412
core   0: 0x8000a416 (0xbe3f2723) sw      gp, -1042(t5)
core   0: 3 0x8000a416 (0xbe3f2723) mem 0x80010000 0x00000001
core   0: 0x8000a41a (0x0000bfe5) c.j     pc - 8
core   0: 3 0x8000a41a (0xbfe5)
core   0: 0x8000a412 (0x00006f17) auipc   t5, 0x6
core   0: 3 0x8000a412 (0x00006f17) x30 0x80010412
core   0: 0x8000a416 (0xbe3f2723) sw      gp, -1042(t5)
core   0: 3 0x8000a416 (0xbe3f2723) mem 0x80010000 0x00000001
core   0: 0x8000a41a (0x0000bfe5) c.j     pc - 8
core   0: 3 0x8000a41a (0xbfe5)
core   0: 0x8000a412 (0x00006f17) auipc   t5, 0x6
core   0: 3 0x8000a412 (0x00006f17) x30 0x80010412
core   0: 0x8000a416 (0xbe3f2723) sw      gp, -1042(t5)
core   0: 3 0x8000a416 (0xbe3f2723) mem 0x80010000 0x00000001
core   0: 0x8000a41a (0x0000bfe5) c.j     pc - 8
core   0: 3 0x8000a41a (0xbfe5)
core   0: 0x8000a412 (0x00006f17) auipc   t5, 0x6
core   0: 3 0x8000a412 (0x00006f17) x30 0x80010412
core   0: 0x8000a416 (0xbe3f2723) sw      gp, -1042(t5)
core   0: 3 0x8000a416 (0xbe3f2723) mem 0x80010000 0x00000001
core   0: 0x8000a41a (0x0000bfe5) c.j     pc - 8
core   0: 3 0x8000a41a (0xbfe5)
core   0: 0x8000a412 (0x00006f17) auipc   t5, 0x6
core   0: 3 0x8000a412 (0x00006f17) x30 0x80010412
core   0: 0x8000a416 (0xbe3f2723) sw      gp, -1042(t5)
core   0: 3 0x8000a416 (0xbe3f2723) mem 0x80010000 0x00000001
core   0: 0x8000a41a (0x0000bfe5) c.j     pc - 8
core   0: 3 0x8000a41a (0xbfe5)
core   0: 0x8000a412 (0x00006f17) auipc   t5, 0x6
core   0: 3 0x8000a412 (0x00006f17) x30 0x80010412
core   0: 0x8000a416 (0xbe3f2723) sw      gp, -1042(t5)
core   0: 3 0x8000a416 (0xbe3f2723) mem 0x80010000 0x00000001
core   0: 0x8000a41a (0x0000bfe5) c.j     pc - 8
core   0: 3 0x8000a41a (0xbfe5)
core   0: 0x8000a412 (0x00006f17) auipc   t5, 0x6
core   0: 3 0x8000a412 (0x00006f17) x30 0x80010412
core   0: 0x8000a416 (0xbe3f2723) sw      gp, -1042(t5)
core   0: 3 0x8000a416 (0xbe3f2723) mem 0x80010000 0x00000001
core   0: 0x8000a41a (0x0000bfe5) c.j     pc - 8
core   0: 3 0x8000a41a (0xbfe5)
core   0: 0x8000a412 (0x00006f17) auipc   t5, 0x6
core   0: 3 0x8000a412 (0x00006f17) x30 0x80010412
core   0: 0x8000a416 (0xbe3f2723) sw      gp, -1042(t5)
core   0: 3 0x8000a416 (0xbe3f2723) mem 0x80010000 0x00000001
core   0: 0x8000a41a (0x0000bfe5) c.j     pc - 8
core   0: 3 0x8000a41a (0xbfe5)
core   0: 0x8000a412 (0x00006f17) auipc   t5, 0x6
core   0: 3 0x8000a412 (0x00006f17) x30 0x80010412
core   0: 0x8000a416 (0xbe3f2723) sw      gp, -1042(t5)
core   0: 3 0x8000a416 (0xbe3f2723) mem 0x80010000 0x00000001
core   0: 0x8000a41a (0x0000bfe5) c.j     pc - 8
core   0: 3 0x8000a41a (0xbfe5)
core   0: 0x8000a412 (0x00006f17) auipc   t5, 0x6
core   0: 3 0x8000a412 (0x00006f17) x30 0x80010412
core   0: 0x8000a416 (0xbe3f2723) sw      gp, -1042(t5)
core   0: 3 0x8000a416 (0xbe3f2723) mem 0x80010000 0x00000001
core   0: 0x8000a41a (0x0000bfe5) c.j     pc - 8
core   0: 3 0x8000a41a (0xbfe5)
core   0: 0x8000a412 (0x00006f17) auipc   t5, 0x6
core   0: 3 0x8000a412 (0x00006f17) x30 0x80010412
core   0: 0x8000a416 (0xbe3f2723) sw      gp, -1042(t5)
core   0: 3 0x8000a416 (0xbe3f2723) mem 0x80010000 0x00000001
core   0: 0x8000a41a (0x0000bfe5) c.j     pc - 8
core   0: 3 0x8000a41a (0xbfe5)
core   0: 0x8000a412 (0x00006f17) auipc   t5, 0x6
core   0: 3 0x8000a412 (0x00006f17) x30 0x80010412
core   0: 0x8000a416 (0xbe3f2723) sw      gp, -1042(t5)
core   0: 3 0x8000a416 (0xbe3f2723) mem 0x80010000 0x00000001
core   0: 0x8000a41a (0x0000bfe5) c.j     pc - 8
core   0: 3 0x8000a41a (0xbfe5)
core   0: 0x8000a412 (0x00006f17) auipc   t5, 0x6
core   0: 3 0x8000a412 (0x00006f17) x30 0x80010412
core   0: 0x8000a416 (0xbe3f2723) sw      gp, -1042(t5)
core   0: 3 0x8000a416 (0xbe3f2723) mem 0x80010000 0x00000001
core   0: 0x8000a41a (0x0000bfe5) c.j     pc - 8
core   0: 3 0x8000a41a (0xbfe5)
core   0: 0x8000a412 (0x00006f17) auipc   t5, 0x6
core   0: 3 0x8000a412 (0x00006f17) x30 0x80010412
core   0: 0x8000a416 (0xbe3f2723) sw      gp, -1042(t5)
core   0: 3 0x8000a416 (0xbe3f2723) mem 0x80010000 0x00000001
core   0: 0x8000a41a (0x0000bfe5) c.j     pc - 8
core   0: 3 0x8000a41a (0xbfe5)
core   0: 0x8000a412 (0x00006f17) auipc   t5, 0x6
core   0: 3 0x8000a412 (0x00006f17) x30 0x80010412
core   0: 0x8000a416 (0xbe3f2723) sw      gp, -1042(t5)
core   0: 3 0x8000a416 (0xbe3f2723) mem 0x80010000 0x00000001
core   0: 0x8000a41a (0x0000bfe5) c.j     pc - 8
core   0: 3 0x8000a41a (0xbfe5)
core   0: 0x8000a412 (0x00006f17) auipc   t5, 0x6
core   0: 3 0x8000a412 (0x00006f17) x30 0x80010412
core   0: 0x8000a416 (0xbe3f2723) sw      gp, -1042(t5)
core   0: 3 0x8000a416 (0xbe3f2723) mem 0x80010000 0x00000001
core   0: 0x8000a41a (0x0000bfe5) c.j     pc - 8
core   0: 3 0x8000a41a (0xbfe5)
core   0: 0x8000a412 (0x00006f17) auipc   t5, 0x6
core   0: 3 0x8000a412 (0x00006f17) x30 0x80010412
core   0: 0x8000a416 (0xbe3f2723) sw      gp, -1042(t5)
core   0: 3 0x8000a416 (0xbe3f2723) mem 0x80010000 0x00000001
core   0: 0x8000a41a (0x0000bfe5) c.j     pc - 8
core   0: 3 0x8000a41a (0xbfe5)
core   0: 0x8000a412 (0x00006f17) auipc   t5, 0x6
core   0: 3 0x8000a412 (0x00006f17) x30 0x80010412
core   0: 0x8000a416 (0xbe3f2723) sw      gp, -1042(t5)
core   0: 3 0x8000a416 (0xbe3f2723) mem 0x80010000 0x00000001
core   0: 0x8000a41a (0x0000bfe5) c.j     pc - 8
core   0: 3 0x8000a41a (0xbfe5)
core   0: 0x8000a412 (0x00006f17) auipc   t5, 0x6
core   0: 3 0x8000a412 (0x00006f17) x30 0x80010412
core   0: 0x8000a416 (0xbe3f2723) sw      gp, -1042(t5)
core   0: 3 0x8000a416 (0xbe3f2723) mem 0x80010000 0x00000001
core   0: 0x8000a41a (0x0000bfe5) c.j     pc - 8
core   0: 3 0x8000a41a (0xbfe5)
core   0: 0x8000a412 (0x00006f17) auipc   t5, 0x6
core   0: 3 0x8000a412 (0x00006f17) x30 0x80010412
core   0: 0x8000a416 (0xbe3f2723) sw      gp, -1042(t5)
core   0: 3 0x8000a416 (0xbe3f2723) mem 0x80010000 0x00000001
core   0: 0x8000a41a (0x0000bfe5) c.j     pc - 8
core   0: 3 0x8000a41a (0xbfe5)
core   0: 0x8000a412 (0x00006f17) auipc   t5, 0x6
core   0: 3 0x8000a412 (0x00006f17) x30 0x80010412
core   0: 0x8000a416 (0xbe3f2723) sw      gp, -1042(t5)
core   0: 3 0x8000a416 (0xbe3f2723) mem 0x80010000 0x00000001
core   0: 0x8000a41a (0x0000bfe5) c.j     pc - 8
core   0: 3 0x8000a41a (0xbfe5)
core   0: 0x8000a412 (0x00006f17) auipc   t5, 0x6
core   0: 3 0x8000a412 (0x00006f17) x30 0x80010412
core   0: 0x8000a416 (0xbe3f2723) sw      gp, -1042(t5)
core   0: 3 0x8000a416 (0xbe3f2723) mem 0x80010000 0x00000001
core   0: 0x8000a41a (0x0000bfe5) c.j     pc - 8
core   0: 3 0x8000a41a (0xbfe5)
core   0: 0x8000a412 (0x00006f17) auipc   t5, 0x6
core   0: 3 0x8000a412 (0x00006f17) x30 0x80010412
core   0: 0x8000a416 (0xbe3f2723) sw      gp, -1042(t5)
core   0: 3 0x8000a416 (0xbe3f2723) mem 0x80010000 0x00000001
core   0: 0x8000a41a (0x0000bfe5) c.j     pc - 8
core   0: 3 0x8000a41a (0xbfe5)
core   0: 0x8000a412 (0x00006f17) auipc   t5, 0x6
core   0: 3 0x8000a412 (0x00006f17) x30 0x80010412
core   0: 0x8000a416 (0xbe3f2723) sw      gp, -1042(t5)
core   0: 3 0x8000a416 (0xbe3f2723) mem 0x80010000 0x00000001
core   0: 0x8000a41a (0x0000bfe5) c.j     pc - 8
core   0: 3 0x8000a41a (0xbfe5)
core   0: 0x8000a412 (0x00006f17) auipc   t5, 0x6
core   0: 3 0x8000a412 (0x00006f17) x30 0x80010412
core   0: 0x8000a416 (0xbe3f2723) sw      gp, -1042(t5)
core   0: 3 0x8000a416 (0xbe3f2723) mem 0x80010000 0x00000001
core   0: 0x8000a41a (0x0000bfe5) c.j     pc - 8
core   0: 3 0x8000a41a (0xbfe5)
core   0: 0x8000a412 (0x00006f17) auipc   t5, 0x6
core   0: 3 0x8000a412 (0x00006f17) x30 0x80010412
core   0: 0x8000a416 (0xbe3f2723) sw      gp, -1042(t5)
core   0: 3 0x8000a416 (0xbe3f2723) mem 0x80010000 0x00000001
core   0: 0x8000a41a (0x0000bfe5) c.j     pc - 8
core   0: 3 0x8000a41a (0xbfe5)
core   0: 0x8000a412 (0x00006f17) auipc   t5, 0x6
core   0: 3 0x8000a412 (0x00006f17) x30 0x80010412
core   0: 0x8000a416 (0xbe3f2723) sw      gp, -1042(t5)
core   0: 3 0x8000a416 (0xbe3f2723) mem 0x80010000 0x00000001
core   0: 0x8000a41a (0x0000bfe5) c.j     pc - 8
core   0: 3 0x8000a41a (0xbfe5)
core   0: 0x8000a412 (0x00006f17) auipc   t5, 0x6
core   0: 3 0x8000a412 (0x00006f17) x30 0x80010412
core   0: 0x8000a416 (0xbe3f2723) sw      gp, -1042(t5)
core   0: 3 0x8000a416 (0xbe3f2723) mem 0x80010000 0x00000001
core   0: 0x8000a41a (0x0000bfe5) c.j     pc - 8
core   0: 3 0x8000a41a (0xbfe5)
core   0: 0x8000a412 (0x00006f17) auipc   t5, 0x6
core   0: 3 0x8000a412 (0x00006f17) x30 0x80010412
core   0: 0x8000a416 (0xbe3f2723) sw      gp, -1042(t5)
core   0: 3 0x8000a416 (0xbe3f2723) mem 0x80010000 0x00000001
core   0: 0x8000a41a (0x0000bfe5) c.j     pc - 8
core   0: 3 0x8000a41a (0xbfe5)
core   0: 0x8000a412 (0x00006f17) auipc   t5, 0x6
core   0: 3 0x8000a412 (0x00006f17) x30 0x80010412
core   0: 0x8000a416 (0xbe3f2723) sw      gp, -1042(t5)
core   0: 3 0x8000a416 (0xbe3f2723) mem 0x80010000 0x00000001
core   0: 0x8000a41a (0x0000bfe5) c.j     pc - 8
core   0: 3 0x8000a41a (0xbfe5)
core   0: 0x8000a412 (0x00006f17) auipc   t5, 0x6
core   0: 3 0x8000a412 (0x00006f17) x30 0x80010412
core   0: 0x8000a416 (0xbe3f2723) sw      gp, -1042(t5)
core   0: 3 0x8000a416 (0xbe3f2723) mem 0x80010000 0x00000001
core   0: 0x8000a41a (0x0000bfe5) c.j     pc - 8
core   0: 3 0x8000a41a (0xbfe5)
core   0: 0x8000a412 (0x00006f17) auipc   t5, 0x6
core   0: 3 0x8000a412 (0x00006f17) x30 0x80010412
core   0: 0x8000a416 (0xbe3f2723) sw      gp, -1042(t5)
core   0: 3 0x8000a416 (0xbe3f2723) mem 0x80010000 0x00000001
core   0: 0x8000a41a (0x0000bfe5) c.j     pc - 8
core   0: 3 0x8000a41a (0xbfe5)
core   0: 0x8000a412 (0x00006f17) auipc   t5, 0x6
core   0: 3 0x8000a412 (0x00006f17) x30 0x80010412
core   0: 0x8000a416 (0xbe3f2723) sw      gp, -1042(t5)
core   0: 3 0x8000a416 (0xbe3f2723) mem 0x80010000 0x00000001
core   0: 0x8000a41a (0x0000bfe5) c.j     pc - 8
core   0: 3 0x8000a41a (0xbfe5)
core   0: 0x8000a412 (0x00006f17) auipc   t5, 0x6
core   0: 3 0x8000a412 (0x00006f17) x30 0x80010412
core   0: 0x8000a416 (0xbe3f2723) sw      gp, -1042(t5)
core   0: 3 0x8000a416 (0xbe3f2723) mem 0x80010000 0x00000001
core   0: 0x8000a41a (0x0000bfe5) c.j     pc - 8
core   0: 3 0x8000a41a (0xbfe5)
core   0: 0x8000a412 (0x00006f17) auipc   t5, 0x6
core   0: 3 0x8000a412 (0x00006f17) x30 0x80010412
core   0: 0x8000a416 (0xbe3f2723) sw      gp, -1042(t5)
core   0: 3 0x8000a416 (0xbe3f2723) mem 0x80010000 0x00000001
core   0: 0x8000a41a (0x0000bfe5) c.j     pc - 8
core   0: 3 0x8000a41a (0xbfe5)
core   0: 0x8000a412 (0x00006f17) auipc   t5, 0x6
core   0: 3 0x8000a412 (0x00006f17) x30 0x80010412
core   0: 0x8000a416 (0xbe3f2723) sw      gp, -1042(t5)
core   0: 3 0x8000a416 (0xbe3f2723) mem 0x80010000 0x00000001
core   0: 0x8000a41a (0x0000bfe5) c.j     pc - 8
core   0: 3 0x8000a41a (0xbfe5)
core   0: 0x8000a412 (0x00006f17) auipc   t5, 0x6
core   0: 3 0x8000a412 (0x00006f17) x30 0x80010412
core   0: 0x8000a416 (0xbe3f2723) sw      gp, -1042(t5)
core   0: 3 0x8000a416 (0xbe3f2723) mem 0x80010000 0x00000001
core   0: 0x8000a41a (0x0000bfe5) c.j     pc - 8
core   0: 3 0x8000a41a (0xbfe5)
core   0: 0x8000a412 (0x00006f17) auipc   t5, 0x6
core   0: 3 0x8000a412 (0x00006f17) x30 0x80010412
core   0: 0x8000a416 (0xbe3f2723) sw      gp, -1042(t5)
core   0: 3 0x8000a416 (0xbe3f2723) mem 0x80010000 0x00000001
core   0: 0x8000a41a (0x0000bfe5) c.j     pc - 8
core   0: 3 0x8000a41a (0xbfe5)
core   0: 0x8000a412 (0x00006f17) auipc   t5, 0x6
core   0: 3 0x8000a412 (0x00006f17) x30 0x80010412
core   0: 0x8000a416 (0xbe3f2723) sw      gp, -1042(t5)
core   0: 3 0x8000a416 (0xbe3f2723) mem 0x80010000 0x00000001
core   0: 0x8000a41a (0x0000bfe5) c.j     pc - 8
core   0: 3 0x8000a41a (0xbfe5)
core   0: 0x8000a412 (0x00006f17) auipc   t5, 0x6
core   0: 3 0x8000a412 (0x00006f17) x30 0x80010412
core   0: 0x8000a416 (0xbe3f2723) sw      gp, -1042(t5)
core   0: 3 0x8000a416 (0xbe3f2723) mem 0x80010000 0x00000001
core   0: 0x8000a41a (0x0000bfe5) c.j     pc - 8
core   0: 3 0x8000a41a (0xbfe5)
core   0: 0x8000a412 (0x00006f17) auipc   t5, 0x6
core   0: 3 0x8000a412 (0x00006f17) x30 0x80010412
core   0: 0x8000a416 (0xbe3f2723) sw      gp, -1042(t5)
core   0: 3 0x8000a416 (0xbe3f2723) mem 0x80010000 0x00000001
core   0: 0x8000a41a (0x0000bfe5) c.j     pc - 8
core   0: 3 0x8000a41a (0xbfe5)
core   0: 0x8000a412 (0x00006f17) auipc   t5, 0x6
core   0: 3 0x8000a412 (0x00006f17) x30 0x80010412
core   0: 0x8000a416 (0xbe3f2723) sw      gp, -1042(t5)
core   0: 3 0x8000a416 (0xbe3f2723) mem 0x80010000 0x00000001
core   0: 0x8000a41a (0x0000bfe5) c.j     pc - 8
core   0: 3 0x8000a41a (0xbfe5)
core   0: 0x8000a412 (0x00006f17) auipc   t5, 0x6
core   0: 3 0x8000a412 (0x00006f17) x30 0x80010412
core   0: 0x8000a416 (0xbe3f2723) sw      gp, -1042(t5)
core   0: 3 0x8000a416 (0xbe3f2723) mem 0x80010000 0x00000001
core   0: 0x8000a41a (0x0000bfe5) c.j     pc - 8
core   0: 3 0x8000a41a (0xbfe5)
core   0: 0x8000a412 (0x00006f17) auipc   t5, 0x6
core   0: 3 0x8000a412 (0x00006f17) x30 0x80010412
core   0: 0x8000a416 (0xbe3f2723) sw      gp, -1042(t5)
core   0: 3 0x8000a416 (0xbe3f2723) mem 0x80010000 0x00000001
core   0: 0x8000a41a (0x0000bfe5) c.j     pc - 8
core   0: 3 0x8000a41a (0xbfe5)
core   0: 0x8000a412 (0x00006f17) auipc   t5, 0x6
core   0: 3 0x8000a412 (0x00006f17) x30 0x80010412
core   0: 0x8000a416 (0xbe3f2723) sw      gp, -1042(t5)
core   0: 3 0x8000a416 (0xbe3f2723) mem 0x80010000 0x00000001
core   0: 0x8000a41a (0x0000bfe5) c.j     pc - 8
core   0: 3 0x8000a41a (0xbfe5)
core   0: 0x8000a412 (0x00006f17) auipc   t5, 0x6
core   0: 3 0x8000a412 (0x00006f17) x30 0x80010412
core   0: 0x8000a416 (0xbe3f2723) sw      gp, -1042(t5)
core   0: 3 0x8000a416 (0xbe3f2723) mem 0x80010000 0x00000001
core   0: 0x8000a41a (0x0000bfe5) c.j     pc - 8
core   0: 3 0x8000a41a (0xbfe5)
core   0: 0x8000a412 (0x00006f17) auipc   t5, 0x6
core   0: 3 0x8000a412 (0x00006f17) x30 0x80010412
core   0: 0x8000a416 (0xbe3f2723) sw      gp, -1042(t5)
core   0: 3 0x8000a416 (0xbe3f2723) mem 0x80010000 0x00000001
core   0: 0x8000a41a (0x0000bfe5) c.j     pc - 8
core   0: 3 0x8000a41a (0xbfe5)
core   0: 0x8000a412 (0x00006f17) auipc   t5, 0x6
core   0: 3 0x8000a412 (0x00006f17) x30 0x80010412
core   0: 0x8000a416 (0xbe3f2723) sw      gp, -1042(t5)
core   0: 3 0x8000a416 (0xbe3f2723) mem 0x80010000 0x00000001
core   0: 0x8000a41a (0x0000bfe5) c.j     pc - 8
core   0: 3 0x8000a41a (0xbfe5)
core   0: 0x8000a412 (0x00006f17) auipc   t5, 0x6
core   0: 3 0x8000a412 (0x00006f17) x30 0x80010412
core   0: 0x8000a416 (0xbe3f2723) sw      gp, -1042(t5)
core   0: 3 0x8000a416 (0xbe3f2723) mem 0x80010000 0x00000001
core   0: 0x8000a41a (0x0000bfe5) c.j     pc - 8
core   0: 3 0x8000a41a (0xbfe5)
core   0: 0x8000a412 (0x00006f17) auipc   t5, 0x6
core   0: 3 0x8000a412 (0x00006f17) x30 0x80010412
core   0: 0x8000a416 (0xbe3f2723) sw      gp, -1042(t5)
core   0: 3 0x8000a416 (0xbe3f2723) mem 0x80010000 0x00000001
core   0: 0x8000a41a (0x0000bfe5) c.j     pc - 8
core   0: 3 0x8000a41a (0xbfe5)
core   0: 0x8000a412 (0x00006f17) auipc   t5, 0x6
core   0: 3 0x8000a412 (0x00006f17) x30 0x80010412
core   0: 0x8000a416 (0xbe3f2723) sw      gp, -1042(t5)
core   0: 3 0x8000a416 (0xbe3f2723) mem 0x80010000 0x00000001
core   0: 0x8000a41a (0x0000bfe5) c.j     pc - 8
core   0: 3 0x8000a41a (0xbfe5)
core   0: 0x8000a412 (0x00006f17) auipc   t5, 0x6
core   0: 3 0x8000a412 (0x00006f17) x30 0x80010412
core   0: 0x8000a416 (0xbe3f2723) sw      gp, -1042(t5)
core   0: 3 0x8000a416 (0xbe3f2723) mem 0x80010000 0x00000001
core   0: 0x8000a41a (0x0000bfe5) c.j     pc - 8
core   0: 3 0x8000a41a (0xbfe5)
core   0: 0x8000a412 (0x00006f17) auipc   t5, 0x6
core   0: 3 0x8000a412 (0x00006f17) x30 0x80010412
core   0: 0x8000a416 (0xbe3f2723) sw      gp, -1042(t5)
core   0: 3 0x8000a416 (0xbe3f2723) mem 0x80010000 0x00000001
core   0: 0x8000a41a (0x0000bfe5) c.j     pc - 8
core   0: 3 0x8000a41a (0xbfe5)
core   0: 0x8000a412 (0x00006f17) auipc   t5, 0x6
core   0: 3 0x8000a412 (0x00006f17) x30 0x80010412
core   0: 0x8000a416 (0xbe3f2723) sw      gp, -1042(t5)
core   0: 3 0x8000a416 (0xbe3f2723) mem 0x80010000 0x00000001
core   0: 0x8000a41a (0x0000bfe5) c.j     pc - 8
core   0: 3 0x8000a41a (0xbfe5)
core   0: 0x8000a412 (0x00006f17) auipc   t5, 0x6
core   0: 3 0x8000a412 (0x00006f17) x30 0x80010412
core   0: 0x8000a416 (0xbe3f2723) sw      gp, -1042(t5)
core   0: 3 0x8000a416 (0xbe3f2723) mem 0x80010000 0x00000001
core   0: 0x8000a41a (0x0000bfe5) c.j     pc - 8
core   0: 3 0x8000a41a (0xbfe5)
core   0: 0x8000a412 (0x00006f17) auipc   t5, 0x6
core   0: 3 0x8000a412 (0x00006f17) x30 0x80010412
core   0: 0x8000a416 (0xbe3f2723) sw      gp, -1042(t5)
core   0: 3 0x8000a416 (0xbe3f2723) mem 0x80010000 0x00000001
core   0: 0x8000a41a (0x0000bfe5) c.j     pc - 8
core   0: 3 0x8000a41a (0xbfe5)
core   0: 0x8000a412 (0x00006f17) auipc   t5, 0x6
core   0: 3 0x8000a412 (0x00006f17) x30 0x80010412
core   0: 0x8000a416 (0xbe3f2723) sw      gp, -1042(t5)
core   0: 3 0x8000a416 (0xbe3f2723) mem 0x80010000 0x00000001
core   0: 0x8000a41a (0x0000bfe5) c.j     pc - 8
core   0: 3 0x8000a41a (0xbfe5)
core   0: 0x8000a412 (0x00006f17) auipc   t5, 0x6
core   0: 3 0x8000a412 (0x00006f17) x30 0x80010412
core   0: 0x8000a416 (0xbe3f2723) sw      gp, -1042(t5)
core   0: 3 0x8000a416 (0xbe3f2723) mem 0x80010000 0x00000001
core   0: 0x8000a41a (0x0000bfe5) c.j     pc - 8
core   0: 3 0x8000a41a (0xbfe5)
core   0: 0x8000a412 (0x00006f17) auipc   t5, 0x6
core   0: 3 0x8000a412 (0x00006f17) x30 0x80010412
core   0: 0x8000a416 (0xbe3f2723) sw      gp, -1042(t5)
core   0: 3 0x8000a416 (0xbe3f2723) mem 0x80010000 0x00000001
core   0: 0x8000a41a (0x0000bfe5) c.j     pc - 8
core   0: 3 0x8000a41a (0xbfe5)
core   0: 0x8000a412 (0x00006f17) auipc   t5, 0x6
core   0: 3 0x8000a412 (0x00006f17) x30 0x80010412
core   0: 0x8000a416 (0xbe3f2723) sw      gp, -1042(t5)
core   0: 3 0x8000a416 (0xbe3f2723) mem 0x80010000 0x00000001
core   0: 0x8000a41a (0x0000bfe5) c.j     pc - 8
core   0: 3 0x8000a41a (0xbfe5)
core   0: 0x8000a412 (0x00006f17) auipc   t5, 0x6
core   0: 3 0x8000a412 (0x00006f17) x30 0x80010412
core   0: 0x8000a416 (0xbe3f2723) sw      gp, -1042(t5)
core   0: 3 0x8000a416 (0xbe3f2723) mem 0x80010000 0x00000001
core   0: 0x8000a41a (0x0000bfe5) c.j     pc - 8
core   0: 3 0x8000a41a (0xbfe5)
core   0: 0x8000a412 (0x00006f17) auipc   t5, 0x6
core   0: 3 0x8000a412 (0x00006f17) x30 0x80010412
core   0: 0x8000a416 (0xbe3f2723) sw      gp, -1042(t5)
core   0: 3 0x8000a416 (0xbe3f2723) mem 0x80010000 0x00000001
core   0: 0x8000a41a (0x0000bfe5) c.j     pc - 8
core   0: 3 0x8000a41a (0xbfe5)
core   0: 0x8000a412 (0x00006f17) auipc   t5, 0x6
core   0: 3 0x8000a412 (0x00006f17) x30 0x80010412
core   0: 0x8000a416 (0xbe3f2723) sw      gp, -1042(t5)
core   0: 3 0x8000a416 (0xbe3f2723) mem 0x80010000 0x00000001
core   0: 0x8000a41a (0x0000bfe5) c.j     pc - 8
core   0: 3 0x8000a41a (0xbfe5)
core   0: 0x8000a412 (0x00006f17) auipc   t5, 0x6
core   0: 3 0x8000a412 (0x00006f17) x30 0x80010412
core   0: 0x8000a416 (0xbe3f2723) sw      gp, -1042(t5)
core   0: 3 0x8000a416 (0xbe3f2723) mem 0x80010000 0x00000001
core   0: 0x8000a41a (0x0000bfe5) c.j     pc - 8
core   0: 3 0x8000a41a (0xbfe5)
core   0: 0x8000a412 (0x00006f17) auipc   t5, 0x6
core   0: 3 0x8000a412 (0x00006f17) x30 0x80010412
core   0: 0x8000a416 (0xbe3f2723) sw      gp, -1042(t5)
core   0: 3 0x8000a416 (0xbe3f2723) mem 0x80010000 0x00000001
core   0: 0x8000a41a (0x0000bfe5) c.j     pc - 8
core   0: 3 0x8000a41a (0xbfe5)
core   0: 0x8000a412 (0x00006f17) auipc   t5, 0x6
core   0: 3 0x8000a412 (0x00006f17) x30 0x80010412
core   0: 0x8000a416 (0xbe3f2723) sw      gp, -1042(t5)
core   0: 3 0x8000a416 (0xbe3f2723) mem 0x80010000 0x00000001
core   0: 0x8000a41a (0x0000bfe5) c.j     pc - 8
core   0: 3 0x8000a41a (0xbfe5)
core   0: 0x8000a412 (0x00006f17) auipc   t5, 0x6
core   0: 3 0x8000a412 (0x00006f17) x30 0x80010412
core   0: 0x8000a416 (0xbe3f2723) sw      gp, -1042(t5)
core   0: 3 0x8000a416 (0xbe3f2723) mem 0x80010000 0x00000001
core   0: 0x8000a41a (0x0000bfe5) c.j     pc - 8
core   0: 3 0x8000a41a (0xbfe5)
core   0: 0x8000a412 (0x00006f17) auipc   t5, 0x6
core   0: 3 0x8000a412 (0x00006f17) x30 0x80010412
core   0: 0x8000a416 (0xbe3f2723) sw      gp, -1042(t5)
core   0: 3 0x8000a416 (0xbe3f2723) mem 0x80010000 0x00000001
core   0: 0x8000a41a (0x0000bfe5) c.j     pc - 8
core   0: 3 0x8000a41a (0xbfe5)
core   0: 0x8000a412 (0x00006f17) auipc   t5, 0x6
core   0: 3 0x8000a412 (0x00006f17) x30 0x80010412
core   0: 0x8000a416 (0xbe3f2723) sw      gp, -1042(t5)
core   0: 3 0x8000a416 (0xbe3f2723) mem 0x80010000 0x00000001
core   0: 0x8000a41a (0x0000bfe5) c.j     pc - 8
core   0: 3 0x8000a41a (0xbfe5)
core   0: 0x8000a412 (0x00006f17) auipc   t5, 0x6
core   0: 3 0x8000a412 (0x00006f17) x30 0x80010412
core   0: 0x8000a416 (0xbe3f2723) sw      gp, -1042(t5)
core   0: 3 0x8000a416 (0xbe3f2723) mem 0x80010000 0x00000001
core   0: 0x8000a41a (0x0000bfe5) c.j     pc - 8
core   0: 3 0x8000a41a (0xbfe5)
core   0: 0x8000a412 (0x00006f17) auipc   t5, 0x6
core   0: 3 0x8000a412 (0x00006f17) x30 0x80010412
core   0: 0x8000a416 (0xbe3f2723) sw      gp, -1042(t5)
core   0: 3 0x8000a416 (0xbe3f2723) mem 0x80010000 0x00000001
core   0: 0x8000a41a (0x0000bfe5) c.j     pc - 8
core   0: 3 0x8000a41a (0xbfe5)
core   0: 0x8000a412 (0x00006f17) auipc   t5, 0x6
core   0: 3 0x8000a412 (0x00006f17) x30 0x80010412
core   0: 0x8000a416 (0xbe3f2723) sw      gp, -1042(t5)
core   0: 3 0x8000a416 (0xbe3f2723) mem 0x80010000 0x00000001
core   0: 0x8000a41a (0x0000bfe5) c.j     pc - 8
core   0: 3 0x8000a41a (0xbfe5)
core   0: 0x8000a412 (0x00006f17) auipc   t5, 0x6
core   0: 3 0x8000a412 (0x00006f17) x30 0x80010412
core   0: 0x8000a416 (0xbe3f2723) sw      gp, -1042(t5)
core   0: 3 0x8000a416 (0xbe3f2723) mem 0x80010000 0x00000001
core   0: 0x8000a41a (0x0000bfe5) c.j     pc - 8
core   0: 3 0x8000a41a (0xbfe5)
core   0: 0x8000a412 (0x00006f17) auipc   t5, 0x6
core   0: 3 0x8000a412 (0x00006f17) x30 0x80010412
core   0: 0x8000a416 (0xbe3f2723) sw      gp, -1042(t5)
core   0: 3 0x8000a416 (0xbe3f2723) mem 0x80010000 0x00000001
core   0: 0x8000a41a (0x0000bfe5) c.j     pc - 8
core   0: 3 0x8000a41a (0xbfe5)
core   0: 0x8000a412 (0x00006f17) auipc   t5, 0x6
core   0: 3 0x8000a412 (0x00006f17) x30 0x80010412
core   0: 0x8000a416 (0xbe3f2723) sw      gp, -1042(t5)
core   0: 3 0x8000a416 (0xbe3f2723) mem 0x80010000 0x00000001
core   0: 0x8000a41a (0x0000bfe5) c.j     pc - 8
core   0: 3 0x8000a41a (0xbfe5)
core   0: 0x8000a412 (0x00006f17) auipc   t5, 0x6
core   0: 3 0x8000a412 (0x00006f17) x30 0x80010412
core   0: 0x8000a416 (0xbe3f2723) sw      gp, -1042(t5)
core   0: 3 0x8000a416 (0xbe3f2723) mem 0x80010000 0x00000001
core   0: 0x8000a41a (0x0000bfe5) c.j     pc - 8
core   0: 3 0x8000a41a (0xbfe5)
core   0: 0x8000a412 (0x00006f17) auipc   t5, 0x6
core   0: 3 0x8000a412 (0x00006f17) x30 0x80010412
core   0: 0x8000a416 (0xbe3f2723) sw      gp, -1042(t5)
core   0: 3 0x8000a416 (0xbe3f2723) mem 0x80010000 0x00000001
core   0: 0x8000a41a (0x0000bfe5) c.j     pc - 8
core   0: 3 0x8000a41a (0xbfe5)
core   0: 0x8000a412 (0x00006f17) auipc   t5, 0x6
core   0: 3 0x8000a412 (0x00006f17) x30 0x80010412
core   0: 0x8000a416 (0xbe3f2723) sw      gp, -1042(t5)
core   0: 3 0x8000a416 (0xbe3f2723) mem 0x80010000 0x00000001
core   0: 0x8000a41a (0x0000bfe5) c.j     pc - 8
core   0: 3 0x8000a41a (0xbfe5)
core   0: 0x8000a412 (0x00006f17) auipc   t5, 0x6
core   0: 3 0x8000a412 (0x00006f17) x30 0x80010412
core   0: 0x8000a416 (0xbe3f2723) sw      gp, -1042(t5)
core   0: 3 0x8000a416 (0xbe3f2723) mem 0x80010000 0x00000001
core   0: 0x8000a41a (0x0000bfe5) c.j     pc - 8
core   0: 3 0x8000a41a (0xbfe5)
core   0: 0x8000a412 (0x00006f17) auipc   t5, 0x6
core   0: 3 0x8000a412 (0x00006f17) x30 0x80010412
core   0: 0x8000a416 (0xbe3f2723) sw      gp, -1042(t5)
core   0: 3 0x8000a416 (0xbe3f2723) mem 0x80010000 0x00000001
core   0: 0x8000a41a (0x0000bfe5) c.j     pc - 8
core   0: 3 0x8000a41a (0xbfe5)
core   0: 0x8000a412 (0x00006f17) auipc   t5, 0x6
core   0: 3 0x8000a412 (0x00006f17) x30 0x80010412
core   0: 0x8000a416 (0xbe3f2723) sw      gp, -1042(t5)
core   0: 3 0x8000a416 (0xbe3f2723) mem 0x80010000 0x00000001
core   0: 0x8000a41a (0x0000bfe5) c.j     pc - 8
core   0: 3 0x8000a41a (0xbfe5)
core   0: 0x8000a412 (0x00006f17) auipc   t5, 0x6
core   0: 3 0x8000a412 (0x00006f17) x30 0x80010412
core   0: 0x8000a416 (0xbe3f2723) sw      gp, -1042(t5)
core   0: 3 0x8000a416 (0xbe3f2723) mem 0x80010000 0x00000001
core   0: 0x8000a41a (0x0000bfe5) c.j     pc - 8
core   0: 3 0x8000a41a (0xbfe5)
core   0: 0x8000a412 (0x00006f17) auipc   t5, 0x6
core   0: 3 0x8000a412 (0x00006f17) x30 0x80010412
core   0: 0x8000a416 (0xbe3f2723) sw      gp, -1042(t5)
core   0: 3 0x8000a416 (0xbe3f2723) mem 0x80010000 0x00000001
core   0: 0x8000a41a (0x0000bfe5) c.j     pc - 8
core   0: 3 0x8000a41a (0xbfe5)
core   0: 0x8000a412 (0x00006f17) auipc   t5, 0x6
core   0: 3 0x8000a412 (0x00006f17) x30 0x80010412
core   0: 0x8000a416 (0xbe3f2723) sw      gp, -1042(t5)
core   0: 3 0x8000a416 (0xbe3f2723) mem 0x80010000 0x00000001
core   0: 0x8000a41a (0x0000bfe5) c.j     pc - 8
core   0: 3 0x8000a41a (0xbfe5)
core   0: 0x8000a412 (0x00006f17) auipc   t5, 0x6
core   0: 3 0x8000a412 (0x00006f17) x30 0x80010412
core   0: 0x8000a416 (0xbe3f2723) sw      gp, -1042(t5)
core   0: 3 0x8000a416 (0xbe3f2723) mem 0x80010000 0x00000001
core   0: 0x8000a41a (0x0000bfe5) c.j     pc - 8
core   0: 3 0x8000a41a (0xbfe5)
core   0: 0x8000a412 (0x00006f17) auipc   t5, 0x6
core   0: 3 0x8000a412 (0x00006f17) x30 0x80010412
core   0: 0x8000a416 (0xbe3f2723) sw      gp, -1042(t5)
core   0: 3 0x8000a416 (0xbe3f2723) mem 0x80010000 0x00000001
core   0: 0x8000a41a (0x0000bfe5) c.j     pc - 8
core   0: 3 0x8000a41a (0xbfe5)
core   0: 0x8000a412 (0x00006f17) auipc   t5, 0x6
core   0: 3 0x8000a412 (0x00006f17) x30 0x80010412
core   0: 0x8000a416 (0xbe3f2723) sw      gp, -1042(t5)
core   0: 3 0x8000a416 (0xbe3f2723) mem 0x80010000 0x00000001
core   0: 0x8000a41a (0x0000bfe5) c.j     pc - 8
core   0: 3 0x8000a41a (0xbfe5)
core   0: 0x8000a412 (0x00006f17) auipc   t5, 0x6
core   0: 3 0x8000a412 (0x00006f17) x30 0x80010412
core   0: 0x8000a416 (0xbe3f2723) sw      gp, -1042(t5)
core   0: 3 0x8000a416 (0xbe3f2723) mem 0x80010000 0x00000001
core   0: 0x8000a41a (0x0000bfe5) c.j     pc - 8
core   0: 3 0x8000a41a (0xbfe5)
core   0: 0x8000a412 (0x00006f17) auipc   t5, 0x6
core   0: 3 0x8000a412 (0x00006f17) x30 0x80010412
core   0: 0x8000a416 (0xbe3f2723) sw      gp, -1042(t5)
core   0: 3 0x8000a416 (0xbe3f2723) mem 0x80010000 0x00000001
core   0: 0x8000a41a (0x0000bfe5) c.j     pc - 8
core   0: 3 0x8000a41a (0xbfe5)
core   0: 0x8000a412 (0x00006f17) auipc   t5, 0x6
core   0: 3 0x8000a412 (0x00006f17) x30 0x80010412
core   0: 0x8000a416 (0xbe3f2723) sw      gp, -1042(t5)
core   0: 3 0x8000a416 (0xbe3f2723) mem 0x80010000 0x00000001
core   0: 0x8000a41a (0x0000bfe5) c.j     pc - 8
core   0: 3 0x8000a41a (0xbfe5)
core   0: 0x8000a412 (0x00006f17) auipc   t5, 0x6
core   0: 3 0x8000a412 (0x00006f17) x30 0x80010412
core   0: 0x8000a416 (0xbe3f2723) sw      gp, -1042(t5)
core   0: 3 0x8000a416 (0xbe3f2723) mem 0x80010000 0x00000001
core   0: 0x8000a41a (0x0000bfe5) c.j     pc - 8
core   0: 3 0x8000a41a (0xbfe5)
core   0: 0x8000a412 (0x00006f17) auipc   t5, 0x6
core   0: 3 0x8000a412 (0x00006f17) x30 0x80010412
core   0: 0x8000a416 (0xbe3f2723) sw      gp, -1042(t5)
core   0: 3 0x8000a416 (0xbe3f2723) mem 0x80010000 0x00000001
core   0: 0x8000a41a (0x0000bfe5) c.j     pc - 8
core   0: 3 0x8000a41a (0xbfe5)
core   0: 0x8000a412 (0x00006f17) auipc   t5, 0x6
core   0: 3 0x8000a412 (0x00006f17) x30 0x80010412
core   0: 0x8000a416 (0xbe3f2723) sw      gp, -1042(t5)
core   0: 3 0x8000a416 (0xbe3f2723) mem 0x80010000 0x00000001
core   0: 0x8000a41a (0x0000bfe5) c.j     pc - 8
core   0: 3 0x8000a41a (0xbfe5)
core   0: 0x8000a412 (0x00006f17) auipc   t5, 0x6
core   0: 3 0x8000a412 (0x00006f17) x30 0x80010412
core   0: 0x8000a416 (0xbe3f2723) sw      gp, -1042(t5)
core   0: 3 0x8000a416 (0xbe3f2723) mem 0x80010000 0x00000001
core   0: 0x8000a41a (0x0000bfe5) c.j     pc - 8
core   0: 3 0x8000a41a (0xbfe5)
core   0: 0x8000a412 (0x00006f17) auipc   t5, 0x6
core   0: 3 0x8000a412 (0x00006f17) x30 0x80010412
core   0: 0x8000a416 (0xbe3f2723) sw      gp, -1042(t5)
core   0: 3 0x8000a416 (0xbe3f2723) mem 0x80010000 0x00000001
core   0: 0x8000a41a (0x0000bfe5) c.j     pc - 8
core   0: 3 0x8000a41a (0xbfe5)
core   0: 0x8000a412 (0x00006f17) auipc   t5, 0x6
core   0: 3 0x8000a412 (0x00006f17) x30 0x80010412
core   0: 0x8000a416 (0xbe3f2723) sw      gp, -1042(t5)
core   0: 3 0x8000a416 (0xbe3f2723) mem 0x80010000 0x00000001
core   0: 0x8000a41a (0x0000bfe5) c.j     pc - 8
core   0: 3 0x8000a41a (0xbfe5)
core   0: 0x8000a412 (0x00006f17) auipc   t5, 0x6
core   0: 3 0x8000a412 (0x00006f17) x30 0x80010412
core   0: 0x8000a416 (0xbe3f2723) sw      gp, -1042(t5)
core   0: 3 0x8000a416 (0xbe3f2723) mem 0x80010000 0x00000001
core   0: 0x8000a41a (0x0000bfe5) c.j     pc - 8
core   0: 3 0x8000a41a (0xbfe5)
core   0: 0x8000a412 (0x00006f17) auipc   t5, 0x6
core   0: 3 0x8000a412 (0x00006f17) x30 0x80010412
core   0: 0x8000a416 (0xbe3f2723) sw      gp, -1042(t5)
core   0: 3 0x8000a416 (0xbe3f2723) mem 0x80010000 0x00000001
core   0: 0x8000a41a (0x0000bfe5) c.j     pc - 8
core   0: 3 0x8000a41a (0xbfe5)
core   0: 0x8000a412 (0x00006f17) auipc   t5, 0x6
core   0: 3 0x8000a412 (0x00006f17) x30 0x80010412
core   0: 0x8000a416 (0xbe3f2723) sw      gp, -1042(t5)
core   0: 3 0x8000a416 (0xbe3f2723) mem 0x80010000 0x00000001
core   0: 0x8000a41a (0x0000bfe5) c.j     pc - 8
core   0: 3 0x8000a41a (0xbfe5)
core   0: 0x8000a412 (0x00006f17) auipc   t5, 0x6
core   0: 3 0x8000a412 (0x00006f17) x30 0x80010412
core   0: 0x8000a416 (0xbe3f2723) sw      gp, -1042(t5)
core   0: 3 0x8000a416 (0xbe3f2723) mem 0x80010000 0x00000001
core   0: 0x8000a41a (0x0000bfe5) c.j     pc - 8
core   0: 3 0x8000a41a (0xbfe5)
core   0: 0x8000a412 (0x00006f17) auipc   t5, 0x6
core   0: 3 0x8000a412 (0x00006f17) x30 0x80010412
core   0: 0x8000a416 (0xbe3f2723) sw      gp, -1042(t5)
core   0: 3 0x8000a416 (0xbe3f2723) mem 0x80010000 0x00000001
core   0: 0x8000a41a (0x0000bfe5) c.j     pc - 8
core   0: 3 0x8000a41a (0xbfe5)
core   0: 0x8000a412 (0x00006f17) auipc   t5, 0x6
core   0: 3 0x8000a412 (0x00006f17) x30 0x80010412
core   0: 0x8000a416 (0xbe3f2723) sw      gp, -1042(t5)
core   0: 3 0x8000a416 (0xbe3f2723) mem 0x80010000 0x00000001
core   0: 0x8000a41a (0x0000bfe5) c.j     pc - 8
core   0: 3 0x8000a41a (0xbfe5)
core   0: 0x8000a412 (0x00006f17) auipc   t5, 0x6
core   0: 3 0x8000a412 (0x00006f17) x30 0x80010412
core   0: 0x8000a416 (0xbe3f2723) sw      gp, -1042(t5)
core   0: 3 0x8000a416 (0xbe3f2723) mem 0x80010000 0x00000001
core   0: 0x8000a41a (0x0000bfe5) c.j     pc - 8
core   0: 3 0x8000a41a (0xbfe5)
core   0: 0x8000a412 (0x00006f17) auipc   t5, 0x6
core   0: 3 0x8000a412 (0x00006f17) x30 0x80010412
core   0: 0x8000a416 (0xbe3f2723) sw      gp, -1042(t5)
core   0: 3 0x8000a416 (0xbe3f2723) mem 0x80010000 0x00000001
core   0: 0x8000a41a (0x0000bfe5) c.j     pc - 8
core   0: 3 0x8000a41a (0xbfe5)
core   0: 0x8000a412 (0x00006f17) auipc   t5, 0x6
core   0: 3 0x8000a412 (0x00006f17) x30 0x80010412
core   0: 0x8000a416 (0xbe3f2723) sw      gp, -1042(t5)
core   0: 3 0x8000a416 (0xbe3f2723) mem 0x80010000 0x00000001
core   0: 0x8000a41a (0x0000bfe5) c.j     pc - 8
core   0: 3 0x8000a41a (0xbfe5)
core   0: 0x8000a412 (0x00006f17) auipc   t5, 0x6
core   0: 3 0x8000a412 (0x00006f17) x30 0x80010412
core   0: 0x8000a416 (0xbe3f2723) sw      gp, -1042(t5)
core   0: 3 0x8000a416 (0xbe3f2723) mem 0x80010000 0x00000001
core   0: 0x8000a41a (0x0000bfe5) c.j     pc - 8
core   0: 3 0x8000a41a (0xbfe5)
core   0: 0x8000a412 (0x00006f17) auipc   t5, 0x6
core   0: 3 0x8000a412 (0x00006f17) x30 0x80010412
core   0: 0x8000a416 (0xbe3f2723) sw      gp, -1042(t5)
core   0: 3 0x8000a416 (0xbe3f2723) mem 0x80010000 0x00000001
core   0: 0x8000a41a (0x0000bfe5) c.j     pc - 8
core   0: 3 0x8000a41a (0xbfe5)
core   0: 0x8000a412 (0x00006f17) auipc   t5, 0x6
core   0: 3 0x8000a412 (0x00006f17) x30 0x80010412
core   0: 0x8000a416 (0xbe3f2723) sw      gp, -1042(t5)
core   0: 3 0x8000a416 (0xbe3f2723) mem 0x80010000 0x00000001
core   0: 0x8000a41a (0x0000bfe5) c.j     pc - 8
core   0: 3 0x8000a41a (0xbfe5)
core   0: 0x8000a412 (0x00006f17) auipc   t5, 0x6
core   0: 3 0x8000a412 (0x00006f17) x30 0x80010412
core   0: 0x8000a416 (0xbe3f2723) sw      gp, -1042(t5)
core   0: 3 0x8000a416 (0xbe3f2723) mem 0x80010000 0x00000001
core   0: 0x8000a41a (0x0000bfe5) c.j     pc - 8
core   0: 3 0x8000a41a (0xbfe5)
core   0: 0x8000a412 (0x00006f17) auipc   t5, 0x6
core   0: 3 0x8000a412 (0x00006f17) x30 0x80010412
core   0: 0x8000a416 (0xbe3f2723) sw      gp, -1042(t5)
core   0: 3 0x8000a416 (0xbe3f2723) mem 0x80010000 0x00000001
core   0: 0x8000a41a (0x0000bfe5) c.j     pc - 8
core   0: 3 0x8000a41a (0xbfe5)
core   0: 0x8000a412 (0x00006f17) auipc   t5, 0x6
core   0: 3 0x8000a412 (0x00006f17) x30 0x80010412
core   0: 0x8000a416 (0xbe3f2723) sw      gp, -1042(t5)
core   0: 3 0x8000a416 (0xbe3f2723) mem 0x80010000 0x00000001
core   0: 0x8000a41a (0x0000bfe5) c.j     pc - 8
core   0: 3 0x8000a41a (0xbfe5)
core   0: 0x8000a412 (0x00006f17) auipc   t5, 0x6
core   0: 3 0x8000a412 (0x00006f17) x30 0x80010412
core   0: 0x8000a416 (0xbe3f2723) sw      gp, -1042(t5)
core   0: 3 0x8000a416 (0xbe3f2723) mem 0x80010000 0x00000001
core   0: 0x8000a41a (0x0000bfe5) c.j     pc - 8
core   0: 3 0x8000a41a (0xbfe5)
core   0: 0x8000a412 (0x00006f17) auipc   t5, 0x6
core   0: 3 0x8000a412 (0x00006f17) x30 0x80010412
core   0: 0x8000a416 (0xbe3f2723) sw      gp, -1042(t5)
core   0: 3 0x8000a416 (0xbe3f2723) mem 0x80010000 0x00000001
core   0: 0x8000a41a (0x0000bfe5) c.j     pc - 8
core   0: 3 0x8000a41a (0xbfe5)
core   0: 0x8000a412 (0x00006f17) auipc   t5, 0x6
core   0: 3 0x8000a412 (0x00006f17) x30 0x80010412
core   0: 0x8000a416 (0xbe3f2723) sw      gp, -1042(t5)
core   0: 3 0x8000a416 (0xbe3f2723) mem 0x80010000 0x00000001
core   0: 0x8000a41a (0x0000bfe5) c.j     pc - 8
core   0: 3 0x8000a41a (0xbfe5)
core   0: 0x8000a412 (0x00006f17) auipc   t5, 0x6
core   0: 3 0x8000a412 (0x00006f17) x30 0x80010412
core   0: 0x8000a416 (0xbe3f2723) sw      gp, -1042(t5)
core   0: 3 0x8000a416 (0xbe3f2723) mem 0x80010000 0x00000001
core   0: 0x8000a41a (0x0000bfe5) c.j     pc - 8
core   0: 3 0x8000a41a (0xbfe5)
core   0: 0x8000a412 (0x00006f17) auipc   t5, 0x6
core   0: 3 0x8000a412 (0x00006f17) x30 0x80010412
core   0: 0x8000a416 (0xbe3f2723) sw      gp, -1042(t5)
core   0: 3 0x8000a416 (0xbe3f2723) mem 0x80010000 0x00000001
core   0: 0x8000a41a (0x0000bfe5) c.j     pc - 8
core   0: 3 0x8000a41a (0xbfe5)
core   0: 0x8000a412 (0x00006f17) auipc   t5, 0x6
core   0: 3 0x8000a412 (0x00006f17) x30 0x80010412
core   0: 0x8000a416 (0xbe3f2723) sw      gp, -1042(t5)
core   0: 3 0x8000a416 (0xbe3f2723) mem 0x80010000 0x00000001
core   0: 0x8000a41a (0x0000bfe5) c.j     pc - 8
core   0: 3 0x8000a41a (0xbfe5)
core   0: 0x8000a412 (0x00006f17) auipc   t5, 0x6
core   0: 3 0x8000a412 (0x00006f17) x30 0x80010412
core   0: 0x8000a416 (0xbe3f2723) sw      gp, -1042(t5)
core   0: 3 0x8000a416 (0xbe3f2723) mem 0x80010000 0x00000001
core   0: 0x8000a41a (0x0000bfe5) c.j     pc - 8
core   0: 3 0x8000a41a (0xbfe5)
core   0: 0x8000a412 (0x00006f17) auipc   t5, 0x6
core   0: 3 0x8000a412 (0x00006f17) x30 0x80010412
core   0: 0x8000a416 (0xbe3f2723) sw      gp, -1042(t5)
core   0: 3 0x8000a416 (0xbe3f2723) mem 0x80010000 0x00000001
core   0: 0x8000a41a (0x0000bfe5) c.j     pc - 8
core   0: 3 0x8000a41a (0xbfe5)
core   0: 0x8000a412 (0x00006f17) auipc   t5, 0x6
core   0: 3 0x8000a412 (0x00006f17) x30 0x80010412
core   0: 0x8000a416 (0xbe3f2723) sw      gp, -1042(t5)
core   0: 3 0x8000a416 (0xbe3f2723) mem 0x80010000 0x00000001
core   0: 0x8000a41a (0x0000bfe5) c.j     pc - 8
core   0: 3 0x8000a41a (0xbfe5)
core   0: 0x8000a412 (0x00006f17) auipc   t5, 0x6
core   0: 3 0x8000a412 (0x00006f17) x30 0x80010412
core   0: 0x8000a416 (0xbe3f2723) sw      gp, -1042(t5)
core   0: 3 0x8000a416 (0xbe3f2723) mem 0x80010000 0x00000001
core   0: 0x8000a41a (0x0000bfe5) c.j     pc - 8
core   0: 3 0x8000a41a (0xbfe5)
core   0: 0x8000a412 (0x00006f17) auipc   t5, 0x6
core   0: 3 0x8000a412 (0x00006f17) x30 0x80010412
core   0: 0x8000a416 (0xbe3f2723) sw      gp, -1042(t5)
core   0: 3 0x8000a416 (0xbe3f2723) mem 0x80010000 0x00000001
core   0: 0x8000a41a (0x0000bfe5) c.j     pc - 8
core   0: 3 0x8000a41a (0xbfe5)
core   0: 0x8000a412 (0x00006f17) auipc   t5, 0x6
core   0: 3 0x8000a412 (0x00006f17) x30 0x80010412
core   0: 0x8000a416 (0xbe3f2723) sw      gp, -1042(t5)
core   0: 3 0x8000a416 (0xbe3f2723) mem 0x80010000 0x00000001
core   0: 0x8000a41a (0x0000bfe5) c.j     pc - 8
core   0: 3 0x8000a41a (0xbfe5)
core   0: 0x8000a412 (0x00006f17) auipc   t5, 0x6
core   0: 3 0x8000a412 (0x00006f17) x30 0x80010412
core   0: 0x8000a416 (0xbe3f2723) sw      gp, -1042(t5)
core   0: 3 0x8000a416 (0xbe3f2723) mem 0x80010000 0x00000001
core   0: 0x8000a41a (0x0000bfe5) c.j     pc - 8
core   0: 3 0x8000a41a (0xbfe5)
core   0: 0x8000a412 (0x00006f17) auipc   t5, 0x6
core   0: 3 0x8000a412 (0x00006f17) x30 0x80010412
core   0: 0x8000a416 (0xbe3f2723) sw      gp, -1042(t5)
core   0: 3 0x8000a416 (0xbe3f2723) mem 0x80010000 0x00000001
core   0: 0x8000a41a (0x0000bfe5) c.j     pc - 8
core   0: 3 0x8000a41a (0xbfe5)
core   0: 0x8000a412 (0x00006f17) auipc   t5, 0x6
core   0: 3 0x8000a412 (0x00006f17) x30 0x80010412
core   0: 0x8000a416 (0xbe3f2723) sw      gp, -1042(t5)
core   0: 3 0x8000a416 (0xbe3f2723) mem 0x80010000 0x00000001
core   0: 0x8000a41a (0x0000bfe5) c.j     pc - 8
core   0: 3 0x8000a41a (0xbfe5)
core   0: 0x8000a412 (0x00006f17) auipc   t5, 0x6
core   0: 3 0x8000a412 (0x00006f17) x30 0x80010412
core   0: 0x8000a416 (0xbe3f2723) sw      gp, -1042(t5)
core   0: 3 0x8000a416 (0xbe3f2723) mem 0x80010000 0x00000001
core   0: 0x8000a41a (0x0000bfe5) c.j     pc - 8
core   0: 3 0x8000a41a (0xbfe5)
core   0: 0x8000a412 (0x00006f17) auipc   t5, 0x6
core   0: 3 0x8000a412 (0x00006f17) x30 0x80010412
core   0: 0x8000a416 (0xbe3f2723) sw      gp, -1042(t5)
core   0: 3 0x8000a416 (0xbe3f2723) mem 0x80010000 0x00000001
core   0: 0x8000a41a (0x0000bfe5) c.j     pc - 8
core   0: 3 0x8000a41a (0xbfe5)
core   0: 0x8000a412 (0x00006f17) auipc   t5, 0x6
core   0: 3 0x8000a412 (0x00006f17) x30 0x80010412
core   0: 0x8000a416 (0xbe3f2723) sw      gp, -1042(t5)
core   0: 3 0x8000a416 (0xbe3f2723) mem 0x80010000 0x00000001
core   0: 0x8000a41a (0x0000bfe5) c.j     pc - 8
core   0: 3 0x8000a41a (0xbfe5)
core   0: 0x8000a412 (0x00006f17) auipc   t5, 0x6
core   0: 3 0x8000a412 (0x00006f17) x30 0x80010412
core   0: 0x8000a416 (0xbe3f2723) sw      gp, -1042(t5)
core   0: 3 0x8000a416 (0xbe3f2723) mem 0x80010000 0x00000001
core   0: 0x8000a41a (0x0000bfe5) c.j     pc - 8
core   0: 3 0x8000a41a (0xbfe5)
core   0: 0x8000a412 (0x00006f17) auipc   t5, 0x6
core   0: 3 0x8000a412 (0x00006f17) x30 0x80010412
core   0: 0x8000a416 (0xbe3f2723) sw      gp, -1042(t5)
core   0: 3 0x8000a416 (0xbe3f2723) mem 0x80010000 0x00000001
core   0: 0x8000a41a (0x0000bfe5) c.j     pc - 8
core   0: 3 0x8000a41a (0xbfe5)
core   0: 0x8000a412 (0x00006f17) auipc   t5, 0x6
core   0: 3 0x8000a412 (0x00006f17) x30 0x80010412
core   0: 0x8000a416 (0xbe3f2723) sw      gp, -1042(t5)
core   0: 3 0x8000a416 (0xbe3f2723) mem 0x80010000 0x00000001
core   0: 0x8000a41a (0x0000bfe5) c.j     pc - 8
core   0: 3 0x8000a41a (0xbfe5)
core   0: 0x8000a412 (0x00006f17) auipc   t5, 0x6
core   0: 3 0x8000a412 (0x00006f17) x30 0x80010412
core   0: 0x8000a416 (0xbe3f2723) sw      gp, -1042(t5)
core   0: 3 0x8000a416 (0xbe3f2723) mem 0x80010000 0x00000001
core   0: 0x8000a41a (0x0000bfe5) c.j     pc - 8
core   0: 3 0x8000a41a (0xbfe5)
core   0: 0x8000a412 (0x00006f17) auipc   t5, 0x6
core   0: 3 0x8000a412 (0x00006f17) x30 0x80010412
core   0: 0x8000a416 (0xbe3f2723) sw      gp, -1042(t5)
core   0: 3 0x8000a416 (0xbe3f2723) mem 0x80010000 0x00000001
core   0: 0x8000a41a (0x0000bfe5) c.j     pc - 8
core   0: 3 0x8000a41a (0xbfe5)
core   0: 0x8000a412 (0x00006f17) auipc   t5, 0x6
core   0: 3 0x8000a412 (0x00006f17) x30 0x80010412
core   0: 0x8000a416 (0xbe3f2723) sw      gp, -1042(t5)
core   0: 3 0x8000a416 (0xbe3f2723) mem 0x80010000 0x00000001
core   0: 0x8000a41a (0x0000bfe5) c.j     pc - 8
core   0: 3 0x8000a41a (0xbfe5)
core   0: 0x8000a412 (0x00006f17) auipc   t5, 0x6
core   0: 3 0x8000a412 (0x00006f17) x30 0x80010412
core   0: 0x8000a416 (0xbe3f2723) sw      gp, -1042(t5)
core   0: 3 0x8000a416 (0xbe3f2723) mem 0x80010000 0x00000001
core   0: 0x8000a41a (0x0000bfe5) c.j     pc - 8
core   0: 3 0x8000a41a (0xbfe5)
core   0: 0x8000a412 (0x00006f17) auipc   t5, 0x6
core   0: 3 0x8000a412 (0x00006f17) x30 0x80010412
core   0: 0x8000a416 (0xbe3f2723) sw      gp, -1042(t5)
core   0: 3 0x8000a416 (0xbe3f2723) mem 0x80010000 0x00000001
core   0: 0x8000a41a (0x0000bfe5) c.j     pc - 8
core   0: 3 0x8000a41a (0xbfe5)
core   0: 0x8000a412 (0x00006f17) auipc   t5, 0x6
core   0: 3 0x8000a412 (0x00006f17) x30 0x80010412
core   0: 0x8000a416 (0xbe3f2723) sw      gp, -1042(t5)
core   0: 3 0x8000a416 (0xbe3f2723) mem 0x80010000 0x00000001
core   0: 0x8000a41a (0x0000bfe5) c.j     pc - 8
core   0: 3 0x8000a41a (0xbfe5)
core   0: 0x8000a412 (0x00006f17) auipc   t5, 0x6
core   0: 3 0x8000a412 (0x00006f17) x30 0x80010412
core   0: 0x8000a416 (0xbe3f2723) sw      gp, -1042(t5)
core   0: 3 0x8000a416 (0xbe3f2723) mem 0x80010000 0x00000001
core   0: 0x8000a41a (0x0000bfe5) c.j     pc - 8
core   0: 3 0x8000a41a (0xbfe5)
core   0: 0x8000a412 (0x00006f17) auipc   t5, 0x6
core   0: 3 0x8000a412 (0x00006f17) x30 0x80010412
core   0: 0x8000a416 (0xbe3f2723) sw      gp, -1042(t5)
core   0: 3 0x8000a416 (0xbe3f2723) mem 0x80010000 0x00000001
core   0: 0x8000a41a (0x0000bfe5) c.j     pc - 8
core   0: 3 0x8000a41a (0xbfe5)
core   0: 0x8000a412 (0x00006f17) auipc   t5, 0x6
core   0: 3 0x8000a412 (0x00006f17) x30 0x80010412
core   0: 0x8000a416 (0xbe3f2723) sw      gp, -1042(t5)
core   0: 3 0x8000a416 (0xbe3f2723) mem 0x80010000 0x00000001
core   0: 0x8000a41a (0x0000bfe5) c.j     pc - 8
core   0: 3 0x8000a41a (0xbfe5)
core   0: 0x8000a412 (0x00006f17) auipc   t5, 0x6
core   0: 3 0x8000a412 (0x00006f17) x30 0x80010412
core   0: 0x8000a416 (0xbe3f2723) sw      gp, -1042(t5)
core   0: 3 0x8000a416 (0xbe3f2723) mem 0x80010000 0x00000001
core   0: 0x8000a41a (0x0000bfe5) c.j     pc - 8
core   0: 3 0x8000a41a (0xbfe5)
core   0: 0x8000a412 (0x00006f17) auipc   t5, 0x6
core   0: 3 0x8000a412 (0x00006f17) x30 0x80010412
core   0: 0x8000a416 (0xbe3f2723) sw      gp, -1042(t5)
core   0: 3 0x8000a416 (0xbe3f2723) mem 0x80010000 0x00000001
core   0: 0x8000a41a (0x0000bfe5) c.j     pc - 8
core   0: 3 0x8000a41a (0xbfe5)
core   0: 0x8000a412 (0x00006f17) auipc   t5, 0x6
core   0: 3 0x8000a412 (0x00006f17) x30 0x80010412
core   0: 0x8000a416 (0xbe3f2723) sw      gp, -1042(t5)
core   0: 3 0x8000a416 (0xbe3f2723) mem 0x80010000 0x00000001
core   0: 0x8000a41a (0x0000bfe5) c.j     pc - 8
core   0: 3 0x8000a41a (0xbfe5)
core   0: 0x8000a412 (0x00006f17) auipc   t5, 0x6
core   0: 3 0x8000a412 (0x00006f17) x30 0x80010412
core   0: 0x8000a416 (0xbe3f2723) sw      gp, -1042(t5)
core   0: 3 0x8000a416 (0xbe3f2723) mem 0x80010000 0x00000001
core   0: 0x8000a41a (0x0000bfe5) c.j     pc - 8
core   0: 3 0x8000a41a (0xbfe5)
core   0: 0x8000a412 (0x00006f17) auipc   t5, 0x6
core   0: 3 0x8000a412 (0x00006f17) x30 0x80010412
core   0: 0x8000a416 (0xbe3f2723) sw      gp, -1042(t5)
core   0: 3 0x8000a416 (0xbe3f2723) mem 0x80010000 0x00000001
core   0: 0x8000a41a (0x0000bfe5) c.j     pc - 8
core   0: 3 0x8000a41a (0xbfe5)
core   0: 0x8000a412 (0x00006f17) auipc   t5, 0x6
core   0: 3 0x8000a412 (0x00006f17) x30 0x80010412
core   0: 0x8000a416 (0xbe3f2723) sw      gp, -1042(t5)
core   0: 3 0x8000a416 (0xbe3f2723) mem 0x80010000 0x00000001
core   0: 0x8000a41a (0x0000bfe5) c.j     pc - 8
core   0: 3 0x8000a41a (0xbfe5)
core   0: 0x8000a412 (0x00006f17) auipc   t5, 0x6
core   0: 3 0x8000a412 (0x00006f17) x30 0x80010412
core   0: 0x8000a416 (0xbe3f2723) sw      gp, -1042(t5)
core   0: 3 0x8000a416 (0xbe3f2723) mem 0x80010000 0x00000001
core   0: 0x8000a41a (0x0000bfe5) c.j     pc - 8
core   0: 3 0x8000a41a (0xbfe5)
core   0: 0x8000a412 (0x00006f17) auipc   t5, 0x6
core   0: 3 0x8000a412 (0x00006f17) x30 0x80010412
core   0: 0x8000a416 (0xbe3f2723) sw      gp, -1042(t5)
core   0: 3 0x8000a416 (0xbe3f2723) mem 0x80010000 0x00000001
core   0: 0x8000a41a (0x0000bfe5) c.j     pc - 8
core   0: 3 0x8000a41a (0xbfe5)
core   0: 0x8000a412 (0x00006f17) auipc   t5, 0x6
core   0: 3 0x8000a412 (0x00006f17) x30 0x80010412
core   0: 0x8000a416 (0xbe3f2723) sw      gp, -1042(t5)
core   0: 3 0x8000a416 (0xbe3f2723) mem 0x80010000 0x00000001
core   0: 0x8000a41a (0x0000bfe5) c.j     pc - 8
core   0: 3 0x8000a41a (0xbfe5)
core   0: 0x8000a412 (0x00006f17) auipc   t5, 0x6
core   0: 3 0x8000a412 (0x00006f17) x30 0x80010412
core   0: 0x8000a416 (0xbe3f2723) sw      gp, -1042(t5)
core   0: 3 0x8000a416 (0xbe3f2723) mem 0x80010000 0x00000001
core   0: 0x8000a41a (0x0000bfe5) c.j     pc - 8
core   0: 3 0x8000a41a (0xbfe5)
core   0: 0x8000a412 (0x00006f17) auipc   t5, 0x6
core   0: 3 0x8000a412 (0x00006f17) x30 0x80010412
core   0: 0x8000a416 (0xbe3f2723) sw      gp, -1042(t5)
core   0: 3 0x8000a416 (0xbe3f2723) mem 0x80010000 0x00000001
core   0: 0x8000a41a (0x0000bfe5) c.j     pc - 8
core   0: 3 0x8000a41a (0xbfe5)
core   0: 0x8000a412 (0x00006f17) auipc   t5, 0x6
core   0: 3 0x8000a412 (0x00006f17) x30 0x80010412
core   0: 0x8000a416 (0xbe3f2723) sw      gp, -1042(t5)
core   0: 3 0x8000a416 (0xbe3f2723) mem 0x80010000 0x00000001
core   0: 0x8000a41a (0x0000bfe5) c.j     pc - 8
core   0: 3 0x8000a41a (0xbfe5)
core   0: 0x8000a412 (0x00006f17) auipc   t5, 0x6
core   0: 3 0x8000a412 (0x00006f17) x30 0x80010412
core   0: 0x8000a416 (0xbe3f2723) sw      gp, -1042(t5)
core   0: 3 0x8000a416 (0xbe3f2723) mem 0x80010000 0x00000001
core   0: 0x8000a41a (0x0000bfe5) c.j     pc - 8
core   0: 3 0x8000a41a (0xbfe5)
core   0: 0x8000a412 (0x00006f17) auipc   t5, 0x6
core   0: 3 0x8000a412 (0x00006f17) x30 0x80010412
core   0: 0x8000a416 (0xbe3f2723) sw      gp, -1042(t5)
core   0: 3 0x8000a416 (0xbe3f2723) mem 0x80010000 0x00000001
core   0: 0x8000a41a (0x0000bfe5) c.j     pc - 8
core   0: 3 0x8000a41a (0xbfe5)
core   0: 0x8000a412 (0x00006f17) auipc   t5, 0x6
core   0: 3 0x8000a412 (0x00006f17) x30 0x80010412
core   0: 0x8000a416 (0xbe3f2723) sw      gp, -1042(t5)
core   0: 3 0x8000a416 (0xbe3f2723) mem 0x80010000 0x00000001
core   0: 0x8000a41a (0x0000bfe5) c.j     pc - 8
core   0: 3 0x8000a41a (0xbfe5)
core   0: 0x8000a412 (0x00006f17) auipc   t5, 0x6
core   0: 3 0x8000a412 (0x00006f17) x30 0x80010412
core   0: 0x8000a416 (0xbe3f2723) sw      gp, -1042(t5)
core   0: 3 0x8000a416 (0xbe3f2723) mem 0x80010000 0x00000001
core   0: 0x8000a41a (0x0000bfe5) c.j     pc - 8
core   0: 3 0x8000a41a (0xbfe5)
core   0: 0x8000a412 (0x00006f17) auipc   t5, 0x6
core   0: 3 0x8000a412 (0x00006f17) x30 0x80010412
core   0: 0x8000a416 (0xbe3f2723) sw      gp, -1042(t5)
core   0: 3 0x8000a416 (0xbe3f2723) mem 0x80010000 0x00000001
core   0: 0x8000a41a (0x0000bfe5) c.j     pc - 8
core   0: 3 0x8000a41a (0xbfe5)
core   0: 0x8000a412 (0x00006f17) auipc   t5, 0x6
core   0: 3 0x8000a412 (0x00006f17) x30 0x80010412
core   0: 0x8000a416 (0xbe3f2723) sw      gp, -1042(t5)
core   0: 3 0x8000a416 (0xbe3f2723) mem 0x80010000 0x00000001
core   0: 0x8000a41a (0x0000bfe5) c.j     pc - 8
core   0: 3 0x8000a41a (0xbfe5)
core   0: 0x8000a412 (0x00006f17) auipc   t5, 0x6
core   0: 3 0x8000a412 (0x00006f17) x30 0x80010412
core   0: 0x8000a416 (0xbe3f2723) sw      gp, -1042(t5)
core   0: 3 0x8000a416 (0xbe3f2723) mem 0x80010000 0x00000001
core   0: 0x8000a41a (0x0000bfe5) c.j     pc - 8
core   0: 3 0x8000a41a (0xbfe5)
core   0: 0x8000a412 (0x00006f17) auipc   t5, 0x6
core   0: 3 0x8000a412 (0x00006f17) x30 0x80010412
core   0: 0x8000a416 (0xbe3f2723) sw      gp, -1042(t5)
core   0: 3 0x8000a416 (0xbe3f2723) mem 0x80010000 0x00000001
core   0: 0x8000a41a (0x0000bfe5) c.j     pc - 8
core   0: 3 0x8000a41a (0xbfe5)
core   0: 0x8000a412 (0x00006f17) auipc   t5, 0x6
core   0: 3 0x8000a412 (0x00006f17) x30 0x80010412
core   0: 0x8000a416 (0xbe3f2723) sw      gp, -1042(t5)
core   0: 3 0x8000a416 (0xbe3f2723) mem 0x80010000 0x00000001
core   0: 0x8000a41a (0x0000bfe5) c.j     pc - 8
core   0: 3 0x8000a41a (0xbfe5)
core   0: 0x8000a412 (0x00006f17) auipc   t5, 0x6
core   0: 3 0x8000a412 (0x00006f17) x30 0x80010412
core   0: 0x8000a416 (0xbe3f2723) sw      gp, -1042(t5)
core   0: 3 0x8000a416 (0xbe3f2723) mem 0x80010000 0x00000001
core   0: 0x8000a41a (0x0000bfe5) c.j     pc - 8
core   0: 3 0x8000a41a (0xbfe5)
core   0: 0x8000a412 (0x00006f17) auipc   t5, 0x6
core   0: 3 0x8000a412 (0x00006f17) x30 0x80010412
core   0: 0x8000a416 (0xbe3f2723) sw      gp, -1042(t5)
core   0: 3 0x8000a416 (0xbe3f2723) mem 0x80010000 0x00000001
core   0: 0x8000a41a (0x0000bfe5) c.j     pc - 8
core   0: 3 0x8000a41a (0xbfe5)
core   0: 0x8000a412 (0x00006f17) auipc   t5, 0x6
core   0: 3 0x8000a412 (0x00006f17) x30 0x80010412
core   0: 0x8000a416 (0xbe3f2723) sw      gp, -1042(t5)
core   0: 3 0x8000a416 (0xbe3f2723) mem 0x80010000 0x00000001
core   0: 0x8000a41a (0x0000bfe5) c.j     pc - 8
core   0: 3 0x8000a41a (0xbfe5)
core   0: 0x8000a412 (0x00006f17) auipc   t5, 0x6
core   0: 3 0x8000a412 (0x00006f17) x30 0x80010412
core   0: 0x8000a416 (0xbe3f2723) sw      gp, -1042(t5)
core   0: 3 0x8000a416 (0xbe3f2723) mem 0x80010000 0x00000001
core   0: 0x8000a41a (0x0000bfe5) c.j     pc - 8
core   0: 3 0x8000a41a (0xbfe5)
core   0: 0x8000a412 (0x00006f17) auipc   t5, 0x6
core   0: 3 0x8000a412 (0x00006f17) x30 0x80010412
core   0: 0x8000a416 (0xbe3f2723) sw      gp, -1042(t5)
core   0: 3 0x8000a416 (0xbe3f2723) mem 0x80010000 0x00000001
core   0: 0x8000a41a (0x0000bfe5) c.j     pc - 8
core   0: 3 0x8000a41a (0xbfe5)
core   0: 0x8000a412 (0x00006f17) auipc   t5, 0x6
core   0: 3 0x8000a412 (0x00006f17) x30 0x80010412
core   0: 0x8000a416 (0xbe3f2723) sw      gp, -1042(t5)
core   0: 3 0x8000a416 (0xbe3f2723) mem 0x80010000 0x00000001
core   0: 0x8000a41a (0x0000bfe5) c.j     pc - 8
core   0: 3 0x8000a41a (0xbfe5)
core   0: 0x8000a412 (0x00006f17) auipc   t5, 0x6
core   0: 3 0x8000a412 (0x00006f17) x30 0x80010412
core   0: 0x8000a416 (0xbe3f2723) sw      gp, -1042(t5)
core   0: 3 0x8000a416 (0xbe3f2723) mem 0x80010000 0x00000001
core   0: 0x8000a41a (0x0000bfe5) c.j     pc - 8
core   0: 3 0x8000a41a (0xbfe5)
core   0: 0x8000a412 (0x00006f17) auipc   t5, 0x6
core   0: 3 0x8000a412 (0x00006f17) x30 0x80010412
core   0: 0x8000a416 (0xbe3f2723) sw      gp, -1042(t5)
core   0: 3 0x8000a416 (0xbe3f2723) mem 0x80010000 0x00000001
core   0: 0x8000a41a (0x0000bfe5) c.j     pc - 8
core   0: 3 0x8000a41a (0xbfe5)
core   0: 0x8000a412 (0x00006f17) auipc   t5, 0x6
core   0: 3 0x8000a412 (0x00006f17) x30 0x80010412
core   0: 0x8000a416 (0xbe3f2723) sw      gp, -1042(t5)
core   0: 3 0x8000a416 (0xbe3f2723) mem 0x80010000 0x00000001
core   0: 0x8000a41a (0x0000bfe5) c.j     pc - 8
core   0: 3 0x8000a41a (0xbfe5)
core   0: 0x8000a412 (0x00006f17) auipc   t5, 0x6
core   0: 3 0x8000a412 (0x00006f17) x30 0x80010412
core   0: 0x8000a416 (0xbe3f2723) sw      gp, -1042(t5)
core   0: 3 0x8000a416 (0xbe3f2723) mem 0x80010000 0x00000001
core   0: 0x8000a41a (0x0000bfe5) c.j     pc - 8
core   0: 3 0x8000a41a (0xbfe5)
core   0: 0x8000a412 (0x00006f17) auipc   t5, 0x6
core   0: 3 0x8000a412 (0x00006f17) x30 0x80010412
core   0: 0x8000a416 (0xbe3f2723) sw      gp, -1042(t5)
core   0: 3 0x8000a416 (0xbe3f2723) mem 0x80010000 0x00000001
core   0: 0x8000a41a (0x0000bfe5) c.j     pc - 8
core   0: 3 0x8000a41a (0xbfe5)
core   0: 0x8000a412 (0x00006f17) auipc   t5, 0x6
core   0: 3 0x8000a412 (0x00006f17) x30 0x80010412
core   0: 0x8000a416 (0xbe3f2723) sw      gp, -1042(t5)
core   0: 3 0x8000a416 (0xbe3f2723) mem 0x80010000 0x00000001
core   0: 0x8000a41a (0x0000bfe5) c.j     pc - 8
core   0: 3 0x8000a41a (0xbfe5)
core   0: 0x8000a412 (0x00006f17) auipc   t5, 0x6
core   0: 3 0x8000a412 (0x00006f17) x30 0x80010412
core   0: 0x8000a416 (0xbe3f2723) sw      gp, -1042(t5)
core   0: 3 0x8000a416 (0xbe3f2723) mem 0x80010000 0x00000001
core   0: 0x8000a41a (0x0000bfe5) c.j     pc - 8
core   0: 3 0x8000a41a (0xbfe5)
core   0: 0x8000a412 (0x00006f17) auipc   t5, 0x6
core   0: 3 0x8000a412 (0x00006f17) x30 0x80010412
core   0: 0x8000a416 (0xbe3f2723) sw      gp, -1042(t5)
core   0: 3 0x8000a416 (0xbe3f2723) mem 0x80010000 0x00000001
core   0: 0x8000a41a (0x0000bfe5) c.j     pc - 8
core   0: 3 0x8000a41a (0xbfe5)
core   0: 0x8000a412 (0x00006f17) auipc   t5, 0x6
core   0: 3 0x8000a412 (0x00006f17) x30 0x80010412
core   0: 0x8000a416 (0xbe3f2723) sw      gp, -1042(t5)
core   0: 3 0x8000a416 (0xbe3f2723) mem 0x80010000 0x00000001
core   0: 0x8000a41a (0x0000bfe5) c.j     pc - 8
core   0: 3 0x8000a41a (0xbfe5)
core   0: 0x8000a412 (0x00006f17) auipc   t5, 0x6
core   0: 3 0x8000a412 (0x00006f17) x30 0x80010412
core   0: 0x8000a416 (0xbe3f2723) sw      gp, -1042(t5)
core   0: 3 0x8000a416 (0xbe3f2723) mem 0x80010000 0x00000001
core   0: 0x8000a41a (0x0000bfe5) c.j     pc - 8
core   0: 3 0x8000a41a (0xbfe5)
core   0: 0x8000a412 (0x00006f17) auipc   t5, 0x6
core   0: 3 0x8000a412 (0x00006f17) x30 0x80010412
core   0: 0x8000a416 (0xbe3f2723) sw      gp, -1042(t5)
core   0: 3 0x8000a416 (0xbe3f2723) mem 0x80010000 0x00000001
core   0: 0x8000a41a (0x0000bfe5) c.j     pc - 8
core   0: 3 0x8000a41a (0xbfe5)
core   0: 0x8000a412 (0x00006f17) auipc   t5, 0x6
core   0: 3 0x8000a412 (0x00006f17) x30 0x80010412
core   0: 0x8000a416 (0xbe3f2723) sw      gp, -1042(t5)
core   0: 3 0x8000a416 (0xbe3f2723) mem 0x80010000 0x00000001
core   0: 0x8000a41a (0x0000bfe5) c.j     pc - 8
core   0: 3 0x8000a41a (0xbfe5)
core   0: 0x8000a412 (0x00006f17) auipc   t5, 0x6
core   0: 3 0x8000a412 (0x00006f17) x30 0x80010412
core   0: 0x8000a416 (0xbe3f2723) sw      gp, -1042(t5)
core   0: 3 0x8000a416 (0xbe3f2723) mem 0x80010000 0x00000001
core   0: 0x8000a41a (0x0000bfe5) c.j     pc - 8
core   0: 3 0x8000a41a (0xbfe5)
core   0: 0x8000a412 (0x00006f17) auipc   t5, 0x6
core   0: 3 0x8000a412 (0x00006f17) x30 0x80010412
core   0: 0x8000a416 (0xbe3f2723) sw      gp, -1042(t5)
core   0: 3 0x8000a416 (0xbe3f2723) mem 0x80010000 0x00000001
core   0: 0x8000a41a (0x0000bfe5) c.j     pc - 8
core   0: 3 0x8000a41a (0xbfe5)
core   0: 0x8000a412 (0x00006f17) auipc   t5, 0x6
core   0: 3 0x8000a412 (0x00006f17) x30 0x80010412
core   0: 0x8000a416 (0xbe3f2723) sw      gp, -1042(t5)
core   0: 3 0x8000a416 (0xbe3f2723) mem 0x80010000 0x00000001
core   0: 0x8000a41a (0x0000bfe5) c.j     pc - 8
core   0: 3 0x8000a41a (0xbfe5)
core   0: 0x8000a412 (0x00006f17) auipc   t5, 0x6
core   0: 3 0x8000a412 (0x00006f17) x30 0x80010412
core   0: 0x8000a416 (0xbe3f2723) sw      gp, -1042(t5)
core   0: 3 0x8000a416 (0xbe3f2723) mem 0x80010000 0x00000001
core   0: 0x8000a41a (0x0000bfe5) c.j     pc - 8
core   0: 3 0x8000a41a (0xbfe5)
core   0: 0x8000a412 (0x00006f17) auipc   t5, 0x6
core   0: 3 0x8000a412 (0x00006f17) x30 0x80010412
core   0: 0x8000a416 (0xbe3f2723) sw      gp, -1042(t5)
core   0: 3 0x8000a416 (0xbe3f2723) mem 0x80010000 0x00000001
core   0: 0x8000a41a (0x0000bfe5) c.j     pc - 8
core   0: 3 0x8000a41a (0xbfe5)
core   0: 0x8000a412 (0x00006f17) auipc   t5, 0x6
core   0: 3 0x8000a412 (0x00006f17) x30 0x80010412
core   0: 0x8000a416 (0xbe3f2723) sw      gp, -1042(t5)
core   0: 3 0x8000a416 (0xbe3f2723) mem 0x80010000 0x00000001
core   0: 0x8000a41a (0x0000bfe5) c.j     pc - 8
core   0: 3 0x8000a41a (0xbfe5)
core   0: 0x8000a412 (0x00006f17) auipc   t5, 0x6
core   0: 3 0x8000a412 (0x00006f17) x30 0x80010412
core   0: 0x8000a416 (0xbe3f2723) sw      gp, -1042(t5)
core   0: 3 0x8000a416 (0xbe3f2723) mem 0x80010000 0x00000001
core   0: 0x8000a41a (0x0000bfe5) c.j     pc - 8
core   0: 3 0x8000a41a (0xbfe5)
core   0: 0x8000a412 (0x00006f17) auipc   t5, 0x6
core   0: 3 0x8000a412 (0x00006f17) x30 0x80010412
core   0: 0x8000a416 (0xbe3f2723) sw      gp, -1042(t5)
core   0: 3 0x8000a416 (0xbe3f2723) mem 0x80010000 0x00000001
core   0: 0x8000a41a (0x0000bfe5) c.j     pc - 8
core   0: 3 0x8000a41a (0xbfe5)
core   0: 0x8000a412 (0x00006f17) auipc   t5, 0x6
core   0: 3 0x8000a412 (0x00006f17) x30 0x80010412
core   0: 0x8000a416 (0xbe3f2723) sw      gp, -1042(t5)
core   0: 3 0x8000a416 (0xbe3f2723) mem 0x80010000 0x00000001
core   0: 0x8000a41a (0x0000bfe5) c.j     pc - 8
core   0: 3 0x8000a41a (0xbfe5)
core   0: 0x8000a412 (0x00006f17) auipc   t5, 0x6
core   0: 3 0x8000a412 (0x00006f17) x30 0x80010412
core   0: 0x8000a416 (0xbe3f2723) sw      gp, -1042(t5)
core   0: 3 0x8000a416 (0xbe3f2723) mem 0x80010000 0x00000001
core   0: 0x8000a41a (0x0000bfe5) c.j     pc - 8
core   0: 3 0x8000a41a (0xbfe5)
core   0: 0x8000a412 (0x00006f17) auipc   t5, 0x6
core   0: 3 0x8000a412 (0x00006f17) x30 0x80010412
core   0: 0x8000a416 (0xbe3f2723) sw      gp, -1042(t5)
core   0: 3 0x8000a416 (0xbe3f2723) mem 0x80010000 0x00000001
core   0: 0x8000a41a (0x0000bfe5) c.j     pc - 8
core   0: 3 0x8000a41a (0xbfe5)
core   0: 0x8000a412 (0x00006f17) auipc   t5, 0x6
core   0: 3 0x8000a412 (0x00006f17) x30 0x80010412
core   0: 0x8000a416 (0xbe3f2723) sw      gp, -1042(t5)
core   0: 3 0x8000a416 (0xbe3f2723) mem 0x80010000 0x00000001
core   0: 0x8000a41a (0x0000bfe5) c.j     pc - 8
core   0: 3 0x8000a41a (0xbfe5)
core   0: 0x8000a412 (0x00006f17) auipc   t5, 0x6
core   0: 3 0x8000a412 (0x00006f17) x30 0x80010412
core   0: 0x8000a416 (0xbe3f2723) sw      gp, -1042(t5)
core   0: 3 0x8000a416 (0xbe3f2723) mem 0x80010000 0x00000001
core   0: 0x8000a41a (0x0000bfe5) c.j     pc - 8
core   0: 3 0x8000a41a (0xbfe5)
core   0: 0x8000a412 (0x00006f17) auipc   t5, 0x6
core   0: 3 0x8000a412 (0x00006f17) x30 0x80010412
core   0: 0x8000a416 (0xbe3f2723) sw      gp, -1042(t5)
core   0: 3 0x8000a416 (0xbe3f2723) mem 0x80010000 0x00000001
core   0: 0x8000a41a (0x0000bfe5) c.j     pc - 8
core   0: 3 0x8000a41a (0xbfe5)
core   0: 0x8000a412 (0x00006f17) auipc   t5, 0x6
core   0: 3 0x8000a412 (0x00006f17) x30 0x80010412
core   0: 0x8000a416 (0xbe3f2723) sw      gp, -1042(t5)
core   0: 3 0x8000a416 (0xbe3f2723) mem 0x80010000 0x00000001
core   0: 0x8000a41a (0x0000bfe5) c.j     pc - 8
core   0: 3 0x8000a41a (0xbfe5)
core   0: 0x8000a412 (0x00006f17) auipc   t5, 0x6
core   0: 3 0x8000a412 (0x00006f17) x30 0x80010412
core   0: 0x8000a416 (0xbe3f2723) sw      gp, -1042(t5)
core   0: 3 0x8000a416 (0xbe3f2723) mem 0x80010000 0x00000001
core   0: 0x8000a41a (0x0000bfe5) c.j     pc - 8
core   0: 3 0x8000a41a (0xbfe5)
core   0: 0x8000a412 (0x00006f17) auipc   t5, 0x6
core   0: 3 0x8000a412 (0x00006f17) x30 0x80010412
core   0: 0x8000a416 (0xbe3f2723) sw      gp, -1042(t5)
core   0: 3 0x8000a416 (0xbe3f2723) mem 0x80010000 0x00000001
core   0: 0x8000a41a (0x0000bfe5) c.j     pc - 8
core   0: 3 0x8000a41a (0xbfe5)
core   0: 0x8000a412 (0x00006f17) auipc   t5, 0x6
core   0: 3 0x8000a412 (0x00006f17) x30 0x80010412
core   0: 0x8000a416 (0xbe3f2723) sw      gp, -1042(t5)
core   0: 3 0x8000a416 (0xbe3f2723) mem 0x80010000 0x00000001
core   0: 0x8000a41a (0x0000bfe5) c.j     pc - 8
core   0: 3 0x8000a41a (0xbfe5)
core   0: 0x8000a412 (0x00006f17) auipc   t5, 0x6
core   0: 3 0x8000a412 (0x00006f17) x30 0x80010412
core   0: 0x8000a416 (0xbe3f2723) sw      gp, -1042(t5)
core   0: 3 0x8000a416 (0xbe3f2723) mem 0x80010000 0x00000001
core   0: 0x8000a41a (0x0000bfe5) c.j     pc - 8
core   0: 3 0x8000a41a (0xbfe5)
core   0: 0x8000a412 (0x00006f17) auipc   t5, 0x6
core   0: 3 0x8000a412 (0x00006f17) x30 0x80010412
core   0: 0x8000a416 (0xbe3f2723) sw      gp, -1042(t5)
core   0: 3 0x8000a416 (0xbe3f2723) mem 0x80010000 0x00000001
core   0: 0x8000a41a (0x0000bfe5) c.j     pc - 8
core   0: 3 0x8000a41a (0xbfe5)
core   0: 0x8000a412 (0x00006f17) auipc   t5, 0x6
core   0: 3 0x8000a412 (0x00006f17) x30 0x80010412
core   0: 0x8000a416 (0xbe3f2723) sw      gp, -1042(t5)
core   0: 3 0x8000a416 (0xbe3f2723) mem 0x80010000 0x00000001
core   0: 0x8000a41a (0x0000bfe5) c.j     pc - 8
core   0: 3 0x8000a41a (0xbfe5)
core   0: 0x8000a412 (0x00006f17) auipc   t5, 0x6
core   0: 3 0x8000a412 (0x00006f17) x30 0x80010412
core   0: 0x8000a416 (0xbe3f2723) sw      gp, -1042(t5)
core   0: 3 0x8000a416 (0xbe3f2723) mem 0x80010000 0x00000001
core   0: 0x8000a41a (0x0000bfe5) c.j     pc - 8
core   0: 3 0x8000a41a (0xbfe5)
core   0: 0x8000a412 (0x00006f17) auipc   t5, 0x6
core   0: 3 0x8000a412 (0x00006f17) x30 0x80010412
core   0: 0x8000a416 (0xbe3f2723) sw      gp, -1042(t5)
core   0: 3 0x8000a416 (0xbe3f2723) mem 0x80010000 0x00000001
core   0: 0x8000a41a (0x0000bfe5) c.j     pc - 8
core   0: 3 0x8000a41a (0xbfe5)
core   0: 0x8000a412 (0x00006f17) auipc   t5, 0x6
core   0: 3 0x8000a412 (0x00006f17) x30 0x80010412
core   0: 0x8000a416 (0xbe3f2723) sw      gp, -1042(t5)
core   0: 3 0x8000a416 (0xbe3f2723) mem 0x80010000 0x00000001
core   0: 0x8000a41a (0x0000bfe5) c.j     pc - 8
core   0: 3 0x8000a41a (0xbfe5)
core   0: 0x8000a412 (0x00006f17) auipc   t5, 0x6
core   0: 3 0x8000a412 (0x00006f17) x30 0x80010412
core   0: 0x8000a416 (0xbe3f2723) sw      gp, -1042(t5)
core   0: 3 0x8000a416 (0xbe3f2723) mem 0x80010000 0x00000001
core   0: 0x8000a41a (0x0000bfe5) c.j     pc - 8
core   0: 3 0x8000a41a (0xbfe5)
core   0: 0x8000a412 (0x00006f17) auipc   t5, 0x6
core   0: 3 0x8000a412 (0x00006f17) x30 0x80010412
core   0: 0x8000a416 (0xbe3f2723) sw      gp, -1042(t5)
core   0: 3 0x8000a416 (0xbe3f2723) mem 0x80010000 0x00000001
core   0: 0x8000a41a (0x0000bfe5) c.j     pc - 8
core   0: 3 0x8000a41a (0xbfe5)
core   0: 0x8000a412 (0x00006f17) auipc   t5, 0x6
core   0: 3 0x8000a412 (0x00006f17) x30 0x80010412
core   0: 0x8000a416 (0xbe3f2723) sw      gp, -1042(t5)
core   0: 3 0x8000a416 (0xbe3f2723) mem 0x80010000 0x00000001
core   0: 0x8000a41a (0x0000bfe5) c.j     pc - 8
core   0: 3 0x8000a41a (0xbfe5)
core   0: 0x8000a412 (0x00006f17) auipc   t5, 0x6
core   0: 3 0x8000a412 (0x00006f17) x30 0x80010412
core   0: 0x8000a416 (0xbe3f2723) sw      gp, -1042(t5)
core   0: 3 0x8000a416 (0xbe3f2723) mem 0x80010000 0x00000001
core   0: 0x8000a41a (0x0000bfe5) c.j     pc - 8
core   0: 3 0x8000a41a (0xbfe5)
core   0: 0x8000a412 (0x00006f17) auipc   t5, 0x6
core   0: 3 0x8000a412 (0x00006f17) x30 0x80010412
core   0: 0x8000a416 (0xbe3f2723) sw      gp, -1042(t5)
core   0: 3 0x8000a416 (0xbe3f2723) mem 0x80010000 0x00000001
core   0: 0x8000a41a (0x0000bfe5) c.j     pc - 8
core   0: 3 0x8000a41a (0xbfe5)
core   0: 0x8000a412 (0x00006f17) auipc   t5, 0x6
core   0: 3 0x8000a412 (0x00006f17) x30 0x80010412
core   0: 0x8000a416 (0xbe3f2723) sw      gp, -1042(t5)
core   0: 3 0x8000a416 (0xbe3f2723) mem 0x80010000 0x00000001
core   0: 0x8000a41a (0x0000bfe5) c.j     pc - 8
core   0: 3 0x8000a41a (0xbfe5)
core   0: 0x8000a412 (0x00006f17) auipc   t5, 0x6
core   0: 3 0x8000a412 (0x00006f17) x30 0x80010412
core   0: 0x8000a416 (0xbe3f2723) sw      gp, -1042(t5)
core   0: 3 0x8000a416 (0xbe3f2723) mem 0x80010000 0x00000001
core   0: 0x8000a41a (0x0000bfe5) c.j     pc - 8
core   0: 3 0x8000a41a (0xbfe5)
core   0: 0x8000a412 (0x00006f17) auipc   t5, 0x6
core   0: 3 0x8000a412 (0x00006f17) x30 0x80010412
core   0: 0x8000a416 (0xbe3f2723) sw      gp, -1042(t5)
core   0: 3 0x8000a416 (0xbe3f2723) mem 0x80010000 0x00000001
core   0: 0x8000a41a (0x0000bfe5) c.j     pc - 8
core   0: 3 0x8000a41a (0xbfe5)
core   0: 0x8000a412 (0x00006f17) auipc   t5, 0x6
core   0: 3 0x8000a412 (0x00006f17) x30 0x80010412
core   0: 0x8000a416 (0xbe3f2723) sw      gp, -1042(t5)
core   0: 3 0x8000a416 (0xbe3f2723) mem 0x80010000 0x00000001
core   0: 0x8000a41a (0x0000bfe5) c.j     pc - 8
core   0: 3 0x8000a41a (0xbfe5)
core   0: 0x8000a412 (0x00006f17) auipc   t5, 0x6
core   0: 3 0x8000a412 (0x00006f17) x30 0x80010412
core   0: 0x8000a416 (0xbe3f2723) sw      gp, -1042(t5)
core   0: 3 0x8000a416 (0xbe3f2723) mem 0x80010000 0x00000001
core   0: 0x8000a41a (0x0000bfe5) c.j     pc - 8
core   0: 3 0x8000a41a (0xbfe5)
core   0: 0x8000a412 (0x00006f17) auipc   t5, 0x6
core   0: 3 0x8000a412 (0x00006f17) x30 0x80010412
core   0: 0x8000a416 (0xbe3f2723) sw      gp, -1042(t5)
core   0: 3 0x8000a416 (0xbe3f2723) mem 0x80010000 0x00000001
core   0: 0x8000a41a (0x0000bfe5) c.j     pc - 8
core   0: 3 0x8000a41a (0xbfe5)
core   0: 0x8000a412 (0x00006f17) auipc   t5, 0x6
core   0: 3 0x8000a412 (0x00006f17) x30 0x80010412
core   0: 0x8000a416 (0xbe3f2723) sw      gp, -1042(t5)
core   0: 3 0x8000a416 (0xbe3f2723) mem 0x80010000 0x00000001
core   0: 0x8000a41a (0x0000bfe5) c.j     pc - 8
core   0: 3 0x8000a41a (0xbfe5)
core   0: 0x8000a412 (0x00006f17) auipc   t5, 0x6
core   0: 3 0x8000a412 (0x00006f17) x30 0x80010412
core   0: 0x8000a416 (0xbe3f2723) sw      gp, -1042(t5)
core   0: 3 0x8000a416 (0xbe3f2723) mem 0x80010000 0x00000001
core   0: 0x8000a41a (0x0000bfe5) c.j     pc - 8
core   0: 3 0x8000a41a (0xbfe5)
core   0: 0x8000a412 (0x00006f17) auipc   t5, 0x6
core   0: 3 0x8000a412 (0x00006f17) x30 0x80010412
core   0: 0x8000a416 (0xbe3f2723) sw      gp, -1042(t5)
core   0: 3 0x8000a416 (0xbe3f2723) mem 0x80010000 0x00000001
core   0: 0x8000a41a (0x0000bfe5) c.j     pc - 8
core   0: 3 0x8000a41a (0xbfe5)
core   0: 0x8000a412 (0x00006f17) auipc   t5, 0x6
core   0: 3 0x8000a412 (0x00006f17) x30 0x80010412
core   0: 0x8000a416 (0xbe3f2723) sw      gp, -1042(t5)
core   0: 3 0x8000a416 (0xbe3f2723) mem 0x80010000 0x00000001
core   0: 0x8000a41a (0x0000bfe5) c.j     pc - 8
core   0: 3 0x8000a41a (0xbfe5)
core   0: 0x8000a412 (0x00006f17) auipc   t5, 0x6
core   0: 3 0x8000a412 (0x00006f17) x30 0x80010412
core   0: 0x8000a416 (0xbe3f2723) sw      gp, -1042(t5)
core   0: 3 0x8000a416 (0xbe3f2723) mem 0x80010000 0x00000001
core   0: 0x8000a41a (0x0000bfe5) c.j     pc - 8
core   0: 3 0x8000a41a (0xbfe5)
core   0: 0x8000a412 (0x00006f17) auipc   t5, 0x6
core   0: 3 0x8000a412 (0x00006f17) x30 0x80010412
core   0: 0x8000a416 (0xbe3f2723) sw      gp, -1042(t5)
core   0: 3 0x8000a416 (0xbe3f2723) mem 0x80010000 0x00000001
core   0: 0x8000a41a (0x0000bfe5) c.j     pc - 8
core   0: 3 0x8000a41a (0xbfe5)
core   0: 0x8000a412 (0x00006f17) auipc   t5, 0x6
core   0: 3 0x8000a412 (0x00006f17) x30 0x80010412
core   0: 0x8000a416 (0xbe3f2723) sw      gp, -1042(t5)
core   0: 3 0x8000a416 (0xbe3f2723) mem 0x80010000 0x00000001
core   0: 0x8000a41a (0x0000bfe5) c.j     pc - 8
core   0: 3 0x8000a41a (0xbfe5)
core   0: 0x8000a412 (0x00006f17) auipc   t5, 0x6
core   0: 3 0x8000a412 (0x00006f17) x30 0x80010412
core   0: 0x8000a416 (0xbe3f2723) sw      gp, -1042(t5)
core   0: 3 0x8000a416 (0xbe3f2723) mem 0x80010000 0x00000001
core   0: 0x8000a41a (0x0000bfe5) c.j     pc - 8
core   0: 3 0x8000a41a (0xbfe5)
core   0: 0x8000a412 (0x00006f17) auipc   t5, 0x6
core   0: 3 0x8000a412 (0x00006f17) x30 0x80010412
core   0: 0x8000a416 (0xbe3f2723) sw      gp, -1042(t5)
core   0: 3 0x8000a416 (0xbe3f2723) mem 0x80010000 0x00000001
core   0: 0x8000a41a (0x0000bfe5) c.j     pc - 8
core   0: 3 0x8000a41a (0xbfe5)
core   0: 0x8000a412 (0x00006f17) auipc   t5, 0x6
core   0: 3 0x8000a412 (0x00006f17) x30 0x80010412
core   0: 0x8000a416 (0xbe3f2723) sw      gp, -1042(t5)
core   0: 3 0x8000a416 (0xbe3f2723) mem 0x80010000 0x00000001
core   0: 0x8000a41a (0x0000bfe5) c.j     pc - 8
core   0: 3 0x8000a41a (0xbfe5)
core   0: 0x8000a412 (0x00006f17) auipc   t5, 0x6
core   0: 3 0x8000a412 (0x00006f17) x30 0x80010412
core   0: 0x8000a416 (0xbe3f2723) sw      gp, -1042(t5)
core   0: 3 0x8000a416 (0xbe3f2723) mem 0x80010000 0x00000001
core   0: 0x8000a41a (0x0000bfe5) c.j     pc - 8
core   0: 3 0x8000a41a (0xbfe5)
core   0: 0x8000a412 (0x00006f17) auipc   t5, 0x6
core   0: 3 0x8000a412 (0x00006f17) x30 0x80010412
core   0: 0x8000a416 (0xbe3f2723) sw      gp, -1042(t5)
core   0: 3 0x8000a416 (0xbe3f2723) mem 0x80010000 0x00000001
core   0: 0x8000a41a (0x0000bfe5) c.j     pc - 8
core   0: 3 0x8000a41a (0xbfe5)
core   0: 0x8000a412 (0x00006f17) auipc   t5, 0x6
core   0: 3 0x8000a412 (0x00006f17) x30 0x80010412
core   0: 0x8000a416 (0xbe3f2723) sw      gp, -1042(t5)
core   0: 3 0x8000a416 (0xbe3f2723) mem 0x80010000 0x00000001
core   0: 0x8000a41a (0x0000bfe5) c.j     pc - 8
core   0: 3 0x8000a41a (0xbfe5)
core   0: 0x8000a412 (0x00006f17) auipc   t5, 0x6
core   0: 3 0x8000a412 (0x00006f17) x30 0x80010412
core   0: 0x8000a416 (0xbe3f2723) sw      gp, -1042(t5)
core   0: 3 0x8000a416 (0xbe3f2723) mem 0x80010000 0x00000001
core   0: 0x8000a41a (0x0000bfe5) c.j     pc - 8
core   0: 3 0x8000a41a (0xbfe5)
core   0: 0x8000a412 (0x00006f17) auipc   t5, 0x6
core   0: 3 0x8000a412 (0x00006f17) x30 0x80010412
core   0: 0x8000a416 (0xbe3f2723) sw      gp, -1042(t5)
core   0: 3 0x8000a416 (0xbe3f2723) mem 0x80010000 0x00000001
core   0: 0x8000a41a (0x0000bfe5) c.j     pc - 8
core   0: 3 0x8000a41a (0xbfe5)
core   0: 0x8000a412 (0x00006f17) auipc   t5, 0x6
core   0: 3 0x8000a412 (0x00006f17) x30 0x80010412
core   0: 0x8000a416 (0xbe3f2723) sw      gp, -1042(t5)
core   0: 3 0x8000a416 (0xbe3f2723) mem 0x80010000 0x00000001
core   0: 0x8000a41a (0x0000bfe5) c.j     pc - 8
core   0: 3 0x8000a41a (0xbfe5)
core   0: 0x8000a412 (0x00006f17) auipc   t5, 0x6
core   0: 3 0x8000a412 (0x00006f17) x30 0x80010412
core   0: 0x8000a416 (0xbe3f2723) sw      gp, -1042(t5)
core   0: 3 0x8000a416 (0xbe3f2723) mem 0x80010000 0x00000001
core   0: 0x8000a41a (0x0000bfe5) c.j     pc - 8
core   0: 3 0x8000a41a (0xbfe5)
core   0: 0x8000a412 (0x00006f17) auipc   t5, 0x6
core   0: 3 0x8000a412 (0x00006f17) x30 0x80010412
core   0: 0x8000a416 (0xbe3f2723) sw      gp, -1042(t5)
core   0: 3 0x8000a416 (0xbe3f2723) mem 0x80010000 0x00000001
core   0: 0x8000a41a (0x0000bfe5) c.j     pc - 8
core   0: 3 0x8000a41a (0xbfe5)
core   0: 0x8000a412 (0x00006f17) auipc   t5, 0x6
core   0: 3 0x8000a412 (0x00006f17) x30 0x80010412
core   0: 0x8000a416 (0xbe3f2723) sw      gp, -1042(t5)
core   0: 3 0x8000a416 (0xbe3f2723) mem 0x80010000 0x00000001
core   0: 0x8000a41a (0x0000bfe5) c.j     pc - 8
core   0: 3 0x8000a41a (0xbfe5)
core   0: 0x8000a412 (0x00006f17) auipc   t5, 0x6
core   0: 3 0x8000a412 (0x00006f17) x30 0x80010412
core   0: 0x8000a416 (0xbe3f2723) sw      gp, -1042(t5)
core   0: 3 0x8000a416 (0xbe3f2723) mem 0x80010000 0x00000001
core   0: 0x8000a41a (0x0000bfe5) c.j     pc - 8
core   0: 3 0x8000a41a (0xbfe5)
core   0: 0x8000a412 (0x00006f17) auipc   t5, 0x6
core   0: 3 0x8000a412 (0x00006f17) x30 0x80010412
core   0: 0x8000a416 (0xbe3f2723) sw      gp, -1042(t5)
core   0: 3 0x8000a416 (0xbe3f2723) mem 0x80010000 0x00000001
core   0: 0x8000a41a (0x0000bfe5) c.j     pc - 8
core   0: 3 0x8000a41a (0xbfe5)
core   0: 0x8000a412 (0x00006f17) auipc   t5, 0x6
core   0: 3 0x8000a412 (0x00006f17) x30 0x80010412
core   0: 0x8000a416 (0xbe3f2723) sw      gp, -1042(t5)
core   0: 3 0x8000a416 (0xbe3f2723) mem 0x80010000 0x00000001
core   0: 0x8000a41a (0x0000bfe5) c.j     pc - 8
core   0: 3 0x8000a41a (0xbfe5)
core   0: 0x8000a412 (0x00006f17) auipc   t5, 0x6
core   0: 3 0x8000a412 (0x00006f17) x30 0x80010412
core   0: 0x8000a416 (0xbe3f2723) sw      gp, -1042(t5)
core   0: 3 0x8000a416 (0xbe3f2723) mem 0x80010000 0x00000001
core   0: 0x8000a41a (0x0000bfe5) c.j     pc - 8
core   0: 3 0x8000a41a (0xbfe5)
core   0: 0x8000a412 (0x00006f17) auipc   t5, 0x6
core   0: 3 0x8000a412 (0x00006f17) x30 0x80010412
core   0: 0x8000a416 (0xbe3f2723) sw      gp, -1042(t5)
core   0: 3 0x8000a416 (0xbe3f2723) mem 0x80010000 0x00000001
core   0: 0x8000a41a (0x0000bfe5) c.j     pc - 8
core   0: 3 0x8000a41a (0xbfe5)
core   0: 0x8000a412 (0x00006f17) auipc   t5, 0x6
core   0: 3 0x8000a412 (0x00006f17) x30 0x80010412
core   0: 0x8000a416 (0xbe3f2723) sw      gp, -1042(t5)
core   0: 3 0x8000a416 (0xbe3f2723) mem 0x80010000 0x00000001
core   0: 0x8000a41a (0x0000bfe5) c.j     pc - 8
core   0: 3 0x8000a41a (0xbfe5)
core   0: 0x8000a412 (0x00006f17) auipc   t5, 0x6
core   0: 3 0x8000a412 (0x00006f17) x30 0x80010412
core   0: 0x8000a416 (0xbe3f2723) sw      gp, -1042(t5)
core   0: 3 0x8000a416 (0xbe3f2723) mem 0x80010000 0x00000001
core   0: 0x8000a41a (0x0000bfe5) c.j     pc - 8
core   0: 3 0x8000a41a (0xbfe5)
core   0: 0x8000a412 (0x00006f17) auipc   t5, 0x6
core   0: 3 0x8000a412 (0x00006f17) x30 0x80010412
core   0: 0x8000a416 (0xbe3f2723) sw      gp, -1042(t5)
core   0: 3 0x8000a416 (0xbe3f2723) mem 0x80010000 0x00000001
core   0: 0x8000a41a (0x0000bfe5) c.j     pc - 8
core   0: 3 0x8000a41a (0xbfe5)
core   0: 0x8000a412 (0x00006f17) auipc   t5, 0x6
core   0: 3 0x8000a412 (0x00006f17) x30 0x80010412
core   0: 0x8000a416 (0xbe3f2723) sw      gp, -1042(t5)
core   0: 3 0x8000a416 (0xbe3f2723) mem 0x80010000 0x00000001
core   0: 0x8000a41a (0x0000bfe5) c.j     pc - 8
core   0: 3 0x8000a41a (0xbfe5)
core   0: 0x8000a412 (0x00006f17) auipc   t5, 0x6
core   0: 3 0x8000a412 (0x00006f17) x30 0x80010412
core   0: 0x8000a416 (0xbe3f2723) sw      gp, -1042(t5)
core   0: 3 0x8000a416 (0xbe3f2723) mem 0x80010000 0x00000001
core   0: 0x8000a41a (0x0000bfe5) c.j     pc - 8
core   0: 3 0x8000a41a (0xbfe5)
core   0: 0x8000a412 (0x00006f17) auipc   t5, 0x6
core   0: 3 0x8000a412 (0x00006f17) x30 0x80010412
core   0: 0x8000a416 (0xbe3f2723) sw      gp, -1042(t5)
core   0: 3 0x8000a416 (0xbe3f2723) mem 0x80010000 0x00000001
core   0: 0x8000a41a (0x0000bfe5) c.j     pc - 8
core   0: 3 0x8000a41a (0xbfe5)
core   0: 0x8000a412 (0x00006f17) auipc   t5, 0x6
core   0: 3 0x8000a412 (0x00006f17) x30 0x80010412
core   0: 0x8000a416 (0xbe3f2723) sw      gp, -1042(t5)
core   0: 3 0x8000a416 (0xbe3f2723) mem 0x80010000 0x00000001
core   0: 0x8000a41a (0x0000bfe5) c.j     pc - 8
core   0: 3 0x8000a41a (0xbfe5)
core   0: 0x8000a412 (0x00006f17) auipc   t5, 0x6
core   0: 3 0x8000a412 (0x00006f17) x30 0x80010412
core   0: 0x8000a416 (0xbe3f2723) sw      gp, -1042(t5)
core   0: 3 0x8000a416 (0xbe3f2723) mem 0x80010000 0x00000001
core   0: 0x8000a41a (0x0000bfe5) c.j     pc - 8
core   0: 3 0x8000a41a (0xbfe5)
core   0: 0x8000a412 (0x00006f17) auipc   t5, 0x6
core   0: 3 0x8000a412 (0x00006f17) x30 0x80010412
core   0: 0x8000a416 (0xbe3f2723) sw      gp, -1042(t5)
core   0: 3 0x8000a416 (0xbe3f2723) mem 0x80010000 0x00000001
core   0: 0x8000a41a (0x0000bfe5) c.j     pc - 8
core   0: 3 0x8000a41a (0xbfe5)
core   0: 0x8000a412 (0x00006f17) auipc   t5, 0x6
core   0: 3 0x8000a412 (0x00006f17) x30 0x80010412
core   0: 0x8000a416 (0xbe3f2723) sw      gp, -1042(t5)
core   0: 3 0x8000a416 (0xbe3f2723) mem 0x80010000 0x00000001
core   0: 0x8000a41a (0x0000bfe5) c.j     pc - 8
core   0: 3 0x8000a41a (0xbfe5)
core   0: 0x8000a412 (0x00006f17) auipc   t5, 0x6
core   0: 3 0x8000a412 (0x00006f17) x30 0x80010412
core   0: 0x8000a416 (0xbe3f2723) sw      gp, -1042(t5)
core   0: 3 0x8000a416 (0xbe3f2723) mem 0x80010000 0x00000001
core   0: 0x8000a41a (0x0000bfe5) c.j     pc - 8
core   0: 3 0x8000a41a (0xbfe5)
core   0: 0x8000a412 (0x00006f17) auipc   t5, 0x6
core   0: 3 0x8000a412 (0x00006f17) x30 0x80010412
core   0: 0x8000a416 (0xbe3f2723) sw      gp, -1042(t5)
core   0: 3 0x8000a416 (0xbe3f2723) mem 0x80010000 0x00000001
core   0: 0x8000a41a (0x0000bfe5) c.j     pc - 8
core   0: 3 0x8000a41a (0xbfe5)
core   0: 0x8000a412 (0x00006f17) auipc   t5, 0x6
core   0: 3 0x8000a412 (0x00006f17) x30 0x80010412
core   0: 0x8000a416 (0xbe3f2723) sw      gp, -1042(t5)
core   0: 3 0x8000a416 (0xbe3f2723) mem 0x80010000 0x00000001
core   0: 0x8000a41a (0x0000bfe5) c.j     pc - 8
core   0: 3 0x8000a41a (0xbfe5)
core   0: 0x8000a412 (0x00006f17) auipc   t5, 0x6
core   0: 3 0x8000a412 (0x00006f17) x30 0x80010412
core   0: 0x8000a416 (0xbe3f2723) sw      gp, -1042(t5)
core   0: 3 0x8000a416 (0xbe3f2723) mem 0x80010000 0x00000001
core   0: 0x8000a41a (0x0000bfe5) c.j     pc - 8
core   0: 3 0x8000a41a (0xbfe5)
core   0: 0x8000a412 (0x00006f17) auipc   t5, 0x6
core   0: 3 0x8000a412 (0x00006f17) x30 0x80010412
core   0: 0x8000a416 (0xbe3f2723) sw      gp, -1042(t5)
core   0: 3 0x8000a416 (0xbe3f2723) mem 0x80010000 0x00000001
core   0: 0x8000a41a (0x0000bfe5) c.j     pc - 8
core   0: 3 0x8000a41a (0xbfe5)
core   0: 0x8000a412 (0x00006f17) auipc   t5, 0x6
core   0: 3 0x8000a412 (0x00006f17) x30 0x80010412
core   0: 0x8000a416 (0xbe3f2723) sw      gp, -1042(t5)
core   0: 3 0x8000a416 (0xbe3f2723) mem 0x80010000 0x00000001
core   0: 0x8000a41a (0x0000bfe5) c.j     pc - 8
core   0: 3 0x8000a41a (0xbfe5)
core   0: 0x8000a412 (0x00006f17) auipc   t5, 0x6
core   0: 3 0x8000a412 (0x00006f17) x30 0x80010412
core   0: 0x8000a416 (0xbe3f2723) sw      gp, -1042(t5)
core   0: 3 0x8000a416 (0xbe3f2723) mem 0x80010000 0x00000001
core   0: 0x8000a41a (0x0000bfe5) c.j     pc - 8
core   0: 3 0x8000a41a (0xbfe5)
core   0: 0x8000a412 (0x00006f17) auipc   t5, 0x6
core   0: 3 0x8000a412 (0x00006f17) x30 0x80010412
core   0: 0x8000a416 (0xbe3f2723) sw      gp, -1042(t5)
core   0: 3 0x8000a416 (0xbe3f2723) mem 0x80010000 0x00000001
core   0: 0x8000a41a (0x0000bfe5) c.j     pc - 8
core   0: 3 0x8000a41a (0xbfe5)
core   0: 0x8000a412 (0x00006f17) auipc   t5, 0x6
core   0: 3 0x8000a412 (0x00006f17) x30 0x80010412
core   0: 0x8000a416 (0xbe3f2723) sw      gp, -1042(t5)
core   0: 3 0x8000a416 (0xbe3f2723) mem 0x80010000 0x00000001
core   0: 0x8000a41a (0x0000bfe5) c.j     pc - 8
core   0: 3 0x8000a41a (0xbfe5)
core   0: 0x8000a412 (0x00006f17) auipc   t5, 0x6
core   0: 3 0x8000a412 (0x00006f17) x30 0x80010412
core   0: 0x8000a416 (0xbe3f2723) sw      gp, -1042(t5)
core   0: 3 0x8000a416 (0xbe3f2723) mem 0x80010000 0x00000001
core   0: 0x8000a41a (0x0000bfe5) c.j     pc - 8
core   0: 3 0x8000a41a (0xbfe5)
core   0: 0x8000a412 (0x00006f17) auipc   t5, 0x6
core   0: 3 0x8000a412 (0x00006f17) x30 0x80010412
core   0: 0x8000a416 (0xbe3f2723) sw      gp, -1042(t5)
core   0: 3 0x8000a416 (0xbe3f2723) mem 0x80010000 0x00000001
core   0: 0x8000a41a (0x0000bfe5) c.j     pc - 8
core   0: 3 0x8000a41a (0xbfe5)
core   0: 0x8000a412 (0x00006f17) auipc   t5, 0x6
core   0: 3 0x8000a412 (0x00006f17) x30 0x80010412
core   0: 0x8000a416 (0xbe3f2723) sw      gp, -1042(t5)
core   0: 3 0x8000a416 (0xbe3f2723) mem 0x80010000 0x00000001
core   0: 0x8000a41a (0x0000bfe5) c.j     pc - 8
core   0: 3 0x8000a41a (0xbfe5)
core   0: 0x8000a412 (0x00006f17) auipc   t5, 0x6
core   0: 3 0x8000a412 (0x00006f17) x30 0x80010412
core   0: 0x8000a416 (0xbe3f2723) sw      gp, -1042(t5)
core   0: 3 0x8000a416 (0xbe3f2723) mem 0x80010000 0x00000001
core   0: 0x8000a41a (0x0000bfe5) c.j     pc - 8
core   0: 3 0x8000a41a (0xbfe5)
core   0: 0x8000a412 (0x00006f17) auipc   t5, 0x6
core   0: 3 0x8000a412 (0x00006f17) x30 0x80010412
core   0: 0x8000a416 (0xbe3f2723) sw      gp, -1042(t5)
core   0: 3 0x8000a416 (0xbe3f2723) mem 0x80010000 0x00000001
core   0: 0x8000a41a (0x0000bfe5) c.j     pc - 8
core   0: 3 0x8000a41a (0xbfe5)
core   0: 0x8000a412 (0x00006f17) auipc   t5, 0x6
core   0: 3 0x8000a412 (0x00006f17) x30 0x80010412
core   0: 0x8000a416 (0xbe3f2723) sw      gp, -1042(t5)
core   0: 3 0x8000a416 (0xbe3f2723) mem 0x80010000 0x00000001
core   0: 0x8000a41a (0x0000bfe5) c.j     pc - 8
core   0: 3 0x8000a41a (0xbfe5)
core   0: 0x8000a412 (0x00006f17) auipc   t5, 0x6
core   0: 3 0x8000a412 (0x00006f17) x30 0x80010412
core   0: 0x8000a416 (0xbe3f2723) sw      gp, -1042(t5)
core   0: 3 0x8000a416 (0xbe3f2723) mem 0x80010000 0x00000001
core   0: 0x8000a41a (0x0000bfe5) c.j     pc - 8
core   0: 3 0x8000a41a (0xbfe5)
core   0: 0x8000a412 (0x00006f17) auipc   t5, 0x6
core   0: 3 0x8000a412 (0x00006f17) x30 0x80010412
core   0: 0x8000a416 (0xbe3f2723) sw      gp, -1042(t5)
core   0: 3 0x8000a416 (0xbe3f2723) mem 0x80010000 0x00000001
core   0: 0x8000a41a (0x0000bfe5) c.j     pc - 8
core   0: 3 0x8000a41a (0xbfe5)
core   0: 0x8000a412 (0x00006f17) auipc   t5, 0x6
core   0: 3 0x8000a412 (0x00006f17) x30 0x80010412
core   0: 0x8000a416 (0xbe3f2723) sw      gp, -1042(t5)
core   0: 3 0x8000a416 (0xbe3f2723) mem 0x80010000 0x00000001
core   0: 0x8000a41a (0x0000bfe5) c.j     pc - 8
core   0: 3 0x8000a41a (0xbfe5)
core   0: 0x8000a412 (0x00006f17) auipc   t5, 0x6
core   0: 3 0x8000a412 (0x00006f17) x30 0x80010412
core   0: 0x8000a416 (0xbe3f2723) sw      gp, -1042(t5)
core   0: 3 0x8000a416 (0xbe3f2723) mem 0x80010000 0x00000001
core   0: 0x8000a41a (0x0000bfe5) c.j     pc - 8
core   0: 3 0x8000a41a (0xbfe5)
core   0: 0x8000a412 (0x00006f17) auipc   t5, 0x6
core   0: 3 0x8000a412 (0x00006f17) x30 0x80010412
core   0: 0x8000a416 (0xbe3f2723) sw      gp, -1042(t5)
core   0: 3 0x8000a416 (0xbe3f2723) mem 0x80010000 0x00000001
core   0: 0x8000a41a (0x0000bfe5) c.j     pc - 8
core   0: 3 0x8000a41a (0xbfe5)
core   0: 0x8000a412 (0x00006f17) auipc   t5, 0x6
core   0: 3 0x8000a412 (0x00006f17) x30 0x80010412
core   0: 0x8000a416 (0xbe3f2723) sw      gp, -1042(t5)
core   0: 3 0x8000a416 (0xbe3f2723) mem 0x80010000 0x00000001
core   0: 0x8000a41a (0x0000bfe5) c.j     pc - 8
core   0: 3 0x8000a41a (0xbfe5)
core   0: 0x8000a412 (0x00006f17) auipc   t5, 0x6
core   0: 3 0x8000a412 (0x00006f17) x30 0x80010412
core   0: 0x8000a416 (0xbe3f2723) sw      gp, -1042(t5)
core   0: 3 0x8000a416 (0xbe3f2723) mem 0x80010000 0x00000001
core   0: 0x8000a41a (0x0000bfe5) c.j     pc - 8
core   0: 3 0x8000a41a (0xbfe5)
core   0: 0x8000a412 (0x00006f17) auipc   t5, 0x6
core   0: 3 0x8000a412 (0x00006f17) x30 0x80010412
core   0: 0x8000a416 (0xbe3f2723) sw      gp, -1042(t5)
core   0: 3 0x8000a416 (0xbe3f2723) mem 0x80010000 0x00000001
core   0: 0x8000a41a (0x0000bfe5) c.j     pc - 8
core   0: 3 0x8000a41a (0xbfe5)
core   0: 0x8000a412 (0x00006f17) auipc   t5, 0x6
core   0: 3 0x8000a412 (0x00006f17) x30 0x80010412
core   0: 0x8000a416 (0xbe3f2723) sw      gp, -1042(t5)
core   0: 3 0x8000a416 (0xbe3f2723) mem 0x80010000 0x00000001
core   0: 0x8000a41a (0x0000bfe5) c.j     pc - 8
core   0: 3 0x8000a41a (0xbfe5)
core   0: 0x8000a412 (0x00006f17) auipc   t5, 0x6
core   0: 3 0x8000a412 (0x00006f17) x30 0x80010412
core   0: 0x8000a416 (0xbe3f2723) sw      gp, -1042(t5)
core   0: 3 0x8000a416 (0xbe3f2723) mem 0x80010000 0x00000001
core   0: 0x8000a41a (0x0000bfe5) c.j     pc - 8
core   0: 3 0x8000a41a (0xbfe5)
core   0: 0x8000a412 (0x00006f17) auipc   t5, 0x6
core   0: 3 0x8000a412 (0x00006f17) x30 0x80010412
core   0: 0x8000a416 (0xbe3f2723) sw      gp, -1042(t5)
core   0: 3 0x8000a416 (0xbe3f2723) mem 0x80010000 0x00000001
core   0: 0x8000a41a (0x0000bfe5) c.j     pc - 8
core   0: 3 0x8000a41a (0xbfe5)
core   0: 0x8000a412 (0x00006f17) auipc   t5, 0x6
core   0: 3 0x8000a412 (0x00006f17) x30 0x80010412
core   0: 0x8000a416 (0xbe3f2723) sw      gp, -1042(t5)
core   0: 3 0x8000a416 (0xbe3f2723) mem 0x80010000 0x00000001
core   0: 0x8000a41a (0x0000bfe5) c.j     pc - 8
core   0: 3 0x8000a41a (0xbfe5)
core   0: 0x8000a412 (0x00006f17) auipc   t5, 0x6
core   0: 3 0x8000a412 (0x00006f17) x30 0x80010412
core   0: 0x8000a416 (0xbe3f2723) sw      gp, -1042(t5)
core   0: 3 0x8000a416 (0xbe3f2723) mem 0x80010000 0x00000001
core   0: 0x8000a41a (0x0000bfe5) c.j     pc - 8
core   0: 3 0x8000a41a (0xbfe5)
core   0: 0x8000a412 (0x00006f17) auipc   t5, 0x6
core   0: 3 0x8000a412 (0x00006f17) x30 0x80010412
core   0: 0x8000a416 (0xbe3f2723) sw      gp, -1042(t5)
core   0: 3 0x8000a416 (0xbe3f2723) mem 0x80010000 0x00000001
core   0: 0x8000a41a (0x0000bfe5) c.j     pc - 8
core   0: 3 0x8000a41a (0xbfe5)
core   0: 0x8000a412 (0x00006f17) auipc   t5, 0x6
core   0: 3 0x8000a412 (0x00006f17) x30 0x80010412
core   0: 0x8000a416 (0xbe3f2723) sw      gp, -1042(t5)
core   0: 3 0x8000a416 (0xbe3f2723) mem 0x80010000 0x00000001
core   0: 0x8000a41a (0x0000bfe5) c.j     pc - 8
core   0: 3 0x8000a41a (0xbfe5)
core   0: 0x8000a412 (0x00006f17) auipc   t5, 0x6
core   0: 3 0x8000a412 (0x00006f17) x30 0x80010412
core   0: 0x8000a416 (0xbe3f2723) sw      gp, -1042(t5)
core   0: 3 0x8000a416 (0xbe3f2723) mem 0x80010000 0x00000001
core   0: 0x8000a41a (0x0000bfe5) c.j     pc - 8
core   0: 3 0x8000a41a (0xbfe5)
core   0: 0x8000a412 (0x00006f17) auipc   t5, 0x6
core   0: 3 0x8000a412 (0x00006f17) x30 0x80010412
core   0: 0x8000a416 (0xbe3f2723) sw      gp, -1042(t5)
core   0: 3 0x8000a416 (0xbe3f2723) mem 0x80010000 0x00000001
core   0: 0x8000a41a (0x0000bfe5) c.j     pc - 8
core   0: 3 0x8000a41a (0xbfe5)
core   0: 0x8000a412 (0x00006f17) auipc   t5, 0x6
core   0: 3 0x8000a412 (0x00006f17) x30 0x80010412
core   0: 0x8000a416 (0xbe3f2723) sw      gp, -1042(t5)
core   0: 3 0x8000a416 (0xbe3f2723) mem 0x80010000 0x00000001
core   0: 0x8000a41a (0x0000bfe5) c.j     pc - 8
core   0: 3 0x8000a41a (0xbfe5)
core   0: 0x8000a412 (0x00006f17) auipc   t5, 0x6
core   0: 3 0x8000a412 (0x00006f17) x30 0x80010412
core   0: 0x8000a416 (0xbe3f2723) sw      gp, -1042(t5)
core   0: 3 0x8000a416 (0xbe3f2723) mem 0x80010000 0x00000001
core   0: 0x8000a41a (0x0000bfe5) c.j     pc - 8
core   0: 3 0x8000a41a (0xbfe5)
core   0: 0x8000a412 (0x00006f17) auipc   t5, 0x6
core   0: 3 0x8000a412 (0x00006f17) x30 0x80010412
core   0: 0x8000a416 (0xbe3f2723) sw      gp, -1042(t5)
core   0: 3 0x8000a416 (0xbe3f2723) mem 0x80010000 0x00000001
core   0: 0x8000a41a (0x0000bfe5) c.j     pc - 8
core   0: 3 0x8000a41a (0xbfe5)
core   0: 0x8000a412 (0x00006f17) auipc   t5, 0x6
core   0: 3 0x8000a412 (0x00006f17) x30 0x80010412
core   0: 0x8000a416 (0xbe3f2723) sw      gp, -1042(t5)
core   0: 3 0x8000a416 (0xbe3f2723) mem 0x80010000 0x00000001
core   0: 0x8000a41a (0x0000bfe5) c.j     pc - 8
core   0: 3 0x8000a41a (0xbfe5)
core   0: 0x8000a412 (0x00006f17) auipc   t5, 0x6
core   0: 3 0x8000a412 (0x00006f17) x30 0x80010412
core   0: 0x8000a416 (0xbe3f2723) sw      gp, -1042(t5)
core   0: 3 0x8000a416 (0xbe3f2723) mem 0x80010000 0x00000001
core   0: 0x8000a41a (0x0000bfe5) c.j     pc - 8
core   0: 3 0x8000a41a (0xbfe5)
core   0: 0x8000a412 (0x00006f17) auipc   t5, 0x6
core   0: 3 0x8000a412 (0x00006f17) x30 0x80010412
core   0: 0x8000a416 (0xbe3f2723) sw      gp, -1042(t5)
core   0: 3 0x8000a416 (0xbe3f2723) mem 0x80010000 0x00000001
core   0: 0x8000a41a (0x0000bfe5) c.j     pc - 8
core   0: 3 0x8000a41a (0xbfe5)
core   0: 0x8000a412 (0x00006f17) auipc   t5, 0x6
core   0: 3 0x8000a412 (0x00006f17) x30 0x80010412
core   0: 0x8000a416 (0xbe3f2723) sw      gp, -1042(t5)
core   0: 3 0x8000a416 (0xbe3f2723) mem 0x80010000 0x00000001
core   0: 0x8000a41a (0x0000bfe5) c.j     pc - 8
core   0: 3 0x8000a41a (0xbfe5)
core   0: 0x8000a412 (0x00006f17) auipc   t5, 0x6
core   0: 3 0x8000a412 (0x00006f17) x30 0x80010412
core   0: 0x8000a416 (0xbe3f2723) sw      gp, -1042(t5)
core   0: 3 0x8000a416 (0xbe3f2723) mem 0x80010000 0x00000001
core   0: 0x8000a41a (0x0000bfe5) c.j     pc - 8
core   0: 3 0x8000a41a (0xbfe5)
core   0: 0x8000a412 (0x00006f17) auipc   t5, 0x6
core   0: 3 0x8000a412 (0x00006f17) x30 0x80010412
core   0: 0x8000a416 (0xbe3f2723) sw      gp, -1042(t5)
core   0: 3 0x8000a416 (0xbe3f2723) mem 0x80010000 0x00000001
core   0: 0x8000a41a (0x0000bfe5) c.j     pc - 8
core   0: 3 0x8000a41a (0xbfe5)
core   0: 0x8000a412 (0x00006f17) auipc   t5, 0x6
core   0: 3 0x8000a412 (0x00006f17) x30 0x80010412
core   0: 0x8000a416 (0xbe3f2723) sw      gp, -1042(t5)
core   0: 3 0x8000a416 (0xbe3f2723) mem 0x80010000 0x00000001
core   0: 0x8000a41a (0x0000bfe5) c.j     pc - 8
core   0: 3 0x8000a41a (0xbfe5)
core   0: 0x8000a412 (0x00006f17) auipc   t5, 0x6
core   0: 3 0x8000a412 (0x00006f17) x30 0x80010412
core   0: 0x8000a416 (0xbe3f2723) sw      gp, -1042(t5)
core   0: 3 0x8000a416 (0xbe3f2723) mem 0x80010000 0x00000001
core   0: 0x8000a41a (0x0000bfe5) c.j     pc - 8
core   0: 3 0x8000a41a (0xbfe5)
core   0: 0x8000a412 (0x00006f17) auipc   t5, 0x6
core   0: 3 0x8000a412 (0x00006f17) x30 0x80010412
core   0: 0x8000a416 (0xbe3f2723) sw      gp, -1042(t5)
core   0: 3 0x8000a416 (0xbe3f2723) mem 0x80010000 0x00000001
core   0: 0x8000a41a (0x0000bfe5) c.j     pc - 8
core   0: 3 0x8000a41a (0xbfe5)
core   0: 0x8000a412 (0x00006f17) auipc   t5, 0x6
core   0: 3 0x8000a412 (0x00006f17) x30 0x80010412
core   0: 0x8000a416 (0xbe3f2723) sw      gp, -1042(t5)
core   0: 3 0x8000a416 (0xbe3f2723) mem 0x80010000 0x00000001
core   0: 0x8000a41a (0x0000bfe5) c.j     pc - 8
core   0: 3 0x8000a41a (0xbfe5)
core   0: 0x8000a412 (0x00006f17) auipc   t5, 0x6
core   0: 3 0x8000a412 (0x00006f17) x30 0x80010412
core   0: 0x8000a416 (0xbe3f2723) sw      gp, -1042(t5)
core   0: 3 0x8000a416 (0xbe3f2723) mem 0x80010000 0x00000001
core   0: 0x8000a41a (0x0000bfe5) c.j     pc - 8
core   0: 3 0x8000a41a (0xbfe5)
core   0: 0x8000a412 (0x00006f17) auipc   t5, 0x6
core   0: 3 0x8000a412 (0x00006f17) x30 0x80010412
core   0: 0x8000a416 (0xbe3f2723) sw      gp, -1042(t5)
core   0: 3 0x8000a416 (0xbe3f2723) mem 0x80010000 0x00000001
core   0: 0x8000a41a (0x0000bfe5) c.j     pc - 8
core   0: 3 0x8000a41a (0xbfe5)
core   0: 0x8000a412 (0x00006f17) auipc   t5, 0x6
core   0: 3 0x8000a412 (0x00006f17) x30 0x80010412
core   0: 0x8000a416 (0xbe3f2723) sw      gp, -1042(t5)
core   0: 3 0x8000a416 (0xbe3f2723) mem 0x80010000 0x00000001
core   0: 0x8000a41a (0x0000bfe5) c.j     pc - 8
core   0: 3 0x8000a41a (0xbfe5)
core   0: 0x8000a412 (0x00006f17) auipc   t5, 0x6
core   0: 3 0x8000a412 (0x00006f17) x30 0x80010412
core   0: 0x8000a416 (0xbe3f2723) sw      gp, -1042(t5)
core   0: 3 0x8000a416 (0xbe3f2723) mem 0x80010000 0x00000001
core   0: 0x8000a41a (0x0000bfe5) c.j     pc - 8
core   0: 3 0x8000a41a (0xbfe5)
core   0: 0x8000a412 (0x00006f17) auipc   t5, 0x6
core   0: 3 0x8000a412 (0x00006f17) x30 0x80010412
core   0: 0x8000a416 (0xbe3f2723) sw      gp, -1042(t5)
core   0: 3 0x8000a416 (0xbe3f2723) mem 0x80010000 0x00000001
core   0: 0x8000a41a (0x0000bfe5) c.j     pc - 8
core   0: 3 0x8000a41a (0xbfe5)
core   0: 0x8000a412 (0x00006f17) auipc   t5, 0x6
core   0: 3 0x8000a412 (0x00006f17) x30 0x80010412
core   0: 0x8000a416 (0xbe3f2723) sw      gp, -1042(t5)
core   0: 3 0x8000a416 (0xbe3f2723) mem 0x80010000 0x00000001
core   0: 0x8000a41a (0x0000bfe5) c.j     pc - 8
core   0: 3 0x8000a41a (0xbfe5)
core   0: 0x8000a412 (0x00006f17) auipc   t5, 0x6
core   0: 3 0x8000a412 (0x00006f17) x30 0x80010412
core   0: 0x8000a416 (0xbe3f2723) sw      gp, -1042(t5)
core   0: 3 0x8000a416 (0xbe3f2723) mem 0x80010000 0x00000001
core   0: 0x8000a41a (0x0000bfe5) c.j     pc - 8
core   0: 3 0x8000a41a (0xbfe5)
core   0: 0x8000a412 (0x00006f17) auipc   t5, 0x6
core   0: 3 0x8000a412 (0x00006f17) x30 0x80010412
core   0: 0x8000a416 (0xbe3f2723) sw      gp, -1042(t5)
core   0: 3 0x8000a416 (0xbe3f2723) mem 0x80010000 0x00000001
core   0: 0x8000a41a (0x0000bfe5) c.j     pc - 8
core   0: 3 0x8000a41a (0xbfe5)
core   0: 0x8000a412 (0x00006f17) auipc   t5, 0x6
core   0: 3 0x8000a412 (0x00006f17) x30 0x80010412
core   0: 0x8000a416 (0xbe3f2723) sw      gp, -1042(t5)
core   0: 3 0x8000a416 (0xbe3f2723) mem 0x80010000 0x00000001
core   0: 0x8000a41a (0x0000bfe5) c.j     pc - 8
core   0: 3 0x8000a41a (0xbfe5)
core   0: 0x8000a412 (0x00006f17) auipc   t5, 0x6
core   0: 3 0x8000a412 (0x00006f17) x30 0x80010412
core   0: 0x8000a416 (0xbe3f2723) sw      gp, -1042(t5)
core   0: 3 0x8000a416 (0xbe3f2723) mem 0x80010000 0x00000001
core   0: 0x8000a41a (0x0000bfe5) c.j     pc - 8
core   0: 3 0x8000a41a (0xbfe5)
core   0: 0x8000a412 (0x00006f17) auipc   t5, 0x6
core   0: 3 0x8000a412 (0x00006f17) x30 0x80010412
core   0: 0x8000a416 (0xbe3f2723) sw      gp, -1042(t5)
core   0: 3 0x8000a416 (0xbe3f2723) mem 0x80010000 0x00000001
core   0: 0x8000a41a (0x0000bfe5) c.j     pc - 8
core   0: 3 0x8000a41a (0xbfe5)
core   0: 0x8000a412 (0x00006f17) auipc   t5, 0x6
core   0: 3 0x8000a412 (0x00006f17) x30 0x80010412
core   0: 0x8000a416 (0xbe3f2723) sw      gp, -1042(t5)
core   0: 3 0x8000a416 (0xbe3f2723) mem 0x80010000 0x00000001
core   0: 0x8000a41a (0x0000bfe5) c.j     pc - 8
core   0: 3 0x8000a41a (0xbfe5)
core   0: 0x8000a412 (0x00006f17) auipc   t5, 0x6
core   0: 3 0x8000a412 (0x00006f17) x30 0x80010412
core   0: 0x8000a416 (0xbe3f2723) sw      gp, -1042(t5)
core   0: 3 0x8000a416 (0xbe3f2723) mem 0x80010000 0x00000001
core   0: 0x8000a41a (0x0000bfe5) c.j     pc - 8
core   0: 3 0x8000a41a (0xbfe5)
core   0: 0x8000a412 (0x00006f17) auipc   t5, 0x6
core   0: 3 0x8000a412 (0x00006f17) x30 0x80010412
core   0: 0x8000a416 (0xbe3f2723) sw      gp, -1042(t5)
core   0: 3 0x8000a416 (0xbe3f2723) mem 0x80010000 0x00000001
core   0: 0x8000a41a (0x0000bfe5) c.j     pc - 8
core   0: 3 0x8000a41a (0xbfe5)
core   0: 0x8000a412 (0x00006f17) auipc   t5, 0x6
core   0: 3 0x8000a412 (0x00006f17) x30 0x80010412
core   0: 0x8000a416 (0xbe3f2723) sw      gp, -1042(t5)
core   0: 3 0x8000a416 (0xbe3f2723) mem 0x80010000 0x00000001
core   0: 0x8000a41a (0x0000bfe5) c.j     pc - 8
core   0: 3 0x8000a41a (0xbfe5)
core   0: 0x8000a412 (0x00006f17) auipc   t5, 0x6
core   0: 3 0x8000a412 (0x00006f17) x30 0x80010412
core   0: 0x8000a416 (0xbe3f2723) sw      gp, -1042(t5)
core   0: 3 0x8000a416 (0xbe3f2723) mem 0x80010000 0x00000001
core   0: 0x8000a41a (0x0000bfe5) c.j     pc - 8
core   0: 3 0x8000a41a (0xbfe5)
core   0: 0x8000a412 (0x00006f17) auipc   t5, 0x6
core   0: 3 0x8000a412 (0x00006f17) x30 0x80010412
core   0: 0x8000a416 (0xbe3f2723) sw      gp, -1042(t5)
core   0: 3 0x8000a416 (0xbe3f2723) mem 0x80010000 0x00000001
core   0: 0x8000a41a (0x0000bfe5) c.j     pc - 8
core   0: 3 0x8000a41a (0xbfe5)
core   0: 0x8000a412 (0x00006f17) auipc   t5, 0x6
core   0: 3 0x8000a412 (0x00006f17) x30 0x80010412
core   0: 0x8000a416 (0xbe3f2723) sw      gp, -1042(t5)
core   0: 3 0x8000a416 (0xbe3f2723) mem 0x80010000 0x00000001
core   0: 0x8000a41a (0x0000bfe5) c.j     pc - 8
core   0: 3 0x8000a41a (0xbfe5)
core   0: 0x8000a412 (0x00006f17) auipc   t5, 0x6
core   0: 3 0x8000a412 (0x00006f17) x30 0x80010412
core   0: 0x8000a416 (0xbe3f2723) sw      gp, -1042(t5)
core   0: 3 0x8000a416 (0xbe3f2723) mem 0x80010000 0x00000001
core   0: 0x8000a41a (0x0000bfe5) c.j     pc - 8
core   0: 3 0x8000a41a (0xbfe5)
core   0: 0x8000a412 (0x00006f17) auipc   t5, 0x6
core   0: 3 0x8000a412 (0x00006f17) x30 0x80010412
core   0: 0x8000a416 (0xbe3f2723) sw      gp, -1042(t5)
core   0: 3 0x8000a416 (0xbe3f2723) mem 0x80010000 0x00000001
core   0: 0x8000a41a (0x0000bfe5) c.j     pc - 8
core   0: 3 0x8000a41a (0xbfe5)
core   0: 0x8000a412 (0x00006f17) auipc   t5, 0x6
core   0: 3 0x8000a412 (0x00006f17) x30 0x80010412
core   0: 0x8000a416 (0xbe3f2723) sw      gp, -1042(t5)
core   0: 3 0x8000a416 (0xbe3f2723) mem 0x80010000 0x00000001
core   0: 0x8000a41a (0x0000bfe5) c.j     pc - 8
core   0: 3 0x8000a41a (0xbfe5)
core   0: 0x8000a412 (0x00006f17) auipc   t5, 0x6
core   0: 3 0x8000a412 (0x00006f17) x30 0x80010412
core   0: 0x8000a416 (0xbe3f2723) sw      gp, -1042(t5)
core   0: 3 0x8000a416 (0xbe3f2723) mem 0x80010000 0x00000001
core   0: 0x8000a41a (0x0000bfe5) c.j     pc - 8
core   0: 3 0x8000a41a (0xbfe5)
core   0: 0x8000a412 (0x00006f17) auipc   t5, 0x6
core   0: 3 0x8000a412 (0x00006f17) x30 0x80010412
core   0: 0x8000a416 (0xbe3f2723) sw      gp, -1042(t5)
core   0: 3 0x8000a416 (0xbe3f2723) mem 0x80010000 0x00000001
core   0: 0x8000a41a (0x0000bfe5) c.j     pc - 8
core   0: 3 0x8000a41a (0xbfe5)
core   0: 0x8000a412 (0x00006f17) auipc   t5, 0x6
core   0: 3 0x8000a412 (0x00006f17) x30 0x80010412
core   0: 0x8000a416 (0xbe3f2723) sw      gp, -1042(t5)
core   0: 3 0x8000a416 (0xbe3f2723) mem 0x80010000 0x00000001
core   0: 0x8000a41a (0x0000bfe5) c.j     pc - 8
core   0: 3 0x8000a41a (0xbfe5)
core   0: 0x8000a412 (0x00006f17) auipc   t5, 0x6
core   0: 3 0x8000a412 (0x00006f17) x30 0x80010412
core   0: 0x8000a416 (0xbe3f2723) sw      gp, -1042(t5)
core   0: 3 0x8000a416 (0xbe3f2723) mem 0x80010000 0x00000001
core   0: 0x8000a41a (0x0000bfe5) c.j     pc - 8
core   0: 3 0x8000a41a (0xbfe5)
core   0: 0x8000a412 (0x00006f17) auipc   t5, 0x6
core   0: 3 0x8000a412 (0x00006f17) x30 0x80010412
core   0: 0x8000a416 (0xbe3f2723) sw      gp, -1042(t5)
core   0: 3 0x8000a416 (0xbe3f2723) mem 0x80010000 0x00000001
core   0: 0x8000a41a (0x0000bfe5) c.j     pc - 8
core   0: 3 0x8000a41a (0xbfe5)
core   0: 0x8000a412 (0x00006f17) auipc   t5, 0x6
core   0: 3 0x8000a412 (0x00006f17) x30 0x80010412
core   0: 0x8000a416 (0xbe3f2723) sw      gp, -1042(t5)
core   0: 3 0x8000a416 (0xbe3f2723) mem 0x80010000 0x00000001
core   0: 0x8000a41a (0x0000bfe5) c.j     pc - 8
core   0: 3 0x8000a41a (0xbfe5)
core   0: 0x8000a412 (0x00006f17) auipc   t5, 0x6
core   0: 3 0x8000a412 (0x00006f17) x30 0x80010412
core   0: 0x8000a416 (0xbe3f2723) sw      gp, -1042(t5)
core   0: 3 0x8000a416 (0xbe3f2723) mem 0x80010000 0x00000001
core   0: 0x8000a41a (0x0000bfe5) c.j     pc - 8
core   0: 3 0x8000a41a (0xbfe5)
core   0: 0x8000a412 (0x00006f17) auipc   t5, 0x6
core   0: 3 0x8000a412 (0x00006f17) x30 0x80010412
core   0: 0x8000a416 (0xbe3f2723) sw      gp, -1042(t5)
core   0: 3 0x8000a416 (0xbe3f2723) mem 0x80010000 0x00000001
core   0: 0x8000a41a (0x0000bfe5) c.j     pc - 8
core   0: 3 0x8000a41a (0xbfe5)
core   0: 0x8000a412 (0x00006f17) auipc   t5, 0x6
core   0: 3 0x8000a412 (0x00006f17) x30 0x80010412
core   0: 0x8000a416 (0xbe3f2723) sw      gp, -1042(t5)
core   0: 3 0x8000a416 (0xbe3f2723) mem 0x80010000 0x00000001
core   0: 0x8000a41a (0x0000bfe5) c.j     pc - 8
core   0: 3 0x8000a41a (0xbfe5)
core   0: 0x8000a412 (0x00006f17) auipc   t5, 0x6
core   0: 3 0x8000a412 (0x00006f17) x30 0x80010412
core   0: 0x8000a416 (0xbe3f2723) sw      gp, -1042(t5)
core   0: 3 0x8000a416 (0xbe3f2723) mem 0x80010000 0x00000001
core   0: 0x8000a41a (0x0000bfe5) c.j     pc - 8
core   0: 3 0x8000a41a (0xbfe5)
core   0: 0x8000a412 (0x00006f17) auipc   t5, 0x6
core   0: 3 0x8000a412 (0x00006f17) x30 0x80010412
core   0: 0x8000a416 (0xbe3f2723) sw      gp, -1042(t5)
core   0: 3 0x8000a416 (0xbe3f2723) mem 0x80010000 0x00000001
core   0: 0x8000a41a (0x0000bfe5) c.j     pc - 8
core   0: 3 0x8000a41a (0xbfe5)
core   0: 0x8000a412 (0x00006f17) auipc   t5, 0x6
core   0: 3 0x8000a412 (0x00006f17) x30 0x80010412
core   0: 0x8000a416 (0xbe3f2723) sw      gp, -1042(t5)
core   0: 3 0x8000a416 (0xbe3f2723) mem 0x80010000 0x00000001
core   0: 0x8000a41a (0x0000bfe5) c.j     pc - 8
core   0: 3 0x8000a41a (0xbfe5)
core   0: 0x8000a412 (0x00006f17) auipc   t5, 0x6
core   0: 3 0x8000a412 (0x00006f17) x30 0x80010412
core   0: 0x8000a416 (0xbe3f2723) sw      gp, -1042(t5)
core   0: 3 0x8000a416 (0xbe3f2723) mem 0x80010000 0x00000001
core   0: 0x8000a41a (0x0000bfe5) c.j     pc - 8
core   0: 3 0x8000a41a (0xbfe5)
core   0: 0x8000a412 (0x00006f17) auipc   t5, 0x6
core   0: 3 0x8000a412 (0x00006f17) x30 0x80010412
core   0: 0x8000a416 (0xbe3f2723) sw      gp, -1042(t5)
core   0: 3 0x8000a416 (0xbe3f2723) mem 0x80010000 0x00000001
core   0: 0x8000a41a (0x0000bfe5) c.j     pc - 8
core   0: 3 0x8000a41a (0xbfe5)
core   0: 0x8000a412 (0x00006f17) auipc   t5, 0x6
core   0: 3 0x8000a412 (0x00006f17) x30 0x80010412
core   0: 0x8000a416 (0xbe3f2723) sw      gp, -1042(t5)
core   0: 3 0x8000a416 (0xbe3f2723) mem 0x80010000 0x00000001
core   0: 0x8000a41a (0x0000bfe5) c.j     pc - 8
core   0: 3 0x8000a41a (0xbfe5)
core   0: 0x8000a412 (0x00006f17) auipc   t5, 0x6
core   0: 3 0x8000a412 (0x00006f17) x30 0x80010412
core   0: 0x8000a416 (0xbe3f2723) sw      gp, -1042(t5)
core   0: 3 0x8000a416 (0xbe3f2723) mem 0x80010000 0x00000001
core   0: 0x8000a41a (0x0000bfe5) c.j     pc - 8
core   0: 3 0x8000a41a (0xbfe5)
core   0: 0x8000a412 (0x00006f17) auipc   t5, 0x6
core   0: 3 0x8000a412 (0x00006f17) x30 0x80010412
core   0: 0x8000a416 (0xbe3f2723) sw      gp, -1042(t5)
core   0: 3 0x8000a416 (0xbe3f2723) mem 0x80010000 0x00000001
core   0: 0x8000a41a (0x0000bfe5) c.j     pc - 8
core   0: 3 0x8000a41a (0xbfe5)
core   0: 0x8000a412 (0x00006f17) auipc   t5, 0x6
core   0: 3 0x8000a412 (0x00006f17) x30 0x80010412
core   0: 0x8000a416 (0xbe3f2723) sw      gp, -1042(t5)
core   0: 3 0x8000a416 (0xbe3f2723) mem 0x80010000 0x00000001
core   0: 0x8000a41a (0x0000bfe5) c.j     pc - 8
core   0: 3 0x8000a41a (0xbfe5)
core   0: 0x8000a412 (0x00006f17) auipc   t5, 0x6
core   0: 3 0x8000a412 (0x00006f17) x30 0x80010412
core   0: 0x8000a416 (0xbe3f2723) sw      gp, -1042(t5)
core   0: 3 0x8000a416 (0xbe3f2723) mem 0x80010000 0x00000001
core   0: 0x8000a41a (0x0000bfe5) c.j     pc - 8
core   0: 3 0x8000a41a (0xbfe5)
core   0: 0x8000a412 (0x00006f17) auipc   t5, 0x6
core   0: 3 0x8000a412 (0x00006f17) x30 0x80010412
core   0: 0x8000a416 (0xbe3f2723) sw      gp, -1042(t5)
core   0: 3 0x8000a416 (0xbe3f2723) mem 0x80010000 0x00000001
core   0: 0x8000a41a (0x0000bfe5) c.j     pc - 8
core   0: 3 0x8000a41a (0xbfe5)
core   0: 0x8000a412 (0x00006f17) auipc   t5, 0x6
core   0: 3 0x8000a412 (0x00006f17) x30 0x80010412
core   0: 0x8000a416 (0xbe3f2723) sw      gp, -1042(t5)
core   0: 3 0x8000a416 (0xbe3f2723) mem 0x80010000 0x00000001
core   0: 0x8000a41a (0x0000bfe5) c.j     pc - 8
core   0: 3 0x8000a41a (0xbfe5)
core   0: 0x8000a412 (0x00006f17) auipc   t5, 0x6
core   0: 3 0x8000a412 (0x00006f17) x30 0x80010412
core   0: 0x8000a416 (0xbe3f2723) sw      gp, -1042(t5)
core   0: 3 0x8000a416 (0xbe3f2723) mem 0x80010000 0x00000001
core   0: 0x8000a41a (0x0000bfe5) c.j     pc - 8
core   0: 3 0x8000a41a (0xbfe5)
core   0: 0x8000a412 (0x00006f17) auipc   t5, 0x6
core   0: 3 0x8000a412 (0x00006f17) x30 0x80010412
core   0: 0x8000a416 (0xbe3f2723) sw      gp, -1042(t5)
core   0: 3 0x8000a416 (0xbe3f2723) mem 0x80010000 0x00000001
core   0: 0x8000a41a (0x0000bfe5) c.j     pc - 8
core   0: 3 0x8000a41a (0xbfe5)
core   0: 0x8000a412 (0x00006f17) auipc   t5, 0x6
core   0: 3 0x8000a412 (0x00006f17) x30 0x80010412
core   0: 0x8000a416 (0xbe3f2723) sw      gp, -1042(t5)
core   0: 3 0x8000a416 (0xbe3f2723) mem 0x80010000 0x00000001
core   0: 0x8000a41a (0x0000bfe5) c.j     pc - 8
core   0: 3 0x8000a41a (0xbfe5)
core   0: 0x8000a412 (0x00006f17) auipc   t5, 0x6
core   0: 3 0x8000a412 (0x00006f17) x30 0x80010412
core   0: 0x8000a416 (0xbe3f2723) sw      gp, -1042(t5)
core   0: 3 0x8000a416 (0xbe3f2723) mem 0x80010000 0x00000001
core   0: 0x8000a41a (0x0000bfe5) c.j     pc - 8
core   0: 3 0x8000a41a (0xbfe5)
core   0: 0x8000a412 (0x00006f17) auipc   t5, 0x6
core   0: 3 0x8000a412 (0x00006f17) x30 0x80010412
core   0: 0x8000a416 (0xbe3f2723) sw      gp, -1042(t5)
core   0: 3 0x8000a416 (0xbe3f2723) mem 0x80010000 0x00000001
core   0: 0x8000a41a (0x0000bfe5) c.j     pc - 8
core   0: 3 0x8000a41a (0xbfe5)
core   0: 0x8000a412 (0x00006f17) auipc   t5, 0x6
core   0: 3 0x8000a412 (0x00006f17) x30 0x80010412
core   0: 0x8000a416 (0xbe3f2723) sw      gp, -1042(t5)
core   0: 3 0x8000a416 (0xbe3f2723) mem 0x80010000 0x00000001
core   0: 0x8000a41a (0x0000bfe5) c.j     pc - 8
core   0: 3 0x8000a41a (0xbfe5)
core   0: 0x8000a412 (0x00006f17) auipc   t5, 0x6
core   0: 3 0x8000a412 (0x00006f17) x30 0x80010412
core   0: 0x8000a416 (0xbe3f2723) sw      gp, -1042(t5)
core   0: 3 0x8000a416 (0xbe3f2723) mem 0x80010000 0x00000001
core   0: 0x8000a41a (0x0000bfe5) c.j     pc - 8
core   0: 3 0x8000a41a (0xbfe5)
core   0: 0x8000a412 (0x00006f17) auipc   t5, 0x6
core   0: 3 0x8000a412 (0x00006f17) x30 0x80010412
core   0: 0x8000a416 (0xbe3f2723) sw      gp, -1042(t5)
core   0: 3 0x8000a416 (0xbe3f2723) mem 0x80010000 0x00000001
core   0: 0x8000a41a (0x0000bfe5) c.j     pc - 8
core   0: 3 0x8000a41a (0xbfe5)
core   0: 0x8000a412 (0x00006f17) auipc   t5, 0x6
core   0: 3 0x8000a412 (0x00006f17) x30 0x80010412
core   0: 0x8000a416 (0xbe3f2723) sw      gp, -1042(t5)
core   0: 3 0x8000a416 (0xbe3f2723) mem 0x80010000 0x00000001
core   0: 0x8000a41a (0x0000bfe5) c.j     pc - 8
core   0: 3 0x8000a41a (0xbfe5)
core   0: 0x8000a412 (0x00006f17) auipc   t5, 0x6
core   0: 3 0x8000a412 (0x00006f17) x30 0x80010412
core   0: 0x8000a416 (0xbe3f2723) sw      gp, -1042(t5)
core   0: 3 0x8000a416 (0xbe3f2723) mem 0x80010000 0x00000001
core   0: 0x8000a41a (0x0000bfe5) c.j     pc - 8
core   0: 3 0x8000a41a (0xbfe5)
core   0: 0x8000a412 (0x00006f17) auipc   t5, 0x6
core   0: 3 0x8000a412 (0x00006f17) x30 0x80010412
core   0: 0x8000a416 (0xbe3f2723) sw      gp, -1042(t5)
core   0: 3 0x8000a416 (0xbe3f2723) mem 0x80010000 0x00000001
core   0: 0x8000a41a (0x0000bfe5) c.j     pc - 8
core   0: 3 0x8000a41a (0xbfe5)
core   0: 0x8000a412 (0x00006f17) auipc   t5, 0x6
core   0: 3 0x8000a412 (0x00006f17) x30 0x80010412
core   0: 0x8000a416 (0xbe3f2723) sw      gp, -1042(t5)
core   0: 3 0x8000a416 (0xbe3f2723) mem 0x80010000 0x00000001
core   0: 0x8000a41a (0x0000bfe5) c.j     pc - 8
core   0: 3 0x8000a41a (0xbfe5)
core   0: 0x8000a412 (0x00006f17) auipc   t5, 0x6
core   0: 3 0x8000a412 (0x00006f17) x30 0x80010412
core   0: 0x8000a416 (0xbe3f2723) sw      gp, -1042(t5)
core   0: 3 0x8000a416 (0xbe3f2723) mem 0x80010000 0x00000001
core   0: 0x8000a41a (0x0000bfe5) c.j     pc - 8
core   0: 3 0x8000a41a (0xbfe5)
core   0: 0x8000a412 (0x00006f17) auipc   t5, 0x6
core   0: 3 0x8000a412 (0x00006f17) x30 0x80010412
core   0: 0x8000a416 (0xbe3f2723) sw      gp, -1042(t5)
core   0: 3 0x8000a416 (0xbe3f2723) mem 0x80010000 0x00000001
core   0: 0x8000a41a (0x0000bfe5) c.j     pc - 8
core   0: 3 0x8000a41a (0xbfe5)
core   0: 0x8000a412 (0x00006f17) auipc   t5, 0x6
core   0: 3 0x8000a412 (0x00006f17) x30 0x80010412
core   0: 0x8000a416 (0xbe3f2723) sw      gp, -1042(t5)
core   0: 3 0x8000a416 (0xbe3f2723) mem 0x80010000 0x00000001
core   0: 0x8000a41a (0x0000bfe5) c.j     pc - 8
core   0: 3 0x8000a41a (0xbfe5)
core   0: 0x8000a412 (0x00006f17) auipc   t5, 0x6
core   0: 3 0x8000a412 (0x00006f17) x30 0x80010412
core   0: 0x8000a416 (0xbe3f2723) sw      gp, -1042(t5)
core   0: 3 0x8000a416 (0xbe3f2723) mem 0x80010000 0x00000001
core   0: 0x8000a41a (0x0000bfe5) c.j     pc - 8
core   0: 3 0x8000a41a (0xbfe5)
core   0: 0x8000a412 (0x00006f17) auipc   t5, 0x6
core   0: 3 0x8000a412 (0x00006f17) x30 0x80010412
core   0: 0x8000a416 (0xbe3f2723) sw      gp, -1042(t5)
core   0: 3 0x8000a416 (0xbe3f2723) mem 0x80010000 0x00000001
core   0: 0x8000a41a (0x0000bfe5) c.j     pc - 8
core   0: 3 0x8000a41a (0xbfe5)
core   0: 0x8000a412 (0x00006f17) auipc   t5, 0x6
core   0: 3 0x8000a412 (0x00006f17) x30 0x80010412
core   0: 0x8000a416 (0xbe3f2723) sw      gp, -1042(t5)
core   0: 3 0x8000a416 (0xbe3f2723) mem 0x80010000 0x00000001
core   0: 0x8000a41a (0x0000bfe5) c.j     pc - 8
core   0: 3 0x8000a41a (0xbfe5)
core   0: 0x8000a412 (0x00006f17) auipc   t5, 0x6
core   0: 3 0x8000a412 (0x00006f17) x30 0x80010412
core   0: 0x8000a416 (0xbe3f2723) sw      gp, -1042(t5)
core   0: 3 0x8000a416 (0xbe3f2723) mem 0x80010000 0x00000001
core   0: 0x8000a41a (0x0000bfe5) c.j     pc - 8
core   0: 3 0x8000a41a (0xbfe5)
core   0: 0x8000a412 (0x00006f17) auipc   t5, 0x6
core   0: 3 0x8000a412 (0x00006f17) x30 0x80010412
core   0: 0x8000a416 (0xbe3f2723) sw      gp, -1042(t5)
core   0: 3 0x8000a416 (0xbe3f2723) mem 0x80010000 0x00000001
core   0: 0x8000a41a (0x0000bfe5) c.j     pc - 8
core   0: 3 0x8000a41a (0xbfe5)
core   0: 0x8000a412 (0x00006f17) auipc   t5, 0x6
core   0: 3 0x8000a412 (0x00006f17) x30 0x80010412
core   0: 0x8000a416 (0xbe3f2723) sw      gp, -1042(t5)
core   0: 3 0x8000a416 (0xbe3f2723) mem 0x80010000 0x00000001
core   0: 0x8000a41a (0x0000bfe5) c.j     pc - 8
core   0: 3 0x8000a41a (0xbfe5)
core   0: 0x8000a412 (0x00006f17) auipc   t5, 0x6
core   0: 3 0x8000a412 (0x00006f17) x30 0x80010412
core   0: 0x8000a416 (0xbe3f2723) sw      gp, -1042(t5)
core   0: 3 0x8000a416 (0xbe3f2723) mem 0x80010000 0x00000001
core   0: 0x8000a41a (0x0000bfe5) c.j     pc - 8
core   0: 3 0x8000a41a (0xbfe5)
core   0: 0x8000a412 (0x00006f17) auipc   t5, 0x6
core   0: 3 0x8000a412 (0x00006f17) x30 0x80010412
core   0: 0x8000a416 (0xbe3f2723) sw      gp, -1042(t5)
core   0: 3 0x8000a416 (0xbe3f2723) mem 0x80010000 0x00000001
core   0: 0x8000a41a (0x0000bfe5) c.j     pc - 8
core   0: 3 0x8000a41a (0xbfe5)
core   0: 0x8000a412 (0x00006f17) auipc   t5, 0x6
core   0: 3 0x8000a412 (0x00006f17) x30 0x80010412
core   0: 0x8000a416 (0xbe3f2723) sw      gp, -1042(t5)
core   0: 3 0x8000a416 (0xbe3f2723) mem 0x80010000 0x00000001
core   0: 0x8000a41a (0x0000bfe5) c.j     pc - 8
core   0: 3 0x8000a41a (0xbfe5)
core   0: 0x8000a412 (0x00006f17) auipc   t5, 0x6
core   0: 3 0x8000a412 (0x00006f17) x30 0x80010412
core   0: 0x8000a416 (0xbe3f2723) sw      gp, -1042(t5)
core   0: 3 0x8000a416 (0xbe3f2723) mem 0x80010000 0x00000001
core   0: 0x8000a41a (0x0000bfe5) c.j     pc - 8
core   0: 3 0x8000a41a (0xbfe5)
core   0: 0x8000a412 (0x00006f17) auipc   t5, 0x6
core   0: 3 0x8000a412 (0x00006f17) x30 0x80010412
core   0: 0x8000a416 (0xbe3f2723) sw      gp, -1042(t5)
core   0: 3 0x8000a416 (0xbe3f2723) mem 0x80010000 0x00000001
core   0: 0x8000a41a (0x0000bfe5) c.j     pc - 8
core   0: 3 0x8000a41a (0xbfe5)
core   0: 0x8000a412 (0x00006f17) auipc   t5, 0x6
core   0: 3 0x8000a412 (0x00006f17) x30 0x80010412
core   0: 0x8000a416 (0xbe3f2723) sw      gp, -1042(t5)
core   0: 3 0x8000a416 (0xbe3f2723) mem 0x80010000 0x00000001
core   0: 0x8000a41a (0x0000bfe5) c.j     pc - 8
core   0: 3 0x8000a41a (0xbfe5)
core   0: 0x8000a412 (0x00006f17) auipc   t5, 0x6
core   0: 3 0x8000a412 (0x00006f17) x30 0x80010412
core   0: 0x8000a416 (0xbe3f2723) sw      gp, -1042(t5)
core   0: 3 0x8000a416 (0xbe3f2723) mem 0x80010000 0x00000001
core   0: 0x8000a41a (0x0000bfe5) c.j     pc - 8
core   0: 3 0x8000a41a (0xbfe5)
core   0: 0x8000a412 (0x00006f17) auipc   t5, 0x6
core   0: 3 0x8000a412 (0x00006f17) x30 0x80010412
core   0: 0x8000a416 (0xbe3f2723) sw      gp, -1042(t5)
core   0: 3 0x8000a416 (0xbe3f2723) mem 0x80010000 0x00000001
core   0: 0x8000a41a (0x0000bfe5) c.j     pc - 8
core   0: 3 0x8000a41a (0xbfe5)
core   0: 0x8000a412 (0x00006f17) auipc   t5, 0x6
core   0: 3 0x8000a412 (0x00006f17) x30 0x80010412
core   0: 0x8000a416 (0xbe3f2723) sw      gp, -1042(t5)
core   0: 3 0x8000a416 (0xbe3f2723) mem 0x80010000 0x00000001
core   0: 0x8000a41a (0x0000bfe5) c.j     pc - 8
core   0: 3 0x8000a41a (0xbfe5)
core   0: 0x8000a412 (0x00006f17) auipc   t5, 0x6
core   0: 3 0x8000a412 (0x00006f17) x30 0x80010412
core   0: 0x8000a416 (0xbe3f2723) sw      gp, -1042(t5)
core   0: 3 0x8000a416 (0xbe3f2723) mem 0x80010000 0x00000001
core   0: 0x8000a41a (0x0000bfe5) c.j     pc - 8
core   0: 3 0x8000a41a (0xbfe5)
core   0: 0x8000a412 (0x00006f17) auipc   t5, 0x6
core   0: 3 0x8000a412 (0x00006f17) x30 0x80010412
core   0: 0x8000a416 (0xbe3f2723) sw      gp, -1042(t5)
core   0: 3 0x8000a416 (0xbe3f2723) mem 0x80010000 0x00000001
core   0: 0x8000a41a (0x0000bfe5) c.j     pc - 8
core   0: 3 0x8000a41a (0xbfe5)
core   0: 0x8000a412 (0x00006f17) auipc   t5, 0x6
core   0: 3 0x8000a412 (0x00006f17) x30 0x80010412
core   0: 0x8000a416 (0xbe3f2723) sw      gp, -1042(t5)
core   0: 3 0x8000a416 (0xbe3f2723) mem 0x80010000 0x00000001
core   0: 0x8000a41a (0x0000bfe5) c.j     pc - 8
core   0: 3 0x8000a41a (0xbfe5)
core   0: 0x8000a412 (0x00006f17) auipc   t5, 0x6
core   0: 3 0x8000a412 (0x00006f17) x30 0x80010412
core   0: 0x8000a416 (0xbe3f2723) sw      gp, -1042(t5)
core   0: 3 0x8000a416 (0xbe3f2723) mem 0x80010000 0x00000001
core   0: 0x8000a41a (0x0000bfe5) c.j     pc - 8
core   0: 3 0x8000a41a (0xbfe5)
core   0: 0x8000a412 (0x00006f17) auipc   t5, 0x6
core   0: 3 0x8000a412 (0x00006f17) x30 0x80010412
core   0: 0x8000a416 (0xbe3f2723) sw      gp, -1042(t5)
core   0: 3 0x8000a416 (0xbe3f2723) mem 0x80010000 0x00000001
core   0: 0x8000a41a (0x0000bfe5) c.j     pc - 8
core   0: 3 0x8000a41a (0xbfe5)
core   0: 0x8000a412 (0x00006f17) auipc   t5, 0x6
core   0: 3 0x8000a412 (0x00006f17) x30 0x80010412
core   0: 0x8000a416 (0xbe3f2723) sw      gp, -1042(t5)
core   0: 3 0x8000a416 (0xbe3f2723) mem 0x80010000 0x00000001
core   0: 0x8000a41a (0x0000bfe5) c.j     pc - 8
core   0: 3 0x8000a41a (0xbfe5)
core   0: 0x8000a412 (0x00006f17) auipc   t5, 0x6
core   0: 3 0x8000a412 (0x00006f17) x30 0x80010412
core   0: 0x8000a416 (0xbe3f2723) sw      gp, -1042(t5)
core   0: 3 0x8000a416 (0xbe3f2723) mem 0x80010000 0x00000001
core   0: 0x8000a41a (0x0000bfe5) c.j     pc - 8
core   0: 3 0x8000a41a (0xbfe5)
core   0: 0x8000a412 (0x00006f17) auipc   t5, 0x6
core   0: 3 0x8000a412 (0x00006f17) x30 0x80010412
core   0: 0x8000a416 (0xbe3f2723) sw      gp, -1042(t5)
core   0: 3 0x8000a416 (0xbe3f2723) mem 0x80010000 0x00000001
core   0: 0x8000a41a (0x0000bfe5) c.j     pc - 8
core   0: 3 0x8000a41a (0xbfe5)
core   0: 0x8000a412 (0x00006f17) auipc   t5, 0x6
core   0: 3 0x8000a412 (0x00006f17) x30 0x80010412
core   0: 0x8000a416 (0xbe3f2723) sw      gp, -1042(t5)
core   0: 3 0x8000a416 (0xbe3f2723) mem 0x80010000 0x00000001
core   0: 0x8000a41a (0x0000bfe5) c.j     pc - 8
core   0: 3 0x8000a41a (0xbfe5)
core   0: 0x8000a412 (0x00006f17) auipc   t5, 0x6
core   0: 3 0x8000a412 (0x00006f17) x30 0x80010412
core   0: 0x8000a416 (0xbe3f2723) sw      gp, -1042(t5)
core   0: 3 0x8000a416 (0xbe3f2723) mem 0x80010000 0x00000001
core   0: 0x8000a41a (0x0000bfe5) c.j     pc - 8
core   0: 3 0x8000a41a (0xbfe5)
core   0: 0x8000a412 (0x00006f17) auipc   t5, 0x6
core   0: 3 0x8000a412 (0x00006f17) x30 0x80010412
core   0: 0x8000a416 (0xbe3f2723) sw      gp, -1042(t5)
core   0: 3 0x8000a416 (0xbe3f2723) mem 0x80010000 0x00000001
core   0: 0x8000a41a (0x0000bfe5) c.j     pc - 8
core   0: 3 0x8000a41a (0xbfe5)
core   0: 0x8000a412 (0x00006f17) auipc   t5, 0x6
core   0: 3 0x8000a412 (0x00006f17) x30 0x80010412
core   0: 0x8000a416 (0xbe3f2723) sw      gp, -1042(t5)
core   0: 3 0x8000a416 (0xbe3f2723) mem 0x80010000 0x00000001
core   0: 0x8000a41a (0x0000bfe5) c.j     pc - 8
core   0: 3 0x8000a41a (0xbfe5)
core   0: 0x8000a412 (0x00006f17) auipc   t5, 0x6
core   0: 3 0x8000a412 (0x00006f17) x30 0x80010412
core   0: 0x8000a416 (0xbe3f2723) sw      gp, -1042(t5)
core   0: 3 0x8000a416 (0xbe3f2723) mem 0x80010000 0x00000001
core   0: 0x8000a41a (0x0000bfe5) c.j     pc - 8
core   0: 3 0x8000a41a (0xbfe5)
core   0: 0x8000a412 (0x00006f17) auipc   t5, 0x6
core   0: 3 0x8000a412 (0x00006f17) x30 0x80010412
core   0: 0x8000a416 (0xbe3f2723) sw      gp, -1042(t5)
core   0: 3 0x8000a416 (0xbe3f2723) mem 0x80010000 0x00000001
core   0: 0x8000a41a (0x0000bfe5) c.j     pc - 8
core   0: 3 0x8000a41a (0xbfe5)
core   0: 0x8000a412 (0x00006f17) auipc   t5, 0x6
core   0: 3 0x8000a412 (0x00006f17) x30 0x80010412
core   0: 0x8000a416 (0xbe3f2723) sw      gp, -1042(t5)
core   0: 3 0x8000a416 (0xbe3f2723) mem 0x80010000 0x00000001
core   0: 0x8000a41a (0x0000bfe5) c.j     pc - 8
core   0: 3 0x8000a41a (0xbfe5)
core   0: 0x8000a412 (0x00006f17) auipc   t5, 0x6
core   0: 3 0x8000a412 (0x00006f17) x30 0x80010412
core   0: 0x8000a416 (0xbe3f2723) sw      gp, -1042(t5)
core   0: 3 0x8000a416 (0xbe3f2723) mem 0x80010000 0x00000001
core   0: 0x8000a41a (0x0000bfe5) c.j     pc - 8
core   0: 3 0x8000a41a (0xbfe5)
core   0: 0x8000a412 (0x00006f17) auipc   t5, 0x6
core   0: 3 0x8000a412 (0x00006f17) x30 0x80010412
core   0: 0x8000a416 (0xbe3f2723) sw      gp, -1042(t5)
core   0: 3 0x8000a416 (0xbe3f2723) mem 0x80010000 0x00000001
core   0: 0x8000a41a (0x0000bfe5) c.j     pc - 8
core   0: 3 0x8000a41a (0xbfe5)
core   0: 0x8000a412 (0x00006f17) auipc   t5, 0x6
core   0: 3 0x8000a412 (0x00006f17) x30 0x80010412
core   0: 0x8000a416 (0xbe3f2723) sw      gp, -1042(t5)
core   0: 3 0x8000a416 (0xbe3f2723) mem 0x80010000 0x00000001
core   0: 0x8000a41a (0x0000bfe5) c.j     pc - 8
core   0: 3 0x8000a41a (0xbfe5)
core   0: 0x8000a412 (0x00006f17) auipc   t5, 0x6
core   0: 3 0x8000a412 (0x00006f17) x30 0x80010412
core   0: 0x8000a416 (0xbe3f2723) sw      gp, -1042(t5)
core   0: 3 0x8000a416 (0xbe3f2723) mem 0x80010000 0x00000001
core   0: 0x8000a41a (0x0000bfe5) c.j     pc - 8
core   0: 3 0x8000a41a (0xbfe5)
core   0: 0x8000a412 (0x00006f17) auipc   t5, 0x6
core   0: 3 0x8000a412 (0x00006f17) x30 0x80010412
core   0: 0x8000a416 (0xbe3f2723) sw      gp, -1042(t5)
core   0: 3 0x8000a416 (0xbe3f2723) mem 0x80010000 0x00000001
core   0: 0x8000a41a (0x0000bfe5) c.j     pc - 8
core   0: 3 0x8000a41a (0xbfe5)
core   0: 0x8000a412 (0x00006f17) auipc   t5, 0x6
core   0: 3 0x8000a412 (0x00006f17) x30 0x80010412
core   0: 0x8000a416 (0xbe3f2723) sw      gp, -1042(t5)
core   0: 3 0x8000a416 (0xbe3f2723) mem 0x80010000 0x00000001
core   0: 0x8000a41a (0x0000bfe5) c.j     pc - 8
core   0: 3 0x8000a41a (0xbfe5)
core   0: 0x8000a412 (0x00006f17) auipc   t5, 0x6
core   0: 3 0x8000a412 (0x00006f17) x30 0x80010412
core   0: 0x8000a416 (0xbe3f2723) sw      gp, -1042(t5)
core   0: 3 0x8000a416 (0xbe3f2723) mem 0x80010000 0x00000001
core   0: 0x8000a41a (0x0000bfe5) c.j     pc - 8
core   0: 3 0x8000a41a (0xbfe5)
core   0: 0x8000a412 (0x00006f17) auipc   t5, 0x6
core   0: 3 0x8000a412 (0x00006f17) x30 0x80010412
core   0: 0x8000a416 (0xbe3f2723) sw      gp, -1042(t5)
core   0: 3 0x8000a416 (0xbe3f2723) mem 0x80010000 0x00000001
core   0: 0x8000a41a (0x0000bfe5) c.j     pc - 8
core   0: 3 0x8000a41a (0xbfe5)
core   0: 0x8000a412 (0x00006f17) auipc   t5, 0x6
core   0: 3 0x8000a412 (0x00006f17) x30 0x80010412
core   0: 0x8000a416 (0xbe3f2723) sw      gp, -1042(t5)
core   0: 3 0x8000a416 (0xbe3f2723) mem 0x80010000 0x00000001
core   0: 0x8000a41a (0x0000bfe5) c.j     pc - 8
core   0: 3 0x8000a41a (0xbfe5)
core   0: 0x8000a412 (0x00006f17) auipc   t5, 0x6
core   0: 3 0x8000a412 (0x00006f17) x30 0x80010412
core   0: 0x8000a416 (0xbe3f2723) sw      gp, -1042(t5)
core   0: 3 0x8000a416 (0xbe3f2723) mem 0x80010000 0x00000001
core   0: 0x8000a41a (0x0000bfe5) c.j     pc - 8
core   0: 3 0x8000a41a (0xbfe5)
core   0: 0x8000a412 (0x00006f17) auipc   t5, 0x6
core   0: 3 0x8000a412 (0x00006f17) x30 0x80010412
core   0: 0x8000a416 (0xbe3f2723) sw      gp, -1042(t5)
core   0: 3 0x8000a416 (0xbe3f2723) mem 0x80010000 0x00000001
core   0: 0x8000a41a (0x0000bfe5) c.j     pc - 8
core   0: 3 0x8000a41a (0xbfe5)
core   0: 0x8000a412 (0x00006f17) auipc   t5, 0x6
core   0: 3 0x8000a412 (0x00006f17) x30 0x80010412
core   0: 0x8000a416 (0xbe3f2723) sw      gp, -1042(t5)
core   0: 3 0x8000a416 (0xbe3f2723) mem 0x80010000 0x00000001
core   0: 0x8000a41a (0x0000bfe5) c.j     pc - 8
core   0: 3 0x8000a41a (0xbfe5)
core   0: 0x8000a412 (0x00006f17) auipc   t5, 0x6
core   0: 3 0x8000a412 (0x00006f17) x30 0x80010412
core   0: 0x8000a416 (0xbe3f2723) sw      gp, -1042(t5)
core   0: 3 0x8000a416 (0xbe3f2723) mem 0x80010000 0x00000001
core   0: 0x8000a41a (0x0000bfe5) c.j     pc - 8
core   0: 3 0x8000a41a (0xbfe5)
core   0: 0x8000a412 (0x00006f17) auipc   t5, 0x6
core   0: 3 0x8000a412 (0x00006f17) x30 0x80010412
core   0: 0x8000a416 (0xbe3f2723) sw      gp, -1042(t5)
core   0: 3 0x8000a416 (0xbe3f2723) mem 0x80010000 0x00000001
core   0: 0x8000a41a (0x0000bfe5) c.j     pc - 8
core   0: 3 0x8000a41a (0xbfe5)
core   0: 0x8000a412 (0x00006f17) auipc   t5, 0x6
core   0: 3 0x8000a412 (0x00006f17) x30 0x80010412
core   0: 0x8000a416 (0xbe3f2723) sw      gp, -1042(t5)
core   0: 3 0x8000a416 (0xbe3f2723) mem 0x80010000 0x00000001
core   0: 0x8000a41a (0x0000bfe5) c.j     pc - 8
core   0: 3 0x8000a41a (0xbfe5)
core   0: 0x8000a412 (0x00006f17) auipc   t5, 0x6
core   0: 3 0x8000a412 (0x00006f17) x30 0x80010412
core   0: 0x8000a416 (0xbe3f2723) sw      gp, -1042(t5)
core   0: 3 0x8000a416 (0xbe3f2723) mem 0x80010000 0x00000001
core   0: 0x8000a41a (0x0000bfe5) c.j     pc - 8
core   0: 3 0x8000a41a (0xbfe5)
core   0: 0x8000a412 (0x00006f17) auipc   t5, 0x6
core   0: 3 0x8000a412 (0x00006f17) x30 0x80010412
core   0: 0x8000a416 (0xbe3f2723) sw      gp, -1042(t5)
core   0: 3 0x8000a416 (0xbe3f2723) mem 0x80010000 0x00000001
core   0: 0x8000a41a (0x0000bfe5) c.j     pc - 8
core   0: 3 0x8000a41a (0xbfe5)
core   0: 0x8000a412 (0x00006f17) auipc   t5, 0x6
core   0: 3 0x8000a412 (0x00006f17) x30 0x80010412
core   0: 0x8000a416 (0xbe3f2723) sw      gp, -1042(t5)
core   0: 3 0x8000a416 (0xbe3f2723) mem 0x80010000 0x00000001
core   0: 0x8000a41a (0x0000bfe5) c.j     pc - 8
core   0: 3 0x8000a41a (0xbfe5)
core   0: 0x8000a412 (0x00006f17) auipc   t5, 0x6
core   0: 3 0x8000a412 (0x00006f17) x30 0x80010412
core   0: 0x8000a416 (0xbe3f2723) sw      gp, -1042(t5)
core   0: 3 0x8000a416 (0xbe3f2723) mem 0x80010000 0x00000001
core   0: 0x8000a41a (0x0000bfe5) c.j     pc - 8
core   0: 3 0x8000a41a (0xbfe5)
core   0: 0x8000a412 (0x00006f17) auipc   t5, 0x6
core   0: 3 0x8000a412 (0x00006f17) x30 0x80010412
core   0: 0x8000a416 (0xbe3f2723) sw      gp, -1042(t5)
core   0: 3 0x8000a416 (0xbe3f2723) mem 0x80010000 0x00000001
core   0: 0x8000a41a (0x0000bfe5) c.j     pc - 8
core   0: 3 0x8000a41a (0xbfe5)
core   0: 0x8000a412 (0x00006f17) auipc   t5, 0x6
core   0: 3 0x8000a412 (0x00006f17) x30 0x80010412
core   0: 0x8000a416 (0xbe3f2723) sw      gp, -1042(t5)
core   0: 3 0x8000a416 (0xbe3f2723) mem 0x80010000 0x00000001
core   0: 0x8000a41a (0x0000bfe5) c.j     pc - 8
core   0: 3 0x8000a41a (0xbfe5)
core   0: 0x8000a412 (0x00006f17) auipc   t5, 0x6
core   0: 3 0x8000a412 (0x00006f17) x30 0x80010412
core   0: 0x8000a416 (0xbe3f2723) sw      gp, -1042(t5)
core   0: 3 0x8000a416 (0xbe3f2723) mem 0x80010000 0x00000001
core   0: 0x8000a41a (0x0000bfe5) c.j     pc - 8
core   0: 3 0x8000a41a (0xbfe5)
core   0: 0x8000a412 (0x00006f17) auipc   t5, 0x6
core   0: 3 0x8000a412 (0x00006f17) x30 0x80010412
core   0: 0x8000a416 (0xbe3f2723) sw      gp, -1042(t5)
core   0: 3 0x8000a416 (0xbe3f2723) mem 0x80010000 0x00000001
core   0: 0x8000a41a (0x0000bfe5) c.j     pc - 8
core   0: 3 0x8000a41a (0xbfe5)
core   0: 0x8000a412 (0x00006f17) auipc   t5, 0x6
core   0: 3 0x8000a412 (0x00006f17) x30 0x80010412
core   0: 0x8000a416 (0xbe3f2723) sw      gp, -1042(t5)
core   0: 3 0x8000a416 (0xbe3f2723) mem 0x80010000 0x00000001
core   0: 0x8000a41a (0x0000bfe5) c.j     pc - 8
core   0: 3 0x8000a41a (0xbfe5)
core   0: 0x8000a412 (0x00006f17) auipc   t5, 0x6
core   0: 3 0x8000a412 (0x00006f17) x30 0x80010412
core   0: 0x8000a416 (0xbe3f2723) sw      gp, -1042(t5)
core   0: 3 0x8000a416 (0xbe3f2723) mem 0x80010000 0x00000001
core   0: 0x8000a41a (0x0000bfe5) c.j     pc - 8
core   0: 3 0x8000a41a (0xbfe5)
core   0: 0x8000a412 (0x00006f17) auipc   t5, 0x6
core   0: 3 0x8000a412 (0x00006f17) x30 0x80010412
core   0: 0x8000a416 (0xbe3f2723) sw      gp, -1042(t5)
core   0: 3 0x8000a416 (0xbe3f2723) mem 0x80010000 0x00000001
core   0: 0x8000a41a (0x0000bfe5) c.j     pc - 8
core   0: 3 0x8000a41a (0xbfe5)
core   0: 0x8000a412 (0x00006f17) auipc   t5, 0x6
core   0: 3 0x8000a412 (0x00006f17) x30 0x80010412
core   0: 0x8000a416 (0xbe3f2723) sw      gp, -1042(t5)
core   0: 3 0x8000a416 (0xbe3f2723) mem 0x80010000 0x00000001
core   0: 0x8000a41a (0x0000bfe5) c.j     pc - 8
core   0: 3 0x8000a41a (0xbfe5)
core   0: 0x8000a412 (0x00006f17) auipc   t5, 0x6
core   0: 3 0x8000a412 (0x00006f17) x30 0x80010412
core   0: 0x8000a416 (0xbe3f2723) sw      gp, -1042(t5)
core   0: 3 0x8000a416 (0xbe3f2723) mem 0x80010000 0x00000001
core   0: 0x8000a41a (0x0000bfe5) c.j     pc - 8
core   0: 3 0x8000a41a (0xbfe5)
core   0: 0x8000a412 (0x00006f17) auipc   t5, 0x6
core   0: 3 0x8000a412 (0x00006f17) x30 0x80010412
core   0: 0x8000a416 (0xbe3f2723) sw      gp, -1042(t5)
core   0: 3 0x8000a416 (0xbe3f2723) mem 0x80010000 0x00000001
core   0: 0x8000a41a (0x0000bfe5) c.j     pc - 8
core   0: 3 0x8000a41a (0xbfe5)
core   0: 0x8000a412 (0x00006f17) auipc   t5, 0x6
core   0: 3 0x8000a412 (0x00006f17) x30 0x80010412
core   0: 0x8000a416 (0xbe3f2723) sw      gp, -1042(t5)
core   0: 3 0x8000a416 (0xbe3f2723) mem 0x80010000 0x00000001
core   0: 0x8000a41a (0x0000bfe5) c.j     pc - 8
core   0: 3 0x8000a41a (0xbfe5)
core   0: 0x8000a412 (0x00006f17) auipc   t5, 0x6
core   0: 3 0x8000a412 (0x00006f17) x30 0x80010412
core   0: 0x8000a416 (0xbe3f2723) sw      gp, -1042(t5)
core   0: 3 0x8000a416 (0xbe3f2723) mem 0x80010000 0x00000001
core   0: 0x8000a41a (0x0000bfe5) c.j     pc - 8
core   0: 3 0x8000a41a (0xbfe5)
core   0: 0x8000a412 (0x00006f17) auipc   t5, 0x6
core   0: 3 0x8000a412 (0x00006f17) x30 0x80010412
core   0: 0x8000a416 (0xbe3f2723) sw      gp, -1042(t5)
core   0: 3 0x8000a416 (0xbe3f2723) mem 0x80010000 0x00000001
core   0: 0x8000a41a (0x0000bfe5) c.j     pc - 8
core   0: 3 0x8000a41a (0xbfe5)
core   0: 0x8000a412 (0x00006f17) auipc   t5, 0x6
core   0: 3 0x8000a412 (0x00006f17) x30 0x80010412
core   0: 0x8000a416 (0xbe3f2723) sw      gp, -1042(t5)
core   0: 3 0x8000a416 (0xbe3f2723) mem 0x80010000 0x00000001
core   0: 0x8000a41a (0x0000bfe5) c.j     pc - 8
core   0: 3 0x8000a41a (0xbfe5)
core   0: 0x8000a412 (0x00006f17) auipc   t5, 0x6
core   0: 3 0x8000a412 (0x00006f17) x30 0x80010412
core   0: 0x8000a416 (0xbe3f2723) sw      gp, -1042(t5)
core   0: 3 0x8000a416 (0xbe3f2723) mem 0x80010000 0x00000001
core   0: 0x8000a41a (0x0000bfe5) c.j     pc - 8
core   0: 3 0x8000a41a (0xbfe5)
core   0: 0x8000a412 (0x00006f17) auipc   t5, 0x6
core   0: 3 0x8000a412 (0x00006f17) x30 0x80010412
core   0: 0x8000a416 (0xbe3f2723) sw      gp, -1042(t5)
core   0: 3 0x8000a416 (0xbe3f2723) mem 0x80010000 0x00000001
core   0: 0x8000a41a (0x0000bfe5) c.j     pc - 8
core   0: 3 0x8000a41a (0xbfe5)
core   0: 0x8000a412 (0x00006f17) auipc   t5, 0x6
core   0: 3 0x8000a412 (0x00006f17) x30 0x80010412
core   0: 0x8000a416 (0xbe3f2723) sw      gp, -1042(t5)
core   0: 3 0x8000a416 (0xbe3f2723) mem 0x80010000 0x00000001
core   0: 0x8000a41a (0x0000bfe5) c.j     pc - 8
core   0: 3 0x8000a41a (0xbfe5)
core   0: 0x8000a412 (0x00006f17) auipc   t5, 0x6
core   0: 3 0x8000a412 (0x00006f17) x30 0x80010412
core   0: 0x8000a416 (0xbe3f2723) sw      gp, -1042(t5)
core   0: 3 0x8000a416 (0xbe3f2723) mem 0x80010000 0x00000001
core   0: 0x8000a41a (0x0000bfe5) c.j     pc - 8
core   0: 3 0x8000a41a (0xbfe5)
core   0: 0x8000a412 (0x00006f17) auipc   t5, 0x6
core   0: 3 0x8000a412 (0x00006f17) x30 0x80010412
core   0: 0x8000a416 (0xbe3f2723) sw      gp, -1042(t5)
core   0: 3 0x8000a416 (0xbe3f2723) mem 0x80010000 0x00000001
core   0: 0x8000a41a (0x0000bfe5) c.j     pc - 8
core   0: 3 0x8000a41a (0xbfe5)
core   0: 0x8000a412 (0x00006f17) auipc   t5, 0x6
core   0: 3 0x8000a412 (0x00006f17) x30 0x80010412
core   0: 0x8000a416 (0xbe3f2723) sw      gp, -1042(t5)
core   0: 3 0x8000a416 (0xbe3f2723) mem 0x80010000 0x00000001
core   0: 0x8000a41a (0x0000bfe5) c.j     pc - 8
core   0: 3 0x8000a41a (0xbfe5)
core   0: 0x8000a412 (0x00006f17) auipc   t5, 0x6
core   0: 3 0x8000a412 (0x00006f17) x30 0x80010412
core   0: 0x8000a416 (0xbe3f2723) sw      gp, -1042(t5)
core   0: 3 0x8000a416 (0xbe3f2723) mem 0x80010000 0x00000001
core   0: 0x8000a41a (0x0000bfe5) c.j     pc - 8
core   0: 3 0x8000a41a (0xbfe5)
core   0: 0x8000a412 (0x00006f17) auipc   t5, 0x6
core   0: 3 0x8000a412 (0x00006f17) x30 0x80010412
core   0: 0x8000a416 (0xbe3f2723) sw      gp, -1042(t5)
core   0: 3 0x8000a416 (0xbe3f2723) mem 0x80010000 0x00000001
core   0: 0x8000a41a (0x0000bfe5) c.j     pc - 8
core   0: 3 0x8000a41a (0xbfe5)
core   0: 0x8000a412 (0x00006f17) auipc   t5, 0x6
core   0: 3 0x8000a412 (0x00006f17) x30 0x80010412
core   0: 0x8000a416 (0xbe3f2723) sw      gp, -1042(t5)
core   0: 3 0x8000a416 (0xbe3f2723) mem 0x80010000 0x00000001
core   0: 0x8000a41a (0x0000bfe5) c.j     pc - 8
core   0: 3 0x8000a41a (0xbfe5)
core   0: 0x8000a412 (0x00006f17) auipc   t5, 0x6
core   0: 3 0x8000a412 (0x00006f17) x30 0x80010412
core   0: 0x8000a416 (0xbe3f2723) sw      gp, -1042(t5)
core   0: 3 0x8000a416 (0xbe3f2723) mem 0x80010000 0x00000001
core   0: 0x8000a41a (0x0000bfe5) c.j     pc - 8
core   0: 3 0x8000a41a (0xbfe5)
core   0: 0x8000a412 (0x00006f17) auipc   t5, 0x6
core   0: 3 0x8000a412 (0x00006f17) x30 0x80010412
core   0: 0x8000a416 (0xbe3f2723) sw      gp, -1042(t5)
core   0: 3 0x8000a416 (0xbe3f2723) mem 0x80010000 0x00000001
core   0: 0x8000a41a (0x0000bfe5) c.j     pc - 8
core   0: 3 0x8000a41a (0xbfe5)
core   0: 0x8000a412 (0x00006f17) auipc   t5, 0x6
core   0: 3 0x8000a412 (0x00006f17) x30 0x80010412
core   0: 0x8000a416 (0xbe3f2723) sw      gp, -1042(t5)
core   0: 3 0x8000a416 (0xbe3f2723) mem 0x80010000 0x00000001
core   0: 0x8000a41a (0x0000bfe5) c.j     pc - 8
core   0: 3 0x8000a41a (0xbfe5)
core   0: 0x8000a412 (0x00006f17) auipc   t5, 0x6
core   0: 3 0x8000a412 (0x00006f17) x30 0x80010412
core   0: 0x8000a416 (0xbe3f2723) sw      gp, -1042(t5)
core   0: 3 0x8000a416 (0xbe3f2723) mem 0x80010000 0x00000001
core   0: 0x8000a41a (0x0000bfe5) c.j     pc - 8
core   0: 3 0x8000a41a (0xbfe5)
core   0: 0x8000a412 (0x00006f17) auipc   t5, 0x6
core   0: 3 0x8000a412 (0x00006f17) x30 0x80010412
core   0: 0x8000a416 (0xbe3f2723) sw      gp, -1042(t5)
core   0: 3 0x8000a416 (0xbe3f2723) mem 0x80010000 0x00000001
core   0: 0x8000a41a (0x0000bfe5) c.j     pc - 8
core   0: 3 0x8000a41a (0xbfe5)
core   0: 0x8000a412 (0x00006f17) auipc   t5, 0x6
core   0: 3 0x8000a412 (0x00006f17) x30 0x80010412
core   0: 0x8000a416 (0xbe3f2723) sw      gp, -1042(t5)
core   0: 3 0x8000a416 (0xbe3f2723) mem 0x80010000 0x00000001
core   0: 0x8000a41a (0x0000bfe5) c.j     pc - 8
core   0: 3 0x8000a41a (0xbfe5)
core   0: 0x8000a412 (0x00006f17) auipc   t5, 0x6
core   0: 3 0x8000a412 (0x00006f17) x30 0x80010412
core   0: 0x8000a416 (0xbe3f2723) sw      gp, -1042(t5)
core   0: 3 0x8000a416 (0xbe3f2723) mem 0x80010000 0x00000001
core   0: 0x8000a41a (0x0000bfe5) c.j     pc - 8
core   0: 3 0x8000a41a (0xbfe5)
core   0: 0x8000a412 (0x00006f17) auipc   t5, 0x6
core   0: 3 0x8000a412 (0x00006f17) x30 0x80010412
core   0: 0x8000a416 (0xbe3f2723) sw      gp, -1042(t5)
core   0: 3 0x8000a416 (0xbe3f2723) mem 0x80010000 0x00000001
core   0: 0x8000a41a (0x0000bfe5) c.j     pc - 8
core   0: 3 0x8000a41a (0xbfe5)
core   0: 0x8000a412 (0x00006f17) auipc   t5, 0x6
core   0: 3 0x8000a412 (0x00006f17) x30 0x80010412
core   0: 0x8000a416 (0xbe3f2723) sw      gp, -1042(t5)
core   0: 3 0x8000a416 (0xbe3f2723) mem 0x80010000 0x00000001
core   0: 0x8000a41a (0x0000bfe5) c.j     pc - 8
core   0: 3 0x8000a41a (0xbfe5)
core   0: 0x8000a412 (0x00006f17) auipc   t5, 0x6
core   0: 3 0x8000a412 (0x00006f17) x30 0x80010412
core   0: 0x8000a416 (0xbe3f2723) sw      gp, -1042(t5)
core   0: 3 0x8000a416 (0xbe3f2723) mem 0x80010000 0x00000001
core   0: 0x8000a41a (0x0000bfe5) c.j     pc - 8
core   0: 3 0x8000a41a (0xbfe5)
core   0: 0x8000a412 (0x00006f17) auipc   t5, 0x6
core   0: 3 0x8000a412 (0x00006f17) x30 0x80010412
core   0: 0x8000a416 (0xbe3f2723) sw      gp, -1042(t5)
core   0: 3 0x8000a416 (0xbe3f2723) mem 0x80010000 0x00000001
core   0: 0x8000a41a (0x0000bfe5) c.j     pc - 8
core   0: 3 0x8000a41a (0xbfe5)
core   0: 0x8000a412 (0x00006f17) auipc   t5, 0x6
core   0: 3 0x8000a412 (0x00006f17) x30 0x80010412
core   0: 0x8000a416 (0xbe3f2723) sw      gp, -1042(t5)
core   0: 3 0x8000a416 (0xbe3f2723) mem 0x80010000 0x00000001
core   0: 0x8000a41a (0x0000bfe5) c.j     pc - 8
core   0: 3 0x8000a41a (0xbfe5)
core   0: 0x8000a412 (0x00006f17) auipc   t5, 0x6
core   0: 3 0x8000a412 (0x00006f17) x30 0x80010412
core   0: 0x8000a416 (0xbe3f2723) sw      gp, -1042(t5)
core   0: 3 0x8000a416 (0xbe3f2723) mem 0x80010000 0x00000001
core   0: 0x8000a41a (0x0000bfe5) c.j     pc - 8
core   0: 3 0x8000a41a (0xbfe5)
core   0: 0x8000a412 (0x00006f17) auipc   t5, 0x6
core   0: 3 0x8000a412 (0x00006f17) x30 0x80010412
core   0: 0x8000a416 (0xbe3f2723) sw      gp, -1042(t5)
core   0: 3 0x8000a416 (0xbe3f2723) mem 0x80010000 0x00000001
core   0: 0x8000a41a (0x0000bfe5) c.j     pc - 8
core   0: 3 0x8000a41a (0xbfe5)
core   0: 0x8000a412 (0x00006f17) auipc   t5, 0x6
core   0: 3 0x8000a412 (0x00006f17) x30 0x80010412
core   0: 0x8000a416 (0xbe3f2723) sw      gp, -1042(t5)
core   0: 3 0x8000a416 (0xbe3f2723) mem 0x80010000 0x00000001
core   0: 0x8000a41a (0x0000bfe5) c.j     pc - 8
core   0: 3 0x8000a41a (0xbfe5)
core   0: 0x8000a412 (0x00006f17) auipc   t5, 0x6
core   0: 3 0x8000a412 (0x00006f17) x30 0x80010412
core   0: 0x8000a416 (0xbe3f2723) sw      gp, -1042(t5)
core   0: 3 0x8000a416 (0xbe3f2723) mem 0x80010000 0x00000001
core   0: 0x8000a41a (0x0000bfe5) c.j     pc - 8
core   0: 3 0x8000a41a (0xbfe5)
core   0: 0x8000a412 (0x00006f17) auipc   t5, 0x6
core   0: 3 0x8000a412 (0x00006f17) x30 0x80010412
core   0: 0x8000a416 (0xbe3f2723) sw      gp, -1042(t5)
core   0: 3 0x8000a416 (0xbe3f2723) mem 0x80010000 0x00000001
core   0: 0x8000a41a (0x0000bfe5) c.j     pc - 8
core   0: 3 0x8000a41a (0xbfe5)
core   0: 0x8000a412 (0x00006f17) auipc   t5, 0x6
core   0: 3 0x8000a412 (0x00006f17) x30 0x80010412
core   0: 0x8000a416 (0xbe3f2723) sw      gp, -1042(t5)
core   0: 3 0x8000a416 (0xbe3f2723) mem 0x80010000 0x00000001
core   0: 0x8000a41a (0x0000bfe5) c.j     pc - 8
core   0: 3 0x8000a41a (0xbfe5)
core   0: 0x8000a412 (0x00006f17) auipc   t5, 0x6
core   0: 3 0x8000a412 (0x00006f17) x30 0x80010412
core   0: 0x8000a416 (0xbe3f2723) sw      gp, -1042(t5)
core   0: 3 0x8000a416 (0xbe3f2723) mem 0x80010000 0x00000001
core   0: 0x8000a41a (0x0000bfe5) c.j     pc - 8
core   0: 3 0x8000a41a (0xbfe5)
core   0: 0x8000a412 (0x00006f17) auipc   t5, 0x6
core   0: 3 0x8000a412 (0x00006f17) x30 0x80010412
core   0: 0x8000a416 (0xbe3f2723) sw      gp, -1042(t5)
core   0: 3 0x8000a416 (0xbe3f2723) mem 0x80010000 0x00000001
core   0: 0x8000a41a (0x0000bfe5) c.j     pc - 8
core   0: 3 0x8000a41a (0xbfe5)
core   0: 0x8000a412 (0x00006f17) auipc   t5, 0x6
core   0: 3 0x8000a412 (0x00006f17) x30 0x80010412
core   0: 0x8000a416 (0xbe3f2723) sw      gp, -1042(t5)
core   0: 3 0x8000a416 (0xbe3f2723) mem 0x80010000 0x00000001
core   0: 0x8000a41a (0x0000bfe5) c.j     pc - 8
core   0: 3 0x8000a41a (0xbfe5)
core   0: 0x8000a412 (0x00006f17) auipc   t5, 0x6
core   0: 3 0x8000a412 (0x00006f17) x30 0x80010412
core   0: 0x8000a416 (0xbe3f2723) sw      gp, -1042(t5)
core   0: 3 0x8000a416 (0xbe3f2723) mem 0x80010000 0x00000001
core   0: 0x8000a41a (0x0000bfe5) c.j     pc - 8
core   0: 3 0x8000a41a (0xbfe5)
core   0: 0x8000a412 (0x00006f17) auipc   t5, 0x6
core   0: 3 0x8000a412 (0x00006f17) x30 0x80010412
core   0: 0x8000a416 (0xbe3f2723) sw      gp, -1042(t5)
core   0: 3 0x8000a416 (0xbe3f2723) mem 0x80010000 0x00000001
core   0: 0x8000a41a (0x0000bfe5) c.j     pc - 8
core   0: 3 0x8000a41a (0xbfe5)
core   0: 0x8000a412 (0x00006f17) auipc   t5, 0x6
core   0: 3 0x8000a412 (0x00006f17) x30 0x80010412
core   0: 0x8000a416 (0xbe3f2723) sw      gp, -1042(t5)
core   0: 3 0x8000a416 (0xbe3f2723) mem 0x80010000 0x00000001
core   0: 0x8000a41a (0x0000bfe5) c.j     pc - 8
core   0: 3 0x8000a41a (0xbfe5)
core   0: 0x8000a412 (0x00006f17) auipc   t5, 0x6
core   0: 3 0x8000a412 (0x00006f17) x30 0x80010412
core   0: 0x8000a416 (0xbe3f2723) sw      gp, -1042(t5)
core   0: 3 0x8000a416 (0xbe3f2723) mem 0x80010000 0x00000001
core   0: 0x8000a41a (0x0000bfe5) c.j     pc - 8
core   0: 3 0x8000a41a (0xbfe5)
core   0: 0x8000a412 (0x00006f17) auipc   t5, 0x6
core   0: 3 0x8000a412 (0x00006f17) x30 0x80010412
core   0: 0x8000a416 (0xbe3f2723) sw      gp, -1042(t5)
core   0: 3 0x8000a416 (0xbe3f2723) mem 0x80010000 0x00000001
core   0: 0x8000a41a (0x0000bfe5) c.j     pc - 8
core   0: 3 0x8000a41a (0xbfe5)
core   0: 0x8000a412 (0x00006f17) auipc   t5, 0x6
core   0: 3 0x8000a412 (0x00006f17) x30 0x80010412
core   0: 0x8000a416 (0xbe3f2723) sw      gp, -1042(t5)
core   0: 3 0x8000a416 (0xbe3f2723) mem 0x80010000 0x00000001
core   0: 0x8000a41a (0x0000bfe5) c.j     pc - 8
core   0: 3 0x8000a41a (0xbfe5)
core   0: 0x8000a412 (0x00006f17) auipc   t5, 0x6
core   0: 3 0x8000a412 (0x00006f17) x30 0x80010412
core   0: 0x8000a416 (0xbe3f2723) sw      gp, -1042(t5)
core   0: 3 0x8000a416 (0xbe3f2723) mem 0x80010000 0x00000001
core   0: 0x8000a41a (0x0000bfe5) c.j     pc - 8
core   0: 3 0x8000a41a (0xbfe5)
core   0: 0x8000a412 (0x00006f17) auipc   t5, 0x6
core   0: 3 0x8000a412 (0x00006f17) x30 0x80010412
core   0: 0x8000a416 (0xbe3f2723) sw      gp, -1042(t5)
core   0: 3 0x8000a416 (0xbe3f2723) mem 0x80010000 0x00000001
core   0: 0x8000a41a (0x0000bfe5) c.j     pc - 8
core   0: 3 0x8000a41a (0xbfe5)
core   0: 0x8000a412 (0x00006f17) auipc   t5, 0x6
core   0: 3 0x8000a412 (0x00006f17) x30 0x80010412
core   0: 0x8000a416 (0xbe3f2723) sw      gp, -1042(t5)
core   0: 3 0x8000a416 (0xbe3f2723) mem 0x80010000 0x00000001
core   0: 0x8000a41a (0x0000bfe5) c.j     pc - 8
core   0: 3 0x8000a41a (0xbfe5)
core   0: 0x8000a412 (0x00006f17) auipc   t5, 0x6
core   0: 3 0x8000a412 (0x00006f17) x30 0x80010412
core   0: 0x8000a416 (0xbe3f2723) sw      gp, -1042(t5)
core   0: 3 0x8000a416 (0xbe3f2723) mem 0x80010000 0x00000001
core   0: 0x8000a41a (0x0000bfe5) c.j     pc - 8
core   0: 3 0x8000a41a (0xbfe5)
core   0: 0x8000a412 (0x00006f17) auipc   t5, 0x6
core   0: 3 0x8000a412 (0x00006f17) x30 0x80010412
core   0: 0x8000a416 (0xbe3f2723) sw      gp, -1042(t5)
core   0: 3 0x8000a416 (0xbe3f2723) mem 0x80010000 0x00000001
core   0: 0x8000a41a (0x0000bfe5) c.j     pc - 8
core   0: 3 0x8000a41a (0xbfe5)
core   0: 0x8000a412 (0x00006f17) auipc   t5, 0x6
core   0: 3 0x8000a412 (0x00006f17) x30 0x80010412
core   0: 0x8000a416 (0xbe3f2723) sw      gp, -1042(t5)
core   0: 3 0x8000a416 (0xbe3f2723) mem 0x80010000 0x00000001
core   0: 0x8000a41a (0x0000bfe5) c.j     pc - 8
core   0: 3 0x8000a41a (0xbfe5)
core   0: 0x8000a412 (0x00006f17) auipc   t5, 0x6
core   0: 3 0x8000a412 (0x00006f17) x30 0x80010412
core   0: 0x8000a416 (0xbe3f2723) sw      gp, -1042(t5)
core   0: 3 0x8000a416 (0xbe3f2723) mem 0x80010000 0x00000001
core   0: 0x8000a41a (0x0000bfe5) c.j     pc - 8
core   0: 3 0x8000a41a (0xbfe5)
core   0: 0x8000a412 (0x00006f17) auipc   t5, 0x6
core   0: 3 0x8000a412 (0x00006f17) x30 0x80010412
core   0: 0x8000a416 (0xbe3f2723) sw      gp, -1042(t5)
core   0: 3 0x8000a416 (0xbe3f2723) mem 0x80010000 0x00000001
core   0: 0x8000a41a (0x0000bfe5) c.j     pc - 8
core   0: 3 0x8000a41a (0xbfe5)
core   0: 0x8000a412 (0x00006f17) auipc   t5, 0x6
core   0: 3 0x8000a412 (0x00006f17) x30 0x80010412
core   0: 0x8000a416 (0xbe3f2723) sw      gp, -1042(t5)
core   0: 3 0x8000a416 (0xbe3f2723) mem 0x80010000 0x00000001
core   0: 0x8000a41a (0x0000bfe5) c.j     pc - 8
core   0: 3 0x8000a41a (0xbfe5)
core   0: 0x8000a412 (0x00006f17) auipc   t5, 0x6
core   0: 3 0x8000a412 (0x00006f17) x30 0x80010412
core   0: 0x8000a416 (0xbe3f2723) sw      gp, -1042(t5)
core   0: 3 0x8000a416 (0xbe3f2723) mem 0x80010000 0x00000001
core   0: 0x8000a41a (0x0000bfe5) c.j     pc - 8
core   0: 3 0x8000a41a (0xbfe5)
core   0: 0x8000a412 (0x00006f17) auipc   t5, 0x6
core   0: 3 0x8000a412 (0x00006f17) x30 0x80010412
core   0: 0x8000a416 (0xbe3f2723) sw      gp, -1042(t5)
core   0: 3 0x8000a416 (0xbe3f2723) mem 0x80010000 0x00000001
core   0: 0x8000a41a (0x0000bfe5) c.j     pc - 8
core   0: 3 0x8000a41a (0xbfe5)
core   0: 0x8000a412 (0x00006f17) auipc   t5, 0x6
core   0: 3 0x8000a412 (0x00006f17) x30 0x80010412
core   0: 0x8000a416 (0xbe3f2723) sw      gp, -1042(t5)
core   0: 3 0x8000a416 (0xbe3f2723) mem 0x80010000 0x00000001
core   0: 0x8000a41a (0x0000bfe5) c.j     pc - 8
core   0: 3 0x8000a41a (0xbfe5)
core   0: 0x8000a412 (0x00006f17) auipc   t5, 0x6
core   0: 3 0x8000a412 (0x00006f17) x30 0x80010412
core   0: 0x8000a416 (0xbe3f2723) sw      gp, -1042(t5)
core   0: 3 0x8000a416 (0xbe3f2723) mem 0x80010000 0x00000001
core   0: 0x8000a41a (0x0000bfe5) c.j     pc - 8
core   0: 3 0x8000a41a (0xbfe5)
core   0: 0x8000a412 (0x00006f17) auipc   t5, 0x6
core   0: 3 0x8000a412 (0x00006f17) x30 0x80010412
core   0: 0x8000a416 (0xbe3f2723) sw      gp, -1042(t5)
core   0: 3 0x8000a416 (0xbe3f2723) mem 0x80010000 0x00000001
core   0: 0x8000a41a (0x0000bfe5) c.j     pc - 8
core   0: 3 0x8000a41a (0xbfe5)
core   0: 0x8000a412 (0x00006f17) auipc   t5, 0x6
core   0: 3 0x8000a412 (0x00006f17) x30 0x80010412
core   0: 0x8000a416 (0xbe3f2723) sw      gp, -1042(t5)
core   0: 3 0x8000a416 (0xbe3f2723) mem 0x80010000 0x00000001
core   0: 0x8000a41a (0x0000bfe5) c.j     pc - 8
core   0: 3 0x8000a41a (0xbfe5)
core   0: 0x8000a412 (0x00006f17) auipc   t5, 0x6
core   0: 3 0x8000a412 (0x00006f17) x30 0x80010412
core   0: 0x8000a416 (0xbe3f2723) sw      gp, -1042(t5)
core   0: 3 0x8000a416 (0xbe3f2723) mem 0x80010000 0x00000001
core   0: 0x8000a41a (0x0000bfe5) c.j     pc - 8
core   0: 3 0x8000a41a (0xbfe5)
core   0: 0x8000a412 (0x00006f17) auipc   t5, 0x6
core   0: 3 0x8000a412 (0x00006f17) x30 0x80010412
core   0: 0x8000a416 (0xbe3f2723) sw      gp, -1042(t5)
core   0: 3 0x8000a416 (0xbe3f2723) mem 0x80010000 0x00000001
core   0: 0x8000a41a (0x0000bfe5) c.j     pc - 8
core   0: 3 0x8000a41a (0xbfe5)
core   0: 0x8000a412 (0x00006f17) auipc   t5, 0x6
core   0: 3 0x8000a412 (0x00006f17) x30 0x80010412
core   0: 0x8000a416 (0xbe3f2723) sw      gp, -1042(t5)
core   0: 3 0x8000a416 (0xbe3f2723) mem 0x80010000 0x00000001
core   0: 0x8000a41a (0x0000bfe5) c.j     pc - 8
core   0: 3 0x8000a41a (0xbfe5)
core   0: 0x8000a412 (0x00006f17) auipc   t5, 0x6
core   0: 3 0x8000a412 (0x00006f17) x30 0x80010412
core   0: 0x8000a416 (0xbe3f2723) sw      gp, -1042(t5)
core   0: 3 0x8000a416 (0xbe3f2723) mem 0x80010000 0x00000001
core   0: 0x8000a41a (0x0000bfe5) c.j     pc - 8
core   0: 3 0x8000a41a (0xbfe5)
core   0: 0x8000a412 (0x00006f17) auipc   t5, 0x6
core   0: 3 0x8000a412 (0x00006f17) x30 0x80010412
core   0: 0x8000a416 (0xbe3f2723) sw      gp, -1042(t5)
core   0: 3 0x8000a416 (0xbe3f2723) mem 0x80010000 0x00000001
core   0: 0x8000a41a (0x0000bfe5) c.j     pc - 8
core   0: 3 0x8000a41a (0xbfe5)
core   0: 0x8000a412 (0x00006f17) auipc   t5, 0x6
core   0: 3 0x8000a412 (0x00006f17) x30 0x80010412
core   0: 0x8000a416 (0xbe3f2723) sw      gp, -1042(t5)
core   0: 3 0x8000a416 (0xbe3f2723) mem 0x80010000 0x00000001
core   0: 0x8000a41a (0x0000bfe5) c.j     pc - 8
core   0: 3 0x8000a41a (0xbfe5)
core   0: 0x8000a412 (0x00006f17) auipc   t5, 0x6
core   0: 3 0x8000a412 (0x00006f17) x30 0x80010412
core   0: 0x8000a416 (0xbe3f2723) sw      gp, -1042(t5)
core   0: 3 0x8000a416 (0xbe3f2723) mem 0x80010000 0x00000001
core   0: 0x8000a41a (0x0000bfe5) c.j     pc - 8
core   0: 3 0x8000a41a (0xbfe5)
core   0: 0x8000a412 (0x00006f17) auipc   t5, 0x6
core   0: 3 0x8000a412 (0x00006f17) x30 0x80010412
core   0: 0x8000a416 (0xbe3f2723) sw      gp, -1042(t5)
core   0: 3 0x8000a416 (0xbe3f2723) mem 0x80010000 0x00000001
core   0: 0x8000a41a (0x0000bfe5) c.j     pc - 8
core   0: 3 0x8000a41a (0xbfe5)
core   0: 0x8000a412 (0x00006f17) auipc   t5, 0x6
core   0: 3 0x8000a412 (0x00006f17) x30 0x80010412
core   0: 0x8000a416 (0xbe3f2723) sw      gp, -1042(t5)
core   0: 3 0x8000a416 (0xbe3f2723) mem 0x80010000 0x00000001
core   0: 0x8000a41a (0x0000bfe5) c.j     pc - 8
core   0: 3 0x8000a41a (0xbfe5)
core   0: 0x8000a412 (0x00006f17) auipc   t5, 0x6
core   0: 3 0x8000a412 (0x00006f17) x30 0x80010412
core   0: 0x8000a416 (0xbe3f2723) sw      gp, -1042(t5)
core   0: 3 0x8000a416 (0xbe3f2723) mem 0x80010000 0x00000001
core   0: 0x8000a41a (0x0000bfe5) c.j     pc - 8
core   0: 3 0x8000a41a (0xbfe5)
core   0: 0x8000a412 (0x00006f17) auipc   t5, 0x6
core   0: 3 0x8000a412 (0x00006f17) x30 0x80010412
core   0: 0x8000a416 (0xbe3f2723) sw      gp, -1042(t5)
core   0: 3 0x8000a416 (0xbe3f2723) mem 0x80010000 0x00000001
core   0: 0x8000a41a (0x0000bfe5) c.j     pc - 8
core   0: 3 0x8000a41a (0xbfe5)
core   0: 0x8000a412 (0x00006f17) auipc   t5, 0x6
core   0: 3 0x8000a412 (0x00006f17) x30 0x80010412
core   0: 0x8000a416 (0xbe3f2723) sw      gp, -1042(t5)
core   0: 3 0x8000a416 (0xbe3f2723) mem 0x80010000 0x00000001
core   0: 0x8000a41a (0x0000bfe5) c.j     pc - 8
core   0: 3 0x8000a41a (0xbfe5)
core   0: 0x8000a412 (0x00006f17) auipc   t5, 0x6
core   0: 3 0x8000a412 (0x00006f17) x30 0x80010412
core   0: 0x8000a416 (0xbe3f2723) sw      gp, -1042(t5)
core   0: 3 0x8000a416 (0xbe3f2723) mem 0x80010000 0x00000001
core   0: 0x8000a41a (0x0000bfe5) c.j     pc - 8
core   0: 3 0x8000a41a (0xbfe5)
core   0: 0x8000a412 (0x00006f17) auipc   t5, 0x6
core   0: 3 0x8000a412 (0x00006f17) x30 0x80010412
core   0: 0x8000a416 (0xbe3f2723) sw      gp, -1042(t5)
core   0: 3 0x8000a416 (0xbe3f2723) mem 0x80010000 0x00000001
core   0: 0x8000a41a (0x0000bfe5) c.j     pc - 8
core   0: 3 0x8000a41a (0xbfe5)
core   0: 0x8000a412 (0x00006f17) auipc   t5, 0x6
core   0: 3 0x8000a412 (0x00006f17) x30 0x80010412
core   0: 0x8000a416 (0xbe3f2723) sw      gp, -1042(t5)
core   0: 3 0x8000a416 (0xbe3f2723) mem 0x80010000 0x00000001
core   0: 0x8000a41a (0x0000bfe5) c.j     pc - 8
core   0: 3 0x8000a41a (0xbfe5)
core   0: 0x8000a412 (0x00006f17) auipc   t5, 0x6
core   0: 3 0x8000a412 (0x00006f17) x30 0x80010412
core   0: 0x8000a416 (0xbe3f2723) sw      gp, -1042(t5)
core   0: 3 0x8000a416 (0xbe3f2723) mem 0x80010000 0x00000001
core   0: 0x8000a41a (0x0000bfe5) c.j     pc - 8
core   0: 3 0x8000a41a (0xbfe5)
core   0: 0x8000a412 (0x00006f17) auipc   t5, 0x6
core   0: 3 0x8000a412 (0x00006f17) x30 0x80010412
core   0: 0x8000a416 (0xbe3f2723) sw      gp, -1042(t5)
core   0: 3 0x8000a416 (0xbe3f2723) mem 0x80010000 0x00000001
core   0: 0x8000a41a (0x0000bfe5) c.j     pc - 8
core   0: 3 0x8000a41a (0xbfe5)
core   0: 0x8000a412 (0x00006f17) auipc   t5, 0x6
core   0: 3 0x8000a412 (0x00006f17) x30 0x80010412
core   0: 0x8000a416 (0xbe3f2723) sw      gp, -1042(t5)
core   0: 3 0x8000a416 (0xbe3f2723) mem 0x80010000 0x00000001
core   0: 0x8000a41a (0x0000bfe5) c.j     pc - 8
core   0: 3 0x8000a41a (0xbfe5)
core   0: 0x8000a412 (0x00006f17) auipc   t5, 0x6
core   0: 3 0x8000a412 (0x00006f17) x30 0x80010412
core   0: 0x8000a416 (0xbe3f2723) sw      gp, -1042(t5)
core   0: 3 0x8000a416 (0xbe3f2723) mem 0x80010000 0x00000001
core   0: 0x8000a41a (0x0000bfe5) c.j     pc - 8
core   0: 3 0x8000a41a (0xbfe5)
core   0: 0x8000a412 (0x00006f17) auipc   t5, 0x6
core   0: 3 0x8000a412 (0x00006f17) x30 0x80010412
core   0: 0x8000a416 (0xbe3f2723) sw      gp, -1042(t5)
core   0: 3 0x8000a416 (0xbe3f2723) mem 0x80010000 0x00000001
core   0: 0x8000a41a (0x0000bfe5) c.j     pc - 8
core   0: 3 0x8000a41a (0xbfe5)
core   0: 0x8000a412 (0x00006f17) auipc   t5, 0x6
core   0: 3 0x8000a412 (0x00006f17) x30 0x80010412
core   0: 0x8000a416 (0xbe3f2723) sw      gp, -1042(t5)
core   0: 3 0x8000a416 (0xbe3f2723) mem 0x80010000 0x00000001
core   0: 0x8000a41a (0x0000bfe5) c.j     pc - 8
core   0: 3 0x8000a41a (0xbfe5)
core   0: 0x8000a412 (0x00006f17) auipc   t5, 0x6
core   0: 3 0x8000a412 (0x00006f17) x30 0x80010412
core   0: 0x8000a416 (0xbe3f2723) sw      gp, -1042(t5)
core   0: 3 0x8000a416 (0xbe3f2723) mem 0x80010000 0x00000001
core   0: 0x8000a41a (0x0000bfe5) c.j     pc - 8
core   0: 3 0x8000a41a (0xbfe5)
core   0: 0x8000a412 (0x00006f17) auipc   t5, 0x6
core   0: 3 0x8000a412 (0x00006f17) x30 0x80010412
core   0: 0x8000a416 (0xbe3f2723) sw      gp, -1042(t5)
core   0: 3 0x8000a416 (0xbe3f2723) mem 0x80010000 0x00000001
core   0: 0x8000a41a (0x0000bfe5) c.j     pc - 8
core   0: 3 0x8000a41a (0xbfe5)
core   0: 0x8000a412 (0x00006f17) auipc   t5, 0x6
core   0: 3 0x8000a412 (0x00006f17) x30 0x80010412
core   0: 0x8000a416 (0xbe3f2723) sw      gp, -1042(t5)
core   0: 3 0x8000a416 (0xbe3f2723) mem 0x80010000 0x00000001
core   0: 0x8000a41a (0x0000bfe5) c.j     pc - 8
core   0: 3 0x8000a41a (0xbfe5)
core   0: 0x8000a412 (0x00006f17) auipc   t5, 0x6
core   0: 3 0x8000a412 (0x00006f17) x30 0x80010412
core   0: 0x8000a416 (0xbe3f2723) sw      gp, -1042(t5)
core   0: 3 0x8000a416 (0xbe3f2723) mem 0x80010000 0x00000001
core   0: 0x8000a41a (0x0000bfe5) c.j     pc - 8
core   0: 3 0x8000a41a (0xbfe5)
core   0: 0x8000a412 (0x00006f17) auipc   t5, 0x6
core   0: 3 0x8000a412 (0x00006f17) x30 0x80010412
core   0: 0x8000a416 (0xbe3f2723) sw      gp, -1042(t5)
core   0: 3 0x8000a416 (0xbe3f2723) mem 0x80010000 0x00000001
core   0: 0x8000a41a (0x0000bfe5) c.j     pc - 8
core   0: 3 0x8000a41a (0xbfe5)
core   0: 0x8000a412 (0x00006f17) auipc   t5, 0x6
core   0: 3 0x8000a412 (0x00006f17) x30 0x80010412
core   0: 0x8000a416 (0xbe3f2723) sw      gp, -1042(t5)
core   0: 3 0x8000a416 (0xbe3f2723) mem 0x80010000 0x00000001
core   0: 0x8000a41a (0x0000bfe5) c.j     pc - 8
core   0: 3 0x8000a41a (0xbfe5)
core   0: 0x8000a412 (0x00006f17) auipc   t5, 0x6
core   0: 3 0x8000a412 (0x00006f17) x30 0x80010412
core   0: 0x8000a416 (0xbe3f2723) sw      gp, -1042(t5)
core   0: 3 0x8000a416 (0xbe3f2723) mem 0x80010000 0x00000001
core   0: 0x8000a41a (0x0000bfe5) c.j     pc - 8
core   0: 3 0x8000a41a (0xbfe5)
core   0: 0x8000a412 (0x00006f17) auipc   t5, 0x6
core   0: 3 0x8000a412 (0x00006f17) x30 0x80010412
core   0: 0x8000a416 (0xbe3f2723) sw      gp, -1042(t5)
core   0: 3 0x8000a416 (0xbe3f2723) mem 0x80010000 0x00000001
core   0: 0x8000a41a (0x0000bfe5) c.j     pc - 8
core   0: 3 0x8000a41a (0xbfe5)
core   0: 0x8000a412 (0x00006f17) auipc   t5, 0x6
core   0: 3 0x8000a412 (0x00006f17) x30 0x80010412
core   0: 0x8000a416 (0xbe3f2723) sw      gp, -1042(t5)
core   0: 3 0x8000a416 (0xbe3f2723) mem 0x80010000 0x00000001
core   0: 0x8000a41a (0x0000bfe5) c.j     pc - 8
core   0: 3 0x8000a41a (0xbfe5)
core   0: 0x8000a412 (0x00006f17) auipc   t5, 0x6
core   0: 3 0x8000a412 (0x00006f17) x30 0x80010412
core   0: 0x8000a416 (0xbe3f2723) sw      gp, -1042(t5)
core   0: 3 0x8000a416 (0xbe3f2723) mem 0x80010000 0x00000001
core   0: 0x8000a41a (0x0000bfe5) c.j     pc - 8
core   0: 3 0x8000a41a (0xbfe5)
core   0: 0x8000a412 (0x00006f17) auipc   t5, 0x6
core   0: 3 0x8000a412 (0x00006f17) x30 0x80010412
core   0: 0x8000a416 (0xbe3f2723) sw      gp, -1042(t5)
core   0: 3 0x8000a416 (0xbe3f2723) mem 0x80010000 0x00000001
core   0: 0x8000a41a (0x0000bfe5) c.j     pc - 8
core   0: 3 0x8000a41a (0xbfe5)
core   0: 0x8000a412 (0x00006f17) auipc   t5, 0x6
core   0: 3 0x8000a412 (0x00006f17) x30 0x80010412
core   0: 0x8000a416 (0xbe3f2723) sw      gp, -1042(t5)
core   0: 3 0x8000a416 (0xbe3f2723) mem 0x80010000 0x00000001
core   0: 0x8000a41a (0x0000bfe5) c.j     pc - 8
core   0: 3 0x8000a41a (0xbfe5)
core   0: 0x8000a412 (0x00006f17) auipc   t5, 0x6
core   0: 3 0x8000a412 (0x00006f17) x30 0x80010412
core   0: 0x8000a416 (0xbe3f2723) sw      gp, -1042(t5)
core   0: 3 0x8000a416 (0xbe3f2723) mem 0x80010000 0x00000001
core   0: 0x8000a41a (0x0000bfe5) c.j     pc - 8
core   0: 3 0x8000a41a (0xbfe5)
core   0: 0x8000a412 (0x00006f17) auipc   t5, 0x6
core   0: 3 0x8000a412 (0x00006f17) x30 0x80010412
core   0: 0x8000a416 (0xbe3f2723) sw      gp, -1042(t5)
core   0: 3 0x8000a416 (0xbe3f2723) mem 0x80010000 0x00000001
core   0: 0x8000a41a (0x0000bfe5) c.j     pc - 8
core   0: 3 0x8000a41a (0xbfe5)
core   0: 0x8000a412 (0x00006f17) auipc   t5, 0x6
core   0: 3 0x8000a412 (0x00006f17) x30 0x80010412
core   0: 0x8000a416 (0xbe3f2723) sw      gp, -1042(t5)
core   0: 3 0x8000a416 (0xbe3f2723) mem 0x80010000 0x00000001
core   0: 0x8000a41a (0x0000bfe5) c.j     pc - 8
core   0: 3 0x8000a41a (0xbfe5)
core   0: 0x8000a412 (0x00006f17) auipc   t5, 0x6
core   0: 3 0x8000a412 (0x00006f17) x30 0x80010412
core   0: 0x8000a416 (0xbe3f2723) sw      gp, -1042(t5)
core   0: 3 0x8000a416 (0xbe3f2723) mem 0x80010000 0x00000001
core   0: 0x8000a41a (0x0000bfe5) c.j     pc - 8
core   0: 3 0x8000a41a (0xbfe5)
core   0: 0x8000a412 (0x00006f17) auipc   t5, 0x6
core   0: 3 0x8000a412 (0x00006f17) x30 0x80010412
core   0: 0x8000a416 (0xbe3f2723) sw      gp, -1042(t5)
core   0: 3 0x8000a416 (0xbe3f2723) mem 0x80010000 0x00000001
core   0: 0x8000a41a (0x0000bfe5) c.j     pc - 8
core   0: 3 0x8000a41a (0xbfe5)
core   0: 0x8000a412 (0x00006f17) auipc   t5, 0x6
core   0: 3 0x8000a412 (0x00006f17) x30 0x80010412
core   0: 0x8000a416 (0xbe3f2723) sw      gp, -1042(t5)
core   0: 3 0x8000a416 (0xbe3f2723) mem 0x80010000 0x00000001
core   0: 0x8000a41a (0x0000bfe5) c.j     pc - 8
core   0: 3 0x8000a41a (0xbfe5)
core   0: 0x8000a412 (0x00006f17) auipc   t5, 0x6
core   0: 3 0x8000a412 (0x00006f17) x30 0x80010412
core   0: 0x8000a416 (0xbe3f2723) sw      gp, -1042(t5)
core   0: 3 0x8000a416 (0xbe3f2723) mem 0x80010000 0x00000001
core   0: 0x8000a41a (0x0000bfe5) c.j     pc - 8
core   0: 3 0x8000a41a (0xbfe5)
core   0: 0x8000a412 (0x00006f17) auipc   t5, 0x6
core   0: 3 0x8000a412 (0x00006f17) x30 0x80010412
core   0: 0x8000a416 (0xbe3f2723) sw      gp, -1042(t5)
core   0: 3 0x8000a416 (0xbe3f2723) mem 0x80010000 0x00000001
core   0: 0x8000a41a (0x0000bfe5) c.j     pc - 8
core   0: 3 0x8000a41a (0xbfe5)
core   0: 0x8000a412 (0x00006f17) auipc   t5, 0x6
core   0: 3 0x8000a412 (0x00006f17) x30 0x80010412
core   0: 0x8000a416 (0xbe3f2723) sw      gp, -1042(t5)
core   0: 3 0x8000a416 (0xbe3f2723) mem 0x80010000 0x00000001
core   0: 0x8000a41a (0x0000bfe5) c.j     pc - 8
core   0: 3 0x8000a41a (0xbfe5)
core   0: 0x8000a412 (0x00006f17) auipc   t5, 0x6
core   0: 3 0x8000a412 (0x00006f17) x30 0x80010412
core   0: 0x8000a416 (0xbe3f2723) sw      gp, -1042(t5)
core   0: 3 0x8000a416 (0xbe3f2723) mem 0x80010000 0x00000001
core   0: 0x8000a41a (0x0000bfe5) c.j     pc - 8
core   0: 3 0x8000a41a (0xbfe5)
core   0: 0x8000a412 (0x00006f17) auipc   t5, 0x6
core   0: 3 0x8000a412 (0x00006f17) x30 0x80010412
core   0: 0x8000a416 (0xbe3f2723) sw      gp, -1042(t5)
core   0: 3 0x8000a416 (0xbe3f2723) mem 0x80010000 0x00000001
core   0: 0x8000a41a (0x0000bfe5) c.j     pc - 8
core   0: 3 0x8000a41a (0xbfe5)
core   0: 0x8000a412 (0x00006f17) auipc   t5, 0x6
core   0: 3 0x8000a412 (0x00006f17) x30 0x80010412
core   0: 0x8000a416 (0xbe3f2723) sw      gp, -1042(t5)
core   0: 3 0x8000a416 (0xbe3f2723) mem 0x80010000 0x00000001
core   0: 0x8000a41a (0x0000bfe5) c.j     pc - 8
core   0: 3 0x8000a41a (0xbfe5)
core   0: 0x8000a412 (0x00006f17) auipc   t5, 0x6
core   0: 3 0x8000a412 (0x00006f17) x30 0x80010412
core   0: 0x8000a416 (0xbe3f2723) sw      gp, -1042(t5)
core   0: 3 0x8000a416 (0xbe3f2723) mem 0x80010000 0x00000001
core   0: 0x8000a41a (0x0000bfe5) c.j     pc - 8
core   0: 3 0x8000a41a (0xbfe5)
core   0: 0x8000a412 (0x00006f17) auipc   t5, 0x6
core   0: 3 0x8000a412 (0x00006f17) x30 0x80010412
core   0: 0x8000a416 (0xbe3f2723) sw      gp, -1042(t5)
core   0: 3 0x8000a416 (0xbe3f2723) mem 0x80010000 0x00000001
core   0: 0x8000a41a (0x0000bfe5) c.j     pc - 8
core   0: 3 0x8000a41a (0xbfe5)
core   0: 0x8000a412 (0x00006f17) auipc   t5, 0x6
core   0: 3 0x8000a412 (0x00006f17) x30 0x80010412
core   0: 0x8000a416 (0xbe3f2723) sw      gp, -1042(t5)
core   0: 3 0x8000a416 (0xbe3f2723) mem 0x80010000 0x00000001
core   0: 0x8000a41a (0x0000bfe5) c.j     pc - 8
core   0: 3 0x8000a41a (0xbfe5)
core   0: 0x8000a412 (0x00006f17) auipc   t5, 0x6
core   0: 3 0x8000a412 (0x00006f17) x30 0x80010412
core   0: 0x8000a416 (0xbe3f2723) sw      gp, -1042(t5)
core   0: 3 0x8000a416 (0xbe3f2723) mem 0x80010000 0x00000001
core   0: 0x8000a41a (0x0000bfe5) c.j     pc - 8
core   0: 3 0x8000a41a (0xbfe5)
core   0: 0x8000a412 (0x00006f17) auipc   t5, 0x6
core   0: 3 0x8000a412 (0x00006f17) x30 0x80010412
core   0: 0x8000a416 (0xbe3f2723) sw      gp, -1042(t5)
core   0: 3 0x8000a416 (0xbe3f2723) mem 0x80010000 0x00000001
core   0: 0x8000a41a (0x0000bfe5) c.j     pc - 8
core   0: 3 0x8000a41a (0xbfe5)
core   0: 0x8000a412 (0x00006f17) auipc   t5, 0x6
core   0: 3 0x8000a412 (0x00006f17) x30 0x80010412
core   0: 0x8000a416 (0xbe3f2723) sw      gp, -1042(t5)
core   0: 3 0x8000a416 (0xbe3f2723) mem 0x80010000 0x00000001
core   0: 0x8000a41a (0x0000bfe5) c.j     pc - 8
core   0: 3 0x8000a41a (0xbfe5)
core   0: 0x8000a412 (0x00006f17) auipc   t5, 0x6
core   0: 3 0x8000a412 (0x00006f17) x30 0x80010412
core   0: 0x8000a416 (0xbe3f2723) sw      gp, -1042(t5)
core   0: 3 0x8000a416 (0xbe3f2723) mem 0x80010000 0x00000001
core   0: 0x8000a41a (0x0000bfe5) c.j     pc - 8
core   0: 3 0x8000a41a (0xbfe5)
core   0: 0x8000a412 (0x00006f17) auipc   t5, 0x6
core   0: 3 0x8000a412 (0x00006f17) x30 0x80010412
core   0: 0x8000a416 (0xbe3f2723) sw      gp, -1042(t5)
core   0: 3 0x8000a416 (0xbe3f2723) mem 0x80010000 0x00000001
core   0: 0x8000a41a (0x0000bfe5) c.j     pc - 8
core   0: 3 0x8000a41a (0xbfe5)
core   0: 0x8000a412 (0x00006f17) auipc   t5, 0x6
core   0: 3 0x8000a412 (0x00006f17) x30 0x80010412
core   0: 0x8000a416 (0xbe3f2723) sw      gp, -1042(t5)
core   0: 3 0x8000a416 (0xbe3f2723) mem 0x80010000 0x00000001
core   0: 0x8000a41a (0x0000bfe5) c.j     pc - 8
core   0: 3 0x8000a41a (0xbfe5)
core   0: 0x8000a412 (0x00006f17) auipc   t5, 0x6
core   0: 3 0x8000a412 (0x00006f17) x30 0x80010412
core   0: 0x8000a416 (0xbe3f2723) sw      gp, -1042(t5)
core   0: 3 0x8000a416 (0xbe3f2723) mem 0x80010000 0x00000001
core   0: 0x8000a41a (0x0000bfe5) c.j     pc - 8
core   0: 3 0x8000a41a (0xbfe5)
core   0: 0x8000a412 (0x00006f17) auipc   t5, 0x6
core   0: 3 0x8000a412 (0x00006f17) x30 0x80010412
core   0: 0x8000a416 (0xbe3f2723) sw      gp, -1042(t5)
core   0: 3 0x8000a416 (0xbe3f2723) mem 0x80010000 0x00000001
core   0: 0x8000a41a (0x0000bfe5) c.j     pc - 8
core   0: 3 0x8000a41a (0xbfe5)
core   0: 0x8000a412 (0x00006f17) auipc   t5, 0x6
core   0: 3 0x8000a412 (0x00006f17) x30 0x80010412
core   0: 0x8000a416 (0xbe3f2723) sw      gp, -1042(t5)
core   0: 3 0x8000a416 (0xbe3f2723) mem 0x80010000 0x00000001
core   0: 0x8000a41a (0x0000bfe5) c.j     pc - 8
core   0: 3 0x8000a41a (0xbfe5)
core   0: 0x8000a412 (0x00006f17) auipc   t5, 0x6
core   0: 3 0x8000a412 (0x00006f17) x30 0x80010412
core   0: 0x8000a416 (0xbe3f2723) sw      gp, -1042(t5)
core   0: 3 0x8000a416 (0xbe3f2723) mem 0x80010000 0x00000001
core   0: 0x8000a41a (0x0000bfe5) c.j     pc - 8
core   0: 3 0x8000a41a (0xbfe5)
core   0: 0x8000a412 (0x00006f17) auipc   t5, 0x6
core   0: 3 0x8000a412 (0x00006f17) x30 0x80010412
core   0: 0x8000a416 (0xbe3f2723) sw      gp, -1042(t5)
core   0: 3 0x8000a416 (0xbe3f2723) mem 0x80010000 0x00000001
core   0: 0x8000a41a (0x0000bfe5) c.j     pc - 8
core   0: 3 0x8000a41a (0xbfe5)
core   0: 0x8000a412 (0x00006f17) auipc   t5, 0x6
core   0: 3 0x8000a412 (0x00006f17) x30 0x80010412
core   0: 0x8000a416 (0xbe3f2723) sw      gp, -1042(t5)
core   0: 3 0x8000a416 (0xbe3f2723) mem 0x80010000 0x00000001
core   0: 0x8000a41a (0x0000bfe5) c.j     pc - 8
core   0: 3 0x8000a41a (0xbfe5)
core   0: 0x8000a412 (0x00006f17) auipc   t5, 0x6
core   0: 3 0x8000a412 (0x00006f17) x30 0x80010412
core   0: 0x8000a416 (0xbe3f2723) sw      gp, -1042(t5)
core   0: 3 0x8000a416 (0xbe3f2723) mem 0x80010000 0x00000001
core   0: 0x8000a41a (0x0000bfe5) c.j     pc - 8
core   0: 3 0x8000a41a (0xbfe5)
core   0: 0x8000a412 (0x00006f17) auipc   t5, 0x6
core   0: 3 0x8000a412 (0x00006f17) x30 0x80010412
core   0: 0x8000a416 (0xbe3f2723) sw      gp, -1042(t5)
core   0: 3 0x8000a416 (0xbe3f2723) mem 0x80010000 0x00000001
core   0: 0x8000a41a (0x0000bfe5) c.j     pc - 8
core   0: 3 0x8000a41a (0xbfe5)
core   0: 0x8000a412 (0x00006f17) auipc   t5, 0x6
core   0: 3 0x8000a412 (0x00006f17) x30 0x80010412
core   0: 0x8000a416 (0xbe3f2723) sw      gp, -1042(t5)
core   0: 3 0x8000a416 (0xbe3f2723) mem 0x80010000 0x00000001
core   0: 0x8000a41a (0x0000bfe5) c.j     pc - 8
core   0: 3 0x8000a41a (0xbfe5)
core   0: 0x8000a412 (0x00006f17) auipc   t5, 0x6
core   0: 3 0x8000a412 (0x00006f17) x30 0x80010412
core   0: 0x8000a416 (0xbe3f2723) sw      gp, -1042(t5)
core   0: 3 0x8000a416 (0xbe3f2723) mem 0x80010000 0x00000001
core   0: 0x8000a41a (0x0000bfe5) c.j     pc - 8
core   0: 3 0x8000a41a (0xbfe5)
core   0: 0x8000a412 (0x00006f17) auipc   t5, 0x6
core   0: 3 0x8000a412 (0x00006f17) x30 0x80010412
core   0: 0x8000a416 (0xbe3f2723) sw      gp, -1042(t5)
core   0: 3 0x8000a416 (0xbe3f2723) mem 0x80010000 0x00000001
core   0: 0x8000a41a (0x0000bfe5) c.j     pc - 8
core   0: 3 0x8000a41a (0xbfe5)
core   0: 0x8000a412 (0x00006f17) auipc   t5, 0x6
core   0: 3 0x8000a412 (0x00006f17) x30 0x80010412
core   0: 0x8000a416 (0xbe3f2723) sw      gp, -1042(t5)
core   0: 3 0x8000a416 (0xbe3f2723) mem 0x80010000 0x00000001
core   0: 0x8000a41a (0x0000bfe5) c.j     pc - 8
core   0: 3 0x8000a41a (0xbfe5)
core   0: 0x8000a412 (0x00006f17) auipc   t5, 0x6
core   0: 3 0x8000a412 (0x00006f17) x30 0x80010412
core   0: 0x8000a416 (0xbe3f2723) sw      gp, -1042(t5)
core   0: 3 0x8000a416 (0xbe3f2723) mem 0x80010000 0x00000001
core   0: 0x8000a41a (0x0000bfe5) c.j     pc - 8
core   0: 3 0x8000a41a (0xbfe5)
core   0: 0x8000a412 (0x00006f17) auipc   t5, 0x6
core   0: 3 0x8000a412 (0x00006f17) x30 0x80010412
core   0: 0x8000a416 (0xbe3f2723) sw      gp, -1042(t5)
core   0: 3 0x8000a416 (0xbe3f2723) mem 0x80010000 0x00000001
core   0: 0x8000a41a (0x0000bfe5) c.j     pc - 8
core   0: 3 0x8000a41a (0xbfe5)
core   0: 0x8000a412 (0x00006f17) auipc   t5, 0x6
core   0: 3 0x8000a412 (0x00006f17) x30 0x80010412
core   0: 0x8000a416 (0xbe3f2723) sw      gp, -1042(t5)
core   0: 3 0x8000a416 (0xbe3f2723) mem 0x80010000 0x00000001
core   0: 0x8000a41a (0x0000bfe5) c.j     pc - 8
core   0: 3 0x8000a41a (0xbfe5)
core   0: 0x8000a412 (0x00006f17) auipc   t5, 0x6
core   0: 3 0x8000a412 (0x00006f17) x30 0x80010412
core   0: 0x8000a416 (0xbe3f2723) sw      gp, -1042(t5)
core   0: 3 0x8000a416 (0xbe3f2723) mem 0x80010000 0x00000001
core   0: 0x8000a41a (0x0000bfe5) c.j     pc - 8
core   0: 3 0x8000a41a (0xbfe5)
core   0: 0x8000a412 (0x00006f17) auipc   t5, 0x6
core   0: 3 0x8000a412 (0x00006f17) x30 0x80010412
core   0: 0x8000a416 (0xbe3f2723) sw      gp, -1042(t5)
core   0: 3 0x8000a416 (0xbe3f2723) mem 0x80010000 0x00000001
core   0: 0x8000a41a (0x0000bfe5) c.j     pc - 8
core   0: 3 0x8000a41a (0xbfe5)
core   0: 0x8000a412 (0x00006f17) auipc   t5, 0x6
core   0: 3 0x8000a412 (0x00006f17) x30 0x80010412
core   0: 0x8000a416 (0xbe3f2723) sw      gp, -1042(t5)
core   0: 3 0x8000a416 (0xbe3f2723) mem 0x80010000 0x00000001
core   0: 0x8000a41a (0x0000bfe5) c.j     pc - 8
core   0: 3 0x8000a41a (0xbfe5)
core   0: 0x8000a412 (0x00006f17) auipc   t5, 0x6
core   0: 3 0x8000a412 (0x00006f17) x30 0x80010412
core   0: 0x8000a416 (0xbe3f2723) sw      gp, -1042(t5)
core   0: 3 0x8000a416 (0xbe3f2723) mem 0x80010000 0x00000001
core   0: 0x8000a41a (0x0000bfe5) c.j     pc - 8
core   0: 3 0x8000a41a (0xbfe5)
core   0: 0x8000a412 (0x00006f17) auipc   t5, 0x6
core   0: 3 0x8000a412 (0x00006f17) x30 0x80010412
core   0: 0x8000a416 (0xbe3f2723) sw      gp, -1042(t5)
core   0: 3 0x8000a416 (0xbe3f2723) mem 0x80010000 0x00000001
core   0: 0x8000a41a (0x0000bfe5) c.j     pc - 8
core   0: 3 0x8000a41a (0xbfe5)
core   0: 0x8000a412 (0x00006f17) auipc   t5, 0x6
core   0: 3 0x8000a412 (0x00006f17) x30 0x80010412
core   0: 0x8000a416 (0xbe3f2723) sw      gp, -1042(t5)
core   0: 3 0x8000a416 (0xbe3f2723) mem 0x80010000 0x00000001
core   0: 0x8000a41a (0x0000bfe5) c.j     pc - 8
core   0: 3 0x8000a41a (0xbfe5)
core   0: 0x8000a412 (0x00006f17) auipc   t5, 0x6
core   0: 3 0x8000a412 (0x00006f17) x30 0x80010412
core   0: 0x8000a416 (0xbe3f2723) sw      gp, -1042(t5)
core   0: 3 0x8000a416 (0xbe3f2723) mem 0x80010000 0x00000001
core   0: 0x8000a41a (0x0000bfe5) c.j     pc - 8
core   0: 3 0x8000a41a (0xbfe5)
core   0: 0x8000a412 (0x00006f17) auipc   t5, 0x6
core   0: 3 0x8000a412 (0x00006f17) x30 0x80010412
core   0: 0x8000a416 (0xbe3f2723) sw      gp, -1042(t5)
core   0: 3 0x8000a416 (0xbe3f2723) mem 0x80010000 0x00000001
core   0: 0x8000a41a (0x0000bfe5) c.j     pc - 8
core   0: 3 0x8000a41a (0xbfe5)
core   0: 0x8000a412 (0x00006f17) auipc   t5, 0x6
core   0: 3 0x8000a412 (0x00006f17) x30 0x80010412
core   0: 0x8000a416 (0xbe3f2723) sw      gp, -1042(t5)
core   0: 3 0x8000a416 (0xbe3f2723) mem 0x80010000 0x00000001
core   0: 0x8000a41a (0x0000bfe5) c.j     pc - 8
core   0: 3 0x8000a41a (0xbfe5)
core   0: 0x8000a412 (0x00006f17) auipc   t5, 0x6
core   0: 3 0x8000a412 (0x00006f17) x30 0x80010412
core   0: 0x8000a416 (0xbe3f2723) sw      gp, -1042(t5)
core   0: 3 0x8000a416 (0xbe3f2723) mem 0x80010000 0x00000001
core   0: 0x8000a41a (0x0000bfe5) c.j     pc - 8
core   0: 3 0x8000a41a (0xbfe5)
core   0: 0x8000a412 (0x00006f17) auipc   t5, 0x6
core   0: 3 0x8000a412 (0x00006f17) x30 0x80010412
core   0: 0x8000a416 (0xbe3f2723) sw      gp, -1042(t5)
core   0: 3 0x8000a416 (0xbe3f2723) mem 0x80010000 0x00000001
core   0: 0x8000a41a (0x0000bfe5) c.j     pc - 8
core   0: 3 0x8000a41a (0xbfe5)
core   0: 0x8000a412 (0x00006f17) auipc   t5, 0x6
core   0: 3 0x8000a412 (0x00006f17) x30 0x80010412
core   0: 0x8000a416 (0xbe3f2723) sw      gp, -1042(t5)
core   0: 3 0x8000a416 (0xbe3f2723) mem 0x80010000 0x00000001
core   0: 0x8000a41a (0x0000bfe5) c.j     pc - 8
core   0: 3 0x8000a41a (0xbfe5)
core   0: 0x8000a412 (0x00006f17) auipc   t5, 0x6
core   0: 3 0x8000a412 (0x00006f17) x30 0x80010412
core   0: 0x8000a416 (0xbe3f2723) sw      gp, -1042(t5)
core   0: 3 0x8000a416 (0xbe3f2723) mem 0x80010000 0x00000001
core   0: 0x8000a41a (0x0000bfe5) c.j     pc - 8
core   0: 3 0x8000a41a (0xbfe5)
core   0: 0x8000a412 (0x00006f17) auipc   t5, 0x6
core   0: 3 0x8000a412 (0x00006f17) x30 0x80010412
core   0: 0x8000a416 (0xbe3f2723) sw      gp, -1042(t5)
core   0: 3 0x8000a416 (0xbe3f2723) mem 0x80010000 0x00000001
core   0: 0x8000a41a (0x0000bfe5) c.j     pc - 8
core   0: 3 0x8000a41a (0xbfe5)
core   0: 0x8000a412 (0x00006f17) auipc   t5, 0x6
core   0: 3 0x8000a412 (0x00006f17) x30 0x80010412
core   0: 0x8000a416 (0xbe3f2723) sw      gp, -1042(t5)
core   0: 3 0x8000a416 (0xbe3f2723) mem 0x80010000 0x00000001
core   0: 0x8000a41a (0x0000bfe5) c.j     pc - 8
core   0: 3 0x8000a41a (0xbfe5)
core   0: 0x8000a412 (0x00006f17) auipc   t5, 0x6
core   0: 3 0x8000a412 (0x00006f17) x30 0x80010412
core   0: 0x8000a416 (0xbe3f2723) sw      gp, -1042(t5)
core   0: 3 0x8000a416 (0xbe3f2723) mem 0x80010000 0x00000001
core   0: 0x8000a41a (0x0000bfe5) c.j     pc - 8
core   0: 3 0x8000a41a (0xbfe5)
core   0: 0x8000a412 (0x00006f17) auipc   t5, 0x6
core   0: 3 0x8000a412 (0x00006f17) x30 0x80010412
core   0: 0x8000a416 (0xbe3f2723) sw      gp, -1042(t5)
core   0: 3 0x8000a416 (0xbe3f2723) mem 0x80010000 0x00000001
core   0: 0x8000a41a (0x0000bfe5) c.j     pc - 8
core   0: 3 0x8000a41a (0xbfe5)
core   0: 0x8000a412 (0x00006f17) auipc   t5, 0x6
core   0: 3 0x8000a412 (0x00006f17) x30 0x80010412
core   0: 0x8000a416 (0xbe3f2723) sw      gp, -1042(t5)
core   0: 3 0x8000a416 (0xbe3f2723) mem 0x80010000 0x00000001
core   0: 0x8000a41a (0x0000bfe5) c.j     pc - 8
core   0: 3 0x8000a41a (0xbfe5)
core   0: 0x8000a412 (0x00006f17) auipc   t5, 0x6
core   0: 3 0x8000a412 (0x00006f17) x30 0x80010412
core   0: 0x8000a416 (0xbe3f2723) sw      gp, -1042(t5)
core   0: 3 0x8000a416 (0xbe3f2723) mem 0x80010000 0x00000001
core   0: 0x8000a41a (0x0000bfe5) c.j     pc - 8
core   0: 3 0x8000a41a (0xbfe5)
core   0: 0x8000a412 (0x00006f17) auipc   t5, 0x6
core   0: 3 0x8000a412 (0x00006f17) x30 0x80010412
core   0: 0x8000a416 (0xbe3f2723) sw      gp, -1042(t5)
core   0: 3 0x8000a416 (0xbe3f2723) mem 0x80010000 0x00000001
core   0: 0x8000a41a (0x0000bfe5) c.j     pc - 8
core   0: 3 0x8000a41a (0xbfe5)
core   0: 0x8000a412 (0x00006f17) auipc   t5, 0x6
core   0: 3 0x8000a412 (0x00006f17) x30 0x80010412
core   0: 0x8000a416 (0xbe3f2723) sw      gp, -1042(t5)
core   0: 3 0x8000a416 (0xbe3f2723) mem 0x80010000 0x00000001
core   0: 0x8000a41a (0x0000bfe5) c.j     pc - 8
core   0: 3 0x8000a41a (0xbfe5)
core   0: 0x8000a412 (0x00006f17) auipc   t5, 0x6
core   0: 3 0x8000a412 (0x00006f17) x30 0x80010412
core   0: 0x8000a416 (0xbe3f2723) sw      gp, -1042(t5)
core   0: 3 0x8000a416 (0xbe3f2723) mem 0x80010000 0x00000001
core   0: 0x8000a41a (0x0000bfe5) c.j     pc - 8
core   0: 3 0x8000a41a (0xbfe5)
core   0: 0x8000a412 (0x00006f17) auipc   t5, 0x6
core   0: 3 0x8000a412 (0x00006f17) x30 0x80010412
core   0: 0x8000a416 (0xbe3f2723) sw      gp, -1042(t5)
core   0: 3 0x8000a416 (0xbe3f2723) mem 0x80010000 0x00000001
core   0: 0x8000a41a (0x0000bfe5) c.j     pc - 8
core   0: 3 0x8000a41a (0xbfe5)
core   0: 0x8000a412 (0x00006f17) auipc   t5, 0x6
core   0: 3 0x8000a412 (0x00006f17) x30 0x80010412
core   0: 0x8000a416 (0xbe3f2723) sw      gp, -1042(t5)
core   0: 3 0x8000a416 (0xbe3f2723) mem 0x80010000 0x00000001
core   0: 0x8000a41a (0x0000bfe5) c.j     pc - 8
core   0: 3 0x8000a41a (0xbfe5)
core   0: 0x8000a412 (0x00006f17) auipc   t5, 0x6
core   0: 3 0x8000a412 (0x00006f17) x30 0x80010412
core   0: 0x8000a416 (0xbe3f2723) sw      gp, -1042(t5)
core   0: 3 0x8000a416 (0xbe3f2723) mem 0x80010000 0x00000001
core   0: 0x8000a41a (0x0000bfe5) c.j     pc - 8
core   0: 3 0x8000a41a (0xbfe5)
core   0: 0x8000a412 (0x00006f17) auipc   t5, 0x6
core   0: 3 0x8000a412 (0x00006f17) x30 0x80010412
core   0: 0x8000a416 (0xbe3f2723) sw      gp, -1042(t5)
core   0: 3 0x8000a416 (0xbe3f2723) mem 0x80010000 0x00000001
core   0: 0x8000a41a (0x0000bfe5) c.j     pc - 8
core   0: 3 0x8000a41a (0xbfe5)
core   0: 0x8000a412 (0x00006f17) auipc   t5, 0x6
core   0: 3 0x8000a412 (0x00006f17) x30 0x80010412
core   0: 0x8000a416 (0xbe3f2723) sw      gp, -1042(t5)
core   0: 3 0x8000a416 (0xbe3f2723) mem 0x80010000 0x00000001
core   0: 0x8000a41a (0x0000bfe5) c.j     pc - 8
core   0: 3 0x8000a41a (0xbfe5)
core   0: 0x8000a412 (0x00006f17) auipc   t5, 0x6
core   0: 3 0x8000a412 (0x00006f17) x30 0x80010412
core   0: 0x8000a416 (0xbe3f2723) sw      gp, -1042(t5)
core   0: 3 0x8000a416 (0xbe3f2723) mem 0x80010000 0x00000001
core   0: 0x8000a41a (0x0000bfe5) c.j     pc - 8
core   0: 3 0x8000a41a (0xbfe5)
core   0: 0x8000a412 (0x00006f17) auipc   t5, 0x6
core   0: 3 0x8000a412 (0x00006f17) x30 0x80010412
core   0: 0x8000a416 (0xbe3f2723) sw      gp, -1042(t5)
core   0: 3 0x8000a416 (0xbe3f2723) mem 0x80010000 0x00000001
core   0: 0x8000a41a (0x0000bfe5) c.j     pc - 8
core   0: 3 0x8000a41a (0xbfe5)
core   0: 0x8000a412 (0x00006f17) auipc   t5, 0x6
core   0: 3 0x8000a412 (0x00006f17) x30 0x80010412
core   0: 0x8000a416 (0xbe3f2723) sw      gp, -1042(t5)
core   0: 3 0x8000a416 (0xbe3f2723) mem 0x80010000 0x00000001
core   0: 0x8000a41a (0x0000bfe5) c.j     pc - 8
core   0: 3 0x8000a41a (0xbfe5)
core   0: 0x8000a412 (0x00006f17) auipc   t5, 0x6
core   0: 3 0x8000a412 (0x00006f17) x30 0x80010412
core   0: 0x8000a416 (0xbe3f2723) sw      gp, -1042(t5)
core   0: 3 0x8000a416 (0xbe3f2723) mem 0x80010000 0x00000001
core   0: 0x8000a41a (0x0000bfe5) c.j     pc - 8
core   0: 3 0x8000a41a (0xbfe5)
core   0: 0x8000a412 (0x00006f17) auipc   t5, 0x6
core   0: 3 0x8000a412 (0x00006f17) x30 0x80010412
core   0: 0x8000a416 (0xbe3f2723) sw      gp, -1042(t5)
core   0: 3 0x8000a416 (0xbe3f2723) mem 0x80010000 0x00000001
core   0: 0x8000a41a (0x0000bfe5) c.j     pc - 8
core   0: 3 0x8000a41a (0xbfe5)
core   0: 0x8000a412 (0x00006f17) auipc   t5, 0x6
core   0: 3 0x8000a412 (0x00006f17) x30 0x80010412
core   0: 0x8000a416 (0xbe3f2723) sw      gp, -1042(t5)
core   0: 3 0x8000a416 (0xbe3f2723) mem 0x80010000 0x00000001
core   0: 0x8000a41a (0x0000bfe5) c.j     pc - 8
core   0: 3 0x8000a41a (0xbfe5)
core   0: 0x8000a412 (0x00006f17) auipc   t5, 0x6
core   0: 3 0x8000a412 (0x00006f17) x30 0x80010412
core   0: 0x8000a416 (0xbe3f2723) sw      gp, -1042(t5)
core   0: 3 0x8000a416 (0xbe3f2723) mem 0x80010000 0x00000001
core   0: 0x8000a41a (0x0000bfe5) c.j     pc - 8
core   0: 3 0x8000a41a (0xbfe5)
core   0: 0x8000a412 (0x00006f17) auipc   t5, 0x6
core   0: 3 0x8000a412 (0x00006f17) x30 0x80010412
core   0: 0x8000a416 (0xbe3f2723) sw      gp, -1042(t5)
core   0: 3 0x8000a416 (0xbe3f2723) mem 0x80010000 0x00000001
core   0: 0x8000a41a (0x0000bfe5) c.j     pc - 8
core   0: 3 0x8000a41a (0xbfe5)
core   0: 0x8000a412 (0x00006f17) auipc   t5, 0x6
core   0: 3 0x8000a412 (0x00006f17) x30 0x80010412
core   0: 0x8000a416 (0xbe3f2723) sw      gp, -1042(t5)
core   0: 3 0x8000a416 (0xbe3f2723) mem 0x80010000 0x00000001
core   0: 0x8000a41a (0x0000bfe5) c.j     pc - 8
core   0: 3 0x8000a41a (0xbfe5)
core   0: 0x8000a412 (0x00006f17) auipc   t5, 0x6
core   0: 3 0x8000a412 (0x00006f17) x30 0x80010412
core   0: 0x8000a416 (0xbe3f2723) sw      gp, -1042(t5)
core   0: 3 0x8000a416 (0xbe3f2723) mem 0x80010000 0x00000001
core   0: 0x8000a41a (0x0000bfe5) c.j     pc - 8
core   0: 3 0x8000a41a (0xbfe5)
core   0: 0x8000a412 (0x00006f17) auipc   t5, 0x6
core   0: 3 0x8000a412 (0x00006f17) x30 0x80010412
core   0: 0x8000a416 (0xbe3f2723) sw      gp, -1042(t5)
core   0: 3 0x8000a416 (0xbe3f2723) mem 0x80010000 0x00000001
core   0: 0x8000a41a (0x0000bfe5) c.j     pc - 8
core   0: 3 0x8000a41a (0xbfe5)
core   0: 0x8000a412 (0x00006f17) auipc   t5, 0x6
core   0: 3 0x8000a412 (0x00006f17) x30 0x80010412
core   0: 0x8000a416 (0xbe3f2723) sw      gp, -1042(t5)
core   0: 3 0x8000a416 (0xbe3f2723) mem 0x80010000 0x00000001
core   0: 0x8000a41a (0x0000bfe5) c.j     pc - 8
core   0: 3 0x8000a41a (0xbfe5)
core   0: 0x8000a412 (0x00006f17) auipc   t5, 0x6
core   0: 3 0x8000a412 (0x00006f17) x30 0x80010412
core   0: 0x8000a416 (0xbe3f2723) sw      gp, -1042(t5)
core   0: 3 0x8000a416 (0xbe3f2723) mem 0x80010000 0x00000001
core   0: 0x8000a41a (0x0000bfe5) c.j     pc - 8
core   0: 3 0x8000a41a (0xbfe5)
core   0: 0x8000a412 (0x00006f17) auipc   t5, 0x6
core   0: 3 0x8000a412 (0x00006f17) x30 0x80010412
core   0: 0x8000a416 (0xbe3f2723) sw      gp, -1042(t5)
core   0: 3 0x8000a416 (0xbe3f2723) mem 0x80010000 0x00000001
core   0: 0x8000a41a (0x0000bfe5) c.j     pc - 8
core   0: 3 0x8000a41a (0xbfe5)
core   0: 0x8000a412 (0x00006f17) auipc   t5, 0x6
core   0: 3 0x8000a412 (0x00006f17) x30 0x80010412
core   0: 0x8000a416 (0xbe3f2723) sw      gp, -1042(t5)
core   0: 3 0x8000a416 (0xbe3f2723) mem 0x80010000 0x00000001
core   0: 0x8000a41a (0x0000bfe5) c.j     pc - 8
core   0: 3 0x8000a41a (0xbfe5)
core   0: 0x8000a412 (0x00006f17) auipc   t5, 0x6
core   0: 3 0x8000a412 (0x00006f17) x30 0x80010412
core   0: 0x8000a416 (0xbe3f2723) sw      gp, -1042(t5)
core   0: 3 0x8000a416 (0xbe3f2723) mem 0x80010000 0x00000001
core   0: 0x8000a41a (0x0000bfe5) c.j     pc - 8
core   0: 3 0x8000a41a (0xbfe5)
core   0: 0x8000a412 (0x00006f17) auipc   t5, 0x6
core   0: 3 0x8000a412 (0x00006f17) x30 0x80010412
core   0: 0x8000a416 (0xbe3f2723) sw      gp, -1042(t5)
core   0: 3 0x8000a416 (0xbe3f2723) mem 0x80010000 0x00000001
core   0: 0x8000a41a (0x0000bfe5) c.j     pc - 8
core   0: 3 0x8000a41a (0xbfe5)
core   0: 0x8000a412 (0x00006f17) auipc   t5, 0x6
core   0: 3 0x8000a412 (0x00006f17) x30 0x80010412
core   0: 0x8000a416 (0xbe3f2723) sw      gp, -1042(t5)
core   0: 3 0x8000a416 (0xbe3f2723) mem 0x80010000 0x00000001
core   0: 0x8000a41a (0x0000bfe5) c.j     pc - 8
core   0: 3 0x8000a41a (0xbfe5)
core   0: 0x8000a412 (0x00006f17) auipc   t5, 0x6
core   0: 3 0x8000a412 (0x00006f17) x30 0x80010412
core   0: 0x8000a416 (0xbe3f2723) sw      gp, -1042(t5)
core   0: 3 0x8000a416 (0xbe3f2723) mem 0x80010000 0x00000001
core   0: 0x8000a41a (0x0000bfe5) c.j     pc - 8
core   0: 3 0x8000a41a (0xbfe5)
core   0: 0x8000a412 (0x00006f17) auipc   t5, 0x6
core   0: 3 0x8000a412 (0x00006f17) x30 0x80010412
core   0: 0x8000a416 (0xbe3f2723) sw      gp, -1042(t5)
core   0: 3 0x8000a416 (0xbe3f2723) mem 0x80010000 0x00000001
core   0: 0x8000a41a (0x0000bfe5) c.j     pc - 8
core   0: 3 0x8000a41a (0xbfe5)
core   0: 0x8000a412 (0x00006f17) auipc   t5, 0x6
core   0: 3 0x8000a412 (0x00006f17) x30 0x80010412
core   0: 0x8000a416 (0xbe3f2723) sw      gp, -1042(t5)
core   0: 3 0x8000a416 (0xbe3f2723) mem 0x80010000 0x00000001
core   0: 0x8000a41a (0x0000bfe5) c.j     pc - 8
core   0: 3 0x8000a41a (0xbfe5)
core   0: 0x8000a412 (0x00006f17) auipc   t5, 0x6
core   0: 3 0x8000a412 (0x00006f17) x30 0x80010412
core   0: 0x8000a416 (0xbe3f2723) sw      gp, -1042(t5)
core   0: 3 0x8000a416 (0xbe3f2723) mem 0x80010000 0x00000001
core   0: 0x8000a41a (0x0000bfe5) c.j     pc - 8
core   0: 3 0x8000a41a (0xbfe5)
core   0: 0x8000a412 (0x00006f17) auipc   t5, 0x6
core   0: 3 0x8000a412 (0x00006f17) x30 0x80010412
core   0: 0x8000a416 (0xbe3f2723) sw      gp, -1042(t5)
core   0: 3 0x8000a416 (0xbe3f2723) mem 0x80010000 0x00000001
core   0: 0x8000a41a (0x0000bfe5) c.j     pc - 8
core   0: 3 0x8000a41a (0xbfe5)
core   0: 0x8000a412 (0x00006f17) auipc   t5, 0x6
core   0: 3 0x8000a412 (0x00006f17) x30 0x80010412
core   0: 0x8000a416 (0xbe3f2723) sw      gp, -1042(t5)
core   0: 3 0x8000a416 (0xbe3f2723) mem 0x80010000 0x00000001
core   0: 0x8000a41a (0x0000bfe5) c.j     pc - 8
core   0: 3 0x8000a41a (0xbfe5)
core   0: 0x8000a412 (0x00006f17) auipc   t5, 0x6
core   0: 3 0x8000a412 (0x00006f17) x30 0x80010412
core   0: 0x8000a416 (0xbe3f2723) sw      gp, -1042(t5)
core   0: 3 0x8000a416 (0xbe3f2723) mem 0x80010000 0x00000001
core   0: 0x8000a41a (0x0000bfe5) c.j     pc - 8
core   0: 3 0x8000a41a (0xbfe5)
core   0: 0x8000a412 (0x00006f17) auipc   t5, 0x6
core   0: 3 0x8000a412 (0x00006f17) x30 0x80010412
core   0: 0x8000a416 (0xbe3f2723) sw      gp, -1042(t5)
core   0: 3 0x8000a416 (0xbe3f2723) mem 0x80010000 0x00000001
core   0: 0x8000a41a (0x0000bfe5) c.j     pc - 8
core   0: 3 0x8000a41a (0xbfe5)
core   0: 0x8000a412 (0x00006f17) auipc   t5, 0x6
core   0: 3 0x8000a412 (0x00006f17) x30 0x80010412
core   0: 0x8000a416 (0xbe3f2723) sw      gp, -1042(t5)
core   0: 3 0x8000a416 (0xbe3f2723) mem 0x80010000 0x00000001
core   0: 0x8000a41a (0x0000bfe5) c.j     pc - 8
core   0: 3 0x8000a41a (0xbfe5)
core   0: 0x8000a412 (0x00006f17) auipc   t5, 0x6
core   0: 3 0x8000a412 (0x00006f17) x30 0x80010412
core   0: 0x8000a416 (0xbe3f2723) sw      gp, -1042(t5)
core   0: 3 0x8000a416 (0xbe3f2723) mem 0x80010000 0x00000001
core   0: 0x8000a41a (0x0000bfe5) c.j     pc - 8
core   0: 3 0x8000a41a (0xbfe5)
core   0: 0x8000a412 (0x00006f17) auipc   t5, 0x6
core   0: 3 0x8000a412 (0x00006f17) x30 0x80010412
core   0: 0x8000a416 (0xbe3f2723) sw      gp, -1042(t5)
core   0: 3 0x8000a416 (0xbe3f2723) mem 0x80010000 0x00000001
core   0: 0x8000a41a (0x0000bfe5) c.j     pc - 8
core   0: 3 0x8000a41a (0xbfe5)
core   0: 0x8000a412 (0x00006f17) auipc   t5, 0x6
core   0: 3 0x8000a412 (0x00006f17) x30 0x80010412
core   0: 0x8000a416 (0xbe3f2723) sw      gp, -1042(t5)
core   0: 3 0x8000a416 (0xbe3f2723) mem 0x80010000 0x00000001
core   0: 0x8000a41a (0x0000bfe5) c.j     pc - 8
core   0: 3 0x8000a41a (0xbfe5)
core   0: 0x8000a412 (0x00006f17) auipc   t5, 0x6
core   0: 3 0x8000a412 (0x00006f17) x30 0x80010412
core   0: 0x8000a416 (0xbe3f2723) sw      gp, -1042(t5)
core   0: 3 0x8000a416 (0xbe3f2723) mem 0x80010000 0x00000001
core   0: 0x8000a41a (0x0000bfe5) c.j     pc - 8
core   0: 3 0x8000a41a (0xbfe5)
core   0: 0x8000a412 (0x00006f17) auipc   t5, 0x6
core   0: 3 0x8000a412 (0x00006f17) x30 0x80010412
core   0: 0x8000a416 (0xbe3f2723) sw      gp, -1042(t5)
core   0: 3 0x8000a416 (0xbe3f2723) mem 0x80010000 0x00000001
core   0: 0x8000a41a (0x0000bfe5) c.j     pc - 8
core   0: 3 0x8000a41a (0xbfe5)
core   0: 0x8000a412 (0x00006f17) auipc   t5, 0x6
core   0: 3 0x8000a412 (0x00006f17) x30 0x80010412
core   0: 0x8000a416 (0xbe3f2723) sw      gp, -1042(t5)
core   0: 3 0x8000a416 (0xbe3f2723) mem 0x80010000 0x00000001
core   0: 0x8000a41a (0x0000bfe5) c.j     pc - 8
core   0: 3 0x8000a41a (0xbfe5)
core   0: 0x8000a412 (0x00006f17) auipc   t5, 0x6
core   0: 3 0x8000a412 (0x00006f17) x30 0x80010412
core   0: 0x8000a416 (0xbe3f2723) sw      gp, -1042(t5)
core   0: 3 0x8000a416 (0xbe3f2723) mem 0x80010000 0x00000001
core   0: 0x8000a41a (0x0000bfe5) c.j     pc - 8
core   0: 3 0x8000a41a (0xbfe5)
core   0: 0x8000a412 (0x00006f17) auipc   t5, 0x6
core   0: 3 0x8000a412 (0x00006f17) x30 0x80010412
core   0: 0x8000a416 (0xbe3f2723) sw      gp, -1042(t5)
core   0: 3 0x8000a416 (0xbe3f2723) mem 0x80010000 0x00000001
core   0: 0x8000a41a (0x0000bfe5) c.j     pc - 8
core   0: 3 0x8000a41a (0xbfe5)
core   0: 0x8000a412 (0x00006f17) auipc   t5, 0x6
core   0: 3 0x8000a412 (0x00006f17) x30 0x80010412
core   0: 0x8000a416 (0xbe3f2723) sw      gp, -1042(t5)
core   0: 3 0x8000a416 (0xbe3f2723) mem 0x80010000 0x00000001
core   0: 0x8000a41a (0x0000bfe5) c.j     pc - 8
core   0: 3 0x8000a41a (0xbfe5)
core   0: 0x8000a412 (0x00006f17) auipc   t5, 0x6
core   0: 3 0x8000a412 (0x00006f17) x30 0x80010412
core   0: 0x8000a416 (0xbe3f2723) sw      gp, -1042(t5)
core   0: 3 0x8000a416 (0xbe3f2723) mem 0x80010000 0x00000001
core   0: 0x8000a41a (0x0000bfe5) c.j     pc - 8
core   0: 3 0x8000a41a (0xbfe5)
core   0: 0x8000a412 (0x00006f17) auipc   t5, 0x6
core   0: 3 0x8000a412 (0x00006f17) x30 0x80010412
core   0: 0x8000a416 (0xbe3f2723) sw      gp, -1042(t5)
core   0: 3 0x8000a416 (0xbe3f2723) mem 0x80010000 0x00000001
core   0: 0x8000a41a (0x0000bfe5) c.j     pc - 8
core   0: 3 0x8000a41a (0xbfe5)
core   0: 0x8000a412 (0x00006f17) auipc   t5, 0x6
core   0: 3 0x8000a412 (0x00006f17) x30 0x80010412
core   0: 0x8000a416 (0xbe3f2723) sw      gp, -1042(t5)
core   0: 3 0x8000a416 (0xbe3f2723) mem 0x80010000 0x00000001
core   0: 0x8000a41a (0x0000bfe5) c.j     pc - 8
core   0: 3 0x8000a41a (0xbfe5)
core   0: 0x8000a412 (0x00006f17) auipc   t5, 0x6
core   0: 3 0x8000a412 (0x00006f17) x30 0x80010412
core   0: 0x8000a416 (0xbe3f2723) sw      gp, -1042(t5)
core   0: 3 0x8000a416 (0xbe3f2723) mem 0x80010000 0x00000001
core   0: 0x8000a41a (0x0000bfe5) c.j     pc - 8
core   0: 3 0x8000a41a (0xbfe5)
core   0: 0x8000a412 (0x00006f17) auipc   t5, 0x6
core   0: 3 0x8000a412 (0x00006f17) x30 0x80010412
core   0: 0x8000a416 (0xbe3f2723) sw      gp, -1042(t5)
core   0: 3 0x8000a416 (0xbe3f2723) mem 0x80010000 0x00000001
core   0: 0x8000a41a (0x0000bfe5) c.j     pc - 8
core   0: 3 0x8000a41a (0xbfe5)
core   0: 0x8000a412 (0x00006f17) auipc   t5, 0x6
core   0: 3 0x8000a412 (0x00006f17) x30 0x80010412
core   0: 0x8000a416 (0xbe3f2723) sw      gp, -1042(t5)
core   0: 3 0x8000a416 (0xbe3f2723) mem 0x80010000 0x00000001
core   0: 0x8000a41a (0x0000bfe5) c.j     pc - 8
core   0: 3 0x8000a41a (0xbfe5)
core   0: 0x8000a412 (0x00006f17) auipc   t5, 0x6
core   0: 3 0x8000a412 (0x00006f17) x30 0x80010412
core   0: 0x8000a416 (0xbe3f2723) sw      gp, -1042(t5)
core   0: 3 0x8000a416 (0xbe3f2723) mem 0x80010000 0x00000001
core   0: 0x8000a41a (0x0000bfe5) c.j     pc - 8
core   0: 3 0x8000a41a (0xbfe5)
core   0: 0x8000a412 (0x00006f17) auipc   t5, 0x6
core   0: 3 0x8000a412 (0x00006f17) x30 0x80010412
core   0: 0x8000a416 (0xbe3f2723) sw      gp, -1042(t5)
core   0: 3 0x8000a416 (0xbe3f2723) mem 0x80010000 0x00000001
core   0: 0x8000a41a (0x0000bfe5) c.j     pc - 8
core   0: 3 0x8000a41a (0xbfe5)
core   0: 0x8000a412 (0x00006f17) auipc   t5, 0x6
core   0: 3 0x8000a412 (0x00006f17) x30 0x80010412
core   0: 0x8000a416 (0xbe3f2723) sw      gp, -1042(t5)
core   0: 3 0x8000a416 (0xbe3f2723) mem 0x80010000 0x00000001
core   0: 0x8000a41a (0x0000bfe5) c.j     pc - 8
core   0: 3 0x8000a41a (0xbfe5)
core   0: 0x8000a412 (0x00006f17) auipc   t5, 0x6
core   0: 3 0x8000a412 (0x00006f17) x30 0x80010412
core   0: 0x8000a416 (0xbe3f2723) sw      gp, -1042(t5)
core   0: 3 0x8000a416 (0xbe3f2723) mem 0x80010000 0x00000001
core   0: 0x8000a41a (0x0000bfe5) c.j     pc - 8
core   0: 3 0x8000a41a (0xbfe5)
core   0: 0x8000a412 (0x00006f17) auipc   t5, 0x6
core   0: 3 0x8000a412 (0x00006f17) x30 0x80010412
core   0: 0x8000a416 (0xbe3f2723) sw      gp, -1042(t5)
core   0: 3 0x8000a416 (0xbe3f2723) mem 0x80010000 0x00000001
core   0: 0x8000a41a (0x0000bfe5) c.j     pc - 8
core   0: 3 0x8000a41a (0xbfe5)
core   0: 0x8000a412 (0x00006f17) auipc   t5, 0x6
core   0: 3 0x8000a412 (0x00006f17) x30 0x80010412
core   0: 0x8000a416 (0xbe3f2723) sw      gp, -1042(t5)
core   0: 3 0x8000a416 (0xbe3f2723) mem 0x80010000 0x00000001
core   0: 0x8000a41a (0x0000bfe5) c.j     pc - 8
core   0: 3 0x8000a41a (0xbfe5)
core   0: 0x8000a412 (0x00006f17) auipc   t5, 0x6
core   0: 3 0x8000a412 (0x00006f17) x30 0x80010412
core   0: 0x8000a416 (0xbe3f2723) sw      gp, -1042(t5)
core   0: 3 0x8000a416 (0xbe3f2723) mem 0x80010000 0x00000001
core   0: 0x8000a41a (0x0000bfe5) c.j     pc - 8
core   0: 3 0x8000a41a (0xbfe5)
core   0: 0x8000a412 (0x00006f17) auipc   t5, 0x6
core   0: 3 0x8000a412 (0x00006f17) x30 0x80010412
core   0: 0x8000a416 (0xbe3f2723) sw      gp, -1042(t5)
core   0: 3 0x8000a416 (0xbe3f2723) mem 0x80010000 0x00000001
core   0: 0x8000a41a (0x0000bfe5) c.j     pc - 8
core   0: 3 0x8000a41a (0xbfe5)
core   0: 0x8000a412 (0x00006f17) auipc   t5, 0x6
core   0: 3 0x8000a412 (0x00006f17) x30 0x80010412
core   0: 0x8000a416 (0xbe3f2723) sw      gp, -1042(t5)
core   0: 3 0x8000a416 (0xbe3f2723) mem 0x80010000 0x00000001
core   0: 0x8000a41a (0x0000bfe5) c.j     pc - 8
core   0: 3 0x8000a41a (0xbfe5)
core   0: 0x8000a412 (0x00006f17) auipc   t5, 0x6
core   0: 3 0x8000a412 (0x00006f17) x30 0x80010412
core   0: 0x8000a416 (0xbe3f2723) sw      gp, -1042(t5)
core   0: 3 0x8000a416 (0xbe3f2723) mem 0x80010000 0x00000001
core   0: 0x8000a41a (0x0000bfe5) c.j     pc - 8
core   0: 3 0x8000a41a (0xbfe5)
core   0: 0x8000a412 (0x00006f17) auipc   t5, 0x6
core   0: 3 0x8000a412 (0x00006f17) x30 0x80010412
core   0: 0x8000a416 (0xbe3f2723) sw      gp, -1042(t5)
core   0: 3 0x8000a416 (0xbe3f2723) mem 0x80010000 0x00000001
core   0: 0x8000a41a (0x0000bfe5) c.j     pc - 8
core   0: 3 0x8000a41a (0xbfe5)
core   0: 0x8000a412 (0x00006f17) auipc   t5, 0x6
core   0: 3 0x8000a412 (0x00006f17) x30 0x80010412
core   0: 0x8000a416 (0xbe3f2723) sw      gp, -1042(t5)
core   0: 3 0x8000a416 (0xbe3f2723) mem 0x80010000 0x00000001
core   0: 0x8000a41a (0x0000bfe5) c.j     pc - 8
core   0: 3 0x8000a41a (0xbfe5)
core   0: 0x8000a412 (0x00006f17) auipc   t5, 0x6
core   0: 3 0x8000a412 (0x00006f17) x30 0x80010412
core   0: 0x8000a416 (0xbe3f2723) sw      gp, -1042(t5)
core   0: 3 0x8000a416 (0xbe3f2723) mem 0x80010000 0x00000001
core   0: 0x8000a41a (0x0000bfe5) c.j     pc - 8
core   0: 3 0x8000a41a (0xbfe5)
core   0: 0x8000a412 (0x00006f17) auipc   t5, 0x6
core   0: 3 0x8000a412 (0x00006f17) x30 0x80010412
core   0: 0x8000a416 (0xbe3f2723) sw      gp, -1042(t5)
core   0: 3 0x8000a416 (0xbe3f2723) mem 0x80010000 0x00000001
core   0: 0x8000a41a (0x0000bfe5) c.j     pc - 8
core   0: 3 0x8000a41a (0xbfe5)
core   0: 0x8000a412 (0x00006f17) auipc   t5, 0x6
core   0: 3 0x8000a412 (0x00006f17) x30 0x80010412
core   0: 0x8000a416 (0xbe3f2723) sw      gp, -1042(t5)
core   0: 3 0x8000a416 (0xbe3f2723) mem 0x80010000 0x00000001
core   0: 0x8000a41a (0x0000bfe5) c.j     pc - 8
core   0: 3 0x8000a41a (0xbfe5)
core   0: 0x8000a412 (0x00006f17) auipc   t5, 0x6
core   0: 3 0x8000a412 (0x00006f17) x30 0x80010412
core   0: 0x8000a416 (0xbe3f2723) sw      gp, -1042(t5)
core   0: 3 0x8000a416 (0xbe3f2723) mem 0x80010000 0x00000001
core   0: 0x8000a41a (0x0000bfe5) c.j     pc - 8
core   0: 3 0x8000a41a (0xbfe5)
core   0: 0x8000a412 (0x00006f17) auipc   t5, 0x6
core   0: 3 0x8000a412 (0x00006f17) x30 0x80010412
core   0: 0x8000a416 (0xbe3f2723) sw      gp, -1042(t5)
core   0: 3 0x8000a416 (0xbe3f2723) mem 0x80010000 0x00000001
core   0: 0x8000a41a (0x0000bfe5) c.j     pc - 8
core   0: 3 0x8000a41a (0xbfe5)
core   0: 0x8000a412 (0x00006f17) auipc   t5, 0x6
core   0: 3 0x8000a412 (0x00006f17) x30 0x80010412
core   0: 0x8000a416 (0xbe3f2723) sw      gp, -1042(t5)
core   0: 3 0x8000a416 (0xbe3f2723) mem 0x80010000 0x00000001
core   0: 0x8000a41a (0x0000bfe5) c.j     pc - 8
core   0: 3 0x8000a41a (0xbfe5)
core   0: 0x8000a412 (0x00006f17) auipc   t5, 0x6
core   0: 3 0x8000a412 (0x00006f17) x30 0x80010412
core   0: 0x8000a416 (0xbe3f2723) sw      gp, -1042(t5)
core   0: 3 0x8000a416 (0xbe3f2723) mem 0x80010000 0x00000001
core   0: 0x8000a41a (0x0000bfe5) c.j     pc - 8
core   0: 3 0x8000a41a (0xbfe5)
core   0: 0x8000a412 (0x00006f17) auipc   t5, 0x6
core   0: 3 0x8000a412 (0x00006f17) x30 0x80010412
core   0: 0x8000a416 (0xbe3f2723) sw      gp, -1042(t5)
core   0: 3 0x8000a416 (0xbe3f2723) mem 0x80010000 0x00000001
core   0: 0x8000a41a (0x0000bfe5) c.j     pc - 8
core   0: 3 0x8000a41a (0xbfe5)
core   0: 0x8000a412 (0x00006f17) auipc   t5, 0x6
core   0: 3 0x8000a412 (0x00006f17) x30 0x80010412
core   0: 0x8000a416 (0xbe3f2723) sw      gp, -1042(t5)
core   0: 3 0x8000a416 (0xbe3f2723) mem 0x80010000 0x00000001
core   0: 0x8000a41a (0x0000bfe5) c.j     pc - 8
core   0: 3 0x8000a41a (0xbfe5)
core   0: 0x8000a412 (0x00006f17) auipc   t5, 0x6
core   0: 3 0x8000a412 (0x00006f17) x30 0x80010412
core   0: 0x8000a416 (0xbe3f2723) sw      gp, -1042(t5)
core   0: 3 0x8000a416 (0xbe3f2723) mem 0x80010000 0x00000001
core   0: 0x8000a41a (0x0000bfe5) c.j     pc - 8
core   0: 3 0x8000a41a (0xbfe5)
core   0: 0x8000a412 (0x00006f17) auipc   t5, 0x6
core   0: 3 0x8000a412 (0x00006f17) x30 0x80010412
core   0: 0x8000a416 (0xbe3f2723) sw      gp, -1042(t5)
core   0: 3 0x8000a416 (0xbe3f2723) mem 0x80010000 0x00000001
core   0: 0x8000a41a (0x0000bfe5) c.j     pc - 8
core   0: 3 0x8000a41a (0xbfe5)
core   0: 0x8000a412 (0x00006f17) auipc   t5, 0x6
core   0: 3 0x8000a412 (0x00006f17) x30 0x80010412
core   0: 0x8000a416 (0xbe3f2723) sw      gp, -1042(t5)
core   0: 3 0x8000a416 (0xbe3f2723) mem 0x80010000 0x00000001
core   0: 0x8000a41a (0x0000bfe5) c.j     pc - 8
core   0: 3 0x8000a41a (0xbfe5)
core   0: 0x8000a412 (0x00006f17) auipc   t5, 0x6
core   0: 3 0x8000a412 (0x00006f17) x30 0x80010412
core   0: 0x8000a416 (0xbe3f2723) sw      gp, -1042(t5)
core   0: 3 0x8000a416 (0xbe3f2723) mem 0x80010000 0x00000001
core   0: 0x8000a41a (0x0000bfe5) c.j     pc - 8
core   0: 3 0x8000a41a (0xbfe5)
core   0: 0x8000a412 (0x00006f17) auipc   t5, 0x6
core   0: 3 0x8000a412 (0x00006f17) x30 0x80010412
core   0: 0x8000a416 (0xbe3f2723) sw      gp, -1042(t5)
core   0: 3 0x8000a416 (0xbe3f2723) mem 0x80010000 0x00000001
core   0: 0x8000a41a (0x0000bfe5) c.j     pc - 8
core   0: 3 0x8000a41a (0xbfe5)
core   0: 0x8000a412 (0x00006f17) auipc   t5, 0x6
core   0: 3 0x8000a412 (0x00006f17) x30 0x80010412
core   0: 0x8000a416 (0xbe3f2723) sw      gp, -1042(t5)
core   0: 3 0x8000a416 (0xbe3f2723) mem 0x80010000 0x00000001
core   0: 0x8000a41a (0x0000bfe5) c.j     pc - 8
core   0: 3 0x8000a41a (0xbfe5)
core   0: 0x8000a412 (0x00006f17) auipc   t5, 0x6
core   0: 3 0x8000a412 (0x00006f17) x30 0x80010412
core   0: 0x8000a416 (0xbe3f2723) sw      gp, -1042(t5)
core   0: 3 0x8000a416 (0xbe3f2723) mem 0x80010000 0x00000001
core   0: 0x8000a41a (0x0000bfe5) c.j     pc - 8
core   0: 3 0x8000a41a (0xbfe5)
core   0: 0x8000a412 (0x00006f17) auipc   t5, 0x6
core   0: 3 0x8000a412 (0x00006f17) x30 0x80010412
core   0: 0x8000a416 (0xbe3f2723) sw      gp, -1042(t5)
core   0: 3 0x8000a416 (0xbe3f2723) mem 0x80010000 0x00000001
core   0: 0x8000a41a (0x0000bfe5) c.j     pc - 8
core   0: 3 0x8000a41a (0xbfe5)
core   0: 0x8000a412 (0x00006f17) auipc   t5, 0x6
core   0: 3 0x8000a412 (0x00006f17) x30 0x80010412
core   0: 0x8000a416 (0xbe3f2723) sw      gp, -1042(t5)
core   0: 3 0x8000a416 (0xbe3f2723) mem 0x80010000 0x00000001
core   0: 0x8000a41a (0x0000bfe5) c.j     pc - 8
core   0: 3 0x8000a41a (0xbfe5)
core   0: 0x8000a412 (0x00006f17) auipc   t5, 0x6
core   0: 3 0x8000a412 (0x00006f17) x30 0x80010412
core   0: 0x8000a416 (0xbe3f2723) sw      gp, -1042(t5)
core   0: 3 0x8000a416 (0xbe3f2723) mem 0x80010000 0x00000001
core   0: 0x8000a41a (0x0000bfe5) c.j     pc - 8
core   0: 3 0x8000a41a (0xbfe5)
core   0: 0x8000a412 (0x00006f17) auipc   t5, 0x6
core   0: 3 0x8000a412 (0x00006f17) x30 0x80010412
core   0: 0x8000a416 (0xbe3f2723) sw      gp, -1042(t5)
core   0: 3 0x8000a416 (0xbe3f2723) mem 0x80010000 0x00000001
core   0: 0x8000a41a (0x0000bfe5) c.j     pc - 8
core   0: 3 0x8000a41a (0xbfe5)
core   0: 0x8000a412 (0x00006f17) auipc   t5, 0x6
core   0: 3 0x8000a412 (0x00006f17) x30 0x80010412
core   0: 0x8000a416 (0xbe3f2723) sw      gp, -1042(t5)
core   0: 3 0x8000a416 (0xbe3f2723) mem 0x80010000 0x00000001
core   0: 0x8000a41a (0x0000bfe5) c.j     pc - 8
core   0: 3 0x8000a41a (0xbfe5)
core   0: 0x8000a412 (0x00006f17) auipc   t5, 0x6
core   0: 3 0x8000a412 (0x00006f17) x30 0x80010412
core   0: 0x8000a416 (0xbe3f2723) sw      gp, -1042(t5)
core   0: 3 0x8000a416 (0xbe3f2723) mem 0x80010000 0x00000001
core   0: 0x8000a41a (0x0000bfe5) c.j     pc - 8
core   0: 3 0x8000a41a (0xbfe5)
core   0: 0x8000a412 (0x00006f17) auipc   t5, 0x6
core   0: 3 0x8000a412 (0x00006f17) x30 0x80010412
core   0: 0x8000a416 (0xbe3f2723) sw      gp, -1042(t5)
core   0: 3 0x8000a416 (0xbe3f2723) mem 0x80010000 0x00000001
core   0: 0x8000a41a (0x0000bfe5) c.j     pc - 8
core   0: 3 0x8000a41a (0xbfe5)
core   0: 0x8000a412 (0x00006f17) auipc   t5, 0x6
core   0: 3 0x8000a412 (0x00006f17) x30 0x80010412
core   0: 0x8000a416 (0xbe3f2723) sw      gp, -1042(t5)
core   0: 3 0x8000a416 (0xbe3f2723) mem 0x80010000 0x00000001
core   0: 0x8000a41a (0x0000bfe5) c.j     pc - 8
core   0: 3 0x8000a41a (0xbfe5)
core   0: 0x8000a412 (0x00006f17) auipc   t5, 0x6
core   0: 3 0x8000a412 (0x00006f17) x30 0x80010412
core   0: 0x8000a416 (0xbe3f2723) sw      gp, -1042(t5)
core   0: 3 0x8000a416 (0xbe3f2723) mem 0x80010000 0x00000001
core   0: 0x8000a41a (0x0000bfe5) c.j     pc - 8
core   0: 3 0x8000a41a (0xbfe5)
core   0: 0x8000a412 (0x00006f17) auipc   t5, 0x6
core   0: 3 0x8000a412 (0x00006f17) x30 0x80010412
core   0: 0x8000a416 (0xbe3f2723) sw      gp, -1042(t5)
core   0: 3 0x8000a416 (0xbe3f2723) mem 0x80010000 0x00000001
core   0: 0x8000a41a (0x0000bfe5) c.j     pc - 8
core   0: 3 0x8000a41a (0xbfe5)
core   0: 0x8000a412 (0x00006f17) auipc   t5, 0x6
core   0: 3 0x8000a412 (0x00006f17) x30 0x80010412
core   0: 0x8000a416 (0xbe3f2723) sw      gp, -1042(t5)
core   0: 3 0x8000a416 (0xbe3f2723) mem 0x80010000 0x00000001
core   0: 0x8000a41a (0x0000bfe5) c.j     pc - 8
core   0: 3 0x8000a41a (0xbfe5)
core   0: 0x8000a412 (0x00006f17) auipc   t5, 0x6
core   0: 3 0x8000a412 (0x00006f17) x30 0x80010412
core   0: 0x8000a416 (0xbe3f2723) sw      gp, -1042(t5)
core   0: 3 0x8000a416 (0xbe3f2723) mem 0x80010000 0x00000001
core   0: 0x8000a41a (0x0000bfe5) c.j     pc - 8
core   0: 3 0x8000a41a (0xbfe5)
core   0: 0x8000a412 (0x00006f17) auipc   t5, 0x6
core   0: 3 0x8000a412 (0x00006f17) x30 0x80010412
core   0: 0x8000a416 (0xbe3f2723) sw      gp, -1042(t5)
core   0: 3 0x8000a416 (0xbe3f2723) mem 0x80010000 0x00000001
core   0: 0x8000a41a (0x0000bfe5) c.j     pc - 8
core   0: 3 0x8000a41a (0xbfe5)
core   0: 0x8000a412 (0x00006f17) auipc   t5, 0x6
core   0: 3 0x8000a412 (0x00006f17) x30 0x80010412
core   0: 0x8000a416 (0xbe3f2723) sw      gp, -1042(t5)
core   0: 3 0x8000a416 (0xbe3f2723) mem 0x80010000 0x00000001
core   0: 0x8000a41a (0x0000bfe5) c.j     pc - 8
core   0: 3 0x8000a41a (0xbfe5)
core   0: 0x8000a412 (0x00006f17) auipc   t5, 0x6
core   0: 3 0x8000a412 (0x00006f17) x30 0x80010412
core   0: 0x8000a416 (0xbe3f2723) sw      gp, -1042(t5)
core   0: 3 0x8000a416 (0xbe3f2723) mem 0x80010000 0x00000001
core   0: 0x8000a41a (0x0000bfe5) c.j     pc - 8
core   0: 3 0x8000a41a (0xbfe5)
core   0: 0x8000a412 (0x00006f17) auipc   t5, 0x6
core   0: 3 0x8000a412 (0x00006f17) x30 0x80010412
core   0: 0x8000a416 (0xbe3f2723) sw      gp, -1042(t5)
core   0: 3 0x8000a416 (0xbe3f2723) mem 0x80010000 0x00000001
core   0: 0x8000a41a (0x0000bfe5) c.j     pc - 8
core   0: 3 0x8000a41a (0xbfe5)
core   0: 0x8000a412 (0x00006f17) auipc   t5, 0x6
core   0: 3 0x8000a412 (0x00006f17) x30 0x80010412
core   0: 0x8000a416 (0xbe3f2723) sw      gp, -1042(t5)
core   0: 3 0x8000a416 (0xbe3f2723) mem 0x80010000 0x00000001
core   0: 0x8000a41a (0x0000bfe5) c.j     pc - 8
core   0: 3 0x8000a41a (0xbfe5)
core   0: 0x8000a412 (0x00006f17) auipc   t5, 0x6
core   0: 3 0x8000a412 (0x00006f17) x30 0x80010412
core   0: 0x8000a416 (0xbe3f2723) sw      gp, -1042(t5)
core   0: 3 0x8000a416 (0xbe3f2723) mem 0x80010000 0x00000001
core   0: 0x8000a41a (0x0000bfe5) c.j     pc - 8
core   0: 3 0x8000a41a (0xbfe5)
core   0: 0x8000a412 (0x00006f17) auipc   t5, 0x6
core   0: 3 0x8000a412 (0x00006f17) x30 0x80010412
core   0: 0x8000a416 (0xbe3f2723) sw      gp, -1042(t5)
core   0: 3 0x8000a416 (0xbe3f2723) mem 0x80010000 0x00000001
core   0: 0x8000a41a (0x0000bfe5) c.j     pc - 8
core   0: 3 0x8000a41a (0xbfe5)
core   0: 0x8000a412 (0x00006f17) auipc   t5, 0x6
core   0: 3 0x8000a412 (0x00006f17) x30 0x80010412
core   0: 0x8000a416 (0xbe3f2723) sw      gp, -1042(t5)
core   0: 3 0x8000a416 (0xbe3f2723) mem 0x80010000 0x00000001
core   0: 0x8000a41a (0x0000bfe5) c.j     pc - 8
core   0: 3 0x8000a41a (0xbfe5)
core   0: 0x8000a412 (0x00006f17) auipc   t5, 0x6
core   0: 3 0x8000a412 (0x00006f17) x30 0x80010412
core   0: 0x8000a416 (0xbe3f2723) sw      gp, -1042(t5)
core   0: 3 0x8000a416 (0xbe3f2723) mem 0x80010000 0x00000001
core   0: 0x8000a41a (0x0000bfe5) c.j     pc - 8
core   0: 3 0x8000a41a (0xbfe5)
core   0: 0x8000a412 (0x00006f17) auipc   t5, 0x6
core   0: 3 0x8000a412 (0x00006f17) x30 0x80010412
core   0: 0x8000a416 (0xbe3f2723) sw      gp, -1042(t5)
core   0: 3 0x8000a416 (0xbe3f2723) mem 0x80010000 0x00000001
core   0: 0x8000a41a (0x0000bfe5) c.j     pc - 8
core   0: 3 0x8000a41a (0xbfe5)
core   0: 0x8000a412 (0x00006f17) auipc   t5, 0x6
core   0: 3 0x8000a412 (0x00006f17) x30 0x80010412
core   0: 0x8000a416 (0xbe3f2723) sw      gp, -1042(t5)
core   0: 3 0x8000a416 (0xbe3f2723) mem 0x80010000 0x00000001
core   0: 0x8000a41a (0x0000bfe5) c.j     pc - 8
core   0: 3 0x8000a41a (0xbfe5)
core   0: 0x8000a412 (0x00006f17) auipc   t5, 0x6
core   0: 3 0x8000a412 (0x00006f17) x30 0x80010412
core   0: 0x8000a416 (0xbe3f2723) sw      gp, -1042(t5)
core   0: 3 0x8000a416 (0xbe3f2723) mem 0x80010000 0x00000001
core   0: 0x8000a41a (0x0000bfe5) c.j     pc - 8
core   0: 3 0x8000a41a (0xbfe5)
core   0: 0x8000a412 (0x00006f17) auipc   t5, 0x6
core   0: 3 0x8000a412 (0x00006f17) x30 0x80010412
core   0: 0x8000a416 (0xbe3f2723) sw      gp, -1042(t5)
core   0: 3 0x8000a416 (0xbe3f2723) mem 0x80010000 0x00000001
core   0: 0x8000a41a (0x0000bfe5) c.j     pc - 8
core   0: 3 0x8000a41a (0xbfe5)
core   0: 0x8000a412 (0x00006f17) auipc   t5, 0x6
core   0: 3 0x8000a412 (0x00006f17) x30 0x80010412
core   0: 0x8000a416 (0xbe3f2723) sw      gp, -1042(t5)
core   0: 3 0x8000a416 (0xbe3f2723) mem 0x80010000 0x00000001
core   0: 0x8000a41a (0x0000bfe5) c.j     pc - 8
core   0: 3 0x8000a41a (0xbfe5)
core   0: 0x8000a412 (0x00006f17) auipc   t5, 0x6
core   0: 3 0x8000a412 (0x00006f17) x30 0x80010412
core   0: 0x8000a416 (0xbe3f2723) sw      gp, -1042(t5)
core   0: 3 0x8000a416 (0xbe3f2723) mem 0x80010000 0x00000001
core   0: 0x8000a41a (0x0000bfe5) c.j     pc - 8
core   0: 3 0x8000a41a (0xbfe5)
core   0: 0x8000a412 (0x00006f17) auipc   t5, 0x6
core   0: 3 0x8000a412 (0x00006f17) x30 0x80010412
core   0: 0x8000a416 (0xbe3f2723) sw      gp, -1042(t5)
core   0: 3 0x8000a416 (0xbe3f2723) mem 0x80010000 0x00000001
core   0: 0x8000a41a (0x0000bfe5) c.j     pc - 8
core   0: 3 0x8000a41a (0xbfe5)
core   0: 0x8000a412 (0x00006f17) auipc   t5, 0x6
core   0: 3 0x8000a412 (0x00006f17) x30 0x80010412
core   0: 0x8000a416 (0xbe3f2723) sw      gp, -1042(t5)
core   0: 3 0x8000a416 (0xbe3f2723) mem 0x80010000 0x00000001
core   0: 0x8000a41a (0x0000bfe5) c.j     pc - 8
core   0: 3 0x8000a41a (0xbfe5)
core   0: 0x8000a412 (0x00006f17) auipc   t5, 0x6
core   0: 3 0x8000a412 (0x00006f17) x30 0x80010412
core   0: 0x8000a416 (0xbe3f2723) sw      gp, -1042(t5)
core   0: 3 0x8000a416 (0xbe3f2723) mem 0x80010000 0x00000001
core   0: 0x8000a41a (0x0000bfe5) c.j     pc - 8
core   0: 3 0x8000a41a (0xbfe5)
core   0: 0x8000a412 (0x00006f17) auipc   t5, 0x6
core   0: 3 0x8000a412 (0x00006f17) x30 0x80010412
core   0: 0x8000a416 (0xbe3f2723) sw      gp, -1042(t5)
core   0: 3 0x8000a416 (0xbe3f2723) mem 0x80010000 0x00000001
core   0: 0x8000a41a (0x0000bfe5) c.j     pc - 8
core   0: 3 0x8000a41a (0xbfe5)
core   0: 0x8000a412 (0x00006f17) auipc   t5, 0x6
core   0: 3 0x8000a412 (0x00006f17) x30 0x80010412
core   0: 0x8000a416 (0xbe3f2723) sw      gp, -1042(t5)
core   0: 3 0x8000a416 (0xbe3f2723) mem 0x80010000 0x00000001
core   0: 0x8000a41a (0x0000bfe5) c.j     pc - 8
core   0: 3 0x8000a41a (0xbfe5)
core   0: 0x8000a412 (0x00006f17) auipc   t5, 0x6
core   0: 3 0x8000a412 (0x00006f17) x30 0x80010412
core   0: 0x8000a416 (0xbe3f2723) sw      gp, -1042(t5)
core   0: 3 0x8000a416 (0xbe3f2723) mem 0x80010000 0x00000001
core   0: 0x8000a41a (0x0000bfe5) c.j     pc - 8
core   0: 3 0x8000a41a (0xbfe5)
core   0: 0x8000a412 (0x00006f17) auipc   t5, 0x6
core   0: 3 0x8000a412 (0x00006f17) x30 0x80010412
core   0: 0x8000a416 (0xbe3f2723) sw      gp, -1042(t5)
core   0: 3 0x8000a416 (0xbe3f2723) mem 0x80010000 0x00000001
core   0: 0x8000a41a (0x0000bfe5) c.j     pc - 8
core   0: 3 0x8000a41a (0xbfe5)
core   0: 0x8000a412 (0x00006f17) auipc   t5, 0x6
core   0: 3 0x8000a412 (0x00006f17) x30 0x80010412
core   0: 0x8000a416 (0xbe3f2723) sw      gp, -1042(t5)
core   0: 3 0x8000a416 (0xbe3f2723) mem 0x80010000 0x00000001
core   0: 0x8000a41a (0x0000bfe5) c.j     pc - 8
core   0: 3 0x8000a41a (0xbfe5)
core   0: 0x8000a412 (0x00006f17) auipc   t5, 0x6
core   0: 3 0x8000a412 (0x00006f17) x30 0x80010412
core   0: 0x8000a416 (0xbe3f2723) sw      gp, -1042(t5)
core   0: 3 0x8000a416 (0xbe3f2723) mem 0x80010000 0x00000001
core   0: 0x8000a41a (0x0000bfe5) c.j     pc - 8
core   0: 3 0x8000a41a (0xbfe5)
core   0: 0x8000a412 (0x00006f17) auipc   t5, 0x6
core   0: 3 0x8000a412 (0x00006f17) x30 0x80010412
core   0: 0x8000a416 (0xbe3f2723) sw      gp, -1042(t5)
core   0: 3 0x8000a416 (0xbe3f2723) mem 0x80010000 0x00000001
core   0: 0x8000a41a (0x0000bfe5) c.j     pc - 8
core   0: 3 0x8000a41a (0xbfe5)
core   0: 0x8000a412 (0x00006f17) auipc   t5, 0x6
core   0: 3 0x8000a412 (0x00006f17) x30 0x80010412
core   0: 0x8000a416 (0xbe3f2723) sw      gp, -1042(t5)
core   0: 3 0x8000a416 (0xbe3f2723) mem 0x80010000 0x00000001
core   0: 0x8000a41a (0x0000bfe5) c.j     pc - 8
core   0: 3 0x8000a41a (0xbfe5)
core   0: 0x8000a412 (0x00006f17) auipc   t5, 0x6
core   0: 3 0x8000a412 (0x00006f17) x30 0x80010412
core   0: 0x8000a416 (0xbe3f2723) sw      gp, -1042(t5)
core   0: 3 0x8000a416 (0xbe3f2723) mem 0x80010000 0x00000001
core   0: 0x8000a41a (0x0000bfe5) c.j     pc - 8
core   0: 3 0x8000a41a (0xbfe5)
core   0: 0x8000a412 (0x00006f17) auipc   t5, 0x6
core   0: 3 0x8000a412 (0x00006f17) x30 0x80010412
core   0: 0x8000a416 (0xbe3f2723) sw      gp, -1042(t5)
core   0: 3 0x8000a416 (0xbe3f2723) mem 0x80010000 0x00000001
core   0: 0x8000a41a (0x0000bfe5) c.j     pc - 8
core   0: 3 0x8000a41a (0xbfe5)
core   0: 0x8000a412 (0x00006f17) auipc   t5, 0x6
core   0: 3 0x8000a412 (0x00006f17) x30 0x80010412
core   0: 0x8000a416 (0xbe3f2723) sw      gp, -1042(t5)
core   0: 3 0x8000a416 (0xbe3f2723) mem 0x80010000 0x00000001
core   0: 0x8000a41a (0x0000bfe5) c.j     pc - 8
core   0: 3 0x8000a41a (0xbfe5)
core   0: 0x8000a412 (0x00006f17) auipc   t5, 0x6
core   0: 3 0x8000a412 (0x00006f17) x30 0x80010412
core   0: 0x8000a416 (0xbe3f2723) sw      gp, -1042(t5)
core   0: 3 0x8000a416 (0xbe3f2723) mem 0x80010000 0x00000001
core   0: 0x8000a41a (0x0000bfe5) c.j     pc - 8
core   0: 3 0x8000a41a (0xbfe5)
core   0: 0x8000a412 (0x00006f17) auipc   t5, 0x6
core   0: 3 0x8000a412 (0x00006f17) x30 0x80010412
core   0: 0x8000a416 (0xbe3f2723) sw      gp, -1042(t5)
core   0: 3 0x8000a416 (0xbe3f2723) mem 0x80010000 0x00000001
core   0: 0x8000a41a (0x0000bfe5) c.j     pc - 8
core   0: 3 0x8000a41a (0xbfe5)
core   0: 0x8000a412 (0x00006f17) auipc   t5, 0x6
core   0: 3 0x8000a412 (0x00006f17) x30 0x80010412
core   0: 0x8000a416 (0xbe3f2723) sw      gp, -1042(t5)
core   0: 3 0x8000a416 (0xbe3f2723) mem 0x80010000 0x00000001
core   0: 0x8000a41a (0x0000bfe5) c.j     pc - 8
core   0: 3 0x8000a41a (0xbfe5)
core   0: 0x8000a412 (0x00006f17) auipc   t5, 0x6
core   0: 3 0x8000a412 (0x00006f17) x30 0x80010412
core   0: 0x8000a416 (0xbe3f2723) sw      gp, -1042(t5)
core   0: 3 0x8000a416 (0xbe3f2723) mem 0x80010000 0x00000001
core   0: 0x8000a41a (0x0000bfe5) c.j     pc - 8
core   0: 3 0x8000a41a (0xbfe5)
core   0: 0x8000a412 (0x00006f17) auipc   t5, 0x6
core   0: 3 0x8000a412 (0x00006f17) x30 0x80010412
core   0: 0x8000a416 (0xbe3f2723) sw      gp, -1042(t5)
core   0: 3 0x8000a416 (0xbe3f2723) mem 0x80010000 0x00000001
core   0: 0x8000a41a (0x0000bfe5) c.j     pc - 8
core   0: 3 0x8000a41a (0xbfe5)
core   0: 0x8000a412 (0x00006f17) auipc   t5, 0x6
core   0: 3 0x8000a412 (0x00006f17) x30 0x80010412
core   0: 0x8000a416 (0xbe3f2723) sw      gp, -1042(t5)
core   0: 3 0x8000a416 (0xbe3f2723) mem 0x80010000 0x00000001
core   0: 0x8000a41a (0x0000bfe5) c.j     pc - 8
core   0: 3 0x8000a41a (0xbfe5)
core   0: 0x8000a412 (0x00006f17) auipc   t5, 0x6
core   0: 3 0x8000a412 (0x00006f17) x30 0x80010412
core   0: 0x8000a416 (0xbe3f2723) sw      gp, -1042(t5)
core   0: 3 0x8000a416 (0xbe3f2723) mem 0x80010000 0x00000001
core   0: 0x8000a41a (0x0000bfe5) c.j     pc - 8
core   0: 3 0x8000a41a (0xbfe5)
core   0: 0x8000a412 (0x00006f17) auipc   t5, 0x6
core   0: 3 0x8000a412 (0x00006f17) x30 0x80010412
core   0: 0x8000a416 (0xbe3f2723) sw      gp, -1042(t5)
core   0: 3 0x8000a416 (0xbe3f2723) mem 0x80010000 0x00000001
core   0: 0x8000a41a (0x0000bfe5) c.j     pc - 8
core   0: 3 0x8000a41a (0xbfe5)
core   0: 0x8000a412 (0x00006f17) auipc   t5, 0x6
core   0: 3 0x8000a412 (0x00006f17) x30 0x80010412
core   0: 0x8000a416 (0xbe3f2723) sw      gp, -1042(t5)
core   0: 3 0x8000a416 (0xbe3f2723) mem 0x80010000 0x00000001
core   0: 0x8000a41a (0x0000bfe5) c.j     pc - 8
core   0: 3 0x8000a41a (0xbfe5)
core   0: 0x8000a412 (0x00006f17) auipc   t5, 0x6
core   0: 3 0x8000a412 (0x00006f17) x30 0x80010412
core   0: 0x8000a416 (0xbe3f2723) sw      gp, -1042(t5)
core   0: 3 0x8000a416 (0xbe3f2723) mem 0x80010000 0x00000001
core   0: 0x8000a41a (0x0000bfe5) c.j     pc - 8
core   0: 3 0x8000a41a (0xbfe5)
core   0: 0x8000a412 (0x00006f17) auipc   t5, 0x6
core   0: 3 0x8000a412 (0x00006f17) x30 0x80010412
core   0: 0x8000a416 (0xbe3f2723) sw      gp, -1042(t5)
core   0: 3 0x8000a416 (0xbe3f2723) mem 0x80010000 0x00000001
core   0: 0x8000a41a (0x0000bfe5) c.j     pc - 8
core   0: 3 0x8000a41a (0xbfe5)
core   0: 0x8000a412 (0x00006f17) auipc   t5, 0x6
core   0: 3 0x8000a412 (0x00006f17) x30 0x80010412
core   0: 0x8000a416 (0xbe3f2723) sw      gp, -1042(t5)
core   0: 3 0x8000a416 (0xbe3f2723) mem 0x80010000 0x00000001
core   0: 0x8000a41a (0x0000bfe5) c.j     pc - 8
core   0: 3 0x8000a41a (0xbfe5)
core   0: 0x8000a412 (0x00006f17) auipc   t5, 0x6
core   0: 3 0x8000a412 (0x00006f17) x30 0x80010412
core   0: 0x8000a416 (0xbe3f2723) sw      gp, -1042(t5)
core   0: 3 0x8000a416 (0xbe3f2723) mem 0x80010000 0x00000001
core   0: 0x8000a41a (0x0000bfe5) c.j     pc - 8
core   0: 3 0x8000a41a (0xbfe5)
core   0: 0x8000a412 (0x00006f17) auipc   t5, 0x6
core   0: 3 0x8000a412 (0x00006f17) x30 0x80010412
core   0: 0x8000a416 (0xbe3f2723) sw      gp, -1042(t5)
core   0: 3 0x8000a416 (0xbe3f2723) mem 0x80010000 0x00000001
core   0: 0x8000a41a (0x0000bfe5) c.j     pc - 8
core   0: 3 0x8000a41a (0xbfe5)
core   0: 0x8000a412 (0x00006f17) auipc   t5, 0x6
core   0: 3 0x8000a412 (0x00006f17) x30 0x80010412
core   0: 0x8000a416 (0xbe3f2723) sw      gp, -1042(t5)
core   0: 3 0x8000a416 (0xbe3f2723) mem 0x80010000 0x00000001
core   0: 0x8000a41a (0x0000bfe5) c.j     pc - 8
core   0: 3 0x8000a41a (0xbfe5)
core   0: 0x8000a412 (0x00006f17) auipc   t5, 0x6
core   0: 3 0x8000a412 (0x00006f17) x30 0x80010412
core   0: 0x8000a416 (0xbe3f2723) sw      gp, -1042(t5)
core   0: 3 0x8000a416 (0xbe3f2723) mem 0x80010000 0x00000001
core   0: 0x8000a41a (0x0000bfe5) c.j     pc - 8
core   0: 3 0x8000a41a (0xbfe5)
core   0: 0x8000a412 (0x00006f17) auipc   t5, 0x6
core   0: 3 0x8000a412 (0x00006f17) x30 0x80010412
core   0: 0x8000a416 (0xbe3f2723) sw      gp, -1042(t5)
core   0: 3 0x8000a416 (0xbe3f2723) mem 0x80010000 0x00000001
core   0: 0x8000a41a (0x0000bfe5) c.j     pc - 8
core   0: 3 0x8000a41a (0xbfe5)
core   0: 0x8000a412 (0x00006f17) auipc   t5, 0x6
core   0: 3 0x8000a412 (0x00006f17) x30 0x80010412
core   0: 0x8000a416 (0xbe3f2723) sw      gp, -1042(t5)
core   0: 3 0x8000a416 (0xbe3f2723) mem 0x80010000 0x00000001
core   0: 0x8000a41a (0x0000bfe5) c.j     pc - 8
core   0: 3 0x8000a41a (0xbfe5)
core   0: 0x8000a412 (0x00006f17) auipc   t5, 0x6
core   0: 3 0x8000a412 (0x00006f17) x30 0x80010412
core   0: 0x8000a416 (0xbe3f2723) sw      gp, -1042(t5)
core   0: 3 0x8000a416 (0xbe3f2723) mem 0x80010000 0x00000001
core   0: 0x8000a41a (0x0000bfe5) c.j     pc - 8
core   0: 3 0x8000a41a (0xbfe5)
core   0: 0x8000a412 (0x00006f17) auipc   t5, 0x6
core   0: 3 0x8000a412 (0x00006f17) x30 0x80010412
core   0: 0x8000a416 (0xbe3f2723) sw      gp, -1042(t5)
core   0: 3 0x8000a416 (0xbe3f2723) mem 0x80010000 0x00000001
core   0: 0x8000a41a (0x0000bfe5) c.j     pc - 8
core   0: 3 0x8000a41a (0xbfe5)
core   0: 0x8000a412 (0x00006f17) auipc   t5, 0x6
core   0: 3 0x8000a412 (0x00006f17) x30 0x80010412
core   0: 0x8000a416 (0xbe3f2723) sw      gp, -1042(t5)
core   0: 3 0x8000a416 (0xbe3f2723) mem 0x80010000 0x00000001
core   0: 0x8000a41a (0x0000bfe5) c.j     pc - 8
core   0: 3 0x8000a41a (0xbfe5)
core   0: 0x8000a412 (0x00006f17) auipc   t5, 0x6
core   0: 3 0x8000a412 (0x00006f17) x30 0x80010412
core   0: 0x8000a416 (0xbe3f2723) sw      gp, -1042(t5)
core   0: 3 0x8000a416 (0xbe3f2723) mem 0x80010000 0x00000001
core   0: 0x8000a41a (0x0000bfe5) c.j     pc - 8
core   0: 3 0x8000a41a (0xbfe5)
core   0: 0x8000a412 (0x00006f17) auipc   t5, 0x6
core   0: 3 0x8000a412 (0x00006f17) x30 0x80010412
core   0: 0x8000a416 (0xbe3f2723) sw      gp, -1042(t5)
core   0: 3 0x8000a416 (0xbe3f2723) mem 0x80010000 0x00000001
core   0: 0x8000a41a (0x0000bfe5) c.j     pc - 8
core   0: 3 0x8000a41a (0xbfe5)
core   0: 0x8000a412 (0x00006f17) auipc   t5, 0x6
core   0: 3 0x8000a412 (0x00006f17) x30 0x80010412
core   0: 0x8000a416 (0xbe3f2723) sw      gp, -1042(t5)
core   0: 3 0x8000a416 (0xbe3f2723) mem 0x80010000 0x00000001
core   0: 0x8000a41a (0x0000bfe5) c.j     pc - 8
core   0: 3 0x8000a41a (0xbfe5)
core   0: 0x8000a412 (0x00006f17) auipc   t5, 0x6
core   0: 3 0x8000a412 (0x00006f17) x30 0x80010412
core   0: 0x8000a416 (0xbe3f2723) sw      gp, -1042(t5)
core   0: 3 0x8000a416 (0xbe3f2723) mem 0x80010000 0x00000001
core   0: 0x8000a41a (0x0000bfe5) c.j     pc - 8
core   0: 3 0x8000a41a (0xbfe5)
core   0: 0x8000a412 (0x00006f17) auipc   t5, 0x6
core   0: 3 0x8000a412 (0x00006f17) x30 0x80010412
core   0: 0x8000a416 (0xbe3f2723) sw      gp, -1042(t5)
core   0: 3 0x8000a416 (0xbe3f2723) mem 0x80010000 0x00000001
core   0: 0x8000a41a (0x0000bfe5) c.j     pc - 8
core   0: 3 0x8000a41a (0xbfe5)
core   0: 0x8000a412 (0x00006f17) auipc   t5, 0x6
core   0: 3 0x8000a412 (0x00006f17) x30 0x80010412
core   0: 0x8000a416 (0xbe3f2723) sw      gp, -1042(t5)
core   0: 3 0x8000a416 (0xbe3f2723) mem 0x80010000 0x00000001
core   0: 0x8000a41a (0x0000bfe5) c.j     pc - 8
core   0: 3 0x8000a41a (0xbfe5)
core   0: 0x8000a412 (0x00006f17) auipc   t5, 0x6
core   0: 3 0x8000a412 (0x00006f17) x30 0x80010412
core   0: 0x8000a416 (0xbe3f2723) sw      gp, -1042(t5)
core   0: 3 0x8000a416 (0xbe3f2723) mem 0x80010000 0x00000001
core   0: 0x8000a41a (0x0000bfe5) c.j     pc - 8
core   0: 3 0x8000a41a (0xbfe5)
core   0: 0x8000a412 (0x00006f17) auipc   t5, 0x6
core   0: 3 0x8000a412 (0x00006f17) x30 0x80010412
core   0: 0x8000a416 (0xbe3f2723) sw      gp, -1042(t5)
core   0: 3 0x8000a416 (0xbe3f2723) mem 0x80010000 0x00000001
core   0: 0x8000a41a (0x0000bfe5) c.j     pc - 8
core   0: 3 0x8000a41a (0xbfe5)
core   0: 0x8000a412 (0x00006f17) auipc   t5, 0x6
core   0: 3 0x8000a412 (0x00006f17) x30 0x80010412
core   0: 0x8000a416 (0xbe3f2723) sw      gp, -1042(t5)
core   0: 3 0x8000a416 (0xbe3f2723) mem 0x80010000 0x00000001
core   0: 0x8000a41a (0x0000bfe5) c.j     pc - 8
core   0: 3 0x8000a41a (0xbfe5)
core   0: 0x8000a412 (0x00006f17) auipc   t5, 0x6
core   0: 3 0x8000a412 (0x00006f17) x30 0x80010412
core   0: 0x8000a416 (0xbe3f2723) sw      gp, -1042(t5)
core   0: 3 0x8000a416 (0xbe3f2723) mem 0x80010000 0x00000001
core   0: 0x8000a41a (0x0000bfe5) c.j     pc - 8
core   0: 3 0x8000a41a (0xbfe5)
core   0: 0x8000a412 (0x00006f17) auipc   t5, 0x6
core   0: 3 0x8000a412 (0x00006f17) x30 0x80010412
core   0: 0x8000a416 (0xbe3f2723) sw      gp, -1042(t5)
core   0: 3 0x8000a416 (0xbe3f2723) mem 0x80010000 0x00000001
core   0: 0x8000a41a (0x0000bfe5) c.j     pc - 8
core   0: 3 0x8000a41a (0xbfe5)
core   0: 0x8000a412 (0x00006f17) auipc   t5, 0x6
core   0: 3 0x8000a412 (0x00006f17) x30 0x80010412
core   0: 0x8000a416 (0xbe3f2723) sw      gp, -1042(t5)
core   0: 3 0x8000a416 (0xbe3f2723) mem 0x80010000 0x00000001
core   0: 0x8000a41a (0x0000bfe5) c.j     pc - 8
core   0: 3 0x8000a41a (0xbfe5)
core   0: 0x8000a412 (0x00006f17) auipc   t5, 0x6
core   0: 3 0x8000a412 (0x00006f17) x30 0x80010412
core   0: 0x8000a416 (0xbe3f2723) sw      gp, -1042(t5)
core   0: 3 0x8000a416 (0xbe3f2723) mem 0x80010000 0x00000001
core   0: 0x8000a41a (0x0000bfe5) c.j     pc - 8
core   0: 3 0x8000a41a (0xbfe5)
core   0: 0x8000a412 (0x00006f17) auipc   t5, 0x6
core   0: 3 0x8000a412 (0x00006f17) x30 0x80010412
core   0: 0x8000a416 (0xbe3f2723) sw      gp, -1042(t5)
core   0: 3 0x8000a416 (0xbe3f2723) mem 0x80010000 0x00000001
core   0: 0x8000a41a (0x0000bfe5) c.j     pc - 8
core   0: 3 0x8000a41a (0xbfe5)
core   0: 0x8000a412 (0x00006f17) auipc   t5, 0x6
core   0: 3 0x8000a412 (0x00006f17) x30 0x80010412
core   0: 0x8000a416 (0xbe3f2723) sw      gp, -1042(t5)
core   0: 3 0x8000a416 (0xbe3f2723) mem 0x80010000 0x00000001
core   0: 0x8000a41a (0x0000bfe5) c.j     pc - 8
core   0: 3 0x8000a41a (0xbfe5)
core   0: 0x8000a412 (0x00006f17) auipc   t5, 0x6
core   0: 3 0x8000a412 (0x00006f17) x30 0x80010412
core   0: 0x8000a416 (0xbe3f2723) sw      gp, -1042(t5)
core   0: 3 0x8000a416 (0xbe3f2723) mem 0x80010000 0x00000001
core   0: 0x8000a41a (0x0000bfe5) c.j     pc - 8
core   0: 3 0x8000a41a (0xbfe5)
core   0: 0x8000a412 (0x00006f17) auipc   t5, 0x6
core   0: 3 0x8000a412 (0x00006f17) x30 0x80010412
core   0: 0x8000a416 (0xbe3f2723) sw      gp, -1042(t5)
core   0: 3 0x8000a416 (0xbe3f2723) mem 0x80010000 0x00000001
core   0: 0x8000a41a (0x0000bfe5) c.j     pc - 8
core   0: 3 0x8000a41a (0xbfe5)
core   0: 0x8000a412 (0x00006f17) auipc   t5, 0x6
core   0: 3 0x8000a412 (0x00006f17) x30 0x80010412
core   0: 0x8000a416 (0xbe3f2723) sw      gp, -1042(t5)
core   0: 3 0x8000a416 (0xbe3f2723) mem 0x80010000 0x00000001
core   0: 0x8000a41a (0x0000bfe5) c.j     pc - 8
core   0: 3 0x8000a41a (0xbfe5)
core   0: 0x8000a412 (0x00006f17) auipc   t5, 0x6
core   0: 3 0x8000a412 (0x00006f17) x30 0x80010412
core   0: 0x8000a416 (0xbe3f2723) sw      gp, -1042(t5)
core   0: 3 0x8000a416 (0xbe3f2723) mem 0x80010000 0x00000001
core   0: 0x8000a41a (0x0000bfe5) c.j     pc - 8
core   0: 3 0x8000a41a (0xbfe5)
core   0: 0x8000a412 (0x00006f17) auipc   t5, 0x6
core   0: 3 0x8000a412 (0x00006f17) x30 0x80010412
core   0: 0x8000a416 (0xbe3f2723) sw      gp, -1042(t5)
core   0: 3 0x8000a416 (0xbe3f2723) mem 0x80010000 0x00000001
core   0: 0x8000a41a (0x0000bfe5) c.j     pc - 8
core   0: 3 0x8000a41a (0xbfe5)
core   0: 0x8000a412 (0x00006f17) auipc   t5, 0x6
core   0: 3 0x8000a412 (0x00006f17) x30 0x80010412
core   0: 0x8000a416 (0xbe3f2723) sw      gp, -1042(t5)
core   0: 3 0x8000a416 (0xbe3f2723) mem 0x80010000 0x00000001
core   0: 0x8000a41a (0x0000bfe5) c.j     pc - 8
core   0: 3 0x8000a41a (0xbfe5)
core   0: 0x8000a412 (0x00006f17) auipc   t5, 0x6
core   0: 3 0x8000a412 (0x00006f17) x30 0x80010412
core   0: 0x8000a416 (0xbe3f2723) sw      gp, -1042(t5)
core   0: 3 0x8000a416 (0xbe3f2723) mem 0x80010000 0x00000001
core   0: 0x8000a41a (0x0000bfe5) c.j     pc - 8
core   0: 3 0x8000a41a (0xbfe5)
core   0: 0x8000a412 (0x00006f17) auipc   t5, 0x6
core   0: 3 0x8000a412 (0x00006f17) x30 0x80010412
core   0: 0x8000a416 (0xbe3f2723) sw      gp, -1042(t5)
core   0: 3 0x8000a416 (0xbe3f2723) mem 0x80010000 0x00000001
core   0: 0x8000a41a (0x0000bfe5) c.j     pc - 8
core   0: 3 0x8000a41a (0xbfe5)
core   0: 0x8000a412 (0x00006f17) auipc   t5, 0x6
core   0: 3 0x8000a412 (0x00006f17) x30 0x80010412
core   0: 0x8000a416 (0xbe3f2723) sw      gp, -1042(t5)
core   0: 3 0x8000a416 (0xbe3f2723) mem 0x80010000 0x00000001
core   0: 0x8000a41a (0x0000bfe5) c.j     pc - 8
core   0: 3 0x8000a41a (0xbfe5)
core   0: 0x8000a412 (0x00006f17) auipc   t5, 0x6
core   0: 3 0x8000a412 (0x00006f17) x30 0x80010412
core   0: 0x8000a416 (0xbe3f2723) sw      gp, -1042(t5)
core   0: 3 0x8000a416 (0xbe3f2723) mem 0x80010000 0x00000001
core   0: 0x8000a41a (0x0000bfe5) c.j     pc - 8
core   0: 3 0x8000a41a (0xbfe5)
core   0: 0x8000a412 (0x00006f17) auipc   t5, 0x6
core   0: 3 0x8000a412 (0x00006f17) x30 0x80010412
core   0: 0x8000a416 (0xbe3f2723) sw      gp, -1042(t5)
core   0: 3 0x8000a416 (0xbe3f2723) mem 0x80010000 0x00000001
core   0: 0x8000a41a (0x0000bfe5) c.j     pc - 8
core   0: 3 0x8000a41a (0xbfe5)
core   0: 0x8000a412 (0x00006f17) auipc   t5, 0x6
core   0: 3 0x8000a412 (0x00006f17) x30 0x80010412
core   0: 0x8000a416 (0xbe3f2723) sw      gp, -1042(t5)
core   0: 3 0x8000a416 (0xbe3f2723) mem 0x80010000 0x00000001
core   0: 0x8000a41a (0x0000bfe5) c.j     pc - 8
core   0: 3 0x8000a41a (0xbfe5)
core   0: 0x8000a412 (0x00006f17) auipc   t5, 0x6
core   0: 3 0x8000a412 (0x00006f17) x30 0x80010412
core   0: 0x8000a416 (0xbe3f2723) sw      gp, -1042(t5)
core   0: 3 0x8000a416 (0xbe3f2723) mem 0x80010000 0x00000001
core   0: 0x8000a41a (0x0000bfe5) c.j     pc - 8
core   0: 3 0x8000a41a (0xbfe5)
core   0: 0x8000a412 (0x00006f17) auipc   t5, 0x6
core   0: 3 0x8000a412 (0x00006f17) x30 0x80010412
core   0: 0x8000a416 (0xbe3f2723) sw      gp, -1042(t5)
core   0: 3 0x8000a416 (0xbe3f2723) mem 0x80010000 0x00000001
core   0: 0x8000a41a (0x0000bfe5) c.j     pc - 8
core   0: 3 0x8000a41a (0xbfe5)
core   0: 0x8000a412 (0x00006f17) auipc   t5, 0x6
core   0: 3 0x8000a412 (0x00006f17) x30 0x80010412
core   0: 0x8000a416 (0xbe3f2723) sw      gp, -1042(t5)
core   0: 3 0x8000a416 (0xbe3f2723) mem 0x80010000 0x00000001
core   0: 0x8000a41a (0x0000bfe5) c.j     pc - 8
core   0: 3 0x8000a41a (0xbfe5)
core   0: 0x8000a412 (0x00006f17) auipc   t5, 0x6
core   0: 3 0x8000a412 (0x00006f17) x30 0x80010412
core   0: 0x8000a416 (0xbe3f2723) sw      gp, -1042(t5)
core   0: 3 0x8000a416 (0xbe3f2723) mem 0x80010000 0x00000001
core   0: 0x8000a41a (0x0000bfe5) c.j     pc - 8
core   0: 3 0x8000a41a (0xbfe5)
core   0: 0x8000a412 (0x00006f17) auipc   t5, 0x6
core   0: 3 0x8000a412 (0x00006f17) x30 0x80010412
core   0: 0x8000a416 (0xbe3f2723) sw      gp, -1042(t5)
core   0: 3 0x8000a416 (0xbe3f2723) mem 0x80010000 0x00000001
core   0: 0x8000a41a (0x0000bfe5) c.j     pc - 8
core   0: 3 0x8000a41a (0xbfe5)
core   0: 0x8000a412 (0x00006f17) auipc   t5, 0x6
core   0: 3 0x8000a412 (0x00006f17) x30 0x80010412
core   0: 0x8000a416 (0xbe3f2723) sw      gp, -1042(t5)
core   0: 3 0x8000a416 (0xbe3f2723) mem 0x80010000 0x00000001
core   0: 0x8000a41a (0x0000bfe5) c.j     pc - 8
core   0: 3 0x8000a41a (0xbfe5)
core   0: 0x8000a412 (0x00006f17) auipc   t5, 0x6
core   0: 3 0x8000a412 (0x00006f17) x30 0x80010412
core   0: 0x8000a416 (0xbe3f2723) sw      gp, -1042(t5)
core   0: 3 0x8000a416 (0xbe3f2723) mem 0x80010000 0x00000001
core   0: 0x8000a41a (0x0000bfe5) c.j     pc - 8
core   0: 3 0x8000a41a (0xbfe5)
core   0: 0x8000a412 (0x00006f17) auipc   t5, 0x6
core   0: 3 0x8000a412 (0x00006f17) x30 0x80010412
core   0: 0x8000a416 (0xbe3f2723) sw      gp, -1042(t5)
core   0: 3 0x8000a416 (0xbe3f2723) mem 0x80010000 0x00000001
core   0: 0x8000a41a (0x0000bfe5) c.j     pc - 8
core   0: 3 0x8000a41a (0xbfe5)
core   0: 0x8000a412 (0x00006f17) auipc   t5, 0x6
core   0: 3 0x8000a412 (0x00006f17) x30 0x80010412
core   0: 0x8000a416 (0xbe3f2723) sw      gp, -1042(t5)
core   0: 3 0x8000a416 (0xbe3f2723) mem 0x80010000 0x00000001
core   0: 0x8000a41a (0x0000bfe5) c.j     pc - 8
core   0: 3 0x8000a41a (0xbfe5)
core   0: 0x8000a412 (0x00006f17) auipc   t5, 0x6
core   0: 3 0x8000a412 (0x00006f17) x30 0x80010412
core   0: 0x8000a416 (0xbe3f2723) sw      gp, -1042(t5)
core   0: 3 0x8000a416 (0xbe3f2723) mem 0x80010000 0x00000001
core   0: 0x8000a41a (0x0000bfe5) c.j     pc - 8
core   0: 3 0x8000a41a (0xbfe5)
core   0: 0x8000a412 (0x00006f17) auipc   t5, 0x6
core   0: 3 0x8000a412 (0x00006f17) x30 0x80010412
core   0: 0x8000a416 (0xbe3f2723) sw      gp, -1042(t5)
core   0: 3 0x8000a416 (0xbe3f2723) mem 0x80010000 0x00000001
core   0: 0x8000a41a (0x0000bfe5) c.j     pc - 8
core   0: 3 0x8000a41a (0xbfe5)
core   0: 0x8000a412 (0x00006f17) auipc   t5, 0x6
core   0: 3 0x8000a412 (0x00006f17) x30 0x80010412
core   0: 0x8000a416 (0xbe3f2723) sw      gp, -1042(t5)
core   0: 3 0x8000a416 (0xbe3f2723) mem 0x80010000 0x00000001
core   0: 0x8000a41a (0x0000bfe5) c.j     pc - 8
core   0: 3 0x8000a41a (0xbfe5)
core   0: 0x8000a412 (0x00006f17) auipc   t5, 0x6
core   0: 3 0x8000a412 (0x00006f17) x30 0x80010412
core   0: 0x8000a416 (0xbe3f2723) sw      gp, -1042(t5)
core   0: 3 0x8000a416 (0xbe3f2723) mem 0x80010000 0x00000001
core   0: 0x8000a41a (0x0000bfe5) c.j     pc - 8
core   0: 3 0x8000a41a (0xbfe5)
core   0: 0x8000a412 (0x00006f17) auipc   t5, 0x6
core   0: 3 0x8000a412 (0x00006f17) x30 0x80010412
core   0: 0x8000a416 (0xbe3f2723) sw      gp, -1042(t5)
core   0: 3 0x8000a416 (0xbe3f2723) mem 0x80010000 0x00000001
core   0: 0x8000a41a (0x0000bfe5) c.j     pc - 8
core   0: 3 0x8000a41a (0xbfe5)
core   0: 0x8000a412 (0x00006f17) auipc   t5, 0x6
core   0: 3 0x8000a412 (0x00006f17) x30 0x80010412
core   0: 0x8000a416 (0xbe3f2723) sw      gp, -1042(t5)
core   0: 3 0x8000a416 (0xbe3f2723) mem 0x80010000 0x00000001
core   0: 0x8000a41a (0x0000bfe5) c.j     pc - 8
core   0: 3 0x8000a41a (0xbfe5)
core   0: 0x8000a412 (0x00006f17) auipc   t5, 0x6
core   0: 3 0x8000a412 (0x00006f17) x30 0x80010412
core   0: 0x8000a416 (0xbe3f2723) sw      gp, -1042(t5)
core   0: 3 0x8000a416 (0xbe3f2723) mem 0x80010000 0x00000001
core   0: 0x8000a41a (0x0000bfe5) c.j     pc - 8
core   0: 3 0x8000a41a (0xbfe5)
core   0: 0x8000a412 (0x00006f17) auipc   t5, 0x6
core   0: 3 0x8000a412 (0x00006f17) x30 0x80010412
core   0: 0x8000a416 (0xbe3f2723) sw      gp, -1042(t5)
core   0: 3 0x8000a416 (0xbe3f2723) mem 0x80010000 0x00000001
core   0: 0x8000a41a (0x0000bfe5) c.j     pc - 8
core   0: 3 0x8000a41a (0xbfe5)
core   0: 0x8000a412 (0x00006f17) auipc   t5, 0x6
core   0: 3 0x8000a412 (0x00006f17) x30 0x80010412
core   0: 0x8000a416 (0xbe3f2723) sw      gp, -1042(t5)
core   0: 3 0x8000a416 (0xbe3f2723) mem 0x80010000 0x00000001
core   0: 0x8000a41a (0x0000bfe5) c.j     pc - 8
core   0: 3 0x8000a41a (0xbfe5)
core   0: 0x8000a412 (0x00006f17) auipc   t5, 0x6
core   0: 3 0x8000a412 (0x00006f17) x30 0x80010412
core   0: 0x8000a416 (0xbe3f2723) sw      gp, -1042(t5)
core   0: 3 0x8000a416 (0xbe3f2723) mem 0x80010000 0x00000001
core   0: 0x8000a41a (0x0000bfe5) c.j     pc - 8
core   0: 3 0x8000a41a (0xbfe5)
core   0: 0x8000a412 (0x00006f17) auipc   t5, 0x6
core   0: 3 0x8000a412 (0x00006f17) x30 0x80010412
core   0: 0x8000a416 (0xbe3f2723) sw      gp, -1042(t5)
core   0: 3 0x8000a416 (0xbe3f2723) mem 0x80010000 0x00000001
core   0: 0x8000a41a (0x0000bfe5) c.j     pc - 8
core   0: 3 0x8000a41a (0xbfe5)
core   0: 0x8000a412 (0x00006f17) auipc   t5, 0x6
core   0: 3 0x8000a412 (0x00006f17) x30 0x80010412
core   0: 0x8000a416 (0xbe3f2723) sw      gp, -1042(t5)
core   0: 3 0x8000a416 (0xbe3f2723) mem 0x80010000 0x00000001
core   0: 0x8000a41a (0x0000bfe5) c.j     pc - 8
core   0: 3 0x8000a41a (0xbfe5)
core   0: 0x8000a412 (0x00006f17) auipc   t5, 0x6
core   0: 3 0x8000a412 (0x00006f17) x30 0x80010412
core   0: 0x8000a416 (0xbe3f2723) sw      gp, -1042(t5)
core   0: 3 0x8000a416 (0xbe3f2723) mem 0x80010000 0x00000001
core   0: 0x8000a41a (0x0000bfe5) c.j     pc - 8
core   0: 3 0x8000a41a (0xbfe5)
core   0: 0x8000a412 (0x00006f17) auipc   t5, 0x6
core   0: 3 0x8000a412 (0x00006f17) x30 0x80010412
core   0: 0x8000a416 (0xbe3f2723) sw      gp, -1042(t5)
core   0: 3 0x8000a416 (0xbe3f2723) mem 0x80010000 0x00000001
core   0: 0x8000a41a (0x0000bfe5) c.j     pc - 8
core   0: 3 0x8000a41a (0xbfe5)
core   0: 0x8000a412 (0x00006f17) auipc   t5, 0x6
core   0: 3 0x8000a412 (0x00006f17) x30 0x80010412
core   0: 0x8000a416 (0xbe3f2723) sw      gp, -1042(t5)
core   0: 3 0x8000a416 (0xbe3f2723) mem 0x80010000 0x00000001
core   0: 0x8000a41a (0x0000bfe5) c.j     pc - 8
core   0: 3 0x8000a41a (0xbfe5)
core   0: 0x8000a412 (0x00006f17) auipc   t5, 0x6
core   0: 3 0x8000a412 (0x00006f17) x30 0x80010412
core   0: 0x8000a416 (0xbe3f2723) sw      gp, -1042(t5)
core   0: 3 0x8000a416 (0xbe3f2723) mem 0x80010000 0x00000001
core   0: 0x8000a41a (0x0000bfe5) c.j     pc - 8
core   0: 3 0x8000a41a (0xbfe5)
core   0: 0x8000a412 (0x00006f17) auipc   t5, 0x6
core   0: 3 0x8000a412 (0x00006f17) x30 0x80010412
core   0: 0x8000a416 (0xbe3f2723) sw      gp, -1042(t5)
core   0: 3 0x8000a416 (0xbe3f2723) mem 0x80010000 0x00000001
core   0: 0x8000a41a (0x0000bfe5) c.j     pc - 8
core   0: 3 0x8000a41a (0xbfe5)
core   0: 0x8000a412 (0x00006f17) auipc   t5, 0x6
core   0: 3 0x8000a412 (0x00006f17) x30 0x80010412
core   0: 0x8000a416 (0xbe3f2723) sw      gp, -1042(t5)
core   0: 3 0x8000a416 (0xbe3f2723) mem 0x80010000 0x00000001
core   0: 0x8000a41a (0x0000bfe5) c.j     pc - 8
core   0: 3 0x8000a41a (0xbfe5)
core   0: 0x8000a412 (0x00006f17) auipc   t5, 0x6
core   0: 3 0x8000a412 (0x00006f17) x30 0x80010412
core   0: 0x8000a416 (0xbe3f2723) sw      gp, -1042(t5)
core   0: 3 0x8000a416 (0xbe3f2723) mem 0x80010000 0x00000001
core   0: 0x8000a41a (0x0000bfe5) c.j     pc - 8
core   0: 3 0x8000a41a (0xbfe5)
core   0: 0x8000a412 (0x00006f17) auipc   t5, 0x6
core   0: 3 0x8000a412 (0x00006f17) x30 0x80010412
core   0: 0x8000a416 (0xbe3f2723) sw      gp, -1042(t5)
core   0: 3 0x8000a416 (0xbe3f2723) mem 0x80010000 0x00000001
core   0: 0x8000a41a (0x0000bfe5) c.j     pc - 8
core   0: 3 0x8000a41a (0xbfe5)
core   0: 0x8000a412 (0x00006f17) auipc   t5, 0x6
core   0: 3 0x8000a412 (0x00006f17) x30 0x80010412
core   0: 0x8000a416 (0xbe3f2723) sw      gp, -1042(t5)
core   0: 3 0x8000a416 (0xbe3f2723) mem 0x80010000 0x00000001
core   0: 0x8000a41a (0x0000bfe5) c.j     pc - 8
core   0: 3 0x8000a41a (0xbfe5)
core   0: 0x8000a412 (0x00006f17) auipc   t5, 0x6
core   0: 3 0x8000a412 (0x00006f17) x30 0x80010412
core   0: 0x8000a416 (0xbe3f2723) sw      gp, -1042(t5)
core   0: 3 0x8000a416 (0xbe3f2723) mem 0x80010000 0x00000001
core   0: 0x8000a41a (0x0000bfe5) c.j     pc - 8
core   0: 3 0x8000a41a (0xbfe5)
core   0: 0x8000a412 (0x00006f17) auipc   t5, 0x6
core   0: 3 0x8000a412 (0x00006f17) x30 0x80010412
core   0: 0x8000a416 (0xbe3f2723) sw      gp, -1042(t5)
core   0: 3 0x8000a416 (0xbe3f2723) mem 0x80010000 0x00000001
core   0: 0x8000a41a (0x0000bfe5) c.j     pc - 8
core   0: 3 0x8000a41a (0xbfe5)
core   0: 0x8000a412 (0x00006f17) auipc   t5, 0x6
core   0: 3 0x8000a412 (0x00006f17) x30 0x80010412
core   0: 0x8000a416 (0xbe3f2723) sw      gp, -1042(t5)
core   0: 3 0x8000a416 (0xbe3f2723) mem 0x80010000 0x00000001
core   0: 0x8000a41a (0x0000bfe5) c.j     pc - 8
core   0: 3 0x8000a41a (0xbfe5)
core   0: 0x8000a412 (0x00006f17) auipc   t5, 0x6
core   0: 3 0x8000a412 (0x00006f17) x30 0x80010412
core   0: 0x8000a416 (0xbe3f2723) sw      gp, -1042(t5)
core   0: 3 0x8000a416 (0xbe3f2723) mem 0x80010000 0x00000001
core   0: 0x8000a41a (0x0000bfe5) c.j     pc - 8
core   0: 3 0x8000a41a (0xbfe5)
core   0: 0x8000a412 (0x00006f17) auipc   t5, 0x6
core   0: 3 0x8000a412 (0x00006f17) x30 0x80010412
core   0: 0x8000a416 (0xbe3f2723) sw      gp, -1042(t5)
core   0: 3 0x8000a416 (0xbe3f2723) mem 0x80010000 0x00000001
core   0: 0x8000a41a (0x0000bfe5) c.j     pc - 8
core   0: 3 0x8000a41a (0xbfe5)
core   0: 0x8000a412 (0x00006f17) auipc   t5, 0x6
core   0: 3 0x8000a412 (0x00006f17) x30 0x80010412
core   0: 0x8000a416 (0xbe3f2723) sw      gp, -1042(t5)
core   0: 3 0x8000a416 (0xbe3f2723) mem 0x80010000 0x00000001
core   0: 0x8000a41a (0x0000bfe5) c.j     pc - 8
core   0: 3 0x8000a41a (0xbfe5)
core   0: 0x8000a412 (0x00006f17) auipc   t5, 0x6
core   0: 3 0x8000a412 (0x00006f17) x30 0x80010412
core   0: 0x8000a416 (0xbe3f2723) sw      gp, -1042(t5)
core   0: 3 0x8000a416 (0xbe3f2723) mem 0x80010000 0x00000001
core   0: 0x8000a41a (0x0000bfe5) c.j     pc - 8
core   0: 3 0x8000a41a (0xbfe5)
core   0: 0x8000a412 (0x00006f17) auipc   t5, 0x6
core   0: 3 0x8000a412 (0x00006f17) x30 0x80010412
core   0: 0x8000a416 (0xbe3f2723) sw      gp, -1042(t5)
core   0: 3 0x8000a416 (0xbe3f2723) mem 0x80010000 0x00000001
core   0: 0x8000a41a (0x0000bfe5) c.j     pc - 8
core   0: 3 0x8000a41a (0xbfe5)
core   0: 0x8000a412 (0x00006f17) auipc   t5, 0x6
core   0: 3 0x8000a412 (0x00006f17) x30 0x80010412
core   0: 0x8000a416 (0xbe3f2723) sw      gp, -1042(t5)
core   0: 3 0x8000a416 (0xbe3f2723) mem 0x80010000 0x00000001
core   0: 0x8000a41a (0x0000bfe5) c.j     pc - 8
core   0: 3 0x8000a41a (0xbfe5)
core   0: 0x8000a412 (0x00006f17) auipc   t5, 0x6
core   0: 3 0x8000a412 (0x00006f17) x30 0x80010412
core   0: 0x8000a416 (0xbe3f2723) sw      gp, -1042(t5)
core   0: 3 0x8000a416 (0xbe3f2723) mem 0x80010000 0x00000001
core   0: 0x8000a41a (0x0000bfe5) c.j     pc - 8
core   0: 3 0x8000a41a (0xbfe5)
core   0: 0x8000a412 (0x00006f17) auipc   t5, 0x6
core   0: 3 0x8000a412 (0x00006f17) x30 0x80010412
core   0: 0x8000a416 (0xbe3f2723) sw      gp, -1042(t5)
core   0: 3 0x8000a416 (0xbe3f2723) mem 0x80010000 0x00000001
core   0: 0x8000a41a (0x0000bfe5) c.j     pc - 8
core   0: 3 0x8000a41a (0xbfe5)
core   0: 0x8000a412 (0x00006f17) auipc   t5, 0x6
core   0: 3 0x8000a412 (0x00006f17) x30 0x80010412
core   0: 0x8000a416 (0xbe3f2723) sw      gp, -1042(t5)
core   0: 3 0x8000a416 (0xbe3f2723) mem 0x80010000 0x00000001
core   0: 0x8000a41a (0x0000bfe5) c.j     pc - 8
core   0: 3 0x8000a41a (0xbfe5)
core   0: 0x8000a412 (0x00006f17) auipc   t5, 0x6
core   0: 3 0x8000a412 (0x00006f17) x30 0x80010412
core   0: 0x8000a416 (0xbe3f2723) sw      gp, -1042(t5)
core   0: 3 0x8000a416 (0xbe3f2723) mem 0x80010000 0x00000001
core   0: 0x8000a41a (0x0000bfe5) c.j     pc - 8
core   0: 3 0x8000a41a (0xbfe5)
core   0: 0x8000a412 (0x00006f17) auipc   t5, 0x6
core   0: 3 0x8000a412 (0x00006f17) x30 0x80010412
core   0: 0x8000a416 (0xbe3f2723) sw      gp, -1042(t5)
core   0: 3 0x8000a416 (0xbe3f2723) mem 0x80010000 0x00000001
core   0: 0x8000a41a (0x0000bfe5) c.j     pc - 8
core   0: 3 0x8000a41a (0xbfe5)
core   0: 0x8000a412 (0x00006f17) auipc   t5, 0x6
core   0: 3 0x8000a412 (0x00006f17) x30 0x80010412
core   0: 0x8000a416 (0xbe3f2723) sw      gp, -1042(t5)
core   0: 3 0x8000a416 (0xbe3f2723) mem 0x80010000 0x00000001
core   0: 0x8000a41a (0x0000bfe5) c.j     pc - 8
core   0: 3 0x8000a41a (0xbfe5)
core   0: 0x8000a412 (0x00006f17) auipc   t5, 0x6
core   0: 3 0x8000a412 (0x00006f17) x30 0x80010412
core   0: 0x8000a416 (0xbe3f2723) sw      gp, -1042(t5)
core   0: 3 0x8000a416 (0xbe3f2723) mem 0x80010000 0x00000001
core   0: 0x8000a41a (0x0000bfe5) c.j     pc - 8
core   0: 3 0x8000a41a (0xbfe5)
core   0: 0x8000a412 (0x00006f17) auipc   t5, 0x6
core   0: 3 0x8000a412 (0x00006f17) x30 0x80010412
core   0: 0x8000a416 (0xbe3f2723) sw      gp, -1042(t5)
core   0: 3 0x8000a416 (0xbe3f2723) mem 0x80010000 0x00000001
core   0: 0x8000a41a (0x0000bfe5) c.j     pc - 8
core   0: 3 0x8000a41a (0xbfe5)
core   0: 0x8000a412 (0x00006f17) auipc   t5, 0x6
core   0: 3 0x8000a412 (0x00006f17) x30 0x80010412
core   0: 0x8000a416 (0xbe3f2723) sw      gp, -1042(t5)
core   0: 3 0x8000a416 (0xbe3f2723) mem 0x80010000 0x00000001
core   0: 0x8000a41a (0x0000bfe5) c.j     pc - 8
core   0: 3 0x8000a41a (0xbfe5)
core   0: 0x8000a412 (0x00006f17) auipc   t5, 0x6
core   0: 3 0x8000a412 (0x00006f17) x30 0x80010412
core   0: 0x8000a416 (0xbe3f2723) sw      gp, -1042(t5)
core   0: 3 0x8000a416 (0xbe3f2723) mem 0x80010000 0x00000001
core   0: 0x8000a41a (0x0000bfe5) c.j     pc - 8
core   0: 3 0x8000a41a (0xbfe5)
core   0: 0x8000a412 (0x00006f17) auipc   t5, 0x6
core   0: 3 0x8000a412 (0x00006f17) x30 0x80010412
core   0: 0x8000a416 (0xbe3f2723) sw      gp, -1042(t5)
core   0: 3 0x8000a416 (0xbe3f2723) mem 0x80010000 0x00000001
core   0: 0x8000a41a (0x0000bfe5) c.j     pc - 8
core   0: 3 0x8000a41a (0xbfe5)
core   0: 0x8000a412 (0x00006f17) auipc   t5, 0x6
core   0: 3 0x8000a412 (0x00006f17) x30 0x80010412
core   0: 0x8000a416 (0xbe3f2723) sw      gp, -1042(t5)
core   0: 3 0x8000a416 (0xbe3f2723) mem 0x80010000 0x00000001
core   0: 0x8000a41a (0x0000bfe5) c.j     pc - 8
core   0: 3 0x8000a41a (0xbfe5)
core   0: 0x8000a412 (0x00006f17) auipc   t5, 0x6
core   0: 3 0x8000a412 (0x00006f17) x30 0x80010412
core   0: 0x8000a416 (0xbe3f2723) sw      gp, -1042(t5)
core   0: 3 0x8000a416 (0xbe3f2723) mem 0x80010000 0x00000001
core   0: 0x8000a41a (0x0000bfe5) c.j     pc - 8
core   0: 3 0x8000a41a (0xbfe5)
core   0: 0x8000a412 (0x00006f17) auipc   t5, 0x6
core   0: 3 0x8000a412 (0x00006f17) x30 0x80010412
core   0: 0x8000a416 (0xbe3f2723) sw      gp, -1042(t5)
core   0: 3 0x8000a416 (0xbe3f2723) mem 0x80010000 0x00000001
core   0: 0x8000a41a (0x0000bfe5) c.j     pc - 8
core   0: 3 0x8000a41a (0xbfe5)
core   0: 0x8000a412 (0x00006f17) auipc   t5, 0x6
core   0: 3 0x8000a412 (0x00006f17) x30 0x80010412
core   0: 0x8000a416 (0xbe3f2723) sw      gp, -1042(t5)
core   0: 3 0x8000a416 (0xbe3f2723) mem 0x80010000 0x00000001
core   0: 0x8000a41a (0x0000bfe5) c.j     pc - 8
core   0: 3 0x8000a41a (0xbfe5)
core   0: 0x8000a412 (0x00006f17) auipc   t5, 0x6
core   0: 3 0x8000a412 (0x00006f17) x30 0x80010412
core   0: 0x8000a416 (0xbe3f2723) sw      gp, -1042(t5)
core   0: 3 0x8000a416 (0xbe3f2723) mem 0x80010000 0x00000001
core   0: 0x8000a41a (0x0000bfe5) c.j     pc - 8
core   0: 3 0x8000a41a (0xbfe5)
core   0: 0x8000a412 (0x00006f17) auipc   t5, 0x6
core   0: 3 0x8000a412 (0x00006f17) x30 0x80010412
core   0: 0x8000a416 (0xbe3f2723) sw      gp, -1042(t5)
core   0: 3 0x8000a416 (0xbe3f2723) mem 0x80010000 0x00000001
core   0: 0x8000a41a (0x0000bfe5) c.j     pc - 8
core   0: 3 0x8000a41a (0xbfe5)
core   0: 0x8000a412 (0x00006f17) auipc   t5, 0x6
core   0: 3 0x8000a412 (0x00006f17) x30 0x80010412
core   0: 0x8000a416 (0xbe3f2723) sw      gp, -1042(t5)
core   0: 3 0x8000a416 (0xbe3f2723) mem 0x80010000 0x00000001
core   0: 0x8000a41a (0x0000bfe5) c.j     pc - 8
core   0: 3 0x8000a41a (0xbfe5)
core   0: 0x8000a412 (0x00006f17) auipc   t5, 0x6
core   0: 3 0x8000a412 (0x00006f17) x30 0x80010412
core   0: 0x8000a416 (0xbe3f2723) sw      gp, -1042(t5)
core   0: 3 0x8000a416 (0xbe3f2723) mem 0x80010000 0x00000001
core   0: 0x8000a41a (0x0000bfe5) c.j     pc - 8
core   0: 3 0x8000a41a (0xbfe5)
core   0: 0x8000a412 (0x00006f17) auipc   t5, 0x6
core   0: 3 0x8000a412 (0x00006f17) x30 0x80010412
core   0: 0x8000a416 (0xbe3f2723) sw      gp, -1042(t5)
core   0: 3 0x8000a416 (0xbe3f2723) mem 0x80010000 0x00000001
core   0: 0x8000a41a (0x0000bfe5) c.j     pc - 8
core   0: 3 0x8000a41a (0xbfe5)
core   0: 0x8000a412 (0x00006f17) auipc   t5, 0x6
core   0: 3 0x8000a412 (0x00006f17) x30 0x80010412
core   0: 0x8000a416 (0xbe3f2723) sw      gp, -1042(t5)
core   0: 3 0x8000a416 (0xbe3f2723) mem 0x80010000 0x00000001
core   0: 0x8000a41a (0x0000bfe5) c.j     pc - 8
core   0: 3 0x8000a41a (0xbfe5)
core   0: 0x8000a412 (0x00006f17) auipc   t5, 0x6
core   0: 3 0x8000a412 (0x00006f17) x30 0x80010412
core   0: 0x8000a416 (0xbe3f2723) sw      gp, -1042(t5)
core   0: 3 0x8000a416 (0xbe3f2723) mem 0x80010000 0x00000001
core   0: 0x8000a41a (0x0000bfe5) c.j     pc - 8
core   0: 3 0x8000a41a (0xbfe5)
core   0: 0x8000a412 (0x00006f17) auipc   t5, 0x6
core   0: 3 0x8000a412 (0x00006f17) x30 0x80010412
core   0: 0x8000a416 (0xbe3f2723) sw      gp, -1042(t5)
core   0: 3 0x8000a416 (0xbe3f2723) mem 0x80010000 0x00000001
core   0: 0x8000a41a (0x0000bfe5) c.j     pc - 8
core   0: 3 0x8000a41a (0xbfe5)
core   0: 0x8000a412 (0x00006f17) auipc   t5, 0x6
core   0: 3 0x8000a412 (0x00006f17) x30 0x80010412
core   0: 0x8000a416 (0xbe3f2723) sw      gp, -1042(t5)
core   0: 3 0x8000a416 (0xbe3f2723) mem 0x80010000 0x00000001
core   0: 0x8000a41a (0x0000bfe5) c.j     pc - 8
core   0: 3 0x8000a41a (0xbfe5)
core   0: 0x8000a412 (0x00006f17) auipc   t5, 0x6
core   0: 3 0x8000a412 (0x00006f17) x30 0x80010412
core   0: 0x8000a416 (0xbe3f2723) sw      gp, -1042(t5)
core   0: 3 0x8000a416 (0xbe3f2723) mem 0x80010000 0x00000001
core   0: 0x8000a41a (0x0000bfe5) c.j     pc - 8
core   0: 3 0x8000a41a (0xbfe5)
core   0: 0x8000a412 (0x00006f17) auipc   t5, 0x6
core   0: 3 0x8000a412 (0x00006f17) x30 0x80010412
core   0: 0x8000a416 (0xbe3f2723) sw      gp, -1042(t5)
core   0: 3 0x8000a416 (0xbe3f2723) mem 0x80010000 0x00000001
core   0: 0x8000a41a (0x0000bfe5) c.j     pc - 8
core   0: 3 0x8000a41a (0xbfe5)
core   0: 0x8000a412 (0x00006f17) auipc   t5, 0x6
core   0: 3 0x8000a412 (0x00006f17) x30 0x80010412
core   0: 0x8000a416 (0xbe3f2723) sw      gp, -1042(t5)
core   0: 3 0x8000a416 (0xbe3f2723) mem 0x80010000 0x00000001
core   0: 0x8000a41a (0x0000bfe5) c.j     pc - 8
core   0: 3 0x8000a41a (0xbfe5)
core   0: 0x8000a412 (0x00006f17) auipc   t5, 0x6
core   0: 3 0x8000a412 (0x00006f17) x30 0x80010412
core   0: 0x8000a416 (0xbe3f2723) sw      gp, -1042(t5)
core   0: 3 0x8000a416 (0xbe3f2723) mem 0x80010000 0x00000001
core   0: 0x8000a41a (0x0000bfe5) c.j     pc - 8
core   0: 3 0x8000a41a (0xbfe5)
core   0: 0x8000a412 (0x00006f17) auipc   t5, 0x6
core   0: 3 0x8000a412 (0x00006f17) x30 0x80010412
core   0: 0x8000a416 (0xbe3f2723) sw      gp, -1042(t5)
core   0: 3 0x8000a416 (0xbe3f2723) mem 0x80010000 0x00000001
core   0: 0x8000a41a (0x0000bfe5) c.j     pc - 8
core   0: 3 0x8000a41a (0xbfe5)
core   0: 0x8000a412 (0x00006f17) auipc   t5, 0x6
core   0: 3 0x8000a412 (0x00006f17) x30 0x80010412
core   0: 0x8000a416 (0xbe3f2723) sw      gp, -1042(t5)
core   0: 3 0x8000a416 (0xbe3f2723) mem 0x80010000 0x00000001
core   0: 0x8000a41a (0x0000bfe5) c.j     pc - 8
core   0: 3 0x8000a41a (0xbfe5)
core   0: 0x8000a412 (0x00006f17) auipc   t5, 0x6
core   0: 3 0x8000a412 (0x00006f17) x30 0x80010412
core   0: 0x8000a416 (0xbe3f2723) sw      gp, -1042(t5)
core   0: 3 0x8000a416 (0xbe3f2723) mem 0x80010000 0x00000001
core   0: 0x8000a41a (0x0000bfe5) c.j     pc - 8
core   0: 3 0x8000a41a (0xbfe5)
core   0: 0x8000a412 (0x00006f17) auipc   t5, 0x6
core   0: 3 0x8000a412 (0x00006f17) x30 0x80010412
core   0: 0x8000a416 (0xbe3f2723) sw      gp, -1042(t5)
core   0: 3 0x8000a416 (0xbe3f2723) mem 0x80010000 0x00000001
core   0: 0x8000a41a (0x0000bfe5) c.j     pc - 8
core   0: 3 0x8000a41a (0xbfe5)
core   0: 0x8000a412 (0x00006f17) auipc   t5, 0x6
core   0: 3 0x8000a412 (0x00006f17) x30 0x80010412
core   0: 0x8000a416 (0xbe3f2723) sw      gp, -1042(t5)
core   0: 3 0x8000a416 (0xbe3f2723) mem 0x80010000 0x00000001
core   0: 0x8000a41a (0x0000bfe5) c.j     pc - 8
core   0: 3 0x8000a41a (0xbfe5)
core   0: 0x8000a412 (0x00006f17) auipc   t5, 0x6
core   0: 3 0x8000a412 (0x00006f17) x30 0x80010412
core   0: 0x8000a416 (0xbe3f2723) sw      gp, -1042(t5)
core   0: 3 0x8000a416 (0xbe3f2723) mem 0x80010000 0x00000001
core   0: 0x8000a41a (0x0000bfe5) c.j     pc - 8
core   0: 3 0x8000a41a (0xbfe5)
core   0: 0x8000a412 (0x00006f17) auipc   t5, 0x6
core   0: 3 0x8000a412 (0x00006f17) x30 0x80010412
core   0: 0x8000a416 (0xbe3f2723) sw      gp, -1042(t5)
core   0: 3 0x8000a416 (0xbe3f2723) mem 0x80010000 0x00000001
core   0: 0x8000a41a (0x0000bfe5) c.j     pc - 8
core   0: 3 0x8000a41a (0xbfe5)
core   0: 0x8000a412 (0x00006f17) auipc   t5, 0x6
core   0: 3 0x8000a412 (0x00006f17) x30 0x80010412
core   0: 0x8000a416 (0xbe3f2723) sw      gp, -1042(t5)
core   0: 3 0x8000a416 (0xbe3f2723) mem 0x80010000 0x00000001
core   0: 0x8000a41a (0x0000bfe5) c.j     pc - 8
core   0: 3 0x8000a41a (0xbfe5)
core   0: 0x8000a412 (0x00006f17) auipc   t5, 0x6
core   0: 3 0x8000a412 (0x00006f17) x30 0x80010412
core   0: 0x8000a416 (0xbe3f2723) sw      gp, -1042(t5)
core   0: 3 0x8000a416 (0xbe3f2723) mem 0x80010000 0x00000001
core   0: 0x8000a41a (0x0000bfe5) c.j     pc - 8
core   0: 3 0x8000a41a (0xbfe5)
core   0: 0x8000a412 (0x00006f17) auipc   t5, 0x6
core   0: 3 0x8000a412 (0x00006f17) x30 0x80010412
core   0: 0x8000a416 (0xbe3f2723) sw      gp, -1042(t5)
core   0: 3 0x8000a416 (0xbe3f2723) mem 0x80010000 0x00000001
core   0: 0x8000a41a (0x0000bfe5) c.j     pc - 8
core   0: 3 0x8000a41a (0xbfe5)
core   0: 0x8000a412 (0x00006f17) auipc   t5, 0x6
core   0: 3 0x8000a412 (0x00006f17) x30 0x80010412
core   0: 0x8000a416 (0xbe3f2723) sw      gp, -1042(t5)
core   0: 3 0x8000a416 (0xbe3f2723) mem 0x80010000 0x00000001
core   0: 0x8000a41a (0x0000bfe5) c.j     pc - 8
core   0: 3 0x8000a41a (0xbfe5)
core   0: 0x8000a412 (0x00006f17) auipc   t5, 0x6
core   0: 3 0x8000a412 (0x00006f17) x30 0x80010412
core   0: 0x8000a416 (0xbe3f2723) sw      gp, -1042(t5)
core   0: 3 0x8000a416 (0xbe3f2723) mem 0x80010000 0x00000001
core   0: 0x8000a41a (0x0000bfe5) c.j     pc - 8
core   0: 3 0x8000a41a (0xbfe5)
core   0: 0x8000a412 (0x00006f17) auipc   t5, 0x6
core   0: 3 0x8000a412 (0x00006f17) x30 0x80010412
core   0: 0x8000a416 (0xbe3f2723) sw      gp, -1042(t5)
core   0: 3 0x8000a416 (0xbe3f2723) mem 0x80010000 0x00000001
core   0: 0x8000a41a (0x0000bfe5) c.j     pc - 8
core   0: 3 0x8000a41a (0xbfe5)
core   0: 0x8000a412 (0x00006f17) auipc   t5, 0x6
core   0: 3 0x8000a412 (0x00006f17) x30 0x80010412
core   0: 0x8000a416 (0xbe3f2723) sw      gp, -1042(t5)
core   0: 3 0x8000a416 (0xbe3f2723) mem 0x80010000 0x00000001
core   0: 0x8000a41a (0x0000bfe5) c.j     pc - 8
core   0: 3 0x8000a41a (0xbfe5)
core   0: 0x8000a412 (0x00006f17) auipc   t5, 0x6
core   0: 3 0x8000a412 (0x00006f17) x30 0x80010412
core   0: 0x8000a416 (0xbe3f2723) sw      gp, -1042(t5)
core   0: 3 0x8000a416 (0xbe3f2723) mem 0x80010000 0x00000001
core   0: 0x8000a41a (0x0000bfe5) c.j     pc - 8
core   0: 3 0x8000a41a (0xbfe5)
core   0: 0x8000a412 (0x00006f17) auipc   t5, 0x6
core   0: 3 0x8000a412 (0x00006f17) x30 0x80010412
core   0: 0x8000a416 (0xbe3f2723) sw      gp, -1042(t5)
core   0: 3 0x8000a416 (0xbe3f2723) mem 0x80010000 0x00000001
core   0: 0x8000a41a (0x0000bfe5) c.j     pc - 8
core   0: 3 0x8000a41a (0xbfe5)
core   0: 0x8000a412 (0x00006f17) auipc   t5, 0x6
core   0: 3 0x8000a412 (0x00006f17) x30 0x80010412
core   0: 0x8000a416 (0xbe3f2723) sw      gp, -1042(t5)
core   0: 3 0x8000a416 (0xbe3f2723) mem 0x80010000 0x00000001
core   0: 0x8000a41a (0x0000bfe5) c.j     pc - 8
core   0: 3 0x8000a41a (0xbfe5)
core   0: 0x8000a412 (0x00006f17) auipc   t5, 0x6
core   0: 3 0x8000a412 (0x00006f17) x30 0x80010412
core   0: 0x8000a416 (0xbe3f2723) sw      gp, -1042(t5)
core   0: 3 0x8000a416 (0xbe3f2723) mem 0x80010000 0x00000001
core   0: 0x8000a41a (0x0000bfe5) c.j     pc - 8
core   0: 3 0x8000a41a (0xbfe5)
core   0: 0x8000a412 (0x00006f17) auipc   t5, 0x6
core   0: 3 0x8000a412 (0x00006f17) x30 0x80010412
core   0: 0x8000a416 (0xbe3f2723) sw      gp, -1042(t5)
core   0: 3 0x8000a416 (0xbe3f2723) mem 0x80010000 0x00000001
core   0: 0x8000a41a (0x0000bfe5) c.j     pc - 8
core   0: 3 0x8000a41a (0xbfe5)
core   0: 0x8000a412 (0x00006f17) auipc   t5, 0x6
core   0: 3 0x8000a412 (0x00006f17) x30 0x80010412
core   0: 0x8000a416 (0xbe3f2723) sw      gp, -1042(t5)
core   0: 3 0x8000a416 (0xbe3f2723) mem 0x80010000 0x00000001
core   0: 0x8000a41a (0x0000bfe5) c.j     pc - 8
core   0: 3 0x8000a41a (0xbfe5)
core   0: 0x8000a412 (0x00006f17) auipc   t5, 0x6
core   0: 3 0x8000a412 (0x00006f17) x30 0x80010412
core   0: 0x8000a416 (0xbe3f2723) sw      gp, -1042(t5)
core   0: 3 0x8000a416 (0xbe3f2723) mem 0x80010000 0x00000001
core   0: 0x8000a41a (0x0000bfe5) c.j     pc - 8
core   0: 3 0x8000a41a (0xbfe5)
core   0: 0x8000a412 (0x00006f17) auipc   t5, 0x6
core   0: 3 0x8000a412 (0x00006f17) x30 0x80010412
core   0: 0x8000a416 (0xbe3f2723) sw      gp, -1042(t5)
core   0: 3 0x8000a416 (0xbe3f2723) mem 0x80010000 0x00000001
core   0: 0x8000a41a (0x0000bfe5) c.j     pc - 8
core   0: 3 0x8000a41a (0xbfe5)
core   0: 0x8000a412 (0x00006f17) auipc   t5, 0x6
core   0: 3 0x8000a412 (0x00006f17) x30 0x80010412
core   0: 0x8000a416 (0xbe3f2723) sw      gp, -1042(t5)
core   0: 3 0x8000a416 (0xbe3f2723) mem 0x80010000 0x00000001
core   0: 0x8000a41a (0x0000bfe5) c.j     pc - 8
core   0: 3 0x8000a41a (0xbfe5)
core   0: 0x8000a412 (0x00006f17) auipc   t5, 0x6
core   0: 3 0x8000a412 (0x00006f17) x30 0x80010412
core   0: 0x8000a416 (0xbe3f2723) sw      gp, -1042(t5)
core   0: 3 0x8000a416 (0xbe3f2723) mem 0x80010000 0x00000001
core   0: 0x8000a41a (0x0000bfe5) c.j     pc - 8
core   0: 3 0x8000a41a (0xbfe5)
core   0: 0x8000a412 (0x00006f17) auipc   t5, 0x6
core   0: 3 0x8000a412 (0x00006f17) x30 0x80010412
core   0: 0x8000a416 (0xbe3f2723) sw      gp, -1042(t5)
core   0: 3 0x8000a416 (0xbe3f2723) mem 0x80010000 0x00000001
core   0: 0x8000a41a (0x0000bfe5) c.j     pc - 8
core   0: 3 0x8000a41a (0xbfe5)
core   0: 0x8000a412 (0x00006f17) auipc   t5, 0x6
core   0: 3 0x8000a412 (0x00006f17) x30 0x80010412
core   0: 0x8000a416 (0xbe3f2723) sw      gp, -1042(t5)
core   0: 3 0x8000a416 (0xbe3f2723) mem 0x80010000 0x00000001
core   0: 0x8000a41a (0x0000bfe5) c.j     pc - 8
core   0: 3 0x8000a41a (0xbfe5)
core   0: 0x8000a412 (0x00006f17) auipc   t5, 0x6
core   0: 3 0x8000a412 (0x00006f17) x30 0x80010412
core   0: 0x8000a416 (0xbe3f2723) sw      gp, -1042(t5)
core   0: 3 0x8000a416 (0xbe3f2723) mem 0x80010000 0x00000001
core   0: 0x8000a41a (0x0000bfe5) c.j     pc - 8
core   0: 3 0x8000a41a (0xbfe5)
core   0: 0x8000a412 (0x00006f17) auipc   t5, 0x6
core   0: 3 0x8000a412 (0x00006f17) x30 0x80010412
core   0: 0x8000a416 (0xbe3f2723) sw      gp, -1042(t5)
core   0: 3 0x8000a416 (0xbe3f2723) mem 0x80010000 0x00000001
core   0: 0x8000a41a (0x0000bfe5) c.j     pc - 8
core   0: 3 0x8000a41a (0xbfe5)
core   0: 0x8000a412 (0x00006f17) auipc   t5, 0x6
core   0: 3 0x8000a412 (0x00006f17) x30 0x80010412
core   0: 0x8000a416 (0xbe3f2723) sw      gp, -1042(t5)
core   0: 3 0x8000a416 (0xbe3f2723) mem 0x80010000 0x00000001
core   0: 0x8000a41a (0x0000bfe5) c.j     pc - 8
core   0: 3 0x8000a41a (0xbfe5)
core   0: 0x8000a412 (0x00006f17) auipc   t5, 0x6
core   0: 3 0x8000a412 (0x00006f17) x30 0x80010412
core   0: 0x8000a416 (0xbe3f2723) sw      gp, -1042(t5)
core   0: 3 0x8000a416 (0xbe3f2723) mem 0x80010000 0x00000001
core   0: 0x8000a41a (0x0000bfe5) c.j     pc - 8
core   0: 3 0x8000a41a (0xbfe5)
core   0: 0x8000a412 (0x00006f17) auipc   t5, 0x6
core   0: 3 0x8000a412 (0x00006f17) x30 0x80010412
core   0: 0x8000a416 (0xbe3f2723) sw      gp, -1042(t5)
core   0: 3 0x8000a416 (0xbe3f2723) mem 0x80010000 0x00000001
core   0: 0x8000a41a (0x0000bfe5) c.j     pc - 8
core   0: 3 0x8000a41a (0xbfe5)
core   0: 0x8000a412 (0x00006f17) auipc   t5, 0x6
core   0: 3 0x8000a412 (0x00006f17) x30 0x80010412
core   0: 0x8000a416 (0xbe3f2723) sw      gp, -1042(t5)
core   0: 3 0x8000a416 (0xbe3f2723) mem 0x80010000 0x00000001
core   0: 0x8000a41a (0x0000bfe5) c.j     pc - 8
core   0: 3 0x8000a41a (0xbfe5)
core   0: 0x8000a412 (0x00006f17) auipc   t5, 0x6
core   0: 3 0x8000a412 (0x00006f17) x30 0x80010412
core   0: 0x8000a416 (0xbe3f2723) sw      gp, -1042(t5)
core   0: 3 0x8000a416 (0xbe3f2723) mem 0x80010000 0x00000001
core   0: 0x8000a41a (0x0000bfe5) c.j     pc - 8
core   0: 3 0x8000a41a (0xbfe5)
core   0: 0x8000a412 (0x00006f17) auipc   t5, 0x6
core   0: 3 0x8000a412 (0x00006f17) x30 0x80010412
core   0: 0x8000a416 (0xbe3f2723) sw      gp, -1042(t5)
core   0: 3 0x8000a416 (0xbe3f2723) mem 0x80010000 0x00000001
core   0: 0x8000a41a (0x0000bfe5) c.j     pc - 8
core   0: 3 0x8000a41a (0xbfe5)
core   0: 0x8000a412 (0x00006f17) auipc   t5, 0x6
core   0: 3 0x8000a412 (0x00006f17) x30 0x80010412
core   0: 0x8000a416 (0xbe3f2723) sw      gp, -1042(t5)
core   0: 3 0x8000a416 (0xbe3f2723) mem 0x80010000 0x00000001
core   0: 0x8000a41a (0x0000bfe5) c.j     pc - 8
core   0: 3 0x8000a41a (0xbfe5)
core   0: 0x8000a412 (0x00006f17) auipc   t5, 0x6
core   0: 3 0x8000a412 (0x00006f17) x30 0x80010412
core   0: 0x8000a416 (0xbe3f2723) sw      gp, -1042(t5)
core   0: 3 0x8000a416 (0xbe3f2723) mem 0x80010000 0x00000001
core   0: 0x8000a41a (0x0000bfe5) c.j     pc - 8
core   0: 3 0x8000a41a (0xbfe5)
core   0: 0x8000a412 (0x00006f17) auipc   t5, 0x6
core   0: 3 0x8000a412 (0x00006f17) x30 0x80010412
core   0: 0x8000a416 (0xbe3f2723) sw      gp, -1042(t5)
core   0: 3 0x8000a416 (0xbe3f2723) mem 0x80010000 0x00000001
core   0: 0x8000a41a (0x0000bfe5) c.j     pc - 8
core   0: 3 0x8000a41a (0xbfe5)
core   0: 0x8000a412 (0x00006f17) auipc   t5, 0x6
core   0: 3 0x8000a412 (0x00006f17) x30 0x80010412
core   0: 0x8000a416 (0xbe3f2723) sw      gp, -1042(t5)
core   0: 3 0x8000a416 (0xbe3f2723) mem 0x80010000 0x00000001
core   0: 0x8000a41a (0x0000bfe5) c.j     pc - 8
core   0: 3 0x8000a41a (0xbfe5)
core   0: 0x8000a412 (0x00006f17) auipc   t5, 0x6
core   0: 3 0x8000a412 (0x00006f17) x30 0x80010412
core   0: 0x8000a416 (0xbe3f2723) sw      gp, -1042(t5)
core   0: 3 0x8000a416 (0xbe3f2723) mem 0x80010000 0x00000001
core   0: 0x8000a41a (0x0000bfe5) c.j     pc - 8
core   0: 3 0x8000a41a (0xbfe5)
core   0: 0x8000a412 (0x00006f17) auipc   t5, 0x6
core   0: 3 0x8000a412 (0x00006f17) x30 0x80010412
core   0: 0x8000a416 (0xbe3f2723) sw      gp, -1042(t5)
core   0: 3 0x8000a416 (0xbe3f2723) mem 0x80010000 0x00000001
core   0: 0x8000a41a (0x0000bfe5) c.j     pc - 8
core   0: 3 0x8000a41a (0xbfe5)
core   0: 0x8000a412 (0x00006f17) auipc   t5, 0x6
core   0: 3 0x8000a412 (0x00006f17) x30 0x80010412
core   0: 0x8000a416 (0xbe3f2723) sw      gp, -1042(t5)
core   0: 3 0x8000a416 (0xbe3f2723) mem 0x80010000 0x00000001
core   0: 0x8000a41a (0x0000bfe5) c.j     pc - 8
core   0: 3 0x8000a41a (0xbfe5)
core   0: 0x8000a412 (0x00006f17) auipc   t5, 0x6
core   0: 3 0x8000a412 (0x00006f17) x30 0x80010412
core   0: 0x8000a416 (0xbe3f2723) sw      gp, -1042(t5)
core   0: 3 0x8000a416 (0xbe3f2723) mem 0x80010000 0x00000001
core   0: 0x8000a41a (0x0000bfe5) c.j     pc - 8
core   0: 3 0x8000a41a (0xbfe5)
core   0: 0x8000a412 (0x00006f17) auipc   t5, 0x6
core   0: 3 0x8000a412 (0x00006f17) x30 0x80010412
core   0: 0x8000a416 (0xbe3f2723) sw      gp, -1042(t5)
core   0: 3 0x8000a416 (0xbe3f2723) mem 0x80010000 0x00000001
core   0: 0x8000a41a (0x0000bfe5) c.j     pc - 8
core   0: 3 0x8000a41a (0xbfe5)
core   0: 0x8000a412 (0x00006f17) auipc   t5, 0x6
core   0: 3 0x8000a412 (0x00006f17) x30 0x80010412
core   0: 0x8000a416 (0xbe3f2723) sw      gp, -1042(t5)
core   0: 3 0x8000a416 (0xbe3f2723) mem 0x80010000 0x00000001
core   0: 0x8000a41a (0x0000bfe5) c.j     pc - 8
core   0: 3 0x8000a41a (0xbfe5)
core   0: 0x8000a412 (0x00006f17) auipc   t5, 0x6
core   0: 3 0x8000a412 (0x00006f17) x30 0x80010412
core   0: 0x8000a416 (0xbe3f2723) sw      gp, -1042(t5)
core   0: 3 0x8000a416 (0xbe3f2723) mem 0x80010000 0x00000001
core   0: 0x8000a41a (0x0000bfe5) c.j     pc - 8
core   0: 3 0x8000a41a (0xbfe5)
core   0: 0x8000a412 (0x00006f17) auipc   t5, 0x6
core   0: 3 0x8000a412 (0x00006f17) x30 0x80010412
core   0: 0x8000a416 (0xbe3f2723) sw      gp, -1042(t5)
core   0: 3 0x8000a416 (0xbe3f2723) mem 0x80010000 0x00000001
core   0: 0x8000a41a (0x0000bfe5) c.j     pc - 8
core   0: 3 0x8000a41a (0xbfe5)
core   0: 0x8000a412 (0x00006f17) auipc   t5, 0x6
core   0: 3 0x8000a412 (0x00006f17) x30 0x80010412
core   0: 0x8000a416 (0xbe3f2723) sw      gp, -1042(t5)
core   0: 3 0x8000a416 (0xbe3f2723) mem 0x80010000 0x00000001
core   0: 0x8000a41a (0x0000bfe5) c.j     pc - 8
core   0: 3 0x8000a41a (0xbfe5)
core   0: 0x8000a412 (0x00006f17) auipc   t5, 0x6
core   0: 3 0x8000a412 (0x00006f17) x30 0x80010412
core   0: 0x8000a416 (0xbe3f2723) sw      gp, -1042(t5)
core   0: 3 0x8000a416 (0xbe3f2723) mem 0x80010000 0x00000001
core   0: 0x8000a41a (0x0000bfe5) c.j     pc - 8
core   0: 3 0x8000a41a (0xbfe5)
core   0: 0x8000a412 (0x00006f17) auipc   t5, 0x6
core   0: 3 0x8000a412 (0x00006f17) x30 0x80010412
core   0: 0x8000a416 (0xbe3f2723) sw      gp, -1042(t5)
core   0: 3 0x8000a416 (0xbe3f2723) mem 0x80010000 0x00000001
core   0: 0x8000a41a (0x0000bfe5) c.j     pc - 8
core   0: 3 0x8000a41a (0xbfe5)
core   0: 0x8000a412 (0x00006f17) auipc   t5, 0x6
core   0: 3 0x8000a412 (0x00006f17) x30 0x80010412
core   0: 0x8000a416 (0xbe3f2723) sw      gp, -1042(t5)
core   0: 3 0x8000a416 (0xbe3f2723) mem 0x80010000 0x00000001
core   0: 0x8000a41a (0x0000bfe5) c.j     pc - 8
core   0: 3 0x8000a41a (0xbfe5)
core   0: 0x8000a412 (0x00006f17) auipc   t5, 0x6
core   0: 3 0x8000a412 (0x00006f17) x30 0x80010412
core   0: 0x8000a416 (0xbe3f2723) sw      gp, -1042(t5)
core   0: 3 0x8000a416 (0xbe3f2723) mem 0x80010000 0x00000001
core   0: 0x8000a41a (0x0000bfe5) c.j     pc - 8
core   0: 3 0x8000a41a (0xbfe5)
core   0: 0x8000a412 (0x00006f17) auipc   t5, 0x6
core   0: 3 0x8000a412 (0x00006f17) x30 0x80010412
core   0: 0x8000a416 (0xbe3f2723) sw      gp, -1042(t5)
core   0: 3 0x8000a416 (0xbe3f2723) mem 0x80010000 0x00000001
core   0: 0x8000a41a (0x0000bfe5) c.j     pc - 8
core   0: 3 0x8000a41a (0xbfe5)
core   0: 0x8000a412 (0x00006f17) auipc   t5, 0x6
core   0: 3 0x8000a412 (0x00006f17) x30 0x80010412
core   0: 0x8000a416 (0xbe3f2723) sw      gp, -1042(t5)
core   0: 3 0x8000a416 (0xbe3f2723) mem 0x80010000 0x00000001
core   0: 0x8000a41a (0x0000bfe5) c.j     pc - 8
core   0: 3 0x8000a41a (0xbfe5)
core   0: 0x8000a412 (0x00006f17) auipc   t5, 0x6
core   0: 3 0x8000a412 (0x00006f17) x30 0x80010412
core   0: 0x8000a416 (0xbe3f2723) sw      gp, -1042(t5)
core   0: 3 0x8000a416 (0xbe3f2723) mem 0x80010000 0x00000001
core   0: 0x8000a41a (0x0000bfe5) c.j     pc - 8
core   0: 3 0x8000a41a (0xbfe5)
core   0: 0x8000a412 (0x00006f17) auipc   t5, 0x6
core   0: 3 0x8000a412 (0x00006f17) x30 0x80010412
core   0: 0x8000a416 (0xbe3f2723) sw      gp, -1042(t5)
core   0: 3 0x8000a416 (0xbe3f2723) mem 0x80010000 0x00000001
core   0: 0x8000a41a (0x0000bfe5) c.j     pc - 8
core   0: 3 0x8000a41a (0xbfe5)
core   0: 0x8000a412 (0x00006f17) auipc   t5, 0x6
core   0: 3 0x8000a412 (0x00006f17) x30 0x80010412
core   0: 0x8000a416 (0xbe3f2723) sw      gp, -1042(t5)
core   0: 3 0x8000a416 (0xbe3f2723) mem 0x80010000 0x00000001
core   0: 0x8000a41a (0x0000bfe5) c.j     pc - 8
core   0: 3 0x8000a41a (0xbfe5)
core   0: 0x8000a412 (0x00006f17) auipc   t5, 0x6
core   0: 3 0x8000a412 (0x00006f17) x30 0x80010412
core   0: 0x8000a416 (0xbe3f2723) sw      gp, -1042(t5)
core   0: 3 0x8000a416 (0xbe3f2723) mem 0x80010000 0x00000001
core   0: 0x8000a41a (0x0000bfe5) c.j     pc - 8
core   0: 3 0x8000a41a (0xbfe5)
core   0: 0x8000a412 (0x00006f17) auipc   t5, 0x6
core   0: 3 0x8000a412 (0x00006f17) x30 0x80010412
core   0: 0x8000a416 (0xbe3f2723) sw      gp, -1042(t5)
core   0: 3 0x8000a416 (0xbe3f2723) mem 0x80010000 0x00000001
core   0: 0x8000a41a (0x0000bfe5) c.j     pc - 8
core   0: 3 0x8000a41a (0xbfe5)
core   0: 0x8000a412 (0x00006f17) auipc   t5, 0x6
core   0: 3 0x8000a412 (0x00006f17) x30 0x80010412
core   0: 0x8000a416 (0xbe3f2723) sw      gp, -1042(t5)
core   0: 3 0x8000a416 (0xbe3f2723) mem 0x80010000 0x00000001
core   0: 0x8000a41a (0x0000bfe5) c.j     pc - 8
core   0: 3 0x8000a41a (0xbfe5)
core   0: 0x8000a412 (0x00006f17) auipc   t5, 0x6
core   0: 3 0x8000a412 (0x00006f17) x30 0x80010412
core   0: 0x8000a416 (0xbe3f2723) sw      gp, -1042(t5)
core   0: 3 0x8000a416 (0xbe3f2723) mem 0x80010000 0x00000001
core   0: 0x8000a41a (0x0000bfe5) c.j     pc - 8
core   0: 3 0x8000a41a (0xbfe5)
core   0: 0x8000a412 (0x00006f17) auipc   t5, 0x6
core   0: 3 0x8000a412 (0x00006f17) x30 0x80010412
core   0: 0x8000a416 (0xbe3f2723) sw      gp, -1042(t5)
core   0: 3 0x8000a416 (0xbe3f2723) mem 0x80010000 0x00000001
core   0: 0x8000a41a (0x0000bfe5) c.j     pc - 8
core   0: 3 0x8000a41a (0xbfe5)
core   0: 0x8000a412 (0x00006f17) auipc   t5, 0x6
core   0: 3 0x8000a412 (0x00006f17) x30 0x80010412
core   0: 0x8000a416 (0xbe3f2723) sw      gp, -1042(t5)
core   0: 3 0x8000a416 (0xbe3f2723) mem 0x80010000 0x00000001
core   0: 0x8000a41a (0x0000bfe5) c.j     pc - 8
core   0: 3 0x8000a41a (0xbfe5)
core   0: 0x8000a412 (0x00006f17) auipc   t5, 0x6
core   0: 3 0x8000a412 (0x00006f17) x30 0x80010412
core   0: 0x8000a416 (0xbe3f2723) sw      gp, -1042(t5)
core   0: 3 0x8000a416 (0xbe3f2723) mem 0x80010000 0x00000001
core   0: 0x8000a41a (0x0000bfe5) c.j     pc - 8
core   0: 3 0x8000a41a (0xbfe5)
core   0: 0x8000a412 (0x00006f17) auipc   t5, 0x6
core   0: 3 0x8000a412 (0x00006f17) x30 0x80010412
core   0: 0x8000a416 (0xbe3f2723) sw      gp, -1042(t5)
core   0: 3 0x8000a416 (0xbe3f2723) mem 0x80010000 0x00000001
core   0: 0x8000a41a (0x0000bfe5) c.j     pc - 8
core   0: 3 0x8000a41a (0xbfe5)
core   0: 0x8000a412 (0x00006f17) auipc   t5, 0x6
core   0: 3 0x8000a412 (0x00006f17) x30 0x80010412
core   0: 0x8000a416 (0xbe3f2723) sw      gp, -1042(t5)
core   0: 3 0x8000a416 (0xbe3f2723) mem 0x80010000 0x00000001
core   0: 0x8000a41a (0x0000bfe5) c.j     pc - 8
core   0: 3 0x8000a41a (0xbfe5)
core   0: 0x8000a412 (0x00006f17) auipc   t5, 0x6
core   0: 3 0x8000a412 (0x00006f17) x30 0x80010412
core   0: 0x8000a416 (0xbe3f2723) sw      gp, -1042(t5)
core   0: 3 0x8000a416 (0xbe3f2723) mem 0x80010000 0x00000001
core   0: 0x8000a41a (0x0000bfe5) c.j     pc - 8
core   0: 3 0x8000a41a (0xbfe5)
core   0: 0x8000a412 (0x00006f17) auipc   t5, 0x6
core   0: 3 0x8000a412 (0x00006f17) x30 0x80010412
core   0: 0x8000a416 (0xbe3f2723) sw      gp, -1042(t5)
core   0: 3 0x8000a416 (0xbe3f2723) mem 0x80010000 0x00000001
core   0: 0x8000a41a (0x0000bfe5) c.j     pc - 8
core   0: 3 0x8000a41a (0xbfe5)
core   0: 0x8000a412 (0x00006f17) auipc   t5, 0x6
core   0: 3 0x8000a412 (0x00006f17) x30 0x80010412
core   0: 0x8000a416 (0xbe3f2723) sw      gp, -1042(t5)
core   0: 3 0x8000a416 (0xbe3f2723) mem 0x80010000 0x00000001
core   0: 0x8000a41a (0x0000bfe5) c.j     pc - 8
core   0: 3 0x8000a41a (0xbfe5)
core   0: 0x8000a412 (0x00006f17) auipc   t5, 0x6
core   0: 3 0x8000a412 (0x00006f17) x30 0x80010412
core   0: 0x8000a416 (0xbe3f2723) sw      gp, -1042(t5)
core   0: 3 0x8000a416 (0xbe3f2723) mem 0x80010000 0x00000001
core   0: 0x8000a41a (0x0000bfe5) c.j     pc - 8
core   0: 3 0x8000a41a (0xbfe5)
core   0: 0x8000a412 (0x00006f17) auipc   t5, 0x6
core   0: 3 0x8000a412 (0x00006f17) x30 0x80010412
core   0: 0x8000a416 (0xbe3f2723) sw      gp, -1042(t5)
core   0: 3 0x8000a416 (0xbe3f2723) mem 0x80010000 0x00000001
core   0: 0x8000a41a (0x0000bfe5) c.j     pc - 8
core   0: 3 0x8000a41a (0xbfe5)
core   0: 0x8000a412 (0x00006f17) auipc   t5, 0x6
core   0: 3 0x8000a412 (0x00006f17) x30 0x80010412
core   0: 0x8000a416 (0xbe3f2723) sw      gp, -1042(t5)
core   0: 3 0x8000a416 (0xbe3f2723) mem 0x80010000 0x00000001
core   0: 0x8000a41a (0x0000bfe5) c.j     pc - 8
core   0: 3 0x8000a41a (0xbfe5)
core   0: 0x8000a412 (0x00006f17) auipc   t5, 0x6
core   0: 3 0x8000a412 (0x00006f17) x30 0x80010412
core   0: 0x8000a416 (0xbe3f2723) sw      gp, -1042(t5)
core   0: 3 0x8000a416 (0xbe3f2723) mem 0x80010000 0x00000001
core   0: 0x8000a41a (0x0000bfe5) c.j     pc - 8
core   0: 3 0x8000a41a (0xbfe5)
core   0: 0x8000a412 (0x00006f17) auipc   t5, 0x6
core   0: 3 0x8000a412 (0x00006f17) x30 0x80010412
core   0: 0x8000a416 (0xbe3f2723) sw      gp, -1042(t5)
core   0: 3 0x8000a416 (0xbe3f2723) mem 0x80010000 0x00000001
core   0: 0x8000a41a (0x0000bfe5) c.j     pc - 8
core   0: 3 0x8000a41a (0xbfe5)
core   0: 0x8000a412 (0x00006f17) auipc   t5, 0x6
core   0: 3 0x8000a412 (0x00006f17) x30 0x80010412
core   0: 0x8000a416 (0xbe3f2723) sw      gp, -1042(t5)
core   0: 3 0x8000a416 (0xbe3f2723) mem 0x80010000 0x00000001
core   0: 0x8000a41a (0x0000bfe5) c.j     pc - 8
core   0: 3 0x8000a41a (0xbfe5)
core   0: 0x8000a412 (0x00006f17) auipc   t5, 0x6
core   0: 3 0x8000a412 (0x00006f17) x30 0x80010412
core   0: 0x8000a416 (0xbe3f2723) sw      gp, -1042(t5)
core   0: 3 0x8000a416 (0xbe3f2723) mem 0x80010000 0x00000001
core   0: 0x8000a41a (0x0000bfe5) c.j     pc - 8
core   0: 3 0x8000a41a (0xbfe5)
core   0: 0x8000a412 (0x00006f17) auipc   t5, 0x6
core   0: 3 0x8000a412 (0x00006f17) x30 0x80010412
core   0: 0x8000a416 (0xbe3f2723) sw      gp, -1042(t5)
core   0: 3 0x8000a416 (0xbe3f2723) mem 0x80010000 0x00000001
core   0: 0x8000a41a (0x0000bfe5) c.j     pc - 8
core   0: 3 0x8000a41a (0xbfe5)
core   0: 0x8000a412 (0x00006f17) auipc   t5, 0x6
core   0: 3 0x8000a412 (0x00006f17) x30 0x80010412
core   0: 0x8000a416 (0xbe3f2723) sw      gp, -1042(t5)
core   0: 3 0x8000a416 (0xbe3f2723) mem 0x80010000 0x00000001
core   0: 0x8000a41a (0x0000bfe5) c.j     pc - 8
core   0: 3 0x8000a41a (0xbfe5)
core   0: 0x8000a412 (0x00006f17) auipc   t5, 0x6
core   0: 3 0x8000a412 (0x00006f17) x30 0x80010412
core   0: 0x8000a416 (0xbe3f2723) sw      gp, -1042(t5)
core   0: 3 0x8000a416 (0xbe3f2723) mem 0x80010000 0x00000001
core   0: 0x8000a41a (0x0000bfe5) c.j     pc - 8
core   0: 3 0x8000a41a (0xbfe5)
core   0: 0x8000a412 (0x00006f17) auipc   t5, 0x6
core   0: 3 0x8000a412 (0x00006f17) x30 0x80010412
core   0: 0x8000a416 (0xbe3f2723) sw      gp, -1042(t5)
core   0: 3 0x8000a416 (0xbe3f2723) mem 0x80010000 0x00000001
core   0: 0x8000a41a (0x0000bfe5) c.j     pc - 8
core   0: 3 0x8000a41a (0xbfe5)
core   0: 0x8000a412 (0x00006f17) auipc   t5, 0x6
core   0: 3 0x8000a412 (0x00006f17) x30 0x80010412
core   0: 0x8000a416 (0xbe3f2723) sw      gp, -1042(t5)
core   0: 3 0x8000a416 (0xbe3f2723) mem 0x80010000 0x00000001
core   0: 0x8000a41a (0x0000bfe5) c.j     pc - 8
core   0: 3 0x8000a41a (0xbfe5)
core   0: 0x8000a412 (0x00006f17) auipc   t5, 0x6
core   0: 3 0x8000a412 (0x00006f17) x30 0x80010412
core   0: 0x8000a416 (0xbe3f2723) sw      gp, -1042(t5)
core   0: 3 0x8000a416 (0xbe3f2723) mem 0x80010000 0x00000001
core   0: 0x8000a41a (0x0000bfe5) c.j     pc - 8
core   0: 3 0x8000a41a (0xbfe5)
core   0: 0x8000a412 (0x00006f17) auipc   t5, 0x6
core   0: 3 0x8000a412 (0x00006f17) x30 0x80010412
core   0: 0x8000a416 (0xbe3f2723) sw      gp, -1042(t5)
core   0: 3 0x8000a416 (0xbe3f2723) mem 0x80010000 0x00000001
core   0: 0x8000a41a (0x0000bfe5) c.j     pc - 8
core   0: 3 0x8000a41a (0xbfe5)
core   0: 0x8000a412 (0x00006f17) auipc   t5, 0x6
core   0: 3 0x8000a412 (0x00006f17) x30 0x80010412
core   0: 0x8000a416 (0xbe3f2723) sw      gp, -1042(t5)
core   0: 3 0x8000a416 (0xbe3f2723) mem 0x80010000 0x00000001
core   0: 0x8000a41a (0x0000bfe5) c.j     pc - 8
core   0: 3 0x8000a41a (0xbfe5)
core   0: 0x8000a412 (0x00006f17) auipc   t5, 0x6
core   0: 3 0x8000a412 (0x00006f17) x30 0x80010412
core   0: 0x8000a416 (0xbe3f2723) sw      gp, -1042(t5)
core   0: 3 0x8000a416 (0xbe3f2723) mem 0x80010000 0x00000001
core   0: 0x8000a41a (0x0000bfe5) c.j     pc - 8
core   0: 3 0x8000a41a (0xbfe5)
core   0: 0x8000a412 (0x00006f17) auipc   t5, 0x6
core   0: 3 0x8000a412 (0x00006f17) x30 0x80010412
core   0: 0x8000a416 (0xbe3f2723) sw      gp, -1042(t5)
core   0: 3 0x8000a416 (0xbe3f2723) mem 0x80010000 0x00000001
core   0: 0x8000a41a (0x0000bfe5) c.j     pc - 8
core   0: 3 0x8000a41a (0xbfe5)
core   0: 0x8000a412 (0x00006f17) auipc   t5, 0x6
core   0: 3 0x8000a412 (0x00006f17) x30 0x80010412
core   0: 0x8000a416 (0xbe3f2723) sw      gp, -1042(t5)
core   0: 3 0x8000a416 (0xbe3f2723) mem 0x80010000 0x00000001
core   0: 0x8000a41a (0x0000bfe5) c.j     pc - 8
core   0: 3 0x8000a41a (0xbfe5)
core   0: 0x8000a412 (0x00006f17) auipc   t5, 0x6
core   0: 3 0x8000a412 (0x00006f17) x30 0x80010412
core   0: 0x8000a416 (0xbe3f2723) sw      gp, -1042(t5)
core   0: 3 0x8000a416 (0xbe3f2723) mem 0x80010000 0x00000001
core   0: 0x8000a41a (0x0000bfe5) c.j     pc - 8
core   0: 3 0x8000a41a (0xbfe5)
core   0: 0x8000a412 (0x00006f17) auipc   t5, 0x6
core   0: 3 0x8000a412 (0x00006f17) x30 0x80010412
core   0: 0x8000a416 (0xbe3f2723) sw      gp, -1042(t5)
core   0: 3 0x8000a416 (0xbe3f2723) mem 0x80010000 0x00000001
core   0: 0x8000a41a (0x0000bfe5) c.j     pc - 8
core   0: 3 0x8000a41a (0xbfe5)
core   0: 0x8000a412 (0x00006f17) auipc   t5, 0x6
core   0: 3 0x8000a412 (0x00006f17) x30 0x80010412
core   0: 0x8000a416 (0xbe3f2723) sw      gp, -1042(t5)
core   0: 3 0x8000a416 (0xbe3f2723) mem 0x80010000 0x00000001
core   0: 0x8000a41a (0x0000bfe5) c.j     pc - 8
core   0: 3 0x8000a41a (0xbfe5)
core   0: 0x8000a412 (0x00006f17) auipc   t5, 0x6
core   0: 3 0x8000a412 (0x00006f17) x30 0x80010412
core   0: 0x8000a416 (0xbe3f2723) sw      gp, -1042(t5)
core   0: 3 0x8000a416 (0xbe3f2723) mem 0x80010000 0x00000001
core   0: 0x8000a41a (0x0000bfe5) c.j     pc - 8
core   0: 3 0x8000a41a (0xbfe5)
core   0: 0x8000a412 (0x00006f17) auipc   t5, 0x6
core   0: 3 0x8000a412 (0x00006f17) x30 0x80010412
core   0: 0x8000a416 (0xbe3f2723) sw      gp, -1042(t5)
core   0: 3 0x8000a416 (0xbe3f2723) mem 0x80010000 0x00000001
core   0: 0x8000a41a (0x0000bfe5) c.j     pc - 8
core   0: 3 0x8000a41a (0xbfe5)
core   0: 0x8000a412 (0x00006f17) auipc   t5, 0x6
core   0: 3 0x8000a412 (0x00006f17) x30 0x80010412
core   0: 0x8000a416 (0xbe3f2723) sw      gp, -1042(t5)
core   0: 3 0x8000a416 (0xbe3f2723) mem 0x80010000 0x00000001
core   0: 0x8000a41a (0x0000bfe5) c.j     pc - 8
core   0: 3 0x8000a41a (0xbfe5)
core   0: 0x8000a412 (0x00006f17) auipc   t5, 0x6
core   0: 3 0x8000a412 (0x00006f17) x30 0x80010412
core   0: 0x8000a416 (0xbe3f2723) sw      gp, -1042(t5)
core   0: 3 0x8000a416 (0xbe3f2723) mem 0x80010000 0x00000001
core   0: 0x8000a41a (0x0000bfe5) c.j     pc - 8
core   0: 3 0x8000a41a (0xbfe5)
core   0: 0x8000a412 (0x00006f17) auipc   t5, 0x6
core   0: 3 0x8000a412 (0x00006f17) x30 0x80010412
core   0: 0x8000a416 (0xbe3f2723) sw      gp, -1042(t5)
core   0: 3 0x8000a416 (0xbe3f2723) mem 0x80010000 0x00000001
core   0: 0x8000a41a (0x0000bfe5) c.j     pc - 8
core   0: 3 0x8000a41a (0xbfe5)
core   0: 0x8000a412 (0x00006f17) auipc   t5, 0x6
core   0: 3 0x8000a412 (0x00006f17) x30 0x80010412
core   0: 0x8000a416 (0xbe3f2723) sw      gp, -1042(t5)
core   0: 3 0x8000a416 (0xbe3f2723) mem 0x80010000 0x00000001
core   0: 0x8000a41a (0x0000bfe5) c.j     pc - 8
core   0: 3 0x8000a41a (0xbfe5)
core   0: 0x8000a412 (0x00006f17) auipc   t5, 0x6
core   0: 3 0x8000a412 (0x00006f17) x30 0x80010412
core   0: 0x8000a416 (0xbe3f2723) sw      gp, -1042(t5)
core   0: 3 0x8000a416 (0xbe3f2723) mem 0x80010000 0x00000001
core   0: 0x8000a41a (0x0000bfe5) c.j     pc - 8
core   0: 3 0x8000a41a (0xbfe5)
core   0: 0x8000a412 (0x00006f17) auipc   t5, 0x6
core   0: 3 0x8000a412 (0x00006f17) x30 0x80010412
core   0: 0x8000a416 (0xbe3f2723) sw      gp, -1042(t5)
core   0: 3 0x8000a416 (0xbe3f2723) mem 0x80010000 0x00000001
core   0: 0x8000a41a (0x0000bfe5) c.j     pc - 8
core   0: 3 0x8000a41a (0xbfe5)
core   0: 0x8000a412 (0x00006f17) auipc   t5, 0x6
core   0: 3 0x8000a412 (0x00006f17) x30 0x80010412
core   0: 0x8000a416 (0xbe3f2723) sw      gp, -1042(t5)
core   0: 3 0x8000a416 (0xbe3f2723) mem 0x80010000 0x00000001
core   0: 0x8000a41a (0x0000bfe5) c.j     pc - 8
core   0: 3 0x8000a41a (0xbfe5)
core   0: 0x8000a412 (0x00006f17) auipc   t5, 0x6
core   0: 3 0x8000a412 (0x00006f17) x30 0x80010412
core   0: 0x8000a416 (0xbe3f2723) sw      gp, -1042(t5)
core   0: 3 0x8000a416 (0xbe3f2723) mem 0x80010000 0x00000001
core   0: 0x8000a41a (0x0000bfe5) c.j     pc - 8
core   0: 3 0x8000a41a (0xbfe5)
core   0: 0x8000a412 (0x00006f17) auipc   t5, 0x6
core   0: 3 0x8000a412 (0x00006f17) x30 0x80010412
core   0: 0x8000a416 (0xbe3f2723) sw      gp, -1042(t5)
core   0: 3 0x8000a416 (0xbe3f2723) mem 0x80010000 0x00000001
core   0: 0x8000a41a (0x0000bfe5) c.j     pc - 8
core   0: 3 0x8000a41a (0xbfe5)
core   0: 0x8000a412 (0x00006f17) auipc   t5, 0x6
core   0: 3 0x8000a412 (0x00006f17) x30 0x80010412
core   0: 0x8000a416 (0xbe3f2723) sw      gp, -1042(t5)
core   0: 3 0x8000a416 (0xbe3f2723) mem 0x80010000 0x00000001
core   0: 0x8000a41a (0x0000bfe5) c.j     pc - 8
core   0: 3 0x8000a41a (0xbfe5)
core   0: 0x8000a412 (0x00006f17) auipc   t5, 0x6
core   0: 3 0x8000a412 (0x00006f17) x30 0x80010412
core   0: 0x8000a416 (0xbe3f2723) sw      gp, -1042(t5)
core   0: 3 0x8000a416 (0xbe3f2723) mem 0x80010000 0x00000001
core   0: 0x8000a41a (0x0000bfe5) c.j     pc - 8
core   0: 3 0x8000a41a (0xbfe5)
core   0: 0x8000a412 (0x00006f17) auipc   t5, 0x6
core   0: 3 0x8000a412 (0x00006f17) x30 0x80010412
core   0: 0x8000a416 (0xbe3f2723) sw      gp, -1042(t5)
core   0: 3 0x8000a416 (0xbe3f2723) mem 0x80010000 0x00000001
core   0: 0x8000a41a (0x0000bfe5) c.j     pc - 8
core   0: 3 0x8000a41a (0xbfe5)
core   0: 0x8000a412 (0x00006f17) auipc   t5, 0x6
core   0: 3 0x8000a412 (0x00006f17) x30 0x80010412
core   0: 0x8000a416 (0xbe3f2723) sw      gp, -1042(t5)
core   0: 3 0x8000a416 (0xbe3f2723) mem 0x80010000 0x00000001
core   0: 0x8000a41a (0x0000bfe5) c.j     pc - 8
core   0: 3 0x8000a41a (0xbfe5)
core   0: 0x8000a412 (0x00006f17) auipc   t5, 0x6
core   0: 3 0x8000a412 (0x00006f17) x30 0x80010412
core   0: 0x8000a416 (0xbe3f2723) sw      gp, -1042(t5)
core   0: 3 0x8000a416 (0xbe3f2723) mem 0x80010000 0x00000001
core   0: 0x8000a41a (0x0000bfe5) c.j     pc - 8
core   0: 3 0x8000a41a (0xbfe5)
core   0: 0x8000a412 (0x00006f17) auipc   t5, 0x6
core   0: 3 0x8000a412 (0x00006f17) x30 0x80010412
core   0: 0x8000a416 (0xbe3f2723) sw      gp, -1042(t5)
core   0: 3 0x8000a416 (0xbe3f2723) mem 0x80010000 0x00000001
core   0: 0x8000a41a (0x0000bfe5) c.j     pc - 8
core   0: 3 0x8000a41a (0xbfe5)
core   0: 0x8000a412 (0x00006f17) auipc   t5, 0x6
core   0: 3 0x8000a412 (0x00006f17) x30 0x80010412
core   0: 0x8000a416 (0xbe3f2723) sw      gp, -1042(t5)
core   0: 3 0x8000a416 (0xbe3f2723) mem 0x80010000 0x00000001
core   0: 0x8000a41a (0x0000bfe5) c.j     pc - 8
core   0: 3 0x8000a41a (0xbfe5)
core   0: 0x8000a412 (0x00006f17) auipc   t5, 0x6
core   0: 3 0x8000a412 (0x00006f17) x30 0x80010412
core   0: 0x8000a416 (0xbe3f2723) sw      gp, -1042(t5)
core   0: 3 0x8000a416 (0xbe3f2723) mem 0x80010000 0x00000001
core   0: 0x8000a41a (0x0000bfe5) c.j     pc - 8
core   0: 3 0x8000a41a (0xbfe5)
core   0: 0x8000a412 (0x00006f17) auipc   t5, 0x6
core   0: 3 0x8000a412 (0x00006f17) x30 0x80010412
core   0: 0x8000a416 (0xbe3f2723) sw      gp, -1042(t5)
core   0: 3 0x8000a416 (0xbe3f2723) mem 0x80010000 0x00000001
core   0: 0x8000a41a (0x0000bfe5) c.j     pc - 8
core   0: 3 0x8000a41a (0xbfe5)
core   0: 0x8000a412 (0x00006f17) auipc   t5, 0x6
core   0: 3 0x8000a412 (0x00006f17) x30 0x80010412
core   0: 0x8000a416 (0xbe3f2723) sw      gp, -1042(t5)
core   0: 3 0x8000a416 (0xbe3f2723) mem 0x80010000 0x00000001
core   0: 0x8000a41a (0x0000bfe5) c.j     pc - 8
core   0: 3 0x8000a41a (0xbfe5)
core   0: 0x8000a412 (0x00006f17) auipc   t5, 0x6
core   0: 3 0x8000a412 (0x00006f17) x30 0x80010412
core   0: 0x8000a416 (0xbe3f2723) sw      gp, -1042(t5)
core   0: 3 0x8000a416 (0xbe3f2723) mem 0x80010000 0x00000001
core   0: 0x8000a41a (0x0000bfe5) c.j     pc - 8
core   0: 3 0x8000a41a (0xbfe5)
core   0: 0x8000a412 (0x00006f17) auipc   t5, 0x6
core   0: 3 0x8000a412 (0x00006f17) x30 0x80010412
core   0: 0x8000a416 (0xbe3f2723) sw      gp, -1042(t5)
core   0: 3 0x8000a416 (0xbe3f2723) mem 0x80010000 0x00000001
core   0: 0x8000a41a (0x0000bfe5) c.j     pc - 8
core   0: 3 0x8000a41a (0xbfe5)
core   0: 0x8000a412 (0x00006f17) auipc   t5, 0x6
core   0: 3 0x8000a412 (0x00006f17) x30 0x80010412
core   0: 0x8000a416 (0xbe3f2723) sw      gp, -1042(t5)
core   0: 3 0x8000a416 (0xbe3f2723) mem 0x80010000 0x00000001
core   0: 0x8000a41a (0x0000bfe5) c.j     pc - 8
core   0: 3 0x8000a41a (0xbfe5)
core   0: 0x8000a412 (0x00006f17) auipc   t5, 0x6
core   0: 3 0x8000a412 (0x00006f17) x30 0x80010412
core   0: 0x8000a416 (0xbe3f2723) sw      gp, -1042(t5)
core   0: 3 0x8000a416 (0xbe3f2723) mem 0x80010000 0x00000001
core   0: 0x8000a41a (0x0000bfe5) c.j     pc - 8
core   0: 3 0x8000a41a (0xbfe5)
core   0: 0x8000a412 (0x00006f17) auipc   t5, 0x6
core   0: 3 0x8000a412 (0x00006f17) x30 0x80010412
core   0: 0x8000a416 (0xbe3f2723) sw      gp, -1042(t5)
core   0: 3 0x8000a416 (0xbe3f2723) mem 0x80010000 0x00000001
core   0: 0x8000a41a (0x0000bfe5) c.j     pc - 8
core   0: 3 0x8000a41a (0xbfe5)
core   0: 0x8000a412 (0x00006f17) auipc   t5, 0x6
core   0: 3 0x8000a412 (0x00006f17) x30 0x80010412
core   0: 0x8000a416 (0xbe3f2723) sw      gp, -1042(t5)
core   0: 3 0x8000a416 (0xbe3f2723) mem 0x80010000 0x00000001
core   0: 0x8000a41a (0x0000bfe5) c.j     pc - 8
core   0: 3 0x8000a41a (0xbfe5)
core   0: 0x8000a412 (0x00006f17) auipc   t5, 0x6
core   0: 3 0x8000a412 (0x00006f17) x30 0x80010412
core   0: 0x8000a416 (0xbe3f2723) sw      gp, -1042(t5)
core   0: 3 0x8000a416 (0xbe3f2723) mem 0x80010000 0x00000001
core   0: 0x8000a41a (0x0000bfe5) c.j     pc - 8
core   0: 3 0x8000a41a (0xbfe5)
core   0: 0x8000a412 (0x00006f17) auipc   t5, 0x6
core   0: 3 0x8000a412 (0x00006f17) x30 0x80010412
core   0: 0x8000a416 (0xbe3f2723) sw      gp, -1042(t5)
core   0: 3 0x8000a416 (0xbe3f2723) mem 0x80010000 0x00000001
core   0: 0x8000a41a (0x0000bfe5) c.j     pc - 8
core   0: 3 0x8000a41a (0xbfe5)
core   0: 0x8000a412 (0x00006f17) auipc   t5, 0x6
core   0: 3 0x8000a412 (0x00006f17) x30 0x80010412
core   0: 0x8000a416 (0xbe3f2723) sw      gp, -1042(t5)
core   0: 3 0x8000a416 (0xbe3f2723) mem 0x80010000 0x00000001
core   0: 0x8000a41a (0x0000bfe5) c.j     pc - 8
core   0: 3 0x8000a41a (0xbfe5)
core   0: 0x8000a412 (0x00006f17) auipc   t5, 0x6
core   0: 3 0x8000a412 (0x00006f17) x30 0x80010412
core   0: 0x8000a416 (0xbe3f2723) sw      gp, -1042(t5)
core   0: 3 0x8000a416 (0xbe3f2723) mem 0x80010000 0x00000001
core   0: 0x8000a41a (0x0000bfe5) c.j     pc - 8
core   0: 3 0x8000a41a (0xbfe5)
core   0: 0x8000a412 (0x00006f17) auipc   t5, 0x6
core   0: 3 0x8000a412 (0x00006f17) x30 0x80010412
core   0: 0x8000a416 (0xbe3f2723) sw      gp, -1042(t5)
core   0: 3 0x8000a416 (0xbe3f2723) mem 0x80010000 0x00000001
core   0: 0x8000a41a (0x0000bfe5) c.j     pc - 8
core   0: 3 0x8000a41a (0xbfe5)
core   0: 0x8000a412 (0x00006f17) auipc   t5, 0x6
core   0: 3 0x8000a412 (0x00006f17) x30 0x80010412
core   0: 0x8000a416 (0xbe3f2723) sw      gp, -1042(t5)
core   0: 3 0x8000a416 (0xbe3f2723) mem 0x80010000 0x00000001
core   0: 0x8000a41a (0x0000bfe5) c.j     pc - 8
core   0: 3 0x8000a41a (0xbfe5)
core   0: 0x8000a412 (0x00006f17) auipc   t5, 0x6
core   0: 3 0x8000a412 (0x00006f17) x30 0x80010412
core   0: 0x8000a416 (0xbe3f2723) sw      gp, -1042(t5)
core   0: 3 0x8000a416 (0xbe3f2723) mem 0x80010000 0x00000001
core   0: 0x8000a41a (0x0000bfe5) c.j     pc - 8
core   0: 3 0x8000a41a (0xbfe5)
core   0: 0x8000a412 (0x00006f17) auipc   t5, 0x6
core   0: 3 0x8000a412 (0x00006f17) x30 0x80010412
core   0: 0x8000a416 (0xbe3f2723) sw      gp, -1042(t5)
core   0: 3 0x8000a416 (0xbe3f2723) mem 0x80010000 0x00000001
core   0: 0x8000a41a (0x0000bfe5) c.j     pc - 8
core   0: 3 0x8000a41a (0xbfe5)
core   0: 0x8000a412 (0x00006f17) auipc   t5, 0x6
core   0: 3 0x8000a412 (0x00006f17) x30 0x80010412
core   0: 0x8000a416 (0xbe3f2723) sw      gp, -1042(t5)
core   0: 3 0x8000a416 (0xbe3f2723) mem 0x80010000 0x00000001
core   0: 0x8000a41a (0x0000bfe5) c.j     pc - 8
core   0: 3 0x8000a41a (0xbfe5)
core   0: 0x8000a412 (0x00006f17) auipc   t5, 0x6
core   0: 3 0x8000a412 (0x00006f17) x30 0x80010412
core   0: 0x8000a416 (0xbe3f2723) sw      gp, -1042(t5)
core   0: 3 0x8000a416 (0xbe3f2723) mem 0x80010000 0x00000001
core   0: 0x8000a41a (0x0000bfe5) c.j     pc - 8
core   0: 3 0x8000a41a (0xbfe5)
core   0: 0x8000a412 (0x00006f17) auipc   t5, 0x6
core   0: 3 0x8000a412 (0x00006f17) x30 0x80010412
core   0: 0x8000a416 (0xbe3f2723) sw      gp, -1042(t5)
core   0: 3 0x8000a416 (0xbe3f2723) mem 0x80010000 0x00000001
core   0: 0x8000a41a (0x0000bfe5) c.j     pc - 8
core   0: 3 0x8000a41a (0xbfe5)
core   0: 0x8000a412 (0x00006f17) auipc   t5, 0x6
core   0: 3 0x8000a412 (0x00006f17) x30 0x80010412
core   0: 0x8000a416 (0xbe3f2723) sw      gp, -1042(t5)
core   0: 3 0x8000a416 (0xbe3f2723) mem 0x80010000 0x00000001
core   0: 0x8000a41a (0x0000bfe5) c.j     pc - 8
core   0: 3 0x8000a41a (0xbfe5)
core   0: 0x8000a412 (0x00006f17) auipc   t5, 0x6
core   0: 3 0x8000a412 (0x00006f17) x30 0x80010412
core   0: 0x8000a416 (0xbe3f2723) sw      gp, -1042(t5)
core   0: 3 0x8000a416 (0xbe3f2723) mem 0x80010000 0x00000001
core   0: 0x8000a41a (0x0000bfe5) c.j     pc - 8
core   0: 3 0x8000a41a (0xbfe5)
core   0: 0x8000a412 (0x00006f17) auipc   t5, 0x6
core   0: 3 0x8000a412 (0x00006f17) x30 0x80010412
core   0: 0x8000a416 (0xbe3f2723) sw      gp, -1042(t5)
core   0: 3 0x8000a416 (0xbe3f2723) mem 0x80010000 0x00000001
core   0: 0x8000a41a (0x0000bfe5) c.j     pc - 8
core   0: 3 0x8000a41a (0xbfe5)
core   0: 0x8000a412 (0x00006f17) auipc   t5, 0x6
core   0: 3 0x8000a412 (0x00006f17) x30 0x80010412
core   0: 0x8000a416 (0xbe3f2723) sw      gp, -1042(t5)
core   0: 3 0x8000a416 (0xbe3f2723) mem 0x80010000 0x00000001
core   0: 0x8000a41a (0x0000bfe5) c.j     pc - 8
core   0: 3 0x8000a41a (0xbfe5)
core   0: 0x8000a412 (0x00006f17) auipc   t5, 0x6
core   0: 3 0x8000a412 (0x00006f17) x30 0x80010412
core   0: 0x8000a416 (0xbe3f2723) sw      gp, -1042(t5)
core   0: 3 0x8000a416 (0xbe3f2723) mem 0x80010000 0x00000001
core   0: 0x8000a41a (0x0000bfe5) c.j     pc - 8
core   0: 3 0x8000a41a (0xbfe5)
core   0: 0x8000a412 (0x00006f17) auipc   t5, 0x6
core   0: 3 0x8000a412 (0x00006f17) x30 0x80010412
core   0: 0x8000a416 (0xbe3f2723) sw      gp, -1042(t5)
core   0: 3 0x8000a416 (0xbe3f2723) mem 0x80010000 0x00000001
core   0: 0x8000a41a (0x0000bfe5) c.j     pc - 8
core   0: 3 0x8000a41a (0xbfe5)
core   0: 0x8000a412 (0x00006f17) auipc   t5, 0x6
core   0: 3 0x8000a412 (0x00006f17) x30 0x80010412
core   0: 0x8000a416 (0xbe3f2723) sw      gp, -1042(t5)
core   0: 3 0x8000a416 (0xbe3f2723) mem 0x80010000 0x00000001
core   0: 0x8000a41a (0x0000bfe5) c.j     pc - 8
core   0: 3 0x8000a41a (0xbfe5)
core   0: 0x8000a412 (0x00006f17) auipc   t5, 0x6
core   0: 3 0x8000a412 (0x00006f17) x30 0x80010412
core   0: 0x8000a416 (0xbe3f2723) sw      gp, -1042(t5)
core   0: 3 0x8000a416 (0xbe3f2723) mem 0x80010000 0x00000001
core   0: 0x8000a41a (0x0000bfe5) c.j     pc - 8
core   0: 3 0x8000a41a (0xbfe5)
core   0: 0x8000a412 (0x00006f17) auipc   t5, 0x6
core   0: 3 0x8000a412 (0x00006f17) x30 0x80010412
core   0: 0x8000a416 (0xbe3f2723) sw      gp, -1042(t5)
core   0: 3 0x8000a416 (0xbe3f2723) mem 0x80010000 0x00000001
core   0: 0x8000a41a (0x0000bfe5) c.j     pc - 8
core   0: 3 0x8000a41a (0xbfe5)
core   0: 0x8000a412 (0x00006f17) auipc   t5, 0x6
core   0: 3 0x8000a412 (0x00006f17) x30 0x80010412
core   0: 0x8000a416 (0xbe3f2723) sw      gp, -1042(t5)
core   0: 3 0x8000a416 (0xbe3f2723) mem 0x80010000 0x00000001
core   0: 0x8000a41a (0x0000bfe5) c.j     pc - 8
core   0: 3 0x8000a41a (0xbfe5)
core   0: 0x8000a412 (0x00006f17) auipc   t5, 0x6
core   0: 3 0x8000a412 (0x00006f17) x30 0x80010412
core   0: 0x8000a416 (0xbe3f2723) sw      gp, -1042(t5)
core   0: 3 0x8000a416 (0xbe3f2723) mem 0x80010000 0x00000001
core   0: 0x8000a41a (0x0000bfe5) c.j     pc - 8
core   0: 3 0x8000a41a (0xbfe5)
core   0: 0x8000a412 (0x00006f17) auipc   t5, 0x6
core   0: 3 0x8000a412 (0x00006f17) x30 0x80010412
core   0: 0x8000a416 (0xbe3f2723) sw      gp, -1042(t5)
core   0: 3 0x8000a416 (0xbe3f2723) mem 0x80010000 0x00000001
core   0: 0x8000a41a (0x0000bfe5) c.j     pc - 8
core   0: 3 0x8000a41a (0xbfe5)
core   0: 0x8000a412 (0x00006f17) auipc   t5, 0x6
core   0: 3 0x8000a412 (0x00006f17) x30 0x80010412
core   0: 0x8000a416 (0xbe3f2723) sw      gp, -1042(t5)
core   0: 3 0x8000a416 (0xbe3f2723) mem 0x80010000 0x00000001
core   0: 0x8000a41a (0x0000bfe5) c.j     pc - 8
core   0: 3 0x8000a41a (0xbfe5)
core   0: 0x8000a412 (0x00006f17) auipc   t5, 0x6
core   0: 3 0x8000a412 (0x00006f17) x30 0x80010412
core   0: 0x8000a416 (0xbe3f2723) sw      gp, -1042(t5)
core   0: 3 0x8000a416 (0xbe3f2723) mem 0x80010000 0x00000001
core   0: 0x8000a41a (0x0000bfe5) c.j     pc - 8
core   0: 3 0x8000a41a (0xbfe5)
core   0: 0x8000a412 (0x00006f17) auipc   t5, 0x6
core   0: 3 0x8000a412 (0x00006f17) x30 0x80010412
core   0: 0x8000a416 (0xbe3f2723) sw      gp, -1042(t5)
core   0: 3 0x8000a416 (0xbe3f2723) mem 0x80010000 0x00000001
core   0: 0x8000a41a (0x0000bfe5) c.j     pc - 8
core   0: 3 0x8000a41a (0xbfe5)
core   0: 0x8000a412 (0x00006f17) auipc   t5, 0x6
core   0: 3 0x8000a412 (0x00006f17) x30 0x80010412
core   0: 0x8000a416 (0xbe3f2723) sw      gp, -1042(t5)
core   0: 3 0x8000a416 (0xbe3f2723) mem 0x80010000 0x00000001
core   0: 0x8000a41a (0x0000bfe5) c.j     pc - 8
core   0: 3 0x8000a41a (0xbfe5)
core   0: 0x8000a412 (0x00006f17) auipc   t5, 0x6
core   0: 3 0x8000a412 (0x00006f17) x30 0x80010412
core   0: 0x8000a416 (0xbe3f2723) sw      gp, -1042(t5)
core   0: 3 0x8000a416 (0xbe3f2723) mem 0x80010000 0x00000001
core   0: 0x8000a41a (0x0000bfe5) c.j     pc - 8
core   0: 3 0x8000a41a (0xbfe5)
core   0: 0x8000a412 (0x00006f17) auipc   t5, 0x6
core   0: 3 0x8000a412 (0x00006f17) x30 0x80010412
core   0: 0x8000a416 (0xbe3f2723) sw      gp, -1042(t5)
core   0: 3 0x8000a416 (0xbe3f2723) mem 0x80010000 0x00000001
core   0: 0x8000a41a (0x0000bfe5) c.j     pc - 8
core   0: 3 0x8000a41a (0xbfe5)
core   0: 0x8000a412 (0x00006f17) auipc   t5, 0x6
core   0: 3 0x8000a412 (0x00006f17) x30 0x80010412
core   0: 0x8000a416 (0xbe3f2723) sw      gp, -1042(t5)
core   0: 3 0x8000a416 (0xbe3f2723) mem 0x80010000 0x00000001
core   0: 0x8000a41a (0x0000bfe5) c.j     pc - 8
core   0: 3 0x8000a41a (0xbfe5)
core   0: 0x8000a412 (0x00006f17) auipc   t5, 0x6
core   0: 3 0x8000a412 (0x00006f17) x30 0x80010412
core   0: 0x8000a416 (0xbe3f2723) sw      gp, -1042(t5)
core   0: 3 0x8000a416 (0xbe3f2723) mem 0x80010000 0x00000001
core   0: 0x8000a41a (0x0000bfe5) c.j     pc - 8
core   0: 3 0x8000a41a (0xbfe5)
core   0: 0x8000a412 (0x00006f17) auipc   t5, 0x6
core   0: 3 0x8000a412 (0x00006f17) x30 0x80010412
core   0: 0x8000a416 (0xbe3f2723) sw      gp, -1042(t5)
core   0: 3 0x8000a416 (0xbe3f2723) mem 0x80010000 0x00000001
core   0: 0x8000a41a (0x0000bfe5) c.j     pc - 8
core   0: 3 0x8000a41a (0xbfe5)
core   0: 0x8000a412 (0x00006f17) auipc   t5, 0x6
core   0: 3 0x8000a412 (0x00006f17) x30 0x80010412
core   0: 0x8000a416 (0xbe3f2723) sw      gp, -1042(t5)
core   0: 3 0x8000a416 (0xbe3f2723) mem 0x80010000 0x00000001
core   0: 0x8000a41a (0x0000bfe5) c.j     pc - 8
core   0: 3 0x8000a41a (0xbfe5)
core   0: 0x8000a412 (0x00006f17) auipc   t5, 0x6
core   0: 3 0x8000a412 (0x00006f17) x30 0x80010412
core   0: 0x8000a416 (0xbe3f2723) sw      gp, -1042(t5)
core   0: 3 0x8000a416 (0xbe3f2723) mem 0x80010000 0x00000001
core   0: 0x8000a41a (0x0000bfe5) c.j     pc - 8
core   0: 3 0x8000a41a (0xbfe5)
core   0: 0x8000a412 (0x00006f17) auipc   t5, 0x6
core   0: 3 0x8000a412 (0x00006f17) x30 0x80010412
core   0: 0x8000a416 (0xbe3f2723) sw      gp, -1042(t5)
core   0: 3 0x8000a416 (0xbe3f2723) mem 0x80010000 0x00000001
core   0: 0x8000a41a (0x0000bfe5) c.j     pc - 8
core   0: 3 0x8000a41a (0xbfe5)
core   0: 0x8000a412 (0x00006f17) auipc   t5, 0x6
core   0: 3 0x8000a412 (0x00006f17) x30 0x80010412
core   0: 0x8000a416 (0xbe3f2723) sw      gp, -1042(t5)
core   0: 3 0x8000a416 (0xbe3f2723) mem 0x80010000 0x00000001
core   0: 0x8000a41a (0x0000bfe5) c.j     pc - 8
core   0: 3 0x8000a41a (0xbfe5)
core   0: 0x8000a412 (0x00006f17) auipc   t5, 0x6
core   0: 3 0x8000a412 (0x00006f17) x30 0x80010412
core   0: 0x8000a416 (0xbe3f2723) sw      gp, -1042(t5)
core   0: 3 0x8000a416 (0xbe3f2723) mem 0x80010000 0x00000001
