core   0: 0x00001000 (0x00000297) auipc   t0, 0x0
core   0: 3 0x00001000 (0x00000297) x5  0x00001000
core   0: 0x00001004 (0x02028593) addi    a1, t0, 32
core   0: 3 0x00001004 (0x02028593) x11 0x00001020
core   0: 0x00001008 (0xf1402573) csrr    a0, mhartid
core   0: 3 0x00001008 (0xf1402573) x10 0x00000000
core   0: 0x0000100c (0x0182a283) lw      t0, 24(t0)
core   0: 3 0x0000100c (0x0182a283) x5  0x80000000 mem 0x00001018
core   0: 0x00001010 (0x00028067) jr      t0
core   0: 3 0x00001010 (0x00028067)
core   0: 0x80000000 (0xf14022f3) csrr    t0, mhartid
core   0: 3 0x80000000 (0xf14022f3) x5  0x00000000
core   0: 0x80000004 (0x00004301) c.li    t1, 0
core   0: 3 0x80000004 (0x4301) x6  0x00000000
core   0: 0x80000006 (0x00628263) beq     t0, t1, pc + 4
core   0: 3 0x80000006 (0x00628263)
core   0: 0x8000000a (0x00000297) auipc   t0, 0x0
core   0: 3 0x8000000a (0x00000297) x5  0x8000000a
core   0: 0x8000000e (0x00c28293) addi    t0, t0, 12
core   0: 3 0x8000000e (0x00c28293) x5  0x80000016
core   0: 0x80000012 (0x00028067) jr      t0
core   0: 3 0x80000012 (0x00028067)
core   0: 0x80000016 (0x400013b7) lui     t2, 0x40001
core   0: 3 0x80000016 (0x400013b7) x7  0x40001000
core   0: 0x8000001a (0x10538393) addi    t2, t2, 261
core   0: 3 0x8000001a (0x10538393) x7  0x40001105
core   0: 0x8000001e (0x30139073) csrw    misa, t2
core   0: 3 0x8000001e (0x30139073) c769_misa 0x40141105
core   0: 0x80000022 (0x0002af17) auipc   t5, 0x2a
core   0: 3 0x80000022 (0x0002af17) x30 0x8002a022
core   0: 0x80000026 (0xd02f0f13) addi    t5, t5, -766
core   0: 3 0x80000026 (0xd02f0f13) x30 0x80029d24
core   0: 0x8000002a (0x0000b397) auipc   t2, 0xb
core   0: 3 0x8000002a (0x0000b397) x7  0x8000b02a
core   0: 0x8000002e (0x4d238393) addi    t2, t2, 1234
core   0: 3 0x8000002e (0x4d238393) x7  0x8000b4fc
core   0: 0x80000032 (0x0003e393) ori     t2, t2, 0
core   0: 3 0x80000032 (0x0003e393) x7  0x8000b4fc
core   0: 0x80000036 (0x30539073) csrw    mtvec, t2
core   0: 3 0x80000036 (0x30539073) c773_mtvec 0x8000b4fc
core   0: 0x8000003a (0x00000397) auipc   t2, 0x0
core   0: 3 0x8000003a (0x00000397) x7  0x8000003a
core   0: 0x8000003e (0x02238393) addi    t2, t2, 34
core   0: 3 0x8000003e (0x02238393) x7  0x8000005c
core   0: 0x80000042 (0x34139073) csrw    mepc, t2
core   0: 3 0x80000042 (0x34139073) c833_mepc 0x8000005c
core   0: 0x80000046 (0x00000001) c.nop
core   0: 3 0x80000046 (0x0001)
core   0: 0x80000048 (0x00006389) c.lui   t2, 0x2
core   0: 3 0x80000048 (0x6389) x7  0x00002000
core   0: 0x8000004a (0x80038393) addi    t2, t2, -2048
core   0: 3 0x8000004a (0x80038393) x7  0x00001800
core   0: 0x8000004e (0x30039073) csrw    mstatus, t2
core   0: 3 0x8000004e (0x30039073) c768_mstatus 0x00001800
core   0: 0x80000052 (0x00004381) c.li    t2, 0
core   0: 3 0x80000052 (0x4381) x7  0x00000000
core   0: 0x80000054 (0x30439073) csrw    mie, t2
core   0: 3 0x80000054 (0x30439073) c772_mie 0x00000000
core   0: 0x80000058 (0x30200073) mret
core   0: 3 0x80000058 (0x30200073) c784_mstatush 0x00000000 c768_mstatus 0x00000080
core   0: >>>>  init
core   0: 0x8000005c (0xf17fb037) lui     zero, 0xf17fb
core   0: 3 0x8000005c (0xf17fb037)
core   0: 0x80000060 (0x42200013) li      zero, 1058
core   0: 3 0x80000060 (0x42200013)
core   0: 0x80000064 (0x800000b7) lui     ra, 0x80000
core   0: 3 0x80000064 (0x800000b7) x1  0x80000000
core   0: 0x80000068 (0x80000137) lui     sp, 0x80000
core   0: 3 0x80000068 (0x80000137) x2  0x80000000
core   0: 0x8000006c (0x00004181) c.li    gp, 0
core   0: 3 0x8000006c (0x4181) x3  0x00000000
core   0: 0x8000006e (0xf02f4237) lui     tp, 0xf02f4
core   0: 3 0x8000006e (0xf02f4237) x4  0xf02f4000
core   0: 0x80000072 (0x3e020213) addi    tp, tp, 992
core   0: 3 0x80000072 (0x3e020213) x4  0xf02f43e0
core   0: 0x80000076 (0xf57d92b7) lui     t0, 0xf57d9
core   0: 3 0x80000076 (0xf57d92b7) x5  0xf57d9000
core   0: 0x8000007a (0xa0a28293) addi    t0, t0, -1526
core   0: 3 0x8000007a (0xa0a28293) x5  0xf57d8a0a
core   0: 0x8000007e (0x80000337) lui     t1, 0x80000
core   0: 3 0x8000007e (0x80000337) x6  0x80000000
core   0: 0x80000082 (0xf69d33b7) lui     t2, 0xf69d3
core   0: 3 0x80000082 (0xf69d33b7) x7  0xf69d3000
core   0: 0x80000086 (0xb0d38393) addi    t2, t2, -1267
core   0: 3 0x80000086 (0xb0d38393) x7  0xf69d2b0d
core   0: 0x8000008a (0x00004401) c.li    s0, 0
core   0: 3 0x8000008a (0x4401) x8  0x00000000
core   0: 0x8000008c (0x800004b7) lui     s1, 0x80000
core   0: 3 0x8000008c (0x800004b7) x9  0x80000000
core   0: 0x80000090 (0xf235d537) lui     a0, 0xf235d
core   0: 3 0x80000090 (0xf235d537) x10 0xf235d000
core   0: 0x80000094 (0x90450513) addi    a0, a0, -1788
core   0: 3 0x80000094 (0x90450513) x10 0xf235c904
core   0: 0x80000098 (0x800005b7) lui     a1, 0x80000
core   0: 3 0x80000098 (0x800005b7) x11 0x80000000
core   0: 0x8000009c (0x00004621) c.li    a2, 8
core   0: 3 0x8000009c (0x4621) x12 0x00000008
core   0: 0x8000009e (0x800006b7) lui     a3, 0x80000
core   0: 3 0x8000009e (0x800006b7) x13 0x80000000
core   0: 0x800000a2 (0x00004729) c.li    a4, 10
core   0: 3 0x800000a2 (0x4729) x14 0x0000000a
core   0: 0x800000a4 (0xecae47b7) lui     a5, 0xecae4
core   0: 3 0x800000a4 (0xecae47b7) x15 0xecae4000
core   0: 0x800000a8 (0x8e978793) addi    a5, a5, -1815
core   0: 3 0x800000a8 (0x8e978793) x15 0xecae38e9
core   0: 0x800000ac (0x80000837) lui     a6, 0x80000
core   0: 3 0x800000ac (0x80000837) x16 0x80000000
core   0: 0x800000b0 (0xf6abb8b7) lui     a7, 0xf6abb
core   0: 3 0x800000b0 (0xf6abb8b7) x17 0xf6abb000
core   0: 0x800000b4 (0xd6d88893) addi    a7, a7, -659
core   0: 3 0x800000b4 (0xd6d88893) x17 0xf6abad6d
core   0: 0x800000b8 (0x077ad937) lui     s2, 0x77ad
core   0: 3 0x800000b8 (0x077ad937) x18 0x077ad000
core   0: 0x800000bc (0x30e90913) addi    s2, s2, 782
core   0: 3 0x800000bc (0x30e90913) x18 0x077ad30e
core   0: 0x800000c0 (0xa90d79b7) lui     s3, 0xa90d7
core   0: 3 0x800000c0 (0xa90d79b7) x19 0xa90d7000
core   0: 0x800000c4 (0x66298993) addi    s3, s3, 1634
core   0: 3 0x800000c4 (0x66298993) x19 0xa90d7662
core   0: 0x800000c8 (0xf7197a37) lui     s4, 0xf7197
core   0: 3 0x800000c8 (0xf7197a37) x20 0xf7197000
core   0: 0x800000cc (0x80ea0a13) addi    s4, s4, -2034
core   0: 3 0x800000cc (0x80ea0a13) x20 0xf719680e
core   0: 0x800000d0 (0x80000ab7) lui     s5, 0x80000
core   0: 3 0x800000d0 (0x80000ab7) x21 0x80000000
core   0: 0x800000d4 (0xf341eb37) lui     s6, 0xf341e
core   0: 3 0x800000d4 (0xf341eb37) x22 0xf341e000
core   0: 0x800000d8 (0x8a6b0b13) addi    s6, s6, -1882
core   0: 3 0x800000d8 (0x8a6b0b13) x22 0xf341d8a6
core   0: 0x800000dc (0x00004c01) c.li    s8, 0
core   0: 3 0x800000dc (0x4c01) x24 0x00000000
core   0: 0x800000de (0x80000cb7) lui     s9, 0x80000
core   0: 3 0x800000de (0x80000cb7) x25 0x80000000
core   0: 0x800000e2 (0x00004d05) c.li    s10, 1
core   0: 3 0x800000e2 (0x4d05) x26 0x00000001
core   0: 0x800000e4 (0x00004d81) c.li    s11, 0
core   0: 3 0x800000e4 (0x4d81) x27 0x00000000
core   0: 0x800000e6 (0x00004e1d) c.li    t3, 7
core   0: 3 0x800000e6 (0x4e1d) x28 0x00000007
core   0: 0x800000e8 (0xf613feb7) lui     t4, 0xf613f
core   0: 3 0x800000e8 (0xf613feb7) x29 0xf613f000
core   0: 0x800000ec (0x16ce8e93) addi    t4, t4, 364
core   0: 3 0x800000ec (0x16ce8e93) x29 0xf613f16c
core   0: 0x800000f0 (0xfddfefb7) lui     t6, 0xfddfe
core   0: 3 0x800000f0 (0xfddfefb7) x31 0xfddfe000
core   0: 0x800000f4 (0x29bf8f93) addi    t6, t6, 667
core   0: 3 0x800000f4 (0x29bf8f93) x31 0xfddfe29b
core   0: 0x800000f8 (0x00026b97) auipc   s7, 0x26
core   0: 3 0x800000f8 (0x00026b97) x23 0x800260f8
core   0: 0x800000fc (0xdacb8b93) addi    s7, s7, -596
core   0: 3 0x800000fc (0xdacb8b93) x23 0x80025ea4
core   0: 0x80000100 (0x00011917) auipc   s2, 0x11
core   0: 3 0x80000100 (0x00011917) x18 0x80011100
core   0: 0x80000104 (0xe8c90913) addi    s2, s2, -372
core   0: 3 0x80000104 (0xe8c90913) x18 0x80010f8c
core   0: 0x80000108 (0x007e5fb3) srl     t6, t3, t2
core   0: 3 0x80000108 (0x007e5fb3) x31 0x00000000
core   0: 0x8000010c (0x0000100f) fence.i
core   0: 3 0x8000010c (0x0000100f)
core   0: 0x80000110 (0xff190103) lb      sp, -15(s2)
core   0: 3 0x80000110 (0xff190103) x2  0x00000036 mem 0x80010f7d
core   0: 0x80000114 (0xff090483) lb      s1, -16(s2)
core   0: 3 0x80000114 (0xff090483) x9  0x00000037 mem 0x80010f7c
core   0: 0x80000118 (0x00e91123) sh      a4, 2(s2)
core   0: 3 0x80000118 (0x00e91123) mem 0x80010f8e 0x000a
core   0: 0x8000011c (0x01a95383) lhu     t2, 26(s2)
core   0: 3 0x8000011c (0x01a95383) x7  0x00005c5d mem 0x80010fa6
core   0: 0x80000120 (0x02c2e7b3) rem     a5, t0, a2
core   0: 3 0x80000120 (0x02c2e7b3) x15 0xfffffffa
core   0: 0x80000124 (0x03694f83) lbu     t6, 54(s2)
core   0: 3 0x80000124 (0x03694f83) x31 0x00000079 mem 0x80010fc2
core   0: 0x80000128 (0x340ff473) csrrci  s0, mscratch, 31
core   0: 3 0x80000128 (0x340ff473) x8  0x00000000 c832_mscratch 0x00000000
core   0: 0x8000012c (0x01e91b23) sh      t5, 22(s2)
core   0: 3 0x8000012c (0x01e91b23) mem 0x80010fa2 0x9d24
core   0: 0x80000130 (0x02b90183) lb      gp, 43(s2)
core   0: 3 0x80000130 (0x02b90183) x3  0x0000006c mem 0x80010fb7
core   0: 0x80000134 (0x00006e45) c.lui   t3, 0x11
core   0: 3 0x80000134 (0x6e45) x28 0x00011000
core   0: 0x80000136 (0x03b90683) lb      a3, 59(s2)
core   0: 3 0x80000136 (0x03b90683) x13 0x0000007c mem 0x80010fc7
core   0: 0x8000013a (0x00008365) c.srli  a4, 25
core   0: 3 0x8000013a (0x8365) x14 0x00000000
core   0: 0x8000013c (0x00000d76) c.slli  s10, 29
core   0: 3 0x8000013c (0x0d76) x26 0x20000000
core   0: 0x8000013e (0x00e91103) lh      sp, 14(s2)
core   0: 3 0x8000013e (0x00e91103) x2  0x00005051 mem 0x80010f9a
core   0: 0x80000142 (0x021908a3) sb      ra, 49(s2)
core   0: 3 0x80000142 (0x021908a3) mem 0x80010fbd 0x00
core   0: 0x80000146 (0xfe094683) lbu     a3, -32(s2)
core   0: 3 0x80000146 (0xfe094683) x13 0x00000027 mem 0x80010f6c
core   0: 0x8000014a (0x03fec5b3) div     a1, t4, t6
core   0: 3 0x8000014a (0x03fec5b3) x11 0xffeb01ff
core   0: 0x8000014e (0xfe590b23) sb      t0, -10(s2)
core   0: 3 0x8000014e (0xfe590b23) mem 0x80010f82 0x0a
core   0: 0x80000152 (0x00190d83) lb      s11, 1(s2)
core   0: 3 0x80000152 (0x00190d83) x27 0x00000046 mem 0x80010f8d
core   0: 0x80000156 (0xfe694b03) lbu     s6, -26(s2)
core   0: 3 0x80000156 (0xfe694b03) x22 0x00000029 mem 0x80010f72
core   0: 0x8000015a (0xffd90d03) lb      s10, -3(s2)
core   0: 3 0x8000015a (0xffd90d03) x26 0x00000042 mem 0x80010f89
core   0: 0x8000015e (0x02892083) lw      ra, 40(s2)
core   0: 3 0x8000015e (0x02892083) x1  0x6c6d6e6f mem 0x80010fb4
core   0: 0x80000162 (0x000089a6) c.mv    s3, s1
core   0: 3 0x80000162 (0x89a6) x19 0x00000037
core   0: 0x80000164 (0x340035f3) csrrc   a1, mscratch, zero
core   0: 3 0x80000164 (0x340035f3) x11 0x00000000
core   0: 0x80000168 (0x1f2d8193) addi    gp, s11, 498
core   0: 3 0x80000168 (0x1f2d8193) x3  0x00000238
core   0: 0x8000016c (0x00000e08) c.addi4spn a0, sp, 784
core   0: 3 0x8000016c (0x0e08) x10 0x00005361
core   0: 0x8000016e (0xa7816a93) ori     s5, sp, -1416
core   0: 3 0x8000016e (0xa7816a93) x21 0xfffffa79
core   0: 0x80000172 (0x0318a9b3) mulhsu  s3, a7, a7
core   0: 3 0x80000172 (0x0318a9b3) x19 0xf702b701
core   0: 0x80000176 (0xfdf90523) sb      t6, -54(s2)
core   0: 3 0x80000176 (0xfdf90523) mem 0x80010f56 0x79
core   0: 0x8000017a (0x01394883) lbu     a7, 19(s2)
core   0: 3 0x8000017a (0x01394883) x17 0x00000054 mem 0x80010f9f
core   0: 0x8000017e (0x001c35b3) sltu    a1, s8, ra
core   0: 3 0x8000017e (0x001c35b3) x11 0x00000001
core   0: 0x80000182 (0xfea95a03) lhu     s4, -22(s2)
core   0: 3 0x80000182 (0xfea95a03) x20 0x00002c2d mem 0x80010f76
core   0: 0x80000186 (0xfcc90ba3) sb      a2, -41(s2)
core   0: 3 0x80000186 (0xfcc90ba3) mem 0x80010f63 0x08
core   0: 0x8000018a (0x0000717d) c.addi16sp sp, -16
core   0: 3 0x8000018a (0x717d) x2  0x00005041
core   0: 0x8000018c (0x5255e393) ori     t2, a1, 1317
core   0: 3 0x8000018c (0x5255e393) x7  0x00000525
core   0: 0x80000190 (0x03190ba3) sb      a7, 55(s2)
core   0: 3 0x80000190 (0x03190ba3) mem 0x80010fc3 0x54
core   0: 0x80000194 (0x02a94083) lbu     ra, 42(s2)
core   0: 3 0x80000194 (0x02a94083) x1  0x0000006d mem 0x80010fb6
core   0: 0x80000198 (0x00012817) auipc   a6, 0x12
core   0: 3 0x80000198 (0x00012817) x16 0x80012198
core   0: 0x8000019c (0x40d80813) addi    a6, a6, 1037
core   0: 3 0x8000019c (0x40d80813) x16 0x800125a5
core   0: 0x800001a0 (0x00a1f1b3) and     gp, gp, a0
core   0: 3 0x800001a0 (0x00a1f1b3) x3  0x00000220
core   0: 0x800001a4 (0x15985183) lhu     gp, 345(a6)
core   0: 3 0x800001a4 (0x15985183) x3  0x0000b4b5 mem 0x800126fe
core   0: 0x800001a8 (0x000045f9) c.li    a1, 30
core   0: 3 0x800001a8 (0x45f9) x11 0x0000001e
core   0: 0x800001aa (0x2c38f613) andi    a2, a7, 707
core   0: 3 0x800001aa (0x2c38f613) x12 0x00000040
core   0: 0x800001ae (0x000080ae) c.mv    ra, a1
core   0: 3 0x800001ae (0x80ae) x1  0x0000001e
core   0: 0x800001b0 (0x021997b3) mulh    a5, s3, ra
core   0: 3 0x800001b0 (0x021997b3) x15 0xfffffffe
core   0: 0x800001b4 (0xbb54aa93) slti    s5, s1, -1099
core   0: 3 0x800001b4 (0xbb54aa93) x21 0x00000000
core   0: 0x800001b8 (0x92180c23) sb      ra, -1736(a6)
core   0: 3 0x800001b8 (0x92180c23) mem 0x80011edd 0x1e
core   0: 0x800001bc (0x7bb85683) lhu     a3, 1979(a6)
core   0: 3 0x800001bc (0x7bb85683) x13 0x00001a1b mem 0x80012d60
core   0: 0x800001c0 (0xf0781fa3) sh      t2, -225(a6)
core   0: 3 0x800001c0 (0xf0781fa3) mem 0x800124c4 0x0525
core   0: 0x800001c4 (0x1fc84a03) lbu     s4, 508(a6)
core   0: 3 0x800001c4 (0x1fc84a03) x20 0x0000005a mem 0x800127a1
core   0: 0x800001c8 (0x1c381d83) lh      s11, 451(a6)
core   0: 3 0x800001c8 (0x1c381d83) x27 0x00002223 mem 0x80012768
core   0: 0x800001cc (0x4fb80e23) sb      s11, 1276(a6)
core   0: 3 0x800001cc (0x4fb80e23) mem 0x80012aa1 0x23
core   0: 0x800001d0 (0x34011073) csrw    mscratch, sp
core   0: 3 0x800001d0 (0x34011073) c832_mscratch 0x00005041
core   0: 0x800001d4 (0x013fba33) sltu    s4, t6, s3
core   0: 3 0x800001d4 (0x013fba33) x20 0x00000001
core   0: 0x800001d8 (0x0000100f) fence.i
core   0: 3 0x800001d8 (0x0000100f)
core   0: 0x800001dc (0x69b80203) lb      tp, 1691(a6)
core   0: 3 0x800001dc (0x69b80203) x4  0xfffffffb mem 0x80012c40
core   0: 0x800001e0 (0x3a585f83) lhu     t6, 933(a6)
core   0: 3 0x800001e0 (0x3a585f83) x31 0x00000001 mem 0x8001294a
core   0: 0x800001e4 (0x026053b3) divu    t2, zero, t1
core   0: 3 0x800001e4 (0x026053b3) x7  0x00000000
core   0: 0x800001e8 (0x00009cfa) c.add   s9, t5
core   0: 3 0x800001e8 (0x9cfa) x25 0x00029d24
core   0: 0x800001ea (0x83384c83) lbu     s9, -1997(a6)
core   0: 3 0x800001ea (0x83384c83) x25 0x00000093 mem 0x80011dd8
core   0: 0x800001ee (0x0000987d) c.andi  s0, -1
core   0: 3 0x800001ee (0x987d) x8  0x00000000
core   0: 0x800001f0 (0x0189d233) srl     tp, s3, s8
core   0: 3 0x800001f0 (0x0189d233) x4  0xf702b701
core   0: 0x800001f4 (0x83f80c83) lb      s9, -1985(a6)
core   0: 3 0x800001f4 (0x83f80c83) x25 0xffffff9f mem 0x80011de4
core   0: 0x800001f8 (0x4a784103) lbu     sp, 1191(a6)
core   0: 3 0x800001f8 (0x4a784103) x2  0x00000007 mem 0x80012a4c
core   0: 0x800001fc (0x00000001) c.nop
core   0: 3 0x800001fc (0x0001)
core   0: 0x800001fe (0x39880583) lb      a1, 920(a6)
core   0: 3 0x800001fe (0x39880583) x11 0xfffffff6 mem 0x8001293d
core   0: 0x80000202 (0xd9185183) lhu     gp, -623(a6)
core   0: 3 0x80000202 (0xd9185183) x3  0x0000eced mem 0x80012336
core   0: 0x80000206 (0x34007df3) csrrci  s11, mscratch, 0
core   0: 3 0x80000206 (0x34007df3) x27 0x00005041
core   0: 0x8000020a (0xfe581c83) lh      s9, -27(a6)
core   0: 3 0x8000020a (0xfe581c83) x25 0x00004041 mem 0x8001258a
core   0: 0x8000020e (0x00015817) auipc   a6, 0x15
core   0: 3 0x8000020e (0x00015817) x16 0x8001520e
core   0: 0x80000212 (0xc9380813) addi    a6, a6, -877
core   0: 3 0x80000212 (0xc9380813) x16 0x80014ea1
core   0: 0x80000216 (0xba280a03) lb      s4, -1118(a6)
core   0: 3 0x80000216 (0xba280a03) x20 0xfffffff8 mem 0x80014a43
core   0: 0x8000021a (0x00009b7d) c.andi  a4, -1
core   0: 3 0x8000021a (0x9b7d) x14 0x00000000
core   0: 0x8000021c (0x408d0333) sub     t1, s10, s0
core   0: 3 0x8000021c (0x408d0333) x6  0x00000042
core   0: 0x80000220 (0x0000517d) c.li    sp, -1
core   0: 3 0x80000220 (0x517d) x2  0xffffffff
core   0: 0x80000222 (0x519811a3) sh      s9, 1283(a6)
core   0: 3 0x80000222 (0x519811a3) mem 0x800153a4 0x4041
core   0: 0x80000226 (0xca780c23) sb      t2, -840(a6)
core   0: 3 0x80000226 (0xca780c23) mem 0x80014b59 0x00
core   0: 0x8000022a (0x340e77f3) csrrci  a5, mscratch, 28
core   0: 3 0x8000022a (0x340e77f3) x15 0x00005041 c832_mscratch 0x00005041
core   0: 0x8000022e (0x90184203) lbu     tp, -1791(a6)
core   0: 3 0x8000022e (0x90184203) x4  0x00000059 mem 0x800147a2
core   0: 0x80000232 (0x0000100f) fence.i
core   0: 3 0x80000232 (0x0000100f)
core   0: 0x80000236 (0xc1c80c03) lb      s8, -996(a6)
core   0: 3 0x80000236 (0xc1c80c03) x24 0x00000076 mem 0x80014abd
core   0: 0x8000023a (0x036fe333) rem     t1, t6, s6
core   0: 3 0x8000023a (0x036fe333) x6  0x00000001
core   0: 0x8000023e (0x76a80b03) lb      s6, 1898(a6)
core   0: 3 0x8000023e (0x76a80b03) x22 0xffffffc0 mem 0x8001560b
core   0: 0x80000242 (0x03928eb3) mul     t4, t0, s9
core   0: 3 0x80000242 (0x03928eb3) x29 0xb7628c8a
core   0: 0x80000246 (0x34096773) csrrsi  a4, mscratch, 18
core   0: 3 0x80000246 (0x34096773) x14 0x00005041 c832_mscratch 0x00005053
core   0: 0x8000024a (0x00009dba) c.add   s11, a4
core   0: 3 0x8000024a (0x9dba) x27 0x0000a082
core   0: 0x8000024c (0xa4180d23) sb      ra, -1446(a6)
core   0: 3 0x8000024c (0xa4180d23) mem 0x800148fb 0x1e
core   0: 0x80000250 (0x4f880f83) lb      t6, 1272(a6)
core   0: 3 0x80000250 (0x4f880f83) x31 0x00000052 mem 0x80015399
core   0: 0x80000254 (0x00000a6a) c.slli  s4, 26
core   0: 3 0x80000254 (0x0a6a) x20 0xe0000000
core   0: 0x80000256 (0xec981703) lh      a4, -311(a6)
core   0: 3 0x80000256 (0xec981703) x14 0x00002021 mem 0x80014d6a
core   0: 0x8000025a (0x01d1b3b3) sltu    t2, gp, t4
core   0: 3 0x8000025a (0x01d1b3b3) x7  0x00000001
core   0: 0x8000025e (0x0000009a) c.slli  ra, 6
core   0: 3 0x8000025e (0x009a) x1  0x00000780
core   0: 0x80000260 (0x01ac9513) slli    a0, s9, 26
core   0: 3 0x80000260 (0x01ac9513) x10 0x04000000
core   0: 0x80000264 (0x00008c21) c.xor   s0, s0
core   0: 3 0x80000264 (0x8c21) x8  0x00000000
core   0: 0x80000266 (0x00008d5d) c.or    a0, a5
core   0: 3 0x80000266 (0x8d5d) x10 0x04005041
core   0: 0x80000268 (0x57e80003) lb      zero, 1406(a6)
core   0: 3 0x80000268 (0x57e80003) mem 0x8001541f
core   0: 0x8000026c (0x68084d03) lbu     s10, 1664(a6)
core   0: 3 0x8000026c (0x68084d03) x26 0x000000da mem 0x80015521
core   0: 0x80000270 (0x00013097) auipc   ra, 0x13
core   0: 3 0x80000270 (0x00013097) x1  0x80013270
core   0: 0x80000274 (0x27d08093) addi    ra, ra, 637
core   0: 3 0x80000274 (0x27d08093) x1  0x800134ed
core   0: 0x80000278 (0x00000001) c.nop
core   0: 3 0x80000278 (0x0001)
core   0: 0x8000027a (0x018f0633) add     a2, t5, s8
core   0: 3 0x8000027a (0x018f0633) x12 0x80029d9a
core   0: 0x8000027e (0xff30a483) lw      s1, -13(ra)
core   0: 3 0x8000027e (0xff30a483) x9  0x98999a9b mem 0x800134e0
core   0: 0x80000282 (0x03469d33) mulh    s10, a3, s4
core   0: 3 0x80000282 (0x03469d33) x26 0xfffffcbc
core   0: 0x80000286 (0xff408e23) sb      s4, -4(ra)
core   0: 3 0x80000286 (0xff408e23) mem 0x800134e9 0x00
core   0: 0x8000028a (0x01b0a5a3) sw      s11, 11(ra)
core   0: 3 0x8000028a (0x01b0a5a3) mem 0x800134f8 0x0000a082
core   0: 0x8000028e (0x40f4d6b3) sra     a3, s1, a5
core   0: 3 0x8000028e (0x40f4d6b3) x13 0xcc4ccd4d
core   0: 0x80000292 (0x00009dde) c.add   s11, s7
core   0: 3 0x80000292 (0x9dde) x27 0x8002ff26
core   0: 0x80000294 (0xfeb09ca3) sh      a1, -7(ra)
core   0: 3 0x80000294 (0xfeb09ca3) mem 0x800134e6 0xfff6
core   0: 0x80000298 (0x40945513) srai    a0, s0, 9
core   0: 3 0x80000298 (0x40945513) x10 0x00000000
core   0: 0x8000029c (0xff808103) lb      sp, -8(ra)
core   0: 3 0x8000029c (0xff808103) x2  0xffffff9e mem 0x800134e5
core   0: 0x800002a0 (0x0070ae03) lw      t3, 7(ra)
core   0: 3 0x800002a0 (0x0070ae03) x28 0xacadaeaf mem 0x800134f4
core   0: 0x800002a4 (0x01208523) sb      s2, 10(ra)
core   0: 3 0x800002a4 (0x01208523) mem 0x800134f7 0x8c
core   0: 0x800002a8 (0x57cf3313) sltiu   t1, t5, 1404
core   0: 3 0x800002a8 (0x57cf3313) x6  0x00000000
core   0: 0x800002ac (0x00f0c803) lbu     a6, 15(ra)
core   0: 3 0x800002ac (0x00f0c803) x16 0x000000b7 mem 0x800134fc
core   0: 0x800002b0 (0xfeb09ca3) sh      a1, -7(ra)
core   0: 3 0x800002b0 (0xfeb09ca3) mem 0x800134e6 0xfff6
core   0: 0x800002b4 (0xff208e03) lb      t3, -14(ra)
core   0: 3 0x800002b4 (0xff208e03) x28 0xffffff94 mem 0x800134df
core   0: 0x800002b8 (0xf3483913) sltiu   s2, a6, -204
core   0: 3 0x800002b8 (0xf3483913) x18 0x00000001
core   0: 0x800002bc (0x0140a1a3) sw      s4, 3(ra)
core   0: 3 0x800002bc (0x0140a1a3) mem 0x800134f0 0xe0000000
core   0: 0x800002c0 (0xff30a003) lw      zero, -13(ra)
core   0: 3 0x800002c0 (0xff30a003) mem 0x800134e0
core   0: 0x800002c4 (0x936a2d13) slti    s10, s4, -1738
core   0: 3 0x800002c4 (0x936a2d13) x26 0x00000001
core   0: 0x800002c8 (0xff608e83) lb      t4, -10(ra)
core   0: 3 0x800002c8 (0xff608e83) x29 0xffffff98 mem 0x800134e3
core   0: 0x800002cc (0x00000001) c.nop
core   0: 3 0x800002cc (0x0001)
core   0: 0x800002ce (0x00008d91) c.sub   a1, a2
core   0: 3 0x800002ce (0x8d91) x11 0x7ffd625c
core   0: 0x800002d0 (0xff90d483) lhu     s1, -7(ra)
core   0: 3 0x800002d0 (0xff90d483) x9  0x0000fff6 mem 0x800134e6
core   0: 0x800002d4 (0x0090db03) lhu     s6, 9(ra)
core   0: 3 0x800002d4 (0x0090db03) x22 0x00008cad mem 0x800134f6
core   0: 0x800002d8 (0x01d097a3) sh      t4, 15(ra)
core   0: 3 0x800002d8 (0x01d097a3) mem 0x800134fc 0xff98
core   0: 0x800002dc (0xfea098a3) sh      a0, -15(ra)
core   0: 3 0x800002dc (0xfea098a3) mem 0x800134de 0x0000
core   0: 0x800002e0 (0xffb0c483) lbu     s1, -5(ra)
core   0: 3 0x800002e0 (0xffb0c483) x9  0x000000a3 mem 0x800134e8
core   0: 0x800002e4 (0x00010897) auipc   a7, 0x10
core   0: 3 0x800002e4 (0x00010897) x17 0x800102e4
core   0: 0x800002e8 (0x43f88893) addi    a7, a7, 1087
core   0: 3 0x800002e8 (0x43f88893) x17 0x80010723
core   0: 0x800002ec (0x406889a3) sb      t1, 1043(a7)
core   0: 3 0x800002ec (0x406889a3) mem 0x80010b36 0x00
core   0: 0x800002f0 (0x0000100f) fence.i
core   0: 3 0x800002f0 (0x0000100f)
core   0: 0x800002f4 (0xadf8a6a3) sw      t6, -1331(a7)
core   0: 3 0x800002f4 (0xadf8a6a3) mem 0x800101f0 0x00000052
core   0: 0x800002f8 (0xcf08cb03) lbu     s6, -784(a7)
core   0: 3 0x800002f8 (0xcf08cb03) x22 0x000000c8 mem 0x80010413
core   0: 0x800002fc (0xc0b88123) sb      a1, -1022(a7)
core   0: 3 0x800002fc (0xc0b88123) mem 0x80010325 0x5c
core   0: 0x80000300 (0x59688783) lb      a5, 1430(a7)
core   0: 3 0x80000300 (0x59688783) x15 0x00000072 mem 0x80010cb9
core   0: 0x80000304 (0xe458a603) lw      a2, -443(a7)
core   0: 3 0x80000304 (0xe458a603) x12 0x20212223 mem 0x80010568
core   0: 0x80000308 (0x6238cb03) lbu     s6, 1571(a7)
core   0: 3 0x80000308 (0x6238cb03) x22 0x000000fd mem 0x80010d46
core   0: 0x8000030c (0x0f288b23) sb      s2, 246(a7)
core   0: 3 0x8000030c (0x0f288b23) mem 0x80010819 0x01
core   0: 0x80000310 (0x0164ca33) xor     s4, s1, s6
core   0: 3 0x80000310 (0x0164ca33) x20 0x0000005e
core   0: 0x80000314 (0x9f6eff93) andi    t6, t4, -1546
core   0: 3 0x80000314 (0x9f6eff93) x31 0xfffff990
core   0: 0x80000318 (0x3401e173) csrrsi  sp, mscratch, 3
core   0: 3 0x80000318 (0x3401e173) x2  0x00005053 c832_mscratch 0x00005053
core   0: 0x8000031c (0xb568c083) lbu     ra, -1194(a7)
core   0: 3 0x8000031c (0xb568c083) x1  0x00000032 mem 0x80010279
core   0: 0x80000320 (0x9c088603) lb      a2, -1600(a7)
core   0: 3 0x80000320 (0x9c088603) x12 0xffffff98 mem 0x800100e3
core   0: 0x80000324 (0x00008d09) c.sub   a0, a0
core   0: 3 0x80000324 (0x8d09) x10 0x00000000
core   0: 0x80000326 (0x3402d9f3) csrrwi  s3, mscratch, 5
core   0: 3 0x80000326 (0x3402d9f3) x19 0x00005053 c832_mscratch 0x00000005
core   0: 0x8000032a (0xd6c88e03) lb      t3, -660(a7)
core   0: 3 0x8000032a (0xd6c88e03) x28 0x00000044 mem 0x8001048f
core   0: 0x8000032e (0x2b988c23) sb      s9, 696(a7)
core   0: 3 0x8000032e (0x2b988c23) mem 0x800109db 0x41
core   0: 0x80000332 (0x5918df83) lhu     t6, 1425(a7)
core   0: 3 0x80000332 (0x5918df83) x31 0x00006e6f mem 0x80010cb4
core   0: 0x80000336 (0xde189103) lh      sp, -543(a7)
core   0: 3 0x80000336 (0xde189103) x2  0xffffbebf mem 0x80010504
core   0: 0x8000033a (0x20d88083) lb      ra, 525(a7)
core   0: 3 0x8000033a (0x20d88083) x1  0xffffffeb mem 0x80010930
core   0: 0x8000033e (0xd3e8cc03) lbu     s8, -706(a7)
core   0: 3 0x8000033e (0xd3e8cc03) x24 0x0000001a mem 0x80010461
core   0: 0x80000342 (0x000161b3) or      gp, sp, zero
core   0: 3 0x80000342 (0x000161b3) x3  0xffffbebf
core   0: 0x80000346 (0x8cf16593) ori     a1, sp, -1841
core   0: 3 0x80000346 (0x8cf16593) x11 0xfffffeff
core   0: 0x8000034a (0x5978c303) lbu     t1, 1431(a7)
core   0: 3 0x8000034a (0x5978c303) x6  0x00000071 mem 0x80010cba
core   0: 0x8000034e (0x00001a7d) c.addi  s4, -1
core   0: 3 0x8000034e (0x1a7d) x20 0x0000005d
core   0: 0x80000350 (0x9428c203) lbu     tp, -1726(a7)
core   0: 3 0x80000350 (0x9428c203) x4  0x0000001e mem 0x80010065
core   0: 0x80000354 (0x55d8d983) lhu     s3, 1373(a7)
core   0: 3 0x80000354 (0x55d8d983) x19 0x00003a3b mem 0x80010c80
core   0: 0x80000358 (0x02845533) divu    a0, s0, s0
core   0: 3 0x80000358 (0x02845533) x10 0xffffffff
core   0: 0x8000035c (0x42088a83) lb      s5, 1056(a7)
core   0: 3 0x8000035c (0x42088a83) x21 0xfffffff8 mem 0x80010b43
core   0: 0x80000360 (0x01d71fb3) sll     t6, a4, t4
core   0: 3 0x80000360 (0x01d71fb3) x31 0x21000000
core   0: 0x80000364 (0x6618da03) lhu     s4, 1633(a7)
core   0: 3 0x80000364 (0x6618da03) x20 0x00003e3f mem 0x80010d84
core   0: 0x80000368 (0xe9d8c583) lbu     a1, -355(a7)
core   0: 3 0x80000368 (0xe9d8c583) x11 0x0000007b mem 0x800105c0
core   0: 0x8000036c (0x0dd6ea93) ori     s5, a3, 221
core   0: 3 0x8000036c (0x0dd6ea93) x21 0xcc4ccddd
core   0: 0x80000370 (0x71e88d03) lb      s10, 1822(a7)
core   0: 3 0x80000370 (0x71e88d03) x26 0xfffffffa mem 0x80010e41
core   0: 0x80000374 (0x2a888d23) sb      s0, 698(a7)
core   0: 3 0x80000374 (0x2a888d23) mem 0x800109dd 0x00
core   0: 0x80000378 (0x2778c603) lbu     a2, 631(a7)
core   0: 3 0x80000378 (0x2778c603) x12 0x00000051 mem 0x8001099a
core   0: 0x8000037c (0x00012f97) auipc   t6, 0x12
core   0: 3 0x8000037c (0x00012f97) x31 0x8001237c
core   0: 0x80000380 (0xc74f8f93) addi    t6, t6, -908
core   0: 3 0x80000380 (0xc74f8f93) x31 0x80011ff0
core   0: 0x80000384 (0x00ef9683) lh      a3, 14(t6)
core   0: 3 0x80000384 (0x00ef9683) x13 0xffffb4b5 mem 0x80011ffe
core   0: 0x80000388 (0x00000001) c.nop
core   0: 3 0x80000388 (0x0001)
core   0: 0x8000038a (0x01df8223) sb      t4, 4(t6)
core   0: 3 0x8000038a (0x01df8223) mem 0x80011ff4 0x98
core   0: 0x8000038e (0xffefde03) lhu     t3, -2(t6)
core   0: 3 0x8000038e (0xffefde03) x28 0x0000a4a5 mem 0x80011fee
core   0: 0x80000392 (0xffff8103) lb      sp, -1(t6)
core   0: 3 0x80000392 (0xffff8103) x2  0xffffffa4 mem 0x80011fef
core   0: 0x80000396 (0x0000859a) c.mv    a1, t1
core   0: 3 0x80000396 (0x859a) x11 0x00000071
core   0: 0x80000398 (0xff9f8683) lb      a3, -7(t6)
core   0: 3 0x80000398 (0xff9f8683) x13 0xffffffa2 mem 0x80011fe9
core   0: 0x8000039c (0x00005e7d) c.li    t3, -1
core   0: 3 0x8000039c (0x5e7d) x28 0xffffffff
core   0: 0x8000039e (0x01ec8e33) add     t3, s9, t5
core   0: 3 0x8000039e (0x01ec8e33) x28 0x8002dd65
core   0: 0x800003a2 (0x017f9623) sh      s7, 12(t6)
core   0: 3 0x800003a2 (0x017f9623) mem 0x80011ffc 0x5ea4
core   0: 0x800003a6 (0xffef8b03) lb      s6, -2(t6)
core   0: 3 0x800003a6 (0xffef8b03) x22 0xffffffa5 mem 0x80011fee
core   0: 0x800003aa (0x7c8d3637) lui     a2, 0x7c8d3
core   0: 3 0x800003aa (0x7c8d3637) x12 0x7c8d3000
core   0: 0x800003ae (0xffef8ba3) sb      t5, -9(t6)
core   0: 3 0x800003ae (0xffef8ba3) mem 0x80011fe7 0x24
core   0: 0x800003b2 (0x00000b84) c.addi4spn s1, sp, 464
core   0: 3 0x800003b2 (0x0b84) x9  0x00000174
core   0: 0x800003b4 (0x340b1c73) csrrw   s8, mscratch, s6
core   0: 3 0x800003b4 (0x340b1c73) x24 0x00000005 c832_mscratch 0xffffffa5
core   0: 0x800003b8 (0x00ad9e93) slli    t4, s11, 10
core   0: 3 0x800003b8 (0x00ad9e93) x29 0x0bfc9800
core   0: 0x800003bc (0x00bb1913) slli    s2, s6, 11
core   0: 3 0x800003bc (0x00bb1913) x18 0xfffd2800
core   0: 0x800003c0 (0xff9f8603) lb      a2, -7(t6)
core   0: 3 0x800003c0 (0xff9f8603) x12 0xffffffa2 mem 0x80011fe9
core   0: 0x800003c4 (0xffdf8fa3) sb      t4, -1(t6)
core   0: 3 0x800003c4 (0xffdf8fa3) mem 0x80011fef 0x00
core   0: 0x800003c8 (0xffaf8e83) lb      t4, -6(t6)
core   0: 3 0x800003c8 (0xffaf8e83) x29 0xffffffa1 mem 0x80011fea
core   0: 0x800003cc (0x030d03b3) mul     t2, s10, a6
core   0: 3 0x800003cc (0x030d03b3) x7  0xfffffbb6
core   0: 0x800003d0 (0xff0f8403) lb      s0, -16(t6)
core   0: 3 0x800003d0 (0xff0f8403) x8  0xffffff9b mem 0x80011fe0
core   0: 0x800003d4 (0x00008f45) c.or    a4, s1
core   0: 3 0x800003d4 (0x8f45) x14 0x00002175
core   0: 0x800003d6 (0x00ff3933) sltu    s2, t5, a5
core   0: 3 0x800003d6 (0x00ff3933) x18 0x00000000
core   0: 0x800003da (0x0000717d) c.addi16sp sp, -16
core   0: 3 0x800003da (0x717d) x2  0xffffff94
core   0: 0x800003dc (0x0000008e) c.slli  ra, 3
core   0: 3 0x800003dc (0x008e) x1  0xffffff58
core   0: 0x800003de (0xffbf8d03) lb      s10, -5(t6)
core   0: 3 0x800003de (0xffbf8d03) x26 0xffffffa0 mem 0x80011feb
core   0: 0x800003e2 (0xff3f8303) lb      t1, -13(t6)
core   0: 3 0x800003e2 (0xff3f8303) x6  0xffffff98 mem 0x80011fe3
core   0: 0x800003e6 (0x00bf8983) lb      s3, 11(t6)
core   0: 3 0x800003e6 (0x00bf8983) x19 0xffffffb0 mem 0x80011ffb
core   0: 0x800003ea (0x00008ddd) c.or    a1, a5
core   0: 3 0x800003ea (0x8ddd) x11 0x00000073
core   0: 0x800003ec (0xff5f8603) lb      a2, -11(t6)
core   0: 3 0x800003ec (0xff5f8603) x12 0xffffff9e mem 0x80011fe5
core   0: 0x800003f0 (0xff0f9203) lh      tp, -16(t6)
core   0: 3 0x800003f0 (0xff0f9203) x4  0xffff9a9b mem 0x80011fe0
core   0: 0x800003f4 (0x011f9323) sh      a7, 6(t6)
core   0: 3 0x800003f4 (0x011f9323) mem 0x80011ff6 0x0723
core   0: 0x800003f8 (0x00004db9) c.li    s11, 14
core   0: 3 0x800003f8 (0x4db9) x27 0x0000000e
core   0: 0x800003fa (0xff9fcc83) lbu     s9, -7(t6)
core   0: 3 0x800003fa (0xff9fcc83) x25 0x000000a2 mem 0x80011fe9
core   0: 0x800003fe (0x00010917) auipc   s2, 0x10
core   0: 3 0x800003fe (0x00010917) x18 0x800103fe
core   0: 0x80000402 (0x2c290913) addi    s2, s2, 706
core   0: 3 0x80000402 (0x2c290913) x18 0x800106c0
core   0: 0x80000406 (0x40fa81b3) sub     gp, s5, a5
core   0: 3 0x80000406 (0x40fa81b3) x3  0xcc4ccd6b
core   0: 0x8000040a (0x23891a03) lh      s4, 568(s2)
core   0: 3 0x8000040a (0x23891a03) x20 0xffffb2b3 mem 0x800108f8
core   0: 0x8000040e (0x56a53c37) lui     s8, 0x56a53
core   0: 3 0x8000040e (0x56a53c37) x24 0x56a53000
core   0: 0x80000412 (0x7a590523) sb      t0, 1962(s2)
core   0: 3 0x80000412 (0x7a590523) mem 0x80010e6a 0x0a
core   0: 0x80000416 (0x00008f09) c.sub   a4, a0
core   0: 3 0x80000416 (0x8f09) x14 0x00002176
core   0: 0x80000418 (0x7bb909a3) sb      s11, 1971(s2)
core   0: 3 0x80000418 (0x7bb909a3) mem 0x80010e73 0x0e
core   0: 0x8000041c (0xf3908493) addi    s1, ra, -199
core   0: 3 0x8000041c (0xf3908493) x9  0xfffffe91
core   0: 0x80000420 (0x02c5ecb3) rem     s9, a1, a2
core   0: 3 0x80000420 (0x02c5ecb3) x25 0x00000011
core   0: 0x80000424 (0x00000001) c.nop
core   0: 3 0x80000424 (0x0001)
core   0: 0x80000426 (0xa31900a3) sb      a7, -1503(s2)
core   0: 3 0x80000426 (0xa31900a3) mem 0x800100e1 0x23
core   0: 0x8000042a (0x00008171) c.srli  a0, 28
core   0: 3 0x8000042a (0x8171) x10 0x0000000f
core   0: 0x8000042c (0x54594b03) lbu     s6, 1349(s2)
core   0: 3 0x8000042c (0x54594b03) x22 0x000000be mem 0x80010c05
core   0: 0x80000430 (0x4ab90083) lb      ra, 1195(s2)
core   0: 3 0x80000430 (0x4ab90083) x1  0x00000020 mem 0x80010b6b
core   0: 0x80000434 (0x340067f3) csrrsi  a5, mscratch, 0
core   0: 3 0x80000434 (0x340067f3) x15 0xffffffa5
core   0: 0x80000438 (0x9b192c23) sw      a7, -1608(s2)
core   0: 3 0x80000438 (0x9b192c23) mem 0x80010078 0x80010723
core   0: 0x8000043c (0x6d285637) lui     a2, 0x6d285
core   0: 3 0x8000043c (0x6d285637) x12 0x6d285000
core   0: 0x80000440 (0x0e894483) lbu     s1, 232(s2)
core   0: 3 0x80000440 (0x0e894483) x9  0x00000063 mem 0x800107a8
core   0: 0x80000444 (0x0000717d) c.addi16sp sp, -16
core   0: 3 0x80000444 (0x717d) x2  0xffffff84
core   0: 0x80000446 (0x34006673) csrrsi  a2, mscratch, 0
core   0: 3 0x80000446 (0x34006673) x12 0xffffffa5
core   0: 0x8000044a (0x340cb4f3) csrrc   s1, mscratch, s9
core   0: 3 0x8000044a (0x340cb4f3) x9  0xffffffa5 c832_mscratch 0xffffffa4
core   0: 0x8000044e (0x00e1ad33) slt     s10, gp, a4
core   0: 3 0x8000044e (0x00e1ad33) x26 0x00000001
core   0: 0x80000452 (0x22b90803) lb      a6, 555(s2)
core   0: 3 0x80000452 (0x22b90803) x16 0xffffffa0 mem 0x800108eb
core   0: 0x80000456 (0xcf691183) lh      gp, -778(s2)
core   0: 3 0x80000456 (0xcf691183) x3  0x00006c6d mem 0x800103b6
core   0: 0x8000045a (0x2c794f83) lbu     t6, 711(s2)
core   0: 3 0x8000045a (0x2c794f83) x31 0x0000003c mem 0x80010987
core   0: 0x8000045e (0x00008cb9) c.xor   s1, a4
core   0: 3 0x8000045e (0x8cb9) x9  0xffffded3
core   0: 0x80000460 (0xbe390703) lb      a4, -1053(s2)
core   0: 3 0x80000460 (0xbe390703) x14 0x00000058 mem 0x800102a3
core   0: 0x80000464 (0x340da1f3) csrrs   gp, mscratch, s11
core   0: 3 0x80000464 (0x340da1f3) x3  0xffffffa4 c832_mscratch 0xffffffae
core   0: 0x80000468 (0x02468a33) mul     s4, a3, tp
core   0: 3 0x80000468 (0x02468a33) x20 0x00253b16
core   0: 0x8000046c (0x2b890f83) lb      t6, 696(s2)
core   0: 3 0x8000046c (0x2b890f83) x31 0x00000033 mem 0x80010978
core   0: 0x80000470 (0xd16794b7) lui     s1, 0xd1679
core   0: 3 0x80000470 (0xd16794b7) x9  0xd1679000
core   0: 0x80000474 (0x0000120c) c.addi4spn a1, sp, 288
core   0: 3 0x80000474 (0x120c) x11 0x000000a4
core   0: 0x80000476 (0x8a8b0517) auipc   a0, 0x8a8b0
core   0: 3 0x80000476 (0x8a8b0517) x10 0x0a8b0476
core   0: 0x8000047a (0xc3994683) lbu     a3, -967(s2)
core   0: 3 0x8000047a (0xc3994683) x13 0x000000b2 mem 0x800102f9
core   0: 0x8000047e (0x6c290183) lb      gp, 1730(s2)
core   0: 3 0x8000047e (0x6c290183) x3  0x00000039 mem 0x80010d82
core   0: 0x80000482 (0xf9488c93) addi    s9, a7, -108
core   0: 3 0x80000482 (0xf9488c93) x25 0x800106b7
core   0: 0x80000486 (0xb2091523) sh      zero, -1238(s2)
core   0: 3 0x80000486 (0xb2091523) mem 0x800101ea 0x0000
core   0: 0x8000048a (0xd5e91723) sh      t5, -690(s2)
core   0: 3 0x8000048a (0xd5e91723) mem 0x8001040e 0x9d24
core   0: 0x8000048e (0x0000100f) fence.i
core   0: 3 0x8000048e (0x0000100f)
core   0: 0x80000492 (0x48194a83) lbu     s5, 1153(s2)
core   0: 3 0x80000492 (0x48194a83) x21 0x000000fa mem 0x80010b41
core   0: 0x80000496 (0x6f990183) lb      gp, 1785(s2)
core   0: 3 0x80000496 (0x6f990183) x3  0x00000072 mem 0x80010db9
core   0: 0x8000049a (0x73192e23) sw      a7, 1852(s2)
core   0: 3 0x8000049a (0x73192e23) mem 0x80010dfc 0x80010723
core   0: 0x8000049e (0xc4390383) lb      t2, -957(s2)
core   0: 3 0x8000049e (0xc4390383) x7  0xffffffb8 mem 0x80010303
core   0: 0x800004a2 (0xe4891883) lh      a7, -440(s2)
core   0: 3 0x800004a2 (0xe4891883) x17 0xffffc2c3 mem 0x80010508
core   0: 0x800004a6 (0x000064dd) c.lui   s1, 0x17
core   0: 3 0x800004a6 (0x64dd) x9  0x00017000
core   0: 0x800004a8 (0x15d90ea3) sb      t4, 349(s2)
core   0: 3 0x800004a8 (0x15d90ea3) mem 0x8001081d 0xa1
core   0: 0x800004ac (0x020ad8b3) divu    a7, s5, zero
core   0: 3 0x800004ac (0x020ad8b3) x17 0xffffffff
core   0: 0x800004b0 (0x9ac95983) lhu     s3, -1620(s2)
core   0: 3 0x800004b0 (0x9ac95983) x19 0x00002627 mem 0x8001006c
core   0: 0x800004b4 (0xc0895b03) lhu     s6, -1016(s2)
core   0: 3 0x800004b4 (0xc0895b03) x22 0x00008283 mem 0x800102c8
core   0: 0x800004b8 (0x06e90483) lb      s1, 110(s2)
core   0: 3 0x800004b8 (0x06e90483) x9  0xffffffe5 mem 0x8001072e
core   0: 0x800004bc (0xed090123) sb      a6, -318(s2)
core   0: 3 0x800004bc (0xed090123) mem 0x80010582 0xa0
core   0: 0x800004c0 (0xc2594383) lbu     t2, -987(s2)
core   0: 3 0x800004c0 (0xc2594383) x7  0x0000009e mem 0x800102e5
core   0: 0x800004c4 (0x02832cb3) mulhsu  s9, t1, s0
core   0: 3 0x800004c4 (0x02832cb3) x25 0xffffff98
core   0: 0x800004c8 (0x43d90083) lb      ra, 1085(s2)
core   0: 3 0x800004c8 (0x43d90083) x1  0xffffffb6 mem 0x80010afd
core   0: 0x800004cc (0x79794683) lbu     a3, 1943(s2)
core   0: 3 0x800004cc (0x79794683) x13 0x0000000c mem 0x80010e57
core   0: 0x800004d0 (0x00010117) auipc   sp, 0x10
core   0: 3 0x800004d0 (0x00010117) x2  0x800104d0
core   0: 0x800004d4 (0x4ce10113) addi    sp, sp, 1230
core   0: 3 0x800004d4 (0x4ce10113) x2  0x8001099e
core   0: 0x800004d8 (0x00910883) lb      a7, 9(sp)
core   0: 3 0x800004d8 (0x00910883) x17 0x0000005c mem 0x800109a7
core   0: 0x800004dc (0x01014983) lbu     s3, 16(sp)
core   0: 3 0x800004dc (0x01014983) x19 0x00000065 mem 0x800109ae
core   0: 0x800004e0 (0x01015a83) lhu     s5, 16(sp)
core   0: 3 0x800004e0 (0x01015a83) x21 0x00006465 mem 0x800109ae
core   0: 0x800004e4 (0xff710da3) sb      s7, -5(sp)
core   0: 3 0x800004e4 (0xff710da3) mem 0x80010999 0xa4
core   0: 0x800004e8 (0x01b12123) sw      s11, 2(sp)
core   0: 3 0x800004e8 (0x01b12123) mem 0x800109a0 0x0000000e
core   0: 0x800004ec (0x00311523) sh      gp, 10(sp)
core   0: 3 0x800004ec (0x00311523) mem 0x800109a8 0x0072
core   0: 0x800004f0 (0x978f0f93) addi    t6, t5, -1672
core   0: 3 0x800004f0 (0x978f0f93) x31 0x8002969c
core   0: 0x800004f4 (0x01412323) sw      s4, 6(sp)
core   0: 3 0x800004f4 (0x01412323) mem 0x800109a4 0x00253b16
core   0: 0x800004f8 (0xff814d83) lbu     s11, -8(sp)
core   0: 3 0x800004f8 (0xff814d83) x27 0x0000004d mem 0x80010996
core   0: 0x800004fc (0xff015003) lhu     zero, -16(sp)
core   0: 3 0x800004fc (0xff015003) mem 0x8001098e
core   0: 0x80000500 (0x010155b3) srl     a1, sp, a6
core   0: 3 0x80000500 (0x010155b3) x11 0x8001099e
core   0: 0x80000504 (0x014100a3) sb      s4, 1(sp)
core   0: 3 0x80000504 (0x014100a3) mem 0x8001099f 0x16
core   0: 0x80000508 (0x00bbd313) srli    t1, s7, 11
core   0: 3 0x80000508 (0x00bbd313) x6  0x0010004b
core   0: 0x8000050c (0x00008f5d) c.or    a4, a5
core   0: 3 0x8000050c (0x8f5d) x14 0xfffffffd
core   0: 0x8000050e (0x000083e2) c.mv    t2, s8
core   0: 3 0x8000050e (0x83e2) x7  0x56a53000
core   0: 0x80000510 (0xffc10d83) lb      s11, -4(sp)
core   0: 3 0x80000510 (0xffc10d83) x27 0x00000051 mem 0x8001099a
core   0: 0x80000514 (0x00314e83) lbu     t4, 3(sp)
core   0: 3 0x80000514 (0x00314e83) x29 0x00000000 mem 0x800109a1
core   0: 0x80000518 (0x00411c03) lh      s8, 4(sp)
core   0: 3 0x80000518 (0x00411c03) x24 0x00000000 mem 0x800109a2
core   0: 0x8000051c (0xb3b52793) slti    a5, a0, -1221
core   0: 3 0x8000051c (0xb3b52793) x15 0x00000000
core   0: 0x80000520 (0x340031f3) csrrc   gp, mscratch, zero
core   0: 3 0x80000520 (0x340031f3) x3  0xffffffae
core   0: 0x80000524 (0x00814c83) lbu     s9, 8(sp)
core   0: 3 0x80000524 (0x00814c83) x25 0x00000025 mem 0x800109a6
core   0: 0x80000528 (0xffe11203) lh      tp, -2(sp)
core   0: 3 0x80000528 (0xffe11203) x4  0x00005657 mem 0x8001099c
core   0: 0x8000052c (0x00000001) c.nop
core   0: 3 0x8000052c (0x0001)
core   0: 0x8000052e (0x00a12523) sw      a0, 10(sp)
core   0: 3 0x8000052e (0x00a12523) mem 0x800109a8 0x0a8b0476
core   0: 0x80000532 (0x01015b03) lhu     s6, 16(sp)
core   0: 3 0x80000532 (0x01015b03) x22 0x00006465 mem 0x800109ae
core   0: 0x80000536 (0xffb14383) lbu     t2, -5(sp)
core   0: 3 0x80000536 (0xffb14383) x7  0x000000a4 mem 0x80010999
core   0: 0x8000053a (0xfec10aa3) sb      a2, -11(sp)
core   0: 3 0x8000053a (0xfec10aa3) mem 0x80010993 0xa5
core   0: 0x8000053e (0xff514683) lbu     a3, -11(sp)
core   0: 3 0x8000053e (0xff514683) x13 0x000000a5 mem 0x80010993
core   0: 0x80000542 (0x3714a917) auipc   s2, 0x3714a
core   0: 3 0x80000542 (0x3714a917) x18 0xb714a542
core   0: 0x80000546 (0x030cb1b3) mulhu   gp, s9, a6
core   0: 3 0x80000546 (0x030cb1b3) x3  0x00000024
core   0: 0x8000054a (0x02509cb3) mulh    s9, ra, t0
core   0: 3 0x8000054a (0x02509cb3) x25 0x00000003
core   0: 0x8000054e (0x3400d7f3) csrrwi  a5, mscratch, 1
core   0: 3 0x8000054e (0x3400d7f3) x15 0xffffffae c832_mscratch 0x00000001
core   0: 0x80000552 (0x00b10383) lb      t2, 11(sp)
core   0: 3 0x80000552 (0x00b10383) x7  0x00000004 mem 0x800109a9
core   0: 0x80000556 (0xff211983) lh      s3, -14(sp)
core   0: 3 0x80000556 (0xff211983) x19 0x00004a4b mem 0x80010990
core   0: 0x8000055a (0x00a10e83) lb      t4, 10(sp)
core   0: 3 0x8000055a (0x00a10e83) x29 0x00000076 mem 0x800109a8
core   0: 0x8000055e (0xfe611b23) sh      t1, -10(sp)
core   0: 3 0x8000055e (0xfe611b23) mem 0x80010994 0x004b
core   0: 0x80000562 (0x00710a03) lb      s4, 7(sp)
core   0: 3 0x80000562 (0x00710a03) x20 0x0000003b mem 0x800109a5
core   0: 0x80000566 (0x0001ce97) auipc   t4, 0x1c
core   0: 3 0x80000566 (0x0001ce97) x29 0x8001c566
core   0: 0x8000056a (0xe01e8e93) addi    t4, t4, -511
core   0: 3 0x8000056a (0xe01e8e93) x29 0x8001c367
core   0: 0x8000056e (0xfaee8d03) lb      s10, -82(t4)
core   0: 3 0x8000056e (0xfaee8d03) x26 0xffffffce mem 0x8001c315
core   0: 0x80000572 (0xc23cc3b7) lui     t2, 0xc23cc
core   0: 3 0x80000572 (0xc23cc3b7) x7  0xc23cc000
core   0: 0x80000576 (0x01c12db3) slt     s11, sp, t3
core   0: 3 0x80000576 (0x01c12db3) x27 0x00000001
core   0: 0x8000057a (0x00008e0d) c.sub   a2, a1
core   0: 3 0x8000057a (0x8e0d) x12 0x7ffef607
core   0: 0x8000057c (0x022e8983) lb      s3, 34(t4)
core   0: 3 0x8000057c (0x022e8983) x19 0x00000042 mem 0x8001c389
core   0: 0x80000580 (0xfa6ec903) lbu     s2, -90(t4)
core   0: 3 0x80000580 (0xfa6ec903) x18 0x000000c6 mem 0x8001c30d
core   0: 0x80000584 (0x00008c99) c.sub   s1, a4
core   0: 3 0x80000584 (0x8c99) x9  0xffffffe8
core   0: 0x80000586 (0xfb2e8d83) lb      s11, -78(t4)
core   0: 3 0x80000586 (0xfb2e8d83) x27 0xffffffd2 mem 0x8001c319
core   0: 0x8000058a (0x0000851d) c.srai  a0, 7
core   0: 3 0x8000058a (0x851d) x10 0x00151608
core   0: 0x8000058c (0x000063a1) c.lui   t2, 0x8
core   0: 3 0x8000058c (0x63a1) x7  0x00008000
core   0: 0x8000058e (0x000097e2) c.add   a5, s8
core   0: 3 0x8000058e (0x97e2) x15 0xffffffae
core   0: 0x80000590 (0x00008f19) c.sub   a4, a4
core   0: 3 0x80000590 (0x8f19) x14 0x00000000
core   0: 0x80000592 (0xfeae8223) sb      a0, -28(t4)
core   0: 3 0x80000592 (0xfeae8223) mem 0x8001c34b 0x08
core   0: 0x80000596 (0x0000877d) c.srai  a4, 31
core   0: 3 0x80000596 (0x877d) x14 0x00000000
core   0: 0x80000598 (0xfd6ecc03) lbu     s8, -42(t4)
core   0: 3 0x80000598 (0xfd6ecc03) x24 0x000000f6 mem 0x8001c33d
core   0: 0x8000059c (0xfd4e8823) sb      s4, -48(t4)
core   0: 3 0x8000059c (0xfd4e8823) mem 0x8001c337 0x3b
core   0: 0x800005a0 (0xf47e8903) lb      s2, -185(t4)
core   0: 3 0x800005a0 (0xf47e8903) x18 0x00000065 mem 0x8001c2ae
core   0: 0x800005a4 (0x034e8a03) lb      s4, 52(t4)
core   0: 3 0x800005a4 (0x034e8a03) x20 0x00000050 mem 0x8001c39b
core   0: 0x800005a8 (0x000088ca) c.mv    a7, s2
core   0: 3 0x800005a8 (0x88ca) x17 0x00000065
core   0: 0x800005aa (0xe8007fb7) lui     t6, 0xe8007
core   0: 3 0x800005aa (0xe8007fb7) x31 0xe8007000
core   0: 0x800005ae (0x031ea203) lw      tp, 49(t4)
core   0: 3 0x800005ae (0x031ea203) x4  0x50515253 mem 0x8001c398
core   0: 0x800005b2 (0x027069b3) rem     s3, zero, t2
core   0: 3 0x800005b2 (0x027069b3) x19 0x00000000
core   0: 0x800005b6 (0xfb8e8083) lb      ra, -72(t4)
core   0: 3 0x800005b6 (0xfb8e8083) x1  0xffffffd4 mem 0x8001c31f
core   0: 0x800005ba (0xfa5e9003) lh      zero, -91(t4)
core   0: 3 0x800005ba (0xfa5e9003) mem 0x8001c30c
core   0: 0x800005be (0x0d4ec903) lbu     s2, 212(t4)
core   0: 3 0x800005be (0x0d4ec903) x18 0x000000f0 mem 0x8001c43b
core   0: 0x800005c2 (0x00000888) c.addi4spn a0, sp, 80
core   0: 3 0x800005c2 (0x0888) x10 0x800109ee
core   0: 0x800005c4 (0x0a7ede03) lhu     t3, 167(t4)
core   0: 3 0x800005c4 (0x0a7ede03) x28 0x0000c4c5 mem 0x8001c40e
core   0: 0x800005c8 (0x062ece03) lbu     t3, 98(t4)
core   0: 3 0x800005c8 (0x062ece03) x28 0x00000082 mem 0x8001c3c9
core   0: 0x800005cc (0xfacec783) lbu     a5, -84(t4)
core   0: 3 0x800005cc (0xfacec783) x15 0x000000c8 mem 0x8001c313
core   0: 0x800005d0 (0x038b0c33) mul     s8, s6, s8
core   0: 3 0x800005d0 (0x038b0c33) x24 0x0060790e
core   0: 0x800005d4 (0x06fec183) lbu     gp, 111(t4)
core   0: 3 0x800005d4 (0x06fec183) x3  0x0000008d mem 0x8001c3d6
core   0: 0x800005d8 (0x0f5ec083) lbu     ra, 245(t4)
core   0: 3 0x800005d8 (0x0f5ec083) x1  0x00000017 mem 0x8001c45c
core   0: 0x800005dc (0x0e2eca83) lbu     s5, 226(t4)
core   0: 3 0x800005dc (0x0e2eca83) x21 0x00000002 mem 0x8001c449
core   0: 0x800005e0 (0x0e3e8b23) sb      gp, 246(t4)
core   0: 3 0x800005e0 (0x0e3e8b23) mem 0x8001c45d 0x8d
core   0: 0x800005e4 (0x0fbe99a3) sh      s11, 243(t4)
core   0: 3 0x800005e4 (0x0fbe99a3) mem 0x8001c45a 0xffd2
core   0: 0x800005e8 (0x0f8e8903) lb      s2, 248(t4)
core   0: 3 0x800005e8 (0x0f8e8903) x18 0x00000014 mem 0x8001c45f
core   0: 0x800005ec (0x0b6e8123) sb      s6, 162(t4)
core   0: 3 0x800005ec (0x0b6e8123) mem 0x8001c409 0x65
core   0: 0x800005f0 (0x0ffed403) lhu     s0, 255(t4)
core   0: 3 0x800005f0 (0x0ffed403) x8  0x00001c1d mem 0x8001c466
core   0: 0x800005f4 (0x08fec883) lbu     a7, 143(t4)
core   0: 3 0x800005f4 (0x08fec883) x17 0x000000ad mem 0x8001c3f6
core   0: 0x800005f8 (0x007ddb33) srl     s6, s11, t2
core   0: 3 0x800005f8 (0x007ddb33) x22 0xffffffd2
core   0: 0x800005fc (0x07fecd03) lbu     s10, 127(t4)
core   0: 3 0x800005fc (0x07fecd03) x26 0x0000009d mem 0x8001c3e6
core   0: 0x80000600 (0x0001a117) auipc   sp, 0x1a
core   0: 3 0x80000600 (0x0001a117) x2  0x8001a600
core   0: 0x80000604 (0x90610113) addi    sp, sp, -1786
core   0: 3 0x80000604 (0x90610113) x2  0x80019f06
core   0: 0x80000608 (0x00910083) lb      ra, 9(sp)
core   0: 3 0x80000608 (0x00910083) x1  0xffffffc4 mem 0x80019f0f
core   0: 0x8000060c (0xff314803) lbu     a6, -13(sp)
core   0: 3 0x8000060c (0xff314803) x16 0x000000b2 mem 0x80019ef9
core   0: 0x80000610 (0x0351c5b3) div     a1, gp, s5
core   0: 3 0x80000610 (0x0351c5b3) x11 0x00000046
core   0: 0x80000614 (0x029e1433) mulh    s0, t3, s1
core   0: 3 0x80000614 (0x029e1433) x8  0xffffffff
core   0: 0x80000618 (0x0000898d) c.andi  a1, 3
core   0: 3 0x80000618 (0x898d) x11 0x00000002
core   0: 0x8000061a (0xfef12b23) sw      a5, -10(sp)
core   0: 3 0x8000061a (0xfef12b23) mem 0x80019efc 0x000000c8
core   0: 0x8000061e (0x007104a3) sb      t2, 9(sp)
core   0: 3 0x8000061e (0x007104a3) mem 0x80019f0f 0x00
core   0: 0x80000622 (0x5dd30093) addi    ra, t1, 1501
core   0: 3 0x80000622 (0x5dd30093) x1  0x00100628
core   0: 0x80000626 (0xfee12f23) sw      a4, -2(sp)
core   0: 3 0x80000626 (0xfee12f23) mem 0x80019f04 0x00000000
core   0: 0x8000062a (0x00314c03) lbu     s8, 3(sp)
core   0: 3 0x8000062a (0x00314c03) x24 0x000000c2 mem 0x80019f09
core   0: 0x8000062e (0x00f14903) lbu     s2, 15(sp)
core   0: 3 0x8000062e (0x00f14903) x18 0x000000ce mem 0x80019f15
core   0: 0x80000632 (0x008106a3) sb      s0, 13(sp)
core   0: 3 0x80000632 (0x008106a3) mem 0x80019f13 0xff
core   0: 0x80000636 (0xfef11823) sh      a5, -16(sp)
core   0: 3 0x80000636 (0xfef11823) mem 0x80019ef6 0x00c8
core   0: 0x8000063a (0x01909933) sll     s2, ra, s9
core   0: 3 0x8000063a (0x01909933) x18 0x00803140
core   0: 0x8000063e (0x83af6a13) ori     s4, t5, -1990
core   0: 3 0x8000063e (0x83af6a13) x20 0xfffffd3e
core   0: 0x80000642 (0x01711023) sh      s7, 0(sp)
core   0: 3 0x80000642 (0x01711023) mem 0x80019f06 0x5ea4
core   0: 0x80000646 (0x0000100f) fence.i
core   0: 3 0x80000646 (0x0000100f)
core   0: 0x8000064a (0xfec10fa3) sb      a2, -1(sp)
core   0: 3 0x8000064a (0xfec10fa3) mem 0x80019f05 0x07
core   0: 0x8000064e (0xfee11e23) sh      a4, -4(sp)
core   0: 3 0x8000064e (0xfee11e23) mem 0x80019f02 0x0000
core   0: 0x80000652 (0xff910203) lb      tp, -7(sp)
core   0: 3 0x80000652 (0xff910203) x4  0x00000000 mem 0x80019eff
core   0: 0x80000656 (0x000011fd) c.addi  gp, -1
core   0: 3 0x80000656 (0x11fd) x3  0x0000008c
core   0: 0x80000658 (0xff314003) lbu     zero, -13(sp)
core   0: 3 0x80000658 (0xff314003) mem 0x80019ef9
core   0: 0x8000065c (0x03aa61b3) rem     gp, s4, s10
core   0: 3 0x8000065c (0x03aa61b3) x3  0xffffffb2
core   0: 0x80000660 (0x02c036b3) mulhu   a3, zero, a2
core   0: 3 0x80000660 (0x02c036b3) x13 0x00000000
core   0: 0x80000664 (0x00210683) lb      a3, 2(sp)
core   0: 3 0x80000664 (0x00210683) x13 0xffffffc3 mem 0x80019f08
core   0: 0x80000668 (0xffc15783) lhu     a5, -4(sp)
core   0: 3 0x80000668 (0xffc15783) x15 0x00000000 mem 0x80019f02
core   0: 0x8000066c (0x01210423) sb      s2, 8(sp)
core   0: 3 0x8000066c (0x01210423) mem 0x80019f0e 0x40
core   0: 0x80000670 (0x0000987d) c.andi  s0, -1
core   0: 3 0x80000670 (0x987d) x8  0xffffffff
core   0: 0x80000672 (0x03896ab3) rem     s5, s2, s8
core   0: 3 0x80000672 (0x03896ab3) x21 0x0000002e
core   0: 0x80000676 (0xff411e23) sh      s4, -4(sp)
core   0: 3 0x80000676 (0xff411e23) mem 0x80019f02 0xfd3e
core   0: 0x8000067a (0x4067dcb3) sra     s9, a5, t1
core   0: 3 0x8000067a (0x4067dcb3) x25 0x00000000
core   0: 0x8000067e (0xffc15b03) lhu     s6, -4(sp)
core   0: 3 0x8000067e (0xffc15b03) x22 0x0000fd3e mem 0x80019f02
core   0: 0x80000682 (0xfff10e83) lb      t4, -1(sp)
core   0: 3 0x80000682 (0xfff10e83) x29 0x00000007 mem 0x80019f05
core   0: 0x80000686 (0x00e11623) sh      a4, 12(sp)
core   0: 3 0x80000686 (0x00e11623) mem 0x80019f12 0x0000
core   0: 0x8000068a (0x012104a3) sb      s2, 9(sp)
core   0: 3 0x8000068a (0x012104a3) mem 0x80019f0f 0x40
core   0: 0x8000068e (0x00e14703) lbu     a4, 14(sp)
core   0: 3 0x8000068e (0x00e14703) x14 0x000000cf mem 0x80019f14
core   0: 0x80000692 (0x00000001) c.nop
core   0: 3 0x80000692 (0x0001)
core   0: 0x80000694 (0x0302cab3) div     s5, t0, a6
core   0: 3 0x80000694 (0x0302cab3) x21 0xfff0e293
core   0: 0x80000698 (0x00814183) lbu     gp, 8(sp)
core   0: 3 0x80000698 (0x00814183) x3  0x00000040 mem 0x80019f0e
core   0: 0x8000069c (0x00000a11) c.addi  s4, 4
core   0: 3 0x8000069c (0x0a11) x20 0xfffffd42
core   0: 0x8000069e (0x00910d03) lb      s10, 9(sp)
core   0: 3 0x8000069e (0x00910d03) x26 0x00000040 mem 0x80019f0f
core   0: 0x800006a2 (0x019101a3) sb      s9, 3(sp)
core   0: 3 0x800006a2 (0x019101a3) mem 0x80019f09 0x00
core   0: 0x800006a6 (0x00008c91) c.sub   s1, a2
core   0: 3 0x800006a6 (0x8c91) x9  0x800109e1
core   0: 0x800006a8 (0xfe211e23) sh      sp, -4(sp)
core   0: 3 0x800006a8 (0xfe211e23) mem 0x80019f02 0x9f06
core   0: 0x800006ac (0x00011c17) auipc   s8, 0x11
core   0: 3 0x800006ac (0x00011c17) x24 0x800116ac
core   0: 0x800006b0 (0xef3c0c13) addi    s8, s8, -269
core   0: 3 0x800006b0 (0xef3c0c13) x24 0x8001159f
core   0: 0x800006b4 (0x00000001) c.nop
core   0: 3 0x800006b4 (0x0001)
core   0: 0x800006b6 (0x340f2773) csrrs   a4, mscratch, t5
core   0: 3 0x800006b6 (0x340f2773) x14 0x00000001 c832_mscratch 0x80029d25
core   0: 0x800006ba (0xe60c08a3) sb      zero, -399(s8)
core   0: 3 0x800006ba (0xe60c08a3) mem 0x80011410 0x00
core   0: 0x800006be (0x421c17a3) sh      ra, 1071(s8)
core   0: 3 0x800006be (0x421c17a3) mem 0x800119ce 0x0628
core   0: 0x800006c2 (0x01c547b3) xor     a5, a0, t3
core   0: 3 0x800006c2 (0x01c547b3) x15 0x8001096c
core   0: 0x800006c6 (0x00df14b3) sll     s1, t5, a3
core   0: 3 0x800006c6 (0x00df14b3) x9  0x0014e920
core   0: 0x800006ca (0x00000001) c.nop
core   0: 3 0x800006ca (0x0001)
core   0: 0x800006cc (0x01071793) slli    a5, a4, 16
core   0: 3 0x800006cc (0x01071793) x15 0x00010000
core   0: 0x800006d0 (0x6598b513) sltiu   a0, a7, 1625
core   0: 3 0x800006d0 (0x6598b513) x10 0x00000001
core   0: 0x800006d4 (0xbc3c5983) lhu     s3, -1085(s8)
core   0: 3 0x800006d4 (0xbc3c5983) x19 0x00001819 mem 0x80011162
core   0: 0x800006d8 (0x000049a5) c.li    s3, 9
core   0: 3 0x800006d8 (0x49a5) x19 0x00000009
core   0: 0x800006da (0x40018233) sub     tp, gp, zero
core   0: 3 0x800006da (0x40018233) x4  0x00000040
core   0: 0x800006de (0x3400e473) csrrsi  s0, mscratch, 1
core   0: 3 0x800006de (0x3400e473) x8  0x80029d25 c832_mscratch 0x80029d25
core   0: 0x800006e2 (0x611c0903) lb      s2, 1553(s8)
core   0: 3 0x800006e2 (0x611c0903) x18 0x0000006b mem 0x80011bb0
core   0: 0x800006e6 (0x00dfa7b3) slt     a5, t6, a3
core   0: 3 0x800006e6 (0x00dfa7b3) x15 0x00000001
core   0: 0x800006ea (0x00005d7d) c.li    s10, -1
core   0: 3 0x800006ea (0x5d7d) x26 0xffffffff
core   0: 0x800006ec (0x0ff0000f) fence   iorw,iorw
core   0: 3 0x800006ec (0x0ff0000f)
core   0: 0x800006f0 (0x251c0123) sb      a7, 578(s8)
core   0: 3 0x800006f0 (0x251c0123) mem 0x800117e1 0xad
core   0: 0x800006f4 (0x01a7dfb3) srl     t6, a5, s10
core   0: 3 0x800006f4 (0x01a7dfb3) x31 0x00000000
core   0: 0x800006f8 (0x03054e13) xori    t3, a0, 48
core   0: 3 0x800006f8 (0x03054e13) x28 0x00000031
core   0: 0x800006fc (0x0d1c0c23) sb      a7, 216(s8)
core   0: 3 0x800006fc (0x0d1c0c23) mem 0x80011677 0xad
core   0: 0x80000700 (0xe080a993) slti    s3, ra, -504
core   0: 3 0x80000700 (0xe080a993) x19 0x00000000
core   0: 0x80000704 (0x00008c85) c.sub   s1, s1
core   0: 3 0x80000704 (0x8c85) x9  0x00000000
core   0: 0x80000706 (0xdb2c0e83) lb      t4, -590(s8)
core   0: 3 0x80000706 (0xdb2c0e83) x29 0x0000000a mem 0x80011351
core   0: 0x8000070a (0x007b9a33) sll     s4, s7, t2
core   0: 3 0x8000070a (0x007b9a33) x20 0x80025ea4
core   0: 0x8000070e (0x708c0083) lb      ra, 1800(s8)
core   0: 3 0x8000070e (0x708c0083) x1  0x0000005c mem 0x80011ca7
core   0: 0x80000712 (0xcb6c0c23) sb      s6, -840(s8)
core   0: 3 0x80000712 (0xcb6c0c23) mem 0x80011257 0x3e
core   0: 0x80000716 (0x00082d33) slt     s10, a6, zero
core   0: 3 0x80000716 (0x00082d33) x26 0x00000000
core   0: 0x8000071a (0x586c0003) lb      zero, 1414(s8)
core   0: 3 0x8000071a (0x586c0003) mem 0x80011b25
core   0: 0x8000071e (0x000087d6) c.mv    a5, s5
core   0: 3 0x8000071e (0x87d6) x15 0xfff0e293
core   0: 0x80000720 (0x441c2803) lw      a6, 1089(s8)
core   0: 3 0x80000720 (0x441c2803) x16 0x98999a9b mem 0x800119e0
core   0: 0x80000724 (0x0000100f) fence.i
core   0: 3 0x80000724 (0x0000100f)
core   0: 0x80000728 (0x604c0183) lb      gp, 1540(s8)
core   0: 3 0x80000728 (0x604c0183) x3  0x00000058 mem 0x80011ba3
core   0: 0x8000072c (0x2ccc12a3) sh      a2, 709(s8)
core   0: 3 0x8000072c (0x2ccc12a3) mem 0x80011864 0xf607
core   0: 0x80000730 (0x00016917) auipc   s2, 0x16
core   0: 3 0x80000730 (0x00016917) x18 0x80016730
core   0: 0x80000734 (0x7d590913) addi    s2, s2, 2005
core   0: 3 0x80000734 (0x7d590913) x18 0x80016f05
core   0: 0x80000738 (0x01a90723) sb      s10, 14(s2)
core   0: 3 0x80000738 (0x01a90723) mem 0x80016f13 0x00
core   0: 0x8000073c (0x00008ed5) c.or    a3, a3
core   0: 3 0x8000073c (0x8ed5) x13 0xffffffc3
core   0: 0x8000073e (0x016b1a33) sll     s4, s6, s6
core   0: 3 0x8000073e (0x016b1a33) x20 0x80000000
core   0: 0x80000742 (0x00290883) lb      a7, 2(s2)
core   0: 3 0x80000742 (0x00290883) x17 0xffffffbc mem 0x80016f07
core   0: 0x80000746 (0x00008d91) c.sub   a1, a2
core   0: 3 0x80000746 (0x8d91) x11 0x800109fb
core   0: 0x80000748 (0xffe94b03) lbu     s6, -2(s2)
core   0: 3 0x80000748 (0xffe94b03) x22 0x000000b8 mem 0x80016f03
core   0: 0x8000074c (0x01d55533) srl     a0, a0, t4
core   0: 3 0x8000074c (0x01d55533) x10 0x00000000
core   0: 0x80000750 (0x00490223) sb      tp, 4(s2)
core   0: 3 0x80000750 (0x00490223) mem 0x80016f09 0x40
core   0: 0x80000754 (0x34082073) csrs    mscratch, a6
core   0: 3 0x80000754 (0x34082073) c832_mscratch 0x989b9fbf
core   0: 0x80000758 (0x00009326) c.add   t1, s1
core   0: 3 0x80000758 (0x9326) x6  0x0010004b
core   0: 0x8000075a (0x00d90223) sb      a3, 4(s2)
core   0: 3 0x8000075a (0x00d90223) mem 0x80016f09 0xc3
core   0: 0x8000075e (0xffd94883) lbu     a7, -3(s2)
core   0: 3 0x8000075e (0xffd94883) x17 0x000000b9 mem 0x80016f02
core   0: 0x80000762 (0x011ce733) or      a4, s9, a7
core   0: 3 0x80000762 (0x011ce733) x14 0x000000b9
core   0: 0x80000766 (0x401ddcb3) sra     s9, s11, ra
core   0: 3 0x80000766 (0x401ddcb3) x25 0xffffffff
core   0: 0x8000076a (0x00008ac5) c.andi  a3, 17
core   0: 3 0x8000076a (0x8ac5) x13 0x00000001
core   0: 0x8000076c (0x02f625b3) mulhsu  a1, a2, a5
core   0: 3 0x8000076c (0x02f625b3) x11 0x7ff76760
core   0: 0x80000770 (0x00f95c83) lhu     s9, 15(s2)
core   0: 3 0x80000770 (0x00f95c83) x25 0x0000cecf mem 0x80016f14
core   0: 0x80000774 (0x01e912a3) sh      t5, 5(s2)
core   0: 3 0x80000774 (0x01e912a3) mem 0x80016f0a 0x9d24
core   0: 0x80000778 (0xffe94083) lbu     ra, -2(s2)
core   0: 3 0x80000778 (0xffe94083) x1  0x000000b8 mem 0x80016f03
core   0: 0x8000077c (0x000080dd) c.srli  s1, 23
core   0: 3 0x8000077c (0x80dd) x9  0x00000000
core   0: 0x8000077e (0x00008fad) c.xor   a5, a1
core   0: 3 0x8000077e (0x8fad) x15 0x800785f3
core   0: 0x80000780 (0x000006f2) c.slli  a3, 28
core   0: 3 0x80000780 (0x06f2) x13 0x10000000
core   0: 0x80000782 (0x03268333) mul     t1, a3, s2
core   0: 3 0x80000782 (0x03268333) x6  0x50000000
core   0: 0x80000786 (0xff392da3) sw      s3, -5(s2)
core   0: 3 0x80000786 (0xff392da3) mem 0x80016f00 0x00000000
core   0: 0x8000078a (0x00000fda) c.slli  t6, 22
core   0: 3 0x8000078a (0x0fda) x31 0x00000000
core   0: 0x8000078c (0x01094383) lbu     t2, 16(s2)
core   0: 3 0x8000078c (0x01094383) x7  0x000000ce mem 0x80016f15
core   0: 0x80000790 (0xffe90103) lb      sp, -2(s2)
core   0: 3 0x80000790 (0xffe90103) x2  0x00000000 mem 0x80016f03
core   0: 0x80000794 (0xff094783) lbu     a5, -16(s2)
core   0: 3 0x80000794 (0xff094783) x15 0x000000ae mem 0x80016ef5
core   0: 0x80000798 (0xfe6918a3) sh      t1, -15(s2)
core   0: 3 0x80000798 (0xfe6918a3) mem 0x80016ef6 0x0000
core   0: 0x8000079c (0x00391783) lh      a5, 3(s2)
core   0: 3 0x8000079c (0x00391783) x15 0xffffc3c3 mem 0x80016f08
core   0: 0x800007a0 (0x340074f3) csrrci  s1, mscratch, 0
core   0: 3 0x800007a0 (0x340074f3) x9  0x989b9fbf
core   0: 0x800007a4 (0x340319f3) csrrw   s3, mscratch, t1
core   0: 3 0x800007a4 (0x340319f3) x19 0x989b9fbf c832_mscratch 0x50000000
core   0: 0x800007a8 (0x340e1373) csrrw   t1, mscratch, t3
core   0: 3 0x800007a8 (0x340e1373) x6  0x50000000 c832_mscratch 0x00000031
core   0: 0x800007ac (0xff594703) lbu     a4, -11(s2)
core   0: 3 0x800007ac (0xff594703) x14 0x000000b1 mem 0x80016efa
core   0: 0x800007b0 (0x88ea9e97) auipc   t4, 0x88ea9
core   0: 3 0x800007b0 (0x88ea9e97) x29 0x08ea97b0
core   0: 0x800007b4 (0x00005ffd) c.li    t6, -1
core   0: 3 0x800007b4 (0x5ffd) x31 0xffffffff
core   0: 0x800007b6 (0x00595d03) lhu     s10, 5(s2)
core   0: 3 0x800007b6 (0x00595d03) x26 0x00009d24 mem 0x80016f0a
core   0: 0x800007ba (0xffd94d83) lbu     s11, -3(s2)
core   0: 3 0x800007ba (0xffd94d83) x27 0x00000000 mem 0x80016f02
core   0: 0x800007be (0x00694b03) lbu     s6, 6(s2)
core   0: 3 0x800007be (0x00694b03) x22 0x0000009d mem 0x80016f0b
core   0: 0x800007c2 (0x00008fad) c.xor   a5, a1
core   0: 3 0x800007c2 (0x8fad) x15 0x8008a4a3
core   0: 0x800007c4 (0xcadb8193) addi    gp, s7, -851
core   0: 3 0x800007c4 (0xcadb8193) x3  0x80025b51
core   0: 0x800007c8 (0x00890323) sb      s0, 6(s2)
core   0: 3 0x800007c8 (0x00890323) mem 0x80016f0b 0x25
core   0: 0x800007cc (0xdd5c2193) slti    gp, s8, -555
core   0: 3 0x800007cc (0xdd5c2193) x3  0x00000001
core   0: 0x800007d0 (0x340f51f3) csrrwi  gp, mscratch, 30
core   0: 3 0x800007d0 (0x340f51f3) x3  0x00000031 c832_mscratch 0x0000001e
core   0: 0x800007d4 (0xff591d83) lh      s11, -11(s2)
core   0: 3 0x800007d4 (0xff591d83) x27 0xffffb0b1 mem 0x80016efa
core   0: 0x800007d8 (0x00f95503) lhu     a0, 15(s2)
core   0: 3 0x800007d8 (0x00f95503) x10 0x0000cecf mem 0x80016f14
core   0: 0x800007dc (0xff690b03) lb      s6, -10(s2)
core   0: 3 0x800007dc (0xff690b03) x22 0xffffffb0 mem 0x80016efb
core   0: 0x800007e0 (0xef627a13) andi    s4, tp, -266
core   0: 3 0x800007e0 (0xef627a13) x20 0x00000040
core   0: 0x800007e4 (0x02e46333) rem     t1, s0, a4
core   0: 3 0x800007e4 (0x02e46333) x6  0xffffffe1
core   0: 0x800007e8 (0xffc90aa3) sb      t3, -11(s2)
core   0: 3 0x800007e8 (0xffc90aa3) mem 0x80016efa 0x31
core   0: 0x800007ec (0xfeb91ca3) sh      a1, -7(s2)
core   0: 3 0x800007ec (0xfeb91ca3) mem 0x80016efe 0x6760
core   0: 0x800007f0 (0x00010117) auipc   sp, 0x10
core   0: 3 0x800007f0 (0x00010117) x2  0x800107f0
core   0: 0x800007f4 (0x2d210113) addi    sp, sp, 722
core   0: 3 0x800007f4 (0x2d210113) x2  0x80010ac2
core   0: 0x800007f8 (0xb8310123) sb      gp, -1150(sp)
core   0: 3 0x800007f8 (0xb8310123) mem 0x80010644 0x31
core   0: 0x800007fc (0x34002af3) csrr    s5, mscratch
core   0: 3 0x800007fc (0x34002af3) x21 0x0000001e
core   0: 0x80000800 (0x09f14003) lbu     zero, 159(sp)
core   0: 3 0x80000800 (0x09f14003) mem 0x80010b61
core   0: 0x80000804 (0x21fa8893) addi    a7, s5, 543
core   0: 3 0x80000804 (0x21fa8893) x17 0x0000023d
core   0: 0x80000808 (0x69c82e13) slti    t3, a6, 1692
core   0: 3 0x80000808 (0x69c82e13) x28 0x00000001
core   0: 0x8000080c (0xac415d03) lhu     s10, -1340(sp)
core   0: 3 0x8000080c (0xac415d03) x26 0x00003c3d mem 0x80010586
core   0: 0x80000810 (0x96211e03) lh      t3, -1694(sp)
core   0: 3 0x80000810 (0x96211e03) x28 0xffffdedf mem 0x80010424
core   0: 0x80000814 (0xd2411083) lh      ra, -732(sp)
core   0: 3 0x80000814 (0xd2411083) x1  0xffff9c9d mem 0x800107e6
core   0: 0x80000818 (0xb9e11003) lh      zero, -1122(sp)
core   0: 3 0x80000818 (0xb9e11003) mem 0x80010660
core   0: 0x8000081c (0xf3211e83) lh      t4, -206(sp)
core   0: 3 0x8000081c (0xf3211e83) x29 0xffffaeaf mem 0x800109f4
core   0: 0x80000820 (0xb0910003) lb      zero, -1271(sp)
core   0: 3 0x80000820 (0xb0910003) mem 0x800105cb
core   0: 0x80000824 (0x20811803) lh      a6, 520(sp)
core   0: 3 0x80000824 (0x20811803) x16 0xffff8081 mem 0x80010cca
core   0: 0x80000828 (0xac5b0a37) lui     s4, 0xac5b0
core   0: 3 0x80000828 (0xac5b0a37) x20 0xac5b0000
core   0: 0x8000082c (0x340d5073) csrwi   mscratch, 26
core   0: 3 0x8000082c (0x340d5073) c832_mscratch 0x0000001a
core   0: 0x80000830 (0xd4b10523) sb      a1, -694(sp)
core   0: 3 0x80000830 (0xd4b10523) mem 0x8001080c 0x60
core   0: 0x80000834 (0xb4311a23) sh      gp, -1196(sp)
core   0: 3 0x80000834 (0xb4311a23) mem 0x80010616 0x0031
core   0: 0x80000838 (0xce310303) lb      t1, -797(sp)
core   0: 3 0x80000838 (0xce310303) x6  0x0000005e mem 0x800107a5
core   0: 0x8000083c (0xe4714583) lbu     a1, -441(sp)
core   0: 3 0x8000083c (0xe4714583) x11 0x000000c2 mem 0x80010909
core   0: 0x80000840 (0x2cc11723) sh      a2, 718(sp)
core   0: 3 0x80000840 (0x2cc11723) mem 0x80010d90 0xf607
core   0: 0x80000844 (0x0352da33) divu    s4, t0, s5
core   0: 3 0x80000844 (0x0352da33) x20 0x082ed9ef
core   0: 0x80000848 (0x17310403) lb      s0, 371(sp)
core   0: 3 0x80000848 (0x17310403) x8  0xffffffee mem 0x80010c35
core   0: 0x8000084c (0x43d10703) lb      a4, 1085(sp)
core   0: 3 0x8000084c (0x43d10703) x14 0xffffffb4 mem 0x80010eff
core   0: 0x80000850 (0x47d14a83) lbu     s5, 1149(sp)
core   0: 3 0x80000850 (0x47d14a83) x21 0x000000f4 mem 0x80010f3f
core   0: 0x80000854 (0x2ab10883) lb      a7, 683(sp)
core   0: 3 0x80000854 (0x2ab10883) x17 0x00000026 mem 0x80010d6d
core   0: 0x80000858 (0x340b91f3) csrrw   gp, mscratch, s7
core   0: 3 0x80000858 (0x340b91f3) x3  0x0000001a c832_mscratch 0x80025ea4
core   0: 0x8000085c (0xe8015203) lhu     tp, -384(sp)
core   0: 3 0x8000085c (0xe8015203) x4  0x0000f8f9 mem 0x80010942
core   0: 0x80000860 (0x13010b23) sb      a6, 310(sp)
core   0: 3 0x80000860 (0x13010b23) mem 0x80010bf8 0x81
core   0: 0x80000864 (0x06714983) lbu     s3, 103(sp)
core   0: 3 0x80000864 (0x06714983) x19 0x000000e2 mem 0x80010b29
core   0: 0x80000868 (0x37815583) lhu     a1, 888(sp)
core   0: 3 0x80000868 (0x37815583) x11 0x0000f0f1 mem 0x80010e3a
core   0: 0x8000086c (0x00008ded) c.and   a1, a1
core   0: 3 0x8000086c (0x8ded) x11 0x0000f0f1
core   0: 0x8000086e (0x00001a7d) c.addi  s4, -1
core   0: 3 0x8000086e (0x1a7d) x20 0x082ed9ee
core   0: 0x80000870 (0x00008e1d) c.sub   a2, a5
core   0: 3 0x80000870 (0x8e1d) x12 0xfff65164
core   0: 0x80000872 (0xc6f10423) sb      a5, -920(sp)
core   0: 3 0x80000872 (0xc6f10423) mem 0x8001072a 0xa3
core   0: 0x80000876 (0xd5514503) lbu     a0, -683(sp)
core   0: 3 0x80000876 (0xd5514503) x10 0x000000cc mem 0x80010817
core   0: 0x8000087a (0x352eea97) auipc   s5, 0x352ee
core   0: 3 0x8000087a (0x352eea97) x21 0xb52ee87a
core   0: 0x8000087e (0x00bfd8b3) srl     a7, t6, a1
core   0: 3 0x8000087e (0x00bfd8b3) x17 0x00007fff
core   0: 0x80000882 (0x1d215c03) lhu     s8, 466(sp)
core   0: 3 0x80000882 (0x1d215c03) x24 0x00004e4f mem 0x80010c94
core   0: 0x80000886 (0x34062ff3) csrrs   t6, mscratch, a2
core   0: 3 0x80000886 (0x34062ff3) x31 0x80025ea4 c832_mscratch 0xfff65fe4
core   0: 0x8000088a (0x44710f83) lb      t6, 1095(sp)
core   0: 3 0x8000088a (0x44710f83) x31 0xffffffc2 mem 0x80010f09
core   0: 0x8000088e (0xb7510f83) lb      t6, -1163(sp)
core   0: 3 0x8000088e (0xb7510f83) x31 0xffffffec mem 0x80010637
core   0: 0x80000892 (0x00010217) auipc   tp, 0x10
core   0: 3 0x80000892 (0x00010217) x4  0x80010892
core   0: 0x80000896 (0xc6520213) addi    tp, tp, -923
core   0: 3 0x80000896 (0xc6520213) x4  0x800104f7
core   0: 0x8000089a (0xf3e20083) lb      ra, -194(tp)
core   0: 3 0x8000089a (0xf3e20083) x1  0xffffffee mem 0x80010435
core   0: 0x8000089e (0x0b820683) lb      a3, 184(tp)
core   0: 3 0x8000089e (0x0b820683) x13 0x00000064 mem 0x800105af
core   0: 0x800008a2 (0x035d06b3) mul     a3, s10, s5
core   0: 3 0x800008a2 (0x035d06b3) x13 0x2aa9fd12
core   0: 0x800008a6 (0x36e80913) addi    s2, a6, 878
core   0: 3 0x800008a6 (0x36e80913) x18 0xffff83ef
core   0: 0x800008aa (0x0024b733) sltu    a4, s1, sp
core   0: 3 0x800008aa (0x0024b733) x14 0x00000000
core   0: 0x800008ae (0x0ee213a3) sh      a4, 231(tp)
core   0: 3 0x800008ae (0x0ee213a3) mem 0x800105de 0x0000
core   0: 0x800008b2 (0xf3d21903) lh      s2, -195(tp)
core   0: 3 0x800008b2 (0xf3d21903) x18 0xffffeeef mem 0x80010434
core   0: 0x800008b6 (0x5c5bc993) xori    s3, s7, 1477
core   0: 3 0x800008b6 (0x5c5bc993) x19 0x80025b61
core   0: 0x800008ba (0x20ca2593) slti    a1, s4, 524
core   0: 3 0x800008ba (0x20ca2593) x11 0x00000000
core   0: 0x800008be (0xfeb21783) lh      a5, -21(tp)
core   0: 3 0x800008be (0xfeb21783) x15 0xffff9899 mem 0x800104e2
core   0: 0x800008c2 (0xfbe20223) sb      t5, -92(tp)
core   0: 3 0x800008c2 (0xfbe20223) mem 0x8001049b 0x24
core   0: 0x800008c6 (0x0ca20523) sb      a0, 202(tp)
core   0: 3 0x800008c6 (0x0ca20523) mem 0x800105c1 0xcc
core   0: 0x800008ca (0x02d22083) lw      ra, 45(tp)
core   0: 3 0x800008ca (0x02d22083) x1  0xdcdddedf mem 0x80010524
core   0: 0x800008ce (0x073219a3) sh      s3, 115(tp)
core   0: 3 0x800008ce (0x073219a3) mem 0x8001056a 0x5b61
core   0: 0x800008d2 (0x02b20423) sb      a1, 40(tp)
core   0: 3 0x800008d2 (0x02b20423) mem 0x8001051f 0x00
core   0: 0x800008d6 (0x005228a3) sw      t0, 17(tp)
core   0: 3 0x800008d6 (0x005228a3) mem 0x80010508 0xf57d8a0a
core   0: 0x800008da (0xf3920123) sb      s9, -222(tp)
core   0: 3 0x800008da (0xf3920123) mem 0x80010419 0xcf
core   0: 0x800008de (0xf1e20f83) lb      t6, -226(tp)
core   0: 3 0x800008de (0xf1e20f83) x31 0xffffffce mem 0x80010415
core   0: 0x800008e2 (0x41a15b13) srai    s6, sp, 26
core   0: 3 0x800008e2 (0x41a15b13) x22 0xffffffe0
core   0: 0x800008e6 (0x0063eb33) or      s6, t2, t1
core   0: 3 0x800008e6 (0x0063eb33) x22 0x000000de
core   0: 0x800008ea (0x2bdce993) ori     s3, s9, 701
core   0: 3 0x800008ea (0x2bdce993) x19 0x0000ceff
core   0: 0x800008ee (0x03c74a33) div     s4, a4, t3
core   0: 3 0x800008ee (0x03c74a33) x20 0x00000000
core   0: 0x800008f2 (0xf9524f83) lbu     t6, -107(tp)
core   0: 3 0x800008f2 (0xf9524f83) x31 0x00000047 mem 0x8001048c
core   0: 0x800008f6 (0x40b050b3) sra     ra, zero, a1
core   0: 3 0x800008f6 (0x40b050b3) x1  0x00000000
core   0: 0x800008fa (0x05d20423) sb      t4, 72(tp)
core   0: 3 0x800008fa (0x05d20423) mem 0x8001053f 0xaf
core   0: 0x800008fe (0x340ba8f3) csrrs   a7, mscratch, s7
core   0: 3 0x800008fe (0x340ba8f3) x17 0xfff65fe4 c832_mscratch 0xfff65fe4
core   0: 0x80000902 (0x000098ce) c.add   a7, s3
core   0: 3 0x80000902 (0x98ce) x17 0xfff72ee3
core   0: 0x80000904 (0x0c924b03) lbu     s6, 201(tp)
core   0: 3 0x80000904 (0x0c924b03) x22 0x0000007b mem 0x800105c0
core   0: 0x80000908 (0x0000881a) c.mv    a6, t1
core   0: 3 0x80000908 (0x881a) x16 0x0000005e
core   0: 0x8000090a (0x0048e733) or      a4, a7, tp
core   0: 3 0x8000090a (0x0048e733) x14 0xfff72ef7
core   0: 0x8000090e (0x41c10633) sub     a2, sp, t3
core   0: 3 0x8000090e (0x41c10633) x12 0x80012be3
core   0: 0x80000912 (0x08f215a3) sh      a5, 139(tp)
core   0: 3 0x80000912 (0x08f215a3) mem 0x80010582 0x9899
core   0: 0x80000916 (0x0b424583) lbu     a1, 180(tp)
core   0: 3 0x80000916 (0x0b424583) x11 0x00000060 mem 0x800105ab
core   0: 0x8000091a (0x00008c1d) c.sub   s0, a5
core   0: 3 0x8000091a (0x8c1d) x8  0x00006755
core   0: 0x8000091c (0xf0c20c03) lb      s8, -244(tp)
core   0: 3 0x8000091c (0xf0c20c03) x24 0xffffffb8 mem 0x80010403
core   0: 0x80000920 (0xf2d21ea3) sh      a3, -195(tp)
core   0: 3 0x80000920 (0xf2d21ea3) mem 0x80010434 0xfd12
core   0: 0x80000924 (0xfaa21da3) sh      a0, -69(tp)
core   0: 3 0x80000924 (0xfaa21da3) mem 0x800104b2 0x00cc
core   0: 0x80000928 (0x00000001) c.nop
core   0: 3 0x80000928 (0x0001)
core   0: 0x8000092a (0x3407baf3) csrrc   s5, mscratch, a5
core   0: 3 0x8000092a (0x3407baf3) x21 0xfff65fe4 c832_mscratch 0x00004764
core   0: 0x8000092e (0x00c24c83) lbu     s9, 12(tp)
core   0: 3 0x8000092e (0x00c24c83) x25 0x000000b8 mem 0x80010503
core   0: 0x80000932 (0x00010117) auipc   sp, 0x10
core   0: 3 0x80000932 (0x00010117) x2  0x80010932
core   0: 0x80000936 (0x38910113) addi    sp, sp, 905
core   0: 3 0x80000936 (0x38910113) x2  0x80010cbb
core   0: 0x8000093a (0x00008442) c.mv    s0, a6
core   0: 3 0x8000093a (0x8442) x8  0x0000005e
core   0: 0x8000093c (0x00b11883) lh      a7, 11(sp)
core   0: 3 0x8000093c (0x00b11883) x17 0x00007c7d mem 0x80010cc6
core   0: 0x80000940 (0x34002973) csrr    s2, mscratch
core   0: 3 0x80000940 (0x34002973) x18 0x00004764
core   0: 0x80000944 (0x00008d99) c.sub   a1, a4
core   0: 3 0x80000944 (0x8d99) x11 0x0008d169
core   0: 0x80000946 (0xfd112e83) lw      t4, -47(sp)
core   0: 3 0x80000946 (0xfd112e83) x29 0x44454647 mem 0x80010c8c
core   0: 0x8000094a (0x03c6e3b3) rem     t2, a3, t3
core   0: 3 0x8000094a (0x03c6e3b3) x7  0x00000fa4
core   0: 0x8000094e (0x02b11803) lh      a6, 43(sp)
core   0: 3 0x8000094e (0x02b11803) x16 0xffff9c9d mem 0x80010ce6
core   0: 0x80000952 (0x02e10603) lb      a2, 46(sp)
core   0: 3 0x80000952 (0x02e10603) x12 0xffffffa2 mem 0x80010ce9
core   0: 0x80000956 (0x014e2533) slt     a0, t3, s4
core   0: 3 0x80000956 (0x014e2533) x10 0x00000001
core   0: 0x8000095a (0xfed14303) lbu     t1, -19(sp)
core   0: 3 0x8000095a (0xfed14303) x6  0x00000063 mem 0x80010ca8
core   0: 0x8000095e (0x340298f3) csrrw   a7, mscratch, t0
core   0: 3 0x8000095e (0x340298f3) x17 0x00004764 c832_mscratch 0xf57d8a0a
core   0: 0x80000962 (0x94a38793) addi    a5, t2, -1718
core   0: 3 0x80000962 (0x94a38793) x15 0x000008ee
core   0: 0x80000966 (0xfd814d83) lbu     s11, -40(sp)
core   0: 3 0x80000966 (0xfd814d83) x27 0x00000048 mem 0x80010c93
core   0: 0x8000096a (0xffd10f83) lb      t6, -3(sp)
core   0: 3 0x8000096a (0xffd10f83) x31 0x00000073 mem 0x80010cb8
core   0: 0x8000096e (0x01715683) lhu     a3, 23(sp)
core   0: 3 0x8000096e (0x01715683) x13 0x00008889 mem 0x80010cd2
core   0: 0x80000972 (0x013114a3) sh      s3, 9(sp)
core   0: 3 0x80000972 (0x013114a3) mem 0x80010cc4 0xceff
core   0: 0x80000976 (0x34003673) csrrc   a2, mscratch, zero
core   0: 3 0x80000976 (0x34003673) x12 0xf57d8a0a
core   0: 0x8000097a (0x00cf1b33) sll     s6, t5, a2
core   0: 3 0x8000097a (0x00cf1b33) x22 0x0a749000
core   0: 0x8000097e (0x03e14c03) lbu     s8, 62(sp)
core   0: 3 0x8000097e (0x03e14c03) x24 0x000000b2 mem 0x80010cf9
core   0: 0x80000982 (0x00008236) c.mv    tp, a3
core   0: 3 0x80000982 (0x8236) x4  0x00008889
core   0: 0x80000984 (0x00008ec5) c.or    a3, s1
core   0: 3 0x80000984 (0x8ec5) x13 0x989b9fbf
core   0: 0x80000986 (0x00315d83) lhu     s11, 3(sp)
core   0: 3 0x80000986 (0x00315d83) x27 0x00007475 mem 0x80010cbe
core   0: 0x8000098a (0xffb10903) lb      s2, -5(sp)
core   0: 3 0x8000098a (0xffb10903) x18 0x0000006d mem 0x80010cb6
core   0: 0x8000098e (0xfce14403) lbu     s0, -50(sp)
core   0: 3 0x8000098e (0xfce14403) x8  0x00000042 mem 0x80010c89
core   0: 0x80000992 (0x223ee713) ori     a4, t4, 547
core   0: 3 0x80000992 (0x223ee713) x14 0x44454667
core   0: 0x80000996 (0x03e14603) lbu     a2, 62(sp)
core   0: 3 0x80000996 (0x03e14603) x12 0x000000b2 mem 0x80010cf9
core   0: 0x8000099a (0xfcf11aa3) sh      a5, -43(sp)
core   0: 3 0x8000099a (0xfcf11aa3) mem 0x80010c90 0x08ee
core   0: 0x8000099e (0x00008c6e) c.mv    s8, s11
core   0: 3 0x8000099e (0x8c6e) x24 0x00007475
core   0: 0x800009a0 (0xff715c03) lhu     s8, -9(sp)
core   0: 3 0x800009a0 (0xff715c03) x24 0x00006869 mem 0x80010cb2
core   0: 0x800009a4 (0x00810203) lb      tp, 8(sp)
core   0: 3 0x800009a4 (0x00810203) x4  0x00000078 mem 0x80010cc3
core   0: 0x800009a8 (0x01b14883) lbu     a7, 27(sp)
core   0: 3 0x800009a8 (0x01b14883) x17 0x0000008d mem 0x80010cd6
core   0: 0x800009ac (0x023c91b3) mulh    gp, s9, gp
core   0: 3 0x800009ac (0x023c91b3) x3  0x00000000
core   0: 0x800009b0 (0x01021913) slli    s2, tp, 16
core   0: 3 0x800009b0 (0x01021913) x18 0x00780000
core   0: 0x800009b4 (0x340cbef3) csrrc   t4, mscratch, s9
core   0: 3 0x800009b4 (0x340cbef3) x29 0xf57d8a0a c832_mscratch 0xf57d8a02
core   0: 0x800009b8 (0x04010883) lb      a7, 64(sp)
core   0: 3 0x800009b8 (0x04010883) x17 0xffffffb0 mem 0x80010cfb
core   0: 0x800009bc (0x03511d03) lh      s10, 53(sp)
core   0: 3 0x800009bc (0x03511d03) x26 0xffffaaab mem 0x80010cf0
core   0: 0x800009c0 (0xfce10f83) lb      t6, -50(sp)
core   0: 3 0x800009c0 (0xfce10f83) x31 0x00000042 mem 0x80010c89
core   0: 0x800009c4 (0xfe410383) lb      t2, -28(sp)
core   0: 3 0x800009c4 (0xfe410383) x7  0x00000054 mem 0x80010c9f
core   0: 0x800009c8 (0x00008d15) c.sub   a0, a3
core   0: 3 0x800009c8 (0x8d15) x10 0x67646042
core   0: 0x800009ca (0xfd310aa3) sb      s3, -43(sp)
core   0: 3 0x800009ca (0xfd310aa3) mem 0x80010c90 0xff
core   0: 0x800009ce (0x01410d83) lb      s11, 20(sp)
core   0: 3 0x800009ce (0x01410d83) x27 0xffffff84 mem 0x80010ccf
core   0: 0x800009d2 (0x8ead3393) sltiu   t2, s10, -1814
core   0: 3 0x800009d2 (0x8ead3393) x7  0x00000001
core   0: 0x800009d6 (0xffe10d03) lb      s10, -2(sp)
core   0: 3 0x800009d6 (0xffe10d03) x26 0x00000072 mem 0x80010cb9
core   0: 0x800009da (0xfc110f23) sb      ra, -34(sp)
core   0: 3 0x800009da (0xfc110f23) mem 0x80010c99 0x00
core   0: 0x800009de (0x0001c817) auipc   a6, 0x1c
core   0: 3 0x800009de (0x0001c817) x16 0x8001c9de
core   0: 0x800009e2 (0x23080813) addi    a6, a6, 560
core   0: 3 0x800009e2 (0x23080813) x16 0x8001cc0e
core   0: 0x800009e6 (0x00481123) sh      tp, 2(a6)
core   0: 3 0x800009e6 (0x00481123) mem 0x8001cc10 0x0078
core   0: 0x800009ea (0xfff80e03) lb      t3, -1(a6)
core   0: 3 0x800009ea (0xfff80e03) x28 0xffffffc6 mem 0x8001cc0d
core   0: 0x800009ee (0x00008cc1) c.or    s1, s0
core   0: 3 0x800009ee (0x8cc1) x9  0x989b9fff
core   0: 0x800009f0 (0x038de233) rem     tp, s11, s8
core   0: 3 0x800009f0 (0x038de233) x4  0xffffff84
core   0: 0x800009f4 (0x0000623d) c.lui   tp, 0xf
core   0: 3 0x800009f4 (0x623d) x4  0x0000f000
core   0: 0x800009f6 (0xf9c12b13) slti    s6, sp, -100
core   0: 3 0x800009f6 (0xf9c12b13) x22 0x00000001
core   0: 0x800009fa (0x0000717d) c.addi16sp sp, -16
core   0: 3 0x800009fa (0x717d) x2  0x80010cab
core   0: 0x800009fc (0x028fb4b3) mulhu   s1, t6, s0
core   0: 3 0x800009fc (0x028fb4b3) x9  0x00000000
core   0: 0x80000a00 (0xff680003) lb      zero, -10(a6)
core   0: 3 0x80000a00 (0xff680003) mem 0x8001cc04
core   0: 0x80000a04 (0x34007673) csrrci  a2, mscratch, 0
core   0: 3 0x80000a04 (0x34007673) x12 0xf57d8a02
core   0: 0x80000a08 (0x00481e03) lh      t3, 4(a6)
core   0: 3 0x80000a08 (0x00481e03) x28 0xffffc8c9 mem 0x8001cc12
core   0: 0x80000a0c (0xff0808a3) sb      a6, -15(a6)
core   0: 3 0x80000a0c (0xff0808a3) mem 0x8001cbff 0x0e
core   0: 0x80000a10 (0x00782123) sw      t2, 2(a6)
core   0: 3 0x80000a10 (0x00782123) mem 0x8001cc10 0x00000001
core   0: 0x80000a14 (0xff680a23) sb      s6, -12(a6)
core   0: 3 0x80000a14 (0xff680a23) mem 0x8001cc02 0x01
core   0: 0x80000a18 (0x012803a3) sb      s2, 7(a6)
core   0: 3 0x80000a18 (0x012803a3) mem 0x8001cc15 0x00
core   0: 0x80000a1c (0xff684783) lbu     a5, -10(a6)
core   0: 3 0x80000a1c (0xff684783) x15 0x000000bf mem 0x8001cc04
core   0: 0x80000a20 (0x00a84783) lbu     a5, 10(a6)
core   0: 3 0x80000a20 (0x00a84783) x15 0x000000d3 mem 0x8001cc18
core   0: 0x80000a24 (0xfed80ca3) sb      a3, -7(a6)
core   0: 3 0x80000a24 (0xfed80ca3) mem 0x8001cc07 0xbf
core   0: 0x80000a28 (0xff080da3) sb      a6, -5(a6)
core   0: 3 0x80000a28 (0xff080da3) mem 0x8001cc09 0x0e
core   0: 0x80000a2c (0x00d84d03) lbu     s10, 13(a6)
core   0: 3 0x80000a2c (0x00d84d03) x26 0x000000d0 mem 0x8001cc1b
core   0: 0x80000a30 (0xfe080aa3) sb      zero, -11(a6)
core   0: 3 0x80000a30 (0xfe080aa3) mem 0x8001cc03 0x00
core   0: 0x80000a34 (0x001956b3) srl     a3, s2, ra
core   0: 3 0x80000a34 (0x001956b3) x13 0x00780000
core   0: 0x80000a38 (0x02ba1e33) mulh    t3, s4, a1
core   0: 3 0x80000a38 (0x02ba1e33) x28 0x00000000
core   0: 0x80000a3c (0x037a8933) mul     s2, s5, s7
core   0: 3 0x80000a3c (0x037a8933) x18 0x30d32610
core   0: 0x80000a40 (0xff680703) lb      a4, -10(a6)
core   0: 3 0x80000a40 (0xff680703) x14 0xffffffbf mem 0x8001cc04
core   0: 0x80000a44 (0x0146c933) xor     s2, a3, s4
core   0: 3 0x80000a44 (0x0146c933) x18 0x00780000
core   0: 0x80000a48 (0xffe808a3) sb      t5, -15(a6)
core   0: 3 0x80000a48 (0xffe808a3) mem 0x8001cbff 0x24
core   0: 0x80000a4c (0x0223be33) mulhu   t3, t2, sp
core   0: 3 0x80000a4c (0x0223be33) x28 0x00000000
core   0: 0x80000a50 (0x00484303) lbu     t1, 4(a6)
core   0: 3 0x80000a50 (0x00484303) x6  0x00000000 mem 0x8001cc12
core   0: 0x80000a54 (0x00d80d03) lb      s10, 13(a6)
core   0: 3 0x80000a54 (0x00d80d03) x26 0xffffffd0 mem 0x8001cc1b
core   0: 0x80000a58 (0x00280723) sb      sp, 14(a6)
core   0: 3 0x80000a58 (0x00280723) mem 0x8001cc1c 0xab
core   0: 0x80000a5c (0xffc81e23) sh      t3, -4(a6)
core   0: 3 0x80000a5c (0xffc81e23) mem 0x8001cc0a 0x0000
core   0: 0x80000a60 (0x00780e83) lb      t4, 7(a6)
core   0: 3 0x80000a60 (0x00780e83) x29 0x00000000 mem 0x8001cc15
core   0: 0x80000a64 (0xfeb80ea3) sb      a1, -3(a6)
core   0: 3 0x80000a64 (0xfeb80ea3) mem 0x8001cc0b 0x69
core   0: 0x80000a68 (0x01c81423) sh      t3, 8(a6)
core   0: 3 0x80000a68 (0x01c81423) mem 0x8001cc16 0x0000
core   0: 0x80000a6c (0x00008e65) c.and   a2, s1
core   0: 3 0x80000a6c (0x8e65) x12 0x00000000
core   0: 0x80000a6e (0x00000536) c.slli  a0, 13
core   0: 3 0x80000a6e (0x0536) x10 0x8c084000
core   0: 0x80000a70 (0x025d27b3) mulhsu  a5, s10, t0
core   0: 3 0x80000a70 (0x025d27b3) x15 0xffffffd1
core   0: 0x80000a74 (0xff281103) lh      sp, -14(a6)
core   0: 3 0x80000a74 (0xff281103) x2  0xffffbabb mem 0x8001cc00
core   0: 0x80000a78 (0x00006595) c.lui   a1, 0x5
core   0: 3 0x80000a78 (0x6595) x11 0x00005000
core   0: 0x80000a7a (0xbc20b513) sltiu   a0, ra, -1086
core   0: 3 0x80000a7a (0xbc20b513) x10 0x00000001
core   0: 0x80000a7e (0x000007c5) c.addi  a5, 17
core   0: 3 0x80000a7e (0x07c5) x15 0xffffffe2
core   0: 0x80000a80 (0x01267433) and     s0, a2, s2
core   0: 3 0x80000a80 (0x01267433) x8  0x00000000
core   0: 0x80000a84 (0xfea80923) sb      a0, -14(a6)
core   0: 3 0x80000a84 (0xfea80923) mem 0x8001cc00 0x01
core   0: 0x80000a88 (0x000069a9) c.lui   s3, 0xa
core   0: 3 0x80000a88 (0x69a9) x19 0x0000a000
core   0: 0x80000a8a (0x000083a2) c.mv    t2, s0
core   0: 3 0x80000a8a (0x83a2) x7  0x00000000
core   0: 0x80000a8c (0xff881883) lh      a7, -8(a6)
core   0: 3 0x80000a8c (0xff881883) x17 0xffffbfbd mem 0x8001cc06
core   0: 0x80000a90 (0x01080c83) lb      s9, 16(a6)
core   0: 3 0x80000a90 (0x01080c83) x25 0xffffffd5 mem 0x8001cc1e
core   0: 0x80000a94 (0x00281203) lh      tp, 2(a6)
core   0: 3 0x80000a94 (0x00281203) x4  0x00000001 mem 0x8001cc10
core   0: 0x80000a98 (0xff485183) lhu     gp, -12(a6)
core   0: 3 0x80000a98 (0xff485183) x3  0x00000001 mem 0x8001cc02
core   0: 0x80000a9c (0x0001e697) auipc   a3, 0x1e
core   0: 3 0x80000a9c (0x0001e697) x13 0x8001ea9c
core   0: 0x80000aa0 (0xf3b68693) addi    a3, a3, -197
core   0: 3 0x80000aa0 (0xf3b68693) x13 0x8001e9d7
core   0: 0x80000aa4 (0x003fdab3) srl     s5, t6, gp
core   0: 3 0x80000aa4 (0x003fdab3) x21 0x00000021
core   0: 0x80000aa8 (0xfc66c903) lbu     s2, -58(a3)
core   0: 3 0x80000aa8 (0xfc66c903) x18 0x00000056 mem 0x8001e99d
core   0: 0x80000aac (0xfc268c03) lb      s8, -62(a3)
core   0: 3 0x80000aac (0xfc268c03) x24 0x00000052 mem 0x8001e999
core   0: 0x80000ab0 (0xffd6df83) lhu     t6, -3(a3)
core   0: 3 0x80000ab0 (0xffd6df83) x31 0x00008e8f mem 0x8001e9d4
core   0: 0x80000ab4 (0x03e6cb03) lbu     s6, 62(a3)
core   0: 3 0x80000ab4 (0x03e6cb03) x22 0x000000ce mem 0x8001ea15
core   0: 0x80000ab8 (0x00006145) c.addi16sp sp, 48
core   0: 3 0x80000ab8 (0x6145) x2  0xffffbaeb
core   0: 0x80000aba (0x0206ca03) lbu     s4, 32(a3)
core   0: 3 0x80000aba (0x0206ca03) x20 0x000000ac mem 0x8001e9f7
core   0: 0x80000abe (0x024691a3) sh      tp, 35(a3)
core   0: 3 0x80000abe (0x024691a3) mem 0x8001e9fa 0x0001
core   0: 0x80000ac2 (0x02c92b33) mulhsu  s6, s2, a2
core   0: 3 0x80000ac2 (0x02c92b33) x22 0x00000000
core   0: 0x80000ac6 (0x03a68083) lb      ra, 58(a3)
core   0: 3 0x80000ac6 (0x03a68083) x1  0xffffffca mem 0x8001ea11
core   0: 0x80000aca (0xfee6cd03) lbu     s10, -18(a3)
core   0: 3 0x80000aca (0xfee6cd03) x26 0x0000007e mem 0x8001e9c5
core   0: 0x80000ace (0x01868583) lb      a1, 24(a3)
core   0: 3 0x80000ace (0x01868583) x11 0xffffffa4 mem 0x8001e9ef
core   0: 0x80000ad2 (0x0b31d8b7) lui     a7, 0xb31d
core   0: 3 0x80000ad2 (0x0b31d8b7) x17 0x0b31d000
core   0: 0x80000ad6 (0xff468b03) lb      s6, -12(a3)
core   0: 3 0x80000ad6 (0xff468b03) x22 0xffffff80 mem 0x8001e9cb
core   0: 0x80000ada (0x3c5ff393) andi    t2, t6, 965
core   0: 3 0x80000ada (0x3c5ff393) x7  0x00000285
core   0: 0x80000ade (0xfff6d903) lhu     s2, -1(a3)
core   0: 3 0x80000ade (0xfff6d903) x18 0x00008c8d mem 0x8001e9d6
core   0: 0x80000ae2 (0x0266c903) lbu     s2, 38(a3)
core   0: 3 0x80000ae2 (0x0266c903) x18 0x000000b6 mem 0x8001e9fd
core   0: 0x80000ae6 (0x02168e83) lb      t4, 33(a3)
core   0: 3 0x80000ae6 (0x02168e83) x29 0xffffffb3 mem 0x8001e9f8
core   0: 0x80000aea (0xfcb68c03) lb      s8, -53(a3)
core   0: 3 0x80000aea (0xfcb68c03) x24 0x00000059 mem 0x8001e9a2
core   0: 0x80000aee (0xff068fa3) sb      a6, -1(a3)
core   0: 3 0x80000aee (0xff068fa3) mem 0x8001e9d6 0x0e
core   0: 0x80000af2 (0xff468823) sb      s4, -16(a3)
core   0: 3 0x80000af2 (0xff468823) mem 0x8001e9c7 0xac
core   0: 0x80000af6 (0xffb68b23) sb      s11, -10(a3)
core   0: 3 0x80000af6 (0xffb68b23) mem 0x8001e9cd 0x84
core   0: 0x80000afa (0x00368123) sb      gp, 2(a3)
core   0: 3 0x80000afa (0x00368123) mem 0x8001e9d9 0x01
core   0: 0x80000afe (0x41478133) sub     sp, a5, s4
core   0: 3 0x80000afe (0x41478133) x2  0xffffff36
core   0: 0x80000b02 (0xfea6c483) lbu     s1, -22(a3)
core   0: 3 0x80000b02 (0xfea6c483) x9  0x0000007a mem 0x8001e9c1
core   0: 0x80000b06 (0x02969183) lh      gp, 41(a3)
core   0: 3 0x80000b06 (0x02969183) x3  0xffffbabb mem 0x8001ea00
core   0: 0x80000b0a (0x34059e73) csrrw   t3, mscratch, a1
core   0: 3 0x80000b0a (0x34059e73) x28 0xf57d8a02 c832_mscratch 0xffffffa4
core   0: 0x80000b0e (0x00961d93) slli    s11, a2, 9
core   0: 3 0x80000b0e (0x00961d93) x27 0x00000000
core   0: 0x80000b12 (0x00d6a183) lw      gp, 13(a3)
core   0: 3 0x80000b12 (0x00d6a183) x3  0x9c9d9e9f mem 0x8001e9e4
core   0: 0x80000b16 (0x00e91033) sll     zero, s2, a4
core   0: 3 0x80000b16 (0x00e91033)
core   0: 0x80000b1a (0xfd8687a3) sb      s8, -49(a3)
core   0: 3 0x80000b1a (0xfd8687a3) mem 0x8001e9a6 0x59
core   0: 0x80000b1e (0x02a43eb3) mulhu   t4, s0, a0
core   0: 3 0x80000b1e (0x02a43eb3) x29 0x00000000
core   0: 0x80000b22 (0x03f6ce03) lbu     t3, 63(a3)
core   0: 3 0x80000b22 (0x03f6ce03) x28 0x000000cd mem 0x8001ea16
core   0: 0x80000b26 (0x00b6d803) lhu     a6, 11(a3)
core   0: 3 0x80000b26 (0x00b6d803) x16 0x00009899 mem 0x8001e9e2
core   0: 0x80000b2a (0x0000100f) fence.i
core   0: 3 0x80000b2a (0x0000100f)
core   0: 0x80000b2e (0xffa68703) lb      a4, -6(a3)
core   0: 3 0x80000b2e (0xffa68703) x14 0xffffff8a mem 0x8001e9d1
core   0: 0x80000b32 (0xfd26ce83) lbu     t4, -46(a3)
core   0: 3 0x80000b32 (0xfd26ce83) x29 0x00000062 mem 0x8001e9a9
core   0: 0x80000b36 (0x01b68183) lb      gp, 27(a3)
core   0: 3 0x80000b36 (0x01b68183) x3  0xffffffa9 mem 0x8001e9f2
core   0: 0x80000b3a (0x0001c117) auipc   sp, 0x1c
core   0: 3 0x80000b3a (0x0001c117) x2  0x8001cb3a
core   0: 0x80000b3e (0xbab10113) addi    sp, sp, -1109
core   0: 3 0x80000b3e (0xbab10113) x2  0x8001c6e5
core   0: 0x80000b42 (0x34071c73) csrrw   s8, mscratch, a4
core   0: 3 0x80000b42 (0x34071c73) x24 0xffffffa4 c832_mscratch 0xffffff8a
core   0: 0x80000b46 (0x00008246) c.mv    tp, a7
core   0: 3 0x80000b46 (0x8246) x4  0x0b31d000
core   0: 0x80000b48 (0x00008e7d) c.and   a2, a5
core   0: 3 0x80000b48 (0x8e7d) x12 0x00000000
core   0: 0x80000b4a (0x924e4f93) xori    t6, t3, -1756
core   0: 3 0x80000b4a (0x924e4f93) x31 0xfffff9e9
core   0: 0x80000b4e (0x5f421837) lui     a6, 0x5f421
core   0: 3 0x80000b4e (0x5f421837) x16 0x5f421000
core   0: 0x80000b52 (0x01236933) or      s2, t1, s2
core   0: 3 0x80000b52 (0x01236933) x18 0x000000b6
core   0: 0x80000b56 (0xc8414203) lbu     tp, -892(sp)
core   0: 3 0x80000b56 (0xc8414203) x4  0x00000022 mem 0x8001c369
core   0: 0x80000b5a (0x725b3893) sltiu   a7, s6, 1829
core   0: 3 0x80000b5a (0x725b3893) x17 0x00000000
core   0: 0x80000b5e (0xa8a82513) slti    a0, a6, -1398
core   0: 3 0x80000b5e (0xa8a82513) x10 0x00000000
core   0: 0x80000b62 (0x4096d593) srai    a1, a3, 9
core   0: 3 0x80000b62 (0x4096d593) x11 0xffc000f4
core   0: 0x80000b66 (0x19814d03) lbu     s10, 408(sp)
core   0: 3 0x80000b66 (0x19814d03) x26 0x00000036 mem 0x8001c87d
core   0: 0x80000b6a (0x034a0633) mul     a2, s4, s4
core   0: 3 0x80000b6a (0x034a0633) x12 0x00007390
core   0: 0x80000b6e (0x74d11c03) lh      s8, 1869(sp)
core   0: 3 0x80000b6e (0x74d11c03) x24 0xffffe8e9 mem 0x8001ce32
core   0: 0x80000b72 (0xf4814803) lbu     a6, -184(sp)
core   0: 3 0x80000b72 (0xf4814803) x16 0x000000e6 mem 0x8001c62d
core   0: 0x80000b76 (0xdb510383) lb      t2, -587(sp)
core   0: 3 0x80000b76 (0xdb510383) x7  0x00000051 mem 0x8001c49a
core   0: 0x80000b7a (0xf5914c03) lbu     s8, -167(sp)
core   0: 3 0x80000b7a (0xf5914c03) x24 0x000000f5 mem 0x8001c63e
core   0: 0x80000b7e (0x3409d1f3) csrrwi  gp, mscratch, 19
core   0: 3 0x80000b7e (0x3409d1f3) x3  0xffffff8a c832_mscratch 0x00000013
core   0: 0x80000b82 (0xd2810d23) sb      s0, -710(sp)
core   0: 3 0x80000b82 (0xd2810d23) mem 0x8001c41f 0x00
core   0: 0x80000b86 (0x73503593) sltiu   a1, zero, 1845
core   0: 3 0x80000b86 (0x73503593) x11 0x00000001
core   0: 0x80000b8a (0x01211ca3) sh      s2, 25(sp)
core   0: 3 0x80000b8a (0x01211ca3) mem 0x8001c6fe 0x00b6
core   0: 0x80000b8e (0x340429f3) csrrs   s3, mscratch, s0
core   0: 3 0x80000b8e (0x340429f3) x19 0x00000013 c832_mscratch 0x00000013
core   0: 0x80000b92 (0x3407b373) csrrc   t1, mscratch, a5
core   0: 3 0x80000b92 (0x3407b373) x6  0x00000013 c832_mscratch 0x00000011
core   0: 0x80000b96 (0xe3614903) lbu     s2, -458(sp)
core   0: 3 0x80000b96 (0xe3614903) x18 0x000000d0 mem 0x8001c51b
core   0: 0x80000b9a (0x00f13b13) sltiu   s6, sp, 15
core   0: 3 0x80000b9a (0x00f13b13) x22 0x00000000
core   0: 0x80000b9e (0x03642cb3) mulhsu  s9, s0, s6
core   0: 3 0x80000b9e (0x03642cb3) x25 0x00000000
core   0: 0x80000ba2 (0x2e036737) lui     a4, 0x2e036
core   0: 3 0x80000ba2 (0x2e036737) x14 0x2e036000
core   0: 0x80000ba6 (0x005f1e13) slli    t3, t5, 5
core   0: 3 0x80000ba6 (0x005f1e13) x28 0x0053a480
core   0: 0x80000baa (0xf8810383) lb      t2, -120(sp)
core   0: 3 0x80000baa (0xf8810383) x7  0x00000026 mem 0x8001c66d
core   0: 0x80000bae (0x53d14703) lbu     a4, 1341(sp)
core   0: 3 0x80000bae (0x53d14703) x14 0x000000d9 mem 0x8001cc22
core   0: 0x80000bb2 (0x340d2873) csrrs   a6, mscratch, s10
core   0: 3 0x80000bb2 (0x340d2873) x16 0x00000011 c832_mscratch 0x00000037
core   0: 0x80000bb6 (0x6bf14583) lbu     a1, 1727(sp)
core   0: 3 0x80000bb6 (0x6bf14583) x11 0x0000005f mem 0x8001cda4
core   0: 0x80000bba (0x94c10e03) lb      t3, -1716(sp)
core   0: 3 0x80000bba (0x94c10e03) x28 0xffffffea mem 0x8001c031
core   0: 0x80000bbe (0xbf314503) lbu     a0, -1037(sp)
core   0: 3 0x80000bbe (0xbf314503) x10 0x00000093 mem 0x8001c2d8
core   0: 0x80000bc2 (0xa87f3713) sltiu   a4, t5, -1401
core   0: 3 0x80000bc2 (0xa87f3713) x14 0x00000001
core   0: 0x80000bc6 (0x03a665b3) rem     a1, a2, s10
core   0: 3 0x80000bc6 (0x03a665b3) x11 0x0000002e
core   0: 0x80000bca (0x6b021537) lui     a0, 0x6b021
core   0: 3 0x80000bca (0x6b021537) x10 0x6b021000
core   0: 0x80000bce (0x016e7eb3) and     t4, t3, s6
core   0: 3 0x80000bce (0x016e7eb3) x29 0x00000000
core   0: 0x80000bd2 (0x344e7493) andi    s1, t3, 836
core   0: 3 0x80000bd2 (0x344e7493) x9  0x00000340
core   0: 0x80000bd6 (0x0000021e) c.slli  tp, 7
core   0: 3 0x80000bd6 (0x021e) x4  0x00001100
core   0: 0x80000bd8 (0x0391e233) rem     tp, gp, s9
core   0: 3 0x80000bd8 (0x0391e233) x4  0xffffff8a
core   0: 0x80000bdc (0xc5e10223) sb      t5, -956(sp)
core   0: 3 0x80000bdc (0xc5e10223) mem 0x8001c329 0x24
core   0: 0x80000be0 (0x4c214403) lbu     s0, 1218(sp)
core   0: 3 0x80000be0 (0x4c214403) x8  0x0000005c mem 0x8001cba7
core   0: 0x80000be4 (0x00f0d6b3) srl     a3, ra, a5
core   0: 3 0x80000be4 (0x00f0d6b3) x13 0x3ffffff2
core   0: 0x80000be8 (0x72515003) lhu     zero, 1829(sp)
core   0: 3 0x80000be8 (0x72515003) mem 0x8001ce0a
core   0: 0x80000bec (0x00020d97) auipc   s11, 0x20
core   0: 3 0x80000bec (0x00020d97) x27 0x80020bec
core   0: 0x80000bf0 (0xd97d8d93) addi    s11, s11, -617
core   0: 3 0x80000bf0 (0xd97d8d93) x27 0x80020983
core   0: 0x80000bf4 (0x25975c17) auipc   s8, 0x25975
core   0: 3 0x80000bf4 (0x25975c17) x24 0xa5975bf4
core   0: 0x80000bf8 (0x01953833) sltu    a6, a0, s9
core   0: 3 0x80000bf8 (0x01953833) x16 0x00000000
core   0: 0x80000bfc (0x03ddcf83) lbu     t6, 61(s11)
core   0: 3 0x80000bfc (0x03ddcf83) x31 0x0000007b mem 0x800209c0
core   0: 0x80000c00 (0x00008009) c.srli  s0, 2
core   0: 3 0x80000c00 (0x8009) x8  0x00000017
core   0: 0x80000c02 (0xf35dac03) lw      s8, -203(s11)
core   0: 3 0x80000c02 (0xf35dac03) x24 0x70717273 mem 0x800208b8
core   0: 0x80000c06 (0xf56d80a3) sb      s6, -191(s11)
core   0: 3 0x80000c06 (0xf56d80a3) mem 0x800208c4 0x00
core   0: 0x80000c0a (0xfb8d8023) sb      s8, -96(s11)
core   0: 3 0x80000c0a (0xfb8d8023) mem 0x80020923 0x73
core   0: 0x80000c0e (0x01e441b3) xor     gp, s0, t5
core   0: 3 0x80000c0e (0x01e441b3) x3  0x80029d33
core   0: 0x80000c12 (0x0dad8f83) lb      t6, 218(s11)
core   0: 3 0x80000c12 (0x0dad8f83) x31 0x00000016 mem 0x80020a5d
core   0: 0x80000c16 (0x000048dd) c.li    a7, 23
core   0: 3 0x80000c16 (0x48dd) x17 0x00000017
core   0: 0x80000c18 (0xf3fd8383) lb      t2, -193(s11)
core   0: 3 0x80000c18 (0xf3fd8383) x7  0x00000079 mem 0x800208c2
core   0: 0x80000c1c (0xfc7d9e83) lh      t4, -57(s11)
core   0: 3 0x80000c1c (0xfc7d9e83) x29 0x00000001 mem 0x8002094a
core   0: 0x80000c20 (0x0f4d8803) lb      a6, 244(s11)
core   0: 3 0x80000c20 (0x0f4d8803) x16 0x0000002c mem 0x80020a77
core   0: 0x80000c24 (0xc2bd0f93) addi    t6, s10, -981
core   0: 3 0x80000c24 (0xc2bd0f93) x31 0xfffffc61
core   0: 0x80000c28 (0x086dca03) lbu     s4, 134(s11)
core   0: 3 0x80000c28 (0x086dca03) x20 0x000000c2 mem 0x80020a09
core   0: 0x80000c2c (0x041d8883) lb      a7, 65(s11)
core   0: 3 0x80000c2c (0x041d8883) x17 0x0000007f mem 0x800209c4
core   0: 0x80000c30 (0x0dcdca03) lbu     s4, 220(s11)
core   0: 3 0x80000c30 (0x0dcdca03) x20 0x00000014 mem 0x80020a5f
core   0: 0x80000c34 (0x094d8983) lb      s3, 148(s11)
core   0: 3 0x80000c34 (0x094d8983) x19 0xffffffcc mem 0x80020a17
core   0: 0x80000c38 (0x08fd8223) sb      a5, 132(s11)
core   0: 3 0x80000c38 (0x08fd8223) mem 0x80020a07 0xe2
core   0: 0x80000c3c (0x411159b3) sra     s3, sp, a7
core   0: 3 0x80000c3c (0x411159b3) x19 0xffffffff
core   0: 0x80000c40 (0xf6dd8423) sb      a3, -152(s11)
core   0: 3 0x80000c40 (0xf6dd8423) mem 0x800208eb 0xf2
core   0: 0x80000c44 (0xf08dc803) lbu     a6, -248(s11)
core   0: 3 0x80000c44 (0xf08dc803) x16 0x00000040 mem 0x8002088b
core   0: 0x80000c48 (0x09f46c93) ori     s9, s0, 159
core   0: 3 0x80000c48 (0x09f46c93) x25 0x0000009f
core   0: 0x80000c4c (0x062dc983) lbu     s3, 98(s11)
core   0: 3 0x80000c4c (0x062dc983) x19 0x0000009e mem 0x800209e5
core   0: 0x80000c50 (0x00001e80) c.addi4spn s0, sp, 880
core   0: 3 0x80000c50 (0x1e80) x8  0x8001ca55
core   0: 0x80000c52 (0xafc00737) lui     a4, 0xafc00
core   0: 3 0x80000c52 (0xafc00737) x14 0xafc00000
core   0: 0x80000c56 (0xfbdd8e03) lb      t3, -67(s11)
core   0: 3 0x80000c56 (0xfbdd8e03) x28 0xfffffffb mem 0x80020940
core   0: 0x80000c5a (0x00000001) c.nop
core   0: 3 0x80000c5a (0x0001)
core   0: 0x80000c5c (0x3404f8f3) csrrci  a7, mscratch, 9
core   0: 3 0x80000c5c (0x3404f8f3) x17 0x00000037 c832_mscratch 0x00000036
core   0: 0x80000c60 (0x03e019b3) mulh    s3, zero, t5
core   0: 3 0x80000c60 (0x03e019b3) x19 0x00000000
core   0: 0x80000c64 (0x01226b33) or      s6, tp, s2
core   0: 3 0x80000c64 (0x01226b33) x22 0xffffffda
core   0: 0x80000c68 (0xf28d8223) sb      s0, -220(s11)
core   0: 3 0x80000c68 (0xf28d8223) mem 0x800208a7 0x55
core   0: 0x80000c6c (0x01d27c33) and     s8, tp, t4
core   0: 3 0x80000c6c (0x01d27c33) x24 0x00000000
core   0: 0x80000c70 (0x00008fa5) c.xor   a5, s1
core   0: 3 0x80000c70 (0x8fa5) x15 0xfffffca2
core   0: 0x80000c72 (0x02adcc03) lbu     s8, 42(s11)
core   0: 3 0x80000c72 (0x02adcc03) x24 0x00000066 mem 0x800209ad
core   0: 0x80000c76 (0x0b7d8383) lb      t2, 183(s11)
core   0: 3 0x80000c76 (0x0b7d8383) x7  0xfffffff1 mem 0x80020a3a
core   0: 0x80000c7a (0x099d8523) sb      s9, 138(s11)
core   0: 3 0x80000c7a (0x099d8523) mem 0x80020a0d 0x9f
core   0: 0x80000c7e (0x00000a04) c.addi4spn s1, sp, 272
core   0: 3 0x80000c7e (0x0a04) x9  0x8001c7f5
core   0: 0x80000c80 (0xfd9d8203) lb      tp, -39(s11)
core   0: 3 0x80000c80 (0xfd9d8203) x4  0x00000017 mem 0x8002095c
core   0: 0x80000c84 (0x00010c17) auipc   s8, 0x10
core   0: 3 0x80000c84 (0x00010c17) x24 0x80010c84
core   0: 0x80000c88 (0xe02c0c13) addi    s8, s8, -510
core   0: 3 0x80000c88 (0xe02c0c13) x24 0x80010a86
core   0: 0x80000c8c (0x00fc0683) lb      a3, 15(s8)
core   0: 3 0x80000c8c (0x00fc0683) x13 0x0000004e mem 0x80010a95
core   0: 0x80000c90 (0xff4c0183) lb      gp, -12(s8)
core   0: 3 0x80000c90 (0xff4c0183) x3  0x00000031 mem 0x80010a7a
core   0: 0x80000c94 (0xff7c0f83) lb      t6, -9(s8)
core   0: 3 0x80000c94 (0xff7c0f83) x31 0x00000036 mem 0x80010a7d
core   0: 0x80000c98 (0x03d457b3) divu    a5, s0, t4
core   0: 3 0x80000c98 (0x03d457b3) x15 0x8001ca55
core   0: 0x80000c9c (0xff8c0883) lb      a7, -8(s8)
core   0: 3 0x80000c9c (0xff8c0883) x17 0x00000035 mem 0x80010a7e
core   0: 0x80000ca0 (0x001750b3) srl     ra, a4, ra
core   0: 3 0x80000ca0 (0x001750b3) x1  0x002bf000
core   0: 0x80000ca4 (0x004df1b3) and     gp, s11, tp
core   0: 3 0x80000ca4 (0x004df1b3) x3  0x00000003
core   0: 0x80000ca8 (0x00006225) c.lui   tp, 0x9
core   0: 3 0x80000ca8 (0x6225) x4  0x00009000
core   0: 0x80000caa (0x3405ab73) csrrs   s6, mscratch, a1
core   0: 3 0x80000caa (0x3405ab73) x22 0x00000036 c832_mscratch 0x0000003e
core   0: 0x80000cae (0x0000100f) fence.i
core   0: 3 0x80000cae (0x0000100f)
core   0: 0x80000cb2 (0x007c4f83) lbu     t6, 7(s8)
core   0: 3 0x80000cb2 (0x007c4f83) x31 0x00000046 mem 0x80010a8d
core   0: 0x80000cb6 (0x01183db3) sltu    s11, a6, a7
core   0: 3 0x80000cb6 (0x01183db3) x27 0x00000000
core   0: 0x80000cba (0x0000100f) fence.i
core   0: 3 0x80000cba (0x0000100f)
core   0: 0x80000cbe (0x001c4703) lbu     a4, 1(s8)
core   0: 3 0x80000cbe (0x001c4703) x14 0x0000003c mem 0x80010a87
core   0: 0x80000cc2 (0x00008399) c.srli  a5, 6
core   0: 3 0x80000cc2 (0x8399) x15 0x02000729
core   0: 0x80000cc4 (0xff6c1c23) sh      s6, -8(s8)
core   0: 3 0x80000cc4 (0xff6c1c23) mem 0x80010a7e 0x0036
core   0: 0x80000cc8 (0x00008c7d) c.and   s0, a5
core   0: 3 0x80000cc8 (0x8c7d) x8  0x00000201
core   0: 0x80000cca (0x000c0703) lb      a4, 0(s8)
core   0: 3 0x80000cca (0x000c0703) x14 0x0000003d mem 0x80010a86
core   0: 0x80000cce (0x000082bd) c.srli  a3, 15
core   0: 3 0x80000cce (0x82bd) x13 0x00000000
core   0: 0x80000cd0 (0x00008c21) c.xor   s0, s0
core   0: 3 0x80000cd0 (0x8c21) x8  0x00000000
core   0: 0x80000cd2 (0x00008e25) c.xor   a2, s1
core   0: 3 0x80000cd2 (0x8e25) x12 0x8001b465
core   0: 0x80000cd4 (0x00dc04a3) sb      a3, 9(s8)
core   0: 3 0x80000cd4 (0x00dc04a3) mem 0x80010a8f 0x00
core   0: 0x80000cd8 (0xffbc0003) lb      zero, -5(s8)
core   0: 3 0x80000cd8 (0xffbc0003) mem 0x80010a81
core   0: 0x80000cdc (0xff5c4103) lbu     sp, -11(s8)
core   0: 3 0x80000cdc (0xff5c4103) x2  0x00000030 mem 0x80010a7b
core   0: 0x80000ce0 (0x00010397) auipc   t2, 0x10
core   0: 3 0x80000ce0 (0x00010397) x7  0x80010ce0
core   0: 0x80000ce4 (0xd2238393) addi    t2, t2, -734
core   0: 3 0x80000ce4 (0xd2238393) x7  0x80010a02
core   0: 0x80000ce8 (0xf2d38b03) lb      s6, -211(t2)
core   0: 3 0x80000ce8 (0xf2d38b03) x22 0xffffffe4 mem 0x8001092f
core   0: 0x80000cec (0x02f3f5b3) remu    a1, t2, a5
core   0: 3 0x80000cec (0x02f3f5b3) x11 0x01ff46eb
core   0: 0x80000cf0 (0x340f1873) csrrw   a6, mscratch, t5
core   0: 3 0x80000cf0 (0x340f1873) x16 0x0000003e c832_mscratch 0x80029d24
core   0: 0x80000cf4 (0xd1e38423) sb      t5, -760(t2)
core   0: 3 0x80000cf4 (0xd1e38423) mem 0x8001070a 0x24
core   0: 0x80000cf8 (0x0ff0000f) fence   iorw,iorw
core   0: 3 0x80000cf8 (0x0ff0000f)
core   0: 0x80000cfc (0xe6238f83) lb      t6, -414(t2)
core   0: 3 0x80000cfc (0xe6238f83) x31 0x0000001f mem 0x80010864
core   0: 0x80000d00 (0x036e4ab3) div     s5, t3, s6
core   0: 3 0x80000d00 (0x036e4ab3) x21 0x00000000
core   0: 0x80000d04 (0x000056fd) c.li    a3, -1
core   0: 3 0x80000d04 (0x56fd) x13 0xffffffff
core   0: 0x80000d06 (0x3493c683) lbu     a3, 841(t2)
core   0: 3 0x80000d06 (0x3493c683) x13 0x00000000 mem 0x80010d4b
core   0: 0x80000d0a (0x93739923) sh      s7, -1742(t2)
core   0: 3 0x80000d0a (0x93739923) mem 0x80010334 0x5ea4
core   0: 0x80000d0e (0x0000100f) fence.i
core   0: 3 0x80000d0e (0x0000100f)
core   0: 0x80000d12 (0x3bd39923) sh      t4, 946(t2)
core   0: 3 0x80000d12 (0x3bd39923) mem 0x80010db4 0x0001
core   0: 0x80000d16 (0x3401d1f3) csrrwi  gp, mscratch, 3
core   0: 3 0x80000d16 (0x3401d1f3) x3  0x80029d24 c832_mscratch 0x00000003
core   0: 0x80000d1a (0x00008e41) c.or    a2, s0
core   0: 3 0x80000d1a (0x8e41) x12 0x8001b465
core   0: 0x80000d1c (0x00009e22) c.add   t3, s0
core   0: 3 0x80000d1c (0x9e22) x28 0xfffffffb
core   0: 0x80000d1e (0x01ca5993) srli    s3, s4, 28
core   0: 3 0x80000d1e (0x01ca5993) x19 0x00000000
core   0: 0x80000d22 (0xfbe3ac03) lw      s8, -66(t2)
core   0: 3 0x80000d22 (0xfbe3ac03) x24 0x78797a7b mem 0x800109c0
core   0: 0x80000d26 (0x001937b3) sltu    a5, s2, ra
core   0: 3 0x80000d26 (0x001937b3) x15 0x00000001
core   0: 0x80000d2a (0x0000100f) fence.i
core   0: 3 0x80000d2a (0x0000100f)
core   0: 0x80000d2e (0x0000091c) c.addi4spn a5, sp, 144
core   0: 3 0x80000d2e (0x091c) x15 0x000000c0
core   0: 0x80000d30 (0x000069bd) c.lui   s3, 0xf
core   0: 3 0x80000d30 (0x69bd) x19 0x0000f000
core   0: 0x80000d32 (0x00004349) c.li    t1, 18
core   0: 3 0x80000d32 (0x4349) x6  0x00000012
core   0: 0x80000d34 (0x2ab38003) lb      zero, 683(t2)
core   0: 3 0x80000d34 (0x2ab38003) mem 0x80010cad
core   0: 0x80000d38 (0x416c5613) srai    a2, s8, 22
core   0: 3 0x80000d38 (0x416c5613) x12 0x000001e1
core   0: 0x80000d3c (0x024b6133) rem     sp, s6, tp
core   0: 3 0x80000d3c (0x024b6133) x2  0xffffffe4
core   0: 0x80000d40 (0x34006a73) csrrsi  s4, mscratch, 0
core   0: 3 0x80000d40 (0x34006a73) x20 0x00000003
core   0: 0x80000d44 (0x9388a693) slti    a3, a7, -1736
core   0: 3 0x80000d44 (0x9388a693) x13 0x00000000
core   0: 0x80000d48 (0xf503d783) lhu     a5, -176(t2)
core   0: 3 0x80000d48 (0xf503d783) x15 0x00000809 mem 0x80010952
core   0: 0x80000d4c (0x00000001) c.nop
core   0: 3 0x80000d4c (0x0001)
core   0: 0x80000d4e (0x00009b62) c.add   s6, s8
core   0: 3 0x80000d4e (0x9b62) x22 0x78797a5f
core   0: 0x80000d50 (0x39738603) lb      a2, 919(t2)
core   0: 3 0x80000d50 (0x39738603) x12 0x00000052 mem 0x80010d99
core   0: 0x80000d54 (0x00010817) auipc   a6, 0x10
core   0: 3 0x80000d54 (0x00010817) x16 0x80010d54
core   0: 0x80000d58 (0xba480813) addi    a6, a6, -1116
core   0: 3 0x80000d58 (0xba480813) x16 0x800108f8
core   0: 0x80000d5c (0xf7d84303) lbu     t1, -131(a6)
core   0: 3 0x80000d5c (0xf7d84303) x6  0x0000002e mem 0x80010875
core   0: 0x80000d60 (0x5ff80323) sb      t6, 1510(a6)
core   0: 3 0x80000d60 (0x5ff80323) mem 0x80010ede 0x1f
core   0: 0x80000d64 (0xd43802a3) sb      gp, -699(a6)
core   0: 3 0x80000d64 (0xd43802a3) mem 0x8001063d 0x24
core   0: 0x80000d68 (0x64380723) sb      gp, 1614(a6)
core   0: 3 0x80000d68 (0x64380723) mem 0x80010f46 0x24
core   0: 0x80000d6c (0x037478b3) remu    a7, s0, s7
core   0: 3 0x80000d6c (0x037478b3) x17 0x00000000
core   0: 0x80000d70 (0x6d880423) sb      s8, 1736(a6)
core   0: 3 0x80000d70 (0x6d880423) mem 0x80010fc0 0x7b
core   0: 0x80000d74 (0x00008cd5) c.or    s1, a3
core   0: 3 0x80000d74 (0x8cd5) x9  0x8001c7f5
core   0: 0x80000d76 (0x04bc2893) slti    a7, s8, 75
core   0: 3 0x80000d76 (0x04bc2893) x17 0x00000000
core   0: 0x80000d7a (0x0a880e03) lb      t3, 168(a6)
core   0: 3 0x80000d7a (0x0a880e03) x28 0x0000000e mem 0x800109a0
core   0: 0x80000d7e (0x49881503) lh      a0, 1176(a6)
core   0: 3 0x80000d7e (0x49881503) x10 0xfffff607 mem 0x80010d90
core   0: 0x80000d82 (0x34002573) csrr    a0, mscratch
core   0: 3 0x80000d82 (0x34002573) x10 0x00000003
core   0: 0x80000d86 (0xdfb80183) lb      gp, -517(a6)
core   0: 3 0x80000d86 (0xdfb80183) x3  0xffffffa8 mem 0x800106f3
core   0: 0x80000d8a (0x18180903) lb      s2, 385(a6)
core   0: 3 0x80000d8a (0x18180903) x18 0x00000032 mem 0x80010a79
core   0: 0x80000d8e (0x00008c41) c.or    s0, s0
core   0: 3 0x80000d8e (0x8c41) x8  0x00000000
core   0: 0x80000d90 (0x40580183) lb      gp, 1029(a6)
core   0: 3 0x80000d90 (0x40580183) x3  0xffffffb6 mem 0x80010cfd
core   0: 0x80000d94 (0xe6b805a3) sb      a1, -405(a6)
core   0: 3 0x80000d94 (0xe6b805a3) mem 0x80010763 0xeb
core   0: 0x80000d98 (0x84680603) lb      a2, -1978(a6)
core   0: 3 0x80000d98 (0x84680603) x12 0xfffffff5 mem 0x8001013e
core   0: 0x80000d9c (0xb5482003) lw      zero, -1196(a6)
core   0: 3 0x80000d9c (0xb5482003) mem 0x8001044c
core   0: 0x80000da0 (0x00009ef2) c.add   t4, t3
core   0: 3 0x80000da0 (0x9ef2) x29 0x0000000f
core   0: 0x80000da2 (0x1e884003) lbu     zero, 488(a6)
core   0: 3 0x80000da2 (0x1e884003) mem 0x80010ae0
core   0: 0x80000da6 (0x01d821b3) slt     gp, a6, t4
core   0: 3 0x80000da6 (0x01d821b3) x3  0x00000001
core   0: 0x80000daa (0x387800a3) sb      t2, 897(a6)
core   0: 3 0x80000daa (0x387800a3) mem 0x80010c79 0x02
core   0: 0x80000dae (0x77026a93) ori     s5, tp, 1904
core   0: 3 0x80000dae (0x77026a93) x21 0x00009770
core   0: 0x80000db2 (0xfe384883) lbu     a7, -29(a6)
core   0: 3 0x80000db2 (0xfe384883) x17 0x00000090 mem 0x800108db
core   0: 0x80000db6 (0x03eb3db3) mulhu   s11, s6, t5
core   0: 3 0x80000db6 (0x03eb3db3) x27 0x3c3df815
core   0: 0x80000dba (0xd5582e23) sw      s5, -676(a6)
core   0: 3 0x80000dba (0xd5582e23) mem 0x80010654 0x00009770
core   0: 0x80000dbe (0x3d484f83) lbu     t6, 980(a6)
core   0: 3 0x80000dbe (0x3d484f83) x31 0x00000087 mem 0x80010ccc
core   0: 0x80000dc2 (0x017ca033) slt     zero, s9, s7
core   0: 3 0x80000dc2 (0x017ca033)
core   0: 0x80000dc6 (0x3b780303) lb      t1, 951(a6)
core   0: 3 0x80000dc6 (0x3b780303) x6  0x00000064 mem 0x80010caf
core   0: 0x80000dca (0xf6d802a3) sb      a3, -155(a6)
core   0: 3 0x80000dca (0xf6d802a3) mem 0x8001085d 0x00
core   0: 0x80000dce (0x00018117) auipc   sp, 0x18
core   0: 3 0x80000dce (0x00018117) x2  0x80018dce
core   0: 0x80000dd2 (0x88210113) addi    sp, sp, -1918
core   0: 3 0x80000dd2 (0x88210113) x2  0x80018650
core   0: 0x80000dd6 (0xfc1101a3) sb      ra, -61(sp)
core   0: 3 0x80000dd6 (0xfc1101a3) mem 0x80018613 0x00
core   0: 0x80000dda (0x008653b3) srl     t2, a2, s0
core   0: 3 0x80000dda (0x008653b3) x7  0xfffffff5
core   0: 0x80000dde (0x021b8c33) mul     s8, s7, ra
core   0: 3 0x80000dde (0x021b8c33) x24 0x1e45c000
core   0: 0x80000de2 (0x00008e89) c.sub   a3, a0
core   0: 3 0x80000de2 (0x8e89) x13 0xfffffffd
core   0: 0x80000de4 (0x00008221) c.srli  a2, 8
core   0: 3 0x80000de4 (0x8221) x12 0x00ffffff
core   0: 0x80000de6 (0xfd015a03) lhu     s4, -48(sp)
core   0: 3 0x80000de6 (0xfd015a03) x20 0x0000dadb mem 0x80018620
core   0: 0x80000dea (0x01714e83) lbu     t4, 23(sp)
core   0: 3 0x80000dea (0x01714e83) x29 0x0000001c mem 0x80018667
core   0: 0x80000dee (0x0000977e) c.add   a4, t6
core   0: 3 0x80000dee (0x977e) x14 0x000000c4
core   0: 0x80000df0 (0x00008ded) c.and   a1, a1
core   0: 3 0x80000df0 (0x8ded) x11 0x01ff46eb
core   0: 0x80000df2 (0xf51f0037) lui     zero, 0xf51f0
core   0: 3 0x80000df2 (0xf51f0037)
core   0: 0x80000df6 (0x007257b3) srl     a5, tp, t2
core   0: 3 0x80000df6 (0x007257b3) x15 0x00000000
core   0: 0x80000dfa (0x00d48c33) add     s8, s1, a3
core   0: 3 0x80000dfa (0x00d48c33) x24 0x8001c7f2
core   0: 0x80000dfe (0xfc8109a3) sb      s0, -45(sp)
core   0: 3 0x80000dfe (0xfc8109a3) mem 0x80018623 0x00
core   0: 0x80000e02 (0x0174c9b3) xor     s3, s1, s7
core   0: 3 0x80000e02 (0x0174c9b3) x19 0x00039951
core   0: 0x80000e06 (0x46b12d93) slti    s11, sp, 1131
core   0: 3 0x80000e06 (0x46b12d93) x27 0x00000001
core   0: 0x80000e0a (0x00000001) c.nop
core   0: 3 0x80000e0a (0x0001)
core   0: 0x80000e0c (0x022030b3) mulhu   ra, zero, sp
core   0: 3 0x80000e0c (0x022030b3) x1  0x00000000
core   0: 0x80000e10 (0x01b41233) sll     tp, s0, s11
core   0: 3 0x80000e10 (0x01b41233) x4  0x00000000
core   0: 0x80000e14 (0xfe510583) lb      a1, -27(sp)
core   0: 3 0x80000e14 (0xfe510583) x11 0xffffffee mem 0x80018635
core   0: 0x80000e18 (0x00005882) c.lwsp  a7, 32(sp)
core   0: 3 0x80000e18 (0x5882) x17 0x28292a2b mem 0x80018670
core   0: 0x80000e1a (0xfd410483) lb      s1, -44(sp)
core   0: 3 0x80000e1a (0xfd410483) x9  0xffffffdf mem 0x80018624
core   0: 0x80000e1e (0x000053b2) c.lwsp  t2, 44(sp)
core   0: 3 0x80000e1e (0x53b2) x7  0x34353637 mem 0x8001867c
core   0: 0x80000e20 (0x00000e12) c.slli  t3, 4
core   0: 3 0x80000e20 (0x0e12) x28 0x000000e0
core   0: 0x80000e22 (0x1353d917) auipc   s2, 0x1353d
core   0: 3 0x80000e22 (0x1353d917) x18 0x9353de22
core   0: 0x80000e26 (0x000080fa) c.mv    ra, t5
core   0: 3 0x80000e26 (0x80fa) x1  0x80029d24
core   0: 0x80000e28 (0x40dcd493) srai    s1, s9, 13
core   0: 3 0x80000e28 (0x40dcd493) x9  0x00000000
core   0: 0x80000e2c (0x4174da93) srai    s5, s1, 23
core   0: 3 0x80000e2c (0x4174da93) x21 0x00000000
core   0: 0x80000e30 (0x0000100f) fence.i
core   0: 3 0x80000e30 (0x0000100f)
core   0: 0x80000e34 (0x010e4333) xor     t1, t3, a6
core   0: 3 0x80000e34 (0x010e4333) x6  0x80010818
core   0: 0x80000e38 (0xff310a03) lb      s4, -13(sp)
core   0: 3 0x80000e38 (0xff310a03) x20 0xfffffff8 mem 0x80018643
core   0: 0x80000e3c (0xfc914303) lbu     t1, -55(sp)
core   0: 3 0x80000e3c (0xfc914303) x6  0x000000d2 mem 0x80018619
core   0: 0x80000e40 (0x03167e33) remu    t3, a2, a7
core   0: 3 0x80000e40 (0x03167e33) x28 0x00ffffff
core   0: 0x80000e44 (0x0ff0000f) fence   iorw,iorw
core   0: 3 0x80000e44 (0x0ff0000f)
core   0: 0x80000e48 (0x01b10d23) sb      s11, 26(sp)
core   0: 3 0x80000e48 (0x01b10d23) mem 0x8001866a 0x01
core   0: 0x80000e4c (0x0000030e) c.slli  t1, 3
core   0: 3 0x80000e4c (0x030e) x6  0x00000690
core   0: 0x80000e4e (0x00008fc1) c.or    a5, s0
core   0: 3 0x80000e4e (0x8fc1) x15 0x00000000
core   0: 0x80000e50 (0x01895b33) srl     s6, s2, s8
core   0: 3 0x80000e50 (0x01895b33) x22 0x000024d4
core   0: 0x80000e54 (0xff211b23) sh      s2, -10(sp)
core   0: 3 0x80000e54 (0xff211b23) mem 0x80018646 0xde22
core   0: 0x80000e58 (0x00116033) or      zero, sp, ra
core   0: 3 0x80000e58 (0x00116033)
core   0: 0x80000e5c (0xfe811d23) sh      s0, -6(sp)
core   0: 3 0x80000e5c (0xfe811d23) mem 0x8001864a 0x0000
core   0: 0x80000e60 (0x0000d026) c.swsp  s1, 32(sp)
core   0: 3 0x80000e60 (0xd026) mem 0x80018670 0x00000000
core   0: 0x80000e62 (0x41935693) srai    a3, t1, 25
core   0: 3 0x80000e62 (0x41935693) x13 0x00000000
core   0: 0x80000e66 (0x03e84eb3) div     t4, a6, t5
core   0: 3 0x80000e66 (0x03e84eb3) x29 0x00000001
core   0: 0x80000e6a (0x00005fd2) c.lwsp  t6, 52(sp)
core   0: 3 0x80000e6a (0x5fd2) x31 0x3c3d3e3f mem 0x80018684
core   0: 0x80000e6c (0x01433533) sltu    a0, t1, s4
core   0: 3 0x80000e6c (0x01433533) x10 0x00000001
core   0: 0x80000e70 (0xfc211523) sh      sp, -54(sp)
core   0: 3 0x80000e70 (0xfc211523) mem 0x8001861a 0x8650
core   0: 0x80000e74 (0x0000fa97) auipc   s5, 0xf
core   0: 3 0x80000e74 (0x0000fa97) x21 0x8000fe74
core   0: 0x80000e78 (0x246a8a93) addi    s5, s5, 582
core   0: 3 0x80000e78 (0x246a8a93) x21 0x800100ba
core   0: 0x80000e7c (0x38eaa683) lw      a3, 910(s5)
core   0: 3 0x80000e7c (0x38eaa683) x13 0x00010203 mem 0x80010448
core   0: 0x80000e80 (0x41ded0b3) sra     ra, t4, t4
core   0: 3 0x80000e80 (0x41ded0b3) x1  0x00000000
core   0: 0x80000e84 (0xc2cb0113) addi    sp, s6, -980
core   0: 3 0x80000e84 (0xc2cb0113) x2  0x00002100
core   0: 0x80000e88 (0x015cf8b3) and     a7, s9, s5
core   0: 3 0x80000e88 (0x015cf8b3) x17 0x0000009a
core   0: 0x80000e8c (0xc3e91d17) auipc   s10, 0xc3e91
core   0: 3 0x80000e8c (0xc3e91d17) x26 0x43e91e8c
core   0: 0x80000e90 (0x799ee313) ori     t1, t4, 1945
core   0: 3 0x80000e90 (0x799ee313) x6  0x00000799
core   0: 0x80000e94 (0x3c7a9823) sh      t2, 976(s5)
core   0: 3 0x80000e94 (0x3c7a9823) mem 0x8001048a 0x3637
core   0: 0x80000e98 (0x000009a5) c.addi  s3, 9
core   0: 3 0x80000e98 (0x09a5) x19 0x0003995a
core   0: 0x80000e9a (0x31fa9423) sh      t6, 776(s5)
core   0: 3 0x80000e9a (0x31fa9423) mem 0x800103c2 0x3e3f
core   0: 0x80000e9e (0x336aa683) lw      a3, 822(s5)
core   0: 3 0x80000e9e (0x336aa683) x13 0xa8a9aaab mem 0x800103f0
core   0: 0x80000ea2 (0x01362b33) slt     s6, a2, s3
core   0: 3 0x80000ea2 (0x01362b33) x22 0x00000000
core   0: 0x80000ea6 (0x6b5a8703) lb      a4, 1717(s5)
core   0: 3 0x80000ea6 (0x6b5a8703) x14 0x00000024 mem 0x8001076f
core   0: 0x80000eaa (0x8c3b38b7) lui     a7, 0x8c3b3
core   0: 3 0x80000eaa (0x8c3b38b7) x17 0x8c3b3000
core   0: 0x80000eae (0x59116f93) ori     t6, sp, 1425
core   0: 3 0x80000eae (0x59116f93) x31 0x00002591
core   0: 0x80000eb2 (0x0000100f) fence.i
core   0: 3 0x80000eb2 (0x0000100f)
core   0: 0x80000eb6 (0x393a8ca3) sb      s3, 921(s5)
core   0: 3 0x80000eb6 (0x393a8ca3) mem 0x80010453 0x5a
core   0: 0x80000eba (0x408ed593) srai    a1, t4, 8
core   0: 3 0x80000eba (0x408ed593) x11 0x00000000
core   0: 0x80000ebe (0x1a0ad303) lhu     t1, 416(s5)
core   0: 3 0x80000ebe (0x1a0ad303) x6  0x00001011 mem 0x8001025a
core   0: 0x80000ec2 (0x6d2ad883) lhu     a7, 1746(s5)
core   0: 3 0x80000ec2 (0x6d2ad883) x17 0x00004647 mem 0x8001078c
core   0: 0x80000ec6 (0x62ea84a3) sb      a4, 1577(s5)
core   0: 3 0x80000ec6 (0x62ea84a3) mem 0x800106e3 0x24
core   0: 0x80000eca (0x00b25233) srl     tp, tp, a1
core   0: 3 0x80000eca (0x00b25233) x4  0x00000000
core   0: 0x80000ece (0x2caadd83) lhu     s11, 714(s5)
core   0: 3 0x80000ece (0x2caadd83) x27 0x00003e3f mem 0x80010384
core   0: 0x80000ed2 (0x56cad903) lhu     s2, 1388(s5)
core   0: 3 0x80000ed2 (0x56cad903) x18 0x0000dcdd mem 0x80010626
core   0: 0x80000ed6 (0x88e32e93) slti    t4, t1, -1906
core   0: 3 0x80000ed6 (0x88e32e93) x29 0x00000000
core   0: 0x80000eda (0x252adc03) lhu     s8, 594(s5)
core   0: 3 0x80000eda (0x252adc03) x24 0x0000c6c7 mem 0x8001030c
core   0: 0x80000ede (0x3409fb73) csrrci  s6, mscratch, 19
core   0: 3 0x80000ede (0x3409fb73) x22 0x00000003 c832_mscratch 0x00000000
core   0: 0x80000ee2 (0x03888eb3) mul     t4, a7, s8
core   0: 3 0x80000ee2 (0x03888eb3) x29 0x36918b31
core   0: 0x80000ee6 (0x11ca8c83) lb      s9, 284(s5)
core   0: 3 0x80000ee6 (0x11ca8c83) x25 0xffffff8d mem 0x800101d6
core   0: 0x80000eea (0x00008ce9) c.and   s1, a0
core   0: 3 0x80000eea (0x8ce9) x9  0x00000000
core   0: 0x80000eec (0x0000100f) fence.i
core   0: 3 0x80000eec (0x0000100f)
core   0: 0x80000ef0 (0x020d2d33) mulhsu  s10, s10, zero
core   0: 3 0x80000ef0 (0x020d2d33) x26 0x00000000
core   0: 0x80000ef4 (0x00008e45) c.or    a2, s1
core   0: 3 0x80000ef4 (0x8e45) x12 0x00ffffff
core   0: 0x80000ef6 (0x03b3dd33) divu    s10, t2, s11
core   0: 3 0x80000ef6 (0x03b3dd33) x26 0x0000d6b7
core   0: 0x80000efa (0x017b0633) add     a2, s6, s7
core   0: 3 0x80000efa (0x017b0633) x12 0x80025ea7
core   0: 0x80000efe (0x01e11c93) slli    s9, sp, 30
core   0: 3 0x80000efe (0x01e11c93) x25 0x00000000
core   0: 0x80000f02 (0x01f91d93) slli    s11, s2, 31
core   0: 3 0x80000f02 (0x01f91d93) x27 0x80000000
core   0: 0x80000f06 (0x22eaa883) lw      a7, 558(s5)
core   0: 3 0x80000f06 (0x22eaa883) x17 0xa0a1a2a3 mem 0x800102e8
core   0: 0x80000f0a (0xfffac983) lbu     s3, -1(s5)
core   0: 3 0x80000f0a (0xfffac983) x19 0x00000072 mem 0x800100b9
core   0: 0x80000f0e (0x02d5b233) mulhu   tp, a1, a3
core   0: 3 0x80000f0e (0x02d5b233) x4  0x00000000
core   0: 0x80000f12 (0x0000100f) fence.i
core   0: 3 0x80000f12 (0x0000100f)
core   0: 0x80000f16 (0x00004a15) c.li    s4, 5
core   0: 3 0x80000f16 (0x4a15) x20 0x00000005
core   0: 0x80000f18 (0x347a8503) lb      a0, 839(s5)
core   0: 3 0x80000f18 (0x347a8503) x10 0xffffffba mem 0x80010401
core   0: 0x80000f1c (0x1f6aab03) lw      s6, 502(s5)
core   0: 3 0x80000f1c (0x1f6aab03) x22 0x68696a6b mem 0x800102b0
core   0: 0x80000f20 (0x0000f697) auipc   a3, 0xf
core   0: 3 0x80000f20 (0x0000f697) x13 0x8000ff20
core   0: 0x80000f24 (0x37a68693) addi    a3, a3, 890
core   0: 3 0x80000f24 (0x37a68693) x13 0x8001029a
core   0: 0x80000f28 (0xfe36ad23) sw      gp, -6(a3)
core   0: 3 0x80000f28 (0xfe36ad23) mem 0x80010294 0x00000001
core   0: 0x80000f2c (0x01068d83) lb      s11, 16(a3)
core   0: 3 0x80000f2c (0x01068d83) x27 0x00000061 mem 0x800102aa
core   0: 0x80000f30 (0x00008da1) c.xor   a1, s0
core   0: 3 0x80000f30 (0x8da1) x11 0x00000000
core   0: 0x80000f32 (0x0026ac03) lw      s8, 2(a3)
core   0: 3 0x80000f32 (0x0026ac03) x24 0x54555657 mem 0x8001029c
core   0: 0x80000f36 (0x68e6e713) ori     a4, a3, 1678
core   0: 3 0x80000f36 (0x68e6e713) x14 0x8001069e
core   0: 0x80000f3a (0x00668d03) lb      s10, 6(a3)
core   0: 3 0x80000f3a (0x00668d03) x26 0x0000005b mem 0x800102a0
core   0: 0x80000f3e (0xfecc0813) addi    a6, s8, -20
core   0: 3 0x80000f3e (0xfecc0813) x16 0x54555643
core   0: 0x80000f42 (0x000094ea) c.add   s1, s10
core   0: 3 0x80000f42 (0x94ea) x9  0x0000005b
core   0: 0x80000f44 (0x000055fd) c.li    a1, -1
core   0: 3 0x80000f44 (0x55fd) x11 0xffffffff
core   0: 0x80000f46 (0xfea69923) sh      a0, -14(a3)
core   0: 3 0x80000f46 (0xfea69923) mem 0x8001028c 0xffba
core   0: 0x80000f4a (0x0ff0000f) fence   iorw,iorw
core   0: 3 0x80000f4a (0x0ff0000f)
core   0: 0x80000f4e (0x00009b32) c.add   s6, a2
core   0: 3 0x80000f4e (0x9b32) x22 0xe86bc912
core   0: 0x80000f50 (0x00e681a3) sb      a4, 3(a3)
core   0: 3 0x80000f50 (0x00e681a3) mem 0x8001029d 0x9e
core   0: 0x80000f54 (0x400d5cb3) sra     s9, s10, zero
core   0: 3 0x80000f54 (0x400d5cb3) x25 0x0000005b
core   0: 0x80000f58 (0xff068703) lb      a4, -16(a3)
core   0: 3 0x80000f58 (0xff068703) x14 0x00000041 mem 0x8001028a
core   0: 0x80000f5c (0x00d681a3) sb      a3, 3(a3)
core   0: 3 0x80000f5c (0x00d681a3) mem 0x8001029d 0x9a
core   0: 0x80000f60 (0x00005e7d) c.li    t3, -1
core   0: 3 0x80000f60 (0x5e7d) x28 0xffffffff
core   0: 0x80000f62 (0x00368e83) lb      t4, 3(a3)
core   0: 3 0x80000f62 (0x00368e83) x29 0xffffff9a mem 0x8001029d
core   0: 0x80000f66 (0x238c6593) ori     a1, s8, 568
core   0: 3 0x80000f66 (0x238c6593) x11 0x5455567f
core   0: 0x80000f6a (0x00008f99) c.sub   a5, a4
core   0: 3 0x80000f6a (0x8f99) x15 0xffffffbf
core   0: 0x80000f6c (0x34006b73) csrrsi  s6, mscratch, 0
core   0: 3 0x80000f6c (0x34006b73) x22 0x00000000
core   0: 0x80000f70 (0x0036cd83) lbu     s11, 3(a3)
core   0: 3 0x80000f70 (0x0036cd83) x27 0x0000009a mem 0x8001029d
core   0: 0x80000f74 (0x00d6c083) lbu     ra, 13(a3)
core   0: 3 0x80000f74 (0x00d6c083) x1  0x0000005c mem 0x800102a7
core   0: 0x80000f78 (0x0000f117) auipc   sp, 0xf
core   0: 3 0x80000f78 (0x0000f117) x2  0x8000ff78
core   0: 0x80000f7c (0x21110113) addi    sp, sp, 529
core   0: 3 0x80000f7c (0x21110113) x2  0x80010189
core   0: 0x80000f80 (0x01c3ba33) sltu    s4, t2, t3
core   0: 3 0x80000f80 (0x01c3ba33) x20 0x00000001
core   0: 0x80000f84 (0x0000100f) fence.i
core   0: 3 0x80000f84 (0x0000100f)
core   0: 0x80000f88 (0xfb710883) lb      a7, -73(sp)
core   0: 3 0x80000f88 (0xfb710883) x17 0xfffffffb mem 0x80010140
core   0: 0x80000f8c (0x03410583) lb      a1, 52(sp)
core   0: 3 0x80000f8c (0x03410583) x11 0x00000076 mem 0x800101bd
core   0: 0x80000f90 (0xc3814813) xori    a6, sp, -968
core   0: 3 0x80000f90 (0xc3814813) x16 0x7ffefdb1
core   0: 0x80000f94 (0xf7d10a23) sb      t4, -140(sp)
core   0: 3 0x80000f94 (0xf7d10a23) mem 0x800100fd 0x9a
core   0: 0x80000f98 (0x01a71c13) slli    s8, a4, 26
core   0: 3 0x80000f98 (0x01a71c13) x24 0x04000000
core   0: 0x80000f9c (0xf2e14603) lbu     a2, -210(sp)
core   0: 3 0x80000f9c (0xf2e14603) x12 0x0000006c mem 0x800100b7
core   0: 0x80000fa0 (0xfa911ea3) sh      s1, -67(sp)
core   0: 3 0x80000fa0 (0xfa911ea3) mem 0x80010146 0x005b
core   0: 0x80000fa4 (0x01ba5233) srl     tp, s4, s11
core   0: 3 0x80000fa4 (0x01ba5233) x4  0x00000000
core   0: 0x80000fa8 (0x00008d29) c.xor   a0, a0
core   0: 3 0x80000fa8 (0x8d29) x10 0x00000000
core   0: 0x80000faa (0x340ebd73) csrrc   s10, mscratch, t4
core   0: 3 0x80000faa (0x340ebd73) x26 0x00000000 c832_mscratch 0x00000000
core   0: 0x80000fae (0xf9411ca3) sh      s4, -103(sp)
core   0: 3 0x80000fae (0xf9411ca3) mem 0x80010122 0x0001
core   0: 0x80000fb2 (0x0cb14883) lbu     a7, 203(sp)
core   0: 3 0x80000fb2 (0x0cb14883) x17 0x0000000f mem 0x80010254
core   0: 0x80000fb6 (0x05f11da3) sh      t6, 91(sp)
core   0: 3 0x80000fb6 (0x05f11da3) mem 0x800101e4 0x2591
core   0: 0x80000fba (0x0000100f) fence.i
core   0: 3 0x80000fba (0x0000100f)
core   0: 0x80000fbe (0x0ba14403) lbu     s0, 186(sp)
core   0: 3 0x80000fbe (0x0ba14403) x8  0x000000f8 mem 0x80010243
core   0: 0x80000fc2 (0x02b95db3) divu    s11, s2, a1
core   0: 3 0x80000fc2 (0x02b95db3) x27 0x000001df
core   0: 0x80000fc6 (0xffd10123) sb      t4, -30(sp)
core   0: 3 0x80000fc6 (0xffd10123) mem 0x8001016b 0x9a
core   0: 0x80000fca (0xf8c10923) sb      a2, -110(sp)
core   0: 3 0x80000fca (0xf8c10923) mem 0x8001011b 0x6c
core   0: 0x80000fce (0x004d6db3) or      s11, s10, tp
core   0: 3 0x80000fce (0x004d6db3) x27 0x00000000
core   0: 0x80000fd2 (0xfb515183) lhu     gp, -75(sp)
core   0: 3 0x80000fd2 (0xfb515183) x3  0x0000f4f5 mem 0x8001013e
core   0: 0x80000fd6 (0x01210023) sb      s2, 0(sp)
core   0: 3 0x80000fd6 (0x01210023) mem 0x80010189 0xdd
core   0: 0x80000fda (0x00effc33) and     s8, t6, a4
core   0: 3 0x80000fda (0x00effc33) x24 0x00000001
core   0: 0x80000fde (0x04f14183) lbu     gp, 79(sp)
core   0: 3 0x80000fde (0x04f14183) x3  0x00000093 mem 0x800101d8
core   0: 0x80000fe2 (0xf3310ea3) sb      s3, -195(sp)
core   0: 3 0x80000fe2 (0xf3310ea3) mem 0x800100c6 0x72
core   0: 0x80000fe6 (0x00210083) lb      ra, 2(sp)
core   0: 3 0x80000fe6 (0x00210083) x1  0x00000040 mem 0x8001018b
core   0: 0x80000fea (0x34007973) csrrci  s2, mscratch, 0
core   0: 3 0x80000fea (0x34007973) x18 0x00000000
core   0: 0x80000fee (0xfb810503) lb      a0, -72(sp)
core   0: 3 0x80000fee (0xfb810503) x10 0xfffffffa mem 0x80010141
core   0: 0x80000ff2 (0x00020e97) auipc   t4, 0x20
core   0: 3 0x80000ff2 (0x00020e97) x29 0x80020ff2
core   0: 0x80000ff6 (0xbc3e8e93) addi    t4, t4, -1085
core   0: 3 0x80000ff6 (0xbc3e8e93) x29 0x80020bb5
core   0: 0x80000ffa (0x0a3e8da3) sb      gp, 187(t4)
core   0: 3 0x80000ffa (0x0a3e8da3) mem 0x80020c70 0x93
core   0: 0x80000ffe (0x00de3733) sltu    a4, t3, a3
core   0: 3 0x80000ffe (0x00de3733) x14 0x00000000
core   0: 0x80001002 (0xf7aecd83) lbu     s11, -134(t4)
core   0: 3 0x80001002 (0xf7aecd83) x27 0x000000e4 mem 0x80020b2f
core   0: 0x80001006 (0x00008c5e) c.mv    s8, s7
core   0: 3 0x80001006 (0x8c5e) x24 0x80025ea4
core   0: 0x80001008 (0xf7eecf83) lbu     t6, -130(t4)
core   0: 3 0x80001008 (0xf7eecf83) x31 0x000000e8 mem 0x80020b33
core   0: 0x8000100c (0x00008b36) c.mv    s6, a3
core   0: 3 0x8000100c (0x8b36) x22 0x8001029a
core   0: 0x8000100e (0x00008e65) c.and   a2, s1
core   0: 3 0x8000100e (0x8e65) x12 0x00000048
core   0: 0x80001010 (0x054ecc83) lbu     s9, 84(t4)
core   0: 3 0x80001010 (0x054ecc83) x25 0x000000c2 mem 0x80020c09
core   0: 0x80001014 (0x41c280b3) sub     ra, t0, t3
core   0: 3 0x80001014 (0x41c280b3) x1  0xf57d8a0b
core   0: 0x80001018 (0x00045ab3) srl     s5, s0, zero
core   0: 3 0x80001018 (0x00045ab3) x21 0x000000f8
core   0: 0x8000101c (0xfacecc83) lbu     s9, -84(t4)
core   0: 3 0x8000101c (0xfacecc83) x25 0x0000001a mem 0x80020b61
core   0: 0x80001020 (0x024ed0b3) divu    ra, t4, tp
core   0: 3 0x80001020 (0x024ed0b3) x1  0xffffffff
core   0: 0x80001024 (0x340111f3) csrrw   gp, mscratch, sp
core   0: 3 0x80001024 (0x340111f3) x3  0x00000000 c832_mscratch 0x80010189
core   0: 0x80001028 (0x054e8623) sb      s4, 76(t4)
core   0: 3 0x80001028 (0x054e8623) mem 0x80020c01 0x01
core   0: 0x8000102c (0x0226a9b3) mulhsu  s3, a3, sp
core   0: 3 0x8000102c (0x0226a9b3) x19 0xc0000089
core   0: 0x80001030 (0x094e8003) lb      zero, 148(t4)
core   0: 3 0x80001030 (0x094e8003) mem 0x80020c49
core   0: 0x80001034 (0x01c031b3) snez    gp, t3
core   0: 3 0x80001034 (0x01c031b3) x3  0x00000001
core   0: 0x80001038 (0xf05e8423) sb      t0, -248(t4)
core   0: 3 0x80001038 (0xf05e8423) mem 0x80020abd 0x0a
core   0: 0x8000103c (0xfc8e8103) lb      sp, -56(t4)
core   0: 3 0x8000103c (0xfc8e8103) x2  0x00000036 mem 0x80020b7d
core   0: 0x80001040 (0x01c3a4b3) slt     s1, t2, t3
core   0: 3 0x80001040 (0x01c3a4b3) x9  0x00000000
core   0: 0x80001044 (0x00008e75) c.and   a2, a3
core   0: 3 0x80001044 (0x8e75) x12 0x00000008
core   0: 0x80001046 (0x00008c61) c.and   s0, s0
core   0: 3 0x80001046 (0x8c61) x8  0x000000f8
core   0: 0x80001048 (0x0000032e) c.slli  t1, 11
core   0: 3 0x80001048 (0x032e) x6  0x00808800
core   0: 0x8000104a (0x0ff0000f) fence   iorw,iorw
core   0: 3 0x8000104a (0x0ff0000f)
core   0: 0x8000104e (0xfa9ed883) lhu     a7, -87(t4)
core   0: 3 0x8000104e (0xfa9ed883) x17 0x00001415 mem 0x80020b5e
core   0: 0x80001052 (0x00008f2d) c.xor   a4, a1
core   0: 3 0x80001052 (0x8f2d) x14 0x00000076
core   0: 0x80001054 (0xf6de8b03) lb      s6, -147(t4)
core   0: 3 0x80001054 (0xf6de8b03) x22 0xffffffd9 mem 0x80020b22
core   0: 0x80001058 (0xfc4e8503) lb      a0, -60(t4)
core   0: 3 0x80001058 (0xfc4e8503) x10 0x00000032 mem 0x80020b79
core   0: 0x8000105c (0x0aeec983) lbu     s3, 174(t4)
core   0: 3 0x8000105c (0x0aeec983) x19 0x00000018 mem 0x80020c63
core   0: 0x80001060 (0x072e8123) sb      s2, 98(t4)
core   0: 3 0x80001060 (0x072e8123) mem 0x80020c17 0x00
core   0: 0x80001064 (0x40f9d393) srai    t2, s3, 15
core   0: 3 0x80001064 (0x40f9d393) x7  0x00000000
core   0: 0x80001068 (0x7d7ab093) sltiu   ra, s5, 2007
core   0: 3 0x80001068 (0x7d7ab093) x1  0x00000001
core   0: 0x8000106c (0xffae8e23) sb      s10, -4(t4)
core   0: 3 0x8000106c (0xffae8e23) mem 0x80020bb1 0x00
core   0: 0x80001070 (0x55e1b913) sltiu   s2, gp, 1374
core   0: 3 0x80001070 (0x55e1b913) x18 0x00000001
core   0: 0x80001074 (0xf3dec003) lbu     zero, -195(t4)
core   0: 3 0x80001074 (0xf3dec003) mem 0x80020af2
core   0: 0x80001078 (0xf70e8e23) sb      a6, -132(t4)
core   0: 3 0x80001078 (0xf70e8e23) mem 0x80020b31 0xb1
core   0: 0x8000107c (0x08ee8723) sb      a4, 142(t4)
core   0: 3 0x8000107c (0x08ee8723) mem 0x80020c43 0x76
core   0: 0x80001080 (0x076e8883) lb      a7, 118(t4)
core   0: 3 0x80001080 (0x076e8883) x17 0xffffffe0 mem 0x80020c2b
core   0: 0x80001084 (0x0e7ed883) lhu     a7, 231(t4)
core   0: 3 0x80001084 (0x0e7ed883) x17 0x00005657 mem 0x80020c9c
core   0: 0x80001088 (0x00aecc83) lbu     s9, 10(t4)
core   0: 3 0x80001088 (0x00aecc83) x25 0x00000074 mem 0x80020bbf
core   0: 0x8000108c (0x00009cca) c.add   s9, s2
core   0: 3 0x8000108c (0x9cca) x25 0x00000075
core   0: 0x8000108e (0x047e8983) lb      s3, 71(t4)
core   0: 3 0x8000108e (0x047e8983) x19 0xffffffb7 mem 0x80020bfc
core   0: 0x80001092 (0x00006305) c.lui   t1, 0x1
core   0: 3 0x80001092 (0x6305) x6  0x00001000
core   0: 0x80001094 (0x037e8b23) sb      s7, 54(t4)
core   0: 3 0x80001094 (0x037e8b23) mem 0x80020beb 0xa4
core   0: 0x80001098 (0x021945b3) div     a1, s2, ra
core   0: 3 0x80001098 (0x021945b3) x11 0x00000001
core   0: 0x8000109c (0xfdbea303) lw      t1, -37(t4)
core   0: 3 0x8000109c (0xfdbea303) x6  0x48494a4b mem 0x80020b90
core   0: 0x800010a0 (0x00015117) auipc   sp, 0x15
core   0: 3 0x800010a0 (0x00015117) x2  0x800160a0
core   0: 0x800010a4 (0xd8c10113) addi    sp, sp, -628
core   0: 3 0x800010a4 (0xd8c10113) x2  0x80015e2c
core   0: 0x800010a8 (0x019901b3) add     gp, s2, s9
core   0: 3 0x800010a8 (0x019901b3) x3  0x00000076
core   0: 0x800010ac (0xff614a03) lbu     s4, -10(sp)
core   0: 3 0x800010ac (0xff614a03) x20 0x000000d9 mem 0x80015e22
core   0: 0x800010b0 (0x40920433) sub     s0, tp, s1
core   0: 3 0x800010b0 (0x40920433) x8  0x00000000
core   0: 0x800010b4 (0x00b10c83) lb      s9, 11(sp)
core   0: 3 0x800010b4 (0x00b10c83) x25 0xffffffec mem 0x80015e37
core   0: 0x800010b8 (0x00008fe9) c.and   a5, a0
core   0: 3 0x800010b8 (0x8fe9) x15 0x00000032
core   0: 0x800010ba (0x00d107a3) sb      a3, 15(sp)
core   0: 3 0x800010ba (0x00d107a3) mem 0x80015e3b 0x9a
core   0: 0x800010be (0xfe510b23) sb      t0, -10(sp)
core   0: 3 0x800010be (0xfe510b23) mem 0x80015e22 0x0a
core   0: 0x800010c2 (0x00001afd) c.addi  s5, -1
core   0: 3 0x800010c2 (0x1afd) x21 0x000000f7
core   0: 0x800010c4 (0x81cbee13) ori     t3, s7, -2020
core   0: 3 0x800010c4 (0x81cbee13) x28 0xfffffebc
core   0: 0x800010c8 (0xffa10e03) lb      t3, -6(sp)
core   0: 3 0x800010c8 (0xffa10e03) x28 0xffffffdd mem 0x80015e26
core   0: 0x800010cc (0xff510983) lb      s3, -11(sp)
core   0: 3 0x800010cc (0xff510983) x19 0xffffffda mem 0x80015e21
core   0: 0x800010d0 (0x0ff0000f) fence   iorw,iorw
core   0: 3 0x800010d0 (0x0ff0000f)
core   0: 0x800010d4 (0xcea4a313) slti    t1, s1, -790
core   0: 3 0x800010d4 (0xcea4a313) x6  0x00000000
core   0: 0x800010d8 (0xff211703) lh      a4, -14(sp)
core   0: 3 0x800010d8 (0xff211703) x14 0xffffd4d5 mem 0x80015e1e
core   0: 0x800010dc (0xffe15f83) lhu     t6, -2(sp)
core   0: 3 0x800010dc (0xffe15f83) x31 0x0000e0e1 mem 0x80015e2a
core   0: 0x800010e0 (0x000084ba) c.mv    s1, a4
core   0: 3 0x800010e0 (0x84ba) x9  0xffffd4d5
core   0: 0x800010e2 (0x34031473) csrrw   s0, mscratch, t1
core   0: 3 0x800010e2 (0x34031473) x8  0x80010189 c832_mscratch 0x00000000
core   0: 0x800010e6 (0x00e11983) lh      s3, 14(sp)
core   0: 3 0x800010e6 (0x00e11983) x19 0xffff9af1 mem 0x80015e3a
core   0: 0x800010ea (0x0000c072) c.swsp  t3, 0(sp)
core   0: 3 0x800010ea (0xc072) mem 0x80015e2c 0xffffffdd
core   0: 0x800010ec (0x017100a3) sb      s7, 1(sp)
core   0: 3 0x800010ec (0x017100a3) mem 0x80015e2d 0xa4
core   0: 0x800010f0 (0x000096de) c.add   a3, s7
core   0: 3 0x800010f0 (0x96de) x13 0x0003613e
core   0: 0x800010f2 (0xff310783) lb      a5, -13(sp)
core   0: 3 0x800010f2 (0xff310783) x15 0xffffffd4 mem 0x80015e1f
core   0: 0x800010f6 (0xffd14683) lbu     a3, -3(sp)
core   0: 3 0x800010f6 (0xffd14683) x13 0x000000e2 mem 0x80015e29
core   0: 0x800010fa (0x340679f3) csrrci  s3, mscratch, 12
core   0: 3 0x800010fa (0x340679f3) x19 0x00000000 c832_mscratch 0x00000000
core   0: 0x800010fe (0x0000c462) c.swsp  s8, 8(sp)
core   0: 3 0x800010fe (0xc462) mem 0x80015e34 0x80025ea4
core   0: 0x80001100 (0x00004992) c.lwsp  s3, 4(sp)
core   0: 3 0x80001100 (0x4992) x19 0xe8e9eaeb mem 0x80015e30
core   0: 0x80001102 (0x2d8d0b13) addi    s6, s10, 728
core   0: 3 0x80001102 (0x2d8d0b13) x22 0x000002d8
core   0: 0x80001106 (0xfef109a3) sb      a5, -13(sp)
core   0: 3 0x80001106 (0xfef109a3) mem 0x80015e1f 0xd4
core   0: 0x8000110a (0x01823ab3) sltu    s5, tp, s8
core   0: 3 0x8000110a (0x01823ab3) x21 0x00000001
core   0: 0x8000110e (0x0000489d) c.li    a7, 7
core   0: 3 0x8000110e (0x489d) x17 0x00000007
core   0: 0x80001110 (0x03cadfb3) divu    t6, s5, t3
core   0: 3 0x80001110 (0x03cadfb3) x31 0x00000000
core   0: 0x80001114 (0x014b2a33) slt     s4, s6, s4
core   0: 3 0x80001114 (0x014b2a33) x20 0x00000000
core   0: 0x80001118 (0x01011723) sh      a6, 14(sp)
core   0: 3 0x80001118 (0x01011723) mem 0x80015e3a 0xfdb1
core   0: 0x8000111c (0x00004092) c.lwsp  ra, 4(sp)
core   0: 3 0x8000111c (0x4092) x1  0xe8e9eaeb mem 0x80015e30
core   0: 0x8000111e (0x028545b3) div     a1, a0, s0
core   0: 3 0x8000111e (0x028545b3) x11 0x00000000
core   0: 0x80001122 (0xfec11f23) sh      a2, -2(sp)
core   0: 3 0x80001122 (0xfec11f23) mem 0x80015e2a 0x0008
core   0: 0x80001126 (0x0000c416) c.swsp  t0, 8(sp)
core   0: 3 0x80001126 (0xc416) mem 0x80015e34 0xf57d8a0a
core   0: 0x80001128 (0x03ff59b3) divu    s3, t5, t6
core   0: 3 0x80001128 (0x03ff59b3) x19 0xffffffff
core   0: 0x8000112c (0x00000001) c.nop
core   0: 3 0x8000112c (0x0001)
core   0: 0x8000112e (0x000000a9) c.addi  ra, 10
core   0: 3 0x8000112e (0x00a9) x1  0xe8e9eaf5
core   0: 0x80001130 (0x00004602) c.lwsp  a2, 0(sp)
core   0: 3 0x80001130 (0x4602) x12 0xffffa4dd mem 0x80015e2c
core   0: 0x80001132 (0x00004833) xor     a6, zero, zero
core   0: 3 0x80001132 (0x00004833) x16 0x00000000
core   0: 0x80001136 (0x4028dfb3) sra     t6, a7, sp
core   0: 3 0x80001136 (0x4028dfb3) x31 0x00000000
core   0: 0x8000113a (0xff310d03) lb      s10, -13(sp)
core   0: 3 0x8000113a (0xff310d03) x26 0xffffffd4 mem 0x80015e1f
core   0: 0x8000113e (0x03827933) remu    s2, tp, s8
core   0: 3 0x8000113e (0x03827933) x18 0x00000000
core   0: 0x80001142 (0x34082373) csrrs   t1, mscratch, a6
core   0: 3 0x80001142 (0x34082373) x6  0x00000000 c832_mscratch 0x00000000
core   0: 0x80001146 (0x021b7433) remu    s0, s6, ra
core   0: 3 0x80001146 (0x021b7433) x8  0x000002d8
core   0: 0x8000114a (0x00710983) lb      s3, 7(sp)
core   0: 3 0x8000114a (0x00710983) x19 0xffffffe8 mem 0x80015e33
core   0: 0x8000114e (0x00006579) c.lui   a0, 0x1e
core   0: 3 0x8000114e (0x6579) x10 0x0001e000
core   0: 0x80001150 (0x00008d29) c.xor   a0, a0
core   0: 3 0x80001150 (0x8d29) x10 0x00000000
core   0: 0x80001152 (0x000084b5) c.srai  s1, 13
core   0: 3 0x80001152 (0x84b5) x9  0xfffffffe
core   0: 0x80001154 (0xff510683) lb      a3, -11(sp)
core   0: 3 0x80001154 (0xff510683) x13 0xffffffda mem 0x80015e21
core   0: 0x80001158 (0xff310203) lb      tp, -13(sp)
core   0: 3 0x80001158 (0xff310203) x4  0xffffffd4 mem 0x80015e1f
core   0: 0x8000115c (0x00019e17) auipc   t3, 0x19
core   0: 3 0x8000115c (0x00019e17) x28 0x8001a15c
core   0: 0x80001160 (0xdfbe0e13) addi    t3, t3, -517
core   0: 3 0x80001160 (0xdfbe0e13) x28 0x80019f57
core   0: 0x80001164 (0x7dbe11a3) sh      s11, 1987(t3)
core   0: 3 0x80001164 (0x7dbe11a3) mem 0x8001a71a 0x00e4
core   0: 0x80001168 (0xe6ce4483) lbu     s1, -404(t3)
core   0: 3 0x80001168 (0xe6ce4483) x9  0x00000078 mem 0x80019dc3
core   0: 0x8000116c (0xd91e0723) sb      a7, -626(t3)
core   0: 3 0x8000116c (0xd91e0723) mem 0x80019ce5 0x07
core   0: 0x80001170 (0xae222c17) auipc   s8, 0xae222
core   0: 3 0x80001170 (0xae222c17) x24 0x2e223170
core   0: 0x80001174 (0x364e4503) lbu     a0, 868(t3)
core   0: 3 0x80001174 (0x364e4503) x10 0x00000070 mem 0x8001a2bb
core   0: 0x80001178 (0x40d78533) sub     a0, a5, a3
core   0: 3 0x80001178 (0x40d78533) x10 0xfffffffa
core   0: 0x8000117c (0x061e5083) lhu     ra, 97(t3)
core   0: 3 0x8000117c (0x061e5083) x1  0x00007273 mem 0x80019fb8
core   0: 0x80001180 (0x0142c3b3) xor     t2, t0, s4
core   0: 3 0x80001180 (0x0142c3b3) x7  0xf57d8a0a
core   0: 0x80001184 (0x0ff0000f) fence   iorw,iorw
core   0: 3 0x80001184 (0x0ff0000f)
core   0: 0x80001188 (0x76902b13) slti    s6, zero, 1897
core   0: 3 0x80001188 (0x76902b13) x22 0x00000001
core   0: 0x8000118c (0x115e4183) lbu     gp, 277(t3)
core   0: 3 0x8000118c (0x115e4183) x3  0x00000027 mem 0x8001a06c
core   0: 0x80001190 (0x00849193) slli    gp, s1, 8
core   0: 3 0x80001190 (0x00849193) x3  0x00007800
core   0: 0x80001194 (0x01dc68b3) or      a7, s8, t4
core   0: 3 0x80001194 (0x01dc68b3) x17 0xae223bf5
core   0: 0x80001198 (0x03e381b3) mul     gp, t2, t5
core   0: 3 0x80001198 (0x03e381b3) x3  0x97638b68
core   0: 0x8000119c (0xcafe17a3) sh      a5, -849(t3)
core   0: 3 0x8000119c (0xcafe17a3) mem 0x80019c06 0xffd4
core   0: 0x800011a0 (0x7ece01a3) sb      a2, 2019(t3)
core   0: 3 0x800011a0 (0x7ece01a3) mem 0x8001a73a 0xdd
core   0: 0x800011a4 (0xc3ae0703) lb      a4, -966(t3)
core   0: 3 0x800011a4 (0xc3ae0703) x14 0x0000004a mem 0x80019b91
core   0: 0x800011a8 (0x00ecceb3) xor     t4, s9, a4
core   0: 3 0x800011a8 (0x00ecceb3) x29 0xffffffa6
core   0: 0x800011ac (0x0000828d) c.srli  a3, 3
core   0: 3 0x800011ac (0x828d) x13 0x1ffffffb
core   0: 0x800011ae (0x9c7f8613) addi    a2, t6, -1593
core   0: 3 0x800011ae (0x9c7f8613) x12 0xfffff9c7
core   0: 0x800011b2 (0x02610233) mul     tp, sp, t1
core   0: 3 0x800011b2 (0x02610233) x4  0x00000000
core   0: 0x800011b6 (0x19be0fa3) sb      s11, 415(t3)
core   0: 3 0x800011b6 (0x19be0fa3) mem 0x8001a0f6 0xe4
core   0: 0x800011ba (0x6c3e4e83) lbu     t4, 1731(t3)
core   0: 3 0x800011ba (0x6c3e4e83) x29 0x000000d1 mem 0x8001a61a
core   0: 0x800011be (0xee2e4703) lbu     a4, -286(t3)
core   0: 3 0x800011be (0xee2e4703) x14 0x000000f2 mem 0x80019e39
core   0: 0x800011c2 (0x00008db9) c.xor   a1, a4
core   0: 3 0x800011c2 (0x8db9) x11 0x000000f2
core   0: 0x800011c4 (0x412e0623) sb      s2, 1036(t3)
core   0: 3 0x800011c4 (0x412e0623) mem 0x8001a363 0x00
core   0: 0x800011c8 (0x012705b3) add     a1, a4, s2
core   0: 3 0x800011c8 (0x012705b3) x11 0x000000f2
core   0: 0x800011cc (0x9cee0803) lb      a6, -1586(t3)
core   0: 3 0x800011cc (0x9cee0803) x16 0xffffffde mem 0x80019925
core   0: 0x800011d0 (0x8ffe5683) lhu     a3, -1793(t3)
core   0: 3 0x800011d0 (0x8ffe5683) x13 0x00000c0d mem 0x80019856
core   0: 0x800011d4 (0x7f3e0603) lb      a2, 2035(t3)
core   0: 3 0x800011d4 (0x7f3e0603) x12 0x00000001 mem 0x8001a74a
core   0: 0x800011d8 (0x00c06133) or      sp, zero, a2
core   0: 3 0x800011d8 (0x00c06133) x2  0x00000001
core   0: 0x800011dc (0x00008b62) c.mv    s6, s8
core   0: 3 0x800011dc (0x8b62) x22 0x2e223170
core   0: 0x800011de (0x000082e1) c.srli  a3, 24
core   0: 3 0x800011de (0x82e1) x13 0x00000000
core   0: 0x800011e0 (0x331e1f83) lh      t6, 817(t3)
core   0: 3 0x800011e0 (0x331e1f83) x31 0x00004243 mem 0x8001a288
core   0: 0x800011e4 (0x901e0b23) sb      ra, -1770(t3)
core   0: 3 0x800011e4 (0x901e0b23) mem 0x8001986d 0x73
core   0: 0x800011e8 (0x00008da5) c.xor   a1, s1
core   0: 3 0x800011e8 (0x8da5) x11 0x0000008a
core   0: 0x800011ea (0x340a7473) csrrci  s0, mscratch, 20
core   0: 3 0x800011ea (0x340a7473) x8  0x00000000 c832_mscratch 0x00000000
core   0: 0x800011ee (0x00008225) c.srli  a2, 9
core   0: 3 0x800011ee (0x8225) x12 0x00000000
core   0: 0x800011f0 (0x0000100f) fence.i
core   0: 3 0x800011f0 (0x0000100f)
core   0: 0x800011f4 (0x38c8b693) sltiu   a3, a7, 908
core   0: 3 0x800011f4 (0x38c8b693) x13 0x00000000
core   0: 0x800011f8 (0xc0f96c97) auipc   s9, 0xc0f96
core   0: 3 0x800011f8 (0xc0f96c97) x25 0x40f971f8
core   0: 0x800011fc (0x000050fd) c.li    ra, -1
core   0: 3 0x800011fc (0x50fd) x1  0xffffffff
core   0: 0x800011fe (0x00b55e93) srli    t4, a0, 11
core   0: 3 0x800011fe (0x00b55e93) x29 0x001fffff
core   0: 0x80001202 (0x8abc0593) addi    a1, s8, -1877
core   0: 3 0x80001202 (0x8abc0593) x11 0x2e222a1b
core   0: 0x80001206 (0x00000001) c.nop
core   0: 3 0x80001206 (0x0001)
core   0: 0x80001208 (0x7a9e1aa3) sh      s1, 1973(t3)
core   0: 3 0x80001208 (0x7a9e1aa3) mem 0x8001a70c 0x0078
core   0: 0x8000120c (0x00010117) auipc   sp, 0x10
core   0: 3 0x8000120c (0x00010117) x2  0x8001120c
core   0: 0x80001210 (0xd9f10113) addi    sp, sp, -609
core   0: 3 0x80001210 (0xd9f10113) x2  0x80010fab
core   0: 0x80001214 (0xc11c3513) sltiu   a0, s8, -1007
core   0: 3 0x80001214 (0xc11c3513) x10 0x00000001
core   0: 0x80001218 (0x4106d733) sra     a4, a3, a6
core   0: 3 0x80001218 (0x4106d733) x14 0x00000000
core   0: 0x8000121c (0x0000023e) c.slli  tp, 15
core   0: 3 0x8000121c (0x023e) x4  0x00000000
core   0: 0x8000121e (0x00814a03) lbu     s4, 8(sp)
core   0: 3 0x8000121e (0x00814a03) x20 0x00000068 mem 0x80010fb3
core   0: 0x80001222 (0xfc515b03) lhu     s6, -59(sp)
core   0: 3 0x80001222 (0xfc515b03) x22 0x00002a2b mem 0x80010f70
core   0: 0x80001226 (0x00009b7d) c.andi  a4, -1
core   0: 3 0x80001226 (0x9b7d) x14 0x00000000
core   0: 0x80001228 (0x340360f3) csrrsi  ra, mscratch, 6
core   0: 3 0x80001228 (0x340360f3) x1  0x00000000 c832_mscratch 0x00000006
core   0: 0x8000122c (0x00004a55) c.li    s4, 21
core   0: 3 0x8000122c (0x4a55) x20 0x00000015
core   0: 0x8000122e (0x03150d33) mul     s10, a0, a7
core   0: 3 0x8000122e (0x03150d33) x26 0xae223bf5
core   0: 0x80001232 (0x0000100f) fence.i
core   0: 3 0x80001232 (0x0000100f)
core   0: 0x80001236 (0x00000e9a) c.slli  t4, 6
core   0: 3 0x80001236 (0x0e9a) x29 0x07ffffc0
core   0: 0x80001238 (0x0000418d) c.li    gp, 3
core   0: 3 0x80001238 (0x418d) x3  0x00000003
core   0: 0x8000123a (0x000096ee) c.add   a3, s11
core   0: 3 0x8000123a (0x96ee) x13 0x000000e4
core   0: 0x8000123c (0x03711603) lh      a2, 55(sp)
core   0: 3 0x8000123c (0x03711603) x12 0xffff9899 mem 0x80010fe2
core   0: 0x80001240 (0x00008d29) c.xor   a0, a0
core   0: 3 0x80001240 (0x8d29) x10 0x00000000
core   0: 0x80001242 (0x029da033) mulhsu  zero, s11, s1
core   0: 3 0x80001242 (0x029da033)
core   0: 0x80001246 (0xfe512e83) lw      t4, -27(sp)
core   0: 3 0x80001246 (0xfe512e83) x29 0x48494a4b mem 0x80010f90
core   0: 0x8000124a (0x02610083) lb      ra, 38(sp)
core   0: 3 0x8000124a (0x02610083) x1  0xffffff8a mem 0x80010fd1
core   0: 0x8000124e (0x00865033) srl     zero, a2, s0
core   0: 3 0x8000124e (0x00865033)
core   0: 0x80001252 (0x0ff0000f) fence   iorw,iorw
core   0: 3 0x80001252 (0x0ff0000f)
core   0: 0x80001256 (0x2527c693) xori    a3, a5, 594
core   0: 3 0x80001256 (0x2527c693) x13 0xfffffd86
core   0: 0x8000125a (0x34009973) csrrw   s2, mscratch, ra
core   0: 3 0x8000125a (0x34009973) x18 0x00000006 c832_mscratch 0xffffff8a
core   0: 0x8000125e (0xb0c03613) sltiu   a2, zero, -1268
core   0: 3 0x8000125e (0xb0c03613) x12 0x00000001
core   0: 0x80001262 (0x34007873) csrrci  a6, mscratch, 0
core   0: 3 0x80001262 (0x34007873) x16 0xffffff8a
core   0: 0x80001266 (0x01a4d813) srli    a6, s1, 26
core   0: 3 0x80001266 (0x01a4d813) x16 0x00000000
core   0: 0x8000126a (0x00006675) c.lui   a2, 0x1d
core   0: 3 0x8000126a (0x6675) x12 0x0001d000
core   0: 0x8000126c (0x021d2033) mulhsu  zero, s10, ra
core   0: 3 0x8000126c (0x021d2033)
core   0: 0x80001270 (0x03b67eb3) remu    t4, a2, s11
core   0: 3 0x80001270 (0x03b67eb3) x29 0x000000e0
core   0: 0x80001274 (0xfd315683) lhu     a3, -45(sp)
core   0: 3 0x80001274 (0xfd315683) x13 0x00003435 mem 0x80010f7e
core   0: 0x80001278 (0x00210d83) lb      s11, 2(sp)
core   0: 3 0x80001278 (0x00210d83) x27 0x00000066 mem 0x80010fad
core   0: 0x8000127c (0xfd4128a3) sw      s4, -47(sp)
core   0: 3 0x8000127c (0xfd4128a3) mem 0x80010f7c 0x00000015
core   0: 0x80001280 (0x00009bfd) c.andi  a5, -1
core   0: 3 0x80001280 (0x9bfd) x15 0xffffffd4
core   0: 0x80001282 (0x00010403) lb      s0, 0(sp)
core   0: 3 0x80001282 (0x00010403) x8  0x00000060 mem 0x80010fab
core   0: 0x80001286 (0x340b25f3) csrrs   a1, mscratch, s6
core   0: 3 0x80001286 (0x340b25f3) x11 0xffffff8a c832_mscratch 0xffffffab
core   0: 0x8000128a (0x4189d433) sra     s0, s3, s8
core   0: 3 0x8000128a (0x4189d433) x8  0xffffffff
core   0: 0x8000128e (0x04310023) sb      gp, 64(sp)
core   0: 3 0x8000128e (0x04310023) mem 0x80010feb 0x03
core   0: 0x80001292 (0x028f51b3) divu    gp, t5, s0
core   0: 3 0x80001292 (0x028f51b3) x3  0x00000000
core   0: 0x80001296 (0xff810d83) lb      s11, -8(sp)
core   0: 3 0x80001296 (0xff810d83) x27 0xffffff9d mem 0x80010fa3
core   0: 0x8000129a (0x0001ee97) auipc   t4, 0x1e
core   0: 3 0x8000129a (0x0001ee97) x29 0x8001f29a
core   0: 0x8000129e (0x2bfe8e93) addi    t4, t4, 703
core   0: 3 0x8000129e (0x2bfe8e93) x29 0x8001f559
core   0: 0x800012a2 (0xff3ea503) lw      a0, -13(t4)
core   0: 3 0x800012a2 (0xff3ea503) x10 0x04050607 mem 0x8001f54c
core   0: 0x800012a6 (0x00eec003) lbu     zero, 14(t4)
core   0: 3 0x800012a6 (0x00eec003) mem 0x8001f567
core   0: 0x800012aa (0x006e8583) lb      a1, 6(t4)
core   0: 3 0x800012aa (0x006e8583) x11 0x00000014 mem 0x8001f55f
core   0: 0x800012ae (0x41500b33) sub     s6, zero, s5
core   0: 3 0x800012ae (0x41500b33) x22 0xffffffff
core   0: 0x800012b2 (0xff8e8c23) sb      s8, -8(t4)
core   0: 3 0x800012b2 (0xff8e8c23) mem 0x8001f551 0x70
core   0: 0x800012b6 (0x0323fa33) remu    s4, t2, s2
core   0: 3 0x800012b6 (0x0323fa33) x20 0x00000002
core   0: 0x800012ba (0x003e9603) lh      a2, 3(t4)
core   0: 3 0x800012ba (0x003e9603) x12 0x00001617 mem 0x8001f55c
core   0: 0x800012be (0xff4e8003) lb      zero, -12(t4)
core   0: 3 0x800012be (0xff4e8003) mem 0x8001f54d
core   0: 0x800012c2 (0x001ecc83) lbu     s9, 1(t4)
core   0: 3 0x800012c2 (0x001ecc83) x25 0x00000011 mem 0x8001f55a
core   0: 0x800012c6 (0x00008751) c.srai  a4, 20
core   0: 3 0x800012c6 (0x8751) x14 0x00000000
core   0: 0x800012c8 (0x02db61b3) rem     gp, s6, a3
core   0: 3 0x800012c8 (0x02db61b3) x3  0xffffffff
core   0: 0x800012cc (0xff3e8c83) lb      s9, -13(t4)
core   0: 3 0x800012cc (0xff3e8c83) x25 0x00000007 mem 0x8001f54c
core   0: 0x800012d0 (0x007e82a3) sb      t2, 5(t4)
core   0: 3 0x800012d0 (0x007e82a3) mem 0x8001f55e 0x0a
core   0: 0x800012d4 (0xff7ed183) lhu     gp, -9(t4)
core   0: 3 0x800012d4 (0xff7ed183) x3  0x0000700b mem 0x8001f550
core   0: 0x800012d8 (0xffdec403) lbu     s0, -3(t4)
core   0: 3 0x800012d8 (0xffdec403) x8  0x0000000d mem 0x8001f556
core   0: 0x800012dc (0x02e8f533) remu    a0, a7, a4
core   0: 3 0x800012dc (0x02e8f533) x10 0xae223bf5
core   0: 0x800012e0 (0xffee8603) lb      a2, -2(t4)
core   0: 3 0x800012e0 (0xffee8603) x12 0x0000000c mem 0x8001f557
core   0: 0x800012e4 (0x00008c49) c.or    s0, a0
core   0: 3 0x800012e4 (0x8c49) x8  0xae223bfd
core   0: 0x800012e6 (0xffce8103) lb      sp, -4(t4)
core   0: 3 0x800012e6 (0xffce8103) x2  0x0000000e mem 0x8001f555
core   0: 0x800012ea (0x033dfc33) remu    s8, s11, s3
core   0: 3 0x800012ea (0x033dfc33) x24 0xffffff9d
core   0: 0x800012ee (0x34003b73) csrrc   s6, mscratch, zero
core   0: 3 0x800012ee (0x34003b73) x22 0xffffffab
core   0: 0x800012f2 (0xffcec983) lbu     s3, -4(t4)
core   0: 3 0x800012f2 (0xffcec983) x19 0x0000000e mem 0x8001f555
core   0: 0x800012f6 (0x3b5cb213) sltiu   tp, s9, 949
core   0: 3 0x800012f6 (0x3b5cb213) x4  0x00000001
core   0: 0x800012fa (0x010e8323) sb      a6, 6(t4)
core   0: 3 0x800012fa (0x010e8323) mem 0x8001f55f 0x00
core   0: 0x800012fe (0xff6e8703) lb      a4, -10(t4)
core   0: 3 0x800012fe (0xff6e8703) x14 0x00000004 mem 0x8001f54f
core   0: 0x80001302 (0x001ed503) lhu     a0, 1(t4)
core   0: 3 0x80001302 (0x001ed503) x10 0x00001011 mem 0x8001f55a
core   0: 0x80001306 (0x0f5e2893) slti    a7, t3, 245
core   0: 3 0x80001306 (0x0f5e2893) x17 0x00000001
core   0: 0x8000130a (0xfffeab03) lw      s6, -1(t4)
core   0: 3 0x8000130a (0xfffeab03) x22 0x10111213 mem 0x8001f558
core   0: 0x8000130e (0x00cec383) lbu     t2, 12(t4)
core   0: 3 0x8000130e (0x00cec383) x7  0x0000001e mem 0x8001f565
core   0: 0x80001312 (0x0000f117) auipc   sp, 0xf
core   0: 3 0x80001312 (0x0000f117) x2  0x80010312
core   0: 0x80001316 (0x1a710113) addi    sp, sp, 423
core   0: 3 0x80001316 (0x1a710113) x2  0x800104b9
core   0: 0x8000131a (0x00a61e33) sll     t3, a2, a0
core   0: 3 0x8000131a (0x00a61e33) x28 0x00180000
core   0: 0x8000131e (0x3400b8f3) csrrc   a7, mscratch, ra
core   0: 3 0x8000131e (0x3400b8f3) x17 0xffffffab c832_mscratch 0x00000021
core   0: 0x80001322 (0xf8110083) lb      ra, -127(sp)
core   0: 3 0x80001322 (0xf8110083) x1  0xfffffff1 mem 0x8001043a
core   0: 0x80001326 (0x013fc0b3) xor     ra, t6, s3
core   0: 3 0x80001326 (0x013fc0b3) x1  0x0000424d
core   0: 0x8000132a (0x02b57333) remu    t1, a0, a1
core   0: 3 0x8000132a (0x02b57333) x6  0x0000000d
core   0: 0x8000132e (0x6e0bfe17) auipc   t3, 0x6e0bf
core   0: 3 0x8000132e (0x6e0bfe17) x28 0xee0c032e
core   0: 0x80001332 (0x340079f3) csrrci  s3, mscratch, 0
core   0: 3 0x80001332 (0x340079f3) x19 0x00000021
core   0: 0x80001336 (0x06014083) lbu     ra, 96(sp)
core   0: 3 0x80001336 (0x06014083) x1  0x000000d2 mem 0x80010519
core   0: 0x8000133a (0xfda10ea3) sb      s10, -35(sp)
core   0: 3 0x8000133a (0xfda10ea3) mem 0x80010496 0xf5
core   0: 0x8000133e (0x09b10a23) sb      s11, 148(sp)
core   0: 3 0x8000133e (0x09b10a23) mem 0x8001054d 0x9d
core   0: 0x80001342 (0x04b12a83) lw      s5, 75(sp)
core   0: 3 0x80001342 (0x04b12a83) x21 0xbcbdbebf mem 0x80010504
core   0: 0x80001346 (0x03fff9b3) remu    s3, t6, t6
core   0: 3 0x80001346 (0x03fff9b3) x19 0x00000000
core   0: 0x8000134a (0x0bd10023) sb      t4, 160(sp)
core   0: 3 0x8000134a (0x0bd10023) mem 0x80010559 0x59
core   0: 0x8000134e (0xd48f0013) addi    zero, t5, -696
core   0: 3 0x8000134e (0xd48f0013)
core   0: 0x80001352 (0x023f1233) mulh    tp, t5, gp
core   0: 3 0x80001352 (0x023f1233) x4  0xffffc7fb
core   0: 0x80001356 (0x0a2116a3) sh      sp, 173(sp)
core   0: 3 0x80001356 (0x0a2116a3) mem 0x80010566 0x04b9
core   0: 0x8000135a (0x9c727213) andi    tp, tp, -1593
core   0: 3 0x8000135a (0x9c727213) x4  0xffffc1c3
core   0: 0x8000135e (0x01185893) srli    a7, a6, 17
core   0: 3 0x8000135e (0x01185893) x17 0x00000000
core   0: 0x80001362 (0x03b88d33) mul     s10, a7, s11
core   0: 3 0x80001362 (0x03b88d33) x26 0x00000000
core   0: 0x80001366 (0x01ee5233) srl     tp, t3, t5
core   0: 3 0x80001366 (0x01ee5233) x4  0x0ee0c032
core   0: 0x8000136a (0x34002cf3) csrr    s9, mscratch
core   0: 3 0x8000136a (0x34002cf3) x25 0x00000021
core   0: 0x8000136e (0x340025f3) csrr    a1, mscratch
core   0: 3 0x8000136e (0x340025f3) x11 0x00000021
core   0: 0x80001372 (0x0bd10123) sb      t4, 162(sp)
core   0: 3 0x80001372 (0x0bd10123) mem 0x8001055b 0x59
core   0: 0x80001376 (0x00004e65) c.li    t3, 25
core   0: 3 0x80001376 (0x4e65) x28 0x00000019
core   0: 0x80001378 (0x035f3d33) mulhu   s10, t5, s5
core   0: 3 0x80001378 (0x035f3d33) x26 0x5e60ccb5
core   0: 0x8000137c (0xf1314883) lbu     a7, -237(sp)
core   0: 3 0x8000137c (0xf1314883) x17 0x00000087 mem 0x800103cc
core   0: 0x80001380 (0x41c90c33) sub     s8, s2, t3
core   0: 3 0x80001380 (0x41c90c33) x24 0xffffffed
core   0: 0x80001384 (0x3402fff3) csrrci  t6, mscratch, 5
core   0: 3 0x80001384 (0x3402fff3) x31 0x00000021 c832_mscratch 0x00000020
core   0: 0x80001388 (0x00001dfd) c.addi  s11, -1
core   0: 3 0x80001388 (0x1dfd) x27 0xffffff9c
core   0: 0x8000138a (0x41f9da93) srai    s5, s3, 31
core   0: 3 0x8000138a (0x41f9da93) x21 0x00000000
core   0: 0x8000138e (0x52ea8997) auipc   s3, 0x52ea8
core   0: 3 0x8000138e (0x52ea8997) x19 0xd2ea938e
core   0: 0x80001392 (0xffb10983) lb      s3, -5(sp)
core   0: 3 0x80001392 (0xffb10983) x19 0x0000006f mem 0x800104b4
core   0: 0x80001396 (0x030d04b3) mul     s1, s10, a6
core   0: 3 0x80001396 (0x030d04b3) x9  0x00000000
core   0: 0x8000139a (0x00006e7d) c.lui   t3, 0x1f
core   0: 3 0x8000139a (0x6e7d) x28 0x0001f000
core   0: 0x8000139c (0xf4b11003) lh      zero, -181(sp)
core   0: 3 0x8000139c (0xf4b11003) mem 0x80010404
core   0: 0x800013a0 (0x00016697) auipc   a3, 0x16
core   0: 3 0x800013a0 (0x00016697) x13 0x800173a0
core   0: 0x800013a4 (0x58868693) addi    a3, a3, 1416
core   0: 3 0x800013a4 (0x58868693) x13 0x80017928
core   0: 0x800013a8 (0xffd68603) lb      a2, -3(a3)
core   0: 3 0x800013a8 (0xffd68603) x12 0xffffffde mem 0x80017925
core   0: 0x800013ac (0xff869603) lh      a2, -8(a3)
core   0: 3 0x800013ac (0xff869603) x12 0xffffdadb mem 0x80017920
core   0: 0x800013b0 (0xc0962d17) auipc   s10, 0xc0962
core   0: 3 0x800013b0 (0xc0962d17) x26 0x409633b0
core   0: 0x800013b4 (0xff56c603) lbu     a2, -11(a3)
core   0: 3 0x800013b4 (0xff56c603) x12 0x000000d6 mem 0x8001791d
core   0: 0x800013b8 (0x00000001) c.nop
core   0: 3 0x800013b8 (0x0001)
core   0: 0x800013ba (0x00a68003) lb      zero, 10(a3)
core   0: 3 0x800013ba (0x00a68003) mem 0x80017932
core   0: 0x800013be (0x00655c93) srli    s9, a0, 6
core   0: 3 0x800013be (0x00655c93) x25 0x00000040
core   0: 0x800013c2 (0x419cd313) srai    t1, s9, 25
core   0: 3 0x800013c2 (0x419cd313) x6  0x00000000
core   0: 0x800013c6 (0x00568103) lb      sp, 5(a3)
core   0: 3 0x800013c6 (0x00568103) x2  0xffffffe6 mem 0x8001792d
core   0: 0x800013ca (0x00768183) lb      gp, 7(a3)
core   0: 3 0x800013ca (0x00768183) x3  0xffffffe4 mem 0x8001792f
core   0: 0x800013ce (0x00e6dd83) lhu     s11, 14(a3)
core   0: 3 0x800013ce (0x00e6dd83) x27 0x0000eced mem 0x80017936
core   0: 0x800013d2 (0x00000001) c.nop
core   0: 3 0x800013d2 (0x0001)
core   0: 0x800013d4 (0x3a504c93) xori    s9, zero, 933
core   0: 3 0x800013d4 (0x3a504c93) x25 0x000003a5
core   0: 0x800013d8 (0x01569123) sh      s5, 2(a3)
core   0: 3 0x800013d8 (0x01569123) mem 0x8001792a 0x0000
core   0: 0x800013dc (0xffe68ca3) sb      t5, -7(a3)
core   0: 3 0x800013dc (0xffe68ca3) mem 0x80017921 0x24
core   0: 0x800013e0 (0x00e6d703) lhu     a4, 14(a3)
core   0: 3 0x800013e0 (0x00e6d703) x14 0x0000eced mem 0x80017936
core   0: 0x800013e4 (0xff269203) lh      tp, -14(a3)
core   0: 3 0x800013e4 (0xff269203) x4  0xffffd0d1 mem 0x8001791a
core   0: 0x800013e8 (0xfe768b23) sb      t2, -10(a3)
core   0: 3 0x800013e8 (0xfe768b23) mem 0x8001791e 0x1e
core   0: 0x800013ec (0x01a4d9b3) srl     s3, s1, s10
core   0: 3 0x800013ec (0x01a4d9b3) x19 0x00000000
core   0: 0x800013f0 (0x00b6c303) lbu     t1, 11(a3)
core   0: 3 0x800013f0 (0x00b6c303) x6  0x000000e8 mem 0x80017933
core   0: 0x800013f4 (0xff46c103) lbu     sp, -12(a3)
core   0: 3 0x800013f4 (0xff46c103) x2  0x000000d7 mem 0x8001791c
core   0: 0x800013f8 (0xa951d937) lui     s2, 0xa951d
core   0: 3 0x800013f8 (0xa951d937) x18 0xa951d000
core   0: 0x800013fc (0x000053fd) c.li    t2, -1
core   0: 3 0x800013fc (0x53fd) x7  0xffffffff
core   0: 0x800013fe (0xffe6c183) lbu     gp, -2(a3)
core   0: 3 0x800013fe (0xffe6c183) x3  0x000000dd mem 0x80017926
core   0: 0x80001402 (0xffb6cf83) lbu     t6, -5(a3)
core   0: 3 0x80001402 (0xffb6cf83) x31 0x000000d8 mem 0x80017923
core   0: 0x80001406 (0x011ad0b3) srl     ra, s5, a7
core   0: 3 0x80001406 (0x011ad0b3) x1  0x00000000
core   0: 0x8000140a (0xff768203) lb      tp, -9(a3)
core   0: 3 0x8000140a (0xff768203) x4  0xffffffd4 mem 0x8001791f
core   0: 0x8000140e (0x00f683a3) sb      a5, 7(a3)
core   0: 3 0x8000140e (0x00f683a3) mem 0x8001792f 0xd4
core   0: 0x80001412 (0x00006cc5) c.lui   s9, 0x11
core   0: 3 0x80001412 (0x6cc5) x25 0x00011000
core   0: 0x80001414 (0x00008736) c.mv    a4, a3
core   0: 3 0x80001414 (0x8736) x14 0x80017928
core   0: 0x80001416 (0x00568303) lb      t1, 5(a3)
core   0: 3 0x80001416 (0x00568303) x6  0xffffffe6 mem 0x8001792d
core   0: 0x8000141a (0x002684a3) sb      sp, 9(a3)
core   0: 3 0x8000141a (0x002684a3) mem 0x80017931 0xd7
core   0: 0x8000141e (0x00012117) auipc   sp, 0x12
core   0: 3 0x8000141e (0x00012117) x2  0x8001341e
core   0: 0x80001422 (0x5a110113) addi    sp, sp, 1441
core   0: 3 0x80001422 (0x5a110113) x2  0x800139bf
core   0: 0x80001426 (0x08f10da3) sb      a5, 155(sp)
core   0: 3 0x80001426 (0x08f10da3) mem 0x80013a5a 0xd4
core   0: 0x8000142a (0xf6714d83) lbu     s11, -153(sp)
core   0: 3 0x8000142a (0xf6714d83) x27 0x000000dd mem 0x80013926
core   0: 0x8000142e (0x000084c1) c.srai  s1, 16
core   0: 3 0x8000142e (0x84c1) x9  0x00000000
core   0: 0x80001430 (0x0060f633) and     a2, ra, t1
core   0: 3 0x80001430 (0x0060f633) x12 0x00000000
core   0: 0x80001434 (0xfc610e03) lb      t3, -58(sp)
core   0: 3 0x80001434 (0xfc610e03) x28 0x0000003e mem 0x80013985
core   0: 0x80001438 (0xf8b10903) lb      s2, -117(sp)
core   0: 3 0x80001438 (0xf8b10903) x18 0x00000001 mem 0x8001394a
core   0: 0x8000143c (0xff010c23) sb      a6, -8(sp)
core   0: 3 0x8000143c (0xff010c23) mem 0x800139b7 0x00
core   0: 0x80001440 (0x09c10d03) lb      s10, 156(sp)
core   0: 3 0x80001440 (0x09c10d03) x26 0x00000010 mem 0x80013a5b
core   0: 0x80001444 (0x0d311803) lh      a6, 211(sp)
core   0: 3 0x80001444 (0x0d311803) x16 0x00004849 mem 0x80013a92
core   0: 0x80001448 (0x2e71ce93) xori    t4, gp, 743
core   0: 3 0x80001448 (0x2e71ce93) x29 0x0000023a
core   0: 0x8000144c (0xfd014c83) lbu     s9, -48(sp)
core   0: 3 0x8000144c (0xfd014c83) x25 0x00000044 mem 0x8001398f
core   0: 0x80001450 (0x04b14d03) lbu     s10, 75(sp)
core   0: 3 0x80001450 (0x04b14d03) x26 0x000000c1 mem 0x80013a0a
core   0: 0x80001454 (0x05d14983) lbu     s3, 93(sp)
core   0: 3 0x80001454 (0x05d14983) x19 0x000000d7 mem 0x80013a1c
core   0: 0x80001458 (0x3cc13a13) sltiu   s4, sp, 972
core   0: 3 0x80001458 (0x3cc13a13) x20 0x00000000
core   0: 0x8000145c (0x07610203) lb      tp, 118(sp)
core   0: 3 0x8000145c (0x07610203) x4  0xffffffee mem 0x80013a35
core   0: 0x80001460 (0x41ef5033) sra     zero, t5, t5
core   0: 3 0x80001460 (0x41ef5033)
core   0: 0x80001464 (0xf0614083) lbu     ra, -250(sp)
core   0: 3 0x80001464 (0xf0614083) x1  0x0000007e mem 0x800138c5
core   0: 0x80001468 (0xf60116a3) sh      zero, -147(sp)
core   0: 3 0x80001468 (0xf60116a3) mem 0x8001392c 0x0000
core   0: 0x8000146c (0x03666c33) rem     s8, a2, s6
core   0: 3 0x8000146c (0x03666c33) x24 0x00000000
core   0: 0x80001470 (0xfd614203) lbu     tp, -42(sp)
core   0: 3 0x80001470 (0xfd614203) x4  0x0000004e mem 0x80013995
core   0: 0x80001474 (0x00000c32) c.slli  s8, 12
core   0: 3 0x80001474 (0x0c32) x24 0x00000000
core   0: 0x80001476 (0x00008cc5) c.or    s1, s1
core   0: 3 0x80001476 (0x8cc5) x9  0x00000000
core   0: 0x80001478 (0xf6110223) sb      ra, -156(sp)
core   0: 3 0x80001478 (0xf6110223) mem 0x80013923 0x7e
core   0: 0x8000147c (0x01809cb3) sll     s9, ra, s8
core   0: 3 0x8000147c (0x01809cb3) x25 0x0000007e
core   0: 0x80001480 (0x0d715183) lhu     gp, 215(sp)
core   0: 3 0x80001480 (0x0d715183) x3  0x00004c4d mem 0x80013a96
core   0: 0x80001484 (0x0030dd13) srli    s10, ra, 3
core   0: 3 0x80001484 (0x0030dd13) x26 0x0000000f
core   0: 0x80001488 (0x02d10823) sb      a3, 48(sp)
core   0: 3 0x80001488 (0x02d10823) mem 0x800139ef 0x28
core   0: 0x8000148c (0x00008d21) c.xor   a0, s0
core   0: 3 0x8000148c (0x8d21) x10 0xae222bec
core   0: 0x8000148e (0x00008fa1) c.xor   a5, s0
core   0: 3 0x8000148e (0x8fa1) x15 0x51ddc429
core   0: 0x80001490 (0x00c105a3) sb      a2, 11(sp)
core   0: 3 0x80001490 (0x00c105a3) mem 0x800139ca 0x00
core   0: 0x80001494 (0x00001cfd) c.addi  s9, -1
core   0: 3 0x80001494 (0x1cfd) x25 0x0000007d
core   0: 0x80001496 (0x02e61b33) mulh    s6, a2, a4
core   0: 3 0x80001496 (0x02e61b33) x22 0x00000000
core   0: 0x8000149a (0x07510a23) sb      s5, 116(sp)
core   0: 3 0x8000149a (0x07510a23) mem 0x80013a33 0x00
core   0: 0x8000149e (0x40f806b3) sub     a3, a6, a5
core   0: 3 0x8000149e (0x40f806b3) x13 0xae228420
core   0: 0x800014a2 (0x003cb933) sltu    s2, s9, gp
core   0: 3 0x800014a2 (0x003cb933) x18 0x00000001
core   0: 0x800014a6 (0x04b10d83) lb      s11, 75(sp)
core   0: 3 0x800014a6 (0x04b10d83) x27 0xffffffc1 mem 0x80013a0a
core   0: 0x800014aa (0x00006a95) c.lui   s5, 0x5
core   0: 3 0x800014aa (0x6a95) x21 0x00005000
core   0: 0x800014ac (0xcac23593) sltiu   a1, tp, -852
core   0: 3 0x800014ac (0xcac23593) x11 0x00000001
core   0: 0x800014b0 (0xf5214e03) lbu     t3, -174(sp)
core   0: 3 0x800014b0 (0xf5214e03) x28 0x000000ca mem 0x80013911
core   0: 0x800014b4 (0x02e864b3) rem     s1, a6, a4
core   0: 3 0x800014b4 (0x02e864b3) x9  0x00004849
core   0: 0x800014b8 (0x00b10e03) lb      t3, 11(sp)
core   0: 3 0x800014b8 (0x00b10e03) x28 0x00000000 mem 0x800139ca
core   0: 0x800014bc (0x0af14c83) lbu     s9, 175(sp)
core   0: 3 0x800014bc (0x0af14c83) x25 0x00000025 mem 0x80013a6e
core   0: 0x800014c0 (0x34006373) csrrsi  t1, mscratch, 0
core   0: 3 0x800014c0 (0x34006373) x6  0x00000020
core   0: 0x800014c4 (0x0ae14983) lbu     s3, 174(sp)
core   0: 3 0x800014c4 (0x0ae14983) x19 0x00000026 mem 0x80013a6d
core   0: 0x800014c8 (0xfbc14803) lbu     a6, -68(sp)
core   0: 3 0x800014c8 (0xfbc14803) x16 0x00000030 mem 0x8001397b
core   0: 0x800014cc (0x0ef10823) sb      a5, 240(sp)
core   0: 3 0x800014cc (0x0ef10823) mem 0x80013aaf 0x29
core   0: 0x800014d0 (0xfa910683) lb      a3, -87(sp)
core   0: 3 0x800014d0 (0xfa910683) x13 0x00000023 mem 0x80013968
core   0: 0x800014d4 (0x00017917) auipc   s2, 0x17
core   0: 3 0x800014d4 (0x00017917) x18 0x800184d4
core   0: 0x800014d8 (0x0c090913) addi    s2, s2, 192
core   0: 3 0x800014d8 (0x0c090913) x18 0x80018594
core   0: 0x800014dc (0x468904a3) sb      s0, 1129(s2)
core   0: 3 0x800014dc (0x468904a3) mem 0x800189fd 0xfd
core   0: 0x800014e0 (0x11968513) addi    a0, a3, 281
core   0: 3 0x800014e0 (0x11968513) x10 0x0000013c
core   0: 0x800014e4 (0x6ae94083) lbu     ra, 1710(s2)
core   0: 3 0x800014e4 (0x6ae94083) x1  0x000000f9 mem 0x80018c42
core   0: 0x800014e8 (0xf3f90123) sb      t6, -222(s2)
core   0: 3 0x800014e8 (0xf3f90123) mem 0x800184b6 0xd8
core   0: 0x800014ec (0x22c1b613) sltiu   a2, gp, 556
core   0: 3 0x800014ec (0x22c1b613) x12 0x00000000
core   0: 0x800014f0 (0x81d94e03) lbu     t3, -2019(s2)
core   0: 3 0x800014f0 (0x81d94e03) x28 0x0000006a mem 0x80017db1
core   0: 0x800014f4 (0x0000879d) c.srai  a5, 7
core   0: 3 0x800014f4 (0x879d) x15 0x00a3bb88
core   0: 0x800014f6 (0xf6f5ef93) ori     t6, a1, -145
core   0: 3 0x800014f6 (0xf6f5ef93) x31 0xffffff6f
core   0: 0x800014fa (0x007ece33) xor     t3, t4, t2
core   0: 3 0x800014fa (0x007ece33) x28 0xfffffdc5
core   0: 0x800014fe (0x35b94383) lbu     t2, 859(s2)
core   0: 3 0x800014fe (0x35b94383) x7  0x000000a4 mem 0x800188ef
core   0: 0x80001502 (0x003f2ab3) slt     s5, t5, gp
core   0: 3 0x80001502 (0x003f2ab3) x21 0x00000001
core   0: 0x80001506 (0x00c45fb3) srl     t6, s0, a2
core   0: 3 0x80001506 (0x00c45fb3) x31 0xae223bfd
core   0: 0x8000150a (0x037c4b33) div     s6, s8, s7
core   0: 3 0x8000150a (0x037c4b33) x22 0x00000000
core   0: 0x8000150e (0x57eb2893) slti    a7, s6, 1406
core   0: 3 0x8000150e (0x57eb2893) x17 0x00000001
core   0: 0x80001512 (0x39890aa3) sb      s8, 917(s2)
core   0: 3 0x80001512 (0x39890aa3) mem 0x80018929 0x00
core   0: 0x80001516 (0x1e590d03) lb      s10, 485(s2)
core   0: 3 0x80001516 (0x1e590d03) x26 0x00000032 mem 0x80018779
core   0: 0x8000151a (0x45b94a83) lbu     s5, 1115(s2)
core   0: 3 0x8000151a (0x45b94a83) x21 0x000000a4 mem 0x800189ef
core   0: 0x8000151e (0x005e1533) sll     a0, t3, t0
core   0: 3 0x8000151e (0x005e1533) x10 0xfff71400
core   0: 0x80001522 (0x4074da93) srai    s5, s1, 7
core   0: 3 0x80001522 (0x4074da93) x21 0x00000090
core   0: 0x80001526 (0x00008dfd) c.and   a1, a5
core   0: 3 0x80001526 (0x8dfd) x11 0x00000000
core   0: 0x80001528 (0x00000001) c.nop
core   0: 3 0x80001528 (0x0001)
core   0: 0x8000152a (0x01572033) slt     zero, a4, s5
core   0: 3 0x8000152a (0x01572033)
core   0: 0x8000152e (0x61c904a3) sb      t3, 1545(s2)
core   0: 3 0x8000152e (0x61c904a3) mem 0x80018b9d 0xc5
core   0: 0x80001532 (0x6eb90303) lb      t1, 1771(s2)
core   0: 3 0x80001532 (0x6eb90303) x6  0x00000034 mem 0x80018c7f
core   0: 0x80001536 (0x00006149) c.addi16sp sp, 144
core   0: 3 0x80001536 (0x6149) x2  0x80013a4f
core   0: 0x80001538 (0x3406d573) csrrwi  a0, mscratch, 13
core   0: 3 0x80001538 (0x3406d573) x10 0x00000020 c832_mscratch 0x0000000d
core   0: 0x8000153c (0x17790f83) lb      t6, 375(s2)
core   0: 3 0x8000153c (0x17790f83) x31 0xffffffc0 mem 0x8001870b
core   0: 0x80001540 (0x7a190583) lb      a1, 1953(s2)
core   0: 3 0x80001540 (0x7a190583) x11 0xffffffee mem 0x80018d35
core   0: 0x80001544 (0xc1994883) lbu     a7, -999(s2)
core   0: 3 0x80001544 (0xc1994883) x17 0x00000066 mem 0x800181ad
core   0: 0x80001548 (0xe1f90083) lb      ra, -481(s2)
core   0: 3 0x80001548 (0xe1f90083) x1  0x00000068 mem 0x800183b3
core   0: 0x8000154c (0x49a95083) lhu     ra, 1178(s2)
core   0: 3 0x8000154c (0x49a95083) x1  0x0000e4e5 mem 0x80018a2e
core   0: 0x80001550 (0x00006d39) c.lui   s10, 0xe
core   0: 3 0x80001550 (0x6d39) x26 0x0000e000
core   0: 0x80001552 (0xc5890fa3) sb      s8, -929(s2)
core   0: 3 0x80001552 (0xc5890fa3) mem 0x800181f3 0x00
core   0: 0x80001556 (0xd0d90a83) lb      s5, -755(s2)
core   0: 3 0x80001556 (0xd0d90a83) x21 0x0000005a mem 0x800182a1
core   0: 0x8000155a (0x00013717) auipc   a4, 0x13
core   0: 3 0x8000155a (0x00013717) x14 0x8001455a
core   0: 0x8000155e (0x62b70713) addi    a4, a4, 1579
core   0: 3 0x8000155e (0x62b70713) x14 0x80014b85
core   0: 0x80001562 (0x3e958f93) addi    t6, a1, 1001
core   0: 3 0x80001562 (0x3e958f93) x31 0x000003d7
core   0: 0x80001566 (0x006f9a93) slli    s5, t6, 6
core   0: 3 0x80001566 (0x006f9a93) x21 0x0000f5c0
core   0: 0x8000156a (0xf2874083) lbu     ra, -216(a4)
core   0: 3 0x8000156a (0xf2874083) x1  0x00000066 mem 0x80014aad
core   0: 0x8000156e (0x340f2973) csrrs   s2, mscratch, t5
core   0: 3 0x8000156e (0x340f2973) x18 0x0000000d c832_mscratch 0x80029d2d
core   0: 0x80001572 (0x011d3033) sltu    zero, s10, a7
core   0: 3 0x80001572 (0x011d3033)
core   0: 0x80001576 (0x0ca70103) lb      sp, 202(a4)
core   0: 3 0x80001576 (0x0ca70103) x2  0x00000004 mem 0x80014c4f
core   0: 0x8000157a (0xf0d70603) lb      a2, -243(a4)
core   0: 3 0x8000157a (0xf0d70603) x12 0x00000049 mem 0x80014a92
core   0: 0x8000157e (0x00f72583) lw      a1, 15(a4)
core   0: 3 0x8000157e (0x00f72583) x11 0x4c4d4e4f mem 0x80014b94
core   0: 0x80001582 (0x340061f3) csrrsi  gp, mscratch, 0
core   0: 3 0x80001582 (0x340061f3) x3  0x80029d2d
core   0: 0x80001586 (0xfb270e23) sb      s2, -68(a4)
core   0: 3 0x80001586 (0xfb270e23) mem 0x80014b41 0x0d
core   0: 0x8000158a (0x01ab7fb3) and     t6, s6, s10
core   0: 3 0x8000158a (0x01ab7fb3) x31 0x00000000
core   0: 0x8000158e (0x00008399) c.srli  a5, 6
core   0: 3 0x8000158e (0x8399) x15 0x00028eee
core   0: 0x80001590 (0x03f75183) lhu     gp, 63(a4)
core   0: 3 0x80001590 (0x03f75183) x3  0x00007e7f mem 0x80014bc4
core   0: 0x80001594 (0x00609e13) slli    t3, ra, 6
core   0: 3 0x80001594 (0x00609e13) x28 0x00001980
core   0: 0x80001598 (0x08171603) lh      a2, 129(a4)
core   0: 3 0x80001598 (0x08171603) x12 0xffffbcbd mem 0x80014c06
core   0: 0x8000159c (0x02470223) sb      tp, 36(a4)
core   0: 3 0x8000159c (0x02470223) mem 0x80014ba9 0x4e
core   0: 0x800015a0 (0xfb574f83) lbu     t6, -75(a4)
core   0: 3 0x800015a0 (0xfb574f83) x31 0x000000f1 mem 0x80014b3a
core   0: 0x800015a4 (0x0398dd33) divu    s10, a7, s9
core   0: 3 0x800015a4 (0x0398dd33) x26 0x00000002
core   0: 0x800015a8 (0xf2d70483) lb      s1, -211(a4)
core   0: 3 0x800015a8 (0xf2d70483) x9  0x00000069 mem 0x80014ab2
core   0: 0x800015ac (0x0de74483) lbu     s1, 222(a4)
core   0: 3 0x800015ac (0x0de74483) x9  0x00000018 mem 0x80014c63
core   0: 0x800015b0 (0x003f5133) srl     sp, t5, gp
core   0: 3 0x800015b0 (0x003f5133) x2  0x00000001
core   0: 0x800015b4 (0x00cab0b3) sltu    ra, s5, a2
core   0: 3 0x800015b4 (0x00cab0b3) x1  0x00000001
core   0: 0x800015b8 (0x01c0bcb3) sltu    s9, ra, t3
core   0: 3 0x800015b8 (0x01c0bcb3) x25 0x00000001
core   0: 0x800015bc (0x00005ffd) c.li    t6, -1
core   0: 3 0x800015bc (0x5ffd) x31 0xffffffff
core   0: 0x800015be (0x00008d35) c.xor   a0, a3
core   0: 3 0x800015be (0x8d35) x10 0x00000003
core   0: 0x800015c0 (0xfcf75d03) lhu     s10, -49(a4)
core   0: 3 0x800015c0 (0xfcf75d03) x26 0x00000e0f mem 0x80014b54
core   0: 0x800015c4 (0xf1770423) sb      s7, -248(a4)
core   0: 3 0x800015c4 (0xf1770423) mem 0x80014a8d 0xa4
core   0: 0x800015c8 (0x00008df9) c.and   a1, a4
core   0: 3 0x800015c8 (0x8df9) x11 0x00014a05
core   0: 0x800015ca (0xed03bc13) sltiu   s8, t2, -304
core   0: 3 0x800015ca (0xed03bc13) x24 0x00000001
core   0: 0x800015ce (0x0bd70f83) lb      t6, 189(a4)
core   0: 3 0x800015ce (0x0bd70f83) x31 0xfffffff9 mem 0x80014c42
core   0: 0x800015d2 (0x01f71983) lh      s3, 31(a4)
core   0: 3 0x800015d2 (0x01f71983) x19 0x00005e5f mem 0x80014ba4
core   0: 0x800015d6 (0xf7c70523) sb      t3, -150(a4)
core   0: 3 0x800015d6 (0xf7c70523) mem 0x80014aef 0x80
core   0: 0x800015da (0x02f75483) lhu     s1, 47(a4)
core   0: 3 0x800015da (0x02f75483) x9  0x00006e6f mem 0x80014bb4
core   0: 0x800015de (0x00008d45) c.or    a0, s1
core   0: 3 0x800015de (0x8d45) x10 0x00006e6f
core   0: 0x800015e0 (0x00444333) xor     t1, s0, tp
core   0: 3 0x800015e0 (0x00444333) x6  0xae223bb3
core   0: 0x800015e4 (0x0c870523) sb      s0, 202(a4)
core   0: 3 0x800015e4 (0x0c870523) mem 0x80014c4f 0xfd
core   0: 0x800015e8 (0x03d74383) lbu     t2, 61(a4)
core   0: 3 0x800015e8 (0x03d74383) x7  0x00000079 mem 0x80014bc2
core   0: 0x800015ec (0x026a5463) bge     s4, t1, pc + 40
core   0: 3 0x800015ec (0x026a5463)
core   0: 0x80001614 (0xb11a2f93) slti    t6, s4, -1263
core   0: 3 0x80001614 (0xb11a2f93) x31 0x00000000
core   0: 0x80001618 (0x0f610593) addi    a1, sp, 246
core   0: 3 0x80001618 (0x0f610593) x11 0x000000f7
core   0: 0x8000161c (0x005e3ab3) sltu    s5, t3, t0
core   0: 3 0x8000161c (0x005e3ab3) x21 0x00000001
core   0: 0x80001620 (0x03368db3) mul     s11, a3, s3
core   0: 3 0x80001620 (0x03368db3) x27 0x000ce6fd
core   0: 0x80001624 (0x0d8a3713) sltiu   a4, s4, 216
core   0: 3 0x80001624 (0x0d8a3713) x14 0x00000001
core   0: 0x80001628 (0x00000001) c.nop
core   0: 3 0x80001628 (0x0001)
core   0: 0x8000162a (0x0000987d) c.andi  s0, -1
core   0: 3 0x8000162a (0x987d) x8  0xae223bfd
core   0: 0x8000162c (0x41e15193) srai    gp, sp, 30
core   0: 3 0x8000162c (0x41e15193) x3  0x00000000
core   0: 0x80001630 (0x41365633) sra     a2, a2, s3
core   0: 3 0x80001630 (0x41365633) x12 0xffffffff
core   0: 0x80001634 (0x0000ef95) c.bnez  a5, pc + 60
core   0: 3 0x80001634 (0xef95)
core   0: 0x80001670 (0x01ca6233) or      tp, s4, t3
core   0: 3 0x80001670 (0x01ca6233) x4  0x00001980
core   0: 0x80001674 (0x020f94b3) mulh    s1, t6, zero
core   0: 3 0x80001674 (0x020f94b3) x9  0x00000000
core   0: 0x80001678 (0x0000947e) c.add   s0, t6
core   0: 3 0x80001678 (0x947e) x8  0xae223bfd
core   0: 0x8000167a (0x0210ce33) div     t3, ra, ra
core   0: 3 0x8000167a (0x0210ce33) x28 0x00000001
core   0: 0x8000167e (0x00009ace) c.add   s5, s3
core   0: 3 0x8000167e (0x9ace) x21 0x00005e60
core   0: 0x80001680 (0xfb77c613) xori    a2, a5, -73
core   0: 3 0x80001680 (0xfb77c613) x12 0xfffd7159
core   0: 0x80001684 (0x00d85533) srl     a0, a6, a3
core   0: 3 0x80001684 (0x00d85533) x10 0x00000006
core   0: 0x80001688 (0x00de2eb3) slt     t4, t3, a3
core   0: 3 0x80001688 (0x00de2eb3) x29 0x00000001
core   0: 0x8000168c (0x00c35913) srli    s2, t1, 12
core   0: 3 0x8000168c (0x00c35913) x18 0x000ae223
core   0: 0x80001690 (0x01774633) xor     a2, a4, s7
core   0: 3 0x80001690 (0x01774633) x12 0x80025ea5
core   0: 0x80001694 (0x00008325) c.srli  a4, 9
core   0: 3 0x80001694 (0x8325) x14 0x00000000
core   0: 0x80001696 (0x402ed3b3) sra     t2, t4, sp
core   0: 3 0x80001696 (0x402ed3b3) x7  0x00000000
core   0: 0x8000169a (0x34076ef3) csrrsi  t4, mscratch, 14
core   0: 3 0x8000169a (0x34076ef3) x29 0x80029d2d c832_mscratch 0x80029d2f
core   0: 0x8000169e (0x012ad263) bge     s5, s2, pc + 4
core   0: 3 0x8000169e (0x012ad263)
core   0: 0x800016a2 (0x000009fe) c.slli  s3, 31
core   0: 3 0x800016a2 (0x09fe) x19 0x80000000
core   0: 0x800016a4 (0x000008c2) c.slli  a7, 16
core   0: 3 0x800016a4 (0x08c2) x17 0x00660000
core   0: 0x800016a6 (0x01c41a13) slli    s4, s0, 28
core   0: 3 0x800016a6 (0x01c41a13) x20 0xd0000000
core   0: 0x800016aa (0x00008d79) c.and   a0, a4
core   0: 3 0x800016aa (0x8d79) x10 0x00000000
core   0: 0x800016ac (0x00009cce) c.add   s9, s3
core   0: 3 0x800016ac (0x9cce) x25 0x80000001
core   0: 0x800016ae (0x03f69163) bne     a3, t6, pc + 34
core   0: 3 0x800016ae (0x03f69163)
core   0: 0x800016d0 (0x01cf9db3) sll     s11, t6, t3
core   0: 3 0x800016d0 (0x01cf9db3) x27 0x00000000
core   0: 0x800016d4 (0x0000ee95) c.bnez  a3, pc + 60
core   0: 3 0x800016d4 (0xee95)
core   0: 0x80001710 (0x00008b3e) c.mv    s6, a5
core   0: 3 0x80001710 (0x8b3e) x22 0x00028eee
core   0: 0x80001712 (0x00008e6d) c.and   a2, a1
core   0: 3 0x80001712 (0x8e6d) x12 0x000000a5
core   0: 0x80001714 (0x0000616d) c.addi16sp sp, 240
core   0: 3 0x80001714 (0x616d) x2  0x000000f1
core   0: 0x80001716 (0x6a6fc693) xori    a3, t6, 1702
core   0: 3 0x80001716 (0x6a6fc693) x13 0x000006a6
core   0: 0x8000171a (0x002b7833) and     a6, s6, sp
core   0: 3 0x8000171a (0x002b7833) x16 0x000000e0
core   0: 0x8000171e (0x00008f1d) c.sub   a4, a5
core   0: 3 0x8000171e (0x8f1d) x14 0xfffd7112
core   0: 0x80001720 (0x02469363) bne     a3, tp, pc + 38
core   0: 3 0x80001720 (0x02469363)
core   0: 0x80001746 (0x0144a3b3) slt     t2, s1, s4
core   0: 3 0x80001746 (0x0144a3b3) x7  0x00000000
core   0: 0x8000174a (0x00000c4e) c.slli  s8, 19
core   0: 3 0x8000174a (0x0c4e) x24 0x00080000
core   0: 0x8000174c (0x01949113) slli    sp, s1, 25
core   0: 3 0x8000174c (0x01949113) x2  0x00000000
core   0: 0x80001750 (0x037c7263) bgeu    s8, s7, pc + 36
core   0: 3 0x80001750 (0x037c7263)
core   0: 0x80001754 (0x0363ad33) mulhsu  s10, t2, s6
core   0: 3 0x80001754 (0x0363ad33) x26 0x00000000
core   0: 0x80001758 (0x00006119) c.addi16sp sp, 384
core   0: 3 0x80001758 (0x6119) x2  0x00000180
core   0: 0x8000175a (0x00008595) c.srai  a1, 5
core   0: 3 0x8000175a (0x8595) x11 0x00000007
core   0: 0x8000175c (0x53068193) addi    gp, a3, 1328
core   0: 3 0x8000175c (0x53068193) x3  0x00000bd6
core   0: 0x80001760 (0x41da0733) sub     a4, s4, t4
core   0: 3 0x80001760 (0x41da0733) x14 0x4ffd62d3
core   0: 0x80001764 (0x00ecd233) srl     tp, s9, a4
core   0: 3 0x80001764 (0x00ecd233) x4  0x00001000
core   0: 0x80001768 (0x00008ead) c.xor   a3, a1
core   0: 3 0x80001768 (0x8ead) x13 0x000006a1
core   0: 0x8000176a (0x340a14f3) csrrw   s1, mscratch, s4
core   0: 3 0x8000176a (0x340a14f3) x9  0x80029d2f c832_mscratch 0xd0000000
core   0: 0x8000176e (0x005d0b63) beq     s10, t0, pc + 22
core   0: 3 0x8000176e (0x005d0b63)
core   0: 0x80001772 (0x00000e80) c.addi4spn s0, sp, 848
core   0: 3 0x80001772 (0x0e80) x8  0x000004d0
core   0: 0x80001774 (0x00008d35) c.xor   a0, a3
core   0: 3 0x80001774 (0x8d35) x10 0x000006a1
core   0: 0x80001776 (0xdb3c6a13) ori     s4, s8, -589
core   0: 3 0x80001776 (0xdb3c6a13) x20 0xfffffdb3
core   0: 0x8000177a (0x000087ea) c.mv    a5, s10
core   0: 3 0x8000177a (0x87ea) x15 0x00000000
core   0: 0x8000177c (0x00008c7d) c.and   s0, a5
core   0: 3 0x8000177c (0x8c7d) x8  0x00000000
core   0: 0x8000177e (0x004ec433) xor     s0, t4, tp
core   0: 3 0x8000177e (0x004ec433) x8  0x80028d2d
core   0: 0x80001782 (0x00008369) c.srli  a4, 26
core   0: 3 0x80001782 (0x8369) x14 0x00000013
core   0: 0x80001784 (0xec177613) andi    a2, a4, -319
core   0: 3 0x80001784 (0xec177613) x12 0x00000001
core   0: 0x80001788 (0x0000824d) c.srli  a2, 19
core   0: 3 0x80001788 (0x824d) x12 0x00000000
core   0: 0x8000178a (0x0ff0000f) fence   iorw,iorw
core   0: 3 0x8000178a (0x0ff0000f)
core   0: 0x8000178e (0x0000110c) c.addi4spn a1, sp, 160
core   0: 3 0x8000178e (0x110c) x11 0x00000220
core   0: 0x80001790 (0x0000717d) c.addi16sp sp, -16
core   0: 3 0x80001790 (0x717d) x2  0x00000170
core   0: 0x80001792 (0x0000100f) fence.i
core   0: 3 0x80001792 (0x0000100f)
core   0: 0x80001796 (0x00000001) c.nop
core   0: 3 0x80001796 (0x0001)
core   0: 0x80001798 (0x511a2213) slti    tp, s4, 1297
core   0: 3 0x80001798 (0x511a2213) x4  0x00000001
core   0: 0x8000179c (0x01206263) bltu    zero, s2, pc + 4
core   0: 3 0x8000179c (0x01206263)
core   0: 0x800017a0 (0x00b82733) slt     a4, a6, a1
core   0: 3 0x800017a0 (0x00b82733) x14 0x00000001
core   0: 0x800017a4 (0x026f4a63) blt     t5, t1, pc + 52
core   0: 3 0x800017a4 (0x026f4a63)
core   0: 0x800017d8 (0x03d1e133) rem     sp, gp, t4
core   0: 3 0x800017d8 (0x03d1e133) x2  0x00000bd6
core   0: 0x800017dc (0x01bf6263) bltu    t5, s11, pc + 4
core   0: 3 0x800017dc (0x01bf6263)
core   0: 0x800017e0 (0xcbcd26b7) lui     a3, 0xcbcd2
core   0: 3 0x800017e0 (0xcbcd26b7) x13 0xcbcd2000
core   0: 0x800017e4 (0x00000001) c.nop
core   0: 3 0x800017e4 (0x0001)
core   0: 0x800017e6 (0x0052c663) blt     t0, t0, pc + 12
core   0: 3 0x800017e6 (0x0052c663)
core   0: 0x800017ea (0x340071f3) csrrci  gp, mscratch, 0
core   0: 3 0x800017ea (0x340071f3) x3  0xd0000000
core   0: 0x800017ee (0x00a92d33) slt     s10, s2, a0
core   0: 3 0x800017ee (0x00a92d33) x26 0x00000000
core   0: 0x800017f2 (0x000001a6) c.slli  gp, 9
core   0: 3 0x800017f2 (0x01a6) x3  0x00000000
core   0: 0x800017f4 (0x000083fd) c.srli  a5, 31
core   0: 3 0x800017f4 (0x83fd) x15 0x00000000
core   0: 0x800017f6 (0x00008df9) c.and   a1, a4
core   0: 3 0x800017f6 (0x8df9) x11 0x00000000
core   0: 0x800017f8 (0x00691113) slli    sp, s2, 6
core   0: 3 0x800017f8 (0x00691113) x2  0x02b888c0
core   0: 0x800017fc (0x00d1dfb3) srl     t6, gp, a3
core   0: 3 0x800017fc (0x00d1dfb3) x31 0x00000000
core   0: 0x80001800 (0x00008ef1) c.and   a3, a2
core   0: 3 0x80001800 (0x8ef1) x13 0x00000000
core   0: 0x80001802 (0x00001104) c.addi4spn s1, sp, 160
core   0: 3 0x80001802 (0x1104) x9  0x02b88960
core   0: 0x80001804 (0x44556997) auipc   s3, 0x44556
core   0: 3 0x80001804 (0x44556997) x19 0xc4557804
core   0: 0x80001808 (0x00021663) bnez    tp, pc + 12
core   0: 3 0x80001808 (0x00021663)
core   0: 0x80001814 (0x00004dfd) c.li    s11, 31
core   0: 3 0x80001814 (0x4dfd) x27 0x0000001f
core   0: 0x80001816 (0x026ade63) bge     s5, t1, pc + 60
core   0: 3 0x80001816 (0x026ade63)
core   0: 0x80001852 (0x340394f3) csrrw   s1, mscratch, t2
core   0: 3 0x80001852 (0x340394f3) x9  0xd0000000 c832_mscratch 0x00000000
core   0: 0x80001856 (0x027563b3) rem     t2, a0, t2
core   0: 3 0x80001856 (0x027563b3) x7  0x000006a1
core   0: 0x8000185a (0x00008e65) c.and   a2, s1
core   0: 3 0x8000185a (0x8e65) x12 0x00000000
core   0: 0x8000185c (0x0000cf11) c.beqz  a4, pc + 28
core   0: 3 0x8000185c (0xcf11)
core   0: 0x8000185e (0x00009faa) c.add   t6, a0
core   0: 3 0x8000185e (0x9faa) x31 0x000006a1
core   0: 0x80001860 (0x0000987d) c.andi  s0, -1
core   0: 3 0x80001860 (0x987d) x8  0x80028d2d
core   0: 0x80001862 (0x00000001) c.nop
core   0: 3 0x80001862 (0x0001)
core   0: 0x80001864 (0x009176b3) and     a3, sp, s1
core   0: 3 0x80001864 (0x009176b3) x13 0x00000000
core   0: 0x80001868 (0x00008efd) c.and   a3, a5
core   0: 3 0x80001868 (0x8efd) x13 0x00000000
core   0: 0x8000186a (0x013225b3) slt     a1, tp, s3
core   0: 3 0x8000186a (0x013225b3) x11 0x00000000
core   0: 0x8000186e (0x00000001) c.nop
core   0: 3 0x8000186e (0x0001)
core   0: 0x80001870 (0x34003373) csrrc   t1, mscratch, zero
core   0: 3 0x80001870 (0x34003373) x6  0x00000000
core   0: 0x80001874 (0x01e481b3) add     gp, s1, t5
core   0: 3 0x80001874 (0x01e481b3) x3  0x50029d24
core   0: 0x80001878 (0x03640e33) mul     t3, s0, s6
core   0: 3 0x80001878 (0x03640e33) x28 0x870835d6
core   0: 0x8000187c (0x00000001) c.nop
core   0: 3 0x8000187c (0x0001)
core   0: 0x8000187e (0x03a4d6b3) divu    a3, s1, s10
core   0: 3 0x8000187e (0x03a4d6b3) x13 0xffffffff
core   0: 0x80001882 (0x00000001) c.nop
core   0: 3 0x80001882 (0x0001)
core   0: 0x80001884 (0xc728ed93) ori     s11, a7, -910
core   0: 3 0x80001884 (0xc728ed93) x27 0xfffffc72
core   0: 0x80001888 (0x00001b8c) c.addi4spn a1, sp, 496
core   0: 3 0x80001888 (0x1b8c) x11 0x02b88ab0
core   0: 0x8000188a (0x00008d6a) c.mv    s10, s10
core   0: 3 0x8000188a (0x8d6a) x26 0x00000000
core   0: 0x8000188c (0x60b2c913) xori    s2, t0, 1547
core   0: 3 0x8000188c (0x60b2c913) x18 0xf57d8c01
core   0: 0x80001890 (0x340078f3) csrrci  a7, mscratch, 0
core   0: 3 0x80001890 (0x340078f3) x17 0x00000000
core   0: 0x80001894 (0x0000897e) c.mv    s2, t6
core   0: 3 0x80001894 (0x897e) x18 0x000006a1
core   0: 0x80001896 (0x00000001) c.nop
core   0: 3 0x80001896 (0x0001)
core   0: 0x80001898 (0x03646563) bltu    s0, s6, pc + 42
core   0: 3 0x80001898 (0x03646563)
core   0: 0x8000189c (0x00009a66) c.add   s4, s9
core   0: 3 0x8000189c (0x9a66) x20 0x7ffffdb4
core   0: 0x8000189e (0x9b6f0713) addi    a4, t5, -1610
core   0: 3 0x8000189e (0x9b6f0713) x14 0x800296da
core   0: 0x800018a2 (0x9abef097) auipc   ra, 0x9abef
core   0: 3 0x800018a2 (0x9abef097) x1  0x1abf08a2
core   0: 0x800018a6 (0x01d797b3) sll     a5, a5, t4
core   0: 3 0x800018a6 (0x01d797b3) x15 0x00000000
core   0: 0x800018aa (0x4049d313) srai    t1, s3, 4
core   0: 3 0x800018aa (0x4049d313) x6  0xfc455780
core   0: 0x800018ae (0x00941993) slli    s3, s0, 9
core   0: 3 0x800018ae (0x00941993) x19 0x051a5a00
core   0: 0x800018b2 (0x0806a317) auipc   t1, 0x806a
core   0: 3 0x800018b2 (0x0806a317) x6  0x8806b8b2
core   0: 0x800018b6 (0x730b8e93) addi    t4, s7, 1840
core   0: 3 0x800018b6 (0x730b8e93) x29 0x800265d4
core   0: 0x800018ba (0xd957ca97) auipc   s5, 0xd957c
core   0: 3 0x800018ba (0xd957ca97) x21 0x5957d8ba
core   0: 0x800018be (0x00008cb9) c.xor   s1, a4
core   0: 3 0x800018be (0x8cb9) x9  0x500296da
core   0: 0x800018c0 (0x00001094) c.addi4spn a3, sp, 96
core   0: 3 0x800018c0 (0x1094) x13 0x02b88920
core   0: 0x800018c2 (0x00000001) c.nop
core   0: 3 0x800018c2 (0x0001)
core   0: 0x800018c4 (0x340c19f3) csrrw   s3, mscratch, s8
core   0: 3 0x800018c4 (0x340c19f3) x19 0x00000000 c832_mscratch 0x00080000
core   0: 0x800018c8 (0x340436f3) csrrc   a3, mscratch, s0
core   0: 3 0x800018c8 (0x340436f3) x13 0x00080000 c832_mscratch 0x00080000
core   0: 0x800018cc (0x0024aab3) slt     s5, s1, sp
core   0: 3 0x800018cc (0x0024aab3) x21 0x00000000
core   0: 0x800018d0 (0x0076de93) srli    t4, a3, 7
core   0: 3 0x800018d0 (0x0076de93) x29 0x00001000
core   0: 0x800018d4 (0x00369e63) bne     a3, gp, pc + 28
core   0: 3 0x800018d4 (0x00369e63)
core   0: 0x800018f0 (0x038b7133) remu    sp, s6, s8
core   0: 3 0x800018f0 (0x038b7133) x2  0x00028eee
core   0: 0x800018f4 (0x00008a81) c.andi  a3, 0
core   0: 3 0x800018f4 (0x8a81) x13 0x00000000
core   0: 0x800018f6 (0x0303c233) div     tp, t2, a6
core   0: 3 0x800018f6 (0x0303c233) x4  0x00000007
core   0: 0x800018fa (0x02122933) mulhsu  s2, tp, ra
core   0: 3 0x800018fa (0x02122933) x18 0x00000000
core   0: 0x800018fe (0x3a8ef793) andi    a5, t4, 936
core   0: 3 0x800018fe (0x3a8ef793) x15 0x00000000
core   0: 0x80001902 (0x008248b3) xor     a7, tp, s0
core   0: 3 0x80001902 (0x008248b3) x17 0x80028d2a
core   0: 0x80001906 (0x340031f3) csrrc   gp, mscratch, zero
core   0: 3 0x80001906 (0x340031f3) x3  0x00080000
core   0: 0x8000190a (0x406e5833) sra     a6, t3, t1
core   0: 3 0x8000190a (0x406e5833) x16 0xffffe1c2
core   0: 0x8000190e (0x340619f3) csrrw   s3, mscratch, a2
core   0: 3 0x8000190e (0x340619f3) x19 0x00080000 c832_mscratch 0x00000000
core   0: 0x80001912 (0x00000001) c.nop
core   0: 3 0x80001912 (0x0001)
core   0: 0x80001914 (0x01f20e63) beq     tp, t6, pc + 28
core   0: 3 0x80001914 (0x01f20e63)
core   0: 0x80001918 (0xc871f913) andi    s2, gp, -889
core   0: 3 0x80001918 (0xc871f913) x18 0x00080000
core   0: 0x8000191c (0x03b245b3) div     a1, tp, s11
core   0: 3 0x8000191c (0x03b245b3) x11 0x00000000
core   0: 0x80001920 (0x03a5fa33) remu    s4, a1, s10
core   0: 3 0x80001920 (0x03a5fa33) x20 0x00000000
core   0: 0x80001924 (0x014f5713) srli    a4, t5, 20
core   0: 3 0x80001924 (0x014f5713) x14 0x00000800
core   0: 0x80001928 (0x0025d393) srli    t2, a1, 2
core   0: 3 0x80001928 (0x0025d393) x7  0x00000000
core   0: 0x8000192c (0x3406d1f3) csrrwi  gp, mscratch, 13
core   0: 3 0x8000192c (0x3406d1f3) x3  0x00000000 c832_mscratch 0x0000000d
core   0: 0x80001930 (0x0000100f) fence.i
core   0: 3 0x80001930 (0x0000100f)
core   0: 0x80001934 (0x34043af3) csrrc   s5, mscratch, s0
core   0: 3 0x80001934 (0x34043af3) x21 0x0000000d c832_mscratch 0x00000000
core   0: 0x80001938 (0x0000c571) c.beqz  a0, pc + 204
core   0: 3 0x80001938 (0xc571)
core   0: 0x8000193a (0x00008c61) c.and   s0, s0
core   0: 3 0x8000193a (0x8c61) x8  0x80028d2d
core   0: 0x8000193c (0x0001f317) auipc   t1, 0x1f
core   0: 3 0x8000193c (0x0001f317) x6  0x8002093c
core   0: 0x80001940 (0x6c930313) addi    t1, t1, 1737
core   0: 3 0x80001940 (0x6c930313) x6  0x80021005
core   0: 0x80001944 (0xc1830c83) lb      s9, -1000(t1)
core   0: 3 0x80001944 (0xc1830c83) x25 0xffffffd6 mem 0x80020c1d
core   0: 0x80001948 (0x9a730783) lb      a5, -1625(t1)
core   0: 3 0x80001948 (0x9a730783) x15 0x00000067 mem 0x800209ac
core   0: 0x8000194c (0x91430383) lb      t2, -1772(t1)
core   0: 3 0x8000194c (0x91430383) x7  0xffffffd2 mem 0x80020919
core   0: 0x80001950 (0x8f834103) lbu     sp, -1800(t1)
core   0: 3 0x80001950 (0x8f834103) x2  0x000000b6 mem 0x800208fd
core   0: 0x80001954 (0x00008095) c.srli  s1, 5
core   0: 3 0x80001954 (0x8095) x9  0x028014b6
core   0: 0x80001956 (0x340895f3) csrrw   a1, mscratch, a7
core   0: 3 0x80001956 (0x340895f3) x11 0x00000000 c832_mscratch 0x80028d2a
core   0: 0x8000195a (0xeb131f83) lh      t6, -335(t1)
core   0: 3 0x8000195a (0xeb131f83) x31 0x00006c6d mem 0x80020eb6
core   0: 0x8000195e (0xfef31503) lh      a0, -17(t1)
core   0: 3 0x8000195e (0xfef31503) x10 0xffffaeaf mem 0x80020ff4
core   0: 0x80001962 (0x02b74db3) div     s11, a4, a1
core   0: 3 0x80001962 (0x02b74db3) x27 0xffffffff
core   0: 0x80001966 (0xfa434803) lbu     a6, -92(t1)
core   0: 3 0x80001966 (0xfa434803) x16 0x00000062 mem 0x80020fa9
core   0: 0x8000196a (0x01f19b33) sll     s6, gp, t6
core   0: 3 0x8000196a (0x01f19b33) x22 0x00000000
core   0: 0x8000196e (0xc7c34003) lbu     zero, -900(t1)
core   0: 3 0x8000196e (0xc7c34003) mem 0x80020c81
core   0: 0x80001972 (0xd2f31ba3) sh      a5, -713(t1)
core   0: 3 0x80001972 (0xd2f31ba3) mem 0x80020d3c 0x0067
core   0: 0x80001976 (0x417e0933) sub     s2, t3, s7
core   0: 3 0x80001976 (0x417e0933) x18 0x0705d732
core   0: 0x8000197a (0x00008b0e) c.mv    s6, gp
core   0: 3 0x8000197a (0x8b0e) x22 0x00000000
core   0: 0x8000197c (0xfac30a03) lb      s4, -84(t1)
core   0: 3 0x8000197c (0xfac30a03) x20 0x0000006a mem 0x80020fb1
core   0: 0x80001980 (0xfc7301a3) sb      t2, -61(t1)
core   0: 3 0x80001980 (0xfc7301a3) mem 0x80020fc8 0xd2
core   0: 0x80001984 (0x033327a3) sw      s3, 47(t1)
core   0: 3 0x80001984 (0x033327a3) mem 0x80021034 0x00080000
core   0: 0x80001988 (0x340d75f3) csrrci  a1, mscratch, 26
core   0: 3 0x80001988 (0x340d75f3) x11 0x80028d2a c832_mscratch 0x80028d20
core   0: 0x8000198c (0xa5735683) lhu     a3, -1449(t1)
core   0: 3 0x8000198c (0xa5735683) x13 0x00001617 mem 0x80020a5c
core   0: 0x80001990 (0x015ff733) and     a4, t6, s5
core   0: 3 0x80001990 (0x015ff733) x14 0x0000000d
core   0: 0x80001994 (0x34039973) csrrw   s2, mscratch, t2
core   0: 3 0x80001994 (0x34039973) x18 0x80028d20 c832_mscratch 0xffffffd2
core   0: 0x80001998 (0x0121d3b3) srl     t2, gp, s2
core   0: 3 0x80001998 (0x0121d3b3) x7  0x00000000
core   0: 0x8000199c (0xcab32503) lw      a0, -853(t1)
core   0: 3 0x8000199c (0xcab32503) x10 0x68696a6b mem 0x80020cb0
core   0: 0x800019a0 (0xd3030403) lb      s0, -720(t1)
core   0: 3 0x800019a0 (0xd3030403) x8  0xffffffee mem 0x80020d35
core   0: 0x800019a4 (0xa9634883) lbu     a7, -1386(t1)
core   0: 3 0x800019a4 (0xa9634883) x17 0x00000050 mem 0x80020a9b
core   0: 0x800019a8 (0xa6730fa3) sb      t2, -1409(t1)
core   0: 3 0x800019a8 (0xa6730fa3) mem 0x80020a84 0x00
core   0: 0x800019ac (0xb74316a3) sh      s4, -1171(t1)
core   0: 3 0x800019ac (0xb74316a3) mem 0x80020b72 0x006a
core   0: 0x800019b0 (0x00008e81) c.sub   a3, s0
core   0: 3 0x800019b0 (0x8e81) x13 0x00001629
core   0: 0x800019b2 (0xef234483) lbu     s1, -270(t1)
core   0: 3 0x800019b2 (0xef234483) x9  0x000000ac mem 0x80020ef7
core   0: 0x800019b6 (0xb9e30f83) lb      t6, -1122(t1)
core   0: 3 0x800019b6 (0xb9e30f83) x31 0x00000058 mem 0x80020ba3
core   0: 0x800019ba (0xbea30d23) sb      a0, -1030(t1)
core   0: 3 0x800019ba (0xbea30d23) mem 0x80020bff 0x6b
core   0: 0x800019be (0xfdd31983) lh      s3, -35(t1)
core   0: 3 0x800019be (0xfdd31983) x19 0xffff9899 mem 0x80020fe2
core   0: 0x800019c2 (0x340025f3) csrr    a1, mscratch
core   0: 3 0x800019c2 (0x340025f3) x11 0xffffffd2
core   0: 0x800019c6 (0xc3e30823) sb      t5, -976(t1)
core   0: 3 0x800019c6 (0xc3e30823) mem 0x80020c35 0x24
core   0: 0x800019ca (0x4026dab3) sra     s5, a3, sp
core   0: 3 0x800019ca (0x4026dab3) x21 0x00000000
core   0: 0x800019ce (0x2b51a113) slti    sp, gp, 693
core   0: 3 0x800019ce (0x2b51a113) x2  0x00000001
core   0: 0x800019d2 (0x03a30383) lb      t2, 58(t1)
core   0: 3 0x800019d2 (0x03a30383) x7  0xfffffff4 mem 0x8002103f
core   0: 0x800019d6 (0x00008c61) c.and   s0, s0
core   0: 3 0x800019d6 (0x8c61) x8  0xffffffee
core   0: 0x800019d8 (0xfd734983) lbu     s3, -41(t1)
core   0: 3 0x800019d8 (0xfd734983) x19 0x00000097 mem 0x80020fdc
core   0: 0x800019dc (0xb95329a3) sw      s5, -1133(t1)
core   0: 3 0x800019dc (0xb95329a3) mem 0x80020b98 0x00000000
core   0: 0x800019e0 (0xff230d83) lb      s11, -14(t1)
core   0: 3 0x800019e0 (0xff230d83) x27 0xffffffac mem 0x80020ff7
core   0: 0x800019e4 (0x008933b3) sltu    t2, s2, s0
core   0: 3 0x800019e4 (0x008933b3) x7  0x00000001
core   0: 0x800019e8 (0x029c9063) bne     s9, s1, pc + 32
core   0: 3 0x800019e8 (0x029c9063)
core   0: 0x80001a08 (0x0000717d) c.addi16sp sp, -16
core   0: 3 0x80001a08 (0x717d) x2  0xfffffff1
core   0: 0x80001a0a (0x0000ebfd) c.bnez  a5, pc + 246
core   0: 3 0x80001a0a (0xebfd)
core   0: 0x80001b00 (0x02a04733) div     a4, zero, a0
core   0: 3 0x80001b00 (0x02a04733) x14 0x00000000
core   0: 0x80001b04 (0x0000cd0d) c.beqz  a0, pc + 58
core   0: 3 0x80001b04 (0xcd0d)
core   0: 0x80001b06 (0x340367f3) csrrsi  a5, mscratch, 6
core   0: 3 0x80001b06 (0x340367f3) x15 0xffffffd2 c832_mscratch 0xffffffd6
core   0: 0x80001b0a (0x0ff0000f) fence   iorw,iorw
core   0: 3 0x80001b0a (0x0ff0000f)
core   0: 0x80001b0e (0x02c27233) remu    tp, tp, a2
core   0: 3 0x80001b0e (0x02c27233) x4  0x00000007
core   0: 0x80001b12 (0x006c9393) slli    t2, s9, 6
core   0: 3 0x80001b12 (0x006c9393) x7  0xfffff580
core   0: 0x80001b16 (0x00da1863) bne     s4, a3, pc + 16
core   0: 3 0x80001b16 (0x00da1863)
core   0: 0x80001b26 (0x0000100f) fence.i
core   0: 3 0x80001b26 (0x0000100f)
core   0: 0x80001b2a (0x00008e59) c.or    a2, a4
core   0: 3 0x80001b2a (0x8e59) x12 0x00000000
core   0: 0x80001b2c (0x34002df3) csrr    s11, mscratch
core   0: 3 0x80001b2c (0x34002df3) x27 0xffffffd6
core   0: 0x80001b30 (0x0142d713) srli    a4, t0, 20
core   0: 3 0x80001b30 (0x0142d713) x14 0x00000f57
core   0: 0x80001b34 (0x02d8ab33) mulhsu  s6, a7, a3
core   0: 3 0x80001b34 (0x02d8ab33) x22 0x00000000
core   0: 0x80001b38 (0x00008e51) c.or    a2, a2
core   0: 3 0x80001b38 (0x8e51) x12 0x00000000
core   0: 0x80001b3a (0x34002d73) csrr    s10, mscratch
core   0: 3 0x80001b3a (0x34002d73) x26 0xffffffd6
core   0: 0x80001b3e (0x01ffe333) or      t1, t6, t6
core   0: 3 0x80001b3e (0x01ffe333) x6  0x00000058
core   0: 0x80001b42 (0x340024f3) csrr    s1, mscratch
core   0: 3 0x80001b42 (0x340024f3) x9  0xffffffd6
core   0: 0x80001b46 (0x00008151) c.srli  a0, 20
core   0: 3 0x80001b46 (0x8151) x10 0x00000686
core   0: 0x80001b48 (0x00008465) c.srai  s0, 25
core   0: 3 0x80001b48 (0x8465) x8  0xffffffff
core   0: 0x80001b4a (0x00a06533) or      a0, zero, a0
core   0: 3 0x80001b4a (0x00a06533) x10 0x00000686
core   0: 0x80001b4e (0x00001d08) c.addi4spn a0, sp, 688
core   0: 3 0x80001b4e (0x1d08) x10 0x000002a1
core   0: 0x80001b50 (0x88947213) andi    tp, s0, -1911
core   0: 3 0x80001b50 (0x88947213) x4  0xfffff889
core   0: 0x80001b54 (0x00008dc9) c.or    a1, a0
core   0: 3 0x80001b54 (0x8dc9) x11 0xfffffff3
core   0: 0x80001b56 (0x00009876) c.add   a6, t4
core   0: 3 0x80001b56 (0x9876) x16 0x00001062
core   0: 0x80001b58 (0x0000717d) c.addi16sp sp, -16
core   0: 3 0x80001b58 (0x717d) x2  0xffffffe1
core   0: 0x80001b5a (0x01882b33) slt     s6, a6, s8
core   0: 3 0x80001b5a (0x01882b33) x22 0x00000001
core   0: 0x80001b5e (0x34003e73) csrrc   t3, mscratch, zero
core   0: 3 0x80001b5e (0x34003e73) x28 0xffffffd6
core   0: 0x80001b62 (0x0ff0000f) fence   iorw,iorw
core   0: 3 0x80001b62 (0x0ff0000f)
core   0: 0x80001b66 (0x00008cd1) c.or    s1, a2
core   0: 3 0x80001b66 (0x8cd1) x9  0xffffffd6
core   0: 0x80001b68 (0x0544fb13) andi    s6, s1, 84
core   0: 3 0x80001b68 (0x0544fb13) x22 0x00000054
core   0: 0x80001b6c (0x02090533) mul     a0, s2, zero
core   0: 3 0x80001b6c (0x02090533) x10 0x00000000
core   0: 0x80001b70 (0x0000830d) c.srli  a4, 3
core   0: 3 0x80001b70 (0x830d) x14 0x000001ea
core   0: 0x80001b72 (0x012089b3) add     s3, ra, s2
core   0: 3 0x80001b72 (0x012089b3) x19 0x9ac195c2
core   0: 0x80001b76 (0x00000001) c.nop
core   0: 3 0x80001b76 (0x0001)
core   0: 0x80001b78 (0x340026f3) csrr    a3, mscratch
core   0: 3 0x80001b78 (0x340026f3) x13 0xffffffd6
core   0: 0x80001b7c (0x0071d1b3) srl     gp, gp, t2
core   0: 3 0x80001b7c (0x0071d1b3) x3  0x00000000
core   0: 0x80001b80 (0x0000940e) c.add   s0, gp
core   0: 3 0x80001b80 (0x940e) x8  0xffffffff
core   0: 0x80001b82 (0x76a26613) ori     a2, tp, 1898
core   0: 3 0x80001b82 (0x76a26613) x12 0xffffffeb
core   0: 0x80001b86 (0xd65a8237) lui     tp, 0xd65a8
core   0: 3 0x80001b86 (0xd65a8237) x4  0xd65a8000
core   0: 0x80001b8a (0x009923b3) slt     t2, s2, s1
core   0: 3 0x80001b8a (0x009923b3) x7  0x00000001
core   0: 0x80001b8e (0x0000e319) c.bnez  a4, pc + 6
core   0: 3 0x80001b8e (0xe319)
core   0: 0x80001b94 (0x000006c5) c.addi  a3, 17
core   0: 3 0x80001b94 (0x06c5) x13 0xffffffe7
core   0: 0x80001b96 (0x0000892d) c.andi  a0, 11
core   0: 3 0x80001b96 (0x892d) x10 0x00000000
core   0: 0x80001b98 (0x340079f3) csrrci  s3, mscratch, 0
core   0: 3 0x80001b98 (0x340079f3) x19 0xffffffd6
core   0: 0x80001b9c (0x00000001) c.nop
core   0: 3 0x80001b9c (0x0001)
core   0: 0x80001b9e (0x02490ab3) mul     s5, s2, tp
core   0: 3 0x80001b9e (0x02490ab3) x21 0xa3d00000
core   0: 0x80001ba2 (0x340066f3) csrrsi  a3, mscratch, 0
core   0: 3 0x80001ba2 (0x340066f3) x13 0xffffffd6
core   0: 0x80001ba6 (0x00008d19) c.sub   a0, a4
core   0: 3 0x80001ba6 (0x8d19) x10 0xfffffe16
core   0: 0x80001ba8 (0x34071873) csrrw   a6, mscratch, a4
core   0: 3 0x80001ba8 (0x34071873) x16 0xffffffd6 c832_mscratch 0x000001ea
core   0: 0x80001bac (0x340020f3) csrr    ra, mscratch
core   0: 3 0x80001bac (0x340020f3) x1  0x000001ea
core   0: 0x80001bb0 (0x03ac5733) divu    a4, s8, s10
core   0: 3 0x80001bb0 (0x03ac5733) x14 0x00000000
core   0: 0x80001bb4 (0x0000c489) c.beqz  s1, pc + 10
core   0: 3 0x80001bb4 (0xc489)
core   0: 0x80001bb6 (0x02f51563) bne     a0, a5, pc + 42
core   0: 3 0x80001bb6 (0x02f51563)
core   0: 0x80001be0 (0x023fe9b3) rem     s3, t6, gp
core   0: 3 0x80001be0 (0x023fe9b3) x19 0x00000058
core   0: 0x80001be4 (0x00001d7d) c.addi  s10, -1
core   0: 3 0x80001be4 (0x1d7d) x26 0xffffffd5
core   0: 0x80001be6 (0x340b57f3) csrrwi  a5, mscratch, 22
core   0: 3 0x80001be6 (0x340b57f3) x15 0x000001ea c832_mscratch 0x00000016
core   0: 0x80001bea (0x001b1e33) sll     t3, s6, ra
core   0: 3 0x80001bea (0x001b1e33) x28 0x00015000
core   0: 0x80001bee (0x0018be33) sltu    t3, a7, ra
core   0: 3 0x80001bee (0x0018be33) x28 0x00000001
core   0: 0x80001bf2 (0x00000001) c.nop
core   0: 3 0x80001bf2 (0x0001)
core   0: 0x80001bf4 (0x0000eb9d) c.bnez  a5, pc + 54
core   0: 3 0x80001bf4 (0xeb9d)
core   0: 0x80001c2a (0x012a69b3) or      s3, s4, s2
core   0: 3 0x80001c2a (0x012a69b3) x19 0x80028d6a
core   0: 0x80001c2e (0x0000ea05) c.bnez  a2, pc + 48
core   0: 3 0x80001c2e (0xea05)
core   0: 0x80001c5e (0x00000001) c.nop
core   0: 3 0x80001c5e (0x0001)
core   0: 0x80001c60 (0x41f25393) srai    t2, tp, 31
core   0: 3 0x80001c60 (0x41f25393) x7  0xffffffff
core   0: 0x80001c64 (0x0000e31d) c.bnez  a4, pc + 38
core   0: 3 0x80001c64 (0xe31d)
core   0: 0x80001c66 (0x3407f4f3) csrrci  s1, mscratch, 15
core   0: 3 0x80001c66 (0x3407f4f3) x9  0x00000016 c832_mscratch 0x00000010
core   0: 0x80001c6a (0x0000611d) c.addi16sp sp, 416
core   0: 3 0x80001c6a (0x611d) x2  0x00000181
core   0: 0x80001c6c (0x9c0db713) sltiu   a4, s11, -1600
core   0: 3 0x80001c6c (0x9c0db713) x14 0x00000000
core   0: 0x80001c70 (0x0019f6b3) and     a3, s3, ra
core   0: 3 0x80001c70 (0x0019f6b3) x13 0x0000016a
core   0: 0x80001c74 (0x6ad8fa97) auipc   s5, 0x6ad8f
core   0: 3 0x80001c74 (0x6ad8fa97) x21 0xead90c74
core   0: 0x80001c78 (0x0292bcb3) mulhu   s9, t0, s1
core   0: 3 0x80001c78 (0x0292bcb3) x25 0x00000015
core   0: 0x80001c7c (0x4726ae13) slti    t3, a3, 1138
core   0: 3 0x80001c7c (0x4726ae13) x28 0x00000001
core   0: 0x80001c80 (0x0000611d) c.addi16sp sp, 416
core   0: 3 0x80001c80 (0x611d) x2  0x00000321
core   0: 0x80001c82 (0x0151d013) srli    zero, gp, 21
core   0: 3 0x80001c82 (0x0151d013)
core   0: 0x80001c86 (0x0387fdb3) remu    s11, a5, s8
core   0: 3 0x80001c86 (0x0387fdb3) x27 0x000001ea
core   0: 0x80001c8a (0x02a06e33) rem     t3, zero, a0
core   0: 3 0x80001c8a (0x02a06e33) x28 0x00000000
core   0: 0x80001c8e (0x34007ff3) csrrci  t6, mscratch, 0
core   0: 3 0x80001c8e (0x34007ff3) x31 0x00000010
core   0: 0x80001c92 (0x0c29c613) xori    a2, s3, 194
core   0: 3 0x80001c92 (0x0c29c613) x12 0x80028da8
core   0: 0x80001c96 (0x413109b3) sub     s3, sp, s3
core   0: 3 0x80001c96 (0x413109b3) x19 0x7ffd75b7
core   0: 0x80001c9a (0x00591f93) slli    t6, s2, 5
core   0: 3 0x80001c9a (0x00591f93) x31 0x0051a400
core   0: 0x80001c9e (0x417c5913) srai    s2, s8, 23
core   0: 3 0x80001c9e (0x417c5913) x18 0x00000000
core   0: 0x80001ca2 (0x0000e309) c.bnez  a4, pc + 2
core   0: 3 0x80001ca2 (0xe309)
core   0: 0x80001ca4 (0x00000e16) c.slli  t3, 5
core   0: 3 0x80001ca4 (0x0e16) x28 0x00000000
core   0: 0x80001ca6 (0x0000838d) c.srli  a5, 3
core   0: 3 0x80001ca6 (0x838d) x15 0x0000003d
core   0: 0x80001ca8 (0x41fb0033) sub     zero, s6, t6
core   0: 3 0x80001ca8 (0x41fb0033)
core   0: 0x80001cac (0x00000001) c.nop
core   0: 3 0x80001cac (0x0001)
core   0: 0x80001cae (0x00fc7a63) bgeu    s8, a5, pc + 20
core   0: 3 0x80001cae (0x00fc7a63)
core   0: 0x80001cc2 (0x340bf873) csrrci  a6, mscratch, 23
core   0: 3 0x80001cc2 (0x340bf873) x16 0x00000010 c832_mscratch 0x00000000
core   0: 0x80001cc6 (0x03ba6063) bltu    s4, s11, pc + 32
core   0: 3 0x80001cc6 (0x03ba6063)
core   0: 0x80001ce6 (0x003c0333) add     t1, s8, gp
core   0: 3 0x80001ce6 (0x003c0333) x6  0x00080000
core   0: 0x80001cea (0x01764333) xor     t1, a2, s7
core   0: 3 0x80001cea (0x01764333) x6  0x0000d30c
core   0: 0x80001cee (0x34002e73) csrr    t3, mscratch
core   0: 3 0x80001cee (0x34002e73) x28 0x00000000
core   0: 0x80001cf2 (0x004559b3) srl     s3, a0, tp
core   0: 3 0x80001cf2 (0x004559b3) x19 0xfffffe16
core   0: 0x80001cf6 (0x014dd8b3) srl     a7, s11, s4
core   0: 3 0x80001cf6 (0x014dd8b3) x17 0x00000000
core   0: 0x80001cfa (0x00008d75) c.and   a0, a3
core   0: 3 0x80001cfa (0x8d75) x10 0x00000002
core   0: 0x80001cfc (0x01c1f633) and     a2, gp, t3
core   0: 3 0x80001cfc (0x01c1f633) x12 0x00000000
core   0: 0x80001d00 (0x0000610d) c.addi16sp sp, 160
core   0: 3 0x80001d00 (0x610d) x2  0x000003c1
core   0: 0x80001d02 (0x41885893) srai    a7, a6, 24
core   0: 3 0x80001d02 (0x41885893) x17 0x00000000
core   0: 0x80001d06 (0x400f5e93) srai    t4, t5, 0
core   0: 3 0x80001d06 (0x400f5e93) x29 0x80029d24
core   0: 0x80001d0a (0x34029c73) csrrw   s8, mscratch, t0
core   0: 3 0x80001d0a (0x34029c73) x24 0x00000000 c832_mscratch 0xf57d8a0a
core   0: 0x80001d0e (0x0120d313) srli    t1, ra, 18
core   0: 3 0x80001d0e (0x0120d313) x6  0x00000000
core   0: 0x80001d12 (0x000089bd) c.andi  a1, 15
core   0: 3 0x80001d12 (0x89bd) x11 0x00000003
core   0: 0x80001d14 (0x030e6033) rem     zero, t3, a6
core   0: 3 0x80001d14 (0x030e6033)
core   0: 0x80001d18 (0x004e2533) slt     a0, t3, tp
core   0: 3 0x80001d18 (0x004e2533) x10 0x00000000
core   0: 0x80001d1c (0x00008ef9) c.and   a3, a4
core   0: 3 0x80001d1c (0x8ef9) x13 0x00000000
core   0: 0x80001d1e (0x016e9333) sll     t1, t4, s6
core   0: 3 0x80001d1e (0x016e9333) x6  0xd2400000
core   0: 0x80001d22 (0x34065cf3) csrrwi  s9, mscratch, 12
core   0: 3 0x80001d22 (0x34065cf3) x25 0xf57d8a0a c832_mscratch 0x0000000c
core   0: 0x80001d26 (0x5188d237) lui     tp, 0x5188d
core   0: 3 0x80001d26 (0x5188d237) x4  0x5188d000
core   0: 0x80001d2a (0x03e03c33) mulhu   s8, zero, t5
core   0: 3 0x80001d2a (0x03e03c33) x24 0x00000000
core   0: 0x80001d2e (0x028be9b3) rem     s3, s7, s0
core   0: 3 0x80001d2e (0x028be9b3) x19 0x00000000
core   0: 0x80001d32 (0x03d67563) bgeu    a2, t4, pc + 42
core   0: 3 0x80001d32 (0x03d67563)
core   0: 0x80001d36 (0x40e8da13) srai    s4, a7, 14
core   0: 3 0x80001d36 (0x40e8da13) x20 0x00000000
core   0: 0x80001d3a (0x011cb833) sltu    a6, s9, a7
core   0: 3 0x80001d3a (0x011cb833) x16 0x00000000
core   0: 0x80001d3e (0x01ea9c63) bne     s5, t5, pc + 24
core   0: 3 0x80001d3e (0x01ea9c63)
core   0: 0x80001d56 (0x0000ec8d) c.bnez  s1, pc + 58
core   0: 3 0x80001d56 (0xec8d)
core   0: 0x80001d90 (0x0000997d) c.andi  a0, -1
core   0: 3 0x80001d90 (0x997d) x10 0x00000000
core   0: 0x80001d92 (0x34007ef3) csrrci  t4, mscratch, 0
core   0: 3 0x80001d92 (0x34007ef3) x29 0x0000000c
core   0: 0x80001d96 (0x00006121) c.addi16sp sp, 64
core   0: 3 0x80001d96 (0x6121) x2  0x00000401
core   0: 0x80001d98 (0x0000617d) c.addi16sp sp, 496
core   0: 3 0x80001d98 (0x617d) x2  0x000005f1
core   0: 0x80001d9a (0x00008c71) c.and   s0, a2
core   0: 3 0x80001d9a (0x8c71) x8  0x00000000
core   0: 0x80001d9c (0xa979cd37) lui     s10, 0xa979c
core   0: 3 0x80001d9c (0xa979cd37) x26 0xa979c000
core   0: 0x80001da0 (0x40fb5113) srai    sp, s6, 15
core   0: 3 0x80001da0 (0x40fb5113) x2  0x00000000
core   0: 0x80001da4 (0x0000717d) c.addi16sp sp, -16
core   0: 3 0x80001da4 (0x717d) x2  0xfffffff0
core   0: 0x80001da6 (0x0000cc19) c.beqz  s0, pc + 30
core   0: 3 0x80001da6 (0xcc19)
core   0: 0x80001dc4 (0x0265bd33) mulhu   s10, a1, t1
core   0: 3 0x80001dc4 (0x0265bd33) x26 0x00000002
core   0: 0x80001dc8 (0x340ee773) csrrsi  a4, mscratch, 29
core   0: 3 0x80001dc8 (0x340ee773) x14 0x0000000c c832_mscratch 0x0000001d
core   0: 0x80001dcc (0x0107db13) srli    s6, a5, 16
core   0: 3 0x80001dcc (0x0107db13) x22 0x00000000
core   0: 0x80001dd0 (0x023b4e33) div     t3, s6, gp
core   0: 3 0x80001dd0 (0x023b4e33) x28 0xffffffff
core   0: 0x80001dd4 (0x41c75633) sra     a2, a4, t3
core   0: 3 0x80001dd4 (0x41c75633) x12 0x00000000
core   0: 0x80001dd8 (0x036f5fb3) divu    t6, t5, s6
core   0: 3 0x80001dd8 (0x036f5fb3) x31 0xffffffff
core   0: 0x80001ddc (0x00784c63) blt     a6, t2, pc + 24
core   0: 3 0x80001ddc (0x00784c63)
core   0: 0x80001de0 (0x00008ee5) c.and   a3, s1
core   0: 3 0x80001de0 (0x8ee5) x13 0x00000000
core   0: 0x80001de2 (0x0121a9b3) slt     s3, gp, s2
core   0: 3 0x80001de2 (0x0121a9b3) x19 0x00000000
core   0: 0x80001de6 (0xd4e6c813) xori    a6, a3, -690
core   0: 3 0x80001de6 (0xd4e6c813) x16 0xfffffd4e
core   0: 0x80001dea (0x34031473) csrrw   s0, mscratch, t1
core   0: 3 0x80001dea (0x34031473) x8  0x0000001d c832_mscratch 0xd2400000
core   0: 0x80001dee (0x03435233) divu    tp, t1, s4
core   0: 3 0x80001dee (0x03435233) x4  0xffffffff
core   0: 0x80001df2 (0x00008dbd) c.xor   a1, a5
core   0: 3 0x80001df2 (0x8dbd) x11 0x0000003e
core   0: 0x80001df4 (0x40a009b3) sub     s3, zero, a0
core   0: 3 0x80001df4 (0x40a009b3) x19 0x00000000
core   0: 0x80001df8 (0x40505993) srai    s3, zero, 5
core   0: 3 0x80001df8 (0x40505993) x19 0x00000000
core   0: 0x80001dfc (0x34001ff3) csrrw   t6, mscratch, zero
core   0: 3 0x80001dfc (0x34001ff3) x31 0xd2400000 c832_mscratch 0x00000000
core   0: 0x80001e00 (0xcb410493) addi    s1, sp, -844
core   0: 3 0x80001e00 (0xcb410493) x9  0xfffffca4
core   0: 0x80001e04 (0x00b55f63) bge     a0, a1, pc + 30
core   0: 3 0x80001e04 (0x00b55f63)
core   0: 0x80001e08 (0x03c50e63) beq     a0, t3, pc + 60
core   0: 3 0x80001e08 (0x03c50e63)
core   0: 0x80001e0c (0x34006ef3) csrrsi  t4, mscratch, 0
core   0: 3 0x80001e0c (0x34006ef3) x29 0x00000000
core   0: 0x80001e10 (0x34035473) csrrwi  s0, mscratch, 6
core   0: 3 0x80001e10 (0x34035473) x8  0x00000000 c832_mscratch 0x00000006
core   0: 0x80001e14 (0xfd190913) addi    s2, s2, -47
core   0: 3 0x80001e14 (0xfd190913) x18 0xffffffd1
core   0: 0x80001e18 (0x0000861e) c.mv    a2, t2
core   0: 3 0x80001e18 (0x861e) x12 0xffffffff
core   0: 0x80001e1a (0x34006773) csrrsi  a4, mscratch, 0
core   0: 3 0x80001e1a (0x34006773) x14 0x00000006
core   0: 0x80001e1e (0x340611f3) csrrw   gp, mscratch, a2
core   0: 3 0x80001e1e (0x340611f3) x3  0x00000006 c832_mscratch 0xffffffff
core   0: 0x80001e22 (0x01f54233) xor     tp, a0, t6
core   0: 3 0x80001e22 (0x01f54233) x4  0xd2400000
core   0: 0x80001e26 (0x03880b33) mul     s6, a6, s8
core   0: 3 0x80001e26 (0x03880b33) x22 0x00000000
core   0: 0x80001e2a (0x00413e33) sltu    t3, sp, tp
core   0: 3 0x80001e2a (0x00413e33) x28 0x00000000
core   0: 0x80001e2e (0x3114c697) auipc   a3, 0x3114c
core   0: 3 0x80001e2e (0x3114c697) x13 0xb114de2e
core   0: 0x80001e32 (0x0000e309) c.bnez  a4, pc + 2
core   0: 3 0x80001e32 (0xe309)
core   0: 0x80001e34 (0x26b53193) sltiu   gp, a0, 619
core   0: 3 0x80001e34 (0x26b53193) x3  0x00000001
core   0: 0x80001e38 (0x00004c91) c.li    s9, 4
core   0: 3 0x80001e38 (0x4c91) x25 0x00000004
core   0: 0x80001e3a (0x0000e80d) c.bnez  s0, pc + 50
core   0: 3 0x80001e3a (0xe80d)
core   0: 0x80001e3c (0x0370e7b3) rem     a5, ra, s7
core   0: 3 0x80001e3c (0x0370e7b3) x15 0x000001ea
core   0: 0x80001e40 (0x008ae733) or      a4, s5, s0
core   0: 3 0x80001e40 (0x008ae733) x14 0xead90c74
core   0: 0x80001e44 (0x41878b33) sub     s6, a5, s8
core   0: 3 0x80001e44 (0x41878b33) x22 0x000001ea
core   0: 0x80001e48 (0x0033eeb3) or      t4, t2, gp
core   0: 3 0x80001e48 (0x0033eeb3) x29 0xffffffff
core   0: 0x80001e4c (0x00000001) c.nop
core   0: 3 0x80001e4c (0x0001)
core   0: 0x80001e4e (0x027535b3) mulhu   a1, a0, t2
core   0: 3 0x80001e4e (0x027535b3) x11 0x00000000
core   0: 0x80001e52 (0x04772993) slti    s3, a4, 71
core   0: 3 0x80001e52 (0x04772993) x19 0x00000001
core   0: 0x80001e56 (0x02b39533) mulh    a0, t2, a1
core   0: 3 0x80001e56 (0x02b39533) x10 0x00000000
core   0: 0x80001e5a (0x0ab41b17) auipc   s6, 0xab41
core   0: 3 0x80001e5a (0x0ab41b17) x22 0x8ab42e5a
core   0: 0x80001e5e (0x00008df9) c.and   a1, a4
core   0: 3 0x80001e5e (0x8df9) x11 0x00000000
core   0: 0x80001e60 (0x03b7f933) remu    s2, a5, s11
core   0: 3 0x80001e60 (0x03b7f933) x18 0x00000000
core   0: 0x80001e64 (0x02af2833) mulhsu  a6, t5, a0
core   0: 3 0x80001e64 (0x02af2833) x16 0x00000000
core   0: 0x80001e68 (0x41cbdd13) srai    s10, s7, 28
core   0: 3 0x80001e68 (0x41cbdd13) x26 0xfffffff8
core   0: 0x80001e6c (0x0ff0000f) fence   iorw,iorw
core   0: 3 0x80001e6c (0x0ff0000f)
core   0: 0x80001e70 (0x000e6563) bltu    t3, zero, pc + 10
core   0: 3 0x80001e70 (0x000e6563)
core   0: 0x80001e74 (0xefd3c793) xori    a5, t2, -259
core   0: 3 0x80001e74 (0xefd3c793) x15 0x00000102
core   0: 0x80001e78 (0x000069fd) c.lui   s3, 0x1f
core   0: 3 0x80001e78 (0x69fd) x19 0x0001f000
core   0: 0x80001e7a (0x000085a1) c.srai  a1, 8
core   0: 3 0x80001e7a (0x85a1) x11 0x00000000
core   0: 0x80001e7c (0x6021be13) sltiu   t3, gp, 1538
core   0: 3 0x80001e7c (0x6021be13) x28 0x00000001
core   0: 0x80001e80 (0x022a67b3) rem     a5, s4, sp
core   0: 3 0x80001e80 (0x022a67b3) x15 0x00000000
core   0: 0x80001e84 (0x0262dc33) divu    s8, t0, t1
core   0: 3 0x80001e84 (0x0262dc33) x24 0x00000001
core   0: 0x80001e88 (0x01eeb8b3) sltu    a7, t4, t5
core   0: 3 0x80001e88 (0x01eeb8b3) x17 0x00000000
core   0: 0x80001e8c (0x03ebeb63) bltu    s7, t5, pc + 54
core   0: 3 0x80001e8c (0x03ebeb63)
core   0: 0x80001ec2 (0x7fd15d37) lui     s10, 0x7fd15
core   0: 3 0x80001ec2 (0x7fd15d37) x26 0x7fd15000
core   0: 0x80001ec6 (0x00c10733) add     a4, sp, a2
core   0: 3 0x80001ec6 (0x00c10733) x14 0xffffffef
core   0: 0x80001eca (0x02670633) mul     a2, a4, t1
core   0: 3 0x80001eca (0x02670633) x12 0x09c00000
core   0: 0x80001ece (0x26618e93) addi    t4, gp, 614
core   0: 3 0x80001ece (0x26618e93) x29 0x00000267
core   0: 0x80001ed2 (0x0000100f) fence.i
core   0: 3 0x80001ed2 (0x0000100f)
core   0: 0x80001ed6 (0x014c1233) sll     tp, s8, s4
core   0: 3 0x80001ed6 (0x014c1233) x4  0x00000001
core   0: 0x80001eda (0xec0c4393) xori    t2, s8, -320
core   0: 3 0x80001eda (0xec0c4393) x7  0xfffffec1
core   0: 0x80001ede (0x004e4863) blt     t3, tp, pc + 16
core   0: 3 0x80001ede (0x004e4863)
core   0: 0x80001ee2 (0x006f6ab3) or      s5, t5, t1
core   0: 3 0x80001ee2 (0x006f6ab3) x21 0xd2429d24
core   0: 0x80001ee6 (0x01ae73b3) and     t2, t3, s10
core   0: 3 0x80001ee6 (0x01ae73b3) x7  0x00000000
core   0: 0x80001eea (0x41070ab3) sub     s5, a4, a6
core   0: 3 0x80001eea (0x41070ab3) x21 0xffffffef
core   0: 0x80001eee (0x01451593) slli    a1, a0, 20
core   0: 3 0x80001eee (0x01451593) x11 0x00000000
core   0: 0x80001ef2 (0x00008f49) c.or    a4, a0
core   0: 3 0x80001ef2 (0x8f49) x14 0xffffffef
core   0: 0x80001ef4 (0x46aa6493) ori     s1, s4, 1130
core   0: 3 0x80001ef4 (0x46aa6493) x9  0x0000046a
core   0: 0x80001ef8 (0x00001204) c.addi4spn s1, sp, 288
core   0: 3 0x80001ef8 (0x1204) x9  0x00000110
core   0: 0x80001efa (0x456aff93) andi    t6, s5, 1110
core   0: 3 0x80001efa (0x456aff93) x31 0x00000446
core   0: 0x80001efe (0x008240b3) xor     ra, tp, s0
core   0: 3 0x80001efe (0x008240b3) x1  0x00000001
core   0: 0x80001f02 (0x00dee233) or      tp, t4, a3
core   0: 3 0x80001f02 (0x00dee233) x4  0xb114de6f
core   0: 0x80001f06 (0x0000100f) fence.i
core   0: 3 0x80001f06 (0x0000100f)
core   0: 0x80001f0a (0x01a10463) beq     sp, s10, pc + 8
core   0: 3 0x80001f0a (0x01a10463)
core   0: 0x80001f0e (0x0166f663) bgeu    a3, s6, pc + 12
core   0: 3 0x80001f0e (0x0166f663)
core   0: 0x80001f1a (0x00008ae6) c.mv    s5, s9
core   0: 3 0x80001f1a (0x8ae6) x21 0x00000004
core   0: 0x80001f1c (0x1095c093) xori    ra, a1, 265
core   0: 3 0x80001f1c (0x1095c093) x1  0x00000109
core   0: 0x80001f20 (0x020b1533) mulh    a0, s6, zero
core   0: 3 0x80001f20 (0x020b1533) x10 0x00000000
core   0: 0x80001f24 (0x80067f93) andi    t6, a2, -2048
core   0: 3 0x80001f24 (0x80067f93) x31 0x09c00000
core   0: 0x80001f28 (0x0227c4b3) div     s1, a5, sp
core   0: 3 0x80001f28 (0x0227c4b3) x9  0x00000000
core   0: 0x80001f2c (0x00008a5a) c.mv    s4, s6
core   0: 3 0x80001f2c (0x8a5a) x20 0x8ab42e5a
core   0: 0x80001f2e (0xab913a13) sltiu   s4, sp, -1351
core   0: 3 0x80001f2e (0xab913a13) x20 0x00000000
core   0: 0x80001f32 (0x02e927b3) mulhsu  a5, s2, a4
core   0: 3 0x80001f32 (0x02e927b3) x15 0x00000000
core   0: 0x80001f36 (0x340066f3) csrrsi  a3, mscratch, 0
core   0: 3 0x80001f36 (0x340066f3) x13 0xffffffff
core   0: 0x80001f3a (0x03b3dc33) divu    s8, t2, s11
core   0: 3 0x80001f3a (0x03b3dc33) x24 0x00000000
core   0: 0x80001f3e (0x34006b73) csrrsi  s6, mscratch, 0
core   0: 3 0x80001f3e (0x34006b73) x22 0xffffffff
core   0: 0x80001f42 (0x0000e995) c.bnez  a1, pc + 52
core   0: 3 0x80001f42 (0xe995)
core   0: 0x80001f44 (0x00000a08) c.addi4spn a0, sp, 272
core   0: 3 0x80001f44 (0x0a08) x10 0x00000100
core   0: 0x80001f46 (0x02576633) rem     a2, a4, t0
core   0: 3 0x80001f46 (0x02576633) x12 0xffffffef
core   0: 0x80001f4a (0x340256f3) csrrwi  a3, mscratch, 4
core   0: 3 0x80001f4a (0x340256f3) x13 0xffffffff c832_mscratch 0x00000004
core   0: 0x80001f4e (0x0000100f) fence.i
core   0: 3 0x80001f4e (0x0000100f)
core   0: 0x80001f52 (0x0000e81d) c.bnez  s0, pc + 54
core   0: 3 0x80001f52 (0xe81d)
core   0: 0x80001f54 (0x2005bab7) lui     s5, 0x2005b
core   0: 3 0x80001f54 (0x2005bab7) x21 0x2005b000
core   0: 0x80001f58 (0x6c92e213) ori     tp, t0, 1737
core   0: 3 0x80001f58 (0x6c92e213) x4  0xf57d8ecb
core   0: 0x80001f5c (0x0195db13) srli    s6, a1, 25
core   0: 3 0x80001f5c (0x0195db13) x22 0x00000000
core   0: 0x80001f60 (0x02305063) bge     zero, gp, pc + 32
core   0: 3 0x80001f60 (0x02305063)
core   0: 0x80001f64 (0x00000001) c.nop
core   0: 3 0x80001f64 (0x0001)
core   0: 0x80001f66 (0x01d7cd63) blt     a5, t4, pc + 26
core   0: 3 0x80001f66 (0x01d7cd63)
core   0: 0x80001f80 (0x02cfc1b3) div     gp, t6, a2
core   0: 3 0x80001f80 (0x02cfc1b3) x3  0xff6d2d2e
core   0: 0x80001f84 (0x00000ee1) c.addi  t4, 24
core   0: 3 0x80001f84 (0x0ee1) x29 0x0000027f
core   0: 0x80001f86 (0x00008099) c.srli  s1, 6
core   0: 3 0x80001f86 (0x8099) x9  0x00000000
core   0: 0x80001f88 (0x003b4e33) xor     t3, s6, gp
core   0: 3 0x80001f88 (0x003b4e33) x28 0xff6d2d2e
core   0: 0x80001f8c (0x035e55b3) divu    a1, t3, s5
core   0: 3 0x80001f8c (0x035e55b3) x11 0x00000007
core   0: 0x80001f90 (0x8c4cbd13) sltiu   s10, s9, -1852
core   0: 3 0x80001f90 (0x8c4cbd13) x26 0x00000001
core   0: 0x80001f94 (0x00006149) c.addi16sp sp, 144
core   0: 3 0x80001f94 (0x6149) x2  0x00000080
core   0: 0x80001f96 (0x0ff0000f) fence   iorw,iorw
core   0: 3 0x80001f96 (0x0ff0000f)
core   0: 0x80001f9a (0x34006673) csrrsi  a2, mscratch, 0
core   0: 3 0x80001f9a (0x34006673) x12 0x00000004
core   0: 0x80001f9e (0x0ff0000f) fence   iorw,iorw
core   0: 3 0x80001f9e (0x0ff0000f)
core   0: 0x80001fa2 (0x04214063) blt     sp, sp, pc + 64
core   0: 3 0x80001fa2 (0x04214063)
core   0: 0x80001fa6 (0x000019fd) c.addi  s3, -1
core   0: 3 0x80001fa6 (0x19fd) x19 0x0001efff
core   0: 0x80001fa8 (0x0163f3b3) and     t2, t2, s6
core   0: 3 0x80001fa8 (0x0163f3b3) x7  0x00000000
core   0: 0x80001fac (0x028c3d33) mulhu   s10, s8, s0
core   0: 3 0x80001fac (0x028c3d33) x26 0x00000000
core   0: 0x80001fb0 (0x000088c5) c.andi  s1, 17
core   0: 3 0x80001fb0 (0x88c5) x9  0x00000000
core   0: 0x80001fb2 (0x00009afd) c.andi  a3, -1
core   0: 3 0x80001fb2 (0x9afd) x13 0xffffffff
core   0: 0x80001fb4 (0x4d1e3237) lui     tp, 0x4d1e3
core   0: 3 0x80001fb4 (0x4d1e3237) x4  0x4d1e3000
core   0: 0x80001fb8 (0x0ff0000f) fence   iorw,iorw
core   0: 3 0x80001fb8 (0x0ff0000f)
core   0: 0x80001fbc (0x0000eb15) c.bnez  a4, pc + 52
core   0: 3 0x80001fbc (0xeb15)
core   0: 0x80001ff0 (0x00001784) c.addi4spn s1, sp, 992
core   0: 3 0x80001ff0 (0x1784) x9  0x00000460
core   0: 0x80001ff2 (0x01295833) srl     a6, s2, s2
core   0: 3 0x80001ff2 (0x01295833) x16 0x00000000
core   0: 0x80001ff6 (0x0000908a) c.add   ra, sp
core   0: 3 0x80001ff6 (0x908a) x1  0x00000189
core   0: 0x80001ff8 (0x004c9ab3) sll     s5, s9, tp
core   0: 3 0x80001ff8 (0x004c9ab3) x21 0x00000004
core   0: 0x80001ffc (0x340034f3) csrrc   s1, mscratch, zero
core   0: 3 0x80001ffc (0x340034f3) x9  0x00000004
core   0: 0x80002000 (0x01b254b3) srl     s1, tp, s11
core   0: 3 0x80002000 (0x01b254b3) x9  0x0013478c
core   0: 0x80002004 (0x0375d033) divu    zero, a1, s7
core   0: 3 0x80002004 (0x0375d033)
core   0: 0x80002008 (0x00008d01) c.sub   a0, s0
core   0: 3 0x80002008 (0x8d01) x10 0x00000100
core   0: 0x8000200a (0x000007e6) c.slli  a5, 25
core   0: 3 0x8000200a (0x07e6) x15 0x00000000
core   0: 0x8000200c (0x34002273) csrr    tp, mscratch
core   0: 3 0x8000200c (0x34002273) x4  0x00000004
core   0: 0x80002010 (0x0000c09d) c.beqz  s1, pc + 38
core   0: 3 0x80002010 (0xc09d)
core   0: 0x80002012 (0x02df0363) beq     t5, a3, pc + 38
core   0: 3 0x80002012 (0x02df0363)
core   0: 0x80002016 (0x0000717d) c.addi16sp sp, -16
core   0: 3 0x80002016 (0x717d) x2  0x00000070
core   0: 0x80002018 (0x02687363) bgeu    a6, t1, pc + 38
core   0: 3 0x80002018 (0x02687363)
core   0: 0x8000201c (0x0ff0000f) fence   iorw,iorw
core   0: 3 0x8000201c (0x0ff0000f)
core   0: 0x80002020 (0x000090ee) c.add   ra, s11
core   0: 3 0x80002020 (0x90ee) x1  0x00000373
core   0: 0x80002022 (0x00000985) c.addi  s3, 1
core   0: 3 0x80002022 (0x0985) x19 0x0001f000
core   0: 0x80002024 (0xef0125b7) lui     a1, 0xef012
core   0: 3 0x80002024 (0xef0125b7) x11 0xef012000
core   0: 0x80002028 (0x00000899) c.addi  a7, 6
core   0: 3 0x80002028 (0x0899) x17 0x00000006
core   0: 0x8000202a (0x7e9a2fb7) lui     t6, 0x7e9a2
core   0: 3 0x8000202a (0x7e9a2fb7) x31 0x7e9a2000
core   0: 0x8000202e (0xec2b7593) andi    a1, s6, -318
core   0: 3 0x8000202e (0xec2b7593) x11 0x00000000
core   0: 0x80002032 (0xa3aab113) sltiu   sp, s5, -1478
core   0: 3 0x80002032 (0xa3aab113) x2  0x00000001
core   0: 0x80002036 (0x0000717d) c.addi16sp sp, -16
core   0: 3 0x80002036 (0x717d) x2  0xfffffff1
core   0: 0x80002038 (0x40ac5833) sra     a6, s8, a0
core   0: 3 0x80002038 (0x40ac5833) x16 0x00000000
core   0: 0x8000203c (0x0000614d) c.addi16sp sp, 176
core   0: 3 0x8000203c (0x614d) x2  0x000000a1
core   0: 0x8000203e (0x00009e66) c.add   t3, s9
core   0: 3 0x8000203e (0x9e66) x28 0xff6d2d32
core   0: 0x80002040 (0x018dfb63) bgeu    s11, s8, pc + 22
core   0: 3 0x80002040 (0x018dfb63)
core   0: 0x80002056 (0x000093f2) c.add   t2, t3
core   0: 3 0x80002056 (0x93f2) x7  0xff6d2d32
core   0: 0x80002058 (0x02ad79b3) remu    s3, s10, a0
core   0: 3 0x80002058 (0x02ad79b3) x19 0x00000000
core   0: 0x8000205c (0x00008e51) c.or    a2, a2
core   0: 3 0x8000205c (0x8e51) x12 0x00000004
core   0: 0x8000205e (0x008f7263) bgeu    t5, s0, pc + 4
core   0: 3 0x8000205e (0x008f7263)
core   0: 0x80002062 (0x000053fd) c.li    t2, -1
core   0: 3 0x80002062 (0x53fd) x7  0xffffffff
core   0: 0x80002064 (0x00000001) c.nop
core   0: 3 0x80002064 (0x0001)
core   0: 0x80002066 (0x02119163) bne     gp, ra, pc + 34
core   0: 3 0x80002066 (0x02119163)
core   0: 0x80002088 (0x29f12393) slti    t2, sp, 671
core   0: 3 0x80002088 (0x29f12393) x7  0x00000001
core   0: 0x8000208c (0x00006c69) c.lui   s8, 0x1a
core   0: 3 0x8000208c (0x6c69) x24 0x0001a000
core   0: 0x8000208e (0x0000717d) c.addi16sp sp, -16
core   0: 3 0x8000208e (0x717d) x2  0x00000091
core   0: 0x80002090 (0x9b5dcb13) xori    s6, s11, -1611
core   0: 3 0x80002090 (0x9b5dcb13) x22 0xfffff85f
core   0: 0x80002094 (0x340bd473) csrrwi  s0, mscratch, 23
core   0: 3 0x80002094 (0x340bd473) x8  0x00000004 c832_mscratch 0x00000017
core   0: 0x80002098 (0x01a046b3) xor     a3, zero, s10
core   0: 3 0x80002098 (0x01a046b3) x13 0x00000000
core   0: 0x8000209c (0x67793c13) sltiu   s8, s2, 1655
core   0: 3 0x8000209c (0x67793c13) x24 0x00000001
core   0: 0x800020a0 (0x00995a93) srli    s5, s2, 9
core   0: 3 0x800020a0 (0x00995a93) x21 0x00000000
core   0: 0x800020a4 (0x0000e589) c.bnez  a1, pc + 10
core   0: 3 0x800020a4 (0xe589)
core   0: 0x800020a6 (0x00008b7a) c.mv    s6, t5
core   0: 3 0x800020a6 (0x8b7a) x22 0x80029d24
core   0: 0x800020a8 (0x036988b3) mul     a7, s3, s6
core   0: 3 0x800020a8 (0x036988b3) x17 0x00000000
core   0: 0x800020ac (0x00000a06) c.slli  s4, 1
core   0: 3 0x800020ac (0x0a06) x20 0x00000000
core   0: 0x800020ae (0x01ca7263) bgeu    s4, t3, pc + 4
core   0: 3 0x800020ae (0x01ca7263)
core   0: 0x800020b2 (0x34061973) csrrw   s2, mscratch, a2
core   0: 3 0x800020b2 (0x34061973) x18 0x00000017 c832_mscratch 0x00000004
core   0: 0x800020b6 (0x00bca533) slt     a0, s9, a1
core   0: 3 0x800020b6 (0x00bca533) x10 0x00000000
core   0: 0x800020ba (0x01619133) sll     sp, gp, s6
core   0: 3 0x800020ba (0x01619133) x2  0xf6d2d2e0
core   0: 0x800020be (0x0000100f) fence.i
core   0: 3 0x800020be (0x0000100f)
core   0: 0x800020c2 (0x4105d793) srai    a5, a1, 16
core   0: 3 0x800020c2 (0x4105d793) x15 0x00000000
core   0: 0x800020c6 (0x03bac5b3) div     a1, s5, s11
core   0: 3 0x800020c6 (0x03bac5b3) x11 0x00000000
core   0: 0x800020ca (0x00000001) c.nop
core   0: 3 0x800020ca (0x0001)
core   0: 0x800020cc (0x02b11863) bne     sp, a1, pc + 48
core   0: 3 0x800020cc (0x02b11863)
core   0: 0x800020fc (0x0000ed89) c.bnez  a1, pc + 26
core   0: 3 0x800020fc (0xed89)
core   0: 0x800020fe (0x765f4513) xori    a0, t5, 1893
core   0: 3 0x800020fe (0x765f4513) x10 0x80029a41
core   0: 0x80002102 (0x03ecfab3) remu    s5, s9, t5
core   0: 3 0x80002102 (0x03ecfab3) x21 0x00000004
core   0: 0x80002106 (0x64660093) addi    ra, a2, 1606
core   0: 3 0x80002106 (0x64660093) x1  0x0000064a
core   0: 0x8000210a (0x0151d613) srli    a2, gp, 21
core   0: 3 0x8000210a (0x0151d613) x12 0x000007fb
core   0: 0x8000210e (0x409d0d33) sub     s10, s10, s1
core   0: 3 0x8000210e (0x409d0d33) x26 0xffecb874
core   0: 0x80002112 (0x340067f3) csrrsi  a5, mscratch, 0
core   0: 3 0x80002112 (0x340067f3) x15 0x00000004
core   0: 0x80002116 (0x0062d733) srl     a4, t0, t1
core   0: 3 0x80002116 (0x0062d733) x14 0xf57d8a0a
core   0: 0x8000211a (0x017a4ab3) xor     s5, s4, s7
core   0: 3 0x8000211a (0x017a4ab3) x21 0x80025ea4
core   0: 0x8000211e (0xcd053013) sltiu   zero, a0, -816
core   0: 3 0x8000211e (0xcd053013)
core   0: 0x80002122 (0x031f6e33) rem     t3, t5, a7
core   0: 3 0x80002122 (0x031f6e33) x28 0x80029d24
core   0: 0x80002126 (0x00008ea1) c.xor   a3, s0
core   0: 3 0x80002126 (0x8ea1) x13 0x00000004
core   0: 0x80002128 (0x00008e5d) c.or    a2, a5
core   0: 3 0x80002128 (0x8e5d) x12 0x000007ff
core   0: 0x8000212a (0x0000100f) fence.i
core   0: 3 0x8000212a (0x0000100f)
core   0: 0x8000212e (0x0000f397) auipc   t2, 0xf
core   0: 3 0x8000212e (0x0000f397) x7  0x8001112e
core   0: 0x80002132 (0x85738393) addi    t2, t2, -1961
core   0: 3 0x80002132 (0x85738393) x7  0x80010985
core   0: 0x80002136 (0xe1d3c883) lbu     a7, -483(t2)
core   0: 3 0x80002136 (0xe1d3c883) x17 0x00000059 mem 0x800107a2
core   0: 0x8000213a (0x88638723) sb      t1, -1906(t2)
core   0: 3 0x8000213a (0x88638723) mem 0x80010213 0x00
core   0: 0x8000213e (0x00008d51) c.or    a0, a2
core   0: 3 0x8000213e (0x8d51) x10 0x80029fff
core   0: 0x80002140 (0x00008065) c.srli  s0, 25
core   0: 3 0x80002140 (0x8065) x8  0x00000000
core   0: 0x80002142 (0xf7a3cd03) lbu     s10, -134(t2)
core   0: 3 0x80002142 (0xf7a3cd03) x26 0x000000b4 mem 0x800108ff
core   0: 0x80002146 (0x01695213) srli    tp, s2, 22
core   0: 3 0x80002146 (0x01695213) x4  0x00000000
core   0: 0x8000214a (0x0000891e) c.mv    s2, t2
core   0: 3 0x8000214a (0x891e) x18 0x80010985
core   0: 0x8000214c (0x63d3d783) lhu     a5, 1597(t2)
core   0: 3 0x8000214c (0x63d3d783) x15 0x00005479 mem 0x80010fc2
core   0: 0x80002150 (0x4ed2f793) andi    a5, t0, 1261
core   0: 3 0x80002150 (0x4ed2f793) x15 0x00000008
core   0: 0x80002154 (0xc433dc83) lhu     s9, -957(t2)
core   0: 3 0x80002154 (0xc433dc83) x25 0x00008283 mem 0x800105c8
core   0: 0x80002158 (0x00008675) c.srai  a2, 29
core   0: 3 0x80002158 (0x8675) x12 0x00000000
core   0: 0x8000215a (0x34085af3) csrrwi  s5, mscratch, 16
core   0: 3 0x8000215a (0x34085af3) x21 0x00000004 c832_mscratch 0x00000010
core   0: 0x8000215e (0xdd1391a3) sh      a7, -573(t2)
core   0: 3 0x8000215e (0xdd1391a3) mem 0x80010748 0x0059
core   0: 0x80002162 (0x4d23cb03) lbu     s6, 1234(t2)
core   0: 3 0x80002162 (0x4d23cb03) x22 0x0000000c mem 0x80010e57
core   0: 0x80002166 (0xd933db03) lhu     s6, -621(t2)
core   0: 3 0x80002166 (0xd933db03) x22 0x0000d2d3 mem 0x80010718
core   0: 0x8000216a (0x41a75993) srai    s3, a4, 26
core   0: 3 0x8000216a (0x41a75993) x19 0xfffffffd
core   0: 0x8000216e (0x41c08333) sub     t1, ra, t3
core   0: 3 0x8000216e (0x41c08333) x6  0x7ffd6926
core   0: 0x80002172 (0x00000001) c.nop
core   0: 3 0x80002172 (0x0001)
core   0: 0x80002174 (0x28d38303) lb      t1, 653(t2)
core   0: 3 0x80002174 (0x28d38303) x6  0xffffffc9 mem 0x80010c12
core   0: 0x80002178 (0xd62bce13) xori    t3, s7, -670
core   0: 3 0x80002178 (0xd62bce13) x28 0x7ffda3c6
core   0: 0x8000217c (0x48b3c983) lbu     s3, 1163(t2)
core   0: 3 0x8000217c (0x48b3c983) x19 0x000000cb mem 0x80010e10
core   0: 0x80002180 (0xc853c603) lbu     a2, -891(t2)
core   0: 3 0x80002180 (0xc853c603) x12 0x000000c1 mem 0x8001060a
core   0: 0x80002184 (0x0172a233) slt     tp, t0, s7
core   0: 3 0x80002184 (0x0172a233) x4  0x00000000
core   0: 0x80002188 (0x0000137d) c.addi  t1, -1
core   0: 3 0x80002188 (0x137d) x6  0xffffffc8
core   0: 0x8000218a (0x035ea833) mulhsu  a6, t4, s5
core   0: 3 0x8000218a (0x035ea833) x16 0x00000000
core   0: 0x8000218e (0x31d3d303) lhu     t1, 797(t2)
core   0: 3 0x8000218e (0x31d3d303) x6  0x00005859 mem 0x80010ca2
core   0: 0x80002192 (0x6973cd83) lbu     s11, 1687(t2)
core   0: 3 0x80002192 (0x6973cd83) x27 0x000000d7 mem 0x8001101c
core   0: 0x80002196 (0xe6617a13) andi    s4, sp, -410
core   0: 3 0x80002196 (0xe6617a13) x20 0xf6d2d260
core   0: 0x8000219a (0xca538523) sb      t0, -854(t2)
core   0: 3 0x8000219a (0xca538523) mem 0x8001062f 0x0a
core   0: 0x8000219e (0x00005efd) c.li    t4, -1
core   0: 3 0x8000219e (0x5efd) x29 0xffffffff
core   0: 0x800021a0 (0x24d3a9a3) sw      a3, 595(t2)
core   0: 3 0x800021a0 (0x24d3a9a3) mem 0x80010bd8 0x00000004
core   0: 0x800021a4 (0xbdb38f83) lb      t6, -1061(t2)
core   0: 3 0x800021a4 (0xbdb38f83) x31 0x0000001b mem 0x80010560
core   0: 0x800021a8 (0x52c393a3) sh      a2, 1319(t2)
core   0: 3 0x800021a8 (0x52c393a3) mem 0x80010eac 0x00c1
core   0: 0x800021ac (0x49c38d03) lb      s10, 1180(t2)
core   0: 3 0x800021ac (0x49c38d03) x26 0xffffffda mem 0x80010e21
core   0: 0x800021b0 (0x009d1b33) sll     s6, s10, s1
core   0: 3 0x800021b0 (0x009d1b33) x22 0xfffda000
core   0: 0x800021b4 (0xbf912a13) slti    s4, sp, -1031
core   0: 3 0x800021b4 (0xbf912a13) x20 0x00000001
core   0: 0x800021b8 (0x025d0eb3) mul     t4, s10, t0
core   0: 3 0x800021b8 (0x025d0eb3) x29 0x8f5d8284
core   0: 0x800021bc (0x01b18b63) beq     gp, s11, pc + 22
core   0: 3 0x800021bc (0x01b18b63)
core   0: 0x800021c0 (0x340d5df3) csrrwi  s11, mscratch, 26
core   0: 3 0x800021c0 (0x340d5df3) x27 0x00000010 c832_mscratch 0x0000001a
core   0: 0x800021c4 (0x40868233) sub     tp, a3, s0
core   0: 3 0x800021c4 (0x40868233) x4  0x00000004
core   0: 0x800021c8 (0x00008c5d) c.or    s0, a5
core   0: 3 0x800021c8 (0x8c5d) x8  0x00000008
core   0: 0x800021ca (0x340077f3) csrrci  a5, mscratch, 0
core   0: 3 0x800021ca (0x340077f3) x15 0x0000001a
core   0: 0x800021ce (0x03e6ea63) bltu    a3, t5, pc + 52
core   0: 3 0x800021ce (0x03e6ea63)
core   0: 0x80002202 (0x039f0fb3) mul     t6, t5, s9
core   0: 3 0x80002202 (0x039f0fb3) x31 0xd522b16c
core   0: 0x80002206 (0x00006f99) c.lui   t6, 0x6
core   0: 3 0x80002206 (0x6f99) x31 0x00006000
core   0: 0x80002208 (0x00ecf763) bgeu    s9, a4, pc + 14
core   0: 3 0x80002208 (0x00ecf763)
core   0: 0x8000220c (0x004c9233) sll     tp, s9, tp
core   0: 3 0x8000220c (0x004c9233) x4  0x00082830
core   0: 0x80002210 (0x40cfdb13) srai    s6, t6, 12
core   0: 3 0x80002210 (0x40cfdb13) x22 0x00000006
core   0: 0x80002214 (0x000094ee) c.add   s1, s11
core   0: 3 0x80002214 (0x94ee) x9  0x0013479c
core   0: 0x80002216 (0x4105d413) srai    s0, a1, 16
core   0: 3 0x80002216 (0x4105d413) x8  0x00000000
core   0: 0x8000221a (0x00006ef1) c.lui   t4, 0x1c
core   0: 3 0x8000221a (0x6ef1) x29 0x0001c000
core   0: 0x8000221c (0x01452cb3) slt     s9, a0, s4
core   0: 3 0x8000221c (0x01452cb3) x25 0x00000001
core   0: 0x80002220 (0xa9504413) xori    s0, zero, -1387
core   0: 3 0x80002220 (0xa9504413) x8  0xfffffa95
core   0: 0x80002224 (0x00008365) c.srli  a4, 25
core   0: 3 0x80002224 (0x8365) x14 0x0000007a
core   0: 0x80002226 (0x017a6763) bltu    s4, s7, pc + 14
core   0: 3 0x80002226 (0x017a6763)
core   0: 0x80002234 (0x03f93db3) mulhu   s11, s2, t6
core   0: 3 0x80002234 (0x03f93db3) x27 0x00003000
core   0: 0x80002238 (0x0000100f) fence.i
core   0: 3 0x80002238 (0x0000100f)
core   0: 0x8000223c (0x40b603b3) sub     t2, a2, a1
core   0: 3 0x8000223c (0x40b603b3) x7  0x000000c1
core   0: 0x80002240 (0x00000aa6) c.slli  s5, 9
core   0: 3 0x80002240 (0x0aa6) x21 0x00000800
core   0: 0x80002242 (0x01c21393) slli    t2, tp, 28
core   0: 3 0x80002242 (0x01c21393) x7  0x00000000
core   0: 0x80002246 (0x044bd163) bge     s7, tp, pc + 66
core   0: 3 0x80002246 (0x044bd163)
core   0: 0x8000224a (0x027e7263) bgeu    t3, t2, pc + 36
core   0: 3 0x8000224a (0x027e7263)
core   0: 0x8000226e (0x02166363) bltu    a2, ra, pc + 38
core   0: 3 0x8000226e (0x02166363)
core   0: 0x80002294 (0x0000051c) c.addi4spn a5, sp, 640
core   0: 3 0x80002294 (0x051c) x15 0xf6d2d560
core   0: 0x80002296 (0x340ebcf3) csrrc   s9, mscratch, t4
core   0: 3 0x80002296 (0x340ebcf3) x25 0x0000001a c832_mscratch 0x0000001a
core   0: 0x8000229a (0x00000001) c.nop
core   0: 3 0x8000229a (0x0001)
core   0: 0x8000229c (0xd2e83113) sltiu   sp, a6, -722
core   0: 3 0x8000229c (0xd2e83113) x2  0x00000001
core   0: 0x800022a0 (0x00008571) c.srai  a0, 28
core   0: 3 0x800022a0 (0x8571) x10 0xfffffff8
core   0: 0x800022a2 (0x03284763) blt     a6, s2, pc + 46
core   0: 3 0x800022a2 (0x03284763)
core   0: 0x800022a6 (0x003e5663) bge     t3, gp, pc + 12
core   0: 3 0x800022a6 (0x003e5663)
core   0: 0x800022b2 (0x34031ef3) csrrw   t4, mscratch, t1
core   0: 3 0x800022b2 (0x34031ef3) x29 0x0000001a c832_mscratch 0x00005859
core   0: 0x800022b6 (0x40a25733) sra     a4, tp, a0
core   0: 3 0x800022b6 (0x40a25733) x14 0x00000000
core   0: 0x800022ba (0x3c377993) andi    s3, a4, 963
core   0: 3 0x800022ba (0x3c377993) x19 0x00000000
core   0: 0x800022be (0x01d229b3) slt     s3, tp, t4
core   0: 3 0x800022be (0x01d229b3) x19 0x00000000
core   0: 0x800022c2 (0x0013d833) srl     a6, t2, ra
core   0: 3 0x800022c2 (0x0013d833) x16 0x00000000
core   0: 0x800022c6 (0x000059fd) c.li    s3, -1
core   0: 3 0x800022c6 (0x59fd) x19 0xffffffff
core   0: 0x800022c8 (0x7cecbf93) sltiu   t6, s9, 1998
core   0: 3 0x800022c8 (0x7cecbf93) x31 0x00000001
core   0: 0x800022cc (0x34023c73) csrrc   s8, mscratch, tp
core   0: 3 0x800022cc (0x34023c73) x24 0x00005859 c832_mscratch 0x00005049
core   0: 0x800022d0 (0x00000198) c.addi4spn a4, sp, 192
core   0: 3 0x800022d0 (0x0198) x14 0x000000c1
core   0: 0x800022d2 (0x00008119) c.srli  a0, 6
core   0: 3 0x800022d2 (0x8119) x10 0x03ffffff
core   0: 0x800022d4 (0x00000001) c.nop
core   0: 3 0x800022d4 (0x0001)
core   0: 0x800022d6 (0x03206163) bltu    zero, s2, pc + 34
core   0: 3 0x800022d6 (0x03206163)
core   0: 0x800022f8 (0x00dc3fb3) sltu    t6, s8, a3
core   0: 3 0x800022f8 (0x00dc3fb3) x31 0x00000000
core   0: 0x800022fc (0x010eeb63) bltu    t4, a6, pc + 22
core   0: 3 0x800022fc (0x010eeb63)
core   0: 0x80002300 (0x00008ee5) c.and   a3, s1
core   0: 3 0x80002300 (0x8ee5) x13 0x00000004
core   0: 0x80002302 (0x0000100f) fence.i
core   0: 3 0x80002302 (0x0000100f)
core   0: 0x80002306 (0x00532033) slt     zero, t1, t0
core   0: 3 0x80002306 (0x00532033)
core   0: 0x8000230a (0x019cd1b3) srl     gp, s9, s9
core   0: 3 0x8000230a (0x019cd1b3) x3  0x00000000
core   0: 0x8000230e (0xd3ee4993) xori    s3, t3, -706
core   0: 3 0x8000230e (0xd3ee4993) x19 0x80025ef8
core   0: 0x80002312 (0x00000ec6) c.slli  t4, 17
core   0: 3 0x80002312 (0x0ec6) x29 0x00340000
core   0: 0x80002314 (0xec6b5b37) lui     s6, 0xec6b5
core   0: 3 0x80002314 (0xec6b5b37) x22 0xec6b5000
core   0: 0x80002318 (0x000083c6) c.mv    t2, a7
core   0: 3 0x80002318 (0x83c6) x7  0x00000059
core   0: 0x8000231a (0x340f9e73) csrrw   t3, mscratch, t6
core   0: 3 0x8000231a (0x340f9e73) x28 0x00005049 c832_mscratch 0x00000000
core   0: 0x8000231e (0x4a890113) addi    sp, s2, 1192
core   0: 3 0x8000231e (0x4a890113) x2  0x80010e2d
core   0: 0x80002322 (0x00000001) c.nop
core   0: 3 0x80002322 (0x0001)
core   0: 0x80002324 (0x00006eb9) c.lui   t4, 0xe
core   0: 3 0x80002324 (0x6eb9) x29 0x0000e000
core   0: 0x80002326 (0x03a49133) mulh    sp, s1, s10
core   0: 3 0x80002326 (0x03a49133) x2  0xffffffff
core   0: 0x8000232a (0x34091073) csrw    mscratch, s2
core   0: 3 0x8000232a (0x34091073) c832_mscratch 0x80010985
core   0: 0x8000232e (0x0375bcb3) mulhu   s9, a1, s7
core   0: 3 0x8000232e (0x0375bcb3) x25 0x00000000
core   0: 0x80002332 (0x012b4f63) blt     s6, s2, pc + 30
core   0: 3 0x80002332 (0x012b4f63)
core   0: 0x80002336 (0x02bdfab3) remu    s5, s11, a1
core   0: 3 0x80002336 (0x02bdfab3) x21 0x00003000
core   0: 0x8000233a (0x013b9a33) sll     s4, s7, s3
core   0: 3 0x8000233a (0x013b9a33) x20 0xa4000000
core   0: 0x8000233e (0x3405d6f3) csrrwi  a3, mscratch, 11
core   0: 3 0x8000233e (0x3405d6f3) x13 0x80010985 c832_mscratch 0x0000000b
core   0: 0x80002342 (0x03796e33) rem     t3, s2, s7
core   0: 3 0x80002342 (0x03796e33) x28 0xfffeaae1
core   0: 0x80002346 (0x03777233) remu    tp, a4, s7
core   0: 3 0x80002346 (0x03777233) x4  0x000000c1
core   0: 0x8000234a (0x4e3ff513) andi    a0, t6, 1251
core   0: 3 0x8000234a (0x4e3ff513) x10 0x00000000
core   0: 0x8000234e (0x00008251) c.srli  a2, 20
core   0: 3 0x8000234e (0x8251) x12 0x00000000
core   0: 0x80002350 (0x00406db3) or      s11, zero, tp
core   0: 3 0x80002350 (0x00406db3) x27 0x000000c1
core   0: 0x80002354 (0x3407a473) csrrs   s0, mscratch, a5
core   0: 3 0x80002354 (0x3407a473) x8  0x0000000b c832_mscratch 0xf6d2d56b
core   0: 0x80002358 (0x00008cf5) c.and   s1, a3
core   0: 3 0x80002358 (0x8cf5) x9  0x00010184
core   0: 0x8000235a (0x00000001) c.nop
core   0: 3 0x8000235a (0x0001)
core   0: 0x8000235c (0x00008a6e) c.mv    s4, s11
core   0: 3 0x8000235c (0x8a6e) x20 0x000000c1
core   0: 0x8000235e (0x00008da6) c.mv    s11, s1
core   0: 3 0x8000235e (0x8da6) x27 0x00010184
core   0: 0x80002360 (0x0000537d) c.li    t1, -1
core   0: 3 0x80002360 (0x537d) x6  0xffffffff
core   0: 0x80002362 (0x52fe7d13) andi    s10, t3, 1327
core   0: 3 0x80002362 (0x52fe7d13) x26 0x00000021
core   0: 0x80002366 (0x007bd093) srli    ra, s7, 7
core   0: 3 0x80002366 (0x007bd093) x1  0x010004bd
core   0: 0x8000236a (0x010e9093) slli    ra, t4, 16
core   0: 3 0x8000236a (0x010e9093) x1  0xe0000000
core   0: 0x8000236e (0x96bbed13) ori     s10, s7, -1685
core   0: 3 0x8000236e (0x96bbed13) x26 0xffffffef
core   0: 0x80002372 (0x0000e605) c.bnez  a2, pc + 40
core   0: 3 0x80002372 (0xe605)
core   0: 0x80002374 (0xaf90c593) xori    a1, ra, -1287
core   0: 3 0x80002374 (0xaf90c593) x11 0x1ffffaf9
core   0: 0x80002378 (0x00008c65) c.and   s0, s1
core   0: 3 0x80002378 (0x8c65) x8  0x00000000
core   0: 0x8000237a (0x85978337) lui     t1, 0x85978
core   0: 3 0x8000237a (0x85978337) x6  0x85978000
core   0: 0x8000237e (0x01826b33) or      s6, tp, s8
core   0: 3 0x8000237e (0x01826b33) x22 0x000058d9
core   0: 0x80002382 (0x00fcb133) sltu    sp, s9, a5
core   0: 3 0x80002382 (0x00fcb133) x2  0x00000001
core   0: 0x80002386 (0x0108f263) bgeu    a7, a6, pc + 4
core   0: 3 0x80002386 (0x0108f263)
core   0: 0x8000238a (0x23363e93) sltiu   t4, a2, 563
core   0: 3 0x8000238a (0x23363e93) x29 0x00000001
core   0: 0x8000238e (0xb5848113) addi    sp, s1, -1192
core   0: 3 0x8000238e (0xb5848113) x2  0x0000fcdc
core   0: 0x80002392 (0x3405a973) csrrs   s2, mscratch, a1
core   0: 3 0x80002392 (0x3405a973) x18 0xf6d2d56b c832_mscratch 0xfffffffb
core   0: 0x80002396 (0x2314d517) auipc   a0, 0x2314d
core   0: 3 0x80002396 (0x2314d517) x10 0xa314f396
core   0: 0x8000239a (0x000007ea) c.slli  a5, 26
core   0: 3 0x8000239a (0x07ea) x15 0x80000000
core   0: 0x8000239c (0x0157b8b3) sltu    a7, a5, s5
core   0: 3 0x8000239c (0x0157b8b3) x17 0x00000000
core   0: 0x800023a0 (0x41875413) srai    s0, a4, 24
core   0: 3 0x800023a0 (0x41875413) x8  0x00000000
core   0: 0x800023a4 (0xc1852713) slti    a4, a0, -1000
core   0: 3 0x800023a4 (0xc1852713) x14 0x00000001
core   0: 0x800023a8 (0x01135793) srli    a5, t1, 17
core   0: 3 0x800023a8 (0x01135793) x15 0x000042cb
core   0: 0x800023ac (0x01e7ed33) or      s10, a5, t5
core   0: 3 0x800023ac (0x01e7ed33) x26 0x8002dfef
core   0: 0x800023b0 (0x00005afd) c.li    s5, -1
core   0: 3 0x800023b0 (0x5afd) x21 0xffffffff
core   0: 0x800023b2 (0x000081b5) c.srli  a1, 13
core   0: 3 0x800023b2 (0x81b5) x11 0x0000ffff
core   0: 0x800023b4 (0x03b90263) beq     s2, s11, pc + 36
core   0: 3 0x800023b4 (0x03b90263)
core   0: 0x800023b8 (0x340dd0f3) csrrwi  ra, mscratch, 27
core   0: 3 0x800023b8 (0x340dd0f3) x1  0xfffffffb c832_mscratch 0x0000001b
core   0: 0x800023bc (0x03a7e933) rem     s2, a5, s10
core   0: 3 0x800023bc (0x03a7e933) x18 0x000042cb
core   0: 0x800023c0 (0x34015af3) csrrwi  s5, mscratch, 2
core   0: 3 0x800023c0 (0x34015af3) x21 0x0000001b c832_mscratch 0x00000002
core   0: 0x800023c4 (0x00dc7d33) and     s10, s8, a3
core   0: 3 0x800023c4 (0x00dc7d33) x26 0x00000801
core   0: 0x800023c8 (0x00fb4cb3) xor     s9, s6, a5
core   0: 3 0x800023c8 (0x00fb4cb3) x25 0x00001a12
core   0: 0x800023cc (0x03894433) div     s0, s2, s8
core   0: 3 0x800023cc (0x03894433) x8  0x00000000
core   0: 0x800023d0 (0x03e21263) bne     tp, t5, pc + 36
core   0: 3 0x800023d0 (0x03e21263)
core   0: 0x800023f4 (0x00000001) c.nop
core   0: 3 0x800023f4 (0x0001)
core   0: 0x800023f6 (0x00338b33) add     s6, t2, gp
core   0: 3 0x800023f6 (0x00338b33) x22 0x00000059
core   0: 0x800023fa (0x00008272) c.mv    tp, t3
core   0: 3 0x800023fa (0x8272) x4  0xfffeaae1
core   0: 0x800023fc (0xe539af93) slti    t6, s3, -429
core   0: 3 0x800023fc (0xe539af93) x31 0x00000001
core   0: 0x80002400 (0x00cfb633) sltu    a2, t6, a2
core   0: 3 0x80002400 (0x00cfb633) x12 0x00000000
core   0: 0x80002404 (0x00560cb3) add     s9, a2, t0
core   0: 3 0x80002404 (0x00560cb3) x25 0xf57d8a0a
core   0: 0x80002408 (0x02b95763) bge     s2, a1, pc + 46
core   0: 3 0x80002408 (0x02b95763)
core   0: 0x8000240c (0x0000717d) c.addi16sp sp, -16
core   0: 3 0x8000240c (0x717d) x2  0x0000fccc
core   0: 0x8000240e (0x340297f3) csrrw   a5, mscratch, t0
core   0: 3 0x8000240e (0x340297f3) x15 0x00000002 c832_mscratch 0xf57d8a0a
core   0: 0x80002412 (0x00ff1213) slli    tp, t5, 15
core   0: 3 0x80002412 (0x00ff1213) x4  0x4e920000
core   0: 0x80002416 (0x02893933) mulhu   s2, s2, s0
core   0: 3 0x80002416 (0x02893933) x18 0x00000000
core   0: 0x8000241a (0x01e4a8b3) slt     a7, s1, t5
core   0: 3 0x8000241a (0x01e4a8b3) x17 0x00000000
core   0: 0x8000241e (0x0000100f) fence.i
core   0: 3 0x8000241e (0x0000100f)
core   0: 0x80002422 (0x03bc3ab3) mulhu   s5, s8, s11
core   0: 3 0x80002422 (0x03bc3ab3) x21 0x00000000
core   0: 0x80002426 (0x41ad0233) sub     tp, s10, s10
core   0: 3 0x80002426 (0x41ad0233) x4  0x00000000
core   0: 0x8000242a (0x03080463) beq     a6, a6, pc + 40
core   0: 3 0x8000242a (0x03080463)
core   0: 0x80002452 (0x0ff0000f) fence   iorw,iorw
core   0: 3 0x80002452 (0x0ff0000f)
core   0: 0x80002456 (0x02c40733) mul     a4, s0, a2
core   0: 3 0x80002456 (0x02c40733) x14 0x00000000
core   0: 0x8000245a (0x00000001) c.nop
core   0: 3 0x8000245a (0x0001)
core   0: 0x8000245c (0x0000177d) c.addi  a4, -1
core   0: 3 0x8000245c (0x177d) x14 0xffffffff
core   0: 0x8000245e (0x0000100f) fence.i
core   0: 3 0x8000245e (0x0000100f)
core   0: 0x80002462 (0x010835b3) sltu    a1, a6, a6
core   0: 3 0x80002462 (0x010835b3) x11 0x00000000
core   0: 0x80002466 (0x340078f3) csrrci  a7, mscratch, 0
core   0: 3 0x80002466 (0x340078f3) x17 0xf57d8a0a
core   0: 0x8000246a (0x00e5ed33) or      s10, a1, a4
core   0: 3 0x8000246a (0x00e5ed33) x26 0xffffffff
core   0: 0x8000246e (0x00000001) c.nop
core   0: 3 0x8000246e (0x0001)
core   0: 0x80002470 (0x02de5833) divu    a6, t3, a3
core   0: 3 0x80002470 (0x02de5833) x16 0x00000001
core   0: 0x80002474 (0x00000001) c.nop
core   0: 3 0x80002474 (0x0001)
core   0: 0x80002476 (0x01d71313) slli    t1, a4, 29
core   0: 3 0x80002476 (0x01d71313) x6  0xe0000000
core   0: 0x8000247a (0x00008f29) c.xor   a4, a0
core   0: 3 0x8000247a (0x8f29) x14 0x5ceb0c69
core   0: 0x8000247c (0x413005b3) sub     a1, zero, s3
core   0: 3 0x8000247c (0x413005b3) x11 0x7ffda108
core   0: 0x80002480 (0xc71f4313) xori    t1, t5, -911
core   0: 3 0x80002480 (0xc71f4313) x6  0x7ffd6155
core   0: 0x80002484 (0x0000892d) c.andi  a0, 11
core   0: 3 0x80002484 (0x892d) x10 0x00000002
core   0: 0x80002486 (0x03f58a63) beq     a1, t6, pc + 52
core   0: 3 0x80002486 (0x03f58a63)
core   0: 0x8000248a (0x42df7093) andi    ra, t5, 1069
core   0: 3 0x8000248a (0x42df7093) x1  0x00000424
core   0: 0x8000248e (0x5bd76c13) ori     s8, a4, 1469
core   0: 3 0x8000248e (0x5bd76c13) x24 0x5ceb0dfd
core   0: 0x80002492 (0x00009a56) c.add   s4, s5
core   0: 3 0x80002492 (0x9a56) x20 0x000000c1
core   0: 0x80002494 (0x023a8763) beq     s5, gp, pc + 46
core   0: 3 0x80002494 (0x023a8763)
core   0: 0x800024c2 (0x01f8d513) srli    a0, a7, 31
core   0: 3 0x800024c2 (0x01f8d513) x10 0x00000001
core   0: 0x800024c6 (0x01394433) xor     s0, s2, s3
core   0: 3 0x800024c6 (0x01394433) x8  0x80025ef8
core   0: 0x800024ca (0x01791ab3) sll     s5, s2, s7
core   0: 3 0x800024ca (0x01791ab3) x21 0x00000000
core   0: 0x800024ce (0x035dafb3) mulhsu  t6, s11, s5
core   0: 3 0x800024ce (0x035dafb3) x31 0x00000000
core   0: 0x800024d2 (0x00009afd) c.andi  a3, -1
core   0: 3 0x800024d2 (0x9afd) x13 0x80010985
core   0: 0x800024d4 (0xb7ac4d13) xori    s10, s8, -1158
core   0: 3 0x800024d4 (0xb7ac4d13) x26 0xa314f687
core   0: 0x800024d8 (0x00000466) c.slli  s0, 25
core   0: 3 0x800024d8 (0x0466) x8  0xf0000000
core   0: 0x800024da (0x8fc8ac13) slti    s8, a7, -1796
core   0: 3 0x800024da (0x8fc8ac13) x24 0x00000001
core   0: 0x800024de (0x00008271) c.srli  a2, 28
core   0: 3 0x800024de (0x8271) x12 0x00000000
core   0: 0x800024e0 (0xcaade993) ori     s3, s11, -854
core   0: 3 0x800024e0 (0xcaade993) x19 0xfffffdae
core   0: 0x800024e4 (0x036f8163) beq     t6, s6, pc + 34
core   0: 3 0x800024e4 (0x036f8163)
core   0: 0x800024e8 (0x01629763) bne     t0, s6, pc + 14
core   0: 3 0x800024e8 (0x01629763)
core   0: 0x800024f6 (0x015e0a33) add     s4, t3, s5
core   0: 3 0x800024f6 (0x015e0a33) x20 0xfffeaae1
core   0: 0x800024fa (0x0160f333) and     t1, ra, s6
core   0: 3 0x800024fa (0x0160f333) x6  0x00000000
core   0: 0x800024fe (0x94050513) addi    a0, a0, -1728
core   0: 3 0x800024fe (0x94050513) x10 0xfffff941
core   0: 0x80002502 (0x00602833) slt     a6, zero, t1
core   0: 3 0x80002502 (0x00602833) x16 0x00000000
core   0: 0x80002506 (0x03973233) mulhu   tp, a4, s9
core   0: 3 0x80002506 (0x03973233) x4  0x591a83bf
core   0: 0x8000250a (0x01295493) srli    s1, s2, 18
core   0: 3 0x8000250a (0x01295493) x9  0x00000000
core   0: 0x8000250e (0x34046173) csrrsi  sp, mscratch, 8
core   0: 3 0x8000250e (0x34046173) x2  0xf57d8a0a c832_mscratch 0xf57d8a0a
core   0: 0x80002512 (0x00006165) c.addi16sp sp, 112
core   0: 3 0x80002512 (0x6165) x2  0xf57d8a7a
core   0: 0x80002514 (0x2b614993) xori    s3, sp, 694
core   0: 3 0x80002514 (0x2b614993) x19 0xf57d88cc
core   0: 0x80002518 (0x00380633) add     a2, a6, gp
core   0: 3 0x80002518 (0x00380633) x12 0x00000000
core   0: 0x8000251c (0x00001e04) c.addi4spn s1, sp, 816
core   0: 3 0x8000251c (0x1e04) x9  0xf57d8daa
core   0: 0x8000251e (0x000040c1) c.li    ra, 16
core   0: 3 0x8000251e (0x40c1) x1  0x00000010
core   0: 0x80002520 (0x340028f3) csrr    a7, mscratch
core   0: 3 0x80002520 (0x340028f3) x17 0xf57d8a0a
core   0: 0x80002524 (0xb7f07793) andi    a5, zero, -1153
core   0: 3 0x80002524 (0xb7f07793) x15 0x00000000
core   0: 0x80002528 (0x028e8433) mul     s0, t4, s0
core   0: 3 0x80002528 (0x028e8433) x8  0xf0000000
core   0: 0x8000252c (0x407308b3) sub     a7, t1, t2
core   0: 3 0x8000252c (0x407308b3) x17 0xffffffa7
core   0: 0x80002530 (0x00000001) c.nop
core   0: 3 0x80002530 (0x0001)
core   0: 0x80002532 (0x0134fc63) bgeu    s1, s3, pc + 24
core   0: 3 0x80002532 (0x0134fc63)
core   0: 0x8000254a (0x03582033) mulhsu  zero, a6, s5
core   0: 3 0x8000254a (0x03582033)
core   0: 0x8000254e (0x065b5863) bge     s6, t0, pc + 112
core   0: 3 0x8000254e (0x065b5863)
core   0: 0x800025be (0x00119563) bne     gp, ra, pc + 10
core   0: 3 0x800025be (0x00119563)
core   0: 0x800025c8 (0x00006609) c.lui   a2, 0x2
core   0: 3 0x800025c8 (0x6609) x12 0x00002000
core   0: 0x800025ca (0x412d8833) sub     a6, s11, s2
core   0: 3 0x800025ca (0x412d8833) x16 0x00010184
core   0: 0x800025ce (0x407c5713) srai    a4, s8, 7
core   0: 3 0x800025ce (0x407c5713) x14 0x00000000
core   0: 0x800025d2 (0x00008c25) c.xor   s0, s1
core   0: 3 0x800025d2 (0x8c25) x8  0x057d8daa
core   0: 0x800025d4 (0x0000069a) c.slli  a3, 6
core   0: 3 0x800025d4 (0x069a) x13 0x00426140
core   0: 0x800025d6 (0x0000597d) c.li    s2, -1
core   0: 3 0x800025d6 (0x597d) x18 0xffffffff
core   0: 0x800025d8 (0x00008f61) c.and   a4, s0
core   0: 3 0x800025d8 (0x8f61) x14 0x00000000
core   0: 0x800025da (0x340c97f3) csrrw   a5, mscratch, s9
core   0: 3 0x800025da (0x340c97f3) x15 0xf57d8a0a c832_mscratch 0xf57d8a0a
core   0: 0x800025de (0x03c37233) remu    tp, t1, t3
core   0: 3 0x800025de (0x03c37233) x4  0x00000000
core   0: 0x800025e2 (0x34003d73) csrrc   s10, mscratch, zero
core   0: 3 0x800025e2 (0x34003d73) x26 0xf57d8a0a
core   0: 0x800025e6 (0x340f57f3) csrrwi  a5, mscratch, 30
core   0: 3 0x800025e6 (0x340f57f3) x15 0xf57d8a0a c832_mscratch 0x0000001e
core   0: 0x800025ea (0x00008f6d) c.and   a4, a1
core   0: 3 0x800025ea (0x8f6d) x14 0x00000000
core   0: 0x800025ec (0x00008575) c.srai  a0, 29
core   0: 3 0x800025ec (0x8575) x10 0xffffffff
core   0: 0x800025ee (0x3406b473) csrrc   s0, mscratch, a3
core   0: 3 0x800025ee (0x3406b473) x8  0x0000001e c832_mscratch 0x0000001e
core   0: 0x800025f2 (0x00009a7d) c.andi  a2, -1
core   0: 3 0x800025f2 (0x9a7d) x12 0x00002000
core   0: 0x800025f4 (0x0000021a) c.slli  tp, 6
core   0: 3 0x800025f4 (0x021a) x4  0x00000000
core   0: 0x800025f6 (0x02d05163) bge     zero, a3, pc + 34
core   0: 3 0x800025f6 (0x02d05163)
core   0: 0x800025fa (0x416db613) sltiu   a2, s11, 1046
core   0: 3 0x800025fa (0x416db613) x12 0x00000000
core   0: 0x800025fe (0x41c15693) srai    a3, sp, 28
core   0: 3 0x800025fe (0x41c15693) x13 0xffffffff
core   0: 0x80002602 (0x40c20933) sub     s2, tp, a2
core   0: 3 0x80002602 (0x40c20933) x18 0x00000000
core   0: 0x80002606 (0x0102afb3) slt     t6, t0, a6
core   0: 3 0x80002606 (0x0102afb3) x31 0x00000001
core   0: 0x8000260a (0x00008d15) c.sub   a0, a3
core   0: 3 0x8000260a (0x8d15) x10 0x00000000
core   0: 0x8000260c (0x02824633) div     a2, tp, s0
core   0: 3 0x8000260c (0x02824633) x12 0x00000000
core   0: 0x80002610 (0x02293893) sltiu   a7, s2, 34
core   0: 3 0x80002610 (0x02293893) x17 0x00000001
core   0: 0x80002614 (0x411383b3) sub     t2, t2, a7
core   0: 3 0x80002614 (0x411383b3) x7  0x00000058
core   0: 0x80002618 (0x34003ef3) csrrc   t4, mscratch, zero
core   0: 3 0x80002618 (0x34003ef3) x29 0x0000001e
core   0: 0x8000261c (0x00004e61) c.li    t3, 24
core   0: 3 0x8000261c (0x4e61) x28 0x00000018
core   0: 0x8000261e (0x00000001) c.nop
core   0: 3 0x8000261e (0x0001)
core   0: 0x80002620 (0x8c4be393) ori     t2, s7, -1852
core   0: 3 0x80002620 (0x8c4be393) x7  0xfffffee4
core   0: 0x80002624 (0x011bfc33) and     s8, s7, a7
core   0: 3 0x80002624 (0x011bfc33) x24 0x00000000
core   0: 0x80002628 (0x0000c489) c.beqz  s1, pc + 10
core   0: 3 0x80002628 (0xc489)
core   0: 0x8000262a (0x0178ee63) bltu    a7, s7, pc + 28
core   0: 3 0x8000262a (0x0178ee63)
core   0: 0x80002646 (0x340078f3) csrrci  a7, mscratch, 0
core   0: 3 0x80002646 (0x340078f3) x17 0x0000001e
core   0: 0x8000264a (0x02e81133) mulh    sp, a6, a4
core   0: 3 0x8000264a (0x02e81133) x2  0x00000000
core   0: 0x8000264e (0x00006759) c.lui   a4, 0x16
core   0: 3 0x8000264e (0x6759) x14 0x00016000
core   0: 0x80002650 (0x021f5b33) divu    s6, t5, ra
core   0: 3 0x80002650 (0x021f5b33) x22 0x080029d2
core   0: 0x80002654 (0x01008763) beq     ra, a6, pc + 14
core   0: 3 0x80002654 (0x01008763)
core   0: 0x80002658 (0x01ba2133) slt     sp, s4, s11
core   0: 3 0x80002658 (0x01ba2133) x2  0x00000001
core   0: 0x8000265c (0x00000001) c.nop
core   0: 3 0x8000265c (0x0001)
core   0: 0x8000265e (0x01dde0b3) or      ra, s11, t4
core   0: 3 0x8000265e (0x01dde0b3) x1  0x0001019e
core   0: 0x80002662 (0x01ab39b3) sltu    s3, s6, s10
core   0: 3 0x80002662 (0x01ab39b3) x19 0x00000001
core   0: 0x80002666 (0x037e8a33) mul     s4, t4, s7
core   0: 3 0x80002666 (0x037e8a33) x20 0x00471738
core   0: 0x8000266a (0xef1da393) slti    t2, s11, -271
core   0: 3 0x8000266a (0xef1da393) x7  0x00000000
core   0: 0x8000266e (0x03a6cdb3) div     s11, a3, s10
core   0: 3 0x8000266e (0x03a6cdb3) x27 0x00000000
core   0: 0x80002672 (0x00008db9) c.xor   a1, a4
core   0: 3 0x80002672 (0x8db9) x11 0x7ffcc108
core   0: 0x80002674 (0x01125e63) bge     tp, a7, pc + 28
core   0: 3 0x80002674 (0x01125e63)
core   0: 0x80002678 (0x00008c8d) c.sub   s1, a1
core   0: 3 0x80002678 (0x8c8d) x9  0x7580cca2
core   0: 0x8000267a (0x03460633) mul     a2, a2, s4
core   0: 3 0x8000267a (0x03460633) x12 0x00000000
core   0: 0x8000267e (0x00000001) c.nop
core   0: 3 0x8000267e (0x0001)
core   0: 0x80002680 (0x035729b3) mulhsu  s3, a4, s5
core   0: 3 0x80002680 (0x035729b3) x19 0x00000000
core   0: 0x80002684 (0x0158d6b3) srl     a3, a7, s5
core   0: 3 0x80002684 (0x0158d6b3) x13 0x0000001e
core   0: 0x80002688 (0x0000c011) c.beqz  s0, pc + 4
core   0: 3 0x80002688 (0xc011)
core   0: 0x8000268a (0x00008e1d) c.sub   a2, a5
core   0: 3 0x8000268a (0x8e1d) x12 0x0a8275f6
core   0: 0x8000268c (0x0ff0000f) fence   iorw,iorw
core   0: 3 0x8000268c (0x0ff0000f)
core   0: 0x80002690 (0x01f9f6b3) and     a3, s3, t6
core   0: 3 0x80002690 (0x01f9f6b3) x13 0x00000000
core   0: 0x80002694 (0x0293e933) rem     s2, t2, s1
core   0: 3 0x80002694 (0x0293e933) x18 0x00000000
core   0: 0x80002698 (0x01795b63) bge     s2, s7, pc + 22
core   0: 3 0x80002698 (0x01795b63)
core   0: 0x800026ae (0x00009bfd) c.andi  a5, -1
core   0: 3 0x800026ae (0x9bfd) x15 0xf57d8a0a
core   0: 0x800026b0 (0xf57efd13) andi    s10, t4, -169
core   0: 3 0x800026b0 (0xf57efd13) x26 0x00000016
core   0: 0x800026b4 (0x005a0e33) add     t3, s4, t0
core   0: 3 0x800026b4 (0x005a0e33) x28 0xf5c4a142
core   0: 0x800026b8 (0x02670663) beq     a4, t1, pc + 44
core   0: 3 0x800026b8 (0x02670663)
core   0: 0x800026bc (0x340135f3) csrrc   a1, mscratch, sp
core   0: 3 0x800026bc (0x340135f3) x11 0x0000001e c832_mscratch 0x0000001e
core   0: 0x800026c0 (0x034d5833) divu    a6, s10, s4
core   0: 3 0x800026c0 (0x034d5833) x16 0x00000000
core   0: 0x800026c4 (0x02d5c8b3) div     a7, a1, a3
core   0: 3 0x800026c4 (0x02d5c8b3) x17 0xffffffff
core   0: 0x800026c8 (0x000083f9) c.srli  a5, 30
core   0: 3 0x800026c8 (0x83f9) x15 0x00000003
core   0: 0x800026ca (0x000ad263) bgez    s5, pc + 4
core   0: 3 0x800026ca (0x000ad263)
core   0: 0x800026ce (0x00008f25) c.xor   a4, s1
core   0: 3 0x800026ce (0x8f25) x14 0x7581aca2
core   0: 0x800026d0 (0xc1dc4613) xori    a2, s8, -995
core   0: 3 0x800026d0 (0xc1dc4613) x12 0xfffffc1d
core   0: 0x800026d4 (0x0000717d) c.addi16sp sp, -16
core   0: 3 0x800026d4 (0x717d) x2  0xfffffff1
core   0: 0x800026d6 (0x00000efe) c.slli  t4, 31
core   0: 3 0x800026d6 (0x0efe) x29 0x00000000
core   0: 0x800026d8 (0x0000cc8d) c.beqz  s1, pc + 58
core   0: 3 0x800026d8 (0xcc8d)
core   0: 0x800026da (0x00af1893) slli    a7, t5, 10
core   0: 3 0x800026da (0x00af1893) x17 0x0a749000
core   0: 0x800026de (0x0138ac33) slt     s8, a7, s3
core   0: 3 0x800026de (0x0138ac33) x24 0x00000000
core   0: 0x800026e2 (0x00004aa9) c.li    s5, 10
core   0: 3 0x800026e2 (0x4aa9) x21 0x0000000a
core   0: 0x800026e4 (0x0ff0000f) fence   iorw,iorw
core   0: 3 0x800026e4 (0x0ff0000f)
core   0: 0x800026e8 (0x00000001) c.nop
core   0: 3 0x800026e8 (0x0001)
core   0: 0x800026ea (0x02322d33) mulhsu  s10, tp, gp
core   0: 3 0x800026ea (0x02322d33) x26 0x00000000
core   0: 0x800026ee (0x00008e3d) c.xor   a2, a5
core   0: 3 0x800026ee (0x8e3d) x12 0xfffffc1e
core   0: 0x800026f0 (0x0357c1b3) div     gp, a5, s5
core   0: 3 0x800026f0 (0x0357c1b3) x3  0x00000000
core   0: 0x800026f4 (0x02888a63) beq     a7, s0, pc + 52
core   0: 3 0x800026f4 (0x02888a63)
core   0: 0x800026f8 (0x0000127d) c.addi  tp, -1
core   0: 3 0x800026f8 (0x127d) x4  0xffffffff
core   0: 0x800026fa (0x00008c05) c.sub   s0, s1
core   0: 3 0x800026fa (0x8c05) x8  0x8a7f337c
core   0: 0x800026fc (0x0ff0000f) fence   iorw,iorw
core   0: 3 0x800026fc (0x0ff0000f)
core   0: 0x80002700 (0x0161cfb3) xor     t6, gp, s6
core   0: 3 0x80002700 (0x0161cfb3) x31 0x080029d2
core   0: 0x80002704 (0x340af4f3) csrrci  s1, mscratch, 21
core   0: 3 0x80002704 (0x340af4f3) x9  0x0000001e c832_mscratch 0x0000000a
core   0: 0x80002708 (0x023d17b3) mulh    a5, s10, gp
core   0: 3 0x80002708 (0x023d17b3) x15 0x00000000
core   0: 0x8000270c (0x00008f95) c.sub   a5, a3
core   0: 3 0x8000270c (0x8f95) x15 0x00000000
core   0: 0x8000270e (0x40145d33) sra     s10, s0, ra
core   0: 3 0x8000270e (0x40145d33) x26 0xfffffffe
core   0: 0x80002712 (0x00006125) c.addi16sp sp, 96
core   0: 3 0x80002712 (0x6125) x2  0x00000051
core   0: 0x80002714 (0x014653b3) srl     t2, a2, s4
core   0: 3 0x80002714 (0x014653b3) x7  0x000000ff
core   0: 0x80002718 (0x02155b33) divu    s6, a0, ra
core   0: 3 0x80002718 (0x02155b33) x22 0x00000000
core   0: 0x8000271c (0x0238b033) mulhu   zero, a7, gp
core   0: 3 0x8000271c (0x0238b033)
core   0: 0x80002720 (0x0000827d) c.srli  a2, 31
core   0: 3 0x80002720 (0x827d) x12 0x00000001
core   0: 0x80002722 (0x000008f1) c.addi  a7, 28
core   0: 3 0x80002722 (0x08f1) x17 0x0a74901c
core   0: 0x80002724 (0x401f5a33) sra     s4, t5, ra
core   0: 3 0x80002724 (0x401f5a33) x20 0xfffffffe
core   0: 0x80002728 (0x01c68fb3) add     t6, a3, t3
core   0: 3 0x80002728 (0x01c68fb3) x31 0xf5c4a142
core   0: 0x8000272c (0x03182233) mulhsu  tp, a6, a7
core   0: 3 0x8000272c (0x03182233) x4  0x00000000
core   0: 0x80002730 (0x03ac06b3) mul     a3, s8, s10
core   0: 3 0x80002730 (0x03ac06b3) x13 0x00000000
core   0: 0x80002734 (0xa3bb0d93) addi    s11, s6, -1477
core   0: 3 0x80002734 (0xa3bb0d93) x27 0xfffffa3b
core   0: 0x80002738 (0x340b9af3) csrrw   s5, mscratch, s7
core   0: 3 0x80002738 (0x340b9af3) x21 0x0000000a c832_mscratch 0x80025ea4
core   0: 0x8000273c (0x01e7e5b3) or      a1, a5, t5
core   0: 3 0x8000273c (0x01e7e5b3) x11 0x80029d24
core   0: 0x80002740 (0x0000c519) c.beqz  a0, pc + 14
core   0: 3 0x80002740 (0xc519)
core   0: 0x8000274e (0x0000ed95) c.bnez  a1, pc + 60
core   0: 3 0x8000274e (0xed95)
core   0: 0x8000278a (0x01eb5633) srl     a2, s6, t5
core   0: 3 0x8000278a (0x01eb5633) x12 0x00000000
core   0: 0x8000278e (0xc6473713) sltiu   a4, a4, -924
core   0: 3 0x8000278e (0xc6473713) x14 0x00000001
core   0: 0x80002792 (0x340024f3) csrr    s1, mscratch
core   0: 3 0x80002792 (0x340024f3) x9  0x80025ea4
core   0: 0x80002796 (0x023339b3) mulhu   s3, t1, gp
core   0: 3 0x80002796 (0x023339b3) x19 0x00000000
core   0: 0x8000279a (0x03ecc0b3) div     ra, s9, t5
core   0: 3 0x8000279a (0x03ecc0b3) x1  0x00000000
core   0: 0x8000279e (0x34003e73) csrrc   t3, mscratch, zero
core   0: 3 0x8000279e (0x34003e73) x28 0x80025ea4
core   0: 0x800027a2 (0x01085993) srli    s3, a6, 16
core   0: 3 0x800027a2 (0x01085993) x19 0x00000000
core   0: 0x800027a6 (0x0185d0b3) srl     ra, a1, s8
core   0: 3 0x800027a6 (0x0185d0b3) x1  0x80029d24
core   0: 0x800027aa (0x0000e3a1) c.bnez  a5, pc + 64
core   0: 3 0x800027aa (0xe3a1)
core   0: 0x800027ac (0x037b8663) beq     s7, s7, pc + 44
core   0: 3 0x800027ac (0x037b8663)
core   0: 0x800027d8 (0x0ff0000f) fence   iorw,iorw
core   0: 3 0x800027d8 (0x0ff0000f)
core   0: 0x800027dc (0x0ff0000f) fence   iorw,iorw
core   0: 3 0x800027dc (0x0ff0000f)
core   0: 0x800027e0 (0x00e9c233) xor     tp, s3, a4
core   0: 3 0x800027e0 (0x00e9c233) x4  0x00000001
core   0: 0x800027e4 (0x000086e2) c.mv    a3, s8
core   0: 3 0x800027e4 (0x86e2) x13 0x00000000
core   0: 0x800027e6 (0x0000100f) fence.i
core   0: 3 0x800027e6 (0x0000100f)
core   0: 0x800027ea (0x340e93f3) csrrw   t2, mscratch, t4
core   0: 3 0x800027ea (0x340e93f3) x7  0x80025ea4 c832_mscratch 0x00000000
core   0: 0x800027ee (0x340c7df3) csrrci  s11, mscratch, 24
core   0: 3 0x800027ee (0x340c7df3) x27 0x00000000 c832_mscratch 0x00000000
core   0: 0x800027f2 (0x412ad6b3) sra     a3, s5, s2
core   0: 3 0x800027f2 (0x412ad6b3) x13 0x0000000a
core   0: 0x800027f6 (0x00222e33) slt     t3, tp, sp
core   0: 3 0x800027f6 (0x00222e33) x28 0x00000001
core   0: 0x800027fa (0x00008f4d) c.or    a4, a1
core   0: 3 0x800027fa (0x8f4d) x14 0x80029d25
core   0: 0x800027fc (0x00008c3e) c.mv    s8, a5
core   0: 3 0x800027fc (0x8c3e) x24 0x00000000
core   0: 0x800027fe (0xb1182f97) auipc   t6, 0xb1182
core   0: 3 0x800027fe (0xb1182f97) x31 0x311847fe
core   0: 0x80002802 (0xbdf2dd97) auipc   s11, 0xbdf2d
core   0: 3 0x80002802 (0xbdf2dd97) x27 0x3df2f802
core   0: 0x80002806 (0x000063e1) c.lui   t2, 0x18
core   0: 3 0x80002806 (0x63e1) x7  0x00018000
core   0: 0x80002808 (0x1c196117) auipc   sp, 0x1c196
core   0: 3 0x80002808 (0x1c196117) x2  0x9c198808
core   0: 0x8000280c (0x00008c25) c.xor   s0, s1
core   0: 3 0x8000280c (0x8c25) x8  0x0a7d6dd8
core   0: 0x8000280e (0x7146feb7) lui     t4, 0x7146f
core   0: 3 0x8000280e (0x7146feb7) x29 0x7146f000
core   0: 0x80002812 (0x000082f9) c.srli  a3, 30
core   0: 3 0x80002812 (0x82f9) x13 0x00000000
core   0: 0x80002814 (0x000081d6) c.mv    gp, s5
core   0: 3 0x80002814 (0x81d6) x3  0x0000000a
core   0: 0x80002816 (0x0234ed63) bltu    s1, gp, pc + 58
core   0: 3 0x80002816 (0x0234ed63)
core   0: 0x8000281a (0x34001673) csrrw   a2, mscratch, zero
core   0: 3 0x8000281a (0x34001673) x12 0x00000000 c832_mscratch 0x00000000
core   0: 0x8000281e (0x010dde33) srl     t3, s11, a6
core   0: 3 0x8000281e (0x010dde33) x28 0x3df2f802
core   0: 0x80002822 (0x03b7e563) bltu    a5, s11, pc + 42
core   0: 3 0x80002822 (0x03b7e563)
core   0: 0x8000284c (0x00008189) c.srli  a1, 2
core   0: 3 0x8000284c (0x8189) x11 0x2000a749
core   0: 0x8000284e (0x0000974a) c.add   a4, s2
core   0: 3 0x8000284e (0x974a) x14 0x80029d25
core   0: 0x80002850 (0x00505a13) srli    s4, zero, 5
core   0: 3 0x80002850 (0x00505a13) x20 0x00000000
core   0: 0x80002854 (0x00000001) c.nop
core   0: 3 0x80002854 (0x0001)
core   0: 0x80002856 (0xf7610793) addi    a5, sp, -138
core   0: 3 0x80002856 (0xf7610793) x15 0x9c19877e
core   0: 0x8000285a (0x000004a6) c.slli  s1, 9
core   0: 3 0x8000285a (0x04a6) x9  0x04bd4800
core   0: 0x8000285c (0x34003b73) csrrc   s6, mscratch, zero
core   0: 3 0x8000285c (0x34003b73) x22 0x00000000
core   0: 0x80002860 (0x03900463) beq     zero, s9, pc + 40
core   0: 3 0x80002860 (0x03900463)
core   0: 0x80002864 (0x002cdfb3) srl     t6, s9, sp
core   0: 3 0x80002864 (0x002cdfb3) x31 0x00f57d8a
core   0: 0x80002868 (0x00006141) c.addi16sp sp, 16
core   0: 3 0x80002868 (0x6141) x2  0x9c198818
core   0: 0x8000286a (0x02d9bab3) mulhu   s5, s3, a3
core   0: 3 0x8000286a (0x02d9bab3) x21 0x00000000
core   0: 0x8000286e (0x00009d32) c.add   s10, a2
core   0: 3 0x8000286e (0x9d32) x26 0xfffffffe
core   0: 0x80002870 (0x00720763) beq     tp, t2, pc + 14
core   0: 3 0x80002870 (0x00720763)
core   0: 0x80002874 (0x0000100c) c.addi4spn a1, sp, 32
core   0: 3 0x80002874 (0x100c) x11 0x9c198838
core   0: 0x80002876 (0x0000c291) c.beqz  a3, pc + 4
core   0: 3 0x80002876 (0xc291)
core   0: 0x8000287a (0x00008eb9) c.xor   a3, a4
core   0: 3 0x8000287a (0x8eb9) x13 0x80029d25
core   0: 0x8000287c (0x00008e2e) c.mv    t3, a1
core   0: 3 0x8000287c (0x8e2e) x28 0x9c198838
core   0: 0x8000287e (0x02e754b3) divu    s1, a4, a4
core   0: 3 0x8000287e (0x02e754b3) x9  0x00000001
core   0: 0x80002882 (0x00f08d33) add     s10, ra, a5
core   0: 3 0x80002882 (0x00f08d33) x26 0x1c1c24a2
core   0: 0x80002886 (0x0000e58d) c.bnez  a1, pc + 42
core   0: 3 0x80002886 (0xe58d)
core   0: 0x800028b0 (0x01e5b233) sltu    tp, a1, t5
core   0: 3 0x800028b0 (0x01e5b233) x4  0x00000000
core   0: 0x800028b4 (0x00008db9) c.xor   a1, a4
core   0: 3 0x800028b4 (0x8db9) x11 0x1c1b151d
core   0: 0x800028b6 (0x00008d39) c.xor   a0, a4
core   0: 3 0x800028b6 (0x8d39) x10 0x80029d25
core   0: 0x800028b8 (0x01e44b33) xor     s6, s0, t5
core   0: 3 0x800028b8 (0x01e44b33) x22 0x8a7ff0fc
core   0: 0x800028bc (0x0000970a) c.add   a4, sp
core   0: 3 0x800028bc (0x970a) x14 0x1c1c253d
core   0: 0x800028be (0x411cf537) lui     a0, 0x411cf
core   0: 3 0x800028be (0x411cf537) x10 0x411cf000
core   0: 0x800028c2 (0x0d706d93) ori     s11, zero, 215
core   0: 3 0x800028c2 (0x0d706d93) x27 0x000000d7
core   0: 0x800028c6 (0x0ff0000f) fence   iorw,iorw
core   0: 3 0x800028c6 (0x0ff0000f)
core   0: 0x800028ca (0x00008015) c.srli  s0, 5
core   0: 3 0x800028ca (0x8015) x8  0x0053eb6e
core   0: 0x800028cc (0x01141113) slli    sp, s0, 17
core   0: 3 0x800028cc (0x01141113) x2  0xd6dc0000
core   0: 0x800028d0 (0x34041e73) csrrw   t3, mscratch, s0
core   0: 3 0x800028d0 (0x34041e73) x28 0x00000000 c832_mscratch 0x0053eb6e
core   0: 0x800028d4 (0x02f67933) remu    s2, a2, a5
core   0: 3 0x800028d4 (0x02f67933) x18 0x00000000
core   0: 0x800028d8 (0x0000717d) c.addi16sp sp, -16
core   0: 3 0x800028d8 (0x717d) x2  0xd6dbfff0
core   0: 0x800028da (0x0000717d) c.addi16sp sp, -16
core   0: 3 0x800028da (0x717d) x2  0xd6dbffe0
core   0: 0x800028dc (0x9cdd1d17) auipc   s10, 0x9cdd1
core   0: 3 0x800028dc (0x9cdd1d17) x26 0x1cdd38dc
core   0: 0x800028e0 (0x000ccb33) xor     s6, s9, zero
core   0: 3 0x800028e0 (0x000ccb33) x22 0xf57d8a0a
core   0: 0x800028e4 (0x005c60b3) or      ra, s8, t0
core   0: 3 0x800028e4 (0x005c60b3) x1  0xf57d8a0a
core   0: 0x800028e8 (0xe0061e17) auipc   t3, 0xe0061
core   0: 3 0x800028e8 (0xe0061e17) x28 0x600638e8
core   0: 0x800028ec (0x03ef8ab3) mul     s5, t6, t5
core   0: 3 0x800028ec (0x03ef8ab3) x21 0xab974968
core   0: 0x800028f0 (0x0000ce0d) c.beqz  a2, pc + 58
core   0: 3 0x800028f0 (0xce0d)
core   0: 0x8000292a (0x026a3133) mulhu   sp, s4, t1
core   0: 3 0x8000292a (0x026a3133) x2  0x00000000
core   0: 0x8000292e (0xe9202397) auipc   t2, 0xe9202
core   0: 3 0x8000292e (0xe9202397) x7  0x6920492e
core   0: 0x80002932 (0x00c03333) snez    t1, a2
core   0: 3 0x80002932 (0x00c03333) x6  0x00000000
core   0: 0x80002936 (0x00008655) c.srai  a2, 21
core   0: 3 0x80002936 (0x8655) x12 0x00000000
core   0: 0x80002938 (0x000095e6) c.add   a1, s9
core   0: 3 0x80002938 (0x95e6) x11 0x11989f27
core   0: 0x8000293a (0xfb598913) addi    s2, s3, -75
core   0: 3 0x8000293a (0xfb598913) x18 0xffffffb5
core   0: 0x8000293e (0x00009cde) c.add   s9, s7
core   0: 3 0x8000293e (0x9cde) x25 0x757fe8ae
core   0: 0x80002940 (0x340b99f3) csrrw   s3, mscratch, s7
core   0: 3 0x80002940 (0x340b99f3) x19 0x0053eb6e c832_mscratch 0x80025ea4
core   0: 0x80002944 (0x03e5a333) mulhsu  t1, a1, t5
core   0: 3 0x80002944 (0x03e5a333) x6  0x08cc7d91
core   0: 0x80002948 (0x0091a6b3) slt     a3, gp, s1
core   0: 3 0x80002948 (0x0091a6b3) x13 0x00000000
core   0: 0x8000294c (0x00000666) c.slli  a2, 25
core   0: 3 0x8000294c (0x0666) x12 0x00000000
core   0: 0x8000294e (0x00008fa5) c.xor   a5, s1
core   0: 3 0x8000294e (0x8fa5) x15 0x9c19877f
core   0: 0x80002950 (0x00000001) c.nop
core   0: 3 0x80002950 (0x0001)
core   0: 0x80002952 (0x00008be5) c.andi  a5, 25
core   0: 3 0x80002952 (0x8be5) x15 0x00000019
core   0: 0x80002954 (0x01238833) add     a6, t2, s2
core   0: 3 0x80002954 (0x01238833) x16 0x692048e3
core   0: 0x80002958 (0x00000aee) c.slli  s5, 27
core   0: 3 0x80002958 (0x0aee) x21 0x40000000
core   0: 0x8000295a (0x02425733) divu    a4, tp, tp
core   0: 3 0x8000295a (0x02425733) x14 0xffffffff
core   0: 0x8000295e (0x0269f163) bgeu    s3, t1, pc + 34
core   0: 3 0x8000295e (0x0269f163)
core   0: 0x80002962 (0x34002673) csrr    a2, mscratch
core   0: 3 0x80002962 (0x34002673) x12 0x80025ea4
core   0: 0x80002966 (0x0000c695) c.beqz  a3, pc + 44
core   0: 3 0x80002966 (0xc695)
core   0: 0x80002992 (0x00008edd) c.or    a3, a5
core   0: 3 0x80002992 (0x8edd) x13 0x00000019
core   0: 0x80002994 (0x0042ea63) bltu    t0, tp, pc + 20
core   0: 3 0x80002994 (0x0042ea63)
core   0: 0x80002998 (0xf73d7f93) andi    t6, s10, -141
core   0: 3 0x80002998 (0xf73d7f93) x31 0x1cdd3850
core   0: 0x8000299c (0x000080e1) c.srli  s1, 24
core   0: 3 0x8000299c (0x80e1) x9  0x00000000
core   0: 0x8000299e (0x00005cfd) c.li    s9, -1
core   0: 3 0x8000299e (0x5cfd) x25 0xffffffff
core   0: 0x800029a0 (0x03458163) beq     a1, s4, pc + 34
core   0: 3 0x800029a0 (0x03458163)
core   0: 0x800029a4 (0x02154163) blt     a0, ra, pc + 34
core   0: 3 0x800029a4 (0x02154163)
core   0: 0x800029a8 (0x00001a7d) c.addi  s4, -1
core   0: 3 0x800029a8 (0x1a7d) x20 0xffffffff
core   0: 0x800029aa (0x00559e63) bne     a1, t0, pc + 28
core   0: 3 0x800029aa (0x00559e63)
core   0: 0x800029c6 (0xfab60c93) addi    s9, a2, -85
core   0: 3 0x800029c6 (0xfab60c93) x25 0x80025e4f
core   0: 0x800029ca (0x031dfe63) bgeu    s11, a7, pc + 60
core   0: 3 0x800029ca (0x031dfe63)
core   0: 0x800029ce (0x612ca193) slti    gp, s9, 1554
core   0: 3 0x800029ce (0x612ca193) x3  0x00000001
core   0: 0x800029d2 (0x02f970b3) remu    ra, s2, a5
core   0: 3 0x800029d2 (0x02f970b3) x1  0x00000015
core   0: 0x800029d6 (0x01ff8b33) add     s6, t6, t6
core   0: 3 0x800029d6 (0x01ff8b33) x22 0x39ba70a0
core   0: 0x800029da (0x00008b16) c.mv    s6, t0
core   0: 3 0x800029da (0x8b16) x22 0xf57d8a0a
core   0: 0x800029dc (0x00004b41) c.li    s6, 16
core   0: 3 0x800029dc (0x4b41) x22 0x00000010
core   0: 0x800029de (0x01459763) bne     a1, s4, pc + 14
core   0: 3 0x800029de (0x01459763)
core   0: 0x800029ec (0x0000100f) fence.i
core   0: 3 0x800029ec (0x0000100f)
core   0: 0x800029f0 (0xa6f58a93) addi    s5, a1, -1425
core   0: 3 0x800029f0 (0xa6f58a93) x21 0x11989996
core   0: 0x800029f4 (0x0ff0000f) fence   iorw,iorw
core   0: 3 0x800029f4 (0x0ff0000f)
core   0: 0x800029f8 (0x00000619) c.addi  a2, 6
core   0: 3 0x800029f8 (0x0619) x12 0x80025eaa
core   0: 0x800029fa (0x340b9273) csrrw   tp, mscratch, s7
core   0: 3 0x800029fa (0x340b9273) x4  0x80025ea4 c832_mscratch 0x80025ea4
core   0: 0x800029fe (0x0ee94037) lui     zero, 0xee94
core   0: 3 0x800029fe (0x0ee94037)
core   0: 0x80002a02 (0x4117d893) srai    a7, a5, 17
core   0: 3 0x80002a02 (0x4117d893) x17 0x00000000
core   0: 0x80002a06 (0xbf55f913) andi    s2, a1, -1035
core   0: 3 0x80002a06 (0xbf55f913) x18 0x11989b25
core   0: 0x80002a0a (0x00b781b3) add     gp, a5, a1
core   0: 3 0x80002a0a (0x00b781b3) x3  0x11989f40
core   0: 0x80002a0e (0x03a1ce63) blt     gp, s10, pc + 60
core   0: 3 0x80002a0e (0x03a1ce63)
core   0: 0x80002a4a (0x00000349) c.addi  t1, 18
core   0: 3 0x80002a4a (0x0349) x6  0x08cc7da3
core   0: 0x80002a4c (0x6c48b917) auipc   s2, 0x6c48b
core   0: 3 0x80002a4c (0x6c48b917) x18 0xec48da4c
core   0: 0x80002a50 (0x00000001) c.nop
core   0: 3 0x80002a50 (0x0001)
core   0: 0x80002a52 (0x00009e52) c.add   t3, s4
core   0: 3 0x80002a52 (0x9e52) x28 0x600638e7
core   0: 0x80002a54 (0x0030b5b3) sltu    a1, ra, gp
core   0: 3 0x80002a54 (0x0030b5b3) x11 0x00000001
core   0: 0x80002a58 (0x0000120c) c.addi4spn a1, sp, 288
core   0: 3 0x80002a58 (0x120c) x11 0x00000120
core   0: 0x80002a5a (0x00000001) c.nop
core   0: 3 0x80002a5a (0x0001)
core   0: 0x80002a5c (0x00711433) sll     s0, sp, t2
core   0: 3 0x80002a5c (0x00711433) x8  0x00000000
core   0: 0x80002a60 (0x77580813) addi    a6, a6, 1909
core   0: 3 0x80002a60 (0x77580813) x16 0x69205058
core   0: 0x80002a64 (0x340f50f3) csrrwi  ra, mscratch, 30
core   0: 3 0x80002a64 (0x340f50f3) x1  0x80025ea4 c832_mscratch 0x0000001e
core   0: 0x80002a68 (0x00008fd1) c.or    a5, a2
core   0: 3 0x80002a68 (0x8fd1) x15 0x80025ebb
core   0: 0x80002a6a (0x000067b1) c.lui   a5, 0xc
core   0: 3 0x80002a6a (0x67b1) x15 0x0000c000
core   0: 0x80002a6c (0x340076f3) csrrci  a3, mscratch, 0
core   0: 3 0x80002a6c (0x340076f3) x13 0x0000001e
core   0: 0x80002a70 (0x010c0cb3) add     s9, s8, a6
core   0: 3 0x80002a70 (0x010c0cb3) x25 0x69205058
core   0: 0x80002a74 (0x01885a13) srli    s4, a6, 24
core   0: 3 0x80002a74 (0x01885a13) x20 0x00000069
core   0: 0x80002a78 (0x012ff3b3) and     t2, t6, s2
core   0: 3 0x80002a78 (0x012ff3b3) x7  0x0c481840
core   0: 0x80002a7c (0xeb11ce13) xori    t3, gp, -335
core   0: 3 0x80002a7c (0xeb11ce13) x28 0xee6761f1
core   0: 0x80002a80 (0x02080d33) mul     s10, a6, zero
core   0: 3 0x80002a80 (0x02080d33) x26 0x00000000
core   0: 0x80002a84 (0x0000100f) fence.i
core   0: 3 0x80002a84 (0x0000100f)
core   0: 0x80002a88 (0x401ad033) sra     zero, s5, ra
core   0: 3 0x80002a88 (0x401ad033)
core   0: 0x80002a8c (0x000081a5) c.srli  a1, 9
core   0: 3 0x80002a8c (0x81a5) x11 0x00000000
core   0: 0x80002a8e (0x01397b63) bgeu    s2, s3, pc + 22
core   0: 3 0x80002a8e (0x01397b63)
core   0: 0x80002aa4 (0x017e3433) sltu    s0, t3, s7
core   0: 3 0x80002aa4 (0x017e3433) x8  0x00000000
core   0: 0x80002aa8 (0x04fd1163) bne     s10, a5, pc + 66
core   0: 3 0x80002aa8 (0x04fd1163)
core   0: 0x80002aea (0x01ae3433) sltu    s0, t3, s10
core   0: 3 0x80002aea (0x01ae3433) x8  0x00000000
core   0: 0x80002aee (0x00a88663) beq     a7, a0, pc + 12
core   0: 3 0x80002aee (0x00a88663)
core   0: 0x80002af2 (0x0000c79d) c.beqz  a5, pc + 46
core   0: 3 0x80002af2 (0xc79d)
core   0: 0x80002af4 (0x000096de) c.add   a3, s7
core   0: 3 0x80002af4 (0x96de) x13 0x80025ec2
core   0: 0x80002af6 (0x00b01413) slli    s0, zero, 11
core   0: 3 0x80002af6 (0x00b01413) x8  0x00000000
core   0: 0x80002afa (0x00b4df63) bge     s1, a1, pc + 30
core   0: 3 0x80002afa (0x00b4df63)
core   0: 0x80002b18 (0x029d7763) bgeu    s10, s1, pc + 46
core   0: 3 0x80002b18 (0x029d7763)
core   0: 0x80002b46 (0x02591063) bne     s2, t0, pc + 32
core   0: 3 0x80002b46 (0x02591063)
core   0: 0x80002b66 (0x00008d0d) c.sub   a0, a1
core   0: 3 0x80002b66 (0x8d0d) x10 0x411cf000
core   0: 0x80002b68 (0x03e1c8b3) div     a7, gp, t5
core   0: 3 0x80002b68 (0x03e1c8b3) x17 0x00000000
core   0: 0x80002b6c (0x03dd20b3) mulhsu  ra, s10, t4
core   0: 3 0x80002b6c (0x03dd20b3) x1  0x00000000
core   0: 0x80002b70 (0x0000cf09) c.beqz  a4, pc + 26
core   0: 3 0x80002b70 (0xcf09)
core   0: 0x80002b72 (0x4131d3b3) sra     t2, gp, s3
core   0: 3 0x80002b72 (0x4131d3b3) x7  0x00004662
core   0: 0x80002b76 (0x00ff5633) srl     a2, t5, a5
core   0: 3 0x80002b76 (0x00ff5633) x12 0x80029d24
core   0: 0x80002b7a (0x02059d33) mulh    s10, a1, zero
core   0: 3 0x80002b7a (0x02059d33) x26 0x00000000
core   0: 0x80002b7e (0x01f75c33) srl     s8, a4, t6
core   0: 3 0x80002b7e (0x01f75c33) x24 0x0000ffff
core   0: 0x80002b82 (0x00000001) c.nop
core   0: 3 0x80002b82 (0x0001)
core   0: 0x80002b84 (0x000085dd) c.srai  a1, 23
core   0: 3 0x80002b84 (0x85dd) x11 0x00000000
core   0: 0x80002b86 (0x010fe633) or      a2, t6, a6
core   0: 3 0x80002b86 (0x010fe633) x12 0x7dfd7858
core   0: 0x80002b8a (0xeae2d1b7) lui     gp, 0xeae2d
core   0: 3 0x80002b8a (0xeae2d1b7) x3  0xeae2d000
core   0: 0x80002b8e (0xdd59c013) xori    zero, s3, -555
core   0: 3 0x80002b8e (0xdd59c013)
core   0: 0x80002b92 (0x00000001) c.nop
core   0: 3 0x80002b92 (0x0001)
core   0: 0x80002b94 (0x012f5693) srli    a3, t5, 18
core   0: 3 0x80002b94 (0x012f5693) x13 0x00002000
core   0: 0x80002b98 (0x00000ec2) c.slli  t4, 16
core   0: 3 0x80002b98 (0x0ec2) x29 0xf0000000
core   0: 0x80002b9a (0x34007df3) csrrci  s11, mscratch, 0
core   0: 3 0x80002b9a (0x34007df3) x27 0x0000001e
core   0: 0x80002b9e (0x0021f5b3) and     a1, gp, sp
core   0: 3 0x80002b9e (0x0021f5b3) x11 0x00000000
core   0: 0x80002ba2 (0x00005e7d) c.li    t3, -1
core   0: 3 0x80002ba2 (0x5e7d) x28 0xffffffff
core   0: 0x80002ba4 (0x03ac9cb3) mulh    s9, s9, s10
core   0: 3 0x80002ba4 (0x03ac9cb3) x25 0x00000000
core   0: 0x80002ba8 (0x340c1873) csrrw   a6, mscratch, s8
core   0: 3 0x80002ba8 (0x340c1873) x16 0x0000001e c832_mscratch 0x0000ffff
core   0: 0x80002bac (0x034d9263) bne     s11, s4, pc + 36
core   0: 3 0x80002bac (0x034d9263)
core   0: 0x80002bd0 (0xe6238b17) auipc   s6, 0xe6238
core   0: 3 0x80002bd0 (0xe6238b17) x22 0x6623abd0
core   0: 0x80002bd4 (0x340655f3) csrrwi  a1, mscratch, 12
core   0: 3 0x80002bd4 (0x340655f3) x11 0x0000ffff c832_mscratch 0x0000000c
core   0: 0x80002bd8 (0x000063d5) c.lui   t2, 0x15
core   0: 3 0x80002bd8 (0x63d5) x7  0x00015000
core   0: 0x80002bda (0x00e84263) blt     a6, a4, pc + 4
core   0: 3 0x80002bda (0x00e84263)
core   0: 0x80002bde (0x00c9bb33) sltu    s6, s3, a2
core   0: 3 0x80002bde (0x00c9bb33) x22 0x00000001
core   0: 0x80002be2 (0x033bf433) remu    s0, s7, s3
core   0: 3 0x80002be2 (0x033bf433) x8  0x0029b510
core   0: 0x80002be6 (0x02f5d133) divu    sp, a1, a5
core   0: 3 0x80002be6 (0x02f5d133) x2  0x00000001
core   0: 0x80002bea (0x01259413) slli    s0, a1, 18
core   0: 3 0x80002bea (0x01259413) x8  0xfffc0000
core   0: 0x80002bee (0x00423133) sltu    sp, tp, tp
core   0: 3 0x80002bee (0x00423133) x2  0x00000000
core   0: 0x80002bf2 (0x00f01363) bne     zero, a5, pc + 6
core   0: 3 0x80002bf2 (0x00f01363)
core   0: 0x80002bf8 (0x000057fd) c.li    a5, -1
core   0: 3 0x80002bf8 (0x57fd) x15 0xffffffff
core   0: 0x80002bfa (0x01847db3) and     s11, s0, s8
core   0: 3 0x80002bfa (0x01847db3) x27 0x00000000
core   0: 0x80002bfe (0x0000935a) c.add   t1, s6
core   0: 3 0x80002bfe (0x935a) x6  0x08cc7da4
core   0: 0x80002c00 (0x036c3d33) mulhu   s10, s8, s6
core   0: 3 0x80002c00 (0x036c3d33) x26 0x00000000
core   0: 0x80002c04 (0x0000ca11) c.beqz  a2, pc + 20
core   0: 3 0x80002c04 (0xca11)
core   0: 0x80002c06 (0x00008cc1) c.or    s1, s0
core   0: 3 0x80002c06 (0x8cc1) x9  0xfffc0000
core   0: 0x80002c08 (0x02a6a033) mulhsu  zero, a3, a0
core   0: 3 0x80002c08 (0x02a6a033)
core   0: 0x80002c0c (0x00495f63) bge     s2, tp, pc + 30
core   0: 3 0x80002c0c (0x00495f63)
core   0: 0x80002c2a (0x00008f71) c.and   a4, a2
core   0: 3 0x80002c2a (0x8f71) x14 0x7dfd7858
core   0: 0x80002c2c (0xf1286f97) auipc   t6, 0xf1286
core   0: 3 0x80002c2c (0xf1286f97) x31 0x71288c2c
core   0: 0x80002c30 (0x00000001) c.nop
core   0: 3 0x80002c30 (0x0001)
core   0: 0x80002c32 (0x00008715) c.srai  a4, 5
core   0: 3 0x80002c32 (0x8715) x14 0x03efebc2
core   0: 0x80002c34 (0x00303b33) snez    s6, gp
core   0: 3 0x80002c34 (0x00303b33) x22 0x00000001
core   0: 0x80002c38 (0x013b0e33) add     t3, s6, s3
core   0: 3 0x80002c38 (0x013b0e33) x28 0x0053eb6f
core   0: 0x80002c3c (0x033e8693) addi    a3, t4, 51
core   0: 3 0x80002c3c (0x033e8693) x13 0xf0000033
core   0: 0x80002c40 (0x00008e41) c.or    a2, s0
core   0: 3 0x80002c40 (0x8e41) x12 0xfffd7858
core   0: 0x80002c42 (0x000097ca) c.add   a5, s2
core   0: 3 0x80002c42 (0x97ca) x15 0xec48da4b
core   0: 0x80002c44 (0x21164837) lui     a6, 0x21164
core   0: 3 0x80002c44 (0x21164837) x16 0x21164000
core   0: 0x80002c48 (0x41425fb3) sra     t6, tp, s4
core   0: 3 0x80002c48 (0x41425fb3) x31 0xffc0012f
core   0: 0x80002c4c (0x00008fc5) c.or    a5, s1
core   0: 3 0x80002c4c (0x8fc5) x15 0xfffcda4b
core   0: 0x80002c4e (0xc7c80313) addi    t1, a6, -900
core   0: 3 0x80002c4e (0xc7c80313) x6  0x21163c7c
core   0: 0x80002c52 (0x0000100f) fence.i
core   0: 3 0x80002c52 (0x0000100f)
core   0: 0x80002c56 (0x00000001) c.nop
core   0: 3 0x80002c56 (0x0001)
core   0: 0x80002c58 (0x03a64463) blt     a2, s10, pc + 40
core   0: 3 0x80002c58 (0x03a64463)
core   0: 0x80002c80 (0x3403dcf3) csrrwi  s9, mscratch, 7
core   0: 3 0x80002c80 (0x3403dcf3) x25 0x0000000c c832_mscratch 0x00000007
core   0: 0x80002c84 (0x0000914e) c.add   sp, s3
core   0: 3 0x80002c84 (0x914e) x2  0x0053eb6e
core   0: 0x80002c86 (0x01371a93) slli    s5, a4, 19
core   0: 3 0x80002c86 (0x01371a93) x21 0x5e100000
core   0: 0x80002c8a (0x0ff0000f) fence   iorw,iorw
core   0: 3 0x80002c8a (0x0ff0000f)
core   0: 0x80002c8e (0x02f48eb3) mul     t4, s1, a5
core   0: 3 0x80002c8e (0x02f48eb3) x29 0x96d40000
core   0: 0x80002c92 (0xe775bf93) sltiu   t6, a1, -393
core   0: 3 0x80002c92 (0xe775bf93) x31 0x00000001
core   0: 0x80002c96 (0x340024f3) csrr    s1, mscratch
core   0: 3 0x80002c96 (0x340024f3) x9  0x00000007
core   0: 0x80002c9a (0x34007b73) csrrci  s6, mscratch, 0
core   0: 3 0x80002c9a (0x34007b73) x22 0x00000007
core   0: 0x80002c9e (0x01358263) beq     a1, s3, pc + 4
core   0: 3 0x80002c9e (0x01358263)
core   0: 0x80002ca2 (0x019756b3) srl     a3, a4, s9
core   0: 3 0x80002ca2 (0x019756b3) x13 0x00003efe
core   0: 0x80002ca6 (0x34075073) csrwi   mscratch, 14
core   0: 3 0x80002ca6 (0x34075073) c832_mscratch 0x0000000e
core   0: 0x80002caa (0x44857813) andi    a6, a0, 1096
core   0: 3 0x80002caa (0x44857813) x16 0x00000000
core   0: 0x80002cae (0x022b7eb3) remu    t4, s6, sp
core   0: 3 0x80002cae (0x022b7eb3) x29 0x00000007
core   0: 0x80002cb2 (0x00008c0d) c.sub   s0, a1
core   0: 3 0x80002cb2 (0x8c0d) x8  0xfffb0001
core   0: 0x80002cb4 (0x000084d5) c.srai  s1, 21
core   0: 3 0x80002cb4 (0x84d5) x9  0x00000000
core   0: 0x80002cb6 (0x00000001) c.nop
core   0: 3 0x80002cb6 (0x0001)
core   0: 0x80002cb8 (0x782e8a93) addi    s5, t4, 1922
core   0: 3 0x80002cb8 (0x782e8a93) x21 0x00000789
core   0: 0x80002cbc (0x00000001) c.nop
core   0: 3 0x80002cbc (0x0001)
core   0: 0x80002cbe (0x00008fc9) c.or    a5, a0
core   0: 3 0x80002cbe (0x8fc9) x15 0xfffcfa4b
core   0: 0x80002cc0 (0x0000e705) c.bnez  a4, pc + 40
core   0: 3 0x80002cc0 (0xe705)
core   0: 0x80002ce8 (0x00000001) c.nop
core   0: 3 0x80002ce8 (0x0001)
core   0: 0x80002cea (0x01257963) bgeu    a0, s2, pc + 18
core   0: 3 0x80002cea (0x01257963)
core   0: 0x80002cee (0xcffb3793) sltiu   a5, s6, -769
core   0: 3 0x80002cee (0xcffb3793) x15 0x00000001
core   0: 0x80002cf2 (0x00008fb9) c.xor   a5, a4
core   0: 3 0x80002cf2 (0x8fb9) x15 0x03efebc3
core   0: 0x80002cf4 (0x00000a9e) c.slli  s5, 7
core   0: 3 0x80002cf4 (0x0a9e) x21 0x0003c480
core   0: 0x80002cf6 (0xa8b40113) addi    sp, s0, -1397
core   0: 3 0x80002cf6 (0xa8b40113) x2  0xfffafa8c
core   0: 0x80002cfa (0x0000597d) c.li    s2, -1
core   0: 3 0x80002cfa (0x597d) x18 0xffffffff
core   0: 0x80002cfc (0x01ace533) or      a0, s9, s10
core   0: 3 0x80002cfc (0x01ace533) x10 0x0000000c
core   0: 0x80002d00 (0x0fdbcb13) xori    s6, s7, 253
core   0: 3 0x80002d00 (0x0fdbcb13) x22 0x80025e59
core   0: 0x80002d04 (0x019d1613) slli    a2, s10, 25
core   0: 3 0x80002d04 (0x019d1613) x12 0x00000000
core   0: 0x80002d08 (0x00006165) c.addi16sp sp, 112
core   0: 3 0x80002d08 (0x6165) x2  0xfffafafc
core   0: 0x80002d0a (0x03cd8663) beq     s11, t3, pc + 44
core   0: 3 0x80002d0a (0x03cd8663)
core   0: 0x80002d0e (0x40b68333) sub     t1, a3, a1
core   0: 3 0x80002d0e (0x40b68333) x6  0xffff3eff
core   0: 0x80002d12 (0x03fa0933) mul     s2, s4, t6
core   0: 3 0x80002d12 (0x03fa0933) x18 0x00000069
core   0: 0x80002d16 (0x00cd7a63) bgeu    s10, a2, pc + 20
core   0: 3 0x80002d16 (0x00cd7a63)
core   0: 0x80002d2a (0x00da7f63) bgeu    s4, a3, pc + 30
core   0: 3 0x80002d2a (0x00da7f63)
core   0: 0x80002d2e (0x036b8fb3) mul     t6, s7, s6
core   0: 3 0x80002d2e (0x036b8fb3) x31 0x1cdb1f04
core   0: 0x80002d32 (0x00fb9613) slli    a2, s7, 15
core   0: 3 0x80002d32 (0x00fb9613) x12 0x2f520000
core   0: 0x80002d36 (0x34075373) csrrwi  t1, mscratch, 14
core   0: 3 0x80002d36 (0x34075373) x6  0x0000000e c832_mscratch 0x0000000e
core   0: 0x80002d3a (0x01662ab3) slt     s5, a2, s6
core   0: 3 0x80002d3a (0x01662ab3) x21 0x00000000
core   0: 0x80002d3e (0x001649b3) xor     s3, a2, ra
core   0: 3 0x80002d3e (0x001649b3) x19 0x2f520000
core   0: 0x80002d42 (0x0000864e) c.mv    a2, s3
core   0: 3 0x80002d42 (0x864e) x12 0x2f520000
core   0: 0x80002d44 (0xd4973b13) sltiu   s6, a4, -695
core   0: 3 0x80002d44 (0xd4973b13) x22 0x00000001
core   0: 0x80002d48 (0x00008e79) c.and   a2, a4
core   0: 3 0x80002d48 (0x8e79) x12 0x03420000
core   0: 0x80002d4a (0x34001ff3) csrrw   t6, mscratch, zero
core   0: 3 0x80002d4a (0x34001ff3) x31 0x0000000e c832_mscratch 0x00000000
core   0: 0x80002d4e (0x00c40b63) beq     s0, a2, pc + 22
core   0: 3 0x80002d4e (0x00c40b63)
core   0: 0x80002d52 (0x40dd01b3) sub     gp, s10, a3
core   0: 3 0x80002d52 (0x40dd01b3) x3  0xffffc102
core   0: 0x80002d56 (0x00f95333) srl     t1, s2, a5
core   0: 3 0x80002d56 (0x00f95333) x6  0x0000000d
core   0: 0x80002d5a (0xbd812017) auipc   zero, 0xbd812
core   0: 3 0x80002d5a (0xbd812017)
core   0: 0x80002d5e (0x02d14b63) blt     sp, a3, pc + 54
core   0: 3 0x80002d5e (0x02d14b63)
core   0: 0x80002d94 (0x34003d73) csrrc   s10, mscratch, zero
core   0: 3 0x80002d94 (0x34003d73) x26 0x00000000
core   0: 0x80002d98 (0x00249c33) sll     s8, s1, sp
core   0: 3 0x80002d98 (0x00249c33) x24 0x00000000
core   0: 0x80002d9c (0x00006105) c.addi16sp sp, 32
core   0: 3 0x80002d9c (0x6105) x2  0xfffafb1c
core   0: 0x80002d9e (0x41075fb3) sra     t6, a4, a6
core   0: 3 0x80002d9e (0x41075fb3) x31 0x03efebc2
core   0: 0x80002da2 (0x4087da13) srai    s4, a5, 8
core   0: 3 0x80002da2 (0x4087da13) x20 0x0003efeb
core   0: 0x80002da6 (0x00000a4a) c.slli  s4, 18
core   0: 3 0x80002da6 (0x0a4a) x20 0xbfac0000
core   0: 0x80002da8 (0x0000e88d) c.bnez  s1, pc + 50
core   0: 3 0x80002da8 (0xe88d)
core   0: 0x80002daa (0x032306b3) mul     a3, t1, s2
core   0: 3 0x80002daa (0x032306b3) x13 0x00000555
core   0: 0x80002dae (0x00f66263) bltu    a2, a5, pc + 4
core   0: 3 0x80002dae (0x00f66263)
core   0: 0x80002db2 (0x00009372) c.add   t1, t3
core   0: 3 0x80002db2 (0x9372) x6  0x0053eb7c
core   0: 0x80002db4 (0x00008b31) c.andi  a4, 12
core   0: 3 0x80002db4 (0x8b31) x14 0x00000000
core   0: 0x80002db6 (0x000049e9) c.li    s3, 26
core   0: 3 0x80002db6 (0x49e9) x19 0x0000001a
core   0: 0x80002db8 (0x00b04633) xor     a2, zero, a1
core   0: 3 0x80002db8 (0x00b04633) x12 0x0000ffff
core   0: 0x80002dbc (0x40a80233) sub     tp, a6, a0
core   0: 3 0x80002dbc (0x40a80233) x4  0xfffffff4
core   0: 0x80002dc0 (0x00008226) c.mv    tp, s1
core   0: 3 0x80002dc0 (0x8226) x4  0x00000000
core   0: 0x80002dc2 (0xa1f17217) auipc   tp, 0xa1f17
core   0: 3 0x80002dc2 (0xa1f17217) x4  0x21f19dc2
core   0: 0x80002dc6 (0x409cde33) sra     t3, s9, s1
core   0: 3 0x80002dc6 (0x409cde33) x28 0x0000000c
core   0: 0x80002dca (0x408401b3) sub     gp, s0, s0
core   0: 3 0x80002dca (0x408401b3) x3  0x00000000
core   0: 0x80002dce (0x00008cc9) c.or    s1, a0
core   0: 3 0x80002dce (0x8cc9) x9  0x0000000c
core   0: 0x80002dd0 (0x00b73d33) sltu    s10, a4, a1
core   0: 3 0x80002dd0 (0x00b73d33) x26 0x00000001
core   0: 0x80002dd4 (0x0000ee11) c.bnez  a2, pc + 28
core   0: 3 0x80002dd4 (0xee11)
core   0: 0x80002df0 (0x03ce7cb3) remu    s9, t3, t3
core   0: 3 0x80002df0 (0x03ce7cb3) x25 0x00000000
core   0: 0x80002df4 (0x40f45833) sra     a6, s0, a5
core   0: 3 0x80002df4 (0x40f45833) x16 0xffff6000
core   0: 0x80002df8 (0x0266b7b3) mulhu   a5, a3, t1
core   0: 3 0x80002df8 (0x0266b7b3) x15 0x00000001
core   0: 0x80002dfc (0x668cd697) auipc   a3, 0x668cd
core   0: 3 0x80002dfc (0x668cd697) x13 0xe68cfdfc
core   0: 0x80002e00 (0x039c9ab3) mulh    s5, s9, s9
core   0: 3 0x80002e00 (0x039c9ab3) x21 0x00000000
core   0: 0x80002e04 (0x00008c8d) c.sub   s1, a1
core   0: 3 0x80002e04 (0x8c8d) x9  0xffff000d
core   0: 0x80002e06 (0x03801733) mulh    a4, zero, s8
core   0: 3 0x80002e06 (0x03801733) x14 0x00000000
core   0: 0x80002e0a (0x0087ec63) bltu    a5, s0, pc + 24
core   0: 3 0x80002e0a (0x0087ec63)
core   0: 0x80002e22 (0x34003573) csrrc   a0, mscratch, zero
core   0: 3 0x80002e22 (0x34003573) x10 0x00000000
core   0: 0x80002e26 (0x00ea5313) srli    t1, s4, 14
core   0: 3 0x80002e26 (0x00ea5313) x6  0x0002feb0
core   0: 0x80002e2a (0x41420e33) sub     t3, tp, s4
core   0: 3 0x80002e2a (0x41420e33) x28 0x62459dc2
core   0: 0x80002e2e (0x2312ce93) xori    t4, t0, 561
core   0: 3 0x80002e2e (0x2312ce93) x29 0xf57d883b
core   0: 0x80002e32 (0x1d508a93) addi    s5, ra, 469
core   0: 3 0x80002e32 (0x1d508a93) x21 0x000001d5
core   0: 0x80002e36 (0x000019fd) c.addi  s3, -1
core   0: 3 0x80002e36 (0x19fd) x19 0x00000019
core   0: 0x80002e38 (0x00b81e33) sll     t3, a6, a1
core   0: 3 0x80002e38 (0x00b81e33) x28 0x00000000
core   0: 0x80002e3c (0x0ff0000f) fence   iorw,iorw
core   0: 3 0x80002e3c (0x0ff0000f)
core   0: 0x80002e40 (0x00008e6d) c.and   a2, a1
core   0: 3 0x80002e40 (0x8e6d) x12 0x0000ffff
core   0: 0x80002e42 (0x94ce3a93) sltiu   s5, t3, -1716
core   0: 3 0x80002e42 (0x94ce3a93) x21 0x00000001
core   0: 0x80002e46 (0x0ea4f693) andi    a3, s1, 234
core   0: 3 0x80002e46 (0x0ea4f693) x13 0x00000008
core   0: 0x80002e4a (0x00008c09) c.sub   s0, a0
core   0: 3 0x80002e4a (0x8c09) x8  0xfffb0001
core   0: 0x80002e4c (0x404fdb33) sra     s6, t6, tp
core   0: 3 0x80002e4c (0x404fdb33) x22 0x00fbfaf0
core   0: 0x80002e50 (0x340e7af3) csrrci  s5, mscratch, 28
core   0: 3 0x80002e50 (0x340e7af3) x21 0x00000000 c832_mscratch 0x00000000
core   0: 0x80002e54 (0x00008f89) c.sub   a5, a0
core   0: 3 0x80002e54 (0x8f89) x15 0x00000001
core   0: 0x80002e56 (0x00008d01) c.sub   a0, s0
core   0: 3 0x80002e56 (0x8d01) x10 0x0004ffff
core   0: 0x80002e58 (0x034e9533) mulh    a0, t4, s4
core   0: 3 0x80002e58 (0x034e9533) x10 0x02a410c0
core   0: 0x80002e5c (0x402e5393) srai    t2, t3, 2
core   0: 3 0x80002e5c (0x402e5393) x7  0x00000000
core   0: 0x80002e60 (0x3402d373) csrrwi  t1, mscratch, 5
core   0: 3 0x80002e60 (0x3402d373) x6  0x00000000 c832_mscratch 0x00000005
core   0: 0x80002e64 (0x40045a93) srai    s5, s0, 0
core   0: 3 0x80002e64 (0x40045a93) x21 0xfffb0001
core   0: 0x80002e68 (0x0ff0000f) fence   iorw,iorw
core   0: 3 0x80002e68 (0x0ff0000f)
core   0: 0x80002e6c (0x00008699) c.srai  a3, 6
core   0: 3 0x80002e6c (0x8699) x13 0x00000000
core   0: 0x80002e6e (0x00d29763) bne     t0, a3, pc + 14
core   0: 3 0x80002e6e (0x00d29763)
core   0: 0x80002e7c (0x00899c33) sll     s8, s3, s0
core   0: 3 0x80002e7c (0x00899c33) x24 0x00000032
core   0: 0x80002e80 (0x6d300a93) li      s5, 1747
core   0: 3 0x80002e80 (0x6d300a93) x21 0x000006d3
core   0: 0x80002e84 (0x0000987d) c.andi  s0, -1
core   0: 3 0x80002e84 (0x987d) x8  0xfffb0001
core   0: 0x80002e86 (0xdd5c5e97) auipc   t4, 0xdd5c5
core   0: 3 0x80002e86 (0xdd5c5e97) x29 0x5d5c7e86
core   0: 0x80002e8a (0x0000717d) c.addi16sp sp, -16
core   0: 3 0x80002e8a (0x717d) x2  0xfffafb0c
core   0: 0x80002e8c (0x03042633) mulhsu  a2, s0, a6
core   0: 3 0x80002e8c (0x03042633) x12 0xfffb0004
core   0: 0x80002e90 (0x00004a5d) c.li    s4, 23
core   0: 3 0x80002e90 (0x4a5d) x20 0x00000017
core   0: 0x80002e92 (0x51fca393) slti    t2, s9, 1311
core   0: 3 0x80002e92 (0x51fca393) x7  0x00000001
core   0: 0x80002e96 (0x031cf1b3) remu    gp, s9, a7
core   0: 3 0x80002e96 (0x031cf1b3) x3  0x00000000
core   0: 0x80002e9a (0x036989b3) mul     s3, s3, s6
core   0: 3 0x80002e9a (0x036989b3) x19 0x189b8170
core   0: 0x80002e9e (0x0082bdb3) sltu    s11, t0, s0
core   0: 3 0x80002e9e (0x0082bdb3) x27 0x00000001
core   0: 0x80002ea2 (0x340f3af3) csrrc   s5, mscratch, t5
core   0: 3 0x80002ea2 (0x340f3af3) x21 0x00000005 c832_mscratch 0x00000001
core   0: 0x80002ea6 (0x00ce1093) slli    ra, t3, 12
core   0: 3 0x80002ea6 (0x00ce1093) x1  0x00000000
core   0: 0x80002eaa (0x5c7f7d13) andi    s10, t5, 1479
core   0: 3 0x80002eaa (0x5c7f7d13) x26 0x00000504
core   0: 0x80002eae (0x00008745) c.srai  a4, 17
core   0: 3 0x80002eae (0x8745) x14 0x00000000
core   0: 0x80002eb0 (0x00001e7d) c.addi  t3, -1
core   0: 3 0x80002eb0 (0x1e7d) x28 0xffffffff
core   0: 0x80002eb2 (0xe64f2613) slti    a2, t5, -412
core   0: 3 0x80002eb2 (0xe64f2613) x12 0x00000001
core   0: 0x80002eb6 (0x4083dc93) srai    s9, t2, 8
core   0: 3 0x80002eb6 (0x4083dc93) x25 0x00000000
core   0: 0x80002eba (0x02c71e63) bne     a4, a2, pc + 60
core   0: 3 0x80002eba (0x02c71e63)
core   0: 0x80002ef6 (0x00001094) c.addi4spn a3, sp, 96
core   0: 3 0x80002ef6 (0x1094) x13 0xfffafb6c
core   0: 0x80002ef8 (0x00004b19) c.li    s6, 6
core   0: 3 0x80002ef8 (0x4b19) x22 0x00000006
core   0: 0x80002efa (0x017320b3) slt     ra, t1, s7
core   0: 3 0x80002efa (0x017320b3) x1  0x00000000
core   0: 0x80002efe (0x01221463) bne     tp, s2, pc + 8
core   0: 3 0x80002efe (0x01221463)
core   0: 0x80002f06 (0xc1f36213) ori     tp, t1, -993
core   0: 3 0x80002f06 (0xc1f36213) x4  0xfffffc1f
core   0: 0x80002f0a (0x0000e705) c.bnez  a4, pc + 40
core   0: 3 0x80002f0a (0xe705)
core   0: 0x80002f0c (0x0000100f) fence.i
core   0: 3 0x80002f0c (0x0000100f)
core   0: 0x80002f10 (0x0130da93) srli    s5, ra, 19
core   0: 3 0x80002f10 (0x0130da93) x21 0x00000000
core   0: 0x80002f14 (0x0000717d) c.addi16sp sp, -16
core   0: 3 0x80002f14 (0x717d) x2  0xfffafafc
core   0: 0x80002f16 (0xb99ba613) slti    a2, s7, -1127
core   0: 3 0x80002f16 (0xb99ba613) x12 0x00000001
core   0: 0x80002f1a (0x00000001) c.nop
core   0: 3 0x80002f1a (0x0001)
core   0: 0x80002f1c (0x02987f63) bgeu    a6, s1, pc + 62
core   0: 3 0x80002f1c (0x02987f63)
core   0: 0x80002f5a (0x01cb65b3) or      a1, s6, t3
core   0: 3 0x80002f5a (0x01cb65b3) x11 0xffffffff
core   0: 0x80002f5e (0x41b45093) srai    ra, s0, 27
core   0: 3 0x80002f5e (0x41b45093) x1  0xffffffff
core   0: 0x80002f62 (0x00b8e733) or      a4, a7, a1
core   0: 3 0x80002f62 (0x00b8e733) x14 0xffffffff
core   0: 0x80002f66 (0x41de8fb3) sub     t6, t4, t4
core   0: 3 0x80002f66 (0x41de8fb3) x31 0x00000000
core   0: 0x80002f6a (0x387b3d93) sltiu   s11, s6, 903
core   0: 3 0x80002f6a (0x387b3d93) x27 0x00000001
core   0: 0x80002f6e (0x4057d1b3) sra     gp, a5, t0
core   0: 3 0x80002f6e (0x4057d1b3) x3  0x00000000
core   0: 0x80002f72 (0x01759263) bne     a1, s7, pc + 4
core   0: 3 0x80002f72 (0x01759263)
core   0: 0x80002f76 (0x2413e993) ori     s3, t2, 577
core   0: 3 0x80002f76 (0x2413e993) x19 0x00000241
core   0: 0x80002f7a (0x01ff4633) xor     a2, t5, t6
core   0: 3 0x80002f7a (0x01ff4633) x12 0x80029d24
core   0: 0x80002f7e (0x02d169b3) rem     s3, sp, a3
core   0: 3 0x80002f7e (0x02d169b3) x19 0xffffff90
core   0: 0x80002f82 (0x01fac9b3) xor     s3, s5, t6
core   0: 3 0x80002f82 (0x01fac9b3) x19 0x00000000
core   0: 0x80002f86 (0x00001598) c.addi4spn a4, sp, 736
core   0: 3 0x80002f86 (0x1598) x14 0xfffafddc
core   0: 0x80002f88 (0x0381b433) mulhu   s0, gp, s8
core   0: 3 0x80002f88 (0x0381b433) x8  0x00000000
core   0: 0x80002f8c (0x00000b7d) c.addi  s6, 31
core   0: 3 0x80002f8c (0x0b7d) x22 0x00000025
core   0: 0x80002f8e (0x00008b91) c.andi  a5, 4
core   0: 3 0x80002f8e (0x8b91) x15 0x00000000
core   0: 0x80002f90 (0x00000f90) c.addi4spn a2, sp, 976
core   0: 3 0x80002f90 (0x0f90) x12 0xfffafecc
core   0: 0x80002f92 (0x00ac64b3) or      s1, s8, a0
core   0: 3 0x80002f92 (0x00ac64b3) x9  0x02a410f2
core   0: 0x80002f96 (0x00000001) c.nop
core   0: 3 0x80002f96 (0x0001)
core   0: 0x80002f98 (0x40315fb3) sra     t6, sp, gp
core   0: 3 0x80002f98 (0x40315fb3) x31 0xfffafafc
core   0: 0x80002f9c (0x4732ed97) auipc   s11, 0x4732e
core   0: 3 0x80002f9c (0x4732ed97) x27 0xc7330f9c
core   0: 0x80002fa0 (0x00008231) c.srli  a2, 12
core   0: 3 0x80002fa0 (0x8231) x12 0x000fffaf
core   0: 0x80002fa2 (0x2bafbe97) auipc   t4, 0x2bafb
core   0: 3 0x80002fa2 (0x2bafbe97) x29 0xabafdfa2
core   0: 0x80002fa6 (0x00006139) c.addi16sp sp, 448
core   0: 3 0x80002fa6 (0x6139) x2  0xfffafcbc
core   0: 0x80002fa8 (0x009a5c33) srl     s8, s4, s1
core   0: 3 0x80002fa8 (0x009a5c33) x24 0x00000000
core   0: 0x80002fac (0x02e69463) bne     a3, a4, pc + 40
core   0: 3 0x80002fac (0x02e69463)
core   0: 0x80002fd4 (0x0000100f) fence.i
core   0: 3 0x80002fd4 (0x0000100f)
core   0: 0x80002fd8 (0x0000567d) c.li    a2, -1
core   0: 3 0x80002fd8 (0x567d) x12 0xffffffff
core   0: 0x80002fda (0x616ea113) slti    sp, t4, 1558
core   0: 3 0x80002fda (0x616ea113) x2  0x00000001
core   0: 0x80002fde (0x0024ca63) blt     s1, sp, pc + 20
core   0: 3 0x80002fde (0x0024ca63)
core   0: 0x80002fe2 (0x00008211) c.srli  a2, 4
core   0: 3 0x80002fe2 (0x8211) x12 0x0fffffff
core   0: 0x80002fe4 (0x25141597) auipc   a1, 0x25141
core   0: 3 0x80002fe4 (0x25141597) x11 0xa5143fe4
core   0: 0x80002fe8 (0x00000001) c.nop
core   0: 3 0x80002fe8 (0x0001)
core   0: 0x80002fea (0x021e91b3) mulh    gp, t4, ra
core   0: 3 0x80002fea (0x021e91b3) x3  0x00000000
core   0: 0x80002fee (0x15ee4fb7) lui     t6, 0x15ee4
core   0: 3 0x80002fee (0x15ee4fb7) x31 0x15ee4000
core   0: 0x80002ff2 (0x000003e9) c.addi  t2, 26
core   0: 3 0x80002ff2 (0x03e9) x7  0x0000001b
core   0: 0x80002ff4 (0x02db87b3) mul     a5, s7, a3
core   0: 3 0x80002ff4 (0x02db87b3) x15 0x1bf2b930
core   0: 0x80002ff8 (0x03289663) bne     a7, s2, pc + 44
core   0: 3 0x80002ff8 (0x03289663)
core   0: 0x80003024 (0x00178d33) add     s10, a5, ra
core   0: 3 0x80003024 (0x00178d33) x26 0x1bf2b92f
core   0: 0x80003028 (0x000060f1) c.lui   ra, 0x1c
core   0: 3 0x80003028 (0x60f1) x1  0x0001c000
core   0: 0x8000302a (0x03030763) beq     t1, a6, pc + 46
core   0: 3 0x8000302a (0x03030763)
core   0: 0x8000302e (0x026b4e33) div     t3, s6, t1
core   0: 3 0x8000302e (0x026b4e33) x28 0xffffffff
core   0: 0x80003032 (0x00008f71) c.and   a4, a2
core   0: 3 0x80003032 (0x8f71) x14 0x0ffafddc
core   0: 0x80003034 (0x000083f6) c.mv    t2, t4
core   0: 3 0x80003034 (0x83f6) x7  0xabafdfa2
core   0: 0x80003036 (0x340060f3) csrrsi  ra, mscratch, 0
core   0: 3 0x80003036 (0x340060f3) x1  0x00000001
core   0: 0x8000303a (0x34087173) csrrci  sp, mscratch, 16
core   0: 3 0x8000303a (0x34087173) x2  0x00000001 c832_mscratch 0x00000001
core   0: 0x8000303e (0xf9ad3593) sltiu   a1, s10, -102
core   0: 3 0x8000303e (0xf9ad3593) x11 0x00000001
core   0: 0x80003042 (0x00008e11) c.sub   a2, a2
core   0: 3 0x80003042 (0x8e11) x12 0x00000000
core   0: 0x80003044 (0x00001ffd) c.addi  t6, -1
core   0: 3 0x80003044 (0x1ffd) x31 0x15ee3fff
core   0: 0x80003046 (0x340078f3) csrrci  a7, mscratch, 0
core   0: 3 0x80003046 (0x340078f3) x17 0x00000001
core   0: 0x8000304a (0x016c93b3) sll     t2, s9, s6
core   0: 3 0x8000304a (0x016c93b3) x7  0x00000000
core   0: 0x8000304e (0x01715a93) srli    s5, sp, 23
core   0: 3 0x8000304e (0x01715a93) x21 0x00000000
core   0: 0x80003052 (0x0000e885) c.bnez  s1, pc + 48
core   0: 3 0x80003052 (0xe885)
core   0: 0x80003082 (0x00008e25) c.xor   a2, s1
core   0: 3 0x80003082 (0x8e25) x12 0x02a410f2
core   0: 0x80003084 (0x34003273) csrrc   tp, mscratch, zero
core   0: 3 0x80003084 (0x34003273) x4  0x00000001
core   0: 0x80003088 (0x01585a33) srl     s4, a6, s5
core   0: 3 0x80003088 (0x01585a33) x20 0xffff6000
core   0: 0x8000308c (0x0000100f) fence.i
core   0: 3 0x8000308c (0x0000100f)
core   0: 0x80003090 (0x02a68b33) mul     s6, a3, a0
core   0: 3 0x80003090 (0x02a68b33) x22 0x95235100
core   0: 0x80003094 (0x340e5673) csrrwi  a2, mscratch, 28
core   0: 3 0x80003094 (0x340e5673) x12 0x00000001 c832_mscratch 0x0000001c
core   0: 0x80003098 (0x0000100f) fence.i
core   0: 3 0x80003098 (0x0000100f)
core   0: 0x8000309c (0x0127d313) srli    t1, a5, 18
core   0: 3 0x8000309c (0x0127d313) x6  0x000006fc
core   0: 0x800030a0 (0x00008d51) c.or    a0, a2
core   0: 3 0x800030a0 (0x8d51) x10 0x02a410c1
core   0: 0x800030a2 (0x00ff7c33) and     s8, t5, a5
core   0: 3 0x800030a2 (0x00ff7c33) x24 0x00029920
core   0: 0x800030a6 (0x34013ef3) csrrc   t4, mscratch, sp
core   0: 3 0x800030a6 (0x34013ef3) x29 0x0000001c c832_mscratch 0x0000001c
core   0: 0x800030aa (0x0179eb63) bltu    s3, s7, pc + 22
core   0: 3 0x800030aa (0x0179eb63)
core   0: 0x800030c0 (0x00773a33) sltu    s4, a4, t2
core   0: 3 0x800030c0 (0x00773a33) x20 0x00000000
core   0: 0x800030c4 (0x02f2c363) blt     t0, a5, pc + 38
core   0: 3 0x800030c4 (0x02f2c363)
core   0: 0x800030ea (0xc5ab0017) auipc   zero, 0xc5ab0
core   0: 3 0x800030ea (0xc5ab0017)
core   0: 0x800030ee (0x01b81a13) slli    s4, a6, 27
core   0: 3 0x800030ee (0x01b81a13) x20 0x00000000
core   0: 0x800030f2 (0x34086c73) csrrsi  s8, mscratch, 16
core   0: 3 0x800030f2 (0x34086c73) x24 0x0000001c c832_mscratch 0x0000001c
core   0: 0x800030f6 (0xafc9bb13) sltiu   s6, s3, -1284
core   0: 3 0x800030f6 (0xafc9bb13) x22 0x00000001
core   0: 0x800030fa (0x00000001) c.nop
core   0: 3 0x800030fa (0x0001)
core   0: 0x800030fc (0x026ecf63) blt     t4, t1, pc + 62
core   0: 3 0x800030fc (0x026ecf63)
core   0: 0x8000313a (0x01f21813) slli    a6, tp, 31
core   0: 3 0x8000313a (0x01f21813) x16 0x80000000
core   0: 0x8000313e (0x032f7033) remu    zero, t5, s2
core   0: 3 0x8000313e (0x032f7033)
core   0: 0x80003142 (0x00f7d813) srli    a6, a5, 15
core   0: 3 0x80003142 (0x00f7d813) x16 0x000037e5
core   0: 0x80003146 (0x00468033) add     zero, a3, tp
core   0: 3 0x80003146 (0x00468033)
core   0: 0x8000314a (0x03798263) beq     s3, s7, pc + 36
core   0: 3 0x8000314a (0x03798263)
core   0: 0x8000314e (0x02ecc633) div     a2, s9, a4
core   0: 3 0x8000314e (0x02ecc633) x12 0x00000000
core   0: 0x80003152 (0x01be59b3) srl     s3, t3, s11
core   0: 3 0x80003152 (0x01be59b3) x19 0x0000000f
core   0: 0x80003156 (0x0139f463) bgeu    s3, s3, pc + 8
core   0: 3 0x80003156 (0x0139f463)
core   0: 0x8000315e (0x5cbb0a13) addi    s4, s6, 1483
core   0: 3 0x8000315e (0x5cbb0a13) x20 0x000005cc
core   0: 0x80003162 (0x40280433) sub     s0, a6, sp
core   0: 3 0x80003162 (0x40280433) x8  0x000037e4
core   0: 0x80003166 (0x03f697b3) mulh    a5, a3, t6
core   0: 3 0x80003166 (0x03f697b3) x15 0xffff91f4
core   0: 0x8000316a (0x0191d763) bge     gp, s9, pc + 14
core   0: 3 0x8000316a (0x0191d763)
core   0: 0x80003178 (0x00008c59) c.or    s0, a4
core   0: 3 0x80003178 (0x8c59) x8  0x0ffafffc
core   0: 0x8000317a (0x34001d73) csrrw   s10, mscratch, zero
core   0: 3 0x8000317a (0x34001d73) x26 0x0000001c c832_mscratch 0x00000000
core   0: 0x8000317e (0x00008fe9) c.and   a5, a0
core   0: 3 0x8000317e (0x8fe9) x15 0x02a410c0
core   0: 0x80003180 (0x0001e1b3) or      gp, gp, zero
core   0: 3 0x80003180 (0x0001e1b3) x3  0x00000000
core   0: 0x80003184 (0x00c99e63) bne     s3, a2, pc + 28
core   0: 3 0x80003184 (0x00c99e63)
core   0: 0x800031a0 (0x0389e333) rem     t1, s3, s8
core   0: 3 0x800031a0 (0x0389e333) x6  0x0000000f
core   0: 0x800031a4 (0x00000001) c.nop
core   0: 3 0x800031a4 (0x0001)
core   0: 0x800031a6 (0x0188a233) slt     tp, a7, s8
core   0: 3 0x800031a6 (0x0188a233) x4  0x00000001
core   0: 0x800031aa (0x00000001) c.nop
core   0: 3 0x800031aa (0x0001)
core   0: 0x800031ac (0xd3fa9517) auipc   a0, 0xd3fa9
core   0: 3 0x800031ac (0xd3fa9517) x10 0x53fac1ac
core   0: 0x800031b0 (0x0121fdb3) and     s11, gp, s2
core   0: 3 0x800031b0 (0x0121fdb3) x27 0x00000000
core   0: 0x800031b4 (0x01148863) beq     s1, a7, pc + 16
core   0: 3 0x800031b4 (0x01148863)
core   0: 0x800031b8 (0x0184cb33) xor     s6, s1, s8
core   0: 3 0x800031b8 (0x0184cb33) x22 0x02a410ee
core   0: 0x800031bc (0x02aef563) bgeu    t4, a0, pc + 42
core   0: 3 0x800031bc (0x02aef563)
core   0: 0x800031c0 (0x340519f3) csrrw   s3, mscratch, a0
core   0: 3 0x800031c0 (0x340519f3) x19 0x00000000 c832_mscratch 0x53fac1ac
core   0: 0x800031c4 (0x00006159) c.addi16sp sp, 400
core   0: 3 0x800031c4 (0x6159) x2  0x00000191
core   0: 0x800031c6 (0x91600793) li      a5, -1770
core   0: 3 0x800031c6 (0x91600793) x15 0xfffff916
core   0: 0x800031ca (0x02ad8533) mul     a0, s11, a0
core   0: 3 0x800031ca (0x02ad8533) x10 0x00000000
core   0: 0x800031ce (0x00008d8e) c.mv    s11, gp
core   0: 3 0x800031ce (0x8d8e) x27 0x00000000
core   0: 0x800031d0 (0x05f20263) beq     tp, t6, pc + 68
core   0: 3 0x800031d0 (0x05f20263)
core   0: 0x800031d4 (0x00006979) c.lui   s2, 0x1e
core   0: 3 0x800031d4 (0x6979) x18 0x0001e000
core   0: 0x800031d6 (0x02f48db3) mul     s11, s1, a5
core   0: 3 0x800031d6 (0x02f48db3) x27 0xbda2d6cc
core   0: 0x800031da (0xfaf14d93) xori    s11, sp, -81
core   0: 3 0x800031da (0xfaf14d93) x27 0xfffffe3e
core   0: 0x800031de (0x029bc1b3) div     gp, s7, s1
core   0: 3 0x800031de (0x029bc1b3) x3  0xffffffd0
core   0: 0x800031e2 (0x34002ff3) csrr    t6, mscratch
core   0: 3 0x800031e2 (0x34002ff3) x31 0x53fac1ac
core   0: 0x800031e6 (0x036dddb3) divu    s11, s11, s6
core   0: 3 0x800031e6 (0x036dddb3) x27 0x00000060
core   0: 0x800031ea (0x01f0c663) blt     ra, t6, pc + 12
core   0: 3 0x800031ea (0x01f0c663)
core   0: 0x800031f6 (0x012f5e63) bge     t5, s2, pc + 28
core   0: 3 0x800031f6 (0x012f5e63)
core   0: 0x800031fa (0x4097dfb3) sra     t6, a5, s1
core   0: 3 0x800031fa (0x4097dfb3) x31 0xffffffff
core   0: 0x800031fe (0x03771363) bne     a4, s7, pc + 38
core   0: 3 0x800031fe (0x03771363)
core   0: 0x80003224 (0x00ff0933) add     s2, t5, a5
core   0: 3 0x80003224 (0x00ff0933) x18 0x8002963a
core   0: 0x80003228 (0x00008ff5) c.and   a5, a3
core   0: 3 0x80003228 (0x8ff5) x15 0xfffaf904
core   0: 0x8000322a (0x340078f3) csrrci  a7, mscratch, 0
core   0: 3 0x8000322a (0x340078f3) x17 0x53fac1ac
core   0: 0x8000322e (0x018c73b3) and     t2, s8, s8
core   0: 3 0x8000322e (0x018c73b3) x7  0x0000001c
core   0: 0x80003232 (0x4e4a8213) addi    tp, s5, 1252
core   0: 3 0x80003232 (0x4e4a8213) x4  0x000004e4
core   0: 0x80003236 (0x00000184) c.addi4spn s1, sp, 192
core   0: 3 0x80003236 (0x0184) x9  0x00000251
core   0: 0x80003238 (0xf1c13d13) sltiu   s10, sp, -228
core   0: 3 0x80003238 (0xf1c13d13) x26 0x00000001
core   0: 0x8000323c (0x00008a41) c.andi  a2, 16
core   0: 3 0x8000323c (0x8a41) x12 0x00000000
core   0: 0x8000323e (0x0ff0000f) fence   iorw,iorw
core   0: 3 0x8000323e (0x0ff0000f)
core   0: 0x80003242 (0x037b8563) beq     s7, s7, pc + 42
core   0: 3 0x80003242 (0x037b8563)
core   0: 0x8000326c (0x01330133) add     sp, t1, s3
core   0: 3 0x8000326c (0x01330133) x2  0x0000000f
core   0: 0x80003270 (0x000082bd) c.srli  a3, 15
core   0: 3 0x80003270 (0x82bd) x13 0x0001fff5
core   0: 0x80003272 (0x026fc3b3) div     t2, t6, t1
core   0: 3 0x80003272 (0x026fc3b3) x7  0x00000000
core   0: 0x80003276 (0x0000883a) c.mv    a6, a4
core   0: 3 0x80003276 (0x883a) x16 0x0ffafddc
core   0: 0x80003278 (0x036036b3) mulhu   a3, zero, s6
core   0: 3 0x80003278 (0x036036b3) x13 0x00000000
core   0: 0x8000327c (0x02de67b3) rem     a5, t3, a3
core   0: 3 0x8000327c (0x02de67b3) x15 0xffffffff
core   0: 0x80003280 (0x017cfcb3) and     s9, s9, s7
core   0: 3 0x80003280 (0x017cfcb3) x25 0x00000000
core   0: 0x80003284 (0x340a9df3) csrrw   s11, mscratch, s5
core   0: 3 0x80003284 (0x340a9df3) x27 0x53fac1ac c832_mscratch 0x00000000
core   0: 0x80003288 (0x014a9d13) slli    s10, s5, 20
core   0: 3 0x80003288 (0x014a9d13) x26 0x00000000
core   0: 0x8000328c (0x0000100f) fence.i
core   0: 3 0x8000328c (0x0000100f)
core   0: 0x80003290 (0xe1bc4093) xori    ra, s8, -485
core   0: 3 0x80003290 (0xe1bc4093) x1  0xfffffe07
core   0: 0x80003294 (0x34079773) csrrw   a4, mscratch, a5
core   0: 3 0x80003294 (0x34079773) x14 0x00000000 c832_mscratch 0xffffffff
core   0: 0x80003298 (0x023533b3) mulhu   t2, a0, gp
core   0: 3 0x80003298 (0x023533b3) x7  0x00000000
core   0: 0x8000329c (0x00008831) c.andi  s0, 12
core   0: 3 0x8000329c (0x8831) x8  0x0000000c
core   0: 0x8000329e (0x502da993) slti    s3, s11, 1282
core   0: 3 0x8000329e (0x502da993) x19 0x00000000
core   0: 0x800032a2 (0x34039473) csrrw   s0, mscratch, t2
core   0: 3 0x800032a2 (0x34039473) x8  0xffffffff c832_mscratch 0x00000000
core   0: 0x800032a6 (0x000088ea) c.mv    a7, s10
core   0: 3 0x800032a6 (0x88ea) x17 0x00000000
core   0: 0x800032a8 (0x00f4f6b3) and     a3, s1, a5
core   0: 3 0x800032a8 (0x00f4f6b3) x13 0x00000251
core   0: 0x800032ac (0x00482133) slt     sp, a6, tp
core   0: 3 0x800032ac (0x00482133) x2  0x00000000
core   0: 0x800032b0 (0x02df1133) mulh    sp, t5, a3
core   0: 3 0x800032b0 (0x02df1133) x2  0xfffffed7
core   0: 0x800032b4 (0x0ff0000f) fence   iorw,iorw
core   0: 3 0x800032b4 (0x0ff0000f)
core   0: 0x800032b8 (0x00008c49) c.or    s0, a0
core   0: 3 0x800032b8 (0x8c49) x8  0xffffffff
core   0: 0x800032ba (0x0ff0000f) fence   iorw,iorw
core   0: 3 0x800032ba (0x0ff0000f)
core   0: 0x800032be (0x00000314) c.addi4spn a3, sp, 384
core   0: 3 0x800032be (0x0314) x13 0x00000057
core   0: 0x800032c0 (0x00008f79) c.and   a4, a4
core   0: 3 0x800032c0 (0x8f79) x14 0x00000000
core   0: 0x800032c2 (0x215fa993) slti    s3, t6, 533
core   0: 3 0x800032c2 (0x215fa993) x19 0x00000001
core   0: 0x800032c6 (0x000085d1) c.srai  a1, 20
core   0: 3 0x800032c6 (0x85d1) x11 0x00000000
core   0: 0x800032c8 (0x00000001) c.nop
core   0: 3 0x800032c8 (0x0001)
core   0: 0x800032ca (0x006c3833) sltu    a6, s8, t1
core   0: 3 0x800032ca (0x006c3833) x16 0x00000000
core   0: 0x800032ce (0x4e350317) auipc   t1, 0x4e350
core   0: 3 0x800032ce (0x4e350317) x6  0xce3532ce
core   0: 0x800032d2 (0x0159dc13) srli    s8, s3, 21
core   0: 3 0x800032d2 (0x0159dc13) x24 0x00000000
core   0: 0x800032d6 (0x00000b80) c.addi4spn s0, sp, 464
core   0: 3 0x800032d6 (0x0b80) x8  0x000000a7
core   0: 0x800032d8 (0x01075233) srl     tp, a4, a6
core   0: 3 0x800032d8 (0x01075233) x4  0x00000000
core   0: 0x800032dc (0x34003e73) csrrc   t3, mscratch, zero
core   0: 3 0x800032dc (0x34003e73) x28 0x00000000
core   0: 0x800032e0 (0x02038633) mul     a2, t2, zero
core   0: 3 0x800032e0 (0x02038633) x12 0x00000000
core   0: 0x800032e4 (0x00009b7a) c.add   s6, t5
core   0: 3 0x800032e4 (0x9b7a) x22 0x82a6ae12
core   0: 0x800032e6 (0x02dd0163) beq     s10, a3, pc + 34
core   0: 3 0x800032e6 (0x02dd0163)
core   0: 0x800032ea (0x00069713) slli    a4, a3, 0
core   0: 3 0x800032ea (0x00069713) x14 0x00000057
core   0: 0x800032ee (0x000056fd) c.li    a3, -1
core   0: 3 0x800032ee (0x56fd) x13 0xffffffff
core   0: 0x800032f0 (0x02f85533) divu    a0, a6, a5
core   0: 3 0x800032f0 (0x02f85533) x10 0x00000000
core   0: 0x800032f4 (0x00fb5493) srli    s1, s6, 15
core   0: 3 0x800032f4 (0x00fb5493) x9  0x0001054d
core   0: 0x800032f8 (0x01a9e233) or      tp, s3, s10
core   0: 3 0x800032f8 (0x01a9e233) x4  0x00000001
core   0: 0x800032fc (0x014a5413) srli    s0, s4, 20
core   0: 3 0x800032fc (0x014a5413) x8  0x00000000
core   0: 0x80003300 (0x006e5f97) auipc   t6, 0x6e5
core   0: 3 0x80003300 (0x006e5f97) x31 0x806e8300
core   0: 0x80003304 (0x01980b33) add     s6, a6, s9
core   0: 3 0x80003304 (0x01980b33) x22 0x00000000
core   0: 0x80003308 (0x0000047e) c.slli  s0, 31
core   0: 3 0x80003308 (0x047e) x8  0x00000000
core   0: 0x8000330a (0x983ac793) xori    a5, s5, -1661
core   0: 3 0x8000330a (0x983ac793) x15 0xfffff983
core   0: 0x8000330e (0x00008349) c.srli  a4, 18
core   0: 3 0x8000330e (0x8349) x14 0x00000000
core   0: 0x80003310 (0x0236c7b3) div     a5, a3, gp
core   0: 3 0x80003310 (0x0236c7b3) x15 0x00000000
core   0: 0x80003314 (0x3406fd73) csrrci  s10, mscratch, 13
core   0: 3 0x80003314 (0x3406fd73) x26 0x00000000 c832_mscratch 0x00000000
core   0: 0x80003318 (0x01285093) srli    ra, a6, 18
core   0: 3 0x80003318 (0x01285093) x1  0x00000000
core   0: 0x8000331c (0x00008915) c.andi  a0, 5
core   0: 3 0x8000331c (0x8915) x10 0x00000000
core   0: 0x8000331e (0x9eb889b7) lui     s3, 0x9eb88
core   0: 3 0x8000331e (0x9eb889b7) x19 0x9eb88000
core   0: 0x80003322 (0x34006b73) csrrsi  s6, mscratch, 0
core   0: 3 0x80003322 (0x34006b73) x22 0x00000000
core   0: 0x80003326 (0x00008886) c.mv    a7, ra
core   0: 3 0x80003326 (0x8886) x17 0x00000000
core   0: 0x80003328 (0x200b3ab7) lui     s5, 0x200b3
core   0: 3 0x80003328 (0x200b3ab7) x21 0x200b3000
core   0: 0x8000332c (0x00000398) c.addi4spn a4, sp, 448
core   0: 3 0x8000332c (0x0398) x14 0x00000097
core   0: 0x8000332e (0x36182917) auipc   s2, 0x36182
core   0: 3 0x8000332e (0x36182917) x18 0xb618532e
core   0: 0x80003332 (0x000063f1) c.lui   t2, 0x1c
core   0: 3 0x80003332 (0x63f1) x7  0x0001c000
core   0: 0x80003334 (0x02eeec63) bltu    t4, a4, pc + 56
core   0: 3 0x80003334 (0x02eeec63)
core   0: 0x8000336c (0x344d4893) xori    a7, s10, 836
core   0: 3 0x8000336c (0x344d4893) x17 0x00000344
core   0: 0x80003370 (0x000084c5) c.srai  s1, 17
core   0: 3 0x80003370 (0x84c5) x9  0x00000000
core   0: 0x80003372 (0x022135b3) mulhu   a1, sp, sp
core   0: 3 0x80003372 (0x022135b3) x11 0xfffffdae
core   0: 0x80003376 (0x01562e33) slt     t3, a2, s5
core   0: 3 0x80003376 (0x01562e33) x28 0x00000001
core   0: 0x8000337a (0x00008b76) c.mv    s6, t4
core   0: 3 0x8000337a (0x8b76) x22 0x0000001c
core   0: 0x8000337c (0x000007ee) c.slli  a5, 27
core   0: 3 0x8000337c (0x07ee) x15 0x00000000
core   0: 0x8000337e (0xf0e6ab17) auipc   s6, 0xf0e6a
core   0: 3 0x8000337e (0xf0e6ab17) x22 0x70e6d37e
core   0: 0x80003382 (0x00008f39) c.xor   a4, a4
core   0: 3 0x80003382 (0x8f39) x14 0x00000000
core   0: 0x80003384 (0x01965993) srli    s3, a2, 25
core   0: 3 0x80003384 (0x01965993) x19 0x00000000
core   0: 0x80003388 (0x03a4b3b3) mulhu   t2, s1, s10
core   0: 3 0x80003388 (0x03a4b3b3) x7  0x00000000
core   0: 0x8000338c (0x029b43b3) div     t2, s6, s1
core   0: 3 0x8000338c (0x029b43b3) x7  0xffffffff
core   0: 0x80003390 (0x2b8ac397) auipc   t2, 0x2b8ac
core   0: 3 0x80003390 (0x2b8ac397) x7  0xab8af390
core   0: 0x80003394 (0x000093a2) c.add   t2, s0
core   0: 3 0x80003394 (0x93a2) x7  0xab8af390
core   0: 0x80003396 (0x340b9973) csrrw   s2, mscratch, s7
core   0: 3 0x80003396 (0x340b9973) x18 0x00000000 c832_mscratch 0x80025ea4
core   0: 0x8000339a (0x340111f3) csrrw   gp, mscratch, sp
core   0: 3 0x8000339a (0x340111f3) x3  0x80025ea4 c832_mscratch 0xfffffed7
core   0: 0x8000339e (0x340073f3) csrrci  t2, mscratch, 0
core   0: 3 0x8000339e (0x340073f3) x7  0xfffffed7
core   0: 0x800033a2 (0x41778933) sub     s2, a5, s7
core   0: 3 0x800033a2 (0x41778933) x18 0x7ffda15c
core   0: 0x800033a6 (0x02978563) beq     a5, s1, pc + 42
core   0: 3 0x800033a6 (0x02978563)
core   0: 0x800033d0 (0x00000e4a) c.slli  t3, 18
core   0: 3 0x800033d0 (0x0e4a) x28 0x00040000
core   0: 0x800033d2 (0x84ce8c93) addi    s9, t4, -1972
core   0: 3 0x800033d2 (0x84ce8c93) x25 0xfffff868
core   0: 0x800033d6 (0x000089fa) c.mv    s3, t5
core   0: 3 0x800033d6 (0x89fa) x19 0x80029d24
core   0: 0x800033d8 (0x00868fb3) add     t6, a3, s0
core   0: 3 0x800033d8 (0x00868fb3) x31 0xffffffff
core   0: 0x800033dc (0x027bab13) slti    s6, s7, 39
core   0: 3 0x800033dc (0x027bab13) x22 0x00000001
core   0: 0x800033e0 (0x01a15393) srli    t2, sp, 26
core   0: 3 0x800033e0 (0x01a15393) x7  0x0000003f
core   0: 0x800033e4 (0x03071e33) mulh    t3, a4, a6
core   0: 3 0x800033e4 (0x03071e33) x28 0x00000000
core   0: 0x800033e8 (0x5e43f213) andi    tp, t2, 1508
core   0: 3 0x800033e8 (0x5e43f213) x4  0x00000024
core   0: 0x800033ec (0x0ff0000f) fence   iorw,iorw
core   0: 3 0x800033ec (0x0ff0000f)
core   0: 0x800033f0 (0x34006173) csrrsi  sp, mscratch, 0
core   0: 3 0x800033f0 (0x34006173) x2  0xfffffed7
core   0: 0x800033f4 (0x000097fa) c.add   a5, t5
core   0: 3 0x800033f4 (0x97fa) x15 0x80029d24
core   0: 0x800033f6 (0x000097c2) c.add   a5, a6
core   0: 3 0x800033f6 (0x97c2) x15 0x80029d24
core   0: 0x800033f8 (0xc9ac6713) ori     a4, s8, -870
core   0: 3 0x800033f8 (0xc9ac6713) x14 0xfffffc9a
core   0: 0x800033fc (0x03146633) rem     a2, s0, a7
core   0: 3 0x800033fc (0x03146633) x12 0x00000000
core   0: 0x80003400 (0x02a71d63) bne     a4, a0, pc + 58
core   0: 3 0x80003400 (0x02a71d63)
core   0: 0x8000343a (0x0000c219) c.beqz  a2, pc + 6
core   0: 3 0x8000343a (0xc219)
core   0: 0x80003440 (0x00006ad9) c.lui   s5, 0x16
core   0: 3 0x80003440 (0x6ad9) x21 0x00016000
core   0: 0x80003442 (0x0000ef8d) c.bnez  a5, pc + 58
core   0: 3 0x80003442 (0xef8d)
core   0: 0x8000347c (0x0000100f) fence.i
core   0: 3 0x8000347c (0x0000100f)
core   0: 0x80003480 (0x024f9963) bne     t6, tp, pc + 50
core   0: 3 0x80003480 (0x024f9963)
core   0: 0x800034b2 (0x0125c963) blt     a1, s2, pc + 18
core   0: 3 0x800034b2 (0x0125c963)
core   0: 0x800034c4 (0x02f5aab3) mulhsu  s5, a1, a5
core   0: 3 0x800034c4 (0x02f5aab3) x21 0xfffffed6
core   0: 0x800034c8 (0x0ff0000f) fence   iorw,iorw
core   0: 3 0x800034c8 (0x0ff0000f)
core   0: 0x800034cc (0x4028db13) srai    s6, a7, 2
core   0: 3 0x800034cc (0x4028db13) x22 0x000000d1
core   0: 0x800034d0 (0x409c8e33) sub     t3, s9, s1
core   0: 3 0x800034d0 (0x409c8e33) x28 0xfffff868
core   0: 0x800034d4 (0x01c3d413) srli    s0, t2, 28
core   0: 3 0x800034d4 (0x01c3d413) x8  0x00000000
core   0: 0x800034d8 (0x0020d913) srli    s2, ra, 2
core   0: 3 0x800034d8 (0x0020d913) x18 0x00000000
core   0: 0x800034dc (0x0000ef89) c.bnez  a5, pc + 26
core   0: 3 0x800034dc (0xef89)
core   0: 0x800034f6 (0x00964563) blt     a2, s1, pc + 10
core   0: 3 0x800034f6 (0x00964563)
core   0: 0x800034fa (0x0049ff63) bgeu    s3, tp, pc + 30
core   0: 3 0x800034fa (0x0049ff63)
core   0: 0x80003518 (0x03297e63) bgeu    s2, s2, pc + 60
core   0: 3 0x80003518 (0x03297e63)
core   0: 0x80003554 (0x005c4b33) xor     s6, s8, t0
core   0: 3 0x80003554 (0x005c4b33) x22 0xf57d8a0a
core   0: 0x80003558 (0x41395a93) srai    s5, s2, 19
core   0: 3 0x80003558 (0x41395a93) x21 0x00000000
core   0: 0x8000355c (0x340021f3) csrr    gp, mscratch
core   0: 3 0x8000355c (0x340021f3) x3  0xfffffed7
core   0: 0x80003560 (0x016378b3) and     a7, t1, s6
core   0: 3 0x80003560 (0x016378b3) x17 0xc435020a
core   0: 0x80003564 (0x01001913) slli    s2, zero, 16
core   0: 3 0x80003564 (0x01001913) x18 0x00000000
core   0: 0x80003568 (0x0128ca33) xor     s4, a7, s2
core   0: 3 0x80003568 (0x0128ca33) x20 0xc435020a
core   0: 0x8000356c (0x00008d21) c.xor   a0, s0
core   0: 3 0x8000356c (0x8d21) x10 0x00000000
core   0: 0x8000356e (0x0000ee05) c.bnez  a2, pc + 56
core   0: 3 0x8000356e (0xee05)
core   0: 0x80003570 (0x34006cf3) csrrsi  s9, mscratch, 0
core   0: 3 0x80003570 (0x34006cf3) x25 0xfffffed7
core   0: 0x80003574 (0x0000110c) c.addi4spn a1, sp, 160
core   0: 3 0x80003574 (0x110c) x11 0xffffff77
core   0: 0x80003576 (0x35b691b7) lui     gp, 0x35b69
core   0: 3 0x80003576 (0x35b691b7) x3  0x35b69000
core   0: 0x8000357a (0x005c4263) blt     s8, t0, pc + 4
core   0: 3 0x8000357a (0x005c4263)
core   0: 0x8000357e (0x00001400) c.addi4spn s0, sp, 544
core   0: 3 0x8000357e (0x1400) x8  0x000000f7
core   0: 0x80003580 (0x00000111) c.addi  sp, 4
core   0: 3 0x80003580 (0x0111) x2  0xfffffedb
core   0: 0x80003582 (0x00c19c13) slli    s8, gp, 12
core   0: 3 0x80003582 (0x00c19c13) x24 0x69000000
core   0: 0x80003586 (0x340060f3) csrrsi  ra, mscratch, 0
core   0: 3 0x80003586 (0x340060f3) x1  0xfffffed7
core   0: 0x8000358a (0x00000001) c.nop
core   0: 3 0x8000358a (0x0001)
core   0: 0x8000358c (0x01e95433) srl     s0, s2, t5
core   0: 3 0x8000358c (0x01e95433) x8  0x00000000
core   0: 0x80003590 (0x00000001) c.nop
core   0: 3 0x80003590 (0x0001)
core   0: 0x80003592 (0x00000001) c.nop
core   0: 3 0x80003592 (0x0001)
core   0: 0x80003594 (0x00006869) c.lui   a6, 0x1a
core   0: 3 0x80003594 (0x6869) x16 0x0001a000
core   0: 0x80003596 (0x00b65813) srli    a6, a2, 11
core   0: 3 0x80003596 (0x00b65813) x16 0x00000000
core   0: 0x8000359a (0x00634e63) blt     t1, t1, pc + 28
core   0: 3 0x8000359a (0x00634e63)
core   0: 0x8000359e (0x016de033) or      zero, s11, s6
core   0: 3 0x8000359e (0x016de033)
core   0: 0x800035a2 (0x02652733) mulhsu  a4, a0, t1
core   0: 3 0x800035a2 (0x02652733) x14 0x00000000
core   0: 0x800035a6 (0x691fe513) ori     a0, t6, 1681
core   0: 3 0x800035a6 (0x691fe513) x10 0xffffffff
core   0: 0x800035aa (0x0125bfb3) sltu    t6, a1, s2
core   0: 3 0x800035aa (0x0125bfb3) x31 0x00000000
core   0: 0x800035ae (0x0027aab3) slt     s5, a5, sp
core   0: 3 0x800035ae (0x0027aab3) x21 0x00000001
core   0: 0x800035b2 (0xc0f90a13) addi    s4, s2, -1009
core   0: 3 0x800035b2 (0xc0f90a13) x20 0xfffffc0f
core   0: 0x800035b6 (0x01ded133) srl     sp, t4, t4
core   0: 3 0x800035b6 (0x01ded133) x2  0x00000000
core   0: 0x800035ba (0x00522d33) slt     s10, tp, t0
core   0: 3 0x800035ba (0x00522d33) x26 0x00000000
core   0: 0x800035be (0x00008e7d) c.and   a2, a5
core   0: 3 0x800035be (0x8e7d) x12 0x00000000
core   0: 0x800035c0 (0xe2e8fe93) andi    t4, a7, -466
core   0: 3 0x800035c0 (0xe2e8fe93) x29 0xc435020a
core   0: 0x800035c4 (0x340070f3) csrrci  ra, mscratch, 0
core   0: 3 0x800035c4 (0x340070f3) x1  0xfffffed7
core   0: 0x800035c8 (0x00cccdb3) xor     s11, s9, a2
core   0: 3 0x800035c8 (0x00cccdb3) x27 0xfffffed7
core   0: 0x800035cc (0x0000615d) c.addi16sp sp, 432
core   0: 3 0x800035cc (0x615d) x2  0x000001b0
core   0: 0x800035ce (0x000086c9) c.srai  a3, 18
core   0: 3 0x800035ce (0x86c9) x13 0xffffffff
core   0: 0x800035d0 (0x00008df5) c.and   a1, a3
core   0: 3 0x800035d0 (0x8df5) x11 0xffffff77
core   0: 0x800035d2 (0x02807333) remu    t1, zero, s0
core   0: 3 0x800035d2 (0x02807333) x6  0x00000000
core   0: 0x800035d6 (0x009640b3) xor     ra, a2, s1
core   0: 3 0x800035d6 (0x009640b3) x1  0x00000000
core   0: 0x800035da (0x02e20363) beq     tp, a4, pc + 38
core   0: 3 0x800035da (0x02e20363)
core   0: 0x800035de (0x00936263) bltu    t1, s1, pc + 4
core   0: 3 0x800035de (0x00936263)
core   0: 0x800035e2 (0x00008ffe) c.mv    t6, t6
core   0: 3 0x800035e2 (0x8ffe) x31 0x00000000
core   0: 0x800035e4 (0x39c9e093) ori     ra, s3, 924
core   0: 3 0x800035e4 (0x39c9e093) x1  0x80029fbc
core   0: 0x800035e8 (0xea65cc93) xori    s9, a1, -346
core   0: 3 0x800035e8 (0xea65cc93) x25 0x000001d1
core   0: 0x800035ec (0x000098fd) c.andi  s1, -1
core   0: 3 0x800035ec (0x98fd) x9  0x00000000
core   0: 0x800035ee (0x02b37363) bgeu    t1, a1, pc + 38
core   0: 3 0x800035ee (0x02b37363)
core   0: 0x800035f2 (0x000008a2) c.slli  a7, 8
core   0: 3 0x800035f2 (0x08a2) x17 0x35020a00
core   0: 0x800035f4 (0x0000717d) c.addi16sp sp, -16
core   0: 3 0x800035f4 (0x717d) x2  0x000001a0
core   0: 0x800035f6 (0x40e08e33) sub     t3, ra, a4
core   0: 3 0x800035f6 (0x40e08e33) x28 0x80029fbc
core   0: 0x800035fa (0x02ee7863) bgeu    t3, a4, pc + 48
core   0: 3 0x800035fa (0x02ee7863)
core   0: 0x8000362a (0x015b9a33) sll     s4, s7, s5
core   0: 3 0x8000362a (0x015b9a33) x20 0x0004bd48
core   0: 0x8000362e (0x02695a33) divu    s4, s2, t1
core   0: 3 0x8000362e (0x02695a33) x20 0xffffffff
core   0: 0x80003632 (0x00008fe5) c.and   a5, s1
core   0: 3 0x80003632 (0x8fe5) x15 0x00000000
core   0: 0x80003634 (0x0000c789) c.beqz  a5, pc + 10
core   0: 3 0x80003634 (0xc789)
core   0: 0x8000363e (0x00d65493) srli    s1, a2, 13
core   0: 3 0x8000363e (0x00d65493) x9  0x00000000
core   0: 0x80003642 (0x00000ead) c.addi  t4, 11
core   0: 3 0x80003642 (0x0ead) x29 0xc4350215
core   0: 0x80003644 (0x00008cbd) c.xor   s1, a5
core   0: 3 0x80003644 (0x8cbd) x9  0x00000000
core   0: 0x80003646 (0x0332d633) divu    a2, t0, s3
core   0: 3 0x80003646 (0x0332d633) x12 0x00000001
core   0: 0x8000364a (0x05b95263) bge     s2, s11, pc + 68
core   0: 3 0x8000364a (0x05b95263)
core   0: 0x8000368e (0x028525b3) mulhsu  a1, a0, s0
core   0: 3 0x8000368e (0x028525b3) x11 0x00000000
core   0: 0x80003692 (0x00001e7d) c.addi  t3, -1
core   0: 3 0x80003692 (0x1e7d) x28 0x80029fbb
core   0: 0x80003694 (0x340a5d73) csrrwi  s10, mscratch, 20
core   0: 3 0x80003694 (0x340a5d73) x26 0xfffffed7 c832_mscratch 0x00000014
core   0: 0x80003698 (0x02602cb3) mulhsu  s9, zero, t1
core   0: 3 0x80003698 (0x02602cb3) x25 0x00000000
core   0: 0x8000369c (0x03eba733) mulhsu  a4, s7, t5
core   0: 3 0x8000369c (0x03eba733) x14 0xbfffe0c6
core   0: 0x800036a0 (0x02b0ad33) mulhsu  s10, ra, a1
core   0: 3 0x800036a0 (0x02b0ad33) x26 0x00000000
core   0: 0x800036a4 (0xae784e13) xori    t3, a6, -1305
core   0: 3 0x800036a4 (0xae784e13) x28 0xfffffae7
core   0: 0x800036a8 (0x340efc73) csrrci  s8, mscratch, 29
core   0: 3 0x800036a8 (0x340efc73) x24 0x00000014 c832_mscratch 0x00000000
core   0: 0x800036ac (0xbd4ee513) ori     a0, t4, -1068
core   0: 3 0x800036ac (0xbd4ee513) x10 0xfffffbd5
core   0: 0x800036b0 (0x0260eb33) rem     s6, ra, t1
core   0: 3 0x800036b0 (0x0260eb33) x22 0x80029fbc
core   0: 0x800036b4 (0x340866f3) csrrsi  a3, mscratch, 16
core   0: 3 0x800036b4 (0x340866f3) x13 0x00000000 c832_mscratch 0x00000010
core   0: 0x800036b8 (0x01abc563) blt     s7, s10, pc + 10
core   0: 3 0x800036b8 (0x01abc563)
core   0: 0x800036c2 (0x00006729) c.lui   a4, 0xa
core   0: 3 0x800036c2 (0x6729) x14 0x0000a000
core   0: 0x800036c4 (0x41665db3) sra     s11, a2, s6
core   0: 3 0x800036c4 (0x41665db3) x27 0x00000000
core   0: 0x800036c8 (0x0000c111) c.beqz  a0, pc + 4
core   0: 3 0x800036c8 (0xc111)
core   0: 0x800036ca (0x00001b0c) c.addi4spn a1, sp, 432
core   0: 3 0x800036ca (0x1b0c) x11 0x00000350
core   0: 0x800036cc (0x340033f3) csrrc   t2, mscratch, zero
core   0: 3 0x800036cc (0x340033f3) x7  0x00000010
core   0: 0x800036d0 (0x00008716) c.mv    a4, t0
core   0: 3 0x800036d0 (0x8716) x14 0xf57d8a0a
core   0: 0x800036d2 (0x4f0dae93) slti    t4, s11, 1264
core   0: 3 0x800036d2 (0x4f0dae93) x29 0x00000001
core   0: 0x800036d6 (0x01da9c93) slli    s9, s5, 29
core   0: 3 0x800036d6 (0x01da9c93) x25 0x20000000
core   0: 0x800036da (0x00209d33) sll     s10, ra, sp
core   0: 3 0x800036da (0x00209d33) x26 0x80029fbc
core   0: 0x800036de (0x0188bfb3) sltu    t6, a7, s8
core   0: 3 0x800036de (0x0188bfb3) x31 0x00000000
core   0: 0x800036e2 (0x01caad33) slt     s10, s5, t3
core   0: 3 0x800036e2 (0x01caad33) x26 0x00000000
core   0: 0x800036e6 (0x037f5063) bge     t5, s7, pc + 32
core   0: 3 0x800036e6 (0x037f5063)
core   0: 0x80003706 (0x379da613) slti    a2, s11, 889
core   0: 3 0x80003706 (0x379da613) x12 0x00000001
core   0: 0x8000370a (0x00005efd) c.li    t4, -1
core   0: 3 0x8000370a (0x5efd) x29 0xffffffff
core   0: 0x8000370c (0x01e31eb3) sll     t4, t1, t5
core   0: 3 0x8000370c (0x01e31eb3) x29 0x00000000
core   0: 0x80003710 (0x0390d5b3) divu    a1, ra, s9
core   0: 3 0x80003710 (0x0390d5b3) x11 0x00000004
core   0: 0x80003714 (0x028cceb3) div     t4, s9, s0
core   0: 3 0x80003714 (0x028cceb3) x29 0xffffffff
core   0: 0x80003718 (0x0000010a) c.slli  sp, 2
core   0: 3 0x80003718 (0x010a) x2  0x00000680
core   0: 0x8000371a (0x000067b5) c.lui   a5, 0xd
core   0: 3 0x8000371a (0x67b5) x15 0x0000d000
core   0: 0x8000371c (0x0310e5b3) rem     a1, ra, a7
core   0: 3 0x8000371c (0x0310e5b3) x11 0xea06b3bc
core   0: 0x80003720 (0x00d0df93) srli    t6, ra, 13
core   0: 3 0x80003720 (0x00d0df93) x31 0x00040014
core   0: 0x80003724 (0x00000001) c.nop
core   0: 3 0x80003724 (0x0001)
core   0: 0x80003726 (0x000086f9) c.srai  a3, 30
core   0: 3 0x80003726 (0x86f9) x13 0x00000000
core   0: 0x80003728 (0x00000001) c.nop
core   0: 3 0x80003728 (0x0001)
core   0: 0x8000372a (0x87300693) li      a3, -1933
core   0: 3 0x8000372a (0x87300693) x13 0xfffff873
core   0: 0x8000372e (0x00000001) c.nop
core   0: 3 0x8000372e (0x0001)
core   0: 0x80003730 (0x01b7ca63) blt     a5, s11, pc + 20
core   0: 3 0x80003730 (0x01b7ca63)
core   0: 0x80003734 (0x0000ce91) c.beqz  a3, pc + 28
core   0: 3 0x80003734 (0xce91)
core   0: 0x80003736 (0x0308acb3) mulhsu  s9, a7, a6
core   0: 3 0x80003736 (0x0308acb3) x25 0x00000000
core   0: 0x8000373a (0x41085593) srai    a1, a6, 16
core   0: 3 0x8000373a (0x41085593) x11 0x00000000
core   0: 0x8000373e (0x178a6617) auipc   a2, 0x178a6
core   0: 3 0x8000373e (0x178a6617) x12 0x978a973e
core   0: 0x80003742 (0x00000708) c.addi4spn a0, sp, 896
core   0: 3 0x80003742 (0x0708) x10 0x00000a00
core   0: 0x80003744 (0x02e72eb3) mulhsu  t4, a4, a4
core   0: 3 0x80003744 (0x02e72eb3) x29 0xf5ebfdbd
core   0: 0x80003748 (0x039dd6b3) divu    a3, s11, s9
core   0: 3 0x80003748 (0x039dd6b3) x13 0xffffffff
core   0: 0x8000374c (0x0098e233) or      tp, a7, s1
core   0: 3 0x8000374c (0x0098e233) x4  0x35020a00
core   0: 0x80003750 (0x404407b3) sub     a5, s0, tp
core   0: 3 0x80003750 (0x404407b3) x15 0xcafdf600
core   0: 0x80003754 (0x03328663) beq     t0, s3, pc + 44
core   0: 3 0x80003754 (0x03328663)
core   0: 0x80003758 (0x0000008c) c.addi4spn a1, sp, 64
core   0: 3 0x80003758 (0x008c) x11 0x000006c0
core   0: 0x8000375a (0xb5cc4c13) xori    s8, s8, -1188
core   0: 3 0x8000375a (0xb5cc4c13) x24 0xfffffb48
core   0: 0x8000375e (0x00401913) slli    s2, zero, 4
core   0: 3 0x8000375e (0x00401913) x18 0x00000000
core   0: 0x80003762 (0x02a29a63) bne     t0, a0, pc + 52
core   0: 3 0x80003762 (0x02a29a63)
core   0: 0x80003796 (0x29f8e793) ori     a5, a7, 671
core   0: 3 0x80003796 (0x29f8e793) x15 0x35020a9f
core   0: 0x8000379a (0x03093633) mulhu   a2, s2, a6
core   0: 3 0x8000379a (0x03093633) x12 0x00000000
core   0: 0x8000379e (0x279a7113) andi    sp, s4, 633
core   0: 3 0x8000379e (0x279a7113) x2  0x00000279
core   0: 0x800037a2 (0x00000001) c.nop
core   0: 3 0x800037a2 (0x0001)
core   0: 0x800037a4 (0x01732eb3) slt     t4, t1, s7
core   0: 3 0x800037a4 (0x01732eb3) x29 0x00000000
core   0: 0x800037a8 (0x024f5233) divu    tp, t5, tp
core   0: 3 0x800037a8 (0x024f5233) x4  0x00000002
core   0: 0x800037ac (0x00008ba9) c.andi  a5, 10
core   0: 3 0x800037ac (0x8ba9) x15 0x0000000a
core   0: 0x800037ae (0x34002173) csrr    sp, mscratch
core   0: 3 0x800037ae (0x34002173) x2  0x00000010
core   0: 0x800037b2 (0x02fb5eb3) divu    t4, s6, a5
core   0: 3 0x800037b2 (0x02fb5eb3) x29 0x0ccd0ff9
core   0: 0x800037b6 (0x0000ce85) c.beqz  a3, pc + 56
core   0: 3 0x800037b6 (0xce85)
core   0: 0x800037b8 (0x01e8dd33) srl     s10, a7, t5
core   0: 3 0x800037b8 (0x01e8dd33) x26 0x035020a0
core   0: 0x800037bc (0x00008ef1) c.and   a3, a2
core   0: 3 0x800037bc (0x8ef1) x13 0x00000000
core   0: 0x800037be (0x00005a7d) c.li    s4, -1
core   0: 3 0x800037be (0x5a7d) x20 0xffffffff
core   0: 0x800037c0 (0x01ff0b33) add     s6, t5, t6
core   0: 3 0x800037c0 (0x01ff0b33) x22 0x80069d38
core   0: 0x800037c4 (0x00009ca6) c.add   s9, s1
core   0: 3 0x800037c4 (0x9ca6) x25 0x00000000
core   0: 0x800037c6 (0x00006e55) c.lui   t3, 0x15
core   0: 3 0x800037c6 (0x6e55) x28 0x00015000
core   0: 0x800037c8 (0x0153e833) or      a6, t2, s5
core   0: 3 0x800037c8 (0x0153e833) x16 0x00000011
core   0: 0x800037cc (0x406e5893) srai    a7, t3, 6
core   0: 3 0x800037cc (0x406e5893) x17 0x00000540
core   0: 0x800037d0 (0x00004fd9) c.li    t6, 22
core   0: 3 0x800037d0 (0x4fd9) x31 0x00000016
core   0: 0x800037d2 (0x00001ffd) c.addi  t6, -1
core   0: 3 0x800037d2 (0x1ffd) x31 0x00000015
core   0: 0x800037d4 (0x02534633) div     a2, t1, t0
core   0: 3 0x800037d4 (0x02534633) x12 0x00000000
core   0: 0x800037d8 (0x00163db3) sltu    s11, a2, ra
core   0: 3 0x800037d8 (0x00163db3) x27 0x00000001
core   0: 0x800037dc (0x006bdc33) srl     s8, s7, t1
core   0: 3 0x800037dc (0x006bdc33) x24 0x80025ea4
core   0: 0x800037e0 (0x019cac33) slt     s8, s9, s9
core   0: 3 0x800037e0 (0x019cac33) x24 0x00000000
core   0: 0x800037e4 (0x00008c29) c.xor   s0, a0
core   0: 3 0x800037e4 (0x8c29) x8  0x00000a00
core   0: 0x800037e6 (0x29583037) lui     zero, 0x29583
core   0: 3 0x800037e6 (0x29583037)
core   0: 0x800037ea (0x011d5413) srli    s0, s10, 17
core   0: 3 0x800037ea (0x011d5413) x8  0x000001a8
core   0: 0x800037ee (0x00000c66) c.slli  s8, 25
core   0: 3 0x800037ee (0x0c66) x24 0x00000000
core   0: 0x800037f0 (0x012b6433) or      s0, s6, s2
core   0: 3 0x800037f0 (0x012b6433) x8  0x80069d38
core   0: 0x800037f4 (0xe97cfe93) andi    t4, s9, -361
core   0: 3 0x800037f4 (0xe97cfe93) x29 0x00000000
core   0: 0x800037f8 (0x009b8c33) add     s8, s7, s1
core   0: 3 0x800037f8 (0x009b8c33) x24 0x80025ea4
core   0: 0x800037fc (0x00008141) c.srli  a0, 16
core   0: 3 0x800037fc (0x8141) x10 0x00000000
core   0: 0x800037fe (0x4189df93) srai    t6, s3, 24
core   0: 3 0x800037fe (0x4189df93) x31 0xffffff80
core   0: 0x80003802 (0x0344b533) mulhu   a0, s1, s4
core   0: 3 0x80003802 (0x0344b533) x10 0x00000000
core   0: 0x80003806 (0xbae80a13) addi    s4, a6, -1106
core   0: 3 0x80003806 (0xbae80a13) x20 0xfffffbbf
core   0: 0x8000380a (0x029cc9b3) div     s3, s9, s1
core   0: 3 0x8000380a (0x029cc9b3) x19 0xffffffff
core   0: 0x8000380e (0x00f6efb3) or      t6, a3, a5
core   0: 3 0x8000380e (0x00f6efb3) x31 0x0000000a
core   0: 0x80003812 (0x340077f3) csrrci  a5, mscratch, 0
core   0: 3 0x80003812 (0x340077f3) x15 0x00000010
core   0: 0x80003816 (0x03a5bfb3) mulhu   t6, a1, s10
core   0: 3 0x80003816 (0x03a5bfb3) x31 0x00000016
core   0: 0x8000381a (0x0000cb89) c.beqz  a5, pc + 18
core   0: 3 0x8000381a (0xcb89)
core   0: 0x8000381c (0x34011e73) csrrw   t3, mscratch, sp
core   0: 3 0x8000381c (0x34011e73) x28 0x00000010 c832_mscratch 0x00000010
core   0: 0x80003820 (0x34007273) csrrci  tp, mscratch, 0
core   0: 3 0x80003820 (0x34007273) x4  0x00000010
core   0: 0x80003824 (0x00008fc5) c.or    a5, s1
core   0: 3 0x80003824 (0x8fc5) x15 0x00000010
core   0: 0x80003826 (0x000085fd) c.srai  a1, 31
core   0: 3 0x80003826 (0x85fd) x11 0x00000000
core   0: 0x80003828 (0x3402be73) csrrc   t3, mscratch, t0
core   0: 3 0x80003828 (0x3402be73) x28 0x00000010 c832_mscratch 0x00000010
core   0: 0x8000382c (0x0000ebed) c.bnez  a5, pc + 242
core   0: 3 0x8000382c (0xebed)
core   0: 0x8000391e (0xd3b9fe93) andi    t4, s3, -709
core   0: 3 0x8000391e (0xd3b9fe93) x29 0xfffffd3b
core   0: 0x80003922 (0x00000001) c.nop
core   0: 3 0x80003922 (0x0001)
core   0: 0x80003924 (0x34039c73) csrrw   s8, mscratch, t2
core   0: 3 0x80003924 (0x34039c73) x24 0x00000010 c832_mscratch 0x00000010
core   0: 0x80003928 (0x02a10db3) mul     s11, sp, a0
core   0: 3 0x80003928 (0x02a10db3) x27 0x00000000
core   0: 0x8000392c (0x00374c63) blt     a4, gp, pc + 24
core   0: 3 0x8000392c (0x00374c63)
core   0: 0x80003944 (0x00000001) c.nop
core   0: 3 0x80003944 (0x0001)
core   0: 0x80003946 (0x01245b13) srli    s6, s0, 18
core   0: 3 0x80003946 (0x01245b13) x22 0x00002001
core   0: 0x8000394a (0x0000717d) c.addi16sp sp, -16
core   0: 3 0x8000394a (0x717d) x2  0x00000000
core   0: 0x8000394c (0x029dab33) mulhsu  s6, s11, s1
core   0: 3 0x8000394c (0x029dab33) x22 0x00000000
core   0: 0x80003950 (0x001fa733) slt     a4, t6, ra
core   0: 3 0x80003950 (0x001fa733) x14 0x00000000
core   0: 0x80003954 (0x00376033) or      zero, a4, gp
core   0: 3 0x80003954 (0x00376033)
core   0: 0x80003958 (0x3403faf3) csrrci  s5, mscratch, 7
core   0: 3 0x80003958 (0x3403faf3) x21 0x00000010 c832_mscratch 0x00000010
core   0: 0x8000395c (0x0286ee63) bltu    a3, s0, pc + 60
core   0: 3 0x8000395c (0x0286ee63)
core   0: 0x80003998 (0x00008086) c.mv    ra, ra
core   0: 3 0x80003998 (0x8086) x1  0x80029fbc
core   0: 0x8000399a (0x34007473) csrrci  s0, mscratch, 0
core   0: 3 0x8000399a (0x34007473) x8  0x00000010
core   0: 0x8000399e (0x0000157d) c.addi  a0, -1
core   0: 3 0x8000399e (0x157d) x10 0xffffffff
core   0: 0x800039a0 (0x03ddadb3) mulhsu  s11, s11, t4
core   0: 3 0x800039a0 (0x03ddadb3) x27 0x00000000
core   0: 0x800039a4 (0x01eca0b3) slt     ra, s9, t5
core   0: 3 0x800039a4 (0x01eca0b3) x1  0x00000000
core   0: 0x800039a8 (0x00008041) c.srli  s0, 16
core   0: 3 0x800039a8 (0x8041) x8  0x00000000
core   0: 0x800039aa (0x2703db37) lui     s6, 0x2703d
core   0: 3 0x800039aa (0x2703db37) x22 0x2703d000
core   0: 0x800039ae (0x01541793) slli    a5, s0, 21
core   0: 3 0x800039ae (0x01541793) x15 0x00000000
core   0: 0x800039b2 (0x0ff0000f) fence   iorw,iorw
core   0: 3 0x800039b2 (0x0ff0000f)
core   0: 0x800039b6 (0x04954163) blt     a0, s1, pc + 66
core   0: 3 0x800039b6 (0x04954163)
core   0: 0x800039f8 (0x02b006b3) mul     a3, zero, a1
core   0: 3 0x800039f8 (0x02b006b3) x13 0x00000000
core   0: 0x800039fc (0x0000949e) c.add   s1, t2
core   0: 3 0x800039fc (0x949e) x9  0x00000010
core   0: 0x800039fe (0x4f8d6b13) ori     s6, s10, 1272
core   0: 3 0x800039fe (0x4f8d6b13) x22 0x035024f8
core   0: 0x80003a02 (0x031a0e63) beq     s4, a7, pc + 60
core   0: 3 0x80003a02 (0x031a0e63)
core   0: 0x80003a06 (0x00371b63) bne     a4, gp, pc + 22
core   0: 3 0x80003a06 (0x00371b63)
core   0: 0x80003a1c (0x01a87533) and     a0, a6, s10
core   0: 3 0x80003a1c (0x01a87533) x10 0x00000000
core   0: 0x80003a20 (0x00000308) c.addi4spn a0, sp, 384
core   0: 3 0x80003a20 (0x0308) x10 0x00000180
core   0: 0x80003a22 (0x00351413) slli    s0, a0, 3
core   0: 3 0x80003a22 (0x00351413) x8  0x00000c00
core   0: 0x80003a26 (0x0369db33) divu    s6, s3, s6
core   0: 3 0x80003a26 (0x0369db33) x22 0x0000004d
core   0: 0x80003a2a (0x0ff0000f) fence   iorw,iorw
core   0: 3 0x80003a2a (0x0ff0000f)
core   0: 0x80003a2e (0x34003df3) csrrc   s11, mscratch, zero
core   0: 3 0x80003a2e (0x34003df3) x27 0x00000010
core   0: 0x80003a32 (0xe4812893) slti    a7, sp, -440
core   0: 3 0x80003a32 (0xe4812893) x17 0x00000000
core   0: 0x80003a36 (0x34006e73) csrrsi  t3, mscratch, 0
core   0: 3 0x80003a36 (0x34006e73) x28 0x00000010
core   0: 0x80003a3a (0x000081a1) c.srli  a1, 8
core   0: 3 0x80003a3a (0x81a1) x11 0x00000000
core   0: 0x80003a3c (0x00008f09) c.sub   a4, a0
core   0: 3 0x80003a3c (0x8f09) x14 0xfffffe80
core   0: 0x80003a3e (0x0310beb3) mulhu   t4, ra, a7
core   0: 3 0x80003a3e (0x0310beb3) x29 0x00000000
core   0: 0x80003a42 (0x0000147d) c.addi  s0, -1
core   0: 3 0x80003a42 (0x147d) x8  0x00000bff
core   0: 0x80003a44 (0x00000001) c.nop
core   0: 3 0x80003a44 (0x0001)
core   0: 0x80003a46 (0x00000001) c.nop
core   0: 3 0x80003a46 (0x0001)
core   0: 0x80003a48 (0x02427733) remu    a4, tp, tp
core   0: 3 0x80003a48 (0x02427733) x14 0x00000000
core   0: 0x80003a4c (0x00f50a33) add     s4, a0, a5
core   0: 3 0x80003a4c (0x00f50a33) x20 0x00000180
core   0: 0x80003a50 (0x02c39733) mulh    a4, t2, a2
core   0: 3 0x80003a50 (0x02c39733) x14 0x00000000
core   0: 0x80003a54 (0x03996133) rem     sp, s2, s9
core   0: 3 0x80003a54 (0x03996133) x2  0x00000000
core   0: 0x80003a58 (0x00008c19) c.sub   s0, a4
core   0: 3 0x80003a58 (0x8c19) x8  0x00000bff
core   0: 0x80003a5a (0x00000a1d) c.addi  s4, 7
core   0: 3 0x80003a5a (0x0a1d) x20 0x00000187
core   0: 0x80003a5c (0x00001d90) c.addi4spn a2, sp, 752
core   0: 3 0x80003a5c (0x1d90) x12 0x000002f0
core   0: 0x80003a5e (0xac97fc93) andi    s9, a5, -1335
core   0: 3 0x80003a5e (0xac97fc93) x25 0x00000000
core   0: 0x80003a62 (0x340366f3) csrrsi  a3, mscratch, 6
core   0: 3 0x80003a62 (0x340366f3) x13 0x00000010 c832_mscratch 0x00000016
core   0: 0x80003a66 (0x018acd33) xor     s10, s5, s8
core   0: 3 0x80003a66 (0x018acd33) x26 0x00000000
core   0: 0x80003a6a (0x00001cfd) c.addi  s9, -1
core   0: 3 0x80003a6a (0x1cfd) x25 0xffffffff
core   0: 0x80003a6c (0x016c1593) slli    a1, s8, 22
core   0: 3 0x80003a6c (0x016c1593) x11 0x04000000
core   0: 0x80003a70 (0x0005d933) srl     s2, a1, zero
core   0: 3 0x80003a70 (0x0005d933) x18 0x04000000
core   0: 0x80003a74 (0x00008912) c.mv    s2, tp
core   0: 3 0x80003a74 (0x8912) x18 0x00000010
core   0: 0x80003a76 (0x0000c319) c.beqz  a4, pc + 6
core   0: 3 0x80003a76 (0xc319)
core   0: 0x80003a7c (0x8afe3f93) sltiu   t6, t3, -1873
core   0: 3 0x80003a7c (0x8afe3f93) x31 0x00000001
core   0: 0x80003a80 (0x029f96b3) mulh    a3, t6, s1
core   0: 3 0x80003a80 (0x029f96b3) x13 0x00000000
core   0: 0x80003a84 (0x0000837e) c.mv    t1, t6
core   0: 3 0x80003a84 (0x837e) x6  0x00000001
core   0: 0x80003a86 (0x34002af3) csrr    s5, mscratch
core   0: 3 0x80003a86 (0x34002af3) x21 0x00000016
core   0: 0x80003a8a (0x340023f3) csrr    t2, mscratch
core   0: 3 0x80003a8a (0x340023f3) x7  0x00000016
core   0: 0x80003a8e (0x0ff0000f) fence   iorw,iorw
core   0: 3 0x80003a8e (0x0ff0000f)
core   0: 0x80003a92 (0x640cf413) andi    s0, s9, 1600
core   0: 3 0x80003a92 (0x640cf413) x8  0x00000640
core   0: 0x80003a96 (0x01360263) beq     a2, s3, pc + 4
core   0: 3 0x80003a96 (0x01360263)
core   0: 0x80003a9a (0x0ff0000f) fence   iorw,iorw
core   0: 3 0x80003a9a (0x0ff0000f)
core   0: 0x80003a9e (0x836aba93) sltiu   s5, s5, -1994
core   0: 3 0x80003a9e (0x836aba93) x21 0x00000001
core   0: 0x80003aa2 (0x00b29993) slli    s3, t0, 11
core   0: 3 0x80003aa2 (0x00b29993) x19 0xec505000
core   0: 0x80003aa6 (0x9be44893) xori    a7, s0, -1602
core   0: 3 0x80003aa6 (0x9be44893) x17 0xfffffffe
core   0: 0x80003aaa (0x34007973) csrrci  s2, mscratch, 0
core   0: 3 0x80003aaa (0x34007973) x18 0x00000016
core   0: 0x80003aae (0x8dff7113) andi    sp, t5, -1825
core   0: 3 0x80003aae (0x8dff7113) x2  0x80029804
core   0: 0x80003ab2 (0x001eafb3) slt     t6, t4, ra
core   0: 3 0x80003ab2 (0x001eafb3) x31 0x00000000
core   0: 0x80003ab6 (0x3402b3f3) csrrc   t2, mscratch, t0
core   0: 3 0x80003ab6 (0x3402b3f3) x7  0x00000016 c832_mscratch 0x00000014
core   0: 0x80003aba (0x00008ffd) c.and   a5, a5
core   0: 3 0x80003aba (0x8ffd) x15 0x00000000
core   0: 0x80003abc (0x34036573) csrrsi  a0, mscratch, 6
core   0: 3 0x80003abc (0x34036573) x10 0x00000014 c832_mscratch 0x00000016
core   0: 0x80003ac0 (0x340024f3) csrr    s1, mscratch
core   0: 3 0x80003ac0 (0x340024f3) x9  0x00000016
core   0: 0x80003ac4 (0x0000642d) c.lui   s0, 0xb
core   0: 3 0x80003ac4 (0x642d) x8  0x0000b000
core   0: 0x80003ac6 (0x02dd19b3) mulh    s3, s10, a3
core   0: 3 0x80003ac6 (0x02dd19b3) x19 0x00000000
core   0: 0x80003aca (0x0000e399) c.bnez  a5, pc + 6
core   0: 3 0x80003aca (0xe399)
core   0: 0x80003acc (0x41458233) sub     tp, a1, s4
core   0: 3 0x80003acc (0x41458233) x4  0x03fffe79
core   0: 0x80003ad0 (0x0000c185) c.beqz  a1, pc + 32
core   0: 3 0x80003ad0 (0xc185)
core   0: 0x80003ad2 (0x00008221) c.srli  a2, 8
core   0: 3 0x80003ad2 (0x8221) x12 0x00000002
core   0: 0x80003ad4 (0x00008dd1) c.or    a1, a2
core   0: 3 0x80003ad4 (0x8dd1) x11 0x04000002
core   0: 0x80003ad6 (0x2a0c7793) andi    a5, s8, 672
core   0: 3 0x80003ad6 (0x2a0c7793) x15 0x00000000
core   0: 0x80003ada (0x01fb5b13) srli    s6, s6, 31
core   0: 3 0x80003ada (0x01fb5b13) x22 0x00000000
core   0: 0x80003ade (0x03b4feb3) remu    t4, s1, s11
core   0: 3 0x80003ade (0x03b4feb3) x29 0x00000006
core   0: 0x80003ae2 (0x00000001) c.nop
core   0: 3 0x80003ae2 (0x0001)
core   0: 0x80003ae4 (0x008aee33) or      t3, s5, s0
core   0: 3 0x80003ae4 (0x008aee33) x28 0x0000b001
core   0: 0x80003ae8 (0x41998733) sub     a4, s3, s9
core   0: 3 0x80003ae8 (0x41998733) x14 0x00000001
core   0: 0x80003aec (0x4a058c37) lui     s8, 0x4a058
core   0: 3 0x80003aec (0x4a058c37) x24 0x4a058000
core   0: 0x80003af0 (0x0000c999) c.beqz  a1, pc + 22
core   0: 3 0x80003af0 (0xc999)
core   0: 0x80003af2 (0x00009e3a) c.add   t3, a4
core   0: 3 0x80003af2 (0x9e3a) x28 0x0000b002
core   0: 0x80003af4 (0x00871913) slli    s2, a4, 8
core   0: 3 0x80003af4 (0x00871913) x18 0x00000100
core   0: 0x80003af8 (0x00000001) c.nop
core   0: 3 0x80003af8 (0x0001)
core   0: 0x80003afa (0x34063473) csrrc   s0, mscratch, a2
core   0: 3 0x80003afa (0x34063473) x8  0x00000016 c832_mscratch 0x00000014
core   0: 0x80003afe (0x000089b2) c.mv    s3, a2
core   0: 3 0x80003afe (0x89b2) x19 0x00000002
core   0: 0x80003b00 (0xff52b613) sltiu   a2, t0, -11
core   0: 3 0x80003b00 (0xff52b613) x12 0x00000001
core   0: 0x80003b04 (0x00008ec1) c.or    a3, s0
core   0: 3 0x80003b04 (0x8ec1) x13 0x00000016
core   0: 0x80003b06 (0x0000c685) c.beqz  a3, pc + 40
core   0: 3 0x80003b06 (0xc685)
core   0: 0x80003b08 (0x00000710) c.addi4spn a2, sp, 896
core   0: 3 0x80003b08 (0x0710) x12 0x80029b84
core   0: 0x80003b0a (0x00000001) c.nop
core   0: 3 0x80003b0a (0x0001)
core   0: 0x80003b0c (0x00cfd493) srli    s1, t6, 12
core   0: 3 0x80003b0c (0x00cfd493) x9  0x00000000
core   0: 0x80003b10 (0x0cac9763) bne     s9, a0, pc + 206
core   0: 3 0x80003b10 (0x0cac9763)
core   0: 0x80003bde (0xbbbb0c93) addi    s9, s6, -1093
core   0: 3 0x80003bde (0xbbbb0c93) x25 0xfffffbbb
core   0: 0x80003be2 (0x00001d0c) c.addi4spn a1, sp, 688
core   0: 3 0x80003be2 (0x1d0c) x11 0x80029ab4
core   0: 0x80003be4 (0x0000c811) c.beqz  s0, pc + 20
core   0: 3 0x80003be4 (0xc811)
core   0: 0x80003be6 (0x00006f99) c.lui   t6, 0x6
core   0: 3 0x80003be6 (0x6f99) x31 0x00006000
core   0: 0x80003be8 (0x01cb34b3) sltu    s1, s6, t3
core   0: 3 0x80003be8 (0x01cb34b3) x9  0x00000001
core   0: 0x80003bec (0x0000e995) c.bnez  a1, pc + 52
core   0: 3 0x80003bec (0xe995)
core   0: 0x80003c20 (0x03863233) mulhu   tp, a2, s8
core   0: 3 0x80003c20 (0x03863233) x4  0x25038102
core   0: 0x80003c24 (0x0dd50b13) addi    s6, a0, 221
core   0: 3 0x80003c24 (0x0dd50b13) x22 0x000000f1
core   0: 0x80003c28 (0x038c7363) bgeu    s8, s8, pc + 38
core   0: 3 0x80003c28 (0x038c7363)
core   0: 0x80003c4e (0x5fe62b13) slti    s6, a2, 1534
core   0: 3 0x80003c4e (0x5fe62b13) x22 0x00000001
core   0: 0x80003c52 (0x41be8fb3) sub     t6, t4, s11
core   0: 3 0x80003c52 (0x41be8fb3) x31 0xfffffff6
core   0: 0x80003c56 (0x000010fd) c.addi  ra, -1
core   0: 3 0x80003c56 (0x10fd) x1  0xffffffff
core   0: 0x80003c58 (0x00004af9) c.li    s5, 30
core   0: 3 0x80003c58 (0x4af9) x21 0x0000001e
core   0: 0x80003c5a (0x003bf333) and     t1, s7, gp
core   0: 3 0x80003c5a (0x003bf333) x6  0x00021000
core   0: 0x80003c5e (0x0347b633) mulhu   a2, a5, s4
core   0: 3 0x80003c5e (0x0347b633) x12 0x00000000
core   0: 0x80003c62 (0x0378ccb3) div     s9, a7, s7
core   0: 3 0x80003c62 (0x0378ccb3) x25 0x00000000
core   0: 0x80003c66 (0x01b4f263) bgeu    s1, s11, pc + 4
core   0: 3 0x80003c66 (0x01b4f263)
core   0: 0x80003c6a (0xdbe6f013) andi    zero, a3, -578
core   0: 3 0x80003c6a (0xdbe6f013)
core   0: 0x80003c6e (0x01843fb3) sltu    t6, s0, s8
core   0: 3 0x80003c6e (0x01843fb3) x31 0x00000001
core   0: 0x80003c72 (0xd0e30993) addi    s3, t1, -754
core   0: 3 0x80003c72 (0xd0e30993) x19 0x00020d0e
core   0: 0x80003c76 (0x0000ed01) c.bnez  a0, pc + 24
core   0: 3 0x80003c76 (0xed01)
core   0: 0x80003c8e (0x03c5b133) mulhu   sp, a1, t3
core   0: 3 0x80003c8e (0x03c5b133) x2  0x00005802
core   0: 0x80003c92 (0x0000938e) c.add   t2, gp
core   0: 3 0x80003c92 (0x938e) x7  0x35b69016
core   0: 0x80003c94 (0x0000100f) fence.i
core   0: 3 0x80003c94 (0x0000100f)
core   0: 0x80003c98 (0x02125db3) divu    s11, tp, ra
core   0: 3 0x80003c98 (0x02125db3) x27 0x00000000
core   0: 0x80003c9c (0x340660f3) csrrsi  ra, mscratch, 12
core   0: 3 0x80003c9c (0x340660f3) x1  0x00000014 c832_mscratch 0x0000001c
core   0: 0x80003ca0 (0x0000cd9d) c.beqz  a1, pc + 62
core   0: 3 0x80003ca0 (0xcd9d)
core   0: 0x80003ca2 (0x0000100f) fence.i
core   0: 3 0x80003ca2 (0x0000100f)
core   0: 0x80003ca6 (0x018f46b3) xor     a3, t5, s8
core   0: 3 0x80003ca6 (0x018f46b3) x13 0xca071d24
core   0: 0x80003caa (0x01a25f93) srli    t6, tp, 26
core   0: 3 0x80003caa (0x01a25f93) x31 0x00000009
core   0: 0x80003cae (0x00008de5) c.and   a1, s1
core   0: 3 0x80003cae (0x8de5) x11 0x00000000
core   0: 0x80003cb0 (0x6f41cb13) xori    s6, gp, 1780
core   0: 3 0x80003cb0 (0x6f41cb13) x22 0x35b696f4
core   0: 0x80003cb4 (0x3407dff3) csrrwi  t6, mscratch, 15
core   0: 3 0x80003cb4 (0x3407dff3) x31 0x0000001c c832_mscratch 0x0000000f
core   0: 0x80003cb8 (0x340ea773) csrrs   a4, mscratch, t4
core   0: 3 0x80003cb8 (0x340ea773) x14 0x0000000f c832_mscratch 0x0000000f
core   0: 0x80003cbc (0x00008c32) c.mv    s8, a2
core   0: 3 0x80003cbc (0x8c32) x24 0x00000000
core   0: 0x80003cbe (0x00008475) c.srai  s0, 29
core   0: 3 0x80003cbe (0x8475) x8  0x00000000
core   0: 0x80003cc0 (0x3403a0f3) csrrs   ra, mscratch, t2
core   0: 3 0x80003cc0 (0x3403a0f3) x1  0x0000000f c832_mscratch 0x35b6901f
core   0: 0x80003cc4 (0x13569d17) auipc   s10, 0x13569
core   0: 3 0x80003cc4 (0x13569d17) x26 0x9356ccc4
core   0: 0x80003cc8 (0x406e8b33) sub     s6, t4, t1
core   0: 3 0x80003cc8 (0x406e8b33) x22 0xfffdf006
core   0: 0x80003ccc (0x0000100f) fence.i
core   0: 3 0x80003ccc (0x0000100f)
core   0: 0x80003cd0 (0x013b97b3) sll     a5, s7, s3
core   0: 3 0x80003cd0 (0x013b97b3) x15 0x97a90000
core   0: 0x80003cd4 (0x0000100f) fence.i
core   0: 3 0x80003cd4 (0x0000100f)
core   0: 0x80003cd8 (0x00001088) c.addi4spn a0, sp, 96
core   0: 3 0x80003cd8 (0x1088) x10 0x00005862
core   0: 0x80003cda (0x013d2433) slt     s0, s10, s3
core   0: 3 0x80003cda (0x013d2433) x8  0x00000001
core   0: 0x80003cde (0x000083d9) c.srli  a5, 22
core   0: 3 0x80003cde (0x83d9) x15 0x0000025e
core   0: 0x80003ce0 (0x0000ea11) c.bnez  a2, pc + 20
core   0: 3 0x80003ce0 (0xea11)
core   0: 0x80003ce2 (0x03f0de33) divu    t3, ra, t6
core   0: 3 0x80003ce2 (0x03f0de33) x28 0x00000000
core   0: 0x80003ce6 (0x00008161) c.srli  a0, 24
core   0: 3 0x80003ce6 (0x8161) x10 0x00000000
core   0: 0x80003ce8 (0x00006a31) c.lui   s4, 0xc
core   0: 3 0x80003ce8 (0x6a31) x20 0x0000c000
core   0: 0x80003cea (0x00008c99) c.sub   s1, a4
core   0: 3 0x80003cea (0x8c99) x9  0xfffffff2
core   0: 0x80003cec (0x03898833) mul     a6, s3, s8
core   0: 3 0x80003cec (0x03898833) x16 0x00000000
core   0: 0x80003cf0 (0x02cab833) mulhu   a6, s5, a2
core   0: 3 0x80003cf0 (0x02cab833) x16 0x00000000
core   0: 0x80003cf4 (0x00c363b3) or      t2, t1, a2
core   0: 3 0x80003cf4 (0x00c363b3) x7  0x00021000
core   0: 0x80003cf8 (0x01719433) sll     s0, gp, s7
core   0: 3 0x80003cf8 (0x01719433) x8  0x5b690000
core   0: 0x80003cfc (0x018feab3) or      s5, t6, s8
core   0: 3 0x80003cfc (0x018feab3) x21 0x0000001c
core   0: 0x80003d00 (0x02e3e833) rem     a6, t2, a4
core   0: 3 0x80003d00 (0x02e3e833) x16 0x00000003
core   0: 0x80003d04 (0x02d0cfb3) div     t6, ra, a3
core   0: 3 0x80003d04 (0x02d0cfb3) x31 0x00000000
core   0: 0x80003d08 (0xc5896793) ori     a5, s2, -936
core   0: 3 0x80003d08 (0xc5896793) x15 0xfffffd58
core   0: 0x80003d0c (0xd3c17a93) andi    s5, sp, -708
core   0: 3 0x80003d0c (0xd3c17a93) x21 0x00005800
core   0: 0x80003d10 (0x480bbe93) sltiu   t4, s7, 1152
core   0: 3 0x80003d10 (0x480bbe93) x29 0x00000000
core   0: 0x80003d14 (0xcb8f2b13) slti    s6, t5, -840
core   0: 3 0x80003d14 (0xcb8f2b13) x22 0x00000001
core   0: 0x80003d18 (0x0000cf99) c.beqz  a5, pc + 30
core   0: 3 0x80003d18 (0xcf99)
core   0: 0x80003d1a (0x00000001) c.nop
core   0: 3 0x80003d1a (0x0001)
core   0: 0x80003d1c (0x00595213) srli    tp, s2, 5
core   0: 3 0x80003d1c (0x00595213) x4  0x00000008
core   0: 0x80003d20 (0x00e04cb3) xor     s9, zero, a4
core   0: 3 0x80003d20 (0x00e04cb3) x25 0x0000000f
core   0: 0x80003d24 (0x00008e49) c.or    a2, a0
core   0: 3 0x80003d24 (0x8e49) x12 0x00000000
core   0: 0x80003d26 (0x03fc50b3) divu    ra, s8, t6
core   0: 3 0x80003d26 (0x03fc50b3) x1  0xffffffff
core   0: 0x80003d2a (0x00fb9593) slli    a1, s7, 15
core   0: 3 0x80003d2a (0x00fb9593) x11 0x2f520000
core   0: 0x80003d2e (0x009e20b3) slt     ra, t3, s1
core   0: 3 0x80003d2e (0x009e20b3) x1  0x00000000
core   0: 0x80003d32 (0x40b50233) sub     tp, a0, a1
core   0: 3 0x80003d32 (0x40b50233) x4  0xd0ae0000
core   0: 0x80003d36 (0x00001714) c.addi4spn a3, sp, 928
core   0: 3 0x80003d36 (0x1714) x13 0x00005ba2
core   0: 0x80003d38 (0x00008f09) c.sub   a4, a0
core   0: 3 0x80003d38 (0x8f09) x14 0x0000000f
core   0: 0x80003d3a (0x00008a51) c.andi  a2, 20
core   0: 3 0x80003d3a (0x8a51) x12 0x00000000
core   0: 0x80003d3c (0x0353c0b3) div     ra, t2, s5
core   0: 3 0x80003d3c (0x0353c0b3) x1  0x00000006
core   0: 0x80003d40 (0x00000b98) c.addi4spn a4, sp, 464
core   0: 3 0x80003d40 (0x0b98) x14 0x000059d2
core   0: 0x80003d42 (0x0000017e) c.slli  sp, 31
core   0: 3 0x80003d42 (0x017e) x2  0x00000000
core   0: 0x80003d44 (0x2d66bf93) sltiu   t6, a3, 726
core   0: 3 0x80003d44 (0x2d66bf93) x31 0x00000000
core   0: 0x80003d48 (0x014e20b3) slt     ra, t3, s4
core   0: 3 0x80003d48 (0x014e20b3) x1  0x00000001
core   0: 0x80003d4c (0x00008ed6) c.mv    t4, s5
core   0: 3 0x80003d4c (0x8ed6) x29 0x00005800
core   0: 0x80003d4e (0x00000001) c.nop
core   0: 3 0x80003d4e (0x0001)
core   0: 0x80003d50 (0x8da84e13) xori    t3, a6, -1830
core   0: 3 0x80003d50 (0x8da84e13) x28 0xfffff8d9
core   0: 0x80003d54 (0x340470f3) csrrci  ra, mscratch, 8
core   0: 3 0x80003d54 (0x340470f3) x1  0x35b6901f c832_mscratch 0x35b69017
core   0: 0x80003d58 (0x413d0a33) sub     s4, s10, s3
core   0: 3 0x80003d58 (0x413d0a33) x20 0x9354bfb6
core   0: 0x80003d5c (0x00000a96) c.slli  s5, 5
core   0: 3 0x80003d5c (0x0a96) x21 0x000b0000
core   0: 0x80003d5e (0x41f18b33) sub     s6, gp, t6
core   0: 3 0x80003d5e (0x41f18b33) x22 0x35b69000
core   0: 0x80003d62 (0x00008e19) c.sub   a2, a4
core   0: 3 0x80003d62 (0x8e19) x12 0xffffa62e
core   0: 0x80003d64 (0x000f0533) add     a0, t5, zero
core   0: 3 0x80003d64 (0x000f0533) x10 0x80029d24
core   0: 0x80003d68 (0x01de5933) srl     s2, t3, t4
core   0: 3 0x80003d68 (0x01de5933) x18 0xfffff8d9
core   0: 0x80003d6c (0x2949eb17) auipc   s6, 0x2949e
core   0: 3 0x80003d6c (0x2949eb17) x22 0xa94a1d6c
core   0: 0x80003d70 (0x40938333) sub     t1, t2, s1
core   0: 3 0x80003d70 (0x40938333) x6  0x0002100e
core   0: 0x80003d74 (0x0000100f) fence.i
core   0: 3 0x80003d74 (0x0000100f)
core   0: 0x80003d78 (0x340e36f3) csrrc   a3, mscratch, t3
core   0: 3 0x80003d78 (0x340e36f3) x13 0x35b69017 c832_mscratch 0x00000006
core   0: 0x80003d7c (0x0000997d) c.andi  a0, -1
core   0: 3 0x80003d7c (0x997d) x10 0x80029d24
core   0: 0x80003d7e (0x000081c1) c.srli  a1, 16
core   0: 3 0x80003d7e (0x81c1) x11 0x00002f52
core   0: 0x80003d80 (0x340623f3) csrrs   t2, mscratch, a2
core   0: 3 0x80003d80 (0x340623f3) x7  0x00000006 c832_mscratch 0xffffa62e
core   0: 0x80003d84 (0xcf3f0813) addi    a6, t5, -781
core   0: 3 0x80003d84 (0xcf3f0813) x16 0x80029a17
core   0: 0x80003d88 (0x03050c63) beq     a0, a6, pc + 56
core   0: 3 0x80003d88 (0x03050c63)
core   0: 0x80003d8c (0x26c6ab13) slti    s6, a3, 620
core   0: 3 0x80003d8c (0x26c6ab13) x22 0x00000000
core   0: 0x80003d90 (0x00008e45) c.or    a2, s1
core   0: 3 0x80003d90 (0x8e45) x12 0xfffffffe
core   0: 0x80003d92 (0x027dddb3) divu    s11, s11, t2
core   0: 3 0x80003d92 (0x027dddb3) x27 0x00000000
core   0: 0x80003d96 (0x033913b3) mulh    t2, s2, s3
core   0: 3 0x80003d96 (0x033913b3) x7  0xffffffff
core   0: 0x80003d9a (0x000000b5) c.addi  ra, 13
core   0: 3 0x80003d9a (0x00b5) x1  0x35b6902c
core   0: 0x80003d9c (0x0000100f) fence.i
core   0: 3 0x80003d9c (0x0000100f)
core   0: 0x80003da0 (0x00e0d513) srli    a0, ra, 14
core   0: 3 0x80003da0 (0x00e0d513) x10 0x0000d6da
core   0: 0x80003da4 (0x02e25c63) bge     tp, a4, pc + 56
core   0: 3 0x80003da4 (0x02e25c63)
core   0: 0x80003da8 (0x00008fc9) c.or    a5, a0
core   0: 3 0x80003da8 (0x8fc9) x15 0xffffffda
core   0: 0x80003daa (0x03571b33) mulh    s6, a4, s5
core   0: 3 0x80003daa (0x03571b33) x22 0x00000003
core   0: 0x80003dae (0x0000ed81) c.bnez  a1, pc + 24
core   0: 3 0x80003dae (0xed81)
core   0: 0x80003dc6 (0x03b077b3) remu    a5, zero, s11
core   0: 3 0x80003dc6 (0x03b077b3) x15 0x00000000
core   0: 0x80003dca (0x340cea73) csrrsi  s4, mscratch, 25
core   0: 3 0x80003dca (0x340cea73) x20 0xffffa62e c832_mscratch 0xffffa63f
core   0: 0x80003dce (0x000091a6) c.add   gp, s1
core   0: 3 0x80003dce (0x91a6) x3  0x35b68ff2
core   0: 0x80003dd0 (0x340f93f3) csrrw   t2, mscratch, t6
core   0: 3 0x80003dd0 (0x340f93f3) x7  0xffffa63f c832_mscratch 0x00000000
core   0: 0x80003dd4 (0x00006141) c.addi16sp sp, 16
core   0: 3 0x80003dd4 (0x6141) x2  0x00000010
core   0: 0x80003dd6 (0x0000100f) fence.i
core   0: 3 0x80003dd6 (0x0000100f)
core   0: 0x80003dda (0x00008f41) c.or    a4, s0
core   0: 3 0x80003dda (0x8f41) x14 0x5b6959d2
core   0: 0x80003ddc (0x00008db1) c.xor   a1, a2
core   0: 3 0x80003ddc (0x8db1) x11 0xffffd0ac
core   0: 0x80003dde (0x01634233) xor     tp, t1, s6
core   0: 3 0x80003dde (0x01634233) x4  0x0002100d
core   0: 0x80003de2 (0x340064f3) csrrsi  s1, mscratch, 0
core   0: 3 0x80003de2 (0x340064f3) x9  0x00000000
core   0: 0x80003de6 (0x01a39263) bne     t2, s10, pc + 4
core   0: 3 0x80003de6 (0x01a39263)
core   0: 0x80003dea (0x02123133) mulhu   sp, tp, ra
core   0: 3 0x80003dea (0x02123133) x2  0x00006ecb
core   0: 0x80003dee (0x34007b73) csrrci  s6, mscratch, 0
core   0: 3 0x80003dee (0x34007b73) x22 0x00000000
core   0: 0x80003df2 (0x00fd1a93) slli    s5, s10, 15
core   0: 3 0x80003df2 (0x00fd1a93) x21 0x66620000
core   0: 0x80003df6 (0x010067b3) or      a5, zero, a6
core   0: 3 0x80003df6 (0x010067b3) x15 0x80029a17
core   0: 0x80003dfa (0xe86ce237) lui     tp, 0xe86ce
core   0: 3 0x80003dfa (0xe86ce237) x4  0xe86ce000
core   0: 0x80003dfe (0x000066dd) c.lui   a3, 0x17
core   0: 3 0x80003dfe (0x66dd) x13 0x00017000
core   0: 0x80003e00 (0x036ec7b3) div     a5, t4, s6
core   0: 3 0x80003e00 (0x036ec7b3) x15 0xffffffff
core   0: 0x80003e04 (0x00009b7d) c.andi  a4, -1
core   0: 3 0x80003e04 (0x9b7d) x14 0x5b6959d2
core   0: 0x80003e06 (0x340cee73) csrrsi  t3, mscratch, 25
core   0: 3 0x80003e06 (0x340cee73) x28 0x00000000 c832_mscratch 0x00000019
core   0: 0x80003e0a (0x34062973) csrrs   s2, mscratch, a2
core   0: 3 0x80003e0a (0x34062973) x18 0x00000019 c832_mscratch 0xffffffff
core   0: 0x80003e0e (0x03bb1733) mulh    a4, s6, s11
core   0: 3 0x80003e0e (0x03bb1733) x14 0x00000000
core   0: 0x80003e12 (0x004ed013) srli    zero, t4, 4
core   0: 3 0x80003e12 (0x004ed013)
core   0: 0x80003e16 (0x000081e5) c.srli  a1, 25
core   0: 3 0x80003e16 (0x81e5) x11 0x0000007f
core   0: 0x80003e18 (0x8e14d217) auipc   tp, 0x8e14d
core   0: 3 0x80003e18 (0x8e14d217) x4  0x0e150e18
core   0: 0x80003e1c (0x01251093) slli    ra, a0, 18
core   0: 3 0x80003e1c (0x01251093) x1  0x5b680000
core   0: 0x80003e20 (0x40730133) sub     sp, t1, t2
core   0: 3 0x80003e20 (0x40730133) x2  0x000269cf
core   0: 0x80003e24 (0x00008da9) c.xor   a1, a0
core   0: 3 0x80003e24 (0x8da9) x11 0x0000d6a5
core   0: 0x80003e26 (0x0000717d) c.addi16sp sp, -16
core   0: 3 0x80003e26 (0x717d) x2  0x000269bf
core   0: 0x80003e28 (0x00000001) c.nop
core   0: 3 0x80003e28 (0x0001)
core   0: 0x80003e2a (0x34002173) csrr    sp, mscratch
core   0: 3 0x80003e2a (0x34002173) x2  0xffffffff
core   0: 0x80003e2e (0x00008d1d) c.sub   a0, a5
core   0: 3 0x80003e2e (0x8d1d) x10 0x0000d6db
core   0: 0x80003e30 (0x01ccd033) srl     zero, s9, t3
core   0: 3 0x80003e30 (0x01ccd033)
core   0: 0x80003e34 (0x42836013) ori     zero, t1, 1064
core   0: 3 0x80003e34 (0x42836013)
core   0: 0x80003e38 (0x00006a11) c.lui   s4, 0x4
core   0: 3 0x80003e38 (0x6a11) x20 0x00004000
core   0: 0x80003e3a (0x000be133) or      sp, s7, zero
core   0: 3 0x80003e3a (0x000be133) x2  0x80025ea4
core   0: 0x80003e3e (0x40fd08b3) sub     a7, s10, a5
core   0: 3 0x80003e3e (0x40fd08b3) x17 0x9356ccc5
core   0: 0x80003e42 (0x01152933) slt     s2, a0, a7
core   0: 3 0x80003e42 (0x01152933) x18 0x00000000
core   0: 0x80003e46 (0x00008f49) c.or    a4, a0
core   0: 3 0x80003e46 (0x8f49) x14 0x0000d6db
core   0: 0x80003e48 (0x9363fd97) auipc   s11, 0x9363f
core   0: 3 0x80003e48 (0x9363fd97) x27 0x13642e48
core   0: 0x80003e4c (0x0000100f) fence.i
core   0: 3 0x80003e4c (0x0000100f)
core   0: 0x80003e50 (0x40d48933) sub     s2, s1, a3
core   0: 3 0x80003e50 (0x40d48933) x18 0xfffe9000
core   0: 0x80003e54 (0x000098d6) c.add   a7, s5
core   0: 3 0x80003e54 (0x98d6) x17 0xf9b8ccc5
core   0: 0x80003e56 (0x022651b3) divu    gp, a2, sp
core   0: 3 0x80003e56 (0x022651b3) x3  0x00000001
core   0: 0x80003e5a (0x000080ed) c.srli  s1, 27
core   0: 3 0x80003e5a (0x80ed) x9  0x00000000
core   0: 0x80003e5c (0x0000998a) c.add   s3, sp
core   0: 3 0x80003e5c (0x998a) x19 0x80046bb2
core   0: 0x80003e5e (0x00000001) c.nop
core   0: 3 0x80003e5e (0x0001)
core   0: 0x80003e60 (0x0353f0b3) remu    ra, t2, s5
core   0: 3 0x80003e60 (0x0353f0b3) x1  0x333ba63f
core   0: 0x80003e64 (0x0000c089) c.beqz  s1, pc + 2
core   0: 3 0x80003e64 (0xc089)
core   0: 0x80003e66 (0x00001894) c.addi4spn a3, sp, 112
core   0: 3 0x80003e66 (0x1894) x13 0x80025f14
core   0: 0x80003e68 (0x02f24763) blt     tp, a5, pc + 46
core   0: 3 0x80003e68 (0x02f24763)
core   0: 0x80003e6c (0x00008409) c.srai  s0, 2
core   0: 3 0x80003e6c (0x8409) x8  0x16da4000
core   0: 0x80003e6e (0x00006111) c.addi16sp sp, 256
core   0: 3 0x80003e6e (0x6111) x2  0x80025fa4
core   0: 0x80003e70 (0x00008422) c.mv    s0, s0
core   0: 3 0x80003e70 (0x8422) x8  0x16da4000
core   0: 0x80003e72 (0x91248d97) auipc   s11, 0x91248
core   0: 3 0x80003e72 (0x91248d97) x27 0x1124be72
core   0: 0x80003e76 (0x63e6ed93) ori     s11, a3, 1598
core   0: 3 0x80003e76 (0x63e6ed93) x27 0x80025f3e
core   0: 0x80003e7a (0x002b1613) slli    a2, s6, 2
core   0: 3 0x80003e7a (0x002b1613) x12 0x00000000
core   0: 0x80003e7e (0x00008415) c.srai  s0, 5
core   0: 3 0x80003e7e (0x8415) x8  0x00b6d200
core   0: 0x80003e80 (0xa11b7913) andi    s2, s6, -1519
core   0: 3 0x80003e80 (0xa11b7913) x18 0x00000000
core   0: 0x80003e84 (0x340076f3) csrrci  a3, mscratch, 0
core   0: 3 0x80003e84 (0x340076f3) x13 0xffffffff
core   0: 0x80003e88 (0x00000001) c.nop
core   0: 3 0x80003e88 (0x0001)
core   0: 0x80003e8a (0x003cc8b3) xor     a7, s9, gp
core   0: 3 0x80003e8a (0x003cc8b3) x17 0x0000000e
core   0: 0x80003e8e (0xd8b0e593) ori     a1, ra, -629
core   0: 3 0x80003e8e (0xd8b0e593) x11 0xffffffbf
core   0: 0x80003e92 (0x340c2d73) csrrs   s10, mscratch, s8
core   0: 3 0x80003e92 (0x340c2d73) x26 0xffffffff c832_mscratch 0xffffffff
core   0: 0x80003e96 (0x01a2d493) srli    s1, t0, 26
core   0: 3 0x80003e96 (0x01a2d493) x9  0x0000003d
core   0: 0x80003e9a (0x00009dda) c.add   s11, s6
core   0: 3 0x80003e9a (0x9dda) x27 0x80025f3e
core   0: 0x80003e9c (0x00004a17) auipc   s4, 0x4
core   0: 3 0x80003e9c (0x00004a17) x20 0x80007e9c
core   0: 0x80003ea0 (0xdeea0a13) addi    s4, s4, -530
core   0: 3 0x80003ea0 (0xdeea0a13) x20 0x80007c8a
core   0: 0x80003ea4 (0x000087ad) c.srai  a5, 11
core   0: 3 0x80003ea4 (0x87ad) x15 0xffffffff
core   0: 0x80003ea6 (0x000a0a13) mv      s4, s4
core   0: 3 0x80003ea6 (0x000a0a13) x20 0x80007c8a
core   0: 0x80003eaa (0x03a62cb3) mulhsu  s9, a2, s10
core   0: 3 0x80003eaa (0x03a62cb3) x25 0x00000000
core   0: 0x80003eae (0x093d0913) addi    s2, s10, 147
core   0: 3 0x80003eae (0x093d0913) x18 0x00000092
core   0: 0x80003eb2 (0x016a1e13) slli    t3, s4, 22
core   0: 3 0x80003eb2 (0x016a1e13) x28 0x22800000
core   0: 0x80003eb6 (0x0000616d) c.addi16sp sp, 240
core   0: 3 0x80003eb6 (0x616d) x2  0x80026094
core   0: 0x80003eb8 (0x0050d663) bge     ra, t0, pc + 12
core   0: 3 0x80003eb8 (0x0050d663)
core   0: 0x80003ec4 (0x000a07e7) jalr    a5, s4, 0
core   0: 3 0x80003ec4 (0x000a07e7) x15 0x80003ec8
core   0: 0x80007c8a (0x00008d59) c.or    a0, a4
core   0: 3 0x80007c8a (0x8d59) x10 0x0000d6db
core   0: 0x80007c8c (0x34075af3) csrrwi  s5, mscratch, 14
core   0: 3 0x80007c8c (0x34075af3) x21 0xffffffff c832_mscratch 0x0000000e
core   0: 0x80007c90 (0xfc4b8b93) addi    s7, s7, -60
core   0: 3 0x80007c90 (0xfc4b8b93) x23 0x80025e68
core   0: 0x80007c94 (0x00fba223) sw      a5, 4(s7)
core   0: 3 0x80007c94 (0x00fba223) mem 0x80025e6c 0x80003ec8
core   0: 0x80007c98 (0x00008abd) c.andi  a3, 15
core   0: 3 0x80007c98 (0x8abd) x13 0x0000000f
core   0: 0x80007c9a (0x00015617) auipc   a2, 0x15
core   0: 3 0x80007c9a (0x00015617) x12 0x8001cc9a
core   0: 0x80007c9e (0xf9e60613) addi    a2, a2, -98
core   0: 3 0x80007c9e (0xf9e60613) x12 0x8001cc38
core   0: 0x80007ca2 (0x0e260aa3) sb      sp, 245(a2)
core   0: 3 0x80007ca2 (0x0e260aa3) mem 0x8001cd2d 0x94
core   0: 0x80007ca6 (0x03170db3) mul     s11, a4, a7
core   0: 3 0x80007ca6 (0x03170db3) x27 0x000bbffa
core   0: 0x80007caa (0x34036af3) csrrsi  s5, mscratch, 6
core   0: 3 0x80007caa (0x34036af3) x21 0x0000000e c832_mscratch 0x0000000e
core   0: 0x80007cae (0xfd9606a3) sb      s9, -51(a2)
core   0: 3 0x80007cae (0xfd9606a3) mem 0x8001cc05 0x00
core   0: 0x80007cb2 (0x0000717d) c.addi16sp sp, -16
core   0: 3 0x80007cb2 (0x717d) x2  0x80026084
core   0: 0x80007cb4 (0x0a964183) lbu     gp, 169(a2)
core   0: 3 0x80007cb4 (0x0a964183) x3  0x0000009a mem 0x8001cce1
core   0: 0x80007cb8 (0xf2364783) lbu     a5, -221(a2)
core   0: 3 0x80007cb8 (0xf2364783) x15 0x00000010 mem 0x8001cb5b
core   0: 0x80007cbc (0x03384e33) div     t3, a6, s3
core   0: 3 0x80007cbc (0x03384e33) x28 0x00000001
core   0: 0x80007cc0 (0xf9ab0e17) auipc   t3, 0xf9ab0
core   0: 3 0x80007cc0 (0xf9ab0e17) x28 0x79ab7cc0
core   0: 0x80007cc4 (0x00000001) c.nop
core   0: 3 0x80007cc4 (0x0001)
core   0: 0x80007cc6 (0x34001b73) csrrw   s6, mscratch, zero
core   0: 3 0x80007cc6 (0x34001b73) x22 0x0000000e c832_mscratch 0x00000000
core   0: 0x80007cca (0xad67c393) xori    t2, a5, -1322
core   0: 3 0x80007cca (0xad67c393) x7  0xfffffac6
core   0: 0x80007cce (0xfc960c83) lb      s9, -55(a2)
core   0: 3 0x80007cce (0xfc960c83) x25 0xffffffba mem 0x8001cc01
core   0: 0x80007cd2 (0xf2a60aa3) sb      a0, -203(a2)
core   0: 3 0x80007cd2 (0xf2a60aa3) mem 0x8001cb6d 0xdb
core   0: 0x80007cd6 (0xf6360583) lb      a1, -157(a2)
core   0: 3 0x80007cd6 (0xf6360583) x11 0x00000050 mem 0x8001cb9b
core   0: 0x80007cda (0x340255f3) csrrwi  a1, mscratch, 4
core   0: 3 0x80007cda (0x340255f3) x11 0x00000000 c832_mscratch 0x00000004
core   0: 0x80007cde (0xf2c60ba3) sb      a2, -201(a2)
core   0: 3 0x80007cde (0xf2c60ba3) mem 0x8001cb6f 0x38
core   0: 0x80007ce2 (0xff164883) lbu     a7, -15(a2)
core   0: 3 0x80007ce2 (0xff164883) x17 0x000000e2 mem 0x8001cc29
core   0: 0x80007ce6 (0x07461a23) sh      s4, 116(a2)
core   0: 3 0x80007ce6 (0x07461a23) mem 0x8001ccac 0x7c8a
core   0: 0x80007cea (0x00660103) lb      sp, 6(a2)
core   0: 3 0x80007cea (0x00660103) x2  0xfffffff5 mem 0x8001cc3e
core   0: 0x80007cee (0x00000001) c.nop
core   0: 3 0x80007cee (0x0001)
core   0: 0x80007cf0 (0x06964b03) lbu     s6, 105(a2)
core   0: 3 0x80007cf0 (0x06964b03) x22 0x0000005a mem 0x8001cca1
core   0: 0x80007cf4 (0x00004391) c.li    t2, 4
core   0: 3 0x80007cf4 (0x4391) x7  0x00000004
core   0: 0x80007cf6 (0x0000078c) c.addi4spn a1, sp, 960
core   0: 3 0x80007cf6 (0x078c) x11 0x000003b5
core   0: 0x80007cf8 (0x000098d2) c.add   a7, s4
core   0: 3 0x80007cf8 (0x98d2) x17 0x80007d6c
core   0: 0x80007cfa (0x000067e5) c.lui   a5, 0x19
core   0: 3 0x80007cfa (0x67e5) x15 0x00019000
core   0: 0x80007cfc (0x00008d49) c.or    a0, a0
core   0: 3 0x80007cfc (0x8d49) x10 0x0000d6db
core   0: 0x80007cfe (0x00008b56) c.mv    s6, s5
core   0: 3 0x80007cfe (0x8b56) x22 0x0000000e
core   0: 0x80007d00 (0x01ba1493) slli    s1, s4, 27
core   0: 3 0x80007d00 (0x01ba1493) x9  0x50000000
core   0: 0x80007d04 (0x000099fd) c.andi  a1, -1
core   0: 3 0x80007d04 (0x99fd) x11 0x000003b5
core   0: 0x80007d06 (0x34056d73) csrrsi  s10, mscratch, 10
core   0: 3 0x80007d06 (0x34056d73) x26 0x00000004 c832_mscratch 0x0000000e
core   0: 0x80007d0a (0x0337d6b3) divu    a3, a5, s3
core   0: 3 0x80007d0a (0x0337d6b3) x13 0x00000000
core   0: 0x80007d0e (0x000099fd) c.andi  a1, -1
core   0: 3 0x80007d0e (0x99fd) x11 0x000003b5
core   0: 0x80007d10 (0x036da5b3) mulhsu  a1, s11, s6
core   0: 3 0x80007d10 (0x036da5b3) x11 0x00000000
core   0: 0x80007d14 (0x00001d7d) c.addi  s10, -1
core   0: 3 0x80007d14 (0x1d7d) x26 0x00000003
core   0: 0x80007d16 (0xce0eb213) sltiu   tp, t4, -800
core   0: 3 0x80007d16 (0xce0eb213) x4  0x00000001
core   0: 0x80007d1a (0x9fbe3017) auipc   zero, 0x9fbe3
core   0: 3 0x80007d1a (0x9fbe3017)
core   0: 0x80007d1e (0x00dfe0b3) or      ra, t6, a3
core   0: 3 0x80007d1e (0x00dfe0b3) x1  0x00000000
core   0: 0x80007d22 (0x00efde33) srl     t3, t6, a4
core   0: 3 0x80007d22 (0x00efde33) x28 0x00000000
core   0: 0x80007d26 (0x02ffcb33) div     s6, t6, a5
core   0: 3 0x80007d26 (0x02ffcb33) x22 0x00000000
core   0: 0x80007d2a (0x00009386) c.add   t2, ra
core   0: 3 0x80007d2a (0x9386) x7  0x00000004
core   0: 0x80007d2c (0x02406333) rem     t1, zero, tp
core   0: 3 0x80007d2c (0x02406333) x6  0x00000000
core   0: 0x80007d30 (0x0314fcb3) remu    s9, s1, a7
core   0: 3 0x80007d30 (0x0314fcb3) x25 0x50000000
core   0: 0x80007d34 (0x41198c33) sub     s8, s3, a7
core   0: 3 0x80007d34 (0x41198c33) x24 0x0003ee46
core   0: 0x80007d38 (0x006c2133) slt     sp, s8, t1
core   0: 3 0x80007d38 (0x006c2133) x2  0x00000000
core   0: 0x80007d3c (0x34076773) csrrsi  a4, mscratch, 14
core   0: 3 0x80007d3c (0x34076773) x14 0x0000000e c832_mscratch 0x0000000e
core   0: 0x80007d40 (0x02aa1d33) mulh    s10, s4, a0
core   0: 3 0x80007d40 (0x02aa1d33) x26 0xffff9492
core   0: 0x80007d44 (0x00a390b3) sll     ra, t2, a0
core   0: 3 0x80007d44 (0x00a390b3) x1  0x20000000
core   0: 0x80007d48 (0x019c6863) bltu    s8, s9, pc + 16
core   0: 3 0x80007d48 (0x019c6863)
core   0: 0x80007d58 (0x0311ca33) div     s4, gp, a7
core   0: 3 0x80007d58 (0x0311ca33) x20 0x00000000
core   0: 0x80007d5c (0x100b3393) sltiu   t2, s6, 256
core   0: 3 0x80007d5c (0x100b3393) x7  0x00000001
core   0: 0x80007d60 (0x00dba7b3) slt     a5, s7, a3
core   0: 3 0x80007d60 (0x00dba7b3) x15 0x00000001
core   0: 0x80007d64 (0x00000001) c.nop
core   0: 3 0x80007d64 (0x0001)
core   0: 0x80007d66 (0x0000613d) c.addi16sp sp, 480
core   0: 3 0x80007d66 (0x613d) x2  0x000001e0
core   0: 0x80007d68 (0x00000001) c.nop
core   0: 3 0x80007d68 (0x0001)
core   0: 0x80007d6a (0x0000943a) c.add   s0, a4
core   0: 3 0x80007d6a (0x943a) x8  0x00b6d20e
core   0: 0x80007d6c (0x0199f963) bgeu    s3, s9, pc + 18
core   0: 3 0x80007d6c (0x0199f963)
core   0: 0x80007d7e (0x872e2093) slti    ra, t3, -1934
core   0: 3 0x80007d7e (0x872e2093) x1  0x00000000
core   0: 0x80007d82 (0x00fdcdb3) xor     s11, s11, a5
core   0: 3 0x80007d82 (0x00fdcdb3) x27 0x000bbffb
core   0: 0x80007d86 (0x140eca93) xori    s5, t4, 320
core   0: 3 0x80007d86 (0x140eca93) x21 0x00005940
core   0: 0x80007d8a (0x01e5e933) or      s2, a1, t5
core   0: 3 0x80007d8a (0x01e5e933) x18 0x80029d24
core   0: 0x80007d8e (0x00ae4a63) blt     t3, a0, pc + 20
core   0: 3 0x80007d8e (0x00ae4a63)
core   0: 0x80007da2 (0x03fa9e63) bne     s5, t6, pc + 60
core   0: 3 0x80007da2 (0x03fa9e63)
core   0: 0x80007dde (0x0000059e) c.slli  a1, 7
core   0: 3 0x80007dde (0x059e) x11 0x00000000
core   0: 0x80007de0 (0x00006141) c.addi16sp sp, 16
core   0: 3 0x80007de0 (0x6141) x2  0x000001f0
core   0: 0x80007de2 (0x01dd0663) beq     s10, t4, pc + 12
core   0: 3 0x80007de2 (0x01dd0663)
core   0: 0x80007de6 (0x03b94133) div     sp, s2, s11
core   0: 3 0x80007de6 (0x03b94133) x2  0xfffff51c
core   0: 0x80007dea (0x008d6db3) or      s11, s10, s0
core   0: 3 0x80007dea (0x008d6db3) x27 0xffffd69e
core   0: 0x80007dee (0x00008685) c.srai  a3, 1
core   0: 3 0x80007dee (0x8685) x13 0x00000000
core   0: 0x80007df0 (0x3407d773) csrrwi  a4, mscratch, 15
core   0: 3 0x80007df0 (0x3407d773) x14 0x0000000e c832_mscratch 0x0000000f
core   0: 0x80007df4 (0x00008c4d) c.or    s0, a1
core   0: 3 0x80007df4 (0x8c4d) x8  0x00b6d20e
core   0: 0x80007df6 (0x3408ec73) csrrsi  s8, mscratch, 17
core   0: 3 0x80007df6 (0x3408ec73) x24 0x0000000f c832_mscratch 0x0000001f
core   0: 0x80007dfa (0x0156d5b3) srl     a1, a3, s5
core   0: 3 0x80007dfa (0x0156d5b3) x11 0x00000000
core   0: 0x80007dfe (0x418c8833) sub     a6, s9, s8
core   0: 3 0x80007dfe (0x418c8833) x16 0x4ffffff1
core   0: 0x80007e02 (0x095da4b7) lui     s1, 0x95da
core   0: 3 0x80007e02 (0x095da4b7) x9  0x095da000
core   0: 0x80007e06 (0x00008e81) c.sub   a3, s0
core   0: 3 0x80007e06 (0x8e81) x13 0xff492df2
core   0: 0x80007e08 (0x001c9e33) sll     t3, s9, ra
core   0: 3 0x80007e08 (0x001c9e33) x28 0x50000000
core   0: 0x80007e0c (0x031593b3) mulh    t2, a1, a7
core   0: 3 0x80007e0c (0x031593b3) x7  0x00000000
core   0: 0x80007e10 (0x00000001) c.nop
core   0: 3 0x80007e10 (0x0001)
core   0: 0x80007e12 (0x000040c5) c.li    ra, 17
core   0: 3 0x80007e12 (0x40c5) x1  0x00000011
core   0: 0x80007e14 (0x0000ed61) c.bnez  a0, pc + 216
core   0: 3 0x80007e14 (0xed61)
core   0: 0x80007eec (0x72f3e517) auipc   a0, 0x72f3e
core   0: 3 0x80007eec (0x72f3e517) x10 0xf2f45eec
core   0: 0x80007ef0 (0x340020f3) csrr    ra, mscratch
core   0: 3 0x80007ef0 (0x340020f3) x1  0x0000001f
core   0: 0x80007ef4 (0x00008dd5) c.or    a1, a3
core   0: 3 0x80007ef4 (0x8dd5) x11 0xff492df2
core   0: 0x80007ef6 (0xd217ab37) lui     s6, 0xd217a
core   0: 3 0x80007ef6 (0xd217ab37) x22 0xd217a000
core   0: 0x80007efa (0x00008ed1) c.or    a3, a2
core   0: 3 0x80007efa (0x8ed1) x13 0xff49edfa
core   0: 0x80007efc (0x00008426) c.mv    s0, s1
core   0: 3 0x80007efc (0x8426) x8  0x095da000
core   0: 0x80007efe (0x27807a13) andi    s4, zero, 632
core   0: 3 0x80007efe (0x27807a13) x20 0x00000000
core   0: 0x80007f02 (0x34051af3) csrrw   s5, mscratch, a0
core   0: 3 0x80007f02 (0x34051af3) x21 0x0000001f c832_mscratch 0xf2f45eec
core   0: 0x80007f06 (0xd24f8213) addi    tp, t6, -732
core   0: 3 0x80007f06 (0xd24f8213) x4  0xfffffd24
core   0: 0x80007f0a (0x6a386d13) ori     s10, a6, 1699
core   0: 3 0x80007f0a (0x6a386d13) x26 0x4ffffff3
core   0: 0x80007f0e (0x34007ef3) csrrci  t4, mscratch, 0
core   0: 3 0x80007f0e (0x34007ef3) x29 0xf2f45eec
core   0: 0x80007f12 (0x0ff0000f) fence   iorw,iorw
core   0: 3 0x80007f12 (0x0ff0000f)
core   0: 0x80007f16 (0x41c3d333) sra     t1, t2, t3
core   0: 3 0x80007f16 (0x41c3d333) x6  0x00000000
core   0: 0x80007f1a (0x340f67f3) csrrsi  a5, mscratch, 30
core   0: 3 0x80007f1a (0x340f67f3) x15 0xf2f45eec c832_mscratch 0xf2f45efe
core   0: 0x80007f1e (0xfc48f113) andi    sp, a7, -60
core   0: 3 0x80007f1e (0xfc48f113) x2  0x80007d44
core   0: 0x80007f22 (0x000098fd) c.andi  s1, -1
core   0: 3 0x80007f22 (0x98fd) x9  0x095da000
core   0: 0x80007f24 (0xcdaa0a13) addi    s4, s4, -806
core   0: 3 0x80007f24 (0xcdaa0a13) x20 0xfffffcda
core   0: 0x80007f28 (0x009d7b33) and     s6, s10, s1
core   0: 3 0x80007f28 (0x009d7b33) x22 0x095da000
core   0: 0x80007f2c (0x03bc3233) mulhu   tp, s8, s11
core   0: 3 0x80007f2c (0x03bc3233) x4  0x0000000e
core   0: 0x80007f30 (0x024ee163) bltu    t4, tp, pc + 34
core   0: 3 0x80007f30 (0x024ee163)
core   0: 0x80007f34 (0xe192b693) sltiu   a3, t0, -487
core   0: 3 0x80007f34 (0xe192b693) x13 0x00000001
core   0: 0x80007f38 (0x340f1cf3) csrrw   s9, mscratch, t5
core   0: 3 0x80007f38 (0x340f1cf3) x25 0xf2f45efe c832_mscratch 0x80029d24
core   0: 0x80007f3c (0x00000221) c.addi  tp, 8
core   0: 3 0x80007f3c (0x0221) x4  0x00000016
core   0: 0x80007f3e (0x0314a5b3) mulhsu  a1, s1, a7
core   0: 3 0x80007f3e (0x0314a5b3) x11 0x04aed496
core   0: 0x80007f42 (0x8ebe2b13) slti    s6, t3, -1813
core   0: 3 0x80007f42 (0x8ebe2b13) x22 0x00000000
core   0: 0x80007f46 (0x00000001) c.nop
core   0: 3 0x80007f46 (0x0001)
core   0: 0x80007f48 (0x00503333) snez    t1, t0
core   0: 3 0x80007f48 (0x00503333) x6  0x00000001
core   0: 0x80007f4c (0x00008f09) c.sub   a4, a0
core   0: 3 0x80007f4c (0x8f09) x14 0x0d0ba122
core   0: 0x80007f4e (0x1dca0417) auipc   s0, 0x1dca0
core   0: 3 0x80007f4e (0x1dca0417) x8  0x9dca7f4e
core   0: 0x80007f52 (0x0000c015) c.beqz  s0, pc + 36
core   0: 3 0x80007f52 (0xc015)
core   0: 0x80007f54 (0x0000e88d) c.bnez  s1, pc + 50
core   0: 3 0x80007f54 (0xe88d)
core   0: 0x80007f86 (0x00006845) c.lui   a6, 0x11
core   0: 3 0x80007f86 (0x6845) x16 0x00011000
core   0: 0x80007f88 (0x00008ced) c.and   s1, a1
core   0: 3 0x80007f88 (0x8ced) x9  0x000c8000
core   0: 0x80007f8a (0x407f8833) sub     a6, t6, t2
core   0: 3 0x80007f8a (0x407f8833) x16 0x00000000
core   0: 0x80007f8e (0x00008f2d) c.xor   a4, a1
core   0: 3 0x80007f8e (0x8f2d) x14 0x09a575b4
core   0: 0x80007f90 (0x00000001) c.nop
core   0: 3 0x80007f90 (0x0001)
core   0: 0x80007f92 (0x027e0db3) mul     s11, t3, t2
core   0: 3 0x80007f92 (0x027e0db3) x27 0x00000000
core   0: 0x80007f96 (0xa4abc037) lui     zero, 0xa4abc
core   0: 3 0x80007f96 (0xa4abc037)
core   0: 0x80007f9a (0x00008872) c.mv    a6, t3
core   0: 3 0x80007f9a (0x8872) x16 0x50000000
core   0: 0x80007f9c (0x3c868a93) addi    s5, a3, 968
core   0: 3 0x80007f9c (0x3c868a93) x21 0x000003c9
core   0: 0x80007fa0 (0x03b94eb3) div     t4, s2, s11
core   0: 3 0x80007fa0 (0x03b94eb3) x29 0xffffffff
core   0: 0x80007fa4 (0xa1efe893) ori     a7, t6, -1506
core   0: 3 0x80007fa4 (0xa1efe893) x17 0xfffffa1e
core   0: 0x80007fa8 (0x4008dfb3) sra     t6, a7, zero
core   0: 3 0x80007fa8 (0x4008dfb3) x31 0xfffffa1e
core   0: 0x80007fac (0x3404dc73) csrrwi  s8, mscratch, 9
core   0: 3 0x80007fac (0x3404dc73) x24 0x80029d24 c832_mscratch 0x00000009
core   0: 0x80007fb0 (0x00008fe1) c.and   a5, s0
core   0: 3 0x80007fb0 (0x8fe1) x15 0x90c05e4c
core   0: 0x80007fb2 (0x86c8e813) ori     a6, a7, -1940
core   0: 3 0x80007fb2 (0x86c8e813) x16 0xfffffa7e
core   0: 0x80007fb6 (0x0368d633) divu    a2, a7, s6
core   0: 3 0x80007fb6 (0x0368d633) x12 0xffffffff
core   0: 0x80007fba (0x037764b3) rem     s1, a4, s7
core   0: 3 0x80007fba (0x037764b3) x9  0x09a575b4
core   0: 0x80007fbe (0x405ed3b3) sra     t2, t4, t0
core   0: 3 0x80007fbe (0x405ed3b3) x7  0xffffffff
core   0: 0x80007fc2 (0x00008c71) c.and   s0, a2
core   0: 3 0x80007fc2 (0x8c71) x8  0x9dca7f4e
core   0: 0x80007fc4 (0x8cbaa193) slti    gp, s5, -1845
core   0: 3 0x80007fc4 (0x8cbaa193) x3  0x00000000
core   0: 0x80007fc8 (0x00005a13) srli    s4, zero, 0
core   0: 3 0x80007fc8 (0x00005a13) x20 0x00000000
core   0: 0x80007fcc (0x04508563) beq     ra, t0, pc + 74
core   0: 3 0x80007fcc (0x04508563)
core   0: 0x80007fd0 (0x3556bc93) sltiu   s9, a3, 853
core   0: 3 0x80007fd0 (0x3556bc93) x25 0x00000001
core   0: 0x80007fd4 (0x008c76b3) and     a3, s8, s0
core   0: 3 0x80007fd4 (0x008c76b3) x13 0x80021d04
core   0: 0x80007fd8 (0x55c82b37) lui     s6, 0x55c82
core   0: 3 0x80007fd8 (0x55c82b37) x22 0x55c82000
core   0: 0x80007fdc (0x021db5b3) mulhu   a1, s11, ra
core   0: 3 0x80007fdc (0x021db5b3) x11 0x00000000
core   0: 0x80007fe0 (0x00000001) c.nop
core   0: 3 0x80007fe0 (0x0001)
core   0: 0x80007fe2 (0x00f1c233) xor     tp, gp, a5
core   0: 3 0x80007fe2 (0x00f1c233) x4  0x90c05e4c
core   0: 0x80007fe6 (0x006e7c33) and     s8, t3, t1
core   0: 3 0x80007fe6 (0x006e7c33) x24 0x00000000
core   0: 0x80007fea (0x02925863) bge     tp, s1, pc + 48
core   0: 3 0x80007fea (0x02925863)
core   0: 0x80007fee (0x0178feb3) and     t4, a7, s7
core   0: 3 0x80007fee (0x0178feb3) x29 0x80025a08
core   0: 0x80007ff2 (0x3407f1f3) csrrci  gp, mscratch, 15
core   0: 3 0x80007ff2 (0x3407f1f3) x3  0x00000009 c832_mscratch 0x00000000
core   0: 0x80007ff6 (0x03957ab3) remu    s5, a0, s9
core   0: 3 0x80007ff6 (0x03957ab3) x21 0x00000000
core   0: 0x80007ffa (0x031f5663) bge     t5, a7, pc + 44
core   0: 3 0x80007ffa (0x031f5663)
core   0: 0x80007ffe (0x00827463) bgeu    tp, s0, pc + 8
core   0: 3 0x80007ffe (0x00827463)
core   0: 0x80008002 (0x34002373) csrr    t1, mscratch
core   0: 3 0x80008002 (0x34002373) x6  0x00000000
core   0: 0x80008006 (0x92bfa013) slti    zero, t6, -1749
core   0: 3 0x80008006 (0x92bfa013)
core   0: 0x8000800a (0x01ad4263) blt     s10, s10, pc + 4
core   0: 3 0x8000800a (0x01ad4263)
core   0: 0x8000800e (0x0f746d93) ori     s11, s0, 247
core   0: 3 0x8000800e (0x0f746d93) x27 0x9dca7fff
core   0: 0x80008012 (0x6b375537) lui     a0, 0x6b375
core   0: 3 0x80008012 (0x6b375537) x10 0x6b375000
core   0: 0x80008016 (0x02eb6963) bltu    s6, a4, pc + 50
core   0: 3 0x80008016 (0x02eb6963)
core   0: 0x8000801a (0x01647263) bgeu    s0, s6, pc + 4
core   0: 3 0x8000801a (0x01647263)
core   0: 0x8000801e (0x417cd3b3) sra     t2, s9, s7
core   0: 3 0x8000801e (0x417cd3b3) x7  0x00000000
core   0: 0x80008022 (0x00921933) sll     s2, tp, s1
core   0: 3 0x80008022 (0x00921933) x18 0xe4c00000
core   0: 0x80008026 (0x025ae863) bltu    s5, t0, pc + 48
core   0: 3 0x80008026 (0x025ae863)
core   0: 0x80008056 (0x03dd0363) beq     s10, t4, pc + 38
core   0: 3 0x80008056 (0x03dd0363)
core   0: 0x8000805a (0x340d90f3) csrrw   ra, mscratch, s11
core   0: 3 0x8000805a (0x340d90f3) x1  0x00000000 c832_mscratch 0x9dca7fff
core   0: 0x8000805e (0x40f35b13) srai    s6, t1, 15
core   0: 3 0x8000805e (0x40f35b13) x22 0x00000000
core   0: 0x80008062 (0x000081b6) c.mv    gp, a3
core   0: 3 0x80008062 (0x81b6) x3  0x80021d04
core   0: 0x80008064 (0x00349113) slli    sp, s1, 3
core   0: 3 0x80008064 (0x00349113) x2  0x4d2bada0
core   0: 0x80008068 (0xaafbc137) lui     sp, 0xaafbc
core   0: 3 0x80008068 (0xaafbc137) x2  0xaafbc000
core   0: 0x8000806c (0x000080c5) c.srli  s1, 17
core   0: 3 0x8000806c (0x80c5) x9  0x000004d2
core   0: 0x8000806e (0x0000c819) c.beqz  s0, pc + 22
core   0: 3 0x8000806e (0xc819)
core   0: 0x80008070 (0x01319eb3) sll     t4, gp, s3
core   0: 3 0x80008070 (0x01319eb3) x29 0x74100000
core   0: 0x80008074 (0x00006115) c.addi16sp sp, 288
core   0: 3 0x80008074 (0x6115) x2  0xaafbc120
core   0: 0x80008076 (0x0149fc63) bgeu    s3, s4, pc + 24
core   0: 3 0x80008076 (0x0149fc63)
core   0: 0x8000808e (0x0198f763) bgeu    a7, s9, pc + 14
core   0: 3 0x8000808e (0x0198f763)
core   0: 0x8000809c (0x00000c6e) c.slli  s8, 27
core   0: 3 0x8000809c (0x0c6e) x24 0x00000000
core   0: 0x8000809e (0x340b2973) csrrs   s2, mscratch, s6
core   0: 3 0x8000809e (0x340b2973) x18 0x9dca7fff c832_mscratch 0x9dca7fff
core   0: 0x800080a2 (0x00000001) c.nop
core   0: 3 0x800080a2 (0x0001)
core   0: 0x800080a4 (0x00008df9) c.and   a1, a4
core   0: 3 0x800080a4 (0x8df9) x11 0x00000000
core   0: 0x800080a6 (0x69062497) auipc   s1, 0x69062
core   0: 3 0x800080a6 (0x69062497) x9  0xe906a0a6
core   0: 0x800080aa (0x41af5533) sra     a0, t5, s10
core   0: 3 0x800080aa (0x41af5533) x10 0xfffff000
core   0: 0x800080ae (0x406fd213) srai    tp, t6, 6
core   0: 3 0x800080ae (0x406fd213) x4  0xffffffe8
core   0: 0x800080b2 (0x340b1173) csrrw   sp, mscratch, s6
core   0: 3 0x800080b2 (0x340b1173) x2  0x9dca7fff c832_mscratch 0x00000000
core   0: 0x800080b6 (0x0284a0b3) mulhsu  ra, s1, s0
core   0: 3 0x800080b6 (0x0284a0b3) x1  0xf1d6e453
core   0: 0x800080ba (0x0000c399) c.beqz  a5, pc + 6
core   0: 3 0x800080ba (0xc399)
core   0: 0x800080bc (0x03a5feb3) remu    t4, a1, s10
core   0: 3 0x800080bc (0x03a5feb3) x29 0x00000000
core   0: 0x800080c0 (0x03a46c33) rem     s8, s0, s10
core   0: 3 0x800080c0 (0x03a46c33) x24 0xedca7f41
core   0: 0x800080c4 (0x00f14663) blt     sp, a5, pc + 12
core   0: 3 0x800080c4 (0x00f14663)
core   0: 0x800080c8 (0x00001718) c.addi4spn a4, sp, 928
core   0: 3 0x800080c8 (0x1718) x14 0x9dca839f
core   0: 0x800080ca (0x340cd573) csrrwi  a0, mscratch, 25
core   0: 3 0x800080ca (0x340cd573) x10 0x00000000 c832_mscratch 0x00000019
core   0: 0x800080ce (0x000086ee) c.mv    a3, s11
core   0: 3 0x800080ce (0x86ee) x13 0x9dca7fff
core   0: 0x800080d0 (0x005c2933) slt     s2, s8, t0
core   0: 3 0x800080d0 (0x005c2933) x18 0x00000001
core   0: 0x800080d4 (0x41268cb3) sub     s9, a3, s2
core   0: 3 0x800080d4 (0x41268cb3) x25 0x9dca7ffe
core   0: 0x800080d8 (0x00009afd) c.andi  a3, -1
core   0: 3 0x800080d8 (0x9afd) x13 0x9dca7fff
core   0: 0x800080da (0x0261d963) bge     gp, t1, pc + 50
core   0: 3 0x800080da (0x0261d963)
core   0: 0x800080de (0x01d784b3) add     s1, a5, t4
core   0: 3 0x800080de (0x01d784b3) x9  0x90c05e4c
core   0: 0x800080e2 (0x41b06d13) ori     s10, zero, 1051
core   0: 3 0x800080e2 (0x41b06d13) x26 0x0000041b
core   0: 0x800080e6 (0xb33c0a93) addi    s5, s8, -1229
core   0: 3 0x800080e6 (0xb33c0a93) x21 0xedca7a74
core   0: 0x800080ea (0x00df08b3) add     a7, t5, a3
core   0: 3 0x800080ea (0x00df08b3) x17 0x1dcd1d23
core   0: 0x800080ee (0x021ff1b3) remu    gp, t6, ra
core   0: 3 0x800080ee (0x021ff1b3) x3  0x0e2915cb
core   0: 0x800080f2 (0x0318f0b3) remu    ra, a7, a7
core   0: 3 0x800080f2 (0x0318f0b3) x1  0x00000000
core   0: 0x800080f6 (0x00008731) c.srai  a4, 12
core   0: 3 0x800080f6 (0x8731) x14 0xfff9dca8
core   0: 0x800080f8 (0x8d9e0813) addi    a6, t3, -1831
core   0: 3 0x800080f8 (0x8d9e0813) x16 0x4ffff8d9
core   0: 0x800080fc (0x41f7d4b3) sra     s1, a5, t6
core   0: 3 0x800080fc (0x41f7d4b3) x9  0xfffffffe
core   0: 0x80008100 (0x340026f3) csrr    a3, mscratch
core   0: 3 0x80008100 (0x340026f3) x13 0x00000019
core   0: 0x80008104 (0x3ba94a13) xori    s4, s2, 954
core   0: 3 0x80008104 (0x3ba94a13) x20 0x000003bb
core   0: 0x80008108 (0x8fa8ae93) slti    t4, a7, -1798
core   0: 3 0x80008108 (0x8fa8ae93) x29 0x00000000
core   0: 0x8000810c (0x0000ea9d) c.bnez  a3, pc + 54
core   0: 3 0x8000810c (0xea9d)
core   0: 0x80008142 (0x0ff0000f) fence   iorw,iorw
core   0: 3 0x80008142 (0x0ff0000f)
core   0: 0x80008146 (0x00004a95) c.li    s5, 5
core   0: 3 0x80008146 (0x4a95) x21 0x00000005
core   0: 0x80008148 (0x00c7ffb3) and     t6, a5, a2
core   0: 3 0x80008148 (0x00c7ffb3) x31 0x90c05e4c
core   0: 0x8000814c (0x00009196) c.add   gp, t0
core   0: 3 0x8000814c (0x9196) x3  0x03a69fd5
core   0: 0x8000814e (0x00000001) c.nop
core   0: 3 0x8000814e (0x0001)
core   0: 0x80008150 (0x00008eb1) c.xor   a3, a2
core   0: 3 0x80008150 (0x8eb1) x13 0xffffffe6
core   0: 0x80008152 (0x0250dfb3) divu    t6, ra, t0
core   0: 3 0x80008152 (0x0250dfb3) x31 0x00000000
core   0: 0x80008156 (0x00edb533) sltu    a0, s11, a4
core   0: 3 0x80008156 (0x00edb533) x10 0x00000001
core   0: 0x8000815a (0x00006949) c.lui   s2, 0x12
core   0: 3 0x8000815a (0x6949) x18 0x00012000
core   0: 0x8000815c (0x40cb8ab3) sub     s5, s7, a2
core   0: 3 0x8000815c (0x40cb8ab3) x21 0x80025e69
core   0: 0x80008160 (0x0000864a) c.mv    a2, s2
core   0: 3 0x80008160 (0x864a) x12 0x00012000
core   0: 0x80008162 (0x340be873) csrrsi  a6, mscratch, 23
core   0: 3 0x80008162 (0x340be873) x16 0x00000019 c832_mscratch 0x0000001f
core   0: 0x80008166 (0x414283b3) sub     t2, t0, s4
core   0: 3 0x80008166 (0x414283b3) x7  0xf57d864f
core   0: 0x8000816a (0xf557f793) andi    a5, a5, -171
core   0: 3 0x8000816a (0xf557f793) x15 0x90c05e44
core   0: 0x8000816e (0x34002673) csrr    a2, mscratch
core   0: 3 0x8000816e (0x34002673) x12 0x0000001f
core   0: 0x80008172 (0x87547193) andi    gp, s0, -1931
core   0: 3 0x80008172 (0x87547193) x3  0x9dca7844
core   0: 0x80008176 (0x002bdb63) bge     s7, sp, pc + 22
core   0: 3 0x80008176 (0x002bdb63)
core   0: 0x8000817a (0x0000cfb9) c.beqz  a5, pc + 94
core   0: 3 0x8000817a (0xcfb9)
core   0: 0x8000817c (0x340fa3f3) csrrs   t2, mscratch, t6
core   0: 3 0x8000817c (0x340fa3f3) x7  0x0000001f c832_mscratch 0x0000001f
core   0: 0x80008180 (0x0295a0b3) mulhsu  ra, a1, s1
core   0: 3 0x80008180 (0x0295a0b3) x1  0x00000000
core   0: 0x80008184 (0x187ee193) ori     gp, t4, 391
core   0: 3 0x80008184 (0x187ee193) x3  0x00000187
core   0: 0x80008188 (0x0104b0b3) sltu    ra, s1, a6
core   0: 3 0x80008188 (0x0104b0b3) x1  0x00000000
core   0: 0x8000818c (0x03afb433) mulhu   s0, t6, s10
core   0: 3 0x8000818c (0x03afb433) x8  0x00000000
core   0: 0x80008190 (0x007ae3b3) or      t2, s5, t2
core   0: 3 0x80008190 (0x007ae3b3) x7  0x80025e7f
core   0: 0x80008194 (0x05084263) blt     a6, a6, pc + 68
core   0: 3 0x80008194 (0x05084263)
core   0: 0x80008198 (0x0114cab3) xor     s5, s1, a7
core   0: 3 0x80008198 (0x0114cab3) x21 0xe232e2dd
core   0: 0x8000819c (0x01920333) add     t1, tp, s9
core   0: 3 0x8000819c (0x01920333) x6  0x9dca7fe6
core   0: 0x800081a0 (0x34006b73) csrrsi  s6, mscratch, 0
core   0: 3 0x800081a0 (0x34006b73) x22 0x0000001f
core   0: 0x800081a4 (0x0000cb15) c.beqz  a4, pc + 52
core   0: 3 0x800081a4 (0xcb15)
core   0: 0x800081a6 (0x0000cb8d) c.beqz  a5, pc + 50
core   0: 3 0x800081a6 (0xcb8d)
core   0: 0x800081a8 (0x00001ffd) c.addi  t6, -1
core   0: 3 0x800081a8 (0x1ffd) x31 0xffffffff
core   0: 0x800081aa (0x02345b33) divu    s6, s0, gp
core   0: 3 0x800081aa (0x02345b33) x22 0x00000000
core   0: 0x800081ae (0x340bae73) csrrs   t3, mscratch, s7
core   0: 3 0x800081ae (0x340bae73) x28 0x0000001f c832_mscratch 0x80025e7f
core   0: 0x800081b2 (0x3405fc73) csrrci  s8, mscratch, 11
core   0: 3 0x800081b2 (0x3405fc73) x24 0x80025e7f c832_mscratch 0x80025e74
core   0: 0x800081b6 (0x00dbda63) bge     s7, a3, pc + 20
core   0: 3 0x800081b6 (0x00dbda63)
core   0: 0x800081ba (0x0000819d) c.srli  a1, 7
core   0: 3 0x800081ba (0x819d) x11 0x00000000
core   0: 0x800081bc (0x340de3f3) csrrsi  t2, mscratch, 27
core   0: 3 0x800081bc (0x340de3f3) x7  0x80025e74 c832_mscratch 0x80025e7f
core   0: 0x800081c0 (0x009df9b3) and     s3, s11, s1
core   0: 3 0x800081c0 (0x009df9b3) x19 0x9dca7ffe
core   0: 0x800081c4 (0x02d5fd33) remu    s10, a1, a3
core   0: 3 0x800081c4 (0x02d5fd33) x26 0x00000000
core   0: 0x800081c8 (0x000086d9) c.srai  a3, 22
core   0: 3 0x800081c8 (0x86d9) x13 0xffffffff
core   0: 0x800081ca (0x704007ef) jal     a5, pc + 0x704
core   0: 3 0x800081ca (0x704007ef) x15 0x800081ce
core   0: 0x800088ce (0xbea4b493) sltiu   s1, s1, -1046
core   0: 3 0x800088ce (0xbea4b493) x9  0x00000000
core   0: 0x800088d2 (0xfd8b8b93) addi    s7, s7, -40
core   0: 3 0x800088d2 (0xfd8b8b93) x23 0x80025e40
core   0: 0x800088d6 (0x3401f5f3) csrrci  a1, mscratch, 3
core   0: 3 0x800088d6 (0x3401f5f3) x11 0x80025e7f c832_mscratch 0x80025e7c
core   0: 0x800088da (0x0000197d) c.addi  s2, -1
core   0: 3 0x800088da (0x197d) x18 0x00011fff
core   0: 0x800088dc (0x00fba223) sw      a5, 4(s7)
core   0: 3 0x800088dc (0x00fba223) mem 0x80025e44 0x800081ce
core   0: 0x800088e0 (0x00000001) c.nop
core   0: 3 0x800088e0 (0x0001)
core   0: 0x800088e2 (0x0321d3b3) divu    t2, gp, s2
core   0: 3 0x800088e2 (0x0321d3b3) x7  0x00000000
core   0: 0x800088e6 (0x03707c33) remu    s8, zero, s7
core   0: 3 0x800088e6 (0x03707c33) x24 0x00000000
core   0: 0x800088ea (0x0000813e) c.mv    sp, a5
core   0: 3 0x800088ea (0x813e) x2  0x800081ce
core   0: 0x800088ec (0x00000114) c.addi4spn a3, sp, 128
core   0: 3 0x800088ec (0x0114) x13 0x8000824e
core   0: 0x800088ee (0x6fb6e593) ori     a1, a3, 1787
core   0: 3 0x800088ee (0x6fb6e593) x11 0x800086ff
core   0: 0x800088f2 (0x00000d17) auipc   s10, 0x0
core   0: 3 0x800088f2 (0x00000d17) x26 0x800088f2
core   0: 0x800088f6 (0x2fad0d13) addi    s10, s10, 762
core   0: 3 0x800088f6 (0x2fad0d13) x26 0x80008bec
core   0: 0x800088fa (0xc62f0917) auipc   s2, 0xc62f0
core   0: 3 0x800088fa (0xc62f0917) x18 0x462f88fa
core   0: 0x800088fe (0x0486a793) slti    a5, a3, 72
core   0: 3 0x800088fe (0x0486a793) x15 0x00000001
core   0: 0x80008902 (0xc8dd0d13) addi    s10, s10, -883
core   0: 3 0x80008902 (0xc8dd0d13) x26 0x80008879
core   0: 0x80008906 (0x0284b5b3) mulhu   a1, s1, s0
core   0: 3 0x80008906 (0x0284b5b3) x11 0x00000000
core   0: 0x8000890a (0x0236c533) div     a0, a3, gp
core   0: 3 0x8000890a (0x0236c533) x10 0xffac3218
core   0: 0x8000890e (0x00008de1) c.and   a1, s0
core   0: 3 0x8000890e (0x8de1) x11 0x00000000
core   0: 0x80008910 (0x373d07e7) jalr    a5, s10, 883
core   0: 3 0x80008910 (0x373d07e7) x15 0x80008914
core   0: 0x80008bec (0x00008689) c.srai  a3, 2
core   0: 3 0x80008bec (0x8689) x13 0xe0002093
core   0: 0x80008bee (0x9e774193) xori    gp, a4, -1561
core   0: 3 0x80008bee (0x9e774193) x3  0x0006254f
core   0: 0x80008bf2 (0x02d22733) mulhsu  a4, tp, a3
core   0: 3 0x80008bf2 (0x02d22733) x14 0xffffffea
core   0: 0x80008bf6 (0x037208b3) mul     a7, tp, s7
core   0: 3 0x80008bf6 (0x037208b3) x17 0xffc72a00
core   0: 0x80008bfa (0x40630c33) sub     s8, t1, t1
core   0: 3 0x80008bfa (0x40630c33) x24 0x00000000
core   0: 0x80008bfe (0x01741363) bne     s0, s7, pc + 6
core   0: 3 0x80008bfe (0x01741363)
core   0: 0x80008c04 (0xfd4b8b93) addi    s7, s7, -44
core   0: 3 0x80008c04 (0xfd4b8b93) x23 0x80025e14
core   0: 0x80008c08 (0x00008c0d) c.sub   s0, a1
core   0: 3 0x80008c08 (0x8c0d) x8  0x00000000
core   0: 0x80008c0a (0x00008ca1) c.xor   s1, s0
core   0: 3 0x80008c0a (0x8ca1) x9  0x00000000
core   0: 0x80008c0c (0x00fba223) sw      a5, 4(s7)
core   0: 3 0x80008c0c (0x00fba223) mem 0x80025e18 0x80008914
core   0: 0x80008c10 (0x015dd833) srl     a6, s11, s5
core   0: 3 0x80008c10 (0x015dd833) x16 0x00000004
core   0: 0x80008c14 (0x00009e17) auipc   t3, 0x9
core   0: 3 0x80008c14 (0x00009e17) x28 0x80011c14
core   0: 0x80008c18 (0x29fe0e13) addi    t3, t3, 671
core   0: 3 0x80008c18 (0x29fe0e13) x28 0x80011eb3
core   0: 0x80008c1c (0x4002d533) sra     a0, t0, zero
core   0: 3 0x80008c1c (0x4002d533) x10 0xf57d8a0a
core   0: 0x80008c20 (0x0024e033) or      zero, s1, sp
core   0: 3 0x80008c20 (0x0024e033)
core   0: 0x80008c24 (0xf82e4183) lbu     gp, -126(t3)
core   0: 3 0x80008c24 (0xf82e4183) x3  0x000000ee mem 0x80011e35
core   0: 0x80008c28 (0xfe4e0b23) sb      tp, -10(t3)
core   0: 3 0x80008c28 (0xfe4e0b23) mem 0x80011ea9 0xe8
core   0: 0x80008c2c (0x000089ca) c.mv    s3, s2
core   0: 3 0x80008c2c (0x89ca) x19 0x462f88fa
core   0: 0x80008c2e (0x038787b3) mul     a5, a5, s8
core   0: 3 0x80008c2e (0x038787b3) x15 0x00000000
core   0: 0x80008c32 (0xf53e13a3) sh      s3, -185(t3)
core   0: 3 0x80008c32 (0xf53e13a3) mem 0x80011dfa 0x88fa
core   0: 0x80008c36 (0x002e00a3) sb      sp, 1(t3)
core   0: 3 0x80008c36 (0x002e00a3) mem 0x80011eb4 0xce
core   0: 0x80008c3a (0xf65e4b03) lbu     s6, -155(t3)
core   0: 3 0x80008c3a (0xf65e4b03) x22 0x000000d3 mem 0x80011e18
core   0: 0x80008c3e (0x0f4e4c83) lbu     s9, 244(t3)
core   0: 3 0x80008c3e (0x0f4e4c83) x25 0x0000005c mem 0x80011fa7
core   0: 0x80008c42 (0x03199d33) mulh    s10, s3, a7
core   0: 3 0x80008c42 (0x03199d33) x26 0xfff06aee
core   0: 0x80008c46 (0xe9a8b793) sltiu   a5, a7, -358
core   0: 3 0x80008c46 (0xe9a8b793) x15 0x00000001
core   0: 0x80008c4a (0x00000001) c.nop
core   0: 3 0x80008c4a (0x0001)
core   0: 0x80008c4c (0x000083a9) c.srli  a5, 10
core   0: 3 0x80008c4c (0x83a9) x15 0x00000000
core   0: 0x80008c4e (0x00005a7d) c.li    s4, -1
core   0: 3 0x80008c4e (0x5a7d) x20 0xffffffff
core   0: 0x80008c50 (0x00000001) c.nop
core   0: 3 0x80008c50 (0x0001)
core   0: 0x80008c52 (0xfade4883) lbu     a7, -83(t3)
core   0: 3 0x80008c52 (0xfade4883) x17 0x0000001b mem 0x80011e60
core   0: 0x80008c56 (0xf31e0a23) sb      a7, -204(t3)
core   0: 3 0x80008c56 (0xf31e0a23) mem 0x80011de7 0x1b
core   0: 0x80008c5a (0x34003773) csrrc   a4, mscratch, zero
core   0: 3 0x80008c5a (0x34003773) x14 0x80025e7c
core   0: 0x80008c5e (0xf74e0323) sb      s4, -154(t3)
core   0: 3 0x80008c5e (0xf74e0323) mem 0x80011e19 0xff
core   0: 0x80008c62 (0x027b6cb3) rem     s9, s6, t2
core   0: 3 0x80008c62 (0x027b6cb3) x25 0x000000d3
core   0: 0x80008c66 (0x03cc7033) remu    zero, s8, t3
core   0: 3 0x80008c66 (0x03cc7033)
core   0: 0x80008c6a (0x00620733) add     a4, tp, t1
core   0: 3 0x80008c6a (0x00620733) x14 0x9dca7fce
core   0: 0x80008c6e (0x06fe4303) lbu     t1, 111(t3)
core   0: 3 0x80008c6e (0x06fe4303) x6  0x000000d9 mem 0x80011f22
core   0: 0x80008c72 (0x33b16c93) ori     s9, sp, 827
core   0: 3 0x80008c72 (0x33b16c93) x25 0x800083ff
core   0: 0x80008c76 (0x036747b3) div     a5, a4, s6
core   0: 3 0x80008c76 (0x036747b3) x15 0xff88d892
core   0: 0x80008c7a (0x0000100f) fence.i
core   0: 3 0x80008c7a (0x0000100f)
core   0: 0x80008c7e (0x032df233) remu    tp, s11, s2
core   0: 3 0x80008c7e (0x032df233) x4  0x116b6e0b
core   0: 0x80008c82 (0x0d6e4a83) lbu     s5, 214(t3)
core   0: 3 0x80008c82 (0x0d6e4a83) x21 0x00000042 mem 0x80011f89
core   0: 0x80008c86 (0x0f5e5883) lhu     a7, 245(t3)
core   0: 3 0x80008c86 (0x0f5e5883) x17 0x00006263 mem 0x80011fa8
core   0: 0x80008c8a (0x00f82fb3) slt     t6, a6, a5
core   0: 3 0x80008c8a (0x00f82fb3) x31 0x00000000
core   0: 0x80008c8e (0x405fd313) srai    t1, t6, 5
core   0: 3 0x80008c8e (0x405fd313) x6  0x00000000
core   0: 0x80008c92 (0x00a79a93) slli    s5, a5, 10
core   0: 3 0x80008c92 (0x00a79a93) x21 0x23624800
core   0: 0x80008c96 (0x404e0933) sub     s2, t3, tp
core   0: 3 0x80008c96 (0x404e0933) x18 0x6e95b0a8
core   0: 0x80008c9a (0x53d0ec13) ori     s8, ra, 1341
core   0: 3 0x80008c9a (0x53d0ec13) x24 0x0000053d
core   0: 0x80008c9e (0x000083cd) c.srli  a5, 19
core   0: 3 0x80008c9e (0x83cd) x15 0x00001ff1
core   0: 0x80008ca0 (0xfebe14a3) sh      a1, -23(t3)
core   0: 3 0x80008ca0 (0xfebe14a3) mem 0x80011e9c 0x0000
core   0: 0x80008ca4 (0x0d6e0f83) lb      t6, 214(t3)
core   0: 3 0x80008ca4 (0x0d6e0f83) x31 0x00000042 mem 0x80011f89
core   0: 0x80008ca8 (0x7b7f3217) auipc   tp, 0x7b7f3
core   0: 3 0x80008ca8 (0x7b7f3217) x4  0xfb7fbca8
core   0: 0x80008cac (0x34007ff3) csrrci  t6, mscratch, 0
core   0: 3 0x80008cac (0x34007ff3) x31 0x80025e7c
core   0: 0x80008cb0 (0x00008da9) c.xor   a1, a0
core   0: 3 0x80008cb0 (0x8da9) x11 0xf57d8a0a
core   0: 0x80008cb2 (0x0ff0000f) fence   iorw,iorw
core   0: 3 0x80008cb2 (0x0ff0000f)
core   0: 0x80008cb6 (0x03a68033) mul     zero, a3, s10
core   0: 3 0x80008cb6 (0x03a68033)
core   0: 0x80008cba (0x027f4b33) div     s6, t5, t2
core   0: 3 0x80008cba (0x027f4b33) x22 0xffffffff
core   0: 0x80008cbe (0x0dee4b03) lbu     s6, 222(t3)
core   0: 3 0x80008cbe (0x0dee4b03) x22 0x0000004a mem 0x80011f91
core   0: 0x80008cc2 (0x00016817) auipc   a6, 0x16
core   0: 3 0x80008cc2 (0x00016817) x16 0x8001ecc2
core   0: 0x80008cc6 (0x99e80813) addi    a6, a6, -1634
core   0: 3 0x80008cc6 (0x99e80813) x16 0x8001e660
core   0: 0x80008cca (0xff080183) lb      gp, -16(a6)
core   0: 3 0x80008cca (0xff080183) x3  0x0000000b mem 0x8001e650
core   0: 0x80008cce (0x560a4d93) xori    s11, s4, 1376
core   0: 3 0x80008cce (0x560a4d93) x27 0xfffffa9f
core   0: 0x80008cd2 (0x0000991e) c.add   s2, t2
core   0: 3 0x80008cd2 (0x991e) x18 0x6e95b0a8
core   0: 0x80008cd4 (0x01bf7033) and     zero, t5, s11
core   0: 3 0x80008cd4 (0x01bf7033)
core   0: 0x80008cd8 (0x018ad533) srl     a0, s5, s8
core   0: 3 0x80008cd8 (0x018ad533) x10 0x00000001
core   0: 0x80008cdc (0x00e85903) lhu     s2, 14(a6)
core   0: 3 0x80008cdc (0x00e85903) x18 0x00002425 mem 0x8001e66e
core   0: 0x80008ce0 (0xff880ca3) sb      s8, -7(a6)
core   0: 3 0x80008ce0 (0xff880ca3) mem 0x8001e659 0x3d
core   0: 0x80008ce4 (0xfec81b23) sh      a2, -10(a6)
core   0: 3 0x80008ce4 (0xfec81b23) mem 0x8001e656 0x001f
core   0: 0x80008ce8 (0x00c82403) lw      s0, 12(a6)
core   0: 3 0x80008ce8 (0x00c82403) x8  0x24252627 mem 0x8001e66c
core   0: 0x80008cec (0x03dc78b3) remu    a7, s8, t4
core   0: 3 0x80008cec (0x03dc78b3) x17 0x0000053d
core   0: 0x80008cf0 (0x00271e33) sll     t3, a4, sp
core   0: 3 0x80008cf0 (0x00271e33) x28 0x9ff38000
core   0: 0x80008cf4 (0xff080f83) lb      t6, -16(a6)
core   0: 3 0x80008cf4 (0xff080f83) x31 0x0000000b mem 0x8001e650
core   0: 0x80008cf8 (0x00e80903) lb      s2, 14(a6)
core   0: 3 0x80008cf8 (0x00e80903) x18 0x00000025 mem 0x8001e66e
core   0: 0x80008cfc (0xffd84b03) lbu     s6, -3(a6)
core   0: 3 0x80008cfc (0xffd84b03) x22 0x00000016 mem 0x8001e65d
core   0: 0x80008d00 (0x00d84083) lbu     ra, 13(a6)
core   0: 3 0x80008d00 (0x00d84083) x1  0x00000026 mem 0x8001e66d
core   0: 0x80008d04 (0x34051173) csrrw   sp, mscratch, a0
core   0: 3 0x80008d04 (0x34051173) x2  0x80025e7c c832_mscratch 0x00000001
core   0: 0x80008d08 (0x153f8313) addi    t1, t6, 339
core   0: 3 0x80008d08 (0x153f8313) x6  0x0000015e
core   0: 0x80008d0c (0x00184683) lbu     a3, 1(a6)
core   0: 3 0x80008d0c (0x00184683) x13 0x0000001a mem 0x8001e661
core   0: 0x80008d10 (0xff284b03) lbu     s6, -14(a6)
core   0: 3 0x80008d10 (0xff284b03) x22 0x00000009 mem 0x8001e652
core   0: 0x80008d14 (0xffa82c23) sw      s10, -8(a6)
core   0: 3 0x80008d14 (0xffa82c23) mem 0x8001e658 0xfff06aee
core   0: 0x80008d18 (0x00b80a03) lb      s4, 11(a6)
core   0: 3 0x80008d18 (0x00b80a03) x20 0x00000020 mem 0x8001e66b
core   0: 0x80008d1c (0x00d80503) lb      a0, 13(a6)
core   0: 3 0x80008d1c (0x00d80503) x10 0x00000026 mem 0x8001e66d
core   0: 0x80008d20 (0x00b80b03) lb      s6, 11(a6)
core   0: 3 0x80008d20 (0x00b80b03) x22 0x00000020 mem 0x8001e66b
core   0: 0x80008d24 (0x00980e03) lb      t3, 9(a6)
core   0: 3 0x80008d24 (0x00980e03) x28 0x00000022 mem 0x8001e669
core   0: 0x80008d28 (0xff482f83) lw      t6, -12(a6)
core   0: 3 0x80008d28 (0xff482f83) x31 0x001f0e0f mem 0x8001e654
core   0: 0x80008d2c (0xfe582823) sw      t0, -16(a6)
core   0: 3 0x80008d2c (0xfe582823) mem 0x8001e650 0xf57d8a0a
core   0: 0x80008d30 (0x00e805a3) sb      a4, 11(a6)
core   0: 3 0x80008d30 (0x00e805a3) mem 0x8001e66b 0xce
core   0: 0x80008d34 (0x340068f3) csrrsi  a7, mscratch, 0
core   0: 3 0x80008d34 (0x340068f3) x17 0x00000001
core   0: 0x80008d38 (0xc76fa993) slti    s3, t6, -906
core   0: 3 0x80008d38 (0xc76fa993) x19 0x00000000
core   0: 0x80008d3c (0x00a806a3) sb      a0, 13(a6)
core   0: 3 0x80008d3c (0x00a806a3) mem 0x8001e66d 0x26
core   0: 0x80008d40 (0xffb80a23) sb      s11, -12(a6)
core   0: 3 0x80008d40 (0xffb80a23) mem 0x8001e654 0x9f
core   0: 0x80008d44 (0xfec80fa3) sb      a2, -1(a6)
core   0: 3 0x80008d44 (0xfec80fa3) mem 0x8001e65f 0x1f
core   0: 0x80008d48 (0xfee809a3) sb      a4, -13(a6)
core   0: 3 0x80008d48 (0xfee809a3) mem 0x8001e653 0xce
core   0: 0x80008d4c (0x01280123) sb      s2, 2(a6)
core   0: 3 0x80008d4c (0x01280123) mem 0x8001e662 0x25
core   0: 0x80008d50 (0x00381423) sh      gp, 8(a6)
core   0: 3 0x80008d50 (0x00381423) mem 0x8001e668 0x000b
core   0: 0x80008d54 (0x00008e29) c.xor   a2, a0
core   0: 3 0x80008d54 (0x8e29) x12 0x00000039
core   0: 0x80008d56 (0xff784c03) lbu     s8, -9(a6)
core   0: 3 0x80008d56 (0xff784c03) x24 0x00000000 mem 0x8001e657
core   0: 0x80008d5a (0xff484903) lbu     s2, -12(a6)
core   0: 3 0x80008d5a (0xff484903) x18 0x0000009f mem 0x8001e654
core   0: 0x80008d5e (0x00007117) auipc   sp, 0x7
core   0: 3 0x80008d5e (0x00007117) x2  0x8000fd5e
core   0: 0x80008d62 (0x47610113) addi    sp, sp, 1142
core   0: 3 0x80008d62 (0x47610113) x2  0x800101d4
core   0: 0x80008d66 (0x7e74ad93) slti    s11, s1, 2023
core   0: 3 0x80008d66 (0x7e74ad93) x27 0x00000001
core   0: 0x80008d6a (0x000045b2) c.lwsp  a1, 12(sp)
core   0: 3 0x80008d6a (0x45b2) x11 0x98999a9b mem 0x800101e0
core   0: 0x80008d6c (0x40855a13) srai    s4, a0, 8
core   0: 3 0x80008d6c (0x40855a13) x20 0x00000000
core   0: 0x80008d70 (0x02f11f23) sh      a5, 62(sp)
core   0: 3 0x80008d70 (0x02f11f23) mem 0x80010212 0x1ff1
core   0: 0x80008d74 (0x41b9d093) srai    ra, s3, 27
core   0: 3 0x80008d74 (0x41b9d093) x1  0x00000000
core   0: 0x80008d78 (0x0218fa33) remu    s4, a7, ra
core   0: 3 0x80008d78 (0x0218fa33) x20 0x00000001
core   0: 0x80008d7c (0x02bc3933) mulhu   s2, s8, a1
core   0: 3 0x80008d7c (0x02bc3933) x18 0x00000000
core   0: 0x80008d80 (0xfd8106a3) sb      s8, -51(sp)
core   0: 3 0x80008d80 (0xfd8106a3) mem 0x800101a1 0x00
core   0: 0x80008d84 (0x0024afb3) slt     t6, s1, sp
core   0: 3 0x80008d84 (0x0024afb3) x31 0x00000000
core   0: 0x80008d88 (0x896bfe13) andi    t3, s7, -1898
core   0: 3 0x80008d88 (0x896bfe13) x28 0x80025814
core   0: 0x80008d8c (0x00004e82) c.lwsp  t4, 0(sp)
core   0: 3 0x80008d8c (0x4e82) x29 0x8c8d8e8f mem 0x800101d4
core   0: 0x80008d8e (0x00008d75) c.and   a0, a3
core   0: 3 0x80008d8e (0x8d75) x10 0x00000002
core   0: 0x80008d90 (0xc8a2be13) sltiu   t3, t0, -886
core   0: 3 0x80008d90 (0xc8a2be13) x28 0x00000001
core   0: 0x80008d94 (0x00e10ca3) sb      a4, 25(sp)
core   0: 3 0x80008d94 (0x00e10ca3) mem 0x800101ed 0xce
core   0: 0x80008d98 (0x000067fd) c.lui   a5, 0x1f
core   0: 3 0x80008d98 (0x67fd) x15 0x0001f000
core   0: 0x80008d9a (0xffb14503) lbu     a0, -5(sp)
core   0: 3 0x80008d9a (0xffb14503) x10 0x00000084 mem 0x800101cf
core   0: 0x80008d9e (0x3400e873) csrrsi  a6, mscratch, 1
core   0: 3 0x80008d9e (0x3400e873) x16 0x00000001 c832_mscratch 0x00000001
core   0: 0x80008da2 (0x00000001) c.nop
core   0: 3 0x80008da2 (0x0001)
core   0: 0x80008da4 (0x0000d61e) c.swsp  t2, 44(sp)
core   0: 3 0x80008da4 (0xd61e) mem 0x80010200 0x00000000
core   0: 0x80008da6 (0xfd510823) sb      s5, -48(sp)
core   0: 3 0x80008da6 (0xfd510823) mem 0x800101a4 0x00
core   0: 0x80008daa (0x01211903) lh      s2, 18(sp)
core   0: 3 0x80008daa (0x01211903) x18 0xffff9c9d mem 0x800101e6
core   0: 0x80008dae (0x03368933) mul     s2, a3, s3
core   0: 3 0x80008dae (0x03368933) x18 0x00000000
core   0: 0x80008db2 (0x00f7a333) slt     t1, a5, a5
core   0: 3 0x80008db2 (0x00f7a333) x6  0x00000000
core   0: 0x80008db6 (0x1da39837) lui     a6, 0x1da39
core   0: 3 0x80008db6 (0x1da39837) x16 0x1da39000
core   0: 0x80008dba (0x8a58ff97) auipc   t6, 0x8a58f
core   0: 3 0x80008dba (0x8a58ff97) x31 0x0a597dba
core   0: 0x80008dbe (0x015d8533) add     a0, s11, s5
core   0: 3 0x80008dbe (0x015d8533) x10 0x23624801
core   0: 0x80008dc2 (0x00d10fa3) sb      a3, 31(sp)
core   0: 3 0x80008dc2 (0x00d10fa3) mem 0x800101f3 0x1a
core   0: 0x80008dc6 (0x031654b3) divu    s1, a2, a7
core   0: 3 0x80008dc6 (0x031654b3) x9  0x00000039
core   0: 0x80008dca (0x03214183) lbu     gp, 50(sp)
core   0: 3 0x80008dca (0x03214183) x3  0x000000bd mem 0x80010206
core   0: 0x80008dce (0x00000001) c.nop
core   0: 3 0x80008dce (0x0001)
core   0: 0x80008dd0 (0xffa11323) sh      s10, -26(sp)
core   0: 3 0x80008dd0 (0xffa11323) mem 0x800101ba 0x6aee
core   0: 0x80008dd4 (0xfda14a03) lbu     s4, -38(sp)
core   0: 3 0x80008dd4 (0xfda14a03) x20 0x00000065 mem 0x800101ae
core   0: 0x80008dd8 (0x54cb8d13) addi    s10, s7, 1356
core   0: 3 0x80008dd8 (0x54cb8d13) x26 0x80026360
core   0: 0x80008ddc (0x93fbe693) ori     a3, s7, -1729
core   0: 3 0x80008ddc (0x93fbe693) x13 0xffffff3f
core   0: 0x80008de0 (0x01b0b333) sltu    t1, ra, s11
core   0: 3 0x80008de0 (0x01b0b333) x6  0x00000001
core   0: 0x80008de4 (0x0000cc56) c.swsp  s5, 24(sp)
core   0: 3 0x80008de4 (0xcc56) mem 0x800101ec 0x23624800
core   0: 0x80008de6 (0xbfc32c93) slti    s9, t1, -1028
core   0: 3 0x80008de6 (0xbfc32c93) x25 0x00000000
core   0: 0x80008dea (0xfc8101a3) sb      s0, -61(sp)
core   0: 3 0x80008dea (0xfc8101a3) mem 0x80010197 0x27
core   0: 0x80008dee (0x02710583) lb      a1, 39(sp)
core   0: 3 0x80008dee (0x02710583) x11 0xffffffb0 mem 0x800101fb
core   0: 0x80008df2 (0x03611c83) lh      s9, 54(sp)
core   0: 3 0x80008df2 (0x03611c83) x25 0xffffc0c1 mem 0x8001020a
core   0: 0x80008df6 (0xfe014083) lbu     ra, -32(sp)
core   0: 3 0x80008df6 (0xfe014083) x1  0x0000006f mem 0x800101b4
core   0: 0x80008dfa (0x7a634213) xori    tp, t1, 1958
core   0: 3 0x80008dfa (0x7a634213) x4  0x000007a7
core   0: 0x80008dfe (0x3407faf3) csrrci  s5, mscratch, 15
core   0: 3 0x80008dfe (0x3407faf3) x21 0x00000001 c832_mscratch 0x00000000
core   0: 0x80008e02 (0x020ebb33) mulhu   s6, t4, zero
core   0: 3 0x80008e02 (0x020ebb33) x22 0x00000000
core   0: 0x80008e06 (0x00535693) srli    a3, t1, 5
core   0: 3 0x80008e06 (0x00535693) x13 0x00000000
core   0: 0x80008e0a (0x03210503) lb      a0, 50(sp)
core   0: 3 0x80008e0a (0x03210503) x10 0xffffffbd mem 0x80010206
core   0: 0x80008e0e (0xfd914083) lbu     ra, -39(sp)
core   0: 3 0x80008e0e (0xfd914083) x1  0x00000066 mem 0x800101ad
core   0: 0x80008e12 (0x40ab57b3) sra     a5, s6, a0
core   0: 3 0x80008e12 (0x40ab57b3) x15 0x00000000
core   0: 0x80008e16 (0x0182c033) xor     zero, t0, s8
core   0: 3 0x80008e16 (0x0182c033)
core   0: 0x80008e1a (0x3707bd97) auipc   s11, 0x3707b
core   0: 3 0x80008e1a (0x3707bd97) x27 0xb7083e1a
core   0: 0x80008e1e (0x0000997d) c.andi  a0, -1
core   0: 3 0x80008e1e (0x997d) x10 0xffffffbd
core   0: 0x80008e20 (0x0282b833) mulhu   a6, t0, s0
core   0: 3 0x80008e20 (0x0282b833) x16 0x22a94724
core   0: 0x80008e24 (0x411b5893) srai    a7, s6, 17
core   0: 3 0x80008e24 (0x411b5893) x17 0x00000000
core   0: 0x80008e28 (0x01471f93) slli    t6, a4, 20
core   0: 3 0x80008e28 (0x01471f93) x31 0xfce00000
core   0: 0x80008e2c (0x8af71037) lui     zero, 0x8af71
core   0: 3 0x80008e2c (0x8af71037)
core   0: 0x80008e30 (0x00008f09) c.sub   a4, a0
core   0: 3 0x80008e30 (0x8f09) x14 0x9dca8011
core   0: 0x80008e32 (0x00008df5) c.and   a1, a3
core   0: 3 0x80008e32 (0x8df5) x11 0x00000000
core   0: 0x80008e34 (0x40b9d3b3) sra     t2, s3, a1
core   0: 3 0x80008e34 (0x40b9d3b3) x7  0x00000000
core   0: 0x80008e38 (0x414dd333) sra     t1, s11, s4
core   0: 3 0x80008e38 (0x414dd333) x6  0xfdb841f0
core   0: 0x80008e3c (0x00008289) c.srli  a3, 2
core   0: 3 0x80008e3c (0x8289) x13 0x00000000
core   0: 0x80008e3e (0x340e5cf3) csrrwi  s9, mscratch, 28
core   0: 3 0x80008e3e (0x340e5cf3) x25 0x00000000 c832_mscratch 0x0000001c
core   0: 0x80008e42 (0x033806b3) mul     a3, a6, s3
core   0: 3 0x80008e42 (0x033806b3) x13 0x00000000
core   0: 0x80008e46 (0x0216ceb3) div     t4, a3, ra
core   0: 3 0x80008e46 (0x0216ceb3) x29 0x00000000
core   0: 0x80008e4a (0x03e84db3) div     s11, a6, t5
core   0: 3 0x80008e4a (0x03e84db3) x27 0x00000000
core   0: 0x80008e4e (0x00000001) c.nop
core   0: 3 0x80008e4e (0x0001)
core   0: 0x80008e50 (0x41280633) sub     a2, a6, s2
core   0: 3 0x80008e50 (0x41280633) x12 0x22a94724
core   0: 0x80008e54 (0x03efdd33) divu    s10, t6, t5
core   0: 3 0x80008e54 (0x03efdd33) x26 0x00000001
core   0: 0x80008e58 (0x00001510) c.addi4spn a2, sp, 672
core   0: 3 0x80008e58 (0x1510) x12 0x80010474
core   0: 0x80008e5a (0x00f20b33) add     s6, tp, a5
core   0: 3 0x80008e5a (0x00f20b33) x22 0x000007a7
core   0: 0x80008e5e (0x03c96fb3) rem     t6, s2, t3
core   0: 3 0x80008e5e (0x03c96fb3) x31 0x00000000
core   0: 0x80008e62 (0x015c8933) add     s2, s9, s5
core   0: 3 0x80008e62 (0x015c8933) x18 0x00000001
core   0: 0x80008e66 (0x00041893) slli    a7, s0, 0
core   0: 3 0x80008e66 (0x00041893) x17 0x24252627
core   0: 0x80008e6a (0x0079a133) slt     sp, s3, t2
core   0: 3 0x80008e6a (0x0079a133) x2  0x00000000
core   0: 0x80008e6e (0x34003d73) csrrc   s10, mscratch, zero
core   0: 3 0x80008e6e (0x34003d73) x26 0x0000001c
core   0: 0x80008e72 (0x0ff0000f) fence   iorw,iorw
core   0: 3 0x80008e72 (0x0ff0000f)
core   0: 0x80008e76 (0x340dfd73) csrrci  s10, mscratch, 27
core   0: 3 0x80008e76 (0x340dfd73) x26 0x0000001c c832_mscratch 0x00000004
core   0: 0x80008e7a (0xd6d7e613) ori     a2, a5, -659
core   0: 3 0x80008e7a (0xd6d7e613) x12 0xfffffd6d
core   0: 0x80008e7e (0x02dd5b33) divu    s6, s10, a3
core   0: 3 0x80008e7e (0x02dd5b33) x22 0xffffffff
core   0: 0x80008e82 (0x0059de13) srli    t3, s3, 5
core   0: 3 0x80008e82 (0x0059de13) x28 0x00000000
core   0: 0x80008e86 (0x02f65fb3) divu    t6, a2, a5
core   0: 3 0x80008e86 (0x02f65fb3) x31 0xffffffff
core   0: 0x80008e8a (0x0000100f) fence.i
core   0: 3 0x80008e8a (0x0000100f)
core   0: 0x80008e8e (0x0000989a) c.add   a7, t1
core   0: 3 0x80008e8e (0x989a) x17 0x21dd6817
core   0: 0x80008e90 (0x67eee513) ori     a0, t4, 1662
core   0: 3 0x80008e90 (0x67eee513) x10 0x0000067e
core   0: 0x80008e94 (0x002efb63) bgeu    t4, sp, pc + 22
core   0: 3 0x80008e94 (0x002efb63)
core   0: 0x80008eaa (0x00008d3d) c.xor   a0, a5
core   0: 3 0x80008eaa (0x8d3d) x10 0x0000067e
core   0: 0x80008eac (0x3401d773) csrrwi  a4, mscratch, 3
core   0: 3 0x80008eac (0x3401d773) x14 0x00000004 c832_mscratch 0x00000003
core   0: 0x80008eb0 (0x01098e63) beq     s3, a6, pc + 28
core   0: 3 0x80008eb0 (0x01098e63)
core   0: 0x80008eb4 (0x0007ca63) bltz    a5, pc + 20
core   0: 3 0x80008eb4 (0x0007ca63)
core   0: 0x80008eb8 (0x00000001) c.nop
core   0: 3 0x80008eb8 (0x0001)
core   0: 0x80008eba (0x0000809a) c.mv    ra, t1
core   0: 3 0x80008eba (0x809a) x1  0xfdb841f0
core   0: 0x80008ebc (0x0067c133) xor     sp, a5, t1
core   0: 3 0x80008ebc (0x0067c133) x2  0xfdb841f0
core   0: 0x80008ec0 (0x0000830a) c.mv    t1, sp
core   0: 3 0x80008ec0 (0x830a) x6  0xfdb841f0
core   0: 0x80008ec2 (0x00000ad2) c.slli  s5, 20
core   0: 3 0x80008ec2 (0x0ad2) x21 0x00100000
core   0: 0x80008ec4 (0x0022a233) slt     tp, t0, sp
core   0: 3 0x80008ec4 (0x0022a233) x4  0x00000001
core   0: 0x80008ec8 (0x340a55f3) csrrwi  a1, mscratch, 20
core   0: 3 0x80008ec8 (0x340a55f3) x11 0x00000003 c832_mscratch 0x00000014
core   0: 0x80008ecc (0x03a6ab33) mulhsu  s6, a3, s10
core   0: 3 0x80008ecc (0x03a6ab33) x22 0x00000000
core   0: 0x80008ed0 (0x017a5c63) bge     s4, s7, pc + 24
core   0: 3 0x80008ed0 (0x017a5c63)
core   0: 0x80008ee8 (0x0ff0000f) fence   iorw,iorw
core   0: 3 0x80008ee8 (0x0ff0000f)
core   0: 0x80008eec (0xa3f7be97) auipc   t4, 0xa3f7b
core   0: 3 0x80008eec (0xa3f7be97) x29 0x23f83eec
core   0: 0x80008ef0 (0x009d57b3) srl     a5, s10, s1
core   0: 3 0x80008ef0 (0x009d57b3) x15 0x00000000
core   0: 0x80008ef4 (0x0000717d) c.addi16sp sp, -16
core   0: 3 0x80008ef4 (0x717d) x2  0xfdb841e0
core   0: 0x80008ef6 (0x0000100f) fence.i
core   0: 3 0x80008ef6 (0x0000100f)
core   0: 0x80008efa (0x0313e7b3) rem     a5, t2, a7
core   0: 3 0x80008efa (0x0313e7b3) x15 0x00000000
core   0: 0x80008efe (0x0000985e) c.add   a6, s7
core   0: 3 0x80008efe (0x985e) x16 0xa2aba538
core   0: 0x80008f00 (0x89617713) andi    a4, sp, -1898
core   0: 3 0x80008f00 (0x89617713) x14 0xfdb84080
core   0: 0x80008f04 (0x0ff0000f) fence   iorw,iorw
core   0: 3 0x80008f04 (0x0ff0000f)
core   0: 0x80008f08 (0x0000c585) c.beqz  a1, pc + 40
core   0: 3 0x80008f08 (0xc585)
core   0: 0x80008f0a (0x0000e339) c.bnez  a4, pc + 70
core   0: 3 0x80008f0a (0xe339)
core   0: 0x80008f50 (0x02163633) mulhu   a2, a2, ra
core   0: 3 0x80008f50 (0x02163633) x12 0xfdb83f62
core   0: 0x80008f54 (0x00000001) c.nop
core   0: 3 0x80008f54 (0x0001)
core   0: 0x80008f56 (0x0000e60d) c.bnez  a2, pc + 42
core   0: 3 0x80008f56 (0xe60d)
core   0: 0x80008f80 (0x069f4517) auipc   a0, 0x69f4
core   0: 3 0x80008f80 (0x069f4517) x10 0x869fcf80
core   0: 0x80008f84 (0x00000232) c.slli  tp, 12
core   0: 3 0x80008f84 (0x0232) x4  0x00001000
core   0: 0x80008f86 (0x36ba9e17) auipc   t3, 0x36ba9
core   0: 3 0x80008f86 (0x36ba9e17) x28 0xb6bb1f86
core   0: 0x80008f8a (0x00008b69) c.andi  a4, 26
core   0: 3 0x80008f8a (0x8b69) x14 0x00000000
core   0: 0x80008f8c (0x8fc667b7) lui     a5, 0x8fc66
core   0: 3 0x80008f8c (0x8fc667b7) x15 0x8fc66000
core   0: 0x80008f90 (0x00000e8c) c.addi4spn a1, sp, 848
core   0: 3 0x80008f90 (0x0e8c) x11 0xfdb84530
core   0: 0x80008f92 (0x340c7173) csrrci  sp, mscratch, 24
core   0: 3 0x80008f92 (0x340c7173) x2  0x00000014 c832_mscratch 0x00000004
core   0: 0x80008f96 (0x41420c33) sub     s8, tp, s4
core   0: 3 0x80008f96 (0x41420c33) x24 0x00000f9b
core   0: 0x80008f9a (0x0000100f) fence.i
core   0: 3 0x80008f9a (0x0000100f)
core   0: 0x80008f9e (0xc9ee7993) andi    s3, t3, -866
core   0: 3 0x80008f9e (0xc9ee7993) x19 0xb6bb1c86
core   0: 0x80008fa2 (0x03b7c533) div     a0, a5, s11
core   0: 3 0x80008fa2 (0x03b7c533) x10 0xffffffff
core   0: 0x80008fa6 (0x00dae763) bltu    s5, a3, pc + 14
core   0: 3 0x80008fa6 (0x00dae763)
core   0: 0x80008faa (0x0128df63) bge     a7, s2, pc + 30
core   0: 3 0x80008faa (0x0128df63)
core   0: 0x80008fc8 (0x00009afd) c.andi  a3, -1
core   0: 3 0x80008fc8 (0x9afd) x13 0x00000000
core   0: 0x80008fca (0x0000e019) c.bnez  s0, pc + 6
core   0: 3 0x80008fca (0xe019)
core   0: 0x80008fd0 (0x024f8ab3) mul     s5, t6, tp
core   0: 3 0x80008fd0 (0x024f8ab3) x21 0xfffff000
core   0: 0x80008fd4 (0x56a38193) addi    gp, t2, 1386
core   0: 3 0x80008fd4 (0x56a38193) x3  0x0000056a
core   0: 0x80008fd8 (0x34007e73) csrrci  t3, mscratch, 0
core   0: 3 0x80008fd8 (0x34007e73) x28 0x00000004
core   0: 0x80008fdc (0x022b1133) mulh    sp, s6, sp
core   0: 3 0x80008fdc (0x022b1133) x2  0x00000000
core   0: 0x80008fe0 (0x34006773) csrrsi  a4, mscratch, 0
core   0: 3 0x80008fe0 (0x34006773) x14 0x00000004
core   0: 0x80008fe4 (0x03d3d4b3) divu    s1, t2, t4
core   0: 3 0x80008fe4 (0x03d3d4b3) x9  0x00000000
core   0: 0x80008fe8 (0x00008c15) c.sub   s0, a3
core   0: 3 0x80008fe8 (0x8c15) x8  0x24252627
core   0: 0x80008fea (0x3cbfbc13) sltiu   s8, t6, 971
core   0: 3 0x80008fea (0x3cbfbc13) x24 0x00000000
core   0: 0x80008fee (0x0000169c) c.addi4spn a5, sp, 864
core   0: 3 0x80008fee (0x169c) x15 0x00000360
core   0: 0x80008ff0 (0x00008b41) c.andi  a4, 16
core   0: 3 0x80008ff0 (0x8b41) x14 0x00000000
core   0: 0x80008ff2 (0x94ecccb7) lui     s9, 0x94ecc
core   0: 3 0x80008ff2 (0x94ecccb7) x25 0x94ecc000
core   0: 0x80008ff6 (0x00008ebd) c.xor   a3, a5
core   0: 3 0x80008ff6 (0x8ebd) x13 0x00000360
core   0: 0x80008ff8 (0x02a11733) mulh    a4, sp, a0
core   0: 3 0x80008ff8 (0x02a11733) x14 0x00000000
core   0: 0x80008ffc (0x000008b1) c.addi  a7, 12
core   0: 3 0x80008ffc (0x08b1) x17 0x21dd6823
core   0: 0x80008ffe (0x00006aa5) c.lui   s5, 0x9
core   0: 3 0x80008ffe (0x6aa5) x21 0x00009000
core   0: 0x80009000 (0x00000001) c.nop
core   0: 3 0x80009000 (0x0001)
core   0: 0x80009002 (0x01912ab3) slt     s5, sp, s9
core   0: 3 0x80009002 (0x01912ab3) x21 0x00000000
core   0: 0x80009006 (0x46772e97) auipc   t4, 0x46772
core   0: 3 0x80009006 (0x46772e97) x29 0xc677b006
core   0: 0x8000900a (0x40c65033) sra     zero, a2, a2
core   0: 3 0x8000900a (0x40c65033)
core   0: 0x8000900e (0x3403d6f3) csrrwi  a3, mscratch, 7
core   0: 3 0x8000900e (0x3403d6f3) x13 0x00000004 c832_mscratch 0x00000007
core   0: 0x80009012 (0x00000b35) c.addi  s6, 13
core   0: 3 0x80009012 (0x0b35) x22 0x0000000d
core   0: 0x80009014 (0x0145b5b3) sltu    a1, a1, s4
core   0: 3 0x80009014 (0x0145b5b3) x11 0x00000000
core   0: 0x80009018 (0x023ab1b3) mulhu   gp, s5, gp
core   0: 3 0x80009018 (0x023ab1b3) x3  0x00000000
core   0: 0x8000901c (0x0205e033) rem     zero, a1, zero
core   0: 3 0x8000901c (0x0205e033)
core   0: 0x80009020 (0x2fedb993) sltiu   s3, s11, 766
core   0: 3 0x80009020 (0x2fedb993) x19 0x00000001
core   0: 0x80009024 (0x036e0663) beq     t3, s6, pc + 44
core   0: 3 0x80009024 (0x036e0663)
core   0: 0x80009028 (0x00e8a633) slt     a2, a7, a4
core   0: 3 0x80009028 (0x00e8a633) x12 0x00000000
core   0: 0x8000902c (0x2028ea97) auipc   s5, 0x2028e
core   0: 3 0x8000902c (0x2028ea97) x21 0xa029702c
core   0: 0x80009030 (0x00000001) c.nop
core   0: 3 0x80009030 (0x0001)
core   0: 0x80009032 (0x0000e31d) c.bnez  a4, pc + 38
core   0: 3 0x80009032 (0xe31d)
core   0: 0x80009034 (0x40ce8d33) sub     s10, t4, a2
core   0: 3 0x80009034 (0x40ce8d33) x26 0xc677b006
core   0: 0x80009038 (0x015d06b3) add     a3, s10, s5
core   0: 3 0x80009038 (0x015d06b3) x13 0x66a12032
core   0: 0x8000903c (0x02be3e33) mulhu   t3, t3, a1
core   0: 3 0x8000903c (0x02be3e33) x28 0x00000000
core   0: 0x80009040 (0x34007ef3) csrrci  t4, mscratch, 0
core   0: 3 0x80009040 (0x34007ef3) x29 0x00000007
core   0: 0x80009044 (0x0ec1a413) slti    s0, gp, 236
core   0: 3 0x80009044 (0x0ec1a413) x8  0x00000001
core   0: 0x80009048 (0xc41cc893) xori    a7, s9, -959
core   0: 3 0x80009048 (0xc41cc893) x17 0x6b133c41
core   0: 0x8000904c (0x01c27433) and     s0, tp, t3
core   0: 3 0x8000904c (0x01c27433) x8  0x00000000
core   0: 0x80009050 (0x03680633) mul     a2, a6, s6
core   0: 3 0x80009050 (0x03680633) x12 0x42b763d8
core   0: 0x80009054 (0x000d80b3) add     ra, s11, zero
core   0: 3 0x80009054 (0x000d80b3) x1  0x00000000
core   0: 0x80009058 (0x0000e985) c.bnez  a1, pc + 48
core   0: 3 0x80009058 (0xe985)
core   0: 0x8000905a (0x018384b3) add     s1, t2, s8
core   0: 3 0x8000905a (0x018384b3) x9  0x00000000
core   0: 0x8000905e (0x034d89b3) mul     s3, s11, s4
core   0: 3 0x8000905e (0x034d89b3) x19 0x00000000
core   0: 0x80009062 (0x03e24733) div     a4, tp, t5
core   0: 3 0x80009062 (0x03e24733) x14 0x00000000
core   0: 0x80009066 (0x007f1a63) bne     t5, t2, pc + 20
core   0: 3 0x80009066 (0x007f1a63)
core   0: 0x8000907a (0x02cb0763) beq     s6, a2, pc + 46
core   0: 3 0x8000907a (0x02cb0763)
core   0: 0x8000907e (0x037fa233) mulhsu  tp, t6, s7
core   0: 3 0x8000907e (0x037fa233) x4  0xffffffff
core   0: 0x80009082 (0x00000e86) c.slli  t4, 1
core   0: 3 0x80009082 (0x0e86) x29 0x0000000e
core   0: 0x80009084 (0x0ff0000f) fence   iorw,iorw
core   0: 3 0x80009084 (0x0ff0000f)
core   0: 0x80009088 (0xa5c24213) xori    tp, tp, -1444
core   0: 3 0x80009088 (0xa5c24213) x4  0x000005a3
core   0: 0x8000908c (0xfd3d7913) andi    s2, s10, -45
core   0: 3 0x8000908c (0xfd3d7913) x18 0xc677b002
core   0: 0x80009090 (0x340034f3) csrrc   s1, mscratch, zero
core   0: 3 0x80009090 (0x340034f3) x9  0x00000007
core   0: 0x80009094 (0x00008e11) c.sub   a2, a2
core   0: 3 0x80009094 (0x8e11) x12 0x00000000
core   0: 0x80009096 (0x00000001) c.nop
core   0: 3 0x80009096 (0x0001)
core   0: 0x80009098 (0x2bfb4613) xori    a2, s6, 703
core   0: 3 0x80009098 (0x2bfb4613) x12 0x000002b2
core   0: 0x8000909c (0x00008cb1) c.xor   s1, a2
core   0: 3 0x8000909c (0x8cb1) x9  0x000002b5
core   0: 0x8000909e (0x0000e989) c.bnez  a1, pc + 18
core   0: 3 0x8000909e (0xe989)
core   0: 0x800090a0 (0x4055df93) srai    t6, a1, 5
core   0: 3 0x800090a0 (0x4055df93) x31 0x00000000
core   0: 0x800090a4 (0x0335e933) rem     s2, a1, s3
core   0: 3 0x800090a4 (0x0335e933) x18 0x00000000
core   0: 0x800090a8 (0x41dbd733) sra     a4, s7, t4
core   0: 3 0x800090a8 (0x41dbd733) x14 0xfffe0009
core   0: 0x800090ac (0x0ff0000f) fence   iorw,iorw
core   0: 3 0x800090ac (0x0ff0000f)
core   0: 0x800090b0 (0x00008d09) c.sub   a0, a0
core   0: 3 0x800090b0 (0x8d09) x10 0x00000000
core   0: 0x800090b2 (0x0093cc33) xor     s8, t2, s1
core   0: 3 0x800090b2 (0x0093cc33) x24 0x000002b5
core   0: 0x800090b6 (0x0000100f) fence.i
core   0: 3 0x800090b6 (0x0000100f)
core   0: 0x800090ba (0x3078c993) xori    s3, a7, 775
core   0: 3 0x800090ba (0x3078c993) x19 0x6b133f46
core   0: 0x800090be (0x4080d093) srai    ra, ra, 8
core   0: 3 0x800090be (0x4080d093) x1  0x00000000
core   0: 0x800090c2 (0x3401f3f3) csrrci  t2, mscratch, 3
core   0: 3 0x800090c2 (0x3401f3f3) x7  0x00000007 c832_mscratch 0x00000004
core   0: 0x800090c6 (0x98d83213) sltiu   tp, a6, -1651
core   0: 3 0x800090c6 (0x98d83213) x4  0x00000001
core   0: 0x800090ca (0x03f11263) bne     sp, t6, pc + 36
core   0: 3 0x800090ca (0x03f11263)
core   0: 0x800090ce (0x340035f3) csrrc   a1, mscratch, zero
core   0: 3 0x800090ce (0x340035f3) x11 0x00000004
core   0: 0x800090d2 (0x34019ef3) csrrw   t4, mscratch, gp
core   0: 3 0x800090d2 (0x34019ef3) x29 0x00000004 c832_mscratch 0x00000000
core   0: 0x800090d6 (0x00001d90) c.addi4spn a2, sp, 752
core   0: 3 0x800090d6 (0x1d90) x12 0x000002f0
core   0: 0x800090d8 (0x0285b333) mulhu   t1, a1, s0
core   0: 3 0x800090d8 (0x0285b333) x6  0x00000000
core   0: 0x800090dc (0x34006273) csrrsi  tp, mscratch, 0
core   0: 3 0x800090dc (0x34006273) x4  0x00000000
core   0: 0x800090e0 (0x00005b7d) c.li    s6, -1
core   0: 3 0x800090e0 (0x5b7d) x22 0xffffffff
core   0: 0x800090e2 (0x40e209b3) sub     s3, tp, a4
core   0: 3 0x800090e2 (0x40e209b3) x19 0x0001fff7
core   0: 0x800090e6 (0x34015973) csrrwi  s2, mscratch, 2
core   0: 3 0x800090e6 (0x34015973) x18 0x00000000 c832_mscratch 0x00000002
core   0: 0x800090ea (0x00008ea1) c.xor   a3, s0
core   0: 3 0x800090ea (0x8ea1) x13 0x66a12032
core   0: 0x800090ec (0x0000633d) c.lui   t1, 0xf
core   0: 3 0x800090ec (0x633d) x6  0x0000f000
core   0: 0x800090ee (0x0003c433) xor     s0, t2, zero
core   0: 3 0x800090ee (0x0003c433) x8  0x00000007
core   0: 0x800090f2 (0x0ff0000f) fence   iorw,iorw
core   0: 3 0x800090f2 (0x0ff0000f)
core   0: 0x800090f6 (0x0ff0000f) fence   iorw,iorw
core   0: 3 0x800090f6 (0x0ff0000f)
core   0: 0x800090fa (0x47a23613) sltiu   a2, tp, 1146
core   0: 3 0x800090fa (0x47a23613) x12 0x00000001
core   0: 0x800090fe (0x00177833) and     a6, a4, ra
core   0: 3 0x800090fe (0x00177833) x16 0x00000000
core   0: 0x80009102 (0x00008689) c.srai  a3, 2
core   0: 3 0x80009102 (0x8689) x13 0x19a8480c
core   0: 0x80009104 (0x0078c333) xor     t1, a7, t2
core   0: 3 0x80009104 (0x0078c333) x6  0x6b133c46
core   0: 0x80009108 (0x00000001) c.nop
core   0: 3 0x80009108 (0x0001)
core   0: 0x8000910a (0xd5442013) slti    zero, s0, -684
core   0: 3 0x8000910a (0xd5442013)
core   0: 0x8000910e (0x00000ad1) c.addi  s5, 20
core   0: 3 0x8000910e (0x0ad1) x21 0xa0297040
core   0: 0x80009110 (0x4138d133) sra     sp, a7, s3
core   0: 3 0x80009110 (0x4138d133) x2  0x000000d6
core   0: 0x80009114 (0x00000710) c.addi4spn a2, sp, 896
core   0: 3 0x80009114 (0x0710) x12 0x00000456
core   0: 0x80009116 (0x0362e763) bltu    t0, s6, pc + 46
core   0: 3 0x80009116 (0x0362e763)
core   0: 0x80009144 (0x01f69313) slli    t1, a3, 31
core   0: 3 0x80009144 (0x01f69313) x6  0x00000000
core   0: 0x80009148 (0x0363cb63) blt     t2, s6, pc + 54
core   0: 3 0x80009148 (0x0363cb63)
core   0: 0x8000914c (0x9b270693) addi    a3, a4, -1614
core   0: 3 0x8000914c (0x9b270693) x13 0xfffdf9bb
core   0: 0x80009150 (0x00000b69) c.addi  s6, 26
core   0: 3 0x80009150 (0x0b69) x22 0x00000019
core   0: 0x80009152 (0x0000c805) c.beqz  s0, pc + 48
core   0: 3 0x80009152 (0xc805)
core   0: 0x80009154 (0x019ce1b3) or      gp, s9, s9
core   0: 3 0x80009154 (0x019ce1b3) x3  0x94ecc000
core   0: 0x80009158 (0x03b60c33) mul     s8, a2, s11
core   0: 3 0x80009158 (0x03b60c33) x24 0x00000000
core   0: 0x8000915c (0x53de2013) slti    zero, t3, 1341
core   0: 3 0x8000915c (0x53de2013)
core   0: 0x80009160 (0x02fb1033) mulh    zero, s6, a5
core   0: 3 0x80009160 (0x02fb1033)
core   0: 0x80009164 (0x3409d0f3) csrrwi  ra, mscratch, 19
core   0: 3 0x80009164 (0x3409d0f3) x1  0x00000002 c832_mscratch 0x00000013
core   0: 0x80009168 (0x40da83b3) sub     t2, s5, a3
core   0: 3 0x80009168 (0x40da83b3) x7  0xa02b7685
core   0: 0x8000916c (0x0000e805) c.bnez  s0, pc + 48
core   0: 3 0x8000916c (0xe805)
core   0: 0x8000919c (0x3406f5f3) csrrci  a1, mscratch, 13
core   0: 3 0x8000919c (0x3406f5f3) x11 0x00000013 c832_mscratch 0x00000012
core   0: 0x800091a0 (0xe9a4c613) xori    a2, s1, -358
core   0: 3 0x800091a0 (0xe9a4c613) x12 0xfffffc2f
core   0: 0x800091a4 (0x029a8e63) beq     s5, s1, pc + 60
core   0: 3 0x800091a4 (0x029a8e63)
core   0: 0x800091a8 (0x00001288) c.addi4spn a0, sp, 352
core   0: 3 0x800091a8 (0x1288) x10 0x00000236
core   0: 0x800091aa (0x02900063) beq     zero, s1, pc + 32
core   0: 3 0x800091aa (0x02900063)
core   0: 0x800091ae (0x0161ecb3) or      s9, gp, s6
core   0: 3 0x800091ae (0x0161ecb3) x25 0x94ecc019
core   0: 0x800091b2 (0x005455b3) srl     a1, s0, t0
core   0: 3 0x800091b2 (0x005455b3) x11 0x00000000
core   0: 0x800091b6 (0x0000717d) c.addi16sp sp, -16
core   0: 3 0x800091b6 (0x717d) x2  0x000000c6
core   0: 0x800091b8 (0x001d9763) bne     s11, ra, pc + 14
core   0: 3 0x800091b8 (0x001d9763)
core   0: 0x800091c6 (0x3407b873) csrrc   a6, mscratch, a5
core   0: 3 0x800091c6 (0x3407b873) x16 0x00000012 c832_mscratch 0x00000012
core   0: 0x800091ca (0x00000eb6) c.slli  t4, 13
core   0: 3 0x800091ca (0x0eb6) x29 0x00008000
core   0: 0x800091cc (0x00008c59) c.or    s0, a4
core   0: 3 0x800091cc (0x8c59) x8  0xfffe000f
core   0: 0x800091ce (0x03855533) divu    a0, a0, s8
core   0: 3 0x800091ce (0x03855533) x10 0xffffffff
core   0: 0x800091d2 (0x4000d993) srai    s3, ra, 0
core   0: 3 0x800091d2 (0x4000d993) x19 0x00000002
core   0: 0x800091d6 (0x0000100f) fence.i
core   0: 3 0x800091d6 (0x0000100f)
core   0: 0x800091da (0x0000717d) c.addi16sp sp, -16
core   0: 3 0x800091da (0x717d) x2  0x000000b6
core   0: 0x800091dc (0x000003f2) c.slli  t2, 28
core   0: 3 0x800091dc (0x03f2) x7  0x50000000
core   0: 0x800091de (0x00000001) c.nop
core   0: 3 0x800091de (0x0001)
core   0: 0x800091e0 (0x00113b33) sltu    s6, sp, ra
core   0: 3 0x800091e0 (0x00113b33) x22 0x00000000
core   0: 0x800091e4 (0x031d4463) blt     s10, a7, pc + 40
core   0: 3 0x800091e4 (0x031d4463)
core   0: 0x8000920c (0x00000e66) c.slli  t3, 25
core   0: 3 0x8000920c (0x0e66) x28 0x00000000
core   0: 0x8000920e (0x693f3a13) sltiu   s4, t5, 1683
core   0: 3 0x8000920e (0x693f3a13) x20 0x00000000
core   0: 0x80009212 (0x416e5093) srai    ra, t3, 22
core   0: 3 0x80009212 (0x416e5093) x1  0x00000000
core   0: 0x80009216 (0x0000100f) fence.i
core   0: 3 0x80009216 (0x0000100f)
core   0: 0x8000921a (0x00000001) c.nop
core   0: 3 0x8000921a (0x0001)
core   0: 0x8000921c (0x039dfdb3) remu    s11, s11, s9
core   0: 3 0x8000921c (0x039dfdb3) x27 0x00000000
core   0: 0x80009220 (0x34006173) csrrsi  sp, mscratch, 0
core   0: 3 0x80009220 (0x34006173) x2  0x00000012
core   0: 0x80009224 (0x6e210893) addi    a7, sp, 1762
core   0: 3 0x80009224 (0x6e210893) x17 0x000006f4
core   0: 0x80009228 (0xa967ab13) slti    s6, a5, -1386
core   0: 3 0x80009228 (0xa967ab13) x22 0x00000000
core   0: 0x8000922c (0x02a25033) divu    zero, tp, a0
core   0: 3 0x8000922c (0x02a25033)
core   0: 0x80009230 (0x00006831) c.lui   a6, 0xc
core   0: 3 0x80009230 (0x6831) x16 0x0000c000
core   0: 0x80009232 (0x00008611) c.srai  a2, 4
core   0: 3 0x80009232 (0x8611) x12 0xffffffc2
core   0: 0x80009234 (0x00a393b3) sll     t2, t2, a0
core   0: 3 0x80009234 (0x00a393b3) x7  0x00000000
core   0: 0x80009238 (0x011f7433) and     s0, t5, a7
core   0: 3 0x80009238 (0x011f7433) x8  0x00000424
core   0: 0x8000923c (0x00009dae) c.add   s11, a1
core   0: 3 0x8000923c (0x9dae) x27 0x00000000
core   0: 0x8000923e (0x5261e013) ori     zero, gp, 1318
core   0: 3 0x8000923e (0x5261e013)
core   0: 0x80009242 (0x62d77313) andi    t1, a4, 1581
core   0: 3 0x80009242 (0x62d77313) x6  0x00000009
core   0: 0x80009246 (0x03af7933) remu    s2, t5, s10
core   0: 3 0x80009246 (0x03af7933) x18 0x80029d24
core   0: 0x8000924a (0x40ac5933) sra     s2, s8, a0
core   0: 3 0x8000924a (0x40ac5933) x18 0x00000000
core   0: 0x8000924e (0x00ccde93) srli    t4, s9, 12
core   0: 3 0x8000924e (0x00ccde93) x29 0x00094ecc
core   0: 0x80009252 (0x016d5833) srl     a6, s10, s6
core   0: 3 0x80009252 (0x016d5833) x16 0xc677b006
core   0: 0x80009256 (0x01e789b3) add     s3, a5, t5
core   0: 3 0x80009256 (0x01e789b3) x19 0x8002a084
core   0: 0x8000925a (0x34097c73) csrrci  s8, mscratch, 18
core   0: 3 0x8000925a (0x34097c73) x24 0x00000012 c832_mscratch 0x00000000
core   0: 0x8000925e (0x00008f35) c.xor   a4, a3
core   0: 3 0x8000925e (0x8f35) x14 0x0003f9b2
core   0: 0x80009260 (0x026de7b3) rem     a5, s11, t1
core   0: 3 0x80009260 (0x026de7b3) x15 0x00000000
core   0: 0x80009264 (0x00006e09) c.lui   t3, 0x2
core   0: 3 0x80009264 (0x6e09) x28 0x00002000
core   0: 0x80009266 (0xf7ef4593) xori    a1, t5, -130
core   0: 3 0x80009266 (0xf7ef4593) x11 0x7ffd625a
core   0: 0x8000926a (0x34002ff3) csrr    t6, mscratch
core   0: 3 0x8000926a (0x34002ff3) x31 0x00000000
core   0: 0x8000926e (0x000014fd) c.addi  s1, -1
core   0: 3 0x8000926e (0x14fd) x9  0x000002b4
core   0: 0x80009270 (0x00cf5433) srl     s0, t5, a2
core   0: 3 0x80009270 (0x00cf5433) x8  0x2000a749
core   0: 0x80009274 (0x05fed363) bge     t4, t6, pc + 70
core   0: 3 0x80009274 (0x05fed363)
core   0: 0x800092ba (0x340aa9f3) csrrs   s3, mscratch, s5
core   0: 3 0x800092ba (0x340aa9f3) x19 0x00000000 c832_mscratch 0xa0297040
core   0: 0x800092be (0x73056713) ori     a4, a0, 1840
core   0: 3 0x800092be (0x73056713) x14 0xffffffff
core   0: 0x800092c2 (0x00008dd5) c.or    a1, a3
core   0: 3 0x800092c2 (0x8dd5) x11 0xfffdfbfb
core   0: 0x800092c4 (0x035a7863) bgeu    s4, s5, pc + 48
core   0: 3 0x800092c4 (0x035a7863)
core   0: 0x800092c8 (0x00000346) c.slli  t1, 17
core   0: 3 0x800092c8 (0x0346) x6  0x00120000
core   0: 0x800092ca (0x02cca533) mulhsu  a0, s9, a2
core   0: 3 0x800092ca (0x02cca533) x10 0x94ecc032
core   0: 0x800092ce (0x006ee9b3) or      s3, t4, t1
core   0: 3 0x800092ce (0x006ee9b3) x19 0x001b4ecc
core   0: 0x800092d2 (0x026eecb3) rem     s9, t4, t1
core   0: 3 0x800092d2 (0x026eecb3) x25 0x00094ecc
core   0: 0x800092d6 (0x00008861) c.andi  s0, 24
core   0: 3 0x800092d6 (0x8861) x8  0x00000008
core   0: 0x800092d8 (0x0046c533) xor     a0, a3, tp
core   0: 3 0x800092d8 (0x0046c533) x10 0xfffdf9bb
core   0: 0x800092dc (0x0176db13) srli    s6, a3, 23
core   0: 3 0x800092dc (0x0176db13) x22 0x000001ff
core   0: 0x800092e0 (0x0000831d) c.srli  a4, 7
core   0: 3 0x800092e0 (0x831d) x14 0x01ffffff
core   0: 0x800092e2 (0x00aa6363) bltu    s4, a0, pc + 6
core   0: 3 0x800092e2 (0x00aa6363)
core   0: 0x800092e8 (0x00004e91) c.li    t4, 4
core   0: 3 0x800092e8 (0x4e91) x29 0x00000004
core   0: 0x800092ea (0x01935c13) srli    s8, t1, 25
core   0: 3 0x800092ea (0x01935c13) x24 0x00000000
core   0: 0x800092ee (0x0000e981) c.bnez  a1, pc + 16
core   0: 3 0x800092ee (0xe981)
core   0: 0x800092fe (0x00000001) c.nop
core   0: 3 0x800092fe (0x0001)
core   0: 0x80009300 (0x340b7373) csrrci  t1, mscratch, 22
core   0: 3 0x80009300 (0x340b7373) x6  0xa0297040 c832_mscratch 0xa0297040
core   0: 0x80009304 (0x0ff0000f) fence   iorw,iorw
core   0: 3 0x80009304 (0x0ff0000f)
core   0: 0x80009308 (0x00000001) c.nop
core   0: 3 0x80009308 (0x0001)
core   0: 0x8000930a (0x03b7fdb3) remu    s11, a5, s11
core   0: 3 0x8000930a (0x03b7fdb3) x27 0x00000000
core   0: 0x8000930e (0x00008e7d) c.and   a2, a5
core   0: 3 0x8000930e (0x8e7d) x12 0x00000000
core   0: 0x80009310 (0x0000c50d) c.beqz  a0, pc + 42
core   0: 3 0x80009310 (0xc50d)
core   0: 0x80009312 (0x34031ff3) csrrw   t6, mscratch, t1
core   0: 3 0x80009312 (0x34031ff3) x31 0xa0297040 c832_mscratch 0xa0297040
core   0: 0x80009316 (0x0000ec01) c.bnez  s0, pc + 24
core   0: 3 0x80009316 (0xec01)
core   0: 0x8000932e (0x0ff0000f) fence   iorw,iorw
core   0: 3 0x8000932e (0x0ff0000f)
core   0: 0x80009332 (0x0000100f) fence.i
core   0: 3 0x80009332 (0x0000100f)
core   0: 0x80009336 (0x000099fd) c.andi  a1, -1
core   0: 3 0x80009336 (0x99fd) x11 0xfffdfbfb
core   0: 0x80009338 (0x0000137d) c.addi  t1, -1
core   0: 3 0x80009338 (0x137d) x6  0xa029703f
core   0: 0x8000933a (0x00008e5d) c.or    a2, a5
core   0: 3 0x8000933a (0x8e5d) x12 0x00000000
core   0: 0x8000933c (0x00f29893) slli    a7, t0, 15
core   0: 3 0x8000933c (0x00f29893) x17 0xc5050000
core   0: 0x80009340 (0x02fc8733) mul     a4, s9, a5
core   0: 3 0x80009340 (0x02fc8733) x14 0x00000000
core   0: 0x80009344 (0x00009afd) c.andi  a3, -1
core   0: 3 0x80009344 (0x9afd) x13 0xfffdf9bb
core   0: 0x80009346 (0x9ab38f93) addi    t6, t2, -1621
core   0: 3 0x80009346 (0x9ab38f93) x31 0xfffff9ab
core   0: 0x8000934a (0x0000100f) fence.i
core   0: 3 0x8000934a (0x0000100f)
core   0: 0x8000934e (0x340be173) csrrsi  sp, mscratch, 23
core   0: 3 0x8000934e (0x340be173) x2  0xa0297040 c832_mscratch 0xa0297057
core   0: 0x80009352 (0x00008ac2) c.mv    s5, a6
core   0: 3 0x80009352 (0x8ac2) x21 0xc677b006
core   0: 0x80009354 (0x001ce433) or      s0, s9, ra
core   0: 3 0x80009354 (0x001ce433) x8  0x00094ecc
core   0: 0x80009358 (0x34029ef3) csrrw   t4, mscratch, t0
core   0: 3 0x80009358 (0x34029ef3) x29 0xa0297057 c832_mscratch 0xf57d8a0a
core   0: 0x8000935c (0xa3330713) addi    a4, t1, -1485
core   0: 3 0x8000935c (0xa3330713) x14 0xa0296a72
core   0: 0x80009360 (0x0000100f) fence.i
core   0: 3 0x80009360 (0x0000100f)
core   0: 0x80009364 (0xf59dfe93) andi    t4, s11, -167
core   0: 3 0x80009364 (0xf59dfe93) x29 0x00000000
core   0: 0x80009368 (0x00008255) c.srli  a2, 21
core   0: 3 0x80009368 (0x8255) x12 0x00000000
core   0: 0x8000936a (0x03bb0463) beq     s6, s11, pc + 40
core   0: 3 0x8000936a (0x03bb0463)
core   0: 0x8000936e (0x3402def3) csrrwi  t4, mscratch, 5
core   0: 3 0x8000936e (0x3402def3) x29 0xf57d8a0a c832_mscratch 0x00000005
core   0: 0x80009372 (0xeb525e97) auipc   t4, 0xeb525
core   0: 3 0x80009372 (0xeb525e97) x29 0x6b52e372
core   0: 0x80009376 (0x58d63817) auipc   a6, 0x58d63
core   0: 3 0x80009376 (0x58d63817) x16 0xd8d6c376
core   0: 0x8000937a (0x00bc0033) add     zero, s8, a1
core   0: 3 0x8000937a (0x00bc0033)
core   0: 0x8000937e (0x00008ea5) c.xor   a3, s1
core   0: 3 0x8000937e (0x8ea5) x13 0xfffdfb0f
core   0: 0x80009380 (0x40c3d513) srai    a0, t2, 12
core   0: 3 0x80009380 (0x40c3d513) x10 0x00000000
core   0: 0x80009384 (0x00006179) c.addi16sp sp, 464
core   0: 3 0x80009384 (0x6179) x2  0xa0297210
core   0: 0x80009386 (0x0000c61d) c.beqz  a2, pc + 46
core   0: 3 0x80009386 (0xc61d)
core   0: 0x800093b4 (0x4112d1b3) sra     gp, t0, a7
core   0: 3 0x800093b4 (0x4112d1b3) x3  0xf57d8a0a
core   0: 0x800093b8 (0x00004149) c.li    sp, 18
core   0: 3 0x800093b8 (0x4149) x2  0x00000012
core   0: 0x800093ba (0x00009efe) c.add   t4, t6
core   0: 3 0x800093ba (0x9efe) x29 0x6b52dd1d
core   0: 0x800093bc (0x340039f3) csrrc   s3, mscratch, zero
core   0: 3 0x800093bc (0x340039f3) x19 0x00000005
core   0: 0x800093c0 (0x000099fd) c.andi  a1, -1
core   0: 3 0x800093c0 (0x99fd) x11 0xfffdfbfb
core   0: 0x800093c2 (0x0395d833) divu    a6, a1, s9
core   0: 3 0x800093c2 (0x0395d833) x16 0x00001b80
core   0: 0x800093c6 (0x02606c63) bltu    zero, t1, pc + 56
core   0: 3 0x800093c6 (0x02606c63)
core   0: 0x800093fe (0x00611793) slli    a5, sp, 6
core   0: 3 0x800093fe (0x00611793) x15 0x00000480
core   0: 0x80009402 (0x0331efb3) rem     t6, gp, s3
core   0: 3 0x80009402 (0x0331efb3) x31 0xfffffffd
core   0: 0x80009406 (0x015a5193) srli    gp, s4, 21
core   0: 3 0x80009406 (0x015a5193) x3  0x00000000
core   0: 0x8000940a (0x0000198c) c.addi4spn a1, sp, 240
core   0: 3 0x8000940a (0x198c) x11 0x00000102
core   0: 0x8000940c (0x4deaf517) auipc   a0, 0x4deaf
core   0: 3 0x8000940c (0x4deaf517) x10 0xcdeb840c
core   0: 0x80009410 (0x000005f6) c.slli  a1, 29
core   0: 3 0x80009410 (0x05f6) x11 0x40000000
core   0: 0x80009412 (0x340a5173) csrrwi  sp, mscratch, 20
core   0: 3 0x80009412 (0x340a5173) x2  0x00000005 c832_mscratch 0x00000014
core   0: 0x80009416 (0xc9633d93) sltiu   s11, t1, -874
core   0: 3 0x80009416 (0xc9633d93) x27 0x00000001
core   0: 0x8000941a (0x00b2e263) bltu    t0, a1, pc + 4
core   0: 3 0x8000941a (0x00b2e263)
core   0: 0x8000941e (0x00008fad) c.xor   a5, a1
core   0: 3 0x8000941e (0x8fad) x15 0x40000480
core   0: 0x80009420 (0x340a3473) csrrc   s0, mscratch, s4
core   0: 3 0x80009420 (0x340a3473) x8  0x00000014 c832_mscratch 0x00000014
core   0: 0x80009424 (0x004ba783) lw      a5, 4(s7)
core   0: 3 0x80009424 (0x004ba783) x15 0x80008914 mem 0x80025e18
core   0: 0x80009428 (0x01209d13) slli    s10, ra, 18
core   0: 3 0x80009428 (0x01209d13) x26 0x00000000
core   0: 0x8000942c (0x02cb8b93) addi    s7, s7, 44
core   0: 3 0x8000942c (0x02cb8b93) x23 0x80025e40
core   0: 0x80009430 (0x4154da93) srai    s5, s1, 21
core   0: 3 0x80009430 (0x4154da93) x21 0x00000000
core   0: 0x80009434 (0x00178593) addi    a1, a5, 1
core   0: 3 0x80009434 (0x00178593) x11 0x80008915
core   0: 0x80009438 (0x00009582) c.jalr  a1
core   0: 3 0x80009438 (0x9582) x1  0x8000943a
core   0: 0x80008914 (0x03831933) mulh    s2, t1, s8
core   0: 3 0x80008914 (0x03831933) x18 0x00000000
core   0: 0x80008918 (0x01155fb3) srl     t6, a0, a7
core   0: 3 0x80008918 (0x01155fb3) x31 0xcdeb840c
core   0: 0x8000891c (0x37379397) auipc   t2, 0x37379
core   0: 3 0x8000891c (0x37379397) x7  0xb738191c
core   0: 0x80008920 (0x00003497) auipc   s1, 0x3
core   0: 3 0x80008920 (0x00003497) x9  0x8000b920
core   0: 0x80008924 (0x8e048493) addi    s1, s1, -1824
core   0: 3 0x80008924 (0x8e048493) x9  0x8000b200
core   0: 0x80008928 (0x10748493) addi    s1, s1, 263
core   0: 3 0x80008928 (0x10748493) x9  0x8000b307
core   0: 0x8000892c (0x3405f7f3) csrrci  a5, mscratch, 11
core   0: 3 0x8000892c (0x3405f7f3) x15 0x00000014 c832_mscratch 0x00000014
core   0: 0x80008930 (0x007d3033) sltu    zero, s10, t2
core   0: 3 0x80008930 (0x007d3033)
core   0: 0x80008934 (0x000003aa) c.slli  t2, 10
core   0: 3 0x80008934 (0x03aa) x7  0xe0647000
core   0: 0x80008936 (0x002d9563) bne     s11, sp, pc + 10
core   0: 3 0x80008936 (0x002d9563)
core   0: 0x80008940 (0xef9487e7) jalr    a5, s1, -263
core   0: 3 0x80008940 (0xef9487e7) x15 0x80008944
core   0: 0x8000b200 (0x00004109) c.li    sp, 2
core   0: 3 0x8000b200 (0x4109) x2  0x00000002
core   0: 0x8000b202 (0xfd8b8b93) addi    s7, s7, -40
core   0: 3 0x8000b202 (0xfd8b8b93) x23 0x80025e18
core   0: 0x8000b206 (0x0000717d) c.addi16sp sp, -16
core   0: 3 0x8000b206 (0x717d) x2  0xfffffff2
core   0: 0x8000b208 (0x00fba223) sw      a5, 4(s7)
core   0: 3 0x8000b208 (0x00fba223) mem 0x80025e1c 0x80008944
core   0: 0x8000b20c (0x0000717d) c.addi16sp sp, -16
core   0: 3 0x8000b20c (0x717d) x2  0xffffffe2
core   0: 0x8000b20e (0x03d6f233) remu    tp, a3, t4
core   0: 3 0x8000b20e (0x03d6f233) x4  0x295840d5
core   0: 0x8000b212 (0x00008435) c.srai  s0, 13
core   0: 3 0x8000b212 (0x8435) x8  0x00000000
core   0: 0x8000b214 (0x86635017) auipc   zero, 0x86635
core   0: 3 0x8000b214 (0x86635017)
core   0: 0x8000b218 (0x78d3ea13) ori     s4, t2, 1933
core   0: 3 0x8000b218 (0x78d3ea13) x20 0xe064778d
core   0: 0x8000b21c (0x00011797) auipc   a5, 0x11
core   0: 3 0x8000b21c (0x00011797) x15 0x8001c21c
core   0: 0x8000b220 (0x25378793) addi    a5, a5, 595
core   0: 3 0x8000b220 (0x25378793) x15 0x8001c46f
core   0: 0x8000b224 (0x00ebd3b3) srl     t2, s7, a4
core   0: 3 0x8000b224 (0x00ebd3b3) x7  0x00002000
core   0: 0x8000b228 (0xf5c7c983) lbu     s3, -164(a5)
core   0: 3 0x8000b228 (0xf5c7c983) x19 0x00000080 mem 0x8001c3cb
core   0: 0x8000b22c (0x0747c403) lbu     s0, 116(a5)
core   0: 3 0x8000b22c (0x0747c403) x8  0x00000098 mem 0x8001c4e3
core   0: 0x8000b230 (0xf5d78123) sb      t4, -190(a5)
core   0: 3 0x8000b230 (0xf5d78123) mem 0x8001c3b1 0x1d
core   0: 0x8000b234 (0x038bf433) remu    s0, s7, s8
core   0: 3 0x8000b234 (0x038bf433) x8  0x80025e18
core   0: 0x8000b238 (0xfe878c83) lb      s9, -24(a5)
core   0: 3 0x8000b238 (0xfe878c83) x25 0x0000000c mem 0x8001c457
core   0: 0x8000b23c (0x2d266893) ori     a7, a2, 722
core   0: 3 0x8000b23c (0x2d266893) x17 0x000002d2
core   0: 0x8000b240 (0x0e878383) lb      t2, 232(a5)
core   0: 3 0x8000b240 (0x0e878383) x7  0x0000000c mem 0x8001c557
core   0: 0x8000b244 (0xf9179f83) lh      t6, -111(a5)
core   0: 3 0x8000b244 (0xf9179f83) x31 0xffffbabb mem 0x8001c400
core   0: 0x8000b248 (0x07d7a483) lw      s1, 125(a5)
core   0: 3 0x8000b248 (0x07d7a483) x9  0xa4a5a6a7 mem 0x8001c4ec
core   0: 0x8000b24c (0x02c78b23) sb      a2, 54(a5)
core   0: 3 0x8000b24c (0x02c78b23) mem 0x8001c4a5 0x00
core   0: 0x8000b250 (0xf1078523) sb      a6, -246(a5)
core   0: 3 0x8000b250 (0xf1078523) mem 0x8001c379 0x80
core   0: 0x8000b254 (0x00006169) c.addi16sp sp, 208
core   0: 3 0x8000b254 (0x6169) x2  0x000000b2
core   0: 0x8000b256 (0x0ac78883) lb      a7, 172(a5)
core   0: 3 0x8000b256 (0x0ac78883) x17 0xffffffd0 mem 0x8001c51b
core   0: 0x8000b25a (0x0fc78383) lb      t2, 252(a5)
core   0: 3 0x8000b25a (0x0fc78383) x7  0x00000020 mem 0x8001c56b
core   0: 0x8000b25e (0xf7178123) sb      a7, -158(a5)
core   0: 3 0x8000b25e (0xf7178123) mem 0x8001c3d1 0xd0
core   0: 0x8000b262 (0x0f37de03) lhu     t3, 243(a5)
core   0: 3 0x8000b262 (0x0f37de03) x28 0x00001819 mem 0x8001c562
core   0: 0x8000b266 (0x0f378e03) lb      t3, 243(a5)
core   0: 3 0x8000b266 (0x0f378e03) x28 0x00000019 mem 0x8001c562
core   0: 0x8000b26a (0xf507aaa3) sw      a6, -171(a5)
core   0: 3 0x8000b26a (0xf507aaa3) mem 0x8001c3c4 0x00001b80
core   0: 0x8000b26e (0x0000846d) c.srai  s0, 27
core   0: 3 0x8000b26e (0x846d) x8  0xfffffff0
core   0: 0x8000b270 (0x0212e3b3) rem     t2, t0, ra
core   0: 3 0x8000b270 (0x0212e3b3) x7  0xf57d8a0a
core   0: 0x8000b274 (0x00008dcd) c.or    a1, a1
core   0: 3 0x8000b274 (0x8dcd) x11 0x80008915
core   0: 0x8000b276 (0x0c47cc83) lbu     s9, 196(a5)
core   0: 3 0x8000b276 (0x0c47cc83) x25 0x000000e8 mem 0x8001c533
core   0: 0x8000b27a (0x34003ff3) csrrc   t6, mscratch, zero
core   0: 3 0x8000b27a (0x34003ff3) x31 0x00000014
core   0: 0x8000b27e (0x0967c583) lbu     a1, 150(a5)
core   0: 3 0x8000b27e (0x0967c583) x11 0x000000be mem 0x8001c505
core   0: 0x8000b282 (0x00006835) c.lui   a6, 0xd
core   0: 3 0x8000b282 (0x6835) x16 0x0000d000
core   0: 0x8000b284 (0xf7e790a3) sh      t5, -159(a5)
core   0: 3 0x8000b284 (0xf7e790a3) mem 0x8001c3d0 0x9d24
core   0: 0x8000b288 (0x07779f83) lh      t6, 119(a5)
core   0: 3 0x8000b288 (0x07779f83) x31 0xffff9c9d mem 0x8001c4e6
core   0: 0x8000b28c (0x067792a3) sh      t2, 101(a5)
core   0: 3 0x8000b28c (0x067792a3) mem 0x8001c4d4 0x8a0a
core   0: 0x8000b290 (0x00001efd) c.addi  t4, -1
core   0: 3 0x8000b290 (0x1efd) x29 0x6b52dd1c
core   0: 0x8000b292 (0x340c2d73) csrrs   s10, mscratch, s8
core   0: 3 0x8000b292 (0x340c2d73) x26 0x00000014 c832_mscratch 0x00000014
core   0: 0x8000b296 (0xf2378fa3) sb      gp, -193(a5)
core   0: 3 0x8000b296 (0xf2378fa3) mem 0x8001c3ae 0x00
core   0: 0x8000b29a (0x70258493) addi    s1, a1, 1794
core   0: 3 0x8000b29a (0x70258493) x9  0x000007c0
core   0: 0x8000b29e (0x00008d89) c.sub   a1, a0
core   0: 3 0x8000b29e (0x8d89) x11 0x32147cb2
core   0: 0x8000b2a0 (0x03038663) beq     t2, a6, pc + 44
core   0: 3 0x8000b2a0 (0x03038663)
core   0: 0x8000b2a4 (0x012c6e33) or      t3, s8, s2
core   0: 3 0x8000b2a4 (0x012c6e33) x28 0x00000000
core   0: 0x8000b2a8 (0x033d9033) mulh    zero, s11, s3
core   0: 3 0x8000b2a8 (0x033d9033)
core   0: 0x8000b2ac (0x00006dcd) c.lui   s11, 0x13
core   0: 3 0x8000b2ac (0x6dcd) x27 0x00013000
core   0: 0x8000b2ae (0x00f09c33) sll     s8, ra, a5
core   0: 3 0x8000b2ae (0x00f09c33) x24 0x4a1d0000
core   0: 0x8000b2b2 (0x00bb5333) srl     t1, s6, a1
core   0: 3 0x8000b2b2 (0x00bb5333) x6  0x00000000
core   0: 0x8000b2b6 (0x00000001) c.nop
core   0: 3 0x8000b2b6 (0x0001)
core   0: 0x8000b2b8 (0x00000001) c.nop
core   0: 3 0x8000b2b8 (0x0001)
core   0: 0x8000b2ba (0x025adcb3) divu    s9, s5, t0
core   0: 3 0x8000b2ba (0x025adcb3) x25 0x00000000
core   0: 0x8000b2be (0x0000c50d) c.beqz  a0, pc + 42
core   0: 3 0x8000b2be (0xc50d)
core   0: 0x8000b2c0 (0x038516b3) mulh    a3, a0, s8
core   0: 3 0x8000b2c0 (0x038516b3) x13 0xf18067d9
core   0: 0x8000b2c4 (0x0150ceb3) xor     t4, ra, s5
core   0: 3 0x8000b2c4 (0x0150ceb3) x29 0x8000943a
core   0: 0x8000b2c8 (0x0000100f) fence.i
core   0: 3 0x8000b2c8 (0x0000100f)
core   0: 0x8000b2cc (0x02909533) mulh    a0, ra, s1
core   0: 3 0x8000b2cc (0x02909533) x10 0xfffffc20
core   0: 0x8000b2d0 (0x00fcac33) slt     s8, s9, a5
core   0: 3 0x8000b2d0 (0x00fcac33) x24 0x00000000
core   0: 0x8000b2d4 (0xa0e2ff93) andi    t6, t0, -1522
core   0: 3 0x8000b2d4 (0xa0e2ff93) x31 0xf57d8a0a
core   0: 0x8000b2d8 (0xef9e6b13) ori     s6, t3, -263
core   0: 3 0x8000b2d8 (0xef9e6b13) x22 0xfffffef9
core   0: 0x8000b2dc (0x00ab5d63) bge     s6, a0, pc + 26
core   0: 3 0x8000b2dc (0x00ab5d63)
core   0: 0x8000b2f6 (0x416d9597) auipc   a1, 0x416d9
core   0: 3 0x8000b2f6 (0x416d9597) x11 0xc16e42f6
core   0: 0x8000b2fa (0x4426b813) sltiu   a6, a3, 1090
core   0: 3 0x8000b2fa (0x4426b813) x16 0x00000000
core   0: 0x8000b2fe (0x00000001) c.nop
core   0: 3 0x8000b2fe (0x0001)
core   0: 0x8000b300 (0x34006cf3) csrrsi  s9, mscratch, 0
core   0: 3 0x8000b300 (0x34006cf3) x25 0x00000014
core   0: 0x8000b304 (0x000098fd) c.andi  s1, -1
core   0: 3 0x8000b304 (0x98fd) x9  0x000007c0
core   0: 0x8000b306 (0x340719f3) csrrw   s3, mscratch, a4
core   0: 3 0x8000b306 (0x340719f3) x19 0x00000014 c832_mscratch 0xa0296a72
core   0: 0x8000b30a (0x01c19033) sll     zero, gp, t3
core   0: 3 0x8000b30a (0x01c19033)
core   0: 0x8000b30e (0x020c1e33) mulh    t3, s8, zero
core   0: 3 0x8000b30e (0x020c1e33) x28 0x00000000
core   0: 0x8000b312 (0x3407b0f3) csrrc   ra, mscratch, a5
core   0: 3 0x8000b312 (0x3407b0f3) x1  0xa0296a72 c832_mscratch 0x20282a10
core   0: 0x8000b316 (0x0134c263) blt     s1, s3, pc + 4
core   0: 3 0x8000b316 (0x0134c263)
core   0: 0x8000b31a (0x015b9e63) bne     s7, s5, pc + 28
core   0: 3 0x8000b31a (0x015b9e63)
core   0: 0x8000b336 (0x00b05813) srli    a6, zero, 11
core   0: 3 0x8000b336 (0x00b05813) x16 0x00000000
core   0: 0x8000b33a (0xd7dc6313) ori     t1, s8, -643
core   0: 3 0x8000b33a (0xd7dc6313) x6  0xfffffd7d
core   0: 0x8000b33e (0x00000001) c.nop
core   0: 3 0x8000b33e (0x0001)
core   0: 0x8000b340 (0x0000e905) c.bnez  a0, pc + 48
core   0: 3 0x8000b340 (0xe905)
core   0: 0x8000b370 (0x7bfa3893) sltiu   a7, s4, 1983
core   0: 3 0x8000b370 (0x7bfa3893) x17 0x00000000
core   0: 0x8000b374 (0x34002673) csrr    a2, mscratch
core   0: 3 0x8000b374 (0x34002673) x12 0x20282a10
core   0: 0x8000b378 (0x00008a6d) c.andi  a2, 27
core   0: 3 0x8000b378 (0x8a6d) x12 0x00000010
core   0: 0x8000b37a (0x41e400b3) sub     ra, s0, t5
core   0: 3 0x8000b37a (0x41e400b3) x1  0x7ffd62cc
core   0: 0x8000b37e (0x00008cc1) c.or    s1, s0
core   0: 3 0x8000b37e (0x8cc1) x9  0xfffffff0
core   0: 0x8000b380 (0x3a3f0a93) addi    s5, t5, 931
core   0: 3 0x8000b380 (0x3a3f0a93) x21 0x8002a0c7
core   0: 0x8000b384 (0x00000001) c.nop
core   0: 3 0x8000b384 (0x0001)
core   0: 0x8000b386 (0x00008dc9) c.or    a1, a0
core   0: 3 0x8000b386 (0x8dc9) x11 0xfffffef6
core   0: 0x8000b388 (0x0088eab3) or      s5, a7, s0
core   0: 3 0x8000b388 (0x0088eab3) x21 0xfffffff0
core   0: 0x8000b38c (0x02df4b63) blt     t5, a3, pc + 54
core   0: 3 0x8000b38c (0x02df4b63)
core   0: 0x8000b3c2 (0x0000101c) c.addi4spn a5, sp, 32
core   0: 3 0x8000b3c2 (0x101c) x15 0x000000d2
core   0: 0x8000b3c4 (0x000000be) c.slli  ra, 15
core   0: 3 0x8000b3c4 (0x00be) x1  0xb1660000
core   0: 0x8000b3c6 (0x01d75d93) srli    s11, a4, 29
core   0: 3 0x8000b3c6 (0x01d75d93) x27 0x00000005
core   0: 0x8000b3ca (0xe8184a13) xori    s4, a6, -383
core   0: 3 0x8000b3ca (0xe8184a13) x20 0xfffffe81
core   0: 0x8000b3ce (0x01a91d13) slli    s10, s2, 26
core   0: 3 0x8000b3ce (0x01a91d13) x26 0x00000000
core   0: 0x8000b3d2 (0x00001ffd) c.addi  t6, -1
core   0: 3 0x8000b3d2 (0x1ffd) x31 0xf57d8a09
core   0: 0x8000b3d4 (0x8bd5ad97) auipc   s11, 0x8bd5a
core   0: 3 0x8000b3d4 (0x8bd5ad97) x27 0x0bd653d4
core   0: 0x8000b3d8 (0x52c30213) addi    tp, t1, 1324
core   0: 3 0x8000b3d8 (0x52c30213) x4  0x000002a9
core   0: 0x8000b3dc (0x44cc3e13) sltiu   t3, s8, 1100
core   0: 3 0x8000b3dc (0x44cc3e13) x28 0x00000001
core   0: 0x8000b3e0 (0x00009666) c.add   a2, s9
core   0: 3 0x8000b3e0 (0x9666) x12 0x00000024
core   0: 0x8000b3e2 (0x01f2cb33) xor     s6, t0, t6
core   0: 3 0x8000b3e2 (0x01f2cb33) x22 0x00000003
core   0: 0x8000b3e6 (0x34006d73) csrrsi  s10, mscratch, 0
core   0: 3 0x8000b3e6 (0x34006d73) x26 0x20282a10
core   0: 0x8000b3ea (0x025f5433) divu    s0, t5, t0
core   0: 3 0x8000b3ea (0x025f5433) x8  0x00000000
core   0: 0x8000b3ee (0x03fbb633) mulhu   a2, s7, t6
core   0: 3 0x8000b3ee (0x03fbb633) x12 0x7ac10a3a
core   0: 0x8000b3f2 (0x4132d433) sra     s0, t0, s3
core   0: 3 0x8000b3f2 (0x4132d433) x8  0xffffff57
core   0: 0x8000b3f6 (0x00006829) c.lui   a6, 0xa
core   0: 3 0x8000b3f6 (0x6829) x16 0x0000a000
core   0: 0x8000b3f8 (0x00001a7d) c.addi  s4, -1
core   0: 3 0x8000b3f8 (0x1a7d) x20 0xfffffe80
core   0: 0x8000b3fa (0x030fc8b3) div     a7, t6, a6
core   0: 3 0x8000b3fa (0x030fc8b3) x17 0xffffef30
core   0: 0x8000b3fe (0xb9310c17) auipc   s8, 0xb9310
core   0: 3 0x8000b3fe (0xb9310c17) x24 0x3931b3fe
core   0: 0x8000b402 (0x00000692) c.slli  a3, 4
core   0: 3 0x8000b402 (0x0692) x13 0x18067d90
core   0: 0x8000b404 (0x340d65f3) csrrsi  a1, mscratch, 26
core   0: 3 0x8000b404 (0x340d65f3) x11 0x20282a10 c832_mscratch 0x20282a1a
core   0: 0x8000b408 (0x00005ffd) c.li    t6, -1
core   0: 3 0x8000b408 (0x5ffd) x31 0xffffffff
core   0: 0x8000b40a (0x9c82f193) andi    gp, t0, -1592
core   0: 3 0x8000b40a (0x9c82f193) x3  0xf57d8808
core   0: 0x8000b40e (0x03179063) bne     a5, a7, pc + 32
core   0: 3 0x8000b40e (0x03179063)
core   0: 0x8000b42e (0x00000e4a) c.slli  t3, 18
core   0: 3 0x8000b42e (0x0e4a) x28 0x00040000
core   0: 0x8000b430 (0x0000100f) fence.i
core   0: 3 0x8000b430 (0x0000100f)
core   0: 0x8000b434 (0x340ae273) csrrsi  tp, mscratch, 21
core   0: 3 0x8000b434 (0x340ae273) x4  0x20282a1a c832_mscratch 0x20282a1f
core   0: 0x8000b438 (0x012336b3) sltu    a3, t1, s2
core   0: 3 0x8000b438 (0x012336b3) x13 0x00000000
core   0: 0x8000b43c (0x00000fde) c.slli  t6, 23
core   0: 3 0x8000b43c (0x0fde) x31 0xff800000
core   0: 0x8000b43e (0x85fdf913) andi    s2, s11, -1953
core   0: 3 0x8000b43e (0x85fdf913) x18 0x0bd65054
core   0: 0x8000b442 (0x01b3cc33) xor     s8, t2, s11
core   0: 3 0x8000b442 (0x01b3cc33) x24 0xfeabd9de
core   0: 0x8000b446 (0x00441e93) slli    t4, s0, 4
core   0: 3 0x8000b446 (0x00441e93) x29 0xfffff570
core   0: 0x8000b44a (0x00008fdd) c.or    a5, a5
core   0: 3 0x8000b44a (0x8fdd) x15 0x000000d2
core   0: 0x8000b44c (0x5a8c6093) ori     ra, s8, 1448
core   0: 3 0x8000b44c (0x5a8c6093) x1  0xfeabddfe
core   0: 0x8000b450 (0xf2fb6c17) auipc   s8, 0xf2fb6
core   0: 3 0x8000b450 (0xf2fb6c17) x24 0x72fc1450
core   0: 0x8000b454 (0x03d8cd63) blt     a7, t4, pc + 58
core   0: 3 0x8000b454 (0x03d8cd63)
core   0: 0x8000b48e (0x40c08a33) sub     s4, ra, a2
core   0: 3 0x8000b48e (0x40c08a33) x20 0x83ead3c4
core   0: 0x8000b492 (0x00000514) c.addi4spn a3, sp, 640
core   0: 3 0x8000b492 (0x0514) x13 0x00000332
core   0: 0x8000b494 (0x02254d63) blt     a0, sp, pc + 58
core   0: 3 0x8000b494 (0x02254d63)
core   0: 0x8000b4ce (0x00adb7b3) sltu    a5, s11, a0
core   0: 3 0x8000b4ce (0x00adb7b3) x15 0x00000001
core   0: 0x8000b4d2 (0x00008c05) c.sub   s0, s1
core   0: 3 0x8000b4d2 (0x8c05) x8  0xffffff67
core   0: 0x8000b4d4 (0x57fd2093) slti    ra, s10, 1407
core   0: 3 0x8000b4d4 (0x57fd2093) x1  0x00000000
core   0: 0x8000b4d8 (0x004ba783) lw      a5, 4(s7)
core   0: 3 0x8000b4d8 (0x004ba783) x15 0x80008944 mem 0x80025e1c
core   0: 0x8000b4dc (0x01f8f733) and     a4, a7, t6
core   0: 3 0x8000b4dc (0x01f8f733) x14 0xff800000
core   0: 0x8000b4e0 (0x028b8b93) addi    s7, s7, 40
core   0: 3 0x8000b4e0 (0x028b8b93) x23 0x80025e40
core   0: 0x8000b4e4 (0x018fdab3) srl     s5, t6, s8
core   0: 3 0x8000b4e4 (0x018fdab3) x21 0x0000ff80
core   0: 0x8000b4e8 (0x00078d13) mv      s10, a5
core   0: 3 0x8000b4e8 (0x00078d13) x26 0x80008944
core   0: 0x8000b4ec (0x00009d02) c.jalr  s10
core   0: 3 0x8000b4ec (0x9d02) x1  0x8000b4ee
core   0: 0x80008944 (0x016ad6b3) srl     a3, s5, s6
core   0: 3 0x80008944 (0x016ad6b3) x13 0x00001ff0
core   0: 0x80008948 (0x34063a73) csrrc   s4, mscratch, a2
core   0: 3 0x80008948 (0x34063a73) x20 0x20282a1f c832_mscratch 0x00282005
core   0: 0x8000894c (0x00f6d3b3) srl     t2, a3, a5
core   0: 3 0x8000894c (0x00f6d3b3) x7  0x000001ff
core   0: 0x80008950 (0x0000100f) fence.i
core   0: 3 0x80008950 (0x0000100f)
core   0: 0x80008954 (0x340064f3) csrrsi  s1, mscratch, 0
core   0: 3 0x80008954 (0x340064f3) x9  0x00282005
core   0: 0x80008958 (0x00008ff1) c.and   a5, a2
core   0: 3 0x80008958 (0x8ff1) x15 0x00000800
core   0: 0x8000895a (0x41bcd6b3) sra     a3, s9, s11
core   0: 3 0x8000895a (0x41bcd6b3) x13 0x00000000
core   0: 0x8000895e (0xa9eff7ef) jal     a5, pc - 0xd62
core   0: 3 0x8000895e (0xa9eff7ef) x15 0x80008962
core   0: 0x80007bfc (0x00001bc1) c.addi  s7, -16
core   0: 3 0x80007bfc (0x1bc1) x23 0x80025e30
core   0: 0x80007bfe (0x00004fa9) c.li    t6, 10
core   0: 3 0x80007bfe (0x4fa9) x31 0x0000000a
core   0: 0x80007c00 (0x00009916) c.add   s2, t0
core   0: 3 0x80007c00 (0x9916) x18 0x0153da5e
core   0: 0x80007c02 (0x00fba223) sw      a5, 4(s7)
core   0: 3 0x80007c02 (0x00fba223) mem 0x80025e34 0x80008962
core   0: 0x80007c06 (0x0000065e) c.slli  a2, 23
core   0: 3 0x80007c06 (0x065e) x12 0x1d000000
core   0: 0x80007c08 (0x00000001) c.nop
core   0: 3 0x80007c08 (0x0001)
core   0: 0x80007c0a (0x00000317) auipc   t1, 0x0
core   0: 3 0x80007c0a (0x00000317) x6  0x80007c0a
core   0: 0x80007c0e (0x5ec30313) addi    t1, t1, 1516
core   0: 3 0x80007c0e (0x5ec30313) x6  0x800081f6
core   0: 0x80007c12 (0x01f88033) add     zero, a7, t6
core   0: 3 0x80007c12 (0x01f88033)
core   0: 0x80007c16 (0x40920fb3) sub     t6, tp, s1
core   0: 3 0x80007c16 (0x40920fb3) x31 0x20000a15
core   0: 0x80007c1a (0xf0d30313) addi    t1, t1, -243
core   0: 3 0x80007c1a (0xf0d30313) x6  0x80008103
core   0: 0x80007c1e (0x00000001) c.nop
core   0: 3 0x80007c1e (0x0001)
core   0: 0x80007c20 (0x34036d73) csrrsi  s10, mscratch, 6
core   0: 3 0x80007c20 (0x34036d73) x26 0x00282005 c832_mscratch 0x00282007
core   0: 0x80007c24 (0x0f3307e7) jalr    a5, t1, 243
core   0: 3 0x80007c24 (0x0f3307e7) x15 0x80007c28
core   0: 0x800081f6 (0x000069b9) c.lui   s3, 0xe
core   0: 3 0x800081f6 (0x69b9) x19 0x0000e000
core   0: 0x800081f8 (0x0196c863) blt     a3, s9, pc + 16
core   0: 3 0x800081f8 (0x0196c863)
core   0: 0x80008208 (0xfd8b8b93) addi    s7, s7, -40
core   0: 3 0x80008208 (0xfd8b8b93) x23 0x80025e08
core   0: 0x8000820c (0x020456b3) divu    a3, s0, zero
core   0: 3 0x8000820c (0x020456b3) x13 0xffffffff
core   0: 0x80008210 (0x00fba223) sw      a5, 4(s7)
core   0: 3 0x80008210 (0x00fba223) mem 0x80025e0c 0x80007c28
core   0: 0x80008214 (0x00008f51) c.or    a4, a2
core   0: 3 0x80008214 (0x8f51) x14 0xff800000
core   0: 0x80008216 (0x34007673) csrrci  a2, mscratch, 0
core   0: 3 0x80008216 (0x34007673) x12 0x00282007
core   0: 0x8000821a (0x340436f3) csrrc   a3, mscratch, s0
core   0: 3 0x8000821a (0x340436f3) x13 0x00282007 c832_mscratch 0x00000000
core   0: 0x8000821e (0x02167633) remu    a2, a2, ra
core   0: 3 0x8000821e (0x02167633) x12 0x00282007
core   0: 0x80008222 (0x02d32eb3) mulhsu  t4, t1, a3
core   0: 3 0x80008222 (0x02d32eb3) x29 0xffebf010
core   0: 0x80008226 (0x01905c63) bge     zero, s9, pc + 24
core   0: 3 0x80008226 (0x01905c63)
core   0: 0x8000822a (0x58f3fa97) auipc   s5, 0x58f3f
core   0: 3 0x8000822a (0x58f3fa97) x21 0xd8f4722a
core   0: 0x8000822e (0x00b6a533) slt     a0, a3, a1
core   0: 3 0x8000822e (0x00b6a533) x10 0x00000001
core   0: 0x80008232 (0x0000100f) fence.i
core   0: 3 0x80008232 (0x0000100f)
core   0: 0x80008236 (0x02028333) mul     t1, t0, zero
core   0: 3 0x80008236 (0x02028333) x6  0x00000000
core   0: 0x8000823a (0x34055ef3) csrrwi  t4, mscratch, 10
core   0: 3 0x8000823a (0x34055ef3) x29 0x00000000 c832_mscratch 0x0000000a
core   0: 0x8000823e (0x0000717d) c.addi16sp sp, -16
core   0: 3 0x8000823e (0x717d) x2  0x000000a2
core   0: 0x80008240 (0x00000001) c.nop
core   0: 3 0x80008240 (0x0001)
core   0: 0x80008242 (0x34007373) csrrci  t1, mscratch, 0
core   0: 3 0x80008242 (0x34007373) x6  0x0000000a
core   0: 0x80008246 (0x0000ca09) c.beqz  a2, pc + 18
core   0: 3 0x80008246 (0xca09)
core   0: 0x80008248 (0x02027cb3) remu    s9, tp, zero
core   0: 3 0x80008248 (0x02027cb3) x25 0x20282a1a
core   0: 0x8000824c (0x34003473) csrrc   s0, mscratch, zero
core   0: 3 0x8000824c (0x34003473) x8  0x0000000a
core   0: 0x80008250 (0x030c5e33) divu    t3, s8, a6
core   0: 3 0x80008250 (0x030c5e33) x28 0x0000b7f9
core   0: 0x80008254 (0x001cc633) xor     a2, s9, ra
core   0: 3 0x80008254 (0x001cc633) x12 0xa0289ef4
core   0: 0x80008258 (0x16627093) andi    ra, tp, 358
core   0: 3 0x80008258 (0x16627093) x1  0x00000002
core   0: 0x8000825c (0x00008afd) c.andi  a3, 31
core   0: 3 0x8000825c (0x8afd) x13 0x00000007
core   0: 0x8000825e (0xdf936d13) ori     s10, t1, -519
core   0: 3 0x8000825e (0xdf936d13) x26 0xfffffdfb
core   0: 0x80008262 (0x00009a16) c.add   s4, t0
core   0: 3 0x80008262 (0x9a16) x20 0x15a5b429
core   0: 0x80008264 (0x3401d373) csrrwi  t1, mscratch, 3
core   0: 3 0x80008264 (0x3401d373) x6  0x0000000a c832_mscratch 0x00000003
core   0: 0x80008268 (0x00008de1) c.and   a1, s0
core   0: 3 0x80008268 (0x8de1) x11 0x00000000
core   0: 0x8000826a (0x01511033) sll     zero, sp, s5
core   0: 3 0x8000826a (0x01511033)
core   0: 0x8000826e (0x00000eda) c.slli  t4, 22
core   0: 3 0x8000826e (0x0eda) x29 0x00000000
core   0: 0x80008270 (0x00000001) c.nop
core   0: 3 0x80008270 (0x0001)
core   0: 0x80008272 (0x000083e5) c.srli  a5, 25
core   0: 3 0x80008272 (0x83e5) x15 0x00000040
core   0: 0x80008274 (0x03a486b3) mul     a3, s1, s10
core   0: 3 0x80008274 (0x03a486b3) x13 0xaef755e7
core   0: 0x80008278 (0x0000557d) c.li    a0, -1
core   0: 3 0x80008278 (0x557d) x10 0xffffffff
core   0: 0x8000827a (0x0000815d) c.srli  a0, 23
core   0: 3 0x8000827a (0x815d) x10 0x000001ff
core   0: 0x8000827c (0xd264ca93) xori    s5, s1, -730
core   0: 3 0x8000827c (0xd264ca93) x21 0xffd7dd23
core   0: 0x80008280 (0x03ed3033) mulhu   zero, s10, t5
core   0: 3 0x80008280 (0x03ed3033)
core   0: 0x80008284 (0x01256933) or      s2, a0, s2
core   0: 3 0x80008284 (0x01256933) x18 0x0153dbff
core   0: 0x80008288 (0x00739893) slli    a7, t2, 7
core   0: 3 0x80008288 (0x00739893) x17 0x0000ff80
core   0: 0x8000828c (0x00009a7d) c.andi  a2, -1
core   0: 3 0x8000828c (0x9a7d) x12 0xa0289ef4
core   0: 0x8000828e (0x00008ff5) c.and   a5, a3
core   0: 3 0x8000828e (0x8ff5) x15 0x00000040
core   0: 0x80008290 (0x032b5333) divu    t1, s6, s2
core   0: 3 0x80008290 (0x032b5333) x6  0x00000000
core   0: 0x80008294 (0x5ed9b993) sltiu   s3, s3, 1517
core   0: 3 0x80008294 (0x5ed9b993) x19 0x00000000
core   0: 0x80008298 (0x0000717d) c.addi16sp sp, -16
core   0: 3 0x80008298 (0x717d) x2  0x00000092
core   0: 0x8000829a (0x000050fd) c.li    ra, -1
core   0: 3 0x8000829a (0x50fd) x1  0xffffffff
core   0: 0x8000829c (0x00aca9b3) slt     s3, s9, a0
core   0: 3 0x8000829c (0x00aca9b3) x19 0x00000000
core   0: 0x800082a0 (0x7a94a713) slti    a4, s1, 1961
core   0: 3 0x800082a0 (0x7a94a713) x14 0x00000000
core   0: 0x800082a4 (0x00447f63) bgeu    s0, tp, pc + 30
core   0: 3 0x800082a4 (0x00447f63)
core   0: 0x800082a8 (0x01a90263) beq     s2, s10, pc + 4
core   0: 3 0x800082a8 (0x01a90263)
core   0: 0x800082ac (0x000013fd) c.addi  t2, -1
core   0: 3 0x800082ac (0x13fd) x7  0x000001fe
core   0: 0x800082ae (0x00008c09) c.sub   s0, a0
core   0: 3 0x800082ae (0x8c09) x8  0xfffffe0b
core   0: 0x800082b0 (0x0000c79d) c.beqz  a5, pc + 46
core   0: 3 0x800082b0 (0xc79d)
core   0: 0x800082b2 (0x40d28e33) sub     t3, t0, a3
core   0: 3 0x800082b2 (0x40d28e33) x28 0x46863423
core   0: 0x800082b6 (0x00dc1c63) bne     s8, a3, pc + 24
core   0: 3 0x800082b6 (0x00dc1c63)
core   0: 0x800082ce (0x0877f313) andi    t1, a5, 135
core   0: 3 0x800082ce (0x0877f313) x6  0x00000000
core   0: 0x800082d2 (0x002204b3) add     s1, tp, sp
core   0: 3 0x800082d2 (0x002204b3) x9  0x20282aac
core   0: 0x800082d6 (0x0385f0b3) remu    ra, a1, s8
core   0: 3 0x800082d6 (0x0385f0b3) x1  0x00000000
core   0: 0x800082da (0x00857d63) bgeu    a0, s0, pc + 26
core   0: 3 0x800082da (0x00857d63)
core   0: 0x800082de (0x0000100f) fence.i
core   0: 3 0x800082de (0x0000100f)
core   0: 0x800082e2 (0x00cbf0b3) and     ra, s7, a2
core   0: 3 0x800082e2 (0x00cbf0b3) x1  0x80001e00
core   0: 0x800082e6 (0x0000ef19) c.bnez  a4, pc + 30
core   0: 3 0x800082e6 (0xef19)
core   0: 0x800082e8 (0x340dd5f3) csrrwi  a1, mscratch, 27
core   0: 3 0x800082e8 (0x340dd5f3) x11 0x00000003 c832_mscratch 0x0000001b
core   0: 0x800082ec (0x019b9733) sll     a4, s7, s9
core   0: 3 0x800082ec (0x019b9733) x14 0x20000000
core   0: 0x800082f0 (0x6c323793) sltiu   a5, tp, 1731
core   0: 3 0x800082f0 (0x6c323793) x15 0x00000000
core   0: 0x800082f4 (0x00008f9d) c.sub   a5, a5
core   0: 3 0x800082f4 (0x8f9d) x15 0x00000000
core   0: 0x800082f6 (0x031377b3) remu    a5, t1, a7
core   0: 3 0x800082f6 (0x031377b3) x15 0x00000000
core   0: 0x800082fa (0x000068d5) c.lui   a7, 0x15
core   0: 3 0x800082fa (0x68d5) x17 0x00015000
core   0: 0x800082fc (0x40500a33) sub     s4, zero, t0
core   0: 3 0x800082fc (0x40500a33) x20 0x0a8275f6
core   0: 0x80008300 (0x00009ffa) c.add   t6, t5
core   0: 3 0x80008300 (0x9ffa) x31 0xa002a739
core   0: 0x80008302 (0x00008ff5) c.and   a5, a3
core   0: 3 0x80008302 (0x8ff5) x15 0x00000000
core   0: 0x80008304 (0x00008851) c.andi  s0, 20
core   0: 3 0x80008304 (0x8851) x8  0x00000000
core   0: 0x80008306 (0x027e15b3) mulh    a1, t3, t2
core   0: 3 0x80008306 (0x027e15b3) x11 0x0000008c
core   0: 0x8000830a (0x03e7cab3) div     s5, a5, t5
core   0: 3 0x8000830a (0x03e7cab3) x21 0x00000000
core   0: 0x8000830e (0x00006609) c.lui   a2, 0x2
core   0: 3 0x8000830e (0x6609) x12 0x00002000
core   0: 0x80008310 (0x004ba783) lw      a5, 4(s7)
core   0: 3 0x80008310 (0x004ba783) x15 0x80007c28 mem 0x80025e0c
core   0: 0x80008314 (0x34003173) csrrc   sp, mscratch, zero
core   0: 3 0x80008314 (0x34003173) x2  0x0000001b
core   0: 0x80008318 (0x00008739) c.srai  a4, 14
core   0: 3 0x80008318 (0x8739) x14 0x00008000
core   0: 0x8000831a (0x01c4ed33) or      s10, s1, t3
core   0: 3 0x8000831a (0x01c4ed33) x26 0x66ae3eaf
core   0: 0x8000831e (0x034d46b3) div     a3, s10, s4
core   0: 3 0x8000831e (0x034d46b3) x13 0x00000009
core   0: 0x80008322 (0x6581c213) xori    tp, gp, 1624
core   0: 3 0x80008322 (0x6581c213) x4  0xf57d8e50
core   0: 0x80008326 (0x028b8b93) addi    s7, s7, 40
core   0: 3 0x80008326 (0x028b8b93) x23 0x80025e30
core   0: 0x8000832a (0x0000100f) fence.i
core   0: 3 0x8000832a (0x0000100f)
core   0: 0x8000832e (0x00cf1fb3) sll     t6, t5, a2
core   0: 3 0x8000832e (0x00cf1fb3) x31 0x80029d24
core   0: 0x80008332 (0x00078d13) mv      s10, a5
core   0: 3 0x80008332 (0x00078d13) x26 0x80007c28
core   0: 0x80008336 (0x000d0d67) jalr    s10, s10, 0
core   0: 3 0x80008336 (0x000d0d67) x26 0x8000833a
core   0: 0x80007c28 (0x340a1ef3) csrrw   t4, mscratch, s4
core   0: 3 0x80007c28 (0x340a1ef3) x29 0x0000001b c832_mscratch 0x0a8275f6
core   0: 0x80007c2c (0x01605833) srl     a6, zero, s6
core   0: 3 0x80007c2c (0x01605833) x16 0x00000000
core   0: 0x80007c30 (0x00721733) sll     a4, tp, t2
core   0: 3 0x80007c30 (0x00721733) x14 0x00000000
core   0: 0x80007c34 (0x0381c463) blt     gp, s8, pc + 40
core   0: 3 0x80007c34 (0x0381c463)
core   0: 0x80007c5c (0x00000b32) c.slli  s6, 12
core   0: 3 0x80007c5c (0x0b32) x22 0x00003000
core   0: 0x80007c5e (0x0085f333) and     t1, a1, s0
core   0: 3 0x80007c5e (0x0085f333) x6  0x00000000
core   0: 0x80007c62 (0x0013a133) slt     sp, t2, ra
core   0: 3 0x80007c62 (0x0013a133) x2  0x00000000
core   0: 0x80007c66 (0x00006151) c.addi16sp sp, 272
core   0: 3 0x80007c66 (0x6151) x2  0x00000110
core   0: 0x80007c68 (0x00006129) c.addi16sp sp, 192
core   0: 3 0x80007c68 (0x6129) x2  0x000001d0
core   0: 0x80007c6a (0x004ba783) lw      a5, 4(s7)
core   0: 3 0x80007c6a (0x004ba783) x15 0x80008962 mem 0x80025e34
core   0: 0x80007c6e (0x3401dff3) csrrwi  t6, mscratch, 3
core   0: 3 0x80007c6e (0x3401dff3) x31 0x0a8275f6 c832_mscratch 0x00000003
core   0: 0x80007c72 (0x00265b33) srl     s6, a2, sp
core   0: 3 0x80007c72 (0x00265b33) x22 0x00000000
core   0: 0x80007c76 (0xcbb0fa93) andi    s5, ra, -837
core   0: 3 0x80007c76 (0xcbb0fa93) x21 0x80001c00
core   0: 0x80007c7a (0x391e3893) sltiu   a7, t3, 913
core   0: 3 0x80007c7a (0x391e3893) x17 0x00000000
core   0: 0x80007c7e (0x00000bc1) c.addi  s7, 16
core   0: 3 0x80007c7e (0x0bc1) x23 0x80025e40
core   0: 0x80007c80 (0x000085f5) c.srai  a1, 29
core   0: 3 0x80007c80 (0x85f5) x11 0x00000000
core   0: 0x80007c82 (0x00078113) mv      sp, a5
core   0: 3 0x80007c82 (0x00078113) x2  0x80008962
core   0: 0x80007c86 (0x00010167) jalr    sp, sp, 0
core   0: 3 0x80007c86 (0x00010167) x2  0x80007c8a
core   0: 0x80008962 (0x00000897) auipc   a7, 0x0
core   0: 3 0x80008962 (0x00000897) x17 0x80008962
core   0: 0x80008966 (0x9d888893) addi    a7, a7, -1576
core   0: 3 0x80008966 (0x9d888893) x17 0x8000833a
core   0: 0x8000896a (0xfbae3cb7) lui     s9, 0xfbae3
core   0: 3 0x8000896a (0xfbae3cb7) x25 0xfbae3000
core   0: 0x8000896e (0x0000100f) fence.i
core   0: 3 0x8000896e (0x0000100f)
core   0: 0x80008972 (0x0b672f93) slti    t6, a4, 182
core   0: 3 0x80008972 (0x0b672f93) x31 0x00000001
core   0: 0x80008976 (0x7264f693) andi    a3, s1, 1830
core   0: 3 0x80008976 (0x7264f693) x13 0x00000224
core   0: 0x8000897a (0x00005e7d) c.li    t3, -1
core   0: 3 0x8000897a (0x5e7d) x28 0xffffffff
core   0: 0x8000897c (0x02554d33) div     s10, a0, t0
core   0: 3 0x8000897c (0x02554d33) x26 0x00000000
core   0: 0x80008980 (0x00008c6d) c.and   s0, a1
core   0: 3 0x80008980 (0x8c6d) x8  0x00000000
core   0: 0x80008982 (0x34005973) csrrwi  s2, mscratch, 0
core   0: 3 0x80008982 (0x34005973) x18 0x00000003 c832_mscratch 0x00000000
core   0: 0x80008986 (0x01d89fb3) sll     t6, a7, t4
core   0: 3 0x80008986 (0x01d89fb3) x31 0xd0000000
core   0: 0x8000898a (0x16288893) addi    a7, a7, 354
core   0: 3 0x8000898a (0x16288893) x17 0x8000849c
core   0: 0x8000898e (0x000001ba) c.slli  gp, 14
core   0: 3 0x8000898e (0x01ba) x3  0x62020000
core   0: 0x80008990 (0xe9f887e7) jalr    a5, a7, -353
core   0: 3 0x80008990 (0xe9f887e7) x15 0x80008994
core   0: 0x8000833a (0x00008966) c.mv    s2, s9
core   0: 3 0x8000833a (0x8966) x18 0xfbae3000
core   0: 0x8000833c (0x0ff0000f) fence   iorw,iorw
core   0: 3 0x8000833c (0x0ff0000f)
core   0: 0x80008340 (0xfccb8b93) addi    s7, s7, -52
core   0: 3 0x80008340 (0xfccb8b93) x23 0x80025e0c
core   0: 0x80008344 (0x01df2833) slt     a6, t5, t4
core   0: 3 0x80008344 (0x01df2833) x16 0x00000001
core   0: 0x80008348 (0x00fba223) sw      a5, 4(s7)
core   0: 3 0x80008348 (0x00fba223) mem 0x80025e10 0x80008994
core   0: 0x8000834c (0xd0c06013) ori     zero, zero, -756
core   0: 3 0x8000834c (0xd0c06013)
core   0: 0x80008350 (0x03d238b3) mulhu   a7, tp, t4
core   0: 3 0x80008350 (0x03d238b3) x17 0x00000019
core   0: 0x80008354 (0x41535213) srai    tp, t1, 21
core   0: 3 0x80008354 (0x41535213) x4  0x00000000
core   0: 0x80008358 (0x00000001) c.nop
core   0: 3 0x80008358 (0x0001)
core   0: 0x8000835a (0x000082f1) c.srli  a3, 28
core   0: 3 0x8000835a (0x82f1) x13 0x00000000
core   0: 0x8000835c (0x01d295b3) sll     a1, t0, t4
core   0: 3 0x8000835c (0x01d295b3) x11 0x50000000
core   0: 0x80008360 (0x03d86033) rem     zero, a6, t4
core   0: 3 0x80008360 (0x03d86033)
core   0: 0x80008364 (0x00001504) c.addi4spn s1, sp, 672
core   0: 3 0x80008364 (0x1504) x9  0x80007f2a
core   0: 0x80008366 (0x63bf1197) auipc   gp, 0x63bf1
core   0: 3 0x80008366 (0x63bf1197) x3  0xe3bf9366
core   0: 0x8000836a (0xb7d42f93) slti    t6, s0, -1155
core   0: 3 0x8000836a (0xb7d42f93) x31 0x00000000
core   0: 0x8000836e (0x481a6d13) ori     s10, s4, 1153
core   0: 3 0x8000836e (0x481a6d13) x26 0x0a8275f7
core   0: 0x80008372 (0xe85ff7ef) jal     a5, pc - 0x17c
core   0: 3 0x80008372 (0xe85ff7ef) x15 0x80008376
core   0: 0x800081f6 (0x000069b9) c.lui   s3, 0xe
core   0: 3 0x800081f6 (0x69b9) x19 0x0000e000
core   0: 0x800081f8 (0x0196c863) blt     a3, s9, pc + 16
core   0: 3 0x800081f8 (0x0196c863)
core   0: 0x800081fc (0x340074f3) csrrci  s1, mscratch, 0
core   0: 3 0x800081fc (0x340074f3) x9  0x00000000
core   0: 0x80008200 (0x01233233) sltu    tp, t1, s2
core   0: 3 0x80008200 (0x01233233) x4  0x00000001
core   0: 0x80008204 (0x017bee33) or      t3, s7, s7
core   0: 3 0x80008204 (0x017bee33) x28 0x80025e0c
core   0: 0x80008208 (0xfd8b8b93) addi    s7, s7, -40
core   0: 3 0x80008208 (0xfd8b8b93) x23 0x80025de4
core   0: 0x8000820c (0x020456b3) divu    a3, s0, zero
core   0: 3 0x8000820c (0x020456b3) x13 0xffffffff
core   0: 0x80008210 (0x00fba223) sw      a5, 4(s7)
core   0: 3 0x80008210 (0x00fba223) mem 0x80025de8 0x80008376
core   0: 0x80008214 (0x00008f51) c.or    a4, a2
core   0: 3 0x80008214 (0x8f51) x14 0x00002000
core   0: 0x80008216 (0x34007673) csrrci  a2, mscratch, 0
core   0: 3 0x80008216 (0x34007673) x12 0x00000000
core   0: 0x8000821a (0x340436f3) csrrc   a3, mscratch, s0
core   0: 3 0x8000821a (0x340436f3) x13 0x00000000 c832_mscratch 0x00000000
core   0: 0x8000821e (0x02167633) remu    a2, a2, ra
core   0: 3 0x8000821e (0x02167633) x12 0x00000000
core   0: 0x80008222 (0x02d32eb3) mulhsu  t4, t1, a3
core   0: 3 0x80008222 (0x02d32eb3) x29 0x00000000
core   0: 0x80008226 (0x01905c63) bge     zero, s9, pc + 24
core   0: 3 0x80008226 (0x01905c63)
core   0: 0x8000823e (0x0000717d) c.addi16sp sp, -16
core   0: 3 0x8000823e (0x717d) x2  0x80007c7a
core   0: 0x80008240 (0x00000001) c.nop
core   0: 3 0x80008240 (0x0001)
core   0: 0x80008242 (0x34007373) csrrci  t1, mscratch, 0
core   0: 3 0x80008242 (0x34007373) x6  0x00000000
core   0: 0x80008246 (0x0000ca09) c.beqz  a2, pc + 18
core   0: 3 0x80008246 (0xca09)
core   0: 0x80008258 (0x16627093) andi    ra, tp, 358
core   0: 3 0x80008258 (0x16627093) x1  0x00000000
core   0: 0x8000825c (0x00008afd) c.andi  a3, 31
core   0: 3 0x8000825c (0x8afd) x13 0x00000000
core   0: 0x8000825e (0xdf936d13) ori     s10, t1, -519
core   0: 3 0x8000825e (0xdf936d13) x26 0xfffffdf9
core   0: 0x80008262 (0x00009a16) c.add   s4, t0
core   0: 3 0x80008262 (0x9a16) x20 0x00000000
core   0: 0x80008264 (0x3401d373) csrrwi  t1, mscratch, 3
core   0: 3 0x80008264 (0x3401d373) x6  0x00000000 c832_mscratch 0x00000003
core   0: 0x80008268 (0x00008de1) c.and   a1, s0
core   0: 3 0x80008268 (0x8de1) x11 0x00000000
core   0: 0x8000826a (0x01511033) sll     zero, sp, s5
core   0: 3 0x8000826a (0x01511033)
core   0: 0x8000826e (0x00000eda) c.slli  t4, 22
core   0: 3 0x8000826e (0x0eda) x29 0x00000000
core   0: 0x80008270 (0x00000001) c.nop
core   0: 3 0x80008270 (0x0001)
core   0: 0x80008272 (0x000083e5) c.srli  a5, 25
core   0: 3 0x80008272 (0x83e5) x15 0x00000040
core   0: 0x80008274 (0x03a486b3) mul     a3, s1, s10
core   0: 3 0x80008274 (0x03a486b3) x13 0x00000000
core   0: 0x80008278 (0x0000557d) c.li    a0, -1
core   0: 3 0x80008278 (0x557d) x10 0xffffffff
core   0: 0x8000827a (0x0000815d) c.srli  a0, 23
core   0: 3 0x8000827a (0x815d) x10 0x000001ff
core   0: 0x8000827c (0xd264ca93) xori    s5, s1, -730
core   0: 3 0x8000827c (0xd264ca93) x21 0xfffffd26
core   0: 0x80008280 (0x03ed3033) mulhu   zero, s10, t5
core   0: 3 0x80008280 (0x03ed3033)
core   0: 0x80008284 (0x01256933) or      s2, a0, s2
core   0: 3 0x80008284 (0x01256933) x18 0xfbae31ff
core   0: 0x80008288 (0x00739893) slli    a7, t2, 7
core   0: 3 0x80008288 (0x00739893) x17 0x0000ff00
core   0: 0x8000828c (0x00009a7d) c.andi  a2, -1
core   0: 3 0x8000828c (0x9a7d) x12 0x00000000
core   0: 0x8000828e (0x00008ff5) c.and   a5, a3
core   0: 3 0x8000828e (0x8ff5) x15 0x00000000
core   0: 0x80008290 (0x032b5333) divu    t1, s6, s2
core   0: 3 0x80008290 (0x032b5333) x6  0x00000000
core   0: 0x80008294 (0x5ed9b993) sltiu   s3, s3, 1517
core   0: 3 0x80008294 (0x5ed9b993) x19 0x00000000
core   0: 0x80008298 (0x0000717d) c.addi16sp sp, -16
core   0: 3 0x80008298 (0x717d) x2  0x80007c6a
core   0: 0x8000829a (0x000050fd) c.li    ra, -1
core   0: 3 0x8000829a (0x50fd) x1  0xffffffff
core   0: 0x8000829c (0x00aca9b3) slt     s3, s9, a0
core   0: 3 0x8000829c (0x00aca9b3) x19 0x00000001
core   0: 0x800082a0 (0x7a94a713) slti    a4, s1, 1961
core   0: 3 0x800082a0 (0x7a94a713) x14 0x00000001
core   0: 0x800082a4 (0x00447f63) bgeu    s0, tp, pc + 30
core   0: 3 0x800082a4 (0x00447f63)
core   0: 0x800082a8 (0x01a90263) beq     s2, s10, pc + 4
core   0: 3 0x800082a8 (0x01a90263)
core   0: 0x800082ac (0x000013fd) c.addi  t2, -1
core   0: 3 0x800082ac (0x13fd) x7  0x000001fd
core   0: 0x800082ae (0x00008c09) c.sub   s0, a0
core   0: 3 0x800082ae (0x8c09) x8  0xfffffe01
core   0: 0x800082b0 (0x0000c79d) c.beqz  a5, pc + 46
core   0: 3 0x800082b0 (0xc79d)
core   0: 0x800082de (0x0000100f) fence.i
core   0: 3 0x800082de (0x0000100f)
core   0: 0x800082e2 (0x00cbf0b3) and     ra, s7, a2
core   0: 3 0x800082e2 (0x00cbf0b3) x1  0x00000000
core   0: 0x800082e6 (0x0000ef19) c.bnez  a4, pc + 30
core   0: 3 0x800082e6 (0xef19)
core   0: 0x80008304 (0x00008851) c.andi  s0, 20
core   0: 3 0x80008304 (0x8851) x8  0x00000000
core   0: 0x80008306 (0x027e15b3) mulh    a1, t3, t2
core   0: 3 0x80008306 (0x027e15b3) x11 0xffffff01
core   0: 0x8000830a (0x03e7cab3) div     s5, a5, t5
core   0: 3 0x8000830a (0x03e7cab3) x21 0x00000000
core   0: 0x8000830e (0x00006609) c.lui   a2, 0x2
core   0: 3 0x8000830e (0x6609) x12 0x00002000
core   0: 0x80008310 (0x004ba783) lw      a5, 4(s7)
core   0: 3 0x80008310 (0x004ba783) x15 0x80008376 mem 0x80025de8
core   0: 0x80008314 (0x34003173) csrrc   sp, mscratch, zero
core   0: 3 0x80008314 (0x34003173) x2  0x00000003
core   0: 0x80008318 (0x00008739) c.srai  a4, 14
core   0: 3 0x80008318 (0x8739) x14 0x00000000
core   0: 0x8000831a (0x01c4ed33) or      s10, s1, t3
core   0: 3 0x8000831a (0x01c4ed33) x26 0x80025e0c
core   0: 0x8000831e (0x034d46b3) div     a3, s10, s4
core   0: 3 0x8000831e (0x034d46b3) x13 0xffffffff
core   0: 0x80008322 (0x6581c213) xori    tp, gp, 1624
core   0: 3 0x80008322 (0x6581c213) x4  0xe3bf953e
core   0: 0x80008326 (0x028b8b93) addi    s7, s7, 40
core   0: 3 0x80008326 (0x028b8b93) x23 0x80025e0c
core   0: 0x8000832a (0x0000100f) fence.i
core   0: 3 0x8000832a (0x0000100f)
core   0: 0x8000832e (0x00cf1fb3) sll     t6, t5, a2
core   0: 3 0x8000832e (0x00cf1fb3) x31 0x80029d24
core   0: 0x80008332 (0x00078d13) mv      s10, a5
core   0: 3 0x80008332 (0x00078d13) x26 0x80008376
core   0: 0x80008336 (0x000d0d67) jalr    s10, s10, 0
core   0: 3 0x80008336 (0x000d0d67) x26 0x8000833a
core   0: 0x80008376 (0x00008ff9) c.and   a5, a4
core   0: 3 0x80008376 (0x8ff9) x15 0x00000000
core   0: 0x80008378 (0x017b9cb3) sll     s9, s7, s7
core   0: 3 0x80008378 (0x017b9cb3) x25 0x25e0c000
core   0: 0x8000837c (0x03e75233) divu    tp, a4, t5
core   0: 3 0x8000837c (0x03e75233) x4  0x00000000
core   0: 0x80008380 (0x00001897) auipc   a7, 0x1
core   0: 3 0x80008380 (0x00001897) x17 0x80009380
core   0: 0x80008384 (0x0ba88893) addi    a7, a7, 186
core   0: 3 0x80008384 (0x0ba88893) x17 0x8000943a
core   0: 0x80008388 (0x03accfb3) div     t6, s9, s10
core   0: 3 0x80008388 (0x03accfb3) x31 0x00000000
core   0: 0x8000838c (0x3a188893) addi    a7, a7, 929
core   0: 3 0x8000838c (0x3a188893) x17 0x800097db
core   0: 0x80008390 (0x3401a873) csrrs   a6, mscratch, gp
core   0: 3 0x80008390 (0x3401a873) x16 0x00000003 c832_mscratch 0xe3bf9367
core   0: 0x80008394 (0xd48641b7) lui     gp, 0xd4864
core   0: 3 0x80008394 (0xd48641b7) x3  0xd4864000
core   0: 0x80008398 (0x019a0363) beq     s4, s9, pc + 6
core   0: 3 0x80008398 (0x019a0363)
core   0: 0x8000839c (0x00008e9d) c.sub   a3, a5
core   0: 3 0x8000839c (0x8e9d) x13 0xffffffff
core   0: 0x8000839e (0xc60887e7) jalr    a5, a7, -928
core   0: 3 0x8000839e (0xc60887e7) x15 0x800083a2
core   0: 0x8000943a (0x0078d463) bge     a7, t2, pc + 8
core   0: 3 0x8000943a (0x0078d463)
core   0: 0x8000943e (0x03847c33) remu    s8, s0, s8
core   0: 3 0x8000943e (0x03847c33) x24 0x00000000
core   0: 0x80009442 (0xfd0b8b93) addi    s7, s7, -48
core   0: 3 0x80009442 (0xfd0b8b93) x23 0x80025ddc
core   0: 0x80009446 (0x0ff0000f) fence   iorw,iorw
core   0: 3 0x80009446 (0x0ff0000f)
core   0: 0x8000944a (0x00fba223) sw      a5, 4(s7)
core   0: 3 0x8000944a (0x00fba223) mem 0x80025de0 0x800083a2
core   0: 0x8000944e (0x39867693) andi    a3, a2, 920
core   0: 3 0x8000944e (0x39867693) x13 0x00000000
core   0: 0x80009452 (0x02bf7233) remu    tp, t5, a1
core   0: 3 0x80009452 (0x02bf7233) x4  0x80029d24
core   0: 0x80009456 (0xc3c0e113) ori     sp, ra, -964
core   0: 3 0x80009456 (0xc3c0e113) x2  0xfffffc3c
core   0: 0x8000945a (0x026ae933) rem     s2, s5, t1
core   0: 3 0x8000945a (0x026ae933) x18 0x00000000
core   0: 0x8000945e (0x0000ed17) auipc   s10, 0xe
core   0: 3 0x8000945e (0x0000ed17) x26 0x8001745e
core   0: 0x80009462 (0xd88d0d13) addi    s10, s10, -632
core   0: 3 0x80009462 (0xd88d0d13) x26 0x800171e6
core   0: 0x80009466 (0x02035cb3) divu    s9, t1, zero
core   0: 3 0x80009466 (0x02035cb3) x25 0xffffffff
core   0: 0x8000946a (0x03408b33) mul     s6, ra, s4
core   0: 3 0x8000946a (0x03408b33) x22 0x00000000
core   0: 0x8000946e (0x00cd1983) lh      s3, 12(s10)
core   0: 3 0x8000946e (0x00cd1983) x19 0xffffa8a9 mem 0x800171f2
core   0: 0x80009472 (0x15565137) lui     sp, 0x15565
core   0: 3 0x80009472 (0x15565137) x2  0x15565000
core   0: 0x80009476 (0xfefd0aa3) sb      a5, -11(s10)
core   0: 3 0x80009476 (0xfefd0aa3) mem 0x800171db 0xa2
core   0: 0x8000947a (0x0000009a) c.slli  ra, 6
core   0: 3 0x8000947a (0x009a) x1  0x00000000
core   0: 0x8000947c (0x40bc0eb3) sub     t4, s8, a1
core   0: 3 0x8000947c (0x40bc0eb3) x29 0x000000ff
core   0: 0x80009480 (0x00cd0c03) lb      s8, 12(s10)
core   0: 3 0x80009480 (0x00cd0c03) x24 0xffffffa9 mem 0x800171f2
core   0: 0x80009484 (0x0ff0000f) fence   iorw,iorw
core   0: 3 0x80009484 (0x0ff0000f)
core   0: 0x80009488 (0x00fd4e83) lbu     t4, 15(s10)
core   0: 3 0x80009488 (0x00fd4e83) x29 0x000000ae mem 0x800171f5
core   0: 0x8000948c (0x00000001) c.nop
core   0: 3 0x8000948c (0x0001)
core   0: 0x8000948e (0x00000088) c.addi4spn a0, sp, 64
core   0: 3 0x8000948e (0x0088) x10 0x15565040
core   0: 0x80009490 (0x41dbd113) srai    sp, s7, 29
core   0: 3 0x80009490 (0x41dbd113) x2  0xfffffffc
core   0: 0x80009494 (0x00008279) c.srli  a2, 30
core   0: 3 0x80009494 (0x8279) x12 0x00000000
core   0: 0x80009496 (0x007378b3) and     a7, t1, t2
core   0: 3 0x80009496 (0x007378b3) x17 0x00000000
core   0: 0x8000949a (0xffad0ba3) sb      s10, -9(s10)
core   0: 3 0x8000949a (0xffad0ba3) mem 0x800171dd 0xe6
core   0: 0x8000949e (0xff3d0f83) lb      t6, -13(s10)
core   0: 3 0x8000949e (0xff3d0f83) x31 0xffffff92 mem 0x800171d9
core   0: 0x800094a2 (0xff3d4883) lbu     a7, -13(s10)
core   0: 3 0x800094a2 (0xff3d4883) x17 0x00000092 mem 0x800171d9
core   0: 0x800094a6 (0x010d0303) lb      t1, 16(s10)
core   0: 3 0x800094a6 (0x010d0303) x6  0xffffffad mem 0x800171f6
core   0: 0x800094aa (0x015d06a3) sb      s5, 13(s10)
core   0: 3 0x800094aa (0x015d06a3) mem 0x800171f3 0x00
core   0: 0x800094ae (0x018a7633) and     a2, s4, s8
core   0: 3 0x800094ae (0x018a7633) x12 0x00000000
core   0: 0x800094b2 (0x010d0523) sb      a6, 10(s10)
core   0: 3 0x800094b2 (0x010d0523) mem 0x800171f0 0x03
core   0: 0x800094b6 (0x00cd4303) lbu     t1, 12(s10)
core   0: 3 0x800094b6 (0x00cd4303) x6  0x000000a9 mem 0x800171f2
core   0: 0x800094ba (0x012bafb3) slt     t6, s7, s2
core   0: 3 0x800094ba (0x012bafb3) x31 0x00000001
core   0: 0x800094be (0xff2d0403) lb      s0, -14(s10)
core   0: 3 0x800094be (0xff2d0403) x8  0xffffff93 mem 0x800171d8
core   0: 0x800094c2 (0xff4d0fa3) sb      s4, -1(s10)
core   0: 3 0x800094c2 (0xff4d0fa3) mem 0x800171e5 0x00
core   0: 0x800094c6 (0x0255a633) mulhsu  a2, a1, t0
core   0: 3 0x800094c6 (0x0255a633) x12 0xffffff0b
core   0: 0x800094ca (0xeb9087b7) lui     a5, 0xeb908
core   0: 3 0x800094ca (0xeb9087b7) x15 0xeb908000
core   0: 0x800094ce (0x00ae33b3) sltu    t2, t3, a0
core   0: 3 0x800094ce (0x00ae33b3) x7  0x00000000
core   0: 0x800094d2 (0x3404de73) csrrwi  t3, mscratch, 9
core   0: 3 0x800094d2 (0x3404de73) x28 0xe3bf9367 c832_mscratch 0x00000009
core   0: 0x800094d6 (0xff6d5983) lhu     s3, -10(s10)
core   0: 3 0x800094d6 (0xff6d5983) x19 0x0000e697 mem 0x800171dc
core   0: 0x800094da (0xffed5703) lhu     a4, -2(s10)
core   0: 3 0x800094da (0xffed5703) x14 0x0000009f mem 0x800171e4
core   0: 0x800094de (0x000080a1) c.srli  s1, 8
core   0: 3 0x800094de (0x80a1) x9  0x00000000
core   0: 0x800094e0 (0x0000100f) fence.i
core   0: 3 0x800094e0 (0x0000100f)
core   0: 0x800094e4 (0x00009b7d) c.andi  a4, -1
core   0: 3 0x800094e4 (0x9b7d) x14 0x0000009f
core   0: 0x800094e6 (0x00000001) c.nop
core   0: 3 0x800094e6 (0x0001)
core   0: 0x800094e8 (0x01e0dcb3) srl     s9, ra, t5
core   0: 3 0x800094e8 (0x01e0dcb3) x25 0x00000000
core   0: 0x800094ec (0x00006419) c.lui   s0, 0x6
core   0: 3 0x800094ec (0x6419) x8  0x00006000
core   0: 0x800094ee (0x0140b233) sltu    tp, ra, s4
core   0: 3 0x800094ee (0x0140b233) x4  0x00000000
core   0: 0x800094f2 (0xff6d1783) lh      a5, -10(s10)
core   0: 3 0x800094f2 (0xff6d1783) x15 0xffffe697 mem 0x800171dc
core   0: 0x800094f6 (0x0365f1b3) remu    gp, a1, s6
core   0: 3 0x800094f6 (0x0365f1b3) x3  0xffffff01
core   0: 0x800094fa (0x419fd4b3) sra     s1, t6, s9
core   0: 3 0x800094fa (0x419fd4b3) x9  0x00000001
core   0: 0x800094fe (0xda627e93) andi    t4, tp, -602
core   0: 3 0x800094fe (0xda627e93) x29 0x00000000
core   0: 0x80009502 (0x00d48633) add     a2, s1, a3
core   0: 3 0x80009502 (0x00d48633) x12 0x00000001
core   0: 0x80009506 (0x001d0103) lb      sp, 1(s10)
core   0: 3 0x80009506 (0x001d0103) x2  0xffffff9c mem 0x800171e7
core   0: 0x8000950a (0x00008e97) auipc   t4, 0x8
core   0: 3 0x8000950a (0x00008e97) x29 0x8001150a
core   0: 0x8000950e (0xa1be8e93) addi    t4, t4, -1509
core   0: 3 0x8000950e (0xa1be8e93) x29 0x80010f25
core   0: 0x80009512 (0x0ff0000f) fence   iorw,iorw
core   0: 3 0x80009512 (0x0ff0000f)
core   0: 0x80009516 (0x000083b1) c.srli  a5, 12
core   0: 3 0x80009516 (0x83b1) x15 0x000ffffe
core   0: 0x80009518 (0xfbce8023) sb      t3, -96(t4)
core   0: 3 0x80009518 (0xfbce8023) mem 0x80010ec5 0x67
core   0: 0x8000951c (0xff6ea9a3) sw      s6, -13(t4)
core   0: 3 0x8000951c (0xff6ea9a3) mem 0x80010f18 0x00000000
core   0: 0x80009520 (0x34007ff3) csrrci  t6, mscratch, 0
core   0: 3 0x80009520 (0x34007ff3) x31 0x00000009
core   0: 0x80009524 (0x3ed9dd37) lui     s10, 0x3ed9d
core   0: 3 0x80009524 (0x3ed9dd37) x26 0x3ed9d000
core   0: 0x80009528 (0x013e6d33) or      s10, t3, s3
core   0: 3 0x80009528 (0x013e6d33) x26 0xe3bff7f7
core   0: 0x8000952c (0x34003973) csrrc   s2, mscratch, zero
core   0: 3 0x8000952c (0x34003973) x18 0x00000009
core   0: 0x80009530 (0x52513537) lui     a0, 0x52513
core   0: 3 0x80009530 (0x52513537) x10 0x52513000
core   0: 0x80009534 (0x00008ef9) c.and   a3, a4
core   0: 3 0x80009534 (0x8ef9) x13 0x00000000
core   0: 0x80009536 (0x009fb4b3) sltu    s1, t6, s1
core   0: 3 0x80009536 (0x009fb4b3) x9  0x00000000
core   0: 0x8000953a (0x340023f3) csrr    t2, mscratch
core   0: 3 0x8000953a (0x340023f3) x7  0x00000009
core   0: 0x8000953e (0xf9eecf83) lbu     t6, -98(t4)
core   0: 3 0x8000953e (0xf9eecf83) x31 0x00000078 mem 0x80010ec3
core   0: 0x80009542 (0x0000100f) fence.i
core   0: 3 0x80009542 (0x0000100f)
core   0: 0x80009546 (0xf1fe95a3) sh      t6, -245(t4)
core   0: 3 0x80009546 (0xf1fe95a3) mem 0x80010e30 0x0078
core   0: 0x8000954a (0x0bae8003) lb      zero, 186(t4)
core   0: 3 0x8000954a (0x0bae8003) mem 0x80010fdf
core   0: 0x8000954e (0x03d29633) mulh    a2, t0, t4
core   0: 3 0x8000954e (0x03d29633) x12 0x05412fd9
core   0: 0x80009552 (0x00008c81) c.sub   s1, s0
core   0: 3 0x80009552 (0x8c81) x9  0xffffa000
core   0: 0x80009554 (0x035b2233) mulhsu  tp, s6, s5
core   0: 3 0x80009554 (0x035b2233) x4  0x00000000
core   0: 0x80009558 (0x008b0633) add     a2, s6, s0
core   0: 3 0x80009558 (0x008b0633) x12 0x00006000
core   0: 0x8000955c (0x0beeafa3) sw      t5, 191(t4)
core   0: 3 0x8000955c (0x0beeafa3) mem 0x80010fe4 0x80029d24
core   0: 0x80009560 (0x00000001) c.nop
core   0: 3 0x80009560 (0x0001)
core   0: 0x80009562 (0x34006c73) csrrsi  s8, mscratch, 0
core   0: 3 0x80009562 (0x34006c73) x24 0x00000009
core   0: 0x80009566 (0x019e8b03) lb      s6, 25(t4)
core   0: 3 0x80009566 (0x019e8b03) x22 0xfffffff5 mem 0x80010f3e
core   0: 0x8000956a (0x00008996) c.mv    s3, t0
core   0: 3 0x8000956a (0x8996) x19 0xf57d8a0a
core   0: 0x8000956c (0x817cfa93) andi    s5, s9, -2025
core   0: 3 0x8000956c (0x817cfa93) x21 0x00000000
core   0: 0x80009570 (0xf6eeaba3) sw      a4, -137(t4)
core   0: 3 0x80009570 (0xf6eeaba3) mem 0x80010e9c 0x0000009f
core   0: 0x80009574 (0x00008289) c.srli  a3, 2
core   0: 3 0x80009574 (0x8289) x13 0x00000000
core   0: 0x80009576 (0x05de8103) lb      sp, 93(t4)
core   0: 3 0x80009576 (0x05de8103) x2  0x0000000a mem 0x80010f82
core   0: 0x8000957a (0x03022fb3) mulhsu  t6, tp, a6
core   0: 3 0x8000957a (0x03022fb3) x31 0x00000000
core   0: 0x8000957e (0x00efd233) srl     tp, t6, a4
core   0: 3 0x8000957e (0x00efd233) x4  0x00000000
core   0: 0x80009582 (0x03cd9cb3) mulh    s9, s11, t3
core   0: 3 0x80009582 (0x03cd9cb3) x25 0xfeb1943a
core   0: 0x80009586 (0x012229b3) slt     s3, tp, s2
core   0: 3 0x80009586 (0x012229b3) x19 0x00000001
core   0: 0x8000958a (0x040e8023) sb      zero, 64(t4)
core   0: 3 0x8000958a (0x040e8023) mem 0x80010f65 0x00
core   0: 0x8000958e (0x00009417) auipc   s0, 0x9
core   0: 3 0x8000958e (0x00009417) x8  0x8001258e
core   0: 0x80009592 (0xac940413) addi    s0, s0, -1335
core   0: 3 0x80009592 (0xac940413) x8  0x80012057
core   0: 0x80009596 (0xfe540083) lb      ra, -27(s0)
core   0: 3 0x80009596 (0xfe540083) x1  0xfffffff7 mem 0x8001203c
core   0: 0x8000959a (0x0e044203) lbu     tp, 224(s0)
core   0: 3 0x8000959a (0x0e044203) x4  0x000000ec mem 0x80012137
core   0: 0x8000959e (0xf1540723) sb      s5, -242(s0)
core   0: 3 0x8000959e (0xf1540723) mem 0x80011f65 0x00
core   0: 0x800095a2 (0x0c244583) lbu     a1, 194(s0)
core   0: 3 0x800095a2 (0x0c244583) x11 0x000000d2 mem 0x80012119
core   0: 0x800095a6 (0x00001110) c.addi4spn a2, sp, 160
core   0: 3 0x800095a6 (0x1110) x12 0x000000aa
core   0: 0x800095a8 (0x0ad45903) lhu     s2, 173(s0)
core   0: 3 0x800095a8 (0x0ad45903) x18 0x0000bebf mem 0x80012104
core   0: 0x800095ac (0x030d3133) mulhu   sp, s10, a6
core   0: 3 0x800095ac (0x030d3133) x2  0x00000002
core   0: 0x800095b0 (0x0ae44903) lbu     s2, 174(s0)
core   0: 3 0x800095b0 (0x0ae44903) x18 0x000000be mem 0x80012105
core   0: 0x800095b4 (0x00001c98) c.addi4spn a4, sp, 624
core   0: 3 0x800095b4 (0x1c98) x14 0x00000272
core   0: 0x800095b6 (0x002ea533) slt     a0, t4, sp
core   0: 3 0x800095b6 (0x002ea533) x10 0x00000001
core   0: 0x800095ba (0xf8341ea3) sh      gp, -99(s0)
core   0: 3 0x800095ba (0xf8341ea3) mem 0x80011ff4 0xff01
core   0: 0x800095be (0x00006a75) c.lui   s4, 0x1d
core   0: 3 0x800095be (0x6a75) x20 0x0001d000
core   0: 0x800095c0 (0x0ff40183) lb      gp, 255(s0)
core   0: 3 0x800095c0 (0x0ff40183) x3  0x0000000d mem 0x80012156
core   0: 0x800095c4 (0xf4a40083) lb      ra, -182(s0)
core   0: 3 0x800095c4 (0xf4a40083) x1  0x0000005a mem 0x80011fa1
core   0: 0x800095c8 (0x01fa3e93) sltiu   t4, s4, 31
core   0: 3 0x800095c8 (0x01fa3e93) x29 0x00000000
core   0: 0x800095cc (0xfd044883) lbu     a7, -48(s0)
core   0: 3 0x800095cc (0xfd044883) x17 0x000000dc mem 0x80012027
core   0: 0x800095d0 (0xfa440423) sb      tp, -88(s0)
core   0: 3 0x800095d0 (0xfa440423) mem 0x80011fff 0xec
core   0: 0x800095d4 (0x0ba40523) sb      s10, 170(s0)
core   0: 3 0x800095d4 (0x0ba40523) mem 0x80012101 0xf7
core   0: 0x800095d8 (0x00008f89) c.sub   a5, a0
core   0: 3 0x800095d8 (0x8f89) x15 0x000ffffd
core   0: 0x800095da (0x01d11613) slli    a2, sp, 29
core   0: 3 0x800095da (0x01d11613) x12 0x40000000
core   0: 0x800095de (0xe3087613) andi    a2, a6, -464
core   0: 3 0x800095de (0xe3087613) x12 0x00000000
core   0: 0x800095e2 (0x00000001) c.nop
core   0: 3 0x800095e2 (0x0001)
core   0: 0x800095e4 (0x0138d3b3) srl     t2, a7, s3
core   0: 3 0x800095e4 (0x0138d3b3) x7  0x0000006e
core   0: 0x800095e8 (0x07240d83) lb      s11, 114(s0)
core   0: 3 0x800095e8 (0x07240d83) x27 0xffffff82 mem 0x800120c9
core   0: 0x800095ec (0x01781133) sll     sp, a6, s7
core   0: 3 0x800095ec (0x01781133) x2  0x30000000
core   0: 0x800095f0 (0x00009a7d) c.andi  a2, -1
core   0: 3 0x800095f0 (0x9a7d) x12 0x00000000
core   0: 0x800095f2 (0x00640823) sb      t1, 16(s0)
core   0: 3 0x800095f2 (0x00640823) mem 0x80012067 0xa9
core   0: 0x800095f6 (0x0000e117) auipc   sp, 0xe
core   0: 3 0x800095f6 (0x0000e117) x2  0x800175f6
core   0: 0x800095fa (0x1c110113) addi    sp, sp, 449
core   0: 3 0x800095fa (0x1c110113) x2  0x800177b7
core   0: 0x800095fe (0x9e51e313) ori     t1, gp, -1563
core   0: 3 0x800095fe (0x9e51e313) x6  0xfffff9ed
core   0: 0x80009602 (0x01e10b23) sb      t5, 22(sp)
core   0: 3 0x80009602 (0x01e10b23) mem 0x800177cd 0x24
core   0: 0x80009606 (0x03c528b3) mulhsu  a7, a0, t3
core   0: 3 0x80009606 (0x03c528b3) x17 0x00000000
core   0: 0x8000960a (0x82ab4893) xori    a7, s6, -2006
core   0: 3 0x8000960a (0x82ab4893) x17 0x000007df
core   0: 0x8000960e (0xff510a83) lb      s5, -11(sp)
core   0: 3 0x8000960e (0xff510a83) x21 0x00000067 mem 0x800177ac
core   0: 0x80009612 (0x34002cf3) csrr    s9, mscratch
core   0: 3 0x80009612 (0x34002cf3) x25 0x00000009
core   0: 0x80009616 (0x01c4da13) srli    s4, s1, 28
core   0: 3 0x80009616 (0x01c4da13) x20 0x0000000f
core   0: 0x8000961a (0xfdd11683) lh      a3, -35(sp)
core   0: 3 0x8000961a (0xfdd11683) x13 0x00004e4f mem 0x80017794
core   0: 0x8000961e (0xfe4117a3) sh      tp, -17(sp)
core   0: 3 0x8000961e (0xfe4117a3) mem 0x800177a6 0x00ec
core   0: 0x80009622 (0x00912683) lw      a3, 9(sp)
core   0: 3 0x80009622 (0x00912683) x13 0x78797a7b mem 0x800177c0
core   0: 0x80009626 (0xfd010d83) lb      s11, -48(sp)
core   0: 3 0x80009626 (0xfd010d83) x27 0x0000003c mem 0x80017787
core   0: 0x8000962a (0x03715d03) lhu     s10, 55(sp)
core   0: 3 0x8000962a (0x03715d03) x26 0x0000a4a5 mem 0x800177ee
core   0: 0x8000962e (0x00811aa3) sh      s0, 21(sp)
core   0: 3 0x8000962e (0x00811aa3) mem 0x800177cc 0x2057
core   0: 0x80009632 (0x029ea833) mulhsu  a6, t4, s1
core   0: 3 0x80009632 (0x029ea833) x16 0x00000000
core   0: 0x80009636 (0xe917d017) auipc   zero, 0xe917d
core   0: 3 0x80009636 (0xe917d017)
core   0: 0x8000963a (0x34057e73) csrrci  t3, mscratch, 10
core   0: 3 0x8000963a (0x34057e73) x28 0x00000009 c832_mscratch 0x00000001
core   0: 0x8000963e (0x24006f93) ori     t6, zero, 576
core   0: 3 0x8000963e (0x24006f93) x31 0x00000240
core   0: 0x80009642 (0xfd110e23) sb      a7, -36(sp)
core   0: 3 0x80009642 (0xfd110e23) mem 0x80017793 0xdf
core   0: 0x80009646 (0x03111703) lh      a4, 49(sp)
core   0: 3 0x80009646 (0x03111703) x14 0xffffa2a3 mem 0x800177e8
core   0: 0x8000964a (0x01610783) lb      a5, 22(sp)
core   0: 3 0x8000964a (0x01610783) x15 0x00000020 mem 0x800177cd
core   0: 0x8000964e (0xfc610503) lb      a0, -58(sp)
core   0: 3 0x8000964e (0xfc610503) x10 0x00000036 mem 0x8001777d
core   0: 0x80009652 (0xfd410d83) lb      s11, -44(sp)
core   0: 3 0x80009652 (0xfd410d83) x27 0x00000040 mem 0x8001778b
core   0: 0x80009656 (0x340566f3) csrrsi  a3, mscratch, 10
core   0: 3 0x80009656 (0x340566f3) x13 0x00000001 c832_mscratch 0x0000000b
core   0: 0x8000965a (0xfe6102a3) sb      t1, -27(sp)
core   0: 3 0x8000965a (0xfe6102a3) mem 0x8001779c 0xed
core   0: 0x8000965e (0x02b10383) lb      t2, 43(sp)
core   0: 3 0x8000965e (0x02b10383) x7  0xffffff99 mem 0x800177e2
core   0: 0x80009662 (0x01115583) lhu     a1, 17(sp)
core   0: 3 0x80009662 (0x01115583) x11 0x00008283 mem 0x800177c8
core   0: 0x80009666 (0x00000e4d) c.addi  t3, 19
core   0: 3 0x80009666 (0x0e4d) x28 0x0000001c
core   0: 0x80009668 (0x00008fba) c.mv    t6, a4
core   0: 3 0x80009668 (0x8fba) x31 0xffffa2a3
core   0: 0x8000966a (0x0000941a) c.add   s0, t1
core   0: 3 0x8000966a (0x941a) x8  0x80011a44
core   0: 0x8000966c (0x022481b3) mul     gp, s1, sp
core   0: 3 0x8000966c (0x022481b3) x3  0x731b6000
core   0: 0x80009670 (0xfd610303) lb      t1, -42(sp)
core   0: 3 0x80009670 (0xfd610303) x6  0x00000046 mem 0x8001778d
core   0: 0x80009674 (0x1953b997) auipc   s3, 0x1953b
core   0: 3 0x80009674 (0x1953b997) x19 0x99544674
core   0: 0x80009678 (0x00410003) lb      zero, 4(sp)
core   0: 3 0x80009678 (0x00410003) mem 0x800177bb
core   0: 0x8000967c (0x9497e793) ori     a5, a5, -1719
core   0: 3 0x8000967c (0x9497e793) x15 0xfffff969
core   0: 0x80009680 (0x34007a73) csrrci  s4, mscratch, 0
core   0: 3 0x80009680 (0x34007a73) x20 0x0000000b
core   0: 0x80009684 (0x00000001) c.nop
core   0: 3 0x80009684 (0x0001)
core   0: 0x80009686 (0xffc10203) lb      tp, -4(sp)
core   0: 3 0x80009686 (0xffc10203) x4  0x00000068 mem 0x800177b3
core   0: 0x8000968a (0xffecb217) auipc   tp, 0xffecb
core   0: 3 0x8000968a (0xffecb217) x4  0x7fed468a
core   0: 0x8000968e (0x34043c73) csrrc   s8, mscratch, s0
core   0: 3 0x8000968e (0x34043c73) x24 0x0000000b c832_mscratch 0x0000000b
core   0: 0x80009692 (0x015c84b3) add     s1, s9, s5
core   0: 3 0x80009692 (0x015c84b3) x9  0x00000070
core   0: 0x80009696 (0x00a7e1b3) or      gp, a5, a0
core   0: 3 0x80009696 (0x00a7e1b3) x3  0xfffff97f
core   0: 0x8000969a (0x03d10823) sb      t4, 48(sp)
core   0: 3 0x8000969a (0x03d10823) mem 0x800177e7 0x00
core   0: 0x8000969e (0x00f10fa3) sb      a5, 31(sp)
core   0: 3 0x8000969e (0x00f10fa3) mem 0x800177d6 0x69
core   0: 0x800096a2 (0x000064fd) c.lui   s1, 0x1f
core   0: 3 0x800096a2 (0x64fd) x9  0x0001f000
core   0: 0x800096a4 (0xfcc11da3) sh      a2, -37(sp)
core   0: 3 0x800096a4 (0xfcc11da3) mem 0x80017792 0x0000
core   0: 0x800096a8 (0x00689e93) slli    t4, a7, 6
core   0: 3 0x800096a8 (0x00689e93) x29 0x0001f7c0
core   0: 0x800096ac (0x000080f2) c.mv    ra, t3
core   0: 3 0x800096ac (0x80f2) x1  0x0000001c
core   0: 0x800096ae (0x00410c83) lb      s9, 4(sp)
core   0: 3 0x800096ae (0x00410c83) x25 0x00000070 mem 0x800177bb
core   0: 0x800096b2 (0xffb14d03) lbu     s10, -5(sp)
core   0: 3 0x800096b2 (0xffb14d03) x26 0x00000069 mem 0x800177b2
core   0: 0x800096b6 (0xff9101a3) sb      s9, -29(sp)
core   0: 3 0x800096b6 (0xff9101a3) mem 0x8001779a 0x70
core   0: 0x800096ba (0x34006673) csrrsi  a2, mscratch, 0
core   0: 3 0x800096ba (0x34006673) x12 0x0000000b
core   0: 0x800096be (0x01d11303) lh      t1, 29(sp)
core   0: 3 0x800096be (0x01d11303) x6  0xffff8e8f mem 0x800177d4
core   0: 0x800096c2 (0xfdb10023) sb      s11, -64(sp)
core   0: 3 0x800096c2 (0xfdb10023) mem 0x80017777 0x40
core   0: 0x800096c6 (0x0080d433) srl     s0, ra, s0
core   0: 3 0x800096c6 (0x0080d433) x8  0x00000001
core   0: 0x800096ca (0x03810983) lb      s3, 56(sp)
core   0: 3 0x800096ca (0x03810983) x19 0xffffffa4 mem 0x800177ef
core   0: 0x800096ce (0xfed10683) lb      a3, -19(sp)
core   0: 3 0x800096ce (0xfed10683) x13 0x0000005f mem 0x800177a4
core   0: 0x800096d2 (0x00001afd) c.addi  s5, -1
core   0: 3 0x800096d2 (0x1afd) x21 0x00000066
core   0: 0x800096d4 (0x340754f3) csrrwi  s1, mscratch, 14
core   0: 3 0x800096d4 (0x340754f3) x9  0x0000000b c832_mscratch 0x0000000e
core   0: 0x800096d8 (0x01094933) xor     s2, s2, a6
core   0: 3 0x800096d8 (0x01094933) x18 0x000000be
core   0: 0x800096dc (0x0000e985) c.bnez  a1, pc + 48
core   0: 3 0x800096dc (0xe985)
core   0: 0x8000970c (0x00008495) c.srai  s1, 5
core   0: 3 0x8000970c (0x8495) x9  0x00000000
core   0: 0x8000970e (0x0395cfb3) div     t6, a1, s9
core   0: 3 0x8000970e (0x0395cfb3) x31 0x0000012a
core   0: 0x80009712 (0x00009fb6) c.add   t6, a3
core   0: 3 0x80009712 (0x9fb6) x31 0x00000189
core   0: 0x80009714 (0x000080a1) c.srli  s1, 8
core   0: 3 0x80009714 (0x80a1) x9  0x00000000
core   0: 0x80009716 (0x00000001) c.nop
core   0: 3 0x80009716 (0x0001)
core   0: 0x80009718 (0x63adec13) ori     s8, s11, 1594
core   0: 3 0x80009718 (0x63adec13) x24 0x0000067a
core   0: 0x8000971c (0x0124c5b3) xor     a1, s1, s2
core   0: 3 0x8000971c (0x0124c5b3) x11 0x000000be
core   0: 0x80009720 (0x00008db1) c.xor   a1, a2
core   0: 3 0x80009720 (0x8db1) x11 0x000000b5
core   0: 0x80009722 (0x0362b133) mulhu   sp, t0, s6
core   0: 3 0x80009722 (0x0362b133) x2  0xf57d89ff
core   0: 0x80009726 (0x12fc3393) sltiu   t2, s8, 303
core   0: 3 0x80009726 (0x12fc3393) x7  0x00000000
core   0: 0x8000972a (0x340e9973) csrrw   s2, mscratch, t4
core   0: 3 0x8000972a (0x340e9973) x18 0x0000000e c832_mscratch 0x0001f7c0
core   0: 0x8000972e (0x408cde33) sra     t3, s9, s0
core   0: 3 0x8000972e (0x408cde33) x28 0x00000038
core   0: 0x80009732 (0x00008129) c.srli  a0, 10
core   0: 3 0x80009732 (0x8129) x10 0x00000000
core   0: 0x80009734 (0x4054de13) srai    t3, s1, 5
core   0: 3 0x80009734 (0x4054de13) x28 0x00000000
core   0: 0x80009738 (0x0381f963) bgeu    gp, s8, pc + 50
core   0: 3 0x80009738 (0x0381f963)
core   0: 0x8000976a (0x00000e89) c.addi  t4, 2
core   0: 3 0x8000976a (0x0e89) x29 0x0001f7c2
core   0: 0x8000976c (0x025b5fb3) divu    t6, s6, t0
core   0: 3 0x8000976c (0x025b5fb3) x31 0x00000001
core   0: 0x80009770 (0x032f5233) divu    tp, t5, s2
core   0: 3 0x80009770 (0x032f5233) x4  0x0924c214
core   0: 0x80009774 (0x0000557d) c.li    a0, -1
core   0: 3 0x80009774 (0x557d) x10 0xffffffff
core   0: 0x80009776 (0x0000927a) c.add   tp, t5
core   0: 3 0x80009776 (0x927a) x4  0x89275f38
core   0: 0x80009778 (0x00ae2433) slt     s0, t3, a0
core   0: 3 0x80009778 (0x00ae2433) x8  0x00000000
core   0: 0x8000977c (0x00dd0533) add     a0, s10, a3
core   0: 3 0x8000977c (0x00dd0533) x10 0x000000c8
core   0: 0x80009780 (0x0fb3f213) andi    tp, t2, 251
core   0: 3 0x80009780 (0x0fb3f213) x4  0x00000000
core   0: 0x80009784 (0x0228e863) bltu    a7, sp, pc + 48
core   0: 3 0x80009784 (0x0228e863)
core   0: 0x800097b4 (0x00000094) c.addi4spn a3, sp, 64
core   0: 3 0x800097b4 (0x0094) x13 0xf57d8a3f
core   0: 0x800097b6 (0x033765b3) rem     a1, a4, s3
core   0: 3 0x800097b6 (0x033765b3) x11 0xffffffb7
core   0: 0x800097ba (0x00e39563) bne     t2, a4, pc + 10
core   0: 3 0x800097ba (0x00e39563)
core   0: 0x800097c4 (0x00006a31) c.lui   s4, 0xc
core   0: 3 0x800097c4 (0x6a31) x20 0x0000c000
core   0: 0x800097c6 (0x00bd1e33) sll     t3, s10, a1
core   0: 3 0x800097c6 (0x00bd1e33) x28 0x34800000
core   0: 0x800097ca (0x3405b373) csrrc   t1, mscratch, a1
core   0: 3 0x800097ca (0x3405b373) x6  0x0001f7c0 c832_mscratch 0x00000040
core   0: 0x800097ce (0x0000e911) c.bnez  a0, pc + 20
core   0: 3 0x800097ce (0xe911)
core   0: 0x800097e2 (0x1e91aa93) slti    s5, gp, 489
core   0: 3 0x800097e2 (0x1e91aa93) x21 0x00000001
core   0: 0x800097e6 (0x000011fd) c.addi  gp, -1
core   0: 3 0x800097e6 (0x11fd) x3  0xfffff97e
core   0: 0x800097e8 (0x00ae1033) sll     zero, t3, a0
core   0: 3 0x800097e8 (0x00ae1033)
core   0: 0x800097ec (0x03e85263) bge     a6, t5, pc + 36
core   0: 3 0x800097ec (0x03e85263)
core   0: 0x80009810 (0x00adc6b3) xor     a3, s11, a0
core   0: 3 0x80009810 (0x00adc6b3) x13 0x00000088
core   0: 0x80009814 (0x00de0233) add     tp, t3, a3
core   0: 3 0x80009814 (0x00de0233) x4  0x34800088
core   0: 0x80009818 (0x00000f8c) c.addi4spn a1, sp, 976
core   0: 3 0x80009818 (0x0f8c) x11 0xf57d8dcf
core   0: 0x8000981a (0x00008d35) c.xor   a0, a3
core   0: 3 0x8000981a (0x8d35) x10 0x00000040
core   0: 0x8000981c (0x005b3b33) sltu    s6, s6, t0
core   0: 3 0x8000981c (0x005b3b33) x22 0x00000000
core   0: 0x80009820 (0x0000717d) c.addi16sp sp, -16
core   0: 3 0x80009820 (0x717d) x2  0xf57d89ef
core   0: 0x80009822 (0x01d21ab3) sll     s5, tp, t4
core   0: 3 0x80009822 (0x01d21ab3) x21 0xd2000220
core   0: 0x80009826 (0x01efa833) slt     a6, t6, t5
core   0: 3 0x80009826 (0x01efa833) x16 0x00000000
core   0: 0x8000982a (0x340e5ff3) csrrwi  t6, mscratch, 28
core   0: 3 0x8000982a (0x340e5ff3) x31 0x00000040 c832_mscratch 0x0000001c
core   0: 0x8000982e (0x0074d393) srli    t2, s1, 7
core   0: 3 0x8000982e (0x0074d393) x7  0x00000000
core   0: 0x80009832 (0x02028eb3) mul     t4, t0, zero
core   0: 3 0x80009832 (0x02028eb3) x29 0x00000000
core   0: 0x80009836 (0x02bde9b3) rem     s3, s11, a1
core   0: 3 0x80009836 (0x02bde9b3) x19 0x00000040
core   0: 0x8000983a (0x02160833) mul     a6, a2, ra
core   0: 3 0x8000983a (0x02160833) x16 0x00000134
core   0: 0x8000983e (0x00004381) c.li    t2, 0
core   0: 3 0x8000983e (0x4381) x7  0x00000000
core   0: 0x80009840 (0x0ad9b313) sltiu   t1, s3, 173
core   0: 3 0x80009840 (0x0ad9b313) x6  0x00000001
core   0: 0x80009844 (0x01c52eb3) slt     t4, a0, t3
core   0: 3 0x80009844 (0x01c52eb3) x29 0x00000001
core   0: 0x80009848 (0x34007673) csrrci  a2, mscratch, 0
core   0: 3 0x80009848 (0x34007673) x12 0x0000001c
core   0: 0x8000984c (0x012968b3) or      a7, s2, s2
core   0: 3 0x8000984c (0x012968b3) x17 0x0000000e
core   0: 0x80009850 (0x0000e421) c.bnez  s0, pc + 72
core   0: 3 0x80009850 (0xe421)
core   0: 0x80009852 (0x340023f3) csrr    t2, mscratch
core   0: 3 0x80009852 (0x340023f3) x7  0x0000001c
core   0: 0x80009856 (0xa6700393) li      t2, -1433
core   0: 3 0x80009856 (0xa6700393) x7  0xfffffa67
core   0: 0x8000985a (0x41865313) srai    t1, a2, 24
core   0: 3 0x8000985a (0x41865313) x6  0x00000000
core   0: 0x8000985e (0x3408a1f3) csrrs   gp, mscratch, a7
core   0: 3 0x8000985e (0x3408a1f3) x3  0x0000001c c832_mscratch 0x0000001e
core   0: 0x80009862 (0x416a5133) sra     sp, s4, s6
core   0: 3 0x80009862 (0x416a5133) x2  0x0000c000
core   0: 0x80009866 (0x00008f31) c.xor   a4, a2
core   0: 3 0x80009866 (0x8f31) x14 0xffffa2bf
core   0: 0x80009868 (0x001698b3) sll     a7, a3, ra
core   0: 3 0x80009868 (0x001698b3) x17 0x80000000
core   0: 0x8000986c (0x00d91a33) sll     s4, s2, a3
core   0: 3 0x8000986c (0x00d91a33) x20 0x00000e00
core   0: 0x80009870 (0x02ccd9b3) divu    s3, s9, a2
core   0: 3 0x80009870 (0x02ccd9b3) x19 0x00000004
core   0: 0x80009874 (0x0ff0000f) fence   iorw,iorw
core   0: 3 0x80009874 (0x0ff0000f)
core   0: 0x80009878 (0x40255333) sra     t1, a0, sp
core   0: 3 0x80009878 (0x40255333) x6  0x00000040
core   0: 0x8000987c (0x03adc063) blt     s11, s10, pc + 32
core   0: 3 0x8000987c (0x03adc063)
core   0: 0x8000989c (0x0ff0000f) fence   iorw,iorw
core   0: 3 0x8000989c (0x0ff0000f)
core   0: 0x800098a0 (0x01740e33) add     t3, s0, s7
core   0: 3 0x800098a0 (0x01740e33) x28 0x80025ddc
core   0: 0x800098a4 (0x02cb4d33) div     s10, s6, a2
core   0: 3 0x800098a4 (0x02cb4d33) x26 0x00000000
core   0: 0x800098a8 (0x34007b73) csrrci  s6, mscratch, 0
core   0: 3 0x800098a8 (0x34007b73) x22 0x0000001e
core   0: 0x800098ac (0x00008f0d) c.sub   a4, a1
core   0: 3 0x800098ac (0x8f0d) x14 0x0a8214f0
core   0: 0x800098ae (0x00a82b33) slt     s6, a6, a0
core   0: 3 0x800098ae (0x00a82b33) x22 0x00000000
core   0: 0x800098b2 (0x037defb3) rem     t6, s11, s7
core   0: 3 0x800098b2 (0x037defb3) x31 0x00000040
core   0: 0x800098b6 (0x024e0a63) beq     t3, tp, pc + 52
core   0: 3 0x800098b6 (0x024e0a63)
core   0: 0x800098ba (0x03e97b33) remu    s6, s2, t5
core   0: 3 0x800098ba (0x03e97b33) x22 0x0000000e
core   0: 0x800098be (0x3162fa13) andi    s4, t0, 790
core   0: 3 0x800098be (0x3162fa13) x20 0x00000202
core   0: 0x800098c2 (0x036d1033) mulh    zero, s10, s6
core   0: 3 0x800098c2 (0x036d1033)
core   0: 0x800098c6 (0x013c9cb3) sll     s9, s9, s3
core   0: 3 0x800098c6 (0x013c9cb3) x25 0x00000700
core   0: 0x800098ca (0xdd660e17) auipc   t3, 0xdd660
core   0: 3 0x800098ca (0xdd660e17) x28 0x5d6698ca
core   0: 0x800098ce (0x0000100f) fence.i
core   0: 3 0x800098ce (0x0000100f)
core   0: 0x800098d2 (0x00001710) c.addi4spn a2, sp, 928
core   0: 3 0x800098d2 (0x1710) x12 0x0000c3a0
core   0: 0x800098d4 (0x34036c73) csrrsi  s8, mscratch, 6
core   0: 3 0x800098d4 (0x34036c73) x24 0x0000001e c832_mscratch 0x0000001e
core   0: 0x800098d8 (0x41b15e13) srai    t3, sp, 27
core   0: 3 0x800098d8 (0x41b15e13) x28 0x00000000
core   0: 0x800098dc (0x0319bcb3) mulhu   s9, s3, a7
core   0: 3 0x800098dc (0x0319bcb3) x25 0x00000002
core   0: 0x800098e0 (0x00000ff9) c.addi  t6, 30
core   0: 3 0x800098e0 (0x0ff9) x31 0x0000005e
core   0: 0x800098e2 (0x03a981b3) mul     gp, s3, s10
core   0: 3 0x800098e2 (0x03a981b3) x3  0x00000000
core   0: 0x800098e6 (0x02a8f9b3) remu    s3, a7, a0
core   0: 3 0x800098e6 (0x02a8f9b3) x19 0x00000000
core   0: 0x800098ea (0x493a8697) auipc   a3, 0x493a8
core   0: 3 0x800098ea (0x493a8697) x13 0xc93b18ea
core   0: 0x800098ee (0x00acd533) srl     a0, s9, a0
core   0: 3 0x800098ee (0x00acd533) x10 0x00000002
core   0: 0x800098f2 (0x0216c233) div     tp, a3, ra
core   0: 3 0x800098f2 (0x0216c233) x4  0xfe0b40e4
core   0: 0x800098f6 (0x0000717d) c.addi16sp sp, -16
core   0: 3 0x800098f6 (0x717d) x2  0x0000bff0
core   0: 0x800098f8 (0x0000921e) c.add   tp, t2
core   0: 3 0x800098f8 (0x921e) x4  0xfe0b3b4b
core   0: 0x800098fa (0x61113e93) sltiu   t4, sp, 1553
core   0: 3 0x800098fa (0x61113e93) x29 0x00000000
core   0: 0x800098fe (0x02817a63) bgeu    sp, s0, pc + 52
core   0: 3 0x800098fe (0x02817a63)
core   0: 0x80009932 (0x0c772a93) slti    s5, a4, 199
core   0: 3 0x80009932 (0x0c772a93) x21 0x00000000
core   0: 0x80009936 (0x10058463) beqz    a1, pc + 264
core   0: 3 0x80009936 (0x10058463)
core   0: 0x8000993a (0xbff5c613) xori    a2, a1, -1025
core   0: 3 0x8000993a (0xbff5c613) x12 0x0a827630
core   0: 0x8000993e (0x02f93133) mulhu   sp, s2, a5
core   0: 3 0x8000993e (0x02f93133) x2  0x0000000d
core   0: 0x80009942 (0x5222c093) xori    ra, t0, 1314
core   0: 3 0x80009942 (0x5222c093) x1  0xf57d8f28
core   0: 0x80009946 (0x47a6a013) slti    zero, a3, 1146
core   0: 3 0x80009946 (0x47a6a013)
core   0: 0x8000994a (0xd77a2f97) auipc   t6, 0xd77a2
core   0: 3 0x8000994a (0xd77a2f97) x31 0x577ab94a
core   0: 0x8000994e (0x03e60e33) mul     t3, a2, t5
core   0: 3 0x8000994e (0x03e60e33) x28 0x69340ec0
core   0: 0x80009952 (0x0000997e) c.add   s2, t6
core   0: 3 0x80009952 (0x997e) x18 0x577ab958
core   0: 0x80009954 (0x00008215) c.srli  a2, 5
core   0: 3 0x80009954 (0x8215) x12 0x005413b1
core   0: 0x80009956 (0x00c010b3) sll     ra, zero, a2
core   0: 3 0x80009956 (0x00c010b3) x1  0x00000000
core   0: 0x8000995a (0x00000108) c.addi4spn a0, sp, 128
core   0: 3 0x8000995a (0x0108) x10 0x0000008d
core   0: 0x8000995c (0x00007117) auipc   sp, 0x7
core   0: 3 0x8000995c (0x00007117) x2  0x8001095c
core   0: 0x80009960 (0xef610113) addi    sp, sp, -266
core   0: 3 0x80009960 (0xef610113) x2  0x80010852
core   0: 0x80009964 (0x03d263b3) rem     t2, tp, t4
core   0: 3 0x80009964 (0x03d263b3) x7  0xfe0b3b4b
core   0: 0x80009968 (0x00b03fb3) snez    t6, a1
core   0: 3 0x80009968 (0x00b03fb3) x31 0x00000001
core   0: 0x8000996c (0x00008e25) c.xor   a2, s1
core   0: 3 0x8000996c (0x8e25) x12 0x005413b1
core   0: 0x8000996e (0x00008111) c.srli  a0, 4
core   0: 3 0x8000996e (0x8111) x10 0x00000008
core   0: 0x80009970 (0x03804d33) div     s10, zero, s8
core   0: 3 0x80009970 (0x03804d33) x26 0x00000000
core   0: 0x80009974 (0x05010203) lb      tp, 80(sp)
core   0: 3 0x80009974 (0x05010203) x4  0x00000059 mem 0x800108a2
core   0: 0x80009978 (0x4566fc13) andi    s8, a3, 1110
core   0: 3 0x80009978 (0x4566fc13) x24 0x00000042
core   0: 0x8000997c (0x000087ae) c.mv    a5, a1
core   0: 3 0x8000997c (0x87ae) x15 0xf57d8dcf
core   0: 0x8000997e (0x01cf5a93) srli    s5, t5, 28
core   0: 3 0x8000997e (0x01cf5a93) x21 0x00000008
core   0: 0x80009982 (0x0fb10a83) lb      s5, 251(sp)
core   0: 3 0x80009982 (0x0fb10a83) x21 0x00000006 mem 0x8001094d
core   0: 0x80009986 (0x02d4efb3) rem     t6, s1, a3
core   0: 3 0x80009986 (0x02d4efb3) x31 0x00000000
core   0: 0x8000998a (0xf4f10703) lb      a4, -177(sp)
core   0: 3 0x8000998a (0xf4f10703) x14 0x0000005a mem 0x800107a1
core   0: 0x8000998e (0x01d11023) sh      t4, 0(sp)
core   0: 3 0x8000998e (0x01d11023) mem 0x80010852 0x0000
core   0: 0x80009992 (0x03bc6033) rem     zero, s8, s11
core   0: 3 0x80009992 (0x03bc6033)
core   0: 0x80009996 (0x00211783) lh      a5, 2(sp)
core   0: 3 0x80009996 (0x00211783) x15 0x00000e0f mem 0x80010854
core   0: 0x8000999a (0xceb2e937) lui     s2, 0xceb2e
core   0: 3 0x8000999a (0xceb2e937) x18 0xceb2e000
core   0: 0x8000999e (0x00886b33) or      s6, a6, s0
core   0: 3 0x8000999e (0x00886b33) x22 0x00000134
core   0: 0x800099a2 (0x00000001) c.nop
core   0: 3 0x800099a2 (0x0001)
core   0: 0x800099a4 (0x0bd14303) lbu     t1, 189(sp)
core   0: 3 0x800099a4 (0x0bd14303) x6  0x000000c4 mem 0x8001090f
core   0: 0x800099a8 (0xfb014e83) lbu     t4, -80(sp)
core   0: 3 0x800099a8 (0xfb014e83) x29 0x000000b9 mem 0x80010802
core   0: 0x800099ac (0x0065f3b3) and     t2, a1, t1
core   0: 3 0x800099ac (0x0065f3b3) x7  0x000000c4
core   0: 0x800099b0 (0xf8a15c03) lhu     s8, -118(sp)
core   0: 3 0x800099b0 (0xf8a15c03) x24 0x00009697 mem 0x800107dc
core   0: 0x800099b4 (0x019975b3) and     a1, s2, s9
core   0: 3 0x800099b4 (0x019975b3) x11 0x00000000
core   0: 0x800099b8 (0x000085f6) c.mv    a1, t4
core   0: 3 0x800099b8 (0x85f6) x11 0x000000b9
core   0: 0x800099ba (0x0000886e) c.mv    a6, s11
core   0: 3 0x800099ba (0x886e) x16 0x00000040
core   0: 0x800099bc (0x00008a0e) c.mv    s4, gp
core   0: 3 0x800099bc (0x8a0e) x20 0x00000000
core   0: 0x800099be (0xf3814b03) lbu     s6, -200(sp)
core   0: 3 0x800099be (0xf3814b03) x22 0x00000041 mem 0x8001078a
core   0: 0x800099c2 (0x0000100f) fence.i
core   0: 3 0x800099c2 (0x0000100f)
core   0: 0x800099c6 (0x000007e6) c.slli  a5, 25
core   0: 3 0x800099c6 (0x07e6) x15 0x1e000000
core   0: 0x800099c8 (0x340c79f3) csrrci  s3, mscratch, 24
core   0: 3 0x800099c8 (0x340c79f3) x19 0x0000001e c832_mscratch 0x00000006
core   0: 0x800099cc (0x0eb10483) lb      s1, 235(sp)
core   0: 3 0x800099cc (0x0eb10483) x9  0xfffffff6 mem 0x8001093d
core   0: 0x800099d0 (0xf9414703) lbu     a4, -108(sp)
core   0: 3 0x800099d0 (0xf9414703) x14 0x0000009d mem 0x800107e6
core   0: 0x800099d4 (0xf6114703) lbu     a4, -159(sp)
core   0: 3 0x800099d4 (0xf6114703) x14 0x00000068 mem 0x800107b3
core   0: 0x800099d8 (0xfea12e83) lw      t4, -22(sp)
core   0: 3 0x800099d8 (0xfea12e83) x29 0xf4f5f6f7 mem 0x8001083c
core   0: 0x800099dc (0xfea10723) sb      a0, -18(sp)
core   0: 3 0x800099dc (0xfea10723) mem 0x80010840 0x08
core   0: 0x800099e0 (0xf0011e03) lh      t3, -256(sp)
core   0: 3 0x800099e0 (0xf0011e03) x28 0x00000809 mem 0x80010752
core   0: 0x800099e4 (0x40ce5733) sra     a4, t3, a2
core   0: 3 0x800099e4 (0x40ce5733) x14 0x00000000
core   0: 0x800099e8 (0x039a7633) remu    a2, s4, s9
core   0: 3 0x800099e8 (0x039a7633) x12 0x00000000
core   0: 0x800099ec (0x340e7573) csrrci  a0, mscratch, 28
core   0: 3 0x800099ec (0x340e7573) x10 0x00000006 c832_mscratch 0x00000002
core   0: 0x800099f0 (0x0194a1b3) slt     gp, s1, s9
core   0: 3 0x800099f0 (0x0194a1b3) x3  0x00000001
core   0: 0x800099f4 (0x00008795) c.srai  a5, 5
core   0: 3 0x800099f4 (0x8795) x15 0x00f00000
core   0: 0x800099f6 (0x4c2f2493) slti    s1, t5, 1218
core   0: 3 0x800099f6 (0x4c2f2493) x9  0x00000001
core   0: 0x800099fa (0xd44df793) andi    a5, s11, -700
core   0: 3 0x800099fa (0xd44df793) x15 0x00000040
core   0: 0x800099fe (0x02711823) sh      t2, 48(sp)
core   0: 3 0x800099fe (0x02711823) mem 0x80010882 0x00c4
core   0: 0x80009a02 (0x00728a33) add     s4, t0, t2
core   0: 3 0x80009a02 (0x00728a33) x20 0xf57d8ace
core   0: 0x80009a06 (0x07b14383) lbu     t2, 123(sp)
core   0: 3 0x80009a06 (0x07b14383) x7  0x00000086 mem 0x800108cd
core   0: 0x80009a0a (0xf2710583) lb      a1, -217(sp)
core   0: 3 0x80009a0a (0xf2710583) x11 0x00000032 mem 0x80010779
core   0: 0x80009a0e (0xf9414683) lbu     a3, -108(sp)
core   0: 3 0x80009a0e (0xf9414683) x13 0x0000009d mem 0x800107e6
core   0: 0x80009a12 (0xf1a12923) sw      s10, -238(sp)
core   0: 3 0x80009a12 (0xf1a12923) mem 0x80010764 0x00000000
core   0: 0x80009a16 (0xf5512a93) slti    s5, sp, -171
core   0: 3 0x80009a16 (0xf5512a93) x21 0x00000001
core   0: 0x80009a1a (0xf4511c23) sh      t0, -168(sp)
core   0: 3 0x80009a1a (0xf4511c23) mem 0x800107aa 0x8a0a
core   0: 0x80009a1e (0x08014683) lbu     a3, 128(sp)
core   0: 3 0x80009a1e (0x08014683) x13 0x00000089 mem 0x800108d2
core   0: 0x80009a22 (0x34007d73) csrrci  s10, mscratch, 0
core   0: 3 0x80009a22 (0x34007d73) x26 0x00000002
core   0: 0x80009a26 (0x00008d71) c.and   a0, a2
core   0: 3 0x80009a26 (0x8d71) x10 0x00000000
core   0: 0x80009a28 (0x00008c7d) c.and   s0, a5
core   0: 3 0x80009a28 (0x8c7d) x8  0x00000000
core   0: 0x80009a2a (0x011afa63) bgeu    s5, a7, pc + 20
core   0: 3 0x80009a2a (0x011afa63)
core   0: 0x80009a2e (0x14ed4593) xori    a1, s10, 334
core   0: 3 0x80009a2e (0x14ed4593) x11 0x0000014c
core   0: 0x80009a32 (0x05a4d563) bge     s1, s10, pc + 74
core   0: 3 0x80009a32 (0x05a4d563)
core   0: 0x80009a36 (0x340c51f3) csrrwi  gp, mscratch, 24
core   0: 3 0x80009a36 (0x340c51f3) x3  0x00000002 c832_mscratch 0x00000018
core   0: 0x80009a3a (0x406b5d93) srai    s11, s6, 6
core   0: 3 0x80009a3a (0x406b5d93) x27 0x00000001
core   0: 0x80009a3e (0x03956f63) bltu    a0, s9, pc + 62
core   0: 3 0x80009a3e (0x03956f63)
core   0: 0x80009a7c (0x00068fb3) add     t6, a3, zero
core   0: 3 0x80009a7c (0x00068fb3) x31 0x00000089
core   0: 0x80009a80 (0xa29efb13) andi    s6, t4, -1495
core   0: 3 0x80009a80 (0xa29efb13) x22 0xf4f5f221
core   0: 0x80009a84 (0x00008eae) c.mv    t4, a1
core   0: 3 0x80009a84 (0x8eae) x29 0x0000014c
core   0: 0x80009a86 (0x0ff0000f) fence   iorw,iorw
core   0: 3 0x80009a86 (0x0ff0000f)
core   0: 0x80009a8a (0x00006455) c.lui   s0, 0x15
core   0: 3 0x80009a8a (0x6455) x8  0x00015000
core   0: 0x80009a8c (0x0011db63) bge     gp, ra, pc + 22
core   0: 3 0x80009a8c (0x0011db63)
core   0: 0x80009aa2 (0x00af24b3) slt     s1, t5, a0
core   0: 3 0x80009aa2 (0x00af24b3) x9  0x00000001
core   0: 0x80009aa6 (0x00008736) c.mv    a4, a3
core   0: 3 0x80009aa6 (0x8736) x14 0x00000089
core   0: 0x80009aa8 (0x03fb16b3) mulh    a3, s6, t6
core   0: 3 0x80009aa8 (0x03fb16b3) x13 0xfffffffa
core   0: 0x80009aac (0x34003cf3) csrrc   s9, mscratch, zero
core   0: 3 0x80009aac (0x34003cf3) x25 0x00000018
core   0: 0x80009ab0 (0x000081c6) c.mv    gp, a7
core   0: 3 0x80009ab0 (0x81c6) x3  0x80000000
core   0: 0x80009ab2 (0x00689533) sll     a0, a7, t1
core   0: 3 0x80009ab2 (0x00689533) x10 0x00000000
core   0: 0x80009ab6 (0x3409d673) csrrwi  a2, mscratch, 19
core   0: 3 0x80009ab6 (0x3409d673) x12 0x00000018 c832_mscratch 0x00000013
core   0: 0x80009aba (0x0000854d) c.srai  a0, 19
core   0: 3 0x80009aba (0x854d) x10 0x00000000
core   0: 0x80009abc (0x022a9963) bne     s5, sp, pc + 50
core   0: 3 0x80009abc (0x022a9963)
core   0: 0x80009aee (0x00000001) c.nop
core   0: 3 0x80009aee (0x0001)
core   0: 0x80009af0 (0x00000001) c.nop
core   0: 3 0x80009af0 (0x0001)
core   0: 0x80009af2 (0xaaf74c17) auipc   s8, 0xaaf74
core   0: 3 0x80009af2 (0xaaf74c17) x24 0x2af7daf2
core   0: 0x80009af6 (0x00dfb8b3) sltu    a7, t6, a3
core   0: 3 0x80009af6 (0x00dfb8b3) x17 0x00000001
core   0: 0x80009afa (0x02d066b3) rem     a3, zero, a3
core   0: 3 0x80009afa (0x02d066b3) x13 0x00000000
core   0: 0x80009afe (0x34006c73) csrrsi  s8, mscratch, 0
core   0: 3 0x80009afe (0x34006c73) x24 0x00000013
core   0: 0x80009b02 (0x0212bb33) mulhu   s6, t0, ra
core   0: 3 0x80009b02 (0x0212bb33) x22 0x00000000
core   0: 0x80009b06 (0x01646533) or      a0, s0, s6
core   0: 3 0x80009b06 (0x01646533) x10 0x00015000
core   0: 0x80009b0a (0x02e1ccb3) div     s9, gp, a4
core   0: 3 0x80009b0a (0x02e1ccb3) x25 0xff10d149
core   0: 0x80009b0e (0x34002773) csrr    a4, mscratch
core   0: 3 0x80009b0e (0x34002773) x14 0x00000013
core   0: 0x80009b12 (0x0050d1b3) srl     gp, ra, t0
core   0: 3 0x80009b12 (0x0050d1b3) x3  0x00000000
core   0: 0x80009b16 (0x00004ee5) c.li    t4, 25
core   0: 3 0x80009b16 (0x4ee5) x29 0x00000019
core   0: 0x80009b18 (0x340024f3) csrr    s1, mscratch
core   0: 3 0x80009b18 (0x340024f3) x9  0x00000013
core   0: 0x80009b1c (0x008ba1b3) slt     gp, s7, s0
core   0: 3 0x80009b1c (0x008ba1b3) x3  0x00000001
core   0: 0x80009b20 (0x00ad2fb3) slt     t6, s10, a0
core   0: 3 0x80009b20 (0x00ad2fb3) x31 0x00000001
core   0: 0x80009b24 (0x034b9cb3) mulh    s9, s7, s4
core   0: 3 0x80009b24 (0x034b9cb3) x25 0x054121b9
core   0: 0x80009b28 (0xcf5f0037) lui     zero, 0xcf5f0
core   0: 3 0x80009b28 (0xcf5f0037)
core   0: 0x80009b2c (0xcc1e7413) andi    s0, t3, -831
core   0: 3 0x80009b2c (0xcc1e7413) x8  0x00000801
core   0: 0x80009b30 (0x0185e033) or      zero, a1, s8
core   0: 3 0x80009b30 (0x0185e033)
core   0: 0x80009b34 (0x34052373) csrrs   t1, mscratch, a0
core   0: 3 0x80009b34 (0x34052373) x6  0x00000013 c832_mscratch 0x00015013
core   0: 0x80009b38 (0x00511d93) slli    s11, sp, 5
core   0: 3 0x80009b38 (0x00511d93) x27 0x00210a40
core   0: 0x80009b3c (0x0000c2a1) c.beqz  a3, pc + 64
core   0: 3 0x80009b3c (0xc2a1)
core   0: 0x80009b7c (0x00000001) c.nop
core   0: 3 0x80009b7c (0x0001)
core   0: 0x80009b7e (0x934736b7) lui     a3, 0x93473
core   0: 3 0x80009b7e (0x934736b7) x13 0x93473000
core   0: 0x80009b82 (0x00008cbd) c.xor   s1, a5
core   0: 3 0x80009b82 (0x8cbd) x9  0x00000053
core   0: 0x80009b84 (0x00aa33b3) sltu    t2, s4, a0
core   0: 3 0x80009b84 (0x00aa33b3) x7  0x00000000
core   0: 0x80009b88 (0x0000e51d) c.bnez  a0, pc + 46
core   0: 3 0x80009b88 (0xe51d)
core   0: 0x80009bb6 (0x03c185b3) mul     a1, gp, t3
core   0: 3 0x80009bb6 (0x03c185b3) x11 0x00000809
core   0: 0x80009bba (0x00006e91) c.lui   t4, 0x4
core   0: 3 0x80009bba (0x6e91) x29 0x00004000
core   0: 0x80009bbc (0x01771613) slli    a2, a4, 23
core   0: 3 0x80009bbc (0x01771613) x12 0x09800000
core   0: 0x80009bc0 (0x000090de) c.add   ra, s7
core   0: 3 0x80009bc0 (0x90de) x1  0x80025ddc
core   0: 0x80009bc2 (0x0000635d) c.lui   t1, 0x17
core   0: 3 0x80009bc2 (0x635d) x6  0x00017000
core   0: 0x80009bc4 (0xa76b7137) lui     sp, 0xa76b7
core   0: 3 0x80009bc4 (0xa76b7137) x2  0xa76b7000
core   0: 0x80009bc8 (0x8949f793) andi    a5, s3, -1900
core   0: 3 0x80009bc8 (0x8949f793) x15 0x00000014
core   0: 0x80009bcc (0xe53e0813) addi    a6, t3, -429
core   0: 3 0x80009bcc (0xe53e0813) x16 0x0000065c
core   0: 0x80009bd0 (0x0119cc63) blt     s3, a7, pc + 24
core   0: 3 0x80009bd0 (0x0119cc63)
core   0: 0x80009bd4 (0x03895963) bge     s2, s8, pc + 50
core   0: 3 0x80009bd4 (0x03895963)
core   0: 0x80009bd8 (0x03edf933) remu    s2, s11, t5
core   0: 3 0x80009bd8 (0x03edf933) x18 0x00210a40
core   0: 0x80009bdc (0xfa648893) addi    a7, s1, -90
core   0: 3 0x80009bdc (0xfa648893) x17 0xfffffff9
core   0: 0x80009be0 (0x4d5e2213) slti    tp, t3, 1237
core   0: 3 0x80009be0 (0x4d5e2213) x4  0x00000000
core   0: 0x80009be4 (0x0ff0000f) fence   iorw,iorw
core   0: 3 0x80009be4 (0x0ff0000f)
core   0: 0x80009be8 (0x0080a6b3) slt     a3, ra, s0
core   0: 3 0x80009be8 (0x0080a6b3) x13 0x00000001
core   0: 0x80009bec (0x0309ef63) bltu    s3, a6, pc + 62
core   0: 3 0x80009bec (0x0309ef63)
core   0: 0x80009c2a (0x00008ff9) c.and   a5, a4
core   0: 3 0x80009c2a (0x8ff9) x15 0x00000010
core   0: 0x80009c2c (0x0309a3b3) mulhsu  t2, s3, a6
core   0: 3 0x80009c2c (0x0309a3b3) x7  0x00000000
core   0: 0x80009c30 (0x0ff0000f) fence   iorw,iorw
core   0: 3 0x80009c30 (0x0ff0000f)
core   0: 0x80009c34 (0x0341cc33) div     s8, gp, s4
core   0: 3 0x80009c34 (0x0341cc33) x24 0x00000000
core   0: 0x80009c38 (0x01e0d893) srli    a7, ra, 30
core   0: 3 0x80009c38 (0x01e0d893) x17 0x00000002
core   0: 0x80009c3c (0x6c8328b7) lui     a7, 0x6c832
core   0: 3 0x80009c3c (0x6c8328b7) x17 0x6c832000
core   0: 0x80009c40 (0x01d6a3b3) slt     t2, a3, t4
core   0: 3 0x80009c40 (0x01d6a3b3) x7  0x00000001
core   0: 0x80009c44 (0x00000001) c.nop
core   0: 3 0x80009c44 (0x0001)
core   0: 0x80009c46 (0xeba38213) addi    tp, t2, -326
core   0: 3 0x80009c46 (0xeba38213) x4  0xfffffebb
core   0: 0x80009c4a (0x00efbfb3) sltu    t6, t6, a4
core   0: 3 0x80009c4a (0x00efbfb3) x31 0x00000001
core   0: 0x80009c4e (0x03363933) mulhu   s2, a2, s3
core   0: 3 0x80009c4e (0x03363933) x18 0x00000001
core   0: 0x80009c52 (0x010c0cb3) add     s9, s8, a6
core   0: 3 0x80009c52 (0x010c0cb3) x25 0x0000065c
core   0: 0x80009c56 (0x00008b4a) c.mv    s6, s2
core   0: 3 0x80009c56 (0x8b4a) x22 0x00000001
core   0: 0x80009c58 (0x00004239) c.li    tp, 14
core   0: 3 0x80009c58 (0x4239) x4  0x0000000e
core   0: 0x80009c5a (0x00000001) c.nop
core   0: 3 0x80009c5a (0x0001)
core   0: 0x80009c5c (0x0000c811) c.beqz  s0, pc + 20
core   0: 3 0x80009c5c (0xc811)
core   0: 0x80009c5e (0x775a7d13) andi    s10, s4, 1909
core   0: 3 0x80009c5e (0x775a7d13) x26 0x00000244
core   0: 0x80009c62 (0x41e205b3) sub     a1, tp, t5
core   0: 3 0x80009c62 (0x41e205b3) x11 0x7ffd62ea
core   0: 0x80009c66 (0x000099fa) c.add   s3, t5
core   0: 3 0x80009c66 (0x99fa) x19 0x80029d42
core   0: 0x80009c68 (0x02169cb3) mulh    s9, a3, ra
core   0: 3 0x80009c68 (0x02169cb3) x25 0xffffffff
core   0: 0x80009c6c (0x0c1a2c93) slti    s9, s4, 193
core   0: 3 0x80009c6c (0x0c1a2c93) x25 0x00000001
core   0: 0x80009c70 (0x00000d80) c.addi4spn s0, sp, 720
core   0: 3 0x80009c70 (0x0d80) x8  0xa76b72d0
core   0: 0x80009c72 (0x03f41763) bne     s0, t6, pc + 46
core   0: 3 0x80009c72 (0x03f41763)
core   0: 0x80009ca0 (0x340079f3) csrrci  s3, mscratch, 0
core   0: 3 0x80009ca0 (0x340079f3) x19 0x00015013
core   0: 0x80009ca4 (0x340b25f3) csrrs   a1, mscratch, s6
core   0: 3 0x80009ca4 (0x340b25f3) x11 0x00015013 c832_mscratch 0x00015013
core   0: 0x80009ca8 (0x0000971e) c.add   a4, t2
core   0: 3 0x80009ca8 (0x971e) x14 0x00000014
core   0: 0x80009caa (0x00001c88) c.addi4spn a0, sp, 624
core   0: 3 0x80009caa (0x1c88) x10 0xa76b7270
core   0: 0x80009cac (0x00008465) c.srai  s0, 25
core   0: 3 0x80009cac (0x8465) x8  0xffffffd3
core   0: 0x80009cae (0x0000c291) c.beqz  a3, pc + 4
core   0: 3 0x80009cae (0xc291)
core   0: 0x80009cb0 (0x0000995a) c.add   s2, s6
core   0: 3 0x80009cb0 (0x995a) x18 0x00000002
core   0: 0x80009cb2 (0x8a44b613) sltiu   a2, s1, -1884
core   0: 3 0x80009cb2 (0x8a44b613) x12 0x00000001
core   0: 0x80009cb6 (0x34015373) csrrwi  t1, mscratch, 2
core   0: 3 0x80009cb6 (0x34015373) x6  0x00015013 c832_mscratch 0x00000002
core   0: 0x80009cba (0x03cd50b3) divu    ra, s10, t3
core   0: 3 0x80009cba (0x03cd50b3) x1  0x00000000
core   0: 0x80009cbe (0x34082673) csrrs   a2, mscratch, a6
core   0: 3 0x80009cbe (0x34082673) x12 0x00000002 c832_mscratch 0x0000065e
core   0: 0x80009cc2 (0xf9456c93) ori     s9, a0, -108
core   0: 3 0x80009cc2 (0xf9456c93) x25 0xfffffff4
core   0: 0x80009cc6 (0x00001a0c) c.addi4spn a1, sp, 304
core   0: 3 0x80009cc6 (0x1a0c) x11 0xa76b7130
core   0: 0x80009cc8 (0x03a88633) mul     a2, a7, s10
core   0: 3 0x80009cc8 (0x03a88633) x12 0xd9148000
core   0: 0x80009ccc (0x0396d333) divu    t1, a3, s9
core   0: 3 0x80009ccc (0x0396d333) x6  0x00000000
core   0: 0x80009cd0 (0x18b8c693) xori    a3, a7, 395
core   0: 3 0x80009cd0 (0x18b8c693) x13 0x6c83218b
core   0: 0x80009cd4 (0x00000001) c.nop
core   0: 3 0x80009cd4 (0x0001)
core   0: 0x80009cd6 (0x00db8233) add     tp, s7, a3
core   0: 3 0x80009cd6 (0x00db8233) x4  0xec857f67
core   0: 0x80009cda (0x00db7fb3) and     t6, s6, a3
core   0: 3 0x80009cda (0x00db7fb3) x31 0x00000001
core   0: 0x80009cde (0xb3114613) xori    a2, sp, -1231
core   0: 3 0x80009cde (0xb3114613) x12 0x58948b31
core   0: 0x80009ce2 (0xcdf92513) slti    a0, s2, -801
core   0: 3 0x80009ce2 (0xcdf92513) x10 0x00000000
core   0: 0x80009ce6 (0xa6673093) sltiu   ra, a4, -1434
core   0: 3 0x80009ce6 (0xa6673093) x1  0x00000001
core   0: 0x80009cea (0x00008025) c.srli  s0, 9
core   0: 3 0x80009cea (0x8025) x8  0x007fffff
core   0: 0x80009cec (0x00006435) c.lui   s0, 0xd
core   0: 3 0x80009cec (0x6435) x8  0x0000d000
core   0: 0x80009cee (0x34003473) csrrc   s0, mscratch, zero
core   0: 3 0x80009cee (0x34003473) x8  0x0000065e
core   0: 0x80009cf2 (0x00001d7d) c.addi  s10, -1
core   0: 3 0x80009cf2 (0x1d7d) x26 0x00000243
core   0: 0x80009cf4 (0x0000e995) c.bnez  a1, pc + 52
core   0: 3 0x80009cf4 (0xe995)
core   0: 0x80009d28 (0x02084b33) div     s6, a6, zero
core   0: 3 0x80009d28 (0x02084b33) x22 0xffffffff
core   0: 0x80009d2c (0x00000001) c.nop
core   0: 3 0x80009d2c (0x0001)
core   0: 0x80009d2e (0x00006145) c.addi16sp sp, 48
core   0: 3 0x80009d2e (0x6145) x2  0xa76b7030
core   0: 0x80009d30 (0x016d2e33) slt     t3, s10, s6
core   0: 3 0x80009d30 (0x016d2e33) x28 0x00000000
core   0: 0x80009d34 (0x0008a3b3) slt     t2, a7, zero
core   0: 3 0x80009d34 (0x0008a3b3) x7  0x00000000
core   0: 0x80009d38 (0x00f070b3) and     ra, zero, a5
core   0: 3 0x80009d38 (0x00f070b3) x1  0x00000000
core   0: 0x80009d3c (0x53b30513) addi    a0, t1, 1339
core   0: 3 0x80009d3c (0x53b30513) x10 0x0000053b
core   0: 0x80009d40 (0x0000835d) c.srli  a4, 23
core   0: 3 0x80009d40 (0x835d) x14 0x00000000
core   0: 0x80009d42 (0x00825613) srli    a2, tp, 8
core   0: 3 0x80009d42 (0x00825613) x12 0x00ec857f
core   0: 0x80009d46 (0x401b0ab3) sub     s5, s6, ra
core   0: 3 0x80009d46 (0x401b0ab3) x21 0xffffffff
core   0: 0x80009d4a (0x0293e8b3) rem     a7, t2, s1
core   0: 3 0x80009d4a (0x0293e8b3) x17 0x00000000
core   0: 0x80009d4e (0x0394cdb3) div     s11, s1, s9
core   0: 3 0x80009d4e (0x0394cdb3) x27 0xfffffffa
core   0: 0x80009d52 (0x2c20f013) andi    zero, ra, 706
core   0: 3 0x80009d52 (0x2c20f013)
core   0: 0x80009d56 (0x0000c2a1) c.beqz  a3, pc + 64
core   0: 3 0x80009d56 (0xc2a1)
core   0: 0x80009d58 (0x000083e9) c.srli  a5, 26
core   0: 3 0x80009d58 (0x83e9) x15 0x00000000
core   0: 0x80009d5a (0x0000836d) c.srli  a4, 27
core   0: 3 0x80009d5a (0x836d) x14 0x00000000
core   0: 0x80009d5c (0x03e537b3) mulhu   a5, a0, t5
core   0: 3 0x80009d5c (0x03e537b3) x15 0x0000029d
core   0: 0x80009d60 (0x211cb013) sltiu   zero, s9, 529
core   0: 3 0x80009d60 (0x211cb013)
core   0: 0x80009d64 (0x00619593) slli    a1, gp, 6
core   0: 3 0x80009d64 (0x00619593) x11 0x00000040
core   0: 0x80009d68 (0x0000800d) c.srli  s0, 3
core   0: 3 0x80009d68 (0x800d) x8  0x000000cb
core   0: 0x80009d6a (0x02f14063) blt     sp, a5, pc + 32
core   0: 3 0x80009d6a (0x02f14063)
core   0: 0x80009d8a (0x00ab5ab3) srl     s5, s6, a0
core   0: 3 0x80009d8a (0x00ab5ab3) x21 0x0000001f
core   0: 0x80009d8e (0x00de0563) beq     t3, a3, pc + 10
core   0: 3 0x80009d8e (0x00de0563)
core   0: 0x80009d92 (0x340af8f3) csrrci  a7, mscratch, 21
core   0: 3 0x80009d92 (0x340af8f3) x17 0x0000065e c832_mscratch 0x0000064a
core   0: 0x80009d96 (0x00008f25) c.xor   a4, s1
core   0: 3 0x80009d96 (0x8f25) x14 0x00000053
core   0: 0x80009d98 (0x23516417) auipc   s0, 0x23516
core   0: 3 0x80009d98 (0x23516417) x8  0xa351fd98
core   0: 0x80009d9c (0x00944333) xor     t1, s0, s1
core   0: 3 0x80009d9c (0x00944333) x6  0xa351fdcb
core   0: 0x80009da0 (0x00008525) c.srai  a0, 9
core   0: 3 0x80009da0 (0x8525) x10 0x00000002
core   0: 0x80009da2 (0x01d84563) blt     a6, t4, pc + 10
core   0: 3 0x80009da2 (0x01d84563)
core   0: 0x80009dac (0x0000100f) fence.i
core   0: 3 0x80009dac (0x0000100f)
core   0: 0x80009db0 (0x4161d613) srai    a2, gp, 22
core   0: 3 0x80009db0 (0x4161d613) x12 0x00000000
core   0: 0x80009db4 (0x0391c863) blt     gp, s9, pc + 48
core   0: 3 0x80009db4 (0x0391c863)
core   0: 0x80009db8 (0x0000717d) c.addi16sp sp, -16
core   0: 3 0x80009db8 (0x717d) x2  0xa76b7020
core   0: 0x80009dba (0x340251f3) csrrwi  gp, mscratch, 4
core   0: 3 0x80009dba (0x340251f3) x3  0x0000064a c832_mscratch 0x00000004
core   0: 0x80009dbe (0x000086e5) c.srai  a3, 25
core   0: 3 0x80009dbe (0x86e5) x13 0x00000036
core   0: 0x80009dc0 (0x013e7b33) and     s6, t3, s3
core   0: 3 0x80009dc0 (0x013e7b33) x22 0x00000000
core   0: 0x80009dc4 (0x4196d833) sra     a6, a3, s9
core   0: 3 0x80009dc4 (0x4196d833) x16 0x00000000
core   0: 0x80009dc8 (0x013b5db3) srl     s11, s6, s3
core   0: 3 0x80009dc8 (0x013b5db3) x27 0x00000000
core   0: 0x80009dcc (0x411b0533) sub     a0, s6, a7
core   0: 3 0x80009dcc (0x411b0533) x10 0xfffff9a2
core   0: 0x80009dd0 (0x00008f71) c.and   a4, a2
core   0: 3 0x80009dd0 (0x8f71) x14 0x00000000
core   0: 0x80009dd2 (0x00d8ab33) slt     s6, a7, a3
core   0: 3 0x80009dd2 (0x00d8ab33) x22 0x00000000
core   0: 0x80009dd6 (0x03839b63) bne     t2, s8, pc + 54
core   0: 3 0x80009dd6 (0x03839b63)
core   0: 0x80009dda (0x000050fd) c.li    ra, -1
core   0: 3 0x80009dda (0x50fd) x1  0xffffffff
core   0: 0x80009ddc (0x000087dd) c.srai  a5, 23
core   0: 3 0x80009ddc (0x87dd) x15 0x00000000
core   0: 0x80009dde (0x00009626) c.add   a2, s1
core   0: 3 0x80009dde (0x9626) x12 0x00000053
core   0: 0x80009de0 (0x0064eb33) or      s6, s1, t1
core   0: 3 0x80009de0 (0x0064eb33) x22 0xa351fddb
core   0: 0x80009de4 (0x00bc1333) sll     t1, s8, a1
core   0: 3 0x80009de4 (0x00bc1333) x6  0x00000000
core   0: 0x80009de8 (0x00006415) c.lui   s0, 0x5
core   0: 3 0x80009de8 (0x6415) x8  0x00005000
core   0: 0x80009dea (0x038824b3) mulhsu  s1, a6, s8
core   0: 3 0x80009dea (0x038824b3) x9  0x00000000
core   0: 0x80009dee (0x41c75793) srai    a5, a4, 28
core   0: 3 0x80009dee (0x41c75793) x15 0x00000000
core   0: 0x80009df2 (0x03328ab3) mul     s5, t0, s3
core   0: 3 0x80009df2 (0x03328ab3) x21 0xfd7e5ebe
core   0: 0x80009df6 (0x03128663) beq     t0, a7, pc + 44
core   0: 3 0x80009df6 (0x03128663)
core   0: 0x80009dfa (0x00000110) c.addi4spn a2, sp, 128
core   0: 3 0x80009dfa (0x0110) x12 0xa76b70a0
core   0: 0x80009dfc (0x4131d913) srai    s2, gp, 19
core   0: 3 0x80009dfc (0x4131d913) x18 0x00000000
core   0: 0x80009e00 (0x00488d63) beq     a7, tp, pc + 26
core   0: 3 0x80009e00 (0x00488d63)
core   0: 0x80009e04 (0x0196f963) bgeu    a3, s9, pc + 18
core   0: 3 0x80009e04 (0x0196f963)
core   0: 0x80009e08 (0x01bb71b3) and     gp, s6, s11
core   0: 3 0x80009e08 (0x01bb71b3) x3  0x00000000
core   0: 0x80009e0c (0x0314b0b3) mulhu   ra, s1, a7
core   0: 3 0x80009e0c (0x0314b0b3) x1  0x00000000
core   0: 0x80009e10 (0x00001d8c) c.addi4spn a1, sp, 752
core   0: 3 0x80009e10 (0x1d8c) x11 0xa76b7310
core   0: 0x80009e12 (0x000e04b3) add     s1, t3, zero
core   0: 3 0x80009e12 (0x000e04b3) x9  0x00000000
core   0: 0x80009e16 (0x00000c8a) c.slli  s9, 2
core   0: 3 0x80009e16 (0x0c8a) x25 0xffffffd0
core   0: 0x80009e18 (0x00000001) c.nop
core   0: 3 0x80009e18 (0x0001)
core   0: 0x80009e1a (0x02f50cb3) mul     s9, a0, a5
core   0: 3 0x80009e1a (0x02f50cb3) x25 0x00000000
core   0: 0x80009e1e (0x00000001) c.nop
core   0: 3 0x80009e1e (0x0001)
core   0: 0x80009e20 (0x00006e7d) c.lui   t3, 0x1f
core   0: 3 0x80009e20 (0x6e7d) x28 0x0001f000
core   0: 0x80009e22 (0x012d14b3) sll     s1, s10, s2
core   0: 3 0x80009e22 (0x012d14b3) x9  0x00000243
core   0: 0x80009e26 (0x017bdeb3) srl     t4, s7, s7
core   0: 3 0x80009e26 (0x017bdeb3) x29 0x00000008
core   0: 0x80009e2a (0x340030f3) csrrc   ra, mscratch, zero
core   0: 3 0x80009e2a (0x340030f3) x1  0x00000004
core   0: 0x80009e2e (0x00000090) c.addi4spn a2, sp, 64
core   0: 3 0x80009e2e (0x0090) x12 0xa76b7060
core   0: 0x80009e30 (0xaa424b13) xori    s6, tp, -1372
core   0: 3 0x80009e30 (0xaa424b13) x22 0x137a85c3
core   0: 0x80009e34 (0x473f8c13) addi    s8, t6, 1139
core   0: 3 0x80009e34 (0x473f8c13) x24 0x00000474
core   0: 0x80009e38 (0x0044ea33) or      s4, s1, tp
core   0: 3 0x80009e38 (0x0044ea33) x20 0xec857f67
core   0: 0x80009e3c (0x00006145) c.addi16sp sp, 48
core   0: 3 0x80009e3c (0x6145) x2  0xa76b7050
core   0: 0x80009e3e (0x9596aa93) slti    s5, a3, -1703
core   0: 3 0x80009e3e (0x9596aa93) x21 0x00000000
core   0: 0x80009e42 (0x34003e73) csrrc   t3, mscratch, zero
core   0: 3 0x80009e42 (0x34003e73) x28 0x00000004
core   0: 0x80009e46 (0x767a6993) ori     s3, s4, 1895
core   0: 3 0x80009e46 (0x767a6993) x19 0xec857f67
core   0: 0x80009e4a (0x02a13db3) mulhu   s11, sp, a0
core   0: 3 0x80009e4a (0x02a13db3) x27 0xa76b6c26
core   0: 0x80009e4e (0x04110063) beq     sp, ra, pc + 64
core   0: 3 0x80009e4e (0x04110063)
core   0: 0x80009e52 (0x34021c73) csrrw   s8, mscratch, tp
core   0: 3 0x80009e52 (0x34021c73) x24 0x00000004 c832_mscratch 0xec857f67
core   0: 0x80009e56 (0x00000001) c.nop
core   0: 3 0x80009e56 (0x0001)
core   0: 0x80009e58 (0x0ff0000f) fence   iorw,iorw
core   0: 3 0x80009e58 (0x0ff0000f)
core   0: 0x80009e5c (0x0000e319) c.bnez  a4, pc + 6
core   0: 3 0x80009e5c (0xe319)
core   0: 0x80009e5e (0x00006125) c.addi16sp sp, 96
core   0: 3 0x80009e5e (0x6125) x2  0xa76b70b0
core   0: 0x80009e60 (0x00008215) c.srli  a2, 5
core   0: 3 0x80009e60 (0x8215) x12 0x053b5b83
core   0: 0x80009e62 (0x0049d013) srli    zero, s3, 4
core   0: 3 0x80009e62 (0x0049d013)
core   0: 0x80009e66 (0x557787b7) lui     a5, 0x55778
core   0: 3 0x80009e66 (0x557787b7) x15 0x55778000
core   0: 0x80009e6a (0x03e9c1b3) div     gp, s3, t5
core   0: 3 0x80009e6a (0x03e9c1b3) x3  0x00000000
core   0: 0x80009e6e (0x0000c815) c.beqz  s0, pc + 52
core   0: 3 0x80009e6e (0xc815)
core   0: 0x80009e70 (0x8aeffe13) andi    t3, t6, -1874
core   0: 3 0x80009e70 (0x8aeffe13) x28 0x00000000
core   0: 0x80009e74 (0x03d236b3) mulhu   a3, tp, t4
core   0: 3 0x80009e74 (0x03d236b3) x13 0x00000007
core   0: 0x80009e78 (0x00008e21) c.xor   a2, s0
core   0: 3 0x80009e78 (0x8e21) x12 0x053b0b83
core   0: 0x80009e7a (0x0211be33) mulhu   t3, gp, ra
core   0: 3 0x80009e7a (0x0211be33) x28 0x00000000
core   0: 0x80009e7e (0x755cb093) sltiu   ra, s9, 1877
core   0: 3 0x80009e7e (0x755cb093) x1  0x00000001
core   0: 0x80009e82 (0x34093273) csrrc   tp, mscratch, s2
core   0: 3 0x80009e82 (0x34093273) x4  0xec857f67 c832_mscratch 0xec857f67
core   0: 0x80009e86 (0x0000100f) fence.i
core   0: 3 0x80009e86 (0x0000100f)
core   0: 0x80009e8a (0x34006173) csrrsi  sp, mscratch, 0
core   0: 3 0x80009e8a (0x34006173) x2  0xec857f67
core   0: 0x80009e8e (0x00008c9e) c.mv    s9, t2
core   0: 3 0x80009e8e (0x8c9e) x25 0x00000000
core   0: 0x80009e90 (0xee68c417) auipc   s0, 0xee68c
core   0: 3 0x80009e90 (0xee68c417) x8  0x6e695e90
core   0: 0x80009e94 (0x009fd313) srli    t1, t6, 9
core   0: 3 0x80009e94 (0x009fd313) x6  0x00000000
core   0: 0x80009e98 (0x1c548237) lui     tp, 0x1c548
core   0: 3 0x80009e98 (0x1c548237) x4  0x1c548000
core   0: 0x80009e9c (0x34077d73) csrrci  s10, mscratch, 14
core   0: 3 0x80009e9c (0x34077d73) x26 0xec857f67 c832_mscratch 0xec857f61
core   0: 0x80009ea0 (0x000004f2) c.slli  s1, 28
core   0: 3 0x80009ea0 (0x04f2) x9  0x30000000
core   0: 0x80009ea2 (0x34099df3) csrrw   s11, mscratch, s3
core   0: 3 0x80009ea2 (0x34099df3) x27 0xec857f61 c832_mscratch 0xec857f67
core   0: 0x80009ea6 (0x00008e8d) c.sub   a3, a1
core   0: 3 0x80009ea6 (0x8e8d) x13 0x58948cf7
core   0: 0x80009ea8 (0x0000ca85) c.beqz  a3, pc + 48
core   0: 3 0x80009ea8 (0xca85)
core   0: 0x80009eaa (0x055bd163) bge     s7, s5, pc + 66
core   0: 3 0x80009eaa (0x055bd163)
core   0: 0x80009eae (0x00008806) c.mv    a6, ra
core   0: 3 0x80009eae (0x8806) x16 0x00000001
core   0: 0x80009eb0 (0x00008f89) c.sub   a5, a0
core   0: 3 0x80009eb0 (0x8f89) x15 0x5577865e
core   0: 0x80009eb2 (0x02ebc8b3) div     a7, s7, a4
core   0: 3 0x80009eb2 (0x02ebc8b3) x17 0xffffffff
core   0: 0x80009eb6 (0xaa162593) slti    a1, a2, -1375
core   0: 3 0x80009eb6 (0xaa162593) x11 0x00000000
core   0: 0x80009eba (0x013c56b3) srl     a3, s8, s3
core   0: 3 0x80009eba (0x013c56b3) x13 0x00000000
core   0: 0x80009ebe (0x0318eab3) rem     s5, a7, a7
core   0: 3 0x80009ebe (0x0318eab3) x21 0x00000000
core   0: 0x80009ec2 (0x00008c51) c.or    s0, a2
core   0: 3 0x80009ec2 (0x8c51) x8  0x6f7b5f93
core   0: 0x80009ec4 (0x00bfb333) sltu    t1, t6, a1
core   0: 3 0x80009ec4 (0x00bfb333) x6  0x00000000
core   0: 0x80009ec8 (0x4165d433) sra     s0, a1, s6
core   0: 3 0x80009ec8 (0x4165d433) x8  0x00000000
core   0: 0x80009ecc (0x032c1ab3) mulh    s5, s8, s2
core   0: 3 0x80009ecc (0x032c1ab3) x21 0x00000000
core   0: 0x80009ed0 (0x00001910) c.addi4spn a2, sp, 176
core   0: 3 0x80009ed0 (0x1910) x12 0xec858017
core   0: 0x80009ed2 (0x00008d61) c.and   a0, s0
core   0: 3 0x80009ed2 (0x8d61) x10 0x00000000
core   0: 0x80009ed4 (0x026ea4b3) mulhsu  s1, t4, t1
core   0: 3 0x80009ed4 (0x026ea4b3) x9  0x00000000
core   0: 0x80009ed8 (0x038259b3) divu    s3, tp, s8
core   0: 3 0x80009ed8 (0x038259b3) x19 0x07152000
core   0: 0x80009edc (0x3b266193) ori     gp, a2, 946
core   0: 3 0x80009edc (0x3b266193) x3  0xec8583b7
core   0: 0x80009ee0 (0x00006b2d) c.lui   s6, 0xb
core   0: 3 0x80009ee0 (0x6b2d) x22 0x0000b000
core   0: 0x80009ee2 (0x00006829) c.lui   a6, 0xa
core   0: 3 0x80009ee2 (0x6829) x16 0x0000a000
core   0: 0x80009ee4 (0x34017373) csrrci  t1, mscratch, 2
core   0: 3 0x80009ee4 (0x34017373) x6  0xec857f67 c832_mscratch 0xec857f65
core   0: 0x80009ee8 (0xc575b893) sltiu   a7, a1, -937
core   0: 3 0x80009ee8 (0xc575b893) x17 0x00000001
core   0: 0x80009eec (0x009434b3) sltu    s1, s0, s1
core   0: 3 0x80009eec (0x009434b3) x9  0x00000000
core   0: 0x80009ef0 (0x0d5d0c93) addi    s9, s10, 213
core   0: 3 0x80009ef0 (0x0d5d0c93) x25 0xec85803c
core   0: 0x80009ef4 (0x5e347213) andi    tp, s0, 1507
core   0: 3 0x80009ef4 (0x5e347213) x4  0x00000000
core   0: 0x80009ef8 (0x027ab333) mulhu   t1, s5, t2
core   0: 3 0x80009ef8 (0x027ab333) x6  0x00000000
core   0: 0x80009efc (0x0c1ab917) auipc   s2, 0xc1ab
core   0: 3 0x80009efc (0x0c1ab917) x18 0x8c1b4efc
core   0: 0x80009f00 (0x02f8f9b3) remu    s3, a7, a5
core   0: 3 0x80009f00 (0x02f8f9b3) x19 0x00000001
core   0: 0x80009f04 (0x00a378b3) and     a7, t1, a0
core   0: 3 0x80009f04 (0x00a378b3) x17 0x00000000
core   0: 0x80009f08 (0x0235bd33) mulhu   s10, a1, gp
core   0: 3 0x80009f08 (0x0235bd33) x26 0x00000000
core   0: 0x80009f0c (0x00008db9) c.xor   a1, a4
core   0: 3 0x80009f0c (0x8db9) x11 0x00000000
core   0: 0x80009f0e (0x4ca7c613) xori    a2, a5, 1226
core   0: 3 0x80009f0e (0x4ca7c613) x12 0x55778294
core   0: 0x80009f12 (0x0159ec63) bltu    s3, s5, pc + 24
core   0: 3 0x80009f12 (0x0159ec63)
core   0: 0x80009f16 (0x037239b3) mulhu   s3, tp, s7
core   0: 3 0x80009f16 (0x037239b3) x19 0x00000000
core   0: 0x80009f1a (0x031dfcb3) remu    s9, s11, a7
core   0: 3 0x80009f1a (0x031dfcb3) x25 0xec857f61
core   0: 0x80009f1e (0x00d6d813) srli    a6, a3, 13
core   0: 3 0x80009f1e (0x00d6d813) x16 0x00000000
core   0: 0x80009f22 (0x033229b3) mulhsu  s3, tp, s3
core   0: 3 0x80009f22 (0x033229b3) x19 0x00000000
core   0: 0x80009f26 (0x02644db3) div     s11, s0, t1
core   0: 3 0x80009f26 (0x02644db3) x27 0xffffffff
core   0: 0x80009f2a (0x16bb7593) andi    a1, s6, 363
core   0: 3 0x80009f2a (0x16bb7593) x11 0x00000000
core   0: 0x80009f2e (0x01ca9e13) slli    t3, s5, 28
core   0: 3 0x80009f2e (0x01ca9e13) x28 0x00000000
core   0: 0x80009f32 (0x00008bc1) c.andi  a5, 16
core   0: 3 0x80009f32 (0x8bc1) x15 0x00000010
core   0: 0x80009f34 (0x34062cf3) csrrs   s9, mscratch, a2
core   0: 3 0x80009f34 (0x34062cf3) x25 0xec857f65 c832_mscratch 0xfdf7fff5
core   0: 0x80009f38 (0x01cd0c63) beq     s10, t3, pc + 24
core   0: 3 0x80009f38 (0x01cd0c63)
core   0: 0x80009f50 (0x0ff0000f) fence   iorw,iorw
core   0: 3 0x80009f50 (0x0ff0000f)
core   0: 0x80009f54 (0x3400b6f3) csrrc   a3, mscratch, ra
core   0: 3 0x80009f54 (0x3400b6f3) x13 0xfdf7fff5 c832_mscratch 0xfdf7fff4
core   0: 0x80009f58 (0x00004445) c.li    s0, 17
core   0: 3 0x80009f58 (0x4445) x8  0x00000011
core   0: 0x80009f5a (0x340eaa73) csrrs   s4, mscratch, t4
core   0: 3 0x80009f5a (0x340eaa73) x20 0xfdf7fff4 c832_mscratch 0xfdf7fffc
core   0: 0x80009f5e (0x0000939a) c.add   t2, t1
core   0: 3 0x80009f5e (0x939a) x7  0x00000000
core   0: 0x80009f60 (0x340cb373) csrrc   t1, mscratch, s9
core   0: 3 0x80009f60 (0x340cb373) x6  0xfdf7fffc c832_mscratch 0x11728098
core   0: 0x80009f64 (0x340029f3) csrr    s3, mscratch
core   0: 3 0x80009f64 (0x340029f3) x19 0x11728098
core   0: 0x80009f68 (0x00008ea1) c.xor   a3, s0
core   0: 3 0x80009f68 (0x8ea1) x13 0xfdf7ffe4
core   0: 0x80009f6a (0x032cd3b3) divu    t2, s9, s2
core   0: 3 0x80009f6a (0x032cd3b3) x7  0x00000001
core   0: 0x80009f6e (0x01e80fb3) add     t6, a6, t5
core   0: 3 0x80009f6e (0x01e80fb3) x31 0x80029d24
core   0: 0x80009f72 (0x34042873) csrrs   a6, mscratch, s0
core   0: 3 0x80009f72 (0x34042873) x16 0x11728098 c832_mscratch 0x11728099
core   0: 0x80009f76 (0xd42c0f93) addi    t6, s8, -702
core   0: 3 0x80009f76 (0xd42c0f93) x31 0xfffffd46
core   0: 0x80009f7a (0x00bc4333) xor     t1, s8, a1
core   0: 3 0x80009f7a (0x00bc4333) x6  0x00000004
core   0: 0x80009f7e (0x031dbab3) mulhu   s5, s11, a7
core   0: 3 0x80009f7e (0x031dbab3) x21 0x00000000
core   0: 0x80009f82 (0x34011673) csrrw   a2, mscratch, sp
core   0: 3 0x80009f82 (0x34011673) x12 0x11728099 c832_mscratch 0xec857f67
core   0: 0x80009f86 (0x0308f863) bgeu    a7, a6, pc + 48
core   0: 3 0x80009f86 (0x0308f863)
core   0: 0x80009f8a (0x00000494) c.addi4spn a3, sp, 576
core   0: 3 0x80009f8a (0x0494) x13 0xec8581a7
core   0: 0x80009f8c (0x00008e85) c.sub   a3, s1
core   0: 3 0x80009f8c (0x8e85) x13 0xec8581a7
core   0: 0x80009f8e (0x01f19233) sll     tp, gp, t6
core   0: 3 0x80009f8e (0x01f19233) x4  0x2160edc0
core   0: 0x80009f92 (0x0341d5b3) divu    a1, gp, s4
core   0: 3 0x80009f92 (0x0341d5b3) x11 0x00000000
core   0: 0x80009f96 (0x022fc4b3) div     s1, t6, sp
core   0: 3 0x80009f96 (0x022fc4b3) x9  0x00000000
core   0: 0x80009f9a (0x00006175) c.addi16sp sp, 368
core   0: 3 0x80009f9a (0x6175) x2  0xec8580d7
core   0: 0x80009f9c (0x01b0ca33) xor     s4, ra, s11
core   0: 3 0x80009f9c (0x01b0ca33) x20 0xfffffffe
core   0: 0x80009fa0 (0x013607b3) add     a5, a2, s3
core   0: 3 0x80009fa0 (0x013607b3) x15 0x22e50131
core   0: 0x80009fa4 (0x5b048c17) auipc   s8, 0x5b048
core   0: 3 0x80009fa4 (0x5b048c17) x24 0xdb051fa4
core   0: 0x80009fa8 (0x9b637b13) andi    s6, t1, -1610
core   0: 3 0x80009fa8 (0x9b637b13) x22 0x00000004
core   0: 0x80009fac (0x0000c589) c.beqz  a1, pc + 10
core   0: 3 0x80009fac (0xc589)
core   0: 0x80009fb6 (0x3407de73) csrrwi  t3, mscratch, 15
core   0: 3 0x80009fb6 (0x3407de73) x28 0xec857f67 c832_mscratch 0x0000000f
core   0: 0x80009fba (0x0289ce63) blt     s3, s0, pc + 60
core   0: 3 0x80009fba (0x0289ce63)
core   0: 0x80009fbe (0x03dd8b63) beq     s11, t4, pc + 54
core   0: 3 0x80009fbe (0x03dd8b63)
core   0: 0x80009fc2 (0x9c1dae13) slti    t3, s11, -1599
core   0: 3 0x80009fc2 (0x9c1dae13) x28 0x00000000
core   0: 0x80009fc6 (0x00ac3833) sltu    a6, s8, a0
core   0: 3 0x80009fc6 (0x00ac3833) x16 0x00000000
core   0: 0x80009fca (0x0000810d) c.srli  a0, 3
core   0: 3 0x80009fca (0x810d) x10 0x00000000
core   0: 0x80009fcc (0x02a05d63) bge     zero, a0, pc + 58
core   0: 3 0x80009fcc (0x02a05d63)
core   0: 0x8000a006 (0x34003373) csrrc   t1, mscratch, zero
core   0: 3 0x8000a006 (0x34003373) x6  0x0000000f
core   0: 0x8000a00a (0x14485237) lui     tp, 0x14485
core   0: 3 0x8000a00a (0x14485237) x4  0x14485000
core   0: 0x8000a00e (0x00001a7d) c.addi  s4, -1
core   0: 3 0x8000a00e (0x1a7d) x20 0xfffffffd
core   0: 0x8000a010 (0x2e993b13) sltiu   s6, s2, 745
core   0: 3 0x8000a010 (0x2e993b13) x22 0x00000000
core   0: 0x8000a014 (0x03c46a63) bltu    s0, t3, pc + 52
core   0: 3 0x8000a014 (0x03c46a63)
core   0: 0x8000a018 (0x02ffe163) bltu    t6, a5, pc + 34
core   0: 3 0x8000a018 (0x02ffe163)
core   0: 0x8000a01c (0x0410e163) bltu    ra, ra, pc + 66
core   0: 3 0x8000a01c (0x0410e163)
core   0: 0x8000a020 (0x0107c333) xor     t1, a5, a6
core   0: 3 0x8000a020 (0x0107c333) x6  0x22e50131
core   0: 0x8000a024 (0x02554a63) blt     a0, t0, pc + 52
core   0: 3 0x8000a024 (0x02554a63)
core   0: 0x8000a028 (0x00000e10) c.addi4spn a2, sp, 784
core   0: 3 0x8000a028 (0x0e10) x12 0xec8583e7
core   0: 0x8000a02a (0x0000100f) fence.i
core   0: 3 0x8000a02a (0x0000100f)
core   0: 0x8000a02e (0x00ba10b3) sll     ra, s4, a1
core   0: 3 0x8000a02e (0x00ba10b3) x1  0xfffffffd
core   0: 0x8000a032 (0x407a03b3) sub     t2, s4, t2
core   0: 3 0x8000a032 (0x407a03b3) x7  0xfffffffc
core   0: 0x8000a036 (0x0ff0000f) fence   iorw,iorw
core   0: 3 0x8000a036 (0x0ff0000f)
core   0: 0x8000a03a (0x340023f3) csrr    t2, mscratch
core   0: 3 0x8000a03a (0x340023f3) x7  0x0000000f
core   0: 0x8000a03e (0x03b61db3) mulh    s11, a2, s11
core   0: 3 0x8000a03e (0x03b61db3) x27 0x00000000
core   0: 0x8000a042 (0x0000c005) c.beqz  s0, pc + 32
core   0: 3 0x8000a042 (0xc005)
core   0: 0x8000a044 (0x41b0d633) sra     a2, ra, s11
core   0: 3 0x8000a044 (0x41b0d633) x12 0xfffffffd
core   0: 0x8000a048 (0x00006441) c.lui   s0, 0x10
core   0: 3 0x8000a048 (0x6441) x8  0x00010000
core   0: 0x8000a04a (0x00000088) c.addi4spn a0, sp, 64
core   0: 3 0x8000a04a (0x0088) x10 0xec858117
core   0: 0x8000a04c (0x0020c663) blt     ra, sp, pc + 12
core   0: 3 0x8000a04c (0x0020c663)
core   0: 0x8000a050 (0x01f7a3b3) slt     t2, a5, t6
core   0: 3 0x8000a050 (0x01f7a3b3) x7  0x00000000
core   0: 0x8000a054 (0xbcda4ab7) lui     s5, 0xbcda4
core   0: 3 0x8000a054 (0xbcda4ab7) x21 0xbcda4000
core   0: 0x8000a058 (0x00008e8d) c.sub   a3, a1
core   0: 3 0x8000a058 (0x8e8d) x13 0xec8581a7
core   0: 0x8000a05a (0xa5802913) slti    s2, zero, -1448
core   0: 3 0x8000a05a (0xa5802913) x18 0x00000000
core   0: 0x8000a05e (0x00dcb633) sltu    a2, s9, a3
core   0: 3 0x8000a05e (0x00dcb633) x12 0x00000001
core   0: 0x8000a062 (0x00000a08) c.addi4spn a0, sp, 272
core   0: 3 0x8000a062 (0x0a08) x10 0xec8581e7
core   0: 0x8000a064 (0x0000c41d) c.beqz  s0, pc + 46
core   0: 3 0x8000a064 (0xc41d)
core   0: 0x8000a066 (0x340069f3) csrrsi  s3, mscratch, 0
core   0: 3 0x8000a066 (0x340069f3) x19 0x0000000f
core   0: 0x8000a06a (0x0000c021) c.beqz  s0, pc + 64
core   0: 3 0x8000a06a (0xc021)
core   0: 0x8000a06c (0x0000100f) fence.i
core   0: 3 0x8000a06c (0x0000100f)
core   0: 0x8000a070 (0x340f1cf3) csrrw   s9, mscratch, t5
core   0: 3 0x8000a070 (0x340f1cf3) x25 0x0000000f c832_mscratch 0x80029d24
core   0: 0x8000a074 (0x0557c063) blt     a5, s5, pc + 64
core   0: 3 0x8000a074 (0x0557c063)
core   0: 0x8000a078 (0x033e7933) remu    s2, t3, s3
core   0: 3 0x8000a078 (0x033e7933) x18 0x00000000
core   0: 0x8000a07c (0xb3440f93) addi    t6, s0, -1228
core   0: 3 0x8000a07c (0xb3440f93) x31 0x0000fb34
core   0: 0x8000a080 (0x4180de33) sra     t3, ra, s8
core   0: 3 0x8000a080 (0x4180de33) x28 0xffffffff
core   0: 0x8000a084 (0x0000015e) c.slli  sp, 23
core   0: 3 0x8000a084 (0x015e) x2  0x6b800000
core   0: 0x8000a086 (0xd3d16a93) ori     s5, sp, -707
core   0: 3 0x8000a086 (0xd3d16a93) x21 0xfffffd3d
core   0: 0x8000a08a (0x402d5d33) sra     s10, s10, sp
core   0: 3 0x8000a08a (0x402d5d33) x26 0x00000000
core   0: 0x8000a08e (0x0000612d) c.addi16sp sp, 224
core   0: 3 0x8000a08e (0x612d) x2  0x6b8000e0
core   0: 0x8000a090 (0x00006139) c.addi16sp sp, 448
core   0: 3 0x8000a090 (0x6139) x2  0x6b8002a0
core   0: 0x8000a092 (0x45916693) ori     a3, sp, 1113
core   0: 3 0x8000a092 (0x45916693) x13 0x6b8006f9
core   0: 0x8000a096 (0x02302fb3) mulhsu  t6, zero, gp
core   0: 3 0x8000a096 (0x02302fb3) x31 0x00000000
core   0: 0x8000a09a (0x340f2073) csrs    mscratch, t5
core   0: 3 0x8000a09a (0x340f2073) c832_mscratch 0x80029d24
core   0: 0x8000a09e (0x000080cd) c.srli  s1, 19
core   0: 3 0x8000a09e (0x80cd) x9  0x00000000
core   0: 0x8000a0a0 (0x0000636d) c.lui   t1, 0x1b
core   0: 3 0x8000a0a0 (0x636d) x6  0x0001b000
core   0: 0x8000a0a2 (0x0000e519) c.bnez  a0, pc + 14
core   0: 3 0x8000a0a2 (0xe519)
core   0: 0x8000a0b0 (0x038e3d33) mulhu   s10, t3, s8
core   0: 3 0x8000a0b0 (0x038e3d33) x26 0xdb051fa3
core   0: 0x8000a0b4 (0x3da7eb13) ori     s6, a5, 986
core   0: 3 0x8000a0b4 (0x3da7eb13) x22 0x22e503fb
core   0: 0x8000a0b8 (0x015cda13) srli    s4, s9, 21
core   0: 3 0x8000a0b8 (0x015cda13) x20 0x00000000
core   0: 0x8000a0bc (0x00001ffd) c.addi  t6, -1
core   0: 3 0x8000a0bc (0x1ffd) x31 0xffffffff
core   0: 0x8000a0be (0x340e10f3) csrrw   ra, mscratch, t3
core   0: 3 0x8000a0be (0x340e10f3) x1  0x80029d24 c832_mscratch 0xffffffff
core   0: 0x8000a0c2 (0x0ff0000f) fence   iorw,iorw
core   0: 3 0x8000a0c2 (0x0ff0000f)
core   0: 0x8000a0c6 (0xe149b593) sltiu   a1, s3, -492
core   0: 3 0x8000a0c6 (0xe149b593) x11 0x00000001
core   0: 0x8000a0ca (0x012168b3) or      a7, sp, s2
core   0: 3 0x8000a0ca (0x012168b3) x17 0x6b8002a0
core   0: 0x8000a0ce (0x00000001) c.nop
core   0: 3 0x8000a0ce (0x0001)
core   0: 0x8000a0d0 (0x01a3dd63) bge     t2, s10, pc + 26
core   0: 3 0x8000a0d0 (0x01a3dd63)
core   0: 0x8000a0ea (0x00f6d633) srl     a2, a3, a5
core   0: 3 0x8000a0ea (0x00f6d633) x12 0x000035c0
core   0: 0x8000a0ee (0x010be433) or      s0, s7, a6
core   0: 3 0x8000a0ee (0x010be433) x8  0x80025ddc
core   0: 0x8000a0f2 (0x0000047e) c.slli  s0, 31
core   0: 3 0x8000a0f2 (0x047e) x8  0x00000000
core   0: 0x8000a0f4 (0x00624533) xor     a0, tp, t1
core   0: 3 0x8000a0f4 (0x00624533) x10 0x1449e000
core   0: 0x8000a0f8 (0x0000100f) fence.i
core   0: 3 0x8000a0f8 (0x0000100f)
core   0: 0x8000a0fc (0x456b2a17) auipc   s4, 0x456b2
core   0: 3 0x8000a0fc (0x456b2a17) x20 0xc56bc0fc
core   0: 0x8000a100 (0x00000dd2) c.slli  s11, 20
core   0: 3 0x8000a100 (0x0dd2) x27 0x00000000
core   0: 0x8000a102 (0x0292e5b3) rem     a1, t0, s1
core   0: 3 0x8000a102 (0x0292e5b3) x11 0xf57d8a0a
core   0: 0x8000a106 (0x34053cf3) csrrc   s9, mscratch, a0
core   0: 3 0x8000a106 (0x34053cf3) x25 0xffffffff c832_mscratch 0xebb61fff
core   0: 0x8000a10a (0x000094c6) c.add   s1, a7
core   0: 3 0x8000a10a (0x94c6) x9  0x6b8002a0
core   0: 0x8000a10c (0x14756e93) ori     t4, a0, 327
core   0: 3 0x8000a10c (0x14756e93) x29 0x1449e147
core   0: 0x8000a110 (0x015374b3) and     s1, t1, s5
core   0: 3 0x8000a110 (0x015374b3) x9  0x0001b000
core   0: 0x8000a114 (0x0161d193) srli    gp, gp, 22
core   0: 3 0x8000a114 (0x0161d193) x3  0x000003b2
core   0: 0x8000a118 (0x00000c14) c.addi4spn a3, sp, 528
core   0: 3 0x8000a118 (0x0c14) x13 0x6b8004b0
core   0: 0x8000a11a (0x03d58433) mul     s0, a1, t4
core   0: 3 0x8000a11a (0x03d58433) x8  0x90fe12c6
core   0: 0x8000a11e (0x00006521) c.lui   a0, 0x8
core   0: 3 0x8000a11e (0x6521) x10 0x00008000
core   0: 0x8000a120 (0x037d8263) beq     s11, s7, pc + 36
core   0: 3 0x8000a120 (0x037d8263)
core   0: 0x8000a124 (0x34006e73) csrrsi  t3, mscratch, 0
core   0: 3 0x8000a124 (0x34006e73) x28 0xebb61fff
core   0: 0x8000a128 (0x0000131c) c.addi4spn a5, sp, 416
core   0: 3 0x8000a128 (0x131c) x15 0x6b800440
core   0: 0x8000a12a (0x00000979) c.addi  s2, 30
core   0: 3 0x8000a12a (0x0979) x18 0x0000001e
core   0: 0x8000a12c (0x000087b1) c.srai  a5, 12
core   0: 3 0x8000a12c (0x87b1) x15 0x0006b800
core   0: 0x8000a12e (0x03faac33) mulhsu  s8, s5, t6
core   0: 3 0x8000a12e (0x03faac33) x24 0xfffffd3d
core   0: 0x8000a132 (0x00e11813) slli    a6, sp, 14
core   0: 3 0x8000a132 (0x00e11813) x16 0x00a80000
core   0: 0x8000a136 (0x0134a533) slt     a0, s1, s3
core   0: 3 0x8000a136 (0x0134a533) x10 0x00000000
core   0: 0x8000a13a (0x0018df93) srli    t6, a7, 1
core   0: 3 0x8000a13a (0x0018df93) x31 0x35c00150
core   0: 0x8000a13e (0x000085c1) c.srai  a1, 16
core   0: 3 0x8000a13e (0x85c1) x11 0xfffff57d
core   0: 0x8000a140 (0x023175b3) remu    a1, sp, gp
core   0: 3 0x8000a140 (0x023175b3) x11 0x000001f4
core   0: 0x8000a144 (0x020be633) rem     a2, s7, zero
core   0: 3 0x8000a144 (0x020be633) x12 0x80025ddc
core   0: 0x8000a148 (0x00000f9d) c.addi  t6, 7
core   0: 3 0x8000a148 (0x0f9d) x31 0x35c00157
core   0: 0x8000a14a (0x0145fdb3) and     s11, a1, s4
core   0: 3 0x8000a14a (0x0145fdb3) x27 0x000000f4
core   0: 0x8000a14e (0x00008e12) c.mv    t3, tp
core   0: 3 0x8000a14e (0x8e12) x28 0x14485000
core   0: 0x8000a150 (0x004ba783) lw      a5, 4(s7)
core   0: 3 0x8000a150 (0x004ba783) x15 0x800083a2 mem 0x80025de0
core   0: 0x8000a154 (0x000088c1) c.andi  s1, 16
core   0: 3 0x8000a154 (0x88c1) x9  0x00000000
core   0: 0x8000a156 (0x030b8b93) addi    s7, s7, 48
core   0: 3 0x8000a156 (0x030b8b93) x23 0x80025e0c
core   0: 0x8000a15a (0x028614b3) mulh    s1, a2, s0
core   0: 3 0x8000a15a (0x028614b3) x9  0x377fefe6
core   0: 0x8000a15e (0x039edab3) divu    s5, t4, s9
core   0: 3 0x8000a15e (0x039edab3) x21 0x00000000
core   0: 0x8000a162 (0x00c9a633) slt     a2, s3, a2
core   0: 3 0x8000a162 (0x00c9a633) x12 0x00000000
core   0: 0x8000a166 (0x03fdc9b3) div     s3, s11, t6
core   0: 3 0x8000a166 (0x03fdc9b3) x19 0x00000000
core   0: 0x8000a16a (0x00078993) mv      s3, a5
core   0: 3 0x8000a16a (0x00078993) x19 0x800083a2
core   0: 0x8000a16e (0x000989e7) jalr    s3, s3, 0
core   0: 3 0x8000a16e (0x000989e7) x19 0x8000a172
core   0: 0x800083a2 (0x0015a833) slt     a6, a1, ra
core   0: 3 0x800083a2 (0x0015a833) x16 0x00000000
core   0: 0x800083a6 (0x005b9c33) sll     s8, s7, t0
core   0: 3 0x800083a6 (0x005b9c33) x24 0x09783000
core   0: 0x800083aa (0x00008ca1) c.xor   s1, s0
core   0: 3 0x800083aa (0x8ca1) x9  0xa781fd20
core   0: 0x800083ac (0x00081113) slli    sp, a6, 0
core   0: 3 0x800083ac (0x00081113) x2  0x00000000
core   0: 0x800083b0 (0x0000e911) c.bnez  a0, pc + 20
core   0: 3 0x800083b0 (0xe911)
core   0: 0x800083b2 (0x41cb0933) sub     s2, s6, t3
core   0: 3 0x800083b2 (0x41cb0933) x18 0x0e9cb3fb
core   0: 0x800083b6 (0x340998f3) csrrw   a7, mscratch, s3
core   0: 3 0x800083b6 (0x340998f3) x17 0xebb61fff c832_mscratch 0x8000a172
core   0: 0x800083ba (0x0000100f) fence.i
core   0: 3 0x800083ba (0x0000100f)
core   0: 0x800083be (0x021b0d33) mul     s10, s6, ra
core   0: 3 0x800083be (0x021b0d33) x26 0xe39b7e4c
core   0: 0x800083c2 (0x00008dd9) c.or    a1, a4
core   0: 3 0x800083c2 (0x8dd9) x11 0x000001f4
core   0: 0x800083c4 (0x0173f6b3) and     a3, t2, s7
core   0: 3 0x800083c4 (0x0173f6b3) x13 0x00000000
core   0: 0x800083c8 (0x75453813) sltiu   a6, a0, 1876
core   0: 3 0x800083c8 (0x75453813) x16 0x00000001
core   0: 0x800083cc (0x07f35563) bge     t1, t6, pc + 106
core   0: 3 0x800083cc (0x07f35563)
core   0: 0x800083d0 (0x00000001) c.nop
core   0: 3 0x800083d0 (0x0001)
core   0: 0x800083d2 (0x93a23493) sltiu   s1, tp, -1734
core   0: 3 0x800083d2 (0x93a23493) x9  0x00000001
core   0: 0x800083d6 (0x411ddeb3) sra     t4, s11, a7
core   0: 3 0x800083d6 (0x411ddeb3) x29 0x00000000
core   0: 0x800083da (0x00008095) c.srli  s1, 5
core   0: 3 0x800083da (0x8095) x9  0x00000000
core   0: 0x800083dc (0x00017817) auipc   a6, 0x17
core   0: 3 0x800083dc (0x00017817) x16 0x8001f3dc
core   0: 0x800083e0 (0x45b80813) addi    a6, a6, 1115
core   0: 3 0x800083e0 (0x45b80813) x16 0x8001f837
core   0: 0x800083e4 (0xfeb81b03) lh      s6, -21(a6)
core   0: 3 0x800083e4 (0xfeb81b03) x22 0xffffd8d9 mem 0x8001f822
core   0: 0x800083e8 (0x0000099a) c.slli  s3, 6
core   0: 3 0x800083e8 (0x099a) x19 0x00285c80
core   0: 0x800083ea (0x00d80523) sb      a3, 10(a6)
core   0: 3 0x800083ea (0x00d80523) mem 0x8001f841 0x00
core   0: 0x800083ee (0x20354737) lui     a4, 0x20354
core   0: 3 0x800083ee (0x20354737) x14 0x20354000
core   0: 0x800083f2 (0x03680023) sb      s6, 32(a6)
core   0: 3 0x800083f2 (0x03680023) mem 0x8001f857 0xd9
core   0: 0x800083f6 (0xcc5ea013) slti    zero, t4, -827
core   0: 3 0x800083f6 (0xcc5ea013)
core   0: 0x800083fa (0x01980603) lb      a2, 25(a6)
core   0: 3 0x800083fa (0x01980603) x12 0x0000000b mem 0x8001f850
core   0: 0x800083fe (0x9d6eba13) sltiu   s4, t4, -1578
core   0: 3 0x800083fe (0x9d6eba13) x20 0x00000001
core   0: 0x80008402 (0x340997f3) csrrw   a5, mscratch, s3
core   0: 3 0x80008402 (0x340997f3) x15 0x8000a172 c832_mscratch 0x00285c80
core   0: 0x80008406 (0x02c80003) lb      zero, 44(a6)
core   0: 3 0x80008406 (0x02c80003) mem 0x8001f863
core   0: 0x8000840a (0x0192e1b3) or      gp, t0, s9
core   0: 3 0x8000840a (0x0192e1b3) x3  0xffffffff
core   0: 0x8000840e (0x01aeddb3) srl     s11, t4, s10
core   0: 3 0x8000840e (0x01aeddb3) x27 0x00000000
core   0: 0x80008412 (0x010e7fb3) and     t6, t3, a6
core   0: 3 0x80008412 (0x010e7fb3) x31 0x00005000
core   0: 0x80008416 (0xfef84903) lbu     s2, -17(a6)
core   0: 3 0x80008416 (0xfef84903) x18 0x000000dd mem 0x8001f826
core   0: 0x8000841a (0x6e996d93) ori     s11, s2, 1769
core   0: 3 0x8000841a (0x6e996d93) x27 0x000006fd
core   0: 0x8000841e (0x01980e83) lb      t4, 25(a6)
core   0: 3 0x8000841e (0x01980e83) x29 0x0000000b mem 0x8001f850
core   0: 0x80008422 (0x00684e03) lbu     t3, 6(a6)
core   0: 3 0x80008422 (0x00684e03) x28 0x000000f6 mem 0x8001f83d
core   0: 0x80008426 (0x02684483) lbu     s1, 38(a6)
core   0: 3 0x80008426 (0x02684483) x9  0x00000016 mem 0x8001f85d
core   0: 0x8000842a (0x15184c93) xori    s9, a6, 337
core   0: 3 0x8000842a (0x15184c93) x25 0x8001f966
core   0: 0x8000842e (0x01d265b3) or      a1, tp, t4
core   0: 3 0x8000842e (0x01d265b3) x11 0x1448500b
core   0: 0x80008432 (0x03780523) sb      s7, 42(a6)
core   0: 3 0x80008432 (0x03780523) mem 0x8001f861 0x0c
core   0: 0x80008436 (0x418cd0b3) sra     ra, s9, s8
core   0: 3 0x80008436 (0x418cd0b3) x1  0x8001f966
core   0: 0x8000843a (0x00009c7e) c.add   s8, t6
core   0: 3 0x8000843a (0x9c7e) x24 0x09788000
core   0: 0x8000843c (0x00171693) slli    a3, a4, 1
core   0: 3 0x8000843c (0x00171693) x13 0x406a8000
core   0: 0x80008440 (0x0000eb91) c.bnez  a5, pc + 20
core   0: 3 0x80008440 (0xeb91)
core   0: 0x80008454 (0x000080ba) c.mv    ra, a4
core   0: 3 0x80008454 (0x80ba) x1  0x20354000
core   0: 0x80008456 (0x05137063) bgeu    t1, a7, pc + 64
core   0: 3 0x80008456 (0x05137063)
core   0: 0x8000845a (0x00bedcb3) srl     s9, t4, a1
core   0: 3 0x8000845a (0x00bedcb3) x25 0x00000000
core   0: 0x8000845e (0x03b11063) bne     sp, s11, pc + 32
core   0: 3 0x8000845e (0x03b11063)
core   0: 0x8000847e (0x00fa0933) add     s2, s4, a5
core   0: 3 0x8000847e (0x00fa0933) x18 0x8000a173
core   0: 0x80008482 (0x00000892) c.slli  a7, 4
core   0: 3 0x80008482 (0x0892) x17 0xbb61fff0
core   0: 0x80008484 (0x01529db3) sll     s11, t0, s5
core   0: 3 0x80008484 (0x01529db3) x27 0xf57d8a0a
core   0: 0x80008488 (0x00008546) c.mv    a0, a7
core   0: 3 0x80008488 (0x8546) x10 0xbb61fff0
core   0: 0x8000848a (0x34007573) csrrci  a0, mscratch, 0
core   0: 3 0x8000848a (0x34007573) x10 0x00285c80
core   0: 0x8000848e (0x019beab3) or      s5, s7, s9
core   0: 3 0x8000848e (0x019beab3) x21 0x80025e0c
core   0: 0x80008492 (0x000082d1) c.srli  a3, 20
core   0: 3 0x80008492 (0x82d1) x13 0x00000406
core   0: 0x80008494 (0x000082f1) c.srli  a3, 28
core   0: 3 0x80008494 (0x82f1) x13 0x00000000
core   0: 0x80008496 (0x0000e519) c.bnez  a0, pc + 14
core   0: 3 0x80008496 (0xe519)
core   0: 0x800084a4 (0x003eb8b3) sltu    a7, t4, gp
core   0: 3 0x800084a4 (0x003eb8b3) x17 0x00000001
core   0: 0x800084a8 (0x020c80b3) mul     ra, s9, zero
core   0: 3 0x800084a8 (0x020c80b3) x1  0x00000000
core   0: 0x800084ac (0x41b55d13) srai    s10, a0, 27
core   0: 3 0x800084ac (0x41b55d13) x26 0x00000000
core   0: 0x800084b0 (0x00000001) c.nop
core   0: 3 0x800084b0 (0x0001)
core   0: 0x800084b2 (0x00008e85) c.sub   a3, s1
core   0: 3 0x800084b2 (0x8e85) x13 0xffffffea
core   0: 0x800084b4 (0x03a25e63) bge     tp, s10, pc + 60
core   0: 3 0x800084b4 (0x03a25e63)
core   0: 0x800084f0 (0x0000c98d) c.beqz  a1, pc + 50
core   0: 3 0x800084f0 (0xc98d)
core   0: 0x800084f2 (0x000004a6) c.slli  s1, 9
core   0: 3 0x800084f2 (0x04a6) x9  0x00002c00
core   0: 0x800084f4 (0x030b6633) rem     a2, s6, a6
core   0: 3 0x800084f4 (0x030b6633) x12 0xffffd8d9
core   0: 0x800084f8 (0x000aa233) slt     tp, s5, zero
core   0: 3 0x800084f8 (0x000aa233) x4  0x00000001
core   0: 0x800084fc (0x00788ab3) add     s5, a7, t2
core   0: 3 0x800084fc (0x00788ab3) x21 0x00000001
core   0: 0x80008500 (0x7134cb13) xori    s6, s1, 1811
core   0: 3 0x80008500 (0x7134cb13) x22 0x00002b13
core   0: 0x80008504 (0x00ee6b33) or      s6, t3, a4
core   0: 3 0x80008504 (0x00ee6b33) x22 0x203540f6
core   0: 0x80008508 (0x40f3d693) srai    a3, t2, 15
core   0: 3 0x80008508 (0x40f3d693) x13 0x00000000
core   0: 0x8000850c (0x0000100f) fence.i
core   0: 3 0x8000850c (0x0000100f)
core   0: 0x80008510 (0x018aec63) bltu    s5, s8, pc + 24
core   0: 3 0x80008510 (0x018aec63)
core   0: 0x80008528 (0xe5f4d837) lui     a6, 0xe5f4d
core   0: 3 0x80008528 (0xe5f4d837) x16 0xe5f4d000
core   0: 0x8000852c (0x00000d7e) c.slli  s10, 31
core   0: 3 0x8000852c (0x0d7e) x26 0x00000000
core   0: 0x8000852e (0x34002e73) csrr    t3, mscratch
core   0: 3 0x8000852e (0x34002e73) x28 0x00285c80
core   0: 0x80008532 (0xed584f97) auipc   t6, 0xed584
core   0: 3 0x80008532 (0xed584f97) x31 0x6d58c532
core   0: 0x80008536 (0x003c8263) beq     s9, gp, pc + 4
core   0: 3 0x80008536 (0x003c8263)
core   0: 0x8000853a (0x0000093a) c.slli  s2, 14
core   0: 3 0x8000853a (0x093a) x18 0x285cc000
core   0: 0x8000853c (0x340a9873) csrrw   a6, mscratch, s5
core   0: 3 0x8000853c (0x340a9873) x16 0x00285c80 c832_mscratch 0x00000001
core   0: 0x80008540 (0x03f16d63) bltu    sp, t6, pc + 58
core   0: 3 0x80008540 (0x03f16d63)
core   0: 0x8000857a (0x0114d0b3) srl     ra, s1, a7
core   0: 3 0x8000857a (0x0114d0b3) x1  0x00001600
core   0: 0x8000857e (0x00008ed5) c.or    a3, a3
core   0: 3 0x8000857e (0x8ed5) x13 0x00000000
core   0: 0x80008580 (0x0280b833) mulhu   a6, ra, s0
core   0: 3 0x80008580 (0x0280b833) x16 0x00000c75
core   0: 0x80008584 (0x68382b13) slti    s6, a6, 1667
core   0: 3 0x80008584 (0x68382b13) x22 0x00000000
core   0: 0x80008588 (0x018905b3) add     a1, s2, s8
core   0: 3 0x80008588 (0x018905b3) x11 0x31d54000
core   0: 0x8000858c (0x725f4c93) xori    s9, t5, 1829
core   0: 3 0x8000858c (0x725f4c93) x25 0x80029a01
core   0: 0x80008590 (0x340537f3) csrrc   a5, mscratch, a0
core   0: 3 0x80008590 (0x340537f3) x15 0x00000001 c832_mscratch 0x00000001
core   0: 0x80008594 (0x02bfaeb3) mulhsu  t4, t6, a1
core   0: 3 0x80008594 (0x02bfaeb3) x29 0x154913f0
core   0: 0x80008598 (0x8042f913) andi    s2, t0, -2044
core   0: 3 0x80008598 (0x8042f913) x18 0xf57d8800
core   0: 0x8000859c (0x40115933) sra     s2, sp, ra
core   0: 3 0x8000859c (0x40115933) x18 0x00000000
core   0: 0x800085a0 (0x00c86263) bltu    a6, a2, pc + 4
core   0: 3 0x800085a0 (0x00c86263)
core   0: 0x800085a4 (0x03db4f63) blt     s6, t4, pc + 62
core   0: 3 0x800085a4 (0x03db4f63)
core   0: 0x800085e2 (0x03837433) remu    s0, t1, s8
core   0: 3 0x800085e2 (0x03837433) x8  0x0001b000
core   0: 0x800085e6 (0x340bbd73) csrrc   s10, mscratch, s7
core   0: 3 0x800085e6 (0x340bbd73) x26 0x00000001 c832_mscratch 0x00000001
core   0: 0x800085ea (0x0343ad33) mulhsu  s10, t2, s4
core   0: 3 0x800085ea (0x0343ad33) x26 0x00000000
core   0: 0x800085ee (0x022056b3) divu    a3, zero, sp
core   0: 3 0x800085ee (0x022056b3) x13 0xffffffff
core   0: 0x800085f2 (0x00cc1363) bne     s8, a2, pc + 6
core   0: 3 0x800085f2 (0x00cc1363)
core   0: 0x800085f8 (0x00505313) srli    t1, zero, 5
core   0: 3 0x800085f8 (0x00505313) x6  0x00000000
core   0: 0x800085fc (0x00ab9b13) slli    s6, s7, 10
core   0: 3 0x800085fc (0x00ab9b13) x22 0x09783000
core   0: 0x80008600 (0x340ab0f3) csrrc   ra, mscratch, s5
core   0: 3 0x80008600 (0x340ab0f3) x1  0x00000001 c832_mscratch 0x00000000
core   0: 0x80008604 (0x03498ab3) mul     s5, s3, s4
core   0: 3 0x80008604 (0x03498ab3) x21 0x00285c80
core   0: 0x80008608 (0x0000c591) c.beqz  a1, pc + 12
core   0: 3 0x80008608 (0xc591)
core   0: 0x8000860a (0x000098fd) c.andi  s1, -1
core   0: 3 0x8000860a (0x98fd) x9  0x00002c00
core   0: 0x8000860c (0x010a6533) or      a0, s4, a6
core   0: 3 0x8000860c (0x010a6533) x10 0x00000c75
core   0: 0x80008610 (0xfc3a9f97) auipc   t6, 0xfc3a9
core   0: 3 0x80008610 (0xfc3a9f97) x31 0x7c3b1610
core   0: 0x80008614 (0x0051d633) srl     a2, gp, t0
core   0: 3 0x80008614 (0x0051d633) x12 0x003fffff
core   0: 0x80008618 (0x0000dd63) bgez    ra, pc + 26
core   0: 3 0x80008618 (0x0000dd63)
core   0: 0x80008632 (0x00000001) c.nop
core   0: 3 0x80008632 (0x0001)
core   0: 0x80008634 (0x009810b3) sll     ra, a6, s1
core   0: 3 0x80008634 (0x009810b3) x1  0x00000c75
core   0: 0x80008638 (0x340cb473) csrrc   s0, mscratch, s9
core   0: 3 0x80008638 (0x340cb473) x8  0x00000000 c832_mscratch 0x00000000
core   0: 0x8000863c (0x34003473) csrrc   s0, mscratch, zero
core   0: 3 0x8000863c (0x34003473) x8  0x00000000
core   0: 0x80008640 (0x011ef5b3) and     a1, t4, a7
core   0: 3 0x80008640 (0x011ef5b3) x11 0x00000000
core   0: 0x80008644 (0x009bbb33) sltu    s6, s7, s1
core   0: 3 0x80008644 (0x009bbb33) x22 0x00000000
core   0: 0x80008648 (0x340ad073) csrwi   mscratch, 21
core   0: 3 0x80008648 (0x340ad073) c832_mscratch 0x00000015
core   0: 0x8000864c (0x412b0ab3) sub     s5, s6, s2
core   0: 3 0x8000864c (0x412b0ab3) x21 0x00000000
core   0: 0x80008650 (0x003b7363) bgeu    s6, gp, pc + 6
core   0: 3 0x80008650 (0x003b7363)
core   0: 0x80008654 (0x00008c3a) c.mv    s8, a4
core   0: 3 0x80008654 (0x8c3a) x24 0x20354000
core   0: 0x80008656 (0x00000001) c.nop
core   0: 3 0x80008656 (0x0001)
core   0: 0x80008658 (0x028afc63) bgeu    s5, s0, pc + 56
core   0: 3 0x80008658 (0x028afc63)
core   0: 0x80008690 (0x00000001) c.nop
core   0: 3 0x80008690 (0x0001)
core   0: 0x80008692 (0x0043f1b3) and     gp, t2, tp
core   0: 3 0x80008692 (0x0043f1b3) x3  0x00000000
core   0: 0x80008696 (0x0000177d) c.addi  a4, -1
core   0: 3 0x80008696 (0x177d) x14 0x20353fff
core   0: 0x80008698 (0x000061f1) c.lui   gp, 0x1c
core   0: 3 0x80008698 (0x61f1) x3  0x0001c000
core   0: 0x8000869a (0x0333c7b3) div     a5, t2, s3
core   0: 3 0x8000869a (0x0333c7b3) x15 0x00000000
core   0: 0x8000869e (0x00008d8d) c.sub   a1, a1
core   0: 3 0x8000869e (0x8d8d) x11 0x00000000
core   0: 0x800086a0 (0x0ff0000f) fence   iorw,iorw
core   0: 3 0x800086a0 (0x0ff0000f)
core   0: 0x800086a4 (0x02774c63) blt     a4, t2, pc + 56
core   0: 3 0x800086a4 (0x02774c63)
core   0: 0x800086a8 (0x3260bdb7) lui     s11, 0x3260b
core   0: 3 0x800086a8 (0x3260bdb7) x27 0x3260b000
core   0: 0x800086ac (0x01019cb3) sll     s9, gp, a6
core   0: 3 0x800086ac (0x01019cb3) x25 0x00000000
core   0: 0x800086b0 (0x5d418e93) addi    t4, gp, 1492
core   0: 3 0x800086b0 (0x5d418e93) x29 0x0001c5d4
core   0: 0x800086b4 (0x01ebf333) and     t1, s7, t5
core   0: 3 0x800086b4 (0x01ebf333) x6  0x80021c04
core   0: 0x800086b8 (0x003fcab3) xor     s5, t6, gp
core   0: 3 0x800086b8 (0x003fcab3) x21 0x7c3ad610
core   0: 0x800086bc (0x169c8e97) auipc   t4, 0x169c8
core   0: 3 0x800086bc (0x169c8e97) x29 0x969d06bc
core   0: 0x800086c0 (0x00008fd9) c.or    a5, a4
core   0: 3 0x800086c0 (0x8fd9) x15 0x20353fff
core   0: 0x800086c2 (0x0114c433) xor     s0, s1, a7
core   0: 3 0x800086c2 (0x0114c433) x8  0x00002c01
core   0: 0x800086c6 (0x01dbd933) srl     s2, s7, t4
core   0: 3 0x800086c6 (0x01dbd933) x18 0x00000008
core   0: 0x800086ca (0x011c8c63) beq     s9, a7, pc + 24
core   0: 3 0x800086ca (0x011c8c63)
core   0: 0x800086ce (0x01abc7b3) xor     a5, s7, s10
core   0: 3 0x800086ce (0x01abc7b3) x15 0x80025e0c
core   0: 0x800086d2 (0x00000001) c.nop
core   0: 3 0x800086d2 (0x0001)
core   0: 0x800086d4 (0x0000c785) c.beqz  a5, pc + 40
core   0: 3 0x800086d4 (0xc785)
core   0: 0x800086d6 (0x340fdff3) csrrwi  t6, mscratch, 31
core   0: 3 0x800086d6 (0x340fdff3) x31 0x00000015 c832_mscratch 0x0000001f
core   0: 0x800086da (0x00000f84) c.addi4spn s1, sp, 976
core   0: 3 0x800086da (0x0f84) x9  0x000003d0
core   0: 0x800086dc (0x34005e73) csrrwi  t3, mscratch, 0
core   0: 3 0x800086dc (0x34005e73) x28 0x0000001f c832_mscratch 0x00000000
core   0: 0x800086e0 (0x00000001) c.nop
core   0: 3 0x800086e0 (0x0001)
core   0: 0x800086e2 (0x000009d2) c.slli  s3, 20
core   0: 3 0x800086e2 (0x09d2) x19 0xc8000000
core   0: 0x800086e4 (0x00001d88) c.addi4spn a0, sp, 752
core   0: 3 0x800086e4 (0x1d88) x10 0x000002f0
core   0: 0x800086e6 (0xd6637413) andi    s0, t1, -666
core   0: 3 0x800086e6 (0xd6637413) x8  0x80021c04
core   0: 0x800086ea (0x0246c3b3) div     t2, a3, tp
core   0: 3 0x800086ea (0x0246c3b3) x7  0xffffffff
core   0: 0x800086ee (0x3b7dc913) xori    s2, s11, 951
core   0: 3 0x800086ee (0x3b7dc913) x18 0x3260b3b7
core   0: 0x800086f2 (0x340e54f3) csrrwi  s1, mscratch, 28
core   0: 3 0x800086f2 (0x340e54f3) x9  0x00000000 c832_mscratch 0x0000001c
core   0: 0x800086f6 (0x0300cd63) blt     ra, a6, pc + 58
core   0: 3 0x800086f6 (0x0300cd63)
core   0: 0x800086fa (0x000003b2) c.slli  t2, 12
core   0: 3 0x800086fa (0x03b2) x7  0xfffff000
core   0: 0x800086fc (0x0122e733) or      a4, t0, s2
core   0: 3 0x800086fc (0x0122e733) x14 0xf77dbbbf
core   0: 0x80008700 (0x03f0f6b3) remu    a3, ra, t6
core   0: 3 0x80008700 (0x03f0f6b3) x13 0x00000012
core   0: 0x80008704 (0x412cd8b3) sra     a7, s9, s2
core   0: 3 0x80008704 (0x412cd8b3) x17 0x00000000
core   0: 0x80008708 (0x0064cb63) blt     s1, t1, pc + 22
core   0: 3 0x80008708 (0x0064cb63)
core   0: 0x8000870c (0x00000771) c.addi  a4, 28
core   0: 3 0x8000870c (0x0771) x14 0xf77dbbdb
core   0: 0x8000870e (0x026477b3) remu    a5, s0, t1
core   0: 3 0x8000870e (0x026477b3) x15 0x00000000
core   0: 0x80008712 (0x0339bdb3) mulhu   s11, s3, s3
core   0: 3 0x80008712 (0x0339bdb3) x27 0x9c400000
core   0: 0x80008716 (0x00009b26) c.add   s6, s1
core   0: 3 0x80008716 (0x9b26) x22 0x00000000
core   0: 0x80008718 (0x00008ce5) c.and   s1, s1
core   0: 3 0x80008718 (0x8ce5) x9  0x00000000
core   0: 0x8000871a (0x340037f3) csrrc   a5, mscratch, zero
core   0: 3 0x8000871a (0x340037f3) x15 0x0000001c
core   0: 0x8000871e (0x00000acd) c.addi  s5, 19
core   0: 3 0x8000871e (0x0acd) x21 0x7c3ad623
core   0: 0x80008720 (0xed9c7113) andi    sp, s8, -295
core   0: 3 0x80008720 (0xed9c7113) x2  0x20354000
core   0: 0x80008724 (0x02cab0b3) mulhu   ra, s5, a2
core   0: 3 0x80008724 (0x02cab0b3) x1  0x001f0eb5
core   0: 0x80008728 (0x3400b5f3) csrrc   a1, mscratch, ra
core   0: 3 0x80008728 (0x3400b5f3) x11 0x0000001c c832_mscratch 0x00000008
core   0: 0x8000872c (0x02392433) mulhsu  s0, s2, gp
core   0: 3 0x8000872c (0x02392433) x8  0x00005829
core   0: 0x80008730 (0x0000100f) fence.i
core   0: 3 0x80008730 (0x0000100f)
core   0: 0x80008734 (0x00008485) c.srai  s1, 1
core   0: 3 0x80008734 (0x8485) x9  0x00000000
core   0: 0x80008736 (0x005af633) and     a2, s5, t0
core   0: 3 0x80008736 (0x005af633) x12 0x74388202
core   0: 0x8000873a (0x00721263) bne     tp, t2, pc + 4
core   0: 3 0x8000873a (0x00721263)
core   0: 0x8000873e (0x000095ba) c.add   a1, a4
core   0: 3 0x8000873e (0x95ba) x11 0xf77dbbf7
core   0: 0x80008740 (0x0000ef89) c.bnez  a5, pc + 26
core   0: 3 0x80008740 (0xef89)
core   0: 0x8000875a (0x000007ce) c.slli  a5, 19
core   0: 3 0x8000875a (0x07ce) x15 0x00e00000
core   0: 0x8000875c (0x0ff0000f) fence   iorw,iorw
core   0: 3 0x8000875c (0x0ff0000f)
core   0: 0x80008760 (0x03897d63) bgeu    s2, s8, pc + 58
core   0: 3 0x80008760 (0x03897d63)
core   0: 0x8000879a (0x34007c73) csrrci  s8, mscratch, 0
core   0: 3 0x8000879a (0x34007c73) x24 0x00000008
core   0: 0x8000879e (0xcba97593) andi    a1, s2, -838
core   0: 3 0x8000879e (0xcba97593) x11 0x3260b0b2
core   0: 0x800087a2 (0x0ff0df63) bge     ra, t6, pc + 254
core   0: 3 0x800087a2 (0x0ff0df63)
core   0: 0x800088a0 (0x2a126193) ori     gp, tp, 673
core   0: 3 0x800088a0 (0x2a126193) x3  0x000002a1
core   0: 0x800088a4 (0x2df62a93) slti    s5, a2, 735
core   0: 3 0x800088a4 (0x2df62a93) x21 0x00000000
core   0: 0x800088a8 (0x00000001) c.nop
core   0: 3 0x800088a8 (0x0001)
core   0: 0x800088aa (0xc3a47d93) andi    s11, s0, -966
core   0: 3 0x800088aa (0xc3a47d93) x27 0x00005828
core   0: 0x800088ae (0x004ba783) lw      a5, 4(s7)
core   0: 3 0x800088ae (0x004ba783) x15 0x80008994 mem 0x80025e10
core   0: 0x800088b2 (0x00008dc2) c.mv    s11, a6
core   0: 3 0x800088b2 (0x8dc2) x27 0x00000c75
core   0: 0x800088b4 (0x403180b3) sub     ra, gp, gp
core   0: 3 0x800088b4 (0x403180b3) x1  0x00000000
core   0: 0x800088b8 (0x034b8b93) addi    s7, s7, 52
core   0: 3 0x800088b8 (0x034b8b93) x23 0x80025e40
core   0: 0x800088bc (0x02911cb3) mulh    s9, sp, s1
core   0: 3 0x800088bc (0x02911cb3) x25 0x00000000
core   0: 0x800088c0 (0x015d8833) add     a6, s11, s5
core   0: 3 0x800088c0 (0x015d8833) x16 0x00000c75
core   0: 0x800088c4 (0x00008f55) c.or    a4, a3
core   0: 3 0x800088c4 (0x8f55) x14 0xf77dbbdb
core   0: 0x800088c6 (0x00078593) mv      a1, a5
core   0: 3 0x800088c6 (0x00078593) x11 0x80008994
core   0: 0x800088ca (0x000585e7) jalr    a1, a1, 0
core   0: 3 0x800088ca (0x000585e7) x11 0x800088ce
core   0: 0x80008994 (0x010363b3) or      t2, t1, a6
core   0: 3 0x80008994 (0x010363b3) x7  0x80021c75
core   0: 0x80008998 (0x02056333) rem     t1, a0, zero
core   0: 3 0x80008998 (0x02056333) x6  0x000002f0
core   0: 0x8000899c (0x0000100f) fence.i
core   0: 3 0x8000899c (0x0000100f)
core   0: 0x800089a0 (0x03a950b3) divu    ra, s2, s10
core   0: 3 0x800089a0 (0x03a950b3) x1  0xffffffff
core   0: 0x800089a4 (0xde72fe93) andi    t4, t0, -537
core   0: 3 0x800089a4 (0xde72fe93) x29 0xf57d8802
core   0: 0x800089a8 (0x01e9c463) blt     s3, t5, pc + 8
core   0: 3 0x800089a8 (0x01e9c463)
core   0: 0x800089ac (0x0000100f) fence.i
core   0: 3 0x800089ac (0x0000100f)
core   0: 0x800089b0 (0x7c2017ef) jal     a5, pc + 0x17c2
core   0: 3 0x800089b0 (0x7c2017ef) x15 0x800089b4
core   0: 0x8000a172 (0x0000100f) fence.i
core   0: 3 0x8000a172 (0x0000100f)
core   0: 0x8000a176 (0xc098bb13) sltiu   s6, a7, -1015
core   0: 3 0x8000a176 (0xc098bb13) x22 0x00000001
core   0: 0x8000a17a (0x00001ba1) c.addi  s7, -24
core   0: 3 0x8000a17a (0x1ba1) x23 0x80025e28
core   0: 0x8000a17c (0x00006139) c.addi16sp sp, 448
core   0: 3 0x8000a17c (0x6139) x2  0x203541c0
core   0: 0x8000a17e (0x00fba223) sw      a5, 4(s7)
core   0: 3 0x8000a17e (0x00fba223) mem 0x80025e2c 0x800089b4
core   0: 0x8000a182 (0xea054813) xori    a6, a0, -352
core   0: 3 0x8000a182 (0xea054813) x16 0xfffffc50
core   0: 0x8000a186 (0x0000e817) auipc   a6, 0xe
core   0: 3 0x8000a186 (0x0000e817) x16 0x80018186
core   0: 0x8000a18a (0xe0d80813) addi    a6, a6, -499
core   0: 3 0x8000a18a (0xe0d80813) x16 0x80017f93
core   0: 0x8000a18e (0xfd982503) lw      a0, -39(a6)
core   0: 3 0x8000a18e (0xfd982503) x10 0x24252627 mem 0x80017f6c
core   0: 0x8000a192 (0x03181483) lh      s1, 49(a6)
core   0: 3 0x8000a192 (0x03181483) x9  0x00007e7f mem 0x80017fc4
core   0: 0x8000a196 (0x00584883) lbu     a7, 5(a6)
core   0: 3 0x8000a196 (0x00584883) x17 0x00000053 mem 0x80017f98
core   0: 0x8000a19a (0x028a83b3) mul     t2, s5, s0
core   0: 3 0x8000a19a (0x028a83b3) x7  0x00000000
core   0: 0x8000a19e (0x02b81103) lh      sp, 43(a6)
core   0: 3 0x8000a19e (0x02b81103) x2  0x00007475 mem 0x80017fbe
core   0: 0x8000a1a2 (0xfcf84b03) lbu     s6, -49(a6)
core   0: 3 0x8000a1a2 (0xfcf84b03) x22 0x00000019 mem 0x80017f62
core   0: 0x8000a1a6 (0x0000100f) fence.i
core   0: 3 0x8000a1a6 (0x0000100f)
core   0: 0x8000a1aa (0xfd985983) lhu     s3, -39(a6)
core   0: 3 0x8000a1aa (0xfd985983) x19 0x00002627 mem 0x80017f6c
core   0: 0x8000a1ae (0x03a93cb3) mulhu   s9, s2, s10
core   0: 3 0x8000a1ae (0x03a93cb3) x25 0x00000000
core   0: 0x8000a1b2 (0xfe280e03) lb      t3, -30(a6)
core   0: 3 0x8000a1b2 (0xfe280e03) x28 0x0000002e mem 0x80017f75
core   0: 0x8000a1b6 (0xfed81583) lh      a1, -19(a6)
core   0: 3 0x8000a1b6 (0xfed81583) x11 0x00003a3b mem 0x80017f80
core   0: 0x8000a1ba (0x035fa533) mulhsu  a0, t6, s5
core   0: 3 0x8000a1ba (0x035fa533) x10 0x00000000
core   0: 0x8000a1be (0x01c80d23) sb      t3, 26(a6)
core   0: 3 0x8000a1be (0x01c80d23) mem 0x80017fad 0x2e
core   0: 0x8000a1c2 (0x03582e83) lw      t4, 53(a6)
core   0: 3 0x8000a1c2 (0x03582e83) x29 0x80818283 mem 0x80017fc8
core   0: 0x8000a1c6 (0x402a8933) sub     s2, s5, sp
core   0: 3 0x8000a1c6 (0x402a8933) x18 0xffff8b8b
core   0: 0x8000a1ca (0x891bfa93) andi    s5, s7, -1903
core   0: 3 0x8000a1ca (0x891bfa93) x21 0x80025800
core   0: 0x8000a1ce (0x00008d29) c.xor   a0, a0
core   0: 3 0x8000a1ce (0x8d29) x10 0x00000000
core   0: 0x8000a1d0 (0x40b1d9b3) sra     s3, gp, a1
core   0: 3 0x8000a1d0 (0x40b1d9b3) x19 0x00000000
core   0: 0x8000a1d4 (0xfcb84583) lbu     a1, -53(a6)
core   0: 3 0x8000a1d4 (0xfcb84583) x11 0x00000015 mem 0x80017f5e
core   0: 0x8000a1d8 (0x03985983) lhu     s3, 57(a6)
core   0: 3 0x8000a1d8 (0x03985983) x19 0x00008687 mem 0x80017fcc
core   0: 0x8000a1dc (0x01d802a3) sb      t4, 5(a6)
core   0: 3 0x8000a1dc (0x01d802a3) mem 0x80017f98 0x83
core   0: 0x8000a1e0 (0x03280a03) lb      s4, 50(a6)
core   0: 3 0x8000a1e0 (0x03280a03) x20 0x0000007e mem 0x80017fc5
core   0: 0x8000a1e4 (0x00008ed9) c.or    a3, a4
core   0: 3 0x8000a1e4 (0x8ed9) x13 0xf77dbbdb
core   0: 0x8000a1e6 (0x00b85a03) lhu     s4, 11(a6)
core   0: 3 0x8000a1e6 (0x00b85a03) x20 0x00005455 mem 0x80017f9e
core   0: 0x8000a1ea (0x000000ea) c.slli  ra, 26
core   0: 3 0x8000a1ea (0x00ea) x1  0xfc000000
core   0: 0x8000a1ec (0x0000100f) fence.i
core   0: 3 0x8000a1ec (0x0000100f)
core   0: 0x8000a1f0 (0x01180723) sb      a7, 14(a6)
core   0: 3 0x8000a1f0 (0x01180723) mem 0x80017fa1 0x53
core   0: 0x8000a1f4 (0x00684483) lbu     s1, 6(a6)
core   0: 3 0x8000a1f4 (0x00684483) x9  0x00000052 mem 0x80017f99
core   0: 0x8000a1f8 (0xfc380223) sb      gp, -60(a6)
core   0: 3 0x8000a1f8 (0xfc380223) mem 0x80017f57 0xa1
core   0: 0x8000a1fc (0x0329c3b3) div     t2, s3, s2
core   0: 3 0x8000a1fc (0x0329c3b3) x7  0xffffffff
core   0: 0x8000a200 (0xff284203) lbu     tp, -14(a6)
core   0: 3 0x8000a200 (0xff284203) x4  0x0000003e mem 0x80017f85
core   0: 0x8000a204 (0x3404eff3) csrrsi  t6, mscratch, 9
core   0: 3 0x8000a204 (0x3404eff3) x31 0x00000008 c832_mscratch 0x00000009
core   0: 0x8000a208 (0xfdc805a3) sb      t3, -53(a6)
core   0: 3 0x8000a208 (0xfdc805a3) mem 0x80017f5e 0x2e
core   0: 0x8000a20c (0x00008db9) c.xor   a1, a4
core   0: 3 0x8000a20c (0x8db9) x11 0xf77dbbce
core   0: 0x8000a20e (0xfe980e83) lb      t4, -23(a6)
core   0: 3 0x8000a20e (0xfe980e83) x29 0x00000037 mem 0x80017f7c
core   0: 0x8000a212 (0x00228733) add     a4, t0, sp
core   0: 3 0x8000a212 (0x00228733) x14 0xf57dfe7f
core   0: 0x8000a216 (0x00008c61) c.and   s0, s0
core   0: 3 0x8000a216 (0x8c61) x8  0x00005829
core   0: 0x8000a218 (0x415c8b33) sub     s6, s9, s5
core   0: 3 0x8000a218 (0x415c8b33) x22 0x7ffda800
core   0: 0x8000a21c (0x008824a3) sw      s0, 9(a6)
core   0: 3 0x8000a21c (0x008824a3) mem 0x80017f9c 0x00005829
core   0: 0x8000a220 (0xfde84583) lbu     a1, -34(a6)
core   0: 3 0x8000a220 (0xfde84583) x11 0x0000002a mem 0x80017f71
core   0: 0x8000a224 (0x40860db3) sub     s11, a2, s0
core   0: 3 0x8000a224 (0x40860db3) x27 0x743829d9
core   0: 0x8000a228 (0x03a84783) lbu     a5, 58(a6)
core   0: 3 0x8000a228 (0x03a84783) x15 0x00000086 mem 0x80017fcd
core   0: 0x8000a22c (0x0000100f) fence.i
core   0: 3 0x8000a22c (0x0000100f)
core   0: 0x8000a230 (0x01bf1133) sll     sp, t5, s11
core   0: 3 0x8000a230 (0x01bf1133) x2  0x48000000
core   0: 0x8000a234 (0x03084903) lbu     s2, 48(a6)
core   0: 3 0x8000a234 (0x03084903) x18 0x00000078 mem 0x80017fc3
core   0: 0x8000a238 (0x03aa4cb3) div     s9, s4, s10
core   0: 3 0x8000a238 (0x03aa4cb3) x25 0xffffffff
core   0: 0x8000a23c (0x00008625) c.srai  a2, 9
core   0: 3 0x8000a23c (0x8625) x12 0x003a1c41
core   0: 0x8000a23e (0x00b8c733) xor     a4, a7, a1
core   0: 3 0x8000a23e (0x00b8c733) x14 0x00000079
core   0: 0x8000a242 (0x0ff0000f) fence   iorw,iorw
core   0: 3 0x8000a242 (0x0ff0000f)
core   0: 0x8000a246 (0xfd984503) lbu     a0, -39(a6)
core   0: 3 0x8000a246 (0xfd984503) x10 0x00000027 mem 0x80017f6c
core   0: 0x8000a24a (0xfd980383) lb      t2, -39(a6)
core   0: 3 0x8000a24a (0xfd980383) x7  0x00000027 mem 0x80017f6c
core   0: 0x8000a24e (0x0000fe97) auipc   t4, 0xf
core   0: 3 0x8000a24e (0x0000fe97) x29 0x8001924e
core   0: 0x8000a252 (0xbc2e8e93) addi    t4, t4, -1086
core   0: 3 0x8000a252 (0xbc2e8e93) x29 0x80018e10
core   0: 0x8000a256 (0x55bec403) lbu     s0, 1371(t4)
core   0: 3 0x8000a256 (0x55bec403) x8  0x00000020 mem 0x8001936b
core   0: 0x8000a25a (0x91ce8983) lb      s3, -1764(t4)
core   0: 3 0x8000a25a (0x91ce8983) x19 0xffffffe7 mem 0x8001872c
core   0: 0x8000a25e (0x00008c81) c.sub   s1, s0
core   0: 3 0x8000a25e (0x8c81) x9  0x00000032
core   0: 0x8000a260 (0x0000100f) fence.i
core   0: 3 0x8000a260 (0x0000100f)
core   0: 0x8000a264 (0x00008c2d) c.xor   s0, a1
core   0: 3 0x8000a264 (0x8c2d) x8  0x0000000a
core   0: 0x8000a266 (0x8bfe8683) lb      a3, -1857(t4)
core   0: 3 0x8000a266 (0x8bfe8683) x13 0xffffff84 mem 0x800186cf
core   0: 0x8000a26a (0x8cbe9e23) sh      a1, -1828(t4)
core   0: 3 0x8000a26a (0x8cbe9e23) mem 0x800186ec 0x002a
core   0: 0x8000a26e (0x2e2e9123) sh      sp, 738(t4)
core   0: 3 0x8000a26e (0x2e2e9123) mem 0x800190f2 0x0000
core   0: 0x8000a272 (0xe47ea023) sw      t2, -448(t4)
core   0: 3 0x8000a272 (0xe47ea023) mem 0x80018c50 0x00000027
core   0: 0x8000a276 (0x00008319) c.srli  a4, 6
core   0: 3 0x8000a276 (0x8319) x14 0x00000001
core   0: 0x8000a278 (0x131ec983) lbu     s3, 305(t4)
core   0: 3 0x8000a278 (0x131ec983) x19 0x000000fa mem 0x80018f41
core   0: 0x8000a27c (0x01861a13) slli    s4, a2, 24
core   0: 3 0x8000a27c (0x01861a13) x20 0x41000000
core   0: 0x8000a280 (0xb54e9a83) lh      s5, -1196(t4)
core   0: 3 0x8000a280 (0xb54e9a83) x21 0x00001e1f mem 0x80018964
core   0: 0x8000a284 (0x66dec703) lbu     a4, 1645(t4)
core   0: 3 0x8000a284 (0x66dec703) x14 0x00000036 mem 0x8001947d
core   0: 0x8000a288 (0x3d8e9823) sh      s8, 976(t4)
core   0: 3 0x8000a288 (0x3d8e9823) mem 0x800191e0 0x0008
core   0: 0x8000a28c (0x71d6f993) andi    s3, a3, 1821
core   0: 3 0x8000a28c (0x71d6f993) x19 0x00000704
core   0: 0x8000a290 (0x012a5513) srli    a0, s4, 18
core   0: 3 0x8000a290 (0x012a5513) x10 0x00001040
core   0: 0x8000a294 (0xc2be8b23) sb      a1, -970(t4)
core   0: 3 0x8000a294 (0xc2be8b23) mem 0x80018a46 0x2a
core   0: 0x8000a298 (0xe84ede03) lhu     t3, -380(t4)
core   0: 3 0x8000a298 (0xe84ede03) x28 0x00004e4f mem 0x80018c94
core   0: 0x8000a29c (0xd53e83a3) sb      s3, -697(t4)
core   0: 3 0x8000a29c (0xd53e83a3) mem 0x80018b57 0x04
core   0: 0x8000a2a0 (0xde8e9383) lh      t2, -536(t4)
core   0: 3 0x8000a2a0 (0xde8e9383) x7  0xffffb2b3 mem 0x80018bf8
core   0: 0x8000a2a4 (0x01ee8c03) lb      s8, 30(t4)
core   0: 3 0x8000a2a4 (0x01ee8c03) x24 0xffffffe5 mem 0x80018e2e
core   0: 0x8000a2a8 (0x8c2e8923) sb      sp, -1838(t4)
core   0: 3 0x8000a2a8 (0x8c2e8923) mem 0x800186e2 0x00
core   0: 0x8000a2ac (0x889ecd03) lbu     s10, -1911(t4)
core   0: 3 0x8000a2ac (0x889ecd03) x26 0x00000052 mem 0x80018699
core   0: 0x8000a2b0 (0x62ae9083) lh      ra, 1578(t4)
core   0: 3 0x8000a2b0 (0x62ae9083) x1  0xfffff0f1 mem 0x8001943a
core   0: 0x8000a2b4 (0x565ec383) lbu     t2, 1381(t4)
core   0: 3 0x8000a2b4 (0x565ec383) x7  0x0000002e mem 0x80019375
core   0: 0x8000a2b8 (0x83454793) xori    a5, a0, -1996
core   0: 3 0x8000a2b8 (0x83454793) x15 0xffffe874
core   0: 0x8000a2bc (0x667f2613) slti    a2, t5, 1639
core   0: 3 0x8000a2bc (0x667f2613) x12 0x00000001
core   0: 0x8000a2c0 (0x18ae9c03) lh      s8, 394(t4)
core   0: 3 0x8000a2c0 (0x18ae9c03) x24 0x00005051 mem 0x80018f9a
core   0: 0x8000a2c4 (0xc50e8123) sb      a6, -958(t4)
core   0: 3 0x8000a2c4 (0xc50e8123) mem 0x80018a52 0x93
core   0: 0x8000a2c8 (0x034786b3) mul     a3, a5, s4
core   0: 3 0x8000a2c8 (0x034786b3) x13 0x74000000
core   0: 0x8000a2cc (0xdf3ec683) lbu     a3, -525(t4)
core   0: 3 0x8000a2cc (0xdf3ec683) x13 0x000000b8 mem 0x80018c03
core   0: 0x8000a2d0 (0xdf1e8883) lb      a7, -527(t4)
core   0: 3 0x8000a2d0 (0xdf1e8883) x17 0xffffffba mem 0x80018c01
core   0: 0x8000a2d4 (0x684edb03) lhu     s6, 1668(t4)
core   0: 3 0x8000a2d4 (0x684edb03) x22 0x00004e4f mem 0x80019494
core   0: 0x8000a2d8 (0x323e8a23) sb      gp, 820(t4)
core   0: 3 0x8000a2d8 (0x323e8a23) mem 0x80019144 0xa1
core   0: 0x8000a2dc (0x000069c1) c.lui   s3, 0x10
core   0: 3 0x8000a2dc (0x69c1) x19 0x00010000
core   0: 0x8000a2de (0x00006c59) c.lui   s8, 0x16
core   0: 3 0x8000a2de (0x6c59) x24 0x00016000
core   0: 0x8000a2e0 (0x33fe8d03) lb      s10, 831(t4)
core   0: 3 0x8000a2e0 (0x33fe8d03) x26 0x00000004 mem 0x8001914f
core   0: 0x8000a2e4 (0x3cdecd03) lbu     s10, 973(t4)
core   0: 3 0x8000a2e4 (0x3cdecd03) x26 0x00000096 mem 0x800191dd
core   0: 0x8000a2e8 (0x385e8c03) lb      s8, 901(t4)
core   0: 3 0x8000a2e8 (0x385e8c03) x24 0x0000004e mem 0x80019195
core   0: 0x8000a2ec (0x340b1573) csrrw   a0, mscratch, s6
core   0: 3 0x8000a2ec (0x340b1573) x10 0x00000009 c832_mscratch 0x00004e4f
core   0: 0x8000a2f0 (0x15aeca03) lbu     s4, 346(t4)
core   0: 3 0x8000a2f0 (0x15aeca03) x20 0x00000021 mem 0x80018f6a
core   0: 0x8000a2f4 (0x0000e117) auipc   sp, 0xe
core   0: 3 0x8000a2f4 (0x0000e117) x2  0x800182f4
core   0: 0x8000a2f8 (0x13b10113) addi    sp, sp, 315
core   0: 3 0x8000a2f8 (0x13b10113) x2  0x8001842f
core   0: 0x8000a2fc (0x7ab10e23) sb      a1, 1980(sp)
core   0: 3 0x8000a2fc (0x7ab10e23) mem 0x80018beb 0x2a
core   0: 0x8000a300 (0x98814883) lbu     a7, -1656(sp)
core   0: 3 0x8000a300 (0x98814883) x17 0x0000006c mem 0x80017db7
core   0: 0x8000a304 (0x0000893d) c.andi  a0, 15
core   0: 3 0x8000a304 (0x893d) x10 0x00000009
core   0: 0x8000a306 (0x014877b3) and     a5, a6, s4
core   0: 3 0x8000a306 (0x014877b3) x15 0x00000001
core   0: 0x8000a30a (0xf6010303) lb      t1, -160(sp)
core   0: 3 0x8000a30a (0xf6010303) x6  0x00000044 mem 0x8001838f
core   0: 0x8000a30e (0x419dd793) srai    a5, s11, 25
core   0: 3 0x8000a30e (0x419dd793) x15 0x0000003a
core   0: 0x8000a312 (0x00008d91) c.sub   a1, a2
core   0: 3 0x8000a312 (0x8d91) x11 0x00000029
core   0: 0x8000a314 (0xc881e9b7) lui     s3, 0xc881e
core   0: 3 0x8000a314 (0xc881e9b7) x19 0xc881e000
core   0: 0x8000a318 (0x026de0b3) rem     ra, s11, t1
core   0: 3 0x8000a318 (0x026de0b3) x1  0x00000005
core   0: 0x8000a31c (0xb9a14903) lbu     s2, -1126(sp)
core   0: 3 0x8000a31c (0xb9a14903) x18 0x00000082 mem 0x80017fc9
core   0: 0x8000a320 (0x0175e233) or      tp, a1, s7
core   0: 3 0x8000a320 (0x0175e233) x4  0x80025e29
core   0: 0x8000a324 (0x01771a93) slli    s5, a4, 23
core   0: 3 0x8000a324 (0x01771a93) x21 0x1b000000
core   0: 0x8000a328 (0x01e14003) lbu     zero, 30(sp)
core   0: 3 0x8000a328 (0x01e14003) mem 0x8001844d
core   0: 0x8000a32c (0xfc696c13) ori     s8, s2, -58
core   0: 3 0x8000a32c (0xfc696c13) x24 0xffffffc6
core   0: 0x8000a330 (0x38e36c13) ori     s8, t1, 910
core   0: 3 0x8000a330 (0x38e36c13) x24 0x000003ce
core   0: 0x8000a334 (0x20210e83) lb      t4, 514(sp)
core   0: 3 0x8000a334 (0x20210e83) x29 0xffffffea mem 0x80018631
core   0: 0x8000a338 (0x0117a533) slt     a0, a5, a7
core   0: 3 0x8000a338 (0x0117a533) x10 0x00000001
core   0: 0x8000a33c (0x43d17337) lui     t1, 0x43d17
core   0: 3 0x8000a33c (0x43d17337) x6  0x43d17000
core   0: 0x8000a340 (0x0000100f) fence.i
core   0: 3 0x8000a340 (0x0000100f)
core   0: 0x8000a344 (0xd8a14f83) lbu     t6, -630(sp)
core   0: 3 0x8000a344 (0xd8a14f83) x31 0x00000072 mem 0x800181b9
core   0: 0x8000a348 (0xc9715c03) lhu     s8, -873(sp)
core   0: 3 0x8000a348 (0xc9715c03) x24 0x00007c7d mem 0x800180c6
core   0: 0x8000a34c (0x02070fb3) mul     t6, a4, zero
core   0: 3 0x8000a34c (0x02070fb3) x31 0x00000000
core   0: 0x8000a350 (0xd3b10183) lb      gp, -709(sp)
core   0: 3 0x8000a350 (0xd3b10183) x3  0x00000021 mem 0x8001816a
core   0: 0x8000a354 (0x95010e83) lb      t4, -1712(sp)
core   0: 3 0x8000a354 (0x95010e83) x29 0x00000034 mem 0x80017d7f
core   0: 0x8000a358 (0x00007117) auipc   sp, 0x7
core   0: 3 0x8000a358 (0x00007117) x2  0x80011358
core   0: 0x8000a35c (0x8eb10113) addi    sp, sp, -1813
core   0: 3 0x8000a35c (0x8eb10113) x2  0x80010c43
core   0: 0x8000a360 (0xff610fa3) sb      s6, -1(sp)
core   0: 3 0x8000a360 (0xff610fa3) mem 0x80010c42 0x4f
core   0: 0x8000a364 (0x008120a3) sw      s0, 1(sp)
core   0: 3 0x8000a364 (0x008120a3) mem 0x80010c44 0x0000000a
core   0: 0x8000a368 (0xfeb119a3) sh      a1, -13(sp)
core   0: 3 0x8000a368 (0xfeb119a3) mem 0x80010c36 0x0029
core   0: 0x8000a36c (0x00c10d03) lb      s10, 12(sp)
core   0: 3 0x8000a36c (0x00c10d03) x26 0x00000004 mem 0x80010c4f
core   0: 0x8000a370 (0x03c7beb3) mulhu   t4, a5, t3
core   0: 3 0x8000a370 (0x03c7beb3) x29 0x00000000
core   0: 0x8000a374 (0x00009336) c.add   t1, a3
core   0: 3 0x8000a374 (0x9336) x6  0x43d170b8
core   0: 0x8000a376 (0x00014483) lbu     s1, 0(sp)
core   0: 3 0x8000a376 (0x00014483) x9  0x000000f8 mem 0x80010c43
core   0: 0x8000a37a (0xfe011ea3) sh      zero, -3(sp)
core   0: 3 0x8000a37a (0xfe011ea3) mem 0x80010c40 0x0000
core   0: 0x8000a37e (0xff010703) lb      a4, -16(sp)
core   0: 3 0x8000a37e (0xff010703) x14 0xffffffe8 mem 0x80010c33
core   0: 0x8000a382 (0xfef10d23) sb      a5, -6(sp)
core   0: 3 0x8000a382 (0xfef10d23) mem 0x80010c3d 0x3a
core   0: 0x8000a386 (0x00b112a3) sh      a1, 5(sp)
core   0: 3 0x8000a386 (0x00b112a3) mem 0x80010c48 0x0029
core   0: 0x8000a38a (0xffd12883) lw      a7, -3(sp)
core   0: 3 0x8000a38a (0xffd12883) x17 0xf84f0000 mem 0x80010c40
core   0: 0x8000a38e (0x000091ee) c.add   gp, s11
core   0: 3 0x8000a38e (0x91ee) x3  0x743829fa
core   0: 0x8000a390 (0x6dab3ab7) lui     s5, 0x6dab3
core   0: 3 0x8000a390 (0x6dab3ab7) x21 0x6dab3000
core   0: 0x8000a394 (0x01ac1fb3) sll     t6, s8, s10
core   0: 3 0x8000a394 (0x01ac1fb3) x31 0x0007c7d0
core   0: 0x8000a398 (0xff310923) sb      s3, -14(sp)
core   0: 3 0x8000a398 (0xff310923) mem 0x80010c35 0x00
core   0: 0x8000a39c (0x01b05b33) srl     s6, zero, s11
core   0: 3 0x8000a39c (0x01b05b33) x22 0x00000000
core   0: 0x8000a3a0 (0x01014703) lbu     a4, 16(sp)
core   0: 3 0x8000a3a0 (0x01014703) x14 0x00000008 mem 0x80010c53
core   0: 0x8000a3a4 (0x001103a3) sb      ra, 7(sp)
core   0: 3 0x8000a3a4 (0x001103a3) mem 0x80010c4a 0x05
core   0: 0x8000a3a8 (0xff510d03) lb      s10, -11(sp)
core   0: 3 0x8000a3a8 (0xff510d03) x26 0xfffffff3 mem 0x80010c38
core   0: 0x8000a3ac (0x34006a73) csrrsi  s4, mscratch, 0
core   0: 3 0x8000a3ac (0x34006a73) x20 0x00004e4f
core   0: 0x8000a3b0 (0x008b14b3) sll     s1, s6, s0
core   0: 3 0x8000a3b0 (0x008b14b3) x9  0x00000000
core   0: 0x8000a3b4 (0xff115183) lhu     gp, -15(sp)
core   0: 3 0x8000a3b4 (0xff115183) x3  0x000000ef mem 0x80010c34
core   0: 0x8000a3b8 (0xffb10c03) lb      s8, -5(sp)
core   0: 3 0x8000a3b8 (0xffb10c03) x24 0xfffffff5 mem 0x80010c3e
core   0: 0x8000a3bc (0xff814c83) lbu     s9, -8(sp)
core   0: 3 0x8000a3bc (0xff814c83) x25 0x000000f0 mem 0x80010c3b
core   0: 0x8000a3c0 (0x01110723) sb      a7, 14(sp)
core   0: 3 0x8000a3c0 (0x01110723) mem 0x80010c51 0x00
core   0: 0x8000a3c4 (0x004c8b33) add     s6, s9, tp
core   0: 3 0x8000a3c4 (0x004c8b33) x22 0x80025f19
core   0: 0x8000a3c8 (0x00008e21) c.xor   a2, s0
core   0: 3 0x8000a3c8 (0x8e21) x12 0x0000000b
core   0: 0x8000a3ca (0x34006d73) csrrsi  s10, mscratch, 0
core   0: 3 0x8000a3ca (0x34006d73) x26 0x00004e4f
core   0: 0x8000a3ce (0xfe210d23) sb      sp, -6(sp)
core   0: 3 0x8000a3ce (0xfe210d23) mem 0x80010c3d 0x43
core   0: 0x8000a3d2 (0x41e65eb3) sra     t4, a2, t5
core   0: 3 0x8000a3d2 (0x41e65eb3) x29 0x00000000
core   0: 0x8000a3d6 (0x02ec4ab3) div     s5, s8, a4
core   0: 3 0x8000a3d6 (0x02ec4ab3) x21 0xffffffff
core   0: 0x8000a3da (0x00112e03) lw      t3, 1(sp)
core   0: 3 0x8000a3da (0x00112e03) x28 0x0000000a mem 0x80010c44
core   0: 0x8000a3de (0xfff10d03) lb      s10, -1(sp)
core   0: 3 0x8000a3de (0xfff10d03) x26 0x0000004f mem 0x80010c42
core   0: 0x8000a3e2 (0xffa10f83) lb      t6, -6(sp)
core   0: 3 0x8000a3e2 (0xffa10f83) x31 0x00000043 mem 0x80010c3d
core   0: 0x8000a3e6 (0x00510023) sb      t0, 0(sp)
core   0: 3 0x8000a3e6 (0x00510023) mem 0x80010c43 0x0a
core   0: 0x8000a3ea (0x00007a97) auipc   s5, 0x7
core   0: 3 0x8000a3ea (0x00007a97) x21 0x800113ea
core   0: 0x8000a3ee (0xb1fa8a93) addi    s5, s5, -1249
core   0: 3 0x8000a3ee (0xb1fa8a93) x21 0x80010f09
core   0: 0x8000a3f2 (0x00faac03) lw      s8, 15(s5)
core   0: 3 0x8000a3f2 (0x00faac03) x24 0x00000000 mem 0x80010f18
core   0: 0x8000a3f6 (0xfffa8ca3) sb      t6, -7(s5)
core   0: 3 0x8000a3f6 (0xfffa8ca3) mem 0x80010f02 0x43
core   0: 0x8000a3fa (0x000a8f83) lb      t6, 0(s5)
core   0: 3 0x8000a3fa (0x000a8f83) x31 0xffffffc2 mem 0x80010f09
core   0: 0x8000a3fe (0xfe6a9da3) sh      t1, -5(s5)
core   0: 3 0x8000a3fe (0xfe6a9da3) mem 0x80010f04 0x70b8
core   0: 0x8000a402 (0xfe9aaba3) sw      s1, -9(s5)
core   0: 3 0x8000a402 (0xfe9aaba3) mem 0x80010f00 0x00000000
core   0: 0x8000a406 (0x00ca8383) lb      t2, 12(s5)
core   0: 3 0x8000a406 (0x00ca8383) x7  0xffffffce mem 0x80010f15
core   0: 0x8000a40a (0xff0ac703) lbu     a4, -16(s5)
core   0: 3 0x8000a40a (0xff0ac703) x14 0x000000b2 mem 0x80010ef9
core   0: 0x8000a40e (0x00008df1) c.and   a1, a2
core   0: 3 0x8000a40e (0x8df1) x11 0x00000009
core   0: 0x8000a410 (0x003d0433) add     s0, s10, gp
core   0: 3 0x8000a410 (0x003d0433) x8  0x0000013e
core   0: 0x8000a414 (0x03064eb3) div     t4, a2, a6
core   0: 3 0x8000a414 (0x03064eb3) x29 0x00000000
core   0: 0x8000a418 (0x340f5c73) csrrwi  s8, mscratch, 30
core   0: 3 0x8000a418 (0x340f5c73) x24 0x00004e4f c832_mscratch 0x0000001e
core   0: 0x8000a41c (0x89223a13) sltiu   s4, tp, -1902
core   0: 3 0x8000a41c (0x89223a13) x20 0x00000001
core   0: 0x8000a420 (0xfefa8f23) sb      a5, -2(s5)
core   0: 3 0x8000a420 (0xfefa8f23) mem 0x80010f07 0x3a
core   0: 0x8000a424 (0x005adb03) lhu     s6, 5(s5)
core   0: 3 0x8000a424 (0x005adb03) x22 0x0000c4c5 mem 0x80010f0e
core   0: 0x8000a428 (0x3402aef3) csrrs   t4, mscratch, t0
core   0: 3 0x8000a428 (0x3402aef3) x29 0x0000001e c832_mscratch 0xf57d8a1e
core   0: 0x8000a42c (0x34015573) csrrwi  a0, mscratch, 2
core   0: 3 0x8000a42c (0x34015573) x10 0xf57d8a1e c832_mscratch 0x00000002
core   0: 0x8000a430 (0x01a365b3) or      a1, t1, s10
core   0: 3 0x8000a430 (0x01a365b3) x11 0x43d170ff
core   0: 0x8000a434 (0x02af4e33) div     t3, t5, a0
core   0: 3 0x8000a434 (0x02af4e33) x28 0x0000000c
core   0: 0x8000a438 (0x008a8903) lb      s2, 8(s5)
core   0: 3 0x8000a438 (0x008a8903) x18 0xffffffca mem 0x80010f11
core   0: 0x8000a43c (0xffaac303) lbu     t1, -6(s5)
core   0: 3 0x8000a43c (0xffaac303) x6  0x00000000 mem 0x80010f03
core   0: 0x8000a440 (0x037fc7b3) div     a5, t6, s7
core   0: 3 0x8000a440 (0x037fc7b3) x15 0x00000000
core   0: 0x8000a444 (0xff3a8003) lb      zero, -13(s5)
core   0: 3 0x8000a444 (0xff3a8003) mem 0x80010efc
core   0: 0x8000a448 (0x007a9103) lh      sp, 7(s5)
core   0: 3 0x8000a448 (0x007a9103) x2  0xffffcacb mem 0x80010f10
core   0: 0x8000a44c (0xff6a8e83) lb      t4, -10(s5)
core   0: 3 0x8000a44c (0xff6a8e83) x29 0xffffffb4 mem 0x80010eff
core   0: 0x8000a450 (0x00008ee1) c.and   a3, s0
core   0: 3 0x8000a450 (0x8ee1) x13 0x00000038
core   0: 0x8000a452 (0x6ed5fb13) andi    s6, a1, 1773
core   0: 3 0x8000a452 (0x6ed5fb13) x22 0x000000ed
core   0: 0x8000a456 (0x0335b733) mulhu   a4, a1, s3
core   0: 3 0x8000a456 (0x0335b733) x14 0x351e0828
core   0: 0x8000a45a (0x00008e3d) c.xor   a2, a5
core   0: 3 0x8000a45a (0x8e3d) x12 0x0000000b
core   0: 0x8000a45c (0x000084cd) c.srai  s1, 19
core   0: 3 0x8000a45c (0x84cd) x9  0x00000000
core   0: 0x8000a45e (0x005335b3) sltu    a1, t1, t0
core   0: 3 0x8000a45e (0x005335b3) x11 0x00000001
core   0: 0x8000a462 (0x0283b633) mulhu   a2, t2, s0
core   0: 3 0x8000a462 (0x0283b633) x12 0x0000013d
core   0: 0x8000a466 (0xff8ac203) lbu     tp, -8(s5)
core   0: 3 0x8000a466 (0xff8ac203) x4  0x00000000 mem 0x80010f01
core   0: 0x8000a46a (0xff1ac883) lbu     a7, -15(s5)
core   0: 3 0x8000a46a (0xff1ac883) x17 0x000000b1 mem 0x80010efa
core   0: 0x8000a46e (0xffaa8883) lb      a7, -6(s5)
core   0: 3 0x8000a46e (0xffaa8883) x17 0x00000000 mem 0x80010f03
core   0: 0x8000a472 (0x00da9603) lh      a2, 13(s5)
core   0: 3 0x8000a472 (0x00da9603) x12 0xffffcccd mem 0x80010f16
core   0: 0x8000a476 (0x0000d117) auipc   sp, 0xd
core   0: 3 0x8000a476 (0x0000d117) x2  0x80017476
core   0: 0x8000a47a (0x49510113) addi    sp, sp, 1173
core   0: 3 0x8000a47a (0x49510113) x2  0x8001790b
core   0: 0x8000a47e (0x00814a83) lbu     s5, 8(sp)
core   0: 3 0x8000a47e (0x00814a83) x21 0x000000c8 mem 0x80017913
core   0: 0x8000a482 (0xfe510823) sb      t0, -16(sp)
core   0: 3 0x8000a482 (0xfe510823) mem 0x800178fb 0x0a
core   0: 0x8000a486 (0x00514a83) lbu     s5, 5(sp)
core   0: 3 0x8000a486 (0x00514a83) x21 0x000000cb mem 0x80017910
core   0: 0x8000a48a (0x03f30933) mul     s2, t1, t6
core   0: 3 0x8000a48a (0x03f30933) x18 0x00000000
core   0: 0x8000a48e (0x014a1893) slli    a7, s4, 20
core   0: 3 0x8000a48e (0x014a1893) x17 0x00100000
core   0: 0x8000a492 (0x00514e83) lbu     t4, 5(sp)
core   0: 3 0x8000a492 (0x00514e83) x29 0x000000cb mem 0x80017910
core   0: 0x8000a496 (0x00439513) slli    a0, t2, 4
core   0: 3 0x8000a496 (0x00439513) x10 0xfffffce0
core   0: 0x8000a49a (0x0001d7b3) srl     a5, gp, zero
core   0: 3 0x8000a49a (0x0001d7b3) x15 0x000000ef
core   0: 0x8000a49e (0x000061f5) c.lui   gp, 0x1d
core   0: 3 0x8000a49e (0x61f5) x3  0x0001d000
core   0: 0x8000a4a0 (0xff310403) lb      s0, -13(sp)
core   0: 3 0x8000a4a0 (0xff310403) x8  0xffffffb5 mem 0x800178fe
core   0: 0x8000a4a4 (0x00008c89) c.sub   s1, a0
core   0: 3 0x8000a4a4 (0x8c89) x9  0x00000320
core   0: 0x8000a4a6 (0x031f1e33) mulh    t3, t5, a7
core   0: 3 0x8000a4a6 (0x031f1e33) x28 0xfff80029
core   0: 0x8000a4aa (0x00000095) c.addi  ra, 5
core   0: 3 0x8000a4aa (0x0095) x1  0x0000000a
core   0: 0x8000a4ac (0x027755b3) divu    a1, a4, t2
core   0: 3 0x8000a4ac (0x027755b3) x11 0x00000000
core   0: 0x8000a4b0 (0x000060b1) c.lui   ra, 0xc
core   0: 3 0x8000a4b0 (0x60b1) x1  0x0000c000
core   0: 0x8000a4b2 (0x34007073) csrci   mscratch, 0
core   0: 3 0x8000a4b2 (0x34007073)
core   0: 0x8000a4b6 (0x00e7d593) srli    a1, a5, 14
core   0: 3 0x8000a4b6 (0x00e7d593) x11 0x00000000
core   0: 0x8000a4ba (0xff711983) lh      s3, -9(sp)
core   0: 3 0x8000a4ba (0xff711983) x19 0xffffb8b9 mem 0x80017902
core   0: 0x8000a4be (0x00008f01) c.sub   a4, s0
core   0: 3 0x8000a4be (0x8f01) x14 0x351e0873
core   0: 0x8000a4c0 (0x01210023) sb      s2, 0(sp)
core   0: 3 0x8000a4c0 (0x01210023) mem 0x8001790b 0x00
core   0: 0x8000a4c4 (0x00e117a3) sh      a4, 15(sp)
core   0: 3 0x8000a4c4 (0x00e117a3) mem 0x8001791a 0x0873
core   0: 0x8000a4c8 (0x002a4b33) xor     s6, s4, sp
core   0: 3 0x8000a4c8 (0x002a4b33) x22 0x8001790a
core   0: 0x8000a4cc (0x00f10823) sb      a5, 16(sp)
core   0: 3 0x8000a4cc (0x00f10823) mem 0x8001791b 0xef
core   0: 0x8000a4d0 (0x0296ccb3) div     s9, a3, s1
core   0: 3 0x8000a4d0 (0x0296ccb3) x25 0x00000000
core   0: 0x8000a4d4 (0x41770d33) sub     s10, a4, s7
core   0: 3 0x8000a4d4 (0x41770d33) x26 0xb51baa4b
core   0: 0x8000a4d8 (0xffc14b03) lbu     s6, -4(sp)
core   0: 3 0x8000a4d8 (0xffc14b03) x22 0x000000bc mem 0x80017907
core   0: 0x8000a4dc (0xfe9119a3) sh      s1, -13(sp)
core   0: 3 0x8000a4dc (0xfe9119a3) mem 0x800178fe 0x0320
core   0: 0x8000a4e0 (0xa417ea93) ori     s5, a5, -1471
core   0: 3 0x8000a4e0 (0xa417ea93) x21 0xfffffaef
core   0: 0x8000a4e4 (0x02f9e033) rem     zero, s3, a5
core   0: 3 0x8000a4e4 (0x02f9e033)
core   0: 0x8000a4e8 (0xff010fa3) sb      a6, -1(sp)
core   0: 3 0x8000a4e8 (0xff010fa3) mem 0x8001790a 0x93
core   0: 0x8000a4ec (0x00325b33) srl     s6, tp, gp
core   0: 3 0x8000a4ec (0x00325b33) x22 0x00000000
core   0: 0x8000a4f0 (0x0000857d) c.srai  a0, 31
core   0: 3 0x8000a4f0 (0x857d) x10 0xffffffff
core   0: 0x8000a4f2 (0x00008e79) c.and   a2, a4
core   0: 3 0x8000a4f2 (0x8e79) x12 0x351e0841
core   0: 0x8000a4f4 (0x000067cd) c.lui   a5, 0x13
core   0: 3 0x8000a4f4 (0x67cd) x15 0x00013000
core   0: 0x8000a4f6 (0x011107a3) sb      a7, 15(sp)
core   0: 3 0x8000a4f6 (0x011107a3) mem 0x8001791a 0x00
core   0: 0x8000a4fa (0x00515e03) lhu     t3, 5(sp)
core   0: 3 0x8000a4fa (0x00515e03) x28 0x0000cacb mem 0x80017910
core   0: 0x8000a4fe (0x01fd49b3) xor     s3, s10, t6
core   0: 3 0x8000a4fe (0x01fd49b3) x19 0x4ae45589
core   0: 0x8000a502 (0x00000ae1) c.addi  s5, 24
core   0: 3 0x8000a502 (0x0ae1) x21 0xfffffb07
core   0: 0x8000a504 (0xffe10d03) lb      s10, -2(sp)
core   0: 3 0x8000a504 (0xffe10d03) x26 0xffffffc2 mem 0x80017909
core   0: 0x8000a508 (0x00b15d83) lhu     s11, 11(sp)
core   0: 3 0x8000a508 (0x00b15d83) x27 0x0000cccd mem 0x80017916
core   0: 0x8000a50c (0xff512683) lw      a3, -11(sp)
core   0: 3 0x8000a50c (0xff512683) x13 0xb8b9babb mem 0x80017900
core   0: 0x8000a510 (0x00914783) lbu     a5, 9(sp)
core   0: 3 0x8000a510 (0x00914783) x15 0x000000cf mem 0x80017914
core   0: 0x8000a514 (0x40265393) srai    t2, a2, 2
core   0: 3 0x8000a514 (0x40265393) x7  0x0d478210
core   0: 0x8000a518 (0x340094f3) csrrw   s1, mscratch, ra
core   0: 3 0x8000a518 (0x340094f3) x9  0x00000002 c832_mscratch 0x0000c000
core   0: 0x8000a51c (0xc29e4e93) xori    t4, t3, -983
core   0: 3 0x8000a51c (0xc29e4e93) x29 0xffff36e2
core   0: 0x8000a520 (0x021b4cb3) div     s9, s6, ra
core   0: 3 0x8000a520 (0x021b4cb3) x25 0x00000000
core   0: 0x8000a524 (0xd1e480b7) lui     ra, 0xd1e48
core   0: 3 0x8000a524 (0xd1e480b7) x1  0xd1e48000
core   0: 0x8000a528 (0x01baa633) slt     a2, s5, s11
core   0: 3 0x8000a528 (0x01baa633) x12 0x00000001
core   0: 0x8000a52c (0x0000178c) c.addi4spn a1, sp, 992
core   0: 3 0x8000a52c (0x178c) x11 0x80017ceb
core   0: 0x8000a52e (0x0042bb33) sltu    s6, t0, tp
core   0: 3 0x8000a52e (0x0042bb33) x22 0x00000000
core   0: 0x8000a532 (0x3403ae73) csrrs   t3, mscratch, t2
core   0: 3 0x8000a532 (0x3403ae73) x28 0x0000c000 c832_mscratch 0x0d47c210
core   0: 0x8000a536 (0x015e1b33) sll     s6, t3, s5
core   0: 3 0x8000a536 (0x015e1b33) x22 0x00600000
core   0: 0x8000a53a (0x00008f25) c.xor   a4, s1
core   0: 3 0x8000a53a (0x8f25) x14 0x351e0871
core   0: 0x8000a53c (0x019f6a33) or      s4, t5, s9
core   0: 3 0x8000a53c (0x019f6a33) x20 0x80029d24
core   0: 0x8000a540 (0x03959133) mulh    sp, a1, s9
core   0: 3 0x8000a540 (0x03959133) x2  0x00000000
core   0: 0x8000a544 (0x003c09b3) add     s3, s8, gp
core   0: 3 0x8000a544 (0x003c09b3) x19 0x00021e4f
core   0: 0x8000a548 (0x3406e273) csrrsi  tp, mscratch, 13
core   0: 3 0x8000a548 (0x3406e273) x4  0x0d47c210 c832_mscratch 0x0d47c21d
core   0: 0x8000a54c (0xb986af93) slti    t6, a3, -1128
core   0: 3 0x8000a54c (0xb986af93) x31 0x00000001
core   0: 0x8000a550 (0x0000e78d) c.bnez  a5, pc + 42
core   0: 3 0x8000a550 (0xe78d)
core   0: 0x8000a57a (0x0000962e) c.add   a2, a1
core   0: 3 0x8000a57a (0x962e) x12 0x80017cec
core   0: 0x8000a57c (0x00008691) c.srai  a3, 4
core   0: 3 0x8000a57c (0x8691) x13 0xfb8b9bab
core   0: 0x8000a57e (0x0123ffb3) and     t6, t2, s2
core   0: 3 0x8000a57e (0x0123ffb3) x31 0x00000000
core   0: 0x8000a582 (0x03065433) divu    s0, a2, a6
core   0: 3 0x8000a582 (0x03065433) x8  0x00000000
core   0: 0x8000a586 (0x00001893) slli    a7, zero, 0
core   0: 3 0x8000a586 (0x00001893) x17 0x00000000
core   0: 0x8000a58a (0x00008de1) c.and   a1, s0
core   0: 3 0x8000a58a (0x8de1) x11 0x00000000
core   0: 0x8000a58c (0x00000001) c.nop
core   0: 3 0x8000a58c (0x0001)
core   0: 0x8000a58e (0x000054fd) c.li    s1, -1
core   0: 3 0x8000a58e (0x54fd) x9  0xffffffff
core   0: 0x8000a590 (0x004bacb3) slt     s9, s7, tp
core   0: 3 0x8000a590 (0x004bacb3) x25 0x00000001
core   0: 0x8000a594 (0x03854963) blt     a0, s8, pc + 50
core   0: 3 0x8000a594 (0x03854963)
core   0: 0x8000a5c6 (0x0100dd93) srli    s11, ra, 16
core   0: 3 0x8000a5c6 (0x0100dd93) x27 0x0000d1e4
core   0: 0x8000a5ca (0x00008f79) c.and   a4, a4
core   0: 3 0x8000a5ca (0x8f79) x14 0x351e0871
core   0: 0x8000a5cc (0x34046473) csrrsi  s0, mscratch, 8
core   0: 3 0x8000a5cc (0x34046473) x8  0x0d47c21d c832_mscratch 0x0d47c21d
core   0: 0x8000a5d0 (0x6795e393) ori     t2, a1, 1657
core   0: 3 0x8000a5d0 (0x6795e393) x7  0x00000679
core   0: 0x8000a5d4 (0x0000100f) fence.i
core   0: 3 0x8000a5d4 (0x0000100f)
core   0: 0x8000a5d8 (0x34006af3) csrrsi  s5, mscratch, 0
core   0: 3 0x8000a5d8 (0x34006af3) x21 0x0d47c21d
core   0: 0x8000a5dc (0x0ff0000f) fence   iorw,iorw
core   0: 3 0x8000a5dc (0x0ff0000f)
core   0: 0x8000a5e0 (0x01271ab3) sll     s5, a4, s2
core   0: 3 0x8000a5e0 (0x01271ab3) x21 0x351e0871
core   0: 0x8000a5e4 (0x4104de13) srai    t3, s1, 16
core   0: 3 0x8000a5e4 (0x4104de13) x28 0xffffffff
core   0: 0x8000a5e8 (0x1b7c2413) slti    s0, s8, 439
core   0: 3 0x8000a5e8 (0x1b7c2413) x8  0x00000000
core   0: 0x8000a5ec (0x00000001) c.nop
core   0: 3 0x8000a5ec (0x0001)
core   0: 0x8000a5ee (0x012f6eb3) or      t4, t5, s2
core   0: 3 0x8000a5ee (0x012f6eb3) x29 0x80029d24
core   0: 0x8000a5f2 (0x00000290) c.addi4spn a2, sp, 320
core   0: 3 0x8000a5f2 (0x0290) x12 0x00000140
core   0: 0x8000a5f4 (0x340a50f3) csrrwi  ra, mscratch, 20
core   0: 3 0x8000a5f4 (0x340a50f3) x1  0x0d47c21d c832_mscratch 0x00000014
core   0: 0x8000a5f8 (0x02878533) mul     a0, a5, s0
core   0: 3 0x8000a5f8 (0x02878533) x10 0x00000000
core   0: 0x8000a5fc (0x02ca13b3) mulh    t2, s4, a2
core   0: 3 0x8000a5fc (0x02ca13b3) x7  0xffffff60
core   0: 0x8000a600 (0x03219e33) mulh    t3, gp, s2
core   0: 3 0x8000a600 (0x03219e33) x28 0x00000000
core   0: 0x8000a604 (0x0285f733) remu    a4, a1, s0
core   0: 3 0x8000a604 (0x0285f733) x14 0x00000000
core   0: 0x8000a608 (0x0023cfb3) xor     t6, t2, sp
core   0: 3 0x8000a608 (0x0023cfb3) x31 0xffffff60
core   0: 0x8000a60c (0x50b86e93) ori     t4, a6, 1291
core   0: 3 0x8000a60c (0x50b86e93) x29 0x80017f9b
core   0: 0x8000a610 (0x00001c7d) c.addi  s8, -1
core   0: 3 0x8000a610 (0x1c7d) x24 0x00004e4e
core   0: 0x8000a612 (0x96224b13) xori    s6, tp, -1694
core   0: 3 0x8000a612 (0x96224b13) x22 0xf2b83b72
core   0: 0x8000a616 (0x01e66963) bltu    a2, t5, pc + 18
core   0: 3 0x8000a616 (0x01e66963)
core   0: 0x8000a628 (0x00fe95b3) sll     a1, t4, a5
core   0: 3 0x8000a628 (0x00fe95b3) x11 0xbfcd8000
core   0: 0x8000a62c (0x00006b5d) c.lui   s6, 0x17
core   0: 3 0x8000a62c (0x6b5d) x22 0x00017000
core   0: 0x8000a62e (0x34093973) csrrc   s2, mscratch, s2
core   0: 3 0x8000a62e (0x34093973) x18 0x00000014 c832_mscratch 0x00000014
core   0: 0x8000a632 (0x03576733) rem     a4, a4, s5
core   0: 3 0x8000a632 (0x03576733) x14 0x00000000
core   0: 0x8000a636 (0x00000001) c.nop
core   0: 3 0x8000a636 (0x0001)
core   0: 0x8000a638 (0x000086b5) c.srai  a3, 13
core   0: 3 0x8000a638 (0x86b5) x13 0xffffdc5c
core   0: 0x8000a63a (0x017e5963) bge     t3, s7, pc + 18
core   0: 3 0x8000a63a (0x017e5963)
core   0: 0x8000a64c (0x0000100f) fence.i
core   0: 3 0x8000a64c (0x0000100f)
core   0: 0x8000a650 (0x037a39b3) mulhu   s3, s4, s7
core   0: 3 0x8000a650 (0x037a39b3) x19 0x40027dac
core   0: 0x8000a654 (0x000097da) c.add   a5, s6
core   0: 3 0x8000a654 (0x97da) x15 0x000170cf
core   0: 0x8000a656 (0x34003c73) csrrc   s8, mscratch, zero
core   0: 3 0x8000a656 (0x34003c73) x24 0x00000014
core   0: 0x8000a65a (0x033d4563) blt     s10, s3, pc + 42
core   0: 3 0x8000a65a (0x033d4563)
core   0: 0x8000a684 (0x34002d73) csrr    s10, mscratch
core   0: 3 0x8000a684 (0x34002d73) x26 0x00000014
core   0: 0x8000a688 (0x00001c04) c.addi4spn s1, sp, 560
core   0: 3 0x8000a688 (0x1c04) x9  0x00000230
core   0: 0x8000a68a (0x40595e33) sra     t3, s2, t0
core   0: 3 0x8000a68a (0x40595e33) x28 0x00000000
core   0: 0x8000a68e (0xba0f8a13) addi    s4, t6, -1120
core   0: 3 0x8000a68e (0xba0f8a13) x20 0xfffffb00
core   0: 0x8000a692 (0x0000717d) c.addi16sp sp, -16
core   0: 3 0x8000a692 (0x717d) x2  0xfffffff0
core   0: 0x8000a694 (0x00000ce6) c.slli  s9, 25
core   0: 3 0x8000a694 (0x0ce6) x25 0x02000000
core   0: 0x8000a696 (0x0000e0a9) c.bnez  s1, pc + 66
core   0: 3 0x8000a696 (0xe0a9)
core   0: 0x8000a6d8 (0x01953633) sltu    a2, a0, s9
core   0: 3 0x8000a6d8 (0x01953633) x12 0x00000001
core   0: 0x8000a6dc (0x0358cb63) blt     a7, s5, pc + 54
core   0: 3 0x8000a6dc (0x0358cb63)
core   0: 0x8000a712 (0x03ee1233) mulh    tp, t3, t5
core   0: 3 0x8000a712 (0x03ee1233) x4  0x00000000
core   0: 0x8000a716 (0x00004c49) c.li    s8, 18
core   0: 3 0x8000a716 (0x4c49) x24 0x00000012
core   0: 0x8000a718 (0x00008ef1) c.and   a3, a2
core   0: 3 0x8000a718 (0x8ef1) x13 0x00000000
core   0: 0x8000a71a (0x001b7d63) bgeu    s6, ra, pc + 26
core   0: 3 0x8000a71a (0x001b7d63)
core   0: 0x8000a71e (0x02063a33) mulhu   s4, a2, zero
core   0: 3 0x8000a71e (0x02063a33) x20 0x00000000
core   0: 0x8000a722 (0x340497f3) csrrw   a5, mscratch, s1
core   0: 3 0x8000a722 (0x340497f3) x15 0x00000014 c832_mscratch 0x00000230
core   0: 0x8000a726 (0xb6f27c13) andi    s8, tp, -1169
core   0: 3 0x8000a726 (0xb6f27c13) x24 0x00000000
core   0: 0x8000a72a (0x00008fb5) c.xor   a5, a3
core   0: 3 0x8000a72a (0x8fb5) x15 0x00000014
core   0: 0x8000a72c (0x4038dc33) sra     s8, a7, gp
core   0: 3 0x8000a72c (0x4038dc33) x24 0x00000000
core   0: 0x8000a730 (0x00151393) slli    t2, a0, 1
core   0: 3 0x8000a730 (0x00151393) x7  0x00000000
core   0: 0x8000a734 (0x360c4413) xori    s0, s8, 864
core   0: 3 0x8000a734 (0x360c4413) x8  0x00000360
core   0: 0x8000a738 (0x004373b3) and     t2, t1, tp
core   0: 3 0x8000a738 (0x004373b3) x7  0x00000000
core   0: 0x8000a73c (0x00008b69) c.andi  a4, 26
core   0: 3 0x8000a73c (0x8b69) x14 0x00000000
core   0: 0x8000a73e (0xe07aef93) ori     t6, s5, -505
core   0: 3 0x8000a73e (0xe07aef93) x31 0xfffffe77
core   0: 0x8000a742 (0x340c1573) csrrw   a0, mscratch, s8
core   0: 3 0x8000a742 (0x340c1573) x10 0x00000230 c832_mscratch 0x00000000
core   0: 0x8000a746 (0x0120dc33) srl     s8, ra, s2
core   0: 3 0x8000a746 (0x0120dc33) x24 0x000000d4
core   0: 0x8000a74a (0x02e64133) div     sp, a2, a4
core   0: 3 0x8000a74a (0x02e64133) x2  0xffffffff
core   0: 0x8000a74e (0x02155663) bge     a0, ra, pc + 44
core   0: 3 0x8000a74e (0x02155663)
core   0: 0x8000a752 (0x00008d65) c.and   a0, s1
core   0: 3 0x8000a752 (0x8d65) x10 0x00000230
core   0: 0x8000a754 (0x00005afd) c.li    s5, -1
core   0: 3 0x8000a754 (0x5afd) x21 0xffffffff
core   0: 0x8000a756 (0x00008eed) c.and   a3, a1
core   0: 3 0x8000a756 (0x8eed) x13 0x00000000
core   0: 0x8000a758 (0x02c45233) divu    tp, s0, a2
core   0: 3 0x8000a758 (0x02c45233) x4  0x00000360
core   0: 0x8000a75c (0x012881b3) add     gp, a7, s2
core   0: 3 0x8000a75c (0x012881b3) x3  0x00000014
core   0: 0x8000a760 (0x000054fd) c.li    s1, -1
core   0: 3 0x8000a760 (0x54fd) x9  0xffffffff
core   0: 0x8000a762 (0x000040c5) c.li    ra, 17
core   0: 3 0x8000a762 (0x40c5) x1  0x00000011
core   0: 0x8000a764 (0x01677f63) bgeu    a4, s6, pc + 30
core   0: 3 0x8000a764 (0x01677f63)
core   0: 0x8000a768 (0x161a4d93) xori    s11, s4, 353
core   0: 3 0x8000a768 (0x161a4d93) x27 0x00000161
core   0: 0x8000a76c (0x018d5493) srli    s1, s10, 24
core   0: 3 0x8000a76c (0x018d5493) x9  0x00000000
core   0: 0x8000a770 (0x0000717d) c.addi16sp sp, -16
core   0: 3 0x8000a770 (0x717d) x2  0xffffffef
core   0: 0x8000a772 (0x00f47133) and     sp, s0, a5
core   0: 3 0x8000a772 (0x00f47133) x2  0x00000000
core   0: 0x8000a776 (0x00417d63) bgeu    sp, tp, pc + 26
core   0: 3 0x8000a776 (0x00417d63)
core   0: 0x8000a77a (0x013aa633) slt     a2, s5, s3
core   0: 3 0x8000a77a (0x013aa633) x12 0x00000001
core   0: 0x8000a77e (0x03c5bb33) mulhu   s6, a1, t3
core   0: 3 0x8000a77e (0x03c5bb33) x22 0x00000000
core   0: 0x8000a782 (0x03fca0b3) mulhsu  ra, s9, t6
core   0: 3 0x8000a782 (0x03fca0b3) x1  0x01fffffc
core   0: 0x8000a786 (0x34003973) csrrc   s2, mscratch, zero
core   0: 3 0x8000a786 (0x34003973) x18 0x00000000
core   0: 0x8000a78a (0x000086f1) c.srai  a3, 28
core   0: 3 0x8000a78a (0x86f1) x13 0x00000000
core   0: 0x8000a78c (0x03a4d5b3) divu    a1, s1, s10
core   0: 3 0x8000a78c (0x03a4d5b3) x11 0x00000000
core   0: 0x8000a790 (0x00f45263) bge     s0, a5, pc + 4
core   0: 3 0x8000a790 (0x00f45263)
core   0: 0x8000a794 (0x01089213) slli    tp, a7, 16
core   0: 3 0x8000a794 (0x01089213) x4  0x00000000
core   0: 0x8000a798 (0x3400b9f3) csrrc   s3, mscratch, ra
core   0: 3 0x8000a798 (0x3400b9f3) x19 0x00000000 c832_mscratch 0x00000000
core   0: 0x8000a79c (0x03c166b3) rem     a3, sp, t3
core   0: 3 0x8000a79c (0x03c166b3) x13 0x00000000
core   0: 0x8000a7a0 (0x02395433) divu    s0, s2, gp
core   0: 3 0x8000a7a0 (0x02395433) x8  0x00000000
core   0: 0x8000a7a4 (0x003970b3) and     ra, s2, gp
core   0: 3 0x8000a7a4 (0x003970b3) x1  0x00000000
core   0: 0x8000a7a8 (0x00008df9) c.and   a1, a4
core   0: 3 0x8000a7a8 (0x8df9) x11 0x00000000
core   0: 0x8000a7aa (0x0000997d) c.andi  a0, -1
core   0: 3 0x8000a7aa (0x997d) x10 0x00000230
core   0: 0x8000a7ac (0x03240963) beq     s0, s2, pc + 50
core   0: 3 0x8000a7ac (0x03240963)
core   0: 0x8000a7de (0x4618b117) auipc   sp, 0x4618b
core   0: 3 0x8000a7de (0x4618b117) x2  0xc61957de
core   0: 0x8000a7e2 (0x34002173) csrr    sp, mscratch
core   0: 3 0x8000a7e2 (0x34002173) x2  0x00000000
core   0: 0x8000a7e6 (0x00000189) c.addi  gp, 2
core   0: 3 0x8000a7e6 (0x0189) x3  0x00000016
core   0: 0x8000a7e8 (0x40495c13) srai    s8, s2, 4
core   0: 3 0x8000a7e8 (0x40495c13) x24 0x00000000
core   0: 0x8000a7ec (0x00000622) c.slli  a2, 8
core   0: 3 0x8000a7ec (0x0622) x12 0x00000100
core   0: 0x8000a7ee (0x415a0633) sub     a2, s4, s5
core   0: 3 0x8000a7ee (0x415a0633) x12 0x00000001
core   0: 0x8000a7f2 (0x006b0ab3) add     s5, s6, t1
core   0: 3 0x8000a7f2 (0x006b0ab3) x21 0x00000000
core   0: 0x8000a7f6 (0x00008c15) c.sub   s0, a3
core   0: 3 0x8000a7f6 (0x8c15) x8  0x00000000
core   0: 0x8000a7f8 (0x67dcbe93) sltiu   t4, s9, 1661
core   0: 3 0x8000a7f8 (0x67dcbe93) x29 0x00000000
core   0: 0x8000a7fc (0x00008719) c.srai  a4, 6
core   0: 3 0x8000a7fc (0x8719) x14 0x00000000
core   0: 0x8000a7fe (0xbddc64b7) lui     s1, 0xbddc6
core   0: 3 0x8000a7fe (0xbddc64b7) x9  0xbddc6000
core   0: 0x8000a802 (0x09f76813) ori     a6, a4, 159
core   0: 3 0x8000a802 (0x09f76813) x16 0x0000009f
core   0: 0x8000a806 (0x04ea7263) bgeu    s4, a4, pc + 68
core   0: 3 0x8000a806 (0x04ea7263)
core   0: 0x8000a84a (0x3445ce93) xori    t4, a1, 836
core   0: 3 0x8000a84a (0x3445ce93) x29 0x00000344
core   0: 0x8000a84e (0x00001a7d) c.addi  s4, -1
core   0: 3 0x8000a84e (0x1a7d) x20 0xffffffff
core   0: 0x8000a850 (0x00000001) c.nop
core   0: 3 0x8000a850 (0x0001)
core   0: 0x8000a852 (0x00000b1c) c.addi4spn a5, sp, 400
core   0: 3 0x8000a852 (0x0b1c) x15 0x00000190
core   0: 0x8000a854 (0x00001914) c.addi4spn a3, sp, 176
core   0: 3 0x8000a854 (0x1914) x13 0x000000b0
core   0: 0x8000a856 (0x02fd4e33) div     t3, s10, a5
core   0: 3 0x8000a856 (0x02fd4e33) x28 0x00000000
core   0: 0x8000a85a (0x0000717d) c.addi16sp sp, -16
core   0: 3 0x8000a85a (0x717d) x2  0xfffffff0
core   0: 0x8000a85c (0x41e80fb3) sub     t6, a6, t5
core   0: 3 0x8000a85c (0x41e80fb3) x31 0x7ffd637b
core   0: 0x8000a860 (0x340e9c73) csrrw   s8, mscratch, t4
core   0: 3 0x8000a860 (0x340e9c73) x24 0x00000000 c832_mscratch 0x00000344
core   0: 0x8000a864 (0x000051fd) c.li    gp, -1
core   0: 3 0x8000a864 (0x51fd) x3  0xffffffff
core   0: 0x8000a866 (0x026c5133) divu    sp, s8, t1
core   0: 3 0x8000a866 (0x026c5133) x2  0xffffffff
core   0: 0x8000a86a (0x340fdd73) csrrwi  s10, mscratch, 31
core   0: 3 0x8000a86a (0x340fdd73) x26 0x00000344 c832_mscratch 0x0000001f
core   0: 0x8000a86e (0x0382b433) mulhu   s0, t0, s8
core   0: 3 0x8000a86e (0x0382b433) x8  0x00000000
core   0: 0x8000a872 (0x43f623b7) lui     t2, 0x43f62
core   0: 3 0x8000a872 (0x43f623b7) x7  0x43f62000
core   0: 0x8000a876 (0x00138c63) beq     t2, ra, pc + 24
core   0: 3 0x8000a876 (0x00138c63)
core   0: 0x8000a87a (0x00d65b33) srl     s6, a2, a3
core   0: 3 0x8000a87a (0x00d65b33) x22 0x00000000
core   0: 0x8000a87e (0x0361b8b3) mulhu   a7, gp, s6
core   0: 3 0x8000a87e (0x0361b8b3) x17 0x00000000
core   0: 0x8000a882 (0x01b90cb3) add     s9, s2, s11
core   0: 3 0x8000a882 (0x01b90cb3) x25 0x00000161
core   0: 0x8000a886 (0x340121f3) csrrs   gp, mscratch, sp
core   0: 3 0x8000a886 (0x340121f3) x3  0x0000001f c832_mscratch 0xffffffff
core   0: 0x8000a88a (0x02dd70b3) remu    ra, s10, a3
core   0: 3 0x8000a88a (0x02dd70b3) x1  0x00000084
core   0: 0x8000a88e (0x02d3a133) mulhsu  sp, t2, a3
core   0: 3 0x8000a88e (0x02d3a133) x2  0x0000002e
core   0: 0x8000a892 (0x03837a63) bgeu    t1, s8, pc + 52
core   0: 3 0x8000a892 (0x03837a63)
core   0: 0x8000a8c6 (0xcdd52b13) slti    s6, a0, -803
core   0: 3 0x8000a8c6 (0xcdd52b13) x22 0x00000000
core   0: 0x8000a8ca (0x02a07ab3) remu    s5, zero, a0
core   0: 3 0x8000a8ca (0x02a07ab3) x21 0x00000000
core   0: 0x8000a8ce (0x00001afd) c.addi  s5, -1
core   0: 3 0x8000a8ce (0x1afd) x21 0xffffffff
core   0: 0x8000a8d0 (0x01f15e13) srli    t3, sp, 31
core   0: 3 0x8000a8d0 (0x01f15e13) x28 0x00000000
core   0: 0x8000a8d4 (0x419bda13) srai    s4, s7, 25
core   0: 3 0x8000a8d4 (0x419bda13) x20 0xffffffc0
core   0: 0x8000a8d8 (0xa5e98713) addi    a4, s3, -1442
core   0: 3 0x8000a8d8 (0xa5e98713) x14 0xfffffa5e
core   0: 0x8000a8dc (0x340d57f3) csrrwi  a5, mscratch, 26
core   0: 3 0x8000a8dc (0x340d57f3) x15 0xffffffff c832_mscratch 0x0000001a
core   0: 0x8000a8e0 (0x02baa8b3) mulhsu  a7, s5, a1
core   0: 3 0x8000a8e0 (0x02baa8b3) x17 0x00000000
core   0: 0x8000a8e4 (0x0000100f) fence.i
core   0: 3 0x8000a8e4 (0x0000100f)
core   0: 0x8000a8e8 (0x018c9c33) sll     s8, s9, s8
core   0: 3 0x8000a8e8 (0x018c9c33) x24 0x00000161
core   0: 0x8000a8ec (0x640aba97) auipc   s5, 0x640ab
core   0: 3 0x8000a8ec (0x640aba97) x21 0xe40b58ec
core   0: 0x8000a8f0 (0x61761ab7) lui     s5, 0x61761
core   0: 3 0x8000a8f0 (0x61761ab7) x21 0x61761000
core   0: 0x8000a8f4 (0x0000e39d) c.bnez  a5, pc + 38
core   0: 3 0x8000a8f4 (0xe39d)
core   0: 0x8000a91a (0x00008591) c.srai  a1, 4
core   0: 3 0x8000a91a (0x8591) x11 0x00000000
core   0: 0x8000a91c (0x036a8c33) mul     s8, s5, s6
core   0: 3 0x8000a91c (0x036a8c33) x24 0x00000000
core   0: 0x8000a920 (0x000000fd) c.addi  ra, 31
core   0: 3 0x8000a920 (0x00fd) x1  0x000000a3
core   0: 0x8000a922 (0x00679d93) slli    s11, a5, 6
core   0: 3 0x8000a922 (0x00679d93) x27 0xffffffc0
core   0: 0x8000a926 (0x00001a04) c.addi4spn s1, sp, 304
core   0: 3 0x8000a926 (0x1a04) x9  0x0000015e
core   0: 0x8000a928 (0x0a103893) sltiu   a7, zero, 161
core   0: 3 0x8000a928 (0x0a103893) x17 0x00000001
core   0: 0x8000a92c (0x371c4593) xori    a1, s8, 881
core   0: 3 0x8000a92c (0x371c4593) x11 0x00000371
core   0: 0x8000a930 (0x00eadb63) bge     s5, a4, pc + 22
core   0: 3 0x8000a930 (0x00eadb63)
core   0: 0x8000a946 (0x01f9b533) sltu    a0, s3, t6
core   0: 3 0x8000a946 (0x01f9b533) x10 0x00000001
core   0: 0x8000a94a (0x005f28b3) slt     a7, t5, t0
core   0: 3 0x8000a94a (0x005f28b3) x17 0x00000001
core   0: 0x8000a94e (0x0ff0000f) fence   iorw,iorw
core   0: 3 0x8000a94e (0x0ff0000f)
core   0: 0x8000a952 (0x340d79f3) csrrci  s3, mscratch, 26
core   0: 3 0x8000a952 (0x340d79f3) x19 0x0000001a c832_mscratch 0x00000000
core   0: 0x8000a956 (0x011168b3) or      a7, sp, a7
core   0: 3 0x8000a956 (0x011168b3) x17 0x0000002f
core   0: 0x8000a95a (0x340f5cf3) csrrwi  s9, mscratch, 30
core   0: 3 0x8000a95a (0x340f5cf3) x25 0x00000000 c832_mscratch 0x0000001e
core   0: 0x8000a95e (0x03d3d6b3) divu    a3, t2, t4
core   0: 3 0x8000a95e (0x03d3d6b3) x13 0x0014cfa7
core   0: 0x8000a962 (0x02a621b3) mulhsu  gp, a2, a0
core   0: 3 0x8000a962 (0x02a621b3) x3  0x00000000
core   0: 0x8000a966 (0x020247b3) div     a5, tp, zero
core   0: 3 0x8000a966 (0x020247b3) x15 0xffffffff
core   0: 0x8000a96a (0x15924613) xori    a2, tp, 345
core   0: 3 0x8000a96a (0x15924613) x12 0x00000159
core   0: 0x8000a96e (0x02e68a63) beq     a3, a4, pc + 52
core   0: 3 0x8000a96e (0x02e68a63)
core   0: 0x8000a972 (0x01e85c93) srli    s9, a6, 30
core   0: 3 0x8000a972 (0x01e85c93) x25 0x00000000
core   0: 0x8000a976 (0x0257d4b3) divu    s1, a5, t0
core   0: 3 0x8000a976 (0x0257d4b3) x9  0x00000001
core   0: 0x8000a97a (0x01f1c8b3) xor     a7, gp, t6
core   0: 3 0x8000a97a (0x01f1c8b3) x17 0x7ffd637b
core   0: 0x8000a97e (0x027cad33) mulhsu  s10, s9, t2
core   0: 3 0x8000a97e (0x027cad33) x26 0x00000000
core   0: 0x8000a982 (0xf5c22617) auipc   a2, 0xf5c22
core   0: 3 0x8000a982 (0xf5c22617) x12 0x75c2c982
core   0: 0x8000a986 (0x340dd173) csrrwi  sp, mscratch, 27
core   0: 3 0x8000a986 (0x340dd173) x2  0x0000001e c832_mscratch 0x0000001b
core   0: 0x8000a98a (0x00008ded) c.and   a1, a1
core   0: 3 0x8000a98a (0x8ded) x11 0x00000371
core   0: 0x8000a98c (0x419fd633) sra     a2, t6, s9
core   0: 3 0x8000a98c (0x419fd633) x12 0x7ffd637b
core   0: 0x8000a990 (0x01e3fa33) and     s4, t2, t5
core   0: 3 0x8000a990 (0x01e3fa33) x20 0x00020000
core   0: 0x8000a994 (0x41485113) srai    sp, a6, 20
core   0: 3 0x8000a994 (0x41485113) x2  0x00000000
core   0: 0x8000a998 (0x410d5013) srai    zero, s10, 16
core   0: 3 0x8000a998 (0x410d5013)
core   0: 0x8000a99c (0x00858363) beq     a1, s0, pc + 6
core   0: 3 0x8000a99c (0x00858363)
core   0: 0x8000a9a0 (0x00008271) c.srli  a2, 28
core   0: 3 0x8000a9a0 (0x8271) x12 0x00000007
core   0: 0x8000a9a2 (0x03a0efb3) rem     t6, ra, s10
core   0: 3 0x8000a9a2 (0x03a0efb3) x31 0x000000a3
core   0: 0x8000a9a6 (0x002bdb13) srli    s6, s7, 2
core   0: 3 0x8000a9a6 (0x002bdb13) x22 0x2000978a
core   0: 0x8000a9aa (0x02e31db3) mulh    s11, t1, a4
core   0: 3 0x8000a9aa (0x02e31db3) x27 0x00000000
core   0: 0x8000a9ae (0x2117f593) andi    a1, a5, 529
core   0: 3 0x8000a9ae (0x2117f593) x11 0x00000211
core   0: 0x8000a9b2 (0x9c807d37) lui     s10, 0x9c807
core   0: 3 0x8000a9b2 (0x9c807d37) x26 0x9c807000
core   0: 0x8000a9b6 (0x005907b3) add     a5, s2, t0
core   0: 3 0x8000a9b6 (0x005907b3) x15 0xf57d8a0a
core   0: 0x8000a9ba (0x022d5863) bge     s10, sp, pc + 48
core   0: 3 0x8000a9ba (0x022d5863)
core   0: 0x8000a9be (0x02a9c4b3) div     s1, s3, a0
core   0: 3 0x8000a9be (0x02a9c4b3) x9  0x0000001a
core   0: 0x8000a9c2 (0x00000918) c.addi4spn a4, sp, 144
core   0: 3 0x8000a9c2 (0x0918) x14 0x00000090
core   0: 0x8000a9c4 (0x029f2eb3) mulhsu  t4, t5, s1
core   0: 3 0x8000a9c4 (0x029f2eb3) x29 0xfffffff3
core   0: 0x8000a9c8 (0x00008c85) c.sub   s1, s1
core   0: 3 0x8000a9c8 (0x8c85) x9  0x00000000
core   0: 0x8000a9ca (0x03ac49b3) div     s3, s8, s10
core   0: 3 0x8000a9ca (0x03ac49b3) x19 0x00000000
core   0: 0x8000a9ce (0x34097273) csrrci  tp, mscratch, 18
core   0: 3 0x8000a9ce (0x34097273) x4  0x0000001b c832_mscratch 0x00000009
core   0: 0x8000a9d2 (0x34006a73) csrrsi  s4, mscratch, 0
core   0: 3 0x8000a9d2 (0x34006a73) x20 0x00000009
core   0: 0x8000a9d6 (0x026b7eb3) remu    t4, s6, t1
core   0: 3 0x8000a9d6 (0x026b7eb3) x29 0x2000978a
core   0: 0x8000a9da (0x01ff9933) sll     s2, t6, t6
core   0: 3 0x8000a9da (0x01ff9933) x18 0x00000518
core   0: 0x8000a9de (0x002b1993) slli    s3, s6, 2
core   0: 3 0x8000a9de (0x002b1993) x19 0x80025e28
core   0: 0x8000a9e2 (0x19476a93) ori     s5, a4, 404
core   0: 3 0x8000a9e2 (0x19476a93) x21 0x00000194
core   0: 0x8000a9e6 (0x02fa9533) mulh    a0, s5, a5
core   0: 3 0x8000a9e6 (0x02fa9533) x10 0xffffffef
core   0: 0x8000a9ea (0x01dc19b3) sll     s3, s8, t4
core   0: 3 0x8000a9ea (0x01dc19b3) x19 0x00000000
core   0: 0x8000a9ee (0x00006871) c.lui   a6, 0x1c
core   0: 3 0x8000a9ee (0x6871) x16 0x0001c000
core   0: 0x8000a9f0 (0x00008c42) c.mv    s8, a6
core   0: 3 0x8000a9f0 (0x8c42) x24 0x0001c000
core   0: 0x8000a9f2 (0x0411f263) bgeu    gp, ra, pc + 68
core   0: 3 0x8000a9f2 (0x0411f263)
core   0: 0x8000a9f6 (0x02f236b3) mulhu   a3, tp, a5
core   0: 3 0x8000a9f6 (0x02f236b3) x13 0x00000019
core   0: 0x8000a9fa (0x00008f79) c.and   a4, a4
core   0: 3 0x8000a9fa (0x8f79) x14 0x00000090
core   0: 0x8000a9fc (0x01759263) bne     a1, s7, pc + 4
core   0: 3 0x8000a9fc (0x01759263)
core   0: 0x8000aa00 (0x025da4b3) mulhsu  s1, s11, t0
core   0: 3 0x8000aa00 (0x025da4b3) x9  0x00000000
core   0: 0x8000aa04 (0x00006b69) c.lui   s6, 0x1a
core   0: 3 0x8000aa04 (0x6b69) x22 0x0001a000
core   0: 0x8000aa06 (0x3409d273) csrrwi  tp, mscratch, 19
core   0: 3 0x8000aa06 (0x3409d273) x4  0x00000009 c832_mscratch 0x00000013
core   0: 0x8000aa0a (0x028b9133) mulh    sp, s7, s0
core   0: 3 0x8000aa0a (0x028b9133) x2  0x00000000
core   0: 0x8000aa0e (0x00263833) sltu    a6, a2, sp
core   0: 3 0x8000aa0e (0x00263833) x16 0x00000000
core   0: 0x8000aa12 (0x00910333) add     t1, sp, s1
core   0: 3 0x8000aa12 (0x00910333) x6  0x00000000
core   0: 0x8000aa16 (0x2a410497) auipc   s1, 0x2a410
core   0: 3 0x8000aa16 (0x2a410497) x9  0xaa41aa16
core   0: 0x8000aa1a (0x000003f5) c.addi  t2, 29
core   0: 3 0x8000aa1a (0x03f5) x7  0x43f6201d
core   0: 0x8000aa1c (0x023309b3) mul     s3, t1, gp
core   0: 3 0x8000aa1c (0x023309b3) x19 0x00000000
core   0: 0x8000aa20 (0x0121d433) srl     s0, gp, s2
core   0: 3 0x8000aa20 (0x0121d433) x8  0x00000000
core   0: 0x8000aa24 (0x0ff0000f) fence   iorw,iorw
core   0: 3 0x8000aa24 (0x0ff0000f)
core   0: 0x8000aa28 (0x025561b3) rem     gp, a0, t0
core   0: 3 0x8000aa28 (0x025561b3) x3  0xffffffef
core   0: 0x8000aa2c (0x015ffc33) and     s8, t6, s5
core   0: 3 0x8000aa2c (0x015ffc33) x24 0x00000080
core   0: 0x8000aa30 (0x00008609) c.srai  a2, 2
core   0: 3 0x8000aa30 (0x8609) x12 0x00000001
core   0: 0x8000aa32 (0x03bb73b3) remu    t2, s6, s11
core   0: 3 0x8000aa32 (0x03bb73b3) x7  0x0001a000
core   0: 0x8000aa36 (0x018f18b3) sll     a7, t5, s8
core   0: 3 0x8000aa36 (0x018f18b3) x17 0x80029d24
core   0: 0x8000aa3a (0x00006335) c.lui   t1, 0xd
core   0: 3 0x8000aa3a (0x6335) x6  0x0000d000
core   0: 0x8000aa3c (0x8d253193) sltiu   gp, a0, -1838
core   0: 3 0x8000aa3c (0x8d253193) x3  0x00000000
core   0: 0x8000aa40 (0x6a080593) addi    a1, a6, 1696
core   0: 3 0x8000aa40 (0x6a080593) x11 0x000006a0
core   0: 0x8000aa44 (0x0465df97) auipc   t6, 0x465d
core   0: 3 0x8000aa44 (0x0465df97) x31 0x84667a44
core   0: 0x8000aa48 (0x340d27f3) csrrs   a5, mscratch, s10
core   0: 3 0x8000aa48 (0x340d27f3) x15 0x00000013 c832_mscratch 0x9c807013
core   0: 0x8000aa4c (0x03b0f6b3) remu    a3, ra, s11
core   0: 3 0x8000aa4c (0x03b0f6b3) x13 0x000000a3
core   0: 0x8000aa50 (0x00405713) srli    a4, zero, 4
core   0: 3 0x8000aa50 (0x00405713) x14 0x00000000
core   0: 0x8000aa54 (0x04ea8613) addi    a2, s5, 78
core   0: 3 0x8000aa54 (0x04ea8613) x12 0x000001e2
core   0: 0x8000aa58 (0x002725b3) slt     a1, a4, sp
core   0: 3 0x8000aa58 (0x002725b3) x11 0x00000000
core   0: 0x8000aa5c (0x4048ddb3) sra     s11, a7, tp
core   0: 3 0x8000aa5c (0x4048ddb3) x27 0xffc0014e
core   0: 0x8000aa60 (0x00006821) c.lui   a6, 0x8
core   0: 3 0x8000aa60 (0x6821) x16 0x00008000
core   0: 0x8000aa62 (0x69864617) auipc   a2, 0x69864
core   0: 3 0x8000aa62 (0x69864617) x12 0xe986ea62
core   0: 0x8000aa66 (0xed270213) addi    tp, a4, -302
core   0: 3 0x8000aa66 (0xed270213) x4  0xfffffed2
core   0: 0x8000aa6a (0x0000100f) fence.i
core   0: 3 0x8000aa6a (0x0000100f)
core   0: 0x8000aa6e (0x03f5e133) rem     sp, a1, t6
core   0: 3 0x8000aa6e (0x03f5e133) x2  0x00000000
core   0: 0x8000aa72 (0xea133693) sltiu   a3, t1, -351
core   0: 3 0x8000aa72 (0xea133693) x13 0x00000001
core   0: 0x8000aa76 (0x00008e21) c.xor   a2, s0
core   0: 3 0x8000aa76 (0x8e21) x12 0xe986ea62
core   0: 0x8000aa78 (0xa381f813) andi    a6, gp, -1480
core   0: 3 0x8000aa78 (0xa381f813) x16 0x00000000
core   0: 0x8000aa7c (0x00006879) c.lui   a6, 0x1e
core   0: 3 0x8000aa7c (0x6879) x16 0x0001e000
core   0: 0x8000aa7e (0x00006521) c.lui   a0, 0x8
core   0: 3 0x8000aa7e (0x6521) x10 0x00008000
core   0: 0x8000aa80 (0x00008e5d) c.or    a2, a5
core   0: 3 0x8000aa80 (0x8e5d) x12 0xe986ea73
core   0: 0x8000aa82 (0x00008f51) c.or    a4, a2
core   0: 3 0x8000aa82 (0x8f51) x14 0xe986ea73
core   0: 0x8000aa84 (0x3403baf3) csrrc   s5, mscratch, t2
core   0: 3 0x8000aa84 (0x3403baf3) x21 0x9c807013 c832_mscratch 0x9c805013
core   0: 0x8000aa88 (0x340f7df3) csrrci  s11, mscratch, 30
core   0: 3 0x8000aa88 (0x340f7df3) x27 0x9c805013 c832_mscratch 0x9c805001
core   0: 0x8000aa8c (0x00ceed33) or      s10, t4, a2
core   0: 3 0x8000aa8c (0x00ceed33) x26 0xe986fffb
core   0: 0x8000aa90 (0x40db8fb3) sub     t6, s7, a3
core   0: 3 0x8000aa90 (0x40db8fb3) x31 0x80025e27
core   0: 0x8000aa94 (0x00008b71) c.andi  a4, 28
core   0: 3 0x8000aa94 (0x8b71) x14 0x00000010
core   0: 0x8000aa96 (0x3405b273) csrrc   tp, mscratch, a1
core   0: 3 0x8000aa96 (0x3405b273) x4  0x9c805001 c832_mscratch 0x9c805001
core   0: 0x8000aa9a (0x02e17833) remu    a6, sp, a4
core   0: 3 0x8000aa9a (0x02e17833) x16 0x00000000
core   0: 0x8000aa9e (0x34015773) csrrwi  a4, mscratch, 2
core   0: 3 0x8000aa9e (0x34015773) x14 0x9c805001 c832_mscratch 0x00000002
core   0: 0x8000aaa2 (0x00009462) c.add   s0, s8
core   0: 3 0x8000aaa2 (0x9462) x8  0x00000080
core   0: 0x8000aaa4 (0x00c01c33) sll     s8, zero, a2
core   0: 3 0x8000aaa4 (0x00c01c33) x24 0x00000000
core   0: 0x8000aaa8 (0x0000997d) c.andi  a0, -1
core   0: 3 0x8000aaa8 (0x997d) x10 0x00008000
core   0: 0x8000aaaa (0x340076f3) csrrci  a3, mscratch, 0
core   0: 3 0x8000aaaa (0x340076f3) x13 0x00000002
core   0: 0x8000aaae (0x403884b3) sub     s1, a7, gp
core   0: 3 0x8000aaae (0x403884b3) x9  0x80029d24
core   0: 0x8000aab2 (0x04b85563) bge     a6, a1, pc + 74
core   0: 3 0x8000aab2 (0x04b85563)
core   0: 0x8000aafc (0x4e272813) slti    a6, a4, 1250
core   0: 3 0x8000aafc (0x4e272813) x16 0x00000001
core   0: 0x8000ab00 (0x02ec1733) mulh    a4, s8, a4
core   0: 3 0x8000ab00 (0x02ec1733) x14 0x00000000
core   0: 0x8000ab04 (0x0222a233) mulhsu  tp, t0, sp
core   0: 3 0x8000ab04 (0x0222a233) x4  0x00000000
core   0: 0x8000ab08 (0xa79c8737) lui     a4, 0xa79c8
core   0: 3 0x8000ab08 (0xa79c8737) x14 0xa79c8000
core   0: 0x8000ab0c (0x11973c13) sltiu   s8, a4, 281
core   0: 3 0x8000ab0c (0x11973c13) x24 0x00000000
core   0: 0x8000ab10 (0x0000c189) c.beqz  a1, pc + 2
core   0: 3 0x8000ab10 (0xc189)
core   0: 0x8000ab12 (0x043a6063) bltu    s4, gp, pc + 64
core   0: 3 0x8000ab12 (0x043a6063)
core   0: 0x8000ab16 (0x340fd373) csrrwi  t1, mscratch, 31
core   0: 3 0x8000ab16 (0x340fd373) x6  0x00000002 c832_mscratch 0x0000001f
core   0: 0x8000ab1a (0x3f1eb7b7) lui     a5, 0x3f1eb
core   0: 3 0x8000ab1a (0x3f1eb7b7) x15 0x3f1eb000
core   0: 0x8000ab1e (0x02f2a233) mulhsu  tp, t0, a5
core   0: 3 0x8000ab1e (0x02f2a233) x4  0xfd68a274
core   0: 0x8000ab22 (0x6d7b8f97) auipc   t6, 0x6d7b8
core   0: 3 0x8000ab22 (0x6d7b8f97) x31 0xed7c2b22
core   0: 0x8000ab26 (0x00008355) c.srli  a4, 21
core   0: 3 0x8000ab26 (0x8355) x14 0x0000053c
core   0: 0x8000ab28 (0x000050fd) c.li    ra, -1
core   0: 3 0x8000ab28 (0x50fd) x1  0xffffffff
core   0: 0x8000ab2a (0x012cea33) or      s4, s9, s2
core   0: 3 0x8000ab2a (0x012cea33) x20 0x00000518
core   0: 0x8000ab2e (0x00008921) c.andi  a0, 8
core   0: 3 0x8000ab2e (0x8921) x10 0x00000000
core   0: 0x8000ab30 (0x00008f05) c.sub   a4, s1
core   0: 3 0x8000ab30 (0x8f05) x14 0x7ffd6818
core   0: 0x8000ab32 (0x0000c989) c.beqz  a1, pc + 18
core   0: 3 0x8000ab32 (0xc989)
core   0: 0x8000ab44 (0x00008521) c.srai  a0, 8
core   0: 3 0x8000ab44 (0x8521) x10 0x00000000
core   0: 0x8000ab46 (0x4ab50013) addi    zero, a0, 1195
core   0: 3 0x8000ab46 (0x4ab50013)
core   0: 0x8000ab4a (0x34006ff3) csrrsi  t6, mscratch, 0
core   0: 3 0x8000ab4a (0x34006ff3) x31 0x0000001f
core   0: 0x8000ab4e (0xc6602b13) slti    s6, zero, -922
core   0: 3 0x8000ab4e (0xc6602b13) x22 0x00000000
core   0: 0x8000ab52 (0x00008fa9) c.xor   a5, a0
core   0: 3 0x8000ab52 (0x8fa9) x15 0x3f1eb000
core   0: 0x8000ab54 (0x00000001) c.nop
core   0: 3 0x8000ab54 (0x0001)
core   0: 0x8000ab56 (0x0ff0000f) fence   iorw,iorw
core   0: 3 0x8000ab56 (0x0ff0000f)
core   0: 0x8000ab5a (0x01333933) sltu    s2, t1, s3
core   0: 3 0x8000ab5a (0x01333933) x18 0x00000000
core   0: 0x8000ab5e (0x86ccce37) lui     t3, 0x86ccc
core   0: 3 0x8000ab5e (0x86ccce37) x28 0x86ccc000
core   0: 0x8000ab62 (0x0000959a) c.add   a1, t1
core   0: 3 0x8000ab62 (0x959a) x11 0x00000002
core   0: 0x8000ab64 (0xdee56a13) ori     s4, a0, -530
core   0: 3 0x8000ab64 (0xdee56a13) x20 0xfffffdee
core   0: 0x8000ab68 (0xe69f4737) lui     a4, 0xe69f4
core   0: 3 0x8000ab68 (0xe69f4737) x14 0xe69f4000
core   0: 0x8000ab6c (0x00008db9) c.xor   a1, a4
core   0: 3 0x8000ab6c (0x8db9) x11 0xe69f4002
core   0: 0x8000ab6e (0x00008d75) c.and   a0, a3
core   0: 3 0x8000ab6e (0x8d75) x10 0x00000000
core   0: 0x8000ab70 (0x00d3acb3) slt     s9, t2, a3
core   0: 3 0x8000ab70 (0x00d3acb3) x25 0x00000000
core   0: 0x8000ab74 (0x00000f90) c.addi4spn a2, sp, 976
core   0: 3 0x8000ab74 (0x0f90) x12 0x000003d0
core   0: 0x8000ab76 (0x853be997) auipc   s3, 0x853be
core   0: 3 0x8000ab76 (0x853be997) x19 0x053c8b76
core   0: 0x8000ab7a (0x00008e69) c.and   a2, a0
core   0: 3 0x8000ab7a (0x8e69) x12 0x00000000
core   0: 0x8000ab7c (0x40480033) sub     zero, a6, tp
core   0: 3 0x8000ab7c (0x40480033)
core   0: 0x8000ab80 (0x00eb5113) srli    sp, s6, 14
core   0: 3 0x8000ab80 (0x00eb5113) x2  0x00000000
core   0: 0x8000ab84 (0x00004a33) xor     s4, zero, zero
core   0: 3 0x8000ab84 (0x00004a33) x20 0x00000000
core   0: 0x8000ab88 (0x1a73c413) xori    s0, t2, 423
core   0: 3 0x8000ab88 (0x1a73c413) x8  0x0001a1a7
core   0: 0x8000ab8c (0x000082d9) c.srli  a3, 22
core   0: 3 0x8000ab8c (0x82d9) x13 0x00000000
core   0: 0x8000ab8e (0x020551b3) divu    gp, a0, zero
core   0: 3 0x8000ab8e (0x020551b3) x3  0xffffffff
core   0: 0x8000ab92 (0x59afc213) xori    tp, t6, 1434
core   0: 3 0x8000ab92 (0x59afc213) x4  0x00000585
core   0: 0x8000ab96 (0x0310f663) bgeu    ra, a7, pc + 44
core   0: 3 0x8000ab96 (0x0310f663)
core   0: 0x8000abc2 (0x032d3e33) mulhu   t3, s10, s2
core   0: 3 0x8000abc2 (0x032d3e33) x28 0x00000000
core   0: 0x8000abc6 (0x0000199c) c.addi4spn a5, sp, 240
core   0: 3 0x8000abc6 (0x199c) x15 0x000000f0
core   0: 0x8000abc8 (0x000087ba) c.mv    a5, a4
core   0: 3 0x8000abc8 (0x87ba) x15 0xe69f4000
core   0: 0x8000abca (0x340e6173) csrrsi  sp, mscratch, 28
core   0: 3 0x8000abca (0x340e6173) x2  0x0000001f c832_mscratch 0x0000001f
core   0: 0x8000abce (0x000090ba) c.add   ra, a4
core   0: 3 0x8000abce (0x90ba) x1  0xe69f3fff
core   0: 0x8000abd0 (0x03daed63) bltu    s5, t4, pc + 58
core   0: 3 0x8000abd0 (0x03daed63)
core   0: 0x8000abd4 (0x00008c79) c.and   s0, a4
core   0: 3 0x8000abd4 (0x8c79) x8  0x00010000
core   0: 0x8000abd6 (0x00008cba) c.mv    s9, a4
core   0: 3 0x8000abd6 (0x8cba) x25 0xe69f4000
core   0: 0x8000abd8 (0x027eacb3) mulhsu  s9, t4, t2
core   0: 3 0x8000abd8 (0x027eacb3) x25 0x00003400
core   0: 0x8000abdc (0x008cee33) or      t3, s9, s0
core   0: 3 0x8000abdc (0x008cee33) x28 0x00013400
core   0: 0x8000abe0 (0x019c70b3) and     ra, s8, s9
core   0: 3 0x8000abe0 (0x019c70b3) x1  0x00000000
core   0: 0x8000abe4 (0x0000915e) c.add   sp, s7
core   0: 3 0x8000abe4 (0x915e) x2  0x80025e47
core   0: 0x8000abe6 (0x0000e61d) c.bnez  a2, pc + 46
core   0: 3 0x8000abe6 (0xe61d)
core   0: 0x8000abe8 (0x340061f3) csrrsi  gp, mscratch, 0
core   0: 3 0x8000abe8 (0x340061f3) x3  0x0000001f
core   0: 0x8000abec (0x8951ce13) xori    t3, gp, -1899
core   0: 3 0x8000abec (0x8951ce13) x28 0xfffff88a
core   0: 0x8000abf0 (0x006e6ab3) or      s5, t3, t1
core   0: 3 0x8000abf0 (0x006e6ab3) x21 0xfffff88a
core   0: 0x8000abf4 (0x00a5f633) and     a2, a1, a0
core   0: 3 0x8000abf4 (0x00a5f633) x12 0x00000000
core   0: 0x8000abf8 (0x037bac33) mulhsu  s8, s7, s7
core   0: 3 0x8000abf8 (0x037bac33) x24 0xc0000005
core   0: 0x8000abfc (0x0144ee63) bltu    s1, s4, pc + 28
core   0: 3 0x8000abfc (0x0144ee63)
core   0: 0x8000ac00 (0x01d9e863) bltu    s3, t4, pc + 16
core   0: 3 0x8000ac00 (0x01d9e863)
core   0: 0x8000ac10 (0x6f81b693) sltiu   a3, gp, 1784
core   0: 3 0x8000ac10 (0x6f81b693) x13 0x00000001
core   0: 0x8000ac14 (0x3f0de213) ori     tp, s11, 1008
core   0: 3 0x8000ac14 (0x3f0de213) x4  0x9c8053f3
core   0: 0x8000ac18 (0x02bf1c33) mulh    s8, t5, a1
core   0: 3 0x8000ac18 (0x02bf1c33) x24 0x0cb01da9
core   0: 0x8000ac1c (0x00008fad) c.xor   a5, a1
core   0: 3 0x8000ac1c (0x8fad) x15 0x00000002
core   0: 0x8000ac1e (0x34099c73) csrrw   s8, mscratch, s3
core   0: 3 0x8000ac1e (0x34099c73) x24 0x0000001f c832_mscratch 0x053c8b76
core   0: 0x8000ac22 (0x023a30b3) mulhu   ra, s4, gp
core   0: 3 0x8000ac22 (0x023a30b3) x1  0x00000000
core   0: 0x8000ac26 (0x022395b3) mulh    a1, t2, sp
core   0: 3 0x8000ac26 (0x022395b3) x11 0xffff3003
core   0: 0x8000ac2a (0x01d9f733) and     a4, s3, t4
core   0: 3 0x8000ac2a (0x01d9f733) x14 0x00008302
core   0: 0x8000ac2e (0xbc19b093) sltiu   ra, s3, -1087
core   0: 3 0x8000ac2e (0xbc19b093) x1  0x00000001
core   0: 0x8000ac32 (0x00000d2a) c.slli  s10, 10
core   0: 3 0x8000ac32 (0x0d2a) x26 0x1bffec00
core   0: 0x8000ac34 (0x385bb013) sltiu   zero, s7, 901
core   0: 3 0x8000ac34 (0x385bb013)
core   0: 0x8000ac38 (0x00008dd9) c.or    a1, a4
core   0: 3 0x8000ac38 (0x8dd9) x11 0xffffb303
core   0: 0x8000ac3a (0x01a45533) srl     a0, s0, s10
core   0: 3 0x8000ac3a (0x01a45533) x10 0x00010000
core   0: 0x8000ac3e (0x00000001) c.nop
core   0: 3 0x8000ac3e (0x0001)
core   0: 0x8000ac40 (0x34006773) csrrsi  a4, mscratch, 0
core   0: 3 0x8000ac40 (0x34006773) x14 0x053c8b76
core   0: 0x8000ac44 (0x03b10963) beq     sp, s11, pc + 50
core   0: 3 0x8000ac44 (0x03b10963)
core   0: 0x8000ac48 (0x000085d2) c.mv    a1, s4
core   0: 3 0x8000ac48 (0x85d2) x11 0x00000000
core   0: 0x8000ac4a (0x019733b3) sltu    t2, a4, s9
core   0: 3 0x8000ac4a (0x019733b3) x7  0x00000000
core   0: 0x8000ac4e (0x7fc37d93) andi    s11, t1, 2044
core   0: 3 0x8000ac4e (0x7fc37d93) x27 0x00000000
core   0: 0x8000ac52 (0x40615db3) sra     s11, sp, t1
core   0: 3 0x8000ac52 (0x40615db3) x27 0xe0009791
core   0: 0x8000ac56 (0x3e661697) auipc   a3, 0x3e661
core   0: 3 0x8000ac56 (0x3e661697) x13 0xbe66bc56
core   0: 0x8000ac5a (0x00000b2e) c.slli  s6, 11
core   0: 3 0x8000ac5a (0x0b2e) x22 0x00000000
core   0: 0x8000ac5c (0x00a819b3) sll     s3, a6, a0
core   0: 3 0x8000ac5c (0x00a819b3) x19 0x00000001
core   0: 0x8000ac60 (0x024a1e63) bne     s4, tp, pc + 60
core   0: 3 0x8000ac60 (0x024a1e63)
core   0: 0x8000ac9c (0x001c63b3) or      t2, s8, ra
core   0: 3 0x8000ac9c (0x001c63b3) x7  0x0000001f
core   0: 0x8000aca0 (0x340e1b73) csrrw   s6, mscratch, t3
core   0: 3 0x8000aca0 (0x340e1b73) x22 0x053c8b76 c832_mscratch 0xfffff88a
core   0: 0x8000aca4 (0x00008c81) c.sub   s1, s0
core   0: 3 0x8000aca4 (0x8c81) x9  0x80019d24
core   0: 0x8000aca6 (0x000007d1) c.addi  a5, 20
core   0: 3 0x8000aca6 (0x07d1) x15 0x00000016
core   0: 0x8000aca8 (0x41150433) sub     s0, a0, a7
core   0: 3 0x8000aca8 (0x41150433) x8  0x7ffe62dc
core   0: 0x8000acac (0x00008c91) c.sub   s1, a2
core   0: 3 0x8000acac (0x8c91) x9  0x80019d24
core   0: 0x8000acae (0x00008d4d) c.or    a0, a1
core   0: 3 0x8000acae (0x8d4d) x10 0x00010000
core   0: 0x8000acb0 (0x1bb58613) addi    a2, a1, 443
core   0: 3 0x8000acb0 (0x1bb58613) x12 0x000001bb
core   0: 0x8000acb4 (0x00081733) sll     a4, a6, zero
core   0: 3 0x8000acb4 (0x00081733) x14 0x00000001
core   0: 0x8000acb8 (0x0131d4b3) srl     s1, gp, s3
core   0: 3 0x8000acb8 (0x0131d4b3) x9  0x0000000f
core   0: 0x8000acbc (0x00008f6d) c.and   a4, a1
core   0: 3 0x8000acbc (0x8f6d) x14 0x00000000
core   0: 0x8000acbe (0x0000642d) c.lui   s0, 0xb
core   0: 3 0x8000acbe (0x642d) x8  0x0000b000
core   0: 0x8000acc0 (0x0374e833) rem     a6, s1, s7
core   0: 3 0x8000acc0 (0x0374e833) x16 0x0000000f
core   0: 0x8000acc4 (0xe93a7093) andi    ra, s4, -365
core   0: 3 0x8000acc4 (0xe93a7093) x1  0x00000000
core   0: 0x8000acc8 (0x0ff0000f) fence   iorw,iorw
core   0: 3 0x8000acc8 (0x0ff0000f)
core   0: 0x8000accc (0xe3a57013) andi    zero, a0, -454
core   0: 3 0x8000accc (0xe3a57013)
core   0: 0x8000acd0 (0xf364fa93) andi    s5, s1, -202
core   0: 3 0x8000acd0 (0xf364fa93) x21 0x00000006
core   0: 0x8000acd4 (0x00000001) c.nop
core   0: 3 0x8000acd4 (0x0001)
core   0: 0x8000acd6 (0x4188d413) srai    s0, a7, 24
core   0: 3 0x8000acd6 (0x4188d413) x8  0xffffff80
core   0: 0x8000acda (0x00e6cd33) xor     s10, a3, a4
core   0: 3 0x8000acda (0x00e6cd33) x26 0xbe66bc56
core   0: 0x8000acde (0x00b950b3) srl     ra, s2, a1
core   0: 3 0x8000acde (0x00b950b3) x1  0x00000000
core   0: 0x8000ace2 (0x029ac4b3) div     s1, s5, s1
core   0: 3 0x8000ace2 (0x029ac4b3) x9  0x00000000
core   0: 0x8000ace6 (0xa4aea917) auipc   s2, 0xa4aea
core   0: 3 0x8000ace6 (0xa4aea917) x18 0x24af4ce6
core   0: 0x8000acea (0x0000879a) c.mv    a5, t1
core   0: 3 0x8000acea (0x879a) x15 0x00000002
core   0: 0x8000acec (0xcb328013) addi    zero, t0, -845
core   0: 3 0x8000acec (0xcb328013)
core   0: 0x8000acf0 (0x00001c7d) c.addi  s8, -1
core   0: 3 0x8000acf0 (0x1c7d) x24 0x0000001e
core   0: 0x8000acf2 (0x0000cd0d) c.beqz  a0, pc + 58
core   0: 3 0x8000acf2 (0xcd0d)
core   0: 0x8000acf4 (0x00c3be33) sltu    t3, t2, a2
core   0: 3 0x8000acf4 (0x00c3be33) x28 0x00000001
core   0: 0x8000acf8 (0x0000ca85) c.beqz  a3, pc + 48
core   0: 3 0x8000acf8 (0xca85)
core   0: 0x8000acfa (0x023a8733) mul     a4, s5, gp
core   0: 3 0x8000acfa (0x023a8733) x14 0x000000ba
core   0: 0x8000acfe (0x00008f59) c.or    a4, a4
core   0: 3 0x8000acfe (0x8f59) x14 0x000000ba
core   0: 0x8000ad00 (0x000046dd) c.li    a3, 23
core   0: 3 0x8000ad00 (0x46dd) x13 0x00000017
core   0: 0x8000ad02 (0x34041ff3) csrrw   t6, mscratch, s0
core   0: 3 0x8000ad02 (0x34041ff3) x31 0xfffff88a c832_mscratch 0xffffff80
core   0: 0x8000ad06 (0x1e75ad13) slti    s10, a1, 487
core   0: 3 0x8000ad06 (0x1e75ad13) x26 0x00000001
core   0: 0x8000ad0a (0xd81eb397) auipc   t2, 0xd81eb
core   0: 3 0x8000ad0a (0xd81eb397) x7  0x581f5d0a
core   0: 0x8000ad0e (0x0343a5b3) mulhsu  a1, t2, s4
core   0: 3 0x8000ad0e (0x0343a5b3) x11 0x00000000
core   0: 0x8000ad12 (0x02cc9cb3) mulh    s9, s9, a2
core   0: 3 0x8000ad12 (0x02cc9cb3) x25 0x00000000
core   0: 0x8000ad16 (0x00611763) bne     sp, t1, pc + 14
core   0: 3 0x8000ad16 (0x00611763)
core   0: 0x8000ad24 (0x01eb4a63) blt     s6, t5, pc + 20
core   0: 3 0x8000ad24 (0x01eb4a63)
core   0: 0x8000ad28 (0x0000100f) fence.i
core   0: 3 0x8000ad28 (0x0000100f)
core   0: 0x8000ad2c (0x40b25693) srai    a3, tp, 11
core   0: 3 0x8000ad2c (0x40b25693) x13 0xfff3900a
core   0: 0x8000ad30 (0x00e403b3) add     t2, s0, a4
core   0: 3 0x8000ad30 (0x00e403b3) x7  0x0000003a
core   0: 0x8000ad34 (0x00772733) slt     a4, a4, t2
core   0: 3 0x8000ad34 (0x00772733) x14 0x00000000
core   0: 0x8000ad38 (0xdb99be37) lui     t3, 0xdb99b
core   0: 3 0x8000ad38 (0xdb99be37) x28 0xdb99b000
core   0: 0x8000ad3c (0x00008799) c.srai  a5, 6
core   0: 3 0x8000ad3c (0x8799) x15 0x00000000
core   0: 0x8000ad3e (0xb25d6c13) ori     s8, s10, -1243
core   0: 3 0x8000ad3e (0xb25d6c13) x24 0xfffffb25
core   0: 0x8000ad42 (0x01411033) sll     zero, sp, s4
core   0: 3 0x8000ad42 (0x01411033)
core   0: 0x8000ad46 (0x913eae37) lui     t3, 0x913ea
core   0: 3 0x8000ad46 (0x913eae37) x28 0x913ea000
core   0: 0x8000ad4a (0x340d5a73) csrrwi  s4, mscratch, 26
core   0: 3 0x8000ad4a (0x340d5a73) x20 0xffffff80 c832_mscratch 0x0000001a
core   0: 0x8000ad4e (0x00008009) c.srli  s0, 2
core   0: 3 0x8000ad4e (0x8009) x8  0x3fffffe0
core   0: 0x8000ad50 (0x3d6ebf93) sltiu   t6, t4, 982
core   0: 3 0x8000ad50 (0x3d6ebf93) x31 0x00000000
core   0: 0x8000ad54 (0x00008ffd) c.and   a5, a5
core   0: 3 0x8000ad54 (0x8ffd) x15 0x00000000
core   0: 0x8000ad56 (0x01434433) xor     s0, t1, s4
core   0: 3 0x8000ad56 (0x01434433) x8  0xffffff82
core   0: 0x8000ad5a (0x34003373) csrrc   t1, mscratch, zero
core   0: 3 0x8000ad5a (0x34003373) x6  0x0000001a
core   0: 0x8000ad5e (0x34083b73) csrrc   s6, mscratch, a6
core   0: 3 0x8000ad5e (0x34083b73) x22 0x0000001a c832_mscratch 0x00000010
core   0: 0x8000ad62 (0x0ff9fa93) andi    s5, s3, 255
core   0: 3 0x8000ad62 (0x0ff9fa93) x21 0x00000001
core   0: 0x8000ad66 (0x0202ae33) mulhsu  t3, t0, zero
core   0: 3 0x8000ad66 (0x0202ae33) x28 0x00000000
core   0: 0x8000ad6a (0x46863693) sltiu   a3, a2, 1128
core   0: 3 0x8000ad6a (0x46863693) x13 0x00000001
core   0: 0x8000ad6e (0x00008e99) c.sub   a3, a4
core   0: 3 0x8000ad6e (0x8e99) x13 0x00000001
core   0: 0x8000ad70 (0x00000001) c.nop
core   0: 3 0x8000ad70 (0x0001)
core   0: 0x8000ad72 (0x026ea033) mulhsu  zero, t4, t1
core   0: 3 0x8000ad72 (0x026ea033)
core   0: 0x8000ad76 (0x3407e973) csrrsi  s2, mscratch, 15
core   0: 3 0x8000ad76 (0x3407e973) x18 0x00000010 c832_mscratch 0x0000001f
core   0: 0x8000ad7a (0x0092d533) srl     a0, t0, s1
core   0: 3 0x8000ad7a (0x0092d533) x10 0xf57d8a0a
core   0: 0x8000ad7e (0x03adbd33) mulhu   s10, s11, s10
core   0: 3 0x8000ad7e (0x03adbd33) x26 0x00000000
core   0: 0x8000ad82 (0x01e9d993) srli    s3, s3, 30
core   0: 3 0x8000ad82 (0x01e9d993) x19 0x00000000
core   0: 0x8000ad86 (0xe74faf93) slti    t6, t6, -396
core   0: 3 0x8000ad86 (0xe74faf93) x31 0x00000000
core   0: 0x8000ad8a (0x0000197d) c.addi  s2, -1
core   0: 3 0x8000ad8a (0x197d) x18 0x0000000f
core   0: 0x8000ad8c (0x3f44e793) ori     a5, s1, 1012
core   0: 3 0x8000ad8c (0x3f44e793) x15 0x000003f4
core   0: 0x8000ad90 (0x01e0beb3) sltu    t4, ra, t5
core   0: 3 0x8000ad90 (0x01e0beb3) x29 0x00000001
core   0: 0x8000ad94 (0x34025673) csrrwi  a2, mscratch, 4
core   0: 3 0x8000ad94 (0x34025673) x12 0x0000001f c832_mscratch 0x00000004
core   0: 0x8000ad98 (0x0000927a) c.add   tp, t5
core   0: 3 0x8000ad98 (0x927a) x4  0x1c82f117
core   0: 0x8000ad9a (0xc8b7c013) xori    zero, a5, -885
core   0: 3 0x8000ad9a (0xc8b7c013)
core   0: 0x8000ad9e (0x003dad33) slt     s10, s11, gp
core   0: 3 0x8000ad9e (0x003dad33) x26 0x00000001
core   0: 0x8000ada2 (0x00006117) auipc   sp, 0x6
core   0: 3 0x8000ada2 (0x00006117) x2  0x80010da2
core   0: 0x8000ada6 (0x29710113) addi    sp, sp, 663
core   0: 3 0x8000ada6 (0x29710113) x2  0x80011039
core   0: 0x8000adaa (0x34002af3) csrr    s5, mscratch
core   0: 3 0x8000adaa (0x34002af3) x21 0x00000004
core   0: 0x8000adae (0x006116a3) sh      t1, 13(sp)
core   0: 3 0x8000adae (0x006116a3) mem 0x80011046 0x001a
core   0: 0x8000adb2 (0x340024f3) csrr    s1, mscratch
core   0: 3 0x8000adb2 (0x340024f3) x9  0x00000004
core   0: 0x8000adb6 (0xff312483) lw      s1, -13(sp)
core   0: 3 0x8000adb6 (0xff312483) x9  0xe4e5e6e7 mem 0x8001102c
core   0: 0x8000adba (0x00014683) lbu     a3, 0(sp)
core   0: 3 0x8000adba (0x00014683) x13 0x000000f2 mem 0x80011039
core   0: 0x8000adbe (0x00610203) lb      tp, 6(sp)
core   0: 3 0x8000adbe (0x00610203) x4  0xfffffff4 mem 0x8001103f
core   0: 0x8000adc2 (0xffa14d83) lbu     s11, -6(sp)
core   0: 3 0x8000adc2 (0xffa14d83) x27 0x000000e8 mem 0x80011033
core   0: 0x8000adc6 (0xff014f83) lbu     t6, -16(sp)
core   0: 3 0x8000adc6 (0xff014f83) x31 0x000000e2 mem 0x80011029
core   0: 0x8000adca (0xff711703) lh      a4, -9(sp)
core   0: 3 0x8000adca (0xff711703) x14 0xffffeaeb mem 0x80011030
core   0: 0x8000adce (0x000081e9) c.srli  a1, 26
core   0: 3 0x8000adce (0x81e9) x11 0x00000000
core   0: 0x8000add0 (0xd7bbb613) sltiu   a2, s7, -645
core   0: 3 0x8000add0 (0xd7bbb613) x12 0x00000001
core   0: 0x8000add4 (0xea9f1637) lui     a2, 0xea9f1
core   0: 3 0x8000add4 (0xea9f1637) x12 0xea9f1000
core   0: 0x8000add8 (0x00008dc1) c.or    a1, s0
core   0: 3 0x8000add8 (0x8dc1) x11 0xffffff82
core   0: 0x8000adda (0x0c4ef337) lui     t1, 0xc4ef
core   0: 3 0x8000adda (0x0c4ef337) x6  0x0c4ef000
core   0: 0x8000adde (0x00000412) c.slli  s0, 4
core   0: 3 0x8000adde (0x0412) x8  0xfffff820
core   0: 0x8000ade0 (0x00d10a03) lb      s4, 13(sp)
core   0: 3 0x8000ade0 (0x00d10a03) x20 0x0000001a mem 0x80011046
core   0: 0x8000ade4 (0xff410da3) sb      s4, -5(sp)
core   0: 3 0x8000ade4 (0xff410da3) mem 0x80011034 0x1a
core   0: 0x8000ade8 (0x00114a83) lbu     s5, 1(sp)
core   0: 3 0x8000ade8 (0x00114a83) x21 0x000000f1 mem 0x8001103a
core   0: 0x8000adec (0x00ecacb3) slt     s9, s9, a4
core   0: 3 0x8000adec (0x00ecacb3) x25 0x00000000
core   0: 0x8000adf0 (0x00311b03) lh      s6, 3(sp)
core   0: 3 0x8000adf0 (0x00311b03) x22 0xfffff6f7 mem 0x8001103c
core   0: 0x8000adf4 (0x34039ff3) csrrw   t6, mscratch, t2
core   0: 3 0x8000adf4 (0x34039ff3) x31 0x00000004 c832_mscratch 0x0000003a
core   0: 0x8000adf8 (0x013121a3) sw      s3, 3(sp)
core   0: 3 0x8000adf8 (0x013121a3) mem 0x8001103c 0x00000000
core   0: 0x8000adfc (0x003121a3) sw      gp, 3(sp)
core   0: 3 0x8000adfc (0x003121a3) mem 0x8001103c 0x0000001f
core   0: 0x8000ae00 (0x00008621) c.srai  a2, 8
core   0: 3 0x8000ae00 (0x8621) x12 0xffea9f10
core   0: 0x8000ae02 (0xffd14303) lbu     t1, -3(sp)
core   0: 3 0x8000ae02 (0xffd14303) x6  0x000000ed mem 0x80011036
core   0: 0x8000ae06 (0x0000694d) c.lui   s2, 0x13
core   0: 3 0x8000ae06 (0x694d) x18 0x00013000
core   0: 0x8000ae08 (0xff310303) lb      t1, -13(sp)
core   0: 3 0x8000ae08 (0xff310303) x6  0xffffffe7 mem 0x8001102c
core   0: 0x8000ae0c (0xff712903) lw      s2, -9(sp)
core   0: 3 0x8000ae0c (0xff712903) x18 0xe8e9eaeb mem 0x80011030
core   0: 0x8000ae10 (0x01182b33) slt     s6, a6, a7
core   0: 3 0x8000ae10 (0x01182b33) x22 0x00000000
core   0: 0x8000ae14 (0xff315303) lhu     t1, -13(sp)
core   0: 3 0x8000ae14 (0xff315303) x6  0x0000e6e7 mem 0x8001102c
core   0: 0x8000ae18 (0x00814183) lbu     gp, 8(sp)
core   0: 3 0x8000ae18 (0x00814183) x3  0x000000fa mem 0x80011041
core   0: 0x8000ae1c (0x00814a03) lbu     s4, 8(sp)
core   0: 3 0x8000ae1c (0x00814a03) x20 0x000000fa mem 0x80011041
core   0: 0x8000ae20 (0x340459f3) csrrwi  s3, mscratch, 8
core   0: 3 0x8000ae20 (0x340459f3) x19 0x0000003a c832_mscratch 0x00000008
core   0: 0x8000ae24 (0xff010983) lb      s3, -16(sp)
core   0: 3 0x8000ae24 (0xff010983) x19 0xffffffe2 mem 0x80011029
core   0: 0x8000ae28 (0x00000001) c.nop
core   0: 3 0x8000ae28 (0x0001)
core   0: 0x8000ae2a (0x00008a05) c.andi  a2, 1
core   0: 3 0x8000ae2a (0x8a05) x12 0x00000000
core   0: 0x8000ae2c (0x01bf37b3) sltu    a5, t5, s11
core   0: 3 0x8000ae2c (0x01bf37b3) x15 0x00000000
core   0: 0x8000ae30 (0x3406b373) csrrc   t1, mscratch, a3
core   0: 3 0x8000ae30 (0x3406b373) x6  0x00000008 c832_mscratch 0x00000008
core   0: 0x8000ae34 (0x00b94833) xor     a6, s2, a1
core   0: 3 0x8000ae34 (0x00b94833) x16 0x17161569
core   0: 0x8000ae38 (0x02133733) mulhu   a4, t1, ra
core   0: 3 0x8000ae38 (0x02133733) x14 0x00000000
core   0: 0x8000ae3c (0x000007fe) c.slli  a5, 31
core   0: 3 0x8000ae3c (0x07fe) x15 0x00000000
core   0: 0x8000ae3e (0x03aa6fb3) rem     t6, s4, s10
core   0: 3 0x8000ae3e (0x03aa6fb3) x31 0x00000000
core   0: 0x8000ae42 (0x4487ca13) xori    s4, a5, 1096
core   0: 3 0x8000ae42 (0x4487ca13) x20 0x00000448
core   0: 0x8000ae46 (0x34002173) csrr    sp, mscratch
core   0: 3 0x8000ae46 (0x34002173) x2  0x00000008
core   0: 0x8000ae4a (0x4b0d54b7) lui     s1, 0x4b0d5
core   0: 3 0x8000ae4a (0x4b0d54b7) x9  0x4b0d5000
core   0: 0x8000ae4e (0x0000717d) c.addi16sp sp, -16
core   0: 3 0x8000ae4e (0x717d) x2  0xfffffff8
core   0: 0x8000ae50 (0x00a99263) bne     s3, a0, pc + 4
core   0: 3 0x8000ae50 (0x00a99263)
core   0: 0x8000ae54 (0x01fdb3b3) sltu    t2, s11, t6
core   0: 3 0x8000ae54 (0x01fdb3b3) x7  0x00000000
core   0: 0x8000ae58 (0x02871833) mulh    a6, a4, s0
core   0: 3 0x8000ae58 (0x02871833) x16 0x00000000
core   0: 0x8000ae5c (0x000098fd) c.andi  s1, -1
core   0: 3 0x8000ae5c (0x98fd) x9  0x4b0d5000
core   0: 0x8000ae5e (0xa9ca2b37) lui     s6, 0xa9ca2
core   0: 3 0x8000ae5e (0xa9ca2b37) x22 0xa9ca2000
core   0: 0x8000ae62 (0x01ffbfb3) sltu    t6, t6, t6
core   0: 3 0x8000ae62 (0x01ffbfb3) x31 0x00000000
core   0: 0x8000ae66 (0x03c0d533) divu    a0, ra, t3
core   0: 3 0x8000ae66 (0x03c0d533) x10 0xffffffff
core   0: 0x8000ae6a (0x03b80633) mul     a2, a6, s11
core   0: 3 0x8000ae6a (0x03b80633) x12 0x00000000
core   0: 0x8000ae6e (0x034c9b63) bne     s9, s4, pc + 54
core   0: 3 0x8000ae6e (0x034c9b63)
core   0: 0x8000aea4 (0x00008261) c.srli  a2, 24
core   0: 3 0x8000aea4 (0x8261) x12 0x00000000
core   0: 0x8000aea6 (0x75e04e13) xori    t3, zero, 1886
core   0: 3 0x8000aea6 (0x75e04e13) x28 0x0000075e
core   0: 0x8000aeaa (0x0249e563) bltu    s3, tp, pc + 42
core   0: 3 0x8000aeaa (0x0249e563)
core   0: 0x8000aed4 (0x00ea8b63) beq     s5, a4, pc + 22
core   0: 3 0x8000aed4 (0x00ea8b63)
core   0: 0x8000aed8 (0x011c9e93) slli    t4, s9, 17
core   0: 3 0x8000aed8 (0x011c9e93) x29 0x00000000
core   0: 0x8000aedc (0x0057df93) srli    t6, a5, 5
core   0: 3 0x8000aedc (0x0057df93) x31 0x00000000
core   0: 0x8000aee0 (0x03dcbab3) mulhu   s5, s9, t4
core   0: 3 0x8000aee0 (0x03dcbab3) x21 0x00000000
core   0: 0x8000aee4 (0x00000001) c.nop
core   0: 3 0x8000aee4 (0x0001)
core   0: 0x8000aee6 (0x340fb373) csrrc   t1, mscratch, t6
core   0: 3 0x8000aee6 (0x340fb373) x6  0x00000008 c832_mscratch 0x00000008
core   0: 0x8000aeea (0x038a4b33) div     s6, s4, s8
core   0: 3 0x8000aeea (0x038a4b33) x22 0x00000000
core   0: 0x8000aeee (0x34081873) csrrw   a6, mscratch, a6
core   0: 3 0x8000aeee (0x34081873) x16 0x00000008 c832_mscratch 0x00000000
core   0: 0x8000aef2 (0x57b1c713) xori    a4, gp, 1403
core   0: 3 0x8000aef2 (0x57b1c713) x14 0x00000581
core   0: 0x8000aef6 (0x0000100f) fence.i
core   0: 3 0x8000aef6 (0x0000100f)
core   0: 0x8000aefa (0x0000e321) c.bnez  a4, pc + 64
core   0: 3 0x8000aefa (0xe321)
core   0: 0x8000af3a (0x00008fe1) c.and   a5, s0
core   0: 3 0x8000af3a (0x8fe1) x15 0x00000000
core   0: 0x8000af3c (0x03f117b3) mulh    a5, sp, t6
core   0: 3 0x8000af3c (0x03f117b3) x15 0x00000000
core   0: 0x8000af40 (0x000059ed) c.li    s3, -5
core   0: 3 0x8000af40 (0x59ed) x19 0xfffffffb
core   0: 0x8000af42 (0x0040b833) sltu    a6, ra, tp
core   0: 3 0x8000af42 (0x0040b833) x16 0x00000001
core   0: 0x8000af46 (0x01675833) srl     a6, a4, s6
core   0: 3 0x8000af46 (0x01675833) x16 0x00000581
core   0: 0x8000af4a (0x0081d833) srl     a6, gp, s0
core   0: 3 0x8000af4a (0x0081d833) x16 0x000000fa
core   0: 0x8000af4e (0x00ce9133) sll     sp, t4, a2
core   0: 3 0x8000af4e (0x00ce9133) x2  0x00000000
core   0: 0x8000af52 (0x0ff0000f) fence   iorw,iorw
core   0: 3 0x8000af52 (0x0ff0000f)
core   0: 0x8000af56 (0x8460e213) ori     tp, ra, -1978
core   0: 3 0x8000af56 (0x8460e213) x4  0xfffff846
core   0: 0x8000af5a (0x00cb3633) sltu    a2, s6, a2
core   0: 3 0x8000af5a (0x00cb3633) x12 0x00000000
core   0: 0x8000af5e (0x340656f3) csrrwi  a3, mscratch, 12
core   0: 3 0x8000af5e (0x340656f3) x13 0x00000000 c832_mscratch 0x0000000c
core   0: 0x8000af62 (0x41d4d693) srai    a3, s1, 29
core   0: 3 0x8000af62 (0x41d4d693) x13 0x00000002
core   0: 0x8000af66 (0x01d2d133) srl     sp, t0, t4
core   0: 3 0x8000af66 (0x01d2d133) x2  0xf57d8a0a
core   0: 0x8000af6a (0x007a3233) sltu    tp, s4, t2
core   0: 3 0x8000af6a (0x007a3233) x4  0x00000000
core   0: 0x8000af6e (0xa2571cb7) lui     s9, 0xa2571
core   0: 3 0x8000af6e (0xa2571cb7) x25 0xa2571000
core   0: 0x8000af72 (0x00008cea) c.mv    s9, s10
core   0: 3 0x8000af72 (0x8cea) x25 0x00000001
core   0: 0x8000af74 (0x34003373) csrrc   t1, mscratch, zero
core   0: 3 0x8000af74 (0x34003373) x6  0x0000000c
core   0: 0x8000af78 (0x0000e289) c.bnez  a3, pc + 2
core   0: 3 0x8000af78 (0xe289)
core   0: 0x8000af7a (0x340c98f3) csrrw   a7, mscratch, s9
core   0: 3 0x8000af7a (0x340c98f3) x17 0x0000000c c832_mscratch 0x00000001
core   0: 0x8000af7e (0x000010fd) c.addi  ra, -1
core   0: 3 0x8000af7e (0x10fd) x1  0xffffffff
core   0: 0x8000af80 (0x00000588) c.addi4spn a0, sp, 704
core   0: 3 0x8000af80 (0x0588) x10 0xf57d8cca
core   0: 0x8000af82 (0x340034f3) csrrc   s1, mscratch, zero
core   0: 3 0x8000af82 (0x340034f3) x9  0x00000001
core   0: 0x8000af86 (0x402ed513) srai    a0, t4, 2
core   0: 3 0x8000af86 (0x402ed513) x10 0x00000000
core   0: 0x8000af8a (0x00008751) c.srai  a4, 20
core   0: 3 0x8000af8a (0x8751) x14 0x00000000
core   0: 0x8000af8c (0x01a95513) srli    a0, s2, 26
core   0: 3 0x8000af8c (0x01a95513) x10 0x0000003a
core   0: 0x8000af90 (0x340067f3) csrrsi  a5, mscratch, 0
core   0: 3 0x8000af90 (0x340067f3) x15 0x00000001
core   0: 0x8000af94 (0x02ebc663) blt     s7, a4, pc + 44
core   0: 3 0x8000af94 (0x02ebc663)
core   0: 0x8000afc0 (0x02f3a133) mulhsu  sp, t2, a5
core   0: 3 0x8000afc0 (0x02f3a133) x2  0x00000000
core   0: 0x8000afc4 (0x00b52133) slt     sp, a0, a1
core   0: 3 0x8000afc4 (0x00b52133) x2  0x00000000
core   0: 0x8000afc8 (0x00009ff2) c.add   t6, t3
core   0: 3 0x8000afc8 (0x9ff2) x31 0x0000075e
core   0: 0x8000afca (0x340d77f3) csrrci  a5, mscratch, 26
core   0: 3 0x8000afca (0x340d77f3) x15 0x00000001 c832_mscratch 0x00000001
core   0: 0x8000afce (0x0000157d) c.addi  a0, -1
core   0: 3 0x8000afce (0x157d) x10 0x00000039
core   0: 0x8000afd0 (0x0000717d) c.addi16sp sp, -16
core   0: 3 0x8000afd0 (0x717d) x2  0xfffffff0
core   0: 0x8000afd2 (0x0000717d) c.addi16sp sp, -16
core   0: 3 0x8000afd2 (0x717d) x2  0xffffffe0
core   0: 0x8000afd4 (0x00000001) c.nop
core   0: 3 0x8000afd4 (0x0001)
core   0: 0x8000afd6 (0x025795b3) mulh    a1, a5, t0
core   0: 3 0x8000afd6 (0x025795b3) x11 0xffffffff
core   0: 0x8000afda (0x00000d14) c.addi4spn a3, sp, 656
core   0: 3 0x8000afda (0x0d14) x13 0x00000270
core   0: 0x8000afdc (0x00f89213) slli    tp, a7, 15
core   0: 3 0x8000afdc (0x00f89213) x4  0x00060000
core   0: 0x8000afe0 (0x021441b3) div     gp, s0, ra
core   0: 3 0x8000afe0 (0x021441b3) x3  0x000007e0
core   0: 0x8000afe4 (0x00000001) c.nop
core   0: 3 0x8000afe4 (0x0001)
core   0: 0x8000afe6 (0xe976ee13) ori     t3, a3, -361
core   0: 3 0x8000afe6 (0xe976ee13) x28 0xfffffef7
core   0: 0x8000afea (0x3406db73) csrrwi  s6, mscratch, 13
core   0: 3 0x8000afea (0x3406db73) x22 0x00000001 c832_mscratch 0x0000000d
core   0: 0x8000afee (0x41fcd733) sra     a4, s9, t6
core   0: 3 0x8000afee (0x41fcd733) x14 0x00000000
core   0: 0x8000aff2 (0x0301c233) div     tp, gp, a6
core   0: 3 0x8000aff2 (0x0301c233) x4  0x00000008
core   0: 0x8000aff6 (0x0374e033) rem     zero, s1, s7
core   0: 3 0x8000aff6 (0x0374e033)
core   0: 0x8000affa (0x02e21f63) bne     tp, a4, pc + 62
core   0: 3 0x8000affa (0x02e21f63)
core   0: 0x8000b038 (0x000004fa) c.slli  s1, 30
core   0: 3 0x8000b038 (0x04fa) x9  0x40000000
core   0: 0x8000b03a (0x07326497) auipc   s1, 0x7326
core   0: 3 0x8000b03a (0x07326497) x9  0x8733103a
core   0: 0x8000b03e (0x01575ab3) srl     s5, a4, s5
core   0: 3 0x8000b03e (0x01575ab3) x21 0x00000000
core   0: 0x8000b042 (0xf7742113) slti    sp, s0, -137
core   0: 3 0x8000b042 (0xf7742113) x2  0x00000001
core   0: 0x8000b046 (0x41ee03b3) sub     t2, t3, t5
core   0: 3 0x8000b046 (0x41ee03b3) x7  0x7ffd61d3
core   0: 0x8000b04a (0x0ff0000f) fence   iorw,iorw
core   0: 3 0x8000b04a (0x0ff0000f)
core   0: 0x8000b04e (0x03b57863) bgeu    a0, s11, pc + 48
core   0: 3 0x8000b04e (0x03b57863)
core   0: 0x8000b052 (0xfcd22693) slti    a3, tp, -51
core   0: 3 0x8000b052 (0xfcd22693) x13 0x00000000
core   0: 0x8000b056 (0x34003a73) csrrc   s4, mscratch, zero
core   0: 3 0x8000b056 (0x34003a73) x20 0x0000000d
core   0: 0x8000b05a (0x00000e45) c.addi  t3, 17
core   0: 3 0x8000b05a (0x0e45) x28 0xffffff08
core   0: 0x8000b05c (0x01b54963) blt     a0, s11, pc + 18
core   0: 3 0x8000b05c (0x01b54963)
core   0: 0x8000b06e (0x0000879a) c.mv    a5, t1
core   0: 3 0x8000b06e (0x879a) x15 0x0000000c
core   0: 0x8000b070 (0x03f13b33) mulhu   s6, sp, t6
core   0: 3 0x8000b070 (0x03f13b33) x22 0x00000000
core   0: 0x8000b074 (0x0000717d) c.addi16sp sp, -16
core   0: 3 0x8000b074 (0x717d) x2  0xfffffff1
core   0: 0x8000b076 (0x0000c791) c.beqz  a5, pc + 12
core   0: 3 0x8000b076 (0xc791)
core   0: 0x8000b078 (0xda084313) xori    t1, a6, -608
core   0: 3 0x8000b078 (0xda084313) x6  0xfffffd5a
core   0: 0x8000b07c (0x00008ded) c.and   a1, a1
core   0: 3 0x8000b07c (0x8ded) x11 0xffffffff
core   0: 0x8000b07e (0x03dee763) bltu    t4, t4, pc + 46
core   0: 3 0x8000b07e (0x03dee763)
core   0: 0x8000b082 (0x0077f3b3) and     t2, a5, t2
core   0: 3 0x8000b082 (0x0077f3b3) x7  0x00000000
core   0: 0x8000b086 (0x4129d113) srai    sp, s3, 18
core   0: 3 0x8000b086 (0x4129d113) x2  0xffffffff
core   0: 0x8000b08a (0x00006e31) c.lui   t3, 0xc
core   0: 3 0x8000b08a (0x6e31) x28 0x0000c000
core   0: 0x8000b08c (0x340494f3) csrrw   s1, mscratch, s1
core   0: 3 0x8000b08c (0x340494f3) x9  0x0000000d c832_mscratch 0x8733103a
core   0: 0x8000b090 (0x00008115) c.srli  a0, 5
core   0: 3 0x8000b090 (0x8115) x10 0x00000001
core   0: 0x8000b092 (0x033fba33) mulhu   s4, t6, s3
core   0: 3 0x8000b092 (0x033fba33) x20 0x0000075d
core   0: 0x8000b096 (0x00006165) c.addi16sp sp, 112
core   0: 3 0x8000b096 (0x6165) x2  0x0000006f
core   0: 0x8000b098 (0x340d5173) csrrwi  sp, mscratch, 26
core   0: 3 0x8000b098 (0x340d5173) x2  0x8733103a c832_mscratch 0x0000001a
core   0: 0x8000b09c (0x019913b3) sll     t2, s2, s9
core   0: 3 0x8000b09c (0x019913b3) x7  0xd1d3d5d6
core   0: 0x8000b0a0 (0x03bdc663) blt     s11, s11, pc + 44
core   0: 3 0x8000b0a0 (0x03bdc663)
core   0: 0x8000b0a4 (0x007f1933) sll     s2, t5, t2
core   0: 3 0x8000b0a4 (0x007f1933) x18 0x49000000
core   0: 0x8000b0a8 (0xf17de593) ori     a1, s11, -233
core   0: 3 0x8000b0a8 (0xf17de593) x11 0xffffffff
core   0: 0x8000b0ac (0x340e2af3) csrrs   s5, mscratch, t3
core   0: 3 0x8000b0ac (0x340e2af3) x21 0x0000001a c832_mscratch 0x0000c01a
core   0: 0x8000b0b0 (0x00f7e563) bltu    a5, a5, pc + 10
core   0: 3 0x8000b0b0 (0x00f7e563)
core   0: 0x8000b0b4 (0x02cb4db3) div     s11, s6, a2
core   0: 3 0x8000b0b4 (0x02cb4db3) x27 0xffffffff
core   0: 0x8000b0b8 (0x00000001) c.nop
core   0: 3 0x8000b0b8 (0x0001)
core   0: 0x8000b0ba (0x03ea3fb3) mulhu   t6, s4, t5
core   0: 3 0x8000b0ba (0x03ea3fb3) x31 0x000003ae
core   0: 0x8000b0be (0x0000100f) fence.i
core   0: 3 0x8000b0be (0x0000100f)
core   0: 0x8000b0c2 (0x00420d63) beq     tp, tp, pc + 26
core   0: 3 0x8000b0c2 (0x00420d63)
core   0: 0x8000b0dc (0x00000e52) c.slli  t3, 20
core   0: 3 0x8000b0dc (0x0e52) x28 0x00000000
core   0: 0x8000b0de (0x016a7863) bgeu    s4, s6, pc + 16
core   0: 3 0x8000b0de (0x016a7863)
core   0: 0x8000b0ee (0x40ac0e33) sub     t3, s8, a0
core   0: 3 0x8000b0ee (0x40ac0e33) x28 0xfffffb24
core   0: 0x8000b0f2 (0x0037a833) slt     a6, a5, gp
core   0: 3 0x8000b0f2 (0x0037a833) x16 0x00000001
core   0: 0x8000b0f6 (0x023d60b3) rem     ra, s10, gp
core   0: 3 0x8000b0f6 (0x023d60b3) x1  0x00000001
core   0: 0x8000b0fa (0x01cce6b3) or      a3, s9, t3
core   0: 3 0x8000b0fa (0x01cce6b3) x13 0xfffffb25
core   0: 0x8000b0fe (0x02a79eb3) mulh    t4, a5, a0
core   0: 3 0x8000b0fe (0x02a79eb3) x29 0x00000000
core   0: 0x8000b102 (0xe031b713) sltiu   a4, gp, -509
core   0: 3 0x8000b102 (0xe031b713) x14 0x00000001
core   0: 0x8000b106 (0x03a0d963) bge     ra, s10, pc + 50
core   0: 3 0x8000b106 (0x03a0d963)
core   0: 0x8000b138 (0x40585793) srai    a5, a6, 5
core   0: 3 0x8000b138 (0x40585793) x15 0x00000000
core   0: 0x8000b13c (0x3400e7f3) csrrsi  a5, mscratch, 1
core   0: 3 0x8000b13c (0x3400e7f3) x15 0x0000c01a c832_mscratch 0x0000c01b
core   0: 0x8000b140 (0x0000577d) c.li    a4, -1
core   0: 3 0x8000b140 (0x577d) x14 0xffffffff
core   0: 0x8000b142 (0x02284d33) div     s10, a6, sp
core   0: 3 0x8000b142 (0x02284d33) x26 0x00000000
core   0: 0x8000b146 (0x340029f3) csrr    s3, mscratch
core   0: 3 0x8000b146 (0x340029f3) x19 0x0000c01b
core   0: 0x8000b14a (0x01e953b3) srl     t2, s2, t5
core   0: 3 0x8000b14a (0x01e953b3) x7  0x04900000
core   0: 0x8000b14e (0x02a14ab3) div     s5, sp, a0
core   0: 3 0x8000b14e (0x02a14ab3) x21 0x8733103a
core   0: 0x8000b152 (0xd5ee6713) ori     a4, t3, -674
core   0: 3 0x8000b152 (0xd5ee6713) x14 0xffffff7e
core   0: 0x8000b156 (0x00a87c63) bgeu    a6, a0, pc + 24
core   0: 3 0x8000b156 (0x00a87c63)
core   0: 0x8000b16e (0x340fb173) csrrc   sp, mscratch, t6
core   0: 3 0x8000b16e (0x340fb173) x2  0x0000c01b c832_mscratch 0x0000c011
core   0: 0x8000b172 (0x00bf7fb3) and     t6, t5, a1
core   0: 3 0x8000b172 (0x00bf7fb3) x31 0x80029d24
core   0: 0x8000b176 (0x340790f3) csrrw   ra, mscratch, a5
core   0: 3 0x8000b176 (0x340790f3) x1  0x0000c011 c832_mscratch 0x0000c01a
core   0: 0x8000b17a (0xd5e2a413) slti    s0, t0, -674
core   0: 3 0x8000b17a (0xd5e2a413) x8  0x00000001
core   0: 0x8000b17e (0x01affa33) and     s4, t6, s10
core   0: 3 0x8000b17e (0x01affa33) x20 0x00000000
core   0: 0x8000b182 (0x00000001) c.nop
core   0: 3 0x8000b182 (0x0001)
core   0: 0x8000b184 (0x009e0833) add     a6, t3, s1
core   0: 3 0x8000b184 (0x009e0833) x16 0xfffffb31
core   0: 0x8000b188 (0x0213db33) divu    s6, t2, ra
core   0: 3 0x8000b188 (0x0213db33) x22 0x00000614
core   0: 0x8000b18c (0x01a47563) bgeu    s0, s10, pc + 10
core   0: 3 0x8000b18c (0x01a47563)
core   0: 0x8000b196 (0x0000423d) c.li    tp, 15
core   0: 3 0x8000b196 (0x423d) x4  0x0000000f
core   0: 0x8000b198 (0x01cc3733) sltu    a4, s8, t3
core   0: 3 0x8000b198 (0x01cc3733) x14 0x00000000
core   0: 0x8000b19c (0x00006769) c.lui   a4, 0x1a
core   0: 3 0x8000b19c (0x6769) x14 0x0001a000
core   0: 0x8000b19e (0xe3102893) slti    a7, zero, -463
core   0: 3 0x8000b19e (0xe3102893) x17 0x00000000
core   0: 0x8000b1a2 (0x0000c69d) c.beqz  a3, pc + 46
core   0: 3 0x8000b1a2 (0xc69d)
core   0: 0x8000b1a4 (0x02083333) mulhu   t1, a6, zero
core   0: 3 0x8000b1a4 (0x02083333) x6  0x00000000
core   0: 0x8000b1a8 (0x4054d093) srai    ra, s1, 5
core   0: 3 0x8000b1a8 (0x4054d093) x1  0x00000000
core   0: 0x8000b1ac (0x03f6cd63) blt     a3, t6, pc + 58
core   0: 3 0x8000b1ac (0x03f6cd63)
core   0: 0x8000b1b0 (0x00000b98) c.addi4spn a4, sp, 464
core   0: 3 0x8000b1b0 (0x0b98) x14 0x0000c1eb
core   0: 0x8000b1b2 (0x0000ea01) c.bnez  a2, pc + 16
core   0: 3 0x8000b1b2 (0xea01)
core   0: 0x8000b1b4 (0x00006125) c.addi16sp sp, 96
core   0: 3 0x8000b1b4 (0x6125) x2  0x0000c07b
core   0: 0x8000b1b6 (0x0000988e) c.add   a7, gp
core   0: 3 0x8000b1b6 (0x988e) x17 0x000007e0
core   0: 0x8000b1b8 (0x014085b3) add     a1, ra, s4
core   0: 3 0x8000b1b8 (0x014085b3) x11 0x00000000
core   0: 0x8000b1bc (0x00000001) c.nop
core   0: 3 0x8000b1bc (0x0001)
core   0: 0x8000b1be (0x0399f663) bgeu    s3, s9, pc + 44
core   0: 3 0x8000b1be (0x0399f663)
core   0: 0x8000b1ea (0x000086ad) c.srai  a3, 11
core   0: 3 0x8000b1ea (0x86ad) x13 0xffffffff
core   0: 0x8000b1ec (0x004ba783) lw      a5, 4(s7)
core   0: 3 0x8000b1ec (0x004ba783) x15 0x800089b4 mem 0x80025e2c
core   0: 0x8000b1f0 (0x00008ee1) c.and   a3, s0
core   0: 3 0x8000b1f0 (0x8ee1) x13 0x00000001
core   0: 0x8000b1f2 (0x00000001) c.nop
core   0: 3 0x8000b1f2 (0x0001)
core   0: 0x8000b1f4 (0x00000be1) c.addi  s7, 24
core   0: 3 0x8000b1f4 (0x0be1) x23 0x80025e40
core   0: 0x8000b1f6 (0x01f94633) xor     a2, s2, t6
core   0: 3 0x8000b1f6 (0x01f94633) x12 0xc9029d24
core   0: 0x8000b1fa (0x00078a13) mv      s4, a5
core   0: 3 0x8000b1fa (0x00078a13) x20 0x800089b4
core   0: 0x8000b1fe (0x00008a02) c.jr    s4
core   0: 3 0x8000b1fe (0x8a02)
core   0: 0x800089b4 (0x00014c97) auipc   s9, 0x14
core   0: 3 0x800089b4 (0x00014c97) x25 0x8001c9b4
core   0: 0x800089b8 (0x790c8c93) addi    s9, s9, 1936
core   0: 3 0x800089b8 (0x790c8c93) x25 0x8001d144
core   0: 0x800089bc (0xf99cc003) lbu     zero, -103(s9)
core   0: 3 0x800089bc (0xf99cc003) mem 0x8001d0dd
core   0: 0x800089c0 (0x033cc683) lbu     a3, 51(s9)
core   0: 3 0x800089c0 (0x033cc683) x13 0x0000002c mem 0x8001d177
core   0: 0x800089c4 (0x736694b7) lui     s1, 0x73669
core   0: 3 0x800089c4 (0x736694b7) x9  0x73669000
core   0: 0x800089c8 (0x0dac9b03) lh      s6, 218(s9)
core   0: 3 0x800089c8 (0x0dac9b03) x22 0xffffd4d5 mem 0x8001d21e
core   0: 0x800089cc (0x000018fd) c.addi  a7, -1
core   0: 3 0x800089cc (0x18fd) x17 0x000007df
core   0: 0x800089ce (0x03710433) mul     s0, sp, s7
core   0: 3 0x800089ce (0x03710433) x8  0x47d348c0
core   0: 0x800089d2 (0x039513b3) mulh    t2, a0, s9
core   0: 3 0x800089d2 (0x039513b3) x7  0xffffffff
core   0: 0x800089d6 (0xfb3e3c13) sltiu   s8, t3, -77
core   0: 3 0x800089d6 (0xfb3e3c13) x24 0x00000001
core   0: 0x800089da (0x00000872) c.slli  a6, 28
core   0: 3 0x800089da (0x0872) x16 0x10000000
core   0: 0x800089dc (0x340bf173) csrrci  sp, mscratch, 23
core   0: 3 0x800089dc (0x340bf173) x2  0x0000c01a c832_mscratch 0x0000c008
core   0: 0x800089e0 (0x000e5693) srli    a3, t3, 0
core   0: 3 0x800089e0 (0x000e5693) x13 0xfffffb24
core   0: 0x800089e4 (0x080cd103) lhu     sp, 128(s9)
core   0: 3 0x800089e4 (0x080cd103) x2  0x00007e7f mem 0x8001d1c4
core   0: 0x800089e8 (0x00000001) c.nop
core   0: 3 0x800089e8 (0x0001)
core   0: 0x800089ea (0x0000610d) c.addi16sp sp, 160
core   0: 3 0x800089ea (0x610d) x2  0x00007f1f
core   0: 0x800089ec (0x0000663d) c.lui   a2, 0xf
core   0: 3 0x800089ec (0x663d) x12 0x0000f000
core   0: 0x800089ee (0x0000892d) c.andi  a0, 11
core   0: 3 0x800089ee (0x892d) x10 0x00000001
core   0: 0x800089f0 (0xff2c8d23) sb      s2, -6(s9)
core   0: 3 0x800089f0 (0xff2c8d23) mem 0x8001d13e 0x00
core   0: 0x800089f4 (0xf22ca223) sw      sp, -220(s9)
core   0: 3 0x800089f4 (0xf22ca223) mem 0x8001d068 0x00007f1f
core   0: 0x800089f8 (0xf7fc82a3) sb      t6, -155(s9)
core   0: 3 0x800089f8 (0xf7fc82a3) mem 0x8001d0a9 0x24
core   0: 0x800089fc (0xf2bc9a23) sh      a1, -204(s9)
core   0: 3 0x800089fc (0xf2bc9a23) mem 0x8001d078 0x0000
core   0: 0x80008a00 (0x0f7c8603) lb      a2, 247(s9)
core   0: 3 0x80008a00 (0x0f7c8603) x12 0xfffffff0 mem 0x8001d23b
core   0: 0x80008a04 (0x340034f3) csrrc   s1, mscratch, zero
core   0: 3 0x80008a04 (0x340034f3) x9  0x0000c008
core   0: 0x80008a08 (0xf82c8da3) sb      sp, -101(s9)
core   0: 3 0x80008a08 (0xf82c8da3) mem 0x8001d0df 0x1f
core   0: 0x80008a0c (0x0ff0000f) fence   iorw,iorw
core   0: 3 0x80008a0c (0x0ff0000f)
core   0: 0x80008a10 (0x01472833) slt     a6, a4, s4
core   0: 3 0x80008a10 (0x01472833) x16 0x00000000
core   0: 0x80008a14 (0x34099473) csrrw   s0, mscratch, s3
core   0: 3 0x80008a14 (0x34099473) x8  0x0000c008 c832_mscratch 0x0000c01b
core   0: 0x80008a18 (0x0000613d) c.addi16sp sp, 480
core   0: 3 0x80008a18 (0x613d) x2  0x000080ff
core   0: 0x80008a1a (0x02fe0c63) beq     t3, a5, pc + 56
core   0: 3 0x80008a1a (0x02fe0c63)
core   0: 0x80008a1e (0x0000100f) fence.i
core   0: 3 0x80008a1e (0x0000100f)
core   0: 0x80008a22 (0x00008e25) c.xor   a2, s1
core   0: 3 0x80008a22 (0x8e25) x12 0xffff3ff8
core   0: 0x80008a24 (0x0000c691) c.beqz  a3, pc + 12
core   0: 3 0x80008a24 (0xc691)
core   0: 0x80008a26 (0x0265b0b3) mulhu   ra, a1, t1
core   0: 3 0x80008a26 (0x0265b0b3) x1  0x00000000
core   0: 0x80008a2a (0x00008dcd) c.or    a1, a1
core   0: 3 0x80008a2a (0x8dcd) x11 0x00000000
core   0: 0x80008a2c (0x1066d917) auipc   s2, 0x1066d
core   0: 3 0x80008a2c (0x1066d917) x18 0x90675a2c
core   0: 0x80008a30 (0x000083ad) c.srli  a5, 11
core   0: 3 0x80008a30 (0x83ad) x15 0x00100011
core   0: 0x80008a32 (0x4f45f793) andi    a5, a1, 1268
core   0: 3 0x80008a32 (0x4f45f793) x15 0x00000000
core   0: 0x80008a36 (0x0000815e) c.mv    sp, s7
core   0: 3 0x80008a36 (0x815e) x2  0x80025e40
core   0: 0x80008a38 (0x3404b873) csrrc   a6, mscratch, s1
core   0: 3 0x80008a38 (0x3404b873) x16 0x0000c01b c832_mscratch 0x00000013
core   0: 0x80008a3c (0x0000100f) fence.i
core   0: 3 0x80008a3c (0x0000100f)
core   0: 0x80008a40 (0x0000717d) c.addi16sp sp, -16
core   0: 3 0x80008a40 (0x717d) x2  0x80025e30
core   0: 0x80008a42 (0x00008f19) c.sub   a4, a4
core   0: 3 0x80008a42 (0x8f19) x14 0x00000000
core   0: 0x80008a44 (0x004bc8b3) xor     a7, s7, tp
core   0: 3 0x80008a44 (0x004bc8b3) x17 0x80025e4f
core   0: 0x80008a48 (0x34075773) csrrwi  a4, mscratch, 14
core   0: 3 0x80008a48 (0x34075773) x14 0x00000013 c832_mscratch 0x0000000e
core   0: 0x80008a4c (0x00006a65) c.lui   s4, 0x19
core   0: 3 0x80008a4c (0x6a65) x20 0x00019000
core   0: 0x80008a4e (0x000057fd) c.li    a5, -1
core   0: 3 0x80008a4e (0x57fd) x15 0xffffffff
core   0: 0x80008a50 (0x000084d1) c.srai  s1, 20
core   0: 3 0x80008a50 (0x84d1) x9  0x00000000
core   0: 0x80008a52 (0x014af533) and     a0, s5, s4
core   0: 3 0x80008a52 (0x014af533) x10 0x00011000
core   0: 0x80008a56 (0x01069713) slli    a4, a3, 16
core   0: 3 0x80008a56 (0x01069713) x14 0xfb240000
core   0: 0x80008a5a (0x01180533) add     a0, a6, a7
core   0: 3 0x80008a5a (0x01180533) x10 0x80031e6a
core   0: 0x80008a5e (0x00008e71) c.and   a2, a2
core   0: 3 0x80008a5e (0x8e71) x12 0xffff3ff8
core   0: 0x80008a60 (0x00954f63) blt     a0, s1, pc + 30
core   0: 3 0x80008a60 (0x00954f63)
core   0: 0x80008a7e (0x000084cd) c.srai  s1, 19
core   0: 3 0x80008a7e (0x84cd) x9  0x00000000
core   0: 0x80008a80 (0x0000717d) c.addi16sp sp, -16
core   0: 3 0x80008a80 (0x717d) x2  0x80025e20
core   0: 0x80008a82 (0x00006121) c.addi16sp sp, 64
core   0: 3 0x80008a82 (0x6121) x2  0x80025e60
core   0: 0x80008a84 (0x0000c615) c.beqz  a2, pc + 44
core   0: 3 0x80008a84 (0xc615)
core   0: 0x80008a86 (0x00c4dd13) srli    s10, s1, 12
core   0: 3 0x80008a86 (0x00c4dd13) x26 0x00000000
core   0: 0x80008a8a (0x00008ff1) c.and   a5, a2
core   0: 3 0x80008a8a (0x8ff1) x15 0xffff3ff8
core   0: 0x80008a8c (0x000084c5) c.srai  s1, 17
core   0: 3 0x80008a8c (0x84c5) x9  0x00000000
core   0: 0x80008a8e (0x0000717d) c.addi16sp sp, -16
core   0: 3 0x80008a8e (0x717d) x2  0x80025e50
core   0: 0x80008a90 (0x00000479) c.addi  s0, 30
core   0: 3 0x80008a90 (0x0479) x8  0x0000c026
core   0: 0x80008a92 (0x010af133) and     sp, s5, a6
core   0: 3 0x80008a92 (0x010af133) x2  0x0000001a
core   0: 0x80008a96 (0x00008419) c.srai  s0, 6
core   0: 3 0x80008a96 (0x8419) x8  0x00000300
core   0: 0x80008a98 (0x03b30a63) beq     t1, s11, pc + 52
core   0: 3 0x80008a98 (0x03b30a63)
core   0: 0x80008a9c (0x00000342) c.slli  t1, 16
core   0: 3 0x80008a9c (0x0342) x6  0x00000000
core   0: 0x80008a9e (0x34003673) csrrc   a2, mscratch, zero
core   0: 3 0x80008a9e (0x34003673) x12 0x0000000e
core   0: 0x80008aa2 (0x34023173) csrrc   sp, mscratch, tp
core   0: 3 0x80008aa2 (0x34023173) x2  0x0000000e c832_mscratch 0x00000000
core   0: 0x80008aa6 (0x002704b3) add     s1, a4, sp
core   0: 3 0x80008aa6 (0x002704b3) x9  0xfb24000e
core   0: 0x80008aaa (0x00008545) c.srai  a0, 17
core   0: 3 0x80008aaa (0x8545) x10 0xffffc001
core   0: 0x80008aac (0x039c1633) mulh    a2, s8, s9
core   0: 3 0x80008aac (0x039c1633) x12 0xffffffff
core   0: 0x80008ab0 (0x00008422) c.mv    s0, s0
core   0: 3 0x80008ab0 (0x8422) x8  0x00000300
core   0: 0x80008ab2 (0x0259eeb3) rem     t4, s3, t0
core   0: 3 0x80008ab2 (0x0259eeb3) x29 0x0000c01b
core   0: 0x80008ab6 (0x00000001) c.nop
core   0: 3 0x80008ab6 (0x0001)
core   0: 0x80008ab8 (0x0000960e) c.add   a2, gp
core   0: 3 0x80008ab8 (0x960e) x12 0x000007df
core   0: 0x80008aba (0x00000001) c.nop
core   0: 3 0x80008aba (0x0001)
core   0: 0x80008abc (0x0000c705) c.beqz  a4, pc + 40
core   0: 3 0x80008abc (0xc705)
core   0: 0x80008abe (0x03335b33) divu    s6, t1, s3
core   0: 3 0x80008abe (0x03335b33) x22 0x00000000
core   0: 0x80008ac2 (0x340d6073) csrsi   mscratch, 26
core   0: 3 0x80008ac2 (0x340d6073) c832_mscratch 0x0000001a
core   0: 0x80008ac6 (0x02055133) divu    sp, a0, zero
core   0: 3 0x80008ac6 (0x02055133) x2  0xffffffff
core   0: 0x80008aca (0x000000aa) c.slli  ra, 10
core   0: 3 0x80008aca (0x00aa) x1  0x00000000
core   0: 0x80008acc (0x34075b73) csrrwi  s6, mscratch, 14
core   0: 3 0x80008acc (0x34075b73) x22 0x0000001a c832_mscratch 0x0000000e
core   0: 0x80008ad0 (0x02713a33) mulhu   s4, sp, t2
core   0: 3 0x80008ad0 (0x02713a33) x20 0xfffffffe
core   0: 0x80008ad4 (0x00a8c533) xor     a0, a7, a0
core   0: 3 0x80008ad4 (0x00a8c533) x10 0x7ffd9e4e
core   0: 0x80008ad8 (0x26ae3d13) sltiu   s10, t3, 618
core   0: 3 0x80008ad8 (0x26ae3d13) x26 0x00000000
core   0: 0x80008adc (0x03751a63) bne     a0, s7, pc + 52
core   0: 3 0x80008adc (0x03751a63)
core   0: 0x80008b10 (0x01ebccb3) xor     s9, s7, t5
core   0: 3 0x80008b10 (0x01ebccb3) x25 0x0000c364
core   0: 0x80008b14 (0x34006e73) csrrsi  t3, mscratch, 0
core   0: 3 0x80008b14 (0x34006e73) x28 0x0000000e
core   0: 0x80008b18 (0x3403d373) csrrwi  t1, mscratch, 7
core   0: 3 0x80008b18 (0x3403d373) x6  0x0000000e c832_mscratch 0x00000007
core   0: 0x80008b1c (0xf171e513) ori     a0, gp, -233
core   0: 3 0x80008b1c (0xf171e513) x10 0xfffffff7
core   0: 0x80008b20 (0x0019a3b3) slt     t2, s3, ra
core   0: 3 0x80008b20 (0x0019a3b3) x7  0x00000000
core   0: 0x80008b24 (0x2a5ecd13) xori    s10, t4, 677
core   0: 3 0x80008b24 (0x2a5ecd13) x26 0x0000c2be
core   0: 0x80008b28 (0x02bf9ab3) mulh    s5, t6, a1
core   0: 3 0x80008b28 (0x02bf9ab3) x21 0x00000000
core   0: 0x80008b2c (0x025fdd63) bge     t6, t0, pc + 58
core   0: 3 0x80008b2c (0x025fdd63)
core   0: 0x80008b30 (0x003f5013) srli    zero, t5, 3
core   0: 3 0x80008b30 (0x003f5013)
core   0: 0x80008b34 (0x016e9f93) slli    t6, t4, 22
core   0: 3 0x80008b34 (0x016e9f93) x31 0x06c00000
core   0: 0x80008b38 (0x340ef8f3) csrrci  a7, mscratch, 29
core   0: 3 0x80008b38 (0x340ef8f3) x17 0x00000007 c832_mscratch 0x00000002
core   0: 0x80008b3c (0xdd73aa13) slti    s4, t2, -553
core   0: 3 0x80008b3c (0xdd73aa13) x20 0x00000000
core   0: 0x80008b40 (0x0347b933) mulhu   s2, a5, s4
core   0: 3 0x80008b40 (0x0347b933) x18 0x00000000
core   0: 0x80008b44 (0x01195193) srli    gp, s2, 17
core   0: 3 0x80008b44 (0x01195193) x3  0x00000000
core   0: 0x80008b48 (0x0000898d) c.andi  a1, 3
core   0: 3 0x80008b48 (0x898d) x11 0x00000000
core   0: 0x80008b4a (0x0356f8b3) remu    a7, a3, s5
core   0: 3 0x80008b4a (0x0356f8b3) x17 0xfffffb24
core   0: 0x80008b4e (0x05200163) beq     zero, s2, pc + 66
core   0: 3 0x80008b4e (0x05200163)
core   0: 0x80008b90 (0x0ff0000f) fence   iorw,iorw
core   0: 3 0x80008b90 (0x0ff0000f)
core   0: 0x80008b94 (0x027e5363) bge     t3, t2, pc + 38
core   0: 3 0x80008b94 (0x027e5363)
core   0: 0x80008bba (0xfa8b7313) andi    t1, s6, -88
core   0: 3 0x80008bba (0xfa8b7313) x6  0x00000008
core   0: 0x80008bbe (0x02000c33) mul     s8, zero, zero
core   0: 3 0x80008bbe (0x02000c33) x24 0x00000000
core   0: 0x80008bc2 (0x01211e93) slli    t4, sp, 18
core   0: 3 0x80008bc2 (0x01211e93) x29 0xfffc0000
core   0: 0x80008bc6 (0x004ba783) lw      a5, 4(s7)
core   0: 3 0x80008bc6 (0x004ba783) x15 0x800081ce mem 0x80025e44
core   0: 0x80008bca (0x00006575) c.lui   a0, 0x1d
core   0: 3 0x80008bca (0x6575) x10 0x0001d000
core   0: 0x80008bcc (0x00469b13) slli    s6, a3, 4
core   0: 3 0x80008bcc (0x00469b13) x22 0xffffb240
core   0: 0x80008bd0 (0x3f6e0c93) addi    s9, t3, 1014
core   0: 3 0x80008bd0 (0x3f6e0c93) x25 0x00000404
core   0: 0x80008bd4 (0x0174f0b3) and     ra, s1, s7
core   0: 3 0x80008bd4 (0x0174f0b3) x1  0x80000000
core   0: 0x80008bd8 (0x028b8b93) addi    s7, s7, 40
core   0: 3 0x80008bd8 (0x028b8b93) x23 0x80025e68
core   0: 0x80008bdc (0x00000d18) c.addi4spn a4, sp, 656
core   0: 3 0x80008bdc (0x0d18) x14 0x0000028f
core   0: 0x80008bde (0x019249b3) xor     s3, tp, s9
core   0: 3 0x80008bde (0x019249b3) x19 0x0000040b
core   0: 0x80008be2 (0x00001a04) c.addi4spn s1, sp, 304
core   0: 3 0x80008be2 (0x1a04) x9  0x0000012f
core   0: 0x80008be4 (0x00178593) addi    a1, a5, 1
core   0: 3 0x80008be4 (0x00178593) x11 0x800081cf
core   0: 0x80008be8 (0x000585e7) jalr    a1, a1, 0
core   0: 3 0x80008be8 (0x000585e7) x11 0x80008bec
core   0: 0x800081ce (0x00008d21) c.xor   a0, s0
core   0: 3 0x800081ce (0x8d21) x10 0x0001d300
core   0: 0x800081d0 (0x010b5313) srli    t1, s6, 16
core   0: 3 0x800081d0 (0x010b5313) x6  0x0000ffff
core   0: 0x800081d4 (0x340257f3) csrrwi  a5, mscratch, 4
core   0: 3 0x800081d4 (0x340257f3) x15 0x00000002 c832_mscratch 0x00000004
core   0: 0x800081d8 (0x01a96b33) or      s6, s2, s10
core   0: 3 0x800081d8 (0x01a96b33) x22 0x0000c2be
core   0: 0x800081dc (0x004ba783) lw      a5, 4(s7)
core   0: 3 0x800081dc (0x004ba783) x15 0x80003ec8 mem 0x80025e6c
core   0: 0x800081e0 (0x03cb8b93) addi    s7, s7, 60
core   0: 3 0x800081e0 (0x03cb8b93) x23 0x80025ea4
core   0: 0x800081e4 (0x019aaab3) slt     s5, s5, s9
core   0: 3 0x800081e4 (0x019aaab3) x21 0x00000001
core   0: 0x800081e8 (0x03cec0b3) div     ra, t4, t3
core   0: 3 0x800081e8 (0x03cec0b3) x1  0xffffb6dc
core   0: 0x800081ec (0x00558033) add     zero, a1, t0
core   0: 3 0x800081ec (0x00558033)
core   0: 0x800081f0 (0x00078113) mv      sp, a5
core   0: 3 0x800081f0 (0x00078113) x2  0x80003ec8
core   0: 0x800081f4 (0x00009102) c.jalr  sp
core   0: 3 0x800081f4 (0x9102) x1  0x800081f6
core   0: 0x80003ec8 (0x0000100f) fence.i
core   0: 3 0x80003ec8 (0x0000100f)
core   0: 0x80003ecc (0x04ce9163) bne     t4, a2, pc + 66
core   0: 3 0x80003ecc (0x04ce9163)
core   0: 0x80003f0e (0x00008d85) c.sub   a1, s1
core   0: 3 0x80003f0e (0x8d85) x11 0x80008abd
core   0: 0x80003f10 (0x34002cf3) csrr    s9, mscratch
core   0: 3 0x80003f10 (0x34002cf3) x25 0x00000004
core   0: 0x80003f14 (0xfca6c313) xori    t1, a3, -54
core   0: 3 0x80003f14 (0xfca6c313) x6  0x000004ee
core   0: 0x80003f18 (0x00000001) c.nop
core   0: 3 0x80003f18 (0x0001)
core   0: 0x80003f1a (0x000086e5) c.srai  a3, 25
core   0: 3 0x80003f1a (0x86e5) x13 0xffffffff
core   0: 0x80003f1c (0x037a4d63) blt     s4, s7, pc + 58
core   0: 3 0x80003f1c (0x037a4d63)
core   0: 0x80003f20 (0x4195df93) srai    t6, a1, 25
core   0: 3 0x80003f20 (0x4195df93) x31 0xffffffc0
core   0: 0x80003f24 (0x015c6a63) bltu    s8, s5, pc + 20
core   0: 3 0x80003f24 (0x015c6a63)
core   0: 0x80003f38 (0x019d5263) bge     s10, s9, pc + 4
core   0: 3 0x80003f38 (0x019d5263)
core   0: 0x80003f3c (0x00c69013) slli    zero, a3, 12
core   0: 3 0x80003f3c (0x00c69013)
core   0: 0x80003f40 (0x035fd063) bge     t6, s5, pc + 32
core   0: 3 0x80003f40 (0x035fd063)
core   0: 0x80003f44 (0x41a353b3) sra     t2, t1, s10
core   0: 3 0x80003f44 (0x41a353b3) x7  0x00000000
core   0: 0x80003f48 (0x0000100f) fence.i
core   0: 3 0x80003f48 (0x0000100f)
core   0: 0x80003f4c (0x019a9d13) slli    s10, s5, 25
core   0: 3 0x80003f4c (0x019a9d13) x26 0x02000000
core   0: 0x80003f50 (0x025ff433) remu    s0, t6, t0
core   0: 3 0x80003f50 (0x025ff433) x8  0x0a8275b6
core   0: 0x80003f54 (0x00006fdd) c.lui   t6, 0x17
core   0: 3 0x80003f54 (0x6fdd) x31 0x00017000
core   0: 0x80003f56 (0x00008c96) c.mv    s9, t0
core   0: 3 0x80003f56 (0x8c96) x25 0xf57d8a0a
core   0: 0x80003f58 (0x00ed8033) add     zero, s11, a4
core   0: 3 0x80003f58 (0x00ed8033)
core   0: 0x80003f5c (0x340674f3) csrrci  s1, mscratch, 12
core   0: 3 0x80003f5c (0x340674f3) x9  0x00000004 c832_mscratch 0x00000000
core   0: 0x80003f60 (0x0323bcb3) mulhu   s9, t2, s2
core   0: 3 0x80003f60 (0x0323bcb3) x25 0x00000000
core   0: 0x80003f64 (0x0185a533) slt     a0, a1, s8
core   0: 3 0x80003f64 (0x0185a533) x10 0x00000001
core   0: 0x80003f68 (0x340fb7f3) csrrc   a5, mscratch, t6
core   0: 3 0x80003f68 (0x340fb7f3) x15 0x00000000 c832_mscratch 0x00000000
core   0: 0x80003f6c (0x02748d63) beq     s1, t2, pc + 58
core   0: 3 0x80003f6c (0x02748d63)
core   0: 0x80003f70 (0xd1953493) sltiu   s1, a0, -743
core   0: 3 0x80003f70 (0xd1953493) x9  0x00000001
core   0: 0x80003f74 (0x000015fd) c.addi  a1, -1
core   0: 3 0x80003f74 (0x15fd) x11 0x80008abc
core   0: 0x80003f76 (0x00008191) c.srli  a1, 4
core   0: 3 0x80003f76 (0x8191) x11 0x080008ab
core   0: 0x80003f78 (0x014d93b3) sll     t2, s11, s4
core   0: 3 0x80003f78 (0x014d93b3) x7  0xffffffff
core   0: 0x80003f7c (0x00008e15) c.sub   a2, a3
core   0: 3 0x80003f7c (0x8e15) x12 0x000007e0
core   0: 0x80003f7e (0x000083a6) c.mv    t2, s1
core   0: 3 0x80003f7e (0x83a6) x7  0x00000001
core   0: 0x80003f80 (0xc0c1ac17) auipc   s8, 0xc0c1a
core   0: 3 0x80003f80 (0xc0c1ac17) x24 0x40c1df80
core   0: 0x80003f84 (0x71d33717) auipc   a4, 0x71d33
core   0: 3 0x80003f84 (0x71d33717) x14 0xf1d36f84
core   0: 0x80003f88 (0x73cb6413) ori     s0, s6, 1852
core   0: 3 0x80003f88 (0x73cb6413) x8  0x0000c7be
core   0: 0x80003f8c (0xa470e093) ori     ra, ra, -1465
core   0: 3 0x80003f8c (0xa470e093) x1  0xfffffbf7
core   0: 0x80003f90 (0x34006e73) csrrsi  t3, mscratch, 0
core   0: 3 0x80003f90 (0x34006e73) x28 0x00000000
core   0: 0x80003f94 (0x00008e09) c.sub   a2, a0
core   0: 3 0x80003f94 (0x8e09) x12 0x000007df
core   0: 0x80003f96 (0x4039df93) srai    t6, s3, 3
core   0: 3 0x80003f96 (0x4039df93) x31 0x00000081
core   0: 0x80003f9a (0x000083f5) c.srli  a5, 29
core   0: 3 0x80003f9a (0x83f5) x15 0x00000000
core   0: 0x80003f9c (0x01832133) slt     sp, t1, s8
core   0: 3 0x80003f9c (0x01832133) x2  0x00000001
core   0: 0x80003fa0 (0x02241063) bne     s0, sp, pc + 32
core   0: 3 0x80003fa0 (0x02241063)
core   0: 0x80003fc0 (0x340073f3) csrrci  t2, mscratch, 0
core   0: 3 0x80003fc0 (0x340073f3) x7  0x00000000
core   0: 0x80003fc4 (0x03521363) bne     tp, s5, pc + 38
core   0: 3 0x80003fc4 (0x03521363)
core   0: 0x80003fea (0x03ce0e33) mul     t3, t3, t3
core   0: 3 0x80003fea (0x03ce0e33) x28 0x00000000
core   0: 0x80003fee (0x0000e689) c.bnez  a3, pc + 10
core   0: 3 0x80003fee (0xe689)
core   0: 0x80003ff8 (0x00008c5d) c.or    s0, a5
core   0: 3 0x80003ff8 (0x8c5d) x8  0x0000c7be
core   0: 0x80003ffa (0x000087ed) c.srai  a5, 27
core   0: 3 0x80003ffa (0x87ed) x15 0x00000000
core   0: 0x80003ffc (0x340b9973) csrrw   s2, mscratch, s7
core   0: 3 0x80003ffc (0x340b9973) x18 0x00000000 c832_mscratch 0x80025ea4
core   0: 0x80004000 (0x008c0e63) beq     s8, s0, pc + 28
core   0: 3 0x80004000 (0x008c0e63)
core   0: 0x80004004 (0x00acc733) xor     a4, s9, a0
core   0: 3 0x80004004 (0x00acc733) x14 0x00000001
core   0: 0x80004008 (0x000091ca) c.add   gp, s2
core   0: 3 0x80004008 (0x91ca) x3  0x00000000
core   0: 0x8000400a (0x000080d5) c.srli  s1, 21
core   0: 3 0x8000400a (0x80d5) x9  0x00000000
core   0: 0x8000400c (0x00008ca1) c.xor   s1, s0
core   0: 3 0x8000400c (0x8ca1) x9  0x0000c7be
core   0: 0x8000400e (0x00ec6033) or      zero, s8, a4
core   0: 3 0x8000400e (0x00ec6033)
core   0: 0x80004012 (0x000018fd) c.addi  a7, -1
core   0: 3 0x80004012 (0x18fd) x17 0xfffffb23
core   0: 0x80004014 (0x0048b0b3) sltu    ra, a7, tp
core   0: 3 0x80004014 (0x0048b0b3) x1  0x00000000
core   0: 0x80004018 (0x0000100f) fence.i
core   0: 3 0x80004018 (0x0000100f)
core   0: 0x8000401c (0x031cc833) div     a6, s9, a7
core   0: 3 0x8000401c (0x031cc833) x16 0x00000000
core   0: 0x80004020 (0x02c28533) mul     a0, t0, a2
core   0: 3 0x80004020 (0x02c28533) x10 0x472184b6
core   0: 0x80004024 (0x0000100f) fence.i
core   0: 3 0x80004024 (0x0000100f)
core   0: 0x80004028 (0x00008f49) c.or    a4, a0
core   0: 3 0x80004028 (0x8f49) x14 0x472184b7
core   0: 0x8000402a (0x0000100f) fence.i
core   0: 3 0x8000402a (0x0000100f)
core   0: 0x8000402e (0x00008c35) c.xor   s0, a3
core   0: 3 0x8000402e (0x8c35) x8  0xffff3841
core   0: 0x80004030 (0x004a9213) slli    tp, s5, 4
core   0: 3 0x80004030 (0x004a9213) x4  0x00000010
core   0: 0x80004034 (0x0000875d) c.srai  a4, 23
core   0: 3 0x80004034 (0x875d) x14 0x0000008e
core   0: 0x80004036 (0x40d689b3) sub     s3, a3, a3
core   0: 3 0x80004036 (0x40d689b3) x19 0x00000000
core   0: 0x8000403a (0x027dd663) bge     s11, t2, pc + 44
core   0: 3 0x8000403a (0x027dd663)
core   0: 0x8000403e (0x340559f3) csrrwi  s3, mscratch, 10
core   0: 3 0x8000403e (0x340559f3) x19 0x80025ea4 c832_mscratch 0x0000000a
core   0: 0x80004042 (0x00bbc733) xor     a4, s7, a1
core   0: 3 0x80004042 (0x00bbc733) x14 0x8802560f
core   0: 0x80004046 (0x7adfe493) ori     s1, t6, 1965
core   0: 3 0x80004046 (0x7adfe493) x9  0x000007ad
core   0: 0x8000404a (0x00a013b3) sll     t2, zero, a0
core   0: 3 0x8000404a (0x00a013b3) x7  0x00000000
core   0: 0x8000404e (0x340cbe73) csrrc   t3, mscratch, s9
core   0: 3 0x8000404e (0x340cbe73) x28 0x0000000a c832_mscratch 0x0000000a
core   0: 0x80004052 (0x03564a33) div     s4, a2, s5
core   0: 3 0x80004052 (0x03564a33) x20 0x000007df
core   0: 0x80004056 (0x00841333) sll     t1, s0, s0
core   0: 3 0x80004056 (0x00841333) x6  0xfffe7082
core   0: 0x8000405a (0x03509433) mulh    s0, ra, s5
core   0: 3 0x8000405a (0x03509433) x8  0x00000000
core   0: 0x8000405e (0x0000e39d) c.bnez  a5, pc + 38
core   0: 3 0x8000405e (0xe39d)
core   0: 0x80004060 (0x40ae5c93) srai    s9, t3, 10
core   0: 3 0x80004060 (0x40ae5c93) x25 0x00000000
core   0: 0x80004064 (0x00008c99) c.sub   s1, a4
core   0: 3 0x80004064 (0x8c99) x9  0x77fdb19e
core   0: 0x80004066 (0x0ff0000f) fence   iorw,iorw
core   0: 3 0x80004066 (0x0ff0000f)
core   0: 0x8000406a (0x40650fb3) sub     t6, a0, t1
core   0: 3 0x8000406a (0x40650fb3) x31 0x47231434
core   0: 0x8000406e (0x01e4d813) srli    a6, s1, 30
core   0: 3 0x8000406e (0x01e4d813) x16 0x00000001
core   0: 0x80004072 (0x00000001) c.nop
core   0: 3 0x80004072 (0x0001)
core   0: 0x80004074 (0x00008c05) c.sub   s0, s1
core   0: 3 0x80004074 (0x8c05) x8  0x88024e62
core   0: 0x80004076 (0x65593697) auipc   a3, 0x65593
core   0: 3 0x80004076 (0x65593697) x13 0xe5597076
core   0: 0x8000407a (0x02c6e033) rem     zero, a3, a2
core   0: 3 0x8000407a (0x02c6e033)
core   0: 0x8000407e (0x00004a41) c.li    s4, 16
core   0: 3 0x8000407e (0x4a41) x20 0x00000010
core   0: 0x80004080 (0x340fb473) csrrc   s0, mscratch, t6
core   0: 3 0x80004080 (0x340fb473) x8  0x0000000a c832_mscratch 0x0000000a
core   0: 0x80004084 (0x34035ff3) csrrwi  t6, mscratch, 6
core   0: 3 0x80004084 (0x34035ff3) x31 0x0000000a c832_mscratch 0x00000006
core   0: 0x80004088 (0xdcf3ca93) xori    s5, t2, -561
core   0: 3 0x80004088 (0xdcf3ca93) x21 0xfffffdcf
core   0: 0x8000408c (0x9abbe697) auipc   a3, 0x9abbe
core   0: 3 0x8000408c (0x9abbe697) x13 0x1abc208c
core   0: 0x80004090 (0x001d73b3) and     t2, s10, ra
core   0: 3 0x80004090 (0x001d73b3) x7  0x00000000
core   0: 0x80004094 (0x00009612) c.add   a2, tp
core   0: 3 0x80004094 (0x9612) x12 0x000007ef
core   0: 0x80004096 (0x00068833) add     a6, a3, zero
core   0: 3 0x80004096 (0x00068833) x16 0x1abc208c
core   0: 0x8000409a (0x028e0a33) mul     s4, t3, s0
core   0: 3 0x8000409a (0x028e0a33) x20 0x00000064
core   0: 0x8000409e (0x0ff0000f) fence   iorw,iorw
core   0: 3 0x8000409e (0x0ff0000f)
core   0: 0x800040a2 (0x00008ded) c.and   a1, a1
core   0: 3 0x800040a2 (0x8ded) x11 0x080008ab
core   0: 0x800040a4 (0x00008e45) c.or    a2, s1
core   0: 3 0x800040a4 (0x8e45) x12 0x77fdb7ff
core   0: 0x800040a6 (0x023a2733) mulhsu  a4, s4, gp
core   0: 3 0x800040a6 (0x023a2733) x14 0x00000000
core   0: 0x800040aa (0x00008a8a) c.mv    s5, sp
core   0: 3 0x800040aa (0x8a8a) x21 0x00000001
core   0: 0x800040ac (0x00000700) c.addi4spn s0, sp, 896
core   0: 3 0x800040ac (0x0700) x8  0x00000381
core   0: 0x800040ae (0x00006a75) c.lui   s4, 0x1d
core   0: 3 0x800040ae (0x6a75) x20 0x0001d000
core   0: 0x800040b0 (0x34007ff3) csrrci  t6, mscratch, 0
core   0: 3 0x800040b0 (0x34007ff3) x31 0x00000006
core   0: 0x800040b4 (0x01c898b3) sll     a7, a7, t3
core   0: 3 0x800040b4 (0x01c898b3) x17 0xffec8c00
core   0: 0x800040b8 (0x034f0b63) beq     t5, s4, pc + 54
core   0: 3 0x800040b8 (0x034f0b63)
core   0: 0x800040bc (0x00000001) c.nop
core   0: 3 0x800040bc (0x0001)
core   0: 0x800040be (0x01faf6b3) and     a3, s5, t6
core   0: 3 0x800040be (0x01faf6b3) x13 0x00000000
core   0: 0x800040c2 (0x0000717d) c.addi16sp sp, -16
core   0: 3 0x800040c2 (0x717d) x2  0xfffffff1
core   0: 0x800040c4 (0x000096a2) c.add   a3, s0
core   0: 3 0x800040c4 (0x96a2) x13 0x00000381
core   0: 0x800040c6 (0x029c1433) mulh    s0, s8, s1
core   0: 3 0x800040c6 (0x029c1433) x8  0x1e5a4b6c
core   0: 0x800040ca (0x992bac93) slti    s9, s7, -1646
core   0: 3 0x800040ca (0x992bac93) x25 0x00000001
core   0: 0x800040ce (0x00616363) bltu    sp, t1, pc + 6
core   0: 3 0x800040ce (0x00616363)
core   0: 0x800040d2 (0x00006129) c.addi16sp sp, 192
core   0: 3 0x800040d2 (0x6129) x2  0x000000b1
core   0: 0x800040d4 (0x340833f3) csrrc   t2, mscratch, a6
core   0: 3 0x800040d4 (0x340833f3) x7  0x00000006 c832_mscratch 0x00000002
core   0: 0x800040d8 (0x00cc1d93) slli    s11, s8, 12
core   0: 3 0x800040d8 (0x00cc1d93) x27 0x1df80000
core   0: 0x800040dc (0x0000880a) c.mv    a6, sp
core   0: 3 0x800040dc (0x880a) x16 0x000000b1
core   0: 0x800040de (0xff15f793) andi    a5, a1, -15
core   0: 3 0x800040de (0xff15f793) x15 0x080008a1
core   0: 0x800040e2 (0x000000ca) c.slli  ra, 18
core   0: 3 0x800040e2 (0x00ca) x1  0x00000000
core   0: 0x800040e4 (0xbe02ff93) andi    t6, t0, -1056
core   0: 3 0x800040e4 (0xbe02ff93) x31 0xf57d8a00
core   0: 0x800040e8 (0x03292333) mulhsu  t1, s2, s2
core   0: 3 0x800040e8 (0x03292333) x6  0x00000000
core   0: 0x800040ec (0x00009bfd) c.andi  a5, -1
core   0: 3 0x800040ec (0x9bfd) x15 0x080008a1
core   0: 0x800040ee (0x02a1e963) bltu    gp, a0, pc + 50
core   0: 3 0x800040ee (0x02a1e963)
core   0: 0x80004120 (0x0021d1b3) srl     gp, gp, sp
core   0: 3 0x80004120 (0x0021d1b3) x3  0x00000000
core   0: 0x80004124 (0x789ee593) ori     a1, t4, 1929
core   0: 3 0x80004124 (0x789ee593) x11 0xfffc0789
core   0: 0x80004128 (0xb2b5fc93) andi    s9, a1, -1237
core   0: 3 0x80004128 (0xb2b5fc93) x25 0xfffc0309
core   0: 0x8000412c (0x000082c9) c.srli  a3, 18
core   0: 3 0x8000412c (0x82c9) x13 0x00000000
core   0: 0x8000412e (0x00e739b3) sltu    s3, a4, a4
core   0: 3 0x8000412e (0x00e739b3) x19 0x00000000
core   0: 0x80004132 (0x03ff1d33) mulh    s10, t5, t6
core   0: 3 0x80004132 (0x03ff1d33) x26 0x05411f87
core   0: 0x80004136 (0xb762ad13) slti    s10, t0, -1162
core   0: 3 0x80004136 (0xb762ad13) x26 0x00000001
core   0: 0x8000413a (0x34003873) csrrc   a6, mscratch, zero
core   0: 3 0x8000413a (0x34003873) x16 0x00000002
core   0: 0x8000413e (0x00008ddd) c.or    a1, a5
core   0: 3 0x8000413e (0x8ddd) x11 0xfffc0fa9
core   0: 0x80004140 (0x00008c09) c.sub   s0, a0
core   0: 3 0x80004140 (0x8c09) x8  0xd738c6b6
core   0: 0x80004142 (0x06630393) addi    t2, t1, 102
core   0: 3 0x80004142 (0x06630393) x7  0x00000066
core   0: 0x80004146 (0x00000001) c.nop
core   0: 3 0x80004146 (0x0001)
core   0: 0x80004148 (0x00008d45) c.or    a0, s1
core   0: 3 0x80004148 (0x8d45) x10 0x77fdb5be
core   0: 0x8000414a (0x01975533) srl     a0, a4, s9
core   0: 3 0x8000414a (0x01975533) x10 0x00000000
core   0: 0x8000414e (0x722a4f93) xori    t6, s4, 1826
core   0: 3 0x8000414e (0x722a4f93) x31 0x0001d722
core   0: 0x80004152 (0x0000100f) fence.i
core   0: 3 0x80004152 (0x0000100f)
core   0: 0x80004156 (0x7d940613) addi    a2, s0, 2009
core   0: 3 0x80004156 (0x7d940613) x12 0xd738ce8f
core   0: 0x8000415a (0x03cb8333) mul     t1, s7, t3
core   0: 3 0x8000415a (0x03cb8333) x6  0x0017b268
core   0: 0x8000415e (0x340c9773) csrrw   a4, mscratch, s9
core   0: 3 0x8000415e (0x340c9773) x14 0x00000002 c832_mscratch 0xfffc0309
core   0: 0x80004162 (0x0000616d) c.addi16sp sp, 240
core   0: 3 0x80004162 (0x616d) x2  0x000001a1
core   0: 0x80004164 (0x03864833) div     a6, a2, s8
core   0: 3 0x80004164 (0x03864833) x16 0x00000000
core   0: 0x80004168 (0x00008c75) c.and   s0, a3
core   0: 3 0x80004168 (0x8c75) x8  0x00000000
core   0: 0x8000416a (0x01cb8463) beq     s7, t3, pc + 8
core   0: 3 0x8000416a (0x01cb8463)
core   0: 0x8000416e (0x00000fd6) c.slli  t6, 21
core   0: 3 0x8000416e (0x0fd6) x31 0xe4400000
core   0: 0x80004170 (0x00009fda) c.add   t6, s6
core   0: 3 0x80004170 (0x9fda) x31 0xe440c2be
core   0: 0x80004172 (0x41f754b3) sra     s1, a4, t6
core   0: 3 0x80004172 (0x41f754b3) x9  0x00000000
core   0: 0x80004176 (0x3407e273) csrrsi  tp, mscratch, 15
core   0: 3 0x80004176 (0x3407e273) x4  0xfffc0309 c832_mscratch 0xfffc030f
core   0: 0x8000417a (0x00008059) c.srli  s0, 22
core   0: 3 0x8000417a (0x8059) x8  0x00000000
core   0: 0x8000417c (0x02849933) mulh    s2, s1, s0
core   0: 3 0x8000417c (0x02849933) x18 0x00000000
core   0: 0x80004180 (0x000093c6) c.add   t2, a7
core   0: 3 0x80004180 (0x93c6) x7  0xffec8c66
core   0: 0x80004182 (0x014878b3) and     a7, a6, s4
core   0: 3 0x80004182 (0x014878b3) x17 0x00000000
core   0: 0x80004186 (0x01637a33) and     s4, t1, s6
core   0: 3 0x80004186 (0x01637a33) x20 0x00008228
core   0: 0x8000418a (0x00008dc5) c.or    a1, s1
core   0: 3 0x8000418a (0x8dc5) x11 0xfffc0fa9
core   0: 0x8000418c (0x34007ef3) csrrci  t4, mscratch, 0
core   0: 3 0x8000418c (0x34007ef3) x29 0xfffc030f
core   0: 0x80004190 (0x02a406b3) mul     a3, s0, a0
core   0: 3 0x80004190 (0x02a406b3) x13 0x00000000
core   0: 0x80004194 (0x00000001) c.nop
core   0: 3 0x80004194 (0x0001)
core   0: 0x80004196 (0x00008dd1) c.or    a1, a2
core   0: 3 0x80004196 (0x8dd1) x11 0xfffccfaf
core   0: 0x80004198 (0x0000951a) c.add   a0, t1
core   0: 3 0x80004198 (0x951a) x10 0x0017b268
core   0: 0x8000419a (0x340027f3) csrr    a5, mscratch
core   0: 3 0x8000419a (0x340027f3) x15 0xfffc030f
core   0: 0x8000419e (0x00995813) srli    a6, s2, 9
core   0: 3 0x8000419e (0x00995813) x16 0x00000000
core   0: 0x800041a2 (0x02d584b3) mul     s1, a1, a3
core   0: 3 0x800041a2 (0x02d584b3) x9  0x00000000
core   0: 0x800041a6 (0x02f54833) div     a6, a0, a5
core   0: 3 0x800041a6 (0x02f54833) x16 0xfffffffb
core   0: 0x800041aa (0x000086fd) c.srai  a3, 31
core   0: 3 0x800041aa (0x86fd) x13 0x00000000
core   0: 0x800041ac (0x0318b133) mulhu   sp, a7, a7
core   0: 3 0x800041ac (0x0318b133) x2  0x00000000
core   0: 0x800041b0 (0x340e3a73) csrrc   s4, mscratch, t3
core   0: 3 0x800041b0 (0x340e3a73) x20 0xfffc030f c832_mscratch 0xfffc0305
core   0: 0x800041b4 (0x010574b3) and     s1, a0, a6
core   0: 3 0x800041b4 (0x010574b3) x9  0x0017b268
core   0: 0x800041b8 (0x40510ab3) sub     s5, sp, t0
core   0: 3 0x800041b8 (0x40510ab3) x21 0x0a8275f6
core   0: 0x800041bc (0x03937063) bgeu    t1, s9, pc + 32
core   0: 3 0x800041bc (0x03937063)
core   0: 0x800041c0 (0x340a1473) csrrw   s0, mscratch, s4
core   0: 3 0x800041c0 (0x340a1473) x8  0xfffc0305 c832_mscratch 0xfffc030f
core   0: 0x800041c4 (0x012c84b3) add     s1, s9, s2
core   0: 3 0x800041c4 (0x012c84b3) x9  0xfffc0309
core   0: 0x800041c8 (0x00001800) c.addi4spn s0, sp, 48
core   0: 3 0x800041c8 (0x1800) x8  0x00000030
core   0: 0x800041ca (0x011aa633) slt     a2, s5, a7
core   0: 3 0x800041ca (0x011aa633) x12 0x00000000
core   0: 0x800041ce (0x00be9ab3) sll     s5, t4, a1
core   0: 3 0x800041ce (0x00be9ab3) x21 0x01878000
core   0: 0x800041d2 (0x0000e789) c.bnez  a5, pc + 10
core   0: 3 0x800041d2 (0xe789)
core   0: 0x800041dc (0x03919a33) mulh    s4, gp, s9
core   0: 3 0x800041dc (0x03919a33) x20 0x00000000
core   0: 0x800041e0 (0x0000e595) c.bnez  a1, pc + 44
core   0: 3 0x800041e0 (0xe595)
core   0: 0x8000420c (0x02ad1563) bne     s10, a0, pc + 42
core   0: 3 0x8000420c (0x02ad1563)
core   0: 0x80004236 (0x972cff93) andi    t6, s9, -1678
core   0: 3 0x80004236 (0x972cff93) x31 0xfffc0100
core   0: 0x8000423a (0x3409dd73) csrrwi  s10, mscratch, 19
core   0: 3 0x8000423a (0x3409dd73) x26 0xfffc030f c832_mscratch 0x00000013
core   0: 0x8000423e (0x038b9eb3) mulh    t4, s7, s8
core   0: 3 0x8000423e (0x038b9eb3) x29 0xdf9fa9b4
core   0: 0x80004242 (0x00029fb3) sll     t6, t0, zero
core   0: 3 0x80004242 (0x00029fb3) x31 0xf57d8a0a
core   0: 0x80004246 (0x02ce3333) mulhu   t1, t3, a2
core   0: 3 0x80004246 (0x02ce3333) x6  0x00000000
core   0: 0x8000424a (0x09710e17) auipc   t3, 0x9710
core   0: 3 0x8000424a (0x09710e17) x28 0x8971424a
core   0: 0x8000424e (0x009f9313) slli    t1, t6, 9
core   0: 3 0x8000424e (0x009f9313) x6  0xfb141400
core   0: 0x80004252 (0x34002e73) csrr    t3, mscratch
core   0: 3 0x80004252 (0x34002e73) x28 0x00000013
core   0: 0x80004256 (0x00f7cb63) blt     a5, a5, pc + 22
core   0: 3 0x80004256 (0x00f7cb63)
core   0: 0x8000425a (0x0000e189) c.bnez  a1, pc + 2
core   0: 3 0x8000425a (0xe189)
core   0: 0x8000425c (0x0000100f) fence.i
core   0: 3 0x8000425c (0x0000100f)
core   0: 0x80004260 (0x1b56bd93) sltiu   s11, a3, 437
core   0: 3 0x80004260 (0x1b56bd93) x27 0x00000001
core   0: 0x80004264 (0x34006b73) csrrsi  s6, mscratch, 0
core   0: 3 0x80004264 (0x34006b73) x22 0x00000013
core   0: 0x80004268 (0x340038f3) csrrc   a7, mscratch, zero
core   0: 3 0x80004268 (0x340038f3) x17 0x00000013
core   0: 0x8000426c (0x0000717d) c.addi16sp sp, -16
core   0: 3 0x8000426c (0x717d) x2  0xfffffff0
core   0: 0x8000426e (0x0000866a) c.mv    a2, s10
core   0: 3 0x8000426e (0x866a) x12 0xfffc030f
core   0: 0x80004270 (0x00006b11) c.lui   s6, 0x4
core   0: 3 0x80004270 (0x6b11) x22 0x00004000
core   0: 0x80004272 (0x0108e233) or      tp, a7, a6
core   0: 3 0x80004272 (0x0108e233) x4  0xfffffffb
core   0: 0x80004276 (0x0000cf11) c.beqz  a4, pc + 28
core   0: 3 0x80004276 (0xcf11)
core   0: 0x80004278 (0x01ff5e33) srl     t3, t5, t6
core   0: 3 0x80004278 (0x01ff5e33) x28 0x002000a7
core   0: 0x8000427c (0x00569b33) sll     s6, a3, t0
core   0: 3 0x8000427c (0x00569b33) x22 0x00000000
core   0: 0x80004280 (0x021501b3) mul     gp, a0, ra
core   0: 3 0x80004280 (0x021501b3) x3  0x00000000
core   0: 0x80004284 (0x00008889) c.andi  s1, 2
core   0: 3 0x80004284 (0x8889) x9  0x00000000
core   0: 0x80004286 (0x8f0cfa93) andi    s5, s9, -1808
core   0: 3 0x80004286 (0x8f0cfa93) x21 0xfffc0000
core   0: 0x8000428a (0x340075f3) csrrci  a1, mscratch, 0
core   0: 3 0x8000428a (0x340075f3) x11 0x00000013
core   0: 0x8000428e (0x0398f8b3) remu    a7, a7, s9
core   0: 3 0x8000428e (0x0398f8b3) x17 0x00000013
core   0: 0x80004292 (0x00008f6d) c.and   a4, a1
core   0: 3 0x80004292 (0x8f6d) x14 0x00000002
core   0: 0x80004294 (0x340358f3) csrrwi  a7, mscratch, 6
core   0: 3 0x80004294 (0x340358f3) x17 0x00000013 c832_mscratch 0x00000006
core   0: 0x80004298 (0x7b0778b7) lui     a7, 0x7b077
core   0: 3 0x80004298 (0x7b0778b7) x17 0x7b077000
core   0: 0x8000429c (0x0205c933) div     s2, a1, zero
core   0: 3 0x8000429c (0x0205c933) x18 0xffffffff
core   0: 0x800042a0 (0x340067f3) csrrsi  a5, mscratch, 0
core   0: 3 0x800042a0 (0x340067f3) x15 0x00000006
core   0: 0x800042a4 (0x34002ff3) csrr    t6, mscratch
core   0: 3 0x800042a4 (0x34002ff3) x31 0x00000006
core   0: 0x800042a8 (0x0ff0000f) fence   iorw,iorw
core   0: 3 0x800042a8 (0x0ff0000f)
core   0: 0x800042ac (0x017bc663) blt     s7, s7, pc + 12
core   0: 3 0x800042ac (0x017bc663)
core   0: 0x800042b0 (0x01f8f3b3) and     t2, a7, t6
core   0: 3 0x800042b0 (0x01f8f3b3) x7  0x00000000
core   0: 0x800042b4 (0x03413ab3) mulhu   s5, sp, s4
core   0: 3 0x800042b4 (0x03413ab3) x21 0x00000000
core   0: 0x800042b8 (0x0076d193) srli    gp, a3, 7
core   0: 3 0x800042b8 (0x0076d193) x3  0x00000000
core   0: 0x800042bc (0x0123d333) srl     t1, t2, s2
core   0: 3 0x800042bc (0x0123d333) x6  0x00000000
core   0: 0x800042c0 (0xfd563793) sltiu   a5, a2, -43
core   0: 3 0x800042c0 (0xfd563793) x15 0x00000001
core   0: 0x800042c4 (0x41865513) srai    a0, a2, 24
core   0: 3 0x800042c4 (0x41865513) x10 0xffffffff
core   0: 0x800042c8 (0x0000615d) c.addi16sp sp, 432
core   0: 3 0x800042c8 (0x615d) x2  0x000001a0
core   0: 0x800042ca (0x00be5133) srl     sp, t3, a1
core   0: 3 0x800042ca (0x00be5133) x2  0x00000004
core   0: 0x800042ce (0x0000ed85) c.bnez  a1, pc + 56
core   0: 3 0x800042ce (0xed85)
core   0: 0x80004306 (0x0321e733) rem     a4, gp, s2
core   0: 3 0x80004306 (0x0321e733) x14 0x00000000
core   0: 0x8000430a (0x340077f3) csrrci  a5, mscratch, 0
core   0: 3 0x8000430a (0x340077f3) x15 0x00000006
core   0: 0x8000430e (0x00000114) c.addi4spn a3, sp, 128
core   0: 3 0x8000430e (0x0114) x13 0x00000084
core   0: 0x80004310 (0x0f597613) andi    a2, s2, 245
core   0: 3 0x80004310 (0x0f597613) x12 0x000000f5
core   0: 0x80004314 (0x0000815e) c.mv    sp, s7
core   0: 3 0x80004314 (0x815e) x2  0x80025ea4
core   0: 0x80004316 (0x413f8433) sub     s0, t6, s3
core   0: 3 0x80004316 (0x413f8433) x8  0x00000006
core   0: 0x8000431a (0x019ac263) blt     s5, s9, pc + 4
core   0: 3 0x8000431a (0x019ac263)
core   0: 0x8000431e (0x00008ac1) c.andi  a3, 16
core   0: 3 0x8000431e (0x8ac1) x13 0x00000000
core   0: 0x80004320 (0x34007cf3) csrrci  s9, mscratch, 0
core   0: 3 0x80004320 (0x34007cf3) x25 0x00000006
core   0: 0x80004324 (0x340f96f3) csrrw   a3, mscratch, t6
core   0: 3 0x80004324 (0x340f96f3) x13 0x00000006 c832_mscratch 0x00000006
core   0: 0x80004328 (0x412705b3) sub     a1, a4, s2
core   0: 3 0x80004328 (0x412705b3) x11 0x00000001
core   0: 0x8000432c (0x0139acb3) slt     s9, s3, s3
core   0: 3 0x8000432c (0x0139acb3) x25 0x00000000
core   0: 0x80004330 (0x0000c089) c.beqz  s1, pc + 2
core   0: 3 0x80004330 (0xc089)
core   0: 0x80004332 (0x01d38133) add     sp, t2, t4
core   0: 3 0x80004332 (0x01d38133) x2  0xdf9fa9b4
core   0: 0x80004336 (0x000087fa) c.mv    a5, t5
core   0: 3 0x80004336 (0x87fa) x15 0x80029d24
core   0: 0x80004338 (0x00008d61) c.and   a0, s0
core   0: 3 0x80004338 (0x8d61) x10 0x00000006
core   0: 0x8000433a (0x000093f2) c.add   t2, t3
core   0: 3 0x8000433a (0x93f2) x7  0x002000a7
core   0: 0x8000433c (0x008c5763) bge     s8, s0, pc + 14
core   0: 3 0x8000433c (0x008c5763)
core   0: 0x8000434a (0x00001b90) c.addi4spn a2, sp, 496
core   0: 3 0x8000434a (0x1b90) x12 0xdf9faba4
core   0: 0x8000434c (0x0281edb3) rem     s11, gp, s0
core   0: 3 0x8000434c (0x0281edb3) x27 0x00000000
core   0: 0x80004350 (0x02200e63) beq     zero, sp, pc + 60
core   0: 3 0x80004350 (0x02200e63)
core   0: 0x80004354 (0x000068d9) c.lui   a7, 0x16
core   0: 3 0x80004354 (0x68d9) x17 0x00016000
core   0: 0x80004356 (0x340030f3) csrrc   ra, mscratch, zero
core   0: 3 0x80004356 (0x340030f3) x1  0x00000006
core   0: 0x8000435a (0x0000ed8d) c.bnez  a1, pc + 58
core   0: 3 0x8000435a (0xed8d)
core   0: 0x80004394 (0x03694c33) div     s8, s2, s6
core   0: 3 0x80004394 (0x03694c33) x24 0xffffffff
core   0: 0x80004398 (0x03ff8863) beq     t6, t6, pc + 48
core   0: 3 0x80004398 (0x03ff8863)
core   0: 0x800043c8 (0x00fd4d63) blt     s10, a5, pc + 26
core   0: 3 0x800043c8 (0x00fd4d63)
core   0: 0x800043cc (0xe07343b7) lui     t2, 0xe0734
core   0: 3 0x800043cc (0xe07343b7) x7  0xe0734000
core   0: 0x800043d0 (0x0000997d) c.andi  a0, -1
core   0: 3 0x800043d0 (0x997d) x10 0x00000006
core   0: 0x800043d2 (0x029bb233) mulhu   tp, s7, s1
core   0: 3 0x800043d2 (0x029bb233) x4  0x00000000
core   0: 0x800043d6 (0x000086dd) c.srai  a3, 23
core   0: 3 0x800043d6 (0x86dd) x13 0x00000000
core   0: 0x800043d8 (0x00004981) c.li    s3, 0
core   0: 3 0x800043d8 (0x4981) x19 0x00000000
core   0: 0x800043da (0x00008f31) c.xor   a4, a2
core   0: 3 0x800043da (0x8f31) x14 0xdf9faba4
core   0: 0x800043dc (0x00000c08) c.addi4spn a0, sp, 528
core   0: 3 0x800043dc (0x0c08) x10 0xdf9fabc4
core   0: 0x800043de (0x40f5d833) sra     a6, a1, a5
core   0: 3 0x800043de (0x40f5d833) x16 0x00000000
core   0: 0x800043e2 (0x00efc9b3) xor     s3, t6, a4
core   0: 3 0x800043e2 (0x00efc9b3) x19 0xdf9faba2
core   0: 0x800043e6 (0x34002ef3) csrr    t4, mscratch
core   0: 3 0x800043e6 (0x34002ef3) x29 0x00000006
core   0: 0x800043ea (0x340bf8f3) csrrci  a7, mscratch, 23
core   0: 3 0x800043ea (0x340bf8f3) x17 0x00000006 c832_mscratch 0x00000000
core   0: 0x800043ee (0x00008cc5) c.or    s1, s1
core   0: 3 0x800043ee (0x8cc5) x9  0x00000000
core   0: 0x800043f0 (0x3403e073) csrsi   mscratch, 7
core   0: 3 0x800043f0 (0x3403e073) c832_mscratch 0x00000007
core   0: 0x800043f4 (0x015f06b3) add     a3, t5, s5
core   0: 3 0x800043f4 (0x015f06b3) x13 0x80029d24
core   0: 0x800043f8 (0x34003273) csrrc   tp, mscratch, zero
core   0: 3 0x800043f8 (0x34003273) x4  0x00000007
core   0: 0x800043fc (0x000081e5) c.srli  a1, 25
core   0: 3 0x800043fc (0x81e5) x11 0x00000000
core   0: 0x800043fe (0x011e1a63) bne     t3, a7, pc + 20
core   0: 3 0x800043fe (0x011e1a63)
core   0: 0x80004412 (0x3405a373) csrrs   t1, mscratch, a1
core   0: 3 0x80004412 (0x3405a373) x6  0x00000007 c832_mscratch 0x00000007
core   0: 0x80004416 (0x00008e55) c.or    a2, a3
core   0: 3 0x80004416 (0x8e55) x12 0xdf9fbfa4
core   0: 0x80004418 (0x3402bff3) csrrc   t6, mscratch, t0
core   0: 3 0x80004418 (0x3402bff3) x31 0x00000007 c832_mscratch 0x00000005
core   0: 0x8000441c (0x02166633) rem     a2, a2, ra
core   0: 3 0x8000441c (0x02166633) x12 0xfffffffe
core   0: 0x80004420 (0x011d1c63) bne     s10, a7, pc + 24
core   0: 3 0x80004420 (0x011d1c63)
core   0: 0x80004438 (0x0ff0000f) fence   iorw,iorw
core   0: 3 0x80004438 (0x0ff0000f)
core   0: 0x8000443c (0x01970ab3) add     s5, a4, s9
core   0: 3 0x8000443c (0x01970ab3) x21 0xdf9faba4
core   0: 0x80004440 (0x3401d0f3) csrrwi  ra, mscratch, 3
core   0: 3 0x80004440 (0x3401d0f3) x1  0x00000005 c832_mscratch 0x00000003
core   0: 0x80004444 (0x00000001) c.nop
core   0: 3 0x80004444 (0x0001)
core   0: 0x80004446 (0x03a82fb3) mulhsu  t6, a6, s10
core   0: 3 0x80004446 (0x03a82fb3) x31 0x00000000
core   0: 0x8000444a (0x340975f3) csrrci  a1, mscratch, 18
core   0: 3 0x8000444a (0x340975f3) x11 0x00000003 c832_mscratch 0x00000001
core   0: 0x8000444e (0x028e7233) remu    tp, t3, s0
core   0: 3 0x8000444e (0x028e7233) x4  0x00000001
core   0: 0x80004452 (0x340fe3f3) csrrsi  t2, mscratch, 31
core   0: 3 0x80004452 (0x340fe3f3) x7  0x00000001 c832_mscratch 0x0000001f
core   0: 0x80004456 (0x00870ab3) add     s5, a4, s0
core   0: 3 0x80004456 (0x00870ab3) x21 0xdf9fabaa
core   0: 0x8000445a (0x003d1113) slli    sp, s10, 3
core   0: 3 0x8000445a (0x003d1113) x2  0xffe01878
core   0: 0x8000445e (0x03ac8f63) beq     s9, s10, pc + 62
core   0: 3 0x8000445e (0x03ac8f63)
core   0: 0x80004462 (0x008d9c33) sll     s8, s11, s0
core   0: 3 0x80004462 (0x008d9c33) x24 0x00000000
core   0: 0x80004466 (0x0ff0000f) fence   iorw,iorw
core   0: 3 0x80004466 (0x0ff0000f)
core   0: 0x8000446a (0x00000001) c.nop
core   0: 3 0x8000446a (0x0001)
core   0: 0x8000446c (0x03f78a63) beq     a5, t6, pc + 52
core   0: 3 0x8000446c (0x03f78a63)
core   0: 0x80004470 (0x82b78713) addi    a4, a5, -2005
core   0: 3 0x80004470 (0x82b78713) x14 0x8002954f
core   0: 0x80004474 (0x172baf93) slti    t6, s7, 370
core   0: 3 0x80004474 (0x172baf93) x31 0x00000001
core   0: 0x80004478 (0x020e8333) mul     t1, t4, zero
core   0: 3 0x80004478 (0x020e8333) x6  0x00000000
core   0: 0x8000447c (0x0000717d) c.addi16sp sp, -16
core   0: 3 0x8000447c (0x717d) x2  0xffe01868
core   0: 0x8000447e (0x01de4cb3) xor     s9, t3, t4
core   0: 3 0x8000447e (0x01de4cb3) x25 0x002000a1
core   0: 0x80004482 (0x340b50f3) csrrwi  ra, mscratch, 22
core   0: 3 0x80004482 (0x340b50f3) x1  0x0000001f c832_mscratch 0x00000016
core   0: 0x80004486 (0x00000529) c.addi  a0, 10
core   0: 3 0x80004486 (0x0529) x10 0xdf9fabce
core   0: 0x80004488 (0x01214033) xor     zero, sp, s2
core   0: 3 0x80004488 (0x01214033)
core   0: 0x8000448c (0x0000100f) fence.i
core   0: 3 0x8000448c (0x0000100f)
core   0: 0x80004490 (0x00001918) c.addi4spn a4, sp, 176
core   0: 3 0x80004490 (0x1918) x14 0xffe01918
core   0: 0x80004492 (0xb4366e13) ori     t3, a2, -1213
core   0: 3 0x80004492 (0xb4366e13) x28 0xffffffff
core   0: 0x80004496 (0xa66b0c93) addi    s9, s6, -1434
core   0: 3 0x80004496 (0xa66b0c93) x25 0xfffffa66
core   0: 0x8000449a (0x00008cc9) c.or    s1, a0
core   0: 3 0x8000449a (0x8cc9) x9  0xdf9fabce
core   0: 0x8000449c (0x0000027e) c.slli  tp, 31
core   0: 3 0x8000449c (0x027e) x4  0x80000000
core   0: 0x8000449e (0x00008ecd) c.or    a3, a1
core   0: 3 0x8000449e (0x8ecd) x13 0x80029d27
core   0: 0x800044a0 (0x409f5d33) sra     s10, t5, s1
core   0: 3 0x800044a0 (0x409f5d33) x26 0xfffe000a
core   0: 0x800044a4 (0x00008c6d) c.and   s0, a1
core   0: 3 0x800044a4 (0x8c6d) x8  0x00000002
core   0: 0x800044a6 (0x000080cd) c.srli  s1, 19
core   0: 3 0x800044a6 (0x80cd) x9  0x00001bf3
core   0: 0x800044a8 (0x00008eed) c.and   a3, a1
core   0: 3 0x800044a8 (0x8eed) x13 0x00000003
core   0: 0x800044aa (0x02fd5a33) divu    s4, s10, a5
core   0: 3 0x800044aa (0x02fd5a33) x20 0x00000001
core   0: 0x800044ae (0x03c0b233) mulhu   tp, ra, t3
core   0: 3 0x800044ae (0x03c0b233) x4  0x0000001e
core   0: 0x800044b2 (0x03f77e33) remu    t3, a4, t6
core   0: 3 0x800044b2 (0x03f77e33) x28 0x00000000
core   0: 0x800044b6 (0x00008d7d) c.and   a0, a5
core   0: 3 0x800044b6 (0x8d7d) x10 0x80028904
core   0: 0x800044b8 (0x0144e3b3) or      t2, s1, s4
core   0: 3 0x800044b8 (0x0144e3b3) x7  0x00001bf3
core   0: 0x800044bc (0x03054b33) div     s6, a0, a6
core   0: 3 0x800044bc (0x03054b33) x22 0xffffffff
core   0: 0x800044c0 (0x40ba59b3) sra     s3, s4, a1
core   0: 3 0x800044c0 (0x40ba59b3) x19 0x00000000
core   0: 0x800044c4 (0x02f56e63) bltu    a0, a5, pc + 60
core   0: 3 0x800044c4 (0x02f56e63)
core   0: 0x80004500 (0x3402d773) csrrwi  a4, mscratch, 5
core   0: 3 0x80004500 (0x3402d773) x14 0x00000016 c832_mscratch 0x00000005
core   0: 0x80004504 (0x3405b173) csrrc   sp, mscratch, a1
core   0: 3 0x80004504 (0x3405b173) x2  0x00000005 c832_mscratch 0x00000004
core   0: 0x80004508 (0x002d9413) slli    s0, s11, 2
core   0: 3 0x80004508 (0x002d9413) x8  0x00000000
core   0: 0x8000450c (0x03e8a1b3) mulhsu  gp, a7, t5
core   0: 3 0x8000450c (0x03e8a1b3) x3  0x00000003
core   0: 0x80004510 (0x0000046a) c.slli  s0, 26
core   0: 3 0x80004510 (0x046a) x8  0x00000000
core   0: 0x80004512 (0x00008d05) c.sub   a0, s1
core   0: 3 0x80004512 (0x8d05) x10 0x80026d11
core   0: 0x80004514 (0xc9476313) ori     t1, a4, -876
core   0: 3 0x80004514 (0xc9476313) x6  0xfffffc96
core   0: 0x80004518 (0x0000e211) c.bnez  a2, pc + 4
core   0: 3 0x80004518 (0xe211)
core   0: 0x8000451c (0x00a2dab3) srl     s5, t0, a0
core   0: 3 0x8000451c (0x00a2dab3) x21 0x00007abe
core   0: 0x80004520 (0x01aa4533) xor     a0, s4, s10
core   0: 3 0x80004520 (0x01aa4533) x10 0xfffe000b
core   0: 0x80004524 (0x00ed5763) bge     s10, a4, pc + 14
core   0: 3 0x80004524 (0x00ed5763)
core   0: 0x80004528 (0x34003e73) csrrc   t3, mscratch, zero
core   0: 3 0x80004528 (0x34003e73) x28 0x00000004
core   0: 0x8000452c (0x00008721) c.srai  a4, 8
core   0: 3 0x8000452c (0x8721) x14 0x00000000
core   0: 0x8000452e (0x01969213) slli    tp, a3, 25
core   0: 3 0x8000452e (0x01969213) x4  0x06000000
core   0: 0x80004532 (0x0ff0000f) fence   iorw,iorw
core   0: 3 0x80004532 (0x0ff0000f)
core   0: 0x80004536 (0xb4cf6813) ori     a6, t5, -1204
core   0: 3 0x80004536 (0xb4cf6813) x16 0xffffff6c
core   0: 0x8000453a (0x41f4dab3) sra     s5, s1, t6
core   0: 3 0x8000453a (0x41f4dab3) x21 0x00000df9
core   0: 0x8000453e (0x0022be33) sltu    t3, t0, sp
core   0: 3 0x8000453e (0x0022be33) x28 0x00000000
core   0: 0x80004542 (0x00008fc1) c.or    a5, s0
core   0: 3 0x80004542 (0x8fc1) x15 0x80029d24
core   0: 0x80004544 (0x000059fd) c.li    s3, -1
core   0: 3 0x80004544 (0x59fd) x19 0xffffffff
core   0: 0x80004546 (0x00008ea1) c.xor   a3, s0
core   0: 3 0x80004546 (0x8ea1) x13 0x00000003
core   0: 0x80004548 (0x000094aa) c.add   s1, a0
core   0: 3 0x80004548 (0x94aa) x9  0xfffe1bfe
core   0: 0x8000454a (0x03fcdcb3) divu    s9, s9, t6
core   0: 3 0x8000454a (0x03fcdcb3) x25 0xfffffa66
core   0: 0x8000454e (0x416b56b3) sra     a3, s6, s6
core   0: 3 0x8000454e (0x416b56b3) x13 0xffffffff
core   0: 0x80004552 (0x9c432f93) slti    t6, t1, -1596
core   0: 3 0x80004552 (0x9c432f93) x31 0x00000000
core   0: 0x80004556 (0x0ff0000f) fence   iorw,iorw
core   0: 3 0x80004556 (0x0ff0000f)
core   0: 0x8000455a (0x029647b3) div     a5, a2, s1
core   0: 3 0x8000455a (0x029647b3) x15 0x00000000
core   0: 0x8000455e (0x00001490) c.addi4spn a2, sp, 608
core   0: 3 0x8000455e (0x1490) x12 0x00000265
core   0: 0x80004560 (0x035e45b3) div     a1, t3, s5
core   0: 3 0x80004560 (0x035e45b3) x11 0x00000000
core   0: 0x80004564 (0x42a29417) auipc   s0, 0x42a29
core   0: 3 0x80004564 (0x42a29417) x8  0xc2a2d564
core   0: 0x80004568 (0x03671ab3) mulh    s5, a4, s6
core   0: 3 0x80004568 (0x03671ab3) x21 0x00000000
core   0: 0x8000456c (0x00008ff5) c.and   a5, a3
core   0: 3 0x8000456c (0x8ff5) x15 0x00000000
core   0: 0x8000456e (0x02f64c63) blt     a2, a5, pc + 56
core   0: 3 0x8000456e (0x02f64c63)
core   0: 0x80004572 (0x3401e4f3) csrrsi  s1, mscratch, 3
core   0: 3 0x80004572 (0x3401e4f3) x9  0x00000004 c832_mscratch 0x00000007
core   0: 0x80004576 (0x00000001) c.nop
core   0: 3 0x80004576 (0x0001)
core   0: 0x80004578 (0x0153ee33) or      t3, t2, s5
core   0: 3 0x80004578 (0x0153ee33) x28 0x00001bf3
core   0: 0x8000457c (0x00f1e563) bltu    gp, a5, pc + 10
core   0: 3 0x8000457c (0x00f1e563)
core   0: 0x80004580 (0x00009172) c.add   sp, t3
core   0: 3 0x80004580 (0x9172) x2  0x00001bf8
core   0: 0x80004582 (0x41c607b3) sub     a5, a2, t3
core   0: 3 0x80004582 (0x41c607b3) x15 0xffffe672
core   0: 0x80004586 (0x00000001) c.nop
core   0: 3 0x80004586 (0x0001)
core   0: 0x80004588 (0x0304a4b3) mulhsu  s1, s1, a6
core   0: 3 0x80004588 (0x0304a4b3) x9  0x00000003
core   0: 0x8000458c (0x0000717d) c.addi16sp sp, -16
core   0: 3 0x8000458c (0x717d) x2  0x00001be8
core   0: 0x8000458e (0x340216f3) csrrw   a3, mscratch, tp
core   0: 3 0x8000458e (0x340216f3) x13 0x00000007 c832_mscratch 0x06000000
core   0: 0x80004592 (0x00004d3d) c.li    s10, 15
core   0: 3 0x80004592 (0x4d3d) x26 0x0000000f
core   0: 0x80004594 (0x02c89663) bne     a7, a2, pc + 44
core   0: 3 0x80004594 (0x02c89663)
core   0: 0x800045c0 (0x00009736) c.add   a4, a3
core   0: 3 0x800045c0 (0x9736) x14 0x00000007
core   0: 0x800045c2 (0x00008de5) c.and   a1, s1
core   0: 3 0x800045c2 (0x8de5) x11 0x00000000
core   0: 0x800045c4 (0x00100763) beq     zero, ra, pc + 14
core   0: 3 0x800045c4 (0x00100763)
core   0: 0x800045c8 (0x00008405) c.srai  s0, 1
core   0: 3 0x800045c8 (0x8405) x8  0xe1516ab2
core   0: 0x800045ca (0x41c8dc33) sra     s8, a7, t3
core   0: 3 0x800045ca (0x41c8dc33) x24 0x00000000
core   0: 0x800045ce (0xfa4a2393) slti    t2, s4, -92
core   0: 3 0x800045ce (0xfa4a2393) x7  0x00000000
core   0: 0x800045d2 (0x01a46c33) or      s8, s0, s10
core   0: 3 0x800045d2 (0x01a46c33) x24 0xe1516abf
core   0: 0x800045d6 (0x0000717d) c.addi16sp sp, -16
core   0: 3 0x800045d6 (0x717d) x2  0x00001bd8
core   0: 0x800045d8 (0x021f04b3) mul     s1, t5, ra
core   0: 3 0x800045d8 (0x021f04b3) x9  0x8051075c
core   0: 0x800045dc (0x51847393) andi    t2, s0, 1304
core   0: 3 0x800045dc (0x51847393) x7  0x00000010
core   0: 0x800045e0 (0x84b5f9b7) lui     s3, 0x84b5f
core   0: 3 0x800045e0 (0x84b5f9b7) x19 0x84b5f000
core   0: 0x800045e4 (0x0000c417) auipc   s0, 0xc
core   0: 3 0x800045e4 (0x0000c417) x8  0x800105e4
core   0: 0x800045e8 (0x1ca40413) addi    s0, s0, 458
core   0: 3 0x800045e8 (0x1ca40413) x8  0x800107ae
core   0: 0x800045ec (0x34009c73) csrrw   s8, mscratch, ra
core   0: 3 0x800045ec (0x34009c73) x24 0x06000000 c832_mscratch 0x0000001f
core   0: 0x800045f0 (0x00008d29) c.xor   a0, a0
core   0: 3 0x800045f0 (0x8d29) x10 0x00000000
core   0: 0x800045f2 (0xffc40c83) lb      s9, -4(s0)
core   0: 3 0x800045f2 (0xffc40c83) x25 0x0000000a mem 0x800107aa
core   0: 0x800045f6 (0x00540a83) lb      s5, 5(s0)
core   0: 3 0x800045f6 (0x00540a83) x21 0x00000068 mem 0x800107b3
core   0: 0x800045fa (0xffd40f23) sb      t4, -2(s0)
core   0: 3 0x800045fa (0xffd40f23) mem 0x800107ac 0x06
core   0: 0x800045fe (0x00442123) sw      tp, 2(s0)
core   0: 3 0x800045fe (0x00442123) mem 0x800107b0 0x06000000
core   0: 0x80004602 (0xfe341823) sh      gp, -16(s0)
core   0: 3 0x80004602 (0xfe341823) mem 0x8001079e 0x0003
core   0: 0x80004606 (0x34002e73) csrr    t3, mscratch
core   0: 3 0x80004606 (0x34002e73) x28 0x0000001f
core   0: 0x8000460a (0x00000d32) c.slli  s10, 12
core   0: 3 0x8000460a (0x0d32) x26 0x0000f000
core   0: 0x8000460c (0xfe740ba3) sb      t2, -9(s0)
core   0: 3 0x8000460c (0xfe740ba3) mem 0x800107a5 0x10
core   0: 0x80004610 (0x00f239b3) sltu    s3, tp, a5
core   0: 3 0x80004610 (0x00f239b3) x19 0x00000001
core   0: 0x80004614 (0x00740703) lb      a4, 7(s0)
core   0: 3 0x80004614 (0x00740703) x14 0x0000006e mem 0x800107b5
core   0: 0x80004618 (0x00008b7d) c.andi  a4, 31
core   0: 3 0x80004618 (0x8b7d) x14 0x0000000e
core   0: 0x8000461a (0x01951d93) slli    s11, a0, 25
core   0: 3 0x8000461a (0x01951d93) x27 0x00000000
core   0: 0x8000461e (0x01341723) sh      s3, 14(s0)
core   0: 3 0x8000461e (0x01341723) mem 0x800107bc 0x0001
core   0: 0x80004622 (0xffb44783) lbu     a5, -5(s0)
core   0: 3 0x80004622 (0xffb44783) x15 0x00000062 mem 0x800107a9
core   0: 0x80004626 (0x6887f313) andi    t1, a5, 1672
core   0: 3 0x80004626 (0x6887f313) x6  0x00000000
core   0: 0x8000462a (0x03909e33) mulh    t3, ra, s9
core   0: 3 0x8000462a (0x03909e33) x28 0x00000000
core   0: 0x8000462e (0x0000100f) fence.i
core   0: 3 0x8000462e (0x0000100f)
core   0: 0x80004632 (0x00b0fa33) and     s4, ra, a1
core   0: 3 0x80004632 (0x00b0fa33) x20 0x00000000
core   0: 0x80004636 (0x34099b73) csrrw   s6, mscratch, s3
core   0: 3 0x80004636 (0x34099b73) x22 0x0000001f c832_mscratch 0x00000001
core   0: 0x8000463a (0x0240b4b3) mulhu   s1, ra, tp
core   0: 3 0x8000463a (0x0240b4b3) x9  0x00000000
core   0: 0x8000463e (0x08a34717) auipc   a4, 0x8a34
core   0: 3 0x8000463e (0x08a34717) x14 0x88a3863e
core   0: 0x80004642 (0x03244d33) div     s10, s0, s2
core   0: 3 0x80004642 (0x03244d33) x26 0x7ffef852
core   0: 0x80004646 (0x01642323) sw      s6, 6(s0)
core   0: 3 0x80004646 (0x01642323) mem 0x800107b4 0x0000001f
core   0: 0x8000464a (0x99220c13) addi    s8, tp, -1646
core   0: 3 0x8000464a (0x99220c13) x24 0x05fff992
core   0: 0x8000464e (0x00040003) lb      zero, 0(s0)
core   0: 3 0x8000464e (0x00040003) mem 0x800107ae
core   0: 0x80004652 (0x00e41823) sh      a4, 16(s0)
core   0: 3 0x80004652 (0x00e41823) mem 0x800107be 0x863e
core   0: 0x80004656 (0x017753b3) srl     t2, a4, s7
core   0: 3 0x80004656 (0x017753b3) x7  0x088a3863
core   0: 0x8000465a (0x00008eda) c.mv    t4, s6
core   0: 3 0x8000465a (0x8eda) x29 0x0000001f
core   0: 0x8000465c (0x00775493) srli    s1, a4, 7
core   0: 3 0x8000465c (0x00775493) x9  0x0111470c
core   0: 0x80004660 (0x00009cf6) c.add   s9, t4
core   0: 3 0x80004660 (0x9cf6) x25 0x00000029
core   0: 0x80004662 (0x02bc84b3) mul     s1, s9, a1
core   0: 3 0x80004662 (0x02bc84b3) x9  0x00000000
core   0: 0x80004666 (0x016c9b63) bne     s9, s6, pc + 22
core   0: 3 0x80004666 (0x016c9b63)
core   0: 0x8000467c (0x0000ce19) c.beqz  a2, pc + 30
core   0: 3 0x8000467c (0xce19)
core   0: 0x8000467e (0x40230c33) sub     s8, t1, sp
core   0: 3 0x8000467e (0x40230c33) x24 0xffffe428
core   0: 0x80004682 (0x000b1263) bnez    s6, pc + 4
core   0: 3 0x80004682 (0x000b1263)
core   0: 0x80004686 (0x92a54013) xori    zero, a0, -1750
core   0: 3 0x80004686 (0x92a54013)
core   0: 0x8000468a (0x01acdc13) srli    s8, s9, 26
core   0: 3 0x8000468a (0x01acdc13) x24 0x00000000
core   0: 0x8000468e (0x01faf7b3) and     a5, s5, t6
core   0: 3 0x8000468e (0x01faf7b3) x15 0x00000000
core   0: 0x80004692 (0x0262e263) bltu    t0, t1, pc + 36
core   0: 3 0x80004692 (0x0262e263)
core   0: 0x80004696 (0x01bdd013) srli    zero, s11, 27
core   0: 3 0x80004696 (0x01bdd013)
core   0: 0x8000469a (0x0000198c) c.addi4spn a1, sp, 240
core   0: 3 0x8000469a (0x198c) x11 0x00001cc8
core   0: 0x8000469c (0x00ea9713) slli    a4, s5, 14
core   0: 3 0x8000469c (0x00ea9713) x14 0x001a0000
core   0: 0x800046a0 (0x0217afb3) mulhsu  t6, a5, ra
core   0: 3 0x800046a0 (0x0217afb3) x31 0x00000000
core   0: 0x800046a4 (0x41085833) sra     a6, a6, a6
core   0: 3 0x800046a4 (0x41085833) x16 0xffffffff
core   0: 0x800046a8 (0x00000ffa) c.slli  t6, 30
core   0: 3 0x800046a8 (0x0ffa) x31 0x00000000
core   0: 0x800046aa (0x41dcd693) srai    a3, s9, 29
core   0: 3 0x800046aa (0x41dcd693) x13 0x00000000
core   0: 0x800046ae (0x039ad733) divu    a4, s5, s9
core   0: 3 0x800046ae (0x039ad733) x14 0x00000002
core   0: 0x800046b2 (0x03ab8063) beq     s7, s10, pc + 32
core   0: 3 0x800046b2 (0x03ab8063)
core   0: 0x800046b6 (0xb8608713) addi    a4, ra, -1146
core   0: 3 0x800046b6 (0xb8608713) x14 0xfffffba5
core   0: 0x800046ba (0x00008ca9) c.xor   s1, a0
core   0: 3 0x800046ba (0x8ca9) x9  0x00000000
core   0: 0x800046bc (0x00a931b3) sltu    gp, s2, a0
core   0: 3 0x800046bc (0x00a931b3) x3  0x00000000
core   0: 0x800046c0 (0x03fddfb3) divu    t6, s11, t6
core   0: 3 0x800046c0 (0x03fddfb3) x31 0xffffffff
core   0: 0x800046c4 (0x412e5cb3) sra     s9, t3, s2
core   0: 3 0x800046c4 (0x412e5cb3) x25 0x00000000
core   0: 0x800046c8 (0x50083793) sltiu   a5, a6, 1280
core   0: 3 0x800046c8 (0x50083793) x15 0x00000000
core   0: 0x800046cc (0x023f91b3) mulh    gp, t6, gp
core   0: 3 0x800046cc (0x023f91b3) x3  0x00000000
core   0: 0x800046d0 (0x0000e285) c.bnez  a3, pc + 32
core   0: 3 0x800046d0 (0xe285)
core   0: 0x800046d2 (0x0385c963) blt     a1, s8, pc + 50
core   0: 3 0x800046d2 (0x0385c963)
core   0: 0x800046d6 (0x0000809d) c.srli  s1, 7
core   0: 3 0x800046d6 (0x809d) x9  0x00000000
core   0: 0x800046d8 (0x03d130b3) mulhu   ra, sp, t4
core   0: 3 0x800046d8 (0x03d130b3) x1  0x00000000
core   0: 0x800046dc (0x024331b3) mulhu   gp, t1, tp
core   0: 3 0x800046dc (0x024331b3) x3  0x00000000
core   0: 0x800046e0 (0x4c026193) ori     gp, tp, 1216
core   0: 3 0x800046e0 (0x4c026193) x3  0x060004c0
core   0: 0x800046e4 (0x01c3d663) bge     t2, t3, pc + 12
core   0: 3 0x800046e4 (0x01c3d663)
core   0: 0x800046f0 (0xecacc4b7) lui     s1, 0xecacc
core   0: 3 0x800046f0 (0xecacc4b7) x9  0xecacc000
core   0: 0x800046f4 (0x0000ce8d) c.beqz  a3, pc + 58
core   0: 3 0x800046f4 (0xce8d)
core   0: 0x8000472e (0x00e61d33) sll     s10, a2, a4
core   0: 3 0x8000472e (0x00e61d33) x26 0x00004ca0
core   0: 0x80004732 (0x0e98e263) bltu    a7, s1, pc + 228
core   0: 3 0x80004732 (0x0e98e263)
core   0: 0x80004816 (0x002a0b63) beq     s4, sp, pc + 22
core   0: 3 0x80004816 (0x002a0b63)
core   0: 0x8000481a (0x0384b333) mulhu   t1, s1, s8
core   0: 3 0x8000481a (0x0384b333) x6  0x00000000
core   0: 0x8000481e (0x0000ed85) c.bnez  a1, pc + 56
core   0: 3 0x8000481e (0xed85)
core   0: 0x80004856 (0x02d84563) blt     a6, a3, pc + 42
core   0: 3 0x80004856 (0x02d84563)
core   0: 0x80004880 (0x0000537d) c.li    t1, -1
core   0: 3 0x80004880 (0x537d) x6  0xffffffff
core   0: 0x80004882 (0x03931ab3) mulh    s5, t1, s9
core   0: 3 0x80004882 (0x03931ab3) x21 0x00000000
core   0: 0x80004886 (0x451b3313) sltiu   t1, s6, 1105
core   0: 3 0x80004886 (0x451b3313) x6  0x00000001
core   0: 0x8000488a (0x00159193) slli    gp, a1, 1
core   0: 3 0x8000488a (0x00159193) x3  0x00003990
core   0: 0x8000488e (0xf1f33497) auipc   s1, 0xf1f33
core   0: 3 0x8000488e (0xf1f33497) x9  0x71f3788e
core   0: 0x80004892 (0x00008195) c.srli  a1, 5
core   0: 3 0x80004892 (0x8195) x11 0x000000e6
core   0: 0x80004894 (0x000081c5) c.srli  a1, 17
core   0: 3 0x80004894 (0x81c5) x11 0x00000000
core   0: 0x80004896 (0x340c27f3) csrrs   a5, mscratch, s8
core   0: 3 0x80004896 (0x340c27f3) x15 0x00000001 c832_mscratch 0x00000001
core   0: 0x8000489a (0x00008469) c.srai  s0, 26
core   0: 3 0x8000489a (0x8469) x8  0xffffffe0
core   0: 0x8000489c (0xad27e713) ori     a4, a5, -1326
core   0: 3 0x8000489c (0xad27e713) x14 0xfffffad3
core   0: 0x800048a0 (0x02525463) bge     tp, t0, pc + 40
core   0: 3 0x800048a0 (0x02525463)
core   0: 0x800048c8 (0x00006e89) c.lui   t4, 0x2
core   0: 3 0x800048c8 (0x6e89) x29 0x00002000
core   0: 0x800048ca (0x01dbda33) srl     s4, s7, t4
core   0: 3 0x800048ca (0x01dbda33) x20 0x80025ea4
core   0: 0x800048ce (0x0000997d) c.andi  a0, -1
core   0: 3 0x800048ce (0x997d) x10 0x00000000
core   0: 0x800048d0 (0x00000001) c.nop
core   0: 3 0x800048d0 (0x0001)
core   0: 0x800048d2 (0x340b99f3) csrrw   s3, mscratch, s7
core   0: 3 0x800048d2 (0x340b99f3) x19 0x00000001 c832_mscratch 0x80025ea4
core   0: 0x800048d6 (0x0000c111) c.beqz  a0, pc + 4
core   0: 3 0x800048d6 (0xc111)
core   0: 0x800048da (0x012ade93) srli    t4, s5, 18
core   0: 3 0x800048da (0x012ade93) x29 0x00000000
core   0: 0x800048de (0x034be8b3) rem     a7, s7, s4
core   0: 3 0x800048de (0x034be8b3) x17 0x00000000
core   0: 0x800048e2 (0xbca80a93) addi    s5, a6, -1078
core   0: 3 0x800048e2 (0xbca80a93) x21 0xfffffbc9
core   0: 0x800048e6 (0x03016333) rem     t1, sp, a6
core   0: 3 0x800048e6 (0x03016333) x6  0x00000000
core   0: 0x800048ea (0x02f76133) rem     sp, a4, a5
core   0: 3 0x800048ea (0x02f76133) x2  0x00000000
core   0: 0x800048ee (0x0000c015) c.beqz  s0, pc + 36
core   0: 3 0x800048ee (0xc015)
core   0: 0x800048f0 (0x0000717d) c.addi16sp sp, -16
core   0: 3 0x800048f0 (0x717d) x2  0xfffffff0
core   0: 0x800048f2 (0x0266f433) remu    s0, a3, t1
core   0: 3 0x800048f2 (0x0266f433) x8  0x00000000
core   0: 0x800048f6 (0x0ff0000f) fence   iorw,iorw
core   0: 3 0x800048f6 (0x0ff0000f)
core   0: 0x800048fa (0x2b620413) addi    s0, tp, 694
core   0: 3 0x800048fa (0x2b620413) x8  0x060002b6
core   0: 0x800048fe (0xab11bb13) sltiu   s6, gp, -1359
core   0: 3 0x800048fe (0xab11bb13) x22 0x00000001
core   0: 0x80004902 (0x0000c209) c.beqz  a2, pc + 2
core   0: 3 0x80004902 (0xc209)
core   0: 0x80004904 (0x546fb193) sltiu   gp, t6, 1350
core   0: 3 0x80004904 (0x546fb193) x3  0x00000000
core   0: 0x80004908 (0x00008a45) c.andi  a2, 17
core   0: 3 0x80004908 (0x8a45) x12 0x00000001
core   0: 0x8000490a (0xbb45c693) xori    a3, a1, -1100
core   0: 3 0x8000490a (0xbb45c693) x13 0xfffffbb4
core   0: 0x8000490e (0x017b8563) beq     s7, s7, pc + 10
core   0: 3 0x8000490e (0x017b8563)
core   0: 0x80004918 (0x01c4d513) srli    a0, s1, 28
core   0: 3 0x80004918 (0x01c4d513) x10 0x00000007
core   0: 0x8000491c (0xbba28d93) addi    s11, t0, -1094
core   0: 3 0x8000491c (0xbba28d93) x27 0xf57d85c4
core   0: 0x80004920 (0x340590f3) csrrw   ra, mscratch, a1
core   0: 3 0x80004920 (0x340590f3) x1  0x80025ea4 c832_mscratch 0x00000000
core   0: 0x80004924 (0x00008cb1) c.xor   s1, a2
core   0: 3 0x80004924 (0x8cb1) x9  0x71f3788f
core   0: 0x80004926 (0x3409baf3) csrrc   s5, mscratch, s3
core   0: 3 0x80004926 (0x3409baf3) x21 0x00000000 c832_mscratch 0x00000000
core   0: 0x8000492a (0x00008d1d) c.sub   a0, a5
core   0: 3 0x8000492a (0x8d1d) x10 0x00000006
core   0: 0x8000492c (0x00008d49) c.or    a0, a0
core   0: 3 0x8000492c (0x8d49) x10 0x00000006
core   0: 0x8000492e (0xb94e3d17) auipc   s10, 0xb94e3
core   0: 3 0x8000492e (0xb94e3d17) x26 0x394e792e
core   0: 0x80004932 (0x018c6fb3) or      t6, s8, s8
core   0: 3 0x80004932 (0x018c6fb3) x31 0x00000000
core   0: 0x80004936 (0x0000100f) fence.i
core   0: 3 0x80004936 (0x0000100f)
core   0: 0x8000493a (0x0000100f) fence.i
core   0: 3 0x8000493a (0x0000100f)
core   0: 0x8000493e (0x00008e41) c.or    a2, s0
core   0: 3 0x8000493e (0x8e41) x12 0x060002b7
core   0: 0x80004940 (0x00cc7e33) and     t3, s8, a2
core   0: 3 0x80004940 (0x00cc7e33) x28 0x00000000
core   0: 0x80004944 (0x347a63b7) lui     t2, 0x347a6
core   0: 3 0x80004944 (0x347a63b7) x7  0x347a6000
core   0: 0x80004948 (0x00008255) c.srli  a2, 21
core   0: 3 0x80004948 (0x8255) x12 0x00000030
core   0: 0x8000494a (0x0289c763) blt     s3, s0, pc + 46
core   0: 3 0x8000494a (0x0289c763)
core   0: 0x80004978 (0xfaf77413) andi    s0, a4, -81
core   0: 3 0x80004978 (0xfaf77413) x8  0xfffffa83
core   0: 0x8000497c (0x55ec2e37) lui     t3, 0x55ec2
core   0: 3 0x8000497c (0x55ec2e37) x28 0x55ec2000
core   0: 0x80004980 (0x00000436) c.slli  s0, 13
core   0: 3 0x80004980 (0x0436) x8  0xff506000
core   0: 0x80004982 (0x00000001) c.nop
core   0: 3 0x80004982 (0x0001)
core   0: 0x80004984 (0x0000717d) c.addi16sp sp, -16
core   0: 3 0x80004984 (0x717d) x2  0xffffffe0
core   0: 0x80004986 (0x0000e60d) c.bnez  a2, pc + 42
core   0: 3 0x80004986 (0xe60d)
core   0: 0x800049b0 (0x004a15b3) sll     a1, s4, tp
core   0: 3 0x800049b0 (0x004a15b3) x11 0x80025ea4
core   0: 0x800049b4 (0x000095b6) c.add   a1, a3
core   0: 3 0x800049b4 (0x95b6) x11 0x80025a58
core   0: 0x800049b6 (0x0397afb3) mulhsu  t6, a5, s9
core   0: 3 0x800049b6 (0x0397afb3) x31 0x00000000
core   0: 0x800049ba (0x00008c2d) c.xor   s0, a1
core   0: 3 0x800049ba (0x8c2d) x8  0x7f523a58
core   0: 0x800049bc (0xc48ced93) ori     s11, s9, -952
core   0: 3 0x800049bc (0xc48ced93) x27 0xfffffc48
core   0: 0x800049c0 (0x01e7aeb3) slt     t4, a5, t5
core   0: 3 0x800049c0 (0x01e7aeb3) x29 0x00000000
core   0: 0x800049c4 (0x00000001) c.nop
core   0: 3 0x800049c4 (0x0001)
core   0: 0x800049c6 (0x03dd1c33) mulh    s8, s10, t4
core   0: 3 0x800049c6 (0x03dd1c33) x24 0x00000000
core   0: 0x800049ca (0x015c5333) srl     t1, s8, s5
core   0: 3 0x800049ca (0x015c5333) x6  0x00000000
core   0: 0x800049ce (0x00dcd493) srli    s1, s9, 13
core   0: 3 0x800049ce (0x00dcd493) x9  0x00000000
core   0: 0x800049d2 (0x01a1e763) bltu    gp, s10, pc + 14
core   0: 3 0x800049d2 (0x01a1e763)
core   0: 0x800049e0 (0x02d520b3) mulhsu  ra, a0, a3
core   0: 3 0x800049e0 (0x02d520b3) x1  0x00000005
core   0: 0x800049e4 (0x00008e3d) c.xor   a2, a5
core   0: 3 0x800049e4 (0x8e3d) x12 0x00000031
core   0: 0x800049e6 (0x000089d5) c.andi  a1, 21
core   0: 3 0x800049e6 (0x89d5) x11 0x00000010
core   0: 0x800049e8 (0x00004cf1) c.li    s9, 28
core   0: 3 0x800049e8 (0x4cf1) x25 0x0000001c
core   0: 0x800049ea (0x0000981a) c.add   a6, t1
core   0: 3 0x800049ea (0x981a) x16 0xffffffff
core   0: 0x800049ec (0x000c5393) srli    t2, s8, 0
core   0: 3 0x800049ec (0x000c5393) x7  0x00000000
core   0: 0x800049f0 (0x41a756b3) sra     a3, a4, s10
core   0: 3 0x800049f0 (0x41a756b3) x13 0xffffffff
core   0: 0x800049f4 (0x00008cf2) c.mv    s9, t3
core   0: 3 0x800049f4 (0x8cf2) x25 0x55ec2000
core   0: 0x800049f6 (0x030a5cb3) divu    s9, s4, a6
core   0: 3 0x800049f6 (0x030a5cb3) x25 0x00000000
core   0: 0x800049fa (0x34003d73) csrrc   s10, mscratch, zero
core   0: 3 0x800049fa (0x34003d73) x26 0x00000000
core   0: 0x800049fe (0x40ac5333) sra     t1, s8, a0
core   0: 3 0x800049fe (0x40ac5333) x6  0x00000000
core   0: 0x80004a02 (0x0000100f) fence.i
core   0: 3 0x80004a02 (0x0000100f)
core   0: 0x80004a06 (0x0155c733) xor     a4, a1, s5
core   0: 3 0x80004a06 (0x0155c733) x14 0x00000010
core   0: 0x80004a0a (0x00000561) c.addi  a0, 24
core   0: 3 0x80004a0a (0x0561) x10 0x0000001e
core   0: 0x80004a0c (0x01116863) bltu    sp, a7, pc + 16
core   0: 3 0x80004a0c (0x01116863)
core   0: 0x80004a10 (0x000098fd) c.andi  s1, -1
core   0: 3 0x80004a10 (0x98fd) x9  0x00000000
core   0: 0x80004a12 (0x00008f0d) c.sub   a4, a1
core   0: 3 0x80004a12 (0x8f0d) x14 0x00000000
core   0: 0x80004a14 (0x00000c88) c.addi4spn a0, sp, 592
core   0: 3 0x80004a14 (0x0c88) x10 0x00000230
core   0: 0x80004a16 (0x00008d21) c.xor   a0, s0
core   0: 3 0x80004a16 (0x8d21) x10 0x7f523868
core   0: 0x80004a18 (0x0054aeb3) slt     t4, s1, t0
core   0: 3 0x80004a18 (0x0054aeb3) x29 0x00000000
core   0: 0x80004a1c (0x340035f3) csrrc   a1, mscratch, zero
core   0: 3 0x80004a1c (0x340035f3) x11 0x00000000
core   0: 0x80004a20 (0x400cd7b3) sra     a5, s9, zero
core   0: 3 0x80004a20 (0x400cd7b3) x15 0x00000000
core   0: 0x80004a24 (0x000082b5) c.srli  a3, 13
core   0: 3 0x80004a24 (0x82b5) x13 0x0007ffff
core   0: 0x80004a26 (0x34006773) csrrsi  a4, mscratch, 0
core   0: 3 0x80004a26 (0x34006773) x14 0x00000000
core   0: 0x80004a2a (0x000009ba) c.slli  s3, 14
core   0: 3 0x80004a2a (0x09ba) x19 0x00004000
core   0: 0x80004a2c (0x41085c13) srai    s8, a6, 16
core   0: 3 0x80004a2c (0x41085c13) x24 0xffffffff
core   0: 0x80004a30 (0x9f4d0593) addi    a1, s10, -1548
core   0: 3 0x80004a30 (0x9f4d0593) x11 0xfffff9f4
core   0: 0x80004a34 (0x000067bd) c.lui   a5, 0xf
core   0: 3 0x80004a34 (0x67bd) x15 0x0000f000
core   0: 0x80004a36 (0x00008069) c.srli  s0, 26
core   0: 3 0x80004a36 (0x8069) x8  0x0000001f
core   0: 0x80004a38 (0x02b1db33) divu    s6, gp, a1
core   0: 3 0x80004a38 (0x02b1db33) x22 0x00000000
core   0: 0x80004a3c (0x0189d9b3) srl     s3, s3, s8
core   0: 3 0x80004a3c (0x0189d9b3) x19 0x00000000
core   0: 0x80004a40 (0x00001404) c.addi4spn s1, sp, 544
core   0: 3 0x80004a40 (0x1404) x9  0x00000200
core   0: 0x80004a42 (0x3400ea73) csrrsi  s4, mscratch, 1
core   0: 3 0x80004a42 (0x3400ea73) x20 0x00000000 c832_mscratch 0x00000001
core   0: 0x80004a46 (0x000083ad) c.srli  a5, 11
core   0: 3 0x80004a46 (0x83ad) x15 0x0000001e
core   0: 0x80004a48 (0x00000001) c.nop
core   0: 3 0x80004a48 (0x0001)
core   0: 0x80004a4a (0x00008326) c.mv    t1, s1
core   0: 3 0x80004a4a (0x8326) x6  0x00000200
core   0: 0x80004a4c (0x5009cc93) xori    s9, s3, 1280
core   0: 3 0x80004a4c (0x5009cc93) x25 0x00000500
core   0: 0x80004a50 (0x340028f3) csrr    a7, mscratch
core   0: 3 0x80004a50 (0x340028f3) x17 0x00000001
core   0: 0x80004a54 (0x000088e5) c.andi  s1, 25
core   0: 3 0x80004a54 (0x88e5) x9  0x00000000
core   0: 0x80004a56 (0x00009b7d) c.andi  a4, -1
core   0: 3 0x80004a56 (0x9b7d) x14 0x00000000
core   0: 0x80004a58 (0x0fed5517) auipc   a0, 0xfed5
core   0: 3 0x80004a58 (0x0fed5517) x10 0x8fed9a58
core   0: 0x80004a5c (0x00001088) c.addi4spn a0, sp, 96
core   0: 3 0x80004a5c (0x1088) x10 0x00000040
core   0: 0x80004a5e (0x00006495) c.lui   s1, 0x5
core   0: 3 0x80004a5e (0x6495) x9  0x00005000
core   0: 0x80004a60 (0x01cec633) xor     a2, t4, t3
core   0: 3 0x80004a60 (0x01cec633) x12 0x55ec2000
core   0: 0x80004a64 (0x018a1213) slli    tp, s4, 24
core   0: 3 0x80004a64 (0x018a1213) x4  0x00000000
core   0: 0x80004a68 (0x40acd933) sra     s2, s9, a0
core   0: 3 0x80004a68 (0x40acd933) x18 0x00000500
core   0: 0x80004a6c (0x01e39193) slli    gp, t2, 30
core   0: 3 0x80004a6c (0x01e39193) x3  0x00000000
core   0: 0x80004a70 (0x01beaab3) slt     s5, t4, s11
core   0: 3 0x80004a70 (0x01beaab3) x21 0x00000000
core   0: 0x80004a74 (0x00008c95) c.sub   s1, a3
core   0: 3 0x80004a74 (0x8c95) x9  0xfff85001
core   0: 0x80004a76 (0x00008c91) c.sub   s1, a2
core   0: 3 0x80004a76 (0x8c91) x9  0xaa0c3001
core   0: 0x80004a78 (0x000060e1) c.lui   ra, 0x18
core   0: 3 0x80004a78 (0x60e1) x1  0x00018000
core   0: 0x80004a7a (0x00006d41) c.lui   s10, 0x10
core   0: 3 0x80004a7a (0x6d41) x26 0x00010000
core   0: 0x80004a7c (0x00008df1) c.and   a1, a2
core   0: 3 0x80004a7c (0x8df1) x11 0x55ec2000
core   0: 0x80004a7e (0x00000b21) c.addi  s6, 8
core   0: 3 0x80004a7e (0x0b21) x22 0x00000008
core   0: 0x80004a80 (0x03959b33) mulh    s6, a1, s9
core   0: 3 0x80004a80 (0x03959b33) x22 0x000001ad
core   0: 0x80004a84 (0x01456d63) bltu    a0, s4, pc + 26
core   0: 3 0x80004a84 (0x01456d63)
core   0: 0x80004a88 (0x03d5c0b3) div     ra, a1, t4
core   0: 3 0x80004a88 (0x03d5c0b3) x1  0xffffffff
core   0: 0x80004a8c (0x014f66b3) or      a3, t5, s4
core   0: 3 0x80004a8c (0x014f66b3) x13 0x80029d24
core   0: 0x80004a90 (0x480da697) auipc   a3, 0x480da
core   0: 3 0x80004a90 (0x480da697) x13 0xc80dea90
core   0: 0x80004a94 (0x00006375) c.lui   t1, 0x1d
core   0: 3 0x80004a94 (0x6375) x6  0x0001d000
core   0: 0x80004a96 (0x34026073) csrsi   mscratch, 4
core   0: 3 0x80004a96 (0x34026073) c832_mscratch 0x00000005
core   0: 0x80004a9a (0x340869f3) csrrsi  s3, mscratch, 16
core   0: 3 0x80004a9a (0x340869f3) x19 0x00000005 c832_mscratch 0x00000015
core   0: 0x80004a9e (0x00008f3d) c.xor   a4, a5
core   0: 3 0x80004a9e (0x8f3d) x14 0x0000001e
core   0: 0x80004aa0 (0x03059e33) mulh    t3, a1, a6
core   0: 3 0x80004aa0 (0x03059e33) x28 0xffffffff
core   0: 0x80004aa4 (0x00008e49) c.or    a2, a0
core   0: 3 0x80004aa4 (0x8e49) x12 0x55ec2040
core   0: 0x80004aa6 (0x34002af3) csrr    s5, mscratch
core   0: 3 0x80004aa6 (0x34002af3) x21 0x00000015
core   0: 0x80004aaa (0x00000a8c) c.addi4spn a1, sp, 336
core   0: 3 0x80004aaa (0x0a8c) x11 0x00000130
core   0: 0x80004aac (0x03f32cb3) mulhsu  s9, t1, t6
core   0: 3 0x80004aac (0x03f32cb3) x25 0x00000000
core   0: 0x80004ab0 (0x01ad3fb3) sltu    t6, s10, s10
core   0: 3 0x80004ab0 (0x01ad3fb3) x31 0x00000000
core   0: 0x80004ab4 (0x2127a0b7) lui     ra, 0x2127a
core   0: 3 0x80004ab4 (0x2127a0b7) x1  0x2127a000
core   0: 0x80004ab8 (0x028afeb3) remu    t4, s5, s0
core   0: 3 0x80004ab8 (0x028afeb3) x29 0x00000015
core   0: 0x80004abc (0x018be733) or      a4, s7, s8
core   0: 3 0x80004abc (0x018be733) x14 0xffffffff
core   0: 0x80004ac0 (0x01b66333) or      t1, a2, s11
core   0: 3 0x80004ac0 (0x01b66333) x6  0xfffffc48
core   0: 0x80004ac4 (0x019b7833) and     a6, s6, s9
core   0: 3 0x80004ac4 (0x019b7833) x16 0x00000000
core   0: 0x80004ac8 (0x0000c61d) c.beqz  a2, pc + 46
core   0: 3 0x80004ac8 (0xc61d)
core   0: 0x80004aca (0x00008a36) c.mv    s4, a3
core   0: 3 0x80004aca (0x8a36) x20 0xc80dea90
core   0: 0x80004acc (0x340f76f3) csrrci  a3, mscratch, 30
core   0: 3 0x80004acc (0x340f76f3) x13 0x00000015 c832_mscratch 0x00000001
core   0: 0x80004ad0 (0x0ff0000f) fence   iorw,iorw
core   0: 3 0x80004ad0 (0x0ff0000f)
core   0: 0x80004ad4 (0x00000001) c.nop
core   0: 3 0x80004ad4 (0x0001)
core   0: 0x80004ad6 (0x41b7d913) srai    s2, a5, 27
core   0: 3 0x80004ad6 (0x41b7d913) x18 0x00000000
core   0: 0x80004ada (0x340f1773) csrrw   a4, mscratch, t5
core   0: 3 0x80004ada (0x340f1773) x14 0x00000001 c832_mscratch 0x80029d24
core   0: 0x80004ade (0x01059233) sll     tp, a1, a6
core   0: 3 0x80004ade (0x01059233) x4  0x00000130
core   0: 0x80004ae2 (0xb90cad37) lui     s10, 0xb90ca
core   0: 3 0x80004ae2 (0xb90cad37) x26 0xb90ca000
core   0: 0x80004ae6 (0x01ca6f63) bltu    s4, t3, pc + 30
core   0: 3 0x80004ae6 (0x01ca6f63)
core   0: 0x80004b04 (0x016aceb3) xor     t4, s5, s6
core   0: 3 0x80004b04 (0x016aceb3) x29 0x000001b8
core   0: 0x80004b08 (0x0ff0000f) fence   iorw,iorw
core   0: 3 0x80004b08 (0x0ff0000f)
core   0: 0x80004b0c (0x0000c819) c.beqz  s0, pc + 22
core   0: 3 0x80004b0c (0xc819)
core   0: 0x80004b0e (0x008bc933) xor     s2, s7, s0
core   0: 3 0x80004b0e (0x008bc933) x18 0x80025ebb
core   0: 0x80004b12 (0x00008cd9) c.or    s1, a4
core   0: 3 0x80004b12 (0x8cd9) x9  0xaa0c3001
core   0: 0x80004b14 (0xf266c513) xori    a0, a3, -218
core   0: 3 0x80004b14 (0xf266c513) x10 0xffffff33
core   0: 0x80004b18 (0x00008346) c.mv    t1, a7
core   0: 3 0x80004b18 (0x8346) x6  0x00000001
core   0: 0x80004b1a (0x0a47c263) blt     a5, tp, pc + 164
core   0: 3 0x80004b1a (0x0a47c263)
core   0: 0x80004bbe (0x3401a073) csrs    mscratch, gp
core   0: 3 0x80004bbe (0x3401a073) c832_mscratch 0x80029d24
core   0: 0x80004bc2 (0x34065873) csrrwi  a6, mscratch, 12
core   0: 3 0x80004bc2 (0x34065873) x16 0x80029d24 c832_mscratch 0x0000000c
core   0: 0x80004bc6 (0x037c2fb3) mulhsu  t6, s8, s7
core   0: 3 0x80004bc6 (0x037c2fb3) x31 0xffffffff
core   0: 0x80004bca (0x000010fd) c.addi  ra, -1
core   0: 3 0x80004bca (0x10fd) x1  0x21279fff
core   0: 0x80004bcc (0x01d0b3b3) sltu    t2, ra, t4
core   0: 3 0x80004bcc (0x01d0b3b3) x7  0x00000000
core   0: 0x80004bd0 (0x01515393) srli    t2, sp, 21
core   0: 3 0x80004bd0 (0x01515393) x7  0x000007ff
core   0: 0x80004bd4 (0x000055fd) c.li    a1, -1
core   0: 3 0x80004bd4 (0x55fd) x11 0xffffffff
core   0: 0x80004bd6 (0x03237533) remu    a0, t1, s2
core   0: 3 0x80004bd6 (0x03237533) x10 0x00000001
core   0: 0x80004bda (0xfc70e093) ori     ra, ra, -57
core   0: 3 0x80004bda (0xfc70e093) x1  0xffffffff
core   0: 0x80004bde (0x8b5aaf93) slti    t6, s5, -1867
core   0: 3 0x80004bde (0x8b5aaf93) x31 0x00000000
core   0: 0x80004be2 (0x0346a233) mulhsu  tp, a3, s4
core   0: 3 0x80004be2 (0x0346a233) x4  0x00000010
core   0: 0x80004be6 (0x039e24b3) mulhsu  s1, t3, s9
core   0: 3 0x80004be6 (0x039e24b3) x9  0x00000000
core   0: 0x80004bea (0x340e99f3) csrrw   s3, mscratch, t4
core   0: 3 0x80004bea (0x340e99f3) x19 0x0000000c c832_mscratch 0x000001b8
core   0: 0x80004bee (0x015d1cb3) sll     s9, s10, s5
core   0: 3 0x80004bee (0x015d1cb3) x25 0x00000000
core   0: 0x80004bf2 (0x017d3733) sltu    a4, s10, s7
core   0: 3 0x80004bf2 (0x017d3733) x14 0x00000000
core   0: 0x80004bf6 (0xcb577c13) andi    s8, a4, -843
core   0: 3 0x80004bf6 (0xcb577c13) x24 0x00000000
core   0: 0x80004bfa (0x0000100f) fence.i
core   0: 3 0x80004bfa (0x0000100f)
core   0: 0x80004bfe (0x00000f08) c.addi4spn a0, sp, 912
core   0: 3 0x80004bfe (0x0f08) x10 0x00000370
core   0: 0x80004c00 (0x021168b3) rem     a7, sp, ra
core   0: 3 0x80004c00 (0x021168b3) x17 0x00000000
core   0: 0x80004c04 (0x01c95b63) bge     s2, t3, pc + 22
core   0: 3 0x80004c04 (0x01c95b63)
core   0: 0x80004c08 (0x00b437b3) sltu    a5, s0, a1
core   0: 3 0x80004c08 (0x00b437b3) x15 0x00000001
core   0: 0x80004c0c (0x0000c18d) c.beqz  a1, pc + 34
core   0: 3 0x80004c0c (0xc18d)
core   0: 0x80004c0e (0x0ee87693) andi    a3, a6, 238
core   0: 3 0x80004c0e (0x0ee87693) x13 0x00000024
core   0: 0x80004c12 (0x34003e73) csrrc   t3, mscratch, zero
core   0: 3 0x80004c12 (0x34003e73) x28 0x000001b8
core   0: 0x80004c16 (0x006fd793) srli    a5, t6, 6
core   0: 3 0x80004c16 (0x006fd793) x15 0x00000000
core   0: 0x80004c1a (0x340691f3) csrrw   gp, mscratch, a3
core   0: 3 0x80004c1a (0x340691f3) x3  0x000001b8 c832_mscratch 0x00000024
core   0: 0x80004c1e (0x03e39d33) mulh    s10, t2, t5
core   0: 3 0x80004c1e (0x03e39d33) x26 0xfffffc00
core   0: 0x80004c22 (0x7d3bca93) xori    s5, s7, 2003
core   0: 3 0x80004c22 (0x7d3bca93) x21 0x80025977
core   0: 0x80004c26 (0x032ca633) mulhsu  a2, s9, s2
core   0: 3 0x80004c26 (0x032ca633) x12 0x00000000
core   0: 0x80004c2a (0x011cd663) bge     s9, a7, pc + 12
core   0: 3 0x80004c2a (0x011cd663)
core   0: 0x80004c36 (0x006f4e33) xor     t3, t5, t1
core   0: 3 0x80004c36 (0x006f4e33) x28 0x80029d25
core   0: 0x80004c3a (0x00000001) c.nop
core   0: 3 0x80004c3a (0x0001)
core   0: 0x80004c3c (0x04fd6163) bltu    s10, a5, pc + 66
core   0: 3 0x80004c3c (0x04fd6163)
core   0: 0x80004c40 (0x025fb5b3) mulhu   a1, t6, t0
core   0: 3 0x80004c40 (0x025fb5b3) x11 0x00000000
core   0: 0x80004c44 (0x41efdfb3) sra     t6, t6, t5
core   0: 3 0x80004c44 (0x41efdfb3) x31 0x00000000
core   0: 0x80004c48 (0x0000828d) c.srli  a3, 3
core   0: 3 0x80004c48 (0x828d) x13 0x00000004
core   0: 0x80004c4a (0x0000c389) c.beqz  a5, pc + 2
core   0: 3 0x80004c4a (0xc389)
core   0: 0x80004c4c (0x340136f3) csrrc   a3, mscratch, sp
core   0: 3 0x80004c4c (0x340136f3) x13 0x00000024 c832_mscratch 0x00000004
core   0: 0x80004c50 (0x0ff0000f) fence   iorw,iorw
core   0: 3 0x80004c50 (0x0ff0000f)
core   0: 0x80004c54 (0x0000e899) c.bnez  s1, pc + 22
core   0: 3 0x80004c54 (0xe899)
core   0: 0x80004c56 (0x410309b3) sub     s3, t1, a6
core   0: 3 0x80004c56 (0x410309b3) x19 0x7ffd62dd
core   0: 0x80004c5a (0x03c5aab3) mulhsu  s5, a1, t3
core   0: 3 0x80004c5a (0x03c5aab3) x21 0x00000000
core   0: 0x80004c5e (0x41ba5b33) sra     s6, s4, s11
core   0: 3 0x80004c5e (0x41ba5b33) x22 0xffc80dea
core   0: 0x80004c62 (0x408a0333) sub     t1, s4, s0
core   0: 3 0x80004c62 (0x408a0333) x6  0xc80dea71
core   0: 0x80004c66 (0x00722133) slt     sp, tp, t2
core   0: 3 0x80004c66 (0x00722133) x2  0x00000001
core   0: 0x80004c6a (0x27414193) xori    gp, sp, 628
core   0: 3 0x80004c6a (0x27414193) x3  0x00000275
core   0: 0x80004c6e (0x02c60363) beq     a2, a2, pc + 38
core   0: 3 0x80004c6e (0x02c60363)
core   0: 0x80004c94 (0x03d14033) div     zero, sp, t4
core   0: 3 0x80004c94 (0x03d14033)
core   0: 0x80004c98 (0x03a0c363) blt     ra, s10, pc + 38
core   0: 3 0x80004c98 (0x03a0c363)
core   0: 0x80004c9c (0x0000e08d) c.bnez  s1, pc + 34
core   0: 3 0x80004c9c (0xe08d)
core   0: 0x80004c9e (0x02d6a633) mulhsu  a2, a3, a3
core   0: 3 0x80004c9e (0x02d6a633) x12 0x00000000
core   0: 0x80004ca2 (0x0385ecb3) rem     s9, a1, s8
core   0: 3 0x80004ca2 (0x0385ecb3) x25 0x00000000
core   0: 0x80004ca6 (0x00008c46) c.mv    s8, a7
core   0: 3 0x80004ca6 (0x8c46) x24 0x00000000
core   0: 0x80004ca8 (0x00008e39) c.xor   a2, a4
core   0: 3 0x80004ca8 (0x8e39) x12 0x00000000
core   0: 0x80004caa (0x0251f863) bgeu    gp, t0, pc + 48
core   0: 3 0x80004caa (0x0251f863)
core   0: 0x80004cae (0x0ff0000f) fence   iorw,iorw
core   0: 3 0x80004cae (0x0ff0000f)
core   0: 0x80004cb2 (0x03e440b3) div     ra, s0, t5
core   0: 3 0x80004cb2 (0x03e440b3) x1  0x00000000
core   0: 0x80004cb6 (0xd850aeb7) lui     t4, 0xd850a
core   0: 3 0x80004cb6 (0xd850aeb7) x29 0xd850a000
core   0: 0x80004cba (0x000003cd) c.addi  t2, 19
core   0: 3 0x80004cba (0x03cd) x7  0x00000812
core   0: 0x80004cbc (0x0000eb99) c.bnez  a5, pc + 22
core   0: 3 0x80004cbc (0xeb99)
core   0: 0x80004cbe (0x0000c709) c.beqz  a4, pc + 10
core   0: 3 0x80004cbe (0xc709)
core   0: 0x80004cc8 (0x340068f3) csrrsi  a7, mscratch, 0
core   0: 3 0x80004cc8 (0x340068f3) x17 0x00000004
core   0: 0x80004ccc (0x026f10b3) mulh    ra, t5, t1
core   0: 3 0x80004ccc (0x026f10b3) x1  0x1bf8788b
core   0: 0x80004cd0 (0x00008fad) c.xor   a5, a1
core   0: 3 0x80004cd0 (0x8fad) x15 0x00000000
core   0: 0x80004cd2 (0x008bbe33) sltu    t3, s7, s0
core   0: 3 0x80004cd2 (0x008bbe33) x28 0x00000000
core   0: 0x80004cd6 (0x1101a413) slti    s0, gp, 272
core   0: 3 0x80004cd6 (0x1101a413) x8  0x00000000
core   0: 0x80004cda (0x41458eb3) sub     t4, a1, s4
core   0: 3 0x80004cda (0x41458eb3) x29 0x37f21570
core   0: 0x80004cde (0x01d4adb3) slt     s11, s1, t4
core   0: 3 0x80004cde (0x01d4adb3) x27 0x00000001
core   0: 0x80004ce2 (0x0199f9b3) and     s3, s3, s9
core   0: 3 0x80004ce2 (0x0199f9b3) x19 0x00000000
core   0: 0x80004ce6 (0x340d78f3) csrrci  a7, mscratch, 26
core   0: 3 0x80004ce6 (0x340d78f3) x17 0x00000004 c832_mscratch 0x00000004
core   0: 0x80004cea (0x00810d33) add     s10, sp, s0
core   0: 3 0x80004cea (0x00810d33) x26 0x00000001
core   0: 0x80004cee (0x031051b3) divu    gp, zero, a7
core   0: 3 0x80004cee (0x031051b3) x3  0x00000000
core   0: 0x80004cf2 (0x018223b3) slt     t2, tp, s8
core   0: 3 0x80004cf2 (0x018223b3) x7  0x00000000
core   0: 0x80004cf6 (0x017f3e93) sltiu   t4, t5, 23
core   0: 3 0x80004cf6 (0x017f3e93) x29 0x00000000
core   0: 0x80004cfa (0x00006551) c.lui   a0, 0x14
core   0: 3 0x80004cfa (0x6551) x10 0x00014000
core   0: 0x80004cfc (0x02f486b3) mul     a3, s1, a5
core   0: 3 0x80004cfc (0x02f486b3) x13 0x00000000
core   0: 0x80004d00 (0x00000221) c.addi  tp, 8
core   0: 3 0x80004d00 (0x0221) x4  0x00000018
core   0: 0x80004d02 (0x00001d80) c.addi4spn s0, sp, 752
core   0: 3 0x80004d02 (0x1d80) x8  0x000002f1
core   0: 0x80004d04 (0x0000c011) c.beqz  s0, pc + 4
core   0: 3 0x80004d04 (0xc011)
core   0: 0x80004d06 (0x0000804d) c.srli  s0, 19
core   0: 3 0x80004d06 (0x804d) x8  0x00000000
core   0: 0x80004d08 (0x02498e33) mul     t3, s3, tp
core   0: 3 0x80004d08 (0x02498e33) x28 0x00000000
core   0: 0x80004d0c (0x00008fed) c.and   a5, a1
core   0: 3 0x80004d0c (0x8fed) x15 0x00000000
core   0: 0x80004d0e (0x010a1a93) slli    s5, s4, 16
core   0: 3 0x80004d0e (0x010a1a93) x21 0xea900000
core   0: 0x80004d12 (0x00008f11) c.sub   a4, a2
core   0: 3 0x80004d12 (0x8f11) x14 0x00000000
core   0: 0x80004d14 (0x019f2a33) slt     s4, t5, s9
core   0: 3 0x80004d14 (0x019f2a33) x20 0x00000001
core   0: 0x80004d18 (0x0000597d) c.li    s2, -1
core   0: 3 0x80004d18 (0x597d) x18 0xffffffff
core   0: 0x80004d1a (0x40ff5c33) sra     s8, t5, a5
core   0: 3 0x80004d1a (0x40ff5c33) x24 0x80029d24
core   0: 0x80004d1e (0x036a8663) beq     s5, s6, pc + 44
core   0: 3 0x80004d1e (0x036a8663)
core   0: 0x80004d22 (0xe09d8a93) addi    s5, s11, -503
core   0: 3 0x80004d22 (0xe09d8a93) x21 0xfffffe0a
core   0: 0x80004d26 (0x405fd613) srai    a2, t6, 5
core   0: 3 0x80004d26 (0x405fd613) x12 0x00000000
core   0: 0x80004d2a (0xbbeba713) slti    a4, s7, -1090
core   0: 3 0x80004d2a (0xbbeba713) x14 0x00000001
core   0: 0x80004d2e (0x403558b3) sra     a7, a0, gp
core   0: 3 0x80004d2e (0x403558b3) x17 0x00014000
core   0: 0x80004d32 (0x34006773) csrrsi  a4, mscratch, 0
core   0: 3 0x80004d32 (0x34006773) x14 0x00000004
core   0: 0x80004d36 (0x00008fe1) c.and   a5, s0
core   0: 3 0x80004d36 (0x8fe1) x15 0x00000000
core   0: 0x80004d38 (0x34003773) csrrc   a4, mscratch, zero
core   0: 3 0x80004d38 (0x34003773) x14 0x00000004
core   0: 0x80004d3c (0xd641ce13) xori    t3, gp, -668
core   0: 3 0x80004d3c (0xd641ce13) x28 0xfffffd64
core   0: 0x80004d40 (0x0374f1b3) remu    gp, s1, s7
core   0: 3 0x80004d40 (0x0374f1b3) x3  0x00000000
core   0: 0x80004d44 (0x00747133) and     sp, s0, t2
core   0: 3 0x80004d44 (0x00747133) x2  0x00000000
core   0: 0x80004d48 (0x00000876) c.slli  a6, 29
core   0: 3 0x80004d48 (0x0876) x16 0x80000000
core   0: 0x80004d4a (0x00ca09b3) add     s3, s4, a2
core   0: 3 0x80004d4a (0x00ca09b3) x19 0x00000001
core   0: 0x80004d4e (0x40ae5933) sra     s2, t3, a0
core   0: 3 0x80004d4e (0x40ae5933) x18 0xfffffd64
core   0: 0x80004d52 (0x0000ca09) c.beqz  a2, pc + 18
core   0: 3 0x80004d52 (0xca09)
core   0: 0x80004d64 (0x00008b16) c.mv    s6, t0
core   0: 3 0x80004d64 (0x8b16) x22 0xf57d8a0a
core   0: 0x80004d66 (0x0000100f) fence.i
core   0: 3 0x80004d66 (0x0000100f)
core   0: 0x80004d6a (0x027e1563) bne     t3, t2, pc + 42
core   0: 3 0x80004d6a (0x027e1563)
core   0: 0x80004d94 (0x34006173) csrrsi  sp, mscratch, 0
core   0: 3 0x80004d94 (0x34006173) x2  0x00000004
core   0: 0x80004d98 (0x0398c633) div     a2, a7, s9
core   0: 3 0x80004d98 (0x0398c633) x12 0xffffffff
core   0: 0x80004d9c (0x00000001) c.nop
core   0: 3 0x80004d9c (0x0001)
core   0: 0x80004d9e (0x34009073) csrw    mscratch, ra
core   0: 3 0x80004d9e (0x34009073) c832_mscratch 0x1bf8788b
core   0: 0x80004da2 (0x00a0ea33) or      s4, ra, a0
core   0: 3 0x80004da2 (0x00a0ea33) x20 0x1bf9788b
core   0: 0x80004da6 (0x00000329) c.addi  t1, 10
core   0: 3 0x80004da6 (0x0329) x6  0xc80dea7b
core   0: 0x80004da8 (0x056e5063) bge     t3, s6, pc + 64
core   0: 3 0x80004da8 (0x056e5063)
core   0: 0x80004de8 (0x34006cf3) csrrsi  s9, mscratch, 0
core   0: 3 0x80004de8 (0x34006cf3) x25 0x1bf8788b
core   0: 0x80004dec (0x00000194) c.addi4spn a3, sp, 192
core   0: 3 0x80004dec (0x0194) x13 0x000000c4
core   0: 0x80004dee (0x011e9d63) bne     t4, a7, pc + 26
core   0: 3 0x80004dee (0x011e9d63)
core   0: 0x80004e08 (0x026b0263) beq     s6, t1, pc + 36
core   0: 3 0x80004e08 (0x026b0263)
core   0: 0x80004e0c (0x042ad163) bge     s5, sp, pc + 66
core   0: 3 0x80004e0c (0x042ad163)
core   0: 0x80004e10 (0x03eeb9b3) mulhu   s3, t4, t5
core   0: 3 0x80004e10 (0x03eeb9b3) x19 0x00000000
core   0: 0x80004e14 (0x40b15413) srai    s0, sp, 11
core   0: 3 0x80004e14 (0x40b15413) x8  0x00000000
core   0: 0x80004e18 (0x022e4163) blt     t3, sp, pc + 34
core   0: 3 0x80004e18 (0x022e4163)
core   0: 0x80004e3a (0x00554733) xor     a4, a0, t0
core   0: 3 0x80004e3a (0x00554733) x14 0xf57cca0a
core   0: 0x80004e3e (0x8b158813) addi    a6, a1, -1871
core   0: 3 0x80004e3e (0x8b158813) x16 0xfffff8b1
core   0: 0x80004e42 (0x00006155) c.addi16sp sp, 304
core   0: 3 0x80004e42 (0x6155) x2  0x00000134
core   0: 0x80004e44 (0x0124d0b3) srl     ra, s1, s2
core   0: 3 0x80004e44 (0x0124d0b3) x1  0x00000000
core   0: 0x80004e48 (0x00000001) c.nop
core   0: 3 0x80004e48 (0x0001)
core   0: 0x80004e4a (0xb5d25017) auipc   zero, 0xb5d25
core   0: 3 0x80004e4a (0xb5d25017)
core   0: 0x80004e4e (0x409d5f93) srai    t6, s10, 9
core   0: 3 0x80004e4e (0x409d5f93) x31 0x00000000
core   0: 0x80004e52 (0x66b43893) sltiu   a7, s0, 1643
core   0: 3 0x80004e52 (0x66b43893) x17 0x00000001
core   0: 0x80004e56 (0x00f03cb3) snez    s9, a5
core   0: 3 0x80004e56 (0x00f03cb3) x25 0x00000000
core   0: 0x80004e5a (0x24668993) addi    s3, a3, 582
core   0: 3 0x80004e5a (0x24668993) x19 0x0000030a
core   0: 0x80004e5e (0x014ce263) bltu    s9, s4, pc + 4
core   0: 3 0x80004e5e (0x014ce263)
core   0: 0x80004e62 (0x340963f3) csrrsi  t2, mscratch, 18
core   0: 3 0x80004e62 (0x340963f3) x7  0x1bf8788b c832_mscratch 0x1bf8789b
core   0: 0x80004e66 (0x025fa3b3) mulhsu  t2, t6, t0
core   0: 3 0x80004e66 (0x025fa3b3) x7  0x00000000
core   0: 0x80004e6a (0x00000001) c.nop
core   0: 3 0x80004e6a (0x0001)
core   0: 0x80004e6c (0x028d94b3) mulh    s1, s11, s0
core   0: 3 0x80004e6c (0x028d94b3) x9  0x00000000
core   0: 0x80004e70 (0x406dd093) srai    ra, s11, 6
core   0: 3 0x80004e70 (0x406dd093) x1  0x00000000
core   0: 0x80004e74 (0x00008fd9) c.or    a5, a4
core   0: 3 0x80004e74 (0x8fd9) x15 0xf57cca0a
core   0: 0x80004e76 (0x010ed9b3) srl     s3, t4, a6
core   0: 3 0x80004e76 (0x010ed9b3) x19 0x00000000
core   0: 0x80004e7a (0x00b4cb33) xor     s6, s1, a1
core   0: 3 0x80004e7a (0x00b4cb33) x22 0x00000000
core   0: 0x80004e7e (0xb68fd997) auipc   s3, 0xb68fd
core   0: 3 0x80004e7e (0xb68fd997) x19 0x36901e7e
core   0: 0x80004e82 (0x00008c1d) c.sub   s0, a5
core   0: 3 0x80004e82 (0x8c1d) x8  0x0a8335f6
core   0: 0x80004e84 (0xb0a6a693) slti    a3, a3, -1270
core   0: 3 0x80004e84 (0xb0a6a693) x13 0x00000000
core   0: 0x80004e88 (0x000085bd) c.srai  a1, 15
core   0: 3 0x80004e88 (0x85bd) x11 0x00000000
core   0: 0x80004e8a (0x00000001) c.nop
core   0: 3 0x80004e8a (0x0001)
core   0: 0x80004e8c (0x025f4c33) div     s8, t5, t0
core   0: 3 0x80004e8c (0x025f4c33) x24 0x0000000c
core   0: 0x80004e90 (0x043e8993) addi    s3, t4, 67
core   0: 3 0x80004e90 (0x043e8993) x19 0x00000043
core   0: 0x80004e94 (0x0045b7b3) sltu    a5, a1, tp
core   0: 3 0x80004e94 (0x0045b7b3) x15 0x00000001
core   0: 0x80004e98 (0x000067a5) c.lui   a5, 0x9
core   0: 3 0x80004e98 (0x67a5) x15 0x00009000
core   0: 0x80004e9a (0x00000001) c.nop
core   0: 3 0x80004e9a (0x0001)
core   0: 0x80004e9c (0x0000cf21) c.beqz  a4, pc + 88
core   0: 3 0x80004e9c (0xcf21)
core   0: 0x80004e9e (0x00003517) auipc   a0, 0x3
core   0: 3 0x80004e9e (0x00003517) x10 0x80007e9e
core   0: 0x80004ea2 (0xdec50513) addi    a0, a0, -532
core   0: 3 0x80004ea2 (0xdec50513) x10 0x80007c8a
core   0: 0x80004ea6 (0x00008de9) c.and   a1, a0
core   0: 3 0x80004ea6 (0x8de9) x11 0x00000000
core   0: 0x80004ea8 (0x34051973) csrrw   s2, mscratch, a0
core   0: 3 0x80004ea8 (0x34051973) x18 0x1bf8789b c832_mscratch 0x80007c8a
core   0: 0x80004eac (0x3cb50513) addi    a0, a0, 971
core   0: 3 0x80004eac (0x3cb50513) x10 0x80008055
core   0: 0x80004eb0 (0x01a04c63) blt     zero, s10, pc + 24
core   0: 3 0x80004eb0 (0x01a04c63)
core   0: 0x80004ec8 (0xc36507e7) jalr    a5, a0, -970
core   0: 3 0x80004ec8 (0xc36507e7) x15 0x80004ecc
core   0: 0x80007c8a (0x00008d59) c.or    a0, a4
core   0: 3 0x80007c8a (0x8d59) x10 0xf57cca5f
core   0: 0x80007c8c (0x34075af3) csrrwi  s5, mscratch, 14
core   0: 3 0x80007c8c (0x34075af3) x21 0x80007c8a c832_mscratch 0x0000000e
core   0: 0x80007c90 (0xfc4b8b93) addi    s7, s7, -60
core   0: 3 0x80007c90 (0xfc4b8b93) x23 0x80025e68
core   0: 0x80007c94 (0x00fba223) sw      a5, 4(s7)
core   0: 3 0x80007c94 (0x00fba223) mem 0x80025e6c 0x80004ecc
core   0: 0x80007c98 (0x00008abd) c.andi  a3, 15
core   0: 3 0x80007c98 (0x8abd) x13 0x00000000
core   0: 0x80007c9a (0x00015617) auipc   a2, 0x15
core   0: 3 0x80007c9a (0x00015617) x12 0x8001cc9a
core   0: 0x80007c9e (0xf9e60613) addi    a2, a2, -98
core   0: 3 0x80007c9e (0xf9e60613) x12 0x8001cc38
core   0: 0x80007ca2 (0x0e260aa3) sb      sp, 245(a2)
core   0: 3 0x80007ca2 (0x0e260aa3) mem 0x8001cd2d 0x34
core   0: 0x80007ca6 (0x03170db3) mul     s11, a4, a7
core   0: 3 0x80007ca6 (0x03170db3) x27 0xf57cca0a
core   0: 0x80007caa (0x34036af3) csrrsi  s5, mscratch, 6
core   0: 3 0x80007caa (0x34036af3) x21 0x0000000e c832_mscratch 0x0000000e
core   0: 0x80007cae (0xfd9606a3) sb      s9, -51(a2)
core   0: 3 0x80007cae (0xfd9606a3) mem 0x8001cc05 0x00
core   0: 0x80007cb2 (0x0000717d) c.addi16sp sp, -16
core   0: 3 0x80007cb2 (0x717d) x2  0x00000124
core   0: 0x80007cb4 (0x0a964183) lbu     gp, 169(a2)
core   0: 3 0x80007cb4 (0x0a964183) x3  0x0000009a mem 0x8001cce1
core   0: 0x80007cb8 (0xf2364783) lbu     a5, -221(a2)
core   0: 3 0x80007cb8 (0xf2364783) x15 0x00000010 mem 0x8001cb5b
core   0: 0x80007cbc (0x03384e33) div     t3, a6, s3
core   0: 3 0x80007cbc (0x03384e33) x28 0xffffffe5
core   0: 0x80007cc0 (0xf9ab0e17) auipc   t3, 0xf9ab0
core   0: 3 0x80007cc0 (0xf9ab0e17) x28 0x79ab7cc0
core   0: 0x80007cc4 (0x00000001) c.nop
core   0: 3 0x80007cc4 (0x0001)
core   0: 0x80007cc6 (0x34001b73) csrrw   s6, mscratch, zero
core   0: 3 0x80007cc6 (0x34001b73) x22 0x0000000e c832_mscratch 0x00000000
core   0: 0x80007cca (0xad67c393) xori    t2, a5, -1322
core   0: 3 0x80007cca (0xad67c393) x7  0xfffffac6
core   0: 0x80007cce (0xfc960c83) lb      s9, -55(a2)
core   0: 3 0x80007cce (0xfc960c83) x25 0xffffffba mem 0x8001cc01
core   0: 0x80007cd2 (0xf2a60aa3) sb      a0, -203(a2)
core   0: 3 0x80007cd2 (0xf2a60aa3) mem 0x8001cb6d 0x5f
core   0: 0x80007cd6 (0xf6360583) lb      a1, -157(a2)
core   0: 3 0x80007cd6 (0xf6360583) x11 0x00000050 mem 0x8001cb9b
core   0: 0x80007cda (0x340255f3) csrrwi  a1, mscratch, 4
core   0: 3 0x80007cda (0x340255f3) x11 0x00000000 c832_mscratch 0x00000004
core   0: 0x80007cde (0xf2c60ba3) sb      a2, -201(a2)
core   0: 3 0x80007cde (0xf2c60ba3) mem 0x8001cb6f 0x38
core   0: 0x80007ce2 (0xff164883) lbu     a7, -15(a2)
core   0: 3 0x80007ce2 (0xff164883) x17 0x000000e2 mem 0x8001cc29
core   0: 0x80007ce6 (0x07461a23) sh      s4, 116(a2)
core   0: 3 0x80007ce6 (0x07461a23) mem 0x8001ccac 0x788b
core   0: 0x80007cea (0x00660103) lb      sp, 6(a2)
core   0: 3 0x80007cea (0x00660103) x2  0xfffffff5 mem 0x8001cc3e
core   0: 0x80007cee (0x00000001) c.nop
core   0: 3 0x80007cee (0x0001)
core   0: 0x80007cf0 (0x06964b03) lbu     s6, 105(a2)
core   0: 3 0x80007cf0 (0x06964b03) x22 0x0000005a mem 0x8001cca1
core   0: 0x80007cf4 (0x00004391) c.li    t2, 4
core   0: 3 0x80007cf4 (0x4391) x7  0x00000004
core   0: 0x80007cf6 (0x0000078c) c.addi4spn a1, sp, 960
core   0: 3 0x80007cf6 (0x078c) x11 0x000003b5
core   0: 0x80007cf8 (0x000098d2) c.add   a7, s4
core   0: 3 0x80007cf8 (0x98d2) x17 0x1bf9796d
core   0: 0x80007cfa (0x000067e5) c.lui   a5, 0x19
core   0: 3 0x80007cfa (0x67e5) x15 0x00019000
core   0: 0x80007cfc (0x00008d49) c.or    a0, a0
core   0: 3 0x80007cfc (0x8d49) x10 0xf57cca5f
core   0: 0x80007cfe (0x00008b56) c.mv    s6, s5
core   0: 3 0x80007cfe (0x8b56) x22 0x0000000e
core   0: 0x80007d00 (0x01ba1493) slli    s1, s4, 27
core   0: 3 0x80007d00 (0x01ba1493) x9  0x58000000
core   0: 0x80007d04 (0x000099fd) c.andi  a1, -1
core   0: 3 0x80007d04 (0x99fd) x11 0x000003b5
core   0: 0x80007d06 (0x34056d73) csrrsi  s10, mscratch, 10
core   0: 3 0x80007d06 (0x34056d73) x26 0x00000004 c832_mscratch 0x0000000e
core   0: 0x80007d0a (0x0337d6b3) divu    a3, a5, s3
core   0: 3 0x80007d0a (0x0337d6b3) x13 0x000005f8
core   0: 0x80007d0e (0x000099fd) c.andi  a1, -1
core   0: 3 0x80007d0e (0x99fd) x11 0x000003b5
core   0: 0x80007d10 (0x036da5b3) mulhsu  a1, s11, s6
core   0: 3 0x80007d10 (0x036da5b3) x11 0xffffffff
core   0: 0x80007d14 (0x00001d7d) c.addi  s10, -1
core   0: 3 0x80007d14 (0x1d7d) x26 0x00000003
core   0: 0x80007d16 (0xce0eb213) sltiu   tp, t4, -800
core   0: 3 0x80007d16 (0xce0eb213) x4  0x00000001
core   0: 0x80007d1a (0x9fbe3017) auipc   zero, 0x9fbe3
core   0: 3 0x80007d1a (0x9fbe3017)
core   0: 0x80007d1e (0x00dfe0b3) or      ra, t6, a3
core   0: 3 0x80007d1e (0x00dfe0b3) x1  0x000005f8
core   0: 0x80007d22 (0x00efde33) srl     t3, t6, a4
core   0: 3 0x80007d22 (0x00efde33) x28 0x00000000
core   0: 0x80007d26 (0x02ffcb33) div     s6, t6, a5
core   0: 3 0x80007d26 (0x02ffcb33) x22 0x00000000
core   0: 0x80007d2a (0x00009386) c.add   t2, ra
core   0: 3 0x80007d2a (0x9386) x7  0x000005fc
core   0: 0x80007d2c (0x02406333) rem     t1, zero, tp
core   0: 3 0x80007d2c (0x02406333) x6  0x00000000
core   0: 0x80007d30 (0x0314fcb3) remu    s9, s1, a7
core   0: 3 0x80007d30 (0x0314fcb3) x25 0x041393b9
core   0: 0x80007d34 (0x41198c33) sub     s8, s3, a7
core   0: 3 0x80007d34 (0x41198c33) x24 0xe40686d6
core   0: 0x80007d38 (0x006c2133) slt     sp, s8, t1
core   0: 3 0x80007d38 (0x006c2133) x2  0x00000001
core   0: 0x80007d3c (0x34076773) csrrsi  a4, mscratch, 14
core   0: 3 0x80007d3c (0x34076773) x14 0x0000000e c832_mscratch 0x0000000e
core   0: 0x80007d40 (0x02aa1d33) mulh    s10, s4, a0
core   0: 3 0x80007d40 (0x02aa1d33) x26 0xfed9eac5
core   0: 0x80007d44 (0x00a390b3) sll     ra, t2, a0
core   0: 3 0x80007d44 (0x00a390b3) x1  0x00000000
core   0: 0x80007d48 (0x019c6863) bltu    s8, s9, pc + 16
core   0: 3 0x80007d48 (0x019c6863)
core   0: 0x80007d4c (0x0355c433) div     s0, a1, s5
core   0: 3 0x80007d4c (0x0355c433) x8  0x00000000
core   0: 0x80007d50 (0x00a68cb3) add     s9, a3, a0
core   0: 3 0x80007d50 (0x00a68cb3) x25 0xf57cd057
core   0: 0x80007d54 (0x00008e41) c.or    a2, s0
core   0: 3 0x80007d54 (0x8e41) x12 0x8001cc38
core   0: 0x80007d56 (0x0000987d) c.andi  s0, -1
core   0: 3 0x80007d56 (0x987d) x8  0x00000000
core   0: 0x80007d58 (0x0311ca33) div     s4, gp, a7
core   0: 3 0x80007d58 (0x0311ca33) x20 0x00000000
core   0: 0x80007d5c (0x100b3393) sltiu   t2, s6, 256
core   0: 3 0x80007d5c (0x100b3393) x7  0x00000001
core   0: 0x80007d60 (0x00dba7b3) slt     a5, s7, a3
core   0: 3 0x80007d60 (0x00dba7b3) x15 0x00000001
core   0: 0x80007d64 (0x00000001) c.nop
core   0: 3 0x80007d64 (0x0001)
core   0: 0x80007d66 (0x0000613d) c.addi16sp sp, 480
core   0: 3 0x80007d66 (0x613d) x2  0x000001e1
core   0: 0x80007d68 (0x00000001) c.nop
core   0: 3 0x80007d68 (0x0001)
core   0: 0x80007d6a (0x0000943a) c.add   s0, a4
core   0: 3 0x80007d6a (0x943a) x8  0x0000000e
core   0: 0x80007d6c (0x0199f963) bgeu    s3, s9, pc + 18
core   0: 3 0x80007d6c (0x0199f963)
core   0: 0x80007d70 (0x000043c5) c.li    t2, 17
core   0: 3 0x80007d70 (0x43c5) x7  0x00000011
core   0: 0x80007d72 (0x00009dca) c.add   s11, s2
core   0: 3 0x80007d72 (0x9dca) x27 0x117542a5
core   0: 0x80007d74 (0x3402bff3) csrrc   t6, mscratch, t0
core   0: 3 0x80007d74 (0x3402bff3) x31 0x0000000e c832_mscratch 0x00000004
core   0: 0x80007d78 (0x020a7333) remu    t1, s4, zero
core   0: 3 0x80007d78 (0x020a7333) x6  0x00000000
core   0: 0x80007d7c (0x000084ba) c.mv    s1, a4
core   0: 3 0x80007d7c (0x84ba) x9  0x0000000e
core   0: 0x80007d7e (0x872e2093) slti    ra, t3, -1934
core   0: 3 0x80007d7e (0x872e2093) x1  0x00000000
core   0: 0x80007d82 (0x00fdcdb3) xor     s11, s11, a5
core   0: 3 0x80007d82 (0x00fdcdb3) x27 0x117542a4
core   0: 0x80007d86 (0x140eca93) xori    s5, t4, 320
core   0: 3 0x80007d86 (0x140eca93) x21 0x00000140
core   0: 0x80007d8a (0x01e5e933) or      s2, a1, t5
core   0: 3 0x80007d8a (0x01e5e933) x18 0xffffffff
core   0: 0x80007d8e (0x00ae4a63) blt     t3, a0, pc + 20
core   0: 3 0x80007d8e (0x00ae4a63)
core   0: 0x80007d92 (0x34002b73) csrr    s6, mscratch
core   0: 3 0x80007d92 (0x34002b73) x22 0x00000004
core   0: 0x80007d96 (0x000064b9) c.lui   s1, 0xe
core   0: 3 0x80007d96 (0x64b9) x9  0x0000e000
core   0: 0x80007d98 (0x00008cdd) c.or    s1, a5
core   0: 3 0x80007d98 (0x8cdd) x9  0x0000e001
core   0: 0x80007d9a (0x00ca7c33) and     s8, s4, a2
core   0: 3 0x80007d9a (0x00ca7c33) x24 0x00000000
core   0: 0x80007d9e (0x03e07563) bgeu    zero, t5, pc + 42
core   0: 3 0x80007d9e (0x03e07563)
core   0: 0x80007da2 (0x03fa9e63) bne     s5, t6, pc + 60
core   0: 3 0x80007da2 (0x03fa9e63)
core   0: 0x80007dde (0x0000059e) c.slli  a1, 7
core   0: 3 0x80007dde (0x059e) x11 0xffffff80
core   0: 0x80007de0 (0x00006141) c.addi16sp sp, 16
core   0: 3 0x80007de0 (0x6141) x2  0x000001f1
core   0: 0x80007de2 (0x01dd0663) beq     s10, t4, pc + 12
core   0: 3 0x80007de2 (0x01dd0663)
core   0: 0x80007de6 (0x03b94133) div     sp, s2, s11
core   0: 3 0x80007de6 (0x03b94133) x2  0x00000000
core   0: 0x80007dea (0x008d6db3) or      s11, s10, s0
core   0: 3 0x80007dea (0x008d6db3) x27 0xfed9eacf
core   0: 0x80007dee (0x00008685) c.srai  a3, 1
core   0: 3 0x80007dee (0x8685) x13 0x000002fc
core   0: 0x80007df0 (0x3407d773) csrrwi  a4, mscratch, 15
core   0: 3 0x80007df0 (0x3407d773) x14 0x00000004 c832_mscratch 0x0000000f
core   0: 0x80007df4 (0x00008c4d) c.or    s0, a1
core   0: 3 0x80007df4 (0x8c4d) x8  0xffffff8e
core   0: 0x80007df6 (0x3408ec73) csrrsi  s8, mscratch, 17
core   0: 3 0x80007df6 (0x3408ec73) x24 0x0000000f c832_mscratch 0x0000001f
core   0: 0x80007dfa (0x0156d5b3) srl     a1, a3, s5
core   0: 3 0x80007dfa (0x0156d5b3) x11 0x000002fc
core   0: 0x80007dfe (0x418c8833) sub     a6, s9, s8
core   0: 3 0x80007dfe (0x418c8833) x16 0xf57cd048
core   0: 0x80007e02 (0x095da4b7) lui     s1, 0x95da
core   0: 3 0x80007e02 (0x095da4b7) x9  0x095da000
core   0: 0x80007e06 (0x00008e81) c.sub   a3, s0
core   0: 3 0x80007e06 (0x8e81) x13 0x0000036e
core   0: 0x80007e08 (0x001c9e33) sll     t3, s9, ra
core   0: 3 0x80007e08 (0x001c9e33) x28 0xf57cd057
core   0: 0x80007e0c (0x031593b3) mulh    t2, a1, a7
core   0: 3 0x80007e0c (0x031593b3) x7  0x00000053
core   0: 0x80007e10 (0x00000001) c.nop
core   0: 3 0x80007e10 (0x0001)
core   0: 0x80007e12 (0x000040c5) c.li    ra, 17
core   0: 3 0x80007e12 (0x40c5) x1  0x00000011
core   0: 0x80007e14 (0x0000ed61) c.bnez  a0, pc + 216
core   0: 3 0x80007e14 (0xed61)
core   0: 0x80007eec (0x72f3e517) auipc   a0, 0x72f3e
core   0: 3 0x80007eec (0x72f3e517) x10 0xf2f45eec
core   0: 0x80007ef0 (0x340020f3) csrr    ra, mscratch
core   0: 3 0x80007ef0 (0x340020f3) x1  0x0000001f
core   0: 0x80007ef4 (0x00008dd5) c.or    a1, a3
core   0: 3 0x80007ef4 (0x8dd5) x11 0x000003fe
core   0: 0x80007ef6 (0xd217ab37) lui     s6, 0xd217a
core   0: 3 0x80007ef6 (0xd217ab37) x22 0xd217a000
core   0: 0x80007efa (0x00008ed1) c.or    a3, a2
core   0: 3 0x80007efa (0x8ed1) x13 0x8001cf7e
core   0: 0x80007efc (0x00008426) c.mv    s0, s1
core   0: 3 0x80007efc (0x8426) x8  0x095da000
core   0: 0x80007efe (0x27807a13) andi    s4, zero, 632
core   0: 3 0x80007efe (0x27807a13) x20 0x00000000
core   0: 0x80007f02 (0x34051af3) csrrw   s5, mscratch, a0
core   0: 3 0x80007f02 (0x34051af3) x21 0x0000001f c832_mscratch 0xf2f45eec
core   0: 0x80007f06 (0xd24f8213) addi    tp, t6, -732
core   0: 3 0x80007f06 (0xd24f8213) x4  0xfffffd32
core   0: 0x80007f0a (0x6a386d13) ori     s10, a6, 1699
core   0: 3 0x80007f0a (0x6a386d13) x26 0xf57cd6eb
core   0: 0x80007f0e (0x34007ef3) csrrci  t4, mscratch, 0
core   0: 3 0x80007f0e (0x34007ef3) x29 0xf2f45eec
core   0: 0x80007f12 (0x0ff0000f) fence   iorw,iorw
core   0: 3 0x80007f12 (0x0ff0000f)
core   0: 0x80007f16 (0x41c3d333) sra     t1, t2, t3
core   0: 3 0x80007f16 (0x41c3d333) x6  0x00000000
core   0: 0x80007f1a (0x340f67f3) csrrsi  a5, mscratch, 30
core   0: 3 0x80007f1a (0x340f67f3) x15 0xf2f45eec c832_mscratch 0xf2f45efe
core   0: 0x80007f1e (0xfc48f113) andi    sp, a7, -60
core   0: 3 0x80007f1e (0xfc48f113) x2  0x1bf97944
core   0: 0x80007f22 (0x000098fd) c.andi  s1, -1
core   0: 3 0x80007f22 (0x98fd) x9  0x095da000
core   0: 0x80007f24 (0xcdaa0a13) addi    s4, s4, -806
core   0: 3 0x80007f24 (0xcdaa0a13) x20 0xfffffcda
core   0: 0x80007f28 (0x009d7b33) and     s6, s10, s1
core   0: 3 0x80007f28 (0x009d7b33) x22 0x015c8000
core   0: 0x80007f2c (0x03bc3233) mulhu   tp, s8, s11
core   0: 3 0x80007f2c (0x03bc3233) x4  0x0000000e
core   0: 0x80007f30 (0x024ee163) bltu    t4, tp, pc + 34
core   0: 3 0x80007f30 (0x024ee163)
core   0: 0x80007f34 (0xe192b693) sltiu   a3, t0, -487
core   0: 3 0x80007f34 (0xe192b693) x13 0x00000001
core   0: 0x80007f38 (0x340f1cf3) csrrw   s9, mscratch, t5
core   0: 3 0x80007f38 (0x340f1cf3) x25 0xf2f45efe c832_mscratch 0x80029d24
core   0: 0x80007f3c (0x00000221) c.addi  tp, 8
core   0: 3 0x80007f3c (0x0221) x4  0x00000016
core   0: 0x80007f3e (0x0314a5b3) mulhsu  a1, s1, a7
core   0: 3 0x80007f3e (0x0314a5b3) x11 0x01060061
core   0: 0x80007f42 (0x8ebe2b13) slti    s6, t3, -1813
core   0: 3 0x80007f42 (0x8ebe2b13) x22 0x00000001
core   0: 0x80007f46 (0x00000001) c.nop
core   0: 3 0x80007f46 (0x0001)
core   0: 0x80007f48 (0x00503333) snez    t1, t0
core   0: 3 0x80007f48 (0x00503333) x6  0x00000001
core   0: 0x80007f4c (0x00008f09) c.sub   a4, a0
core   0: 3 0x80007f4c (0x8f09) x14 0x0d0ba118
core   0: 0x80007f4e (0x1dca0417) auipc   s0, 0x1dca0
core   0: 3 0x80007f4e (0x1dca0417) x8  0x9dca7f4e
core   0: 0x80007f52 (0x0000c015) c.beqz  s0, pc + 36
core   0: 3 0x80007f52 (0xc015)
core   0: 0x80007f54 (0x0000e88d) c.bnez  s1, pc + 50
core   0: 3 0x80007f54 (0xe88d)
core   0: 0x80007f86 (0x00006845) c.lui   a6, 0x11
core   0: 3 0x80007f86 (0x6845) x16 0x00011000
core   0: 0x80007f88 (0x00008ced) c.and   s1, a1
core   0: 3 0x80007f88 (0x8ced) x9  0x01040000
core   0: 0x80007f8a (0x407f8833) sub     a6, t6, t2
core   0: 3 0x80007f8a (0x407f8833) x16 0xffffffbb
core   0: 0x80007f8e (0x00008f2d) c.xor   a4, a1
core   0: 3 0x80007f8e (0x8f2d) x14 0x0c0da179
core   0: 0x80007f90 (0x00000001) c.nop
core   0: 3 0x80007f90 (0x0001)
core   0: 0x80007f92 (0x027e0db3) mul     s11, t3, t2
core   0: 3 0x80007f92 (0x027e0db3) x27 0x97778c35
core   0: 0x80007f96 (0xa4abc037) lui     zero, 0xa4abc
core   0: 3 0x80007f96 (0xa4abc037)
core   0: 0x80007f9a (0x00008872) c.mv    a6, t3
core   0: 3 0x80007f9a (0x8872) x16 0xf57cd057
core   0: 0x80007f9c (0x3c868a93) addi    s5, a3, 968
core   0: 3 0x80007f9c (0x3c868a93) x21 0x000003c9
core   0: 0x80007fa0 (0x03b94eb3) div     t4, s2, s11
core   0: 3 0x80007fa0 (0x03b94eb3) x29 0x00000000
core   0: 0x80007fa4 (0xa1efe893) ori     a7, t6, -1506
core   0: 3 0x80007fa4 (0xa1efe893) x17 0xfffffa1e
core   0: 0x80007fa8 (0x4008dfb3) sra     t6, a7, zero
core   0: 3 0x80007fa8 (0x4008dfb3) x31 0xfffffa1e
core   0: 0x80007fac (0x3404dc73) csrrwi  s8, mscratch, 9
core   0: 3 0x80007fac (0x3404dc73) x24 0x80029d24 c832_mscratch 0x00000009
core   0: 0x80007fb0 (0x00008fe1) c.and   a5, s0
core   0: 3 0x80007fb0 (0x8fe1) x15 0x90c05e4c
core   0: 0x80007fb2 (0x86c8e813) ori     a6, a7, -1940
core   0: 3 0x80007fb2 (0x86c8e813) x16 0xfffffa7e
core   0: 0x80007fb6 (0x0368d633) divu    a2, a7, s6
core   0: 3 0x80007fb6 (0x0368d633) x12 0xfffffa1e
core   0: 0x80007fba (0x037764b3) rem     s1, a4, s7
core   0: 3 0x80007fba (0x037764b3) x9  0x0c0da179
core   0: 0x80007fbe (0x405ed3b3) sra     t2, t4, t0
core   0: 3 0x80007fbe (0x405ed3b3) x7  0x00000000
core   0: 0x80007fc2 (0x00008c71) c.and   s0, a2
core   0: 3 0x80007fc2 (0x8c71) x8  0x9dca7a0e
core   0: 0x80007fc4 (0x8cbaa193) slti    gp, s5, -1845
core   0: 3 0x80007fc4 (0x8cbaa193) x3  0x00000000
core   0: 0x80007fc8 (0x00005a13) srli    s4, zero, 0
core   0: 3 0x80007fc8 (0x00005a13) x20 0x00000000
core   0: 0x80007fcc (0x04508563) beq     ra, t0, pc + 74
core   0: 3 0x80007fcc (0x04508563)
core   0: 0x80007fd0 (0x3556bc93) sltiu   s9, a3, 853
core   0: 3 0x80007fd0 (0x3556bc93) x25 0x00000001
core   0: 0x80007fd4 (0x008c76b3) and     a3, s8, s0
core   0: 3 0x80007fd4 (0x008c76b3) x13 0x80021804
core   0: 0x80007fd8 (0x55c82b37) lui     s6, 0x55c82
core   0: 3 0x80007fd8 (0x55c82b37) x22 0x55c82000
core   0: 0x80007fdc (0x021db5b3) mulhu   a1, s11, ra
core   0: 3 0x80007fdc (0x021db5b3) x11 0x00000012
core   0: 0x80007fe0 (0x00000001) c.nop
core   0: 3 0x80007fe0 (0x0001)
core   0: 0x80007fe2 (0x00f1c233) xor     tp, gp, a5
core   0: 3 0x80007fe2 (0x00f1c233) x4  0x90c05e4c
core   0: 0x80007fe6 (0x006e7c33) and     s8, t3, t1
core   0: 3 0x80007fe6 (0x006e7c33) x24 0x00000001
core   0: 0x80007fea (0x02925863) bge     tp, s1, pc + 48
core   0: 3 0x80007fea (0x02925863)
core   0: 0x80007fee (0x0178feb3) and     t4, a7, s7
core   0: 3 0x80007fee (0x0178feb3) x29 0x80025a08
core   0: 0x80007ff2 (0x3407f1f3) csrrci  gp, mscratch, 15
core   0: 3 0x80007ff2 (0x3407f1f3) x3  0x00000009 c832_mscratch 0x00000000
core   0: 0x80007ff6 (0x03957ab3) remu    s5, a0, s9
core   0: 3 0x80007ff6 (0x03957ab3) x21 0x00000000
core   0: 0x80007ffa (0x031f5663) bge     t5, a7, pc + 44
core   0: 3 0x80007ffa (0x031f5663)
core   0: 0x80007ffe (0x00827463) bgeu    tp, s0, pc + 8
core   0: 3 0x80007ffe (0x00827463)
core   0: 0x80008002 (0x34002373) csrr    t1, mscratch
core   0: 3 0x80008002 (0x34002373) x6  0x00000000
core   0: 0x80008006 (0x92bfa013) slti    zero, t6, -1749
core   0: 3 0x80008006 (0x92bfa013)
core   0: 0x8000800a (0x01ad4263) blt     s10, s10, pc + 4
core   0: 3 0x8000800a (0x01ad4263)
core   0: 0x8000800e (0x0f746d93) ori     s11, s0, 247
core   0: 3 0x8000800e (0x0f746d93) x27 0x9dca7aff
core   0: 0x80008012 (0x6b375537) lui     a0, 0x6b375
core   0: 3 0x80008012 (0x6b375537) x10 0x6b375000
core   0: 0x80008016 (0x02eb6963) bltu    s6, a4, pc + 50
core   0: 3 0x80008016 (0x02eb6963)
core   0: 0x8000801a (0x01647263) bgeu    s0, s6, pc + 4
core   0: 3 0x8000801a (0x01647263)
core   0: 0x8000801e (0x417cd3b3) sra     t2, s9, s7
core   0: 3 0x8000801e (0x417cd3b3) x7  0x00000000
core   0: 0x80008022 (0x00921933) sll     s2, tp, s1
core   0: 3 0x80008022 (0x00921933) x18 0x98000000
core   0: 0x80008026 (0x025ae863) bltu    s5, t0, pc + 48
core   0: 3 0x80008026 (0x025ae863)
core   0: 0x80008056 (0x03dd0363) beq     s10, t4, pc + 38
core   0: 3 0x80008056 (0x03dd0363)
core   0: 0x8000805a (0x340d90f3) csrrw   ra, mscratch, s11
core   0: 3 0x8000805a (0x340d90f3) x1  0x00000000 c832_mscratch 0x9dca7aff
core   0: 0x8000805e (0x40f35b13) srai    s6, t1, 15
core   0: 3 0x8000805e (0x40f35b13) x22 0x00000000
core   0: 0x80008062 (0x000081b6) c.mv    gp, a3
core   0: 3 0x80008062 (0x81b6) x3  0x80021804
core   0: 0x80008064 (0x00349113) slli    sp, s1, 3
core   0: 3 0x80008064 (0x00349113) x2  0x606d0bc8
core   0: 0x80008068 (0xaafbc137) lui     sp, 0xaafbc
core   0: 3 0x80008068 (0xaafbc137) x2  0xaafbc000
core   0: 0x8000806c (0x000080c5) c.srli  s1, 17
core   0: 3 0x8000806c (0x80c5) x9  0x00000606
core   0: 0x8000806e (0x0000c819) c.beqz  s0, pc + 22
core   0: 3 0x8000806e (0xc819)
core   0: 0x80008070 (0x01319eb3) sll     t4, gp, s3
core   0: 3 0x80008070 (0x01319eb3) x29 0x0010c020
core   0: 0x80008074 (0x00006115) c.addi16sp sp, 288
core   0: 3 0x80008074 (0x6115) x2  0xaafbc120
core   0: 0x80008076 (0x0149fc63) bgeu    s3, s4, pc + 24
core   0: 3 0x80008076 (0x0149fc63)
core   0: 0x8000808e (0x0198f763) bgeu    a7, s9, pc + 14
core   0: 3 0x8000808e (0x0198f763)
core   0: 0x8000809c (0x00000c6e) c.slli  s8, 27
core   0: 3 0x8000809c (0x0c6e) x24 0x08000000
core   0: 0x8000809e (0x340b2973) csrrs   s2, mscratch, s6
core   0: 3 0x8000809e (0x340b2973) x18 0x9dca7aff c832_mscratch 0x9dca7aff
core   0: 0x800080a2 (0x00000001) c.nop
core   0: 3 0x800080a2 (0x0001)
core   0: 0x800080a4 (0x00008df9) c.and   a1, a4
core   0: 3 0x800080a4 (0x8df9) x11 0x00000010
core   0: 0x800080a6 (0x69062497) auipc   s1, 0x69062
core   0: 3 0x800080a6 (0x69062497) x9  0xe906a0a6
core   0: 0x800080aa (0x41af5533) sra     a0, t5, s10
core   0: 3 0x800080aa (0x41af5533) x10 0xfff00053
core   0: 0x800080ae (0x406fd213) srai    tp, t6, 6
core   0: 3 0x800080ae (0x406fd213) x4  0xffffffe8
core   0: 0x800080b2 (0x340b1173) csrrw   sp, mscratch, s6
core   0: 3 0x800080b2 (0x340b1173) x2  0x9dca7aff c832_mscratch 0x00000000
core   0: 0x800080b6 (0x0284a0b3) mulhsu  ra, s1, s0
core   0: 3 0x800080b6 (0x0284a0b3) x1  0xf1d6e4cc
core   0: 0x800080ba (0x0000c399) c.beqz  a5, pc + 6
core   0: 3 0x800080ba (0xc399)
core   0: 0x800080bc (0x03a5feb3) remu    t4, a1, s10
core   0: 3 0x800080bc (0x03a5feb3) x29 0x00000010
core   0: 0x800080c0 (0x03a46c33) rem     s8, s0, s10
core   0: 3 0x800080c0 (0x03a46c33) x24 0xfc66ebcb
core   0: 0x800080c4 (0x00f14663) blt     sp, a5, pc + 12
core   0: 3 0x800080c4 (0x00f14663)
core   0: 0x800080c8 (0x00001718) c.addi4spn a4, sp, 928
core   0: 3 0x800080c8 (0x1718) x14 0x9dca7e9f
core   0: 0x800080ca (0x340cd573) csrrwi  a0, mscratch, 25
core   0: 3 0x800080ca (0x340cd573) x10 0x00000000 c832_mscratch 0x00000019
core   0: 0x800080ce (0x000086ee) c.mv    a3, s11
core   0: 3 0x800080ce (0x86ee) x13 0x9dca7aff
core   0: 0x800080d0 (0x005c2933) slt     s2, s8, t0
core   0: 3 0x800080d0 (0x005c2933) x18 0x00000000
core   0: 0x800080d4 (0x41268cb3) sub     s9, a3, s2
core   0: 3 0x800080d4 (0x41268cb3) x25 0x9dca7aff
core   0: 0x800080d8 (0x00009afd) c.andi  a3, -1
core   0: 3 0x800080d8 (0x9afd) x13 0x9dca7aff
core   0: 0x800080da (0x0261d963) bge     gp, t1, pc + 50
core   0: 3 0x800080da (0x0261d963)
core   0: 0x800080de (0x01d784b3) add     s1, a5, t4
core   0: 3 0x800080de (0x01d784b3) x9  0x90c05e5c
core   0: 0x800080e2 (0x41b06d13) ori     s10, zero, 1051
core   0: 3 0x800080e2 (0x41b06d13) x26 0x0000041b
core   0: 0x800080e6 (0xb33c0a93) addi    s5, s8, -1229
core   0: 3 0x800080e6 (0xb33c0a93) x21 0xfc66e6fe
core   0: 0x800080ea (0x00df08b3) add     a7, t5, a3
core   0: 3 0x800080ea (0x00df08b3) x17 0x1dcd1823
core   0: 0x800080ee (0x021ff1b3) remu    gp, t6, ra
core   0: 3 0x800080ee (0x021ff1b3) x3  0x0e291552
core   0: 0x800080f2 (0x0318f0b3) remu    ra, a7, a7
core   0: 3 0x800080f2 (0x0318f0b3) x1  0x00000000
core   0: 0x800080f6 (0x00008731) c.srai  a4, 12
core   0: 3 0x800080f6 (0x8731) x14 0xfff9dca7
core   0: 0x800080f8 (0x8d9e0813) addi    a6, t3, -1831
core   0: 3 0x800080f8 (0x8d9e0813) x16 0xf57cc930
core   0: 0x800080fc (0x41f7d4b3) sra     s1, a5, t6
core   0: 3 0x800080fc (0x41f7d4b3) x9  0xfffffffe
core   0: 0x80008100 (0x340026f3) csrr    a3, mscratch
core   0: 3 0x80008100 (0x340026f3) x13 0x00000019
core   0: 0x80008104 (0x3ba94a13) xori    s4, s2, 954
core   0: 3 0x80008104 (0x3ba94a13) x20 0x000003ba
core   0: 0x80008108 (0x8fa8ae93) slti    t4, a7, -1798
core   0: 3 0x80008108 (0x8fa8ae93) x29 0x00000000
core   0: 0x8000810c (0x0000ea9d) c.bnez  a3, pc + 54
core   0: 3 0x8000810c (0xea9d)
core   0: 0x80008142 (0x0ff0000f) fence   iorw,iorw
core   0: 3 0x80008142 (0x0ff0000f)
core   0: 0x80008146 (0x00004a95) c.li    s5, 5
core   0: 3 0x80008146 (0x4a95) x21 0x00000005
core   0: 0x80008148 (0x00c7ffb3) and     t6, a5, a2
core   0: 3 0x80008148 (0x00c7ffb3) x31 0x90c05a0c
core   0: 0x8000814c (0x00009196) c.add   gp, t0
core   0: 3 0x8000814c (0x9196) x3  0x03a69f5c
core   0: 0x8000814e (0x00000001) c.nop
core   0: 3 0x8000814e (0x0001)
core   0: 0x80008150 (0x00008eb1) c.xor   a3, a2
core   0: 3 0x80008150 (0x8eb1) x13 0xfffffa07
core   0: 0x80008152 (0x0250dfb3) divu    t6, ra, t0
core   0: 3 0x80008152 (0x0250dfb3) x31 0x00000000
core   0: 0x80008156 (0x00edb533) sltu    a0, s11, a4
core   0: 3 0x80008156 (0x00edb533) x10 0x00000001
core   0: 0x8000815a (0x00006949) c.lui   s2, 0x12
core   0: 3 0x8000815a (0x6949) x18 0x00012000
core   0: 0x8000815c (0x40cb8ab3) sub     s5, s7, a2
core   0: 3 0x8000815c (0x40cb8ab3) x21 0x8002644a
core   0: 0x80008160 (0x0000864a) c.mv    a2, s2
core   0: 3 0x80008160 (0x864a) x12 0x00012000
core   0: 0x80008162 (0x340be873) csrrsi  a6, mscratch, 23
core   0: 3 0x80008162 (0x340be873) x16 0x00000019 c832_mscratch 0x0000001f
core   0: 0x80008166 (0x414283b3) sub     t2, t0, s4
core   0: 3 0x80008166 (0x414283b3) x7  0xf57d8650
core   0: 0x8000816a (0xf557f793) andi    a5, a5, -171
core   0: 3 0x8000816a (0xf557f793) x15 0x90c05e44
core   0: 0x8000816e (0x34002673) csrr    a2, mscratch
core   0: 3 0x8000816e (0x34002673) x12 0x0000001f
core   0: 0x80008172 (0x87547193) andi    gp, s0, -1931
core   0: 3 0x80008172 (0x87547193) x3  0x9dca7804
core   0: 0x80008176 (0x002bdb63) bge     s7, sp, pc + 22
core   0: 3 0x80008176 (0x002bdb63)
core   0: 0x8000817a (0x0000cfb9) c.beqz  a5, pc + 94
core   0: 3 0x8000817a (0xcfb9)
core   0: 0x8000817c (0x340fa3f3) csrrs   t2, mscratch, t6
core   0: 3 0x8000817c (0x340fa3f3) x7  0x0000001f c832_mscratch 0x0000001f
core   0: 0x80008180 (0x0295a0b3) mulhsu  ra, a1, s1
core   0: 3 0x80008180 (0x0295a0b3) x1  0x0000000f
core   0: 0x80008184 (0x187ee193) ori     gp, t4, 391
core   0: 3 0x80008184 (0x187ee193) x3  0x00000187
core   0: 0x80008188 (0x0104b0b3) sltu    ra, s1, a6
core   0: 3 0x80008188 (0x0104b0b3) x1  0x00000000
core   0: 0x8000818c (0x03afb433) mulhu   s0, t6, s10
core   0: 3 0x8000818c (0x03afb433) x8  0x00000000
core   0: 0x80008190 (0x007ae3b3) or      t2, s5, t2
core   0: 3 0x80008190 (0x007ae3b3) x7  0x8002645f
core   0: 0x80008194 (0x05084263) blt     a6, a6, pc + 68
core   0: 3 0x80008194 (0x05084263)
core   0: 0x80008198 (0x0114cab3) xor     s5, s1, a7
core   0: 3 0x80008198 (0x0114cab3) x21 0xe232e7dd
core   0: 0x8000819c (0x01920333) add     t1, tp, s9
core   0: 3 0x8000819c (0x01920333) x6  0x9dca7ae7
core   0: 0x800081a0 (0x34006b73) csrrsi  s6, mscratch, 0
core   0: 3 0x800081a0 (0x34006b73) x22 0x0000001f
core   0: 0x800081a4 (0x0000cb15) c.beqz  a4, pc + 52
core   0: 3 0x800081a4 (0xcb15)
core   0: 0x800081a6 (0x0000cb8d) c.beqz  a5, pc + 50
core   0: 3 0x800081a6 (0xcb8d)
core   0: 0x800081a8 (0x00001ffd) c.addi  t6, -1
core   0: 3 0x800081a8 (0x1ffd) x31 0xffffffff
core   0: 0x800081aa (0x02345b33) divu    s6, s0, gp
core   0: 3 0x800081aa (0x02345b33) x22 0x00000000
core   0: 0x800081ae (0x340bae73) csrrs   t3, mscratch, s7
core   0: 3 0x800081ae (0x340bae73) x28 0x0000001f c832_mscratch 0x80025e7f
core   0: 0x800081b2 (0x3405fc73) csrrci  s8, mscratch, 11
core   0: 3 0x800081b2 (0x3405fc73) x24 0x80025e7f c832_mscratch 0x80025e74
core   0: 0x800081b6 (0x00dbda63) bge     s7, a3, pc + 20
core   0: 3 0x800081b6 (0x00dbda63)
core   0: 0x800081ba (0x0000819d) c.srli  a1, 7
core   0: 3 0x800081ba (0x819d) x11 0x00000000
core   0: 0x800081bc (0x340de3f3) csrrsi  t2, mscratch, 27
core   0: 3 0x800081bc (0x340de3f3) x7  0x80025e74 c832_mscratch 0x80025e7f
core   0: 0x800081c0 (0x009df9b3) and     s3, s11, s1
core   0: 3 0x800081c0 (0x009df9b3) x19 0x9dca7afe
core   0: 0x800081c4 (0x02d5fd33) remu    s10, a1, a3
core   0: 3 0x800081c4 (0x02d5fd33) x26 0x00000000
core   0: 0x800081c8 (0x000086d9) c.srai  a3, 22
core   0: 3 0x800081c8 (0x86d9) x13 0xffffffff
core   0: 0x800081ca (0x704007ef) jal     a5, pc + 0x704
core   0: 3 0x800081ca (0x704007ef) x15 0x800081ce
core   0: 0x800088ce (0xbea4b493) sltiu   s1, s1, -1046
core   0: 3 0x800088ce (0xbea4b493) x9  0x00000000
core   0: 0x800088d2 (0xfd8b8b93) addi    s7, s7, -40
core   0: 3 0x800088d2 (0xfd8b8b93) x23 0x80025e40
core   0: 0x800088d6 (0x3401f5f3) csrrci  a1, mscratch, 3
core   0: 3 0x800088d6 (0x3401f5f3) x11 0x80025e7f c832_mscratch 0x80025e7c
core   0: 0x800088da (0x0000197d) c.addi  s2, -1
core   0: 3 0x800088da (0x197d) x18 0x00011fff
core   0: 0x800088dc (0x00fba223) sw      a5, 4(s7)
core   0: 3 0x800088dc (0x00fba223) mem 0x80025e44 0x800081ce
core   0: 0x800088e0 (0x00000001) c.nop
core   0: 3 0x800088e0 (0x0001)
core   0: 0x800088e2 (0x0321d3b3) divu    t2, gp, s2
core   0: 3 0x800088e2 (0x0321d3b3) x7  0x00000000
core   0: 0x800088e6 (0x03707c33) remu    s8, zero, s7
core   0: 3 0x800088e6 (0x03707c33) x24 0x00000000
core   0: 0x800088ea (0x0000813e) c.mv    sp, a5
core   0: 3 0x800088ea (0x813e) x2  0x800081ce
core   0: 0x800088ec (0x00000114) c.addi4spn a3, sp, 128
core   0: 3 0x800088ec (0x0114) x13 0x8000824e
core   0: 0x800088ee (0x6fb6e593) ori     a1, a3, 1787
core   0: 3 0x800088ee (0x6fb6e593) x11 0x800086ff
core   0: 0x800088f2 (0x00000d17) auipc   s10, 0x0
core   0: 3 0x800088f2 (0x00000d17) x26 0x800088f2
core   0: 0x800088f6 (0x2fad0d13) addi    s10, s10, 762
core   0: 3 0x800088f6 (0x2fad0d13) x26 0x80008bec
core   0: 0x800088fa (0xc62f0917) auipc   s2, 0xc62f0
core   0: 3 0x800088fa (0xc62f0917) x18 0x462f88fa
core   0: 0x800088fe (0x0486a793) slti    a5, a3, 72
core   0: 3 0x800088fe (0x0486a793) x15 0x00000001
core   0: 0x80008902 (0xc8dd0d13) addi    s10, s10, -883
core   0: 3 0x80008902 (0xc8dd0d13) x26 0x80008879
core   0: 0x80008906 (0x0284b5b3) mulhu   a1, s1, s0
core   0: 3 0x80008906 (0x0284b5b3) x11 0x00000000
core   0: 0x8000890a (0x0236c533) div     a0, a3, gp
core   0: 3 0x8000890a (0x0236c533) x10 0xffac3218
core   0: 0x8000890e (0x00008de1) c.and   a1, s0
core   0: 3 0x8000890e (0x8de1) x11 0x00000000
core   0: 0x80008910 (0x373d07e7) jalr    a5, s10, 883
core   0: 3 0x80008910 (0x373d07e7) x15 0x80008914
core   0: 0x80008bec (0x00008689) c.srai  a3, 2
core   0: 3 0x80008bec (0x8689) x13 0xe0002093
core   0: 0x80008bee (0x9e774193) xori    gp, a4, -1561
core   0: 3 0x80008bee (0x9e774193) x3  0x00062540
core   0: 0x80008bf2 (0x02d22733) mulhsu  a4, tp, a3
core   0: 3 0x80008bf2 (0x02d22733) x14 0xffffffea
core   0: 0x80008bf6 (0x037208b3) mul     a7, tp, s7
core   0: 3 0x80008bf6 (0x037208b3) x17 0xffc72a00
core   0: 0x80008bfa (0x40630c33) sub     s8, t1, t1
core   0: 3 0x80008bfa (0x40630c33) x24 0x00000000
core   0: 0x80008bfe (0x01741363) bne     s0, s7, pc + 6
core   0: 3 0x80008bfe (0x01741363)
core   0: 0x80008c04 (0xfd4b8b93) addi    s7, s7, -44
core   0: 3 0x80008c04 (0xfd4b8b93) x23 0x80025e14
core   0: 0x80008c08 (0x00008c0d) c.sub   s0, a1
core   0: 3 0x80008c08 (0x8c0d) x8  0x00000000
core   0: 0x80008c0a (0x00008ca1) c.xor   s1, s0
core   0: 3 0x80008c0a (0x8ca1) x9  0x00000000
core   0: 0x80008c0c (0x00fba223) sw      a5, 4(s7)
core   0: 3 0x80008c0c (0x00fba223) mem 0x80025e18 0x80008914
core   0: 0x80008c10 (0x015dd833) srl     a6, s11, s5
core   0: 3 0x80008c10 (0x015dd833) x16 0x00000004
core   0: 0x80008c14 (0x00009e17) auipc   t3, 0x9
core   0: 3 0x80008c14 (0x00009e17) x28 0x80011c14
core   0: 0x80008c18 (0x29fe0e13) addi    t3, t3, 671
core   0: 3 0x80008c18 (0x29fe0e13) x28 0x80011eb3
core   0: 0x80008c1c (0x4002d533) sra     a0, t0, zero
core   0: 3 0x80008c1c (0x4002d533) x10 0xf57d8a0a
core   0: 0x80008c20 (0x0024e033) or      zero, s1, sp
core   0: 3 0x80008c20 (0x0024e033)
core   0: 0x80008c24 (0xf82e4183) lbu     gp, -126(t3)
core   0: 3 0x80008c24 (0xf82e4183) x3  0x000000ee mem 0x80011e35
core   0: 0x80008c28 (0xfe4e0b23) sb      tp, -10(t3)
core   0: 3 0x80008c28 (0xfe4e0b23) mem 0x80011ea9 0xe8
core   0: 0x80008c2c (0x000089ca) c.mv    s3, s2
core   0: 3 0x80008c2c (0x89ca) x19 0x462f88fa
core   0: 0x80008c2e (0x038787b3) mul     a5, a5, s8
core   0: 3 0x80008c2e (0x038787b3) x15 0x00000000
core   0: 0x80008c32 (0xf53e13a3) sh      s3, -185(t3)
core   0: 3 0x80008c32 (0xf53e13a3) mem 0x80011dfa 0x88fa
core   0: 0x80008c36 (0x002e00a3) sb      sp, 1(t3)
core   0: 3 0x80008c36 (0x002e00a3) mem 0x80011eb4 0xce
core   0: 0x80008c3a (0xf65e4b03) lbu     s6, -155(t3)
core   0: 3 0x80008c3a (0xf65e4b03) x22 0x000000d3 mem 0x80011e18
core   0: 0x80008c3e (0x0f4e4c83) lbu     s9, 244(t3)
core   0: 3 0x80008c3e (0x0f4e4c83) x25 0x0000005c mem 0x80011fa7
core   0: 0x80008c42 (0x03199d33) mulh    s10, s3, a7
core   0: 3 0x80008c42 (0x03199d33) x26 0xfff06aee
core   0: 0x80008c46 (0xe9a8b793) sltiu   a5, a7, -358
core   0: 3 0x80008c46 (0xe9a8b793) x15 0x00000001
core   0: 0x80008c4a (0x00000001) c.nop
core   0: 3 0x80008c4a (0x0001)
core   0: 0x80008c4c (0x000083a9) c.srli  a5, 10
core   0: 3 0x80008c4c (0x83a9) x15 0x00000000
core   0: 0x80008c4e (0x00005a7d) c.li    s4, -1
core   0: 3 0x80008c4e (0x5a7d) x20 0xffffffff
core   0: 0x80008c50 (0x00000001) c.nop
core   0: 3 0x80008c50 (0x0001)
core   0: 0x80008c52 (0xfade4883) lbu     a7, -83(t3)
core   0: 3 0x80008c52 (0xfade4883) x17 0x0000001b mem 0x80011e60
core   0: 0x80008c56 (0xf31e0a23) sb      a7, -204(t3)
core   0: 3 0x80008c56 (0xf31e0a23) mem 0x80011de7 0x1b
core   0: 0x80008c5a (0x34003773) csrrc   a4, mscratch, zero
core   0: 3 0x80008c5a (0x34003773) x14 0x80025e7c
core   0: 0x80008c5e (0xf74e0323) sb      s4, -154(t3)
core   0: 3 0x80008c5e (0xf74e0323) mem 0x80011e19 0xff
core   0: 0x80008c62 (0x027b6cb3) rem     s9, s6, t2
core   0: 3 0x80008c62 (0x027b6cb3) x25 0x000000d3
core   0: 0x80008c66 (0x03cc7033) remu    zero, s8, t3
core   0: 3 0x80008c66 (0x03cc7033)
core   0: 0x80008c6a (0x00620733) add     a4, tp, t1
core   0: 3 0x80008c6a (0x00620733) x14 0x9dca7acf
core   0: 0x80008c6e (0x06fe4303) lbu     t1, 111(t3)
core   0: 3 0x80008c6e (0x06fe4303) x6  0x000000d9 mem 0x80011f22
core   0: 0x80008c72 (0x33b16c93) ori     s9, sp, 827
core   0: 3 0x80008c72 (0x33b16c93) x25 0x800083ff
core   0: 0x80008c76 (0x036747b3) div     a5, a4, s6
core   0: 3 0x80008c76 (0x036747b3) x15 0xff88d88c
core   0: 0x80008c7a (0x0000100f) fence.i
core   0: 3 0x80008c7a (0x0000100f)
core   0: 0x80008c7e (0x032df233) remu    tp, s11, s2
core   0: 3 0x80008c7e (0x032df233) x4  0x116b690b
core   0: 0x80008c82 (0x0d6e4a83) lbu     s5, 214(t3)
core   0: 3 0x80008c82 (0x0d6e4a83) x21 0x00000042 mem 0x80011f89
core   0: 0x80008c86 (0x0f5e5883) lhu     a7, 245(t3)
core   0: 3 0x80008c86 (0x0f5e5883) x17 0x00006263 mem 0x80011fa8
core   0: 0x80008c8a (0x00f82fb3) slt     t6, a6, a5
core   0: 3 0x80008c8a (0x00f82fb3) x31 0x00000000
core   0: 0x80008c8e (0x405fd313) srai    t1, t6, 5
core   0: 3 0x80008c8e (0x405fd313) x6  0x00000000
core   0: 0x80008c92 (0x00a79a93) slli    s5, a5, 10
core   0: 3 0x80008c92 (0x00a79a93) x21 0x23623000
core   0: 0x80008c96 (0x404e0933) sub     s2, t3, tp
core   0: 3 0x80008c96 (0x404e0933) x18 0x6e95b5a8
core   0: 0x80008c9a (0x53d0ec13) ori     s8, ra, 1341
core   0: 3 0x80008c9a (0x53d0ec13) x24 0x0000053d
core   0: 0x80008c9e (0x000083cd) c.srli  a5, 19
core   0: 3 0x80008c9e (0x83cd) x15 0x00001ff1
core   0: 0x80008ca0 (0xfebe14a3) sh      a1, -23(t3)
core   0: 3 0x80008ca0 (0xfebe14a3) mem 0x80011e9c 0x0000
core   0: 0x80008ca4 (0x0d6e0f83) lb      t6, 214(t3)
core   0: 3 0x80008ca4 (0x0d6e0f83) x31 0x00000042 mem 0x80011f89
core   0: 0x80008ca8 (0x7b7f3217) auipc   tp, 0x7b7f3
core   0: 3 0x80008ca8 (0x7b7f3217) x4  0xfb7fbca8
core   0: 0x80008cac (0x34007ff3) csrrci  t6, mscratch, 0
core   0: 3 0x80008cac (0x34007ff3) x31 0x80025e7c
core   0: 0x80008cb0 (0x00008da9) c.xor   a1, a0
core   0: 3 0x80008cb0 (0x8da9) x11 0xf57d8a0a
core   0: 0x80008cb2 (0x0ff0000f) fence   iorw,iorw
core   0: 3 0x80008cb2 (0x0ff0000f)
core   0: 0x80008cb6 (0x03a68033) mul     zero, a3, s10
core   0: 3 0x80008cb6 (0x03a68033)
core   0: 0x80008cba (0x027f4b33) div     s6, t5, t2
core   0: 3 0x80008cba (0x027f4b33) x22 0xffffffff
core   0: 0x80008cbe (0x0dee4b03) lbu     s6, 222(t3)
core   0: 3 0x80008cbe (0x0dee4b03) x22 0x0000004a mem 0x80011f91
core   0: 0x80008cc2 (0x00016817) auipc   a6, 0x16
core   0: 3 0x80008cc2 (0x00016817) x16 0x8001ecc2
core   0: 0x80008cc6 (0x99e80813) addi    a6, a6, -1634
core   0: 3 0x80008cc6 (0x99e80813) x16 0x8001e660
core   0: 0x80008cca (0xff080183) lb      gp, -16(a6)
core   0: 3 0x80008cca (0xff080183) x3  0x0000000a mem 0x8001e650
core   0: 0x80008cce (0x560a4d93) xori    s11, s4, 1376
core   0: 3 0x80008cce (0x560a4d93) x27 0xfffffa9f
core   0: 0x80008cd2 (0x0000991e) c.add   s2, t2
core   0: 3 0x80008cd2 (0x991e) x18 0x6e95b5a8
core   0: 0x80008cd4 (0x01bf7033) and     zero, t5, s11
core   0: 3 0x80008cd4 (0x01bf7033)
core   0: 0x80008cd8 (0x018ad533) srl     a0, s5, s8
core   0: 3 0x80008cd8 (0x018ad533) x10 0x00000001
core   0: 0x80008cdc (0x00e85903) lhu     s2, 14(a6)
core   0: 3 0x80008cdc (0x00e85903) x18 0x00002425 mem 0x8001e66e
core   0: 0x80008ce0 (0xff880ca3) sb      s8, -7(a6)
core   0: 3 0x80008ce0 (0xff880ca3) mem 0x8001e659 0x3d
core   0: 0x80008ce4 (0xfec81b23) sh      a2, -10(a6)
core   0: 3 0x80008ce4 (0xfec81b23) mem 0x8001e656 0x001f
core   0: 0x80008ce8 (0x00c82403) lw      s0, 12(a6)
core   0: 3 0x80008ce8 (0x00c82403) x8  0x24252627 mem 0x8001e66c
core   0: 0x80008cec (0x03dc78b3) remu    a7, s8, t4
core   0: 3 0x80008cec (0x03dc78b3) x17 0x0000053d
core   0: 0x80008cf0 (0x00271e33) sll     t3, a4, sp
core   0: 3 0x80008cf0 (0x00271e33) x28 0x9eb3c000
core   0: 0x80008cf4 (0xff080f83) lb      t6, -16(a6)
core   0: 3 0x80008cf4 (0xff080f83) x31 0x0000000a mem 0x8001e650
core   0: 0x80008cf8 (0x00e80903) lb      s2, 14(a6)
core   0: 3 0x80008cf8 (0x00e80903) x18 0x00000025 mem 0x8001e66e
core   0: 0x80008cfc (0xffd84b03) lbu     s6, -3(a6)
core   0: 3 0x80008cfc (0xffd84b03) x22 0x00000016 mem 0x8001e65d
core   0: 0x80008d00 (0x00d84083) lbu     ra, 13(a6)
core   0: 3 0x80008d00 (0x00d84083) x1  0x00000026 mem 0x8001e66d
core   0: 0x80008d04 (0x34051173) csrrw   sp, mscratch, a0
core   0: 3 0x80008d04 (0x34051173) x2  0x80025e7c c832_mscratch 0x00000001
core   0: 0x80008d08 (0x153f8313) addi    t1, t6, 339
core   0: 3 0x80008d08 (0x153f8313) x6  0x0000015d
core   0: 0x80008d0c (0x00184683) lbu     a3, 1(a6)
core   0: 3 0x80008d0c (0x00184683) x13 0x0000001a mem 0x8001e661
core   0: 0x80008d10 (0xff284b03) lbu     s6, -14(a6)
core   0: 3 0x80008d10 (0xff284b03) x22 0x0000007d mem 0x8001e652
core   0: 0x80008d14 (0xffa82c23) sw      s10, -8(a6)
core   0: 3 0x80008d14 (0xffa82c23) mem 0x8001e658 0xfff06aee
core   0: 0x80008d18 (0x00b80a03) lb      s4, 11(a6)
core   0: 3 0x80008d18 (0x00b80a03) x20 0xffffffce mem 0x8001e66b
core   0: 0x80008d1c (0x00d80503) lb      a0, 13(a6)
core   0: 3 0x80008d1c (0x00d80503) x10 0x00000026 mem 0x8001e66d
core   0: 0x80008d20 (0x00b80b03) lb      s6, 11(a6)
core   0: 3 0x80008d20 (0x00b80b03) x22 0xffffffce mem 0x8001e66b
core   0: 0x80008d24 (0x00980e03) lb      t3, 9(a6)
core   0: 3 0x80008d24 (0x00980e03) x28 0x00000000 mem 0x8001e669
core   0: 0x80008d28 (0xff482f83) lw      t6, -12(a6)
core   0: 3 0x80008d28 (0xff482f83) x31 0x001f0e9f mem 0x8001e654
core   0: 0x80008d2c (0xfe582823) sw      t0, -16(a6)
core   0: 3 0x80008d2c (0xfe582823) mem 0x8001e650 0xf57d8a0a
core   0: 0x80008d30 (0x00e805a3) sb      a4, 11(a6)
core   0: 3 0x80008d30 (0x00e805a3) mem 0x8001e66b 0xcf
core   0: 0x80008d34 (0x340068f3) csrrsi  a7, mscratch, 0
core   0: 3 0x80008d34 (0x340068f3) x17 0x00000001
core   0: 0x80008d38 (0xc76fa993) slti    s3, t6, -906
core   0: 3 0x80008d38 (0xc76fa993) x19 0x00000000
core   0: 0x80008d3c (0x00a806a3) sb      a0, 13(a6)
core   0: 3 0x80008d3c (0x00a806a3) mem 0x8001e66d 0x26
core   0: 0x80008d40 (0xffb80a23) sb      s11, -12(a6)
core   0: 3 0x80008d40 (0xffb80a23) mem 0x8001e654 0x9f
core   0: 0x80008d44 (0xfec80fa3) sb      a2, -1(a6)
core   0: 3 0x80008d44 (0xfec80fa3) mem 0x8001e65f 0x1f
core   0: 0x80008d48 (0xfee809a3) sb      a4, -13(a6)
core   0: 3 0x80008d48 (0xfee809a3) mem 0x8001e653 0xcf
core   0: 0x80008d4c (0x01280123) sb      s2, 2(a6)
core   0: 3 0x80008d4c (0x01280123) mem 0x8001e662 0x25
core   0: 0x80008d50 (0x00381423) sh      gp, 8(a6)
core   0: 3 0x80008d50 (0x00381423) mem 0x8001e668 0x000a
core   0: 0x80008d54 (0x00008e29) c.xor   a2, a0
core   0: 3 0x80008d54 (0x8e29) x12 0x00000039
core   0: 0x80008d56 (0xff784c03) lbu     s8, -9(a6)
core   0: 3 0x80008d56 (0xff784c03) x24 0x00000000 mem 0x8001e657
core   0: 0x80008d5a (0xff484903) lbu     s2, -12(a6)
core   0: 3 0x80008d5a (0xff484903) x18 0x0000009f mem 0x8001e654
core   0: 0x80008d5e (0x00007117) auipc   sp, 0x7
core   0: 3 0x80008d5e (0x00007117) x2  0x8000fd5e
core   0: 0x80008d62 (0x47610113) addi    sp, sp, 1142
core   0: 3 0x80008d62 (0x47610113) x2  0x800101d4
core   0: 0x80008d66 (0x7e74ad93) slti    s11, s1, 2023
core   0: 3 0x80008d66 (0x7e74ad93) x27 0x00000001
core   0: 0x80008d6a (0x000045b2) c.lwsp  a1, 12(sp)
core   0: 3 0x80008d6a (0x45b2) x11 0x98999a9b mem 0x800101e0
core   0: 0x80008d6c (0x40855a13) srai    s4, a0, 8
core   0: 3 0x80008d6c (0x40855a13) x20 0x00000000
core   0: 0x80008d70 (0x02f11f23) sh      a5, 62(sp)
core   0: 3 0x80008d70 (0x02f11f23) mem 0x80010212 0x1ff1
core   0: 0x80008d74 (0x41b9d093) srai    ra, s3, 27
core   0: 3 0x80008d74 (0x41b9d093) x1  0x00000000
core   0: 0x80008d78 (0x0218fa33) remu    s4, a7, ra
core   0: 3 0x80008d78 (0x0218fa33) x20 0x00000001
core   0: 0x80008d7c (0x02bc3933) mulhu   s2, s8, a1
core   0: 3 0x80008d7c (0x02bc3933) x18 0x00000000
core   0: 0x80008d80 (0xfd8106a3) sb      s8, -51(sp)
core   0: 3 0x80008d80 (0xfd8106a3) mem 0x800101a1 0x00
core   0: 0x80008d84 (0x0024afb3) slt     t6, s1, sp
core   0: 3 0x80008d84 (0x0024afb3) x31 0x00000000
core   0: 0x80008d88 (0x896bfe13) andi    t3, s7, -1898
core   0: 3 0x80008d88 (0x896bfe13) x28 0x80025814
core   0: 0x80008d8c (0x00004e82) c.lwsp  t4, 0(sp)
core   0: 3 0x80008d8c (0x4e82) x29 0x8c8d8e8f mem 0x800101d4
core   0: 0x80008d8e (0x00008d75) c.and   a0, a3
core   0: 3 0x80008d8e (0x8d75) x10 0x00000002
core   0: 0x80008d90 (0xc8a2be13) sltiu   t3, t0, -886
core   0: 3 0x80008d90 (0xc8a2be13) x28 0x00000001
core   0: 0x80008d94 (0x00e10ca3) sb      a4, 25(sp)
core   0: 3 0x80008d94 (0x00e10ca3) mem 0x800101ed 0xcf
core   0: 0x80008d98 (0x000067fd) c.lui   a5, 0x1f
core   0: 3 0x80008d98 (0x67fd) x15 0x0001f000
core   0: 0x80008d9a (0xffb14503) lbu     a0, -5(sp)
core   0: 3 0x80008d9a (0xffb14503) x10 0x00000084 mem 0x800101cf
core   0: 0x80008d9e (0x3400e873) csrrsi  a6, mscratch, 1
core   0: 3 0x80008d9e (0x3400e873) x16 0x00000001 c832_mscratch 0x00000001
core   0: 0x80008da2 (0x00000001) c.nop
core   0: 3 0x80008da2 (0x0001)
core   0: 0x80008da4 (0x0000d61e) c.swsp  t2, 44(sp)
core   0: 3 0x80008da4 (0xd61e) mem 0x80010200 0x00000000
core   0: 0x80008da6 (0xfd510823) sb      s5, -48(sp)
core   0: 3 0x80008da6 (0xfd510823) mem 0x800101a4 0x00
core   0: 0x80008daa (0x01211903) lh      s2, 18(sp)
core   0: 3 0x80008daa (0x01211903) x18 0xffff9c9d mem 0x800101e6
core   0: 0x80008dae (0x03368933) mul     s2, a3, s3
core   0: 3 0x80008dae (0x03368933) x18 0x00000000
core   0: 0x80008db2 (0x00f7a333) slt     t1, a5, a5
core   0: 3 0x80008db2 (0x00f7a333) x6  0x00000000
core   0: 0x80008db6 (0x1da39837) lui     a6, 0x1da39
core   0: 3 0x80008db6 (0x1da39837) x16 0x1da39000
core   0: 0x80008dba (0x8a58ff97) auipc   t6, 0x8a58f
core   0: 3 0x80008dba (0x8a58ff97) x31 0x0a597dba
core   0: 0x80008dbe (0x015d8533) add     a0, s11, s5
core   0: 3 0x80008dbe (0x015d8533) x10 0x23623001
core   0: 0x80008dc2 (0x00d10fa3) sb      a3, 31(sp)
core   0: 3 0x80008dc2 (0x00d10fa3) mem 0x800101f3 0x1a
core   0: 0x80008dc6 (0x031654b3) divu    s1, a2, a7
core   0: 3 0x80008dc6 (0x031654b3) x9  0x00000039
core   0: 0x80008dca (0x03214183) lbu     gp, 50(sp)
core   0: 3 0x80008dca (0x03214183) x3  0x000000bd mem 0x80010206
core   0: 0x80008dce (0x00000001) c.nop
core   0: 3 0x80008dce (0x0001)
core   0: 0x80008dd0 (0xffa11323) sh      s10, -26(sp)
core   0: 3 0x80008dd0 (0xffa11323) mem 0x800101ba 0x6aee
core   0: 0x80008dd4 (0xfda14a03) lbu     s4, -38(sp)
core   0: 3 0x80008dd4 (0xfda14a03) x20 0x00000065 mem 0x800101ae
core   0: 0x80008dd8 (0x54cb8d13) addi    s10, s7, 1356
core   0: 3 0x80008dd8 (0x54cb8d13) x26 0x80026360
core   0: 0x80008ddc (0x93fbe693) ori     a3, s7, -1729
core   0: 3 0x80008ddc (0x93fbe693) x13 0xffffff3f
core   0: 0x80008de0 (0x01b0b333) sltu    t1, ra, s11
core   0: 3 0x80008de0 (0x01b0b333) x6  0x00000001
core   0: 0x80008de4 (0x0000cc56) c.swsp  s5, 24(sp)
core   0: 3 0x80008de4 (0xcc56) mem 0x800101ec 0x23623000
core   0: 0x80008de6 (0xbfc32c93) slti    s9, t1, -1028
core   0: 3 0x80008de6 (0xbfc32c93) x25 0x00000000
core   0: 0x80008dea (0xfc8101a3) sb      s0, -61(sp)
core   0: 3 0x80008dea (0xfc8101a3) mem 0x80010197 0x27
core   0: 0x80008dee (0x02710583) lb      a1, 39(sp)
core   0: 3 0x80008dee (0x02710583) x11 0xffffffb0 mem 0x800101fb
core   0: 0x80008df2 (0x03611c83) lh      s9, 54(sp)
core   0: 3 0x80008df2 (0x03611c83) x25 0xffffc0c1 mem 0x8001020a
core   0: 0x80008df6 (0xfe014083) lbu     ra, -32(sp)
core   0: 3 0x80008df6 (0xfe014083) x1  0x0000006f mem 0x800101b4
core   0: 0x80008dfa (0x7a634213) xori    tp, t1, 1958
core   0: 3 0x80008dfa (0x7a634213) x4  0x000007a7
core   0: 0x80008dfe (0x3407faf3) csrrci  s5, mscratch, 15
core   0: 3 0x80008dfe (0x3407faf3) x21 0x00000001 c832_mscratch 0x00000000
core   0: 0x80008e02 (0x020ebb33) mulhu   s6, t4, zero
core   0: 3 0x80008e02 (0x020ebb33) x22 0x00000000
core   0: 0x80008e06 (0x00535693) srli    a3, t1, 5
core   0: 3 0x80008e06 (0x00535693) x13 0x00000000
core   0: 0x80008e0a (0x03210503) lb      a0, 50(sp)
core   0: 3 0x80008e0a (0x03210503) x10 0xffffffbd mem 0x80010206
core   0: 0x80008e0e (0xfd914083) lbu     ra, -39(sp)
core   0: 3 0x80008e0e (0xfd914083) x1  0x00000066 mem 0x800101ad
core   0: 0x80008e12 (0x40ab57b3) sra     a5, s6, a0
core   0: 3 0x80008e12 (0x40ab57b3) x15 0x00000000
core   0: 0x80008e16 (0x0182c033) xor     zero, t0, s8
core   0: 3 0x80008e16 (0x0182c033)
core   0: 0x80008e1a (0x3707bd97) auipc   s11, 0x3707b
core   0: 3 0x80008e1a (0x3707bd97) x27 0xb7083e1a
core   0: 0x80008e1e (0x0000997d) c.andi  a0, -1
core   0: 3 0x80008e1e (0x997d) x10 0xffffffbd
core   0: 0x80008e20 (0x0282b833) mulhu   a6, t0, s0
core   0: 3 0x80008e20 (0x0282b833) x16 0x22a94724
core   0: 0x80008e24 (0x411b5893) srai    a7, s6, 17
core   0: 3 0x80008e24 (0x411b5893) x17 0x00000000
core   0: 0x80008e28 (0x01471f93) slli    t6, a4, 20
core   0: 3 0x80008e28 (0x01471f93) x31 0xacf00000
core   0: 0x80008e2c (0x8af71037) lui     zero, 0x8af71
core   0: 3 0x80008e2c (0x8af71037)
core   0: 0x80008e30 (0x00008f09) c.sub   a4, a0
core   0: 3 0x80008e30 (0x8f09) x14 0x9dca7b12
core   0: 0x80008e32 (0x00008df5) c.and   a1, a3
core   0: 3 0x80008e32 (0x8df5) x11 0x00000000
core   0: 0x80008e34 (0x40b9d3b3) sra     t2, s3, a1
core   0: 3 0x80008e34 (0x40b9d3b3) x7  0x00000000
core   0: 0x80008e38 (0x414dd333) sra     t1, s11, s4
core   0: 3 0x80008e38 (0x414dd333) x6  0xfdb841f0
core   0: 0x80008e3c (0x00008289) c.srli  a3, 2
core   0: 3 0x80008e3c (0x8289) x13 0x00000000
core   0: 0x80008e3e (0x340e5cf3) csrrwi  s9, mscratch, 28
core   0: 3 0x80008e3e (0x340e5cf3) x25 0x00000000 c832_mscratch 0x0000001c
core   0: 0x80008e42 (0x033806b3) mul     a3, a6, s3
core   0: 3 0x80008e42 (0x033806b3) x13 0x00000000
core   0: 0x80008e46 (0x0216ceb3) div     t4, a3, ra
core   0: 3 0x80008e46 (0x0216ceb3) x29 0x00000000
core   0: 0x80008e4a (0x03e84db3) div     s11, a6, t5
core   0: 3 0x80008e4a (0x03e84db3) x27 0x00000000
core   0: 0x80008e4e (0x00000001) c.nop
core   0: 3 0x80008e4e (0x0001)
core   0: 0x80008e50 (0x41280633) sub     a2, a6, s2
core   0: 3 0x80008e50 (0x41280633) x12 0x22a94724
core   0: 0x80008e54 (0x03efdd33) divu    s10, t6, t5
core   0: 3 0x80008e54 (0x03efdd33) x26 0x00000001
core   0: 0x80008e58 (0x00001510) c.addi4spn a2, sp, 672
core   0: 3 0x80008e58 (0x1510) x12 0x80010474
core   0: 0x80008e5a (0x00f20b33) add     s6, tp, a5
core   0: 3 0x80008e5a (0x00f20b33) x22 0x000007a7
core   0: 0x80008e5e (0x03c96fb3) rem     t6, s2, t3
core   0: 3 0x80008e5e (0x03c96fb3) x31 0x00000000
core   0: 0x80008e62 (0x015c8933) add     s2, s9, s5
core   0: 3 0x80008e62 (0x015c8933) x18 0x00000001
core   0: 0x80008e66 (0x00041893) slli    a7, s0, 0
core   0: 3 0x80008e66 (0x00041893) x17 0x24252627
core   0: 0x80008e6a (0x0079a133) slt     sp, s3, t2
core   0: 3 0x80008e6a (0x0079a133) x2  0x00000000
core   0: 0x80008e6e (0x34003d73) csrrc   s10, mscratch, zero
core   0: 3 0x80008e6e (0x34003d73) x26 0x0000001c
core   0: 0x80008e72 (0x0ff0000f) fence   iorw,iorw
core   0: 3 0x80008e72 (0x0ff0000f)
core   0: 0x80008e76 (0x340dfd73) csrrci  s10, mscratch, 27
core   0: 3 0x80008e76 (0x340dfd73) x26 0x0000001c c832_mscratch 0x00000004
core   0: 0x80008e7a (0xd6d7e613) ori     a2, a5, -659
core   0: 3 0x80008e7a (0xd6d7e613) x12 0xfffffd6d
core   0: 0x80008e7e (0x02dd5b33) divu    s6, s10, a3
core   0: 3 0x80008e7e (0x02dd5b33) x22 0xffffffff
core   0: 0x80008e82 (0x0059de13) srli    t3, s3, 5
core   0: 3 0x80008e82 (0x0059de13) x28 0x00000000
core   0: 0x80008e86 (0x02f65fb3) divu    t6, a2, a5
core   0: 3 0x80008e86 (0x02f65fb3) x31 0xffffffff
core   0: 0x80008e8a (0x0000100f) fence.i
core   0: 3 0x80008e8a (0x0000100f)
core   0: 0x80008e8e (0x0000989a) c.add   a7, t1
core   0: 3 0x80008e8e (0x989a) x17 0x21dd6817
core   0: 0x80008e90 (0x67eee513) ori     a0, t4, 1662
core   0: 3 0x80008e90 (0x67eee513) x10 0x0000067e
core   0: 0x80008e94 (0x002efb63) bgeu    t4, sp, pc + 22
core   0: 3 0x80008e94 (0x002efb63)
core   0: 0x80008eaa (0x00008d3d) c.xor   a0, a5
core   0: 3 0x80008eaa (0x8d3d) x10 0x0000067e
core   0: 0x80008eac (0x3401d773) csrrwi  a4, mscratch, 3
core   0: 3 0x80008eac (0x3401d773) x14 0x00000004 c832_mscratch 0x00000003
core   0: 0x80008eb0 (0x01098e63) beq     s3, a6, pc + 28
core   0: 3 0x80008eb0 (0x01098e63)
core   0: 0x80008eb4 (0x0007ca63) bltz    a5, pc + 20
core   0: 3 0x80008eb4 (0x0007ca63)
core   0: 0x80008eb8 (0x00000001) c.nop
core   0: 3 0x80008eb8 (0x0001)
core   0: 0x80008eba (0x0000809a) c.mv    ra, t1
core   0: 3 0x80008eba (0x809a) x1  0xfdb841f0
core   0: 0x80008ebc (0x0067c133) xor     sp, a5, t1
core   0: 3 0x80008ebc (0x0067c133) x2  0xfdb841f0
core   0: 0x80008ec0 (0x0000830a) c.mv    t1, sp
core   0: 3 0x80008ec0 (0x830a) x6  0xfdb841f0
core   0: 0x80008ec2 (0x00000ad2) c.slli  s5, 20
core   0: 3 0x80008ec2 (0x0ad2) x21 0x00100000
core   0: 0x80008ec4 (0x0022a233) slt     tp, t0, sp
core   0: 3 0x80008ec4 (0x0022a233) x4  0x00000001
core   0: 0x80008ec8 (0x340a55f3) csrrwi  a1, mscratch, 20
core   0: 3 0x80008ec8 (0x340a55f3) x11 0x00000003 c832_mscratch 0x00000014
core   0: 0x80008ecc (0x03a6ab33) mulhsu  s6, a3, s10
core   0: 3 0x80008ecc (0x03a6ab33) x22 0x00000000
core   0: 0x80008ed0 (0x017a5c63) bge     s4, s7, pc + 24
core   0: 3 0x80008ed0 (0x017a5c63)
core   0: 0x80008ee8 (0x0ff0000f) fence   iorw,iorw
core   0: 3 0x80008ee8 (0x0ff0000f)
core   0: 0x80008eec (0xa3f7be97) auipc   t4, 0xa3f7b
core   0: 3 0x80008eec (0xa3f7be97) x29 0x23f83eec
core   0: 0x80008ef0 (0x009d57b3) srl     a5, s10, s1
core   0: 3 0x80008ef0 (0x009d57b3) x15 0x00000000
core   0: 0x80008ef4 (0x0000717d) c.addi16sp sp, -16
core   0: 3 0x80008ef4 (0x717d) x2  0xfdb841e0
core   0: 0x80008ef6 (0x0000100f) fence.i
core   0: 3 0x80008ef6 (0x0000100f)
core   0: 0x80008efa (0x0313e7b3) rem     a5, t2, a7
core   0: 3 0x80008efa (0x0313e7b3) x15 0x00000000
core   0: 0x80008efe (0x0000985e) c.add   a6, s7
core   0: 3 0x80008efe (0x985e) x16 0xa2aba538
core   0: 0x80008f00 (0x89617713) andi    a4, sp, -1898
core   0: 3 0x80008f00 (0x89617713) x14 0xfdb84080
core   0: 0x80008f04 (0x0ff0000f) fence   iorw,iorw
core   0: 3 0x80008f04 (0x0ff0000f)
core   0: 0x80008f08 (0x0000c585) c.beqz  a1, pc + 40
core   0: 3 0x80008f08 (0xc585)
core   0: 0x80008f0a (0x0000e339) c.bnez  a4, pc + 70
core   0: 3 0x80008f0a (0xe339)
core   0: 0x80008f50 (0x02163633) mulhu   a2, a2, ra
core   0: 3 0x80008f50 (0x02163633) x12 0xfdb83f62
core   0: 0x80008f54 (0x00000001) c.nop
core   0: 3 0x80008f54 (0x0001)
core   0: 0x80008f56 (0x0000e60d) c.bnez  a2, pc + 42
core   0: 3 0x80008f56 (0xe60d)
core   0: 0x80008f80 (0x069f4517) auipc   a0, 0x69f4
core   0: 3 0x80008f80 (0x069f4517) x10 0x869fcf80
core   0: 0x80008f84 (0x00000232) c.slli  tp, 12
core   0: 3 0x80008f84 (0x0232) x4  0x00001000
core   0: 0x80008f86 (0x36ba9e17) auipc   t3, 0x36ba9
core   0: 3 0x80008f86 (0x36ba9e17) x28 0xb6bb1f86
core   0: 0x80008f8a (0x00008b69) c.andi  a4, 26
core   0: 3 0x80008f8a (0x8b69) x14 0x00000000
core   0: 0x80008f8c (0x8fc667b7) lui     a5, 0x8fc66
core   0: 3 0x80008f8c (0x8fc667b7) x15 0x8fc66000
core   0: 0x80008f90 (0x00000e8c) c.addi4spn a1, sp, 848
core   0: 3 0x80008f90 (0x0e8c) x11 0xfdb84530
core   0: 0x80008f92 (0x340c7173) csrrci  sp, mscratch, 24
core   0: 3 0x80008f92 (0x340c7173) x2  0x00000014 c832_mscratch 0x00000004
core   0: 0x80008f96 (0x41420c33) sub     s8, tp, s4
core   0: 3 0x80008f96 (0x41420c33) x24 0x00000f9b
core   0: 0x80008f9a (0x0000100f) fence.i
core   0: 3 0x80008f9a (0x0000100f)
core   0: 0x80008f9e (0xc9ee7993) andi    s3, t3, -866
core   0: 3 0x80008f9e (0xc9ee7993) x19 0xb6bb1c86
core   0: 0x80008fa2 (0x03b7c533) div     a0, a5, s11
core   0: 3 0x80008fa2 (0x03b7c533) x10 0xffffffff
core   0: 0x80008fa6 (0x00dae763) bltu    s5, a3, pc + 14
core   0: 3 0x80008fa6 (0x00dae763)
core   0: 0x80008faa (0x0128df63) bge     a7, s2, pc + 30
core   0: 3 0x80008faa (0x0128df63)
core   0: 0x80008fc8 (0x00009afd) c.andi  a3, -1
core   0: 3 0x80008fc8 (0x9afd) x13 0x00000000
core   0: 0x80008fca (0x0000e019) c.bnez  s0, pc + 6
core   0: 3 0x80008fca (0xe019)
core   0: 0x80008fd0 (0x024f8ab3) mul     s5, t6, tp
core   0: 3 0x80008fd0 (0x024f8ab3) x21 0xfffff000
core   0: 0x80008fd4 (0x56a38193) addi    gp, t2, 1386
core   0: 3 0x80008fd4 (0x56a38193) x3  0x0000056a
core   0: 0x80008fd8 (0x34007e73) csrrci  t3, mscratch, 0
core   0: 3 0x80008fd8 (0x34007e73) x28 0x00000004
core   0: 0x80008fdc (0x022b1133) mulh    sp, s6, sp
core   0: 3 0x80008fdc (0x022b1133) x2  0x00000000
core   0: 0x80008fe0 (0x34006773) csrrsi  a4, mscratch, 0
core   0: 3 0x80008fe0 (0x34006773) x14 0x00000004
core   0: 0x80008fe4 (0x03d3d4b3) divu    s1, t2, t4
core   0: 3 0x80008fe4 (0x03d3d4b3) x9  0x00000000
core   0: 0x80008fe8 (0x00008c15) c.sub   s0, a3
core   0: 3 0x80008fe8 (0x8c15) x8  0x24252627
core   0: 0x80008fea (0x3cbfbc13) sltiu   s8, t6, 971
core   0: 3 0x80008fea (0x3cbfbc13) x24 0x00000000
core   0: 0x80008fee (0x0000169c) c.addi4spn a5, sp, 864
core   0: 3 0x80008fee (0x169c) x15 0x00000360
core   0: 0x80008ff0 (0x00008b41) c.andi  a4, 16
core   0: 3 0x80008ff0 (0x8b41) x14 0x00000000
core   0: 0x80008ff2 (0x94ecccb7) lui     s9, 0x94ecc
core   0: 3 0x80008ff2 (0x94ecccb7) x25 0x94ecc000
core   0: 0x80008ff6 (0x00008ebd) c.xor   a3, a5
core   0: 3 0x80008ff6 (0x8ebd) x13 0x00000360
core   0: 0x80008ff8 (0x02a11733) mulh    a4, sp, a0
core   0: 3 0x80008ff8 (0x02a11733) x14 0x00000000
core   0: 0x80008ffc (0x000008b1) c.addi  a7, 12
core   0: 3 0x80008ffc (0x08b1) x17 0x21dd6823
core   0: 0x80008ffe (0x00006aa5) c.lui   s5, 0x9
core   0: 3 0x80008ffe (0x6aa5) x21 0x00009000
core   0: 0x80009000 (0x00000001) c.nop
core   0: 3 0x80009000 (0x0001)
core   0: 0x80009002 (0x01912ab3) slt     s5, sp, s9
core   0: 3 0x80009002 (0x01912ab3) x21 0x00000000
core   0: 0x80009006 (0x46772e97) auipc   t4, 0x46772
core   0: 3 0x80009006 (0x46772e97) x29 0xc677b006
core   0: 0x8000900a (0x40c65033) sra     zero, a2, a2
core   0: 3 0x8000900a (0x40c65033)
core   0: 0x8000900e (0x3403d6f3) csrrwi  a3, mscratch, 7
core   0: 3 0x8000900e (0x3403d6f3) x13 0x00000004 c832_mscratch 0x00000007
core   0: 0x80009012 (0x00000b35) c.addi  s6, 13
core   0: 3 0x80009012 (0x0b35) x22 0x0000000d
core   0: 0x80009014 (0x0145b5b3) sltu    a1, a1, s4
core   0: 3 0x80009014 (0x0145b5b3) x11 0x00000000
core   0: 0x80009018 (0x023ab1b3) mulhu   gp, s5, gp
core   0: 3 0x80009018 (0x023ab1b3) x3  0x00000000
core   0: 0x8000901c (0x0205e033) rem     zero, a1, zero
core   0: 3 0x8000901c (0x0205e033)
core   0: 0x80009020 (0x2fedb993) sltiu   s3, s11, 766
core   0: 3 0x80009020 (0x2fedb993) x19 0x00000001
core   0: 0x80009024 (0x036e0663) beq     t3, s6, pc + 44
core   0: 3 0x80009024 (0x036e0663)
core   0: 0x80009028 (0x00e8a633) slt     a2, a7, a4
core   0: 3 0x80009028 (0x00e8a633) x12 0x00000000
core   0: 0x8000902c (0x2028ea97) auipc   s5, 0x2028e
core   0: 3 0x8000902c (0x2028ea97) x21 0xa029702c
core   0: 0x80009030 (0x00000001) c.nop
core   0: 3 0x80009030 (0x0001)
core   0: 0x80009032 (0x0000e31d) c.bnez  a4, pc + 38
core   0: 3 0x80009032 (0xe31d)
core   0: 0x80009034 (0x40ce8d33) sub     s10, t4, a2
core   0: 3 0x80009034 (0x40ce8d33) x26 0xc677b006
core   0: 0x80009038 (0x015d06b3) add     a3, s10, s5
core   0: 3 0x80009038 (0x015d06b3) x13 0x66a12032
core   0: 0x8000903c (0x02be3e33) mulhu   t3, t3, a1
core   0: 3 0x8000903c (0x02be3e33) x28 0x00000000
core   0: 0x80009040 (0x34007ef3) csrrci  t4, mscratch, 0
core   0: 3 0x80009040 (0x34007ef3) x29 0x00000007
core   0: 0x80009044 (0x0ec1a413) slti    s0, gp, 236
core   0: 3 0x80009044 (0x0ec1a413) x8  0x00000001
core   0: 0x80009048 (0xc41cc893) xori    a7, s9, -959
core   0: 3 0x80009048 (0xc41cc893) x17 0x6b133c41
core   0: 0x8000904c (0x01c27433) and     s0, tp, t3
core   0: 3 0x8000904c (0x01c27433) x8  0x00000000
core   0: 0x80009050 (0x03680633) mul     a2, a6, s6
core   0: 3 0x80009050 (0x03680633) x12 0x42b763d8
core   0: 0x80009054 (0x000d80b3) add     ra, s11, zero
core   0: 3 0x80009054 (0x000d80b3) x1  0x00000000
core   0: 0x80009058 (0x0000e985) c.bnez  a1, pc + 48
core   0: 3 0x80009058 (0xe985)
core   0: 0x8000905a (0x018384b3) add     s1, t2, s8
core   0: 3 0x8000905a (0x018384b3) x9  0x00000000
core   0: 0x8000905e (0x034d89b3) mul     s3, s11, s4
core   0: 3 0x8000905e (0x034d89b3) x19 0x00000000
core   0: 0x80009062 (0x03e24733) div     a4, tp, t5
core   0: 3 0x80009062 (0x03e24733) x14 0x00000000
core   0: 0x80009066 (0x007f1a63) bne     t5, t2, pc + 20
core   0: 3 0x80009066 (0x007f1a63)
core   0: 0x8000907a (0x02cb0763) beq     s6, a2, pc + 46
core   0: 3 0x8000907a (0x02cb0763)
core   0: 0x8000907e (0x037fa233) mulhsu  tp, t6, s7
core   0: 3 0x8000907e (0x037fa233) x4  0xffffffff
core   0: 0x80009082 (0x00000e86) c.slli  t4, 1
core   0: 3 0x80009082 (0x0e86) x29 0x0000000e
core   0: 0x80009084 (0x0ff0000f) fence   iorw,iorw
core   0: 3 0x80009084 (0x0ff0000f)
core   0: 0x80009088 (0xa5c24213) xori    tp, tp, -1444
core   0: 3 0x80009088 (0xa5c24213) x4  0x000005a3
core   0: 0x8000908c (0xfd3d7913) andi    s2, s10, -45
core   0: 3 0x8000908c (0xfd3d7913) x18 0xc677b002
core   0: 0x80009090 (0x340034f3) csrrc   s1, mscratch, zero
core   0: 3 0x80009090 (0x340034f3) x9  0x00000007
core   0: 0x80009094 (0x00008e11) c.sub   a2, a2
core   0: 3 0x80009094 (0x8e11) x12 0x00000000
core   0: 0x80009096 (0x00000001) c.nop
core   0: 3 0x80009096 (0x0001)
core   0: 0x80009098 (0x2bfb4613) xori    a2, s6, 703
core   0: 3 0x80009098 (0x2bfb4613) x12 0x000002b2
core   0: 0x8000909c (0x00008cb1) c.xor   s1, a2
core   0: 3 0x8000909c (0x8cb1) x9  0x000002b5
core   0: 0x8000909e (0x0000e989) c.bnez  a1, pc + 18
core   0: 3 0x8000909e (0xe989)
core   0: 0x800090a0 (0x4055df93) srai    t6, a1, 5
core   0: 3 0x800090a0 (0x4055df93) x31 0x00000000
core   0: 0x800090a4 (0x0335e933) rem     s2, a1, s3
core   0: 3 0x800090a4 (0x0335e933) x18 0x00000000
core   0: 0x800090a8 (0x41dbd733) sra     a4, s7, t4
core   0: 3 0x800090a8 (0x41dbd733) x14 0xfffe0009
core   0: 0x800090ac (0x0ff0000f) fence   iorw,iorw
core   0: 3 0x800090ac (0x0ff0000f)
core   0: 0x800090b0 (0x00008d09) c.sub   a0, a0
core   0: 3 0x800090b0 (0x8d09) x10 0x00000000
core   0: 0x800090b2 (0x0093cc33) xor     s8, t2, s1
core   0: 3 0x800090b2 (0x0093cc33) x24 0x000002b5
core   0: 0x800090b6 (0x0000100f) fence.i
core   0: 3 0x800090b6 (0x0000100f)
core   0: 0x800090ba (0x3078c993) xori    s3, a7, 775
core   0: 3 0x800090ba (0x3078c993) x19 0x6b133f46
core   0: 0x800090be (0x4080d093) srai    ra, ra, 8
core   0: 3 0x800090be (0x4080d093) x1  0x00000000
core   0: 0x800090c2 (0x3401f3f3) csrrci  t2, mscratch, 3
core   0: 3 0x800090c2 (0x3401f3f3) x7  0x00000007 c832_mscratch 0x00000004
core   0: 0x800090c6 (0x98d83213) sltiu   tp, a6, -1651
core   0: 3 0x800090c6 (0x98d83213) x4  0x00000001
core   0: 0x800090ca (0x03f11263) bne     sp, t6, pc + 36
core   0: 3 0x800090ca (0x03f11263)
core   0: 0x800090ce (0x340035f3) csrrc   a1, mscratch, zero
core   0: 3 0x800090ce (0x340035f3) x11 0x00000004
core   0: 0x800090d2 (0x34019ef3) csrrw   t4, mscratch, gp
core   0: 3 0x800090d2 (0x34019ef3) x29 0x00000004 c832_mscratch 0x00000000
core   0: 0x800090d6 (0x00001d90) c.addi4spn a2, sp, 752
core   0: 3 0x800090d6 (0x1d90) x12 0x000002f0
core   0: 0x800090d8 (0x0285b333) mulhu   t1, a1, s0
core   0: 3 0x800090d8 (0x0285b333) x6  0x00000000
core   0: 0x800090dc (0x34006273) csrrsi  tp, mscratch, 0
core   0: 3 0x800090dc (0x34006273) x4  0x00000000
core   0: 0x800090e0 (0x00005b7d) c.li    s6, -1
core   0: 3 0x800090e0 (0x5b7d) x22 0xffffffff
core   0: 0x800090e2 (0x40e209b3) sub     s3, tp, a4
core   0: 3 0x800090e2 (0x40e209b3) x19 0x0001fff7
core   0: 0x800090e6 (0x34015973) csrrwi  s2, mscratch, 2
core   0: 3 0x800090e6 (0x34015973) x18 0x00000000 c832_mscratch 0x00000002
core   0: 0x800090ea (0x00008ea1) c.xor   a3, s0
core   0: 3 0x800090ea (0x8ea1) x13 0x66a12032
core   0: 0x800090ec (0x0000633d) c.lui   t1, 0xf
core   0: 3 0x800090ec (0x633d) x6  0x0000f000
core   0: 0x800090ee (0x0003c433) xor     s0, t2, zero
core   0: 3 0x800090ee (0x0003c433) x8  0x00000007
core   0: 0x800090f2 (0x0ff0000f) fence   iorw,iorw
core   0: 3 0x800090f2 (0x0ff0000f)
core   0: 0x800090f6 (0x0ff0000f) fence   iorw,iorw
core   0: 3 0x800090f6 (0x0ff0000f)
core   0: 0x800090fa (0x47a23613) sltiu   a2, tp, 1146
core   0: 3 0x800090fa (0x47a23613) x12 0x00000001
core   0: 0x800090fe (0x00177833) and     a6, a4, ra
core   0: 3 0x800090fe (0x00177833) x16 0x00000000
core   0: 0x80009102 (0x00008689) c.srai  a3, 2
core   0: 3 0x80009102 (0x8689) x13 0x19a8480c
core   0: 0x80009104 (0x0078c333) xor     t1, a7, t2
core   0: 3 0x80009104 (0x0078c333) x6  0x6b133c46
core   0: 0x80009108 (0x00000001) c.nop
core   0: 3 0x80009108 (0x0001)
core   0: 0x8000910a (0xd5442013) slti    zero, s0, -684
core   0: 3 0x8000910a (0xd5442013)
core   0: 0x8000910e (0x00000ad1) c.addi  s5, 20
core   0: 3 0x8000910e (0x0ad1) x21 0xa0297040
core   0: 0x80009110 (0x4138d133) sra     sp, a7, s3
core   0: 3 0x80009110 (0x4138d133) x2  0x000000d6
core   0: 0x80009114 (0x00000710) c.addi4spn a2, sp, 896
core   0: 3 0x80009114 (0x0710) x12 0x00000456
core   0: 0x80009116 (0x0362e763) bltu    t0, s6, pc + 46
core   0: 3 0x80009116 (0x0362e763)
core   0: 0x80009144 (0x01f69313) slli    t1, a3, 31
core   0: 3 0x80009144 (0x01f69313) x6  0x00000000
core   0: 0x80009148 (0x0363cb63) blt     t2, s6, pc + 54
core   0: 3 0x80009148 (0x0363cb63)
core   0: 0x8000914c (0x9b270693) addi    a3, a4, -1614
core   0: 3 0x8000914c (0x9b270693) x13 0xfffdf9bb
core   0: 0x80009150 (0x00000b69) c.addi  s6, 26
core   0: 3 0x80009150 (0x0b69) x22 0x00000019
core   0: 0x80009152 (0x0000c805) c.beqz  s0, pc + 48
core   0: 3 0x80009152 (0xc805)
core   0: 0x80009154 (0x019ce1b3) or      gp, s9, s9
core   0: 3 0x80009154 (0x019ce1b3) x3  0x94ecc000
core   0: 0x80009158 (0x03b60c33) mul     s8, a2, s11
core   0: 3 0x80009158 (0x03b60c33) x24 0x00000000
core   0: 0x8000915c (0x53de2013) slti    zero, t3, 1341
core   0: 3 0x8000915c (0x53de2013)
core   0: 0x80009160 (0x02fb1033) mulh    zero, s6, a5
core   0: 3 0x80009160 (0x02fb1033)
core   0: 0x80009164 (0x3409d0f3) csrrwi  ra, mscratch, 19
core   0: 3 0x80009164 (0x3409d0f3) x1  0x00000002 c832_mscratch 0x00000013
core   0: 0x80009168 (0x40da83b3) sub     t2, s5, a3
core   0: 3 0x80009168 (0x40da83b3) x7  0xa02b7685
core   0: 0x8000916c (0x0000e805) c.bnez  s0, pc + 48
core   0: 3 0x8000916c (0xe805)
core   0: 0x8000919c (0x3406f5f3) csrrci  a1, mscratch, 13
core   0: 3 0x8000919c (0x3406f5f3) x11 0x00000013 c832_mscratch 0x00000012
core   0: 0x800091a0 (0xe9a4c613) xori    a2, s1, -358
core   0: 3 0x800091a0 (0xe9a4c613) x12 0xfffffc2f
core   0: 0x800091a4 (0x029a8e63) beq     s5, s1, pc + 60
core   0: 3 0x800091a4 (0x029a8e63)
core   0: 0x800091a8 (0x00001288) c.addi4spn a0, sp, 352
core   0: 3 0x800091a8 (0x1288) x10 0x00000236
core   0: 0x800091aa (0x02900063) beq     zero, s1, pc + 32
core   0: 3 0x800091aa (0x02900063)
core   0: 0x800091ae (0x0161ecb3) or      s9, gp, s6
core   0: 3 0x800091ae (0x0161ecb3) x25 0x94ecc019
core   0: 0x800091b2 (0x005455b3) srl     a1, s0, t0
core   0: 3 0x800091b2 (0x005455b3) x11 0x00000000
core   0: 0x800091b6 (0x0000717d) c.addi16sp sp, -16
core   0: 3 0x800091b6 (0x717d) x2  0x000000c6
core   0: 0x800091b8 (0x001d9763) bne     s11, ra, pc + 14
core   0: 3 0x800091b8 (0x001d9763)
core   0: 0x800091c6 (0x3407b873) csrrc   a6, mscratch, a5
core   0: 3 0x800091c6 (0x3407b873) x16 0x00000012 c832_mscratch 0x00000012
core   0: 0x800091ca (0x00000eb6) c.slli  t4, 13
core   0: 3 0x800091ca (0x0eb6) x29 0x00008000
core   0: 0x800091cc (0x00008c59) c.or    s0, a4
core   0: 3 0x800091cc (0x8c59) x8  0xfffe000f
core   0: 0x800091ce (0x03855533) divu    a0, a0, s8
core   0: 3 0x800091ce (0x03855533) x10 0xffffffff
core   0: 0x800091d2 (0x4000d993) srai    s3, ra, 0
core   0: 3 0x800091d2 (0x4000d993) x19 0x00000002
core   0: 0x800091d6 (0x0000100f) fence.i
core   0: 3 0x800091d6 (0x0000100f)
core   0: 0x800091da (0x0000717d) c.addi16sp sp, -16
core   0: 3 0x800091da (0x717d) x2  0x000000b6
core   0: 0x800091dc (0x000003f2) c.slli  t2, 28
core   0: 3 0x800091dc (0x03f2) x7  0x50000000
core   0: 0x800091de (0x00000001) c.nop
core   0: 3 0x800091de (0x0001)
core   0: 0x800091e0 (0x00113b33) sltu    s6, sp, ra
core   0: 3 0x800091e0 (0x00113b33) x22 0x00000000
core   0: 0x800091e4 (0x031d4463) blt     s10, a7, pc + 40
core   0: 3 0x800091e4 (0x031d4463)
core   0: 0x8000920c (0x00000e66) c.slli  t3, 25
core   0: 3 0x8000920c (0x0e66) x28 0x00000000
core   0: 0x8000920e (0x693f3a13) sltiu   s4, t5, 1683
core   0: 3 0x8000920e (0x693f3a13) x20 0x00000000
core   0: 0x80009212 (0x416e5093) srai    ra, t3, 22
core   0: 3 0x80009212 (0x416e5093) x1  0x00000000
core   0: 0x80009216 (0x0000100f) fence.i
core   0: 3 0x80009216 (0x0000100f)
core   0: 0x8000921a (0x00000001) c.nop
core   0: 3 0x8000921a (0x0001)
core   0: 0x8000921c (0x039dfdb3) remu    s11, s11, s9
core   0: 3 0x8000921c (0x039dfdb3) x27 0x00000000
core   0: 0x80009220 (0x34006173) csrrsi  sp, mscratch, 0
core   0: 3 0x80009220 (0x34006173) x2  0x00000012
core   0: 0x80009224 (0x6e210893) addi    a7, sp, 1762
core   0: 3 0x80009224 (0x6e210893) x17 0x000006f4
core   0: 0x80009228 (0xa967ab13) slti    s6, a5, -1386
core   0: 3 0x80009228 (0xa967ab13) x22 0x00000000
core   0: 0x8000922c (0x02a25033) divu    zero, tp, a0
core   0: 3 0x8000922c (0x02a25033)
core   0: 0x80009230 (0x00006831) c.lui   a6, 0xc
core   0: 3 0x80009230 (0x6831) x16 0x0000c000
core   0: 0x80009232 (0x00008611) c.srai  a2, 4
core   0: 3 0x80009232 (0x8611) x12 0xffffffc2
core   0: 0x80009234 (0x00a393b3) sll     t2, t2, a0
core   0: 3 0x80009234 (0x00a393b3) x7  0x00000000
core   0: 0x80009238 (0x011f7433) and     s0, t5, a7
core   0: 3 0x80009238 (0x011f7433) x8  0x00000424
core   0: 0x8000923c (0x00009dae) c.add   s11, a1
core   0: 3 0x8000923c (0x9dae) x27 0x00000000
core   0: 0x8000923e (0x5261e013) ori     zero, gp, 1318
core   0: 3 0x8000923e (0x5261e013)
core   0: 0x80009242 (0x62d77313) andi    t1, a4, 1581
core   0: 3 0x80009242 (0x62d77313) x6  0x00000009
core   0: 0x80009246 (0x03af7933) remu    s2, t5, s10
core   0: 3 0x80009246 (0x03af7933) x18 0x80029d24
core   0: 0x8000924a (0x40ac5933) sra     s2, s8, a0
core   0: 3 0x8000924a (0x40ac5933) x18 0x00000000
core   0: 0x8000924e (0x00ccde93) srli    t4, s9, 12
core   0: 3 0x8000924e (0x00ccde93) x29 0x00094ecc
core   0: 0x80009252 (0x016d5833) srl     a6, s10, s6
core   0: 3 0x80009252 (0x016d5833) x16 0xc677b006
core   0: 0x80009256 (0x01e789b3) add     s3, a5, t5
core   0: 3 0x80009256 (0x01e789b3) x19 0x8002a084
core   0: 0x8000925a (0x34097c73) csrrci  s8, mscratch, 18
core   0: 3 0x8000925a (0x34097c73) x24 0x00000012 c832_mscratch 0x00000000
core   0: 0x8000925e (0x00008f35) c.xor   a4, a3
core   0: 3 0x8000925e (0x8f35) x14 0x0003f9b2
core   0: 0x80009260 (0x026de7b3) rem     a5, s11, t1
core   0: 3 0x80009260 (0x026de7b3) x15 0x00000000
core   0: 0x80009264 (0x00006e09) c.lui   t3, 0x2
core   0: 3 0x80009264 (0x6e09) x28 0x00002000
core   0: 0x80009266 (0xf7ef4593) xori    a1, t5, -130
core   0: 3 0x80009266 (0xf7ef4593) x11 0x7ffd625a
core   0: 0x8000926a (0x34002ff3) csrr    t6, mscratch
core   0: 3 0x8000926a (0x34002ff3) x31 0x00000000
core   0: 0x8000926e (0x000014fd) c.addi  s1, -1
core   0: 3 0x8000926e (0x14fd) x9  0x000002b4
core   0: 0x80009270 (0x00cf5433) srl     s0, t5, a2
core   0: 3 0x80009270 (0x00cf5433) x8  0x2000a749
core   0: 0x80009274 (0x05fed363) bge     t4, t6, pc + 70
core   0: 3 0x80009274 (0x05fed363)
core   0: 0x800092ba (0x340aa9f3) csrrs   s3, mscratch, s5
core   0: 3 0x800092ba (0x340aa9f3) x19 0x00000000 c832_mscratch 0xa0297040
core   0: 0x800092be (0x73056713) ori     a4, a0, 1840
core   0: 3 0x800092be (0x73056713) x14 0xffffffff
core   0: 0x800092c2 (0x00008dd5) c.or    a1, a3
core   0: 3 0x800092c2 (0x8dd5) x11 0xfffdfbfb
core   0: 0x800092c4 (0x035a7863) bgeu    s4, s5, pc + 48
core   0: 3 0x800092c4 (0x035a7863)
core   0: 0x800092c8 (0x00000346) c.slli  t1, 17
core   0: 3 0x800092c8 (0x0346) x6  0x00120000
core   0: 0x800092ca (0x02cca533) mulhsu  a0, s9, a2
core   0: 3 0x800092ca (0x02cca533) x10 0x94ecc032
core   0: 0x800092ce (0x006ee9b3) or      s3, t4, t1
core   0: 3 0x800092ce (0x006ee9b3) x19 0x001b4ecc
core   0: 0x800092d2 (0x026eecb3) rem     s9, t4, t1
core   0: 3 0x800092d2 (0x026eecb3) x25 0x00094ecc
core   0: 0x800092d6 (0x00008861) c.andi  s0, 24
core   0: 3 0x800092d6 (0x8861) x8  0x00000008
core   0: 0x800092d8 (0x0046c533) xor     a0, a3, tp
core   0: 3 0x800092d8 (0x0046c533) x10 0xfffdf9bb
core   0: 0x800092dc (0x0176db13) srli    s6, a3, 23
core   0: 3 0x800092dc (0x0176db13) x22 0x000001ff
core   0: 0x800092e0 (0x0000831d) c.srli  a4, 7
core   0: 3 0x800092e0 (0x831d) x14 0x01ffffff
core   0: 0x800092e2 (0x00aa6363) bltu    s4, a0, pc + 6
core   0: 3 0x800092e2 (0x00aa6363)
core   0: 0x800092e8 (0x00004e91) c.li    t4, 4
core   0: 3 0x800092e8 (0x4e91) x29 0x00000004
core   0: 0x800092ea (0x01935c13) srli    s8, t1, 25
core   0: 3 0x800092ea (0x01935c13) x24 0x00000000
core   0: 0x800092ee (0x0000e981) c.bnez  a1, pc + 16
core   0: 3 0x800092ee (0xe981)
core   0: 0x800092fe (0x00000001) c.nop
core   0: 3 0x800092fe (0x0001)
core   0: 0x80009300 (0x340b7373) csrrci  t1, mscratch, 22
core   0: 3 0x80009300 (0x340b7373) x6  0xa0297040 c832_mscratch 0xa0297040
core   0: 0x80009304 (0x0ff0000f) fence   iorw,iorw
core   0: 3 0x80009304 (0x0ff0000f)
core   0: 0x80009308 (0x00000001) c.nop
core   0: 3 0x80009308 (0x0001)
core   0: 0x8000930a (0x03b7fdb3) remu    s11, a5, s11
core   0: 3 0x8000930a (0x03b7fdb3) x27 0x00000000
core   0: 0x8000930e (0x00008e7d) c.and   a2, a5
core   0: 3 0x8000930e (0x8e7d) x12 0x00000000
core   0: 0x80009310 (0x0000c50d) c.beqz  a0, pc + 42
core   0: 3 0x80009310 (0xc50d)
core   0: 0x80009312 (0x34031ff3) csrrw   t6, mscratch, t1
core   0: 3 0x80009312 (0x34031ff3) x31 0xa0297040 c832_mscratch 0xa0297040
core   0: 0x80009316 (0x0000ec01) c.bnez  s0, pc + 24
core   0: 3 0x80009316 (0xec01)
core   0: 0x8000932e (0x0ff0000f) fence   iorw,iorw
core   0: 3 0x8000932e (0x0ff0000f)
core   0: 0x80009332 (0x0000100f) fence.i
core   0: 3 0x80009332 (0x0000100f)
core   0: 0x80009336 (0x000099fd) c.andi  a1, -1
core   0: 3 0x80009336 (0x99fd) x11 0xfffdfbfb
core   0: 0x80009338 (0x0000137d) c.addi  t1, -1
core   0: 3 0x80009338 (0x137d) x6  0xa029703f
core   0: 0x8000933a (0x00008e5d) c.or    a2, a5
core   0: 3 0x8000933a (0x8e5d) x12 0x00000000
core   0: 0x8000933c (0x00f29893) slli    a7, t0, 15
core   0: 3 0x8000933c (0x00f29893) x17 0xc5050000
core   0: 0x80009340 (0x02fc8733) mul     a4, s9, a5
core   0: 3 0x80009340 (0x02fc8733) x14 0x00000000
core   0: 0x80009344 (0x00009afd) c.andi  a3, -1
core   0: 3 0x80009344 (0x9afd) x13 0xfffdf9bb
core   0: 0x80009346 (0x9ab38f93) addi    t6, t2, -1621
core   0: 3 0x80009346 (0x9ab38f93) x31 0xfffff9ab
core   0: 0x8000934a (0x0000100f) fence.i
core   0: 3 0x8000934a (0x0000100f)
core   0: 0x8000934e (0x340be173) csrrsi  sp, mscratch, 23
core   0: 3 0x8000934e (0x340be173) x2  0xa0297040 c832_mscratch 0xa0297057
core   0: 0x80009352 (0x00008ac2) c.mv    s5, a6
core   0: 3 0x80009352 (0x8ac2) x21 0xc677b006
core   0: 0x80009354 (0x001ce433) or      s0, s9, ra
core   0: 3 0x80009354 (0x001ce433) x8  0x00094ecc
core   0: 0x80009358 (0x34029ef3) csrrw   t4, mscratch, t0
core   0: 3 0x80009358 (0x34029ef3) x29 0xa0297057 c832_mscratch 0xf57d8a0a
core   0: 0x8000935c (0xa3330713) addi    a4, t1, -1485
core   0: 3 0x8000935c (0xa3330713) x14 0xa0296a72
core   0: 0x80009360 (0x0000100f) fence.i
core   0: 3 0x80009360 (0x0000100f)
core   0: 0x80009364 (0xf59dfe93) andi    t4, s11, -167
core   0: 3 0x80009364 (0xf59dfe93) x29 0x00000000
core   0: 0x80009368 (0x00008255) c.srli  a2, 21
core   0: 3 0x80009368 (0x8255) x12 0x00000000
core   0: 0x8000936a (0x03bb0463) beq     s6, s11, pc + 40
core   0: 3 0x8000936a (0x03bb0463)
core   0: 0x8000936e (0x3402def3) csrrwi  t4, mscratch, 5
core   0: 3 0x8000936e (0x3402def3) x29 0xf57d8a0a c832_mscratch 0x00000005
core   0: 0x80009372 (0xeb525e97) auipc   t4, 0xeb525
core   0: 3 0x80009372 (0xeb525e97) x29 0x6b52e372
core   0: 0x80009376 (0x58d63817) auipc   a6, 0x58d63
core   0: 3 0x80009376 (0x58d63817) x16 0xd8d6c376
core   0: 0x8000937a (0x00bc0033) add     zero, s8, a1
core   0: 3 0x8000937a (0x00bc0033)
core   0: 0x8000937e (0x00008ea5) c.xor   a3, s1
core   0: 3 0x8000937e (0x8ea5) x13 0xfffdfb0f
core   0: 0x80009380 (0x40c3d513) srai    a0, t2, 12
core   0: 3 0x80009380 (0x40c3d513) x10 0x00000000
core   0: 0x80009384 (0x00006179) c.addi16sp sp, 464
core   0: 3 0x80009384 (0x6179) x2  0xa0297210
core   0: 0x80009386 (0x0000c61d) c.beqz  a2, pc + 46
core   0: 3 0x80009386 (0xc61d)
core   0: 0x800093b4 (0x4112d1b3) sra     gp, t0, a7
core   0: 3 0x800093b4 (0x4112d1b3) x3  0xf57d8a0a
core   0: 0x800093b8 (0x00004149) c.li    sp, 18
core   0: 3 0x800093b8 (0x4149) x2  0x00000012
core   0: 0x800093ba (0x00009efe) c.add   t4, t6
core   0: 3 0x800093ba (0x9efe) x29 0x6b52dd1d
core   0: 0x800093bc (0x340039f3) csrrc   s3, mscratch, zero
core   0: 3 0x800093bc (0x340039f3) x19 0x00000005
core   0: 0x800093c0 (0x000099fd) c.andi  a1, -1
core   0: 3 0x800093c0 (0x99fd) x11 0xfffdfbfb
core   0: 0x800093c2 (0x0395d833) divu    a6, a1, s9
core   0: 3 0x800093c2 (0x0395d833) x16 0x00001b80
core   0: 0x800093c6 (0x02606c63) bltu    zero, t1, pc + 56
core   0: 3 0x800093c6 (0x02606c63)
core   0: 0x800093fe (0x00611793) slli    a5, sp, 6
core   0: 3 0x800093fe (0x00611793) x15 0x00000480
core   0: 0x80009402 (0x0331efb3) rem     t6, gp, s3
core   0: 3 0x80009402 (0x0331efb3) x31 0xfffffffd
core   0: 0x80009406 (0x015a5193) srli    gp, s4, 21
core   0: 3 0x80009406 (0x015a5193) x3  0x00000000
core   0: 0x8000940a (0x0000198c) c.addi4spn a1, sp, 240
core   0: 3 0x8000940a (0x198c) x11 0x00000102
core   0: 0x8000940c (0x4deaf517) auipc   a0, 0x4deaf
core   0: 3 0x8000940c (0x4deaf517) x10 0xcdeb840c
core   0: 0x80009410 (0x000005f6) c.slli  a1, 29
core   0: 3 0x80009410 (0x05f6) x11 0x40000000
core   0: 0x80009412 (0x340a5173) csrrwi  sp, mscratch, 20
core   0: 3 0x80009412 (0x340a5173) x2  0x00000005 c832_mscratch 0x00000014
core   0: 0x80009416 (0xc9633d93) sltiu   s11, t1, -874
core   0: 3 0x80009416 (0xc9633d93) x27 0x00000001
core   0: 0x8000941a (0x00b2e263) bltu    t0, a1, pc + 4
core   0: 3 0x8000941a (0x00b2e263)
core   0: 0x8000941e (0x00008fad) c.xor   a5, a1
core   0: 3 0x8000941e (0x8fad) x15 0x40000480
core   0: 0x80009420 (0x340a3473) csrrc   s0, mscratch, s4
core   0: 3 0x80009420 (0x340a3473) x8  0x00000014 c832_mscratch 0x00000014
core   0: 0x80009424 (0x004ba783) lw      a5, 4(s7)
core   0: 3 0x80009424 (0x004ba783) x15 0x80008914 mem 0x80025e18
core   0: 0x80009428 (0x01209d13) slli    s10, ra, 18
core   0: 3 0x80009428 (0x01209d13) x26 0x00000000
core   0: 0x8000942c (0x02cb8b93) addi    s7, s7, 44
core   0: 3 0x8000942c (0x02cb8b93) x23 0x80025e40
core   0: 0x80009430 (0x4154da93) srai    s5, s1, 21
core   0: 3 0x80009430 (0x4154da93) x21 0x00000000
core   0: 0x80009434 (0x00178593) addi    a1, a5, 1
core   0: 3 0x80009434 (0x00178593) x11 0x80008915
core   0: 0x80009438 (0x00009582) c.jalr  a1
core   0: 3 0x80009438 (0x9582) x1  0x8000943a
core   0: 0x80008914 (0x03831933) mulh    s2, t1, s8
core   0: 3 0x80008914 (0x03831933) x18 0x00000000
core   0: 0x80008918 (0x01155fb3) srl     t6, a0, a7
core   0: 3 0x80008918 (0x01155fb3) x31 0xcdeb840c
core   0: 0x8000891c (0x37379397) auipc   t2, 0x37379
core   0: 3 0x8000891c (0x37379397) x7  0xb738191c
core   0: 0x80008920 (0x00003497) auipc   s1, 0x3
core   0: 3 0x80008920 (0x00003497) x9  0x8000b920
core   0: 0x80008924 (0x8e048493) addi    s1, s1, -1824
core   0: 3 0x80008924 (0x8e048493) x9  0x8000b200
core   0: 0x80008928 (0x10748493) addi    s1, s1, 263
core   0: 3 0x80008928 (0x10748493) x9  0x8000b307
core   0: 0x8000892c (0x3405f7f3) csrrci  a5, mscratch, 11
core   0: 3 0x8000892c (0x3405f7f3) x15 0x00000014 c832_mscratch 0x00000014
core   0: 0x80008930 (0x007d3033) sltu    zero, s10, t2
core   0: 3 0x80008930 (0x007d3033)
core   0: 0x80008934 (0x000003aa) c.slli  t2, 10
core   0: 3 0x80008934 (0x03aa) x7  0xe0647000
core   0: 0x80008936 (0x002d9563) bne     s11, sp, pc + 10
core   0: 3 0x80008936 (0x002d9563)
core   0: 0x80008940 (0xef9487e7) jalr    a5, s1, -263
core   0: 3 0x80008940 (0xef9487e7) x15 0x80008944
core   0: 0x8000b200 (0x00004109) c.li    sp, 2
core   0: 3 0x8000b200 (0x4109) x2  0x00000002
core   0: 0x8000b202 (0xfd8b8b93) addi    s7, s7, -40
core   0: 3 0x8000b202 (0xfd8b8b93) x23 0x80025e18
core   0: 0x8000b206 (0x0000717d) c.addi16sp sp, -16
core   0: 3 0x8000b206 (0x717d) x2  0xfffffff2
core   0: 0x8000b208 (0x00fba223) sw      a5, 4(s7)
core   0: 3 0x8000b208 (0x00fba223) mem 0x80025e1c 0x80008944
core   0: 0x8000b20c (0x0000717d) c.addi16sp sp, -16
core   0: 3 0x8000b20c (0x717d) x2  0xffffffe2
core   0: 0x8000b20e (0x03d6f233) remu    tp, a3, t4
core   0: 3 0x8000b20e (0x03d6f233) x4  0x295840d5
core   0: 0x8000b212 (0x00008435) c.srai  s0, 13
core   0: 3 0x8000b212 (0x8435) x8  0x00000000
core   0: 0x8000b214 (0x86635017) auipc   zero, 0x86635
core   0: 3 0x8000b214 (0x86635017)
core   0: 0x8000b218 (0x78d3ea13) ori     s4, t2, 1933
core   0: 3 0x8000b218 (0x78d3ea13) x20 0xe064778d
core   0: 0x8000b21c (0x00011797) auipc   a5, 0x11
core   0: 3 0x8000b21c (0x00011797) x15 0x8001c21c
core   0: 0x8000b220 (0x25378793) addi    a5, a5, 595
core   0: 3 0x8000b220 (0x25378793) x15 0x8001c46f
core   0: 0x8000b224 (0x00ebd3b3) srl     t2, s7, a4
core   0: 3 0x8000b224 (0x00ebd3b3) x7  0x00002000
core   0: 0x8000b228 (0xf5c7c983) lbu     s3, -164(a5)
core   0: 3 0x8000b228 (0xf5c7c983) x19 0x00000080 mem 0x8001c3cb
core   0: 0x8000b22c (0x0747c403) lbu     s0, 116(a5)
core   0: 3 0x8000b22c (0x0747c403) x8  0x00000098 mem 0x8001c4e3
core   0: 0x8000b230 (0xf5d78123) sb      t4, -190(a5)
core   0: 3 0x8000b230 (0xf5d78123) mem 0x8001c3b1 0x1d
core   0: 0x8000b234 (0x038bf433) remu    s0, s7, s8
core   0: 3 0x8000b234 (0x038bf433) x8  0x80025e18
core   0: 0x8000b238 (0xfe878c83) lb      s9, -24(a5)
core   0: 3 0x8000b238 (0xfe878c83) x25 0x0000000c mem 0x8001c457
core   0: 0x8000b23c (0x2d266893) ori     a7, a2, 722
core   0: 3 0x8000b23c (0x2d266893) x17 0x000002d2
core   0: 0x8000b240 (0x0e878383) lb      t2, 232(a5)
core   0: 3 0x8000b240 (0x0e878383) x7  0x0000000c mem 0x8001c557
core   0: 0x8000b244 (0xf9179f83) lh      t6, -111(a5)
core   0: 3 0x8000b244 (0xf9179f83) x31 0xffffbabb mem 0x8001c400
core   0: 0x8000b248 (0x07d7a483) lw      s1, 125(a5)
core   0: 3 0x8000b248 (0x07d7a483) x9  0xa4a5a6a7 mem 0x8001c4ec
core   0: 0x8000b24c (0x02c78b23) sb      a2, 54(a5)
core   0: 3 0x8000b24c (0x02c78b23) mem 0x8001c4a5 0x00
core   0: 0x8000b250 (0xf1078523) sb      a6, -246(a5)
core   0: 3 0x8000b250 (0xf1078523) mem 0x8001c379 0x80
core   0: 0x8000b254 (0x00006169) c.addi16sp sp, 208
core   0: 3 0x8000b254 (0x6169) x2  0x000000b2
core   0: 0x8000b256 (0x0ac78883) lb      a7, 172(a5)
core   0: 3 0x8000b256 (0x0ac78883) x17 0xffffffd0 mem 0x8001c51b
core   0: 0x8000b25a (0x0fc78383) lb      t2, 252(a5)
core   0: 3 0x8000b25a (0x0fc78383) x7  0x00000020 mem 0x8001c56b
core   0: 0x8000b25e (0xf7178123) sb      a7, -158(a5)
core   0: 3 0x8000b25e (0xf7178123) mem 0x8001c3d1 0xd0
core   0: 0x8000b262 (0x0f37de03) lhu     t3, 243(a5)
core   0: 3 0x8000b262 (0x0f37de03) x28 0x00001819 mem 0x8001c562
core   0: 0x8000b266 (0x0f378e03) lb      t3, 243(a5)
core   0: 3 0x8000b266 (0x0f378e03) x28 0x00000019 mem 0x8001c562
core   0: 0x8000b26a (0xf507aaa3) sw      a6, -171(a5)
core   0: 3 0x8000b26a (0xf507aaa3) mem 0x8001c3c4 0x00001b80
core   0: 0x8000b26e (0x0000846d) c.srai  s0, 27
core   0: 3 0x8000b26e (0x846d) x8  0xfffffff0
core   0: 0x8000b270 (0x0212e3b3) rem     t2, t0, ra
core   0: 3 0x8000b270 (0x0212e3b3) x7  0xf57d8a0a
core   0: 0x8000b274 (0x00008dcd) c.or    a1, a1
core   0: 3 0x8000b274 (0x8dcd) x11 0x80008915
core   0: 0x8000b276 (0x0c47cc83) lbu     s9, 196(a5)
core   0: 3 0x8000b276 (0x0c47cc83) x25 0x000000e8 mem 0x8001c533
core   0: 0x8000b27a (0x34003ff3) csrrc   t6, mscratch, zero
core   0: 3 0x8000b27a (0x34003ff3) x31 0x00000014
core   0: 0x8000b27e (0x0967c583) lbu     a1, 150(a5)
core   0: 3 0x8000b27e (0x0967c583) x11 0x000000be mem 0x8001c505
core   0: 0x8000b282 (0x00006835) c.lui   a6, 0xd
core   0: 3 0x8000b282 (0x6835) x16 0x0000d000
core   0: 0x8000b284 (0xf7e790a3) sh      t5, -159(a5)
core   0: 3 0x8000b284 (0xf7e790a3) mem 0x8001c3d0 0x9d24
core   0: 0x8000b288 (0x07779f83) lh      t6, 119(a5)
core   0: 3 0x8000b288 (0x07779f83) x31 0xffff9c9d mem 0x8001c4e6
core   0: 0x8000b28c (0x067792a3) sh      t2, 101(a5)
core   0: 3 0x8000b28c (0x067792a3) mem 0x8001c4d4 0x8a0a
core   0: 0x8000b290 (0x00001efd) c.addi  t4, -1
core   0: 3 0x8000b290 (0x1efd) x29 0x6b52dd1c
core   0: 0x8000b292 (0x340c2d73) csrrs   s10, mscratch, s8
core   0: 3 0x8000b292 (0x340c2d73) x26 0x00000014 c832_mscratch 0x00000014
core   0: 0x8000b296 (0xf2378fa3) sb      gp, -193(a5)
core   0: 3 0x8000b296 (0xf2378fa3) mem 0x8001c3ae 0x00
core   0: 0x8000b29a (0x70258493) addi    s1, a1, 1794
core   0: 3 0x8000b29a (0x70258493) x9  0x000007c0
core   0: 0x8000b29e (0x00008d89) c.sub   a1, a0
core   0: 3 0x8000b29e (0x8d89) x11 0x32147cb2
core   0: 0x8000b2a0 (0x03038663) beq     t2, a6, pc + 44
core   0: 3 0x8000b2a0 (0x03038663)
core   0: 0x8000b2a4 (0x012c6e33) or      t3, s8, s2
core   0: 3 0x8000b2a4 (0x012c6e33) x28 0x00000000
core   0: 0x8000b2a8 (0x033d9033) mulh    zero, s11, s3
core   0: 3 0x8000b2a8 (0x033d9033)
core   0: 0x8000b2ac (0x00006dcd) c.lui   s11, 0x13
core   0: 3 0x8000b2ac (0x6dcd) x27 0x00013000
core   0: 0x8000b2ae (0x00f09c33) sll     s8, ra, a5
core   0: 3 0x8000b2ae (0x00f09c33) x24 0x4a1d0000
core   0: 0x8000b2b2 (0x00bb5333) srl     t1, s6, a1
core   0: 3 0x8000b2b2 (0x00bb5333) x6  0x00000000
core   0: 0x8000b2b6 (0x00000001) c.nop
core   0: 3 0x8000b2b6 (0x0001)
core   0: 0x8000b2b8 (0x00000001) c.nop
core   0: 3 0x8000b2b8 (0x0001)
core   0: 0x8000b2ba (0x025adcb3) divu    s9, s5, t0
core   0: 3 0x8000b2ba (0x025adcb3) x25 0x00000000
core   0: 0x8000b2be (0x0000c50d) c.beqz  a0, pc + 42
core   0: 3 0x8000b2be (0xc50d)
core   0: 0x8000b2c0 (0x038516b3) mulh    a3, a0, s8
core   0: 3 0x8000b2c0 (0x038516b3) x13 0xf18067d9
core   0: 0x8000b2c4 (0x0150ceb3) xor     t4, ra, s5
core   0: 3 0x8000b2c4 (0x0150ceb3) x29 0x8000943a
core   0: 0x8000b2c8 (0x0000100f) fence.i
core   0: 3 0x8000b2c8 (0x0000100f)
core   0: 0x8000b2cc (0x02909533) mulh    a0, ra, s1
core   0: 3 0x8000b2cc (0x02909533) x10 0xfffffc20
core   0: 0x8000b2d0 (0x00fcac33) slt     s8, s9, a5
core   0: 3 0x8000b2d0 (0x00fcac33) x24 0x00000000
core   0: 0x8000b2d4 (0xa0e2ff93) andi    t6, t0, -1522
core   0: 3 0x8000b2d4 (0xa0e2ff93) x31 0xf57d8a0a
core   0: 0x8000b2d8 (0xef9e6b13) ori     s6, t3, -263
core   0: 3 0x8000b2d8 (0xef9e6b13) x22 0xfffffef9
core   0: 0x8000b2dc (0x00ab5d63) bge     s6, a0, pc + 26
core   0: 3 0x8000b2dc (0x00ab5d63)
core   0: 0x8000b2f6 (0x416d9597) auipc   a1, 0x416d9
core   0: 3 0x8000b2f6 (0x416d9597) x11 0xc16e42f6
core   0: 0x8000b2fa (0x4426b813) sltiu   a6, a3, 1090
core   0: 3 0x8000b2fa (0x4426b813) x16 0x00000000
core   0: 0x8000b2fe (0x00000001) c.nop
core   0: 3 0x8000b2fe (0x0001)
core   0: 0x8000b300 (0x34006cf3) csrrsi  s9, mscratch, 0
core   0: 3 0x8000b300 (0x34006cf3) x25 0x00000014
core   0: 0x8000b304 (0x000098fd) c.andi  s1, -1
core   0: 3 0x8000b304 (0x98fd) x9  0x000007c0
core   0: 0x8000b306 (0x340719f3) csrrw   s3, mscratch, a4
core   0: 3 0x8000b306 (0x340719f3) x19 0x00000014 c832_mscratch 0xa0296a72
core   0: 0x8000b30a (0x01c19033) sll     zero, gp, t3
core   0: 3 0x8000b30a (0x01c19033)
core   0: 0x8000b30e (0x020c1e33) mulh    t3, s8, zero
core   0: 3 0x8000b30e (0x020c1e33) x28 0x00000000
core   0: 0x8000b312 (0x3407b0f3) csrrc   ra, mscratch, a5
core   0: 3 0x8000b312 (0x3407b0f3) x1  0xa0296a72 c832_mscratch 0x20282a10
core   0: 0x8000b316 (0x0134c263) blt     s1, s3, pc + 4
core   0: 3 0x8000b316 (0x0134c263)
core   0: 0x8000b31a (0x015b9e63) bne     s7, s5, pc + 28
core   0: 3 0x8000b31a (0x015b9e63)
core   0: 0x8000b336 (0x00b05813) srli    a6, zero, 11
core   0: 3 0x8000b336 (0x00b05813) x16 0x00000000
core   0: 0x8000b33a (0xd7dc6313) ori     t1, s8, -643
core   0: 3 0x8000b33a (0xd7dc6313) x6  0xfffffd7d
core   0: 0x8000b33e (0x00000001) c.nop
core   0: 3 0x8000b33e (0x0001)
core   0: 0x8000b340 (0x0000e905) c.bnez  a0, pc + 48
core   0: 3 0x8000b340 (0xe905)
core   0: 0x8000b370 (0x7bfa3893) sltiu   a7, s4, 1983
core   0: 3 0x8000b370 (0x7bfa3893) x17 0x00000000
core   0: 0x8000b374 (0x34002673) csrr    a2, mscratch
core   0: 3 0x8000b374 (0x34002673) x12 0x20282a10
core   0: 0x8000b378 (0x00008a6d) c.andi  a2, 27
core   0: 3 0x8000b378 (0x8a6d) x12 0x00000010
core   0: 0x8000b37a (0x41e400b3) sub     ra, s0, t5
core   0: 3 0x8000b37a (0x41e400b3) x1  0x7ffd62cc
core   0: 0x8000b37e (0x00008cc1) c.or    s1, s0
core   0: 3 0x8000b37e (0x8cc1) x9  0xfffffff0
core   0: 0x8000b380 (0x3a3f0a93) addi    s5, t5, 931
core   0: 3 0x8000b380 (0x3a3f0a93) x21 0x8002a0c7
core   0: 0x8000b384 (0x00000001) c.nop
core   0: 3 0x8000b384 (0x0001)
core   0: 0x8000b386 (0x00008dc9) c.or    a1, a0
core   0: 3 0x8000b386 (0x8dc9) x11 0xfffffef6
core   0: 0x8000b388 (0x0088eab3) or      s5, a7, s0
core   0: 3 0x8000b388 (0x0088eab3) x21 0xfffffff0
core   0: 0x8000b38c (0x02df4b63) blt     t5, a3, pc + 54
core   0: 3 0x8000b38c (0x02df4b63)
core   0: 0x8000b3c2 (0x0000101c) c.addi4spn a5, sp, 32
core   0: 3 0x8000b3c2 (0x101c) x15 0x000000d2
core   0: 0x8000b3c4 (0x000000be) c.slli  ra, 15
core   0: 3 0x8000b3c4 (0x00be) x1  0xb1660000
core   0: 0x8000b3c6 (0x01d75d93) srli    s11, a4, 29
core   0: 3 0x8000b3c6 (0x01d75d93) x27 0x00000005
core   0: 0x8000b3ca (0xe8184a13) xori    s4, a6, -383
core   0: 3 0x8000b3ca (0xe8184a13) x20 0xfffffe81
core   0: 0x8000b3ce (0x01a91d13) slli    s10, s2, 26
core   0: 3 0x8000b3ce (0x01a91d13) x26 0x00000000
core   0: 0x8000b3d2 (0x00001ffd) c.addi  t6, -1
core   0: 3 0x8000b3d2 (0x1ffd) x31 0xf57d8a09
core   0: 0x8000b3d4 (0x8bd5ad97) auipc   s11, 0x8bd5a
core   0: 3 0x8000b3d4 (0x8bd5ad97) x27 0x0bd653d4
core   0: 0x8000b3d8 (0x52c30213) addi    tp, t1, 1324
core   0: 3 0x8000b3d8 (0x52c30213) x4  0x000002a9
core   0: 0x8000b3dc (0x44cc3e13) sltiu   t3, s8, 1100
core   0: 3 0x8000b3dc (0x44cc3e13) x28 0x00000001
core   0: 0x8000b3e0 (0x00009666) c.add   a2, s9
core   0: 3 0x8000b3e0 (0x9666) x12 0x00000024
core   0: 0x8000b3e2 (0x01f2cb33) xor     s6, t0, t6
core   0: 3 0x8000b3e2 (0x01f2cb33) x22 0x00000003
core   0: 0x8000b3e6 (0x34006d73) csrrsi  s10, mscratch, 0
core   0: 3 0x8000b3e6 (0x34006d73) x26 0x20282a10
core   0: 0x8000b3ea (0x025f5433) divu    s0, t5, t0
core   0: 3 0x8000b3ea (0x025f5433) x8  0x00000000
core   0: 0x8000b3ee (0x03fbb633) mulhu   a2, s7, t6
core   0: 3 0x8000b3ee (0x03fbb633) x12 0x7ac10a3a
core   0: 0x8000b3f2 (0x4132d433) sra     s0, t0, s3
core   0: 3 0x8000b3f2 (0x4132d433) x8  0xffffff57
core   0: 0x8000b3f6 (0x00006829) c.lui   a6, 0xa
core   0: 3 0x8000b3f6 (0x6829) x16 0x0000a000
core   0: 0x8000b3f8 (0x00001a7d) c.addi  s4, -1
core   0: 3 0x8000b3f8 (0x1a7d) x20 0xfffffe80
core   0: 0x8000b3fa (0x030fc8b3) div     a7, t6, a6
core   0: 3 0x8000b3fa (0x030fc8b3) x17 0xffffef30
core   0: 0x8000b3fe (0xb9310c17) auipc   s8, 0xb9310
core   0: 3 0x8000b3fe (0xb9310c17) x24 0x3931b3fe
core   0: 0x8000b402 (0x00000692) c.slli  a3, 4
core   0: 3 0x8000b402 (0x0692) x13 0x18067d90
core   0: 0x8000b404 (0x340d65f3) csrrsi  a1, mscratch, 26
core   0: 3 0x8000b404 (0x340d65f3) x11 0x20282a10 c832_mscratch 0x20282a1a
core   0: 0x8000b408 (0x00005ffd) c.li    t6, -1
core   0: 3 0x8000b408 (0x5ffd) x31 0xffffffff
core   0: 0x8000b40a (0x9c82f193) andi    gp, t0, -1592
core   0: 3 0x8000b40a (0x9c82f193) x3  0xf57d8808
core   0: 0x8000b40e (0x03179063) bne     a5, a7, pc + 32
core   0: 3 0x8000b40e (0x03179063)
core   0: 0x8000b42e (0x00000e4a) c.slli  t3, 18
core   0: 3 0x8000b42e (0x0e4a) x28 0x00040000
core   0: 0x8000b430 (0x0000100f) fence.i
core   0: 3 0x8000b430 (0x0000100f)
core   0: 0x8000b434 (0x340ae273) csrrsi  tp, mscratch, 21
core   0: 3 0x8000b434 (0x340ae273) x4  0x20282a1a c832_mscratch 0x20282a1f
core   0: 0x8000b438 (0x012336b3) sltu    a3, t1, s2
core   0: 3 0x8000b438 (0x012336b3) x13 0x00000000
core   0: 0x8000b43c (0x00000fde) c.slli  t6, 23
core   0: 3 0x8000b43c (0x0fde) x31 0xff800000
core   0: 0x8000b43e (0x85fdf913) andi    s2, s11, -1953
core   0: 3 0x8000b43e (0x85fdf913) x18 0x0bd65054
core   0: 0x8000b442 (0x01b3cc33) xor     s8, t2, s11
core   0: 3 0x8000b442 (0x01b3cc33) x24 0xfeabd9de
core   0: 0x8000b446 (0x00441e93) slli    t4, s0, 4
core   0: 3 0x8000b446 (0x00441e93) x29 0xfffff570
core   0: 0x8000b44a (0x00008fdd) c.or    a5, a5
core   0: 3 0x8000b44a (0x8fdd) x15 0x000000d2
core   0: 0x8000b44c (0x5a8c6093) ori     ra, s8, 1448
core   0: 3 0x8000b44c (0x5a8c6093) x1  0xfeabddfe
core   0: 0x8000b450 (0xf2fb6c17) auipc   s8, 0xf2fb6
core   0: 3 0x8000b450 (0xf2fb6c17) x24 0x72fc1450
core   0: 0x8000b454 (0x03d8cd63) blt     a7, t4, pc + 58
core   0: 3 0x8000b454 (0x03d8cd63)
core   0: 0x8000b48e (0x40c08a33) sub     s4, ra, a2
core   0: 3 0x8000b48e (0x40c08a33) x20 0x83ead3c4
core   0: 0x8000b492 (0x00000514) c.addi4spn a3, sp, 640
core   0: 3 0x8000b492 (0x0514) x13 0x00000332
core   0: 0x8000b494 (0x02254d63) blt     a0, sp, pc + 58
core   0: 3 0x8000b494 (0x02254d63)
core   0: 0x8000b4ce (0x00adb7b3) sltu    a5, s11, a0
core   0: 3 0x8000b4ce (0x00adb7b3) x15 0x00000001
core   0: 0x8000b4d2 (0x00008c05) c.sub   s0, s1
core   0: 3 0x8000b4d2 (0x8c05) x8  0xffffff67
core   0: 0x8000b4d4 (0x57fd2093) slti    ra, s10, 1407
core   0: 3 0x8000b4d4 (0x57fd2093) x1  0x00000000
core   0: 0x8000b4d8 (0x004ba783) lw      a5, 4(s7)
core   0: 3 0x8000b4d8 (0x004ba783) x15 0x80008944 mem 0x80025e1c
core   0: 0x8000b4dc (0x01f8f733) and     a4, a7, t6
core   0: 3 0x8000b4dc (0x01f8f733) x14 0xff800000
core   0: 0x8000b4e0 (0x028b8b93) addi    s7, s7, 40
core   0: 3 0x8000b4e0 (0x028b8b93) x23 0x80025e40
core   0: 0x8000b4e4 (0x018fdab3) srl     s5, t6, s8
core   0: 3 0x8000b4e4 (0x018fdab3) x21 0x0000ff80
core   0: 0x8000b4e8 (0x00078d13) mv      s10, a5
core   0: 3 0x8000b4e8 (0x00078d13) x26 0x80008944
core   0: 0x8000b4ec (0x00009d02) c.jalr  s10
core   0: 3 0x8000b4ec (0x9d02) x1  0x8000b4ee
core   0: 0x80008944 (0x016ad6b3) srl     a3, s5, s6
core   0: 3 0x80008944 (0x016ad6b3) x13 0x00001ff0
core   0: 0x80008948 (0x34063a73) csrrc   s4, mscratch, a2
core   0: 3 0x80008948 (0x34063a73) x20 0x20282a1f c832_mscratch 0x00282005
core   0: 0x8000894c (0x00f6d3b3) srl     t2, a3, a5
core   0: 3 0x8000894c (0x00f6d3b3) x7  0x000001ff
core   0: 0x80008950 (0x0000100f) fence.i
core   0: 3 0x80008950 (0x0000100f)
core   0: 0x80008954 (0x340064f3) csrrsi  s1, mscratch, 0
core   0: 3 0x80008954 (0x340064f3) x9  0x00282005
core   0: 0x80008958 (0x00008ff1) c.and   a5, a2
core   0: 3 0x80008958 (0x8ff1) x15 0x00000800
core   0: 0x8000895a (0x41bcd6b3) sra     a3, s9, s11
core   0: 3 0x8000895a (0x41bcd6b3) x13 0x00000000
core   0: 0x8000895e (0xa9eff7ef) jal     a5, pc - 0xd62
core   0: 3 0x8000895e (0xa9eff7ef) x15 0x80008962
core   0: 0x80007bfc (0x00001bc1) c.addi  s7, -16
core   0: 3 0x80007bfc (0x1bc1) x23 0x80025e30
core   0: 0x80007bfe (0x00004fa9) c.li    t6, 10
core   0: 3 0x80007bfe (0x4fa9) x31 0x0000000a
core   0: 0x80007c00 (0x00009916) c.add   s2, t0
core   0: 3 0x80007c00 (0x9916) x18 0x0153da5e
core   0: 0x80007c02 (0x00fba223) sw      a5, 4(s7)
core   0: 3 0x80007c02 (0x00fba223) mem 0x80025e34 0x80008962
core   0: 0x80007c06 (0x0000065e) c.slli  a2, 23
core   0: 3 0x80007c06 (0x065e) x12 0x1d000000
core   0: 0x80007c08 (0x00000001) c.nop
core   0: 3 0x80007c08 (0x0001)
core   0: 0x80007c0a (0x00000317) auipc   t1, 0x0
core   0: 3 0x80007c0a (0x00000317) x6  0x80007c0a
core   0: 0x80007c0e (0x5ec30313) addi    t1, t1, 1516
core   0: 3 0x80007c0e (0x5ec30313) x6  0x800081f6
core   0: 0x80007c12 (0x01f88033) add     zero, a7, t6
core   0: 3 0x80007c12 (0x01f88033)
core   0: 0x80007c16 (0x40920fb3) sub     t6, tp, s1
core   0: 3 0x80007c16 (0x40920fb3) x31 0x20000a15
core   0: 0x80007c1a (0xf0d30313) addi    t1, t1, -243
core   0: 3 0x80007c1a (0xf0d30313) x6  0x80008103
core   0: 0x80007c1e (0x00000001) c.nop
core   0: 3 0x80007c1e (0x0001)
core   0: 0x80007c20 (0x34036d73) csrrsi  s10, mscratch, 6
core   0: 3 0x80007c20 (0x34036d73) x26 0x00282005 c832_mscratch 0x00282007
core   0: 0x80007c24 (0x0f3307e7) jalr    a5, t1, 243
core   0: 3 0x80007c24 (0x0f3307e7) x15 0x80007c28
core   0: 0x800081f6 (0x000069b9) c.lui   s3, 0xe
core   0: 3 0x800081f6 (0x69b9) x19 0x0000e000
core   0: 0x800081f8 (0x0196c863) blt     a3, s9, pc + 16
core   0: 3 0x800081f8 (0x0196c863)
core   0: 0x80008208 (0xfd8b8b93) addi    s7, s7, -40
core   0: 3 0x80008208 (0xfd8b8b93) x23 0x80025e08
core   0: 0x8000820c (0x020456b3) divu    a3, s0, zero
core   0: 3 0x8000820c (0x020456b3) x13 0xffffffff
core   0: 0x80008210 (0x00fba223) sw      a5, 4(s7)
core   0: 3 0x80008210 (0x00fba223) mem 0x80025e0c 0x80007c28
core   0: 0x80008214 (0x00008f51) c.or    a4, a2
core   0: 3 0x80008214 (0x8f51) x14 0xff800000
core   0: 0x80008216 (0x34007673) csrrci  a2, mscratch, 0
core   0: 3 0x80008216 (0x34007673) x12 0x00282007
core   0: 0x8000821a (0x340436f3) csrrc   a3, mscratch, s0
core   0: 3 0x8000821a (0x340436f3) x13 0x00282007 c832_mscratch 0x00000000
core   0: 0x8000821e (0x02167633) remu    a2, a2, ra
core   0: 3 0x8000821e (0x02167633) x12 0x00282007
core   0: 0x80008222 (0x02d32eb3) mulhsu  t4, t1, a3
core   0: 3 0x80008222 (0x02d32eb3) x29 0xffebf010
core   0: 0x80008226 (0x01905c63) bge     zero, s9, pc + 24
core   0: 3 0x80008226 (0x01905c63)
core   0: 0x8000822a (0x58f3fa97) auipc   s5, 0x58f3f
core   0: 3 0x8000822a (0x58f3fa97) x21 0xd8f4722a
core   0: 0x8000822e (0x00b6a533) slt     a0, a3, a1
core   0: 3 0x8000822e (0x00b6a533) x10 0x00000001
core   0: 0x80008232 (0x0000100f) fence.i
core   0: 3 0x80008232 (0x0000100f)
core   0: 0x80008236 (0x02028333) mul     t1, t0, zero
core   0: 3 0x80008236 (0x02028333) x6  0x00000000
core   0: 0x8000823a (0x34055ef3) csrrwi  t4, mscratch, 10
core   0: 3 0x8000823a (0x34055ef3) x29 0x00000000 c832_mscratch 0x0000000a
core   0: 0x8000823e (0x0000717d) c.addi16sp sp, -16
core   0: 3 0x8000823e (0x717d) x2  0x000000a2
core   0: 0x80008240 (0x00000001) c.nop
core   0: 3 0x80008240 (0x0001)
core   0: 0x80008242 (0x34007373) csrrci  t1, mscratch, 0
core   0: 3 0x80008242 (0x34007373) x6  0x0000000a
core   0: 0x80008246 (0x0000ca09) c.beqz  a2, pc + 18
core   0: 3 0x80008246 (0xca09)
core   0: 0x80008248 (0x02027cb3) remu    s9, tp, zero
core   0: 3 0x80008248 (0x02027cb3) x25 0x20282a1a
core   0: 0x8000824c (0x34003473) csrrc   s0, mscratch, zero
core   0: 3 0x8000824c (0x34003473) x8  0x0000000a
core   0: 0x80008250 (0x030c5e33) divu    t3, s8, a6
core   0: 3 0x80008250 (0x030c5e33) x28 0x0000b7f9
core   0: 0x80008254 (0x001cc633) xor     a2, s9, ra
core   0: 3 0x80008254 (0x001cc633) x12 0xa0289ef4
core   0: 0x80008258 (0x16627093) andi    ra, tp, 358
core   0: 3 0x80008258 (0x16627093) x1  0x00000002
core   0: 0x8000825c (0x00008afd) c.andi  a3, 31
core   0: 3 0x8000825c (0x8afd) x13 0x00000007
core   0: 0x8000825e (0xdf936d13) ori     s10, t1, -519
core   0: 3 0x8000825e (0xdf936d13) x26 0xfffffdfb
core   0: 0x80008262 (0x00009a16) c.add   s4, t0
core   0: 3 0x80008262 (0x9a16) x20 0x15a5b429
core   0: 0x80008264 (0x3401d373) csrrwi  t1, mscratch, 3
core   0: 3 0x80008264 (0x3401d373) x6  0x0000000a c832_mscratch 0x00000003
core   0: 0x80008268 (0x00008de1) c.and   a1, s0
core   0: 3 0x80008268 (0x8de1) x11 0x00000000
core   0: 0x8000826a (0x01511033) sll     zero, sp, s5
core   0: 3 0x8000826a (0x01511033)
core   0: 0x8000826e (0x00000eda) c.slli  t4, 22
core   0: 3 0x8000826e (0x0eda) x29 0x00000000
core   0: 0x80008270 (0x00000001) c.nop
core   0: 3 0x80008270 (0x0001)
core   0: 0x80008272 (0x000083e5) c.srli  a5, 25
core   0: 3 0x80008272 (0x83e5) x15 0x00000040
core   0: 0x80008274 (0x03a486b3) mul     a3, s1, s10
core   0: 3 0x80008274 (0x03a486b3) x13 0xaef755e7
core   0: 0x80008278 (0x0000557d) c.li    a0, -1
core   0: 3 0x80008278 (0x557d) x10 0xffffffff
core   0: 0x8000827a (0x0000815d) c.srli  a0, 23
core   0: 3 0x8000827a (0x815d) x10 0x000001ff
core   0: 0x8000827c (0xd264ca93) xori    s5, s1, -730
core   0: 3 0x8000827c (0xd264ca93) x21 0xffd7dd23
core   0: 0x80008280 (0x03ed3033) mulhu   zero, s10, t5
core   0: 3 0x80008280 (0x03ed3033)
core   0: 0x80008284 (0x01256933) or      s2, a0, s2
core   0: 3 0x80008284 (0x01256933) x18 0x0153dbff
core   0: 0x80008288 (0x00739893) slli    a7, t2, 7
core   0: 3 0x80008288 (0x00739893) x17 0x0000ff80
core   0: 0x8000828c (0x00009a7d) c.andi  a2, -1
core   0: 3 0x8000828c (0x9a7d) x12 0xa0289ef4
core   0: 0x8000828e (0x00008ff5) c.and   a5, a3
core   0: 3 0x8000828e (0x8ff5) x15 0x00000040
core   0: 0x80008290 (0x032b5333) divu    t1, s6, s2
core   0: 3 0x80008290 (0x032b5333) x6  0x00000000
core   0: 0x80008294 (0x5ed9b993) sltiu   s3, s3, 1517
core   0: 3 0x80008294 (0x5ed9b993) x19 0x00000000
core   0: 0x80008298 (0x0000717d) c.addi16sp sp, -16
core   0: 3 0x80008298 (0x717d) x2  0x00000092
core   0: 0x8000829a (0x000050fd) c.li    ra, -1
core   0: 3 0x8000829a (0x50fd) x1  0xffffffff
core   0: 0x8000829c (0x00aca9b3) slt     s3, s9, a0
core   0: 3 0x8000829c (0x00aca9b3) x19 0x00000000
core   0: 0x800082a0 (0x7a94a713) slti    a4, s1, 1961
core   0: 3 0x800082a0 (0x7a94a713) x14 0x00000000
core   0: 0x800082a4 (0x00447f63) bgeu    s0, tp, pc + 30
core   0: 3 0x800082a4 (0x00447f63)
core   0: 0x800082a8 (0x01a90263) beq     s2, s10, pc + 4
core   0: 3 0x800082a8 (0x01a90263)
core   0: 0x800082ac (0x000013fd) c.addi  t2, -1
core   0: 3 0x800082ac (0x13fd) x7  0x000001fe
core   0: 0x800082ae (0x00008c09) c.sub   s0, a0
core   0: 3 0x800082ae (0x8c09) x8  0xfffffe0b
core   0: 0x800082b0 (0x0000c79d) c.beqz  a5, pc + 46
core   0: 3 0x800082b0 (0xc79d)
core   0: 0x800082b2 (0x40d28e33) sub     t3, t0, a3
core   0: 3 0x800082b2 (0x40d28e33) x28 0x46863423
core   0: 0x800082b6 (0x00dc1c63) bne     s8, a3, pc + 24
core   0: 3 0x800082b6 (0x00dc1c63)
core   0: 0x800082ce (0x0877f313) andi    t1, a5, 135
core   0: 3 0x800082ce (0x0877f313) x6  0x00000000
core   0: 0x800082d2 (0x002204b3) add     s1, tp, sp
core   0: 3 0x800082d2 (0x002204b3) x9  0x20282aac
core   0: 0x800082d6 (0x0385f0b3) remu    ra, a1, s8
core   0: 3 0x800082d6 (0x0385f0b3) x1  0x00000000
core   0: 0x800082da (0x00857d63) bgeu    a0, s0, pc + 26
core   0: 3 0x800082da (0x00857d63)
core   0: 0x800082de (0x0000100f) fence.i
core   0: 3 0x800082de (0x0000100f)
core   0: 0x800082e2 (0x00cbf0b3) and     ra, s7, a2
core   0: 3 0x800082e2 (0x00cbf0b3) x1  0x80001e00
core   0: 0x800082e6 (0x0000ef19) c.bnez  a4, pc + 30
core   0: 3 0x800082e6 (0xef19)
core   0: 0x800082e8 (0x340dd5f3) csrrwi  a1, mscratch, 27
core   0: 3 0x800082e8 (0x340dd5f3) x11 0x00000003 c832_mscratch 0x0000001b
core   0: 0x800082ec (0x019b9733) sll     a4, s7, s9
core   0: 3 0x800082ec (0x019b9733) x14 0x20000000
core   0: 0x800082f0 (0x6c323793) sltiu   a5, tp, 1731
core   0: 3 0x800082f0 (0x6c323793) x15 0x00000000
core   0: 0x800082f4 (0x00008f9d) c.sub   a5, a5
core   0: 3 0x800082f4 (0x8f9d) x15 0x00000000
core   0: 0x800082f6 (0x031377b3) remu    a5, t1, a7
core   0: 3 0x800082f6 (0x031377b3) x15 0x00000000
core   0: 0x800082fa (0x000068d5) c.lui   a7, 0x15
core   0: 3 0x800082fa (0x68d5) x17 0x00015000
core   0: 0x800082fc (0x40500a33) sub     s4, zero, t0
core   0: 3 0x800082fc (0x40500a33) x20 0x0a8275f6
core   0: 0x80008300 (0x00009ffa) c.add   t6, t5
core   0: 3 0x80008300 (0x9ffa) x31 0xa002a739
core   0: 0x80008302 (0x00008ff5) c.and   a5, a3
core   0: 3 0x80008302 (0x8ff5) x15 0x00000000
core   0: 0x80008304 (0x00008851) c.andi  s0, 20
core   0: 3 0x80008304 (0x8851) x8  0x00000000
core   0: 0x80008306 (0x027e15b3) mulh    a1, t3, t2
core   0: 3 0x80008306 (0x027e15b3) x11 0x0000008c
core   0: 0x8000830a (0x03e7cab3) div     s5, a5, t5
core   0: 3 0x8000830a (0x03e7cab3) x21 0x00000000
core   0: 0x8000830e (0x00006609) c.lui   a2, 0x2
core   0: 3 0x8000830e (0x6609) x12 0x00002000
core   0: 0x80008310 (0x004ba783) lw      a5, 4(s7)
core   0: 3 0x80008310 (0x004ba783) x15 0x80007c28 mem 0x80025e0c
core   0: 0x80008314 (0x34003173) csrrc   sp, mscratch, zero
core   0: 3 0x80008314 (0x34003173) x2  0x0000001b
core   0: 0x80008318 (0x00008739) c.srai  a4, 14
core   0: 3 0x80008318 (0x8739) x14 0x00008000
core   0: 0x8000831a (0x01c4ed33) or      s10, s1, t3
core   0: 3 0x8000831a (0x01c4ed33) x26 0x66ae3eaf
core   0: 0x8000831e (0x034d46b3) div     a3, s10, s4
core   0: 3 0x8000831e (0x034d46b3) x13 0x00000009
core   0: 0x80008322 (0x6581c213) xori    tp, gp, 1624
core   0: 3 0x80008322 (0x6581c213) x4  0xf57d8e50
core   0: 0x80008326 (0x028b8b93) addi    s7, s7, 40
core   0: 3 0x80008326 (0x028b8b93) x23 0x80025e30
core   0: 0x8000832a (0x0000100f) fence.i
core   0: 3 0x8000832a (0x0000100f)
core   0: 0x8000832e (0x00cf1fb3) sll     t6, t5, a2
core   0: 3 0x8000832e (0x00cf1fb3) x31 0x80029d24
core   0: 0x80008332 (0x00078d13) mv      s10, a5
core   0: 3 0x80008332 (0x00078d13) x26 0x80007c28
core   0: 0x80008336 (0x000d0d67) jalr    s10, s10, 0
core   0: 3 0x80008336 (0x000d0d67) x26 0x8000833a
core   0: 0x80007c28 (0x340a1ef3) csrrw   t4, mscratch, s4
core   0: 3 0x80007c28 (0x340a1ef3) x29 0x0000001b c832_mscratch 0x0a8275f6
core   0: 0x80007c2c (0x01605833) srl     a6, zero, s6
core   0: 3 0x80007c2c (0x01605833) x16 0x00000000
core   0: 0x80007c30 (0x00721733) sll     a4, tp, t2
core   0: 3 0x80007c30 (0x00721733) x14 0x00000000
core   0: 0x80007c34 (0x0381c463) blt     gp, s8, pc + 40
core   0: 3 0x80007c34 (0x0381c463)
core   0: 0x80007c5c (0x00000b32) c.slli  s6, 12
core   0: 3 0x80007c5c (0x0b32) x22 0x00003000
core   0: 0x80007c5e (0x0085f333) and     t1, a1, s0
core   0: 3 0x80007c5e (0x0085f333) x6  0x00000000
core   0: 0x80007c62 (0x0013a133) slt     sp, t2, ra
core   0: 3 0x80007c62 (0x0013a133) x2  0x00000000
core   0: 0x80007c66 (0x00006151) c.addi16sp sp, 272
core   0: 3 0x80007c66 (0x6151) x2  0x00000110
core   0: 0x80007c68 (0x00006129) c.addi16sp sp, 192
core   0: 3 0x80007c68 (0x6129) x2  0x000001d0
core   0: 0x80007c6a (0x004ba783) lw      a5, 4(s7)
core   0: 3 0x80007c6a (0x004ba783) x15 0x80008962 mem 0x80025e34
core   0: 0x80007c6e (0x3401dff3) csrrwi  t6, mscratch, 3
core   0: 3 0x80007c6e (0x3401dff3) x31 0x0a8275f6 c832_mscratch 0x00000003
core   0: 0x80007c72 (0x00265b33) srl     s6, a2, sp
core   0: 3 0x80007c72 (0x00265b33) x22 0x00000000
core   0: 0x80007c76 (0xcbb0fa93) andi    s5, ra, -837
core   0: 3 0x80007c76 (0xcbb0fa93) x21 0x80001c00
core   0: 0x80007c7a (0x391e3893) sltiu   a7, t3, 913
core   0: 3 0x80007c7a (0x391e3893) x17 0x00000000
core   0: 0x80007c7e (0x00000bc1) c.addi  s7, 16
core   0: 3 0x80007c7e (0x0bc1) x23 0x80025e40
core   0: 0x80007c80 (0x000085f5) c.srai  a1, 29
core   0: 3 0x80007c80 (0x85f5) x11 0x00000000
core   0: 0x80007c82 (0x00078113) mv      sp, a5
core   0: 3 0x80007c82 (0x00078113) x2  0x80008962
core   0: 0x80007c86 (0x00010167) jalr    sp, sp, 0
core   0: 3 0x80007c86 (0x00010167) x2  0x80007c8a
core   0: 0x80008962 (0x00000897) auipc   a7, 0x0
core   0: 3 0x80008962 (0x00000897) x17 0x80008962
core   0: 0x80008966 (0x9d888893) addi    a7, a7, -1576
core   0: 3 0x80008966 (0x9d888893) x17 0x8000833a
core   0: 0x8000896a (0xfbae3cb7) lui     s9, 0xfbae3
core   0: 3 0x8000896a (0xfbae3cb7) x25 0xfbae3000
core   0: 0x8000896e (0x0000100f) fence.i
core   0: 3 0x8000896e (0x0000100f)
core   0: 0x80008972 (0x0b672f93) slti    t6, a4, 182
core   0: 3 0x80008972 (0x0b672f93) x31 0x00000001
core   0: 0x80008976 (0x7264f693) andi    a3, s1, 1830
core   0: 3 0x80008976 (0x7264f693) x13 0x00000224
core   0: 0x8000897a (0x00005e7d) c.li    t3, -1
core   0: 3 0x8000897a (0x5e7d) x28 0xffffffff
core   0: 0x8000897c (0x02554d33) div     s10, a0, t0
core   0: 3 0x8000897c (0x02554d33) x26 0x00000000
core   0: 0x80008980 (0x00008c6d) c.and   s0, a1
core   0: 3 0x80008980 (0x8c6d) x8  0x00000000
core   0: 0x80008982 (0x34005973) csrrwi  s2, mscratch, 0
core   0: 3 0x80008982 (0x34005973) x18 0x00000003 c832_mscratch 0x00000000
core   0: 0x80008986 (0x01d89fb3) sll     t6, a7, t4
core   0: 3 0x80008986 (0x01d89fb3) x31 0xd0000000
core   0: 0x8000898a (0x16288893) addi    a7, a7, 354
core   0: 3 0x8000898a (0x16288893) x17 0x8000849c
core   0: 0x8000898e (0x000001ba) c.slli  gp, 14
core   0: 3 0x8000898e (0x01ba) x3  0x62020000
core   0: 0x80008990 (0xe9f887e7) jalr    a5, a7, -353
core   0: 3 0x80008990 (0xe9f887e7) x15 0x80008994
core   0: 0x8000833a (0x00008966) c.mv    s2, s9
core   0: 3 0x8000833a (0x8966) x18 0xfbae3000
core   0: 0x8000833c (0x0ff0000f) fence   iorw,iorw
core   0: 3 0x8000833c (0x0ff0000f)
core   0: 0x80008340 (0xfccb8b93) addi    s7, s7, -52
core   0: 3 0x80008340 (0xfccb8b93) x23 0x80025e0c
core   0: 0x80008344 (0x01df2833) slt     a6, t5, t4
core   0: 3 0x80008344 (0x01df2833) x16 0x00000001
core   0: 0x80008348 (0x00fba223) sw      a5, 4(s7)
core   0: 3 0x80008348 (0x00fba223) mem 0x80025e10 0x80008994
core   0: 0x8000834c (0xd0c06013) ori     zero, zero, -756
core   0: 3 0x8000834c (0xd0c06013)
core   0: 0x80008350 (0x03d238b3) mulhu   a7, tp, t4
core   0: 3 0x80008350 (0x03d238b3) x17 0x00000019
core   0: 0x80008354 (0x41535213) srai    tp, t1, 21
core   0: 3 0x80008354 (0x41535213) x4  0x00000000
core   0: 0x80008358 (0x00000001) c.nop
core   0: 3 0x80008358 (0x0001)
core   0: 0x8000835a (0x000082f1) c.srli  a3, 28
core   0: 3 0x8000835a (0x82f1) x13 0x00000000
core   0: 0x8000835c (0x01d295b3) sll     a1, t0, t4
core   0: 3 0x8000835c (0x01d295b3) x11 0x50000000
core   0: 0x80008360 (0x03d86033) rem     zero, a6, t4
core   0: 3 0x80008360 (0x03d86033)
core   0: 0x80008364 (0x00001504) c.addi4spn s1, sp, 672
core   0: 3 0x80008364 (0x1504) x9  0x80007f2a
core   0: 0x80008366 (0x63bf1197) auipc   gp, 0x63bf1
core   0: 3 0x80008366 (0x63bf1197) x3  0xe3bf9366
core   0: 0x8000836a (0xb7d42f93) slti    t6, s0, -1155
core   0: 3 0x8000836a (0xb7d42f93) x31 0x00000000
core   0: 0x8000836e (0x481a6d13) ori     s10, s4, 1153
core   0: 3 0x8000836e (0x481a6d13) x26 0x0a8275f7
core   0: 0x80008372 (0xe85ff7ef) jal     a5, pc - 0x17c
core   0: 3 0x80008372 (0xe85ff7ef) x15 0x80008376
core   0: 0x800081f6 (0x000069b9) c.lui   s3, 0xe
core   0: 3 0x800081f6 (0x69b9) x19 0x0000e000
core   0: 0x800081f8 (0x0196c863) blt     a3, s9, pc + 16
core   0: 3 0x800081f8 (0x0196c863)
core   0: 0x800081fc (0x340074f3) csrrci  s1, mscratch, 0
core   0: 3 0x800081fc (0x340074f3) x9  0x00000000
core   0: 0x80008200 (0x01233233) sltu    tp, t1, s2
core   0: 3 0x80008200 (0x01233233) x4  0x00000001
core   0: 0x80008204 (0x017bee33) or      t3, s7, s7
core   0: 3 0x80008204 (0x017bee33) x28 0x80025e0c
core   0: 0x80008208 (0xfd8b8b93) addi    s7, s7, -40
core   0: 3 0x80008208 (0xfd8b8b93) x23 0x80025de4
core   0: 0x8000820c (0x020456b3) divu    a3, s0, zero
core   0: 3 0x8000820c (0x020456b3) x13 0xffffffff
core   0: 0x80008210 (0x00fba223) sw      a5, 4(s7)
core   0: 3 0x80008210 (0x00fba223) mem 0x80025de8 0x80008376
core   0: 0x80008214 (0x00008f51) c.or    a4, a2
core   0: 3 0x80008214 (0x8f51) x14 0x00002000
core   0: 0x80008216 (0x34007673) csrrci  a2, mscratch, 0
core   0: 3 0x80008216 (0x34007673) x12 0x00000000
core   0: 0x8000821a (0x340436f3) csrrc   a3, mscratch, s0
core   0: 3 0x8000821a (0x340436f3) x13 0x00000000 c832_mscratch 0x00000000
core   0: 0x8000821e (0x02167633) remu    a2, a2, ra
core   0: 3 0x8000821e (0x02167633) x12 0x00000000
core   0: 0x80008222 (0x02d32eb3) mulhsu  t4, t1, a3
core   0: 3 0x80008222 (0x02d32eb3) x29 0x00000000
core   0: 0x80008226 (0x01905c63) bge     zero, s9, pc + 24
core   0: 3 0x80008226 (0x01905c63)
core   0: 0x8000823e (0x0000717d) c.addi16sp sp, -16
core   0: 3 0x8000823e (0x717d) x2  0x80007c7a
core   0: 0x80008240 (0x00000001) c.nop
core   0: 3 0x80008240 (0x0001)
core   0: 0x80008242 (0x34007373) csrrci  t1, mscratch, 0
core   0: 3 0x80008242 (0x34007373) x6  0x00000000
core   0: 0x80008246 (0x0000ca09) c.beqz  a2, pc + 18
core   0: 3 0x80008246 (0xca09)
core   0: 0x80008258 (0x16627093) andi    ra, tp, 358
core   0: 3 0x80008258 (0x16627093) x1  0x00000000
core   0: 0x8000825c (0x00008afd) c.andi  a3, 31
core   0: 3 0x8000825c (0x8afd) x13 0x00000000
core   0: 0x8000825e (0xdf936d13) ori     s10, t1, -519
core   0: 3 0x8000825e (0xdf936d13) x26 0xfffffdf9
core   0: 0x80008262 (0x00009a16) c.add   s4, t0
core   0: 3 0x80008262 (0x9a16) x20 0x00000000
core   0: 0x80008264 (0x3401d373) csrrwi  t1, mscratch, 3
core   0: 3 0x80008264 (0x3401d373) x6  0x00000000 c832_mscratch 0x00000003
core   0: 0x80008268 (0x00008de1) c.and   a1, s0
core   0: 3 0x80008268 (0x8de1) x11 0x00000000
core   0: 0x8000826a (0x01511033) sll     zero, sp, s5
core   0: 3 0x8000826a (0x01511033)
core   0: 0x8000826e (0x00000eda) c.slli  t4, 22
core   0: 3 0x8000826e (0x0eda) x29 0x00000000
core   0: 0x80008270 (0x00000001) c.nop
core   0: 3 0x80008270 (0x0001)
core   0: 0x80008272 (0x000083e5) c.srli  a5, 25
core   0: 3 0x80008272 (0x83e5) x15 0x00000040
core   0: 0x80008274 (0x03a486b3) mul     a3, s1, s10
core   0: 3 0x80008274 (0x03a486b3) x13 0x00000000
core   0: 0x80008278 (0x0000557d) c.li    a0, -1
core   0: 3 0x80008278 (0x557d) x10 0xffffffff
core   0: 0x8000827a (0x0000815d) c.srli  a0, 23
core   0: 3 0x8000827a (0x815d) x10 0x000001ff
core   0: 0x8000827c (0xd264ca93) xori    s5, s1, -730
core   0: 3 0x8000827c (0xd264ca93) x21 0xfffffd26
core   0: 0x80008280 (0x03ed3033) mulhu   zero, s10, t5
core   0: 3 0x80008280 (0x03ed3033)
core   0: 0x80008284 (0x01256933) or      s2, a0, s2
core   0: 3 0x80008284 (0x01256933) x18 0xfbae31ff
core   0: 0x80008288 (0x00739893) slli    a7, t2, 7
core   0: 3 0x80008288 (0x00739893) x17 0x0000ff00
core   0: 0x8000828c (0x00009a7d) c.andi  a2, -1
core   0: 3 0x8000828c (0x9a7d) x12 0x00000000
core   0: 0x8000828e (0x00008ff5) c.and   a5, a3
core   0: 3 0x8000828e (0x8ff5) x15 0x00000000
core   0: 0x80008290 (0x032b5333) divu    t1, s6, s2
core   0: 3 0x80008290 (0x032b5333) x6  0x00000000
core   0: 0x80008294 (0x5ed9b993) sltiu   s3, s3, 1517
core   0: 3 0x80008294 (0x5ed9b993) x19 0x00000000
core   0: 0x80008298 (0x0000717d) c.addi16sp sp, -16
core   0: 3 0x80008298 (0x717d) x2  0x80007c6a
core   0: 0x8000829a (0x000050fd) c.li    ra, -1
core   0: 3 0x8000829a (0x50fd) x1  0xffffffff
core   0: 0x8000829c (0x00aca9b3) slt     s3, s9, a0
core   0: 3 0x8000829c (0x00aca9b3) x19 0x00000001
core   0: 0x800082a0 (0x7a94a713) slti    a4, s1, 1961
core   0: 3 0x800082a0 (0x7a94a713) x14 0x00000001
core   0: 0x800082a4 (0x00447f63) bgeu    s0, tp, pc + 30
core   0: 3 0x800082a4 (0x00447f63)
core   0: 0x800082a8 (0x01a90263) beq     s2, s10, pc + 4
core   0: 3 0x800082a8 (0x01a90263)
core   0: 0x800082ac (0x000013fd) c.addi  t2, -1
core   0: 3 0x800082ac (0x13fd) x7  0x000001fd
core   0: 0x800082ae (0x00008c09) c.sub   s0, a0
core   0: 3 0x800082ae (0x8c09) x8  0xfffffe01
core   0: 0x800082b0 (0x0000c79d) c.beqz  a5, pc + 46
core   0: 3 0x800082b0 (0xc79d)
core   0: 0x800082de (0x0000100f) fence.i
core   0: 3 0x800082de (0x0000100f)
core   0: 0x800082e2 (0x00cbf0b3) and     ra, s7, a2
core   0: 3 0x800082e2 (0x00cbf0b3) x1  0x00000000
core   0: 0x800082e6 (0x0000ef19) c.bnez  a4, pc + 30
core   0: 3 0x800082e6 (0xef19)
core   0: 0x80008304 (0x00008851) c.andi  s0, 20
core   0: 3 0x80008304 (0x8851) x8  0x00000000
core   0: 0x80008306 (0x027e15b3) mulh    a1, t3, t2
core   0: 3 0x80008306 (0x027e15b3) x11 0xffffff01
core   0: 0x8000830a (0x03e7cab3) div     s5, a5, t5
core   0: 3 0x8000830a (0x03e7cab3) x21 0x00000000
core   0: 0x8000830e (0x00006609) c.lui   a2, 0x2
core   0: 3 0x8000830e (0x6609) x12 0x00002000
core   0: 0x80008310 (0x004ba783) lw      a5, 4(s7)
core   0: 3 0x80008310 (0x004ba783) x15 0x80008376 mem 0x80025de8
core   0: 0x80008314 (0x34003173) csrrc   sp, mscratch, zero
core   0: 3 0x80008314 (0x34003173) x2  0x00000003
core   0: 0x80008318 (0x00008739) c.srai  a4, 14
core   0: 3 0x80008318 (0x8739) x14 0x00000000
core   0: 0x8000831a (0x01c4ed33) or      s10, s1, t3
core   0: 3 0x8000831a (0x01c4ed33) x26 0x80025e0c
core   0: 0x8000831e (0x034d46b3) div     a3, s10, s4
core   0: 3 0x8000831e (0x034d46b3) x13 0xffffffff
core   0: 0x80008322 (0x6581c213) xori    tp, gp, 1624
core   0: 3 0x80008322 (0x6581c213) x4  0xe3bf953e
core   0: 0x80008326 (0x028b8b93) addi    s7, s7, 40
core   0: 3 0x80008326 (0x028b8b93) x23 0x80025e0c
core   0: 0x8000832a (0x0000100f) fence.i
core   0: 3 0x8000832a (0x0000100f)
core   0: 0x8000832e (0x00cf1fb3) sll     t6, t5, a2
core   0: 3 0x8000832e (0x00cf1fb3) x31 0x80029d24
core   0: 0x80008332 (0x00078d13) mv      s10, a5
core   0: 3 0x80008332 (0x00078d13) x26 0x80008376
core   0: 0x80008336 (0x000d0d67) jalr    s10, s10, 0
core   0: 3 0x80008336 (0x000d0d67) x26 0x8000833a
core   0: 0x80008376 (0x00008ff9) c.and   a5, a4
core   0: 3 0x80008376 (0x8ff9) x15 0x00000000
core   0: 0x80008378 (0x017b9cb3) sll     s9, s7, s7
core   0: 3 0x80008378 (0x017b9cb3) x25 0x25e0c000
core   0: 0x8000837c (0x03e75233) divu    tp, a4, t5
core   0: 3 0x8000837c (0x03e75233) x4  0x00000000
core   0: 0x80008380 (0x00001897) auipc   a7, 0x1
core   0: 3 0x80008380 (0x00001897) x17 0x80009380
core   0: 0x80008384 (0x0ba88893) addi    a7, a7, 186
core   0: 3 0x80008384 (0x0ba88893) x17 0x8000943a
core   0: 0x80008388 (0x03accfb3) div     t6, s9, s10
core   0: 3 0x80008388 (0x03accfb3) x31 0x00000000
core   0: 0x8000838c (0x3a188893) addi    a7, a7, 929
core   0: 3 0x8000838c (0x3a188893) x17 0x800097db
core   0: 0x80008390 (0x3401a873) csrrs   a6, mscratch, gp
core   0: 3 0x80008390 (0x3401a873) x16 0x00000003 c832_mscratch 0xe3bf9367
core   0: 0x80008394 (0xd48641b7) lui     gp, 0xd4864
core   0: 3 0x80008394 (0xd48641b7) x3  0xd4864000
core   0: 0x80008398 (0x019a0363) beq     s4, s9, pc + 6
core   0: 3 0x80008398 (0x019a0363)
core   0: 0x8000839c (0x00008e9d) c.sub   a3, a5
core   0: 3 0x8000839c (0x8e9d) x13 0xffffffff
core   0: 0x8000839e (0xc60887e7) jalr    a5, a7, -928
core   0: 3 0x8000839e (0xc60887e7) x15 0x800083a2
core   0: 0x8000943a (0x0078d463) bge     a7, t2, pc + 8
core   0: 3 0x8000943a (0x0078d463)
core   0: 0x8000943e (0x03847c33) remu    s8, s0, s8
core   0: 3 0x8000943e (0x03847c33) x24 0x00000000
core   0: 0x80009442 (0xfd0b8b93) addi    s7, s7, -48
core   0: 3 0x80009442 (0xfd0b8b93) x23 0x80025ddc
core   0: 0x80009446 (0x0ff0000f) fence   iorw,iorw
core   0: 3 0x80009446 (0x0ff0000f)
core   0: 0x8000944a (0x00fba223) sw      a5, 4(s7)
core   0: 3 0x8000944a (0x00fba223) mem 0x80025de0 0x800083a2
core   0: 0x8000944e (0x39867693) andi    a3, a2, 920
core   0: 3 0x8000944e (0x39867693) x13 0x00000000
core   0: 0x80009452 (0x02bf7233) remu    tp, t5, a1
core   0: 3 0x80009452 (0x02bf7233) x4  0x80029d24
core   0: 0x80009456 (0xc3c0e113) ori     sp, ra, -964
core   0: 3 0x80009456 (0xc3c0e113) x2  0xfffffc3c
core   0: 0x8000945a (0x026ae933) rem     s2, s5, t1
core   0: 3 0x8000945a (0x026ae933) x18 0x00000000
core   0: 0x8000945e (0x0000ed17) auipc   s10, 0xe
core   0: 3 0x8000945e (0x0000ed17) x26 0x8001745e
core   0: 0x80009462 (0xd88d0d13) addi    s10, s10, -632
core   0: 3 0x80009462 (0xd88d0d13) x26 0x800171e6
core   0: 0x80009466 (0x02035cb3) divu    s9, t1, zero
core   0: 3 0x80009466 (0x02035cb3) x25 0xffffffff
core   0: 0x8000946a (0x03408b33) mul     s6, ra, s4
core   0: 3 0x8000946a (0x03408b33) x22 0x00000000
core   0: 0x8000946e (0x00cd1983) lh      s3, 12(s10)
core   0: 3 0x8000946e (0x00cd1983) x19 0x000000a9 mem 0x800171f2
core   0: 0x80009472 (0x15565137) lui     sp, 0x15565
core   0: 3 0x80009472 (0x15565137) x2  0x15565000
core   0: 0x80009476 (0xfefd0aa3) sb      a5, -11(s10)
core   0: 3 0x80009476 (0xfefd0aa3) mem 0x800171db 0xa2
core   0: 0x8000947a (0x0000009a) c.slli  ra, 6
core   0: 3 0x8000947a (0x009a) x1  0x00000000
core   0: 0x8000947c (0x40bc0eb3) sub     t4, s8, a1
core   0: 3 0x8000947c (0x40bc0eb3) x29 0x000000ff
core   0: 0x80009480 (0x00cd0c03) lb      s8, 12(s10)
core   0: 3 0x80009480 (0x00cd0c03) x24 0xffffffa9 mem 0x800171f2
core   0: 0x80009484 (0x0ff0000f) fence   iorw,iorw
core   0: 3 0x80009484 (0x0ff0000f)
core   0: 0x80009488 (0x00fd4e83) lbu     t4, 15(s10)
core   0: 3 0x80009488 (0x00fd4e83) x29 0x000000ae mem 0x800171f5
core   0: 0x8000948c (0x00000001) c.nop
core   0: 3 0x8000948c (0x0001)
core   0: 0x8000948e (0x00000088) c.addi4spn a0, sp, 64
core   0: 3 0x8000948e (0x0088) x10 0x15565040
core   0: 0x80009490 (0x41dbd113) srai    sp, s7, 29
core   0: 3 0x80009490 (0x41dbd113) x2  0xfffffffc
core   0: 0x80009494 (0x00008279) c.srli  a2, 30
core   0: 3 0x80009494 (0x8279) x12 0x00000000
core   0: 0x80009496 (0x007378b3) and     a7, t1, t2
core   0: 3 0x80009496 (0x007378b3) x17 0x00000000
core   0: 0x8000949a (0xffad0ba3) sb      s10, -9(s10)
core   0: 3 0x8000949a (0xffad0ba3) mem 0x800171dd 0xe6
core   0: 0x8000949e (0xff3d0f83) lb      t6, -13(s10)
core   0: 3 0x8000949e (0xff3d0f83) x31 0xffffff92 mem 0x800171d9
core   0: 0x800094a2 (0xff3d4883) lbu     a7, -13(s10)
core   0: 3 0x800094a2 (0xff3d4883) x17 0x00000092 mem 0x800171d9
core   0: 0x800094a6 (0x010d0303) lb      t1, 16(s10)
core   0: 3 0x800094a6 (0x010d0303) x6  0xffffffad mem 0x800171f6
core   0: 0x800094aa (0x015d06a3) sb      s5, 13(s10)
core   0: 3 0x800094aa (0x015d06a3) mem 0x800171f3 0x00
core   0: 0x800094ae (0x018a7633) and     a2, s4, s8
core   0: 3 0x800094ae (0x018a7633) x12 0x00000000
core   0: 0x800094b2 (0x010d0523) sb      a6, 10(s10)
core   0: 3 0x800094b2 (0x010d0523) mem 0x800171f0 0x03
core   0: 0x800094b6 (0x00cd4303) lbu     t1, 12(s10)
core   0: 3 0x800094b6 (0x00cd4303) x6  0x000000a9 mem 0x800171f2
core   0: 0x800094ba (0x012bafb3) slt     t6, s7, s2
core   0: 3 0x800094ba (0x012bafb3) x31 0x00000001
core   0: 0x800094be (0xff2d0403) lb      s0, -14(s10)
core   0: 3 0x800094be (0xff2d0403) x8  0xffffff93 mem 0x800171d8
core   0: 0x800094c2 (0xff4d0fa3) sb      s4, -1(s10)
core   0: 3 0x800094c2 (0xff4d0fa3) mem 0x800171e5 0x00
core   0: 0x800094c6 (0x0255a633) mulhsu  a2, a1, t0
core   0: 3 0x800094c6 (0x0255a633) x12 0xffffff0b
core   0: 0x800094ca (0xeb9087b7) lui     a5, 0xeb908
core   0: 3 0x800094ca (0xeb9087b7) x15 0xeb908000
core   0: 0x800094ce (0x00ae33b3) sltu    t2, t3, a0
core   0: 3 0x800094ce (0x00ae33b3) x7  0x00000000
core   0: 0x800094d2 (0x3404de73) csrrwi  t3, mscratch, 9
core   0: 3 0x800094d2 (0x3404de73) x28 0xe3bf9367 c832_mscratch 0x00000009
core   0: 0x800094d6 (0xff6d5983) lhu     s3, -10(s10)
core   0: 3 0x800094d6 (0xff6d5983) x19 0x0000e697 mem 0x800171dc
core   0: 0x800094da (0xffed5703) lhu     a4, -2(s10)
core   0: 3 0x800094da (0xffed5703) x14 0x0000009f mem 0x800171e4
core   0: 0x800094de (0x000080a1) c.srli  s1, 8
core   0: 3 0x800094de (0x80a1) x9  0x00000000
core   0: 0x800094e0 (0x0000100f) fence.i
core   0: 3 0x800094e0 (0x0000100f)
core   0: 0x800094e4 (0x00009b7d) c.andi  a4, -1
core   0: 3 0x800094e4 (0x9b7d) x14 0x0000009f
core   0: 0x800094e6 (0x00000001) c.nop
core   0: 3 0x800094e6 (0x0001)
core   0: 0x800094e8 (0x01e0dcb3) srl     s9, ra, t5
core   0: 3 0x800094e8 (0x01e0dcb3) x25 0x00000000
core   0: 0x800094ec (0x00006419) c.lui   s0, 0x6
core   0: 3 0x800094ec (0x6419) x8  0x00006000
core   0: 0x800094ee (0x0140b233) sltu    tp, ra, s4
core   0: 3 0x800094ee (0x0140b233) x4  0x00000000
core   0: 0x800094f2 (0xff6d1783) lh      a5, -10(s10)
core   0: 3 0x800094f2 (0xff6d1783) x15 0xffffe697 mem 0x800171dc
core   0: 0x800094f6 (0x0365f1b3) remu    gp, a1, s6
core   0: 3 0x800094f6 (0x0365f1b3) x3  0xffffff01
core   0: 0x800094fa (0x419fd4b3) sra     s1, t6, s9
core   0: 3 0x800094fa (0x419fd4b3) x9  0x00000001
core   0: 0x800094fe (0xda627e93) andi    t4, tp, -602
core   0: 3 0x800094fe (0xda627e93) x29 0x00000000
core   0: 0x80009502 (0x00d48633) add     a2, s1, a3
core   0: 3 0x80009502 (0x00d48633) x12 0x00000001
core   0: 0x80009506 (0x001d0103) lb      sp, 1(s10)
core   0: 3 0x80009506 (0x001d0103) x2  0xffffff9c mem 0x800171e7
core   0: 0x8000950a (0x00008e97) auipc   t4, 0x8
core   0: 3 0x8000950a (0x00008e97) x29 0x8001150a
core   0: 0x8000950e (0xa1be8e93) addi    t4, t4, -1509
core   0: 3 0x8000950e (0xa1be8e93) x29 0x80010f25
core   0: 0x80009512 (0x0ff0000f) fence   iorw,iorw
core   0: 3 0x80009512 (0x0ff0000f)
core   0: 0x80009516 (0x000083b1) c.srli  a5, 12
core   0: 3 0x80009516 (0x83b1) x15 0x000ffffe
core   0: 0x80009518 (0xfbce8023) sb      t3, -96(t4)
core   0: 3 0x80009518 (0xfbce8023) mem 0x80010ec5 0x67
core   0: 0x8000951c (0xff6ea9a3) sw      s6, -13(t4)
core   0: 3 0x8000951c (0xff6ea9a3) mem 0x80010f18 0x00000000
core   0: 0x80009520 (0x34007ff3) csrrci  t6, mscratch, 0
core   0: 3 0x80009520 (0x34007ff3) x31 0x00000009
core   0: 0x80009524 (0x3ed9dd37) lui     s10, 0x3ed9d
core   0: 3 0x80009524 (0x3ed9dd37) x26 0x3ed9d000
core   0: 0x80009528 (0x013e6d33) or      s10, t3, s3
core   0: 3 0x80009528 (0x013e6d33) x26 0xe3bff7f7
core   0: 0x8000952c (0x34003973) csrrc   s2, mscratch, zero
core   0: 3 0x8000952c (0x34003973) x18 0x00000009
core   0: 0x80009530 (0x52513537) lui     a0, 0x52513
core   0: 3 0x80009530 (0x52513537) x10 0x52513000
core   0: 0x80009534 (0x00008ef9) c.and   a3, a4
core   0: 3 0x80009534 (0x8ef9) x13 0x00000000
core   0: 0x80009536 (0x009fb4b3) sltu    s1, t6, s1
core   0: 3 0x80009536 (0x009fb4b3) x9  0x00000000
core   0: 0x8000953a (0x340023f3) csrr    t2, mscratch
core   0: 3 0x8000953a (0x340023f3) x7  0x00000009
core   0: 0x8000953e (0xf9eecf83) lbu     t6, -98(t4)
core   0: 3 0x8000953e (0xf9eecf83) x31 0x00000078 mem 0x80010ec3
core   0: 0x80009542 (0x0000100f) fence.i
core   0: 3 0x80009542 (0x0000100f)
core   0: 0x80009546 (0xf1fe95a3) sh      t6, -245(t4)
core   0: 3 0x80009546 (0xf1fe95a3) mem 0x80010e30 0x0078
core   0: 0x8000954a (0x0bae8003) lb      zero, 186(t4)
core   0: 3 0x8000954a (0x0bae8003) mem 0x80010fdf
core   0: 0x8000954e (0x03d29633) mulh    a2, t0, t4
core   0: 3 0x8000954e (0x03d29633) x12 0x05412fd9
core   0: 0x80009552 (0x00008c81) c.sub   s1, s0
core   0: 3 0x80009552 (0x8c81) x9  0xffffa000
core   0: 0x80009554 (0x035b2233) mulhsu  tp, s6, s5
core   0: 3 0x80009554 (0x035b2233) x4  0x00000000
core   0: 0x80009558 (0x008b0633) add     a2, s6, s0
core   0: 3 0x80009558 (0x008b0633) x12 0x00006000
core   0: 0x8000955c (0x0beeafa3) sw      t5, 191(t4)
core   0: 3 0x8000955c (0x0beeafa3) mem 0x80010fe4 0x80029d24
core   0: 0x80009560 (0x00000001) c.nop
core   0: 3 0x80009560 (0x0001)
core   0: 0x80009562 (0x34006c73) csrrsi  s8, mscratch, 0
core   0: 3 0x80009562 (0x34006c73) x24 0x00000009
core   0: 0x80009566 (0x019e8b03) lb      s6, 25(t4)
core   0: 3 0x80009566 (0x019e8b03) x22 0xfffffff5 mem 0x80010f3e
core   0: 0x8000956a (0x00008996) c.mv    s3, t0
core   0: 3 0x8000956a (0x8996) x19 0xf57d8a0a
core   0: 0x8000956c (0x817cfa93) andi    s5, s9, -2025
core   0: 3 0x8000956c (0x817cfa93) x21 0x00000000
core   0: 0x80009570 (0xf6eeaba3) sw      a4, -137(t4)
core   0: 3 0x80009570 (0xf6eeaba3) mem 0x80010e9c 0x0000009f
core   0: 0x80009574 (0x00008289) c.srli  a3, 2
core   0: 3 0x80009574 (0x8289) x13 0x00000000
core   0: 0x80009576 (0x05de8103) lb      sp, 93(t4)
core   0: 3 0x80009576 (0x05de8103) x2  0x0000000a mem 0x80010f82
core   0: 0x8000957a (0x03022fb3) mulhsu  t6, tp, a6
core   0: 3 0x8000957a (0x03022fb3) x31 0x00000000
core   0: 0x8000957e (0x00efd233) srl     tp, t6, a4
core   0: 3 0x8000957e (0x00efd233) x4  0x00000000
core   0: 0x80009582 (0x03cd9cb3) mulh    s9, s11, t3
core   0: 3 0x80009582 (0x03cd9cb3) x25 0xfeb1943a
core   0: 0x80009586 (0x012229b3) slt     s3, tp, s2
core   0: 3 0x80009586 (0x012229b3) x19 0x00000001
core   0: 0x8000958a (0x040e8023) sb      zero, 64(t4)
core   0: 3 0x8000958a (0x040e8023) mem 0x80010f65 0x00
core   0: 0x8000958e (0x00009417) auipc   s0, 0x9
core   0: 3 0x8000958e (0x00009417) x8  0x8001258e
core   0: 0x80009592 (0xac940413) addi    s0, s0, -1335
core   0: 3 0x80009592 (0xac940413) x8  0x80012057
core   0: 0x80009596 (0xfe540083) lb      ra, -27(s0)
core   0: 3 0x80009596 (0xfe540083) x1  0xfffffff7 mem 0x8001203c
core   0: 0x8000959a (0x0e044203) lbu     tp, 224(s0)
core   0: 3 0x8000959a (0x0e044203) x4  0x000000ec mem 0x80012137
core   0: 0x8000959e (0xf1540723) sb      s5, -242(s0)
core   0: 3 0x8000959e (0xf1540723) mem 0x80011f65 0x00
core   0: 0x800095a2 (0x0c244583) lbu     a1, 194(s0)
core   0: 3 0x800095a2 (0x0c244583) x11 0x000000d2 mem 0x80012119
core   0: 0x800095a6 (0x00001110) c.addi4spn a2, sp, 160
core   0: 3 0x800095a6 (0x1110) x12 0x000000aa
core   0: 0x800095a8 (0x0ad45903) lhu     s2, 173(s0)
core   0: 3 0x800095a8 (0x0ad45903) x18 0x0000bebf mem 0x80012104
core   0: 0x800095ac (0x030d3133) mulhu   sp, s10, a6
core   0: 3 0x800095ac (0x030d3133) x2  0x00000002
core   0: 0x800095b0 (0x0ae44903) lbu     s2, 174(s0)
core   0: 3 0x800095b0 (0x0ae44903) x18 0x000000be mem 0x80012105
core   0: 0x800095b4 (0x00001c98) c.addi4spn a4, sp, 624
core   0: 3 0x800095b4 (0x1c98) x14 0x00000272
core   0: 0x800095b6 (0x002ea533) slt     a0, t4, sp
core   0: 3 0x800095b6 (0x002ea533) x10 0x00000001
core   0: 0x800095ba (0xf8341ea3) sh      gp, -99(s0)
core   0: 3 0x800095ba (0xf8341ea3) mem 0x80011ff4 0xff01
core   0: 0x800095be (0x00006a75) c.lui   s4, 0x1d
core   0: 3 0x800095be (0x6a75) x20 0x0001d000
core   0: 0x800095c0 (0x0ff40183) lb      gp, 255(s0)
core   0: 3 0x800095c0 (0x0ff40183) x3  0x0000000d mem 0x80012156
core   0: 0x800095c4 (0xf4a40083) lb      ra, -182(s0)
core   0: 3 0x800095c4 (0xf4a40083) x1  0x0000005a mem 0x80011fa1
core   0: 0x800095c8 (0x01fa3e93) sltiu   t4, s4, 31
core   0: 3 0x800095c8 (0x01fa3e93) x29 0x00000000
core   0: 0x800095cc (0xfd044883) lbu     a7, -48(s0)
core   0: 3 0x800095cc (0xfd044883) x17 0x000000dc mem 0x80012027
core   0: 0x800095d0 (0xfa440423) sb      tp, -88(s0)
core   0: 3 0x800095d0 (0xfa440423) mem 0x80011fff 0xec
core   0: 0x800095d4 (0x0ba40523) sb      s10, 170(s0)
core   0: 3 0x800095d4 (0x0ba40523) mem 0x80012101 0xf7
core   0: 0x800095d8 (0x00008f89) c.sub   a5, a0
core   0: 3 0x800095d8 (0x8f89) x15 0x000ffffd
core   0: 0x800095da (0x01d11613) slli    a2, sp, 29
core   0: 3 0x800095da (0x01d11613) x12 0x40000000
core   0: 0x800095de (0xe3087613) andi    a2, a6, -464
core   0: 3 0x800095de (0xe3087613) x12 0x00000000
core   0: 0x800095e2 (0x00000001) c.nop
core   0: 3 0x800095e2 (0x0001)
core   0: 0x800095e4 (0x0138d3b3) srl     t2, a7, s3
core   0: 3 0x800095e4 (0x0138d3b3) x7  0x0000006e
core   0: 0x800095e8 (0x07240d83) lb      s11, 114(s0)
core   0: 3 0x800095e8 (0x07240d83) x27 0xffffff82 mem 0x800120c9
core   0: 0x800095ec (0x01781133) sll     sp, a6, s7
core   0: 3 0x800095ec (0x01781133) x2  0x30000000
core   0: 0x800095f0 (0x00009a7d) c.andi  a2, -1
core   0: 3 0x800095f0 (0x9a7d) x12 0x00000000
core   0: 0x800095f2 (0x00640823) sb      t1, 16(s0)
core   0: 3 0x800095f2 (0x00640823) mem 0x80012067 0xa9
core   0: 0x800095f6 (0x0000e117) auipc   sp, 0xe
core   0: 3 0x800095f6 (0x0000e117) x2  0x800175f6
core   0: 0x800095fa (0x1c110113) addi    sp, sp, 449
core   0: 3 0x800095fa (0x1c110113) x2  0x800177b7
core   0: 0x800095fe (0x9e51e313) ori     t1, gp, -1563
core   0: 3 0x800095fe (0x9e51e313) x6  0xfffff9ed
core   0: 0x80009602 (0x01e10b23) sb      t5, 22(sp)
core   0: 3 0x80009602 (0x01e10b23) mem 0x800177cd 0x24
core   0: 0x80009606 (0x03c528b3) mulhsu  a7, a0, t3
core   0: 3 0x80009606 (0x03c528b3) x17 0x00000000
core   0: 0x8000960a (0x82ab4893) xori    a7, s6, -2006
core   0: 3 0x8000960a (0x82ab4893) x17 0x000007df
core   0: 0x8000960e (0xff510a83) lb      s5, -11(sp)
core   0: 3 0x8000960e (0xff510a83) x21 0x00000067 mem 0x800177ac
core   0: 0x80009612 (0x34002cf3) csrr    s9, mscratch
core   0: 3 0x80009612 (0x34002cf3) x25 0x00000009
core   0: 0x80009616 (0x01c4da13) srli    s4, s1, 28
core   0: 3 0x80009616 (0x01c4da13) x20 0x0000000f
core   0: 0x8000961a (0xfdd11683) lh      a3, -35(sp)
core   0: 3 0x8000961a (0xfdd11683) x13 0x00004e4f mem 0x80017794
core   0: 0x8000961e (0xfe4117a3) sh      tp, -17(sp)
core   0: 3 0x8000961e (0xfe4117a3) mem 0x800177a6 0x00ec
core   0: 0x80009622 (0x00912683) lw      a3, 9(sp)
core   0: 3 0x80009622 (0x00912683) x13 0x78797a7b mem 0x800177c0
core   0: 0x80009626 (0xfd010d83) lb      s11, -48(sp)
core   0: 3 0x80009626 (0xfd010d83) x27 0x0000003c mem 0x80017787
core   0: 0x8000962a (0x03715d03) lhu     s10, 55(sp)
core   0: 3 0x8000962a (0x03715d03) x26 0x0000a4a5 mem 0x800177ee
core   0: 0x8000962e (0x00811aa3) sh      s0, 21(sp)
core   0: 3 0x8000962e (0x00811aa3) mem 0x800177cc 0x2057
core   0: 0x80009632 (0x029ea833) mulhsu  a6, t4, s1
core   0: 3 0x80009632 (0x029ea833) x16 0x00000000
core   0: 0x80009636 (0xe917d017) auipc   zero, 0xe917d
core   0: 3 0x80009636 (0xe917d017)
core   0: 0x8000963a (0x34057e73) csrrci  t3, mscratch, 10
core   0: 3 0x8000963a (0x34057e73) x28 0x00000009 c832_mscratch 0x00000001
core   0: 0x8000963e (0x24006f93) ori     t6, zero, 576
core   0: 3 0x8000963e (0x24006f93) x31 0x00000240
core   0: 0x80009642 (0xfd110e23) sb      a7, -36(sp)
core   0: 3 0x80009642 (0xfd110e23) mem 0x80017793 0xdf
core   0: 0x80009646 (0x03111703) lh      a4, 49(sp)
core   0: 3 0x80009646 (0x03111703) x14 0xffffa2a3 mem 0x800177e8
core   0: 0x8000964a (0x01610783) lb      a5, 22(sp)
core   0: 3 0x8000964a (0x01610783) x15 0x00000020 mem 0x800177cd
core   0: 0x8000964e (0xfc610503) lb      a0, -58(sp)
core   0: 3 0x8000964e (0xfc610503) x10 0x00000036 mem 0x8001777d
core   0: 0x80009652 (0xfd410d83) lb      s11, -44(sp)
core   0: 3 0x80009652 (0xfd410d83) x27 0x00000040 mem 0x8001778b
core   0: 0x80009656 (0x340566f3) csrrsi  a3, mscratch, 10
core   0: 3 0x80009656 (0x340566f3) x13 0x00000001 c832_mscratch 0x0000000b
core   0: 0x8000965a (0xfe6102a3) sb      t1, -27(sp)
core   0: 3 0x8000965a (0xfe6102a3) mem 0x8001779c 0xed
core   0: 0x8000965e (0x02b10383) lb      t2, 43(sp)
core   0: 3 0x8000965e (0x02b10383) x7  0xffffff99 mem 0x800177e2
core   0: 0x80009662 (0x01115583) lhu     a1, 17(sp)
core   0: 3 0x80009662 (0x01115583) x11 0x00008283 mem 0x800177c8
core   0: 0x80009666 (0x00000e4d) c.addi  t3, 19
core   0: 3 0x80009666 (0x0e4d) x28 0x0000001c
core   0: 0x80009668 (0x00008fba) c.mv    t6, a4
core   0: 3 0x80009668 (0x8fba) x31 0xffffa2a3
core   0: 0x8000966a (0x0000941a) c.add   s0, t1
core   0: 3 0x8000966a (0x941a) x8  0x80011a44
core   0: 0x8000966c (0x022481b3) mul     gp, s1, sp
core   0: 3 0x8000966c (0x022481b3) x3  0x731b6000
core   0: 0x80009670 (0xfd610303) lb      t1, -42(sp)
core   0: 3 0x80009670 (0xfd610303) x6  0x00000046 mem 0x8001778d
core   0: 0x80009674 (0x1953b997) auipc   s3, 0x1953b
core   0: 3 0x80009674 (0x1953b997) x19 0x99544674
core   0: 0x80009678 (0x00410003) lb      zero, 4(sp)
core   0: 3 0x80009678 (0x00410003) mem 0x800177bb
core   0: 0x8000967c (0x9497e793) ori     a5, a5, -1719
core   0: 3 0x8000967c (0x9497e793) x15 0xfffff969
core   0: 0x80009680 (0x34007a73) csrrci  s4, mscratch, 0
core   0: 3 0x80009680 (0x34007a73) x20 0x0000000b
core   0: 0x80009684 (0x00000001) c.nop
core   0: 3 0x80009684 (0x0001)
core   0: 0x80009686 (0xffc10203) lb      tp, -4(sp)
core   0: 3 0x80009686 (0xffc10203) x4  0x00000068 mem 0x800177b3
core   0: 0x8000968a (0xffecb217) auipc   tp, 0xffecb
core   0: 3 0x8000968a (0xffecb217) x4  0x7fed468a
core   0: 0x8000968e (0x34043c73) csrrc   s8, mscratch, s0
core   0: 3 0x8000968e (0x34043c73) x24 0x0000000b c832_mscratch 0x0000000b
core   0: 0x80009692 (0x015c84b3) add     s1, s9, s5
core   0: 3 0x80009692 (0x015c84b3) x9  0x00000070
core   0: 0x80009696 (0x00a7e1b3) or      gp, a5, a0
core   0: 3 0x80009696 (0x00a7e1b3) x3  0xfffff97f
core   0: 0x8000969a (0x03d10823) sb      t4, 48(sp)
core   0: 3 0x8000969a (0x03d10823) mem 0x800177e7 0x00
core   0: 0x8000969e (0x00f10fa3) sb      a5, 31(sp)
core   0: 3 0x8000969e (0x00f10fa3) mem 0x800177d6 0x69
core   0: 0x800096a2 (0x000064fd) c.lui   s1, 0x1f
core   0: 3 0x800096a2 (0x64fd) x9  0x0001f000
core   0: 0x800096a4 (0xfcc11da3) sh      a2, -37(sp)
core   0: 3 0x800096a4 (0xfcc11da3) mem 0x80017792 0x0000
core   0: 0x800096a8 (0x00689e93) slli    t4, a7, 6
core   0: 3 0x800096a8 (0x00689e93) x29 0x0001f7c0
core   0: 0x800096ac (0x000080f2) c.mv    ra, t3
core   0: 3 0x800096ac (0x80f2) x1  0x0000001c
core   0: 0x800096ae (0x00410c83) lb      s9, 4(sp)
core   0: 3 0x800096ae (0x00410c83) x25 0x00000070 mem 0x800177bb
core   0: 0x800096b2 (0xffb14d03) lbu     s10, -5(sp)
core   0: 3 0x800096b2 (0xffb14d03) x26 0x00000069 mem 0x800177b2
core   0: 0x800096b6 (0xff9101a3) sb      s9, -29(sp)
core   0: 3 0x800096b6 (0xff9101a3) mem 0x8001779a 0x70
core   0: 0x800096ba (0x34006673) csrrsi  a2, mscratch, 0
core   0: 3 0x800096ba (0x34006673) x12 0x0000000b
core   0: 0x800096be (0x01d11303) lh      t1, 29(sp)
core   0: 3 0x800096be (0x01d11303) x6  0xffff8e8f mem 0x800177d4
core   0: 0x800096c2 (0xfdb10023) sb      s11, -64(sp)
core   0: 3 0x800096c2 (0xfdb10023) mem 0x80017777 0x40
core   0: 0x800096c6 (0x0080d433) srl     s0, ra, s0
core   0: 3 0x800096c6 (0x0080d433) x8  0x00000001
core   0: 0x800096ca (0x03810983) lb      s3, 56(sp)
core   0: 3 0x800096ca (0x03810983) x19 0xffffffa4 mem 0x800177ef
core   0: 0x800096ce (0xfed10683) lb      a3, -19(sp)
core   0: 3 0x800096ce (0xfed10683) x13 0x0000005f mem 0x800177a4
core   0: 0x800096d2 (0x00001afd) c.addi  s5, -1
core   0: 3 0x800096d2 (0x1afd) x21 0x00000066
core   0: 0x800096d4 (0x340754f3) csrrwi  s1, mscratch, 14
core   0: 3 0x800096d4 (0x340754f3) x9  0x0000000b c832_mscratch 0x0000000e
core   0: 0x800096d8 (0x01094933) xor     s2, s2, a6
core   0: 3 0x800096d8 (0x01094933) x18 0x000000be
core   0: 0x800096dc (0x0000e985) c.bnez  a1, pc + 48
core   0: 3 0x800096dc (0xe985)
core   0: 0x8000970c (0x00008495) c.srai  s1, 5
core   0: 3 0x8000970c (0x8495) x9  0x00000000
core   0: 0x8000970e (0x0395cfb3) div     t6, a1, s9
core   0: 3 0x8000970e (0x0395cfb3) x31 0x0000012a
core   0: 0x80009712 (0x00009fb6) c.add   t6, a3
core   0: 3 0x80009712 (0x9fb6) x31 0x00000189
core   0: 0x80009714 (0x000080a1) c.srli  s1, 8
core   0: 3 0x80009714 (0x80a1) x9  0x00000000
core   0: 0x80009716 (0x00000001) c.nop
core   0: 3 0x80009716 (0x0001)
core   0: 0x80009718 (0x63adec13) ori     s8, s11, 1594
core   0: 3 0x80009718 (0x63adec13) x24 0x0000067a
core   0: 0x8000971c (0x0124c5b3) xor     a1, s1, s2
core   0: 3 0x8000971c (0x0124c5b3) x11 0x000000be
core   0: 0x80009720 (0x00008db1) c.xor   a1, a2
core   0: 3 0x80009720 (0x8db1) x11 0x000000b5
core   0: 0x80009722 (0x0362b133) mulhu   sp, t0, s6
core   0: 3 0x80009722 (0x0362b133) x2  0xf57d89ff
core   0: 0x80009726 (0x12fc3393) sltiu   t2, s8, 303
core   0: 3 0x80009726 (0x12fc3393) x7  0x00000000
core   0: 0x8000972a (0x340e9973) csrrw   s2, mscratch, t4
core   0: 3 0x8000972a (0x340e9973) x18 0x0000000e c832_mscratch 0x0001f7c0
core   0: 0x8000972e (0x408cde33) sra     t3, s9, s0
core   0: 3 0x8000972e (0x408cde33) x28 0x00000038
core   0: 0x80009732 (0x00008129) c.srli  a0, 10
core   0: 3 0x80009732 (0x8129) x10 0x00000000
core   0: 0x80009734 (0x4054de13) srai    t3, s1, 5
core   0: 3 0x80009734 (0x4054de13) x28 0x00000000
core   0: 0x80009738 (0x0381f963) bgeu    gp, s8, pc + 50
core   0: 3 0x80009738 (0x0381f963)
core   0: 0x8000976a (0x00000e89) c.addi  t4, 2
core   0: 3 0x8000976a (0x0e89) x29 0x0001f7c2
core   0: 0x8000976c (0x025b5fb3) divu    t6, s6, t0
core   0: 3 0x8000976c (0x025b5fb3) x31 0x00000001
core   0: 0x80009770 (0x032f5233) divu    tp, t5, s2
core   0: 3 0x80009770 (0x032f5233) x4  0x0924c214
core   0: 0x80009774 (0x0000557d) c.li    a0, -1
core   0: 3 0x80009774 (0x557d) x10 0xffffffff
core   0: 0x80009776 (0x0000927a) c.add   tp, t5
core   0: 3 0x80009776 (0x927a) x4  0x89275f38
core   0: 0x80009778 (0x00ae2433) slt     s0, t3, a0
core   0: 3 0x80009778 (0x00ae2433) x8  0x00000000
core   0: 0x8000977c (0x00dd0533) add     a0, s10, a3
core   0: 3 0x8000977c (0x00dd0533) x10 0x000000c8
core   0: 0x80009780 (0x0fb3f213) andi    tp, t2, 251
core   0: 3 0x80009780 (0x0fb3f213) x4  0x00000000
core   0: 0x80009784 (0x0228e863) bltu    a7, sp, pc + 48
core   0: 3 0x80009784 (0x0228e863)
core   0: 0x800097b4 (0x00000094) c.addi4spn a3, sp, 64
core   0: 3 0x800097b4 (0x0094) x13 0xf57d8a3f
core   0: 0x800097b6 (0x033765b3) rem     a1, a4, s3
core   0: 3 0x800097b6 (0x033765b3) x11 0xffffffb7
core   0: 0x800097ba (0x00e39563) bne     t2, a4, pc + 10
core   0: 3 0x800097ba (0x00e39563)
core   0: 0x800097c4 (0x00006a31) c.lui   s4, 0xc
core   0: 3 0x800097c4 (0x6a31) x20 0x0000c000
core   0: 0x800097c6 (0x00bd1e33) sll     t3, s10, a1
core   0: 3 0x800097c6 (0x00bd1e33) x28 0x34800000
core   0: 0x800097ca (0x3405b373) csrrc   t1, mscratch, a1
core   0: 3 0x800097ca (0x3405b373) x6  0x0001f7c0 c832_mscratch 0x00000040
core   0: 0x800097ce (0x0000e911) c.bnez  a0, pc + 20
core   0: 3 0x800097ce (0xe911)
core   0: 0x800097e2 (0x1e91aa93) slti    s5, gp, 489
core   0: 3 0x800097e2 (0x1e91aa93) x21 0x00000001
core   0: 0x800097e6 (0x000011fd) c.addi  gp, -1
core   0: 3 0x800097e6 (0x11fd) x3  0xfffff97e
core   0: 0x800097e8 (0x00ae1033) sll     zero, t3, a0
core   0: 3 0x800097e8 (0x00ae1033)
core   0: 0x800097ec (0x03e85263) bge     a6, t5, pc + 36
core   0: 3 0x800097ec (0x03e85263)
core   0: 0x80009810 (0x00adc6b3) xor     a3, s11, a0
core   0: 3 0x80009810 (0x00adc6b3) x13 0x00000088
core   0: 0x80009814 (0x00de0233) add     tp, t3, a3
core   0: 3 0x80009814 (0x00de0233) x4  0x34800088
core   0: 0x80009818 (0x00000f8c) c.addi4spn a1, sp, 976
core   0: 3 0x80009818 (0x0f8c) x11 0xf57d8dcf
core   0: 0x8000981a (0x00008d35) c.xor   a0, a3
core   0: 3 0x8000981a (0x8d35) x10 0x00000040
core   0: 0x8000981c (0x005b3b33) sltu    s6, s6, t0
core   0: 3 0x8000981c (0x005b3b33) x22 0x00000000
core   0: 0x80009820 (0x0000717d) c.addi16sp sp, -16
core   0: 3 0x80009820 (0x717d) x2  0xf57d89ef
core   0: 0x80009822 (0x01d21ab3) sll     s5, tp, t4
core   0: 3 0x80009822 (0x01d21ab3) x21 0xd2000220
core   0: 0x80009826 (0x01efa833) slt     a6, t6, t5
core   0: 3 0x80009826 (0x01efa833) x16 0x00000000
core   0: 0x8000982a (0x340e5ff3) csrrwi  t6, mscratch, 28
core   0: 3 0x8000982a (0x340e5ff3) x31 0x00000040 c832_mscratch 0x0000001c
core   0: 0x8000982e (0x0074d393) srli    t2, s1, 7
core   0: 3 0x8000982e (0x0074d393) x7  0x00000000
core   0: 0x80009832 (0x02028eb3) mul     t4, t0, zero
core   0: 3 0x80009832 (0x02028eb3) x29 0x00000000
core   0: 0x80009836 (0x02bde9b3) rem     s3, s11, a1
core   0: 3 0x80009836 (0x02bde9b3) x19 0x00000040
core   0: 0x8000983a (0x02160833) mul     a6, a2, ra
core   0: 3 0x8000983a (0x02160833) x16 0x00000134
core   0: 0x8000983e (0x00004381) c.li    t2, 0
core   0: 3 0x8000983e (0x4381) x7  0x00000000
core   0: 0x80009840 (0x0ad9b313) sltiu   t1, s3, 173
core   0: 3 0x80009840 (0x0ad9b313) x6  0x00000001
core   0: 0x80009844 (0x01c52eb3) slt     t4, a0, t3
core   0: 3 0x80009844 (0x01c52eb3) x29 0x00000001
core   0: 0x80009848 (0x34007673) csrrci  a2, mscratch, 0
core   0: 3 0x80009848 (0x34007673) x12 0x0000001c
core   0: 0x8000984c (0x012968b3) or      a7, s2, s2
core   0: 3 0x8000984c (0x012968b3) x17 0x0000000e
core   0: 0x80009850 (0x0000e421) c.bnez  s0, pc + 72
core   0: 3 0x80009850 (0xe421)
core   0: 0x80009852 (0x340023f3) csrr    t2, mscratch
core   0: 3 0x80009852 (0x340023f3) x7  0x0000001c
core   0: 0x80009856 (0xa6700393) li      t2, -1433
core   0: 3 0x80009856 (0xa6700393) x7  0xfffffa67
core   0: 0x8000985a (0x41865313) srai    t1, a2, 24
core   0: 3 0x8000985a (0x41865313) x6  0x00000000
core   0: 0x8000985e (0x3408a1f3) csrrs   gp, mscratch, a7
core   0: 3 0x8000985e (0x3408a1f3) x3  0x0000001c c832_mscratch 0x0000001e
core   0: 0x80009862 (0x416a5133) sra     sp, s4, s6
core   0: 3 0x80009862 (0x416a5133) x2  0x0000c000
core   0: 0x80009866 (0x00008f31) c.xor   a4, a2
core   0: 3 0x80009866 (0x8f31) x14 0xffffa2bf
core   0: 0x80009868 (0x001698b3) sll     a7, a3, ra
core   0: 3 0x80009868 (0x001698b3) x17 0x80000000
core   0: 0x8000986c (0x00d91a33) sll     s4, s2, a3
core   0: 3 0x8000986c (0x00d91a33) x20 0x00000e00
core   0: 0x80009870 (0x02ccd9b3) divu    s3, s9, a2
core   0: 3 0x80009870 (0x02ccd9b3) x19 0x00000004
core   0: 0x80009874 (0x0ff0000f) fence   iorw,iorw
core   0: 3 0x80009874 (0x0ff0000f)
core   0: 0x80009878 (0x40255333) sra     t1, a0, sp
core   0: 3 0x80009878 (0x40255333) x6  0x00000040
core   0: 0x8000987c (0x03adc063) blt     s11, s10, pc + 32
core   0: 3 0x8000987c (0x03adc063)
core   0: 0x8000989c (0x0ff0000f) fence   iorw,iorw
core   0: 3 0x8000989c (0x0ff0000f)
core   0: 0x800098a0 (0x01740e33) add     t3, s0, s7
core   0: 3 0x800098a0 (0x01740e33) x28 0x80025ddc
core   0: 0x800098a4 (0x02cb4d33) div     s10, s6, a2
core   0: 3 0x800098a4 (0x02cb4d33) x26 0x00000000
core   0: 0x800098a8 (0x34007b73) csrrci  s6, mscratch, 0
core   0: 3 0x800098a8 (0x34007b73) x22 0x0000001e
core   0: 0x800098ac (0x00008f0d) c.sub   a4, a1
core   0: 3 0x800098ac (0x8f0d) x14 0x0a8214f0
core   0: 0x800098ae (0x00a82b33) slt     s6, a6, a0
core   0: 3 0x800098ae (0x00a82b33) x22 0x00000000
core   0: 0x800098b2 (0x037defb3) rem     t6, s11, s7
core   0: 3 0x800098b2 (0x037defb3) x31 0x00000040
core   0: 0x800098b6 (0x024e0a63) beq     t3, tp, pc + 52
core   0: 3 0x800098b6 (0x024e0a63)
core   0: 0x800098ba (0x03e97b33) remu    s6, s2, t5
core   0: 3 0x800098ba (0x03e97b33) x22 0x0000000e
core   0: 0x800098be (0x3162fa13) andi    s4, t0, 790
core   0: 3 0x800098be (0x3162fa13) x20 0x00000202
core   0: 0x800098c2 (0x036d1033) mulh    zero, s10, s6
core   0: 3 0x800098c2 (0x036d1033)
core   0: 0x800098c6 (0x013c9cb3) sll     s9, s9, s3
core   0: 3 0x800098c6 (0x013c9cb3) x25 0x00000700
core   0: 0x800098ca (0xdd660e17) auipc   t3, 0xdd660
core   0: 3 0x800098ca (0xdd660e17) x28 0x5d6698ca
core   0: 0x800098ce (0x0000100f) fence.i
core   0: 3 0x800098ce (0x0000100f)
core   0: 0x800098d2 (0x00001710) c.addi4spn a2, sp, 928
core   0: 3 0x800098d2 (0x1710) x12 0x0000c3a0
core   0: 0x800098d4 (0x34036c73) csrrsi  s8, mscratch, 6
core   0: 3 0x800098d4 (0x34036c73) x24 0x0000001e c832_mscratch 0x0000001e
core   0: 0x800098d8 (0x41b15e13) srai    t3, sp, 27
core   0: 3 0x800098d8 (0x41b15e13) x28 0x00000000
core   0: 0x800098dc (0x0319bcb3) mulhu   s9, s3, a7
core   0: 3 0x800098dc (0x0319bcb3) x25 0x00000002
core   0: 0x800098e0 (0x00000ff9) c.addi  t6, 30
core   0: 3 0x800098e0 (0x0ff9) x31 0x0000005e
core   0: 0x800098e2 (0x03a981b3) mul     gp, s3, s10
core   0: 3 0x800098e2 (0x03a981b3) x3  0x00000000
core   0: 0x800098e6 (0x02a8f9b3) remu    s3, a7, a0
core   0: 3 0x800098e6 (0x02a8f9b3) x19 0x00000000
core   0: 0x800098ea (0x493a8697) auipc   a3, 0x493a8
core   0: 3 0x800098ea (0x493a8697) x13 0xc93b18ea
core   0: 0x800098ee (0x00acd533) srl     a0, s9, a0
core   0: 3 0x800098ee (0x00acd533) x10 0x00000002
core   0: 0x800098f2 (0x0216c233) div     tp, a3, ra
core   0: 3 0x800098f2 (0x0216c233) x4  0xfe0b40e4
core   0: 0x800098f6 (0x0000717d) c.addi16sp sp, -16
core   0: 3 0x800098f6 (0x717d) x2  0x0000bff0
core   0: 0x800098f8 (0x0000921e) c.add   tp, t2
core   0: 3 0x800098f8 (0x921e) x4  0xfe0b3b4b
core   0: 0x800098fa (0x61113e93) sltiu   t4, sp, 1553
core   0: 3 0x800098fa (0x61113e93) x29 0x00000000
core   0: 0x800098fe (0x02817a63) bgeu    sp, s0, pc + 52
core   0: 3 0x800098fe (0x02817a63)
core   0: 0x80009932 (0x0c772a93) slti    s5, a4, 199
core   0: 3 0x80009932 (0x0c772a93) x21 0x00000000
core   0: 0x80009936 (0x10058463) beqz    a1, pc + 264
core   0: 3 0x80009936 (0x10058463)
core   0: 0x8000993a (0xbff5c613) xori    a2, a1, -1025
core   0: 3 0x8000993a (0xbff5c613) x12 0x0a827630
core   0: 0x8000993e (0x02f93133) mulhu   sp, s2, a5
core   0: 3 0x8000993e (0x02f93133) x2  0x0000000d
core   0: 0x80009942 (0x5222c093) xori    ra, t0, 1314
core   0: 3 0x80009942 (0x5222c093) x1  0xf57d8f28
core   0: 0x80009946 (0x47a6a013) slti    zero, a3, 1146
core   0: 3 0x80009946 (0x47a6a013)
core   0: 0x8000994a (0xd77a2f97) auipc   t6, 0xd77a2
core   0: 3 0x8000994a (0xd77a2f97) x31 0x577ab94a
core   0: 0x8000994e (0x03e60e33) mul     t3, a2, t5
core   0: 3 0x8000994e (0x03e60e33) x28 0x69340ec0
core   0: 0x80009952 (0x0000997e) c.add   s2, t6
core   0: 3 0x80009952 (0x997e) x18 0x577ab958
core   0: 0x80009954 (0x00008215) c.srli  a2, 5
core   0: 3 0x80009954 (0x8215) x12 0x005413b1
core   0: 0x80009956 (0x00c010b3) sll     ra, zero, a2
core   0: 3 0x80009956 (0x00c010b3) x1  0x00000000
core   0: 0x8000995a (0x00000108) c.addi4spn a0, sp, 128
core   0: 3 0x8000995a (0x0108) x10 0x0000008d
core   0: 0x8000995c (0x00007117) auipc   sp, 0x7
core   0: 3 0x8000995c (0x00007117) x2  0x8001095c
core   0: 0x80009960 (0xef610113) addi    sp, sp, -266
core   0: 3 0x80009960 (0xef610113) x2  0x80010852
core   0: 0x80009964 (0x03d263b3) rem     t2, tp, t4
core   0: 3 0x80009964 (0x03d263b3) x7  0xfe0b3b4b
core   0: 0x80009968 (0x00b03fb3) snez    t6, a1
core   0: 3 0x80009968 (0x00b03fb3) x31 0x00000001
core   0: 0x8000996c (0x00008e25) c.xor   a2, s1
core   0: 3 0x8000996c (0x8e25) x12 0x005413b1
core   0: 0x8000996e (0x00008111) c.srli  a0, 4
core   0: 3 0x8000996e (0x8111) x10 0x00000008
core   0: 0x80009970 (0x03804d33) div     s10, zero, s8
core   0: 3 0x80009970 (0x03804d33) x26 0x00000000
core   0: 0x80009974 (0x05010203) lb      tp, 80(sp)
core   0: 3 0x80009974 (0x05010203) x4  0x00000059 mem 0x800108a2
core   0: 0x80009978 (0x4566fc13) andi    s8, a3, 1110
core   0: 3 0x80009978 (0x4566fc13) x24 0x00000042
core   0: 0x8000997c (0x000087ae) c.mv    a5, a1
core   0: 3 0x8000997c (0x87ae) x15 0xf57d8dcf
core   0: 0x8000997e (0x01cf5a93) srli    s5, t5, 28
core   0: 3 0x8000997e (0x01cf5a93) x21 0x00000008
core   0: 0x80009982 (0x0fb10a83) lb      s5, 251(sp)
core   0: 3 0x80009982 (0x0fb10a83) x21 0x00000006 mem 0x8001094d
core   0: 0x80009986 (0x02d4efb3) rem     t6, s1, a3
core   0: 3 0x80009986 (0x02d4efb3) x31 0x00000000
core   0: 0x8000998a (0xf4f10703) lb      a4, -177(sp)
core   0: 3 0x8000998a (0xf4f10703) x14 0x0000005a mem 0x800107a1
core   0: 0x8000998e (0x01d11023) sh      t4, 0(sp)
core   0: 3 0x8000998e (0x01d11023) mem 0x80010852 0x0000
core   0: 0x80009992 (0x03bc6033) rem     zero, s8, s11
core   0: 3 0x80009992 (0x03bc6033)
core   0: 0x80009996 (0x00211783) lh      a5, 2(sp)
core   0: 3 0x80009996 (0x00211783) x15 0x00000e0f mem 0x80010854
core   0: 0x8000999a (0xceb2e937) lui     s2, 0xceb2e
core   0: 3 0x8000999a (0xceb2e937) x18 0xceb2e000
core   0: 0x8000999e (0x00886b33) or      s6, a6, s0
core   0: 3 0x8000999e (0x00886b33) x22 0x00000134
core   0: 0x800099a2 (0x00000001) c.nop
core   0: 3 0x800099a2 (0x0001)
core   0: 0x800099a4 (0x0bd14303) lbu     t1, 189(sp)
core   0: 3 0x800099a4 (0x0bd14303) x6  0x000000c4 mem 0x8001090f
core   0: 0x800099a8 (0xfb014e83) lbu     t4, -80(sp)
core   0: 3 0x800099a8 (0xfb014e83) x29 0x000000b9 mem 0x80010802
core   0: 0x800099ac (0x0065f3b3) and     t2, a1, t1
core   0: 3 0x800099ac (0x0065f3b3) x7  0x000000c4
core   0: 0x800099b0 (0xf8a15c03) lhu     s8, -118(sp)
core   0: 3 0x800099b0 (0xf8a15c03) x24 0x00009697 mem 0x800107dc
core   0: 0x800099b4 (0x019975b3) and     a1, s2, s9
core   0: 3 0x800099b4 (0x019975b3) x11 0x00000000
core   0: 0x800099b8 (0x000085f6) c.mv    a1, t4
core   0: 3 0x800099b8 (0x85f6) x11 0x000000b9
core   0: 0x800099ba (0x0000886e) c.mv    a6, s11
core   0: 3 0x800099ba (0x886e) x16 0x00000040
core   0: 0x800099bc (0x00008a0e) c.mv    s4, gp
core   0: 3 0x800099bc (0x8a0e) x20 0x00000000
core   0: 0x800099be (0xf3814b03) lbu     s6, -200(sp)
core   0: 3 0x800099be (0xf3814b03) x22 0x00000041 mem 0x8001078a
core   0: 0x800099c2 (0x0000100f) fence.i
core   0: 3 0x800099c2 (0x0000100f)
core   0: 0x800099c6 (0x000007e6) c.slli  a5, 25
core   0: 3 0x800099c6 (0x07e6) x15 0x1e000000
core   0: 0x800099c8 (0x340c79f3) csrrci  s3, mscratch, 24
core   0: 3 0x800099c8 (0x340c79f3) x19 0x0000001e c832_mscratch 0x00000006
core   0: 0x800099cc (0x0eb10483) lb      s1, 235(sp)
core   0: 3 0x800099cc (0x0eb10483) x9  0xfffffff6 mem 0x8001093d
core   0: 0x800099d0 (0xf9414703) lbu     a4, -108(sp)
core   0: 3 0x800099d0 (0xf9414703) x14 0x0000009d mem 0x800107e6
core   0: 0x800099d4 (0xf6114703) lbu     a4, -159(sp)
core   0: 3 0x800099d4 (0xf6114703) x14 0x00000006 mem 0x800107b3
core   0: 0x800099d8 (0xfea12e83) lw      t4, -22(sp)
core   0: 3 0x800099d8 (0xfea12e83) x29 0xf4f5f6f7 mem 0x8001083c
core   0: 0x800099dc (0xfea10723) sb      a0, -18(sp)
core   0: 3 0x800099dc (0xfea10723) mem 0x80010840 0x08
core   0: 0x800099e0 (0xf0011e03) lh      t3, -256(sp)
core   0: 3 0x800099e0 (0xf0011e03) x28 0x00000809 mem 0x80010752
core   0: 0x800099e4 (0x40ce5733) sra     a4, t3, a2
core   0: 3 0x800099e4 (0x40ce5733) x14 0x00000000
core   0: 0x800099e8 (0x039a7633) remu    a2, s4, s9
core   0: 3 0x800099e8 (0x039a7633) x12 0x00000000
core   0: 0x800099ec (0x340e7573) csrrci  a0, mscratch, 28
core   0: 3 0x800099ec (0x340e7573) x10 0x00000006 c832_mscratch 0x00000002
core   0: 0x800099f0 (0x0194a1b3) slt     gp, s1, s9
core   0: 3 0x800099f0 (0x0194a1b3) x3  0x00000001
core   0: 0x800099f4 (0x00008795) c.srai  a5, 5
core   0: 3 0x800099f4 (0x8795) x15 0x00f00000
core   0: 0x800099f6 (0x4c2f2493) slti    s1, t5, 1218
core   0: 3 0x800099f6 (0x4c2f2493) x9  0x00000001
core   0: 0x800099fa (0xd44df793) andi    a5, s11, -700
core   0: 3 0x800099fa (0xd44df793) x15 0x00000040
core   0: 0x800099fe (0x02711823) sh      t2, 48(sp)
core   0: 3 0x800099fe (0x02711823) mem 0x80010882 0x00c4
core   0: 0x80009a02 (0x00728a33) add     s4, t0, t2
core   0: 3 0x80009a02 (0x00728a33) x20 0xf57d8ace
core   0: 0x80009a06 (0x07b14383) lbu     t2, 123(sp)
core   0: 3 0x80009a06 (0x07b14383) x7  0x00000086 mem 0x800108cd
core   0: 0x80009a0a (0xf2710583) lb      a1, -217(sp)
core   0: 3 0x80009a0a (0xf2710583) x11 0x00000032 mem 0x80010779
core   0: 0x80009a0e (0xf9414683) lbu     a3, -108(sp)
core   0: 3 0x80009a0e (0xf9414683) x13 0x0000009d mem 0x800107e6
core   0: 0x80009a12 (0xf1a12923) sw      s10, -238(sp)
core   0: 3 0x80009a12 (0xf1a12923) mem 0x80010764 0x00000000
core   0: 0x80009a16 (0xf5512a93) slti    s5, sp, -171
core   0: 3 0x80009a16 (0xf5512a93) x21 0x00000001
core   0: 0x80009a1a (0xf4511c23) sh      t0, -168(sp)
core   0: 3 0x80009a1a (0xf4511c23) mem 0x800107aa 0x8a0a
core   0: 0x80009a1e (0x08014683) lbu     a3, 128(sp)
core   0: 3 0x80009a1e (0x08014683) x13 0x00000089 mem 0x800108d2
core   0: 0x80009a22 (0x34007d73) csrrci  s10, mscratch, 0
core   0: 3 0x80009a22 (0x34007d73) x26 0x00000002
core   0: 0x80009a26 (0x00008d71) c.and   a0, a2
core   0: 3 0x80009a26 (0x8d71) x10 0x00000000
core   0: 0x80009a28 (0x00008c7d) c.and   s0, a5
core   0: 3 0x80009a28 (0x8c7d) x8  0x00000000
core   0: 0x80009a2a (0x011afa63) bgeu    s5, a7, pc + 20
core   0: 3 0x80009a2a (0x011afa63)
core   0: 0x80009a2e (0x14ed4593) xori    a1, s10, 334
core   0: 3 0x80009a2e (0x14ed4593) x11 0x0000014c
core   0: 0x80009a32 (0x05a4d563) bge     s1, s10, pc + 74
core   0: 3 0x80009a32 (0x05a4d563)
core   0: 0x80009a36 (0x340c51f3) csrrwi  gp, mscratch, 24
core   0: 3 0x80009a36 (0x340c51f3) x3  0x00000002 c832_mscratch 0x00000018
core   0: 0x80009a3a (0x406b5d93) srai    s11, s6, 6
core   0: 3 0x80009a3a (0x406b5d93) x27 0x00000001
core   0: 0x80009a3e (0x03956f63) bltu    a0, s9, pc + 62
core   0: 3 0x80009a3e (0x03956f63)
core   0: 0x80009a7c (0x00068fb3) add     t6, a3, zero
core   0: 3 0x80009a7c (0x00068fb3) x31 0x00000089
core   0: 0x80009a80 (0xa29efb13) andi    s6, t4, -1495
core   0: 3 0x80009a80 (0xa29efb13) x22 0xf4f5f221
core   0: 0x80009a84 (0x00008eae) c.mv    t4, a1
core   0: 3 0x80009a84 (0x8eae) x29 0x0000014c
core   0: 0x80009a86 (0x0ff0000f) fence   iorw,iorw
core   0: 3 0x80009a86 (0x0ff0000f)
core   0: 0x80009a8a (0x00006455) c.lui   s0, 0x15
core   0: 3 0x80009a8a (0x6455) x8  0x00015000
core   0: 0x80009a8c (0x0011db63) bge     gp, ra, pc + 22
core   0: 3 0x80009a8c (0x0011db63)
core   0: 0x80009aa2 (0x00af24b3) slt     s1, t5, a0
core   0: 3 0x80009aa2 (0x00af24b3) x9  0x00000001
core   0: 0x80009aa6 (0x00008736) c.mv    a4, a3
core   0: 3 0x80009aa6 (0x8736) x14 0x00000089
core   0: 0x80009aa8 (0x03fb16b3) mulh    a3, s6, t6
core   0: 3 0x80009aa8 (0x03fb16b3) x13 0xfffffffa
core   0: 0x80009aac (0x34003cf3) csrrc   s9, mscratch, zero
core   0: 3 0x80009aac (0x34003cf3) x25 0x00000018
core   0: 0x80009ab0 (0x000081c6) c.mv    gp, a7
core   0: 3 0x80009ab0 (0x81c6) x3  0x80000000
core   0: 0x80009ab2 (0x00689533) sll     a0, a7, t1
core   0: 3 0x80009ab2 (0x00689533) x10 0x00000000
core   0: 0x80009ab6 (0x3409d673) csrrwi  a2, mscratch, 19
core   0: 3 0x80009ab6 (0x3409d673) x12 0x00000018 c832_mscratch 0x00000013
core   0: 0x80009aba (0x0000854d) c.srai  a0, 19
core   0: 3 0x80009aba (0x854d) x10 0x00000000
core   0: 0x80009abc (0x022a9963) bne     s5, sp, pc + 50
core   0: 3 0x80009abc (0x022a9963)
core   0: 0x80009aee (0x00000001) c.nop
core   0: 3 0x80009aee (0x0001)
core   0: 0x80009af0 (0x00000001) c.nop
core   0: 3 0x80009af0 (0x0001)
core   0: 0x80009af2 (0xaaf74c17) auipc   s8, 0xaaf74
core   0: 3 0x80009af2 (0xaaf74c17) x24 0x2af7daf2
core   0: 0x80009af6 (0x00dfb8b3) sltu    a7, t6, a3
core   0: 3 0x80009af6 (0x00dfb8b3) x17 0x00000001
core   0: 0x80009afa (0x02d066b3) rem     a3, zero, a3
core   0: 3 0x80009afa (0x02d066b3) x13 0x00000000
core   0: 0x80009afe (0x34006c73) csrrsi  s8, mscratch, 0
core   0: 3 0x80009afe (0x34006c73) x24 0x00000013
core   0: 0x80009b02 (0x0212bb33) mulhu   s6, t0, ra
core   0: 3 0x80009b02 (0x0212bb33) x22 0x00000000
core   0: 0x80009b06 (0x01646533) or      a0, s0, s6
core   0: 3 0x80009b06 (0x01646533) x10 0x00015000
core   0: 0x80009b0a (0x02e1ccb3) div     s9, gp, a4
core   0: 3 0x80009b0a (0x02e1ccb3) x25 0xff10d149
core   0: 0x80009b0e (0x34002773) csrr    a4, mscratch
core   0: 3 0x80009b0e (0x34002773) x14 0x00000013
core   0: 0x80009b12 (0x0050d1b3) srl     gp, ra, t0
core   0: 3 0x80009b12 (0x0050d1b3) x3  0x00000000
core   0: 0x80009b16 (0x00004ee5) c.li    t4, 25
core   0: 3 0x80009b16 (0x4ee5) x29 0x00000019
core   0: 0x80009b18 (0x340024f3) csrr    s1, mscratch
core   0: 3 0x80009b18 (0x340024f3) x9  0x00000013
core   0: 0x80009b1c (0x008ba1b3) slt     gp, s7, s0
core   0: 3 0x80009b1c (0x008ba1b3) x3  0x00000001
core   0: 0x80009b20 (0x00ad2fb3) slt     t6, s10, a0
core   0: 3 0x80009b20 (0x00ad2fb3) x31 0x00000001
core   0: 0x80009b24 (0x034b9cb3) mulh    s9, s7, s4
core   0: 3 0x80009b24 (0x034b9cb3) x25 0x054121b9
core   0: 0x80009b28 (0xcf5f0037) lui     zero, 0xcf5f0
core   0: 3 0x80009b28 (0xcf5f0037)
core   0: 0x80009b2c (0xcc1e7413) andi    s0, t3, -831
core   0: 3 0x80009b2c (0xcc1e7413) x8  0x00000801
core   0: 0x80009b30 (0x0185e033) or      zero, a1, s8
core   0: 3 0x80009b30 (0x0185e033)
core   0: 0x80009b34 (0x34052373) csrrs   t1, mscratch, a0
core   0: 3 0x80009b34 (0x34052373) x6  0x00000013 c832_mscratch 0x00015013
core   0: 0x80009b38 (0x00511d93) slli    s11, sp, 5
core   0: 3 0x80009b38 (0x00511d93) x27 0x00210a40
core   0: 0x80009b3c (0x0000c2a1) c.beqz  a3, pc + 64
core   0: 3 0x80009b3c (0xc2a1)
core   0: 0x80009b7c (0x00000001) c.nop
core   0: 3 0x80009b7c (0x0001)
core   0: 0x80009b7e (0x934736b7) lui     a3, 0x93473
core   0: 3 0x80009b7e (0x934736b7) x13 0x93473000
core   0: 0x80009b82 (0x00008cbd) c.xor   s1, a5
core   0: 3 0x80009b82 (0x8cbd) x9  0x00000053
core   0: 0x80009b84 (0x00aa33b3) sltu    t2, s4, a0
core   0: 3 0x80009b84 (0x00aa33b3) x7  0x00000000
core   0: 0x80009b88 (0x0000e51d) c.bnez  a0, pc + 46
core   0: 3 0x80009b88 (0xe51d)
core   0: 0x80009bb6 (0x03c185b3) mul     a1, gp, t3
core   0: 3 0x80009bb6 (0x03c185b3) x11 0x00000809
core   0: 0x80009bba (0x00006e91) c.lui   t4, 0x4
core   0: 3 0x80009bba (0x6e91) x29 0x00004000
core   0: 0x80009bbc (0x01771613) slli    a2, a4, 23
core   0: 3 0x80009bbc (0x01771613) x12 0x09800000
core   0: 0x80009bc0 (0x000090de) c.add   ra, s7
core   0: 3 0x80009bc0 (0x90de) x1  0x80025ddc
core   0: 0x80009bc2 (0x0000635d) c.lui   t1, 0x17
core   0: 3 0x80009bc2 (0x635d) x6  0x00017000
core   0: 0x80009bc4 (0xa76b7137) lui     sp, 0xa76b7
core   0: 3 0x80009bc4 (0xa76b7137) x2  0xa76b7000
core   0: 0x80009bc8 (0x8949f793) andi    a5, s3, -1900
core   0: 3 0x80009bc8 (0x8949f793) x15 0x00000014
core   0: 0x80009bcc (0xe53e0813) addi    a6, t3, -429
core   0: 3 0x80009bcc (0xe53e0813) x16 0x0000065c
core   0: 0x80009bd0 (0x0119cc63) blt     s3, a7, pc + 24
core   0: 3 0x80009bd0 (0x0119cc63)
core   0: 0x80009bd4 (0x03895963) bge     s2, s8, pc + 50
core   0: 3 0x80009bd4 (0x03895963)
core   0: 0x80009bd8 (0x03edf933) remu    s2, s11, t5
core   0: 3 0x80009bd8 (0x03edf933) x18 0x00210a40
core   0: 0x80009bdc (0xfa648893) addi    a7, s1, -90
core   0: 3 0x80009bdc (0xfa648893) x17 0xfffffff9
core   0: 0x80009be0 (0x4d5e2213) slti    tp, t3, 1237
core   0: 3 0x80009be0 (0x4d5e2213) x4  0x00000000
core   0: 0x80009be4 (0x0ff0000f) fence   iorw,iorw
core   0: 3 0x80009be4 (0x0ff0000f)
core   0: 0x80009be8 (0x0080a6b3) slt     a3, ra, s0
core   0: 3 0x80009be8 (0x0080a6b3) x13 0x00000001
core   0: 0x80009bec (0x0309ef63) bltu    s3, a6, pc + 62
core   0: 3 0x80009bec (0x0309ef63)
core   0: 0x80009c2a (0x00008ff9) c.and   a5, a4
core   0: 3 0x80009c2a (0x8ff9) x15 0x00000010
core   0: 0x80009c2c (0x0309a3b3) mulhsu  t2, s3, a6
core   0: 3 0x80009c2c (0x0309a3b3) x7  0x00000000
core   0: 0x80009c30 (0x0ff0000f) fence   iorw,iorw
core   0: 3 0x80009c30 (0x0ff0000f)
core   0: 0x80009c34 (0x0341cc33) div     s8, gp, s4
core   0: 3 0x80009c34 (0x0341cc33) x24 0x00000000
core   0: 0x80009c38 (0x01e0d893) srli    a7, ra, 30
core   0: 3 0x80009c38 (0x01e0d893) x17 0x00000002
core   0: 0x80009c3c (0x6c8328b7) lui     a7, 0x6c832
core   0: 3 0x80009c3c (0x6c8328b7) x17 0x6c832000
core   0: 0x80009c40 (0x01d6a3b3) slt     t2, a3, t4
core   0: 3 0x80009c40 (0x01d6a3b3) x7  0x00000001
core   0: 0x80009c44 (0x00000001) c.nop
core   0: 3 0x80009c44 (0x0001)
core   0: 0x80009c46 (0xeba38213) addi    tp, t2, -326
core   0: 3 0x80009c46 (0xeba38213) x4  0xfffffebb
core   0: 0x80009c4a (0x00efbfb3) sltu    t6, t6, a4
core   0: 3 0x80009c4a (0x00efbfb3) x31 0x00000001
core   0: 0x80009c4e (0x03363933) mulhu   s2, a2, s3
core   0: 3 0x80009c4e (0x03363933) x18 0x00000001
core   0: 0x80009c52 (0x010c0cb3) add     s9, s8, a6
core   0: 3 0x80009c52 (0x010c0cb3) x25 0x0000065c
core   0: 0x80009c56 (0x00008b4a) c.mv    s6, s2
core   0: 3 0x80009c56 (0x8b4a) x22 0x00000001
core   0: 0x80009c58 (0x00004239) c.li    tp, 14
core   0: 3 0x80009c58 (0x4239) x4  0x0000000e
core   0: 0x80009c5a (0x00000001) c.nop
core   0: 3 0x80009c5a (0x0001)
core   0: 0x80009c5c (0x0000c811) c.beqz  s0, pc + 20
core   0: 3 0x80009c5c (0xc811)
core   0: 0x80009c5e (0x775a7d13) andi    s10, s4, 1909
core   0: 3 0x80009c5e (0x775a7d13) x26 0x00000244
core   0: 0x80009c62 (0x41e205b3) sub     a1, tp, t5
core   0: 3 0x80009c62 (0x41e205b3) x11 0x7ffd62ea
core   0: 0x80009c66 (0x000099fa) c.add   s3, t5
core   0: 3 0x80009c66 (0x99fa) x19 0x80029d42
core   0: 0x80009c68 (0x02169cb3) mulh    s9, a3, ra
core   0: 3 0x80009c68 (0x02169cb3) x25 0xffffffff
core   0: 0x80009c6c (0x0c1a2c93) slti    s9, s4, 193
core   0: 3 0x80009c6c (0x0c1a2c93) x25 0x00000001
core   0: 0x80009c70 (0x00000d80) c.addi4spn s0, sp, 720
core   0: 3 0x80009c70 (0x0d80) x8  0xa76b72d0
core   0: 0x80009c72 (0x03f41763) bne     s0, t6, pc + 46
core   0: 3 0x80009c72 (0x03f41763)
core   0: 0x80009ca0 (0x340079f3) csrrci  s3, mscratch, 0
core   0: 3 0x80009ca0 (0x340079f3) x19 0x00015013
core   0: 0x80009ca4 (0x340b25f3) csrrs   a1, mscratch, s6
core   0: 3 0x80009ca4 (0x340b25f3) x11 0x00015013 c832_mscratch 0x00015013
core   0: 0x80009ca8 (0x0000971e) c.add   a4, t2
core   0: 3 0x80009ca8 (0x971e) x14 0x00000014
core   0: 0x80009caa (0x00001c88) c.addi4spn a0, sp, 624
core   0: 3 0x80009caa (0x1c88) x10 0xa76b7270
core   0: 0x80009cac (0x00008465) c.srai  s0, 25
core   0: 3 0x80009cac (0x8465) x8  0xffffffd3
core   0: 0x80009cae (0x0000c291) c.beqz  a3, pc + 4
core   0: 3 0x80009cae (0xc291)
core   0: 0x80009cb0 (0x0000995a) c.add   s2, s6
core   0: 3 0x80009cb0 (0x995a) x18 0x00000002
core   0: 0x80009cb2 (0x8a44b613) sltiu   a2, s1, -1884
core   0: 3 0x80009cb2 (0x8a44b613) x12 0x00000001
core   0: 0x80009cb6 (0x34015373) csrrwi  t1, mscratch, 2
core   0: 3 0x80009cb6 (0x34015373) x6  0x00015013 c832_mscratch 0x00000002
core   0: 0x80009cba (0x03cd50b3) divu    ra, s10, t3
core   0: 3 0x80009cba (0x03cd50b3) x1  0x00000000
core   0: 0x80009cbe (0x34082673) csrrs   a2, mscratch, a6
core   0: 3 0x80009cbe (0x34082673) x12 0x00000002 c832_mscratch 0x0000065e
core   0: 0x80009cc2 (0xf9456c93) ori     s9, a0, -108
core   0: 3 0x80009cc2 (0xf9456c93) x25 0xfffffff4
core   0: 0x80009cc6 (0x00001a0c) c.addi4spn a1, sp, 304
core   0: 3 0x80009cc6 (0x1a0c) x11 0xa76b7130
core   0: 0x80009cc8 (0x03a88633) mul     a2, a7, s10
core   0: 3 0x80009cc8 (0x03a88633) x12 0xd9148000
core   0: 0x80009ccc (0x0396d333) divu    t1, a3, s9
core   0: 3 0x80009ccc (0x0396d333) x6  0x00000000
core   0: 0x80009cd0 (0x18b8c693) xori    a3, a7, 395
core   0: 3 0x80009cd0 (0x18b8c693) x13 0x6c83218b
core   0: 0x80009cd4 (0x00000001) c.nop
core   0: 3 0x80009cd4 (0x0001)
core   0: 0x80009cd6 (0x00db8233) add     tp, s7, a3
core   0: 3 0x80009cd6 (0x00db8233) x4  0xec857f67
core   0: 0x80009cda (0x00db7fb3) and     t6, s6, a3
core   0: 3 0x80009cda (0x00db7fb3) x31 0x00000001
core   0: 0x80009cde (0xb3114613) xori    a2, sp, -1231
core   0: 3 0x80009cde (0xb3114613) x12 0x58948b31
core   0: 0x80009ce2 (0xcdf92513) slti    a0, s2, -801
core   0: 3 0x80009ce2 (0xcdf92513) x10 0x00000000
core   0: 0x80009ce6 (0xa6673093) sltiu   ra, a4, -1434
core   0: 3 0x80009ce6 (0xa6673093) x1  0x00000001
core   0: 0x80009cea (0x00008025) c.srli  s0, 9
core   0: 3 0x80009cea (0x8025) x8  0x007fffff
core   0: 0x80009cec (0x00006435) c.lui   s0, 0xd
core   0: 3 0x80009cec (0x6435) x8  0x0000d000
core   0: 0x80009cee (0x34003473) csrrc   s0, mscratch, zero
core   0: 3 0x80009cee (0x34003473) x8  0x0000065e
core   0: 0x80009cf2 (0x00001d7d) c.addi  s10, -1
core   0: 3 0x80009cf2 (0x1d7d) x26 0x00000243
core   0: 0x80009cf4 (0x0000e995) c.bnez  a1, pc + 52
core   0: 3 0x80009cf4 (0xe995)
core   0: 0x80009d28 (0x02084b33) div     s6, a6, zero
core   0: 3 0x80009d28 (0x02084b33) x22 0xffffffff
core   0: 0x80009d2c (0x00000001) c.nop
core   0: 3 0x80009d2c (0x0001)
core   0: 0x80009d2e (0x00006145) c.addi16sp sp, 48
core   0: 3 0x80009d2e (0x6145) x2  0xa76b7030
core   0: 0x80009d30 (0x016d2e33) slt     t3, s10, s6
core   0: 3 0x80009d30 (0x016d2e33) x28 0x00000000
core   0: 0x80009d34 (0x0008a3b3) slt     t2, a7, zero
core   0: 3 0x80009d34 (0x0008a3b3) x7  0x00000000
core   0: 0x80009d38 (0x00f070b3) and     ra, zero, a5
core   0: 3 0x80009d38 (0x00f070b3) x1  0x00000000
core   0: 0x80009d3c (0x53b30513) addi    a0, t1, 1339
core   0: 3 0x80009d3c (0x53b30513) x10 0x0000053b
core   0: 0x80009d40 (0x0000835d) c.srli  a4, 23
core   0: 3 0x80009d40 (0x835d) x14 0x00000000
core   0: 0x80009d42 (0x00825613) srli    a2, tp, 8
core   0: 3 0x80009d42 (0x00825613) x12 0x00ec857f
core   0: 0x80009d46 (0x401b0ab3) sub     s5, s6, ra
core   0: 3 0x80009d46 (0x401b0ab3) x21 0xffffffff
core   0: 0x80009d4a (0x0293e8b3) rem     a7, t2, s1
core   0: 3 0x80009d4a (0x0293e8b3) x17 0x00000000
core   0: 0x80009d4e (0x0394cdb3) div     s11, s1, s9
core   0: 3 0x80009d4e (0x0394cdb3) x27 0xfffffffa
core   0: 0x80009d52 (0x2c20f013) andi    zero, ra, 706
core   0: 3 0x80009d52 (0x2c20f013)
core   0: 0x80009d56 (0x0000c2a1) c.beqz  a3, pc + 64
core   0: 3 0x80009d56 (0xc2a1)
core   0: 0x80009d58 (0x000083e9) c.srli  a5, 26
core   0: 3 0x80009d58 (0x83e9) x15 0x00000000
core   0: 0x80009d5a (0x0000836d) c.srli  a4, 27
core   0: 3 0x80009d5a (0x836d) x14 0x00000000
core   0: 0x80009d5c (0x03e537b3) mulhu   a5, a0, t5
core   0: 3 0x80009d5c (0x03e537b3) x15 0x0000029d
core   0: 0x80009d60 (0x211cb013) sltiu   zero, s9, 529
core   0: 3 0x80009d60 (0x211cb013)
core   0: 0x80009d64 (0x00619593) slli    a1, gp, 6
core   0: 3 0x80009d64 (0x00619593) x11 0x00000040
core   0: 0x80009d68 (0x0000800d) c.srli  s0, 3
core   0: 3 0x80009d68 (0x800d) x8  0x000000cb
core   0: 0x80009d6a (0x02f14063) blt     sp, a5, pc + 32
core   0: 3 0x80009d6a (0x02f14063)
core   0: 0x80009d8a (0x00ab5ab3) srl     s5, s6, a0
core   0: 3 0x80009d8a (0x00ab5ab3) x21 0x0000001f
core   0: 0x80009d8e (0x00de0563) beq     t3, a3, pc + 10
core   0: 3 0x80009d8e (0x00de0563)
core   0: 0x80009d92 (0x340af8f3) csrrci  a7, mscratch, 21
core   0: 3 0x80009d92 (0x340af8f3) x17 0x0000065e c832_mscratch 0x0000064a
core   0: 0x80009d96 (0x00008f25) c.xor   a4, s1
core   0: 3 0x80009d96 (0x8f25) x14 0x00000053
core   0: 0x80009d98 (0x23516417) auipc   s0, 0x23516
core   0: 3 0x80009d98 (0x23516417) x8  0xa351fd98
core   0: 0x80009d9c (0x00944333) xor     t1, s0, s1
core   0: 3 0x80009d9c (0x00944333) x6  0xa351fdcb
core   0: 0x80009da0 (0x00008525) c.srai  a0, 9
core   0: 3 0x80009da0 (0x8525) x10 0x00000002
core   0: 0x80009da2 (0x01d84563) blt     a6, t4, pc + 10
core   0: 3 0x80009da2 (0x01d84563)
core   0: 0x80009dac (0x0000100f) fence.i
core   0: 3 0x80009dac (0x0000100f)
core   0: 0x80009db0 (0x4161d613) srai    a2, gp, 22
core   0: 3 0x80009db0 (0x4161d613) x12 0x00000000
core   0: 0x80009db4 (0x0391c863) blt     gp, s9, pc + 48
core   0: 3 0x80009db4 (0x0391c863)
core   0: 0x80009db8 (0x0000717d) c.addi16sp sp, -16
core   0: 3 0x80009db8 (0x717d) x2  0xa76b7020
core   0: 0x80009dba (0x340251f3) csrrwi  gp, mscratch, 4
core   0: 3 0x80009dba (0x340251f3) x3  0x0000064a c832_mscratch 0x00000004
core   0: 0x80009dbe (0x000086e5) c.srai  a3, 25
core   0: 3 0x80009dbe (0x86e5) x13 0x00000036
core   0: 0x80009dc0 (0x013e7b33) and     s6, t3, s3
core   0: 3 0x80009dc0 (0x013e7b33) x22 0x00000000
core   0: 0x80009dc4 (0x4196d833) sra     a6, a3, s9
core   0: 3 0x80009dc4 (0x4196d833) x16 0x00000000
core   0: 0x80009dc8 (0x013b5db3) srl     s11, s6, s3
core   0: 3 0x80009dc8 (0x013b5db3) x27 0x00000000
core   0: 0x80009dcc (0x411b0533) sub     a0, s6, a7
core   0: 3 0x80009dcc (0x411b0533) x10 0xfffff9a2
core   0: 0x80009dd0 (0x00008f71) c.and   a4, a2
core   0: 3 0x80009dd0 (0x8f71) x14 0x00000000
core   0: 0x80009dd2 (0x00d8ab33) slt     s6, a7, a3
core   0: 3 0x80009dd2 (0x00d8ab33) x22 0x00000000
core   0: 0x80009dd6 (0x03839b63) bne     t2, s8, pc + 54
core   0: 3 0x80009dd6 (0x03839b63)
core   0: 0x80009dda (0x000050fd) c.li    ra, -1
core   0: 3 0x80009dda (0x50fd) x1  0xffffffff
core   0: 0x80009ddc (0x000087dd) c.srai  a5, 23
core   0: 3 0x80009ddc (0x87dd) x15 0x00000000
core   0: 0x80009dde (0x00009626) c.add   a2, s1
core   0: 3 0x80009dde (0x9626) x12 0x00000053
core   0: 0x80009de0 (0x0064eb33) or      s6, s1, t1
core   0: 3 0x80009de0 (0x0064eb33) x22 0xa351fddb
core   0: 0x80009de4 (0x00bc1333) sll     t1, s8, a1
core   0: 3 0x80009de4 (0x00bc1333) x6  0x00000000
core   0: 0x80009de8 (0x00006415) c.lui   s0, 0x5
core   0: 3 0x80009de8 (0x6415) x8  0x00005000
core   0: 0x80009dea (0x038824b3) mulhsu  s1, a6, s8
core   0: 3 0x80009dea (0x038824b3) x9  0x00000000
core   0: 0x80009dee (0x41c75793) srai    a5, a4, 28
core   0: 3 0x80009dee (0x41c75793) x15 0x00000000
core   0: 0x80009df2 (0x03328ab3) mul     s5, t0, s3
core   0: 3 0x80009df2 (0x03328ab3) x21 0xfd7e5ebe
core   0: 0x80009df6 (0x03128663) beq     t0, a7, pc + 44
core   0: 3 0x80009df6 (0x03128663)
core   0: 0x80009dfa (0x00000110) c.addi4spn a2, sp, 128
core   0: 3 0x80009dfa (0x0110) x12 0xa76b70a0
core   0: 0x80009dfc (0x4131d913) srai    s2, gp, 19
core   0: 3 0x80009dfc (0x4131d913) x18 0x00000000
core   0: 0x80009e00 (0x00488d63) beq     a7, tp, pc + 26
core   0: 3 0x80009e00 (0x00488d63)
core   0: 0x80009e04 (0x0196f963) bgeu    a3, s9, pc + 18
core   0: 3 0x80009e04 (0x0196f963)
core   0: 0x80009e08 (0x01bb71b3) and     gp, s6, s11
core   0: 3 0x80009e08 (0x01bb71b3) x3  0x00000000
core   0: 0x80009e0c (0x0314b0b3) mulhu   ra, s1, a7
core   0: 3 0x80009e0c (0x0314b0b3) x1  0x00000000
core   0: 0x80009e10 (0x00001d8c) c.addi4spn a1, sp, 752
core   0: 3 0x80009e10 (0x1d8c) x11 0xa76b7310
core   0: 0x80009e12 (0x000e04b3) add     s1, t3, zero
core   0: 3 0x80009e12 (0x000e04b3) x9  0x00000000
core   0: 0x80009e16 (0x00000c8a) c.slli  s9, 2
core   0: 3 0x80009e16 (0x0c8a) x25 0xffffffd0
core   0: 0x80009e18 (0x00000001) c.nop
core   0: 3 0x80009e18 (0x0001)
core   0: 0x80009e1a (0x02f50cb3) mul     s9, a0, a5
core   0: 3 0x80009e1a (0x02f50cb3) x25 0x00000000
core   0: 0x80009e1e (0x00000001) c.nop
core   0: 3 0x80009e1e (0x0001)
core   0: 0x80009e20 (0x00006e7d) c.lui   t3, 0x1f
core   0: 3 0x80009e20 (0x6e7d) x28 0x0001f000
core   0: 0x80009e22 (0x012d14b3) sll     s1, s10, s2
core   0: 3 0x80009e22 (0x012d14b3) x9  0x00000243
core   0: 0x80009e26 (0x017bdeb3) srl     t4, s7, s7
core   0: 3 0x80009e26 (0x017bdeb3) x29 0x00000008
core   0: 0x80009e2a (0x340030f3) csrrc   ra, mscratch, zero
core   0: 3 0x80009e2a (0x340030f3) x1  0x00000004
core   0: 0x80009e2e (0x00000090) c.addi4spn a2, sp, 64
core   0: 3 0x80009e2e (0x0090) x12 0xa76b7060
core   0: 0x80009e30 (0xaa424b13) xori    s6, tp, -1372
core   0: 3 0x80009e30 (0xaa424b13) x22 0x137a85c3
core   0: 0x80009e34 (0x473f8c13) addi    s8, t6, 1139
core   0: 3 0x80009e34 (0x473f8c13) x24 0x00000474
core   0: 0x80009e38 (0x0044ea33) or      s4, s1, tp
core   0: 3 0x80009e38 (0x0044ea33) x20 0xec857f67
core   0: 0x80009e3c (0x00006145) c.addi16sp sp, 48
core   0: 3 0x80009e3c (0x6145) x2  0xa76b7050
core   0: 0x80009e3e (0x9596aa93) slti    s5, a3, -1703
core   0: 3 0x80009e3e (0x9596aa93) x21 0x00000000
core   0: 0x80009e42 (0x34003e73) csrrc   t3, mscratch, zero
core   0: 3 0x80009e42 (0x34003e73) x28 0x00000004
core   0: 0x80009e46 (0x767a6993) ori     s3, s4, 1895
core   0: 3 0x80009e46 (0x767a6993) x19 0xec857f67
core   0: 0x80009e4a (0x02a13db3) mulhu   s11, sp, a0
core   0: 3 0x80009e4a (0x02a13db3) x27 0xa76b6c26
core   0: 0x80009e4e (0x04110063) beq     sp, ra, pc + 64
core   0: 3 0x80009e4e (0x04110063)
core   0: 0x80009e52 (0x34021c73) csrrw   s8, mscratch, tp
core   0: 3 0x80009e52 (0x34021c73) x24 0x00000004 c832_mscratch 0xec857f67
core   0: 0x80009e56 (0x00000001) c.nop
core   0: 3 0x80009e56 (0x0001)
core   0: 0x80009e58 (0x0ff0000f) fence   iorw,iorw
core   0: 3 0x80009e58 (0x0ff0000f)
core   0: 0x80009e5c (0x0000e319) c.bnez  a4, pc + 6
core   0: 3 0x80009e5c (0xe319)
core   0: 0x80009e5e (0x00006125) c.addi16sp sp, 96
core   0: 3 0x80009e5e (0x6125) x2  0xa76b70b0
core   0: 0x80009e60 (0x00008215) c.srli  a2, 5
core   0: 3 0x80009e60 (0x8215) x12 0x053b5b83
core   0: 0x80009e62 (0x0049d013) srli    zero, s3, 4
core   0: 3 0x80009e62 (0x0049d013)
core   0: 0x80009e66 (0x557787b7) lui     a5, 0x55778
core   0: 3 0x80009e66 (0x557787b7) x15 0x55778000
core   0: 0x80009e6a (0x03e9c1b3) div     gp, s3, t5
core   0: 3 0x80009e6a (0x03e9c1b3) x3  0x00000000
core   0: 0x80009e6e (0x0000c815) c.beqz  s0, pc + 52
core   0: 3 0x80009e6e (0xc815)
core   0: 0x80009e70 (0x8aeffe13) andi    t3, t6, -1874
core   0: 3 0x80009e70 (0x8aeffe13) x28 0x00000000
core   0: 0x80009e74 (0x03d236b3) mulhu   a3, tp, t4
core   0: 3 0x80009e74 (0x03d236b3) x13 0x00000007
core   0: 0x80009e78 (0x00008e21) c.xor   a2, s0
core   0: 3 0x80009e78 (0x8e21) x12 0x053b0b83
core   0: 0x80009e7a (0x0211be33) mulhu   t3, gp, ra
core   0: 3 0x80009e7a (0x0211be33) x28 0x00000000
core   0: 0x80009e7e (0x755cb093) sltiu   ra, s9, 1877
core   0: 3 0x80009e7e (0x755cb093) x1  0x00000001
core   0: 0x80009e82 (0x34093273) csrrc   tp, mscratch, s2
core   0: 3 0x80009e82 (0x34093273) x4  0xec857f67 c832_mscratch 0xec857f67
core   0: 0x80009e86 (0x0000100f) fence.i
core   0: 3 0x80009e86 (0x0000100f)
core   0: 0x80009e8a (0x34006173) csrrsi  sp, mscratch, 0
core   0: 3 0x80009e8a (0x34006173) x2  0xec857f67
core   0: 0x80009e8e (0x00008c9e) c.mv    s9, t2
core   0: 3 0x80009e8e (0x8c9e) x25 0x00000000
core   0: 0x80009e90 (0xee68c417) auipc   s0, 0xee68c
core   0: 3 0x80009e90 (0xee68c417) x8  0x6e695e90
core   0: 0x80009e94 (0x009fd313) srli    t1, t6, 9
core   0: 3 0x80009e94 (0x009fd313) x6  0x00000000
core   0: 0x80009e98 (0x1c548237) lui     tp, 0x1c548
core   0: 3 0x80009e98 (0x1c548237) x4  0x1c548000
core   0: 0x80009e9c (0x34077d73) csrrci  s10, mscratch, 14
core   0: 3 0x80009e9c (0x34077d73) x26 0xec857f67 c832_mscratch 0xec857f61
core   0: 0x80009ea0 (0x000004f2) c.slli  s1, 28
core   0: 3 0x80009ea0 (0x04f2) x9  0x30000000
core   0: 0x80009ea2 (0x34099df3) csrrw   s11, mscratch, s3
core   0: 3 0x80009ea2 (0x34099df3) x27 0xec857f61 c832_mscratch 0xec857f67
core   0: 0x80009ea6 (0x00008e8d) c.sub   a3, a1
core   0: 3 0x80009ea6 (0x8e8d) x13 0x58948cf7
core   0: 0x80009ea8 (0x0000ca85) c.beqz  a3, pc + 48
core   0: 3 0x80009ea8 (0xca85)
core   0: 0x80009eaa (0x055bd163) bge     s7, s5, pc + 66
core   0: 3 0x80009eaa (0x055bd163)
core   0: 0x80009eae (0x00008806) c.mv    a6, ra
core   0: 3 0x80009eae (0x8806) x16 0x00000001
core   0: 0x80009eb0 (0x00008f89) c.sub   a5, a0
core   0: 3 0x80009eb0 (0x8f89) x15 0x5577865e
core   0: 0x80009eb2 (0x02ebc8b3) div     a7, s7, a4
core   0: 3 0x80009eb2 (0x02ebc8b3) x17 0xffffffff
core   0: 0x80009eb6 (0xaa162593) slti    a1, a2, -1375
core   0: 3 0x80009eb6 (0xaa162593) x11 0x00000000
core   0: 0x80009eba (0x013c56b3) srl     a3, s8, s3
core   0: 3 0x80009eba (0x013c56b3) x13 0x00000000
core   0: 0x80009ebe (0x0318eab3) rem     s5, a7, a7
core   0: 3 0x80009ebe (0x0318eab3) x21 0x00000000
core   0: 0x80009ec2 (0x00008c51) c.or    s0, a2
core   0: 3 0x80009ec2 (0x8c51) x8  0x6f7b5f93
core   0: 0x80009ec4 (0x00bfb333) sltu    t1, t6, a1
core   0: 3 0x80009ec4 (0x00bfb333) x6  0x00000000
core   0: 0x80009ec8 (0x4165d433) sra     s0, a1, s6
core   0: 3 0x80009ec8 (0x4165d433) x8  0x00000000
core   0: 0x80009ecc (0x032c1ab3) mulh    s5, s8, s2
core   0: 3 0x80009ecc (0x032c1ab3) x21 0x00000000
core   0: 0x80009ed0 (0x00001910) c.addi4spn a2, sp, 176
core   0: 3 0x80009ed0 (0x1910) x12 0xec858017
core   0: 0x80009ed2 (0x00008d61) c.and   a0, s0
core   0: 3 0x80009ed2 (0x8d61) x10 0x00000000
core   0: 0x80009ed4 (0x026ea4b3) mulhsu  s1, t4, t1
core   0: 3 0x80009ed4 (0x026ea4b3) x9  0x00000000
core   0: 0x80009ed8 (0x038259b3) divu    s3, tp, s8
core   0: 3 0x80009ed8 (0x038259b3) x19 0x07152000
core   0: 0x80009edc (0x3b266193) ori     gp, a2, 946
core   0: 3 0x80009edc (0x3b266193) x3  0xec8583b7
core   0: 0x80009ee0 (0x00006b2d) c.lui   s6, 0xb
core   0: 3 0x80009ee0 (0x6b2d) x22 0x0000b000
core   0: 0x80009ee2 (0x00006829) c.lui   a6, 0xa
core   0: 3 0x80009ee2 (0x6829) x16 0x0000a000
core   0: 0x80009ee4 (0x34017373) csrrci  t1, mscratch, 2
core   0: 3 0x80009ee4 (0x34017373) x6  0xec857f67 c832_mscratch 0xec857f65
core   0: 0x80009ee8 (0xc575b893) sltiu   a7, a1, -937
core   0: 3 0x80009ee8 (0xc575b893) x17 0x00000001
core   0: 0x80009eec (0x009434b3) sltu    s1, s0, s1
core   0: 3 0x80009eec (0x009434b3) x9  0x00000000
core   0: 0x80009ef0 (0x0d5d0c93) addi    s9, s10, 213
core   0: 3 0x80009ef0 (0x0d5d0c93) x25 0xec85803c
core   0: 0x80009ef4 (0x5e347213) andi    tp, s0, 1507
core   0: 3 0x80009ef4 (0x5e347213) x4  0x00000000
core   0: 0x80009ef8 (0x027ab333) mulhu   t1, s5, t2
core   0: 3 0x80009ef8 (0x027ab333) x6  0x00000000
core   0: 0x80009efc (0x0c1ab917) auipc   s2, 0xc1ab
core   0: 3 0x80009efc (0x0c1ab917) x18 0x8c1b4efc
core   0: 0x80009f00 (0x02f8f9b3) remu    s3, a7, a5
core   0: 3 0x80009f00 (0x02f8f9b3) x19 0x00000001
core   0: 0x80009f04 (0x00a378b3) and     a7, t1, a0
core   0: 3 0x80009f04 (0x00a378b3) x17 0x00000000
core   0: 0x80009f08 (0x0235bd33) mulhu   s10, a1, gp
core   0: 3 0x80009f08 (0x0235bd33) x26 0x00000000
core   0: 0x80009f0c (0x00008db9) c.xor   a1, a4
core   0: 3 0x80009f0c (0x8db9) x11 0x00000000
core   0: 0x80009f0e (0x4ca7c613) xori    a2, a5, 1226
core   0: 3 0x80009f0e (0x4ca7c613) x12 0x55778294
core   0: 0x80009f12 (0x0159ec63) bltu    s3, s5, pc + 24
core   0: 3 0x80009f12 (0x0159ec63)
core   0: 0x80009f16 (0x037239b3) mulhu   s3, tp, s7
core   0: 3 0x80009f16 (0x037239b3) x19 0x00000000
core   0: 0x80009f1a (0x031dfcb3) remu    s9, s11, a7
core   0: 3 0x80009f1a (0x031dfcb3) x25 0xec857f61
core   0: 0x80009f1e (0x00d6d813) srli    a6, a3, 13
core   0: 3 0x80009f1e (0x00d6d813) x16 0x00000000
core   0: 0x80009f22 (0x033229b3) mulhsu  s3, tp, s3
core   0: 3 0x80009f22 (0x033229b3) x19 0x00000000
core   0: 0x80009f26 (0x02644db3) div     s11, s0, t1
core   0: 3 0x80009f26 (0x02644db3) x27 0xffffffff
core   0: 0x80009f2a (0x16bb7593) andi    a1, s6, 363
core   0: 3 0x80009f2a (0x16bb7593) x11 0x00000000
core   0: 0x80009f2e (0x01ca9e13) slli    t3, s5, 28
core   0: 3 0x80009f2e (0x01ca9e13) x28 0x00000000
core   0: 0x80009f32 (0x00008bc1) c.andi  a5, 16
core   0: 3 0x80009f32 (0x8bc1) x15 0x00000010
core   0: 0x80009f34 (0x34062cf3) csrrs   s9, mscratch, a2
core   0: 3 0x80009f34 (0x34062cf3) x25 0xec857f65 c832_mscratch 0xfdf7fff5
core   0: 0x80009f38 (0x01cd0c63) beq     s10, t3, pc + 24
core   0: 3 0x80009f38 (0x01cd0c63)
core   0: 0x80009f50 (0x0ff0000f) fence   iorw,iorw
core   0: 3 0x80009f50 (0x0ff0000f)
core   0: 0x80009f54 (0x3400b6f3) csrrc   a3, mscratch, ra
core   0: 3 0x80009f54 (0x3400b6f3) x13 0xfdf7fff5 c832_mscratch 0xfdf7fff4
core   0: 0x80009f58 (0x00004445) c.li    s0, 17
core   0: 3 0x80009f58 (0x4445) x8  0x00000011
core   0: 0x80009f5a (0x340eaa73) csrrs   s4, mscratch, t4
core   0: 3 0x80009f5a (0x340eaa73) x20 0xfdf7fff4 c832_mscratch 0xfdf7fffc
core   0: 0x80009f5e (0x0000939a) c.add   t2, t1
core   0: 3 0x80009f5e (0x939a) x7  0x00000000
core   0: 0x80009f60 (0x340cb373) csrrc   t1, mscratch, s9
core   0: 3 0x80009f60 (0x340cb373) x6  0xfdf7fffc c832_mscratch 0x11728098
core   0: 0x80009f64 (0x340029f3) csrr    s3, mscratch
core   0: 3 0x80009f64 (0x340029f3) x19 0x11728098
core   0: 0x80009f68 (0x00008ea1) c.xor   a3, s0
core   0: 3 0x80009f68 (0x8ea1) x13 0xfdf7ffe4
core   0: 0x80009f6a (0x032cd3b3) divu    t2, s9, s2
core   0: 3 0x80009f6a (0x032cd3b3) x7  0x00000001
core   0: 0x80009f6e (0x01e80fb3) add     t6, a6, t5
core   0: 3 0x80009f6e (0x01e80fb3) x31 0x80029d24
core   0: 0x80009f72 (0x34042873) csrrs   a6, mscratch, s0
core   0: 3 0x80009f72 (0x34042873) x16 0x11728098 c832_mscratch 0x11728099
core   0: 0x80009f76 (0xd42c0f93) addi    t6, s8, -702
core   0: 3 0x80009f76 (0xd42c0f93) x31 0xfffffd46
core   0: 0x80009f7a (0x00bc4333) xor     t1, s8, a1
core   0: 3 0x80009f7a (0x00bc4333) x6  0x00000004
core   0: 0x80009f7e (0x031dbab3) mulhu   s5, s11, a7
core   0: 3 0x80009f7e (0x031dbab3) x21 0x00000000
core   0: 0x80009f82 (0x34011673) csrrw   a2, mscratch, sp
core   0: 3 0x80009f82 (0x34011673) x12 0x11728099 c832_mscratch 0xec857f67
core   0: 0x80009f86 (0x0308f863) bgeu    a7, a6, pc + 48
core   0: 3 0x80009f86 (0x0308f863)
core   0: 0x80009f8a (0x00000494) c.addi4spn a3, sp, 576
core   0: 3 0x80009f8a (0x0494) x13 0xec8581a7
core   0: 0x80009f8c (0x00008e85) c.sub   a3, s1
core   0: 3 0x80009f8c (0x8e85) x13 0xec8581a7
core   0: 0x80009f8e (0x01f19233) sll     tp, gp, t6
core   0: 3 0x80009f8e (0x01f19233) x4  0x2160edc0
core   0: 0x80009f92 (0x0341d5b3) divu    a1, gp, s4
core   0: 3 0x80009f92 (0x0341d5b3) x11 0x00000000
core   0: 0x80009f96 (0x022fc4b3) div     s1, t6, sp
core   0: 3 0x80009f96 (0x022fc4b3) x9  0x00000000
core   0: 0x80009f9a (0x00006175) c.addi16sp sp, 368
core   0: 3 0x80009f9a (0x6175) x2  0xec8580d7
core   0: 0x80009f9c (0x01b0ca33) xor     s4, ra, s11
core   0: 3 0x80009f9c (0x01b0ca33) x20 0xfffffffe
core   0: 0x80009fa0 (0x013607b3) add     a5, a2, s3
core   0: 3 0x80009fa0 (0x013607b3) x15 0x22e50131
core   0: 0x80009fa4 (0x5b048c17) auipc   s8, 0x5b048
core   0: 3 0x80009fa4 (0x5b048c17) x24 0xdb051fa4
core   0: 0x80009fa8 (0x9b637b13) andi    s6, t1, -1610
core   0: 3 0x80009fa8 (0x9b637b13) x22 0x00000004
core   0: 0x80009fac (0x0000c589) c.beqz  a1, pc + 10
core   0: 3 0x80009fac (0xc589)
core   0: 0x80009fb6 (0x3407de73) csrrwi  t3, mscratch, 15
core   0: 3 0x80009fb6 (0x3407de73) x28 0xec857f67 c832_mscratch 0x0000000f
core   0: 0x80009fba (0x0289ce63) blt     s3, s0, pc + 60
core   0: 3 0x80009fba (0x0289ce63)
core   0: 0x80009fbe (0x03dd8b63) beq     s11, t4, pc + 54
core   0: 3 0x80009fbe (0x03dd8b63)
core   0: 0x80009fc2 (0x9c1dae13) slti    t3, s11, -1599
core   0: 3 0x80009fc2 (0x9c1dae13) x28 0x00000000
core   0: 0x80009fc6 (0x00ac3833) sltu    a6, s8, a0
core   0: 3 0x80009fc6 (0x00ac3833) x16 0x00000000
core   0: 0x80009fca (0x0000810d) c.srli  a0, 3
core   0: 3 0x80009fca (0x810d) x10 0x00000000
core   0: 0x80009fcc (0x02a05d63) bge     zero, a0, pc + 58
core   0: 3 0x80009fcc (0x02a05d63)
core   0: 0x8000a006 (0x34003373) csrrc   t1, mscratch, zero
core   0: 3 0x8000a006 (0x34003373) x6  0x0000000f
core   0: 0x8000a00a (0x14485237) lui     tp, 0x14485
core   0: 3 0x8000a00a (0x14485237) x4  0x14485000
core   0: 0x8000a00e (0x00001a7d) c.addi  s4, -1
core   0: 3 0x8000a00e (0x1a7d) x20 0xfffffffd
core   0: 0x8000a010 (0x2e993b13) sltiu   s6, s2, 745
core   0: 3 0x8000a010 (0x2e993b13) x22 0x00000000
core   0: 0x8000a014 (0x03c46a63) bltu    s0, t3, pc + 52
core   0: 3 0x8000a014 (0x03c46a63)
core   0: 0x8000a018 (0x02ffe163) bltu    t6, a5, pc + 34
core   0: 3 0x8000a018 (0x02ffe163)
core   0: 0x8000a01c (0x0410e163) bltu    ra, ra, pc + 66
core   0: 3 0x8000a01c (0x0410e163)
core   0: 0x8000a020 (0x0107c333) xor     t1, a5, a6
core   0: 3 0x8000a020 (0x0107c333) x6  0x22e50131
core   0: 0x8000a024 (0x02554a63) blt     a0, t0, pc + 52
core   0: 3 0x8000a024 (0x02554a63)
core   0: 0x8000a028 (0x00000e10) c.addi4spn a2, sp, 784
core   0: 3 0x8000a028 (0x0e10) x12 0xec8583e7
core   0: 0x8000a02a (0x0000100f) fence.i
core   0: 3 0x8000a02a (0x0000100f)
core   0: 0x8000a02e (0x00ba10b3) sll     ra, s4, a1
core   0: 3 0x8000a02e (0x00ba10b3) x1  0xfffffffd
core   0: 0x8000a032 (0x407a03b3) sub     t2, s4, t2
core   0: 3 0x8000a032 (0x407a03b3) x7  0xfffffffc
core   0: 0x8000a036 (0x0ff0000f) fence   iorw,iorw
core   0: 3 0x8000a036 (0x0ff0000f)
core   0: 0x8000a03a (0x340023f3) csrr    t2, mscratch
core   0: 3 0x8000a03a (0x340023f3) x7  0x0000000f
core   0: 0x8000a03e (0x03b61db3) mulh    s11, a2, s11
core   0: 3 0x8000a03e (0x03b61db3) x27 0x00000000
core   0: 0x8000a042 (0x0000c005) c.beqz  s0, pc + 32
core   0: 3 0x8000a042 (0xc005)
core   0: 0x8000a044 (0x41b0d633) sra     a2, ra, s11
core   0: 3 0x8000a044 (0x41b0d633) x12 0xfffffffd
core   0: 0x8000a048 (0x00006441) c.lui   s0, 0x10
core   0: 3 0x8000a048 (0x6441) x8  0x00010000
core   0: 0x8000a04a (0x00000088) c.addi4spn a0, sp, 64
core   0: 3 0x8000a04a (0x0088) x10 0xec858117
core   0: 0x8000a04c (0x0020c663) blt     ra, sp, pc + 12
core   0: 3 0x8000a04c (0x0020c663)
core   0: 0x8000a050 (0x01f7a3b3) slt     t2, a5, t6
core   0: 3 0x8000a050 (0x01f7a3b3) x7  0x00000000
core   0: 0x8000a054 (0xbcda4ab7) lui     s5, 0xbcda4
core   0: 3 0x8000a054 (0xbcda4ab7) x21 0xbcda4000
core   0: 0x8000a058 (0x00008e8d) c.sub   a3, a1
core   0: 3 0x8000a058 (0x8e8d) x13 0xec8581a7
core   0: 0x8000a05a (0xa5802913) slti    s2, zero, -1448
core   0: 3 0x8000a05a (0xa5802913) x18 0x00000000
core   0: 0x8000a05e (0x00dcb633) sltu    a2, s9, a3
core   0: 3 0x8000a05e (0x00dcb633) x12 0x00000001
core   0: 0x8000a062 (0x00000a08) c.addi4spn a0, sp, 272
core   0: 3 0x8000a062 (0x0a08) x10 0xec8581e7
core   0: 0x8000a064 (0x0000c41d) c.beqz  s0, pc + 46
core   0: 3 0x8000a064 (0xc41d)
core   0: 0x8000a066 (0x340069f3) csrrsi  s3, mscratch, 0
core   0: 3 0x8000a066 (0x340069f3) x19 0x0000000f
core   0: 0x8000a06a (0x0000c021) c.beqz  s0, pc + 64
core   0: 3 0x8000a06a (0xc021)
core   0: 0x8000a06c (0x0000100f) fence.i
core   0: 3 0x8000a06c (0x0000100f)
core   0: 0x8000a070 (0x340f1cf3) csrrw   s9, mscratch, t5
core   0: 3 0x8000a070 (0x340f1cf3) x25 0x0000000f c832_mscratch 0x80029d24
core   0: 0x8000a074 (0x0557c063) blt     a5, s5, pc + 64
core   0: 3 0x8000a074 (0x0557c063)
core   0: 0x8000a078 (0x033e7933) remu    s2, t3, s3
core   0: 3 0x8000a078 (0x033e7933) x18 0x00000000
core   0: 0x8000a07c (0xb3440f93) addi    t6, s0, -1228
core   0: 3 0x8000a07c (0xb3440f93) x31 0x0000fb34
core   0: 0x8000a080 (0x4180de33) sra     t3, ra, s8
core   0: 3 0x8000a080 (0x4180de33) x28 0xffffffff
core   0: 0x8000a084 (0x0000015e) c.slli  sp, 23
core   0: 3 0x8000a084 (0x015e) x2  0x6b800000
core   0: 0x8000a086 (0xd3d16a93) ori     s5, sp, -707
core   0: 3 0x8000a086 (0xd3d16a93) x21 0xfffffd3d
core   0: 0x8000a08a (0x402d5d33) sra     s10, s10, sp
core   0: 3 0x8000a08a (0x402d5d33) x26 0x00000000
core   0: 0x8000a08e (0x0000612d) c.addi16sp sp, 224
core   0: 3 0x8000a08e (0x612d) x2  0x6b8000e0
core   0: 0x8000a090 (0x00006139) c.addi16sp sp, 448
core   0: 3 0x8000a090 (0x6139) x2  0x6b8002a0
core   0: 0x8000a092 (0x45916693) ori     a3, sp, 1113
core   0: 3 0x8000a092 (0x45916693) x13 0x6b8006f9
core   0: 0x8000a096 (0x02302fb3) mulhsu  t6, zero, gp
core   0: 3 0x8000a096 (0x02302fb3) x31 0x00000000
core   0: 0x8000a09a (0x340f2073) csrs    mscratch, t5
core   0: 3 0x8000a09a (0x340f2073) c832_mscratch 0x80029d24
core   0: 0x8000a09e (0x000080cd) c.srli  s1, 19
core   0: 3 0x8000a09e (0x80cd) x9  0x00000000
core   0: 0x8000a0a0 (0x0000636d) c.lui   t1, 0x1b
core   0: 3 0x8000a0a0 (0x636d) x6  0x0001b000
core   0: 0x8000a0a2 (0x0000e519) c.bnez  a0, pc + 14
core   0: 3 0x8000a0a2 (0xe519)
core   0: 0x8000a0b0 (0x038e3d33) mulhu   s10, t3, s8
core   0: 3 0x8000a0b0 (0x038e3d33) x26 0xdb051fa3
core   0: 0x8000a0b4 (0x3da7eb13) ori     s6, a5, 986
core   0: 3 0x8000a0b4 (0x3da7eb13) x22 0x22e503fb
core   0: 0x8000a0b8 (0x015cda13) srli    s4, s9, 21
core   0: 3 0x8000a0b8 (0x015cda13) x20 0x00000000
core   0: 0x8000a0bc (0x00001ffd) c.addi  t6, -1
core   0: 3 0x8000a0bc (0x1ffd) x31 0xffffffff
core   0: 0x8000a0be (0x340e10f3) csrrw   ra, mscratch, t3
core   0: 3 0x8000a0be (0x340e10f3) x1  0x80029d24 c832_mscratch 0xffffffff
core   0: 0x8000a0c2 (0x0ff0000f) fence   iorw,iorw
core   0: 3 0x8000a0c2 (0x0ff0000f)
core   0: 0x8000a0c6 (0xe149b593) sltiu   a1, s3, -492
core   0: 3 0x8000a0c6 (0xe149b593) x11 0x00000001
core   0: 0x8000a0ca (0x012168b3) or      a7, sp, s2
core   0: 3 0x8000a0ca (0x012168b3) x17 0x6b8002a0
core   0: 0x8000a0ce (0x00000001) c.nop
core   0: 3 0x8000a0ce (0x0001)
core   0: 0x8000a0d0 (0x01a3dd63) bge     t2, s10, pc + 26
core   0: 3 0x8000a0d0 (0x01a3dd63)
core   0: 0x8000a0ea (0x00f6d633) srl     a2, a3, a5
core   0: 3 0x8000a0ea (0x00f6d633) x12 0x000035c0
core   0: 0x8000a0ee (0x010be433) or      s0, s7, a6
core   0: 3 0x8000a0ee (0x010be433) x8  0x80025ddc
core   0: 0x8000a0f2 (0x0000047e) c.slli  s0, 31
core   0: 3 0x8000a0f2 (0x047e) x8  0x00000000
core   0: 0x8000a0f4 (0x00624533) xor     a0, tp, t1
core   0: 3 0x8000a0f4 (0x00624533) x10 0x1449e000
core   0: 0x8000a0f8 (0x0000100f) fence.i
core   0: 3 0x8000a0f8 (0x0000100f)
core   0: 0x8000a0fc (0x456b2a17) auipc   s4, 0x456b2
core   0: 3 0x8000a0fc (0x456b2a17) x20 0xc56bc0fc
core   0: 0x8000a100 (0x00000dd2) c.slli  s11, 20
core   0: 3 0x8000a100 (0x0dd2) x27 0x00000000
core   0: 0x8000a102 (0x0292e5b3) rem     a1, t0, s1
core   0: 3 0x8000a102 (0x0292e5b3) x11 0xf57d8a0a
core   0: 0x8000a106 (0x34053cf3) csrrc   s9, mscratch, a0
core   0: 3 0x8000a106 (0x34053cf3) x25 0xffffffff c832_mscratch 0xebb61fff
core   0: 0x8000a10a (0x000094c6) c.add   s1, a7
core   0: 3 0x8000a10a (0x94c6) x9  0x6b8002a0
core   0: 0x8000a10c (0x14756e93) ori     t4, a0, 327
core   0: 3 0x8000a10c (0x14756e93) x29 0x1449e147
core   0: 0x8000a110 (0x015374b3) and     s1, t1, s5
core   0: 3 0x8000a110 (0x015374b3) x9  0x0001b000
core   0: 0x8000a114 (0x0161d193) srli    gp, gp, 22
core   0: 3 0x8000a114 (0x0161d193) x3  0x000003b2
core   0: 0x8000a118 (0x00000c14) c.addi4spn a3, sp, 528
core   0: 3 0x8000a118 (0x0c14) x13 0x6b8004b0
core   0: 0x8000a11a (0x03d58433) mul     s0, a1, t4
core   0: 3 0x8000a11a (0x03d58433) x8  0x90fe12c6
core   0: 0x8000a11e (0x00006521) c.lui   a0, 0x8
core   0: 3 0x8000a11e (0x6521) x10 0x00008000
core   0: 0x8000a120 (0x037d8263) beq     s11, s7, pc + 36
core   0: 3 0x8000a120 (0x037d8263)
core   0: 0x8000a124 (0x34006e73) csrrsi  t3, mscratch, 0
core   0: 3 0x8000a124 (0x34006e73) x28 0xebb61fff
core   0: 0x8000a128 (0x0000131c) c.addi4spn a5, sp, 416
core   0: 3 0x8000a128 (0x131c) x15 0x6b800440
core   0: 0x8000a12a (0x00000979) c.addi  s2, 30
core   0: 3 0x8000a12a (0x0979) x18 0x0000001e
core   0: 0x8000a12c (0x000087b1) c.srai  a5, 12
core   0: 3 0x8000a12c (0x87b1) x15 0x0006b800
core   0: 0x8000a12e (0x03faac33) mulhsu  s8, s5, t6
core   0: 3 0x8000a12e (0x03faac33) x24 0xfffffd3d
core   0: 0x8000a132 (0x00e11813) slli    a6, sp, 14
core   0: 3 0x8000a132 (0x00e11813) x16 0x00a80000
core   0: 0x8000a136 (0x0134a533) slt     a0, s1, s3
core   0: 3 0x8000a136 (0x0134a533) x10 0x00000000
core   0: 0x8000a13a (0x0018df93) srli    t6, a7, 1
core   0: 3 0x8000a13a (0x0018df93) x31 0x35c00150
core   0: 0x8000a13e (0x000085c1) c.srai  a1, 16
core   0: 3 0x8000a13e (0x85c1) x11 0xfffff57d
core   0: 0x8000a140 (0x023175b3) remu    a1, sp, gp
core   0: 3 0x8000a140 (0x023175b3) x11 0x000001f4
core   0: 0x8000a144 (0x020be633) rem     a2, s7, zero
core   0: 3 0x8000a144 (0x020be633) x12 0x80025ddc
core   0: 0x8000a148 (0x00000f9d) c.addi  t6, 7
core   0: 3 0x8000a148 (0x0f9d) x31 0x35c00157
core   0: 0x8000a14a (0x0145fdb3) and     s11, a1, s4
core   0: 3 0x8000a14a (0x0145fdb3) x27 0x000000f4
core   0: 0x8000a14e (0x00008e12) c.mv    t3, tp
core   0: 3 0x8000a14e (0x8e12) x28 0x14485000
core   0: 0x8000a150 (0x004ba783) lw      a5, 4(s7)
core   0: 3 0x8000a150 (0x004ba783) x15 0x800083a2 mem 0x80025de0
core   0: 0x8000a154 (0x000088c1) c.andi  s1, 16
core   0: 3 0x8000a154 (0x88c1) x9  0x00000000
core   0: 0x8000a156 (0x030b8b93) addi    s7, s7, 48
core   0: 3 0x8000a156 (0x030b8b93) x23 0x80025e0c
core   0: 0x8000a15a (0x028614b3) mulh    s1, a2, s0
core   0: 3 0x8000a15a (0x028614b3) x9  0x377fefe6
core   0: 0x8000a15e (0x039edab3) divu    s5, t4, s9
core   0: 3 0x8000a15e (0x039edab3) x21 0x00000000
core   0: 0x8000a162 (0x00c9a633) slt     a2, s3, a2
core   0: 3 0x8000a162 (0x00c9a633) x12 0x00000000
core   0: 0x8000a166 (0x03fdc9b3) div     s3, s11, t6
core   0: 3 0x8000a166 (0x03fdc9b3) x19 0x00000000
core   0: 0x8000a16a (0x00078993) mv      s3, a5
core   0: 3 0x8000a16a (0x00078993) x19 0x800083a2
core   0: 0x8000a16e (0x000989e7) jalr    s3, s3, 0
core   0: 3 0x8000a16e (0x000989e7) x19 0x8000a172
core   0: 0x800083a2 (0x0015a833) slt     a6, a1, ra
core   0: 3 0x800083a2 (0x0015a833) x16 0x00000000
core   0: 0x800083a6 (0x005b9c33) sll     s8, s7, t0
core   0: 3 0x800083a6 (0x005b9c33) x24 0x09783000
core   0: 0x800083aa (0x00008ca1) c.xor   s1, s0
core   0: 3 0x800083aa (0x8ca1) x9  0xa781fd20
core   0: 0x800083ac (0x00081113) slli    sp, a6, 0
core   0: 3 0x800083ac (0x00081113) x2  0x00000000
core   0: 0x800083b0 (0x0000e911) c.bnez  a0, pc + 20
core   0: 3 0x800083b0 (0xe911)
core   0: 0x800083b2 (0x41cb0933) sub     s2, s6, t3
core   0: 3 0x800083b2 (0x41cb0933) x18 0x0e9cb3fb
core   0: 0x800083b6 (0x340998f3) csrrw   a7, mscratch, s3
core   0: 3 0x800083b6 (0x340998f3) x17 0xebb61fff c832_mscratch 0x8000a172
core   0: 0x800083ba (0x0000100f) fence.i
core   0: 3 0x800083ba (0x0000100f)
core   0: 0x800083be (0x021b0d33) mul     s10, s6, ra
core   0: 3 0x800083be (0x021b0d33) x26 0xe39b7e4c
core   0: 0x800083c2 (0x00008dd9) c.or    a1, a4
core   0: 3 0x800083c2 (0x8dd9) x11 0x000001f4
core   0: 0x800083c4 (0x0173f6b3) and     a3, t2, s7
core   0: 3 0x800083c4 (0x0173f6b3) x13 0x00000000
core   0: 0x800083c8 (0x75453813) sltiu   a6, a0, 1876
core   0: 3 0x800083c8 (0x75453813) x16 0x00000001
core   0: 0x800083cc (0x07f35563) bge     t1, t6, pc + 106
core   0: 3 0x800083cc (0x07f35563)
core   0: 0x800083d0 (0x00000001) c.nop
core   0: 3 0x800083d0 (0x0001)
core   0: 0x800083d2 (0x93a23493) sltiu   s1, tp, -1734
core   0: 3 0x800083d2 (0x93a23493) x9  0x00000001
core   0: 0x800083d6 (0x411ddeb3) sra     t4, s11, a7
core   0: 3 0x800083d6 (0x411ddeb3) x29 0x00000000
core   0: 0x800083da (0x00008095) c.srli  s1, 5
core   0: 3 0x800083da (0x8095) x9  0x00000000
core   0: 0x800083dc (0x00017817) auipc   a6, 0x17
core   0: 3 0x800083dc (0x00017817) x16 0x8001f3dc
core   0: 0x800083e0 (0x45b80813) addi    a6, a6, 1115
core   0: 3 0x800083e0 (0x45b80813) x16 0x8001f837
core   0: 0x800083e4 (0xfeb81b03) lh      s6, -21(a6)
core   0: 3 0x800083e4 (0xfeb81b03) x22 0xffffd8d9 mem 0x8001f822
core   0: 0x800083e8 (0x0000099a) c.slli  s3, 6
core   0: 3 0x800083e8 (0x099a) x19 0x00285c80
core   0: 0x800083ea (0x00d80523) sb      a3, 10(a6)
core   0: 3 0x800083ea (0x00d80523) mem 0x8001f841 0x00
core   0: 0x800083ee (0x20354737) lui     a4, 0x20354
core   0: 3 0x800083ee (0x20354737) x14 0x20354000
core   0: 0x800083f2 (0x03680023) sb      s6, 32(a6)
core   0: 3 0x800083f2 (0x03680023) mem 0x8001f857 0xd9
core   0: 0x800083f6 (0xcc5ea013) slti    zero, t4, -827
core   0: 3 0x800083f6 (0xcc5ea013)
core   0: 0x800083fa (0x01980603) lb      a2, 25(a6)
core   0: 3 0x800083fa (0x01980603) x12 0x0000000b mem 0x8001f850
core   0: 0x800083fe (0x9d6eba13) sltiu   s4, t4, -1578
core   0: 3 0x800083fe (0x9d6eba13) x20 0x00000001
core   0: 0x80008402 (0x340997f3) csrrw   a5, mscratch, s3
core   0: 3 0x80008402 (0x340997f3) x15 0x8000a172 c832_mscratch 0x00285c80
core   0: 0x80008406 (0x02c80003) lb      zero, 44(a6)
core   0: 3 0x80008406 (0x02c80003) mem 0x8001f863
core   0: 0x8000840a (0x0192e1b3) or      gp, t0, s9
core   0: 3 0x8000840a (0x0192e1b3) x3  0xffffffff
core   0: 0x8000840e (0x01aeddb3) srl     s11, t4, s10
core   0: 3 0x8000840e (0x01aeddb3) x27 0x00000000
core   0: 0x80008412 (0x010e7fb3) and     t6, t3, a6
core   0: 3 0x80008412 (0x010e7fb3) x31 0x00005000
core   0: 0x80008416 (0xfef84903) lbu     s2, -17(a6)
core   0: 3 0x80008416 (0xfef84903) x18 0x000000dd mem 0x8001f826
core   0: 0x8000841a (0x6e996d93) ori     s11, s2, 1769
core   0: 3 0x8000841a (0x6e996d93) x27 0x000006fd
core   0: 0x8000841e (0x01980e83) lb      t4, 25(a6)
core   0: 3 0x8000841e (0x01980e83) x29 0x0000000b mem 0x8001f850
core   0: 0x80008422 (0x00684e03) lbu     t3, 6(a6)
core   0: 3 0x80008422 (0x00684e03) x28 0x000000f6 mem 0x8001f83d
core   0: 0x80008426 (0x02684483) lbu     s1, 38(a6)
core   0: 3 0x80008426 (0x02684483) x9  0x00000016 mem 0x8001f85d
core   0: 0x8000842a (0x15184c93) xori    s9, a6, 337
core   0: 3 0x8000842a (0x15184c93) x25 0x8001f966
core   0: 0x8000842e (0x01d265b3) or      a1, tp, t4
core   0: 3 0x8000842e (0x01d265b3) x11 0x1448500b
core   0: 0x80008432 (0x03780523) sb      s7, 42(a6)
core   0: 3 0x80008432 (0x03780523) mem 0x8001f861 0x0c
core   0: 0x80008436 (0x418cd0b3) sra     ra, s9, s8
core   0: 3 0x80008436 (0x418cd0b3) x1  0x8001f966
core   0: 0x8000843a (0x00009c7e) c.add   s8, t6
core   0: 3 0x8000843a (0x9c7e) x24 0x09788000
core   0: 0x8000843c (0x00171693) slli    a3, a4, 1
core   0: 3 0x8000843c (0x00171693) x13 0x406a8000
core   0: 0x80008440 (0x0000eb91) c.bnez  a5, pc + 20
core   0: 3 0x80008440 (0xeb91)
core   0: 0x80008454 (0x000080ba) c.mv    ra, a4
core   0: 3 0x80008454 (0x80ba) x1  0x20354000
core   0: 0x80008456 (0x05137063) bgeu    t1, a7, pc + 64
core   0: 3 0x80008456 (0x05137063)
core   0: 0x8000845a (0x00bedcb3) srl     s9, t4, a1
core   0: 3 0x8000845a (0x00bedcb3) x25 0x00000000
core   0: 0x8000845e (0x03b11063) bne     sp, s11, pc + 32
core   0: 3 0x8000845e (0x03b11063)
core   0: 0x8000847e (0x00fa0933) add     s2, s4, a5
core   0: 3 0x8000847e (0x00fa0933) x18 0x8000a173
core   0: 0x80008482 (0x00000892) c.slli  a7, 4
core   0: 3 0x80008482 (0x0892) x17 0xbb61fff0
core   0: 0x80008484 (0x01529db3) sll     s11, t0, s5
core   0: 3 0x80008484 (0x01529db3) x27 0xf57d8a0a
core   0: 0x80008488 (0x00008546) c.mv    a0, a7
core   0: 3 0x80008488 (0x8546) x10 0xbb61fff0
core   0: 0x8000848a (0x34007573) csrrci  a0, mscratch, 0
core   0: 3 0x8000848a (0x34007573) x10 0x00285c80
core   0: 0x8000848e (0x019beab3) or      s5, s7, s9
core   0: 3 0x8000848e (0x019beab3) x21 0x80025e0c
core   0: 0x80008492 (0x000082d1) c.srli  a3, 20
core   0: 3 0x80008492 (0x82d1) x13 0x00000406
core   0: 0x80008494 (0x000082f1) c.srli  a3, 28
core   0: 3 0x80008494 (0x82f1) x13 0x00000000
core   0: 0x80008496 (0x0000e519) c.bnez  a0, pc + 14
core   0: 3 0x80008496 (0xe519)
core   0: 0x800084a4 (0x003eb8b3) sltu    a7, t4, gp
core   0: 3 0x800084a4 (0x003eb8b3) x17 0x00000001
core   0: 0x800084a8 (0x020c80b3) mul     ra, s9, zero
core   0: 3 0x800084a8 (0x020c80b3) x1  0x00000000
core   0: 0x800084ac (0x41b55d13) srai    s10, a0, 27
core   0: 3 0x800084ac (0x41b55d13) x26 0x00000000
core   0: 0x800084b0 (0x00000001) c.nop
core   0: 3 0x800084b0 (0x0001)
core   0: 0x800084b2 (0x00008e85) c.sub   a3, s1
core   0: 3 0x800084b2 (0x8e85) x13 0xffffffea
core   0: 0x800084b4 (0x03a25e63) bge     tp, s10, pc + 60
core   0: 3 0x800084b4 (0x03a25e63)
core   0: 0x800084f0 (0x0000c98d) c.beqz  a1, pc + 50
core   0: 3 0x800084f0 (0xc98d)
core   0: 0x800084f2 (0x000004a6) c.slli  s1, 9
core   0: 3 0x800084f2 (0x04a6) x9  0x00002c00
core   0: 0x800084f4 (0x030b6633) rem     a2, s6, a6
core   0: 3 0x800084f4 (0x030b6633) x12 0xffffd8d9
core   0: 0x800084f8 (0x000aa233) slt     tp, s5, zero
core   0: 3 0x800084f8 (0x000aa233) x4  0x00000001
core   0: 0x800084fc (0x00788ab3) add     s5, a7, t2
core   0: 3 0x800084fc (0x00788ab3) x21 0x00000001
core   0: 0x80008500 (0x7134cb13) xori    s6, s1, 1811
core   0: 3 0x80008500 (0x7134cb13) x22 0x00002b13
core   0: 0x80008504 (0x00ee6b33) or      s6, t3, a4
core   0: 3 0x80008504 (0x00ee6b33) x22 0x203540f6
core   0: 0x80008508 (0x40f3d693) srai    a3, t2, 15
core   0: 3 0x80008508 (0x40f3d693) x13 0x00000000
core   0: 0x8000850c (0x0000100f) fence.i
core   0: 3 0x8000850c (0x0000100f)
core   0: 0x80008510 (0x018aec63) bltu    s5, s8, pc + 24
core   0: 3 0x80008510 (0x018aec63)
core   0: 0x80008528 (0xe5f4d837) lui     a6, 0xe5f4d
core   0: 3 0x80008528 (0xe5f4d837) x16 0xe5f4d000
core   0: 0x8000852c (0x00000d7e) c.slli  s10, 31
core   0: 3 0x8000852c (0x0d7e) x26 0x00000000
core   0: 0x8000852e (0x34002e73) csrr    t3, mscratch
core   0: 3 0x8000852e (0x34002e73) x28 0x00285c80
core   0: 0x80008532 (0xed584f97) auipc   t6, 0xed584
core   0: 3 0x80008532 (0xed584f97) x31 0x6d58c532
core   0: 0x80008536 (0x003c8263) beq     s9, gp, pc + 4
core   0: 3 0x80008536 (0x003c8263)
core   0: 0x8000853a (0x0000093a) c.slli  s2, 14
core   0: 3 0x8000853a (0x093a) x18 0x285cc000
core   0: 0x8000853c (0x340a9873) csrrw   a6, mscratch, s5
core   0: 3 0x8000853c (0x340a9873) x16 0x00285c80 c832_mscratch 0x00000001
core   0: 0x80008540 (0x03f16d63) bltu    sp, t6, pc + 58
core   0: 3 0x80008540 (0x03f16d63)
core   0: 0x8000857a (0x0114d0b3) srl     ra, s1, a7
core   0: 3 0x8000857a (0x0114d0b3) x1  0x00001600
core   0: 0x8000857e (0x00008ed5) c.or    a3, a3
core   0: 3 0x8000857e (0x8ed5) x13 0x00000000
core   0: 0x80008580 (0x0280b833) mulhu   a6, ra, s0
core   0: 3 0x80008580 (0x0280b833) x16 0x00000c75
core   0: 0x80008584 (0x68382b13) slti    s6, a6, 1667
core   0: 3 0x80008584 (0x68382b13) x22 0x00000000
core   0: 0x80008588 (0x018905b3) add     a1, s2, s8
core   0: 3 0x80008588 (0x018905b3) x11 0x31d54000
core   0: 0x8000858c (0x725f4c93) xori    s9, t5, 1829
core   0: 3 0x8000858c (0x725f4c93) x25 0x80029a01
core   0: 0x80008590 (0x340537f3) csrrc   a5, mscratch, a0
core   0: 3 0x80008590 (0x340537f3) x15 0x00000001 c832_mscratch 0x00000001
core   0: 0x80008594 (0x02bfaeb3) mulhsu  t4, t6, a1
core   0: 3 0x80008594 (0x02bfaeb3) x29 0x154913f0
core   0: 0x80008598 (0x8042f913) andi    s2, t0, -2044
core   0: 3 0x80008598 (0x8042f913) x18 0xf57d8800
core   0: 0x8000859c (0x40115933) sra     s2, sp, ra
core   0: 3 0x8000859c (0x40115933) x18 0x00000000
core   0: 0x800085a0 (0x00c86263) bltu    a6, a2, pc + 4
core   0: 3 0x800085a0 (0x00c86263)
core   0: 0x800085a4 (0x03db4f63) blt     s6, t4, pc + 62
core   0: 3 0x800085a4 (0x03db4f63)
core   0: 0x800085e2 (0x03837433) remu    s0, t1, s8
core   0: 3 0x800085e2 (0x03837433) x8  0x0001b000
core   0: 0x800085e6 (0x340bbd73) csrrc   s10, mscratch, s7
core   0: 3 0x800085e6 (0x340bbd73) x26 0x00000001 c832_mscratch 0x00000001
core   0: 0x800085ea (0x0343ad33) mulhsu  s10, t2, s4
core   0: 3 0x800085ea (0x0343ad33) x26 0x00000000
core   0: 0x800085ee (0x022056b3) divu    a3, zero, sp
core   0: 3 0x800085ee (0x022056b3) x13 0xffffffff
core   0: 0x800085f2 (0x00cc1363) bne     s8, a2, pc + 6
core   0: 3 0x800085f2 (0x00cc1363)
core   0: 0x800085f8 (0x00505313) srli    t1, zero, 5
core   0: 3 0x800085f8 (0x00505313) x6  0x00000000
core   0: 0x800085fc (0x00ab9b13) slli    s6, s7, 10
core   0: 3 0x800085fc (0x00ab9b13) x22 0x09783000
core   0: 0x80008600 (0x340ab0f3) csrrc   ra, mscratch, s5
core   0: 3 0x80008600 (0x340ab0f3) x1  0x00000001 c832_mscratch 0x00000000
core   0: 0x80008604 (0x03498ab3) mul     s5, s3, s4
core   0: 3 0x80008604 (0x03498ab3) x21 0x00285c80
core   0: 0x80008608 (0x0000c591) c.beqz  a1, pc + 12
core   0: 3 0x80008608 (0xc591)
core   0: 0x8000860a (0x000098fd) c.andi  s1, -1
core   0: 3 0x8000860a (0x98fd) x9  0x00002c00
core   0: 0x8000860c (0x010a6533) or      a0, s4, a6
core   0: 3 0x8000860c (0x010a6533) x10 0x00000c75
core   0: 0x80008610 (0xfc3a9f97) auipc   t6, 0xfc3a9
core   0: 3 0x80008610 (0xfc3a9f97) x31 0x7c3b1610
core   0: 0x80008614 (0x0051d633) srl     a2, gp, t0
core   0: 3 0x80008614 (0x0051d633) x12 0x003fffff
core   0: 0x80008618 (0x0000dd63) bgez    ra, pc + 26
core   0: 3 0x80008618 (0x0000dd63)
core   0: 0x80008632 (0x00000001) c.nop
core   0: 3 0x80008632 (0x0001)
core   0: 0x80008634 (0x009810b3) sll     ra, a6, s1
core   0: 3 0x80008634 (0x009810b3) x1  0x00000c75
core   0: 0x80008638 (0x340cb473) csrrc   s0, mscratch, s9
core   0: 3 0x80008638 (0x340cb473) x8  0x00000000 c832_mscratch 0x00000000
core   0: 0x8000863c (0x34003473) csrrc   s0, mscratch, zero
core   0: 3 0x8000863c (0x34003473) x8  0x00000000
core   0: 0x80008640 (0x011ef5b3) and     a1, t4, a7
core   0: 3 0x80008640 (0x011ef5b3) x11 0x00000000
core   0: 0x80008644 (0x009bbb33) sltu    s6, s7, s1
core   0: 3 0x80008644 (0x009bbb33) x22 0x00000000
core   0: 0x80008648 (0x340ad073) csrwi   mscratch, 21
core   0: 3 0x80008648 (0x340ad073) c832_mscratch 0x00000015
core   0: 0x8000864c (0x412b0ab3) sub     s5, s6, s2
core   0: 3 0x8000864c (0x412b0ab3) x21 0x00000000
core   0: 0x80008650 (0x003b7363) bgeu    s6, gp, pc + 6
core   0: 3 0x80008650 (0x003b7363)
core   0: 0x80008654 (0x00008c3a) c.mv    s8, a4
core   0: 3 0x80008654 (0x8c3a) x24 0x20354000
core   0: 0x80008656 (0x00000001) c.nop
core   0: 3 0x80008656 (0x0001)
core   0: 0x80008658 (0x028afc63) bgeu    s5, s0, pc + 56
core   0: 3 0x80008658 (0x028afc63)
core   0: 0x80008690 (0x00000001) c.nop
core   0: 3 0x80008690 (0x0001)
core   0: 0x80008692 (0x0043f1b3) and     gp, t2, tp
core   0: 3 0x80008692 (0x0043f1b3) x3  0x00000000
core   0: 0x80008696 (0x0000177d) c.addi  a4, -1
core   0: 3 0x80008696 (0x177d) x14 0x20353fff
core   0: 0x80008698 (0x000061f1) c.lui   gp, 0x1c
core   0: 3 0x80008698 (0x61f1) x3  0x0001c000
core   0: 0x8000869a (0x0333c7b3) div     a5, t2, s3
core   0: 3 0x8000869a (0x0333c7b3) x15 0x00000000
core   0: 0x8000869e (0x00008d8d) c.sub   a1, a1
core   0: 3 0x8000869e (0x8d8d) x11 0x00000000
core   0: 0x800086a0 (0x0ff0000f) fence   iorw,iorw
core   0: 3 0x800086a0 (0x0ff0000f)
core   0: 0x800086a4 (0x02774c63) blt     a4, t2, pc + 56
core   0: 3 0x800086a4 (0x02774c63)
core   0: 0x800086a8 (0x3260bdb7) lui     s11, 0x3260b
core   0: 3 0x800086a8 (0x3260bdb7) x27 0x3260b000
core   0: 0x800086ac (0x01019cb3) sll     s9, gp, a6
core   0: 3 0x800086ac (0x01019cb3) x25 0x00000000
core   0: 0x800086b0 (0x5d418e93) addi    t4, gp, 1492
core   0: 3 0x800086b0 (0x5d418e93) x29 0x0001c5d4
core   0: 0x800086b4 (0x01ebf333) and     t1, s7, t5
core   0: 3 0x800086b4 (0x01ebf333) x6  0x80021c04
core   0: 0x800086b8 (0x003fcab3) xor     s5, t6, gp
core   0: 3 0x800086b8 (0x003fcab3) x21 0x7c3ad610
core   0: 0x800086bc (0x169c8e97) auipc   t4, 0x169c8
core   0: 3 0x800086bc (0x169c8e97) x29 0x969d06bc
core   0: 0x800086c0 (0x00008fd9) c.or    a5, a4
core   0: 3 0x800086c0 (0x8fd9) x15 0x20353fff
core   0: 0x800086c2 (0x0114c433) xor     s0, s1, a7
core   0: 3 0x800086c2 (0x0114c433) x8  0x00002c01
core   0: 0x800086c6 (0x01dbd933) srl     s2, s7, t4
core   0: 3 0x800086c6 (0x01dbd933) x18 0x00000008
core   0: 0x800086ca (0x011c8c63) beq     s9, a7, pc + 24
core   0: 3 0x800086ca (0x011c8c63)
core   0: 0x800086ce (0x01abc7b3) xor     a5, s7, s10
core   0: 3 0x800086ce (0x01abc7b3) x15 0x80025e0c
core   0: 0x800086d2 (0x00000001) c.nop
core   0: 3 0x800086d2 (0x0001)
core   0: 0x800086d4 (0x0000c785) c.beqz  a5, pc + 40
core   0: 3 0x800086d4 (0xc785)
core   0: 0x800086d6 (0x340fdff3) csrrwi  t6, mscratch, 31
core   0: 3 0x800086d6 (0x340fdff3) x31 0x00000015 c832_mscratch 0x0000001f
core   0: 0x800086da (0x00000f84) c.addi4spn s1, sp, 976
core   0: 3 0x800086da (0x0f84) x9  0x000003d0
core   0: 0x800086dc (0x34005e73) csrrwi  t3, mscratch, 0
core   0: 3 0x800086dc (0x34005e73) x28 0x0000001f c832_mscratch 0x00000000
core   0: 0x800086e0 (0x00000001) c.nop
core   0: 3 0x800086e0 (0x0001)
core   0: 0x800086e2 (0x000009d2) c.slli  s3, 20
core   0: 3 0x800086e2 (0x09d2) x19 0xc8000000
core   0: 0x800086e4 (0x00001d88) c.addi4spn a0, sp, 752
core   0: 3 0x800086e4 (0x1d88) x10 0x000002f0
core   0: 0x800086e6 (0xd6637413) andi    s0, t1, -666
core   0: 3 0x800086e6 (0xd6637413) x8  0x80021c04
core   0: 0x800086ea (0x0246c3b3) div     t2, a3, tp
core   0: 3 0x800086ea (0x0246c3b3) x7  0xffffffff
core   0: 0x800086ee (0x3b7dc913) xori    s2, s11, 951
core   0: 3 0x800086ee (0x3b7dc913) x18 0x3260b3b7
core   0: 0x800086f2 (0x340e54f3) csrrwi  s1, mscratch, 28
core   0: 3 0x800086f2 (0x340e54f3) x9  0x00000000 c832_mscratch 0x0000001c
core   0: 0x800086f6 (0x0300cd63) blt     ra, a6, pc + 58
core   0: 3 0x800086f6 (0x0300cd63)
core   0: 0x800086fa (0x000003b2) c.slli  t2, 12
core   0: 3 0x800086fa (0x03b2) x7  0xfffff000
core   0: 0x800086fc (0x0122e733) or      a4, t0, s2
core   0: 3 0x800086fc (0x0122e733) x14 0xf77dbbbf
core   0: 0x80008700 (0x03f0f6b3) remu    a3, ra, t6
core   0: 3 0x80008700 (0x03f0f6b3) x13 0x00000012
core   0: 0x80008704 (0x412cd8b3) sra     a7, s9, s2
core   0: 3 0x80008704 (0x412cd8b3) x17 0x00000000
core   0: 0x80008708 (0x0064cb63) blt     s1, t1, pc + 22
core   0: 3 0x80008708 (0x0064cb63)
core   0: 0x8000870c (0x00000771) c.addi  a4, 28
core   0: 3 0x8000870c (0x0771) x14 0xf77dbbdb
core   0: 0x8000870e (0x026477b3) remu    a5, s0, t1
core   0: 3 0x8000870e (0x026477b3) x15 0x00000000
core   0: 0x80008712 (0x0339bdb3) mulhu   s11, s3, s3
core   0: 3 0x80008712 (0x0339bdb3) x27 0x9c400000
core   0: 0x80008716 (0x00009b26) c.add   s6, s1
core   0: 3 0x80008716 (0x9b26) x22 0x00000000
core   0: 0x80008718 (0x00008ce5) c.and   s1, s1
core   0: 3 0x80008718 (0x8ce5) x9  0x00000000
core   0: 0x8000871a (0x340037f3) csrrc   a5, mscratch, zero
core   0: 3 0x8000871a (0x340037f3) x15 0x0000001c
core   0: 0x8000871e (0x00000acd) c.addi  s5, 19
core   0: 3 0x8000871e (0x0acd) x21 0x7c3ad623
core   0: 0x80008720 (0xed9c7113) andi    sp, s8, -295
core   0: 3 0x80008720 (0xed9c7113) x2  0x20354000
core   0: 0x80008724 (0x02cab0b3) mulhu   ra, s5, a2
core   0: 3 0x80008724 (0x02cab0b3) x1  0x001f0eb5
core   0: 0x80008728 (0x3400b5f3) csrrc   a1, mscratch, ra
core   0: 3 0x80008728 (0x3400b5f3) x11 0x0000001c c832_mscratch 0x00000008
core   0: 0x8000872c (0x02392433) mulhsu  s0, s2, gp
core   0: 3 0x8000872c (0x02392433) x8  0x00005829
core   0: 0x80008730 (0x0000100f) fence.i
core   0: 3 0x80008730 (0x0000100f)
core   0: 0x80008734 (0x00008485) c.srai  s1, 1
core   0: 3 0x80008734 (0x8485) x9  0x00000000
core   0: 0x80008736 (0x005af633) and     a2, s5, t0
core   0: 3 0x80008736 (0x005af633) x12 0x74388202
core   0: 0x8000873a (0x00721263) bne     tp, t2, pc + 4
core   0: 3 0x8000873a (0x00721263)
core   0: 0x8000873e (0x000095ba) c.add   a1, a4
core   0: 3 0x8000873e (0x95ba) x11 0xf77dbbf7
core   0: 0x80008740 (0x0000ef89) c.bnez  a5, pc + 26
core   0: 3 0x80008740 (0xef89)
core   0: 0x8000875a (0x000007ce) c.slli  a5, 19
core   0: 3 0x8000875a (0x07ce) x15 0x00e00000
core   0: 0x8000875c (0x0ff0000f) fence   iorw,iorw
core   0: 3 0x8000875c (0x0ff0000f)
core   0: 0x80008760 (0x03897d63) bgeu    s2, s8, pc + 58
core   0: 3 0x80008760 (0x03897d63)
core   0: 0x8000879a (0x34007c73) csrrci  s8, mscratch, 0
core   0: 3 0x8000879a (0x34007c73) x24 0x00000008
core   0: 0x8000879e (0xcba97593) andi    a1, s2, -838
core   0: 3 0x8000879e (0xcba97593) x11 0x3260b0b2
core   0: 0x800087a2 (0x0ff0df63) bge     ra, t6, pc + 254
core   0: 3 0x800087a2 (0x0ff0df63)
core   0: 0x800088a0 (0x2a126193) ori     gp, tp, 673
core   0: 3 0x800088a0 (0x2a126193) x3  0x000002a1
core   0: 0x800088a4 (0x2df62a93) slti    s5, a2, 735
core   0: 3 0x800088a4 (0x2df62a93) x21 0x00000000
core   0: 0x800088a8 (0x00000001) c.nop
core   0: 3 0x800088a8 (0x0001)
core   0: 0x800088aa (0xc3a47d93) andi    s11, s0, -966
core   0: 3 0x800088aa (0xc3a47d93) x27 0x00005828
core   0: 0x800088ae (0x004ba783) lw      a5, 4(s7)
core   0: 3 0x800088ae (0x004ba783) x15 0x80008994 mem 0x80025e10
core   0: 0x800088b2 (0x00008dc2) c.mv    s11, a6
core   0: 3 0x800088b2 (0x8dc2) x27 0x00000c75
core   0: 0x800088b4 (0x403180b3) sub     ra, gp, gp
core   0: 3 0x800088b4 (0x403180b3) x1  0x00000000
core   0: 0x800088b8 (0x034b8b93) addi    s7, s7, 52
core   0: 3 0x800088b8 (0x034b8b93) x23 0x80025e40
core   0: 0x800088bc (0x02911cb3) mulh    s9, sp, s1
core   0: 3 0x800088bc (0x02911cb3) x25 0x00000000
core   0: 0x800088c0 (0x015d8833) add     a6, s11, s5
core   0: 3 0x800088c0 (0x015d8833) x16 0x00000c75
core   0: 0x800088c4 (0x00008f55) c.or    a4, a3
core   0: 3 0x800088c4 (0x8f55) x14 0xf77dbbdb
core   0: 0x800088c6 (0x00078593) mv      a1, a5
core   0: 3 0x800088c6 (0x00078593) x11 0x80008994
core   0: 0x800088ca (0x000585e7) jalr    a1, a1, 0
core   0: 3 0x800088ca (0x000585e7) x11 0x800088ce
core   0: 0x80008994 (0x010363b3) or      t2, t1, a6
core   0: 3 0x80008994 (0x010363b3) x7  0x80021c75
core   0: 0x80008998 (0x02056333) rem     t1, a0, zero
core   0: 3 0x80008998 (0x02056333) x6  0x000002f0
core   0: 0x8000899c (0x0000100f) fence.i
core   0: 3 0x8000899c (0x0000100f)
core   0: 0x800089a0 (0x03a950b3) divu    ra, s2, s10
core   0: 3 0x800089a0 (0x03a950b3) x1  0xffffffff
core   0: 0x800089a4 (0xde72fe93) andi    t4, t0, -537
core   0: 3 0x800089a4 (0xde72fe93) x29 0xf57d8802
core   0: 0x800089a8 (0x01e9c463) blt     s3, t5, pc + 8
core   0: 3 0x800089a8 (0x01e9c463)
core   0: 0x800089ac (0x0000100f) fence.i
core   0: 3 0x800089ac (0x0000100f)
core   0: 0x800089b0 (0x7c2017ef) jal     a5, pc + 0x17c2
core   0: 3 0x800089b0 (0x7c2017ef) x15 0x800089b4
core   0: 0x8000a172 (0x0000100f) fence.i
core   0: 3 0x8000a172 (0x0000100f)
core   0: 0x8000a176 (0xc098bb13) sltiu   s6, a7, -1015
core   0: 3 0x8000a176 (0xc098bb13) x22 0x00000001
core   0: 0x8000a17a (0x00001ba1) c.addi  s7, -24
core   0: 3 0x8000a17a (0x1ba1) x23 0x80025e28
core   0: 0x8000a17c (0x00006139) c.addi16sp sp, 448
core   0: 3 0x8000a17c (0x6139) x2  0x203541c0
core   0: 0x8000a17e (0x00fba223) sw      a5, 4(s7)
core   0: 3 0x8000a17e (0x00fba223) mem 0x80025e2c 0x800089b4
core   0: 0x8000a182 (0xea054813) xori    a6, a0, -352
core   0: 3 0x8000a182 (0xea054813) x16 0xfffffc50
core   0: 0x8000a186 (0x0000e817) auipc   a6, 0xe
core   0: 3 0x8000a186 (0x0000e817) x16 0x80018186
core   0: 0x8000a18a (0xe0d80813) addi    a6, a6, -499
core   0: 3 0x8000a18a (0xe0d80813) x16 0x80017f93
core   0: 0x8000a18e (0xfd982503) lw      a0, -39(a6)
core   0: 3 0x8000a18e (0xfd982503) x10 0x24252627 mem 0x80017f6c
core   0: 0x8000a192 (0x03181483) lh      s1, 49(a6)
core   0: 3 0x8000a192 (0x03181483) x9  0x00007e7f mem 0x80017fc4
core   0: 0x8000a196 (0x00584883) lbu     a7, 5(a6)
core   0: 3 0x8000a196 (0x00584883) x17 0x00000083 mem 0x80017f98
core   0: 0x8000a19a (0x028a83b3) mul     t2, s5, s0
core   0: 3 0x8000a19a (0x028a83b3) x7  0x00000000
core   0: 0x8000a19e (0x02b81103) lh      sp, 43(a6)
core   0: 3 0x8000a19e (0x02b81103) x2  0x00007475 mem 0x80017fbe
core   0: 0x8000a1a2 (0xfcf84b03) lbu     s6, -49(a6)
core   0: 3 0x8000a1a2 (0xfcf84b03) x22 0x00000019 mem 0x80017f62
core   0: 0x8000a1a6 (0x0000100f) fence.i
core   0: 3 0x8000a1a6 (0x0000100f)
core   0: 0x8000a1aa (0xfd985983) lhu     s3, -39(a6)
core   0: 3 0x8000a1aa (0xfd985983) x19 0x00002627 mem 0x80017f6c
core   0: 0x8000a1ae (0x03a93cb3) mulhu   s9, s2, s10
core   0: 3 0x8000a1ae (0x03a93cb3) x25 0x00000000
core   0: 0x8000a1b2 (0xfe280e03) lb      t3, -30(a6)
core   0: 3 0x8000a1b2 (0xfe280e03) x28 0x0000002e mem 0x80017f75
core   0: 0x8000a1b6 (0xfed81583) lh      a1, -19(a6)
core   0: 3 0x8000a1b6 (0xfed81583) x11 0x00003a3b mem 0x80017f80
core   0: 0x8000a1ba (0x035fa533) mulhsu  a0, t6, s5
core   0: 3 0x8000a1ba (0x035fa533) x10 0x00000000
core   0: 0x8000a1be (0x01c80d23) sb      t3, 26(a6)
core   0: 3 0x8000a1be (0x01c80d23) mem 0x80017fad 0x2e
core   0: 0x8000a1c2 (0x03582e83) lw      t4, 53(a6)
core   0: 3 0x8000a1c2 (0x03582e83) x29 0x80818283 mem 0x80017fc8
core   0: 0x8000a1c6 (0x402a8933) sub     s2, s5, sp
core   0: 3 0x8000a1c6 (0x402a8933) x18 0xffff8b8b
core   0: 0x8000a1ca (0x891bfa93) andi    s5, s7, -1903
core   0: 3 0x8000a1ca (0x891bfa93) x21 0x80025800
core   0: 0x8000a1ce (0x00008d29) c.xor   a0, a0
core   0: 3 0x8000a1ce (0x8d29) x10 0x00000000
core   0: 0x8000a1d0 (0x40b1d9b3) sra     s3, gp, a1
core   0: 3 0x8000a1d0 (0x40b1d9b3) x19 0x00000000
core   0: 0x8000a1d4 (0xfcb84583) lbu     a1, -53(a6)
core   0: 3 0x8000a1d4 (0xfcb84583) x11 0x0000002e mem 0x80017f5e
core   0: 0x8000a1d8 (0x03985983) lhu     s3, 57(a6)
core   0: 3 0x8000a1d8 (0x03985983) x19 0x00008687 mem 0x80017fcc
core   0: 0x8000a1dc (0x01d802a3) sb      t4, 5(a6)
core   0: 3 0x8000a1dc (0x01d802a3) mem 0x80017f98 0x83
core   0: 0x8000a1e0 (0x03280a03) lb      s4, 50(a6)
core   0: 3 0x8000a1e0 (0x03280a03) x20 0x0000007e mem 0x80017fc5
core   0: 0x8000a1e4 (0x00008ed9) c.or    a3, a4
core   0: 3 0x8000a1e4 (0x8ed9) x13 0xf77dbbdb
core   0: 0x8000a1e6 (0x00b85a03) lhu     s4, 11(a6)
core   0: 3 0x8000a1e6 (0x00b85a03) x20 0x00000000 mem 0x80017f9e
core   0: 0x8000a1ea (0x000000ea) c.slli  ra, 26
core   0: 3 0x8000a1ea (0x00ea) x1  0xfc000000
core   0: 0x8000a1ec (0x0000100f) fence.i
core   0: 3 0x8000a1ec (0x0000100f)
core   0: 0x8000a1f0 (0x01180723) sb      a7, 14(a6)
core   0: 3 0x8000a1f0 (0x01180723) mem 0x80017fa1 0x83
core   0: 0x8000a1f4 (0x00684483) lbu     s1, 6(a6)
core   0: 3 0x8000a1f4 (0x00684483) x9  0x00000052 mem 0x80017f99
core   0: 0x8000a1f8 (0xfc380223) sb      gp, -60(a6)
core   0: 3 0x8000a1f8 (0xfc380223) mem 0x80017f57 0xa1
core   0: 0x8000a1fc (0x0329c3b3) div     t2, s3, s2
core   0: 3 0x8000a1fc (0x0329c3b3) x7  0xffffffff
core   0: 0x8000a200 (0xff284203) lbu     tp, -14(a6)
core   0: 3 0x8000a200 (0xff284203) x4  0x0000003e mem 0x80017f85
core   0: 0x8000a204 (0x3404eff3) csrrsi  t6, mscratch, 9
core   0: 3 0x8000a204 (0x3404eff3) x31 0x00000008 c832_mscratch 0x00000009
core   0: 0x8000a208 (0xfdc805a3) sb      t3, -53(a6)
core   0: 3 0x8000a208 (0xfdc805a3) mem 0x80017f5e 0x2e
core   0: 0x8000a20c (0x00008db9) c.xor   a1, a4
core   0: 3 0x8000a20c (0x8db9) x11 0xf77dbbf5
core   0: 0x8000a20e (0xfe980e83) lb      t4, -23(a6)
core   0: 3 0x8000a20e (0xfe980e83) x29 0x00000037 mem 0x80017f7c
core   0: 0x8000a212 (0x00228733) add     a4, t0, sp
core   0: 3 0x8000a212 (0x00228733) x14 0xf57dfe7f
core   0: 0x8000a216 (0x00008c61) c.and   s0, s0
core   0: 3 0x8000a216 (0x8c61) x8  0x00005829
core   0: 0x8000a218 (0x415c8b33) sub     s6, s9, s5
core   0: 3 0x8000a218 (0x415c8b33) x22 0x7ffda800
core   0: 0x8000a21c (0x008824a3) sw      s0, 9(a6)
core   0: 3 0x8000a21c (0x008824a3) mem 0x80017f9c 0x00005829
core   0: 0x8000a220 (0xfde84583) lbu     a1, -34(a6)
core   0: 3 0x8000a220 (0xfde84583) x11 0x0000002a mem 0x80017f71
core   0: 0x8000a224 (0x40860db3) sub     s11, a2, s0
core   0: 3 0x8000a224 (0x40860db3) x27 0x743829d9
core   0: 0x8000a228 (0x03a84783) lbu     a5, 58(a6)
core   0: 3 0x8000a228 (0x03a84783) x15 0x00000086 mem 0x80017fcd
core   0: 0x8000a22c (0x0000100f) fence.i
core   0: 3 0x8000a22c (0x0000100f)
core   0: 0x8000a230 (0x01bf1133) sll     sp, t5, s11
core   0: 3 0x8000a230 (0x01bf1133) x2  0x48000000
core   0: 0x8000a234 (0x03084903) lbu     s2, 48(a6)
core   0: 3 0x8000a234 (0x03084903) x18 0x00000078 mem 0x80017fc3
core   0: 0x8000a238 (0x03aa4cb3) div     s9, s4, s10
core   0: 3 0x8000a238 (0x03aa4cb3) x25 0xffffffff
core   0: 0x8000a23c (0x00008625) c.srai  a2, 9
core   0: 3 0x8000a23c (0x8625) x12 0x003a1c41
core   0: 0x8000a23e (0x00b8c733) xor     a4, a7, a1
core   0: 3 0x8000a23e (0x00b8c733) x14 0x000000a9
core   0: 0x8000a242 (0x0ff0000f) fence   iorw,iorw
core   0: 3 0x8000a242 (0x0ff0000f)
core   0: 0x8000a246 (0xfd984503) lbu     a0, -39(a6)
core   0: 3 0x8000a246 (0xfd984503) x10 0x00000027 mem 0x80017f6c
core   0: 0x8000a24a (0xfd980383) lb      t2, -39(a6)
core   0: 3 0x8000a24a (0xfd980383) x7  0x00000027 mem 0x80017f6c
core   0: 0x8000a24e (0x0000fe97) auipc   t4, 0xf
core   0: 3 0x8000a24e (0x0000fe97) x29 0x8001924e
core   0: 0x8000a252 (0xbc2e8e93) addi    t4, t4, -1086
core   0: 3 0x8000a252 (0xbc2e8e93) x29 0x80018e10
core   0: 0x8000a256 (0x55bec403) lbu     s0, 1371(t4)
core   0: 3 0x8000a256 (0x55bec403) x8  0x00000020 mem 0x8001936b
core   0: 0x8000a25a (0x91ce8983) lb      s3, -1764(t4)
core   0: 3 0x8000a25a (0x91ce8983) x19 0xffffffe7 mem 0x8001872c
core   0: 0x8000a25e (0x00008c81) c.sub   s1, s0
core   0: 3 0x8000a25e (0x8c81) x9  0x00000032
core   0: 0x8000a260 (0x0000100f) fence.i
core   0: 3 0x8000a260 (0x0000100f)
core   0: 0x8000a264 (0x00008c2d) c.xor   s0, a1
core   0: 3 0x8000a264 (0x8c2d) x8  0x0000000a
core   0: 0x8000a266 (0x8bfe8683) lb      a3, -1857(t4)
core   0: 3 0x8000a266 (0x8bfe8683) x13 0xffffff84 mem 0x800186cf
core   0: 0x8000a26a (0x8cbe9e23) sh      a1, -1828(t4)
core   0: 3 0x8000a26a (0x8cbe9e23) mem 0x800186ec 0x002a
core   0: 0x8000a26e (0x2e2e9123) sh      sp, 738(t4)
core   0: 3 0x8000a26e (0x2e2e9123) mem 0x800190f2 0x0000
core   0: 0x8000a272 (0xe47ea023) sw      t2, -448(t4)
core   0: 3 0x8000a272 (0xe47ea023) mem 0x80018c50 0x00000027
core   0: 0x8000a276 (0x00008319) c.srli  a4, 6
core   0: 3 0x8000a276 (0x8319) x14 0x00000002
core   0: 0x8000a278 (0x131ec983) lbu     s3, 305(t4)
core   0: 3 0x8000a278 (0x131ec983) x19 0x000000fa mem 0x80018f41
core   0: 0x8000a27c (0x01861a13) slli    s4, a2, 24
core   0: 3 0x8000a27c (0x01861a13) x20 0x41000000
core   0: 0x8000a280 (0xb54e9a83) lh      s5, -1196(t4)
core   0: 3 0x8000a280 (0xb54e9a83) x21 0x00001e1f mem 0x80018964
core   0: 0x8000a284 (0x66dec703) lbu     a4, 1645(t4)
core   0: 3 0x8000a284 (0x66dec703) x14 0x00000036 mem 0x8001947d
core   0: 0x8000a288 (0x3d8e9823) sh      s8, 976(t4)
core   0: 3 0x8000a288 (0x3d8e9823) mem 0x800191e0 0x0008
core   0: 0x8000a28c (0x71d6f993) andi    s3, a3, 1821
core   0: 3 0x8000a28c (0x71d6f993) x19 0x00000704
core   0: 0x8000a290 (0x012a5513) srli    a0, s4, 18
core   0: 3 0x8000a290 (0x012a5513) x10 0x00001040
core   0: 0x8000a294 (0xc2be8b23) sb      a1, -970(t4)
core   0: 3 0x8000a294 (0xc2be8b23) mem 0x80018a46 0x2a
core   0: 0x8000a298 (0xe84ede03) lhu     t3, -380(t4)
core   0: 3 0x8000a298 (0xe84ede03) x28 0x00004e4f mem 0x80018c94
core   0: 0x8000a29c (0xd53e83a3) sb      s3, -697(t4)
core   0: 3 0x8000a29c (0xd53e83a3) mem 0x80018b57 0x04
core   0: 0x8000a2a0 (0xde8e9383) lh      t2, -536(t4)
core   0: 3 0x8000a2a0 (0xde8e9383) x7  0xffffb2b3 mem 0x80018bf8
core   0: 0x8000a2a4 (0x01ee8c03) lb      s8, 30(t4)
core   0: 3 0x8000a2a4 (0x01ee8c03) x24 0xffffffe5 mem 0x80018e2e
core   0: 0x8000a2a8 (0x8c2e8923) sb      sp, -1838(t4)
core   0: 3 0x8000a2a8 (0x8c2e8923) mem 0x800186e2 0x00
core   0: 0x8000a2ac (0x889ecd03) lbu     s10, -1911(t4)
core   0: 3 0x8000a2ac (0x889ecd03) x26 0x00000052 mem 0x80018699
core   0: 0x8000a2b0 (0x62ae9083) lh      ra, 1578(t4)
core   0: 3 0x8000a2b0 (0x62ae9083) x1  0xfffff0f1 mem 0x8001943a
core   0: 0x8000a2b4 (0x565ec383) lbu     t2, 1381(t4)
core   0: 3 0x8000a2b4 (0x565ec383) x7  0x0000002e mem 0x80019375
core   0: 0x8000a2b8 (0x83454793) xori    a5, a0, -1996
core   0: 3 0x8000a2b8 (0x83454793) x15 0xffffe874
core   0: 0x8000a2bc (0x667f2613) slti    a2, t5, 1639
core   0: 3 0x8000a2bc (0x667f2613) x12 0x00000001
core   0: 0x8000a2c0 (0x18ae9c03) lh      s8, 394(t4)
core   0: 3 0x8000a2c0 (0x18ae9c03) x24 0x00005051 mem 0x80018f9a
core   0: 0x8000a2c4 (0xc50e8123) sb      a6, -958(t4)
core   0: 3 0x8000a2c4 (0xc50e8123) mem 0x80018a52 0x93
core   0: 0x8000a2c8 (0x034786b3) mul     a3, a5, s4
core   0: 3 0x8000a2c8 (0x034786b3) x13 0x74000000
core   0: 0x8000a2cc (0xdf3ec683) lbu     a3, -525(t4)
core   0: 3 0x8000a2cc (0xdf3ec683) x13 0x000000b8 mem 0x80018c03
core   0: 0x8000a2d0 (0xdf1e8883) lb      a7, -527(t4)
core   0: 3 0x8000a2d0 (0xdf1e8883) x17 0xffffffba mem 0x80018c01
core   0: 0x8000a2d4 (0x684edb03) lhu     s6, 1668(t4)
core   0: 3 0x8000a2d4 (0x684edb03) x22 0x00004e4f mem 0x80019494
core   0: 0x8000a2d8 (0x323e8a23) sb      gp, 820(t4)
core   0: 3 0x8000a2d8 (0x323e8a23) mem 0x80019144 0xa1
core   0: 0x8000a2dc (0x000069c1) c.lui   s3, 0x10
core   0: 3 0x8000a2dc (0x69c1) x19 0x00010000
core   0: 0x8000a2de (0x00006c59) c.lui   s8, 0x16
core   0: 3 0x8000a2de (0x6c59) x24 0x00016000
core   0: 0x8000a2e0 (0x33fe8d03) lb      s10, 831(t4)
core   0: 3 0x8000a2e0 (0x33fe8d03) x26 0x00000004 mem 0x8001914f
core   0: 0x8000a2e4 (0x3cdecd03) lbu     s10, 973(t4)
core   0: 3 0x8000a2e4 (0x3cdecd03) x26 0x00000096 mem 0x800191dd
core   0: 0x8000a2e8 (0x385e8c03) lb      s8, 901(t4)
core   0: 3 0x8000a2e8 (0x385e8c03) x24 0x0000004e mem 0x80019195
core   0: 0x8000a2ec (0x340b1573) csrrw   a0, mscratch, s6
core   0: 3 0x8000a2ec (0x340b1573) x10 0x00000009 c832_mscratch 0x00004e4f
core   0: 0x8000a2f0 (0x15aeca03) lbu     s4, 346(t4)
core   0: 3 0x8000a2f0 (0x15aeca03) x20 0x00000021 mem 0x80018f6a
core   0: 0x8000a2f4 (0x0000e117) auipc   sp, 0xe
core   0: 3 0x8000a2f4 (0x0000e117) x2  0x800182f4
core   0: 0x8000a2f8 (0x13b10113) addi    sp, sp, 315
core   0: 3 0x8000a2f8 (0x13b10113) x2  0x8001842f
core   0: 0x8000a2fc (0x7ab10e23) sb      a1, 1980(sp)
core   0: 3 0x8000a2fc (0x7ab10e23) mem 0x80018beb 0x2a
core   0: 0x8000a300 (0x98814883) lbu     a7, -1656(sp)
core   0: 3 0x8000a300 (0x98814883) x17 0x0000006c mem 0x80017db7
core   0: 0x8000a304 (0x0000893d) c.andi  a0, 15
core   0: 3 0x8000a304 (0x893d) x10 0x00000009
core   0: 0x8000a306 (0x014877b3) and     a5, a6, s4
core   0: 3 0x8000a306 (0x014877b3) x15 0x00000001
core   0: 0x8000a30a (0xf6010303) lb      t1, -160(sp)
core   0: 3 0x8000a30a (0xf6010303) x6  0x00000044 mem 0x8001838f
core   0: 0x8000a30e (0x419dd793) srai    a5, s11, 25
core   0: 3 0x8000a30e (0x419dd793) x15 0x0000003a
core   0: 0x8000a312 (0x00008d91) c.sub   a1, a2
core   0: 3 0x8000a312 (0x8d91) x11 0x00000029
core   0: 0x8000a314 (0xc881e9b7) lui     s3, 0xc881e
core   0: 3 0x8000a314 (0xc881e9b7) x19 0xc881e000
core   0: 0x8000a318 (0x026de0b3) rem     ra, s11, t1
core   0: 3 0x8000a318 (0x026de0b3) x1  0x00000005
core   0: 0x8000a31c (0xb9a14903) lbu     s2, -1126(sp)
core   0: 3 0x8000a31c (0xb9a14903) x18 0x00000082 mem 0x80017fc9
core   0: 0x8000a320 (0x0175e233) or      tp, a1, s7
core   0: 3 0x8000a320 (0x0175e233) x4  0x80025e29
core   0: 0x8000a324 (0x01771a93) slli    s5, a4, 23
core   0: 3 0x8000a324 (0x01771a93) x21 0x1b000000
core   0: 0x8000a328 (0x01e14003) lbu     zero, 30(sp)
core   0: 3 0x8000a328 (0x01e14003) mem 0x8001844d
core   0: 0x8000a32c (0xfc696c13) ori     s8, s2, -58
core   0: 3 0x8000a32c (0xfc696c13) x24 0xffffffc6
core   0: 0x8000a330 (0x38e36c13) ori     s8, t1, 910
core   0: 3 0x8000a330 (0x38e36c13) x24 0x000003ce
core   0: 0x8000a334 (0x20210e83) lb      t4, 514(sp)
core   0: 3 0x8000a334 (0x20210e83) x29 0xffffffea mem 0x80018631
core   0: 0x8000a338 (0x0117a533) slt     a0, a5, a7
core   0: 3 0x8000a338 (0x0117a533) x10 0x00000001
core   0: 0x8000a33c (0x43d17337) lui     t1, 0x43d17
core   0: 3 0x8000a33c (0x43d17337) x6  0x43d17000
core   0: 0x8000a340 (0x0000100f) fence.i
core   0: 3 0x8000a340 (0x0000100f)
core   0: 0x8000a344 (0xd8a14f83) lbu     t6, -630(sp)
core   0: 3 0x8000a344 (0xd8a14f83) x31 0x00000072 mem 0x800181b9
core   0: 0x8000a348 (0xc9715c03) lhu     s8, -873(sp)
core   0: 3 0x8000a348 (0xc9715c03) x24 0x00007c7d mem 0x800180c6
core   0: 0x8000a34c (0x02070fb3) mul     t6, a4, zero
core   0: 3 0x8000a34c (0x02070fb3) x31 0x00000000
core   0: 0x8000a350 (0xd3b10183) lb      gp, -709(sp)
core   0: 3 0x8000a350 (0xd3b10183) x3  0x00000021 mem 0x8001816a
core   0: 0x8000a354 (0x95010e83) lb      t4, -1712(sp)
core   0: 3 0x8000a354 (0x95010e83) x29 0x00000034 mem 0x80017d7f
core   0: 0x8000a358 (0x00007117) auipc   sp, 0x7
core   0: 3 0x8000a358 (0x00007117) x2  0x80011358
core   0: 0x8000a35c (0x8eb10113) addi    sp, sp, -1813
core   0: 3 0x8000a35c (0x8eb10113) x2  0x80010c43
core   0: 0x8000a360 (0xff610fa3) sb      s6, -1(sp)
core   0: 3 0x8000a360 (0xff610fa3) mem 0x80010c42 0x4f
core   0: 0x8000a364 (0x008120a3) sw      s0, 1(sp)
core   0: 3 0x8000a364 (0x008120a3) mem 0x80010c44 0x0000000a
core   0: 0x8000a368 (0xfeb119a3) sh      a1, -13(sp)
core   0: 3 0x8000a368 (0xfeb119a3) mem 0x80010c36 0x0029
core   0: 0x8000a36c (0x00c10d03) lb      s10, 12(sp)
core   0: 3 0x8000a36c (0x00c10d03) x26 0x00000004 mem 0x80010c4f
core   0: 0x8000a370 (0x03c7beb3) mulhu   t4, a5, t3
core   0: 3 0x8000a370 (0x03c7beb3) x29 0x00000000
core   0: 0x8000a374 (0x00009336) c.add   t1, a3
core   0: 3 0x8000a374 (0x9336) x6  0x43d170b8
core   0: 0x8000a376 (0x00014483) lbu     s1, 0(sp)
core   0: 3 0x8000a376 (0x00014483) x9  0x0000000a mem 0x80010c43
core   0: 0x8000a37a (0xfe011ea3) sh      zero, -3(sp)
core   0: 3 0x8000a37a (0xfe011ea3) mem 0x80010c40 0x0000
core   0: 0x8000a37e (0xff010703) lb      a4, -16(sp)
core   0: 3 0x8000a37e (0xff010703) x14 0xffffffe8 mem 0x80010c33
core   0: 0x8000a382 (0xfef10d23) sb      a5, -6(sp)
core   0: 3 0x8000a382 (0xfef10d23) mem 0x80010c3d 0x3a
core   0: 0x8000a386 (0x00b112a3) sh      a1, 5(sp)
core   0: 3 0x8000a386 (0x00b112a3) mem 0x80010c48 0x0029
core   0: 0x8000a38a (0xffd12883) lw      a7, -3(sp)
core   0: 3 0x8000a38a (0xffd12883) x17 0x0a4f0000 mem 0x80010c40
core   0: 0x8000a38e (0x000091ee) c.add   gp, s11
core   0: 3 0x8000a38e (0x91ee) x3  0x743829fa
core   0: 0x8000a390 (0x6dab3ab7) lui     s5, 0x6dab3
core   0: 3 0x8000a390 (0x6dab3ab7) x21 0x6dab3000
core   0: 0x8000a394 (0x01ac1fb3) sll     t6, s8, s10
core   0: 3 0x8000a394 (0x01ac1fb3) x31 0x0007c7d0
core   0: 0x8000a398 (0xff310923) sb      s3, -14(sp)
core   0: 3 0x8000a398 (0xff310923) mem 0x80010c35 0x00
core   0: 0x8000a39c (0x01b05b33) srl     s6, zero, s11
core   0: 3 0x8000a39c (0x01b05b33) x22 0x00000000
core   0: 0x8000a3a0 (0x01014703) lbu     a4, 16(sp)
core   0: 3 0x8000a3a0 (0x01014703) x14 0x00000008 mem 0x80010c53
core   0: 0x8000a3a4 (0x001103a3) sb      ra, 7(sp)
core   0: 3 0x8000a3a4 (0x001103a3) mem 0x80010c4a 0x05
core   0: 0x8000a3a8 (0xff510d03) lb      s10, -11(sp)
core   0: 3 0x8000a3a8 (0xff510d03) x26 0xfffffff3 mem 0x80010c38
core   0: 0x8000a3ac (0x34006a73) csrrsi  s4, mscratch, 0
core   0: 3 0x8000a3ac (0x34006a73) x20 0x00004e4f
core   0: 0x8000a3b0 (0x008b14b3) sll     s1, s6, s0
core   0: 3 0x8000a3b0 (0x008b14b3) x9  0x00000000
core   0: 0x8000a3b4 (0xff115183) lhu     gp, -15(sp)
core   0: 3 0x8000a3b4 (0xff115183) x3  0x000000ef mem 0x80010c34
core   0: 0x8000a3b8 (0xffb10c03) lb      s8, -5(sp)
core   0: 3 0x8000a3b8 (0xffb10c03) x24 0xfffffff5 mem 0x80010c3e
core   0: 0x8000a3bc (0xff814c83) lbu     s9, -8(sp)
core   0: 3 0x8000a3bc (0xff814c83) x25 0x000000f0 mem 0x80010c3b
core   0: 0x8000a3c0 (0x01110723) sb      a7, 14(sp)
core   0: 3 0x8000a3c0 (0x01110723) mem 0x80010c51 0x00
core   0: 0x8000a3c4 (0x004c8b33) add     s6, s9, tp
core   0: 3 0x8000a3c4 (0x004c8b33) x22 0x80025f19
core   0: 0x8000a3c8 (0x00008e21) c.xor   a2, s0
core   0: 3 0x8000a3c8 (0x8e21) x12 0x0000000b
core   0: 0x8000a3ca (0x34006d73) csrrsi  s10, mscratch, 0
core   0: 3 0x8000a3ca (0x34006d73) x26 0x00004e4f
core   0: 0x8000a3ce (0xfe210d23) sb      sp, -6(sp)
core   0: 3 0x8000a3ce (0xfe210d23) mem 0x80010c3d 0x43
core   0: 0x8000a3d2 (0x41e65eb3) sra     t4, a2, t5
core   0: 3 0x8000a3d2 (0x41e65eb3) x29 0x00000000
core   0: 0x8000a3d6 (0x02ec4ab3) div     s5, s8, a4
core   0: 3 0x8000a3d6 (0x02ec4ab3) x21 0xffffffff
core   0: 0x8000a3da (0x00112e03) lw      t3, 1(sp)
core   0: 3 0x8000a3da (0x00112e03) x28 0x0000000a mem 0x80010c44
core   0: 0x8000a3de (0xfff10d03) lb      s10, -1(sp)
core   0: 3 0x8000a3de (0xfff10d03) x26 0x0000004f mem 0x80010c42
core   0: 0x8000a3e2 (0xffa10f83) lb      t6, -6(sp)
core   0: 3 0x8000a3e2 (0xffa10f83) x31 0x00000043 mem 0x80010c3d
core   0: 0x8000a3e6 (0x00510023) sb      t0, 0(sp)
core   0: 3 0x8000a3e6 (0x00510023) mem 0x80010c43 0x0a
core   0: 0x8000a3ea (0x00007a97) auipc   s5, 0x7
core   0: 3 0x8000a3ea (0x00007a97) x21 0x800113ea
core   0: 0x8000a3ee (0xb1fa8a93) addi    s5, s5, -1249
core   0: 3 0x8000a3ee (0xb1fa8a93) x21 0x80010f09
core   0: 0x8000a3f2 (0x00faac03) lw      s8, 15(s5)
core   0: 3 0x8000a3f2 (0x00faac03) x24 0x00000000 mem 0x80010f18
core   0: 0x8000a3f6 (0xfffa8ca3) sb      t6, -7(s5)
core   0: 3 0x8000a3f6 (0xfffa8ca3) mem 0x80010f02 0x43
core   0: 0x8000a3fa (0x000a8f83) lb      t6, 0(s5)
core   0: 3 0x8000a3fa (0x000a8f83) x31 0xffffffc2 mem 0x80010f09
core   0: 0x8000a3fe (0xfe6a9da3) sh      t1, -5(s5)
core   0: 3 0x8000a3fe (0xfe6a9da3) mem 0x80010f04 0x70b8
core   0: 0x8000a402 (0xfe9aaba3) sw      s1, -9(s5)
core   0: 3 0x8000a402 (0xfe9aaba3) mem 0x80010f00 0x00000000
core   0: 0x8000a406 (0x00ca8383) lb      t2, 12(s5)
core   0: 3 0x8000a406 (0x00ca8383) x7  0xffffffce mem 0x80010f15
core   0: 0x8000a40a (0xff0ac703) lbu     a4, -16(s5)
core   0: 3 0x8000a40a (0xff0ac703) x14 0x000000b2 mem 0x80010ef9
core   0: 0x8000a40e (0x00008df1) c.and   a1, a2
core   0: 3 0x8000a40e (0x8df1) x11 0x00000009
core   0: 0x8000a410 (0x003d0433) add     s0, s10, gp
core   0: 3 0x8000a410 (0x003d0433) x8  0x0000013e
core   0: 0x8000a414 (0x03064eb3) div     t4, a2, a6
core   0: 3 0x8000a414 (0x03064eb3) x29 0x00000000
core   0: 0x8000a418 (0x340f5c73) csrrwi  s8, mscratch, 30
core   0: 3 0x8000a418 (0x340f5c73) x24 0x00004e4f c832_mscratch 0x0000001e
core   0: 0x8000a41c (0x89223a13) sltiu   s4, tp, -1902
core   0: 3 0x8000a41c (0x89223a13) x20 0x00000001
core   0: 0x8000a420 (0xfefa8f23) sb      a5, -2(s5)
core   0: 3 0x8000a420 (0xfefa8f23) mem 0x80010f07 0x3a
core   0: 0x8000a424 (0x005adb03) lhu     s6, 5(s5)
core   0: 3 0x8000a424 (0x005adb03) x22 0x0000c4c5 mem 0x80010f0e
core   0: 0x8000a428 (0x3402aef3) csrrs   t4, mscratch, t0
core   0: 3 0x8000a428 (0x3402aef3) x29 0x0000001e c832_mscratch 0xf57d8a1e
core   0: 0x8000a42c (0x34015573) csrrwi  a0, mscratch, 2
core   0: 3 0x8000a42c (0x34015573) x10 0xf57d8a1e c832_mscratch 0x00000002
core   0: 0x8000a430 (0x01a365b3) or      a1, t1, s10
core   0: 3 0x8000a430 (0x01a365b3) x11 0x43d170ff
core   0: 0x8000a434 (0x02af4e33) div     t3, t5, a0
core   0: 3 0x8000a434 (0x02af4e33) x28 0x0000000c
core   0: 0x8000a438 (0x008a8903) lb      s2, 8(s5)
core   0: 3 0x8000a438 (0x008a8903) x18 0xffffffca mem 0x80010f11
core   0: 0x8000a43c (0xffaac303) lbu     t1, -6(s5)
core   0: 3 0x8000a43c (0xffaac303) x6  0x00000000 mem 0x80010f03
core   0: 0x8000a440 (0x037fc7b3) div     a5, t6, s7
core   0: 3 0x8000a440 (0x037fc7b3) x15 0x00000000
core   0: 0x8000a444 (0xff3a8003) lb      zero, -13(s5)
core   0: 3 0x8000a444 (0xff3a8003) mem 0x80010efc
core   0: 0x8000a448 (0x007a9103) lh      sp, 7(s5)
core   0: 3 0x8000a448 (0x007a9103) x2  0xffffcacb mem 0x80010f10
core   0: 0x8000a44c (0xff6a8e83) lb      t4, -10(s5)
core   0: 3 0x8000a44c (0xff6a8e83) x29 0xffffffb4 mem 0x80010eff
core   0: 0x8000a450 (0x00008ee1) c.and   a3, s0
core   0: 3 0x8000a450 (0x8ee1) x13 0x00000038
core   0: 0x8000a452 (0x6ed5fb13) andi    s6, a1, 1773
core   0: 3 0x8000a452 (0x6ed5fb13) x22 0x000000ed
core   0: 0x8000a456 (0x0335b733) mulhu   a4, a1, s3
core   0: 3 0x8000a456 (0x0335b733) x14 0x351e0828
core   0: 0x8000a45a (0x00008e3d) c.xor   a2, a5
core   0: 3 0x8000a45a (0x8e3d) x12 0x0000000b
core   0: 0x8000a45c (0x000084cd) c.srai  s1, 19
core   0: 3 0x8000a45c (0x84cd) x9  0x00000000
core   0: 0x8000a45e (0x005335b3) sltu    a1, t1, t0
core   0: 3 0x8000a45e (0x005335b3) x11 0x00000001
core   0: 0x8000a462 (0x0283b633) mulhu   a2, t2, s0
core   0: 3 0x8000a462 (0x0283b633) x12 0x0000013d
core   0: 0x8000a466 (0xff8ac203) lbu     tp, -8(s5)
core   0: 3 0x8000a466 (0xff8ac203) x4  0x00000000 mem 0x80010f01
core   0: 0x8000a46a (0xff1ac883) lbu     a7, -15(s5)
core   0: 3 0x8000a46a (0xff1ac883) x17 0x000000b1 mem 0x80010efa
core   0: 0x8000a46e (0xffaa8883) lb      a7, -6(s5)
core   0: 3 0x8000a46e (0xffaa8883) x17 0x00000000 mem 0x80010f03
core   0: 0x8000a472 (0x00da9603) lh      a2, 13(s5)
core   0: 3 0x8000a472 (0x00da9603) x12 0xffffcccd mem 0x80010f16
core   0: 0x8000a476 (0x0000d117) auipc   sp, 0xd
core   0: 3 0x8000a476 (0x0000d117) x2  0x80017476
core   0: 0x8000a47a (0x49510113) addi    sp, sp, 1173
core   0: 3 0x8000a47a (0x49510113) x2  0x8001790b
core   0: 0x8000a47e (0x00814a83) lbu     s5, 8(sp)
core   0: 3 0x8000a47e (0x00814a83) x21 0x000000c8 mem 0x80017913
core   0: 0x8000a482 (0xfe510823) sb      t0, -16(sp)
core   0: 3 0x8000a482 (0xfe510823) mem 0x800178fb 0x0a
core   0: 0x8000a486 (0x00514a83) lbu     s5, 5(sp)
core   0: 3 0x8000a486 (0x00514a83) x21 0x000000cb mem 0x80017910
core   0: 0x8000a48a (0x03f30933) mul     s2, t1, t6
core   0: 3 0x8000a48a (0x03f30933) x18 0x00000000
core   0: 0x8000a48e (0x014a1893) slli    a7, s4, 20
core   0: 3 0x8000a48e (0x014a1893) x17 0x00100000
core   0: 0x8000a492 (0x00514e83) lbu     t4, 5(sp)
core   0: 3 0x8000a492 (0x00514e83) x29 0x000000cb mem 0x80017910
core   0: 0x8000a496 (0x00439513) slli    a0, t2, 4
core   0: 3 0x8000a496 (0x00439513) x10 0xfffffce0
core   0: 0x8000a49a (0x0001d7b3) srl     a5, gp, zero
core   0: 3 0x8000a49a (0x0001d7b3) x15 0x000000ef
core   0: 0x8000a49e (0x000061f5) c.lui   gp, 0x1d
core   0: 3 0x8000a49e (0x61f5) x3  0x0001d000
core   0: 0x8000a4a0 (0xff310403) lb      s0, -13(sp)
core   0: 3 0x8000a4a0 (0xff310403) x8  0x00000020 mem 0x800178fe
core   0: 0x8000a4a4 (0x00008c89) c.sub   s1, a0
core   0: 3 0x8000a4a4 (0x8c89) x9  0x00000320
core   0: 0x8000a4a6 (0x031f1e33) mulh    t3, t5, a7
core   0: 3 0x8000a4a6 (0x031f1e33) x28 0xfff80029
core   0: 0x8000a4aa (0x00000095) c.addi  ra, 5
core   0: 3 0x8000a4aa (0x0095) x1  0x0000000a
core   0: 0x8000a4ac (0x027755b3) divu    a1, a4, t2
core   0: 3 0x8000a4ac (0x027755b3) x11 0x00000000
core   0: 0x8000a4b0 (0x000060b1) c.lui   ra, 0xc
core   0: 3 0x8000a4b0 (0x60b1) x1  0x0000c000
core   0: 0x8000a4b2 (0x34007073) csrci   mscratch, 0
core   0: 3 0x8000a4b2 (0x34007073)
core   0: 0x8000a4b6 (0x00e7d593) srli    a1, a5, 14
core   0: 3 0x8000a4b6 (0x00e7d593) x11 0x00000000
core   0: 0x8000a4ba (0xff711983) lh      s3, -9(sp)
core   0: 3 0x8000a4ba (0xff711983) x19 0xffffb8b9 mem 0x80017902
core   0: 0x8000a4be (0x00008f01) c.sub   a4, s0
core   0: 3 0x8000a4be (0x8f01) x14 0x351e0808
core   0: 0x8000a4c0 (0x01210023) sb      s2, 0(sp)
core   0: 3 0x8000a4c0 (0x01210023) mem 0x8001790b 0x00
core   0: 0x8000a4c4 (0x00e117a3) sh      a4, 15(sp)
core   0: 3 0x8000a4c4 (0x00e117a3) mem 0x8001791a 0x0808
core   0: 0x8000a4c8 (0x002a4b33) xor     s6, s4, sp
core   0: 3 0x8000a4c8 (0x002a4b33) x22 0x8001790a
core   0: 0x8000a4cc (0x00f10823) sb      a5, 16(sp)
core   0: 3 0x8000a4cc (0x00f10823) mem 0x8001791b 0xef
core   0: 0x8000a4d0 (0x0296ccb3) div     s9, a3, s1
core   0: 3 0x8000a4d0 (0x0296ccb3) x25 0x00000000
core   0: 0x8000a4d4 (0x41770d33) sub     s10, a4, s7
core   0: 3 0x8000a4d4 (0x41770d33) x26 0xb51ba9e0
core   0: 0x8000a4d8 (0xffc14b03) lbu     s6, -4(sp)
core   0: 3 0x8000a4d8 (0xffc14b03) x22 0x000000bc mem 0x80017907
core   0: 0x8000a4dc (0xfe9119a3) sh      s1, -13(sp)
core   0: 3 0x8000a4dc (0xfe9119a3) mem 0x800178fe 0x0320
core   0: 0x8000a4e0 (0xa417ea93) ori     s5, a5, -1471
core   0: 3 0x8000a4e0 (0xa417ea93) x21 0xfffffaef
core   0: 0x8000a4e4 (0x02f9e033) rem     zero, s3, a5
core   0: 3 0x8000a4e4 (0x02f9e033)
core   0: 0x8000a4e8 (0xff010fa3) sb      a6, -1(sp)
core   0: 3 0x8000a4e8 (0xff010fa3) mem 0x8001790a 0x93
core   0: 0x8000a4ec (0x00325b33) srl     s6, tp, gp
core   0: 3 0x8000a4ec (0x00325b33) x22 0x00000000
core   0: 0x8000a4f0 (0x0000857d) c.srai  a0, 31
core   0: 3 0x8000a4f0 (0x857d) x10 0xffffffff
core   0: 0x8000a4f2 (0x00008e79) c.and   a2, a4
core   0: 3 0x8000a4f2 (0x8e79) x12 0x351e0808
core   0: 0x8000a4f4 (0x000067cd) c.lui   a5, 0x13
core   0: 3 0x8000a4f4 (0x67cd) x15 0x00013000
core   0: 0x8000a4f6 (0x011107a3) sb      a7, 15(sp)
core   0: 3 0x8000a4f6 (0x011107a3) mem 0x8001791a 0x00
core   0: 0x8000a4fa (0x00515e03) lhu     t3, 5(sp)
core   0: 3 0x8000a4fa (0x00515e03) x28 0x0000cacb mem 0x80017910
core   0: 0x8000a4fe (0x01fd49b3) xor     s3, s10, t6
core   0: 3 0x8000a4fe (0x01fd49b3) x19 0x4ae45622
core   0: 0x8000a502 (0x00000ae1) c.addi  s5, 24
core   0: 3 0x8000a502 (0x0ae1) x21 0xfffffb07
core   0: 0x8000a504 (0xffe10d03) lb      s10, -2(sp)
core   0: 3 0x8000a504 (0xffe10d03) x26 0xffffffc2 mem 0x80017909
core   0: 0x8000a508 (0x00b15d83) lhu     s11, 11(sp)
core   0: 3 0x8000a508 (0x00b15d83) x27 0x0000cccd mem 0x80017916
core   0: 0x8000a50c (0xff512683) lw      a3, -11(sp)
core   0: 3 0x8000a50c (0xff512683) x13 0xb8b9babb mem 0x80017900
core   0: 0x8000a510 (0x00914783) lbu     a5, 9(sp)
core   0: 3 0x8000a510 (0x00914783) x15 0x000000cf mem 0x80017914
core   0: 0x8000a514 (0x40265393) srai    t2, a2, 2
core   0: 3 0x8000a514 (0x40265393) x7  0x0d478202
core   0: 0x8000a518 (0x340094f3) csrrw   s1, mscratch, ra
core   0: 3 0x8000a518 (0x340094f3) x9  0x00000002 c832_mscratch 0x0000c000
core   0: 0x8000a51c (0xc29e4e93) xori    t4, t3, -983
core   0: 3 0x8000a51c (0xc29e4e93) x29 0xffff36e2
core   0: 0x8000a520 (0x021b4cb3) div     s9, s6, ra
core   0: 3 0x8000a520 (0x021b4cb3) x25 0x00000000
core   0: 0x8000a524 (0xd1e480b7) lui     ra, 0xd1e48
core   0: 3 0x8000a524 (0xd1e480b7) x1  0xd1e48000
core   0: 0x8000a528 (0x01baa633) slt     a2, s5, s11
core   0: 3 0x8000a528 (0x01baa633) x12 0x00000001
core   0: 0x8000a52c (0x0000178c) c.addi4spn a1, sp, 992
core   0: 3 0x8000a52c (0x178c) x11 0x80017ceb
core   0: 0x8000a52e (0x0042bb33) sltu    s6, t0, tp
core   0: 3 0x8000a52e (0x0042bb33) x22 0x00000000
core   0: 0x8000a532 (0x3403ae73) csrrs   t3, mscratch, t2
core   0: 3 0x8000a532 (0x3403ae73) x28 0x0000c000 c832_mscratch 0x0d47c202
core   0: 0x8000a536 (0x015e1b33) sll     s6, t3, s5
core   0: 3 0x8000a536 (0x015e1b33) x22 0x00600000
core   0: 0x8000a53a (0x00008f25) c.xor   a4, s1
core   0: 3 0x8000a53a (0x8f25) x14 0x351e080a
core   0: 0x8000a53c (0x019f6a33) or      s4, t5, s9
core   0: 3 0x8000a53c (0x019f6a33) x20 0x80029d24
core   0: 0x8000a540 (0x03959133) mulh    sp, a1, s9
core   0: 3 0x8000a540 (0x03959133) x2  0x00000000
core   0: 0x8000a544 (0x003c09b3) add     s3, s8, gp
core   0: 3 0x8000a544 (0x003c09b3) x19 0x00021e4f
core   0: 0x8000a548 (0x3406e273) csrrsi  tp, mscratch, 13
core   0: 3 0x8000a548 (0x3406e273) x4  0x0d47c202 c832_mscratch 0x0d47c20f
core   0: 0x8000a54c (0xb986af93) slti    t6, a3, -1128
core   0: 3 0x8000a54c (0xb986af93) x31 0x00000001
core   0: 0x8000a550 (0x0000e78d) c.bnez  a5, pc + 42
core   0: 3 0x8000a550 (0xe78d)
core   0: 0x8000a57a (0x0000962e) c.add   a2, a1
core   0: 3 0x8000a57a (0x962e) x12 0x80017cec
core   0: 0x8000a57c (0x00008691) c.srai  a3, 4
core   0: 3 0x8000a57c (0x8691) x13 0xfb8b9bab
core   0: 0x8000a57e (0x0123ffb3) and     t6, t2, s2
core   0: 3 0x8000a57e (0x0123ffb3) x31 0x00000000
core   0: 0x8000a582 (0x03065433) divu    s0, a2, a6
core   0: 3 0x8000a582 (0x03065433) x8  0x00000000
core   0: 0x8000a586 (0x00001893) slli    a7, zero, 0
core   0: 3 0x8000a586 (0x00001893) x17 0x00000000
core   0: 0x8000a58a (0x00008de1) c.and   a1, s0
core   0: 3 0x8000a58a (0x8de1) x11 0x00000000
core   0: 0x8000a58c (0x00000001) c.nop
core   0: 3 0x8000a58c (0x0001)
core   0: 0x8000a58e (0x000054fd) c.li    s1, -1
core   0: 3 0x8000a58e (0x54fd) x9  0xffffffff
core   0: 0x8000a590 (0x004bacb3) slt     s9, s7, tp
core   0: 3 0x8000a590 (0x004bacb3) x25 0x00000001
core   0: 0x8000a594 (0x03854963) blt     a0, s8, pc + 50
core   0: 3 0x8000a594 (0x03854963)
core   0: 0x8000a5c6 (0x0100dd93) srli    s11, ra, 16
core   0: 3 0x8000a5c6 (0x0100dd93) x27 0x0000d1e4
core   0: 0x8000a5ca (0x00008f79) c.and   a4, a4
core   0: 3 0x8000a5ca (0x8f79) x14 0x351e080a
core   0: 0x8000a5cc (0x34046473) csrrsi  s0, mscratch, 8
core   0: 3 0x8000a5cc (0x34046473) x8  0x0d47c20f c832_mscratch 0x0d47c20f
core   0: 0x8000a5d0 (0x6795e393) ori     t2, a1, 1657
core   0: 3 0x8000a5d0 (0x6795e393) x7  0x00000679
core   0: 0x8000a5d4 (0x0000100f) fence.i
core   0: 3 0x8000a5d4 (0x0000100f)
core   0: 0x8000a5d8 (0x34006af3) csrrsi  s5, mscratch, 0
core   0: 3 0x8000a5d8 (0x34006af3) x21 0x0d47c20f
core   0: 0x8000a5dc (0x0ff0000f) fence   iorw,iorw
core   0: 3 0x8000a5dc (0x0ff0000f)
core   0: 0x8000a5e0 (0x01271ab3) sll     s5, a4, s2
core   0: 3 0x8000a5e0 (0x01271ab3) x21 0x351e080a
core   0: 0x8000a5e4 (0x4104de13) srai    t3, s1, 16
core   0: 3 0x8000a5e4 (0x4104de13) x28 0xffffffff
core   0: 0x8000a5e8 (0x1b7c2413) slti    s0, s8, 439
core   0: 3 0x8000a5e8 (0x1b7c2413) x8  0x00000000
core   0: 0x8000a5ec (0x00000001) c.nop
core   0: 3 0x8000a5ec (0x0001)
core   0: 0x8000a5ee (0x012f6eb3) or      t4, t5, s2
core   0: 3 0x8000a5ee (0x012f6eb3) x29 0x80029d24
core   0: 0x8000a5f2 (0x00000290) c.addi4spn a2, sp, 320
core   0: 3 0x8000a5f2 (0x0290) x12 0x00000140
core   0: 0x8000a5f4 (0x340a50f3) csrrwi  ra, mscratch, 20
core   0: 3 0x8000a5f4 (0x340a50f3) x1  0x0d47c20f c832_mscratch 0x00000014
core   0: 0x8000a5f8 (0x02878533) mul     a0, a5, s0
core   0: 3 0x8000a5f8 (0x02878533) x10 0x00000000
core   0: 0x8000a5fc (0x02ca13b3) mulh    t2, s4, a2
core   0: 3 0x8000a5fc (0x02ca13b3) x7  0xffffff60
core   0: 0x8000a600 (0x03219e33) mulh    t3, gp, s2
core   0: 3 0x8000a600 (0x03219e33) x28 0x00000000
core   0: 0x8000a604 (0x0285f733) remu    a4, a1, s0
core   0: 3 0x8000a604 (0x0285f733) x14 0x00000000
core   0: 0x8000a608 (0x0023cfb3) xor     t6, t2, sp
core   0: 3 0x8000a608 (0x0023cfb3) x31 0xffffff60
core   0: 0x8000a60c (0x50b86e93) ori     t4, a6, 1291
core   0: 3 0x8000a60c (0x50b86e93) x29 0x80017f9b
core   0: 0x8000a610 (0x00001c7d) c.addi  s8, -1
core   0: 3 0x8000a610 (0x1c7d) x24 0x00004e4e
core   0: 0x8000a612 (0x96224b13) xori    s6, tp, -1694
core   0: 3 0x8000a612 (0x96224b13) x22 0xf2b83b60
core   0: 0x8000a616 (0x01e66963) bltu    a2, t5, pc + 18
core   0: 3 0x8000a616 (0x01e66963)
core   0: 0x8000a628 (0x00fe95b3) sll     a1, t4, a5
core   0: 3 0x8000a628 (0x00fe95b3) x11 0xbfcd8000
core   0: 0x8000a62c (0x00006b5d) c.lui   s6, 0x17
core   0: 3 0x8000a62c (0x6b5d) x22 0x00017000
core   0: 0x8000a62e (0x34093973) csrrc   s2, mscratch, s2
core   0: 3 0x8000a62e (0x34093973) x18 0x00000014 c832_mscratch 0x00000014
core   0: 0x8000a632 (0x03576733) rem     a4, a4, s5
core   0: 3 0x8000a632 (0x03576733) x14 0x00000000
core   0: 0x8000a636 (0x00000001) c.nop
core   0: 3 0x8000a636 (0x0001)
core   0: 0x8000a638 (0x000086b5) c.srai  a3, 13
core   0: 3 0x8000a638 (0x86b5) x13 0xffffdc5c
core   0: 0x8000a63a (0x017e5963) bge     t3, s7, pc + 18
core   0: 3 0x8000a63a (0x017e5963)
core   0: 0x8000a64c (0x0000100f) fence.i
core   0: 3 0x8000a64c (0x0000100f)
core   0: 0x8000a650 (0x037a39b3) mulhu   s3, s4, s7
core   0: 3 0x8000a650 (0x037a39b3) x19 0x40027dac
core   0: 0x8000a654 (0x000097da) c.add   a5, s6
core   0: 3 0x8000a654 (0x97da) x15 0x000170cf
core   0: 0x8000a656 (0x34003c73) csrrc   s8, mscratch, zero
core   0: 3 0x8000a656 (0x34003c73) x24 0x00000014
core   0: 0x8000a65a (0x033d4563) blt     s10, s3, pc + 42
core   0: 3 0x8000a65a (0x033d4563)
core   0: 0x8000a684 (0x34002d73) csrr    s10, mscratch
core   0: 3 0x8000a684 (0x34002d73) x26 0x00000014
core   0: 0x8000a688 (0x00001c04) c.addi4spn s1, sp, 560
core   0: 3 0x8000a688 (0x1c04) x9  0x00000230
core   0: 0x8000a68a (0x40595e33) sra     t3, s2, t0
core   0: 3 0x8000a68a (0x40595e33) x28 0x00000000
core   0: 0x8000a68e (0xba0f8a13) addi    s4, t6, -1120
core   0: 3 0x8000a68e (0xba0f8a13) x20 0xfffffb00
core   0: 0x8000a692 (0x0000717d) c.addi16sp sp, -16
core   0: 3 0x8000a692 (0x717d) x2  0xfffffff0
core   0: 0x8000a694 (0x00000ce6) c.slli  s9, 25
core   0: 3 0x8000a694 (0x0ce6) x25 0x02000000
core   0: 0x8000a696 (0x0000e0a9) c.bnez  s1, pc + 66
core   0: 3 0x8000a696 (0xe0a9)
core   0: 0x8000a6d8 (0x01953633) sltu    a2, a0, s9
core   0: 3 0x8000a6d8 (0x01953633) x12 0x00000001
core   0: 0x8000a6dc (0x0358cb63) blt     a7, s5, pc + 54
core   0: 3 0x8000a6dc (0x0358cb63)
core   0: 0x8000a712 (0x03ee1233) mulh    tp, t3, t5
core   0: 3 0x8000a712 (0x03ee1233) x4  0x00000000
core   0: 0x8000a716 (0x00004c49) c.li    s8, 18
core   0: 3 0x8000a716 (0x4c49) x24 0x00000012
core   0: 0x8000a718 (0x00008ef1) c.and   a3, a2
core   0: 3 0x8000a718 (0x8ef1) x13 0x00000000
core   0: 0x8000a71a (0x001b7d63) bgeu    s6, ra, pc + 26
core   0: 3 0x8000a71a (0x001b7d63)
core   0: 0x8000a71e (0x02063a33) mulhu   s4, a2, zero
core   0: 3 0x8000a71e (0x02063a33) x20 0x00000000
core   0: 0x8000a722 (0x340497f3) csrrw   a5, mscratch, s1
core   0: 3 0x8000a722 (0x340497f3) x15 0x00000014 c832_mscratch 0x00000230
core   0: 0x8000a726 (0xb6f27c13) andi    s8, tp, -1169
core   0: 3 0x8000a726 (0xb6f27c13) x24 0x00000000
core   0: 0x8000a72a (0x00008fb5) c.xor   a5, a3
core   0: 3 0x8000a72a (0x8fb5) x15 0x00000014
core   0: 0x8000a72c (0x4038dc33) sra     s8, a7, gp
core   0: 3 0x8000a72c (0x4038dc33) x24 0x00000000
core   0: 0x8000a730 (0x00151393) slli    t2, a0, 1
core   0: 3 0x8000a730 (0x00151393) x7  0x00000000
core   0: 0x8000a734 (0x360c4413) xori    s0, s8, 864
core   0: 3 0x8000a734 (0x360c4413) x8  0x00000360
core   0: 0x8000a738 (0x004373b3) and     t2, t1, tp
core   0: 3 0x8000a738 (0x004373b3) x7  0x00000000
core   0: 0x8000a73c (0x00008b69) c.andi  a4, 26
core   0: 3 0x8000a73c (0x8b69) x14 0x00000000
core   0: 0x8000a73e (0xe07aef93) ori     t6, s5, -505
core   0: 3 0x8000a73e (0xe07aef93) x31 0xfffffe0f
core   0: 0x8000a742 (0x340c1573) csrrw   a0, mscratch, s8
core   0: 3 0x8000a742 (0x340c1573) x10 0x00000230 c832_mscratch 0x00000000
core   0: 0x8000a746 (0x0120dc33) srl     s8, ra, s2
core   0: 3 0x8000a746 (0x0120dc33) x24 0x000000d4
core   0: 0x8000a74a (0x02e64133) div     sp, a2, a4
core   0: 3 0x8000a74a (0x02e64133) x2  0xffffffff
core   0: 0x8000a74e (0x02155663) bge     a0, ra, pc + 44
core   0: 3 0x8000a74e (0x02155663)
core   0: 0x8000a752 (0x00008d65) c.and   a0, s1
core   0: 3 0x8000a752 (0x8d65) x10 0x00000230
core   0: 0x8000a754 (0x00005afd) c.li    s5, -1
core   0: 3 0x8000a754 (0x5afd) x21 0xffffffff
core   0: 0x8000a756 (0x00008eed) c.and   a3, a1
core   0: 3 0x8000a756 (0x8eed) x13 0x00000000
core   0: 0x8000a758 (0x02c45233) divu    tp, s0, a2
core   0: 3 0x8000a758 (0x02c45233) x4  0x00000360
core   0: 0x8000a75c (0x012881b3) add     gp, a7, s2
core   0: 3 0x8000a75c (0x012881b3) x3  0x00000014
core   0: 0x8000a760 (0x000054fd) c.li    s1, -1
core   0: 3 0x8000a760 (0x54fd) x9  0xffffffff
core   0: 0x8000a762 (0x000040c5) c.li    ra, 17
core   0: 3 0x8000a762 (0x40c5) x1  0x00000011
core   0: 0x8000a764 (0x01677f63) bgeu    a4, s6, pc + 30
core   0: 3 0x8000a764 (0x01677f63)
core   0: 0x8000a768 (0x161a4d93) xori    s11, s4, 353
core   0: 3 0x8000a768 (0x161a4d93) x27 0x00000161
core   0: 0x8000a76c (0x018d5493) srli    s1, s10, 24
core   0: 3 0x8000a76c (0x018d5493) x9  0x00000000
core   0: 0x8000a770 (0x0000717d) c.addi16sp sp, -16
core   0: 3 0x8000a770 (0x717d) x2  0xffffffef
core   0: 0x8000a772 (0x00f47133) and     sp, s0, a5
core   0: 3 0x8000a772 (0x00f47133) x2  0x00000000
core   0: 0x8000a776 (0x00417d63) bgeu    sp, tp, pc + 26
core   0: 3 0x8000a776 (0x00417d63)
core   0: 0x8000a77a (0x013aa633) slt     a2, s5, s3
core   0: 3 0x8000a77a (0x013aa633) x12 0x00000001
core   0: 0x8000a77e (0x03c5bb33) mulhu   s6, a1, t3
core   0: 3 0x8000a77e (0x03c5bb33) x22 0x00000000
core   0: 0x8000a782 (0x03fca0b3) mulhsu  ra, s9, t6
core   0: 3 0x8000a782 (0x03fca0b3) x1  0x01fffffc
core   0: 0x8000a786 (0x34003973) csrrc   s2, mscratch, zero
core   0: 3 0x8000a786 (0x34003973) x18 0x00000000
core   0: 0x8000a78a (0x000086f1) c.srai  a3, 28
core   0: 3 0x8000a78a (0x86f1) x13 0x00000000
core   0: 0x8000a78c (0x03a4d5b3) divu    a1, s1, s10
core   0: 3 0x8000a78c (0x03a4d5b3) x11 0x00000000
core   0: 0x8000a790 (0x00f45263) bge     s0, a5, pc + 4
core   0: 3 0x8000a790 (0x00f45263)
core   0: 0x8000a794 (0x01089213) slli    tp, a7, 16
core   0: 3 0x8000a794 (0x01089213) x4  0x00000000
core   0: 0x8000a798 (0x3400b9f3) csrrc   s3, mscratch, ra
core   0: 3 0x8000a798 (0x3400b9f3) x19 0x00000000 c832_mscratch 0x00000000
core   0: 0x8000a79c (0x03c166b3) rem     a3, sp, t3
core   0: 3 0x8000a79c (0x03c166b3) x13 0x00000000
core   0: 0x8000a7a0 (0x02395433) divu    s0, s2, gp
core   0: 3 0x8000a7a0 (0x02395433) x8  0x00000000
core   0: 0x8000a7a4 (0x003970b3) and     ra, s2, gp
core   0: 3 0x8000a7a4 (0x003970b3) x1  0x00000000
core   0: 0x8000a7a8 (0x00008df9) c.and   a1, a4
core   0: 3 0x8000a7a8 (0x8df9) x11 0x00000000
core   0: 0x8000a7aa (0x0000997d) c.andi  a0, -1
core   0: 3 0x8000a7aa (0x997d) x10 0x00000230
core   0: 0x8000a7ac (0x03240963) beq     s0, s2, pc + 50
core   0: 3 0x8000a7ac (0x03240963)
core   0: 0x8000a7de (0x4618b117) auipc   sp, 0x4618b
core   0: 3 0x8000a7de (0x4618b117) x2  0xc61957de
core   0: 0x8000a7e2 (0x34002173) csrr    sp, mscratch
core   0: 3 0x8000a7e2 (0x34002173) x2  0x00000000
core   0: 0x8000a7e6 (0x00000189) c.addi  gp, 2
core   0: 3 0x8000a7e6 (0x0189) x3  0x00000016
core   0: 0x8000a7e8 (0x40495c13) srai    s8, s2, 4
core   0: 3 0x8000a7e8 (0x40495c13) x24 0x00000000
core   0: 0x8000a7ec (0x00000622) c.slli  a2, 8
core   0: 3 0x8000a7ec (0x0622) x12 0x00000100
core   0: 0x8000a7ee (0x415a0633) sub     a2, s4, s5
core   0: 3 0x8000a7ee (0x415a0633) x12 0x00000001
core   0: 0x8000a7f2 (0x006b0ab3) add     s5, s6, t1
core   0: 3 0x8000a7f2 (0x006b0ab3) x21 0x00000000
core   0: 0x8000a7f6 (0x00008c15) c.sub   s0, a3
core   0: 3 0x8000a7f6 (0x8c15) x8  0x00000000
core   0: 0x8000a7f8 (0x67dcbe93) sltiu   t4, s9, 1661
core   0: 3 0x8000a7f8 (0x67dcbe93) x29 0x00000000
core   0: 0x8000a7fc (0x00008719) c.srai  a4, 6
core   0: 3 0x8000a7fc (0x8719) x14 0x00000000
core   0: 0x8000a7fe (0xbddc64b7) lui     s1, 0xbddc6
core   0: 3 0x8000a7fe (0xbddc64b7) x9  0xbddc6000
core   0: 0x8000a802 (0x09f76813) ori     a6, a4, 159
core   0: 3 0x8000a802 (0x09f76813) x16 0x0000009f
core   0: 0x8000a806 (0x04ea7263) bgeu    s4, a4, pc + 68
core   0: 3 0x8000a806 (0x04ea7263)
core   0: 0x8000a84a (0x3445ce93) xori    t4, a1, 836
core   0: 3 0x8000a84a (0x3445ce93) x29 0x00000344
core   0: 0x8000a84e (0x00001a7d) c.addi  s4, -1
core   0: 3 0x8000a84e (0x1a7d) x20 0xffffffff
core   0: 0x8000a850 (0x00000001) c.nop
core   0: 3 0x8000a850 (0x0001)
core   0: 0x8000a852 (0x00000b1c) c.addi4spn a5, sp, 400
core   0: 3 0x8000a852 (0x0b1c) x15 0x00000190
core   0: 0x8000a854 (0x00001914) c.addi4spn a3, sp, 176
core   0: 3 0x8000a854 (0x1914) x13 0x000000b0
core   0: 0x8000a856 (0x02fd4e33) div     t3, s10, a5
core   0: 3 0x8000a856 (0x02fd4e33) x28 0x00000000
core   0: 0x8000a85a (0x0000717d) c.addi16sp sp, -16
core   0: 3 0x8000a85a (0x717d) x2  0xfffffff0
core   0: 0x8000a85c (0x41e80fb3) sub     t6, a6, t5
core   0: 3 0x8000a85c (0x41e80fb3) x31 0x7ffd637b
core   0: 0x8000a860 (0x340e9c73) csrrw   s8, mscratch, t4
core   0: 3 0x8000a860 (0x340e9c73) x24 0x00000000 c832_mscratch 0x00000344
core   0: 0x8000a864 (0x000051fd) c.li    gp, -1
core   0: 3 0x8000a864 (0x51fd) x3  0xffffffff
core   0: 0x8000a866 (0x026c5133) divu    sp, s8, t1
core   0: 3 0x8000a866 (0x026c5133) x2  0xffffffff
core   0: 0x8000a86a (0x340fdd73) csrrwi  s10, mscratch, 31
core   0: 3 0x8000a86a (0x340fdd73) x26 0x00000344 c832_mscratch 0x0000001f
core   0: 0x8000a86e (0x0382b433) mulhu   s0, t0, s8
core   0: 3 0x8000a86e (0x0382b433) x8  0x00000000
core   0: 0x8000a872 (0x43f623b7) lui     t2, 0x43f62
core   0: 3 0x8000a872 (0x43f623b7) x7  0x43f62000
core   0: 0x8000a876 (0x00138c63) beq     t2, ra, pc + 24
core   0: 3 0x8000a876 (0x00138c63)
core   0: 0x8000a87a (0x00d65b33) srl     s6, a2, a3
core   0: 3 0x8000a87a (0x00d65b33) x22 0x00000000
core   0: 0x8000a87e (0x0361b8b3) mulhu   a7, gp, s6
core   0: 3 0x8000a87e (0x0361b8b3) x17 0x00000000
core   0: 0x8000a882 (0x01b90cb3) add     s9, s2, s11
core   0: 3 0x8000a882 (0x01b90cb3) x25 0x00000161
core   0: 0x8000a886 (0x340121f3) csrrs   gp, mscratch, sp
core   0: 3 0x8000a886 (0x340121f3) x3  0x0000001f c832_mscratch 0xffffffff
core   0: 0x8000a88a (0x02dd70b3) remu    ra, s10, a3
core   0: 3 0x8000a88a (0x02dd70b3) x1  0x00000084
core   0: 0x8000a88e (0x02d3a133) mulhsu  sp, t2, a3
core   0: 3 0x8000a88e (0x02d3a133) x2  0x0000002e
core   0: 0x8000a892 (0x03837a63) bgeu    t1, s8, pc + 52
core   0: 3 0x8000a892 (0x03837a63)
core   0: 0x8000a8c6 (0xcdd52b13) slti    s6, a0, -803
core   0: 3 0x8000a8c6 (0xcdd52b13) x22 0x00000000
core   0: 0x8000a8ca (0x02a07ab3) remu    s5, zero, a0
core   0: 3 0x8000a8ca (0x02a07ab3) x21 0x00000000
core   0: 0x8000a8ce (0x00001afd) c.addi  s5, -1
core   0: 3 0x8000a8ce (0x1afd) x21 0xffffffff
core   0: 0x8000a8d0 (0x01f15e13) srli    t3, sp, 31
core   0: 3 0x8000a8d0 (0x01f15e13) x28 0x00000000
core   0: 0x8000a8d4 (0x419bda13) srai    s4, s7, 25
core   0: 3 0x8000a8d4 (0x419bda13) x20 0xffffffc0
core   0: 0x8000a8d8 (0xa5e98713) addi    a4, s3, -1442
core   0: 3 0x8000a8d8 (0xa5e98713) x14 0xfffffa5e
core   0: 0x8000a8dc (0x340d57f3) csrrwi  a5, mscratch, 26
core   0: 3 0x8000a8dc (0x340d57f3) x15 0xffffffff c832_mscratch 0x0000001a
core   0: 0x8000a8e0 (0x02baa8b3) mulhsu  a7, s5, a1
core   0: 3 0x8000a8e0 (0x02baa8b3) x17 0x00000000
core   0: 0x8000a8e4 (0x0000100f) fence.i
core   0: 3 0x8000a8e4 (0x0000100f)
core   0: 0x8000a8e8 (0x018c9c33) sll     s8, s9, s8
core   0: 3 0x8000a8e8 (0x018c9c33) x24 0x00000161
core   0: 0x8000a8ec (0x640aba97) auipc   s5, 0x640ab
core   0: 3 0x8000a8ec (0x640aba97) x21 0xe40b58ec
core   0: 0x8000a8f0 (0x61761ab7) lui     s5, 0x61761
core   0: 3 0x8000a8f0 (0x61761ab7) x21 0x61761000
core   0: 0x8000a8f4 (0x0000e39d) c.bnez  a5, pc + 38
core   0: 3 0x8000a8f4 (0xe39d)
core   0: 0x8000a91a (0x00008591) c.srai  a1, 4
core   0: 3 0x8000a91a (0x8591) x11 0x00000000
core   0: 0x8000a91c (0x036a8c33) mul     s8, s5, s6
core   0: 3 0x8000a91c (0x036a8c33) x24 0x00000000
core   0: 0x8000a920 (0x000000fd) c.addi  ra, 31
core   0: 3 0x8000a920 (0x00fd) x1  0x000000a3
core   0: 0x8000a922 (0x00679d93) slli    s11, a5, 6
core   0: 3 0x8000a922 (0x00679d93) x27 0xffffffc0
core   0: 0x8000a926 (0x00001a04) c.addi4spn s1, sp, 304
core   0: 3 0x8000a926 (0x1a04) x9  0x0000015e
core   0: 0x8000a928 (0x0a103893) sltiu   a7, zero, 161
core   0: 3 0x8000a928 (0x0a103893) x17 0x00000001
core   0: 0x8000a92c (0x371c4593) xori    a1, s8, 881
core   0: 3 0x8000a92c (0x371c4593) x11 0x00000371
core   0: 0x8000a930 (0x00eadb63) bge     s5, a4, pc + 22
core   0: 3 0x8000a930 (0x00eadb63)
core   0: 0x8000a946 (0x01f9b533) sltu    a0, s3, t6
core   0: 3 0x8000a946 (0x01f9b533) x10 0x00000001
core   0: 0x8000a94a (0x005f28b3) slt     a7, t5, t0
core   0: 3 0x8000a94a (0x005f28b3) x17 0x00000001
core   0: 0x8000a94e (0x0ff0000f) fence   iorw,iorw
core   0: 3 0x8000a94e (0x0ff0000f)
core   0: 0x8000a952 (0x340d79f3) csrrci  s3, mscratch, 26
core   0: 3 0x8000a952 (0x340d79f3) x19 0x0000001a c832_mscratch 0x00000000
core   0: 0x8000a956 (0x011168b3) or      a7, sp, a7
core   0: 3 0x8000a956 (0x011168b3) x17 0x0000002f
core   0: 0x8000a95a (0x340f5cf3) csrrwi  s9, mscratch, 30
core   0: 3 0x8000a95a (0x340f5cf3) x25 0x00000000 c832_mscratch 0x0000001e
core   0: 0x8000a95e (0x03d3d6b3) divu    a3, t2, t4
core   0: 3 0x8000a95e (0x03d3d6b3) x13 0x0014cfa7
core   0: 0x8000a962 (0x02a621b3) mulhsu  gp, a2, a0
core   0: 3 0x8000a962 (0x02a621b3) x3  0x00000000
core   0: 0x8000a966 (0x020247b3) div     a5, tp, zero
core   0: 3 0x8000a966 (0x020247b3) x15 0xffffffff
core   0: 0x8000a96a (0x15924613) xori    a2, tp, 345
core   0: 3 0x8000a96a (0x15924613) x12 0x00000159
core   0: 0x8000a96e (0x02e68a63) beq     a3, a4, pc + 52
core   0: 3 0x8000a96e (0x02e68a63)
core   0: 0x8000a972 (0x01e85c93) srli    s9, a6, 30
core   0: 3 0x8000a972 (0x01e85c93) x25 0x00000000
core   0: 0x8000a976 (0x0257d4b3) divu    s1, a5, t0
core   0: 3 0x8000a976 (0x0257d4b3) x9  0x00000001
core   0: 0x8000a97a (0x01f1c8b3) xor     a7, gp, t6
core   0: 3 0x8000a97a (0x01f1c8b3) x17 0x7ffd637b
core   0: 0x8000a97e (0x027cad33) mulhsu  s10, s9, t2
core   0: 3 0x8000a97e (0x027cad33) x26 0x00000000
core   0: 0x8000a982 (0xf5c22617) auipc   a2, 0xf5c22
core   0: 3 0x8000a982 (0xf5c22617) x12 0x75c2c982
core   0: 0x8000a986 (0x340dd173) csrrwi  sp, mscratch, 27
core   0: 3 0x8000a986 (0x340dd173) x2  0x0000001e c832_mscratch 0x0000001b
core   0: 0x8000a98a (0x00008ded) c.and   a1, a1
core   0: 3 0x8000a98a (0x8ded) x11 0x00000371
core   0: 0x8000a98c (0x419fd633) sra     a2, t6, s9
core   0: 3 0x8000a98c (0x419fd633) x12 0x7ffd637b
core   0: 0x8000a990 (0x01e3fa33) and     s4, t2, t5
core   0: 3 0x8000a990 (0x01e3fa33) x20 0x00020000
core   0: 0x8000a994 (0x41485113) srai    sp, a6, 20
core   0: 3 0x8000a994 (0x41485113) x2  0x00000000
core   0: 0x8000a998 (0x410d5013) srai    zero, s10, 16
core   0: 3 0x8000a998 (0x410d5013)
core   0: 0x8000a99c (0x00858363) beq     a1, s0, pc + 6
core   0: 3 0x8000a99c (0x00858363)
core   0: 0x8000a9a0 (0x00008271) c.srli  a2, 28
core   0: 3 0x8000a9a0 (0x8271) x12 0x00000007
core   0: 0x8000a9a2 (0x03a0efb3) rem     t6, ra, s10
core   0: 3 0x8000a9a2 (0x03a0efb3) x31 0x000000a3
core   0: 0x8000a9a6 (0x002bdb13) srli    s6, s7, 2
core   0: 3 0x8000a9a6 (0x002bdb13) x22 0x2000978a
core   0: 0x8000a9aa (0x02e31db3) mulh    s11, t1, a4
core   0: 3 0x8000a9aa (0x02e31db3) x27 0x00000000
core   0: 0x8000a9ae (0x2117f593) andi    a1, a5, 529
core   0: 3 0x8000a9ae (0x2117f593) x11 0x00000211
core   0: 0x8000a9b2 (0x9c807d37) lui     s10, 0x9c807
core   0: 3 0x8000a9b2 (0x9c807d37) x26 0x9c807000
core   0: 0x8000a9b6 (0x005907b3) add     a5, s2, t0
core   0: 3 0x8000a9b6 (0x005907b3) x15 0xf57d8a0a
core   0: 0x8000a9ba (0x022d5863) bge     s10, sp, pc + 48
core   0: 3 0x8000a9ba (0x022d5863)
core   0: 0x8000a9be (0x02a9c4b3) div     s1, s3, a0
core   0: 3 0x8000a9be (0x02a9c4b3) x9  0x0000001a
core   0: 0x8000a9c2 (0x00000918) c.addi4spn a4, sp, 144
core   0: 3 0x8000a9c2 (0x0918) x14 0x00000090
core   0: 0x8000a9c4 (0x029f2eb3) mulhsu  t4, t5, s1
core   0: 3 0x8000a9c4 (0x029f2eb3) x29 0xfffffff3
core   0: 0x8000a9c8 (0x00008c85) c.sub   s1, s1
core   0: 3 0x8000a9c8 (0x8c85) x9  0x00000000
core   0: 0x8000a9ca (0x03ac49b3) div     s3, s8, s10
core   0: 3 0x8000a9ca (0x03ac49b3) x19 0x00000000
core   0: 0x8000a9ce (0x34097273) csrrci  tp, mscratch, 18
core   0: 3 0x8000a9ce (0x34097273) x4  0x0000001b c832_mscratch 0x00000009
core   0: 0x8000a9d2 (0x34006a73) csrrsi  s4, mscratch, 0
core   0: 3 0x8000a9d2 (0x34006a73) x20 0x00000009
core   0: 0x8000a9d6 (0x026b7eb3) remu    t4, s6, t1
core   0: 3 0x8000a9d6 (0x026b7eb3) x29 0x2000978a
core   0: 0x8000a9da (0x01ff9933) sll     s2, t6, t6
core   0: 3 0x8000a9da (0x01ff9933) x18 0x00000518
core   0: 0x8000a9de (0x002b1993) slli    s3, s6, 2
core   0: 3 0x8000a9de (0x002b1993) x19 0x80025e28
core   0: 0x8000a9e2 (0x19476a93) ori     s5, a4, 404
core   0: 3 0x8000a9e2 (0x19476a93) x21 0x00000194
core   0: 0x8000a9e6 (0x02fa9533) mulh    a0, s5, a5
core   0: 3 0x8000a9e6 (0x02fa9533) x10 0xffffffef
core   0: 0x8000a9ea (0x01dc19b3) sll     s3, s8, t4
core   0: 3 0x8000a9ea (0x01dc19b3) x19 0x00000000
core   0: 0x8000a9ee (0x00006871) c.lui   a6, 0x1c
core   0: 3 0x8000a9ee (0x6871) x16 0x0001c000
core   0: 0x8000a9f0 (0x00008c42) c.mv    s8, a6
core   0: 3 0x8000a9f0 (0x8c42) x24 0x0001c000
core   0: 0x8000a9f2 (0x0411f263) bgeu    gp, ra, pc + 68
core   0: 3 0x8000a9f2 (0x0411f263)
core   0: 0x8000a9f6 (0x02f236b3) mulhu   a3, tp, a5
core   0: 3 0x8000a9f6 (0x02f236b3) x13 0x00000019
core   0: 0x8000a9fa (0x00008f79) c.and   a4, a4
core   0: 3 0x8000a9fa (0x8f79) x14 0x00000090
core   0: 0x8000a9fc (0x01759263) bne     a1, s7, pc + 4
core   0: 3 0x8000a9fc (0x01759263)
core   0: 0x8000aa00 (0x025da4b3) mulhsu  s1, s11, t0
core   0: 3 0x8000aa00 (0x025da4b3) x9  0x00000000
core   0: 0x8000aa04 (0x00006b69) c.lui   s6, 0x1a
core   0: 3 0x8000aa04 (0x6b69) x22 0x0001a000
core   0: 0x8000aa06 (0x3409d273) csrrwi  tp, mscratch, 19
core   0: 3 0x8000aa06 (0x3409d273) x4  0x00000009 c832_mscratch 0x00000013
core   0: 0x8000aa0a (0x028b9133) mulh    sp, s7, s0
core   0: 3 0x8000aa0a (0x028b9133) x2  0x00000000
core   0: 0x8000aa0e (0x00263833) sltu    a6, a2, sp
core   0: 3 0x8000aa0e (0x00263833) x16 0x00000000
core   0: 0x8000aa12 (0x00910333) add     t1, sp, s1
core   0: 3 0x8000aa12 (0x00910333) x6  0x00000000
core   0: 0x8000aa16 (0x2a410497) auipc   s1, 0x2a410
core   0: 3 0x8000aa16 (0x2a410497) x9  0xaa41aa16
core   0: 0x8000aa1a (0x000003f5) c.addi  t2, 29
core   0: 3 0x8000aa1a (0x03f5) x7  0x43f6201d
core   0: 0x8000aa1c (0x023309b3) mul     s3, t1, gp
core   0: 3 0x8000aa1c (0x023309b3) x19 0x00000000
core   0: 0x8000aa20 (0x0121d433) srl     s0, gp, s2
core   0: 3 0x8000aa20 (0x0121d433) x8  0x00000000
core   0: 0x8000aa24 (0x0ff0000f) fence   iorw,iorw
core   0: 3 0x8000aa24 (0x0ff0000f)
core   0: 0x8000aa28 (0x025561b3) rem     gp, a0, t0
core   0: 3 0x8000aa28 (0x025561b3) x3  0xffffffef
core   0: 0x8000aa2c (0x015ffc33) and     s8, t6, s5
core   0: 3 0x8000aa2c (0x015ffc33) x24 0x00000080
core   0: 0x8000aa30 (0x00008609) c.srai  a2, 2
core   0: 3 0x8000aa30 (0x8609) x12 0x00000001
core   0: 0x8000aa32 (0x03bb73b3) remu    t2, s6, s11
core   0: 3 0x8000aa32 (0x03bb73b3) x7  0x0001a000
core   0: 0x8000aa36 (0x018f18b3) sll     a7, t5, s8
core   0: 3 0x8000aa36 (0x018f18b3) x17 0x80029d24
core   0: 0x8000aa3a (0x00006335) c.lui   t1, 0xd
core   0: 3 0x8000aa3a (0x6335) x6  0x0000d000
core   0: 0x8000aa3c (0x8d253193) sltiu   gp, a0, -1838
core   0: 3 0x8000aa3c (0x8d253193) x3  0x00000000
core   0: 0x8000aa40 (0x6a080593) addi    a1, a6, 1696
core   0: 3 0x8000aa40 (0x6a080593) x11 0x000006a0
core   0: 0x8000aa44 (0x0465df97) auipc   t6, 0x465d
core   0: 3 0x8000aa44 (0x0465df97) x31 0x84667a44
core   0: 0x8000aa48 (0x340d27f3) csrrs   a5, mscratch, s10
core   0: 3 0x8000aa48 (0x340d27f3) x15 0x00000013 c832_mscratch 0x9c807013
core   0: 0x8000aa4c (0x03b0f6b3) remu    a3, ra, s11
core   0: 3 0x8000aa4c (0x03b0f6b3) x13 0x000000a3
core   0: 0x8000aa50 (0x00405713) srli    a4, zero, 4
core   0: 3 0x8000aa50 (0x00405713) x14 0x00000000
core   0: 0x8000aa54 (0x04ea8613) addi    a2, s5, 78
core   0: 3 0x8000aa54 (0x04ea8613) x12 0x000001e2
core   0: 0x8000aa58 (0x002725b3) slt     a1, a4, sp
core   0: 3 0x8000aa58 (0x002725b3) x11 0x00000000
core   0: 0x8000aa5c (0x4048ddb3) sra     s11, a7, tp
core   0: 3 0x8000aa5c (0x4048ddb3) x27 0xffc0014e
core   0: 0x8000aa60 (0x00006821) c.lui   a6, 0x8
core   0: 3 0x8000aa60 (0x6821) x16 0x00008000
core   0: 0x8000aa62 (0x69864617) auipc   a2, 0x69864
core   0: 3 0x8000aa62 (0x69864617) x12 0xe986ea62
core   0: 0x8000aa66 (0xed270213) addi    tp, a4, -302
core   0: 3 0x8000aa66 (0xed270213) x4  0xfffffed2
core   0: 0x8000aa6a (0x0000100f) fence.i
core   0: 3 0x8000aa6a (0x0000100f)
core   0: 0x8000aa6e (0x03f5e133) rem     sp, a1, t6
core   0: 3 0x8000aa6e (0x03f5e133) x2  0x00000000
core   0: 0x8000aa72 (0xea133693) sltiu   a3, t1, -351
core   0: 3 0x8000aa72 (0xea133693) x13 0x00000001
core   0: 0x8000aa76 (0x00008e21) c.xor   a2, s0
core   0: 3 0x8000aa76 (0x8e21) x12 0xe986ea62
core   0: 0x8000aa78 (0xa381f813) andi    a6, gp, -1480
core   0: 3 0x8000aa78 (0xa381f813) x16 0x00000000
core   0: 0x8000aa7c (0x00006879) c.lui   a6, 0x1e
core   0: 3 0x8000aa7c (0x6879) x16 0x0001e000
core   0: 0x8000aa7e (0x00006521) c.lui   a0, 0x8
core   0: 3 0x8000aa7e (0x6521) x10 0x00008000
core   0: 0x8000aa80 (0x00008e5d) c.or    a2, a5
core   0: 3 0x8000aa80 (0x8e5d) x12 0xe986ea73
core   0: 0x8000aa82 (0x00008f51) c.or    a4, a2
core   0: 3 0x8000aa82 (0x8f51) x14 0xe986ea73
core   0: 0x8000aa84 (0x3403baf3) csrrc   s5, mscratch, t2
core   0: 3 0x8000aa84 (0x3403baf3) x21 0x9c807013 c832_mscratch 0x9c805013
core   0: 0x8000aa88 (0x340f7df3) csrrci  s11, mscratch, 30
core   0: 3 0x8000aa88 (0x340f7df3) x27 0x9c805013 c832_mscratch 0x9c805001
core   0: 0x8000aa8c (0x00ceed33) or      s10, t4, a2
core   0: 3 0x8000aa8c (0x00ceed33) x26 0xe986fffb
core   0: 0x8000aa90 (0x40db8fb3) sub     t6, s7, a3
core   0: 3 0x8000aa90 (0x40db8fb3) x31 0x80025e27
core   0: 0x8000aa94 (0x00008b71) c.andi  a4, 28
core   0: 3 0x8000aa94 (0x8b71) x14 0x00000010
core   0: 0x8000aa96 (0x3405b273) csrrc   tp, mscratch, a1
core   0: 3 0x8000aa96 (0x3405b273) x4  0x9c805001 c832_mscratch 0x9c805001
core   0: 0x8000aa9a (0x02e17833) remu    a6, sp, a4
core   0: 3 0x8000aa9a (0x02e17833) x16 0x00000000
core   0: 0x8000aa9e (0x34015773) csrrwi  a4, mscratch, 2
core   0: 3 0x8000aa9e (0x34015773) x14 0x9c805001 c832_mscratch 0x00000002
core   0: 0x8000aaa2 (0x00009462) c.add   s0, s8
core   0: 3 0x8000aaa2 (0x9462) x8  0x00000080
core   0: 0x8000aaa4 (0x00c01c33) sll     s8, zero, a2
core   0: 3 0x8000aaa4 (0x00c01c33) x24 0x00000000
core   0: 0x8000aaa8 (0x0000997d) c.andi  a0, -1
core   0: 3 0x8000aaa8 (0x997d) x10 0x00008000
core   0: 0x8000aaaa (0x340076f3) csrrci  a3, mscratch, 0
core   0: 3 0x8000aaaa (0x340076f3) x13 0x00000002
core   0: 0x8000aaae (0x403884b3) sub     s1, a7, gp
core   0: 3 0x8000aaae (0x403884b3) x9  0x80029d24
core   0: 0x8000aab2 (0x04b85563) bge     a6, a1, pc + 74
core   0: 3 0x8000aab2 (0x04b85563)
core   0: 0x8000aafc (0x4e272813) slti    a6, a4, 1250
core   0: 3 0x8000aafc (0x4e272813) x16 0x00000001
core   0: 0x8000ab00 (0x02ec1733) mulh    a4, s8, a4
core   0: 3 0x8000ab00 (0x02ec1733) x14 0x00000000
core   0: 0x8000ab04 (0x0222a233) mulhsu  tp, t0, sp
core   0: 3 0x8000ab04 (0x0222a233) x4  0x00000000
core   0: 0x8000ab08 (0xa79c8737) lui     a4, 0xa79c8
core   0: 3 0x8000ab08 (0xa79c8737) x14 0xa79c8000
core   0: 0x8000ab0c (0x11973c13) sltiu   s8, a4, 281
core   0: 3 0x8000ab0c (0x11973c13) x24 0x00000000
core   0: 0x8000ab10 (0x0000c189) c.beqz  a1, pc + 2
core   0: 3 0x8000ab10 (0xc189)
core   0: 0x8000ab12 (0x043a6063) bltu    s4, gp, pc + 64
core   0: 3 0x8000ab12 (0x043a6063)
core   0: 0x8000ab16 (0x340fd373) csrrwi  t1, mscratch, 31
core   0: 3 0x8000ab16 (0x340fd373) x6  0x00000002 c832_mscratch 0x0000001f
core   0: 0x8000ab1a (0x3f1eb7b7) lui     a5, 0x3f1eb
core   0: 3 0x8000ab1a (0x3f1eb7b7) x15 0x3f1eb000
core   0: 0x8000ab1e (0x02f2a233) mulhsu  tp, t0, a5
core   0: 3 0x8000ab1e (0x02f2a233) x4  0xfd68a274
core   0: 0x8000ab22 (0x6d7b8f97) auipc   t6, 0x6d7b8
core   0: 3 0x8000ab22 (0x6d7b8f97) x31 0xed7c2b22
core   0: 0x8000ab26 (0x00008355) c.srli  a4, 21
core   0: 3 0x8000ab26 (0x8355) x14 0x0000053c
core   0: 0x8000ab28 (0x000050fd) c.li    ra, -1
core   0: 3 0x8000ab28 (0x50fd) x1  0xffffffff
core   0: 0x8000ab2a (0x012cea33) or      s4, s9, s2
core   0: 3 0x8000ab2a (0x012cea33) x20 0x00000518
core   0: 0x8000ab2e (0x00008921) c.andi  a0, 8
core   0: 3 0x8000ab2e (0x8921) x10 0x00000000
core   0: 0x8000ab30 (0x00008f05) c.sub   a4, s1
core   0: 3 0x8000ab30 (0x8f05) x14 0x7ffd6818
core   0: 0x8000ab32 (0x0000c989) c.beqz  a1, pc + 18
core   0: 3 0x8000ab32 (0xc989)
core   0: 0x8000ab44 (0x00008521) c.srai  a0, 8
core   0: 3 0x8000ab44 (0x8521) x10 0x00000000
core   0: 0x8000ab46 (0x4ab50013) addi    zero, a0, 1195
core   0: 3 0x8000ab46 (0x4ab50013)
core   0: 0x8000ab4a (0x34006ff3) csrrsi  t6, mscratch, 0
core   0: 3 0x8000ab4a (0x34006ff3) x31 0x0000001f
core   0: 0x8000ab4e (0xc6602b13) slti    s6, zero, -922
core   0: 3 0x8000ab4e (0xc6602b13) x22 0x00000000
core   0: 0x8000ab52 (0x00008fa9) c.xor   a5, a0
core   0: 3 0x8000ab52 (0x8fa9) x15 0x3f1eb000
core   0: 0x8000ab54 (0x00000001) c.nop
core   0: 3 0x8000ab54 (0x0001)
core   0: 0x8000ab56 (0x0ff0000f) fence   iorw,iorw
core   0: 3 0x8000ab56 (0x0ff0000f)
core   0: 0x8000ab5a (0x01333933) sltu    s2, t1, s3
core   0: 3 0x8000ab5a (0x01333933) x18 0x00000000
core   0: 0x8000ab5e (0x86ccce37) lui     t3, 0x86ccc
core   0: 3 0x8000ab5e (0x86ccce37) x28 0x86ccc000
core   0: 0x8000ab62 (0x0000959a) c.add   a1, t1
core   0: 3 0x8000ab62 (0x959a) x11 0x00000002
core   0: 0x8000ab64 (0xdee56a13) ori     s4, a0, -530
core   0: 3 0x8000ab64 (0xdee56a13) x20 0xfffffdee
core   0: 0x8000ab68 (0xe69f4737) lui     a4, 0xe69f4
core   0: 3 0x8000ab68 (0xe69f4737) x14 0xe69f4000
core   0: 0x8000ab6c (0x00008db9) c.xor   a1, a4
core   0: 3 0x8000ab6c (0x8db9) x11 0xe69f4002
core   0: 0x8000ab6e (0x00008d75) c.and   a0, a3
core   0: 3 0x8000ab6e (0x8d75) x10 0x00000000
core   0: 0x8000ab70 (0x00d3acb3) slt     s9, t2, a3
core   0: 3 0x8000ab70 (0x00d3acb3) x25 0x00000000
core   0: 0x8000ab74 (0x00000f90) c.addi4spn a2, sp, 976
core   0: 3 0x8000ab74 (0x0f90) x12 0x000003d0
core   0: 0x8000ab76 (0x853be997) auipc   s3, 0x853be
core   0: 3 0x8000ab76 (0x853be997) x19 0x053c8b76
core   0: 0x8000ab7a (0x00008e69) c.and   a2, a0
core   0: 3 0x8000ab7a (0x8e69) x12 0x00000000
core   0: 0x8000ab7c (0x40480033) sub     zero, a6, tp
core   0: 3 0x8000ab7c (0x40480033)
core   0: 0x8000ab80 (0x00eb5113) srli    sp, s6, 14
core   0: 3 0x8000ab80 (0x00eb5113) x2  0x00000000
core   0: 0x8000ab84 (0x00004a33) xor     s4, zero, zero
core   0: 3 0x8000ab84 (0x00004a33) x20 0x00000000
core   0: 0x8000ab88 (0x1a73c413) xori    s0, t2, 423
core   0: 3 0x8000ab88 (0x1a73c413) x8  0x0001a1a7
core   0: 0x8000ab8c (0x000082d9) c.srli  a3, 22
core   0: 3 0x8000ab8c (0x82d9) x13 0x00000000
core   0: 0x8000ab8e (0x020551b3) divu    gp, a0, zero
core   0: 3 0x8000ab8e (0x020551b3) x3  0xffffffff
core   0: 0x8000ab92 (0x59afc213) xori    tp, t6, 1434
core   0: 3 0x8000ab92 (0x59afc213) x4  0x00000585
core   0: 0x8000ab96 (0x0310f663) bgeu    ra, a7, pc + 44
core   0: 3 0x8000ab96 (0x0310f663)
core   0: 0x8000abc2 (0x032d3e33) mulhu   t3, s10, s2
core   0: 3 0x8000abc2 (0x032d3e33) x28 0x00000000
core   0: 0x8000abc6 (0x0000199c) c.addi4spn a5, sp, 240
core   0: 3 0x8000abc6 (0x199c) x15 0x000000f0
core   0: 0x8000abc8 (0x000087ba) c.mv    a5, a4
core   0: 3 0x8000abc8 (0x87ba) x15 0xe69f4000
core   0: 0x8000abca (0x340e6173) csrrsi  sp, mscratch, 28
core   0: 3 0x8000abca (0x340e6173) x2  0x0000001f c832_mscratch 0x0000001f
core   0: 0x8000abce (0x000090ba) c.add   ra, a4
core   0: 3 0x8000abce (0x90ba) x1  0xe69f3fff
core   0: 0x8000abd0 (0x03daed63) bltu    s5, t4, pc + 58
core   0: 3 0x8000abd0 (0x03daed63)
core   0: 0x8000abd4 (0x00008c79) c.and   s0, a4
core   0: 3 0x8000abd4 (0x8c79) x8  0x00010000
core   0: 0x8000abd6 (0x00008cba) c.mv    s9, a4
core   0: 3 0x8000abd6 (0x8cba) x25 0xe69f4000
core   0: 0x8000abd8 (0x027eacb3) mulhsu  s9, t4, t2
core   0: 3 0x8000abd8 (0x027eacb3) x25 0x00003400
core   0: 0x8000abdc (0x008cee33) or      t3, s9, s0
core   0: 3 0x8000abdc (0x008cee33) x28 0x00013400
core   0: 0x8000abe0 (0x019c70b3) and     ra, s8, s9
core   0: 3 0x8000abe0 (0x019c70b3) x1  0x00000000
core   0: 0x8000abe4 (0x0000915e) c.add   sp, s7
core   0: 3 0x8000abe4 (0x915e) x2  0x80025e47
core   0: 0x8000abe6 (0x0000e61d) c.bnez  a2, pc + 46
core   0: 3 0x8000abe6 (0xe61d)
core   0: 0x8000abe8 (0x340061f3) csrrsi  gp, mscratch, 0
core   0: 3 0x8000abe8 (0x340061f3) x3  0x0000001f
core   0: 0x8000abec (0x8951ce13) xori    t3, gp, -1899
core   0: 3 0x8000abec (0x8951ce13) x28 0xfffff88a
core   0: 0x8000abf0 (0x006e6ab3) or      s5, t3, t1
core   0: 3 0x8000abf0 (0x006e6ab3) x21 0xfffff88a
core   0: 0x8000abf4 (0x00a5f633) and     a2, a1, a0
core   0: 3 0x8000abf4 (0x00a5f633) x12 0x00000000
core   0: 0x8000abf8 (0x037bac33) mulhsu  s8, s7, s7
core   0: 3 0x8000abf8 (0x037bac33) x24 0xc0000005
core   0: 0x8000abfc (0x0144ee63) bltu    s1, s4, pc + 28
core   0: 3 0x8000abfc (0x0144ee63)
core   0: 0x8000ac00 (0x01d9e863) bltu    s3, t4, pc + 16
core   0: 3 0x8000ac00 (0x01d9e863)
core   0: 0x8000ac10 (0x6f81b693) sltiu   a3, gp, 1784
core   0: 3 0x8000ac10 (0x6f81b693) x13 0x00000001
core   0: 0x8000ac14 (0x3f0de213) ori     tp, s11, 1008
core   0: 3 0x8000ac14 (0x3f0de213) x4  0x9c8053f3
core   0: 0x8000ac18 (0x02bf1c33) mulh    s8, t5, a1
core   0: 3 0x8000ac18 (0x02bf1c33) x24 0x0cb01da9
core   0: 0x8000ac1c (0x00008fad) c.xor   a5, a1
core   0: 3 0x8000ac1c (0x8fad) x15 0x00000002
core   0: 0x8000ac1e (0x34099c73) csrrw   s8, mscratch, s3
core   0: 3 0x8000ac1e (0x34099c73) x24 0x0000001f c832_mscratch 0x053c8b76
core   0: 0x8000ac22 (0x023a30b3) mulhu   ra, s4, gp
core   0: 3 0x8000ac22 (0x023a30b3) x1  0x00000000
core   0: 0x8000ac26 (0x022395b3) mulh    a1, t2, sp
core   0: 3 0x8000ac26 (0x022395b3) x11 0xffff3003
core   0: 0x8000ac2a (0x01d9f733) and     a4, s3, t4
core   0: 3 0x8000ac2a (0x01d9f733) x14 0x00008302
core   0: 0x8000ac2e (0xbc19b093) sltiu   ra, s3, -1087
core   0: 3 0x8000ac2e (0xbc19b093) x1  0x00000001
core   0: 0x8000ac32 (0x00000d2a) c.slli  s10, 10
core   0: 3 0x8000ac32 (0x0d2a) x26 0x1bffec00
core   0: 0x8000ac34 (0x385bb013) sltiu   zero, s7, 901
core   0: 3 0x8000ac34 (0x385bb013)
core   0: 0x8000ac38 (0x00008dd9) c.or    a1, a4
core   0: 3 0x8000ac38 (0x8dd9) x11 0xffffb303
core   0: 0x8000ac3a (0x01a45533) srl     a0, s0, s10
core   0: 3 0x8000ac3a (0x01a45533) x10 0x00010000
core   0: 0x8000ac3e (0x00000001) c.nop
core   0: 3 0x8000ac3e (0x0001)
core   0: 0x8000ac40 (0x34006773) csrrsi  a4, mscratch, 0
core   0: 3 0x8000ac40 (0x34006773) x14 0x053c8b76
core   0: 0x8000ac44 (0x03b10963) beq     sp, s11, pc + 50
core   0: 3 0x8000ac44 (0x03b10963)
core   0: 0x8000ac48 (0x000085d2) c.mv    a1, s4
core   0: 3 0x8000ac48 (0x85d2) x11 0x00000000
core   0: 0x8000ac4a (0x019733b3) sltu    t2, a4, s9
core   0: 3 0x8000ac4a (0x019733b3) x7  0x00000000
core   0: 0x8000ac4e (0x7fc37d93) andi    s11, t1, 2044
core   0: 3 0x8000ac4e (0x7fc37d93) x27 0x00000000
core   0: 0x8000ac52 (0x40615db3) sra     s11, sp, t1
core   0: 3 0x8000ac52 (0x40615db3) x27 0xe0009791
core   0: 0x8000ac56 (0x3e661697) auipc   a3, 0x3e661
core   0: 3 0x8000ac56 (0x3e661697) x13 0xbe66bc56
core   0: 0x8000ac5a (0x00000b2e) c.slli  s6, 11
core   0: 3 0x8000ac5a (0x0b2e) x22 0x00000000
core   0: 0x8000ac5c (0x00a819b3) sll     s3, a6, a0
core   0: 3 0x8000ac5c (0x00a819b3) x19 0x00000001
core   0: 0x8000ac60 (0x024a1e63) bne     s4, tp, pc + 60
core   0: 3 0x8000ac60 (0x024a1e63)
core   0: 0x8000ac9c (0x001c63b3) or      t2, s8, ra
core   0: 3 0x8000ac9c (0x001c63b3) x7  0x0000001f
core   0: 0x8000aca0 (0x340e1b73) csrrw   s6, mscratch, t3
core   0: 3 0x8000aca0 (0x340e1b73) x22 0x053c8b76 c832_mscratch 0xfffff88a
core   0: 0x8000aca4 (0x00008c81) c.sub   s1, s0
core   0: 3 0x8000aca4 (0x8c81) x9  0x80019d24
core   0: 0x8000aca6 (0x000007d1) c.addi  a5, 20
core   0: 3 0x8000aca6 (0x07d1) x15 0x00000016
core   0: 0x8000aca8 (0x41150433) sub     s0, a0, a7
core   0: 3 0x8000aca8 (0x41150433) x8  0x7ffe62dc
core   0: 0x8000acac (0x00008c91) c.sub   s1, a2
core   0: 3 0x8000acac (0x8c91) x9  0x80019d24
core   0: 0x8000acae (0x00008d4d) c.or    a0, a1
core   0: 3 0x8000acae (0x8d4d) x10 0x00010000
core   0: 0x8000acb0 (0x1bb58613) addi    a2, a1, 443
core   0: 3 0x8000acb0 (0x1bb58613) x12 0x000001bb
core   0: 0x8000acb4 (0x00081733) sll     a4, a6, zero
core   0: 3 0x8000acb4 (0x00081733) x14 0x00000001
core   0: 0x8000acb8 (0x0131d4b3) srl     s1, gp, s3
core   0: 3 0x8000acb8 (0x0131d4b3) x9  0x0000000f
core   0: 0x8000acbc (0x00008f6d) c.and   a4, a1
core   0: 3 0x8000acbc (0x8f6d) x14 0x00000000
core   0: 0x8000acbe (0x0000642d) c.lui   s0, 0xb
core   0: 3 0x8000acbe (0x642d) x8  0x0000b000
core   0: 0x8000acc0 (0x0374e833) rem     a6, s1, s7
core   0: 3 0x8000acc0 (0x0374e833) x16 0x0000000f
core   0: 0x8000acc4 (0xe93a7093) andi    ra, s4, -365
core   0: 3 0x8000acc4 (0xe93a7093) x1  0x00000000
core   0: 0x8000acc8 (0x0ff0000f) fence   iorw,iorw
core   0: 3 0x8000acc8 (0x0ff0000f)
core   0: 0x8000accc (0xe3a57013) andi    zero, a0, -454
core   0: 3 0x8000accc (0xe3a57013)
core   0: 0x8000acd0 (0xf364fa93) andi    s5, s1, -202
core   0: 3 0x8000acd0 (0xf364fa93) x21 0x00000006
core   0: 0x8000acd4 (0x00000001) c.nop
core   0: 3 0x8000acd4 (0x0001)
core   0: 0x8000acd6 (0x4188d413) srai    s0, a7, 24
core   0: 3 0x8000acd6 (0x4188d413) x8  0xffffff80
core   0: 0x8000acda (0x00e6cd33) xor     s10, a3, a4
core   0: 3 0x8000acda (0x00e6cd33) x26 0xbe66bc56
core   0: 0x8000acde (0x00b950b3) srl     ra, s2, a1
core   0: 3 0x8000acde (0x00b950b3) x1  0x00000000
core   0: 0x8000ace2 (0x029ac4b3) div     s1, s5, s1
core   0: 3 0x8000ace2 (0x029ac4b3) x9  0x00000000
core   0: 0x8000ace6 (0xa4aea917) auipc   s2, 0xa4aea
core   0: 3 0x8000ace6 (0xa4aea917) x18 0x24af4ce6
core   0: 0x8000acea (0x0000879a) c.mv    a5, t1
core   0: 3 0x8000acea (0x879a) x15 0x00000002
core   0: 0x8000acec (0xcb328013) addi    zero, t0, -845
core   0: 3 0x8000acec (0xcb328013)
core   0: 0x8000acf0 (0x00001c7d) c.addi  s8, -1
core   0: 3 0x8000acf0 (0x1c7d) x24 0x0000001e
core   0: 0x8000acf2 (0x0000cd0d) c.beqz  a0, pc + 58
core   0: 3 0x8000acf2 (0xcd0d)
core   0: 0x8000acf4 (0x00c3be33) sltu    t3, t2, a2
core   0: 3 0x8000acf4 (0x00c3be33) x28 0x00000001
core   0: 0x8000acf8 (0x0000ca85) c.beqz  a3, pc + 48
core   0: 3 0x8000acf8 (0xca85)
core   0: 0x8000acfa (0x023a8733) mul     a4, s5, gp
core   0: 3 0x8000acfa (0x023a8733) x14 0x000000ba
core   0: 0x8000acfe (0x00008f59) c.or    a4, a4
core   0: 3 0x8000acfe (0x8f59) x14 0x000000ba
core   0: 0x8000ad00 (0x000046dd) c.li    a3, 23
core   0: 3 0x8000ad00 (0x46dd) x13 0x00000017
core   0: 0x8000ad02 (0x34041ff3) csrrw   t6, mscratch, s0
core   0: 3 0x8000ad02 (0x34041ff3) x31 0xfffff88a c832_mscratch 0xffffff80
core   0: 0x8000ad06 (0x1e75ad13) slti    s10, a1, 487
core   0: 3 0x8000ad06 (0x1e75ad13) x26 0x00000001
core   0: 0x8000ad0a (0xd81eb397) auipc   t2, 0xd81eb
core   0: 3 0x8000ad0a (0xd81eb397) x7  0x581f5d0a
core   0: 0x8000ad0e (0x0343a5b3) mulhsu  a1, t2, s4
core   0: 3 0x8000ad0e (0x0343a5b3) x11 0x00000000
core   0: 0x8000ad12 (0x02cc9cb3) mulh    s9, s9, a2
core   0: 3 0x8000ad12 (0x02cc9cb3) x25 0x00000000
core   0: 0x8000ad16 (0x00611763) bne     sp, t1, pc + 14
core   0: 3 0x8000ad16 (0x00611763)
core   0: 0x8000ad24 (0x01eb4a63) blt     s6, t5, pc + 20
core   0: 3 0x8000ad24 (0x01eb4a63)
core   0: 0x8000ad28 (0x0000100f) fence.i
core   0: 3 0x8000ad28 (0x0000100f)
core   0: 0x8000ad2c (0x40b25693) srai    a3, tp, 11
core   0: 3 0x8000ad2c (0x40b25693) x13 0xfff3900a
core   0: 0x8000ad30 (0x00e403b3) add     t2, s0, a4
core   0: 3 0x8000ad30 (0x00e403b3) x7  0x0000003a
core   0: 0x8000ad34 (0x00772733) slt     a4, a4, t2
core   0: 3 0x8000ad34 (0x00772733) x14 0x00000000
core   0: 0x8000ad38 (0xdb99be37) lui     t3, 0xdb99b
core   0: 3 0x8000ad38 (0xdb99be37) x28 0xdb99b000
core   0: 0x8000ad3c (0x00008799) c.srai  a5, 6
core   0: 3 0x8000ad3c (0x8799) x15 0x00000000
core   0: 0x8000ad3e (0xb25d6c13) ori     s8, s10, -1243
core   0: 3 0x8000ad3e (0xb25d6c13) x24 0xfffffb25
core   0: 0x8000ad42 (0x01411033) sll     zero, sp, s4
core   0: 3 0x8000ad42 (0x01411033)
core   0: 0x8000ad46 (0x913eae37) lui     t3, 0x913ea
core   0: 3 0x8000ad46 (0x913eae37) x28 0x913ea000
core   0: 0x8000ad4a (0x340d5a73) csrrwi  s4, mscratch, 26
core   0: 3 0x8000ad4a (0x340d5a73) x20 0xffffff80 c832_mscratch 0x0000001a
core   0: 0x8000ad4e (0x00008009) c.srli  s0, 2
core   0: 3 0x8000ad4e (0x8009) x8  0x3fffffe0
core   0: 0x8000ad50 (0x3d6ebf93) sltiu   t6, t4, 982
core   0: 3 0x8000ad50 (0x3d6ebf93) x31 0x00000000
core   0: 0x8000ad54 (0x00008ffd) c.and   a5, a5
core   0: 3 0x8000ad54 (0x8ffd) x15 0x00000000
core   0: 0x8000ad56 (0x01434433) xor     s0, t1, s4
core   0: 3 0x8000ad56 (0x01434433) x8  0xffffff82
core   0: 0x8000ad5a (0x34003373) csrrc   t1, mscratch, zero
core   0: 3 0x8000ad5a (0x34003373) x6  0x0000001a
core   0: 0x8000ad5e (0x34083b73) csrrc   s6, mscratch, a6
core   0: 3 0x8000ad5e (0x34083b73) x22 0x0000001a c832_mscratch 0x00000010
core   0: 0x8000ad62 (0x0ff9fa93) andi    s5, s3, 255
core   0: 3 0x8000ad62 (0x0ff9fa93) x21 0x00000001
core   0: 0x8000ad66 (0x0202ae33) mulhsu  t3, t0, zero
core   0: 3 0x8000ad66 (0x0202ae33) x28 0x00000000
core   0: 0x8000ad6a (0x46863693) sltiu   a3, a2, 1128
core   0: 3 0x8000ad6a (0x46863693) x13 0x00000001
core   0: 0x8000ad6e (0x00008e99) c.sub   a3, a4
core   0: 3 0x8000ad6e (0x8e99) x13 0x00000001
core   0: 0x8000ad70 (0x00000001) c.nop
core   0: 3 0x8000ad70 (0x0001)
core   0: 0x8000ad72 (0x026ea033) mulhsu  zero, t4, t1
core   0: 3 0x8000ad72 (0x026ea033)
core   0: 0x8000ad76 (0x3407e973) csrrsi  s2, mscratch, 15
core   0: 3 0x8000ad76 (0x3407e973) x18 0x00000010 c832_mscratch 0x0000001f
core   0: 0x8000ad7a (0x0092d533) srl     a0, t0, s1
core   0: 3 0x8000ad7a (0x0092d533) x10 0xf57d8a0a
core   0: 0x8000ad7e (0x03adbd33) mulhu   s10, s11, s10
core   0: 3 0x8000ad7e (0x03adbd33) x26 0x00000000
core   0: 0x8000ad82 (0x01e9d993) srli    s3, s3, 30
core   0: 3 0x8000ad82 (0x01e9d993) x19 0x00000000
core   0: 0x8000ad86 (0xe74faf93) slti    t6, t6, -396
core   0: 3 0x8000ad86 (0xe74faf93) x31 0x00000000
core   0: 0x8000ad8a (0x0000197d) c.addi  s2, -1
core   0: 3 0x8000ad8a (0x197d) x18 0x0000000f
core   0: 0x8000ad8c (0x3f44e793) ori     a5, s1, 1012
core   0: 3 0x8000ad8c (0x3f44e793) x15 0x000003f4
core   0: 0x8000ad90 (0x01e0beb3) sltu    t4, ra, t5
core   0: 3 0x8000ad90 (0x01e0beb3) x29 0x00000001
core   0: 0x8000ad94 (0x34025673) csrrwi  a2, mscratch, 4
core   0: 3 0x8000ad94 (0x34025673) x12 0x0000001f c832_mscratch 0x00000004
core   0: 0x8000ad98 (0x0000927a) c.add   tp, t5
core   0: 3 0x8000ad98 (0x927a) x4  0x1c82f117
core   0: 0x8000ad9a (0xc8b7c013) xori    zero, a5, -885
core   0: 3 0x8000ad9a (0xc8b7c013)
core   0: 0x8000ad9e (0x003dad33) slt     s10, s11, gp
core   0: 3 0x8000ad9e (0x003dad33) x26 0x00000001
core   0: 0x8000ada2 (0x00006117) auipc   sp, 0x6
core   0: 3 0x8000ada2 (0x00006117) x2  0x80010da2
core   0: 0x8000ada6 (0x29710113) addi    sp, sp, 663
core   0: 3 0x8000ada6 (0x29710113) x2  0x80011039
core   0: 0x8000adaa (0x34002af3) csrr    s5, mscratch
core   0: 3 0x8000adaa (0x34002af3) x21 0x00000004
core   0: 0x8000adae (0x006116a3) sh      t1, 13(sp)
core   0: 3 0x8000adae (0x006116a3) mem 0x80011046 0x001a
core   0: 0x8000adb2 (0x340024f3) csrr    s1, mscratch
core   0: 3 0x8000adb2 (0x340024f3) x9  0x00000004
core   0: 0x8000adb6 (0xff312483) lw      s1, -13(sp)
core   0: 3 0x8000adb6 (0xff312483) x9  0xe4e5e6e7 mem 0x8001102c
core   0: 0x8000adba (0x00014683) lbu     a3, 0(sp)
core   0: 3 0x8000adba (0x00014683) x13 0x000000f2 mem 0x80011039
core   0: 0x8000adbe (0x00610203) lb      tp, 6(sp)
core   0: 3 0x8000adbe (0x00610203) x4  0x00000000 mem 0x8001103f
core   0: 0x8000adc2 (0xffa14d83) lbu     s11, -6(sp)
core   0: 3 0x8000adc2 (0xffa14d83) x27 0x000000e8 mem 0x80011033
core   0: 0x8000adc6 (0xff014f83) lbu     t6, -16(sp)
core   0: 3 0x8000adc6 (0xff014f83) x31 0x000000e2 mem 0x80011029
core   0: 0x8000adca (0xff711703) lh      a4, -9(sp)
core   0: 3 0x8000adca (0xff711703) x14 0xffffeaeb mem 0x80011030
core   0: 0x8000adce (0x000081e9) c.srli  a1, 26
core   0: 3 0x8000adce (0x81e9) x11 0x00000000
core   0: 0x8000add0 (0xd7bbb613) sltiu   a2, s7, -645
core   0: 3 0x8000add0 (0xd7bbb613) x12 0x00000001
core   0: 0x8000add4 (0xea9f1637) lui     a2, 0xea9f1
core   0: 3 0x8000add4 (0xea9f1637) x12 0xea9f1000
core   0: 0x8000add8 (0x00008dc1) c.or    a1, s0
core   0: 3 0x8000add8 (0x8dc1) x11 0xffffff82
core   0: 0x8000adda (0x0c4ef337) lui     t1, 0xc4ef
core   0: 3 0x8000adda (0x0c4ef337) x6  0x0c4ef000
core   0: 0x8000adde (0x00000412) c.slli  s0, 4
core   0: 3 0x8000adde (0x0412) x8  0xfffff820
core   0: 0x8000ade0 (0x00d10a03) lb      s4, 13(sp)
core   0: 3 0x8000ade0 (0x00d10a03) x20 0x0000001a mem 0x80011046
core   0: 0x8000ade4 (0xff410da3) sb      s4, -5(sp)
core   0: 3 0x8000ade4 (0xff410da3) mem 0x80011034 0x1a
core   0: 0x8000ade8 (0x00114a83) lbu     s5, 1(sp)
core   0: 3 0x8000ade8 (0x00114a83) x21 0x000000f1 mem 0x8001103a
core   0: 0x8000adec (0x00ecacb3) slt     s9, s9, a4
core   0: 3 0x8000adec (0x00ecacb3) x25 0x00000000
core   0: 0x8000adf0 (0x00311b03) lh      s6, 3(sp)
core   0: 3 0x8000adf0 (0x00311b03) x22 0x0000001f mem 0x8001103c
core   0: 0x8000adf4 (0x34039ff3) csrrw   t6, mscratch, t2
core   0: 3 0x8000adf4 (0x34039ff3) x31 0x00000004 c832_mscratch 0x0000003a
core   0: 0x8000adf8 (0x013121a3) sw      s3, 3(sp)
core   0: 3 0x8000adf8 (0x013121a3) mem 0x8001103c 0x00000000
core   0: 0x8000adfc (0x003121a3) sw      gp, 3(sp)
core   0: 3 0x8000adfc (0x003121a3) mem 0x8001103c 0x0000001f
core   0: 0x8000ae00 (0x00008621) c.srai  a2, 8
core   0: 3 0x8000ae00 (0x8621) x12 0xffea9f10
core   0: 0x8000ae02 (0xffd14303) lbu     t1, -3(sp)
core   0: 3 0x8000ae02 (0xffd14303) x6  0x000000ed mem 0x80011036
core   0: 0x8000ae06 (0x0000694d) c.lui   s2, 0x13
core   0: 3 0x8000ae06 (0x694d) x18 0x00013000
core   0: 0x8000ae08 (0xff310303) lb      t1, -13(sp)
core   0: 3 0x8000ae08 (0xff310303) x6  0xffffffe7 mem 0x8001102c
core   0: 0x8000ae0c (0xff712903) lw      s2, -9(sp)
core   0: 3 0x8000ae0c (0xff712903) x18 0xe8e9eaeb mem 0x80011030
core   0: 0x8000ae10 (0x01182b33) slt     s6, a6, a7
core   0: 3 0x8000ae10 (0x01182b33) x22 0x00000000
core   0: 0x8000ae14 (0xff315303) lhu     t1, -13(sp)
core   0: 3 0x8000ae14 (0xff315303) x6  0x0000e6e7 mem 0x8001102c
core   0: 0x8000ae18 (0x00814183) lbu     gp, 8(sp)
core   0: 3 0x8000ae18 (0x00814183) x3  0x000000fa mem 0x80011041
core   0: 0x8000ae1c (0x00814a03) lbu     s4, 8(sp)
core   0: 3 0x8000ae1c (0x00814a03) x20 0x000000fa mem 0x80011041
core   0: 0x8000ae20 (0x340459f3) csrrwi  s3, mscratch, 8
core   0: 3 0x8000ae20 (0x340459f3) x19 0x0000003a c832_mscratch 0x00000008
core   0: 0x8000ae24 (0xff010983) lb      s3, -16(sp)
core   0: 3 0x8000ae24 (0xff010983) x19 0xffffffe2 mem 0x80011029
core   0: 0x8000ae28 (0x00000001) c.nop
core   0: 3 0x8000ae28 (0x0001)
core   0: 0x8000ae2a (0x00008a05) c.andi  a2, 1
core   0: 3 0x8000ae2a (0x8a05) x12 0x00000000
core   0: 0x8000ae2c (0x01bf37b3) sltu    a5, t5, s11
core   0: 3 0x8000ae2c (0x01bf37b3) x15 0x00000000
core   0: 0x8000ae30 (0x3406b373) csrrc   t1, mscratch, a3
core   0: 3 0x8000ae30 (0x3406b373) x6  0x00000008 c832_mscratch 0x00000008
core   0: 0x8000ae34 (0x00b94833) xor     a6, s2, a1
core   0: 3 0x8000ae34 (0x00b94833) x16 0x17161569
core   0: 0x8000ae38 (0x02133733) mulhu   a4, t1, ra
core   0: 3 0x8000ae38 (0x02133733) x14 0x00000000
core   0: 0x8000ae3c (0x000007fe) c.slli  a5, 31
core   0: 3 0x8000ae3c (0x07fe) x15 0x00000000
core   0: 0x8000ae3e (0x03aa6fb3) rem     t6, s4, s10
core   0: 3 0x8000ae3e (0x03aa6fb3) x31 0x00000000
core   0: 0x8000ae42 (0x4487ca13) xori    s4, a5, 1096
core   0: 3 0x8000ae42 (0x4487ca13) x20 0x00000448
core   0: 0x8000ae46 (0x34002173) csrr    sp, mscratch
core   0: 3 0x8000ae46 (0x34002173) x2  0x00000008
core   0: 0x8000ae4a (0x4b0d54b7) lui     s1, 0x4b0d5
core   0: 3 0x8000ae4a (0x4b0d54b7) x9  0x4b0d5000
core   0: 0x8000ae4e (0x0000717d) c.addi16sp sp, -16
core   0: 3 0x8000ae4e (0x717d) x2  0xfffffff8
core   0: 0x8000ae50 (0x00a99263) bne     s3, a0, pc + 4
core   0: 3 0x8000ae50 (0x00a99263)
core   0: 0x8000ae54 (0x01fdb3b3) sltu    t2, s11, t6
core   0: 3 0x8000ae54 (0x01fdb3b3) x7  0x00000000
core   0: 0x8000ae58 (0x02871833) mulh    a6, a4, s0
core   0: 3 0x8000ae58 (0x02871833) x16 0x00000000
core   0: 0x8000ae5c (0x000098fd) c.andi  s1, -1
core   0: 3 0x8000ae5c (0x98fd) x9  0x4b0d5000
core   0: 0x8000ae5e (0xa9ca2b37) lui     s6, 0xa9ca2
core   0: 3 0x8000ae5e (0xa9ca2b37) x22 0xa9ca2000
core   0: 0x8000ae62 (0x01ffbfb3) sltu    t6, t6, t6
core   0: 3 0x8000ae62 (0x01ffbfb3) x31 0x00000000
core   0: 0x8000ae66 (0x03c0d533) divu    a0, ra, t3
core   0: 3 0x8000ae66 (0x03c0d533) x10 0xffffffff
core   0: 0x8000ae6a (0x03b80633) mul     a2, a6, s11
core   0: 3 0x8000ae6a (0x03b80633) x12 0x00000000
core   0: 0x8000ae6e (0x034c9b63) bne     s9, s4, pc + 54
core   0: 3 0x8000ae6e (0x034c9b63)
core   0: 0x8000aea4 (0x00008261) c.srli  a2, 24
core   0: 3 0x8000aea4 (0x8261) x12 0x00000000
core   0: 0x8000aea6 (0x75e04e13) xori    t3, zero, 1886
core   0: 3 0x8000aea6 (0x75e04e13) x28 0x0000075e
core   0: 0x8000aeaa (0x0249e563) bltu    s3, tp, pc + 42
core   0: 3 0x8000aeaa (0x0249e563)
core   0: 0x8000aeae (0x3403a9f3) csrrs   s3, mscratch, t2
core   0: 3 0x8000aeae (0x3403a9f3) x19 0x00000008 c832_mscratch 0x00000008
core   0: 0x8000aeb2 (0x028d0133) mul     sp, s10, s0
core   0: 3 0x8000aeb2 (0x028d0133) x2  0xfffff820
core   0: 0x8000aeb6 (0x340596f3) csrrw   a3, mscratch, a1
core   0: 3 0x8000aeb6 (0x340596f3) x13 0x00000008 c832_mscratch 0xffffff82
core   0: 0x8000aeba (0x0000147d) c.addi  s0, -1
core   0: 3 0x8000aeba (0x147d) x8  0xfffff81f
core   0: 0x8000aebc (0x000057fd) c.li    a5, -1
core   0: 3 0x8000aebc (0x57fd) x15 0xffffffff
core   0: 0x8000aebe (0x403fd0b3) sra     ra, t6, gp
core   0: 3 0x8000aebe (0x403fd0b3) x1  0x00000000
core   0: 0x8000aec2 (0x0000c0b1) c.beqz  s1, pc + 68
core   0: 3 0x8000aec2 (0xc0b1)
core   0: 0x8000aec4 (0x00008d79) c.and   a0, a4
core   0: 3 0x8000aec4 (0x8d79) x10 0x00000000
core   0: 0x8000aec6 (0x0000117d) c.addi  sp, -1
core   0: 3 0x8000aec6 (0x117d) x2  0xfffff81f
core   0: 0x8000aec8 (0x4091d833) sra     a6, gp, s1
core   0: 3 0x8000aec8 (0x4091d833) x16 0x000000fa
core   0: 0x8000aecc (0x340d3a73) csrrc   s4, mscratch, s10
core   0: 3 0x8000aecc (0x340d3a73) x20 0xffffff82 c832_mscratch 0xffffff82
core   0: 0x8000aed0 (0x41688a33) sub     s4, a7, s6
core   0: 3 0x8000aed0 (0x41688a33) x20 0xd6387d24
core   0: 0x8000aed4 (0x00ea8b63) beq     s5, a4, pc + 22
core   0: 3 0x8000aed4 (0x00ea8b63)
core   0: 0x8000aed8 (0x011c9e93) slli    t4, s9, 17
core   0: 3 0x8000aed8 (0x011c9e93) x29 0x00000000
core   0: 0x8000aedc (0x0057df93) srli    t6, a5, 5
core   0: 3 0x8000aedc (0x0057df93) x31 0x07ffffff
core   0: 0x8000aee0 (0x03dcbab3) mulhu   s5, s9, t4
core   0: 3 0x8000aee0 (0x03dcbab3) x21 0x00000000
core   0: 0x8000aee4 (0x00000001) c.nop
core   0: 3 0x8000aee4 (0x0001)
core   0: 0x8000aee6 (0x340fb373) csrrc   t1, mscratch, t6
core   0: 3 0x8000aee6 (0x340fb373) x6  0xffffff82 c832_mscratch 0xf8000000
core   0: 0x8000aeea (0x038a4b33) div     s6, s4, s8
core   0: 3 0x8000aeea (0x038a4b33) x22 0x00089ac6
core   0: 0x8000aeee (0x34081873) csrrw   a6, mscratch, a6
core   0: 3 0x8000aeee (0x34081873) x16 0xf8000000 c832_mscratch 0x000000fa
core   0: 0x8000aef2 (0x57b1c713) xori    a4, gp, 1403
core   0: 3 0x8000aef2 (0x57b1c713) x14 0x00000581
core   0: 0x8000aef6 (0x0000100f) fence.i
core   0: 3 0x8000aef6 (0x0000100f)
core   0: 0x8000aefa (0x0000e321) c.bnez  a4, pc + 64
core   0: 3 0x8000aefa (0xe321)
core   0: 0x8000af3a (0x00008fe1) c.and   a5, s0
core   0: 3 0x8000af3a (0x8fe1) x15 0xfffff81f
core   0: 0x8000af3c (0x03f117b3) mulh    a5, sp, t6
core   0: 3 0x8000af3c (0x03f117b3) x15 0xffffffc0
core   0: 0x8000af40 (0x000059ed) c.li    s3, -5
core   0: 3 0x8000af40 (0x59ed) x19 0xfffffffb
core   0: 0x8000af42 (0x0040b833) sltu    a6, ra, tp
core   0: 3 0x8000af42 (0x0040b833) x16 0x00000000
core   0: 0x8000af46 (0x01675833) srl     a6, a4, s6
core   0: 3 0x8000af46 (0x01675833) x16 0x00000016
core   0: 0x8000af4a (0x0081d833) srl     a6, gp, s0
core   0: 3 0x8000af4a (0x0081d833) x16 0x00000000
core   0: 0x8000af4e (0x00ce9133) sll     sp, t4, a2
core   0: 3 0x8000af4e (0x00ce9133) x2  0x00000000
core   0: 0x8000af52 (0x0ff0000f) fence   iorw,iorw
core   0: 3 0x8000af52 (0x0ff0000f)
core   0: 0x8000af56 (0x8460e213) ori     tp, ra, -1978
core   0: 3 0x8000af56 (0x8460e213) x4  0xfffff846
core   0: 0x8000af5a (0x00cb3633) sltu    a2, s6, a2
core   0: 3 0x8000af5a (0x00cb3633) x12 0x00000000
core   0: 0x8000af5e (0x340656f3) csrrwi  a3, mscratch, 12
core   0: 3 0x8000af5e (0x340656f3) x13 0x000000fa c832_mscratch 0x0000000c
core   0: 0x8000af62 (0x41d4d693) srai    a3, s1, 29
core   0: 3 0x8000af62 (0x41d4d693) x13 0x00000002
core   0: 0x8000af66 (0x01d2d133) srl     sp, t0, t4
core   0: 3 0x8000af66 (0x01d2d133) x2  0xf57d8a0a
core   0: 0x8000af6a (0x007a3233) sltu    tp, s4, t2
core   0: 3 0x8000af6a (0x007a3233) x4  0x00000000
core   0: 0x8000af6e (0xa2571cb7) lui     s9, 0xa2571
core   0: 3 0x8000af6e (0xa2571cb7) x25 0xa2571000
core   0: 0x8000af72 (0x00008cea) c.mv    s9, s10
core   0: 3 0x8000af72 (0x8cea) x25 0x00000001
core   0: 0x8000af74 (0x34003373) csrrc   t1, mscratch, zero
core   0: 3 0x8000af74 (0x34003373) x6  0x0000000c
core   0: 0x8000af78 (0x0000e289) c.bnez  a3, pc + 2
core   0: 3 0x8000af78 (0xe289)
core   0: 0x8000af7a (0x340c98f3) csrrw   a7, mscratch, s9
core   0: 3 0x8000af7a (0x340c98f3) x17 0x0000000c c832_mscratch 0x00000001
core   0: 0x8000af7e (0x000010fd) c.addi  ra, -1
core   0: 3 0x8000af7e (0x10fd) x1  0xffffffff
core   0: 0x8000af80 (0x00000588) c.addi4spn a0, sp, 704
core   0: 3 0x8000af80 (0x0588) x10 0xf57d8cca
core   0: 0x8000af82 (0x340034f3) csrrc   s1, mscratch, zero
core   0: 3 0x8000af82 (0x340034f3) x9  0x00000001
core   0: 0x8000af86 (0x402ed513) srai    a0, t4, 2
core   0: 3 0x8000af86 (0x402ed513) x10 0x00000000
core   0: 0x8000af8a (0x00008751) c.srai  a4, 20
core   0: 3 0x8000af8a (0x8751) x14 0x00000000
core   0: 0x8000af8c (0x01a95513) srli    a0, s2, 26
core   0: 3 0x8000af8c (0x01a95513) x10 0x0000003a
core   0: 0x8000af90 (0x340067f3) csrrsi  a5, mscratch, 0
core   0: 3 0x8000af90 (0x340067f3) x15 0x00000001
core   0: 0x8000af94 (0x02ebc663) blt     s7, a4, pc + 44
core   0: 3 0x8000af94 (0x02ebc663)
core   0: 0x8000afc0 (0x02f3a133) mulhsu  sp, t2, a5
core   0: 3 0x8000afc0 (0x02f3a133) x2  0x00000000
core   0: 0x8000afc4 (0x00b52133) slt     sp, a0, a1
core   0: 3 0x8000afc4 (0x00b52133) x2  0x00000000
core   0: 0x8000afc8 (0x00009ff2) c.add   t6, t3
core   0: 3 0x8000afc8 (0x9ff2) x31 0x0800075d
core   0: 0x8000afca (0x340d77f3) csrrci  a5, mscratch, 26
core   0: 3 0x8000afca (0x340d77f3) x15 0x00000001 c832_mscratch 0x00000001
core   0: 0x8000afce (0x0000157d) c.addi  a0, -1
core   0: 3 0x8000afce (0x157d) x10 0x00000039
core   0: 0x8000afd0 (0x0000717d) c.addi16sp sp, -16
core   0: 3 0x8000afd0 (0x717d) x2  0xfffffff0
core   0: 0x8000afd2 (0x0000717d) c.addi16sp sp, -16
core   0: 3 0x8000afd2 (0x717d) x2  0xffffffe0
core   0: 0x8000afd4 (0x00000001) c.nop
core   0: 3 0x8000afd4 (0x0001)
core   0: 0x8000afd6 (0x025795b3) mulh    a1, a5, t0
core   0: 3 0x8000afd6 (0x025795b3) x11 0xffffffff
core   0: 0x8000afda (0x00000d14) c.addi4spn a3, sp, 656
core   0: 3 0x8000afda (0x0d14) x13 0x00000270
core   0: 0x8000afdc (0x00f89213) slli    tp, a7, 15
core   0: 3 0x8000afdc (0x00f89213) x4  0x00060000
core   0: 0x8000afe0 (0x021441b3) div     gp, s0, ra
core   0: 3 0x8000afe0 (0x021441b3) x3  0x000007e1
core   0: 0x8000afe4 (0x00000001) c.nop
core   0: 3 0x8000afe4 (0x0001)
core   0: 0x8000afe6 (0xe976ee13) ori     t3, a3, -361
core   0: 3 0x8000afe6 (0xe976ee13) x28 0xfffffef7
core   0: 0x8000afea (0x3406db73) csrrwi  s6, mscratch, 13
core   0: 3 0x8000afea (0x3406db73) x22 0x00000001 c832_mscratch 0x0000000d
core   0: 0x8000afee (0x41fcd733) sra     a4, s9, t6
core   0: 3 0x8000afee (0x41fcd733) x14 0x00000000
core   0: 0x8000aff2 (0x0301c233) div     tp, gp, a6
core   0: 3 0x8000aff2 (0x0301c233) x4  0xffffffff
core   0: 0x8000aff6 (0x0374e033) rem     zero, s1, s7
core   0: 3 0x8000aff6 (0x0374e033)
core   0: 0x8000affa (0x02e21f63) bne     tp, a4, pc + 62
core   0: 3 0x8000affa (0x02e21f63)
core   0: 0x8000b038 (0x000004fa) c.slli  s1, 30
core   0: 3 0x8000b038 (0x04fa) x9  0x40000000
core   0: 0x8000b03a (0x07326497) auipc   s1, 0x7326
core   0: 3 0x8000b03a (0x07326497) x9  0x8733103a
core   0: 0x8000b03e (0x01575ab3) srl     s5, a4, s5
core   0: 3 0x8000b03e (0x01575ab3) x21 0x00000000
core   0: 0x8000b042 (0xf7742113) slti    sp, s0, -137
core   0: 3 0x8000b042 (0xf7742113) x2  0x00000001
core   0: 0x8000b046 (0x41ee03b3) sub     t2, t3, t5
core   0: 3 0x8000b046 (0x41ee03b3) x7  0x7ffd61d3
core   0: 0x8000b04a (0x0ff0000f) fence   iorw,iorw
core   0: 3 0x8000b04a (0x0ff0000f)
core   0: 0x8000b04e (0x03b57863) bgeu    a0, s11, pc + 48
core   0: 3 0x8000b04e (0x03b57863)
core   0: 0x8000b052 (0xfcd22693) slti    a3, tp, -51
core   0: 3 0x8000b052 (0xfcd22693) x13 0x00000000
core   0: 0x8000b056 (0x34003a73) csrrc   s4, mscratch, zero
core   0: 3 0x8000b056 (0x34003a73) x20 0x0000000d
core   0: 0x8000b05a (0x00000e45) c.addi  t3, 17
core   0: 3 0x8000b05a (0x0e45) x28 0xffffff08
core   0: 0x8000b05c (0x01b54963) blt     a0, s11, pc + 18
core   0: 3 0x8000b05c (0x01b54963)
core   0: 0x8000b06e (0x0000879a) c.mv    a5, t1
core   0: 3 0x8000b06e (0x879a) x15 0x0000000c
core   0: 0x8000b070 (0x03f13b33) mulhu   s6, sp, t6
core   0: 3 0x8000b070 (0x03f13b33) x22 0x00000000
core   0: 0x8000b074 (0x0000717d) c.addi16sp sp, -16
core   0: 3 0x8000b074 (0x717d) x2  0xfffffff1
core   0: 0x8000b076 (0x0000c791) c.beqz  a5, pc + 12
core   0: 3 0x8000b076 (0xc791)
core   0: 0x8000b078 (0xda084313) xori    t1, a6, -608
core   0: 3 0x8000b078 (0xda084313) x6  0xfffffda0
core   0: 0x8000b07c (0x00008ded) c.and   a1, a1
core   0: 3 0x8000b07c (0x8ded) x11 0xffffffff
core   0: 0x8000b07e (0x03dee763) bltu    t4, t4, pc + 46
core   0: 3 0x8000b07e (0x03dee763)
core   0: 0x8000b082 (0x0077f3b3) and     t2, a5, t2
core   0: 3 0x8000b082 (0x0077f3b3) x7  0x00000000
core   0: 0x8000b086 (0x4129d113) srai    sp, s3, 18
core   0: 3 0x8000b086 (0x4129d113) x2  0xffffffff
core   0: 0x8000b08a (0x00006e31) c.lui   t3, 0xc
core   0: 3 0x8000b08a (0x6e31) x28 0x0000c000
core   0: 0x8000b08c (0x340494f3) csrrw   s1, mscratch, s1
core   0: 3 0x8000b08c (0x340494f3) x9  0x0000000d c832_mscratch 0x8733103a
core   0: 0x8000b090 (0x00008115) c.srli  a0, 5
core   0: 3 0x8000b090 (0x8115) x10 0x00000001
core   0: 0x8000b092 (0x033fba33) mulhu   s4, t6, s3
core   0: 3 0x8000b092 (0x033fba33) x20 0x0800075c
core   0: 0x8000b096 (0x00006165) c.addi16sp sp, 112
core   0: 3 0x8000b096 (0x6165) x2  0x0000006f
core   0: 0x8000b098 (0x340d5173) csrrwi  sp, mscratch, 26
core   0: 3 0x8000b098 (0x340d5173) x2  0x8733103a c832_mscratch 0x0000001a
core   0: 0x8000b09c (0x019913b3) sll     t2, s2, s9
core   0: 3 0x8000b09c (0x019913b3) x7  0xd1d3d5d6
core   0: 0x8000b0a0 (0x03bdc663) blt     s11, s11, pc + 44
core   0: 3 0x8000b0a0 (0x03bdc663)
core   0: 0x8000b0a4 (0x007f1933) sll     s2, t5, t2
core   0: 3 0x8000b0a4 (0x007f1933) x18 0x49000000
core   0: 0x8000b0a8 (0xf17de593) ori     a1, s11, -233
core   0: 3 0x8000b0a8 (0xf17de593) x11 0xffffffff
core   0: 0x8000b0ac (0x340e2af3) csrrs   s5, mscratch, t3
core   0: 3 0x8000b0ac (0x340e2af3) x21 0x0000001a c832_mscratch 0x0000c01a
core   0: 0x8000b0b0 (0x00f7e563) bltu    a5, a5, pc + 10
core   0: 3 0x8000b0b0 (0x00f7e563)
core   0: 0x8000b0b4 (0x02cb4db3) div     s11, s6, a2
core   0: 3 0x8000b0b4 (0x02cb4db3) x27 0xffffffff
core   0: 0x8000b0b8 (0x00000001) c.nop
core   0: 3 0x8000b0b8 (0x0001)
core   0: 0x8000b0ba (0x03ea3fb3) mulhu   t6, s4, t5
core   0: 3 0x8000b0ba (0x03ea3fb3) x31 0x04001897
core   0: 0x8000b0be (0x0000100f) fence.i
core   0: 3 0x8000b0be (0x0000100f)
core   0: 0x8000b0c2 (0x00420d63) beq     tp, tp, pc + 26
core   0: 3 0x8000b0c2 (0x00420d63)
core   0: 0x8000b0dc (0x00000e52) c.slli  t3, 20
core   0: 3 0x8000b0dc (0x0e52) x28 0x00000000
core   0: 0x8000b0de (0x016a7863) bgeu    s4, s6, pc + 16
core   0: 3 0x8000b0de (0x016a7863)
core   0: 0x8000b0ee (0x40ac0e33) sub     t3, s8, a0
core   0: 3 0x8000b0ee (0x40ac0e33) x28 0xfffffb24
core   0: 0x8000b0f2 (0x0037a833) slt     a6, a5, gp
core   0: 3 0x8000b0f2 (0x0037a833) x16 0x00000001
core   0: 0x8000b0f6 (0x023d60b3) rem     ra, s10, gp
core   0: 3 0x8000b0f6 (0x023d60b3) x1  0x00000001
core   0: 0x8000b0fa (0x01cce6b3) or      a3, s9, t3
core   0: 3 0x8000b0fa (0x01cce6b3) x13 0xfffffb25
core   0: 0x8000b0fe (0x02a79eb3) mulh    t4, a5, a0
core   0: 3 0x8000b0fe (0x02a79eb3) x29 0x00000000
core   0: 0x8000b102 (0xe031b713) sltiu   a4, gp, -509
core   0: 3 0x8000b102 (0xe031b713) x14 0x00000001
core   0: 0x8000b106 (0x03a0d963) bge     ra, s10, pc + 50
core   0: 3 0x8000b106 (0x03a0d963)
core   0: 0x8000b138 (0x40585793) srai    a5, a6, 5
core   0: 3 0x8000b138 (0x40585793) x15 0x00000000
core   0: 0x8000b13c (0x3400e7f3) csrrsi  a5, mscratch, 1
core   0: 3 0x8000b13c (0x3400e7f3) x15 0x0000c01a c832_mscratch 0x0000c01b
core   0: 0x8000b140 (0x0000577d) c.li    a4, -1
core   0: 3 0x8000b140 (0x577d) x14 0xffffffff
core   0: 0x8000b142 (0x02284d33) div     s10, a6, sp
core   0: 3 0x8000b142 (0x02284d33) x26 0x00000000
core   0: 0x8000b146 (0x340029f3) csrr    s3, mscratch
core   0: 3 0x8000b146 (0x340029f3) x19 0x0000c01b
core   0: 0x8000b14a (0x01e953b3) srl     t2, s2, t5
core   0: 3 0x8000b14a (0x01e953b3) x7  0x04900000
core   0: 0x8000b14e (0x02a14ab3) div     s5, sp, a0
core   0: 3 0x8000b14e (0x02a14ab3) x21 0x8733103a
core   0: 0x8000b152 (0xd5ee6713) ori     a4, t3, -674
core   0: 3 0x8000b152 (0xd5ee6713) x14 0xffffff7e
core   0: 0x8000b156 (0x00a87c63) bgeu    a6, a0, pc + 24
core   0: 3 0x8000b156 (0x00a87c63)
core   0: 0x8000b16e (0x340fb173) csrrc   sp, mscratch, t6
core   0: 3 0x8000b16e (0x340fb173) x2  0x0000c01b c832_mscratch 0x0000c008
core   0: 0x8000b172 (0x00bf7fb3) and     t6, t5, a1
core   0: 3 0x8000b172 (0x00bf7fb3) x31 0x80029d24
core   0: 0x8000b176 (0x340790f3) csrrw   ra, mscratch, a5
core   0: 3 0x8000b176 (0x340790f3) x1  0x0000c008 c832_mscratch 0x0000c01a
core   0: 0x8000b17a (0xd5e2a413) slti    s0, t0, -674
core   0: 3 0x8000b17a (0xd5e2a413) x8  0x00000001
core   0: 0x8000b17e (0x01affa33) and     s4, t6, s10
core   0: 3 0x8000b17e (0x01affa33) x20 0x00000000
core   0: 0x8000b182 (0x00000001) c.nop
core   0: 3 0x8000b182 (0x0001)
core   0: 0x8000b184 (0x009e0833) add     a6, t3, s1
core   0: 3 0x8000b184 (0x009e0833) x16 0xfffffb31
core   0: 0x8000b188 (0x0213db33) divu    s6, t2, ra
core   0: 3 0x8000b188 (0x0213db33) x22 0x00000615
core   0: 0x8000b18c (0x01a47563) bgeu    s0, s10, pc + 10
core   0: 3 0x8000b18c (0x01a47563)
core   0: 0x8000b196 (0x0000423d) c.li    tp, 15
core   0: 3 0x8000b196 (0x423d) x4  0x0000000f
core   0: 0x8000b198 (0x01cc3733) sltu    a4, s8, t3
core   0: 3 0x8000b198 (0x01cc3733) x14 0x00000000
core   0: 0x8000b19c (0x00006769) c.lui   a4, 0x1a
core   0: 3 0x8000b19c (0x6769) x14 0x0001a000
core   0: 0x8000b19e (0xe3102893) slti    a7, zero, -463
core   0: 3 0x8000b19e (0xe3102893) x17 0x00000000
core   0: 0x8000b1a2 (0x0000c69d) c.beqz  a3, pc + 46
core   0: 3 0x8000b1a2 (0xc69d)
core   0: 0x8000b1a4 (0x02083333) mulhu   t1, a6, zero
core   0: 3 0x8000b1a4 (0x02083333) x6  0x00000000
core   0: 0x8000b1a8 (0x4054d093) srai    ra, s1, 5
core   0: 3 0x8000b1a8 (0x4054d093) x1  0x00000000
core   0: 0x8000b1ac (0x03f6cd63) blt     a3, t6, pc + 58
core   0: 3 0x8000b1ac (0x03f6cd63)
core   0: 0x8000b1b0 (0x00000b98) c.addi4spn a4, sp, 464
core   0: 3 0x8000b1b0 (0x0b98) x14 0x0000c1eb
core   0: 0x8000b1b2 (0x0000ea01) c.bnez  a2, pc + 16
core   0: 3 0x8000b1b2 (0xea01)
core   0: 0x8000b1b4 (0x00006125) c.addi16sp sp, 96
core   0: 3 0x8000b1b4 (0x6125) x2  0x0000c07b
core   0: 0x8000b1b6 (0x0000988e) c.add   a7, gp
core   0: 3 0x8000b1b6 (0x988e) x17 0x000007e1
core   0: 0x8000b1b8 (0x014085b3) add     a1, ra, s4
core   0: 3 0x8000b1b8 (0x014085b3) x11 0x00000000
core   0: 0x8000b1bc (0x00000001) c.nop
core   0: 3 0x8000b1bc (0x0001)
core   0: 0x8000b1be (0x0399f663) bgeu    s3, s9, pc + 44
core   0: 3 0x8000b1be (0x0399f663)
core   0: 0x8000b1ea (0x000086ad) c.srai  a3, 11
core   0: 3 0x8000b1ea (0x86ad) x13 0xffffffff
core   0: 0x8000b1ec (0x004ba783) lw      a5, 4(s7)
core   0: 3 0x8000b1ec (0x004ba783) x15 0x800089b4 mem 0x80025e2c
core   0: 0x8000b1f0 (0x00008ee1) c.and   a3, s0
core   0: 3 0x8000b1f0 (0x8ee1) x13 0x00000001
core   0: 0x8000b1f2 (0x00000001) c.nop
core   0: 3 0x8000b1f2 (0x0001)
core   0: 0x8000b1f4 (0x00000be1) c.addi  s7, 24
core   0: 3 0x8000b1f4 (0x0be1) x23 0x80025e40
core   0: 0x8000b1f6 (0x01f94633) xor     a2, s2, t6
core   0: 3 0x8000b1f6 (0x01f94633) x12 0xc9029d24
core   0: 0x8000b1fa (0x00078a13) mv      s4, a5
core   0: 3 0x8000b1fa (0x00078a13) x20 0x800089b4
core   0: 0x8000b1fe (0x00008a02) c.jr    s4
core   0: 3 0x8000b1fe (0x8a02)
core   0: 0x800089b4 (0x00014c97) auipc   s9, 0x14
core   0: 3 0x800089b4 (0x00014c97) x25 0x8001c9b4
core   0: 0x800089b8 (0x790c8c93) addi    s9, s9, 1936
core   0: 3 0x800089b8 (0x790c8c93) x25 0x8001d144
core   0: 0x800089bc (0xf99cc003) lbu     zero, -103(s9)
core   0: 3 0x800089bc (0xf99cc003) mem 0x8001d0dd
core   0: 0x800089c0 (0x033cc683) lbu     a3, 51(s9)
core   0: 3 0x800089c0 (0x033cc683) x13 0x0000002c mem 0x8001d177
core   0: 0x800089c4 (0x736694b7) lui     s1, 0x73669
core   0: 3 0x800089c4 (0x736694b7) x9  0x73669000
core   0: 0x800089c8 (0x0dac9b03) lh      s6, 218(s9)
core   0: 3 0x800089c8 (0x0dac9b03) x22 0xffffd4d5 mem 0x8001d21e
core   0: 0x800089cc (0x000018fd) c.addi  a7, -1
core   0: 3 0x800089cc (0x18fd) x17 0x000007e0
core   0: 0x800089ce (0x03710433) mul     s0, sp, s7
core   0: 3 0x800089ce (0x03710433) x8  0x47d348c0
core   0: 0x800089d2 (0x039513b3) mulh    t2, a0, s9
core   0: 3 0x800089d2 (0x039513b3) x7  0xffffffff
core   0: 0x800089d6 (0xfb3e3c13) sltiu   s8, t3, -77
core   0: 3 0x800089d6 (0xfb3e3c13) x24 0x00000001
core   0: 0x800089da (0x00000872) c.slli  a6, 28
core   0: 3 0x800089da (0x0872) x16 0x10000000
core   0: 0x800089dc (0x340bf173) csrrci  sp, mscratch, 23
core   0: 3 0x800089dc (0x340bf173) x2  0x0000c01a c832_mscratch 0x0000c008
core   0: 0x800089e0 (0x000e5693) srli    a3, t3, 0
core   0: 3 0x800089e0 (0x000e5693) x13 0xfffffb24
core   0: 0x800089e4 (0x080cd103) lhu     sp, 128(s9)
core   0: 3 0x800089e4 (0x080cd103) x2  0x00007e7f mem 0x8001d1c4
core   0: 0x800089e8 (0x00000001) c.nop
core   0: 3 0x800089e8 (0x0001)
core   0: 0x800089ea (0x0000610d) c.addi16sp sp, 160
core   0: 3 0x800089ea (0x610d) x2  0x00007f1f
core   0: 0x800089ec (0x0000663d) c.lui   a2, 0xf
core   0: 3 0x800089ec (0x663d) x12 0x0000f000
core   0: 0x800089ee (0x0000892d) c.andi  a0, 11
core   0: 3 0x800089ee (0x892d) x10 0x00000001
core   0: 0x800089f0 (0xff2c8d23) sb      s2, -6(s9)
core   0: 3 0x800089f0 (0xff2c8d23) mem 0x8001d13e 0x00
core   0: 0x800089f4 (0xf22ca223) sw      sp, -220(s9)
core   0: 3 0x800089f4 (0xf22ca223) mem 0x8001d068 0x00007f1f
core   0: 0x800089f8 (0xf7fc82a3) sb      t6, -155(s9)
core   0: 3 0x800089f8 (0xf7fc82a3) mem 0x8001d0a9 0x24
core   0: 0x800089fc (0xf2bc9a23) sh      a1, -204(s9)
core   0: 3 0x800089fc (0xf2bc9a23) mem 0x8001d078 0x0000
core   0: 0x80008a00 (0x0f7c8603) lb      a2, 247(s9)
core   0: 3 0x80008a00 (0x0f7c8603) x12 0xfffffff0 mem 0x8001d23b
core   0: 0x80008a04 (0x340034f3) csrrc   s1, mscratch, zero
core   0: 3 0x80008a04 (0x340034f3) x9  0x0000c008
core   0: 0x80008a08 (0xf82c8da3) sb      sp, -101(s9)
core   0: 3 0x80008a08 (0xf82c8da3) mem 0x8001d0df 0x1f
core   0: 0x80008a0c (0x0ff0000f) fence   iorw,iorw
core   0: 3 0x80008a0c (0x0ff0000f)
core   0: 0x80008a10 (0x01472833) slt     a6, a4, s4
core   0: 3 0x80008a10 (0x01472833) x16 0x00000000
core   0: 0x80008a14 (0x34099473) csrrw   s0, mscratch, s3
core   0: 3 0x80008a14 (0x34099473) x8  0x0000c008 c832_mscratch 0x0000c01b
core   0: 0x80008a18 (0x0000613d) c.addi16sp sp, 480
core   0: 3 0x80008a18 (0x613d) x2  0x000080ff
core   0: 0x80008a1a (0x02fe0c63) beq     t3, a5, pc + 56
core   0: 3 0x80008a1a (0x02fe0c63)
core   0: 0x80008a1e (0x0000100f) fence.i
core   0: 3 0x80008a1e (0x0000100f)
core   0: 0x80008a22 (0x00008e25) c.xor   a2, s1
core   0: 3 0x80008a22 (0x8e25) x12 0xffff3ff8
core   0: 0x80008a24 (0x0000c691) c.beqz  a3, pc + 12
core   0: 3 0x80008a24 (0xc691)
core   0: 0x80008a26 (0x0265b0b3) mulhu   ra, a1, t1
core   0: 3 0x80008a26 (0x0265b0b3) x1  0x00000000
core   0: 0x80008a2a (0x00008dcd) c.or    a1, a1
core   0: 3 0x80008a2a (0x8dcd) x11 0x00000000
core   0: 0x80008a2c (0x1066d917) auipc   s2, 0x1066d
core   0: 3 0x80008a2c (0x1066d917) x18 0x90675a2c
core   0: 0x80008a30 (0x000083ad) c.srli  a5, 11
core   0: 3 0x80008a30 (0x83ad) x15 0x00100011
core   0: 0x80008a32 (0x4f45f793) andi    a5, a1, 1268
core   0: 3 0x80008a32 (0x4f45f793) x15 0x00000000
core   0: 0x80008a36 (0x0000815e) c.mv    sp, s7
core   0: 3 0x80008a36 (0x815e) x2  0x80025e40
core   0: 0x80008a38 (0x3404b873) csrrc   a6, mscratch, s1
core   0: 3 0x80008a38 (0x3404b873) x16 0x0000c01b c832_mscratch 0x00000013
core   0: 0x80008a3c (0x0000100f) fence.i
core   0: 3 0x80008a3c (0x0000100f)
core   0: 0x80008a40 (0x0000717d) c.addi16sp sp, -16
core   0: 3 0x80008a40 (0x717d) x2  0x80025e30
core   0: 0x80008a42 (0x00008f19) c.sub   a4, a4
core   0: 3 0x80008a42 (0x8f19) x14 0x00000000
core   0: 0x80008a44 (0x004bc8b3) xor     a7, s7, tp
core   0: 3 0x80008a44 (0x004bc8b3) x17 0x80025e4f
core   0: 0x80008a48 (0x34075773) csrrwi  a4, mscratch, 14
core   0: 3 0x80008a48 (0x34075773) x14 0x00000013 c832_mscratch 0x0000000e
core   0: 0x80008a4c (0x00006a65) c.lui   s4, 0x19
core   0: 3 0x80008a4c (0x6a65) x20 0x00019000
core   0: 0x80008a4e (0x000057fd) c.li    a5, -1
core   0: 3 0x80008a4e (0x57fd) x15 0xffffffff
core   0: 0x80008a50 (0x000084d1) c.srai  s1, 20
core   0: 3 0x80008a50 (0x84d1) x9  0x00000000
core   0: 0x80008a52 (0x014af533) and     a0, s5, s4
core   0: 3 0x80008a52 (0x014af533) x10 0x00011000
core   0: 0x80008a56 (0x01069713) slli    a4, a3, 16
core   0: 3 0x80008a56 (0x01069713) x14 0xfb240000
core   0: 0x80008a5a (0x01180533) add     a0, a6, a7
core   0: 3 0x80008a5a (0x01180533) x10 0x80031e6a
core   0: 0x80008a5e (0x00008e71) c.and   a2, a2
core   0: 3 0x80008a5e (0x8e71) x12 0xffff3ff8
core   0: 0x80008a60 (0x00954f63) blt     a0, s1, pc + 30
core   0: 3 0x80008a60 (0x00954f63)
core   0: 0x80008a7e (0x000084cd) c.srai  s1, 19
core   0: 3 0x80008a7e (0x84cd) x9  0x00000000
core   0: 0x80008a80 (0x0000717d) c.addi16sp sp, -16
core   0: 3 0x80008a80 (0x717d) x2  0x80025e20
core   0: 0x80008a82 (0x00006121) c.addi16sp sp, 64
core   0: 3 0x80008a82 (0x6121) x2  0x80025e60
core   0: 0x80008a84 (0x0000c615) c.beqz  a2, pc + 44
core   0: 3 0x80008a84 (0xc615)
core   0: 0x80008a86 (0x00c4dd13) srli    s10, s1, 12
core   0: 3 0x80008a86 (0x00c4dd13) x26 0x00000000
core   0: 0x80008a8a (0x00008ff1) c.and   a5, a2
core   0: 3 0x80008a8a (0x8ff1) x15 0xffff3ff8
core   0: 0x80008a8c (0x000084c5) c.srai  s1, 17
core   0: 3 0x80008a8c (0x84c5) x9  0x00000000
core   0: 0x80008a8e (0x0000717d) c.addi16sp sp, -16
core   0: 3 0x80008a8e (0x717d) x2  0x80025e50
core   0: 0x80008a90 (0x00000479) c.addi  s0, 30
core   0: 3 0x80008a90 (0x0479) x8  0x0000c026
core   0: 0x80008a92 (0x010af133) and     sp, s5, a6
core   0: 3 0x80008a92 (0x010af133) x2  0x0000001a
core   0: 0x80008a96 (0x00008419) c.srai  s0, 6
core   0: 3 0x80008a96 (0x8419) x8  0x00000300
core   0: 0x80008a98 (0x03b30a63) beq     t1, s11, pc + 52
core   0: 3 0x80008a98 (0x03b30a63)
core   0: 0x80008a9c (0x00000342) c.slli  t1, 16
core   0: 3 0x80008a9c (0x0342) x6  0x00000000
core   0: 0x80008a9e (0x34003673) csrrc   a2, mscratch, zero
core   0: 3 0x80008a9e (0x34003673) x12 0x0000000e
core   0: 0x80008aa2 (0x34023173) csrrc   sp, mscratch, tp
core   0: 3 0x80008aa2 (0x34023173) x2  0x0000000e c832_mscratch 0x00000000
core   0: 0x80008aa6 (0x002704b3) add     s1, a4, sp
core   0: 3 0x80008aa6 (0x002704b3) x9  0xfb24000e
core   0: 0x80008aaa (0x00008545) c.srai  a0, 17
core   0: 3 0x80008aaa (0x8545) x10 0xffffc001
core   0: 0x80008aac (0x039c1633) mulh    a2, s8, s9
core   0: 3 0x80008aac (0x039c1633) x12 0xffffffff
core   0: 0x80008ab0 (0x00008422) c.mv    s0, s0
core   0: 3 0x80008ab0 (0x8422) x8  0x00000300
core   0: 0x80008ab2 (0x0259eeb3) rem     t4, s3, t0
core   0: 3 0x80008ab2 (0x0259eeb3) x29 0x0000c01b
core   0: 0x80008ab6 (0x00000001) c.nop
core   0: 3 0x80008ab6 (0x0001)
core   0: 0x80008ab8 (0x0000960e) c.add   a2, gp
core   0: 3 0x80008ab8 (0x960e) x12 0x000007e0
core   0: 0x80008aba (0x00000001) c.nop
core   0: 3 0x80008aba (0x0001)
core   0: 0x80008abc (0x0000c705) c.beqz  a4, pc + 40
core   0: 3 0x80008abc (0xc705)
core   0: 0x80008abe (0x03335b33) divu    s6, t1, s3
core   0: 3 0x80008abe (0x03335b33) x22 0x00000000
core   0: 0x80008ac2 (0x340d6073) csrsi   mscratch, 26
core   0: 3 0x80008ac2 (0x340d6073) c832_mscratch 0x0000001a
core   0: 0x80008ac6 (0x02055133) divu    sp, a0, zero
core   0: 3 0x80008ac6 (0x02055133) x2  0xffffffff
core   0: 0x80008aca (0x000000aa) c.slli  ra, 10
core   0: 3 0x80008aca (0x00aa) x1  0x00000000
core   0: 0x80008acc (0x34075b73) csrrwi  s6, mscratch, 14
core   0: 3 0x80008acc (0x34075b73) x22 0x0000001a c832_mscratch 0x0000000e
core   0: 0x80008ad0 (0x02713a33) mulhu   s4, sp, t2
core   0: 3 0x80008ad0 (0x02713a33) x20 0xfffffffe
core   0: 0x80008ad4 (0x00a8c533) xor     a0, a7, a0
core   0: 3 0x80008ad4 (0x00a8c533) x10 0x7ffd9e4e
core   0: 0x80008ad8 (0x26ae3d13) sltiu   s10, t3, 618
core   0: 3 0x80008ad8 (0x26ae3d13) x26 0x00000000
core   0: 0x80008adc (0x03751a63) bne     a0, s7, pc + 52
core   0: 3 0x80008adc (0x03751a63)
core   0: 0x80008b10 (0x01ebccb3) xor     s9, s7, t5
core   0: 3 0x80008b10 (0x01ebccb3) x25 0x0000c364
core   0: 0x80008b14 (0x34006e73) csrrsi  t3, mscratch, 0
core   0: 3 0x80008b14 (0x34006e73) x28 0x0000000e
core   0: 0x80008b18 (0x3403d373) csrrwi  t1, mscratch, 7
core   0: 3 0x80008b18 (0x3403d373) x6  0x0000000e c832_mscratch 0x00000007
core   0: 0x80008b1c (0xf171e513) ori     a0, gp, -233
core   0: 3 0x80008b1c (0xf171e513) x10 0xfffffff7
core   0: 0x80008b20 (0x0019a3b3) slt     t2, s3, ra
core   0: 3 0x80008b20 (0x0019a3b3) x7  0x00000000
core   0: 0x80008b24 (0x2a5ecd13) xori    s10, t4, 677
core   0: 3 0x80008b24 (0x2a5ecd13) x26 0x0000c2be
core   0: 0x80008b28 (0x02bf9ab3) mulh    s5, t6, a1
core   0: 3 0x80008b28 (0x02bf9ab3) x21 0x00000000
core   0: 0x80008b2c (0x025fdd63) bge     t6, t0, pc + 58
core   0: 3 0x80008b2c (0x025fdd63)
core   0: 0x80008b30 (0x003f5013) srli    zero, t5, 3
core   0: 3 0x80008b30 (0x003f5013)
core   0: 0x80008b34 (0x016e9f93) slli    t6, t4, 22
core   0: 3 0x80008b34 (0x016e9f93) x31 0x06c00000
core   0: 0x80008b38 (0x340ef8f3) csrrci  a7, mscratch, 29
core   0: 3 0x80008b38 (0x340ef8f3) x17 0x00000007 c832_mscratch 0x00000002
core   0: 0x80008b3c (0xdd73aa13) slti    s4, t2, -553
core   0: 3 0x80008b3c (0xdd73aa13) x20 0x00000000
core   0: 0x80008b40 (0x0347b933) mulhu   s2, a5, s4
core   0: 3 0x80008b40 (0x0347b933) x18 0x00000000
core   0: 0x80008b44 (0x01195193) srli    gp, s2, 17
core   0: 3 0x80008b44 (0x01195193) x3  0x00000000
core   0: 0x80008b48 (0x0000898d) c.andi  a1, 3
core   0: 3 0x80008b48 (0x898d) x11 0x00000000
core   0: 0x80008b4a (0x0356f8b3) remu    a7, a3, s5
core   0: 3 0x80008b4a (0x0356f8b3) x17 0xfffffb24
core   0: 0x80008b4e (0x05200163) beq     zero, s2, pc + 66
core   0: 3 0x80008b4e (0x05200163)
core   0: 0x80008b90 (0x0ff0000f) fence   iorw,iorw
core   0: 3 0x80008b90 (0x0ff0000f)
core   0: 0x80008b94 (0x027e5363) bge     t3, t2, pc + 38
core   0: 3 0x80008b94 (0x027e5363)
core   0: 0x80008bba (0xfa8b7313) andi    t1, s6, -88
core   0: 3 0x80008bba (0xfa8b7313) x6  0x00000008
core   0: 0x80008bbe (0x02000c33) mul     s8, zero, zero
core   0: 3 0x80008bbe (0x02000c33) x24 0x00000000
core   0: 0x80008bc2 (0x01211e93) slli    t4, sp, 18
core   0: 3 0x80008bc2 (0x01211e93) x29 0xfffc0000
core   0: 0x80008bc6 (0x004ba783) lw      a5, 4(s7)
core   0: 3 0x80008bc6 (0x004ba783) x15 0x800081ce mem 0x80025e44
core   0: 0x80008bca (0x00006575) c.lui   a0, 0x1d
core   0: 3 0x80008bca (0x6575) x10 0x0001d000
core   0: 0x80008bcc (0x00469b13) slli    s6, a3, 4
core   0: 3 0x80008bcc (0x00469b13) x22 0xffffb240
core   0: 0x80008bd0 (0x3f6e0c93) addi    s9, t3, 1014
core   0: 3 0x80008bd0 (0x3f6e0c93) x25 0x00000404
core   0: 0x80008bd4 (0x0174f0b3) and     ra, s1, s7
core   0: 3 0x80008bd4 (0x0174f0b3) x1  0x80000000
core   0: 0x80008bd8 (0x028b8b93) addi    s7, s7, 40
core   0: 3 0x80008bd8 (0x028b8b93) x23 0x80025e68
core   0: 0x80008bdc (0x00000d18) c.addi4spn a4, sp, 656
core   0: 3 0x80008bdc (0x0d18) x14 0x0000028f
core   0: 0x80008bde (0x019249b3) xor     s3, tp, s9
core   0: 3 0x80008bde (0x019249b3) x19 0x0000040b
core   0: 0x80008be2 (0x00001a04) c.addi4spn s1, sp, 304
core   0: 3 0x80008be2 (0x1a04) x9  0x0000012f
core   0: 0x80008be4 (0x00178593) addi    a1, a5, 1
core   0: 3 0x80008be4 (0x00178593) x11 0x800081cf
core   0: 0x80008be8 (0x000585e7) jalr    a1, a1, 0
core   0: 3 0x80008be8 (0x000585e7) x11 0x80008bec
core   0: 0x800081ce (0x00008d21) c.xor   a0, s0
core   0: 3 0x800081ce (0x8d21) x10 0x0001d300
core   0: 0x800081d0 (0x010b5313) srli    t1, s6, 16
core   0: 3 0x800081d0 (0x010b5313) x6  0x0000ffff
core   0: 0x800081d4 (0x340257f3) csrrwi  a5, mscratch, 4
core   0: 3 0x800081d4 (0x340257f3) x15 0x00000002 c832_mscratch 0x00000004
core   0: 0x800081d8 (0x01a96b33) or      s6, s2, s10
core   0: 3 0x800081d8 (0x01a96b33) x22 0x0000c2be
core   0: 0x800081dc (0x004ba783) lw      a5, 4(s7)
core   0: 3 0x800081dc (0x004ba783) x15 0x80004ecc mem 0x80025e6c
core   0: 0x800081e0 (0x03cb8b93) addi    s7, s7, 60
core   0: 3 0x800081e0 (0x03cb8b93) x23 0x80025ea4
core   0: 0x800081e4 (0x019aaab3) slt     s5, s5, s9
core   0: 3 0x800081e4 (0x019aaab3) x21 0x00000001
core   0: 0x800081e8 (0x03cec0b3) div     ra, t4, t3
core   0: 3 0x800081e8 (0x03cec0b3) x1  0xffffb6dc
core   0: 0x800081ec (0x00558033) add     zero, a1, t0
core   0: 3 0x800081ec (0x00558033)
core   0: 0x800081f0 (0x00078113) mv      sp, a5
core   0: 3 0x800081f0 (0x00078113) x2  0x80004ecc
core   0: 0x800081f4 (0x00009102) c.jalr  sp
core   0: 3 0x800081f4 (0x9102) x1  0x800081f6
core   0: 0x80004ecc (0x0275df63) bge     a1, t2, pc + 62
core   0: 3 0x80004ecc (0x0275df63)
core   0: 0x80004ed0 (0x000085c1) c.srai  a1, 16
core   0: 3 0x80004ed0 (0x85c1) x11 0xffff8000
core   0: 0x80004ed2 (0x019d1663) bne     s10, s9, pc + 12
core   0: 3 0x80004ed2 (0x019d1663)
core   0: 0x80004ede (0x00ea47b3) xor     a5, s4, a4
core   0: 3 0x80004ede (0x00ea47b3) x15 0x0000028f
core   0: 0x80004ee2 (0x017cdcb3) srl     s9, s9, s7
core   0: 3 0x80004ee2 (0x017cdcb3) x25 0x00000040
core   0: 0x80004ee6 (0x5e36e397) auipc   t2, 0x5e36e
core   0: 3 0x80004ee6 (0x5e36e397) x7  0xde372ee6
core   0: 0x80004eea (0x3b9e59b7) lui     s3, 0x3b9e5
core   0: 3 0x80004eea (0x3b9e59b7) x19 0x3b9e5000
core   0: 0x80004eee (0x03cd4863) blt     s10, t3, pc + 48
core   0: 3 0x80004eee (0x03cd4863)
core   0: 0x80004ef2 (0x0000e819) c.bnez  s0, pc + 22
core   0: 3 0x80004ef2 (0xe819)
core   0: 0x80004f08 (0x00008f45) c.or    a4, s1
core   0: 3 0x80004f08 (0x8f45) x14 0x000003af
core   0: 0x80004f0a (0x0063a1b3) slt     gp, t2, t1
core   0: 3 0x80004f0a (0x0063a1b3) x3  0x00000001
core   0: 0x80004f0e (0x0000e205) c.bnez  a2, pc + 32
core   0: 3 0x80004f0e (0xe205)
core   0: 0x80004f2e (0xcd4dc493) xori    s1, s11, -812
core   0: 3 0x80004f2e (0xcd4dc493) x9  0x0000032b
core   0: 0x80004f32 (0x340998f3) csrrw   a7, mscratch, s3
core   0: 3 0x80004f32 (0x340998f3) x17 0x00000004 c832_mscratch 0x3b9e5000
core   0: 0x80004f36 (0x02774fb3) div     t6, a4, t2
core   0: 3 0x80004f36 (0x02774fb3) x31 0x00000000
core   0: 0x80004f3a (0x00006c09) c.lui   s8, 0x2
core   0: 3 0x80004f3a (0x6c09) x24 0x00002000
core   0: 0x80004f3c (0x00000001) c.nop
core   0: 3 0x80004f3c (0x0001)
core   0: 0x80004f3e (0x00000001) c.nop
core   0: 3 0x80004f3e (0x0001)
core   0: 0x80004f40 (0x4165d1b3) sra     gp, a1, s6
core   0: 3 0x80004f40 (0x4165d1b3) x3  0xffffffff
core   0: 0x80004f44 (0x01e23ab3) sltu    s5, tp, t5
core   0: 3 0x80004f44 (0x01e23ab3) x21 0x00000001
core   0: 0x80004f48 (0x34066873) csrrsi  a6, mscratch, 12
core   0: 3 0x80004f48 (0x34066873) x16 0x3b9e5000 c832_mscratch 0x3b9e500c
core   0: 0x80004f4c (0xae737813) andi    a6, t1, -1305
core   0: 3 0x80004f4c (0xae737813) x16 0x0000fae7
core   0: 0x80004f50 (0x00001290) c.addi4spn a2, sp, 352
core   0: 3 0x80004f50 (0x1290) x12 0x8000502c
core   0: 0x80004f52 (0x0050bcb3) sltu    s9, ra, t0
core   0: 3 0x80004f52 (0x0050bcb3) x25 0x00000001
core   0: 0x80004f56 (0x015141b3) xor     gp, sp, s5
core   0: 3 0x80004f56 (0x015141b3) x3  0x80004ecd
core   0: 0x80004f5a (0x00a4df93) srli    t6, s1, 10
core   0: 3 0x80004f5a (0x00a4df93) x31 0x00000000
core   0: 0x80004f5e (0x02944133) div     sp, s0, s1
core   0: 3 0x80004f5e (0x02944133) x2  0x00000000
core   0: 0x80004f62 (0x34082a73) csrrs   s4, mscratch, a6
core   0: 3 0x80004f62 (0x34082a73) x20 0x3b9e500c c832_mscratch 0x3b9efaef
core   0: 0x80004f66 (0x404556b3) sra     a3, a0, tp
core   0: 3 0x80004f66 (0x404556b3) x13 0x00000003
core   0: 0x80004f6a (0x036cdb33) divu    s6, s9, s6
core   0: 3 0x80004f6a (0x036cdb33) x22 0x00000000
core   0: 0x80004f6e (0x00001b04) c.addi4spn s1, sp, 432
core   0: 3 0x80004f6e (0x1b04) x9  0x000001b0
core   0: 0x80004f70 (0x00000001) c.nop
core   0: 3 0x80004f70 (0x0001)
core   0: 0x80004f72 (0x0000631d) c.lui   t1, 0x7
core   0: 3 0x80004f72 (0x631d) x6  0x00007000
core   0: 0x80004f74 (0x0ff0000f) fence   iorw,iorw
core   0: 3 0x80004f74 (0x0ff0000f)
core   0: 0x80004f78 (0x3409d7f3) csrrwi  a5, mscratch, 19
core   0: 3 0x80004f78 (0x3409d7f3) x15 0x3b9efaef c832_mscratch 0x00000013
core   0: 0x80004f7c (0x011f3333) sltu    t1, t5, a7
core   0: 3 0x80004f7c (0x011f3333) x6  0x00000000
core   0: 0x80004f80 (0x00004111) c.li    sp, 4
core   0: 3 0x80004f80 (0x4111) x2  0x00000004
core   0: 0x80004f82 (0x0000038a) c.slli  t2, 2
core   0: 3 0x80004f82 (0x038a) x7  0x78dcbb98
core   0: 0x80004f84 (0x019f0733) add     a4, t5, s9
core   0: 3 0x80004f84 (0x019f0733) x14 0x80029d25
core   0: 0x80004f88 (0x34003473) csrrc   s0, mscratch, zero
core   0: 3 0x80004f88 (0x34003473) x8  0x00000013
core   0: 0x80004f8c (0x00008a8e) c.mv    s5, gp
core   0: 3 0x80004f8c (0x8a8e) x21 0x80004ecd
core   0: 0x80004f8e (0x0000717d) c.addi16sp sp, -16
core   0: 3 0x80004f8e (0x717d) x2  0xfffffff4
core   0: 0x80004f90 (0x0000100f) fence.i
core   0: 3 0x80004f90 (0x0000100f)
core   0: 0x80004f94 (0xdbb9ac37) lui     s8, 0xdbb9a
core   0: 3 0x80004f94 (0xdbb9ac37) x24 0xdbb9a000
core   0: 0x80004f98 (0x340058f3) csrrwi  a7, mscratch, 0
core   0: 3 0x80004f98 (0x340058f3) x17 0x00000013 c832_mscratch 0x00000000
core   0: 0x80004f9c (0x00008ea9) c.xor   a3, a0
core   0: 3 0x80004f9c (0x8ea9) x13 0x0001d303
core   0: 0x80004f9e (0x41b35213) srai    tp, t1, 27
core   0: 3 0x80004f9e (0x41b35213) x4  0x00000000
core   0: 0x80004fa2 (0x00e47533) and     a0, s0, a4
core   0: 3 0x80004fa2 (0x00e47533) x10 0x00000001
core   0: 0x80004fa6 (0x34002073) csrr    zero, mscratch
core   0: 3 0x80004fa6 (0x34002073)
core   0: 0x80004faa (0x01e899b3) sll     s3, a7, t5
core   0: 3 0x80004faa (0x01e899b3) x19 0x00000130
core   0: 0x80004fae (0x00006859) c.lui   a6, 0x16
core   0: 3 0x80004fae (0x6859) x16 0x00016000
core   0: 0x80004fb0 (0x0000869d) c.srai  a3, 7
core   0: 3 0x80004fb0 (0x869d) x13 0x000003a6
core   0: 0x80004fb2 (0x0000035a) c.slli  t1, 22
core   0: 3 0x80004fb2 (0x035a) x6  0x00000000
core   0: 0x80004fb4 (0x00008c4d) c.or    s0, a1
core   0: 3 0x80004fb4 (0x8c4d) x8  0xffff8013
core   0: 0x80004fb6 (0x01793eb3) sltu    t4, s2, s7
core   0: 3 0x80004fb6 (0x01793eb3) x29 0x00000001
core   0: 0x80004fba (0x000067e5) c.lui   a5, 0x19
core   0: 3 0x80004fba (0x67e5) x15 0x00019000
core   0: 0x80004fbc (0x0000717d) c.addi16sp sp, -16
core   0: 3 0x80004fbc (0x717d) x2  0xffffffe4
core   0: 0x80004fbe (0x0000884e) c.mv    a6, s3
core   0: 3 0x80004fbe (0x884e) x16 0x00000130
core   0: 0x80004fc0 (0x41b0dd33) sra     s10, ra, s11
core   0: 3 0x80004fc0 (0x41b0dd33) x26 0xffffffff
core   0: 0x80004fc4 (0x41b08cb3) sub     s9, ra, s11
core   0: 3 0x80004fc4 (0x41b08cb3) x25 0x800081f7
core   0: 0x80004fc8 (0x0000717d) c.addi16sp sp, -16
core   0: 3 0x80004fc8 (0x717d) x2  0xffffffd4
core   0: 0x80004fca (0x038447b3) div     a5, s0, s8
core   0: 3 0x80004fca (0x038447b3) x15 0x00000000
core   0: 0x80004fce (0x0000177d) c.addi  a4, -1
core   0: 3 0x80004fce (0x177d) x14 0x80029d24
core   0: 0x80004fd0 (0x02f94e33) div     t3, s2, a5
core   0: 3 0x80004fd0 (0x02f94e33) x28 0xffffffff
core   0: 0x80004fd4 (0x34007d73) csrrci  s10, mscratch, 0
core   0: 3 0x80004fd4 (0x34007d73) x26 0x00000000
core   0: 0x80004fd8 (0x02e76ab3) rem     s5, a4, a4
core   0: 3 0x80004fd8 (0x02e76ab3) x21 0x00000000
core   0: 0x80004fdc (0x0000100f) fence.i
core   0: 3 0x80004fdc (0x0000100f)
core   0: 0x80004fe0 (0x8418e493) ori     s1, a7, -1983
core   0: 3 0x80004fe0 (0x8418e493) x9  0xfffff853
core   0: 0x80004fe4 (0x00000341) c.addi  t1, 16
core   0: 3 0x80004fe4 (0x0341) x6  0x00000010
core   0: 0x80004fe6 (0x10547813) andi    a6, s0, 261
core   0: 3 0x80004fe6 (0x10547813) x16 0x00000001
core   0: 0x80004fea (0x0012df93) srli    t6, t0, 1
core   0: 3 0x80004fea (0x0012df93) x31 0x7abec505
core   0: 0x80004fee (0xf3150613) addi    a2, a0, -207
core   0: 3 0x80004fee (0xf3150613) x12 0xffffff32
core   0: 0x80004ff2 (0x00008e81) c.sub   a3, s0
core   0: 3 0x80004ff2 (0x8e81) x13 0x00008393
core   0: 0x80004ff4 (0x000098fd) c.andi  s1, -1
core   0: 3 0x80004ff4 (0x98fd) x9  0xfffff853
core   0: 0x80004ff6 (0x00008c8d) c.sub   s1, a1
core   0: 3 0x80004ff6 (0x8c8d) x9  0x00007853
core   0: 0x80004ff8 (0x00000001) c.nop
core   0: 3 0x80004ff8 (0x0001)
core   0: 0x80004ffa (0x0250b233) mulhu   tp, ra, t0
core   0: 3 0x80004ffa (0x0250b233) x4  0x7abf41a5
core   0: 0x80004ffe (0x01b7ff63) bgeu    a5, s11, pc + 30
core   0: 3 0x80004ffe (0x01b7ff63)
core   0: 0x80005002 (0x0044f433) and     s0, s1, tp
core   0: 3 0x80005002 (0x0044f433) x8  0x00004001
core   0: 0x80005006 (0x76c23d13) sltiu   s10, tp, 1900
core   0: 3 0x80005006 (0x76c23d13) x26 0x00000000
core   0: 0x8000500a (0x000091fe) c.add   gp, t6
core   0: 3 0x8000500a (0x91fe) x3  0xfabf13d2
core   0: 0x8000500c (0x0000874e) c.mv    a4, s3
core   0: 3 0x8000500c (0x874e) x14 0x00000130
core   0: 0x8000500e (0x037c7fb3) remu    t6, s8, s7
core   0: 3 0x8000500e (0x037c7fb3) x31 0x5bb7415c
core   0: 0x80005012 (0x016d26b3) slt     a3, s10, s6
core   0: 3 0x80005012 (0x016d26b3) x13 0x00000000
core   0: 0x80005016 (0x00008e55) c.or    a2, a3
core   0: 3 0x80005016 (0x8e55) x12 0xffffff32
core   0: 0x80005018 (0x01f588b3) add     a7, a1, t6
core   0: 3 0x80005018 (0x01f588b3) x17 0x5bb6c15c
core   0: 0x8000501c (0x00008409) c.srai  s0, 2
core   0: 3 0x8000501c (0x8409) x8  0x00001000
core   0: 0x8000501e (0x01602233) slt     tp, zero, s6
core   0: 3 0x8000501e (0x01602233) x4  0x00000000
core   0: 0x80005022 (0x019a9a63) bne     s5, s9, pc + 20
core   0: 3 0x80005022 (0x019a9a63)
core   0: 0x80005036 (0x034b6063) bltu    s6, s4, pc + 32
core   0: 3 0x80005036 (0x034b6063)
core   0: 0x80005056 (0x03149c33) mulh    s8, s1, a7
core   0: 3 0x80005056 (0x03149c33) x24 0x00002b1b
core   0: 0x8000505a (0x00484e63) blt     a6, tp, pc + 28
core   0: 3 0x8000505a (0x00484e63)
core   0: 0x8000505e (0x000e2933) slt     s2, t3, zero
core   0: 3 0x8000505e (0x000e2933) x18 0x00000001
core   0: 0x80005062 (0x0000611d) c.addi16sp sp, 416
core   0: 3 0x80005062 (0x611d) x2  0x00000174
core   0: 0x80005064 (0x34002973) csrr    s2, mscratch
core   0: 3 0x80005064 (0x34002973) x18 0x00000000
core   0: 0x80005068 (0x023cc963) blt     s9, gp, pc + 50
core   0: 3 0x80005068 (0x023cc963)
core   0: 0x8000509a (0x34023373) csrrc   t1, mscratch, tp
core   0: 3 0x8000509a (0x34023373) x6  0x00000000 c832_mscratch 0x00000000
core   0: 0x8000509e (0x017dbcb3) sltu    s9, s11, s7
core   0: 3 0x8000509e (0x017dbcb3) x25 0x00000000
core   0: 0x800050a2 (0x00006115) c.addi16sp sp, 288
core   0: 3 0x800050a2 (0x6115) x2  0x00000294
core   0: 0x800050a4 (0xf281fa93) andi    s5, gp, -216
core   0: 3 0x800050a4 (0xf281fa93) x21 0xfabf1300
core   0: 0x800050a8 (0x00008265) c.srli  a2, 25
core   0: 3 0x800050a8 (0x8265) x12 0x0000007f
core   0: 0x800050aa (0x03d01233) mulh    tp, zero, t4
core   0: 3 0x800050aa (0x03d01233) x4  0x00000000
core   0: 0x800050ae (0x018d95b3) sll     a1, s11, s8
core   0: 3 0x800050ae (0x018d95b3) x11 0xf8000000
core   0: 0x800050b2 (0x8a6d7413) andi    s0, s10, -1882
core   0: 3 0x800050b2 (0x8a6d7413) x8  0x00000000
core   0: 0x800050b6 (0x00210ab3) add     s5, sp, sp
core   0: 3 0x800050b6 (0x00210ab3) x21 0x00000528
core   0: 0x800050ba (0x00006d69) c.lui   s10, 0x1a
core   0: 3 0x800050ba (0x6d69) x26 0x0001a000
core   0: 0x800050bc (0x00000001) c.nop
core   0: 3 0x800050bc (0x0001)
core   0: 0x800050be (0x00559933) sll     s2, a1, t0
core   0: 3 0x800050be (0x00559933) x18 0x00000000
core   0: 0x800050c2 (0x34003573) csrrc   a0, mscratch, zero
core   0: 3 0x800050c2 (0x34003573) x10 0x00000000
core   0: 0x800050c6 (0x5c414813) xori    a6, sp, 1476
core   0: 3 0x800050c6 (0x5c414813) x16 0x00000750
core   0: 0x800050ca (0x020f3433) mulhu   s0, t5, zero
core   0: 3 0x800050ca (0x020f3433) x8  0x00000000
core   0: 0x800050ce (0x00001e10) c.addi4spn a2, sp, 816
core   0: 3 0x800050ce (0x1e10) x12 0x000005c4
core   0: 0x800050d0 (0x0000c705) c.beqz  a4, pc + 40
core   0: 3 0x800050d0 (0xc705)
core   0: 0x800050d2 (0x0000167d) c.addi  a2, -1
core   0: 3 0x800050d2 (0x167d) x12 0x000005c3
core   0: 0x800050d4 (0x01844d63) blt     s0, s8, pc + 26
core   0: 3 0x800050d4 (0x01844d63)
core   0: 0x800050ee (0x340696f3) csrrw   a3, mscratch, a3
core   0: 3 0x800050ee (0x340696f3) x13 0x00000000 c832_mscratch 0x00000000
core   0: 0x800050f2 (0x0000c199) c.beqz  a1, pc + 6
core   0: 3 0x800050f2 (0xc199)
core   0: 0x800050f4 (0x024a1763) bne     s4, tp, pc + 46
core   0: 3 0x800050f4 (0x024a1763)
core   0: 0x80005122 (0x00000001) c.nop
core   0: 3 0x80005122 (0x0001)
core   0: 0x80005124 (0x00006ad5) c.lui   s5, 0x15
core   0: 3 0x80005124 (0x6ad5) x21 0x00015000
core   0: 0x80005126 (0x02424733) div     a4, tp, tp
core   0: 3 0x80005126 (0x02424733) x14 0xffffffff
core   0: 0x8000512a (0x03a1c663) blt     gp, s10, pc + 44
core   0: 3 0x8000512a (0x03a1c663)
core   0: 0x80005156 (0x016fb233) sltu    tp, t6, s6
core   0: 3 0x80005156 (0x016fb233) x4  0x00000000
core   0: 0x8000515a (0x01cadeb3) srl     t4, s5, t3
core   0: 3 0x8000515a (0x01cadeb3) x29 0x00000000
core   0: 0x8000515e (0x00314ab3) xor     s5, sp, gp
core   0: 3 0x8000515e (0x00314ab3) x21 0xfabf1146
core   0: 0x80005162 (0x80f58093) addi    ra, a1, -2033
core   0: 3 0x80005162 (0x80f58093) x1  0xf7fff80f
core   0: 0x80005166 (0x489a6313) ori     t1, s4, 1161
core   0: 3 0x80005166 (0x489a6313) x6  0x3b9e548d
core   0: 0x8000516a (0x0383df63) bge     t2, s8, pc + 62
core   0: 3 0x8000516a (0x0383df63)
core   0: 0x800051a8 (0x00e43eb3) sltu    t4, s0, a4
core   0: 3 0x800051a8 (0x00e43eb3) x29 0x00000001
core   0: 0x800051ac (0x00005a7d) c.li    s4, -1
core   0: 3 0x800051ac (0x5a7d) x20 0xffffffff
core   0: 0x800051ae (0x00008ed5) c.or    a3, a3
core   0: 3 0x800051ae (0x8ed5) x13 0x00000000
core   0: 0x800051b0 (0x00008e41) c.or    a2, s0
core   0: 3 0x800051b0 (0x8e41) x12 0x000005c3
core   0: 0x800051b2 (0x340ad1f3) csrrwi  gp, mscratch, 21
core   0: 3 0x800051b2 (0x340ad1f3) x3  0x00000000 c832_mscratch 0x00000015
core   0: 0x800051b6 (0x00001f8c) c.addi4spn a1, sp, 1008
core   0: 3 0x800051b6 (0x1f8c) x11 0x00000684
core   0: 0x800051b8 (0x00000001) c.nop
core   0: 3 0x800051b8 (0x0001)
core   0: 0x800051ba (0x0000e595) c.bnez  a1, pc + 44
core   0: 3 0x800051ba (0xe595)
core   0: 0x800051e6 (0x14c26d37) lui     s10, 0x14c26
core   0: 3 0x800051e6 (0x14c26d37) x26 0x14c26000
core   0: 0x800051ea (0x340c1973) csrrw   s2, mscratch, s8
core   0: 3 0x800051ea (0x340c1973) x18 0x00000015 c832_mscratch 0x00002b1b
core   0: 0x800051ee (0x34019873) csrrw   a6, mscratch, gp
core   0: 3 0x800051ee (0x34019873) x16 0x00002b1b c832_mscratch 0x00000000
core   0: 0x800051f2 (0x007a25b3) slt     a1, s4, t2
core   0: 3 0x800051f2 (0x007a25b3) x11 0x00000001
core   0: 0x800051f6 (0x03e919b3) mulh    s3, s2, t5
core   0: 3 0x800051f6 (0x03e919b3) x19 0xfffffff5
core   0: 0x800051fa (0x016b46b3) xor     a3, s6, s6
core   0: 3 0x800051fa (0x016b46b3) x13 0x00000000
core   0: 0x800051fe (0x013f0833) add     a6, t5, s3
core   0: 3 0x800051fe (0x013f0833) x16 0x80029d19
core   0: 0x80005202 (0x03e63eb3) mulhu   t4, a2, t5
core   0: 3 0x80005202 (0x03e63eb3) x29 0x000002e1
core   0: 0x80005206 (0x00000346) c.slli  t1, 17
core   0: 3 0x80005206 (0x0346) x6  0xa91a0000
core   0: 0x80005208 (0x00008f31) c.xor   a4, a2
core   0: 3 0x80005208 (0x8f31) x14 0xfffffa3c
core   0: 0x8000520a (0x000081b5) c.srli  a1, 13
core   0: 3 0x8000520a (0x81b5) x11 0x00000000
core   0: 0x8000520c (0x0105b533) sltu    a0, a1, a6
core   0: 3 0x8000520c (0x0105b533) x10 0x00000001
core   0: 0x80005210 (0x00fc36b3) sltu    a3, s8, a5
core   0: 3 0x80005210 (0x00fc36b3) x13 0x00000000
core   0: 0x80005214 (0x00009afd) c.andi  a3, -1
core   0: 3 0x80005214 (0x9afd) x13 0x00000000
core   0: 0x80005216 (0x02b50c33) mul     s8, a0, a1
core   0: 3 0x80005216 (0x02b50c33) x24 0x00000000
core   0: 0x8000521a (0x00008ea9) c.xor   a3, a0
core   0: 3 0x8000521a (0x8ea9) x13 0x00000001
core   0: 0x8000521c (0x0000130c) c.addi4spn a1, sp, 416
core   0: 3 0x8000521c (0x130c) x11 0x00000434
core   0: 0x8000521e (0x00008f01) c.sub   a4, s0
core   0: 3 0x8000521e (0x8f01) x14 0xfffffa3c
core   0: 0x80005220 (0x40434793) xori    a5, t1, 1028
core   0: 3 0x80005220 (0x40434793) x15 0xa91a0404
core   0: 0x80005224 (0x02d14263) blt     sp, a3, pc + 36
core   0: 3 0x80005224 (0x02d14263)
core   0: 0x80005228 (0xa4d7b913) sltiu   s2, a5, -1459
core   0: 3 0x80005228 (0xa4d7b913) x18 0x00000001
core   0: 0x8000522c (0x0000187d) c.addi  a6, -1
core   0: 3 0x8000522c (0x187d) x16 0x80029d18
core   0: 0x8000522e (0x00008c16) c.mv    s8, t0
core   0: 3 0x8000522e (0x8c16) x24 0xf57d8a0a
core   0: 0x80005230 (0x0066c1b3) xor     gp, a3, t1
core   0: 3 0x80005230 (0x0066c1b3) x3  0xa91a0001
core   0: 0x80005234 (0x030f3eb3) mulhu   t4, t5, a6
core   0: 3 0x80005234 (0x030f3eb3) x29 0x40029d24
core   0: 0x80005238 (0x00008e75) c.and   a2, a3
core   0: 3 0x80005238 (0x8e75) x12 0x00000001
core   0: 0x8000523a (0x02350233) mul     tp, a0, gp
core   0: 3 0x8000523a (0x02350233) x4  0xa91a0001
core   0: 0x8000523e (0xa1180813) addi    a6, a6, -1519
core   0: 3 0x8000523e (0xa1180813) x16 0x80029729
core   0: 0x80005242 (0x00004dfd) c.li    s11, 31
core   0: 3 0x80005242 (0x4dfd) x27 0x0000001f
core   0: 0x80005244 (0x03703333) mulhu   t1, zero, s7
core   0: 3 0x80005244 (0x03703333) x6  0x00000000
core   0: 0x80005248 (0x340a5d73) csrrwi  s10, mscratch, 20
core   0: 3 0x80005248 (0x340a5d73) x26 0x00000000 c832_mscratch 0x00000014
core   0: 0x8000524c (0x0042efb3) or      t6, t0, tp
core   0: 3 0x8000524c (0x0042efb3) x31 0xfd7f8a0b
core   0: 0x80005250 (0x02ef4433) div     s0, t5, a4
core   0: 3 0x80005250 (0x02ef4433) x8  0x001632e2
core   0: 0x80005254 (0xc2376c13) ori     s8, a4, -989
core   0: 3 0x80005254 (0xc2376c13) x24 0xfffffe3f
core   0: 0x80005258 (0xae6c4413) xori    s0, s8, -1306
core   0: 3 0x80005258 (0xae6c4413) x8  0x000004d9
core   0: 0x8000525c (0x0068ceb3) xor     t4, a7, t1
core   0: 3 0x8000525c (0x0068ceb3) x29 0x5bb6c15c
core   0: 0x80005260 (0x000082a1) c.srli  a3, 8
core   0: 3 0x80005260 (0x82a1) x13 0x00000000
core   0: 0x80005262 (0x032cfab3) remu    s5, s9, s2
core   0: 3 0x80005262 (0x032cfab3) x21 0x00000000
core   0: 0x80005266 (0x0000862d) c.srai  a2, 11
core   0: 3 0x80005266 (0x862d) x12 0x00000000
core   0: 0x80005268 (0x00008f79) c.and   a4, a4
core   0: 3 0x80005268 (0x8f79) x14 0xfffffa3c
core   0: 0x8000526a (0x00d98b33) add     s6, s3, a3
core   0: 3 0x8000526a (0x00d98b33) x22 0xfffffff5
core   0: 0x8000526e (0x0233ac33) mulhsu  s8, t2, gp
core   0: 3 0x8000526e (0x0233ac33) x24 0x4fd5fe42
core   0: 0x80005272 (0x01080263) beq     a6, a6, pc + 4
core   0: 3 0x80005272 (0x01080263)
core   0: 0x80005276 (0x00006105) c.addi16sp sp, 32
core   0: 3 0x80005276 (0x6105) x2  0x000002b4
core   0: 0x80005278 (0x012a3033) sltu    zero, s4, s2
core   0: 3 0x80005278 (0x012a3033)
core   0: 0x8000527c (0x0000191c) c.addi4spn a5, sp, 176
core   0: 3 0x8000527c (0x191c) x15 0x00000364
core   0: 0x8000527e (0x00008ca1) c.xor   s1, s0
core   0: 3 0x8000527e (0x8ca1) x9  0x00007c8a
core   0: 0x80005280 (0x01e87eb3) and     t4, a6, t5
core   0: 3 0x80005280 (0x01e87eb3) x29 0x80029520
core   0: 0x80005284 (0x00000001) c.nop
core   0: 3 0x80005284 (0x0001)
core   0: 0x80005286 (0x00000d0c) c.addi4spn a1, sp, 656
core   0: 3 0x80005286 (0x0d0c) x11 0x00000544
core   0: 0x80005288 (0xe4f04a13) xori    s4, zero, -433
core   0: 3 0x80005288 (0xe4f04a13) x20 0xfffffe4f
core   0: 0x8000528c (0x00004b41) c.li    s6, 16
core   0: 3 0x8000528c (0x4b41) x22 0x00000010
core   0: 0x8000528e (0x000098fd) c.andi  s1, -1
core   0: 3 0x8000528e (0x98fd) x9  0x00007c8a
core   0: 0x80005290 (0x000081cd) c.srli  a1, 19
core   0: 3 0x80005290 (0x81cd) x11 0x00000000
core   0: 0x80005292 (0x009d5663) bge     s10, s1, pc + 12
core   0: 3 0x80005292 (0x009d5663)
core   0: 0x80005296 (0x03effc33) remu    s8, t6, t5
core   0: 3 0x80005296 (0x03effc33) x24 0x7d7cece7
core   0: 0x8000529a (0x017e7233) and     tp, t3, s7
core   0: 3 0x8000529a (0x017e7233) x4  0x80025ea4
core   0: 0x8000529e (0x5abe4613) xori    a2, t3, 1451
core   0: 3 0x8000529e (0x5abe4613) x12 0xfffffa54
core   0: 0x800052a2 (0x01f89993) slli    s3, a7, 31
core   0: 3 0x800052a2 (0x01f89993) x19 0x00000000
core   0: 0x800052a6 (0xd6fba593) slti    a1, s7, -657
core   0: 3 0x800052a6 (0xd6fba593) x11 0x00000001
core   0: 0x800052aa (0x00008ed1) c.or    a3, a2
core   0: 3 0x800052aa (0x8ed1) x13 0xfffffa54
core   0: 0x800052ac (0x03d04db3) div     s11, zero, t4
core   0: 3 0x800052ac (0x03d04db3) x27 0x00000000
core   0: 0x800052b0 (0x0034be33) sltu    t3, s1, gp
core   0: 3 0x800052b0 (0x0034be33) x28 0x00000001
core   0: 0x800052b4 (0x02cdc333) div     t1, s11, a2
core   0: 3 0x800052b4 (0x02cdc333) x6  0x00000000
core   0: 0x800052b8 (0x00db48b3) xor     a7, s6, a3
core   0: 3 0x800052b8 (0x00db48b3) x17 0xfffffa44
core   0: 0x800052bc (0x34007e73) csrrci  t3, mscratch, 0
core   0: 3 0x800052bc (0x34007e73) x28 0x00000014
core   0: 0x800052c0 (0x00a7d1b3) srl     gp, a5, a0
core   0: 3 0x800052c0 (0x00a7d1b3) x3  0x000001b2
core   0: 0x800052c4 (0x0ff0000f) fence   iorw,iorw
core   0: 3 0x800052c4 (0x0ff0000f)
core   0: 0x800052c8 (0x412389b3) sub     s3, t2, s2
core   0: 3 0x800052c8 (0x412389b3) x19 0x78dcbb97
core   0: 0x800052cc (0x34007773) csrrci  a4, mscratch, 0
core   0: 3 0x800052cc (0x34007773) x14 0x00000014
core   0: 0x800052d0 (0x00ef88b3) add     a7, t6, a4
core   0: 3 0x800052d0 (0x00ef88b3) x17 0xfd7f8a1f
core   0: 0x800052d4 (0x000068d1) c.lui   a7, 0x14
core   0: 3 0x800052d4 (0x68d1) x17 0x00014000
core   0: 0x800052d6 (0x0101bc33) sltu    s8, gp, a6
core   0: 3 0x800052d6 (0x0101bc33) x24 0x00000001
core   0: 0x800052da (0x340039f3) csrrc   s3, mscratch, zero
core   0: 3 0x800052da (0x340039f3) x19 0x00000014
core   0: 0x800052de (0x0003e3b3) or      t2, t2, zero
core   0: 3 0x800052de (0x0003e3b3) x7  0x78dcbb98
core   0: 0x800052e2 (0x000064f5) c.lui   s1, 0x1d
core   0: 3 0x800052e2 (0x64f5) x9  0x0001d000
core   0: 0x800052e4 (0x34003ef3) csrrc   t4, mscratch, zero
core   0: 3 0x800052e4 (0x34003ef3) x29 0x00000014
core   0: 0x800052e8 (0x2d6ff893) andi    a7, t6, 726
core   0: 3 0x800052e8 (0x2d6ff893) x17 0x00000202
core   0: 0x800052ec (0x413e8e33) sub     t3, t4, s3
core   0: 3 0x800052ec (0x413e8e33) x28 0x00000000
core   0: 0x800052f0 (0x00009492) c.add   s1, tp
core   0: 3 0x800052f0 (0x9492) x9  0x80042ea4
core   0: 0x800052f2 (0x34009d73) csrrw   s10, mscratch, ra
core   0: 3 0x800052f2 (0x34009d73) x26 0x00000014 c832_mscratch 0xf7fff80f
core   0: 0x800052f6 (0x01158933) add     s2, a1, a7
core   0: 3 0x800052f6 (0x01158933) x18 0x00000203
core   0: 0x800052fa (0x00853fb3) sltu    t6, a0, s0
core   0: 3 0x800052fa (0x00853fb3) x31 0x00000001
core   0: 0x800052fe (0x340e18f3) csrrw   a7, mscratch, t3
core   0: 3 0x800052fe (0x340e18f3) x17 0xf7fff80f c832_mscratch 0x00000000
core   0: 0x80005302 (0x02e1bb33) mulhu   s6, gp, a4
core   0: 3 0x80005302 (0x02e1bb33) x22 0x00000000
core   0: 0x80005306 (0x027007b3) mul     a5, zero, t2
core   0: 3 0x80005306 (0x027007b3) x15 0x00000000
core   0: 0x8000530a (0x34007473) csrrci  s0, mscratch, 0
core   0: 3 0x8000530a (0x34007473) x8  0x00000000
core   0: 0x8000530e (0x417e5a93) srai    s5, t3, 23
core   0: 3 0x8000530e (0x417e5a93) x21 0x00000000
core   0: 0x80005312 (0x0000100f) fence.i
core   0: 3 0x80005312 (0x0000100f)
core   0: 0x80005316 (0x3407f773) csrrci  a4, mscratch, 15
core   0: 3 0x80005316 (0x3407f773) x14 0x00000000 c832_mscratch 0x00000000
core   0: 0x8000531a (0x00008332) c.mv    t1, a2
core   0: 3 0x8000531a (0x8332) x6  0xfffffa54
core   0: 0x8000531c (0x00d4b333) sltu    t1, s1, a3
core   0: 3 0x8000531c (0x00d4b333) x6  0x00000001
core   0: 0x80005320 (0x0000eb8d) c.bnez  a5, pc + 50
core   0: 3 0x80005320 (0xeb8d)
core   0: 0x80005322 (0x00000acd) c.addi  s5, 19
core   0: 3 0x80005322 (0x0acd) x21 0x00000013
core   0: 0x80005324 (0x036d2b33) mulhsu  s6, s10, s6
core   0: 3 0x80005324 (0x036d2b33) x22 0x00000000
core   0: 0x80005328 (0x0000894a) c.mv    s2, s2
core   0: 3 0x80005328 (0x894a) x18 0x00000203
core   0: 0x8000532a (0x00b0fb33) and     s6, ra, a1
core   0: 3 0x8000532a (0x00b0fb33) x22 0x00000001
core   0: 0x8000532e (0x0ff0000f) fence   iorw,iorw
core   0: 3 0x8000532e (0x0ff0000f)
core   0: 0x80005332 (0x00b45993) srli    s3, s0, 11
core   0: 3 0x80005332 (0x00b45993) x19 0x00000000
core   0: 0x80005336 (0x022ced63) bltu    s9, sp, pc + 58
core   0: 3 0x80005336 (0x022ced63)
core   0: 0x80005370 (0x340b6c73) csrrsi  s8, mscratch, 22
core   0: 3 0x80005370 (0x340b6c73) x24 0x00000000 c832_mscratch 0x00000016
core   0: 0x80005374 (0x00001dfd) c.addi  s11, -1
core   0: 3 0x80005374 (0x1dfd) x27 0xffffffff
core   0: 0x80005376 (0x12808db7) lui     s11, 0x12808
core   0: 3 0x80005376 (0x12808db7) x27 0x12808000
core   0: 0x8000537a (0x0000c009) c.beqz  s0, pc + 2
core   0: 3 0x8000537a (0xc009)
core   0: 0x8000537c (0x00000001) c.nop
core   0: 3 0x8000537c (0x0001)
core   0: 0x8000537e (0x01b65c63) bge     a2, s11, pc + 24
core   0: 3 0x8000537e (0x01b65c63)
core   0: 0x80005382 (0x01c51b13) slli    s6, a0, 28
core   0: 3 0x80005382 (0x01c51b13) x22 0x10000000
core   0: 0x80005386 (0x01447fb3) and     t6, s0, s4
core   0: 3 0x80005386 (0x01447fb3) x31 0x00000000
core   0: 0x8000538a (0x0311f563) bgeu    gp, a7, pc + 42
core   0: 3 0x8000538a (0x0311f563)
core   0: 0x8000538e (0x3408bd73) csrrc   s10, mscratch, a7
core   0: 3 0x8000538e (0x3408bd73) x26 0x00000016 c832_mscratch 0x00000010
core   0: 0x80005392 (0x00e85663) bge     a6, a4, pc + 12
core   0: 3 0x80005392 (0x00e85663)
core   0: 0x80005396 (0x0000187d) c.addi  a6, -1
core   0: 3 0x80005396 (0x187d) x16 0x80029728
core   0: 0x80005398 (0x03b15633) divu    a2, sp, s11
core   0: 3 0x80005398 (0x03b15633) x12 0x00000000
core   0: 0x8000539c (0x000006e1) c.addi  a3, 24
core   0: 3 0x8000539c (0x06e1) x13 0xfffffa6c
core   0: 0x8000539e (0x024d8763) beq     s11, tp, pc + 46
core   0: 3 0x8000539e (0x024d8763)
core   0: 0x800053a2 (0x41c100b3) sub     ra, sp, t3
core   0: 3 0x800053a2 (0x41c100b3) x1  0x000002b4
core   0: 0x800053a6 (0xe2df8093) addi    ra, t6, -467
core   0: 3 0x800053a6 (0xe2df8093) x1  0xfffffe2d
core   0: 0x800053aa (0x0ff0000f) fence   iorw,iorw
core   0: 3 0x800053aa (0x0ff0000f)
core   0: 0x800053ae (0x0000e98d) c.bnez  a1, pc + 50
core   0: 3 0x800053ae (0xe98d)
core   0: 0x800053e0 (0x03a38063) beq     t2, s10, pc + 32
core   0: 3 0x800053e0 (0x03a38063)
core   0: 0x800053e4 (0x0000997d) c.andi  a0, -1
core   0: 3 0x800053e4 (0x997d) x10 0x00000001
core   0: 0x800053e6 (0x0000100f) fence.i
core   0: 3 0x800053e6 (0x0000100f)
core   0: 0x800053ea (0x3658d017) auipc   zero, 0x3658d
core   0: 3 0x800053ea (0x3658d017)
core   0: 0x800053ee (0x41788633) sub     a2, a7, s7
core   0: 3 0x800053ee (0x41788633) x12 0x77fd996b
core   0: 0x800053f2 (0x00008ff5) c.and   a5, a3
core   0: 3 0x800053f2 (0x8ff5) x15 0x00000000
core   0: 0x800053f4 (0x00001f94) c.addi4spn a3, sp, 1008
core   0: 3 0x800053f4 (0x1f94) x13 0x000006a4
core   0: 0x800053f6 (0x00008e89) c.sub   a3, a0
core   0: 3 0x800053f6 (0x8e89) x13 0x000006a3
core   0: 0x800053f8 (0x493c7737) lui     a4, 0x493c7
core   0: 3 0x800053f8 (0x493c7737) x14 0x493c7000
core   0: 0x800053fc (0x340560f3) csrrsi  ra, mscratch, 10
core   0: 3 0x800053fc (0x340560f3) x1  0x00000010 c832_mscratch 0x0000001a
core   0: 0x80005400 (0x00f03db3) snez    s11, a5
core   0: 3 0x80005400 (0x00f03db3) x27 0x00000000
core   0: 0x80005404 (0x00106433) or      s0, zero, ra
core   0: 3 0x80005404 (0x00106433) x8  0x00000010
core   0: 0x80005408 (0x0000e399) c.bnez  a5, pc + 6
core   0: 3 0x80005408 (0xe399)
core   0: 0x8000540a (0x03373333) mulhu   t1, a4, s3
core   0: 3 0x8000540a (0x03373333) x6  0x00000000
core   0: 0x8000540e (0x000084a9) c.srai  s1, 10
core   0: 3 0x8000540e (0x84a9) x9  0xffe0010b
core   0: 0x80005410 (0x014c1b13) slli    s6, s8, 20
core   0: 3 0x80005410 (0x014c1b13) x22 0x00000000
core   0: 0x80005414 (0x340ba9f3) csrrs   s3, mscratch, s7
core   0: 3 0x80005414 (0x340ba9f3) x19 0x0000001a c832_mscratch 0x80025ebe
core   0: 0x80005418 (0x34003a73) csrrc   s4, mscratch, zero
core   0: 3 0x80005418 (0x34003a73) x20 0x80025ebe
core   0: 0x8000541c (0x8615c497) auipc   s1, 0x8615c
core   0: 3 0x8000541c (0x8615c497) x9  0x0616141c
core   0: 0x80005420 (0x00266933) or      s2, a2, sp
core   0: 3 0x80005420 (0x00266933) x18 0x77fd9bff
core   0: 0x80005424 (0x004e95b3) sll     a1, t4, tp
core   0: 3 0x80005424 (0x004e95b3) x11 0x00000140
core   0: 0x80005428 (0x00008901) c.andi  a0, 0
core   0: 3 0x80005428 (0x8901) x10 0x00000000
core   0: 0x8000542a (0x00000f94) c.addi4spn a3, sp, 976
core   0: 3 0x8000542a (0x0f94) x13 0x00000684
core   0: 0x8000542c (0x0000ed91) c.bnez  a1, pc + 28
core   0: 3 0x8000542c (0xed91)
core   0: 0x80005448 (0x03692cb3) mulhsu  s9, s2, s6
core   0: 3 0x80005448 (0x03692cb3) x25 0x00000000
core   0: 0x8000544c (0x00637c33) and     s8, t1, t1
core   0: 3 0x8000544c (0x00637c33) x24 0x00000000
core   0: 0x80005450 (0x00008106) c.mv    sp, ra
core   0: 3 0x80005450 (0x8106) x2  0x00000010
core   0: 0x80005452 (0x3400f173) csrrci  sp, mscratch, 1
core   0: 3 0x80005452 (0x3400f173) x2  0x80025ebe c832_mscratch 0x80025ebe
core   0: 0x80005456 (0x41e70733) sub     a4, a4, t5
core   0: 3 0x80005456 (0x41e70733) x14 0xc939d2dc
core   0: 0x8000545a (0x00013d33) sltu    s10, sp, zero
core   0: 3 0x8000545a (0x00013d33) x26 0x00000000
core   0: 0x8000545e (0x34021673) csrrw   a2, mscratch, tp
core   0: 3 0x8000545e (0x34021673) x12 0x80025ebe c832_mscratch 0x80025ea4
core   0: 0x80005462 (0x340d19f3) csrrw   s3, mscratch, s10
core   0: 3 0x80005462 (0x340d19f3) x19 0x80025ea4 c832_mscratch 0x00000000
core   0: 0x80005466 (0x02eb5633) divu    a2, s6, a4
core   0: 3 0x80005466 (0x02eb5633) x12 0x00000000
core   0: 0x8000546a (0x41df8d33) sub     s10, t6, t4
core   0: 3 0x8000546a (0x41df8d33) x26 0xffffffec
core   0: 0x8000546e (0x00b0a733) slt     a4, ra, a1
core   0: 3 0x8000546e (0x00b0a733) x14 0x00000001
core   0: 0x80005472 (0x00009b56) c.add   s6, s5
core   0: 3 0x80005472 (0x9b56) x22 0x00000013
core   0: 0x80005474 (0x0094ccb3) xor     s9, s1, s1
core   0: 3 0x80005474 (0x0094ccb3) x25 0x00000000
core   0: 0x80005478 (0x0000814d) c.srli  a0, 19
core   0: 3 0x80005478 (0x814d) x10 0x00000000
core   0: 0x8000547a (0x000085e9) c.srai  a1, 26
core   0: 3 0x8000547a (0x85e9) x11 0x00000000
core   0: 0x8000547c (0x410fdeb3) sra     t4, t6, a6
core   0: 3 0x8000547c (0x410fdeb3) x29 0x00000000
core   0: 0x80005480 (0x00008791) c.srai  a5, 4
core   0: 3 0x80005480 (0x8791) x15 0x00000000
core   0: 0x80005482 (0x02c82433) mulhsu  s0, a6, a2
core   0: 3 0x80005482 (0x02c82433) x8  0x00000000
core   0: 0x80005486 (0x340e6ff3) csrrsi  t6, mscratch, 28
core   0: 3 0x80005486 (0x340e6ff3) x31 0x00000000 c832_mscratch 0x0000001c
core   0: 0x8000548a (0x000091f6) c.add   gp, t4
core   0: 3 0x8000548a (0x91f6) x3  0x000001b2
core   0: 0x8000548c (0x00004a89) c.li    s5, 2
core   0: 3 0x8000548c (0x4a89) x21 0x00000002
core   0: 0x8000548e (0x00008d55) c.or    a0, a3
core   0: 3 0x8000548e (0x8d55) x10 0x00000684
core   0: 0x80005490 (0x41a50fb3) sub     t6, a0, s10
core   0: 3 0x80005490 (0x41a50fb3) x31 0x00000698
core   0: 0x80005494 (0x00ed9e93) slli    t4, s11, 14
core   0: 3 0x80005494 (0x00ed9e93) x29 0x00000000
core   0: 0x80005498 (0x000087b1) c.srai  a5, 12
core   0: 3 0x80005498 (0x87b1) x15 0x00000000
core   0: 0x8000549a (0x0000870d) c.srai  a4, 3
core   0: 3 0x8000549a (0x870d) x14 0x00000000
core   0: 0x8000549c (0x045de063) bltu    s11, t0, pc + 64
core   0: 3 0x8000549c (0x045de063)
core   0: 0x800054dc (0x01bcddb3) srl     s11, s9, s11
core   0: 3 0x800054dc (0x01bcddb3) x27 0x00000000
core   0: 0x800054e0 (0x8605c013) xori    zero, a1, -1952
core   0: 3 0x800054e0 (0x8605c013)
core   0: 0x800054e4 (0x3401a3f3) csrrs   t2, mscratch, gp
core   0: 3 0x800054e4 (0x3401a3f3) x7  0x0000001c c832_mscratch 0x000001be
core   0: 0x800054e8 (0x012859b3) srl     s3, a6, s2
core   0: 3 0x800054e8 (0x012859b3) x19 0x00000001
core   0: 0x800054ec (0x00008ee5) c.and   a3, s1
core   0: 3 0x800054ec (0x8ee5) x13 0x00000404
core   0: 0x800054ee (0x02ba7fb3) remu    t6, s4, a1
core   0: 3 0x800054ee (0x02ba7fb3) x31 0x80025ebe
core   0: 0x800054f2 (0x01721e63) bne     tp, s7, pc + 28
core   0: 3 0x800054f2 (0x01721e63)
core   0: 0x800054f6 (0x00aa7833) and     a6, s4, a0
core   0: 3 0x800054f6 (0x00aa7833) x16 0x00000684
core   0: 0x800054fa (0x00005a7d) c.li    s4, -1
core   0: 3 0x800054fa (0x5a7d) x20 0xffffffff
core   0: 0x800054fc (0x000064e1) c.lui   s1, 0x18
core   0: 3 0x800054fc (0x64e1) x9  0x00018000
core   0: 0x800054fe (0x012befb3) or      t6, s7, s2
core   0: 3 0x800054fe (0x012befb3) x31 0xf7ffdfff
core   0: 0x80005502 (0x0000100f) fence.i
core   0: 3 0x80005502 (0x0000100f)
core   0: 0x80005506 (0x00000001) c.nop
core   0: 3 0x80005506 (0x0001)
core   0: 0x80005508 (0x00008515) c.srai  a0, 5
core   0: 3 0x80005508 (0x8515) x10 0x00000034
core   0: 0x8000550a (0x037c4e63) blt     s8, s7, pc + 60
core   0: 3 0x8000550a (0x037c4e63)
core   0: 0x8000550e (0x00004c3d) c.li    s8, 15
core   0: 3 0x8000550e (0x4c3d) x24 0x0000000f
core   0: 0x80005510 (0x40758db3) sub     s11, a1, t2
core   0: 3 0x80005510 (0x40758db3) x27 0xffffffe4
core   0: 0x80005514 (0x028b1233) mulh    tp, s6, s0
core   0: 3 0x80005514 (0x028b1233) x4  0x00000000
core   0: 0x80005518 (0x409dd133) sra     sp, s11, s1
core   0: 3 0x80005518 (0x409dd133) x2  0xffffffe4
core   0: 0x8000551c (0x6b2ae313) ori     t1, s5, 1714
core   0: 3 0x8000551c (0x6b2ae313) x6  0x000006b2
core   0: 0x80005520 (0x0000844d) c.srai  s0, 19
core   0: 3 0x80005520 (0x844d) x8  0x00000000
core   0: 0x80005522 (0x00afceb3) xor     t4, t6, a0
core   0: 3 0x80005522 (0x00afceb3) x29 0xf7ffdfcb
core   0: 0x80005526 (0x34059773) csrrw   a4, mscratch, a1
core   0: 3 0x80005526 (0x34059773) x14 0x000001be c832_mscratch 0x00000000
core   0: 0x8000552a (0x402c5d93) srai    s11, s8, 2
core   0: 3 0x8000552a (0x402c5d93) x27 0x00000003
core   0: 0x8000552e (0x00004599) c.li    a1, 6
core   0: 3 0x8000552e (0x4599) x11 0x00000006
core   0: 0x80005530 (0x000081a2) c.mv    gp, s0
core   0: 3 0x80005530 (0x81a2) x3  0x00000000
core   0: 0x80005532 (0x00b960b3) or      ra, s2, a1
core   0: 3 0x80005532 (0x00b960b3) x1  0x77fd9bff
core   0: 0x80005536 (0x00008f5d) c.or    a4, a5
core   0: 3 0x80005536 (0x8f5d) x14 0x000001be
core   0: 0x80005538 (0x00001a7d) c.addi  s4, -1
core   0: 3 0x80005538 (0x1a7d) x20 0xfffffffe
core   0: 0x8000553a (0x9db9be13) sltiu   t3, s3, -1573
core   0: 3 0x8000553a (0x9db9be13) x28 0x00000001
core   0: 0x8000553e (0x3409e8f3) csrrsi  a7, mscratch, 19
core   0: 3 0x8000553e (0x3409e8f3) x17 0x00000000 c832_mscratch 0x00000013
core   0: 0x80005542 (0x02d83633) mulhu   a2, a6, a3
core   0: 3 0x80005542 (0x02d83633) x12 0x00000000
core   0: 0x80005546 (0x340a6073) csrsi   mscratch, 20
core   0: 3 0x80005546 (0x340a6073) c832_mscratch 0x00000017
core   0: 0x8000554a (0x00000a90) c.addi4spn a2, sp, 336
core   0: 3 0x8000554a (0x0a90) x12 0x00000134
core   0: 0x8000554c (0x00000001) c.nop
core   0: 3 0x8000554c (0x0001)
core   0: 0x8000554e (0x0337c3b3) div     t2, a5, s3
core   0: 3 0x8000554e (0x0337c3b3) x7  0x00000000
core   0: 0x80005552 (0x704c0813) addi    a6, s8, 1796
core   0: 3 0x80005552 (0x704c0813) x16 0x00000713
core   0: 0x80005556 (0x00001790) c.addi4spn a2, sp, 992
core   0: 3 0x80005556 (0x1790) x12 0x000003c4
core   0: 0x80005558 (0x00008c8d) c.sub   s1, a1
core   0: 3 0x80005558 (0x8c8d) x9  0x00017ffa
core   0: 0x8000555a (0x00000b1c) c.addi4spn a5, sp, 400
core   0: 3 0x8000555a (0x0b1c) x15 0x00000174
core   0: 0x8000555c (0x01d2f263) bgeu    t0, t4, pc + 4
core   0: 3 0x8000555c (0x01d2f263)
core   0: 0x80005560 (0x01198a93) addi    s5, s3, 17
core   0: 3 0x80005560 (0x01198a93) x21 0x00000012
core   0: 0x80005564 (0xd666fb13) andi    s6, a3, -666
core   0: 3 0x80005564 (0xd666fb13) x22 0x00000404
core   0: 0x80005568 (0xae384437) lui     s0, 0xae384
core   0: 3 0x80005568 (0xae384437) x8  0xae384000
core   0: 0x8000556c (0x032194b3) mulh    s1, gp, s2
core   0: 3 0x8000556c (0x032194b3) x9  0x00000000
core   0: 0x80005570 (0x178cea93) ori     s5, s9, 376
core   0: 3 0x80005570 (0x178cea93) x21 0x00000178
core   0: 0x80005574 (0x02920133) mul     sp, tp, s1
core   0: 3 0x80005574 (0x02920133) x2  0x00000000
core   0: 0x80005578 (0x340814f3) csrrw   s1, mscratch, a6
core   0: 3 0x80005578 (0x340814f3) x9  0x00000017 c832_mscratch 0x00000713
core   0: 0x8000557c (0x00008e09) c.sub   a2, a0
core   0: 3 0x8000557c (0x8e09) x12 0x00000390
core   0: 0x8000557e (0xa0e5b113) sltiu   sp, a1, -1522
core   0: 3 0x8000557e (0xa0e5b113) x2  0x00000001
core   0: 0x80005582 (0x4c616593) ori     a1, sp, 1222
core   0: 3 0x80005582 (0x4c616593) x11 0x000004c7
core   0: 0x80005586 (0x0000ee19) c.bnez  a2, pc + 30
core   0: 3 0x80005586 (0xee19)
core   0: 0x800055a4 (0x0c6fc963) blt     t6, t1, pc + 210
core   0: 3 0x800055a4 (0x0c6fc963)
core   0: 0x80005676 (0x00000a51) c.addi  s4, 20
core   0: 3 0x80005676 (0x0a51) x20 0x00000012
core   0: 0x80005678 (0x340eeb73) csrrsi  s6, mscratch, 29
core   0: 3 0x80005678 (0x340eeb73) x22 0x00000713 c832_mscratch 0x0000071f
core   0: 0x8000567c (0x02c007b3) mul     a5, zero, a2
core   0: 3 0x8000567c (0x02c007b3) x15 0x00000000
core   0: 0x80005680 (0x3404ba73) csrrc   s4, mscratch, s1
core   0: 3 0x80005680 (0x3404ba73) x20 0x0000071f c832_mscratch 0x00000708
core   0: 0x80005684 (0x34003ff3) csrrc   t6, mscratch, zero
core   0: 3 0x80005684 (0x34003ff3) x31 0x00000708
core   0: 0x80005688 (0x00000001) c.nop
core   0: 3 0x80005688 (0x0001)
core   0: 0x8000568a (0x0068a533) slt     a0, a7, t1
core   0: 3 0x8000568a (0x0068a533) x10 0x00000001
core   0: 0x8000568e (0x40270d33) sub     s10, a4, sp
core   0: 3 0x8000568e (0x40270d33) x26 0x000001bd
core   0: 0x80005692 (0x00008d15) c.sub   a0, a3
core   0: 3 0x80005692 (0x8d15) x10 0xfffffbfd
core   0: 0x80005694 (0x00005e7d) c.li    t3, -1
core   0: 3 0x80005694 (0x5e7d) x28 0xffffffff
core   0: 0x80005696 (0x012bc033) xor     zero, s7, s2
core   0: 3 0x80005696 (0x012bc033)
core   0: 0x8000569a (0x4acf7213) andi    tp, t5, 1196
core   0: 3 0x8000569a (0x4acf7213) x4  0x00000424
core   0: 0x8000569e (0x00009b7d) c.andi  a4, -1
core   0: 3 0x8000569e (0x9b7d) x14 0x000001be
core   0: 0x800056a0 (0x00008da9) c.xor   a1, a0
core   0: 3 0x800056a0 (0x8da9) x11 0xffffff3a
core   0: 0x800056a2 (0x007594b3) sll     s1, a1, t2
core   0: 3 0x800056a2 (0x007594b3) x9  0xffffff3a
core   0: 0x800056a6 (0x00008f85) c.sub   a5, s1
core   0: 3 0x800056a6 (0x8f85) x15 0x000000c6
core   0: 0x800056a8 (0x340066f3) csrrsi  a3, mscratch, 0
core   0: 3 0x800056a8 (0x340066f3) x13 0x00000708
core   0: 0x800056ac (0x011a9563) bne     s5, a7, pc + 10
core   0: 3 0x800056ac (0x011a9563)
core   0: 0x800056b6 (0x0000100f) fence.i
core   0: 3 0x800056b6 (0x0000100f)
core   0: 0x800056ba (0x03997b63) bgeu    s2, s9, pc + 54
core   0: 3 0x800056ba (0x03997b63)
core   0: 0x800056f0 (0x0347afb3) mulhsu  t6, a5, s4
core   0: 3 0x800056f0 (0x0347afb3) x31 0x00000000
core   0: 0x800056f4 (0x030bcd33) div     s10, s7, a6
core   0: 3 0x800056f4 (0x030bcd33) x26 0xffede84e
core   0: 0x800056f8 (0x340edcf3) csrrwi  s9, mscratch, 29
core   0: 3 0x800056f8 (0x340edcf3) x25 0x00000708 c832_mscratch 0x0000001d
core   0: 0x800056fc (0x0000717d) c.addi16sp sp, -16
core   0: 3 0x800056fc (0x717d) x2  0xfffffff1
core   0: 0x800056fe (0x00000655) c.addi  a2, 21
core   0: 3 0x800056fe (0x0655) x12 0x000003a5
core   0: 0x80005700 (0x0000e195) c.bnez  a1, pc + 36
core   0: 3 0x80005700 (0xe195)
core   0: 0x80005724 (0xa50b0c93) addi    s9, s6, -1456
core   0: 3 0x80005724 (0xa50b0c93) x25 0x00000163
core   0: 0x80005728 (0x34079a73) csrrw   s4, mscratch, a5
core   0: 3 0x80005728 (0x34079a73) x20 0x0000001d c832_mscratch 0x000000c6
core   0: 0x8000572c (0x006a6133) or      sp, s4, t1
core   0: 3 0x8000572c (0x006a6133) x2  0x000006bf
core   0: 0x80005730 (0x340263f3) csrrsi  t2, mscratch, 4
core   0: 3 0x80005730 (0x340263f3) x7  0x000000c6 c832_mscratch 0x000000c6
core   0: 0x80005734 (0x0ff0000f) fence   iorw,iorw
core   0: 3 0x80005734 (0x0ff0000f)
core   0: 0x80005738 (0x0ff0000f) fence   iorw,iorw
core   0: 3 0x80005738 (0x0ff0000f)
core   0: 0x8000573c (0x0113cfb3) xor     t6, t2, a7
core   0: 3 0x8000573c (0x0113cfb3) x31 0x000000c6
core   0: 0x80005740 (0x340036f3) csrrc   a3, mscratch, zero
core   0: 3 0x80005740 (0x340036f3) x13 0x000000c6
core   0: 0x80005744 (0x00809613) slli    a2, ra, 8
core   0: 3 0x80005744 (0x00809613) x12 0xfd9bff00
core   0: 0x80005748 (0x34062473) csrrs   s0, mscratch, a2
core   0: 3 0x80005748 (0x34062473) x8  0x000000c6 c832_mscratch 0xfd9bffc6
core   0: 0x8000574c (0x34006df3) csrrsi  s11, mscratch, 0
core   0: 3 0x8000574c (0x34006df3) x27 0xfd9bffc6
core   0: 0x80005750 (0x340563f3) csrrsi  t2, mscratch, 10
core   0: 3 0x80005750 (0x340563f3) x7  0xfd9bffc6 c832_mscratch 0xfd9bffce
core   0: 0x80005754 (0x34053b73) csrrc   s6, mscratch, a0
core   0: 3 0x80005754 (0x34053b73) x22 0xfd9bffce c832_mscratch 0x00000402
core   0: 0x80005758 (0x414cd393) srai    t2, s9, 20
core   0: 3 0x80005758 (0x414cd393) x7  0x00000000
core   0: 0x8000575c (0x01c81733) sll     a4, a6, t3
core   0: 3 0x8000575c (0x01c81733) x14 0x80000000
core   0: 0x80005760 (0x00461c63) bne     a2, tp, pc + 24
core   0: 3 0x80005760 (0x00461c63)
core   0: 0x80005778 (0x3e52ca93) xori    s5, t0, 997
core   0: 3 0x80005778 (0x3e52ca93) x21 0xf57d89ef
core   0: 0x8000577c (0x03207633) remu    a2, zero, s2
core   0: 3 0x8000577c (0x03207633) x12 0x00000000
core   0: 0x80005780 (0x036e0ab3) mul     s5, t3, s6
core   0: 3 0x80005780 (0x036e0ab3) x21 0x02640032
core   0: 0x80005784 (0x00291933) sll     s2, s2, sp
core   0: 3 0x80005784 (0x00291933) x18 0x80000000
core   0: 0x80005788 (0x00008c25) c.xor   s0, s1
core   0: 3 0x80005788 (0x8c25) x8  0xfffffffc
core   0: 0x8000578a (0x0000849e) c.mv    s1, t2
core   0: 3 0x8000578a (0x849e) x9  0x00000000
core   0: 0x8000578c (0x0090ea63) bltu    ra, s1, pc + 20
core   0: 3 0x8000578c (0x0090ea63)
core   0: 0x80005790 (0x03408663) beq     ra, s4, pc + 44
core   0: 3 0x80005790 (0x03408663)
core   0: 0x80005794 (0x0000037a) c.slli  t1, 30
core   0: 3 0x80005794 (0x037a) x6  0x80000000
core   0: 0x80005796 (0x00008809) c.andi  s0, 2
core   0: 3 0x80005796 (0x8809) x8  0x00000000
core   0: 0x80005798 (0x340a79f3) csrrci  s3, mscratch, 20
core   0: 3 0x80005798 (0x340a79f3) x19 0x00000402 c832_mscratch 0x00000402
core   0: 0x8000579c (0x02025433) divu    s0, tp, zero
core   0: 3 0x8000579c (0x02025433) x8  0xffffffff
core   0: 0x800057a0 (0x340033f3) csrrc   t2, mscratch, zero
core   0: 3 0x800057a0 (0x340033f3) x7  0x00000402
core   0: 0x800057a4 (0x007fe633) or      a2, t6, t2
core   0: 3 0x800057a4 (0x007fe633) x12 0x000004c6
core   0: 0x800057a8 (0x02851163) bne     a0, s0, pc + 34
core   0: 3 0x800057a8 (0x02851163)
core   0: 0x800057ca (0x64bd3b13) sltiu   s6, s10, 1611
core   0: 3 0x800057ca (0x64bd3b13) x22 0x00000000
core   0: 0x800057ce (0x00b06d63) bltu    zero, a1, pc + 26
core   0: 3 0x800057ce (0x00b06d63)
core   0: 0x800057e8 (0x0000100f) fence.i
core   0: 3 0x800057e8 (0x0000100f)
core   0: 0x800057ec (0x02b3a8b3) mulhsu  a7, t2, a1
core   0: 3 0x800057ec (0x02b3a8b3) x17 0x00000401
core   0: 0x800057f0 (0x0185a3b3) slt     t2, a1, s8
core   0: 3 0x800057f0 (0x0185a3b3) x7  0x00000001
core   0: 0x800057f4 (0x000084dd) c.srai  s1, 23
core   0: 3 0x800057f4 (0x84dd) x9  0x00000000
core   0: 0x800057f6 (0x00000001) c.nop
core   0: 3 0x800057f6 (0x0001)
core   0: 0x800057f8 (0x0000e29d) c.bnez  a3, pc + 38
core   0: 3 0x800057f8 (0xe29d)
core   0: 0x8000581e (0x34003073) csrc    mscratch, zero
core   0: 3 0x8000581e (0x34003073)
core   0: 0x80005822 (0x0c46e463) bltu    a3, tp, pc + 200
core   0: 3 0x80005822 (0x0c46e463)
core   0: 0x800058ea (0x76b5ef93) ori     t6, a1, 1899
core   0: 3 0x800058ea (0x76b5ef93) x31 0xffffff7b
core   0: 0x800058ee (0x340493f3) csrrw   t2, mscratch, s1
core   0: 3 0x800058ee (0x340493f3) x7  0x00000402 c832_mscratch 0x00000000
core   0: 0x800058f2 (0x00806263) bltu    zero, s0, pc + 4
core   0: 3 0x800058f2 (0x00806263)
core   0: 0x800058f6 (0x00941d33) sll     s10, s0, s1
core   0: 3 0x800058f6 (0x00941d33) x26 0xffffffff
core   0: 0x800058fa (0x008e8263) beq     t4, s0, pc + 4
core   0: 3 0x800058fa (0x008e8263)
core   0: 0x800058fe (0x00008025) c.srli  s0, 9
core   0: 3 0x800058fe (0x8025) x8  0x007fffff
core   0: 0x80005900 (0x00008dbd) c.xor   a1, a5
core   0: 3 0x80005900 (0x8dbd) x11 0xfffffffc
core   0: 0x80005902 (0x00d1f733) and     a4, gp, a3
core   0: 3 0x80005902 (0x00d1f733) x14 0x00000000
core   0: 0x80005906 (0x0000886d) c.andi  s0, 27
core   0: 3 0x80005906 (0x886d) x8  0x0000001b
core   0: 0x80005908 (0x00c0f9b3) and     s3, ra, a2
core   0: 3 0x80005908 (0x00c0f9b3) x19 0x000000c6
core   0: 0x8000590c (0x04b94063) blt     s2, a1, pc + 64
core   0: 3 0x8000590c (0x04b94063)
core   0: 0x8000594c (0x03684d33) div     s10, a6, s6
core   0: 3 0x8000594c (0x03684d33) x26 0xffffffff
core   0: 0x80005950 (0x0168a5b3) slt     a1, a7, s6
core   0: 3 0x80005950 (0x0168a5b3) x11 0x00000000
core   0: 0x80005954 (0x65e44593) xori    a1, s0, 1630
core   0: 3 0x80005954 (0x65e44593) x11 0x00000645
core   0: 0x80005958 (0x34003a73) csrrc   s4, mscratch, zero
core   0: 3 0x80005958 (0x34003a73) x20 0x00000000
core   0: 0x8000595c (0x01ca39b3) sltu    s3, s4, t3
core   0: 3 0x8000595c (0x01ca39b3) x19 0x00000001
core   0: 0x80005960 (0x00009a6e) c.add   s4, s11
core   0: 3 0x80005960 (0x9a6e) x20 0xfd9bffc6
core   0: 0x80005962 (0x34002573) csrr    a0, mscratch
core   0: 3 0x80005962 (0x34002573) x10 0x00000000
core   0: 0x80005966 (0x400fda93) srai    s5, t6, 0
core   0: 3 0x80005966 (0x400fda93) x21 0xffffff7b
core   0: 0x8000596a (0x0256bab3) mulhu   s5, a3, t0
core   0: 3 0x8000596a (0x0256bab3) x21 0x000000bd
core   0: 0x8000596e (0x029b0333) mul     t1, s6, s1
core   0: 3 0x8000596e (0x029b0333) x6  0x00000000
core   0: 0x80005972 (0x34007ff3) csrrci  t6, mscratch, 0
core   0: 3 0x80005972 (0x34007ff3) x31 0x00000000
core   0: 0x80005976 (0x035f3ab3) mulhu   s5, t5, s5
core   0: 3 0x80005976 (0x035f3ab3) x21 0x0000005e
core   0: 0x8000597a (0x0254eb33) rem     s6, s1, t0
core   0: 3 0x8000597a (0x0254eb33) x22 0x00000000
core   0: 0x8000597e (0x0021adb3) slt     s11, gp, sp
core   0: 3 0x8000597e (0x0021adb3) x27 0x00000001
core   0: 0x80005982 (0x407309b3) sub     s3, t1, t2
core   0: 3 0x80005982 (0x407309b3) x19 0xfffffbfe
core   0: 0x80005986 (0x010c48b3) xor     a7, s8, a6
core   0: 3 0x80005986 (0x010c48b3) x17 0x0000071c
core   0: 0x8000598a (0x419d5613) srai    a2, s10, 25
core   0: 3 0x8000598a (0x419d5613) x12 0xffffffff
core   0: 0x8000598e (0x00820a63) beq     tp, s0, pc + 20
core   0: 3 0x8000598e (0x00820a63)
core   0: 0x80005992 (0xbbfba013) slti    zero, s7, -1089
core   0: 3 0x80005992 (0xbbfba013)
core   0: 0x80005996 (0x00008f99) c.sub   a5, a4
core   0: 3 0x80005996 (0x8f99) x15 0x000000c6
core   0: 0x80005998 (0x340ad573) csrrwi  a0, mscratch, 21
core   0: 3 0x80005998 (0x340ad573) x10 0x00000000 c832_mscratch 0x00000015
core   0: 0x8000599c (0x00008245) c.srli  a2, 17
core   0: 3 0x8000599c (0x8245) x12 0x00007fff
core   0: 0x8000599e (0x00008d79) c.and   a0, a4
core   0: 3 0x8000599e (0x8d79) x10 0x00000000
core   0: 0x800059a0 (0x00000684) c.addi4spn s1, sp, 832
core   0: 3 0x800059a0 (0x0684) x9  0x000009ff
core   0: 0x800059a2 (0x34006d73) csrrsi  s10, mscratch, 0
core   0: 3 0x800059a2 (0x34006d73) x26 0x00000015
core   0: 0x800059a6 (0x340473f3) csrrci  t2, mscratch, 8
core   0: 3 0x800059a6 (0x340473f3) x7  0x00000015 c832_mscratch 0x00000015
core   0: 0x800059aa (0x39e8e437) lui     s0, 0x39e8e
core   0: 3 0x800059aa (0x39e8e437) x8  0x39e8e000
core   0: 0x800059ae (0x0ff0000f) fence   iorw,iorw
core   0: 3 0x800059ae (0x0ff0000f)
core   0: 0x800059b2 (0x34046373) csrrsi  t1, mscratch, 8
core   0: 3 0x800059b2 (0x34046373) x6  0x00000015 c832_mscratch 0x0000001d
core   0: 0x800059b6 (0x340370f3) csrrci  ra, mscratch, 6
core   0: 3 0x800059b6 (0x340370f3) x1  0x0000001d c832_mscratch 0x00000019
core   0: 0x800059ba (0x01d35d93) srli    s11, t1, 29
core   0: 3 0x800059ba (0x01d35d93) x27 0x00000000
core   0: 0x800059be (0x0179d763) bge     s3, s7, pc + 14
core   0: 3 0x800059be (0x0179d763)
core   0: 0x800059cc (0x02fb37b3) mulhu   a5, s6, a5
core   0: 3 0x800059cc (0x02fb37b3) x15 0x00000000
core   0: 0x800059d0 (0x00000001) c.nop
core   0: 3 0x800059d0 (0x0001)
core   0: 0x800059d2 (0x00008fdd) c.or    a5, a5
core   0: 3 0x800059d2 (0x8fdd) x15 0x00000000
core   0: 0x800059d4 (0x412e05b3) sub     a1, t3, s2
core   0: 3 0x800059d4 (0x412e05b3) x11 0x7fffffff
core   0: 0x800059d8 (0x0ff0000f) fence   iorw,iorw
core   0: 3 0x800059d8 (0x0ff0000f)
core   0: 0x800059dc (0x02df7263) bgeu    t5, a3, pc + 36
core   0: 3 0x800059dc (0x02df7263)
core   0: 0x80005a00 (0x0ff0000f) fence   iorw,iorw
core   0: 3 0x80005a00 (0x0ff0000f)
core   0: 0x80005a04 (0x34007173) csrrci  sp, mscratch, 0
core   0: 3 0x80005a04 (0x34007173) x2  0x00000019
core   0: 0x80005a08 (0xb9680b13) addi    s6, a6, -1130
core   0: 3 0x80005a08 (0xb9680b13) x22 0x000002a9
core   0: 0x80005a0c (0x00000001) c.nop
core   0: 3 0x80005a0c (0x0001)
core   0: 0x80005a0e (0xd0dc6f97) auipc   t6, 0xd0dc6
core   0: 3 0x80005a0e (0xd0dc6f97) x31 0x50dcba0e
core   0: 0x80005a12 (0x00fa5333) srl     t1, s4, a5
core   0: 3 0x80005a12 (0x00fa5333) x6  0xfd9bffc6
core   0: 0x80005a16 (0x00008a99) c.andi  a3, 6
core   0: 3 0x80005a16 (0x8a99) x13 0x00000006
core   0: 0x80005a18 (0x00008d8d) c.sub   a1, a1
core   0: 3 0x80005a18 (0x8d8d) x11 0x00000000
core   0: 0x80005a1a (0x00008d9d) c.sub   a1, a5
core   0: 3 0x80005a1a (0x8d9d) x11 0x00000000
core   0: 0x80005a1c (0x000060c9) c.lui   ra, 0x12
core   0: 3 0x80005a1c (0x60c9) x1  0x00012000
core   0: 0x80005a1e (0x340b2073) csrs    mscratch, s6
core   0: 3 0x80005a1e (0x340b2073) c832_mscratch 0x000002b9
core   0: 0x80005a22 (0x0000cc85) c.beqz  s1, pc + 56
core   0: 3 0x80005a22 (0xcc85)
core   0: 0x80005a24 (0x00008d15) c.sub   a0, a3
core   0: 3 0x80005a24 (0x8d15) x10 0xfffffffa
core   0: 0x80005a26 (0x003eaa33) slt     s4, t4, gp
core   0: 3 0x80005a26 (0x003eaa33) x20 0x00000001
core   0: 0x80005a2a (0x0ff0000f) fence   iorw,iorw
core   0: 3 0x80005a2a (0x0ff0000f)
core   0: 0x80005a2e (0xcdbbc713) xori    a4, s7, -805
core   0: 3 0x80005a2e (0xcdbbc713) x14 0x7ffda27f
core   0: 0x80005a32 (0x020d9263) bnez    s11, pc + 36
core   0: 3 0x80005a32 (0x020d9263)
core   0: 0x80005a36 (0x018544b3) xor     s1, a0, s8
core   0: 3 0x80005a36 (0x018544b3) x9  0xfffffff5
core   0: 0x80005a3a (0x00ad5413) srli    s0, s10, 10
core   0: 3 0x80005a3a (0x00ad5413) x8  0x00000000
core   0: 0x80005a3e (0x02ef6563) bltu    t5, a4, pc + 42
core   0: 3 0x80005a3e (0x02ef6563)
core   0: 0x80005a42 (0x00a42933) slt     s2, s0, a0
core   0: 3 0x80005a42 (0x00a42933) x18 0x00000000
core   0: 0x80005a46 (0x00000892) c.slli  a7, 4
core   0: 3 0x80005a46 (0x0892) x17 0x000071c0
core   0: 0x80005a48 (0x00ab0663) beq     s6, a0, pc + 12
core   0: 3 0x80005a48 (0x00ab0663)
core   0: 0x80005a4c (0x021f9063) bne     t6, ra, pc + 32
core   0: 3 0x80005a4c (0x021f9063)
core   0: 0x80005a6c (0x00008cd9) c.or    s1, a4
core   0: 3 0x80005a6c (0x8cd9) x9  0xffffffff
core   0: 0x80005a6e (0x00a05b13) srli    s6, zero, 10
core   0: 3 0x80005a6e (0x00a05b13) x22 0x00000000
core   0: 0x80005a72 (0x00001c7d) c.addi  s8, -1
core   0: 3 0x80005a72 (0x1c7d) x24 0x0000000e
core   0: 0x80005a74 (0x0000100f) fence.i
core   0: 3 0x80005a74 (0x0000100f)
core   0: 0x80005a78 (0x00008e5d) c.or    a2, a5
core   0: 3 0x80005a78 (0x8e5d) x12 0x00007fff
core   0: 0x80005a7a (0x00c5dc13) srli    s8, a1, 12
core   0: 3 0x80005a7a (0x00c5dc13) x24 0x00000000
core   0: 0x80005a7e (0x00008d55) c.or    a0, a3
core   0: 3 0x80005a7e (0x8d55) x10 0xfffffffe
core   0: 0x80005a80 (0x014ec463) blt     t4, s4, pc + 8
core   0: 3 0x80005a80 (0x014ec463)
core   0: 0x80005a88 (0x033ebab7) lui     s5, 0x33eb
core   0: 3 0x80005a88 (0x033ebab7) x21 0x033eb000
core   0: 0x80005a8c (0x00000001) c.nop
core   0: 3 0x80005a8c (0x0001)
core   0: 0x80005a8e (0x000005bd) c.addi  a1, 15
core   0: 3 0x80005a8e (0x05bd) x11 0x0000000f
core   0: 0x80005a90 (0x00005313) srli    t1, zero, 0
core   0: 3 0x80005a90 (0x00005313) x6  0x00000000
core   0: 0x80005a94 (0x902e8713) addi    a4, t4, -1790
core   0: 3 0x80005a94 (0x902e8713) x14 0xf7ffd8cd
core   0: 0x80005a98 (0x022b7133) remu    sp, s6, sp
core   0: 3 0x80005a98 (0x022b7133) x2  0x00000000
core   0: 0x80005a9c (0x34006af3) csrrsi  s5, mscratch, 0
core   0: 3 0x80005a9c (0x34006af3) x21 0x000002b9
core   0: 0x80005aa0 (0x677407b7) lui     a5, 0x67740
core   0: 3 0x80005aa0 (0x677407b7) x15 0x67740000
core   0: 0x80005aa4 (0x6a328f93) addi    t6, t0, 1699
core   0: 3 0x80005aa4 (0x6a328f93) x31 0xf57d90ad
core   0: 0x80005aa8 (0x340017f3) csrrw   a5, mscratch, zero
core   0: 3 0x80005aa8 (0x340017f3) x15 0x000002b9 c832_mscratch 0x00000000
core   0: 0x80005aac (0x97a8afb7) lui     t6, 0x97a8a
core   0: 3 0x80005aac (0x97a8afb7) x31 0x97a8a000
core   0: 0x80005ab0 (0x3405daf3) csrrwi  s5, mscratch, 11
core   0: 3 0x80005ab0 (0x3405daf3) x21 0x00000000 c832_mscratch 0x0000000b
core   0: 0x80005ab4 (0x00008c71) c.and   s0, a2
core   0: 3 0x80005ab4 (0x8c71) x8  0x00000000
core   0: 0x80005ab6 (0x01c45393) srli    t2, s0, 28
core   0: 3 0x80005ab6 (0x01c45393) x7  0x00000000
core   0: 0x80005aba (0x00fde563) bltu    s11, a5, pc + 10
core   0: 3 0x80005aba (0x00fde563)
core   0: 0x80005ac4 (0x0000717d) c.addi16sp sp, -16
core   0: 3 0x80005ac4 (0x717d) x2  0xfffffff0
core   0: 0x80005ac6 (0x039edd33) divu    s10, t4, s9
core   0: 3 0x80005ac6 (0x039edd33) x26 0x00b2d6ce
core   0: 0x80005aca (0x4d6a7a93) andi    s5, s4, 1238
core   0: 3 0x80005aca (0x4d6a7a93) x21 0x00000000
core   0: 0x80005ace (0x0290ce63) blt     ra, s1, pc + 60
core   0: 3 0x80005ace (0x0290ce63)
core   0: 0x80005ad2 (0x01a78db3) add     s11, a5, s10
core   0: 3 0x80005ad2 (0x01a78db3) x27 0x00b2d987
core   0: 0x80005ad6 (0x00000001) c.nop
core   0: 3 0x80005ad6 (0x0001)
core   0: 0x80005ad8 (0x012553b3) srl     t2, a0, s2
core   0: 3 0x80005ad8 (0x012553b3) x7  0xfffffffe
core   0: 0x80005adc (0x00ba95b3) sll     a1, s5, a1
core   0: 3 0x80005adc (0x00ba95b3) x11 0x00000000
core   0: 0x80005ae0 (0x0104d993) srli    s3, s1, 16
core   0: 3 0x80005ae0 (0x0104d993) x19 0x0000ffff
core   0: 0x80005ae4 (0x00be1233) sll     tp, t3, a1
core   0: 3 0x80005ae4 (0x00be1233) x4  0xffffffff
core   0: 0x80005ae8 (0x0042d713) srli    a4, t0, 4
core   0: 3 0x80005ae8 (0x0042d713) x14 0x0f57d8a0
core   0: 0x80005aec (0x03d118b3) mulh    a7, sp, t4
core   0: 3 0x80005aec (0x03d118b3) x17 0x00000000
core   0: 0x80005af0 (0xaa1dbf93) sltiu   t6, s11, -1375
core   0: 3 0x80005af0 (0xaa1dbf93) x31 0x00000001
core   0: 0x80005af4 (0x000003dd) c.addi  t2, 23
core   0: 3 0x80005af4 (0x03dd) x7  0x00000015
core   0: 0x80005af6 (0x01ebefb3) or      t6, s7, t5
core   0: 3 0x80005af6 (0x01ebefb3) x31 0x8002dfa4
core   0: 0x80005afa (0xde67ae93) slti    t4, a5, -538
core   0: 3 0x80005afa (0xde67ae93) x29 0x00000000
core   0: 0x80005afe (0x00008d59) c.or    a0, a4
core   0: 3 0x80005afe (0x8d59) x10 0xfffffffe
core   0: 0x80005b00 (0x5a33ec93) ori     s9, t2, 1443
core   0: 3 0x80005b00 (0x5a33ec93) x25 0x000005b7
core   0: 0x80005b04 (0x00008e0d) c.sub   a2, a1
core   0: 3 0x80005b04 (0x8e0d) x12 0x00007fff
core   0: 0x80005b06 (0x021acc63) blt     s5, ra, pc + 56
core   0: 3 0x80005b06 (0x021acc63)
core   0: 0x80005b3e (0x021bbeb3) mulhu   t4, s7, ra
core   0: 3 0x80005b3e (0x021bbeb3) x29 0x00009002
core   0: 0x80005b42 (0x34067e73) csrrci  t3, mscratch, 12
core   0: 3 0x80005b42 (0x34067e73) x28 0x0000000b c832_mscratch 0x00000003
core   0: 0x80005b46 (0x0093f4b3) and     s1, t2, s1
core   0: 3 0x80005b46 (0x0093f4b3) x9  0x00000015
core   0: 0x80005b4a (0x0000100f) fence.i
core   0: 3 0x80005b4a (0x0000100f)
core   0: 0x80005b4e (0x410ad813) srai    a6, s5, 16
core   0: 3 0x80005b4e (0x410ad813) x16 0x00000000
core   0: 0x80005b52 (0x00008e65) c.and   a2, s1
core   0: 3 0x80005b52 (0x8e65) x12 0x00000015
core   0: 0x80005b54 (0x01085713) srli    a4, a6, 16
core   0: 3 0x80005b54 (0x01085713) x14 0x00000000
core   0: 0x80005b58 (0x00006165) c.addi16sp sp, 112
core   0: 3 0x80005b58 (0x6165) x2  0x00000060
core   0: 0x80005b5a (0x637ad137) lui     sp, 0x637ad
core   0: 3 0x80005b5a (0x637ad137) x2  0x637ad000
core   0: 0x80005b5e (0x028ec633) div     a2, t4, s0
core   0: 3 0x80005b5e (0x028ec633) x12 0xffffffff
core   0: 0x80005b62 (0xbccd0193) addi    gp, s10, -1076
core   0: 3 0x80005b62 (0xbccd0193) x3  0x00b2d29a
core   0: 0x80005b66 (0x009ef8b3) and     a7, t4, s1
core   0: 3 0x80005b66 (0x009ef8b3) x17 0x00000000
core   0: 0x80005b6a (0x340dde73) csrrwi  t3, mscratch, 27
core   0: 3 0x80005b6a (0x340dde73) x28 0x00000003 c832_mscratch 0x0000001b
core   0: 0x80005b6e (0x004fd413) srli    s0, t6, 4
core   0: 3 0x80005b6e (0x004fd413) x8  0x08002dfa
core   0: 0x80005b72 (0x0144df93) srli    t6, s1, 20
core   0: 3 0x80005b72 (0x0144df93) x31 0x00000000
core   0: 0x80005b76 (0x3409d5f3) csrrwi  a1, mscratch, 19
core   0: 3 0x80005b76 (0x3409d5f3) x11 0x0000001b c832_mscratch 0x00000013
core   0: 0x80005b7a (0x0ff0000f) fence   iorw,iorw
core   0: 3 0x80005b7a (0x0ff0000f)
core   0: 0x80005b7e (0x000086e5) c.srai  a3, 25
core   0: 3 0x80005b7e (0x86e5) x13 0x00000000
core   0: 0x80005b80 (0x00ea3333) sltu    t1, s4, a4
core   0: 3 0x80005b80 (0x00ea3333) x6  0x00000000
core   0: 0x80005b84 (0x0000c615) c.beqz  a2, pc + 44
core   0: 3 0x80005b84 (0xc615)
core   0: 0x80005b86 (0xdc6b1017) auipc   zero, 0xdc6b1
core   0: 3 0x80005b86 (0xdc6b1017)
core   0: 0x80005b8a (0x0000911a) c.add   sp, t1
core   0: 3 0x80005b8a (0x911a) x2  0x637ad000
core   0: 0x80005b8c (0x02c4c533) div     a0, s1, a2
core   0: 3 0x80005b8c (0x02c4c533) x10 0xffffffeb
core   0: 0x80005b90 (0x02991833) mulh    a6, s2, s1
core   0: 3 0x80005b90 (0x02991833) x16 0x00000000
core   0: 0x80005b94 (0x340f50f3) csrrwi  ra, mscratch, 30
core   0: 3 0x80005b94 (0x340f50f3) x1  0x00000013 c832_mscratch 0x0000001e
core   0: 0x80005b98 (0x340f6173) csrrsi  sp, mscratch, 30
core   0: 3 0x80005b98 (0x340f6173) x2  0x0000001e c832_mscratch 0x0000001e
core   0: 0x80005b9c (0x0fdeac93) slti    s9, t4, 253
core   0: 3 0x80005b9c (0x0fdeac93) x25 0x00000000
core   0: 0x80005ba0 (0x01bf5833) srl     a6, t5, s11
core   0: 3 0x80005ba0 (0x01bf5833) x16 0x0100053a
core   0: 0x80005ba4 (0xf6ecb313) sltiu   t1, s9, -146
core   0: 3 0x80005ba4 (0xf6ecb313) x6  0x00000001
core   0: 0x80005ba8 (0x504cf697) auipc   a3, 0x504cf
core   0: 3 0x80005ba8 (0x504cf697) x13 0xd04d4ba8
core   0: 0x80005bac (0x01fa7c33) and     s8, s4, t6
core   0: 3 0x80005bac (0x01fa7c33) x24 0x00000000
core   0: 0x80005bb0 (0x02e41cb3) mulh    s9, s0, a4
core   0: 3 0x80005bb0 (0x02e41cb3) x25 0x00000000
core   0: 0x80005bb4 (0x0ff0000f) fence   iorw,iorw
core   0: 3 0x80005bb4 (0x0ff0000f)
core   0: 0x80005bb8 (0x0ff0000f) fence   iorw,iorw
core   0: 3 0x80005bb8 (0x0ff0000f)
core   0: 0x80005bbc (0x00000001) c.nop
core   0: 3 0x80005bbc (0x0001)
core   0: 0x80005bbe (0x000089d9) c.andi  a1, 22
core   0: 3 0x80005bbe (0x89d9) x11 0x00000012
core   0: 0x80005bc0 (0x00008e69) c.and   a2, a0
core   0: 3 0x80005bc0 (0x8e69) x12 0xffffffeb
core   0: 0x80005bc2 (0x00008e99) c.sub   a3, a4
core   0: 3 0x80005bc2 (0x8e99) x13 0xd04d4ba8
core   0: 0x80005bc4 (0x40650b33) sub     s6, a0, t1
core   0: 3 0x80005bc4 (0x40650b33) x22 0xffffffea
core   0: 0x80005bc8 (0x00008f01) c.sub   a4, s0
core   0: 3 0x80005bc8 (0x8f01) x14 0xf7ffd206
core   0: 0x80005bca (0x027b0c63) beq     s6, t2, pc + 56
core   0: 3 0x80005bca (0x027b0c63)
core   0: 0x80005bce (0x01dd5413) srli    s0, s10, 29
core   0: 3 0x80005bce (0x01dd5413) x8  0x00000000
core   0: 0x80005bd2 (0x01314033) xor     zero, sp, s3
core   0: 3 0x80005bd2 (0x01314033)
core   0: 0x80005bd6 (0x01bba333) slt     t1, s7, s11
core   0: 3 0x80005bd6 (0x01bba333) x6  0x00000001
core   0: 0x80005bda (0x00000001) c.nop
core   0: 3 0x80005bda (0x0001)
core   0: 0x80005bdc (0x7a193913) sltiu   s2, s2, 1953
core   0: 3 0x80005bdc (0x7a193913) x18 0x00000001
core   0: 0x80005be0 (0xb699a993) slti    s3, s3, -1175
core   0: 3 0x80005be0 (0xb699a993) x19 0x00000000
core   0: 0x80005be4 (0x0000856d) c.srai  a0, 27
core   0: 3 0x80005be4 (0x856d) x10 0xffffffff
core   0: 0x80005be6 (0x0356f263) bgeu    a3, s5, pc + 36
core   0: 3 0x80005be6 (0x0356f263)
core   0: 0x80005c0a (0x021bd663) bge     s7, ra, pc + 44
core   0: 3 0x80005c0a (0x021bd663)
core   0: 0x80005c0e (0x1677d397) auipc   t2, 0x1677d
core   0: 3 0x80005c0e (0x1677d397) x7  0x96782c0e
core   0: 0x80005c12 (0x34009673) csrrw   a2, mscratch, ra
core   0: 3 0x80005c12 (0x34009673) x12 0x0000001e c832_mscratch 0x00000013
core   0: 0x80005c16 (0x029f7133) remu    sp, t5, s1
core   0: 3 0x80005c16 (0x029f7133) x2  0x00000005
core   0: 0x80005c1a (0x000081c6) c.mv    gp, a7
core   0: 3 0x80005c1a (0x81c6) x3  0x00000000
core   0: 0x80005c1c (0x0279bd33) mulhu   s10, s3, t2
core   0: 3 0x80005c1c (0x0279bd33) x26 0x00000000
core   0: 0x80005c20 (0x40a00633) sub     a2, zero, a0
core   0: 3 0x80005c20 (0x40a00633) x12 0x00000001
core   0: 0x80005c24 (0x012a31b3) sltu    gp, s4, s2
core   0: 3 0x80005c24 (0x012a31b3) x3  0x00000000
core   0: 0x80005c28 (0x03840933) mul     s2, s0, s8
core   0: 3 0x80005c28 (0x03840933) x18 0x00000000
core   0: 0x80005c2c (0x01f7a433) slt     s0, a5, t6
core   0: 3 0x80005c2c (0x01f7a433) x8  0x00000000
core   0: 0x80005c30 (0x0000c289) c.beqz  a3, pc + 2
core   0: 3 0x80005c30 (0xc289)
core   0: 0x80005c32 (0x01a55eb3) srl     t4, a0, s10
core   0: 3 0x80005c32 (0x01a55eb3) x29 0xffffffff
core   0: 0x80005c36 (0x4781f593) andi    a1, gp, 1144
core   0: 3 0x80005c36 (0x4781f593) x11 0x00000000
core   0: 0x80005c3a (0x00008d5e) c.mv    s10, s7
core   0: 3 0x80005c3a (0x8d5e) x26 0x80025ea4
core   0: 0x80005c3c (0x0000100f) fence.i
core   0: 3 0x80005c3c (0x0000100f)
core   0: 0x80005c40 (0x02e67d33) remu    s10, a2, a4
core   0: 3 0x80005c40 (0x02e67d33) x26 0x00000001
core   0: 0x80005c44 (0x006eafb3) slt     t6, t4, t1
core   0: 3 0x80005c44 (0x006eafb3) x31 0x00000001
core   0: 0x80005c48 (0x419f56b3) sra     a3, t5, s9
core   0: 3 0x80005c48 (0x419f56b3) x13 0x80029d24
core   0: 0x80005c4c (0x01a16eb3) or      t4, sp, s10
core   0: 3 0x80005c4c (0x01a16eb3) x29 0x00000005
core   0: 0x80005c50 (0x038d8233) mul     tp, s11, s8
core   0: 3 0x80005c50 (0x038d8233) x4  0x00000000
core   0: 0x80005c54 (0x6abae717) auipc   a4, 0x6abae
core   0: 3 0x80005c54 (0x6abae717) x14 0xeabb3c54
core   0: 0x80005c58 (0x01cc5263) bge     s8, t3, pc + 4
core   0: 3 0x80005c58 (0x01cc5263)
core   0: 0x80005c5c (0x0021f1b3) and     gp, gp, sp
core   0: 3 0x80005c5c (0x0021f1b3) x3  0x00000000
core   0: 0x80005c60 (0x40548933) sub     s2, s1, t0
core   0: 3 0x80005c60 (0x40548933) x18 0x0a82760b
core   0: 0x80005c64 (0x000006c6) c.slli  a3, 17
core   0: 3 0x80005c64 (0x06c6) x13 0x3a480000
core   0: 0x80005c66 (0x0029ee63) bltu    s3, sp, pc + 28
core   0: 3 0x80005c66 (0x0029ee63)
core   0: 0x80005c82 (0x0000e395) c.bnez  a5, pc + 36
core   0: 3 0x80005c82 (0xe395)
core   0: 0x80005ca6 (0x6e372593) slti    a1, a4, 1763
core   0: 3 0x80005ca6 (0x6e372593) x11 0x00000001
core   0: 0x80005caa (0x00008485) c.srai  s1, 1
core   0: 3 0x80005caa (0x8485) x9  0x0000000a
core   0: 0x80005cac (0x03c149b3) div     s3, sp, t3
core   0: 3 0x80005cac (0x03c149b3) x19 0x00000001
core   0: 0x80005cb0 (0x0061d993) srli    s3, gp, 6
core   0: 3 0x80005cb0 (0x0061d993) x19 0x00000000
core   0: 0x80005cb4 (0x00008d21) c.xor   a0, s0
core   0: 3 0x80005cb4 (0x8d21) x10 0xffffffff
core   0: 0x80005cb6 (0x0056f133) and     sp, a3, t0
core   0: 3 0x80005cb6 (0x0056f133) x2  0x30480000
core   0: 0x80005cba (0x34006ff3) csrrsi  t6, mscratch, 0
core   0: 3 0x80005cba (0x34006ff3) x31 0x00000013
core   0: 0x80005cbe (0x0005d7b3) srl     a5, a1, zero
core   0: 3 0x80005cbe (0x0005d7b3) x15 0x00000001
core   0: 0x80005cc2 (0x01e95c13) srli    s8, s2, 30
core   0: 3 0x80005cc2 (0x01e95c13) x24 0x00000000
core   0: 0x80005cc6 (0x032b5cb3) divu    s9, s6, s2
core   0: 3 0x80005cc6 (0x032b5cb3) x25 0x00000018
core   0: 0x80005cca (0x00039663) bnez    t2, pc + 12
core   0: 3 0x80005cca (0x00039663)
core   0: 0x80005cd6 (0x00000dfa) c.slli  s11, 30
core   0: 3 0x80005cd6 (0x0dfa) x27 0xc0000000
core   0: 0x80005cd8 (0x88b5ce13) xori    t3, a1, -1909
core   0: 3 0x80005cd8 (0x88b5ce13) x28 0xfffff88a
core   0: 0x80005cdc (0x00000180) c.addi4spn s0, sp, 192
core   0: 3 0x80005cdc (0x0180) x8  0x304800c0
core   0: 0x80005cde (0x036448b3) div     a7, s0, s6
core   0: 3 0x80005cde (0x036448b3) x17 0xfdce2e83
core   0: 0x80005ce2 (0x00008c1d) c.sub   s0, a5
core   0: 3 0x80005ce2 (0x8c1d) x8  0x304800bf
core   0: 0x80005ce4 (0x00d26833) or      a6, tp, a3
core   0: 3 0x80005ce4 (0x00d26833) x16 0x3a480000
core   0: 0x80005ce8 (0x03736933) rem     s2, t1, s7
core   0: 3 0x80005ce8 (0x03736933) x18 0x00000001
core   0: 0x80005cec (0x0240e533) rem     a0, ra, tp
core   0: 3 0x80005cec (0x0240e533) x10 0x00000013
core   0: 0x80005cf0 (0x02541e63) bne     s0, t0, pc + 60
core   0: 3 0x80005cf0 (0x02541e63)
core   0: 0x80005d2c (0x40700db3) sub     s11, zero, t2
core   0: 3 0x80005d2c (0x40700db3) x27 0x6987d3f2
core   0: 0x80005d30 (0x34081af3) csrrw   s5, mscratch, a6
core   0: 3 0x80005d30 (0x34081af3) x21 0x00000013 c832_mscratch 0x3a480000
core   0: 0x80005d34 (0x00006ca9) c.lui   s9, 0xa
core   0: 3 0x80005d34 (0x6ca9) x25 0x0000a000
core   0: 0x80005d36 (0x340063f3) csrrsi  t2, mscratch, 0
core   0: 3 0x80005d36 (0x340063f3) x7  0x3a480000
core   0: 0x80005d3a (0x340071f3) csrrci  gp, mscratch, 0
core   0: 3 0x80005d3a (0x340071f3) x3  0x3a480000
core   0: 0x80005d3e (0x00000475) c.addi  s0, 29
core   0: 3 0x80005d3e (0x0475) x8  0x304800dc
core   0: 0x80005d40 (0x4e96c593) xori    a1, a3, 1257
core   0: 3 0x80005d40 (0x4e96c593) x11 0x3a4804e9
core   0: 0x80005d44 (0x01d7c933) xor     s2, a5, t4
core   0: 3 0x80005d44 (0x01d7c933) x18 0x00000004
core   0: 0x80005d48 (0x0ff0000f) fence   iorw,iorw
core   0: 3 0x80005d48 (0x0ff0000f)
core   0: 0x80005d4c (0x0000100f) fence.i
core   0: 3 0x80005d4c (0x0000100f)
core   0: 0x80005d50 (0x00000e45) c.addi  t3, 17
core   0: 3 0x80005d50 (0x0e45) x28 0xfffff89b
core   0: 0x80005d52 (0x01e86463) bltu    a6, t5, pc + 8
core   0: 3 0x80005d52 (0x01e86463)
core   0: 0x80005d5a (0x000093ee) c.add   t2, s11
core   0: 3 0x80005d5a (0x93ee) x7  0xa3cfd3f2
core   0: 0x80005d5c (0x01895233) srl     tp, s2, s8
core   0: 3 0x80005d5c (0x01895233) x4  0x00000004
core   0: 0x80005d60 (0xe728c093) xori    ra, a7, -398
core   0: 3 0x80005d60 (0xe728c093) x1  0x0231d0f1
core   0: 0x80005d64 (0x015fab33) slt     s6, t6, s5
core   0: 3 0x80005d64 (0x015fab33) x22 0x00000000
core   0: 0x80005d68 (0x000047f9) c.li    a5, 30
core   0: 3 0x80005d68 (0x47f9) x15 0x0000001e
core   0: 0x80005d6a (0x14be6117) auipc   sp, 0x14be6
core   0: 3 0x80005d6a (0x14be6117) x2  0x94bebd6a
core   0: 0x80005d6e (0x00f4fcb3) and     s9, s1, a5
core   0: 3 0x80005d6e (0x00f4fcb3) x25 0x0000000a
core   0: 0x80005d72 (0x015e8f63) beq     t4, s5, pc + 30
core   0: 3 0x80005d72 (0x015e8f63)
core   0: 0x80005d76 (0x34025273) csrrwi  tp, mscratch, 4
core   0: 3 0x80005d76 (0x34025273) x4  0x3a480000 c832_mscratch 0x00000004
core   0: 0x80005d7a (0x013edb33) srl     s6, t4, s3
core   0: 3 0x80005d7a (0x013edb33) x22 0x00000005
core   0: 0x80005d7e (0x0000ee99) c.bnez  a3, pc + 30
core   0: 3 0x80005d7e (0xee99)
core   0: 0x80005d9c (0x00000001) c.nop
core   0: 3 0x80005d9c (0x0001)
core   0: 0x80005d9e (0x05b90313) addi    t1, s2, 91
core   0: 3 0x80005d9e (0x05b90313) x6  0x0000005f
core   0: 0x80005da2 (0x56176637) lui     a2, 0x56176
core   0: 3 0x80005da2 (0x56176637) x12 0x56176000
core   0: 0x80005da6 (0x0000e891) c.bnez  s1, pc + 20
core   0: 3 0x80005da6 (0xe891)
core   0: 0x80005dba (0x4ce4b213) sltiu   tp, s1, 1230
core   0: 3 0x80005dba (0x4ce4b213) x4  0x00000001
core   0: 0x80005dbe (0xfec70313) addi    t1, a4, -20
core   0: 3 0x80005dbe (0xfec70313) x6  0xeabb3c40
core   0: 0x80005dc2 (0x00e6be33) sltu    t3, a3, a4
core   0: 3 0x80005dc2 (0x00e6be33) x28 0x00000001
core   0: 0x80005dc6 (0x011fdc63) bge     t6, a7, pc + 24
core   0: 3 0x80005dc6 (0x011fdc63)
core   0: 0x80005dde (0x34002573) csrr    a0, mscratch
core   0: 3 0x80005dde (0x34002573) x10 0x00000004
core   0: 0x80005de2 (0xa20de717) auipc   a4, 0xa20de
core   0: 3 0x80005de2 (0xa20de717) x14 0x220e3de2
core   0: 0x80005de6 (0x000040c1) c.li    ra, 16
core   0: 3 0x80005de6 (0x40c1) x1  0x00000010
core   0: 0x80005de8 (0x000082f1) c.srli  a3, 28
core   0: 3 0x80005de8 (0x82f1) x13 0x00000003
core   0: 0x80005dea (0x00849c13) slli    s8, s1, 8
core   0: 3 0x80005dea (0x00849c13) x24 0x00000a00
core   0: 0x80005dee (0x01909113) slli    sp, ra, 25
core   0: 3 0x80005dee (0x01909113) x2  0x20000000
core   0: 0x80005df2 (0x00005afd) c.li    s5, -1
core   0: 3 0x80005df2 (0x5afd) x21 0xffffffff
core   0: 0x80005df4 (0x00008c19) c.sub   s0, a4
core   0: 3 0x80005df4 (0x8c19) x8  0x0e39c2fa
core   0: 0x80005df6 (0x401e8233) sub     tp, t4, ra
core   0: 3 0x80005df6 (0x401e8233) x4  0xfffffff5
core   0: 0x80005dfa (0x02b27fb3) remu    t6, tp, a1
core   0: 3 0x80005dfa (0x02b27fb3) x31 0x16dfec51
core   0: 0x80005dfe (0x8db93937) lui     s2, 0x8db93
core   0: 3 0x80005dfe (0x8db93937) x18 0x8db93000
core   0: 0x80005e02 (0x00008cd1) c.or    s1, a2
core   0: 3 0x80005e02 (0x8cd1) x9  0x5617600a
core   0: 0x80005e04 (0x00006b35) c.lui   s6, 0xd
core   0: 3 0x80005e04 (0x6b35) x22 0x0000d000
core   0: 0x80005e06 (0x00008d09) c.sub   a0, a0
core   0: 3 0x80005e06 (0x8d09) x10 0x00000000
core   0: 0x80005e08 (0x00009b7d) c.andi  a4, -1
core   0: 3 0x80005e08 (0x9b7d) x14 0x220e3de2
core   0: 0x80005e0a (0x00000832) c.slli  a6, 12
core   0: 3 0x80005e0a (0x0832) x16 0x80000000
core   0: 0x80005e0c (0x00009bfd) c.andi  a5, -1
core   0: 3 0x80005e0c (0x9bfd) x15 0x0000001e
core   0: 0x80005e0e (0xe6bfae93) slti    t4, t6, -405
core   0: 3 0x80005e0e (0xe6bfae93) x29 0x00000000
core   0: 0x80005e12 (0x0000ed11) c.bnez  a0, pc + 28
core   0: 3 0x80005e12 (0xed11)
core   0: 0x80005e14 (0x02fbdb33) divu    s6, s7, a5
core   0: 3 0x80005e14 (0x02fbdb33) x22 0x0444587c
core   0: 0x80005e18 (0x00008c99) c.sub   s1, a4
core   0: 3 0x80005e18 (0x8c99) x9  0x34092228
core   0: 0x80005e1a (0x000007b6) c.slli  a5, 13
core   0: 3 0x80005e1a (0x07b6) x15 0x0003c000
core   0: 0x80005e1c (0x032961b3) rem     gp, s2, s2
core   0: 3 0x80005e1c (0x032961b3) x3  0x00000000
core   0: 0x80005e20 (0x000060b9) c.lui   ra, 0xe
core   0: 3 0x80005e20 (0x60b9) x1  0x0000e000
core   0: 0x80005e22 (0x01d24b63) blt     tp, t4, pc + 22
core   0: 3 0x80005e22 (0x01d24b63)
core   0: 0x80005e38 (0x00008e91) c.sub   a3, a2
core   0: 3 0x80005e38 (0x8e91) x13 0xa9e8a003
core   0: 0x80005e3a (0xe13dc613) xori    a2, s11, -493
core   0: 3 0x80005e3a (0xe13dc613) x12 0x96782de1
core   0: 0x80005e3e (0x00008dd5) c.or    a1, a3
core   0: 3 0x80005e3e (0x8dd5) x11 0xbbe8a4eb
core   0: 0x80005e40 (0x317ba993) slti    s3, s7, 791
core   0: 3 0x80005e40 (0x317ba993) x19 0x00000001
core   0: 0x80005e44 (0x003ee733) or      a4, t4, gp
core   0: 3 0x80005e44 (0x003ee733) x14 0x00000000
core   0: 0x80005e48 (0x0000816d) c.srli  a0, 27
core   0: 3 0x80005e48 (0x816d) x10 0x00000000
core   0: 0x80005e4a (0x03da13b3) mulh    t2, s4, t4
core   0: 3 0x80005e4a (0x03da13b3) x7  0x00000000
core   0: 0x80005e4e (0x00518e33) add     t3, gp, t0
core   0: 3 0x80005e4e (0x00518e33) x28 0xf57d8a0a
core   0: 0x80005e52 (0x40145433) sra     s0, s0, ra
core   0: 3 0x80005e52 (0x40145433) x8  0x0e39c2fa
core   0: 0x80005e56 (0x00000908) c.addi4spn a0, sp, 144
core   0: 3 0x80005e56 (0x0908) x10 0x20000090
core   0: 0x80005e58 (0x00ec3cb3) sltu    s9, s8, a4
core   0: 3 0x80005e58 (0x00ec3cb3) x25 0x00000000
core   0: 0x80005e5c (0x00008dbd) c.xor   a1, a5
core   0: 3 0x80005e5c (0x8dbd) x11 0xbbeb64eb
core   0: 0x80005e5e (0x9c347837) lui     a6, 0x9c347
core   0: 3 0x80005e5e (0x9c347837) x16 0x9c347000
core   0: 0x80005e62 (0xf037ad93) slti    s11, a5, -253
core   0: 3 0x80005e62 (0xf037ad93) x27 0x00000000
core   0: 0x80005e66 (0x03056c63) bltu    a0, a6, pc + 56
core   0: 3 0x80005e66 (0x03056c63)
core   0: 0x80005e9e (0x00008971) c.andi  a0, 28
core   0: 3 0x80005e9e (0x8971) x10 0x00000010
core   0: 0x80005ea0 (0x00008f55) c.or    a4, a3
core   0: 3 0x80005ea0 (0x8f55) x14 0xa9e8a003
core   0: 0x80005ea2 (0x024a26b3) mulhsu  a3, s4, tp
core   0: 3 0x80005ea2 (0x024a26b3) x13 0x00000000
core   0: 0x80005ea6 (0x0253d063) bge     t2, t0, pc + 32
core   0: 3 0x80005ea6 (0x0253d063)
core   0: 0x80005ec6 (0x4ccd2cb7) lui     s9, 0x4ccd2
core   0: 3 0x80005ec6 (0x4ccd2cb7) x25 0x4ccd2000
core   0: 0x80005eca (0x00008305) c.srli  a4, 1
core   0: 3 0x80005eca (0x8305) x14 0x54f45001
core   0: 0x80005ecc (0x03c1f763) bgeu    gp, t3, pc + 46
core   0: 3 0x80005ecc (0x03c1f763)
core   0: 0x80005ed0 (0x01b29d33) sll     s10, t0, s11
core   0: 3 0x80005ed0 (0x01b29d33) x26 0xf57d8a0a
core   0: 0x80005ed4 (0x00001804) c.addi4spn s1, sp, 48
core   0: 3 0x80005ed4 (0x1804) x9  0x20000030
core   0: 0x80005ed6 (0x00000001) c.nop
core   0: 3 0x80005ed6 (0x0001)
core   0: 0x80005ed8 (0x904a8a93) addi    s5, s5, -1788
core   0: 3 0x80005ed8 (0x904a8a93) x21 0xfffff903
core   0: 0x80005edc (0x340f3e73) csrrc   t3, mscratch, t5
core   0: 3 0x80005edc (0x340f3e73) x28 0x00000004 c832_mscratch 0x00000000
core   0: 0x80005ee0 (0x00000136) c.slli  sp, 13
core   0: 3 0x80005ee0 (0x0136) x2  0x00000000
core   0: 0x80005ee2 (0x00232e33) slt     t3, t1, sp
core   0: 3 0x80005ee2 (0x00232e33) x28 0x00000001
core   0: 0x80005ee6 (0x00000001) c.nop
core   0: 3 0x80005ee6 (0x0001)
core   0: 0x80005ee8 (0x01026233) or      tp, tp, a6
core   0: 3 0x80005ee8 (0x01026233) x4  0xfffffff5
core   0: 0x80005eec (0x0ff0000f) fence   iorw,iorw
core   0: 3 0x80005eec (0x0ff0000f)
core   0: 0x80005ef0 (0x34002873) csrr    a6, mscratch
core   0: 3 0x80005ef0 (0x34002873) x16 0x00000000
core   0: 0x80005ef4 (0x340195f3) csrrw   a1, mscratch, gp
core   0: 3 0x80005ef4 (0x340195f3) x11 0x00000000 c832_mscratch 0x00000000
core   0: 0x80005ef8 (0x00008179) c.srli  a0, 30
core   0: 3 0x80005ef8 (0x8179) x10 0x00000000
core   0: 0x80005efa (0x0000100f) fence.i
core   0: 3 0x80005efa (0x0000100f)
core   0: 0x80005efe (0x027a1563) bne     s4, t2, pc + 42
core   0: 3 0x80005efe (0x027a1563)
core   0: 0x80005f28 (0x00c39413) slli    s0, t2, 12
core   0: 3 0x80005f28 (0x00c39413) x8  0x00000000
core   0: 0x80005f2c (0x03d07fb3) remu    t6, zero, t4
core   0: 3 0x80005f2c (0x03d07fb3) x31 0x00000000
core   0: 0x80005f30 (0x340069f3) csrrsi  s3, mscratch, 0
core   0: 3 0x80005f30 (0x340069f3) x19 0x00000000
core   0: 0x80005f34 (0x4085d713) srai    a4, a1, 8
core   0: 3 0x80005f34 (0x4085d713) x14 0x00000000
core   0: 0x80005f38 (0x340495f3) csrrw   a1, mscratch, s1
core   0: 3 0x80005f38 (0x340495f3) x11 0x00000000 c832_mscratch 0x20000030
core   0: 0x80005f3c (0x03465363) bge     a2, s4, pc + 38
core   0: 3 0x80005f3c (0x03465363)
core   0: 0x80005f40 (0x00000001) c.nop
core   0: 3 0x80005f40 (0x0001)
core   0: 0x80005f42 (0xaae3a5b7) lui     a1, 0xaae3a
core   0: 3 0x80005f42 (0xaae3a5b7) x11 0xaae3a000
core   0: 0x80005f46 (0x34007cf3) csrrci  s9, mscratch, 0
core   0: 3 0x80005f46 (0x34007cf3) x25 0x20000030
core   0: 0x80005f4a (0x00000001) c.nop
core   0: 3 0x80005f4a (0x0001)
core   0: 0x80005f4c (0x02f518b3) mulh    a7, a0, a5
core   0: 3 0x80005f4c (0x02f518b3) x17 0x00000000
core   0: 0x80005f50 (0x34003ff3) csrrc   t6, mscratch, zero
core   0: 3 0x80005f50 (0x34003ff3) x31 0x20000030
core   0: 0x80005f54 (0x340fa3f3) csrrs   t2, mscratch, t6
core   0: 3 0x80005f54 (0x340fa3f3) x7  0x20000030 c832_mscratch 0x20000030
core   0: 0x80005f58 (0x005ffd63) bgeu    t6, t0, pc + 26
core   0: 3 0x80005f58 (0x005ffd63)
core   0: 0x80005f5c (0x00008826) c.mv    a6, s1
core   0: 3 0x80005f5c (0x8826) x16 0x20000030
core   0: 0x80005f5e (0x0ff0000f) fence   iorw,iorw
core   0: 3 0x80005f5e (0x0ff0000f)
core   0: 0x80005f62 (0x02e738b3) mulhu   a7, a4, a4
core   0: 3 0x80005f62 (0x02e738b3) x17 0x00000000
core   0: 0x80005f66 (0x03be2933) mulhsu  s2, t3, s11
core   0: 3 0x80005f66 (0x03be2933) x18 0x00000000
core   0: 0x80005f6a (0x0ff0000f) fence   iorw,iorw
core   0: 3 0x80005f6a (0x0ff0000f)
core   0: 0x80005f6e (0x0000100f) fence.i
core   0: 3 0x80005f6e (0x0000100f)
core   0: 0x80005f72 (0x41bb5313) srai    t1, s6, 27
core   0: 3 0x80005f72 (0x41bb5313) x6  0x00000000
core   0: 0x80005f76 (0x02115d63) bge     sp, ra, pc + 58
core   0: 3 0x80005f76 (0x02115d63)
core   0: 0x80005f7a (0xb95c3037) lui     zero, 0xb95c3
core   0: 3 0x80005f7a (0xb95c3037)
core   0: 0x80005f7e (0x00f32e33) slt     t3, t1, a5
core   0: 3 0x80005f7e (0x00f32e33) x28 0x00000001
core   0: 0x80005f82 (0x340e33f3) csrrc   t2, mscratch, t3
core   0: 3 0x80005f82 (0x340e33f3) x7  0x20000030 c832_mscratch 0x20000030
core   0: 0x80005f86 (0x40a36997) auipc   s3, 0x40a36
core   0: 3 0x80005f86 (0x40a36997) x19 0xc0a3bf86
core   0: 0x80005f8a (0x0000ed19) c.bnez  a0, pc + 30
core   0: 3 0x80005f8a (0xed19)
core   0: 0x80005f8c (0x000063e9) c.lui   t2, 0x1a
core   0: 3 0x80005f8c (0x63e9) x7  0x0001a000
core   0: 0x80005f8e (0x00001f10) c.addi4spn a2, sp, 944
core   0: 3 0x80005f8e (0x1f10) x12 0x000003b0
core   0: 0x80005f90 (0x001fe563) bltu    t6, ra, pc + 10
core   0: 3 0x80005f90 (0x001fe563)
core   0: 0x80005f94 (0x00001ffd) c.addi  t6, -1
core   0: 3 0x80005f94 (0x1ffd) x31 0x2000002f
core   0: 0x80005f96 (0x02f34eb3) div     t4, t1, a5
core   0: 3 0x80005f96 (0x02f34eb3) x29 0x00000000
core   0: 0x80005f9a (0x034bac33) mulhsu  s8, s7, s4
core   0: 3 0x80005f9a (0x034bac33) x24 0xffffffff
core   0: 0x80005f9e (0x03fc6833) rem     a6, s8, t6
core   0: 3 0x80005f9e (0x03fc6833) x16 0xffffffff
core   0: 0x80005fa2 (0x001c25b3) slt     a1, s8, ra
core   0: 3 0x80005fa2 (0x001c25b3) x11 0x00000001
core   0: 0x80005fa6 (0x000081f9) c.srli  a1, 30
core   0: 3 0x80005fa6 (0x81f9) x11 0x00000000
core   0: 0x80005fa8 (0x00c99e33) sll     t3, s3, a2
core   0: 3 0x80005fa8 (0x00c99e33) x28 0xbf860000
core   0: 0x80005fac (0x029cfa33) remu    s4, s9, s1
core   0: 3 0x80005fac (0x029cfa33) x20 0x00000000
core   0: 0x80005fb0 (0x02130c33) mul     s8, t1, ra
core   0: 3 0x80005fb0 (0x02130c33) x24 0x00000000
core   0: 0x80005fb4 (0x00fc0733) add     a4, s8, a5
core   0: 3 0x80005fb4 (0x00fc0733) x14 0x0003c000
core   0: 0x80005fb8 (0x01af9013) slli    zero, t6, 26
core   0: 3 0x80005fb8 (0x01af9013)
core   0: 0x80005fbc (0x48dc4d13) xori    s10, s8, 1165
core   0: 3 0x80005fbc (0x48dc4d13) x26 0x0000048d
core   0: 0x80005fc0 (0x01201933) sll     s2, zero, s2
core   0: 3 0x80005fc0 (0x01201933) x18 0x00000000
core   0: 0x80005fc4 (0x00008fbe) c.mv    t6, a5
core   0: 3 0x80005fc4 (0x8fbe) x31 0x0003c000
core   0: 0x80005fc6 (0x000081ad) c.srli  a1, 11
core   0: 3 0x80005fc6 (0x81ad) x11 0x00000000
core   0: 0x80005fc8 (0x340cb873) csrrc   a6, mscratch, s9
core   0: 3 0x80005fc8 (0x340cb873) x16 0x20000030 c832_mscratch 0x00000000
core   0: 0x80005fcc (0x0062bb33) sltu    s6, t0, t1
core   0: 3 0x80005fcc (0x0062bb33) x22 0x00000000
core   0: 0x80005fd0 (0x000005da) c.slli  a1, 22
core   0: 3 0x80005fd0 (0x05da) x11 0x00000000
core   0: 0x80005fd2 (0x03b69663) bne     a3, s11, pc + 44
core   0: 3 0x80005fd2 (0x03b69663)
core   0: 0x80005fd6 (0x0000c989) c.beqz  a1, pc + 18
core   0: 3 0x80005fd6 (0xc989)
core   0: 0x80005fe8 (0x01972133) slt     sp, a4, s9
core   0: 3 0x80005fe8 (0x01972133) x2  0x00000001
core   0: 0x80005fec (0x036699b3) mulh    s3, a3, s6
core   0: 3 0x80005fec (0x036699b3) x19 0x00000000
core   0: 0x80005ff0 (0x00006145) c.addi16sp sp, 48
core   0: 3 0x80005ff0 (0x6145) x2  0x00000031
core   0: 0x80005ff2 (0x00008c35) c.xor   s0, a3
core   0: 3 0x80005ff2 (0x8c35) x8  0x00000000
core   0: 0x80005ff4 (0x008877b3) and     a5, a6, s0
core   0: 3 0x80005ff4 (0x008877b3) x15 0x00000000
core   0: 0x80005ff8 (0x00008e59) c.or    a2, a4
core   0: 3 0x80005ff8 (0x8e59) x12 0x0003c3b0
core   0: 0x80005ffa (0x340063f3) csrrsi  t2, mscratch, 0
core   0: 3 0x80005ffa (0x340063f3) x7  0x00000000
core   0: 0x80005ffe (0x02309cb3) mulh    s9, ra, gp
core   0: 3 0x80005ffe (0x02309cb3) x25 0x00000000
core   0: 0x80006002 (0x0000473d) c.li    a4, 15
core   0: 3 0x80006002 (0x473d) x14 0x0000000f
core   0: 0x80006004 (0x01b99263) bne     s3, s11, pc + 4
core   0: 3 0x80006004 (0x01b99263)
core   0: 0x80006008 (0xe692a613) slti    a2, t0, -407
core   0: 3 0x80006008 (0xe692a613) x12 0x00000001
core   0: 0x8000600c (0x02746763) bltu    s0, t2, pc + 46
core   0: 3 0x8000600c (0x02746763)
core   0: 0x80006010 (0x3408d973) csrrwi  s2, mscratch, 17
core   0: 3 0x80006010 (0x3408d973) x18 0x00000000 c832_mscratch 0x00000011
core   0: 0x80006014 (0x00487463) bgeu    a6, tp, pc + 8
core   0: 3 0x80006014 (0x00487463)
core   0: 0x80006018 (0x02fa4033) div     zero, s4, a5
core   0: 3 0x80006018 (0x02fa4033)
core   0: 0x8000601c (0x00008f91) c.sub   a5, a2
core   0: 3 0x8000601c (0x8f91) x15 0xffffffff
core   0: 0x8000601e (0x01ecb033) sltu    zero, s9, t5
core   0: 3 0x8000601e (0x01ecb033)
core   0: 0x80006022 (0x34042b73) csrrs   s6, mscratch, s0
core   0: 3 0x80006022 (0x34042b73) x22 0x00000011 c832_mscratch 0x00000011
core   0: 0x80006026 (0x001b5863) bge     s6, ra, pc + 16
core   0: 3 0x80006026 (0x001b5863)
core   0: 0x8000602a (0x34095773) csrrwi  a4, mscratch, 18
core   0: 3 0x8000602a (0x34095773) x14 0x00000011 c832_mscratch 0x00000012
core   0: 0x8000602e (0x74b4f513) andi    a0, s1, 1867
core   0: 3 0x8000602e (0x74b4f513) x10 0x00000000
core   0: 0x80006032 (0x85764e93) xori    t4, a2, -1961
core   0: 3 0x80006032 (0x85764e93) x29 0xfffff856
core   0: 0x80006036 (0x016438b3) sltu    a7, s0, s6
core   0: 3 0x80006036 (0x016438b3) x17 0x00000001
core   0: 0x8000603a (0x00008e19) c.sub   a2, a4
core   0: 3 0x8000603a (0x8e19) x12 0xfffffff0
core   0: 0x8000603c (0x7c1db713) sltiu   a4, s11, 1985
core   0: 3 0x8000603c (0x7c1db713) x14 0x00000001
core   0: 0x80006040 (0x01881b33) sll     s6, a6, s8
core   0: 3 0x80006040 (0x01881b33) x22 0x20000030
core   0: 0x80006044 (0x3aa9b093) sltiu   ra, s3, 938
core   0: 3 0x80006044 (0x3aa9b093) x1  0x00000001
core   0: 0x80006048 (0x3400dcf3) csrrwi  s9, mscratch, 1
core   0: 3 0x80006048 (0x3400dcf3) x25 0x00000012 c832_mscratch 0x00000001
core   0: 0x8000604c (0x00c80a33) add     s4, a6, a2
core   0: 3 0x8000604c (0x00c80a33) x20 0x20000020
core   0: 0x80006050 (0x0083b6b3) sltu    a3, t2, s0
core   0: 3 0x80006050 (0x0083b6b3) x13 0x00000000
core   0: 0x80006054 (0x00008eb1) c.xor   a3, a2
core   0: 3 0x80006054 (0x8eb1) x13 0xfffffff0
core   0: 0x80006056 (0x0000100f) fence.i
core   0: 3 0x80006056 (0x0000100f)
core   0: 0x8000605a (0x02832333) mulhsu  t1, t1, s0
core   0: 3 0x8000605a (0x02832333) x6  0x00000000
core   0: 0x8000605e (0xd27dee93) ori     t4, s11, -729
core   0: 3 0x8000605e (0xd27dee93) x29 0xfffffd27
core   0: 0x80006062 (0xb5b1f713) andi    a4, gp, -1189
core   0: 3 0x80006062 (0xb5b1f713) x14 0x00000000
core   0: 0x80006066 (0x00006105) c.addi16sp sp, 32
core   0: 3 0x80006066 (0x6105) x2  0x00000051
core   0: 0x80006068 (0x00000001) c.nop
core   0: 3 0x80006068 (0x0001)
core   0: 0x8000606a (0x00004c51) c.li    s8, 20
core   0: 3 0x8000606a (0x4c51) x24 0x00000014
core   0: 0x8000606c (0x001d0033) add     zero, s10, ra
core   0: 3 0x8000606c (0x001d0033)
core   0: 0x80006070 (0x02e076b3) remu    a3, zero, a4
core   0: 3 0x80006070 (0x02e076b3) x13 0x00000000
core   0: 0x80006074 (0xf3de0713) addi    a4, t3, -195
core   0: 3 0x80006074 (0xf3de0713) x14 0xbf85ff3d
core   0: 0x80006078 (0xd8666a13) ori     s4, a2, -634
core   0: 3 0x80006078 (0xd8666a13) x20 0xfffffff6
core   0: 0x8000607c (0x00008d8d) c.sub   a1, a1
core   0: 3 0x8000607c (0x8d8d) x11 0x00000000
core   0: 0x8000607e (0x00008af9) c.andi  a3, 30
core   0: 3 0x8000607e (0x8af9) x13 0x00000000
core   0: 0x80006080 (0x034de233) rem     tp, s11, s4
core   0: 3 0x80006080 (0x034de233) x4  0x00000000
core   0: 0x80006084 (0x01cbffb3) and     t6, s7, t3
core   0: 3 0x80006084 (0x01cbffb3) x31 0x80020000
core   0: 0x80006088 (0x6b849437) lui     s0, 0x6b849
core   0: 3 0x80006088 (0x6b849437) x8  0x6b849000
core   0: 0x8000608c (0x5957f013) andi    zero, a5, 1429
core   0: 3 0x8000608c (0x5957f013)
core   0: 0x80006090 (0x02180363) beq     a6, ra, pc + 38
core   0: 3 0x80006090 (0x02180363)
core   0: 0x80006094 (0x0000616d) c.addi16sp sp, 240
core   0: 3 0x80006094 (0x616d) x2  0x00000141
core   0: 0x80006096 (0x34006973) csrrsi  s2, mscratch, 0
core   0: 3 0x80006096 (0x34006973) x18 0x00000001
core   0: 0x8000609a (0x0000100f) fence.i
core   0: 3 0x8000609a (0x0000100f)
core   0: 0x8000609e (0x0a7cb793) sltiu   a5, s9, 167
core   0: 3 0x8000609e (0x0a7cb793) x15 0x00000001
core   0: 0x800060a2 (0x00008e95) c.sub   a3, a3
core   0: 3 0x800060a2 (0x8e95) x13 0x00000000
core   0: 0x800060a4 (0x00008d05) c.sub   a0, s1
core   0: 3 0x800060a4 (0x8d05) x10 0xdfffffd0
core   0: 0x800060a6 (0x000001f9) c.addi  gp, 30
core   0: 3 0x800060a6 (0x01f9) x3  0x0000001e
core   0: 0x800060a8 (0x01ce6b33) or      s6, t3, t3
core   0: 3 0x800060a8 (0x01ce6b33) x22 0xbf860000
core   0: 0x800060ac (0x22e5c217) auipc   tp, 0x22e5c
core   0: 3 0x800060ac (0x22e5c217) x4  0xa2e620ac
core   0: 0x800060b0 (0x02d029b3) mulhsu  s3, zero, a3
core   0: 3 0x800060b0 (0x02d029b3) x19 0x00000000
core   0: 0x800060b4 (0x0000c109) c.beqz  a0, pc + 2
core   0: 3 0x800060b4 (0xc109)
core   0: 0x800060b6 (0x0000619d) c.lui   gp, 0x7
core   0: 3 0x800060b6 (0x619d) x3  0x00007000
core   0: 0x800060b8 (0x0000ce89) c.beqz  a3, pc + 26
core   0: 3 0x800060b8 (0xce89)
core   0: 0x800060d2 (0x02c39c63) bne     t2, a2, pc + 56
core   0: 3 0x800060d2 (0x02c39c63)
core   0: 0x8000610a (0x0000197d) c.addi  s2, -1
core   0: 3 0x8000610a (0x197d) x18 0x00000000
core   0: 0x8000610c (0x0000577d) c.li    a4, -1
core   0: 3 0x8000610c (0x577d) x14 0xffffffff
core   0: 0x8000610e (0x00008f59) c.or    a4, a4
core   0: 3 0x8000610e (0x8f59) x14 0xffffffff
core   0: 0x80006110 (0x02a87533) remu    a0, a6, a0
core   0: 3 0x80006110 (0x02a87533) x10 0x20000030
core   0: 0x80006114 (0x026576b3) remu    a3, a0, t1
core   0: 3 0x80006114 (0x026576b3) x13 0x20000030
core   0: 0x80006118 (0x340551f3) csrrwi  gp, mscratch, 10
core   0: 3 0x80006118 (0x340551f3) x3  0x00000001 c832_mscratch 0x0000000a
core   0: 0x8000611c (0x340d2173) csrrs   sp, mscratch, s10
core   0: 3 0x8000611c (0x340d2173) x2  0x0000000a c832_mscratch 0x0000048f
core   0: 0x80006120 (0x00001180) c.addi4spn s0, sp, 224
core   0: 3 0x80006120 (0x1180) x8  0x000000ea
core   0: 0x80006122 (0x032ccdb3) div     s11, s9, s2
core   0: 3 0x80006122 (0x032ccdb3) x27 0xffffffff
core   0: 0x80006126 (0x00006409) c.lui   s0, 0x2
core   0: 3 0x80006126 (0x6409) x8  0x00002000
core   0: 0x80006128 (0x00008d65) c.and   a0, s1
core   0: 3 0x80006128 (0x8d65) x10 0x20000030
core   0: 0x8000612a (0x00008c1d) c.sub   s0, a5
core   0: 3 0x8000612a (0x8c1d) x8  0x00001fff
core   0: 0x8000612c (0x0000cf09) c.beqz  a4, pc + 26
core   0: 3 0x8000612c (0xcf09)
core   0: 0x8000612e (0x00b01013) slli    zero, zero, 11
core   0: 3 0x8000612e (0x00b01013)
core   0: 0x80006132 (0x00008ea9) c.xor   a3, a0
core   0: 3 0x80006132 (0x8ea9) x13 0x00000000
core   0: 0x80006134 (0xac76ad13) slti    s10, a3, -1337
core   0: 3 0x80006134 (0xac76ad13) x26 0x00000000
core   0: 0x80006138 (0x340f9af3) csrrw   s5, mscratch, t6
core   0: 3 0x80006138 (0x340f9af3) x21 0x0000048f c832_mscratch 0x80020000
core   0: 0x8000613c (0x0171c763) blt     gp, s7, pc + 14
core   0: 3 0x8000613c (0x0171c763)
core   0: 0x80006140 (0x02704763) blt     zero, t2, pc + 46
core   0: 3 0x80006140 (0x02704763)
core   0: 0x80006144 (0x00008c35) c.xor   s0, a3
core   0: 3 0x80006144 (0x8c35) x8  0x00001fff
core   0: 0x80006146 (0x340a99f3) csrrw   s3, mscratch, s5
core   0: 3 0x80006146 (0x340a99f3) x19 0x80020000 c832_mscratch 0x0000048f
core   0: 0x8000614a (0x011b11b3) sll     gp, s6, a7
core   0: 3 0x8000614a (0x011b11b3) x3  0x7f0c0000
core   0: 0x8000614e (0x0292d3b3) divu    t2, t0, s1
core   0: 3 0x8000614e (0x0292d3b3) x7  0x00000007
core   0: 0x80006152 (0x02d928b3) mulhsu  a7, s2, a3
core   0: 3 0x80006152 (0x02d928b3) x17 0x00000000
core   0: 0x80006156 (0x41c85e33) sra     t3, a6, t3
core   0: 3 0x80006156 (0x41c85e33) x28 0x20000030
core   0: 0x8000615a (0x34045e73) csrrwi  t3, mscratch, 8
core   0: 3 0x8000615a (0x34045e73) x28 0x0000048f c832_mscratch 0x00000008
core   0: 0x8000615e (0x00a7e6b3) or      a3, a5, a0
core   0: 3 0x8000615e (0x00a7e6b3) x13 0x20000031
core   0: 0x80006162 (0x00e1d6b3) srl     a3, gp, a4
core   0: 3 0x80006162 (0x00e1d6b3) x13 0x00000000
core   0: 0x80006166 (0xb2357d93) andi    s11, a0, -1245
core   0: 3 0x80006166 (0xb2357d93) x27 0x20000020
core   0: 0x8000616a (0x34015173) csrrwi  sp, mscratch, 2
core   0: 3 0x8000616a (0x34015173) x2  0x00000008 c832_mscratch 0x00000002
core   0: 0x8000616e (0x03212033) mulhsu  zero, sp, s2
core   0: 3 0x8000616e (0x03212033)
core   0: 0x80006172 (0x340e56f3) csrrwi  a3, mscratch, 28
core   0: 3 0x80006172 (0x340e56f3) x13 0x00000002 c832_mscratch 0x0000001c
core   0: 0x80006176 (0x00000a06) c.slli  s4, 1
core   0: 3 0x80006176 (0x0a06) x20 0xffffffec
core   0: 0x80006178 (0x018a1263) bne     s4, s8, pc + 4
core   0: 3 0x80006178 (0x018a1263)
core   0: 0x8000617c (0x0ff0000f) fence   iorw,iorw
core   0: 3 0x8000617c (0x0ff0000f)
core   0: 0x80006180 (0x41c5d033) sra     zero, a1, t3
core   0: 3 0x80006180 (0x41c5d033)
core   0: 0x80006184 (0x43214a93) xori    s5, sp, 1074
core   0: 3 0x80006184 (0x43214a93) x21 0x0000043a
core   0: 0x80006188 (0x00994863) blt     s2, s1, pc + 16
core   0: 3 0x80006188 (0x00994863)
core   0: 0x80006198 (0x00000b15) c.addi  s6, 5
core   0: 3 0x80006198 (0x0b15) x22 0xbf860005
core   0: 0x8000619a (0x9d756f97) auipc   t6, 0x9d756
core   0: 3 0x8000619a (0x9d756f97) x31 0x1d75c19a
core   0: 0x8000619e (0x00008f09) c.sub   a4, a0
core   0: 3 0x8000619e (0x8f09) x14 0xdfffffcf
core   0: 0x800061a0 (0x00000001) c.nop
core   0: 3 0x800061a0 (0x0001)
core   0: 0x800061a2 (0x72a4ba13) sltiu   s4, s1, 1834
core   0: 3 0x800061a2 (0x72a4ba13) x20 0x00000000
core   0: 0x800061a6 (0x01571a63) bne     a4, s5, pc + 20
core   0: 3 0x800061a6 (0x01571a63)
core   0: 0x800061ba (0x0362f133) remu    sp, t0, s6
core   0: 3 0x800061ba (0x0362f133) x2  0x35f78a05
core   0: 0x800061be (0x00008d39) c.xor   a0, a4
core   0: 3 0x800061be (0x8d39) x10 0xffffffff
core   0: 0x800061c0 (0x340077f3) csrrci  a5, mscratch, 0
core   0: 3 0x800061c0 (0x340077f3) x15 0x0000001c
core   0: 0x800061c4 (0x025a4f63) blt     s4, t0, pc + 62
core   0: 3 0x800061c4 (0x025a4f63)
core   0: 0x800061c8 (0x0114dd93) srli    s11, s1, 17
core   0: 3 0x800061c8 (0x0114dd93) x27 0x00001000
core   0: 0x800061cc (0x34042173) csrrs   sp, mscratch, s0
core   0: 3 0x800061cc (0x34042173) x2  0x0000001c c832_mscratch 0x00001fff
core   0: 0x800061d0 (0x02587963) bgeu    a6, t0, pc + 50
core   0: 3 0x800061d0 (0x02587963)
core   0: 0x800061d4 (0x2db28413) addi    s0, t0, 731
core   0: 3 0x800061d4 (0x2db28413) x8  0xf57d8ce5
core   0: 0x800061d8 (0x0000167d) c.addi  a2, -1
core   0: 3 0x800061d8 (0x167d) x12 0xffffffef
core   0: 0x800061da (0xebb60413) addi    s0, a2, -325
core   0: 3 0x800061da (0xebb60413) x8  0xfffffeaa
core   0: 0x800061de (0x340fd073) csrwi   mscratch, 31
core   0: 3 0x800061de (0x340fd073) c832_mscratch 0x0000001f
core   0: 0x800061e2 (0x464ef413) andi    s0, t4, 1124
core   0: 3 0x800061e2 (0x464ef413) x8  0x00000424
core   0: 0x800061e6 (0x02c18db3) mul     s11, gp, a2
core   0: 3 0x800061e6 (0x02c18db3) x27 0x90340000
core   0: 0x800061ea (0x00000001) c.nop
core   0: 3 0x800061ea (0x0001)
core   0: 0x800061ec (0x00bf43b3) xor     t2, t5, a1
core   0: 3 0x800061ec (0x00bf43b3) x7  0x80029d24
core   0: 0x800061f0 (0x340ee0f3) csrrsi  ra, mscratch, 29
core   0: 3 0x800061f0 (0x340ee0f3) x1  0x0000001f c832_mscratch 0x0000001f
core   0: 0x800061f4 (0x8ee48d13) addi    s10, s1, -1810
core   0: 3 0x800061f4 (0x8ee48d13) x26 0x1ffff91e
core   0: 0x800061f8 (0x0300f263) bgeu    ra, a6, pc + 36
core   0: 3 0x800061f8 (0x0300f263)
core   0: 0x800061fc (0x0000e11d) c.bnez  a0, pc + 38
core   0: 3 0x800061fc (0xe11d)
core   0: 0x80006222 (0x034cef63) bltu    s9, s4, pc + 62
core   0: 3 0x80006222 (0x034cef63)
core   0: 0x80006226 (0x03b41c33) mulh    s8, s0, s11
core   0: 3 0x80006226 (0x03b41c33) x24 0xfffffe31
core   0: 0x8000622a (0x4a8c8a93) addi    s5, s9, 1192
core   0: 3 0x8000622a (0x4a8c8a93) x21 0x000004ba
core   0: 0x8000622e (0x0056de33) srl     t3, a3, t0
core   0: 3 0x8000622e (0x0056de33) x28 0x00000000
core   0: 0x80006232 (0x0000832a) c.mv    t1, a0
core   0: 3 0x80006232 (0x832a) x6  0xffffffff
core   0: 0x80006234 (0x00008ef9) c.and   a3, a4
core   0: 3 0x80006234 (0x8ef9) x13 0x00000002
core   0: 0x80006236 (0x00006da1) c.lui   s11, 0x8
core   0: 3 0x80006236 (0x6da1) x27 0x00008000
core   0: 0x80006238 (0x034fa0b3) mulhsu  ra, t6, s4
core   0: 3 0x80006238 (0x034fa0b3) x1  0x00000000
core   0: 0x8000623c (0x001b1a13) slli    s4, s6, 1
core   0: 3 0x8000623c (0x001b1a13) x20 0x7f0c000a
core   0: 0x80006240 (0x00226263) bltu    tp, sp, pc + 4
core   0: 3 0x80006240 (0x00226263)
core   0: 0x80006244 (0x02750463) beq     a0, t2, pc + 40
core   0: 3 0x80006244 (0x02750463)
core   0: 0x80006248 (0x29e1e613) ori     a2, gp, 670
core   0: 3 0x80006248 (0x29e1e613) x12 0x7f0c029e
core   0: 0x8000624c (0x0000ef89) c.bnez  a5, pc + 26
core   0: 3 0x8000624c (0xef89)
core   0: 0x80006266 (0x3407fe73) csrrci  t3, mscratch, 15
core   0: 3 0x80006266 (0x3407fe73) x28 0x0000001f c832_mscratch 0x00000010
core   0: 0x8000626a (0x00008eb9) c.xor   a3, a4
core   0: 3 0x8000626a (0x8eb9) x13 0xdfffffcd
core   0: 0x8000626c (0x01f016b3) sll     a3, zero, t6
core   0: 3 0x8000626c (0x01f016b3) x13 0x00000000
core   0: 0x80006270 (0x0000717d) c.addi16sp sp, -16
core   0: 3 0x80006270 (0x717d) x2  0x0000000c
core   0: 0x80006272 (0x0000717d) c.addi16sp sp, -16
core   0: 3 0x80006272 (0x717d) x2  0xfffffffc
core   0: 0x80006274 (0x00001b0c) c.addi4spn a1, sp, 432
core   0: 3 0x80006274 (0x1b0c) x11 0x000001ac
core   0: 0x80006276 (0x022b61b3) rem     gp, s6, sp
core   0: 3 0x80006276 (0x022b61b3) x3  0xfffffffd
core   0: 0x8000627a (0x0000117d) c.addi  sp, -1
core   0: 3 0x8000627a (0x117d) x2  0xfffffffb
core   0: 0x8000627c (0x0018d213) srli    tp, a7, 1
core   0: 3 0x8000627c (0x0018d213) x4  0x00000000
core   0: 0x80006280 (0x00e88b63) beq     a7, a4, pc + 22
core   0: 3 0x80006280 (0x00e88b63)
core   0: 0x80006284 (0x00dcc7b3) xor     a5, s9, a3
core   0: 3 0x80006284 (0x00dcc7b3) x15 0x00000012
core   0: 0x80006288 (0x0358c733) div     a4, a7, s5
core   0: 3 0x80006288 (0x0358c733) x14 0x00000000
core   0: 0x8000628c (0x026c5c63) bge     s8, t1, pc + 56
core   0: 3 0x8000628c (0x026c5c63)
core   0: 0x80006290 (0x000085d5) c.srai  a1, 21
core   0: 3 0x80006290 (0x85d5) x11 0x00000000
core   0: 0x80006292 (0x0000c90d) c.beqz  a0, pc + 50
core   0: 3 0x80006292 (0xc90d)
core   0: 0x80006294 (0x00006141) c.addi16sp sp, 16
core   0: 3 0x80006294 (0x6141) x2  0x0000000b
core   0: 0x80006296 (0x02fb8733) mul     a4, s7, a5
core   0: 3 0x80006296 (0x02fb8733) x14 0x002aa788
core   0: 0x8000629a (0x258d7313) andi    t1, s10, 600
core   0: 3 0x8000629a (0x258d7313) x6  0x00000018
core   0: 0x8000629e (0x00008cca) c.mv    s9, s2
core   0: 3 0x8000629e (0x8cca) x25 0x00000000
core   0: 0x800062a0 (0x002ef633) and     a2, t4, sp
core   0: 3 0x800062a0 (0x002ef633) x12 0x00000003
core   0: 0x800062a4 (0x00008ac6) c.mv    s5, a7
core   0: 3 0x800062a4 (0x8ac6) x21 0x00000000
core   0: 0x800062a6 (0x00008ff1) c.and   a5, a2
core   0: 3 0x800062a6 (0x8ff1) x15 0x00000002
core   0: 0x800062a8 (0x0ff0000f) fence   iorw,iorw
core   0: 3 0x800062a8 (0x0ff0000f)
core   0: 0x800062ac (0x00008506) c.mv    a0, ra
core   0: 3 0x800062ac (0x8506) x10 0x00000000
core   0: 0x800062ae (0x0146b633) sltu    a2, a3, s4
core   0: 3 0x800062ae (0x0146b633) x12 0x00000001
core   0: 0x800062b2 (0x03758363) beq     a1, s7, pc + 38
core   0: 3 0x800062b2 (0x03758363)
core   0: 0x800062b6 (0xb5433a13) sltiu   s4, t1, -1196
core   0: 3 0x800062b6 (0xb5433a13) x20 0x00000001
core   0: 0x800062ba (0x000055fd) c.li    a1, -1
core   0: 3 0x800062ba (0x55fd) x11 0xffffffff
core   0: 0x800062bc (0x02b01a33) mulh    s4, zero, a1
core   0: 3 0x800062bc (0x02b01a33) x20 0x00000000
core   0: 0x800062c0 (0x0167e933) or      s2, a5, s6
core   0: 3 0x800062c0 (0x0167e933) x18 0xbf860007
core   0: 0x800062c4 (0x000090b2) c.add   ra, a2
core   0: 3 0x800062c4 (0x90b2) x1  0x00000001
core   0: 0x800062c6 (0x0000577d) c.li    a4, -1
core   0: 3 0x800062c6 (0x577d) x14 0xffffffff
core   0: 0x800062c8 (0xe40c6e13) ori     t3, s8, -448
core   0: 3 0x800062c8 (0xe40c6e13) x28 0xfffffe71
core   0: 0x800062cc (0xd0db6413) ori     s0, s6, -755
core   0: 3 0x800062cc (0xd0db6413) x8  0xfffffd0d
core   0: 0x800062d0 (0xb0b52093) slti    ra, a0, -1269
core   0: 3 0x800062d0 (0xb0b52093) x1  0x00000000
core   0: 0x800062d4 (0x00008da9) c.xor   a1, a0
core   0: 3 0x800062d4 (0x8da9) x11 0xffffffff
core   0: 0x800062d6 (0x0000ea09) c.bnez  a2, pc + 18
core   0: 3 0x800062d6 (0xea09)
core   0: 0x800062e8 (0x000048f5) c.li    a7, 29
core   0: 3 0x800062e8 (0x48f5) x17 0x0000001d
core   0: 0x800062ea (0x00000001) c.nop
core   0: 3 0x800062ea (0x0001)
core   0: 0x800062ec (0x00e25393) srli    t2, tp, 14
core   0: 3 0x800062ec (0x00e25393) x7  0x00000000
core   0: 0x800062f0 (0x02e49563) bne     s1, a4, pc + 42
core   0: 3 0x800062f0 (0x02e49563)
core   0: 0x8000631a (0x00787ab3) and     s5, a6, t2
core   0: 3 0x8000631a (0x00787ab3) x21 0x00000000
core   0: 0x8000631e (0x0000100f) fence.i
core   0: 3 0x8000631e (0x0000100f)
core   0: 0x80006322 (0x00006399) c.lui   t2, 0x6
core   0: 3 0x80006322 (0x6399) x7  0x00006000
core   0: 0x80006324 (0x94086713) ori     a4, a6, -1728
core   0: 3 0x80006324 (0x94086713) x14 0xfffff970
core   0: 0x80006328 (0x01a61d13) slli    s10, a2, 26
core   0: 3 0x80006328 (0x01a61d13) x26 0x04000000
core   0: 0x8000632c (0x00044f63) bltz    s0, pc + 30
core   0: 3 0x8000632c (0x00044f63)
core   0: 0x8000634a (0x34007b73) csrrci  s6, mscratch, 0
core   0: 3 0x8000634a (0x34007b73) x22 0x00000010
core   0: 0x8000634e (0x01906933) or      s2, zero, s9
core   0: 3 0x8000634e (0x01906933) x18 0x00000000
core   0: 0x80006352 (0x00008fa9) c.xor   a5, a0
core   0: 3 0x80006352 (0x8fa9) x15 0x00000002
core   0: 0x80006354 (0x0000100f) fence.i
core   0: 3 0x80006354 (0x0000100f)
core   0: 0x80006358 (0x000009f2) c.slli  s3, 28
core   0: 3 0x80006358 (0x09f2) x19 0x00000000
core   0: 0x8000635a (0x00ab5f63) bge     s6, a0, pc + 30
core   0: 3 0x8000635a (0x00ab5f63)
core   0: 0x80006378 (0x28d42e13) slti    t3, s0, 653
core   0: 3 0x80006378 (0x28d42e13) x28 0x00000001
core   0: 0x8000637c (0xed37ab13) slti    s6, a5, -301
core   0: 3 0x8000637c (0xed37ab13) x22 0x00000000
core   0: 0x80006380 (0x01e04a33) xor     s4, zero, t5
core   0: 3 0x80006380 (0x01e04a33) x20 0x80029d24
core   0: 0x80006384 (0x40e05b13) srai    s6, zero, 14
core   0: 3 0x80006384 (0x40e05b13) x22 0x00000000
core   0: 0x80006388 (0x00008f21) c.xor   a4, s0
core   0: 3 0x80006388 (0x8f21) x14 0x0000047d
core   0: 0x8000638a (0x54429637) lui     a2, 0x54429
core   0: 3 0x8000638a (0x54429637) x12 0x54429000
core   0: 0x8000638e (0x340b37f3) csrrc   a5, mscratch, s6
core   0: 3 0x8000638e (0x340b37f3) x15 0x00000010 c832_mscratch 0x00000010
core   0: 0x80006392 (0x0315c4b3) div     s1, a1, a7
core   0: 3 0x80006392 (0x0315c4b3) x9  0x00000000
core   0: 0x80006396 (0x000099fd) c.andi  a1, -1
core   0: 3 0x80006396 (0x99fd) x11 0xffffffff
core   0: 0x80006398 (0x037c58b3) divu    a7, s8, s7
core   0: 3 0x80006398 (0x037c58b3) x17 0x00000001
core   0: 0x8000639c (0x00008d36) c.mv    s10, a3
core   0: 3 0x8000639c (0x8d36) x26 0x00000000
core   0: 0x8000639e (0x96fd3213) sltiu   tp, s10, -1681
core   0: 3 0x8000639e (0x96fd3213) x4  0x00000001
core   0: 0x800063a2 (0x00000001) c.nop
core   0: 3 0x800063a2 (0x0001)
core   0: 0x800063a4 (0x3409da73) csrrwi  s4, mscratch, 19
core   0: 3 0x800063a4 (0x3409da73) x20 0x00000010 c832_mscratch 0x00000013
core   0: 0x800063a8 (0x80ff2593) slti    a1, t5, -2033
core   0: 3 0x800063a8 (0x80ff2593) x11 0x00000001
core   0: 0x800063ac (0x00008f21) c.xor   a4, s0
core   0: 3 0x800063ac (0x8f21) x14 0xfffff970
core   0: 0x800063ae (0x40340a33) sub     s4, s0, gp
core   0: 3 0x800063ae (0x40340a33) x20 0xfffffd10
core   0: 0x800063b2 (0x00006b35) c.lui   s6, 0xd
core   0: 3 0x800063b2 (0x6b35) x22 0x0000d000
core   0: 0x800063b4 (0x0b267f93) andi    t6, a2, 178
core   0: 3 0x800063b4 (0x0b267f93) x31 0x00000000
core   0: 0x800063b8 (0x00008fb5) c.xor   a5, a3
core   0: 3 0x800063b8 (0x8fb5) x15 0x00000010
core   0: 0x800063ba (0x0016f733) and     a4, a3, ra
core   0: 3 0x800063ba (0x0016f733) x14 0x00000000
core   0: 0x800063be (0x5bdf0e93) addi    t4, t5, 1469
core   0: 3 0x800063be (0x5bdf0e93) x29 0x8002a2e1
core   0: 0x800063c2 (0x01d54e33) xor     t3, a0, t4
core   0: 3 0x800063c2 (0x01d54e33) x28 0x8002a2e1
core   0: 0x800063c6 (0x014c0b33) add     s6, s8, s4
core   0: 3 0x800063c6 (0x014c0b33) x22 0xfffffb41
core   0: 0x800063ca (0x00730263) beq     t1, t2, pc + 4
core   0: 3 0x800063ca (0x00730263)
core   0: 0x800063ce (0x031b3333) mulhu   t1, s6, a7
core   0: 3 0x800063ce (0x031b3333) x6  0x00000000
core   0: 0x800063d2 (0x3ecace93) xori    t4, s5, 1004
core   0: 3 0x800063d2 (0x3ecace93) x29 0x000003ec
core   0: 0x800063d6 (0x02a3d7b3) divu    a5, t2, a0
core   0: 3 0x800063d6 (0x02a3d7b3) x15 0xffffffff
core   0: 0x800063da (0x00008eb9) c.xor   a3, a4
core   0: 3 0x800063da (0x8eb9) x13 0x00000000
core   0: 0x800063dc (0x0000e489) c.bnez  s1, pc + 10
core   0: 3 0x800063dc (0xe489)
core   0: 0x800063de (0x769eb037) lui     zero, 0x769eb
core   0: 3 0x800063de (0x769eb037)
core   0: 0x800063e2 (0x011b3233) sltu    tp, s6, a7
core   0: 3 0x800063e2 (0x011b3233) x4  0x00000000
core   0: 0x800063e6 (0x0000c361) c.beqz  a4, pc + 192
core   0: 3 0x800063e6 (0xc361)
core   0: 0x800064a6 (0x00f09493) slli    s1, ra, 15
core   0: 3 0x800064a6 (0x00f09493) x9  0x00000000
core   0: 0x800064aa (0x00008e31) c.xor   a2, a2
core   0: 3 0x800064aa (0x8e31) x12 0x00000000
core   0: 0x800064ac (0x960aa7b7) lui     a5, 0x960aa
core   0: 3 0x800064ac (0x960aa7b7) x15 0x960aa000
core   0: 0x800064b0 (0x01383733) sltu    a4, a6, s3
core   0: 3 0x800064b0 (0x01383733) x14 0x00000000
core   0: 0x800064b4 (0x021fff63) bgeu    t6, ra, pc + 62
core   0: 3 0x800064b4 (0x021fff63)
core   0: 0x800064f2 (0x01aed0b3) srl     ra, t4, s10
core   0: 3 0x800064f2 (0x01aed0b3) x1  0x000003ec
core   0: 0x800064f6 (0x032bc6b3) div     a3, s7, s2
core   0: 3 0x800064f6 (0x032bc6b3) x13 0xffffffff
core   0: 0x800064fa (0x0069d833) srl     a6, s3, t1
core   0: 3 0x800064fa (0x0069d833) x16 0x00000000
core   0: 0x800064fe (0x015cf933) and     s2, s9, s5
core   0: 3 0x800064fe (0x015cf933) x18 0x00000000
core   0: 0x80006502 (0x020c4cb3) div     s9, s8, zero
core   0: 3 0x80006502 (0x020c4cb3) x25 0xffffffff
core   0: 0x80006506 (0x01ae3533) sltu    a0, t3, s10
core   0: 3 0x80006506 (0x01ae3533) x10 0x00000000
core   0: 0x8000650a (0x34007173) csrrci  sp, mscratch, 0
core   0: 3 0x8000650a (0x34007173) x2  0x00000013
core   0: 0x8000650e (0x0ff0000f) fence   iorw,iorw
core   0: 3 0x8000650e (0x0ff0000f)
core   0: 0x80006512 (0x00006241) c.lui   tp, 0x10
core   0: 3 0x80006512 (0x6241) x4  0x00010000
core   0: 0x80006514 (0x34003e73) csrrc   t3, mscratch, zero
core   0: 3 0x80006514 (0x34003e73) x28 0x00000013
core   0: 0x80006518 (0x0155d563) bge     a1, s5, pc + 10
core   0: 3 0x80006518 (0x0155d563)
core   0: 0x80006522 (0x01a21333) sll     t1, tp, s10
core   0: 3 0x80006522 (0x01a21333) x6  0x00010000
core   0: 0x80006526 (0x000080bd) c.srli  s1, 15
core   0: 3 0x80006526 (0x80bd) x9  0x00000000
core   0: 0x80006528 (0x00000001) c.nop
core   0: 3 0x80006528 (0x0001)
core   0: 0x8000652a (0x02c1e033) rem     zero, gp, a2
core   0: 3 0x8000652a (0x02c1e033)
core   0: 0x8000652e (0x016ed233) srl     tp, t4, s6
core   0: 3 0x8000652e (0x016ed233) x4  0x000001f6
core   0: 0x80006532 (0x00009aea) c.add   s5, s10
core   0: 3 0x80006532 (0x9aea) x21 0x00000000
core   0: 0x80006534 (0x0035bdb3) sltu    s11, a1, gp
core   0: 3 0x80006534 (0x0035bdb3) x27 0x00000001
core   0: 0x80006538 (0x00008c45) c.or    s0, s1
core   0: 3 0x80006538 (0x8c45) x8  0xfffffd0d
core   0: 0x8000653a (0x01ac44b3) xor     s1, s8, s10
core   0: 3 0x8000653a (0x01ac44b3) x9  0xfffffe31
core   0: 0x8000653e (0x01ce87b3) add     a5, t4, t3
core   0: 3 0x8000653e (0x01ce87b3) x15 0x000003ff
core   0: 0x80006542 (0x000087fe) c.mv    a5, t6
core   0: 3 0x80006542 (0x87fe) x15 0x00000000
core   0: 0x80006544 (0x00008c2d) c.xor   s0, a1
core   0: 3 0x80006544 (0x8c2d) x8  0xfffffd0c
core   0: 0x80006546 (0x340d1af3) csrrw   s5, mscratch, s10
core   0: 3 0x80006546 (0x340d1af3) x21 0x00000013 c832_mscratch 0x00000000
core   0: 0x8000654a (0x1c8f4613) xori    a2, t5, 456
core   0: 3 0x8000654a (0x1c8f4613) x12 0x80029cec
core   0: 0x8000654e (0x00000c98) c.addi4spn a4, sp, 592
core   0: 3 0x8000654e (0x0c98) x14 0x00000263
core   0: 0x80006550 (0x00009d22) c.add   s10, s0
core   0: 3 0x80006550 (0x9d22) x26 0xfffffd0c
core   0: 0x80006552 (0x5d6aa793) slti    a5, s5, 1494
core   0: 3 0x80006552 (0x5d6aa793) x15 0x00000001
core   0: 0x80006556 (0x01ba6133) or      sp, s4, s11
core   0: 3 0x80006556 (0x01ba6133) x2  0xfffffd11
core   0: 0x8000655a (0x00000869) c.addi  a6, 26
core   0: 3 0x8000655a (0x0869) x16 0x0000001a
core   0: 0x8000655c (0x0000839d) c.srli  a5, 7
core   0: 3 0x8000655c (0x839d) x15 0x00000000
core   0: 0x8000655e (0x0131da13) srli    s4, gp, 19
core   0: 3 0x8000655e (0x0131da13) x20 0x00001fff
core   0: 0x80006562 (0x0000100f) fence.i
core   0: 3 0x80006562 (0x0000100f)
core   0: 0x80006566 (0x03e14e33) div     t3, sp, t5
core   0: 3 0x80006566 (0x03e14e33) x28 0x00000000
core   0: 0x8000656a (0x00000001) c.nop
core   0: 3 0x8000656a (0x0001)
core   0: 0x8000656c (0x03175733) divu    a4, a4, a7
core   0: 3 0x8000656c (0x03175733) x14 0x00000263
core   0: 0x80006570 (0x01190033) add     zero, s2, a7
core   0: 3 0x80006570 (0x01190033)
core   0: 0x80006574 (0x0000697d) c.lui   s2, 0x1f
core   0: 3 0x80006574 (0x697d) x18 0x0001f000
core   0: 0x80006576 (0x55456b13) ori     s6, a0, 1364
core   0: 3 0x80006576 (0x55456b13) x22 0x00000554
core   0: 0x8000657a (0x8293b717) auipc   a4, 0x8293b
core   0: 3 0x8000657a (0x8293b717) x14 0x0294157a
core   0: 0x8000657e (0x01fd83b3) add     t2, s11, t6
core   0: 3 0x8000657e (0x01fd83b3) x7  0x00000001
core   0: 0x80006582 (0x00008261) c.srli  a2, 24
core   0: 3 0x80006582 (0x8261) x12 0x00000080
core   0: 0x80006584 (0x4fd50313) addi    t1, a0, 1277
core   0: 3 0x80006584 (0x4fd50313) x6  0x000004fd
core   0: 0x80006588 (0x00008d89) c.sub   a1, a0
core   0: 3 0x80006588 (0x8d89) x11 0x00000001
core   0: 0x8000658a (0x020ae6b3) rem     a3, s5, zero
core   0: 3 0x8000658a (0x020ae6b3) x13 0x00000013
core   0: 0x8000658e (0x0307b033) mulhu   zero, a5, a6
core   0: 3 0x8000658e (0x0307b033)
core   0: 0x80006592 (0x00008989) c.andi  a1, 2
core   0: 3 0x80006592 (0x8989) x11 0x00000000
core   0: 0x80006594 (0x8df9ce13) xori    t3, s3, -1825
core   0: 3 0x80006594 (0x8df9ce13) x28 0xfffff8df
core   0: 0x80006598 (0x0000100f) fence.i
core   0: 3 0x80006598 (0x0000100f)
core   0: 0x8000659c (0x03673933) mulhu   s2, a4, s6
core   0: 3 0x8000659c (0x03673933) x18 0x0000000d
core   0: 0x800065a0 (0x03084063) blt     a6, a6, pc + 32
core   0: 3 0x800065a0 (0x03084063)
core   0: 0x800065a4 (0x039d86b3) mul     a3, s11, s9
core   0: 3 0x800065a4 (0x039d86b3) x13 0xffffffff
core   0: 0x800065a8 (0x0ff0000f) fence   iorw,iorw
core   0: 3 0x800065a8 (0x0ff0000f)
core   0: 0x800065ac (0x02f218b3) mulh    a7, tp, a5
core   0: 3 0x800065ac (0x02f218b3) x17 0x00000000
core   0: 0x800065b0 (0x3f2ea093) slti    ra, t4, 1010
core   0: 3 0x800065b0 (0x3f2ea093) x1  0x00000001
core   0: 0x800065b4 (0x01446133) or      sp, s0, s4
core   0: 3 0x800065b4 (0x01446133) x2  0xffffffff
core   0: 0x800065b8 (0x53584493) xori    s1, a6, 1333
core   0: 3 0x800065b8 (0x53584493) x9  0x0000052f
core   0: 0x800065bc (0x40795693) srai    a3, s2, 7
core   0: 3 0x800065bc (0x40795693) x13 0x00000000
core   0: 0x800065c0 (0x000055fd) c.li    a1, -1
core   0: 3 0x800065c0 (0x55fd) x11 0xffffffff
core   0: 0x800065c2 (0x40c9d313) srai    t1, s3, 12
core   0: 3 0x800065c2 (0x40c9d313) x6  0x00000000
core   0: 0x800065c6 (0x02c51933) mulh    s2, a0, a2
core   0: 3 0x800065c6 (0x02c51933) x18 0x00000000
core   0: 0x800065ca (0x005aa733) slt     a4, s5, t0
core   0: 3 0x800065ca (0x005aa733) x14 0x00000000
core   0: 0x800065ce (0x919bb893) sltiu   a7, s7, -1767
core   0: 3 0x800065ce (0x919bb893) x17 0x00000001
core   0: 0x800065d2 (0x00008219) c.srli  a2, 6
core   0: 3 0x800065d2 (0x8219) x12 0x00000002
core   0: 0x800065d4 (0x413100b3) sub     ra, sp, s3
core   0: 3 0x800065d4 (0x413100b3) x1  0xffffffff
core   0: 0x800065d8 (0x0ff0000f) fence   iorw,iorw
core   0: 3 0x800065d8 (0x0ff0000f)
core   0: 0x800065dc (0x00fbd013) srli    zero, s7, 15
core   0: 3 0x800065dc (0x00fbd013)
core   0: 0x800065e0 (0x340e3473) csrrc   s0, mscratch, t3
core   0: 3 0x800065e0 (0x340e3473) x8  0x00000000 c832_mscratch 0x00000000
core   0: 0x800065e4 (0x340cfa73) csrrci  s4, mscratch, 25
core   0: 3 0x800065e4 (0x340cfa73) x20 0x00000000 c832_mscratch 0x00000000
core   0: 0x800065e8 (0x00716633) or      a2, sp, t2
core   0: 3 0x800065e8 (0x00716633) x12 0xffffffff
core   0: 0x800065ec (0x34019873) csrrw   a6, mscratch, gp
core   0: 3 0x800065ec (0x34019873) x16 0x00000000 c832_mscratch 0xfffffffd
core   0: 0x800065f0 (0x00008d45) c.or    a0, s1
core   0: 3 0x800065f0 (0x8d45) x10 0x0000052f
core   0: 0x800065f2 (0x0376aa33) mulhsu  s4, a3, s7
core   0: 3 0x800065f2 (0x0376aa33) x20 0x00000000
core   0: 0x800065f6 (0x010099b3) sll     s3, ra, a6
core   0: 3 0x800065f6 (0x010099b3) x19 0xffffffff
core   0: 0x800065fa (0x00000001) c.nop
core   0: 3 0x800065fa (0x0001)
core   0: 0x800065fc (0x008dc1b3) xor     gp, s11, s0
core   0: 3 0x800065fc (0x008dc1b3) x3  0x00000001
core   0: 0x80006600 (0x019285b3) add     a1, t0, s9
core   0: 3 0x80006600 (0x019285b3) x11 0xf57d8a09
core   0: 0x80006604 (0x1ca15797) auipc   a5, 0x1ca15
core   0: 3 0x80006604 (0x1ca15797) x15 0x9ca1b604
core   0: 0x80006608 (0x415d5193) srai    gp, s10, 21
core   0: 3 0x80006608 (0x415d5193) x3  0xffffffff
core   0: 0x8000660c (0x00531a33) sll     s4, t1, t0
core   0: 3 0x8000660c (0x00531a33) x20 0x00000000
core   0: 0x80006610 (0x00000d8d) c.addi  s11, 3
core   0: 3 0x80006610 (0x0d8d) x27 0x00000004
core   0: 0x80006612 (0x03bf1563) bne     t5, s11, pc + 42
core   0: 3 0x80006612 (0x03bf1563)
core   0: 0x8000663c (0x03f8b933) mulhu   s2, a7, t6
core   0: 3 0x8000663c (0x03f8b933) x18 0x00000000
core   0: 0x80006640 (0x00000001) c.nop
core   0: 3 0x80006640 (0x0001)
core   0: 0x80006642 (0x0000e79d) c.bnez  a5, pc + 46
core   0: 3 0x80006642 (0xe79d)
core   0: 0x80006670 (0x34056473) csrrsi  s0, mscratch, 10
core   0: 3 0x80006670 (0x34056473) x8  0xfffffffd c832_mscratch 0xffffffff
core   0: 0x80006674 (0x000080e6) c.mv    ra, s9
core   0: 3 0x80006674 (0x80e6) x1  0xffffffff
core   0: 0x80006676 (0x0329f633) remu    a2, s3, s2
core   0: 3 0x80006676 (0x0329f633) x12 0xffffffff
core   0: 0x8000667a (0x034b94b3) mulh    s1, s7, s4
core   0: 3 0x8000667a (0x034b94b3) x9  0x00000000
core   0: 0x8000667e (0x0000577d) c.li    a4, -1
core   0: 3 0x8000667e (0x577d) x14 0xffffffff
core   0: 0x80006680 (0x018337b3) sltu    a5, t1, s8
core   0: 3 0x80006680 (0x018337b3) x15 0x00000001
core   0: 0x80006684 (0x00008f6d) c.and   a4, a1
core   0: 3 0x80006684 (0x8f6d) x14 0xf57d8a09
core   0: 0x80006686 (0x02004e63) bltz    zero, pc + 60
core   0: 3 0x80006686 (0x02004e63)
core   0: 0x8000668a (0x01475213) srli    tp, a4, 20
core   0: 3 0x8000668a (0x01475213) x4  0x00000f57
core   0: 0x8000668e (0x012d7cb3) and     s9, s10, s2
core   0: 3 0x8000668e (0x012d7cb3) x25 0x00000000
core   0: 0x80006692 (0x02e28163) beq     t0, a4, pc + 34
core   0: 3 0x80006692 (0x02e28163)
core   0: 0x80006696 (0x415b8db3) sub     s11, s7, s5
core   0: 3 0x80006696 (0x415b8db3) x27 0x80025e91
core   0: 0x8000669a (0x0000167d) c.addi  a2, -1
core   0: 3 0x8000669a (0x167d) x12 0xfffffffe
core   0: 0x8000669c (0x01821833) sll     a6, tp, s8
core   0: 3 0x8000669c (0x01821833) x16 0x1eae0000
core   0: 0x800066a0 (0x000017fd) c.addi  a5, -1
core   0: 3 0x800066a0 (0x17fd) x15 0x00000000
core   0: 0x800066a2 (0x0191d463) bge     gp, s9, pc + 8
core   0: 3 0x800066a2 (0x0191d463)
core   0: 0x800066a6 (0x340227f3) csrrs   a5, mscratch, tp
core   0: 3 0x800066a6 (0x340227f3) x15 0xffffffff c832_mscratch 0xffffffff
core   0: 0x800066aa (0x01a2d0b3) srl     ra, t0, s10
core   0: 3 0x800066aa (0x01a2d0b3) x1  0x000f57d8
core   0: 0x800066ae (0x00008651) c.srai  a2, 20
core   0: 3 0x800066ae (0x8651) x12 0xffffffff
core   0: 0x800066b0 (0x0000e715) c.bnez  a4, pc + 44
core   0: 3 0x800066b0 (0xe715)
core   0: 0x800066dc (0x00009bfd) c.andi  a5, -1
core   0: 3 0x800066dc (0x9bfd) x15 0xffffffff
core   0: 0x800066de (0x27fa0e13) addi    t3, s4, 639
core   0: 3 0x800066de (0x27fa0e13) x28 0x0000027f
core   0: 0x800066e2 (0x00000001) c.nop
core   0: 3 0x800066e2 (0x0001)
core   0: 0x800066e4 (0x0000117d) c.addi  sp, -1
core   0: 3 0x800066e4 (0x117d) x2  0xfffffffe
core   0: 0x800066e6 (0x0000822a) c.mv    tp, a0
core   0: 3 0x800066e6 (0x822a) x4  0x0000052f
core   0: 0x800066e8 (0x00008169) c.srli  a0, 26
core   0: 3 0x800066e8 (0x8169) x10 0x00000000
core   0: 0x800066ea (0x00008c71) c.and   s0, a2
core   0: 3 0x800066ea (0x8c71) x8  0xfffffffd
core   0: 0x800066ec (0x00000d8a) c.slli  s11, 2
core   0: 3 0x800066ec (0x0d8a) x27 0x00097a44
core   0: 0x800066ee (0x013f43b3) xor     t2, t5, s3
core   0: 3 0x800066ee (0x013f43b3) x7  0x7ffd62db
core   0: 0x800066f2 (0x00875663) bge     a4, s0, pc + 12
core   0: 3 0x800066f2 (0x00875663)
core   0: 0x800066f6 (0x032614b3) mulh    s1, a2, s2
core   0: 3 0x800066f6 (0x032614b3) x9  0x00000000
core   0: 0x800066fa (0x0000ea19) c.bnez  a2, pc + 22
core   0: 3 0x800066fa (0xea19)
core   0: 0x80006710 (0x017c4a33) xor     s4, s8, s7
core   0: 3 0x80006710 (0x017c4a33) x20 0x7ffda095
core   0: 0x80006714 (0xaa2ebd93) sltiu   s11, t4, -1374
core   0: 3 0x80006714 (0xaa2ebd93) x27 0x00000001
core   0: 0x80006718 (0x00006125) c.addi16sp sp, 96
core   0: 3 0x80006718 (0x6125) x2  0x0000005e
core   0: 0x8000671a (0x03d150b3) divu    ra, sp, t4
core   0: 3 0x8000671a (0x03d150b3) x1  0x00000000
core   0: 0x8000671e (0x0000100f) fence.i
core   0: 3 0x8000671e (0x0000100f)
core   0: 0x80006722 (0x02070233) mul     tp, a4, zero
core   0: 3 0x80006722 (0x02070233) x4  0x00000000
core   0: 0x80006726 (0x00000001) c.nop
core   0: 3 0x80006726 (0x0001)
core   0: 0x80006728 (0x00008c0d) c.sub   s0, a1
core   0: 3 0x80006728 (0x8c0d) x8  0x0a8275f4
core   0: 0x8000672a (0x00008d01) c.sub   a0, s0
core   0: 3 0x8000672a (0x8d01) x10 0xf57d8a0c
core   0: 0x8000672c (0x997aa413) slti    s0, s5, -1641
core   0: 3 0x8000672c (0x997aa413) x8  0x00000000
core   0: 0x80006730 (0x02fed333) divu    t1, t4, a5
core   0: 3 0x80006730 (0x02fed333) x6  0x00000000
core   0: 0x80006734 (0x00473533) sltu    a0, a4, tp
core   0: 3 0x80006734 (0x00473533) x10 0x00000000
core   0: 0x80006738 (0x00c681b3) add     gp, a3, a2
core   0: 3 0x80006738 (0x00c681b3) x3  0xffffffff
core   0: 0x8000673c (0x0000717d) c.addi16sp sp, -16
core   0: 3 0x8000673c (0x717d) x2  0x0000004e
core   0: 0x8000673e (0x40075c93) srai    s9, a4, 0
core   0: 3 0x8000673e (0x40075c93) x25 0xf57d8a09
core   0: 0x80006742 (0x020147b3) div     a5, sp, zero
core   0: 3 0x80006742 (0x020147b3) x15 0xffffffff
core   0: 0x80006746 (0x0e909437) lui     s0, 0xe909
core   0: 3 0x80006746 (0x0e909437) x8  0x0e909000
core   0: 0x8000674a (0x4050dab3) sra     s5, ra, t0
core   0: 3 0x8000674a (0x4050dab3) x21 0x00000000
core   0: 0x8000674e (0x00c83cb3) sltu    s9, a6, a2
core   0: 3 0x8000674e (0x00c83cb3) x25 0x00000001
core   0: 0x80006752 (0x02d3f4b3) remu    s1, t2, a3
core   0: 3 0x80006752 (0x02d3f4b3) x9  0x7ffd62db
core   0: 0x80006756 (0x00063fb3) sltu    t6, a2, zero
core   0: 3 0x80006756 (0x00063fb3) x31 0x00000000
core   0: 0x8000675a (0x00000988) c.addi4spn a0, sp, 208
core   0: 3 0x8000675a (0x0988) x10 0x0000011e
core   0: 0x8000675c (0x96a2ea13) ori     s4, t0, -1686
core   0: 3 0x8000675c (0x96a2ea13) x20 0xfffffb6a
core   0: 0x80006760 (0x41918233) sub     tp, gp, s9
core   0: 3 0x80006760 (0x41918233) x4  0xfffffffe
core   0: 0x80006764 (0x340a7ff3) csrrci  t6, mscratch, 20
core   0: 3 0x80006764 (0x340a7ff3) x31 0xffffffff c832_mscratch 0xffffffeb
core   0: 0x80006768 (0x0001be33) sltu    t3, gp, zero
core   0: 3 0x80006768 (0x0001be33) x28 0x00000000
core   0: 0x8000676c (0x00008f4d) c.or    a4, a1
core   0: 3 0x8000676c (0x8f4d) x14 0xf57d8a09
core   0: 0x8000676e (0x001f4d63) blt     t5, ra, pc + 26
core   0: 3 0x8000676e (0x001f4d63)
core   0: 0x80006788 (0x0133d833) srl     a6, t2, s3
core   0: 3 0x80006788 (0x0133d833) x16 0x00000000
core   0: 0x8000678c (0x013e7f93) andi    t6, t3, 19
core   0: 3 0x8000678c (0x013e7f93) x31 0x00000000
core   0: 0x80006790 (0x00016e63) bltu    sp, zero, pc + 28
core   0: 3 0x80006790 (0x00016e63)
core   0: 0x80006794 (0x03217c33) remu    s8, sp, s2
core   0: 3 0x80006794 (0x03217c33) x24 0x0000004e
core   0: 0x80006798 (0x02c344b3) div     s1, t1, a2
core   0: 3 0x80006798 (0x02c344b3) x9  0x00000000
core   0: 0x8000679c (0x34003873) csrrc   a6, mscratch, zero
core   0: 3 0x8000679c (0x34003873) x16 0xffffffeb
core   0: 0x800067a0 (0x00000001) c.nop
core   0: 3 0x800067a0 (0x0001)
core   0: 0x800067a2 (0x00000c14) c.addi4spn a3, sp, 528
core   0: 3 0x800067a2 (0x0c14) x13 0x0000025e
core   0: 0x800067a4 (0x00000a5e) c.slli  s4, 23
core   0: 3 0x800067a4 (0x0a5e) x20 0xb5000000
core   0: 0x800067a6 (0x01120d33) add     s10, tp, a7
core   0: 3 0x800067a6 (0x01120d33) x26 0xffffffff
core   0: 0x800067aa (0x0000e085) c.bnez  s1, pc + 32
core   0: 3 0x800067aa (0xe085)
core   0: 0x800067ac (0x3408d873) csrrwi  a6, mscratch, 17
core   0: 3 0x800067ac (0x3408d873) x16 0xffffffeb c832_mscratch 0x00000011
core   0: 0x800067b0 (0x60111597) auipc   a1, 0x60111
core   0: 3 0x800067b0 (0x60111597) x11 0xe01177b0
core   0: 0x800067b4 (0xbec8fe13) andi    t3, a7, -1044
core   0: 3 0x800067b4 (0xbec8fe13) x28 0x00000000
core   0: 0x800067b8 (0x03de9363) bne     t4, t4, pc + 38
core   0: 3 0x800067b8 (0x03de9363)
core   0: 0x800067bc (0x0000177d) c.addi  a4, -1
core   0: 3 0x800067bc (0x177d) x14 0xf57d8a08
core   0: 0x800067be (0x00001f94) c.addi4spn a3, sp, 1008
core   0: 3 0x800067be (0x1f94) x13 0x0000043e
core   0: 0x800067c0 (0x9b634d13) xori    s10, t1, -1610
core   0: 3 0x800067c0 (0x9b634d13) x26 0xfffff9b6
core   0: 0x800067c4 (0x039e0fb3) mul     t6, t3, s9
core   0: 3 0x800067c4 (0x039e0fb3) x31 0x00000000
core   0: 0x800067c8 (0x00008b3d) c.andi  a4, 15
core   0: 3 0x800067c8 (0x8b3d) x14 0x00000008
core   0: 0x800067ca (0x0000857e) c.mv    a0, t6
core   0: 3 0x800067ca (0x857e) x10 0x00000000
core   0: 0x800067cc (0x00219b63) bne     gp, sp, pc + 22
core   0: 3 0x800067cc (0x00219b63)
core   0: 0x800067e2 (0x00008ff1) c.and   a5, a2
core   0: 3 0x800067e2 (0x8ff1) x15 0xffffffff
core   0: 0x800067e4 (0x00008e89) c.sub   a3, a0
core   0: 3 0x800067e4 (0x8e89) x13 0x0000043e
core   0: 0x800067e6 (0x000080f6) c.mv    ra, t4
core   0: 3 0x800067e6 (0x80f6) x1  0x000003ec
core   0: 0x800067e8 (0x402bd233) sra     tp, s7, sp
core   0: 3 0x800067e8 (0x402bd233) x4  0xfffe0009
core   0: 0x800067ec (0x00008ef1) c.and   a3, a2
core   0: 3 0x800067ec (0x8ef1) x13 0x0000043e
core   0: 0x800067ee (0x039f3fb3) mulhu   t6, t5, s9
core   0: 3 0x800067ee (0x039f3fb3) x31 0x00000000
core   0: 0x800067f2 (0x01a1a6b3) slt     a3, gp, s10
core   0: 3 0x800067f2 (0x01a1a6b3) x13 0x00000000
core   0: 0x800067f6 (0x0ff0000f) fence   iorw,iorw
core   0: 3 0x800067f6 (0x0ff0000f)
core   0: 0x800067fa (0x000006c2) c.slli  a3, 16
core   0: 3 0x800067fa (0x06c2) x13 0x00000000
core   0: 0x800067fc (0x01d411b3) sll     gp, s0, t4
core   0: 3 0x800067fc (0x01d411b3) x3  0x09000000
core   0: 0x80006800 (0x01e0a733) slt     a4, ra, t5
core   0: 3 0x80006800 (0x01e0a733) x14 0x00000000
core   0: 0x80006804 (0x00008d8d) c.sub   a1, a1
core   0: 3 0x80006804 (0x8d8d) x11 0x00000000
core   0: 0x80006806 (0x0000108c) c.addi4spn a1, sp, 96
core   0: 3 0x80006806 (0x108c) x11 0x000000ae
core   0: 0x80006808 (0x49fa40b7) lui     ra, 0x49fa4
core   0: 3 0x80006808 (0x49fa40b7) x1  0x49fa4000
core   0: 0x8000680c (0x00008eb1) c.xor   a3, a2
core   0: 3 0x8000680c (0x8eb1) x13 0xffffffff
core   0: 0x8000680e (0x34003d73) csrrc   s10, mscratch, zero
core   0: 3 0x8000680e (0x34003d73) x26 0x00000011
core   0: 0x80006812 (0x002c1413) slli    s0, s8, 2
core   0: 3 0x80006812 (0x002c1413) x8  0x00000138
core   0: 0x80006816 (0x02e33e33) mulhu   t3, t1, a4
core   0: 3 0x80006816 (0x02e33e33) x28 0x00000000
core   0: 0x8000681a (0x340bb3f3) csrrc   t2, mscratch, s7
core   0: 3 0x8000681a (0x340bb3f3) x7  0x00000011 c832_mscratch 0x00000011
core   0: 0x8000681e (0x03b586b3) mul     a3, a1, s11
core   0: 3 0x8000681e (0x03b586b3) x13 0x000000ae
core   0: 0x80006822 (0x00648263) beq     s1, t1, pc + 4
core   0: 3 0x80006822 (0x00648263)
core   0: 0x80006826 (0x0300f233) remu    tp, ra, a6
core   0: 3 0x80006826 (0x0300f233) x4  0x49fa4000
core   0: 0x8000682a (0x0000cb8d) c.beqz  a5, pc + 50
core   0: 3 0x8000682a (0xcb8d)
core   0: 0x8000682c (0x00008f21) c.xor   a4, s0
core   0: 3 0x8000682c (0x8f21) x14 0x00000138
core   0: 0x8000682e (0x00008f45) c.or    a4, s1
core   0: 3 0x8000682e (0x8f45) x14 0x00000138
core   0: 0x80006830 (0x054c2713) slti    a4, s8, 84
core   0: 3 0x80006830 (0x054c2713) x14 0x00000001
core   0: 0x80006834 (0x00008f61) c.and   a4, s0
core   0: 3 0x80006834 (0x8f61) x14 0x00000000
core   0: 0x80006836 (0x01483233) sltu    tp, a6, s4
core   0: 3 0x80006836 (0x01483233) x4  0x00000000
core   0: 0x8000683a (0x00006fe1) c.lui   t6, 0x18
core   0: 3 0x8000683a (0x6fe1) x31 0x00018000
core   0: 0x8000683c (0x03f6f133) remu    sp, a3, t6
core   0: 3 0x8000683c (0x03f6f133) x2  0x000000ae
core   0: 0x80006840 (0x0286db33) divu    s6, a3, s0
core   0: 3 0x80006840 (0x0286db33) x22 0x00000000
core   0: 0x80006844 (0x00008cb5) c.xor   s1, a3
core   0: 3 0x80006844 (0x8cb5) x9  0x000000ae
core   0: 0x80006846 (0x340025f3) csrr    a1, mscratch
core   0: 3 0x80006846 (0x340025f3) x11 0x00000011
core   0: 0x8000684a (0x00000001) c.nop
core   0: 3 0x8000684a (0x0001)
core   0: 0x8000684c (0x02d79833) mulh    a6, a5, a3
core   0: 3 0x8000684c (0x02d79833) x16 0xffffffff
core   0: 0x80006850 (0x33810f93) addi    t6, sp, 824
core   0: 3 0x80006850 (0x33810f93) x31 0x000003e6
core   0: 0x80006854 (0x415c84b3) sub     s1, s9, s5
core   0: 3 0x80006854 (0x415c84b3) x9  0x00000001
core   0: 0x80006858 (0x0000527d) c.li    tp, -1
core   0: 3 0x80006858 (0x527d) x4  0xffffffff
core   0: 0x8000685a (0x000086b5) c.srai  a3, 13
core   0: 3 0x8000685a (0x86b5) x13 0x00000000
core   0: 0x8000685c (0x0000cb89) c.beqz  a5, pc + 18
core   0: 3 0x8000685c (0xcb89)
core   0: 0x8000685e (0x00706133) or      sp, zero, t2
core   0: 3 0x8000685e (0x00706133) x2  0x00000011
core   0: 0x80006862 (0x0000e605) c.bnez  a2, pc + 40
core   0: 3 0x80006862 (0xe605)
core   0: 0x8000688a (0x340098f3) csrrw   a7, mscratch, ra
core   0: 3 0x8000688a (0x340098f3) x17 0x00000011 c832_mscratch 0x49fa4000
core   0: 0x8000688e (0x000068f5) c.lui   a7, 0x1d
core   0: 3 0x8000688e (0x68f5) x17 0x0001d000
core   0: 0x80006890 (0xac324413) xori    s0, tp, -1341
core   0: 3 0x80006890 (0xac324413) x8  0x0000053c
core   0: 0x80006894 (0x01630c33) add     s8, t1, s6
core   0: 3 0x80006894 (0x01630c33) x24 0x00000000
core   0: 0x80006898 (0x34065df3) csrrwi  s11, mscratch, 12
core   0: 3 0x80006898 (0x34065df3) x27 0x49fa4000 c832_mscratch 0x0000000c
core   0: 0x8000689c (0x340599f3) csrrw   s3, mscratch, a1
core   0: 3 0x8000689c (0x340599f3) x19 0x0000000c c832_mscratch 0x00000011
core   0: 0x800068a0 (0x034210b3) mulh    ra, tp, s4
core   0: 3 0x800068a0 (0x034210b3) x1  0x00000000
core   0: 0x800068a4 (0x00008eed) c.and   a3, a1
core   0: 3 0x800068a4 (0x8eed) x13 0x00000000
core   0: 0x800068a6 (0x340a29f3) csrrs   s3, mscratch, s4
core   0: 3 0x800068a6 (0x340a29f3) x19 0x00000011 c832_mscratch 0xb5000011
core   0: 0x800068aa (0x016568b3) or      a7, a0, s6
core   0: 3 0x800068aa (0x016568b3) x17 0x00000000
core   0: 0x800068ae (0x019bdc93) srli    s9, s7, 25
core   0: 3 0x800068ae (0x019bdc93) x25 0x00000040
core   0: 0x800068b2 (0x00008f0d) c.sub   a4, a1
core   0: 3 0x800068b2 (0x8f0d) x14 0xffffffef
core   0: 0x800068b4 (0x340036f3) csrrc   a3, mscratch, zero
core   0: 3 0x800068b4 (0x340036f3) x13 0xb5000011
core   0: 0x800068b8 (0x02a45633) divu    a2, s0, a0
core   0: 3 0x800068b8 (0x02a45633) x12 0xffffffff
core   0: 0x800068bc (0x02ce0233) mul     tp, t3, a2
core   0: 3 0x800068bc (0x02ce0233) x4  0x00000000
core   0: 0x800068c0 (0x9b5cad93) slti    s11, s9, -1611
core   0: 3 0x800068c0 (0x9b5cad93) x27 0x00000000
core   0: 0x800068c4 (0x340a16f3) csrrw   a3, mscratch, s4
core   0: 3 0x800068c4 (0x340a16f3) x13 0xb5000011 c832_mscratch 0xb5000000
core   0: 0x800068c8 (0x02927ab3) remu    s5, tp, s1
core   0: 3 0x800068c8 (0x02927ab3) x21 0x00000000
core   0: 0x800068cc (0x00a6f3b3) and     t2, a3, a0
core   0: 3 0x800068cc (0x00a6f3b3) x7  0x00000000
core   0: 0x800068d0 (0x00008845) c.andi  s0, 17
core   0: 3 0x800068d0 (0x8845) x8  0x00000010
core   0: 0x800068d2 (0x000a2933) slt     s2, s4, zero
core   0: 3 0x800068d2 (0x000a2933) x18 0x00000001
core   0: 0x800068d6 (0x0000997d) c.andi  a0, -1
core   0: 3 0x800068d6 (0x997d) x10 0x00000000
core   0: 0x800068d8 (0x01e480b3) add     ra, s1, t5
core   0: 3 0x800068d8 (0x01e480b3) x1  0x80029d25
core   0: 0x800068dc (0x01e55593) srli    a1, a0, 30
core   0: 3 0x800068dc (0x01e55593) x11 0x00000000
core   0: 0x800068e0 (0x340073f3) csrrci  t2, mscratch, 0
core   0: 3 0x800068e0 (0x340073f3) x7  0xb5000000
core   0: 0x800068e4 (0x34006c73) csrrsi  s8, mscratch, 0
core   0: 3 0x800068e4 (0x34006c73) x24 0xb5000000
core   0: 0x800068e8 (0x01460a63) beq     a2, s4, pc + 20
core   0: 3 0x800068e8 (0x01460a63)
core   0: 0x800068ec (0x025e5db3) divu    s11, t3, t0
core   0: 3 0x800068ec (0x025e5db3) x27 0x00000000
core   0: 0x800068f0 (0x031de663) bltu    s11, a7, pc + 44
core   0: 3 0x800068f0 (0x031de663)
core   0: 0x800068f4 (0x000081b1) c.srli  a1, 12
core   0: 3 0x800068f4 (0x81b1) x11 0x00000000
core   0: 0x800068f6 (0x00008319) c.srli  a4, 6
core   0: 3 0x800068f6 (0x8319) x14 0x03ffffff
core   0: 0x800068f8 (0x00625413) srli    s0, tp, 6
core   0: 3 0x800068f8 (0x00625413) x8  0x00000000
core   0: 0x800068fc (0x3403da73) csrrwi  s4, mscratch, 7
core   0: 3 0x800068fc (0x3403da73) x20 0xb5000000 c832_mscratch 0x00000007
core   0: 0x80006900 (0x00a14263) blt     sp, a0, pc + 4
core   0: 3 0x80006900 (0x00a14263)
core   0: 0x80006904 (0x340523f3) csrrs   t2, mscratch, a0
core   0: 3 0x80006904 (0x340523f3) x7  0x00000007 c832_mscratch 0x00000007
core   0: 0x80006908 (0x01054663) blt     a0, a6, pc + 12
core   0: 3 0x80006908 (0x01054663)
core   0: 0x8000690c (0x02877163) bgeu    a4, s0, pc + 34
core   0: 3 0x8000690c (0x02877163)
core   0: 0x8000692e (0x34003973) csrrc   s2, mscratch, zero
core   0: 3 0x8000692e (0x34003973) x18 0x00000007
core   0: 0x80006932 (0x0020de33) srl     t3, ra, sp
core   0: 3 0x80006932 (0x0020de33) x28 0x00004001
core   0: 0x80006936 (0x02879663) bne     a5, s0, pc + 44
core   0: 3 0x80006936 (0x02879663)
core   0: 0x80006962 (0x03325a33) divu    s4, tp, s3
core   0: 3 0x80006962 (0x03325a33) x20 0x00000000
core   0: 0x80006966 (0x00000aee) c.slli  s5, 27
core   0: 3 0x80006966 (0x0aee) x21 0x00000000
core   0: 0x80006968 (0x04ff0613) addi    a2, t5, 79
core   0: 3 0x80006968 (0x04ff0613) x12 0x80029d73
core   0: 0x8000696c (0x00e800b3) add     ra, a6, a4
core   0: 3 0x8000696c (0x00e800b3) x1  0x03fffffe
core   0: 0x80006970 (0x34019573) csrrw   a0, mscratch, gp
core   0: 3 0x80006970 (0x34019573) x10 0x00000007 c832_mscratch 0x09000000
core   0: 0x80006974 (0x00008ee5) c.and   a3, s1
core   0: 3 0x80006974 (0x8ee5) x13 0x00000001
core   0: 0x80006976 (0x5d2fe613) ori     a2, t6, 1490
core   0: 3 0x80006976 (0x5d2fe613) x12 0x000007f6
core   0: 0x8000697a (0x022961b3) rem     gp, s2, sp
core   0: 3 0x8000697a (0x022961b3) x3  0x00000007
core   0: 0x8000697e (0x00008d89) c.sub   a1, a0
core   0: 3 0x8000697e (0x8d89) x11 0xfffffff9
core   0: 0x80006980 (0x34092173) csrrs   sp, mscratch, s2
core   0: 3 0x80006980 (0x34092173) x2  0x09000000 c832_mscratch 0x09000007
core   0: 0x80006984 (0x02e7c9b3) div     s3, a5, a4
core   0: 3 0x80006984 (0x02e7c9b3) x19 0x00000000
core   0: 0x80006988 (0x022dea33) rem     s4, s11, sp
core   0: 3 0x80006988 (0x022dea33) x20 0x00000000
core   0: 0x8000698c (0x02d3f863) bgeu    t2, a3, pc + 48
core   0: 3 0x8000698c (0x02d3f863)
core   0: 0x800069bc (0xd990fc93) andi    s9, ra, -615
core   0: 3 0x800069bc (0xd990fc93) x25 0x03fffd98
core   0: 0x800069c0 (0x340e2773) csrrs   a4, mscratch, t3
core   0: 3 0x800069c0 (0x340e2773) x14 0x09000007 c832_mscratch 0x09004007
core   0: 0x800069c4 (0x8d953d13) sltiu   s10, a0, -1831
core   0: 3 0x800069c4 (0x8d953d13) x26 0x00000001
core   0: 0x800069c8 (0x00006695) c.lui   a3, 0x5
core   0: 3 0x800069c8 (0x6695) x13 0x00005000
core   0: 0x800069ca (0x033d6533) rem     a0, s10, s3
core   0: 3 0x800069ca (0x033d6533) x10 0x00000001
core   0: 0x800069ce (0x3402f473) csrrci  s0, mscratch, 5
core   0: 3 0x800069ce (0x3402f473) x8  0x09004007 c832_mscratch 0x09004002
core   0: 0x800069d2 (0x00006241) c.lui   tp, 0x10
core   0: 3 0x800069d2 (0x6241) x4  0x00010000
core   0: 0x800069d4 (0x859e5d37) lui     s10, 0x859e5
core   0: 3 0x800069d4 (0x859e5d37) x26 0x859e5000
core   0: 0x800069d8 (0x015ddf93) srli    t6, s11, 21
core   0: 3 0x800069d8 (0x015ddf93) x31 0x00000000
core   0: 0x800069dc (0x0110c833) xor     a6, ra, a7
core   0: 3 0x800069dc (0x0110c833) x16 0x03fffffe
core   0: 0x800069e0 (0x01c599b3) sll     s3, a1, t3
core   0: 3 0x800069e0 (0x01c599b3) x19 0xfffffff2
core   0: 0x800069e4 (0x03de4c33) div     s8, t3, t4
core   0: 3 0x800069e4 (0x03de4c33) x24 0x00000010
core   0: 0x800069e8 (0x00008375) c.srli  a4, 29
core   0: 3 0x800069e8 (0x8375) x14 0x00000000
core   0: 0x800069ea (0x0000c819) c.beqz  s0, pc + 22
core   0: 3 0x800069ea (0xc819)
core   0: 0x800069ec (0x01ed5533) srl     a0, s10, t5
core   0: 3 0x800069ec (0x01ed5533) x10 0x0859e500
core   0: 0x800069f0 (0x02564b63) blt     a2, t0, pc + 54
core   0: 3 0x800069f0 (0x02564b63)
core   0: 0x800069f4 (0x0000e911) c.bnez  a0, pc + 20
core   0: 3 0x800069f4 (0xe911)
core   0: 0x80006a08 (0x0000ce99) c.beqz  a3, pc + 30
core   0: 3 0x80006a08 (0xce99)
core   0: 0x80006a0a (0xae91fb13) andi    s6, gp, -1303
core   0: 3 0x80006a0a (0xae91fb13) x22 0x00000001
core   0: 0x80006a0e (0x006fdd13) srli    s10, t6, 6
core   0: 3 0x80006a0e (0x006fdd13) x26 0x00000000
core   0: 0x80006a12 (0x000dd463) bgez    s11, pc + 8
core   0: 3 0x80006a12 (0x000dd463)
core   0: 0x80006a1a (0x00009e7a) c.add   t3, t5
core   0: 3 0x80006a1a (0x9e7a) x28 0x8002dd25
core   0: 0x80006a1c (0x00008d0d) c.sub   a0, a1
core   0: 3 0x80006a1c (0x8d0d) x10 0x0859e507
core   0: 0x80006a1e (0x009a5693) srli    a3, s4, 9
core   0: 3 0x80006a1e (0x009a5693) x13 0x00000000
core   0: 0x80006a22 (0x41535f93) srai    t6, t1, 21
core   0: 3 0x80006a22 (0x41535f93) x31 0x00000000
core   0: 0x80006a26 (0x03b2e333) rem     t1, t0, s11
core   0: 3 0x80006a26 (0x03b2e333) x6  0xf57d8a0a
core   0: 0x80006a2a (0x4144d833) sra     a6, s1, s4
core   0: 3 0x80006a2a (0x4144d833) x16 0x00000001
core   0: 0x80006a2e (0x34082173) csrrs   sp, mscratch, a6
core   0: 3 0x80006a2e (0x34082173) x2  0x09004002 c832_mscratch 0x09004003
core   0: 0x80006a32 (0x013d1433) sll     s0, s10, s3
core   0: 3 0x80006a32 (0x013d1433) x8  0x00000000
core   0: 0x80006a36 (0x000057fd) c.li    a5, -1
core   0: 3 0x80006a36 (0x57fd) x15 0xffffffff
core   0: 0x80006a38 (0x00001d7d) c.addi  s10, -1
core   0: 3 0x80006a38 (0x1d7d) x26 0xffffffff
core   0: 0x80006a3a (0x340df173) csrrci  sp, mscratch, 27
core   0: 3 0x80006a3a (0x340df173) x2  0x09004003 c832_mscratch 0x09004000
core   0: 0x80006a3e (0x034bacb3) mulhsu  s9, s7, s4
core   0: 3 0x80006a3e (0x034bacb3) x25 0x00000000
core   0: 0x80006a42 (0x00005c7d) c.li    s8, -1
core   0: 3 0x80006a42 (0x5c7d) x24 0xffffffff
core   0: 0x80006a44 (0x01135eb3) srl     t4, t1, a7
core   0: 3 0x80006a44 (0x01135eb3) x29 0xf57d8a0a
core   0: 0x80006a48 (0x09970d13) addi    s10, a4, 153
core   0: 3 0x80006a48 (0x09970d13) x26 0x00000099
core   0: 0x80006a4c (0x01b720b3) slt     ra, a4, s11
core   0: 3 0x80006a4c (0x01b720b3) x1  0x00000000
core   0: 0x80006a50 (0x019950b3) srl     ra, s2, s9
core   0: 3 0x80006a50 (0x019950b3) x1  0x00000007
core   0: 0x80006a54 (0x00000001) c.nop
core   0: 3 0x80006a54 (0x0001)
core   0: 0x80006a56 (0x03c1c963) blt     gp, t3, pc + 50
core   0: 3 0x80006a56 (0x03c1c963)
core   0: 0x80006a5a (0x34077173) csrrci  sp, mscratch, 14
core   0: 3 0x80006a5a (0x34077173) x2  0x09004000 c832_mscratch 0x09004000
core   0: 0x80006a5e (0x00008fe1) c.and   a5, s0
core   0: 3 0x80006a5e (0x8fe1) x15 0x00000000
core   0: 0x80006a60 (0x035461b3) rem     gp, s0, s5
core   0: 3 0x80006a60 (0x035461b3) x3  0x00000000
core   0: 0x80006a64 (0x3404b5f3) csrrc   a1, mscratch, s1
core   0: 3 0x80006a64 (0x3404b5f3) x11 0x09004000 c832_mscratch 0x09004000
core   0: 0x80006a68 (0x00009c0a) c.add   s8, sp
core   0: 3 0x80006a68 (0x9c0a) x24 0x09003fff
core   0: 0x80006a6a (0x015b3033) sltu    zero, s6, s5
core   0: 3 0x80006a6a (0x015b3033)
core   0: 0x80006a6e (0x40e60fb3) sub     t6, a2, a4
core   0: 3 0x80006a6e (0x40e60fb3) x31 0x000007f6
core   0: 0x80006a72 (0x0000717d) c.addi16sp sp, -16
core   0: 3 0x80006a72 (0x717d) x2  0x09003ff0
core   0: 0x80006a74 (0x000006da) c.slli  a3, 22
core   0: 3 0x80006a74 (0x06da) x13 0x00000000
core   0: 0x80006a76 (0x001da3b3) slt     t2, s11, ra
core   0: 3 0x80006a76 (0x001da3b3) x7  0x00000001
core   0: 0x80006a7a (0x02d35d63) bge     t1, a3, pc + 58
core   0: 3 0x80006a7a (0x02d35d63)
core   0: 0x80006a7e (0x00000518) c.addi4spn a4, sp, 640
core   0: 3 0x80006a7e (0x0518) x14 0x09004270
core   0: 0x80006a80 (0x00f5d1b3) srl     gp, a1, a5
core   0: 3 0x80006a80 (0x00f5d1b3) x3  0x09004000
core   0: 0x80006a84 (0x00009cb2) c.add   s9, a2
core   0: 3 0x80006a84 (0x9cb2) x25 0x000007f6
core   0: 0x80006a86 (0x00008c3d) c.xor   s0, a5
core   0: 3 0x80006a86 (0x8c3d) x8  0x00000000
core   0: 0x80006a88 (0x000087cd) c.srai  a5, 19
core   0: 3 0x80006a88 (0x87cd) x15 0x00000000
core   0: 0x80006a8a (0x00008fb1) c.xor   a5, a2
core   0: 3 0x80006a8a (0x8fb1) x15 0x000007f6
core   0: 0x80006a8c (0x000083fd) c.srli  a5, 31
core   0: 3 0x80006a8c (0x83fd) x15 0x00000000
core   0: 0x80006a8e (0x01847cb3) and     s9, s0, s8
core   0: 3 0x80006a8e (0x01847cb3) x25 0x00000000
core   0: 0x80006a92 (0x00008c41) c.or    s0, s0
core   0: 3 0x80006a92 (0x8c41) x8  0x00000000
core   0: 0x80006a94 (0xcef80393) addi    t2, a6, -785
core   0: 3 0x80006a94 (0xcef80393) x7  0xfffffcf0
core   0: 0x80006a98 (0x00e91663) bne     s2, a4, pc + 12
core   0: 3 0x80006a98 (0x00e91663)
core   0: 0x80006aa4 (0x8459ae13) slti    t3, s3, -1979
core   0: 3 0x80006aa4 (0x8459ae13) x28 0x00000000
core   0: 0x80006aa8 (0x00c91433) sll     s0, s2, a2
core   0: 3 0x80006aa8 (0x00c91433) x8  0x01c00000
core   0: 0x80006aac (0x0309ba33) mulhu   s4, s3, a6
core   0: 3 0x80006aac (0x0309ba33) x20 0x00000000
core   0: 0x80006ab0 (0x0000100f) fence.i
core   0: 3 0x80006ab0 (0x0000100f)
core   0: 0x80006ab4 (0x00e414b3) sll     s1, s0, a4
core   0: 3 0x80006ab4 (0x00e414b3) x9  0x00000000
core   0: 0x80006ab8 (0x00000001) c.nop
core   0: 3 0x80006ab8 (0x0001)
core   0: 0x80006aba (0x00006179) c.addi16sp sp, 464
core   0: 3 0x80006aba (0x6179) x2  0x090041c0
core   0: 0x80006abc (0x000060f1) c.lui   ra, 0x1c
core   0: 3 0x80006abc (0x60f1) x1  0x0001c000
core   0: 0x80006abe (0x004ee3b3) or      t2, t4, tp
core   0: 3 0x80006abe (0x004ee3b3) x7  0xf57d8a0a
core   0: 0x80006ac2 (0x00008ccd) c.or    s1, a1
core   0: 3 0x80006ac2 (0x8ccd) x9  0x09004000
core   0: 0x80006ac4 (0x01957633) and     a2, a0, s9
core   0: 3 0x80006ac4 (0x01957633) x12 0x00000000
core   0: 0x80006ac8 (0x47e5b8b7) lui     a7, 0x47e5b
core   0: 3 0x80006ac8 (0x47e5b8b7) x17 0x47e5b000
core   0: 0x80006acc (0x0174f4b3) and     s1, s1, s7
core   0: 3 0x80006acc (0x0174f4b3) x9  0x00004000
core   0: 0x80006ad0 (0x40afd933) sra     s2, t6, a0
core   0: 3 0x80006ad0 (0x40afd933) x18 0x0000000f
core   0: 0x80006ad4 (0x00008e39) c.xor   a2, a4
core   0: 3 0x80006ad4 (0x8e39) x12 0x09004270
core   0: 0x80006ad6 (0x01854333) xor     t1, a0, s8
core   0: 3 0x80006ad6 (0x01854333) x6  0x0159daf8
core   0: 0x80006ada (0x340f1073) csrw    mscratch, t5
core   0: 3 0x80006ada (0x340f1073) c832_mscratch 0x80029d24
core   0: 0x80006ade (0x00001904) c.addi4spn s1, sp, 176
core   0: 3 0x80006ade (0x1904) x9  0x09004270
core   0: 0x80006ae0 (0x00000001) c.nop
core   0: 3 0x80006ae0 (0x0001)
core   0: 0x80006ae2 (0x00008d25) c.xor   a0, s1
core   0: 3 0x80006ae2 (0x8d25) x10 0x0159a777
core   0: 0x80006ae4 (0x34006a73) csrrsi  s4, mscratch, 0
core   0: 3 0x80006ae4 (0x34006a73) x20 0x80029d24
core   0: 0x80006ae8 (0x00006171) c.addi16sp sp, 336
core   0: 3 0x80006ae8 (0x6171) x2  0x09004310
core   0: 0x80006aea (0x02a49663) bne     s1, a0, pc + 44
core   0: 3 0x80006aea (0x02a49663)
core   0: 0x80006b16 (0x5e92ed13) ori     s10, t0, 1513
core   0: 3 0x80006b16 (0x5e92ed13) x26 0xf57d8feb
core   0: 0x80006b1a (0xaa2e7393) andi    t2, t3, -1374
core   0: 3 0x80006b1a (0xaa2e7393) x7  0x00000000
core   0: 0x80006b1e (0x340bd973) csrrwi  s2, mscratch, 23
core   0: 3 0x80006b1e (0x340bd973) x18 0x80029d24 c832_mscratch 0x00000017
core   0: 0x80006b22 (0x00008dd9) c.or    a1, a4
core   0: 3 0x80006b22 (0x8dd9) x11 0x09004270
core   0: 0x80006b24 (0x340fdaf3) csrrwi  s5, mscratch, 31
core   0: 3 0x80006b24 (0x340fdaf3) x21 0x00000017 c832_mscratch 0x0000001f
core   0: 0x80006b28 (0x00009de2) c.add   s11, s8
core   0: 3 0x80006b28 (0x9de2) x27 0x09003fff
core   0: 0x80006b2a (0x00008ced) c.and   s1, a1
core   0: 3 0x80006b2a (0x8ced) x9  0x09004270
core   0: 0x80006b2c (0x00ab3733) sltu    a4, s6, a0
core   0: 3 0x80006b2c (0x00ab3733) x14 0x00000001
core   0: 0x80006b30 (0x00008dd1) c.or    a1, a2
core   0: 3 0x80006b30 (0x8dd1) x11 0x09004270
core   0: 0x80006b32 (0x00008ff5) c.and   a5, a3
core   0: 3 0x80006b32 (0x8ff5) x15 0x00000000
core   0: 0x80006b34 (0x00008cdd) c.or    s1, a5
core   0: 3 0x80006b34 (0x8cdd) x9  0x09004270
core   0: 0x80006b36 (0x01c46263) bltu    s0, t3, pc + 4
core   0: 3 0x80006b36 (0x01c46263)
core   0: 0x80006b3a (0x017dd493) srli    s1, s11, 23
core   0: 3 0x80006b3a (0x017dd493) x9  0x00000012
core   0: 0x80006b3e (0x0000ca09) c.beqz  a2, pc + 18
core   0: 3 0x80006b3e (0xca09)
core   0: 0x80006b40 (0x03fa4463) blt     s4, t6, pc + 40
core   0: 3 0x80006b40 (0x03fa4463)
core   0: 0x80006b68 (0x00006415) c.lui   s0, 0x5
core   0: 3 0x80006b68 (0x6415) x8  0x00005000
core   0: 0x80006b6a (0x00008d55) c.or    a0, a3
core   0: 3 0x80006b6a (0x8d55) x10 0x0159a777
core   0: 0x80006b6c (0x0000e50d) c.bnez  a0, pc + 42
core   0: 3 0x80006b6c (0xe50d)
core   0: 0x80006b96 (0x408edd13) srai    s10, t4, 8
core   0: 3 0x80006b96 (0x408edd13) x26 0xfff57d8a
core   0: 0x80006b9a (0x0000e785) c.bnez  a5, pc + 40
core   0: 3 0x80006b9a (0xe785)
core   0: 0x80006b9c (0x00006e05) c.lui   t3, 0x1
core   0: 3 0x80006b9c (0x6e05) x28 0x00001000
core   0: 0x80006b9e (0x004a96b3) sll     a3, s5, tp
core   0: 3 0x80006b9e (0x004a96b3) x13 0x00000017
core   0: 0x80006ba2 (0x00000001) c.nop
core   0: 3 0x80006ba2 (0x0001)
core   0: 0x80006ba4 (0x3ec04d93) xori    s11, zero, 1004
core   0: 3 0x80006ba4 (0x3ec04d93) x27 0x000003ec
core   0: 0x80006ba8 (0x019f9393) slli    t2, t6, 25
core   0: 3 0x80006ba8 (0x019f9393) x7  0xec000000
core   0: 0x80006bac (0x0ff0000f) fence   iorw,iorw
core   0: 3 0x80006bac (0x0ff0000f)
core   0: 0x80006bb0 (0x02cfcc63) blt     t6, a2, pc + 56
core   0: 3 0x80006bb0 (0x02cfcc63)
core   0: 0x80006be8 (0x40ac5313) srai    t1, s8, 10
core   0: 3 0x80006be8 (0x40ac5313) x6  0x0002400f
core   0: 0x80006bec (0x014ec233) xor     tp, t4, s4
core   0: 3 0x80006bec (0x014ec233) x4  0x757f172e
core   0: 0x80006bf0 (0x340038f3) csrrc   a7, mscratch, zero
core   0: 3 0x80006bf0 (0x340038f3) x17 0x0000001f
core   0: 0x80006bf4 (0x020013b3) mulh    t2, zero, zero
core   0: 3 0x80006bf4 (0x020013b3) x7  0x00000000
core   0: 0x80006bf8 (0x00008cc1) c.or    s1, s0
core   0: 3 0x80006bf8 (0x8cc1) x9  0x00005012
core   0: 0x80006bfa (0x00008f2d) c.xor   a4, a1
core   0: 3 0x80006bfa (0x8f2d) x14 0x09004271
core   0: 0x80006bfc (0x004a9d93) slli    s11, s5, 4
core   0: 3 0x80006bfc (0x004a9d93) x27 0x00000170
core   0: 0x80006c00 (0xecb3fd13) andi    s10, t2, -309
core   0: 3 0x80006c00 (0xecb3fd13) x26 0x00000000
core   0: 0x80006c04 (0x4135dc33) sra     s8, a1, s3
core   0: 3 0x80006c04 (0x4135dc33) x24 0x00000240
core   0: 0x80006c08 (0x0000908a) c.add   ra, sp
core   0: 3 0x80006c08 (0x908a) x1  0x09020310
core   0: 0x80006c0a (0x045d1363) bne     s10, t0, pc + 70
core   0: 3 0x80006c0a (0x045d1363)
core   0: 0x80006c50 (0x34071b73) csrrw   s6, mscratch, a4
core   0: 3 0x80006c50 (0x34071b73) x22 0x0000001f c832_mscratch 0x09004271
core   0: 0x80006c54 (0x00005d7d) c.li    s10, -1
core   0: 3 0x80006c54 (0x5d7d) x26 0xffffffff
core   0: 0x80006c56 (0x00008111) c.srli  a0, 4
core   0: 3 0x80006c56 (0x8111) x10 0x00159a77
core   0: 0x80006c58 (0xf5cc7597) auipc   a1, 0xf5cc7
core   0: 3 0x80006c58 (0xf5cc7597) x11 0x75ccdc58
core   0: 0x80006c5c (0x0193c763) blt     t2, s9, pc + 14
core   0: 3 0x80006c5c (0x0193c763)
core   0: 0x80006c60 (0x0350eab3) rem     s5, ra, s5
core   0: 3 0x80006c60 (0x0350eab3) x21 0x0000000a
core   0: 0x80006c64 (0xf626c513) xori    a0, a3, -158
core   0: 3 0x80006c64 (0xf626c513) x10 0xffffff75
core   0: 0x80006c68 (0x0000717d) c.addi16sp sp, -16
core   0: 3 0x80006c68 (0x717d) x2  0x09004300
core   0: 0x80006c6a (0x0210ffb3) remu    t6, ra, ra
core   0: 3 0x80006c6a (0x0210ffb3) x31 0x00000000
core   0: 0x80006c6e (0x00008c89) c.sub   s1, a0
core   0: 3 0x80006c6e (0x8c89) x9  0x0000509d
core   0: 0x80006c70 (0x00008ced) c.and   s1, a1
core   0: 3 0x80006c70 (0x8ced) x9  0x00005018
core   0: 0x80006c72 (0x00000592) c.slli  a1, 4
core   0: 3 0x80006c72 (0x0592) x11 0x5ccdc580
core   0: 0x80006c74 (0x0000931e) c.add   t1, t2
core   0: 3 0x80006c74 (0x931e) x6  0x0002400f
core   0: 0x80006c76 (0x00008ff1) c.and   a5, a2
core   0: 3 0x80006c76 (0x8ff1) x15 0x00000000
core   0: 0x80006c78 (0x00008299) c.srli  a3, 6
core   0: 3 0x80006c78 (0x8299) x13 0x00000000
core   0: 0x80006c7a (0xf9324813) xori    a6, tp, -109
core   0: 3 0x80006c7a (0xf9324813) x16 0x8a80e8bd
core   0: 0x80006c7e (0x01bef333) and     t1, t4, s11
core   0: 3 0x80006c7e (0x01bef333) x6  0x00000000
core   0: 0x80006c82 (0x0000c009) c.beqz  s0, pc + 2
core   0: 3 0x80006c82 (0xc009)
core   0: 0x80006c84 (0x00fca633) slt     a2, s9, a5
core   0: 3 0x80006c84 (0x00fca633) x12 0x00000000
core   0: 0x80006c88 (0x00000490) c.addi4spn a2, sp, 576
core   0: 3 0x80006c88 (0x0490) x12 0x09004540
core   0: 0x80006c8a (0x00008ed9) c.or    a3, a4
core   0: 3 0x80006c8a (0x8ed9) x13 0x09004271
core   0: 0x80006c8c (0x000055fd) c.li    a1, -1
core   0: 3 0x80006c8c (0x55fd) x11 0xffffffff
core   0: 0x80006c8e (0x0000100f) fence.i
core   0: 3 0x80006c8e (0x0000100f)
core   0: 0x80006c92 (0x03309b63) bne     ra, s3, pc + 54
core   0: 3 0x80006c92 (0x03309b63)
core   0: 0x80006cc8 (0x40705c93) srai    s9, zero, 7
core   0: 3 0x80006cc8 (0x40705c93) x25 0x00000000
core   0: 0x80006ccc (0x017f9713) slli    a4, t6, 23
core   0: 3 0x80006ccc (0x017f9713) x14 0x00000000
core   0: 0x80006cd0 (0x02bc34b3) mulhu   s1, s8, a1
core   0: 3 0x80006cd0 (0x02bc34b3) x9  0x0000023f
core   0: 0x80006cd4 (0x03e60163) beq     a2, t5, pc + 34
core   0: 3 0x80006cd4 (0x03e60163)
core   0: 0x80006cd8 (0x02011ab3) mulh    s5, sp, zero
core   0: 3 0x80006cd8 (0x02011ab3) x21 0x00000000
core   0: 0x80006cdc (0x00001984) c.addi4spn s1, sp, 240
core   0: 3 0x80006cdc (0x1984) x9  0x090043f0
core   0: 0x80006cde (0x025165b3) rem     a1, sp, t0
core   0: 3 0x80006cde (0x025165b3) x11 0x09004300
core   0: 0x80006ce2 (0x00008cd1) c.or    s1, a2
core   0: 3 0x80006ce2 (0x8cd1) x9  0x090047f0
core   0: 0x80006ce4 (0x01389593) slli    a1, a7, 19
core   0: 3 0x80006ce4 (0x01389593) x11 0x00f80000
core   0: 0x80006ce8 (0x026e68b3) rem     a7, t3, t1
core   0: 3 0x80006ce8 (0x026e68b3) x17 0x00001000
core   0: 0x80006cec (0x00a7a633) slt     a2, a5, a0
core   0: 3 0x80006cec (0x00a7a633) x12 0x00000000
core   0: 0x80006cf0 (0x00008e01) c.sub   a2, s0
core   0: 3 0x80006cf0 (0x8e01) x12 0xffffb000
core   0: 0x80006cf2 (0xb87b7d93) andi    s11, s6, -1145
core   0: 3 0x80006cf2 (0xb87b7d93) x27 0x00000007
core   0: 0x80006cf6 (0x00000405) c.addi  s0, 1
core   0: 3 0x80006cf6 (0x0405) x8  0x00005001
core   0: 0x80006cf8 (0x004cea63) bltu    s9, tp, pc + 20
core   0: 3 0x80006cf8 (0x004cea63)
core   0: 0x80006d0c (0x40b00cb3) sub     s9, zero, a1
core   0: 3 0x80006d0c (0x40b00cb3) x25 0xff080000
core   0: 0x80006d10 (0x00000297) auipc   t0, 0x0
core   0: 3 0x80006d10 (0x00000297) x5  0x80006d10
core   0: 0x80006d14 (0x00c28293) addi    t0, t0, 12
core   0: 3 0x80006d14 (0x00c28293) x5  0x80006d1c
core   0: 0x80006d18 (0x00028067) jr      t0
core   0: 3 0x80006d18 (0x00028067)
core   0: 0x80006d1c (0x00004185) c.li    gp, 1
core   0: 3 0x80006d1c (0x4185) x3  0x00000001
core   0: 0x80006d1e (0x00000073) ecall
core   0: exception trap_machine_ecall, epc 0x80006d1e
core   0: >>>>  mtvec_handler
core   0: 0x8000b4fc (0x00001f71) c.addi  t5, -4
core   0: 3 0x8000b4fc (0x1f71) x30 0x80029d20
core   0: 0x8000b4fe (0x017f2023) sw      s7, 0(t5)
core   0: 3 0x8000b4fe (0x017f2023) mem 0x80029d20 0x80025ea4
core   0: 0x8000b502 (0x000f0bb3) add     s7, t5, zero
core   0: 3 0x8000b502 (0x000f0bb3) x23 0x80029d20
core   0: 0x8000b506 (0xf80b8b93) addi    s7, s7, -128
core   0: 3 0x8000b506 (0xf80b8b93) x23 0x80029ca0
core   0: 0x8000b50a (0x001ba223) sw      ra, 4(s7)
core   0: 3 0x8000b50a (0x001ba223) mem 0x80029ca4 0x09020310
core   0: 0x8000b50e (0x002ba423) sw      sp, 8(s7)
core   0: 3 0x8000b50e (0x002ba423) mem 0x80029ca8 0x09004300
core   0: 0x8000b512 (0x003ba623) sw      gp, 12(s7)
core   0: 3 0x8000b512 (0x003ba623) mem 0x80029cac 0x00000001
core   0: 0x8000b516 (0x004ba823) sw      tp, 16(s7)
core   0: 3 0x8000b516 (0x004ba823) mem 0x80029cb0 0x757f172e
core   0: 0x8000b51a (0x005baa23) sw      t0, 20(s7)
core   0: 3 0x8000b51a (0x005baa23) mem 0x80029cb4 0x80006d1c
core   0: 0x8000b51e (0x006bac23) sw      t1, 24(s7)
core   0: 3 0x8000b51e (0x006bac23) mem 0x80029cb8 0x00000000
core   0: 0x8000b522 (0x007bae23) sw      t2, 28(s7)
core   0: 3 0x8000b522 (0x007bae23) mem 0x80029cbc 0x00000000
core   0: 0x8000b526 (0x028ba023) sw      s0, 32(s7)
core   0: 3 0x8000b526 (0x028ba023) mem 0x80029cc0 0x00005001
core   0: 0x8000b52a (0x029ba223) sw      s1, 36(s7)
core   0: 3 0x8000b52a (0x029ba223) mem 0x80029cc4 0x090047f0
core   0: 0x8000b52e (0x02aba423) sw      a0, 40(s7)
core   0: 3 0x8000b52e (0x02aba423) mem 0x80029cc8 0xffffff75
core   0: 0x8000b532 (0x02bba623) sw      a1, 44(s7)
core   0: 3 0x8000b532 (0x02bba623) mem 0x80029ccc 0x00f80000
core   0: 0x8000b536 (0x02cba823) sw      a2, 48(s7)
core   0: 3 0x8000b536 (0x02cba823) mem 0x80029cd0 0xffffb000
core   0: 0x8000b53a (0x02dbaa23) sw      a3, 52(s7)
core   0: 3 0x8000b53a (0x02dbaa23) mem 0x80029cd4 0x09004271
core   0: 0x8000b53e (0x02ebac23) sw      a4, 56(s7)
core   0: 3 0x8000b53e (0x02ebac23) mem 0x80029cd8 0x00000000
core   0: 0x8000b542 (0x02fbae23) sw      a5, 60(s7)
core   0: 3 0x8000b542 (0x02fbae23) mem 0x80029cdc 0x00000000
core   0: 0x8000b546 (0x050ba023) sw      a6, 64(s7)
core   0: 3 0x8000b546 (0x050ba023) mem 0x80029ce0 0x8a80e8bd
core   0: 0x8000b54a (0x051ba223) sw      a7, 68(s7)
core   0: 3 0x8000b54a (0x051ba223) mem 0x80029ce4 0x00001000
core   0: 0x8000b54e (0x052ba423) sw      s2, 72(s7)
core   0: 3 0x8000b54e (0x052ba423) mem 0x80029ce8 0x80029d24
core   0: 0x8000b552 (0x053ba623) sw      s3, 76(s7)
core   0: 3 0x8000b552 (0x053ba623) mem 0x80029cec 0xfffffff2
core   0: 0x8000b556 (0x054ba823) sw      s4, 80(s7)
core   0: 3 0x8000b556 (0x054ba823) mem 0x80029cf0 0x80029d24
core   0: 0x8000b55a (0x055baa23) sw      s5, 84(s7)
core   0: 3 0x8000b55a (0x055baa23) mem 0x80029cf4 0x00000000
core   0: 0x8000b55e (0x056bac23) sw      s6, 88(s7)
core   0: 3 0x8000b55e (0x056bac23) mem 0x80029cf8 0x0000001f
core   0: 0x8000b562 (0x057bae23) sw      s7, 92(s7)
core   0: 3 0x8000b562 (0x057bae23) mem 0x80029cfc 0x80029ca0
core   0: 0x8000b566 (0x078ba023) sw      s8, 96(s7)
core   0: 3 0x8000b566 (0x078ba023) mem 0x80029d00 0x00000240
core   0: 0x8000b56a (0x079ba223) sw      s9, 100(s7)
core   0: 3 0x8000b56a (0x079ba223) mem 0x80029d04 0xff080000
core   0: 0x8000b56e (0x07aba423) sw      s10, 104(s7)
core   0: 3 0x8000b56e (0x07aba423) mem 0x80029d08 0xffffffff
core   0: 0x8000b572 (0x07bba623) sw      s11, 108(s7)
core   0: 3 0x8000b572 (0x07bba623) mem 0x80029d0c 0x00000007
core   0: 0x8000b576 (0x07cba823) sw      t3, 112(s7)
core   0: 3 0x8000b576 (0x07cba823) mem 0x80029d10 0x00001000
core   0: 0x8000b57a (0x07dbaa23) sw      t4, 116(s7)
core   0: 3 0x8000b57a (0x07dbaa23) mem 0x80029d14 0xf57d8a0a
core   0: 0x8000b57e (0x07ebac23) sw      t5, 120(s7)
core   0: 3 0x8000b57e (0x07ebac23) mem 0x80029d18 0x80029d20
core   0: 0x8000b582 (0x07fbae23) sw      t6, 124(s7)
core   0: 3 0x8000b582 (0x07fbae23) mem 0x80029d1c 0x00000000
core   0: 0x8000b586 (0x000b8f33) add     t5, s7, zero
core   0: 3 0x8000b586 (0x000b8f33) x30 0x80029ca0
core   0: 0x8000b58a (0x300023f3) csrr    t2, mstatus
core   0: 3 0x8000b58a (0x300023f3) x7  0x00001800
core   0: 0x8000b58e (0x342023f3) csrr    t2, mcause
core   0: 3 0x8000b58e (0x342023f3) x7  0x0000000b
core   0: 0x8000b592 (0x01f3d393) srli    t2, t2, 31
core   0: 3 0x8000b592 (0x01f3d393) x7  0x00000000
core   0: 0x8000b596 (0x3e039163) bnez    t2, pc + 994
core   0: 3 0x8000b596 (0x3e039163)
core   0: 0x8000b59a (0x341023f3) csrr    t2, mepc
core   0: 3 0x8000b59a (0x341023f3) x7  0x80006d1e
core   0: 0x8000b59e (0x342023f3) csrr    t2, mcause
core   0: 3 0x8000b59e (0x342023f3) x7  0x0000000b
core   0: 0x8000b5a2 (0x00004a8d) c.li    s5, 3
core   0: 3 0x8000b5a2 (0x4a8d) x21 0x00000003
core   0: 0x8000b5a4 (0x29538d63) beq     t2, s5, pc + 666
core   0: 3 0x8000b5a4 (0x29538d63)
core   0: 0x8000b5a8 (0x00004aa1) c.li    s5, 8
core   0: 3 0x8000b5a8 (0x4aa1) x21 0x00000008
core   0: 0x8000b5aa (0x05538563) beq     t2, s5, pc + 74
core   0: 3 0x8000b5aa (0x05538563)
core   0: 0x8000b5ae (0x00004aa5) c.li    s5, 9
core   0: 3 0x8000b5ae (0x4aa5) x21 0x00000009
core   0: 0x8000b5b0 (0x05538263) beq     t2, s5, pc + 68
core   0: 3 0x8000b5b0 (0x05538263)
core   0: 0x8000b5b4 (0x00004aad) c.li    s5, 11
core   0: 3 0x8000b5b4 (0x4aad) x21 0x0000000b
core   0: 0x8000b5b6 (0x03538f63) beq     t2, s5, pc + 62
core   0: 3 0x8000b5b6 (0x03538f63)
core   0: 0x8000b5f4 (0xffff5397) auipc   t2, 0xffff5
core   0: 3 0x8000b5f4 (0xffff5397) x7  0x800005f4
core   0: 0x8000b5f8 (0xa0c38393) addi    t2, t2, -1524
core   0: 3 0x8000b5f8 (0xa0c38393) x7  0x80000000
core   0: 0x8000b5fc (0x0003a023) sw      zero, 0(t2)
core   0: 3 0x8000b5fc (0x0003a023) mem 0x80000000 0x00000000
core   0: 0x8000b600 (0x0013a223) sw      ra, 4(t2)
core   0: 3 0x8000b600 (0x0013a223) mem 0x80000004 0x09020310
core   0: 0x8000b604 (0x0023a423) sw      sp, 8(t2)
core   0: 3 0x8000b604 (0x0023a423) mem 0x80000008 0x09004300
core   0: 0x8000b608 (0x0033a623) sw      gp, 12(t2)
core   0: 3 0x8000b608 (0x0033a623) mem 0x8000000c 0x00000001
core   0: 0x8000b60c (0x0043a823) sw      tp, 16(t2)
core   0: 3 0x8000b60c (0x0043a823) mem 0x80000010 0x757f172e
core   0: 0x8000b610 (0x0053aa23) sw      t0, 20(t2)
core   0: 3 0x8000b610 (0x0053aa23) mem 0x80000014 0x80006d1c
core   0: 0x8000b614 (0x0063ac23) sw      t1, 24(t2)
core   0: 3 0x8000b614 (0x0063ac23) mem 0x80000018 0x00000000
core   0: 0x8000b618 (0x0073ae23) sw      t2, 28(t2)
core   0: 3 0x8000b618 (0x0073ae23) mem 0x8000001c 0x80000000
core   0: 0x8000b61c (0x0283a023) sw      s0, 32(t2)
core   0: 3 0x8000b61c (0x0283a023) mem 0x80000020 0x00005001
core   0: 0x8000b620 (0x0293a223) sw      s1, 36(t2)
core   0: 3 0x8000b620 (0x0293a223) mem 0x80000024 0x090047f0
core   0: 0x8000b624 (0x02a3a423) sw      a0, 40(t2)
core   0: 3 0x8000b624 (0x02a3a423) mem 0x80000028 0xffffff75
core   0: 0x8000b628 (0x02b3a623) sw      a1, 44(t2)
core   0: 3 0x8000b628 (0x02b3a623) mem 0x8000002c 0x00f80000
core   0: 0x8000b62c (0x02c3a823) sw      a2, 48(t2)
core   0: 3 0x8000b62c (0x02c3a823) mem 0x80000030 0xffffb000
core   0: 0x8000b630 (0x02d3aa23) sw      a3, 52(t2)
core   0: 3 0x8000b630 (0x02d3aa23) mem 0x80000034 0x09004271
core   0: 0x8000b634 (0x02e3ac23) sw      a4, 56(t2)
core   0: 3 0x8000b634 (0x02e3ac23) mem 0x80000038 0x00000000
core   0: 0x8000b638 (0x02f3ae23) sw      a5, 60(t2)
core   0: 3 0x8000b638 (0x02f3ae23) mem 0x8000003c 0x00000000
core   0: 0x8000b63c (0x0503a023) sw      a6, 64(t2)
core   0: 3 0x8000b63c (0x0503a023) mem 0x80000040 0x8a80e8bd
core   0: 0x8000b640 (0x0513a223) sw      a7, 68(t2)
core   0: 3 0x8000b640 (0x0513a223) mem 0x80000044 0x00001000
core   0: 0x8000b644 (0x0523a423) sw      s2, 72(t2)
core   0: 3 0x8000b644 (0x0523a423) mem 0x80000048 0x80029d24
core   0: 0x8000b648 (0x0533a623) sw      s3, 76(t2)
core   0: 3 0x8000b648 (0x0533a623) mem 0x8000004c 0xfffffff2
core   0: 0x8000b64c (0x0543a823) sw      s4, 80(t2)
core   0: 3 0x8000b64c (0x0543a823) mem 0x80000050 0x80029d24
core   0: 0x8000b650 (0x0553aa23) sw      s5, 84(t2)
core   0: 3 0x8000b650 (0x0553aa23) mem 0x80000054 0x0000000b
core   0: 0x8000b654 (0x0563ac23) sw      s6, 88(t2)
core   0: 3 0x8000b654 (0x0563ac23) mem 0x80000058 0x0000001f
core   0: 0x8000b658 (0x0573ae23) sw      s7, 92(t2)
core   0: 3 0x8000b658 (0x0573ae23) mem 0x8000005c 0x80029ca0
core   0: 0x8000b65c (0x0783a023) sw      s8, 96(t2)
core   0: 3 0x8000b65c (0x0783a023) mem 0x80000060 0x00000240
core   0: 0x8000b660 (0x0793a223) sw      s9, 100(t2)
core   0: 3 0x8000b660 (0x0793a223) mem 0x80000064 0xff080000
core   0: 0x8000b664 (0x07a3a423) sw      s10, 104(t2)
core   0: 3 0x8000b664 (0x07a3a423) mem 0x80000068 0xffffffff
core   0: 0x8000b668 (0x07b3a623) sw      s11, 108(t2)
core   0: 3 0x8000b668 (0x07b3a623) mem 0x8000006c 0x00000007
core   0: 0x8000b66c (0x07c3a823) sw      t3, 112(t2)
core   0: 3 0x8000b66c (0x07c3a823) mem 0x80000070 0x00001000
core   0: 0x8000b670 (0x07d3aa23) sw      t4, 116(t2)
core   0: 3 0x8000b670 (0x07d3aa23) mem 0x80000074 0xf57d8a0a
core   0: 0x8000b674 (0x07e3ac23) sw      t5, 120(t2)
core   0: 3 0x8000b674 (0x07e3ac23) mem 0x80000078 0x80029ca0
core   0: 0x8000b678 (0x07f3ae23) sw      t6, 124(t2)
core   0: 3 0x8000b678 (0x07f3ae23) mem 0x8000007c 0x00000000
core   0: 0x8000b67c (0x00000297) auipc   t0, 0x0
core   0: 3 0x8000b67c (0x00000297) x5  0x8000b67c
core   0: 0x8000b680 (0xe7228293) addi    t0, t0, -398
core   0: 3 0x8000b680 (0xe7228293) x5  0x8000b4ee
core   0: 0x8000b684 (0x00028067) jr      t0
core   0: 3 0x8000b684 (0x00028067)
core   0: 0x8000b4ee (0x00005f17) auipc   t5, 0x5
core   0: 3 0x8000b4ee (0x00005f17) x30 0x800104ee
core   0: 0x8000b4f2 (0xb03f2923) sw      gp, -1262(t5)
core   0: 3 0x8000b4f2 (0xb03f2923) mem 0x80010000 0x00000001
core   0: 0x8000b4f6 (0x0000bfe5) c.j     pc - 8
core   0: 3 0x8000b4f6 (0xbfe5)
core   0: 0x8000b4ee (0x00005f17) auipc   t5, 0x5
core   0: 3 0x8000b4ee (0x00005f17) x30 0x800104ee
core   0: 0x8000b4f2 (0xb03f2923) sw      gp, -1262(t5)
core   0: 3 0x8000b4f2 (0xb03f2923) mem 0x80010000 0x00000001
core   0: 0x8000b4f6 (0x0000bfe5) c.j     pc - 8
core   0: 3 0x8000b4f6 (0xbfe5)
core   0: 0x8000b4ee (0x00005f17) auipc   t5, 0x5
core   0: 3 0x8000b4ee (0x00005f17) x30 0x800104ee
core   0: 0x8000b4f2 (0xb03f2923) sw      gp, -1262(t5)
core   0: 3 0x8000b4f2 (0xb03f2923) mem 0x80010000 0x00000001
core   0: 0x8000b4f6 (0x0000bfe5) c.j     pc - 8
core   0: 3 0x8000b4f6 (0xbfe5)
core   0: 0x8000b4ee (0x00005f17) auipc   t5, 0x5
core   0: 3 0x8000b4ee (0x00005f17) x30 0x800104ee
core   0: 0x8000b4f2 (0xb03f2923) sw      gp, -1262(t5)
core   0: 3 0x8000b4f2 (0xb03f2923) mem 0x80010000 0x00000001
core   0: 0x8000b4f6 (0x0000bfe5) c.j     pc - 8
core   0: 3 0x8000b4f6 (0xbfe5)
core   0: 0x8000b4ee (0x00005f17) auipc   t5, 0x5
core   0: 3 0x8000b4ee (0x00005f17) x30 0x800104ee
core   0: 0x8000b4f2 (0xb03f2923) sw      gp, -1262(t5)
core   0: 3 0x8000b4f2 (0xb03f2923) mem 0x80010000 0x00000001
core   0: 0x8000b4f6 (0x0000bfe5) c.j     pc - 8
core   0: 3 0x8000b4f6 (0xbfe5)
core   0: 0x8000b4ee (0x00005f17) auipc   t5, 0x5
core   0: 3 0x8000b4ee (0x00005f17) x30 0x800104ee
core   0: 0x8000b4f2 (0xb03f2923) sw      gp, -1262(t5)
core   0: 3 0x8000b4f2 (0xb03f2923) mem 0x80010000 0x00000001
core   0: 0x8000b4f6 (0x0000bfe5) c.j     pc - 8
core   0: 3 0x8000b4f6 (0xbfe5)
core   0: 0x8000b4ee (0x00005f17) auipc   t5, 0x5
core   0: 3 0x8000b4ee (0x00005f17) x30 0x800104ee
core   0: 0x8000b4f2 (0xb03f2923) sw      gp, -1262(t5)
core   0: 3 0x8000b4f2 (0xb03f2923) mem 0x80010000 0x00000001
core   0: 0x8000b4f6 (0x0000bfe5) c.j     pc - 8
core   0: 3 0x8000b4f6 (0xbfe5)
core   0: 0x8000b4ee (0x00005f17) auipc   t5, 0x5
core   0: 3 0x8000b4ee (0x00005f17) x30 0x800104ee
core   0: 0x8000b4f2 (0xb03f2923) sw      gp, -1262(t5)
core   0: 3 0x8000b4f2 (0xb03f2923) mem 0x80010000 0x00000001
core   0: 0x8000b4f6 (0x0000bfe5) c.j     pc - 8
core   0: 3 0x8000b4f6 (0xbfe5)
core   0: 0x8000b4ee (0x00005f17) auipc   t5, 0x5
core   0: 3 0x8000b4ee (0x00005f17) x30 0x800104ee
core   0: 0x8000b4f2 (0xb03f2923) sw      gp, -1262(t5)
core   0: 3 0x8000b4f2 (0xb03f2923) mem 0x80010000 0x00000001
core   0: 0x8000b4f6 (0x0000bfe5) c.j     pc - 8
core   0: 3 0x8000b4f6 (0xbfe5)
core   0: 0x8000b4ee (0x00005f17) auipc   t5, 0x5
core   0: 3 0x8000b4ee (0x00005f17) x30 0x800104ee
core   0: 0x8000b4f2 (0xb03f2923) sw      gp, -1262(t5)
core   0: 3 0x8000b4f2 (0xb03f2923) mem 0x80010000 0x00000001
core   0: 0x8000b4f6 (0x0000bfe5) c.j     pc - 8
core   0: 3 0x8000b4f6 (0xbfe5)
core   0: 0x8000b4ee (0x00005f17) auipc   t5, 0x5
core   0: 3 0x8000b4ee (0x00005f17) x30 0x800104ee
core   0: 0x8000b4f2 (0xb03f2923) sw      gp, -1262(t5)
core   0: 3 0x8000b4f2 (0xb03f2923) mem 0x80010000 0x00000001
core   0: 0x8000b4f6 (0x0000bfe5) c.j     pc - 8
core   0: 3 0x8000b4f6 (0xbfe5)
core   0: 0x8000b4ee (0x00005f17) auipc   t5, 0x5
core   0: 3 0x8000b4ee (0x00005f17) x30 0x800104ee
core   0: 0x8000b4f2 (0xb03f2923) sw      gp, -1262(t5)
core   0: 3 0x8000b4f2 (0xb03f2923) mem 0x80010000 0x00000001
core   0: 0x8000b4f6 (0x0000bfe5) c.j     pc - 8
core   0: 3 0x8000b4f6 (0xbfe5)
core   0: 0x8000b4ee (0x00005f17) auipc   t5, 0x5
core   0: 3 0x8000b4ee (0x00005f17) x30 0x800104ee
core   0: 0x8000b4f2 (0xb03f2923) sw      gp, -1262(t5)
core   0: 3 0x8000b4f2 (0xb03f2923) mem 0x80010000 0x00000001
core   0: 0x8000b4f6 (0x0000bfe5) c.j     pc - 8
core   0: 3 0x8000b4f6 (0xbfe5)
core   0: 0x8000b4ee (0x00005f17) auipc   t5, 0x5
core   0: 3 0x8000b4ee (0x00005f17) x30 0x800104ee
core   0: 0x8000b4f2 (0xb03f2923) sw      gp, -1262(t5)
core   0: 3 0x8000b4f2 (0xb03f2923) mem 0x80010000 0x00000001
core   0: 0x8000b4f6 (0x0000bfe5) c.j     pc - 8
core   0: 3 0x8000b4f6 (0xbfe5)
core   0: 0x8000b4ee (0x00005f17) auipc   t5, 0x5
core   0: 3 0x8000b4ee (0x00005f17) x30 0x800104ee
core   0: 0x8000b4f2 (0xb03f2923) sw      gp, -1262(t5)
core   0: 3 0x8000b4f2 (0xb03f2923) mem 0x80010000 0x00000001
core   0: 0x8000b4f6 (0x0000bfe5) c.j     pc - 8
core   0: 3 0x8000b4f6 (0xbfe5)
core   0: 0x8000b4ee (0x00005f17) auipc   t5, 0x5
core   0: 3 0x8000b4ee (0x00005f17) x30 0x800104ee
core   0: 0x8000b4f2 (0xb03f2923) sw      gp, -1262(t5)
core   0: 3 0x8000b4f2 (0xb03f2923) mem 0x80010000 0x00000001
core   0: 0x8000b4f6 (0x0000bfe5) c.j     pc - 8
core   0: 3 0x8000b4f6 (0xbfe5)
core   0: 0x8000b4ee (0x00005f17) auipc   t5, 0x5
core   0: 3 0x8000b4ee (0x00005f17) x30 0x800104ee
core   0: 0x8000b4f2 (0xb03f2923) sw      gp, -1262(t5)
core   0: 3 0x8000b4f2 (0xb03f2923) mem 0x80010000 0x00000001
core   0: 0x8000b4f6 (0x0000bfe5) c.j     pc - 8
core   0: 3 0x8000b4f6 (0xbfe5)
core   0: 0x8000b4ee (0x00005f17) auipc   t5, 0x5
core   0: 3 0x8000b4ee (0x00005f17) x30 0x800104ee
core   0: 0x8000b4f2 (0xb03f2923) sw      gp, -1262(t5)
core   0: 3 0x8000b4f2 (0xb03f2923) mem 0x80010000 0x00000001
core   0: 0x8000b4f6 (0x0000bfe5) c.j     pc - 8
core   0: 3 0x8000b4f6 (0xbfe5)
core   0: 0x8000b4ee (0x00005f17) auipc   t5, 0x5
core   0: 3 0x8000b4ee (0x00005f17) x30 0x800104ee
core   0: 0x8000b4f2 (0xb03f2923) sw      gp, -1262(t5)
core   0: 3 0x8000b4f2 (0xb03f2923) mem 0x80010000 0x00000001
core   0: 0x8000b4f6 (0x0000bfe5) c.j     pc - 8
core   0: 3 0x8000b4f6 (0xbfe5)
core   0: 0x8000b4ee (0x00005f17) auipc   t5, 0x5
core   0: 3 0x8000b4ee (0x00005f17) x30 0x800104ee
core   0: 0x8000b4f2 (0xb03f2923) sw      gp, -1262(t5)
core   0: 3 0x8000b4f2 (0xb03f2923) mem 0x80010000 0x00000001
core   0: 0x8000b4f6 (0x0000bfe5) c.j     pc - 8
core   0: 3 0x8000b4f6 (0xbfe5)
core   0: 0x8000b4ee (0x00005f17) auipc   t5, 0x5
core   0: 3 0x8000b4ee (0x00005f17) x30 0x800104ee
core   0: 0x8000b4f2 (0xb03f2923) sw      gp, -1262(t5)
core   0: 3 0x8000b4f2 (0xb03f2923) mem 0x80010000 0x00000001
core   0: 0x8000b4f6 (0x0000bfe5) c.j     pc - 8
core   0: 3 0x8000b4f6 (0xbfe5)
core   0: 0x8000b4ee (0x00005f17) auipc   t5, 0x5
core   0: 3 0x8000b4ee (0x00005f17) x30 0x800104ee
core   0: 0x8000b4f2 (0xb03f2923) sw      gp, -1262(t5)
core   0: 3 0x8000b4f2 (0xb03f2923) mem 0x80010000 0x00000001
core   0: 0x8000b4f6 (0x0000bfe5) c.j     pc - 8
core   0: 3 0x8000b4f6 (0xbfe5)
core   0: 0x8000b4ee (0x00005f17) auipc   t5, 0x5
core   0: 3 0x8000b4ee (0x00005f17) x30 0x800104ee
core   0: 0x8000b4f2 (0xb03f2923) sw      gp, -1262(t5)
core   0: 3 0x8000b4f2 (0xb03f2923) mem 0x80010000 0x00000001
core   0: 0x8000b4f6 (0x0000bfe5) c.j     pc - 8
core   0: 3 0x8000b4f6 (0xbfe5)
core   0: 0x8000b4ee (0x00005f17) auipc   t5, 0x5
core   0: 3 0x8000b4ee (0x00005f17) x30 0x800104ee
core   0: 0x8000b4f2 (0xb03f2923) sw      gp, -1262(t5)
core   0: 3 0x8000b4f2 (0xb03f2923) mem 0x80010000 0x00000001
core   0: 0x8000b4f6 (0x0000bfe5) c.j     pc - 8
core   0: 3 0x8000b4f6 (0xbfe5)
core   0: 0x8000b4ee (0x00005f17) auipc   t5, 0x5
core   0: 3 0x8000b4ee (0x00005f17) x30 0x800104ee
core   0: 0x8000b4f2 (0xb03f2923) sw      gp, -1262(t5)
core   0: 3 0x8000b4f2 (0xb03f2923) mem 0x80010000 0x00000001
core   0: 0x8000b4f6 (0x0000bfe5) c.j     pc - 8
core   0: 3 0x8000b4f6 (0xbfe5)
core   0: 0x8000b4ee (0x00005f17) auipc   t5, 0x5
core   0: 3 0x8000b4ee (0x00005f17) x30 0x800104ee
core   0: 0x8000b4f2 (0xb03f2923) sw      gp, -1262(t5)
core   0: 3 0x8000b4f2 (0xb03f2923) mem 0x80010000 0x00000001
core   0: 0x8000b4f6 (0x0000bfe5) c.j     pc - 8
core   0: 3 0x8000b4f6 (0xbfe5)
core   0: 0x8000b4ee (0x00005f17) auipc   t5, 0x5
core   0: 3 0x8000b4ee (0x00005f17) x30 0x800104ee
core   0: 0x8000b4f2 (0xb03f2923) sw      gp, -1262(t5)
core   0: 3 0x8000b4f2 (0xb03f2923) mem 0x80010000 0x00000001
core   0: 0x8000b4f6 (0x0000bfe5) c.j     pc - 8
core   0: 3 0x8000b4f6 (0xbfe5)
core   0: 0x8000b4ee (0x00005f17) auipc   t5, 0x5
core   0: 3 0x8000b4ee (0x00005f17) x30 0x800104ee
core   0: 0x8000b4f2 (0xb03f2923) sw      gp, -1262(t5)
core   0: 3 0x8000b4f2 (0xb03f2923) mem 0x80010000 0x00000001
core   0: 0x8000b4f6 (0x0000bfe5) c.j     pc - 8
core   0: 3 0x8000b4f6 (0xbfe5)
core   0: 0x8000b4ee (0x00005f17) auipc   t5, 0x5
core   0: 3 0x8000b4ee (0x00005f17) x30 0x800104ee
core   0: 0x8000b4f2 (0xb03f2923) sw      gp, -1262(t5)
core   0: 3 0x8000b4f2 (0xb03f2923) mem 0x80010000 0x00000001
core   0: 0x8000b4f6 (0x0000bfe5) c.j     pc - 8
core   0: 3 0x8000b4f6 (0xbfe5)
core   0: 0x8000b4ee (0x00005f17) auipc   t5, 0x5
core   0: 3 0x8000b4ee (0x00005f17) x30 0x800104ee
core   0: 0x8000b4f2 (0xb03f2923) sw      gp, -1262(t5)
core   0: 3 0x8000b4f2 (0xb03f2923) mem 0x80010000 0x00000001
core   0: 0x8000b4f6 (0x0000bfe5) c.j     pc - 8
core   0: 3 0x8000b4f6 (0xbfe5)
core   0: 0x8000b4ee (0x00005f17) auipc   t5, 0x5
core   0: 3 0x8000b4ee (0x00005f17) x30 0x800104ee
core   0: 0x8000b4f2 (0xb03f2923) sw      gp, -1262(t5)
core   0: 3 0x8000b4f2 (0xb03f2923) mem 0x80010000 0x00000001
core   0: 0x8000b4f6 (0x0000bfe5) c.j     pc - 8
core   0: 3 0x8000b4f6 (0xbfe5)
core   0: 0x8000b4ee (0x00005f17) auipc   t5, 0x5
core   0: 3 0x8000b4ee (0x00005f17) x30 0x800104ee
core   0: 0x8000b4f2 (0xb03f2923) sw      gp, -1262(t5)
core   0: 3 0x8000b4f2 (0xb03f2923) mem 0x80010000 0x00000001
core   0: 0x8000b4f6 (0x0000bfe5) c.j     pc - 8
core   0: 3 0x8000b4f6 (0xbfe5)
core   0: 0x8000b4ee (0x00005f17) auipc   t5, 0x5
core   0: 3 0x8000b4ee (0x00005f17) x30 0x800104ee
core   0: 0x8000b4f2 (0xb03f2923) sw      gp, -1262(t5)
core   0: 3 0x8000b4f2 (0xb03f2923) mem 0x80010000 0x00000001
core   0: 0x8000b4f6 (0x0000bfe5) c.j     pc - 8
core   0: 3 0x8000b4f6 (0xbfe5)
core   0: 0x8000b4ee (0x00005f17) auipc   t5, 0x5
core   0: 3 0x8000b4ee (0x00005f17) x30 0x800104ee
core   0: 0x8000b4f2 (0xb03f2923) sw      gp, -1262(t5)
core   0: 3 0x8000b4f2 (0xb03f2923) mem 0x80010000 0x00000001
core   0: 0x8000b4f6 (0x0000bfe5) c.j     pc - 8
core   0: 3 0x8000b4f6 (0xbfe5)
core   0: 0x8000b4ee (0x00005f17) auipc   t5, 0x5
core   0: 3 0x8000b4ee (0x00005f17) x30 0x800104ee
core   0: 0x8000b4f2 (0xb03f2923) sw      gp, -1262(t5)
core   0: 3 0x8000b4f2 (0xb03f2923) mem 0x80010000 0x00000001
core   0: 0x8000b4f6 (0x0000bfe5) c.j     pc - 8
core   0: 3 0x8000b4f6 (0xbfe5)
core   0: 0x8000b4ee (0x00005f17) auipc   t5, 0x5
core   0: 3 0x8000b4ee (0x00005f17) x30 0x800104ee
core   0: 0x8000b4f2 (0xb03f2923) sw      gp, -1262(t5)
core   0: 3 0x8000b4f2 (0xb03f2923) mem 0x80010000 0x00000001
core   0: 0x8000b4f6 (0x0000bfe5) c.j     pc - 8
core   0: 3 0x8000b4f6 (0xbfe5)
core   0: 0x8000b4ee (0x00005f17) auipc   t5, 0x5
core   0: 3 0x8000b4ee (0x00005f17) x30 0x800104ee
core   0: 0x8000b4f2 (0xb03f2923) sw      gp, -1262(t5)
core   0: 3 0x8000b4f2 (0xb03f2923) mem 0x80010000 0x00000001
core   0: 0x8000b4f6 (0x0000bfe5) c.j     pc - 8
core   0: 3 0x8000b4f6 (0xbfe5)
core   0: 0x8000b4ee (0x00005f17) auipc   t5, 0x5
core   0: 3 0x8000b4ee (0x00005f17) x30 0x800104ee
core   0: 0x8000b4f2 (0xb03f2923) sw      gp, -1262(t5)
core   0: 3 0x8000b4f2 (0xb03f2923) mem 0x80010000 0x00000001
core   0: 0x8000b4f6 (0x0000bfe5) c.j     pc - 8
core   0: 3 0x8000b4f6 (0xbfe5)
core   0: 0x8000b4ee (0x00005f17) auipc   t5, 0x5
core   0: 3 0x8000b4ee (0x00005f17) x30 0x800104ee
core   0: 0x8000b4f2 (0xb03f2923) sw      gp, -1262(t5)
core   0: 3 0x8000b4f2 (0xb03f2923) mem 0x80010000 0x00000001
core   0: 0x8000b4f6 (0x0000bfe5) c.j     pc - 8
core   0: 3 0x8000b4f6 (0xbfe5)
core   0: 0x8000b4ee (0x00005f17) auipc   t5, 0x5
core   0: 3 0x8000b4ee (0x00005f17) x30 0x800104ee
core   0: 0x8000b4f2 (0xb03f2923) sw      gp, -1262(t5)
core   0: 3 0x8000b4f2 (0xb03f2923) mem 0x80010000 0x00000001
core   0: 0x8000b4f6 (0x0000bfe5) c.j     pc - 8
core   0: 3 0x8000b4f6 (0xbfe5)
core   0: 0x8000b4ee (0x00005f17) auipc   t5, 0x5
core   0: 3 0x8000b4ee (0x00005f17) x30 0x800104ee
core   0: 0x8000b4f2 (0xb03f2923) sw      gp, -1262(t5)
core   0: 3 0x8000b4f2 (0xb03f2923) mem 0x80010000 0x00000001
core   0: 0x8000b4f6 (0x0000bfe5) c.j     pc - 8
core   0: 3 0x8000b4f6 (0xbfe5)
core   0: 0x8000b4ee (0x00005f17) auipc   t5, 0x5
core   0: 3 0x8000b4ee (0x00005f17) x30 0x800104ee
core   0: 0x8000b4f2 (0xb03f2923) sw      gp, -1262(t5)
core   0: 3 0x8000b4f2 (0xb03f2923) mem 0x80010000 0x00000001
core   0: 0x8000b4f6 (0x0000bfe5) c.j     pc - 8
core   0: 3 0x8000b4f6 (0xbfe5)
core   0: 0x8000b4ee (0x00005f17) auipc   t5, 0x5
core   0: 3 0x8000b4ee (0x00005f17) x30 0x800104ee
core   0: 0x8000b4f2 (0xb03f2923) sw      gp, -1262(t5)
core   0: 3 0x8000b4f2 (0xb03f2923) mem 0x80010000 0x00000001
core   0: 0x8000b4f6 (0x0000bfe5) c.j     pc - 8
core   0: 3 0x8000b4f6 (0xbfe5)
core   0: 0x8000b4ee (0x00005f17) auipc   t5, 0x5
core   0: 3 0x8000b4ee (0x00005f17) x30 0x800104ee
core   0: 0x8000b4f2 (0xb03f2923) sw      gp, -1262(t5)
core   0: 3 0x8000b4f2 (0xb03f2923) mem 0x80010000 0x00000001
core   0: 0x8000b4f6 (0x0000bfe5) c.j     pc - 8
core   0: 3 0x8000b4f6 (0xbfe5)
core   0: 0x8000b4ee (0x00005f17) auipc   t5, 0x5
core   0: 3 0x8000b4ee (0x00005f17) x30 0x800104ee
core   0: 0x8000b4f2 (0xb03f2923) sw      gp, -1262(t5)
core   0: 3 0x8000b4f2 (0xb03f2923) mem 0x80010000 0x00000001
core   0: 0x8000b4f6 (0x0000bfe5) c.j     pc - 8
core   0: 3 0x8000b4f6 (0xbfe5)
core   0: 0x8000b4ee (0x00005f17) auipc   t5, 0x5
core   0: 3 0x8000b4ee (0x00005f17) x30 0x800104ee
core   0: 0x8000b4f2 (0xb03f2923) sw      gp, -1262(t5)
core   0: 3 0x8000b4f2 (0xb03f2923) mem 0x80010000 0x00000001
core   0: 0x8000b4f6 (0x0000bfe5) c.j     pc - 8
core   0: 3 0x8000b4f6 (0xbfe5)
core   0: 0x8000b4ee (0x00005f17) auipc   t5, 0x5
core   0: 3 0x8000b4ee (0x00005f17) x30 0x800104ee
core   0: 0x8000b4f2 (0xb03f2923) sw      gp, -1262(t5)
core   0: 3 0x8000b4f2 (0xb03f2923) mem 0x80010000 0x00000001
core   0: 0x8000b4f6 (0x0000bfe5) c.j     pc - 8
core   0: 3 0x8000b4f6 (0xbfe5)
core   0: 0x8000b4ee (0x00005f17) auipc   t5, 0x5
core   0: 3 0x8000b4ee (0x00005f17) x30 0x800104ee
core   0: 0x8000b4f2 (0xb03f2923) sw      gp, -1262(t5)
core   0: 3 0x8000b4f2 (0xb03f2923) mem 0x80010000 0x00000001
core   0: 0x8000b4f6 (0x0000bfe5) c.j     pc - 8
core   0: 3 0x8000b4f6 (0xbfe5)
core   0: 0x8000b4ee (0x00005f17) auipc   t5, 0x5
core   0: 3 0x8000b4ee (0x00005f17) x30 0x800104ee
core   0: 0x8000b4f2 (0xb03f2923) sw      gp, -1262(t5)
core   0: 3 0x8000b4f2 (0xb03f2923) mem 0x80010000 0x00000001
core   0: 0x8000b4f6 (0x0000bfe5) c.j     pc - 8
core   0: 3 0x8000b4f6 (0xbfe5)
core   0: 0x8000b4ee (0x00005f17) auipc   t5, 0x5
core   0: 3 0x8000b4ee (0x00005f17) x30 0x800104ee
core   0: 0x8000b4f2 (0xb03f2923) sw      gp, -1262(t5)
core   0: 3 0x8000b4f2 (0xb03f2923) mem 0x80010000 0x00000001
core   0: 0x8000b4f6 (0x0000bfe5) c.j     pc - 8
core   0: 3 0x8000b4f6 (0xbfe5)
core   0: 0x8000b4ee (0x00005f17) auipc   t5, 0x5
core   0: 3 0x8000b4ee (0x00005f17) x30 0x800104ee
core   0: 0x8000b4f2 (0xb03f2923) sw      gp, -1262(t5)
core   0: 3 0x8000b4f2 (0xb03f2923) mem 0x80010000 0x00000001
core   0: 0x8000b4f6 (0x0000bfe5) c.j     pc - 8
core   0: 3 0x8000b4f6 (0xbfe5)
core   0: 0x8000b4ee (0x00005f17) auipc   t5, 0x5
core   0: 3 0x8000b4ee (0x00005f17) x30 0x800104ee
core   0: 0x8000b4f2 (0xb03f2923) sw      gp, -1262(t5)
core   0: 3 0x8000b4f2 (0xb03f2923) mem 0x80010000 0x00000001
core   0: 0x8000b4f6 (0x0000bfe5) c.j     pc - 8
core   0: 3 0x8000b4f6 (0xbfe5)
core   0: 0x8000b4ee (0x00005f17) auipc   t5, 0x5
core   0: 3 0x8000b4ee (0x00005f17) x30 0x800104ee
core   0: 0x8000b4f2 (0xb03f2923) sw      gp, -1262(t5)
core   0: 3 0x8000b4f2 (0xb03f2923) mem 0x80010000 0x00000001
core   0: 0x8000b4f6 (0x0000bfe5) c.j     pc - 8
core   0: 3 0x8000b4f6 (0xbfe5)
core   0: 0x8000b4ee (0x00005f17) auipc   t5, 0x5
core   0: 3 0x8000b4ee (0x00005f17) x30 0x800104ee
core   0: 0x8000b4f2 (0xb03f2923) sw      gp, -1262(t5)
core   0: 3 0x8000b4f2 (0xb03f2923) mem 0x80010000 0x00000001
core   0: 0x8000b4f6 (0x0000bfe5) c.j     pc - 8
core   0: 3 0x8000b4f6 (0xbfe5)
core   0: 0x8000b4ee (0x00005f17) auipc   t5, 0x5
core   0: 3 0x8000b4ee (0x00005f17) x30 0x800104ee
core   0: 0x8000b4f2 (0xb03f2923) sw      gp, -1262(t5)
core   0: 3 0x8000b4f2 (0xb03f2923) mem 0x80010000 0x00000001
core   0: 0x8000b4f6 (0x0000bfe5) c.j     pc - 8
core   0: 3 0x8000b4f6 (0xbfe5)
core   0: 0x8000b4ee (0x00005f17) auipc   t5, 0x5
core   0: 3 0x8000b4ee (0x00005f17) x30 0x800104ee
core   0: 0x8000b4f2 (0xb03f2923) sw      gp, -1262(t5)
core   0: 3 0x8000b4f2 (0xb03f2923) mem 0x80010000 0x00000001
core   0: 0x8000b4f6 (0x0000bfe5) c.j     pc - 8
core   0: 3 0x8000b4f6 (0xbfe5)
core   0: 0x8000b4ee (0x00005f17) auipc   t5, 0x5
core   0: 3 0x8000b4ee (0x00005f17) x30 0x800104ee
core   0: 0x8000b4f2 (0xb03f2923) sw      gp, -1262(t5)
core   0: 3 0x8000b4f2 (0xb03f2923) mem 0x80010000 0x00000001
core   0: 0x8000b4f6 (0x0000bfe5) c.j     pc - 8
core   0: 3 0x8000b4f6 (0xbfe5)
core   0: 0x8000b4ee (0x00005f17) auipc   t5, 0x5
core   0: 3 0x8000b4ee (0x00005f17) x30 0x800104ee
core   0: 0x8000b4f2 (0xb03f2923) sw      gp, -1262(t5)
core   0: 3 0x8000b4f2 (0xb03f2923) mem 0x80010000 0x00000001
core   0: 0x8000b4f6 (0x0000bfe5) c.j     pc - 8
core   0: 3 0x8000b4f6 (0xbfe5)
core   0: 0x8000b4ee (0x00005f17) auipc   t5, 0x5
core   0: 3 0x8000b4ee (0x00005f17) x30 0x800104ee
core   0: 0x8000b4f2 (0xb03f2923) sw      gp, -1262(t5)
core   0: 3 0x8000b4f2 (0xb03f2923) mem 0x80010000 0x00000001
core   0: 0x8000b4f6 (0x0000bfe5) c.j     pc - 8
core   0: 3 0x8000b4f6 (0xbfe5)
core   0: 0x8000b4ee (0x00005f17) auipc   t5, 0x5
core   0: 3 0x8000b4ee (0x00005f17) x30 0x800104ee
core   0: 0x8000b4f2 (0xb03f2923) sw      gp, -1262(t5)
core   0: 3 0x8000b4f2 (0xb03f2923) mem 0x80010000 0x00000001
core   0: 0x8000b4f6 (0x0000bfe5) c.j     pc - 8
core   0: 3 0x8000b4f6 (0xbfe5)
core   0: 0x8000b4ee (0x00005f17) auipc   t5, 0x5
core   0: 3 0x8000b4ee (0x00005f17) x30 0x800104ee
core   0: 0x8000b4f2 (0xb03f2923) sw      gp, -1262(t5)
core   0: 3 0x8000b4f2 (0xb03f2923) mem 0x80010000 0x00000001
core   0: 0x8000b4f6 (0x0000bfe5) c.j     pc - 8
core   0: 3 0x8000b4f6 (0xbfe5)
core   0: 0x8000b4ee (0x00005f17) auipc   t5, 0x5
core   0: 3 0x8000b4ee (0x00005f17) x30 0x800104ee
core   0: 0x8000b4f2 (0xb03f2923) sw      gp, -1262(t5)
core   0: 3 0x8000b4f2 (0xb03f2923) mem 0x80010000 0x00000001
core   0: 0x8000b4f6 (0x0000bfe5) c.j     pc - 8
core   0: 3 0x8000b4f6 (0xbfe5)
core   0: 0x8000b4ee (0x00005f17) auipc   t5, 0x5
core   0: 3 0x8000b4ee (0x00005f17) x30 0x800104ee
core   0: 0x8000b4f2 (0xb03f2923) sw      gp, -1262(t5)
core   0: 3 0x8000b4f2 (0xb03f2923) mem 0x80010000 0x00000001
core   0: 0x8000b4f6 (0x0000bfe5) c.j     pc - 8
core   0: 3 0x8000b4f6 (0xbfe5)
core   0: 0x8000b4ee (0x00005f17) auipc   t5, 0x5
core   0: 3 0x8000b4ee (0x00005f17) x30 0x800104ee
core   0: 0x8000b4f2 (0xb03f2923) sw      gp, -1262(t5)
core   0: 3 0x8000b4f2 (0xb03f2923) mem 0x80010000 0x00000001
core   0: 0x8000b4f6 (0x0000bfe5) c.j     pc - 8
core   0: 3 0x8000b4f6 (0xbfe5)
core   0: 0x8000b4ee (0x00005f17) auipc   t5, 0x5
core   0: 3 0x8000b4ee (0x00005f17) x30 0x800104ee
core   0: 0x8000b4f2 (0xb03f2923) sw      gp, -1262(t5)
core   0: 3 0x8000b4f2 (0xb03f2923) mem 0x80010000 0x00000001
core   0: 0x8000b4f6 (0x0000bfe5) c.j     pc - 8
core   0: 3 0x8000b4f6 (0xbfe5)
core   0: 0x8000b4ee (0x00005f17) auipc   t5, 0x5
core   0: 3 0x8000b4ee (0x00005f17) x30 0x800104ee
core   0: 0x8000b4f2 (0xb03f2923) sw      gp, -1262(t5)
core   0: 3 0x8000b4f2 (0xb03f2923) mem 0x80010000 0x00000001
core   0: 0x8000b4f6 (0x0000bfe5) c.j     pc - 8
core   0: 3 0x8000b4f6 (0xbfe5)
core   0: 0x8000b4ee (0x00005f17) auipc   t5, 0x5
core   0: 3 0x8000b4ee (0x00005f17) x30 0x800104ee
core   0: 0x8000b4f2 (0xb03f2923) sw      gp, -1262(t5)
core   0: 3 0x8000b4f2 (0xb03f2923) mem 0x80010000 0x00000001
core   0: 0x8000b4f6 (0x0000bfe5) c.j     pc - 8
core   0: 3 0x8000b4f6 (0xbfe5)
core   0: 0x8000b4ee (0x00005f17) auipc   t5, 0x5
core   0: 3 0x8000b4ee (0x00005f17) x30 0x800104ee
core   0: 0x8000b4f2 (0xb03f2923) sw      gp, -1262(t5)
core   0: 3 0x8000b4f2 (0xb03f2923) mem 0x80010000 0x00000001
core   0: 0x8000b4f6 (0x0000bfe5) c.j     pc - 8
core   0: 3 0x8000b4f6 (0xbfe5)
core   0: 0x8000b4ee (0x00005f17) auipc   t5, 0x5
core   0: 3 0x8000b4ee (0x00005f17) x30 0x800104ee
core   0: 0x8000b4f2 (0xb03f2923) sw      gp, -1262(t5)
core   0: 3 0x8000b4f2 (0xb03f2923) mem 0x80010000 0x00000001
core   0: 0x8000b4f6 (0x0000bfe5) c.j     pc - 8
core   0: 3 0x8000b4f6 (0xbfe5)
core   0: 0x8000b4ee (0x00005f17) auipc   t5, 0x5
core   0: 3 0x8000b4ee (0x00005f17) x30 0x800104ee
core   0: 0x8000b4f2 (0xb03f2923) sw      gp, -1262(t5)
core   0: 3 0x8000b4f2 (0xb03f2923) mem 0x80010000 0x00000001
core   0: 0x8000b4f6 (0x0000bfe5) c.j     pc - 8
core   0: 3 0x8000b4f6 (0xbfe5)
core   0: 0x8000b4ee (0x00005f17) auipc   t5, 0x5
core   0: 3 0x8000b4ee (0x00005f17) x30 0x800104ee
core   0: 0x8000b4f2 (0xb03f2923) sw      gp, -1262(t5)
core   0: 3 0x8000b4f2 (0xb03f2923) mem 0x80010000 0x00000001
core   0: 0x8000b4f6 (0x0000bfe5) c.j     pc - 8
core   0: 3 0x8000b4f6 (0xbfe5)
core   0: 0x8000b4ee (0x00005f17) auipc   t5, 0x5
core   0: 3 0x8000b4ee (0x00005f17) x30 0x800104ee
core   0: 0x8000b4f2 (0xb03f2923) sw      gp, -1262(t5)
core   0: 3 0x8000b4f2 (0xb03f2923) mem 0x80010000 0x00000001
core   0: 0x8000b4f6 (0x0000bfe5) c.j     pc - 8
core   0: 3 0x8000b4f6 (0xbfe5)
core   0: 0x8000b4ee (0x00005f17) auipc   t5, 0x5
core   0: 3 0x8000b4ee (0x00005f17) x30 0x800104ee
core   0: 0x8000b4f2 (0xb03f2923) sw      gp, -1262(t5)
core   0: 3 0x8000b4f2 (0xb03f2923) mem 0x80010000 0x00000001
core   0: 0x8000b4f6 (0x0000bfe5) c.j     pc - 8
core   0: 3 0x8000b4f6 (0xbfe5)
core   0: 0x8000b4ee (0x00005f17) auipc   t5, 0x5
core   0: 3 0x8000b4ee (0x00005f17) x30 0x800104ee
core   0: 0x8000b4f2 (0xb03f2923) sw      gp, -1262(t5)
core   0: 3 0x8000b4f2 (0xb03f2923) mem 0x80010000 0x00000001
core   0: 0x8000b4f6 (0x0000bfe5) c.j     pc - 8
core   0: 3 0x8000b4f6 (0xbfe5)
core   0: 0x8000b4ee (0x00005f17) auipc   t5, 0x5
core   0: 3 0x8000b4ee (0x00005f17) x30 0x800104ee
core   0: 0x8000b4f2 (0xb03f2923) sw      gp, -1262(t5)
core   0: 3 0x8000b4f2 (0xb03f2923) mem 0x80010000 0x00000001
core   0: 0x8000b4f6 (0x0000bfe5) c.j     pc - 8
core   0: 3 0x8000b4f6 (0xbfe5)
core   0: 0x8000b4ee (0x00005f17) auipc   t5, 0x5
core   0: 3 0x8000b4ee (0x00005f17) x30 0x800104ee
core   0: 0x8000b4f2 (0xb03f2923) sw      gp, -1262(t5)
core   0: 3 0x8000b4f2 (0xb03f2923) mem 0x80010000 0x00000001
core   0: 0x8000b4f6 (0x0000bfe5) c.j     pc - 8
core   0: 3 0x8000b4f6 (0xbfe5)
core   0: 0x8000b4ee (0x00005f17) auipc   t5, 0x5
core   0: 3 0x8000b4ee (0x00005f17) x30 0x800104ee
core   0: 0x8000b4f2 (0xb03f2923) sw      gp, -1262(t5)
core   0: 3 0x8000b4f2 (0xb03f2923) mem 0x80010000 0x00000001
core   0: 0x8000b4f6 (0x0000bfe5) c.j     pc - 8
core   0: 3 0x8000b4f6 (0xbfe5)
core   0: 0x8000b4ee (0x00005f17) auipc   t5, 0x5
core   0: 3 0x8000b4ee (0x00005f17) x30 0x800104ee
core   0: 0x8000b4f2 (0xb03f2923) sw      gp, -1262(t5)
core   0: 3 0x8000b4f2 (0xb03f2923) mem 0x80010000 0x00000001
core   0: 0x8000b4f6 (0x0000bfe5) c.j     pc - 8
core   0: 3 0x8000b4f6 (0xbfe5)
core   0: 0x8000b4ee (0x00005f17) auipc   t5, 0x5
core   0: 3 0x8000b4ee (0x00005f17) x30 0x800104ee
core   0: 0x8000b4f2 (0xb03f2923) sw      gp, -1262(t5)
core   0: 3 0x8000b4f2 (0xb03f2923) mem 0x80010000 0x00000001
core   0: 0x8000b4f6 (0x0000bfe5) c.j     pc - 8
core   0: 3 0x8000b4f6 (0xbfe5)
core   0: 0x8000b4ee (0x00005f17) auipc   t5, 0x5
core   0: 3 0x8000b4ee (0x00005f17) x30 0x800104ee
core   0: 0x8000b4f2 (0xb03f2923) sw      gp, -1262(t5)
core   0: 3 0x8000b4f2 (0xb03f2923) mem 0x80010000 0x00000001
core   0: 0x8000b4f6 (0x0000bfe5) c.j     pc - 8
core   0: 3 0x8000b4f6 (0xbfe5)
core   0: 0x8000b4ee (0x00005f17) auipc   t5, 0x5
core   0: 3 0x8000b4ee (0x00005f17) x30 0x800104ee
core   0: 0x8000b4f2 (0xb03f2923) sw      gp, -1262(t5)
core   0: 3 0x8000b4f2 (0xb03f2923) mem 0x80010000 0x00000001
core   0: 0x8000b4f6 (0x0000bfe5) c.j     pc - 8
core   0: 3 0x8000b4f6 (0xbfe5)
core   0: 0x8000b4ee (0x00005f17) auipc   t5, 0x5
core   0: 3 0x8000b4ee (0x00005f17) x30 0x800104ee
core   0: 0x8000b4f2 (0xb03f2923) sw      gp, -1262(t5)
core   0: 3 0x8000b4f2 (0xb03f2923) mem 0x80010000 0x00000001
core   0: 0x8000b4f6 (0x0000bfe5) c.j     pc - 8
core   0: 3 0x8000b4f6 (0xbfe5)
core   0: 0x8000b4ee (0x00005f17) auipc   t5, 0x5
core   0: 3 0x8000b4ee (0x00005f17) x30 0x800104ee
core   0: 0x8000b4f2 (0xb03f2923) sw      gp, -1262(t5)
core   0: 3 0x8000b4f2 (0xb03f2923) mem 0x80010000 0x00000001
core   0: 0x8000b4f6 (0x0000bfe5) c.j     pc - 8
core   0: 3 0x8000b4f6 (0xbfe5)
core   0: 0x8000b4ee (0x00005f17) auipc   t5, 0x5
core   0: 3 0x8000b4ee (0x00005f17) x30 0x800104ee
core   0: 0x8000b4f2 (0xb03f2923) sw      gp, -1262(t5)
core   0: 3 0x8000b4f2 (0xb03f2923) mem 0x80010000 0x00000001
core   0: 0x8000b4f6 (0x0000bfe5) c.j     pc - 8
core   0: 3 0x8000b4f6 (0xbfe5)
core   0: 0x8000b4ee (0x00005f17) auipc   t5, 0x5
core   0: 3 0x8000b4ee (0x00005f17) x30 0x800104ee
core   0: 0x8000b4f2 (0xb03f2923) sw      gp, -1262(t5)
core   0: 3 0x8000b4f2 (0xb03f2923) mem 0x80010000 0x00000001
core   0: 0x8000b4f6 (0x0000bfe5) c.j     pc - 8
core   0: 3 0x8000b4f6 (0xbfe5)
core   0: 0x8000b4ee (0x00005f17) auipc   t5, 0x5
core   0: 3 0x8000b4ee (0x00005f17) x30 0x800104ee
core   0: 0x8000b4f2 (0xb03f2923) sw      gp, -1262(t5)
core   0: 3 0x8000b4f2 (0xb03f2923) mem 0x80010000 0x00000001
core   0: 0x8000b4f6 (0x0000bfe5) c.j     pc - 8
core   0: 3 0x8000b4f6 (0xbfe5)
core   0: 0x8000b4ee (0x00005f17) auipc   t5, 0x5
core   0: 3 0x8000b4ee (0x00005f17) x30 0x800104ee
core   0: 0x8000b4f2 (0xb03f2923) sw      gp, -1262(t5)
core   0: 3 0x8000b4f2 (0xb03f2923) mem 0x80010000 0x00000001
core   0: 0x8000b4f6 (0x0000bfe5) c.j     pc - 8
core   0: 3 0x8000b4f6 (0xbfe5)
core   0: 0x8000b4ee (0x00005f17) auipc   t5, 0x5
core   0: 3 0x8000b4ee (0x00005f17) x30 0x800104ee
core   0: 0x8000b4f2 (0xb03f2923) sw      gp, -1262(t5)
core   0: 3 0x8000b4f2 (0xb03f2923) mem 0x80010000 0x00000001
core   0: 0x8000b4f6 (0x0000bfe5) c.j     pc - 8
core   0: 3 0x8000b4f6 (0xbfe5)
core   0: 0x8000b4ee (0x00005f17) auipc   t5, 0x5
core   0: 3 0x8000b4ee (0x00005f17) x30 0x800104ee
core   0: 0x8000b4f2 (0xb03f2923) sw      gp, -1262(t5)
core   0: 3 0x8000b4f2 (0xb03f2923) mem 0x80010000 0x00000001
core   0: 0x8000b4f6 (0x0000bfe5) c.j     pc - 8
core   0: 3 0x8000b4f6 (0xbfe5)
core   0: 0x8000b4ee (0x00005f17) auipc   t5, 0x5
core   0: 3 0x8000b4ee (0x00005f17) x30 0x800104ee
core   0: 0x8000b4f2 (0xb03f2923) sw      gp, -1262(t5)
core   0: 3 0x8000b4f2 (0xb03f2923) mem 0x80010000 0x00000001
core   0: 0x8000b4f6 (0x0000bfe5) c.j     pc - 8
core   0: 3 0x8000b4f6 (0xbfe5)
core   0: 0x8000b4ee (0x00005f17) auipc   t5, 0x5
core   0: 3 0x8000b4ee (0x00005f17) x30 0x800104ee
core   0: 0x8000b4f2 (0xb03f2923) sw      gp, -1262(t5)
core   0: 3 0x8000b4f2 (0xb03f2923) mem 0x80010000 0x00000001
core   0: 0x8000b4f6 (0x0000bfe5) c.j     pc - 8
core   0: 3 0x8000b4f6 (0xbfe5)
core   0: 0x8000b4ee (0x00005f17) auipc   t5, 0x5
core   0: 3 0x8000b4ee (0x00005f17) x30 0x800104ee
core   0: 0x8000b4f2 (0xb03f2923) sw      gp, -1262(t5)
core   0: 3 0x8000b4f2 (0xb03f2923) mem 0x80010000 0x00000001
core   0: 0x8000b4f6 (0x0000bfe5) c.j     pc - 8
core   0: 3 0x8000b4f6 (0xbfe5)
core   0: 0x8000b4ee (0x00005f17) auipc   t5, 0x5
core   0: 3 0x8000b4ee (0x00005f17) x30 0x800104ee
core   0: 0x8000b4f2 (0xb03f2923) sw      gp, -1262(t5)
core   0: 3 0x8000b4f2 (0xb03f2923) mem 0x80010000 0x00000001
core   0: 0x8000b4f6 (0x0000bfe5) c.j     pc - 8
core   0: 3 0x8000b4f6 (0xbfe5)
core   0: 0x8000b4ee (0x00005f17) auipc   t5, 0x5
core   0: 3 0x8000b4ee (0x00005f17) x30 0x800104ee
core   0: 0x8000b4f2 (0xb03f2923) sw      gp, -1262(t5)
core   0: 3 0x8000b4f2 (0xb03f2923) mem 0x80010000 0x00000001
core   0: 0x8000b4f6 (0x0000bfe5) c.j     pc - 8
core   0: 3 0x8000b4f6 (0xbfe5)
core   0: 0x8000b4ee (0x00005f17) auipc   t5, 0x5
core   0: 3 0x8000b4ee (0x00005f17) x30 0x800104ee
core   0: 0x8000b4f2 (0xb03f2923) sw      gp, -1262(t5)
core   0: 3 0x8000b4f2 (0xb03f2923) mem 0x80010000 0x00000001
core   0: 0x8000b4f6 (0x0000bfe5) c.j     pc - 8
core   0: 3 0x8000b4f6 (0xbfe5)
core   0: 0x8000b4ee (0x00005f17) auipc   t5, 0x5
core   0: 3 0x8000b4ee (0x00005f17) x30 0x800104ee
core   0: 0x8000b4f2 (0xb03f2923) sw      gp, -1262(t5)
core   0: 3 0x8000b4f2 (0xb03f2923) mem 0x80010000 0x00000001
core   0: 0x8000b4f6 (0x0000bfe5) c.j     pc - 8
core   0: 3 0x8000b4f6 (0xbfe5)
core   0: 0x8000b4ee (0x00005f17) auipc   t5, 0x5
core   0: 3 0x8000b4ee (0x00005f17) x30 0x800104ee
core   0: 0x8000b4f2 (0xb03f2923) sw      gp, -1262(t5)
core   0: 3 0x8000b4f2 (0xb03f2923) mem 0x80010000 0x00000001
core   0: 0x8000b4f6 (0x0000bfe5) c.j     pc - 8
core   0: 3 0x8000b4f6 (0xbfe5)
core   0: 0x8000b4ee (0x00005f17) auipc   t5, 0x5
core   0: 3 0x8000b4ee (0x00005f17) x30 0x800104ee
core   0: 0x8000b4f2 (0xb03f2923) sw      gp, -1262(t5)
core   0: 3 0x8000b4f2 (0xb03f2923) mem 0x80010000 0x00000001
core   0: 0x8000b4f6 (0x0000bfe5) c.j     pc - 8
core   0: 3 0x8000b4f6 (0xbfe5)
core   0: 0x8000b4ee (0x00005f17) auipc   t5, 0x5
core   0: 3 0x8000b4ee (0x00005f17) x30 0x800104ee
core   0: 0x8000b4f2 (0xb03f2923) sw      gp, -1262(t5)
core   0: 3 0x8000b4f2 (0xb03f2923) mem 0x80010000 0x00000001
core   0: 0x8000b4f6 (0x0000bfe5) c.j     pc - 8
core   0: 3 0x8000b4f6 (0xbfe5)
core   0: 0x8000b4ee (0x00005f17) auipc   t5, 0x5
core   0: 3 0x8000b4ee (0x00005f17) x30 0x800104ee
core   0: 0x8000b4f2 (0xb03f2923) sw      gp, -1262(t5)
core   0: 3 0x8000b4f2 (0xb03f2923) mem 0x80010000 0x00000001
core   0: 0x8000b4f6 (0x0000bfe5) c.j     pc - 8
core   0: 3 0x8000b4f6 (0xbfe5)
core   0: 0x8000b4ee (0x00005f17) auipc   t5, 0x5
core   0: 3 0x8000b4ee (0x00005f17) x30 0x800104ee
core   0: 0x8000b4f2 (0xb03f2923) sw      gp, -1262(t5)
core   0: 3 0x8000b4f2 (0xb03f2923) mem 0x80010000 0x00000001
core   0: 0x8000b4f6 (0x0000bfe5) c.j     pc - 8
core   0: 3 0x8000b4f6 (0xbfe5)
core   0: 0x8000b4ee (0x00005f17) auipc   t5, 0x5
core   0: 3 0x8000b4ee (0x00005f17) x30 0x800104ee
core   0: 0x8000b4f2 (0xb03f2923) sw      gp, -1262(t5)
core   0: 3 0x8000b4f2 (0xb03f2923) mem 0x80010000 0x00000001
core   0: 0x8000b4f6 (0x0000bfe5) c.j     pc - 8
core   0: 3 0x8000b4f6 (0xbfe5)
core   0: 0x8000b4ee (0x00005f17) auipc   t5, 0x5
core   0: 3 0x8000b4ee (0x00005f17) x30 0x800104ee
core   0: 0x8000b4f2 (0xb03f2923) sw      gp, -1262(t5)
core   0: 3 0x8000b4f2 (0xb03f2923) mem 0x80010000 0x00000001
core   0: 0x8000b4f6 (0x0000bfe5) c.j     pc - 8
core   0: 3 0x8000b4f6 (0xbfe5)
core   0: 0x8000b4ee (0x00005f17) auipc   t5, 0x5
core   0: 3 0x8000b4ee (0x00005f17) x30 0x800104ee
core   0: 0x8000b4f2 (0xb03f2923) sw      gp, -1262(t5)
core   0: 3 0x8000b4f2 (0xb03f2923) mem 0x80010000 0x00000001
core   0: 0x8000b4f6 (0x0000bfe5) c.j     pc - 8
core   0: 3 0x8000b4f6 (0xbfe5)
core   0: 0x8000b4ee (0x00005f17) auipc   t5, 0x5
core   0: 3 0x8000b4ee (0x00005f17) x30 0x800104ee
core   0: 0x8000b4f2 (0xb03f2923) sw      gp, -1262(t5)
core   0: 3 0x8000b4f2 (0xb03f2923) mem 0x80010000 0x00000001
core   0: 0x8000b4f6 (0x0000bfe5) c.j     pc - 8
core   0: 3 0x8000b4f6 (0xbfe5)
core   0: 0x8000b4ee (0x00005f17) auipc   t5, 0x5
core   0: 3 0x8000b4ee (0x00005f17) x30 0x800104ee
core   0: 0x8000b4f2 (0xb03f2923) sw      gp, -1262(t5)
core   0: 3 0x8000b4f2 (0xb03f2923) mem 0x80010000 0x00000001
core   0: 0x8000b4f6 (0x0000bfe5) c.j     pc - 8
core   0: 3 0x8000b4f6 (0xbfe5)
core   0: 0x8000b4ee (0x00005f17) auipc   t5, 0x5
core   0: 3 0x8000b4ee (0x00005f17) x30 0x800104ee
core   0: 0x8000b4f2 (0xb03f2923) sw      gp, -1262(t5)
core   0: 3 0x8000b4f2 (0xb03f2923) mem 0x80010000 0x00000001
core   0: 0x8000b4f6 (0x0000bfe5) c.j     pc - 8
core   0: 3 0x8000b4f6 (0xbfe5)
core   0: 0x8000b4ee (0x00005f17) auipc   t5, 0x5
core   0: 3 0x8000b4ee (0x00005f17) x30 0x800104ee
core   0: 0x8000b4f2 (0xb03f2923) sw      gp, -1262(t5)
core   0: 3 0x8000b4f2 (0xb03f2923) mem 0x80010000 0x00000001
core   0: 0x8000b4f6 (0x0000bfe5) c.j     pc - 8
core   0: 3 0x8000b4f6 (0xbfe5)
core   0: 0x8000b4ee (0x00005f17) auipc   t5, 0x5
core   0: 3 0x8000b4ee (0x00005f17) x30 0x800104ee
core   0: 0x8000b4f2 (0xb03f2923) sw      gp, -1262(t5)
core   0: 3 0x8000b4f2 (0xb03f2923) mem 0x80010000 0x00000001
core   0: 0x8000b4f6 (0x0000bfe5) c.j     pc - 8
core   0: 3 0x8000b4f6 (0xbfe5)
core   0: 0x8000b4ee (0x00005f17) auipc   t5, 0x5
core   0: 3 0x8000b4ee (0x00005f17) x30 0x800104ee
core   0: 0x8000b4f2 (0xb03f2923) sw      gp, -1262(t5)
core   0: 3 0x8000b4f2 (0xb03f2923) mem 0x80010000 0x00000001
core   0: 0x8000b4f6 (0x0000bfe5) c.j     pc - 8
core   0: 3 0x8000b4f6 (0xbfe5)
core   0: 0x8000b4ee (0x00005f17) auipc   t5, 0x5
core   0: 3 0x8000b4ee (0x00005f17) x30 0x800104ee
core   0: 0x8000b4f2 (0xb03f2923) sw      gp, -1262(t5)
core   0: 3 0x8000b4f2 (0xb03f2923) mem 0x80010000 0x00000001
core   0: 0x8000b4f6 (0x0000bfe5) c.j     pc - 8
core   0: 3 0x8000b4f6 (0xbfe5)
core   0: 0x8000b4ee (0x00005f17) auipc   t5, 0x5
core   0: 3 0x8000b4ee (0x00005f17) x30 0x800104ee
core   0: 0x8000b4f2 (0xb03f2923) sw      gp, -1262(t5)
core   0: 3 0x8000b4f2 (0xb03f2923) mem 0x80010000 0x00000001
core   0: 0x8000b4f6 (0x0000bfe5) c.j     pc - 8
core   0: 3 0x8000b4f6 (0xbfe5)
core   0: 0x8000b4ee (0x00005f17) auipc   t5, 0x5
core   0: 3 0x8000b4ee (0x00005f17) x30 0x800104ee
core   0: 0x8000b4f2 (0xb03f2923) sw      gp, -1262(t5)
core   0: 3 0x8000b4f2 (0xb03f2923) mem 0x80010000 0x00000001
core   0: 0x8000b4f6 (0x0000bfe5) c.j     pc - 8
core   0: 3 0x8000b4f6 (0xbfe5)
core   0: 0x8000b4ee (0x00005f17) auipc   t5, 0x5
core   0: 3 0x8000b4ee (0x00005f17) x30 0x800104ee
core   0: 0x8000b4f2 (0xb03f2923) sw      gp, -1262(t5)
core   0: 3 0x8000b4f2 (0xb03f2923) mem 0x80010000 0x00000001
core   0: 0x8000b4f6 (0x0000bfe5) c.j     pc - 8
core   0: 3 0x8000b4f6 (0xbfe5)
core   0: 0x8000b4ee (0x00005f17) auipc   t5, 0x5
core   0: 3 0x8000b4ee (0x00005f17) x30 0x800104ee
core   0: 0x8000b4f2 (0xb03f2923) sw      gp, -1262(t5)
core   0: 3 0x8000b4f2 (0xb03f2923) mem 0x80010000 0x00000001
core   0: 0x8000b4f6 (0x0000bfe5) c.j     pc - 8
core   0: 3 0x8000b4f6 (0xbfe5)
core   0: 0x8000b4ee (0x00005f17) auipc   t5, 0x5
core   0: 3 0x8000b4ee (0x00005f17) x30 0x800104ee
core   0: 0x8000b4f2 (0xb03f2923) sw      gp, -1262(t5)
core   0: 3 0x8000b4f2 (0xb03f2923) mem 0x80010000 0x00000001
core   0: 0x8000b4f6 (0x0000bfe5) c.j     pc - 8
core   0: 3 0x8000b4f6 (0xbfe5)
core   0: 0x8000b4ee (0x00005f17) auipc   t5, 0x5
core   0: 3 0x8000b4ee (0x00005f17) x30 0x800104ee
core   0: 0x8000b4f2 (0xb03f2923) sw      gp, -1262(t5)
core   0: 3 0x8000b4f2 (0xb03f2923) mem 0x80010000 0x00000001
core   0: 0x8000b4f6 (0x0000bfe5) c.j     pc - 8
core   0: 3 0x8000b4f6 (0xbfe5)
core   0: 0x8000b4ee (0x00005f17) auipc   t5, 0x5
core   0: 3 0x8000b4ee (0x00005f17) x30 0x800104ee
core   0: 0x8000b4f2 (0xb03f2923) sw      gp, -1262(t5)
core   0: 3 0x8000b4f2 (0xb03f2923) mem 0x80010000 0x00000001
core   0: 0x8000b4f6 (0x0000bfe5) c.j     pc - 8
core   0: 3 0x8000b4f6 (0xbfe5)
core   0: 0x8000b4ee (0x00005f17) auipc   t5, 0x5
core   0: 3 0x8000b4ee (0x00005f17) x30 0x800104ee
core   0: 0x8000b4f2 (0xb03f2923) sw      gp, -1262(t5)
core   0: 3 0x8000b4f2 (0xb03f2923) mem 0x80010000 0x00000001
core   0: 0x8000b4f6 (0x0000bfe5) c.j     pc - 8
core   0: 3 0x8000b4f6 (0xbfe5)
core   0: 0x8000b4ee (0x00005f17) auipc   t5, 0x5
core   0: 3 0x8000b4ee (0x00005f17) x30 0x800104ee
core   0: 0x8000b4f2 (0xb03f2923) sw      gp, -1262(t5)
core   0: 3 0x8000b4f2 (0xb03f2923) mem 0x80010000 0x00000001
core   0: 0x8000b4f6 (0x0000bfe5) c.j     pc - 8
core   0: 3 0x8000b4f6 (0xbfe5)
core   0: 0x8000b4ee (0x00005f17) auipc   t5, 0x5
core   0: 3 0x8000b4ee (0x00005f17) x30 0x800104ee
core   0: 0x8000b4f2 (0xb03f2923) sw      gp, -1262(t5)
core   0: 3 0x8000b4f2 (0xb03f2923) mem 0x80010000 0x00000001
core   0: 0x8000b4f6 (0x0000bfe5) c.j     pc - 8
core   0: 3 0x8000b4f6 (0xbfe5)
core   0: 0x8000b4ee (0x00005f17) auipc   t5, 0x5
core   0: 3 0x8000b4ee (0x00005f17) x30 0x800104ee
core   0: 0x8000b4f2 (0xb03f2923) sw      gp, -1262(t5)
core   0: 3 0x8000b4f2 (0xb03f2923) mem 0x80010000 0x00000001
core   0: 0x8000b4f6 (0x0000bfe5) c.j     pc - 8
core   0: 3 0x8000b4f6 (0xbfe5)
core   0: 0x8000b4ee (0x00005f17) auipc   t5, 0x5
core   0: 3 0x8000b4ee (0x00005f17) x30 0x800104ee
core   0: 0x8000b4f2 (0xb03f2923) sw      gp, -1262(t5)
core   0: 3 0x8000b4f2 (0xb03f2923) mem 0x80010000 0x00000001
core   0: 0x8000b4f6 (0x0000bfe5) c.j     pc - 8
core   0: 3 0x8000b4f6 (0xbfe5)
core   0: 0x8000b4ee (0x00005f17) auipc   t5, 0x5
core   0: 3 0x8000b4ee (0x00005f17) x30 0x800104ee
core   0: 0x8000b4f2 (0xb03f2923) sw      gp, -1262(t5)
core   0: 3 0x8000b4f2 (0xb03f2923) mem 0x80010000 0x00000001
core   0: 0x8000b4f6 (0x0000bfe5) c.j     pc - 8
core   0: 3 0x8000b4f6 (0xbfe5)
core   0: 0x8000b4ee (0x00005f17) auipc   t5, 0x5
core   0: 3 0x8000b4ee (0x00005f17) x30 0x800104ee
core   0: 0x8000b4f2 (0xb03f2923) sw      gp, -1262(t5)
core   0: 3 0x8000b4f2 (0xb03f2923) mem 0x80010000 0x00000001
core   0: 0x8000b4f6 (0x0000bfe5) c.j     pc - 8
core   0: 3 0x8000b4f6 (0xbfe5)
core   0: 0x8000b4ee (0x00005f17) auipc   t5, 0x5
core   0: 3 0x8000b4ee (0x00005f17) x30 0x800104ee
core   0: 0x8000b4f2 (0xb03f2923) sw      gp, -1262(t5)
core   0: 3 0x8000b4f2 (0xb03f2923) mem 0x80010000 0x00000001
core   0: 0x8000b4f6 (0x0000bfe5) c.j     pc - 8
core   0: 3 0x8000b4f6 (0xbfe5)
core   0: 0x8000b4ee (0x00005f17) auipc   t5, 0x5
core   0: 3 0x8000b4ee (0x00005f17) x30 0x800104ee
core   0: 0x8000b4f2 (0xb03f2923) sw      gp, -1262(t5)
core   0: 3 0x8000b4f2 (0xb03f2923) mem 0x80010000 0x00000001
core   0: 0x8000b4f6 (0x0000bfe5) c.j     pc - 8
core   0: 3 0x8000b4f6 (0xbfe5)
core   0: 0x8000b4ee (0x00005f17) auipc   t5, 0x5
core   0: 3 0x8000b4ee (0x00005f17) x30 0x800104ee
core   0: 0x8000b4f2 (0xb03f2923) sw      gp, -1262(t5)
core   0: 3 0x8000b4f2 (0xb03f2923) mem 0x80010000 0x00000001
core   0: 0x8000b4f6 (0x0000bfe5) c.j     pc - 8
core   0: 3 0x8000b4f6 (0xbfe5)
core   0: 0x8000b4ee (0x00005f17) auipc   t5, 0x5
core   0: 3 0x8000b4ee (0x00005f17) x30 0x800104ee
core   0: 0x8000b4f2 (0xb03f2923) sw      gp, -1262(t5)
core   0: 3 0x8000b4f2 (0xb03f2923) mem 0x80010000 0x00000001
core   0: 0x8000b4f6 (0x0000bfe5) c.j     pc - 8
core   0: 3 0x8000b4f6 (0xbfe5)
core   0: 0x8000b4ee (0x00005f17) auipc   t5, 0x5
core   0: 3 0x8000b4ee (0x00005f17) x30 0x800104ee
core   0: 0x8000b4f2 (0xb03f2923) sw      gp, -1262(t5)
core   0: 3 0x8000b4f2 (0xb03f2923) mem 0x80010000 0x00000001
core   0: 0x8000b4f6 (0x0000bfe5) c.j     pc - 8
core   0: 3 0x8000b4f6 (0xbfe5)
core   0: 0x8000b4ee (0x00005f17) auipc   t5, 0x5
core   0: 3 0x8000b4ee (0x00005f17) x30 0x800104ee
core   0: 0x8000b4f2 (0xb03f2923) sw      gp, -1262(t5)
core   0: 3 0x8000b4f2 (0xb03f2923) mem 0x80010000 0x00000001
core   0: 0x8000b4f6 (0x0000bfe5) c.j     pc - 8
core   0: 3 0x8000b4f6 (0xbfe5)
core   0: 0x8000b4ee (0x00005f17) auipc   t5, 0x5
core   0: 3 0x8000b4ee (0x00005f17) x30 0x800104ee
core   0: 0x8000b4f2 (0xb03f2923) sw      gp, -1262(t5)
core   0: 3 0x8000b4f2 (0xb03f2923) mem 0x80010000 0x00000001
core   0: 0x8000b4f6 (0x0000bfe5) c.j     pc - 8
core   0: 3 0x8000b4f6 (0xbfe5)
core   0: 0x8000b4ee (0x00005f17) auipc   t5, 0x5
core   0: 3 0x8000b4ee (0x00005f17) x30 0x800104ee
core   0: 0x8000b4f2 (0xb03f2923) sw      gp, -1262(t5)
core   0: 3 0x8000b4f2 (0xb03f2923) mem 0x80010000 0x00000001
core   0: 0x8000b4f6 (0x0000bfe5) c.j     pc - 8
core   0: 3 0x8000b4f6 (0xbfe5)
core   0: 0x8000b4ee (0x00005f17) auipc   t5, 0x5
core   0: 3 0x8000b4ee (0x00005f17) x30 0x800104ee
core   0: 0x8000b4f2 (0xb03f2923) sw      gp, -1262(t5)
core   0: 3 0x8000b4f2 (0xb03f2923) mem 0x80010000 0x00000001
core   0: 0x8000b4f6 (0x0000bfe5) c.j     pc - 8
core   0: 3 0x8000b4f6 (0xbfe5)
core   0: 0x8000b4ee (0x00005f17) auipc   t5, 0x5
core   0: 3 0x8000b4ee (0x00005f17) x30 0x800104ee
core   0: 0x8000b4f2 (0xb03f2923) sw      gp, -1262(t5)
core   0: 3 0x8000b4f2 (0xb03f2923) mem 0x80010000 0x00000001
core   0: 0x8000b4f6 (0x0000bfe5) c.j     pc - 8
core   0: 3 0x8000b4f6 (0xbfe5)
core   0: 0x8000b4ee (0x00005f17) auipc   t5, 0x5
core   0: 3 0x8000b4ee (0x00005f17) x30 0x800104ee
core   0: 0x8000b4f2 (0xb03f2923) sw      gp, -1262(t5)
core   0: 3 0x8000b4f2 (0xb03f2923) mem 0x80010000 0x00000001
core   0: 0x8000b4f6 (0x0000bfe5) c.j     pc - 8
core   0: 3 0x8000b4f6 (0xbfe5)
core   0: 0x8000b4ee (0x00005f17) auipc   t5, 0x5
core   0: 3 0x8000b4ee (0x00005f17) x30 0x800104ee
core   0: 0x8000b4f2 (0xb03f2923) sw      gp, -1262(t5)
core   0: 3 0x8000b4f2 (0xb03f2923) mem 0x80010000 0x00000001
core   0: 0x8000b4f6 (0x0000bfe5) c.j     pc - 8
core   0: 3 0x8000b4f6 (0xbfe5)
core   0: 0x8000b4ee (0x00005f17) auipc   t5, 0x5
core   0: 3 0x8000b4ee (0x00005f17) x30 0x800104ee
core   0: 0x8000b4f2 (0xb03f2923) sw      gp, -1262(t5)
core   0: 3 0x8000b4f2 (0xb03f2923) mem 0x80010000 0x00000001
core   0: 0x8000b4f6 (0x0000bfe5) c.j     pc - 8
core   0: 3 0x8000b4f6 (0xbfe5)
core   0: 0x8000b4ee (0x00005f17) auipc   t5, 0x5
core   0: 3 0x8000b4ee (0x00005f17) x30 0x800104ee
core   0: 0x8000b4f2 (0xb03f2923) sw      gp, -1262(t5)
core   0: 3 0x8000b4f2 (0xb03f2923) mem 0x80010000 0x00000001
core   0: 0x8000b4f6 (0x0000bfe5) c.j     pc - 8
core   0: 3 0x8000b4f6 (0xbfe5)
core   0: 0x8000b4ee (0x00005f17) auipc   t5, 0x5
core   0: 3 0x8000b4ee (0x00005f17) x30 0x800104ee
core   0: 0x8000b4f2 (0xb03f2923) sw      gp, -1262(t5)
core   0: 3 0x8000b4f2 (0xb03f2923) mem 0x80010000 0x00000001
core   0: 0x8000b4f6 (0x0000bfe5) c.j     pc - 8
core   0: 3 0x8000b4f6 (0xbfe5)
core   0: 0x8000b4ee (0x00005f17) auipc   t5, 0x5
core   0: 3 0x8000b4ee (0x00005f17) x30 0x800104ee
core   0: 0x8000b4f2 (0xb03f2923) sw      gp, -1262(t5)
core   0: 3 0x8000b4f2 (0xb03f2923) mem 0x80010000 0x00000001
core   0: 0x8000b4f6 (0x0000bfe5) c.j     pc - 8
core   0: 3 0x8000b4f6 (0xbfe5)
core   0: 0x8000b4ee (0x00005f17) auipc   t5, 0x5
core   0: 3 0x8000b4ee (0x00005f17) x30 0x800104ee
core   0: 0x8000b4f2 (0xb03f2923) sw      gp, -1262(t5)
core   0: 3 0x8000b4f2 (0xb03f2923) mem 0x80010000 0x00000001
core   0: 0x8000b4f6 (0x0000bfe5) c.j     pc - 8
core   0: 3 0x8000b4f6 (0xbfe5)
core   0: 0x8000b4ee (0x00005f17) auipc   t5, 0x5
core   0: 3 0x8000b4ee (0x00005f17) x30 0x800104ee
core   0: 0x8000b4f2 (0xb03f2923) sw      gp, -1262(t5)
core   0: 3 0x8000b4f2 (0xb03f2923) mem 0x80010000 0x00000001
core   0: 0x8000b4f6 (0x0000bfe5) c.j     pc - 8
core   0: 3 0x8000b4f6 (0xbfe5)
core   0: 0x8000b4ee (0x00005f17) auipc   t5, 0x5
core   0: 3 0x8000b4ee (0x00005f17) x30 0x800104ee
core   0: 0x8000b4f2 (0xb03f2923) sw      gp, -1262(t5)
core   0: 3 0x8000b4f2 (0xb03f2923) mem 0x80010000 0x00000001
core   0: 0x8000b4f6 (0x0000bfe5) c.j     pc - 8
core   0: 3 0x8000b4f6 (0xbfe5)
core   0: 0x8000b4ee (0x00005f17) auipc   t5, 0x5
core   0: 3 0x8000b4ee (0x00005f17) x30 0x800104ee
core   0: 0x8000b4f2 (0xb03f2923) sw      gp, -1262(t5)
core   0: 3 0x8000b4f2 (0xb03f2923) mem 0x80010000 0x00000001
core   0: 0x8000b4f6 (0x0000bfe5) c.j     pc - 8
core   0: 3 0x8000b4f6 (0xbfe5)
core   0: 0x8000b4ee (0x00005f17) auipc   t5, 0x5
core   0: 3 0x8000b4ee (0x00005f17) x30 0x800104ee
core   0: 0x8000b4f2 (0xb03f2923) sw      gp, -1262(t5)
core   0: 3 0x8000b4f2 (0xb03f2923) mem 0x80010000 0x00000001
core   0: 0x8000b4f6 (0x0000bfe5) c.j     pc - 8
core   0: 3 0x8000b4f6 (0xbfe5)
core   0: 0x8000b4ee (0x00005f17) auipc   t5, 0x5
core   0: 3 0x8000b4ee (0x00005f17) x30 0x800104ee
core   0: 0x8000b4f2 (0xb03f2923) sw      gp, -1262(t5)
core   0: 3 0x8000b4f2 (0xb03f2923) mem 0x80010000 0x00000001
core   0: 0x8000b4f6 (0x0000bfe5) c.j     pc - 8
core   0: 3 0x8000b4f6 (0xbfe5)
core   0: 0x8000b4ee (0x00005f17) auipc   t5, 0x5
core   0: 3 0x8000b4ee (0x00005f17) x30 0x800104ee
core   0: 0x8000b4f2 (0xb03f2923) sw      gp, -1262(t5)
core   0: 3 0x8000b4f2 (0xb03f2923) mem 0x80010000 0x00000001
core   0: 0x8000b4f6 (0x0000bfe5) c.j     pc - 8
core   0: 3 0x8000b4f6 (0xbfe5)
core   0: 0x8000b4ee (0x00005f17) auipc   t5, 0x5
core   0: 3 0x8000b4ee (0x00005f17) x30 0x800104ee
core   0: 0x8000b4f2 (0xb03f2923) sw      gp, -1262(t5)
core   0: 3 0x8000b4f2 (0xb03f2923) mem 0x80010000 0x00000001
core   0: 0x8000b4f6 (0x0000bfe5) c.j     pc - 8
core   0: 3 0x8000b4f6 (0xbfe5)
core   0: 0x8000b4ee (0x00005f17) auipc   t5, 0x5
core   0: 3 0x8000b4ee (0x00005f17) x30 0x800104ee
core   0: 0x8000b4f2 (0xb03f2923) sw      gp, -1262(t5)
core   0: 3 0x8000b4f2 (0xb03f2923) mem 0x80010000 0x00000001
core   0: 0x8000b4f6 (0x0000bfe5) c.j     pc - 8
core   0: 3 0x8000b4f6 (0xbfe5)
core   0: 0x8000b4ee (0x00005f17) auipc   t5, 0x5
core   0: 3 0x8000b4ee (0x00005f17) x30 0x800104ee
core   0: 0x8000b4f2 (0xb03f2923) sw      gp, -1262(t5)
core   0: 3 0x8000b4f2 (0xb03f2923) mem 0x80010000 0x00000001
core   0: 0x8000b4f6 (0x0000bfe5) c.j     pc - 8
core   0: 3 0x8000b4f6 (0xbfe5)
core   0: 0x8000b4ee (0x00005f17) auipc   t5, 0x5
core   0: 3 0x8000b4ee (0x00005f17) x30 0x800104ee
core   0: 0x8000b4f2 (0xb03f2923) sw      gp, -1262(t5)
core   0: 3 0x8000b4f2 (0xb03f2923) mem 0x80010000 0x00000001
core   0: 0x8000b4f6 (0x0000bfe5) c.j     pc - 8
core   0: 3 0x8000b4f6 (0xbfe5)
core   0: 0x8000b4ee (0x00005f17) auipc   t5, 0x5
core   0: 3 0x8000b4ee (0x00005f17) x30 0x800104ee
core   0: 0x8000b4f2 (0xb03f2923) sw      gp, -1262(t5)
core   0: 3 0x8000b4f2 (0xb03f2923) mem 0x80010000 0x00000001
core   0: 0x8000b4f6 (0x0000bfe5) c.j     pc - 8
core   0: 3 0x8000b4f6 (0xbfe5)
core   0: 0x8000b4ee (0x00005f17) auipc   t5, 0x5
core   0: 3 0x8000b4ee (0x00005f17) x30 0x800104ee
core   0: 0x8000b4f2 (0xb03f2923) sw      gp, -1262(t5)
core   0: 3 0x8000b4f2 (0xb03f2923) mem 0x80010000 0x00000001
core   0: 0x8000b4f6 (0x0000bfe5) c.j     pc - 8
core   0: 3 0x8000b4f6 (0xbfe5)
core   0: 0x8000b4ee (0x00005f17) auipc   t5, 0x5
core   0: 3 0x8000b4ee (0x00005f17) x30 0x800104ee
core   0: 0x8000b4f2 (0xb03f2923) sw      gp, -1262(t5)
core   0: 3 0x8000b4f2 (0xb03f2923) mem 0x80010000 0x00000001
core   0: 0x8000b4f6 (0x0000bfe5) c.j     pc - 8
core   0: 3 0x8000b4f6 (0xbfe5)
core   0: 0x8000b4ee (0x00005f17) auipc   t5, 0x5
core   0: 3 0x8000b4ee (0x00005f17) x30 0x800104ee
core   0: 0x8000b4f2 (0xb03f2923) sw      gp, -1262(t5)
core   0: 3 0x8000b4f2 (0xb03f2923) mem 0x80010000 0x00000001
core   0: 0x8000b4f6 (0x0000bfe5) c.j     pc - 8
core   0: 3 0x8000b4f6 (0xbfe5)
core   0: 0x8000b4ee (0x00005f17) auipc   t5, 0x5
core   0: 3 0x8000b4ee (0x00005f17) x30 0x800104ee
core   0: 0x8000b4f2 (0xb03f2923) sw      gp, -1262(t5)
core   0: 3 0x8000b4f2 (0xb03f2923) mem 0x80010000 0x00000001
core   0: 0x8000b4f6 (0x0000bfe5) c.j     pc - 8
core   0: 3 0x8000b4f6 (0xbfe5)
core   0: 0x8000b4ee (0x00005f17) auipc   t5, 0x5
core   0: 3 0x8000b4ee (0x00005f17) x30 0x800104ee
core   0: 0x8000b4f2 (0xb03f2923) sw      gp, -1262(t5)
core   0: 3 0x8000b4f2 (0xb03f2923) mem 0x80010000 0x00000001
core   0: 0x8000b4f6 (0x0000bfe5) c.j     pc - 8
core   0: 3 0x8000b4f6 (0xbfe5)
core   0: 0x8000b4ee (0x00005f17) auipc   t5, 0x5
core   0: 3 0x8000b4ee (0x00005f17) x30 0x800104ee
core   0: 0x8000b4f2 (0xb03f2923) sw      gp, -1262(t5)
core   0: 3 0x8000b4f2 (0xb03f2923) mem 0x80010000 0x00000001
core   0: 0x8000b4f6 (0x0000bfe5) c.j     pc - 8
core   0: 3 0x8000b4f6 (0xbfe5)
core   0: 0x8000b4ee (0x00005f17) auipc   t5, 0x5
core   0: 3 0x8000b4ee (0x00005f17) x30 0x800104ee
core   0: 0x8000b4f2 (0xb03f2923) sw      gp, -1262(t5)
core   0: 3 0x8000b4f2 (0xb03f2923) mem 0x80010000 0x00000001
core   0: 0x8000b4f6 (0x0000bfe5) c.j     pc - 8
core   0: 3 0x8000b4f6 (0xbfe5)
core   0: 0x8000b4ee (0x00005f17) auipc   t5, 0x5
core   0: 3 0x8000b4ee (0x00005f17) x30 0x800104ee
core   0: 0x8000b4f2 (0xb03f2923) sw      gp, -1262(t5)
core   0: 3 0x8000b4f2 (0xb03f2923) mem 0x80010000 0x00000001
core   0: 0x8000b4f6 (0x0000bfe5) c.j     pc - 8
core   0: 3 0x8000b4f6 (0xbfe5)
core   0: 0x8000b4ee (0x00005f17) auipc   t5, 0x5
core   0: 3 0x8000b4ee (0x00005f17) x30 0x800104ee
core   0: 0x8000b4f2 (0xb03f2923) sw      gp, -1262(t5)
core   0: 3 0x8000b4f2 (0xb03f2923) mem 0x80010000 0x00000001
core   0: 0x8000b4f6 (0x0000bfe5) c.j     pc - 8
core   0: 3 0x8000b4f6 (0xbfe5)
core   0: 0x8000b4ee (0x00005f17) auipc   t5, 0x5
core   0: 3 0x8000b4ee (0x00005f17) x30 0x800104ee
core   0: 0x8000b4f2 (0xb03f2923) sw      gp, -1262(t5)
core   0: 3 0x8000b4f2 (0xb03f2923) mem 0x80010000 0x00000001
core   0: 0x8000b4f6 (0x0000bfe5) c.j     pc - 8
core   0: 3 0x8000b4f6 (0xbfe5)
core   0: 0x8000b4ee (0x00005f17) auipc   t5, 0x5
core   0: 3 0x8000b4ee (0x00005f17) x30 0x800104ee
core   0: 0x8000b4f2 (0xb03f2923) sw      gp, -1262(t5)
core   0: 3 0x8000b4f2 (0xb03f2923) mem 0x80010000 0x00000001
core   0: 0x8000b4f6 (0x0000bfe5) c.j     pc - 8
core   0: 3 0x8000b4f6 (0xbfe5)
core   0: 0x8000b4ee (0x00005f17) auipc   t5, 0x5
core   0: 3 0x8000b4ee (0x00005f17) x30 0x800104ee
core   0: 0x8000b4f2 (0xb03f2923) sw      gp, -1262(t5)
core   0: 3 0x8000b4f2 (0xb03f2923) mem 0x80010000 0x00000001
core   0: 0x8000b4f6 (0x0000bfe5) c.j     pc - 8
core   0: 3 0x8000b4f6 (0xbfe5)
core   0: 0x8000b4ee (0x00005f17) auipc   t5, 0x5
core   0: 3 0x8000b4ee (0x00005f17) x30 0x800104ee
core   0: 0x8000b4f2 (0xb03f2923) sw      gp, -1262(t5)
core   0: 3 0x8000b4f2 (0xb03f2923) mem 0x80010000 0x00000001
core   0: 0x8000b4f6 (0x0000bfe5) c.j     pc - 8
core   0: 3 0x8000b4f6 (0xbfe5)
core   0: 0x8000b4ee (0x00005f17) auipc   t5, 0x5
core   0: 3 0x8000b4ee (0x00005f17) x30 0x800104ee
core   0: 0x8000b4f2 (0xb03f2923) sw      gp, -1262(t5)
core   0: 3 0x8000b4f2 (0xb03f2923) mem 0x80010000 0x00000001
core   0: 0x8000b4f6 (0x0000bfe5) c.j     pc - 8
core   0: 3 0x8000b4f6 (0xbfe5)
core   0: 0x8000b4ee (0x00005f17) auipc   t5, 0x5
core   0: 3 0x8000b4ee (0x00005f17) x30 0x800104ee
core   0: 0x8000b4f2 (0xb03f2923) sw      gp, -1262(t5)
core   0: 3 0x8000b4f2 (0xb03f2923) mem 0x80010000 0x00000001
core   0: 0x8000b4f6 (0x0000bfe5) c.j     pc - 8
core   0: 3 0x8000b4f6 (0xbfe5)
core   0: 0x8000b4ee (0x00005f17) auipc   t5, 0x5
core   0: 3 0x8000b4ee (0x00005f17) x30 0x800104ee
core   0: 0x8000b4f2 (0xb03f2923) sw      gp, -1262(t5)
core   0: 3 0x8000b4f2 (0xb03f2923) mem 0x80010000 0x00000001
core   0: 0x8000b4f6 (0x0000bfe5) c.j     pc - 8
core   0: 3 0x8000b4f6 (0xbfe5)
core   0: 0x8000b4ee (0x00005f17) auipc   t5, 0x5
core   0: 3 0x8000b4ee (0x00005f17) x30 0x800104ee
core   0: 0x8000b4f2 (0xb03f2923) sw      gp, -1262(t5)
core   0: 3 0x8000b4f2 (0xb03f2923) mem 0x80010000 0x00000001
core   0: 0x8000b4f6 (0x0000bfe5) c.j     pc - 8
core   0: 3 0x8000b4f6 (0xbfe5)
core   0: 0x8000b4ee (0x00005f17) auipc   t5, 0x5
core   0: 3 0x8000b4ee (0x00005f17) x30 0x800104ee
core   0: 0x8000b4f2 (0xb03f2923) sw      gp, -1262(t5)
core   0: 3 0x8000b4f2 (0xb03f2923) mem 0x80010000 0x00000001
core   0: 0x8000b4f6 (0x0000bfe5) c.j     pc - 8
core   0: 3 0x8000b4f6 (0xbfe5)
core   0: 0x8000b4ee (0x00005f17) auipc   t5, 0x5
core   0: 3 0x8000b4ee (0x00005f17) x30 0x800104ee
core   0: 0x8000b4f2 (0xb03f2923) sw      gp, -1262(t5)
core   0: 3 0x8000b4f2 (0xb03f2923) mem 0x80010000 0x00000001
core   0: 0x8000b4f6 (0x0000bfe5) c.j     pc - 8
core   0: 3 0x8000b4f6 (0xbfe5)
core   0: 0x8000b4ee (0x00005f17) auipc   t5, 0x5
core   0: 3 0x8000b4ee (0x00005f17) x30 0x800104ee
core   0: 0x8000b4f2 (0xb03f2923) sw      gp, -1262(t5)
core   0: 3 0x8000b4f2 (0xb03f2923) mem 0x80010000 0x00000001
core   0: 0x8000b4f6 (0x0000bfe5) c.j     pc - 8
core   0: 3 0x8000b4f6 (0xbfe5)
core   0: 0x8000b4ee (0x00005f17) auipc   t5, 0x5
core   0: 3 0x8000b4ee (0x00005f17) x30 0x800104ee
core   0: 0x8000b4f2 (0xb03f2923) sw      gp, -1262(t5)
core   0: 3 0x8000b4f2 (0xb03f2923) mem 0x80010000 0x00000001
core   0: 0x8000b4f6 (0x0000bfe5) c.j     pc - 8
core   0: 3 0x8000b4f6 (0xbfe5)
core   0: 0x8000b4ee (0x00005f17) auipc   t5, 0x5
core   0: 3 0x8000b4ee (0x00005f17) x30 0x800104ee
core   0: 0x8000b4f2 (0xb03f2923) sw      gp, -1262(t5)
core   0: 3 0x8000b4f2 (0xb03f2923) mem 0x80010000 0x00000001
core   0: 0x8000b4f6 (0x0000bfe5) c.j     pc - 8
core   0: 3 0x8000b4f6 (0xbfe5)
core   0: 0x8000b4ee (0x00005f17) auipc   t5, 0x5
core   0: 3 0x8000b4ee (0x00005f17) x30 0x800104ee
core   0: 0x8000b4f2 (0xb03f2923) sw      gp, -1262(t5)
core   0: 3 0x8000b4f2 (0xb03f2923) mem 0x80010000 0x00000001
core   0: 0x8000b4f6 (0x0000bfe5) c.j     pc - 8
core   0: 3 0x8000b4f6 (0xbfe5)
core   0: 0x8000b4ee (0x00005f17) auipc   t5, 0x5
core   0: 3 0x8000b4ee (0x00005f17) x30 0x800104ee
core   0: 0x8000b4f2 (0xb03f2923) sw      gp, -1262(t5)
core   0: 3 0x8000b4f2 (0xb03f2923) mem 0x80010000 0x00000001
core   0: 0x8000b4f6 (0x0000bfe5) c.j     pc - 8
core   0: 3 0x8000b4f6 (0xbfe5)
core   0: 0x8000b4ee (0x00005f17) auipc   t5, 0x5
core   0: 3 0x8000b4ee (0x00005f17) x30 0x800104ee
core   0: 0x8000b4f2 (0xb03f2923) sw      gp, -1262(t5)
core   0: 3 0x8000b4f2 (0xb03f2923) mem 0x80010000 0x00000001
core   0: 0x8000b4f6 (0x0000bfe5) c.j     pc - 8
core   0: 3 0x8000b4f6 (0xbfe5)
core   0: 0x8000b4ee (0x00005f17) auipc   t5, 0x5
core   0: 3 0x8000b4ee (0x00005f17) x30 0x800104ee
core   0: 0x8000b4f2 (0xb03f2923) sw      gp, -1262(t5)
core   0: 3 0x8000b4f2 (0xb03f2923) mem 0x80010000 0x00000001
core   0: 0x8000b4f6 (0x0000bfe5) c.j     pc - 8
core   0: 3 0x8000b4f6 (0xbfe5)
core   0: 0x8000b4ee (0x00005f17) auipc   t5, 0x5
core   0: 3 0x8000b4ee (0x00005f17) x30 0x800104ee
core   0: 0x8000b4f2 (0xb03f2923) sw      gp, -1262(t5)
core   0: 3 0x8000b4f2 (0xb03f2923) mem 0x80010000 0x00000001
core   0: 0x8000b4f6 (0x0000bfe5) c.j     pc - 8
core   0: 3 0x8000b4f6 (0xbfe5)
core   0: 0x8000b4ee (0x00005f17) auipc   t5, 0x5
core   0: 3 0x8000b4ee (0x00005f17) x30 0x800104ee
core   0: 0x8000b4f2 (0xb03f2923) sw      gp, -1262(t5)
core   0: 3 0x8000b4f2 (0xb03f2923) mem 0x80010000 0x00000001
core   0: 0x8000b4f6 (0x0000bfe5) c.j     pc - 8
core   0: 3 0x8000b4f6 (0xbfe5)
core   0: 0x8000b4ee (0x00005f17) auipc   t5, 0x5
core   0: 3 0x8000b4ee (0x00005f17) x30 0x800104ee
core   0: 0x8000b4f2 (0xb03f2923) sw      gp, -1262(t5)
core   0: 3 0x8000b4f2 (0xb03f2923) mem 0x80010000 0x00000001
core   0: 0x8000b4f6 (0x0000bfe5) c.j     pc - 8
core   0: 3 0x8000b4f6 (0xbfe5)
core   0: 0x8000b4ee (0x00005f17) auipc   t5, 0x5
core   0: 3 0x8000b4ee (0x00005f17) x30 0x800104ee
core   0: 0x8000b4f2 (0xb03f2923) sw      gp, -1262(t5)
core   0: 3 0x8000b4f2 (0xb03f2923) mem 0x80010000 0x00000001
core   0: 0x8000b4f6 (0x0000bfe5) c.j     pc - 8
core   0: 3 0x8000b4f6 (0xbfe5)
core   0: 0x8000b4ee (0x00005f17) auipc   t5, 0x5
core   0: 3 0x8000b4ee (0x00005f17) x30 0x800104ee
core   0: 0x8000b4f2 (0xb03f2923) sw      gp, -1262(t5)
core   0: 3 0x8000b4f2 (0xb03f2923) mem 0x80010000 0x00000001
core   0: 0x8000b4f6 (0x0000bfe5) c.j     pc - 8
core   0: 3 0x8000b4f6 (0xbfe5)
core   0: 0x8000b4ee (0x00005f17) auipc   t5, 0x5
core   0: 3 0x8000b4ee (0x00005f17) x30 0x800104ee
core   0: 0x8000b4f2 (0xb03f2923) sw      gp, -1262(t5)
core   0: 3 0x8000b4f2 (0xb03f2923) mem 0x80010000 0x00000001
core   0: 0x8000b4f6 (0x0000bfe5) c.j     pc - 8
core   0: 3 0x8000b4f6 (0xbfe5)
core   0: 0x8000b4ee (0x00005f17) auipc   t5, 0x5
core   0: 3 0x8000b4ee (0x00005f17) x30 0x800104ee
core   0: 0x8000b4f2 (0xb03f2923) sw      gp, -1262(t5)
core   0: 3 0x8000b4f2 (0xb03f2923) mem 0x80010000 0x00000001
core   0: 0x8000b4f6 (0x0000bfe5) c.j     pc - 8
core   0: 3 0x8000b4f6 (0xbfe5)
core   0: 0x8000b4ee (0x00005f17) auipc   t5, 0x5
core   0: 3 0x8000b4ee (0x00005f17) x30 0x800104ee
core   0: 0x8000b4f2 (0xb03f2923) sw      gp, -1262(t5)
core   0: 3 0x8000b4f2 (0xb03f2923) mem 0x80010000 0x00000001
core   0: 0x8000b4f6 (0x0000bfe5) c.j     pc - 8
core   0: 3 0x8000b4f6 (0xbfe5)
core   0: 0x8000b4ee (0x00005f17) auipc   t5, 0x5
core   0: 3 0x8000b4ee (0x00005f17) x30 0x800104ee
core   0: 0x8000b4f2 (0xb03f2923) sw      gp, -1262(t5)
core   0: 3 0x8000b4f2 (0xb03f2923) mem 0x80010000 0x00000001
core   0: 0x8000b4f6 (0x0000bfe5) c.j     pc - 8
core   0: 3 0x8000b4f6 (0xbfe5)
core   0: 0x8000b4ee (0x00005f17) auipc   t5, 0x5
core   0: 3 0x8000b4ee (0x00005f17) x30 0x800104ee
core   0: 0x8000b4f2 (0xb03f2923) sw      gp, -1262(t5)
core   0: 3 0x8000b4f2 (0xb03f2923) mem 0x80010000 0x00000001
core   0: 0x8000b4f6 (0x0000bfe5) c.j     pc - 8
core   0: 3 0x8000b4f6 (0xbfe5)
core   0: 0x8000b4ee (0x00005f17) auipc   t5, 0x5
core   0: 3 0x8000b4ee (0x00005f17) x30 0x800104ee
core   0: 0x8000b4f2 (0xb03f2923) sw      gp, -1262(t5)
core   0: 3 0x8000b4f2 (0xb03f2923) mem 0x80010000 0x00000001
core   0: 0x8000b4f6 (0x0000bfe5) c.j     pc - 8
core   0: 3 0x8000b4f6 (0xbfe5)
core   0: 0x8000b4ee (0x00005f17) auipc   t5, 0x5
core   0: 3 0x8000b4ee (0x00005f17) x30 0x800104ee
core   0: 0x8000b4f2 (0xb03f2923) sw      gp, -1262(t5)
core   0: 3 0x8000b4f2 (0xb03f2923) mem 0x80010000 0x00000001
core   0: 0x8000b4f6 (0x0000bfe5) c.j     pc - 8
core   0: 3 0x8000b4f6 (0xbfe5)
core   0: 0x8000b4ee (0x00005f17) auipc   t5, 0x5
core   0: 3 0x8000b4ee (0x00005f17) x30 0x800104ee
core   0: 0x8000b4f2 (0xb03f2923) sw      gp, -1262(t5)
core   0: 3 0x8000b4f2 (0xb03f2923) mem 0x80010000 0x00000001
core   0: 0x8000b4f6 (0x0000bfe5) c.j     pc - 8
core   0: 3 0x8000b4f6 (0xbfe5)
core   0: 0x8000b4ee (0x00005f17) auipc   t5, 0x5
core   0: 3 0x8000b4ee (0x00005f17) x30 0x800104ee
core   0: 0x8000b4f2 (0xb03f2923) sw      gp, -1262(t5)
core   0: 3 0x8000b4f2 (0xb03f2923) mem 0x80010000 0x00000001
core   0: 0x8000b4f6 (0x0000bfe5) c.j     pc - 8
core   0: 3 0x8000b4f6 (0xbfe5)
core   0: 0x8000b4ee (0x00005f17) auipc   t5, 0x5
core   0: 3 0x8000b4ee (0x00005f17) x30 0x800104ee
core   0: 0x8000b4f2 (0xb03f2923) sw      gp, -1262(t5)
core   0: 3 0x8000b4f2 (0xb03f2923) mem 0x80010000 0x00000001
core   0: 0x8000b4f6 (0x0000bfe5) c.j     pc - 8
core   0: 3 0x8000b4f6 (0xbfe5)
core   0: 0x8000b4ee (0x00005f17) auipc   t5, 0x5
core   0: 3 0x8000b4ee (0x00005f17) x30 0x800104ee
core   0: 0x8000b4f2 (0xb03f2923) sw      gp, -1262(t5)
core   0: 3 0x8000b4f2 (0xb03f2923) mem 0x80010000 0x00000001
core   0: 0x8000b4f6 (0x0000bfe5) c.j     pc - 8
core   0: 3 0x8000b4f6 (0xbfe5)
core   0: 0x8000b4ee (0x00005f17) auipc   t5, 0x5
core   0: 3 0x8000b4ee (0x00005f17) x30 0x800104ee
core   0: 0x8000b4f2 (0xb03f2923) sw      gp, -1262(t5)
core   0: 3 0x8000b4f2 (0xb03f2923) mem 0x80010000 0x00000001
core   0: 0x8000b4f6 (0x0000bfe5) c.j     pc - 8
core   0: 3 0x8000b4f6 (0xbfe5)
core   0: 0x8000b4ee (0x00005f17) auipc   t5, 0x5
core   0: 3 0x8000b4ee (0x00005f17) x30 0x800104ee
core   0: 0x8000b4f2 (0xb03f2923) sw      gp, -1262(t5)
core   0: 3 0x8000b4f2 (0xb03f2923) mem 0x80010000 0x00000001
core   0: 0x8000b4f6 (0x0000bfe5) c.j     pc - 8
core   0: 3 0x8000b4f6 (0xbfe5)
core   0: 0x8000b4ee (0x00005f17) auipc   t5, 0x5
core   0: 3 0x8000b4ee (0x00005f17) x30 0x800104ee
core   0: 0x8000b4f2 (0xb03f2923) sw      gp, -1262(t5)
core   0: 3 0x8000b4f2 (0xb03f2923) mem 0x80010000 0x00000001
core   0: 0x8000b4f6 (0x0000bfe5) c.j     pc - 8
core   0: 3 0x8000b4f6 (0xbfe5)
core   0: 0x8000b4ee (0x00005f17) auipc   t5, 0x5
core   0: 3 0x8000b4ee (0x00005f17) x30 0x800104ee
core   0: 0x8000b4f2 (0xb03f2923) sw      gp, -1262(t5)
core   0: 3 0x8000b4f2 (0xb03f2923) mem 0x80010000 0x00000001
core   0: 0x8000b4f6 (0x0000bfe5) c.j     pc - 8
core   0: 3 0x8000b4f6 (0xbfe5)
core   0: 0x8000b4ee (0x00005f17) auipc   t5, 0x5
core   0: 3 0x8000b4ee (0x00005f17) x30 0x800104ee
core   0: 0x8000b4f2 (0xb03f2923) sw      gp, -1262(t5)
core   0: 3 0x8000b4f2 (0xb03f2923) mem 0x80010000 0x00000001
core   0: 0x8000b4f6 (0x0000bfe5) c.j     pc - 8
core   0: 3 0x8000b4f6 (0xbfe5)
core   0: 0x8000b4ee (0x00005f17) auipc   t5, 0x5
core   0: 3 0x8000b4ee (0x00005f17) x30 0x800104ee
core   0: 0x8000b4f2 (0xb03f2923) sw      gp, -1262(t5)
core   0: 3 0x8000b4f2 (0xb03f2923) mem 0x80010000 0x00000001
core   0: 0x8000b4f6 (0x0000bfe5) c.j     pc - 8
core   0: 3 0x8000b4f6 (0xbfe5)
core   0: 0x8000b4ee (0x00005f17) auipc   t5, 0x5
core   0: 3 0x8000b4ee (0x00005f17) x30 0x800104ee
core   0: 0x8000b4f2 (0xb03f2923) sw      gp, -1262(t5)
core   0: 3 0x8000b4f2 (0xb03f2923) mem 0x80010000 0x00000001
core   0: 0x8000b4f6 (0x0000bfe5) c.j     pc - 8
core   0: 3 0x8000b4f6 (0xbfe5)
core   0: 0x8000b4ee (0x00005f17) auipc   t5, 0x5
core   0: 3 0x8000b4ee (0x00005f17) x30 0x800104ee
core   0: 0x8000b4f2 (0xb03f2923) sw      gp, -1262(t5)
core   0: 3 0x8000b4f2 (0xb03f2923) mem 0x80010000 0x00000001
core   0: 0x8000b4f6 (0x0000bfe5) c.j     pc - 8
core   0: 3 0x8000b4f6 (0xbfe5)
core   0: 0x8000b4ee (0x00005f17) auipc   t5, 0x5
core   0: 3 0x8000b4ee (0x00005f17) x30 0x800104ee
core   0: 0x8000b4f2 (0xb03f2923) sw      gp, -1262(t5)
core   0: 3 0x8000b4f2 (0xb03f2923) mem 0x80010000 0x00000001
core   0: 0x8000b4f6 (0x0000bfe5) c.j     pc - 8
core   0: 3 0x8000b4f6 (0xbfe5)
core   0: 0x8000b4ee (0x00005f17) auipc   t5, 0x5
core   0: 3 0x8000b4ee (0x00005f17) x30 0x800104ee
core   0: 0x8000b4f2 (0xb03f2923) sw      gp, -1262(t5)
core   0: 3 0x8000b4f2 (0xb03f2923) mem 0x80010000 0x00000001
core   0: 0x8000b4f6 (0x0000bfe5) c.j     pc - 8
core   0: 3 0x8000b4f6 (0xbfe5)
core   0: 0x8000b4ee (0x00005f17) auipc   t5, 0x5
core   0: 3 0x8000b4ee (0x00005f17) x30 0x800104ee
core   0: 0x8000b4f2 (0xb03f2923) sw      gp, -1262(t5)
core   0: 3 0x8000b4f2 (0xb03f2923) mem 0x80010000 0x00000001
core   0: 0x8000b4f6 (0x0000bfe5) c.j     pc - 8
core   0: 3 0x8000b4f6 (0xbfe5)
core   0: 0x8000b4ee (0x00005f17) auipc   t5, 0x5
core   0: 3 0x8000b4ee (0x00005f17) x30 0x800104ee
core   0: 0x8000b4f2 (0xb03f2923) sw      gp, -1262(t5)
core   0: 3 0x8000b4f2 (0xb03f2923) mem 0x80010000 0x00000001
core   0: 0x8000b4f6 (0x0000bfe5) c.j     pc - 8
core   0: 3 0x8000b4f6 (0xbfe5)
core   0: 0x8000b4ee (0x00005f17) auipc   t5, 0x5
core   0: 3 0x8000b4ee (0x00005f17) x30 0x800104ee
core   0: 0x8000b4f2 (0xb03f2923) sw      gp, -1262(t5)
core   0: 3 0x8000b4f2 (0xb03f2923) mem 0x80010000 0x00000001
core   0: 0x8000b4f6 (0x0000bfe5) c.j     pc - 8
core   0: 3 0x8000b4f6 (0xbfe5)
core   0: 0x8000b4ee (0x00005f17) auipc   t5, 0x5
core   0: 3 0x8000b4ee (0x00005f17) x30 0x800104ee
core   0: 0x8000b4f2 (0xb03f2923) sw      gp, -1262(t5)
core   0: 3 0x8000b4f2 (0xb03f2923) mem 0x80010000 0x00000001
core   0: 0x8000b4f6 (0x0000bfe5) c.j     pc - 8
core   0: 3 0x8000b4f6 (0xbfe5)
core   0: 0x8000b4ee (0x00005f17) auipc   t5, 0x5
core   0: 3 0x8000b4ee (0x00005f17) x30 0x800104ee
core   0: 0x8000b4f2 (0xb03f2923) sw      gp, -1262(t5)
core   0: 3 0x8000b4f2 (0xb03f2923) mem 0x80010000 0x00000001
core   0: 0x8000b4f6 (0x0000bfe5) c.j     pc - 8
core   0: 3 0x8000b4f6 (0xbfe5)
core   0: 0x8000b4ee (0x00005f17) auipc   t5, 0x5
core   0: 3 0x8000b4ee (0x00005f17) x30 0x800104ee
core   0: 0x8000b4f2 (0xb03f2923) sw      gp, -1262(t5)
core   0: 3 0x8000b4f2 (0xb03f2923) mem 0x80010000 0x00000001
core   0: 0x8000b4f6 (0x0000bfe5) c.j     pc - 8
core   0: 3 0x8000b4f6 (0xbfe5)
core   0: 0x8000b4ee (0x00005f17) auipc   t5, 0x5
core   0: 3 0x8000b4ee (0x00005f17) x30 0x800104ee
core   0: 0x8000b4f2 (0xb03f2923) sw      gp, -1262(t5)
core   0: 3 0x8000b4f2 (0xb03f2923) mem 0x80010000 0x00000001
core   0: 0x8000b4f6 (0x0000bfe5) c.j     pc - 8
core   0: 3 0x8000b4f6 (0xbfe5)
core   0: 0x8000b4ee (0x00005f17) auipc   t5, 0x5
core   0: 3 0x8000b4ee (0x00005f17) x30 0x800104ee
core   0: 0x8000b4f2 (0xb03f2923) sw      gp, -1262(t5)
core   0: 3 0x8000b4f2 (0xb03f2923) mem 0x80010000 0x00000001
core   0: 0x8000b4f6 (0x0000bfe5) c.j     pc - 8
core   0: 3 0x8000b4f6 (0xbfe5)
core   0: 0x8000b4ee (0x00005f17) auipc   t5, 0x5
core   0: 3 0x8000b4ee (0x00005f17) x30 0x800104ee
core   0: 0x8000b4f2 (0xb03f2923) sw      gp, -1262(t5)
core   0: 3 0x8000b4f2 (0xb03f2923) mem 0x80010000 0x00000001
core   0: 0x8000b4f6 (0x0000bfe5) c.j     pc - 8
core   0: 3 0x8000b4f6 (0xbfe5)
core   0: 0x8000b4ee (0x00005f17) auipc   t5, 0x5
core   0: 3 0x8000b4ee (0x00005f17) x30 0x800104ee
core   0: 0x8000b4f2 (0xb03f2923) sw      gp, -1262(t5)
core   0: 3 0x8000b4f2 (0xb03f2923) mem 0x80010000 0x00000001
core   0: 0x8000b4f6 (0x0000bfe5) c.j     pc - 8
core   0: 3 0x8000b4f6 (0xbfe5)
core   0: 0x8000b4ee (0x00005f17) auipc   t5, 0x5
core   0: 3 0x8000b4ee (0x00005f17) x30 0x800104ee
core   0: 0x8000b4f2 (0xb03f2923) sw      gp, -1262(t5)
core   0: 3 0x8000b4f2 (0xb03f2923) mem 0x80010000 0x00000001
core   0: 0x8000b4f6 (0x0000bfe5) c.j     pc - 8
core   0: 3 0x8000b4f6 (0xbfe5)
core   0: 0x8000b4ee (0x00005f17) auipc   t5, 0x5
core   0: 3 0x8000b4ee (0x00005f17) x30 0x800104ee
core   0: 0x8000b4f2 (0xb03f2923) sw      gp, -1262(t5)
core   0: 3 0x8000b4f2 (0xb03f2923) mem 0x80010000 0x00000001
core   0: 0x8000b4f6 (0x0000bfe5) c.j     pc - 8
core   0: 3 0x8000b4f6 (0xbfe5)
core   0: 0x8000b4ee (0x00005f17) auipc   t5, 0x5
core   0: 3 0x8000b4ee (0x00005f17) x30 0x800104ee
core   0: 0x8000b4f2 (0xb03f2923) sw      gp, -1262(t5)
core   0: 3 0x8000b4f2 (0xb03f2923) mem 0x80010000 0x00000001
core   0: 0x8000b4f6 (0x0000bfe5) c.j     pc - 8
core   0: 3 0x8000b4f6 (0xbfe5)
core   0: 0x8000b4ee (0x00005f17) auipc   t5, 0x5
core   0: 3 0x8000b4ee (0x00005f17) x30 0x800104ee
core   0: 0x8000b4f2 (0xb03f2923) sw      gp, -1262(t5)
core   0: 3 0x8000b4f2 (0xb03f2923) mem 0x80010000 0x00000001
core   0: 0x8000b4f6 (0x0000bfe5) c.j     pc - 8
core   0: 3 0x8000b4f6 (0xbfe5)
core   0: 0x8000b4ee (0x00005f17) auipc   t5, 0x5
core   0: 3 0x8000b4ee (0x00005f17) x30 0x800104ee
core   0: 0x8000b4f2 (0xb03f2923) sw      gp, -1262(t5)
core   0: 3 0x8000b4f2 (0xb03f2923) mem 0x80010000 0x00000001
core   0: 0x8000b4f6 (0x0000bfe5) c.j     pc - 8
core   0: 3 0x8000b4f6 (0xbfe5)
core   0: 0x8000b4ee (0x00005f17) auipc   t5, 0x5
core   0: 3 0x8000b4ee (0x00005f17) x30 0x800104ee
core   0: 0x8000b4f2 (0xb03f2923) sw      gp, -1262(t5)
core   0: 3 0x8000b4f2 (0xb03f2923) mem 0x80010000 0x00000001
core   0: 0x8000b4f6 (0x0000bfe5) c.j     pc - 8
core   0: 3 0x8000b4f6 (0xbfe5)
core   0: 0x8000b4ee (0x00005f17) auipc   t5, 0x5
core   0: 3 0x8000b4ee (0x00005f17) x30 0x800104ee
core   0: 0x8000b4f2 (0xb03f2923) sw      gp, -1262(t5)
core   0: 3 0x8000b4f2 (0xb03f2923) mem 0x80010000 0x00000001
core   0: 0x8000b4f6 (0x0000bfe5) c.j     pc - 8
core   0: 3 0x8000b4f6 (0xbfe5)
core   0: 0x8000b4ee (0x00005f17) auipc   t5, 0x5
core   0: 3 0x8000b4ee (0x00005f17) x30 0x800104ee
core   0: 0x8000b4f2 (0xb03f2923) sw      gp, -1262(t5)
core   0: 3 0x8000b4f2 (0xb03f2923) mem 0x80010000 0x00000001
core   0: 0x8000b4f6 (0x0000bfe5) c.j     pc - 8
core   0: 3 0x8000b4f6 (0xbfe5)
core   0: 0x8000b4ee (0x00005f17) auipc   t5, 0x5
core   0: 3 0x8000b4ee (0x00005f17) x30 0x800104ee
core   0: 0x8000b4f2 (0xb03f2923) sw      gp, -1262(t5)
core   0: 3 0x8000b4f2 (0xb03f2923) mem 0x80010000 0x00000001
core   0: 0x8000b4f6 (0x0000bfe5) c.j     pc - 8
core   0: 3 0x8000b4f6 (0xbfe5)
core   0: 0x8000b4ee (0x00005f17) auipc   t5, 0x5
core   0: 3 0x8000b4ee (0x00005f17) x30 0x800104ee
core   0: 0x8000b4f2 (0xb03f2923) sw      gp, -1262(t5)
core   0: 3 0x8000b4f2 (0xb03f2923) mem 0x80010000 0x00000001
core   0: 0x8000b4f6 (0x0000bfe5) c.j     pc - 8
core   0: 3 0x8000b4f6 (0xbfe5)
core   0: 0x8000b4ee (0x00005f17) auipc   t5, 0x5
core   0: 3 0x8000b4ee (0x00005f17) x30 0x800104ee
core   0: 0x8000b4f2 (0xb03f2923) sw      gp, -1262(t5)
core   0: 3 0x8000b4f2 (0xb03f2923) mem 0x80010000 0x00000001
core   0: 0x8000b4f6 (0x0000bfe5) c.j     pc - 8
core   0: 3 0x8000b4f6 (0xbfe5)
core   0: 0x8000b4ee (0x00005f17) auipc   t5, 0x5
core   0: 3 0x8000b4ee (0x00005f17) x30 0x800104ee
core   0: 0x8000b4f2 (0xb03f2923) sw      gp, -1262(t5)
core   0: 3 0x8000b4f2 (0xb03f2923) mem 0x80010000 0x00000001
core   0: 0x8000b4f6 (0x0000bfe5) c.j     pc - 8
core   0: 3 0x8000b4f6 (0xbfe5)
core   0: 0x8000b4ee (0x00005f17) auipc   t5, 0x5
core   0: 3 0x8000b4ee (0x00005f17) x30 0x800104ee
core   0: 0x8000b4f2 (0xb03f2923) sw      gp, -1262(t5)
core   0: 3 0x8000b4f2 (0xb03f2923) mem 0x80010000 0x00000001
core   0: 0x8000b4f6 (0x0000bfe5) c.j     pc - 8
core   0: 3 0x8000b4f6 (0xbfe5)
core   0: 0x8000b4ee (0x00005f17) auipc   t5, 0x5
core   0: 3 0x8000b4ee (0x00005f17) x30 0x800104ee
core   0: 0x8000b4f2 (0xb03f2923) sw      gp, -1262(t5)
core   0: 3 0x8000b4f2 (0xb03f2923) mem 0x80010000 0x00000001
core   0: 0x8000b4f6 (0x0000bfe5) c.j     pc - 8
core   0: 3 0x8000b4f6 (0xbfe5)
core   0: 0x8000b4ee (0x00005f17) auipc   t5, 0x5
core   0: 3 0x8000b4ee (0x00005f17) x30 0x800104ee
core   0: 0x8000b4f2 (0xb03f2923) sw      gp, -1262(t5)
core   0: 3 0x8000b4f2 (0xb03f2923) mem 0x80010000 0x00000001
core   0: 0x8000b4f6 (0x0000bfe5) c.j     pc - 8
core   0: 3 0x8000b4f6 (0xbfe5)
core   0: 0x8000b4ee (0x00005f17) auipc   t5, 0x5
core   0: 3 0x8000b4ee (0x00005f17) x30 0x800104ee
core   0: 0x8000b4f2 (0xb03f2923) sw      gp, -1262(t5)
core   0: 3 0x8000b4f2 (0xb03f2923) mem 0x80010000 0x00000001
core   0: 0x8000b4f6 (0x0000bfe5) c.j     pc - 8
core   0: 3 0x8000b4f6 (0xbfe5)
core   0: 0x8000b4ee (0x00005f17) auipc   t5, 0x5
core   0: 3 0x8000b4ee (0x00005f17) x30 0x800104ee
core   0: 0x8000b4f2 (0xb03f2923) sw      gp, -1262(t5)
core   0: 3 0x8000b4f2 (0xb03f2923) mem 0x80010000 0x00000001
core   0: 0x8000b4f6 (0x0000bfe5) c.j     pc - 8
core   0: 3 0x8000b4f6 (0xbfe5)
core   0: 0x8000b4ee (0x00005f17) auipc   t5, 0x5
core   0: 3 0x8000b4ee (0x00005f17) x30 0x800104ee
core   0: 0x8000b4f2 (0xb03f2923) sw      gp, -1262(t5)
core   0: 3 0x8000b4f2 (0xb03f2923) mem 0x80010000 0x00000001
core   0: 0x8000b4f6 (0x0000bfe5) c.j     pc - 8
core   0: 3 0x8000b4f6 (0xbfe5)
core   0: 0x8000b4ee (0x00005f17) auipc   t5, 0x5
core   0: 3 0x8000b4ee (0x00005f17) x30 0x800104ee
core   0: 0x8000b4f2 (0xb03f2923) sw      gp, -1262(t5)
core   0: 3 0x8000b4f2 (0xb03f2923) mem 0x80010000 0x00000001
core   0: 0x8000b4f6 (0x0000bfe5) c.j     pc - 8
core   0: 3 0x8000b4f6 (0xbfe5)
core   0: 0x8000b4ee (0x00005f17) auipc   t5, 0x5
core   0: 3 0x8000b4ee (0x00005f17) x30 0x800104ee
core   0: 0x8000b4f2 (0xb03f2923) sw      gp, -1262(t5)
core   0: 3 0x8000b4f2 (0xb03f2923) mem 0x80010000 0x00000001
core   0: 0x8000b4f6 (0x0000bfe5) c.j     pc - 8
core   0: 3 0x8000b4f6 (0xbfe5)
core   0: 0x8000b4ee (0x00005f17) auipc   t5, 0x5
core   0: 3 0x8000b4ee (0x00005f17) x30 0x800104ee
core   0: 0x8000b4f2 (0xb03f2923) sw      gp, -1262(t5)
core   0: 3 0x8000b4f2 (0xb03f2923) mem 0x80010000 0x00000001
core   0: 0x8000b4f6 (0x0000bfe5) c.j     pc - 8
core   0: 3 0x8000b4f6 (0xbfe5)
core   0: 0x8000b4ee (0x00005f17) auipc   t5, 0x5
core   0: 3 0x8000b4ee (0x00005f17) x30 0x800104ee
core   0: 0x8000b4f2 (0xb03f2923) sw      gp, -1262(t5)
core   0: 3 0x8000b4f2 (0xb03f2923) mem 0x80010000 0x00000001
core   0: 0x8000b4f6 (0x0000bfe5) c.j     pc - 8
core   0: 3 0x8000b4f6 (0xbfe5)
core   0: 0x8000b4ee (0x00005f17) auipc   t5, 0x5
core   0: 3 0x8000b4ee (0x00005f17) x30 0x800104ee
core   0: 0x8000b4f2 (0xb03f2923) sw      gp, -1262(t5)
core   0: 3 0x8000b4f2 (0xb03f2923) mem 0x80010000 0x00000001
core   0: 0x8000b4f6 (0x0000bfe5) c.j     pc - 8
core   0: 3 0x8000b4f6 (0xbfe5)
core   0: 0x8000b4ee (0x00005f17) auipc   t5, 0x5
core   0: 3 0x8000b4ee (0x00005f17) x30 0x800104ee
core   0: 0x8000b4f2 (0xb03f2923) sw      gp, -1262(t5)
core   0: 3 0x8000b4f2 (0xb03f2923) mem 0x80010000 0x00000001
core   0: 0x8000b4f6 (0x0000bfe5) c.j     pc - 8
core   0: 3 0x8000b4f6 (0xbfe5)
core   0: 0x8000b4ee (0x00005f17) auipc   t5, 0x5
core   0: 3 0x8000b4ee (0x00005f17) x30 0x800104ee
core   0: 0x8000b4f2 (0xb03f2923) sw      gp, -1262(t5)
core   0: 3 0x8000b4f2 (0xb03f2923) mem 0x80010000 0x00000001
core   0: 0x8000b4f6 (0x0000bfe5) c.j     pc - 8
core   0: 3 0x8000b4f6 (0xbfe5)
core   0: 0x8000b4ee (0x00005f17) auipc   t5, 0x5
core   0: 3 0x8000b4ee (0x00005f17) x30 0x800104ee
core   0: 0x8000b4f2 (0xb03f2923) sw      gp, -1262(t5)
core   0: 3 0x8000b4f2 (0xb03f2923) mem 0x80010000 0x00000001
core   0: 0x8000b4f6 (0x0000bfe5) c.j     pc - 8
core   0: 3 0x8000b4f6 (0xbfe5)
core   0: 0x8000b4ee (0x00005f17) auipc   t5, 0x5
core   0: 3 0x8000b4ee (0x00005f17) x30 0x800104ee
core   0: 0x8000b4f2 (0xb03f2923) sw      gp, -1262(t5)
core   0: 3 0x8000b4f2 (0xb03f2923) mem 0x80010000 0x00000001
core   0: 0x8000b4f6 (0x0000bfe5) c.j     pc - 8
core   0: 3 0x8000b4f6 (0xbfe5)
core   0: 0x8000b4ee (0x00005f17) auipc   t5, 0x5
core   0: 3 0x8000b4ee (0x00005f17) x30 0x800104ee
core   0: 0x8000b4f2 (0xb03f2923) sw      gp, -1262(t5)
core   0: 3 0x8000b4f2 (0xb03f2923) mem 0x80010000 0x00000001
core   0: 0x8000b4f6 (0x0000bfe5) c.j     pc - 8
core   0: 3 0x8000b4f6 (0xbfe5)
core   0: 0x8000b4ee (0x00005f17) auipc   t5, 0x5
core   0: 3 0x8000b4ee (0x00005f17) x30 0x800104ee
core   0: 0x8000b4f2 (0xb03f2923) sw      gp, -1262(t5)
core   0: 3 0x8000b4f2 (0xb03f2923) mem 0x80010000 0x00000001
core   0: 0x8000b4f6 (0x0000bfe5) c.j     pc - 8
core   0: 3 0x8000b4f6 (0xbfe5)
core   0: 0x8000b4ee (0x00005f17) auipc   t5, 0x5
core   0: 3 0x8000b4ee (0x00005f17) x30 0x800104ee
core   0: 0x8000b4f2 (0xb03f2923) sw      gp, -1262(t5)
core   0: 3 0x8000b4f2 (0xb03f2923) mem 0x80010000 0x00000001
core   0: 0x8000b4f6 (0x0000bfe5) c.j     pc - 8
core   0: 3 0x8000b4f6 (0xbfe5)
core   0: 0x8000b4ee (0x00005f17) auipc   t5, 0x5
core   0: 3 0x8000b4ee (0x00005f17) x30 0x800104ee
core   0: 0x8000b4f2 (0xb03f2923) sw      gp, -1262(t5)
core   0: 3 0x8000b4f2 (0xb03f2923) mem 0x80010000 0x00000001
core   0: 0x8000b4f6 (0x0000bfe5) c.j     pc - 8
core   0: 3 0x8000b4f6 (0xbfe5)
core   0: 0x8000b4ee (0x00005f17) auipc   t5, 0x5
core   0: 3 0x8000b4ee (0x00005f17) x30 0x800104ee
core   0: 0x8000b4f2 (0xb03f2923) sw      gp, -1262(t5)
core   0: 3 0x8000b4f2 (0xb03f2923) mem 0x80010000 0x00000001
core   0: 0x8000b4f6 (0x0000bfe5) c.j     pc - 8
core   0: 3 0x8000b4f6 (0xbfe5)
core   0: 0x8000b4ee (0x00005f17) auipc   t5, 0x5
core   0: 3 0x8000b4ee (0x00005f17) x30 0x800104ee
core   0: 0x8000b4f2 (0xb03f2923) sw      gp, -1262(t5)
core   0: 3 0x8000b4f2 (0xb03f2923) mem 0x80010000 0x00000001
core   0: 0x8000b4f6 (0x0000bfe5) c.j     pc - 8
core   0: 3 0x8000b4f6 (0xbfe5)
core   0: 0x8000b4ee (0x00005f17) auipc   t5, 0x5
core   0: 3 0x8000b4ee (0x00005f17) x30 0x800104ee
core   0: 0x8000b4f2 (0xb03f2923) sw      gp, -1262(t5)
core   0: 3 0x8000b4f2 (0xb03f2923) mem 0x80010000 0x00000001
core   0: 0x8000b4f6 (0x0000bfe5) c.j     pc - 8
core   0: 3 0x8000b4f6 (0xbfe5)
core   0: 0x8000b4ee (0x00005f17) auipc   t5, 0x5
core   0: 3 0x8000b4ee (0x00005f17) x30 0x800104ee
core   0: 0x8000b4f2 (0xb03f2923) sw      gp, -1262(t5)
core   0: 3 0x8000b4f2 (0xb03f2923) mem 0x80010000 0x00000001
core   0: 0x8000b4f6 (0x0000bfe5) c.j     pc - 8
core   0: 3 0x8000b4f6 (0xbfe5)
core   0: 0x8000b4ee (0x00005f17) auipc   t5, 0x5
core   0: 3 0x8000b4ee (0x00005f17) x30 0x800104ee
core   0: 0x8000b4f2 (0xb03f2923) sw      gp, -1262(t5)
core   0: 3 0x8000b4f2 (0xb03f2923) mem 0x80010000 0x00000001
core   0: 0x8000b4f6 (0x0000bfe5) c.j     pc - 8
core   0: 3 0x8000b4f6 (0xbfe5)
core   0: 0x8000b4ee (0x00005f17) auipc   t5, 0x5
core   0: 3 0x8000b4ee (0x00005f17) x30 0x800104ee
core   0: 0x8000b4f2 (0xb03f2923) sw      gp, -1262(t5)
core   0: 3 0x8000b4f2 (0xb03f2923) mem 0x80010000 0x00000001
core   0: 0x8000b4f6 (0x0000bfe5) c.j     pc - 8
core   0: 3 0x8000b4f6 (0xbfe5)
core   0: 0x8000b4ee (0x00005f17) auipc   t5, 0x5
core   0: 3 0x8000b4ee (0x00005f17) x30 0x800104ee
core   0: 0x8000b4f2 (0xb03f2923) sw      gp, -1262(t5)
core   0: 3 0x8000b4f2 (0xb03f2923) mem 0x80010000 0x00000001
core   0: 0x8000b4f6 (0x0000bfe5) c.j     pc - 8
core   0: 3 0x8000b4f6 (0xbfe5)
core   0: 0x8000b4ee (0x00005f17) auipc   t5, 0x5
core   0: 3 0x8000b4ee (0x00005f17) x30 0x800104ee
core   0: 0x8000b4f2 (0xb03f2923) sw      gp, -1262(t5)
core   0: 3 0x8000b4f2 (0xb03f2923) mem 0x80010000 0x00000001
core   0: 0x8000b4f6 (0x0000bfe5) c.j     pc - 8
core   0: 3 0x8000b4f6 (0xbfe5)
core   0: 0x8000b4ee (0x00005f17) auipc   t5, 0x5
core   0: 3 0x8000b4ee (0x00005f17) x30 0x800104ee
core   0: 0x8000b4f2 (0xb03f2923) sw      gp, -1262(t5)
core   0: 3 0x8000b4f2 (0xb03f2923) mem 0x80010000 0x00000001
core   0: 0x8000b4f6 (0x0000bfe5) c.j     pc - 8
core   0: 3 0x8000b4f6 (0xbfe5)
core   0: 0x8000b4ee (0x00005f17) auipc   t5, 0x5
core   0: 3 0x8000b4ee (0x00005f17) x30 0x800104ee
core   0: 0x8000b4f2 (0xb03f2923) sw      gp, -1262(t5)
core   0: 3 0x8000b4f2 (0xb03f2923) mem 0x80010000 0x00000001
core   0: 0x8000b4f6 (0x0000bfe5) c.j     pc - 8
core   0: 3 0x8000b4f6 (0xbfe5)
core   0: 0x8000b4ee (0x00005f17) auipc   t5, 0x5
core   0: 3 0x8000b4ee (0x00005f17) x30 0x800104ee
core   0: 0x8000b4f2 (0xb03f2923) sw      gp, -1262(t5)
core   0: 3 0x8000b4f2 (0xb03f2923) mem 0x80010000 0x00000001
core   0: 0x8000b4f6 (0x0000bfe5) c.j     pc - 8
core   0: 3 0x8000b4f6 (0xbfe5)
core   0: 0x8000b4ee (0x00005f17) auipc   t5, 0x5
core   0: 3 0x8000b4ee (0x00005f17) x30 0x800104ee
core   0: 0x8000b4f2 (0xb03f2923) sw      gp, -1262(t5)
core   0: 3 0x8000b4f2 (0xb03f2923) mem 0x80010000 0x00000001
core   0: 0x8000b4f6 (0x0000bfe5) c.j     pc - 8
core   0: 3 0x8000b4f6 (0xbfe5)
core   0: 0x8000b4ee (0x00005f17) auipc   t5, 0x5
core   0: 3 0x8000b4ee (0x00005f17) x30 0x800104ee
core   0: 0x8000b4f2 (0xb03f2923) sw      gp, -1262(t5)
core   0: 3 0x8000b4f2 (0xb03f2923) mem 0x80010000 0x00000001
core   0: 0x8000b4f6 (0x0000bfe5) c.j     pc - 8
core   0: 3 0x8000b4f6 (0xbfe5)
core   0: 0x8000b4ee (0x00005f17) auipc   t5, 0x5
core   0: 3 0x8000b4ee (0x00005f17) x30 0x800104ee
core   0: 0x8000b4f2 (0xb03f2923) sw      gp, -1262(t5)
core   0: 3 0x8000b4f2 (0xb03f2923) mem 0x80010000 0x00000001
core   0: 0x8000b4f6 (0x0000bfe5) c.j     pc - 8
core   0: 3 0x8000b4f6 (0xbfe5)
core   0: 0x8000b4ee (0x00005f17) auipc   t5, 0x5
core   0: 3 0x8000b4ee (0x00005f17) x30 0x800104ee
core   0: 0x8000b4f2 (0xb03f2923) sw      gp, -1262(t5)
core   0: 3 0x8000b4f2 (0xb03f2923) mem 0x80010000 0x00000001
core   0: 0x8000b4f6 (0x0000bfe5) c.j     pc - 8
core   0: 3 0x8000b4f6 (0xbfe5)
core   0: 0x8000b4ee (0x00005f17) auipc   t5, 0x5
core   0: 3 0x8000b4ee (0x00005f17) x30 0x800104ee
core   0: 0x8000b4f2 (0xb03f2923) sw      gp, -1262(t5)
core   0: 3 0x8000b4f2 (0xb03f2923) mem 0x80010000 0x00000001
core   0: 0x8000b4f6 (0x0000bfe5) c.j     pc - 8
core   0: 3 0x8000b4f6 (0xbfe5)
core   0: 0x8000b4ee (0x00005f17) auipc   t5, 0x5
core   0: 3 0x8000b4ee (0x00005f17) x30 0x800104ee
core   0: 0x8000b4f2 (0xb03f2923) sw      gp, -1262(t5)
core   0: 3 0x8000b4f2 (0xb03f2923) mem 0x80010000 0x00000001
core   0: 0x8000b4f6 (0x0000bfe5) c.j     pc - 8
core   0: 3 0x8000b4f6 (0xbfe5)
core   0: 0x8000b4ee (0x00005f17) auipc   t5, 0x5
core   0: 3 0x8000b4ee (0x00005f17) x30 0x800104ee
core   0: 0x8000b4f2 (0xb03f2923) sw      gp, -1262(t5)
core   0: 3 0x8000b4f2 (0xb03f2923) mem 0x80010000 0x00000001
core   0: 0x8000b4f6 (0x0000bfe5) c.j     pc - 8
core   0: 3 0x8000b4f6 (0xbfe5)
core   0: 0x8000b4ee (0x00005f17) auipc   t5, 0x5
core   0: 3 0x8000b4ee (0x00005f17) x30 0x800104ee
core   0: 0x8000b4f2 (0xb03f2923) sw      gp, -1262(t5)
core   0: 3 0x8000b4f2 (0xb03f2923) mem 0x80010000 0x00000001
core   0: 0x8000b4f6 (0x0000bfe5) c.j     pc - 8
core   0: 3 0x8000b4f6 (0xbfe5)
core   0: 0x8000b4ee (0x00005f17) auipc   t5, 0x5
core   0: 3 0x8000b4ee (0x00005f17) x30 0x800104ee
core   0: 0x8000b4f2 (0xb03f2923) sw      gp, -1262(t5)
core   0: 3 0x8000b4f2 (0xb03f2923) mem 0x80010000 0x00000001
core   0: 0x8000b4f6 (0x0000bfe5) c.j     pc - 8
core   0: 3 0x8000b4f6 (0xbfe5)
core   0: 0x8000b4ee (0x00005f17) auipc   t5, 0x5
core   0: 3 0x8000b4ee (0x00005f17) x30 0x800104ee
core   0: 0x8000b4f2 (0xb03f2923) sw      gp, -1262(t5)
core   0: 3 0x8000b4f2 (0xb03f2923) mem 0x80010000 0x00000001
core   0: 0x8000b4f6 (0x0000bfe5) c.j     pc - 8
core   0: 3 0x8000b4f6 (0xbfe5)
core   0: 0x8000b4ee (0x00005f17) auipc   t5, 0x5
core   0: 3 0x8000b4ee (0x00005f17) x30 0x800104ee
core   0: 0x8000b4f2 (0xb03f2923) sw      gp, -1262(t5)
core   0: 3 0x8000b4f2 (0xb03f2923) mem 0x80010000 0x00000001
core   0: 0x8000b4f6 (0x0000bfe5) c.j     pc - 8
core   0: 3 0x8000b4f6 (0xbfe5)
core   0: 0x8000b4ee (0x00005f17) auipc   t5, 0x5
core   0: 3 0x8000b4ee (0x00005f17) x30 0x800104ee
core   0: 0x8000b4f2 (0xb03f2923) sw      gp, -1262(t5)
core   0: 3 0x8000b4f2 (0xb03f2923) mem 0x80010000 0x00000001
core   0: 0x8000b4f6 (0x0000bfe5) c.j     pc - 8
core   0: 3 0x8000b4f6 (0xbfe5)
core   0: 0x8000b4ee (0x00005f17) auipc   t5, 0x5
core   0: 3 0x8000b4ee (0x00005f17) x30 0x800104ee
core   0: 0x8000b4f2 (0xb03f2923) sw      gp, -1262(t5)
core   0: 3 0x8000b4f2 (0xb03f2923) mem 0x80010000 0x00000001
core   0: 0x8000b4f6 (0x0000bfe5) c.j     pc - 8
core   0: 3 0x8000b4f6 (0xbfe5)
core   0: 0x8000b4ee (0x00005f17) auipc   t5, 0x5
core   0: 3 0x8000b4ee (0x00005f17) x30 0x800104ee
core   0: 0x8000b4f2 (0xb03f2923) sw      gp, -1262(t5)
core   0: 3 0x8000b4f2 (0xb03f2923) mem 0x80010000 0x00000001
core   0: 0x8000b4f6 (0x0000bfe5) c.j     pc - 8
core   0: 3 0x8000b4f6 (0xbfe5)
core   0: 0x8000b4ee (0x00005f17) auipc   t5, 0x5
core   0: 3 0x8000b4ee (0x00005f17) x30 0x800104ee
core   0: 0x8000b4f2 (0xb03f2923) sw      gp, -1262(t5)
core   0: 3 0x8000b4f2 (0xb03f2923) mem 0x80010000 0x00000001
core   0: 0x8000b4f6 (0x0000bfe5) c.j     pc - 8
core   0: 3 0x8000b4f6 (0xbfe5)
core   0: 0x8000b4ee (0x00005f17) auipc   t5, 0x5
core   0: 3 0x8000b4ee (0x00005f17) x30 0x800104ee
core   0: 0x8000b4f2 (0xb03f2923) sw      gp, -1262(t5)
core   0: 3 0x8000b4f2 (0xb03f2923) mem 0x80010000 0x00000001
core   0: 0x8000b4f6 (0x0000bfe5) c.j     pc - 8
core   0: 3 0x8000b4f6 (0xbfe5)
core   0: 0x8000b4ee (0x00005f17) auipc   t5, 0x5
core   0: 3 0x8000b4ee (0x00005f17) x30 0x800104ee
core   0: 0x8000b4f2 (0xb03f2923) sw      gp, -1262(t5)
core   0: 3 0x8000b4f2 (0xb03f2923) mem 0x80010000 0x00000001
core   0: 0x8000b4f6 (0x0000bfe5) c.j     pc - 8
core   0: 3 0x8000b4f6 (0xbfe5)
core   0: 0x8000b4ee (0x00005f17) auipc   t5, 0x5
core   0: 3 0x8000b4ee (0x00005f17) x30 0x800104ee
core   0: 0x8000b4f2 (0xb03f2923) sw      gp, -1262(t5)
core   0: 3 0x8000b4f2 (0xb03f2923) mem 0x80010000 0x00000001
core   0: 0x8000b4f6 (0x0000bfe5) c.j     pc - 8
core   0: 3 0x8000b4f6 (0xbfe5)
core   0: 0x8000b4ee (0x00005f17) auipc   t5, 0x5
core   0: 3 0x8000b4ee (0x00005f17) x30 0x800104ee
core   0: 0x8000b4f2 (0xb03f2923) sw      gp, -1262(t5)
core   0: 3 0x8000b4f2 (0xb03f2923) mem 0x80010000 0x00000001
core   0: 0x8000b4f6 (0x0000bfe5) c.j     pc - 8
core   0: 3 0x8000b4f6 (0xbfe5)
core   0: 0x8000b4ee (0x00005f17) auipc   t5, 0x5
core   0: 3 0x8000b4ee (0x00005f17) x30 0x800104ee
core   0: 0x8000b4f2 (0xb03f2923) sw      gp, -1262(t5)
core   0: 3 0x8000b4f2 (0xb03f2923) mem 0x80010000 0x00000001
core   0: 0x8000b4f6 (0x0000bfe5) c.j     pc - 8
core   0: 3 0x8000b4f6 (0xbfe5)
core   0: 0x8000b4ee (0x00005f17) auipc   t5, 0x5
core   0: 3 0x8000b4ee (0x00005f17) x30 0x800104ee
core   0: 0x8000b4f2 (0xb03f2923) sw      gp, -1262(t5)
core   0: 3 0x8000b4f2 (0xb03f2923) mem 0x80010000 0x00000001
core   0: 0x8000b4f6 (0x0000bfe5) c.j     pc - 8
core   0: 3 0x8000b4f6 (0xbfe5)
core   0: 0x8000b4ee (0x00005f17) auipc   t5, 0x5
core   0: 3 0x8000b4ee (0x00005f17) x30 0x800104ee
core   0: 0x8000b4f2 (0xb03f2923) sw      gp, -1262(t5)
core   0: 3 0x8000b4f2 (0xb03f2923) mem 0x80010000 0x00000001
core   0: 0x8000b4f6 (0x0000bfe5) c.j     pc - 8
core   0: 3 0x8000b4f6 (0xbfe5)
core   0: 0x8000b4ee (0x00005f17) auipc   t5, 0x5
core   0: 3 0x8000b4ee (0x00005f17) x30 0x800104ee
core   0: 0x8000b4f2 (0xb03f2923) sw      gp, -1262(t5)
core   0: 3 0x8000b4f2 (0xb03f2923) mem 0x80010000 0x00000001
core   0: 0x8000b4f6 (0x0000bfe5) c.j     pc - 8
core   0: 3 0x8000b4f6 (0xbfe5)
core   0: 0x8000b4ee (0x00005f17) auipc   t5, 0x5
core   0: 3 0x8000b4ee (0x00005f17) x30 0x800104ee
core   0: 0x8000b4f2 (0xb03f2923) sw      gp, -1262(t5)
core   0: 3 0x8000b4f2 (0xb03f2923) mem 0x80010000 0x00000001
core   0: 0x8000b4f6 (0x0000bfe5) c.j     pc - 8
core   0: 3 0x8000b4f6 (0xbfe5)
core   0: 0x8000b4ee (0x00005f17) auipc   t5, 0x5
core   0: 3 0x8000b4ee (0x00005f17) x30 0x800104ee
core   0: 0x8000b4f2 (0xb03f2923) sw      gp, -1262(t5)
core   0: 3 0x8000b4f2 (0xb03f2923) mem 0x80010000 0x00000001
core   0: 0x8000b4f6 (0x0000bfe5) c.j     pc - 8
core   0: 3 0x8000b4f6 (0xbfe5)
core   0: 0x8000b4ee (0x00005f17) auipc   t5, 0x5
core   0: 3 0x8000b4ee (0x00005f17) x30 0x800104ee
core   0: 0x8000b4f2 (0xb03f2923) sw      gp, -1262(t5)
core   0: 3 0x8000b4f2 (0xb03f2923) mem 0x80010000 0x00000001
core   0: 0x8000b4f6 (0x0000bfe5) c.j     pc - 8
core   0: 3 0x8000b4f6 (0xbfe5)
core   0: 0x8000b4ee (0x00005f17) auipc   t5, 0x5
core   0: 3 0x8000b4ee (0x00005f17) x30 0x800104ee
core   0: 0x8000b4f2 (0xb03f2923) sw      gp, -1262(t5)
core   0: 3 0x8000b4f2 (0xb03f2923) mem 0x80010000 0x00000001
core   0: 0x8000b4f6 (0x0000bfe5) c.j     pc - 8
core   0: 3 0x8000b4f6 (0xbfe5)
core   0: 0x8000b4ee (0x00005f17) auipc   t5, 0x5
core   0: 3 0x8000b4ee (0x00005f17) x30 0x800104ee
core   0: 0x8000b4f2 (0xb03f2923) sw      gp, -1262(t5)
core   0: 3 0x8000b4f2 (0xb03f2923) mem 0x80010000 0x00000001
core   0: 0x8000b4f6 (0x0000bfe5) c.j     pc - 8
core   0: 3 0x8000b4f6 (0xbfe5)
core   0: 0x8000b4ee (0x00005f17) auipc   t5, 0x5
core   0: 3 0x8000b4ee (0x00005f17) x30 0x800104ee
core   0: 0x8000b4f2 (0xb03f2923) sw      gp, -1262(t5)
core   0: 3 0x8000b4f2 (0xb03f2923) mem 0x80010000 0x00000001
core   0: 0x8000b4f6 (0x0000bfe5) c.j     pc - 8
core   0: 3 0x8000b4f6 (0xbfe5)
core   0: 0x8000b4ee (0x00005f17) auipc   t5, 0x5
core   0: 3 0x8000b4ee (0x00005f17) x30 0x800104ee
core   0: 0x8000b4f2 (0xb03f2923) sw      gp, -1262(t5)
core   0: 3 0x8000b4f2 (0xb03f2923) mem 0x80010000 0x00000001
core   0: 0x8000b4f6 (0x0000bfe5) c.j     pc - 8
core   0: 3 0x8000b4f6 (0xbfe5)
core   0: 0x8000b4ee (0x00005f17) auipc   t5, 0x5
core   0: 3 0x8000b4ee (0x00005f17) x30 0x800104ee
core   0: 0x8000b4f2 (0xb03f2923) sw      gp, -1262(t5)
core   0: 3 0x8000b4f2 (0xb03f2923) mem 0x80010000 0x00000001
core   0: 0x8000b4f6 (0x0000bfe5) c.j     pc - 8
core   0: 3 0x8000b4f6 (0xbfe5)
core   0: 0x8000b4ee (0x00005f17) auipc   t5, 0x5
core   0: 3 0x8000b4ee (0x00005f17) x30 0x800104ee
core   0: 0x8000b4f2 (0xb03f2923) sw      gp, -1262(t5)
core   0: 3 0x8000b4f2 (0xb03f2923) mem 0x80010000 0x00000001
core   0: 0x8000b4f6 (0x0000bfe5) c.j     pc - 8
core   0: 3 0x8000b4f6 (0xbfe5)
core   0: 0x8000b4ee (0x00005f17) auipc   t5, 0x5
core   0: 3 0x8000b4ee (0x00005f17) x30 0x800104ee
core   0: 0x8000b4f2 (0xb03f2923) sw      gp, -1262(t5)
core   0: 3 0x8000b4f2 (0xb03f2923) mem 0x80010000 0x00000001
core   0: 0x8000b4f6 (0x0000bfe5) c.j     pc - 8
core   0: 3 0x8000b4f6 (0xbfe5)
core   0: 0x8000b4ee (0x00005f17) auipc   t5, 0x5
core   0: 3 0x8000b4ee (0x00005f17) x30 0x800104ee
core   0: 0x8000b4f2 (0xb03f2923) sw      gp, -1262(t5)
core   0: 3 0x8000b4f2 (0xb03f2923) mem 0x80010000 0x00000001
core   0: 0x8000b4f6 (0x0000bfe5) c.j     pc - 8
core   0: 3 0x8000b4f6 (0xbfe5)
core   0: 0x8000b4ee (0x00005f17) auipc   t5, 0x5
core   0: 3 0x8000b4ee (0x00005f17) x30 0x800104ee
core   0: 0x8000b4f2 (0xb03f2923) sw      gp, -1262(t5)
core   0: 3 0x8000b4f2 (0xb03f2923) mem 0x80010000 0x00000001
core   0: 0x8000b4f6 (0x0000bfe5) c.j     pc - 8
core   0: 3 0x8000b4f6 (0xbfe5)
core   0: 0x8000b4ee (0x00005f17) auipc   t5, 0x5
core   0: 3 0x8000b4ee (0x00005f17) x30 0x800104ee
core   0: 0x8000b4f2 (0xb03f2923) sw      gp, -1262(t5)
core   0: 3 0x8000b4f2 (0xb03f2923) mem 0x80010000 0x00000001
core   0: 0x8000b4f6 (0x0000bfe5) c.j     pc - 8
core   0: 3 0x8000b4f6 (0xbfe5)
core   0: 0x8000b4ee (0x00005f17) auipc   t5, 0x5
core   0: 3 0x8000b4ee (0x00005f17) x30 0x800104ee
core   0: 0x8000b4f2 (0xb03f2923) sw      gp, -1262(t5)
core   0: 3 0x8000b4f2 (0xb03f2923) mem 0x80010000 0x00000001
core   0: 0x8000b4f6 (0x0000bfe5) c.j     pc - 8
core   0: 3 0x8000b4f6 (0xbfe5)
core   0: 0x8000b4ee (0x00005f17) auipc   t5, 0x5
core   0: 3 0x8000b4ee (0x00005f17) x30 0x800104ee
core   0: 0x8000b4f2 (0xb03f2923) sw      gp, -1262(t5)
core   0: 3 0x8000b4f2 (0xb03f2923) mem 0x80010000 0x00000001
core   0: 0x8000b4f6 (0x0000bfe5) c.j     pc - 8
core   0: 3 0x8000b4f6 (0xbfe5)
core   0: 0x8000b4ee (0x00005f17) auipc   t5, 0x5
core   0: 3 0x8000b4ee (0x00005f17) x30 0x800104ee
core   0: 0x8000b4f2 (0xb03f2923) sw      gp, -1262(t5)
core   0: 3 0x8000b4f2 (0xb03f2923) mem 0x80010000 0x00000001
core   0: 0x8000b4f6 (0x0000bfe5) c.j     pc - 8
core   0: 3 0x8000b4f6 (0xbfe5)
core   0: 0x8000b4ee (0x00005f17) auipc   t5, 0x5
core   0: 3 0x8000b4ee (0x00005f17) x30 0x800104ee
core   0: 0x8000b4f2 (0xb03f2923) sw      gp, -1262(t5)
core   0: 3 0x8000b4f2 (0xb03f2923) mem 0x80010000 0x00000001
core   0: 0x8000b4f6 (0x0000bfe5) c.j     pc - 8
core   0: 3 0x8000b4f6 (0xbfe5)
core   0: 0x8000b4ee (0x00005f17) auipc   t5, 0x5
core   0: 3 0x8000b4ee (0x00005f17) x30 0x800104ee
core   0: 0x8000b4f2 (0xb03f2923) sw      gp, -1262(t5)
core   0: 3 0x8000b4f2 (0xb03f2923) mem 0x80010000 0x00000001
core   0: 0x8000b4f6 (0x0000bfe5) c.j     pc - 8
core   0: 3 0x8000b4f6 (0xbfe5)
core   0: 0x8000b4ee (0x00005f17) auipc   t5, 0x5
core   0: 3 0x8000b4ee (0x00005f17) x30 0x800104ee
core   0: 0x8000b4f2 (0xb03f2923) sw      gp, -1262(t5)
core   0: 3 0x8000b4f2 (0xb03f2923) mem 0x80010000 0x00000001
core   0: 0x8000b4f6 (0x0000bfe5) c.j     pc - 8
core   0: 3 0x8000b4f6 (0xbfe5)
core   0: 0x8000b4ee (0x00005f17) auipc   t5, 0x5
core   0: 3 0x8000b4ee (0x00005f17) x30 0x800104ee
core   0: 0x8000b4f2 (0xb03f2923) sw      gp, -1262(t5)
core   0: 3 0x8000b4f2 (0xb03f2923) mem 0x80010000 0x00000001
core   0: 0x8000b4f6 (0x0000bfe5) c.j     pc - 8
core   0: 3 0x8000b4f6 (0xbfe5)
core   0: 0x8000b4ee (0x00005f17) auipc   t5, 0x5
core   0: 3 0x8000b4ee (0x00005f17) x30 0x800104ee
core   0: 0x8000b4f2 (0xb03f2923) sw      gp, -1262(t5)
core   0: 3 0x8000b4f2 (0xb03f2923) mem 0x80010000 0x00000001
core   0: 0x8000b4f6 (0x0000bfe5) c.j     pc - 8
core   0: 3 0x8000b4f6 (0xbfe5)
core   0: 0x8000b4ee (0x00005f17) auipc   t5, 0x5
core   0: 3 0x8000b4ee (0x00005f17) x30 0x800104ee
core   0: 0x8000b4f2 (0xb03f2923) sw      gp, -1262(t5)
core   0: 3 0x8000b4f2 (0xb03f2923) mem 0x80010000 0x00000001
core   0: 0x8000b4f6 (0x0000bfe5) c.j     pc - 8
core   0: 3 0x8000b4f6 (0xbfe5)
core   0: 0x8000b4ee (0x00005f17) auipc   t5, 0x5
core   0: 3 0x8000b4ee (0x00005f17) x30 0x800104ee
core   0: 0x8000b4f2 (0xb03f2923) sw      gp, -1262(t5)
core   0: 3 0x8000b4f2 (0xb03f2923) mem 0x80010000 0x00000001
core   0: 0x8000b4f6 (0x0000bfe5) c.j     pc - 8
core   0: 3 0x8000b4f6 (0xbfe5)
core   0: 0x8000b4ee (0x00005f17) auipc   t5, 0x5
core   0: 3 0x8000b4ee (0x00005f17) x30 0x800104ee
core   0: 0x8000b4f2 (0xb03f2923) sw      gp, -1262(t5)
core   0: 3 0x8000b4f2 (0xb03f2923) mem 0x80010000 0x00000001
core   0: 0x8000b4f6 (0x0000bfe5) c.j     pc - 8
core   0: 3 0x8000b4f6 (0xbfe5)
core   0: 0x8000b4ee (0x00005f17) auipc   t5, 0x5
core   0: 3 0x8000b4ee (0x00005f17) x30 0x800104ee
core   0: 0x8000b4f2 (0xb03f2923) sw      gp, -1262(t5)
core   0: 3 0x8000b4f2 (0xb03f2923) mem 0x80010000 0x00000001
core   0: 0x8000b4f6 (0x0000bfe5) c.j     pc - 8
core   0: 3 0x8000b4f6 (0xbfe5)
core   0: 0x8000b4ee (0x00005f17) auipc   t5, 0x5
core   0: 3 0x8000b4ee (0x00005f17) x30 0x800104ee
core   0: 0x8000b4f2 (0xb03f2923) sw      gp, -1262(t5)
core   0: 3 0x8000b4f2 (0xb03f2923) mem 0x80010000 0x00000001
core   0: 0x8000b4f6 (0x0000bfe5) c.j     pc - 8
core   0: 3 0x8000b4f6 (0xbfe5)
core   0: 0x8000b4ee (0x00005f17) auipc   t5, 0x5
core   0: 3 0x8000b4ee (0x00005f17) x30 0x800104ee
core   0: 0x8000b4f2 (0xb03f2923) sw      gp, -1262(t5)
core   0: 3 0x8000b4f2 (0xb03f2923) mem 0x80010000 0x00000001
core   0: 0x8000b4f6 (0x0000bfe5) c.j     pc - 8
core   0: 3 0x8000b4f6 (0xbfe5)
core   0: 0x8000b4ee (0x00005f17) auipc   t5, 0x5
core   0: 3 0x8000b4ee (0x00005f17) x30 0x800104ee
core   0: 0x8000b4f2 (0xb03f2923) sw      gp, -1262(t5)
core   0: 3 0x8000b4f2 (0xb03f2923) mem 0x80010000 0x00000001
core   0: 0x8000b4f6 (0x0000bfe5) c.j     pc - 8
core   0: 3 0x8000b4f6 (0xbfe5)
core   0: 0x8000b4ee (0x00005f17) auipc   t5, 0x5
core   0: 3 0x8000b4ee (0x00005f17) x30 0x800104ee
core   0: 0x8000b4f2 (0xb03f2923) sw      gp, -1262(t5)
core   0: 3 0x8000b4f2 (0xb03f2923) mem 0x80010000 0x00000001
core   0: 0x8000b4f6 (0x0000bfe5) c.j     pc - 8
core   0: 3 0x8000b4f6 (0xbfe5)
core   0: 0x8000b4ee (0x00005f17) auipc   t5, 0x5
core   0: 3 0x8000b4ee (0x00005f17) x30 0x800104ee
core   0: 0x8000b4f2 (0xb03f2923) sw      gp, -1262(t5)
core   0: 3 0x8000b4f2 (0xb03f2923) mem 0x80010000 0x00000001
core   0: 0x8000b4f6 (0x0000bfe5) c.j     pc - 8
core   0: 3 0x8000b4f6 (0xbfe5)
core   0: 0x8000b4ee (0x00005f17) auipc   t5, 0x5
core   0: 3 0x8000b4ee (0x00005f17) x30 0x800104ee
core   0: 0x8000b4f2 (0xb03f2923) sw      gp, -1262(t5)
core   0: 3 0x8000b4f2 (0xb03f2923) mem 0x80010000 0x00000001
core   0: 0x8000b4f6 (0x0000bfe5) c.j     pc - 8
core   0: 3 0x8000b4f6 (0xbfe5)
core   0: 0x8000b4ee (0x00005f17) auipc   t5, 0x5
core   0: 3 0x8000b4ee (0x00005f17) x30 0x800104ee
core   0: 0x8000b4f2 (0xb03f2923) sw      gp, -1262(t5)
core   0: 3 0x8000b4f2 (0xb03f2923) mem 0x80010000 0x00000001
core   0: 0x8000b4f6 (0x0000bfe5) c.j     pc - 8
core   0: 3 0x8000b4f6 (0xbfe5)
core   0: 0x8000b4ee (0x00005f17) auipc   t5, 0x5
core   0: 3 0x8000b4ee (0x00005f17) x30 0x800104ee
core   0: 0x8000b4f2 (0xb03f2923) sw      gp, -1262(t5)
core   0: 3 0x8000b4f2 (0xb03f2923) mem 0x80010000 0x00000001
core   0: 0x8000b4f6 (0x0000bfe5) c.j     pc - 8
core   0: 3 0x8000b4f6 (0xbfe5)
core   0: 0x8000b4ee (0x00005f17) auipc   t5, 0x5
core   0: 3 0x8000b4ee (0x00005f17) x30 0x800104ee
core   0: 0x8000b4f2 (0xb03f2923) sw      gp, -1262(t5)
core   0: 3 0x8000b4f2 (0xb03f2923) mem 0x80010000 0x00000001
core   0: 0x8000b4f6 (0x0000bfe5) c.j     pc - 8
core   0: 3 0x8000b4f6 (0xbfe5)
core   0: 0x8000b4ee (0x00005f17) auipc   t5, 0x5
core   0: 3 0x8000b4ee (0x00005f17) x30 0x800104ee
core   0: 0x8000b4f2 (0xb03f2923) sw      gp, -1262(t5)
core   0: 3 0x8000b4f2 (0xb03f2923) mem 0x80010000 0x00000001
core   0: 0x8000b4f6 (0x0000bfe5) c.j     pc - 8
core   0: 3 0x8000b4f6 (0xbfe5)
core   0: 0x8000b4ee (0x00005f17) auipc   t5, 0x5
core   0: 3 0x8000b4ee (0x00005f17) x30 0x800104ee
core   0: 0x8000b4f2 (0xb03f2923) sw      gp, -1262(t5)
core   0: 3 0x8000b4f2 (0xb03f2923) mem 0x80010000 0x00000001
core   0: 0x8000b4f6 (0x0000bfe5) c.j     pc - 8
core   0: 3 0x8000b4f6 (0xbfe5)
core   0: 0x8000b4ee (0x00005f17) auipc   t5, 0x5
core   0: 3 0x8000b4ee (0x00005f17) x30 0x800104ee
core   0: 0x8000b4f2 (0xb03f2923) sw      gp, -1262(t5)
core   0: 3 0x8000b4f2 (0xb03f2923) mem 0x80010000 0x00000001
core   0: 0x8000b4f6 (0x0000bfe5) c.j     pc - 8
core   0: 3 0x8000b4f6 (0xbfe5)
core   0: 0x8000b4ee (0x00005f17) auipc   t5, 0x5
core   0: 3 0x8000b4ee (0x00005f17) x30 0x800104ee
core   0: 0x8000b4f2 (0xb03f2923) sw      gp, -1262(t5)
core   0: 3 0x8000b4f2 (0xb03f2923) mem 0x80010000 0x00000001
core   0: 0x8000b4f6 (0x0000bfe5) c.j     pc - 8
core   0: 3 0x8000b4f6 (0xbfe5)
core   0: 0x8000b4ee (0x00005f17) auipc   t5, 0x5
core   0: 3 0x8000b4ee (0x00005f17) x30 0x800104ee
core   0: 0x8000b4f2 (0xb03f2923) sw      gp, -1262(t5)
core   0: 3 0x8000b4f2 (0xb03f2923) mem 0x80010000 0x00000001
core   0: 0x8000b4f6 (0x0000bfe5) c.j     pc - 8
core   0: 3 0x8000b4f6 (0xbfe5)
core   0: 0x8000b4ee (0x00005f17) auipc   t5, 0x5
core   0: 3 0x8000b4ee (0x00005f17) x30 0x800104ee
core   0: 0x8000b4f2 (0xb03f2923) sw      gp, -1262(t5)
core   0: 3 0x8000b4f2 (0xb03f2923) mem 0x80010000 0x00000001
core   0: 0x8000b4f6 (0x0000bfe5) c.j     pc - 8
core   0: 3 0x8000b4f6 (0xbfe5)
core   0: 0x8000b4ee (0x00005f17) auipc   t5, 0x5
core   0: 3 0x8000b4ee (0x00005f17) x30 0x800104ee
core   0: 0x8000b4f2 (0xb03f2923) sw      gp, -1262(t5)
core   0: 3 0x8000b4f2 (0xb03f2923) mem 0x80010000 0x00000001
core   0: 0x8000b4f6 (0x0000bfe5) c.j     pc - 8
core   0: 3 0x8000b4f6 (0xbfe5)
core   0: 0x8000b4ee (0x00005f17) auipc   t5, 0x5
core   0: 3 0x8000b4ee (0x00005f17) x30 0x800104ee
core   0: 0x8000b4f2 (0xb03f2923) sw      gp, -1262(t5)
core   0: 3 0x8000b4f2 (0xb03f2923) mem 0x80010000 0x00000001
core   0: 0x8000b4f6 (0x0000bfe5) c.j     pc - 8
core   0: 3 0x8000b4f6 (0xbfe5)
core   0: 0x8000b4ee (0x00005f17) auipc   t5, 0x5
core   0: 3 0x8000b4ee (0x00005f17) x30 0x800104ee
core   0: 0x8000b4f2 (0xb03f2923) sw      gp, -1262(t5)
core   0: 3 0x8000b4f2 (0xb03f2923) mem 0x80010000 0x00000001
core   0: 0x8000b4f6 (0x0000bfe5) c.j     pc - 8
core   0: 3 0x8000b4f6 (0xbfe5)
core   0: 0x8000b4ee (0x00005f17) auipc   t5, 0x5
core   0: 3 0x8000b4ee (0x00005f17) x30 0x800104ee
core   0: 0x8000b4f2 (0xb03f2923) sw      gp, -1262(t5)
core   0: 3 0x8000b4f2 (0xb03f2923) mem 0x80010000 0x00000001
core   0: 0x8000b4f6 (0x0000bfe5) c.j     pc - 8
core   0: 3 0x8000b4f6 (0xbfe5)
core   0: 0x8000b4ee (0x00005f17) auipc   t5, 0x5
core   0: 3 0x8000b4ee (0x00005f17) x30 0x800104ee
core   0: 0x8000b4f2 (0xb03f2923) sw      gp, -1262(t5)
core   0: 3 0x8000b4f2 (0xb03f2923) mem 0x80010000 0x00000001
core   0: 0x8000b4f6 (0x0000bfe5) c.j     pc - 8
core   0: 3 0x8000b4f6 (0xbfe5)
core   0: 0x8000b4ee (0x00005f17) auipc   t5, 0x5
core   0: 3 0x8000b4ee (0x00005f17) x30 0x800104ee
core   0: 0x8000b4f2 (0xb03f2923) sw      gp, -1262(t5)
core   0: 3 0x8000b4f2 (0xb03f2923) mem 0x80010000 0x00000001
core   0: 0x8000b4f6 (0x0000bfe5) c.j     pc - 8
core   0: 3 0x8000b4f6 (0xbfe5)
core   0: 0x8000b4ee (0x00005f17) auipc   t5, 0x5
core   0: 3 0x8000b4ee (0x00005f17) x30 0x800104ee
core   0: 0x8000b4f2 (0xb03f2923) sw      gp, -1262(t5)
core   0: 3 0x8000b4f2 (0xb03f2923) mem 0x80010000 0x00000001
core   0: 0x8000b4f6 (0x0000bfe5) c.j     pc - 8
core   0: 3 0x8000b4f6 (0xbfe5)
core   0: 0x8000b4ee (0x00005f17) auipc   t5, 0x5
core   0: 3 0x8000b4ee (0x00005f17) x30 0x800104ee
core   0: 0x8000b4f2 (0xb03f2923) sw      gp, -1262(t5)
core   0: 3 0x8000b4f2 (0xb03f2923) mem 0x80010000 0x00000001
core   0: 0x8000b4f6 (0x0000bfe5) c.j     pc - 8
core   0: 3 0x8000b4f6 (0xbfe5)
core   0: 0x8000b4ee (0x00005f17) auipc   t5, 0x5
core   0: 3 0x8000b4ee (0x00005f17) x30 0x800104ee
core   0: 0x8000b4f2 (0xb03f2923) sw      gp, -1262(t5)
core   0: 3 0x8000b4f2 (0xb03f2923) mem 0x80010000 0x00000001
core   0: 0x8000b4f6 (0x0000bfe5) c.j     pc - 8
core   0: 3 0x8000b4f6 (0xbfe5)
core   0: 0x8000b4ee (0x00005f17) auipc   t5, 0x5
core   0: 3 0x8000b4ee (0x00005f17) x30 0x800104ee
core   0: 0x8000b4f2 (0xb03f2923) sw      gp, -1262(t5)
core   0: 3 0x8000b4f2 (0xb03f2923) mem 0x80010000 0x00000001
core   0: 0x8000b4f6 (0x0000bfe5) c.j     pc - 8
core   0: 3 0x8000b4f6 (0xbfe5)
core   0: 0x8000b4ee (0x00005f17) auipc   t5, 0x5
core   0: 3 0x8000b4ee (0x00005f17) x30 0x800104ee
core   0: 0x8000b4f2 (0xb03f2923) sw      gp, -1262(t5)
core   0: 3 0x8000b4f2 (0xb03f2923) mem 0x80010000 0x00000001
core   0: 0x8000b4f6 (0x0000bfe5) c.j     pc - 8
core   0: 3 0x8000b4f6 (0xbfe5)
core   0: 0x8000b4ee (0x00005f17) auipc   t5, 0x5
core   0: 3 0x8000b4ee (0x00005f17) x30 0x800104ee
core   0: 0x8000b4f2 (0xb03f2923) sw      gp, -1262(t5)
core   0: 3 0x8000b4f2 (0xb03f2923) mem 0x80010000 0x00000001
core   0: 0x8000b4f6 (0x0000bfe5) c.j     pc - 8
core   0: 3 0x8000b4f6 (0xbfe5)
core   0: 0x8000b4ee (0x00005f17) auipc   t5, 0x5
core   0: 3 0x8000b4ee (0x00005f17) x30 0x800104ee
core   0: 0x8000b4f2 (0xb03f2923) sw      gp, -1262(t5)
core   0: 3 0x8000b4f2 (0xb03f2923) mem 0x80010000 0x00000001
core   0: 0x8000b4f6 (0x0000bfe5) c.j     pc - 8
core   0: 3 0x8000b4f6 (0xbfe5)
core   0: 0x8000b4ee (0x00005f17) auipc   t5, 0x5
core   0: 3 0x8000b4ee (0x00005f17) x30 0x800104ee
core   0: 0x8000b4f2 (0xb03f2923) sw      gp, -1262(t5)
core   0: 3 0x8000b4f2 (0xb03f2923) mem 0x80010000 0x00000001
core   0: 0x8000b4f6 (0x0000bfe5) c.j     pc - 8
core   0: 3 0x8000b4f6 (0xbfe5)
core   0: 0x8000b4ee (0x00005f17) auipc   t5, 0x5
core   0: 3 0x8000b4ee (0x00005f17) x30 0x800104ee
core   0: 0x8000b4f2 (0xb03f2923) sw      gp, -1262(t5)
core   0: 3 0x8000b4f2 (0xb03f2923) mem 0x80010000 0x00000001
core   0: 0x8000b4f6 (0x0000bfe5) c.j     pc - 8
core   0: 3 0x8000b4f6 (0xbfe5)
core   0: 0x8000b4ee (0x00005f17) auipc   t5, 0x5
core   0: 3 0x8000b4ee (0x00005f17) x30 0x800104ee
core   0: 0x8000b4f2 (0xb03f2923) sw      gp, -1262(t5)
core   0: 3 0x8000b4f2 (0xb03f2923) mem 0x80010000 0x00000001
core   0: 0x8000b4f6 (0x0000bfe5) c.j     pc - 8
core   0: 3 0x8000b4f6 (0xbfe5)
core   0: 0x8000b4ee (0x00005f17) auipc   t5, 0x5
core   0: 3 0x8000b4ee (0x00005f17) x30 0x800104ee
core   0: 0x8000b4f2 (0xb03f2923) sw      gp, -1262(t5)
core   0: 3 0x8000b4f2 (0xb03f2923) mem 0x80010000 0x00000001
core   0: 0x8000b4f6 (0x0000bfe5) c.j     pc - 8
core   0: 3 0x8000b4f6 (0xbfe5)
core   0: 0x8000b4ee (0x00005f17) auipc   t5, 0x5
core   0: 3 0x8000b4ee (0x00005f17) x30 0x800104ee
core   0: 0x8000b4f2 (0xb03f2923) sw      gp, -1262(t5)
core   0: 3 0x8000b4f2 (0xb03f2923) mem 0x80010000 0x00000001
core   0: 0x8000b4f6 (0x0000bfe5) c.j     pc - 8
core   0: 3 0x8000b4f6 (0xbfe5)
core   0: 0x8000b4ee (0x00005f17) auipc   t5, 0x5
core   0: 3 0x8000b4ee (0x00005f17) x30 0x800104ee
core   0: 0x8000b4f2 (0xb03f2923) sw      gp, -1262(t5)
core   0: 3 0x8000b4f2 (0xb03f2923) mem 0x80010000 0x00000001
core   0: 0x8000b4f6 (0x0000bfe5) c.j     pc - 8
core   0: 3 0x8000b4f6 (0xbfe5)
core   0: 0x8000b4ee (0x00005f17) auipc   t5, 0x5
core   0: 3 0x8000b4ee (0x00005f17) x30 0x800104ee
core   0: 0x8000b4f2 (0xb03f2923) sw      gp, -1262(t5)
core   0: 3 0x8000b4f2 (0xb03f2923) mem 0x80010000 0x00000001
core   0: 0x8000b4f6 (0x0000bfe5) c.j     pc - 8
core   0: 3 0x8000b4f6 (0xbfe5)
core   0: 0x8000b4ee (0x00005f17) auipc   t5, 0x5
core   0: 3 0x8000b4ee (0x00005f17) x30 0x800104ee
core   0: 0x8000b4f2 (0xb03f2923) sw      gp, -1262(t5)
core   0: 3 0x8000b4f2 (0xb03f2923) mem 0x80010000 0x00000001
core   0: 0x8000b4f6 (0x0000bfe5) c.j     pc - 8
core   0: 3 0x8000b4f6 (0xbfe5)
core   0: 0x8000b4ee (0x00005f17) auipc   t5, 0x5
core   0: 3 0x8000b4ee (0x00005f17) x30 0x800104ee
core   0: 0x8000b4f2 (0xb03f2923) sw      gp, -1262(t5)
core   0: 3 0x8000b4f2 (0xb03f2923) mem 0x80010000 0x00000001
core   0: 0x8000b4f6 (0x0000bfe5) c.j     pc - 8
core   0: 3 0x8000b4f6 (0xbfe5)
core   0: 0x8000b4ee (0x00005f17) auipc   t5, 0x5
core   0: 3 0x8000b4ee (0x00005f17) x30 0x800104ee
core   0: 0x8000b4f2 (0xb03f2923) sw      gp, -1262(t5)
core   0: 3 0x8000b4f2 (0xb03f2923) mem 0x80010000 0x00000001
core   0: 0x8000b4f6 (0x0000bfe5) c.j     pc - 8
core   0: 3 0x8000b4f6 (0xbfe5)
core   0: 0x8000b4ee (0x00005f17) auipc   t5, 0x5
core   0: 3 0x8000b4ee (0x00005f17) x30 0x800104ee
core   0: 0x8000b4f2 (0xb03f2923) sw      gp, -1262(t5)
core   0: 3 0x8000b4f2 (0xb03f2923) mem 0x80010000 0x00000001
core   0: 0x8000b4f6 (0x0000bfe5) c.j     pc - 8
core   0: 3 0x8000b4f6 (0xbfe5)
core   0: 0x8000b4ee (0x00005f17) auipc   t5, 0x5
core   0: 3 0x8000b4ee (0x00005f17) x30 0x800104ee
core   0: 0x8000b4f2 (0xb03f2923) sw      gp, -1262(t5)
core   0: 3 0x8000b4f2 (0xb03f2923) mem 0x80010000 0x00000001
core   0: 0x8000b4f6 (0x0000bfe5) c.j     pc - 8
core   0: 3 0x8000b4f6 (0xbfe5)
core   0: 0x8000b4ee (0x00005f17) auipc   t5, 0x5
core   0: 3 0x8000b4ee (0x00005f17) x30 0x800104ee
core   0: 0x8000b4f2 (0xb03f2923) sw      gp, -1262(t5)
core   0: 3 0x8000b4f2 (0xb03f2923) mem 0x80010000 0x00000001
core   0: 0x8000b4f6 (0x0000bfe5) c.j     pc - 8
core   0: 3 0x8000b4f6 (0xbfe5)
core   0: 0x8000b4ee (0x00005f17) auipc   t5, 0x5
core   0: 3 0x8000b4ee (0x00005f17) x30 0x800104ee
core   0: 0x8000b4f2 (0xb03f2923) sw      gp, -1262(t5)
core   0: 3 0x8000b4f2 (0xb03f2923) mem 0x80010000 0x00000001
core   0: 0x8000b4f6 (0x0000bfe5) c.j     pc - 8
core   0: 3 0x8000b4f6 (0xbfe5)
core   0: 0x8000b4ee (0x00005f17) auipc   t5, 0x5
core   0: 3 0x8000b4ee (0x00005f17) x30 0x800104ee
core   0: 0x8000b4f2 (0xb03f2923) sw      gp, -1262(t5)
core   0: 3 0x8000b4f2 (0xb03f2923) mem 0x80010000 0x00000001
core   0: 0x8000b4f6 (0x0000bfe5) c.j     pc - 8
core   0: 3 0x8000b4f6 (0xbfe5)
core   0: 0x8000b4ee (0x00005f17) auipc   t5, 0x5
core   0: 3 0x8000b4ee (0x00005f17) x30 0x800104ee
core   0: 0x8000b4f2 (0xb03f2923) sw      gp, -1262(t5)
core   0: 3 0x8000b4f2 (0xb03f2923) mem 0x80010000 0x00000001
core   0: 0x8000b4f6 (0x0000bfe5) c.j     pc - 8
core   0: 3 0x8000b4f6 (0xbfe5)
core   0: 0x8000b4ee (0x00005f17) auipc   t5, 0x5
core   0: 3 0x8000b4ee (0x00005f17) x30 0x800104ee
core   0: 0x8000b4f2 (0xb03f2923) sw      gp, -1262(t5)
core   0: 3 0x8000b4f2 (0xb03f2923) mem 0x80010000 0x00000001
core   0: 0x8000b4f6 (0x0000bfe5) c.j     pc - 8
core   0: 3 0x8000b4f6 (0xbfe5)
core   0: 0x8000b4ee (0x00005f17) auipc   t5, 0x5
core   0: 3 0x8000b4ee (0x00005f17) x30 0x800104ee
core   0: 0x8000b4f2 (0xb03f2923) sw      gp, -1262(t5)
core   0: 3 0x8000b4f2 (0xb03f2923) mem 0x80010000 0x00000001
core   0: 0x8000b4f6 (0x0000bfe5) c.j     pc - 8
core   0: 3 0x8000b4f6 (0xbfe5)
core   0: 0x8000b4ee (0x00005f17) auipc   t5, 0x5
core   0: 3 0x8000b4ee (0x00005f17) x30 0x800104ee
core   0: 0x8000b4f2 (0xb03f2923) sw      gp, -1262(t5)
core   0: 3 0x8000b4f2 (0xb03f2923) mem 0x80010000 0x00000001
core   0: 0x8000b4f6 (0x0000bfe5) c.j     pc - 8
core   0: 3 0x8000b4f6 (0xbfe5)
core   0: 0x8000b4ee (0x00005f17) auipc   t5, 0x5
core   0: 3 0x8000b4ee (0x00005f17) x30 0x800104ee
core   0: 0x8000b4f2 (0xb03f2923) sw      gp, -1262(t5)
core   0: 3 0x8000b4f2 (0xb03f2923) mem 0x80010000 0x00000001
core   0: 0x8000b4f6 (0x0000bfe5) c.j     pc - 8
core   0: 3 0x8000b4f6 (0xbfe5)
core   0: 0x8000b4ee (0x00005f17) auipc   t5, 0x5
core   0: 3 0x8000b4ee (0x00005f17) x30 0x800104ee
core   0: 0x8000b4f2 (0xb03f2923) sw      gp, -1262(t5)
core   0: 3 0x8000b4f2 (0xb03f2923) mem 0x80010000 0x00000001
core   0: 0x8000b4f6 (0x0000bfe5) c.j     pc - 8
core   0: 3 0x8000b4f6 (0xbfe5)
core   0: 0x8000b4ee (0x00005f17) auipc   t5, 0x5
core   0: 3 0x8000b4ee (0x00005f17) x30 0x800104ee
core   0: 0x8000b4f2 (0xb03f2923) sw      gp, -1262(t5)
core   0: 3 0x8000b4f2 (0xb03f2923) mem 0x80010000 0x00000001
core   0: 0x8000b4f6 (0x0000bfe5) c.j     pc - 8
core   0: 3 0x8000b4f6 (0xbfe5)
core   0: 0x8000b4ee (0x00005f17) auipc   t5, 0x5
core   0: 3 0x8000b4ee (0x00005f17) x30 0x800104ee
core   0: 0x8000b4f2 (0xb03f2923) sw      gp, -1262(t5)
core   0: 3 0x8000b4f2 (0xb03f2923) mem 0x80010000 0x00000001
core   0: 0x8000b4f6 (0x0000bfe5) c.j     pc - 8
core   0: 3 0x8000b4f6 (0xbfe5)
core   0: 0x8000b4ee (0x00005f17) auipc   t5, 0x5
core   0: 3 0x8000b4ee (0x00005f17) x30 0x800104ee
core   0: 0x8000b4f2 (0xb03f2923) sw      gp, -1262(t5)
core   0: 3 0x8000b4f2 (0xb03f2923) mem 0x80010000 0x00000001
core   0: 0x8000b4f6 (0x0000bfe5) c.j     pc - 8
core   0: 3 0x8000b4f6 (0xbfe5)
core   0: 0x8000b4ee (0x00005f17) auipc   t5, 0x5
core   0: 3 0x8000b4ee (0x00005f17) x30 0x800104ee
core   0: 0x8000b4f2 (0xb03f2923) sw      gp, -1262(t5)
core   0: 3 0x8000b4f2 (0xb03f2923) mem 0x80010000 0x00000001
core   0: 0x8000b4f6 (0x0000bfe5) c.j     pc - 8
core   0: 3 0x8000b4f6 (0xbfe5)
core   0: 0x8000b4ee (0x00005f17) auipc   t5, 0x5
core   0: 3 0x8000b4ee (0x00005f17) x30 0x800104ee
core   0: 0x8000b4f2 (0xb03f2923) sw      gp, -1262(t5)
core   0: 3 0x8000b4f2 (0xb03f2923) mem 0x80010000 0x00000001
core   0: 0x8000b4f6 (0x0000bfe5) c.j     pc - 8
core   0: 3 0x8000b4f6 (0xbfe5)
core   0: 0x8000b4ee (0x00005f17) auipc   t5, 0x5
core   0: 3 0x8000b4ee (0x00005f17) x30 0x800104ee
core   0: 0x8000b4f2 (0xb03f2923) sw      gp, -1262(t5)
core   0: 3 0x8000b4f2 (0xb03f2923) mem 0x80010000 0x00000001
core   0: 0x8000b4f6 (0x0000bfe5) c.j     pc - 8
core   0: 3 0x8000b4f6 (0xbfe5)
core   0: 0x8000b4ee (0x00005f17) auipc   t5, 0x5
core   0: 3 0x8000b4ee (0x00005f17) x30 0x800104ee
core   0: 0x8000b4f2 (0xb03f2923) sw      gp, -1262(t5)
core   0: 3 0x8000b4f2 (0xb03f2923) mem 0x80010000 0x00000001
core   0: 0x8000b4f6 (0x0000bfe5) c.j     pc - 8
core   0: 3 0x8000b4f6 (0xbfe5)
core   0: 0x8000b4ee (0x00005f17) auipc   t5, 0x5
core   0: 3 0x8000b4ee (0x00005f17) x30 0x800104ee
core   0: 0x8000b4f2 (0xb03f2923) sw      gp, -1262(t5)
core   0: 3 0x8000b4f2 (0xb03f2923) mem 0x80010000 0x00000001
core   0: 0x8000b4f6 (0x0000bfe5) c.j     pc - 8
core   0: 3 0x8000b4f6 (0xbfe5)
core   0: 0x8000b4ee (0x00005f17) auipc   t5, 0x5
core   0: 3 0x8000b4ee (0x00005f17) x30 0x800104ee
core   0: 0x8000b4f2 (0xb03f2923) sw      gp, -1262(t5)
core   0: 3 0x8000b4f2 (0xb03f2923) mem 0x80010000 0x00000001
core   0: 0x8000b4f6 (0x0000bfe5) c.j     pc - 8
core   0: 3 0x8000b4f6 (0xbfe5)
core   0: 0x8000b4ee (0x00005f17) auipc   t5, 0x5
core   0: 3 0x8000b4ee (0x00005f17) x30 0x800104ee
core   0: 0x8000b4f2 (0xb03f2923) sw      gp, -1262(t5)
core   0: 3 0x8000b4f2 (0xb03f2923) mem 0x80010000 0x00000001
core   0: 0x8000b4f6 (0x0000bfe5) c.j     pc - 8
core   0: 3 0x8000b4f6 (0xbfe5)
core   0: 0x8000b4ee (0x00005f17) auipc   t5, 0x5
core   0: 3 0x8000b4ee (0x00005f17) x30 0x800104ee
core   0: 0x8000b4f2 (0xb03f2923) sw      gp, -1262(t5)
core   0: 3 0x8000b4f2 (0xb03f2923) mem 0x80010000 0x00000001
core   0: 0x8000b4f6 (0x0000bfe5) c.j     pc - 8
core   0: 3 0x8000b4f6 (0xbfe5)
core   0: 0x8000b4ee (0x00005f17) auipc   t5, 0x5
core   0: 3 0x8000b4ee (0x00005f17) x30 0x800104ee
core   0: 0x8000b4f2 (0xb03f2923) sw      gp, -1262(t5)
core   0: 3 0x8000b4f2 (0xb03f2923) mem 0x80010000 0x00000001
core   0: 0x8000b4f6 (0x0000bfe5) c.j     pc - 8
core   0: 3 0x8000b4f6 (0xbfe5)
core   0: 0x8000b4ee (0x00005f17) auipc   t5, 0x5
core   0: 3 0x8000b4ee (0x00005f17) x30 0x800104ee
core   0: 0x8000b4f2 (0xb03f2923) sw      gp, -1262(t5)
core   0: 3 0x8000b4f2 (0xb03f2923) mem 0x80010000 0x00000001
core   0: 0x8000b4f6 (0x0000bfe5) c.j     pc - 8
core   0: 3 0x8000b4f6 (0xbfe5)
core   0: 0x8000b4ee (0x00005f17) auipc   t5, 0x5
core   0: 3 0x8000b4ee (0x00005f17) x30 0x800104ee
core   0: 0x8000b4f2 (0xb03f2923) sw      gp, -1262(t5)
core   0: 3 0x8000b4f2 (0xb03f2923) mem 0x80010000 0x00000001
core   0: 0x8000b4f6 (0x0000bfe5) c.j     pc - 8
core   0: 3 0x8000b4f6 (0xbfe5)
core   0: 0x8000b4ee (0x00005f17) auipc   t5, 0x5
core   0: 3 0x8000b4ee (0x00005f17) x30 0x800104ee
core   0: 0x8000b4f2 (0xb03f2923) sw      gp, -1262(t5)
core   0: 3 0x8000b4f2 (0xb03f2923) mem 0x80010000 0x00000001
core   0: 0x8000b4f6 (0x0000bfe5) c.j     pc - 8
core   0: 3 0x8000b4f6 (0xbfe5)
core   0: 0x8000b4ee (0x00005f17) auipc   t5, 0x5
core   0: 3 0x8000b4ee (0x00005f17) x30 0x800104ee
core   0: 0x8000b4f2 (0xb03f2923) sw      gp, -1262(t5)
core   0: 3 0x8000b4f2 (0xb03f2923) mem 0x80010000 0x00000001
core   0: 0x8000b4f6 (0x0000bfe5) c.j     pc - 8
core   0: 3 0x8000b4f6 (0xbfe5)
core   0: 0x8000b4ee (0x00005f17) auipc   t5, 0x5
core   0: 3 0x8000b4ee (0x00005f17) x30 0x800104ee
core   0: 0x8000b4f2 (0xb03f2923) sw      gp, -1262(t5)
core   0: 3 0x8000b4f2 (0xb03f2923) mem 0x80010000 0x00000001
core   0: 0x8000b4f6 (0x0000bfe5) c.j     pc - 8
core   0: 3 0x8000b4f6 (0xbfe5)
core   0: 0x8000b4ee (0x00005f17) auipc   t5, 0x5
core   0: 3 0x8000b4ee (0x00005f17) x30 0x800104ee
core   0: 0x8000b4f2 (0xb03f2923) sw      gp, -1262(t5)
core   0: 3 0x8000b4f2 (0xb03f2923) mem 0x80010000 0x00000001
core   0: 0x8000b4f6 (0x0000bfe5) c.j     pc - 8
core   0: 3 0x8000b4f6 (0xbfe5)
core   0: 0x8000b4ee (0x00005f17) auipc   t5, 0x5
core   0: 3 0x8000b4ee (0x00005f17) x30 0x800104ee
core   0: 0x8000b4f2 (0xb03f2923) sw      gp, -1262(t5)
core   0: 3 0x8000b4f2 (0xb03f2923) mem 0x80010000 0x00000001
core   0: 0x8000b4f6 (0x0000bfe5) c.j     pc - 8
core   0: 3 0x8000b4f6 (0xbfe5)
core   0: 0x8000b4ee (0x00005f17) auipc   t5, 0x5
core   0: 3 0x8000b4ee (0x00005f17) x30 0x800104ee
core   0: 0x8000b4f2 (0xb03f2923) sw      gp, -1262(t5)
core   0: 3 0x8000b4f2 (0xb03f2923) mem 0x80010000 0x00000001
core   0: 0x8000b4f6 (0x0000bfe5) c.j     pc - 8
core   0: 3 0x8000b4f6 (0xbfe5)
core   0: 0x8000b4ee (0x00005f17) auipc   t5, 0x5
core   0: 3 0x8000b4ee (0x00005f17) x30 0x800104ee
core   0: 0x8000b4f2 (0xb03f2923) sw      gp, -1262(t5)
core   0: 3 0x8000b4f2 (0xb03f2923) mem 0x80010000 0x00000001
core   0: 0x8000b4f6 (0x0000bfe5) c.j     pc - 8
core   0: 3 0x8000b4f6 (0xbfe5)
core   0: 0x8000b4ee (0x00005f17) auipc   t5, 0x5
core   0: 3 0x8000b4ee (0x00005f17) x30 0x800104ee
core   0: 0x8000b4f2 (0xb03f2923) sw      gp, -1262(t5)
core   0: 3 0x8000b4f2 (0xb03f2923) mem 0x80010000 0x00000001
core   0: 0x8000b4f6 (0x0000bfe5) c.j     pc - 8
core   0: 3 0x8000b4f6 (0xbfe5)
core   0: 0x8000b4ee (0x00005f17) auipc   t5, 0x5
core   0: 3 0x8000b4ee (0x00005f17) x30 0x800104ee
core   0: 0x8000b4f2 (0xb03f2923) sw      gp, -1262(t5)
core   0: 3 0x8000b4f2 (0xb03f2923) mem 0x80010000 0x00000001
core   0: 0x8000b4f6 (0x0000bfe5) c.j     pc - 8
core   0: 3 0x8000b4f6 (0xbfe5)
core   0: 0x8000b4ee (0x00005f17) auipc   t5, 0x5
core   0: 3 0x8000b4ee (0x00005f17) x30 0x800104ee
core   0: 0x8000b4f2 (0xb03f2923) sw      gp, -1262(t5)
core   0: 3 0x8000b4f2 (0xb03f2923) mem 0x80010000 0x00000001
core   0: 0x8000b4f6 (0x0000bfe5) c.j     pc - 8
core   0: 3 0x8000b4f6 (0xbfe5)
core   0: 0x8000b4ee (0x00005f17) auipc   t5, 0x5
core   0: 3 0x8000b4ee (0x00005f17) x30 0x800104ee
core   0: 0x8000b4f2 (0xb03f2923) sw      gp, -1262(t5)
core   0: 3 0x8000b4f2 (0xb03f2923) mem 0x80010000 0x00000001
core   0: 0x8000b4f6 (0x0000bfe5) c.j     pc - 8
core   0: 3 0x8000b4f6 (0xbfe5)
core   0: 0x8000b4ee (0x00005f17) auipc   t5, 0x5
core   0: 3 0x8000b4ee (0x00005f17) x30 0x800104ee
core   0: 0x8000b4f2 (0xb03f2923) sw      gp, -1262(t5)
core   0: 3 0x8000b4f2 (0xb03f2923) mem 0x80010000 0x00000001
core   0: 0x8000b4f6 (0x0000bfe5) c.j     pc - 8
core   0: 3 0x8000b4f6 (0xbfe5)
core   0: 0x8000b4ee (0x00005f17) auipc   t5, 0x5
core   0: 3 0x8000b4ee (0x00005f17) x30 0x800104ee
core   0: 0x8000b4f2 (0xb03f2923) sw      gp, -1262(t5)
core   0: 3 0x8000b4f2 (0xb03f2923) mem 0x80010000 0x00000001
core   0: 0x8000b4f6 (0x0000bfe5) c.j     pc - 8
core   0: 3 0x8000b4f6 (0xbfe5)
core   0: 0x8000b4ee (0x00005f17) auipc   t5, 0x5
core   0: 3 0x8000b4ee (0x00005f17) x30 0x800104ee
core   0: 0x8000b4f2 (0xb03f2923) sw      gp, -1262(t5)
core   0: 3 0x8000b4f2 (0xb03f2923) mem 0x80010000 0x00000001
core   0: 0x8000b4f6 (0x0000bfe5) c.j     pc - 8
core   0: 3 0x8000b4f6 (0xbfe5)
core   0: 0x8000b4ee (0x00005f17) auipc   t5, 0x5
core   0: 3 0x8000b4ee (0x00005f17) x30 0x800104ee
core   0: 0x8000b4f2 (0xb03f2923) sw      gp, -1262(t5)
core   0: 3 0x8000b4f2 (0xb03f2923) mem 0x80010000 0x00000001
core   0: 0x8000b4f6 (0x0000bfe5) c.j     pc - 8
core   0: 3 0x8000b4f6 (0xbfe5)
core   0: 0x8000b4ee (0x00005f17) auipc   t5, 0x5
core   0: 3 0x8000b4ee (0x00005f17) x30 0x800104ee
core   0: 0x8000b4f2 (0xb03f2923) sw      gp, -1262(t5)
core   0: 3 0x8000b4f2 (0xb03f2923) mem 0x80010000 0x00000001
core   0: 0x8000b4f6 (0x0000bfe5) c.j     pc - 8
core   0: 3 0x8000b4f6 (0xbfe5)
core   0: 0x8000b4ee (0x00005f17) auipc   t5, 0x5
core   0: 3 0x8000b4ee (0x00005f17) x30 0x800104ee
core   0: 0x8000b4f2 (0xb03f2923) sw      gp, -1262(t5)
core   0: 3 0x8000b4f2 (0xb03f2923) mem 0x80010000 0x00000001
core   0: 0x8000b4f6 (0x0000bfe5) c.j     pc - 8
core   0: 3 0x8000b4f6 (0xbfe5)
core   0: 0x8000b4ee (0x00005f17) auipc   t5, 0x5
core   0: 3 0x8000b4ee (0x00005f17) x30 0x800104ee
core   0: 0x8000b4f2 (0xb03f2923) sw      gp, -1262(t5)
core   0: 3 0x8000b4f2 (0xb03f2923) mem 0x80010000 0x00000001
core   0: 0x8000b4f6 (0x0000bfe5) c.j     pc - 8
core   0: 3 0x8000b4f6 (0xbfe5)
core   0: 0x8000b4ee (0x00005f17) auipc   t5, 0x5
core   0: 3 0x8000b4ee (0x00005f17) x30 0x800104ee
core   0: 0x8000b4f2 (0xb03f2923) sw      gp, -1262(t5)
core   0: 3 0x8000b4f2 (0xb03f2923) mem 0x80010000 0x00000001
core   0: 0x8000b4f6 (0x0000bfe5) c.j     pc - 8
core   0: 3 0x8000b4f6 (0xbfe5)
core   0: 0x8000b4ee (0x00005f17) auipc   t5, 0x5
core   0: 3 0x8000b4ee (0x00005f17) x30 0x800104ee
core   0: 0x8000b4f2 (0xb03f2923) sw      gp, -1262(t5)
core   0: 3 0x8000b4f2 (0xb03f2923) mem 0x80010000 0x00000001
core   0: 0x8000b4f6 (0x0000bfe5) c.j     pc - 8
core   0: 3 0x8000b4f6 (0xbfe5)
core   0: 0x8000b4ee (0x00005f17) auipc   t5, 0x5
core   0: 3 0x8000b4ee (0x00005f17) x30 0x800104ee
core   0: 0x8000b4f2 (0xb03f2923) sw      gp, -1262(t5)
core   0: 3 0x8000b4f2 (0xb03f2923) mem 0x80010000 0x00000001
core   0: 0x8000b4f6 (0x0000bfe5) c.j     pc - 8
core   0: 3 0x8000b4f6 (0xbfe5)
core   0: 0x8000b4ee (0x00005f17) auipc   t5, 0x5
core   0: 3 0x8000b4ee (0x00005f17) x30 0x800104ee
core   0: 0x8000b4f2 (0xb03f2923) sw      gp, -1262(t5)
core   0: 3 0x8000b4f2 (0xb03f2923) mem 0x80010000 0x00000001
core   0: 0x8000b4f6 (0x0000bfe5) c.j     pc - 8
core   0: 3 0x8000b4f6 (0xbfe5)
core   0: 0x8000b4ee (0x00005f17) auipc   t5, 0x5
core   0: 3 0x8000b4ee (0x00005f17) x30 0x800104ee
core   0: 0x8000b4f2 (0xb03f2923) sw      gp, -1262(t5)
core   0: 3 0x8000b4f2 (0xb03f2923) mem 0x80010000 0x00000001
core   0: 0x8000b4f6 (0x0000bfe5) c.j     pc - 8
core   0: 3 0x8000b4f6 (0xbfe5)
core   0: 0x8000b4ee (0x00005f17) auipc   t5, 0x5
core   0: 3 0x8000b4ee (0x00005f17) x30 0x800104ee
core   0: 0x8000b4f2 (0xb03f2923) sw      gp, -1262(t5)
core   0: 3 0x8000b4f2 (0xb03f2923) mem 0x80010000 0x00000001
core   0: 0x8000b4f6 (0x0000bfe5) c.j     pc - 8
core   0: 3 0x8000b4f6 (0xbfe5)
core   0: 0x8000b4ee (0x00005f17) auipc   t5, 0x5
core   0: 3 0x8000b4ee (0x00005f17) x30 0x800104ee
core   0: 0x8000b4f2 (0xb03f2923) sw      gp, -1262(t5)
core   0: 3 0x8000b4f2 (0xb03f2923) mem 0x80010000 0x00000001
core   0: 0x8000b4f6 (0x0000bfe5) c.j     pc - 8
core   0: 3 0x8000b4f6 (0xbfe5)
core   0: 0x8000b4ee (0x00005f17) auipc   t5, 0x5
core   0: 3 0x8000b4ee (0x00005f17) x30 0x800104ee
core   0: 0x8000b4f2 (0xb03f2923) sw      gp, -1262(t5)
core   0: 3 0x8000b4f2 (0xb03f2923) mem 0x80010000 0x00000001
core   0: 0x8000b4f6 (0x0000bfe5) c.j     pc - 8
core   0: 3 0x8000b4f6 (0xbfe5)
core   0: 0x8000b4ee (0x00005f17) auipc   t5, 0x5
core   0: 3 0x8000b4ee (0x00005f17) x30 0x800104ee
core   0: 0x8000b4f2 (0xb03f2923) sw      gp, -1262(t5)
core   0: 3 0x8000b4f2 (0xb03f2923) mem 0x80010000 0x00000001
core   0: 0x8000b4f6 (0x0000bfe5) c.j     pc - 8
core   0: 3 0x8000b4f6 (0xbfe5)
core   0: 0x8000b4ee (0x00005f17) auipc   t5, 0x5
core   0: 3 0x8000b4ee (0x00005f17) x30 0x800104ee
core   0: 0x8000b4f2 (0xb03f2923) sw      gp, -1262(t5)
core   0: 3 0x8000b4f2 (0xb03f2923) mem 0x80010000 0x00000001
core   0: 0x8000b4f6 (0x0000bfe5) c.j     pc - 8
core   0: 3 0x8000b4f6 (0xbfe5)
core   0: 0x8000b4ee (0x00005f17) auipc   t5, 0x5
core   0: 3 0x8000b4ee (0x00005f17) x30 0x800104ee
core   0: 0x8000b4f2 (0xb03f2923) sw      gp, -1262(t5)
core   0: 3 0x8000b4f2 (0xb03f2923) mem 0x80010000 0x00000001
core   0: 0x8000b4f6 (0x0000bfe5) c.j     pc - 8
core   0: 3 0x8000b4f6 (0xbfe5)
core   0: 0x8000b4ee (0x00005f17) auipc   t5, 0x5
core   0: 3 0x8000b4ee (0x00005f17) x30 0x800104ee
core   0: 0x8000b4f2 (0xb03f2923) sw      gp, -1262(t5)
core   0: 3 0x8000b4f2 (0xb03f2923) mem 0x80010000 0x00000001
core   0: 0x8000b4f6 (0x0000bfe5) c.j     pc - 8
core   0: 3 0x8000b4f6 (0xbfe5)
core   0: 0x8000b4ee (0x00005f17) auipc   t5, 0x5
core   0: 3 0x8000b4ee (0x00005f17) x30 0x800104ee
core   0: 0x8000b4f2 (0xb03f2923) sw      gp, -1262(t5)
core   0: 3 0x8000b4f2 (0xb03f2923) mem 0x80010000 0x00000001
core   0: 0x8000b4f6 (0x0000bfe5) c.j     pc - 8
core   0: 3 0x8000b4f6 (0xbfe5)
core   0: 0x8000b4ee (0x00005f17) auipc   t5, 0x5
core   0: 3 0x8000b4ee (0x00005f17) x30 0x800104ee
core   0: 0x8000b4f2 (0xb03f2923) sw      gp, -1262(t5)
core   0: 3 0x8000b4f2 (0xb03f2923) mem 0x80010000 0x00000001
core   0: 0x8000b4f6 (0x0000bfe5) c.j     pc - 8
core   0: 3 0x8000b4f6 (0xbfe5)
core   0: 0x8000b4ee (0x00005f17) auipc   t5, 0x5
core   0: 3 0x8000b4ee (0x00005f17) x30 0x800104ee
core   0: 0x8000b4f2 (0xb03f2923) sw      gp, -1262(t5)
core   0: 3 0x8000b4f2 (0xb03f2923) mem 0x80010000 0x00000001
core   0: 0x8000b4f6 (0x0000bfe5) c.j     pc - 8
core   0: 3 0x8000b4f6 (0xbfe5)
core   0: 0x8000b4ee (0x00005f17) auipc   t5, 0x5
core   0: 3 0x8000b4ee (0x00005f17) x30 0x800104ee
core   0: 0x8000b4f2 (0xb03f2923) sw      gp, -1262(t5)
core   0: 3 0x8000b4f2 (0xb03f2923) mem 0x80010000 0x00000001
core   0: 0x8000b4f6 (0x0000bfe5) c.j     pc - 8
core   0: 3 0x8000b4f6 (0xbfe5)
core   0: 0x8000b4ee (0x00005f17) auipc   t5, 0x5
core   0: 3 0x8000b4ee (0x00005f17) x30 0x800104ee
core   0: 0x8000b4f2 (0xb03f2923) sw      gp, -1262(t5)
core   0: 3 0x8000b4f2 (0xb03f2923) mem 0x80010000 0x00000001
core   0: 0x8000b4f6 (0x0000bfe5) c.j     pc - 8
core   0: 3 0x8000b4f6 (0xbfe5)
core   0: 0x8000b4ee (0x00005f17) auipc   t5, 0x5
core   0: 3 0x8000b4ee (0x00005f17) x30 0x800104ee
core   0: 0x8000b4f2 (0xb03f2923) sw      gp, -1262(t5)
core   0: 3 0x8000b4f2 (0xb03f2923) mem 0x80010000 0x00000001
core   0: 0x8000b4f6 (0x0000bfe5) c.j     pc - 8
core   0: 3 0x8000b4f6 (0xbfe5)
core   0: 0x8000b4ee (0x00005f17) auipc   t5, 0x5
core   0: 3 0x8000b4ee (0x00005f17) x30 0x800104ee
core   0: 0x8000b4f2 (0xb03f2923) sw      gp, -1262(t5)
core   0: 3 0x8000b4f2 (0xb03f2923) mem 0x80010000 0x00000001
core   0: 0x8000b4f6 (0x0000bfe5) c.j     pc - 8
core   0: 3 0x8000b4f6 (0xbfe5)
core   0: 0x8000b4ee (0x00005f17) auipc   t5, 0x5
core   0: 3 0x8000b4ee (0x00005f17) x30 0x800104ee
core   0: 0x8000b4f2 (0xb03f2923) sw      gp, -1262(t5)
core   0: 3 0x8000b4f2 (0xb03f2923) mem 0x80010000 0x00000001
core   0: 0x8000b4f6 (0x0000bfe5) c.j     pc - 8
core   0: 3 0x8000b4f6 (0xbfe5)
core   0: 0x8000b4ee (0x00005f17) auipc   t5, 0x5
core   0: 3 0x8000b4ee (0x00005f17) x30 0x800104ee
core   0: 0x8000b4f2 (0xb03f2923) sw      gp, -1262(t5)
core   0: 3 0x8000b4f2 (0xb03f2923) mem 0x80010000 0x00000001
core   0: 0x8000b4f6 (0x0000bfe5) c.j     pc - 8
core   0: 3 0x8000b4f6 (0xbfe5)
core   0: 0x8000b4ee (0x00005f17) auipc   t5, 0x5
core   0: 3 0x8000b4ee (0x00005f17) x30 0x800104ee
core   0: 0x8000b4f2 (0xb03f2923) sw      gp, -1262(t5)
core   0: 3 0x8000b4f2 (0xb03f2923) mem 0x80010000 0x00000001
core   0: 0x8000b4f6 (0x0000bfe5) c.j     pc - 8
core   0: 3 0x8000b4f6 (0xbfe5)
core   0: 0x8000b4ee (0x00005f17) auipc   t5, 0x5
core   0: 3 0x8000b4ee (0x00005f17) x30 0x800104ee
core   0: 0x8000b4f2 (0xb03f2923) sw      gp, -1262(t5)
core   0: 3 0x8000b4f2 (0xb03f2923) mem 0x80010000 0x00000001
core   0: 0x8000b4f6 (0x0000bfe5) c.j     pc - 8
core   0: 3 0x8000b4f6 (0xbfe5)
core   0: 0x8000b4ee (0x00005f17) auipc   t5, 0x5
core   0: 3 0x8000b4ee (0x00005f17) x30 0x800104ee
core   0: 0x8000b4f2 (0xb03f2923) sw      gp, -1262(t5)
core   0: 3 0x8000b4f2 (0xb03f2923) mem 0x80010000 0x00000001
core   0: 0x8000b4f6 (0x0000bfe5) c.j     pc - 8
core   0: 3 0x8000b4f6 (0xbfe5)
core   0: 0x8000b4ee (0x00005f17) auipc   t5, 0x5
core   0: 3 0x8000b4ee (0x00005f17) x30 0x800104ee
core   0: 0x8000b4f2 (0xb03f2923) sw      gp, -1262(t5)
core   0: 3 0x8000b4f2 (0xb03f2923) mem 0x80010000 0x00000001
core   0: 0x8000b4f6 (0x0000bfe5) c.j     pc - 8
core   0: 3 0x8000b4f6 (0xbfe5)
core   0: 0x8000b4ee (0x00005f17) auipc   t5, 0x5
core   0: 3 0x8000b4ee (0x00005f17) x30 0x800104ee
core   0: 0x8000b4f2 (0xb03f2923) sw      gp, -1262(t5)
core   0: 3 0x8000b4f2 (0xb03f2923) mem 0x80010000 0x00000001
core   0: 0x8000b4f6 (0x0000bfe5) c.j     pc - 8
core   0: 3 0x8000b4f6 (0xbfe5)
core   0: 0x8000b4ee (0x00005f17) auipc   t5, 0x5
core   0: 3 0x8000b4ee (0x00005f17) x30 0x800104ee
core   0: 0x8000b4f2 (0xb03f2923) sw      gp, -1262(t5)
core   0: 3 0x8000b4f2 (0xb03f2923) mem 0x80010000 0x00000001
core   0: 0x8000b4f6 (0x0000bfe5) c.j     pc - 8
core   0: 3 0x8000b4f6 (0xbfe5)
core   0: 0x8000b4ee (0x00005f17) auipc   t5, 0x5
core   0: 3 0x8000b4ee (0x00005f17) x30 0x800104ee
core   0: 0x8000b4f2 (0xb03f2923) sw      gp, -1262(t5)
core   0: 3 0x8000b4f2 (0xb03f2923) mem 0x80010000 0x00000001
core   0: 0x8000b4f6 (0x0000bfe5) c.j     pc - 8
core   0: 3 0x8000b4f6 (0xbfe5)
core   0: 0x8000b4ee (0x00005f17) auipc   t5, 0x5
core   0: 3 0x8000b4ee (0x00005f17) x30 0x800104ee
core   0: 0x8000b4f2 (0xb03f2923) sw      gp, -1262(t5)
core   0: 3 0x8000b4f2 (0xb03f2923) mem 0x80010000 0x00000001
core   0: 0x8000b4f6 (0x0000bfe5) c.j     pc - 8
core   0: 3 0x8000b4f6 (0xbfe5)
core   0: 0x8000b4ee (0x00005f17) auipc   t5, 0x5
core   0: 3 0x8000b4ee (0x00005f17) x30 0x800104ee
core   0: 0x8000b4f2 (0xb03f2923) sw      gp, -1262(t5)
core   0: 3 0x8000b4f2 (0xb03f2923) mem 0x80010000 0x00000001
core   0: 0x8000b4f6 (0x0000bfe5) c.j     pc - 8
core   0: 3 0x8000b4f6 (0xbfe5)
core   0: 0x8000b4ee (0x00005f17) auipc   t5, 0x5
core   0: 3 0x8000b4ee (0x00005f17) x30 0x800104ee
core   0: 0x8000b4f2 (0xb03f2923) sw      gp, -1262(t5)
core   0: 3 0x8000b4f2 (0xb03f2923) mem 0x80010000 0x00000001
core   0: 0x8000b4f6 (0x0000bfe5) c.j     pc - 8
core   0: 3 0x8000b4f6 (0xbfe5)
core   0: 0x8000b4ee (0x00005f17) auipc   t5, 0x5
core   0: 3 0x8000b4ee (0x00005f17) x30 0x800104ee
core   0: 0x8000b4f2 (0xb03f2923) sw      gp, -1262(t5)
core   0: 3 0x8000b4f2 (0xb03f2923) mem 0x80010000 0x00000001
core   0: 0x8000b4f6 (0x0000bfe5) c.j     pc - 8
core   0: 3 0x8000b4f6 (0xbfe5)
core   0: 0x8000b4ee (0x00005f17) auipc   t5, 0x5
core   0: 3 0x8000b4ee (0x00005f17) x30 0x800104ee
core   0: 0x8000b4f2 (0xb03f2923) sw      gp, -1262(t5)
core   0: 3 0x8000b4f2 (0xb03f2923) mem 0x80010000 0x00000001
core   0: 0x8000b4f6 (0x0000bfe5) c.j     pc - 8
core   0: 3 0x8000b4f6 (0xbfe5)
core   0: 0x8000b4ee (0x00005f17) auipc   t5, 0x5
core   0: 3 0x8000b4ee (0x00005f17) x30 0x800104ee
core   0: 0x8000b4f2 (0xb03f2923) sw      gp, -1262(t5)
core   0: 3 0x8000b4f2 (0xb03f2923) mem 0x80010000 0x00000001
core   0: 0x8000b4f6 (0x0000bfe5) c.j     pc - 8
core   0: 3 0x8000b4f6 (0xbfe5)
core   0: 0x8000b4ee (0x00005f17) auipc   t5, 0x5
core   0: 3 0x8000b4ee (0x00005f17) x30 0x800104ee
core   0: 0x8000b4f2 (0xb03f2923) sw      gp, -1262(t5)
core   0: 3 0x8000b4f2 (0xb03f2923) mem 0x80010000 0x00000001
core   0: 0x8000b4f6 (0x0000bfe5) c.j     pc - 8
core   0: 3 0x8000b4f6 (0xbfe5)
core   0: 0x8000b4ee (0x00005f17) auipc   t5, 0x5
core   0: 3 0x8000b4ee (0x00005f17) x30 0x800104ee
core   0: 0x8000b4f2 (0xb03f2923) sw      gp, -1262(t5)
core   0: 3 0x8000b4f2 (0xb03f2923) mem 0x80010000 0x00000001
core   0: 0x8000b4f6 (0x0000bfe5) c.j     pc - 8
core   0: 3 0x8000b4f6 (0xbfe5)
core   0: 0x8000b4ee (0x00005f17) auipc   t5, 0x5
core   0: 3 0x8000b4ee (0x00005f17) x30 0x800104ee
core   0: 0x8000b4f2 (0xb03f2923) sw      gp, -1262(t5)
core   0: 3 0x8000b4f2 (0xb03f2923) mem 0x80010000 0x00000001
core   0: 0x8000b4f6 (0x0000bfe5) c.j     pc - 8
core   0: 3 0x8000b4f6 (0xbfe5)
core   0: 0x8000b4ee (0x00005f17) auipc   t5, 0x5
core   0: 3 0x8000b4ee (0x00005f17) x30 0x800104ee
core   0: 0x8000b4f2 (0xb03f2923) sw      gp, -1262(t5)
core   0: 3 0x8000b4f2 (0xb03f2923) mem 0x80010000 0x00000001
core   0: 0x8000b4f6 (0x0000bfe5) c.j     pc - 8
core   0: 3 0x8000b4f6 (0xbfe5)
core   0: 0x8000b4ee (0x00005f17) auipc   t5, 0x5
core   0: 3 0x8000b4ee (0x00005f17) x30 0x800104ee
core   0: 0x8000b4f2 (0xb03f2923) sw      gp, -1262(t5)
core   0: 3 0x8000b4f2 (0xb03f2923) mem 0x80010000 0x00000001
core   0: 0x8000b4f6 (0x0000bfe5) c.j     pc - 8
core   0: 3 0x8000b4f6 (0xbfe5)
core   0: 0x8000b4ee (0x00005f17) auipc   t5, 0x5
core   0: 3 0x8000b4ee (0x00005f17) x30 0x800104ee
core   0: 0x8000b4f2 (0xb03f2923) sw      gp, -1262(t5)
core   0: 3 0x8000b4f2 (0xb03f2923) mem 0x80010000 0x00000001
core   0: 0x8000b4f6 (0x0000bfe5) c.j     pc - 8
core   0: 3 0x8000b4f6 (0xbfe5)
core   0: 0x8000b4ee (0x00005f17) auipc   t5, 0x5
core   0: 3 0x8000b4ee (0x00005f17) x30 0x800104ee
core   0: 0x8000b4f2 (0xb03f2923) sw      gp, -1262(t5)
core   0: 3 0x8000b4f2 (0xb03f2923) mem 0x80010000 0x00000001
core   0: 0x8000b4f6 (0x0000bfe5) c.j     pc - 8
core   0: 3 0x8000b4f6 (0xbfe5)
core   0: 0x8000b4ee (0x00005f17) auipc   t5, 0x5
core   0: 3 0x8000b4ee (0x00005f17) x30 0x800104ee
core   0: 0x8000b4f2 (0xb03f2923) sw      gp, -1262(t5)
core   0: 3 0x8000b4f2 (0xb03f2923) mem 0x80010000 0x00000001
core   0: 0x8000b4f6 (0x0000bfe5) c.j     pc - 8
core   0: 3 0x8000b4f6 (0xbfe5)
core   0: 0x8000b4ee (0x00005f17) auipc   t5, 0x5
core   0: 3 0x8000b4ee (0x00005f17) x30 0x800104ee
core   0: 0x8000b4f2 (0xb03f2923) sw      gp, -1262(t5)
core   0: 3 0x8000b4f2 (0xb03f2923) mem 0x80010000 0x00000001
core   0: 0x8000b4f6 (0x0000bfe5) c.j     pc - 8
core   0: 3 0x8000b4f6 (0xbfe5)
core   0: 0x8000b4ee (0x00005f17) auipc   t5, 0x5
core   0: 3 0x8000b4ee (0x00005f17) x30 0x800104ee
core   0: 0x8000b4f2 (0xb03f2923) sw      gp, -1262(t5)
core   0: 3 0x8000b4f2 (0xb03f2923) mem 0x80010000 0x00000001
core   0: 0x8000b4f6 (0x0000bfe5) c.j     pc - 8
core   0: 3 0x8000b4f6 (0xbfe5)
core   0: 0x8000b4ee (0x00005f17) auipc   t5, 0x5
core   0: 3 0x8000b4ee (0x00005f17) x30 0x800104ee
core   0: 0x8000b4f2 (0xb03f2923) sw      gp, -1262(t5)
core   0: 3 0x8000b4f2 (0xb03f2923) mem 0x80010000 0x00000001
core   0: 0x8000b4f6 (0x0000bfe5) c.j     pc - 8
core   0: 3 0x8000b4f6 (0xbfe5)
core   0: 0x8000b4ee (0x00005f17) auipc   t5, 0x5
core   0: 3 0x8000b4ee (0x00005f17) x30 0x800104ee
core   0: 0x8000b4f2 (0xb03f2923) sw      gp, -1262(t5)
core   0: 3 0x8000b4f2 (0xb03f2923) mem 0x80010000 0x00000001
core   0: 0x8000b4f6 (0x0000bfe5) c.j     pc - 8
core   0: 3 0x8000b4f6 (0xbfe5)
core   0: 0x8000b4ee (0x00005f17) auipc   t5, 0x5
core   0: 3 0x8000b4ee (0x00005f17) x30 0x800104ee
core   0: 0x8000b4f2 (0xb03f2923) sw      gp, -1262(t5)
core   0: 3 0x8000b4f2 (0xb03f2923) mem 0x80010000 0x00000001
core   0: 0x8000b4f6 (0x0000bfe5) c.j     pc - 8
core   0: 3 0x8000b4f6 (0xbfe5)
core   0: 0x8000b4ee (0x00005f17) auipc   t5, 0x5
core   0: 3 0x8000b4ee (0x00005f17) x30 0x800104ee
core   0: 0x8000b4f2 (0xb03f2923) sw      gp, -1262(t5)
core   0: 3 0x8000b4f2 (0xb03f2923) mem 0x80010000 0x00000001
core   0: 0x8000b4f6 (0x0000bfe5) c.j     pc - 8
core   0: 3 0x8000b4f6 (0xbfe5)
core   0: 0x8000b4ee (0x00005f17) auipc   t5, 0x5
core   0: 3 0x8000b4ee (0x00005f17) x30 0x800104ee
core   0: 0x8000b4f2 (0xb03f2923) sw      gp, -1262(t5)
core   0: 3 0x8000b4f2 (0xb03f2923) mem 0x80010000 0x00000001
core   0: 0x8000b4f6 (0x0000bfe5) c.j     pc - 8
core   0: 3 0x8000b4f6 (0xbfe5)
core   0: 0x8000b4ee (0x00005f17) auipc   t5, 0x5
core   0: 3 0x8000b4ee (0x00005f17) x30 0x800104ee
core   0: 0x8000b4f2 (0xb03f2923) sw      gp, -1262(t5)
core   0: 3 0x8000b4f2 (0xb03f2923) mem 0x80010000 0x00000001
core   0: 0x8000b4f6 (0x0000bfe5) c.j     pc - 8
core   0: 3 0x8000b4f6 (0xbfe5)
core   0: 0x8000b4ee (0x00005f17) auipc   t5, 0x5
core   0: 3 0x8000b4ee (0x00005f17) x30 0x800104ee
core   0: 0x8000b4f2 (0xb03f2923) sw      gp, -1262(t5)
core   0: 3 0x8000b4f2 (0xb03f2923) mem 0x80010000 0x00000001
core   0: 0x8000b4f6 (0x0000bfe5) c.j     pc - 8
core   0: 3 0x8000b4f6 (0xbfe5)
core   0: 0x8000b4ee (0x00005f17) auipc   t5, 0x5
core   0: 3 0x8000b4ee (0x00005f17) x30 0x800104ee
core   0: 0x8000b4f2 (0xb03f2923) sw      gp, -1262(t5)
core   0: 3 0x8000b4f2 (0xb03f2923) mem 0x80010000 0x00000001
core   0: 0x8000b4f6 (0x0000bfe5) c.j     pc - 8
core   0: 3 0x8000b4f6 (0xbfe5)
core   0: 0x8000b4ee (0x00005f17) auipc   t5, 0x5
core   0: 3 0x8000b4ee (0x00005f17) x30 0x800104ee
core   0: 0x8000b4f2 (0xb03f2923) sw      gp, -1262(t5)
core   0: 3 0x8000b4f2 (0xb03f2923) mem 0x80010000 0x00000001
core   0: 0x8000b4f6 (0x0000bfe5) c.j     pc - 8
core   0: 3 0x8000b4f6 (0xbfe5)
core   0: 0x8000b4ee (0x00005f17) auipc   t5, 0x5
core   0: 3 0x8000b4ee (0x00005f17) x30 0x800104ee
core   0: 0x8000b4f2 (0xb03f2923) sw      gp, -1262(t5)
core   0: 3 0x8000b4f2 (0xb03f2923) mem 0x80010000 0x00000001
core   0: 0x8000b4f6 (0x0000bfe5) c.j     pc - 8
core   0: 3 0x8000b4f6 (0xbfe5)
core   0: 0x8000b4ee (0x00005f17) auipc   t5, 0x5
core   0: 3 0x8000b4ee (0x00005f17) x30 0x800104ee
core   0: 0x8000b4f2 (0xb03f2923) sw      gp, -1262(t5)
core   0: 3 0x8000b4f2 (0xb03f2923) mem 0x80010000 0x00000001
core   0: 0x8000b4f6 (0x0000bfe5) c.j     pc - 8
core   0: 3 0x8000b4f6 (0xbfe5)
core   0: 0x8000b4ee (0x00005f17) auipc   t5, 0x5
core   0: 3 0x8000b4ee (0x00005f17) x30 0x800104ee
core   0: 0x8000b4f2 (0xb03f2923) sw      gp, -1262(t5)
core   0: 3 0x8000b4f2 (0xb03f2923) mem 0x80010000 0x00000001
core   0: 0x8000b4f6 (0x0000bfe5) c.j     pc - 8
core   0: 3 0x8000b4f6 (0xbfe5)
core   0: 0x8000b4ee (0x00005f17) auipc   t5, 0x5
core   0: 3 0x8000b4ee (0x00005f17) x30 0x800104ee
core   0: 0x8000b4f2 (0xb03f2923) sw      gp, -1262(t5)
core   0: 3 0x8000b4f2 (0xb03f2923) mem 0x80010000 0x00000001
core   0: 0x8000b4f6 (0x0000bfe5) c.j     pc - 8
core   0: 3 0x8000b4f6 (0xbfe5)
core   0: 0x8000b4ee (0x00005f17) auipc   t5, 0x5
core   0: 3 0x8000b4ee (0x00005f17) x30 0x800104ee
core   0: 0x8000b4f2 (0xb03f2923) sw      gp, -1262(t5)
core   0: 3 0x8000b4f2 (0xb03f2923) mem 0x80010000 0x00000001
core   0: 0x8000b4f6 (0x0000bfe5) c.j     pc - 8
core   0: 3 0x8000b4f6 (0xbfe5)
core   0: 0x8000b4ee (0x00005f17) auipc   t5, 0x5
core   0: 3 0x8000b4ee (0x00005f17) x30 0x800104ee
core   0: 0x8000b4f2 (0xb03f2923) sw      gp, -1262(t5)
core   0: 3 0x8000b4f2 (0xb03f2923) mem 0x80010000 0x00000001
core   0: 0x8000b4f6 (0x0000bfe5) c.j     pc - 8
core   0: 3 0x8000b4f6 (0xbfe5)
core   0: 0x8000b4ee (0x00005f17) auipc   t5, 0x5
core   0: 3 0x8000b4ee (0x00005f17) x30 0x800104ee
core   0: 0x8000b4f2 (0xb03f2923) sw      gp, -1262(t5)
core   0: 3 0x8000b4f2 (0xb03f2923) mem 0x80010000 0x00000001
core   0: 0x8000b4f6 (0x0000bfe5) c.j     pc - 8
core   0: 3 0x8000b4f6 (0xbfe5)
core   0: 0x8000b4ee (0x00005f17) auipc   t5, 0x5
core   0: 3 0x8000b4ee (0x00005f17) x30 0x800104ee
core   0: 0x8000b4f2 (0xb03f2923) sw      gp, -1262(t5)
core   0: 3 0x8000b4f2 (0xb03f2923) mem 0x80010000 0x00000001
core   0: 0x8000b4f6 (0x0000bfe5) c.j     pc - 8
core   0: 3 0x8000b4f6 (0xbfe5)
core   0: 0x8000b4ee (0x00005f17) auipc   t5, 0x5
core   0: 3 0x8000b4ee (0x00005f17) x30 0x800104ee
core   0: 0x8000b4f2 (0xb03f2923) sw      gp, -1262(t5)
core   0: 3 0x8000b4f2 (0xb03f2923) mem 0x80010000 0x00000001
core   0: 0x8000b4f6 (0x0000bfe5) c.j     pc - 8
core   0: 3 0x8000b4f6 (0xbfe5)
core   0: 0x8000b4ee (0x00005f17) auipc   t5, 0x5
core   0: 3 0x8000b4ee (0x00005f17) x30 0x800104ee
core   0: 0x8000b4f2 (0xb03f2923) sw      gp, -1262(t5)
core   0: 3 0x8000b4f2 (0xb03f2923) mem 0x80010000 0x00000001
core   0: 0x8000b4f6 (0x0000bfe5) c.j     pc - 8
core   0: 3 0x8000b4f6 (0xbfe5)
core   0: 0x8000b4ee (0x00005f17) auipc   t5, 0x5
core   0: 3 0x8000b4ee (0x00005f17) x30 0x800104ee
core   0: 0x8000b4f2 (0xb03f2923) sw      gp, -1262(t5)
core   0: 3 0x8000b4f2 (0xb03f2923) mem 0x80010000 0x00000001
core   0: 0x8000b4f6 (0x0000bfe5) c.j     pc - 8
core   0: 3 0x8000b4f6 (0xbfe5)
core   0: 0x8000b4ee (0x00005f17) auipc   t5, 0x5
core   0: 3 0x8000b4ee (0x00005f17) x30 0x800104ee
core   0: 0x8000b4f2 (0xb03f2923) sw      gp, -1262(t5)
core   0: 3 0x8000b4f2 (0xb03f2923) mem 0x80010000 0x00000001
core   0: 0x8000b4f6 (0x0000bfe5) c.j     pc - 8
core   0: 3 0x8000b4f6 (0xbfe5)
core   0: 0x8000b4ee (0x00005f17) auipc   t5, 0x5
core   0: 3 0x8000b4ee (0x00005f17) x30 0x800104ee
core   0: 0x8000b4f2 (0xb03f2923) sw      gp, -1262(t5)
core   0: 3 0x8000b4f2 (0xb03f2923) mem 0x80010000 0x00000001
core   0: 0x8000b4f6 (0x0000bfe5) c.j     pc - 8
core   0: 3 0x8000b4f6 (0xbfe5)
core   0: 0x8000b4ee (0x00005f17) auipc   t5, 0x5
core   0: 3 0x8000b4ee (0x00005f17) x30 0x800104ee
core   0: 0x8000b4f2 (0xb03f2923) sw      gp, -1262(t5)
core   0: 3 0x8000b4f2 (0xb03f2923) mem 0x80010000 0x00000001
core   0: 0x8000b4f6 (0x0000bfe5) c.j     pc - 8
core   0: 3 0x8000b4f6 (0xbfe5)
core   0: 0x8000b4ee (0x00005f17) auipc   t5, 0x5
core   0: 3 0x8000b4ee (0x00005f17) x30 0x800104ee
core   0: 0x8000b4f2 (0xb03f2923) sw      gp, -1262(t5)
core   0: 3 0x8000b4f2 (0xb03f2923) mem 0x80010000 0x00000001
core   0: 0x8000b4f6 (0x0000bfe5) c.j     pc - 8
core   0: 3 0x8000b4f6 (0xbfe5)
core   0: 0x8000b4ee (0x00005f17) auipc   t5, 0x5
core   0: 3 0x8000b4ee (0x00005f17) x30 0x800104ee
core   0: 0x8000b4f2 (0xb03f2923) sw      gp, -1262(t5)
core   0: 3 0x8000b4f2 (0xb03f2923) mem 0x80010000 0x00000001
core   0: 0x8000b4f6 (0x0000bfe5) c.j     pc - 8
core   0: 3 0x8000b4f6 (0xbfe5)
core   0: 0x8000b4ee (0x00005f17) auipc   t5, 0x5
core   0: 3 0x8000b4ee (0x00005f17) x30 0x800104ee
core   0: 0x8000b4f2 (0xb03f2923) sw      gp, -1262(t5)
core   0: 3 0x8000b4f2 (0xb03f2923) mem 0x80010000 0x00000001
core   0: 0x8000b4f6 (0x0000bfe5) c.j     pc - 8
core   0: 3 0x8000b4f6 (0xbfe5)
core   0: 0x8000b4ee (0x00005f17) auipc   t5, 0x5
core   0: 3 0x8000b4ee (0x00005f17) x30 0x800104ee
core   0: 0x8000b4f2 (0xb03f2923) sw      gp, -1262(t5)
core   0: 3 0x8000b4f2 (0xb03f2923) mem 0x80010000 0x00000001
core   0: 0x8000b4f6 (0x0000bfe5) c.j     pc - 8
core   0: 3 0x8000b4f6 (0xbfe5)
core   0: 0x8000b4ee (0x00005f17) auipc   t5, 0x5
core   0: 3 0x8000b4ee (0x00005f17) x30 0x800104ee
core   0: 0x8000b4f2 (0xb03f2923) sw      gp, -1262(t5)
core   0: 3 0x8000b4f2 (0xb03f2923) mem 0x80010000 0x00000001
core   0: 0x8000b4f6 (0x0000bfe5) c.j     pc - 8
core   0: 3 0x8000b4f6 (0xbfe5)
core   0: 0x8000b4ee (0x00005f17) auipc   t5, 0x5
core   0: 3 0x8000b4ee (0x00005f17) x30 0x800104ee
core   0: 0x8000b4f2 (0xb03f2923) sw      gp, -1262(t5)
core   0: 3 0x8000b4f2 (0xb03f2923) mem 0x80010000 0x00000001
core   0: 0x8000b4f6 (0x0000bfe5) c.j     pc - 8
core   0: 3 0x8000b4f6 (0xbfe5)
core   0: 0x8000b4ee (0x00005f17) auipc   t5, 0x5
core   0: 3 0x8000b4ee (0x00005f17) x30 0x800104ee
core   0: 0x8000b4f2 (0xb03f2923) sw      gp, -1262(t5)
core   0: 3 0x8000b4f2 (0xb03f2923) mem 0x80010000 0x00000001
core   0: 0x8000b4f6 (0x0000bfe5) c.j     pc - 8
core   0: 3 0x8000b4f6 (0xbfe5)
core   0: 0x8000b4ee (0x00005f17) auipc   t5, 0x5
core   0: 3 0x8000b4ee (0x00005f17) x30 0x800104ee
core   0: 0x8000b4f2 (0xb03f2923) sw      gp, -1262(t5)
core   0: 3 0x8000b4f2 (0xb03f2923) mem 0x80010000 0x00000001
core   0: 0x8000b4f6 (0x0000bfe5) c.j     pc - 8
core   0: 3 0x8000b4f6 (0xbfe5)
core   0: 0x8000b4ee (0x00005f17) auipc   t5, 0x5
core   0: 3 0x8000b4ee (0x00005f17) x30 0x800104ee
core   0: 0x8000b4f2 (0xb03f2923) sw      gp, -1262(t5)
core   0: 3 0x8000b4f2 (0xb03f2923) mem 0x80010000 0x00000001
core   0: 0x8000b4f6 (0x0000bfe5) c.j     pc - 8
core   0: 3 0x8000b4f6 (0xbfe5)
core   0: 0x8000b4ee (0x00005f17) auipc   t5, 0x5
core   0: 3 0x8000b4ee (0x00005f17) x30 0x800104ee
core   0: 0x8000b4f2 (0xb03f2923) sw      gp, -1262(t5)
core   0: 3 0x8000b4f2 (0xb03f2923) mem 0x80010000 0x00000001
core   0: 0x8000b4f6 (0x0000bfe5) c.j     pc - 8
core   0: 3 0x8000b4f6 (0xbfe5)
core   0: 0x8000b4ee (0x00005f17) auipc   t5, 0x5
core   0: 3 0x8000b4ee (0x00005f17) x30 0x800104ee
core   0: 0x8000b4f2 (0xb03f2923) sw      gp, -1262(t5)
core   0: 3 0x8000b4f2 (0xb03f2923) mem 0x80010000 0x00000001
core   0: 0x8000b4f6 (0x0000bfe5) c.j     pc - 8
core   0: 3 0x8000b4f6 (0xbfe5)
core   0: 0x8000b4ee (0x00005f17) auipc   t5, 0x5
core   0: 3 0x8000b4ee (0x00005f17) x30 0x800104ee
core   0: 0x8000b4f2 (0xb03f2923) sw      gp, -1262(t5)
core   0: 3 0x8000b4f2 (0xb03f2923) mem 0x80010000 0x00000001
core   0: 0x8000b4f6 (0x0000bfe5) c.j     pc - 8
core   0: 3 0x8000b4f6 (0xbfe5)
core   0: 0x8000b4ee (0x00005f17) auipc   t5, 0x5
core   0: 3 0x8000b4ee (0x00005f17) x30 0x800104ee
core   0: 0x8000b4f2 (0xb03f2923) sw      gp, -1262(t5)
core   0: 3 0x8000b4f2 (0xb03f2923) mem 0x80010000 0x00000001
core   0: 0x8000b4f6 (0x0000bfe5) c.j     pc - 8
core   0: 3 0x8000b4f6 (0xbfe5)
core   0: 0x8000b4ee (0x00005f17) auipc   t5, 0x5
core   0: 3 0x8000b4ee (0x00005f17) x30 0x800104ee
core   0: 0x8000b4f2 (0xb03f2923) sw      gp, -1262(t5)
core   0: 3 0x8000b4f2 (0xb03f2923) mem 0x80010000 0x00000001
core   0: 0x8000b4f6 (0x0000bfe5) c.j     pc - 8
core   0: 3 0x8000b4f6 (0xbfe5)
core   0: 0x8000b4ee (0x00005f17) auipc   t5, 0x5
core   0: 3 0x8000b4ee (0x00005f17) x30 0x800104ee
core   0: 0x8000b4f2 (0xb03f2923) sw      gp, -1262(t5)
core   0: 3 0x8000b4f2 (0xb03f2923) mem 0x80010000 0x00000001
core   0: 0x8000b4f6 (0x0000bfe5) c.j     pc - 8
core   0: 3 0x8000b4f6 (0xbfe5)
core   0: 0x8000b4ee (0x00005f17) auipc   t5, 0x5
core   0: 3 0x8000b4ee (0x00005f17) x30 0x800104ee
core   0: 0x8000b4f2 (0xb03f2923) sw      gp, -1262(t5)
core   0: 3 0x8000b4f2 (0xb03f2923) mem 0x80010000 0x00000001
core   0: 0x8000b4f6 (0x0000bfe5) c.j     pc - 8
core   0: 3 0x8000b4f6 (0xbfe5)
core   0: 0x8000b4ee (0x00005f17) auipc   t5, 0x5
core   0: 3 0x8000b4ee (0x00005f17) x30 0x800104ee
core   0: 0x8000b4f2 (0xb03f2923) sw      gp, -1262(t5)
core   0: 3 0x8000b4f2 (0xb03f2923) mem 0x80010000 0x00000001
core   0: 0x8000b4f6 (0x0000bfe5) c.j     pc - 8
core   0: 3 0x8000b4f6 (0xbfe5)
core   0: 0x8000b4ee (0x00005f17) auipc   t5, 0x5
core   0: 3 0x8000b4ee (0x00005f17) x30 0x800104ee
core   0: 0x8000b4f2 (0xb03f2923) sw      gp, -1262(t5)
core   0: 3 0x8000b4f2 (0xb03f2923) mem 0x80010000 0x00000001
core   0: 0x8000b4f6 (0x0000bfe5) c.j     pc - 8
core   0: 3 0x8000b4f6 (0xbfe5)
core   0: 0x8000b4ee (0x00005f17) auipc   t5, 0x5
core   0: 3 0x8000b4ee (0x00005f17) x30 0x800104ee
core   0: 0x8000b4f2 (0xb03f2923) sw      gp, -1262(t5)
core   0: 3 0x8000b4f2 (0xb03f2923) mem 0x80010000 0x00000001
core   0: 0x8000b4f6 (0x0000bfe5) c.j     pc - 8
core   0: 3 0x8000b4f6 (0xbfe5)
core   0: 0x8000b4ee (0x00005f17) auipc   t5, 0x5
core   0: 3 0x8000b4ee (0x00005f17) x30 0x800104ee
core   0: 0x8000b4f2 (0xb03f2923) sw      gp, -1262(t5)
core   0: 3 0x8000b4f2 (0xb03f2923) mem 0x80010000 0x00000001
core   0: 0x8000b4f6 (0x0000bfe5) c.j     pc - 8
core   0: 3 0x8000b4f6 (0xbfe5)
core   0: 0x8000b4ee (0x00005f17) auipc   t5, 0x5
core   0: 3 0x8000b4ee (0x00005f17) x30 0x800104ee
core   0: 0x8000b4f2 (0xb03f2923) sw      gp, -1262(t5)
core   0: 3 0x8000b4f2 (0xb03f2923) mem 0x80010000 0x00000001
core   0: 0x8000b4f6 (0x0000bfe5) c.j     pc - 8
core   0: 3 0x8000b4f6 (0xbfe5)
core   0: 0x8000b4ee (0x00005f17) auipc   t5, 0x5
core   0: 3 0x8000b4ee (0x00005f17) x30 0x800104ee
core   0: 0x8000b4f2 (0xb03f2923) sw      gp, -1262(t5)
core   0: 3 0x8000b4f2 (0xb03f2923) mem 0x80010000 0x00000001
core   0: 0x8000b4f6 (0x0000bfe5) c.j     pc - 8
core   0: 3 0x8000b4f6 (0xbfe5)
core   0: 0x8000b4ee (0x00005f17) auipc   t5, 0x5
core   0: 3 0x8000b4ee (0x00005f17) x30 0x800104ee
core   0: 0x8000b4f2 (0xb03f2923) sw      gp, -1262(t5)
core   0: 3 0x8000b4f2 (0xb03f2923) mem 0x80010000 0x00000001
core   0: 0x8000b4f6 (0x0000bfe5) c.j     pc - 8
core   0: 3 0x8000b4f6 (0xbfe5)
core   0: 0x8000b4ee (0x00005f17) auipc   t5, 0x5
core   0: 3 0x8000b4ee (0x00005f17) x30 0x800104ee
core   0: 0x8000b4f2 (0xb03f2923) sw      gp, -1262(t5)
core   0: 3 0x8000b4f2 (0xb03f2923) mem 0x80010000 0x00000001
core   0: 0x8000b4f6 (0x0000bfe5) c.j     pc - 8
core   0: 3 0x8000b4f6 (0xbfe5)
core   0: 0x8000b4ee (0x00005f17) auipc   t5, 0x5
core   0: 3 0x8000b4ee (0x00005f17) x30 0x800104ee
core   0: 0x8000b4f2 (0xb03f2923) sw      gp, -1262(t5)
core   0: 3 0x8000b4f2 (0xb03f2923) mem 0x80010000 0x00000001
core   0: 0x8000b4f6 (0x0000bfe5) c.j     pc - 8
core   0: 3 0x8000b4f6 (0xbfe5)
core   0: 0x8000b4ee (0x00005f17) auipc   t5, 0x5
core   0: 3 0x8000b4ee (0x00005f17) x30 0x800104ee
core   0: 0x8000b4f2 (0xb03f2923) sw      gp, -1262(t5)
core   0: 3 0x8000b4f2 (0xb03f2923) mem 0x80010000 0x00000001
core   0: 0x8000b4f6 (0x0000bfe5) c.j     pc - 8
core   0: 3 0x8000b4f6 (0xbfe5)
core   0: 0x8000b4ee (0x00005f17) auipc   t5, 0x5
core   0: 3 0x8000b4ee (0x00005f17) x30 0x800104ee
core   0: 0x8000b4f2 (0xb03f2923) sw      gp, -1262(t5)
core   0: 3 0x8000b4f2 (0xb03f2923) mem 0x80010000 0x00000001
core   0: 0x8000b4f6 (0x0000bfe5) c.j     pc - 8
core   0: 3 0x8000b4f6 (0xbfe5)
core   0: 0x8000b4ee (0x00005f17) auipc   t5, 0x5
core   0: 3 0x8000b4ee (0x00005f17) x30 0x800104ee
core   0: 0x8000b4f2 (0xb03f2923) sw      gp, -1262(t5)
core   0: 3 0x8000b4f2 (0xb03f2923) mem 0x80010000 0x00000001
core   0: 0x8000b4f6 (0x0000bfe5) c.j     pc - 8
core   0: 3 0x8000b4f6 (0xbfe5)
core   0: 0x8000b4ee (0x00005f17) auipc   t5, 0x5
core   0: 3 0x8000b4ee (0x00005f17) x30 0x800104ee
core   0: 0x8000b4f2 (0xb03f2923) sw      gp, -1262(t5)
core   0: 3 0x8000b4f2 (0xb03f2923) mem 0x80010000 0x00000001
core   0: 0x8000b4f6 (0x0000bfe5) c.j     pc - 8
core   0: 3 0x8000b4f6 (0xbfe5)
core   0: 0x8000b4ee (0x00005f17) auipc   t5, 0x5
core   0: 3 0x8000b4ee (0x00005f17) x30 0x800104ee
core   0: 0x8000b4f2 (0xb03f2923) sw      gp, -1262(t5)
core   0: 3 0x8000b4f2 (0xb03f2923) mem 0x80010000 0x00000001
core   0: 0x8000b4f6 (0x0000bfe5) c.j     pc - 8
core   0: 3 0x8000b4f6 (0xbfe5)
core   0: 0x8000b4ee (0x00005f17) auipc   t5, 0x5
core   0: 3 0x8000b4ee (0x00005f17) x30 0x800104ee
core   0: 0x8000b4f2 (0xb03f2923) sw      gp, -1262(t5)
core   0: 3 0x8000b4f2 (0xb03f2923) mem 0x80010000 0x00000001
core   0: 0x8000b4f6 (0x0000bfe5) c.j     pc - 8
core   0: 3 0x8000b4f6 (0xbfe5)
core   0: 0x8000b4ee (0x00005f17) auipc   t5, 0x5
core   0: 3 0x8000b4ee (0x00005f17) x30 0x800104ee
core   0: 0x8000b4f2 (0xb03f2923) sw      gp, -1262(t5)
core   0: 3 0x8000b4f2 (0xb03f2923) mem 0x80010000 0x00000001
core   0: 0x8000b4f6 (0x0000bfe5) c.j     pc - 8
core   0: 3 0x8000b4f6 (0xbfe5)
core   0: 0x8000b4ee (0x00005f17) auipc   t5, 0x5
core   0: 3 0x8000b4ee (0x00005f17) x30 0x800104ee
core   0: 0x8000b4f2 (0xb03f2923) sw      gp, -1262(t5)
core   0: 3 0x8000b4f2 (0xb03f2923) mem 0x80010000 0x00000001
core   0: 0x8000b4f6 (0x0000bfe5) c.j     pc - 8
core   0: 3 0x8000b4f6 (0xbfe5)
core   0: 0x8000b4ee (0x00005f17) auipc   t5, 0x5
core   0: 3 0x8000b4ee (0x00005f17) x30 0x800104ee
core   0: 0x8000b4f2 (0xb03f2923) sw      gp, -1262(t5)
core   0: 3 0x8000b4f2 (0xb03f2923) mem 0x80010000 0x00000001
core   0: 0x8000b4f6 (0x0000bfe5) c.j     pc - 8
core   0: 3 0x8000b4f6 (0xbfe5)
core   0: 0x8000b4ee (0x00005f17) auipc   t5, 0x5
core   0: 3 0x8000b4ee (0x00005f17) x30 0x800104ee
core   0: 0x8000b4f2 (0xb03f2923) sw      gp, -1262(t5)
core   0: 3 0x8000b4f2 (0xb03f2923) mem 0x80010000 0x00000001
core   0: 0x8000b4f6 (0x0000bfe5) c.j     pc - 8
core   0: 3 0x8000b4f6 (0xbfe5)
core   0: 0x8000b4ee (0x00005f17) auipc   t5, 0x5
core   0: 3 0x8000b4ee (0x00005f17) x30 0x800104ee
core   0: 0x8000b4f2 (0xb03f2923) sw      gp, -1262(t5)
core   0: 3 0x8000b4f2 (0xb03f2923) mem 0x80010000 0x00000001
core   0: 0x8000b4f6 (0x0000bfe5) c.j     pc - 8
core   0: 3 0x8000b4f6 (0xbfe5)
core   0: 0x8000b4ee (0x00005f17) auipc   t5, 0x5
core   0: 3 0x8000b4ee (0x00005f17) x30 0x800104ee
core   0: 0x8000b4f2 (0xb03f2923) sw      gp, -1262(t5)
core   0: 3 0x8000b4f2 (0xb03f2923) mem 0x80010000 0x00000001
core   0: 0x8000b4f6 (0x0000bfe5) c.j     pc - 8
core   0: 3 0x8000b4f6 (0xbfe5)
core   0: 0x8000b4ee (0x00005f17) auipc   t5, 0x5
core   0: 3 0x8000b4ee (0x00005f17) x30 0x800104ee
core   0: 0x8000b4f2 (0xb03f2923) sw      gp, -1262(t5)
core   0: 3 0x8000b4f2 (0xb03f2923) mem 0x80010000 0x00000001
core   0: 0x8000b4f6 (0x0000bfe5) c.j     pc - 8
core   0: 3 0x8000b4f6 (0xbfe5)
core   0: 0x8000b4ee (0x00005f17) auipc   t5, 0x5
core   0: 3 0x8000b4ee (0x00005f17) x30 0x800104ee
core   0: 0x8000b4f2 (0xb03f2923) sw      gp, -1262(t5)
core   0: 3 0x8000b4f2 (0xb03f2923) mem 0x80010000 0x00000001
core   0: 0x8000b4f6 (0x0000bfe5) c.j     pc - 8
core   0: 3 0x8000b4f6 (0xbfe5)
core   0: 0x8000b4ee (0x00005f17) auipc   t5, 0x5
core   0: 3 0x8000b4ee (0x00005f17) x30 0x800104ee
core   0: 0x8000b4f2 (0xb03f2923) sw      gp, -1262(t5)
core   0: 3 0x8000b4f2 (0xb03f2923) mem 0x80010000 0x00000001
core   0: 0x8000b4f6 (0x0000bfe5) c.j     pc - 8
core   0: 3 0x8000b4f6 (0xbfe5)
core   0: 0x8000b4ee (0x00005f17) auipc   t5, 0x5
core   0: 3 0x8000b4ee (0x00005f17) x30 0x800104ee
core   0: 0x8000b4f2 (0xb03f2923) sw      gp, -1262(t5)
core   0: 3 0x8000b4f2 (0xb03f2923) mem 0x80010000 0x00000001
core   0: 0x8000b4f6 (0x0000bfe5) c.j     pc - 8
core   0: 3 0x8000b4f6 (0xbfe5)
core   0: 0x8000b4ee (0x00005f17) auipc   t5, 0x5
core   0: 3 0x8000b4ee (0x00005f17) x30 0x800104ee
core   0: 0x8000b4f2 (0xb03f2923) sw      gp, -1262(t5)
core   0: 3 0x8000b4f2 (0xb03f2923) mem 0x80010000 0x00000001
core   0: 0x8000b4f6 (0x0000bfe5) c.j     pc - 8
core   0: 3 0x8000b4f6 (0xbfe5)
core   0: 0x8000b4ee (0x00005f17) auipc   t5, 0x5
core   0: 3 0x8000b4ee (0x00005f17) x30 0x800104ee
core   0: 0x8000b4f2 (0xb03f2923) sw      gp, -1262(t5)
core   0: 3 0x8000b4f2 (0xb03f2923) mem 0x80010000 0x00000001
core   0: 0x8000b4f6 (0x0000bfe5) c.j     pc - 8
core   0: 3 0x8000b4f6 (0xbfe5)
core   0: 0x8000b4ee (0x00005f17) auipc   t5, 0x5
core   0: 3 0x8000b4ee (0x00005f17) x30 0x800104ee
core   0: 0x8000b4f2 (0xb03f2923) sw      gp, -1262(t5)
core   0: 3 0x8000b4f2 (0xb03f2923) mem 0x80010000 0x00000001
core   0: 0x8000b4f6 (0x0000bfe5) c.j     pc - 8
core   0: 3 0x8000b4f6 (0xbfe5)
core   0: 0x8000b4ee (0x00005f17) auipc   t5, 0x5
core   0: 3 0x8000b4ee (0x00005f17) x30 0x800104ee
core   0: 0x8000b4f2 (0xb03f2923) sw      gp, -1262(t5)
core   0: 3 0x8000b4f2 (0xb03f2923) mem 0x80010000 0x00000001
core   0: 0x8000b4f6 (0x0000bfe5) c.j     pc - 8
core   0: 3 0x8000b4f6 (0xbfe5)
core   0: 0x8000b4ee (0x00005f17) auipc   t5, 0x5
core   0: 3 0x8000b4ee (0x00005f17) x30 0x800104ee
core   0: 0x8000b4f2 (0xb03f2923) sw      gp, -1262(t5)
core   0: 3 0x8000b4f2 (0xb03f2923) mem 0x80010000 0x00000001
core   0: 0x8000b4f6 (0x0000bfe5) c.j     pc - 8
core   0: 3 0x8000b4f6 (0xbfe5)
core   0: 0x8000b4ee (0x00005f17) auipc   t5, 0x5
core   0: 3 0x8000b4ee (0x00005f17) x30 0x800104ee
core   0: 0x8000b4f2 (0xb03f2923) sw      gp, -1262(t5)
core   0: 3 0x8000b4f2 (0xb03f2923) mem 0x80010000 0x00000001
core   0: 0x8000b4f6 (0x0000bfe5) c.j     pc - 8
core   0: 3 0x8000b4f6 (0xbfe5)
core   0: 0x8000b4ee (0x00005f17) auipc   t5, 0x5
core   0: 3 0x8000b4ee (0x00005f17) x30 0x800104ee
core   0: 0x8000b4f2 (0xb03f2923) sw      gp, -1262(t5)
core   0: 3 0x8000b4f2 (0xb03f2923) mem 0x80010000 0x00000001
core   0: 0x8000b4f6 (0x0000bfe5) c.j     pc - 8
core   0: 3 0x8000b4f6 (0xbfe5)
core   0: 0x8000b4ee (0x00005f17) auipc   t5, 0x5
core   0: 3 0x8000b4ee (0x00005f17) x30 0x800104ee
core   0: 0x8000b4f2 (0xb03f2923) sw      gp, -1262(t5)
core   0: 3 0x8000b4f2 (0xb03f2923) mem 0x80010000 0x00000001
core   0: 0x8000b4f6 (0x0000bfe5) c.j     pc - 8
core   0: 3 0x8000b4f6 (0xbfe5)
core   0: 0x8000b4ee (0x00005f17) auipc   t5, 0x5
core   0: 3 0x8000b4ee (0x00005f17) x30 0x800104ee
core   0: 0x8000b4f2 (0xb03f2923) sw      gp, -1262(t5)
core   0: 3 0x8000b4f2 (0xb03f2923) mem 0x80010000 0x00000001
core   0: 0x8000b4f6 (0x0000bfe5) c.j     pc - 8
core   0: 3 0x8000b4f6 (0xbfe5)
core   0: 0x8000b4ee (0x00005f17) auipc   t5, 0x5
core   0: 3 0x8000b4ee (0x00005f17) x30 0x800104ee
core   0: 0x8000b4f2 (0xb03f2923) sw      gp, -1262(t5)
core   0: 3 0x8000b4f2 (0xb03f2923) mem 0x80010000 0x00000001
core   0: 0x8000b4f6 (0x0000bfe5) c.j     pc - 8
core   0: 3 0x8000b4f6 (0xbfe5)
core   0: 0x8000b4ee (0x00005f17) auipc   t5, 0x5
core   0: 3 0x8000b4ee (0x00005f17) x30 0x800104ee
core   0: 0x8000b4f2 (0xb03f2923) sw      gp, -1262(t5)
core   0: 3 0x8000b4f2 (0xb03f2923) mem 0x80010000 0x00000001
core   0: 0x8000b4f6 (0x0000bfe5) c.j     pc - 8
core   0: 3 0x8000b4f6 (0xbfe5)
core   0: 0x8000b4ee (0x00005f17) auipc   t5, 0x5
core   0: 3 0x8000b4ee (0x00005f17) x30 0x800104ee
core   0: 0x8000b4f2 (0xb03f2923) sw      gp, -1262(t5)
core   0: 3 0x8000b4f2 (0xb03f2923) mem 0x80010000 0x00000001
core   0: 0x8000b4f6 (0x0000bfe5) c.j     pc - 8
core   0: 3 0x8000b4f6 (0xbfe5)
core   0: 0x8000b4ee (0x00005f17) auipc   t5, 0x5
core   0: 3 0x8000b4ee (0x00005f17) x30 0x800104ee
core   0: 0x8000b4f2 (0xb03f2923) sw      gp, -1262(t5)
core   0: 3 0x8000b4f2 (0xb03f2923) mem 0x80010000 0x00000001
core   0: 0x8000b4f6 (0x0000bfe5) c.j     pc - 8
core   0: 3 0x8000b4f6 (0xbfe5)
core   0: 0x8000b4ee (0x00005f17) auipc   t5, 0x5
core   0: 3 0x8000b4ee (0x00005f17) x30 0x800104ee
core   0: 0x8000b4f2 (0xb03f2923) sw      gp, -1262(t5)
core   0: 3 0x8000b4f2 (0xb03f2923) mem 0x80010000 0x00000001
core   0: 0x8000b4f6 (0x0000bfe5) c.j     pc - 8
core   0: 3 0x8000b4f6 (0xbfe5)
core   0: 0x8000b4ee (0x00005f17) auipc   t5, 0x5
core   0: 3 0x8000b4ee (0x00005f17) x30 0x800104ee
core   0: 0x8000b4f2 (0xb03f2923) sw      gp, -1262(t5)
core   0: 3 0x8000b4f2 (0xb03f2923) mem 0x80010000 0x00000001
core   0: 0x8000b4f6 (0x0000bfe5) c.j     pc - 8
core   0: 3 0x8000b4f6 (0xbfe5)
core   0: 0x8000b4ee (0x00005f17) auipc   t5, 0x5
core   0: 3 0x8000b4ee (0x00005f17) x30 0x800104ee
core   0: 0x8000b4f2 (0xb03f2923) sw      gp, -1262(t5)
core   0: 3 0x8000b4f2 (0xb03f2923) mem 0x80010000 0x00000001
core   0: 0x8000b4f6 (0x0000bfe5) c.j     pc - 8
core   0: 3 0x8000b4f6 (0xbfe5)
core   0: 0x8000b4ee (0x00005f17) auipc   t5, 0x5
core   0: 3 0x8000b4ee (0x00005f17) x30 0x800104ee
core   0: 0x8000b4f2 (0xb03f2923) sw      gp, -1262(t5)
core   0: 3 0x8000b4f2 (0xb03f2923) mem 0x80010000 0x00000001
core   0: 0x8000b4f6 (0x0000bfe5) c.j     pc - 8
core   0: 3 0x8000b4f6 (0xbfe5)
core   0: 0x8000b4ee (0x00005f17) auipc   t5, 0x5
core   0: 3 0x8000b4ee (0x00005f17) x30 0x800104ee
core   0: 0x8000b4f2 (0xb03f2923) sw      gp, -1262(t5)
core   0: 3 0x8000b4f2 (0xb03f2923) mem 0x80010000 0x00000001
core   0: 0x8000b4f6 (0x0000bfe5) c.j     pc - 8
core   0: 3 0x8000b4f6 (0xbfe5)
core   0: 0x8000b4ee (0x00005f17) auipc   t5, 0x5
core   0: 3 0x8000b4ee (0x00005f17) x30 0x800104ee
core   0: 0x8000b4f2 (0xb03f2923) sw      gp, -1262(t5)
core   0: 3 0x8000b4f2 (0xb03f2923) mem 0x80010000 0x00000001
core   0: 0x8000b4f6 (0x0000bfe5) c.j     pc - 8
core   0: 3 0x8000b4f6 (0xbfe5)
core   0: 0x8000b4ee (0x00005f17) auipc   t5, 0x5
core   0: 3 0x8000b4ee (0x00005f17) x30 0x800104ee
core   0: 0x8000b4f2 (0xb03f2923) sw      gp, -1262(t5)
core   0: 3 0x8000b4f2 (0xb03f2923) mem 0x80010000 0x00000001
core   0: 0x8000b4f6 (0x0000bfe5) c.j     pc - 8
core   0: 3 0x8000b4f6 (0xbfe5)
core   0: 0x8000b4ee (0x00005f17) auipc   t5, 0x5
core   0: 3 0x8000b4ee (0x00005f17) x30 0x800104ee
core   0: 0x8000b4f2 (0xb03f2923) sw      gp, -1262(t5)
core   0: 3 0x8000b4f2 (0xb03f2923) mem 0x80010000 0x00000001
core   0: 0x8000b4f6 (0x0000bfe5) c.j     pc - 8
core   0: 3 0x8000b4f6 (0xbfe5)
core   0: 0x8000b4ee (0x00005f17) auipc   t5, 0x5
core   0: 3 0x8000b4ee (0x00005f17) x30 0x800104ee
core   0: 0x8000b4f2 (0xb03f2923) sw      gp, -1262(t5)
core   0: 3 0x8000b4f2 (0xb03f2923) mem 0x80010000 0x00000001
core   0: 0x8000b4f6 (0x0000bfe5) c.j     pc - 8
core   0: 3 0x8000b4f6 (0xbfe5)
core   0: 0x8000b4ee (0x00005f17) auipc   t5, 0x5
core   0: 3 0x8000b4ee (0x00005f17) x30 0x800104ee
core   0: 0x8000b4f2 (0xb03f2923) sw      gp, -1262(t5)
core   0: 3 0x8000b4f2 (0xb03f2923) mem 0x80010000 0x00000001
core   0: 0x8000b4f6 (0x0000bfe5) c.j     pc - 8
core   0: 3 0x8000b4f6 (0xbfe5)
core   0: 0x8000b4ee (0x00005f17) auipc   t5, 0x5
core   0: 3 0x8000b4ee (0x00005f17) x30 0x800104ee
core   0: 0x8000b4f2 (0xb03f2923) sw      gp, -1262(t5)
core   0: 3 0x8000b4f2 (0xb03f2923) mem 0x80010000 0x00000001
core   0: 0x8000b4f6 (0x0000bfe5) c.j     pc - 8
core   0: 3 0x8000b4f6 (0xbfe5)
core   0: 0x8000b4ee (0x00005f17) auipc   t5, 0x5
core   0: 3 0x8000b4ee (0x00005f17) x30 0x800104ee
core   0: 0x8000b4f2 (0xb03f2923) sw      gp, -1262(t5)
core   0: 3 0x8000b4f2 (0xb03f2923) mem 0x80010000 0x00000001
core   0: 0x8000b4f6 (0x0000bfe5) c.j     pc - 8
core   0: 3 0x8000b4f6 (0xbfe5)
core   0: 0x8000b4ee (0x00005f17) auipc   t5, 0x5
core   0: 3 0x8000b4ee (0x00005f17) x30 0x800104ee
core   0: 0x8000b4f2 (0xb03f2923) sw      gp, -1262(t5)
core   0: 3 0x8000b4f2 (0xb03f2923) mem 0x80010000 0x00000001
core   0: 0x8000b4f6 (0x0000bfe5) c.j     pc - 8
core   0: 3 0x8000b4f6 (0xbfe5)
core   0: 0x8000b4ee (0x00005f17) auipc   t5, 0x5
core   0: 3 0x8000b4ee (0x00005f17) x30 0x800104ee
core   0: 0x8000b4f2 (0xb03f2923) sw      gp, -1262(t5)
core   0: 3 0x8000b4f2 (0xb03f2923) mem 0x80010000 0x00000001
core   0: 0x8000b4f6 (0x0000bfe5) c.j     pc - 8
core   0: 3 0x8000b4f6 (0xbfe5)
core   0: 0x8000b4ee (0x00005f17) auipc   t5, 0x5
core   0: 3 0x8000b4ee (0x00005f17) x30 0x800104ee
core   0: 0x8000b4f2 (0xb03f2923) sw      gp, -1262(t5)
core   0: 3 0x8000b4f2 (0xb03f2923) mem 0x80010000 0x00000001
core   0: 0x8000b4f6 (0x0000bfe5) c.j     pc - 8
core   0: 3 0x8000b4f6 (0xbfe5)
core   0: 0x8000b4ee (0x00005f17) auipc   t5, 0x5
core   0: 3 0x8000b4ee (0x00005f17) x30 0x800104ee
core   0: 0x8000b4f2 (0xb03f2923) sw      gp, -1262(t5)
core   0: 3 0x8000b4f2 (0xb03f2923) mem 0x80010000 0x00000001
core   0: 0x8000b4f6 (0x0000bfe5) c.j     pc - 8
core   0: 3 0x8000b4f6 (0xbfe5)
core   0: 0x8000b4ee (0x00005f17) auipc   t5, 0x5
core   0: 3 0x8000b4ee (0x00005f17) x30 0x800104ee
core   0: 0x8000b4f2 (0xb03f2923) sw      gp, -1262(t5)
core   0: 3 0x8000b4f2 (0xb03f2923) mem 0x80010000 0x00000001
core   0: 0x8000b4f6 (0x0000bfe5) c.j     pc - 8
core   0: 3 0x8000b4f6 (0xbfe5)
core   0: 0x8000b4ee (0x00005f17) auipc   t5, 0x5
core   0: 3 0x8000b4ee (0x00005f17) x30 0x800104ee
core   0: 0x8000b4f2 (0xb03f2923) sw      gp, -1262(t5)
core   0: 3 0x8000b4f2 (0xb03f2923) mem 0x80010000 0x00000001
core   0: 0x8000b4f6 (0x0000bfe5) c.j     pc - 8
core   0: 3 0x8000b4f6 (0xbfe5)
core   0: 0x8000b4ee (0x00005f17) auipc   t5, 0x5
core   0: 3 0x8000b4ee (0x00005f17) x30 0x800104ee
core   0: 0x8000b4f2 (0xb03f2923) sw      gp, -1262(t5)
core   0: 3 0x8000b4f2 (0xb03f2923) mem 0x80010000 0x00000001
core   0: 0x8000b4f6 (0x0000bfe5) c.j     pc - 8
core   0: 3 0x8000b4f6 (0xbfe5)
core   0: 0x8000b4ee (0x00005f17) auipc   t5, 0x5
core   0: 3 0x8000b4ee (0x00005f17) x30 0x800104ee
core   0: 0x8000b4f2 (0xb03f2923) sw      gp, -1262(t5)
core   0: 3 0x8000b4f2 (0xb03f2923) mem 0x80010000 0x00000001
core   0: 0x8000b4f6 (0x0000bfe5) c.j     pc - 8
core   0: 3 0x8000b4f6 (0xbfe5)
core   0: 0x8000b4ee (0x00005f17) auipc   t5, 0x5
core   0: 3 0x8000b4ee (0x00005f17) x30 0x800104ee
core   0: 0x8000b4f2 (0xb03f2923) sw      gp, -1262(t5)
core   0: 3 0x8000b4f2 (0xb03f2923) mem 0x80010000 0x00000001
core   0: 0x8000b4f6 (0x0000bfe5) c.j     pc - 8
core   0: 3 0x8000b4f6 (0xbfe5)
core   0: 0x8000b4ee (0x00005f17) auipc   t5, 0x5
core   0: 3 0x8000b4ee (0x00005f17) x30 0x800104ee
core   0: 0x8000b4f2 (0xb03f2923) sw      gp, -1262(t5)
core   0: 3 0x8000b4f2 (0xb03f2923) mem 0x80010000 0x00000001
core   0: 0x8000b4f6 (0x0000bfe5) c.j     pc - 8
core   0: 3 0x8000b4f6 (0xbfe5)
core   0: 0x8000b4ee (0x00005f17) auipc   t5, 0x5
core   0: 3 0x8000b4ee (0x00005f17) x30 0x800104ee
core   0: 0x8000b4f2 (0xb03f2923) sw      gp, -1262(t5)
core   0: 3 0x8000b4f2 (0xb03f2923) mem 0x80010000 0x00000001
core   0: 0x8000b4f6 (0x0000bfe5) c.j     pc - 8
core   0: 3 0x8000b4f6 (0xbfe5)
core   0: 0x8000b4ee (0x00005f17) auipc   t5, 0x5
core   0: 3 0x8000b4ee (0x00005f17) x30 0x800104ee
core   0: 0x8000b4f2 (0xb03f2923) sw      gp, -1262(t5)
core   0: 3 0x8000b4f2 (0xb03f2923) mem 0x80010000 0x00000001
core   0: 0x8000b4f6 (0x0000bfe5) c.j     pc - 8
core   0: 3 0x8000b4f6 (0xbfe5)
core   0: 0x8000b4ee (0x00005f17) auipc   t5, 0x5
core   0: 3 0x8000b4ee (0x00005f17) x30 0x800104ee
core   0: 0x8000b4f2 (0xb03f2923) sw      gp, -1262(t5)
core   0: 3 0x8000b4f2 (0xb03f2923) mem 0x80010000 0x00000001
core   0: 0x8000b4f6 (0x0000bfe5) c.j     pc - 8
core   0: 3 0x8000b4f6 (0xbfe5)
core   0: 0x8000b4ee (0x00005f17) auipc   t5, 0x5
core   0: 3 0x8000b4ee (0x00005f17) x30 0x800104ee
core   0: 0x8000b4f2 (0xb03f2923) sw      gp, -1262(t5)
core   0: 3 0x8000b4f2 (0xb03f2923) mem 0x80010000 0x00000001
core   0: 0x8000b4f6 (0x0000bfe5) c.j     pc - 8
core   0: 3 0x8000b4f6 (0xbfe5)
core   0: 0x8000b4ee (0x00005f17) auipc   t5, 0x5
core   0: 3 0x8000b4ee (0x00005f17) x30 0x800104ee
core   0: 0x8000b4f2 (0xb03f2923) sw      gp, -1262(t5)
core   0: 3 0x8000b4f2 (0xb03f2923) mem 0x80010000 0x00000001
core   0: 0x8000b4f6 (0x0000bfe5) c.j     pc - 8
core   0: 3 0x8000b4f6 (0xbfe5)
core   0: 0x8000b4ee (0x00005f17) auipc   t5, 0x5
core   0: 3 0x8000b4ee (0x00005f17) x30 0x800104ee
core   0: 0x8000b4f2 (0xb03f2923) sw      gp, -1262(t5)
core   0: 3 0x8000b4f2 (0xb03f2923) mem 0x80010000 0x00000001
core   0: 0x8000b4f6 (0x0000bfe5) c.j     pc - 8
core   0: 3 0x8000b4f6 (0xbfe5)
core   0: 0x8000b4ee (0x00005f17) auipc   t5, 0x5
core   0: 3 0x8000b4ee (0x00005f17) x30 0x800104ee
core   0: 0x8000b4f2 (0xb03f2923) sw      gp, -1262(t5)
core   0: 3 0x8000b4f2 (0xb03f2923) mem 0x80010000 0x00000001
core   0: 0x8000b4f6 (0x0000bfe5) c.j     pc - 8
core   0: 3 0x8000b4f6 (0xbfe5)
core   0: 0x8000b4ee (0x00005f17) auipc   t5, 0x5
core   0: 3 0x8000b4ee (0x00005f17) x30 0x800104ee
core   0: 0x8000b4f2 (0xb03f2923) sw      gp, -1262(t5)
core   0: 3 0x8000b4f2 (0xb03f2923) mem 0x80010000 0x00000001
core   0: 0x8000b4f6 (0x0000bfe5) c.j     pc - 8
core   0: 3 0x8000b4f6 (0xbfe5)
core   0: 0x8000b4ee (0x00005f17) auipc   t5, 0x5
core   0: 3 0x8000b4ee (0x00005f17) x30 0x800104ee
core   0: 0x8000b4f2 (0xb03f2923) sw      gp, -1262(t5)
core   0: 3 0x8000b4f2 (0xb03f2923) mem 0x80010000 0x00000001
core   0: 0x8000b4f6 (0x0000bfe5) c.j     pc - 8
core   0: 3 0x8000b4f6 (0xbfe5)
core   0: 0x8000b4ee (0x00005f17) auipc   t5, 0x5
core   0: 3 0x8000b4ee (0x00005f17) x30 0x800104ee
core   0: 0x8000b4f2 (0xb03f2923) sw      gp, -1262(t5)
core   0: 3 0x8000b4f2 (0xb03f2923) mem 0x80010000 0x00000001
core   0: 0x8000b4f6 (0x0000bfe5) c.j     pc - 8
core   0: 3 0x8000b4f6 (0xbfe5)
core   0: 0x8000b4ee (0x00005f17) auipc   t5, 0x5
core   0: 3 0x8000b4ee (0x00005f17) x30 0x800104ee
core   0: 0x8000b4f2 (0xb03f2923) sw      gp, -1262(t5)
core   0: 3 0x8000b4f2 (0xb03f2923) mem 0x80010000 0x00000001
core   0: 0x8000b4f6 (0x0000bfe5) c.j     pc - 8
core   0: 3 0x8000b4f6 (0xbfe5)
core   0: 0x8000b4ee (0x00005f17) auipc   t5, 0x5
core   0: 3 0x8000b4ee (0x00005f17) x30 0x800104ee
core   0: 0x8000b4f2 (0xb03f2923) sw      gp, -1262(t5)
core   0: 3 0x8000b4f2 (0xb03f2923) mem 0x80010000 0x00000001
core   0: 0x8000b4f6 (0x0000bfe5) c.j     pc - 8
core   0: 3 0x8000b4f6 (0xbfe5)
core   0: 0x8000b4ee (0x00005f17) auipc   t5, 0x5
core   0: 3 0x8000b4ee (0x00005f17) x30 0x800104ee
core   0: 0x8000b4f2 (0xb03f2923) sw      gp, -1262(t5)
core   0: 3 0x8000b4f2 (0xb03f2923) mem 0x80010000 0x00000001
core   0: 0x8000b4f6 (0x0000bfe5) c.j     pc - 8
core   0: 3 0x8000b4f6 (0xbfe5)
core   0: 0x8000b4ee (0x00005f17) auipc   t5, 0x5
core   0: 3 0x8000b4ee (0x00005f17) x30 0x800104ee
core   0: 0x8000b4f2 (0xb03f2923) sw      gp, -1262(t5)
core   0: 3 0x8000b4f2 (0xb03f2923) mem 0x80010000 0x00000001
core   0: 0x8000b4f6 (0x0000bfe5) c.j     pc - 8
core   0: 3 0x8000b4f6 (0xbfe5)
core   0: 0x8000b4ee (0x00005f17) auipc   t5, 0x5
core   0: 3 0x8000b4ee (0x00005f17) x30 0x800104ee
core   0: 0x8000b4f2 (0xb03f2923) sw      gp, -1262(t5)
core   0: 3 0x8000b4f2 (0xb03f2923) mem 0x80010000 0x00000001
core   0: 0x8000b4f6 (0x0000bfe5) c.j     pc - 8
core   0: 3 0x8000b4f6 (0xbfe5)
core   0: 0x8000b4ee (0x00005f17) auipc   t5, 0x5
core   0: 3 0x8000b4ee (0x00005f17) x30 0x800104ee
core   0: 0x8000b4f2 (0xb03f2923) sw      gp, -1262(t5)
core   0: 3 0x8000b4f2 (0xb03f2923) mem 0x80010000 0x00000001
core   0: 0x8000b4f6 (0x0000bfe5) c.j     pc - 8
core   0: 3 0x8000b4f6 (0xbfe5)
core   0: 0x8000b4ee (0x00005f17) auipc   t5, 0x5
core   0: 3 0x8000b4ee (0x00005f17) x30 0x800104ee
core   0: 0x8000b4f2 (0xb03f2923) sw      gp, -1262(t5)
core   0: 3 0x8000b4f2 (0xb03f2923) mem 0x80010000 0x00000001
core   0: 0x8000b4f6 (0x0000bfe5) c.j     pc - 8
core   0: 3 0x8000b4f6 (0xbfe5)
core   0: 0x8000b4ee (0x00005f17) auipc   t5, 0x5
core   0: 3 0x8000b4ee (0x00005f17) x30 0x800104ee
core   0: 0x8000b4f2 (0xb03f2923) sw      gp, -1262(t5)
core   0: 3 0x8000b4f2 (0xb03f2923) mem 0x80010000 0x00000001
core   0: 0x8000b4f6 (0x0000bfe5) c.j     pc - 8
core   0: 3 0x8000b4f6 (0xbfe5)
core   0: 0x8000b4ee (0x00005f17) auipc   t5, 0x5
core   0: 3 0x8000b4ee (0x00005f17) x30 0x800104ee
core   0: 0x8000b4f2 (0xb03f2923) sw      gp, -1262(t5)
core   0: 3 0x8000b4f2 (0xb03f2923) mem 0x80010000 0x00000001
core   0: 0x8000b4f6 (0x0000bfe5) c.j     pc - 8
core   0: 3 0x8000b4f6 (0xbfe5)
core   0: 0x8000b4ee (0x00005f17) auipc   t5, 0x5
core   0: 3 0x8000b4ee (0x00005f17) x30 0x800104ee
core   0: 0x8000b4f2 (0xb03f2923) sw      gp, -1262(t5)
core   0: 3 0x8000b4f2 (0xb03f2923) mem 0x80010000 0x00000001
core   0: 0x8000b4f6 (0x0000bfe5) c.j     pc - 8
core   0: 3 0x8000b4f6 (0xbfe5)
core   0: 0x8000b4ee (0x00005f17) auipc   t5, 0x5
core   0: 3 0x8000b4ee (0x00005f17) x30 0x800104ee
core   0: 0x8000b4f2 (0xb03f2923) sw      gp, -1262(t5)
core   0: 3 0x8000b4f2 (0xb03f2923) mem 0x80010000 0x00000001
core   0: 0x8000b4f6 (0x0000bfe5) c.j     pc - 8
core   0: 3 0x8000b4f6 (0xbfe5)
core   0: 0x8000b4ee (0x00005f17) auipc   t5, 0x5
core   0: 3 0x8000b4ee (0x00005f17) x30 0x800104ee
core   0: 0x8000b4f2 (0xb03f2923) sw      gp, -1262(t5)
core   0: 3 0x8000b4f2 (0xb03f2923) mem 0x80010000 0x00000001
core   0: 0x8000b4f6 (0x0000bfe5) c.j     pc - 8
core   0: 3 0x8000b4f6 (0xbfe5)
core   0: 0x8000b4ee (0x00005f17) auipc   t5, 0x5
core   0: 3 0x8000b4ee (0x00005f17) x30 0x800104ee
core   0: 0x8000b4f2 (0xb03f2923) sw      gp, -1262(t5)
core   0: 3 0x8000b4f2 (0xb03f2923) mem 0x80010000 0x00000001
core   0: 0x8000b4f6 (0x0000bfe5) c.j     pc - 8
core   0: 3 0x8000b4f6 (0xbfe5)
core   0: 0x8000b4ee (0x00005f17) auipc   t5, 0x5
core   0: 3 0x8000b4ee (0x00005f17) x30 0x800104ee
core   0: 0x8000b4f2 (0xb03f2923) sw      gp, -1262(t5)
core   0: 3 0x8000b4f2 (0xb03f2923) mem 0x80010000 0x00000001
core   0: 0x8000b4f6 (0x0000bfe5) c.j     pc - 8
core   0: 3 0x8000b4f6 (0xbfe5)
core   0: 0x8000b4ee (0x00005f17) auipc   t5, 0x5
core   0: 3 0x8000b4ee (0x00005f17) x30 0x800104ee
core   0: 0x8000b4f2 (0xb03f2923) sw      gp, -1262(t5)
core   0: 3 0x8000b4f2 (0xb03f2923) mem 0x80010000 0x00000001
core   0: 0x8000b4f6 (0x0000bfe5) c.j     pc - 8
core   0: 3 0x8000b4f6 (0xbfe5)
core   0: 0x8000b4ee (0x00005f17) auipc   t5, 0x5
core   0: 3 0x8000b4ee (0x00005f17) x30 0x800104ee
core   0: 0x8000b4f2 (0xb03f2923) sw      gp, -1262(t5)
core   0: 3 0x8000b4f2 (0xb03f2923) mem 0x80010000 0x00000001
core   0: 0x8000b4f6 (0x0000bfe5) c.j     pc - 8
core   0: 3 0x8000b4f6 (0xbfe5)
core   0: 0x8000b4ee (0x00005f17) auipc   t5, 0x5
core   0: 3 0x8000b4ee (0x00005f17) x30 0x800104ee
core   0: 0x8000b4f2 (0xb03f2923) sw      gp, -1262(t5)
core   0: 3 0x8000b4f2 (0xb03f2923) mem 0x80010000 0x00000001
core   0: 0x8000b4f6 (0x0000bfe5) c.j     pc - 8
core   0: 3 0x8000b4f6 (0xbfe5)
core   0: 0x8000b4ee (0x00005f17) auipc   t5, 0x5
core   0: 3 0x8000b4ee (0x00005f17) x30 0x800104ee
core   0: 0x8000b4f2 (0xb03f2923) sw      gp, -1262(t5)
core   0: 3 0x8000b4f2 (0xb03f2923) mem 0x80010000 0x00000001
core   0: 0x8000b4f6 (0x0000bfe5) c.j     pc - 8
core   0: 3 0x8000b4f6 (0xbfe5)
core   0: 0x8000b4ee (0x00005f17) auipc   t5, 0x5
core   0: 3 0x8000b4ee (0x00005f17) x30 0x800104ee
core   0: 0x8000b4f2 (0xb03f2923) sw      gp, -1262(t5)
core   0: 3 0x8000b4f2 (0xb03f2923) mem 0x80010000 0x00000001
core   0: 0x8000b4f6 (0x0000bfe5) c.j     pc - 8
core   0: 3 0x8000b4f6 (0xbfe5)
core   0: 0x8000b4ee (0x00005f17) auipc   t5, 0x5
core   0: 3 0x8000b4ee (0x00005f17) x30 0x800104ee
core   0: 0x8000b4f2 (0xb03f2923) sw      gp, -1262(t5)
core   0: 3 0x8000b4f2 (0xb03f2923) mem 0x80010000 0x00000001
core   0: 0x8000b4f6 (0x0000bfe5) c.j     pc - 8
core   0: 3 0x8000b4f6 (0xbfe5)
core   0: 0x8000b4ee (0x00005f17) auipc   t5, 0x5
core   0: 3 0x8000b4ee (0x00005f17) x30 0x800104ee
core   0: 0x8000b4f2 (0xb03f2923) sw      gp, -1262(t5)
core   0: 3 0x8000b4f2 (0xb03f2923) mem 0x80010000 0x00000001
core   0: 0x8000b4f6 (0x0000bfe5) c.j     pc - 8
core   0: 3 0x8000b4f6 (0xbfe5)
core   0: 0x8000b4ee (0x00005f17) auipc   t5, 0x5
core   0: 3 0x8000b4ee (0x00005f17) x30 0x800104ee
core   0: 0x8000b4f2 (0xb03f2923) sw      gp, -1262(t5)
core   0: 3 0x8000b4f2 (0xb03f2923) mem 0x80010000 0x00000001
core   0: 0x8000b4f6 (0x0000bfe5) c.j     pc - 8
core   0: 3 0x8000b4f6 (0xbfe5)
core   0: 0x8000b4ee (0x00005f17) auipc   t5, 0x5
core   0: 3 0x8000b4ee (0x00005f17) x30 0x800104ee
core   0: 0x8000b4f2 (0xb03f2923) sw      gp, -1262(t5)
core   0: 3 0x8000b4f2 (0xb03f2923) mem 0x80010000 0x00000001
core   0: 0x8000b4f6 (0x0000bfe5) c.j     pc - 8
core   0: 3 0x8000b4f6 (0xbfe5)
core   0: 0x8000b4ee (0x00005f17) auipc   t5, 0x5
core   0: 3 0x8000b4ee (0x00005f17) x30 0x800104ee
core   0: 0x8000b4f2 (0xb03f2923) sw      gp, -1262(t5)
core   0: 3 0x8000b4f2 (0xb03f2923) mem 0x80010000 0x00000001
core   0: 0x8000b4f6 (0x0000bfe5) c.j     pc - 8
core   0: 3 0x8000b4f6 (0xbfe5)
core   0: 0x8000b4ee (0x00005f17) auipc   t5, 0x5
core   0: 3 0x8000b4ee (0x00005f17) x30 0x800104ee
core   0: 0x8000b4f2 (0xb03f2923) sw      gp, -1262(t5)
core   0: 3 0x8000b4f2 (0xb03f2923) mem 0x80010000 0x00000001
core   0: 0x8000b4f6 (0x0000bfe5) c.j     pc - 8
core   0: 3 0x8000b4f6 (0xbfe5)
core   0: 0x8000b4ee (0x00005f17) auipc   t5, 0x5
core   0: 3 0x8000b4ee (0x00005f17) x30 0x800104ee
core   0: 0x8000b4f2 (0xb03f2923) sw      gp, -1262(t5)
core   0: 3 0x8000b4f2 (0xb03f2923) mem 0x80010000 0x00000001
core   0: 0x8000b4f6 (0x0000bfe5) c.j     pc - 8
core   0: 3 0x8000b4f6 (0xbfe5)
core   0: 0x8000b4ee (0x00005f17) auipc   t5, 0x5
core   0: 3 0x8000b4ee (0x00005f17) x30 0x800104ee
core   0: 0x8000b4f2 (0xb03f2923) sw      gp, -1262(t5)
core   0: 3 0x8000b4f2 (0xb03f2923) mem 0x80010000 0x00000001
core   0: 0x8000b4f6 (0x0000bfe5) c.j     pc - 8
core   0: 3 0x8000b4f6 (0xbfe5)
core   0: 0x8000b4ee (0x00005f17) auipc   t5, 0x5
core   0: 3 0x8000b4ee (0x00005f17) x30 0x800104ee
core   0: 0x8000b4f2 (0xb03f2923) sw      gp, -1262(t5)
core   0: 3 0x8000b4f2 (0xb03f2923) mem 0x80010000 0x00000001
core   0: 0x8000b4f6 (0x0000bfe5) c.j     pc - 8
core   0: 3 0x8000b4f6 (0xbfe5)
core   0: 0x8000b4ee (0x00005f17) auipc   t5, 0x5
core   0: 3 0x8000b4ee (0x00005f17) x30 0x800104ee
core   0: 0x8000b4f2 (0xb03f2923) sw      gp, -1262(t5)
core   0: 3 0x8000b4f2 (0xb03f2923) mem 0x80010000 0x00000001
core   0: 0x8000b4f6 (0x0000bfe5) c.j     pc - 8
core   0: 3 0x8000b4f6 (0xbfe5)
core   0: 0x8000b4ee (0x00005f17) auipc   t5, 0x5
core   0: 3 0x8000b4ee (0x00005f17) x30 0x800104ee
core   0: 0x8000b4f2 (0xb03f2923) sw      gp, -1262(t5)
core   0: 3 0x8000b4f2 (0xb03f2923) mem 0x80010000 0x00000001
core   0: 0x8000b4f6 (0x0000bfe5) c.j     pc - 8
core   0: 3 0x8000b4f6 (0xbfe5)
core   0: 0x8000b4ee (0x00005f17) auipc   t5, 0x5
core   0: 3 0x8000b4ee (0x00005f17) x30 0x800104ee
core   0: 0x8000b4f2 (0xb03f2923) sw      gp, -1262(t5)
core   0: 3 0x8000b4f2 (0xb03f2923) mem 0x80010000 0x00000001
core   0: 0x8000b4f6 (0x0000bfe5) c.j     pc - 8
core   0: 3 0x8000b4f6 (0xbfe5)
core   0: 0x8000b4ee (0x00005f17) auipc   t5, 0x5
core   0: 3 0x8000b4ee (0x00005f17) x30 0x800104ee
core   0: 0x8000b4f2 (0xb03f2923) sw      gp, -1262(t5)
core   0: 3 0x8000b4f2 (0xb03f2923) mem 0x80010000 0x00000001
core   0: 0x8000b4f6 (0x0000bfe5) c.j     pc - 8
core   0: 3 0x8000b4f6 (0xbfe5)
core   0: 0x8000b4ee (0x00005f17) auipc   t5, 0x5
core   0: 3 0x8000b4ee (0x00005f17) x30 0x800104ee
core   0: 0x8000b4f2 (0xb03f2923) sw      gp, -1262(t5)
core   0: 3 0x8000b4f2 (0xb03f2923) mem 0x80010000 0x00000001
core   0: 0x8000b4f6 (0x0000bfe5) c.j     pc - 8
core   0: 3 0x8000b4f6 (0xbfe5)
core   0: 0x8000b4ee (0x00005f17) auipc   t5, 0x5
core   0: 3 0x8000b4ee (0x00005f17) x30 0x800104ee
core   0: 0x8000b4f2 (0xb03f2923) sw      gp, -1262(t5)
core   0: 3 0x8000b4f2 (0xb03f2923) mem 0x80010000 0x00000001
core   0: 0x8000b4f6 (0x0000bfe5) c.j     pc - 8
core   0: 3 0x8000b4f6 (0xbfe5)
core   0: 0x8000b4ee (0x00005f17) auipc   t5, 0x5
core   0: 3 0x8000b4ee (0x00005f17) x30 0x800104ee
core   0: 0x8000b4f2 (0xb03f2923) sw      gp, -1262(t5)
core   0: 3 0x8000b4f2 (0xb03f2923) mem 0x80010000 0x00000001
core   0: 0x8000b4f6 (0x0000bfe5) c.j     pc - 8
core   0: 3 0x8000b4f6 (0xbfe5)
core   0: 0x8000b4ee (0x00005f17) auipc   t5, 0x5
core   0: 3 0x8000b4ee (0x00005f17) x30 0x800104ee
core   0: 0x8000b4f2 (0xb03f2923) sw      gp, -1262(t5)
core   0: 3 0x8000b4f2 (0xb03f2923) mem 0x80010000 0x00000001
core   0: 0x8000b4f6 (0x0000bfe5) c.j     pc - 8
core   0: 3 0x8000b4f6 (0xbfe5)
core   0: 0x8000b4ee (0x00005f17) auipc   t5, 0x5
core   0: 3 0x8000b4ee (0x00005f17) x30 0x800104ee
core   0: 0x8000b4f2 (0xb03f2923) sw      gp, -1262(t5)
core   0: 3 0x8000b4f2 (0xb03f2923) mem 0x80010000 0x00000001
core   0: 0x8000b4f6 (0x0000bfe5) c.j     pc - 8
core   0: 3 0x8000b4f6 (0xbfe5)
core   0: 0x8000b4ee (0x00005f17) auipc   t5, 0x5
core   0: 3 0x8000b4ee (0x00005f17) x30 0x800104ee
core   0: 0x8000b4f2 (0xb03f2923) sw      gp, -1262(t5)
core   0: 3 0x8000b4f2 (0xb03f2923) mem 0x80010000 0x00000001
core   0: 0x8000b4f6 (0x0000bfe5) c.j     pc - 8
core   0: 3 0x8000b4f6 (0xbfe5)
core   0: 0x8000b4ee (0x00005f17) auipc   t5, 0x5
core   0: 3 0x8000b4ee (0x00005f17) x30 0x800104ee
core   0: 0x8000b4f2 (0xb03f2923) sw      gp, -1262(t5)
core   0: 3 0x8000b4f2 (0xb03f2923) mem 0x80010000 0x00000001
core   0: 0x8000b4f6 (0x0000bfe5) c.j     pc - 8
core   0: 3 0x8000b4f6 (0xbfe5)
core   0: 0x8000b4ee (0x00005f17) auipc   t5, 0x5
core   0: 3 0x8000b4ee (0x00005f17) x30 0x800104ee
core   0: 0x8000b4f2 (0xb03f2923) sw      gp, -1262(t5)
core   0: 3 0x8000b4f2 (0xb03f2923) mem 0x80010000 0x00000001
core   0: 0x8000b4f6 (0x0000bfe5) c.j     pc - 8
core   0: 3 0x8000b4f6 (0xbfe5)
core   0: 0x8000b4ee (0x00005f17) auipc   t5, 0x5
core   0: 3 0x8000b4ee (0x00005f17) x30 0x800104ee
core   0: 0x8000b4f2 (0xb03f2923) sw      gp, -1262(t5)
core   0: 3 0x8000b4f2 (0xb03f2923) mem 0x80010000 0x00000001
core   0: 0x8000b4f6 (0x0000bfe5) c.j     pc - 8
core   0: 3 0x8000b4f6 (0xbfe5)
core   0: 0x8000b4ee (0x00005f17) auipc   t5, 0x5
core   0: 3 0x8000b4ee (0x00005f17) x30 0x800104ee
core   0: 0x8000b4f2 (0xb03f2923) sw      gp, -1262(t5)
core   0: 3 0x8000b4f2 (0xb03f2923) mem 0x80010000 0x00000001
core   0: 0x8000b4f6 (0x0000bfe5) c.j     pc - 8
core   0: 3 0x8000b4f6 (0xbfe5)
core   0: 0x8000b4ee (0x00005f17) auipc   t5, 0x5
core   0: 3 0x8000b4ee (0x00005f17) x30 0x800104ee
core   0: 0x8000b4f2 (0xb03f2923) sw      gp, -1262(t5)
core   0: 3 0x8000b4f2 (0xb03f2923) mem 0x80010000 0x00000001
core   0: 0x8000b4f6 (0x0000bfe5) c.j     pc - 8
core   0: 3 0x8000b4f6 (0xbfe5)
core   0: 0x8000b4ee (0x00005f17) auipc   t5, 0x5
core   0: 3 0x8000b4ee (0x00005f17) x30 0x800104ee
core   0: 0x8000b4f2 (0xb03f2923) sw      gp, -1262(t5)
core   0: 3 0x8000b4f2 (0xb03f2923) mem 0x80010000 0x00000001
core   0: 0x8000b4f6 (0x0000bfe5) c.j     pc - 8
core   0: 3 0x8000b4f6 (0xbfe5)
core   0: 0x8000b4ee (0x00005f17) auipc   t5, 0x5
core   0: 3 0x8000b4ee (0x00005f17) x30 0x800104ee
core   0: 0x8000b4f2 (0xb03f2923) sw      gp, -1262(t5)
core   0: 3 0x8000b4f2 (0xb03f2923) mem 0x80010000 0x00000001
core   0: 0x8000b4f6 (0x0000bfe5) c.j     pc - 8
core   0: 3 0x8000b4f6 (0xbfe5)
core   0: 0x8000b4ee (0x00005f17) auipc   t5, 0x5
core   0: 3 0x8000b4ee (0x00005f17) x30 0x800104ee
core   0: 0x8000b4f2 (0xb03f2923) sw      gp, -1262(t5)
core   0: 3 0x8000b4f2 (0xb03f2923) mem 0x80010000 0x00000001
core   0: 0x8000b4f6 (0x0000bfe5) c.j     pc - 8
core   0: 3 0x8000b4f6 (0xbfe5)
core   0: 0x8000b4ee (0x00005f17) auipc   t5, 0x5
core   0: 3 0x8000b4ee (0x00005f17) x30 0x800104ee
core   0: 0x8000b4f2 (0xb03f2923) sw      gp, -1262(t5)
core   0: 3 0x8000b4f2 (0xb03f2923) mem 0x80010000 0x00000001
core   0: 0x8000b4f6 (0x0000bfe5) c.j     pc - 8
core   0: 3 0x8000b4f6 (0xbfe5)
core   0: 0x8000b4ee (0x00005f17) auipc   t5, 0x5
core   0: 3 0x8000b4ee (0x00005f17) x30 0x800104ee
core   0: 0x8000b4f2 (0xb03f2923) sw      gp, -1262(t5)
core   0: 3 0x8000b4f2 (0xb03f2923) mem 0x80010000 0x00000001
core   0: 0x8000b4f6 (0x0000bfe5) c.j     pc - 8
core   0: 3 0x8000b4f6 (0xbfe5)
core   0: 0x8000b4ee (0x00005f17) auipc   t5, 0x5
core   0: 3 0x8000b4ee (0x00005f17) x30 0x800104ee
core   0: 0x8000b4f2 (0xb03f2923) sw      gp, -1262(t5)
core   0: 3 0x8000b4f2 (0xb03f2923) mem 0x80010000 0x00000001
core   0: 0x8000b4f6 (0x0000bfe5) c.j     pc - 8
core   0: 3 0x8000b4f6 (0xbfe5)
core   0: 0x8000b4ee (0x00005f17) auipc   t5, 0x5
core   0: 3 0x8000b4ee (0x00005f17) x30 0x800104ee
core   0: 0x8000b4f2 (0xb03f2923) sw      gp, -1262(t5)
core   0: 3 0x8000b4f2 (0xb03f2923) mem 0x80010000 0x00000001
core   0: 0x8000b4f6 (0x0000bfe5) c.j     pc - 8
core   0: 3 0x8000b4f6 (0xbfe5)
core   0: 0x8000b4ee (0x00005f17) auipc   t5, 0x5
core   0: 3 0x8000b4ee (0x00005f17) x30 0x800104ee
core   0: 0x8000b4f2 (0xb03f2923) sw      gp, -1262(t5)
core   0: 3 0x8000b4f2 (0xb03f2923) mem 0x80010000 0x00000001
core   0: 0x8000b4f6 (0x0000bfe5) c.j     pc - 8
core   0: 3 0x8000b4f6 (0xbfe5)
core   0: 0x8000b4ee (0x00005f17) auipc   t5, 0x5
core   0: 3 0x8000b4ee (0x00005f17) x30 0x800104ee
core   0: 0x8000b4f2 (0xb03f2923) sw      gp, -1262(t5)
core   0: 3 0x8000b4f2 (0xb03f2923) mem 0x80010000 0x00000001
core   0: 0x8000b4f6 (0x0000bfe5) c.j     pc - 8
core   0: 3 0x8000b4f6 (0xbfe5)
core   0: 0x8000b4ee (0x00005f17) auipc   t5, 0x5
core   0: 3 0x8000b4ee (0x00005f17) x30 0x800104ee
core   0: 0x8000b4f2 (0xb03f2923) sw      gp, -1262(t5)
core   0: 3 0x8000b4f2 (0xb03f2923) mem 0x80010000 0x00000001
core   0: 0x8000b4f6 (0x0000bfe5) c.j     pc - 8
core   0: 3 0x8000b4f6 (0xbfe5)
core   0: 0x8000b4ee (0x00005f17) auipc   t5, 0x5
core   0: 3 0x8000b4ee (0x00005f17) x30 0x800104ee
core   0: 0x8000b4f2 (0xb03f2923) sw      gp, -1262(t5)
core   0: 3 0x8000b4f2 (0xb03f2923) mem 0x80010000 0x00000001
core   0: 0x8000b4f6 (0x0000bfe5) c.j     pc - 8
core   0: 3 0x8000b4f6 (0xbfe5)
core   0: 0x8000b4ee (0x00005f17) auipc   t5, 0x5
core   0: 3 0x8000b4ee (0x00005f17) x30 0x800104ee
core   0: 0x8000b4f2 (0xb03f2923) sw      gp, -1262(t5)
core   0: 3 0x8000b4f2 (0xb03f2923) mem 0x80010000 0x00000001
core   0: 0x8000b4f6 (0x0000bfe5) c.j     pc - 8
core   0: 3 0x8000b4f6 (0xbfe5)
core   0: 0x8000b4ee (0x00005f17) auipc   t5, 0x5
core   0: 3 0x8000b4ee (0x00005f17) x30 0x800104ee
core   0: 0x8000b4f2 (0xb03f2923) sw      gp, -1262(t5)
core   0: 3 0x8000b4f2 (0xb03f2923) mem 0x80010000 0x00000001
core   0: 0x8000b4f6 (0x0000bfe5) c.j     pc - 8
core   0: 3 0x8000b4f6 (0xbfe5)
core   0: 0x8000b4ee (0x00005f17) auipc   t5, 0x5
core   0: 3 0x8000b4ee (0x00005f17) x30 0x800104ee
core   0: 0x8000b4f2 (0xb03f2923) sw      gp, -1262(t5)
core   0: 3 0x8000b4f2 (0xb03f2923) mem 0x80010000 0x00000001
core   0: 0x8000b4f6 (0x0000bfe5) c.j     pc - 8
core   0: 3 0x8000b4f6 (0xbfe5)
core   0: 0x8000b4ee (0x00005f17) auipc   t5, 0x5
core   0: 3 0x8000b4ee (0x00005f17) x30 0x800104ee
core   0: 0x8000b4f2 (0xb03f2923) sw      gp, -1262(t5)
core   0: 3 0x8000b4f2 (0xb03f2923) mem 0x80010000 0x00000001
core   0: 0x8000b4f6 (0x0000bfe5) c.j     pc - 8
core   0: 3 0x8000b4f6 (0xbfe5)
core   0: 0x8000b4ee (0x00005f17) auipc   t5, 0x5
core   0: 3 0x8000b4ee (0x00005f17) x30 0x800104ee
core   0: 0x8000b4f2 (0xb03f2923) sw      gp, -1262(t5)
core   0: 3 0x8000b4f2 (0xb03f2923) mem 0x80010000 0x00000001
core   0: 0x8000b4f6 (0x0000bfe5) c.j     pc - 8
core   0: 3 0x8000b4f6 (0xbfe5)
core   0: 0x8000b4ee (0x00005f17) auipc   t5, 0x5
core   0: 3 0x8000b4ee (0x00005f17) x30 0x800104ee
core   0: 0x8000b4f2 (0xb03f2923) sw      gp, -1262(t5)
core   0: 3 0x8000b4f2 (0xb03f2923) mem 0x80010000 0x00000001
core   0: 0x8000b4f6 (0x0000bfe5) c.j     pc - 8
core   0: 3 0x8000b4f6 (0xbfe5)
core   0: 0x8000b4ee (0x00005f17) auipc   t5, 0x5
core   0: 3 0x8000b4ee (0x00005f17) x30 0x800104ee
core   0: 0x8000b4f2 (0xb03f2923) sw      gp, -1262(t5)
core   0: 3 0x8000b4f2 (0xb03f2923) mem 0x80010000 0x00000001
core   0: 0x8000b4f6 (0x0000bfe5) c.j     pc - 8
core   0: 3 0x8000b4f6 (0xbfe5)
core   0: 0x8000b4ee (0x00005f17) auipc   t5, 0x5
core   0: 3 0x8000b4ee (0x00005f17) x30 0x800104ee
core   0: 0x8000b4f2 (0xb03f2923) sw      gp, -1262(t5)
core   0: 3 0x8000b4f2 (0xb03f2923) mem 0x80010000 0x00000001
core   0: 0x8000b4f6 (0x0000bfe5) c.j     pc - 8
core   0: 3 0x8000b4f6 (0xbfe5)
core   0: 0x8000b4ee (0x00005f17) auipc   t5, 0x5
core   0: 3 0x8000b4ee (0x00005f17) x30 0x800104ee
core   0: 0x8000b4f2 (0xb03f2923) sw      gp, -1262(t5)
core   0: 3 0x8000b4f2 (0xb03f2923) mem 0x80010000 0x00000001
core   0: 0x8000b4f6 (0x0000bfe5) c.j     pc - 8
core   0: 3 0x8000b4f6 (0xbfe5)
core   0: 0x8000b4ee (0x00005f17) auipc   t5, 0x5
core   0: 3 0x8000b4ee (0x00005f17) x30 0x800104ee
core   0: 0x8000b4f2 (0xb03f2923) sw      gp, -1262(t5)
core   0: 3 0x8000b4f2 (0xb03f2923) mem 0x80010000 0x00000001
core   0: 0x8000b4f6 (0x0000bfe5) c.j     pc - 8
core   0: 3 0x8000b4f6 (0xbfe5)
core   0: 0x8000b4ee (0x00005f17) auipc   t5, 0x5
core   0: 3 0x8000b4ee (0x00005f17) x30 0x800104ee
core   0: 0x8000b4f2 (0xb03f2923) sw      gp, -1262(t5)
core   0: 3 0x8000b4f2 (0xb03f2923) mem 0x80010000 0x00000001
core   0: 0x8000b4f6 (0x0000bfe5) c.j     pc - 8
core   0: 3 0x8000b4f6 (0xbfe5)
core   0: 0x8000b4ee (0x00005f17) auipc   t5, 0x5
core   0: 3 0x8000b4ee (0x00005f17) x30 0x800104ee
core   0: 0x8000b4f2 (0xb03f2923) sw      gp, -1262(t5)
core   0: 3 0x8000b4f2 (0xb03f2923) mem 0x80010000 0x00000001
core   0: 0x8000b4f6 (0x0000bfe5) c.j     pc - 8
core   0: 3 0x8000b4f6 (0xbfe5)
core   0: 0x8000b4ee (0x00005f17) auipc   t5, 0x5
core   0: 3 0x8000b4ee (0x00005f17) x30 0x800104ee
core   0: 0x8000b4f2 (0xb03f2923) sw      gp, -1262(t5)
core   0: 3 0x8000b4f2 (0xb03f2923) mem 0x80010000 0x00000001
core   0: 0x8000b4f6 (0x0000bfe5) c.j     pc - 8
core   0: 3 0x8000b4f6 (0xbfe5)
core   0: 0x8000b4ee (0x00005f17) auipc   t5, 0x5
core   0: 3 0x8000b4ee (0x00005f17) x30 0x800104ee
core   0: 0x8000b4f2 (0xb03f2923) sw      gp, -1262(t5)
core   0: 3 0x8000b4f2 (0xb03f2923) mem 0x80010000 0x00000001
core   0: 0x8000b4f6 (0x0000bfe5) c.j     pc - 8
core   0: 3 0x8000b4f6 (0xbfe5)
core   0: 0x8000b4ee (0x00005f17) auipc   t5, 0x5
core   0: 3 0x8000b4ee (0x00005f17) x30 0x800104ee
core   0: 0x8000b4f2 (0xb03f2923) sw      gp, -1262(t5)
core   0: 3 0x8000b4f2 (0xb03f2923) mem 0x80010000 0x00000001
core   0: 0x8000b4f6 (0x0000bfe5) c.j     pc - 8
core   0: 3 0x8000b4f6 (0xbfe5)
core   0: 0x8000b4ee (0x00005f17) auipc   t5, 0x5
core   0: 3 0x8000b4ee (0x00005f17) x30 0x800104ee
core   0: 0x8000b4f2 (0xb03f2923) sw      gp, -1262(t5)
core   0: 3 0x8000b4f2 (0xb03f2923) mem 0x80010000 0x00000001
core   0: 0x8000b4f6 (0x0000bfe5) c.j     pc - 8
core   0: 3 0x8000b4f6 (0xbfe5)
core   0: 0x8000b4ee (0x00005f17) auipc   t5, 0x5
core   0: 3 0x8000b4ee (0x00005f17) x30 0x800104ee
core   0: 0x8000b4f2 (0xb03f2923) sw      gp, -1262(t5)
core   0: 3 0x8000b4f2 (0xb03f2923) mem 0x80010000 0x00000001
core   0: 0x8000b4f6 (0x0000bfe5) c.j     pc - 8
core   0: 3 0x8000b4f6 (0xbfe5)
core   0: 0x8000b4ee (0x00005f17) auipc   t5, 0x5
core   0: 3 0x8000b4ee (0x00005f17) x30 0x800104ee
core   0: 0x8000b4f2 (0xb03f2923) sw      gp, -1262(t5)
core   0: 3 0x8000b4f2 (0xb03f2923) mem 0x80010000 0x00000001
core   0: 0x8000b4f6 (0x0000bfe5) c.j     pc - 8
core   0: 3 0x8000b4f6 (0xbfe5)
core   0: 0x8000b4ee (0x00005f17) auipc   t5, 0x5
core   0: 3 0x8000b4ee (0x00005f17) x30 0x800104ee
core   0: 0x8000b4f2 (0xb03f2923) sw      gp, -1262(t5)
core   0: 3 0x8000b4f2 (0xb03f2923) mem 0x80010000 0x00000001
core   0: 0x8000b4f6 (0x0000bfe5) c.j     pc - 8
core   0: 3 0x8000b4f6 (0xbfe5)
core   0: 0x8000b4ee (0x00005f17) auipc   t5, 0x5
core   0: 3 0x8000b4ee (0x00005f17) x30 0x800104ee
core   0: 0x8000b4f2 (0xb03f2923) sw      gp, -1262(t5)
core   0: 3 0x8000b4f2 (0xb03f2923) mem 0x80010000 0x00000001
core   0: 0x8000b4f6 (0x0000bfe5) c.j     pc - 8
core   0: 3 0x8000b4f6 (0xbfe5)
core   0: 0x8000b4ee (0x00005f17) auipc   t5, 0x5
core   0: 3 0x8000b4ee (0x00005f17) x30 0x800104ee
core   0: 0x8000b4f2 (0xb03f2923) sw      gp, -1262(t5)
core   0: 3 0x8000b4f2 (0xb03f2923) mem 0x80010000 0x00000001
core   0: 0x8000b4f6 (0x0000bfe5) c.j     pc - 8
core   0: 3 0x8000b4f6 (0xbfe5)
core   0: 0x8000b4ee (0x00005f17) auipc   t5, 0x5
core   0: 3 0x8000b4ee (0x00005f17) x30 0x800104ee
core   0: 0x8000b4f2 (0xb03f2923) sw      gp, -1262(t5)
core   0: 3 0x8000b4f2 (0xb03f2923) mem 0x80010000 0x00000001
core   0: 0x8000b4f6 (0x0000bfe5) c.j     pc - 8
core   0: 3 0x8000b4f6 (0xbfe5)
core   0: 0x8000b4ee (0x00005f17) auipc   t5, 0x5
core   0: 3 0x8000b4ee (0x00005f17) x30 0x800104ee
core   0: 0x8000b4f2 (0xb03f2923) sw      gp, -1262(t5)
core   0: 3 0x8000b4f2 (0xb03f2923) mem 0x80010000 0x00000001
core   0: 0x8000b4f6 (0x0000bfe5) c.j     pc - 8
core   0: 3 0x8000b4f6 (0xbfe5)
core   0: 0x8000b4ee (0x00005f17) auipc   t5, 0x5
core   0: 3 0x8000b4ee (0x00005f17) x30 0x800104ee
core   0: 0x8000b4f2 (0xb03f2923) sw      gp, -1262(t5)
core   0: 3 0x8000b4f2 (0xb03f2923) mem 0x80010000 0x00000001
core   0: 0x8000b4f6 (0x0000bfe5) c.j     pc - 8
core   0: 3 0x8000b4f6 (0xbfe5)
core   0: 0x8000b4ee (0x00005f17) auipc   t5, 0x5
core   0: 3 0x8000b4ee (0x00005f17) x30 0x800104ee
core   0: 0x8000b4f2 (0xb03f2923) sw      gp, -1262(t5)
core   0: 3 0x8000b4f2 (0xb03f2923) mem 0x80010000 0x00000001
core   0: 0x8000b4f6 (0x0000bfe5) c.j     pc - 8
core   0: 3 0x8000b4f6 (0xbfe5)
core   0: 0x8000b4ee (0x00005f17) auipc   t5, 0x5
core   0: 3 0x8000b4ee (0x00005f17) x30 0x800104ee
core   0: 0x8000b4f2 (0xb03f2923) sw      gp, -1262(t5)
core   0: 3 0x8000b4f2 (0xb03f2923) mem 0x80010000 0x00000001
core   0: 0x8000b4f6 (0x0000bfe5) c.j     pc - 8
core   0: 3 0x8000b4f6 (0xbfe5)
core   0: 0x8000b4ee (0x00005f17) auipc   t5, 0x5
core   0: 3 0x8000b4ee (0x00005f17) x30 0x800104ee
core   0: 0x8000b4f2 (0xb03f2923) sw      gp, -1262(t5)
core   0: 3 0x8000b4f2 (0xb03f2923) mem 0x80010000 0x00000001
core   0: 0x8000b4f6 (0x0000bfe5) c.j     pc - 8
core   0: 3 0x8000b4f6 (0xbfe5)
core   0: 0x8000b4ee (0x00005f17) auipc   t5, 0x5
core   0: 3 0x8000b4ee (0x00005f17) x30 0x800104ee
core   0: 0x8000b4f2 (0xb03f2923) sw      gp, -1262(t5)
core   0: 3 0x8000b4f2 (0xb03f2923) mem 0x80010000 0x00000001
core   0: 0x8000b4f6 (0x0000bfe5) c.j     pc - 8
core   0: 3 0x8000b4f6 (0xbfe5)
core   0: 0x8000b4ee (0x00005f17) auipc   t5, 0x5
core   0: 3 0x8000b4ee (0x00005f17) x30 0x800104ee
core   0: 0x8000b4f2 (0xb03f2923) sw      gp, -1262(t5)
core   0: 3 0x8000b4f2 (0xb03f2923) mem 0x80010000 0x00000001
core   0: 0x8000b4f6 (0x0000bfe5) c.j     pc - 8
core   0: 3 0x8000b4f6 (0xbfe5)
core   0: 0x8000b4ee (0x00005f17) auipc   t5, 0x5
core   0: 3 0x8000b4ee (0x00005f17) x30 0x800104ee
core   0: 0x8000b4f2 (0xb03f2923) sw      gp, -1262(t5)
core   0: 3 0x8000b4f2 (0xb03f2923) mem 0x80010000 0x00000001
core   0: 0x8000b4f6 (0x0000bfe5) c.j     pc - 8
core   0: 3 0x8000b4f6 (0xbfe5)
core   0: 0x8000b4ee (0x00005f17) auipc   t5, 0x5
core   0: 3 0x8000b4ee (0x00005f17) x30 0x800104ee
core   0: 0x8000b4f2 (0xb03f2923) sw      gp, -1262(t5)
core   0: 3 0x8000b4f2 (0xb03f2923) mem 0x80010000 0x00000001
core   0: 0x8000b4f6 (0x0000bfe5) c.j     pc - 8
core   0: 3 0x8000b4f6 (0xbfe5)
core   0: 0x8000b4ee (0x00005f17) auipc   t5, 0x5
core   0: 3 0x8000b4ee (0x00005f17) x30 0x800104ee
core   0: 0x8000b4f2 (0xb03f2923) sw      gp, -1262(t5)
core   0: 3 0x8000b4f2 (0xb03f2923) mem 0x80010000 0x00000001
core   0: 0x8000b4f6 (0x0000bfe5) c.j     pc - 8
core   0: 3 0x8000b4f6 (0xbfe5)
core   0: 0x8000b4ee (0x00005f17) auipc   t5, 0x5
core   0: 3 0x8000b4ee (0x00005f17) x30 0x800104ee
core   0: 0x8000b4f2 (0xb03f2923) sw      gp, -1262(t5)
core   0: 3 0x8000b4f2 (0xb03f2923) mem 0x80010000 0x00000001
core   0: 0x8000b4f6 (0x0000bfe5) c.j     pc - 8
core   0: 3 0x8000b4f6 (0xbfe5)
core   0: 0x8000b4ee (0x00005f17) auipc   t5, 0x5
core   0: 3 0x8000b4ee (0x00005f17) x30 0x800104ee
core   0: 0x8000b4f2 (0xb03f2923) sw      gp, -1262(t5)
core   0: 3 0x8000b4f2 (0xb03f2923) mem 0x80010000 0x00000001
core   0: 0x8000b4f6 (0x0000bfe5) c.j     pc - 8
core   0: 3 0x8000b4f6 (0xbfe5)
core   0: 0x8000b4ee (0x00005f17) auipc   t5, 0x5
core   0: 3 0x8000b4ee (0x00005f17) x30 0x800104ee
core   0: 0x8000b4f2 (0xb03f2923) sw      gp, -1262(t5)
core   0: 3 0x8000b4f2 (0xb03f2923) mem 0x80010000 0x00000001
core   0: 0x8000b4f6 (0x0000bfe5) c.j     pc - 8
core   0: 3 0x8000b4f6 (0xbfe5)
core   0: 0x8000b4ee (0x00005f17) auipc   t5, 0x5
core   0: 3 0x8000b4ee (0x00005f17) x30 0x800104ee
core   0: 0x8000b4f2 (0xb03f2923) sw      gp, -1262(t5)
core   0: 3 0x8000b4f2 (0xb03f2923) mem 0x80010000 0x00000001
core   0: 0x8000b4f6 (0x0000bfe5) c.j     pc - 8
core   0: 3 0x8000b4f6 (0xbfe5)
core   0: 0x8000b4ee (0x00005f17) auipc   t5, 0x5
core   0: 3 0x8000b4ee (0x00005f17) x30 0x800104ee
core   0: 0x8000b4f2 (0xb03f2923) sw      gp, -1262(t5)
core   0: 3 0x8000b4f2 (0xb03f2923) mem 0x80010000 0x00000001
core   0: 0x8000b4f6 (0x0000bfe5) c.j     pc - 8
core   0: 3 0x8000b4f6 (0xbfe5)
core   0: 0x8000b4ee (0x00005f17) auipc   t5, 0x5
core   0: 3 0x8000b4ee (0x00005f17) x30 0x800104ee
core   0: 0x8000b4f2 (0xb03f2923) sw      gp, -1262(t5)
core   0: 3 0x8000b4f2 (0xb03f2923) mem 0x80010000 0x00000001
core   0: 0x8000b4f6 (0x0000bfe5) c.j     pc - 8
core   0: 3 0x8000b4f6 (0xbfe5)
core   0: 0x8000b4ee (0x00005f17) auipc   t5, 0x5
core   0: 3 0x8000b4ee (0x00005f17) x30 0x800104ee
core   0: 0x8000b4f2 (0xb03f2923) sw      gp, -1262(t5)
core   0: 3 0x8000b4f2 (0xb03f2923) mem 0x80010000 0x00000001
core   0: 0x8000b4f6 (0x0000bfe5) c.j     pc - 8
core   0: 3 0x8000b4f6 (0xbfe5)
core   0: 0x8000b4ee (0x00005f17) auipc   t5, 0x5
core   0: 3 0x8000b4ee (0x00005f17) x30 0x800104ee
core   0: 0x8000b4f2 (0xb03f2923) sw      gp, -1262(t5)
core   0: 3 0x8000b4f2 (0xb03f2923) mem 0x80010000 0x00000001
core   0: 0x8000b4f6 (0x0000bfe5) c.j     pc - 8
core   0: 3 0x8000b4f6 (0xbfe5)
core   0: 0x8000b4ee (0x00005f17) auipc   t5, 0x5
core   0: 3 0x8000b4ee (0x00005f17) x30 0x800104ee
core   0: 0x8000b4f2 (0xb03f2923) sw      gp, -1262(t5)
core   0: 3 0x8000b4f2 (0xb03f2923) mem 0x80010000 0x00000001
core   0: 0x8000b4f6 (0x0000bfe5) c.j     pc - 8
core   0: 3 0x8000b4f6 (0xbfe5)
core   0: 0x8000b4ee (0x00005f17) auipc   t5, 0x5
core   0: 3 0x8000b4ee (0x00005f17) x30 0x800104ee
core   0: 0x8000b4f2 (0xb03f2923) sw      gp, -1262(t5)
core   0: 3 0x8000b4f2 (0xb03f2923) mem 0x80010000 0x00000001
core   0: 0x8000b4f6 (0x0000bfe5) c.j     pc - 8
core   0: 3 0x8000b4f6 (0xbfe5)
core   0: 0x8000b4ee (0x00005f17) auipc   t5, 0x5
core   0: 3 0x8000b4ee (0x00005f17) x30 0x800104ee
core   0: 0x8000b4f2 (0xb03f2923) sw      gp, -1262(t5)
core   0: 3 0x8000b4f2 (0xb03f2923) mem 0x80010000 0x00000001
core   0: 0x8000b4f6 (0x0000bfe5) c.j     pc - 8
core   0: 3 0x8000b4f6 (0xbfe5)
core   0: 0x8000b4ee (0x00005f17) auipc   t5, 0x5
core   0: 3 0x8000b4ee (0x00005f17) x30 0x800104ee
core   0: 0x8000b4f2 (0xb03f2923) sw      gp, -1262(t5)
core   0: 3 0x8000b4f2 (0xb03f2923) mem 0x80010000 0x00000001
core   0: 0x8000b4f6 (0x0000bfe5) c.j     pc - 8
core   0: 3 0x8000b4f6 (0xbfe5)
core   0: 0x8000b4ee (0x00005f17) auipc   t5, 0x5
core   0: 3 0x8000b4ee (0x00005f17) x30 0x800104ee
core   0: 0x8000b4f2 (0xb03f2923) sw      gp, -1262(t5)
core   0: 3 0x8000b4f2 (0xb03f2923) mem 0x80010000 0x00000001
core   0: 0x8000b4f6 (0x0000bfe5) c.j     pc - 8
core   0: 3 0x8000b4f6 (0xbfe5)
core   0: 0x8000b4ee (0x00005f17) auipc   t5, 0x5
core   0: 3 0x8000b4ee (0x00005f17) x30 0x800104ee
core   0: 0x8000b4f2 (0xb03f2923) sw      gp, -1262(t5)
core   0: 3 0x8000b4f2 (0xb03f2923) mem 0x80010000 0x00000001
core   0: 0x8000b4f6 (0x0000bfe5) c.j     pc - 8
core   0: 3 0x8000b4f6 (0xbfe5)
core   0: 0x8000b4ee (0x00005f17) auipc   t5, 0x5
core   0: 3 0x8000b4ee (0x00005f17) x30 0x800104ee
core   0: 0x8000b4f2 (0xb03f2923) sw      gp, -1262(t5)
core   0: 3 0x8000b4f2 (0xb03f2923) mem 0x80010000 0x00000001
core   0: 0x8000b4f6 (0x0000bfe5) c.j     pc - 8
core   0: 3 0x8000b4f6 (0xbfe5)
core   0: 0x8000b4ee (0x00005f17) auipc   t5, 0x5
core   0: 3 0x8000b4ee (0x00005f17) x30 0x800104ee
core   0: 0x8000b4f2 (0xb03f2923) sw      gp, -1262(t5)
core   0: 3 0x8000b4f2 (0xb03f2923) mem 0x80010000 0x00000001
core   0: 0x8000b4f6 (0x0000bfe5) c.j     pc - 8
core   0: 3 0x8000b4f6 (0xbfe5)
core   0: 0x8000b4ee (0x00005f17) auipc   t5, 0x5
core   0: 3 0x8000b4ee (0x00005f17) x30 0x800104ee
core   0: 0x8000b4f2 (0xb03f2923) sw      gp, -1262(t5)
core   0: 3 0x8000b4f2 (0xb03f2923) mem 0x80010000 0x00000001
core   0: 0x8000b4f6 (0x0000bfe5) c.j     pc - 8
core   0: 3 0x8000b4f6 (0xbfe5)
core   0: 0x8000b4ee (0x00005f17) auipc   t5, 0x5
core   0: 3 0x8000b4ee (0x00005f17) x30 0x800104ee
core   0: 0x8000b4f2 (0xb03f2923) sw      gp, -1262(t5)
core   0: 3 0x8000b4f2 (0xb03f2923) mem 0x80010000 0x00000001
core   0: 0x8000b4f6 (0x0000bfe5) c.j     pc - 8
core   0: 3 0x8000b4f6 (0xbfe5)
core   0: 0x8000b4ee (0x00005f17) auipc   t5, 0x5
core   0: 3 0x8000b4ee (0x00005f17) x30 0x800104ee
core   0: 0x8000b4f2 (0xb03f2923) sw      gp, -1262(t5)
core   0: 3 0x8000b4f2 (0xb03f2923) mem 0x80010000 0x00000001
core   0: 0x8000b4f6 (0x0000bfe5) c.j     pc - 8
core   0: 3 0x8000b4f6 (0xbfe5)
core   0: 0x8000b4ee (0x00005f17) auipc   t5, 0x5
core   0: 3 0x8000b4ee (0x00005f17) x30 0x800104ee
core   0: 0x8000b4f2 (0xb03f2923) sw      gp, -1262(t5)
core   0: 3 0x8000b4f2 (0xb03f2923) mem 0x80010000 0x00000001
core   0: 0x8000b4f6 (0x0000bfe5) c.j     pc - 8
core   0: 3 0x8000b4f6 (0xbfe5)
core   0: 0x8000b4ee (0x00005f17) auipc   t5, 0x5
core   0: 3 0x8000b4ee (0x00005f17) x30 0x800104ee
core   0: 0x8000b4f2 (0xb03f2923) sw      gp, -1262(t5)
core   0: 3 0x8000b4f2 (0xb03f2923) mem 0x80010000 0x00000001
core   0: 0x8000b4f6 (0x0000bfe5) c.j     pc - 8
core   0: 3 0x8000b4f6 (0xbfe5)
core   0: 0x8000b4ee (0x00005f17) auipc   t5, 0x5
core   0: 3 0x8000b4ee (0x00005f17) x30 0x800104ee
core   0: 0x8000b4f2 (0xb03f2923) sw      gp, -1262(t5)
core   0: 3 0x8000b4f2 (0xb03f2923) mem 0x80010000 0x00000001
core   0: 0x8000b4f6 (0x0000bfe5) c.j     pc - 8
core   0: 3 0x8000b4f6 (0xbfe5)
core   0: 0x8000b4ee (0x00005f17) auipc   t5, 0x5
core   0: 3 0x8000b4ee (0x00005f17) x30 0x800104ee
core   0: 0x8000b4f2 (0xb03f2923) sw      gp, -1262(t5)
core   0: 3 0x8000b4f2 (0xb03f2923) mem 0x80010000 0x00000001
core   0: 0x8000b4f6 (0x0000bfe5) c.j     pc - 8
core   0: 3 0x8000b4f6 (0xbfe5)
core   0: 0x8000b4ee (0x00005f17) auipc   t5, 0x5
core   0: 3 0x8000b4ee (0x00005f17) x30 0x800104ee
core   0: 0x8000b4f2 (0xb03f2923) sw      gp, -1262(t5)
core   0: 3 0x8000b4f2 (0xb03f2923) mem 0x80010000 0x00000001
core   0: 0x8000b4f6 (0x0000bfe5) c.j     pc - 8
core   0: 3 0x8000b4f6 (0xbfe5)
core   0: 0x8000b4ee (0x00005f17) auipc   t5, 0x5
core   0: 3 0x8000b4ee (0x00005f17) x30 0x800104ee
core   0: 0x8000b4f2 (0xb03f2923) sw      gp, -1262(t5)
core   0: 3 0x8000b4f2 (0xb03f2923) mem 0x80010000 0x00000001
core   0: 0x8000b4f6 (0x0000bfe5) c.j     pc - 8
core   0: 3 0x8000b4f6 (0xbfe5)
core   0: 0x8000b4ee (0x00005f17) auipc   t5, 0x5
core   0: 3 0x8000b4ee (0x00005f17) x30 0x800104ee
core   0: 0x8000b4f2 (0xb03f2923) sw      gp, -1262(t5)
core   0: 3 0x8000b4f2 (0xb03f2923) mem 0x80010000 0x00000001
core   0: 0x8000b4f6 (0x0000bfe5) c.j     pc - 8
core   0: 3 0x8000b4f6 (0xbfe5)
core   0: 0x8000b4ee (0x00005f17) auipc   t5, 0x5
core   0: 3 0x8000b4ee (0x00005f17) x30 0x800104ee
core   0: 0x8000b4f2 (0xb03f2923) sw      gp, -1262(t5)
core   0: 3 0x8000b4f2 (0xb03f2923) mem 0x80010000 0x00000001
core   0: 0x8000b4f6 (0x0000bfe5) c.j     pc - 8
core   0: 3 0x8000b4f6 (0xbfe5)
core   0: 0x8000b4ee (0x00005f17) auipc   t5, 0x5
core   0: 3 0x8000b4ee (0x00005f17) x30 0x800104ee
core   0: 0x8000b4f2 (0xb03f2923) sw      gp, -1262(t5)
core   0: 3 0x8000b4f2 (0xb03f2923) mem 0x80010000 0x00000001
core   0: 0x8000b4f6 (0x0000bfe5) c.j     pc - 8
core   0: 3 0x8000b4f6 (0xbfe5)
core   0: 0x8000b4ee (0x00005f17) auipc   t5, 0x5
core   0: 3 0x8000b4ee (0x00005f17) x30 0x800104ee
core   0: 0x8000b4f2 (0xb03f2923) sw      gp, -1262(t5)
core   0: 3 0x8000b4f2 (0xb03f2923) mem 0x80010000 0x00000001
core   0: 0x8000b4f6 (0x0000bfe5) c.j     pc - 8
core   0: 3 0x8000b4f6 (0xbfe5)
core   0: 0x8000b4ee (0x00005f17) auipc   t5, 0x5
core   0: 3 0x8000b4ee (0x00005f17) x30 0x800104ee
core   0: 0x8000b4f2 (0xb03f2923) sw      gp, -1262(t5)
core   0: 3 0x8000b4f2 (0xb03f2923) mem 0x80010000 0x00000001
core   0: 0x8000b4f6 (0x0000bfe5) c.j     pc - 8
core   0: 3 0x8000b4f6 (0xbfe5)
core   0: 0x8000b4ee (0x00005f17) auipc   t5, 0x5
core   0: 3 0x8000b4ee (0x00005f17) x30 0x800104ee
core   0: 0x8000b4f2 (0xb03f2923) sw      gp, -1262(t5)
core   0: 3 0x8000b4f2 (0xb03f2923) mem 0x80010000 0x00000001
core   0: 0x8000b4f6 (0x0000bfe5) c.j     pc - 8
core   0: 3 0x8000b4f6 (0xbfe5)
core   0: 0x8000b4ee (0x00005f17) auipc   t5, 0x5
core   0: 3 0x8000b4ee (0x00005f17) x30 0x800104ee
core   0: 0x8000b4f2 (0xb03f2923) sw      gp, -1262(t5)
core   0: 3 0x8000b4f2 (0xb03f2923) mem 0x80010000 0x00000001
core   0: 0x8000b4f6 (0x0000bfe5) c.j     pc - 8
core   0: 3 0x8000b4f6 (0xbfe5)
core   0: 0x8000b4ee (0x00005f17) auipc   t5, 0x5
core   0: 3 0x8000b4ee (0x00005f17) x30 0x800104ee
core   0: 0x8000b4f2 (0xb03f2923) sw      gp, -1262(t5)
core   0: 3 0x8000b4f2 (0xb03f2923) mem 0x80010000 0x00000001
core   0: 0x8000b4f6 (0x0000bfe5) c.j     pc - 8
core   0: 3 0x8000b4f6 (0xbfe5)
core   0: 0x8000b4ee (0x00005f17) auipc   t5, 0x5
core   0: 3 0x8000b4ee (0x00005f17) x30 0x800104ee
core   0: 0x8000b4f2 (0xb03f2923) sw      gp, -1262(t5)
core   0: 3 0x8000b4f2 (0xb03f2923) mem 0x80010000 0x00000001
core   0: 0x8000b4f6 (0x0000bfe5) c.j     pc - 8
core   0: 3 0x8000b4f6 (0xbfe5)
core   0: 0x8000b4ee (0x00005f17) auipc   t5, 0x5
core   0: 3 0x8000b4ee (0x00005f17) x30 0x800104ee
core   0: 0x8000b4f2 (0xb03f2923) sw      gp, -1262(t5)
core   0: 3 0x8000b4f2 (0xb03f2923) mem 0x80010000 0x00000001
core   0: 0x8000b4f6 (0x0000bfe5) c.j     pc - 8
core   0: 3 0x8000b4f6 (0xbfe5)
core   0: 0x8000b4ee (0x00005f17) auipc   t5, 0x5
core   0: 3 0x8000b4ee (0x00005f17) x30 0x800104ee
core   0: 0x8000b4f2 (0xb03f2923) sw      gp, -1262(t5)
core   0: 3 0x8000b4f2 (0xb03f2923) mem 0x80010000 0x00000001
core   0: 0x8000b4f6 (0x0000bfe5) c.j     pc - 8
core   0: 3 0x8000b4f6 (0xbfe5)
core   0: 0x8000b4ee (0x00005f17) auipc   t5, 0x5
core   0: 3 0x8000b4ee (0x00005f17) x30 0x800104ee
core   0: 0x8000b4f2 (0xb03f2923) sw      gp, -1262(t5)
core   0: 3 0x8000b4f2 (0xb03f2923) mem 0x80010000 0x00000001
core   0: 0x8000b4f6 (0x0000bfe5) c.j     pc - 8
core   0: 3 0x8000b4f6 (0xbfe5)
core   0: 0x8000b4ee (0x00005f17) auipc   t5, 0x5
core   0: 3 0x8000b4ee (0x00005f17) x30 0x800104ee
core   0: 0x8000b4f2 (0xb03f2923) sw      gp, -1262(t5)
core   0: 3 0x8000b4f2 (0xb03f2923) mem 0x80010000 0x00000001
core   0: 0x8000b4f6 (0x0000bfe5) c.j     pc - 8
core   0: 3 0x8000b4f6 (0xbfe5)
core   0: 0x8000b4ee (0x00005f17) auipc   t5, 0x5
core   0: 3 0x8000b4ee (0x00005f17) x30 0x800104ee
core   0: 0x8000b4f2 (0xb03f2923) sw      gp, -1262(t5)
core   0: 3 0x8000b4f2 (0xb03f2923) mem 0x80010000 0x00000001
core   0: 0x8000b4f6 (0x0000bfe5) c.j     pc - 8
core   0: 3 0x8000b4f6 (0xbfe5)
core   0: 0x8000b4ee (0x00005f17) auipc   t5, 0x5
core   0: 3 0x8000b4ee (0x00005f17) x30 0x800104ee
core   0: 0x8000b4f2 (0xb03f2923) sw      gp, -1262(t5)
core   0: 3 0x8000b4f2 (0xb03f2923) mem 0x80010000 0x00000001
core   0: 0x8000b4f6 (0x0000bfe5) c.j     pc - 8
core   0: 3 0x8000b4f6 (0xbfe5)
core   0: 0x8000b4ee (0x00005f17) auipc   t5, 0x5
core   0: 3 0x8000b4ee (0x00005f17) x30 0x800104ee
core   0: 0x8000b4f2 (0xb03f2923) sw      gp, -1262(t5)
core   0: 3 0x8000b4f2 (0xb03f2923) mem 0x80010000 0x00000001
core   0: 0x8000b4f6 (0x0000bfe5) c.j     pc - 8
core   0: 3 0x8000b4f6 (0xbfe5)
core   0: 0x8000b4ee (0x00005f17) auipc   t5, 0x5
core   0: 3 0x8000b4ee (0x00005f17) x30 0x800104ee
core   0: 0x8000b4f2 (0xb03f2923) sw      gp, -1262(t5)
core   0: 3 0x8000b4f2 (0xb03f2923) mem 0x80010000 0x00000001
core   0: 0x8000b4f6 (0x0000bfe5) c.j     pc - 8
core   0: 3 0x8000b4f6 (0xbfe5)
core   0: 0x8000b4ee (0x00005f17) auipc   t5, 0x5
core   0: 3 0x8000b4ee (0x00005f17) x30 0x800104ee
core   0: 0x8000b4f2 (0xb03f2923) sw      gp, -1262(t5)
core   0: 3 0x8000b4f2 (0xb03f2923) mem 0x80010000 0x00000001
core   0: 0x8000b4f6 (0x0000bfe5) c.j     pc - 8
core   0: 3 0x8000b4f6 (0xbfe5)
core   0: 0x8000b4ee (0x00005f17) auipc   t5, 0x5
core   0: 3 0x8000b4ee (0x00005f17) x30 0x800104ee
core   0: 0x8000b4f2 (0xb03f2923) sw      gp, -1262(t5)
core   0: 3 0x8000b4f2 (0xb03f2923) mem 0x80010000 0x00000001
core   0: 0x8000b4f6 (0x0000bfe5) c.j     pc - 8
core   0: 3 0x8000b4f6 (0xbfe5)
core   0: 0x8000b4ee (0x00005f17) auipc   t5, 0x5
core   0: 3 0x8000b4ee (0x00005f17) x30 0x800104ee
core   0: 0x8000b4f2 (0xb03f2923) sw      gp, -1262(t5)
core   0: 3 0x8000b4f2 (0xb03f2923) mem 0x80010000 0x00000001
core   0: 0x8000b4f6 (0x0000bfe5) c.j     pc - 8
core   0: 3 0x8000b4f6 (0xbfe5)
core   0: 0x8000b4ee (0x00005f17) auipc   t5, 0x5
core   0: 3 0x8000b4ee (0x00005f17) x30 0x800104ee
core   0: 0x8000b4f2 (0xb03f2923) sw      gp, -1262(t5)
core   0: 3 0x8000b4f2 (0xb03f2923) mem 0x80010000 0x00000001
core   0: 0x8000b4f6 (0x0000bfe5) c.j     pc - 8
core   0: 3 0x8000b4f6 (0xbfe5)
core   0: 0x8000b4ee (0x00005f17) auipc   t5, 0x5
core   0: 3 0x8000b4ee (0x00005f17) x30 0x800104ee
core   0: 0x8000b4f2 (0xb03f2923) sw      gp, -1262(t5)
core   0: 3 0x8000b4f2 (0xb03f2923) mem 0x80010000 0x00000001
core   0: 0x8000b4f6 (0x0000bfe5) c.j     pc - 8
core   0: 3 0x8000b4f6 (0xbfe5)
core   0: 0x8000b4ee (0x00005f17) auipc   t5, 0x5
core   0: 3 0x8000b4ee (0x00005f17) x30 0x800104ee
core   0: 0x8000b4f2 (0xb03f2923) sw      gp, -1262(t5)
core   0: 3 0x8000b4f2 (0xb03f2923) mem 0x80010000 0x00000001
core   0: 0x8000b4f6 (0x0000bfe5) c.j     pc - 8
core   0: 3 0x8000b4f6 (0xbfe5)
core   0: 0x8000b4ee (0x00005f17) auipc   t5, 0x5
core   0: 3 0x8000b4ee (0x00005f17) x30 0x800104ee
core   0: 0x8000b4f2 (0xb03f2923) sw      gp, -1262(t5)
core   0: 3 0x8000b4f2 (0xb03f2923) mem 0x80010000 0x00000001
core   0: 0x8000b4f6 (0x0000bfe5) c.j     pc - 8
core   0: 3 0x8000b4f6 (0xbfe5)
core   0: 0x8000b4ee (0x00005f17) auipc   t5, 0x5
core   0: 3 0x8000b4ee (0x00005f17) x30 0x800104ee
core   0: 0x8000b4f2 (0xb03f2923) sw      gp, -1262(t5)
core   0: 3 0x8000b4f2 (0xb03f2923) mem 0x80010000 0x00000001
core   0: 0x8000b4f6 (0x0000bfe5) c.j     pc - 8
core   0: 3 0x8000b4f6 (0xbfe5)
core   0: 0x8000b4ee (0x00005f17) auipc   t5, 0x5
core   0: 3 0x8000b4ee (0x00005f17) x30 0x800104ee
core   0: 0x8000b4f2 (0xb03f2923) sw      gp, -1262(t5)
core   0: 3 0x8000b4f2 (0xb03f2923) mem 0x80010000 0x00000001
core   0: 0x8000b4f6 (0x0000bfe5) c.j     pc - 8
core   0: 3 0x8000b4f6 (0xbfe5)
core   0: 0x8000b4ee (0x00005f17) auipc   t5, 0x5
core   0: 3 0x8000b4ee (0x00005f17) x30 0x800104ee
core   0: 0x8000b4f2 (0xb03f2923) sw      gp, -1262(t5)
core   0: 3 0x8000b4f2 (0xb03f2923) mem 0x80010000 0x00000001
core   0: 0x8000b4f6 (0x0000bfe5) c.j     pc - 8
core   0: 3 0x8000b4f6 (0xbfe5)
core   0: 0x8000b4ee (0x00005f17) auipc   t5, 0x5
core   0: 3 0x8000b4ee (0x00005f17) x30 0x800104ee
core   0: 0x8000b4f2 (0xb03f2923) sw      gp, -1262(t5)
core   0: 3 0x8000b4f2 (0xb03f2923) mem 0x80010000 0x00000001
core   0: 0x8000b4f6 (0x0000bfe5) c.j     pc - 8
core   0: 3 0x8000b4f6 (0xbfe5)
core   0: 0x8000b4ee (0x00005f17) auipc   t5, 0x5
core   0: 3 0x8000b4ee (0x00005f17) x30 0x800104ee
core   0: 0x8000b4f2 (0xb03f2923) sw      gp, -1262(t5)
core   0: 3 0x8000b4f2 (0xb03f2923) mem 0x80010000 0x00000001
core   0: 0x8000b4f6 (0x0000bfe5) c.j     pc - 8
core   0: 3 0x8000b4f6 (0xbfe5)
core   0: 0x8000b4ee (0x00005f17) auipc   t5, 0x5
core   0: 3 0x8000b4ee (0x00005f17) x30 0x800104ee
core   0: 0x8000b4f2 (0xb03f2923) sw      gp, -1262(t5)
core   0: 3 0x8000b4f2 (0xb03f2923) mem 0x80010000 0x00000001
core   0: 0x8000b4f6 (0x0000bfe5) c.j     pc - 8
core   0: 3 0x8000b4f6 (0xbfe5)
core   0: 0x8000b4ee (0x00005f17) auipc   t5, 0x5
core   0: 3 0x8000b4ee (0x00005f17) x30 0x800104ee
core   0: 0x8000b4f2 (0xb03f2923) sw      gp, -1262(t5)
core   0: 3 0x8000b4f2 (0xb03f2923) mem 0x80010000 0x00000001
core   0: 0x8000b4f6 (0x0000bfe5) c.j     pc - 8
core   0: 3 0x8000b4f6 (0xbfe5)
core   0: 0x8000b4ee (0x00005f17) auipc   t5, 0x5
core   0: 3 0x8000b4ee (0x00005f17) x30 0x800104ee
core   0: 0x8000b4f2 (0xb03f2923) sw      gp, -1262(t5)
core   0: 3 0x8000b4f2 (0xb03f2923) mem 0x80010000 0x00000001
core   0: 0x8000b4f6 (0x0000bfe5) c.j     pc - 8
core   0: 3 0x8000b4f6 (0xbfe5)
core   0: 0x8000b4ee (0x00005f17) auipc   t5, 0x5
core   0: 3 0x8000b4ee (0x00005f17) x30 0x800104ee
core   0: 0x8000b4f2 (0xb03f2923) sw      gp, -1262(t5)
core   0: 3 0x8000b4f2 (0xb03f2923) mem 0x80010000 0x00000001
core   0: 0x8000b4f6 (0x0000bfe5) c.j     pc - 8
core   0: 3 0x8000b4f6 (0xbfe5)
core   0: 0x8000b4ee (0x00005f17) auipc   t5, 0x5
core   0: 3 0x8000b4ee (0x00005f17) x30 0x800104ee
core   0: 0x8000b4f2 (0xb03f2923) sw      gp, -1262(t5)
core   0: 3 0x8000b4f2 (0xb03f2923) mem 0x80010000 0x00000001
core   0: 0x8000b4f6 (0x0000bfe5) c.j     pc - 8
core   0: 3 0x8000b4f6 (0xbfe5)
core   0: 0x8000b4ee (0x00005f17) auipc   t5, 0x5
core   0: 3 0x8000b4ee (0x00005f17) x30 0x800104ee
core   0: 0x8000b4f2 (0xb03f2923) sw      gp, -1262(t5)
core   0: 3 0x8000b4f2 (0xb03f2923) mem 0x80010000 0x00000001
core   0: 0x8000b4f6 (0x0000bfe5) c.j     pc - 8
core   0: 3 0x8000b4f6 (0xbfe5)
core   0: 0x8000b4ee (0x00005f17) auipc   t5, 0x5
core   0: 3 0x8000b4ee (0x00005f17) x30 0x800104ee
core   0: 0x8000b4f2 (0xb03f2923) sw      gp, -1262(t5)
core   0: 3 0x8000b4f2 (0xb03f2923) mem 0x80010000 0x00000001
core   0: 0x8000b4f6 (0x0000bfe5) c.j     pc - 8
core   0: 3 0x8000b4f6 (0xbfe5)
core   0: 0x8000b4ee (0x00005f17) auipc   t5, 0x5
core   0: 3 0x8000b4ee (0x00005f17) x30 0x800104ee
core   0: 0x8000b4f2 (0xb03f2923) sw      gp, -1262(t5)
core   0: 3 0x8000b4f2 (0xb03f2923) mem 0x80010000 0x00000001
core   0: 0x8000b4f6 (0x0000bfe5) c.j     pc - 8
core   0: 3 0x8000b4f6 (0xbfe5)
core   0: 0x8000b4ee (0x00005f17) auipc   t5, 0x5
core   0: 3 0x8000b4ee (0x00005f17) x30 0x800104ee
core   0: 0x8000b4f2 (0xb03f2923) sw      gp, -1262(t5)
core   0: 3 0x8000b4f2 (0xb03f2923) mem 0x80010000 0x00000001
core   0: 0x8000b4f6 (0x0000bfe5) c.j     pc - 8
core   0: 3 0x8000b4f6 (0xbfe5)
core   0: 0x8000b4ee (0x00005f17) auipc   t5, 0x5
core   0: 3 0x8000b4ee (0x00005f17) x30 0x800104ee
core   0: 0x8000b4f2 (0xb03f2923) sw      gp, -1262(t5)
core   0: 3 0x8000b4f2 (0xb03f2923) mem 0x80010000 0x00000001
core   0: 0x8000b4f6 (0x0000bfe5) c.j     pc - 8
core   0: 3 0x8000b4f6 (0xbfe5)
core   0: 0x8000b4ee (0x00005f17) auipc   t5, 0x5
core   0: 3 0x8000b4ee (0x00005f17) x30 0x800104ee
core   0: 0x8000b4f2 (0xb03f2923) sw      gp, -1262(t5)
core   0: 3 0x8000b4f2 (0xb03f2923) mem 0x80010000 0x00000001
core   0: 0x8000b4f6 (0x0000bfe5) c.j     pc - 8
core   0: 3 0x8000b4f6 (0xbfe5)
core   0: 0x8000b4ee (0x00005f17) auipc   t5, 0x5
core   0: 3 0x8000b4ee (0x00005f17) x30 0x800104ee
core   0: 0x8000b4f2 (0xb03f2923) sw      gp, -1262(t5)
core   0: 3 0x8000b4f2 (0xb03f2923) mem 0x80010000 0x00000001
core   0: 0x8000b4f6 (0x0000bfe5) c.j     pc - 8
core   0: 3 0x8000b4f6 (0xbfe5)
core   0: 0x8000b4ee (0x00005f17) auipc   t5, 0x5
core   0: 3 0x8000b4ee (0x00005f17) x30 0x800104ee
core   0: 0x8000b4f2 (0xb03f2923) sw      gp, -1262(t5)
core   0: 3 0x8000b4f2 (0xb03f2923) mem 0x80010000 0x00000001
core   0: 0x8000b4f6 (0x0000bfe5) c.j     pc - 8
core   0: 3 0x8000b4f6 (0xbfe5)
core   0: 0x8000b4ee (0x00005f17) auipc   t5, 0x5
core   0: 3 0x8000b4ee (0x00005f17) x30 0x800104ee
core   0: 0x8000b4f2 (0xb03f2923) sw      gp, -1262(t5)
core   0: 3 0x8000b4f2 (0xb03f2923) mem 0x80010000 0x00000001
core   0: 0x8000b4f6 (0x0000bfe5) c.j     pc - 8
core   0: 3 0x8000b4f6 (0xbfe5)
core   0: 0x8000b4ee (0x00005f17) auipc   t5, 0x5
core   0: 3 0x8000b4ee (0x00005f17) x30 0x800104ee
core   0: 0x8000b4f2 (0xb03f2923) sw      gp, -1262(t5)
core   0: 3 0x8000b4f2 (0xb03f2923) mem 0x80010000 0x00000001
core   0: 0x8000b4f6 (0x0000bfe5) c.j     pc - 8
core   0: 3 0x8000b4f6 (0xbfe5)
core   0: 0x8000b4ee (0x00005f17) auipc   t5, 0x5
core   0: 3 0x8000b4ee (0x00005f17) x30 0x800104ee
core   0: 0x8000b4f2 (0xb03f2923) sw      gp, -1262(t5)
core   0: 3 0x8000b4f2 (0xb03f2923) mem 0x80010000 0x00000001
core   0: 0x8000b4f6 (0x0000bfe5) c.j     pc - 8
core   0: 3 0x8000b4f6 (0xbfe5)
core   0: 0x8000b4ee (0x00005f17) auipc   t5, 0x5
core   0: 3 0x8000b4ee (0x00005f17) x30 0x800104ee
core   0: 0x8000b4f2 (0xb03f2923) sw      gp, -1262(t5)
core   0: 3 0x8000b4f2 (0xb03f2923) mem 0x80010000 0x00000001
core   0: 0x8000b4f6 (0x0000bfe5) c.j     pc - 8
core   0: 3 0x8000b4f6 (0xbfe5)
core   0: 0x8000b4ee (0x00005f17) auipc   t5, 0x5
core   0: 3 0x8000b4ee (0x00005f17) x30 0x800104ee
core   0: 0x8000b4f2 (0xb03f2923) sw      gp, -1262(t5)
core   0: 3 0x8000b4f2 (0xb03f2923) mem 0x80010000 0x00000001
core   0: 0x8000b4f6 (0x0000bfe5) c.j     pc - 8
core   0: 3 0x8000b4f6 (0xbfe5)
core   0: 0x8000b4ee (0x00005f17) auipc   t5, 0x5
core   0: 3 0x8000b4ee (0x00005f17) x30 0x800104ee
core   0: 0x8000b4f2 (0xb03f2923) sw      gp, -1262(t5)
core   0: 3 0x8000b4f2 (0xb03f2923) mem 0x80010000 0x00000001
core   0: 0x8000b4f6 (0x0000bfe5) c.j     pc - 8
core   0: 3 0x8000b4f6 (0xbfe5)
core   0: 0x8000b4ee (0x00005f17) auipc   t5, 0x5
core   0: 3 0x8000b4ee (0x00005f17) x30 0x800104ee
core   0: 0x8000b4f2 (0xb03f2923) sw      gp, -1262(t5)
core   0: 3 0x8000b4f2 (0xb03f2923) mem 0x80010000 0x00000001
core   0: 0x8000b4f6 (0x0000bfe5) c.j     pc - 8
core   0: 3 0x8000b4f6 (0xbfe5)
core   0: 0x8000b4ee (0x00005f17) auipc   t5, 0x5
core   0: 3 0x8000b4ee (0x00005f17) x30 0x800104ee
core   0: 0x8000b4f2 (0xb03f2923) sw      gp, -1262(t5)
core   0: 3 0x8000b4f2 (0xb03f2923) mem 0x80010000 0x00000001
core   0: 0x8000b4f6 (0x0000bfe5) c.j     pc - 8
core   0: 3 0x8000b4f6 (0xbfe5)
core   0: 0x8000b4ee (0x00005f17) auipc   t5, 0x5
core   0: 3 0x8000b4ee (0x00005f17) x30 0x800104ee
core   0: 0x8000b4f2 (0xb03f2923) sw      gp, -1262(t5)
core   0: 3 0x8000b4f2 (0xb03f2923) mem 0x80010000 0x00000001
core   0: 0x8000b4f6 (0x0000bfe5) c.j     pc - 8
core   0: 3 0x8000b4f6 (0xbfe5)
core   0: 0x8000b4ee (0x00005f17) auipc   t5, 0x5
core   0: 3 0x8000b4ee (0x00005f17) x30 0x800104ee
core   0: 0x8000b4f2 (0xb03f2923) sw      gp, -1262(t5)
core   0: 3 0x8000b4f2 (0xb03f2923) mem 0x80010000 0x00000001
core   0: 0x8000b4f6 (0x0000bfe5) c.j     pc - 8
core   0: 3 0x8000b4f6 (0xbfe5)
core   0: 0x8000b4ee (0x00005f17) auipc   t5, 0x5
core   0: 3 0x8000b4ee (0x00005f17) x30 0x800104ee
core   0: 0x8000b4f2 (0xb03f2923) sw      gp, -1262(t5)
core   0: 3 0x8000b4f2 (0xb03f2923) mem 0x80010000 0x00000001
core   0: 0x8000b4f6 (0x0000bfe5) c.j     pc - 8
core   0: 3 0x8000b4f6 (0xbfe5)
core   0: 0x8000b4ee (0x00005f17) auipc   t5, 0x5
core   0: 3 0x8000b4ee (0x00005f17) x30 0x800104ee
core   0: 0x8000b4f2 (0xb03f2923) sw      gp, -1262(t5)
core   0: 3 0x8000b4f2 (0xb03f2923) mem 0x80010000 0x00000001
core   0: 0x8000b4f6 (0x0000bfe5) c.j     pc - 8
core   0: 3 0x8000b4f6 (0xbfe5)
core   0: 0x8000b4ee (0x00005f17) auipc   t5, 0x5
core   0: 3 0x8000b4ee (0x00005f17) x30 0x800104ee
core   0: 0x8000b4f2 (0xb03f2923) sw      gp, -1262(t5)
core   0: 3 0x8000b4f2 (0xb03f2923) mem 0x80010000 0x00000001
core   0: 0x8000b4f6 (0x0000bfe5) c.j     pc - 8
core   0: 3 0x8000b4f6 (0xbfe5)
core   0: 0x8000b4ee (0x00005f17) auipc   t5, 0x5
core   0: 3 0x8000b4ee (0x00005f17) x30 0x800104ee
core   0: 0x8000b4f2 (0xb03f2923) sw      gp, -1262(t5)
core   0: 3 0x8000b4f2 (0xb03f2923) mem 0x80010000 0x00000001
core   0: 0x8000b4f6 (0x0000bfe5) c.j     pc - 8
core   0: 3 0x8000b4f6 (0xbfe5)
core   0: 0x8000b4ee (0x00005f17) auipc   t5, 0x5
core   0: 3 0x8000b4ee (0x00005f17) x30 0x800104ee
core   0: 0x8000b4f2 (0xb03f2923) sw      gp, -1262(t5)
core   0: 3 0x8000b4f2 (0xb03f2923) mem 0x80010000 0x00000001
core   0: 0x8000b4f6 (0x0000bfe5) c.j     pc - 8
core   0: 3 0x8000b4f6 (0xbfe5)
core   0: 0x8000b4ee (0x00005f17) auipc   t5, 0x5
core   0: 3 0x8000b4ee (0x00005f17) x30 0x800104ee
core   0: 0x8000b4f2 (0xb03f2923) sw      gp, -1262(t5)
core   0: 3 0x8000b4f2 (0xb03f2923) mem 0x80010000 0x00000001
core   0: 0x8000b4f6 (0x0000bfe5) c.j     pc - 8
core   0: 3 0x8000b4f6 (0xbfe5)
core   0: 0x8000b4ee (0x00005f17) auipc   t5, 0x5
core   0: 3 0x8000b4ee (0x00005f17) x30 0x800104ee
core   0: 0x8000b4f2 (0xb03f2923) sw      gp, -1262(t5)
core   0: 3 0x8000b4f2 (0xb03f2923) mem 0x80010000 0x00000001
core   0: 0x8000b4f6 (0x0000bfe5) c.j     pc - 8
core   0: 3 0x8000b4f6 (0xbfe5)
core   0: 0x8000b4ee (0x00005f17) auipc   t5, 0x5
core   0: 3 0x8000b4ee (0x00005f17) x30 0x800104ee
core   0: 0x8000b4f2 (0xb03f2923) sw      gp, -1262(t5)
core   0: 3 0x8000b4f2 (0xb03f2923) mem 0x80010000 0x00000001
core   0: 0x8000b4f6 (0x0000bfe5) c.j     pc - 8
core   0: 3 0x8000b4f6 (0xbfe5)
core   0: 0x8000b4ee (0x00005f17) auipc   t5, 0x5
core   0: 3 0x8000b4ee (0x00005f17) x30 0x800104ee
core   0: 0x8000b4f2 (0xb03f2923) sw      gp, -1262(t5)
core   0: 3 0x8000b4f2 (0xb03f2923) mem 0x80010000 0x00000001
core   0: 0x8000b4f6 (0x0000bfe5) c.j     pc - 8
core   0: 3 0x8000b4f6 (0xbfe5)
core   0: 0x8000b4ee (0x00005f17) auipc   t5, 0x5
core   0: 3 0x8000b4ee (0x00005f17) x30 0x800104ee
core   0: 0x8000b4f2 (0xb03f2923) sw      gp, -1262(t5)
core   0: 3 0x8000b4f2 (0xb03f2923) mem 0x80010000 0x00000001
core   0: 0x8000b4f6 (0x0000bfe5) c.j     pc - 8
core   0: 3 0x8000b4f6 (0xbfe5)
core   0: 0x8000b4ee (0x00005f17) auipc   t5, 0x5
core   0: 3 0x8000b4ee (0x00005f17) x30 0x800104ee
core   0: 0x8000b4f2 (0xb03f2923) sw      gp, -1262(t5)
core   0: 3 0x8000b4f2 (0xb03f2923) mem 0x80010000 0x00000001
core   0: 0x8000b4f6 (0x0000bfe5) c.j     pc - 8
core   0: 3 0x8000b4f6 (0xbfe5)
core   0: 0x8000b4ee (0x00005f17) auipc   t5, 0x5
core   0: 3 0x8000b4ee (0x00005f17) x30 0x800104ee
core   0: 0x8000b4f2 (0xb03f2923) sw      gp, -1262(t5)
core   0: 3 0x8000b4f2 (0xb03f2923) mem 0x80010000 0x00000001
core   0: 0x8000b4f6 (0x0000bfe5) c.j     pc - 8
core   0: 3 0x8000b4f6 (0xbfe5)
core   0: 0x8000b4ee (0x00005f17) auipc   t5, 0x5
core   0: 3 0x8000b4ee (0x00005f17) x30 0x800104ee
core   0: 0x8000b4f2 (0xb03f2923) sw      gp, -1262(t5)
core   0: 3 0x8000b4f2 (0xb03f2923) mem 0x80010000 0x00000001
core   0: 0x8000b4f6 (0x0000bfe5) c.j     pc - 8
core   0: 3 0x8000b4f6 (0xbfe5)
core   0: 0x8000b4ee (0x00005f17) auipc   t5, 0x5
core   0: 3 0x8000b4ee (0x00005f17) x30 0x800104ee
core   0: 0x8000b4f2 (0xb03f2923) sw      gp, -1262(t5)
core   0: 3 0x8000b4f2 (0xb03f2923) mem 0x80010000 0x00000001
core   0: 0x8000b4f6 (0x0000bfe5) c.j     pc - 8
core   0: 3 0x8000b4f6 (0xbfe5)
core   0: 0x8000b4ee (0x00005f17) auipc   t5, 0x5
core   0: 3 0x8000b4ee (0x00005f17) x30 0x800104ee
core   0: 0x8000b4f2 (0xb03f2923) sw      gp, -1262(t5)
core   0: 3 0x8000b4f2 (0xb03f2923) mem 0x80010000 0x00000001
core   0: 0x8000b4f6 (0x0000bfe5) c.j     pc - 8
core   0: 3 0x8000b4f6 (0xbfe5)
core   0: 0x8000b4ee (0x00005f17) auipc   t5, 0x5
core   0: 3 0x8000b4ee (0x00005f17) x30 0x800104ee
core   0: 0x8000b4f2 (0xb03f2923) sw      gp, -1262(t5)
core   0: 3 0x8000b4f2 (0xb03f2923) mem 0x80010000 0x00000001
core   0: 0x8000b4f6 (0x0000bfe5) c.j     pc - 8
core   0: 3 0x8000b4f6 (0xbfe5)
core   0: 0x8000b4ee (0x00005f17) auipc   t5, 0x5
core   0: 3 0x8000b4ee (0x00005f17) x30 0x800104ee
core   0: 0x8000b4f2 (0xb03f2923) sw      gp, -1262(t5)
core   0: 3 0x8000b4f2 (0xb03f2923) mem 0x80010000 0x00000001
core   0: 0x8000b4f6 (0x0000bfe5) c.j     pc - 8
core   0: 3 0x8000b4f6 (0xbfe5)
core   0: 0x8000b4ee (0x00005f17) auipc   t5, 0x5
core   0: 3 0x8000b4ee (0x00005f17) x30 0x800104ee
core   0: 0x8000b4f2 (0xb03f2923) sw      gp, -1262(t5)
core   0: 3 0x8000b4f2 (0xb03f2923) mem 0x80010000 0x00000001
core   0: 0x8000b4f6 (0x0000bfe5) c.j     pc - 8
core   0: 3 0x8000b4f6 (0xbfe5)
core   0: 0x8000b4ee (0x00005f17) auipc   t5, 0x5
core   0: 3 0x8000b4ee (0x00005f17) x30 0x800104ee
core   0: 0x8000b4f2 (0xb03f2923) sw      gp, -1262(t5)
core   0: 3 0x8000b4f2 (0xb03f2923) mem 0x80010000 0x00000001
core   0: 0x8000b4f6 (0x0000bfe5) c.j     pc - 8
core   0: 3 0x8000b4f6 (0xbfe5)
core   0: 0x8000b4ee (0x00005f17) auipc   t5, 0x5
core   0: 3 0x8000b4ee (0x00005f17) x30 0x800104ee
core   0: 0x8000b4f2 (0xb03f2923) sw      gp, -1262(t5)
core   0: 3 0x8000b4f2 (0xb03f2923) mem 0x80010000 0x00000001
core   0: 0x8000b4f6 (0x0000bfe5) c.j     pc - 8
core   0: 3 0x8000b4f6 (0xbfe5)
core   0: 0x8000b4ee (0x00005f17) auipc   t5, 0x5
core   0: 3 0x8000b4ee (0x00005f17) x30 0x800104ee
core   0: 0x8000b4f2 (0xb03f2923) sw      gp, -1262(t5)
core   0: 3 0x8000b4f2 (0xb03f2923) mem 0x80010000 0x00000001
core   0: 0x8000b4f6 (0x0000bfe5) c.j     pc - 8
core   0: 3 0x8000b4f6 (0xbfe5)
core   0: 0x8000b4ee (0x00005f17) auipc   t5, 0x5
core   0: 3 0x8000b4ee (0x00005f17) x30 0x800104ee
core   0: 0x8000b4f2 (0xb03f2923) sw      gp, -1262(t5)
core   0: 3 0x8000b4f2 (0xb03f2923) mem 0x80010000 0x00000001
core   0: 0x8000b4f6 (0x0000bfe5) c.j     pc - 8
core   0: 3 0x8000b4f6 (0xbfe5)
core   0: 0x8000b4ee (0x00005f17) auipc   t5, 0x5
core   0: 3 0x8000b4ee (0x00005f17) x30 0x800104ee
core   0: 0x8000b4f2 (0xb03f2923) sw      gp, -1262(t5)
core   0: 3 0x8000b4f2 (0xb03f2923) mem 0x80010000 0x00000001
core   0: 0x8000b4f6 (0x0000bfe5) c.j     pc - 8
core   0: 3 0x8000b4f6 (0xbfe5)
core   0: 0x8000b4ee (0x00005f17) auipc   t5, 0x5
core   0: 3 0x8000b4ee (0x00005f17) x30 0x800104ee
core   0: 0x8000b4f2 (0xb03f2923) sw      gp, -1262(t5)
core   0: 3 0x8000b4f2 (0xb03f2923) mem 0x80010000 0x00000001
core   0: 0x8000b4f6 (0x0000bfe5) c.j     pc - 8
core   0: 3 0x8000b4f6 (0xbfe5)
core   0: 0x8000b4ee (0x00005f17) auipc   t5, 0x5
core   0: 3 0x8000b4ee (0x00005f17) x30 0x800104ee
core   0: 0x8000b4f2 (0xb03f2923) sw      gp, -1262(t5)
core   0: 3 0x8000b4f2 (0xb03f2923) mem 0x80010000 0x00000001
core   0: 0x8000b4f6 (0x0000bfe5) c.j     pc - 8
core   0: 3 0x8000b4f6 (0xbfe5)
core   0: 0x8000b4ee (0x00005f17) auipc   t5, 0x5
core   0: 3 0x8000b4ee (0x00005f17) x30 0x800104ee
core   0: 0x8000b4f2 (0xb03f2923) sw      gp, -1262(t5)
core   0: 3 0x8000b4f2 (0xb03f2923) mem 0x80010000 0x00000001
core   0: 0x8000b4f6 (0x0000bfe5) c.j     pc - 8
core   0: 3 0x8000b4f6 (0xbfe5)
core   0: 0x8000b4ee (0x00005f17) auipc   t5, 0x5
core   0: 3 0x8000b4ee (0x00005f17) x30 0x800104ee
core   0: 0x8000b4f2 (0xb03f2923) sw      gp, -1262(t5)
core   0: 3 0x8000b4f2 (0xb03f2923) mem 0x80010000 0x00000001
core   0: 0x8000b4f6 (0x0000bfe5) c.j     pc - 8
core   0: 3 0x8000b4f6 (0xbfe5)
core   0: 0x8000b4ee (0x00005f17) auipc   t5, 0x5
core   0: 3 0x8000b4ee (0x00005f17) x30 0x800104ee
core   0: 0x8000b4f2 (0xb03f2923) sw      gp, -1262(t5)
core   0: 3 0x8000b4f2 (0xb03f2923) mem 0x80010000 0x00000001
core   0: 0x8000b4f6 (0x0000bfe5) c.j     pc - 8
core   0: 3 0x8000b4f6 (0xbfe5)
core   0: 0x8000b4ee (0x00005f17) auipc   t5, 0x5
core   0: 3 0x8000b4ee (0x00005f17) x30 0x800104ee
core   0: 0x8000b4f2 (0xb03f2923) sw      gp, -1262(t5)
core   0: 3 0x8000b4f2 (0xb03f2923) mem 0x80010000 0x00000001
core   0: 0x8000b4f6 (0x0000bfe5) c.j     pc - 8
core   0: 3 0x8000b4f6 (0xbfe5)
core   0: 0x8000b4ee (0x00005f17) auipc   t5, 0x5
core   0: 3 0x8000b4ee (0x00005f17) x30 0x800104ee
core   0: 0x8000b4f2 (0xb03f2923) sw      gp, -1262(t5)
core   0: 3 0x8000b4f2 (0xb03f2923) mem 0x80010000 0x00000001
core   0: 0x8000b4f6 (0x0000bfe5) c.j     pc - 8
core   0: 3 0x8000b4f6 (0xbfe5)
core   0: 0x8000b4ee (0x00005f17) auipc   t5, 0x5
core   0: 3 0x8000b4ee (0x00005f17) x30 0x800104ee
core   0: 0x8000b4f2 (0xb03f2923) sw      gp, -1262(t5)
core   0: 3 0x8000b4f2 (0xb03f2923) mem 0x80010000 0x00000001
core   0: 0x8000b4f6 (0x0000bfe5) c.j     pc - 8
core   0: 3 0x8000b4f6 (0xbfe5)
core   0: 0x8000b4ee (0x00005f17) auipc   t5, 0x5
core   0: 3 0x8000b4ee (0x00005f17) x30 0x800104ee
core   0: 0x8000b4f2 (0xb03f2923) sw      gp, -1262(t5)
core   0: 3 0x8000b4f2 (0xb03f2923) mem 0x80010000 0x00000001
core   0: 0x8000b4f6 (0x0000bfe5) c.j     pc - 8
core   0: 3 0x8000b4f6 (0xbfe5)
core   0: 0x8000b4ee (0x00005f17) auipc   t5, 0x5
core   0: 3 0x8000b4ee (0x00005f17) x30 0x800104ee
core   0: 0x8000b4f2 (0xb03f2923) sw      gp, -1262(t5)
core   0: 3 0x8000b4f2 (0xb03f2923) mem 0x80010000 0x00000001
core   0: 0x8000b4f6 (0x0000bfe5) c.j     pc - 8
core   0: 3 0x8000b4f6 (0xbfe5)
core   0: 0x8000b4ee (0x00005f17) auipc   t5, 0x5
core   0: 3 0x8000b4ee (0x00005f17) x30 0x800104ee
core   0: 0x8000b4f2 (0xb03f2923) sw      gp, -1262(t5)
core   0: 3 0x8000b4f2 (0xb03f2923) mem 0x80010000 0x00000001
core   0: 0x8000b4f6 (0x0000bfe5) c.j     pc - 8
core   0: 3 0x8000b4f6 (0xbfe5)
core   0: 0x8000b4ee (0x00005f17) auipc   t5, 0x5
core   0: 3 0x8000b4ee (0x00005f17) x30 0x800104ee
core   0: 0x8000b4f2 (0xb03f2923) sw      gp, -1262(t5)
core   0: 3 0x8000b4f2 (0xb03f2923) mem 0x80010000 0x00000001
core   0: 0x8000b4f6 (0x0000bfe5) c.j     pc - 8
core   0: 3 0x8000b4f6 (0xbfe5)
core   0: 0x8000b4ee (0x00005f17) auipc   t5, 0x5
core   0: 3 0x8000b4ee (0x00005f17) x30 0x800104ee
core   0: 0x8000b4f2 (0xb03f2923) sw      gp, -1262(t5)
core   0: 3 0x8000b4f2 (0xb03f2923) mem 0x80010000 0x00000001
core   0: 0x8000b4f6 (0x0000bfe5) c.j     pc - 8
core   0: 3 0x8000b4f6 (0xbfe5)
core   0: 0x8000b4ee (0x00005f17) auipc   t5, 0x5
core   0: 3 0x8000b4ee (0x00005f17) x30 0x800104ee
core   0: 0x8000b4f2 (0xb03f2923) sw      gp, -1262(t5)
core   0: 3 0x8000b4f2 (0xb03f2923) mem 0x80010000 0x00000001
core   0: 0x8000b4f6 (0x0000bfe5) c.j     pc - 8
core   0: 3 0x8000b4f6 (0xbfe5)
core   0: 0x8000b4ee (0x00005f17) auipc   t5, 0x5
core   0: 3 0x8000b4ee (0x00005f17) x30 0x800104ee
core   0: 0x8000b4f2 (0xb03f2923) sw      gp, -1262(t5)
core   0: 3 0x8000b4f2 (0xb03f2923) mem 0x80010000 0x00000001
core   0: 0x8000b4f6 (0x0000bfe5) c.j     pc - 8
core   0: 3 0x8000b4f6 (0xbfe5)
core   0: 0x8000b4ee (0x00005f17) auipc   t5, 0x5
core   0: 3 0x8000b4ee (0x00005f17) x30 0x800104ee
core   0: 0x8000b4f2 (0xb03f2923) sw      gp, -1262(t5)
core   0: 3 0x8000b4f2 (0xb03f2923) mem 0x80010000 0x00000001
core   0: 0x8000b4f6 (0x0000bfe5) c.j     pc - 8
core   0: 3 0x8000b4f6 (0xbfe5)
core   0: 0x8000b4ee (0x00005f17) auipc   t5, 0x5
core   0: 3 0x8000b4ee (0x00005f17) x30 0x800104ee
core   0: 0x8000b4f2 (0xb03f2923) sw      gp, -1262(t5)
core   0: 3 0x8000b4f2 (0xb03f2923) mem 0x80010000 0x00000001
core   0: 0x8000b4f6 (0x0000bfe5) c.j     pc - 8
core   0: 3 0x8000b4f6 (0xbfe5)
core   0: 0x8000b4ee (0x00005f17) auipc   t5, 0x5
core   0: 3 0x8000b4ee (0x00005f17) x30 0x800104ee
core   0: 0x8000b4f2 (0xb03f2923) sw      gp, -1262(t5)
core   0: 3 0x8000b4f2 (0xb03f2923) mem 0x80010000 0x00000001
core   0: 0x8000b4f6 (0x0000bfe5) c.j     pc - 8
core   0: 3 0x8000b4f6 (0xbfe5)
core   0: 0x8000b4ee (0x00005f17) auipc   t5, 0x5
core   0: 3 0x8000b4ee (0x00005f17) x30 0x800104ee
core   0: 0x8000b4f2 (0xb03f2923) sw      gp, -1262(t5)
core   0: 3 0x8000b4f2 (0xb03f2923) mem 0x80010000 0x00000001
core   0: 0x8000b4f6 (0x0000bfe5) c.j     pc - 8
core   0: 3 0x8000b4f6 (0xbfe5)
core   0: 0x8000b4ee (0x00005f17) auipc   t5, 0x5
core   0: 3 0x8000b4ee (0x00005f17) x30 0x800104ee
core   0: 0x8000b4f2 (0xb03f2923) sw      gp, -1262(t5)
core   0: 3 0x8000b4f2 (0xb03f2923) mem 0x80010000 0x00000001
core   0: 0x8000b4f6 (0x0000bfe5) c.j     pc - 8
core   0: 3 0x8000b4f6 (0xbfe5)
core   0: 0x8000b4ee (0x00005f17) auipc   t5, 0x5
core   0: 3 0x8000b4ee (0x00005f17) x30 0x800104ee
core   0: 0x8000b4f2 (0xb03f2923) sw      gp, -1262(t5)
core   0: 3 0x8000b4f2 (0xb03f2923) mem 0x80010000 0x00000001
core   0: 0x8000b4f6 (0x0000bfe5) c.j     pc - 8
core   0: 3 0x8000b4f6 (0xbfe5)
core   0: 0x8000b4ee (0x00005f17) auipc   t5, 0x5
core   0: 3 0x8000b4ee (0x00005f17) x30 0x800104ee
core   0: 0x8000b4f2 (0xb03f2923) sw      gp, -1262(t5)
core   0: 3 0x8000b4f2 (0xb03f2923) mem 0x80010000 0x00000001
core   0: 0x8000b4f6 (0x0000bfe5) c.j     pc - 8
core   0: 3 0x8000b4f6 (0xbfe5)
core   0: 0x8000b4ee (0x00005f17) auipc   t5, 0x5
core   0: 3 0x8000b4ee (0x00005f17) x30 0x800104ee
core   0: 0x8000b4f2 (0xb03f2923) sw      gp, -1262(t5)
core   0: 3 0x8000b4f2 (0xb03f2923) mem 0x80010000 0x00000001
core   0: 0x8000b4f6 (0x0000bfe5) c.j     pc - 8
core   0: 3 0x8000b4f6 (0xbfe5)
core   0: 0x8000b4ee (0x00005f17) auipc   t5, 0x5
core   0: 3 0x8000b4ee (0x00005f17) x30 0x800104ee
core   0: 0x8000b4f2 (0xb03f2923) sw      gp, -1262(t5)
core   0: 3 0x8000b4f2 (0xb03f2923) mem 0x80010000 0x00000001
core   0: 0x8000b4f6 (0x0000bfe5) c.j     pc - 8
core   0: 3 0x8000b4f6 (0xbfe5)
core   0: 0x8000b4ee (0x00005f17) auipc   t5, 0x5
core   0: 3 0x8000b4ee (0x00005f17) x30 0x800104ee
core   0: 0x8000b4f2 (0xb03f2923) sw      gp, -1262(t5)
core   0: 3 0x8000b4f2 (0xb03f2923) mem 0x80010000 0x00000001
core   0: 0x8000b4f6 (0x0000bfe5) c.j     pc - 8
core   0: 3 0x8000b4f6 (0xbfe5)
core   0: 0x8000b4ee (0x00005f17) auipc   t5, 0x5
core   0: 3 0x8000b4ee (0x00005f17) x30 0x800104ee
core   0: 0x8000b4f2 (0xb03f2923) sw      gp, -1262(t5)
core   0: 3 0x8000b4f2 (0xb03f2923) mem 0x80010000 0x00000001
core   0: 0x8000b4f6 (0x0000bfe5) c.j     pc - 8
core   0: 3 0x8000b4f6 (0xbfe5)
core   0: 0x8000b4ee (0x00005f17) auipc   t5, 0x5
core   0: 3 0x8000b4ee (0x00005f17) x30 0x800104ee
core   0: 0x8000b4f2 (0xb03f2923) sw      gp, -1262(t5)
core   0: 3 0x8000b4f2 (0xb03f2923) mem 0x80010000 0x00000001
core   0: 0x8000b4f6 (0x0000bfe5) c.j     pc - 8
core   0: 3 0x8000b4f6 (0xbfe5)
core   0: 0x8000b4ee (0x00005f17) auipc   t5, 0x5
core   0: 3 0x8000b4ee (0x00005f17) x30 0x800104ee
core   0: 0x8000b4f2 (0xb03f2923) sw      gp, -1262(t5)
core   0: 3 0x8000b4f2 (0xb03f2923) mem 0x80010000 0x00000001
core   0: 0x8000b4f6 (0x0000bfe5) c.j     pc - 8
core   0: 3 0x8000b4f6 (0xbfe5)
core   0: 0x8000b4ee (0x00005f17) auipc   t5, 0x5
core   0: 3 0x8000b4ee (0x00005f17) x30 0x800104ee
core   0: 0x8000b4f2 (0xb03f2923) sw      gp, -1262(t5)
core   0: 3 0x8000b4f2 (0xb03f2923) mem 0x80010000 0x00000001
core   0: 0x8000b4f6 (0x0000bfe5) c.j     pc - 8
core   0: 3 0x8000b4f6 (0xbfe5)
core   0: 0x8000b4ee (0x00005f17) auipc   t5, 0x5
core   0: 3 0x8000b4ee (0x00005f17) x30 0x800104ee
core   0: 0x8000b4f2 (0xb03f2923) sw      gp, -1262(t5)
core   0: 3 0x8000b4f2 (0xb03f2923) mem 0x80010000 0x00000001
core   0: 0x8000b4f6 (0x0000bfe5) c.j     pc - 8
core   0: 3 0x8000b4f6 (0xbfe5)
core   0: 0x8000b4ee (0x00005f17) auipc   t5, 0x5
core   0: 3 0x8000b4ee (0x00005f17) x30 0x800104ee
core   0: 0x8000b4f2 (0xb03f2923) sw      gp, -1262(t5)
core   0: 3 0x8000b4f2 (0xb03f2923) mem 0x80010000 0x00000001
core   0: 0x8000b4f6 (0x0000bfe5) c.j     pc - 8
core   0: 3 0x8000b4f6 (0xbfe5)
core   0: 0x8000b4ee (0x00005f17) auipc   t5, 0x5
core   0: 3 0x8000b4ee (0x00005f17) x30 0x800104ee
core   0: 0x8000b4f2 (0xb03f2923) sw      gp, -1262(t5)
core   0: 3 0x8000b4f2 (0xb03f2923) mem 0x80010000 0x00000001
core   0: 0x8000b4f6 (0x0000bfe5) c.j     pc - 8
core   0: 3 0x8000b4f6 (0xbfe5)
core   0: 0x8000b4ee (0x00005f17) auipc   t5, 0x5
core   0: 3 0x8000b4ee (0x00005f17) x30 0x800104ee
core   0: 0x8000b4f2 (0xb03f2923) sw      gp, -1262(t5)
core   0: 3 0x8000b4f2 (0xb03f2923) mem 0x80010000 0x00000001
core   0: 0x8000b4f6 (0x0000bfe5) c.j     pc - 8
core   0: 3 0x8000b4f6 (0xbfe5)
core   0: 0x8000b4ee (0x00005f17) auipc   t5, 0x5
core   0: 3 0x8000b4ee (0x00005f17) x30 0x800104ee
core   0: 0x8000b4f2 (0xb03f2923) sw      gp, -1262(t5)
core   0: 3 0x8000b4f2 (0xb03f2923) mem 0x80010000 0x00000001
core   0: 0x8000b4f6 (0x0000bfe5) c.j     pc - 8
core   0: 3 0x8000b4f6 (0xbfe5)
core   0: 0x8000b4ee (0x00005f17) auipc   t5, 0x5
core   0: 3 0x8000b4ee (0x00005f17) x30 0x800104ee
core   0: 0x8000b4f2 (0xb03f2923) sw      gp, -1262(t5)
core   0: 3 0x8000b4f2 (0xb03f2923) mem 0x80010000 0x00000001
core   0: 0x8000b4f6 (0x0000bfe5) c.j     pc - 8
core   0: 3 0x8000b4f6 (0xbfe5)
core   0: 0x8000b4ee (0x00005f17) auipc   t5, 0x5
core   0: 3 0x8000b4ee (0x00005f17) x30 0x800104ee
core   0: 0x8000b4f2 (0xb03f2923) sw      gp, -1262(t5)
core   0: 3 0x8000b4f2 (0xb03f2923) mem 0x80010000 0x00000001
core   0: 0x8000b4f6 (0x0000bfe5) c.j     pc - 8
core   0: 3 0x8000b4f6 (0xbfe5)
core   0: 0x8000b4ee (0x00005f17) auipc   t5, 0x5
core   0: 3 0x8000b4ee (0x00005f17) x30 0x800104ee
core   0: 0x8000b4f2 (0xb03f2923) sw      gp, -1262(t5)
core   0: 3 0x8000b4f2 (0xb03f2923) mem 0x80010000 0x00000001
core   0: 0x8000b4f6 (0x0000bfe5) c.j     pc - 8
core   0: 3 0x8000b4f6 (0xbfe5)
core   0: 0x8000b4ee (0x00005f17) auipc   t5, 0x5
core   0: 3 0x8000b4ee (0x00005f17) x30 0x800104ee
core   0: 0x8000b4f2 (0xb03f2923) sw      gp, -1262(t5)
core   0: 3 0x8000b4f2 (0xb03f2923) mem 0x80010000 0x00000001
core   0: 0x8000b4f6 (0x0000bfe5) c.j     pc - 8
core   0: 3 0x8000b4f6 (0xbfe5)
core   0: 0x8000b4ee (0x00005f17) auipc   t5, 0x5
core   0: 3 0x8000b4ee (0x00005f17) x30 0x800104ee
core   0: 0x8000b4f2 (0xb03f2923) sw      gp, -1262(t5)
core   0: 3 0x8000b4f2 (0xb03f2923) mem 0x80010000 0x00000001
core   0: 0x8000b4f6 (0x0000bfe5) c.j     pc - 8
core   0: 3 0x8000b4f6 (0xbfe5)
core   0: 0x8000b4ee (0x00005f17) auipc   t5, 0x5
core   0: 3 0x8000b4ee (0x00005f17) x30 0x800104ee
core   0: 0x8000b4f2 (0xb03f2923) sw      gp, -1262(t5)
core   0: 3 0x8000b4f2 (0xb03f2923) mem 0x80010000 0x00000001
core   0: 0x8000b4f6 (0x0000bfe5) c.j     pc - 8
core   0: 3 0x8000b4f6 (0xbfe5)
core   0: 0x8000b4ee (0x00005f17) auipc   t5, 0x5
core   0: 3 0x8000b4ee (0x00005f17) x30 0x800104ee
core   0: 0x8000b4f2 (0xb03f2923) sw      gp, -1262(t5)
core   0: 3 0x8000b4f2 (0xb03f2923) mem 0x80010000 0x00000001
core   0: 0x8000b4f6 (0x0000bfe5) c.j     pc - 8
core   0: 3 0x8000b4f6 (0xbfe5)
core   0: 0x8000b4ee (0x00005f17) auipc   t5, 0x5
core   0: 3 0x8000b4ee (0x00005f17) x30 0x800104ee
core   0: 0x8000b4f2 (0xb03f2923) sw      gp, -1262(t5)
core   0: 3 0x8000b4f2 (0xb03f2923) mem 0x80010000 0x00000001
core   0: 0x8000b4f6 (0x0000bfe5) c.j     pc - 8
core   0: 3 0x8000b4f6 (0xbfe5)
core   0: 0x8000b4ee (0x00005f17) auipc   t5, 0x5
core   0: 3 0x8000b4ee (0x00005f17) x30 0x800104ee
core   0: 0x8000b4f2 (0xb03f2923) sw      gp, -1262(t5)
core   0: 3 0x8000b4f2 (0xb03f2923) mem 0x80010000 0x00000001
core   0: 0x8000b4f6 (0x0000bfe5) c.j     pc - 8
core   0: 3 0x8000b4f6 (0xbfe5)
core   0: 0x8000b4ee (0x00005f17) auipc   t5, 0x5
core   0: 3 0x8000b4ee (0x00005f17) x30 0x800104ee
core   0: 0x8000b4f2 (0xb03f2923) sw      gp, -1262(t5)
core   0: 3 0x8000b4f2 (0xb03f2923) mem 0x80010000 0x00000001
core   0: 0x8000b4f6 (0x0000bfe5) c.j     pc - 8
core   0: 3 0x8000b4f6 (0xbfe5)
core   0: 0x8000b4ee (0x00005f17) auipc   t5, 0x5
core   0: 3 0x8000b4ee (0x00005f17) x30 0x800104ee
core   0: 0x8000b4f2 (0xb03f2923) sw      gp, -1262(t5)
core   0: 3 0x8000b4f2 (0xb03f2923) mem 0x80010000 0x00000001
core   0: 0x8000b4f6 (0x0000bfe5) c.j     pc - 8
core   0: 3 0x8000b4f6 (0xbfe5)
core   0: 0x8000b4ee (0x00005f17) auipc   t5, 0x5
core   0: 3 0x8000b4ee (0x00005f17) x30 0x800104ee
core   0: 0x8000b4f2 (0xb03f2923) sw      gp, -1262(t5)
core   0: 3 0x8000b4f2 (0xb03f2923) mem 0x80010000 0x00000001
core   0: 0x8000b4f6 (0x0000bfe5) c.j     pc - 8
core   0: 3 0x8000b4f6 (0xbfe5)
core   0: 0x8000b4ee (0x00005f17) auipc   t5, 0x5
core   0: 3 0x8000b4ee (0x00005f17) x30 0x800104ee
core   0: 0x8000b4f2 (0xb03f2923) sw      gp, -1262(t5)
core   0: 3 0x8000b4f2 (0xb03f2923) mem 0x80010000 0x00000001
core   0: 0x8000b4f6 (0x0000bfe5) c.j     pc - 8
core   0: 3 0x8000b4f6 (0xbfe5)
core   0: 0x8000b4ee (0x00005f17) auipc   t5, 0x5
core   0: 3 0x8000b4ee (0x00005f17) x30 0x800104ee
core   0: 0x8000b4f2 (0xb03f2923) sw      gp, -1262(t5)
core   0: 3 0x8000b4f2 (0xb03f2923) mem 0x80010000 0x00000001
core   0: 0x8000b4f6 (0x0000bfe5) c.j     pc - 8
core   0: 3 0x8000b4f6 (0xbfe5)
core   0: 0x8000b4ee (0x00005f17) auipc   t5, 0x5
core   0: 3 0x8000b4ee (0x00005f17) x30 0x800104ee
core   0: 0x8000b4f2 (0xb03f2923) sw      gp, -1262(t5)
core   0: 3 0x8000b4f2 (0xb03f2923) mem 0x80010000 0x00000001
core   0: 0x8000b4f6 (0x0000bfe5) c.j     pc - 8
core   0: 3 0x8000b4f6 (0xbfe5)
core   0: 0x8000b4ee (0x00005f17) auipc   t5, 0x5
core   0: 3 0x8000b4ee (0x00005f17) x30 0x800104ee
core   0: 0x8000b4f2 (0xb03f2923) sw      gp, -1262(t5)
core   0: 3 0x8000b4f2 (0xb03f2923) mem 0x80010000 0x00000001
core   0: 0x8000b4f6 (0x0000bfe5) c.j     pc - 8
core   0: 3 0x8000b4f6 (0xbfe5)
core   0: 0x8000b4ee (0x00005f17) auipc   t5, 0x5
core   0: 3 0x8000b4ee (0x00005f17) x30 0x800104ee
core   0: 0x8000b4f2 (0xb03f2923) sw      gp, -1262(t5)
core   0: 3 0x8000b4f2 (0xb03f2923) mem 0x80010000 0x00000001
core   0: 0x8000b4f6 (0x0000bfe5) c.j     pc - 8
core   0: 3 0x8000b4f6 (0xbfe5)
core   0: 0x8000b4ee (0x00005f17) auipc   t5, 0x5
core   0: 3 0x8000b4ee (0x00005f17) x30 0x800104ee
core   0: 0x8000b4f2 (0xb03f2923) sw      gp, -1262(t5)
core   0: 3 0x8000b4f2 (0xb03f2923) mem 0x80010000 0x00000001
core   0: 0x8000b4f6 (0x0000bfe5) c.j     pc - 8
core   0: 3 0x8000b4f6 (0xbfe5)
core   0: 0x8000b4ee (0x00005f17) auipc   t5, 0x5
core   0: 3 0x8000b4ee (0x00005f17) x30 0x800104ee
core   0: 0x8000b4f2 (0xb03f2923) sw      gp, -1262(t5)
core   0: 3 0x8000b4f2 (0xb03f2923) mem 0x80010000 0x00000001
core   0: 0x8000b4f6 (0x0000bfe5) c.j     pc - 8
core   0: 3 0x8000b4f6 (0xbfe5)
core   0: 0x8000b4ee (0x00005f17) auipc   t5, 0x5
core   0: 3 0x8000b4ee (0x00005f17) x30 0x800104ee
core   0: 0x8000b4f2 (0xb03f2923) sw      gp, -1262(t5)
core   0: 3 0x8000b4f2 (0xb03f2923) mem 0x80010000 0x00000001
core   0: 0x8000b4f6 (0x0000bfe5) c.j     pc - 8
core   0: 3 0x8000b4f6 (0xbfe5)
core   0: 0x8000b4ee (0x00005f17) auipc   t5, 0x5
core   0: 3 0x8000b4ee (0x00005f17) x30 0x800104ee
core   0: 0x8000b4f2 (0xb03f2923) sw      gp, -1262(t5)
core   0: 3 0x8000b4f2 (0xb03f2923) mem 0x80010000 0x00000001
core   0: 0x8000b4f6 (0x0000bfe5) c.j     pc - 8
core   0: 3 0x8000b4f6 (0xbfe5)
core   0: 0x8000b4ee (0x00005f17) auipc   t5, 0x5
core   0: 3 0x8000b4ee (0x00005f17) x30 0x800104ee
core   0: 0x8000b4f2 (0xb03f2923) sw      gp, -1262(t5)
core   0: 3 0x8000b4f2 (0xb03f2923) mem 0x80010000 0x00000001
core   0: 0x8000b4f6 (0x0000bfe5) c.j     pc - 8
core   0: 3 0x8000b4f6 (0xbfe5)
core   0: 0x8000b4ee (0x00005f17) auipc   t5, 0x5
core   0: 3 0x8000b4ee (0x00005f17) x30 0x800104ee
core   0: 0x8000b4f2 (0xb03f2923) sw      gp, -1262(t5)
core   0: 3 0x8000b4f2 (0xb03f2923) mem 0x80010000 0x00000001
core   0: 0x8000b4f6 (0x0000bfe5) c.j     pc - 8
core   0: 3 0x8000b4f6 (0xbfe5)
core   0: 0x8000b4ee (0x00005f17) auipc   t5, 0x5
core   0: 3 0x8000b4ee (0x00005f17) x30 0x800104ee
core   0: 0x8000b4f2 (0xb03f2923) sw      gp, -1262(t5)
core   0: 3 0x8000b4f2 (0xb03f2923) mem 0x80010000 0x00000001
core   0: 0x8000b4f6 (0x0000bfe5) c.j     pc - 8
core   0: 3 0x8000b4f6 (0xbfe5)
core   0: 0x8000b4ee (0x00005f17) auipc   t5, 0x5
core   0: 3 0x8000b4ee (0x00005f17) x30 0x800104ee
core   0: 0x8000b4f2 (0xb03f2923) sw      gp, -1262(t5)
core   0: 3 0x8000b4f2 (0xb03f2923) mem 0x80010000 0x00000001
core   0: 0x8000b4f6 (0x0000bfe5) c.j     pc - 8
core   0: 3 0x8000b4f6 (0xbfe5)
core   0: 0x8000b4ee (0x00005f17) auipc   t5, 0x5
core   0: 3 0x8000b4ee (0x00005f17) x30 0x800104ee
core   0: 0x8000b4f2 (0xb03f2923) sw      gp, -1262(t5)
core   0: 3 0x8000b4f2 (0xb03f2923) mem 0x80010000 0x00000001
core   0: 0x8000b4f6 (0x0000bfe5) c.j     pc - 8
core   0: 3 0x8000b4f6 (0xbfe5)
core   0: 0x8000b4ee (0x00005f17) auipc   t5, 0x5
core   0: 3 0x8000b4ee (0x00005f17) x30 0x800104ee
core   0: 0x8000b4f2 (0xb03f2923) sw      gp, -1262(t5)
core   0: 3 0x8000b4f2 (0xb03f2923) mem 0x80010000 0x00000001
core   0: 0x8000b4f6 (0x0000bfe5) c.j     pc - 8
core   0: 3 0x8000b4f6 (0xbfe5)
core   0: 0x8000b4ee (0x00005f17) auipc   t5, 0x5
core   0: 3 0x8000b4ee (0x00005f17) x30 0x800104ee
core   0: 0x8000b4f2 (0xb03f2923) sw      gp, -1262(t5)
core   0: 3 0x8000b4f2 (0xb03f2923) mem 0x80010000 0x00000001
core   0: 0x8000b4f6 (0x0000bfe5) c.j     pc - 8
core   0: 3 0x8000b4f6 (0xbfe5)
core   0: 0x8000b4ee (0x00005f17) auipc   t5, 0x5
core   0: 3 0x8000b4ee (0x00005f17) x30 0x800104ee
core   0: 0x8000b4f2 (0xb03f2923) sw      gp, -1262(t5)
core   0: 3 0x8000b4f2 (0xb03f2923) mem 0x80010000 0x00000001
core   0: 0x8000b4f6 (0x0000bfe5) c.j     pc - 8
core   0: 3 0x8000b4f6 (0xbfe5)
core   0: 0x8000b4ee (0x00005f17) auipc   t5, 0x5
core   0: 3 0x8000b4ee (0x00005f17) x30 0x800104ee
core   0: 0x8000b4f2 (0xb03f2923) sw      gp, -1262(t5)
core   0: 3 0x8000b4f2 (0xb03f2923) mem 0x80010000 0x00000001
core   0: 0x8000b4f6 (0x0000bfe5) c.j     pc - 8
core   0: 3 0x8000b4f6 (0xbfe5)
core   0: 0x8000b4ee (0x00005f17) auipc   t5, 0x5
core   0: 3 0x8000b4ee (0x00005f17) x30 0x800104ee
core   0: 0x8000b4f2 (0xb03f2923) sw      gp, -1262(t5)
core   0: 3 0x8000b4f2 (0xb03f2923) mem 0x80010000 0x00000001
core   0: 0x8000b4f6 (0x0000bfe5) c.j     pc - 8
core   0: 3 0x8000b4f6 (0xbfe5)
core   0: 0x8000b4ee (0x00005f17) auipc   t5, 0x5
core   0: 3 0x8000b4ee (0x00005f17) x30 0x800104ee
core   0: 0x8000b4f2 (0xb03f2923) sw      gp, -1262(t5)
core   0: 3 0x8000b4f2 (0xb03f2923) mem 0x80010000 0x00000001
core   0: 0x8000b4f6 (0x0000bfe5) c.j     pc - 8
core   0: 3 0x8000b4f6 (0xbfe5)
core   0: 0x8000b4ee (0x00005f17) auipc   t5, 0x5
core   0: 3 0x8000b4ee (0x00005f17) x30 0x800104ee
core   0: 0x8000b4f2 (0xb03f2923) sw      gp, -1262(t5)
core   0: 3 0x8000b4f2 (0xb03f2923) mem 0x80010000 0x00000001
core   0: 0x8000b4f6 (0x0000bfe5) c.j     pc - 8
core   0: 3 0x8000b4f6 (0xbfe5)
core   0: 0x8000b4ee (0x00005f17) auipc   t5, 0x5
core   0: 3 0x8000b4ee (0x00005f17) x30 0x800104ee
core   0: 0x8000b4f2 (0xb03f2923) sw      gp, -1262(t5)
core   0: 3 0x8000b4f2 (0xb03f2923) mem 0x80010000 0x00000001
core   0: 0x8000b4f6 (0x0000bfe5) c.j     pc - 8
core   0: 3 0x8000b4f6 (0xbfe5)
core   0: 0x8000b4ee (0x00005f17) auipc   t5, 0x5
core   0: 3 0x8000b4ee (0x00005f17) x30 0x800104ee
core   0: 0x8000b4f2 (0xb03f2923) sw      gp, -1262(t5)
core   0: 3 0x8000b4f2 (0xb03f2923) mem 0x80010000 0x00000001
core   0: 0x8000b4f6 (0x0000bfe5) c.j     pc - 8
core   0: 3 0x8000b4f6 (0xbfe5)
core   0: 0x8000b4ee (0x00005f17) auipc   t5, 0x5
core   0: 3 0x8000b4ee (0x00005f17) x30 0x800104ee
core   0: 0x8000b4f2 (0xb03f2923) sw      gp, -1262(t5)
core   0: 3 0x8000b4f2 (0xb03f2923) mem 0x80010000 0x00000001
core   0: 0x8000b4f6 (0x0000bfe5) c.j     pc - 8
core   0: 3 0x8000b4f6 (0xbfe5)
core   0: 0x8000b4ee (0x00005f17) auipc   t5, 0x5
core   0: 3 0x8000b4ee (0x00005f17) x30 0x800104ee
core   0: 0x8000b4f2 (0xb03f2923) sw      gp, -1262(t5)
core   0: 3 0x8000b4f2 (0xb03f2923) mem 0x80010000 0x00000001
core   0: 0x8000b4f6 (0x0000bfe5) c.j     pc - 8
core   0: 3 0x8000b4f6 (0xbfe5)
core   0: 0x8000b4ee (0x00005f17) auipc   t5, 0x5
core   0: 3 0x8000b4ee (0x00005f17) x30 0x800104ee
core   0: 0x8000b4f2 (0xb03f2923) sw      gp, -1262(t5)
core   0: 3 0x8000b4f2 (0xb03f2923) mem 0x80010000 0x00000001
core   0: 0x8000b4f6 (0x0000bfe5) c.j     pc - 8
core   0: 3 0x8000b4f6 (0xbfe5)
core   0: 0x8000b4ee (0x00005f17) auipc   t5, 0x5
core   0: 3 0x8000b4ee (0x00005f17) x30 0x800104ee
core   0: 0x8000b4f2 (0xb03f2923) sw      gp, -1262(t5)
core   0: 3 0x8000b4f2 (0xb03f2923) mem 0x80010000 0x00000001
core   0: 0x8000b4f6 (0x0000bfe5) c.j     pc - 8
core   0: 3 0x8000b4f6 (0xbfe5)
core   0: 0x8000b4ee (0x00005f17) auipc   t5, 0x5
core   0: 3 0x8000b4ee (0x00005f17) x30 0x800104ee
core   0: 0x8000b4f2 (0xb03f2923) sw      gp, -1262(t5)
core   0: 3 0x8000b4f2 (0xb03f2923) mem 0x80010000 0x00000001
core   0: 0x8000b4f6 (0x0000bfe5) c.j     pc - 8
core   0: 3 0x8000b4f6 (0xbfe5)
core   0: 0x8000b4ee (0x00005f17) auipc   t5, 0x5
core   0: 3 0x8000b4ee (0x00005f17) x30 0x800104ee
core   0: 0x8000b4f2 (0xb03f2923) sw      gp, -1262(t5)
core   0: 3 0x8000b4f2 (0xb03f2923) mem 0x80010000 0x00000001
core   0: 0x8000b4f6 (0x0000bfe5) c.j     pc - 8
core   0: 3 0x8000b4f6 (0xbfe5)
core   0: 0x8000b4ee (0x00005f17) auipc   t5, 0x5
core   0: 3 0x8000b4ee (0x00005f17) x30 0x800104ee
core   0: 0x8000b4f2 (0xb03f2923) sw      gp, -1262(t5)
core   0: 3 0x8000b4f2 (0xb03f2923) mem 0x80010000 0x00000001
core   0: 0x8000b4f6 (0x0000bfe5) c.j     pc - 8
core   0: 3 0x8000b4f6 (0xbfe5)
core   0: 0x8000b4ee (0x00005f17) auipc   t5, 0x5
core   0: 3 0x8000b4ee (0x00005f17) x30 0x800104ee
core   0: 0x8000b4f2 (0xb03f2923) sw      gp, -1262(t5)
core   0: 3 0x8000b4f2 (0xb03f2923) mem 0x80010000 0x00000001
core   0: 0x8000b4f6 (0x0000bfe5) c.j     pc - 8
core   0: 3 0x8000b4f6 (0xbfe5)
core   0: 0x8000b4ee (0x00005f17) auipc   t5, 0x5
core   0: 3 0x8000b4ee (0x00005f17) x30 0x800104ee
core   0: 0x8000b4f2 (0xb03f2923) sw      gp, -1262(t5)
core   0: 3 0x8000b4f2 (0xb03f2923) mem 0x80010000 0x00000001
core   0: 0x8000b4f6 (0x0000bfe5) c.j     pc - 8
core   0: 3 0x8000b4f6 (0xbfe5)
core   0: 0x8000b4ee (0x00005f17) auipc   t5, 0x5
core   0: 3 0x8000b4ee (0x00005f17) x30 0x800104ee
core   0: 0x8000b4f2 (0xb03f2923) sw      gp, -1262(t5)
core   0: 3 0x8000b4f2 (0xb03f2923) mem 0x80010000 0x00000001
core   0: 0x8000b4f6 (0x0000bfe5) c.j     pc - 8
core   0: 3 0x8000b4f6 (0xbfe5)
core   0: 0x8000b4ee (0x00005f17) auipc   t5, 0x5
core   0: 3 0x8000b4ee (0x00005f17) x30 0x800104ee
core   0: 0x8000b4f2 (0xb03f2923) sw      gp, -1262(t5)
core   0: 3 0x8000b4f2 (0xb03f2923) mem 0x80010000 0x00000001
core   0: 0x8000b4f6 (0x0000bfe5) c.j     pc - 8
core   0: 3 0x8000b4f6 (0xbfe5)
core   0: 0x8000b4ee (0x00005f17) auipc   t5, 0x5
core   0: 3 0x8000b4ee (0x00005f17) x30 0x800104ee
core   0: 0x8000b4f2 (0xb03f2923) sw      gp, -1262(t5)
core   0: 3 0x8000b4f2 (0xb03f2923) mem 0x80010000 0x00000001
core   0: 0x8000b4f6 (0x0000bfe5) c.j     pc - 8
core   0: 3 0x8000b4f6 (0xbfe5)
core   0: 0x8000b4ee (0x00005f17) auipc   t5, 0x5
core   0: 3 0x8000b4ee (0x00005f17) x30 0x800104ee
core   0: 0x8000b4f2 (0xb03f2923) sw      gp, -1262(t5)
core   0: 3 0x8000b4f2 (0xb03f2923) mem 0x80010000 0x00000001
core   0: 0x8000b4f6 (0x0000bfe5) c.j     pc - 8
core   0: 3 0x8000b4f6 (0xbfe5)
core   0: 0x8000b4ee (0x00005f17) auipc   t5, 0x5
core   0: 3 0x8000b4ee (0x00005f17) x30 0x800104ee
core   0: 0x8000b4f2 (0xb03f2923) sw      gp, -1262(t5)
core   0: 3 0x8000b4f2 (0xb03f2923) mem 0x80010000 0x00000001
core   0: 0x8000b4f6 (0x0000bfe5) c.j     pc - 8
core   0: 3 0x8000b4f6 (0xbfe5)
core   0: 0x8000b4ee (0x00005f17) auipc   t5, 0x5
core   0: 3 0x8000b4ee (0x00005f17) x30 0x800104ee
core   0: 0x8000b4f2 (0xb03f2923) sw      gp, -1262(t5)
core   0: 3 0x8000b4f2 (0xb03f2923) mem 0x80010000 0x00000001
core   0: 0x8000b4f6 (0x0000bfe5) c.j     pc - 8
core   0: 3 0x8000b4f6 (0xbfe5)
core   0: 0x8000b4ee (0x00005f17) auipc   t5, 0x5
core   0: 3 0x8000b4ee (0x00005f17) x30 0x800104ee
core   0: 0x8000b4f2 (0xb03f2923) sw      gp, -1262(t5)
core   0: 3 0x8000b4f2 (0xb03f2923) mem 0x80010000 0x00000001
core   0: 0x8000b4f6 (0x0000bfe5) c.j     pc - 8
core   0: 3 0x8000b4f6 (0xbfe5)
core   0: 0x8000b4ee (0x00005f17) auipc   t5, 0x5
core   0: 3 0x8000b4ee (0x00005f17) x30 0x800104ee
core   0: 0x8000b4f2 (0xb03f2923) sw      gp, -1262(t5)
core   0: 3 0x8000b4f2 (0xb03f2923) mem 0x80010000 0x00000001
core   0: 0x8000b4f6 (0x0000bfe5) c.j     pc - 8
core   0: 3 0x8000b4f6 (0xbfe5)
core   0: 0x8000b4ee (0x00005f17) auipc   t5, 0x5
core   0: 3 0x8000b4ee (0x00005f17) x30 0x800104ee
core   0: 0x8000b4f2 (0xb03f2923) sw      gp, -1262(t5)
core   0: 3 0x8000b4f2 (0xb03f2923) mem 0x80010000 0x00000001
core   0: 0x8000b4f6 (0x0000bfe5) c.j     pc - 8
core   0: 3 0x8000b4f6 (0xbfe5)
core   0: 0x8000b4ee (0x00005f17) auipc   t5, 0x5
core   0: 3 0x8000b4ee (0x00005f17) x30 0x800104ee
core   0: 0x8000b4f2 (0xb03f2923) sw      gp, -1262(t5)
core   0: 3 0x8000b4f2 (0xb03f2923) mem 0x80010000 0x00000001
core   0: 0x8000b4f6 (0x0000bfe5) c.j     pc - 8
core   0: 3 0x8000b4f6 (0xbfe5)
core   0: 0x8000b4ee (0x00005f17) auipc   t5, 0x5
core   0: 3 0x8000b4ee (0x00005f17) x30 0x800104ee
core   0: 0x8000b4f2 (0xb03f2923) sw      gp, -1262(t5)
core   0: 3 0x8000b4f2 (0xb03f2923) mem 0x80010000 0x00000001
core   0: 0x8000b4f6 (0x0000bfe5) c.j     pc - 8
core   0: 3 0x8000b4f6 (0xbfe5)
core   0: 0x8000b4ee (0x00005f17) auipc   t5, 0x5
core   0: 3 0x8000b4ee (0x00005f17) x30 0x800104ee
core   0: 0x8000b4f2 (0xb03f2923) sw      gp, -1262(t5)
core   0: 3 0x8000b4f2 (0xb03f2923) mem 0x80010000 0x00000001
core   0: 0x8000b4f6 (0x0000bfe5) c.j     pc - 8
core   0: 3 0x8000b4f6 (0xbfe5)
core   0: 0x8000b4ee (0x00005f17) auipc   t5, 0x5
core   0: 3 0x8000b4ee (0x00005f17) x30 0x800104ee
core   0: 0x8000b4f2 (0xb03f2923) sw      gp, -1262(t5)
core   0: 3 0x8000b4f2 (0xb03f2923) mem 0x80010000 0x00000001
core   0: 0x8000b4f6 (0x0000bfe5) c.j     pc - 8
core   0: 3 0x8000b4f6 (0xbfe5)
core   0: 0x8000b4ee (0x00005f17) auipc   t5, 0x5
core   0: 3 0x8000b4ee (0x00005f17) x30 0x800104ee
core   0: 0x8000b4f2 (0xb03f2923) sw      gp, -1262(t5)
core   0: 3 0x8000b4f2 (0xb03f2923) mem 0x80010000 0x00000001
core   0: 0x8000b4f6 (0x0000bfe5) c.j     pc - 8
core   0: 3 0x8000b4f6 (0xbfe5)
core   0: 0x8000b4ee (0x00005f17) auipc   t5, 0x5
core   0: 3 0x8000b4ee (0x00005f17) x30 0x800104ee
core   0: 0x8000b4f2 (0xb03f2923) sw      gp, -1262(t5)
core   0: 3 0x8000b4f2 (0xb03f2923) mem 0x80010000 0x00000001
core   0: 0x8000b4f6 (0x0000bfe5) c.j     pc - 8
core   0: 3 0x8000b4f6 (0xbfe5)
core   0: 0x8000b4ee (0x00005f17) auipc   t5, 0x5
core   0: 3 0x8000b4ee (0x00005f17) x30 0x800104ee
core   0: 0x8000b4f2 (0xb03f2923) sw      gp, -1262(t5)
core   0: 3 0x8000b4f2 (0xb03f2923) mem 0x80010000 0x00000001
core   0: 0x8000b4f6 (0x0000bfe5) c.j     pc - 8
core   0: 3 0x8000b4f6 (0xbfe5)
core   0: 0x8000b4ee (0x00005f17) auipc   t5, 0x5
core   0: 3 0x8000b4ee (0x00005f17) x30 0x800104ee
core   0: 0x8000b4f2 (0xb03f2923) sw      gp, -1262(t5)
core   0: 3 0x8000b4f2 (0xb03f2923) mem 0x80010000 0x00000001
core   0: 0x8000b4f6 (0x0000bfe5) c.j     pc - 8
core   0: 3 0x8000b4f6 (0xbfe5)
core   0: 0x8000b4ee (0x00005f17) auipc   t5, 0x5
core   0: 3 0x8000b4ee (0x00005f17) x30 0x800104ee
core   0: 0x8000b4f2 (0xb03f2923) sw      gp, -1262(t5)
core   0: 3 0x8000b4f2 (0xb03f2923) mem 0x80010000 0x00000001
core   0: 0x8000b4f6 (0x0000bfe5) c.j     pc - 8
core   0: 3 0x8000b4f6 (0xbfe5)
core   0: 0x8000b4ee (0x00005f17) auipc   t5, 0x5
core   0: 3 0x8000b4ee (0x00005f17) x30 0x800104ee
core   0: 0x8000b4f2 (0xb03f2923) sw      gp, -1262(t5)
core   0: 3 0x8000b4f2 (0xb03f2923) mem 0x80010000 0x00000001
core   0: 0x8000b4f6 (0x0000bfe5) c.j     pc - 8
core   0: 3 0x8000b4f6 (0xbfe5)
core   0: 0x8000b4ee (0x00005f17) auipc   t5, 0x5
core   0: 3 0x8000b4ee (0x00005f17) x30 0x800104ee
core   0: 0x8000b4f2 (0xb03f2923) sw      gp, -1262(t5)
core   0: 3 0x8000b4f2 (0xb03f2923) mem 0x80010000 0x00000001
core   0: 0x8000b4f6 (0x0000bfe5) c.j     pc - 8
core   0: 3 0x8000b4f6 (0xbfe5)
core   0: 0x8000b4ee (0x00005f17) auipc   t5, 0x5
core   0: 3 0x8000b4ee (0x00005f17) x30 0x800104ee
core   0: 0x8000b4f2 (0xb03f2923) sw      gp, -1262(t5)
core   0: 3 0x8000b4f2 (0xb03f2923) mem 0x80010000 0x00000001
core   0: 0x8000b4f6 (0x0000bfe5) c.j     pc - 8
core   0: 3 0x8000b4f6 (0xbfe5)
core   0: 0x8000b4ee (0x00005f17) auipc   t5, 0x5
core   0: 3 0x8000b4ee (0x00005f17) x30 0x800104ee
core   0: 0x8000b4f2 (0xb03f2923) sw      gp, -1262(t5)
core   0: 3 0x8000b4f2 (0xb03f2923) mem 0x80010000 0x00000001
core   0: 0x8000b4f6 (0x0000bfe5) c.j     pc - 8
core   0: 3 0x8000b4f6 (0xbfe5)
core   0: 0x8000b4ee (0x00005f17) auipc   t5, 0x5
core   0: 3 0x8000b4ee (0x00005f17) x30 0x800104ee
core   0: 0x8000b4f2 (0xb03f2923) sw      gp, -1262(t5)
core   0: 3 0x8000b4f2 (0xb03f2923) mem 0x80010000 0x00000001
core   0: 0x8000b4f6 (0x0000bfe5) c.j     pc - 8
core   0: 3 0x8000b4f6 (0xbfe5)
core   0: 0x8000b4ee (0x00005f17) auipc   t5, 0x5
core   0: 3 0x8000b4ee (0x00005f17) x30 0x800104ee
core   0: 0x8000b4f2 (0xb03f2923) sw      gp, -1262(t5)
core   0: 3 0x8000b4f2 (0xb03f2923) mem 0x80010000 0x00000001
core   0: 0x8000b4f6 (0x0000bfe5) c.j     pc - 8
core   0: 3 0x8000b4f6 (0xbfe5)
core   0: 0x8000b4ee (0x00005f17) auipc   t5, 0x5
core   0: 3 0x8000b4ee (0x00005f17) x30 0x800104ee
core   0: 0x8000b4f2 (0xb03f2923) sw      gp, -1262(t5)
core   0: 3 0x8000b4f2 (0xb03f2923) mem 0x80010000 0x00000001
core   0: 0x8000b4f6 (0x0000bfe5) c.j     pc - 8
core   0: 3 0x8000b4f6 (0xbfe5)
core   0: 0x8000b4ee (0x00005f17) auipc   t5, 0x5
core   0: 3 0x8000b4ee (0x00005f17) x30 0x800104ee
core   0: 0x8000b4f2 (0xb03f2923) sw      gp, -1262(t5)
core   0: 3 0x8000b4f2 (0xb03f2923) mem 0x80010000 0x00000001
core   0: 0x8000b4f6 (0x0000bfe5) c.j     pc - 8
core   0: 3 0x8000b4f6 (0xbfe5)
core   0: 0x8000b4ee (0x00005f17) auipc   t5, 0x5
core   0: 3 0x8000b4ee (0x00005f17) x30 0x800104ee
core   0: 0x8000b4f2 (0xb03f2923) sw      gp, -1262(t5)
core   0: 3 0x8000b4f2 (0xb03f2923) mem 0x80010000 0x00000001
core   0: 0x8000b4f6 (0x0000bfe5) c.j     pc - 8
core   0: 3 0x8000b4f6 (0xbfe5)
core   0: 0x8000b4ee (0x00005f17) auipc   t5, 0x5
core   0: 3 0x8000b4ee (0x00005f17) x30 0x800104ee
core   0: 0x8000b4f2 (0xb03f2923) sw      gp, -1262(t5)
core   0: 3 0x8000b4f2 (0xb03f2923) mem 0x80010000 0x00000001
core   0: 0x8000b4f6 (0x0000bfe5) c.j     pc - 8
core   0: 3 0x8000b4f6 (0xbfe5)
core   0: 0x8000b4ee (0x00005f17) auipc   t5, 0x5
core   0: 3 0x8000b4ee (0x00005f17) x30 0x800104ee
core   0: 0x8000b4f2 (0xb03f2923) sw      gp, -1262(t5)
core   0: 3 0x8000b4f2 (0xb03f2923) mem 0x80010000 0x00000001
core   0: 0x8000b4f6 (0x0000bfe5) c.j     pc - 8
core   0: 3 0x8000b4f6 (0xbfe5)
core   0: 0x8000b4ee (0x00005f17) auipc   t5, 0x5
core   0: 3 0x8000b4ee (0x00005f17) x30 0x800104ee
core   0: 0x8000b4f2 (0xb03f2923) sw      gp, -1262(t5)
core   0: 3 0x8000b4f2 (0xb03f2923) mem 0x80010000 0x00000001
core   0: 0x8000b4f6 (0x0000bfe5) c.j     pc - 8
core   0: 3 0x8000b4f6 (0xbfe5)
core   0: 0x8000b4ee (0x00005f17) auipc   t5, 0x5
core   0: 3 0x8000b4ee (0x00005f17) x30 0x800104ee
core   0: 0x8000b4f2 (0xb03f2923) sw      gp, -1262(t5)
core   0: 3 0x8000b4f2 (0xb03f2923) mem 0x80010000 0x00000001
core   0: 0x8000b4f6 (0x0000bfe5) c.j     pc - 8
core   0: 3 0x8000b4f6 (0xbfe5)
core   0: 0x8000b4ee (0x00005f17) auipc   t5, 0x5
core   0: 3 0x8000b4ee (0x00005f17) x30 0x800104ee
core   0: 0x8000b4f2 (0xb03f2923) sw      gp, -1262(t5)
core   0: 3 0x8000b4f2 (0xb03f2923) mem 0x80010000 0x00000001
core   0: 0x8000b4f6 (0x0000bfe5) c.j     pc - 8
core   0: 3 0x8000b4f6 (0xbfe5)
core   0: 0x8000b4ee (0x00005f17) auipc   t5, 0x5
core   0: 3 0x8000b4ee (0x00005f17) x30 0x800104ee
core   0: 0x8000b4f2 (0xb03f2923) sw      gp, -1262(t5)
core   0: 3 0x8000b4f2 (0xb03f2923) mem 0x80010000 0x00000001
core   0: 0x8000b4f6 (0x0000bfe5) c.j     pc - 8
core   0: 3 0x8000b4f6 (0xbfe5)
core   0: 0x8000b4ee (0x00005f17) auipc   t5, 0x5
core   0: 3 0x8000b4ee (0x00005f17) x30 0x800104ee
core   0: 0x8000b4f2 (0xb03f2923) sw      gp, -1262(t5)
core   0: 3 0x8000b4f2 (0xb03f2923) mem 0x80010000 0x00000001
core   0: 0x8000b4f6 (0x0000bfe5) c.j     pc - 8
core   0: 3 0x8000b4f6 (0xbfe5)
core   0: 0x8000b4ee (0x00005f17) auipc   t5, 0x5
core   0: 3 0x8000b4ee (0x00005f17) x30 0x800104ee
core   0: 0x8000b4f2 (0xb03f2923) sw      gp, -1262(t5)
core   0: 3 0x8000b4f2 (0xb03f2923) mem 0x80010000 0x00000001
core   0: 0x8000b4f6 (0x0000bfe5) c.j     pc - 8
core   0: 3 0x8000b4f6 (0xbfe5)
core   0: 0x8000b4ee (0x00005f17) auipc   t5, 0x5
core   0: 3 0x8000b4ee (0x00005f17) x30 0x800104ee
core   0: 0x8000b4f2 (0xb03f2923) sw      gp, -1262(t5)
core   0: 3 0x8000b4f2 (0xb03f2923) mem 0x80010000 0x00000001
core   0: 0x8000b4f6 (0x0000bfe5) c.j     pc - 8
core   0: 3 0x8000b4f6 (0xbfe5)
core   0: 0x8000b4ee (0x00005f17) auipc   t5, 0x5
core   0: 3 0x8000b4ee (0x00005f17) x30 0x800104ee
core   0: 0x8000b4f2 (0xb03f2923) sw      gp, -1262(t5)
core   0: 3 0x8000b4f2 (0xb03f2923) mem 0x80010000 0x00000001
core   0: 0x8000b4f6 (0x0000bfe5) c.j     pc - 8
core   0: 3 0x8000b4f6 (0xbfe5)
core   0: 0x8000b4ee (0x00005f17) auipc   t5, 0x5
core   0: 3 0x8000b4ee (0x00005f17) x30 0x800104ee
core   0: 0x8000b4f2 (0xb03f2923) sw      gp, -1262(t5)
core   0: 3 0x8000b4f2 (0xb03f2923) mem 0x80010000 0x00000001
core   0: 0x8000b4f6 (0x0000bfe5) c.j     pc - 8
core   0: 3 0x8000b4f6 (0xbfe5)
core   0: 0x8000b4ee (0x00005f17) auipc   t5, 0x5
core   0: 3 0x8000b4ee (0x00005f17) x30 0x800104ee
core   0: 0x8000b4f2 (0xb03f2923) sw      gp, -1262(t5)
core   0: 3 0x8000b4f2 (0xb03f2923) mem 0x80010000 0x00000001
core   0: 0x8000b4f6 (0x0000bfe5) c.j     pc - 8
core   0: 3 0x8000b4f6 (0xbfe5)
core   0: 0x8000b4ee (0x00005f17) auipc   t5, 0x5
core   0: 3 0x8000b4ee (0x00005f17) x30 0x800104ee
core   0: 0x8000b4f2 (0xb03f2923) sw      gp, -1262(t5)
core   0: 3 0x8000b4f2 (0xb03f2923) mem 0x80010000 0x00000001
core   0: 0x8000b4f6 (0x0000bfe5) c.j     pc - 8
core   0: 3 0x8000b4f6 (0xbfe5)
core   0: 0x8000b4ee (0x00005f17) auipc   t5, 0x5
core   0: 3 0x8000b4ee (0x00005f17) x30 0x800104ee
core   0: 0x8000b4f2 (0xb03f2923) sw      gp, -1262(t5)
core   0: 3 0x8000b4f2 (0xb03f2923) mem 0x80010000 0x00000001
core   0: 0x8000b4f6 (0x0000bfe5) c.j     pc - 8
core   0: 3 0x8000b4f6 (0xbfe5)
core   0: 0x8000b4ee (0x00005f17) auipc   t5, 0x5
core   0: 3 0x8000b4ee (0x00005f17) x30 0x800104ee
core   0: 0x8000b4f2 (0xb03f2923) sw      gp, -1262(t5)
core   0: 3 0x8000b4f2 (0xb03f2923) mem 0x80010000 0x00000001
core   0: 0x8000b4f6 (0x0000bfe5) c.j     pc - 8
core   0: 3 0x8000b4f6 (0xbfe5)
core   0: 0x8000b4ee (0x00005f17) auipc   t5, 0x5
core   0: 3 0x8000b4ee (0x00005f17) x30 0x800104ee
core   0: 0x8000b4f2 (0xb03f2923) sw      gp, -1262(t5)
core   0: 3 0x8000b4f2 (0xb03f2923) mem 0x80010000 0x00000001
core   0: 0x8000b4f6 (0x0000bfe5) c.j     pc - 8
core   0: 3 0x8000b4f6 (0xbfe5)
core   0: 0x8000b4ee (0x00005f17) auipc   t5, 0x5
core   0: 3 0x8000b4ee (0x00005f17) x30 0x800104ee
core   0: 0x8000b4f2 (0xb03f2923) sw      gp, -1262(t5)
core   0: 3 0x8000b4f2 (0xb03f2923) mem 0x80010000 0x00000001
core   0: 0x8000b4f6 (0x0000bfe5) c.j     pc - 8
core   0: 3 0x8000b4f6 (0xbfe5)
core   0: 0x8000b4ee (0x00005f17) auipc   t5, 0x5
core   0: 3 0x8000b4ee (0x00005f17) x30 0x800104ee
core   0: 0x8000b4f2 (0xb03f2923) sw      gp, -1262(t5)
core   0: 3 0x8000b4f2 (0xb03f2923) mem 0x80010000 0x00000001
core   0: 0x8000b4f6 (0x0000bfe5) c.j     pc - 8
core   0: 3 0x8000b4f6 (0xbfe5)
core   0: 0x8000b4ee (0x00005f17) auipc   t5, 0x5
core   0: 3 0x8000b4ee (0x00005f17) x30 0x800104ee
core   0: 0x8000b4f2 (0xb03f2923) sw      gp, -1262(t5)
core   0: 3 0x8000b4f2 (0xb03f2923) mem 0x80010000 0x00000001
core   0: 0x8000b4f6 (0x0000bfe5) c.j     pc - 8
core   0: 3 0x8000b4f6 (0xbfe5)
core   0: 0x8000b4ee (0x00005f17) auipc   t5, 0x5
core   0: 3 0x8000b4ee (0x00005f17) x30 0x800104ee
core   0: 0x8000b4f2 (0xb03f2923) sw      gp, -1262(t5)
core   0: 3 0x8000b4f2 (0xb03f2923) mem 0x80010000 0x00000001
core   0: 0x8000b4f6 (0x0000bfe5) c.j     pc - 8
core   0: 3 0x8000b4f6 (0xbfe5)
core   0: 0x8000b4ee (0x00005f17) auipc   t5, 0x5
core   0: 3 0x8000b4ee (0x00005f17) x30 0x800104ee
core   0: 0x8000b4f2 (0xb03f2923) sw      gp, -1262(t5)
core   0: 3 0x8000b4f2 (0xb03f2923) mem 0x80010000 0x00000001
core   0: 0x8000b4f6 (0x0000bfe5) c.j     pc - 8
core   0: 3 0x8000b4f6 (0xbfe5)
core   0: 0x8000b4ee (0x00005f17) auipc   t5, 0x5
core   0: 3 0x8000b4ee (0x00005f17) x30 0x800104ee
core   0: 0x8000b4f2 (0xb03f2923) sw      gp, -1262(t5)
core   0: 3 0x8000b4f2 (0xb03f2923) mem 0x80010000 0x00000001
core   0: 0x8000b4f6 (0x0000bfe5) c.j     pc - 8
core   0: 3 0x8000b4f6 (0xbfe5)
core   0: 0x8000b4ee (0x00005f17) auipc   t5, 0x5
core   0: 3 0x8000b4ee (0x00005f17) x30 0x800104ee
core   0: 0x8000b4f2 (0xb03f2923) sw      gp, -1262(t5)
core   0: 3 0x8000b4f2 (0xb03f2923) mem 0x80010000 0x00000001
core   0: 0x8000b4f6 (0x0000bfe5) c.j     pc - 8
core   0: 3 0x8000b4f6 (0xbfe5)
core   0: 0x8000b4ee (0x00005f17) auipc   t5, 0x5
core   0: 3 0x8000b4ee (0x00005f17) x30 0x800104ee
core   0: 0x8000b4f2 (0xb03f2923) sw      gp, -1262(t5)
core   0: 3 0x8000b4f2 (0xb03f2923) mem 0x80010000 0x00000001
core   0: 0x8000b4f6 (0x0000bfe5) c.j     pc - 8
core   0: 3 0x8000b4f6 (0xbfe5)
core   0: 0x8000b4ee (0x00005f17) auipc   t5, 0x5
core   0: 3 0x8000b4ee (0x00005f17) x30 0x800104ee
core   0: 0x8000b4f2 (0xb03f2923) sw      gp, -1262(t5)
core   0: 3 0x8000b4f2 (0xb03f2923) mem 0x80010000 0x00000001
core   0: 0x8000b4f6 (0x0000bfe5) c.j     pc - 8
core   0: 3 0x8000b4f6 (0xbfe5)
core   0: 0x8000b4ee (0x00005f17) auipc   t5, 0x5
core   0: 3 0x8000b4ee (0x00005f17) x30 0x800104ee
core   0: 0x8000b4f2 (0xb03f2923) sw      gp, -1262(t5)
core   0: 3 0x8000b4f2 (0xb03f2923) mem 0x80010000 0x00000001
core   0: 0x8000b4f6 (0x0000bfe5) c.j     pc - 8
core   0: 3 0x8000b4f6 (0xbfe5)
core   0: 0x8000b4ee (0x00005f17) auipc   t5, 0x5
core   0: 3 0x8000b4ee (0x00005f17) x30 0x800104ee
core   0: 0x8000b4f2 (0xb03f2923) sw      gp, -1262(t5)
core   0: 3 0x8000b4f2 (0xb03f2923) mem 0x80010000 0x00000001
core   0: 0x8000b4f6 (0x0000bfe5) c.j     pc - 8
core   0: 3 0x8000b4f6 (0xbfe5)
core   0: 0x8000b4ee (0x00005f17) auipc   t5, 0x5
core   0: 3 0x8000b4ee (0x00005f17) x30 0x800104ee
core   0: 0x8000b4f2 (0xb03f2923) sw      gp, -1262(t5)
core   0: 3 0x8000b4f2 (0xb03f2923) mem 0x80010000 0x00000001
core   0: 0x8000b4f6 (0x0000bfe5) c.j     pc - 8
core   0: 3 0x8000b4f6 (0xbfe5)
core   0: 0x8000b4ee (0x00005f17) auipc   t5, 0x5
core   0: 3 0x8000b4ee (0x00005f17) x30 0x800104ee
core   0: 0x8000b4f2 (0xb03f2923) sw      gp, -1262(t5)
core   0: 3 0x8000b4f2 (0xb03f2923) mem 0x80010000 0x00000001
core   0: 0x8000b4f6 (0x0000bfe5) c.j     pc - 8
core   0: 3 0x8000b4f6 (0xbfe5)
core   0: 0x8000b4ee (0x00005f17) auipc   t5, 0x5
core   0: 3 0x8000b4ee (0x00005f17) x30 0x800104ee
core   0: 0x8000b4f2 (0xb03f2923) sw      gp, -1262(t5)
core   0: 3 0x8000b4f2 (0xb03f2923) mem 0x80010000 0x00000001
core   0: 0x8000b4f6 (0x0000bfe5) c.j     pc - 8
core   0: 3 0x8000b4f6 (0xbfe5)
core   0: 0x8000b4ee (0x00005f17) auipc   t5, 0x5
core   0: 3 0x8000b4ee (0x00005f17) x30 0x800104ee
core   0: 0x8000b4f2 (0xb03f2923) sw      gp, -1262(t5)
core   0: 3 0x8000b4f2 (0xb03f2923) mem 0x80010000 0x00000001
core   0: 0x8000b4f6 (0x0000bfe5) c.j     pc - 8
core   0: 3 0x8000b4f6 (0xbfe5)
core   0: 0x8000b4ee (0x00005f17) auipc   t5, 0x5
core   0: 3 0x8000b4ee (0x00005f17) x30 0x800104ee
core   0: 0x8000b4f2 (0xb03f2923) sw      gp, -1262(t5)
core   0: 3 0x8000b4f2 (0xb03f2923) mem 0x80010000 0x00000001
core   0: 0x8000b4f6 (0x0000bfe5) c.j     pc - 8
core   0: 3 0x8000b4f6 (0xbfe5)
core   0: 0x8000b4ee (0x00005f17) auipc   t5, 0x5
core   0: 3 0x8000b4ee (0x00005f17) x30 0x800104ee
core   0: 0x8000b4f2 (0xb03f2923) sw      gp, -1262(t5)
core   0: 3 0x8000b4f2 (0xb03f2923) mem 0x80010000 0x00000001
core   0: 0x8000b4f6 (0x0000bfe5) c.j     pc - 8
core   0: 3 0x8000b4f6 (0xbfe5)
core   0: 0x8000b4ee (0x00005f17) auipc   t5, 0x5
core   0: 3 0x8000b4ee (0x00005f17) x30 0x800104ee
core   0: 0x8000b4f2 (0xb03f2923) sw      gp, -1262(t5)
core   0: 3 0x8000b4f2 (0xb03f2923) mem 0x80010000 0x00000001
core   0: 0x8000b4f6 (0x0000bfe5) c.j     pc - 8
core   0: 3 0x8000b4f6 (0xbfe5)
core   0: 0x8000b4ee (0x00005f17) auipc   t5, 0x5
core   0: 3 0x8000b4ee (0x00005f17) x30 0x800104ee
core   0: 0x8000b4f2 (0xb03f2923) sw      gp, -1262(t5)
core   0: 3 0x8000b4f2 (0xb03f2923) mem 0x80010000 0x00000001
core   0: 0x8000b4f6 (0x0000bfe5) c.j     pc - 8
core   0: 3 0x8000b4f6 (0xbfe5)
core   0: 0x8000b4ee (0x00005f17) auipc   t5, 0x5
core   0: 3 0x8000b4ee (0x00005f17) x30 0x800104ee
core   0: 0x8000b4f2 (0xb03f2923) sw      gp, -1262(t5)
core   0: 3 0x8000b4f2 (0xb03f2923) mem 0x80010000 0x00000001
core   0: 0x8000b4f6 (0x0000bfe5) c.j     pc - 8
core   0: 3 0x8000b4f6 (0xbfe5)
core   0: 0x8000b4ee (0x00005f17) auipc   t5, 0x5
core   0: 3 0x8000b4ee (0x00005f17) x30 0x800104ee
core   0: 0x8000b4f2 (0xb03f2923) sw      gp, -1262(t5)
core   0: 3 0x8000b4f2 (0xb03f2923) mem 0x80010000 0x00000001
core   0: 0x8000b4f6 (0x0000bfe5) c.j     pc - 8
core   0: 3 0x8000b4f6 (0xbfe5)
core   0: 0x8000b4ee (0x00005f17) auipc   t5, 0x5
core   0: 3 0x8000b4ee (0x00005f17) x30 0x800104ee
core   0: 0x8000b4f2 (0xb03f2923) sw      gp, -1262(t5)
core   0: 3 0x8000b4f2 (0xb03f2923) mem 0x80010000 0x00000001
core   0: 0x8000b4f6 (0x0000bfe5) c.j     pc - 8
core   0: 3 0x8000b4f6 (0xbfe5)
core   0: 0x8000b4ee (0x00005f17) auipc   t5, 0x5
core   0: 3 0x8000b4ee (0x00005f17) x30 0x800104ee
core   0: 0x8000b4f2 (0xb03f2923) sw      gp, -1262(t5)
core   0: 3 0x8000b4f2 (0xb03f2923) mem 0x80010000 0x00000001
core   0: 0x8000b4f6 (0x0000bfe5) c.j     pc - 8
core   0: 3 0x8000b4f6 (0xbfe5)
core   0: 0x8000b4ee (0x00005f17) auipc   t5, 0x5
core   0: 3 0x8000b4ee (0x00005f17) x30 0x800104ee
core   0: 0x8000b4f2 (0xb03f2923) sw      gp, -1262(t5)
core   0: 3 0x8000b4f2 (0xb03f2923) mem 0x80010000 0x00000001
core   0: 0x8000b4f6 (0x0000bfe5) c.j     pc - 8
core   0: 3 0x8000b4f6 (0xbfe5)
core   0: 0x8000b4ee (0x00005f17) auipc   t5, 0x5
core   0: 3 0x8000b4ee (0x00005f17) x30 0x800104ee
core   0: 0x8000b4f2 (0xb03f2923) sw      gp, -1262(t5)
core   0: 3 0x8000b4f2 (0xb03f2923) mem 0x80010000 0x00000001
core   0: 0x8000b4f6 (0x0000bfe5) c.j     pc - 8
core   0: 3 0x8000b4f6 (0xbfe5)
core   0: 0x8000b4ee (0x00005f17) auipc   t5, 0x5
core   0: 3 0x8000b4ee (0x00005f17) x30 0x800104ee
core   0: 0x8000b4f2 (0xb03f2923) sw      gp, -1262(t5)
core   0: 3 0x8000b4f2 (0xb03f2923) mem 0x80010000 0x00000001
core   0: 0x8000b4f6 (0x0000bfe5) c.j     pc - 8
core   0: 3 0x8000b4f6 (0xbfe5)
core   0: 0x8000b4ee (0x00005f17) auipc   t5, 0x5
core   0: 3 0x8000b4ee (0x00005f17) x30 0x800104ee
core   0: 0x8000b4f2 (0xb03f2923) sw      gp, -1262(t5)
core   0: 3 0x8000b4f2 (0xb03f2923) mem 0x80010000 0x00000001
core   0: 0x8000b4f6 (0x0000bfe5) c.j     pc - 8
core   0: 3 0x8000b4f6 (0xbfe5)
core   0: 0x8000b4ee (0x00005f17) auipc   t5, 0x5
core   0: 3 0x8000b4ee (0x00005f17) x30 0x800104ee
core   0: 0x8000b4f2 (0xb03f2923) sw      gp, -1262(t5)
core   0: 3 0x8000b4f2 (0xb03f2923) mem 0x80010000 0x00000001
core   0: 0x8000b4f6 (0x0000bfe5) c.j     pc - 8
core   0: 3 0x8000b4f6 (0xbfe5)
core   0: 0x8000b4ee (0x00005f17) auipc   t5, 0x5
core   0: 3 0x8000b4ee (0x00005f17) x30 0x800104ee
core   0: 0x8000b4f2 (0xb03f2923) sw      gp, -1262(t5)
core   0: 3 0x8000b4f2 (0xb03f2923) mem 0x80010000 0x00000001
core   0: 0x8000b4f6 (0x0000bfe5) c.j     pc - 8
core   0: 3 0x8000b4f6 (0xbfe5)
core   0: 0x8000b4ee (0x00005f17) auipc   t5, 0x5
core   0: 3 0x8000b4ee (0x00005f17) x30 0x800104ee
core   0: 0x8000b4f2 (0xb03f2923) sw      gp, -1262(t5)
core   0: 3 0x8000b4f2 (0xb03f2923) mem 0x80010000 0x00000001
core   0: 0x8000b4f6 (0x0000bfe5) c.j     pc - 8
core   0: 3 0x8000b4f6 (0xbfe5)
core   0: 0x8000b4ee (0x00005f17) auipc   t5, 0x5
core   0: 3 0x8000b4ee (0x00005f17) x30 0x800104ee
core   0: 0x8000b4f2 (0xb03f2923) sw      gp, -1262(t5)
core   0: 3 0x8000b4f2 (0xb03f2923) mem 0x80010000 0x00000001
core   0: 0x8000b4f6 (0x0000bfe5) c.j     pc - 8
core   0: 3 0x8000b4f6 (0xbfe5)
core   0: 0x8000b4ee (0x00005f17) auipc   t5, 0x5
core   0: 3 0x8000b4ee (0x00005f17) x30 0x800104ee
core   0: 0x8000b4f2 (0xb03f2923) sw      gp, -1262(t5)
core   0: 3 0x8000b4f2 (0xb03f2923) mem 0x80010000 0x00000001
core   0: 0x8000b4f6 (0x0000bfe5) c.j     pc - 8
core   0: 3 0x8000b4f6 (0xbfe5)
core   0: 0x8000b4ee (0x00005f17) auipc   t5, 0x5
core   0: 3 0x8000b4ee (0x00005f17) x30 0x800104ee
core   0: 0x8000b4f2 (0xb03f2923) sw      gp, -1262(t5)
core   0: 3 0x8000b4f2 (0xb03f2923) mem 0x80010000 0x00000001
core   0: 0x8000b4f6 (0x0000bfe5) c.j     pc - 8
core   0: 3 0x8000b4f6 (0xbfe5)
core   0: 0x8000b4ee (0x00005f17) auipc   t5, 0x5
core   0: 3 0x8000b4ee (0x00005f17) x30 0x800104ee
core   0: 0x8000b4f2 (0xb03f2923) sw      gp, -1262(t5)
core   0: 3 0x8000b4f2 (0xb03f2923) mem 0x80010000 0x00000001
core   0: 0x8000b4f6 (0x0000bfe5) c.j     pc - 8
core   0: 3 0x8000b4f6 (0xbfe5)
core   0: 0x8000b4ee (0x00005f17) auipc   t5, 0x5
core   0: 3 0x8000b4ee (0x00005f17) x30 0x800104ee
core   0: 0x8000b4f2 (0xb03f2923) sw      gp, -1262(t5)
core   0: 3 0x8000b4f2 (0xb03f2923) mem 0x80010000 0x00000001
core   0: 0x8000b4f6 (0x0000bfe5) c.j     pc - 8
core   0: 3 0x8000b4f6 (0xbfe5)
core   0: 0x8000b4ee (0x00005f17) auipc   t5, 0x5
core   0: 3 0x8000b4ee (0x00005f17) x30 0x800104ee
core   0: 0x8000b4f2 (0xb03f2923) sw      gp, -1262(t5)
core   0: 3 0x8000b4f2 (0xb03f2923) mem 0x80010000 0x00000001
core   0: 0x8000b4f6 (0x0000bfe5) c.j     pc - 8
core   0: 3 0x8000b4f6 (0xbfe5)
core   0: 0x8000b4ee (0x00005f17) auipc   t5, 0x5
core   0: 3 0x8000b4ee (0x00005f17) x30 0x800104ee
core   0: 0x8000b4f2 (0xb03f2923) sw      gp, -1262(t5)
core   0: 3 0x8000b4f2 (0xb03f2923) mem 0x80010000 0x00000001
core   0: 0x8000b4f6 (0x0000bfe5) c.j     pc - 8
core   0: 3 0x8000b4f6 (0xbfe5)
core   0: 0x8000b4ee (0x00005f17) auipc   t5, 0x5
core   0: 3 0x8000b4ee (0x00005f17) x30 0x800104ee
core   0: 0x8000b4f2 (0xb03f2923) sw      gp, -1262(t5)
core   0: 3 0x8000b4f2 (0xb03f2923) mem 0x80010000 0x00000001
core   0: 0x8000b4f6 (0x0000bfe5) c.j     pc - 8
core   0: 3 0x8000b4f6 (0xbfe5)
core   0: 0x8000b4ee (0x00005f17) auipc   t5, 0x5
core   0: 3 0x8000b4ee (0x00005f17) x30 0x800104ee
core   0: 0x8000b4f2 (0xb03f2923) sw      gp, -1262(t5)
core   0: 3 0x8000b4f2 (0xb03f2923) mem 0x80010000 0x00000001
core   0: 0x8000b4f6 (0x0000bfe5) c.j     pc - 8
core   0: 3 0x8000b4f6 (0xbfe5)
core   0: 0x8000b4ee (0x00005f17) auipc   t5, 0x5
core   0: 3 0x8000b4ee (0x00005f17) x30 0x800104ee
core   0: 0x8000b4f2 (0xb03f2923) sw      gp, -1262(t5)
core   0: 3 0x8000b4f2 (0xb03f2923) mem 0x80010000 0x00000001
core   0: 0x8000b4f6 (0x0000bfe5) c.j     pc - 8
core   0: 3 0x8000b4f6 (0xbfe5)
core   0: 0x8000b4ee (0x00005f17) auipc   t5, 0x5
core   0: 3 0x8000b4ee (0x00005f17) x30 0x800104ee
core   0: 0x8000b4f2 (0xb03f2923) sw      gp, -1262(t5)
core   0: 3 0x8000b4f2 (0xb03f2923) mem 0x80010000 0x00000001
core   0: 0x8000b4f6 (0x0000bfe5) c.j     pc - 8
core   0: 3 0x8000b4f6 (0xbfe5)
core   0: 0x8000b4ee (0x00005f17) auipc   t5, 0x5
core   0: 3 0x8000b4ee (0x00005f17) x30 0x800104ee
core   0: 0x8000b4f2 (0xb03f2923) sw      gp, -1262(t5)
core   0: 3 0x8000b4f2 (0xb03f2923) mem 0x80010000 0x00000001
core   0: 0x8000b4f6 (0x0000bfe5) c.j     pc - 8
core   0: 3 0x8000b4f6 (0xbfe5)
core   0: 0x8000b4ee (0x00005f17) auipc   t5, 0x5
core   0: 3 0x8000b4ee (0x00005f17) x30 0x800104ee
core   0: 0x8000b4f2 (0xb03f2923) sw      gp, -1262(t5)
core   0: 3 0x8000b4f2 (0xb03f2923) mem 0x80010000 0x00000001
core   0: 0x8000b4f6 (0x0000bfe5) c.j     pc - 8
core   0: 3 0x8000b4f6 (0xbfe5)
core   0: 0x8000b4ee (0x00005f17) auipc   t5, 0x5
core   0: 3 0x8000b4ee (0x00005f17) x30 0x800104ee
core   0: 0x8000b4f2 (0xb03f2923) sw      gp, -1262(t5)
core   0: 3 0x8000b4f2 (0xb03f2923) mem 0x80010000 0x00000001
core   0: 0x8000b4f6 (0x0000bfe5) c.j     pc - 8
core   0: 3 0x8000b4f6 (0xbfe5)
core   0: 0x8000b4ee (0x00005f17) auipc   t5, 0x5
core   0: 3 0x8000b4ee (0x00005f17) x30 0x800104ee
core   0: 0x8000b4f2 (0xb03f2923) sw      gp, -1262(t5)
core   0: 3 0x8000b4f2 (0xb03f2923) mem 0x80010000 0x00000001
core   0: 0x8000b4f6 (0x0000bfe5) c.j     pc - 8
core   0: 3 0x8000b4f6 (0xbfe5)
core   0: 0x8000b4ee (0x00005f17) auipc   t5, 0x5
core   0: 3 0x8000b4ee (0x00005f17) x30 0x800104ee
core   0: 0x8000b4f2 (0xb03f2923) sw      gp, -1262(t5)
core   0: 3 0x8000b4f2 (0xb03f2923) mem 0x80010000 0x00000001
core   0: 0x8000b4f6 (0x0000bfe5) c.j     pc - 8
core   0: 3 0x8000b4f6 (0xbfe5)
core   0: 0x8000b4ee (0x00005f17) auipc   t5, 0x5
core   0: 3 0x8000b4ee (0x00005f17) x30 0x800104ee
core   0: 0x8000b4f2 (0xb03f2923) sw      gp, -1262(t5)
core   0: 3 0x8000b4f2 (0xb03f2923) mem 0x80010000 0x00000001
core   0: 0x8000b4f6 (0x0000bfe5) c.j     pc - 8
core   0: 3 0x8000b4f6 (0xbfe5)
core   0: 0x8000b4ee (0x00005f17) auipc   t5, 0x5
core   0: 3 0x8000b4ee (0x00005f17) x30 0x800104ee
core   0: 0x8000b4f2 (0xb03f2923) sw      gp, -1262(t5)
core   0: 3 0x8000b4f2 (0xb03f2923) mem 0x80010000 0x00000001
core   0: 0x8000b4f6 (0x0000bfe5) c.j     pc - 8
core   0: 3 0x8000b4f6 (0xbfe5)
core   0: 0x8000b4ee (0x00005f17) auipc   t5, 0x5
core   0: 3 0x8000b4ee (0x00005f17) x30 0x800104ee
core   0: 0x8000b4f2 (0xb03f2923) sw      gp, -1262(t5)
core   0: 3 0x8000b4f2 (0xb03f2923) mem 0x80010000 0x00000001
core   0: 0x8000b4f6 (0x0000bfe5) c.j     pc - 8
core   0: 3 0x8000b4f6 (0xbfe5)
core   0: 0x8000b4ee (0x00005f17) auipc   t5, 0x5
core   0: 3 0x8000b4ee (0x00005f17) x30 0x800104ee
core   0: 0x8000b4f2 (0xb03f2923) sw      gp, -1262(t5)
core   0: 3 0x8000b4f2 (0xb03f2923) mem 0x80010000 0x00000001
core   0: 0x8000b4f6 (0x0000bfe5) c.j     pc - 8
core   0: 3 0x8000b4f6 (0xbfe5)
core   0: 0x8000b4ee (0x00005f17) auipc   t5, 0x5
core   0: 3 0x8000b4ee (0x00005f17) x30 0x800104ee
core   0: 0x8000b4f2 (0xb03f2923) sw      gp, -1262(t5)
core   0: 3 0x8000b4f2 (0xb03f2923) mem 0x80010000 0x00000001
core   0: 0x8000b4f6 (0x0000bfe5) c.j     pc - 8
core   0: 3 0x8000b4f6 (0xbfe5)
core   0: 0x8000b4ee (0x00005f17) auipc   t5, 0x5
core   0: 3 0x8000b4ee (0x00005f17) x30 0x800104ee
core   0: 0x8000b4f2 (0xb03f2923) sw      gp, -1262(t5)
core   0: 3 0x8000b4f2 (0xb03f2923) mem 0x80010000 0x00000001
core   0: 0x8000b4f6 (0x0000bfe5) c.j     pc - 8
core   0: 3 0x8000b4f6 (0xbfe5)
core   0: 0x8000b4ee (0x00005f17) auipc   t5, 0x5
core   0: 3 0x8000b4ee (0x00005f17) x30 0x800104ee
core   0: 0x8000b4f2 (0xb03f2923) sw      gp, -1262(t5)
core   0: 3 0x8000b4f2 (0xb03f2923) mem 0x80010000 0x00000001
core   0: 0x8000b4f6 (0x0000bfe5) c.j     pc - 8
core   0: 3 0x8000b4f6 (0xbfe5)
core   0: 0x8000b4ee (0x00005f17) auipc   t5, 0x5
core   0: 3 0x8000b4ee (0x00005f17) x30 0x800104ee
core   0: 0x8000b4f2 (0xb03f2923) sw      gp, -1262(t5)
core   0: 3 0x8000b4f2 (0xb03f2923) mem 0x80010000 0x00000001
core   0: 0x8000b4f6 (0x0000bfe5) c.j     pc - 8
core   0: 3 0x8000b4f6 (0xbfe5)
core   0: 0x8000b4ee (0x00005f17) auipc   t5, 0x5
core   0: 3 0x8000b4ee (0x00005f17) x30 0x800104ee
core   0: 0x8000b4f2 (0xb03f2923) sw      gp, -1262(t5)
core   0: 3 0x8000b4f2 (0xb03f2923) mem 0x80010000 0x00000001
core   0: 0x8000b4f6 (0x0000bfe5) c.j     pc - 8
core   0: 3 0x8000b4f6 (0xbfe5)
core   0: 0x8000b4ee (0x00005f17) auipc   t5, 0x5
core   0: 3 0x8000b4ee (0x00005f17) x30 0x800104ee
core   0: 0x8000b4f2 (0xb03f2923) sw      gp, -1262(t5)
core   0: 3 0x8000b4f2 (0xb03f2923) mem 0x80010000 0x00000001
core   0: 0x8000b4f6 (0x0000bfe5) c.j     pc - 8
core   0: 3 0x8000b4f6 (0xbfe5)
core   0: 0x8000b4ee (0x00005f17) auipc   t5, 0x5
core   0: 3 0x8000b4ee (0x00005f17) x30 0x800104ee
core   0: 0x8000b4f2 (0xb03f2923) sw      gp, -1262(t5)
core   0: 3 0x8000b4f2 (0xb03f2923) mem 0x80010000 0x00000001
core   0: 0x8000b4f6 (0x0000bfe5) c.j     pc - 8
core   0: 3 0x8000b4f6 (0xbfe5)
core   0: 0x8000b4ee (0x00005f17) auipc   t5, 0x5
core   0: 3 0x8000b4ee (0x00005f17) x30 0x800104ee
core   0: 0x8000b4f2 (0xb03f2923) sw      gp, -1262(t5)
core   0: 3 0x8000b4f2 (0xb03f2923) mem 0x80010000 0x00000001
core   0: 0x8000b4f6 (0x0000bfe5) c.j     pc - 8
core   0: 3 0x8000b4f6 (0xbfe5)
core   0: 0x8000b4ee (0x00005f17) auipc   t5, 0x5
core   0: 3 0x8000b4ee (0x00005f17) x30 0x800104ee
core   0: 0x8000b4f2 (0xb03f2923) sw      gp, -1262(t5)
core   0: 3 0x8000b4f2 (0xb03f2923) mem 0x80010000 0x00000001
core   0: 0x8000b4f6 (0x0000bfe5) c.j     pc - 8
core   0: 3 0x8000b4f6 (0xbfe5)
core   0: 0x8000b4ee (0x00005f17) auipc   t5, 0x5
core   0: 3 0x8000b4ee (0x00005f17) x30 0x800104ee
core   0: 0x8000b4f2 (0xb03f2923) sw      gp, -1262(t5)
core   0: 3 0x8000b4f2 (0xb03f2923) mem 0x80010000 0x00000001
core   0: 0x8000b4f6 (0x0000bfe5) c.j     pc - 8
core   0: 3 0x8000b4f6 (0xbfe5)
core   0: 0x8000b4ee (0x00005f17) auipc   t5, 0x5
core   0: 3 0x8000b4ee (0x00005f17) x30 0x800104ee
core   0: 0x8000b4f2 (0xb03f2923) sw      gp, -1262(t5)
core   0: 3 0x8000b4f2 (0xb03f2923) mem 0x80010000 0x00000001
core   0: 0x8000b4f6 (0x0000bfe5) c.j     pc - 8
core   0: 3 0x8000b4f6 (0xbfe5)
core   0: 0x8000b4ee (0x00005f17) auipc   t5, 0x5
core   0: 3 0x8000b4ee (0x00005f17) x30 0x800104ee
core   0: 0x8000b4f2 (0xb03f2923) sw      gp, -1262(t5)
core   0: 3 0x8000b4f2 (0xb03f2923) mem 0x80010000 0x00000001
core   0: 0x8000b4f6 (0x0000bfe5) c.j     pc - 8
core   0: 3 0x8000b4f6 (0xbfe5)
core   0: 0x8000b4ee (0x00005f17) auipc   t5, 0x5
core   0: 3 0x8000b4ee (0x00005f17) x30 0x800104ee
core   0: 0x8000b4f2 (0xb03f2923) sw      gp, -1262(t5)
core   0: 3 0x8000b4f2 (0xb03f2923) mem 0x80010000 0x00000001
core   0: 0x8000b4f6 (0x0000bfe5) c.j     pc - 8
core   0: 3 0x8000b4f6 (0xbfe5)
core   0: 0x8000b4ee (0x00005f17) auipc   t5, 0x5
core   0: 3 0x8000b4ee (0x00005f17) x30 0x800104ee
core   0: 0x8000b4f2 (0xb03f2923) sw      gp, -1262(t5)
core   0: 3 0x8000b4f2 (0xb03f2923) mem 0x80010000 0x00000001
core   0: 0x8000b4f6 (0x0000bfe5) c.j     pc - 8
core   0: 3 0x8000b4f6 (0xbfe5)
core   0: 0x8000b4ee (0x00005f17) auipc   t5, 0x5
core   0: 3 0x8000b4ee (0x00005f17) x30 0x800104ee
core   0: 0x8000b4f2 (0xb03f2923) sw      gp, -1262(t5)
core   0: 3 0x8000b4f2 (0xb03f2923) mem 0x80010000 0x00000001
core   0: 0x8000b4f6 (0x0000bfe5) c.j     pc - 8
core   0: 3 0x8000b4f6 (0xbfe5)
core   0: 0x8000b4ee (0x00005f17) auipc   t5, 0x5
core   0: 3 0x8000b4ee (0x00005f17) x30 0x800104ee
core   0: 0x8000b4f2 (0xb03f2923) sw      gp, -1262(t5)
core   0: 3 0x8000b4f2 (0xb03f2923) mem 0x80010000 0x00000001
core   0: 0x8000b4f6 (0x0000bfe5) c.j     pc - 8
core   0: 3 0x8000b4f6 (0xbfe5)
core   0: 0x8000b4ee (0x00005f17) auipc   t5, 0x5
core   0: 3 0x8000b4ee (0x00005f17) x30 0x800104ee
core   0: 0x8000b4f2 (0xb03f2923) sw      gp, -1262(t5)
core   0: 3 0x8000b4f2 (0xb03f2923) mem 0x80010000 0x00000001
core   0: 0x8000b4f6 (0x0000bfe5) c.j     pc - 8
core   0: 3 0x8000b4f6 (0xbfe5)
core   0: 0x8000b4ee (0x00005f17) auipc   t5, 0x5
core   0: 3 0x8000b4ee (0x00005f17) x30 0x800104ee
core   0: 0x8000b4f2 (0xb03f2923) sw      gp, -1262(t5)
core   0: 3 0x8000b4f2 (0xb03f2923) mem 0x80010000 0x00000001
core   0: 0x8000b4f6 (0x0000bfe5) c.j     pc - 8
core   0: 3 0x8000b4f6 (0xbfe5)
core   0: 0x8000b4ee (0x00005f17) auipc   t5, 0x5
core   0: 3 0x8000b4ee (0x00005f17) x30 0x800104ee
core   0: 0x8000b4f2 (0xb03f2923) sw      gp, -1262(t5)
core   0: 3 0x8000b4f2 (0xb03f2923) mem 0x80010000 0x00000001
core   0: 0x8000b4f6 (0x0000bfe5) c.j     pc - 8
core   0: 3 0x8000b4f6 (0xbfe5)
core   0: 0x8000b4ee (0x00005f17) auipc   t5, 0x5
core   0: 3 0x8000b4ee (0x00005f17) x30 0x800104ee
core   0: 0x8000b4f2 (0xb03f2923) sw      gp, -1262(t5)
core   0: 3 0x8000b4f2 (0xb03f2923) mem 0x80010000 0x00000001
core   0: 0x8000b4f6 (0x0000bfe5) c.j     pc - 8
core   0: 3 0x8000b4f6 (0xbfe5)
core   0: 0x8000b4ee (0x00005f17) auipc   t5, 0x5
core   0: 3 0x8000b4ee (0x00005f17) x30 0x800104ee
core   0: 0x8000b4f2 (0xb03f2923) sw      gp, -1262(t5)
core   0: 3 0x8000b4f2 (0xb03f2923) mem 0x80010000 0x00000001
core   0: 0x8000b4f6 (0x0000bfe5) c.j     pc - 8
core   0: 3 0x8000b4f6 (0xbfe5)
core   0: 0x8000b4ee (0x00005f17) auipc   t5, 0x5
core   0: 3 0x8000b4ee (0x00005f17) x30 0x800104ee
core   0: 0x8000b4f2 (0xb03f2923) sw      gp, -1262(t5)
core   0: 3 0x8000b4f2 (0xb03f2923) mem 0x80010000 0x00000001
core   0: 0x8000b4f6 (0x0000bfe5) c.j     pc - 8
core   0: 3 0x8000b4f6 (0xbfe5)
core   0: 0x8000b4ee (0x00005f17) auipc   t5, 0x5
core   0: 3 0x8000b4ee (0x00005f17) x30 0x800104ee
core   0: 0x8000b4f2 (0xb03f2923) sw      gp, -1262(t5)
core   0: 3 0x8000b4f2 (0xb03f2923) mem 0x80010000 0x00000001
core   0: 0x8000b4f6 (0x0000bfe5) c.j     pc - 8
core   0: 3 0x8000b4f6 (0xbfe5)
core   0: 0x8000b4ee (0x00005f17) auipc   t5, 0x5
core   0: 3 0x8000b4ee (0x00005f17) x30 0x800104ee
core   0: 0x8000b4f2 (0xb03f2923) sw      gp, -1262(t5)
core   0: 3 0x8000b4f2 (0xb03f2923) mem 0x80010000 0x00000001
core   0: 0x8000b4f6 (0x0000bfe5) c.j     pc - 8
core   0: 3 0x8000b4f6 (0xbfe5)
core   0: 0x8000b4ee (0x00005f17) auipc   t5, 0x5
core   0: 3 0x8000b4ee (0x00005f17) x30 0x800104ee
core   0: 0x8000b4f2 (0xb03f2923) sw      gp, -1262(t5)
core   0: 3 0x8000b4f2 (0xb03f2923) mem 0x80010000 0x00000001
core   0: 0x8000b4f6 (0x0000bfe5) c.j     pc - 8
core   0: 3 0x8000b4f6 (0xbfe5)
core   0: 0x8000b4ee (0x00005f17) auipc   t5, 0x5
core   0: 3 0x8000b4ee (0x00005f17) x30 0x800104ee
core   0: 0x8000b4f2 (0xb03f2923) sw      gp, -1262(t5)
core   0: 3 0x8000b4f2 (0xb03f2923) mem 0x80010000 0x00000001
core   0: 0x8000b4f6 (0x0000bfe5) c.j     pc - 8
core   0: 3 0x8000b4f6 (0xbfe5)
core   0: 0x8000b4ee (0x00005f17) auipc   t5, 0x5
core   0: 3 0x8000b4ee (0x00005f17) x30 0x800104ee
core   0: 0x8000b4f2 (0xb03f2923) sw      gp, -1262(t5)
core   0: 3 0x8000b4f2 (0xb03f2923) mem 0x80010000 0x00000001
core   0: 0x8000b4f6 (0x0000bfe5) c.j     pc - 8
core   0: 3 0x8000b4f6 (0xbfe5)
core   0: 0x8000b4ee (0x00005f17) auipc   t5, 0x5
core   0: 3 0x8000b4ee (0x00005f17) x30 0x800104ee
core   0: 0x8000b4f2 (0xb03f2923) sw      gp, -1262(t5)
core   0: 3 0x8000b4f2 (0xb03f2923) mem 0x80010000 0x00000001
core   0: 0x8000b4f6 (0x0000bfe5) c.j     pc - 8
core   0: 3 0x8000b4f6 (0xbfe5)
core   0: 0x8000b4ee (0x00005f17) auipc   t5, 0x5
core   0: 3 0x8000b4ee (0x00005f17) x30 0x800104ee
core   0: 0x8000b4f2 (0xb03f2923) sw      gp, -1262(t5)
core   0: 3 0x8000b4f2 (0xb03f2923) mem 0x80010000 0x00000001
core   0: 0x8000b4f6 (0x0000bfe5) c.j     pc - 8
core   0: 3 0x8000b4f6 (0xbfe5)
core   0: 0x8000b4ee (0x00005f17) auipc   t5, 0x5
core   0: 3 0x8000b4ee (0x00005f17) x30 0x800104ee
core   0: 0x8000b4f2 (0xb03f2923) sw      gp, -1262(t5)
core   0: 3 0x8000b4f2 (0xb03f2923) mem 0x80010000 0x00000001
core   0: 0x8000b4f6 (0x0000bfe5) c.j     pc - 8
core   0: 3 0x8000b4f6 (0xbfe5)
core   0: 0x8000b4ee (0x00005f17) auipc   t5, 0x5
core   0: 3 0x8000b4ee (0x00005f17) x30 0x800104ee
core   0: 0x8000b4f2 (0xb03f2923) sw      gp, -1262(t5)
core   0: 3 0x8000b4f2 (0xb03f2923) mem 0x80010000 0x00000001
core   0: 0x8000b4f6 (0x0000bfe5) c.j     pc - 8
core   0: 3 0x8000b4f6 (0xbfe5)
core   0: 0x8000b4ee (0x00005f17) auipc   t5, 0x5
core   0: 3 0x8000b4ee (0x00005f17) x30 0x800104ee
core   0: 0x8000b4f2 (0xb03f2923) sw      gp, -1262(t5)
core   0: 3 0x8000b4f2 (0xb03f2923) mem 0x80010000 0x00000001
core   0: 0x8000b4f6 (0x0000bfe5) c.j     pc - 8
core   0: 3 0x8000b4f6 (0xbfe5)
core   0: 0x8000b4ee (0x00005f17) auipc   t5, 0x5
core   0: 3 0x8000b4ee (0x00005f17) x30 0x800104ee
core   0: 0x8000b4f2 (0xb03f2923) sw      gp, -1262(t5)
core   0: 3 0x8000b4f2 (0xb03f2923) mem 0x80010000 0x00000001
core   0: 0x8000b4f6 (0x0000bfe5) c.j     pc - 8
core   0: 3 0x8000b4f6 (0xbfe5)
core   0: 0x8000b4ee (0x00005f17) auipc   t5, 0x5
core   0: 3 0x8000b4ee (0x00005f17) x30 0x800104ee
core   0: 0x8000b4f2 (0xb03f2923) sw      gp, -1262(t5)
core   0: 3 0x8000b4f2 (0xb03f2923) mem 0x80010000 0x00000001
core   0: 0x8000b4f6 (0x0000bfe5) c.j     pc - 8
core   0: 3 0x8000b4f6 (0xbfe5)
core   0: 0x8000b4ee (0x00005f17) auipc   t5, 0x5
core   0: 3 0x8000b4ee (0x00005f17) x30 0x800104ee
core   0: 0x8000b4f2 (0xb03f2923) sw      gp, -1262(t5)
core   0: 3 0x8000b4f2 (0xb03f2923) mem 0x80010000 0x00000001
core   0: 0x8000b4f6 (0x0000bfe5) c.j     pc - 8
core   0: 3 0x8000b4f6 (0xbfe5)
core   0: 0x8000b4ee (0x00005f17) auipc   t5, 0x5
core   0: 3 0x8000b4ee (0x00005f17) x30 0x800104ee
core   0: 0x8000b4f2 (0xb03f2923) sw      gp, -1262(t5)
core   0: 3 0x8000b4f2 (0xb03f2923) mem 0x80010000 0x00000001
core   0: 0x8000b4f6 (0x0000bfe5) c.j     pc - 8
core   0: 3 0x8000b4f6 (0xbfe5)
core   0: 0x8000b4ee (0x00005f17) auipc   t5, 0x5
core   0: 3 0x8000b4ee (0x00005f17) x30 0x800104ee
core   0: 0x8000b4f2 (0xb03f2923) sw      gp, -1262(t5)
core   0: 3 0x8000b4f2 (0xb03f2923) mem 0x80010000 0x00000001
core   0: 0x8000b4f6 (0x0000bfe5) c.j     pc - 8
core   0: 3 0x8000b4f6 (0xbfe5)
core   0: 0x8000b4ee (0x00005f17) auipc   t5, 0x5
core   0: 3 0x8000b4ee (0x00005f17) x30 0x800104ee
core   0: 0x8000b4f2 (0xb03f2923) sw      gp, -1262(t5)
core   0: 3 0x8000b4f2 (0xb03f2923) mem 0x80010000 0x00000001
core   0: 0x8000b4f6 (0x0000bfe5) c.j     pc - 8
core   0: 3 0x8000b4f6 (0xbfe5)
core   0: 0x8000b4ee (0x00005f17) auipc   t5, 0x5
core   0: 3 0x8000b4ee (0x00005f17) x30 0x800104ee
core   0: 0x8000b4f2 (0xb03f2923) sw      gp, -1262(t5)
core   0: 3 0x8000b4f2 (0xb03f2923) mem 0x80010000 0x00000001
core   0: 0x8000b4f6 (0x0000bfe5) c.j     pc - 8
core   0: 3 0x8000b4f6 (0xbfe5)
core   0: 0x8000b4ee (0x00005f17) auipc   t5, 0x5
core   0: 3 0x8000b4ee (0x00005f17) x30 0x800104ee
core   0: 0x8000b4f2 (0xb03f2923) sw      gp, -1262(t5)
core   0: 3 0x8000b4f2 (0xb03f2923) mem 0x80010000 0x00000001
core   0: 0x8000b4f6 (0x0000bfe5) c.j     pc - 8
core   0: 3 0x8000b4f6 (0xbfe5)
core   0: 0x8000b4ee (0x00005f17) auipc   t5, 0x5
core   0: 3 0x8000b4ee (0x00005f17) x30 0x800104ee
core   0: 0x8000b4f2 (0xb03f2923) sw      gp, -1262(t5)
core   0: 3 0x8000b4f2 (0xb03f2923) mem 0x80010000 0x00000001
core   0: 0x8000b4f6 (0x0000bfe5) c.j     pc - 8
core   0: 3 0x8000b4f6 (0xbfe5)
core   0: 0x8000b4ee (0x00005f17) auipc   t5, 0x5
core   0: 3 0x8000b4ee (0x00005f17) x30 0x800104ee
core   0: 0x8000b4f2 (0xb03f2923) sw      gp, -1262(t5)
core   0: 3 0x8000b4f2 (0xb03f2923) mem 0x80010000 0x00000001
core   0: 0x8000b4f6 (0x0000bfe5) c.j     pc - 8
core   0: 3 0x8000b4f6 (0xbfe5)
core   0: 0x8000b4ee (0x00005f17) auipc   t5, 0x5
core   0: 3 0x8000b4ee (0x00005f17) x30 0x800104ee
core   0: 0x8000b4f2 (0xb03f2923) sw      gp, -1262(t5)
core   0: 3 0x8000b4f2 (0xb03f2923) mem 0x80010000 0x00000001
core   0: 0x8000b4f6 (0x0000bfe5) c.j     pc - 8
core   0: 3 0x8000b4f6 (0xbfe5)
core   0: 0x8000b4ee (0x00005f17) auipc   t5, 0x5
core   0: 3 0x8000b4ee (0x00005f17) x30 0x800104ee
core   0: 0x8000b4f2 (0xb03f2923) sw      gp, -1262(t5)
core   0: 3 0x8000b4f2 (0xb03f2923) mem 0x80010000 0x00000001
core   0: 0x8000b4f6 (0x0000bfe5) c.j     pc - 8
core   0: 3 0x8000b4f6 (0xbfe5)
core   0: 0x8000b4ee (0x00005f17) auipc   t5, 0x5
core   0: 3 0x8000b4ee (0x00005f17) x30 0x800104ee
core   0: 0x8000b4f2 (0xb03f2923) sw      gp, -1262(t5)
core   0: 3 0x8000b4f2 (0xb03f2923) mem 0x80010000 0x00000001
core   0: 0x8000b4f6 (0x0000bfe5) c.j     pc - 8
core   0: 3 0x8000b4f6 (0xbfe5)
core   0: 0x8000b4ee (0x00005f17) auipc   t5, 0x5
core   0: 3 0x8000b4ee (0x00005f17) x30 0x800104ee
core   0: 0x8000b4f2 (0xb03f2923) sw      gp, -1262(t5)
core   0: 3 0x8000b4f2 (0xb03f2923) mem 0x80010000 0x00000001
core   0: 0x8000b4f6 (0x0000bfe5) c.j     pc - 8
core   0: 3 0x8000b4f6 (0xbfe5)
core   0: 0x8000b4ee (0x00005f17) auipc   t5, 0x5
core   0: 3 0x8000b4ee (0x00005f17) x30 0x800104ee
core   0: 0x8000b4f2 (0xb03f2923) sw      gp, -1262(t5)
core   0: 3 0x8000b4f2 (0xb03f2923) mem 0x80010000 0x00000001
core   0: 0x8000b4f6 (0x0000bfe5) c.j     pc - 8
core   0: 3 0x8000b4f6 (0xbfe5)
core   0: 0x8000b4ee (0x00005f17) auipc   t5, 0x5
core   0: 3 0x8000b4ee (0x00005f17) x30 0x800104ee
core   0: 0x8000b4f2 (0xb03f2923) sw      gp, -1262(t5)
core   0: 3 0x8000b4f2 (0xb03f2923) mem 0x80010000 0x00000001
core   0: 0x8000b4f6 (0x0000bfe5) c.j     pc - 8
core   0: 3 0x8000b4f6 (0xbfe5)
core   0: 0x8000b4ee (0x00005f17) auipc   t5, 0x5
core   0: 3 0x8000b4ee (0x00005f17) x30 0x800104ee
core   0: 0x8000b4f2 (0xb03f2923) sw      gp, -1262(t5)
core   0: 3 0x8000b4f2 (0xb03f2923) mem 0x80010000 0x00000001
core   0: 0x8000b4f6 (0x0000bfe5) c.j     pc - 8
core   0: 3 0x8000b4f6 (0xbfe5)
core   0: 0x8000b4ee (0x00005f17) auipc   t5, 0x5
core   0: 3 0x8000b4ee (0x00005f17) x30 0x800104ee
core   0: 0x8000b4f2 (0xb03f2923) sw      gp, -1262(t5)
core   0: 3 0x8000b4f2 (0xb03f2923) mem 0x80010000 0x00000001
core   0: 0x8000b4f6 (0x0000bfe5) c.j     pc - 8
core   0: 3 0x8000b4f6 (0xbfe5)
core   0: 0x8000b4ee (0x00005f17) auipc   t5, 0x5
core   0: 3 0x8000b4ee (0x00005f17) x30 0x800104ee
core   0: 0x8000b4f2 (0xb03f2923) sw      gp, -1262(t5)
core   0: 3 0x8000b4f2 (0xb03f2923) mem 0x80010000 0x00000001
core   0: 0x8000b4f6 (0x0000bfe5) c.j     pc - 8
core   0: 3 0x8000b4f6 (0xbfe5)
core   0: 0x8000b4ee (0x00005f17) auipc   t5, 0x5
core   0: 3 0x8000b4ee (0x00005f17) x30 0x800104ee
core   0: 0x8000b4f2 (0xb03f2923) sw      gp, -1262(t5)
core   0: 3 0x8000b4f2 (0xb03f2923) mem 0x80010000 0x00000001
core   0: 0x8000b4f6 (0x0000bfe5) c.j     pc - 8
core   0: 3 0x8000b4f6 (0xbfe5)
core   0: 0x8000b4ee (0x00005f17) auipc   t5, 0x5
core   0: 3 0x8000b4ee (0x00005f17) x30 0x800104ee
core   0: 0x8000b4f2 (0xb03f2923) sw      gp, -1262(t5)
core   0: 3 0x8000b4f2 (0xb03f2923) mem 0x80010000 0x00000001
core   0: 0x8000b4f6 (0x0000bfe5) c.j     pc - 8
core   0: 3 0x8000b4f6 (0xbfe5)
core   0: 0x8000b4ee (0x00005f17) auipc   t5, 0x5
core   0: 3 0x8000b4ee (0x00005f17) x30 0x800104ee
core   0: 0x8000b4f2 (0xb03f2923) sw      gp, -1262(t5)
core   0: 3 0x8000b4f2 (0xb03f2923) mem 0x80010000 0x00000001
core   0: 0x8000b4f6 (0x0000bfe5) c.j     pc - 8
core   0: 3 0x8000b4f6 (0xbfe5)
core   0: 0x8000b4ee (0x00005f17) auipc   t5, 0x5
core   0: 3 0x8000b4ee (0x00005f17) x30 0x800104ee
core   0: 0x8000b4f2 (0xb03f2923) sw      gp, -1262(t5)
core   0: 3 0x8000b4f2 (0xb03f2923) mem 0x80010000 0x00000001
core   0: 0x8000b4f6 (0x0000bfe5) c.j     pc - 8
core   0: 3 0x8000b4f6 (0xbfe5)
core   0: 0x8000b4ee (0x00005f17) auipc   t5, 0x5
core   0: 3 0x8000b4ee (0x00005f17) x30 0x800104ee
core   0: 0x8000b4f2 (0xb03f2923) sw      gp, -1262(t5)
core   0: 3 0x8000b4f2 (0xb03f2923) mem 0x80010000 0x00000001
core   0: 0x8000b4f6 (0x0000bfe5) c.j     pc - 8
core   0: 3 0x8000b4f6 (0xbfe5)
core   0: 0x8000b4ee (0x00005f17) auipc   t5, 0x5
core   0: 3 0x8000b4ee (0x00005f17) x30 0x800104ee
core   0: 0x8000b4f2 (0xb03f2923) sw      gp, -1262(t5)
core   0: 3 0x8000b4f2 (0xb03f2923) mem 0x80010000 0x00000001
core   0: 0x8000b4f6 (0x0000bfe5) c.j     pc - 8
core   0: 3 0x8000b4f6 (0xbfe5)
core   0: 0x8000b4ee (0x00005f17) auipc   t5, 0x5
core   0: 3 0x8000b4ee (0x00005f17) x30 0x800104ee
core   0: 0x8000b4f2 (0xb03f2923) sw      gp, -1262(t5)
core   0: 3 0x8000b4f2 (0xb03f2923) mem 0x80010000 0x00000001
core   0: 0x8000b4f6 (0x0000bfe5) c.j     pc - 8
core   0: 3 0x8000b4f6 (0xbfe5)
core   0: 0x8000b4ee (0x00005f17) auipc   t5, 0x5
core   0: 3 0x8000b4ee (0x00005f17) x30 0x800104ee
core   0: 0x8000b4f2 (0xb03f2923) sw      gp, -1262(t5)
core   0: 3 0x8000b4f2 (0xb03f2923) mem 0x80010000 0x00000001
core   0: 0x8000b4f6 (0x0000bfe5) c.j     pc - 8
core   0: 3 0x8000b4f6 (0xbfe5)
core   0: 0x8000b4ee (0x00005f17) auipc   t5, 0x5
core   0: 3 0x8000b4ee (0x00005f17) x30 0x800104ee
core   0: 0x8000b4f2 (0xb03f2923) sw      gp, -1262(t5)
core   0: 3 0x8000b4f2 (0xb03f2923) mem 0x80010000 0x00000001
core   0: 0x8000b4f6 (0x0000bfe5) c.j     pc - 8
core   0: 3 0x8000b4f6 (0xbfe5)
core   0: 0x8000b4ee (0x00005f17) auipc   t5, 0x5
core   0: 3 0x8000b4ee (0x00005f17) x30 0x800104ee
core   0: 0x8000b4f2 (0xb03f2923) sw      gp, -1262(t5)
core   0: 3 0x8000b4f2 (0xb03f2923) mem 0x80010000 0x00000001
core   0: 0x8000b4f6 (0x0000bfe5) c.j     pc - 8
core   0: 3 0x8000b4f6 (0xbfe5)
core   0: 0x8000b4ee (0x00005f17) auipc   t5, 0x5
core   0: 3 0x8000b4ee (0x00005f17) x30 0x800104ee
core   0: 0x8000b4f2 (0xb03f2923) sw      gp, -1262(t5)
core   0: 3 0x8000b4f2 (0xb03f2923) mem 0x80010000 0x00000001
core   0: 0x8000b4f6 (0x0000bfe5) c.j     pc - 8
core   0: 3 0x8000b4f6 (0xbfe5)
core   0: 0x8000b4ee (0x00005f17) auipc   t5, 0x5
core   0: 3 0x8000b4ee (0x00005f17) x30 0x800104ee
core   0: 0x8000b4f2 (0xb03f2923) sw      gp, -1262(t5)
core   0: 3 0x8000b4f2 (0xb03f2923) mem 0x80010000 0x00000001
core   0: 0x8000b4f6 (0x0000bfe5) c.j     pc - 8
core   0: 3 0x8000b4f6 (0xbfe5)
core   0: 0x8000b4ee (0x00005f17) auipc   t5, 0x5
core   0: 3 0x8000b4ee (0x00005f17) x30 0x800104ee
core   0: 0x8000b4f2 (0xb03f2923) sw      gp, -1262(t5)
core   0: 3 0x8000b4f2 (0xb03f2923) mem 0x80010000 0x00000001
core   0: 0x8000b4f6 (0x0000bfe5) c.j     pc - 8
core   0: 3 0x8000b4f6 (0xbfe5)
core   0: 0x8000b4ee (0x00005f17) auipc   t5, 0x5
core   0: 3 0x8000b4ee (0x00005f17) x30 0x800104ee
core   0: 0x8000b4f2 (0xb03f2923) sw      gp, -1262(t5)
core   0: 3 0x8000b4f2 (0xb03f2923) mem 0x80010000 0x00000001
core   0: 0x8000b4f6 (0x0000bfe5) c.j     pc - 8
core   0: 3 0x8000b4f6 (0xbfe5)
core   0: 0x8000b4ee (0x00005f17) auipc   t5, 0x5
core   0: 3 0x8000b4ee (0x00005f17) x30 0x800104ee
core   0: 0x8000b4f2 (0xb03f2923) sw      gp, -1262(t5)
core   0: 3 0x8000b4f2 (0xb03f2923) mem 0x80010000 0x00000001
core   0: 0x8000b4f6 (0x0000bfe5) c.j     pc - 8
core   0: 3 0x8000b4f6 (0xbfe5)
core   0: 0x8000b4ee (0x00005f17) auipc   t5, 0x5
core   0: 3 0x8000b4ee (0x00005f17) x30 0x800104ee
core   0: 0x8000b4f2 (0xb03f2923) sw      gp, -1262(t5)
core   0: 3 0x8000b4f2 (0xb03f2923) mem 0x80010000 0x00000001
core   0: 0x8000b4f6 (0x0000bfe5) c.j     pc - 8
core   0: 3 0x8000b4f6 (0xbfe5)
core   0: 0x8000b4ee (0x00005f17) auipc   t5, 0x5
core   0: 3 0x8000b4ee (0x00005f17) x30 0x800104ee
core   0: 0x8000b4f2 (0xb03f2923) sw      gp, -1262(t5)
core   0: 3 0x8000b4f2 (0xb03f2923) mem 0x80010000 0x00000001
core   0: 0x8000b4f6 (0x0000bfe5) c.j     pc - 8
core   0: 3 0x8000b4f6 (0xbfe5)
core   0: 0x8000b4ee (0x00005f17) auipc   t5, 0x5
core   0: 3 0x8000b4ee (0x00005f17) x30 0x800104ee
core   0: 0x8000b4f2 (0xb03f2923) sw      gp, -1262(t5)
core   0: 3 0x8000b4f2 (0xb03f2923) mem 0x80010000 0x00000001
core   0: 0x8000b4f6 (0x0000bfe5) c.j     pc - 8
core   0: 3 0x8000b4f6 (0xbfe5)
core   0: 0x8000b4ee (0x00005f17) auipc   t5, 0x5
core   0: 3 0x8000b4ee (0x00005f17) x30 0x800104ee
core   0: 0x8000b4f2 (0xb03f2923) sw      gp, -1262(t5)
core   0: 3 0x8000b4f2 (0xb03f2923) mem 0x80010000 0x00000001
core   0: 0x8000b4f6 (0x0000bfe5) c.j     pc - 8
core   0: 3 0x8000b4f6 (0xbfe5)
core   0: 0x8000b4ee (0x00005f17) auipc   t5, 0x5
core   0: 3 0x8000b4ee (0x00005f17) x30 0x800104ee
core   0: 0x8000b4f2 (0xb03f2923) sw      gp, -1262(t5)
core   0: 3 0x8000b4f2 (0xb03f2923) mem 0x80010000 0x00000001
core   0: 0x8000b4f6 (0x0000bfe5) c.j     pc - 8
core   0: 3 0x8000b4f6 (0xbfe5)
core   0: 0x8000b4ee (0x00005f17) auipc   t5, 0x5
core   0: 3 0x8000b4ee (0x00005f17) x30 0x800104ee
core   0: 0x8000b4f2 (0xb03f2923) sw      gp, -1262(t5)
core   0: 3 0x8000b4f2 (0xb03f2923) mem 0x80010000 0x00000001
core   0: 0x8000b4f6 (0x0000bfe5) c.j     pc - 8
core   0: 3 0x8000b4f6 (0xbfe5)
core   0: 0x8000b4ee (0x00005f17) auipc   t5, 0x5
core   0: 3 0x8000b4ee (0x00005f17) x30 0x800104ee
core   0: 0x8000b4f2 (0xb03f2923) sw      gp, -1262(t5)
core   0: 3 0x8000b4f2 (0xb03f2923) mem 0x80010000 0x00000001
core   0: 0x8000b4f6 (0x0000bfe5) c.j     pc - 8
core   0: 3 0x8000b4f6 (0xbfe5)
core   0: 0x8000b4ee (0x00005f17) auipc   t5, 0x5
core   0: 3 0x8000b4ee (0x00005f17) x30 0x800104ee
core   0: 0x8000b4f2 (0xb03f2923) sw      gp, -1262(t5)
core   0: 3 0x8000b4f2 (0xb03f2923) mem 0x80010000 0x00000001
core   0: 0x8000b4f6 (0x0000bfe5) c.j     pc - 8
core   0: 3 0x8000b4f6 (0xbfe5)
core   0: 0x8000b4ee (0x00005f17) auipc   t5, 0x5
core   0: 3 0x8000b4ee (0x00005f17) x30 0x800104ee
core   0: 0x8000b4f2 (0xb03f2923) sw      gp, -1262(t5)
core   0: 3 0x8000b4f2 (0xb03f2923) mem 0x80010000 0x00000001
core   0: 0x8000b4f6 (0x0000bfe5) c.j     pc - 8
core   0: 3 0x8000b4f6 (0xbfe5)
core   0: 0x8000b4ee (0x00005f17) auipc   t5, 0x5
core   0: 3 0x8000b4ee (0x00005f17) x30 0x800104ee
core   0: 0x8000b4f2 (0xb03f2923) sw      gp, -1262(t5)
core   0: 3 0x8000b4f2 (0xb03f2923) mem 0x80010000 0x00000001
core   0: 0x8000b4f6 (0x0000bfe5) c.j     pc - 8
core   0: 3 0x8000b4f6 (0xbfe5)
core   0: 0x8000b4ee (0x00005f17) auipc   t5, 0x5
core   0: 3 0x8000b4ee (0x00005f17) x30 0x800104ee
core   0: 0x8000b4f2 (0xb03f2923) sw      gp, -1262(t5)
core   0: 3 0x8000b4f2 (0xb03f2923) mem 0x80010000 0x00000001
core   0: 0x8000b4f6 (0x0000bfe5) c.j     pc - 8
core   0: 3 0x8000b4f6 (0xbfe5)
core   0: 0x8000b4ee (0x00005f17) auipc   t5, 0x5
core   0: 3 0x8000b4ee (0x00005f17) x30 0x800104ee
core   0: 0x8000b4f2 (0xb03f2923) sw      gp, -1262(t5)
core   0: 3 0x8000b4f2 (0xb03f2923) mem 0x80010000 0x00000001
core   0: 0x8000b4f6 (0x0000bfe5) c.j     pc - 8
core   0: 3 0x8000b4f6 (0xbfe5)
core   0: 0x8000b4ee (0x00005f17) auipc   t5, 0x5
core   0: 3 0x8000b4ee (0x00005f17) x30 0x800104ee
core   0: 0x8000b4f2 (0xb03f2923) sw      gp, -1262(t5)
core   0: 3 0x8000b4f2 (0xb03f2923) mem 0x80010000 0x00000001
core   0: 0x8000b4f6 (0x0000bfe5) c.j     pc - 8
core   0: 3 0x8000b4f6 (0xbfe5)
core   0: 0x8000b4ee (0x00005f17) auipc   t5, 0x5
core   0: 3 0x8000b4ee (0x00005f17) x30 0x800104ee
core   0: 0x8000b4f2 (0xb03f2923) sw      gp, -1262(t5)
core   0: 3 0x8000b4f2 (0xb03f2923) mem 0x80010000 0x00000001
core   0: 0x8000b4f6 (0x0000bfe5) c.j     pc - 8
core   0: 3 0x8000b4f6 (0xbfe5)
core   0: 0x8000b4ee (0x00005f17) auipc   t5, 0x5
core   0: 3 0x8000b4ee (0x00005f17) x30 0x800104ee
core   0: 0x8000b4f2 (0xb03f2923) sw      gp, -1262(t5)
core   0: 3 0x8000b4f2 (0xb03f2923) mem 0x80010000 0x00000001
core   0: 0x8000b4f6 (0x0000bfe5) c.j     pc - 8
core   0: 3 0x8000b4f6 (0xbfe5)
core   0: 0x8000b4ee (0x00005f17) auipc   t5, 0x5
core   0: 3 0x8000b4ee (0x00005f17) x30 0x800104ee
core   0: 0x8000b4f2 (0xb03f2923) sw      gp, -1262(t5)
core   0: 3 0x8000b4f2 (0xb03f2923) mem 0x80010000 0x00000001
core   0: 0x8000b4f6 (0x0000bfe5) c.j     pc - 8
core   0: 3 0x8000b4f6 (0xbfe5)
core   0: 0x8000b4ee (0x00005f17) auipc   t5, 0x5
core   0: 3 0x8000b4ee (0x00005f17) x30 0x800104ee
core   0: 0x8000b4f2 (0xb03f2923) sw      gp, -1262(t5)
core   0: 3 0x8000b4f2 (0xb03f2923) mem 0x80010000 0x00000001
core   0: 0x8000b4f6 (0x0000bfe5) c.j     pc - 8
core   0: 3 0x8000b4f6 (0xbfe5)
core   0: 0x8000b4ee (0x00005f17) auipc   t5, 0x5
core   0: 3 0x8000b4ee (0x00005f17) x30 0x800104ee
core   0: 0x8000b4f2 (0xb03f2923) sw      gp, -1262(t5)
core   0: 3 0x8000b4f2 (0xb03f2923) mem 0x80010000 0x00000001
core   0: 0x8000b4f6 (0x0000bfe5) c.j     pc - 8
core   0: 3 0x8000b4f6 (0xbfe5)
core   0: 0x8000b4ee (0x00005f17) auipc   t5, 0x5
core   0: 3 0x8000b4ee (0x00005f17) x30 0x800104ee
core   0: 0x8000b4f2 (0xb03f2923) sw      gp, -1262(t5)
core   0: 3 0x8000b4f2 (0xb03f2923) mem 0x80010000 0x00000001
core   0: 0x8000b4f6 (0x0000bfe5) c.j     pc - 8
core   0: 3 0x8000b4f6 (0xbfe5)
core   0: 0x8000b4ee (0x00005f17) auipc   t5, 0x5
core   0: 3 0x8000b4ee (0x00005f17) x30 0x800104ee
core   0: 0x8000b4f2 (0xb03f2923) sw      gp, -1262(t5)
core   0: 3 0x8000b4f2 (0xb03f2923) mem 0x80010000 0x00000001
core   0: 0x8000b4f6 (0x0000bfe5) c.j     pc - 8
core   0: 3 0x8000b4f6 (0xbfe5)
core   0: 0x8000b4ee (0x00005f17) auipc   t5, 0x5
core   0: 3 0x8000b4ee (0x00005f17) x30 0x800104ee
core   0: 0x8000b4f2 (0xb03f2923) sw      gp, -1262(t5)
core   0: 3 0x8000b4f2 (0xb03f2923) mem 0x80010000 0x00000001
core   0: 0x8000b4f6 (0x0000bfe5) c.j     pc - 8
core   0: 3 0x8000b4f6 (0xbfe5)
core   0: 0x8000b4ee (0x00005f17) auipc   t5, 0x5
core   0: 3 0x8000b4ee (0x00005f17) x30 0x800104ee
core   0: 0x8000b4f2 (0xb03f2923) sw      gp, -1262(t5)
core   0: 3 0x8000b4f2 (0xb03f2923) mem 0x80010000 0x00000001
core   0: 0x8000b4f6 (0x0000bfe5) c.j     pc - 8
core   0: 3 0x8000b4f6 (0xbfe5)
core   0: 0x8000b4ee (0x00005f17) auipc   t5, 0x5
core   0: 3 0x8000b4ee (0x00005f17) x30 0x800104ee
core   0: 0x8000b4f2 (0xb03f2923) sw      gp, -1262(t5)
core   0: 3 0x8000b4f2 (0xb03f2923) mem 0x80010000 0x00000001
core   0: 0x8000b4f6 (0x0000bfe5) c.j     pc - 8
core   0: 3 0x8000b4f6 (0xbfe5)
core   0: 0x8000b4ee (0x00005f17) auipc   t5, 0x5
core   0: 3 0x8000b4ee (0x00005f17) x30 0x800104ee
core   0: 0x8000b4f2 (0xb03f2923) sw      gp, -1262(t5)
core   0: 3 0x8000b4f2 (0xb03f2923) mem 0x80010000 0x00000001
core   0: 0x8000b4f6 (0x0000bfe5) c.j     pc - 8
core   0: 3 0x8000b4f6 (0xbfe5)
core   0: 0x8000b4ee (0x00005f17) auipc   t5, 0x5
core   0: 3 0x8000b4ee (0x00005f17) x30 0x800104ee
core   0: 0x8000b4f2 (0xb03f2923) sw      gp, -1262(t5)
core   0: 3 0x8000b4f2 (0xb03f2923) mem 0x80010000 0x00000001
core   0: 0x8000b4f6 (0x0000bfe5) c.j     pc - 8
core   0: 3 0x8000b4f6 (0xbfe5)
core   0: 0x8000b4ee (0x00005f17) auipc   t5, 0x5
core   0: 3 0x8000b4ee (0x00005f17) x30 0x800104ee
core   0: 0x8000b4f2 (0xb03f2923) sw      gp, -1262(t5)
core   0: 3 0x8000b4f2 (0xb03f2923) mem 0x80010000 0x00000001
core   0: 0x8000b4f6 (0x0000bfe5) c.j     pc - 8
core   0: 3 0x8000b4f6 (0xbfe5)
core   0: 0x8000b4ee (0x00005f17) auipc   t5, 0x5
core   0: 3 0x8000b4ee (0x00005f17) x30 0x800104ee
core   0: 0x8000b4f2 (0xb03f2923) sw      gp, -1262(t5)
core   0: 3 0x8000b4f2 (0xb03f2923) mem 0x80010000 0x00000001
core   0: 0x8000b4f6 (0x0000bfe5) c.j     pc - 8
core   0: 3 0x8000b4f6 (0xbfe5)
core   0: 0x8000b4ee (0x00005f17) auipc   t5, 0x5
core   0: 3 0x8000b4ee (0x00005f17) x30 0x800104ee
core   0: 0x8000b4f2 (0xb03f2923) sw      gp, -1262(t5)
core   0: 3 0x8000b4f2 (0xb03f2923) mem 0x80010000 0x00000001
core   0: 0x8000b4f6 (0x0000bfe5) c.j     pc - 8
core   0: 3 0x8000b4f6 (0xbfe5)
core   0: 0x8000b4ee (0x00005f17) auipc   t5, 0x5
core   0: 3 0x8000b4ee (0x00005f17) x30 0x800104ee
core   0: 0x8000b4f2 (0xb03f2923) sw      gp, -1262(t5)
core   0: 3 0x8000b4f2 (0xb03f2923) mem 0x80010000 0x00000001
core   0: 0x8000b4f6 (0x0000bfe5) c.j     pc - 8
core   0: 3 0x8000b4f6 (0xbfe5)
core   0: 0x8000b4ee (0x00005f17) auipc   t5, 0x5
core   0: 3 0x8000b4ee (0x00005f17) x30 0x800104ee
core   0: 0x8000b4f2 (0xb03f2923) sw      gp, -1262(t5)
core   0: 3 0x8000b4f2 (0xb03f2923) mem 0x80010000 0x00000001
core   0: 0x8000b4f6 (0x0000bfe5) c.j     pc - 8
core   0: 3 0x8000b4f6 (0xbfe5)
core   0: 0x8000b4ee (0x00005f17) auipc   t5, 0x5
core   0: 3 0x8000b4ee (0x00005f17) x30 0x800104ee
core   0: 0x8000b4f2 (0xb03f2923) sw      gp, -1262(t5)
core   0: 3 0x8000b4f2 (0xb03f2923) mem 0x80010000 0x00000001
core   0: 0x8000b4f6 (0x0000bfe5) c.j     pc - 8
core   0: 3 0x8000b4f6 (0xbfe5)
core   0: 0x8000b4ee (0x00005f17) auipc   t5, 0x5
core   0: 3 0x8000b4ee (0x00005f17) x30 0x800104ee
core   0: 0x8000b4f2 (0xb03f2923) sw      gp, -1262(t5)
core   0: 3 0x8000b4f2 (0xb03f2923) mem 0x80010000 0x00000001
core   0: 0x8000b4f6 (0x0000bfe5) c.j     pc - 8
core   0: 3 0x8000b4f6 (0xbfe5)
core   0: 0x8000b4ee (0x00005f17) auipc   t5, 0x5
core   0: 3 0x8000b4ee (0x00005f17) x30 0x800104ee
core   0: 0x8000b4f2 (0xb03f2923) sw      gp, -1262(t5)
core   0: 3 0x8000b4f2 (0xb03f2923) mem 0x80010000 0x00000001
core   0: 0x8000b4f6 (0x0000bfe5) c.j     pc - 8
core   0: 3 0x8000b4f6 (0xbfe5)
core   0: 0x8000b4ee (0x00005f17) auipc   t5, 0x5
core   0: 3 0x8000b4ee (0x00005f17) x30 0x800104ee
core   0: 0x8000b4f2 (0xb03f2923) sw      gp, -1262(t5)
core   0: 3 0x8000b4f2 (0xb03f2923) mem 0x80010000 0x00000001
core   0: 0x8000b4f6 (0x0000bfe5) c.j     pc - 8
core   0: 3 0x8000b4f6 (0xbfe5)
core   0: 0x8000b4ee (0x00005f17) auipc   t5, 0x5
core   0: 3 0x8000b4ee (0x00005f17) x30 0x800104ee
core   0: 0x8000b4f2 (0xb03f2923) sw      gp, -1262(t5)
core   0: 3 0x8000b4f2 (0xb03f2923) mem 0x80010000 0x00000001
core   0: 0x8000b4f6 (0x0000bfe5) c.j     pc - 8
core   0: 3 0x8000b4f6 (0xbfe5)
core   0: 0x8000b4ee (0x00005f17) auipc   t5, 0x5
core   0: 3 0x8000b4ee (0x00005f17) x30 0x800104ee
core   0: 0x8000b4f2 (0xb03f2923) sw      gp, -1262(t5)
core   0: 3 0x8000b4f2 (0xb03f2923) mem 0x80010000 0x00000001
core   0: 0x8000b4f6 (0x0000bfe5) c.j     pc - 8
core   0: 3 0x8000b4f6 (0xbfe5)
core   0: 0x8000b4ee (0x00005f17) auipc   t5, 0x5
core   0: 3 0x8000b4ee (0x00005f17) x30 0x800104ee
core   0: 0x8000b4f2 (0xb03f2923) sw      gp, -1262(t5)
core   0: 3 0x8000b4f2 (0xb03f2923) mem 0x80010000 0x00000001
core   0: 0x8000b4f6 (0x0000bfe5) c.j     pc - 8
core   0: 3 0x8000b4f6 (0xbfe5)
core   0: 0x8000b4ee (0x00005f17) auipc   t5, 0x5
core   0: 3 0x8000b4ee (0x00005f17) x30 0x800104ee
core   0: 0x8000b4f2 (0xb03f2923) sw      gp, -1262(t5)
core   0: 3 0x8000b4f2 (0xb03f2923) mem 0x80010000 0x00000001
core   0: 0x8000b4f6 (0x0000bfe5) c.j     pc - 8
core   0: 3 0x8000b4f6 (0xbfe5)
core   0: 0x8000b4ee (0x00005f17) auipc   t5, 0x5
core   0: 3 0x8000b4ee (0x00005f17) x30 0x800104ee
core   0: 0x8000b4f2 (0xb03f2923) sw      gp, -1262(t5)
core   0: 3 0x8000b4f2 (0xb03f2923) mem 0x80010000 0x00000001
core   0: 0x8000b4f6 (0x0000bfe5) c.j     pc - 8
core   0: 3 0x8000b4f6 (0xbfe5)
core   0: 0x8000b4ee (0x00005f17) auipc   t5, 0x5
core   0: 3 0x8000b4ee (0x00005f17) x30 0x800104ee
core   0: 0x8000b4f2 (0xb03f2923) sw      gp, -1262(t5)
core   0: 3 0x8000b4f2 (0xb03f2923) mem 0x80010000 0x00000001
core   0: 0x8000b4f6 (0x0000bfe5) c.j     pc - 8
core   0: 3 0x8000b4f6 (0xbfe5)
core   0: 0x8000b4ee (0x00005f17) auipc   t5, 0x5
core   0: 3 0x8000b4ee (0x00005f17) x30 0x800104ee
core   0: 0x8000b4f2 (0xb03f2923) sw      gp, -1262(t5)
core   0: 3 0x8000b4f2 (0xb03f2923) mem 0x80010000 0x00000001
core   0: 0x8000b4f6 (0x0000bfe5) c.j     pc - 8
core   0: 3 0x8000b4f6 (0xbfe5)
core   0: 0x8000b4ee (0x00005f17) auipc   t5, 0x5
core   0: 3 0x8000b4ee (0x00005f17) x30 0x800104ee
core   0: 0x8000b4f2 (0xb03f2923) sw      gp, -1262(t5)
core   0: 3 0x8000b4f2 (0xb03f2923) mem 0x80010000 0x00000001
core   0: 0x8000b4f6 (0x0000bfe5) c.j     pc - 8
core   0: 3 0x8000b4f6 (0xbfe5)
core   0: 0x8000b4ee (0x00005f17) auipc   t5, 0x5
core   0: 3 0x8000b4ee (0x00005f17) x30 0x800104ee
core   0: 0x8000b4f2 (0xb03f2923) sw      gp, -1262(t5)
core   0: 3 0x8000b4f2 (0xb03f2923) mem 0x80010000 0x00000001
core   0: 0x8000b4f6 (0x0000bfe5) c.j     pc - 8
core   0: 3 0x8000b4f6 (0xbfe5)
core   0: 0x8000b4ee (0x00005f17) auipc   t5, 0x5
core   0: 3 0x8000b4ee (0x00005f17) x30 0x800104ee
core   0: 0x8000b4f2 (0xb03f2923) sw      gp, -1262(t5)
core   0: 3 0x8000b4f2 (0xb03f2923) mem 0x80010000 0x00000001
core   0: 0x8000b4f6 (0x0000bfe5) c.j     pc - 8
core   0: 3 0x8000b4f6 (0xbfe5)
core   0: 0x8000b4ee (0x00005f17) auipc   t5, 0x5
core   0: 3 0x8000b4ee (0x00005f17) x30 0x800104ee
core   0: 0x8000b4f2 (0xb03f2923) sw      gp, -1262(t5)
core   0: 3 0x8000b4f2 (0xb03f2923) mem 0x80010000 0x00000001
core   0: 0x8000b4f6 (0x0000bfe5) c.j     pc - 8
core   0: 3 0x8000b4f6 (0xbfe5)
core   0: 0x8000b4ee (0x00005f17) auipc   t5, 0x5
core   0: 3 0x8000b4ee (0x00005f17) x30 0x800104ee
core   0: 0x8000b4f2 (0xb03f2923) sw      gp, -1262(t5)
core   0: 3 0x8000b4f2 (0xb03f2923) mem 0x80010000 0x00000001
core   0: 0x8000b4f6 (0x0000bfe5) c.j     pc - 8
core   0: 3 0x8000b4f6 (0xbfe5)
core   0: 0x8000b4ee (0x00005f17) auipc   t5, 0x5
core   0: 3 0x8000b4ee (0x00005f17) x30 0x800104ee
core   0: 0x8000b4f2 (0xb03f2923) sw      gp, -1262(t5)
core   0: 3 0x8000b4f2 (0xb03f2923) mem 0x80010000 0x00000001
core   0: 0x8000b4f6 (0x0000bfe5) c.j     pc - 8
core   0: 3 0x8000b4f6 (0xbfe5)
core   0: 0x8000b4ee (0x00005f17) auipc   t5, 0x5
core   0: 3 0x8000b4ee (0x00005f17) x30 0x800104ee
core   0: 0x8000b4f2 (0xb03f2923) sw      gp, -1262(t5)
core   0: 3 0x8000b4f2 (0xb03f2923) mem 0x80010000 0x00000001
core   0: 0x8000b4f6 (0x0000bfe5) c.j     pc - 8
core   0: 3 0x8000b4f6 (0xbfe5)
core   0: 0x8000b4ee (0x00005f17) auipc   t5, 0x5
core   0: 3 0x8000b4ee (0x00005f17) x30 0x800104ee
core   0: 0x8000b4f2 (0xb03f2923) sw      gp, -1262(t5)
core   0: 3 0x8000b4f2 (0xb03f2923) mem 0x80010000 0x00000001
core   0: 0x8000b4f6 (0x0000bfe5) c.j     pc - 8
core   0: 3 0x8000b4f6 (0xbfe5)
core   0: 0x8000b4ee (0x00005f17) auipc   t5, 0x5
core   0: 3 0x8000b4ee (0x00005f17) x30 0x800104ee
core   0: 0x8000b4f2 (0xb03f2923) sw      gp, -1262(t5)
core   0: 3 0x8000b4f2 (0xb03f2923) mem 0x80010000 0x00000001
core   0: 0x8000b4f6 (0x0000bfe5) c.j     pc - 8
core   0: 3 0x8000b4f6 (0xbfe5)
core   0: 0x8000b4ee (0x00005f17) auipc   t5, 0x5
core   0: 3 0x8000b4ee (0x00005f17) x30 0x800104ee
core   0: 0x8000b4f2 (0xb03f2923) sw      gp, -1262(t5)
core   0: 3 0x8000b4f2 (0xb03f2923) mem 0x80010000 0x00000001
core   0: 0x8000b4f6 (0x0000bfe5) c.j     pc - 8
core   0: 3 0x8000b4f6 (0xbfe5)
core   0: 0x8000b4ee (0x00005f17) auipc   t5, 0x5
core   0: 3 0x8000b4ee (0x00005f17) x30 0x800104ee
core   0: 0x8000b4f2 (0xb03f2923) sw      gp, -1262(t5)
core   0: 3 0x8000b4f2 (0xb03f2923) mem 0x80010000 0x00000001
core   0: 0x8000b4f6 (0x0000bfe5) c.j     pc - 8
core   0: 3 0x8000b4f6 (0xbfe5)
core   0: 0x8000b4ee (0x00005f17) auipc   t5, 0x5
core   0: 3 0x8000b4ee (0x00005f17) x30 0x800104ee
core   0: 0x8000b4f2 (0xb03f2923) sw      gp, -1262(t5)
core   0: 3 0x8000b4f2 (0xb03f2923) mem 0x80010000 0x00000001
core   0: 0x8000b4f6 (0x0000bfe5) c.j     pc - 8
core   0: 3 0x8000b4f6 (0xbfe5)
core   0: 0x8000b4ee (0x00005f17) auipc   t5, 0x5
core   0: 3 0x8000b4ee (0x00005f17) x30 0x800104ee
core   0: 0x8000b4f2 (0xb03f2923) sw      gp, -1262(t5)
core   0: 3 0x8000b4f2 (0xb03f2923) mem 0x80010000 0x00000001
core   0: 0x8000b4f6 (0x0000bfe5) c.j     pc - 8
core   0: 3 0x8000b4f6 (0xbfe5)
core   0: 0x8000b4ee (0x00005f17) auipc   t5, 0x5
core   0: 3 0x8000b4ee (0x00005f17) x30 0x800104ee
core   0: 0x8000b4f2 (0xb03f2923) sw      gp, -1262(t5)
core   0: 3 0x8000b4f2 (0xb03f2923) mem 0x80010000 0x00000001
core   0: 0x8000b4f6 (0x0000bfe5) c.j     pc - 8
core   0: 3 0x8000b4f6 (0xbfe5)
core   0: 0x8000b4ee (0x00005f17) auipc   t5, 0x5
core   0: 3 0x8000b4ee (0x00005f17) x30 0x800104ee
core   0: 0x8000b4f2 (0xb03f2923) sw      gp, -1262(t5)
core   0: 3 0x8000b4f2 (0xb03f2923) mem 0x80010000 0x00000001
core   0: 0x8000b4f6 (0x0000bfe5) c.j     pc - 8
core   0: 3 0x8000b4f6 (0xbfe5)
core   0: 0x8000b4ee (0x00005f17) auipc   t5, 0x5
core   0: 3 0x8000b4ee (0x00005f17) x30 0x800104ee
core   0: 0x8000b4f2 (0xb03f2923) sw      gp, -1262(t5)
core   0: 3 0x8000b4f2 (0xb03f2923) mem 0x80010000 0x00000001
core   0: 0x8000b4f6 (0x0000bfe5) c.j     pc - 8
core   0: 3 0x8000b4f6 (0xbfe5)
core   0: 0x8000b4ee (0x00005f17) auipc   t5, 0x5
core   0: 3 0x8000b4ee (0x00005f17) x30 0x800104ee
core   0: 0x8000b4f2 (0xb03f2923) sw      gp, -1262(t5)
core   0: 3 0x8000b4f2 (0xb03f2923) mem 0x80010000 0x00000001
core   0: 0x8000b4f6 (0x0000bfe5) c.j     pc - 8
core   0: 3 0x8000b4f6 (0xbfe5)
core   0: 0x8000b4ee (0x00005f17) auipc   t5, 0x5
core   0: 3 0x8000b4ee (0x00005f17) x30 0x800104ee
core   0: 0x8000b4f2 (0xb03f2923) sw      gp, -1262(t5)
core   0: 3 0x8000b4f2 (0xb03f2923) mem 0x80010000 0x00000001
core   0: 0x8000b4f6 (0x0000bfe5) c.j     pc - 8
core   0: 3 0x8000b4f6 (0xbfe5)
core   0: 0x8000b4ee (0x00005f17) auipc   t5, 0x5
core   0: 3 0x8000b4ee (0x00005f17) x30 0x800104ee
core   0: 0x8000b4f2 (0xb03f2923) sw      gp, -1262(t5)
core   0: 3 0x8000b4f2 (0xb03f2923) mem 0x80010000 0x00000001
core   0: 0x8000b4f6 (0x0000bfe5) c.j     pc - 8
core   0: 3 0x8000b4f6 (0xbfe5)
core   0: 0x8000b4ee (0x00005f17) auipc   t5, 0x5
core   0: 3 0x8000b4ee (0x00005f17) x30 0x800104ee
core   0: 0x8000b4f2 (0xb03f2923) sw      gp, -1262(t5)
core   0: 3 0x8000b4f2 (0xb03f2923) mem 0x80010000 0x00000001
core   0: 0x8000b4f6 (0x0000bfe5) c.j     pc - 8
core   0: 3 0x8000b4f6 (0xbfe5)
core   0: 0x8000b4ee (0x00005f17) auipc   t5, 0x5
core   0: 3 0x8000b4ee (0x00005f17) x30 0x800104ee
core   0: 0x8000b4f2 (0xb03f2923) sw      gp, -1262(t5)
core   0: 3 0x8000b4f2 (0xb03f2923) mem 0x80010000 0x00000001
core   0: 0x8000b4f6 (0x0000bfe5) c.j     pc - 8
core   0: 3 0x8000b4f6 (0xbfe5)
core   0: 0x8000b4ee (0x00005f17) auipc   t5, 0x5
core   0: 3 0x8000b4ee (0x00005f17) x30 0x800104ee
core   0: 0x8000b4f2 (0xb03f2923) sw      gp, -1262(t5)
core   0: 3 0x8000b4f2 (0xb03f2923) mem 0x80010000 0x00000001
core   0: 0x8000b4f6 (0x0000bfe5) c.j     pc - 8
core   0: 3 0x8000b4f6 (0xbfe5)
core   0: 0x8000b4ee (0x00005f17) auipc   t5, 0x5
core   0: 3 0x8000b4ee (0x00005f17) x30 0x800104ee
core   0: 0x8000b4f2 (0xb03f2923) sw      gp, -1262(t5)
core   0: 3 0x8000b4f2 (0xb03f2923) mem 0x80010000 0x00000001
core   0: 0x8000b4f6 (0x0000bfe5) c.j     pc - 8
core   0: 3 0x8000b4f6 (0xbfe5)
core   0: 0x8000b4ee (0x00005f17) auipc   t5, 0x5
core   0: 3 0x8000b4ee (0x00005f17) x30 0x800104ee
core   0: 0x8000b4f2 (0xb03f2923) sw      gp, -1262(t5)
core   0: 3 0x8000b4f2 (0xb03f2923) mem 0x80010000 0x00000001
core   0: 0x8000b4f6 (0x0000bfe5) c.j     pc - 8
core   0: 3 0x8000b4f6 (0xbfe5)
core   0: 0x8000b4ee (0x00005f17) auipc   t5, 0x5
core   0: 3 0x8000b4ee (0x00005f17) x30 0x800104ee
core   0: 0x8000b4f2 (0xb03f2923) sw      gp, -1262(t5)
core   0: 3 0x8000b4f2 (0xb03f2923) mem 0x80010000 0x00000001
core   0: 0x8000b4f6 (0x0000bfe5) c.j     pc - 8
core   0: 3 0x8000b4f6 (0xbfe5)
core   0: 0x8000b4ee (0x00005f17) auipc   t5, 0x5
core   0: 3 0x8000b4ee (0x00005f17) x30 0x800104ee
core   0: 0x8000b4f2 (0xb03f2923) sw      gp, -1262(t5)
core   0: 3 0x8000b4f2 (0xb03f2923) mem 0x80010000 0x00000001
core   0: 0x8000b4f6 (0x0000bfe5) c.j     pc - 8
core   0: 3 0x8000b4f6 (0xbfe5)
core   0: 0x8000b4ee (0x00005f17) auipc   t5, 0x5
core   0: 3 0x8000b4ee (0x00005f17) x30 0x800104ee
core   0: 0x8000b4f2 (0xb03f2923) sw      gp, -1262(t5)
core   0: 3 0x8000b4f2 (0xb03f2923) mem 0x80010000 0x00000001
core   0: 0x8000b4f6 (0x0000bfe5) c.j     pc - 8
core   0: 3 0x8000b4f6 (0xbfe5)
core   0: 0x8000b4ee (0x00005f17) auipc   t5, 0x5
core   0: 3 0x8000b4ee (0x00005f17) x30 0x800104ee
core   0: 0x8000b4f2 (0xb03f2923) sw      gp, -1262(t5)
core   0: 3 0x8000b4f2 (0xb03f2923) mem 0x80010000 0x00000001
core   0: 0x8000b4f6 (0x0000bfe5) c.j     pc - 8
core   0: 3 0x8000b4f6 (0xbfe5)
core   0: 0x8000b4ee (0x00005f17) auipc   t5, 0x5
core   0: 3 0x8000b4ee (0x00005f17) x30 0x800104ee
core   0: 0x8000b4f2 (0xb03f2923) sw      gp, -1262(t5)
core   0: 3 0x8000b4f2 (0xb03f2923) mem 0x80010000 0x00000001
core   0: 0x8000b4f6 (0x0000bfe5) c.j     pc - 8
core   0: 3 0x8000b4f6 (0xbfe5)
core   0: 0x8000b4ee (0x00005f17) auipc   t5, 0x5
core   0: 3 0x8000b4ee (0x00005f17) x30 0x800104ee
core   0: 0x8000b4f2 (0xb03f2923) sw      gp, -1262(t5)
core   0: 3 0x8000b4f2 (0xb03f2923) mem 0x80010000 0x00000001
core   0: 0x8000b4f6 (0x0000bfe5) c.j     pc - 8
core   0: 3 0x8000b4f6 (0xbfe5)
core   0: 0x8000b4ee (0x00005f17) auipc   t5, 0x5
core   0: 3 0x8000b4ee (0x00005f17) x30 0x800104ee
core   0: 0x8000b4f2 (0xb03f2923) sw      gp, -1262(t5)
core   0: 3 0x8000b4f2 (0xb03f2923) mem 0x80010000 0x00000001
core   0: 0x8000b4f6 (0x0000bfe5) c.j     pc - 8
core   0: 3 0x8000b4f6 (0xbfe5)
core   0: 0x8000b4ee (0x00005f17) auipc   t5, 0x5
core   0: 3 0x8000b4ee (0x00005f17) x30 0x800104ee
core   0: 0x8000b4f2 (0xb03f2923) sw      gp, -1262(t5)
core   0: 3 0x8000b4f2 (0xb03f2923) mem 0x80010000 0x00000001
core   0: 0x8000b4f6 (0x0000bfe5) c.j     pc - 8
core   0: 3 0x8000b4f6 (0xbfe5)
core   0: 0x8000b4ee (0x00005f17) auipc   t5, 0x5
core   0: 3 0x8000b4ee (0x00005f17) x30 0x800104ee
core   0: 0x8000b4f2 (0xb03f2923) sw      gp, -1262(t5)
core   0: 3 0x8000b4f2 (0xb03f2923) mem 0x80010000 0x00000001
core   0: 0x8000b4f6 (0x0000bfe5) c.j     pc - 8
core   0: 3 0x8000b4f6 (0xbfe5)
core   0: 0x8000b4ee (0x00005f17) auipc   t5, 0x5
core   0: 3 0x8000b4ee (0x00005f17) x30 0x800104ee
core   0: 0x8000b4f2 (0xb03f2923) sw      gp, -1262(t5)
core   0: 3 0x8000b4f2 (0xb03f2923) mem 0x80010000 0x00000001
core   0: 0x8000b4f6 (0x0000bfe5) c.j     pc - 8
core   0: 3 0x8000b4f6 (0xbfe5)
core   0: 0x8000b4ee (0x00005f17) auipc   t5, 0x5
core   0: 3 0x8000b4ee (0x00005f17) x30 0x800104ee
core   0: 0x8000b4f2 (0xb03f2923) sw      gp, -1262(t5)
core   0: 3 0x8000b4f2 (0xb03f2923) mem 0x80010000 0x00000001
core   0: 0x8000b4f6 (0x0000bfe5) c.j     pc - 8
core   0: 3 0x8000b4f6 (0xbfe5)
core   0: 0x8000b4ee (0x00005f17) auipc   t5, 0x5
core   0: 3 0x8000b4ee (0x00005f17) x30 0x800104ee
core   0: 0x8000b4f2 (0xb03f2923) sw      gp, -1262(t5)
core   0: 3 0x8000b4f2 (0xb03f2923) mem 0x80010000 0x00000001
core   0: 0x8000b4f6 (0x0000bfe5) c.j     pc - 8
core   0: 3 0x8000b4f6 (0xbfe5)
core   0: 0x8000b4ee (0x00005f17) auipc   t5, 0x5
core   0: 3 0x8000b4ee (0x00005f17) x30 0x800104ee
core   0: 0x8000b4f2 (0xb03f2923) sw      gp, -1262(t5)
core   0: 3 0x8000b4f2 (0xb03f2923) mem 0x80010000 0x00000001
core   0: 0x8000b4f6 (0x0000bfe5) c.j     pc - 8
core   0: 3 0x8000b4f6 (0xbfe5)
core   0: 0x8000b4ee (0x00005f17) auipc   t5, 0x5
core   0: 3 0x8000b4ee (0x00005f17) x30 0x800104ee
core   0: 0x8000b4f2 (0xb03f2923) sw      gp, -1262(t5)
core   0: 3 0x8000b4f2 (0xb03f2923) mem 0x80010000 0x00000001
core   0: 0x8000b4f6 (0x0000bfe5) c.j     pc - 8
core   0: 3 0x8000b4f6 (0xbfe5)
core   0: 0x8000b4ee (0x00005f17) auipc   t5, 0x5
core   0: 3 0x8000b4ee (0x00005f17) x30 0x800104ee
core   0: 0x8000b4f2 (0xb03f2923) sw      gp, -1262(t5)
core   0: 3 0x8000b4f2 (0xb03f2923) mem 0x80010000 0x00000001
core   0: 0x8000b4f6 (0x0000bfe5) c.j     pc - 8
core   0: 3 0x8000b4f6 (0xbfe5)
core   0: 0x8000b4ee (0x00005f17) auipc   t5, 0x5
core   0: 3 0x8000b4ee (0x00005f17) x30 0x800104ee
core   0: 0x8000b4f2 (0xb03f2923) sw      gp, -1262(t5)
core   0: 3 0x8000b4f2 (0xb03f2923) mem 0x80010000 0x00000001
core   0: 0x8000b4f6 (0x0000bfe5) c.j     pc - 8
core   0: 3 0x8000b4f6 (0xbfe5)
core   0: 0x8000b4ee (0x00005f17) auipc   t5, 0x5
core   0: 3 0x8000b4ee (0x00005f17) x30 0x800104ee
core   0: 0x8000b4f2 (0xb03f2923) sw      gp, -1262(t5)
core   0: 3 0x8000b4f2 (0xb03f2923) mem 0x80010000 0x00000001
core   0: 0x8000b4f6 (0x0000bfe5) c.j     pc - 8
core   0: 3 0x8000b4f6 (0xbfe5)
core   0: 0x8000b4ee (0x00005f17) auipc   t5, 0x5
core   0: 3 0x8000b4ee (0x00005f17) x30 0x800104ee
core   0: 0x8000b4f2 (0xb03f2923) sw      gp, -1262(t5)
core   0: 3 0x8000b4f2 (0xb03f2923) mem 0x80010000 0x00000001
core   0: 0x8000b4f6 (0x0000bfe5) c.j     pc - 8
core   0: 3 0x8000b4f6 (0xbfe5)
core   0: 0x8000b4ee (0x00005f17) auipc   t5, 0x5
core   0: 3 0x8000b4ee (0x00005f17) x30 0x800104ee
core   0: 0x8000b4f2 (0xb03f2923) sw      gp, -1262(t5)
core   0: 3 0x8000b4f2 (0xb03f2923) mem 0x80010000 0x00000001
core   0: 0x8000b4f6 (0x0000bfe5) c.j     pc - 8
core   0: 3 0x8000b4f6 (0xbfe5)
core   0: 0x8000b4ee (0x00005f17) auipc   t5, 0x5
core   0: 3 0x8000b4ee (0x00005f17) x30 0x800104ee
core   0: 0x8000b4f2 (0xb03f2923) sw      gp, -1262(t5)
core   0: 3 0x8000b4f2 (0xb03f2923) mem 0x80010000 0x00000001
core   0: 0x8000b4f6 (0x0000bfe5) c.j     pc - 8
core   0: 3 0x8000b4f6 (0xbfe5)
core   0: 0x8000b4ee (0x00005f17) auipc   t5, 0x5
core   0: 3 0x8000b4ee (0x00005f17) x30 0x800104ee
core   0: 0x8000b4f2 (0xb03f2923) sw      gp, -1262(t5)
core   0: 3 0x8000b4f2 (0xb03f2923) mem 0x80010000 0x00000001
core   0: 0x8000b4f6 (0x0000bfe5) c.j     pc - 8
core   0: 3 0x8000b4f6 (0xbfe5)
core   0: 0x8000b4ee (0x00005f17) auipc   t5, 0x5
core   0: 3 0x8000b4ee (0x00005f17) x30 0x800104ee
core   0: 0x8000b4f2 (0xb03f2923) sw      gp, -1262(t5)
core   0: 3 0x8000b4f2 (0xb03f2923) mem 0x80010000 0x00000001
core   0: 0x8000b4f6 (0x0000bfe5) c.j     pc - 8
core   0: 3 0x8000b4f6 (0xbfe5)
core   0: 0x8000b4ee (0x00005f17) auipc   t5, 0x5
core   0: 3 0x8000b4ee (0x00005f17) x30 0x800104ee
core   0: 0x8000b4f2 (0xb03f2923) sw      gp, -1262(t5)
core   0: 3 0x8000b4f2 (0xb03f2923) mem 0x80010000 0x00000001
core   0: 0x8000b4f6 (0x0000bfe5) c.j     pc - 8
core   0: 3 0x8000b4f6 (0xbfe5)
core   0: 0x8000b4ee (0x00005f17) auipc   t5, 0x5
core   0: 3 0x8000b4ee (0x00005f17) x30 0x800104ee
core   0: 0x8000b4f2 (0xb03f2923) sw      gp, -1262(t5)
core   0: 3 0x8000b4f2 (0xb03f2923) mem 0x80010000 0x00000001
core   0: 0x8000b4f6 (0x0000bfe5) c.j     pc - 8
core   0: 3 0x8000b4f6 (0xbfe5)
core   0: 0x8000b4ee (0x00005f17) auipc   t5, 0x5
core   0: 3 0x8000b4ee (0x00005f17) x30 0x800104ee
core   0: 0x8000b4f2 (0xb03f2923) sw      gp, -1262(t5)
core   0: 3 0x8000b4f2 (0xb03f2923) mem 0x80010000 0x00000001
core   0: 0x8000b4f6 (0x0000bfe5) c.j     pc - 8
core   0: 3 0x8000b4f6 (0xbfe5)
core   0: 0x8000b4ee (0x00005f17) auipc   t5, 0x5
core   0: 3 0x8000b4ee (0x00005f17) x30 0x800104ee
core   0: 0x8000b4f2 (0xb03f2923) sw      gp, -1262(t5)
core   0: 3 0x8000b4f2 (0xb03f2923) mem 0x80010000 0x00000001
core   0: 0x8000b4f6 (0x0000bfe5) c.j     pc - 8
core   0: 3 0x8000b4f6 (0xbfe5)
core   0: 0x8000b4ee (0x00005f17) auipc   t5, 0x5
core   0: 3 0x8000b4ee (0x00005f17) x30 0x800104ee
core   0: 0x8000b4f2 (0xb03f2923) sw      gp, -1262(t5)
core   0: 3 0x8000b4f2 (0xb03f2923) mem 0x80010000 0x00000001
core   0: 0x8000b4f6 (0x0000bfe5) c.j     pc - 8
core   0: 3 0x8000b4f6 (0xbfe5)
core   0: 0x8000b4ee (0x00005f17) auipc   t5, 0x5
core   0: 3 0x8000b4ee (0x00005f17) x30 0x800104ee
core   0: 0x8000b4f2 (0xb03f2923) sw      gp, -1262(t5)
core   0: 3 0x8000b4f2 (0xb03f2923) mem 0x80010000 0x00000001
core   0: 0x8000b4f6 (0x0000bfe5) c.j     pc - 8
core   0: 3 0x8000b4f6 (0xbfe5)
core   0: 0x8000b4ee (0x00005f17) auipc   t5, 0x5
core   0: 3 0x8000b4ee (0x00005f17) x30 0x800104ee
core   0: 0x8000b4f2 (0xb03f2923) sw      gp, -1262(t5)
core   0: 3 0x8000b4f2 (0xb03f2923) mem 0x80010000 0x00000001
core   0: 0x8000b4f6 (0x0000bfe5) c.j     pc - 8
core   0: 3 0x8000b4f6 (0xbfe5)
core   0: 0x8000b4ee (0x00005f17) auipc   t5, 0x5
core   0: 3 0x8000b4ee (0x00005f17) x30 0x800104ee
core   0: 0x8000b4f2 (0xb03f2923) sw      gp, -1262(t5)
core   0: 3 0x8000b4f2 (0xb03f2923) mem 0x80010000 0x00000001
core   0: 0x8000b4f6 (0x0000bfe5) c.j     pc - 8
core   0: 3 0x8000b4f6 (0xbfe5)
core   0: 0x8000b4ee (0x00005f17) auipc   t5, 0x5
core   0: 3 0x8000b4ee (0x00005f17) x30 0x800104ee
core   0: 0x8000b4f2 (0xb03f2923) sw      gp, -1262(t5)
core   0: 3 0x8000b4f2 (0xb03f2923) mem 0x80010000 0x00000001
core   0: 0x8000b4f6 (0x0000bfe5) c.j     pc - 8
core   0: 3 0x8000b4f6 (0xbfe5)
core   0: 0x8000b4ee (0x00005f17) auipc   t5, 0x5
core   0: 3 0x8000b4ee (0x00005f17) x30 0x800104ee
core   0: 0x8000b4f2 (0xb03f2923) sw      gp, -1262(t5)
core   0: 3 0x8000b4f2 (0xb03f2923) mem 0x80010000 0x00000001
core   0: 0x8000b4f6 (0x0000bfe5) c.j     pc - 8
core   0: 3 0x8000b4f6 (0xbfe5)
core   0: 0x8000b4ee (0x00005f17) auipc   t5, 0x5
core   0: 3 0x8000b4ee (0x00005f17) x30 0x800104ee
core   0: 0x8000b4f2 (0xb03f2923) sw      gp, -1262(t5)
core   0: 3 0x8000b4f2 (0xb03f2923) mem 0x80010000 0x00000001
core   0: 0x8000b4f6 (0x0000bfe5) c.j     pc - 8
core   0: 3 0x8000b4f6 (0xbfe5)
core   0: 0x8000b4ee (0x00005f17) auipc   t5, 0x5
core   0: 3 0x8000b4ee (0x00005f17) x30 0x800104ee
core   0: 0x8000b4f2 (0xb03f2923) sw      gp, -1262(t5)
core   0: 3 0x8000b4f2 (0xb03f2923) mem 0x80010000 0x00000001
core   0: 0x8000b4f6 (0x0000bfe5) c.j     pc - 8
core   0: 3 0x8000b4f6 (0xbfe5)
core   0: 0x8000b4ee (0x00005f17) auipc   t5, 0x5
core   0: 3 0x8000b4ee (0x00005f17) x30 0x800104ee
core   0: 0x8000b4f2 (0xb03f2923) sw      gp, -1262(t5)
core   0: 3 0x8000b4f2 (0xb03f2923) mem 0x80010000 0x00000001
core   0: 0x8000b4f6 (0x0000bfe5) c.j     pc - 8
core   0: 3 0x8000b4f6 (0xbfe5)
core   0: 0x8000b4ee (0x00005f17) auipc   t5, 0x5
core   0: 3 0x8000b4ee (0x00005f17) x30 0x800104ee
core   0: 0x8000b4f2 (0xb03f2923) sw      gp, -1262(t5)
core   0: 3 0x8000b4f2 (0xb03f2923) mem 0x80010000 0x00000001
core   0: 0x8000b4f6 (0x0000bfe5) c.j     pc - 8
core   0: 3 0x8000b4f6 (0xbfe5)
core   0: 0x8000b4ee (0x00005f17) auipc   t5, 0x5
core   0: 3 0x8000b4ee (0x00005f17) x30 0x800104ee
core   0: 0x8000b4f2 (0xb03f2923) sw      gp, -1262(t5)
core   0: 3 0x8000b4f2 (0xb03f2923) mem 0x80010000 0x00000001
core   0: 0x8000b4f6 (0x0000bfe5) c.j     pc - 8
core   0: 3 0x8000b4f6 (0xbfe5)
core   0: 0x8000b4ee (0x00005f17) auipc   t5, 0x5
core   0: 3 0x8000b4ee (0x00005f17) x30 0x800104ee
core   0: 0x8000b4f2 (0xb03f2923) sw      gp, -1262(t5)
core   0: 3 0x8000b4f2 (0xb03f2923) mem 0x80010000 0x00000001
core   0: 0x8000b4f6 (0x0000bfe5) c.j     pc - 8
core   0: 3 0x8000b4f6 (0xbfe5)
core   0: 0x8000b4ee (0x00005f17) auipc   t5, 0x5
core   0: 3 0x8000b4ee (0x00005f17) x30 0x800104ee
core   0: 0x8000b4f2 (0xb03f2923) sw      gp, -1262(t5)
core   0: 3 0x8000b4f2 (0xb03f2923) mem 0x80010000 0x00000001
core   0: 0x8000b4f6 (0x0000bfe5) c.j     pc - 8
core   0: 3 0x8000b4f6 (0xbfe5)
core   0: 0x8000b4ee (0x00005f17) auipc   t5, 0x5
core   0: 3 0x8000b4ee (0x00005f17) x30 0x800104ee
core   0: 0x8000b4f2 (0xb03f2923) sw      gp, -1262(t5)
core   0: 3 0x8000b4f2 (0xb03f2923) mem 0x80010000 0x00000001
core   0: 0x8000b4f6 (0x0000bfe5) c.j     pc - 8
core   0: 3 0x8000b4f6 (0xbfe5)
core   0: 0x8000b4ee (0x00005f17) auipc   t5, 0x5
core   0: 3 0x8000b4ee (0x00005f17) x30 0x800104ee
core   0: 0x8000b4f2 (0xb03f2923) sw      gp, -1262(t5)
core   0: 3 0x8000b4f2 (0xb03f2923) mem 0x80010000 0x00000001
core   0: 0x8000b4f6 (0x0000bfe5) c.j     pc - 8
core   0: 3 0x8000b4f6 (0xbfe5)
core   0: 0x8000b4ee (0x00005f17) auipc   t5, 0x5
core   0: 3 0x8000b4ee (0x00005f17) x30 0x800104ee
core   0: 0x8000b4f2 (0xb03f2923) sw      gp, -1262(t5)
core   0: 3 0x8000b4f2 (0xb03f2923) mem 0x80010000 0x00000001
core   0: 0x8000b4f6 (0x0000bfe5) c.j     pc - 8
core   0: 3 0x8000b4f6 (0xbfe5)
core   0: 0x8000b4ee (0x00005f17) auipc   t5, 0x5
core   0: 3 0x8000b4ee (0x00005f17) x30 0x800104ee
core   0: 0x8000b4f2 (0xb03f2923) sw      gp, -1262(t5)
core   0: 3 0x8000b4f2 (0xb03f2923) mem 0x80010000 0x00000001
core   0: 0x8000b4f6 (0x0000bfe5) c.j     pc - 8
core   0: 3 0x8000b4f6 (0xbfe5)
core   0: 0x8000b4ee (0x00005f17) auipc   t5, 0x5
core   0: 3 0x8000b4ee (0x00005f17) x30 0x800104ee
core   0: 0x8000b4f2 (0xb03f2923) sw      gp, -1262(t5)
core   0: 3 0x8000b4f2 (0xb03f2923) mem 0x80010000 0x00000001
core   0: 0x8000b4f6 (0x0000bfe5) c.j     pc - 8
core   0: 3 0x8000b4f6 (0xbfe5)
core   0: 0x8000b4ee (0x00005f17) auipc   t5, 0x5
core   0: 3 0x8000b4ee (0x00005f17) x30 0x800104ee
core   0: 0x8000b4f2 (0xb03f2923) sw      gp, -1262(t5)
core   0: 3 0x8000b4f2 (0xb03f2923) mem 0x80010000 0x00000001
core   0: 0x8000b4f6 (0x0000bfe5) c.j     pc - 8
core   0: 3 0x8000b4f6 (0xbfe5)
core   0: 0x8000b4ee (0x00005f17) auipc   t5, 0x5
core   0: 3 0x8000b4ee (0x00005f17) x30 0x800104ee
core   0: 0x8000b4f2 (0xb03f2923) sw      gp, -1262(t5)
core   0: 3 0x8000b4f2 (0xb03f2923) mem 0x80010000 0x00000001
core   0: 0x8000b4f6 (0x0000bfe5) c.j     pc - 8
core   0: 3 0x8000b4f6 (0xbfe5)
core   0: 0x8000b4ee (0x00005f17) auipc   t5, 0x5
core   0: 3 0x8000b4ee (0x00005f17) x30 0x800104ee
core   0: 0x8000b4f2 (0xb03f2923) sw      gp, -1262(t5)
core   0: 3 0x8000b4f2 (0xb03f2923) mem 0x80010000 0x00000001
core   0: 0x8000b4f6 (0x0000bfe5) c.j     pc - 8
core   0: 3 0x8000b4f6 (0xbfe5)
core   0: 0x8000b4ee (0x00005f17) auipc   t5, 0x5
core   0: 3 0x8000b4ee (0x00005f17) x30 0x800104ee
core   0: 0x8000b4f2 (0xb03f2923) sw      gp, -1262(t5)
core   0: 3 0x8000b4f2 (0xb03f2923) mem 0x80010000 0x00000001
core   0: 0x8000b4f6 (0x0000bfe5) c.j     pc - 8
core   0: 3 0x8000b4f6 (0xbfe5)
core   0: 0x8000b4ee (0x00005f17) auipc   t5, 0x5
core   0: 3 0x8000b4ee (0x00005f17) x30 0x800104ee
core   0: 0x8000b4f2 (0xb03f2923) sw      gp, -1262(t5)
core   0: 3 0x8000b4f2 (0xb03f2923) mem 0x80010000 0x00000001
core   0: 0x8000b4f6 (0x0000bfe5) c.j     pc - 8
core   0: 3 0x8000b4f6 (0xbfe5)
core   0: 0x8000b4ee (0x00005f17) auipc   t5, 0x5
core   0: 3 0x8000b4ee (0x00005f17) x30 0x800104ee
core   0: 0x8000b4f2 (0xb03f2923) sw      gp, -1262(t5)
core   0: 3 0x8000b4f2 (0xb03f2923) mem 0x80010000 0x00000001
core   0: 0x8000b4f6 (0x0000bfe5) c.j     pc - 8
core   0: 3 0x8000b4f6 (0xbfe5)
core   0: 0x8000b4ee (0x00005f17) auipc   t5, 0x5
core   0: 3 0x8000b4ee (0x00005f17) x30 0x800104ee
core   0: 0x8000b4f2 (0xb03f2923) sw      gp, -1262(t5)
core   0: 3 0x8000b4f2 (0xb03f2923) mem 0x80010000 0x00000001
core   0: 0x8000b4f6 (0x0000bfe5) c.j     pc - 8
core   0: 3 0x8000b4f6 (0xbfe5)
core   0: 0x8000b4ee (0x00005f17) auipc   t5, 0x5
core   0: 3 0x8000b4ee (0x00005f17) x30 0x800104ee
core   0: 0x8000b4f2 (0xb03f2923) sw      gp, -1262(t5)
core   0: 3 0x8000b4f2 (0xb03f2923) mem 0x80010000 0x00000001
core   0: 0x8000b4f6 (0x0000bfe5) c.j     pc - 8
core   0: 3 0x8000b4f6 (0xbfe5)
core   0: 0x8000b4ee (0x00005f17) auipc   t5, 0x5
core   0: 3 0x8000b4ee (0x00005f17) x30 0x800104ee
core   0: 0x8000b4f2 (0xb03f2923) sw      gp, -1262(t5)
core   0: 3 0x8000b4f2 (0xb03f2923) mem 0x80010000 0x00000001
core   0: 0x8000b4f6 (0x0000bfe5) c.j     pc - 8
core   0: 3 0x8000b4f6 (0xbfe5)
core   0: 0x8000b4ee (0x00005f17) auipc   t5, 0x5
core   0: 3 0x8000b4ee (0x00005f17) x30 0x800104ee
core   0: 0x8000b4f2 (0xb03f2923) sw      gp, -1262(t5)
core   0: 3 0x8000b4f2 (0xb03f2923) mem 0x80010000 0x00000001
core   0: 0x8000b4f6 (0x0000bfe5) c.j     pc - 8
core   0: 3 0x8000b4f6 (0xbfe5)
core   0: 0x8000b4ee (0x00005f17) auipc   t5, 0x5
core   0: 3 0x8000b4ee (0x00005f17) x30 0x800104ee
core   0: 0x8000b4f2 (0xb03f2923) sw      gp, -1262(t5)
core   0: 3 0x8000b4f2 (0xb03f2923) mem 0x80010000 0x00000001
core   0: 0x8000b4f6 (0x0000bfe5) c.j     pc - 8
core   0: 3 0x8000b4f6 (0xbfe5)
core   0: 0x8000b4ee (0x00005f17) auipc   t5, 0x5
core   0: 3 0x8000b4ee (0x00005f17) x30 0x800104ee
core   0: 0x8000b4f2 (0xb03f2923) sw      gp, -1262(t5)
core   0: 3 0x8000b4f2 (0xb03f2923) mem 0x80010000 0x00000001
core   0: 0x8000b4f6 (0x0000bfe5) c.j     pc - 8
core   0: 3 0x8000b4f6 (0xbfe5)
core   0: 0x8000b4ee (0x00005f17) auipc   t5, 0x5
core   0: 3 0x8000b4ee (0x00005f17) x30 0x800104ee
core   0: 0x8000b4f2 (0xb03f2923) sw      gp, -1262(t5)
core   0: 3 0x8000b4f2 (0xb03f2923) mem 0x80010000 0x00000001
core   0: 0x8000b4f6 (0x0000bfe5) c.j     pc - 8
core   0: 3 0x8000b4f6 (0xbfe5)
core   0: 0x8000b4ee (0x00005f17) auipc   t5, 0x5
core   0: 3 0x8000b4ee (0x00005f17) x30 0x800104ee
core   0: 0x8000b4f2 (0xb03f2923) sw      gp, -1262(t5)
core   0: 3 0x8000b4f2 (0xb03f2923) mem 0x80010000 0x00000001
core   0: 0x8000b4f6 (0x0000bfe5) c.j     pc - 8
core   0: 3 0x8000b4f6 (0xbfe5)
core   0: 0x8000b4ee (0x00005f17) auipc   t5, 0x5
core   0: 3 0x8000b4ee (0x00005f17) x30 0x800104ee
core   0: 0x8000b4f2 (0xb03f2923) sw      gp, -1262(t5)
core   0: 3 0x8000b4f2 (0xb03f2923) mem 0x80010000 0x00000001
core   0: 0x8000b4f6 (0x0000bfe5) c.j     pc - 8
core   0: 3 0x8000b4f6 (0xbfe5)
core   0: 0x8000b4ee (0x00005f17) auipc   t5, 0x5
core   0: 3 0x8000b4ee (0x00005f17) x30 0x800104ee
core   0: 0x8000b4f2 (0xb03f2923) sw      gp, -1262(t5)
core   0: 3 0x8000b4f2 (0xb03f2923) mem 0x80010000 0x00000001
core   0: 0x8000b4f6 (0x0000bfe5) c.j     pc - 8
core   0: 3 0x8000b4f6 (0xbfe5)
core   0: 0x8000b4ee (0x00005f17) auipc   t5, 0x5
core   0: 3 0x8000b4ee (0x00005f17) x30 0x800104ee
core   0: 0x8000b4f2 (0xb03f2923) sw      gp, -1262(t5)
core   0: 3 0x8000b4f2 (0xb03f2923) mem 0x80010000 0x00000001
core   0: 0x8000b4f6 (0x0000bfe5) c.j     pc - 8
core   0: 3 0x8000b4f6 (0xbfe5)
core   0: 0x8000b4ee (0x00005f17) auipc   t5, 0x5
core   0: 3 0x8000b4ee (0x00005f17) x30 0x800104ee
core   0: 0x8000b4f2 (0xb03f2923) sw      gp, -1262(t5)
core   0: 3 0x8000b4f2 (0xb03f2923) mem 0x80010000 0x00000001
core   0: 0x8000b4f6 (0x0000bfe5) c.j     pc - 8
core   0: 3 0x8000b4f6 (0xbfe5)
core   0: 0x8000b4ee (0x00005f17) auipc   t5, 0x5
core   0: 3 0x8000b4ee (0x00005f17) x30 0x800104ee
core   0: 0x8000b4f2 (0xb03f2923) sw      gp, -1262(t5)
core   0: 3 0x8000b4f2 (0xb03f2923) mem 0x80010000 0x00000001
core   0: 0x8000b4f6 (0x0000bfe5) c.j     pc - 8
core   0: 3 0x8000b4f6 (0xbfe5)
core   0: 0x8000b4ee (0x00005f17) auipc   t5, 0x5
core   0: 3 0x8000b4ee (0x00005f17) x30 0x800104ee
core   0: 0x8000b4f2 (0xb03f2923) sw      gp, -1262(t5)
core   0: 3 0x8000b4f2 (0xb03f2923) mem 0x80010000 0x00000001
core   0: 0x8000b4f6 (0x0000bfe5) c.j     pc - 8
core   0: 3 0x8000b4f6 (0xbfe5)
core   0: 0x8000b4ee (0x00005f17) auipc   t5, 0x5
core   0: 3 0x8000b4ee (0x00005f17) x30 0x800104ee
core   0: 0x8000b4f2 (0xb03f2923) sw      gp, -1262(t5)
core   0: 3 0x8000b4f2 (0xb03f2923) mem 0x80010000 0x00000001
core   0: 0x8000b4f6 (0x0000bfe5) c.j     pc - 8
core   0: 3 0x8000b4f6 (0xbfe5)
core   0: 0x8000b4ee (0x00005f17) auipc   t5, 0x5
core   0: 3 0x8000b4ee (0x00005f17) x30 0x800104ee
core   0: 0x8000b4f2 (0xb03f2923) sw      gp, -1262(t5)
core   0: 3 0x8000b4f2 (0xb03f2923) mem 0x80010000 0x00000001
core   0: 0x8000b4f6 (0x0000bfe5) c.j     pc - 8
core   0: 3 0x8000b4f6 (0xbfe5)
core   0: 0x8000b4ee (0x00005f17) auipc   t5, 0x5
core   0: 3 0x8000b4ee (0x00005f17) x30 0x800104ee
core   0: 0x8000b4f2 (0xb03f2923) sw      gp, -1262(t5)
core   0: 3 0x8000b4f2 (0xb03f2923) mem 0x80010000 0x00000001
core   0: 0x8000b4f6 (0x0000bfe5) c.j     pc - 8
core   0: 3 0x8000b4f6 (0xbfe5)
core   0: 0x8000b4ee (0x00005f17) auipc   t5, 0x5
core   0: 3 0x8000b4ee (0x00005f17) x30 0x800104ee
core   0: 0x8000b4f2 (0xb03f2923) sw      gp, -1262(t5)
core   0: 3 0x8000b4f2 (0xb03f2923) mem 0x80010000 0x00000001
core   0: 0x8000b4f6 (0x0000bfe5) c.j     pc - 8
core   0: 3 0x8000b4f6 (0xbfe5)
core   0: 0x8000b4ee (0x00005f17) auipc   t5, 0x5
core   0: 3 0x8000b4ee (0x00005f17) x30 0x800104ee
core   0: 0x8000b4f2 (0xb03f2923) sw      gp, -1262(t5)
core   0: 3 0x8000b4f2 (0xb03f2923) mem 0x80010000 0x00000001
core   0: 0x8000b4f6 (0x0000bfe5) c.j     pc - 8
core   0: 3 0x8000b4f6 (0xbfe5)
core   0: 0x8000b4ee (0x00005f17) auipc   t5, 0x5
core   0: 3 0x8000b4ee (0x00005f17) x30 0x800104ee
core   0: 0x8000b4f2 (0xb03f2923) sw      gp, -1262(t5)
core   0: 3 0x8000b4f2 (0xb03f2923) mem 0x80010000 0x00000001
core   0: 0x8000b4f6 (0x0000bfe5) c.j     pc - 8
core   0: 3 0x8000b4f6 (0xbfe5)
core   0: 0x8000b4ee (0x00005f17) auipc   t5, 0x5
core   0: 3 0x8000b4ee (0x00005f17) x30 0x800104ee
core   0: 0x8000b4f2 (0xb03f2923) sw      gp, -1262(t5)
core   0: 3 0x8000b4f2 (0xb03f2923) mem 0x80010000 0x00000001
core   0: 0x8000b4f6 (0x0000bfe5) c.j     pc - 8
core   0: 3 0x8000b4f6 (0xbfe5)
core   0: 0x8000b4ee (0x00005f17) auipc   t5, 0x5
core   0: 3 0x8000b4ee (0x00005f17) x30 0x800104ee
core   0: 0x8000b4f2 (0xb03f2923) sw      gp, -1262(t5)
core   0: 3 0x8000b4f2 (0xb03f2923) mem 0x80010000 0x00000001
core   0: 0x8000b4f6 (0x0000bfe5) c.j     pc - 8
core   0: 3 0x8000b4f6 (0xbfe5)
core   0: 0x8000b4ee (0x00005f17) auipc   t5, 0x5
core   0: 3 0x8000b4ee (0x00005f17) x30 0x800104ee
core   0: 0x8000b4f2 (0xb03f2923) sw      gp, -1262(t5)
core   0: 3 0x8000b4f2 (0xb03f2923) mem 0x80010000 0x00000001
core   0: 0x8000b4f6 (0x0000bfe5) c.j     pc - 8
core   0: 3 0x8000b4f6 (0xbfe5)
core   0: 0x8000b4ee (0x00005f17) auipc   t5, 0x5
core   0: 3 0x8000b4ee (0x00005f17) x30 0x800104ee
core   0: 0x8000b4f2 (0xb03f2923) sw      gp, -1262(t5)
core   0: 3 0x8000b4f2 (0xb03f2923) mem 0x80010000 0x00000001
core   0: 0x8000b4f6 (0x0000bfe5) c.j     pc - 8
core   0: 3 0x8000b4f6 (0xbfe5)
core   0: 0x8000b4ee (0x00005f17) auipc   t5, 0x5
core   0: 3 0x8000b4ee (0x00005f17) x30 0x800104ee
core   0: 0x8000b4f2 (0xb03f2923) sw      gp, -1262(t5)
core   0: 3 0x8000b4f2 (0xb03f2923) mem 0x80010000 0x00000001
core   0: 0x8000b4f6 (0x0000bfe5) c.j     pc - 8
core   0: 3 0x8000b4f6 (0xbfe5)
core   0: 0x8000b4ee (0x00005f17) auipc   t5, 0x5
core   0: 3 0x8000b4ee (0x00005f17) x30 0x800104ee
core   0: 0x8000b4f2 (0xb03f2923) sw      gp, -1262(t5)
core   0: 3 0x8000b4f2 (0xb03f2923) mem 0x80010000 0x00000001
core   0: 0x8000b4f6 (0x0000bfe5) c.j     pc - 8
core   0: 3 0x8000b4f6 (0xbfe5)
core   0: 0x8000b4ee (0x00005f17) auipc   t5, 0x5
core   0: 3 0x8000b4ee (0x00005f17) x30 0x800104ee
core   0: 0x8000b4f2 (0xb03f2923) sw      gp, -1262(t5)
core   0: 3 0x8000b4f2 (0xb03f2923) mem 0x80010000 0x00000001
core   0: 0x8000b4f6 (0x0000bfe5) c.j     pc - 8
core   0: 3 0x8000b4f6 (0xbfe5)
core   0: 0x8000b4ee (0x00005f17) auipc   t5, 0x5
core   0: 3 0x8000b4ee (0x00005f17) x30 0x800104ee
core   0: 0x8000b4f2 (0xb03f2923) sw      gp, -1262(t5)
core   0: 3 0x8000b4f2 (0xb03f2923) mem 0x80010000 0x00000001
core   0: 0x8000b4f6 (0x0000bfe5) c.j     pc - 8
core   0: 3 0x8000b4f6 (0xbfe5)
core   0: 0x8000b4ee (0x00005f17) auipc   t5, 0x5
core   0: 3 0x8000b4ee (0x00005f17) x30 0x800104ee
core   0: 0x8000b4f2 (0xb03f2923) sw      gp, -1262(t5)
core   0: 3 0x8000b4f2 (0xb03f2923) mem 0x80010000 0x00000001
core   0: 0x8000b4f6 (0x0000bfe5) c.j     pc - 8
core   0: 3 0x8000b4f6 (0xbfe5)
core   0: 0x8000b4ee (0x00005f17) auipc   t5, 0x5
core   0: 3 0x8000b4ee (0x00005f17) x30 0x800104ee
core   0: 0x8000b4f2 (0xb03f2923) sw      gp, -1262(t5)
core   0: 3 0x8000b4f2 (0xb03f2923) mem 0x80010000 0x00000001
core   0: 0x8000b4f6 (0x0000bfe5) c.j     pc - 8
core   0: 3 0x8000b4f6 (0xbfe5)
core   0: 0x8000b4ee (0x00005f17) auipc   t5, 0x5
core   0: 3 0x8000b4ee (0x00005f17) x30 0x800104ee
core   0: 0x8000b4f2 (0xb03f2923) sw      gp, -1262(t5)
core   0: 3 0x8000b4f2 (0xb03f2923) mem 0x80010000 0x00000001
core   0: 0x8000b4f6 (0x0000bfe5) c.j     pc - 8
core   0: 3 0x8000b4f6 (0xbfe5)
core   0: 0x8000b4ee (0x00005f17) auipc   t5, 0x5
core   0: 3 0x8000b4ee (0x00005f17) x30 0x800104ee
core   0: 0x8000b4f2 (0xb03f2923) sw      gp, -1262(t5)
core   0: 3 0x8000b4f2 (0xb03f2923) mem 0x80010000 0x00000001
core   0: 0x8000b4f6 (0x0000bfe5) c.j     pc - 8
core   0: 3 0x8000b4f6 (0xbfe5)
core   0: 0x8000b4ee (0x00005f17) auipc   t5, 0x5
core   0: 3 0x8000b4ee (0x00005f17) x30 0x800104ee
core   0: 0x8000b4f2 (0xb03f2923) sw      gp, -1262(t5)
core   0: 3 0x8000b4f2 (0xb03f2923) mem 0x80010000 0x00000001
core   0: 0x8000b4f6 (0x0000bfe5) c.j     pc - 8
core   0: 3 0x8000b4f6 (0xbfe5)
core   0: 0x8000b4ee (0x00005f17) auipc   t5, 0x5
core   0: 3 0x8000b4ee (0x00005f17) x30 0x800104ee
core   0: 0x8000b4f2 (0xb03f2923) sw      gp, -1262(t5)
core   0: 3 0x8000b4f2 (0xb03f2923) mem 0x80010000 0x00000001
core   0: 0x8000b4f6 (0x0000bfe5) c.j     pc - 8
core   0: 3 0x8000b4f6 (0xbfe5)
core   0: 0x8000b4ee (0x00005f17) auipc   t5, 0x5
core   0: 3 0x8000b4ee (0x00005f17) x30 0x800104ee
core   0: 0x8000b4f2 (0xb03f2923) sw      gp, -1262(t5)
core   0: 3 0x8000b4f2 (0xb03f2923) mem 0x80010000 0x00000001
core   0: 0x8000b4f6 (0x0000bfe5) c.j     pc - 8
core   0: 3 0x8000b4f6 (0xbfe5)
core   0: 0x8000b4ee (0x00005f17) auipc   t5, 0x5
core   0: 3 0x8000b4ee (0x00005f17) x30 0x800104ee
core   0: 0x8000b4f2 (0xb03f2923) sw      gp, -1262(t5)
core   0: 3 0x8000b4f2 (0xb03f2923) mem 0x80010000 0x00000001
core   0: 0x8000b4f6 (0x0000bfe5) c.j     pc - 8
core   0: 3 0x8000b4f6 (0xbfe5)
core   0: 0x8000b4ee (0x00005f17) auipc   t5, 0x5
core   0: 3 0x8000b4ee (0x00005f17) x30 0x800104ee
core   0: 0x8000b4f2 (0xb03f2923) sw      gp, -1262(t5)
core   0: 3 0x8000b4f2 (0xb03f2923) mem 0x80010000 0x00000001
core   0: 0x8000b4f6 (0x0000bfe5) c.j     pc - 8
core   0: 3 0x8000b4f6 (0xbfe5)
core   0: 0x8000b4ee (0x00005f17) auipc   t5, 0x5
core   0: 3 0x8000b4ee (0x00005f17) x30 0x800104ee
core   0: 0x8000b4f2 (0xb03f2923) sw      gp, -1262(t5)
core   0: 3 0x8000b4f2 (0xb03f2923) mem 0x80010000 0x00000001
core   0: 0x8000b4f6 (0x0000bfe5) c.j     pc - 8
core   0: 3 0x8000b4f6 (0xbfe5)
core   0: 0x8000b4ee (0x00005f17) auipc   t5, 0x5
core   0: 3 0x8000b4ee (0x00005f17) x30 0x800104ee
core   0: 0x8000b4f2 (0xb03f2923) sw      gp, -1262(t5)
core   0: 3 0x8000b4f2 (0xb03f2923) mem 0x80010000 0x00000001
core   0: 0x8000b4f6 (0x0000bfe5) c.j     pc - 8
core   0: 3 0x8000b4f6 (0xbfe5)
core   0: 0x8000b4ee (0x00005f17) auipc   t5, 0x5
core   0: 3 0x8000b4ee (0x00005f17) x30 0x800104ee
core   0: 0x8000b4f2 (0xb03f2923) sw      gp, -1262(t5)
core   0: 3 0x8000b4f2 (0xb03f2923) mem 0x80010000 0x00000001
core   0: 0x8000b4f6 (0x0000bfe5) c.j     pc - 8
core   0: 3 0x8000b4f6 (0xbfe5)
core   0: 0x8000b4ee (0x00005f17) auipc   t5, 0x5
core   0: 3 0x8000b4ee (0x00005f17) x30 0x800104ee
core   0: 0x8000b4f2 (0xb03f2923) sw      gp, -1262(t5)
core   0: 3 0x8000b4f2 (0xb03f2923) mem 0x80010000 0x00000001
core   0: 0x8000b4f6 (0x0000bfe5) c.j     pc - 8
core   0: 3 0x8000b4f6 (0xbfe5)
core   0: 0x8000b4ee (0x00005f17) auipc   t5, 0x5
core   0: 3 0x8000b4ee (0x00005f17) x30 0x800104ee
core   0: 0x8000b4f2 (0xb03f2923) sw      gp, -1262(t5)
core   0: 3 0x8000b4f2 (0xb03f2923) mem 0x80010000 0x00000001
core   0: 0x8000b4f6 (0x0000bfe5) c.j     pc - 8
core   0: 3 0x8000b4f6 (0xbfe5)
core   0: 0x8000b4ee (0x00005f17) auipc   t5, 0x5
core   0: 3 0x8000b4ee (0x00005f17) x30 0x800104ee
core   0: 0x8000b4f2 (0xb03f2923) sw      gp, -1262(t5)
core   0: 3 0x8000b4f2 (0xb03f2923) mem 0x80010000 0x00000001
core   0: 0x8000b4f6 (0x0000bfe5) c.j     pc - 8
core   0: 3 0x8000b4f6 (0xbfe5)
core   0: 0x8000b4ee (0x00005f17) auipc   t5, 0x5
core   0: 3 0x8000b4ee (0x00005f17) x30 0x800104ee
core   0: 0x8000b4f2 (0xb03f2923) sw      gp, -1262(t5)
core   0: 3 0x8000b4f2 (0xb03f2923) mem 0x80010000 0x00000001
core   0: 0x8000b4f6 (0x0000bfe5) c.j     pc - 8
core   0: 3 0x8000b4f6 (0xbfe5)
core   0: 0x8000b4ee (0x00005f17) auipc   t5, 0x5
core   0: 3 0x8000b4ee (0x00005f17) x30 0x800104ee
core   0: 0x8000b4f2 (0xb03f2923) sw      gp, -1262(t5)
core   0: 3 0x8000b4f2 (0xb03f2923) mem 0x80010000 0x00000001
core   0: 0x8000b4f6 (0x0000bfe5) c.j     pc - 8
core   0: 3 0x8000b4f6 (0xbfe5)
core   0: 0x8000b4ee (0x00005f17) auipc   t5, 0x5
core   0: 3 0x8000b4ee (0x00005f17) x30 0x800104ee
core   0: 0x8000b4f2 (0xb03f2923) sw      gp, -1262(t5)
core   0: 3 0x8000b4f2 (0xb03f2923) mem 0x80010000 0x00000001
core   0: 0x8000b4f6 (0x0000bfe5) c.j     pc - 8
core   0: 3 0x8000b4f6 (0xbfe5)
core   0: 0x8000b4ee (0x00005f17) auipc   t5, 0x5
core   0: 3 0x8000b4ee (0x00005f17) x30 0x800104ee
core   0: 0x8000b4f2 (0xb03f2923) sw      gp, -1262(t5)
core   0: 3 0x8000b4f2 (0xb03f2923) mem 0x80010000 0x00000001
core   0: 0x8000b4f6 (0x0000bfe5) c.j     pc - 8
core   0: 3 0x8000b4f6 (0xbfe5)
core   0: 0x8000b4ee (0x00005f17) auipc   t5, 0x5
core   0: 3 0x8000b4ee (0x00005f17) x30 0x800104ee
core   0: 0x8000b4f2 (0xb03f2923) sw      gp, -1262(t5)
core   0: 3 0x8000b4f2 (0xb03f2923) mem 0x80010000 0x00000001
core   0: 0x8000b4f6 (0x0000bfe5) c.j     pc - 8
core   0: 3 0x8000b4f6 (0xbfe5)
core   0: 0x8000b4ee (0x00005f17) auipc   t5, 0x5
core   0: 3 0x8000b4ee (0x00005f17) x30 0x800104ee
core   0: 0x8000b4f2 (0xb03f2923) sw      gp, -1262(t5)
core   0: 3 0x8000b4f2 (0xb03f2923) mem 0x80010000 0x00000001
core   0: 0x8000b4f6 (0x0000bfe5) c.j     pc - 8
core   0: 3 0x8000b4f6 (0xbfe5)
core   0: 0x8000b4ee (0x00005f17) auipc   t5, 0x5
core   0: 3 0x8000b4ee (0x00005f17) x30 0x800104ee
core   0: 0x8000b4f2 (0xb03f2923) sw      gp, -1262(t5)
core   0: 3 0x8000b4f2 (0xb03f2923) mem 0x80010000 0x00000001
core   0: 0x8000b4f6 (0x0000bfe5) c.j     pc - 8
core   0: 3 0x8000b4f6 (0xbfe5)
core   0: 0x8000b4ee (0x00005f17) auipc   t5, 0x5
core   0: 3 0x8000b4ee (0x00005f17) x30 0x800104ee
core   0: 0x8000b4f2 (0xb03f2923) sw      gp, -1262(t5)
core   0: 3 0x8000b4f2 (0xb03f2923) mem 0x80010000 0x00000001
core   0: 0x8000b4f6 (0x0000bfe5) c.j     pc - 8
core   0: 3 0x8000b4f6 (0xbfe5)
core   0: 0x8000b4ee (0x00005f17) auipc   t5, 0x5
core   0: 3 0x8000b4ee (0x00005f17) x30 0x800104ee
core   0: 0x8000b4f2 (0xb03f2923) sw      gp, -1262(t5)
core   0: 3 0x8000b4f2 (0xb03f2923) mem 0x80010000 0x00000001
core   0: 0x8000b4f6 (0x0000bfe5) c.j     pc - 8
core   0: 3 0x8000b4f6 (0xbfe5)
core   0: 0x8000b4ee (0x00005f17) auipc   t5, 0x5
core   0: 3 0x8000b4ee (0x00005f17) x30 0x800104ee
core   0: 0x8000b4f2 (0xb03f2923) sw      gp, -1262(t5)
core   0: 3 0x8000b4f2 (0xb03f2923) mem 0x80010000 0x00000001
core   0: 0x8000b4f6 (0x0000bfe5) c.j     pc - 8
core   0: 3 0x8000b4f6 (0xbfe5)
core   0: 0x8000b4ee (0x00005f17) auipc   t5, 0x5
core   0: 3 0x8000b4ee (0x00005f17) x30 0x800104ee
core   0: 0x8000b4f2 (0xb03f2923) sw      gp, -1262(t5)
core   0: 3 0x8000b4f2 (0xb03f2923) mem 0x80010000 0x00000001
core   0: 0x8000b4f6 (0x0000bfe5) c.j     pc - 8
core   0: 3 0x8000b4f6 (0xbfe5)
core   0: 0x8000b4ee (0x00005f17) auipc   t5, 0x5
core   0: 3 0x8000b4ee (0x00005f17) x30 0x800104ee
core   0: 0x8000b4f2 (0xb03f2923) sw      gp, -1262(t5)
core   0: 3 0x8000b4f2 (0xb03f2923) mem 0x80010000 0x00000001
core   0: 0x8000b4f6 (0x0000bfe5) c.j     pc - 8
core   0: 3 0x8000b4f6 (0xbfe5)
core   0: 0x8000b4ee (0x00005f17) auipc   t5, 0x5
core   0: 3 0x8000b4ee (0x00005f17) x30 0x800104ee
core   0: 0x8000b4f2 (0xb03f2923) sw      gp, -1262(t5)
core   0: 3 0x8000b4f2 (0xb03f2923) mem 0x80010000 0x00000001
core   0: 0x8000b4f6 (0x0000bfe5) c.j     pc - 8
core   0: 3 0x8000b4f6 (0xbfe5)
core   0: 0x8000b4ee (0x00005f17) auipc   t5, 0x5
core   0: 3 0x8000b4ee (0x00005f17) x30 0x800104ee
core   0: 0x8000b4f2 (0xb03f2923) sw      gp, -1262(t5)
core   0: 3 0x8000b4f2 (0xb03f2923) mem 0x80010000 0x00000001
core   0: 0x8000b4f6 (0x0000bfe5) c.j     pc - 8
core   0: 3 0x8000b4f6 (0xbfe5)
core   0: 0x8000b4ee (0x00005f17) auipc   t5, 0x5
core   0: 3 0x8000b4ee (0x00005f17) x30 0x800104ee
core   0: 0x8000b4f2 (0xb03f2923) sw      gp, -1262(t5)
core   0: 3 0x8000b4f2 (0xb03f2923) mem 0x80010000 0x00000001
core   0: 0x8000b4f6 (0x0000bfe5) c.j     pc - 8
core   0: 3 0x8000b4f6 (0xbfe5)
core   0: 0x8000b4ee (0x00005f17) auipc   t5, 0x5
core   0: 3 0x8000b4ee (0x00005f17) x30 0x800104ee
core   0: 0x8000b4f2 (0xb03f2923) sw      gp, -1262(t5)
core   0: 3 0x8000b4f2 (0xb03f2923) mem 0x80010000 0x00000001
core   0: 0x8000b4f6 (0x0000bfe5) c.j     pc - 8
core   0: 3 0x8000b4f6 (0xbfe5)
core   0: 0x8000b4ee (0x00005f17) auipc   t5, 0x5
core   0: 3 0x8000b4ee (0x00005f17) x30 0x800104ee
core   0: 0x8000b4f2 (0xb03f2923) sw      gp, -1262(t5)
core   0: 3 0x8000b4f2 (0xb03f2923) mem 0x80010000 0x00000001
core   0: 0x8000b4f6 (0x0000bfe5) c.j     pc - 8
core   0: 3 0x8000b4f6 (0xbfe5)
core   0: 0x8000b4ee (0x00005f17) auipc   t5, 0x5
core   0: 3 0x8000b4ee (0x00005f17) x30 0x800104ee
core   0: 0x8000b4f2 (0xb03f2923) sw      gp, -1262(t5)
core   0: 3 0x8000b4f2 (0xb03f2923) mem 0x80010000 0x00000001
core   0: 0x8000b4f6 (0x0000bfe5) c.j     pc - 8
core   0: 3 0x8000b4f6 (0xbfe5)
core   0: 0x8000b4ee (0x00005f17) auipc   t5, 0x5
core   0: 3 0x8000b4ee (0x00005f17) x30 0x800104ee
core   0: 0x8000b4f2 (0xb03f2923) sw      gp, -1262(t5)
core   0: 3 0x8000b4f2 (0xb03f2923) mem 0x80010000 0x00000001
core   0: 0x8000b4f6 (0x0000bfe5) c.j     pc - 8
core   0: 3 0x8000b4f6 (0xbfe5)
core   0: 0x8000b4ee (0x00005f17) auipc   t5, 0x5
core   0: 3 0x8000b4ee (0x00005f17) x30 0x800104ee
core   0: 0x8000b4f2 (0xb03f2923) sw      gp, -1262(t5)
core   0: 3 0x8000b4f2 (0xb03f2923) mem 0x80010000 0x00000001
core   0: 0x8000b4f6 (0x0000bfe5) c.j     pc - 8
core   0: 3 0x8000b4f6 (0xbfe5)
core   0: 0x8000b4ee (0x00005f17) auipc   t5, 0x5
core   0: 3 0x8000b4ee (0x00005f17) x30 0x800104ee
core   0: 0x8000b4f2 (0xb03f2923) sw      gp, -1262(t5)
core   0: 3 0x8000b4f2 (0xb03f2923) mem 0x80010000 0x00000001
core   0: 0x8000b4f6 (0x0000bfe5) c.j     pc - 8
core   0: 3 0x8000b4f6 (0xbfe5)
core   0: 0x8000b4ee (0x00005f17) auipc   t5, 0x5
core   0: 3 0x8000b4ee (0x00005f17) x30 0x800104ee
core   0: 0x8000b4f2 (0xb03f2923) sw      gp, -1262(t5)
core   0: 3 0x8000b4f2 (0xb03f2923) mem 0x80010000 0x00000001
core   0: 0x8000b4f6 (0x0000bfe5) c.j     pc - 8
core   0: 3 0x8000b4f6 (0xbfe5)
core   0: 0x8000b4ee (0x00005f17) auipc   t5, 0x5
core   0: 3 0x8000b4ee (0x00005f17) x30 0x800104ee
core   0: 0x8000b4f2 (0xb03f2923) sw      gp, -1262(t5)
core   0: 3 0x8000b4f2 (0xb03f2923) mem 0x80010000 0x00000001
core   0: 0x8000b4f6 (0x0000bfe5) c.j     pc - 8
core   0: 3 0x8000b4f6 (0xbfe5)
core   0: 0x8000b4ee (0x00005f17) auipc   t5, 0x5
core   0: 3 0x8000b4ee (0x00005f17) x30 0x800104ee
core   0: 0x8000b4f2 (0xb03f2923) sw      gp, -1262(t5)
core   0: 3 0x8000b4f2 (0xb03f2923) mem 0x80010000 0x00000001
core   0: 0x8000b4f6 (0x0000bfe5) c.j     pc - 8
core   0: 3 0x8000b4f6 (0xbfe5)
core   0: 0x8000b4ee (0x00005f17) auipc   t5, 0x5
core   0: 3 0x8000b4ee (0x00005f17) x30 0x800104ee
core   0: 0x8000b4f2 (0xb03f2923) sw      gp, -1262(t5)
core   0: 3 0x8000b4f2 (0xb03f2923) mem 0x80010000 0x00000001
core   0: 0x8000b4f6 (0x0000bfe5) c.j     pc - 8
core   0: 3 0x8000b4f6 (0xbfe5)
core   0: 0x8000b4ee (0x00005f17) auipc   t5, 0x5
core   0: 3 0x8000b4ee (0x00005f17) x30 0x800104ee
core   0: 0x8000b4f2 (0xb03f2923) sw      gp, -1262(t5)
core   0: 3 0x8000b4f2 (0xb03f2923) mem 0x80010000 0x00000001
core   0: 0x8000b4f6 (0x0000bfe5) c.j     pc - 8
core   0: 3 0x8000b4f6 (0xbfe5)
core   0: 0x8000b4ee (0x00005f17) auipc   t5, 0x5
core   0: 3 0x8000b4ee (0x00005f17) x30 0x800104ee
core   0: 0x8000b4f2 (0xb03f2923) sw      gp, -1262(t5)
core   0: 3 0x8000b4f2 (0xb03f2923) mem 0x80010000 0x00000001
core   0: 0x8000b4f6 (0x0000bfe5) c.j     pc - 8
core   0: 3 0x8000b4f6 (0xbfe5)
core   0: 0x8000b4ee (0x00005f17) auipc   t5, 0x5
core   0: 3 0x8000b4ee (0x00005f17) x30 0x800104ee
core   0: 0x8000b4f2 (0xb03f2923) sw      gp, -1262(t5)
core   0: 3 0x8000b4f2 (0xb03f2923) mem 0x80010000 0x00000001
core   0: 0x8000b4f6 (0x0000bfe5) c.j     pc - 8
core   0: 3 0x8000b4f6 (0xbfe5)
core   0: 0x8000b4ee (0x00005f17) auipc   t5, 0x5
core   0: 3 0x8000b4ee (0x00005f17) x30 0x800104ee
core   0: 0x8000b4f2 (0xb03f2923) sw      gp, -1262(t5)
core   0: 3 0x8000b4f2 (0xb03f2923) mem 0x80010000 0x00000001
core   0: 0x8000b4f6 (0x0000bfe5) c.j     pc - 8
core   0: 3 0x8000b4f6 (0xbfe5)
core   0: 0x8000b4ee (0x00005f17) auipc   t5, 0x5
core   0: 3 0x8000b4ee (0x00005f17) x30 0x800104ee
core   0: 0x8000b4f2 (0xb03f2923) sw      gp, -1262(t5)
core   0: 3 0x8000b4f2 (0xb03f2923) mem 0x80010000 0x00000001
core   0: 0x8000b4f6 (0x0000bfe5) c.j     pc - 8
core   0: 3 0x8000b4f6 (0xbfe5)
core   0: 0x8000b4ee (0x00005f17) auipc   t5, 0x5
core   0: 3 0x8000b4ee (0x00005f17) x30 0x800104ee
core   0: 0x8000b4f2 (0xb03f2923) sw      gp, -1262(t5)
core   0: 3 0x8000b4f2 (0xb03f2923) mem 0x80010000 0x00000001
core   0: 0x8000b4f6 (0x0000bfe5) c.j     pc - 8
core   0: 3 0x8000b4f6 (0xbfe5)
core   0: 0x8000b4ee (0x00005f17) auipc   t5, 0x5
core   0: 3 0x8000b4ee (0x00005f17) x30 0x800104ee
core   0: 0x8000b4f2 (0xb03f2923) sw      gp, -1262(t5)
core   0: 3 0x8000b4f2 (0xb03f2923) mem 0x80010000 0x00000001
core   0: 0x8000b4f6 (0x0000bfe5) c.j     pc - 8
core   0: 3 0x8000b4f6 (0xbfe5)
core   0: 0x8000b4ee (0x00005f17) auipc   t5, 0x5
core   0: 3 0x8000b4ee (0x00005f17) x30 0x800104ee
core   0: 0x8000b4f2 (0xb03f2923) sw      gp, -1262(t5)
core   0: 3 0x8000b4f2 (0xb03f2923) mem 0x80010000 0x00000001
core   0: 0x8000b4f6 (0x0000bfe5) c.j     pc - 8
core   0: 3 0x8000b4f6 (0xbfe5)
core   0: 0x8000b4ee (0x00005f17) auipc   t5, 0x5
core   0: 3 0x8000b4ee (0x00005f17) x30 0x800104ee
core   0: 0x8000b4f2 (0xb03f2923) sw      gp, -1262(t5)
core   0: 3 0x8000b4f2 (0xb03f2923) mem 0x80010000 0x00000001
core   0: 0x8000b4f6 (0x0000bfe5) c.j     pc - 8
core   0: 3 0x8000b4f6 (0xbfe5)
core   0: 0x8000b4ee (0x00005f17) auipc   t5, 0x5
core   0: 3 0x8000b4ee (0x00005f17) x30 0x800104ee
core   0: 0x8000b4f2 (0xb03f2923) sw      gp, -1262(t5)
core   0: 3 0x8000b4f2 (0xb03f2923) mem 0x80010000 0x00000001
core   0: 0x8000b4f6 (0x0000bfe5) c.j     pc - 8
core   0: 3 0x8000b4f6 (0xbfe5)
core   0: 0x8000b4ee (0x00005f17) auipc   t5, 0x5
core   0: 3 0x8000b4ee (0x00005f17) x30 0x800104ee
core   0: 0x8000b4f2 (0xb03f2923) sw      gp, -1262(t5)
core   0: 3 0x8000b4f2 (0xb03f2923) mem 0x80010000 0x00000001
core   0: 0x8000b4f6 (0x0000bfe5) c.j     pc - 8
core   0: 3 0x8000b4f6 (0xbfe5)
core   0: 0x8000b4ee (0x00005f17) auipc   t5, 0x5
core   0: 3 0x8000b4ee (0x00005f17) x30 0x800104ee
core   0: 0x8000b4f2 (0xb03f2923) sw      gp, -1262(t5)
core   0: 3 0x8000b4f2 (0xb03f2923) mem 0x80010000 0x00000001
core   0: 0x8000b4f6 (0x0000bfe5) c.j     pc - 8
core   0: 3 0x8000b4f6 (0xbfe5)
core   0: 0x8000b4ee (0x00005f17) auipc   t5, 0x5
core   0: 3 0x8000b4ee (0x00005f17) x30 0x800104ee
core   0: 0x8000b4f2 (0xb03f2923) sw      gp, -1262(t5)
core   0: 3 0x8000b4f2 (0xb03f2923) mem 0x80010000 0x00000001
core   0: 0x8000b4f6 (0x0000bfe5) c.j     pc - 8
core   0: 3 0x8000b4f6 (0xbfe5)
core   0: 0x8000b4ee (0x00005f17) auipc   t5, 0x5
core   0: 3 0x8000b4ee (0x00005f17) x30 0x800104ee
core   0: 0x8000b4f2 (0xb03f2923) sw      gp, -1262(t5)
core   0: 3 0x8000b4f2 (0xb03f2923) mem 0x80010000 0x00000001
core   0: 0x8000b4f6 (0x0000bfe5) c.j     pc - 8
core   0: 3 0x8000b4f6 (0xbfe5)
core   0: 0x8000b4ee (0x00005f17) auipc   t5, 0x5
core   0: 3 0x8000b4ee (0x00005f17) x30 0x800104ee
core   0: 0x8000b4f2 (0xb03f2923) sw      gp, -1262(t5)
core   0: 3 0x8000b4f2 (0xb03f2923) mem 0x80010000 0x00000001
core   0: 0x8000b4f6 (0x0000bfe5) c.j     pc - 8
core   0: 3 0x8000b4f6 (0xbfe5)
core   0: 0x8000b4ee (0x00005f17) auipc   t5, 0x5
core   0: 3 0x8000b4ee (0x00005f17) x30 0x800104ee
core   0: 0x8000b4f2 (0xb03f2923) sw      gp, -1262(t5)
core   0: 3 0x8000b4f2 (0xb03f2923) mem 0x80010000 0x00000001
core   0: 0x8000b4f6 (0x0000bfe5) c.j     pc - 8
core   0: 3 0x8000b4f6 (0xbfe5)
core   0: 0x8000b4ee (0x00005f17) auipc   t5, 0x5
core   0: 3 0x8000b4ee (0x00005f17) x30 0x800104ee
core   0: 0x8000b4f2 (0xb03f2923) sw      gp, -1262(t5)
core   0: 3 0x8000b4f2 (0xb03f2923) mem 0x80010000 0x00000001
core   0: 0x8000b4f6 (0x0000bfe5) c.j     pc - 8
core   0: 3 0x8000b4f6 (0xbfe5)
core   0: 0x8000b4ee (0x00005f17) auipc   t5, 0x5
core   0: 3 0x8000b4ee (0x00005f17) x30 0x800104ee
core   0: 0x8000b4f2 (0xb03f2923) sw      gp, -1262(t5)
core   0: 3 0x8000b4f2 (0xb03f2923) mem 0x80010000 0x00000001
core   0: 0x8000b4f6 (0x0000bfe5) c.j     pc - 8
core   0: 3 0x8000b4f6 (0xbfe5)
core   0: 0x8000b4ee (0x00005f17) auipc   t5, 0x5
core   0: 3 0x8000b4ee (0x00005f17) x30 0x800104ee
core   0: 0x8000b4f2 (0xb03f2923) sw      gp, -1262(t5)
core   0: 3 0x8000b4f2 (0xb03f2923) mem 0x80010000 0x00000001
core   0: 0x8000b4f6 (0x0000bfe5) c.j     pc - 8
core   0: 3 0x8000b4f6 (0xbfe5)
core   0: 0x8000b4ee (0x00005f17) auipc   t5, 0x5
core   0: 3 0x8000b4ee (0x00005f17) x30 0x800104ee
core   0: 0x8000b4f2 (0xb03f2923) sw      gp, -1262(t5)
core   0: 3 0x8000b4f2 (0xb03f2923) mem 0x80010000 0x00000001
core   0: 0x8000b4f6 (0x0000bfe5) c.j     pc - 8
core   0: 3 0x8000b4f6 (0xbfe5)
core   0: 0x8000b4ee (0x00005f17) auipc   t5, 0x5
core   0: 3 0x8000b4ee (0x00005f17) x30 0x800104ee
core   0: 0x8000b4f2 (0xb03f2923) sw      gp, -1262(t5)
core   0: 3 0x8000b4f2 (0xb03f2923) mem 0x80010000 0x00000001
core   0: 0x8000b4f6 (0x0000bfe5) c.j     pc - 8
core   0: 3 0x8000b4f6 (0xbfe5)
core   0: 0x8000b4ee (0x00005f17) auipc   t5, 0x5
core   0: 3 0x8000b4ee (0x00005f17) x30 0x800104ee
core   0: 0x8000b4f2 (0xb03f2923) sw      gp, -1262(t5)
core   0: 3 0x8000b4f2 (0xb03f2923) mem 0x80010000 0x00000001
core   0: 0x8000b4f6 (0x0000bfe5) c.j     pc - 8
core   0: 3 0x8000b4f6 (0xbfe5)
core   0: 0x8000b4ee (0x00005f17) auipc   t5, 0x5
core   0: 3 0x8000b4ee (0x00005f17) x30 0x800104ee
core   0: 0x8000b4f2 (0xb03f2923) sw      gp, -1262(t5)
core   0: 3 0x8000b4f2 (0xb03f2923) mem 0x80010000 0x00000001
core   0: 0x8000b4f6 (0x0000bfe5) c.j     pc - 8
core   0: 3 0x8000b4f6 (0xbfe5)
core   0: 0x8000b4ee (0x00005f17) auipc   t5, 0x5
core   0: 3 0x8000b4ee (0x00005f17) x30 0x800104ee
core   0: 0x8000b4f2 (0xb03f2923) sw      gp, -1262(t5)
core   0: 3 0x8000b4f2 (0xb03f2923) mem 0x80010000 0x00000001
core   0: 0x8000b4f6 (0x0000bfe5) c.j     pc - 8
core   0: 3 0x8000b4f6 (0xbfe5)
core   0: 0x8000b4ee (0x00005f17) auipc   t5, 0x5
core   0: 3 0x8000b4ee (0x00005f17) x30 0x800104ee
core   0: 0x8000b4f2 (0xb03f2923) sw      gp, -1262(t5)
core   0: 3 0x8000b4f2 (0xb03f2923) mem 0x80010000 0x00000001
core   0: 0x8000b4f6 (0x0000bfe5) c.j     pc - 8
core   0: 3 0x8000b4f6 (0xbfe5)
core   0: 0x8000b4ee (0x00005f17) auipc   t5, 0x5
core   0: 3 0x8000b4ee (0x00005f17) x30 0x800104ee
core   0: 0x8000b4f2 (0xb03f2923) sw      gp, -1262(t5)
core   0: 3 0x8000b4f2 (0xb03f2923) mem 0x80010000 0x00000001
core   0: 0x8000b4f6 (0x0000bfe5) c.j     pc - 8
core   0: 3 0x8000b4f6 (0xbfe5)
core   0: 0x8000b4ee (0x00005f17) auipc   t5, 0x5
core   0: 3 0x8000b4ee (0x00005f17) x30 0x800104ee
core   0: 0x8000b4f2 (0xb03f2923) sw      gp, -1262(t5)
core   0: 3 0x8000b4f2 (0xb03f2923) mem 0x80010000 0x00000001
core   0: 0x8000b4f6 (0x0000bfe5) c.j     pc - 8
core   0: 3 0x8000b4f6 (0xbfe5)
core   0: 0x8000b4ee (0x00005f17) auipc   t5, 0x5
core   0: 3 0x8000b4ee (0x00005f17) x30 0x800104ee
core   0: 0x8000b4f2 (0xb03f2923) sw      gp, -1262(t5)
core   0: 3 0x8000b4f2 (0xb03f2923) mem 0x80010000 0x00000001
core   0: 0x8000b4f6 (0x0000bfe5) c.j     pc - 8
core   0: 3 0x8000b4f6 (0xbfe5)
core   0: 0x8000b4ee (0x00005f17) auipc   t5, 0x5
core   0: 3 0x8000b4ee (0x00005f17) x30 0x800104ee
core   0: 0x8000b4f2 (0xb03f2923) sw      gp, -1262(t5)
core   0: 3 0x8000b4f2 (0xb03f2923) mem 0x80010000 0x00000001
core   0: 0x8000b4f6 (0x0000bfe5) c.j     pc - 8
core   0: 3 0x8000b4f6 (0xbfe5)
core   0: 0x8000b4ee (0x00005f17) auipc   t5, 0x5
core   0: 3 0x8000b4ee (0x00005f17) x30 0x800104ee
core   0: 0x8000b4f2 (0xb03f2923) sw      gp, -1262(t5)
core   0: 3 0x8000b4f2 (0xb03f2923) mem 0x80010000 0x00000001
core   0: 0x8000b4f6 (0x0000bfe5) c.j     pc - 8
core   0: 3 0x8000b4f6 (0xbfe5)
core   0: 0x8000b4ee (0x00005f17) auipc   t5, 0x5
core   0: 3 0x8000b4ee (0x00005f17) x30 0x800104ee
core   0: 0x8000b4f2 (0xb03f2923) sw      gp, -1262(t5)
core   0: 3 0x8000b4f2 (0xb03f2923) mem 0x80010000 0x00000001
core   0: 0x8000b4f6 (0x0000bfe5) c.j     pc - 8
core   0: 3 0x8000b4f6 (0xbfe5)
core   0: 0x8000b4ee (0x00005f17) auipc   t5, 0x5
core   0: 3 0x8000b4ee (0x00005f17) x30 0x800104ee
core   0: 0x8000b4f2 (0xb03f2923) sw      gp, -1262(t5)
core   0: 3 0x8000b4f2 (0xb03f2923) mem 0x80010000 0x00000001
core   0: 0x8000b4f6 (0x0000bfe5) c.j     pc - 8
core   0: 3 0x8000b4f6 (0xbfe5)
core   0: 0x8000b4ee (0x00005f17) auipc   t5, 0x5
core   0: 3 0x8000b4ee (0x00005f17) x30 0x800104ee
core   0: 0x8000b4f2 (0xb03f2923) sw      gp, -1262(t5)
core   0: 3 0x8000b4f2 (0xb03f2923) mem 0x80010000 0x00000001
core   0: 0x8000b4f6 (0x0000bfe5) c.j     pc - 8
core   0: 3 0x8000b4f6 (0xbfe5)
core   0: 0x8000b4ee (0x00005f17) auipc   t5, 0x5
core   0: 3 0x8000b4ee (0x00005f17) x30 0x800104ee
core   0: 0x8000b4f2 (0xb03f2923) sw      gp, -1262(t5)
core   0: 3 0x8000b4f2 (0xb03f2923) mem 0x80010000 0x00000001
core   0: 0x8000b4f6 (0x0000bfe5) c.j     pc - 8
core   0: 3 0x8000b4f6 (0xbfe5)
core   0: 0x8000b4ee (0x00005f17) auipc   t5, 0x5
core   0: 3 0x8000b4ee (0x00005f17) x30 0x800104ee
core   0: 0x8000b4f2 (0xb03f2923) sw      gp, -1262(t5)
core   0: 3 0x8000b4f2 (0xb03f2923) mem 0x80010000 0x00000001
core   0: 0x8000b4f6 (0x0000bfe5) c.j     pc - 8
core   0: 3 0x8000b4f6 (0xbfe5)
core   0: 0x8000b4ee (0x00005f17) auipc   t5, 0x5
core   0: 3 0x8000b4ee (0x00005f17) x30 0x800104ee
core   0: 0x8000b4f2 (0xb03f2923) sw      gp, -1262(t5)
core   0: 3 0x8000b4f2 (0xb03f2923) mem 0x80010000 0x00000001
core   0: 0x8000b4f6 (0x0000bfe5) c.j     pc - 8
core   0: 3 0x8000b4f6 (0xbfe5)
core   0: 0x8000b4ee (0x00005f17) auipc   t5, 0x5
core   0: 3 0x8000b4ee (0x00005f17) x30 0x800104ee
core   0: 0x8000b4f2 (0xb03f2923) sw      gp, -1262(t5)
core   0: 3 0x8000b4f2 (0xb03f2923) mem 0x80010000 0x00000001
core   0: 0x8000b4f6 (0x0000bfe5) c.j     pc - 8
core   0: 3 0x8000b4f6 (0xbfe5)
core   0: 0x8000b4ee (0x00005f17) auipc   t5, 0x5
core   0: 3 0x8000b4ee (0x00005f17) x30 0x800104ee
core   0: 0x8000b4f2 (0xb03f2923) sw      gp, -1262(t5)
core   0: 3 0x8000b4f2 (0xb03f2923) mem 0x80010000 0x00000001
core   0: 0x8000b4f6 (0x0000bfe5) c.j     pc - 8
core   0: 3 0x8000b4f6 (0xbfe5)
core   0: 0x8000b4ee (0x00005f17) auipc   t5, 0x5
core   0: 3 0x8000b4ee (0x00005f17) x30 0x800104ee
core   0: 0x8000b4f2 (0xb03f2923) sw      gp, -1262(t5)
core   0: 3 0x8000b4f2 (0xb03f2923) mem 0x80010000 0x00000001
core   0: 0x8000b4f6 (0x0000bfe5) c.j     pc - 8
core   0: 3 0x8000b4f6 (0xbfe5)
core   0: 0x8000b4ee (0x00005f17) auipc   t5, 0x5
core   0: 3 0x8000b4ee (0x00005f17) x30 0x800104ee
core   0: 0x8000b4f2 (0xb03f2923) sw      gp, -1262(t5)
core   0: 3 0x8000b4f2 (0xb03f2923) mem 0x80010000 0x00000001
core   0: 0x8000b4f6 (0x0000bfe5) c.j     pc - 8
core   0: 3 0x8000b4f6 (0xbfe5)
core   0: 0x8000b4ee (0x00005f17) auipc   t5, 0x5
core   0: 3 0x8000b4ee (0x00005f17) x30 0x800104ee
core   0: 0x8000b4f2 (0xb03f2923) sw      gp, -1262(t5)
core   0: 3 0x8000b4f2 (0xb03f2923) mem 0x80010000 0x00000001
core   0: 0x8000b4f6 (0x0000bfe5) c.j     pc - 8
core   0: 3 0x8000b4f6 (0xbfe5)
core   0: 0x8000b4ee (0x00005f17) auipc   t5, 0x5
core   0: 3 0x8000b4ee (0x00005f17) x30 0x800104ee
core   0: 0x8000b4f2 (0xb03f2923) sw      gp, -1262(t5)
core   0: 3 0x8000b4f2 (0xb03f2923) mem 0x80010000 0x00000001
core   0: 0x8000b4f6 (0x0000bfe5) c.j     pc - 8
core   0: 3 0x8000b4f6 (0xbfe5)
core   0: 0x8000b4ee (0x00005f17) auipc   t5, 0x5
core   0: 3 0x8000b4ee (0x00005f17) x30 0x800104ee
core   0: 0x8000b4f2 (0xb03f2923) sw      gp, -1262(t5)
core   0: 3 0x8000b4f2 (0xb03f2923) mem 0x80010000 0x00000001
core   0: 0x8000b4f6 (0x0000bfe5) c.j     pc - 8
core   0: 3 0x8000b4f6 (0xbfe5)
core   0: 0x8000b4ee (0x00005f17) auipc   t5, 0x5
core   0: 3 0x8000b4ee (0x00005f17) x30 0x800104ee
core   0: 0x8000b4f2 (0xb03f2923) sw      gp, -1262(t5)
core   0: 3 0x8000b4f2 (0xb03f2923) mem 0x80010000 0x00000001
core   0: 0x8000b4f6 (0x0000bfe5) c.j     pc - 8
core   0: 3 0x8000b4f6 (0xbfe5)
core   0: 0x8000b4ee (0x00005f17) auipc   t5, 0x5
core   0: 3 0x8000b4ee (0x00005f17) x30 0x800104ee
core   0: 0x8000b4f2 (0xb03f2923) sw      gp, -1262(t5)
core   0: 3 0x8000b4f2 (0xb03f2923) mem 0x80010000 0x00000001
core   0: 0x8000b4f6 (0x0000bfe5) c.j     pc - 8
core   0: 3 0x8000b4f6 (0xbfe5)
core   0: 0x8000b4ee (0x00005f17) auipc   t5, 0x5
core   0: 3 0x8000b4ee (0x00005f17) x30 0x800104ee
core   0: 0x8000b4f2 (0xb03f2923) sw      gp, -1262(t5)
core   0: 3 0x8000b4f2 (0xb03f2923) mem 0x80010000 0x00000001
core   0: 0x8000b4f6 (0x0000bfe5) c.j     pc - 8
core   0: 3 0x8000b4f6 (0xbfe5)
core   0: 0x8000b4ee (0x00005f17) auipc   t5, 0x5
core   0: 3 0x8000b4ee (0x00005f17) x30 0x800104ee
core   0: 0x8000b4f2 (0xb03f2923) sw      gp, -1262(t5)
core   0: 3 0x8000b4f2 (0xb03f2923) mem 0x80010000 0x00000001
core   0: 0x8000b4f6 (0x0000bfe5) c.j     pc - 8
core   0: 3 0x8000b4f6 (0xbfe5)
core   0: 0x8000b4ee (0x00005f17) auipc   t5, 0x5
core   0: 3 0x8000b4ee (0x00005f17) x30 0x800104ee
core   0: 0x8000b4f2 (0xb03f2923) sw      gp, -1262(t5)
core   0: 3 0x8000b4f2 (0xb03f2923) mem 0x80010000 0x00000001
core   0: 0x8000b4f6 (0x0000bfe5) c.j     pc - 8
core   0: 3 0x8000b4f6 (0xbfe5)
core   0: 0x8000b4ee (0x00005f17) auipc   t5, 0x5
core   0: 3 0x8000b4ee (0x00005f17) x30 0x800104ee
core   0: 0x8000b4f2 (0xb03f2923) sw      gp, -1262(t5)
core   0: 3 0x8000b4f2 (0xb03f2923) mem 0x80010000 0x00000001
core   0: 0x8000b4f6 (0x0000bfe5) c.j     pc - 8
core   0: 3 0x8000b4f6 (0xbfe5)
core   0: 0x8000b4ee (0x00005f17) auipc   t5, 0x5
core   0: 3 0x8000b4ee (0x00005f17) x30 0x800104ee
core   0: 0x8000b4f2 (0xb03f2923) sw      gp, -1262(t5)
core   0: 3 0x8000b4f2 (0xb03f2923) mem 0x80010000 0x00000001
core   0: 0x8000b4f6 (0x0000bfe5) c.j     pc - 8
core   0: 3 0x8000b4f6 (0xbfe5)
core   0: 0x8000b4ee (0x00005f17) auipc   t5, 0x5
core   0: 3 0x8000b4ee (0x00005f17) x30 0x800104ee
core   0: 0x8000b4f2 (0xb03f2923) sw      gp, -1262(t5)
core   0: 3 0x8000b4f2 (0xb03f2923) mem 0x80010000 0x00000001
core   0: 0x8000b4f6 (0x0000bfe5) c.j     pc - 8
core   0: 3 0x8000b4f6 (0xbfe5)
core   0: 0x8000b4ee (0x00005f17) auipc   t5, 0x5
core   0: 3 0x8000b4ee (0x00005f17) x30 0x800104ee
core   0: 0x8000b4f2 (0xb03f2923) sw      gp, -1262(t5)
core   0: 3 0x8000b4f2 (0xb03f2923) mem 0x80010000 0x00000001
core   0: 0x8000b4f6 (0x0000bfe5) c.j     pc - 8
core   0: 3 0x8000b4f6 (0xbfe5)
core   0: 0x8000b4ee (0x00005f17) auipc   t5, 0x5
core   0: 3 0x8000b4ee (0x00005f17) x30 0x800104ee
core   0: 0x8000b4f2 (0xb03f2923) sw      gp, -1262(t5)
core   0: 3 0x8000b4f2 (0xb03f2923) mem 0x80010000 0x00000001
core   0: 0x8000b4f6 (0x0000bfe5) c.j     pc - 8
core   0: 3 0x8000b4f6 (0xbfe5)
core   0: 0x8000b4ee (0x00005f17) auipc   t5, 0x5
core   0: 3 0x8000b4ee (0x00005f17) x30 0x800104ee
core   0: 0x8000b4f2 (0xb03f2923) sw      gp, -1262(t5)
core   0: 3 0x8000b4f2 (0xb03f2923) mem 0x80010000 0x00000001
core   0: 0x8000b4f6 (0x0000bfe5) c.j     pc - 8
core   0: 3 0x8000b4f6 (0xbfe5)
core   0: 0x8000b4ee (0x00005f17) auipc   t5, 0x5
core   0: 3 0x8000b4ee (0x00005f17) x30 0x800104ee
core   0: 0x8000b4f2 (0xb03f2923) sw      gp, -1262(t5)
core   0: 3 0x8000b4f2 (0xb03f2923) mem 0x80010000 0x00000001
core   0: 0x8000b4f6 (0x0000bfe5) c.j     pc - 8
core   0: 3 0x8000b4f6 (0xbfe5)
core   0: 0x8000b4ee (0x00005f17) auipc   t5, 0x5
core   0: 3 0x8000b4ee (0x00005f17) x30 0x800104ee
core   0: 0x8000b4f2 (0xb03f2923) sw      gp, -1262(t5)
core   0: 3 0x8000b4f2 (0xb03f2923) mem 0x80010000 0x00000001
core   0: 0x8000b4f6 (0x0000bfe5) c.j     pc - 8
core   0: 3 0x8000b4f6 (0xbfe5)
core   0: 0x8000b4ee (0x00005f17) auipc   t5, 0x5
core   0: 3 0x8000b4ee (0x00005f17) x30 0x800104ee
core   0: 0x8000b4f2 (0xb03f2923) sw      gp, -1262(t5)
core   0: 3 0x8000b4f2 (0xb03f2923) mem 0x80010000 0x00000001
core   0: 0x8000b4f6 (0x0000bfe5) c.j     pc - 8
core   0: 3 0x8000b4f6 (0xbfe5)
core   0: 0x8000b4ee (0x00005f17) auipc   t5, 0x5
core   0: 3 0x8000b4ee (0x00005f17) x30 0x800104ee
core   0: 0x8000b4f2 (0xb03f2923) sw      gp, -1262(t5)
core   0: 3 0x8000b4f2 (0xb03f2923) mem 0x80010000 0x00000001
core   0: 0x8000b4f6 (0x0000bfe5) c.j     pc - 8
core   0: 3 0x8000b4f6 (0xbfe5)
core   0: 0x8000b4ee (0x00005f17) auipc   t5, 0x5
core   0: 3 0x8000b4ee (0x00005f17) x30 0x800104ee
core   0: 0x8000b4f2 (0xb03f2923) sw      gp, -1262(t5)
core   0: 3 0x8000b4f2 (0xb03f2923) mem 0x80010000 0x00000001
core   0: 0x8000b4f6 (0x0000bfe5) c.j     pc - 8
core   0: 3 0x8000b4f6 (0xbfe5)
core   0: 0x8000b4ee (0x00005f17) auipc   t5, 0x5
core   0: 3 0x8000b4ee (0x00005f17) x30 0x800104ee
core   0: 0x8000b4f2 (0xb03f2923) sw      gp, -1262(t5)
core   0: 3 0x8000b4f2 (0xb03f2923) mem 0x80010000 0x00000001
core   0: 0x8000b4f6 (0x0000bfe5) c.j     pc - 8
core   0: 3 0x8000b4f6 (0xbfe5)
core   0: 0x8000b4ee (0x00005f17) auipc   t5, 0x5
core   0: 3 0x8000b4ee (0x00005f17) x30 0x800104ee
core   0: 0x8000b4f2 (0xb03f2923) sw      gp, -1262(t5)
core   0: 3 0x8000b4f2 (0xb03f2923) mem 0x80010000 0x00000001
core   0: 0x8000b4f6 (0x0000bfe5) c.j     pc - 8
core   0: 3 0x8000b4f6 (0xbfe5)
core   0: 0x8000b4ee (0x00005f17) auipc   t5, 0x5
core   0: 3 0x8000b4ee (0x00005f17) x30 0x800104ee
core   0: 0x8000b4f2 (0xb03f2923) sw      gp, -1262(t5)
core   0: 3 0x8000b4f2 (0xb03f2923) mem 0x80010000 0x00000001
core   0: 0x8000b4f6 (0x0000bfe5) c.j     pc - 8
core   0: 3 0x8000b4f6 (0xbfe5)
core   0: 0x8000b4ee (0x00005f17) auipc   t5, 0x5
core   0: 3 0x8000b4ee (0x00005f17) x30 0x800104ee
core   0: 0x8000b4f2 (0xb03f2923) sw      gp, -1262(t5)
core   0: 3 0x8000b4f2 (0xb03f2923) mem 0x80010000 0x00000001
core   0: 0x8000b4f6 (0x0000bfe5) c.j     pc - 8
core   0: 3 0x8000b4f6 (0xbfe5)
core   0: 0x8000b4ee (0x00005f17) auipc   t5, 0x5
core   0: 3 0x8000b4ee (0x00005f17) x30 0x800104ee
core   0: 0x8000b4f2 (0xb03f2923) sw      gp, -1262(t5)
core   0: 3 0x8000b4f2 (0xb03f2923) mem 0x80010000 0x00000001
core   0: 0x8000b4f6 (0x0000bfe5) c.j     pc - 8
core   0: 3 0x8000b4f6 (0xbfe5)
core   0: 0x8000b4ee (0x00005f17) auipc   t5, 0x5
core   0: 3 0x8000b4ee (0x00005f17) x30 0x800104ee
core   0: 0x8000b4f2 (0xb03f2923) sw      gp, -1262(t5)
core   0: 3 0x8000b4f2 (0xb03f2923) mem 0x80010000 0x00000001
core   0: 0x8000b4f6 (0x0000bfe5) c.j     pc - 8
core   0: 3 0x8000b4f6 (0xbfe5)
core   0: 0x8000b4ee (0x00005f17) auipc   t5, 0x5
core   0: 3 0x8000b4ee (0x00005f17) x30 0x800104ee
core   0: 0x8000b4f2 (0xb03f2923) sw      gp, -1262(t5)
core   0: 3 0x8000b4f2 (0xb03f2923) mem 0x80010000 0x00000001
core   0: 0x8000b4f6 (0x0000bfe5) c.j     pc - 8
core   0: 3 0x8000b4f6 (0xbfe5)
core   0: 0x8000b4ee (0x00005f17) auipc   t5, 0x5
core   0: 3 0x8000b4ee (0x00005f17) x30 0x800104ee
core   0: 0x8000b4f2 (0xb03f2923) sw      gp, -1262(t5)
core   0: 3 0x8000b4f2 (0xb03f2923) mem 0x80010000 0x00000001
core   0: 0x8000b4f6 (0x0000bfe5) c.j     pc - 8
core   0: 3 0x8000b4f6 (0xbfe5)
core   0: 0x8000b4ee (0x00005f17) auipc   t5, 0x5
core   0: 3 0x8000b4ee (0x00005f17) x30 0x800104ee
core   0: 0x8000b4f2 (0xb03f2923) sw      gp, -1262(t5)
core   0: 3 0x8000b4f2 (0xb03f2923) mem 0x80010000 0x00000001
core   0: 0x8000b4f6 (0x0000bfe5) c.j     pc - 8
core   0: 3 0x8000b4f6 (0xbfe5)
core   0: 0x8000b4ee (0x00005f17) auipc   t5, 0x5
core   0: 3 0x8000b4ee (0x00005f17) x30 0x800104ee
core   0: 0x8000b4f2 (0xb03f2923) sw      gp, -1262(t5)
core   0: 3 0x8000b4f2 (0xb03f2923) mem 0x80010000 0x00000001
core   0: 0x8000b4f6 (0x0000bfe5) c.j     pc - 8
core   0: 3 0x8000b4f6 (0xbfe5)
core   0: 0x8000b4ee (0x00005f17) auipc   t5, 0x5
core   0: 3 0x8000b4ee (0x00005f17) x30 0x800104ee
core   0: 0x8000b4f2 (0xb03f2923) sw      gp, -1262(t5)
core   0: 3 0x8000b4f2 (0xb03f2923) mem 0x80010000 0x00000001
core   0: 0x8000b4f6 (0x0000bfe5) c.j     pc - 8
core   0: 3 0x8000b4f6 (0xbfe5)
core   0: 0x8000b4ee (0x00005f17) auipc   t5, 0x5
core   0: 3 0x8000b4ee (0x00005f17) x30 0x800104ee
core   0: 0x8000b4f2 (0xb03f2923) sw      gp, -1262(t5)
core   0: 3 0x8000b4f2 (0xb03f2923) mem 0x80010000 0x00000001
core   0: 0x8000b4f6 (0x0000bfe5) c.j     pc - 8
core   0: 3 0x8000b4f6 (0xbfe5)
core   0: 0x8000b4ee (0x00005f17) auipc   t5, 0x5
core   0: 3 0x8000b4ee (0x00005f17) x30 0x800104ee
core   0: 0x8000b4f2 (0xb03f2923) sw      gp, -1262(t5)
core   0: 3 0x8000b4f2 (0xb03f2923) mem 0x80010000 0x00000001
core   0: 0x8000b4f6 (0x0000bfe5) c.j     pc - 8
core   0: 3 0x8000b4f6 (0xbfe5)
core   0: 0x8000b4ee (0x00005f17) auipc   t5, 0x5
core   0: 3 0x8000b4ee (0x00005f17) x30 0x800104ee
core   0: 0x8000b4f2 (0xb03f2923) sw      gp, -1262(t5)
core   0: 3 0x8000b4f2 (0xb03f2923) mem 0x80010000 0x00000001
core   0: 0x8000b4f6 (0x0000bfe5) c.j     pc - 8
core   0: 3 0x8000b4f6 (0xbfe5)
core   0: 0x8000b4ee (0x00005f17) auipc   t5, 0x5
core   0: 3 0x8000b4ee (0x00005f17) x30 0x800104ee
core   0: 0x8000b4f2 (0xb03f2923) sw      gp, -1262(t5)
core   0: 3 0x8000b4f2 (0xb03f2923) mem 0x80010000 0x00000001
core   0: 0x8000b4f6 (0x0000bfe5) c.j     pc - 8
core   0: 3 0x8000b4f6 (0xbfe5)
core   0: 0x8000b4ee (0x00005f17) auipc   t5, 0x5
core   0: 3 0x8000b4ee (0x00005f17) x30 0x800104ee
core   0: 0x8000b4f2 (0xb03f2923) sw      gp, -1262(t5)
core   0: 3 0x8000b4f2 (0xb03f2923) mem 0x80010000 0x00000001
core   0: 0x8000b4f6 (0x0000bfe5) c.j     pc - 8
core   0: 3 0x8000b4f6 (0xbfe5)
core   0: 0x8000b4ee (0x00005f17) auipc   t5, 0x5
core   0: 3 0x8000b4ee (0x00005f17) x30 0x800104ee
core   0: 0x8000b4f2 (0xb03f2923) sw      gp, -1262(t5)
core   0: 3 0x8000b4f2 (0xb03f2923) mem 0x80010000 0x00000001
core   0: 0x8000b4f6 (0x0000bfe5) c.j     pc - 8
core   0: 3 0x8000b4f6 (0xbfe5)
core   0: 0x8000b4ee (0x00005f17) auipc   t5, 0x5
core   0: 3 0x8000b4ee (0x00005f17) x30 0x800104ee
core   0: 0x8000b4f2 (0xb03f2923) sw      gp, -1262(t5)
core   0: 3 0x8000b4f2 (0xb03f2923) mem 0x80010000 0x00000001
core   0: 0x8000b4f6 (0x0000bfe5) c.j     pc - 8
core   0: 3 0x8000b4f6 (0xbfe5)
core   0: 0x8000b4ee (0x00005f17) auipc   t5, 0x5
core   0: 3 0x8000b4ee (0x00005f17) x30 0x800104ee
core   0: 0x8000b4f2 (0xb03f2923) sw      gp, -1262(t5)
core   0: 3 0x8000b4f2 (0xb03f2923) mem 0x80010000 0x00000001
core   0: 0x8000b4f6 (0x0000bfe5) c.j     pc - 8
core   0: 3 0x8000b4f6 (0xbfe5)
core   0: 0x8000b4ee (0x00005f17) auipc   t5, 0x5
core   0: 3 0x8000b4ee (0x00005f17) x30 0x800104ee
core   0: 0x8000b4f2 (0xb03f2923) sw      gp, -1262(t5)
core   0: 3 0x8000b4f2 (0xb03f2923) mem 0x80010000 0x00000001
core   0: 0x8000b4f6 (0x0000bfe5) c.j     pc - 8
core   0: 3 0x8000b4f6 (0xbfe5)
core   0: 0x8000b4ee (0x00005f17) auipc   t5, 0x5
core   0: 3 0x8000b4ee (0x00005f17) x30 0x800104ee
core   0: 0x8000b4f2 (0xb03f2923) sw      gp, -1262(t5)
core   0: 3 0x8000b4f2 (0xb03f2923) mem 0x80010000 0x00000001
core   0: 0x8000b4f6 (0x0000bfe5) c.j     pc - 8
core   0: 3 0x8000b4f6 (0xbfe5)
core   0: 0x8000b4ee (0x00005f17) auipc   t5, 0x5
core   0: 3 0x8000b4ee (0x00005f17) x30 0x800104ee
core   0: 0x8000b4f2 (0xb03f2923) sw      gp, -1262(t5)
core   0: 3 0x8000b4f2 (0xb03f2923) mem 0x80010000 0x00000001
core   0: 0x8000b4f6 (0x0000bfe5) c.j     pc - 8
core   0: 3 0x8000b4f6 (0xbfe5)
core   0: 0x8000b4ee (0x00005f17) auipc   t5, 0x5
core   0: 3 0x8000b4ee (0x00005f17) x30 0x800104ee
core   0: 0x8000b4f2 (0xb03f2923) sw      gp, -1262(t5)
core   0: 3 0x8000b4f2 (0xb03f2923) mem 0x80010000 0x00000001
core   0: 0x8000b4f6 (0x0000bfe5) c.j     pc - 8
core   0: 3 0x8000b4f6 (0xbfe5)
core   0: 0x8000b4ee (0x00005f17) auipc   t5, 0x5
core   0: 3 0x8000b4ee (0x00005f17) x30 0x800104ee
core   0: 0x8000b4f2 (0xb03f2923) sw      gp, -1262(t5)
core   0: 3 0x8000b4f2 (0xb03f2923) mem 0x80010000 0x00000001
core   0: 0x8000b4f6 (0x0000bfe5) c.j     pc - 8
core   0: 3 0x8000b4f6 (0xbfe5)
core   0: 0x8000b4ee (0x00005f17) auipc   t5, 0x5
core   0: 3 0x8000b4ee (0x00005f17) x30 0x800104ee
core   0: 0x8000b4f2 (0xb03f2923) sw      gp, -1262(t5)
core   0: 3 0x8000b4f2 (0xb03f2923) mem 0x80010000 0x00000001
core   0: 0x8000b4f6 (0x0000bfe5) c.j     pc - 8
core   0: 3 0x8000b4f6 (0xbfe5)
core   0: 0x8000b4ee (0x00005f17) auipc   t5, 0x5
core   0: 3 0x8000b4ee (0x00005f17) x30 0x800104ee
core   0: 0x8000b4f2 (0xb03f2923) sw      gp, -1262(t5)
core   0: 3 0x8000b4f2 (0xb03f2923) mem 0x80010000 0x00000001
core   0: 0x8000b4f6 (0x0000bfe5) c.j     pc - 8
core   0: 3 0x8000b4f6 (0xbfe5)
core   0: 0x8000b4ee (0x00005f17) auipc   t5, 0x5
core   0: 3 0x8000b4ee (0x00005f17) x30 0x800104ee
core   0: 0x8000b4f2 (0xb03f2923) sw      gp, -1262(t5)
core   0: 3 0x8000b4f2 (0xb03f2923) mem 0x80010000 0x00000001
core   0: 0x8000b4f6 (0x0000bfe5) c.j     pc - 8
core   0: 3 0x8000b4f6 (0xbfe5)
core   0: 0x8000b4ee (0x00005f17) auipc   t5, 0x5
core   0: 3 0x8000b4ee (0x00005f17) x30 0x800104ee
core   0: 0x8000b4f2 (0xb03f2923) sw      gp, -1262(t5)
core   0: 3 0x8000b4f2 (0xb03f2923) mem 0x80010000 0x00000001
core   0: 0x8000b4f6 (0x0000bfe5) c.j     pc - 8
core   0: 3 0x8000b4f6 (0xbfe5)
core   0: 0x8000b4ee (0x00005f17) auipc   t5, 0x5
core   0: 3 0x8000b4ee (0x00005f17) x30 0x800104ee
core   0: 0x8000b4f2 (0xb03f2923) sw      gp, -1262(t5)
core   0: 3 0x8000b4f2 (0xb03f2923) mem 0x80010000 0x00000001
core   0: 0x8000b4f6 (0x0000bfe5) c.j     pc - 8
core   0: 3 0x8000b4f6 (0xbfe5)
core   0: 0x8000b4ee (0x00005f17) auipc   t5, 0x5
core   0: 3 0x8000b4ee (0x00005f17) x30 0x800104ee
core   0: 0x8000b4f2 (0xb03f2923) sw      gp, -1262(t5)
core   0: 3 0x8000b4f2 (0xb03f2923) mem 0x80010000 0x00000001
core   0: 0x8000b4f6 (0x0000bfe5) c.j     pc - 8
core   0: 3 0x8000b4f6 (0xbfe5)
core   0: 0x8000b4ee (0x00005f17) auipc   t5, 0x5
core   0: 3 0x8000b4ee (0x00005f17) x30 0x800104ee
core   0: 0x8000b4f2 (0xb03f2923) sw      gp, -1262(t5)
core   0: 3 0x8000b4f2 (0xb03f2923) mem 0x80010000 0x00000001
core   0: 0x8000b4f6 (0x0000bfe5) c.j     pc - 8
core   0: 3 0x8000b4f6 (0xbfe5)
core   0: 0x8000b4ee (0x00005f17) auipc   t5, 0x5
core   0: 3 0x8000b4ee (0x00005f17) x30 0x800104ee
core   0: 0x8000b4f2 (0xb03f2923) sw      gp, -1262(t5)
core   0: 3 0x8000b4f2 (0xb03f2923) mem 0x80010000 0x00000001
core   0: 0x8000b4f6 (0x0000bfe5) c.j     pc - 8
core   0: 3 0x8000b4f6 (0xbfe5)
core   0: 0x8000b4ee (0x00005f17) auipc   t5, 0x5
core   0: 3 0x8000b4ee (0x00005f17) x30 0x800104ee
core   0: 0x8000b4f2 (0xb03f2923) sw      gp, -1262(t5)
core   0: 3 0x8000b4f2 (0xb03f2923) mem 0x80010000 0x00000001
core   0: 0x8000b4f6 (0x0000bfe5) c.j     pc - 8
core   0: 3 0x8000b4f6 (0xbfe5)
core   0: 0x8000b4ee (0x00005f17) auipc   t5, 0x5
core   0: 3 0x8000b4ee (0x00005f17) x30 0x800104ee
core   0: 0x8000b4f2 (0xb03f2923) sw      gp, -1262(t5)
core   0: 3 0x8000b4f2 (0xb03f2923) mem 0x80010000 0x00000001
core   0: 0x8000b4f6 (0x0000bfe5) c.j     pc - 8
core   0: 3 0x8000b4f6 (0xbfe5)
core   0: 0x8000b4ee (0x00005f17) auipc   t5, 0x5
core   0: 3 0x8000b4ee (0x00005f17) x30 0x800104ee
core   0: 0x8000b4f2 (0xb03f2923) sw      gp, -1262(t5)
core   0: 3 0x8000b4f2 (0xb03f2923) mem 0x80010000 0x00000001
core   0: 0x8000b4f6 (0x0000bfe5) c.j     pc - 8
core   0: 3 0x8000b4f6 (0xbfe5)
core   0: 0x8000b4ee (0x00005f17) auipc   t5, 0x5
core   0: 3 0x8000b4ee (0x00005f17) x30 0x800104ee
core   0: 0x8000b4f2 (0xb03f2923) sw      gp, -1262(t5)
core   0: 3 0x8000b4f2 (0xb03f2923) mem 0x80010000 0x00000001
core   0: 0x8000b4f6 (0x0000bfe5) c.j     pc - 8
core   0: 3 0x8000b4f6 (0xbfe5)
core   0: 0x8000b4ee (0x00005f17) auipc   t5, 0x5
core   0: 3 0x8000b4ee (0x00005f17) x30 0x800104ee
core   0: 0x8000b4f2 (0xb03f2923) sw      gp, -1262(t5)
core   0: 3 0x8000b4f2 (0xb03f2923) mem 0x80010000 0x00000001
core   0: 0x8000b4f6 (0x0000bfe5) c.j     pc - 8
core   0: 3 0x8000b4f6 (0xbfe5)
core   0: 0x8000b4ee (0x00005f17) auipc   t5, 0x5
core   0: 3 0x8000b4ee (0x00005f17) x30 0x800104ee
core   0: 0x8000b4f2 (0xb03f2923) sw      gp, -1262(t5)
core   0: 3 0x8000b4f2 (0xb03f2923) mem 0x80010000 0x00000001
core   0: 0x8000b4f6 (0x0000bfe5) c.j     pc - 8
core   0: 3 0x8000b4f6 (0xbfe5)
core   0: 0x8000b4ee (0x00005f17) auipc   t5, 0x5
core   0: 3 0x8000b4ee (0x00005f17) x30 0x800104ee
core   0: 0x8000b4f2 (0xb03f2923) sw      gp, -1262(t5)
core   0: 3 0x8000b4f2 (0xb03f2923) mem 0x80010000 0x00000001
core   0: 0x8000b4f6 (0x0000bfe5) c.j     pc - 8
core   0: 3 0x8000b4f6 (0xbfe5)
core   0: 0x8000b4ee (0x00005f17) auipc   t5, 0x5
core   0: 3 0x8000b4ee (0x00005f17) x30 0x800104ee
core   0: 0x8000b4f2 (0xb03f2923) sw      gp, -1262(t5)
core   0: 3 0x8000b4f2 (0xb03f2923) mem 0x80010000 0x00000001
core   0: 0x8000b4f6 (0x0000bfe5) c.j     pc - 8
core   0: 3 0x8000b4f6 (0xbfe5)
core   0: 0x8000b4ee (0x00005f17) auipc   t5, 0x5
core   0: 3 0x8000b4ee (0x00005f17) x30 0x800104ee
core   0: 0x8000b4f2 (0xb03f2923) sw      gp, -1262(t5)
core   0: 3 0x8000b4f2 (0xb03f2923) mem 0x80010000 0x00000001
core   0: 0x8000b4f6 (0x0000bfe5) c.j     pc - 8
core   0: 3 0x8000b4f6 (0xbfe5)
core   0: 0x8000b4ee (0x00005f17) auipc   t5, 0x5
core   0: 3 0x8000b4ee (0x00005f17) x30 0x800104ee
core   0: 0x8000b4f2 (0xb03f2923) sw      gp, -1262(t5)
core   0: 3 0x8000b4f2 (0xb03f2923) mem 0x80010000 0x00000001
core   0: 0x8000b4f6 (0x0000bfe5) c.j     pc - 8
core   0: 3 0x8000b4f6 (0xbfe5)
core   0: 0x8000b4ee (0x00005f17) auipc   t5, 0x5
core   0: 3 0x8000b4ee (0x00005f17) x30 0x800104ee
core   0: 0x8000b4f2 (0xb03f2923) sw      gp, -1262(t5)
core   0: 3 0x8000b4f2 (0xb03f2923) mem 0x80010000 0x00000001
core   0: 0x8000b4f6 (0x0000bfe5) c.j     pc - 8
core   0: 3 0x8000b4f6 (0xbfe5)
core   0: 0x8000b4ee (0x00005f17) auipc   t5, 0x5
core   0: 3 0x8000b4ee (0x00005f17) x30 0x800104ee
core   0: 0x8000b4f2 (0xb03f2923) sw      gp, -1262(t5)
core   0: 3 0x8000b4f2 (0xb03f2923) mem 0x80010000 0x00000001
core   0: 0x8000b4f6 (0x0000bfe5) c.j     pc - 8
core   0: 3 0x8000b4f6 (0xbfe5)
core   0: 0x8000b4ee (0x00005f17) auipc   t5, 0x5
core   0: 3 0x8000b4ee (0x00005f17) x30 0x800104ee
core   0: 0x8000b4f2 (0xb03f2923) sw      gp, -1262(t5)
core   0: 3 0x8000b4f2 (0xb03f2923) mem 0x80010000 0x00000001
core   0: 0x8000b4f6 (0x0000bfe5) c.j     pc - 8
core   0: 3 0x8000b4f6 (0xbfe5)
core   0: 0x8000b4ee (0x00005f17) auipc   t5, 0x5
core   0: 3 0x8000b4ee (0x00005f17) x30 0x800104ee
core   0: 0x8000b4f2 (0xb03f2923) sw      gp, -1262(t5)
core   0: 3 0x8000b4f2 (0xb03f2923) mem 0x80010000 0x00000001
core   0: 0x8000b4f6 (0x0000bfe5) c.j     pc - 8
core   0: 3 0x8000b4f6 (0xbfe5)
core   0: 0x8000b4ee (0x00005f17) auipc   t5, 0x5
core   0: 3 0x8000b4ee (0x00005f17) x30 0x800104ee
core   0: 0x8000b4f2 (0xb03f2923) sw      gp, -1262(t5)
core   0: 3 0x8000b4f2 (0xb03f2923) mem 0x80010000 0x00000001
core   0: 0x8000b4f6 (0x0000bfe5) c.j     pc - 8
core   0: 3 0x8000b4f6 (0xbfe5)
core   0: 0x8000b4ee (0x00005f17) auipc   t5, 0x5
core   0: 3 0x8000b4ee (0x00005f17) x30 0x800104ee
core   0: 0x8000b4f2 (0xb03f2923) sw      gp, -1262(t5)
core   0: 3 0x8000b4f2 (0xb03f2923) mem 0x80010000 0x00000001
core   0: 0x8000b4f6 (0x0000bfe5) c.j     pc - 8
core   0: 3 0x8000b4f6 (0xbfe5)
core   0: 0x8000b4ee (0x00005f17) auipc   t5, 0x5
core   0: 3 0x8000b4ee (0x00005f17) x30 0x800104ee
core   0: 0x8000b4f2 (0xb03f2923) sw      gp, -1262(t5)
core   0: 3 0x8000b4f2 (0xb03f2923) mem 0x80010000 0x00000001
core   0: 0x8000b4f6 (0x0000bfe5) c.j     pc - 8
core   0: 3 0x8000b4f6 (0xbfe5)
core   0: 0x8000b4ee (0x00005f17) auipc   t5, 0x5
core   0: 3 0x8000b4ee (0x00005f17) x30 0x800104ee
core   0: 0x8000b4f2 (0xb03f2923) sw      gp, -1262(t5)
core   0: 3 0x8000b4f2 (0xb03f2923) mem 0x80010000 0x00000001
core   0: 0x8000b4f6 (0x0000bfe5) c.j     pc - 8
core   0: 3 0x8000b4f6 (0xbfe5)
core   0: 0x8000b4ee (0x00005f17) auipc   t5, 0x5
core   0: 3 0x8000b4ee (0x00005f17) x30 0x800104ee
core   0: 0x8000b4f2 (0xb03f2923) sw      gp, -1262(t5)
core   0: 3 0x8000b4f2 (0xb03f2923) mem 0x80010000 0x00000001
core   0: 0x8000b4f6 (0x0000bfe5) c.j     pc - 8
core   0: 3 0x8000b4f6 (0xbfe5)
core   0: 0x8000b4ee (0x00005f17) auipc   t5, 0x5
core   0: 3 0x8000b4ee (0x00005f17) x30 0x800104ee
core   0: 0x8000b4f2 (0xb03f2923) sw      gp, -1262(t5)
core   0: 3 0x8000b4f2 (0xb03f2923) mem 0x80010000 0x00000001
core   0: 0x8000b4f6 (0x0000bfe5) c.j     pc - 8
core   0: 3 0x8000b4f6 (0xbfe5)
core   0: 0x8000b4ee (0x00005f17) auipc   t5, 0x5
core   0: 3 0x8000b4ee (0x00005f17) x30 0x800104ee
core   0: 0x8000b4f2 (0xb03f2923) sw      gp, -1262(t5)
core   0: 3 0x8000b4f2 (0xb03f2923) mem 0x80010000 0x00000001
core   0: 0x8000b4f6 (0x0000bfe5) c.j     pc - 8
core   0: 3 0x8000b4f6 (0xbfe5)
core   0: 0x8000b4ee (0x00005f17) auipc   t5, 0x5
core   0: 3 0x8000b4ee (0x00005f17) x30 0x800104ee
core   0: 0x8000b4f2 (0xb03f2923) sw      gp, -1262(t5)
core   0: 3 0x8000b4f2 (0xb03f2923) mem 0x80010000 0x00000001
core   0: 0x8000b4f6 (0x0000bfe5) c.j     pc - 8
core   0: 3 0x8000b4f6 (0xbfe5)
core   0: 0x8000b4ee (0x00005f17) auipc   t5, 0x5
core   0: 3 0x8000b4ee (0x00005f17) x30 0x800104ee
core   0: 0x8000b4f2 (0xb03f2923) sw      gp, -1262(t5)
core   0: 3 0x8000b4f2 (0xb03f2923) mem 0x80010000 0x00000001
core   0: 0x8000b4f6 (0x0000bfe5) c.j     pc - 8
core   0: 3 0x8000b4f6 (0xbfe5)
core   0: 0x8000b4ee (0x00005f17) auipc   t5, 0x5
core   0: 3 0x8000b4ee (0x00005f17) x30 0x800104ee
core   0: 0x8000b4f2 (0xb03f2923) sw      gp, -1262(t5)
core   0: 3 0x8000b4f2 (0xb03f2923) mem 0x80010000 0x00000001
core   0: 0x8000b4f6 (0x0000bfe5) c.j     pc - 8
core   0: 3 0x8000b4f6 (0xbfe5)
core   0: 0x8000b4ee (0x00005f17) auipc   t5, 0x5
core   0: 3 0x8000b4ee (0x00005f17) x30 0x800104ee
core   0: 0x8000b4f2 (0xb03f2923) sw      gp, -1262(t5)
core   0: 3 0x8000b4f2 (0xb03f2923) mem 0x80010000 0x00000001
core   0: 0x8000b4f6 (0x0000bfe5) c.j     pc - 8
core   0: 3 0x8000b4f6 (0xbfe5)
core   0: 0x8000b4ee (0x00005f17) auipc   t5, 0x5
core   0: 3 0x8000b4ee (0x00005f17) x30 0x800104ee
core   0: 0x8000b4f2 (0xb03f2923) sw      gp, -1262(t5)
core   0: 3 0x8000b4f2 (0xb03f2923) mem 0x80010000 0x00000001
core   0: 0x8000b4f6 (0x0000bfe5) c.j     pc - 8
core   0: 3 0x8000b4f6 (0xbfe5)
core   0: 0x8000b4ee (0x00005f17) auipc   t5, 0x5
core   0: 3 0x8000b4ee (0x00005f17) x30 0x800104ee
core   0: 0x8000b4f2 (0xb03f2923) sw      gp, -1262(t5)
core   0: 3 0x8000b4f2 (0xb03f2923) mem 0x80010000 0x00000001
core   0: 0x8000b4f6 (0x0000bfe5) c.j     pc - 8
core   0: 3 0x8000b4f6 (0xbfe5)
core   0: 0x8000b4ee (0x00005f17) auipc   t5, 0x5
core   0: 3 0x8000b4ee (0x00005f17) x30 0x800104ee
core   0: 0x8000b4f2 (0xb03f2923) sw      gp, -1262(t5)
core   0: 3 0x8000b4f2 (0xb03f2923) mem 0x80010000 0x00000001
core   0: 0x8000b4f6 (0x0000bfe5) c.j     pc - 8
core   0: 3 0x8000b4f6 (0xbfe5)
core   0: 0x8000b4ee (0x00005f17) auipc   t5, 0x5
core   0: 3 0x8000b4ee (0x00005f17) x30 0x800104ee
core   0: 0x8000b4f2 (0xb03f2923) sw      gp, -1262(t5)
core   0: 3 0x8000b4f2 (0xb03f2923) mem 0x80010000 0x00000001
core   0: 0x8000b4f6 (0x0000bfe5) c.j     pc - 8
core   0: 3 0x8000b4f6 (0xbfe5)
core   0: 0x8000b4ee (0x00005f17) auipc   t5, 0x5
core   0: 3 0x8000b4ee (0x00005f17) x30 0x800104ee
core   0: 0x8000b4f2 (0xb03f2923) sw      gp, -1262(t5)
core   0: 3 0x8000b4f2 (0xb03f2923) mem 0x80010000 0x00000001
core   0: 0x8000b4f6 (0x0000bfe5) c.j     pc - 8
core   0: 3 0x8000b4f6 (0xbfe5)
core   0: 0x8000b4ee (0x00005f17) auipc   t5, 0x5
core   0: 3 0x8000b4ee (0x00005f17) x30 0x800104ee
core   0: 0x8000b4f2 (0xb03f2923) sw      gp, -1262(t5)
core   0: 3 0x8000b4f2 (0xb03f2923) mem 0x80010000 0x00000001
core   0: 0x8000b4f6 (0x0000bfe5) c.j     pc - 8
core   0: 3 0x8000b4f6 (0xbfe5)
core   0: 0x8000b4ee (0x00005f17) auipc   t5, 0x5
core   0: 3 0x8000b4ee (0x00005f17) x30 0x800104ee
core   0: 0x8000b4f2 (0xb03f2923) sw      gp, -1262(t5)
core   0: 3 0x8000b4f2 (0xb03f2923) mem 0x80010000 0x00000001
core   0: 0x8000b4f6 (0x0000bfe5) c.j     pc - 8
core   0: 3 0x8000b4f6 (0xbfe5)
core   0: 0x8000b4ee (0x00005f17) auipc   t5, 0x5
core   0: 3 0x8000b4ee (0x00005f17) x30 0x800104ee
core   0: 0x8000b4f2 (0xb03f2923) sw      gp, -1262(t5)
core   0: 3 0x8000b4f2 (0xb03f2923) mem 0x80010000 0x00000001
core   0: 0x8000b4f6 (0x0000bfe5) c.j     pc - 8
core   0: 3 0x8000b4f6 (0xbfe5)
core   0: 0x8000b4ee (0x00005f17) auipc   t5, 0x5
core   0: 3 0x8000b4ee (0x00005f17) x30 0x800104ee
core   0: 0x8000b4f2 (0xb03f2923) sw      gp, -1262(t5)
core   0: 3 0x8000b4f2 (0xb03f2923) mem 0x80010000 0x00000001
core   0: 0x8000b4f6 (0x0000bfe5) c.j     pc - 8
core   0: 3 0x8000b4f6 (0xbfe5)
core   0: 0x8000b4ee (0x00005f17) auipc   t5, 0x5
core   0: 3 0x8000b4ee (0x00005f17) x30 0x800104ee
core   0: 0x8000b4f2 (0xb03f2923) sw      gp, -1262(t5)
core   0: 3 0x8000b4f2 (0xb03f2923) mem 0x80010000 0x00000001
core   0: 0x8000b4f6 (0x0000bfe5) c.j     pc - 8
core   0: 3 0x8000b4f6 (0xbfe5)
core   0: 0x8000b4ee (0x00005f17) auipc   t5, 0x5
core   0: 3 0x8000b4ee (0x00005f17) x30 0x800104ee
core   0: 0x8000b4f2 (0xb03f2923) sw      gp, -1262(t5)
core   0: 3 0x8000b4f2 (0xb03f2923) mem 0x80010000 0x00000001
core   0: 0x8000b4f6 (0x0000bfe5) c.j     pc - 8
core   0: 3 0x8000b4f6 (0xbfe5)
core   0: 0x8000b4ee (0x00005f17) auipc   t5, 0x5
core   0: 3 0x8000b4ee (0x00005f17) x30 0x800104ee
core   0: 0x8000b4f2 (0xb03f2923) sw      gp, -1262(t5)
core   0: 3 0x8000b4f2 (0xb03f2923) mem 0x80010000 0x00000001
core   0: 0x8000b4f6 (0x0000bfe5) c.j     pc - 8
core   0: 3 0x8000b4f6 (0xbfe5)
core   0: 0x8000b4ee (0x00005f17) auipc   t5, 0x5
core   0: 3 0x8000b4ee (0x00005f17) x30 0x800104ee
core   0: 0x8000b4f2 (0xb03f2923) sw      gp, -1262(t5)
core   0: 3 0x8000b4f2 (0xb03f2923) mem 0x80010000 0x00000001
core   0: 0x8000b4f6 (0x0000bfe5) c.j     pc - 8
core   0: 3 0x8000b4f6 (0xbfe5)
core   0: 0x8000b4ee (0x00005f17) auipc   t5, 0x5
core   0: 3 0x8000b4ee (0x00005f17) x30 0x800104ee
core   0: 0x8000b4f2 (0xb03f2923) sw      gp, -1262(t5)
core   0: 3 0x8000b4f2 (0xb03f2923) mem 0x80010000 0x00000001
core   0: 0x8000b4f6 (0x0000bfe5) c.j     pc - 8
core   0: 3 0x8000b4f6 (0xbfe5)
core   0: 0x8000b4ee (0x00005f17) auipc   t5, 0x5
core   0: 3 0x8000b4ee (0x00005f17) x30 0x800104ee
core   0: 0x8000b4f2 (0xb03f2923) sw      gp, -1262(t5)
core   0: 3 0x8000b4f2 (0xb03f2923) mem 0x80010000 0x00000001
core   0: 0x8000b4f6 (0x0000bfe5) c.j     pc - 8
core   0: 3 0x8000b4f6 (0xbfe5)
core   0: 0x8000b4ee (0x00005f17) auipc   t5, 0x5
core   0: 3 0x8000b4ee (0x00005f17) x30 0x800104ee
core   0: 0x8000b4f2 (0xb03f2923) sw      gp, -1262(t5)
core   0: 3 0x8000b4f2 (0xb03f2923) mem 0x80010000 0x00000001
core   0: 0x8000b4f6 (0x0000bfe5) c.j     pc - 8
core   0: 3 0x8000b4f6 (0xbfe5)
core   0: 0x8000b4ee (0x00005f17) auipc   t5, 0x5
core   0: 3 0x8000b4ee (0x00005f17) x30 0x800104ee
core   0: 0x8000b4f2 (0xb03f2923) sw      gp, -1262(t5)
core   0: 3 0x8000b4f2 (0xb03f2923) mem 0x80010000 0x00000001
core   0: 0x8000b4f6 (0x0000bfe5) c.j     pc - 8
core   0: 3 0x8000b4f6 (0xbfe5)
core   0: 0x8000b4ee (0x00005f17) auipc   t5, 0x5
core   0: 3 0x8000b4ee (0x00005f17) x30 0x800104ee
core   0: 0x8000b4f2 (0xb03f2923) sw      gp, -1262(t5)
core   0: 3 0x8000b4f2 (0xb03f2923) mem 0x80010000 0x00000001
core   0: 0x8000b4f6 (0x0000bfe5) c.j     pc - 8
core   0: 3 0x8000b4f6 (0xbfe5)
core   0: 0x8000b4ee (0x00005f17) auipc   t5, 0x5
core   0: 3 0x8000b4ee (0x00005f17) x30 0x800104ee
core   0: 0x8000b4f2 (0xb03f2923) sw      gp, -1262(t5)
core   0: 3 0x8000b4f2 (0xb03f2923) mem 0x80010000 0x00000001
core   0: 0x8000b4f6 (0x0000bfe5) c.j     pc - 8
core   0: 3 0x8000b4f6 (0xbfe5)
core   0: 0x8000b4ee (0x00005f17) auipc   t5, 0x5
core   0: 3 0x8000b4ee (0x00005f17) x30 0x800104ee
core   0: 0x8000b4f2 (0xb03f2923) sw      gp, -1262(t5)
core   0: 3 0x8000b4f2 (0xb03f2923) mem 0x80010000 0x00000001
core   0: 0x8000b4f6 (0x0000bfe5) c.j     pc - 8
core   0: 3 0x8000b4f6 (0xbfe5)
core   0: 0x8000b4ee (0x00005f17) auipc   t5, 0x5
core   0: 3 0x8000b4ee (0x00005f17) x30 0x800104ee
core   0: 0x8000b4f2 (0xb03f2923) sw      gp, -1262(t5)
core   0: 3 0x8000b4f2 (0xb03f2923) mem 0x80010000 0x00000001
core   0: 0x8000b4f6 (0x0000bfe5) c.j     pc - 8
core   0: 3 0x8000b4f6 (0xbfe5)
core   0: 0x8000b4ee (0x00005f17) auipc   t5, 0x5
core   0: 3 0x8000b4ee (0x00005f17) x30 0x800104ee
core   0: 0x8000b4f2 (0xb03f2923) sw      gp, -1262(t5)
core   0: 3 0x8000b4f2 (0xb03f2923) mem 0x80010000 0x00000001
core   0: 0x8000b4f6 (0x0000bfe5) c.j     pc - 8
core   0: 3 0x8000b4f6 (0xbfe5)
core   0: 0x8000b4ee (0x00005f17) auipc   t5, 0x5
core   0: 3 0x8000b4ee (0x00005f17) x30 0x800104ee
core   0: 0x8000b4f2 (0xb03f2923) sw      gp, -1262(t5)
core   0: 3 0x8000b4f2 (0xb03f2923) mem 0x80010000 0x00000001
core   0: 0x8000b4f6 (0x0000bfe5) c.j     pc - 8
core   0: 3 0x8000b4f6 (0xbfe5)
core   0: 0x8000b4ee (0x00005f17) auipc   t5, 0x5
core   0: 3 0x8000b4ee (0x00005f17) x30 0x800104ee
core   0: 0x8000b4f2 (0xb03f2923) sw      gp, -1262(t5)
core   0: 3 0x8000b4f2 (0xb03f2923) mem 0x80010000 0x00000001
core   0: 0x8000b4f6 (0x0000bfe5) c.j     pc - 8
core   0: 3 0x8000b4f6 (0xbfe5)
core   0: 0x8000b4ee (0x00005f17) auipc   t5, 0x5
core   0: 3 0x8000b4ee (0x00005f17) x30 0x800104ee
core   0: 0x8000b4f2 (0xb03f2923) sw      gp, -1262(t5)
core   0: 3 0x8000b4f2 (0xb03f2923) mem 0x80010000 0x00000001
core   0: 0x8000b4f6 (0x0000bfe5) c.j     pc - 8
core   0: 3 0x8000b4f6 (0xbfe5)
core   0: 0x8000b4ee (0x00005f17) auipc   t5, 0x5
core   0: 3 0x8000b4ee (0x00005f17) x30 0x800104ee
core   0: 0x8000b4f2 (0xb03f2923) sw      gp, -1262(t5)
core   0: 3 0x8000b4f2 (0xb03f2923) mem 0x80010000 0x00000001
core   0: 0x8000b4f6 (0x0000bfe5) c.j     pc - 8
core   0: 3 0x8000b4f6 (0xbfe5)
core   0: 0x8000b4ee (0x00005f17) auipc   t5, 0x5
core   0: 3 0x8000b4ee (0x00005f17) x30 0x800104ee
core   0: 0x8000b4f2 (0xb03f2923) sw      gp, -1262(t5)
core   0: 3 0x8000b4f2 (0xb03f2923) mem 0x80010000 0x00000001
core   0: 0x8000b4f6 (0x0000bfe5) c.j     pc - 8
core   0: 3 0x8000b4f6 (0xbfe5)
core   0: 0x8000b4ee (0x00005f17) auipc   t5, 0x5
core   0: 3 0x8000b4ee (0x00005f17) x30 0x800104ee
core   0: 0x8000b4f2 (0xb03f2923) sw      gp, -1262(t5)
core   0: 3 0x8000b4f2 (0xb03f2923) mem 0x80010000 0x00000001
core   0: 0x8000b4f6 (0x0000bfe5) c.j     pc - 8
core   0: 3 0x8000b4f6 (0xbfe5)
core   0: 0x8000b4ee (0x00005f17) auipc   t5, 0x5
core   0: 3 0x8000b4ee (0x00005f17) x30 0x800104ee
core   0: 0x8000b4f2 (0xb03f2923) sw      gp, -1262(t5)
core   0: 3 0x8000b4f2 (0xb03f2923) mem 0x80010000 0x00000001
core   0: 0x8000b4f6 (0x0000bfe5) c.j     pc - 8
core   0: 3 0x8000b4f6 (0xbfe5)
core   0: 0x8000b4ee (0x00005f17) auipc   t5, 0x5
core   0: 3 0x8000b4ee (0x00005f17) x30 0x800104ee
core   0: 0x8000b4f2 (0xb03f2923) sw      gp, -1262(t5)
core   0: 3 0x8000b4f2 (0xb03f2923) mem 0x80010000 0x00000001
core   0: 0x8000b4f6 (0x0000bfe5) c.j     pc - 8
core   0: 3 0x8000b4f6 (0xbfe5)
core   0: 0x8000b4ee (0x00005f17) auipc   t5, 0x5
core   0: 3 0x8000b4ee (0x00005f17) x30 0x800104ee
core   0: 0x8000b4f2 (0xb03f2923) sw      gp, -1262(t5)
core   0: 3 0x8000b4f2 (0xb03f2923) mem 0x80010000 0x00000001
core   0: 0x8000b4f6 (0x0000bfe5) c.j     pc - 8
core   0: 3 0x8000b4f6 (0xbfe5)
core   0: 0x8000b4ee (0x00005f17) auipc   t5, 0x5
core   0: 3 0x8000b4ee (0x00005f17) x30 0x800104ee
core   0: 0x8000b4f2 (0xb03f2923) sw      gp, -1262(t5)
core   0: 3 0x8000b4f2 (0xb03f2923) mem 0x80010000 0x00000001
core   0: 0x8000b4f6 (0x0000bfe5) c.j     pc - 8
core   0: 3 0x8000b4f6 (0xbfe5)
core   0: 0x8000b4ee (0x00005f17) auipc   t5, 0x5
core   0: 3 0x8000b4ee (0x00005f17) x30 0x800104ee
core   0: 0x8000b4f2 (0xb03f2923) sw      gp, -1262(t5)
core   0: 3 0x8000b4f2 (0xb03f2923) mem 0x80010000 0x00000001
core   0: 0x8000b4f6 (0x0000bfe5) c.j     pc - 8
core   0: 3 0x8000b4f6 (0xbfe5)
core   0: 0x8000b4ee (0x00005f17) auipc   t5, 0x5
core   0: 3 0x8000b4ee (0x00005f17) x30 0x800104ee
core   0: 0x8000b4f2 (0xb03f2923) sw      gp, -1262(t5)
core   0: 3 0x8000b4f2 (0xb03f2923) mem 0x80010000 0x00000001
core   0: 0x8000b4f6 (0x0000bfe5) c.j     pc - 8
core   0: 3 0x8000b4f6 (0xbfe5)
core   0: 0x8000b4ee (0x00005f17) auipc   t5, 0x5
core   0: 3 0x8000b4ee (0x00005f17) x30 0x800104ee
core   0: 0x8000b4f2 (0xb03f2923) sw      gp, -1262(t5)
core   0: 3 0x8000b4f2 (0xb03f2923) mem 0x80010000 0x00000001
core   0: 0x8000b4f6 (0x0000bfe5) c.j     pc - 8
core   0: 3 0x8000b4f6 (0xbfe5)
core   0: 0x8000b4ee (0x00005f17) auipc   t5, 0x5
core   0: 3 0x8000b4ee (0x00005f17) x30 0x800104ee
core   0: 0x8000b4f2 (0xb03f2923) sw      gp, -1262(t5)
core   0: 3 0x8000b4f2 (0xb03f2923) mem 0x80010000 0x00000001
core   0: 0x8000b4f6 (0x0000bfe5) c.j     pc - 8
core   0: 3 0x8000b4f6 (0xbfe5)
core   0: 0x8000b4ee (0x00005f17) auipc   t5, 0x5
core   0: 3 0x8000b4ee (0x00005f17) x30 0x800104ee
core   0: 0x8000b4f2 (0xb03f2923) sw      gp, -1262(t5)
core   0: 3 0x8000b4f2 (0xb03f2923) mem 0x80010000 0x00000001
core   0: 0x8000b4f6 (0x0000bfe5) c.j     pc - 8
core   0: 3 0x8000b4f6 (0xbfe5)
core   0: 0x8000b4ee (0x00005f17) auipc   t5, 0x5
core   0: 3 0x8000b4ee (0x00005f17) x30 0x800104ee
core   0: 0x8000b4f2 (0xb03f2923) sw      gp, -1262(t5)
core   0: 3 0x8000b4f2 (0xb03f2923) mem 0x80010000 0x00000001
core   0: 0x8000b4f6 (0x0000bfe5) c.j     pc - 8
core   0: 3 0x8000b4f6 (0xbfe5)
core   0: 0x8000b4ee (0x00005f17) auipc   t5, 0x5
core   0: 3 0x8000b4ee (0x00005f17) x30 0x800104ee
core   0: 0x8000b4f2 (0xb03f2923) sw      gp, -1262(t5)
core   0: 3 0x8000b4f2 (0xb03f2923) mem 0x80010000 0x00000001
core   0: 0x8000b4f6 (0x0000bfe5) c.j     pc - 8
core   0: 3 0x8000b4f6 (0xbfe5)
core   0: 0x8000b4ee (0x00005f17) auipc   t5, 0x5
core   0: 3 0x8000b4ee (0x00005f17) x30 0x800104ee
core   0: 0x8000b4f2 (0xb03f2923) sw      gp, -1262(t5)
core   0: 3 0x8000b4f2 (0xb03f2923) mem 0x80010000 0x00000001
core   0: 0x8000b4f6 (0x0000bfe5) c.j     pc - 8
core   0: 3 0x8000b4f6 (0xbfe5)
core   0: 0x8000b4ee (0x00005f17) auipc   t5, 0x5
core   0: 3 0x8000b4ee (0x00005f17) x30 0x800104ee
core   0: 0x8000b4f2 (0xb03f2923) sw      gp, -1262(t5)
core   0: 3 0x8000b4f2 (0xb03f2923) mem 0x80010000 0x00000001
core   0: 0x8000b4f6 (0x0000bfe5) c.j     pc - 8
core   0: 3 0x8000b4f6 (0xbfe5)
core   0: 0x8000b4ee (0x00005f17) auipc   t5, 0x5
core   0: 3 0x8000b4ee (0x00005f17) x30 0x800104ee
core   0: 0x8000b4f2 (0xb03f2923) sw      gp, -1262(t5)
core   0: 3 0x8000b4f2 (0xb03f2923) mem 0x80010000 0x00000001
core   0: 0x8000b4f6 (0x0000bfe5) c.j     pc - 8
core   0: 3 0x8000b4f6 (0xbfe5)
core   0: 0x8000b4ee (0x00005f17) auipc   t5, 0x5
core   0: 3 0x8000b4ee (0x00005f17) x30 0x800104ee
core   0: 0x8000b4f2 (0xb03f2923) sw      gp, -1262(t5)
core   0: 3 0x8000b4f2 (0xb03f2923) mem 0x80010000 0x00000001
core   0: 0x8000b4f6 (0x0000bfe5) c.j     pc - 8
core   0: 3 0x8000b4f6 (0xbfe5)
core   0: 0x8000b4ee (0x00005f17) auipc   t5, 0x5
core   0: 3 0x8000b4ee (0x00005f17) x30 0x800104ee
core   0: 0x8000b4f2 (0xb03f2923) sw      gp, -1262(t5)
core   0: 3 0x8000b4f2 (0xb03f2923) mem 0x80010000 0x00000001
core   0: 0x8000b4f6 (0x0000bfe5) c.j     pc - 8
core   0: 3 0x8000b4f6 (0xbfe5)
core   0: 0x8000b4ee (0x00005f17) auipc   t5, 0x5
core   0: 3 0x8000b4ee (0x00005f17) x30 0x800104ee
core   0: 0x8000b4f2 (0xb03f2923) sw      gp, -1262(t5)
core   0: 3 0x8000b4f2 (0xb03f2923) mem 0x80010000 0x00000001
core   0: 0x8000b4f6 (0x0000bfe5) c.j     pc - 8
core   0: 3 0x8000b4f6 (0xbfe5)
core   0: 0x8000b4ee (0x00005f17) auipc   t5, 0x5
core   0: 3 0x8000b4ee (0x00005f17) x30 0x800104ee
core   0: 0x8000b4f2 (0xb03f2923) sw      gp, -1262(t5)
core   0: 3 0x8000b4f2 (0xb03f2923) mem 0x80010000 0x00000001
core   0: 0x8000b4f6 (0x0000bfe5) c.j     pc - 8
core   0: 3 0x8000b4f6 (0xbfe5)
core   0: 0x8000b4ee (0x00005f17) auipc   t5, 0x5
core   0: 3 0x8000b4ee (0x00005f17) x30 0x800104ee
core   0: 0x8000b4f2 (0xb03f2923) sw      gp, -1262(t5)
core   0: 3 0x8000b4f2 (0xb03f2923) mem 0x80010000 0x00000001
core   0: 0x8000b4f6 (0x0000bfe5) c.j     pc - 8
core   0: 3 0x8000b4f6 (0xbfe5)
core   0: 0x8000b4ee (0x00005f17) auipc   t5, 0x5
core   0: 3 0x8000b4ee (0x00005f17) x30 0x800104ee
core   0: 0x8000b4f2 (0xb03f2923) sw      gp, -1262(t5)
core   0: 3 0x8000b4f2 (0xb03f2923) mem 0x80010000 0x00000001
core   0: 0x8000b4f6 (0x0000bfe5) c.j     pc - 8
core   0: 3 0x8000b4f6 (0xbfe5)
core   0: 0x8000b4ee (0x00005f17) auipc   t5, 0x5
core   0: 3 0x8000b4ee (0x00005f17) x30 0x800104ee
core   0: 0x8000b4f2 (0xb03f2923) sw      gp, -1262(t5)
core   0: 3 0x8000b4f2 (0xb03f2923) mem 0x80010000 0x00000001
core   0: 0x8000b4f6 (0x0000bfe5) c.j     pc - 8
core   0: 3 0x8000b4f6 (0xbfe5)
core   0: 0x8000b4ee (0x00005f17) auipc   t5, 0x5
core   0: 3 0x8000b4ee (0x00005f17) x30 0x800104ee
core   0: 0x8000b4f2 (0xb03f2923) sw      gp, -1262(t5)
core   0: 3 0x8000b4f2 (0xb03f2923) mem 0x80010000 0x00000001
core   0: 0x8000b4f6 (0x0000bfe5) c.j     pc - 8
core   0: 3 0x8000b4f6 (0xbfe5)
core   0: 0x8000b4ee (0x00005f17) auipc   t5, 0x5
core   0: 3 0x8000b4ee (0x00005f17) x30 0x800104ee
core   0: 0x8000b4f2 (0xb03f2923) sw      gp, -1262(t5)
core   0: 3 0x8000b4f2 (0xb03f2923) mem 0x80010000 0x00000001
core   0: 0x8000b4f6 (0x0000bfe5) c.j     pc - 8
core   0: 3 0x8000b4f6 (0xbfe5)
core   0: 0x8000b4ee (0x00005f17) auipc   t5, 0x5
core   0: 3 0x8000b4ee (0x00005f17) x30 0x800104ee
core   0: 0x8000b4f2 (0xb03f2923) sw      gp, -1262(t5)
core   0: 3 0x8000b4f2 (0xb03f2923) mem 0x80010000 0x00000001
core   0: 0x8000b4f6 (0x0000bfe5) c.j     pc - 8
core   0: 3 0x8000b4f6 (0xbfe5)
core   0: 0x8000b4ee (0x00005f17) auipc   t5, 0x5
core   0: 3 0x8000b4ee (0x00005f17) x30 0x800104ee
core   0: 0x8000b4f2 (0xb03f2923) sw      gp, -1262(t5)
core   0: 3 0x8000b4f2 (0xb03f2923) mem 0x80010000 0x00000001
core   0: 0x8000b4f6 (0x0000bfe5) c.j     pc - 8
core   0: 3 0x8000b4f6 (0xbfe5)
core   0: 0x8000b4ee (0x00005f17) auipc   t5, 0x5
core   0: 3 0x8000b4ee (0x00005f17) x30 0x800104ee
core   0: 0x8000b4f2 (0xb03f2923) sw      gp, -1262(t5)
core   0: 3 0x8000b4f2 (0xb03f2923) mem 0x80010000 0x00000001
core   0: 0x8000b4f6 (0x0000bfe5) c.j     pc - 8
core   0: 3 0x8000b4f6 (0xbfe5)
core   0: 0x8000b4ee (0x00005f17) auipc   t5, 0x5
core   0: 3 0x8000b4ee (0x00005f17) x30 0x800104ee
core   0: 0x8000b4f2 (0xb03f2923) sw      gp, -1262(t5)
core   0: 3 0x8000b4f2 (0xb03f2923) mem 0x80010000 0x00000001
core   0: 0x8000b4f6 (0x0000bfe5) c.j     pc - 8
core   0: 3 0x8000b4f6 (0xbfe5)
core   0: 0x8000b4ee (0x00005f17) auipc   t5, 0x5
core   0: 3 0x8000b4ee (0x00005f17) x30 0x800104ee
core   0: 0x8000b4f2 (0xb03f2923) sw      gp, -1262(t5)
core   0: 3 0x8000b4f2 (0xb03f2923) mem 0x80010000 0x00000001
core   0: 0x8000b4f6 (0x0000bfe5) c.j     pc - 8
core   0: 3 0x8000b4f6 (0xbfe5)
core   0: 0x8000b4ee (0x00005f17) auipc   t5, 0x5
core   0: 3 0x8000b4ee (0x00005f17) x30 0x800104ee
core   0: 0x8000b4f2 (0xb03f2923) sw      gp, -1262(t5)
core   0: 3 0x8000b4f2 (0xb03f2923) mem 0x80010000 0x00000001
core   0: 0x8000b4f6 (0x0000bfe5) c.j     pc - 8
core   0: 3 0x8000b4f6 (0xbfe5)
core   0: 0x8000b4ee (0x00005f17) auipc   t5, 0x5
core   0: 3 0x8000b4ee (0x00005f17) x30 0x800104ee
core   0: 0x8000b4f2 (0xb03f2923) sw      gp, -1262(t5)
core   0: 3 0x8000b4f2 (0xb03f2923) mem 0x80010000 0x00000001
core   0: 0x8000b4f6 (0x0000bfe5) c.j     pc - 8
core   0: 3 0x8000b4f6 (0xbfe5)
core   0: 0x8000b4ee (0x00005f17) auipc   t5, 0x5
core   0: 3 0x8000b4ee (0x00005f17) x30 0x800104ee
core   0: 0x8000b4f2 (0xb03f2923) sw      gp, -1262(t5)
core   0: 3 0x8000b4f2 (0xb03f2923) mem 0x80010000 0x00000001
core   0: 0x8000b4f6 (0x0000bfe5) c.j     pc - 8
core   0: 3 0x8000b4f6 (0xbfe5)
core   0: 0x8000b4ee (0x00005f17) auipc   t5, 0x5
core   0: 3 0x8000b4ee (0x00005f17) x30 0x800104ee
core   0: 0x8000b4f2 (0xb03f2923) sw      gp, -1262(t5)
core   0: 3 0x8000b4f2 (0xb03f2923) mem 0x80010000 0x00000001
core   0: 0x8000b4f6 (0x0000bfe5) c.j     pc - 8
core   0: 3 0x8000b4f6 (0xbfe5)
core   0: 0x8000b4ee (0x00005f17) auipc   t5, 0x5
core   0: 3 0x8000b4ee (0x00005f17) x30 0x800104ee
core   0: 0x8000b4f2 (0xb03f2923) sw      gp, -1262(t5)
core   0: 3 0x8000b4f2 (0xb03f2923) mem 0x80010000 0x00000001
core   0: 0x8000b4f6 (0x0000bfe5) c.j     pc - 8
core   0: 3 0x8000b4f6 (0xbfe5)
core   0: 0x8000b4ee (0x00005f17) auipc   t5, 0x5
core   0: 3 0x8000b4ee (0x00005f17) x30 0x800104ee
core   0: 0x8000b4f2 (0xb03f2923) sw      gp, -1262(t5)
core   0: 3 0x8000b4f2 (0xb03f2923) mem 0x80010000 0x00000001
core   0: 0x8000b4f6 (0x0000bfe5) c.j     pc - 8
core   0: 3 0x8000b4f6 (0xbfe5)
core   0: 0x8000b4ee (0x00005f17) auipc   t5, 0x5
core   0: 3 0x8000b4ee (0x00005f17) x30 0x800104ee
core   0: 0x8000b4f2 (0xb03f2923) sw      gp, -1262(t5)
core   0: 3 0x8000b4f2 (0xb03f2923) mem 0x80010000 0x00000001
core   0: 0x8000b4f6 (0x0000bfe5) c.j     pc - 8
core   0: 3 0x8000b4f6 (0xbfe5)
core   0: 0x8000b4ee (0x00005f17) auipc   t5, 0x5
core   0: 3 0x8000b4ee (0x00005f17) x30 0x800104ee
core   0: 0x8000b4f2 (0xb03f2923) sw      gp, -1262(t5)
core   0: 3 0x8000b4f2 (0xb03f2923) mem 0x80010000 0x00000001
core   0: 0x8000b4f6 (0x0000bfe5) c.j     pc - 8
core   0: 3 0x8000b4f6 (0xbfe5)
core   0: 0x8000b4ee (0x00005f17) auipc   t5, 0x5
core   0: 3 0x8000b4ee (0x00005f17) x30 0x800104ee
core   0: 0x8000b4f2 (0xb03f2923) sw      gp, -1262(t5)
core   0: 3 0x8000b4f2 (0xb03f2923) mem 0x80010000 0x00000001
core   0: 0x8000b4f6 (0x0000bfe5) c.j     pc - 8
core   0: 3 0x8000b4f6 (0xbfe5)
core   0: 0x8000b4ee (0x00005f17) auipc   t5, 0x5
core   0: 3 0x8000b4ee (0x00005f17) x30 0x800104ee
core   0: 0x8000b4f2 (0xb03f2923) sw      gp, -1262(t5)
core   0: 3 0x8000b4f2 (0xb03f2923) mem 0x80010000 0x00000001
core   0: 0x8000b4f6 (0x0000bfe5) c.j     pc - 8
core   0: 3 0x8000b4f6 (0xbfe5)
core   0: 0x8000b4ee (0x00005f17) auipc   t5, 0x5
core   0: 3 0x8000b4ee (0x00005f17) x30 0x800104ee
core   0: 0x8000b4f2 (0xb03f2923) sw      gp, -1262(t5)
core   0: 3 0x8000b4f2 (0xb03f2923) mem 0x80010000 0x00000001
core   0: 0x8000b4f6 (0x0000bfe5) c.j     pc - 8
core   0: 3 0x8000b4f6 (0xbfe5)
core   0: 0x8000b4ee (0x00005f17) auipc   t5, 0x5
core   0: 3 0x8000b4ee (0x00005f17) x30 0x800104ee
core   0: 0x8000b4f2 (0xb03f2923) sw      gp, -1262(t5)
core   0: 3 0x8000b4f2 (0xb03f2923) mem 0x80010000 0x00000001
core   0: 0x8000b4f6 (0x0000bfe5) c.j     pc - 8
core   0: 3 0x8000b4f6 (0xbfe5)
core   0: 0x8000b4ee (0x00005f17) auipc   t5, 0x5
core   0: 3 0x8000b4ee (0x00005f17) x30 0x800104ee
core   0: 0x8000b4f2 (0xb03f2923) sw      gp, -1262(t5)
core   0: 3 0x8000b4f2 (0xb03f2923) mem 0x80010000 0x00000001
core   0: 0x8000b4f6 (0x0000bfe5) c.j     pc - 8
core   0: 3 0x8000b4f6 (0xbfe5)
core   0: 0x8000b4ee (0x00005f17) auipc   t5, 0x5
core   0: 3 0x8000b4ee (0x00005f17) x30 0x800104ee
core   0: 0x8000b4f2 (0xb03f2923) sw      gp, -1262(t5)
core   0: 3 0x8000b4f2 (0xb03f2923) mem 0x80010000 0x00000001
core   0: 0x8000b4f6 (0x0000bfe5) c.j     pc - 8
core   0: 3 0x8000b4f6 (0xbfe5)
core   0: 0x8000b4ee (0x00005f17) auipc   t5, 0x5
core   0: 3 0x8000b4ee (0x00005f17) x30 0x800104ee
core   0: 0x8000b4f2 (0xb03f2923) sw      gp, -1262(t5)
core   0: 3 0x8000b4f2 (0xb03f2923) mem 0x80010000 0x00000001
core   0: 0x8000b4f6 (0x0000bfe5) c.j     pc - 8
core   0: 3 0x8000b4f6 (0xbfe5)
core   0: 0x8000b4ee (0x00005f17) auipc   t5, 0x5
core   0: 3 0x8000b4ee (0x00005f17) x30 0x800104ee
core   0: 0x8000b4f2 (0xb03f2923) sw      gp, -1262(t5)
core   0: 3 0x8000b4f2 (0xb03f2923) mem 0x80010000 0x00000001
core   0: 0x8000b4f6 (0x0000bfe5) c.j     pc - 8
core   0: 3 0x8000b4f6 (0xbfe5)
core   0: 0x8000b4ee (0x00005f17) auipc   t5, 0x5
core   0: 3 0x8000b4ee (0x00005f17) x30 0x800104ee
core   0: 0x8000b4f2 (0xb03f2923) sw      gp, -1262(t5)
core   0: 3 0x8000b4f2 (0xb03f2923) mem 0x80010000 0x00000001
core   0: 0x8000b4f6 (0x0000bfe5) c.j     pc - 8
core   0: 3 0x8000b4f6 (0xbfe5)
core   0: 0x8000b4ee (0x00005f17) auipc   t5, 0x5
core   0: 3 0x8000b4ee (0x00005f17) x30 0x800104ee
core   0: 0x8000b4f2 (0xb03f2923) sw      gp, -1262(t5)
core   0: 3 0x8000b4f2 (0xb03f2923) mem 0x80010000 0x00000001
core   0: 0x8000b4f6 (0x0000bfe5) c.j     pc - 8
core   0: 3 0x8000b4f6 (0xbfe5)
core   0: 0x8000b4ee (0x00005f17) auipc   t5, 0x5
core   0: 3 0x8000b4ee (0x00005f17) x30 0x800104ee
core   0: 0x8000b4f2 (0xb03f2923) sw      gp, -1262(t5)
core   0: 3 0x8000b4f2 (0xb03f2923) mem 0x80010000 0x00000001
core   0: 0x8000b4f6 (0x0000bfe5) c.j     pc - 8
core   0: 3 0x8000b4f6 (0xbfe5)
core   0: 0x8000b4ee (0x00005f17) auipc   t5, 0x5
core   0: 3 0x8000b4ee (0x00005f17) x30 0x800104ee
core   0: 0x8000b4f2 (0xb03f2923) sw      gp, -1262(t5)
core   0: 3 0x8000b4f2 (0xb03f2923) mem 0x80010000 0x00000001
core   0: 0x8000b4f6 (0x0000bfe5) c.j     pc - 8
core   0: 3 0x8000b4f6 (0xbfe5)
core   0: 0x8000b4ee (0x00005f17) auipc   t5, 0x5
core   0: 3 0x8000b4ee (0x00005f17) x30 0x800104ee
core   0: 0x8000b4f2 (0xb03f2923) sw      gp, -1262(t5)
core   0: 3 0x8000b4f2 (0xb03f2923) mem 0x80010000 0x00000001
core   0: 0x8000b4f6 (0x0000bfe5) c.j     pc - 8
core   0: 3 0x8000b4f6 (0xbfe5)
core   0: 0x8000b4ee (0x00005f17) auipc   t5, 0x5
core   0: 3 0x8000b4ee (0x00005f17) x30 0x800104ee
core   0: 0x8000b4f2 (0xb03f2923) sw      gp, -1262(t5)
core   0: 3 0x8000b4f2 (0xb03f2923) mem 0x80010000 0x00000001
core   0: 0x8000b4f6 (0x0000bfe5) c.j     pc - 8
core   0: 3 0x8000b4f6 (0xbfe5)
core   0: 0x8000b4ee (0x00005f17) auipc   t5, 0x5
core   0: 3 0x8000b4ee (0x00005f17) x30 0x800104ee
core   0: 0x8000b4f2 (0xb03f2923) sw      gp, -1262(t5)
core   0: 3 0x8000b4f2 (0xb03f2923) mem 0x80010000 0x00000001
core   0: 0x8000b4f6 (0x0000bfe5) c.j     pc - 8
core   0: 3 0x8000b4f6 (0xbfe5)
core   0: 0x8000b4ee (0x00005f17) auipc   t5, 0x5
core   0: 3 0x8000b4ee (0x00005f17) x30 0x800104ee
core   0: 0x8000b4f2 (0xb03f2923) sw      gp, -1262(t5)
core   0: 3 0x8000b4f2 (0xb03f2923) mem 0x80010000 0x00000001
core   0: 0x8000b4f6 (0x0000bfe5) c.j     pc - 8
core   0: 3 0x8000b4f6 (0xbfe5)
core   0: 0x8000b4ee (0x00005f17) auipc   t5, 0x5
core   0: 3 0x8000b4ee (0x00005f17) x30 0x800104ee
core   0: 0x8000b4f2 (0xb03f2923) sw      gp, -1262(t5)
core   0: 3 0x8000b4f2 (0xb03f2923) mem 0x80010000 0x00000001
core   0: 0x8000b4f6 (0x0000bfe5) c.j     pc - 8
core   0: 3 0x8000b4f6 (0xbfe5)
core   0: 0x8000b4ee (0x00005f17) auipc   t5, 0x5
core   0: 3 0x8000b4ee (0x00005f17) x30 0x800104ee
core   0: 0x8000b4f2 (0xb03f2923) sw      gp, -1262(t5)
core   0: 3 0x8000b4f2 (0xb03f2923) mem 0x80010000 0x00000001
core   0: 0x8000b4f6 (0x0000bfe5) c.j     pc - 8
core   0: 3 0x8000b4f6 (0xbfe5)
core   0: 0x8000b4ee (0x00005f17) auipc   t5, 0x5
core   0: 3 0x8000b4ee (0x00005f17) x30 0x800104ee
core   0: 0x8000b4f2 (0xb03f2923) sw      gp, -1262(t5)
core   0: 3 0x8000b4f2 (0xb03f2923) mem 0x80010000 0x00000001
core   0: 0x8000b4f6 (0x0000bfe5) c.j     pc - 8
core   0: 3 0x8000b4f6 (0xbfe5)
core   0: 0x8000b4ee (0x00005f17) auipc   t5, 0x5
core   0: 3 0x8000b4ee (0x00005f17) x30 0x800104ee
core   0: 0x8000b4f2 (0xb03f2923) sw      gp, -1262(t5)
core   0: 3 0x8000b4f2 (0xb03f2923) mem 0x80010000 0x00000001
core   0: 0x8000b4f6 (0x0000bfe5) c.j     pc - 8
core   0: 3 0x8000b4f6 (0xbfe5)
core   0: 0x8000b4ee (0x00005f17) auipc   t5, 0x5
core   0: 3 0x8000b4ee (0x00005f17) x30 0x800104ee
core   0: 0x8000b4f2 (0xb03f2923) sw      gp, -1262(t5)
core   0: 3 0x8000b4f2 (0xb03f2923) mem 0x80010000 0x00000001
core   0: 0x8000b4f6 (0x0000bfe5) c.j     pc - 8
core   0: 3 0x8000b4f6 (0xbfe5)
core   0: 0x8000b4ee (0x00005f17) auipc   t5, 0x5
core   0: 3 0x8000b4ee (0x00005f17) x30 0x800104ee
core   0: 0x8000b4f2 (0xb03f2923) sw      gp, -1262(t5)
core   0: 3 0x8000b4f2 (0xb03f2923) mem 0x80010000 0x00000001
core   0: 0x8000b4f6 (0x0000bfe5) c.j     pc - 8
core   0: 3 0x8000b4f6 (0xbfe5)
core   0: 0x8000b4ee (0x00005f17) auipc   t5, 0x5
core   0: 3 0x8000b4ee (0x00005f17) x30 0x800104ee
core   0: 0x8000b4f2 (0xb03f2923) sw      gp, -1262(t5)
core   0: 3 0x8000b4f2 (0xb03f2923) mem 0x80010000 0x00000001
core   0: 0x8000b4f6 (0x0000bfe5) c.j     pc - 8
core   0: 3 0x8000b4f6 (0xbfe5)
core   0: 0x8000b4ee (0x00005f17) auipc   t5, 0x5
core   0: 3 0x8000b4ee (0x00005f17) x30 0x800104ee
core   0: 0x8000b4f2 (0xb03f2923) sw      gp, -1262(t5)
core   0: 3 0x8000b4f2 (0xb03f2923) mem 0x80010000 0x00000001
core   0: 0x8000b4f6 (0x0000bfe5) c.j     pc - 8
core   0: 3 0x8000b4f6 (0xbfe5)
core   0: 0x8000b4ee (0x00005f17) auipc   t5, 0x5
core   0: 3 0x8000b4ee (0x00005f17) x30 0x800104ee
core   0: 0x8000b4f2 (0xb03f2923) sw      gp, -1262(t5)
core   0: 3 0x8000b4f2 (0xb03f2923) mem 0x80010000 0x00000001
core   0: 0x8000b4f6 (0x0000bfe5) c.j     pc - 8
core   0: 3 0x8000b4f6 (0xbfe5)
core   0: 0x8000b4ee (0x00005f17) auipc   t5, 0x5
core   0: 3 0x8000b4ee (0x00005f17) x30 0x800104ee
core   0: 0x8000b4f2 (0xb03f2923) sw      gp, -1262(t5)
core   0: 3 0x8000b4f2 (0xb03f2923) mem 0x80010000 0x00000001
core   0: 0x8000b4f6 (0x0000bfe5) c.j     pc - 8
core   0: 3 0x8000b4f6 (0xbfe5)
core   0: 0x8000b4ee (0x00005f17) auipc   t5, 0x5
core   0: 3 0x8000b4ee (0x00005f17) x30 0x800104ee
core   0: 0x8000b4f2 (0xb03f2923) sw      gp, -1262(t5)
core   0: 3 0x8000b4f2 (0xb03f2923) mem 0x80010000 0x00000001
core   0: 0x8000b4f6 (0x0000bfe5) c.j     pc - 8
core   0: 3 0x8000b4f6 (0xbfe5)
core   0: 0x8000b4ee (0x00005f17) auipc   t5, 0x5
core   0: 3 0x8000b4ee (0x00005f17) x30 0x800104ee
core   0: 0x8000b4f2 (0xb03f2923) sw      gp, -1262(t5)
core   0: 3 0x8000b4f2 (0xb03f2923) mem 0x80010000 0x00000001
core   0: 0x8000b4f6 (0x0000bfe5) c.j     pc - 8
core   0: 3 0x8000b4f6 (0xbfe5)
core   0: 0x8000b4ee (0x00005f17) auipc   t5, 0x5
core   0: 3 0x8000b4ee (0x00005f17) x30 0x800104ee
core   0: 0x8000b4f2 (0xb03f2923) sw      gp, -1262(t5)
core   0: 3 0x8000b4f2 (0xb03f2923) mem 0x80010000 0x00000001
core   0: 0x8000b4f6 (0x0000bfe5) c.j     pc - 8
core   0: 3 0x8000b4f6 (0xbfe5)
core   0: 0x8000b4ee (0x00005f17) auipc   t5, 0x5
core   0: 3 0x8000b4ee (0x00005f17) x30 0x800104ee
core   0: 0x8000b4f2 (0xb03f2923) sw      gp, -1262(t5)
core   0: 3 0x8000b4f2 (0xb03f2923) mem 0x80010000 0x00000001
core   0: 0x8000b4f6 (0x0000bfe5) c.j     pc - 8
core   0: 3 0x8000b4f6 (0xbfe5)
core   0: 0x8000b4ee (0x00005f17) auipc   t5, 0x5
core   0: 3 0x8000b4ee (0x00005f17) x30 0x800104ee
core   0: 0x8000b4f2 (0xb03f2923) sw      gp, -1262(t5)
core   0: 3 0x8000b4f2 (0xb03f2923) mem 0x80010000 0x00000001
core   0: 0x8000b4f6 (0x0000bfe5) c.j     pc - 8
core   0: 3 0x8000b4f6 (0xbfe5)
core   0: 0x8000b4ee (0x00005f17) auipc   t5, 0x5
core   0: 3 0x8000b4ee (0x00005f17) x30 0x800104ee
core   0: 0x8000b4f2 (0xb03f2923) sw      gp, -1262(t5)
core   0: 3 0x8000b4f2 (0xb03f2923) mem 0x80010000 0x00000001
core   0: 0x8000b4f6 (0x0000bfe5) c.j     pc - 8
core   0: 3 0x8000b4f6 (0xbfe5)
core   0: 0x8000b4ee (0x00005f17) auipc   t5, 0x5
core   0: 3 0x8000b4ee (0x00005f17) x30 0x800104ee
core   0: 0x8000b4f2 (0xb03f2923) sw      gp, -1262(t5)
core   0: 3 0x8000b4f2 (0xb03f2923) mem 0x80010000 0x00000001
core   0: 0x8000b4f6 (0x0000bfe5) c.j     pc - 8
core   0: 3 0x8000b4f6 (0xbfe5)
core   0: 0x8000b4ee (0x00005f17) auipc   t5, 0x5
core   0: 3 0x8000b4ee (0x00005f17) x30 0x800104ee
core   0: 0x8000b4f2 (0xb03f2923) sw      gp, -1262(t5)
core   0: 3 0x8000b4f2 (0xb03f2923) mem 0x80010000 0x00000001
core   0: 0x8000b4f6 (0x0000bfe5) c.j     pc - 8
core   0: 3 0x8000b4f6 (0xbfe5)
core   0: 0x8000b4ee (0x00005f17) auipc   t5, 0x5
core   0: 3 0x8000b4ee (0x00005f17) x30 0x800104ee
core   0: 0x8000b4f2 (0xb03f2923) sw      gp, -1262(t5)
core   0: 3 0x8000b4f2 (0xb03f2923) mem 0x80010000 0x00000001
core   0: 0x8000b4f6 (0x0000bfe5) c.j     pc - 8
core   0: 3 0x8000b4f6 (0xbfe5)
core   0: 0x8000b4ee (0x00005f17) auipc   t5, 0x5
core   0: 3 0x8000b4ee (0x00005f17) x30 0x800104ee
core   0: 0x8000b4f2 (0xb03f2923) sw      gp, -1262(t5)
core   0: 3 0x8000b4f2 (0xb03f2923) mem 0x80010000 0x00000001
core   0: 0x8000b4f6 (0x0000bfe5) c.j     pc - 8
core   0: 3 0x8000b4f6 (0xbfe5)
core   0: 0x8000b4ee (0x00005f17) auipc   t5, 0x5
core   0: 3 0x8000b4ee (0x00005f17) x30 0x800104ee
core   0: 0x8000b4f2 (0xb03f2923) sw      gp, -1262(t5)
core   0: 3 0x8000b4f2 (0xb03f2923) mem 0x80010000 0x00000001
core   0: 0x8000b4f6 (0x0000bfe5) c.j     pc - 8
core   0: 3 0x8000b4f6 (0xbfe5)
core   0: 0x8000b4ee (0x00005f17) auipc   t5, 0x5
core   0: 3 0x8000b4ee (0x00005f17) x30 0x800104ee
core   0: 0x8000b4f2 (0xb03f2923) sw      gp, -1262(t5)
core   0: 3 0x8000b4f2 (0xb03f2923) mem 0x80010000 0x00000001
core   0: 0x8000b4f6 (0x0000bfe5) c.j     pc - 8
core   0: 3 0x8000b4f6 (0xbfe5)
core   0: 0x8000b4ee (0x00005f17) auipc   t5, 0x5
core   0: 3 0x8000b4ee (0x00005f17) x30 0x800104ee
core   0: 0x8000b4f2 (0xb03f2923) sw      gp, -1262(t5)
core   0: 3 0x8000b4f2 (0xb03f2923) mem 0x80010000 0x00000001
core   0: 0x8000b4f6 (0x0000bfe5) c.j     pc - 8
core   0: 3 0x8000b4f6 (0xbfe5)
core   0: 0x8000b4ee (0x00005f17) auipc   t5, 0x5
core   0: 3 0x8000b4ee (0x00005f17) x30 0x800104ee
core   0: 0x8000b4f2 (0xb03f2923) sw      gp, -1262(t5)
core   0: 3 0x8000b4f2 (0xb03f2923) mem 0x80010000 0x00000001
core   0: 0x8000b4f6 (0x0000bfe5) c.j     pc - 8
core   0: 3 0x8000b4f6 (0xbfe5)
core   0: 0x8000b4ee (0x00005f17) auipc   t5, 0x5
core   0: 3 0x8000b4ee (0x00005f17) x30 0x800104ee
core   0: 0x8000b4f2 (0xb03f2923) sw      gp, -1262(t5)
core   0: 3 0x8000b4f2 (0xb03f2923) mem 0x80010000 0x00000001
core   0: 0x8000b4f6 (0x0000bfe5) c.j     pc - 8
core   0: 3 0x8000b4f6 (0xbfe5)
core   0: 0x8000b4ee (0x00005f17) auipc   t5, 0x5
core   0: 3 0x8000b4ee (0x00005f17) x30 0x800104ee
core   0: 0x8000b4f2 (0xb03f2923) sw      gp, -1262(t5)
core   0: 3 0x8000b4f2 (0xb03f2923) mem 0x80010000 0x00000001
core   0: 0x8000b4f6 (0x0000bfe5) c.j     pc - 8
core   0: 3 0x8000b4f6 (0xbfe5)
core   0: 0x8000b4ee (0x00005f17) auipc   t5, 0x5
core   0: 3 0x8000b4ee (0x00005f17) x30 0x800104ee
core   0: 0x8000b4f2 (0xb03f2923) sw      gp, -1262(t5)
core   0: 3 0x8000b4f2 (0xb03f2923) mem 0x80010000 0x00000001
core   0: 0x8000b4f6 (0x0000bfe5) c.j     pc - 8
core   0: 3 0x8000b4f6 (0xbfe5)
core   0: 0x8000b4ee (0x00005f17) auipc   t5, 0x5
core   0: 3 0x8000b4ee (0x00005f17) x30 0x800104ee
core   0: 0x8000b4f2 (0xb03f2923) sw      gp, -1262(t5)
core   0: 3 0x8000b4f2 (0xb03f2923) mem 0x80010000 0x00000001
core   0: 0x8000b4f6 (0x0000bfe5) c.j     pc - 8
core   0: 3 0x8000b4f6 (0xbfe5)
core   0: 0x8000b4ee (0x00005f17) auipc   t5, 0x5
core   0: 3 0x8000b4ee (0x00005f17) x30 0x800104ee
core   0: 0x8000b4f2 (0xb03f2923) sw      gp, -1262(t5)
core   0: 3 0x8000b4f2 (0xb03f2923) mem 0x80010000 0x00000001
core   0: 0x8000b4f6 (0x0000bfe5) c.j     pc - 8
core   0: 3 0x8000b4f6 (0xbfe5)
core   0: 0x8000b4ee (0x00005f17) auipc   t5, 0x5
core   0: 3 0x8000b4ee (0x00005f17) x30 0x800104ee
core   0: 0x8000b4f2 (0xb03f2923) sw      gp, -1262(t5)
core   0: 3 0x8000b4f2 (0xb03f2923) mem 0x80010000 0x00000001
core   0: 0x8000b4f6 (0x0000bfe5) c.j     pc - 8
core   0: 3 0x8000b4f6 (0xbfe5)
core   0: 0x8000b4ee (0x00005f17) auipc   t5, 0x5
core   0: 3 0x8000b4ee (0x00005f17) x30 0x800104ee
core   0: 0x8000b4f2 (0xb03f2923) sw      gp, -1262(t5)
core   0: 3 0x8000b4f2 (0xb03f2923) mem 0x80010000 0x00000001
core   0: 0x8000b4f6 (0x0000bfe5) c.j     pc - 8
core   0: 3 0x8000b4f6 (0xbfe5)
core   0: 0x8000b4ee (0x00005f17) auipc   t5, 0x5
core   0: 3 0x8000b4ee (0x00005f17) x30 0x800104ee
core   0: 0x8000b4f2 (0xb03f2923) sw      gp, -1262(t5)
core   0: 3 0x8000b4f2 (0xb03f2923) mem 0x80010000 0x00000001
core   0: 0x8000b4f6 (0x0000bfe5) c.j     pc - 8
core   0: 3 0x8000b4f6 (0xbfe5)
core   0: 0x8000b4ee (0x00005f17) auipc   t5, 0x5
core   0: 3 0x8000b4ee (0x00005f17) x30 0x800104ee
core   0: 0x8000b4f2 (0xb03f2923) sw      gp, -1262(t5)
core   0: 3 0x8000b4f2 (0xb03f2923) mem 0x80010000 0x00000001
core   0: 0x8000b4f6 (0x0000bfe5) c.j     pc - 8
core   0: 3 0x8000b4f6 (0xbfe5)
core   0: 0x8000b4ee (0x00005f17) auipc   t5, 0x5
core   0: 3 0x8000b4ee (0x00005f17) x30 0x800104ee
core   0: 0x8000b4f2 (0xb03f2923) sw      gp, -1262(t5)
core   0: 3 0x8000b4f2 (0xb03f2923) mem 0x80010000 0x00000001
core   0: 0x8000b4f6 (0x0000bfe5) c.j     pc - 8
core   0: 3 0x8000b4f6 (0xbfe5)
core   0: 0x8000b4ee (0x00005f17) auipc   t5, 0x5
core   0: 3 0x8000b4ee (0x00005f17) x30 0x800104ee
core   0: 0x8000b4f2 (0xb03f2923) sw      gp, -1262(t5)
core   0: 3 0x8000b4f2 (0xb03f2923) mem 0x80010000 0x00000001
core   0: 0x8000b4f6 (0x0000bfe5) c.j     pc - 8
core   0: 3 0x8000b4f6 (0xbfe5)
core   0: 0x8000b4ee (0x00005f17) auipc   t5, 0x5
core   0: 3 0x8000b4ee (0x00005f17) x30 0x800104ee
core   0: 0x8000b4f2 (0xb03f2923) sw      gp, -1262(t5)
core   0: 3 0x8000b4f2 (0xb03f2923) mem 0x80010000 0x00000001
core   0: 0x8000b4f6 (0x0000bfe5) c.j     pc - 8
core   0: 3 0x8000b4f6 (0xbfe5)
core   0: 0x8000b4ee (0x00005f17) auipc   t5, 0x5
core   0: 3 0x8000b4ee (0x00005f17) x30 0x800104ee
core   0: 0x8000b4f2 (0xb03f2923) sw      gp, -1262(t5)
core   0: 3 0x8000b4f2 (0xb03f2923) mem 0x80010000 0x00000001
core   0: 0x8000b4f6 (0x0000bfe5) c.j     pc - 8
core   0: 3 0x8000b4f6 (0xbfe5)
core   0: 0x8000b4ee (0x00005f17) auipc   t5, 0x5
core   0: 3 0x8000b4ee (0x00005f17) x30 0x800104ee
core   0: 0x8000b4f2 (0xb03f2923) sw      gp, -1262(t5)
core   0: 3 0x8000b4f2 (0xb03f2923) mem 0x80010000 0x00000001
core   0: 0x8000b4f6 (0x0000bfe5) c.j     pc - 8
core   0: 3 0x8000b4f6 (0xbfe5)
core   0: 0x8000b4ee (0x00005f17) auipc   t5, 0x5
core   0: 3 0x8000b4ee (0x00005f17) x30 0x800104ee
core   0: 0x8000b4f2 (0xb03f2923) sw      gp, -1262(t5)
core   0: 3 0x8000b4f2 (0xb03f2923) mem 0x80010000 0x00000001
core   0: 0x8000b4f6 (0x0000bfe5) c.j     pc - 8
core   0: 3 0x8000b4f6 (0xbfe5)
core   0: 0x8000b4ee (0x00005f17) auipc   t5, 0x5
core   0: 3 0x8000b4ee (0x00005f17) x30 0x800104ee
core   0: 0x8000b4f2 (0xb03f2923) sw      gp, -1262(t5)
core   0: 3 0x8000b4f2 (0xb03f2923) mem 0x80010000 0x00000001
core   0: 0x8000b4f6 (0x0000bfe5) c.j     pc - 8
core   0: 3 0x8000b4f6 (0xbfe5)
core   0: 0x8000b4ee (0x00005f17) auipc   t5, 0x5
core   0: 3 0x8000b4ee (0x00005f17) x30 0x800104ee
core   0: 0x8000b4f2 (0xb03f2923) sw      gp, -1262(t5)
core   0: 3 0x8000b4f2 (0xb03f2923) mem 0x80010000 0x00000001
core   0: 0x8000b4f6 (0x0000bfe5) c.j     pc - 8
core   0: 3 0x8000b4f6 (0xbfe5)
core   0: 0x8000b4ee (0x00005f17) auipc   t5, 0x5
core   0: 3 0x8000b4ee (0x00005f17) x30 0x800104ee
core   0: 0x8000b4f2 (0xb03f2923) sw      gp, -1262(t5)
core   0: 3 0x8000b4f2 (0xb03f2923) mem 0x80010000 0x00000001
core   0: 0x8000b4f6 (0x0000bfe5) c.j     pc - 8
core   0: 3 0x8000b4f6 (0xbfe5)
core   0: 0x8000b4ee (0x00005f17) auipc   t5, 0x5
core   0: 3 0x8000b4ee (0x00005f17) x30 0x800104ee
core   0: 0x8000b4f2 (0xb03f2923) sw      gp, -1262(t5)
core   0: 3 0x8000b4f2 (0xb03f2923) mem 0x80010000 0x00000001
core   0: 0x8000b4f6 (0x0000bfe5) c.j     pc - 8
core   0: 3 0x8000b4f6 (0xbfe5)
core   0: 0x8000b4ee (0x00005f17) auipc   t5, 0x5
core   0: 3 0x8000b4ee (0x00005f17) x30 0x800104ee
core   0: 0x8000b4f2 (0xb03f2923) sw      gp, -1262(t5)
core   0: 3 0x8000b4f2 (0xb03f2923) mem 0x80010000 0x00000001
core   0: 0x8000b4f6 (0x0000bfe5) c.j     pc - 8
core   0: 3 0x8000b4f6 (0xbfe5)
core   0: 0x8000b4ee (0x00005f17) auipc   t5, 0x5
core   0: 3 0x8000b4ee (0x00005f17) x30 0x800104ee
core   0: 0x8000b4f2 (0xb03f2923) sw      gp, -1262(t5)
core   0: 3 0x8000b4f2 (0xb03f2923) mem 0x80010000 0x00000001
core   0: 0x8000b4f6 (0x0000bfe5) c.j     pc - 8
core   0: 3 0x8000b4f6 (0xbfe5)
core   0: 0x8000b4ee (0x00005f17) auipc   t5, 0x5
core   0: 3 0x8000b4ee (0x00005f17) x30 0x800104ee
core   0: 0x8000b4f2 (0xb03f2923) sw      gp, -1262(t5)
core   0: 3 0x8000b4f2 (0xb03f2923) mem 0x80010000 0x00000001
core   0: 0x8000b4f6 (0x0000bfe5) c.j     pc - 8
core   0: 3 0x8000b4f6 (0xbfe5)
core   0: 0x8000b4ee (0x00005f17) auipc   t5, 0x5
core   0: 3 0x8000b4ee (0x00005f17) x30 0x800104ee
core   0: 0x8000b4f2 (0xb03f2923) sw      gp, -1262(t5)
core   0: 3 0x8000b4f2 (0xb03f2923) mem 0x80010000 0x00000001
core   0: 0x8000b4f6 (0x0000bfe5) c.j     pc - 8
core   0: 3 0x8000b4f6 (0xbfe5)
core   0: 0x8000b4ee (0x00005f17) auipc   t5, 0x5
core   0: 3 0x8000b4ee (0x00005f17) x30 0x800104ee
core   0: 0x8000b4f2 (0xb03f2923) sw      gp, -1262(t5)
core   0: 3 0x8000b4f2 (0xb03f2923) mem 0x80010000 0x00000001
core   0: 0x8000b4f6 (0x0000bfe5) c.j     pc - 8
core   0: 3 0x8000b4f6 (0xbfe5)
core   0: 0x8000b4ee (0x00005f17) auipc   t5, 0x5
core   0: 3 0x8000b4ee (0x00005f17) x30 0x800104ee
core   0: 0x8000b4f2 (0xb03f2923) sw      gp, -1262(t5)
core   0: 3 0x8000b4f2 (0xb03f2923) mem 0x80010000 0x00000001
core   0: 0x8000b4f6 (0x0000bfe5) c.j     pc - 8
core   0: 3 0x8000b4f6 (0xbfe5)
core   0: 0x8000b4ee (0x00005f17) auipc   t5, 0x5
core   0: 3 0x8000b4ee (0x00005f17) x30 0x800104ee
core   0: 0x8000b4f2 (0xb03f2923) sw      gp, -1262(t5)
core   0: 3 0x8000b4f2 (0xb03f2923) mem 0x80010000 0x00000001
core   0: 0x8000b4f6 (0x0000bfe5) c.j     pc - 8
core   0: 3 0x8000b4f6 (0xbfe5)
core   0: 0x8000b4ee (0x00005f17) auipc   t5, 0x5
core   0: 3 0x8000b4ee (0x00005f17) x30 0x800104ee
core   0: 0x8000b4f2 (0xb03f2923) sw      gp, -1262(t5)
core   0: 3 0x8000b4f2 (0xb03f2923) mem 0x80010000 0x00000001
core   0: 0x8000b4f6 (0x0000bfe5) c.j     pc - 8
core   0: 3 0x8000b4f6 (0xbfe5)
core   0: 0x8000b4ee (0x00005f17) auipc   t5, 0x5
core   0: 3 0x8000b4ee (0x00005f17) x30 0x800104ee
core   0: 0x8000b4f2 (0xb03f2923) sw      gp, -1262(t5)
core   0: 3 0x8000b4f2 (0xb03f2923) mem 0x80010000 0x00000001
core   0: 0x8000b4f6 (0x0000bfe5) c.j     pc - 8
core   0: 3 0x8000b4f6 (0xbfe5)
core   0: 0x8000b4ee (0x00005f17) auipc   t5, 0x5
core   0: 3 0x8000b4ee (0x00005f17) x30 0x800104ee
core   0: 0x8000b4f2 (0xb03f2923) sw      gp, -1262(t5)
core   0: 3 0x8000b4f2 (0xb03f2923) mem 0x80010000 0x00000001
core   0: 0x8000b4f6 (0x0000bfe5) c.j     pc - 8
core   0: 3 0x8000b4f6 (0xbfe5)
core   0: 0x8000b4ee (0x00005f17) auipc   t5, 0x5
core   0: 3 0x8000b4ee (0x00005f17) x30 0x800104ee
core   0: 0x8000b4f2 (0xb03f2923) sw      gp, -1262(t5)
core   0: 3 0x8000b4f2 (0xb03f2923) mem 0x80010000 0x00000001
core   0: 0x8000b4f6 (0x0000bfe5) c.j     pc - 8
core   0: 3 0x8000b4f6 (0xbfe5)
core   0: 0x8000b4ee (0x00005f17) auipc   t5, 0x5
core   0: 3 0x8000b4ee (0x00005f17) x30 0x800104ee
core   0: 0x8000b4f2 (0xb03f2923) sw      gp, -1262(t5)
core   0: 3 0x8000b4f2 (0xb03f2923) mem 0x80010000 0x00000001
core   0: 0x8000b4f6 (0x0000bfe5) c.j     pc - 8
core   0: 3 0x8000b4f6 (0xbfe5)
core   0: 0x8000b4ee (0x00005f17) auipc   t5, 0x5
core   0: 3 0x8000b4ee (0x00005f17) x30 0x800104ee
core   0: 0x8000b4f2 (0xb03f2923) sw      gp, -1262(t5)
core   0: 3 0x8000b4f2 (0xb03f2923) mem 0x80010000 0x00000001
core   0: 0x8000b4f6 (0x0000bfe5) c.j     pc - 8
core   0: 3 0x8000b4f6 (0xbfe5)
core   0: 0x8000b4ee (0x00005f17) auipc   t5, 0x5
core   0: 3 0x8000b4ee (0x00005f17) x30 0x800104ee
core   0: 0x8000b4f2 (0xb03f2923) sw      gp, -1262(t5)
core   0: 3 0x8000b4f2 (0xb03f2923) mem 0x80010000 0x00000001
core   0: 0x8000b4f6 (0x0000bfe5) c.j     pc - 8
core   0: 3 0x8000b4f6 (0xbfe5)
core   0: 0x8000b4ee (0x00005f17) auipc   t5, 0x5
core   0: 3 0x8000b4ee (0x00005f17) x30 0x800104ee
core   0: 0x8000b4f2 (0xb03f2923) sw      gp, -1262(t5)
core   0: 3 0x8000b4f2 (0xb03f2923) mem 0x80010000 0x00000001
core   0: 0x8000b4f6 (0x0000bfe5) c.j     pc - 8
core   0: 3 0x8000b4f6 (0xbfe5)
core   0: 0x8000b4ee (0x00005f17) auipc   t5, 0x5
core   0: 3 0x8000b4ee (0x00005f17) x30 0x800104ee
core   0: 0x8000b4f2 (0xb03f2923) sw      gp, -1262(t5)
core   0: 3 0x8000b4f2 (0xb03f2923) mem 0x80010000 0x00000001
core   0: 0x8000b4f6 (0x0000bfe5) c.j     pc - 8
core   0: 3 0x8000b4f6 (0xbfe5)
core   0: 0x8000b4ee (0x00005f17) auipc   t5, 0x5
core   0: 3 0x8000b4ee (0x00005f17) x30 0x800104ee
core   0: 0x8000b4f2 (0xb03f2923) sw      gp, -1262(t5)
core   0: 3 0x8000b4f2 (0xb03f2923) mem 0x80010000 0x00000001
core   0: 0x8000b4f6 (0x0000bfe5) c.j     pc - 8
core   0: 3 0x8000b4f6 (0xbfe5)
core   0: 0x8000b4ee (0x00005f17) auipc   t5, 0x5
core   0: 3 0x8000b4ee (0x00005f17) x30 0x800104ee
core   0: 0x8000b4f2 (0xb03f2923) sw      gp, -1262(t5)
core   0: 3 0x8000b4f2 (0xb03f2923) mem 0x80010000 0x00000001
core   0: 0x8000b4f6 (0x0000bfe5) c.j     pc - 8
core   0: 3 0x8000b4f6 (0xbfe5)
core   0: 0x8000b4ee (0x00005f17) auipc   t5, 0x5
core   0: 3 0x8000b4ee (0x00005f17) x30 0x800104ee
core   0: 0x8000b4f2 (0xb03f2923) sw      gp, -1262(t5)
core   0: 3 0x8000b4f2 (0xb03f2923) mem 0x80010000 0x00000001
core   0: 0x8000b4f6 (0x0000bfe5) c.j     pc - 8
core   0: 3 0x8000b4f6 (0xbfe5)
core   0: 0x8000b4ee (0x00005f17) auipc   t5, 0x5
core   0: 3 0x8000b4ee (0x00005f17) x30 0x800104ee
core   0: 0x8000b4f2 (0xb03f2923) sw      gp, -1262(t5)
core   0: 3 0x8000b4f2 (0xb03f2923) mem 0x80010000 0x00000001
core   0: 0x8000b4f6 (0x0000bfe5) c.j     pc - 8
core   0: 3 0x8000b4f6 (0xbfe5)
core   0: 0x8000b4ee (0x00005f17) auipc   t5, 0x5
core   0: 3 0x8000b4ee (0x00005f17) x30 0x800104ee
core   0: 0x8000b4f2 (0xb03f2923) sw      gp, -1262(t5)
core   0: 3 0x8000b4f2 (0xb03f2923) mem 0x80010000 0x00000001
core   0: 0x8000b4f6 (0x0000bfe5) c.j     pc - 8
core   0: 3 0x8000b4f6 (0xbfe5)
core   0: 0x8000b4ee (0x00005f17) auipc   t5, 0x5
core   0: 3 0x8000b4ee (0x00005f17) x30 0x800104ee
core   0: 0x8000b4f2 (0xb03f2923) sw      gp, -1262(t5)
core   0: 3 0x8000b4f2 (0xb03f2923) mem 0x80010000 0x00000001
core   0: 0x8000b4f6 (0x0000bfe5) c.j     pc - 8
core   0: 3 0x8000b4f6 (0xbfe5)
core   0: 0x8000b4ee (0x00005f17) auipc   t5, 0x5
core   0: 3 0x8000b4ee (0x00005f17) x30 0x800104ee
core   0: 0x8000b4f2 (0xb03f2923) sw      gp, -1262(t5)
core   0: 3 0x8000b4f2 (0xb03f2923) mem 0x80010000 0x00000001
core   0: 0x8000b4f6 (0x0000bfe5) c.j     pc - 8
core   0: 3 0x8000b4f6 (0xbfe5)
core   0: 0x8000b4ee (0x00005f17) auipc   t5, 0x5
core   0: 3 0x8000b4ee (0x00005f17) x30 0x800104ee
core   0: 0x8000b4f2 (0xb03f2923) sw      gp, -1262(t5)
core   0: 3 0x8000b4f2 (0xb03f2923) mem 0x80010000 0x00000001
core   0: 0x8000b4f6 (0x0000bfe5) c.j     pc - 8
core   0: 3 0x8000b4f6 (0xbfe5)
core   0: 0x8000b4ee (0x00005f17) auipc   t5, 0x5
core   0: 3 0x8000b4ee (0x00005f17) x30 0x800104ee
core   0: 0x8000b4f2 (0xb03f2923) sw      gp, -1262(t5)
core   0: 3 0x8000b4f2 (0xb03f2923) mem 0x80010000 0x00000001
core   0: 0x8000b4f6 (0x0000bfe5) c.j     pc - 8
core   0: 3 0x8000b4f6 (0xbfe5)
core   0: 0x8000b4ee (0x00005f17) auipc   t5, 0x5
core   0: 3 0x8000b4ee (0x00005f17) x30 0x800104ee
core   0: 0x8000b4f2 (0xb03f2923) sw      gp, -1262(t5)
core   0: 3 0x8000b4f2 (0xb03f2923) mem 0x80010000 0x00000001
core   0: 0x8000b4f6 (0x0000bfe5) c.j     pc - 8
core   0: 3 0x8000b4f6 (0xbfe5)
core   0: 0x8000b4ee (0x00005f17) auipc   t5, 0x5
core   0: 3 0x8000b4ee (0x00005f17) x30 0x800104ee
core   0: 0x8000b4f2 (0xb03f2923) sw      gp, -1262(t5)
core   0: 3 0x8000b4f2 (0xb03f2923) mem 0x80010000 0x00000001
core   0: 0x8000b4f6 (0x0000bfe5) c.j     pc - 8
core   0: 3 0x8000b4f6 (0xbfe5)
core   0: 0x8000b4ee (0x00005f17) auipc   t5, 0x5
core   0: 3 0x8000b4ee (0x00005f17) x30 0x800104ee
core   0: 0x8000b4f2 (0xb03f2923) sw      gp, -1262(t5)
core   0: 3 0x8000b4f2 (0xb03f2923) mem 0x80010000 0x00000001
core   0: 0x8000b4f6 (0x0000bfe5) c.j     pc - 8
core   0: 3 0x8000b4f6 (0xbfe5)
core   0: 0x8000b4ee (0x00005f17) auipc   t5, 0x5
core   0: 3 0x8000b4ee (0x00005f17) x30 0x800104ee
core   0: 0x8000b4f2 (0xb03f2923) sw      gp, -1262(t5)
core   0: 3 0x8000b4f2 (0xb03f2923) mem 0x80010000 0x00000001
core   0: 0x8000b4f6 (0x0000bfe5) c.j     pc - 8
core   0: 3 0x8000b4f6 (0xbfe5)
core   0: 0x8000b4ee (0x00005f17) auipc   t5, 0x5
core   0: 3 0x8000b4ee (0x00005f17) x30 0x800104ee
core   0: 0x8000b4f2 (0xb03f2923) sw      gp, -1262(t5)
core   0: 3 0x8000b4f2 (0xb03f2923) mem 0x80010000 0x00000001
core   0: 0x8000b4f6 (0x0000bfe5) c.j     pc - 8
core   0: 3 0x8000b4f6 (0xbfe5)
core   0: 0x8000b4ee (0x00005f17) auipc   t5, 0x5
core   0: 3 0x8000b4ee (0x00005f17) x30 0x800104ee
core   0: 0x8000b4f2 (0xb03f2923) sw      gp, -1262(t5)
core   0: 3 0x8000b4f2 (0xb03f2923) mem 0x80010000 0x00000001
core   0: 0x8000b4f6 (0x0000bfe5) c.j     pc - 8
core   0: 3 0x8000b4f6 (0xbfe5)
core   0: 0x8000b4ee (0x00005f17) auipc   t5, 0x5
core   0: 3 0x8000b4ee (0x00005f17) x30 0x800104ee
core   0: 0x8000b4f2 (0xb03f2923) sw      gp, -1262(t5)
core   0: 3 0x8000b4f2 (0xb03f2923) mem 0x80010000 0x00000001
core   0: 0x8000b4f6 (0x0000bfe5) c.j     pc - 8
core   0: 3 0x8000b4f6 (0xbfe5)
core   0: 0x8000b4ee (0x00005f17) auipc   t5, 0x5
core   0: 3 0x8000b4ee (0x00005f17) x30 0x800104ee
core   0: 0x8000b4f2 (0xb03f2923) sw      gp, -1262(t5)
core   0: 3 0x8000b4f2 (0xb03f2923) mem 0x80010000 0x00000001
core   0: 0x8000b4f6 (0x0000bfe5) c.j     pc - 8
core   0: 3 0x8000b4f6 (0xbfe5)
core   0: 0x8000b4ee (0x00005f17) auipc   t5, 0x5
core   0: 3 0x8000b4ee (0x00005f17) x30 0x800104ee
core   0: 0x8000b4f2 (0xb03f2923) sw      gp, -1262(t5)
core   0: 3 0x8000b4f2 (0xb03f2923) mem 0x80010000 0x00000001
core   0: 0x8000b4f6 (0x0000bfe5) c.j     pc - 8
core   0: 3 0x8000b4f6 (0xbfe5)
core   0: 0x8000b4ee (0x00005f17) auipc   t5, 0x5
core   0: 3 0x8000b4ee (0x00005f17) x30 0x800104ee
core   0: 0x8000b4f2 (0xb03f2923) sw      gp, -1262(t5)
core   0: 3 0x8000b4f2 (0xb03f2923) mem 0x80010000 0x00000001
core   0: 0x8000b4f6 (0x0000bfe5) c.j     pc - 8
core   0: 3 0x8000b4f6 (0xbfe5)
core   0: 0x8000b4ee (0x00005f17) auipc   t5, 0x5
core   0: 3 0x8000b4ee (0x00005f17) x30 0x800104ee
core   0: 0x8000b4f2 (0xb03f2923) sw      gp, -1262(t5)
core   0: 3 0x8000b4f2 (0xb03f2923) mem 0x80010000 0x00000001
core   0: 0x8000b4f6 (0x0000bfe5) c.j     pc - 8
core   0: 3 0x8000b4f6 (0xbfe5)
core   0: 0x8000b4ee (0x00005f17) auipc   t5, 0x5
core   0: 3 0x8000b4ee (0x00005f17) x30 0x800104ee
core   0: 0x8000b4f2 (0xb03f2923) sw      gp, -1262(t5)
core   0: 3 0x8000b4f2 (0xb03f2923) mem 0x80010000 0x00000001
core   0: 0x8000b4f6 (0x0000bfe5) c.j     pc - 8
core   0: 3 0x8000b4f6 (0xbfe5)
core   0: 0x8000b4ee (0x00005f17) auipc   t5, 0x5
core   0: 3 0x8000b4ee (0x00005f17) x30 0x800104ee
core   0: 0x8000b4f2 (0xb03f2923) sw      gp, -1262(t5)
core   0: 3 0x8000b4f2 (0xb03f2923) mem 0x80010000 0x00000001
core   0: 0x8000b4f6 (0x0000bfe5) c.j     pc - 8
core   0: 3 0x8000b4f6 (0xbfe5)
core   0: 0x8000b4ee (0x00005f17) auipc   t5, 0x5
core   0: 3 0x8000b4ee (0x00005f17) x30 0x800104ee
core   0: 0x8000b4f2 (0xb03f2923) sw      gp, -1262(t5)
core   0: 3 0x8000b4f2 (0xb03f2923) mem 0x80010000 0x00000001
core   0: 0x8000b4f6 (0x0000bfe5) c.j     pc - 8
core   0: 3 0x8000b4f6 (0xbfe5)
core   0: 0x8000b4ee (0x00005f17) auipc   t5, 0x5
core   0: 3 0x8000b4ee (0x00005f17) x30 0x800104ee
core   0: 0x8000b4f2 (0xb03f2923) sw      gp, -1262(t5)
core   0: 3 0x8000b4f2 (0xb03f2923) mem 0x80010000 0x00000001
core   0: 0x8000b4f6 (0x0000bfe5) c.j     pc - 8
core   0: 3 0x8000b4f6 (0xbfe5)
core   0: 0x8000b4ee (0x00005f17) auipc   t5, 0x5
core   0: 3 0x8000b4ee (0x00005f17) x30 0x800104ee
core   0: 0x8000b4f2 (0xb03f2923) sw      gp, -1262(t5)
core   0: 3 0x8000b4f2 (0xb03f2923) mem 0x80010000 0x00000001
core   0: 0x8000b4f6 (0x0000bfe5) c.j     pc - 8
core   0: 3 0x8000b4f6 (0xbfe5)
core   0: 0x8000b4ee (0x00005f17) auipc   t5, 0x5
core   0: 3 0x8000b4ee (0x00005f17) x30 0x800104ee
core   0: 0x8000b4f2 (0xb03f2923) sw      gp, -1262(t5)
core   0: 3 0x8000b4f2 (0xb03f2923) mem 0x80010000 0x00000001
core   0: 0x8000b4f6 (0x0000bfe5) c.j     pc - 8
core   0: 3 0x8000b4f6 (0xbfe5)
core   0: 0x8000b4ee (0x00005f17) auipc   t5, 0x5
core   0: 3 0x8000b4ee (0x00005f17) x30 0x800104ee
core   0: 0x8000b4f2 (0xb03f2923) sw      gp, -1262(t5)
core   0: 3 0x8000b4f2 (0xb03f2923) mem 0x80010000 0x00000001
core   0: 0x8000b4f6 (0x0000bfe5) c.j     pc - 8
core   0: 3 0x8000b4f6 (0xbfe5)
core   0: 0x8000b4ee (0x00005f17) auipc   t5, 0x5
core   0: 3 0x8000b4ee (0x00005f17) x30 0x800104ee
core   0: 0x8000b4f2 (0xb03f2923) sw      gp, -1262(t5)
core   0: 3 0x8000b4f2 (0xb03f2923) mem 0x80010000 0x00000001
core   0: 0x8000b4f6 (0x0000bfe5) c.j     pc - 8
core   0: 3 0x8000b4f6 (0xbfe5)
core   0: 0x8000b4ee (0x00005f17) auipc   t5, 0x5
core   0: 3 0x8000b4ee (0x00005f17) x30 0x800104ee
core   0: 0x8000b4f2 (0xb03f2923) sw      gp, -1262(t5)
core   0: 3 0x8000b4f2 (0xb03f2923) mem 0x80010000 0x00000001
core   0: 0x8000b4f6 (0x0000bfe5) c.j     pc - 8
core   0: 3 0x8000b4f6 (0xbfe5)
core   0: 0x8000b4ee (0x00005f17) auipc   t5, 0x5
core   0: 3 0x8000b4ee (0x00005f17) x30 0x800104ee
core   0: 0x8000b4f2 (0xb03f2923) sw      gp, -1262(t5)
core   0: 3 0x8000b4f2 (0xb03f2923) mem 0x80010000 0x00000001
core   0: 0x8000b4f6 (0x0000bfe5) c.j     pc - 8
core   0: 3 0x8000b4f6 (0xbfe5)
core   0: 0x8000b4ee (0x00005f17) auipc   t5, 0x5
core   0: 3 0x8000b4ee (0x00005f17) x30 0x800104ee
core   0: 0x8000b4f2 (0xb03f2923) sw      gp, -1262(t5)
core   0: 3 0x8000b4f2 (0xb03f2923) mem 0x80010000 0x00000001
core   0: 0x8000b4f6 (0x0000bfe5) c.j     pc - 8
core   0: 3 0x8000b4f6 (0xbfe5)
core   0: 0x8000b4ee (0x00005f17) auipc   t5, 0x5
core   0: 3 0x8000b4ee (0x00005f17) x30 0x800104ee
core   0: 0x8000b4f2 (0xb03f2923) sw      gp, -1262(t5)
core   0: 3 0x8000b4f2 (0xb03f2923) mem 0x80010000 0x00000001
core   0: 0x8000b4f6 (0x0000bfe5) c.j     pc - 8
core   0: 3 0x8000b4f6 (0xbfe5)
core   0: 0x8000b4ee (0x00005f17) auipc   t5, 0x5
core   0: 3 0x8000b4ee (0x00005f17) x30 0x800104ee
core   0: 0x8000b4f2 (0xb03f2923) sw      gp, -1262(t5)
core   0: 3 0x8000b4f2 (0xb03f2923) mem 0x80010000 0x00000001
core   0: 0x8000b4f6 (0x0000bfe5) c.j     pc - 8
core   0: 3 0x8000b4f6 (0xbfe5)
core   0: 0x8000b4ee (0x00005f17) auipc   t5, 0x5
core   0: 3 0x8000b4ee (0x00005f17) x30 0x800104ee
core   0: 0x8000b4f2 (0xb03f2923) sw      gp, -1262(t5)
core   0: 3 0x8000b4f2 (0xb03f2923) mem 0x80010000 0x00000001
core   0: 0x8000b4f6 (0x0000bfe5) c.j     pc - 8
core   0: 3 0x8000b4f6 (0xbfe5)
core   0: 0x8000b4ee (0x00005f17) auipc   t5, 0x5
core   0: 3 0x8000b4ee (0x00005f17) x30 0x800104ee
core   0: 0x8000b4f2 (0xb03f2923) sw      gp, -1262(t5)
core   0: 3 0x8000b4f2 (0xb03f2923) mem 0x80010000 0x00000001
core   0: 0x8000b4f6 (0x0000bfe5) c.j     pc - 8
core   0: 3 0x8000b4f6 (0xbfe5)
core   0: 0x8000b4ee (0x00005f17) auipc   t5, 0x5
core   0: 3 0x8000b4ee (0x00005f17) x30 0x800104ee
core   0: 0x8000b4f2 (0xb03f2923) sw      gp, -1262(t5)
core   0: 3 0x8000b4f2 (0xb03f2923) mem 0x80010000 0x00000001
core   0: 0x8000b4f6 (0x0000bfe5) c.j     pc - 8
core   0: 3 0x8000b4f6 (0xbfe5)
core   0: 0x8000b4ee (0x00005f17) auipc   t5, 0x5
core   0: 3 0x8000b4ee (0x00005f17) x30 0x800104ee
core   0: 0x8000b4f2 (0xb03f2923) sw      gp, -1262(t5)
core   0: 3 0x8000b4f2 (0xb03f2923) mem 0x80010000 0x00000001
core   0: 0x8000b4f6 (0x0000bfe5) c.j     pc - 8
core   0: 3 0x8000b4f6 (0xbfe5)
core   0: 0x8000b4ee (0x00005f17) auipc   t5, 0x5
core   0: 3 0x8000b4ee (0x00005f17) x30 0x800104ee
core   0: 0x8000b4f2 (0xb03f2923) sw      gp, -1262(t5)
core   0: 3 0x8000b4f2 (0xb03f2923) mem 0x80010000 0x00000001
core   0: 0x8000b4f6 (0x0000bfe5) c.j     pc - 8
core   0: 3 0x8000b4f6 (0xbfe5)
core   0: 0x8000b4ee (0x00005f17) auipc   t5, 0x5
core   0: 3 0x8000b4ee (0x00005f17) x30 0x800104ee
core   0: 0x8000b4f2 (0xb03f2923) sw      gp, -1262(t5)
core   0: 3 0x8000b4f2 (0xb03f2923) mem 0x80010000 0x00000001
core   0: 0x8000b4f6 (0x0000bfe5) c.j     pc - 8
core   0: 3 0x8000b4f6 (0xbfe5)
core   0: 0x8000b4ee (0x00005f17) auipc   t5, 0x5
core   0: 3 0x8000b4ee (0x00005f17) x30 0x800104ee
core   0: 0x8000b4f2 (0xb03f2923) sw      gp, -1262(t5)
core   0: 3 0x8000b4f2 (0xb03f2923) mem 0x80010000 0x00000001
core   0: 0x8000b4f6 (0x0000bfe5) c.j     pc - 8
core   0: 3 0x8000b4f6 (0xbfe5)
core   0: 0x8000b4ee (0x00005f17) auipc   t5, 0x5
core   0: 3 0x8000b4ee (0x00005f17) x30 0x800104ee
core   0: 0x8000b4f2 (0xb03f2923) sw      gp, -1262(t5)
core   0: 3 0x8000b4f2 (0xb03f2923) mem 0x80010000 0x00000001
core   0: 0x8000b4f6 (0x0000bfe5) c.j     pc - 8
core   0: 3 0x8000b4f6 (0xbfe5)
core   0: 0x8000b4ee (0x00005f17) auipc   t5, 0x5
core   0: 3 0x8000b4ee (0x00005f17) x30 0x800104ee
core   0: 0x8000b4f2 (0xb03f2923) sw      gp, -1262(t5)
core   0: 3 0x8000b4f2 (0xb03f2923) mem 0x80010000 0x00000001
core   0: 0x8000b4f6 (0x0000bfe5) c.j     pc - 8
core   0: 3 0x8000b4f6 (0xbfe5)
core   0: 0x8000b4ee (0x00005f17) auipc   t5, 0x5
core   0: 3 0x8000b4ee (0x00005f17) x30 0x800104ee
core   0: 0x8000b4f2 (0xb03f2923) sw      gp, -1262(t5)
core   0: 3 0x8000b4f2 (0xb03f2923) mem 0x80010000 0x00000001
core   0: 0x8000b4f6 (0x0000bfe5) c.j     pc - 8
core   0: 3 0x8000b4f6 (0xbfe5)
core   0: 0x8000b4ee (0x00005f17) auipc   t5, 0x5
core   0: 3 0x8000b4ee (0x00005f17) x30 0x800104ee
core   0: 0x8000b4f2 (0xb03f2923) sw      gp, -1262(t5)
core   0: 3 0x8000b4f2 (0xb03f2923) mem 0x80010000 0x00000001
core   0: 0x8000b4f6 (0x0000bfe5) c.j     pc - 8
core   0: 3 0x8000b4f6 (0xbfe5)
core   0: 0x8000b4ee (0x00005f17) auipc   t5, 0x5
core   0: 3 0x8000b4ee (0x00005f17) x30 0x800104ee
core   0: 0x8000b4f2 (0xb03f2923) sw      gp, -1262(t5)
core   0: 3 0x8000b4f2 (0xb03f2923) mem 0x80010000 0x00000001
core   0: 0x8000b4f6 (0x0000bfe5) c.j     pc - 8
core   0: 3 0x8000b4f6 (0xbfe5)
core   0: 0x8000b4ee (0x00005f17) auipc   t5, 0x5
core   0: 3 0x8000b4ee (0x00005f17) x30 0x800104ee
core   0: 0x8000b4f2 (0xb03f2923) sw      gp, -1262(t5)
core   0: 3 0x8000b4f2 (0xb03f2923) mem 0x80010000 0x00000001
core   0: 0x8000b4f6 (0x0000bfe5) c.j     pc - 8
core   0: 3 0x8000b4f6 (0xbfe5)
core   0: 0x8000b4ee (0x00005f17) auipc   t5, 0x5
core   0: 3 0x8000b4ee (0x00005f17) x30 0x800104ee
core   0: 0x8000b4f2 (0xb03f2923) sw      gp, -1262(t5)
core   0: 3 0x8000b4f2 (0xb03f2923) mem 0x80010000 0x00000001
core   0: 0x8000b4f6 (0x0000bfe5) c.j     pc - 8
core   0: 3 0x8000b4f6 (0xbfe5)
core   0: 0x8000b4ee (0x00005f17) auipc   t5, 0x5
core   0: 3 0x8000b4ee (0x00005f17) x30 0x800104ee
core   0: 0x8000b4f2 (0xb03f2923) sw      gp, -1262(t5)
core   0: 3 0x8000b4f2 (0xb03f2923) mem 0x80010000 0x00000001
core   0: 0x8000b4f6 (0x0000bfe5) c.j     pc - 8
core   0: 3 0x8000b4f6 (0xbfe5)
core   0: 0x8000b4ee (0x00005f17) auipc   t5, 0x5
core   0: 3 0x8000b4ee (0x00005f17) x30 0x800104ee
core   0: 0x8000b4f2 (0xb03f2923) sw      gp, -1262(t5)
core   0: 3 0x8000b4f2 (0xb03f2923) mem 0x80010000 0x00000001
core   0: 0x8000b4f6 (0x0000bfe5) c.j     pc - 8
core   0: 3 0x8000b4f6 (0xbfe5)
core   0: 0x8000b4ee (0x00005f17) auipc   t5, 0x5
core   0: 3 0x8000b4ee (0x00005f17) x30 0x800104ee
core   0: 0x8000b4f2 (0xb03f2923) sw      gp, -1262(t5)
core   0: 3 0x8000b4f2 (0xb03f2923) mem 0x80010000 0x00000001
core   0: 0x8000b4f6 (0x0000bfe5) c.j     pc - 8
core   0: 3 0x8000b4f6 (0xbfe5)
core   0: 0x8000b4ee (0x00005f17) auipc   t5, 0x5
core   0: 3 0x8000b4ee (0x00005f17) x30 0x800104ee
core   0: 0x8000b4f2 (0xb03f2923) sw      gp, -1262(t5)
core   0: 3 0x8000b4f2 (0xb03f2923) mem 0x80010000 0x00000001
core   0: 0x8000b4f6 (0x0000bfe5) c.j     pc - 8
core   0: 3 0x8000b4f6 (0xbfe5)
core   0: 0x8000b4ee (0x00005f17) auipc   t5, 0x5
core   0: 3 0x8000b4ee (0x00005f17) x30 0x800104ee
core   0: 0x8000b4f2 (0xb03f2923) sw      gp, -1262(t5)
core   0: 3 0x8000b4f2 (0xb03f2923) mem 0x80010000 0x00000001
core   0: 0x8000b4f6 (0x0000bfe5) c.j     pc - 8
core   0: 3 0x8000b4f6 (0xbfe5)
core   0: 0x8000b4ee (0x00005f17) auipc   t5, 0x5
core   0: 3 0x8000b4ee (0x00005f17) x30 0x800104ee
core   0: 0x8000b4f2 (0xb03f2923) sw      gp, -1262(t5)
core   0: 3 0x8000b4f2 (0xb03f2923) mem 0x80010000 0x00000001
core   0: 0x8000b4f6 (0x0000bfe5) c.j     pc - 8
core   0: 3 0x8000b4f6 (0xbfe5)
core   0: 0x8000b4ee (0x00005f17) auipc   t5, 0x5
core   0: 3 0x8000b4ee (0x00005f17) x30 0x800104ee
core   0: 0x8000b4f2 (0xb03f2923) sw      gp, -1262(t5)
core   0: 3 0x8000b4f2 (0xb03f2923) mem 0x80010000 0x00000001
core   0: 0x8000b4f6 (0x0000bfe5) c.j     pc - 8
core   0: 3 0x8000b4f6 (0xbfe5)
core   0: 0x8000b4ee (0x00005f17) auipc   t5, 0x5
core   0: 3 0x8000b4ee (0x00005f17) x30 0x800104ee
core   0: 0x8000b4f2 (0xb03f2923) sw      gp, -1262(t5)
core   0: 3 0x8000b4f2 (0xb03f2923) mem 0x80010000 0x00000001
core   0: 0x8000b4f6 (0x0000bfe5) c.j     pc - 8
core   0: 3 0x8000b4f6 (0xbfe5)
core   0: 0x8000b4ee (0x00005f17) auipc   t5, 0x5
core   0: 3 0x8000b4ee (0x00005f17) x30 0x800104ee
core   0: 0x8000b4f2 (0xb03f2923) sw      gp, -1262(t5)
core   0: 3 0x8000b4f2 (0xb03f2923) mem 0x80010000 0x00000001
core   0: 0x8000b4f6 (0x0000bfe5) c.j     pc - 8
core   0: 3 0x8000b4f6 (0xbfe5)
core   0: 0x8000b4ee (0x00005f17) auipc   t5, 0x5
core   0: 3 0x8000b4ee (0x00005f17) x30 0x800104ee
core   0: 0x8000b4f2 (0xb03f2923) sw      gp, -1262(t5)
core   0: 3 0x8000b4f2 (0xb03f2923) mem 0x80010000 0x00000001
core   0: 0x8000b4f6 (0x0000bfe5) c.j     pc - 8
core   0: 3 0x8000b4f6 (0xbfe5)
core   0: 0x8000b4ee (0x00005f17) auipc   t5, 0x5
core   0: 3 0x8000b4ee (0x00005f17) x30 0x800104ee
core   0: 0x8000b4f2 (0xb03f2923) sw      gp, -1262(t5)
core   0: 3 0x8000b4f2 (0xb03f2923) mem 0x80010000 0x00000001
core   0: 0x8000b4f6 (0x0000bfe5) c.j     pc - 8
core   0: 3 0x8000b4f6 (0xbfe5)
core   0: 0x8000b4ee (0x00005f17) auipc   t5, 0x5
core   0: 3 0x8000b4ee (0x00005f17) x30 0x800104ee
core   0: 0x8000b4f2 (0xb03f2923) sw      gp, -1262(t5)
core   0: 3 0x8000b4f2 (0xb03f2923) mem 0x80010000 0x00000001
core   0: 0x8000b4f6 (0x0000bfe5) c.j     pc - 8
core   0: 3 0x8000b4f6 (0xbfe5)
core   0: 0x8000b4ee (0x00005f17) auipc   t5, 0x5
core   0: 3 0x8000b4ee (0x00005f17) x30 0x800104ee
core   0: 0x8000b4f2 (0xb03f2923) sw      gp, -1262(t5)
core   0: 3 0x8000b4f2 (0xb03f2923) mem 0x80010000 0x00000001
core   0: 0x8000b4f6 (0x0000bfe5) c.j     pc - 8
core   0: 3 0x8000b4f6 (0xbfe5)
core   0: 0x8000b4ee (0x00005f17) auipc   t5, 0x5
core   0: 3 0x8000b4ee (0x00005f17) x30 0x800104ee
core   0: 0x8000b4f2 (0xb03f2923) sw      gp, -1262(t5)
core   0: 3 0x8000b4f2 (0xb03f2923) mem 0x80010000 0x00000001
core   0: 0x8000b4f6 (0x0000bfe5) c.j     pc - 8
core   0: 3 0x8000b4f6 (0xbfe5)
core   0: 0x8000b4ee (0x00005f17) auipc   t5, 0x5
core   0: 3 0x8000b4ee (0x00005f17) x30 0x800104ee
core   0: 0x8000b4f2 (0xb03f2923) sw      gp, -1262(t5)
core   0: 3 0x8000b4f2 (0xb03f2923) mem 0x80010000 0x00000001
core   0: 0x8000b4f6 (0x0000bfe5) c.j     pc - 8
core   0: 3 0x8000b4f6 (0xbfe5)
core   0: 0x8000b4ee (0x00005f17) auipc   t5, 0x5
core   0: 3 0x8000b4ee (0x00005f17) x30 0x800104ee
core   0: 0x8000b4f2 (0xb03f2923) sw      gp, -1262(t5)
core   0: 3 0x8000b4f2 (0xb03f2923) mem 0x80010000 0x00000001
core   0: 0x8000b4f6 (0x0000bfe5) c.j     pc - 8
core   0: 3 0x8000b4f6 (0xbfe5)
core   0: 0x8000b4ee (0x00005f17) auipc   t5, 0x5
core   0: 3 0x8000b4ee (0x00005f17) x30 0x800104ee
core   0: 0x8000b4f2 (0xb03f2923) sw      gp, -1262(t5)
core   0: 3 0x8000b4f2 (0xb03f2923) mem 0x80010000 0x00000001
core   0: 0x8000b4f6 (0x0000bfe5) c.j     pc - 8
core   0: 3 0x8000b4f6 (0xbfe5)
core   0: 0x8000b4ee (0x00005f17) auipc   t5, 0x5
core   0: 3 0x8000b4ee (0x00005f17) x30 0x800104ee
core   0: 0x8000b4f2 (0xb03f2923) sw      gp, -1262(t5)
core   0: 3 0x8000b4f2 (0xb03f2923) mem 0x80010000 0x00000001
core   0: 0x8000b4f6 (0x0000bfe5) c.j     pc - 8
core   0: 3 0x8000b4f6 (0xbfe5)
core   0: 0x8000b4ee (0x00005f17) auipc   t5, 0x5
core   0: 3 0x8000b4ee (0x00005f17) x30 0x800104ee
core   0: 0x8000b4f2 (0xb03f2923) sw      gp, -1262(t5)
core   0: 3 0x8000b4f2 (0xb03f2923) mem 0x80010000 0x00000001
core   0: 0x8000b4f6 (0x0000bfe5) c.j     pc - 8
core   0: 3 0x8000b4f6 (0xbfe5)
core   0: 0x8000b4ee (0x00005f17) auipc   t5, 0x5
core   0: 3 0x8000b4ee (0x00005f17) x30 0x800104ee
core   0: 0x8000b4f2 (0xb03f2923) sw      gp, -1262(t5)
core   0: 3 0x8000b4f2 (0xb03f2923) mem 0x80010000 0x00000001
core   0: 0x8000b4f6 (0x0000bfe5) c.j     pc - 8
core   0: 3 0x8000b4f6 (0xbfe5)
core   0: 0x8000b4ee (0x00005f17) auipc   t5, 0x5
core   0: 3 0x8000b4ee (0x00005f17) x30 0x800104ee
core   0: 0x8000b4f2 (0xb03f2923) sw      gp, -1262(t5)
core   0: 3 0x8000b4f2 (0xb03f2923) mem 0x80010000 0x00000001
core   0: 0x8000b4f6 (0x0000bfe5) c.j     pc - 8
core   0: 3 0x8000b4f6 (0xbfe5)
core   0: 0x8000b4ee (0x00005f17) auipc   t5, 0x5
core   0: 3 0x8000b4ee (0x00005f17) x30 0x800104ee
core   0: 0x8000b4f2 (0xb03f2923) sw      gp, -1262(t5)
core   0: 3 0x8000b4f2 (0xb03f2923) mem 0x80010000 0x00000001
core   0: 0x8000b4f6 (0x0000bfe5) c.j     pc - 8
core   0: 3 0x8000b4f6 (0xbfe5)
core   0: 0x8000b4ee (0x00005f17) auipc   t5, 0x5
core   0: 3 0x8000b4ee (0x00005f17) x30 0x800104ee
core   0: 0x8000b4f2 (0xb03f2923) sw      gp, -1262(t5)
core   0: 3 0x8000b4f2 (0xb03f2923) mem 0x80010000 0x00000001
core   0: 0x8000b4f6 (0x0000bfe5) c.j     pc - 8
core   0: 3 0x8000b4f6 (0xbfe5)
core   0: 0x8000b4ee (0x00005f17) auipc   t5, 0x5
core   0: 3 0x8000b4ee (0x00005f17) x30 0x800104ee
core   0: 0x8000b4f2 (0xb03f2923) sw      gp, -1262(t5)
core   0: 3 0x8000b4f2 (0xb03f2923) mem 0x80010000 0x00000001
core   0: 0x8000b4f6 (0x0000bfe5) c.j     pc - 8
core   0: 3 0x8000b4f6 (0xbfe5)
core   0: 0x8000b4ee (0x00005f17) auipc   t5, 0x5
core   0: 3 0x8000b4ee (0x00005f17) x30 0x800104ee
core   0: 0x8000b4f2 (0xb03f2923) sw      gp, -1262(t5)
core   0: 3 0x8000b4f2 (0xb03f2923) mem 0x80010000 0x00000001
core   0: 0x8000b4f6 (0x0000bfe5) c.j     pc - 8
core   0: 3 0x8000b4f6 (0xbfe5)
core   0: 0x8000b4ee (0x00005f17) auipc   t5, 0x5
core   0: 3 0x8000b4ee (0x00005f17) x30 0x800104ee
core   0: 0x8000b4f2 (0xb03f2923) sw      gp, -1262(t5)
core   0: 3 0x8000b4f2 (0xb03f2923) mem 0x80010000 0x00000001
core   0: 0x8000b4f6 (0x0000bfe5) c.j     pc - 8
core   0: 3 0x8000b4f6 (0xbfe5)
core   0: 0x8000b4ee (0x00005f17) auipc   t5, 0x5
core   0: 3 0x8000b4ee (0x00005f17) x30 0x800104ee
core   0: 0x8000b4f2 (0xb03f2923) sw      gp, -1262(t5)
core   0: 3 0x8000b4f2 (0xb03f2923) mem 0x80010000 0x00000001
core   0: 0x8000b4f6 (0x0000bfe5) c.j     pc - 8
core   0: 3 0x8000b4f6 (0xbfe5)
core   0: 0x8000b4ee (0x00005f17) auipc   t5, 0x5
core   0: 3 0x8000b4ee (0x00005f17) x30 0x800104ee
core   0: 0x8000b4f2 (0xb03f2923) sw      gp, -1262(t5)
core   0: 3 0x8000b4f2 (0xb03f2923) mem 0x80010000 0x00000001
core   0: 0x8000b4f6 (0x0000bfe5) c.j     pc - 8
core   0: 3 0x8000b4f6 (0xbfe5)
core   0: 0x8000b4ee (0x00005f17) auipc   t5, 0x5
core   0: 3 0x8000b4ee (0x00005f17) x30 0x800104ee
core   0: 0x8000b4f2 (0xb03f2923) sw      gp, -1262(t5)
core   0: 3 0x8000b4f2 (0xb03f2923) mem 0x80010000 0x00000001
core   0: 0x8000b4f6 (0x0000bfe5) c.j     pc - 8
core   0: 3 0x8000b4f6 (0xbfe5)
core   0: 0x8000b4ee (0x00005f17) auipc   t5, 0x5
core   0: 3 0x8000b4ee (0x00005f17) x30 0x800104ee
core   0: 0x8000b4f2 (0xb03f2923) sw      gp, -1262(t5)
core   0: 3 0x8000b4f2 (0xb03f2923) mem 0x80010000 0x00000001
core   0: 0x8000b4f6 (0x0000bfe5) c.j     pc - 8
core   0: 3 0x8000b4f6 (0xbfe5)
core   0: 0x8000b4ee (0x00005f17) auipc   t5, 0x5
core   0: 3 0x8000b4ee (0x00005f17) x30 0x800104ee
core   0: 0x8000b4f2 (0xb03f2923) sw      gp, -1262(t5)
core   0: 3 0x8000b4f2 (0xb03f2923) mem 0x80010000 0x00000001
core   0: 0x8000b4f6 (0x0000bfe5) c.j     pc - 8
core   0: 3 0x8000b4f6 (0xbfe5)
core   0: 0x8000b4ee (0x00005f17) auipc   t5, 0x5
core   0: 3 0x8000b4ee (0x00005f17) x30 0x800104ee
core   0: 0x8000b4f2 (0xb03f2923) sw      gp, -1262(t5)
core   0: 3 0x8000b4f2 (0xb03f2923) mem 0x80010000 0x00000001
core   0: 0x8000b4f6 (0x0000bfe5) c.j     pc - 8
core   0: 3 0x8000b4f6 (0xbfe5)
core   0: 0x8000b4ee (0x00005f17) auipc   t5, 0x5
core   0: 3 0x8000b4ee (0x00005f17) x30 0x800104ee
core   0: 0x8000b4f2 (0xb03f2923) sw      gp, -1262(t5)
core   0: 3 0x8000b4f2 (0xb03f2923) mem 0x80010000 0x00000001
core   0: 0x8000b4f6 (0x0000bfe5) c.j     pc - 8
core   0: 3 0x8000b4f6 (0xbfe5)
core   0: 0x8000b4ee (0x00005f17) auipc   t5, 0x5
core   0: 3 0x8000b4ee (0x00005f17) x30 0x800104ee
core   0: 0x8000b4f2 (0xb03f2923) sw      gp, -1262(t5)
core   0: 3 0x8000b4f2 (0xb03f2923) mem 0x80010000 0x00000001
core   0: 0x8000b4f6 (0x0000bfe5) c.j     pc - 8
core   0: 3 0x8000b4f6 (0xbfe5)
core   0: 0x8000b4ee (0x00005f17) auipc   t5, 0x5
core   0: 3 0x8000b4ee (0x00005f17) x30 0x800104ee
core   0: 0x8000b4f2 (0xb03f2923) sw      gp, -1262(t5)
core   0: 3 0x8000b4f2 (0xb03f2923) mem 0x80010000 0x00000001
core   0: 0x8000b4f6 (0x0000bfe5) c.j     pc - 8
core   0: 3 0x8000b4f6 (0xbfe5)
core   0: 0x8000b4ee (0x00005f17) auipc   t5, 0x5
core   0: 3 0x8000b4ee (0x00005f17) x30 0x800104ee
core   0: 0x8000b4f2 (0xb03f2923) sw      gp, -1262(t5)
core   0: 3 0x8000b4f2 (0xb03f2923) mem 0x80010000 0x00000001
core   0: 0x8000b4f6 (0x0000bfe5) c.j     pc - 8
core   0: 3 0x8000b4f6 (0xbfe5)
core   0: 0x8000b4ee (0x00005f17) auipc   t5, 0x5
core   0: 3 0x8000b4ee (0x00005f17) x30 0x800104ee
core   0: 0x8000b4f2 (0xb03f2923) sw      gp, -1262(t5)
core   0: 3 0x8000b4f2 (0xb03f2923) mem 0x80010000 0x00000001
core   0: 0x8000b4f6 (0x0000bfe5) c.j     pc - 8
core   0: 3 0x8000b4f6 (0xbfe5)
core   0: 0x8000b4ee (0x00005f17) auipc   t5, 0x5
core   0: 3 0x8000b4ee (0x00005f17) x30 0x800104ee
core   0: 0x8000b4f2 (0xb03f2923) sw      gp, -1262(t5)
core   0: 3 0x8000b4f2 (0xb03f2923) mem 0x80010000 0x00000001
core   0: 0x8000b4f6 (0x0000bfe5) c.j     pc - 8
core   0: 3 0x8000b4f6 (0xbfe5)
core   0: 0x8000b4ee (0x00005f17) auipc   t5, 0x5
core   0: 3 0x8000b4ee (0x00005f17) x30 0x800104ee
core   0: 0x8000b4f2 (0xb03f2923) sw      gp, -1262(t5)
core   0: 3 0x8000b4f2 (0xb03f2923) mem 0x80010000 0x00000001
core   0: 0x8000b4f6 (0x0000bfe5) c.j     pc - 8
core   0: 3 0x8000b4f6 (0xbfe5)
core   0: 0x8000b4ee (0x00005f17) auipc   t5, 0x5
core   0: 3 0x8000b4ee (0x00005f17) x30 0x800104ee
core   0: 0x8000b4f2 (0xb03f2923) sw      gp, -1262(t5)
core   0: 3 0x8000b4f2 (0xb03f2923) mem 0x80010000 0x00000001
core   0: 0x8000b4f6 (0x0000bfe5) c.j     pc - 8
core   0: 3 0x8000b4f6 (0xbfe5)
core   0: 0x8000b4ee (0x00005f17) auipc   t5, 0x5
core   0: 3 0x8000b4ee (0x00005f17) x30 0x800104ee
core   0: 0x8000b4f2 (0xb03f2923) sw      gp, -1262(t5)
core   0: 3 0x8000b4f2 (0xb03f2923) mem 0x80010000 0x00000001
core   0: 0x8000b4f6 (0x0000bfe5) c.j     pc - 8
core   0: 3 0x8000b4f6 (0xbfe5)
core   0: 0x8000b4ee (0x00005f17) auipc   t5, 0x5
core   0: 3 0x8000b4ee (0x00005f17) x30 0x800104ee
core   0: 0x8000b4f2 (0xb03f2923) sw      gp, -1262(t5)
core   0: 3 0x8000b4f2 (0xb03f2923) mem 0x80010000 0x00000001
core   0: 0x8000b4f6 (0x0000bfe5) c.j     pc - 8
core   0: 3 0x8000b4f6 (0xbfe5)
core   0: 0x8000b4ee (0x00005f17) auipc   t5, 0x5
core   0: 3 0x8000b4ee (0x00005f17) x30 0x800104ee
core   0: 0x8000b4f2 (0xb03f2923) sw      gp, -1262(t5)
core   0: 3 0x8000b4f2 (0xb03f2923) mem 0x80010000 0x00000001
core   0: 0x8000b4f6 (0x0000bfe5) c.j     pc - 8
core   0: 3 0x8000b4f6 (0xbfe5)
core   0: 0x8000b4ee (0x00005f17) auipc   t5, 0x5
core   0: 3 0x8000b4ee (0x00005f17) x30 0x800104ee
core   0: 0x8000b4f2 (0xb03f2923) sw      gp, -1262(t5)
core   0: 3 0x8000b4f2 (0xb03f2923) mem 0x80010000 0x00000001
core   0: 0x8000b4f6 (0x0000bfe5) c.j     pc - 8
core   0: 3 0x8000b4f6 (0xbfe5)
core   0: 0x8000b4ee (0x00005f17) auipc   t5, 0x5
core   0: 3 0x8000b4ee (0x00005f17) x30 0x800104ee
core   0: 0x8000b4f2 (0xb03f2923) sw      gp, -1262(t5)
core   0: 3 0x8000b4f2 (0xb03f2923) mem 0x80010000 0x00000001
core   0: 0x8000b4f6 (0x0000bfe5) c.j     pc - 8
core   0: 3 0x8000b4f6 (0xbfe5)
core   0: 0x8000b4ee (0x00005f17) auipc   t5, 0x5
core   0: 3 0x8000b4ee (0x00005f17) x30 0x800104ee
core   0: 0x8000b4f2 (0xb03f2923) sw      gp, -1262(t5)
core   0: 3 0x8000b4f2 (0xb03f2923) mem 0x80010000 0x00000001
core   0: 0x8000b4f6 (0x0000bfe5) c.j     pc - 8
core   0: 3 0x8000b4f6 (0xbfe5)
core   0: 0x8000b4ee (0x00005f17) auipc   t5, 0x5
core   0: 3 0x8000b4ee (0x00005f17) x30 0x800104ee
core   0: 0x8000b4f2 (0xb03f2923) sw      gp, -1262(t5)
core   0: 3 0x8000b4f2 (0xb03f2923) mem 0x80010000 0x00000001
core   0: 0x8000b4f6 (0x0000bfe5) c.j     pc - 8
core   0: 3 0x8000b4f6 (0xbfe5)
core   0: 0x8000b4ee (0x00005f17) auipc   t5, 0x5
core   0: 3 0x8000b4ee (0x00005f17) x30 0x800104ee
core   0: 0x8000b4f2 (0xb03f2923) sw      gp, -1262(t5)
core   0: 3 0x8000b4f2 (0xb03f2923) mem 0x80010000 0x00000001
core   0: 0x8000b4f6 (0x0000bfe5) c.j     pc - 8
core   0: 3 0x8000b4f6 (0xbfe5)
core   0: 0x8000b4ee (0x00005f17) auipc   t5, 0x5
core   0: 3 0x8000b4ee (0x00005f17) x30 0x800104ee
core   0: 0x8000b4f2 (0xb03f2923) sw      gp, -1262(t5)
core   0: 3 0x8000b4f2 (0xb03f2923) mem 0x80010000 0x00000001
core   0: 0x8000b4f6 (0x0000bfe5) c.j     pc - 8
core   0: 3 0x8000b4f6 (0xbfe5)
core   0: 0x8000b4ee (0x00005f17) auipc   t5, 0x5
core   0: 3 0x8000b4ee (0x00005f17) x30 0x800104ee
core   0: 0x8000b4f2 (0xb03f2923) sw      gp, -1262(t5)
core   0: 3 0x8000b4f2 (0xb03f2923) mem 0x80010000 0x00000001
core   0: 0x8000b4f6 (0x0000bfe5) c.j     pc - 8
core   0: 3 0x8000b4f6 (0xbfe5)
core   0: 0x8000b4ee (0x00005f17) auipc   t5, 0x5
core   0: 3 0x8000b4ee (0x00005f17) x30 0x800104ee
core   0: 0x8000b4f2 (0xb03f2923) sw      gp, -1262(t5)
core   0: 3 0x8000b4f2 (0xb03f2923) mem 0x80010000 0x00000001
core   0: 0x8000b4f6 (0x0000bfe5) c.j     pc - 8
core   0: 3 0x8000b4f6 (0xbfe5)
core   0: 0x8000b4ee (0x00005f17) auipc   t5, 0x5
core   0: 3 0x8000b4ee (0x00005f17) x30 0x800104ee
core   0: 0x8000b4f2 (0xb03f2923) sw      gp, -1262(t5)
core   0: 3 0x8000b4f2 (0xb03f2923) mem 0x80010000 0x00000001
core   0: 0x8000b4f6 (0x0000bfe5) c.j     pc - 8
core   0: 3 0x8000b4f6 (0xbfe5)
core   0: 0x8000b4ee (0x00005f17) auipc   t5, 0x5
core   0: 3 0x8000b4ee (0x00005f17) x30 0x800104ee
core   0: 0x8000b4f2 (0xb03f2923) sw      gp, -1262(t5)
core   0: 3 0x8000b4f2 (0xb03f2923) mem 0x80010000 0x00000001
core   0: 0x8000b4f6 (0x0000bfe5) c.j     pc - 8
core   0: 3 0x8000b4f6 (0xbfe5)
core   0: 0x8000b4ee (0x00005f17) auipc   t5, 0x5
core   0: 3 0x8000b4ee (0x00005f17) x30 0x800104ee
core   0: 0x8000b4f2 (0xb03f2923) sw      gp, -1262(t5)
core   0: 3 0x8000b4f2 (0xb03f2923) mem 0x80010000 0x00000001
core   0: 0x8000b4f6 (0x0000bfe5) c.j     pc - 8
core   0: 3 0x8000b4f6 (0xbfe5)
core   0: 0x8000b4ee (0x00005f17) auipc   t5, 0x5
core   0: 3 0x8000b4ee (0x00005f17) x30 0x800104ee
core   0: 0x8000b4f2 (0xb03f2923) sw      gp, -1262(t5)
core   0: 3 0x8000b4f2 (0xb03f2923) mem 0x80010000 0x00000001
core   0: 0x8000b4f6 (0x0000bfe5) c.j     pc - 8
core   0: 3 0x8000b4f6 (0xbfe5)
core   0: 0x8000b4ee (0x00005f17) auipc   t5, 0x5
core   0: 3 0x8000b4ee (0x00005f17) x30 0x800104ee
core   0: 0x8000b4f2 (0xb03f2923) sw      gp, -1262(t5)
core   0: 3 0x8000b4f2 (0xb03f2923) mem 0x80010000 0x00000001
core   0: 0x8000b4f6 (0x0000bfe5) c.j     pc - 8
core   0: 3 0x8000b4f6 (0xbfe5)
core   0: 0x8000b4ee (0x00005f17) auipc   t5, 0x5
core   0: 3 0x8000b4ee (0x00005f17) x30 0x800104ee
core   0: 0x8000b4f2 (0xb03f2923) sw      gp, -1262(t5)
core   0: 3 0x8000b4f2 (0xb03f2923) mem 0x80010000 0x00000001
core   0: 0x8000b4f6 (0x0000bfe5) c.j     pc - 8
core   0: 3 0x8000b4f6 (0xbfe5)
core   0: 0x8000b4ee (0x00005f17) auipc   t5, 0x5
core   0: 3 0x8000b4ee (0x00005f17) x30 0x800104ee
core   0: 0x8000b4f2 (0xb03f2923) sw      gp, -1262(t5)
core   0: 3 0x8000b4f2 (0xb03f2923) mem 0x80010000 0x00000001
core   0: 0x8000b4f6 (0x0000bfe5) c.j     pc - 8
core   0: 3 0x8000b4f6 (0xbfe5)
core   0: 0x8000b4ee (0x00005f17) auipc   t5, 0x5
core   0: 3 0x8000b4ee (0x00005f17) x30 0x800104ee
core   0: 0x8000b4f2 (0xb03f2923) sw      gp, -1262(t5)
core   0: 3 0x8000b4f2 (0xb03f2923) mem 0x80010000 0x00000001
core   0: 0x8000b4f6 (0x0000bfe5) c.j     pc - 8
core   0: 3 0x8000b4f6 (0xbfe5)
core   0: 0x8000b4ee (0x00005f17) auipc   t5, 0x5
core   0: 3 0x8000b4ee (0x00005f17) x30 0x800104ee
core   0: 0x8000b4f2 (0xb03f2923) sw      gp, -1262(t5)
core   0: 3 0x8000b4f2 (0xb03f2923) mem 0x80010000 0x00000001
core   0: 0x8000b4f6 (0x0000bfe5) c.j     pc - 8
core   0: 3 0x8000b4f6 (0xbfe5)
core   0: 0x8000b4ee (0x00005f17) auipc   t5, 0x5
core   0: 3 0x8000b4ee (0x00005f17) x30 0x800104ee
core   0: 0x8000b4f2 (0xb03f2923) sw      gp, -1262(t5)
core   0: 3 0x8000b4f2 (0xb03f2923) mem 0x80010000 0x00000001
core   0: 0x8000b4f6 (0x0000bfe5) c.j     pc - 8
core   0: 3 0x8000b4f6 (0xbfe5)
core   0: 0x8000b4ee (0x00005f17) auipc   t5, 0x5
core   0: 3 0x8000b4ee (0x00005f17) x30 0x800104ee
core   0: 0x8000b4f2 (0xb03f2923) sw      gp, -1262(t5)
core   0: 3 0x8000b4f2 (0xb03f2923) mem 0x80010000 0x00000001
core   0: 0x8000b4f6 (0x0000bfe5) c.j     pc - 8
core   0: 3 0x8000b4f6 (0xbfe5)
core   0: 0x8000b4ee (0x00005f17) auipc   t5, 0x5
core   0: 3 0x8000b4ee (0x00005f17) x30 0x800104ee
core   0: 0x8000b4f2 (0xb03f2923) sw      gp, -1262(t5)
core   0: 3 0x8000b4f2 (0xb03f2923) mem 0x80010000 0x00000001
core   0: 0x8000b4f6 (0x0000bfe5) c.j     pc - 8
core   0: 3 0x8000b4f6 (0xbfe5)
core   0: 0x8000b4ee (0x00005f17) auipc   t5, 0x5
core   0: 3 0x8000b4ee (0x00005f17) x30 0x800104ee
core   0: 0x8000b4f2 (0xb03f2923) sw      gp, -1262(t5)
core   0: 3 0x8000b4f2 (0xb03f2923) mem 0x80010000 0x00000001
core   0: 0x8000b4f6 (0x0000bfe5) c.j     pc - 8
core   0: 3 0x8000b4f6 (0xbfe5)
core   0: 0x8000b4ee (0x00005f17) auipc   t5, 0x5
core   0: 3 0x8000b4ee (0x00005f17) x30 0x800104ee
core   0: 0x8000b4f2 (0xb03f2923) sw      gp, -1262(t5)
core   0: 3 0x8000b4f2 (0xb03f2923) mem 0x80010000 0x00000001
core   0: 0x8000b4f6 (0x0000bfe5) c.j     pc - 8
core   0: 3 0x8000b4f6 (0xbfe5)
core   0: 0x8000b4ee (0x00005f17) auipc   t5, 0x5
core   0: 3 0x8000b4ee (0x00005f17) x30 0x800104ee
core   0: 0x8000b4f2 (0xb03f2923) sw      gp, -1262(t5)
core   0: 3 0x8000b4f2 (0xb03f2923) mem 0x80010000 0x00000001
core   0: 0x8000b4f6 (0x0000bfe5) c.j     pc - 8
core   0: 3 0x8000b4f6 (0xbfe5)
core   0: 0x8000b4ee (0x00005f17) auipc   t5, 0x5
core   0: 3 0x8000b4ee (0x00005f17) x30 0x800104ee
core   0: 0x8000b4f2 (0xb03f2923) sw      gp, -1262(t5)
core   0: 3 0x8000b4f2 (0xb03f2923) mem 0x80010000 0x00000001
core   0: 0x8000b4f6 (0x0000bfe5) c.j     pc - 8
core   0: 3 0x8000b4f6 (0xbfe5)
core   0: 0x8000b4ee (0x00005f17) auipc   t5, 0x5
core   0: 3 0x8000b4ee (0x00005f17) x30 0x800104ee
core   0: 0x8000b4f2 (0xb03f2923) sw      gp, -1262(t5)
core   0: 3 0x8000b4f2 (0xb03f2923) mem 0x80010000 0x00000001
core   0: 0x8000b4f6 (0x0000bfe5) c.j     pc - 8
core   0: 3 0x8000b4f6 (0xbfe5)
core   0: 0x8000b4ee (0x00005f17) auipc   t5, 0x5
core   0: 3 0x8000b4ee (0x00005f17) x30 0x800104ee
core   0: 0x8000b4f2 (0xb03f2923) sw      gp, -1262(t5)
core   0: 3 0x8000b4f2 (0xb03f2923) mem 0x80010000 0x00000001
core   0: 0x8000b4f6 (0x0000bfe5) c.j     pc - 8
core   0: 3 0x8000b4f6 (0xbfe5)
core   0: 0x8000b4ee (0x00005f17) auipc   t5, 0x5
core   0: 3 0x8000b4ee (0x00005f17) x30 0x800104ee
core   0: 0x8000b4f2 (0xb03f2923) sw      gp, -1262(t5)
core   0: 3 0x8000b4f2 (0xb03f2923) mem 0x80010000 0x00000001
core   0: 0x8000b4f6 (0x0000bfe5) c.j     pc - 8
core   0: 3 0x8000b4f6 (0xbfe5)
core   0: 0x8000b4ee (0x00005f17) auipc   t5, 0x5
core   0: 3 0x8000b4ee (0x00005f17) x30 0x800104ee
core   0: 0x8000b4f2 (0xb03f2923) sw      gp, -1262(t5)
core   0: 3 0x8000b4f2 (0xb03f2923) mem 0x80010000 0x00000001
core   0: 0x8000b4f6 (0x0000bfe5) c.j     pc - 8
core   0: 3 0x8000b4f6 (0xbfe5)
core   0: 0x8000b4ee (0x00005f17) auipc   t5, 0x5
core   0: 3 0x8000b4ee (0x00005f17) x30 0x800104ee
core   0: 0x8000b4f2 (0xb03f2923) sw      gp, -1262(t5)
core   0: 3 0x8000b4f2 (0xb03f2923) mem 0x80010000 0x00000001
core   0: 0x8000b4f6 (0x0000bfe5) c.j     pc - 8
core   0: 3 0x8000b4f6 (0xbfe5)
core   0: 0x8000b4ee (0x00005f17) auipc   t5, 0x5
core   0: 3 0x8000b4ee (0x00005f17) x30 0x800104ee
core   0: 0x8000b4f2 (0xb03f2923) sw      gp, -1262(t5)
core   0: 3 0x8000b4f2 (0xb03f2923) mem 0x80010000 0x00000001
core   0: 0x8000b4f6 (0x0000bfe5) c.j     pc - 8
core   0: 3 0x8000b4f6 (0xbfe5)
core   0: 0x8000b4ee (0x00005f17) auipc   t5, 0x5
core   0: 3 0x8000b4ee (0x00005f17) x30 0x800104ee
core   0: 0x8000b4f2 (0xb03f2923) sw      gp, -1262(t5)
core   0: 3 0x8000b4f2 (0xb03f2923) mem 0x80010000 0x00000001
core   0: 0x8000b4f6 (0x0000bfe5) c.j     pc - 8
core   0: 3 0x8000b4f6 (0xbfe5)
core   0: 0x8000b4ee (0x00005f17) auipc   t5, 0x5
core   0: 3 0x8000b4ee (0x00005f17) x30 0x800104ee
core   0: 0x8000b4f2 (0xb03f2923) sw      gp, -1262(t5)
core   0: 3 0x8000b4f2 (0xb03f2923) mem 0x80010000 0x00000001
core   0: 0x8000b4f6 (0x0000bfe5) c.j     pc - 8
core   0: 3 0x8000b4f6 (0xbfe5)
core   0: 0x8000b4ee (0x00005f17) auipc   t5, 0x5
core   0: 3 0x8000b4ee (0x00005f17) x30 0x800104ee
core   0: 0x8000b4f2 (0xb03f2923) sw      gp, -1262(t5)
core   0: 3 0x8000b4f2 (0xb03f2923) mem 0x80010000 0x00000001
core   0: 0x8000b4f6 (0x0000bfe5) c.j     pc - 8
core   0: 3 0x8000b4f6 (0xbfe5)
core   0: 0x8000b4ee (0x00005f17) auipc   t5, 0x5
core   0: 3 0x8000b4ee (0x00005f17) x30 0x800104ee
core   0: 0x8000b4f2 (0xb03f2923) sw      gp, -1262(t5)
core   0: 3 0x8000b4f2 (0xb03f2923) mem 0x80010000 0x00000001
core   0: 0x8000b4f6 (0x0000bfe5) c.j     pc - 8
core   0: 3 0x8000b4f6 (0xbfe5)
core   0: 0x8000b4ee (0x00005f17) auipc   t5, 0x5
core   0: 3 0x8000b4ee (0x00005f17) x30 0x800104ee
core   0: 0x8000b4f2 (0xb03f2923) sw      gp, -1262(t5)
core   0: 3 0x8000b4f2 (0xb03f2923) mem 0x80010000 0x00000001
core   0: 0x8000b4f6 (0x0000bfe5) c.j     pc - 8
core   0: 3 0x8000b4f6 (0xbfe5)
core   0: 0x8000b4ee (0x00005f17) auipc   t5, 0x5
core   0: 3 0x8000b4ee (0x00005f17) x30 0x800104ee
core   0: 0x8000b4f2 (0xb03f2923) sw      gp, -1262(t5)
core   0: 3 0x8000b4f2 (0xb03f2923) mem 0x80010000 0x00000001
core   0: 0x8000b4f6 (0x0000bfe5) c.j     pc - 8
core   0: 3 0x8000b4f6 (0xbfe5)
core   0: 0x8000b4ee (0x00005f17) auipc   t5, 0x5
core   0: 3 0x8000b4ee (0x00005f17) x30 0x800104ee
core   0: 0x8000b4f2 (0xb03f2923) sw      gp, -1262(t5)
core   0: 3 0x8000b4f2 (0xb03f2923) mem 0x80010000 0x00000001
core   0: 0x8000b4f6 (0x0000bfe5) c.j     pc - 8
core   0: 3 0x8000b4f6 (0xbfe5)
core   0: 0x8000b4ee (0x00005f17) auipc   t5, 0x5
core   0: 3 0x8000b4ee (0x00005f17) x30 0x800104ee
core   0: 0x8000b4f2 (0xb03f2923) sw      gp, -1262(t5)
core   0: 3 0x8000b4f2 (0xb03f2923) mem 0x80010000 0x00000001
core   0: 0x8000b4f6 (0x0000bfe5) c.j     pc - 8
core   0: 3 0x8000b4f6 (0xbfe5)
core   0: 0x8000b4ee (0x00005f17) auipc   t5, 0x5
core   0: 3 0x8000b4ee (0x00005f17) x30 0x800104ee
core   0: 0x8000b4f2 (0xb03f2923) sw      gp, -1262(t5)
core   0: 3 0x8000b4f2 (0xb03f2923) mem 0x80010000 0x00000001
core   0: 0x8000b4f6 (0x0000bfe5) c.j     pc - 8
core   0: 3 0x8000b4f6 (0xbfe5)
core   0: 0x8000b4ee (0x00005f17) auipc   t5, 0x5
core   0: 3 0x8000b4ee (0x00005f17) x30 0x800104ee
core   0: 0x8000b4f2 (0xb03f2923) sw      gp, -1262(t5)
core   0: 3 0x8000b4f2 (0xb03f2923) mem 0x80010000 0x00000001
core   0: 0x8000b4f6 (0x0000bfe5) c.j     pc - 8
core   0: 3 0x8000b4f6 (0xbfe5)
core   0: 0x8000b4ee (0x00005f17) auipc   t5, 0x5
core   0: 3 0x8000b4ee (0x00005f17) x30 0x800104ee
core   0: 0x8000b4f2 (0xb03f2923) sw      gp, -1262(t5)
core   0: 3 0x8000b4f2 (0xb03f2923) mem 0x80010000 0x00000001
core   0: 0x8000b4f6 (0x0000bfe5) c.j     pc - 8
core   0: 3 0x8000b4f6 (0xbfe5)
core   0: 0x8000b4ee (0x00005f17) auipc   t5, 0x5
core   0: 3 0x8000b4ee (0x00005f17) x30 0x800104ee
core   0: 0x8000b4f2 (0xb03f2923) sw      gp, -1262(t5)
core   0: 3 0x8000b4f2 (0xb03f2923) mem 0x80010000 0x00000001
core   0: 0x8000b4f6 (0x0000bfe5) c.j     pc - 8
core   0: 3 0x8000b4f6 (0xbfe5)
core   0: 0x8000b4ee (0x00005f17) auipc   t5, 0x5
core   0: 3 0x8000b4ee (0x00005f17) x30 0x800104ee
core   0: 0x8000b4f2 (0xb03f2923) sw      gp, -1262(t5)
core   0: 3 0x8000b4f2 (0xb03f2923) mem 0x80010000 0x00000001
core   0: 0x8000b4f6 (0x0000bfe5) c.j     pc - 8
core   0: 3 0x8000b4f6 (0xbfe5)
core   0: 0x8000b4ee (0x00005f17) auipc   t5, 0x5
core   0: 3 0x8000b4ee (0x00005f17) x30 0x800104ee
core   0: 0x8000b4f2 (0xb03f2923) sw      gp, -1262(t5)
core   0: 3 0x8000b4f2 (0xb03f2923) mem 0x80010000 0x00000001
core   0: 0x8000b4f6 (0x0000bfe5) c.j     pc - 8
core   0: 3 0x8000b4f6 (0xbfe5)
core   0: 0x8000b4ee (0x00005f17) auipc   t5, 0x5
core   0: 3 0x8000b4ee (0x00005f17) x30 0x800104ee
core   0: 0x8000b4f2 (0xb03f2923) sw      gp, -1262(t5)
core   0: 3 0x8000b4f2 (0xb03f2923) mem 0x80010000 0x00000001
core   0: 0x8000b4f6 (0x0000bfe5) c.j     pc - 8
core   0: 3 0x8000b4f6 (0xbfe5)
core   0: 0x8000b4ee (0x00005f17) auipc   t5, 0x5
core   0: 3 0x8000b4ee (0x00005f17) x30 0x800104ee
core   0: 0x8000b4f2 (0xb03f2923) sw      gp, -1262(t5)
core   0: 3 0x8000b4f2 (0xb03f2923) mem 0x80010000 0x00000001
core   0: 0x8000b4f6 (0x0000bfe5) c.j     pc - 8
core   0: 3 0x8000b4f6 (0xbfe5)
core   0: 0x8000b4ee (0x00005f17) auipc   t5, 0x5
core   0: 3 0x8000b4ee (0x00005f17) x30 0x800104ee
core   0: 0x8000b4f2 (0xb03f2923) sw      gp, -1262(t5)
core   0: 3 0x8000b4f2 (0xb03f2923) mem 0x80010000 0x00000001
core   0: 0x8000b4f6 (0x0000bfe5) c.j     pc - 8
core   0: 3 0x8000b4f6 (0xbfe5)
core   0: 0x8000b4ee (0x00005f17) auipc   t5, 0x5
core   0: 3 0x8000b4ee (0x00005f17) x30 0x800104ee
core   0: 0x8000b4f2 (0xb03f2923) sw      gp, -1262(t5)
core   0: 3 0x8000b4f2 (0xb03f2923) mem 0x80010000 0x00000001
core   0: 0x8000b4f6 (0x0000bfe5) c.j     pc - 8
core   0: 3 0x8000b4f6 (0xbfe5)
core   0: 0x8000b4ee (0x00005f17) auipc   t5, 0x5
core   0: 3 0x8000b4ee (0x00005f17) x30 0x800104ee
core   0: 0x8000b4f2 (0xb03f2923) sw      gp, -1262(t5)
core   0: 3 0x8000b4f2 (0xb03f2923) mem 0x80010000 0x00000001
core   0: 0x8000b4f6 (0x0000bfe5) c.j     pc - 8
core   0: 3 0x8000b4f6 (0xbfe5)
core   0: 0x8000b4ee (0x00005f17) auipc   t5, 0x5
core   0: 3 0x8000b4ee (0x00005f17) x30 0x800104ee
core   0: 0x8000b4f2 (0xb03f2923) sw      gp, -1262(t5)
core   0: 3 0x8000b4f2 (0xb03f2923) mem 0x80010000 0x00000001
core   0: 0x8000b4f6 (0x0000bfe5) c.j     pc - 8
core   0: 3 0x8000b4f6 (0xbfe5)
core   0: 0x8000b4ee (0x00005f17) auipc   t5, 0x5
core   0: 3 0x8000b4ee (0x00005f17) x30 0x800104ee
core   0: 0x8000b4f2 (0xb03f2923) sw      gp, -1262(t5)
core   0: 3 0x8000b4f2 (0xb03f2923) mem 0x80010000 0x00000001
core   0: 0x8000b4f6 (0x0000bfe5) c.j     pc - 8
core   0: 3 0x8000b4f6 (0xbfe5)
core   0: 0x8000b4ee (0x00005f17) auipc   t5, 0x5
core   0: 3 0x8000b4ee (0x00005f17) x30 0x800104ee
core   0: 0x8000b4f2 (0xb03f2923) sw      gp, -1262(t5)
core   0: 3 0x8000b4f2 (0xb03f2923) mem 0x80010000 0x00000001
core   0: 0x8000b4f6 (0x0000bfe5) c.j     pc - 8
core   0: 3 0x8000b4f6 (0xbfe5)
core   0: 0x8000b4ee (0x00005f17) auipc   t5, 0x5
core   0: 3 0x8000b4ee (0x00005f17) x30 0x800104ee
core   0: 0x8000b4f2 (0xb03f2923) sw      gp, -1262(t5)
core   0: 3 0x8000b4f2 (0xb03f2923) mem 0x80010000 0x00000001
core   0: 0x8000b4f6 (0x0000bfe5) c.j     pc - 8
core   0: 3 0x8000b4f6 (0xbfe5)
core   0: 0x8000b4ee (0x00005f17) auipc   t5, 0x5
core   0: 3 0x8000b4ee (0x00005f17) x30 0x800104ee
core   0: 0x8000b4f2 (0xb03f2923) sw      gp, -1262(t5)
core   0: 3 0x8000b4f2 (0xb03f2923) mem 0x80010000 0x00000001
core   0: 0x8000b4f6 (0x0000bfe5) c.j     pc - 8
core   0: 3 0x8000b4f6 (0xbfe5)
core   0: 0x8000b4ee (0x00005f17) auipc   t5, 0x5
core   0: 3 0x8000b4ee (0x00005f17) x30 0x800104ee
core   0: 0x8000b4f2 (0xb03f2923) sw      gp, -1262(t5)
core   0: 3 0x8000b4f2 (0xb03f2923) mem 0x80010000 0x00000001
core   0: 0x8000b4f6 (0x0000bfe5) c.j     pc - 8
core   0: 3 0x8000b4f6 (0xbfe5)
core   0: 0x8000b4ee (0x00005f17) auipc   t5, 0x5
core   0: 3 0x8000b4ee (0x00005f17) x30 0x800104ee
core   0: 0x8000b4f2 (0xb03f2923) sw      gp, -1262(t5)
core   0: 3 0x8000b4f2 (0xb03f2923) mem 0x80010000 0x00000001
core   0: 0x8000b4f6 (0x0000bfe5) c.j     pc - 8
core   0: 3 0x8000b4f6 (0xbfe5)
core   0: 0x8000b4ee (0x00005f17) auipc   t5, 0x5
core   0: 3 0x8000b4ee (0x00005f17) x30 0x800104ee
core   0: 0x8000b4f2 (0xb03f2923) sw      gp, -1262(t5)
core   0: 3 0x8000b4f2 (0xb03f2923) mem 0x80010000 0x00000001
core   0: 0x8000b4f6 (0x0000bfe5) c.j     pc - 8
core   0: 3 0x8000b4f6 (0xbfe5)
core   0: 0x8000b4ee (0x00005f17) auipc   t5, 0x5
core   0: 3 0x8000b4ee (0x00005f17) x30 0x800104ee
core   0: 0x8000b4f2 (0xb03f2923) sw      gp, -1262(t5)
core   0: 3 0x8000b4f2 (0xb03f2923) mem 0x80010000 0x00000001
core   0: 0x8000b4f6 (0x0000bfe5) c.j     pc - 8
core   0: 3 0x8000b4f6 (0xbfe5)
core   0: 0x8000b4ee (0x00005f17) auipc   t5, 0x5
core   0: 3 0x8000b4ee (0x00005f17) x30 0x800104ee
core   0: 0x8000b4f2 (0xb03f2923) sw      gp, -1262(t5)
core   0: 3 0x8000b4f2 (0xb03f2923) mem 0x80010000 0x00000001
core   0: 0x8000b4f6 (0x0000bfe5) c.j     pc - 8
core   0: 3 0x8000b4f6 (0xbfe5)
core   0: 0x8000b4ee (0x00005f17) auipc   t5, 0x5
core   0: 3 0x8000b4ee (0x00005f17) x30 0x800104ee
core   0: 0x8000b4f2 (0xb03f2923) sw      gp, -1262(t5)
core   0: 3 0x8000b4f2 (0xb03f2923) mem 0x80010000 0x00000001
core   0: 0x8000b4f6 (0x0000bfe5) c.j     pc - 8
core   0: 3 0x8000b4f6 (0xbfe5)
core   0: 0x8000b4ee (0x00005f17) auipc   t5, 0x5
core   0: 3 0x8000b4ee (0x00005f17) x30 0x800104ee
core   0: 0x8000b4f2 (0xb03f2923) sw      gp, -1262(t5)
core   0: 3 0x8000b4f2 (0xb03f2923) mem 0x80010000 0x00000001
core   0: 0x8000b4f6 (0x0000bfe5) c.j     pc - 8
core   0: 3 0x8000b4f6 (0xbfe5)
core   0: 0x8000b4ee (0x00005f17) auipc   t5, 0x5
core   0: 3 0x8000b4ee (0x00005f17) x30 0x800104ee
core   0: 0x8000b4f2 (0xb03f2923) sw      gp, -1262(t5)
core   0: 3 0x8000b4f2 (0xb03f2923) mem 0x80010000 0x00000001
core   0: 0x8000b4f6 (0x0000bfe5) c.j     pc - 8
core   0: 3 0x8000b4f6 (0xbfe5)
core   0: 0x8000b4ee (0x00005f17) auipc   t5, 0x5
core   0: 3 0x8000b4ee (0x00005f17) x30 0x800104ee
core   0: 0x8000b4f2 (0xb03f2923) sw      gp, -1262(t5)
core   0: 3 0x8000b4f2 (0xb03f2923) mem 0x80010000 0x00000001
core   0: 0x8000b4f6 (0x0000bfe5) c.j     pc - 8
core   0: 3 0x8000b4f6 (0xbfe5)
core   0: 0x8000b4ee (0x00005f17) auipc   t5, 0x5
core   0: 3 0x8000b4ee (0x00005f17) x30 0x800104ee
core   0: 0x8000b4f2 (0xb03f2923) sw      gp, -1262(t5)
core   0: 3 0x8000b4f2 (0xb03f2923) mem 0x80010000 0x00000001
core   0: 0x8000b4f6 (0x0000bfe5) c.j     pc - 8
core   0: 3 0x8000b4f6 (0xbfe5)
core   0: 0x8000b4ee (0x00005f17) auipc   t5, 0x5
core   0: 3 0x8000b4ee (0x00005f17) x30 0x800104ee
core   0: 0x8000b4f2 (0xb03f2923) sw      gp, -1262(t5)
core   0: 3 0x8000b4f2 (0xb03f2923) mem 0x80010000 0x00000001
core   0: 0x8000b4f6 (0x0000bfe5) c.j     pc - 8
core   0: 3 0x8000b4f6 (0xbfe5)
core   0: 0x8000b4ee (0x00005f17) auipc   t5, 0x5
core   0: 3 0x8000b4ee (0x00005f17) x30 0x800104ee
core   0: 0x8000b4f2 (0xb03f2923) sw      gp, -1262(t5)
core   0: 3 0x8000b4f2 (0xb03f2923) mem 0x80010000 0x00000001
core   0: 0x8000b4f6 (0x0000bfe5) c.j     pc - 8
core   0: 3 0x8000b4f6 (0xbfe5)
core   0: 0x8000b4ee (0x00005f17) auipc   t5, 0x5
core   0: 3 0x8000b4ee (0x00005f17) x30 0x800104ee
core   0: 0x8000b4f2 (0xb03f2923) sw      gp, -1262(t5)
core   0: 3 0x8000b4f2 (0xb03f2923) mem 0x80010000 0x00000001
core   0: 0x8000b4f6 (0x0000bfe5) c.j     pc - 8
core   0: 3 0x8000b4f6 (0xbfe5)
core   0: 0x8000b4ee (0x00005f17) auipc   t5, 0x5
core   0: 3 0x8000b4ee (0x00005f17) x30 0x800104ee
core   0: 0x8000b4f2 (0xb03f2923) sw      gp, -1262(t5)
core   0: 3 0x8000b4f2 (0xb03f2923) mem 0x80010000 0x00000001
core   0: 0x8000b4f6 (0x0000bfe5) c.j     pc - 8
core   0: 3 0x8000b4f6 (0xbfe5)
core   0: 0x8000b4ee (0x00005f17) auipc   t5, 0x5
core   0: 3 0x8000b4ee (0x00005f17) x30 0x800104ee
core   0: 0x8000b4f2 (0xb03f2923) sw      gp, -1262(t5)
core   0: 3 0x8000b4f2 (0xb03f2923) mem 0x80010000 0x00000001
core   0: 0x8000b4f6 (0x0000bfe5) c.j     pc - 8
core   0: 3 0x8000b4f6 (0xbfe5)
core   0: 0x8000b4ee (0x00005f17) auipc   t5, 0x5
core   0: 3 0x8000b4ee (0x00005f17) x30 0x800104ee
core   0: 0x8000b4f2 (0xb03f2923) sw      gp, -1262(t5)
core   0: 3 0x8000b4f2 (0xb03f2923) mem 0x80010000 0x00000001
core   0: 0x8000b4f6 (0x0000bfe5) c.j     pc - 8
core   0: 3 0x8000b4f6 (0xbfe5)
core   0: 0x8000b4ee (0x00005f17) auipc   t5, 0x5
core   0: 3 0x8000b4ee (0x00005f17) x30 0x800104ee
core   0: 0x8000b4f2 (0xb03f2923) sw      gp, -1262(t5)
core   0: 3 0x8000b4f2 (0xb03f2923) mem 0x80010000 0x00000001
core   0: 0x8000b4f6 (0x0000bfe5) c.j     pc - 8
core   0: 3 0x8000b4f6 (0xbfe5)
core   0: 0x8000b4ee (0x00005f17) auipc   t5, 0x5
core   0: 3 0x8000b4ee (0x00005f17) x30 0x800104ee
core   0: 0x8000b4f2 (0xb03f2923) sw      gp, -1262(t5)
core   0: 3 0x8000b4f2 (0xb03f2923) mem 0x80010000 0x00000001
core   0: 0x8000b4f6 (0x0000bfe5) c.j     pc - 8
core   0: 3 0x8000b4f6 (0xbfe5)
core   0: 0x8000b4ee (0x00005f17) auipc   t5, 0x5
core   0: 3 0x8000b4ee (0x00005f17) x30 0x800104ee
core   0: 0x8000b4f2 (0xb03f2923) sw      gp, -1262(t5)
core   0: 3 0x8000b4f2 (0xb03f2923) mem 0x80010000 0x00000001
core   0: 0x8000b4f6 (0x0000bfe5) c.j     pc - 8
core   0: 3 0x8000b4f6 (0xbfe5)
core   0: 0x8000b4ee (0x00005f17) auipc   t5, 0x5
core   0: 3 0x8000b4ee (0x00005f17) x30 0x800104ee
core   0: 0x8000b4f2 (0xb03f2923) sw      gp, -1262(t5)
core   0: 3 0x8000b4f2 (0xb03f2923) mem 0x80010000 0x00000001
core   0: 0x8000b4f6 (0x0000bfe5) c.j     pc - 8
core   0: 3 0x8000b4f6 (0xbfe5)
core   0: 0x8000b4ee (0x00005f17) auipc   t5, 0x5
core   0: 3 0x8000b4ee (0x00005f17) x30 0x800104ee
core   0: 0x8000b4f2 (0xb03f2923) sw      gp, -1262(t5)
core   0: 3 0x8000b4f2 (0xb03f2923) mem 0x80010000 0x00000001
core   0: 0x8000b4f6 (0x0000bfe5) c.j     pc - 8
core   0: 3 0x8000b4f6 (0xbfe5)
core   0: 0x8000b4ee (0x00005f17) auipc   t5, 0x5
core   0: 3 0x8000b4ee (0x00005f17) x30 0x800104ee
core   0: 0x8000b4f2 (0xb03f2923) sw      gp, -1262(t5)
core   0: 3 0x8000b4f2 (0xb03f2923) mem 0x80010000 0x00000001
core   0: 0x8000b4f6 (0x0000bfe5) c.j     pc - 8
core   0: 3 0x8000b4f6 (0xbfe5)
core   0: 0x8000b4ee (0x00005f17) auipc   t5, 0x5
core   0: 3 0x8000b4ee (0x00005f17) x30 0x800104ee
core   0: 0x8000b4f2 (0xb03f2923) sw      gp, -1262(t5)
core   0: 3 0x8000b4f2 (0xb03f2923) mem 0x80010000 0x00000001
core   0: 0x8000b4f6 (0x0000bfe5) c.j     pc - 8
core   0: 3 0x8000b4f6 (0xbfe5)
core   0: 0x8000b4ee (0x00005f17) auipc   t5, 0x5
core   0: 3 0x8000b4ee (0x00005f17) x30 0x800104ee
core   0: 0x8000b4f2 (0xb03f2923) sw      gp, -1262(t5)
core   0: 3 0x8000b4f2 (0xb03f2923) mem 0x80010000 0x00000001
core   0: 0x8000b4f6 (0x0000bfe5) c.j     pc - 8
core   0: 3 0x8000b4f6 (0xbfe5)
core   0: 0x8000b4ee (0x00005f17) auipc   t5, 0x5
core   0: 3 0x8000b4ee (0x00005f17) x30 0x800104ee
core   0: 0x8000b4f2 (0xb03f2923) sw      gp, -1262(t5)
core   0: 3 0x8000b4f2 (0xb03f2923) mem 0x80010000 0x00000001
core   0: 0x8000b4f6 (0x0000bfe5) c.j     pc - 8
core   0: 3 0x8000b4f6 (0xbfe5)
core   0: 0x8000b4ee (0x00005f17) auipc   t5, 0x5
core   0: 3 0x8000b4ee (0x00005f17) x30 0x800104ee
core   0: 0x8000b4f2 (0xb03f2923) sw      gp, -1262(t5)
core   0: 3 0x8000b4f2 (0xb03f2923) mem 0x80010000 0x00000001
core   0: 0x8000b4f6 (0x0000bfe5) c.j     pc - 8
core   0: 3 0x8000b4f6 (0xbfe5)
core   0: 0x8000b4ee (0x00005f17) auipc   t5, 0x5
core   0: 3 0x8000b4ee (0x00005f17) x30 0x800104ee
core   0: 0x8000b4f2 (0xb03f2923) sw      gp, -1262(t5)
core   0: 3 0x8000b4f2 (0xb03f2923) mem 0x80010000 0x00000001
core   0: 0x8000b4f6 (0x0000bfe5) c.j     pc - 8
core   0: 3 0x8000b4f6 (0xbfe5)
core   0: 0x8000b4ee (0x00005f17) auipc   t5, 0x5
core   0: 3 0x8000b4ee (0x00005f17) x30 0x800104ee
core   0: 0x8000b4f2 (0xb03f2923) sw      gp, -1262(t5)
core   0: 3 0x8000b4f2 (0xb03f2923) mem 0x80010000 0x00000001
core   0: 0x8000b4f6 (0x0000bfe5) c.j     pc - 8
core   0: 3 0x8000b4f6 (0xbfe5)
core   0: 0x8000b4ee (0x00005f17) auipc   t5, 0x5
core   0: 3 0x8000b4ee (0x00005f17) x30 0x800104ee
core   0: 0x8000b4f2 (0xb03f2923) sw      gp, -1262(t5)
core   0: 3 0x8000b4f2 (0xb03f2923) mem 0x80010000 0x00000001
core   0: 0x8000b4f6 (0x0000bfe5) c.j     pc - 8
core   0: 3 0x8000b4f6 (0xbfe5)
core   0: 0x8000b4ee (0x00005f17) auipc   t5, 0x5
core   0: 3 0x8000b4ee (0x00005f17) x30 0x800104ee
core   0: 0x8000b4f2 (0xb03f2923) sw      gp, -1262(t5)
core   0: 3 0x8000b4f2 (0xb03f2923) mem 0x80010000 0x00000001
core   0: 0x8000b4f6 (0x0000bfe5) c.j     pc - 8
core   0: 3 0x8000b4f6 (0xbfe5)
core   0: 0x8000b4ee (0x00005f17) auipc   t5, 0x5
core   0: 3 0x8000b4ee (0x00005f17) x30 0x800104ee
core   0: 0x8000b4f2 (0xb03f2923) sw      gp, -1262(t5)
core   0: 3 0x8000b4f2 (0xb03f2923) mem 0x80010000 0x00000001
core   0: 0x8000b4f6 (0x0000bfe5) c.j     pc - 8
core   0: 3 0x8000b4f6 (0xbfe5)
core   0: 0x8000b4ee (0x00005f17) auipc   t5, 0x5
core   0: 3 0x8000b4ee (0x00005f17) x30 0x800104ee
core   0: 0x8000b4f2 (0xb03f2923) sw      gp, -1262(t5)
core   0: 3 0x8000b4f2 (0xb03f2923) mem 0x80010000 0x00000001
core   0: 0x8000b4f6 (0x0000bfe5) c.j     pc - 8
core   0: 3 0x8000b4f6 (0xbfe5)
core   0: 0x8000b4ee (0x00005f17) auipc   t5, 0x5
core   0: 3 0x8000b4ee (0x00005f17) x30 0x800104ee
core   0: 0x8000b4f2 (0xb03f2923) sw      gp, -1262(t5)
core   0: 3 0x8000b4f2 (0xb03f2923) mem 0x80010000 0x00000001
core   0: 0x8000b4f6 (0x0000bfe5) c.j     pc - 8
core   0: 3 0x8000b4f6 (0xbfe5)
core   0: 0x8000b4ee (0x00005f17) auipc   t5, 0x5
core   0: 3 0x8000b4ee (0x00005f17) x30 0x800104ee
core   0: 0x8000b4f2 (0xb03f2923) sw      gp, -1262(t5)
core   0: 3 0x8000b4f2 (0xb03f2923) mem 0x80010000 0x00000001
core   0: 0x8000b4f6 (0x0000bfe5) c.j     pc - 8
core   0: 3 0x8000b4f6 (0xbfe5)
core   0: 0x8000b4ee (0x00005f17) auipc   t5, 0x5
core   0: 3 0x8000b4ee (0x00005f17) x30 0x800104ee
core   0: 0x8000b4f2 (0xb03f2923) sw      gp, -1262(t5)
core   0: 3 0x8000b4f2 (0xb03f2923) mem 0x80010000 0x00000001
core   0: 0x8000b4f6 (0x0000bfe5) c.j     pc - 8
core   0: 3 0x8000b4f6 (0xbfe5)
core   0: 0x8000b4ee (0x00005f17) auipc   t5, 0x5
core   0: 3 0x8000b4ee (0x00005f17) x30 0x800104ee
core   0: 0x8000b4f2 (0xb03f2923) sw      gp, -1262(t5)
core   0: 3 0x8000b4f2 (0xb03f2923) mem 0x80010000 0x00000001
core   0: 0x8000b4f6 (0x0000bfe5) c.j     pc - 8
core   0: 3 0x8000b4f6 (0xbfe5)
core   0: 0x8000b4ee (0x00005f17) auipc   t5, 0x5
core   0: 3 0x8000b4ee (0x00005f17) x30 0x800104ee
core   0: 0x8000b4f2 (0xb03f2923) sw      gp, -1262(t5)
core   0: 3 0x8000b4f2 (0xb03f2923) mem 0x80010000 0x00000001
core   0: 0x8000b4f6 (0x0000bfe5) c.j     pc - 8
core   0: 3 0x8000b4f6 (0xbfe5)
core   0: 0x8000b4ee (0x00005f17) auipc   t5, 0x5
core   0: 3 0x8000b4ee (0x00005f17) x30 0x800104ee
core   0: 0x8000b4f2 (0xb03f2923) sw      gp, -1262(t5)
core   0: 3 0x8000b4f2 (0xb03f2923) mem 0x80010000 0x00000001
core   0: 0x8000b4f6 (0x0000bfe5) c.j     pc - 8
core   0: 3 0x8000b4f6 (0xbfe5)
core   0: 0x8000b4ee (0x00005f17) auipc   t5, 0x5
core   0: 3 0x8000b4ee (0x00005f17) x30 0x800104ee
core   0: 0x8000b4f2 (0xb03f2923) sw      gp, -1262(t5)
core   0: 3 0x8000b4f2 (0xb03f2923) mem 0x80010000 0x00000001
core   0: 0x8000b4f6 (0x0000bfe5) c.j     pc - 8
core   0: 3 0x8000b4f6 (0xbfe5)
core   0: 0x8000b4ee (0x00005f17) auipc   t5, 0x5
core   0: 3 0x8000b4ee (0x00005f17) x30 0x800104ee
core   0: 0x8000b4f2 (0xb03f2923) sw      gp, -1262(t5)
core   0: 3 0x8000b4f2 (0xb03f2923) mem 0x80010000 0x00000001
core   0: 0x8000b4f6 (0x0000bfe5) c.j     pc - 8
core   0: 3 0x8000b4f6 (0xbfe5)
core   0: 0x8000b4ee (0x00005f17) auipc   t5, 0x5
core   0: 3 0x8000b4ee (0x00005f17) x30 0x800104ee
core   0: 0x8000b4f2 (0xb03f2923) sw      gp, -1262(t5)
core   0: 3 0x8000b4f2 (0xb03f2923) mem 0x80010000 0x00000001
core   0: 0x8000b4f6 (0x0000bfe5) c.j     pc - 8
core   0: 3 0x8000b4f6 (0xbfe5)
core   0: 0x8000b4ee (0x00005f17) auipc   t5, 0x5
core   0: 3 0x8000b4ee (0x00005f17) x30 0x800104ee
core   0: 0x8000b4f2 (0xb03f2923) sw      gp, -1262(t5)
core   0: 3 0x8000b4f2 (0xb03f2923) mem 0x80010000 0x00000001
core   0: 0x8000b4f6 (0x0000bfe5) c.j     pc - 8
core   0: 3 0x8000b4f6 (0xbfe5)
core   0: 0x8000b4ee (0x00005f17) auipc   t5, 0x5
core   0: 3 0x8000b4ee (0x00005f17) x30 0x800104ee
core   0: 0x8000b4f2 (0xb03f2923) sw      gp, -1262(t5)
core   0: 3 0x8000b4f2 (0xb03f2923) mem 0x80010000 0x00000001
core   0: 0x8000b4f6 (0x0000bfe5) c.j     pc - 8
core   0: 3 0x8000b4f6 (0xbfe5)
core   0: 0x8000b4ee (0x00005f17) auipc   t5, 0x5
core   0: 3 0x8000b4ee (0x00005f17) x30 0x800104ee
core   0: 0x8000b4f2 (0xb03f2923) sw      gp, -1262(t5)
core   0: 3 0x8000b4f2 (0xb03f2923) mem 0x80010000 0x00000001
core   0: 0x8000b4f6 (0x0000bfe5) c.j     pc - 8
core   0: 3 0x8000b4f6 (0xbfe5)
core   0: 0x8000b4ee (0x00005f17) auipc   t5, 0x5
core   0: 3 0x8000b4ee (0x00005f17) x30 0x800104ee
core   0: 0x8000b4f2 (0xb03f2923) sw      gp, -1262(t5)
core   0: 3 0x8000b4f2 (0xb03f2923) mem 0x80010000 0x00000001
core   0: 0x8000b4f6 (0x0000bfe5) c.j     pc - 8
core   0: 3 0x8000b4f6 (0xbfe5)
core   0: 0x8000b4ee (0x00005f17) auipc   t5, 0x5
core   0: 3 0x8000b4ee (0x00005f17) x30 0x800104ee
core   0: 0x8000b4f2 (0xb03f2923) sw      gp, -1262(t5)
core   0: 3 0x8000b4f2 (0xb03f2923) mem 0x80010000 0x00000001
core   0: 0x8000b4f6 (0x0000bfe5) c.j     pc - 8
core   0: 3 0x8000b4f6 (0xbfe5)
core   0: 0x8000b4ee (0x00005f17) auipc   t5, 0x5
core   0: 3 0x8000b4ee (0x00005f17) x30 0x800104ee
core   0: 0x8000b4f2 (0xb03f2923) sw      gp, -1262(t5)
core   0: 3 0x8000b4f2 (0xb03f2923) mem 0x80010000 0x00000001
core   0: 0x8000b4f6 (0x0000bfe5) c.j     pc - 8
core   0: 3 0x8000b4f6 (0xbfe5)
core   0: 0x8000b4ee (0x00005f17) auipc   t5, 0x5
core   0: 3 0x8000b4ee (0x00005f17) x30 0x800104ee
core   0: 0x8000b4f2 (0xb03f2923) sw      gp, -1262(t5)
core   0: 3 0x8000b4f2 (0xb03f2923) mem 0x80010000 0x00000001
core   0: 0x8000b4f6 (0x0000bfe5) c.j     pc - 8
core   0: 3 0x8000b4f6 (0xbfe5)
core   0: 0x8000b4ee (0x00005f17) auipc   t5, 0x5
core   0: 3 0x8000b4ee (0x00005f17) x30 0x800104ee
core   0: 0x8000b4f2 (0xb03f2923) sw      gp, -1262(t5)
core   0: 3 0x8000b4f2 (0xb03f2923) mem 0x80010000 0x00000001
core   0: 0x8000b4f6 (0x0000bfe5) c.j     pc - 8
core   0: 3 0x8000b4f6 (0xbfe5)
core   0: 0x8000b4ee (0x00005f17) auipc   t5, 0x5
core   0: 3 0x8000b4ee (0x00005f17) x30 0x800104ee
core   0: 0x8000b4f2 (0xb03f2923) sw      gp, -1262(t5)
core   0: 3 0x8000b4f2 (0xb03f2923) mem 0x80010000 0x00000001
core   0: 0x8000b4f6 (0x0000bfe5) c.j     pc - 8
core   0: 3 0x8000b4f6 (0xbfe5)
core   0: 0x8000b4ee (0x00005f17) auipc   t5, 0x5
core   0: 3 0x8000b4ee (0x00005f17) x30 0x800104ee
core   0: 0x8000b4f2 (0xb03f2923) sw      gp, -1262(t5)
core   0: 3 0x8000b4f2 (0xb03f2923) mem 0x80010000 0x00000001
core   0: 0x8000b4f6 (0x0000bfe5) c.j     pc - 8
core   0: 3 0x8000b4f6 (0xbfe5)
core   0: 0x8000b4ee (0x00005f17) auipc   t5, 0x5
core   0: 3 0x8000b4ee (0x00005f17) x30 0x800104ee
core   0: 0x8000b4f2 (0xb03f2923) sw      gp, -1262(t5)
core   0: 3 0x8000b4f2 (0xb03f2923) mem 0x80010000 0x00000001
core   0: 0x8000b4f6 (0x0000bfe5) c.j     pc - 8
core   0: 3 0x8000b4f6 (0xbfe5)
core   0: 0x8000b4ee (0x00005f17) auipc   t5, 0x5
core   0: 3 0x8000b4ee (0x00005f17) x30 0x800104ee
core   0: 0x8000b4f2 (0xb03f2923) sw      gp, -1262(t5)
core   0: 3 0x8000b4f2 (0xb03f2923) mem 0x80010000 0x00000001
core   0: 0x8000b4f6 (0x0000bfe5) c.j     pc - 8
core   0: 3 0x8000b4f6 (0xbfe5)
core   0: 0x8000b4ee (0x00005f17) auipc   t5, 0x5
core   0: 3 0x8000b4ee (0x00005f17) x30 0x800104ee
core   0: 0x8000b4f2 (0xb03f2923) sw      gp, -1262(t5)
core   0: 3 0x8000b4f2 (0xb03f2923) mem 0x80010000 0x00000001
core   0: 0x8000b4f6 (0x0000bfe5) c.j     pc - 8
core   0: 3 0x8000b4f6 (0xbfe5)
core   0: 0x8000b4ee (0x00005f17) auipc   t5, 0x5
core   0: 3 0x8000b4ee (0x00005f17) x30 0x800104ee
core   0: 0x8000b4f2 (0xb03f2923) sw      gp, -1262(t5)
core   0: 3 0x8000b4f2 (0xb03f2923) mem 0x80010000 0x00000001
core   0: 0x8000b4f6 (0x0000bfe5) c.j     pc - 8
core   0: 3 0x8000b4f6 (0xbfe5)
core   0: 0x8000b4ee (0x00005f17) auipc   t5, 0x5
core   0: 3 0x8000b4ee (0x00005f17) x30 0x800104ee
core   0: 0x8000b4f2 (0xb03f2923) sw      gp, -1262(t5)
core   0: 3 0x8000b4f2 (0xb03f2923) mem 0x80010000 0x00000001
core   0: 0x8000b4f6 (0x0000bfe5) c.j     pc - 8
core   0: 3 0x8000b4f6 (0xbfe5)
core   0: 0x8000b4ee (0x00005f17) auipc   t5, 0x5
core   0: 3 0x8000b4ee (0x00005f17) x30 0x800104ee
core   0: 0x8000b4f2 (0xb03f2923) sw      gp, -1262(t5)
core   0: 3 0x8000b4f2 (0xb03f2923) mem 0x80010000 0x00000001
core   0: 0x8000b4f6 (0x0000bfe5) c.j     pc - 8
core   0: 3 0x8000b4f6 (0xbfe5)
core   0: 0x8000b4ee (0x00005f17) auipc   t5, 0x5
core   0: 3 0x8000b4ee (0x00005f17) x30 0x800104ee
core   0: 0x8000b4f2 (0xb03f2923) sw      gp, -1262(t5)
core   0: 3 0x8000b4f2 (0xb03f2923) mem 0x80010000 0x00000001
core   0: 0x8000b4f6 (0x0000bfe5) c.j     pc - 8
core   0: 3 0x8000b4f6 (0xbfe5)
core   0: 0x8000b4ee (0x00005f17) auipc   t5, 0x5
core   0: 3 0x8000b4ee (0x00005f17) x30 0x800104ee
core   0: 0x8000b4f2 (0xb03f2923) sw      gp, -1262(t5)
core   0: 3 0x8000b4f2 (0xb03f2923) mem 0x80010000 0x00000001
core   0: 0x8000b4f6 (0x0000bfe5) c.j     pc - 8
core   0: 3 0x8000b4f6 (0xbfe5)
core   0: 0x8000b4ee (0x00005f17) auipc   t5, 0x5
core   0: 3 0x8000b4ee (0x00005f17) x30 0x800104ee
core   0: 0x8000b4f2 (0xb03f2923) sw      gp, -1262(t5)
core   0: 3 0x8000b4f2 (0xb03f2923) mem 0x80010000 0x00000001
core   0: 0x8000b4f6 (0x0000bfe5) c.j     pc - 8
core   0: 3 0x8000b4f6 (0xbfe5)
core   0: 0x8000b4ee (0x00005f17) auipc   t5, 0x5
core   0: 3 0x8000b4ee (0x00005f17) x30 0x800104ee
core   0: 0x8000b4f2 (0xb03f2923) sw      gp, -1262(t5)
core   0: 3 0x8000b4f2 (0xb03f2923) mem 0x80010000 0x00000001
core   0: 0x8000b4f6 (0x0000bfe5) c.j     pc - 8
core   0: 3 0x8000b4f6 (0xbfe5)
core   0: 0x8000b4ee (0x00005f17) auipc   t5, 0x5
core   0: 3 0x8000b4ee (0x00005f17) x30 0x800104ee
core   0: 0x8000b4f2 (0xb03f2923) sw      gp, -1262(t5)
core   0: 3 0x8000b4f2 (0xb03f2923) mem 0x80010000 0x00000001
core   0: 0x8000b4f6 (0x0000bfe5) c.j     pc - 8
core   0: 3 0x8000b4f6 (0xbfe5)
core   0: 0x8000b4ee (0x00005f17) auipc   t5, 0x5
core   0: 3 0x8000b4ee (0x00005f17) x30 0x800104ee
core   0: 0x8000b4f2 (0xb03f2923) sw      gp, -1262(t5)
core   0: 3 0x8000b4f2 (0xb03f2923) mem 0x80010000 0x00000001
core   0: 0x8000b4f6 (0x0000bfe5) c.j     pc - 8
core   0: 3 0x8000b4f6 (0xbfe5)
core   0: 0x8000b4ee (0x00005f17) auipc   t5, 0x5
core   0: 3 0x8000b4ee (0x00005f17) x30 0x800104ee
core   0: 0x8000b4f2 (0xb03f2923) sw      gp, -1262(t5)
core   0: 3 0x8000b4f2 (0xb03f2923) mem 0x80010000 0x00000001
core   0: 0x8000b4f6 (0x0000bfe5) c.j     pc - 8
core   0: 3 0x8000b4f6 (0xbfe5)
core   0: 0x8000b4ee (0x00005f17) auipc   t5, 0x5
core   0: 3 0x8000b4ee (0x00005f17) x30 0x800104ee
core   0: 0x8000b4f2 (0xb03f2923) sw      gp, -1262(t5)
core   0: 3 0x8000b4f2 (0xb03f2923) mem 0x80010000 0x00000001
core   0: 0x8000b4f6 (0x0000bfe5) c.j     pc - 8
core   0: 3 0x8000b4f6 (0xbfe5)
core   0: 0x8000b4ee (0x00005f17) auipc   t5, 0x5
core   0: 3 0x8000b4ee (0x00005f17) x30 0x800104ee
core   0: 0x8000b4f2 (0xb03f2923) sw      gp, -1262(t5)
core   0: 3 0x8000b4f2 (0xb03f2923) mem 0x80010000 0x00000001
core   0: 0x8000b4f6 (0x0000bfe5) c.j     pc - 8
core   0: 3 0x8000b4f6 (0xbfe5)
core   0: 0x8000b4ee (0x00005f17) auipc   t5, 0x5
core   0: 3 0x8000b4ee (0x00005f17) x30 0x800104ee
core   0: 0x8000b4f2 (0xb03f2923) sw      gp, -1262(t5)
core   0: 3 0x8000b4f2 (0xb03f2923) mem 0x80010000 0x00000001
core   0: 0x8000b4f6 (0x0000bfe5) c.j     pc - 8
core   0: 3 0x8000b4f6 (0xbfe5)
core   0: 0x8000b4ee (0x00005f17) auipc   t5, 0x5
core   0: 3 0x8000b4ee (0x00005f17) x30 0x800104ee
core   0: 0x8000b4f2 (0xb03f2923) sw      gp, -1262(t5)
core   0: 3 0x8000b4f2 (0xb03f2923) mem 0x80010000 0x00000001
core   0: 0x8000b4f6 (0x0000bfe5) c.j     pc - 8
core   0: 3 0x8000b4f6 (0xbfe5)
core   0: 0x8000b4ee (0x00005f17) auipc   t5, 0x5
core   0: 3 0x8000b4ee (0x00005f17) x30 0x800104ee
core   0: 0x8000b4f2 (0xb03f2923) sw      gp, -1262(t5)
core   0: 3 0x8000b4f2 (0xb03f2923) mem 0x80010000 0x00000001
core   0: 0x8000b4f6 (0x0000bfe5) c.j     pc - 8
core   0: 3 0x8000b4f6 (0xbfe5)
core   0: 0x8000b4ee (0x00005f17) auipc   t5, 0x5
core   0: 3 0x8000b4ee (0x00005f17) x30 0x800104ee
core   0: 0x8000b4f2 (0xb03f2923) sw      gp, -1262(t5)
core   0: 3 0x8000b4f2 (0xb03f2923) mem 0x80010000 0x00000001
core   0: 0x8000b4f6 (0x0000bfe5) c.j     pc - 8
core   0: 3 0x8000b4f6 (0xbfe5)
core   0: 0x8000b4ee (0x00005f17) auipc   t5, 0x5
core   0: 3 0x8000b4ee (0x00005f17) x30 0x800104ee
core   0: 0x8000b4f2 (0xb03f2923) sw      gp, -1262(t5)
core   0: 3 0x8000b4f2 (0xb03f2923) mem 0x80010000 0x00000001
core   0: 0x8000b4f6 (0x0000bfe5) c.j     pc - 8
core   0: 3 0x8000b4f6 (0xbfe5)
core   0: 0x8000b4ee (0x00005f17) auipc   t5, 0x5
core   0: 3 0x8000b4ee (0x00005f17) x30 0x800104ee
core   0: 0x8000b4f2 (0xb03f2923) sw      gp, -1262(t5)
core   0: 3 0x8000b4f2 (0xb03f2923) mem 0x80010000 0x00000001
core   0: 0x8000b4f6 (0x0000bfe5) c.j     pc - 8
core   0: 3 0x8000b4f6 (0xbfe5)
core   0: 0x8000b4ee (0x00005f17) auipc   t5, 0x5
core   0: 3 0x8000b4ee (0x00005f17) x30 0x800104ee
core   0: 0x8000b4f2 (0xb03f2923) sw      gp, -1262(t5)
core   0: 3 0x8000b4f2 (0xb03f2923) mem 0x80010000 0x00000001
core   0: 0x8000b4f6 (0x0000bfe5) c.j     pc - 8
core   0: 3 0x8000b4f6 (0xbfe5)
core   0: 0x8000b4ee (0x00005f17) auipc   t5, 0x5
core   0: 3 0x8000b4ee (0x00005f17) x30 0x800104ee
core   0: 0x8000b4f2 (0xb03f2923) sw      gp, -1262(t5)
core   0: 3 0x8000b4f2 (0xb03f2923) mem 0x80010000 0x00000001
core   0: 0x8000b4f6 (0x0000bfe5) c.j     pc - 8
core   0: 3 0x8000b4f6 (0xbfe5)
core   0: 0x8000b4ee (0x00005f17) auipc   t5, 0x5
core   0: 3 0x8000b4ee (0x00005f17) x30 0x800104ee
core   0: 0x8000b4f2 (0xb03f2923) sw      gp, -1262(t5)
core   0: 3 0x8000b4f2 (0xb03f2923) mem 0x80010000 0x00000001
core   0: 0x8000b4f6 (0x0000bfe5) c.j     pc - 8
core   0: 3 0x8000b4f6 (0xbfe5)
core   0: 0x8000b4ee (0x00005f17) auipc   t5, 0x5
core   0: 3 0x8000b4ee (0x00005f17) x30 0x800104ee
core   0: 0x8000b4f2 (0xb03f2923) sw      gp, -1262(t5)
core   0: 3 0x8000b4f2 (0xb03f2923) mem 0x80010000 0x00000001
core   0: 0x8000b4f6 (0x0000bfe5) c.j     pc - 8
core   0: 3 0x8000b4f6 (0xbfe5)
core   0: 0x8000b4ee (0x00005f17) auipc   t5, 0x5
core   0: 3 0x8000b4ee (0x00005f17) x30 0x800104ee
core   0: 0x8000b4f2 (0xb03f2923) sw      gp, -1262(t5)
core   0: 3 0x8000b4f2 (0xb03f2923) mem 0x80010000 0x00000001
core   0: 0x8000b4f6 (0x0000bfe5) c.j     pc - 8
core   0: 3 0x8000b4f6 (0xbfe5)
core   0: 0x8000b4ee (0x00005f17) auipc   t5, 0x5
core   0: 3 0x8000b4ee (0x00005f17) x30 0x800104ee
core   0: 0x8000b4f2 (0xb03f2923) sw      gp, -1262(t5)
core   0: 3 0x8000b4f2 (0xb03f2923) mem 0x80010000 0x00000001
core   0: 0x8000b4f6 (0x0000bfe5) c.j     pc - 8
core   0: 3 0x8000b4f6 (0xbfe5)
core   0: 0x8000b4ee (0x00005f17) auipc   t5, 0x5
core   0: 3 0x8000b4ee (0x00005f17) x30 0x800104ee
core   0: 0x8000b4f2 (0xb03f2923) sw      gp, -1262(t5)
core   0: 3 0x8000b4f2 (0xb03f2923) mem 0x80010000 0x00000001
core   0: 0x8000b4f6 (0x0000bfe5) c.j     pc - 8
core   0: 3 0x8000b4f6 (0xbfe5)
core   0: 0x8000b4ee (0x00005f17) auipc   t5, 0x5
core   0: 3 0x8000b4ee (0x00005f17) x30 0x800104ee
core   0: 0x8000b4f2 (0xb03f2923) sw      gp, -1262(t5)
core   0: 3 0x8000b4f2 (0xb03f2923) mem 0x80010000 0x00000001
core   0: 0x8000b4f6 (0x0000bfe5) c.j     pc - 8
core   0: 3 0x8000b4f6 (0xbfe5)
core   0: 0x8000b4ee (0x00005f17) auipc   t5, 0x5
core   0: 3 0x8000b4ee (0x00005f17) x30 0x800104ee
core   0: 0x8000b4f2 (0xb03f2923) sw      gp, -1262(t5)
core   0: 3 0x8000b4f2 (0xb03f2923) mem 0x80010000 0x00000001
core   0: 0x8000b4f6 (0x0000bfe5) c.j     pc - 8
core   0: 3 0x8000b4f6 (0xbfe5)
core   0: 0x8000b4ee (0x00005f17) auipc   t5, 0x5
core   0: 3 0x8000b4ee (0x00005f17) x30 0x800104ee
core   0: 0x8000b4f2 (0xb03f2923) sw      gp, -1262(t5)
core   0: 3 0x8000b4f2 (0xb03f2923) mem 0x80010000 0x00000001
core   0: 0x8000b4f6 (0x0000bfe5) c.j     pc - 8
core   0: 3 0x8000b4f6 (0xbfe5)
core   0: 0x8000b4ee (0x00005f17) auipc   t5, 0x5
core   0: 3 0x8000b4ee (0x00005f17) x30 0x800104ee
core   0: 0x8000b4f2 (0xb03f2923) sw      gp, -1262(t5)
core   0: 3 0x8000b4f2 (0xb03f2923) mem 0x80010000 0x00000001
core   0: 0x8000b4f6 (0x0000bfe5) c.j     pc - 8
core   0: 3 0x8000b4f6 (0xbfe5)
core   0: 0x8000b4ee (0x00005f17) auipc   t5, 0x5
core   0: 3 0x8000b4ee (0x00005f17) x30 0x800104ee
core   0: 0x8000b4f2 (0xb03f2923) sw      gp, -1262(t5)
core   0: 3 0x8000b4f2 (0xb03f2923) mem 0x80010000 0x00000001
core   0: 0x8000b4f6 (0x0000bfe5) c.j     pc - 8
core   0: 3 0x8000b4f6 (0xbfe5)
core   0: 0x8000b4ee (0x00005f17) auipc   t5, 0x5
core   0: 3 0x8000b4ee (0x00005f17) x30 0x800104ee
core   0: 0x8000b4f2 (0xb03f2923) sw      gp, -1262(t5)
core   0: 3 0x8000b4f2 (0xb03f2923) mem 0x80010000 0x00000001
core   0: 0x8000b4f6 (0x0000bfe5) c.j     pc - 8
core   0: 3 0x8000b4f6 (0xbfe5)
core   0: 0x8000b4ee (0x00005f17) auipc   t5, 0x5
core   0: 3 0x8000b4ee (0x00005f17) x30 0x800104ee
core   0: 0x8000b4f2 (0xb03f2923) sw      gp, -1262(t5)
core   0: 3 0x8000b4f2 (0xb03f2923) mem 0x80010000 0x00000001
core   0: 0x8000b4f6 (0x0000bfe5) c.j     pc - 8
core   0: 3 0x8000b4f6 (0xbfe5)
core   0: 0x8000b4ee (0x00005f17) auipc   t5, 0x5
core   0: 3 0x8000b4ee (0x00005f17) x30 0x800104ee
core   0: 0x8000b4f2 (0xb03f2923) sw      gp, -1262(t5)
core   0: 3 0x8000b4f2 (0xb03f2923) mem 0x80010000 0x00000001
core   0: 0x8000b4f6 (0x0000bfe5) c.j     pc - 8
core   0: 3 0x8000b4f6 (0xbfe5)
core   0: 0x8000b4ee (0x00005f17) auipc   t5, 0x5
core   0: 3 0x8000b4ee (0x00005f17) x30 0x800104ee
core   0: 0x8000b4f2 (0xb03f2923) sw      gp, -1262(t5)
core   0: 3 0x8000b4f2 (0xb03f2923) mem 0x80010000 0x00000001
core   0: 0x8000b4f6 (0x0000bfe5) c.j     pc - 8
core   0: 3 0x8000b4f6 (0xbfe5)
core   0: 0x8000b4ee (0x00005f17) auipc   t5, 0x5
core   0: 3 0x8000b4ee (0x00005f17) x30 0x800104ee
core   0: 0x8000b4f2 (0xb03f2923) sw      gp, -1262(t5)
core   0: 3 0x8000b4f2 (0xb03f2923) mem 0x80010000 0x00000001
core   0: 0x8000b4f6 (0x0000bfe5) c.j     pc - 8
core   0: 3 0x8000b4f6 (0xbfe5)
core   0: 0x8000b4ee (0x00005f17) auipc   t5, 0x5
core   0: 3 0x8000b4ee (0x00005f17) x30 0x800104ee
core   0: 0x8000b4f2 (0xb03f2923) sw      gp, -1262(t5)
core   0: 3 0x8000b4f2 (0xb03f2923) mem 0x80010000 0x00000001
core   0: 0x8000b4f6 (0x0000bfe5) c.j     pc - 8
core   0: 3 0x8000b4f6 (0xbfe5)
core   0: 0x8000b4ee (0x00005f17) auipc   t5, 0x5
core   0: 3 0x8000b4ee (0x00005f17) x30 0x800104ee
core   0: 0x8000b4f2 (0xb03f2923) sw      gp, -1262(t5)
core   0: 3 0x8000b4f2 (0xb03f2923) mem 0x80010000 0x00000001
core   0: 0x8000b4f6 (0x0000bfe5) c.j     pc - 8
core   0: 3 0x8000b4f6 (0xbfe5)
core   0: 0x8000b4ee (0x00005f17) auipc   t5, 0x5
core   0: 3 0x8000b4ee (0x00005f17) x30 0x800104ee
core   0: 0x8000b4f2 (0xb03f2923) sw      gp, -1262(t5)
core   0: 3 0x8000b4f2 (0xb03f2923) mem 0x80010000 0x00000001
core   0: 0x8000b4f6 (0x0000bfe5) c.j     pc - 8
core   0: 3 0x8000b4f6 (0xbfe5)
core   0: 0x8000b4ee (0x00005f17) auipc   t5, 0x5
core   0: 3 0x8000b4ee (0x00005f17) x30 0x800104ee
core   0: 0x8000b4f2 (0xb03f2923) sw      gp, -1262(t5)
core   0: 3 0x8000b4f2 (0xb03f2923) mem 0x80010000 0x00000001
core   0: 0x8000b4f6 (0x0000bfe5) c.j     pc - 8
core   0: 3 0x8000b4f6 (0xbfe5)
core   0: 0x8000b4ee (0x00005f17) auipc   t5, 0x5
core   0: 3 0x8000b4ee (0x00005f17) x30 0x800104ee
core   0: 0x8000b4f2 (0xb03f2923) sw      gp, -1262(t5)
core   0: 3 0x8000b4f2 (0xb03f2923) mem 0x80010000 0x00000001
