core   0: 0x00001000 (0x00000297) auipc   t0, 0x0
core   0: 3 0x00001000 (0x00000297) x5  0x00001000
core   0: 0x00001004 (0x02028593) addi    a1, t0, 32
core   0: 3 0x00001004 (0x02028593) x11 0x00001020
core   0: 0x00001008 (0xf1402573) csrr    a0, mhartid
core   0: 3 0x00001008 (0xf1402573) x10 0x00000000
core   0: 0x0000100c (0x0182a283) lw      t0, 24(t0)
core   0: 3 0x0000100c (0x0182a283) x5  0x80000000 mem 0x00001018
core   0: 0x00001010 (0x00028067) jr      t0
core   0: 3 0x00001010 (0x00028067)
core   0: 0x80000000 (0xf14022f3) csrr    t0, mhartid
core   0: 3 0x80000000 (0xf14022f3) x5  0x00000000
core   0: 0x80000004 (0x00004301) c.li    t1, 0
core   0: 3 0x80000004 (0x4301) x6  0x00000000
core   0: 0x80000006 (0x00628263) beq     t0, t1, pc + 4
core   0: 3 0x80000006 (0x00628263)
core   0: 0x8000000a (0x00000117) auipc   sp, 0x0
core   0: 3 0x8000000a (0x00000117) x2  0x8000000a
core   0: 0x8000000e (0x00c10113) addi    sp, sp, 12
core   0: 3 0x8000000e (0x00c10113) x2  0x80000016
core   0: 0x80000012 (0x00010067) jr      sp
core   0: 3 0x80000012 (0x00010067)
core   0: 0x80000016 (0x40001bb7) lui     s7, 0x40001
core   0: 3 0x80000016 (0x40001bb7) x23 0x40001000
core   0: 0x8000001a (0x105b8b93) addi    s7, s7, 261
core   0: 3 0x8000001a (0x105b8b93) x23 0x40001105
core   0: 0x8000001e (0x301b9073) csrw    misa, s7
core   0: 3 0x8000001e (0x301b9073) c769_misa 0x40141105
core   0: 0x80000022 (0x0002a697) auipc   a3, 0x2a
core   0: 3 0x80000022 (0x0002a697) x13 0x8002a022
core   0: 0x80000026 (0xd0268693) addi    a3, a3, -766
core   0: 3 0x80000026 (0xd0268693) x13 0x80029d24
core   0: 0x8000002a (0x0000cb97) auipc   s7, 0xc
core   0: 3 0x8000002a (0x0000cb97) x23 0x8000c02a
core   0: 0x8000002e (0x516b8b93) addi    s7, s7, 1302
core   0: 3 0x8000002e (0x516b8b93) x23 0x8000c540
core   0: 0x80000032 (0x001beb93) ori     s7, s7, 1
core   0: 3 0x80000032 (0x001beb93) x23 0x8000c541
core   0: 0x80000036 (0x305b9073) csrw    mtvec, s7
core   0: 3 0x80000036 (0x305b9073) c773_mtvec 0x8000c541
core   0: 0x8000003a (0x00000b97) auipc   s7, 0x0
core   0: 3 0x8000003a (0x00000b97) x23 0x8000003a
core   0: 0x8000003e (0x022b8b93) addi    s7, s7, 34
core   0: 3 0x8000003e (0x022b8b93) x23 0x8000005c
core   0: 0x80000042 (0x341b9073) csrw    mepc, s7
core   0: 3 0x80000042 (0x341b9073) c833_mepc 0x8000005c
core   0: 0x80000046 (0x00000001) c.nop
core   0: 3 0x80000046 (0x0001)
core   0: 0x80000048 (0x00006b89) c.lui   s7, 0x2
core   0: 3 0x80000048 (0x6b89) x23 0x00002000
core   0: 0x8000004a (0x800b8b93) addi    s7, s7, -2048
core   0: 3 0x8000004a (0x800b8b93) x23 0x00001800
core   0: 0x8000004e (0x300b9073) csrw    mstatus, s7
core   0: 3 0x8000004e (0x300b9073) c768_mstatus 0x00001800
core   0: 0x80000052 (0x00004b81) c.li    s7, 0
core   0: 3 0x80000052 (0x4b81) x23 0x00000000
core   0: 0x80000054 (0x304b9073) csrw    mie, s7
core   0: 3 0x80000054 (0x304b9073) c772_mie 0x00000000
core   0: 0x80000058 (0x30200073) mret
core   0: 3 0x80000058 (0x30200073) c784_mstatush 0x00000000 c768_mstatus 0x00000080
core   0: >>>>  init
core   0: 0x8000005c (0x730d2037) lui     zero, 0x730d2
core   0: 3 0x8000005c (0x730d2037)
core   0: 0x80000060 (0xff600013) li      zero, -10
core   0: 3 0x80000060 (0xff600013)
core   0: 0x80000064 (0x00004081) c.li    ra, 0
core   0: 3 0x80000064 (0x4081) x1  0x00000000
core   0: 0x80000066 (0xfc65f137) lui     sp, 0xfc65f
core   0: 3 0x80000066 (0xfc65f137) x2  0xfc65f000
core   0: 0x8000006a (0x35810113) addi    sp, sp, 856
core   0: 3 0x8000006a (0x35810113) x2  0xfc65f358
core   0: 0x8000006e (0xf47c11b7) lui     gp, 0xf47c1
core   0: 3 0x8000006e (0xf47c11b7) x3  0xf47c1000
core   0: 0x80000072 (0xa0818193) addi    gp, gp, -1528
core   0: 3 0x80000072 (0xa0818193) x3  0xf47c0a08
core   0: 0x80000076 (0x00004225) c.li    tp, 9
core   0: 3 0x80000076 (0x4225) x4  0x00000009
core   0: 0x80000078 (0x780052b7) lui     t0, 0x78005
core   0: 3 0x80000078 (0x780052b7) x5  0x78005000
core   0: 0x8000007c (0x80028293) addi    t0, t0, -2048
core   0: 3 0x8000007c (0x80028293) x5  0x78004800
core   0: 0x80000080 (0x80000337) lui     t1, 0x80000
core   0: 3 0x80000080 (0x80000337) x6  0x80000000
core   0: 0x80000084 (0x00004381) c.li    t2, 0
core   0: 3 0x80000084 (0x4381) x7  0x00000000
core   0: 0x80000086 (0x0000442d) c.li    s0, 11
core   0: 3 0x80000086 (0x442d) x8  0x0000000b
core   0: 0x80000088 (0xc53854b7) lui     s1, 0xc5385
core   0: 3 0x80000088 (0xc53854b7) x9  0xc5385000
core   0: 0x8000008c (0xa9a48493) addi    s1, s1, -1382
core   0: 3 0x8000008c (0xa9a48493) x9  0xc5384a9a
core   0: 0x80000090 (0x00004501) c.li    a0, 0
core   0: 3 0x80000090 (0x4501) x10 0x00000000
core   0: 0x80000092 (0x7b4b75b7) lui     a1, 0x7b4b7
core   0: 3 0x80000092 (0x7b4b75b7) x11 0x7b4b7000
core   0: 0x80000096 (0xa0658593) addi    a1, a1, -1530
core   0: 3 0x80000096 (0xa0658593) x11 0x7b4b6a06
core   0: 0x8000009a (0xe3378637) lui     a2, 0xe3378
core   0: 3 0x8000009a (0xe3378637) x12 0xe3378000
core   0: 0x8000009e (0xad660613) addi    a2, a2, -1322
core   0: 3 0x8000009e (0xad660613) x12 0xe3377ad6
core   0: 0x800000a2 (0x80000737) lui     a4, 0x80000
core   0: 3 0x800000a2 (0x80000737) x14 0x80000000
core   0: 0x800000a6 (0x00004781) c.li    a5, 0
core   0: 3 0x800000a6 (0x4781) x15 0x00000000
core   0: 0x800000a8 (0x80000837) lui     a6, 0x80000
core   0: 3 0x800000a8 (0x80000837) x16 0x80000000
core   0: 0x800000ac (0xf13c98b7) lui     a7, 0xf13c9
core   0: 3 0x800000ac (0xf13c98b7) x17 0xf13c9000
core   0: 0x800000b0 (0xb8288893) addi    a7, a7, -1150
core   0: 3 0x800000b0 (0xb8288893) x17 0xf13c8b82
core   0: 0x800000b4 (0x00004921) c.li    s2, 8
core   0: 3 0x800000b4 (0x4921) x18 0x00000008
core   0: 0x800000b6 (0x800009b7) lui     s3, 0x80000
core   0: 3 0x800000b6 (0x800009b7) x19 0x80000000
core   0: 0x800000ba (0xf4540a37) lui     s4, 0xf4540
core   0: 3 0x800000ba (0xf4540a37) x20 0xf4540000
core   0: 0x800000be (0xd48a0a13) addi    s4, s4, -696
core   0: 3 0x800000be (0xd48a0a13) x20 0xf453fd48
core   0: 0x800000c2 (0x00004a81) c.li    s5, 0
core   0: 3 0x800000c2 (0x4a81) x21 0x00000000
core   0: 0x800000c4 (0x00004b01) c.li    s6, 0
core   0: 3 0x800000c4 (0x4b01) x22 0x00000000
core   0: 0x800000c6 (0x00004b81) c.li    s7, 0
core   0: 3 0x800000c6 (0x4b81) x23 0x00000000
core   0: 0x800000c8 (0x00004c1d) c.li    s8, 7
core   0: 3 0x800000c8 (0x4c1d) x24 0x00000007
core   0: 0x800000ca (0x1bf28cb7) lui     s9, 0x1bf28
core   0: 3 0x800000ca (0x1bf28cb7) x25 0x1bf28000
core   0: 0x800000ce (0x147c8c93) addi    s9, s9, 327
core   0: 3 0x800000ce (0x147c8c93) x25 0x1bf28147
core   0: 0x800000d2 (0x00004d01) c.li    s10, 0
core   0: 3 0x800000d2 (0x4d01) x26 0x00000000
core   0: 0x800000d4 (0x80000db7) lui     s11, 0x80000
core   0: 3 0x800000d4 (0x80000db7) x27 0x80000000
core   0: 0x800000d8 (0x00004e81) c.li    t4, 0
core   0: 3 0x800000d8 (0x4e81) x29 0x00000000
core   0: 0x800000da (0x76614f37) lui     t5, 0x76614
core   0: 3 0x800000da (0x76614f37) x30 0x76614000
core   0: 0x800000de (0x1fcf0f13) addi    t5, t5, 508
core   0: 3 0x800000de (0x1fcf0f13) x30 0x766141fc
core   0: 0x800000e2 (0x80000fb7) lui     t6, 0x80000
core   0: 3 0x800000e2 (0x80000fb7) x31 0x80000000
core   0: 0x800000e6 (0x00026e17) auipc   t3, 0x26
core   0: 3 0x800000e6 (0x00026e17) x28 0x800260e6
core   0: 0x800000ea (0xdbee0e13) addi    t3, t3, -578
core   0: 3 0x800000ea (0xdbee0e13) x28 0x80025ea4
core   0: 0x800000ee (0x00010797) auipc   a5, 0x10
core   0: 3 0x800000ee (0x00010797) x15 0x800100ee
core   0: 0x800000f2 (0x63e78793) addi    a5, a5, 1598
core   0: 3 0x800000f2 (0x63e78793) x15 0x8001072c
core   0: 0x800000f6 (0x000099fd) c.andi  a1, -1
core   0: 3 0x800000f6 (0x99fd) x11 0x7b4b6a06
core   0: 0x800000f8 (0x7700a393) slti    t2, ra, 1904
core   0: 3 0x800000f8 (0x7700a393) x7  0x00000001
core   0: 0x800000fc (0x03f771b3) remu    gp, a4, t6
core   0: 3 0x800000fc (0x03f771b3) x3  0x00000000
core   0: 0x80000100 (0xd2678d23) sb      t1, -710(a5)
core   0: 3 0x80000100 (0xd2678d23) mem 0x80010466 0x00
core   0: 0x80000104 (0xac578da3) sb      t0, -1317(a5)
core   0: 3 0x80000104 (0xac578da3) mem 0x80010207 0x00
core   0: 0x80000108 (0x000008ed) c.addi  a7, 27
core   0: 3 0x80000108 (0x08ed) x17 0xf13c8b9d
core   0: 0x8000010a (0x00000001) c.nop
core   0: 3 0x8000010a (0x0001)
core   0: 0x8000010c (0x340a5573) csrrwi  a0, mscratch, 20
core   0: 3 0x8000010c (0x340a5573) x10 0x00000000 c832_mscratch 0x00000014
core   0: 0x80000110 (0x1d978a23) sb      s9, 468(a5)
core   0: 3 0x80000110 (0x1d978a23) mem 0x80010900 0x47
core   0: 0x80000114 (0x4e677f13) andi    t5, a4, 1254
core   0: 3 0x80000114 (0x4e677f13) x30 0x00000000
core   0: 0x80000118 (0xb7d7cd03) lbu     s10, -1155(a5)
core   0: 3 0x80000118 (0xb7d7cd03) x26 0x0000004c mem 0x800102a9
core   0: 0x8000011c (0x600783a3) sb      zero, 1543(a5)
core   0: 3 0x8000011c (0x600783a3) mem 0x80010d33 0x00
core   0: 0x80000120 (0x00008efe) c.mv    t4, t6
core   0: 3 0x80000120 (0x8efe) x29 0x80000000
core   0: 0x80000122 (0x00008e21) c.xor   a2, s0
core   0: 3 0x80000122 (0x8e21) x12 0xe3377add
core   0: 0x80000124 (0xcb378c03) lb      s8, -845(a5)
core   0: 3 0x80000124 (0xcb378c03) x24 0xffffffb5 mem 0x800103df
core   0: 0x80000128 (0x1e87a423) sw      s0, 488(a5)
core   0: 3 0x80000128 (0x1e87a423) mem 0x80010914 0x0000000b
core   0: 0x8000012c (0x000002e9) c.addi  t0, 26
core   0: 3 0x8000012c (0x02e9) x5  0x7800481a
core   0: 0x8000012e (0x7dd78703) lb      a4, 2013(a5)
core   0: 3 0x8000012e (0x7dd78703) x14 0x0000002f mem 0x80010f09
core   0: 0x80000132 (0xbd478a83) lb      s5, -1068(a5)
core   0: 3 0x80000132 (0xbd478a83) x21 0x00000016 mem 0x80010300
core   0: 0x80000136 (0x01b05b33) srl     s6, zero, s11
core   0: 3 0x80000136 (0x01b05b33) x22 0x00000000
core   0: 0x8000013a (0xce4aaa13) slti    s4, s5, -796
core   0: 3 0x8000013a (0xce4aaa13) x20 0x00000000
core   0: 0x8000013e (0x50879523) sh      s0, 1290(a5)
core   0: 3 0x8000013e (0x50879523) mem 0x80010c36 0x000b
core   0: 0x80000142 (0xe767c483) lbu     s1, -394(a5)
core   0: 3 0x80000142 (0xe767c483) x9  0x00000027 mem 0x800105a2
core   0: 0x80000146 (0x042782a3) sb      sp, 69(a5)
core   0: 3 0x80000146 (0x042782a3) mem 0x80010771 0x58
core   0: 0x8000014a (0x000004be) c.slli  s1, 15
core   0: 3 0x8000014a (0x04be) x9  0x00138000
core   0: 0x8000014c (0xea6a2713) slti    a4, s4, -346
core   0: 3 0x8000014c (0xea6a2713) x14 0x00000000
core   0: 0x80000150 (0x12378283) lb      t0, 291(a5)
core   0: 3 0x80000150 (0x12378283) x5  0x0000000b mem 0x8001084f
core   0: 0x80000154 (0x34056c73) csrrsi  s8, mscratch, 10
core   0: 3 0x80000154 (0x34056c73) x24 0x00000014 c832_mscratch 0x0000001e
core   0: 0x80000158 (0x7e878a03) lb      s4, 2024(a5)
core   0: 3 0x80000158 (0x7e878a03) x20 0x00000078 mem 0x80010f14
core   0: 0x8000015c (0x00008dbe) c.mv    s11, a5
core   0: 3 0x8000015c (0x8dbe) x27 0x8001072c
core   0: 0x8000015e (0x01a67bb3) and     s7, a2, s10
core   0: 3 0x8000015e (0x01a67bb3) x23 0x0000004c
core   0: 0x80000162 (0xb4978383) lb      t2, -1207(a5)
core   0: 3 0x80000162 (0xb4978383) x7  0x00000035 mem 0x80010275
core   0: 0x80000166 (0x02944eb3) div     t4, s0, s1
core   0: 3 0x80000166 (0x02944eb3) x29 0x00000000
core   0: 0x8000016a (0x340e3773) csrrc   a4, mscratch, t3
core   0: 3 0x8000016a (0x340e3773) x14 0x0000001e c832_mscratch 0x0000001a
core   0: 0x8000016e (0x9ce7d183) lhu     gp, -1586(a5)
core   0: 3 0x8000016e (0x9ce7d183) x3  0x00009f3f mem 0x800100fa
core   0: 0x80000172 (0x01a6deb3) srl     t4, a3, s10
core   0: 3 0x80000172 (0x01a6deb3) x29 0x00080029
core   0: 0x80000176 (0x64b78183) lb      gp, 1611(a5)
core   0: 3 0x80000176 (0x64b78183) x3  0x00000078 mem 0x80010d77
core   0: 0x8000017a (0x2547c983) lbu     s3, 596(a5)
core   0: 3 0x8000017a (0x2547c983) x19 0x0000005f mem 0x80010980
core   0: 0x8000017e (0x60778637) lui     a2, 0x60778
core   0: 3 0x8000017e (0x60778637) x12 0x60778000
core   0: 0x80000182 (0x77479803) lh      a6, 1908(a5)
core   0: 3 0x80000182 (0x77479803) x16 0x00006acc mem 0x80010ea0
core   0: 0x80000186 (0xb1178703) lb      a4, -1263(a5)
core   0: 3 0x80000186 (0xb1178703) x14 0x0000007d mem 0x8001023d
core   0: 0x8000018a (0x00000bb5) c.addi  s7, 13
core   0: 3 0x8000018a (0x0bb5) x23 0x00000059
core   0: 0x8000018c (0x2957c403) lbu     s0, 661(a5)
core   0: 3 0x8000018c (0x2957c403) x8  0x0000003b mem 0x800109c1
core   0: 0x80000190 (0x92478003) lb      zero, -1756(a5)
core   0: 3 0x80000190 (0x92478003) mem 0x80010050
core   0: 0x80000194 (0x41520f33) sub     t5, tp, s5
core   0: 3 0x80000194 (0x41520f33) x30 0xfffffff3
core   0: 0x80000198 (0x7a6787a3) sb      t1, 1967(a5)
core   0: 3 0x80000198 (0x7a6787a3) mem 0x80010edb 0x00
core   0: 0x8000019c (0x028188b3) mul     a7, gp, s0
core   0: 3 0x8000019c (0x028188b3) x17 0x00001ba8
core   0: 0x800001a0 (0x0ff0000f) fence   iorw,iorw
core   0: 3 0x800001a0 (0x0ff0000f)
core   0: 0x800001a4 (0xf3479e83) lh      t4, -204(a5)
core   0: 3 0x800001a4 (0xf3479e83) x29 0x00001ae1 mem 0x80010660
core   0: 0x800001a8 (0x48d7a623) sw      a3, 1164(a5)
core   0: 3 0x800001a8 (0x48d7a623) mem 0x80010bb8 0x80029d24
core   0: 0x800001ac (0x0ff0000f) fence   iorw,iorw
core   0: 3 0x800001ac (0x0ff0000f)
core   0: 0x800001b0 (0xfcc79823) sh      a2, -48(a5)
core   0: 3 0x800001b0 (0xfcc79823) mem 0x800106fc 0x8000
core   0: 0x800001b4 (0x78a780a3) sb      a0, 1921(a5)
core   0: 3 0x800001b4 (0x78a780a3) mem 0x80010ead 0x00
core   0: 0x800001b8 (0xbe078323) sb      zero, -1050(a5)
core   0: 3 0x800001b8 (0xbe078323) mem 0x80010312 0x00
core   0: 0x800001bc (0xcd77c403) lbu     s0, -809(a5)
core   0: 3 0x800001bc (0xcd77c403) x8  0x000000a1 mem 0x80010403
core   0: 0x800001c0 (0x0001bb97) auipc   s7, 0x1b
core   0: 3 0x800001c0 (0x0001bb97) x23 0x8001b1c0
core   0: 0x800001c4 (0x1f8b8b93) addi    s7, s7, 504
core   0: 3 0x800001c4 (0x1f8b8b93) x23 0x8001b3b8
core   0: 0x800001c8 (0xea4bc503) lbu     a0, -348(s7)
core   0: 3 0x800001c8 (0xea4bc503) x10 0x00000067 mem 0x8001b25c
core   0: 0x800001cc (0x339bcd03) lbu     s10, 825(s7)
core   0: 3 0x800001cc (0x339bcd03) x26 0x0000003b mem 0x8001b6f1
core   0: 0x800001d0 (0xfdfb9323) sh      t6, -58(s7)
core   0: 3 0x800001d0 (0xfdfb9323) mem 0x8001b37e 0x0000
core   0: 0x800001d4 (0x008825b3) slt     a1, a6, s0
core   0: 3 0x800001d4 (0x008825b3) x11 0x00000000
core   0: 0x800001d8 (0xc88b8723) sb      s0, -882(s7)
core   0: 3 0x800001d8 (0xc88b8723) mem 0x8001b046 0xa1
core   0: 0x800001dc (0x00cc1d33) sll     s10, s8, a2
core   0: 3 0x800001dc (0x00cc1d33) x26 0x00000014
core   0: 0x800001e0 (0xd1eb9823) sh      t5, -752(s7)
core   0: 3 0x800001e0 (0xd1eb9823) mem 0x8001b0c8 0xfff3
core   0: 0x800001e4 (0x00008bad) c.andi  a5, 11
core   0: 3 0x800001e4 (0x8bad) x15 0x00000008
core   0: 0x800001e6 (0xfc4b9c03) lh      s8, -60(s7)
core   0: 3 0x800001e6 (0xfc4b9c03) x24 0x000034c9 mem 0x8001b37c
core   0: 0x800001ea (0x617b8f83) lb      t6, 1559(s7)
core   0: 3 0x800001ea (0x617b8f83) x31 0xffffffe0 mem 0x8001b9cf
core   0: 0x800001ee (0xd53b9423) sh      s3, -696(s7)
core   0: 3 0x800001ee (0xd53b9423) mem 0x8001b100 0x005f
core   0: 0x800001f2 (0x0c2b9383) lh      t2, 194(s7)
core   0: 3 0x800001f2 (0x0c2b9383) x7  0xffff9995 mem 0x8001b47a
core   0: 0x800001f6 (0x02e6f0b3) remu    ra, a3, a4
core   0: 3 0x800001f6 (0x02e6f0b3) x1  0x00000049
core   0: 0x800001fa (0x340354f3) csrrwi  s1, mscratch, 6
core   0: 3 0x800001fa (0x340354f3) x9  0x0000001a c832_mscratch 0x00000006
core   0: 0x800001fe (0x34007073) csrci   mscratch, 0
core   0: 3 0x800001fe (0x34007073)
core   0: 0x80000202 (0x14eb8fa3) sb      a4, 351(s7)
core   0: 3 0x80000202 (0x14eb8fa3) mem 0x8001b517 0x7d
core   0: 0x80000206 (0x000d3a33) sltu    s4, s10, zero
core   0: 3 0x80000206 (0x000d3a33) x20 0x00000000
core   0: 0x8000020a (0x597b8603) lb      a2, 1431(s7)
core   0: 3 0x8000020a (0x597b8603) x12 0x0000006f mem 0x8001b94f
core   0: 0x8000020e (0x542b8283) lb      t0, 1346(s7)
core   0: 3 0x8000020e (0x542b8283) x5  0x00000031 mem 0x8001b8fa
core   0: 0x80000212 (0x00cd3ab3) sltu    s5, s10, a2
core   0: 3 0x80000212 (0x00cd3ab3) x21 0x00000001
core   0: 0x80000216 (0x317bcc83) lbu     s9, 791(s7)
core   0: 3 0x80000216 (0x317bcc83) x25 0x00000084 mem 0x8001b6cf
core   0: 0x8000021a (0x00000001) c.nop
core   0: 3 0x8000021a (0x0001)
core   0: 0x8000021c (0x021df8b3) remu    a7, s11, ra
core   0: 3 0x8000021c (0x021df8b3) x17 0x00000009
core   0: 0x80000220 (0x748b9f23) sh      s0, 1886(s7)
core   0: 3 0x80000220 (0x748b9f23) mem 0x8001bb16 0x00a1
core   0: 0x80000224 (0xf12b9b23) sh      s2, -234(s7)
core   0: 3 0x80000224 (0xf12b9b23) mem 0x8001b2ce 0x0008
core   0: 0x80000228 (0x000002e2) c.slli  t0, 24
core   0: 3 0x80000228 (0x02e2) x5  0x31000000
core   0: 0x8000022a (0x00000571) c.addi  a0, 28
core   0: 3 0x8000022a (0x0571) x10 0x00000083
core   0: 0x8000022c (0x7efb8b03) lb      s6, 2031(s7)
core   0: 3 0x8000022c (0x7efb8b03) x22 0x0000007f mem 0x8001bba7
core   0: 0x80000230 (0x49cbca83) lbu     s5, 1180(s7)
core   0: 3 0x80000230 (0x49cbca83) x21 0x0000001e mem 0x8001b854
core   0: 0x80000234 (0xf14b9c03) lh      s8, -236(s7)
core   0: 3 0x80000234 (0xf14b9c03) x24 0xffff9d89 mem 0x8001b2cc
core   0: 0x80000238 (0x4a6bda83) lhu     s5, 1190(s7)
core   0: 3 0x80000238 (0x4a6bda83) x21 0x00003482 mem 0x8001b85e
core   0: 0x8000023c (0xe85b8803) lb      a6, -379(s7)
core   0: 3 0x8000023c (0xe85b8803) x16 0xffffffa1 mem 0x8001b23d
core   0: 0x80000240 (0x17bb8a23) sb      s11, 372(s7)
core   0: 3 0x80000240 (0x17bb8a23) mem 0x8001b52c 0x2c
core   0: 0x80000244 (0x1acb8503) lb      a0, 428(s7)
core   0: 3 0x80000244 (0x1acb8503) x10 0x0000000e mem 0x8001b564
core   0: 0x80000248 (0xa2bbc003) lbu     zero, -1493(s7)
core   0: 3 0x80000248 (0xa2bbc003) mem 0x8001ade3
core   0: 0x8000024c (0x00000001) c.nop
core   0: 3 0x8000024c (0x0001)
core   0: 0x8000024e (0xcf6b9123) sh      s6, -798(s7)
core   0: 3 0x8000024e (0xcf6b9123) mem 0x8001b09a 0x007f
core   0: 0x80000252 (0xff4bc783) lbu     a5, -12(s7)
core   0: 3 0x80000252 (0xff4bc783) x15 0x000000a4 mem 0x8001b3ac
core   0: 0x80000256 (0x521bc303) lbu     t1, 1313(s7)
core   0: 3 0x80000256 (0x521bc303) x6  0x00000083 mem 0x8001b8d9
core   0: 0x8000025a (0x46bbc003) lbu     zero, 1131(s7)
core   0: 3 0x8000025a (0x46bbc003) mem 0x8001b823
core   0: 0x8000025e (0xc02bcc83) lbu     s9, -1022(s7)
core   0: 3 0x8000025e (0xc02bcc83) x25 0x000000b6 mem 0x8001afba
core   0: 0x80000262 (0x334baf83) lw      t6, 820(s7)
core   0: 3 0x80000262 (0x334baf83) x31 0xd9858d54 mem 0x8001b6ec
core   0: 0x80000266 (0xa48b8703) lb      a4, -1464(s7)
core   0: 3 0x80000266 (0xa48b8703) x14 0xffffffcc mem 0x8001ae00
core   0: 0x8000026a (0x00020a17) auipc   s4, 0x20
core   0: 3 0x8000026a (0x00020a17) x20 0x8002026a
core   0: 0x8000026e (0xdf1a0a13) addi    s4, s4, -527
core   0: 3 0x8000026e (0xdf1a0a13) x20 0x8002005b
core   0: 0x80000272 (0x1149e513) ori     a0, s3, 276
core   0: 3 0x80000272 (0x1149e513) x10 0x0000015f
core   0: 0x80000276 (0x407a0a23) sb      t2, 1044(s4)
core   0: 3 0x80000276 (0x407a0a23) mem 0x8002046f 0x95
core   0: 0x8000027a (0x00000001) c.nop
core   0: 3 0x8000027a (0x0001)
core   0: 0x8000027c (0x34066373) csrrsi  t1, mscratch, 12
core   0: 3 0x8000027c (0x34066373) x6  0x00000006 c832_mscratch 0x0000000e
core   0: 0x80000280 (0x00000001) c.nop
core   0: 3 0x80000280 (0x0001)
core   0: 0x80000282 (0x34006d73) csrrsi  s10, mscratch, 0
core   0: 3 0x80000282 (0x34006d73) x26 0x0000000e
core   0: 0x80000286 (0x6f1a5b03) lhu     s6, 1777(s4)
core   0: 3 0x80000286 (0x6f1a5b03) x22 0x00000632 mem 0x8002074c
core   0: 0x8000028a (0x995a1da3) sh      s5, -1637(s4)
core   0: 3 0x8000028a (0x995a1da3) mem 0x8001f9f6 0x3482
core   0: 0x8000028e (0x02b587b3) mul     a5, a1, a1
core   0: 3 0x8000028e (0x02b587b3) x15 0x00000000
core   0: 0x80000292 (0x003cd513) srli    a0, s9, 3
core   0: 3 0x80000292 (0x003cd513) x10 0x00000016
core   0: 0x80000296 (0x00000001) c.nop
core   0: 3 0x80000296 (0x0001)
core   0: 0x80000298 (0x32ca2ca3) sw      a2, 825(s4)
core   0: 3 0x80000298 (0x32ca2ca3) mem 0x80020394 0x0000006f
core   0: 0x8000029c (0x274a0203) lb      tp, 628(s4)
core   0: 3 0x8000029c (0x274a0203) x4  0x0000001d mem 0x800202cf
core   0: 0x800002a0 (0xa30ab493) sltiu   s1, s5, -1488
core   0: 3 0x800002a0 (0xa30ab493) x9  0x00000001
core   0: 0x800002a4 (0xe20a4083) lbu     ra, -480(s4)
core   0: 3 0x800002a4 (0xe20a4083) x1  0x0000004b mem 0x8001fe7b
core   0: 0x800002a8 (0x454a0983) lb      s3, 1108(s4)
core   0: 3 0x800002a8 (0x454a0983) x19 0xffffff97 mem 0x800204af
core   0: 0x800002ac (0x01b8e4b3) or      s1, a7, s11
core   0: 3 0x800002ac (0x01b8e4b3) x9  0x8001072d
core   0: 0x800002b0 (0x14ca0c03) lb      s8, 332(s4)
core   0: 3 0x800002b0 (0x14ca0c03) x24 0x00000016 mem 0x800201a7
core   0: 0x800002b4 (0xa3ea0f03) lb      t5, -1474(s4)
core   0: 3 0x800002b4 (0xa3ea0f03) x30 0xffffffd8 mem 0x8001fa99
core   0: 0x800002b8 (0x404f82b3) sub     t0, t6, tp
core   0: 3 0x800002b8 (0x404f82b3) x5  0xd9858d37
core   0: 0x800002bc (0xfe4a4803) lbu     a6, -28(s4)
core   0: 3 0x800002bc (0xfe4a4803) x16 0x00000096 mem 0x8002003f
core   0: 0x800002c0 (0x33fa1283) lh      t0, 831(s4)
core   0: 3 0x800002c0 (0x33fa1283) x5  0xffffc5b3 mem 0x8002039a
core   0: 0x800002c4 (0x835a2a83) lw      s5, -1995(s4)
core   0: 3 0x800002c4 (0x835a2a83) x21 0x094beade mem 0x8001f890
core   0: 0x800002c8 (0x017cdd93) srli    s11, s9, 23
core   0: 3 0x800002c8 (0x017cdd93) x27 0x00000000
core   0: 0x800002cc (0x31ba5f83) lhu     t6, 795(s4)
core   0: 3 0x800002cc (0x31ba5f83) x31 0x0000487d mem 0x80020376
core   0: 0x800002d0 (0x412cd413) srai    s0, s9, 18
core   0: 3 0x800002d0 (0x412cd413) x8  0x00000000
core   0: 0x800002d4 (0x340ed3f3) csrrwi  t2, mscratch, 29
core   0: 3 0x800002d4 (0x340ed3f3) x7  0x0000000e c832_mscratch 0x0000001d
core   0: 0x800002d8 (0xd89a5e83) lhu     t4, -631(s4)
core   0: 3 0x800002d8 (0xd89a5e83) x29 0x0000afec mem 0x8001fde4
core   0: 0x800002dc (0x01c8b1b3) sltu    gp, a7, t3
core   0: 3 0x800002dc (0x01c8b1b3) x3  0x00000001
core   0: 0x800002e0 (0x246a4303) lbu     t1, 582(s4)
core   0: 3 0x800002e0 (0x246a4303) x6  0x0000001f mem 0x800202a1
core   0: 0x800002e4 (0x7d46d217) auipc   tp, 0x7d46d
core   0: 3 0x800002e4 (0x7d46d217) x4  0xfd46d2e4
core   0: 0x800002e8 (0x0000197d) c.addi  s2, -1
core   0: 3 0x800002e8 (0x197d) x18 0x00000007
core   0: 0x800002ea (0xdf2a0523) sb      s2, -534(s4)
core   0: 3 0x800002ea (0xdf2a0523) mem 0x8001fe45 0x07
core   0: 0x800002ee (0x65ca4303) lbu     t1, 1628(s4)
core   0: 3 0x800002ee (0x65ca4303) x6  0x00000023 mem 0x800206b7
core   0: 0x800002f2 (0x0001b297) auipc   t0, 0x1b
core   0: 3 0x800002f2 (0x0001b297) x5  0x8001b2f2
core   0: 0x800002f6 (0x5c628293) addi    t0, t0, 1478
core   0: 3 0x800002f6 (0x5c628293) x5  0x8001b8b8
core   0: 0x800002fa (0x401a5fb3) sra     t6, s4, ra
core   0: 3 0x800002fa (0x401a5fb3) x31 0xfff00040
core   0: 0x800002fe (0xff528083) lb      ra, -11(t0)
core   0: 3 0x800002fe (0xff528083) x1  0xffffffc6 mem 0x8001b8ad
core   0: 0x80000302 (0xa9d6a713) slti    a4, a3, -1379
core   0: 3 0x80000302 (0xa9d6a713) x14 0x00000001
core   0: 0x80000306 (0x00000ad6) c.slli  s5, 21
core   0: 3 0x80000306 (0x0ad6) x21 0x5bc00000
core   0: 0x80000308 (0x00008f7d) c.and   a4, a5
core   0: 3 0x80000308 (0x8f7d) x14 0x00000000
core   0: 0x8000030a (0x0032c903) lbu     s2, 3(t0)
core   0: 3 0x8000030a (0x0032c903) x18 0x00000022 mem 0x8001b8bb
core   0: 0x8000030e (0x0000100f) fence.i
core   0: 3 0x8000030e (0x0000100f)
core   0: 0x80000312 (0x00585b13) srli    s6, a6, 5
core   0: 3 0x80000312 (0x00585b13) x22 0x00000004
core   0: 0x80000316 (0xffc2d703) lhu     a4, -4(t0)
core   0: 3 0x80000316 (0xffc2d703) x14 0x0000e6ac mem 0x8001b8b4
core   0: 0x8000031a (0x00008f51) c.or    a4, a2
core   0: 3 0x8000031a (0x8f51) x14 0x0000e6ef
core   0: 0x8000031c (0x0390ef33) rem     t5, ra, s9
core   0: 3 0x8000031c (0x0390ef33) x30 0xffffffc6
core   0: 0x80000320 (0x01428523) sb      s4, 10(t0)
core   0: 3 0x80000320 (0x01428523) mem 0x8001b8c2 0x5b
core   0: 0x80000324 (0xffb2c603) lbu     a2, -5(t0)
core   0: 3 0x80000324 (0xffb2c603) x12 0x000000f4 mem 0x8001b8b3
core   0: 0x80000328 (0x00008351) c.srli  a4, 20
core   0: 3 0x80000328 (0x8351) x14 0x00000000
core   0: 0x8000032a (0x0000100f) fence.i
core   0: 3 0x8000032a (0x0000100f)
core   0: 0x8000032e (0x008ba633) slt     a2, s7, s0
core   0: 3 0x8000032e (0x008ba633) x12 0x00000001
core   0: 0x80000332 (0xfe628da3) sb      t1, -5(t0)
core   0: 3 0x80000332 (0xfe628da3) mem 0x8001b8b3 0x23
core   0: 0x80000336 (0x014c9ab3) sll     s5, s9, s4
core   0: 3 0x80000336 (0x014c9ab3) x21 0xb0000000
core   0: 0x8000033a (0x00829703) lh      a4, 8(t0)
core   0: 3 0x8000033a (0x00829703) x14 0x00007b6b mem 0x8001b8c0
core   0: 0x8000033e (0xfeb28b23) sb      a1, -10(t0)
core   0: 3 0x8000033e (0xfeb28b23) mem 0x8001b8ae 0x00
core   0: 0x80000342 (0x00009bfd) c.andi  a5, -1
core   0: 3 0x80000342 (0x9bfd) x15 0x00000000
core   0: 0x80000344 (0x0000100f) fence.i
core   0: 3 0x80000344 (0x0000100f)
core   0: 0x80000348 (0x3404bd73) csrrc   s10, mscratch, s1
core   0: 3 0x80000348 (0x3404bd73) x26 0x0000001d c832_mscratch 0x00000010
core   0: 0x8000034c (0x0192a823) sw      s9, 16(t0)
core   0: 3 0x8000034c (0x0192a823) mem 0x8001b8c8 0x000000b6
core   0: 0x80000350 (0x00c28883) lb      a7, 12(t0)
core   0: 3 0x80000350 (0x00c28883) x17 0xffffffd8 mem 0x8001b8c4
core   0: 0x80000354 (0xa351a4b7) lui     s1, 0xa351a
core   0: 3 0x80000354 (0xa351a4b7) x9  0xa351a000
core   0: 0x80000358 (0x0032c883) lbu     a7, 3(t0)
core   0: 3 0x80000358 (0x0032c883) x17 0x00000022 mem 0x8001b8bb
core   0: 0x8000035c (0x00006dc9) c.lui   s11, 0x12
core   0: 3 0x8000035c (0x6dc9) x27 0x00012000
core   0: 0x8000035e (0xc5b7c813) xori    a6, a5, -933
core   0: 3 0x8000035e (0xc5b7c813) x16 0xfffffc5b
core   0: 0x80000362 (0x007b4fb3) xor     t6, s6, t2
core   0: 3 0x80000362 (0x007b4fb3) x31 0x0000000a
core   0: 0x80000366 (0x00d2c503) lbu     a0, 13(t0)
core   0: 3 0x80000366 (0x00d2c503) x10 0x000000cd mem 0x8001b8c5
core   0: 0x8000036a (0x00011a17) auipc   s4, 0x11
core   0: 3 0x8000036a (0x00011a17) x20 0x8001136a
core   0: 0x8000036e (0xa47a0a13) addi    s4, s4, -1465
core   0: 3 0x8000036e (0xa47a0a13) x20 0x80010db1
core   0: 0x80000372 (0xf74a0303) lb      t1, -140(s4)
core   0: 3 0x80000372 (0xf74a0303) x6  0xffffff84 mem 0x80010d25
core   0: 0x80000376 (0xf91a5783) lhu     a5, -111(s4)
core   0: 3 0x80000376 (0xf91a5783) x15 0x000052e6 mem 0x80010d42
core   0: 0x8000037a (0x00fd8d33) add     s10, s11, a5
core   0: 3 0x8000037a (0x00fd8d33) x26 0x000172e6
core   0: 0x8000037e (0x340a2c73) csrrs   s8, mscratch, s4
core   0: 3 0x8000037e (0x340a2c73) x24 0x00000010 c832_mscratch 0x80010db1
core   0: 0x80000382 (0x01e61813) slli    a6, a2, 30
core   0: 3 0x80000382 (0x01e61813) x16 0x40000000
core   0: 0x80000386 (0x006a4d83) lbu     s11, 6(s4)
core   0: 3 0x80000386 (0x006a4d83) x27 0x00000059 mem 0x80010db7
core   0: 0x8000038a (0xffea29a3) sw      t5, -13(s4)
core   0: 3 0x8000038a (0xffea29a3) mem 0x80010da4 0xffffffc6
core   0: 0x8000038e (0xf2da5b03) lhu     s6, -211(s4)
core   0: 3 0x8000038e (0xf2da5b03) x22 0x0000b758 mem 0x80010cde
core   0: 0x80000392 (0x0ff0000f) fence   iorw,iorw
core   0: 3 0x80000392 (0x0ff0000f)
core   0: 0x80000396 (0x091a25a3) sw      a7, 139(s4)
core   0: 3 0x80000396 (0x091a25a3) mem 0x80010e3c 0x00000022
core   0: 0x8000039a (0x01e72cb3) slt     s9, a4, t5
core   0: 3 0x8000039a (0x01e72cb3) x25 0x00000000
core   0: 0x8000039e (0x003e4533) xor     a0, t3, gp
core   0: 3 0x8000039e (0x003e4533) x10 0x80025ea5
core   0: 0x800003a2 (0x001158b3) srl     a7, sp, ra
core   0: 3 0x800003a2 (0x001158b3) x17 0x03f197cd
core   0: 0x800003a6 (0x024eafb3) mulhsu  t6, t4, tp
core   0: 3 0x800003a6 (0x024eafb3) x31 0x0000ae0c
core   0: 0x800003aa (0x00008db5) c.xor   a1, a3
core   0: 3 0x800003aa (0x8db5) x11 0x80029d24
core   0: 0x800003ac (0x72dba013) slti    zero, s7, 1837
core   0: 3 0x800003ac (0x72dba013)
core   0: 0x800003b0 (0x032c05b3) mul     a1, s8, s2
core   0: 3 0x800003b0 (0x032c05b3) x11 0x00000220
core   0: 0x800003b4 (0xf30a0283) lb      t0, -208(s4)
core   0: 3 0x800003b4 (0xf30a0283) x5  0xffffffbf mem 0x80010ce1
core   0: 0x800003b8 (0xf51a1303) lh      t1, -175(s4)
core   0: 3 0x800003b8 (0xf51a1303) x6  0xffffaaed mem 0x80010d02
core   0: 0x800003bc (0xfeda0503) lb      a0, -19(s4)
core   0: 3 0x800003bc (0xfeda0503) x10 0x00000051 mem 0x80010d9e
core   0: 0x800003c0 (0x033e27b3) mulhsu  a5, t3, s3
core   0: 3 0x800003c0 (0x033e27b3) x15 0x80025ed8
core   0: 0x800003c4 (0x4744ff93) andi    t6, s1, 1140
core   0: 3 0x800003c4 (0x4744ff93) x31 0x00000000
core   0: 0x800003c8 (0xf61a0e23) sb      ra, -132(s4)
core   0: 3 0x800003c8 (0xf61a0e23) mem 0x80010d2d 0xc6
core   0: 0x800003cc (0x0cea0003) lb      zero, 206(s4)
core   0: 3 0x800003cc (0x0cea0003) mem 0x80010e7f
core   0: 0x800003d0 (0x01c302b3) add     t0, t1, t3
core   0: 3 0x800003d0 (0x01c302b3) x5  0x80020991
core   0: 0x800003d4 (0x0e7a0003) lb      zero, 231(s4)
core   0: 3 0x800003d4 (0x0e7a0003) mem 0x80010e98
core   0: 0x800003d8 (0x00e5b5b3) sltu    a1, a1, a4
core   0: 3 0x800003d8 (0x00e5b5b3) x11 0x00000001
core   0: 0x800003dc (0x051a5503) lhu     a0, 81(s4)
core   0: 3 0x800003dc (0x051a5503) x10 0x0000ec0b mem 0x80010e02
core   0: 0x800003e0 (0x088a0003) lb      zero, 136(s4)
core   0: 3 0x800003e0 (0x088a0003) mem 0x80010e39
core   0: 0x800003e4 (0x00008db1) c.xor   a1, a2
core   0: 3 0x800003e4 (0x8db1) x11 0x00000000
core   0: 0x800003e6 (0x017a1ca3) sh      s7, 25(s4)
core   0: 3 0x800003e6 (0x017a1ca3) mem 0x80010dca 0xb3b8
core   0: 0x800003ea (0x096a17a3) sh      s6, 143(s4)
core   0: 3 0x800003ea (0x096a17a3) mem 0x80010e40 0xb758
core   0: 0x800003ee (0xfb1a0a23) sb      a7, -76(s4)
core   0: 3 0x800003ee (0xfb1a0a23) mem 0x80010d65 0xcd
core   0: 0x800003f2 (0x05ca0f83) lb      t6, 92(s4)
core   0: 3 0x800003f2 (0x05ca0f83) x31 0x00000008 mem 0x80010e0d
core   0: 0x800003f6 (0xf6aa4c03) lbu     s8, -150(s4)
core   0: 3 0x800003f6 (0xf6aa4c03) x24 0x000000c6 mem 0x80010d1b
core   0: 0x800003fa (0x0ff0000f) fence   iorw,iorw
core   0: 3 0x800003fa (0x0ff0000f)
core   0: 0x800003fe (0xf5ea11a3) sh      t5, -189(s4)
core   0: 3 0x800003fe (0xf5ea11a3) mem 0x80010cf4 0xffc6
core   0: 0x80000402 (0x00000001) c.nop
core   0: 3 0x80000402 (0x0001)
core   0: 0x80000404 (0x0d9a03a3) sb      s9, 199(s4)
core   0: 3 0x80000404 (0x0d9a03a3) mem 0x80010e78 0x00
core   0: 0x80000408 (0x40f05213) srai    tp, zero, 15
core   0: 3 0x80000408 (0x40f05213) x4  0x00000000
core   0: 0x8000040c (0x02ea0d23) sb      a4, 58(s4)
core   0: 3 0x8000040c (0x02ea0d23) mem 0x80010deb 0x6b
core   0: 0x80000410 (0xc0ba5037) lui     zero, 0xc0ba5
core   0: 3 0x80000410 (0xc0ba5037)
core   0: 0x80000414 (0x0ff0000f) fence   iorw,iorw
core   0: 3 0x80000414 (0x0ff0000f)
core   0: 0x80000418 (0x0f1c8b93) addi    s7, s9, 241
core   0: 3 0x80000418 (0x0f1c8b93) x23 0x000000f1
core   0: 0x8000041c (0x0173ad33) slt     s10, t2, s7
core   0: 3 0x8000041c (0x0173ad33) x26 0x00000001
core   0: 0x80000420 (0x02da0203) lb      tp, 45(s4)
core   0: 3 0x80000420 (0x02da0203) x4  0xffffff8d mem 0x80010dde
core   0: 0x80000424 (0x0eda4003) lbu     zero, 237(s4)
core   0: 3 0x80000424 (0x0eda4003) mem 0x80010e9e
core   0: 0x80000428 (0x0e1a1ca3) sh      ra, 249(s4)
core   0: 3 0x80000428 (0x0e1a1ca3) mem 0x80010eaa 0xffc6
core   0: 0x8000042c (0x07fa0623) sb      t6, 108(s4)
core   0: 3 0x8000042c (0x07fa0623) mem 0x80010e1d 0x08
core   0: 0x80000430 (0xf71a4303) lbu     t1, -143(s4)
core   0: 3 0x80000430 (0xf71a4303) x6  0x0000006a mem 0x80010d22
core   0: 0x80000434 (0xfeba5f03) lhu     t5, -21(s4)
core   0: 3 0x80000434 (0xfeba5f03) x30 0x0000a1de mem 0x80010d9c
core   0: 0x80000438 (0x34003273) csrrc   tp, mscratch, zero
core   0: 3 0x80000438 (0x34003273) x4  0x80010db1
core   0: 0x8000043c (0x028eff33) remu    t5, t4, s0
core   0: 3 0x8000043c (0x028eff33) x30 0x0000afec
core   0: 0x80000440 (0x0347e4b3) rem     s1, a5, s4
core   0: 3 0x80000440 (0x0347e4b3) x9  0x80025ed8
core   0: 0x80000444 (0x01e25c33) srl     s8, tp, t5
core   0: 3 0x80000444 (0x01e25c33) x24 0x00080010
core   0: 0x80000448 (0xf99a16a3) sh      s9, -115(s4)
core   0: 3 0x80000448 (0xf99a16a3) mem 0x80010d3e 0x0000
core   0: 0x8000044c (0x00010197) auipc   gp, 0x10
core   0: 3 0x8000044c (0x00010197) x3  0x8001044c
core   0: 0x80000450 (0x29018193) addi    gp, gp, 656
core   0: 3 0x80000450 (0x29018193) x3  0x800106dc
core   0: 0x80000454 (0xfee18f23) sb      a4, -2(gp)
core   0: 3 0x80000454 (0xfee18f23) mem 0x800106da 0x6b
core   0: 0x80000458 (0x00b1c983) lbu     s3, 11(gp)
core   0: 3 0x80000458 (0x00b1c983) x19 0x000000ac mem 0x800106e7
core   0: 0x8000045c (0x00e19423) sh      a4, 8(gp)
core   0: 3 0x8000045c (0x00e19423) mem 0x800106e4 0x7b6b
core   0: 0x80000460 (0x000097c6) c.add   a5, a7
core   0: 3 0x80000460 (0x97c6) x15 0x83f3f6a5
core   0: 0x80000462 (0xff218ea3) sb      s2, -3(gp)
core   0: 3 0x80000462 (0xff218ea3) mem 0x800106d9 0x22
core   0: 0x80000466 (0x0023d3b3) srl     t2, t2, sp
core   0: 3 0x80000466 (0x0023d3b3) x7  0x00000000
core   0: 0x8000046a (0x00118383) lb      t2, 1(gp)
core   0: 3 0x8000046a (0x00118383) x7  0x0000006e mem 0x800106dd
core   0: 0x8000046e (0x0101c283) lbu     t0, 16(gp)
core   0: 3 0x8000046e (0x0101c283) x5  0x00000020 mem 0x800106ec
core   0: 0x80000472 (0x01406533) or      a0, zero, s4
core   0: 3 0x80000472 (0x01406533) x10 0x80010db1
core   0: 0x80000476 (0x00008d85) c.sub   a1, s1
core   0: 3 0x80000476 (0x8d85) x11 0x7ffda128
core   0: 0x80000478 (0x007183a3) sb      t2, 7(gp)
core   0: 3 0x80000478 (0x007183a3) mem 0x800106e3 0x6e
core   0: 0x8000047c (0x01e19123) sh      t5, 2(gp)
core   0: 3 0x8000047c (0x01e19123) mem 0x800106de 0xafec
core   0: 0x80000480 (0x89047993) andi    s3, s0, -1904
core   0: 3 0x80000480 (0x89047993) x19 0x00000000
core   0: 0x80000484 (0x00818403) lb      s0, 8(gp)
core   0: 3 0x80000484 (0x00818403) x8  0x0000006b mem 0x800106e4
core   0: 0x80000488 (0x00006b11) c.lui   s6, 0x4
core   0: 3 0x80000488 (0x6b11) x22 0x00004000
core   0: 0x8000048a (0x414c6613) ori     a2, s8, 1044
core   0: 3 0x8000048a (0x414c6613) x12 0x00080414
core   0: 0x8000048e (0x0031ce83) lbu     t4, 3(gp)
core   0: 3 0x8000048e (0x0031ce83) x29 0x000000af mem 0x800106df
core   0: 0x80000492 (0xfea19823) sh      a0, -16(gp)
core   0: 3 0x80000492 (0xfea19823) mem 0x800106cc 0x0db1
core   0: 0x80000496 (0x00008c0d) c.sub   s0, a1
core   0: 3 0x80000496 (0x8c0d) x8  0x80025f43
core   0: 0x80000498 (0x00008041) c.srli  s0, 16
core   0: 3 0x80000498 (0x8041) x8  0x00008002
core   0: 0x8000049a (0xfe919b23) sh      s1, -10(gp)
core   0: 3 0x8000049a (0xfe919b23) mem 0x800106d2 0x5ed8
core   0: 0x8000049e (0x41b78333) sub     t1, a5, s11
core   0: 3 0x8000049e (0x41b78333) x6  0x83f3f64c
core   0: 0x800004a2 (0x462f9717) auipc   a4, 0x462f9
core   0: 3 0x800004a2 (0x462f9717) x14 0xc62f94a2
core   0: 0x800004a6 (0xfe81a823) sw      s0, -16(gp)
core   0: 3 0x800004a6 (0xfe81a823) mem 0x800106cc 0x00008002
core   0: 0x800004aa (0xfe018fa3) sb      zero, -1(gp)
core   0: 3 0x800004aa (0xfe018fa3) mem 0x800106db 0x00
core   0: 0x800004ae (0x34007673) csrrci  a2, mscratch, 0
core   0: 3 0x800004ae (0x34007673) x12 0x80010db1
core   0: 0x800004b2 (0xff61d083) lhu     ra, -10(gp)
core   0: 3 0x800004b2 (0xff61d083) x1  0x00005ed8 mem 0x800106d2
core   0: 0x800004b6 (0x00000001) c.nop
core   0: 3 0x800004b6 (0x0001)
core   0: 0x800004b8 (0x01018783) lb      a5, 16(gp)
core   0: 3 0x800004b8 (0x01018783) x15 0x00000020 mem 0x800106ec
core   0: 0x800004bc (0xff11c003) lbu     zero, -15(gp)
core   0: 3 0x800004bc (0xff11c003) mem 0x800106cd
core   0: 0x800004c0 (0xdc33bb93) sltiu   s7, t2, -573
core   0: 3 0x800004c0 (0xdc33bb93) x23 0x00000001
core   0: 0x800004c4 (0x00008e5d) c.or    a2, a5
core   0: 3 0x800004c4 (0x8e5d) x12 0x80010db1
core   0: 0x800004c6 (0x01d3bfb3) sltu    t6, t2, t4
core   0: 3 0x800004c6 (0x01d3bfb3) x31 0x00000001
core   0: 0x800004ca (0x00004ba9) c.li    s7, 10
core   0: 3 0x800004ca (0x4ba9) x23 0x0000000a
core   0: 0x800004cc (0xffa1c883) lbu     a7, -6(gp)
core   0: 3 0x800004cc (0xffa1c883) x17 0x0000005d mem 0x800106d6
core   0: 0x800004d0 (0x340038f3) csrrc   a7, mscratch, zero
core   0: 3 0x800004d0 (0x340038f3) x17 0x80010db1
core   0: 0x800004d4 (0xff818583) lb      a1, -8(gp)
core   0: 3 0x800004d4 (0xff818583) x11 0xffffffb6 mem 0x800106d4
core   0: 0x800004d8 (0xfedeb817) auipc   a6, 0xfedeb
core   0: 3 0x800004d8 (0xfedeb817) x16 0x7edeb4d8
core   0: 0x800004dc (0xffa19483) lh      s1, -6(gp)
core   0: 3 0x800004dc (0xffa19483) x9  0x00003d5d mem 0x800106d6
core   0: 0x800004e0 (0x3ee0b213) sltiu   tp, ra, 1006
core   0: 3 0x800004e0 (0x3ee0b213) x4  0x00000000
core   0: 0x800004e4 (0x0000651d) c.lui   a0, 0x7
core   0: 3 0x800004e4 (0x651d) x10 0x00007000
core   0: 0x800004e6 (0xff51c383) lbu     t2, -11(gp)
core   0: 3 0x800004e6 (0xff51c383) x7  0x0000001e mem 0x800106d1
core   0: 0x800004ea (0xff418923) sb      s4, -14(gp)
core   0: 3 0x800004ea (0xff418923) mem 0x800106ce 0xb1
core   0: 0x800004ee (0x00000256) c.slli  tp, 21
core   0: 3 0x800004ee (0x0256) x4  0x00000000
core   0: 0x800004f0 (0x01c31f93) slli    t6, t1, 28
core   0: 3 0x800004f0 (0x01c31f93) x31 0xc0000000
core   0: 0x800004f4 (0x000088d9) c.andi  s1, 22
core   0: 3 0x800004f4 (0x88d9) x9  0x00000014
core   0: 0x800004f6 (0x0071c403) lbu     s0, 7(gp)
core   0: 3 0x800004f6 (0x0071c403) x8  0x0000006e mem 0x800106e3
core   0: 0x800004fa (0xffb18503) lb      a0, -5(gp)
core   0: 3 0x800004fa (0xffb18503) x10 0x0000003d mem 0x800106d7
core   0: 0x800004fe (0xffd1c003) lbu     zero, -3(gp)
core   0: 3 0x800004fe (0xffd1c003) mem 0x800106d9
core   0: 0x80000502 (0xff918ea3) sb      s9, -3(gp)
core   0: 3 0x80000502 (0xff918ea3) mem 0x800106d9 0x00
core   0: 0x80000506 (0x00017197) auipc   gp, 0x17
core   0: 3 0x80000506 (0x00017197) x3  0x80017506
core   0: 0x8000050a (0x4db18193) addi    gp, gp, 1243
core   0: 3 0x8000050a (0x4db18193) x3  0x800179e1
core   0: 0x8000050e (0x01c186a3) sb      t3, 13(gp)
core   0: 3 0x8000050e (0x01c186a3) mem 0x800179ee 0xa4
core   0: 0x80000512 (0x0ff0000f) fence   iorw,iorw
core   0: 3 0x80000512 (0x0ff0000f)
core   0: 0x80000516 (0xff118f23) sb      a7, -2(gp)
core   0: 3 0x80000516 (0xff118f23) mem 0x800179df 0xb1
core   0: 0x8000051a (0x00008115) c.srli  a0, 5
core   0: 3 0x8000051a (0x8115) x10 0x00000001
core   0: 0x8000051c (0x0001c783) lbu     a5, 0(gp)
core   0: 3 0x8000051c (0x0001c783) x15 0x000000fe mem 0x800179e1
core   0: 0x80000520 (0xb8403837) lui     a6, 0xb8403
core   0: 3 0x80000520 (0xb8403837) x16 0xb8403000
core   0: 0x80000524 (0x00008939) c.andi  a0, 14
core   0: 3 0x80000524 (0x8939) x10 0x00000000
core   0: 0x80000526 (0xdba6c017) auipc   zero, 0xdba6c
core   0: 3 0x80000526 (0xdba6c017)
core   0: 0x8000052a (0xff31c783) lbu     a5, -13(gp)
core   0: 3 0x8000052a (0xff31c783) x15 0x00000092 mem 0x800179d4
core   0: 0x8000052e (0xfe918923) sb      s1, -14(gp)
core   0: 3 0x8000052e (0xfe918923) mem 0x800179d3 0x14
core   0: 0x80000532 (0xfea19ba3) sh      a0, -9(gp)
core   0: 3 0x80000532 (0xfea19ba3) mem 0x800179d8 0x0000
core   0: 0x80000536 (0xffa1cd03) lbu     s10, -6(gp)
core   0: 3 0x80000536 (0xffa1cd03) x26 0x00000075 mem 0x800179db
core   0: 0x8000053a (0xff718383) lb      t2, -9(gp)
core   0: 3 0x8000053a (0xff718383) x7  0x00000000 mem 0x800179d8
core   0: 0x8000053e (0x3409b073) csrc    mscratch, s3
core   0: 3 0x8000053e (0x3409b073) c832_mscratch 0x80010db1
core   0: 0x80000542 (0x00118003) lb      zero, 1(gp)
core   0: 3 0x80000542 (0x00118003) mem 0x800179e2
core   0: 0x80000546 (0x419fdf93) srai    t6, t6, 25
core   0: 3 0x80000546 (0x419fdf93) x31 0xffffffe0
core   0: 0x8000054a (0x00008d6d) c.and   a0, a1
core   0: 3 0x8000054a (0x8d6d) x10 0x00000000
core   0: 0x8000054c (0x0031d283) lhu     t0, 3(gp)
core   0: 3 0x8000054c (0x0031d283) x5  0x000024bb mem 0x800179e4
core   0: 0x80000550 (0x3406b973) csrrc   s2, mscratch, a3
core   0: 3 0x80000550 (0x3406b973) x18 0x80010db1 c832_mscratch 0x00010091
core   0: 0x80000554 (0x037447b3) div     a5, s0, s7
core   0: 3 0x80000554 (0x037447b3) x15 0x0000000b
core   0: 0x80000558 (0x0101c783) lbu     a5, 16(gp)
core   0: 3 0x80000558 (0x0101c783) x15 0x00000007 mem 0x800179f1
core   0: 0x8000055c (0x0021c283) lbu     t0, 2(gp)
core   0: 3 0x8000055c (0x0021c283) x5  0x00000047 mem 0x800179e3
core   0: 0x80000560 (0x0021ce83) lbu     t4, 2(gp)
core   0: 3 0x80000560 (0x0021ce83) x29 0x00000047 mem 0x800179e3
core   0: 0x80000564 (0xfe519ea3) sh      t0, -3(gp)
core   0: 3 0x80000564 (0xfe519ea3) mem 0x800179de 0x0047
core   0: 0x80000568 (0x340065f3) csrrsi  a1, mscratch, 0
core   0: 3 0x80000568 (0x340065f3) x11 0x00010091
core   0: 0x8000056c (0xbf1d7d97) auipc   s11, 0xbf1d7
core   0: 3 0x8000056c (0xbf1d7d97) x27 0x3f1d756c
core   0: 0x80000570 (0xff71da83) lhu     s5, -9(gp)
core   0: 3 0x80000570 (0xff71da83) x21 0x00000000 mem 0x800179d8
core   0: 0x80000574 (0x00618603) lb      a2, 6(gp)
core   0: 3 0x80000574 (0x00618603) x12 0xffffffdb mem 0x800179e7
core   0: 0x80000578 (0xe9244c13) xori    s8, s0, -366
core   0: 3 0x80000578 (0xe9244c13) x24 0xfffffefc
core   0: 0x8000057c (0x000080d6) c.mv    ra, s5
core   0: 3 0x8000057c (0x80d6) x1  0x00000000
core   0: 0x8000057e (0x03024c33) div     s8, tp, a6
core   0: 3 0x8000057e (0x03024c33) x24 0x00000000
core   0: 0x80000582 (0x028ed733) divu    a4, t4, s0
core   0: 3 0x80000582 (0x028ed733) x14 0x00000000
core   0: 0x80000586 (0x340cbbf3) csrrc   s7, mscratch, s9
core   0: 3 0x80000586 (0x340cbbf3) x23 0x00010091 c832_mscratch 0x00010091
core   0: 0x8000058a (0xfe918a23) sb      s1, -12(gp)
core   0: 3 0x8000058a (0xfe918a23) mem 0x800179d5 0x14
core   0: 0x8000058e (0x00020897) auipc   a7, 0x20
core   0: 3 0x8000058e (0x00020897) x17 0x8002058e
core   0: 0x80000592 (0xc2d88893) addi    a7, a7, -979
core   0: 3 0x80000592 (0xc2d88893) x17 0x800201bb
core   0: 0x80000596 (0x0268ca83) lbu     s5, 38(a7)
core   0: 3 0x80000596 (0x0268ca83) x21 0x000000ce mem 0x800201e1
core   0: 0x8000059a (0x02389783) lh      a5, 35(a7)
core   0: 3 0x8000059a (0x02389783) x15 0xffff9fd4 mem 0x800201de
core   0: 0x8000059e (0x00188e23) sb      ra, 28(a7)
core   0: 3 0x8000059e (0x00188e23) mem 0x800201d7 0x00
core   0: 0x800005a2 (0x0000096a) c.slli  s2, 26
core   0: 3 0x800005a2 (0x096a) x18 0xc4000000
core   0: 0x800005a4 (0x00ed9833) sll     a6, s11, a4
core   0: 3 0x800005a4 (0x00ed9833) x16 0x3f1d756c
core   0: 0x800005a8 (0xfc78c603) lbu     a2, -57(a7)
core   0: 3 0x800005a8 (0xfc78c603) x12 0x000000ad mem 0x80020182
core   0: 0x800005ac (0xff98d283) lhu     t0, -7(a7)
core   0: 3 0x800005ac (0xff98d283) x5  0x000076ae mem 0x800201b4
core   0: 0x800005b0 (0x014bd513) srli    a0, s7, 20
core   0: 3 0x800005b0 (0x014bd513) x10 0x00000000
core   0: 0x800005b4 (0x02588e23) sb      t0, 60(a7)
core   0: 3 0x800005b4 (0x02588e23) mem 0x800201f7 0xae
core   0: 0x800005b8 (0xff58d303) lhu     t1, -11(a7)
core   0: 3 0x800005b8 (0xff58d303) x6  0x0000dc0e mem 0x800201b0
core   0: 0x800005bc (0x3405ef73) csrrsi  t5, mscratch, 11
core   0: 3 0x800005bc (0x3405ef73) x30 0x00010091 c832_mscratch 0x0001009b
core   0: 0x800005c0 (0x00696f33) or      t5, s2, t1
core   0: 3 0x800005c0 (0x00696f33) x30 0xc400dc0e
core   0: 0x800005c4 (0xdd728413) addi    s0, t0, -553
core   0: 3 0x800005c4 (0xdd728413) x8  0x00007485
core   0: 0x800005c8 (0xfd788d83) lb      s11, -41(a7)
core   0: 3 0x800005c8 (0xfd788d83) x27 0xffffffe7 mem 0x80020192
core   0: 0x800005cc (0x00005f7d) c.li    t5, -1
core   0: 3 0x800005cc (0x5f7d) x30 0xffffffff
core   0: 0x800005ce (0x00006955) c.lui   s2, 0x15
core   0: 3 0x800005ce (0x6955) x18 0x00015000
core   0: 0x800005d0 (0x01122bb3) slt     s7, tp, a7
core   0: 3 0x800005d0 (0x01122bb3) x23 0x00000000
core   0: 0x800005d4 (0x02a88603) lb      a2, 42(a7)
core   0: 3 0x800005d4 (0x02a88603) x12 0x0000002c mem 0x800201e5
core   0: 0x800005d8 (0x00008f91) c.sub   a5, a2
core   0: 3 0x800005d8 (0x8f91) x15 0xffff9fa8
core   0: 0x800005da (0x02788283) lb      t0, 39(a7)
core   0: 3 0x800005da (0x02788283) x5  0xffffffff mem 0x800201e2
core   0: 0x800005de (0x41bcd913) srai    s2, s9, 27
core   0: 3 0x800005de (0x41bcd913) x18 0x00000000
core   0: 0x800005e2 (0xff989a03) lh      s4, -7(a7)
core   0: 3 0x800005e2 (0xff989a03) x20 0x000076ae mem 0x800201b4
core   0: 0x800005e6 (0x34069f73) csrrw   t5, mscratch, a3
core   0: 3 0x800005e6 (0x34069f73) x30 0x0001009b c832_mscratch 0x80029d24
core   0: 0x800005ea (0x0000100f) fence.i
core   0: 3 0x800005ea (0x0000100f)
core   0: 0x800005ee (0x340031f3) csrrc   gp, mscratch, zero
core   0: 3 0x800005ee (0x340031f3) x3  0x80029d24
core   0: 0x800005f2 (0x02b8da03) lhu     s4, 43(a7)
core   0: 3 0x800005f2 (0x02b8da03) x20 0x0000de29 mem 0x800201e6
core   0: 0x800005f6 (0x00000001) c.nop
core   0: 3 0x800005f6 (0x0001)
core   0: 0x800005f8 (0xff088f23) sb      a6, -2(a7)
core   0: 3 0x800005f8 (0xff088f23) mem 0x800201b9 0x6c
core   0: 0x800005fc (0x0028aaa3) sw      sp, 21(a7)
core   0: 3 0x800005fc (0x0028aaa3) mem 0x800201d0 0xfc65f358
core   0: 0x80000600 (0x027896a3) sh      t2, 45(a7)
core   0: 3 0x80000600 (0x027896a3) mem 0x800201e8 0x0000
core   0: 0x80000604 (0x0278cf83) lbu     t6, 39(a7)
core   0: 3 0x80000604 (0x0278cf83) x31 0x000000ff mem 0x800201e2
core   0: 0x80000608 (0x00008e4d) c.or    a2, a1
core   0: 3 0x80000608 (0x8e4d) x12 0x000100bd
core   0: 0x8000060a (0x000091ba) c.add   gp, a4
core   0: 3 0x8000060a (0x91ba) x3  0x80029d24
core   0: 0x8000060c (0x00008ff5) c.and   a5, a3
core   0: 3 0x8000060c (0x8ff5) x15 0x80029d20
core   0: 0x8000060e (0x01b88c23) sb      s11, 24(a7)
core   0: 3 0x8000060e (0x01b88c23) mem 0x800201d3 0xe7
core   0: 0x80000612 (0x031883a3) sb      a7, 39(a7)
core   0: 3 0x80000612 (0x031883a3) mem 0x800201e2 0xbb
core   0: 0x80000616 (0xb2c70b93) addi    s7, a4, -1236
core   0: 3 0x80000616 (0xb2c70b93) x23 0xfffffb2c
core   0: 0x8000061a (0x0335f5b3) remu    a1, a1, s3
core   0: 3 0x8000061a (0x0335f5b3) x11 0x00010091
core   0: 0x8000061e (0x03368933) mul     s2, a3, s3
core   0: 3 0x8000061e (0x03368933) x18 0x00000000
core   0: 0x80000622 (0x01b88a83) lb      s5, 27(a7)
core   0: 3 0x80000622 (0x01b88a83) x21 0xffffffe1 mem 0x800201d6
core   0: 0x80000626 (0x00008c75) c.and   s0, a3
core   0: 3 0x80000626 (0x8c75) x8  0x00001404
core   0: 0x80000628 (0x00008ce5) c.and   s1, s1
core   0: 3 0x80000628 (0x8ce5) x9  0x00000014
core   0: 0x8000062a (0x0ff0000f) fence   iorw,iorw
core   0: 3 0x8000062a (0x0ff0000f)
core   0: 0x8000062e (0xfd68c503) lbu     a0, -42(a7)
core   0: 3 0x8000062e (0xfd68c503) x10 0x0000008d mem 0x80020191
core   0: 0x80000632 (0x00008c5d) c.or    s0, a5
core   0: 3 0x80000632 (0x8c5d) x8  0x80029d24
core   0: 0x80000634 (0xfc58c903) lbu     s2, -59(a7)
core   0: 3 0x80000634 (0xfc58c903) x18 0x000000e6 mem 0x80020180
core   0: 0x80000638 (0x0158d203) lhu     tp, 21(a7)
core   0: 3 0x80000638 (0x0158d203) x4  0x0000f358 mem 0x800201d0
core   0: 0x8000063c (0x0000100f) fence.i
core   0: 3 0x8000063c (0x0000100f)
core   0: 0x80000640 (0x03b8c283) lbu     t0, 59(a7)
core   0: 3 0x80000640 (0x03b8c283) x5  0x00000061 mem 0x800201f6
core   0: 0x80000644 (0x00289ca3) sh      sp, 25(a7)
core   0: 3 0x80000644 (0x00289ca3) mem 0x800201d4 0xf358
core   0: 0x80000648 (0xfe088903) lb      s2, -32(a7)
core   0: 3 0x80000648 (0xfe088903) x18 0xffffff99 mem 0x8002019b
core   0: 0x8000064c (0xfe588283) lb      t0, -27(a7)
core   0: 3 0x8000064c (0xfe588283) x5  0xffffffe8 mem 0x800201a0
core   0: 0x80000650 (0x00009a7d) c.andi  a2, -1
core   0: 3 0x80000650 (0x9a7d) x12 0x000100bd
core   0: 0x80000652 (0x00008386) c.mv    t2, ra
core   0: 3 0x80000652 (0x8386) x7  0x00000000
core   0: 0x80000654 (0xfef88c03) lb      s8, -17(a7)
core   0: 3 0x80000654 (0xfef88c03) x24 0x00000039 mem 0x800201aa
core   0: 0x80000658 (0x0038c983) lbu     s3, 3(a7)
core   0: 3 0x80000658 (0x0038c983) x19 0x0000006c mem 0x800201be
core   0: 0x8000065c (0x340d9ef3) csrrw   t4, mscratch, s11
core   0: 3 0x8000065c (0x340d9ef3) x29 0x80029d24 c832_mscratch 0xffffffe7
core   0: 0x80000660 (0x00008c65) c.and   s0, s1
core   0: 3 0x80000660 (0x8c65) x8  0x00000004
core   0: 0x80000662 (0xfc1887a3) sb      ra, -49(a7)
core   0: 3 0x80000662 (0xfc1887a3) mem 0x8002018a 0x00
core   0: 0x80000666 (0x00010817) auipc   a6, 0x10
core   0: 3 0x80000666 (0x00010817) x16 0x80010666
core   0: 0x8000066a (0x0a580813) addi    a6, a6, 165
core   0: 3 0x8000066a (0x0a580813) x16 0x8001070b
core   0: 0x8000066e (0xfdb84703) lbu     a4, -37(a6)
core   0: 3 0x8000066e (0xfdb84703) x14 0x000000b8 mem 0x800106e6
core   0: 0x80000672 (0x02852933) mulhsu  s2, a0, s0
core   0: 3 0x80000672 (0x02852933) x18 0x00000000
core   0: 0x80000676 (0x00a84d83) lbu     s11, 10(a6)
core   0: 3 0x80000676 (0x00a84d83) x27 0x00000080 mem 0x80010715
core   0: 0x8000067a (0x03d84303) lbu     t1, 61(a6)
core   0: 3 0x8000067a (0x03d84303) x6  0x00000076 mem 0x80010748
core   0: 0x8000067e (0x41700eb3) sub     t4, zero, s7
core   0: 3 0x8000067e (0x41700eb3) x29 0x000004d4
core   0: 0x80000682 (0x018801a3) sb      s8, 3(a6)
core   0: 3 0x80000682 (0x018801a3) mem 0x8001070e 0x39
core   0: 0x80000686 (0x03f80da3) sb      t6, 59(a6)
core   0: 3 0x80000686 (0x03f80da3) mem 0x80010746 0xff
core   0: 0x8000068a (0x0ff0000f) fence   iorw,iorw
core   0: 3 0x8000068a (0x0ff0000f)
core   0: 0x8000068e (0x02893633) mulhu   a2, s2, s0
core   0: 3 0x8000068e (0x02893633) x12 0x00000000
core   0: 0x80000692 (0x63b1a2b7) lui     t0, 0x63b1a
core   0: 3 0x80000692 (0x63b1a2b7) x5  0x63b1a000
core   0: 0x80000696 (0x03880783) lb      a5, 56(a6)
core   0: 3 0x80000696 (0x03880783) x15 0xffffff9d mem 0x80010743
core   0: 0x8000069a (0x010901b3) add     gp, s2, a6
core   0: 3 0x8000069a (0x010901b3) x3  0x8001070b
core   0: 0x8000069e (0x00000001) c.nop
core   0: 3 0x8000069e (0x0001)
core   0: 0x800006a0 (0x0000876d) c.srai  a4, 27
core   0: 3 0x800006a0 (0x876d) x14 0x00000000
core   0: 0x800006a2 (0x02280a83) lb      s5, 34(a6)
core   0: 3 0x800006a2 (0x02280a83) x21 0x00000062 mem 0x8001072d
core   0: 0x800006a6 (0x01480603) lb      a2, 20(a6)
core   0: 3 0x800006a6 (0x01480603) x12 0x00000017 mem 0x8001071f
core   0: 0x800006aa (0x00006939) c.lui   s2, 0xe
core   0: 3 0x800006aa (0x6939) x18 0x0000e000
core   0: 0x800006ac (0x3407a4f3) csrrs   s1, mscratch, a5
core   0: 3 0x800006ac (0x3407a4f3) x9  0xffffffe7 c832_mscratch 0xffffffff
core   0: 0x800006b0 (0x020b00b3) mul     ra, s6, zero
core   0: 3 0x800006b0 (0x020b00b3) x1  0x00000000
core   0: 0x800006b4 (0x02084a03) lbu     s4, 32(a6)
core   0: 3 0x800006b4 (0x02084a03) x20 0x0000006a mem 0x8001072b
core   0: 0x800006b8 (0x011e9633) sll     a2, t4, a7
core   0: 3 0x800006b8 (0x011e9633) x12 0xa0000000
core   0: 0x800006bc (0x03ac3f33) mulhu   t5, s8, s10
core   0: 3 0x800006bc (0x03ac3f33) x30 0x00000000
core   0: 0x800006c0 (0x00480423) sb      tp, 8(a6)
core   0: 3 0x800006c0 (0x00480423) mem 0x80010713 0x58
core   0: 0x800006c4 (0x03880623) sb      s8, 44(a6)
core   0: 3 0x800006c4 (0x03880623) mem 0x80010737 0x39
core   0: 0x800006c8 (0x03d80583) lb      a1, 61(a6)
core   0: 3 0x800006c8 (0x03d80583) x11 0x00000076 mem 0x80010748
core   0: 0x800006cc (0x01880883) lb      a7, 24(a6)
core   0: 3 0x800006cc (0x01880883) x17 0xffffff80 mem 0x80010723
core   0: 0x800006d0 (0xfe5811a3) sh      t0, -29(a6)
core   0: 3 0x800006d0 (0xfe5811a3) mem 0x800106ee 0xa000
core   0: 0x800006d4 (0x03880503) lb      a0, 56(a6)
core   0: 3 0x800006d4 (0x03880503) x10 0xffffff9d mem 0x80010743
core   0: 0x800006d8 (0x3409dff3) csrrwi  t6, mscratch, 19
core   0: 3 0x800006d8 (0x3409dff3) x31 0xffffffff c832_mscratch 0x00000013
core   0: 0x800006dc (0x0000100f) fence.i
core   0: 3 0x800006dc (0x0000100f)
core   0: 0x800006e0 (0x013707b3) add     a5, a4, s3
core   0: 3 0x800006e0 (0x013707b3) x15 0x0000006c
core   0: 0x800006e4 (0x01585c03) lhu     s8, 21(a6)
core   0: 3 0x800006e4 (0x01585c03) x24 0x00008c80 mem 0x80010720
core   0: 0x800006e8 (0x00008f55) c.or    a4, a3
core   0: 3 0x800006e8 (0x8f55) x14 0x80029d24
core   0: 0x800006ea (0x999d0293) addi    t0, s10, -1639
core   0: 3 0x800006ea (0x999d0293) x5  0xfffffa0e
core   0: 0x800006ee (0x00008ff5) c.and   a5, a3
core   0: 3 0x800006ee (0x8ff5) x15 0x00000024
core   0: 0x800006f0 (0xfc484203) lbu     tp, -60(a6)
core   0: 3 0x800006f0 (0xfc484203) x4  0x00000000 mem 0x800106cf
core   0: 0x800006f4 (0x03a40a33) mul     s4, s0, s10
core   0: 3 0x800006f4 (0x03a40a33) x20 0x000001d4
core   0: 0x800006f8 (0x011f9a13) slli    s4, t6, 17
core   0: 3 0x800006f8 (0x011f9a13) x20 0xfffe0000
core   0: 0x800006fc (0x000009da) c.slli  s3, 22
core   0: 3 0x800006fc (0x09da) x19 0x1b000000
core   0: 0x800006fe (0x033811a3) sh      s3, 35(a6)
core   0: 3 0x800006fe (0x033811a3) mem 0x8001072e 0x0000
core   0: 0x80000702 (0x00d82083) lw      ra, 13(a6)
core   0: 3 0x80000702 (0x00d82083) x1  0xb27c1d3e mem 0x80010718
core   0: 0x80000706 (0x6e637513) andi    a0, t1, 1766
core   0: 3 0x80000706 (0x6e637513) x10 0x00000066
core   0: 0x8000070a (0x00008585) c.srai  a1, 1
core   0: 3 0x8000070a (0x8585) x11 0x0000003b
core   0: 0x8000070c (0x016ab533) sltu    a0, s5, s6
core   0: 3 0x8000070c (0x016ab533) x10 0x00000001
core   0: 0x80000710 (0x34006c73) csrrsi  s8, mscratch, 0
core   0: 3 0x80000710 (0x34006c73) x24 0x00000013
core   0: 0x80000714 (0x03484a03) lbu     s4, 52(a6)
core   0: 3 0x80000714 (0x03484a03) x20 0x00000049 mem 0x8001073f
core   0: 0x80000718 (0x00092033) slt     zero, s2, zero
core   0: 3 0x80000718 (0x00092033)
core   0: 0x8000071c (0x030805a3) sb      a6, 43(a6)
core   0: 3 0x8000071c (0x030805a3) mem 0x80010736 0x0b
core   0: 0x80000720 (0x02484783) lbu     a5, 36(a6)
core   0: 3 0x80000720 (0x02484783) x15 0x00000000 mem 0x8001072f
core   0: 0x80000724 (0x00010f97) auipc   t6, 0x10
core   0: 3 0x80000724 (0x00010f97) x31 0x80010724
core   0: 0x80000728 (0xb57f8f93) addi    t6, t6, -1193
core   0: 3 0x80000728 (0xb57f8f93) x31 0x8001027b
core   0: 0x8000072c (0x013b9433) sll     s0, s7, s3
core   0: 3 0x8000072c (0x013b9433) x8  0xfffffb2c
core   0: 0x80000730 (0x015f8123) sb      s5, 2(t6)
core   0: 3 0x80000730 (0x015f8123) mem 0x8001027d 0x62
core   0: 0x80000734 (0xf56f83a3) sb      s6, -185(t6)
core   0: 3 0x80000734 (0xf56f83a3) mem 0x800101c2 0x00
core   0: 0x80000738 (0x0000941a) c.add   s0, t1
core   0: 3 0x80000738 (0x941a) x8  0xfffffba2
core   0: 0x8000073a (0xfdef8383) lb      t2, -34(t6)
core   0: 3 0x8000073a (0xfdef8383) x7  0x00000070 mem 0x80010259
core   0: 0x8000073e (0xffbfcf03) lbu     t5, -5(t6)
core   0: 3 0x8000073e (0xffbfcf03) x30 0x0000001e mem 0x80010276
core   0: 0x80000742 (0x097f92a3) sh      s7, 133(t6)
core   0: 3 0x80000742 (0x097f92a3) mem 0x80010300 0xfb2c
core   0: 0x80000746 (0x0d0f8723) sb      a6, 206(t6)
core   0: 3 0x80000746 (0x0d0f8723) mem 0x80010349 0x0b
core   0: 0x8000074a (0x036f8303) lb      t1, 54(t6)
core   0: 3 0x8000074a (0x036f8303) x6  0xffffffa4 mem 0x800102b1
core   0: 0x8000074e (0x9ae9e613) ori     a2, s3, -1618
core   0: 3 0x8000074e (0x9ae9e613) x12 0xfffff9ae
core   0: 0x80000752 (0x050f8903) lb      s2, 80(t6)
core   0: 3 0x80000752 (0x050f8903) x18 0xffffffff mem 0x800102cb
core   0: 0x80000756 (0x340069f3) csrrsi  s3, mscratch, 0
core   0: 3 0x80000756 (0x340069f3) x19 0x00000013
core   0: 0x8000075a (0x0a8f8323) sb      s0, 166(t6)
core   0: 3 0x8000075a (0x0a8f8323) mem 0x80010321 0xa2
core   0: 0x8000075e (0x0cdf8aa3) sb      a3, 213(t6)
core   0: 3 0x8000075e (0x0cdf8aa3) mem 0x80010350 0x24
core   0: 0x80000762 (0xffef8023) sb      t5, -32(t6)
core   0: 3 0x80000762 (0xffef8023) mem 0x8001025b 0x1e
core   0: 0x80000766 (0x0000100f) fence.i
core   0: 3 0x80000766 (0x0000100f)
core   0: 0x8000076a (0x029fc533) div     a0, t6, s1
core   0: 3 0x8000076a (0x029fc533) x10 0x051eadfb
core   0: 0x8000076e (0x40c55ab3) sra     s5, a0, a2
core   0: 3 0x8000076e (0x40c55ab3) x21 0x0000147a
core   0: 0x80000772 (0x0bcf8603) lb      a2, 188(t6)
core   0: 3 0x80000772 (0x0bcf8603) x12 0xffffffbd mem 0x80010337
core   0: 0x80000776 (0x00000001) c.nop
core   0: 3 0x80000776 (0x0001)
core   0: 0x80000778 (0x00008ccd) c.or    s1, a1
core   0: 3 0x80000778 (0x8ccd) x9  0xffffffff
core   0: 0x8000077a (0x03a807b3) mul     a5, a6, s10
core   0: 3 0x8000077a (0x03a807b3) x15 0x80783807
core   0: 0x8000077e (0xfddfc383) lbu     t2, -35(t6)
core   0: 3 0x8000077e (0xfddfc383) x7  0x000000a1 mem 0x80010258
core   0: 0x80000782 (0xab417793) andi    a5, sp, -1356
core   0: 3 0x80000782 (0xab417793) x15 0xfc65f210
core   0: 0x80000786 (0x05bf89a3) sb      s11, 83(t6)
core   0: 3 0x80000786 (0x05bf89a3) mem 0x800102ce 0x80
core   0: 0x8000078a (0x0295eeb3) rem     t4, a1, s1
core   0: 3 0x8000078a (0x0295eeb3) x29 0x00000000
core   0: 0x8000078e (0xff6faca3) sw      s6, -7(t6)
core   0: 3 0x8000078e (0xff6faca3) mem 0x80010274 0x00004000
core   0: 0x80000792 (0xf9ef8523) sb      t5, -118(t6)
core   0: 3 0x80000792 (0xf9ef8523) mem 0x80010205 0x1e
core   0: 0x80000796 (0x006f05b3) add     a1, t5, t1
core   0: 3 0x80000796 (0x006f05b3) x11 0xffffffc2
core   0: 0x8000079a (0x0d9f9c83) lh      s9, 217(t6)
core   0: 3 0x8000079a (0x0d9f9c83) x25 0xffff93c1 mem 0x80010354
core   0: 0x8000079e (0xf5ef8523) sb      t5, -182(t6)
core   0: 3 0x8000079e (0xf5ef8523) mem 0x800101c5 0x1e
core   0: 0x800007a2 (0xb5880c13) addi    s8, a6, -1192
core   0: 3 0x800007a2 (0xb5880c13) x24 0x80010263
core   0: 0x800007a6 (0x0bbfaca3) sw      s11, 185(t6)
core   0: 3 0x800007a6 (0x0bbfaca3) mem 0x80010334 0x00000080
core   0: 0x800007aa (0x0d8fc403) lbu     s0, 216(t6)
core   0: 3 0x800007aa (0x0d8fc403) x8  0x0000003f mem 0x80010353
core   0: 0x800007ae (0x01261a93) slli    s5, a2, 18
core   0: 3 0x800007ae (0x01261a93) x21 0xfef40000
core   0: 0x800007b2 (0x01f5e433) or      s0, a1, t6
core   0: 3 0x800007b2 (0x01f5e433) x8  0xfffffffb
core   0: 0x800007b6 (0xfbef91a3) sh      t5, -93(t6)
core   0: 3 0x800007b6 (0xfbef91a3) mem 0x8001021e 0x001e
core   0: 0x800007ba (0x01370033) add     zero, a4, s3
core   0: 3 0x800007ba (0x01370033)
core   0: 0x800007be (0xfdefc003) lbu     zero, -34(t6)
core   0: 3 0x800007be (0xfdefc003) mem 0x80010259
core   0: 0x800007c2 (0x00008215) c.srli  a2, 5
core   0: 3 0x800007c2 (0x8215) x12 0x07fffffd
core   0: 0x800007c4 (0x01638ab3) add     s5, t2, s6
core   0: 3 0x800007c4 (0x01638ab3) x21 0x000040a1
core   0: 0x800007c8 (0x0266a7b3) mulhsu  a5, a3, t1
core   0: 3 0x800007c8 (0x0266a7b3) x15 0x80029d51
core   0: 0x800007cc (0x08ff9283) lh      t0, 143(t6)
core   0: 3 0x800007cc (0x08ff9283) x5  0xffff9d03 mem 0x8001030a
core   0: 0x800007d0 (0xf1af89a3) sb      s10, -237(t6)
core   0: 3 0x800007d0 (0xf1af89a3) mem 0x8001018e 0x75
core   0: 0x800007d4 (0x34013bf3) csrrc   s7, mscratch, sp
core   0: 3 0x800007d4 (0x34013bf3) x23 0x00000013 c832_mscratch 0x00000003
core   0: 0x800007d8 (0x000008be) c.slli  a7, 15
core   0: 3 0x800007d8 (0x08be) x17 0xffc00000
core   0: 0x800007da (0x02253f33) mulhu   t5, a0, sp
core   0: 3 0x800007da (0x02253f33) x30 0x050c3d3b
core   0: 0x800007de (0xf99fd983) lhu     s3, -103(t6)
core   0: 3 0x800007de (0xf99fd983) x19 0x00009fca mem 0x80010214
core   0: 0x800007e2 (0x000011fd) c.addi  gp, -1
core   0: 3 0x800007e2 (0x11fd) x3  0x8001070a
core   0: 0x800007e4 (0xf22f8c83) lb      s9, -222(t6)
core   0: 3 0x800007e4 (0xf22f8c83) x25 0xffffffee mem 0x8001019d
core   0: 0x800007e8 (0xf75f9da3) sh      s5, -133(t6)
core   0: 3 0x800007e8 (0xf75f9da3) mem 0x800101f6 0x40a1
core   0: 0x800007ec (0xeacfb813) sltiu   a6, t6, -340
core   0: 3 0x800007ec (0xeacfb813) x16 0x00000001
core   0: 0x800007f0 (0xf02f9ca3) sh      sp, -231(t6)
core   0: 3 0x800007f0 (0xf02f9ca3) mem 0x80010194 0xf358
core   0: 0x800007f4 (0x00017617) auipc   a2, 0x17
core   0: 3 0x800007f4 (0x00017617) x12 0x800177f4
core   0: 0x800007f8 (0x37660613) addi    a2, a2, 886
core   0: 3 0x800007f8 (0x37660613) x12 0x80017b6a
core   0: 0x800007fc (0xff465883) lhu     a7, -12(a2)
core   0: 3 0x800007fc (0xff465883) x17 0x000017fb mem 0x80017b5e
core   0: 0x80000800 (0xffa62203) lw      tp, -6(a2)
core   0: 3 0x80000800 (0xffa62203) x4  0xe4684bb4 mem 0x80017b64
core   0: 0x80000804 (0x00008c1a) c.mv    s8, t1
core   0: 3 0x80000804 (0x8c1a) x24 0xffffffa4
core   0: 0x80000806 (0x00f4b9b3) sltu    s3, s1, a5
core   0: 3 0x80000806 (0x00f4b9b3) x19 0x00000000
core   0: 0x8000080a (0x0cc92093) slti    ra, s2, 204
core   0: 3 0x8000080a (0x0cc92093) x1  0x00000001
core   0: 0x8000080e (0x00360403) lb      s0, 3(a2)
core   0: 3 0x8000080e (0x00360403) x8  0xffffffa3 mem 0x80017b6d
core   0: 0x80000812 (0x02492933) mulhsu  s2, s2, tp
core   0: 3 0x80000812 (0x02492933) x18 0xffffffff
core   0: 0x80000816 (0xff960a03) lb      s4, -7(a2)
core   0: 3 0x80000816 (0xff960a03) x20 0xffffffa3 mem 0x80017b63
core   0: 0x8000081a (0x00364403) lbu     s0, 3(a2)
core   0: 3 0x8000081a (0x00364403) x8  0x000000a3 mem 0x80017b6d
core   0: 0x8000081e (0xffc64b03) lbu     s6, -4(a2)
core   0: 3 0x8000081e (0xffc64b03) x22 0x00000068 mem 0x80017b66
core   0: 0x80000822 (0xff461a83) lh      s5, -12(a2)
core   0: 3 0x80000822 (0xff461a83) x21 0x000017fb mem 0x80017b5e
core   0: 0x80000826 (0xc1b57c37) lui     s8, 0xc1b57
core   0: 3 0x80000826 (0xc1b57c37) x24 0xc1b57000
core   0: 0x8000082a (0x00364c03) lbu     s8, 3(a2)
core   0: 3 0x8000082a (0x00364c03) x24 0x000000a3 mem 0x80017b6d
core   0: 0x8000082e (0x340af573) csrrci  a0, mscratch, 21
core   0: 3 0x8000082e (0x340af573) x10 0x00000003 c832_mscratch 0x00000002
core   0: 0x80000832 (0x769f0293) addi    t0, t5, 1897
core   0: 3 0x80000832 (0x769f0293) x5  0x050c44a4
core   0: 0x80000836 (0x01a61623) sh      s10, 12(a2)
core   0: 3 0x80000836 (0x01a61623) mem 0x80017b76 0x0075
core   0: 0x8000083a (0x00008c19) c.sub   s0, a4
core   0: 3 0x8000083a (0x8c19) x8  0x7ffd637f
core   0: 0x8000083c (0xff665783) lhu     a5, -10(a2)
core   0: 3 0x8000083c (0xff665783) x15 0x0000b8e7 mem 0x80017b60
core   0: 0x80000840 (0xffc60403) lb      s0, -4(a2)
core   0: 3 0x80000840 (0xffc60403) x8  0x00000068 mem 0x80017b66
core   0: 0x80000844 (0x3addd917) auipc   s2, 0x3addd
core   0: 3 0x80000844 (0x3addd917) x18 0xbaddd844
core   0: 0x80000848 (0xff265a03) lhu     s4, -14(a2)
core   0: 3 0x80000848 (0xff265a03) x20 0x00001e98 mem 0x80017b5c
core   0: 0x8000084c (0x00008f1d) c.sub   a4, a5
core   0: 3 0x8000084c (0x8f1d) x14 0x8001e43d
core   0: 0x8000084e (0xff160c03) lb      s8, -15(a2)
core   0: 3 0x8000084e (0xff160c03) x24 0x00000058 mem 0x80017b5b
core   0: 0x80000852 (0x743d6713) ori     a4, s10, 1859
core   0: 3 0x80000852 (0x743d6713) x14 0x00000777
core   0: 0x80000856 (0x004cdb93) srli    s7, s9, 4
core   0: 3 0x80000856 (0x004cdb93) x23 0x0ffffffe
core   0: 0x8000085a (0x01064783) lbu     a5, 16(a2)
core   0: 3 0x8000085a (0x01064783) x15 0x00000083 mem 0x80017b7a
core   0: 0x8000085e (0x34059ef3) csrrw   t4, mscratch, a1
core   0: 3 0x8000085e (0x34059ef3) x29 0x00000002 c832_mscratch 0xffffffc2
core   0: 0x80000862 (0x40630333) sub     t1, t1, t1
core   0: 3 0x80000862 (0x40630333) x6  0x00000000
core   0: 0x80000866 (0xff060923) sb      a6, -14(a2)
core   0: 3 0x80000866 (0xff060923) mem 0x80017b5c 0x01
core   0: 0x8000086a (0xffa60303) lb      t1, -6(a2)
core   0: 3 0x8000086a (0xffa60303) x6  0xffffffb4 mem 0x80017b64
core   0: 0x8000086e (0x00c61483) lh      s1, 12(a2)
core   0: 3 0x8000086e (0x00c61483) x9  0x00000075 mem 0x80017b76
core   0: 0x80000872 (0x0000577d) c.li    a4, -1
core   0: 3 0x80000872 (0x577d) x14 0xffffffff
core   0: 0x80000874 (0x0000830d) c.srli  a4, 3
core   0: 3 0x80000874 (0x830d) x14 0x1fffffff
core   0: 0x80000876 (0x00d40eb3) add     t4, s0, a3
core   0: 3 0x80000876 (0x00d40eb3) x29 0x80029d8c
core   0: 0x8000087a (0x018032b3) snez    t0, s8
core   0: 3 0x8000087a (0x018032b3) x5  0x00000001
core   0: 0x8000087e (0x00004ed1) c.li    t4, 20
core   0: 3 0x8000087e (0x4ed1) x29 0x00000014
core   0: 0x80000880 (0x8a27cdb7) lui     s11, 0x8a27c
core   0: 3 0x80000880 (0x8a27cdb7) x27 0x8a27c000
core   0: 0x80000884 (0x011603a3) sb      a7, 7(a2)
core   0: 3 0x80000884 (0x011603a3) mem 0x80017b71 0xfb
core   0: 0x80000888 (0x002607a3) sb      sp, 15(a2)
core   0: 3 0x80000888 (0x002607a3) mem 0x80017b79 0x58
core   0: 0x8000088c (0x00008f6a) c.mv    t5, s10
core   0: 3 0x8000088c (0x8f6a) x30 0x00000075
core   0: 0x8000088e (0x00260223) sb      sp, 4(a2)
core   0: 3 0x8000088e (0x00260223) mem 0x80017b6e 0x58
core   0: 0x80000892 (0xff560503) lb      a0, -11(a2)
core   0: 3 0x80000892 (0xff560503) x10 0x00000017 mem 0x80017b5f
core   0: 0x80000896 (0x0000983a) c.add   a6, a4
core   0: 3 0x80000896 (0x983a) x16 0x20000000
core   0: 0x80000898 (0x00360403) lb      s0, 3(a2)
core   0: 3 0x80000898 (0x00360403) x8  0xffffffa3 mem 0x80017b6d
core   0: 0x8000089c (0x62d87713) andi    a4, a6, 1581
core   0: 3 0x8000089c (0x62d87713) x14 0x00000000
core   0: 0x800008a0 (0x000051fd) c.li    gp, -1
core   0: 3 0x800008a0 (0x51fd) x3  0xffffffff
core   0: 0x800008a2 (0x01065283) lhu     t0, 16(a2)
core   0: 3 0x800008a2 (0x01065283) x5  0x0000f783 mem 0x80017b7a
core   0: 0x800008a6 (0x40725713) srai    a4, tp, 7
core   0: 3 0x800008a6 (0x40725713) x14 0xffc8d097
core   0: 0x800008aa (0xff360203) lb      tp, -13(a2)
core   0: 3 0x800008aa (0xff360203) x4  0x0000001e mem 0x80017b5d
core   0: 0x800008ae (0xfec61823) sh      a2, -16(a2)
core   0: 3 0x800008ae (0xfec61823) mem 0x80017b5a 0x7b6a
core   0: 0x800008b2 (0x00164d83) lbu     s11, 1(a2)
core   0: 3 0x800008b2 (0x00164d83) x27 0x00000003 mem 0x80017b6b
core   0: 0x800008b6 (0xfeb608a3) sb      a1, -15(a2)
core   0: 3 0x800008b6 (0xfeb608a3) mem 0x80017b5b 0xc2
core   0: 0x800008ba (0x00c61c03) lh      s8, 12(a2)
core   0: 3 0x800008ba (0x00c61c03) x24 0x00000075 mem 0x80017b76
core   0: 0x800008be (0xa3d68093) addi    ra, a3, -1475
core   0: 3 0x800008be (0xa3d68093) x1  0x80029761
core   0: 0x800008c2 (0xbfc2f393) andi    t2, t0, -1028
core   0: 3 0x800008c2 (0xbfc2f393) x7  0x0000f380
core   0: 0x800008c6 (0x3405af73) csrrs   t5, mscratch, a1
core   0: 3 0x800008c6 (0x3405af73) x30 0xffffffc2 c832_mscratch 0xffffffc2
core   0: 0x800008ca (0xff361e23) sh      s3, -4(a2)
core   0: 3 0x800008ca (0xff361e23) mem 0x80017b66 0x0000
core   0: 0x800008ce (0x0001ed97) auipc   s11, 0x1e
core   0: 3 0x800008ce (0x0001ed97) x27 0x8001e8ce
core   0: 0x800008d2 (0x26ad8d93) addi    s11, s11, 618
core   0: 3 0x800008d2 (0x26ad8d93) x27 0x8001eb38
core   0: 0x800008d6 (0xfd7d8b03) lb      s6, -41(s11)
core   0: 3 0x800008d6 (0xfd7d8b03) x22 0xfffffffe mem 0x8001eb0f
core   0: 0x800008da (0xff6dd003) lhu     zero, -10(s11)
core   0: 3 0x800008da (0xff6dd003) mem 0x8001eb2e
core   0: 0x800008de (0xfd2d9f03) lh      t5, -46(s11)
core   0: 3 0x800008de (0xfd2d9f03) x30 0x000057d9 mem 0x8001eb0a
core   0: 0x800008e2 (0xc462c193) xori    gp, t0, -954
core   0: 3 0x800008e2 (0xc462c193) x3  0xffff0bc5
core   0: 0x800008e6 (0xf4d22293) slti    t0, tp, -179
core   0: 3 0x800008e6 (0xf4d22293) x5  0x00000000
core   0: 0x800008ea (0x023322b3) mulhsu  t0, t1, gp
core   0: 3 0x800008ea (0x023322b3) x5  0xffffffb4
core   0: 0x800008ee (0x00c54f33) xor     t5, a0, a2
core   0: 3 0x800008ee (0x00c54f33) x30 0x80017b7d
core   0: 0x800008f2 (0x005b68b3) or      a7, s6, t0
core   0: 3 0x800008f2 (0x005b68b3) x17 0xfffffffe
core   0: 0x800008f6 (0x00008fe5) c.and   a5, s1
core   0: 3 0x800008f6 (0x8fe5) x15 0x00000001
core   0: 0x800008f8 (0xfc7dca03) lbu     s4, -57(s11)
core   0: 3 0x800008f8 (0xfc7dca03) x20 0x000000a3 mem 0x8001eaff
core   0: 0x800008fc (0xffad8fa3) sb      s10, -1(s11)
core   0: 3 0x800008fc (0xffad8fa3) mem 0x8001eb37 0x75
core   0: 0x80000900 (0x01c59313) slli    t1, a1, 28
core   0: 3 0x80000900 (0x01c59313) x6  0x20000000
core   0: 0x80000904 (0x0000858d) c.srai  a1, 3
core   0: 3 0x80000904 (0x858d) x11 0xfffffff8
core   0: 0x80000906 (0x0153d293) srli    t0, t2, 21
core   0: 3 0x80000906 (0x0153d293) x5  0x00000000
core   0: 0x8000090a (0xff4d9803) lh      a6, -12(s11)
core   0: 3 0x8000090a (0xff4d9803) x16 0x00003b12 mem 0x8001eb2c
core   0: 0x8000090e (0x00000001) c.nop
core   0: 3 0x8000090e (0x0001)
core   0: 0x80000910 (0x00000001) c.nop
core   0: 3 0x80000910 (0x0001)
core   0: 0x80000912 (0x340024f3) csrr    s1, mscratch
core   0: 3 0x80000912 (0x340024f3) x9  0xffffffc2
core   0: 0x80000916 (0x021dc603) lbu     a2, 33(s11)
core   0: 3 0x80000916 (0x021dc603) x12 0x00000086 mem 0x8001eb59
core   0: 0x8000091a (0x02cdcf03) lbu     t5, 44(s11)
core   0: 3 0x8000091a (0x02cdcf03) x30 0x000000a8 mem 0x8001eb64
core   0: 0x8000091e (0x0062bfb3) sltu    t6, t0, t1
core   0: 3 0x8000091e (0x0062bfb3) x31 0x00000001
core   0: 0x80000922 (0xfc0d8da3) sb      zero, -37(s11)
core   0: 3 0x80000922 (0xfc0d8da3) mem 0x8001eb13 0x00
core   0: 0x80000926 (0x01785013) srli    zero, a6, 23
core   0: 3 0x80000926 (0x01785013)
core   0: 0x8000092a (0x00cda023) sw      a2, 0(s11)
core   0: 3 0x8000092a (0x00cda023) mem 0x8001eb38 0x00000086
core   0: 0x8000092e (0x00010517) auipc   a0, 0x10
core   0: 3 0x8000092e (0x00010517) x10 0x8001092e
core   0: 0x80000932 (0x5cc50513) addi    a0, a0, 1484
core   0: 3 0x80000932 (0x5cc50513) x10 0x80010efa
core   0: 0x80000936 (0x01651523) sh      s6, 10(a0)
core   0: 3 0x80000936 (0x01651523) mem 0x80010f04 0xfffe
core   0: 0x8000093a (0xff055383) lhu     t2, -16(a0)
core   0: 3 0x8000093a (0xff055383) x7  0x00000c69 mem 0x80010eea
core   0: 0x8000093e (0xff550483) lb      s1, -11(a0)
core   0: 3 0x8000093e (0xff550483) x9  0xffffffbb mem 0x80010eef
core   0: 0x80000942 (0x00350703) lb      a4, 3(a0)
core   0: 3 0x80000942 (0x00350703) x14 0x00000034 mem 0x80010efd
core   0: 0x80000946 (0x00130f93) addi    t6, t1, 1
core   0: 3 0x80000946 (0x00130f93) x31 0x20000001
core   0: 0x8000094a (0x01055d03) lhu     s10, 16(a0)
core   0: 3 0x8000094a (0x01055d03) x26 0x0000a73a mem 0x80010f0a
core   0: 0x8000094e (0x00000001) c.nop
core   0: 3 0x8000094e (0x0001)
core   0: 0x80000950 (0x004bf233) and     tp, s7, tp
core   0: 3 0x80000950 (0x004bf233) x4  0x0000001e
core   0: 0x80000954 (0x016501a3) sb      s6, 3(a0)
core   0: 3 0x80000954 (0x016501a3) mem 0x80010efd 0xfe
core   0: 0x80000958 (0x00008309) c.srli  a4, 2
core   0: 3 0x80000958 (0x8309) x14 0x0000000d
core   0: 0x8000095a (0xffd54e83) lbu     t4, -3(a0)
core   0: 3 0x8000095a (0xffd54e83) x29 0x0000009f mem 0x80010ef7
core   0: 0x8000095e (0xff851b03) lh      s6, -8(a0)
core   0: 3 0x8000095e (0xff851b03) x22 0xffff935d mem 0x80010ef2
core   0: 0x80000962 (0xff252e83) lw      t4, -14(a0)
core   0: 3 0x80000962 (0xff252e83) x29 0xbbc83c6f mem 0x80010eec
core   0: 0x80000966 (0xffd54c83) lbu     s9, -3(a0)
core   0: 3 0x80000966 (0xffd54c83) x25 0x0000009f mem 0x80010ef7
core   0: 0x8000096a (0x00c54883) lbu     a7, 12(a0)
core   0: 3 0x8000096a (0x00c54883) x17 0x00000092 mem 0x80010f06
core   0: 0x8000096e (0x00350883) lb      a7, 3(a0)
core   0: 3 0x8000096e (0x00350883) x17 0xfffffffe mem 0x80010efd
core   0: 0x80000972 (0xff855b83) lhu     s7, -8(a0)
core   0: 3 0x80000972 (0xff855b83) x23 0x0000935d mem 0x80010ef2
core   0: 0x80000976 (0x01054f83) lbu     t6, 16(a0)
core   0: 3 0x80000976 (0x01054f83) x31 0x0000003a mem 0x80010f0a
core   0: 0x8000097a (0x0074d713) srli    a4, s1, 7
core   0: 3 0x8000097a (0x0074d713) x14 0x01ffffff
core   0: 0x8000097e (0xffc50c03) lb      s8, -4(a0)
core   0: 3 0x8000097e (0xffc50c03) x24 0xffffff82 mem 0x80010ef6
core   0: 0x80000982 (0xcb2db237) lui     tp, 0xcb2db
core   0: 3 0x80000982 (0xcb2db237) x4  0xcb2db000
core   0: 0x80000986 (0x01f50023) sb      t6, 0(a0)
core   0: 3 0x80000986 (0x01f50023) mem 0x80010efa 0x3a
core   0: 0x8000098a (0x00b50903) lb      s2, 11(a0)
core   0: 3 0x8000098a (0x00b50903) x18 0xffffffff mem 0x80010f05
core   0: 0x8000098e (0x00f54983) lbu     s3, 15(a0)
core   0: 3 0x8000098e (0x00f54983) x19 0x0000002f mem 0x80010f09
core   0: 0x80000992 (0x014506a3) sb      s4, 13(a0)
core   0: 3 0x80000992 (0x014506a3) mem 0x80010f07 0xa3
core   0: 0x80000996 (0x4afa6c13) ori     s8, s4, 1199
core   0: 3 0x80000996 (0x4afa6c13) x24 0x000004af
core   0: 0x8000099a (0x00d50423) sb      a3, 8(a0)
core   0: 3 0x8000099a (0x00d50423) mem 0x80010f02 0x24
core   0: 0x8000099e (0xfff54a03) lbu     s4, -1(a0)
core   0: 3 0x8000099e (0xfff54a03) x20 0x0000000a mem 0x80010ef9
core   0: 0x800009a2 (0x340663f3) csrrsi  t2, mscratch, 12
core   0: 3 0x800009a2 (0x340663f3) x7  0xffffffc2 c832_mscratch 0xffffffce
core   0: 0x800009a6 (0x00000001) c.nop
core   0: 3 0x800009a6 (0x0001)
core   0: 0x800009a8 (0x01de9993) slli    s3, t4, 29
core   0: 3 0x800009a8 (0x01de9993) x19 0xe0000000
core   0: 0x800009ac (0x00550483) lb      s1, 5(a0)
core   0: 3 0x800009ac (0x00550483) x9  0x0000000f mem 0x80010eff
core   0: 0x800009b0 (0x34055973) csrrwi  s2, mscratch, 10
core   0: 3 0x800009b0 (0x34055973) x18 0xffffffce c832_mscratch 0x0000000a
core   0: 0x800009b4 (0x00008c85) c.sub   s1, s1
core   0: 3 0x800009b4 (0x8c85) x9  0x00000000
core   0: 0x800009b6 (0xfe8509a3) sb      s0, -13(a0)
core   0: 3 0x800009b6 (0xfe8509a3) mem 0x80010eed 0xa3
core   0: 0x800009ba (0x00954303) lbu     t1, 9(a0)
core   0: 3 0x800009ba (0x00954303) x6  0x0000005f mem 0x80010f03
core   0: 0x800009be (0x01b420b3) slt     ra, s0, s11
core   0: 3 0x800009be (0x01b420b3) x1  0x00000000
core   0: 0x800009c2 (0x00354783) lbu     a5, 3(a0)
core   0: 3 0x800009c2 (0x00354783) x15 0x000000fe mem 0x80010efd
core   0: 0x800009c6 (0x00150183) lb      gp, 1(a0)
core   0: 3 0x800009c6 (0x00150183) x3  0x00000044 mem 0x80010efb
core   0: 0x800009ca (0x00010b97) auipc   s7, 0x10
core   0: 3 0x800009ca (0x00010b97) x23 0x800109ca
core   0: 0x800009ce (0x82cb8b93) addi    s7, s7, -2004
core   0: 3 0x800009ce (0x82cb8b93) x23 0x800101f6
core   0: 0x800009d2 (0x050bc283) lbu     t0, 80(s7)
core   0: 3 0x800009d2 (0x050bc283) x5  0x0000009a mem 0x80010246
core   0: 0x800009d6 (0xf27bc383) lbu     t2, -217(s7)
core   0: 3 0x800009d6 (0xf27bc383) x7  0x000000e9 mem 0x8001011d
core   0: 0x800009da (0x0edbc503) lbu     a0, 237(s7)
core   0: 3 0x800009da (0x0edbc503) x10 0x00000068 mem 0x800102e3
core   0: 0x800009de (0x013bc603) lbu     a2, 19(s7)
core   0: 3 0x800009de (0x013bc603) x12 0x000000c0 mem 0x80010209
core   0: 0x800009e2 (0x065b8783) lb      a5, 101(s7)
core   0: 3 0x800009e2 (0x065b8783) x15 0x0000001e mem 0x8001025b
core   0: 0x800009e6 (0xf16bc603) lbu     a2, -234(s7)
core   0: 3 0x800009e6 (0xf16bc603) x12 0x00000070 mem 0x8001010c
core   0: 0x800009ea (0x000099ea) c.add   s3, s10
core   0: 3 0x800009ea (0x99ea) x19 0xe000a73a
core   0: 0x800009ec (0x40aa3893) sltiu   a7, s4, 1034
core   0: 3 0x800009ec (0x40aa3893) x17 0x00000001
core   0: 0x800009f0 (0x02158733) mul     a4, a1, ra
core   0: 3 0x800009f0 (0x02158733) x14 0x00000000
core   0: 0x800009f4 (0x000099fd) c.andi  a1, -1
core   0: 3 0x800009f4 (0x99fd) x11 0xfffffff8
core   0: 0x800009f6 (0xf44b8fa3) sb      tp, -161(s7)
core   0: 3 0x800009f6 (0xf44b8fa3) mem 0x80010155 0x00
core   0: 0x800009fa (0x006bc183) lbu     gp, 6(s7)
core   0: 3 0x800009fa (0x006bc183) x3  0x000000a8 mem 0x800101fc
core   0: 0x800009fe (0xf8fb9f23) sh      a5, -98(s7)
core   0: 3 0x800009fe (0xf8fb9f23) mem 0x80010194 0x001e
core   0: 0x80000a02 (0xfccb9503) lh      a0, -52(s7)
core   0: 3 0x80000a02 (0xfccb9503) x10 0x00000a00 mem 0x800101c2
core   0: 0x80000a06 (0xd9ba6993) ori     s3, s4, -613
core   0: 3 0x80000a06 (0xd9ba6993) x19 0xfffffd9b
core   0: 0x80000a0a (0x0f2bc483) lbu     s1, 242(s7)
core   0: 3 0x80000a0a (0x0f2bc483) x9  0x00000022 mem 0x800102e8
core   0: 0x80000a0e (0x0196e4b3) or      s1, a3, s9
core   0: 3 0x80000a0e (0x0196e4b3) x9  0x80029dbf
core   0: 0x80000a12 (0x0000073e) c.slli  a4, 15
core   0: 3 0x80000a12 (0x073e) x14 0x00000000
core   0: 0x80000a14 (0x0356c3b3) div     t2, a3, s5
core   0: 3 0x80000a14 (0x0356c3b3) x7  0xfffaa9aa
core   0: 0x80000a18 (0xfb4b85a3) sb      s4, -85(s7)
core   0: 3 0x80000a18 (0xfb4b85a3) mem 0x800101a1 0x0a
core   0: 0x80000a1c (0x045b8883) lb      a7, 69(s7)
core   0: 3 0x80000a1c (0x045b8883) x17 0xffffffd2 mem 0x8001023b
core   0: 0x80000a20 (0x00006085) c.lui   ra, 0x1
core   0: 3 0x80000a20 (0x6085) x1  0x00001000
core   0: 0x80000a22 (0x0afb8503) lb      a0, 175(s7)
core   0: 3 0x80000a22 (0x0afb8503) x10 0xffffffde mem 0x800102a5
core   0: 0x80000a26 (0x00008d6d) c.and   a0, a1
core   0: 3 0x80000a26 (0x8d6d) x10 0xffffffd8
core   0: 0x80000a28 (0x0000100f) fence.i
core   0: 3 0x80000a28 (0x0000100f)
core   0: 0x80000a2c (0x05282413) slti    s0, a6, 82
core   0: 3 0x80000a2c (0x05282413) x8  0x00000000
core   0: 0x80000a30 (0x04ab8ea3) sb      a0, 93(s7)
core   0: 3 0x80000a30 (0x04ab8ea3) mem 0x80010253 0xd8
core   0: 0x80000a34 (0x021b8223) sb      ra, 36(s7)
core   0: 3 0x80000a34 (0x021b8223) mem 0x8001021a 0x00
core   0: 0x80000a38 (0x34007573) csrrci  a0, mscratch, 0
core   0: 3 0x80000a38 (0x34007573) x10 0x0000000a
core   0: 0x80000a3c (0xf6db8c23) sb      a3, -136(s7)
core   0: 3 0x80000a3c (0xf6db8c23) mem 0x8001016e 0x24
core   0: 0x80000a40 (0xf03b8803) lb      a6, -253(s7)
core   0: 3 0x80000a40 (0xf03b8803) x16 0xfffffff7 mem 0x800100f9
core   0: 0x80000a44 (0x03954333) div     t1, a0, s9
core   0: 3 0x80000a44 (0x03954333) x6  0x00000000
core   0: 0x80000a48 (0x01a8f833) and     a6, a7, s10
core   0: 3 0x80000a48 (0x01a8f833) x16 0x0000a712
core   0: 0x80000a4c (0xed614b13) xori    s6, sp, -298
core   0: 3 0x80000a4c (0xed614b13) x22 0x039a0d8e
core   0: 0x80000a50 (0x41ed5533) sra     a0, s10, t5
core   0: 3 0x80000a50 (0x41ed5533) x10 0x000000a7
core   0: 0x80000a54 (0x01bb8403) lb      s0, 27(s7)
core   0: 3 0x80000a54 (0x01bb8403) x8  0x00000041 mem 0x80010211
core   0: 0x80000a58 (0x02bbc583) lbu     a1, 43(s7)
core   0: 3 0x80000a58 (0x02bbc583) x11 0x0000006b mem 0x80010221
core   0: 0x80000a5c (0x0265b5b3) mulhu   a1, a1, t1
core   0: 3 0x80000a5c (0x0265b5b3) x11 0x00000000
core   0: 0x80000a60 (0x011b9223) sh      a7, 4(s7)
core   0: 3 0x80000a60 (0x011b9223) mem 0x800101fa 0xffd2
core   0: 0x80000a64 (0x0094a033) slt     zero, s1, s1
core   0: 3 0x80000a64 (0x0094a033)
core   0: 0x80000a68 (0xfd8b81a3) sb      s8, -61(s7)
core   0: 3 0x80000a68 (0xfd8b81a3) mem 0x800101b9 0xaf
core   0: 0x80000a6c (0xff5b87a3) sb      s5, -17(s7)
core   0: 3 0x80000a6c (0xff5b87a3) mem 0x800101e5 0xfb
core   0: 0x80000a70 (0x042bda83) lhu     s5, 66(s7)
core   0: 3 0x80000a70 (0x042bda83) x21 0x0000baa0 mem 0x80010238
core   0: 0x80000a74 (0x00000001) c.nop
core   0: 3 0x80000a74 (0x0001)
core   0: 0x80000a76 (0x006ead33) slt     s10, t4, t1
core   0: 3 0x80000a76 (0x006ead33) x26 0x00000001
core   0: 0x80000a7a (0xf45b8883) lb      a7, -187(s7)
core   0: 3 0x80000a7a (0xf45b8883) x17 0x00000064 mem 0x8001013b
core   0: 0x80000a7e (0x00010f97) auipc   t6, 0x10
core   0: 3 0x80000a7e (0x00010f97) x31 0x80010a7e
core   0: 0x80000a82 (0x0a7f8f93) addi    t6, t6, 167
core   0: 3 0x80000a82 (0x0a7f8f93) x31 0x80010b25
core   0: 0x80000a86 (0x75794b93) xori    s7, s2, 1879
core   0: 3 0x80000a86 (0x75794b93) x23 0xfffff899
core   0: 0x80000a8a (0x0260c1b3) div     gp, ra, t1
core   0: 3 0x80000a8a (0x0260c1b3) x3  0xffffffff
core   0: 0x80000a8e (0xe19f9e83) lh      t4, -487(t6)
core   0: 3 0x80000a8e (0xe19f9e83) x29 0x00005fc1 mem 0x8001093e
core   0: 0x80000a92 (0x81af8023) sb      s10, -2048(t6)
core   0: 3 0x80000a92 (0x81af8023) mem 0x80010325 0x01
core   0: 0x80000a96 (0xe6394393) xori    t2, s2, -413
core   0: 3 0x80000a96 (0xe6394393) x7  0x000001ad
core   0: 0x80000a9a (0x33ef8b83) lb      s7, 830(t6)
core   0: 3 0x80000a9a (0x33ef8b83) x23 0xfffffff7 mem 0x80010e63
core   0: 0x80000a9e (0x00008ffd) c.and   a5, a5
core   0: 3 0x80000a9e (0x8ffd) x15 0x0000001e
core   0: 0x80000aa0 (0x90af8b23) sb      a0, -1770(t6)
core   0: 3 0x80000aa0 (0x90af8b23) mem 0x8001043b 0xa7
core   0: 0x80000aa4 (0xa99f8ca3) sb      s9, -1383(t6)
core   0: 3 0x80000aa4 (0xa99f8ca3) mem 0x800105be 0x9f
core   0: 0x80000aa8 (0x03194db3) div     s11, s2, a7
core   0: 3 0x80000aa8 (0x03194db3) x27 0x00000000
core   0: 0x80000aac (0x2f9f8003) lb      zero, 761(t6)
core   0: 3 0x80000aac (0x2f9f8003) mem 0x80010e1e
core   0: 0x80000ab0 (0x9e9f8623) sb      s1, -1556(t6)
core   0: 3 0x80000ab0 (0x9e9f8623) mem 0x80010511 0xbf
core   0: 0x80000ab4 (0x0305aeb3) mulhsu  t4, a1, a6
core   0: 3 0x80000ab4 (0x0305aeb3) x29 0x00000000
core   0: 0x80000ab8 (0x0000925e) c.add   tp, s7
core   0: 3 0x80000ab8 (0x925e) x4  0xcb2daff7
core   0: 0x80000aba (0x340a1f73) csrrw   t5, mscratch, s4
core   0: 3 0x80000aba (0x340a1f73) x30 0x0000000a c832_mscratch 0x0000000a
core   0: 0x80000abe (0x0056f9b3) and     s3, a3, t0
core   0: 3 0x80000abe (0x0056f9b3) x19 0x00000000
core   0: 0x80000ac2 (0x06c3aa93) slti    s5, t2, 108
core   0: 3 0x80000ac2 (0x06c3aa93) x21 0x00000000
core   0: 0x80000ac6 (0x000087b9) c.srai  a5, 14
core   0: 3 0x80000ac6 (0x87b9) x15 0x00000000
core   0: 0x80000ac8 (0x34007d73) csrrci  s10, mscratch, 0
core   0: 3 0x80000ac8 (0x34007d73) x26 0x0000000a
core   0: 0x80000acc (0x00008d35) c.xor   a0, a3
core   0: 3 0x80000acc (0x8d35) x10 0x80029d83
core   0: 0x80000ace (0x000081e2) c.mv    gp, s8
core   0: 3 0x80000ace (0x81e2) x3  0x000004af
core   0: 0x80000ad0 (0x35f9f313) andi    t1, s3, 863
core   0: 3 0x80000ad0 (0x35f9f313) x6  0x00000000
core   0: 0x80000ad4 (0x00000001) c.nop
core   0: 3 0x80000ad4 (0x0001)
core   0: 0x80000ad6 (0x5dd9e613) ori     a2, s3, 1501
core   0: 3 0x80000ad6 (0x5dd9e613) x12 0x000005dd
core   0: 0x80000ada (0xb4fae413) ori     s0, s5, -1201
core   0: 3 0x80000ada (0xb4fae413) x8  0xfffffb4f
core   0: 0x80000ade (0x3b852613) slti    a2, a0, 952
core   0: 3 0x80000ade (0x3b852613) x12 0x00000001
core   0: 0x80000ae2 (0x03d68ab3) mul     s5, a3, t4
core   0: 3 0x80000ae2 (0x03d68ab3) x21 0x00000000
core   0: 0x80000ae6 (0x006a43b3) xor     t2, s4, t1
core   0: 3 0x80000ae6 (0x006a43b3) x7  0x0000000a
core   0: 0x80000aea (0xfe4f8083) lb      ra, -28(t6)
core   0: 3 0x80000aea (0xfe4f8083) x1  0x0000004a mem 0x80010b09
core   0: 0x80000aee (0xdaaf8b03) lb      s6, -598(t6)
core   0: 3 0x80000aee (0xdaaf8b03) x22 0xffffffa9 mem 0x800108cf
core   0: 0x80000af2 (0x03f891b3) mulh    gp, a7, t6
core   0: 3 0x80000af2 (0x03f891b3) x3  0xffffffce
core   0: 0x80000af6 (0x3a4fc383) lbu     t2, 932(t6)
core   0: 3 0x80000af6 (0x3a4fc383) x7  0x000000ec mem 0x80010ec9
core   0: 0x80000afa (0x00010097) auipc   ra, 0x10
core   0: 3 0x80000afa (0x00010097) x1  0x80010afa
core   0: 0x80000afe (0x1f108093) addi    ra, ra, 497
core   0: 3 0x80000afe (0x1f108093) x1  0x80010ceb
core   0: 0x80000b02 (0x0376e8b3) rem     a7, a3, s7
core   0: 3 0x80000b02 (0x0376e8b3) x17 0xfffffff8
core   0: 0x80000b06 (0xfcb08503) lb      a0, -53(ra)
core   0: 3 0x80000b06 (0xfcb08503) x10 0x0000000f mem 0x80010cb6
core   0: 0x80000b0a (0x0100a4a3) sw      a6, 9(ra)
core   0: 3 0x80000b0a (0x0100a4a3) mem 0x80010cf4 0x0000a712
core   0: 0x80000b0e (0x014a04b3) add     s1, s4, s4
core   0: 3 0x80000b0e (0x014a04b3) x9  0x00000014
core   0: 0x80000b12 (0x40ced333) sra     t1, t4, a2
core   0: 3 0x80000b12 (0x40ced333) x6  0x00000000
core   0: 0x80000b16 (0x034798b3) mulh    a7, a5, s4
core   0: 3 0x80000b16 (0x034798b3) x17 0x00000000
core   0: 0x80000b1a (0x00808403) lb      s0, 8(ra)
core   0: 3 0x80000b1a (0x00808403) x8  0x0000005b mem 0x80010cf3
core   0: 0x80000b1e (0xb7676213) ori     tp, a4, -1162
core   0: 3 0x80000b1e (0xb7676213) x4  0xfffffb76
core   0: 0x80000b22 (0x34007d73) csrrci  s10, mscratch, 0
core   0: 3 0x80000b22 (0x34007d73) x26 0x0000000a
core   0: 0x80000b26 (0xfdf0d483) lhu     s1, -33(ra)
core   0: 3 0x80000b26 (0xfdf0d483) x9  0x00002255 mem 0x80010cca
core   0: 0x80000b2a (0x000067e1) c.lui   a5, 0x18
core   0: 3 0x80000b2a (0x67e1) x15 0x00018000
core   0: 0x80000b2c (0x0120c383) lbu     t2, 18(ra)
core   0: 3 0x80000b2c (0x0120c383) x7  0x00000075 mem 0x80010cfd
core   0: 0x80000b30 (0x34076cf3) csrrsi  s9, mscratch, 14
core   0: 3 0x80000b30 (0x34076cf3) x25 0x0000000a c832_mscratch 0x0000000e
core   0: 0x80000b34 (0x0ff0000f) fence   iorw,iorw
core   0: 3 0x80000b34 (0x0ff0000f)
core   0: 0x80000b38 (0x00008e1d) c.sub   a2, a5
core   0: 3 0x80000b38 (0x8e1d) x12 0xfffe8001
core   0: 0x80000b3a (0xff20ca83) lbu     s5, -14(ra)
core   0: 3 0x80000b3a (0xff20ca83) x21 0x000000df mem 0x80010cdd
core   0: 0x80000b3e (0x0ff0000f) fence   iorw,iorw
core   0: 3 0x80000b3e (0x0ff0000f)
core   0: 0x80000b42 (0xff608883) lb      a7, -10(ra)
core   0: 3 0x80000b42 (0xff608883) x17 0xffffffbf mem 0x80010ce1
core   0: 0x80000b46 (0xfe408003) lb      zero, -28(ra)
core   0: 3 0x80000b46 (0xfe408003) mem 0x80010ccf
core   0: 0x80000b4a (0x014094a3) sh      s4, 9(ra)
core   0: 3 0x80000b4a (0x014094a3) mem 0x80010cf4 0x000a
core   0: 0x80000b4e (0xfe80c703) lbu     a4, -24(ra)
core   0: 3 0x80000b4e (0xfe80c703) x14 0x0000002a mem 0x80010cd3
core   0: 0x80000b52 (0xfc5098a3) sh      t0, -47(ra)
core   0: 3 0x80000b52 (0xfc5098a3) mem 0x80010cbc 0x009a
core   0: 0x80000b56 (0x0180ce83) lbu     t4, 24(ra)
core   0: 3 0x80000b56 (0x0180ce83) x29 0x000000aa mem 0x80010d03
core   0: 0x80000b5a (0x01d08483) lb      s1, 29(ra)
core   0: 3 0x80000b5a (0x01d08483) x9  0x00000036 mem 0x80010d08
core   0: 0x80000b5e (0x023de733) rem     a4, s11, gp
core   0: 3 0x80000b5e (0x023de733) x14 0x00000000
core   0: 0x80000b62 (0x0060cb83) lbu     s7, 6(ra)
core   0: 3 0x80000b62 (0x0060cb83) x23 0x000000e0 mem 0x80010cf1
core   0: 0x80000b66 (0xfd10d783) lhu     a5, -47(ra)
core   0: 3 0x80000b66 (0xfd10d783) x15 0x0000009a mem 0x80010cbc
core   0: 0x80000b6a (0x00010f97) auipc   t6, 0x10
core   0: 3 0x80000b6a (0x00010f97) x31 0x80010b6a
core   0: 0x80000b6e (0xed2f8f93) addi    t6, t6, -302
core   0: 3 0x80000b6e (0xed2f8f93) x31 0x80010a3c
core   0: 0x80000b72 (0x3f47c613) xori    a2, a5, 1012
core   0: 3 0x80000b72 (0x3f47c613) x12 0x0000036e
core   0: 0x80000b76 (0x7e91e613) ori     a2, gp, 2025
core   0: 3 0x80000b76 (0x7e91e613) x12 0xffffffef
core   0: 0x80000b7a (0x32f13b13) sltiu   s6, sp, 815
core   0: 3 0x80000b7a (0x32f13b13) x22 0x00000000
core   0: 0x80000b7e (0x00480633) add     a2, a6, tp
core   0: 3 0x80000b7e (0x00480633) x12 0x0000a288
core   0: 0x80000b82 (0x025f86a3) sb      t0, 45(t6)
core   0: 3 0x80000b82 (0x025f86a3) mem 0x80010a69 0x9a
core   0: 0x80000b86 (0x00dfcf03) lbu     t5, 13(t6)
core   0: 3 0x80000b86 (0x00dfcf03) x30 0x000000f0 mem 0x80010a49
core   0: 0x80000b8a (0x003f88a3) sb      gp, 17(t6)
core   0: 3 0x80000b8a (0x003f88a3) mem 0x80010a4d 0xce
core   0: 0x80000b8e (0x007f8ca3) sb      t2, 25(t6)
core   0: 3 0x80000b8e (0x007f8ca3) mem 0x80010a55 0x75
core   0: 0x80000b92 (0x029fcb83) lbu     s7, 41(t6)
core   0: 3 0x80000b92 (0x029fcb83) x23 0x000000d4 mem 0x80010a65
core   0: 0x80000b96 (0x41cdd4b3) sra     s1, s11, t3
core   0: 3 0x80000b96 (0x41cdd4b3) x9  0x00000000
core   0: 0x80000b9a (0x012c61b3) or      gp, s8, s2
core   0: 3 0x80000b9a (0x012c61b3) x3  0xffffffef
core   0: 0x80000b9e (0x00df8603) lb      a2, 13(t6)
core   0: 3 0x80000b9e (0x00df8603) x12 0xfffffff0 mem 0x80010a49
core   0: 0x80000ba2 (0x03ecb033) mulhu   zero, s9, t5
core   0: 3 0x80000ba2 (0x03ecb033)
core   0: 0x80000ba6 (0x02af9523) sh      a0, 42(t6)
core   0: 3 0x80000ba6 (0x02af9523) mem 0x80010a66 0x000f
core   0: 0x80000baa (0xfdffc303) lbu     t1, -33(t6)
core   0: 3 0x80000baa (0xfdffc303) x6  0x000000c8 mem 0x80010a1b
core   0: 0x80000bae (0x41fc5313) srai    t1, s8, 31
core   0: 3 0x80000bae (0x41fc5313) x6  0x00000000
core   0: 0x80000bb2 (0x34003873) csrrc   a6, mscratch, zero
core   0: 3 0x80000bb2 (0x34003873) x16 0x0000000e
core   0: 0x80000bb6 (0x006fcc03) lbu     s8, 6(t6)
core   0: 3 0x80000bb6 (0x006fcc03) x24 0x000000e8 mem 0x80010a42
core   0: 0x80000bba (0xfe3fca83) lbu     s5, -29(t6)
core   0: 3 0x80000bba (0xfe3fca83) x21 0x000000c9 mem 0x80010a1f
core   0: 0x80000bbe (0xfe3fce83) lbu     t4, -29(t6)
core   0: 3 0x80000bbe (0xfe3fce83) x29 0x000000c9 mem 0x80010a1f
core   0: 0x80000bc2 (0x0206e9b3) rem     s3, a3, zero
core   0: 3 0x80000bc2 (0x0206e9b3) x19 0x80029d24
core   0: 0x80000bc6 (0x01ef8503) lb      a0, 30(t6)
core   0: 3 0x80000bc6 (0x01ef8503) x10 0xffffffe0 mem 0x80010a5a
core   0: 0x80000bca (0x5ceead13) slti    s10, t4, 1486
core   0: 3 0x80000bca (0x5ceead13) x26 0x00000001
core   0: 0x80000bce (0xfdcf8da3) sb      t3, -37(t6)
core   0: 3 0x80000bce (0xfdcf8da3) mem 0x80010a17 0xa4
core   0: 0x80000bd2 (0x6dd30213) addi    tp, t1, 1757
core   0: 3 0x80000bd2 (0x6dd30213) x4  0x000006dd
core   0: 0x80000bd6 (0x014fa303) lw      t1, 20(t6)
core   0: 3 0x80000bd6 (0x014fa303) x6  0xa19ed219 mem 0x80010a50
core   0: 0x80000bda (0x00008cdd) c.or    s1, a5
core   0: 3 0x80000bda (0x8cdd) x9  0x0000009a
core   0: 0x80000bdc (0x035f9733) mulh    a4, t6, s5
core   0: 3 0x80000bdc (0x035f9733) x14 0xffffff9b
core   0: 0x80000be0 (0xfcbfcd03) lbu     s10, -53(t6)
core   0: 3 0x80000be0 (0xfcbfcd03) x26 0x00000029 mem 0x80010a07
core   0: 0x80000be4 (0xfeaf85a3) sb      a0, -21(t6)
core   0: 3 0x80000be4 (0xfeaf85a3) mem 0x80010a27 0xe0
core   0: 0x80000be8 (0x03af81a3) sb      s10, 35(t6)
core   0: 3 0x80000be8 (0x03af81a3) mem 0x80010a5f 0x29
core   0: 0x80000bec (0xfe4f9623) sh      tp, -20(t6)
core   0: 3 0x80000bec (0xfe4f9623) mem 0x80010a28 0x06dd
core   0: 0x80000bf0 (0x00013197) auipc   gp, 0x13
core   0: 3 0x80000bf0 (0x00013197) x3  0x80013bf0
core   0: 0x80000bf4 (0x1fb18193) addi    gp, gp, 507
core   0: 3 0x80000bf4 (0x1fb18193) x3  0x80013deb
core   0: 0x80000bf8 (0x0cb19003) lh      zero, 203(gp)
core   0: 3 0x80000bf8 (0x0cb19003) mem 0x80013eb6
core   0: 0x80000bfc (0x42c92013) slti    zero, s2, 1068
core   0: 3 0x80000bfc (0x42c92013)
core   0: 0x80000c00 (0xf0a18c23) sb      a0, -232(gp)
core   0: 3 0x80000c00 (0xf0a18c23) mem 0x80013d03 0xe0
core   0: 0x80000c04 (0x00000001) c.nop
core   0: 3 0x80000c04 (0x0001)
core   0: 0x80000c06 (0x0a818583) lb      a1, 168(gp)
core   0: 3 0x80000c06 (0x0a818583) x11 0xffffff87 mem 0x80013e93
core   0: 0x80000c0a (0xf851a603) lw      a2, -123(gp)
core   0: 3 0x80000c0a (0xf851a603) x12 0xc70c1c5d mem 0x80013d70
core   0: 0x80000c0e (0x00008c91) c.sub   s1, a2
core   0: 3 0x80000c0e (0x8c91) x9  0x38f3e43d
core   0: 0x80000c10 (0x0124fa33) and     s4, s1, s2
core   0: 3 0x80000c10 (0x0124fa33) x20 0x38f3e40c
core   0: 0x80000c14 (0x0000039e) c.slli  t2, 7
core   0: 3 0x80000c14 (0x039e) x7  0x00003a80
core   0: 0x80000c16 (0x01015393) srli    t2, sp, 16
core   0: 3 0x80000c16 (0x01015393) x7  0x0000fc65
core   0: 0x80000c1a (0x00f1cd03) lbu     s10, 15(gp)
core   0: 3 0x80000c1a (0x00f1cd03) x26 0x000000ca mem 0x80013dfa
core   0: 0x80000c1e (0x0d71dd03) lhu     s10, 215(gp)
core   0: 3 0x80000c1e (0x0d71dd03) x26 0x00002f9b mem 0x80013ec2
core   0: 0x80000c22 (0x0211d603) lhu     a2, 33(gp)
core   0: 3 0x80000c22 (0x0211d603) x12 0x0000b07f mem 0x80013e0c
core   0: 0x80000c26 (0x0382d833) divu    a6, t0, s8
core   0: 3 0x80000c26 (0x0382d833) x16 0x00000000
core   0: 0x80000c2a (0x00005bfd) c.li    s7, -1
core   0: 3 0x80000c2a (0x5bfd) x23 0xffffffff
core   0: 0x80000c2c (0xf0718f23) sb      t2, -226(gp)
core   0: 3 0x80000c2c (0xf0718f23) mem 0x80013d09 0x65
core   0: 0x80000c30 (0x0fd1c303) lbu     t1, 253(gp)
core   0: 3 0x80000c30 (0x0fd1c303) x6  0x00000025 mem 0x80013ee8
core   0: 0x80000c34 (0x05618c83) lb      s9, 86(gp)
core   0: 3 0x80000c34 (0x05618c83) x25 0xfffffffb mem 0x80013e41
core   0: 0x80000c38 (0x05c18983) lb      s3, 92(gp)
core   0: 3 0x80000c38 (0x05c18983) x19 0xffffffb3 mem 0x80013e47
core   0: 0x80000c3c (0x02718423) sb      t2, 40(gp)
core   0: 3 0x80000c3c (0x02718423) mem 0x80013e13 0x65
core   0: 0x80000c40 (0xf3c19ea3) sh      t3, -195(gp)
core   0: 3 0x80000c40 (0xf3c19ea3) mem 0x80013d28 0x5ea4
core   0: 0x80000c44 (0x00e94633) xor     a2, s2, a4
core   0: 3 0x80000c44 (0x00e94633) x12 0x00000055
core   0: 0x80000c48 (0xfe51c603) lbu     a2, -27(gp)
core   0: 3 0x80000c48 (0xfe51c603) x12 0x000000a8 mem 0x80013dd0
core   0: 0x80000c4c (0xfb918723) sb      s9, -82(gp)
core   0: 3 0x80000c4c (0xfb918723) mem 0x80013d99 0xfb
core   0: 0x80000c50 (0x01cc3cb3) sltu    s9, s8, t3
core   0: 3 0x80000c50 (0x01cc3cb3) x25 0x00000001
core   0: 0x80000c54 (0xfcd18f83) lb      t6, -51(gp)
core   0: 3 0x80000c54 (0xfcd18f83) x31 0xffffff84 mem 0x80013db8
core   0: 0x80000c58 (0x09a18d03) lb      s10, 154(gp)
core   0: 3 0x80000c58 (0x09a18d03) x26 0x00000031 mem 0x80013e85
core   0: 0x80000c5c (0x340034f3) csrrc   s1, mscratch, zero
core   0: 3 0x80000c5c (0x340034f3) x9  0x0000000e
core   0: 0x80000c60 (0xfcc18ca3) sb      a2, -39(gp)
core   0: 3 0x80000c60 (0xfcc18ca3) mem 0x80013dc4 0xa8
core   0: 0x80000c64 (0x00000001) c.nop
core   0: 3 0x80000c64 (0x0001)
core   0: 0x80000c66 (0x0d21c583) lbu     a1, 210(gp)
core   0: 3 0x80000c66 (0x0d21c583) x11 0x0000006c mem 0x80013ebd
core   0: 0x80000c6a (0x02e9e233) rem     tp, s3, a4
core   0: 3 0x80000c6a (0x02e9e233) x4  0xffffffb3
core   0: 0x80000c6e (0x04f18b03) lb      s6, 79(gp)
core   0: 3 0x80000c6e (0x04f18b03) x22 0x00000020 mem 0x80013e3a
core   0: 0x80000c72 (0x000081e1) c.srli  a1, 24
core   0: 3 0x80000c72 (0x81e1) x11 0x00000000
core   0: 0x80000c74 (0x0bd18483) lb      s1, 189(gp)
core   0: 3 0x80000c74 (0x0bd18483) x9  0x00000028 mem 0x80013ea8
core   0: 0x80000c78 (0x0af1c383) lbu     t2, 175(gp)
core   0: 3 0x80000c78 (0x0af1c383) x7  0x000000f8 mem 0x80013e9a
core   0: 0x80000c7c (0xfaf18f83) lb      t6, -81(gp)
core   0: 3 0x80000c7c (0xfaf18f83) x31 0xffffffd5 mem 0x80013d9a
core   0: 0x80000c80 (0x0f618083) lb      ra, 246(gp)
core   0: 3 0x80000c80 (0x0f618083) x1  0x0000001a mem 0x80013ee1
core   0: 0x80000c84 (0x00010a17) auipc   s4, 0x10
core   0: 3 0x80000c84 (0x00010a17) x20 0x80010c84
core   0: 0x80000c88 (0xcfba0a13) addi    s4, s4, -773
core   0: 3 0x80000c88 (0xcfba0a13) x20 0x8001097f
core   0: 0x80000c8c (0xfc8a0603) lb      a2, -56(s4)
core   0: 3 0x80000c8c (0xfc8a0603) x12 0x00000033 mem 0x80010947
core   0: 0x80000c90 (0x0354e633) rem     a2, s1, s5
core   0: 3 0x80000c90 (0x0354e633) x12 0x00000028
core   0: 0x80000c94 (0x001a1483) lh      s1, 1(s4)
core   0: 3 0x80000c94 (0x001a1483) x9  0xffff905f mem 0x80010980
core   0: 0x80000c98 (0xffba19a3) sh      s11, -13(s4)
core   0: 3 0x80000c98 (0xffba19a3) mem 0x80010972 0x0000
core   0: 0x80000c9c (0xfeba5183) lhu     gp, -21(s4)
core   0: 3 0x80000c9c (0xfeba5183) x3  0x00003c6b mem 0x8001096a
core   0: 0x80000ca0 (0x02aa0023) sb      a0, 32(s4)
core   0: 3 0x80000ca0 (0x02aa0023) mem 0x8001099f 0xe0
core   0: 0x80000ca4 (0xffaa0003) lb      zero, -6(s4)
core   0: 3 0x80000ca4 (0xffaa0003) mem 0x80010979
core   0: 0x80000ca8 (0xfc1a1983) lh      s3, -63(s4)
core   0: 3 0x80000ca8 (0xfc1a1983) x19 0x00002950 mem 0x80010940
core   0: 0x80000cac (0xfdca4283) lbu     t0, -36(s4)
core   0: 3 0x80000cac (0xfdca4283) x5  0x00000061 mem 0x8001095b
core   0: 0x80000cb0 (0x029a0ea3) sb      s1, 61(s4)
core   0: 3 0x80000cb0 (0x029a0ea3) mem 0x800109bc 0x5f
core   0: 0x80000cb4 (0x340c33f3) csrrc   t2, mscratch, s8
core   0: 3 0x80000cb4 (0x340c33f3) x7  0x0000000e c832_mscratch 0x00000006
core   0: 0x80000cb8 (0xfdda1603) lh      a2, -35(s4)
core   0: 3 0x80000cb8 (0xfdda1603) x12 0x000007e5 mem 0x8001095c
core   0: 0x80000cbc (0x0237e833) rem     a6, a5, gp
core   0: 3 0x80000cbc (0x0237e833) x16 0x0000009a
core   0: 0x80000cc0 (0xff6a4183) lbu     gp, -10(s4)
core   0: 3 0x80000cc0 (0xff6a4183) x3  0x0000002b mem 0x80010975
core   0: 0x80000cc4 (0xfe3a0323) sb      gp, -26(s4)
core   0: 3 0x80000cc4 (0xfe3a0323) mem 0x80010965 0x2b
core   0: 0x80000cc8 (0xfdda5c03) lhu     s8, -35(s4)
core   0: 3 0x80000cc8 (0xfdda5c03) x24 0x000007e5 mem 0x8001095c
core   0: 0x80000ccc (0xfd5a5303) lhu     t1, -43(s4)
core   0: 3 0x80000ccc (0xfd5a5303) x6  0x000082e2 mem 0x80010954
core   0: 0x80000cd0 (0x03ea0523) sb      t5, 42(s4)
core   0: 3 0x80000cd0 (0x03ea0523) mem 0x800109a9 0xf0
core   0: 0x80000cd4 (0x00008e21) c.xor   a2, s0
core   0: 3 0x80000cd4 (0x8e21) x12 0x000007be
core   0: 0x80000cd6 (0xfefa1583) lh      a1, -17(s4)
core   0: 3 0x80000cd6 (0xfefa1583) x11 0xfffff38c mem 0x8001096e
core   0: 0x80000cda (0xff8a4783) lbu     a5, -8(s4)
core   0: 3 0x80000cda (0xff8a4783) x15 0x0000008f mem 0x80010977
core   0: 0x80000cde (0x000081c6) c.mv    gp, a7
core   0: 3 0x80000cde (0x81c6) x3  0xffffffbf
core   0: 0x80000ce0 (0x340060f3) csrrsi  ra, mscratch, 0
core   0: 3 0x80000ce0 (0x340060f3) x1  0x00000006
core   0: 0x80000ce4 (0x026a19a3) sh      t1, 51(s4)
core   0: 3 0x80000ce4 (0x026a19a3) mem 0x800109b2 0x82e2
core   0: 0x80000ce8 (0xffda2503) lw      a0, -3(s4)
core   0: 3 0x80000ce8 (0xffda2503) x10 0xe2a83ac9 mem 0x8001097c
core   0: 0x80000cec (0x00a6b833) sltu    a6, a3, a0
core   0: 3 0x80000cec (0x00a6b833) x16 0x00000001
core   0: 0x80000cf0 (0xfe6a1fa3) sh      t1, -1(s4)
core   0: 3 0x80000cf0 (0xfe6a1fa3) mem 0x8001097e 0x82e2
core   0: 0x80000cf4 (0xff5a0ba3) sb      s5, -9(s4)
core   0: 3 0x80000cf4 (0xff5a0ba3) mem 0x80010976 0xc9
core   0: 0x80000cf8 (0x521cd437) lui     s0, 0x521cd
core   0: 3 0x80000cf8 (0x521cd437) x8  0x521cd000
core   0: 0x80000cfc (0x00da0323) sb      a3, 6(s4)
core   0: 3 0x80000cfc (0x00da0323) mem 0x80010985 0x24
core   0: 0x80000d00 (0xb6faa193) slti    gp, s5, -1169
core   0: 3 0x80000d00 (0xb6faa193) x3  0x00000000
core   0: 0x80000d04 (0xfdca0d23) sb      t3, -38(s4)
core   0: 3 0x80000d04 (0xfdca0d23) mem 0x80010959 0xa4
core   0: 0x80000d08 (0x00fa0223) sb      a5, 4(s4)
core   0: 3 0x80000d08 (0x00fa0223) mem 0x80010983 0x8f
core   0: 0x80000d0c (0x03ba30b3) mulhu   ra, s4, s11
core   0: 3 0x80000d0c (0x03ba30b3) x1  0x00000000
core   0: 0x80000d10 (0x03fa4e83) lbu     t4, 63(s4)
core   0: 3 0x80000d10 (0x03fa4e83) x29 0x0000003a mem 0x800109be
core   0: 0x80000d14 (0x02ea0783) lb      a5, 46(s4)
core   0: 3 0x80000d14 (0x02ea0783) x15 0x00000011 mem 0x800109ad
core   0: 0x80000d18 (0xe0003937) lui     s2, 0xe0003
core   0: 3 0x80000d18 (0xe0003937) x18 0xe0003000
core   0: 0x80000d1c (0x34003473) csrrc   s0, mscratch, zero
core   0: 3 0x80000d1c (0x34003473) x8  0x00000006
core   0: 0x80000d20 (0x00006e8d) c.lui   t4, 0x3
core   0: 3 0x80000d20 (0x6e8d) x29 0x00003000
core   0: 0x80000d22 (0x340edf73) csrrwi  t5, mscratch, 29
core   0: 3 0x80000d22 (0x340edf73) x30 0x00000006 c832_mscratch 0x0000001d
core   0: 0x80000d26 (0x9b1de293) ori     t0, s11, -1615
core   0: 3 0x80000d26 (0x9b1de293) x5  0xfffff9b1
core   0: 0x80000d2a (0xfc4a1da3) sh      tp, -37(s4)
core   0: 3 0x80000d2a (0xfc4a1da3) mem 0x8001095a 0xffb3
core   0: 0x80000d2e (0x00010c97) auipc   s9, 0x10
core   0: 3 0x80000d2e (0x00010c97) x25 0x80010d2e
core   0: 0x80000d32 (0x2ccc8c93) addi    s9, s9, 716
core   0: 3 0x80000d32 (0x2ccc8c93) x25 0x80010ffa
core   0: 0x80000d36 (0xfd2c85a3) sb      s2, -53(s9)
core   0: 3 0x80000d36 (0xfd2c85a3) mem 0x80010fc5 0x00
core   0: 0x80000d3a (0x41678833) sub     a6, a5, s6
core   0: 3 0x80000d3a (0x41678833) x16 0xfffffff1
core   0: 0x80000d3e (0xf2ac9e83) lh      t4, -214(s9)
core   0: 3 0x80000d3e (0xf2ac9e83) x29 0xffffba2d mem 0x80010f24
core   0: 0x80000d42 (0x040c82a3) sb      zero, 69(s9)
core   0: 3 0x80000d42 (0x040c82a3) mem 0x8001103f 0x00
core   0: 0x80000d46 (0x029c8c03) lb      s8, 41(s9)
core   0: 3 0x80000d46 (0x029c8c03) x24 0xffffff8b mem 0x80011023
core   0: 0x80000d4a (0x003024b3) slt     s1, zero, gp
core   0: 3 0x80000d4a (0x003024b3) x9  0x00000000
core   0: 0x80000d4e (0xf9eca483) lw      s1, -98(s9)
core   0: 3 0x80000d4e (0xf9eca483) x9  0xf9787a8a mem 0x80010f98
core   0: 0x80000d52 (0xf8dc8903) lb      s2, -115(s9)
core   0: 3 0x80000d52 (0xf8dc8903) x18 0x0000004d mem 0x80010f87
core   0: 0x80000d56 (0x41575793) srai    a5, a4, 21
core   0: 3 0x80000d56 (0x41575793) x15 0xffffffff
core   0: 0x80000d5a (0x02bf8233) mul     tp, t6, a1
core   0: 3 0x80000d5a (0x02bf8233) x4  0x0002177c
core   0: 0x80000d5e (0x00c03733) snez    a4, a2
core   0: 3 0x80000d5e (0x00c03733) x14 0x00000001
core   0: 0x80000d62 (0x02724433) div     s0, tp, t2
core   0: 3 0x80000d62 (0x02724433) x8  0x0000263f
core   0: 0x80000d66 (0xf0dc9423) sh      a3, -248(s9)
core   0: 3 0x80000d66 (0xf0dc9423) mem 0x80010f02 0x9d24
core   0: 0x80000d6a (0xf15cce83) lbu     t4, -235(s9)
core   0: 3 0x80000d6a (0xf15cce83) x29 0x0000000f mem 0x80010f0f
core   0: 0x80000d6e (0x03b77db3) remu    s11, a4, s11
core   0: 3 0x80000d6e (0x03b77db3) x27 0x00000001
core   0: 0x80000d72 (0x01e878b3) and     a7, a6, t5
core   0: 3 0x80000d72 (0x01e878b3) x17 0x00000000
core   0: 0x80000d76 (0x02734233) div     tp, t1, t2
core   0: 3 0x80000d76 (0x02734233) x4  0x00000959
core   0: 0x80000d7a (0x71e93313) sltiu   t1, s2, 1822
core   0: 3 0x80000d7a (0x71e93313) x6  0x00000001
core   0: 0x80000d7e (0x34016d73) csrrsi  s10, mscratch, 2
core   0: 3 0x80000d7e (0x34016d73) x26 0x0000001d c832_mscratch 0x0000001f
core   0: 0x80000d82 (0x402c0d33) sub     s10, s8, sp
core   0: 3 0x80000d82 (0x402c0d33) x26 0x039a0c33
core   0: 0x80000d86 (0xf07c8603) lb      a2, -249(s9)
core   0: 3 0x80000d86 (0xf07c8603) x12 0x00000075 mem 0x80010f01
core   0: 0x80000d8a (0x03ac8aa3) sb      s10, 53(s9)
core   0: 3 0x80000d8a (0x03ac8aa3) mem 0x8001102f 0x33
core   0: 0x80000d8e (0xf19c8403) lb      s0, -231(s9)
core   0: 3 0x80000d8e (0xf19c8403) x8  0x00000032 mem 0x80010f13
core   0: 0x80000d92 (0x00a59813) slli    a6, a1, 10
core   0: 3 0x80000d92 (0x00a59813) x16 0xffce3000
core   0: 0x80000d96 (0x011a1ab3) sll     s5, s4, a7
core   0: 3 0x80000d96 (0x011a1ab3) x21 0x8001097f
core   0: 0x80000d9a (0xf5ac9083) lh      ra, -166(s9)
core   0: 3 0x80000d9a (0xf5ac9083) x1  0xffffae22 mem 0x80010f54
core   0: 0x80000d9e (0x02ecc783) lbu     a5, 46(s9)
core   0: 3 0x80000d9e (0x02ecc783) x15 0x000000ac mem 0x80011028
core   0: 0x80000da2 (0x0ff0000f) fence   iorw,iorw
core   0: 3 0x80000da2 (0x0ff0000f)
core   0: 0x80000da6 (0xf62c89a3) sb      sp, -141(s9)
core   0: 3 0x80000da6 (0xf62c89a3) mem 0x80010f6d 0x58
core   0: 0x80000daa (0x00008739) c.srai  a4, 14
core   0: 3 0x80000daa (0x8739) x14 0x00000000
core   0: 0x80000dac (0xeec62793) slti    a5, a2, -276
core   0: 3 0x80000dac (0xeec62793) x15 0x00000000
core   0: 0x80000db0 (0xf30cda03) lhu     s4, -208(s9)
core   0: 3 0x80000db0 (0xf30cda03) x20 0x0000a0f6 mem 0x80010f2a
core   0: 0x80000db4 (0x00009bfd) c.andi  a5, -1
core   0: 3 0x80000db4 (0x9bfd) x15 0x00000000
core   0: 0x80000db6 (0x00000001) c.nop
core   0: 3 0x80000db6 (0x0001)
core   0: 0x80000db8 (0xf88cc203) lbu     tp, -120(s9)
core   0: 3 0x80000db8 (0xf88cc203) x4  0x000000e2 mem 0x80010f82
core   0: 0x80000dbc (0x000088ce) c.mv    a7, s3
core   0: 3 0x80000dbc (0x88ce) x17 0x00002950
core   0: 0x80000dbe (0x00000955) c.addi  s2, 21
core   0: 3 0x80000dbe (0x0955) x18 0x00000062
core   0: 0x80000dc0 (0xfa6c9a23) sh      t1, -76(s9)
core   0: 3 0x80000dc0 (0xfa6c9a23) mem 0x80010fae 0x0001
core   0: 0x80000dc4 (0xfa6c88a3) sb      t1, -79(s9)
core   0: 3 0x80000dc4 (0xfa6c88a3) mem 0x80010fab 0x01
core   0: 0x80000dc8 (0xf6fc8c03) lb      s8, -145(s9)
core   0: 3 0x80000dc8 (0xf6fc8c03) x24 0xffffff80 mem 0x80010f69
core   0: 0x80000dcc (0x00000001) c.nop
core   0: 3 0x80000dcc (0x0001)
core   0: 0x80000dce (0x00008d09) c.sub   a0, a0
core   0: 3 0x80000dce (0x8d09) x10 0x00000000
core   0: 0x80000dd0 (0x0000997d) c.andi  a0, -1
core   0: 3 0x80000dd0 (0x997d) x10 0x00000000
core   0: 0x80000dd2 (0xf45c8403) lb      s0, -187(s9)
core   0: 3 0x80000dd2 (0xf45c8403) x8  0xffffffc9 mem 0x80010f3f
core   0: 0x80000dd6 (0x00000001) c.nop
core   0: 3 0x80000dd6 (0x0001)
core   0: 0x80000dd8 (0x00004a71) c.li    s4, 28
core   0: 3 0x80000dd8 (0x4a71) x20 0x0000001c
core   0: 0x80000dda (0x027cce83) lbu     t4, 39(s9)
core   0: 3 0x80000dda (0x027cce83) x29 0x00000050 mem 0x80011021
core   0: 0x80000dde (0x00010297) auipc   t0, 0x10
core   0: 3 0x80000dde (0x00010297) x5  0x80010dde
core   0: 0x80000de2 (0x25328293) addi    t0, t0, 595
core   0: 3 0x80000de2 (0x25328293) x5  0x80011031
core   0: 0x80000de6 (0xfc028603) lb      a2, -64(t0)
core   0: 3 0x80000de6 (0xfc028603) x12 0x00000049 mem 0x80010ff1
core   0: 0x80000dea (0xf6828983) lb      s3, -152(t0)
core   0: 3 0x80000dea (0xf6828983) x19 0x0000007a mem 0x80010f99
core   0: 0x80000dee (0xf6d2df83) lhu     t6, -147(t0)
core   0: 3 0x80000dee (0xf6d2df83) x31 0x0000a6c2 mem 0x80010f9e
core   0: 0x80000df2 (0x036bacb3) mulhsu  s9, s7, s6
core   0: 3 0x80000df2 (0x036bacb3) x25 0xffffffff
core   0: 0x80000df6 (0x00000652) c.slli  a2, 20
core   0: 3 0x80000df6 (0x0652) x12 0x04900000
core   0: 0x80000df8 (0xf002c903) lbu     s2, -256(t0)
core   0: 3 0x80000df8 (0xf002c903) x18 0x0000009f mem 0x80010f31
core   0: 0x80000dfc (0xf0628003) lb      zero, -250(t0)
core   0: 3 0x80000dfc (0xf0628003) mem 0x80010f37
core   0: 0x80000e00 (0x021211b3) mulh    gp, tp, ra
core   0: 3 0x80000e00 (0x021211b3) x3  0xffffffff
core   0: 0x80000e04 (0x013aea33) or      s4, s5, s3
core   0: 3 0x80000e04 (0x013aea33) x20 0x8001097f
core   0: 0x80000e08 (0x00000001) c.nop
core   0: 3 0x80000e08 (0x0001)
core   0: 0x80000e0a (0x03b57db3) remu    s11, a0, s11
core   0: 3 0x80000e0a (0x03b57db3) x27 0x00000000
core   0: 0x80000e0e (0x0000100f) fence.i
core   0: 3 0x80000e0e (0x0000100f)
core   0: 0x80000e12 (0xf6a28a83) lb      s5, -150(t0)
core   0: 3 0x80000e12 (0xf6a28a83) x21 0xfffffff9 mem 0x80010f9b
core   0: 0x80000e16 (0x41de8bb3) sub     s7, t4, t4
core   0: 3 0x80000e16 (0x41de8bb3) x23 0x00000000
core   0: 0x80000e1a (0xfc3281a3) sb      gp, -61(t0)
core   0: 3 0x80000e1a (0xfc3281a3) mem 0x80010ff4 0xff
core   0: 0x80000e1e (0x00a28c03) lb      s8, 10(t0)
core   0: 3 0x80000e1e (0x00a28c03) x24 0x00000034 mem 0x8001103b
core   0: 0x80000e22 (0xf4c28603) lb      a2, -180(t0)
core   0: 3 0x80000e22 (0xf4c28603) x12 0x0000000d mem 0x80010f7d
core   0: 0x80000e26 (0x0158d8b3) srl     a7, a7, s5
core   0: 3 0x80000e26 (0x0158d8b3) x17 0x00000000
core   0: 0x80000e2a (0x008b3eb3) sltu    t4, s6, s0
core   0: 3 0x80000e2a (0x008b3eb3) x29 0x00000001
core   0: 0x80000e2e (0x00008c91) c.sub   s1, a2
core   0: 3 0x80000e2e (0x8c91) x9  0xf9787a7d
core   0: 0x80000e30 (0xf2828203) lb      tp, -216(t0)
core   0: 3 0x80000e30 (0xf2828203) x4  0xffffff9a mem 0x80010f59
core   0: 0x80000e34 (0x715414b7) lui     s1, 0x71541
core   0: 3 0x80000e34 (0x715414b7) x9  0x71541000
core   0: 0x80000e38 (0xfa82cd83) lbu     s11, -88(t0)
core   0: 3 0x80000e38 (0xfa82cd83) x27 0x00000006 mem 0x80010fd9
core   0: 0x80000e3c (0x005ba333) slt     t1, s7, t0
core   0: 3 0x80000e3c (0x005ba333) x6  0x00000000
core   0: 0x80000e40 (0x4eaac413) xori    s0, s5, 1258
core   0: 3 0x80000e40 (0x4eaac413) x8  0xfffffb13
core   0: 0x80000e44 (0xf5929f03) lh      t5, -167(t0)
core   0: 3 0x80000e44 (0xf5929f03) x30 0xfffff04d mem 0x80010f8a
core   0: 0x80000e48 (0x00008bd5) c.andi  a5, 21
core   0: 3 0x80000e48 (0x8bd5) x15 0x00000000
core   0: 0x80000e4a (0x340df7f3) csrrci  a5, mscratch, 27
core   0: 3 0x80000e4a (0x340df7f3) x15 0x0000001f c832_mscratch 0x00000004
core   0: 0x80000e4e (0xfbe281a3) sb      t5, -93(t0)
core   0: 3 0x80000e4e (0xfbe281a3) mem 0x80010fd4 0x4d
core   0: 0x80000e52 (0x3407fa73) csrrci  s4, mscratch, 15
core   0: 3 0x80000e52 (0x3407fa73) x20 0x00000004 c832_mscratch 0x00000000
core   0: 0x80000e56 (0x01fb1013) slli    zero, s6, 31
core   0: 3 0x80000e56 (0x01fb1013)
core   0: 0x80000e5a (0x00000001) c.nop
core   0: 3 0x80000e5a (0x0001)
core   0: 0x80000e5c (0x40b45193) srai    gp, s0, 11
core   0: 3 0x80000e5c (0x40b45193) x3  0xffffffff
core   0: 0x80000e60 (0xf0428603) lb      a2, -252(t0)
core   0: 3 0x80000e60 (0xf0428603) x12 0xffffffdf mem 0x80010f35
core   0: 0x80000e64 (0x0000fd17) auipc   s10, 0xf
core   0: 3 0x80000e64 (0x0000fd17) x26 0x8000fe64
core   0: 0x80000e68 (0x2d5d0d13) addi    s10, s10, 725
core   0: 3 0x80000e68 (0x2d5d0d13) x26 0x80010139
core   0: 0x80000e6c (0x03ad0b03) lb      s6, 58(s10)
core   0: 3 0x80000e6c (0x03ad0b03) x22 0xffffffff mem 0x80010173
core   0: 0x80000e70 (0x00000001) c.nop
core   0: 3 0x80000e70 (0x0001)
core   0: 0x80000e72 (0x03cd21a3) sw      t3, 35(s10)
core   0: 3 0x80000e72 (0x03cd21a3) mem 0x8001015c 0x80025ea4
core   0: 0x80000e76 (0xfced0923) sb      a4, -46(s10)
core   0: 3 0x80000e76 (0xfced0923) mem 0x8001010b 0x00
core   0: 0x80000e7a (0x01ed0783) lb      a5, 30(s10)
core   0: 3 0x80000e7a (0x01ed0783) x15 0xfffffff3 mem 0x80010157
core   0: 0x80000e7e (0x000014fd) c.addi  s1, -1
core   0: 3 0x80000e7e (0x14fd) x9  0x71540fff
core   0: 0x80000e80 (0x0368efb3) rem     t6, a7, s6
core   0: 3 0x80000e80 (0x0368efb3) x31 0x00000000
core   0: 0x80000e84 (0x018d4883) lbu     a7, 24(s10)
core   0: 3 0x80000e84 (0x018d4883) x17 0x0000001f mem 0x80010151
core   0: 0x80000e88 (0x001d0b83) lb      s7, 1(s10)
core   0: 3 0x80000e88 (0x001d0b83) x23 0xffffff85 mem 0x8001013a
core   0: 0x80000e8c (0x000083c9) c.srli  a5, 18
core   0: 3 0x80000e8c (0x83c9) x15 0x00003fff
core   0: 0x80000e8e (0x418e5ab3) sra     s5, t3, s8
core   0: 3 0x80000e8e (0x418e5ab3) x21 0xfffff800
core   0: 0x80000e92 (0xfd9d4383) lbu     t2, -39(s10)
core   0: 3 0x80000e92 (0xfd9d4383) x7  0x00000043 mem 0x80010112
core   0: 0x80000e96 (0x3402d373) csrrwi  t1, mscratch, 5
core   0: 3 0x80000e96 (0x3402d373) x6  0x00000000 c832_mscratch 0x00000005
core   0: 0x80000e9a (0xfccd4283) lbu     t0, -52(s10)
core   0: 3 0x80000e9a (0xfccd4283) x5  0x000000b2 mem 0x80010105
core   0: 0x80000e9e (0xfd1d5303) lhu     t1, -47(s10)
core   0: 3 0x80000e9e (0xfd1d5303) x6  0x000000c3 mem 0x8001010a
core   0: 0x80000ea2 (0x0154dd93) srli    s11, s1, 21
core   0: 3 0x80000ea2 (0x0154dd93) x27 0x0000038a
core   0: 0x80000ea6 (0x00606f33) or      t5, zero, t1
core   0: 3 0x80000ea6 (0x00606f33) x30 0x000000c3
core   0: 0x80000eaa (0xff1d1003) lh      zero, -15(s10)
core   0: 3 0x80000eaa (0xff1d1003) mem 0x8001012a
core   0: 0x80000eae (0x00009f8e) c.add   t6, gp
core   0: 3 0x80000eae (0x9f8e) x31 0xffffffff
core   0: 0x80000eb0 (0x011d4b03) lbu     s6, 17(s10)
core   0: 3 0x80000eb0 (0x011d4b03) x22 0x000000c3 mem 0x8001014a
core   0: 0x80000eb4 (0x34093f73) csrrc   t5, mscratch, s2
core   0: 3 0x80000eb4 (0x34093f73) x30 0x00000005 c832_mscratch 0x00000000
core   0: 0x80000eb8 (0x000ffeb3) and     t4, t6, zero
core   0: 3 0x80000eb8 (0x000ffeb3) x29 0x00000000
core   0: 0x80000ebc (0x016d2933) slt     s2, s10, s6
core   0: 3 0x80000ebc (0x016d2933) x18 0x00000001
core   0: 0x80000ec0 (0x00008e31) c.xor   a2, a2
core   0: 3 0x80000ec0 (0x8e31) x12 0x00000000
core   0: 0x80000ec2 (0x016d04a3) sb      s6, 9(s10)
core   0: 3 0x80000ec2 (0x016d04a3) mem 0x80010142 0xc3
core   0: 0x80000ec6 (0x00cd0f03) lb      t5, 12(s10)
core   0: 3 0x80000ec6 (0x00cd0f03) x30 0xfffffffe mem 0x80010145
core   0: 0x80000eca (0x010d0203) lb      tp, 16(s10)
core   0: 3 0x80000eca (0x010d0203) x4  0x00000042 mem 0x80010149
core   0: 0x80000ece (0x02a9c533) div     a0, s3, a0
core   0: 3 0x80000ece (0x02a9c533) x10 0xffffffff
core   0: 0x80000ed2 (0xfddd4303) lbu     t1, -35(s10)
core   0: 3 0x80000ed2 (0xfddd4303) x6  0x00000095 mem 0x80010116
core   0: 0x80000ed6 (0x00dd4783) lbu     a5, 13(s10)
core   0: 3 0x80000ed6 (0x00dd4783) x15 0x0000001b mem 0x80010146
core   0: 0x80000eda (0x037d1ea3) sh      s7, 61(s10)
core   0: 3 0x80000eda (0x037d1ea3) mem 0x80010176 0xff85
core   0: 0x80000ede (0xfc1d4003) lbu     zero, -63(s10)
core   0: 3 0x80000ede (0xfc1d4003) mem 0x800100fa
core   0: 0x80000ee2 (0x03fd0f23) sb      t6, 62(s10)
core   0: 3 0x80000ee2 (0x03fd0f23) mem 0x80010177 0xff
core   0: 0x80000ee6 (0xff2d0903) lb      s2, -14(s10)
core   0: 3 0x80000ee6 (0xff2d0903) x18 0x00000073 mem 0x8001012b
core   0: 0x80000eea (0x03fd0f23) sb      t6, 62(s10)
core   0: 3 0x80000eea (0x03fd0f23) mem 0x80010177 0xff
core   0: 0x80000eee (0x01dd5303) lhu     t1, 29(s10)
core   0: 3 0x80000eee (0x01dd5303) x6  0x0000f380 mem 0x80010156
core   0: 0x80000ef2 (0x000000aa) c.slli  ra, 10
core   0: 3 0x80000ef2 (0x00aa) x1  0xfeb88800
core   0: 0x80000ef4 (0xffbd15a3) sh      s11, -21(s10)
core   0: 3 0x80000ef4 (0xffbd15a3) mem 0x80010124 0x038a
core   0: 0x80000ef8 (0x000085c1) c.srai  a1, 16
core   0: 3 0x80000ef8 (0x85c1) x11 0xffffffff
core   0: 0x80000efa (0x010d0da3) sb      a6, 27(s10)
core   0: 3 0x80000efa (0x010d0da3) mem 0x80010154 0x00
core   0: 0x80000efe (0x019d1483) lh      s1, 25(s10)
core   0: 3 0x80000efe (0x019d1483) x9  0x00004ba9 mem 0x80010152
core   0: 0x80000f02 (0xfc0d0a83) lb      s5, -64(s10)
core   0: 3 0x80000f02 (0xfc0d0a83) x21 0xfffffff7 mem 0x800100f9
core   0: 0x80000f06 (0x00000001) c.nop
core   0: 3 0x80000f06 (0x0001)
core   0: 0x80000f08 (0x00008db1) c.xor   a1, a2
core   0: 3 0x80000f08 (0x8db1) x11 0xffffffff
core   0: 0x80000f0a (0xff9d4083) lbu     ra, -7(s10)
core   0: 3 0x80000f0a (0xff9d4083) x1  0x0000007b mem 0x80010132
core   0: 0x80000f0e (0xfdad4d83) lbu     s11, -38(s10)
core   0: 3 0x80000f0e (0xfdad4d83) x27 0x000000e5 mem 0x80010113
core   0: 0x80000f12 (0xff6d4283) lbu     t0, -10(s10)
core   0: 3 0x80000f12 (0xff6d4283) x5  0x000000c3 mem 0x8001012f
core   0: 0x80000f16 (0xfe2d4003) lbu     zero, -30(s10)
core   0: 3 0x80000f16 (0xfe2d4003) mem 0x8001011b
core   0: 0x80000f1a (0x0000fe97) auipc   t4, 0xf
core   0: 3 0x80000f1a (0x0000fe97) x29 0x8000ff1a
core   0: 0x80000f1e (0x6a9e8e93) addi    t4, t4, 1705
core   0: 3 0x80000f1e (0x6a9e8e93) x29 0x800105c3
core   0: 0x80000f22 (0x006e8283) lb      t0, 6(t4)
core   0: 3 0x80000f22 (0x006e8283) x5  0xffffff96 mem 0x800105c9
core   0: 0x80000f26 (0x15f03613) sltiu   a2, zero, 351
core   0: 3 0x80000f26 (0x15f03613) x12 0x00000001
core   0: 0x80000f2a (0x02417b33) remu    s6, sp, tp
core   0: 3 0x80000f2a (0x02417b33) x22 0x0000003c
core   0: 0x80000f2e (0xffcec183) lbu     gp, -4(t4)
core   0: 3 0x80000f2e (0xffcec183) x3  0x0000007c mem 0x800105bf
core   0: 0x80000f32 (0x0000834d) c.srli  a4, 19
core   0: 3 0x80000f32 (0x834d) x14 0x00000000
core   0: 0x80000f34 (0x00bec603) lbu     a2, 11(t4)
core   0: 3 0x80000f34 (0x00bec603) x12 0x000000da mem 0x800105ce
core   0: 0x80000f38 (0xd2f0b793) sltiu   a5, ra, -721
core   0: 3 0x80000f38 (0xd2f0b793) x15 0x00000001
core   0: 0x80000f3c (0x006ec503) lbu     a0, 6(t4)
core   0: 3 0x80000f3c (0x006ec503) x10 0x00000096 mem 0x800105c9
core   0: 0x80000f40 (0xff3ec583) lbu     a1, -13(t4)
core   0: 3 0x80000f40 (0xff3ec583) x11 0x000000a8 mem 0x800105b6
core   0: 0x80000f44 (0xbc94c713) xori    a4, s1, -1079
core   0: 3 0x80000f44 (0xbc94c713) x14 0xffffb060
core   0: 0x80000f48 (0x00ce8f83) lb      t6, 12(t4)
core   0: 3 0x80000f48 (0x00ce8f83) x31 0xfffffff8 mem 0x800105cf
core   0: 0x80000f4c (0x03142233) mulhsu  tp, s0, a7
core   0: 3 0x80000f4c (0x03142233) x4  0xffffffff
core   0: 0x80000f50 (0x00000001) c.nop
core   0: 3 0x80000f50 (0x0001)
core   0: 0x80000f52 (0x0052e633) or      a2, t0, t0
core   0: 3 0x80000f52 (0x0052e633) x12 0xffffff96
core   0: 0x80000f56 (0xffdec483) lbu     s1, -3(t4)
core   0: 3 0x80000f56 (0xffdec483) x9  0x00000018 mem 0x800105c0
core   0: 0x80000f5a (0x00008f79) c.and   a4, a4
core   0: 3 0x80000f5a (0x8f79) x14 0xffffb060
core   0: 0x80000f5c (0xffde8a03) lb      s4, -3(t4)
core   0: 3 0x80000f5c (0xffde8a03) x20 0x00000018 mem 0x800105c0
core   0: 0x80000f60 (0xffaec283) lbu     t0, -6(t4)
core   0: 3 0x80000f60 (0xffaec283) x5  0x00000092 mem 0x800105bd
core   0: 0x80000f64 (0x0248a933) mulhsu  s2, a7, tp
core   0: 3 0x80000f64 (0x0248a933) x18 0x0000001e
core   0: 0x80000f68 (0x017e94a3) sh      s7, 9(t4)
core   0: 3 0x80000f68 (0x017e94a3) mem 0x800105cc 0xff85
core   0: 0x80000f6c (0xfe9e98a3) sh      s1, -15(t4)
core   0: 3 0x80000f6c (0xfe9e98a3) mem 0x800105b4 0x0018
core   0: 0x80000f70 (0x004e8303) lb      t1, 4(t4)
core   0: 3 0x80000f70 (0x004e8303) x6  0x0000004c mem 0x800105c7
core   0: 0x80000f74 (0x001e9f83) lh      t6, 1(t4)
core   0: 3 0x80000f74 (0x001e9f83) x31 0x00002144 mem 0x800105c4
core   0: 0x80000f78 (0xffbe9ea3) sh      s11, -3(t4)
core   0: 3 0x80000f78 (0xffbe9ea3) mem 0x800105c0 0x00e5
core   0: 0x80000f7c (0x00de85a3) sb      a3, 11(t4)
core   0: 3 0x80000f7c (0x00de85a3) mem 0x800105ce 0x24
core   0: 0x80000f80 (0x00016197) auipc   gp, 0x16
core   0: 3 0x80000f80 (0x00016197) x3  0x80016f80
core   0: 0x80000f84 (0xa9918193) addi    gp, gp, -1383
core   0: 3 0x80000f84 (0xa9918193) x3  0x80016a19
core   0: 0x80000f88 (0x03053633) mulhu   a2, a0, a6
core   0: 3 0x80000f88 (0x03053633) x12 0x00000095
core   0: 0x80000f8c (0x0209dbb3) divu    s7, s3, zero
core   0: 3 0x80000f8c (0x0209dbb3) x23 0xffffffff
core   0: 0x80000f90 (0x00873533) sltu    a0, a4, s0
core   0: 3 0x80000f90 (0x00873533) x10 0x00000001
core   0: 0x80000f94 (0x40d190a3) sh      a3, 1025(gp)
core   0: 3 0x80000f94 (0x40d190a3) mem 0x80016e1a 0x9d24
core   0: 0x80000f98 (0x02ee9433) mulh    s0, t4, a4
core   0: 3 0x80000f98 (0x02ee9433) x8  0x000027cf
core   0: 0x80000f9c (0x0000100f) fence.i
core   0: 3 0x80000f9c (0x0000100f)
core   0: 0x80000fa0 (0x58318983) lb      s3, 1411(gp)
core   0: 3 0x80000fa0 (0x58318983) x19 0xffffff99 mem 0x80016f9c
core   0: 0x80000fa4 (0x8a618083) lb      ra, -1882(gp)
core   0: 3 0x80000fa4 (0x8a618083) x1  0x00000011 mem 0x800162bf
core   0: 0x80000fa8 (0x7a31d483) lhu     s1, 1955(gp)
core   0: 3 0x80000fa8 (0x7a31d483) x9  0x000039d4 mem 0x800171bc
core   0: 0x80000fac (0xaf319203) lh      tp, -1293(gp)
core   0: 3 0x80000fac (0xaf319203) x4  0x0000737b mem 0x8001650c
core   0: 0x80000fb0 (0x5c518783) lb      a5, 1477(gp)
core   0: 3 0x80000fb0 (0x5c518783) x15 0xffffffe0 mem 0x80016fde
core   0: 0x80000fb4 (0x37b1a203) lw      tp, 891(gp)
core   0: 3 0x80000fb4 (0x37b1a203) x4  0x4b5f8d4a mem 0x80016d94
core   0: 0x80000fb8 (0x00009bfd) c.andi  a5, -1
core   0: 3 0x80000fb8 (0x9bfd) x15 0xffffffe0
core   0: 0x80000fba (0x02a4feb3) remu    t4, s1, a0
core   0: 3 0x80000fba (0x02a4feb3) x29 0x00000000
core   0: 0x80000fbe (0xb371da03) lhu     s4, -1225(gp)
core   0: 3 0x80000fbe (0xb371da03) x20 0x0000cc2d mem 0x80016550
core   0: 0x80000fc2 (0x00008d15) c.sub   a0, a3
core   0: 3 0x80000fc2 (0x8d15) x10 0x7ffd62dd
core   0: 0x80000fc4 (0x53c1ca83) lbu     s5, 1340(gp)
core   0: 3 0x80000fc4 (0x53c1ca83) x21 0x000000c3 mem 0x80016f55
core   0: 0x80000fc8 (0xe3353413) sltiu   s0, a0, -461
core   0: 3 0x80000fc8 (0xe3353413) x8  0x00000001
core   0: 0x80000fcc (0x55f1a883) lw      a7, 1375(gp)
core   0: 3 0x80000fcc (0x55f1a883) x17 0xfd8388ae mem 0x80016f78
core   0: 0x80000fd0 (0x0ae18583) lb      a1, 174(gp)
core   0: 3 0x80000fd0 (0x0ae18583) x11 0xffffffe9 mem 0x80016ac7
core   0: 0x80000fd4 (0x0096de93) srli    t4, a3, 9
core   0: 3 0x80000fd4 (0x0096de93) x29 0x0040014e
core   0: 0x80000fd8 (0x01e2a533) slt     a0, t0, t5
core   0: 3 0x80000fd8 (0x01e2a533) x10 0x00000000
core   0: 0x80000fdc (0x34006673) csrrsi  a2, mscratch, 0
core   0: 3 0x80000fdc (0x34006673) x12 0x00000000
core   0: 0x80000fe0 (0x00006e85) c.lui   t4, 0x1
core   0: 3 0x80000fe0 (0x6e85) x29 0x00001000
core   0: 0x80000fe2 (0xf8919603) lh      a2, -119(gp)
core   0: 3 0x80000fe2 (0xf8919603) x12 0x00002047 mem 0x800169a2
core   0: 0x80000fe6 (0xf0208c93) addi    s9, ra, -254
core   0: 3 0x80000fe6 (0xf0208c93) x25 0xffffff13
core   0: 0x80000fea (0x06518a83) lb      s5, 101(gp)
core   0: 3 0x80000fea (0x06518a83) x21 0xffffffbe mem 0x80016a7e
core   0: 0x80000fee (0x02241633) mulh    a2, s0, sp
core   0: 3 0x80000fee (0x02241633) x12 0xffffffff
core   0: 0x80000ff2 (0x037f54b3) divu    s1, t5, s7
core   0: 3 0x80000ff2 (0x037f54b3) x9  0x00000000
core   0: 0x80000ff6 (0xa7a18603) lb      a2, -1414(gp)
core   0: 3 0x80000ff6 (0xa7a18603) x12 0xffffffd5 mem 0x80016493
core   0: 0x80000ffa (0xac118a03) lb      s4, -1343(gp)
core   0: 3 0x80000ffa (0xac118a03) x20 0x00000060 mem 0x800164da
core   0: 0x80000ffe (0xc691cf03) lbu     t5, -919(gp)
core   0: 3 0x80000ffe (0xc691cf03) x30 0x00000026 mem 0x80016682
core   0: 0x80001002 (0x00008f71) c.and   a4, a2
core   0: 3 0x80001002 (0x8f71) x14 0xffffb040
core   0: 0x80001004 (0x00000001) c.nop
core   0: 3 0x80001004 (0x0001)
core   0: 0x80001006 (0x25b19083) lh      ra, 603(gp)
core   0: 3 0x80001006 (0x25b19083) x1  0x0000662a mem 0x80016c74
core   0: 0x8000100a (0x00008c1d) c.sub   s0, a5
core   0: 3 0x8000100a (0x8c1d) x8  0x00000021
core   0: 0x8000100c (0x50a1c903) lbu     s2, 1290(gp)
core   0: 3 0x8000100c (0x50a1c903) x18 0x0000001b mem 0x80016f23
core   0: 0x80001010 (0x00008dd5) c.or    a1, a3
core   0: 3 0x80001010 (0x8dd5) x11 0xffffffed
core   0: 0x80001012 (0x0621cc83) lbu     s9, 98(gp)
core   0: 3 0x80001012 (0x0621cc83) x25 0x0000007d mem 0x80016a7b
core   0: 0x80001016 (0x72b184a3) sb      a1, 1833(gp)
core   0: 3 0x80001016 (0x72b184a3) mem 0x80017142 0xed
core   0: 0x8000101a (0xbc11c783) lbu     a5, -1087(gp)
core   0: 3 0x8000101a (0xbc11c783) x15 0x000000b5 mem 0x800165da
core   0: 0x8000101e (0xe1dabf17) auipc   t5, 0xe1dab
core   0: 3 0x8000101e (0xe1dabf17) x30 0x61dac01e
core   0: 0x80001022 (0x3321c583) lbu     a1, 818(gp)
core   0: 3 0x80001022 (0x3321c583) x11 0x000000e7 mem 0x80016d4b
core   0: 0x80001026 (0x00010c97) auipc   s9, 0x10
core   0: 3 0x80001026 (0x00010c97) x25 0x80011026
core   0: 0x8000102a (0x0ddc8c93) addi    s9, s9, 221
core   0: 3 0x8000102a (0x0ddc8c93) x25 0x80011103
core   0: 0x8000102e (0x25814393) xori    t2, sp, 600
core   0: 3 0x8000102e (0x25814393) x7  0xfc65f100
core   0: 0x80001032 (0xfc3c8283) lb      t0, -61(s9)
core   0: 3 0x80001032 (0xfc3c8283) x5  0x00000015 mem 0x800110c6
core   0: 0x80001036 (0x00000001) c.nop
core   0: 3 0x80001036 (0x0001)
core   0: 0x80001038 (0x0a1cd883) lhu     a7, 161(s9)
core   0: 3 0x80001038 (0x0a1cd883) x17 0x0000f713 mem 0x800111a4
core   0: 0x8000103c (0x0027c3b3) xor     t2, a5, sp
core   0: 3 0x8000103c (0x0027c3b3) x7  0xfc65f3ed
core   0: 0x80001040 (0x08dccc03) lbu     s8, 141(s9)
core   0: 3 0x80001040 (0x08dccc03) x24 0x0000007c mem 0x80011190
core   0: 0x80001044 (0x03edc213) xori    tp, s11, 62
core   0: 3 0x80001044 (0x03edc213) x4  0x000000db
core   0: 0x80001048 (0x0a4cce83) lbu     t4, 164(s9)
core   0: 3 0x80001048 (0x0a4cce83) x29 0x00000004 mem 0x800111a7
core   0: 0x8000104c (0x01e75b93) srli    s7, a4, 30
core   0: 3 0x8000104c (0x01e75b93) x23 0x00000003
core   0: 0x80001050 (0x34046c73) csrrsi  s8, mscratch, 8
core   0: 3 0x80001050 (0x34046c73) x24 0x00000000 c832_mscratch 0x00000008
core   0: 0x80001054 (0x023fa8b3) mulhsu  a7, t6, gp
core   0: 3 0x80001054 (0x023fa8b3) x17 0x000010a2
core   0: 0x80001058 (0x017379b3) and     s3, t1, s7
core   0: 3 0x80001058 (0x017379b3) x19 0x00000000
core   0: 0x8000105c (0x00009a7d) c.andi  a2, -1
core   0: 3 0x8000105c (0x9a7d) x12 0xffffffd5
core   0: 0x8000105e (0x000082de) c.mv    t0, s7
core   0: 3 0x8000105e (0x82de) x5  0x00000003
core   0: 0x80001060 (0xb089ad13) slti    s10, s3, -1272
core   0: 3 0x80001060 (0xb089ad13) x26 0x00000000
core   0: 0x80001064 (0xfecc94a3) sh      a2, -23(s9)
core   0: 3 0x80001064 (0xfecc94a3) mem 0x800110ec 0xffd5
core   0: 0x80001068 (0x01282bb3) slt     s7, a6, s2
core   0: 3 0x80001068 (0x01282bb3) x23 0x00000001
core   0: 0x8000106c (0x02fc9003) lh      zero, 47(s9)
core   0: 3 0x8000106c (0x02fc9003) mem 0x80011132
core   0: 0x80001070 (0x03d6f4b3) remu    s1, a3, t4
core   0: 3 0x80001070 (0x03d6f4b3) x9  0x00000000
core   0: 0x80001074 (0x01405893) srli    a7, zero, 20
core   0: 3 0x80001074 (0x01405893) x17 0x00000000
core   0: 0x80001078 (0x00008f39) c.xor   a4, a4
core   0: 3 0x80001078 (0x8f39) x14 0x00000000
core   0: 0x8000107a (0x0cec8903) lb      s2, 206(s9)
core   0: 3 0x8000107a (0x0cec8903) x18 0x0000002f mem 0x800111d1
core   0: 0x8000107e (0x0000933e) c.add   t1, a5
core   0: 3 0x8000107e (0x933e) x6  0x00000101
core   0: 0x80001080 (0xc310ba93) sltiu   s5, ra, -975
core   0: 3 0x80001080 (0xc310ba93) x21 0x00000001
core   0: 0x80001084 (0x02b80bb3) mul     s7, a6, a1
core   0: 3 0x80001084 (0x02b80bb3) x23 0xd30d5000
core   0: 0x80001088 (0xfd4c8603) lb      a2, -44(s9)
core   0: 3 0x80001088 (0xfd4c8603) x12 0xffffffe9 mem 0x800110d7
core   0: 0x8000108c (0x34092c73) csrrs   s8, mscratch, s2
core   0: 3 0x8000108c (0x34092c73) x24 0x00000008 c832_mscratch 0x0000002f
core   0: 0x80001090 (0x011c8903) lb      s2, 17(s9)
core   0: 3 0x80001090 (0x011c8903) x18 0x00000015 mem 0x80011114
core   0: 0x80001094 (0xf66cc783) lbu     a5, -154(s9)
core   0: 3 0x80001094 (0xf66cc783) x15 0x000000e0 mem 0x80011069
core   0: 0x80001098 (0x00008d09) c.sub   a0, a0
core   0: 3 0x80001098 (0x8d09) x10 0x00000000
core   0: 0x8000109a (0x0cbcc383) lbu     t2, 203(s9)
core   0: 3 0x8000109a (0x0cbcc383) x7  0x000000ea mem 0x800111ce
core   0: 0x8000109e (0x0dacaea3) sw      s10, 221(s9)
core   0: 3 0x8000109e (0x0dacaea3) mem 0x800111e0 0x00000000
core   0: 0x800010a2 (0x0c4c8f83) lb      t6, 196(s9)
core   0: 3 0x800010a2 (0x0c4c8f83) x31 0x0000004e mem 0x800111c7
core   0: 0x800010a6 (0x00010297) auipc   t0, 0x10
core   0: 3 0x800010a6 (0x00010297) x5  0x800110a6
core   0: 0x800010aa (0xaff28293) addi    t0, t0, -1281
core   0: 3 0x800010aa (0xaff28293) x5  0x80010ba5
core   0: 0x800010ae (0x00a2cb03) lbu     s6, 10(t0)
core   0: 3 0x800010ae (0x00a2cb03) x22 0x00000025 mem 0x80010baf
core   0: 0x800010b2 (0x01a2c703) lbu     a4, 26(t0)
core   0: 3 0x800010b2 (0x01a2c703) x14 0x000000aa mem 0x80010bbf
core   0: 0x800010b6 (0x0ff0000f) fence   iorw,iorw
core   0: 3 0x800010b6 (0x0ff0000f)
core   0: 0x800010ba (0x0152df83) lhu     t6, 21(t0)
core   0: 3 0x800010ba (0x0152df83) x31 0x00008002 mem 0x80010bba
core   0: 0x800010be (0x0122c983) lbu     s3, 18(t0)
core   0: 3 0x800010be (0x0122c983) x19 0x00000068 mem 0x80010bb7
core   0: 0x800010c2 (0x01928ca3) sb      s9, 25(t0)
core   0: 3 0x800010c2 (0x01928ca3) mem 0x80010bbe 0x03
core   0: 0x800010c6 (0x0072db83) lhu     s7, 7(t0)
core   0: 3 0x800010c6 (0x0072db83) x23 0x000035ea mem 0x80010bac
core   0: 0x800010ca (0x00a18933) add     s2, gp, a0
core   0: 3 0x800010ca (0x00a18933) x18 0x80016a19
core   0: 0x800010ce (0xffb2ada3) sw      s11, -5(t0)
core   0: 3 0x800010ce (0xffb2ada3) mem 0x80010ba0 0x000000e5
core   0: 0x800010d2 (0x01119b13) slli    s6, gp, 17
core   0: 3 0x800010d2 (0x01119b13) x22 0xd4320000
core   0: 0x800010d6 (0x03cecf33) div     t5, t4, t3
core   0: 3 0x800010d6 (0x03cecf33) x30 0x00000000
core   0: 0x800010da (0x00008279) c.srli  a2, 30
core   0: 3 0x800010da (0x8279) x12 0x00000003
core   0: 0x800010dc (0x01628603) lb      a2, 22(t0)
core   0: 3 0x800010dc (0x01628603) x12 0xffffff80 mem 0x80010bbb
core   0: 0x800010e0 (0x00000f76) c.slli  t5, 29
core   0: 3 0x800010e0 (0x0f76) x30 0x00000000
core   0: 0x800010e2 (0x00008cd9) c.or    s1, a4
core   0: 3 0x800010e2 (0x8cd9) x9  0x000000aa
core   0: 0x800010e4 (0x0ff0000f) fence   iorw,iorw
core   0: 3 0x800010e4 (0x0ff0000f)
core   0: 0x800010e8 (0xffa28b23) sb      s10, -10(t0)
core   0: 3 0x800010e8 (0xffa28b23) mem 0x80010b9b 0x00
core   0: 0x800010ec (0xfdb2ada3) sw      s11, -37(t0)
core   0: 3 0x800010ec (0xfdb2ada3) mem 0x80010b80 0x000000e5
core   0: 0x800010f0 (0x036298a3) sh      s6, 49(t0)
core   0: 3 0x800010f0 (0x036298a3) mem 0x80010bd6 0x0000
core   0: 0x800010f4 (0x0062c603) lbu     a2, 6(t0)
core   0: 3 0x800010f4 (0x0062c603) x12 0x000000b5 mem 0x80010bab
core   0: 0x800010f8 (0x01e28ba3) sb      t5, 23(t0)
core   0: 3 0x800010f8 (0x01e28ba3) mem 0x80010bbc 0x00
core   0: 0x800010fc (0x0000177d) c.addi  a4, -1
core   0: 3 0x800010fc (0x177d) x14 0x000000a9
core   0: 0x800010fe (0x0012dd83) lhu     s11, 1(t0)
core   0: 3 0x800010fe (0x0012dd83) x27 0x00000e62 mem 0x80010ba6
core   0: 0x80001102 (0x00929aa3) sh      s1, 21(t0)
core   0: 3 0x80001102 (0x00929aa3) mem 0x80010bba 0x00aa
core   0: 0x80001106 (0xfce28203) lb      tp, -50(t0)
core   0: 3 0x80001106 (0xfce28203) x4  0xffffff9c mem 0x80010b73
core   0: 0x8000110a (0x00008e39) c.xor   a2, a4
core   0: 3 0x8000110a (0x8e39) x12 0x0000001c
core   0: 0x8000110c (0x00009812) c.add   a6, tp
core   0: 3 0x8000110c (0x9812) x16 0xffce2f9c
core   0: 0x8000110e (0x03129d83) lh      s11, 49(t0)
core   0: 3 0x8000110e (0x03129d83) x27 0x00000000 mem 0x80010bd6
core   0: 0x80001112 (0x41ef01b3) sub     gp, t5, t5
core   0: 3 0x80001112 (0x41ef01b3) x3  0x00000000
core   0: 0x80001116 (0x011295a3) sh      a7, 11(t0)
core   0: 3 0x80001116 (0x011295a3) mem 0x80010bb0 0x0000
core   0: 0x8000111a (0x03428923) sb      s4, 50(t0)
core   0: 3 0x8000111a (0x03428923) mem 0x80010bd7 0x60
core   0: 0x8000111e (0x03928f83) lb      t6, 57(t0)
core   0: 3 0x8000111e (0x03928f83) x31 0xfffffff8 mem 0x80010bde
core   0: 0x80001122 (0x01828203) lb      tp, 24(t0)
core   0: 3 0x80001122 (0x01828203) x4  0xffffffd8 mem 0x80010bbd
core   0: 0x80001126 (0x83e86517) auipc   a0, 0x83e86
core   0: 3 0x80001126 (0x83e86517) x10 0x03e87126
core   0: 0x8000112a (0x033281a3) sb      s3, 35(t0)
core   0: 3 0x8000112a (0x033281a3) mem 0x80010bc8 0x68
core   0: 0x8000112e (0x018cf4b3) and     s1, s9, s8
core   0: 3 0x8000112e (0x018cf4b3) x9  0x00000000
core   0: 0x80001132 (0x00000522) c.slli  a0, 8
core   0: 3 0x80001132 (0x0522) x10 0xe8712600
core   0: 0x80001134 (0x00f41493) slli    s1, s0, 15
core   0: 3 0x80001134 (0x00f41493) x9  0x00108000
core   0: 0x80001138 (0x34006673) csrrsi  a2, mscratch, 0
core   0: 3 0x80001138 (0x34006673) x12 0x0000002f
core   0: 0x8000113c (0x00428983) lb      s3, 4(t0)
core   0: 3 0x8000113c (0x00428983) x19 0xffffff91 mem 0x80010ba9
core   0: 0x80001140 (0x00828483) lb      s1, 8(t0)
core   0: 3 0x80001140 (0x00828483) x9  0x00000035 mem 0x80010bad
core   0: 0x80001144 (0x00000206) c.slli  tp, 1
core   0: 3 0x80001144 (0x0206) x4  0xffffffb0
core   0: 0x80001146 (0x02b28fa3) sb      a1, 63(t0)
core   0: 3 0x80001146 (0x02b28fa3) mem 0x80010be4 0xe7
core   0: 0x8000114a (0x00008c39) c.xor   s0, a4
core   0: 3 0x8000114a (0x8c39) x8  0x00000088
core   0: 0x8000114c (0xfe32cc03) lbu     s8, -29(t0)
core   0: 3 0x8000114c (0xfe32cc03) x24 0x00000095 mem 0x80010b88
core   0: 0x80001150 (0x019d9593) slli    a1, s11, 25
core   0: 3 0x80001150 (0x019d9593) x11 0x00000000
core   0: 0x80001154 (0x34079ef3) csrrw   t4, mscratch, a5
core   0: 3 0x80001154 (0x34079ef3) x29 0x0000002f c832_mscratch 0x000000e0
core   0: 0x80001158 (0x03028403) lb      s0, 48(t0)
core   0: 3 0x80001158 (0x03028403) x8  0x00000035 mem 0x80010bd5
core   0: 0x8000115c (0x00008fd5) c.or    a5, a3
core   0: 3 0x8000115c (0x8fd5) x15 0x80029de4
core   0: 0x8000115e (0x013671b3) and     gp, a2, s3
core   0: 3 0x8000115e (0x013671b3) x3  0x00000001
core   0: 0x80001162 (0x0362cb83) lbu     s7, 54(t0)
core   0: 3 0x80001162 (0x0362cb83) x23 0x0000006d mem 0x80010bdb
core   0: 0x80001166 (0xffb28c03) lb      s8, -5(t0)
core   0: 3 0x80001166 (0xffb28c03) x24 0xffffffe5 mem 0x80010ba0
core   0: 0x8000116a (0x00020217) auipc   tp, 0x20
core   0: 3 0x8000116a (0x00020217) x4  0x8002116a
core   0: 0x8000116e (0x8d720213) addi    tp, tp, -1833
core   0: 3 0x8000116e (0x8d720213) x4  0x80020a41
core   0: 0x80001172 (0x09920023) sb      s9, 128(tp)
core   0: 3 0x80001172 (0x09920023) mem 0x80020ac1 0x03
core   0: 0x80001176 (0x00000001) c.nop
core   0: 3 0x80001176 (0x0001)
core   0: 0x80001178 (0x34002573) csrr    a0, mscratch
core   0: 3 0x80001178 (0x34002573) x10 0x000000e0
core   0: 0x8000117c (0x01d8a333) slt     t1, a7, t4
core   0: 3 0x8000117c (0x01d8a333) x6  0x00000001
core   0: 0x80001180 (0x03382ab3) mulhsu  s5, a6, s3
core   0: 3 0x80001180 (0x03382ab3) x21 0xffce2f9c
core   0: 0x80001184 (0x401852b3) sra     t0, a6, ra
core   0: 3 0x80001184 (0x401852b3) x5  0xfffff38b
core   0: 0x80001188 (0x0cd21d03) lh      s10, 205(tp)
core   0: 3 0x80001188 (0x0cd21d03) x26 0x00005fe6 mem 0x80020b0e
core   0: 0x8000118c (0xfbe223a3) sw      t5, -89(tp)
core   0: 3 0x8000118c (0xfbe223a3) mem 0x800209e8 0x00000000
core   0: 0x80001190 (0x34002773) csrr    a4, mscratch
core   0: 3 0x80001190 (0x34002773) x14 0x000000e0
core   0: 0x80001194 (0xfec20783) lb      a5, -20(tp)
core   0: 3 0x80001194 (0xfec20783) x15 0xffffffc2 mem 0x80020a2d
core   0: 0x80001198 (0x06024803) lbu     a6, 96(tp)
core   0: 3 0x80001198 (0x06024803) x16 0x00000086 mem 0x80020aa1
core   0: 0x8000119c (0x0000100f) fence.i
core   0: 3 0x8000119c (0x0000100f)
core   0: 0x800011a0 (0x05721583) lh      a1, 87(tp)
core   0: 3 0x800011a0 (0x05721583) x11 0x000078a5 mem 0x80020a98
core   0: 0x800011a4 (0x00009bfd) c.andi  a5, -1
core   0: 3 0x800011a4 (0x9bfd) x15 0xffffffc2
core   0: 0x800011a6 (0x0000072d) c.addi  a4, 11
core   0: 3 0x800011a6 (0x072d) x14 0x000000eb
core   0: 0x800011a8 (0x00a20283) lb      t0, 10(tp)
core   0: 3 0x800011a8 (0x00a20283) x5  0xfffffff4 mem 0x80020a4b
core   0: 0x800011ac (0x07a20f23) sb      s10, 126(tp)
core   0: 3 0x800011ac (0x07a20f23) mem 0x80020abf 0xe6
core   0: 0x800011b0 (0x0ed21383) lh      t2, 237(tp)
core   0: 3 0x800011b0 (0x0ed21383) x7  0xffffcf73 mem 0x80020b2e
core   0: 0x800011b4 (0xf0325883) lhu     a7, -253(tp)
core   0: 3 0x800011b4 (0xf0325883) x17 0x00000561 mem 0x80020944
core   0: 0x800011b8 (0x00008fa1) c.xor   a5, s0
core   0: 3 0x800011b8 (0x8fa1) x15 0xfffffff7
core   0: 0x800011ba (0x00008115) c.srli  a0, 5
core   0: 3 0x800011ba (0x8115) x10 0x00000007
core   0: 0x800011bc (0x03341eb3) mulh    t4, s0, s3
core   0: 3 0x800011bc (0x03341eb3) x29 0xffffffff
core   0: 0x800011c0 (0xf6721583) lh      a1, -153(tp)
core   0: 3 0x800011c0 (0xf6721583) x11 0xffffb259 mem 0x800209a8
core   0: 0x800011c4 (0x036b99b3) mulh    s3, s7, s6
core   0: 3 0x800011c4 (0x036b99b3) x19 0xffffffed
core   0: 0x800011c8 (0xfb220a03) lb      s4, -78(tp)
core   0: 3 0x800011c8 (0xfb220a03) x20 0x0000005e mem 0x800209f3
core   0: 0x800011cc (0x00008eba) c.mv    t4, a4
core   0: 3 0x800011cc (0x8eba) x29 0x000000eb
core   0: 0x800011ce (0x6e45c393) xori    t2, a1, 1764
core   0: 3 0x800011ce (0x6e45c393) x7  0xffffb4bd
core   0: 0x800011d2 (0x0000100f) fence.i
core   0: 3 0x800011d2 (0x0000100f)
core   0: 0x800011d6 (0x0af21003) lh      zero, 175(tp)
core   0: 3 0x800011d6 (0x0af21003) mem 0x80020af0
core   0: 0x800011da (0x401dd4b3) sra     s1, s11, ra
core   0: 3 0x800011da (0x401dd4b3) x9  0x00000000
core   0: 0x800011de (0x04125903) lhu     s2, 65(tp)
core   0: 3 0x800011de (0x04125903) x18 0x00004dec mem 0x80020a82
core   0: 0x800011e2 (0xf9c204a3) sb      t3, -119(tp)
core   0: 3 0x800011e2 (0xf9c204a3) mem 0x800209ca 0xa4
core   0: 0x800011e6 (0x34061cf3) csrrw   s9, mscratch, a2
core   0: 3 0x800011e6 (0x34061cf3) x25 0x000000e0 c832_mscratch 0x0000002f
core   0: 0x800011ea (0xf5e20da3) sb      t5, -165(tp)
core   0: 3 0x800011ea (0xf5e20da3) mem 0x8002099c 0x00
core   0: 0x800011ee (0x00c20c83) lb      s9, 12(tp)
core   0: 3 0x800011ee (0x00c20c83) x25 0x00000010 mem 0x80020a4d
core   0: 0x800011f2 (0xf4722803) lw      a6, -185(tp)
core   0: 3 0x800011f2 (0xf4722803) x16 0x12efb2d6 mem 0x80020988
core   0: 0x800011f6 (0xf5324403) lbu     s0, -173(tp)
core   0: 3 0x800011f6 (0xf5324403) x8  0x00000088 mem 0x80020994
core   0: 0x800011fa (0xf2224f83) lbu     t6, -222(tp)
core   0: 3 0x800011fa (0xf2224f83) x31 0x00000057 mem 0x80020963
core   0: 0x800011fe (0xf3f24183) lbu     gp, -193(tp)
core   0: 3 0x800011fe (0xf3f24183) x3  0x000000f8 mem 0x80020980
core   0: 0x80001202 (0x0c721f83) lh      t6, 199(tp)
core   0: 3 0x80001202 (0x0c721f83) x31 0xffff9217 mem 0x80020b08
core   0: 0x80001206 (0x00010f17) auipc   t5, 0x10
core   0: 3 0x80001206 (0x00010f17) x30 0x80011206
core   0: 0x8000120a (0x93af0f13) addi    t5, t5, -1734
core   0: 3 0x8000120a (0x93af0f13) x30 0x80010b40
core   0: 0x8000120e (0xb37f1c23) sh      s7, -1224(t5)
core   0: 3 0x8000120e (0xb37f1c23) mem 0x80010678 0x006d
core   0: 0x80001212 (0x03898c33) mul     s8, s3, s8
core   0: 3 0x80001212 (0x03898c33) x24 0x00000201
core   0: 0x80001216 (0xdcbf4803) lbu     a6, -565(t5)
core   0: 3 0x80001216 (0xdcbf4803) x16 0x0000000e mem 0x8001090b
core   0: 0x8000121a (0xc39f1823) sh      s9, -976(t5)
core   0: 3 0x8000121a (0xc39f1823) mem 0x80010770 0x0010
core   0: 0x8000121e (0x9ccf1b83) lh      s7, -1588(t5)
core   0: 3 0x8000121e (0x9ccf1b83) x23 0xffffffe4 mem 0x8001050c
core   0: 0x80001222 (0xca83f493) andi    s1, t2, -856
core   0: 3 0x80001222 (0xca83f493) x9  0xffffb4a8
core   0: 0x80001226 (0x0ff0000f) fence   iorw,iorw
core   0: 3 0x80001226 (0x0ff0000f)
core   0: 0x8000122a (0x016f0583) lb      a1, 22(t5)
core   0: 3 0x8000122a (0x016f0583) x11 0x00000039 mem 0x80010b56
core   0: 0x8000122e (0x8a1f0da3) sb      ra, -1861(t5)
core   0: 3 0x8000122e (0x8a1f0da3) mem 0x800103fb 0x2a
core   0: 0x80001232 (0x852f1403) lh      s0, -1966(t5)
core   0: 3 0x80001232 (0x852f1403) x8  0xffffab47 mem 0x80010392
core   0: 0x80001236 (0xa0cf1a23) sh      a2, -1516(t5)
core   0: 3 0x80001236 (0xa0cf1a23) mem 0x80010554 0x002f
core   0: 0x8000123a (0x34df0a03) lb      s4, 845(t5)
core   0: 3 0x8000123a (0x34df0a03) x20 0x0000001e mem 0x80010e8d
core   0: 0x8000123e (0x323f04a3) sb      gp, 809(t5)
core   0: 3 0x8000123e (0x323f04a3) mem 0x80010e69 0xf8
core   0: 0x80001242 (0x419a5b93) srai    s7, s4, 25
core   0: 3 0x80001242 (0x419a5b93) x23 0x00000000
core   0: 0x80001246 (0x151f0c83) lb      s9, 337(t5)
core   0: 3 0x80001246 (0x151f0c83) x25 0x00000020 mem 0x80010c91
core   0: 0x8000124a (0x0000100f) fence.i
core   0: 3 0x8000124a (0x0000100f)
core   0: 0x8000124e (0xc66f1f83) lh      t6, -922(t5)
core   0: 3 0x8000124e (0xc66f1f83) x31 0x00002891 mem 0x800107a6
core   0: 0x80001252 (0xe5963d93) sltiu   s11, a2, -423
core   0: 3 0x80001252 (0xe5963d93) x27 0x00000001
core   0: 0x80001256 (0xdfdf0ea3) sb      t4, -515(t5)
core   0: 3 0x80001256 (0xdfdf0ea3) mem 0x8001093d 0xeb
core   0: 0x8000125a (0xc09f1123) sh      s1, -1022(t5)
core   0: 3 0x8000125a (0xc09f1123) mem 0x80010742 0xb4a8
core   0: 0x8000125e (0x4fdf0803) lb      a6, 1277(t5)
core   0: 3 0x8000125e (0x4fdf0803) x16 0xffffffac mem 0x8001103d
core   0: 0x80001262 (0xc75f4403) lbu     s0, -907(t5)
core   0: 3 0x80001262 (0xc75f4403) x8  0x000000cd mem 0x800107b5
core   0: 0x80001266 (0xdeff0783) lb      a5, -529(t5)
core   0: 3 0x80001266 (0xdeff0783) x15 0xffffffca mem 0x8001092f
core   0: 0x8000126a (0x059f00a3) sb      s9, 65(t5)
core   0: 3 0x8000126a (0x059f00a3) mem 0x80010b81 0x20
core   0: 0x8000126e (0x00000001) c.nop
core   0: 3 0x8000126e (0x0001)
core   0: 0x80001270 (0xd882c913) xori    s2, t0, -632
core   0: 3 0x80001270 (0xd882c913) x18 0x0000027c
core   0: 0x80001274 (0x00000001) c.nop
core   0: 3 0x80001274 (0x0001)
core   0: 0x80001276 (0x340057f3) csrrwi  a5, mscratch, 0
core   0: 3 0x80001276 (0x340057f3) x15 0x0000002f c832_mscratch 0x00000000
core   0: 0x8000127a (0x0000100f) fence.i
core   0: 3 0x8000127a (0x0000100f)
core   0: 0x8000127e (0xff4f4703) lbu     a4, -12(t5)
core   0: 3 0x8000127e (0xff4f4703) x14 0x000000dd mem 0x80010b34
core   0: 0x80001282 (0x385f2e23) sw      t0, 924(t5)
core   0: 3 0x80001282 (0x385f2e23) mem 0x80010edc 0xfffffff4
core   0: 0x80001286 (0xeccf5d03) lhu     s10, -308(t5)
core   0: 3 0x80001286 (0xeccf5d03) x26 0x0000cbf0 mem 0x80010a0c
core   0: 0x8000128a (0x0000929a) c.add   t0, t1
core   0: 3 0x8000128a (0x929a) x5  0xfffffff5
core   0: 0x8000128c (0x49af5b03) lhu     s6, 1178(t5)
core   0: 3 0x8000128c (0x49af5b03) x22 0x0000d9bb mem 0x80010fda
core   0: 0x80001290 (0xfc0f04a3) sb      zero, -55(t5)
core   0: 3 0x80001290 (0xfc0f04a3) mem 0x80010b09 0x00
core   0: 0x80001294 (0xd28f00a3) sb      s0, -735(t5)
core   0: 3 0x80001294 (0xd28f00a3) mem 0x80010861 0xcd
core   0: 0x80001298 (0xb77f4003) lbu     zero, -1161(t5)
core   0: 3 0x80001298 (0xb77f4003) mem 0x800106b7
core   0: 0x8000129c (0xffff0303) lb      t1, -1(t5)
core   0: 3 0x8000129c (0xffff0303) x6  0xfffffffb mem 0x80010b3f
core   0: 0x800012a0 (0x021425b3) mulhsu  a1, s0, ra
core   0: 3 0x800012a0 (0x021425b3) x11 0x00000000
core   0: 0x800012a4 (0x973f1123) sh      s3, -1694(t5)
core   0: 3 0x800012a4 (0x973f1123) mem 0x800104a2 0xffed
core   0: 0x800012a8 (0x34091bf3) csrrw   s7, mscratch, s2
core   0: 3 0x800012a8 (0x34091bf3) x23 0x00000000 c832_mscratch 0x0000027c
core   0: 0x800012ac (0x807f4a83) lbu     s5, -2041(t5)
core   0: 3 0x800012ac (0x807f4a83) x21 0x0000005a mem 0x80010347
core   0: 0x800012b0 (0x0000f497) auipc   s1, 0xf
core   0: 3 0x800012b0 (0x0000f497) x9  0x800102b0
core   0: 0x800012b4 (0x14748493) addi    s1, s1, 327
core   0: 3 0x800012b4 (0x14748493) x9  0x800103f7
core   0: 0x800012b8 (0x017d9733) sll     a4, s11, s7
core   0: 3 0x800012b8 (0x017d9733) x14 0x00000001
core   0: 0x800012bc (0xff94af83) lw      t6, -7(s1)
core   0: 3 0x800012bc (0xff94af83) x31 0x7047dab9 mem 0x800103f0
core   0: 0x800012c0 (0x34021af3) csrrw   s5, mscratch, tp
core   0: 3 0x800012c0 (0x34021af3) x21 0x0000027c c832_mscratch 0x80020a41
core   0: 0x800012c4 (0x012f3ab3) sltu    s5, t5, s2
core   0: 3 0x800012c4 (0x012f3ab3) x21 0x00000000
core   0: 0x800012c8 (0x022fa433) mulhsu  s0, t6, sp
core   0: 3 0x800012c8 (0x022fa433) x8  0x6eb37262
core   0: 0x800012cc (0xff64c583) lbu     a1, -10(s1)
core   0: 3 0x800012cc (0xff64c583) x11 0x0000004a mem 0x800103ed
core   0: 0x800012d0 (0x00000001) c.nop
core   0: 3 0x800012d0 (0x0001)
core   0: 0x800012d2 (0x00e48c83) lb      s9, 14(s1)
core   0: 3 0x800012d2 (0x00e48c83) x25 0xfffffff8 mem 0x80010405
core   0: 0x800012d6 (0x00000001) c.nop
core   0: 3 0x800012d6 (0x0001)
core   0: 0x800012d8 (0x00548083) lb      ra, 5(s1)
core   0: 3 0x800012d8 (0x00548083) x1  0xffffff9a mem 0x800103fc
core   0: 0x800012dc (0xff349003) lh      zero, -13(s1)
core   0: 3 0x800012dc (0xff349003) mem 0x800103ea
core   0: 0x800012e0 (0x0084c403) lbu     s0, 8(s1)
core   0: 3 0x800012e0 (0x0084c403) x8  0x00000070 mem 0x800103ff
core   0: 0x800012e4 (0x00b4c803) lbu     a6, 11(s1)
core   0: 3 0x800012e4 (0x00b4c803) x16 0x00000090 mem 0x80010402
core   0: 0x800012e8 (0xcbb98f97) auipc   t6, 0xcbb98
core   0: 3 0x800012e8 (0xcbb98f97) x31 0x4bb992e8
core   0: 0x800012ec (0x0000997d) c.andi  a0, -1
core   0: 3 0x800012ec (0x997d) x10 0x00000007
core   0: 0x800012ee (0xff44c983) lbu     s3, -12(s1)
core   0: 3 0x800012ee (0xff44c983) x19 0x000000a2 mem 0x800103eb
core   0: 0x800012f2 (0x00b48c03) lb      s8, 11(s1)
core   0: 3 0x800012f2 (0x00b48c03) x24 0xffffff90 mem 0x80010402
core   0: 0x800012f6 (0xff74d203) lhu     tp, -9(s1)
core   0: 3 0x800012f6 (0xff74d203) x4  0x0000264d mem 0x800103ee
core   0: 0x800012fa (0x03b029b3) mulhsu  s3, zero, s11
core   0: 3 0x800012fa (0x03b029b3) x19 0x00000000
core   0: 0x800012fe (0x004427b3) slt     a5, s0, tp
core   0: 3 0x800012fe (0x004427b3) x15 0x00000001
core   0: 0x80001302 (0x00f29393) slli    t2, t0, 15
core   0: 3 0x80001302 (0x00f29393) x7  0xfffa8000
core   0: 0x80001306 (0x00bdcab3) xor     s5, s11, a1
core   0: 3 0x80001306 (0x00bdcab3) x21 0x0000004b
core   0: 0x8000130a (0x3408aaf3) csrrs   s5, mscratch, a7
core   0: 3 0x8000130a (0x3408aaf3) x21 0x80020a41 c832_mscratch 0x80020f61
core   0: 0x8000130e (0xffe4c403) lbu     s0, -2(s1)
core   0: 3 0x8000130e (0xffe4c403) x8  0x000000fc mem 0x800103f5
core   0: 0x80001312 (0xffe4cd03) lbu     s10, -2(s1)
core   0: 3 0x80001312 (0xffe4cd03) x26 0x000000fc mem 0x800103f5
core   0: 0x80001316 (0x00648983) lb      s3, 6(s1)
core   0: 3 0x80001316 (0x00648983) x19 0x0000001f mem 0x800103fd
core   0: 0x8000131a (0x00748b03) lb      s6, 7(s1)
core   0: 3 0x8000131a (0x00748b03) x22 0x0000007c mem 0x800103fe
core   0: 0x8000131e (0x0000843d) c.srai  s0, 15
core   0: 3 0x8000131e (0x843d) x8  0x00000000
core   0: 0x80001320 (0x0000979a) c.add   a5, t1
core   0: 3 0x80001320 (0x979a) x15 0xfffffffc
core   0: 0x80001322 (0x0014d703) lhu     a4, 1(s1)
core   0: 3 0x80001322 (0x0014d703) x14 0x0000cef3 mem 0x800103f8
core   0: 0x80001326 (0xff048303) lb      t1, -16(s1)
core   0: 3 0x80001326 (0xff048303) x6  0x00000065 mem 0x800103e7
core   0: 0x8000132a (0x029cf933) remu    s2, s9, s1
core   0: 3 0x8000132a (0x029cf933) x18 0x7ffefc01
core   0: 0x8000132e (0x00000d16) c.slli  s10, 5
core   0: 3 0x8000132e (0x0d16) x26 0x00001f80
core   0: 0x80001330 (0x003497a3) sh      gp, 15(s1)
core   0: 3 0x80001330 (0x003497a3) mem 0x80010406 0x00f8
core   0: 0x80001334 (0xff248903) lb      s2, -14(s1)
core   0: 3 0x80001334 (0xff248903) x18 0xffffffe8 mem 0x800103e9
core   0: 0x80001338 (0x00e48603) lb      a2, 14(s1)
core   0: 3 0x80001338 (0x00e48603) x12 0xfffffff8 mem 0x80010405
core   0: 0x8000133c (0x02a8dfb3) divu    t6, a7, a0
core   0: 3 0x8000133c (0x02a8dfb3) x31 0x000000c4
core   0: 0x80001340 (0x0000100f) fence.i
core   0: 3 0x80001340 (0x0000100f)
core   0: 0x80001344 (0xffa4c183) lbu     gp, -6(s1)
core   0: 3 0x80001344 (0xffa4c183) x3  0x000000da mem 0x800103f1
core   0: 0x80001348 (0x00248783) lb      a5, 2(s1)
core   0: 3 0x80001348 (0x00248783) x15 0xffffffce mem 0x800103f9
core   0: 0x8000134c (0x00b49803) lh      a6, 11(s1)
core   0: 3 0x8000134c (0x00b49803) x16 0xffffa190 mem 0x80010402
core   0: 0x80001350 (0x00008f19) c.sub   a4, a4
core   0: 3 0x80001350 (0x8f19) x14 0x00000000
core   0: 0x80001352 (0x03a179b3) remu    s3, sp, s10
core   0: 3 0x80001352 (0x03a179b3) x19 0x00001158
core   0: 0x80001356 (0x00008d89) c.sub   a1, a0
core   0: 3 0x80001356 (0x8d89) x11 0x00000043
core   0: 0x80001358 (0xff448303) lb      t1, -12(s1)
core   0: 3 0x80001358 (0xff448303) x6  0xffffffa2 mem 0x800103eb
core   0: 0x8000135c (0xff0488a3) sb      a6, -15(s1)
core   0: 3 0x8000135c (0xff0488a3) mem 0x800103e8 0x90
core   0: 0x80001360 (0xff74aaa3) sw      s7, -11(s1)
core   0: 3 0x80001360 (0xff74aaa3) mem 0x800103ec 0x00000000
core   0: 0x80001364 (0x00008fc1) c.or    a5, s0
core   0: 3 0x80001364 (0x8fc1) x15 0xffffffce
core   0: 0x80001366 (0x0024c983) lbu     s3, 2(s1)
core   0: 3 0x80001366 (0x0024c983) x19 0x000000ce mem 0x800103f9
core   0: 0x8000136a (0x00018517) auipc   a0, 0x18
core   0: 3 0x8000136a (0x00018517) x10 0x8001936a
core   0: 0x8000136e (0x88a50513) addi    a0, a0, -1910
core   0: 3 0x8000136e (0x88a50513) x10 0x80018bf4
core   0: 0x80001372 (0x00000bba) c.slli  s7, 14
core   0: 3 0x80001372 (0x0bba) x23 0x00000000
core   0: 0x80001374 (0x00009a26) c.add   s4, s1
core   0: 3 0x80001374 (0x9a26) x20 0x80010415
core   0: 0x80001376 (0xb83505a3) sb      gp, -1141(a0)
core   0: 3 0x80001376 (0xb83505a3) mem 0x8001877f 0xda
core   0: 0x8000137a (0x00581433) sll     s0, a6, t0
core   0: 3 0x8000137a (0x00581433) x8  0x32000000
core   0: 0x8000137e (0x82b54b03) lbu     s6, -2005(a0)
core   0: 3 0x8000137e (0x82b54b03) x22 0x0000004f mem 0x8001841f
core   0: 0x80001382 (0x02faf233) remu    tp, s5, a5
core   0: 3 0x80001382 (0x02faf233) x4  0x80020a41
core   0: 0x80001386 (0x72350383) lb      t2, 1827(a0)
core   0: 3 0x80001386 (0x72350383) x7  0xffffff8c mem 0x80019317
core   0: 0x8000138a (0xe2e50903) lb      s2, -466(a0)
core   0: 3 0x8000138a (0xe2e50903) x18 0xffffffb7 mem 0x80018a22
core   0: 0x8000138e (0xab550ba3) sb      s5, -1353(a0)
core   0: 3 0x8000138e (0xab550ba3) mem 0x800186ab 0x41
core   0: 0x80001392 (0x340ce4f3) csrrsi  s1, mscratch, 25
core   0: 3 0x80001392 (0x340ce4f3) x9  0x80020f61 c832_mscratch 0x80020f79
core   0: 0x80001396 (0x41258033) sub     zero, a1, s2
core   0: 3 0x80001396 (0x41258033)
core   0: 0x8000139a (0x40651623) sh      t1, 1036(a0)
core   0: 3 0x8000139a (0x40651623) mem 0x80019000 0xffa2
core   0: 0x8000139e (0x71f8f013) andi    zero, a7, 1823
core   0: 3 0x8000139e (0x71f8f013)
core   0: 0x800013a2 (0xb2051003) lh      zero, -1248(a0)
core   0: 3 0x800013a2 (0xb2051003) mem 0x80018714
core   0: 0x800013a6 (0xe8650b83) lb      s7, -378(a0)
core   0: 3 0x800013a6 (0xe8650b83) x23 0x0000004d mem 0x80018a7a
core   0: 0x800013aa (0xe2c50da3) sb      a2, -453(a0)
core   0: 3 0x800013aa (0xe2c50da3) mem 0x80018a2f 0xf8
core   0: 0x800013ae (0x00c65993) srli    s3, a2, 12
core   0: 3 0x800013ae (0x00c65993) x19 0x000fffff
core   0: 0x800013b2 (0xefe55583) lhu     a1, -258(a0)
core   0: 3 0x800013b2 (0xefe55583) x11 0x00004381 mem 0x80018af2
core   0: 0x800013b6 (0x00008c95) c.sub   s1, a3
core   0: 3 0x800013b6 (0x8c95) x9  0xffff723d
core   0: 0x800013b8 (0x034abd33) mulhu   s10, s5, s4
core   0: 3 0x800013b8 (0x034abd33) x26 0x4001872d
core   0: 0x800013bc (0x01876f13) ori     t5, a4, 24
core   0: 3 0x800013bc (0x01876f13) x30 0x00000018
core   0: 0x800013c0 (0x85055703) lhu     a4, -1968(a0)
core   0: 3 0x800013c0 (0x85055703) x14 0x0000d811 mem 0x80018444
core   0: 0x800013c4 (0xa0250c03) lb      s8, -1534(a0)
core   0: 3 0x800013c4 (0xa0250c03) x24 0x00000003 mem 0x800185f6
core   0: 0x800013c8 (0x000015fd) c.addi  a1, -1
core   0: 3 0x800013c8 (0x15fd) x11 0x00004380
core   0: 0x800013ca (0x0b954b03) lbu     s6, 185(a0)
core   0: 3 0x800013ca (0x0b954b03) x22 0x00000033 mem 0x80018cad
core   0: 0x800013ce (0xb1651003) lh      zero, -1258(a0)
core   0: 3 0x800013ce (0xb1651003) mem 0x8001870a
core   0: 0x800013d2 (0x4c354583) lbu     a1, 1219(a0)
core   0: 3 0x800013d2 (0x4c354583) x11 0x0000002a mem 0x800190b7
core   0: 0x800013d6 (0xf7651223) sh      s6, -156(a0)
core   0: 3 0x800013d6 (0xf7651223) mem 0x80018b58 0x0033
core   0: 0x800013da (0x70f54a03) lbu     s4, 1807(a0)
core   0: 3 0x800013da (0x70f54a03) x20 0x000000dc mem 0x80019303
core   0: 0x800013de (0x000099fd) c.andi  a1, -1
core   0: 3 0x800013de (0x99fd) x11 0x0000002a
core   0: 0x800013e0 (0x497ab593) sltiu   a1, s5, 1175
core   0: 3 0x800013e0 (0x497ab593) x11 0x00000000
core   0: 0x800013e4 (0x4195ac13) slti    s8, a1, 1049
core   0: 3 0x800013e4 (0x4195ac13) x24 0x00000001
core   0: 0x800013e8 (0x9e054603) lbu     a2, -1568(a0)
core   0: 3 0x800013e8 (0x9e054603) x12 0x0000005b mem 0x800185d4
core   0: 0x800013ec (0x01789b13) slli    s6, a7, 23
core   0: 3 0x800013ec (0x01789b13) x22 0xb0800000
core   0: 0x800013f0 (0xf6486f93) ori     t6, a6, -156
core   0: 3 0x800013f0 (0xf6486f93) x31 0xfffffff4
core   0: 0x800013f4 (0xddf50703) lb      a4, -545(a0)
core   0: 3 0x800013f4 (0xddf50703) x14 0xffffffb0 mem 0x800189d3
core   0: 0x800013f8 (0x5dd50783) lb      a5, 1501(a0)
core   0: 3 0x800013f8 (0x5dd50783) x15 0xfffffffa mem 0x800191d1
core   0: 0x800013fc (0xdc351423) sh      gp, -568(a0)
core   0: 3 0x800013fc (0xdc351423) mem 0x800189bc 0x00da
core   0: 0x80001400 (0xb5455303) lhu     t1, -1196(a0)
core   0: 3 0x80001400 (0xb5455303) x6  0x0000b36c mem 0x80018748
core   0: 0x80001404 (0xeaa50d03) lb      s10, -342(a0)
core   0: 3 0x80001404 (0xeaa50d03) x26 0x0000006a mem 0x80018a9e
core   0: 0x80001408 (0x340955f3) csrrwi  a1, mscratch, 18
core   0: 3 0x80001408 (0x340955f3) x11 0x80020f79 c832_mscratch 0x00000012
core   0: 0x8000140c (0x9c851303) lh      t1, -1592(a0)
core   0: 3 0x8000140c (0x9c851303) x6  0x00001845 mem 0x800185bc
core   0: 0x80001410 (0xfe950f03) lb      t5, -23(a0)
core   0: 3 0x80001410 (0xfe950f03) x30 0xffffff82 mem 0x80018bdd
core   0: 0x80001414 (0xd9554303) lbu     t1, -619(a0)
core   0: 3 0x80001414 (0xd9554303) x6  0x000000c8 mem 0x80018989
core   0: 0x80001418 (0x0001f917) auipc   s2, 0x1f
core   0: 3 0x80001418 (0x0001f917) x18 0x80020418
core   0: 0x8000141c (0x29090913) addi    s2, s2, 656
core   0: 3 0x8000141c (0x29090913) x18 0x800206a8
core   0: 0x80001420 (0x03594003) lbu     zero, 53(s2)
core   0: 3 0x80001420 (0x03594003) mem 0x800206dd
core   0: 0x80001424 (0x02594b03) lbu     s6, 37(s2)
core   0: 3 0x80001424 (0x02594b03) x22 0x0000000f mem 0x800206cd
core   0: 0x80001428 (0xff9908a3) sb      s9, -15(s2)
core   0: 3 0x80001428 (0xff9908a3) mem 0x80020699 0xf8
core   0: 0x8000142c (0xf6194c03) lbu     s8, -159(s2)
core   0: 3 0x8000142c (0xf6194c03) x24 0x00000031 mem 0x80020609
core   0: 0x80001430 (0x4163d293) srai    t0, t2, 22
core   0: 3 0x80001430 (0x4163d293) x5  0xffffffff
core   0: 0x80001434 (0x0000100f) fence.i
core   0: 3 0x80001434 (0x0000100f)
core   0: 0x80001438 (0x34003073) csrc    mscratch, zero
core   0: 3 0x80001438 (0x34003073)
core   0: 0x8000143c (0xf4190083) lb      ra, -191(s2)
core   0: 3 0x8000143c (0xf4190083) x1  0x00000023 mem 0x800205e9
core   0: 0x80001440 (0xfc991323) sh      s1, -58(s2)
core   0: 3 0x80001440 (0xfc991323) mem 0x8002066e 0x723d
core   0: 0x80001444 (0x03c269b3) rem     s3, tp, t3
core   0: 3 0x80001444 (0x03c269b3) x19 0xffffab9d
core   0: 0x80001448 (0x01246eb3) or      t4, s0, s2
core   0: 3 0x80001448 (0x01246eb3) x29 0xb20206a8
core   0: 0x8000144c (0xf5490203) lb      tp, -172(s2)
core   0: 3 0x8000144c (0xf5490203) x4  0xffffff9e mem 0x800205fc
core   0: 0x80001450 (0xfbe90f03) lb      t5, -66(s2)
core   0: 3 0x80001450 (0xfbe90f03) x30 0xffffffc5 mem 0x80020666
core   0: 0x80001454 (0xfbf90403) lb      s0, -65(s2)
core   0: 3 0x80001454 (0xfbf90403) x8  0x00000006 mem 0x80020667
core   0: 0x80001458 (0xfca90a03) lb      s4, -54(s2)
core   0: 3 0x80001458 (0xfca90a03) x20 0xffffffdf mem 0x80020672
core   0: 0x8000145c (0xf0492703) lw      a4, -252(s2)
core   0: 3 0x8000145c (0xf0492703) x14 0x64a3c524 mem 0x800205ac
core   0: 0x80001460 (0x00691f13) slli    t5, s2, 6
core   0: 3 0x80001460 (0x00691f13) x30 0x0081aa00
core   0: 0x80001464 (0x05394583) lbu     a1, 83(s2)
core   0: 3 0x80001464 (0x05394583) x11 0x00000090 mem 0x800206fb
core   0: 0x80001468 (0xf97900a3) sb      s7, -127(s2)
core   0: 3 0x80001468 (0xf97900a3) mem 0x80020629 0x4d
core   0: 0x8000146c (0x0188fb33) and     s6, a7, s8
core   0: 3 0x8000146c (0x0188fb33) x22 0x00000021
core   0: 0x80001470 (0x004e1c93) slli    s9, t3, 4
core   0: 3 0x80001470 (0x004e1c93) x25 0x0025ea40
core   0: 0x80001474 (0x340617f3) csrrw   a5, mscratch, a2
core   0: 3 0x80001474 (0x340617f3) x15 0x00000012 c832_mscratch 0x0000005b
core   0: 0x80001478 (0x0364d033) divu    zero, s1, s6
core   0: 3 0x80001478 (0x0364d033)
core   0: 0x8000147c (0x340cadf3) csrrs   s11, mscratch, s9
core   0: 3 0x8000147c (0x340cadf3) x27 0x0000005b c832_mscratch 0x0025ea5b
core   0: 0x80001480 (0xf6394b03) lbu     s6, -157(s2)
core   0: 3 0x80001480 (0xf6394b03) x22 0x000000f8 mem 0x8002060b
core   0: 0x80001484 (0xfcf94f83) lbu     t6, -49(s2)
core   0: 3 0x80001484 (0xfcf94f83) x31 0x00000012 mem 0x80020677
core   0: 0x80001488 (0x028859b3) divu    s3, a6, s0
core   0: 3 0x80001488 (0x028859b3) x19 0x2aaa9aed
core   0: 0x8000148c (0xf8d90a83) lb      s5, -115(s2)
core   0: 3 0x8000148c (0xf8d90a83) x21 0x00000068 mem 0x80020635
core   0: 0x80001490 (0x340924f3) csrrs   s1, mscratch, s2
core   0: 3 0x80001490 (0x340924f3) x9  0x0025ea5b c832_mscratch 0x8027eefb
core   0: 0x80001494 (0xa7e93413) sltiu   s0, s2, -1410
core   0: 3 0x80001494 (0xa7e93413) x8  0x00000001
core   0: 0x80001498 (0xfb390b83) lb      s7, -77(s2)
core   0: 3 0x80001498 (0xfb390b83) x23 0x0000004c mem 0x8002065b
core   0: 0x8000149c (0x34002cf3) csrr    s9, mscratch
core   0: 3 0x8000149c (0x34002cf3) x25 0x8027eefb
core   0: 0x800014a0 (0x02095983) lhu     s3, 32(s2)
core   0: 3 0x800014a0 (0x02095983) x19 0x0000a5f8 mem 0x800206c8
core   0: 0x800014a4 (0x035ea233) mulhsu  tp, t4, s5
core   0: 3 0x800014a4 (0x035ea233) x4  0xffffffe0
core   0: 0x800014a8 (0x408f0f33) sub     t5, t5, s0
core   0: 3 0x800014a8 (0x408f0f33) x30 0x0081a9ff
core   0: 0x800014ac (0xf6891283) lh      t0, -152(s2)
core   0: 3 0x800014ac (0xf6891283) x5  0xffffe88c mem 0x80020610
core   0: 0x800014b0 (0xe9bef813) andi    a6, t4, -357
core   0: 3 0x800014b0 (0xe9bef813) x16 0xb2020688
core   0: 0x800014b4 (0x0000100f) fence.i
core   0: 3 0x800014b4 (0x0000100f)
core   0: 0x800014b8 (0x0116b0b3) sltu    ra, a3, a7
core   0: 3 0x800014b8 (0x0116b0b3) x1  0x00000000
core   0: 0x800014bc (0x07291283) lh      t0, 114(s2)
core   0: 3 0x800014bc (0x07291283) x5  0xffffb431 mem 0x8002071a
core   0: 0x800014c0 (0x0000fd97) auipc   s11, 0xf
core   0: 3 0x800014c0 (0x0000fd97) x27 0x800104c0
core   0: 0x800014c4 (0x1c8d8d93) addi    s11, s11, 456
core   0: 3 0x800014c4 (0x1c8d8d93) x27 0x80010688
core   0: 0x800014c8 (0x054d9223) sh      s4, 68(s11)
core   0: 3 0x800014c8 (0x054d9223) mem 0x800106cc 0xffdf
core   0: 0x800014cc (0xf1ad9823) sh      s10, -240(s11)
core   0: 3 0x800014cc (0xf1ad9823) mem 0x80010598 0x006a
core   0: 0x800014d0 (0x02d73433) mulhu   s0, a4, a3
core   0: 3 0x800014d0 (0x02d73433) x8  0x3252e9a0
core   0: 0x800014d4 (0x00008cb5) c.xor   s1, a3
core   0: 3 0x800014d4 (0x8cb5) x9  0x8027777f
core   0: 0x800014d6 (0x0a3dca03) lbu     s4, 163(s11)
core   0: 3 0x800014d6 (0x0a3dca03) x20 0x0000006a mem 0x8001072b
core   0: 0x800014da (0x008f9933) sll     s2, t6, s0
core   0: 3 0x800014da (0x008f9933) x18 0x00000012
core   0: 0x800014de (0xb893c393) xori    t2, t2, -1143
core   0: 3 0x800014de (0xb893c393) x7  0x00000405
core   0: 0x800014e2 (0x01c25713) srli    a4, tp, 28
core   0: 3 0x800014e2 (0x01c25713) x14 0x0000000f
core   0: 0x800014e6 (0x015709b3) add     s3, a4, s5
core   0: 3 0x800014e6 (0x015709b3) x19 0x00000077
core   0: 0x800014ea (0x340730f3) csrrc   ra, mscratch, a4
core   0: 3 0x800014ea (0x340730f3) x1  0x8027eefb c832_mscratch 0x8027eef0
core   0: 0x800014ee (0xf90d82a3) sb      a6, -123(s11)
core   0: 3 0x800014ee (0xf90d82a3) mem 0x8001060d 0x88
core   0: 0x800014f2 (0x074daa23) sw      s4, 116(s11)
core   0: 3 0x800014f2 (0x074daa23) mem 0x800106fc 0x0000006a
core   0: 0x800014f6 (0x0290ec33) rem     s8, ra, s1
core   0: 3 0x800014f6 (0x0290ec33) x24 0x8027eefb
core   0: 0x800014fa (0x34043673) csrrc   a2, mscratch, s0
core   0: 3 0x800014fa (0x34043673) x12 0x8027eef0 c832_mscratch 0x80250650
core   0: 0x800014fe (0x0000867a) c.mv    a2, t5
core   0: 3 0x800014fe (0x867a) x12 0x0081a9ff
core   0: 0x80001500 (0x00009976) c.add   s2, t4
core   0: 3 0x80001500 (0x9976) x18 0xb20206ba
core   0: 0x80001502 (0x0ff0000f) fence   iorw,iorw
core   0: 3 0x80001502 (0x0ff0000f)
core   0: 0x80001506 (0x0ff0000f) fence   iorw,iorw
core   0: 3 0x80001506 (0x0ff0000f)
core   0: 0x8000150a (0x00000001) c.nop
core   0: 3 0x8000150a (0x0001)
core   0: 0x8000150c (0x023f68b3) rem     a7, t5, gp
core   0: 3 0x8000150c (0x023f68b3) x17 0x00000017
core   0: 0x80001510 (0x00765193) srli    gp, a2, 7
core   0: 3 0x80001510 (0x00765193) x3  0x00010353
core   0: 0x80001514 (0x00006b65) c.lui   s6, 0x19
core   0: 3 0x80001514 (0x6b65) x22 0x00019000
core   0: 0x80001516 (0x02487233) remu    tp, a6, tp
core   0: 3 0x80001516 (0x02487233) x4  0xb2020688
core   0: 0x8000151a (0x0c3d8ba3) sb      gp, 215(s11)
core   0: 3 0x8000151a (0x0c3d8ba3) mem 0x8001075f 0x53
core   0: 0x8000151e (0xffbd8a03) lb      s4, -5(s11)
core   0: 3 0x8000151e (0xffbd8a03) x20 0x00000040 mem 0x80010683
core   0: 0x80001522 (0x5e1e4593) xori    a1, t3, 1505
core   0: 3 0x80001522 (0x5e1e4593) x11 0x80025b45
core   0: 0x80001526 (0x0a5d8523) sb      t0, 170(s11)
core   0: 3 0x80001526 (0x0a5d8523) mem 0x80010732 0x31
core   0: 0x8000152a (0x000015fd) c.addi  a1, -1
core   0: 3 0x8000152a (0x15fd) x11 0x80025b44
core   0: 0x8000152c (0x01dbb533) sltu    a0, s7, t4
core   0: 3 0x8000152c (0x01dbb533) x10 0x00000001
core   0: 0x80001530 (0x11834613) xori    a2, t1, 280
core   0: 3 0x80001530 (0x11834613) x12 0x000001d0
core   0: 0x80001534 (0xf56d9f03) lh      t5, -170(s11)
core   0: 3 0x80001534 (0xf56d9f03) x30 0x00000e23 mem 0x800105de
core   0: 0x80001538 (0x00000001) c.nop
core   0: 3 0x80001538 (0x0001)
core   0: 0x8000153a (0xf13d8503) lb      a0, -237(s11)
core   0: 3 0x8000153a (0xf13d8503) x10 0x0000005c mem 0x8001059b
core   0: 0x8000153e (0x0000fd17) auipc   s10, 0xf
core   0: 3 0x8000153e (0x0000fd17) x26 0x8001053e
core   0: 0x80001542 (0x267d0d13) addi    s10, s10, 615
core   0: 3 0x80001542 (0x267d0d13) x26 0x800107a5
core   0: 0x80001546 (0xc8bc3893) sltiu   a7, s8, -885
core   0: 3 0x80001546 (0xc8bc3893) x17 0x00000001
core   0: 0x8000154a (0x00000e8e) c.slli  t4, 3
core   0: 3 0x8000154a (0x0e8e) x29 0x90103540
core   0: 0x8000154c (0x038d0383) lb      t2, 56(s10)
core   0: 3 0x8000154c (0x038d0383) x7  0xffffff96 mem 0x800107dd
core   0: 0x80001550 (0xfdfd1c03) lh      s8, -33(s10)
core   0: 3 0x80001550 (0xfdfd1c03) x24 0xffffd627 mem 0x80010784
core   0: 0x80001554 (0x051d0023) sb      a7, 64(s10)
core   0: 3 0x80001554 (0x051d0023) mem 0x800107e5 0x01
core   0: 0x80001558 (0xfddd0c03) lb      s8, -35(s10)
core   0: 3 0x80001558 (0xfddd0c03) x24 0x0000002e mem 0x80010782
core   0: 0x8000155c (0x0ff0000f) fence   iorw,iorw
core   0: 3 0x8000155c (0x0ff0000f)
core   0: 0x80001560 (0x00000001) c.nop
core   0: 3 0x80001560 (0x0001)
core   0: 0x80001562 (0x004a9793) slli    a5, s5, 4
core   0: 3 0x80001562 (0x004a9793) x15 0x00000680
core   0: 0x80001566 (0xfeed4603) lbu     a2, -18(s10)
core   0: 3 0x80001566 (0xfeed4603) x12 0x0000001e mem 0x80010793
core   0: 0x8000156a (0x015d4603) lbu     a2, 21(s10)
core   0: 3 0x8000156a (0x015d4603) x12 0x000000e4 mem 0x800107ba
core   0: 0x8000156e (0x03310333) mul     t1, sp, s3
core   0: 3 0x8000156e (0x03310333) x6  0x53641de8
core   0: 0x80001572 (0xfe0d23a3) sw      zero, -25(s10)
core   0: 3 0x80001572 (0xfe0d23a3) mem 0x8001078c 0x00000000
core   0: 0x80001576 (0x031d0f23) sb      a7, 62(s10)
core   0: 3 0x80001576 (0x031d0f23) mem 0x800107e3 0x01
core   0: 0x8000157a (0x03b88933) mul     s2, a7, s11
core   0: 3 0x8000157a (0x03b88933) x18 0x80010688
core   0: 0x8000157e (0xff5d02a3) sb      s5, -27(s10)
core   0: 3 0x8000157e (0xff5d02a3) mem 0x8001078a 0x68
core   0: 0x80001582 (0xfefd5f83) lhu     t6, -17(s10)
core   0: 3 0x80001582 (0xfefd5f83) x31 0x0000e642 mem 0x80010794
core   0: 0x80001586 (0x000098fd) c.andi  s1, -1
core   0: 3 0x80001586 (0x98fd) x9  0x8027777f
core   0: 0x80001588 (0x00008025) c.srli  s0, 9
core   0: 3 0x80001588 (0x8025) x8  0x00192974
core   0: 0x8000158a (0x014d4703) lbu     a4, 20(s10)
core   0: 3 0x8000158a (0x014d4703) x14 0x000000e6 mem 0x800107b9
core   0: 0x8000158e (0x0000060d) c.addi  a2, 3
core   0: 3 0x8000158e (0x060d) x12 0x000000e7
core   0: 0x80001590 (0xff1d5483) lhu     s1, -15(s10)
core   0: 3 0x80001590 (0xff1d5483) x9  0x0000f378 mem 0x80010796
core   0: 0x80001594 (0x00008fc5) c.or    a5, s1
core   0: 3 0x80001594 (0x8fc5) x15 0x0000f7f8
core   0: 0x80001596 (0xfdcd0da3) sb      t3, -37(s10)
core   0: 3 0x80001596 (0xfdcd0da3) mem 0x80010780 0xa4
core   0: 0x8000159a (0xfc2d0303) lb      t1, -62(s10)
core   0: 3 0x8000159a (0xfc2d0303) x6  0xffffff99 mem 0x80010767
core   0: 0x8000159e (0x01bd1303) lh      t1, 27(s10)
core   0: 3 0x8000159e (0x01bd1303) x6  0xfffff38f mem 0x800107c0
core   0: 0x800015a2 (0xfdfd0f03) lb      t5, -33(s10)
core   0: 3 0x800015a2 (0xfdfd0f03) x30 0x00000027 mem 0x80010784
core   0: 0x800015a6 (0x03ad0c23) sb      s10, 56(s10)
core   0: 3 0x800015a6 (0x03ad0c23) mem 0x800107dd 0xa5
core   0: 0x800015aa (0x004d0f23) sb      tp, 30(s10)
core   0: 3 0x800015aa (0x004d0f23) mem 0x800107c3 0x88
core   0: 0x800015ae (0x00010717) auipc   a4, 0x10
core   0: 3 0x800015ae (0x00010717) x14 0x800115ae
core   0: 0x800015b2 (0x93d70713) addi    a4, a4, -1731
core   0: 3 0x800015b2 (0x93d70713) x14 0x80010eeb
core   0: 0x800015b6 (0x0000928a) c.add   t0, sp
core   0: 3 0x800015b6 (0x928a) x5  0xfc65a789
core   0: 0x800015b8 (0xfe270fa3) sb      sp, -1(a4)
core   0: 3 0x800015b8 (0xfe270fa3) mem 0x80010eea 0x58
core   0: 0x800015bc (0xc1026393) ori     t2, tp, -1008
core   0: 3 0x800015bc (0xc1026393) x7  0xfffffe98
core   0: 0x800015c0 (0x0102ea33) or      s4, t0, a6
core   0: 3 0x800015c0 (0x0102ea33) x20 0xfe67a789
core   0: 0x800015c4 (0xfff71ea3) sh      t6, -3(a4)
core   0: 3 0x800015c4 (0xfff71ea3) mem 0x80010ee8 0xe642
core   0: 0x800015c8 (0x00008e5d) c.or    a2, a5
core   0: 3 0x800015c8 (0x8e5d) x12 0x0000f7ff
core   0: 0x800015ca (0x000085b5) c.srai  a1, 13
core   0: 3 0x800015ca (0x85b5) x11 0xfffc0012
core   0: 0x800015cc (0x01501993) slli    s3, zero, 21
core   0: 3 0x800015cc (0x01501993) x19 0x00000000
core   0: 0x800015d0 (0x006ee533) or      a0, t4, t1
core   0: 3 0x800015d0 (0x006ee533) x10 0xfffff7cf
core   0: 0x800015d4 (0x00374b03) lbu     s6, 3(a4)
core   0: 3 0x800015d4 (0x00374b03) x22 0x000000c8 mem 0x80010eee
core   0: 0x800015d8 (0x014702a3) sb      s4, 5(a4)
core   0: 3 0x800015d8 (0x014702a3) mem 0x80010ef0 0x89
core   0: 0x800015dc (0xfe970d23) sb      s1, -6(a4)
core   0: 3 0x800015dc (0xfe970d23) mem 0x80010ee5 0x78
core   0: 0x800015e0 (0x1ee405b7) lui     a1, 0x1ee40
core   0: 3 0x800015e0 (0x1ee405b7) x11 0x1ee40000
core   0: 0x800015e4 (0x40915633) sra     a2, sp, s1
core   0: 3 0x800015e4 (0x40915633) x12 0xfffffffc
core   0: 0x800015e8 (0xfff70783) lb      a5, -1(a4)
core   0: 3 0x800015e8 (0xfff70783) x15 0x00000058 mem 0x80010eea
core   0: 0x800015ec (0x00b70303) lb      t1, 11(a4)
core   0: 3 0x800015ec (0x00b70303) x6  0xffffff82 mem 0x80010ef6
core   0: 0x800015f0 (0xfe370823) sb      gp, -16(a4)
core   0: 3 0x800015f0 (0xfe370823) mem 0x80010edb 0x53
core   0: 0x800015f4 (0x00570e83) lb      t4, 5(a4)
core   0: 3 0x800015f4 (0x00570e83) x29 0xffffff89 mem 0x80010ef0
core   0: 0x800015f8 (0xff972503) lw      a0, -7(a4)
core   0: 3 0x800015f8 (0xff972503) x10 0xce9b7893 mem 0x80010ee4
core   0: 0x800015fc (0xff574403) lbu     s0, -11(a4)
core   0: 3 0x800015fc (0xff574403) x8  0x000000e6 mem 0x80010ee0
core   0: 0x80001600 (0x340c5df3) csrrwi  s11, mscratch, 24
core   0: 3 0x80001600 (0x340c5df3) x27 0x80250650 c832_mscratch 0x00000018
core   0: 0x80001604 (0xff175b03) lhu     s6, -15(a4)
core   0: 3 0x80001604 (0xff175b03) x22 0x0000fff4 mem 0x80010edc
core   0: 0x80001608 (0xff775f83) lhu     t6, -9(a4)
core   0: 3 0x80001608 (0xff775f83) x31 0x0000f71d mem 0x80010ee2
core   0: 0x8000160c (0x0ff0000f) fence   iorw,iorw
core   0: 3 0x8000160c (0x0ff0000f)
core   0: 0x80001610 (0xfea719a3) sh      a0, -13(a4)
core   0: 3 0x80001610 (0xfea719a3) mem 0x80010ede 0x7893
core   0: 0x80001614 (0x00d75783) lhu     a5, 13(a4)
core   0: 3 0x80001614 (0x00d75783) x15 0x00000a3e mem 0x80010ef8
core   0: 0x80001618 (0x00008e61) c.and   a2, s0
core   0: 3 0x80001618 (0x8e61) x12 0x000000e4
core   0: 0x8000161a (0xff972a83) lw      s5, -7(a4)
core   0: 3 0x8000161a (0xff972a83) x21 0xce9b7893 mem 0x80010ee4
core   0: 0x8000161e (0x000001de) c.slli  gp, 23
core   0: 3 0x8000161e (0x01de) x3  0xa9800000
core   0: 0x80001620 (0xff171ba3) sh      a7, -9(a4)
core   0: 3 0x80001620 (0xff171ba3) mem 0x80010ee2 0x0001
core   0: 0x80001624 (0x0000fc97) auipc   s9, 0xf
core   0: 3 0x80001624 (0x0000fc97) x25 0x80010624
core   0: 0x80001628 (0xfbfc8c93) addi    s9, s9, -65
core   0: 3 0x80001628 (0xfbfc8c93) x25 0x800105e3
core   0: 0x8000162c (0x00fe7033) and     zero, t3, a5
core   0: 3 0x8000162c (0x00fe7033)
core   0: 0x80001630 (0x4020da93) srai    s5, ra, 2
core   0: 3 0x80001630 (0x4020da93) x21 0xe009fbbe
core   0: 0x80001634 (0x0ff0000f) fence   iorw,iorw
core   0: 3 0x80001634 (0x0ff0000f)
core   0: 0x80001638 (0x050ccd83) lbu     s11, 80(s9)
core   0: 3 0x80001638 (0x050ccd83) x27 0x000000c5 mem 0x80010633
core   0: 0x8000163c (0x0124de93) srli    t4, s1, 18
core   0: 3 0x8000163c (0x0124de93) x29 0x00000000
core   0: 0x80001640 (0x34007573) csrrci  a0, mscratch, 0
core   0: 3 0x80001640 (0x34007573) x10 0x00000018
core   0: 0x80001644 (0x01aaf3b3) and     t2, s5, s10
core   0: 3 0x80001644 (0x01aaf3b3) x7  0x800103a4
core   0: 0x80001648 (0x98341097) auipc   ra, 0x98341
core   0: 3 0x80001648 (0x98341097) x1  0x18342648
core   0: 0x8000164c (0xf96ccd03) lbu     s10, -106(s9)
core   0: 3 0x8000164c (0xf96ccd03) x26 0x000000d2 mem 0x80010579
core   0: 0x80001650 (0x049cab83) lw      s7, 73(s9)
core   0: 3 0x80001650 (0x049cab83) x23 0xb45fae13 mem 0x8001062c
core   0: 0x80001654 (0x00000001) c.nop
core   0: 3 0x80001654 (0x0001)
core   0: 0x80001656 (0x02906633) rem     a2, zero, s1
core   0: 3 0x80001656 (0x02906633) x12 0x00000000
core   0: 0x8000165a (0x050c8723) sb      a6, 78(s9)
core   0: 3 0x8000165a (0x050c8723) mem 0x80010631 0x88
core   0: 0x8000165e (0x042ccd83) lbu     s11, 66(s9)
core   0: 3 0x8000165e (0x042ccd83) x27 0x00000039 mem 0x80010625
core   0: 0x80001662 (0x0ece4517) auipc   a0, 0xece4
core   0: 3 0x80001662 (0x0ece4517) x10 0x8ece5662
core   0: 0x80001666 (0x088c8903) lb      s2, 136(s9)
core   0: 3 0x80001666 (0x088c8903) x18 0x00000070 mem 0x8001066b
core   0: 0x8000166a (0x012c8d23) sb      s2, 26(s9)
core   0: 3 0x8000166a (0x012c8d23) mem 0x800105fd 0x70
core   0: 0x8000166e (0x000cc903) lbu     s2, 0(s9)
core   0: 3 0x8000166e (0x000cc903) x18 0x000000ce mem 0x800105e3
core   0: 0x80001672 (0xf4bcd283) lhu     t0, -181(s9)
core   0: 3 0x80001672 (0xf4bcd283) x5  0x0000a949 mem 0x8001052e
core   0: 0x80001676 (0x0000100f) fence.i
core   0: 3 0x80001676 (0x0000100f)
core   0: 0x8000167a (0x03ae9933) mulh    s2, t4, s10
core   0: 3 0x8000167a (0x03ae9933) x18 0x00000000
core   0: 0x8000167e (0x2b523293) sltiu   t0, tp, 693
core   0: 3 0x8000167e (0x2b523293) x5  0x00000000
core   0: 0x80001682 (0x340cbf73) csrrc   t5, mscratch, s9
core   0: 3 0x80001682 (0x340cbf73) x30 0x00000018 c832_mscratch 0x00000018
core   0: 0x80001686 (0x0081aeb3) slt     t4, gp, s0
core   0: 3 0x80001686 (0x0081aeb3) x29 0x00000001
core   0: 0x8000168a (0x00008089) c.srli  s1, 2
core   0: 3 0x8000168a (0x8089) x9  0x00003cde
core   0: 0x8000168c (0x0d2c8923) sb      s2, 210(s9)
core   0: 3 0x8000168c (0x0d2c8923) mem 0x800106b5 0x00
core   0: 0x80001690 (0x0f0ca4a3) sw      a6, 233(s9)
core   0: 3 0x80001690 (0x0f0ca4a3) mem 0x800106cc 0xb2020688
core   0: 0x80001694 (0x0e5cc283) lbu     t0, 229(s9)
core   0: 3 0x80001694 (0x0e5cc283) x5  0x00000059 mem 0x800106c8
core   0: 0x80001698 (0x41a2d893) srai    a7, t0, 26
core   0: 3 0x80001698 (0x41a2d893) x17 0x00000000
core   0: 0x8000169c (0x0c4cc503) lbu     a0, 196(s9)
core   0: 3 0x8000169c (0x0c4cc503) x10 0x00000057 mem 0x800106a7
core   0: 0x800016a0 (0x095cc603) lbu     a2, 149(s9)
core   0: 3 0x800016a0 (0x095cc603) x12 0x0000006d mem 0x80010678
core   0: 0x800016a4 (0x01231013) slli    zero, t1, 18
core   0: 3 0x800016a4 (0x01231013)
core   0: 0x800016a8 (0x056c8923) sb      s6, 82(s9)
core   0: 3 0x800016a8 (0x056c8923) mem 0x80010635 0xf4
core   0: 0x800016ac (0x40c25233) sra     tp, tp, a2
core   0: 3 0x800016ac (0x40c25233) x4  0xfffd9010
core   0: 0x800016b0 (0x340f97f3) csrrw   a5, mscratch, t6
core   0: 3 0x800016b0 (0x340f97f3) x15 0x00000018 c832_mscratch 0x0000f71d
core   0: 0x800016b4 (0x03c79333) mulh    t1, a5, t3
core   0: 3 0x800016b4 (0x03c79333) x6  0xfffffff4
core   0: 0x800016b8 (0xf21c8623) sb      ra, -212(s9)
core   0: 3 0x800016b8 (0xf21c8623) mem 0x8001050f 0x48
core   0: 0x800016bc (0x0cac8083) lb      ra, 202(s9)
core   0: 3 0x800016bc (0x0cac8083) x1  0x0000002b mem 0x800106ad
core   0: 0x800016c0 (0xf43cd483) lhu     s1, -189(s9)
core   0: 3 0x800016c0 (0xf43cd483) x9  0x00000c96 mem 0x80010526
core   0: 0x800016c4 (0x00de5513) srli    a0, t3, 13
core   0: 3 0x800016c4 (0x00de5513) x10 0x00040012
core   0: 0x800016c8 (0x00b94533) xor     a0, s2, a1
core   0: 3 0x800016c8 (0x00b94533) x10 0x1ee40000
core   0: 0x800016cc (0x01bca7b3) slt     a5, s9, s11
core   0: 3 0x800016cc (0x01bca7b3) x15 0x00000001
core   0: 0x800016d0 (0x340a3bf3) csrrc   s7, mscratch, s4
core   0: 3 0x800016d0 (0x340a3bf3) x23 0x0000f71d c832_mscratch 0x00005014
core   0: 0x800016d4 (0x0c2cc883) lbu     a7, 194(s9)
core   0: 3 0x800016d4 (0x0c2cc883) x17 0x00000072 mem 0x800106a5
core   0: 0x800016d8 (0x34006b73) csrrsi  s6, mscratch, 0
core   0: 3 0x800016d8 (0x34006b73) x22 0x00005014
core   0: 0x800016dc (0x00008c99) c.sub   s1, a4
core   0: 3 0x800016dc (0x8c99) x9  0x7ffefdab
core   0: 0x800016de (0x0000100f) fence.i
core   0: 3 0x800016de (0x0000100f)
core   0: 0x800016e2 (0x75f66093) ori     ra, a2, 1887
core   0: 3 0x800016e2 (0x75f66093) x1  0x0000077f
core   0: 0x800016e6 (0xfa2cc883) lbu     a7, -94(s9)
core   0: 3 0x800016e6 (0xfa2cc883) x17 0x00000059 mem 0x80010585
core   0: 0x800016ea (0x0001ad97) auipc   s11, 0x1a
core   0: 3 0x800016ea (0x0001ad97) x27 0x8001b6ea
core   0: 0x800016ee (0xe85d8d93) addi    s11, s11, -379
core   0: 3 0x800016ee (0xe85d8d93) x27 0x8001b56f
core   0: 0x800016f2 (0xff9dd603) lhu     a2, -7(s11)
core   0: 3 0x800016f2 (0xff9dd603) x12 0x0000f63a mem 0x8001b568
core   0: 0x800016f6 (0x00004269) c.li    tp, 26
core   0: 3 0x800016f6 (0x4269) x4  0x0000001a
core   0: 0x800016f8 (0x6031eb93) ori     s7, gp, 1539
core   0: 3 0x800016f8 (0x6031eb93) x23 0xa9800603
core   0: 0x800016fc (0x00000d16) c.slli  s10, 5
core   0: 3 0x800016fc (0x0d16) x26 0x00001a40
core   0: 0x800016fe (0x00008c79) c.and   s0, a4
core   0: 3 0x800016fe (0x8c79) x8  0x000000e2
core   0: 0x80001700 (0xfded8f03) lb      t5, -34(s11)
core   0: 3 0x80001700 (0xfded8f03) x30 0xffffffa1 mem 0x8001b54d
core   0: 0x80001704 (0x00000001) c.nop
core   0: 3 0x80001704 (0x0001)
core   0: 0x80001706 (0x003d8023) sb      gp, 0(s11)
core   0: 3 0x80001706 (0x003d8023) mem 0x8001b56f 0x00
core   0: 0x8000170a (0xff5d8803) lb      a6, -11(s11)
core   0: 3 0x8000170a (0xff5d8803) x16 0x0000000e mem 0x8001b564
core   0: 0x8000170e (0x011d8903) lb      s2, 17(s11)
core   0: 3 0x8000170e (0x011d8903) x18 0xffffffcd mem 0x8001b580
core   0: 0x80001712 (0xfc0dc383) lbu     t2, -64(s11)
core   0: 3 0x80001712 (0xfc0dc383) x7  0x00000048 mem 0x8001b52f
core   0: 0x80001716 (0xfffdda83) lhu     s5, -1(s11)
core   0: 3 0x80001716 (0xfffdda83) x21 0x000000f5 mem 0x8001b56e
core   0: 0x8000171a (0x03fdca03) lbu     s4, 63(s11)
core   0: 3 0x8000171a (0x03fdca03) x20 0x000000bc mem 0x8001b5ae
core   0: 0x8000171e (0x025dc583) lbu     a1, 37(s11)
core   0: 3 0x8000171e (0x025dc583) x11 0x0000004c mem 0x8001b594
core   0: 0x80001722 (0x00008ff9) c.and   a5, a4
core   0: 3 0x80001722 (0x8ff9) x15 0x00000001
core   0: 0x80001724 (0x002348b3) xor     a7, t1, sp
core   0: 3 0x80001724 (0x002348b3) x17 0x039a0cac
core   0: 0x80001728 (0x01cd8923) sb      t3, 18(s11)
core   0: 3 0x80001728 (0x01cd8923) mem 0x8001b581 0xa4
core   0: 0x8000172c (0xfecd93a3) sh      a2, -25(s11)
core   0: 3 0x8000172c (0xfecd93a3) mem 0x8001b556 0xf63a
core   0: 0x80001730 (0x02adc283) lbu     t0, 42(s11)
core   0: 3 0x80001730 (0x02adc283) x5  0x0000009b mem 0x8001b599
core   0: 0x80001734 (0x005d9e83) lh      t4, 5(s11)
core   0: 3 0x80001734 (0x005d9e83) x29 0xffffbdb2 mem 0x8001b574
core   0: 0x80001738 (0x02a43433) mulhu   s0, s0, a0
core   0: 3 0x80001738 (0x02a43433) x8  0x0000001b
core   0: 0x8000173c (0x6ad7bf97) auipc   t6, 0x6ad7b
core   0: 3 0x8000173c (0x6ad7bf97) x31 0xead7c73c
core   0: 0x80001740 (0x03b0c0b3) div     ra, ra, s11
core   0: 3 0x80001740 (0x03b0c0b3) x1  0x00000000
core   0: 0x80001744 (0x13ed6413) ori     s0, s10, 318
core   0: 3 0x80001744 (0x13ed6413) x8  0x00001b7e
core   0: 0x80001748 (0x02bdc383) lbu     t2, 43(s11)
core   0: 3 0x80001748 (0x02bdc383) x7  0x0000005b mem 0x8001b59a
core   0: 0x8000174c (0xfe0d94a3) sh      zero, -23(s11)
core   0: 3 0x8000174c (0xfe0d94a3) mem 0x8001b558 0x0000
core   0: 0x80001750 (0x029d8883) lb      a7, 41(s11)
core   0: 3 0x80001750 (0x029d8883) x17 0x0000006e mem 0x8001b598
core   0: 0x80001754 (0xffed8723) sb      t5, -18(s11)
core   0: 3 0x80001754 (0xffed8723) mem 0x8001b55d 0xa1
core   0: 0x80001758 (0x030dcf83) lbu     t6, 48(s11)
core   0: 3 0x80001758 (0x030dcf83) x31 0x000000e7 mem 0x8001b59f
core   0: 0x8000175c (0xfc2dce83) lbu     t4, -62(s11)
core   0: 3 0x8000175c (0xfc2dce83) x29 0x00000012 mem 0x8001b531
core   0: 0x80001760 (0x73524193) xori    gp, tp, 1845
core   0: 3 0x80001760 (0x73524193) x3  0x0000072f
core   0: 0x80001764 (0xfcadce83) lbu     t4, -54(s11)
core   0: 3 0x80001764 (0xfcadce83) x29 0x000000b1 mem 0x8001b539
core   0: 0x80001768 (0x00013317) auipc   t1, 0x13
core   0: 3 0x80001768 (0x00013317) x6  0x80014768
core   0: 0x8000176c (0xe1030313) addi    t1, t1, -496
core   0: 3 0x8000176c (0xe1030313) x6  0x80014578
core   0: 0x80001770 (0x00006795) c.lui   a5, 0x5
core   0: 3 0x80001770 (0x6795) x15 0x00005000
core   0: 0x80001772 (0x01b31523) sh      s11, 10(t1)
core   0: 3 0x80001772 (0x01b31523) mem 0x80014582 0xb56f
core   0: 0x80001776 (0x00e31083) lh      ra, 14(t1)
core   0: 3 0x80001776 (0x00e31083) x1  0xffffb7a9 mem 0x80014586
core   0: 0x8000177a (0x00008c11) c.sub   s0, a2
core   0: 3 0x8000177a (0x8c11) x8  0xffff2544
core   0: 0x8000177c (0xfe2308a3) sb      sp, -15(t1)
core   0: 3 0x8000177c (0xfe2308a3) mem 0x80014569 0x58
core   0: 0x80001780 (0x0280cbb3) div     s7, ra, s0
core   0: 3 0x80001780 (0x0280cbb3) x23 0x00000000
core   0: 0x80001784 (0x34006973) csrrsi  s2, mscratch, 0
core   0: 3 0x80001784 (0x34006973) x18 0x00005014
core   0: 0x80001788 (0x00f30483) lb      s1, 15(t1)
core   0: 3 0x80001788 (0x00f30483) x9  0xffffffb7 mem 0x80014587
core   0: 0x8000178c (0x01e30123) sb      t5, 2(t1)
core   0: 3 0x8000178c (0x01e30123) mem 0x8001457a 0xa1
core   0: 0x80001790 (0x00008f35) c.xor   a4, a3
core   0: 3 0x80001790 (0x8f35) x14 0x000393cf
core   0: 0x80001792 (0xff730083) lb      ra, -9(t1)
core   0: 3 0x80001792 (0xff730083) x1  0x00000079 mem 0x8001456f
core   0: 0x80001796 (0x4164ddb3) sra     s11, s1, s6
core   0: 3 0x80001796 (0x4164ddb3) x27 0xffffffff
core   0: 0x8000179a (0xf08ebf17) auipc   t5, 0xf08eb
core   0: 3 0x8000179a (0xf08ebf17) x30 0x708ec79a
core   0: 0x8000179e (0x00b34503) lbu     a0, 11(t1)
core   0: 3 0x8000179e (0x00b34503) x10 0x000000b5 mem 0x80014583
core   0: 0x800017a2 (0x005811b3) sll     gp, a6, t0
core   0: 3 0x800017a2 (0x005811b3) x3  0x70000000
core   0: 0x800017a6 (0x00009f62) c.add   t5, s8
core   0: 3 0x800017a6 (0x9f62) x30 0x708ec7c8
core   0: 0x800017a8 (0xffd34583) lbu     a1, -3(t1)
core   0: 3 0x800017a8 (0xffd34583) x11 0x00000098 mem 0x80014575
core   0: 0x800017ac (0x023c8833) mul     a6, s9, gp
core   0: 3 0x800017ac (0x023c8833) x16 0x50000000
core   0: 0x800017b0 (0x00008cf5) c.and   s1, a3
core   0: 3 0x800017b0 (0x8cf5) x9  0x80029d24
core   0: 0x800017b2 (0x4d056413) ori     s0, a0, 1232
core   0: 3 0x800017b2 (0x4d056413) x8  0x000004f5
core   0: 0x800017b6 (0xe45e8813) addi    a6, t4, -443
core   0: 3 0x800017b6 (0xe45e8813) x16 0xfffffef6
core   0: 0x800017ba (0x01375533) srl     a0, a4, s3
core   0: 3 0x800017ba (0x01375533) x10 0x000393cf
core   0: 0x800017be (0xffd31a23) sh      t4, -12(t1)
core   0: 3 0x800017be (0xffd31a23) mem 0x8001456c 0x00b1
core   0: 0x800017c2 (0x0390a4b3) mulhsu  s1, ra, s9
core   0: 3 0x800017c2 (0x0390a4b3) x9  0x0000003c
core   0: 0x800017c6 (0x00934503) lbu     a0, 9(t1)
core   0: 3 0x800017c6 (0x00934503) x10 0x0000005f mem 0x80014581
core   0: 0x800017ca (0x00009d7e) c.add   s10, t6
core   0: 3 0x800017ca (0x9d7e) x26 0x00001b27
core   0: 0x800017cc (0x000059fd) c.li    s3, -1
core   0: 3 0x800017cc (0x59fd) x19 0xffffffff
core   0: 0x800017ce (0x00008825) c.andi  s0, 9
core   0: 3 0x800017ce (0x8825) x8  0x00000001
core   0: 0x800017d0 (0x00b301a3) sb      a1, 3(t1)
core   0: 3 0x800017d0 (0x00b301a3) mem 0x8001457b 0x98
core   0: 0x800017d4 (0x0751adb7) lui     s11, 0x751a
core   0: 3 0x800017d4 (0x0751adb7) x27 0x0751a000
core   0: 0x800017d8 (0x00f34703) lbu     a4, 15(t1)
core   0: 3 0x800017d8 (0x00f34703) x14 0x000000b7 mem 0x80014587
core   0: 0x800017dc (0x00630483) lb      s1, 6(t1)
core   0: 3 0x800017dc (0x00630483) x9  0x00000040 mem 0x8001457e
core   0: 0x800017e0 (0x015f3f33) sltu    t5, t5, s5
core   0: 3 0x800017e0 (0x015f3f33) x30 0x00000000
core   0: 0x800017e4 (0xce0b8513) addi    a0, s7, -800
core   0: 3 0x800017e4 (0xce0b8513) x10 0xfffffce0
core   0: 0x800017e8 (0x340037f3) csrrc   a5, mscratch, zero
core   0: 3 0x800017e8 (0x340037f3) x15 0x00005014
core   0: 0x800017ec (0x00008b5d) c.andi  a4, 23
core   0: 3 0x800017ec (0x8b5d) x14 0x00000017
core   0: 0x800017ee (0x00a305a3) sb      a0, 11(t1)
core   0: 3 0x800017ee (0x00a305a3) mem 0x80014583 0xe0
core   0: 0x800017f2 (0x00017797) auipc   a5, 0x17
core   0: 3 0x800017f2 (0x00017797) x15 0x800187f2
core   0: 0x800017f6 (0xc7078793) addi    a5, a5, -912
core   0: 3 0x800017f6 (0xc7078793) x15 0x80018462
core   0: 0x800017fa (0x01ec1413) slli    s0, s8, 30
core   0: 3 0x800017fa (0x01ec1413) x8  0x80000000
core   0: 0x800017fe (0xf247dc03) lhu     s8, -220(a5)
core   0: 3 0x800017fe (0xf247dc03) x24 0x0000737d mem 0x80018386
core   0: 0x80001802 (0xf287a523) sw      s0, -214(a5)
core   0: 3 0x80001802 (0xf287a523) mem 0x8001838c 0x80000000
core   0: 0x80001806 (0xff079923) sh      a6, -14(a5)
core   0: 3 0x80001806 (0xff079923) mem 0x80018454 0xfef6
core   0: 0x8000180a (0x0af78f03) lb      t5, 175(a5)
core   0: 3 0x8000180a (0x0af78f03) x30 0xffffffed mem 0x80018511
core   0: 0x8000180e (0x00008f61) c.and   a4, s0
core   0: 3 0x8000180e (0x8f61) x14 0x00000000
core   0: 0x80001810 (0x000088aa) c.mv    a7, a0
core   0: 3 0x80001810 (0x88aa) x17 0xfffffce0
core   0: 0x80001812 (0xfe9788a3) sb      s1, -15(a5)
core   0: 3 0x80001812 (0xfe9788a3) mem 0x80018453 0x40
core   0: 0x80001816 (0xfa279583) lh      a1, -94(a5)
core   0: 3 0x80001816 (0xfa279583) x11 0x00006e42 mem 0x80018404
core   0: 0x8000181a (0x00000001) c.nop
core   0: 3 0x8000181a (0x0001)
core   0: 0x8000181c (0x03fb0433) mul     s0, s6, t6
core   0: 3 0x8000181c (0x03fb0433) x8  0x0048420c
core   0: 0x80001820 (0x06d78c03) lb      s8, 109(a5)
core   0: 3 0x80001820 (0x06d78c03) x24 0xffffff8b mem 0x800184cf
core   0: 0x80001824 (0x002759b3) srl     s3, a4, sp
core   0: 3 0x80001824 (0x002759b3) x19 0x00000000
core   0: 0x80001828 (0x02219b33) mulh    s6, gp, sp
core   0: 3 0x80001828 (0x02219b33) x22 0xfe6c9a76
core   0: 0x8000182c (0xfcf78183) lb      gp, -49(a5)
core   0: 3 0x8000182c (0xfcf78183) x3  0xffffffce mem 0x80018431
core   0: 0x80001830 (0xff4784a3) sb      s4, -23(a5)
core   0: 3 0x80001830 (0xff4784a3) mem 0x8001844b 0xbc
core   0: 0x80001834 (0x0ce785a3) sb      a4, 203(a5)
core   0: 3 0x80001834 (0x0ce785a3) mem 0x8001852d 0x00
core   0: 0x80001838 (0x00008f15) c.sub   a4, a3
core   0: 3 0x80001838 (0x8f15) x14 0x7ffd62dc
core   0: 0x8000183a (0x34007d73) csrrci  s10, mscratch, 0
core   0: 3 0x8000183a (0x34007d73) x26 0x00005014
core   0: 0x8000183e (0x3288ee93) ori     t4, a7, 808
core   0: 3 0x8000183e (0x3288ee93) x29 0xffffffe8
core   0: 0x80001842 (0x00000001) c.nop
core   0: 3 0x80001842 (0x0001)
core   0: 0x80001844 (0xffc7d083) lhu     ra, -4(a5)
core   0: 3 0x80001844 (0xffc7d083) x1  0x0000707b mem 0x8001845e
core   0: 0x80001848 (0x00000001) c.nop
core   0: 3 0x80001848 (0x0001)
core   0: 0x8000184a (0x02b78a83) lb      s5, 43(a5)
core   0: 3 0x8000184a (0x02b78a83) x21 0x0000005b mem 0x8001848d
core   0: 0x8000184e (0x0117b4b3) sltu    s1, a5, a7
core   0: 3 0x8000184e (0x0117b4b3) x9  0x00000001
core   0: 0x80001852 (0x00000001) c.nop
core   0: 3 0x80001852 (0x0001)
core   0: 0x80001854 (0x0057cf83) lbu     t6, 5(a5)
core   0: 3 0x80001854 (0x0057cf83) x31 0x000000c8 mem 0x80018467
core   0: 0x80001858 (0x34006c73) csrrsi  s8, mscratch, 0
core   0: 3 0x80001858 (0x34006c73) x24 0x00005014
core   0: 0x8000185c (0xfff7c003) lbu     zero, -1(a5)
core   0: 3 0x8000185c (0xfff7c003) mem 0x80018461
core   0: 0x80001860 (0x0297cb83) lbu     s7, 41(a5)
core   0: 3 0x80001860 (0x0297cb83) x23 0x0000000d mem 0x8001848b
core   0: 0x80001864 (0x340b9273) csrrw   tp, mscratch, s7
core   0: 3 0x80001864 (0x340b9273) x4  0x00005014 c832_mscratch 0x0000000d
core   0: 0x80001868 (0xb5602eb7) lui     t4, 0xb5602
core   0: 3 0x80001868 (0xb5602eb7) x29 0xb5602000
core   0: 0x8000186c (0x0bd7c983) lbu     s3, 189(a5)
core   0: 3 0x8000186c (0x0bd7c983) x19 0x0000006f mem 0x8001851f
core   0: 0x80001870 (0xffc78903) lb      s2, -4(a5)
core   0: 3 0x80001870 (0xffc78903) x18 0x0000007b mem 0x8001845e
core   0: 0x80001874 (0x340039f3) csrrc   s3, mscratch, zero
core   0: 3 0x80001874 (0x340039f3) x19 0x0000000d
core   0: 0x80001878 (0xf9479b83) lh      s7, -108(a5)
core   0: 3 0x80001878 (0xf9479b83) x23 0x00005eeb mem 0x800183f6
core   0: 0x8000187c (0x0a37c083) lbu     ra, 163(a5)
core   0: 3 0x8000187c (0x0a37c083) x1  0x00000011 mem 0x80018505
core   0: 0x80001880 (0xfc479903) lh      s2, -60(a5)
core   0: 3 0x80001880 (0xfc479903) x18 0xffffd90c mem 0x80018426
core   0: 0x80001884 (0x09b7c283) lbu     t0, 155(a5)
core   0: 3 0x80001884 (0x09b7c283) x5  0x000000d6 mem 0x800184fd
core   0: 0x80001888 (0xf4578a03) lb      s4, -187(a5)
core   0: 3 0x80001888 (0xf4578a03) x20 0xffffff9a mem 0x800183a7
core   0: 0x8000188c (0x02678a03) lb      s4, 38(a5)
core   0: 3 0x8000188c (0x02678a03) x20 0xfffffff7 mem 0x80018488
core   0: 0x80001890 (0xf1a78b23) sb      s10, -234(a5)
core   0: 3 0x80001890 (0xf1a78b23) mem 0x80018378 0x14
core   0: 0x80001894 (0x40b2ddb3) sra     s11, t0, a1
core   0: 3 0x80001894 (0x40b2ddb3) x27 0x00000035
core   0: 0x80001898 (0x0f879083) lh      ra, 248(a5)
core   0: 3 0x80001898 (0x0f879083) x1  0xffffe7eb mem 0x8001855a
core   0: 0x8000189c (0x0ff78803) lb      a6, 255(a5)
core   0: 3 0x8000189c (0x0ff78803) x16 0x00000045 mem 0x80018561
core   0: 0x800018a0 (0x0000100f) fence.i
core   0: 3 0x800018a0 (0x0000100f)
core   0: 0x800018a4 (0x027925b3) mulhsu  a1, s2, t2
core   0: 3 0x800018a4 (0x027925b3) x11 0xffffffff
core   0: 0x800018a8 (0x02e80233) mul     tp, a6, a4
core   0: 3 0x800018a8 (0x02e80233) x4  0x7f4ba54c
core   0: 0x800018ac (0x02722c33) mulhsu  s8, tp, t2
core   0: 3 0x800018ac (0x02722c33) x24 0x0000002d
core   0: 0x800018b0 (0xf727d903) lhu     s2, -142(a5)
core   0: 3 0x800018b0 (0xf727d903) x18 0x00004298 mem 0x800183d4
core   0: 0x800018b4 (0x00012e97) auipc   t4, 0x12
core   0: 3 0x800018b4 (0x00012e97) x29 0x800138b4
core   0: 0x800018b8 (0x371e8e93) addi    t4, t4, 881
core   0: 3 0x800018b8 (0x371e8e93) x29 0x80013c25
core   0: 0x800018bc (0xff4ec403) lbu     s0, -12(t4)
core   0: 3 0x800018bc (0xff4ec403) x8  0x0000001f mem 0x80013c19
core   0: 0x800018c0 (0x00000001) c.nop
core   0: 3 0x800018c0 (0x0001)
core   0: 0x800018c2 (0x00ae8423) sb      a0, 8(t4)
core   0: 3 0x800018c2 (0x00ae8423) mem 0x80013c2d 0xe0
core   0: 0x800018c6 (0xffbeada3) sw      s11, -5(t4)
core   0: 3 0x800018c6 (0xffbeada3) mem 0x80013c20 0x00000035
core   0: 0x800018ca (0x007ed803) lhu     a6, 7(t4)
core   0: 3 0x800018ca (0x007ed803) x16 0x0000e07f mem 0x80013c2c
core   0: 0x800018ce (0x006ecc03) lbu     s8, 6(t4)
core   0: 3 0x800018ce (0x006ecc03) x24 0x000000b5 mem 0x80013c2b
core   0: 0x800018d2 (0x008ecc03) lbu     s8, 8(t4)
core   0: 3 0x800018d2 (0x008ecc03) x24 0x000000e0 mem 0x80013c2d
core   0: 0x800018d6 (0x00ae8523) sb      a0, 10(t4)
core   0: 3 0x800018d6 (0x00ae8523) mem 0x80013c2f 0xe0
core   0: 0x800018da (0xffbed603) lhu     a2, -5(t4)
core   0: 3 0x800018da (0xffbed603) x12 0x00000035 mem 0x80013c20
core   0: 0x800018de (0x004ec483) lbu     s1, 4(t4)
core   0: 3 0x800018de (0x004ec483) x9  0x00000019 mem 0x80013c29
core   0: 0x800018e2 (0x02241933) mulh    s2, s0, sp
core   0: 3 0x800018e2 (0x02241933) x18 0xffffffff
core   0: 0x800018e6 (0x005c9193) slli    gp, s9, 5
core   0: 3 0x800018e6 (0x005c9193) x3  0x0020bc60
core   0: 0x800018ea (0x032927b3) mulhsu  a5, s2, s2
core   0: 3 0x800018ea (0x032927b3) x15 0xffffffff
core   0: 0x800018ee (0xff8e8983) lb      s3, -8(t4)
core   0: 3 0x800018ee (0xff8e8983) x19 0xffffffc4 mem 0x80013c1d
core   0: 0x800018f2 (0x007339b3) sltu    s3, t1, t2
core   0: 3 0x800018f2 (0x007339b3) x19 0x00000000
core   0: 0x800018f6 (0xff2ec583) lbu     a1, -14(t4)
core   0: 3 0x800018f6 (0xff2ec583) x11 0x000000ab mem 0x80013c17
core   0: 0x800018fa (0xfe6e9ba3) sh      t1, -9(t4)
core   0: 3 0x800018fa (0xfe6e9ba3) mem 0x80013c1c 0x4578
core   0: 0x800018fe (0x010df633) and     a2, s11, a6
core   0: 3 0x800018fe (0x010df633) x12 0x00000035
core   0: 0x80001902 (0xffee8b03) lb      s6, -2(t4)
core   0: 3 0x80001902 (0xffee8b03) x22 0x00000000 mem 0x80013c23
core   0: 0x80001906 (0x000065a1) c.lui   a1, 0x8
core   0: 3 0x80001906 (0x65a1) x11 0x00008000
core   0: 0x80001908 (0x010e85a3) sb      a6, 11(t4)
core   0: 3 0x80001908 (0x010e85a3) mem 0x80013c30 0x7f
core   0: 0x8000190c (0x025203b3) mul     t2, tp, t0
core   0: 3 0x8000190c (0x025203b3) x7  0x693c2d88
core   0: 0x80001910 (0x00004a01) c.li    s4, 0
core   0: 3 0x80001910 (0x4a01) x20 0x00000000
core   0: 0x80001912 (0xff0e8f83) lb      t6, -16(t4)
core   0: 3 0x80001912 (0xff0e8f83) x31 0xffffffd1 mem 0x80013c15
core   0: 0x80001916 (0xfe7e9fa3) sh      t2, -1(t4)
core   0: 3 0x80001916 (0xfe7e9fa3) mem 0x80013c24 0x2d88
core   0: 0x8000191a (0x03d547b3) div     a5, a0, t4
core   0: 3 0x8000191a (0x03d547b3) x15 0x00000000
core   0: 0x8000191e (0x0068df13) srli    t5, a7, 6
core   0: 3 0x8000191e (0x0068df13) x30 0x03fffff3
core   0: 0x80001922 (0x34023c73) csrrc   s8, mscratch, tp
core   0: 3 0x80001922 (0x34023c73) x24 0x0000000d c832_mscratch 0x00000001
core   0: 0x80001926 (0x003e8023) sb      gp, 0(t4)
core   0: 3 0x80001926 (0x003e8023) mem 0x80013c25 0x60
core   0: 0x8000192a (0xffde8ba3) sb      t4, -9(t4)
core   0: 3 0x8000192a (0xffde8ba3) mem 0x80013c1c 0x25
core   0: 0x8000192e (0xff5ed903) lhu     s2, -11(t4)
core   0: 3 0x8000192e (0xff5ed903) x18 0x0000b696 mem 0x80013c1a
core   0: 0x80001932 (0xfe9ea9a3) sw      s1, -13(t4)
core   0: 3 0x80001932 (0xfe9ea9a3) mem 0x80013c18 0x00000019
core   0: 0x80001936 (0xff1e88a3) sb      a7, -15(t4)
core   0: 3 0x80001936 (0xff1e88a3) mem 0x80013c16 0xe0
core   0: 0x8000193a (0x01e90db3) add     s11, s2, t5
core   0: 3 0x8000193a (0x01e90db3) x27 0x0400b689
core   0: 0x8000193e (0xce567813) andi    a6, a2, -795
core   0: 3 0x8000193e (0xce567813) x16 0x00000025
core   0: 0x80001942 (0x00fe8003) lb      zero, 15(t4)
core   0: 3 0x80001942 (0x00fe8003) mem 0x80013c34
core   0: 0x80001946 (0x00006875) c.lui   a6, 0x1d
core   0: 3 0x80001946 (0x6875) x16 0x0001d000
core   0: 0x80001948 (0x01bd3533) sltu    a0, s10, s11
core   0: 3 0x80001948 (0x01bd3533) x10 0x00000001
core   0: 0x8000194c (0xfebe8aa3) sb      a1, -11(t4)
core   0: 3 0x8000194c (0xfebe8aa3) mem 0x80013c1a 0x00
core   0: 0x80001950 (0x25ec2a17) auipc   s4, 0x25ec2
core   0: 3 0x80001950 (0x25ec2a17) x20 0xa5ec3950
core   0: 0x80001954 (0xff2e9ba3) sh      s2, -9(t4)
core   0: 3 0x80001954 (0xff2e9ba3) mem 0x80013c1c 0xb696
core   0: 0x80001958 (0x00008bf6) c.mv    s7, t4
core   0: 3 0x80001958 (0x8bf6) x23 0x80013c25
core   0: 0x8000195a (0x00fe95a3) sh      a5, 11(t4)
core   0: 3 0x8000195a (0x00fe95a3) mem 0x80013c30 0x0000
core   0: 0x8000195e (0xfede9ca3) sh      a3, -7(t4)
core   0: 3 0x8000195e (0xfede9ca3) mem 0x80013c1e 0x9d24
core   0: 0x80001962 (0x0085c533) xor     a0, a1, s0
core   0: 3 0x80001962 (0x0085c533) x10 0x0000801f
core   0: 0x80001966 (0xffae8b03) lb      s6, -6(t4)
core   0: 3 0x80001966 (0xffae8b03) x22 0xffffff9d mem 0x80013c1f
core   0: 0x8000196a (0x00016497) auipc   s1, 0x16
core   0: 3 0x8000196a (0x00016497) x9  0x8001796a
core   0: 0x8000196e (0x6ae48493) addi    s1, s1, 1710
core   0: 3 0x8000196e (0x6ae48493) x9  0x80018018
core   0: 0x80001972 (0x09948b03) lb      s6, 153(s1)
core   0: 3 0x80001972 (0x09948b03) x22 0xffffff92 mem 0x800180b1
core   0: 0x80001976 (0x14073513) sltiu   a0, a4, 320
core   0: 3 0x80001976 (0x14073513) x10 0x00000000
core   0: 0x8000197a (0x00008031) c.srli  s0, 12
core   0: 3 0x8000197a (0x8031) x8  0x00000000
core   0: 0x8000197c (0x01505b93) srli    s7, zero, 21
core   0: 3 0x8000197c (0x01505b93) x23 0x00000000
core   0: 0x80001980 (0x68748703) lb      a4, 1671(s1)
core   0: 3 0x80001980 (0x68748703) x14 0xffffffe8 mem 0x8001869f
core   0: 0x80001984 (0x00001dfd) c.addi  s11, -1
core   0: 3 0x80001984 (0x1dfd) x27 0x0400b688
core   0: 0x80001986 (0x05e485a3) sb      t5, 75(s1)
core   0: 3 0x80001986 (0x05e485a3) mem 0x80018063 0xf3
core   0: 0x8000198a (0x0394ae23) sw      s9, 60(s1)
core   0: 3 0x8000198a (0x0394ae23) mem 0x80018054 0x800105e3
core   0: 0x8000198e (0x00000001) c.nop
core   0: 3 0x8000198e (0x0001)
core   0: 0x80001990 (0x315487a3) sb      s5, 783(s1)
core   0: 3 0x80001990 (0x315487a3) mem 0x80018327 0x5b
core   0: 0x80001994 (0xa89fb837) lui     a6, 0xa89fb
core   0: 3 0x80001994 (0xa89fb837) x16 0xa89fb000
core   0: 0x80001998 (0xbd548f03) lb      t5, -1067(s1)
core   0: 3 0x80001998 (0xbd548f03) x30 0xffffff9d mem 0x80017bed
core   0: 0x8000199c (0x081482a3) sb      ra, 133(s1)
core   0: 3 0x8000199c (0x081482a3) mem 0x8001809d 0xeb
core   0: 0x800019a0 (0x00008d1d) c.sub   a0, a5
core   0: 3 0x800019a0 (0x8d1d) x10 0x00000000
core   0: 0x800019a2 (0x8d3483a3) sb      s3, -1849(s1)
core   0: 3 0x800019a2 (0x8d3483a3) mem 0x800178df 0x00
core   0: 0x800019a6 (0x308489a3) sb      s0, 787(s1)
core   0: 3 0x800019a6 (0x308489a3) mem 0x8001832b 0x00
core   0: 0x800019aa (0x2f74aa23) sw      s7, 756(s1)
core   0: 3 0x800019aa (0x2f74aa23) mem 0x8001830c 0x00000000
core   0: 0x800019ae (0x73548f93) addi    t6, s1, 1845
core   0: 3 0x800019ae (0x73548f93) x31 0x8001874d
core   0: 0x800019b2 (0x0241fab3) remu    s5, gp, tp
core   0: 3 0x800019b2 (0x0241fab3) x21 0x0020bc60
core   0: 0x800019b6 (0x0000100f) fence.i
core   0: 3 0x800019b6 (0x0000100f)
core   0: 0x800019ba (0xc5d0bc13) sltiu   s8, ra, -931
core   0: 3 0x800019ba (0xc5d0bc13) x24 0x00000001
core   0: 0x800019be (0x00f6c433) xor     s0, a3, a5
core   0: 3 0x800019be (0x00f6c433) x8  0x80029d24
core   0: 0x800019c2 (0x33348383) lb      t2, 819(s1)
core   0: 3 0x800019c2 (0x33348383) x7  0xffffffe2 mem 0x8001834b
core   0: 0x800019c6 (0x61548003) lb      zero, 1557(s1)
core   0: 3 0x800019c6 (0x61548003) mem 0x8001862d
core   0: 0x800019ca (0x34002f73) csrr    t5, mscratch
core   0: 3 0x800019ca (0x34002f73) x30 0x00000001
core   0: 0x800019ce (0x340cea73) csrrsi  s4, mscratch, 25
core   0: 3 0x800019ce (0x340cea73) x20 0x00000001 c832_mscratch 0x00000019
core   0: 0x800019d2 (0x4fc486a3) sb      t3, 1261(s1)
core   0: 3 0x800019d2 (0x4fc486a3) mem 0x80018505 0xa4
core   0: 0x800019d6 (0xc886b313) sltiu   t1, a3, -888
core   0: 3 0x800019d6 (0xc886b313) x6  0x00000001
core   0: 0x800019da (0x0000892e) c.mv    s2, a1
core   0: 3 0x800019da (0x892e) x18 0x00008000
core   0: 0x800019dc (0x00000b45) c.addi  s6, 17
core   0: 3 0x800019dc (0x0b45) x22 0xffffffa3
core   0: 0x800019de (0xc2449003) lh      zero, -988(s1)
core   0: 3 0x800019de (0xc2449003) mem 0x80017c3c
core   0: 0x800019e2 (0xd21f99b7) lui     s3, 0xd21f9
core   0: 3 0x800019e2 (0xd21f99b7) x19 0xd21f9000
core   0: 0x800019e6 (0x00008459) c.srai  s0, 22
core   0: 3 0x800019e6 (0x8459) x8  0xfffffe00
core   0: 0x800019e8 (0x035ab733) mulhu   a4, s5, s5
core   0: 3 0x800019e8 (0x035ab733) x14 0x0000042f
core   0: 0x800019ec (0x017628b3) slt     a7, a2, s7
core   0: 3 0x800019ec (0x017628b3) x17 0x00000000
core   0: 0x800019f0 (0x01429413) slli    s0, t0, 20
core   0: 3 0x800019f0 (0x01429413) x8  0x0d600000
core   0: 0x800019f4 (0x63348f03) lb      t5, 1587(s1)
core   0: 3 0x800019f4 (0x63348f03) x30 0x00000050 mem 0x8001864b
core   0: 0x800019f8 (0x1b149823) sh      a7, 432(s1)
core   0: 3 0x800019f8 (0x1b149823) mem 0x800181c8 0x0000
core   0: 0x800019fc (0x020a1b33) mulh    s6, s4, zero
core   0: 3 0x800019fc (0x020a1b33) x22 0x00000000
core   0: 0x80001a00 (0x34006ef3) csrrsi  t4, mscratch, 0
core   0: 3 0x80001a00 (0x34006ef3) x29 0x00000019
core   0: 0x80001a04 (0x0000804d) c.srli  s0, 19
core   0: 3 0x80001a04 (0x804d) x8  0x000001ac
core   0: 0x80001a06 (0x000088f2) c.mv    a7, t3
core   0: 3 0x80001a06 (0x88f2) x17 0x80025ea4
core   0: 0x80001a08 (0xa8b48fa3) sb      a1, -1377(s1)
core   0: 3 0x80001a08 (0xa8b48fa3) mem 0x80017ab7 0x00
core   0: 0x80001a0c (0x67b485a3) sb      s11, 1643(s1)
core   0: 3 0x80001a0c (0x67b485a3) mem 0x80018683 0x88
core   0: 0x80001a10 (0x340a9df3) csrrw   s11, mscratch, s5
core   0: 3 0x80001a10 (0x340a9df3) x27 0x00000019 c832_mscratch 0x0020bc60
core   0: 0x80001a14 (0xa254cf83) lbu     t6, -1499(s1)
core   0: 3 0x80001a14 (0xa254cf83) x31 0x000000dd mem 0x80017a3d
core   0: 0x80001a18 (0x1ee485a3) sb      a4, 491(s1)
core   0: 3 0x80001a18 (0x1ee485a3) mem 0x80018203 0x2f
core   0: 0x80001a1c (0x771483a3) sb      a7, 1895(s1)
core   0: 3 0x80001a1c (0x771483a3) mem 0x8001877f 0xa4
core   0: 0x80001a20 (0x3409a3f3) csrrs   t2, mscratch, s3
core   0: 3 0x80001a20 (0x3409a3f3) x7  0x0020bc60 c832_mscratch 0xd23fbc60
core   0: 0x80001a24 (0x46448c83) lb      s9, 1124(s1)
core   0: 3 0x80001a24 (0x46448c83) x25 0xffffffea mem 0x8001847c
core   0: 0x80001a28 (0x00000001) c.nop
core   0: 3 0x80001a28 (0x0001)
core   0: 0x80001a2a (0x34015473) csrrwi  s0, mscratch, 2
core   0: 3 0x80001a2a (0x34015473) x8  0xd23fbc60 c832_mscratch 0x00000002
core   0: 0x80001a2e (0x5834c883) lbu     a7, 1411(s1)
core   0: 3 0x80001a2e (0x5834c883) x17 0x000000b3 mem 0x8001859b
core   0: 0x80001a32 (0x0000fe97) auipc   t4, 0xf
core   0: 3 0x80001a32 (0x0000fe97) x29 0x80010a32
core   0: 0x80001a36 (0xb5be8e93) addi    t4, t4, -1189
core   0: 3 0x80001a36 (0xb5be8e93) x29 0x8001058d
core   0: 0x80001a3a (0xffbe9083) lh      ra, -5(t4)
core   0: 3 0x80001a3a (0xffbe9083) x1  0xffffdf42 mem 0x80010588
core   0: 0x80001a3e (0x00008db1) c.xor   a1, a2
core   0: 3 0x80001a3e (0x8db1) x11 0x00008035
core   0: 0x80001a40 (0x340aa0f3) csrrs   ra, mscratch, s5
core   0: 3 0x80001a40 (0x340aa0f3) x1  0x00000002 c832_mscratch 0x0020bc62
core   0: 0x80001a44 (0x00008d09) c.sub   a0, a0
core   0: 3 0x80001a44 (0x8d09) x10 0x00000000
core   0: 0x80001a46 (0x002e8583) lb      a1, 2(t4)
core   0: 3 0x80001a46 (0x002e8583) x11 0x00000028 mem 0x8001058f
core   0: 0x80001a4a (0x0000100f) fence.i
core   0: 3 0x80001a4a (0x0000100f)
core   0: 0x80001a4e (0x01c0d633) srl     a2, ra, t3
core   0: 3 0x80001a4e (0x01c0d633) x12 0x00000000
core   0: 0x80001a52 (0x03537ab3) remu    s5, t1, s5
core   0: 3 0x80001a52 (0x03537ab3) x21 0x00000001
core   0: 0x80001a56 (0x00dd6033) or      zero, s10, a3
core   0: 3 0x80001a56 (0x00dd6033)
core   0: 0x80001a5a (0xff9e8b03) lb      s6, -7(t4)
core   0: 3 0x80001a5a (0xff9e8b03) x22 0x0000003e mem 0x80010586
core   0: 0x80001a5e (0x0152bcb3) sltu    s9, t0, s5
core   0: 3 0x80001a5e (0x0152bcb3) x25 0x00000000
core   0: 0x80001a62 (0xb7f8c013) xori    zero, a7, -1153
core   0: 3 0x80001a62 (0xb7f8c013)
core   0: 0x80001a66 (0xff6e8283) lb      t0, -10(t4)
core   0: 3 0x80001a66 (0xff6e8283) x5  0xffffff8b mem 0x80010583
core   0: 0x80001a6a (0x0303d1b3) divu    gp, t2, a6
core   0: 3 0x80001a6a (0x0303d1b3) x3  0x00000000
core   0: 0x80001a6e (0x02373833) mulhu   a6, a4, gp
core   0: 3 0x80001a6e (0x02373833) x16 0x00000000
core   0: 0x80001a72 (0x00de8f83) lb      t6, 13(t4)
core   0: 3 0x80001a72 (0x00de8f83) x31 0x00000021 mem 0x8001059a
core   0: 0x80001a76 (0x01ed0933) add     s2, s10, t5
core   0: 3 0x80001a76 (0x01ed0933) x18 0x00005064
core   0: 0x80001a7a (0x038ba3b3) mulhsu  t2, s7, s8
core   0: 3 0x80001a7a (0x038ba3b3) x7  0x00000000
core   0: 0x80001a7e (0xff1e9303) lh      t1, -15(t4)
core   0: 3 0x80001a7e (0xff1e9303) x6  0xffff8141 mem 0x8001057e
core   0: 0x80001a82 (0x000ec283) lbu     t0, 0(t4)
core   0: 3 0x80001a82 (0x000ec283) x5  0x00000060 mem 0x8001058d
core   0: 0x80001a86 (0xfeae8c23) sb      a0, -8(t4)
core   0: 3 0x80001a86 (0xfeae8c23) mem 0x80010585 0x00
core   0: 0x80001a8a (0xff0ec503) lbu     a0, -16(t4)
core   0: 3 0x80001a8a (0xff0ec503) x10 0x000000a5 mem 0x8001057d
core   0: 0x80001a8e (0x40258033) sub     zero, a1, sp
core   0: 3 0x80001a8e (0x40258033)
core   0: 0x80001a92 (0x00091c13) slli    s8, s2, 0
core   0: 3 0x80001a92 (0x00091c13) x24 0x00005064
core   0: 0x80001a96 (0x006e8a03) lb      s4, 6(t4)
core   0: 3 0x80001a96 (0x006e8a03) x20 0xffffffc6 mem 0x80010593
core   0: 0x80001a9a (0xfffed183) lhu     gp, -1(t4)
core   0: 3 0x80001a9a (0xfffed183) x3  0x000060bd mem 0x8001058c
core   0: 0x80001a9e (0x340024f3) csrr    s1, mscratch
core   0: 3 0x80001a9e (0x340024f3) x9  0x0020bc62
core   0: 0x80001aa2 (0x340061f3) csrrsi  gp, mscratch, 0
core   0: 3 0x80001aa2 (0x340061f3) x3  0x0020bc62
core   0: 0x80001aa6 (0x0000100f) fence.i
core   0: 3 0x80001aa6 (0x0000100f)
core   0: 0x80001aaa (0x007fdf93) srli    t6, t6, 7
core   0: 3 0x80001aaa (0x007fdf93) x31 0x00000000
core   0: 0x80001aae (0x0384c633) div     a2, s1, s8
core   0: 3 0x80001aae (0x0384c633) x12 0x00000068
core   0: 0x80001ab2 (0xff1e8da3) sb      a7, -5(t4)
core   0: 3 0x80001ab2 (0xff1e8da3) mem 0x80010588 0xb3
core   0: 0x80001ab6 (0x010e8303) lb      t1, 16(t4)
core   0: 3 0x80001ab6 (0x010e8303) x6  0xffffff82 mem 0x8001059d
core   0: 0x80001aba (0x028cedb3) rem     s11, s9, s0
core   0: 3 0x80001aba (0x028cedb3) x27 0x00000000
core   0: 0x80001abe (0x003ecb03) lbu     s6, 3(t4)
core   0: 3 0x80001abe (0x003ecb03) x22 0x00000070 mem 0x80010590
core   0: 0x80001ac2 (0x004e8003) lb      zero, 4(t4)
core   0: 3 0x80001ac2 (0x004e8003) mem 0x80010591
core   0: 0x80001ac6 (0x34039573) csrrw   a0, mscratch, t2
core   0: 3 0x80001ac6 (0x34039573) x10 0x0020bc62 c832_mscratch 0x00000000
core   0: 0x80001aca (0x00008d5d) c.or    a0, a5
core   0: 3 0x80001aca (0x8d5d) x10 0x0020bc62
core   0: 0x80001acc (0x005ec703) lbu     a4, 5(t4)
core   0: 3 0x80001acc (0x005ec703) x14 0x000000ac mem 0x80010592
core   0: 0x80001ad0 (0xfebe9fa3) sh      a1, -1(t4)
core   0: 3 0x80001ad0 (0xfebe9fa3) mem 0x8001058c 0x0028
core   0: 0x80001ad4 (0xff7ed803) lhu     a6, -9(t4)
core   0: 3 0x80001ad4 (0xff7ed803) x16 0x00000062 mem 0x80010584
core   0: 0x80001ad8 (0x000ec403) lbu     s0, 0(t4)
core   0: 3 0x80001ad8 (0x000ec403) x8  0x00000000 mem 0x8001058d
core   0: 0x80001adc (0xff8e9da3) sh      s8, -5(t4)
core   0: 3 0x80001adc (0xff8e9da3) mem 0x80010588 0x5064
core   0: 0x80001ae0 (0x003eaa83) lw      s5, 3(t4)
core   0: 3 0x80001ae0 (0x003eaa83) x21 0xc6ac3a70 mem 0x80010590
core   0: 0x80001ae4 (0x0000100f) fence.i
core   0: 3 0x80001ae4 (0x0000100f)
core   0: 0x80001ae8 (0xfe0e8b23) sb      zero, -10(t4)
core   0: 3 0x80001ae8 (0xfe0e8b23) mem 0x80010583 0x00
core   0: 0x80001aec (0x00010597) auipc   a1, 0x10
core   0: 3 0x80001aec (0x00010597) x11 0x80011aec
core   0: 0x80001af0 (0x5b558593) addi    a1, a1, 1461
core   0: 3 0x80001af0 (0x5b558593) x11 0x800120a1
core   0: 0x80001af4 (0x95ccfd13) andi    s10, s9, -1700
core   0: 3 0x80001af4 (0x95ccfd13) x26 0x00000000
core   0: 0x80001af8 (0xfd958b23) sb      s9, -42(a1)
core   0: 3 0x80001af8 (0xfd958b23) mem 0x80012077 0x00
core   0: 0x80001afc (0x0f959283) lh      t0, 249(a1)
core   0: 3 0x80001afc (0x0f959283) x5  0x000034a1 mem 0x8001219a
core   0: 0x80001b00 (0x34059973) csrrw   s2, mscratch, a1
core   0: 3 0x80001b00 (0x34059973) x18 0x00000000 c832_mscratch 0x800120a1
core   0: 0x80001b04 (0xf7458803) lb      a6, -140(a1)
core   0: 3 0x80001b04 (0xf7458803) x16 0xffffffc3 mem 0x80012015
core   0: 0x80001b08 (0x00008096) c.mv    ra, t0
core   0: 3 0x80001b08 (0x8096) x1  0x000034a1
core   0: 0x80001b0a (0xf55590a3) sh      s5, -191(a1)
core   0: 3 0x80001b0a (0xf55590a3) mem 0x80011fe2 0x3a70
core   0: 0x80001b0e (0x012193b3) sll     t2, gp, s2
core   0: 3 0x80001b0e (0x012193b3) x7  0x0020bc62
core   0: 0x80001b12 (0x02db58b3) divu    a7, s6, a3
core   0: 3 0x80001b12 (0x02db58b3) x17 0x00000000
core   0: 0x80001b16 (0x01be4733) xor     a4, t3, s11
core   0: 3 0x80001b16 (0x01be4733) x14 0x80025ea4
core   0: 0x80001b1a (0x0185c183) lbu     gp, 24(a1)
core   0: 3 0x80001b1a (0x0185c183) x3  0x000000cd mem 0x800120b9
core   0: 0x80001b1e (0x34021f73) csrrw   t5, mscratch, tp
core   0: 3 0x80001b1e (0x34021f73) x30 0x800120a1 c832_mscratch 0x7f4ba54c
core   0: 0x80001b22 (0x0cb5d483) lhu     s1, 203(a1)
core   0: 3 0x80001b22 (0x0cb5d483) x9  0x0000c9ba mem 0x8001216c
core   0: 0x80001b26 (0x97722a93) slti    s5, tp, -1673
core   0: 3 0x80001b26 (0x97722a93) x21 0x00000000
core   0: 0x80001b2a (0x3402a473) csrrs   s0, mscratch, t0
core   0: 3 0x80001b2a (0x3402a473) x8  0x7f4ba54c c832_mscratch 0x7f4bb5ed
core   0: 0x80001b2e (0x00000a41) c.addi  s4, 16
core   0: 3 0x80001b2e (0x0a41) x20 0xffffffd6
core   0: 0x80001b30 (0xf1458523) sb      s4, -246(a1)
core   0: 3 0x80001b30 (0xf1458523) mem 0x80011fab 0xd6
core   0: 0x80001b34 (0xf3e58323) sb      t5, -218(a1)
core   0: 3 0x80001b34 (0xf3e58323) mem 0x80011fc7 0xa1
core   0: 0x80001b38 (0x0ff0000f) fence   iorw,iorw
core   0: 3 0x80001b38 (0x0ff0000f)
core   0: 0x80001b3c (0x0bc58b23) sb      t3, 182(a1)
core   0: 3 0x80001b3c (0x0bc58b23) mem 0x80012157 0xa4
core   0: 0x80001b40 (0x02e228b3) mulhsu  a7, tp, a4
core   0: 3 0x80001b40 (0x02e228b3) x17 0x3fa7004c
core   0: 0x80001b44 (0x00af9e93) slli    t4, t6, 10
core   0: 3 0x80001b44 (0x00af9e93) x29 0x00000000
core   0: 0x80001b48 (0xc3347013) andi    zero, s0, -973
core   0: 3 0x80001b48 (0xc3347013)
core   0: 0x80001b4c (0x02eecfb3) div     t6, t4, a4
core   0: 3 0x80001b4c (0x02eecfb3) x31 0x00000000
core   0: 0x80001b50 (0x02354c33) div     s8, a0, gp
core   0: 3 0x80001b50 (0x02354c33) x24 0x000028e1
core   0: 0x80001b54 (0x01295633) srl     a2, s2, s2
core   0: 3 0x80001b54 (0x01295633) x12 0x00000000
core   0: 0x80001b58 (0x00763b33) sltu    s6, a2, t2
core   0: 3 0x80001b58 (0x00763b33) x22 0x00000001
core   0: 0x80001b5c (0x00000001) c.nop
core   0: 3 0x80001b5c (0x0001)
core   0: 0x80001b5e (0x01a58b03) lb      s6, 26(a1)
core   0: 3 0x80001b5e (0x01a58b03) x22 0x00000009 mem 0x800120bb
core   0: 0x80001b62 (0x0fc58283) lb      t0, 252(a1)
core   0: 3 0x80001b62 (0x0fc58283) x5  0xffffffe2 mem 0x8001219d
core   0: 0x80001b66 (0xf8c58523) sb      a2, -118(a1)
core   0: 3 0x80001b66 (0xf8c58523) mem 0x8001202b 0x00
core   0: 0x80001b6a (0x0000f917) auipc   s2, 0xf
core   0: 3 0x80001b6a (0x0000f917) x18 0x80010b6a
core   0: 0x80001b6e (0x88690913) addi    s2, s2, -1914
core   0: 3 0x80001b6e (0x88690913) x18 0x800103f0
core   0: 0x80001b72 (0x06291723) sh      sp, 110(s2)
core   0: 3 0x80001b72 (0x06291723) mem 0x8001045e 0xf358
core   0: 0x80001b76 (0x01b11fb3) sll     t6, sp, s11
core   0: 3 0x80001b76 (0x01b11fb3) x31 0xfc65f358
core   0: 0x80001b7a (0x3406a4f3) csrrs   s1, mscratch, a3
core   0: 3 0x80001b7a (0x3406a4f3) x9  0x7f4bb5ed c832_mscratch 0xff4bbded
core   0: 0x80001b7e (0x0fc95703) lhu     a4, 252(s2)
core   0: 3 0x80001b7e (0x0fc95703) x14 0x000092fd mem 0x800104ec
core   0: 0x80001b82 (0x340e9b73) csrrw   s6, mscratch, t4
core   0: 3 0x80001b82 (0x340e9b73) x22 0xff4bbded c832_mscratch 0x00000000
core   0: 0x80001b86 (0x00008c6e) c.mv    s8, s11
core   0: 3 0x80001b86 (0x8c6e) x24 0x00000000
core   0: 0x80001b88 (0x03483fb3) mulhu   t6, a6, s4
core   0: 3 0x80001b88 (0x03483fb3) x31 0xffffff99
core   0: 0x80001b8c (0x03d608b3) mul     a7, a2, t4
core   0: 3 0x80001b8c (0x03d608b3) x17 0x00000000
core   0: 0x80001b90 (0xf0f909a3) sb      a5, -237(s2)
core   0: 3 0x80001b90 (0xf0f909a3) mem 0x80010303 0x00
core   0: 0x80001b94 (0xf0c90d83) lb      s11, -244(s2)
core   0: 3 0x80001b94 (0xf0c90d83) x27 0xfffffff2 mem 0x800102fc
core   0: 0x80001b98 (0x0a4908a3) sb      tp, 177(s2)
core   0: 3 0x80001b98 (0x0a4908a3) mem 0x800104a1 0x4c
core   0: 0x80001b9c (0x0bf90503) lb      a0, 191(s2)
core   0: 3 0x80001b9c (0x0bf90503) x10 0xffffff85 mem 0x800104af
core   0: 0x80001ba0 (0x00008969) c.andi  a0, 26
core   0: 3 0x80001ba0 (0x8969) x10 0x00000000
core   0: 0x80001ba2 (0xf4492703) lw      a4, -188(s2)
core   0: 3 0x80001ba2 (0xf4492703) x14 0x00000080 mem 0x80010334
core   0: 0x80001ba6 (0x0259aa33) mulhsu  s4, s3, t0
core   0: 3 0x80001ba6 (0x0259aa33) x20 0xd21f9005
core   0: 0x80001baa (0x0164b2b3) sltu    t0, s1, s6
core   0: 3 0x80001baa (0x0164b2b3) x5  0x00000001
core   0: 0x80001bae (0x00000001) c.nop
core   0: 3 0x80001bae (0x0001)
core   0: 0x80001bb0 (0x00008f19) c.sub   a4, a4
core   0: 3 0x80001bb0 (0x8f19) x14 0x00000000
core   0: 0x80001bb2 (0xf5491b23) sh      s4, -170(s2)
core   0: 3 0x80001bb2 (0xf5491b23) mem 0x80010346 0x9005
core   0: 0x80001bb6 (0x00508033) add     zero, ra, t0
core   0: 3 0x80001bb6 (0x00508033)
core   0: 0x80001bba (0x000089de) c.mv    s3, s7
core   0: 3 0x80001bba (0x89de) x19 0x00000000
core   0: 0x80001bbc (0x01475eb3) srl     t4, a4, s4
core   0: 3 0x80001bbc (0x01475eb3) x29 0x00000000
core   0: 0x80001bc0 (0x415e8333) sub     t1, t4, s5
core   0: 3 0x80001bc0 (0x415e8333) x6  0x00000000
core   0: 0x80001bc4 (0x340025f3) csrr    a1, mscratch
core   0: 3 0x80001bc4 (0x340025f3) x11 0x00000000
core   0: 0x80001bc8 (0xf4690a03) lb      s4, -186(s2)
core   0: 3 0x80001bc8 (0xf4690a03) x20 0x00000000 mem 0x80010336
core   0: 0x80001bcc (0x414a5b13) srai    s6, s4, 20
core   0: 3 0x80001bcc (0x414a5b13) x22 0x00000000
core   0: 0x80001bd0 (0x69ed0413) addi    s0, s10, 1694
core   0: 3 0x80001bd0 (0x69ed0413) x8  0x0000069e
core   0: 0x80001bd4 (0x0391ff33) remu    t5, gp, s9
core   0: 3 0x80001bd4 (0x0391ff33) x30 0x000000cd
core   0: 0x80001bd8 (0x0b3af593) andi    a1, s5, 179
core   0: 3 0x80001bd8 (0x0b3af593) x11 0x00000000
core   0: 0x80001bdc (0xf3895303) lhu     t1, -200(s2)
core   0: 3 0x80001bdc (0xf3895303) x6  0x00009467 mem 0x80010328
core   0: 0x80001be0 (0x78ee6013) ori     zero, t3, 1934
core   0: 3 0x80001be0 (0x78ee6013)
core   0: 0x80001be4 (0x3401aa73) csrrs   s4, mscratch, gp
core   0: 3 0x80001be4 (0x3401aa73) x20 0x00000000 c832_mscratch 0x000000cd
core   0: 0x80001be8 (0x019e1ab3) sll     s5, t3, s9
core   0: 3 0x80001be8 (0x019e1ab3) x21 0x80025ea4
core   0: 0x80001bec (0x06690123) sb      t1, 98(s2)
core   0: 3 0x80001bec (0x06690123) mem 0x80010452 0x67
core   0: 0x80001bf0 (0x02892b03) lw      s6, 40(s2)
core   0: 3 0x80001bf0 (0x02892b03) x22 0xe471f48a mem 0x80010418
core   0: 0x80001bf4 (0x34007f73) csrrci  t5, mscratch, 0
core   0: 3 0x80001bf4 (0x34007f73) x30 0x000000cd
core   0: 0x80001bf8 (0xf0e94503) lbu     a0, -242(s2)
core   0: 3 0x80001bf8 (0xf0e94503) x10 0x00000000 mem 0x800102fe
core   0: 0x80001bfc (0xf3f905a3) sb      t6, -213(s2)
core   0: 3 0x80001bfc (0xf3f905a3) mem 0x8001031b 0x99
core   0: 0x80001c00 (0xf5c91803) lh      a6, -164(s2)
core   0: 3 0x80001c00 (0xf5c91803) x16 0x000075a4 mem 0x8001034c
core   0: 0x80001c04 (0x0000157d) c.addi  a0, -1
core   0: 3 0x80001c04 (0x157d) x10 0xffffffff
core   0: 0x80001c06 (0x340aaff3) csrrs   t6, mscratch, s5
core   0: 3 0x80001c06 (0x340aaff3) x31 0x000000cd c832_mscratch 0x80025eed
core   0: 0x80001c0a (0x00000ee5) c.addi  t4, 25
core   0: 3 0x80001c0a (0x0ee5) x29 0x00000019
core   0: 0x80001c0c (0x0000053d) c.addi  a0, 15
core   0: 3 0x80001c0c (0x053d) x10 0x0000000e
core   0: 0x80001c0e (0x031d5a33) divu    s4, s10, a7
core   0: 3 0x80001c0e (0x031d5a33) x20 0xffffffff
core   0: 0x80001c12 (0x07a90da3) sb      s10, 123(s2)
core   0: 3 0x80001c12 (0x07a90da3) mem 0x8001046b 0x00
core   0: 0x80001c16 (0x00016517) auipc   a0, 0x16
core   0: 3 0x80001c16 (0x00016517) x10 0x80017c16
core   0: 0x80001c1a (0x7c950513) addi    a0, a0, 1993
core   0: 3 0x80001c1a (0x7c950513) x10 0x800183df
core   0: 0x80001c1e (0x29952c03) lw      s8, 665(a0)
core   0: 3 0x80001c1e (0x29952c03) x24 0x33af2eb7 mem 0x80018678
core   0: 0x80001c22 (0xf8d51c83) lh      s9, -115(a0)
core   0: 3 0x80001c22 (0xf8d51c83) x25 0x000010f2 mem 0x8001836c
core   0: 0x80001c26 (0x83650203) lb      tp, -1994(a0)
core   0: 3 0x80001c26 (0x83650203) x4  0xffffff8e mem 0x80017c15
core   0: 0x80001c2a (0xa9654a83) lbu     s5, -1386(a0)
core   0: 3 0x80001c2a (0xa9654a83) x21 0x0000007d mem 0x80017e75
core   0: 0x80001c2e (0x00008cad) c.xor   s1, a1
core   0: 3 0x80001c2e (0x8cad) x9  0x7f4bb5ed
core   0: 0x80001c30 (0x011875b3) and     a1, a6, a7
core   0: 3 0x80001c30 (0x011875b3) x11 0x00000000
core   0: 0x80001c34 (0x00008e39) c.xor   a2, a4
core   0: 3 0x80001c34 (0x8e39) x12 0x00000000
core   0: 0x80001c36 (0x26450c03) lb      s8, 612(a0)
core   0: 3 0x80001c36 (0x26450c03) x24 0x00000044 mem 0x80018643
core   0: 0x80001c3a (0x7645f397) auipc   t2, 0x7645f
core   0: 3 0x80001c3a (0x7645f397) x7  0xf6460c3a
core   0: 0x80001c3e (0x3e050023) sb      zero, 992(a0)
core   0: 3 0x80001c3e (0x3e050023) mem 0x800187bf 0x00
core   0: 0x80001c42 (0xef854a03) lbu     s4, -264(a0)
core   0: 3 0x80001c42 (0xef854a03) x20 0x0000008e mem 0x800182d7
core   0: 0x80001c46 (0x0a552b03) lw      s6, 165(a0)
core   0: 3 0x80001c46 (0x0a552b03) x22 0x8bd3521a mem 0x80018484
core   0: 0x80001c4a (0x00008fd2) c.mv    t6, s4
core   0: 3 0x80001c4a (0x8fd2) x31 0x0000008e
core   0: 0x80001c4c (0x036634b3) mulhu   s1, a2, s6
core   0: 3 0x80001c4c (0x036634b3) x9  0x00000000
core   0: 0x80001c50 (0xa7454203) lbu     tp, -1420(a0)
core   0: 3 0x80001c50 (0xa7454203) x4  0x0000001c mem 0x80017e53
core   0: 0x80001c54 (0x4b66e293) ori     t0, a3, 1206
core   0: 3 0x80001c54 (0x4b66e293) x5  0x80029db6
core   0: 0x80001c58 (0x0212feb3) remu    t4, t0, ra
core   0: 3 0x80001c58 (0x0212feb3) x29 0x0000138a
core   0: 0x80001c5c (0x3e254b03) lbu     s6, 994(a0)
core   0: 3 0x80001c5c (0x3e254b03) x22 0x0000001e mem 0x800187c1
core   0: 0x80001c60 (0xa0350383) lb      t2, -1533(a0)
core   0: 3 0x80001c60 (0xa0350383) x7  0xffffff9b mem 0x80017de2
core   0: 0x80001c64 (0x00000001) c.nop
core   0: 3 0x80001c64 (0x0001)
core   0: 0x80001c66 (0x52650583) lb      a1, 1318(a0)
core   0: 3 0x80001c66 (0x52650583) x11 0x00000006 mem 0x80018905
core   0: 0x80001c6a (0xc6b55003) lhu     zero, -917(a0)
core   0: 3 0x80001c6a (0xc6b55003) mem 0x8001804a
core   0: 0x80001c6e (0xd9555a83) lhu     s5, -619(a0)
core   0: 3 0x80001c6e (0xd9555a83) x21 0x00008dd1 mem 0x80018174
core   0: 0x80001c72 (0xc8f50283) lb      t0, -881(a0)
core   0: 3 0x80001c72 (0xc8f50283) x5  0xffffffa4 mem 0x8001806e
core   0: 0x80001c76 (0x16854b83) lbu     s7, 360(a0)
core   0: 3 0x80001c76 (0x16854b83) x23 0x000000c1 mem 0x80018547
core   0: 0x80001c7a (0x47650e83) lb      t4, 1142(a0)
core   0: 3 0x80001c7a (0x47650e83) x29 0xffffffd7 mem 0x80018855
core   0: 0x80001c7e (0x41b6d213) srai    tp, a3, 27
core   0: 3 0x80001c7e (0x41b6d213) x4  0xfffffff0
core   0: 0x80001c82 (0x9b077893) andi    a7, a4, -1616
core   0: 3 0x80001c82 (0x9b077893) x17 0x00000000
core   0: 0x80001c86 (0x32750803) lb      a6, 807(a0)
core   0: 3 0x80001c86 (0x32750803) x16 0xffffffc1 mem 0x80018706
core   0: 0x80001c8a (0xc2350323) sb      gp, -986(a0)
core   0: 3 0x80001c8a (0xc2350323) mem 0x80018005 0xcd
core   0: 0x80001c8e (0x79c50123) sb      t3, 1922(a0)
core   0: 3 0x80001c8e (0x79c50123) mem 0x80018b61 0xa4
core   0: 0x80001c92 (0x00009662) c.add   a2, s8
core   0: 3 0x80001c92 (0x9662) x12 0x00000044
core   0: 0x80001c94 (0x000080d9) c.srli  s1, 22
core   0: 3 0x80001c94 (0x80d9) x9  0x00000000
core   0: 0x80001c96 (0x55354a03) lbu     s4, 1363(a0)
core   0: 3 0x80001c96 (0x55354a03) x20 0x000000d6 mem 0x80018932
core   0: 0x80001c9a (0xe53252b7) lui     t0, 0xe5325
core   0: 3 0x80001c9a (0xe53252b7) x5  0xe5325000
core   0: 0x80001c9e (0x00b55993) srli    s3, a0, 11
core   0: 3 0x80001c9e (0x00b55993) x19 0x00100030
core   0: 0x80001ca2 (0xc0a50a03) lb      s4, -1014(a0)
core   0: 3 0x80001ca2 (0xc0a50a03) x20 0xfffffff0 mem 0x80017fe9
core   0: 0x80001ca6 (0xbd250f03) lb      t5, -1070(a0)
core   0: 3 0x80001ca6 (0xbd250f03) x30 0xffffff8f mem 0x80017fb1
core   0: 0x80001caa (0x35c54383) lbu     t2, 860(a0)
core   0: 3 0x80001caa (0x35c54383) x7  0x00000010 mem 0x8001873b
core   0: 0x80001cae (0x00010d17) auipc   s10, 0x10
core   0: 3 0x80001cae (0x00010d17) x26 0x80011cae
core   0: 0x80001cb2 (0xd23d0d13) addi    s10, s10, -733
core   0: 3 0x80001cb2 (0xd23d0d13) x26 0x800119d1
core   0: 0x80001cb6 (0xb5dab517) auipc   a0, 0xb5dab
core   0: 3 0x80001cb6 (0xb5dab517) x10 0x35daccb6
core   0: 0x80001cba (0x080d0923) sb      zero, 146(s10)
core   0: 3 0x80001cba (0x080d0923) mem 0x80011a63 0x00
core   0: 0x80001cbe (0x00000ed1) c.addi  t4, 20
core   0: 3 0x80001cbe (0x0ed1) x29 0xffffffeb
core   0: 0x80001cc0 (0x00006265) c.lui   tp, 0x19
core   0: 3 0x80001cc0 (0x6265) x4  0x00019000
core   0: 0x80001cc2 (0x002bc7b3) xor     a5, s7, sp
core   0: 3 0x80001cc2 (0x002bc7b3) x15 0xfc65f399
core   0: 0x80001cc6 (0xf55d8f13) addi    t5, s11, -171
core   0: 3 0x80001cc6 (0xf55d8f13) x30 0xffffff47
core   0: 0x80001cca (0xf39d5403) lhu     s0, -199(s10)
core   0: 3 0x80001cca (0xf39d5403) x8  0x0000e201 mem 0x8001190a
core   0: 0x80001cce (0xf56d0d23) sb      s6, -166(s10)
core   0: 3 0x80001cce (0xf56d0d23) mem 0x8001192b 0x1e
core   0: 0x80001cd2 (0x00000001) c.nop
core   0: 3 0x80001cd2 (0x0001)
core   0: 0x80001cd4 (0x40530033) sub     zero, t1, t0
core   0: 3 0x80001cd4 (0x40530033)
core   0: 0x80001cd8 (0x03ed0e23) sb      t5, 60(s10)
core   0: 3 0x80001cd8 (0x03ed0e23) mem 0x80011a0d 0x47
core   0: 0x80001cdc (0x02b7e333) rem     t1, a5, a1
core   0: 3 0x80001cdc (0x02b7e333) x6  0xfffffffb
core   0: 0x80001ce0 (0x340bacf3) csrrs   s9, mscratch, s7
core   0: 3 0x80001ce0 (0x340bacf3) x25 0x80025eed c832_mscratch 0x80025eed
core   0: 0x80001ce4 (0x3257ae97) auipc   t4, 0x3257a
core   0: 3 0x80001ce4 (0x3257ae97) x29 0xb257bce4
core   0: 0x80001ce8 (0x011e1233) sll     tp, t3, a7
core   0: 3 0x80001ce8 (0x011e1233) x4  0x80025ea4
core   0: 0x80001cec (0x066d16a3) sh      t1, 109(s10)
core   0: 3 0x80001cec (0x066d16a3) mem 0x80011a3e 0xfffb
core   0: 0x80001cf0 (0x0aad1ba3) sh      a0, 183(s10)
core   0: 3 0x80001cf0 (0x0aad1ba3) mem 0x80011a88 0xccb6
core   0: 0x80001cf4 (0x000052fd) c.li    t0, -1
core   0: 3 0x80001cf4 (0x52fd) x5  0xffffffff
core   0: 0x80001cf6 (0xaed22393) slti    t2, tp, -1299
core   0: 3 0x80001cf6 (0xaed22393) x7  0x00000001
core   0: 0x80001cfa (0xfe2d4f83) lbu     t6, -30(s10)
core   0: 3 0x80001cfa (0xfe2d4f83) x31 0x000000be mem 0x800119b3
core   0: 0x80001cfe (0x034d4303) lbu     t1, 52(s10)
core   0: 3 0x80001cfe (0x034d4303) x6  0x000000b8 mem 0x80011a05
core   0: 0x80001d02 (0x00765c33) srl     s8, a2, t2
core   0: 3 0x80001d02 (0x00765c33) x24 0x00000022
core   0: 0x80001d06 (0x098d4c03) lbu     s8, 152(s10)
core   0: 3 0x80001d06 (0x098d4c03) x24 0x0000009f mem 0x80011a69
core   0: 0x80001d0a (0x02732f33) mulhsu  t5, t1, t2
core   0: 3 0x80001d0a (0x02732f33) x30 0x00000000
core   0: 0x80001d0e (0x0b2d07a3) sb      s2, 175(s10)
core   0: 3 0x80001d0e (0x0b2d07a3) mem 0x80011a80 0xf0
core   0: 0x80001d12 (0xfa5d4a03) lbu     s4, -91(s10)
core   0: 3 0x80001d12 (0xfa5d4a03) x20 0x0000006c mem 0x80011976
core   0: 0x80001d16 (0x08fd2fa3) sw      a5, 159(s10)
core   0: 3 0x80001d16 (0x08fd2fa3) mem 0x80011a70 0xfc65f399
core   0: 0x80001d1a (0x9d636513) ori     a0, t1, -1578
core   0: 3 0x80001d1a (0x9d636513) x10 0xfffff9fe
core   0: 0x80001d1e (0x0000423d) c.li    tp, 15
core   0: 3 0x80001d1e (0x423d) x4  0x0000000f
core   0: 0x80001d20 (0x0348dcb3) divu    s9, a7, s4
core   0: 3 0x80001d20 (0x0348dcb3) x25 0x00000000
core   0: 0x80001d24 (0xfe5d0503) lb      a0, -27(s10)
core   0: 3 0x80001d24 (0xfe5d0503) x10 0x00000020 mem 0x800119b6
core   0: 0x80001d28 (0x000090b6) c.add   ra, a3
core   0: 3 0x80001d28 (0x90b6) x1  0x8002d1c5
core   0: 0x80001d2a (0x02d98bb3) mul     s7, s3, a3
core   0: 3 0x80001d2a (0x02d98bb3) x23 0xd2bd76c0
core   0: 0x80001d2e (0xf23d0423) sb      gp, -216(s10)
core   0: 3 0x80001d2e (0xf23d0423) mem 0x800118f9 0xcd
core   0: 0x80001d32 (0x025a1533) mulh    a0, s4, t0
core   0: 3 0x80001d32 (0x025a1533) x10 0xffffffff
core   0: 0x80001d36 (0xf33d4983) lbu     s3, -205(s10)
core   0: 3 0x80001d36 (0xf33d4983) x19 0x00000002 mem 0x80011904
core   0: 0x80001d3a (0xfafd0423) sb      a5, -88(s10)
core   0: 3 0x80001d3a (0xfafd0423) mem 0x80011979 0x99
core   0: 0x80001d3e (0xf6bd0583) lb      a1, -149(s10)
core   0: 3 0x80001d3e (0xf6bd0583) x11 0x00000003 mem 0x8001193c
core   0: 0x80001d42 (0xfefd23a3) sw      a5, -25(s10)
core   0: 3 0x80001d42 (0xfefd23a3) mem 0x800119b8 0xfc65f399
core   0: 0x80001d46 (0x00006f75) c.lui   t5, 0x1d
core   0: 3 0x80001d46 (0x6f75) x30 0x0001d000
core   0: 0x80001d48 (0xffed03a3) sb      t5, -25(s10)
core   0: 3 0x80001d48 (0xffed03a3) mem 0x800119b8 0x00
core   0: 0x80001d4c (0xfefd14a3) sh      a5, -23(s10)
core   0: 3 0x80001d4c (0xfefd14a3) mem 0x800119ba 0xf399
core   0: 0x80001d50 (0x00705db3) srl     s11, zero, t2
core   0: 3 0x80001d50 (0x00705db3) x27 0x00000000
core   0: 0x80001d54 (0xf58d2da3) sw      s8, -165(s10)
core   0: 3 0x80001d54 (0xf58d2da3) mem 0x8001192c 0x0000009f
core   0: 0x80001d58 (0x0b4d0203) lb      tp, 180(s10)
core   0: 3 0x80001d58 (0x0b4d0203) x4  0xffffffaa mem 0x80011a85
core   0: 0x80001d5c (0x0000f817) auipc   a6, 0xf
core   0: 3 0x80001d5c (0x0000f817) x16 0x80010d5c
core   0: 0x80001d60 (0x11e80813) addi    a6, a6, 286
core   0: 3 0x80001d60 (0x11e80813) x16 0x80010e7a
core   0: 0x80001d64 (0x01048633) add     a2, s1, a6
core   0: 3 0x80001d64 (0x01048633) x12 0x80010e7a
core   0: 0x80001d68 (0x00784d03) lbu     s10, 7(a6)
core   0: 3 0x80001d68 (0x00784d03) x26 0x00000083 mem 0x80010e81
core   0: 0x80001d6c (0xffd84d83) lbu     s11, -3(a6)
core   0: 3 0x80001d6c (0xffd84d83) x27 0x00000002 mem 0x80010e77
core   0: 0x80001d70 (0xd2ddcd13) xori    s10, s11, -723
core   0: 3 0x80001d70 (0xd2ddcd13) x26 0xfffffd2f
core   0: 0x80001d74 (0x000007a1) c.addi  a5, 8
core   0: 3 0x80001d74 (0x07a1) x15 0xfc65f3a1
core   0: 0x80001d76 (0x0000100f) fence.i
core   0: 3 0x80001d76 (0x0000100f)
core   0: 0x80001d7a (0x41740ab3) sub     s5, s0, s7
core   0: 3 0x80001d7a (0x41740ab3) x21 0x2d436b41
core   0: 0x80001d7e (0x01a801a3) sb      s10, 3(a6)
core   0: 3 0x80001d7e (0x01a801a3) mem 0x80010e7d 0x2f
core   0: 0x80001d82 (0xff6809a3) sb      s6, -13(a6)
core   0: 3 0x80001d82 (0xff6809a3) mem 0x80010e6d 0x1e
core   0: 0x80001d86 (0xe98d8d37) lui     s10, 0xe98d8
core   0: 3 0x80001d86 (0xe98d8d37) x26 0xe98d8000
core   0: 0x80001d8a (0xfef80e23) sb      a5, -4(a6)
core   0: 3 0x80001d8a (0xfef80e23) mem 0x80010e76 0xa1
core   0: 0x80001d8e (0x03eaccb3) div     s9, s5, t5
core   0: 3 0x80001d8e (0x03eaccb3) x25 0x000018f9
core   0: 0x80001d92 (0x863b6637) lui     a2, 0x863b6
core   0: 3 0x80001d92 (0x863b6637) x12 0x863b6000
core   0: 0x80001d96 (0x00001f7d) c.addi  t5, -1
core   0: 3 0x80001d96 (0x1f7d) x30 0x0001cfff
core   0: 0x80001d98 (0x02dfaab3) mulhsu  s5, t6, a3
core   0: 3 0x80001d98 (0x02dfaab3) x21 0x0000005f
core   0: 0x80001d9c (0x012803a3) sb      s2, 7(a6)
core   0: 3 0x80001d9c (0x012803a3) mem 0x80010e81 0xf0
core   0: 0x80001da0 (0x00004465) c.li    s0, 25
core   0: 3 0x80001da0 (0x4465) x8  0x00000019
core   0: 0x80001da2 (0xffb84d03) lbu     s10, -5(a6)
core   0: 3 0x80001da2 (0xffb84d03) x26 0x00000090 mem 0x80010e75
core   0: 0x80001da6 (0x003801a3) sb      gp, 3(a6)
core   0: 3 0x80001da6 (0x003801a3) mem 0x80010e7d 0xcd
core   0: 0x80001daa (0x0178d013) srli    zero, a7, 23
core   0: 3 0x80001daa (0x0178d013)
core   0: 0x80001dae (0x02b26233) rem     tp, tp, a1
core   0: 3 0x80001dae (0x02b26233) x4  0xfffffffe
core   0: 0x80001db2 (0x17526493) ori     s1, tp, 373
core   0: 3 0x80001db2 (0x17526493) x9  0xffffffff
core   0: 0x80001db6 (0xfea80fa3) sb      a0, -1(a6)
core   0: 3 0x80001db6 (0xfea80fa3) mem 0x80010e79 0xff
core   0: 0x80001dba (0x00008da5) c.xor   a1, s1
core   0: 3 0x80001dba (0x8da5) x11 0xfffffffc
core   0: 0x80001dbc (0x03b9c0b3) div     ra, s3, s11
core   0: 3 0x80001dbc (0x03b9c0b3) x1  0x00000001
core   0: 0x80001dc0 (0x00984283) lbu     t0, 9(a6)
core   0: 3 0x80001dc0 (0x00984283) x5  0x00000012 mem 0x80010e83
core   0: 0x80001dc4 (0x83660c13) addi    s8, a2, -1994
core   0: 3 0x80001dc4 (0x83660c13) x24 0x863b5836
core   0: 0x80001dc8 (0x01af5c13) srli    s8, t5, 26
core   0: 3 0x80001dc8 (0x01af5c13) x24 0x00000000
core   0: 0x80001dcc (0xffe85c03) lhu     s8, -2(a6)
core   0: 3 0x80001dcc (0xffe85c03) x24 0x0000ff00 mem 0x80010e78
core   0: 0x80001dd0 (0x00984e83) lbu     t4, 9(a6)
core   0: 3 0x80001dd0 (0x00984e83) x29 0x00000012 mem 0x80010e83
core   0: 0x80001dd4 (0x02304fb3) div     t6, zero, gp
core   0: 3 0x80001dd4 (0x02304fb3) x31 0x00000000
core   0: 0x80001dd8 (0x00e85783) lhu     a5, 14(a6)
core   0: 3 0x80001dd8 (0x00e85783) x15 0x00000ce3 mem 0x80010e88
core   0: 0x80001ddc (0x000004c2) c.slli  s1, 16
core   0: 3 0x80001ddc (0x04c2) x9  0xffff0000
core   0: 0x80001dde (0x000085b9) c.srai  a1, 14
core   0: 3 0x80001dde (0x85b9) x11 0xffffffff
core   0: 0x80001de0 (0xfff80303) lb      t1, -1(a6)
core   0: 3 0x80001de0 (0xfff80303) x6  0xffffffff mem 0x80010e79
core   0: 0x80001de4 (0x02dc3033) mulhu   zero, s8, a3
core   0: 3 0x80001de4 (0x02dc3033)
core   0: 0x80001de8 (0x01bf2633) slt     a2, t5, s11
core   0: 3 0x80001de8 (0x01bf2633) x12 0x00000000
core   0: 0x80001dec (0x40a85893) srai    a7, a6, 10
core   0: 3 0x80001dec (0x40a85893) x17 0xffe00043
core   0: 0x80001df0 (0xff880923) sb      s8, -14(a6)
core   0: 3 0x80001df0 (0xff880923) mem 0x80010e6c 0x00
core   0: 0x80001df4 (0x01880723) sb      s8, 14(a6)
core   0: 3 0x80001df4 (0x01880723) mem 0x80010e88 0x00
core   0: 0x80001df8 (0x1188bb97) auipc   s7, 0x1188b
core   0: 3 0x80001df8 (0x1188bb97) x23 0x9188cdf8
core   0: 0x80001dfc (0xff184583) lbu     a1, -15(a6)
core   0: 3 0x80001dfc (0xff184583) x11 0x000000c5 mem 0x80010e6b
core   0: 0x80001e00 (0xff680483) lb      s1, -10(a6)
core   0: 3 0x80001e00 (0xff680483) x9  0xffffffc9 mem 0x80010e70
core   0: 0x80001e04 (0x0001c517) auipc   a0, 0x1c
core   0: 3 0x80001e04 (0x0001c517) x10 0x8001de04
core   0: 0x80001e08 (0x59b50513) addi    a0, a0, 1435
core   0: 3 0x80001e08 (0x59b50513) x10 0x8001e39f
core   0: 0x80001e0c (0x6a4e6b13) ori     s6, t3, 1700
core   0: 3 0x80001e0c (0x6a4e6b13) x22 0x80025ea4
core   0: 0x80001e10 (0x00550023) sb      t0, 0(a0)
core   0: 3 0x80001e10 (0x00550023) mem 0x8001e39f 0x12
core   0: 0x80001e14 (0x08955283) lhu     t0, 137(a0)
core   0: 3 0x80001e14 (0x08955283) x5  0x000058e7 mem 0x8001e428
core   0: 0x80001e18 (0x00e87233) and     tp, a6, a4
core   0: 3 0x80001e18 (0x00e87233) x4  0x00000000
core   0: 0x80001e1c (0x00008c81) c.sub   s1, s0
core   0: 3 0x80001e1c (0x8c81) x9  0xffffffb0
core   0: 0x80001e1e (0xf35522a3) sw      s5, -219(a0)
core   0: 3 0x80001e1e (0xf35522a3) mem 0x8001e2c4 0x0000005f
core   0: 0x80001e22 (0xf8d52f03) lw      t5, -115(a0)
core   0: 3 0x80001e22 (0xf8d52f03) x30 0x0d087155 mem 0x8001e32c
core   0: 0x80001e26 (0x47def013) andi    zero, t4, 1149
core   0: 3 0x80001e26 (0x47def013)
core   0: 0x80001e2a (0x00c1c633) xor     a2, gp, a2
core   0: 3 0x80001e2a (0x00c1c633) x12 0x000000cd
core   0: 0x80001e2e (0xff750da3) sb      s7, -5(a0)
core   0: 3 0x80001e2e (0xff750da3) mem 0x8001e39a 0xf8
core   0: 0x80001e32 (0x0000587d) c.li    a6, -1
core   0: 3 0x80001e32 (0x587d) x16 0xffffffff
core   0: 0x80001e34 (0x340033f3) csrrc   t2, mscratch, zero
core   0: 3 0x80001e34 (0x340033f3) x7  0x80025eed
core   0: 0x80001e38 (0x340032f3) csrrc   t0, mscratch, zero
core   0: 3 0x80001e38 (0x340032f3) x5  0x80025eed
core   0: 0x80001e3c (0x0006df13) srli    t5, a3, 0
core   0: 3 0x80001e3c (0x0006df13) x30 0x80029d24
core   0: 0x80001e40 (0x804a0c93) addi    s9, s4, -2044
core   0: 3 0x80001e40 (0x804a0c93) x25 0xfffff870
core   0: 0x80001e44 (0x015ea433) slt     s0, t4, s5
core   0: 3 0x80001e44 (0x015ea433) x8  0x00000001
core   0: 0x80001e48 (0x34095d73) csrrwi  s10, mscratch, 18
core   0: 3 0x80001e48 (0x34095d73) x26 0x80025eed c832_mscratch 0x00000012
core   0: 0x80001e4c (0x28239f17) auipc   t5, 0x28239
core   0: 3 0x80001e4c (0x28239f17) x30 0xa823ae4c
core   0: 0x80001e50 (0x02c9eab3) rem     s5, s3, a2
core   0: 3 0x80001e50 (0x02c9eab3) x21 0x00000002
core   0: 0x80001e54 (0x0366d733) divu    a4, a3, s6
core   0: 3 0x80001e54 (0x0366d733) x14 0x00000001
core   0: 0x80001e58 (0x01a54303) lbu     t1, 26(a0)
core   0: 3 0x80001e58 (0x01a54303) x6  0x000000a2 mem 0x8001e3b9
core   0: 0x80001e5c (0x08d50c83) lb      s9, 141(a0)
core   0: 3 0x80001e5c (0x08d50c83) x25 0xffffff95 mem 0x8001e42c
core   0: 0x80001e60 (0x03482eb3) mulhsu  t4, a6, s4
core   0: 3 0x80001e60 (0x03482eb3) x29 0xffffffff
core   0: 0x80001e64 (0x01f82633) slt     a2, a6, t6
core   0: 3 0x80001e64 (0x01f82633) x12 0x00000001
core   0: 0x80001e68 (0xfde50223) sb      t5, -60(a0)
core   0: 3 0x80001e68 (0xfde50223) mem 0x8001e363 0x4c
core   0: 0x80001e6c (0x05755003) lhu     zero, 87(a0)
core   0: 3 0x80001e6c (0x05755003) mem 0x8001e3f6
core   0: 0x80001e70 (0xf9750d03) lb      s10, -105(a0)
core   0: 3 0x80001e70 (0xf9750d03) x26 0xffffffe9 mem 0x8001e336
core   0: 0x80001e74 (0x00845a13) srli    s4, s0, 8
core   0: 3 0x80001e74 (0x00845a13) x20 0x00000000
core   0: 0x80001e78 (0x407557b3) sra     a5, a0, t2
core   0: 3 0x80001e78 (0x407557b3) x15 0xfffc000f
core   0: 0x80001e7c (0x21976037) lui     zero, 0x21976
core   0: 3 0x80001e7c (0x21976037)
core   0: 0x80001e80 (0x0396bd33) mulhu   s10, a3, s9
core   0: 3 0x80001e80 (0x0396bd33) x26 0x80029cee
core   0: 0x80001e84 (0x0c950ba3) sb      s1, 215(a0)
core   0: 3 0x80001e84 (0x0c950ba3) mem 0x8001e476 0xb0
core   0: 0x80001e88 (0xf51522a3) sw      a7, -187(a0)
core   0: 3 0x80001e88 (0xf51522a3) mem 0x8001e2e4 0xffe00043
core   0: 0x80001e8c (0x06e54883) lbu     a7, 110(a0)
core   0: 3 0x80001e8c (0x06e54883) x17 0x00000015 mem 0x8001e40d
core   0: 0x80001e90 (0x00008e79) c.and   a2, a4
core   0: 3 0x80001e90 (0x8e79) x12 0x00000001
core   0: 0x80001e92 (0x0a454003) lbu     zero, 164(a0)
core   0: 3 0x80001e92 (0x0a454003) mem 0x8001e443
core   0: 0x80001e96 (0x0ff0000f) fence   iorw,iorw
core   0: 3 0x80001e96 (0x0ff0000f)
core   0: 0x80001e9a (0x0c355f03) lhu     t5, 195(a0)
core   0: 3 0x80001e9a (0x0c355f03) x30 0x0000155f mem 0x8001e462
core   0: 0x80001e9e (0x0000fa17) auipc   s4, 0xf
core   0: 3 0x80001e9e (0x0000fa17) x20 0x80010e9e
core   0: 0x80001ea2 (0x034a0a13) addi    s4, s4, 52
core   0: 3 0x80001ea2 (0x034a0a13) x20 0x80010ed2
core   0: 0x80001ea6 (0x010a0ca3) sb      a6, 25(s4)
core   0: 3 0x80001ea6 (0x010a0ca3) mem 0x80010eeb 0xff
core   0: 0x80001eaa (0x665ad317) auipc   t1, 0x665ad
core   0: 3 0x80001eaa (0x665ad317) x6  0xe65aeeaa
core   0: 0x80001eae (0x00006c15) c.lui   s8, 0x5
core   0: 3 0x80001eae (0x6c15) x24 0x00005000
core   0: 0x80001eb0 (0x00009566) c.add   a0, s9
core   0: 3 0x80001eb0 (0x9566) x10 0x8001e334
core   0: 0x80001eb2 (0x0cca04a3) sb      a2, 201(s4)
core   0: 3 0x80001eb2 (0x0cca04a3) mem 0x80010f9b 0x01
core   0: 0x80001eb6 (0xf77a1023) sh      s7, -160(s4)
core   0: 3 0x80001eb6 (0xf77a1023) mem 0x80010e32 0xcdf8
core   0: 0x80001eba (0x0a4a2f23) sw      tp, 190(s4)
core   0: 3 0x80001eba (0x0a4a2f23) mem 0x80010f90 0x00000000
core   0: 0x80001ebe (0x048a0f03) lb      t5, 72(s4)
core   0: 3 0x80001ebe (0x048a0f03) x30 0x0000006d mem 0x80010f1a
core   0: 0x80001ec2 (0x340920f3) csrrs   ra, mscratch, s2
core   0: 3 0x80001ec2 (0x340920f3) x1  0x00000012 c832_mscratch 0x800103f2
core   0: 0x80001ec6 (0x340490f3) csrrw   ra, mscratch, s1
core   0: 3 0x80001ec6 (0x340490f3) x1  0x800103f2 c832_mscratch 0xffffffb0
core   0: 0x80001eca (0x0e7a0f83) lb      t6, 231(s4)
core   0: 3 0x80001eca (0x0e7a0f83) x31 0xfffffff9 mem 0x80010fb9
core   0: 0x80001ece (0xf03a0b83) lb      s7, -253(s4)
core   0: 3 0x80001ece (0xf03a0b83) x23 0xffffff8f mem 0x80010dd5
core   0: 0x80001ed2 (0x037e92b3) mulh    t0, t4, s7
core   0: 3 0x80001ed2 (0x037e92b3) x5  0x00000000
core   0: 0x80001ed6 (0xf78a0da3) sb      s8, -133(s4)
core   0: 3 0x80001ed6 (0xf78a0da3) mem 0x80010e4d 0x00
core   0: 0x80001eda (0xf44a5a83) lhu     s5, -188(s4)
core   0: 3 0x80001eda (0xf44a5a83) x21 0x0000084d mem 0x80010e16
core   0: 0x80001ede (0x01cb6b33) or      s6, s6, t3
core   0: 3 0x80001ede (0x01cb6b33) x22 0x80025ea4
core   0: 0x80001ee2 (0xf9da0383) lb      t2, -99(s4)
core   0: 3 0x80001ee2 (0xf9da0383) x7  0x00000008 mem 0x80010e6f
core   0: 0x80001ee6 (0xfb3a2123) sw      s3, -94(s4)
core   0: 3 0x80001ee6 (0xfb3a2123) mem 0x80010e74 0x00000002
core   0: 0x80001eea (0xf88a4a83) lbu     s5, -120(s4)
core   0: 3 0x80001eea (0xf88a4a83) x21 0x00000093 mem 0x80010e5a
core   0: 0x80001eee (0x036fb1b3) mulhu   gp, t6, s6
core   0: 3 0x80001eee (0x036fb1b3) x3  0x80025ea0
core   0: 0x80001ef2 (0xfb9a4f83) lbu     t6, -71(s4)
core   0: 3 0x80001ef2 (0xfb9a4f83) x31 0x0000009f mem 0x80010e8b
core   0: 0x80001ef6 (0x0153a8b3) slt     a7, t2, s5
core   0: 3 0x80001ef6 (0x0153a8b3) x17 0x00000001
core   0: 0x80001efa (0x0b7a4983) lbu     s3, 183(s4)
core   0: 3 0x80001efa (0x0b7a4983) x19 0x0000005b mem 0x80010f89
core   0: 0x80001efe (0x0175e533) or      a0, a1, s7
core   0: 3 0x80001efe (0x0175e533) x10 0xffffffcf
core   0: 0x80001f02 (0x032a1023) sh      s2, 32(s4)
core   0: 3 0x80001f02 (0x032a1023) mem 0x80010ef2 0x03f0
core   0: 0x80001f06 (0x08fa0883) lb      a7, 143(s4)
core   0: 3 0x80001f06 (0x08fa0883) x17 0x0000001b mem 0x80010f61
core   0: 0x80001f0a (0x0204f933) remu    s2, s1, zero
core   0: 3 0x80001f0a (0x0204f933) x18 0xffffffb0
core   0: 0x80001f0e (0xfda07f97) auipc   t6, 0xfda07
core   0: 3 0x80001f0e (0xfda07f97) x31 0x7da08f0e
core   0: 0x80001f12 (0x023145b3) div     a1, sp, gp
core   0: 3 0x80001f12 (0x023145b3) x11 0x00000000
core   0: 0x80001f16 (0x00009332) c.add   t1, a2
core   0: 3 0x80001f16 (0x9332) x6  0xe65aeeab
core   0: 0x80001f18 (0x00008e35) c.xor   a2, a3
core   0: 3 0x80001f18 (0x8e35) x12 0x80029d25
core   0: 0x80001f1a (0xf18a5403) lhu     s0, -232(s4)
core   0: 3 0x80001f1a (0xf18a5403) x8  0x00006bc2 mem 0x80010dea
core   0: 0x80001f1e (0x00017817) auipc   a6, 0x17
core   0: 3 0x80001f1e (0x00017817) x16 0x80018f1e
core   0: 0x80001f22 (0xdfe80813) addi    a6, a6, -514
core   0: 3 0x80001f22 (0xdfe80813) x16 0x80018d1c
core   0: 0x80001f26 (0xffe85203) lhu     tp, -2(a6)
core   0: 3 0x80001f26 (0xffe85203) x4  0x00006f42 mem 0x80018d1a
core   0: 0x80001f2a (0xfff84983) lbu     s3, -1(a6)
core   0: 3 0x80001f2a (0xfff84983) x19 0x0000006f mem 0x80018d1b
core   0: 0x80001f2e (0x4066d4b3) sra     s1, a3, t1
core   0: 3 0x80001f2e (0x4066d4b3) x9  0xfff00053
core   0: 0x80001f32 (0x340ad4f3) csrrwi  s1, mscratch, 21
core   0: 3 0x80001f32 (0x340ad4f3) x9  0xffffffb0 c832_mscratch 0x00000015
core   0: 0x80001f36 (0x0135a633) slt     a2, a1, s3
core   0: 3 0x80001f36 (0x0135a633) x12 0x00000001
core   0: 0x80001f3a (0xff784f03) lbu     t5, -9(a6)
core   0: 3 0x80001f3a (0xff784f03) x30 0x0000007d mem 0x80018d13
core   0: 0x80001f3e (0x0226db33) divu    s6, a3, sp
core   0: 3 0x80001f3e (0x0226db33) x22 0x00000000
core   0: 0x80001f42 (0x0301d933) divu    s2, gp, a6
core   0: 3 0x80001f42 (0x0301d933) x18 0x00000001
core   0: 0x80001f46 (0x0000100f) fence.i
core   0: 3 0x80001f46 (0x0000100f)
core   0: 0x80001f4a (0x01980023) sb      s9, 0(a6)
core   0: 3 0x80001f4a (0x01980023) mem 0x80018d1c 0x95
core   0: 0x80001f4e (0x00984f03) lbu     t5, 9(a6)
core   0: 3 0x80001f4e (0x00984f03) x30 0x0000004d mem 0x80018d25
core   0: 0x80001f52 (0x009806a3) sb      s1, 13(a6)
core   0: 3 0x80001f52 (0x009806a3) mem 0x80018d29 0xb0
core   0: 0x80001f56 (0x005806a3) sb      t0, 13(a6)
core   0: 3 0x80001f56 (0x005806a3) mem 0x80018d29 0x00
core   0: 0x80001f5a (0xffd84403) lbu     s0, -3(a6)
core   0: 3 0x80001f5a (0xffd84403) x8  0x0000002e mem 0x80018d19
core   0: 0x80001f5e (0x000008c9) c.addi  a7, 18
core   0: 3 0x80001f5e (0x08c9) x17 0x0000002d
core   0: 0x80001f60 (0x01971c13) slli    s8, a4, 25
core   0: 3 0x80001f60 (0x01971c13) x24 0x02000000
core   0: 0x80001f64 (0x0ff0000f) fence   iorw,iorw
core   0: 3 0x80001f64 (0x0ff0000f)
core   0: 0x80001f68 (0xfe380c23) sb      gp, -8(a6)
core   0: 3 0x80001f68 (0xfe380c23) mem 0x80018d14 0xa0
core   0: 0x80001f6c (0x00a80023) sb      a0, 0(a6)
core   0: 3 0x80001f6c (0x00a80023) mem 0x80018d1c 0xcf
core   0: 0x80001f70 (0xff880823) sb      s8, -16(a6)
core   0: 3 0x80001f70 (0xff880823) mem 0x80018d0c 0x00
core   0: 0x80001f74 (0xff384483) lbu     s1, -13(a6)
core   0: 3 0x80001f74 (0xff384483) x9  0x0000003f mem 0x80018d0f
core   0: 0x80001f78 (0xfe481823) sh      tp, -16(a6)
core   0: 3 0x80001f78 (0xfe481823) mem 0x80018d0c 0x6f42
core   0: 0x80001f7c (0x01b80023) sb      s11, 0(a6)
core   0: 3 0x80001f7c (0x01b80023) mem 0x80018d1c 0x02
core   0: 0x80001f80 (0x00680b03) lb      s6, 6(a6)
core   0: 3 0x80001f80 (0x00680b03) x22 0xffffff8d mem 0x80018d22
core   0: 0x80001f84 (0x0000997d) c.andi  a0, -1
core   0: 3 0x80001f84 (0x997d) x10 0xffffffcf
core   0: 0x80001f86 (0xff685283) lhu     t0, -10(a6)
core   0: 3 0x80001f86 (0xff685283) x5  0x00007da8 mem 0x80018d12
core   0: 0x80001f8a (0x0000ff97) auipc   t6, 0xf
core   0: 3 0x80001f8a (0x0000ff97) x31 0x80010f8a
core   0: 0x80001f8e (0x076f8f93) addi    t6, t6, 118
core   0: 3 0x80001f8e (0x076f8f93) x31 0x80011000
core   0: 0x80001f92 (0x3408fd73) csrrci  s10, mscratch, 17
core   0: 3 0x80001f92 (0x3408fd73) x26 0x00000015 c832_mscratch 0x00000004
core   0: 0x80001f96 (0xc17a4c13) xori    s8, s4, -1001
core   0: 3 0x80001f96 (0xc17a4c13) x24 0x7ffef2c5
core   0: 0x80001f9a (0x690c6d13) ori     s10, s8, 1680
core   0: 3 0x80001f9a (0x690c6d13) x26 0x7ffef6d5
core   0: 0x80001f9e (0x009f8d83) lb      s11, 9(t6)
core   0: 3 0x80001f9e (0x009f8d83) x27 0xffffff8b mem 0x80011009
core   0: 0x80001fa2 (0xff5f8c83) lb      s9, -11(t6)
core   0: 3 0x80001fa2 (0xff5f8c83) x25 0xffffffbe mem 0x80010ff5
core   0: 0x80001fa6 (0x0260bab3) mulhu   s5, ra, t1
core   0: 3 0x80001fa6 (0x0260bab3) x21 0x732e613d
core   0: 0x80001faa (0xe350ac93) slti    s9, ra, -459
core   0: 3 0x80001faa (0xe350ac93) x25 0x00000001
core   0: 0x80001fae (0x000045c1) c.li    a1, 16
core   0: 3 0x80001fae (0x45c1) x11 0x00000010
core   0: 0x80001fb0 (0x014f9323) sh      s4, 6(t6)
core   0: 3 0x80001fb0 (0x014f9323) mem 0x80011006 0x0ed2
core   0: 0x80001fb4 (0x002f9c03) lh      s8, 2(t6)
core   0: 3 0x80001fb4 (0x002f9c03) x24 0xffffe36d mem 0x80011002
core   0: 0x80001fb8 (0x00ef85a3) sb      a4, 11(t6)
core   0: 3 0x80001fb8 (0x00ef85a3) mem 0x8001100b 0x01
core   0: 0x80001fbc (0xff9f8783) lb      a5, -7(t6)
core   0: 3 0x80001fbc (0xff9f8783) x15 0xfffffff9 mem 0x80010ff9
core   0: 0x80001fc0 (0x006f9a03) lh      s4, 6(t6)
core   0: 3 0x80001fc0 (0x006f9a03) x20 0x00000ed2 mem 0x80011006
core   0: 0x80001fc4 (0xff4fdc03) lhu     s8, -12(t6)
core   0: 3 0x80001fc4 (0xff4fdc03) x24 0x0000beff mem 0x80010ff4
core   0: 0x80001fc8 (0x28ef81b7) lui     gp, 0x28ef8
core   0: 3 0x80001fc8 (0x28ef81b7) x3  0x28ef8000
core   0: 0x80001fcc (0x41395293) srai    t0, s2, 19
core   0: 3 0x80001fcc (0x41395293) x5  0x00000000
core   0: 0x80001fd0 (0x03f82033) mulhsu  zero, a6, t6
core   0: 3 0x80001fd0 (0x03f82033)
core   0: 0x80001fd4 (0x0be707b7) lui     a5, 0xbe70
core   0: 3 0x80001fd4 (0x0be707b7) x15 0x0be70000
core   0: 0x80001fd8 (0x34007bf3) csrrci  s7, mscratch, 0
core   0: 3 0x80001fd8 (0x34007bf3) x23 0x00000004
core   0: 0x80001fdc (0x0ff0000f) fence   iorw,iorw
core   0: 3 0x80001fdc (0x0ff0000f)
core   0: 0x80001fe0 (0x004f9783) lh      a5, 4(t6)
core   0: 3 0x80001fe0 (0x004f9783) x15 0x00006dec mem 0x80011004
core   0: 0x80001fe4 (0x003fce83) lbu     t4, 3(t6)
core   0: 3 0x80001fe4 (0x003fce83) x29 0x000000e3 mem 0x80011003
core   0: 0x80001fe8 (0x010fab03) lw      s6, 16(t6)
core   0: 3 0x80001fe8 (0x010fab03) x22 0x1bba5512 mem 0x80011010
core   0: 0x80001fec (0x012fa823) sw      s2, 16(t6)
core   0: 3 0x80001fec (0x012fa823) mem 0x80011010 0x00000001
core   0: 0x80001ff0 (0xff4f9e83) lh      t4, -12(t6)
core   0: 3 0x80001ff0 (0xff4f9e83) x29 0xffffbeff mem 0x80010ff4
core   0: 0x80001ff4 (0x00009dde) c.add   s11, s7
core   0: 3 0x80001ff4 (0x9dde) x27 0xffffff8f
core   0: 0x80001ff6 (0x6cf14f13) xori    t5, sp, 1743
core   0: 3 0x80001ff6 (0x6cf14f13) x30 0xfc65f597
core   0: 0x80001ffa (0x00bf8883) lb      a7, 11(t6)
core   0: 3 0x80001ffa (0x00bf8883) x17 0x00000001 mem 0x8001100b
core   0: 0x80001ffe (0x03fd9db3) mulh    s11, s11, t6
core   0: 3 0x80001ffe (0x03fd9db3) x27 0x00000038
core   0: 0x80002002 (0x05caf163) bgeu    s5, t3, pc + 66
core   0: 3 0x80002002 (0x05caf163)
core   0: 0x80002006 (0xd9f217b7) lui     a5, 0xd9f21
core   0: 3 0x80002006 (0xd9f217b7) x15 0xd9f21000
core   0: 0x8000200a (0x036d25b3) mulhsu  a1, s10, s6
core   0: 3 0x8000200a (0x036d25b3) x11 0x0ddd0dd0
core   0: 0x8000200e (0x4416a817) auipc   a6, 0x4416a
core   0: 3 0x8000200e (0x4416a817) x16 0xc416c00e
core   0: 0x80002012 (0x0000e88d) c.bnez  s1, pc + 50
core   0: 3 0x80002012 (0xe88d)
core   0: 0x80002044 (0x0000e601) c.bnez  a2, pc + 8
core   0: 3 0x80002044 (0xe601)
core   0: 0x8000204c (0x006e9a33) sll     s4, t4, t1
core   0: 3 0x8000204c (0x006e9a33) x20 0xfdf7f800
core   0: 0x80002050 (0x00006a91) c.lui   s5, 0x4
core   0: 3 0x80002050 (0x6a91) x21 0x00004000
core   0: 0x80002052 (0x02806b63) bltu    zero, s0, pc + 54
core   0: 3 0x80002052 (0x02806b63)
core   0: 0x80002088 (0x0342a633) mulhsu  a2, t0, s4
core   0: 3 0x80002088 (0x0342a633) x12 0x00000000
core   0: 0x8000208c (0x00008f29) c.xor   a4, a0
core   0: 3 0x8000208c (0x8f29) x14 0xffffffce
core   0: 0x8000208e (0x40e3d893) srai    a7, t2, 14
core   0: 3 0x8000208e (0x40e3d893) x17 0x00000000
core   0: 0x80002092 (0x00008f99) c.sub   a5, a4
core   0: 3 0x80002092 (0x8f99) x15 0xd9f21032
core   0: 0x80002094 (0x02de4933) div     s2, t3, a3
core   0: 3 0x80002094 (0x02de4933) x18 0x00000001
core   0: 0x80002098 (0x408fdd93) srai    s11, t6, 8
core   0: 3 0x80002098 (0x408fdd93) x27 0xff800110
core   0: 0x8000209c (0x00008dcd) c.or    a1, a1
core   0: 3 0x8000209c (0x8dcd) x11 0x0ddd0dd0
core   0: 0x8000209e (0x34031973) csrrw   s2, mscratch, t1
core   0: 3 0x8000209e (0x34031973) x18 0x00000004 c832_mscratch 0xe65aeeab
core   0: 0x800020a2 (0x72f32293) slti    t0, t1, 1839
core   0: 3 0x800020a2 (0x72f32293) x5  0x00000001
core   0: 0x800020a6 (0xa1d84d93) xori    s11, a6, -1507
core   0: 3 0x800020a6 (0xa1d84d93) x27 0x3be93a13
core   0: 0x800020aa (0x0001a517) auipc   a0, 0x1a
core   0: 3 0x800020aa (0x0001a517) x10 0x8001c0aa
core   0: 0x800020ae (0x19850513) addi    a0, a0, 408
core   0: 3 0x800020ae (0x19850513) x10 0x8001c242
core   0: 0x800020b2 (0x03b3cab3) div     s5, t2, s11
core   0: 3 0x800020b2 (0x03b3cab3) x21 0x00000000
core   0: 0x800020b6 (0x00a50483) lb      s1, 10(a0)
core   0: 3 0x800020b6 (0x00a50483) x9  0xffffffd6 mem 0x8001c24c
core   0: 0x800020ba (0x000087b9) c.srai  a5, 14
core   0: 3 0x800020ba (0x87b9) x15 0xffff67c8
core   0: 0x800020bc (0x00008252) c.mv    tp, s4
core   0: 3 0x800020bc (0x8252) x4  0xfdf7f800
core   0: 0x800020be (0x01551023) sh      s5, 0(a0)
core   0: 3 0x800020be (0x01551023) mem 0x8001c242 0x0000
core   0: 0x800020c2 (0x00550183) lb      gp, 5(a0)
core   0: 3 0x800020c2 (0x00550183) x3  0xffffff98 mem 0x8001c247
core   0: 0x800020c6 (0x01049f93) slli    t6, s1, 16
core   0: 3 0x800020c6 (0x01049f93) x31 0xffd60000
core   0: 0x800020ca (0x007b1893) slli    a7, s6, 7
core   0: 3 0x800020ca (0x007b1893) x17 0xdd2a8900
core   0: 0x800020ce (0x01052323) sw      a6, 6(a0)
core   0: 3 0x800020ce (0x01052323) mem 0x8001c248 0xc416c00e
core   0: 0x800020d2 (0x00050283) lb      t0, 0(a0)
core   0: 3 0x800020d2 (0x00050283) x5  0x00000000 mem 0x8001c242
core   0: 0x800020d6 (0x01150423) sb      a7, 8(a0)
core   0: 3 0x800020d6 (0x01150423) mem 0x8001c24a 0x00
core   0: 0x800020da (0x340f15f3) csrrw   a1, mscratch, t5
core   0: 3 0x800020da (0x340f15f3) x11 0xe65aeeab c832_mscratch 0xfc65f597
core   0: 0x800020de (0x00c54083) lbu     ra, 12(a0)
core   0: 3 0x800020de (0x00c54083) x1  0x0000007d mem 0x8001c24e
core   0: 0x800020e2 (0xff252283) lw      t0, -14(a0)
core   0: 3 0x800020e2 (0xff252283) x5  0x3cf17800 mem 0x8001c234
core   0: 0x800020e6 (0x017c7eb3) and     t4, s8, s7
core   0: 3 0x800020e6 (0x017c7eb3) x29 0x00000004
core   0: 0x800020ea (0x00651983) lh      s3, 6(a0)
core   0: 3 0x800020ea (0x00651983) x19 0xffffc00e mem 0x8001c248
core   0: 0x800020ee (0x00000286) c.slli  t0, 1
core   0: 3 0x800020ee (0x0286) x5  0x79e2f000
core   0: 0x800020f0 (0xd465c217) auipc   tp, 0xd465c
core   0: 3 0x800020f0 (0xd465c217) x4  0x5465e0f0
core   0: 0x800020f4 (0x029b2d33) mulhsu  s10, s6, s1
core   0: 3 0x800020f4 (0x029b2d33) x26 0x1bba550d
core   0: 0x800020f8 (0x00008c4d) c.or    s0, a1
core   0: 3 0x800020f8 (0x8c4d) x8  0xe65aeeaf
core   0: 0x800020fa (0x00a69813) slli    a6, a3, 10
core   0: 3 0x800020fa (0x00a69813) x16 0x0a749000
core   0: 0x800020fe (0x00c50183) lb      gp, 12(a0)
core   0: 3 0x800020fe (0x00c50183) x3  0x0000007d mem 0x8001c24e
core   0: 0x80002102 (0xffd50d03) lb      s10, -3(a0)
core   0: 3 0x80002102 (0xffd50d03) x26 0x00000007 mem 0x8001c23f
core   0: 0x80002106 (0x00652403) lw      s0, 6(a0)
core   0: 3 0x80002106 (0x00652403) x8  0xc400c00e mem 0x8001c248
core   0: 0x8000210a (0x13d76e93) ori     t4, a4, 317
core   0: 3 0x8000210a (0x13d76e93) x29 0xffffffff
core   0: 0x8000210e (0x00000001) c.nop
core   0: 3 0x8000210e (0x0001)
core   0: 0x80002110 (0xff950c03) lb      s8, -7(a0)
core   0: 3 0x80002110 (0xff950c03) x24 0x00000027 mem 0x8001c23b
core   0: 0x80002114 (0x016507a3) sb      s6, 15(a0)
core   0: 3 0x80002114 (0x016507a3) mem 0x8001c251 0x12
core   0: 0x80002118 (0x02bb9f33) mulh    t5, s7, a1
core   0: 3 0x80002118 (0x02bb9f33) x30 0xffffffff
core   0: 0x8000211c (0xff154903) lbu     s2, -15(a0)
core   0: 3 0x8000211c (0xff154903) x18 0x00000054 mem 0x8001c233
core   0: 0x80002120 (0x0000100f) fence.i
core   0: 3 0x80002120 (0x0000100f)
core   0: 0x80002124 (0x340377f3) csrrci  a5, mscratch, 6
core   0: 3 0x80002124 (0x340377f3) x15 0xfc65f597 c832_mscratch 0xfc65f591
core   0: 0x80002128 (0x00008fc1) c.or    a5, s0
core   0: 3 0x80002128 (0x8fc1) x15 0xfc65f59f
core   0: 0x8000212a (0xffd54903) lbu     s2, -3(a0)
core   0: 3 0x8000212a (0xffd54903) x18 0x00000007 mem 0x8001c23f
core   0: 0x8000212e (0x00c51183) lh      gp, 12(a0)
core   0: 3 0x8000212e (0x00c51183) x3  0xffffba7d mem 0x8001c24e
core   0: 0x80002132 (0x41a087b3) sub     a5, ra, s10
core   0: 3 0x80002132 (0x41a087b3) x15 0x00000076
core   0: 0x80002136 (0x02812533) mulhsu  a0, sp, s0
core   0: 3 0x80002136 (0x02812533) x10 0xfd3e0b9b
core   0: 0x8000213a (0x34007673) csrrci  a2, mscratch, 0
core   0: 3 0x8000213a (0x34007673) x12 0xfc65f591
core   0: 0x8000213e (0x3403a4f3) csrrs   s1, mscratch, t2
core   0: 3 0x8000213e (0x3403a4f3) x9  0xfc65f591 c832_mscratch 0xfc65f599
core   0: 0x80002142 (0x03df59b3) divu    s3, t5, t4
core   0: 3 0x80002142 (0x03df59b3) x19 0x00000001
core   0: 0x80002146 (0x0000177d) c.addi  a4, -1
core   0: 3 0x80002146 (0x177d) x14 0xffffffcd
core   0: 0x80002148 (0x03f43b33) mulhu   s6, s0, t6
core   0: 3 0x80002148 (0x03f43b33) x22 0xc3e097ee
core   0: 0x8000214c (0x0000100f) fence.i
core   0: 3 0x8000214c (0x0000100f)
core   0: 0x80002150 (0x02aa4d33) div     s10, s4, a0
core   0: 3 0x80002150 (0x02aa4d33) x26 0x00000000
core   0: 0x80002154 (0x00008c21) c.xor   s0, s0
core   0: 3 0x80002154 (0x8c21) x8  0x00000000
core   0: 0x80002156 (0x00008942) c.mv    s2, a6
core   0: 3 0x80002156 (0x8942) x18 0x0a749000
core   0: 0x80002158 (0x340ad5f3) csrrwi  a1, mscratch, 21
core   0: 3 0x80002158 (0x340ad5f3) x11 0xfc65f599 c832_mscratch 0x00000015
core   0: 0x8000215c (0x019857b3) srl     a5, a6, s9
core   0: 3 0x8000215c (0x019857b3) x15 0x053a4800
core   0: 0x80002160 (0x03b88033) mul     zero, a7, s11
core   0: 3 0x80002160 (0x03b88033)
core   0: 0x80002164 (0x00bf5463) bge     t5, a1, pc + 8
core   0: 3 0x80002164 (0x00bf5463)
core   0: 0x8000216c (0x012d4d63) blt     s10, s2, pc + 26
core   0: 3 0x8000216c (0x012d4d63)
core   0: 0x80002186 (0x016c5893) srli    a7, s8, 22
core   0: 3 0x80002186 (0x016c5893) x17 0x00000000
core   0: 0x8000218a (0x0000864d) c.srai  a2, 19
core   0: 3 0x8000218a (0x864d) x12 0xffffff8c
core   0: 0x8000218c (0x004c0a33) add     s4, s8, tp
core   0: 3 0x8000218c (0x004c0a33) x20 0x5465e117
core   0: 0x80002190 (0x01f75d33) srl     s10, a4, t6
core   0: 3 0x80002190 (0x01f75d33) x26 0xffffffcd
core   0: 0x80002194 (0x00009bfd) c.andi  a5, -1
core   0: 3 0x80002194 (0x9bfd) x15 0x053a4800
core   0: 0x80002196 (0x00f67463) bgeu    a2, a5, pc + 8
core   0: 3 0x80002196 (0x00f67463)
core   0: 0x8000219e (0x000083cd) c.srli  a5, 19
core   0: 3 0x8000219e (0x83cd) x15 0x000000a7
core   0: 0x800021a0 (0x03ca3b33) mulhu   s6, s4, t3
core   0: 3 0x800021a0 (0x03ca3b33) x22 0x2a33b88a
core   0: 0x800021a4 (0x0000022d) c.addi  tp, 11
core   0: 3 0x800021a4 (0x022d) x4  0x5465e0fb
core   0: 0x800021a6 (0x3401d4f3) csrrwi  s1, mscratch, 3
core   0: 3 0x800021a6 (0x3401d4f3) x9  0x00000015 c832_mscratch 0x00000003
core   0: 0x800021aa (0x00789613) slli    a2, a7, 7
core   0: 3 0x800021aa (0x00789613) x12 0x00000000
core   0: 0x800021ae (0x00008679) c.srai  a2, 30
core   0: 3 0x800021ae (0x8679) x12 0x00000000
core   0: 0x800021b0 (0x009b9933) sll     s2, s7, s1
core   0: 3 0x800021b0 (0x009b9933) x18 0x00800000
core   0: 0x800021b4 (0x40285413) srai    s0, a6, 2
core   0: 3 0x800021b4 (0x40285413) x8  0x029d2400
core   0: 0x800021b8 (0x0000873d) c.srai  a4, 15
core   0: 3 0x800021b8 (0x873d) x14 0xffffffff
core   0: 0x800021ba (0x00da8fb3) add     t6, s5, a3
core   0: 3 0x800021ba (0x00da8fb3) x31 0x80029d24
core   0: 0x800021be (0x00f2eab3) or      s5, t0, a5
core   0: 3 0x800021be (0x00f2eab3) x21 0x79e2f0a7
core   0: 0x800021c2 (0x5f76f1b7) lui     gp, 0x5f76f
core   0: 3 0x800021c2 (0x5f76f1b7) x3  0x5f76f000
core   0: 0x800021c6 (0x402b54b3) sra     s1, s6, sp
core   0: 3 0x800021c6 (0x402b54b3) x9  0x0000002a
core   0: 0x800021ca (0x00009a7d) c.andi  a2, -1
core   0: 3 0x800021ca (0x9a7d) x12 0x00000000
core   0: 0x800021cc (0x00008199) c.srli  a1, 6
core   0: 3 0x800021cc (0x8199) x11 0x03f197d6
core   0: 0x800021ce (0x00008e4d) c.or    a2, a1
core   0: 3 0x800021ce (0x8e4d) x12 0x03f197d6
core   0: 0x800021d0 (0x020479b3) remu    s3, s0, zero
core   0: 3 0x800021d0 (0x020479b3) x19 0x029d2400
core   0: 0x800021d4 (0x000085c1) c.srai  a1, 16
core   0: 3 0x800021d4 (0x85c1) x11 0x000003f1
core   0: 0x800021d6 (0x404b0ab3) sub     s5, s6, tp
core   0: 3 0x800021d6 (0x404b0ab3) x21 0xd5cdd78f
core   0: 0x800021da (0x00001f7d) c.addi  t5, -1
core   0: 3 0x800021da (0x1f7d) x30 0xfffffffe
core   0: 0x800021dc (0x000085a9) c.srai  a1, 10
core   0: 3 0x800021dc (0x85a9) x11 0x00000000
core   0: 0x800021de (0x03e6ed63) bltu    a3, t5, pc + 58
core   0: 3 0x800021de (0x03e6ed63)
core   0: 0x80002218 (0x7f9b7e93) andi    t4, s6, 2041
core   0: 3 0x80002218 (0x7f9b7e93) x29 0x00000088
core   0: 0x8000221c (0x8c3924b7) lui     s1, 0x8c392
core   0: 3 0x8000221c (0x8c3924b7) x9  0x8c392000
core   0: 0x80002220 (0x03db9ab3) mulh    s5, s7, t4
core   0: 3 0x80002220 (0x03db9ab3) x21 0x00000000
core   0: 0x80002224 (0x00f4df33) srl     t5, s1, a5
core   0: 3 0x80002224 (0x00f4df33) x30 0x01187240
core   0: 0x80002228 (0x02d5b5b3) mulhu   a1, a1, a3
core   0: 3 0x80002228 (0x02d5b5b3) x11 0x00000000
core   0: 0x8000222c (0xae95a493) slti    s1, a1, -1303
core   0: 3 0x8000222c (0xae95a493) x9  0x00000000
core   0: 0x80002230 (0xc163ef93) ori     t6, t2, -1002
core   0: 3 0x80002230 (0xc163ef93) x31 0xfffffc1e
core   0: 0x80002234 (0x02bef363) bgeu    t4, a1, pc + 38
core   0: 3 0x80002234 (0x02bef363)
core   0: 0x8000225a (0x613f6a93) ori     s5, t5, 1555
core   0: 3 0x8000225a (0x613f6a93) x21 0x01187653
core   0: 0x8000225e (0x5475bf93) sltiu   t6, a1, 1351
core   0: 3 0x8000225e (0x5475bf93) x31 0x00000001
core   0: 0x80002262 (0x023bb1b3) mulhu   gp, s7, gp
core   0: 3 0x80002262 (0x023bb1b3) x3  0x00000001
core   0: 0x80002266 (0x026df863) bgeu    s11, t1, pc + 48
core   0: 3 0x80002266 (0x026df863)
core   0: 0x8000226a (0x00000a46) c.slli  s4, 17
core   0: 3 0x8000226a (0x0a46) x20 0xc22e0000
core   0: 0x8000226c (0x34003c73) csrrc   s8, mscratch, zero
core   0: 3 0x8000226c (0x34003c73) x24 0x00000003
core   0: 0x80002270 (0x03b93db3) mulhu   s11, s2, s11
core   0: 3 0x80002270 (0x03b93db3) x27 0x001df49d
core   0: 0x80002274 (0x00000972) c.slli  s2, 28
core   0: 3 0x80002274 (0x0972) x18 0x00000000
core   0: 0x80002276 (0x013c7933) and     s2, s8, s3
core   0: 3 0x80002276 (0x013c7933) x18 0x00000000
core   0: 0x8000227a (0x64c57e93) andi    t4, a0, 1612
core   0: 3 0x8000227a (0x64c57e93) x29 0x00000208
core   0: 0x8000227e (0x00008cf5) c.and   s1, a3
core   0: 3 0x8000227e (0x8cf5) x9  0x00000000
core   0: 0x80002280 (0x000088bd) c.andi  s1, 15
core   0: 3 0x80002280 (0x88bd) x9  0x00000000
core   0: 0x80002282 (0x027fa733) mulhsu  a4, t6, t2
core   0: 3 0x80002282 (0x027fa733) x14 0x00000000
core   0: 0x80002286 (0x34032973) csrrs   s2, mscratch, t1
core   0: 3 0x80002286 (0x34032973) x18 0x00000003 c832_mscratch 0xe65aeeab
core   0: 0x8000228a (0x01a7c733) xor     a4, a5, s10
core   0: 3 0x8000228a (0x01a7c733) x14 0xffffff6a
core   0: 0x8000228e (0x006b5c33) srl     s8, s6, t1
core   0: 3 0x8000228e (0x006b5c33) x24 0x00054677
core   0: 0x80002292 (0x00e20a63) beq     tp, a4, pc + 20
core   0: 3 0x80002292 (0x00e20a63)
core   0: 0x80002296 (0xbb36c713) xori    a4, a3, -1101
core   0: 3 0x80002296 (0xbb36c713) x14 0x7ffd6697
core   0: 0x8000229a (0x00b6d633) srl     a2, a3, a1
core   0: 3 0x8000229a (0x00b6d633) x12 0x80029d24
core   0: 0x8000229e (0x4043d893) srai    a7, t2, 4
core   0: 3 0x8000229e (0x4043d893) x17 0x00000000
core   0: 0x800022a2 (0x0371e163) bltu    gp, s7, pc + 34
core   0: 3 0x800022a2 (0x0371e163)
core   0: 0x800022c4 (0x40165f13) srai    t5, a2, 1
core   0: 3 0x800022c4 (0x40165f13) x30 0xc0014e92
core   0: 0x800022c8 (0x03febeb3) mulhu   t4, t4, t6
core   0: 3 0x800022c8 (0x03febeb3) x29 0x00000000
core   0: 0x800022cc (0x03bab0b3) mulhu   ra, s5, s11
core   0: 3 0x800022cc (0x03bab0b3) x1  0x000020d1
core   0: 0x800022d0 (0x340610f3) csrrw   ra, mscratch, a2
core   0: 3 0x800022d0 (0x340610f3) x1  0xe65aeeab c832_mscratch 0x80029d24
core   0: 0x800022d4 (0x14bec613) xori    a2, t4, 331
core   0: 3 0x800022d4 (0x14bec613) x12 0x0000014b
core   0: 0x800022d8 (0x000083e1) c.srli  a5, 24
core   0: 3 0x800022d8 (0x83e1) x15 0x00000000
core   0: 0x800022da (0x00008f81) c.sub   a5, s0
core   0: 3 0x800022da (0x8f81) x15 0xfd62dc00
core   0: 0x800022dc (0x0ff0000f) fence   iorw,iorw
core   0: 3 0x800022dc (0x0ff0000f)
core   0: 0x800022e0 (0x0134d363) bge     s1, s3, pc + 6
core   0: 3 0x800022e0 (0x0134d363)
core   0: 0x800022e4 (0x000080c5) c.srli  s1, 17
core   0: 3 0x800022e4 (0x80c5) x9  0x00000000
core   0: 0x800022e6 (0x034d5a33) divu    s4, s10, s4
core   0: 3 0x800022e6 (0x034d5a33) x20 0x00000001
core   0: 0x800022ea (0x028b2cb3) mulhsu  s9, s6, s0
core   0: 3 0x800022ea (0x028b2cb3) x25 0x006e4f18
core   0: 0x800022ee (0x032df633) remu    a2, s11, s2
core   0: 3 0x800022ee (0x032df633) x12 0x00000001
core   0: 0x800022f2 (0x1fa97013) andi    zero, s2, 506
core   0: 3 0x800022f2 (0x1fa97013)
core   0: 0x800022f6 (0x00008196) c.mv    gp, t0
core   0: 3 0x800022f6 (0x8196) x3  0x79e2f000
core   0: 0x800022f8 (0x340d1073) csrw    mscratch, s10
core   0: 3 0x800022f8 (0x340d1073) c832_mscratch 0xffffffcd
core   0: 0x800022fc (0x019fe263) bltu    t6, s9, pc + 4
core   0: 3 0x800022fc (0x019fe263)
core   0: 0x80002300 (0x032cdfb3) divu    t6, s9, s2
core   0: 3 0x80002300 (0x032cdfb3) x31 0x0024c508
core   0: 0x80002304 (0x02741eb3) mulh    t4, s0, t2
core   0: 3 0x80002304 (0x02741eb3) x29 0x00000000
core   0: 0x80002308 (0x00000446) c.slli  s0, 17
core   0: 3 0x80002308 (0x0446) x8  0x48000000
core   0: 0x8000230a (0x010cd333) srl     t1, s9, a6
core   0: 3 0x8000230a (0x010cd333) x6  0x006e4f18
core   0: 0x8000230e (0x4157d933) sra     s2, a5, s5
core   0: 3 0x8000230e (0x4157d933) x18 0xffffffac
core   0: 0x80002312 (0xf4a6a413) slti    s0, a3, -182
core   0: 3 0x80002312 (0xf4a6a413) x8  0x00000001
core   0: 0x80002316 (0x34002ff3) csrr    t6, mscratch
core   0: 3 0x80002316 (0x34002ff3) x31 0xffffffcd
core   0: 0x8000231a (0x0ff0000f) fence   iorw,iorw
core   0: 3 0x8000231a (0x0ff0000f)
core   0: 0x8000231e (0x008af463) bgeu    s5, s0, pc + 8
core   0: 3 0x8000231e (0x008af463)
core   0: 0x80002326 (0x02785963) bge     a6, t2, pc + 50
core   0: 3 0x80002326 (0x02785963)
core   0: 0x80002358 (0x01aa74b3) and     s1, s4, s10
core   0: 3 0x80002358 (0x01aa74b3) x9  0x00000001
core   0: 0x8000235c (0x030f4933) div     s2, t5, a6
core   0: 3 0x8000235c (0x030f4933) x18 0xfffffffa
core   0: 0x80002360 (0xf375b9b7) lui     s3, 0xf375b
core   0: 3 0x80002360 (0xf375b9b7) x19 0xf375b000
core   0: 0x80002364 (0x0000975e) c.add   a4, s7
core   0: 3 0x80002364 (0x975e) x14 0x7ffd669b
core   0: 0x80002366 (0x6bfd8013) addi    zero, s11, 1727
core   0: 3 0x80002366 (0x6bfd8013)
core   0: 0x8000236a (0xc1447613) andi    a2, s0, -1004
core   0: 3 0x8000236a (0xc1447613) x12 0x00000000
core   0: 0x8000236e (0x340ca673) csrrs   a2, mscratch, s9
core   0: 3 0x8000236e (0x340ca673) x12 0xffffffcd c832_mscratch 0xffffffdd
core   0: 0x80002372 (0x022d7ab3) remu    s5, s10, sp
core   0: 3 0x80002372 (0x022d7ab3) x21 0x039a0c75
core   0: 0x80002376 (0x03b304b3) mul     s1, t1, s11
core   0: 3 0x80002376 (0x03b304b3) x9  0x5cc161b8
core   0: 0x8000237a (0x00bb9233) sll     tp, s7, a1
core   0: 3 0x8000237a (0x00bb9233) x4  0x00000004
core   0: 0x8000237e (0xaa554013) xori    zero, a0, -1371
core   0: 3 0x8000237e (0xaa554013)
core   0: 0x80002382 (0x000095a2) c.add   a1, s0
core   0: 3 0x80002382 (0x95a2) x11 0x00000001
core   0: 0x80002384 (0x00000762) c.slli  a4, 24
core   0: 3 0x80002384 (0x0762) x14 0x9b000000
core   0: 0x80002386 (0x028de9b3) rem     s3, s11, s0
core   0: 3 0x80002386 (0x028de9b3) x19 0x00000000
core   0: 0x8000238a (0x767d4893) xori    a7, s10, 1895
core   0: 3 0x8000238a (0x767d4893) x17 0xfffff8aa
core   0: 0x8000238e (0x01646f33) or      t5, s0, s6
core   0: 3 0x8000238e (0x01646f33) x30 0x2a33b88b
core   0: 0x80002392 (0x0226f0b3) remu    ra, a3, sp
core   0: 3 0x80002392 (0x0226f0b3) x1  0x80029d24
core   0: 0x80002396 (0x0ff0000f) fence   iorw,iorw
core   0: 3 0x80002396 (0x0ff0000f)
core   0: 0x8000239a (0x00fd6033) or      zero, s10, a5
core   0: 3 0x8000239a (0x00fd6033)
core   0: 0x8000239e (0x492164b7) lui     s1, 0x49216
core   0: 3 0x8000239e (0x492164b7) x9  0x49216000
core   0: 0x800023a2 (0x03d96733) rem     a4, s2, t4
core   0: 3 0x800023a2 (0x03d96733) x14 0xfffffffa
core   0: 0x800023a6 (0x037961b3) rem     gp, s2, s7
core   0: 3 0x800023a6 (0x037961b3) x3  0xfffffffe
core   0: 0x800023aa (0x00193033) sltu    zero, s2, ra
core   0: 3 0x800023aa (0x00193033)
core   0: 0x800023ae (0x340030f3) csrrc   ra, mscratch, zero
core   0: 3 0x800023ae (0x340030f3) x1  0xffffffdd
core   0: 0x800023b2 (0x011a0f33) add     t5, s4, a7
core   0: 3 0x800023b2 (0x011a0f33) x30 0xfffff8ab
core   0: 0x800023b6 (0x340d1d73) csrrw   s10, mscratch, s10
core   0: 3 0x800023b6 (0x340d1d73) x26 0xffffffdd c832_mscratch 0xffffffcd
core   0: 0x800023ba (0x0037c033) xor     zero, a5, gp
core   0: 3 0x800023ba (0x0037c033)
core   0: 0x800023be (0x575df713) andi    a4, s11, 1397
core   0: 3 0x800023be (0x575df713) x14 0x00000415
core   0: 0x800023c2 (0x340065f3) csrrsi  a1, mscratch, 0
core   0: 3 0x800023c2 (0x340065f3) x11 0xffffffcd
core   0: 0x800023c6 (0x40dc0433) sub     s0, s8, a3
core   0: 3 0x800023c6 (0x40dc0433) x8  0x8002a953
core   0: 0x800023ca (0x000085dd) c.srai  a1, 23
core   0: 3 0x800023ca (0x85dd) x11 0xffffffff
core   0: 0x800023cc (0x00a17263) bgeu    sp, a0, pc + 4
core   0: 3 0x800023cc (0x00a17263)
core   0: 0x800023d0 (0x00004649) c.li    a2, 18
core   0: 3 0x800023d0 (0x4649) x12 0x00000012
core   0: 0x800023d2 (0x9115e593) ori     a1, a1, -1775
core   0: 3 0x800023d2 (0x9115e593) x11 0xffffffff
core   0: 0x800023d6 (0x00008ce5) c.and   s1, s1
core   0: 3 0x800023d6 (0x8ce5) x9  0x49216000
core   0: 0x800023d8 (0x34045373) csrrwi  t1, mscratch, 8
core   0: 3 0x800023d8 (0x34045373) x6  0xffffffcd c832_mscratch 0x00000008
core   0: 0x800023dc (0x34007673) csrrci  a2, mscratch, 0
core   0: 3 0x800023dc (0x34007673) x12 0x00000008
core   0: 0x800023e0 (0x9996e993) ori     s3, a3, -1639
core   0: 3 0x800023e0 (0x9996e993) x19 0xfffffdbd
core   0: 0x800023e4 (0xa7112f93) slti    t6, sp, -1423
core   0: 3 0x800023e4 (0xa7112f93) x31 0x00000001
core   0: 0x800023e8 (0x005f9293) slli    t0, t6, 5
core   0: 3 0x800023e8 (0x005f9293) x5  0x00000020
core   0: 0x800023ec (0x026960b3) rem     ra, s2, t1
core   0: 3 0x800023ec (0x026960b3) x1  0xfffffffa
core   0: 0x800023f0 (0x00000805) c.addi  a6, 1
core   0: 3 0x800023f0 (0x0805) x16 0x0a749001
core   0: 0x800023f2 (0x00001a7d) c.addi  s4, -1
core   0: 3 0x800023f2 (0x1a7d) x20 0x00000000
core   0: 0x800023f4 (0x75584a13) xori    s4, a6, 1877
core   0: 3 0x800023f4 (0x75584a13) x20 0x0a749754
core   0: 0x800023f8 (0x0ff0000f) fence   iorw,iorw
core   0: 3 0x800023f8 (0x0ff0000f)
core   0: 0x800023fc (0x34087d73) csrrci  s10, mscratch, 16
core   0: 3 0x800023fc (0x34087d73) x26 0x00000008 c832_mscratch 0x00000008
core   0: 0x80002400 (0x34007b73) csrrci  s6, mscratch, 0
core   0: 3 0x80002400 (0x34007b73) x22 0x00000008
core   0: 0x80002404 (0x0184a633) slt     a2, s1, s8
core   0: 3 0x80002404 (0x0184a633) x12 0x00000000
core   0: 0x80002408 (0x0000e31d) c.bnez  a4, pc + 38
core   0: 3 0x80002408 (0xe31d)
core   0: 0x8000242e (0x00c01393) slli    t2, zero, 12
core   0: 3 0x8000242e (0x00c01393) x7  0x00000000
core   0: 0x80002432 (0x01a035b3) snez    a1, s10
core   0: 3 0x80002432 (0x01a035b3) x11 0x00000001
core   0: 0x80002436 (0x0000c4fd) c.beqz  s1, pc + 238
core   0: 3 0x80002436 (0xc4fd)
core   0: 0x80002438 (0x340ad373) csrrwi  t1, mscratch, 21
core   0: 3 0x80002438 (0x340ad373) x6  0x00000008 c832_mscratch 0x00000015
core   0: 0x8000243c (0x0000100f) fence.i
core   0: 3 0x8000243c (0x0000100f)
core   0: 0x80002440 (0x0000cd89) c.beqz  a1, pc + 26
core   0: 3 0x80002440 (0xcd89)
core   0: 0x80002442 (0x3a153e93) sltiu   t4, a0, 929
core   0: 3 0x80002442 (0x3a153e93) x29 0x00000000
core   0: 0x80002446 (0x00008c19) c.sub   s0, a4
core   0: 3 0x80002446 (0x8c19) x8  0x8002a53e
core   0: 0x80002448 (0x0000e175) c.bnez  a0, pc + 228
core   0: 3 0x80002448 (0xe175)
core   0: 0x8000252c (0x0000976a) c.add   a4, s10
core   0: 3 0x8000252c (0x976a) x14 0x0000041d
core   0: 0x8000252e (0x03c3b9b3) mulhu   s3, t2, t3
core   0: 3 0x8000252e (0x03c3b9b3) x19 0x00000000
core   0: 0x80002532 (0x0000c405) c.beqz  s0, pc + 40
core   0: 3 0x80002532 (0xc405)
core   0: 0x80002534 (0x007422b3) slt     t0, s0, t2
core   0: 3 0x80002534 (0x007422b3) x5  0x00000001
core   0: 0x80002538 (0xb928bdb7) lui     s11, 0xb928b
core   0: 3 0x80002538 (0xb928bdb7) x27 0xb928b000
core   0: 0x8000253c (0x00506233) or      tp, zero, t0
core   0: 3 0x8000253c (0x00506233) x4  0x00000001
core   0: 0x80002540 (0x03aa8a33) mul     s4, s5, s10
core   0: 3 0x80002540 (0x03aa8a33) x20 0x1cd063a8
core   0: 0x80002544 (0x00008e21) c.xor   a2, s0
core   0: 3 0x80002544 (0x8e21) x12 0x8002a53e
core   0: 0x80002546 (0x002caab3) slt     s5, s9, sp
core   0: 3 0x80002546 (0x002caab3) x21 0x00000000
core   0: 0x8000254a (0xac4ae513) ori     a0, s5, -1340
core   0: 3 0x8000254a (0xac4ae513) x10 0xfffffac4
core   0: 0x8000254e (0x017a9b93) slli    s7, s5, 23
core   0: 3 0x8000254e (0x017a9b93) x23 0x00000000
core   0: 0x80002552 (0x03adef33) rem     t5, s11, s10
core   0: 3 0x80002552 (0x03adef33) x30 0x00000000
core   0: 0x80002556 (0x340e3373) csrrc   t1, mscratch, t3
core   0: 3 0x80002556 (0x340e3373) x6  0x00000015 c832_mscratch 0x00000011
core   0: 0x8000255a (0x00716a13) ori     s4, sp, 7
core   0: 3 0x8000255a (0x00716a13) x20 0xfc65f35f
core   0: 0x8000255e (0x00005ffd) c.li    t6, -1
core   0: 3 0x8000255e (0x5ffd) x31 0xffffffff
core   0: 0x80002560 (0x00004ff9) c.li    t6, 30
core   0: 3 0x80002560 (0x4ff9) x31 0x0000001e
core   0: 0x80002562 (0x8ab10513) addi    a0, sp, -1877
core   0: 3 0x80002562 (0x8ab10513) x10 0xfc65ec03
core   0: 0x80002566 (0x012da9b3) slt     s3, s11, s2
core   0: 3 0x80002566 (0x012da9b3) x19 0x00000001
core   0: 0x8000256a (0x01bfd313) srli    t1, t6, 27
core   0: 3 0x8000256a (0x01bfd313) x6  0x00000000
core   0: 0x8000256e (0x011a01b3) add     gp, s4, a7
core   0: 3 0x8000256e (0x011a01b3) x3  0xfc65ec09
core   0: 0x80002572 (0x019ae2b3) or      t0, s5, s9
core   0: 3 0x80002572 (0x019ae2b3) x5  0x006e4f18
core   0: 0x80002576 (0x00004495) c.li    s1, 5
core   0: 3 0x80002576 (0x4495) x9  0x00000005
core   0: 0x80002578 (0x3405e773) csrrsi  a4, mscratch, 11
core   0: 3 0x80002578 (0x3405e773) x14 0x00000011 c832_mscratch 0x0000001b
core   0: 0x8000257c (0x0ff0000f) fence   iorw,iorw
core   0: 3 0x8000257c (0x0ff0000f)
core   0: 0x80002580 (0x688f2b93) slti    s7, t5, 1672
core   0: 3 0x80002580 (0x688f2b93) x23 0x00000001
core   0: 0x80002584 (0xa6fbb193) sltiu   gp, s7, -1425
core   0: 3 0x80002584 (0xa6fbb193) x3  0x00000001
core   0: 0x80002588 (0x00006d79) c.lui   s10, 0x1e
core   0: 3 0x80002588 (0x6d79) x26 0x0001e000
core   0: 0x8000258a (0x3409d473) csrrwi  s0, mscratch, 19
core   0: 3 0x8000258a (0x3409d473) x8  0x0000001b c832_mscratch 0x00000013
core   0: 0x8000258e (0x00000001) c.nop
core   0: 3 0x8000258e (0x0001)
core   0: 0x80002590 (0x000085f1) c.srai  a1, 28
core   0: 3 0x80002590 (0x85f1) x11 0x00000000
core   0: 0x80002592 (0x03728f33) mul     t5, t0, s7
core   0: 3 0x80002592 (0x03728f33) x30 0x006e4f18
core   0: 0x80002596 (0x00000001) c.nop
core   0: 3 0x80002596 (0x0001)
core   0: 0x80002598 (0x000012fd) c.addi  t0, -1
core   0: 3 0x80002598 (0x12fd) x5  0x006e4f17
core   0: 0x8000259a (0x023349b3) div     s3, t1, gp
core   0: 3 0x8000259a (0x023349b3) x19 0x00000000
core   0: 0x8000259e (0x0177a8b3) slt     a7, a5, s7
core   0: 3 0x8000259e (0x0177a8b3) x17 0x00000001
core   0: 0x800025a2 (0x135c7d93) andi    s11, s8, 309
core   0: 3 0x800025a2 (0x135c7d93) x27 0x00000035
core   0: 0x800025a6 (0x1a05cf37) lui     t5, 0x1a05c
core   0: 3 0x800025a6 (0x1a05cf37) x30 0x1a05c000
core   0: 0x800025aa (0x34007cf3) csrrci  s9, mscratch, 0
core   0: 3 0x800025aa (0x34007cf3) x25 0x00000013
core   0: 0x800025ae (0x00008525) c.srai  a0, 9
core   0: 3 0x800025ae (0x8525) x10 0xfffe32f6
core   0: 0x800025b0 (0x340ba473) csrrs   s0, mscratch, s7
core   0: 3 0x800025b0 (0x340ba473) x8  0x00000013 c832_mscratch 0x00000013
core   0: 0x800025b4 (0x02317933) remu    s2, sp, gp
core   0: 3 0x800025b4 (0x02317933) x18 0x00000000
core   0: 0x800025b8 (0x0071d433) srl     s0, gp, t2
core   0: 3 0x800025b8 (0x0071d433) x8  0x00000001
core   0: 0x800025bc (0xf3d5ca93) xori    s5, a1, -195
core   0: 3 0x800025bc (0xf3d5ca93) x21 0xffffff3d
core   0: 0x800025c0 (0x0156d363) bge     a3, s5, pc + 6
core   0: 3 0x800025c0 (0x0156d363)
core   0: 0x800025c4 (0x000067a1) c.lui   a5, 0x8
core   0: 3 0x800025c4 (0x67a1) x15 0x00008000
core   0: 0x800025c6 (0x0090b5b3) sltu    a1, ra, s1
core   0: 3 0x800025c6 (0x0090b5b3) x11 0x00000000
core   0: 0x800025ca (0x00008c61) c.and   s0, s0
core   0: 3 0x800025ca (0x8c61) x8  0x00000001
core   0: 0x800025cc (0x00ca21b3) slt     gp, s4, a2
core   0: 3 0x800025cc (0x00ca21b3) x3  0x00000000
core   0: 0x800025d0 (0x000015fd) c.addi  a1, -1
core   0: 3 0x800025d0 (0x15fd) x11 0xffffffff
core   0: 0x800025d2 (0x02d3c333) div     t1, t2, a3
core   0: 3 0x800025d2 (0x02d3c333) x6  0x00000000
core   0: 0x800025d6 (0x00008d25) c.xor   a0, s1
core   0: 3 0x800025d6 (0x8d25) x10 0xfffe32f3
core   0: 0x800025d8 (0x02c81333) mulh    t1, a6, a2
core   0: 3 0x800025d8 (0x02c81333) x6  0xfac5d3a8
core   0: 0x800025dc (0x34092273) csrrs   tp, mscratch, s2
core   0: 3 0x800025dc (0x34092273) x4  0x00000013 c832_mscratch 0x00000013
core   0: 0x800025e0 (0x00000001) c.nop
core   0: 3 0x800025e0 (0x0001)
core   0: 0x800025e2 (0x0000066e) c.slli  a2, 27
core   0: 3 0x800025e2 (0x066e) x12 0xf0000000
core   0: 0x800025e4 (0xdd044193) xori    gp, s0, -560
core   0: 3 0x800025e4 (0xdd044193) x3  0xfffffdd1
core   0: 0x800025e8 (0x40d85013) srai    zero, a6, 13
core   0: 3 0x800025e8 (0x40d85013)
core   0: 0x800025ec (0x00004315) c.li    t1, 5
core   0: 3 0x800025ec (0x4315) x6  0x00000005
core   0: 0x800025ee (0x0ff0000f) fence   iorw,iorw
core   0: 3 0x800025ee (0x0ff0000f)
core   0: 0x800025f2 (0x0000e319) c.bnez  a4, pc + 6
core   0: 3 0x800025f2 (0xe319)
core   0: 0x800025f8 (0x00d9bf33) sltu    t5, s3, a3
core   0: 3 0x800025f8 (0x00d9bf33) x30 0x00000001
core   0: 0x800025fc (0x00008c89) c.sub   s1, a0
core   0: 3 0x800025fc (0x8c89) x9  0x0001cd12
core   0: 0x800025fe (0x00000671) c.addi  a2, 28
core   0: 3 0x800025fe (0x0671) x12 0xf000001c
core   0: 0x80002600 (0x0000ea19) c.bnez  a2, pc + 22
core   0: 3 0x80002600 (0xea19)
core   0: 0x80002616 (0x000007e2) c.slli  a5, 24
core   0: 3 0x80002616 (0x07e2) x15 0x00000000
core   0: 0x80002618 (0x0306dd63) bge     a3, a6, pc + 58
core   0: 3 0x80002618 (0x0306dd63)
core   0: 0x8000261c (0x02cb8d63) beq     s7, a2, pc + 58
core   0: 3 0x8000261c (0x02cb8d63)
core   0: 0x80002620 (0x00a8b5b3) sltu    a1, a7, a0
core   0: 3 0x80002620 (0x00a8b5b3) x11 0x00000001
core   0: 0x80002624 (0x00008629) c.srai  a2, 10
core   0: 3 0x80002624 (0x8629) x12 0xfffc0000
core   0: 0x80002626 (0x00008839) c.andi  s0, 14
core   0: 3 0x80002626 (0x8839) x8  0x00000000
core   0: 0x80002628 (0x038532b3) mulhu   t0, a0, s8
core   0: 3 0x80002628 (0x038532b3) x5  0x0005466d
core   0: 0x8000262c (0xba97adb7) lui     s11, 0xba97a
core   0: 3 0x8000262c (0xba97adb7) x27 0xba97a000
core   0: 0x80002630 (0x02def4b3) remu    s1, t4, a3
core   0: 3 0x80002630 (0x02def4b3) x9  0x00000000
core   0: 0x80002634 (0x029dd663) bge     s11, s1, pc + 44
core   0: 3 0x80002634 (0x029dd663)
core   0: 0x80002638 (0x403908b3) sub     a7, s2, gp
core   0: 3 0x80002638 (0x403908b3) x17 0x0000022f
core   0: 0x8000263c (0x414ad633) sra     a2, s5, s4
core   0: 3 0x8000263c (0x414ad633) x12 0xffffffff
core   0: 0x80002640 (0x3403fef3) csrrci  t4, mscratch, 7
core   0: 3 0x80002640 (0x3403fef3) x29 0x00000013 c832_mscratch 0x00000010
core   0: 0x80002644 (0x003bf233) and     tp, s7, gp
core   0: 3 0x80002644 (0x003bf233) x4  0x00000001
core   0: 0x80002648 (0x007d70b3) and     ra, s10, t2
core   0: 3 0x80002648 (0x007d70b3) x1  0x00000000
core   0: 0x8000264c (0x03927733) remu    a4, tp, s9
core   0: 3 0x8000264c (0x03927733) x14 0x00000001
core   0: 0x80002650 (0x00009a1e) c.add   s4, t2
core   0: 3 0x80002650 (0x9a1e) x20 0xfc65f35f
core   0: 0x80002652 (0x0398ed33) rem     s10, a7, s9
core   0: 3 0x80002652 (0x0398ed33) x26 0x00000008
core   0: 0x80002656 (0x00e56eb3) or      t4, a0, a4
core   0: 3 0x80002656 (0x00e56eb3) x29 0xfffe32f3
core   0: 0x8000265a (0x00008b0d) c.andi  a4, 3
core   0: 3 0x8000265a (0x8b0d) x14 0x00000001
core   0: 0x8000265c (0xe0b5eb13) ori     s6, a1, -501
core   0: 3 0x8000265c (0xe0b5eb13) x22 0xfffffe0b
core   0: 0x80002660 (0x34002c73) csrr    s8, mscratch
core   0: 3 0x80002660 (0x34002c73) x24 0x00000010
core   0: 0x80002664 (0x001f5813) srli    a6, t5, 1
core   0: 3 0x80002664 (0x001f5813) x16 0x00000000
core   0: 0x80002668 (0x34035cf3) csrrwi  s9, mscratch, 6
core   0: 3 0x80002668 (0x34035cf3) x25 0x00000010 c832_mscratch 0x00000006
core   0: 0x8000266c (0x0a0d4d93) xori    s11, s10, 160
core   0: 3 0x8000266c (0x0a0d4d93) x27 0x000000a8
core   0: 0x80002670 (0x03c58733) mul     a4, a1, t3
core   0: 3 0x80002670 (0x03c58733) x14 0x80025ea4
core   0: 0x80002674 (0x00006219) c.lui   tp, 0x6
core   0: 3 0x80002674 (0x6219) x4  0x00006000
core   0: 0x80002676 (0x0000895a) c.mv    s2, s6
core   0: 3 0x80002676 (0x895a) x18 0xfffffe0b
core   0: 0x80002678 (0x00008cd5) c.or    s1, a3
core   0: 3 0x80002678 (0x8cd5) x9  0x80029d24
core   0: 0x8000267a (0x00008c5d) c.or    s0, a5
core   0: 3 0x8000267a (0x8c5d) x8  0x00000000
core   0: 0x8000267c (0x00008cae) c.mv    s9, a1
core   0: 3 0x8000267c (0x8cae) x25 0x00000001
core   0: 0x8000267e (0x021f6d63) bltu    t5, ra, pc + 58
core   0: 3 0x8000267e (0x021f6d63)
core   0: 0x80002682 (0x00008cad) c.xor   s1, a1
core   0: 3 0x80002682 (0x8cad) x9  0x80029d25
core   0: 0x80002684 (0x0000840d) c.srai  s0, 3
core   0: 3 0x80002684 (0x840d) x8  0x00000000
core   0: 0x80002686 (0x0246a333) mulhsu  t1, a3, tp
core   0: 3 0x80002686 (0x0246a333) x6  0xffffd000
core   0: 0x8000268a (0x0ff0000f) fence   iorw,iorw
core   0: 3 0x8000268a (0x0ff0000f)
core   0: 0x8000268e (0x0000c811) c.beqz  s0, pc + 20
core   0: 3 0x8000268e (0xc811)
core   0: 0x800026a2 (0x04e2e063) bltu    t0, a4, pc + 64
core   0: 3 0x800026a2 (0x04e2e063)
core   0: 0x800026e2 (0x02fa8db3) mul     s11, s5, a5
core   0: 3 0x800026e2 (0x02fa8db3) x27 0x00000000
core   0: 0x800026e6 (0x34006573) csrrsi  a0, mscratch, 0
core   0: 3 0x800026e6 (0x34006573) x10 0x00000006
core   0: 0x800026ea (0x000084ba) c.mv    s1, a4
core   0: 3 0x800026ea (0x84ba) x9  0x80025ea4
core   0: 0x800026ec (0x038af063) bgeu    s5, s8, pc + 32
core   0: 3 0x800026ec (0x038af063)
core   0: 0x8000270c (0x025cd033) divu    zero, s9, t0
core   0: 3 0x8000270c (0x025cd033)
core   0: 0x80002710 (0x34022df3) csrrs   s11, mscratch, tp
core   0: 3 0x80002710 (0x34022df3) x27 0x00000006 c832_mscratch 0x00006006
core   0: 0x80002714 (0x000090ee) c.add   ra, s11
core   0: 3 0x80002714 (0x90ee) x1  0x00000006
core   0: 0x80002716 (0x00008c69) c.and   s0, a0
core   0: 3 0x80002716 (0x8c69) x8  0x00000000
core   0: 0x80002718 (0x000099f2) c.add   s3, t3
core   0: 3 0x80002718 (0x99f2) x19 0x80025ea4
core   0: 0x8000271a (0x0ff0000f) fence   iorw,iorw
core   0: 3 0x8000271a (0x0ff0000f)
core   0: 0x8000271e (0x00008c9d) c.sub   s1, a5
core   0: 3 0x8000271e (0x8c9d) x9  0x80025ea4
core   0: 0x80002720 (0x00000001) c.nop
core   0: 3 0x80002720 (0x0001)
core   0: 0x80002722 (0x01b32333) slt     t1, t1, s11
core   0: 3 0x80002722 (0x01b32333) x6  0x00000001
core   0: 0x80002726 (0x00134433) xor     s0, t1, ra
core   0: 3 0x80002726 (0x00134433) x8  0x00000007
core   0: 0x8000272a (0x34007af3) csrrci  s5, mscratch, 0
core   0: 3 0x8000272a (0x34007af3) x21 0x00006006
core   0: 0x8000272e (0x00008159) c.srli  a0, 22
core   0: 3 0x8000272e (0x8159) x10 0x00000000
core   0: 0x80002730 (0x0000987d) c.andi  s0, -1
core   0: 3 0x80002730 (0x987d) x8  0x00000007
core   0: 0x80002732 (0x340bfc73) csrrci  s8, mscratch, 23
core   0: 3 0x80002732 (0x340bfc73) x24 0x00006006 c832_mscratch 0x00006000
core   0: 0x80002736 (0x00000001) c.nop
core   0: 3 0x80002736 (0x0001)
core   0: 0x80002738 (0x02be14b3) mulh    s1, t3, a1
core   0: 3 0x80002738 (0x02be14b3) x9  0xffffffff
core   0: 0x8000273c (0x0000ea97) auipc   s5, 0xe
core   0: 3 0x8000273c (0x0000ea97) x21 0x8001073c
core   0: 0x80002740 (0x96ca8a93) addi    s5, s5, -1684
core   0: 3 0x80002740 (0x96ca8a93) x21 0x800100a8
core   0: 0x80002744 (0x00b628b3) slt     a7, a2, a1
core   0: 3 0x80002744 (0x00b628b3) x17 0x00000001
core   0: 0x80002748 (0x000f38b3) sltu    a7, t5, zero
core   0: 3 0x80002748 (0x000f38b3) x17 0x00000000
core   0: 0x8000274c (0xfdaac003) lbu     zero, -38(s5)
core   0: 3 0x8000274c (0xfdaac003) mem 0x80010082
core   0: 0x80002750 (0x000061fd) c.lui   gp, 0x1f
core   0: 3 0x80002750 (0x61fd) x3  0x0001f000
core   0: 0x80002752 (0x05ea9183) lh      gp, 94(s5)
core   0: 3 0x80002752 (0x05ea9183) x3  0x000053e7 mem 0x80010106
core   0: 0x80002756 (0x0ff0000f) fence   iorw,iorw
core   0: 3 0x80002756 (0x0ff0000f)
core   0: 0x8000275a (0x088a8303) lb      t1, 136(s5)
core   0: 3 0x8000275a (0x088a8303) x6  0xffffffbc mem 0x80010130
core   0: 0x8000275e (0xfcaa8fa3) sb      a0, -33(s5)
core   0: 3 0x8000275e (0xfcaa8fa3) mem 0x80010087 0x00
core   0: 0x80002762 (0x043a8623) sb      gp, 76(s5)
core   0: 3 0x80002762 (0x043a8623) mem 0x800100f4 0xe7
core   0: 0x80002766 (0x0000100f) fence.i
core   0: 3 0x80002766 (0x0000100f)
core   0: 0x8000276a (0xfdaa8003) lb      zero, -38(s5)
core   0: 3 0x8000276a (0xfdaa8003) mem 0x80010082
core   0: 0x8000276e (0x00008776) c.mv    a4, t4
core   0: 3 0x8000276e (0x8776) x14 0xfffe32f3
core   0: 0x80002770 (0x00000bb2) c.slli  s7, 12
core   0: 3 0x80002770 (0x0bb2) x23 0x00001000
core   0: 0x80002772 (0x00ff2fb3) slt     t6, t5, a5
core   0: 3 0x80002772 (0x00ff2fb3) x31 0x00000000
core   0: 0x80002776 (0x0b2a8ea3) sb      s2, 189(s5)
core   0: 3 0x80002776 (0x0b2a8ea3) mem 0x80010165 0x0b
core   0: 0x8000277a (0xa602efb7) lui     t6, 0xa602e
core   0: 3 0x8000277a (0xa602efb7) x31 0xa602e000
core   0: 0x8000277e (0xfc9acc03) lbu     s8, -55(s5)
core   0: 3 0x8000277e (0xfc9acc03) x24 0x00000073 mem 0x80010071
core   0: 0x80002782 (0x0a0aa803) lw      a6, 160(s5)
core   0: 3 0x80002782 (0x0a0aa803) x16 0xbdc34265 mem 0x80010148
core   0: 0x80002786 (0x0ddac783) lbu     a5, 221(s5)
core   0: 3 0x80002786 (0x0ddac783) x15 0x00000000 mem 0x80010185
core   0: 0x8000278a (0x0000100f) fence.i
core   0: 3 0x8000278a (0x0000100f)
core   0: 0x8000278e (0xfa9a8583) lb      a1, -87(s5)
core   0: 3 0x8000278e (0xfa9a8583) x11 0x00000072 mem 0x80010051
core   0: 0x80002792 (0x0e2a8423) sb      sp, 232(s5)
core   0: 3 0x80002792 (0x0e2a8423) mem 0x80010190 0x58
core   0: 0x80002796 (0x0000557d) c.li    a0, -1
core   0: 3 0x80002796 (0x557d) x10 0xffffffff
core   0: 0x80002798 (0x023b79b3) remu    s3, s6, gp
core   0: 3 0x80002798 (0x023b79b3) x19 0x0000117c
core   0: 0x8000279c (0x0c3acc83) lbu     s9, 195(s5)
core   0: 3 0x8000279c (0x0c3acc83) x25 0x000000d1 mem 0x8001016b
core   0: 0x800027a0 (0x40ad5333) sra     t1, s10, a0
core   0: 3 0x800027a0 (0x40ad5333) x6  0x00000000
core   0: 0x800027a4 (0x066a9b23) sh      t1, 118(s5)
core   0: 3 0x800027a4 (0x066a9b23) mem 0x8001011e 0x0000
core   0: 0x800027a8 (0x00008d41) c.or    a0, s0
core   0: 3 0x800027a8 (0x8d41) x10 0xffffffff
core   0: 0x800027aa (0xfa3acb03) lbu     s6, -93(s5)
core   0: 3 0x800027aa (0xfa3acb03) x22 0x000000ea mem 0x8001004b
core   0: 0x800027ae (0x04ea9203) lh      tp, 78(s5)
core   0: 3 0x800027ae (0x04ea9203) x4  0xfffffb42 mem 0x800100f6
core   0: 0x800027b2 (0x02deebb3) rem     s7, t4, a3
core   0: 3 0x800027b2 (0x02deebb3) x23 0xfffe32f3
core   0: 0x800027b6 (0x038aa7b3) mulhsu  a5, s5, s8
core   0: 3 0x800027b6 (0x038aa7b3) x15 0xffffffc6
core   0: 0x800027ba (0x0bca8c23) sb      t3, 184(s5)
core   0: 3 0x800027ba (0x0bca8c23) mem 0x80010160 0xa4
core   0: 0x800027be (0x03e73433) mulhu   s0, a4, t5
core   0: 3 0x800027be (0x03e73433) x8  0x00000000
core   0: 0x800027c2 (0x023a6a33) rem     s4, s4, gp
core   0: 3 0x800027c2 (0x023a6a33) x20 0xffffe4aa
core   0: 0x800027c6 (0x0000867d) c.srai  a2, 31
core   0: 3 0x800027c6 (0x867d) x12 0xffffffff
core   0: 0x800027c8 (0x01dacf83) lbu     t6, 29(s5)
core   0: 3 0x800027c8 (0x01dacf83) x31 0x00000054 mem 0x800100c5
core   0: 0x800027cc (0x0e8a8c03) lb      s8, 232(s5)
core   0: 3 0x800027cc (0x0e8a8c03) x24 0x00000058 mem 0x80010190
core   0: 0x800027d0 (0x057ac503) lbu     a0, 87(s5)
core   0: 3 0x800027d0 (0x057ac503) x10 0x0000009c mem 0x800100ff
core   0: 0x800027d4 (0x01f45b93) srli    s7, s0, 31
core   0: 3 0x800027d4 (0x01f45b93) x23 0x00000000
core   0: 0x800027d8 (0x41c282b3) sub     t0, t0, t3
core   0: 3 0x800027d8 (0x41c282b3) x5  0x8002e7c9
core   0: 0x800027dc (0x020aa403) lw      s0, 32(s5)
core   0: 3 0x800027dc (0x020aa403) x8  0x21d5e0e4 mem 0x800100c8
core   0: 0x800027e0 (0xfc1a8223) sb      ra, -60(s5)
core   0: 3 0x800027e0 (0xfc1a8223) mem 0x8001006c 0x06
core   0: 0x800027e4 (0x00f6bd33) sltu    s10, a3, a5
core   0: 3 0x800027e4 (0x00f6bd33) x26 0x00000001
core   0: 0x800027e8 (0x0000043a) c.slli  s0, 14
core   0: 3 0x800027e8 (0x043a) x8  0x78390000
core   0: 0x800027ea (0x09ea8183) lb      gp, 158(s5)
core   0: 3 0x800027ea (0x09ea8183) x3  0x0000001b mem 0x80010146
core   0: 0x800027ee (0x086ad183) lhu     gp, 134(s5)
core   0: 3 0x800027ee (0x086ad183) x3  0x0000c3c8 mem 0x8001012e
core   0: 0x800027f2 (0xfbcaa083) lw      ra, -68(s5)
core   0: 3 0x800027f2 (0xfbcaa083) x1  0xb62d8408 mem 0x80010064
core   0: 0x800027f6 (0x00008dc5) c.or    a1, s1
core   0: 3 0x800027f6 (0x8dc5) x11 0xffffffff
core   0: 0x800027f8 (0xfcea85a3) sb      a4, -53(s5)
core   0: 3 0x800027f8 (0xfcea85a3) mem 0x80010073 0xf3
core   0: 0x800027fc (0x005a8403) lb      s0, 5(s5)
core   0: 3 0x800027fc (0x005a8403) x8  0x00000043 mem 0x800100ad
core   0: 0x80002800 (0x03fd4cb3) div     s9, s10, t6
core   0: 3 0x80002800 (0x03fd4cb3) x25 0x00000000
core   0: 0x80002804 (0x02362333) mulhsu  t1, a2, gp
core   0: 3 0x80002804 (0x02362333) x6  0xffffffff
core   0: 0x80002808 (0xcfbb4593) xori    a1, s6, -773
core   0: 3 0x80002808 (0xcfbb4593) x11 0xfffffc11
core   0: 0x8000280c (0x037edb33) divu    s6, t4, s7
core   0: 3 0x8000280c (0x037edb33) x22 0xffffffff
core   0: 0x80002810 (0x0372c533) div     a0, t0, s7
core   0: 3 0x80002810 (0x0372c533) x10 0xffffffff
core   0: 0x80002814 (0x00008db5) c.xor   a1, a3
core   0: 3 0x80002814 (0x8db5) x11 0x7ffd6135
core   0: 0x80002816 (0x02797033) remu    zero, s2, t2
core   0: 3 0x80002816 (0x02797033)
core   0: 0x8000281a (0x00000001) c.nop
core   0: 3 0x8000281a (0x0001)
core   0: 0x8000281c (0x00009766) c.add   a4, s9
core   0: 3 0x8000281c (0x9766) x14 0xfffe32f3
core   0: 0x8000281e (0x0c75f437) lui     s0, 0xc75f
core   0: 3 0x8000281e (0x0c75f437) x8  0x0c75f000
core   0: 0x80002822 (0x01cfc633) xor     a2, t6, t3
core   0: 3 0x80002822 (0x01cfc633) x12 0x80025ef0
core   0: 0x80002826 (0x000010fd) c.addi  ra, -1
core   0: 3 0x80002826 (0x10fd) x1  0xb62d8407
core   0: 0x80002828 (0x00008f79) c.and   a4, a4
core   0: 3 0x80002828 (0x8f79) x14 0xfffe32f3
core   0: 0x8000282a (0x00000001) c.nop
core   0: 3 0x8000282a (0x0001)
core   0: 0x8000282c (0x442bc613) xori    a2, s7, 1090
core   0: 3 0x8000282c (0x442bc613) x12 0x00000442
core   0: 0x80002830 (0x01313cb3) sltu    s9, sp, s3
core   0: 3 0x80002830 (0x01313cb3) x25 0x00000000
core   0: 0x80002834 (0x00b5cf33) xor     t5, a1, a1
core   0: 3 0x80002834 (0x00b5cf33) x30 0x00000000
core   0: 0x80002838 (0x01fc3033) sltu    zero, s8, t6
core   0: 3 0x80002838 (0x01fc3033)
core   0: 0x8000283c (0x0000834d) c.srli  a4, 19
core   0: 3 0x8000283c (0x834d) x14 0x00001fff
core   0: 0x8000283e (0x00000ba9) c.addi  s7, 10
core   0: 3 0x8000283e (0x0ba9) x23 0x0000000a
core   0: 0x80002840 (0x0ff0000f) fence   iorw,iorw
core   0: 3 0x80002840 (0x0ff0000f)
core   0: 0x80002844 (0x03225833) divu    a6, tp, s2
core   0: 3 0x80002844 (0x03225833) x16 0x00000000
core   0: 0x80002848 (0x00008099) c.srli  s1, 6
core   0: 3 0x80002848 (0x8099) x9  0x03ffffff
core   0: 0x8000284a (0x005ed913) srli    s2, t4, 5
core   0: 3 0x8000284a (0x005ed913) x18 0x07fff197
core   0: 0x8000284e (0x40ef0bb3) sub     s7, t5, a4
core   0: 3 0x8000284e (0x40ef0bb3) x23 0xffffe001
core   0: 0x80002852 (0x01366533) or      a0, a2, s3
core   0: 3 0x80002852 (0x01366533) x10 0x0000157e
core   0: 0x80002856 (0x139cbb93) sltiu   s7, s9, 313
core   0: 3 0x80002856 (0x139cbb93) x23 0x00000001
core   0: 0x8000285a (0x998df913) andi    s2, s11, -1640
core   0: 3 0x8000285a (0x998df913) x18 0x00000000
core   0: 0x8000285e (0x03149e63) bne     s1, a7, pc + 60
core   0: 3 0x8000285e (0x03149e63)
core   0: 0x8000289a (0x019b45b3) xor     a1, s6, s9
core   0: 3 0x8000289a (0x019b45b3) x11 0xffffffff
core   0: 0x8000289e (0x000097ae) c.add   a5, a1
core   0: 3 0x8000289e (0x97ae) x15 0xffffffc5
core   0: 0x800028a0 (0x0134d563) bge     s1, s3, pc + 10
core   0: 3 0x800028a0 (0x0134d563)
core   0: 0x800028aa (0x00008f61) c.and   a4, s0
core   0: 3 0x800028aa (0x8f61) x14 0x00001000
core   0: 0x800028ac (0x34003cf3) csrrc   s9, mscratch, zero
core   0: 3 0x800028ac (0x34003cf3) x25 0x00006000
core   0: 0x800028b0 (0x0114c833) xor     a6, s1, a7
core   0: 3 0x800028b0 (0x0114c833) x16 0x03ffffff
core   0: 0x800028b4 (0x02d164b3) rem     s1, sp, a3
core   0: 3 0x800028b4 (0x02d164b3) x9  0xfc65f358
core   0: 0x800028b8 (0x00005a7d) c.li    s4, -1
core   0: 3 0x800028b8 (0x5a7d) x20 0xffffffff
core   0: 0x800028ba (0xa0373c37) lui     s8, 0xa0373
core   0: 3 0x800028ba (0xa0373c37) x24 0xa0373000
core   0: 0x800028be (0x00008fcd) c.or    a5, a1
core   0: 3 0x800028be (0x8fcd) x15 0xffffffff
core   0: 0x800028c0 (0x00006195) c.lui   gp, 0x5
core   0: 3 0x800028c0 (0x6195) x3  0x00005000
core   0: 0x800028c2 (0x0178d263) bge     a7, s7, pc + 4
core   0: 3 0x800028c2 (0x0178d263)
core   0: 0x800028c6 (0x01be99b3) sll     s3, t4, s11
core   0: 3 0x800028c6 (0x01be99b3) x19 0xff8cbcc0
core   0: 0x800028ca (0x00000c3e) c.slli  s8, 15
core   0: 3 0x800028ca (0x0c3e) x24 0x98000000
core   0: 0x800028cc (0xfce3f213) andi    tp, t2, -50
core   0: 3 0x800028cc (0xfce3f213) x4  0x00000000
core   0: 0x800028d0 (0x0158e963) bltu    a7, s5, pc + 18
core   0: 3 0x800028d0 (0x0158e963)
core   0: 0x800028e2 (0x0000c601) c.beqz  a2, pc + 8
core   0: 3 0x800028e2 (0xc601)
core   0: 0x800028e4 (0x00008d99) c.sub   a1, a4
core   0: 3 0x800028e4 (0x8d99) x11 0xffffefff
core   0: 0x800028e6 (0x2ced2c97) auipc   s9, 0x2ced2
core   0: 3 0x800028e6 (0x2ced2c97) x25 0xaced48e6
core   0: 0x800028ea (0x036b3833) mulhu   a6, s6, s6
core   0: 3 0x800028ea (0x036b3833) x16 0xfffffffe
core   0: 0x800028ee (0x02785a63) bge     a6, t2, pc + 52
core   0: 3 0x800028ee (0x02785a63)
core   0: 0x800028f2 (0x00dc2333) slt     t1, s8, a3
core   0: 3 0x800028f2 (0x00dc2333) x6  0x00000000
core   0: 0x800028f6 (0x0000057a) c.slli  a0, 30
core   0: 3 0x800028f6 (0x057a) x10 0x80000000
core   0: 0x800028f8 (0x00000001) c.nop
core   0: 3 0x800028f8 (0x0001)
core   0: 0x800028fa (0x017555b3) srl     a1, a0, s7
core   0: 3 0x800028fa (0x017555b3) x11 0x40000000
core   0: 0x800028fe (0x03ddedb3) rem     s11, s11, t4
core   0: 3 0x800028fe (0x03ddedb3) x27 0x00000006
core   0: 0x80002902 (0x0ff0000f) fence   iorw,iorw
core   0: 3 0x80002902 (0x0ff0000f)
core   0: 0x80002906 (0x00e91463) bne     s2, a4, pc + 8
core   0: 3 0x80002906 (0x00e91463)
core   0: 0x8000290e (0x00ce9b93) slli    s7, t4, 12
core   0: 3 0x8000290e (0x00ce9b93) x23 0xe32f3000
core   0: 0x80002912 (0x0344b833) mulhu   a6, s1, s4
core   0: 3 0x80002912 (0x0344b833) x16 0xfc65f357
core   0: 0x80002916 (0x340031f3) csrrc   gp, mscratch, zero
core   0: 3 0x80002916 (0x340031f3) x3  0x00006000
core   0: 0x8000291a (0x03d84233) div     tp, a6, t4
core   0: 3 0x8000291a (0x03d84233) x4  0x000001ff
core   0: 0x8000291e (0x0171eeb3) or      t4, gp, s7
core   0: 3 0x8000291e (0x0171eeb3) x29 0xe32f7000
core   0: 0x80002922 (0x00696663) bltu    s2, t1, pc + 12
core   0: 3 0x80002922 (0x00696663)
core   0: 0x80002926 (0x00fc02b3) add     t0, s8, a5
core   0: 3 0x80002926 (0x00fc02b3) x5  0x97ffffff
core   0: 0x8000292a (0x0104d463) bge     s1, a6, pc + 8
core   0: 3 0x8000292a (0x0104d463)
core   0: 0x80002932 (0x40ee02b3) sub     t0, t3, a4
core   0: 3 0x80002932 (0x40ee02b3) x5  0x80024ea4
core   0: 0x80002936 (0x000087d5) c.srai  a5, 21
core   0: 3 0x80002936 (0x87d5) x15 0xffffffff
core   0: 0x80002938 (0x0000823e) c.mv    tp, a5
core   0: 3 0x80002938 (0x823e) x4  0xffffffff
core   0: 0x8000293a (0x0000e339) c.bnez  a4, pc + 70
core   0: 3 0x8000293a (0xe339)
core   0: 0x80002980 (0x3fe63013) sltiu   zero, a2, 1022
core   0: 3 0x80002980 (0x3fe63013)
core   0: 0x80002984 (0x00008d29) c.xor   a0, a0
core   0: 3 0x80002984 (0x8d29) x10 0x00000000
core   0: 0x80002986 (0x0000100f) fence.i
core   0: 3 0x80002986 (0x0000100f)
core   0: 0x8000298a (0x00008445) c.srai  s0, 17
core   0: 3 0x8000298a (0x8445) x8  0x0000063a
core   0: 0x8000298c (0x34069273) csrrw   tp, mscratch, a3
core   0: 3 0x8000298c (0x34069273) x4  0x00006000 c832_mscratch 0x80029d24
core   0: 0x80002990 (0x415e5d93) srai    s11, t3, 21
core   0: 3 0x80002990 (0x415e5d93) x27 0xfffffc00
core   0: 0x80002994 (0x229e8893) addi    a7, t4, 553
core   0: 3 0x80002994 (0x229e8893) x17 0xe32f7229
core   0: 0x80002998 (0x02072633) mulhsu  a2, a4, zero
core   0: 3 0x80002998 (0x02072633) x12 0x00000000
core   0: 0x8000299c (0x0065ff63) bgeu    a1, t1, pc + 30
core   0: 3 0x8000299c (0x0065ff63)
core   0: 0x800029ba (0x7bcbb797) auipc   a5, 0x7bcbb
core   0: 3 0x800029ba (0x7bcbb797) x15 0xfbcbd9ba
core   0: 0x800029be (0x00001f7d) c.addi  t5, -1
core   0: 3 0x800029be (0x1f7d) x30 0xffffffff
core   0: 0x800029c0 (0x000008b2) c.slli  a7, 12
core   0: 3 0x800029c0 (0x08b2) x17 0xf7229000
core   0: 0x800029c2 (0x00008fe2) c.mv    t6, s8
core   0: 3 0x800029c2 (0x8fe2) x31 0x98000000
core   0: 0x800029c4 (0x00008d81) c.sub   a1, s0
core   0: 3 0x800029c4 (0x8d81) x11 0x3ffff9c6
core   0: 0x800029c6 (0xe7c4c193) xori    gp, s1, -388
core   0: 3 0x800029c6 (0xe7c4c193) x3  0x039a0d24
core   0: 0x800029ca (0x03e9f263) bgeu    s3, t5, pc + 36
core   0: 3 0x800029ca (0x03e9f263)
core   0: 0x800029ce (0x023a5a63) bge     s4, gp, pc + 52
core   0: 3 0x800029ce (0x023a5a63)
core   0: 0x800029d2 (0x01084333) xor     t1, a6, a6
core   0: 3 0x800029d2 (0x01084333) x6  0x00000000
core   0: 0x800029d6 (0x00008e2d) c.xor   a2, a1
core   0: 3 0x800029d6 (0x8e2d) x12 0x3ffff9c6
core   0: 0x800029d8 (0x00621813) slli    a6, tp, 6
core   0: 3 0x800029d8 (0x00621813) x16 0x00180000
core   0: 0x800029dc (0x00008dc9) c.or    a1, a0
core   0: 3 0x800029dc (0x8dc9) x11 0x3ffff9c6
core   0: 0x800029de (0x34007a73) csrrci  s4, mscratch, 0
core   0: 3 0x800029de (0x34007a73) x20 0x80029d24
core   0: 0x800029e2 (0x8ad01597) auipc   a1, 0x8ad01
core   0: 3 0x800029e2 (0x8ad01597) x11 0x0ad039e2
core   0: 0x800029e6 (0x0173b4b3) sltu    s1, t2, s7
core   0: 3 0x800029e6 (0x0173b4b3) x9  0x00000001
core   0: 0x800029ea (0x00009ace) c.add   s5, s3
core   0: 3 0x800029ea (0x9ace) x21 0x7f8dbd68
core   0: 0x800029ec (0x00008509) c.srai  a0, 2
core   0: 3 0x800029ec (0x8509) x10 0x00000000
core   0: 0x800029ee (0x00008fc1) c.or    a5, s0
core   0: 3 0x800029ee (0x8fc1) x15 0xfbcbdfba
core   0: 0x800029f0 (0x000085c9) c.srai  a1, 18
core   0: 3 0x800029f0 (0x85c9) x11 0x000002b4
core   0: 0x800029f2 (0x0000100f) fence.i
core   0: 3 0x800029f2 (0x0000100f)
core   0: 0x800029f6 (0x00d0d663) bge     ra, a3, pc + 12
core   0: 3 0x800029f6 (0x00d0d663)
core   0: 0x80002a02 (0x0000cb99) c.beqz  a5, pc + 22
core   0: 3 0x80002a02 (0xcb99)
core   0: 0x80002a04 (0x00bef7b3) and     a5, t4, a1
core   0: 3 0x80002a04 (0x00bef7b3) x15 0x00000000
core   0: 0x80002a08 (0x01b31f63) bne     t1, s11, pc + 30
core   0: 3 0x80002a08 (0x01b31f63)
core   0: 0x80002a26 (0x018a0263) beq     s4, s8, pc + 4
core   0: 3 0x80002a26 (0x018a0263)
core   0: 0x80002a2a (0x00008789) c.srai  a5, 2
core   0: 3 0x80002a2a (0x8789) x15 0x00000000
core   0: 0x80002a2c (0x020e6433) rem     s0, t3, zero
core   0: 3 0x80002a2c (0x020e6433) x8  0x80025ea4
core   0: 0x80002a30 (0x000083fd) c.srli  a5, 31
core   0: 3 0x80002a30 (0x83fd) x15 0x00000000
core   0: 0x80002a32 (0x340ca3f3) csrrs   t2, mscratch, s9
core   0: 3 0x80002a32 (0x340ca3f3) x7  0x80029d24 c832_mscratch 0xacefdde6
core   0: 0x80002a36 (0x0332bfb3) mulhu   t6, t0, s3
core   0: 3 0x80002a36 (0x0332bfb3) x31 0x7fc8abfa
core   0: 0x80002a3a (0x033e89b3) mul     s3, t4, s3
core   0: 3 0x80002a3a (0x033e89b3) x19 0x79d40000
core   0: 0x80002a3e (0x03625433) divu    s0, tp, s6
core   0: 3 0x80002a3e (0x03625433) x8  0x00000000
core   0: 0x80002a42 (0x000061ad) c.lui   gp, 0xb
core   0: 3 0x80002a42 (0x61ad) x3  0x0000b000
core   0: 0x80002a44 (0x02ebe0b3) rem     ra, s7, a4
core   0: 3 0x80002a44 (0x02ebe0b3) x1  0x00000000
core   0: 0x80002a48 (0x00bafc33) and     s8, s5, a1
core   0: 3 0x80002a48 (0x00bafc33) x24 0x00000020
core   0: 0x80002a4c (0x0ff0000f) fence   iorw,iorw
core   0: 3 0x80002a4c (0x0ff0000f)
core   0: 0x80002a50 (0x0405c063) bltz    a1, pc + 64
core   0: 3 0x80002a50 (0x0405c063)
core   0: 0x80002a54 (0x0334b633) mulhu   a2, s1, s3
core   0: 3 0x80002a54 (0x0334b633) x12 0x00000000
core   0: 0x80002a58 (0x0000c601) c.beqz  a2, pc + 8
core   0: 3 0x80002a58 (0xc601)
core   0: 0x80002a60 (0x00000ff6) c.slli  t6, 29
core   0: 3 0x80002a60 (0x0ff6) x31 0x40000000
core   0: 0x80002a62 (0x34002473) csrr    s0, mscratch
core   0: 3 0x80002a62 (0x34002473) x8  0xacefdde6
core   0: 0x80002a66 (0x01c55463) bge     a0, t3, pc + 8
core   0: 3 0x80002a66 (0x01c55463)
core   0: 0x80002a6e (0x340d9bf3) csrrw   s7, mscratch, s11
core   0: 3 0x80002a6e (0x340d9bf3) x23 0xacefdde6 c832_mscratch 0xfffffc00
core   0: 0x80002a72 (0x009a4d63) blt     s4, s1, pc + 26
core   0: 3 0x80002a72 (0x009a4d63)
core   0: 0x80002a8c (0x7bcbd4b7) lui     s1, 0x7bcbd
core   0: 3 0x80002a8c (0x7bcbd4b7) x9  0x7bcbd000
core   0: 0x80002a90 (0x00f8bcb3) sltu    s9, a7, a5
core   0: 3 0x80002a90 (0x00f8bcb3) x25 0x00000000
core   0: 0x80002a94 (0x0000663d) c.lui   a2, 0xf
core   0: 3 0x80002a94 (0x663d) x12 0x0000f000
core   0: 0x80002a96 (0x033f6363) bltu    t5, s3, pc + 38
core   0: 3 0x80002a96 (0x033f6363)
core   0: 0x80002a9a (0x34003373) csrrc   t1, mscratch, zero
core   0: 3 0x80002a9a (0x34003373) x6  0xfffffc00
core   0: 0x80002a9e (0x0000926a) c.add   tp, s10
core   0: 3 0x80002a9e (0x926a) x4  0x00006001
core   0: 0x80002aa0 (0x0130cbb3) xor     s7, ra, s3
core   0: 3 0x80002aa0 (0x0130cbb3) x23 0x79d40000
core   0: 0x80002aa4 (0x0ff0000f) fence   iorw,iorw
core   0: 3 0x80002aa4 (0x0ff0000f)
core   0: 0x80002aa8 (0x000bb433) sltu    s0, s7, zero
core   0: 3 0x80002aa8 (0x000bb433) x8  0x00000000
core   0: 0x80002aac (0x340b68f3) csrrsi  a7, mscratch, 22
core   0: 3 0x80002aac (0x340b68f3) x17 0xfffffc00 c832_mscratch 0xfffffc16
core   0: 0x80002ab0 (0x02599663) bne     s3, t0, pc + 44
core   0: 3 0x80002ab0 (0x02599663)
core   0: 0x80002adc (0x34002473) csrr    s0, mscratch
core   0: 3 0x80002adc (0x34002473) x8  0xfffffc16
core   0: 0x80002ae0 (0x0211f7b3) remu    a5, gp, ra
core   0: 3 0x80002ae0 (0x0211f7b3) x15 0x0000b000
core   0: 0x80002ae4 (0x00008a05) c.andi  a2, 1
core   0: 3 0x80002ae4 (0x8a05) x12 0x00000000
core   0: 0x80002ae6 (0x0000830a) c.mv    t1, sp
core   0: 3 0x80002ae6 (0x830a) x6  0xfc65f358
core   0: 0x80002ae8 (0x01d010b3) sll     ra, zero, t4
core   0: 3 0x80002ae8 (0x01d010b3) x1  0x00000000
core   0: 0x80002aec (0x0145d363) bge     a1, s4, pc + 6
core   0: 3 0x80002aec (0x0145d363)
core   0: 0x80002af2 (0x40ae5513) srai    a0, t3, 10
core   0: 3 0x80002af2 (0x40ae5513) x10 0xffe00097
core   0: 0x80002af6 (0x0001bf17) auipc   t5, 0x1b
core   0: 3 0x80002af6 (0x0001bf17) x30 0x8001daf6
core   0: 0x80002afa (0x012f0f13) addi    t5, t5, 18
core   0: 3 0x80002afa (0x012f0f13) x30 0x8001db08
core   0: 0x80002afe (0x00ded9b3) srl     s3, t4, a3
core   0: 3 0x80002afe (0x00ded9b3) x19 0x0e32f700
core   0: 0x80002b02 (0x0000100f) fence.i
core   0: 3 0x80002b02 (0x0000100f)
core   0: 0x80002b06 (0x34007973) csrrci  s2, mscratch, 0
core   0: 3 0x80002b06 (0x34007973) x18 0xfffffc16
core   0: 0x80002b0a (0x026f1f83) lh      t6, 38(t5)
core   0: 3 0x80002b0a (0x026f1f83) x31 0xffffb0e8 mem 0x8001db2e
core   0: 0x80002b0e (0xe936a593) slti    a1, a3, -365
core   0: 3 0x80002b0e (0xe936a593) x11 0x00000001
core   0: 0x80002b12 (0x0000831d) c.srli  a4, 7
core   0: 3 0x80002b12 (0x831d) x14 0x00000020
core   0: 0x80002b14 (0x027f0c03) lb      s8, 39(t5)
core   0: 3 0x80002b14 (0x027f0c03) x24 0xffffffb0 mem 0x8001db2f
core   0: 0x80002b18 (0x00008d35) c.xor   a0, a3
core   0: 3 0x80002b18 (0x8d35) x10 0x7fe29db3
core   0: 0x80002b1a (0x409f5d33) sra     s10, t5, s1
core   0: 3 0x80002b1a (0x409f5d33) x26 0x8001db08
core   0: 0x80002b1e (0x01511c33) sll     s8, sp, s5
core   0: 3 0x80002b1e (0x01511c33) x24 0x65f35800
core   0: 0x80002b22 (0x02ff0fa3) sb      a5, 63(t5)
core   0: 3 0x80002b22 (0x02ff0fa3) mem 0x8001db47 0x00
core   0: 0x80002b26 (0x415cda13) srai    s4, s9, 21
core   0: 3 0x80002b26 (0x415cda13) x20 0x00000000
core   0: 0x80002b2a (0xfcef4c03) lbu     s8, -50(t5)
core   0: 3 0x80002b2a (0xfcef4c03) x24 0x000000df mem 0x8001dad6
core   0: 0x80002b2e (0x02ff2623) sw      a5, 44(t5)
core   0: 3 0x80002b2e (0x02ff2623) mem 0x8001db34 0x0000b000
core   0: 0x80002b32 (0xfc3f01a3) sb      gp, -61(t5)
core   0: 3 0x80002b32 (0xfc3f01a3) mem 0x8001dacb 0x00
core   0: 0x80002b36 (0xfe3f2023) sw      gp, -32(t5)
core   0: 3 0x80002b36 (0xfe3f2023) mem 0x8001dae8 0x0000b000
core   0: 0x80002b3a (0x021f0e83) lb      t4, 33(t5)
core   0: 3 0x80002b3a (0x021f0e83) x29 0x00000039 mem 0x8001db29
core   0: 0x80002b3e (0x34091473) csrrw   s0, mscratch, s2
core   0: 3 0x80002b3e (0x34091473) x8  0xfffffc16 c832_mscratch 0xfffffc16
core   0: 0x80002b42 (0x406182b3) sub     t0, gp, t1
core   0: 3 0x80002b42 (0x406182b3) x5  0x039abca8
core   0: 0x80002b46 (0x00008c29) c.xor   s0, a0
core   0: 3 0x80002b46 (0x8c29) x8  0x801d61a5
core   0: 0x80002b48 (0xfcbf4303) lbu     t1, -53(t5)
core   0: 3 0x80002b48 (0xfcbf4303) x6  0x000000f7 mem 0x8001dad3
core   0: 0x80002b4c (0xfd4f1023) sh      s4, -64(t5)
core   0: 3 0x80002b4c (0xfd4f1023) mem 0x8001dac8 0x0000
core   0: 0x80002b50 (0x011f4983) lbu     s3, 17(t5)
core   0: 3 0x80002b50 (0x011f4983) x19 0x00000040 mem 0x8001db19
core   0: 0x80002b54 (0x000f0383) lb      t2, 0(t5)
core   0: 3 0x80002b54 (0x000f0383) x7  0xffffff94 mem 0x8001db08
core   0: 0x80002b58 (0x0000100f) fence.i
core   0: 3 0x80002b58 (0x0000100f)
core   0: 0x80002b5c (0x00008a4d) c.andi  a2, 19
core   0: 3 0x80002b5c (0x8a4d) x12 0x00000000
core   0: 0x80002b5e (0x035f06a3) sb      s5, 45(t5)
core   0: 3 0x80002b5e (0x035f06a3) mem 0x8001db35 0x68
core   0: 0x80002b62 (0x02c35bb3) divu    s7, t1, a2
core   0: 3 0x80002b62 (0x02c35bb3) x23 0xffffffff
core   0: 0x80002b66 (0xfcbf0f83) lb      t6, -53(t5)
core   0: 3 0x80002b66 (0xfcbf0f83) x31 0xfffffff7 mem 0x8001dad3
core   0: 0x80002b6a (0xfebf4703) lbu     a4, -21(t5)
core   0: 3 0x80002b6a (0xfebf4703) x14 0x000000eb mem 0x8001daf3
core   0: 0x80002b6e (0xfe9f0d83) lb      s11, -23(t5)
core   0: 3 0x80002b6e (0xfe9f0d83) x27 0x00000021 mem 0x8001daf1
core   0: 0x80002b72 (0xed73b613) sltiu   a2, t2, -297
core   0: 3 0x80002b72 (0xed73b613) x12 0x00000000
core   0: 0x80002b76 (0x006f0883) lb      a7, 6(t5)
core   0: 3 0x80002b76 (0x006f0883) x17 0x00000066 mem 0x8001db0e
core   0: 0x80002b7a (0x007f4883) lbu     a7, 7(t5)
core   0: 3 0x80002b7a (0x007f4883) x17 0x000000e1 mem 0x8001db0f
core   0: 0x80002b7e (0x02e57bb3) remu    s7, a0, a4
core   0: 3 0x80002b7e (0x02e57bb3) x23 0x000000b8
core   0: 0x80002b82 (0xfdaf4183) lbu     gp, -38(t5)
core   0: 3 0x80002b82 (0xfdaf4183) x3  0x000000a5 mem 0x8001dae2
core   0: 0x80002b86 (0x00bf0a03) lb      s4, 11(t5)
core   0: 3 0x80002b86 (0x00bf0a03) x20 0xffffff82 mem 0x8001db13
core   0: 0x80002b8a (0x00009aa2) c.add   s5, s0
core   0: 3 0x80002b8a (0x9aa2) x21 0xffab1f0d
core   0: 0x80002b8c (0x027f0c23) sb      t2, 56(t5)
core   0: 3 0x80002b8c (0x027f0c23) mem 0x8001db40 0x94
core   0: 0x80002b90 (0x00a6c033) xor     zero, a3, a0
core   0: 3 0x80002b90 (0x00a6c033)
core   0: 0x80002b94 (0x7547ae93) slti    t4, a5, 1876
core   0: 3 0x80002b94 (0x7547ae93) x29 0x00000000
core   0: 0x80002b98 (0xfcff4c83) lbu     s9, -49(t5)
core   0: 3 0x80002b98 (0xfcff4c83) x25 0x000000ea mem 0x8001dad7
core   0: 0x80002b9c (0xbc4ff337) lui     t1, 0xbc4ff
core   0: 3 0x80002b9c (0xbc4ff337) x6  0xbc4ff000
core   0: 0x80002ba0 (0x00cf4803) lbu     a6, 12(t5)
core   0: 3 0x80002ba0 (0x00cf4803) x16 0x00000009 mem 0x8001db14
core   0: 0x80002ba4 (0x613a7a93) andi    s5, s4, 1555
core   0: 3 0x80002ba4 (0x613a7a93) x21 0x00000602
core   0: 0x80002ba8 (0x0000100f) fence.i
core   0: 3 0x80002ba8 (0x0000100f)
core   0: 0x80002bac (0xe440a793) slti    a5, ra, -444
core   0: 3 0x80002bac (0xe440a793) x15 0x00000000
core   0: 0x80002bb0 (0x02cf4383) lbu     t2, 44(t5)
core   0: 3 0x80002bb0 (0x02cf4383) x7  0x00000000 mem 0x8001db34
core   0: 0x80002bb4 (0xa9728f97) auipc   t6, 0xa9728
core   0: 3 0x80002bb4 (0xa9728f97) x31 0x2972abb4
core   0: 0x80002bb8 (0x00008949) c.andi  a0, 18
core   0: 3 0x80002bb8 (0x8949) x10 0x00000012
core   0: 0x80002bba (0x03af1203) lh      tp, 58(t5)
core   0: 3 0x80002bba (0x03af1203) x4  0x00004be3 mem 0x8001db42
core   0: 0x80002bbe (0x408402b3) sub     t0, s0, s0
core   0: 3 0x80002bbe (0x408402b3) x5  0x00000000
core   0: 0x80002bc2 (0x03346f33) rem     t5, s0, s3
core   0: 3 0x80002bc2 (0x03346f33) x30 0xffffffe5
core   0: 0x80002bc6 (0x000080d5) c.srli  s1, 21
core   0: 3 0x80002bc6 (0x80d5) x9  0x000003de
core   0: 0x80002bc8 (0x4056d333) sra     t1, a3, t0
core   0: 3 0x80002bc8 (0x4056d333) x6  0x80029d24
core   0: 0x80002bcc (0x41848b33) sub     s6, s1, s8
core   0: 3 0x80002bcc (0x41848b33) x22 0x000002ff
core   0: 0x80002bd0 (0x01c49cb3) sll     s9, s1, t3
core   0: 3 0x80002bd0 (0x01c49cb3) x25 0x00003de0
core   0: 0x80002bd4 (0x00e48563) beq     s1, a4, pc + 10
core   0: 3 0x80002bd4 (0x00e48563)
core   0: 0x80002bd8 (0x00000905) c.addi  s2, 1
core   0: 3 0x80002bd8 (0x0905) x18 0xfffffc17
core   0: 0x80002bda (0x0300d633) divu    a2, ra, a6
core   0: 3 0x80002bda (0x0300d633) x12 0x00000000
core   0: 0x80002bde (0x0184d613) srli    a2, s1, 24
core   0: 3 0x80002bde (0x0184d613) x12 0x00000000
core   0: 0x80002be2 (0x008de633) or      a2, s11, s0
core   0: 3 0x80002be2 (0x008de633) x12 0x801d61a5
core   0: 0x80002be6 (0x00bf5993) srli    s3, t5, 11
core   0: 3 0x80002be6 (0x00bf5993) x19 0x001fffff
core   0: 0x80002bea (0x004c8eb3) add     t4, s9, tp
core   0: 3 0x80002bea (0x004c8eb3) x29 0x000089c3
core   0: 0x80002bee (0x000083ad) c.srli  a5, 11
core   0: 3 0x80002bee (0x83ad) x15 0x00000000
core   0: 0x80002bf0 (0x00025663) bgez    tp, pc + 12
core   0: 3 0x80002bf0 (0x00025663)
core   0: 0x80002bfc (0x7ceac593) xori    a1, s5, 1998
core   0: 3 0x80002bfc (0x7ceac593) x11 0x000001cc
core   0: 0x80002c00 (0x000088cd) c.andi  s1, 19
core   0: 3 0x80002c00 (0x88cd) x9  0x00000012
core   0: 0x80002c02 (0x0ff0000f) fence   iorw,iorw
core   0: 3 0x80002c02 (0x0ff0000f)
core   0: 0x80002c06 (0x7e09a913) slti    s2, s3, 2016
core   0: 3 0x80002c06 (0x7e09a913) x18 0x00000000
core   0: 0x80002c0a (0x0ff0000f) fence   iorw,iorw
core   0: 3 0x80002c0a (0x0ff0000f)
core   0: 0x80002c0e (0x29e9e613) ori     a2, s3, 670
core   0: 3 0x80002c0e (0x29e9e613) x12 0x001fffff
core   0: 0x80002c12 (0x00000001) c.nop
core   0: 3 0x80002c12 (0x0001)
core   0: 0x80002c14 (0x00006465) c.lui   s0, 0x19
core   0: 3 0x80002c14 (0x6465) x8  0x00019000
core   0: 0x80002c16 (0x000085a1) c.srai  a1, 8
core   0: 3 0x80002c16 (0x85a1) x11 0x00000001
core   0: 0x80002c18 (0x001cb0b3) sltu    ra, s9, ra
core   0: 3 0x80002c18 (0x001cb0b3) x1  0x00000000
core   0: 0x80002c1c (0xf12dbb93) sltiu   s7, s11, -238
core   0: 3 0x80002c1c (0xf12dbb93) x23 0x00000001
core   0: 0x80002c20 (0x03c00d63) beq     zero, t3, pc + 58
core   0: 3 0x80002c20 (0x03c00d63)
core   0: 0x80002c24 (0x3403d7f3) csrrwi  a5, mscratch, 7
core   0: 3 0x80002c24 (0x3403d7f3) x15 0xfffffc16 c832_mscratch 0x00000007
core   0: 0x80002c28 (0x40de80b3) sub     ra, t4, a3
core   0: 3 0x80002c28 (0x40de80b3) x1  0x7ffdec9f
core   0: 0x80002c2c (0x340023f3) csrr    t2, mscratch
core   0: 3 0x80002c2c (0x340023f3) x7  0x00000007
core   0: 0x80002c30 (0x00f0efb3) or      t6, ra, a5
core   0: 3 0x80002c30 (0x00f0efb3) x31 0xfffffc9f
core   0: 0x80002c34 (0x3406bb73) csrrc   s6, mscratch, a3
core   0: 3 0x80002c34 (0x3406bb73) x22 0x00000007 c832_mscratch 0x00000003
core   0: 0x80002c38 (0x00008cf9) c.and   s1, a4
core   0: 3 0x80002c38 (0x8cf9) x9  0x00000002
core   0: 0x80002c3a (0x028bf463) bgeu    s7, s0, pc + 40
core   0: 3 0x80002c3a (0x028bf463)
core   0: 0x80002c3e (0x00009b6e) c.add   s6, s11
core   0: 3 0x80002c3e (0x9b6e) x22 0x00000028
core   0: 0x80002c40 (0x00008d61) c.and   a0, s0
core   0: 3 0x80002c40 (0x8d61) x10 0x00000000
core   0: 0x80002c42 (0x016a4533) xor     a0, s4, s6
core   0: 3 0x80002c42 (0x016a4533) x10 0xffffffaa
core   0: 0x80002c46 (0x0000100f) fence.i
core   0: 3 0x80002c46 (0x0000100f)
core   0: 0x80002c4a (0x3400d373) csrrwi  t1, mscratch, 1
core   0: 3 0x80002c4a (0x3400d373) x6  0x00000003 c832_mscratch 0x00000001
core   0: 0x80002c4e (0x0000100f) fence.i
core   0: 3 0x80002c4e (0x0000100f)
core   0: 0x80002c52 (0x00be5b33) srl     s6, t3, a1
core   0: 3 0x80002c52 (0x00be5b33) x22 0x40012f52
core   0: 0x80002c56 (0x07b78613) addi    a2, a5, 123
core   0: 3 0x80002c56 (0x07b78613) x12 0xfffffc91
core   0: 0x80002c5a (0xcae00913) li      s2, -850
core   0: 3 0x80002c5a (0xcae00913) x18 0xfffffcae
core   0: 0x80002c5e (0x00001b7d) c.addi  s6, -1
core   0: 3 0x80002c5e (0x1b7d) x22 0x40012f51
core   0: 0x80002c60 (0x00008cc9) c.or    s1, a0
core   0: 3 0x80002c60 (0x8cc9) x9  0xffffffaa
core   0: 0x80002c62 (0x0000e309) c.bnez  a4, pc + 2
core   0: 3 0x80002c62 (0xe309)
core   0: 0x80002c64 (0x00c918b3) sll     a7, s2, a2
core   0: 3 0x80002c64 (0x00c918b3) x17 0xf95c0000
core   0: 0x80002c68 (0x000057fd) c.li    a5, -1
core   0: 3 0x80002c68 (0x57fd) x15 0xffffffff
core   0: 0x80002c6a (0x00000001) c.nop
core   0: 3 0x80002c6a (0x0001)
core   0: 0x80002c6c (0x019f27b3) slt     a5, t5, s9
core   0: 3 0x80002c6c (0x019f27b3) x15 0x00000001
core   0: 0x80002c70 (0x0000100f) fence.i
core   0: 3 0x80002c70 (0x0000100f)
core   0: 0x80002c74 (0x41b35093) srai    ra, t1, 27
core   0: 3 0x80002c74 (0x41b35093) x1  0x00000000
core   0: 0x80002c78 (0x42ed4993) xori    s3, s10, 1070
core   0: 3 0x80002c78 (0x42ed4993) x19 0x8001df26
core   0: 0x80002c7c (0x00008e39) c.xor   a2, a4
core   0: 3 0x80002c7c (0x8e39) x12 0xfffffc7a
core   0: 0x80002c7e (0x24516513) ori     a0, sp, 581
core   0: 3 0x80002c7e (0x24516513) x10 0xfc65f35d
core   0: 0x80002c82 (0x0ff0000f) fence   iorw,iorw
core   0: 3 0x80002c82 (0x0ff0000f)
core   0: 0x80002c86 (0xb3eea813) slti    a6, t4, -1218
core   0: 3 0x80002c86 (0xb3eea813) x16 0x00000000
core   0: 0x80002c8a (0x023303b3) mul     t2, t1, gp
core   0: 3 0x80002c8a (0x023303b3) x7  0x000001ef
core   0: 0x80002c8e (0x41435b13) srai    s6, t1, 20
core   0: 3 0x80002c8e (0x41435b13) x22 0x00000000
core   0: 0x80002c92 (0x34053df3) csrrc   s11, mscratch, a0
core   0: 3 0x80002c92 (0x34053df3) x27 0x00000001 c832_mscratch 0x00000000
core   0: 0x80002c96 (0x00008d11) c.sub   a0, a2
core   0: 3 0x80002c96 (0x8d11) x10 0xfc65f6e3
core   0: 0x80002c98 (0x00009d76) c.add   s10, t4
core   0: 3 0x80002c98 (0x9d76) x26 0x800264cb
core   0: 0x80002c9a (0x00000001) c.nop
core   0: 3 0x80002c9a (0x0001)
core   0: 0x80002c9c (0x009fcf93) xori    t6, t6, 9
core   0: 3 0x80002c9c (0x009fcf93) x31 0xfffffc96
core   0: 0x80002ca0 (0x340ddef3) csrrwi  t4, mscratch, 27
core   0: 3 0x80002ca0 (0x340ddef3) x29 0x00000000 c832_mscratch 0x0000001b
core   0: 0x80002ca4 (0x03bcc1b3) div     gp, s9, s11
core   0: 3 0x80002ca4 (0x03bcc1b3) x3  0x00003de0
core   0: 0x80002ca8 (0x00008f49) c.or    a4, a0
core   0: 3 0x80002ca8 (0x8f49) x14 0xfc65f6eb
core   0: 0x80002caa (0x34079a73) csrrw   s4, mscratch, a5
core   0: 3 0x80002caa (0x34079a73) x20 0x0000001b c832_mscratch 0x00000001
core   0: 0x80002cae (0x000053fd) c.li    t2, -1
core   0: 3 0x80002cae (0x53fd) x7  0xffffffff
core   0: 0x80002cb0 (0x6863ab13) slti    s6, t2, 1670
core   0: 3 0x80002cb0 (0x6863ab13) x22 0x00000001
core   0: 0x80002cb4 (0x340075f3) csrrci  a1, mscratch, 0
core   0: 3 0x80002cb4 (0x340075f3) x11 0x00000001
core   0: 0x80002cb8 (0x0000efc9) c.bnez  a5, pc + 154
core   0: 3 0x80002cb8 (0xefc9)
core   0: 0x80002d52 (0x0ff0000f) fence   iorw,iorw
core   0: 3 0x80002d52 (0x0ff0000f)
core   0: 0x80002d56 (0x00f3d533) srl     a0, t2, a5
core   0: 3 0x80002d56 (0x00f3d533) x10 0x7fffffff
core   0: 0x80002d5a (0x00008f01) c.sub   a4, s0
core   0: 3 0x80002d5a (0x8f01) x14 0xfc6466eb
core   0: 0x80002d5c (0x3408a073) csrs    mscratch, a7
core   0: 3 0x80002d5c (0x3408a073) c832_mscratch 0xf95c0001
core   0: 0x80002d60 (0x340afaf3) csrrci  s5, mscratch, 21
core   0: 3 0x80002d60 (0x340afaf3) x21 0xf95c0001 c832_mscratch 0xf95c0000
core   0: 0x80002d64 (0x000091be) c.add   gp, a5
core   0: 3 0x80002d64 (0x91be) x3  0x00003de1
core   0: 0x80002d66 (0x00285f33) srl     t5, a6, sp
core   0: 3 0x80002d66 (0x00285f33) x30 0x00000000
core   0: 0x80002d6a (0x00d350b3) srl     ra, t1, a3
core   0: 3 0x80002d6a (0x00d350b3) x1  0x00000000
core   0: 0x80002d6e (0x5ece2213) slti    tp, t3, 1516
core   0: 3 0x80002d6e (0x5ece2213) x4  0x00000001
core   0: 0x80002d72 (0x41ef5313) srai    t1, t5, 30
core   0: 3 0x80002d72 (0x41ef5313) x6  0x00000000
core   0: 0x80002d76 (0x0000187d) c.addi  a6, -1
core   0: 3 0x80002d76 (0x187d) x16 0xffffffff
core   0: 0x80002d78 (0x41b88433) sub     s0, a7, s11
core   0: 3 0x80002d78 (0x41b88433) x8  0xf95bffff
core   0: 0x80002d7c (0x000001ea) c.slli  gp, 26
core   0: 3 0x80002d7c (0x01ea) x3  0x84000000
core   0: 0x80002d7e (0x00008f99) c.sub   a5, a4
core   0: 3 0x80002d7e (0x8f99) x15 0x039b9916
core   0: 0x80002d80 (0x029152b3) divu    t0, sp, s1
core   0: 3 0x80002d80 (0x029152b3) x5  0x00000000
core   0: 0x80002d84 (0x527aa713) slti    a4, s5, 1319
core   0: 3 0x80002d84 (0x527aa713) x14 0x00000001
core   0: 0x80002d88 (0x00008e51) c.or    a2, a2
core   0: 3 0x80002d88 (0x8e51) x12 0xfffffc7a
core   0: 0x80002d8a (0x41695f33) sra     t5, s2, s6
core   0: 3 0x80002d8a (0x41695f33) x30 0xfffffe57
core   0: 0x80002d8e (0x01086533) or      a0, a6, a6
core   0: 3 0x80002d8e (0x01086533) x10 0xffffffff
core   0: 0x80002d92 (0x00004ad9) c.li    s5, 22
core   0: 3 0x80002d92 (0x4ad9) x21 0x00000016
core   0: 0x80002d94 (0x3401dd73) csrrwi  s10, mscratch, 3
core   0: 3 0x80002d94 (0x3401dd73) x26 0xf95c0000 c832_mscratch 0x00000003
core   0: 0x80002d98 (0x02317533) remu    a0, sp, gp
core   0: 3 0x80002d98 (0x02317533) x10 0x7865f358
core   0: 0x80002d9c (0x01066eb3) or      t4, a2, a6
core   0: 3 0x80002d9c (0x01066eb3) x29 0xffffffff
core   0: 0x80002da0 (0x030d49b3) div     s3, s10, a6
core   0: 3 0x80002da0 (0x030d49b3) x19 0x06a40000
core   0: 0x80002da4 (0x00582f33) slt     t5, a6, t0
core   0: 3 0x80002da4 (0x00582f33) x30 0x00000001
core   0: 0x80002da8 (0x036f7763) bgeu    t5, s6, pc + 46
core   0: 3 0x80002da8 (0x036f7763)
core   0: 0x80002dd6 (0x00ace7b3) or      a5, s9, a0
core   0: 3 0x80002dd6 (0x00ace7b3) x15 0x7865fff8
core   0: 0x80002dda (0x000c0eb3) add     t4, s8, zero
core   0: 3 0x80002dda (0x000c0eb3) x29 0x000000df
core   0: 0x80002dde (0x0000e591) c.bnez  a1, pc + 12
core   0: 3 0x80002dde (0xe591)
core   0: 0x80002dea (0x00000001) c.nop
core   0: 3 0x80002dea (0x0001)
core   0: 0x80002dec (0x0000e599) c.bnez  a1, pc + 14
core   0: 3 0x80002dec (0xe599)
core   0: 0x80002dfa (0x01b69a13) slli    s4, a3, 27
core   0: 3 0x80002dfa (0x01b69a13) x20 0x20000000
core   0: 0x80002dfe (0x012c5793) srli    a5, s8, 18
core   0: 3 0x80002dfe (0x012c5793) x15 0x00000000
core   0: 0x80002e02 (0xf00689b7) lui     s3, 0xf0068
core   0: 3 0x80002e02 (0xf00689b7) x19 0xf0068000
core   0: 0x80002e06 (0x34002873) csrr    a6, mscratch
core   0: 3 0x80002e06 (0x34002873) x16 0x00000003
core   0: 0x80002e0a (0x01021463) bne     tp, a6, pc + 8
core   0: 3 0x80002e0a (0x01021463)
core   0: 0x80002e12 (0x763f4f93) xori    t6, t5, 1891
core   0: 3 0x80002e12 (0x763f4f93) x31 0x00000762
core   0: 0x80002e16 (0x0000035d) c.addi  t1, 23
core   0: 3 0x80002e16 (0x035d) x6  0x00000017
core   0: 0x80002e18 (0x00000001) c.nop
core   0: 3 0x80002e18 (0x0001)
core   0: 0x80002e1a (0x0340fbb3) remu    s7, ra, s4
core   0: 3 0x80002e1a (0x0340fbb3) x23 0x00000000
core   0: 0x80002e1e (0x036fe463) bltu    t6, s6, pc + 40
core   0: 3 0x80002e1e (0x036fe463)
core   0: 0x80002e22 (0x000087c1) c.srai  a5, 16
core   0: 3 0x80002e22 (0x87c1) x15 0x00000000
core   0: 0x80002e24 (0x00008e01) c.sub   a2, s0
core   0: 3 0x80002e24 (0x8e01) x12 0x06a3fc7b
core   0: 0x80002e26 (0x021727b3) mulhsu  a5, a4, ra
core   0: 3 0x80002e26 (0x021727b3) x15 0x00000000
core   0: 0x80002e2a (0xa352c537) lui     a0, 0xa352c
core   0: 3 0x80002e2a (0xa352c537) x10 0xa352c000
core   0: 0x80002e2e (0x34011f73) csrrw   t5, mscratch, sp
core   0: 3 0x80002e2e (0x34011f73) x30 0x00000003 c832_mscratch 0xfc65f358
core   0: 0x80002e32 (0x15bd0b93) addi    s7, s10, 347
core   0: 3 0x80002e32 (0x15bd0b93) x23 0xf95c015b
core   0: 0x80002e36 (0x0ff0000f) fence   iorw,iorw
core   0: 3 0x80002e36 (0x0ff0000f)
core   0: 0x80002e3a (0x340195f3) csrrw   a1, mscratch, gp
core   0: 3 0x80002e3a (0x340195f3) x11 0xfc65f358 c832_mscratch 0x84000000
core   0: 0x80002e3e (0x024ca533) mulhsu  a0, s9, tp
core   0: 3 0x80002e3e (0x024ca533) x10 0x00000000
core   0: 0x80002e42 (0x001c8733) add     a4, s9, ra
core   0: 3 0x80002e42 (0x001c8733) x14 0x00003de0
core   0: 0x80002e46 (0x0000828a) c.mv    t0, sp
core   0: 3 0x80002e46 (0x828a) x5  0xfc65f358
core   0: 0x80002e48 (0x00006989) c.lui   s3, 0x2
core   0: 3 0x80002e48 (0x6989) x19 0x00002000
core   0: 0x80002e4a (0x05ab7163) bgeu    s6, s10, pc + 66
core   0: 3 0x80002e4a (0x05ab7163)
core   0: 0x80002e4e (0x0000c98d) c.beqz  a1, pc + 50
core   0: 3 0x80002e4e (0xc98d)
core   0: 0x80002e50 (0x9faa0837) lui     a6, 0x9faa0
core   0: 3 0x80002e50 (0x9faa0837) x16 0x9faa0000
core   0: 0x80002e54 (0x00008f95) c.sub   a5, a3
core   0: 3 0x80002e54 (0x8f95) x15 0x7ffd62dc
core   0: 0x80002e56 (0x0000c231) c.beqz  a2, pc + 68
core   0: 3 0x80002e56 (0xc231)
core   0: 0x80002e58 (0x020958b3) divu    a7, s2, zero
core   0: 3 0x80002e58 (0x020958b3) x17 0xffffffff
core   0: 0x80002e5c (0xf57c4f13) xori    t5, s8, -169
core   0: 3 0x80002e5c (0xf57c4f13) x30 0xffffff88
core   0: 0x80002e60 (0x00e30263) beq     t1, a4, pc + 4
core   0: 3 0x80002e60 (0x00e30263)
core   0: 0x80002e64 (0x036a9033) mulh    zero, s5, s6
core   0: 3 0x80002e64 (0x036a9033)
core   0: 0x80002e68 (0x0000c401) c.beqz  s0, pc + 8
core   0: 3 0x80002e68 (0xc401)
core   0: 0x80002e6a (0x037fc0b3) div     ra, t6, s7
core   0: 3 0x80002e6a (0x037fc0b3) x1  0x00000000
core   0: 0x80002e6e (0x000089e5) c.andi  a1, 25
core   0: 3 0x80002e6e (0x89e5) x11 0x00000018
core   0: 0x80002e70 (0x01dd7463) bgeu    s10, t4, pc + 8
core   0: 3 0x80002e70 (0x01dd7463)
core   0: 0x80002e78 (0x0033f5b3) and     a1, t2, gp
core   0: 3 0x80002e78 (0x0033f5b3) x11 0x84000000
core   0: 0x80002e7c (0x3403eff3) csrrsi  t6, mscratch, 7
core   0: 3 0x80002e7c (0x3403eff3) x31 0x84000000 c832_mscratch 0x84000007
core   0: 0x80002e80 (0x011a5833) srl     a6, s4, a7
core   0: 3 0x80002e80 (0x011a5833) x16 0x00000000
core   0: 0x80002e84 (0xc302bb13) sltiu   s6, t0, -976
core   0: 3 0x80002e84 (0xc302bb13) x22 0x00000001
core   0: 0x80002e88 (0x021d38b3) mulhu   a7, s10, ra
core   0: 3 0x80002e88 (0x021d38b3) x17 0x00000000
core   0: 0x80002e8c (0x03849263) bne     s1, s8, pc + 36
core   0: 3 0x80002e8c (0x03849263)
core   0: 0x80002eb0 (0x0000ec95) c.bnez  s1, pc + 60
core   0: 3 0x80002eb0 (0xec95)
core   0: 0x80002eec (0x01636363) bltu    t1, s6, pc + 6
core   0: 3 0x80002eec (0x01636363)
core   0: 0x80002ef0 (0x000089cd) c.andi  a1, 19
core   0: 3 0x80002ef0 (0x89cd) x11 0x00000000
core   0: 0x80002ef2 (0x34007bf3) csrrci  s7, mscratch, 0
core   0: 3 0x80002ef2 (0x34007bf3) x23 0x84000007
core   0: 0x80002ef6 (0x0288e2b3) rem     t0, a7, s0
core   0: 3 0x80002ef6 (0x0288e2b3) x5  0x00000000
core   0: 0x80002efa (0x00005bfd) c.li    s7, -1
core   0: 3 0x80002efa (0x5bfd) x23 0xffffffff
core   0: 0x80002efc (0xe561ac13) slti    s8, gp, -426
core   0: 3 0x80002efc (0xe561ac13) x24 0x00000001
core   0: 0x80002f00 (0x5c2a7a13) andi    s4, s4, 1474
core   0: 3 0x80002f00 (0x5c2a7a13) x20 0x00000000
core   0: 0x80002f04 (0xdd0db093) sltiu   ra, s11, -560
core   0: 3 0x80002f04 (0xdd0db093) x1  0x00000001
core   0: 0x80002f08 (0x340622f3) csrrs   t0, mscratch, a2
core   0: 3 0x80002f08 (0x340622f3) x5  0x84000007 c832_mscratch 0x86a3fc7f
core   0: 0x80002f0c (0x00008fe9) c.and   a5, a0
core   0: 3 0x80002f0c (0x8fe9) x15 0x00000000
core   0: 0x80002f0e (0x34007773) csrrci  a4, mscratch, 0
core   0: 3 0x80002f0e (0x34007773) x14 0x86a3fc7f
core   0: 0x80002f12 (0x01ef8b33) add     s6, t6, t5
core   0: 3 0x80002f12 (0x01ef8b33) x22 0x83ffff88
core   0: 0x80002f16 (0x01cf71b3) and     gp, t5, t3
core   0: 3 0x80002f16 (0x01cf71b3) x3  0x80025e80
core   0: 0x80002f1a (0x0000987d) c.andi  s0, -1
core   0: 3 0x80002f1a (0x987d) x8  0xf95bffff
core   0: 0x80002f1c (0x31003893) sltiu   a7, zero, 784
core   0: 3 0x80002f1c (0x31003893) x17 0x00000001
core   0: 0x80002f20 (0x00008c5d) c.or    s0, a5
core   0: 3 0x80002f20 (0x8c5d) x8  0xf95bffff
core   0: 0x80002f22 (0x0b22e7b7) lui     a5, 0xb22e
core   0: 3 0x80002f22 (0x0b22e7b7) x15 0x0b22e000
core   0: 0x80002f26 (0x00008789) c.srai  a5, 2
core   0: 3 0x80002f26 (0x8789) x15 0x02c8b800
core   0: 0x80002f28 (0x340d5473) csrrwi  s0, mscratch, 26
core   0: 3 0x80002f28 (0x340d5473) x8  0x86a3fc7f c832_mscratch 0x0000001a
core   0: 0x80002f2c (0x0000127d) c.addi  tp, -1
core   0: 3 0x80002f2c (0x127d) x4  0x00000000
core   0: 0x80002f2e (0x0000e089) c.bnez  s1, pc + 2
core   0: 3 0x80002f2e (0xe089)
core   0: 0x80002f30 (0x00008d89) c.sub   a1, a0
core   0: 3 0x80002f30 (0x8d89) x11 0x00000000
core   0: 0x80002f32 (0x0296aa33) mulhsu  s4, a3, s1
core   0: 3 0x80002f32 (0x0296aa33) x20 0x80029d4e
core   0: 0x80002f36 (0x0197d913) srli    s2, a5, 25
core   0: 3 0x80002f36 (0x0197d913) x18 0x00000001
core   0: 0x80002f3a (0x40718a33) sub     s4, gp, t2
core   0: 3 0x80002f3a (0x40718a33) x20 0x80025e81
core   0: 0x80002f3e (0x00209513) slli    a0, ra, 2
core   0: 3 0x80002f3e (0x00209513) x10 0x00000004
core   0: 0x80002f42 (0x0000845e) c.mv    s0, s7
core   0: 3 0x80002f42 (0x845e) x8  0xffffffff
core   0: 0x80002f44 (0x34039773) csrrw   a4, mscratch, t2
core   0: 3 0x80002f44 (0x34039773) x14 0x0000001a c832_mscratch 0xffffffff
core   0: 0x80002f48 (0x00006195) c.lui   gp, 0x5
core   0: 3 0x80002f48 (0x6195) x3  0x00005000
core   0: 0x80002f4a (0x02fcc933) div     s2, s9, a5
core   0: 3 0x80002f4a (0x02fcc933) x18 0x00000000
core   0: 0x80002f4e (0x00005afd) c.li    s5, -1
core   0: 3 0x80002f4e (0x5afd) x21 0xffffffff
core   0: 0x80002f50 (0x00059213) slli    tp, a1, 0
core   0: 3 0x80002f50 (0x00059213) x4  0x00000000
core   0: 0x80002f54 (0x01f4b4b3) sltu    s1, s1, t6
core   0: 3 0x80002f54 (0x01f4b4b3) x9  0x00000000
core   0: 0x80002f58 (0x000060c1) c.lui   ra, 0x10
core   0: 3 0x80002f58 (0x60c1) x1  0x00010000
core   0: 0x80002f5a (0x03e4d033) divu    zero, s1, t5
core   0: 3 0x80002f5a (0x03e4d033)
core   0: 0x80002f5e (0x000042ed) c.li    t0, 27
core   0: 3 0x80002f5e (0x42ed) x5  0x0000001b
core   0: 0x80002f60 (0xfd94f293) andi    t0, s1, -39
core   0: 3 0x80002f60 (0xfd94f293) x5  0x00000000
core   0: 0x80002f64 (0xab073993) sltiu   s3, a4, -1360
core   0: 3 0x80002f64 (0xab073993) x19 0x00000001
core   0: 0x80002f68 (0x03f8d363) bge     a7, t6, pc + 38
core   0: 3 0x80002f68 (0x03f8d363)
core   0: 0x80002f8e (0x02ef6db3) rem     s11, t5, a4
core   0: 3 0x80002f8e (0x02ef6db3) x27 0xfffffff0
core   0: 0x80002f92 (0x40fadd93) srai    s11, s5, 15
core   0: 3 0x80002f92 (0x40fadd93) x27 0xffffffff
core   0: 0x80002f96 (0x0000e30d) c.bnez  a4, pc + 34
core   0: 3 0x80002f96 (0xe30d)
core   0: 0x80002fb8 (0x00fe5433) srl     s0, t3, a5
core   0: 3 0x80002fb8 (0x00fe5433) x8  0x80025ea4
core   0: 0x80002fbc (0x006d7233) and     tp, s10, t1
core   0: 3 0x80002fbc (0x006d7233) x4  0x00000000
core   0: 0x80002fc0 (0x01183db3) sltu    s11, a6, a7
core   0: 3 0x80002fc0 (0x01183db3) x27 0x00000001
core   0: 0x80002fc4 (0xe28e0013) addi    zero, t3, -472
core   0: 3 0x80002fc4 (0xe28e0013)
core   0: 0x80002fc8 (0x00008a39) c.andi  a2, 14
core   0: 3 0x80002fc8 (0x8a39) x12 0x0000000a
core   0: 0x80002fca (0x02fed563) bge     t4, a5, pc + 42
core   0: 3 0x80002fca (0x02fed563)
core   0: 0x80002fce (0x0000cf01) c.beqz  a4, pc + 24
core   0: 3 0x80002fce (0xcf01)
core   0: 0x80002fd0 (0x00820a33) add     s4, tp, s0
core   0: 3 0x80002fd0 (0x00820a33) x20 0x80025ea4
core   0: 0x80002fd4 (0x40a002b3) sub     t0, zero, a0
core   0: 3 0x80002fd4 (0x40a002b3) x5  0xfffffffc
core   0: 0x80002fd8 (0x01003f33) snez    t5, a6
core   0: 3 0x80002fd8 (0x01003f33) x30 0x00000000
core   0: 0x80002fdc (0x03ab7833) remu    a6, s6, s10
core   0: 3 0x80002fdc (0x03ab7833) x16 0x83ffff88
core   0: 0x80002fe0 (0x00008f69) c.and   a4, a0
core   0: 3 0x80002fe0 (0x8f69) x14 0x00000000
core   0: 0x80002fe2 (0x03b15f63) bge     sp, s11, pc + 62
core   0: 3 0x80002fe2 (0x03b15f63)
core   0: 0x80002fe6 (0x00d3d563) bge     t2, a3, pc + 10
core   0: 3 0x80002fe6 (0x00d3d563)
core   0: 0x80002ff0 (0x004c3ab3) sltu    s5, s8, tp
core   0: 3 0x80002ff0 (0x004c3ab3) x21 0x00000000
core   0: 0x80002ff4 (0x340c50f3) csrrwi  ra, mscratch, 24
core   0: 3 0x80002ff4 (0x340c50f3) x1  0xffffffff c832_mscratch 0x00000018
core   0: 0x80002ff8 (0x026d9663) bne     s11, t1, pc + 44
core   0: 3 0x80002ff8 (0x026d9663)
core   0: 0x80003024 (0x0ff0000f) fence   iorw,iorw
core   0: 3 0x80003024 (0x0ff0000f)
core   0: 0x80003028 (0x00009bfd) c.andi  a5, -1
core   0: 3 0x80003028 (0x9bfd) x15 0x02c8b800
core   0: 0x8000302a (0x00008f7d) c.and   a4, a5
core   0: 3 0x8000302a (0x8f7d) x14 0x00000000
core   0: 0x8000302c (0x03df17b3) mulh    a5, t5, t4
core   0: 3 0x8000302c (0x03df17b3) x15 0x00000000
core   0: 0x80003030 (0x005aff33) and     t5, s5, t0
core   0: 3 0x80003030 (0x005aff33) x30 0x00000000
core   0: 0x80003034 (0x000089aa) c.mv    s3, a0
core   0: 3 0x80003034 (0x89aa) x19 0x00000004
core   0: 0x80003036 (0x03581d63) bne     a6, s5, pc + 58
core   0: 3 0x80003036 (0x03581d63)
core   0: 0x80003070 (0x413a0033) sub     zero, s4, s3
core   0: 3 0x80003070 (0x413a0033)
core   0: 0x80003074 (0x03976db3) rem     s11, a4, s9
core   0: 3 0x80003074 (0x03976db3) x27 0x00000000
core   0: 0x80003078 (0x008884b3) add     s1, a7, s0
core   0: 3 0x80003078 (0x008884b3) x9  0x80025ea5
core   0: 0x8000307c (0x00006a49) c.lui   s4, 0x12
core   0: 3 0x8000307c (0x6a49) x20 0x00012000
core   0: 0x8000307e (0x039bea63) bltu    s7, s9, pc + 52
core   0: 3 0x8000307e (0x039bea63)
core   0: 0x80003082 (0x3391b293) sltiu   t0, gp, 825
core   0: 3 0x80003082 (0x3391b293) x5  0x00000000
core   0: 0x80003086 (0x7aaaa717) auipc   a4, 0x7aaaa
core   0: 3 0x80003086 (0x7aaaa717) x14 0xfaaad086
core   0: 0x8000308a (0x03b402b3) mul     t0, s0, s11
core   0: 3 0x8000308a (0x03b402b3) x5  0x00000000
core   0: 0x8000308e (0x00000dee) c.slli  s11, 27
core   0: 3 0x8000308e (0x0dee) x27 0x00000000
core   0: 0x80003090 (0x03061a33) mulh    s4, a2, a6
core   0: 3 0x80003090 (0x03061a33) x20 0xfffffffb
core   0: 0x80003094 (0x00008e0d) c.sub   a2, a1
core   0: 3 0x80003094 (0x8e0d) x12 0x0000000a
core   0: 0x80003096 (0x0301f363) bgeu    gp, a6, pc + 38
core   0: 3 0x80003096 (0x0301f363)
core   0: 0x8000309a (0x05a3c437) lui     s0, 0x5a3c
core   0: 3 0x8000309a (0x05a3c437) x8  0x05a3c000
core   0: 0x8000309e (0x02c53733) mulhu   a4, a0, a2
core   0: 3 0x8000309e (0x02c53733) x14 0x00000000
core   0: 0x800030a2 (0x04ccd263) bge     s9, a2, pc + 68
core   0: 3 0x800030a2 (0x04ccd263)
core   0: 0x800030e6 (0x0041d663) bge     gp, tp, pc + 12
core   0: 3 0x800030e6 (0x0041d663)
core   0: 0x800030f2 (0x0ff0000f) fence   iorw,iorw
core   0: 3 0x800030f2 (0x0ff0000f)
core   0: 0x800030f6 (0x00008322) c.mv    t1, s0
core   0: 3 0x800030f6 (0x8322) x6  0x05a3c000
core   0: 0x800030f8 (0x904cf713) andi    a4, s9, -1788
core   0: 3 0x800030f8 (0x904cf713) x14 0x00003900
core   0: 0x800030fc (0x007bc633) xor     a2, s7, t2
core   0: 3 0x800030fc (0x007bc633) x12 0x00000000
core   0: 0x80003100 (0x01b82733) slt     a4, a6, s11
core   0: 3 0x80003100 (0x01b82733) x14 0x00000001
core   0: 0x80003104 (0x01d65233) srl     tp, a2, t4
core   0: 3 0x80003104 (0x01d65233) x4  0x00000000
core   0: 0x80003108 (0x40100f33) sub     t5, zero, ra
core   0: 3 0x80003108 (0x40100f33) x30 0x00000001
core   0: 0x8000310c (0x02075eb3) divu    t4, a4, zero
core   0: 3 0x8000310c (0x02075eb3) x29 0xffffffff
core   0: 0x80003110 (0x02a77f93) andi    t6, a4, 42
core   0: 3 0x80003110 (0x02a77f93) x31 0x00000000
core   0: 0x80003114 (0xa89c6613) ori     a2, s8, -1399
core   0: 3 0x80003114 (0xa89c6613) x12 0xfffffa89
core   0: 0x80003118 (0x34017473) csrrci  s0, mscratch, 2
core   0: 3 0x80003118 (0x34017473) x8  0x00000018 c832_mscratch 0x00000018
core   0: 0x8000311c (0x610aa613) slti    a2, s5, 1552
core   0: 3 0x8000311c (0x610aa613) x12 0x00000001
core   0: 0x80003120 (0x004fbbb3) sltu    s7, t6, tp
core   0: 3 0x80003120 (0x004fbbb3) x23 0x00000000
core   0: 0x80003124 (0x3408b0f3) csrrc   ra, mscratch, a7
core   0: 3 0x80003124 (0x3408b0f3) x1  0x00000018 c832_mscratch 0x00000018
core   0: 0x80003128 (0x025b75b3) remu    a1, s6, t0
core   0: 3 0x80003128 (0x025b75b3) x11 0x83ffff88
core   0: 0x8000312c (0x03bba833) mulhsu  a6, s7, s11
core   0: 3 0x8000312c (0x03bba833) x16 0x00000000
core   0: 0x80003130 (0x00008c91) c.sub   s1, a2
core   0: 3 0x80003130 (0x8c91) x9  0x80025ea4
core   0: 0x80003132 (0x0252b533) mulhu   a0, t0, t0
core   0: 3 0x80003132 (0x0252b533) x10 0x00000000
core   0: 0x80003136 (0x02aa64b3) rem     s1, s4, a0
core   0: 3 0x80003136 (0x02aa64b3) x9  0xfffffffb
core   0: 0x8000313a (0x00008dcd) c.or    a1, a1
core   0: 3 0x8000313a (0x8dcd) x11 0x83ffff88
core   0: 0x8000313c (0x01509193) slli    gp, ra, 21
core   0: 3 0x8000313c (0x01509193) x3  0x03000000
core   0: 0x80003140 (0x0210b433) mulhu   s0, ra, ra
core   0: 3 0x80003140 (0x0210b433) x8  0x00000000
core   0: 0x80003144 (0x00004ed9) c.li    t4, 22
core   0: 3 0x80003144 (0x4ed9) x29 0x00000016
core   0: 0x80003146 (0x02d51633) mulh    a2, a0, a3
core   0: 3 0x80003146 (0x02d51633) x12 0x00000000
core   0: 0x8000314a (0xa0328d93) addi    s11, t0, -1533
core   0: 3 0x8000314a (0xa0328d93) x27 0xfffffa03
core   0: 0x8000314e (0x34099373) csrrw   t1, mscratch, s3
core   0: 3 0x8000314e (0x34099373) x6  0x00000018 c832_mscratch 0x00000004
core   0: 0x80003152 (0x340b7df3) csrrci  s11, mscratch, 22
core   0: 3 0x80003152 (0x340b7df3) x27 0x00000004 c832_mscratch 0x00000000
core   0: 0x80003156 (0xe6706013) ori     zero, zero, -409
core   0: 3 0x80003156 (0xe6706013)
core   0: 0x8000315a (0x03b94e63) blt     s2, s11, pc + 60
core   0: 3 0x8000315a (0x03b94e63)
core   0: 0x80003196 (0x000081fe) c.mv    gp, t6
core   0: 3 0x80003196 (0x81fe) x3  0x00000000
core   0: 0x80003198 (0x00000001) c.nop
core   0: 3 0x80003198 (0x0001)
core   0: 0x8000319a (0x00008ce9) c.and   s1, a0
core   0: 3 0x8000319a (0x8ce9) x9  0x00000000
core   0: 0x8000319c (0x00000862) c.slli  a6, 24
core   0: 3 0x8000319c (0x0862) x16 0x00000000
core   0: 0x8000319e (0x036c3d33) mulhu   s10, s8, s6
core   0: 3 0x8000319e (0x036c3d33) x26 0x00000000
core   0: 0x800031a2 (0x022d5333) divu    t1, s10, sp
core   0: 3 0x800031a2 (0x022d5333) x6  0x00000000
core   0: 0x800031a6 (0x0000091a) c.slli  s2, 6
core   0: 3 0x800031a6 (0x091a) x18 0x00000000
core   0: 0x800031a8 (0x01cd8363) beq     s11, t3, pc + 6
core   0: 3 0x800031a8 (0x01cd8363)
core   0: 0x800031ac (0x00008cae) c.mv    s9, a1
core   0: 3 0x800031ac (0x8cae) x25 0x83ffff88
core   0: 0x800031ae (0x00a88633) add     a2, a7, a0
core   0: 3 0x800031ae (0x00a88633) x12 0x00000001
core   0: 0x800031b2 (0x02a0c433) div     s0, ra, a0
core   0: 3 0x800031b2 (0x02a0c433) x8  0xffffffff
core   0: 0x800031b6 (0x34029473) csrrw   s0, mscratch, t0
core   0: 3 0x800031b6 (0x34029473) x8  0x00000000 c832_mscratch 0x00000000
core   0: 0x800031ba (0x00001c7d) c.addi  s8, -1
core   0: 3 0x800031ba (0x1c7d) x24 0x00000000
core   0: 0x800031bc (0x01d238b3) sltu    a7, tp, t4
core   0: 3 0x800031bc (0x01d238b3) x17 0x00000001
core   0: 0x800031c0 (0x405e04b3) sub     s1, t3, t0
core   0: 3 0x800031c0 (0x405e04b3) x9  0x80025ea4
core   0: 0x800031c4 (0x031e7a33) remu    s4, t3, a7
core   0: 3 0x800031c4 (0x031e7a33) x20 0x00000000
core   0: 0x800031c8 (0x0304f1b3) remu    gp, s1, a6
core   0: 3 0x800031c8 (0x0304f1b3) x3  0x80025ea4
core   0: 0x800031cc (0x038a2733) mulhsu  a4, s4, s8
core   0: 3 0x800031cc (0x038a2733) x14 0x00000000
core   0: 0x800031d0 (0x0ff0000f) fence   iorw,iorw
core   0: 3 0x800031d0 (0x0ff0000f)
core   0: 0x800031d4 (0x00000a92) c.slli  s5, 4
core   0: 3 0x800031d4 (0x0a92) x21 0x00000000
core   0: 0x800031d6 (0x00008f6d) c.and   a4, a1
core   0: 3 0x800031d6 (0x8f6d) x14 0x00000000
core   0: 0x800031d8 (0x0000cf8d) c.beqz  a5, pc + 58
core   0: 3 0x800031d8 (0xcf8d)
core   0: 0x80003212 (0x340460f3) csrrsi  ra, mscratch, 8
core   0: 3 0x80003212 (0x340460f3) x1  0x00000000 c832_mscratch 0x00000008
core   0: 0x80003216 (0x056b6063) bltu    s6, s6, pc + 64
core   0: 3 0x80003216 (0x056b6063)
core   0: 0x8000321a (0x00000dc2) c.slli  s11, 16
core   0: 3 0x8000321a (0x0dc2) x27 0x00040000
core   0: 0x8000321c (0xdf6a2393) slti    t2, s4, -522
core   0: 3 0x8000321c (0xdf6a2393) x7  0x00000000
core   0: 0x80003220 (0x0ff0000f) fence   iorw,iorw
core   0: 3 0x80003220 (0x0ff0000f)
core   0: 0x80003224 (0x0ff0000f) fence   iorw,iorw
core   0: 3 0x80003224 (0x0ff0000f)
core   0: 0x80003228 (0x00006871) c.lui   a6, 0x1c
core   0: 3 0x80003228 (0x6871) x16 0x0001c000
core   0: 0x8000322a (0x021c1063) bne     s8, ra, pc + 32
core   0: 3 0x8000322a (0x021c1063)
core   0: 0x8000322e (0x00b2f533) and     a0, t0, a1
core   0: 3 0x8000322e (0x00b2f533) x10 0x00000000
core   0: 0x80003232 (0x000008fe) c.slli  a7, 31
core   0: 3 0x80003232 (0x08fe) x17 0x80000000
core   0: 0x80003234 (0x03124c33) div     s8, tp, a7
core   0: 3 0x80003234 (0x03124c33) x24 0x00000000
core   0: 0x80003238 (0x00000001) c.nop
core   0: 3 0x80003238 (0x0001)
core   0: 0x8000323a (0x0015e1b3) or      gp, a1, ra
core   0: 3 0x8000323a (0x0015e1b3) x3  0x83ffff88
core   0: 0x8000323e (0x41b58fb3) sub     t6, a1, s11
core   0: 3 0x8000323e (0x41b58fb3) x31 0x83fbff88
core   0: 0x80003242 (0x016b5a93) srli    s5, s6, 22
core   0: 3 0x80003242 (0x016b5a93) x21 0x0000020f
core   0: 0x80003246 (0x340077f3) csrrci  a5, mscratch, 0
core   0: 3 0x80003246 (0x340077f3) x15 0x00000008
core   0: 0x8000324a (0xbc92b613) sltiu   a2, t0, -1079
core   0: 3 0x8000324a (0xbc92b613) x12 0x00000001
core   0: 0x8000324e (0x03865633) divu    a2, a2, s8
core   0: 3 0x8000324e (0x03865633) x12 0xffffffff
core   0: 0x80003252 (0x003f5093) srli    ra, t5, 3
core   0: 3 0x80003252 (0x003f5093) x1  0x00000000
core   0: 0x80003256 (0x01c16863) bltu    sp, t3, pc + 16
core   0: 3 0x80003256 (0x01c16863)
core   0: 0x8000325a (0x01241633) sll     a2, s0, s2
core   0: 3 0x8000325a (0x01241633) x12 0x00000000
core   0: 0x8000325e (0x8a9f3993) sltiu   s3, t5, -1879
core   0: 3 0x8000325e (0x8a9f3993) x19 0x00000001
core   0: 0x80003262 (0x00a5a333) slt     t1, a1, a0
core   0: 3 0x80003262 (0x00a5a333) x6  0x00000001
core   0: 0x80003266 (0x00008f85) c.sub   a5, s1
core   0: 3 0x80003266 (0x8f85) x15 0x7ffda164
core   0: 0x80003268 (0x00000001) c.nop
core   0: 3 0x80003268 (0x0001)
core   0: 0x8000326a (0x5de02b13) slti    s6, zero, 1502
core   0: 3 0x8000326a (0x5de02b13) x22 0x00000001
core   0: 0x8000326e (0x00008312) c.mv    t1, tp
core   0: 3 0x8000326e (0x8312) x6  0x00000000
core   0: 0x80003270 (0x02a812b3) mulh    t0, a6, a0
core   0: 3 0x80003270 (0x02a812b3) x5  0x00000000
core   0: 0x80003274 (0x03438a33) mul     s4, t2, s4
core   0: 3 0x80003274 (0x03438a33) x20 0x00000000
core   0: 0x80003278 (0x00008f35) c.xor   a4, a3
core   0: 3 0x80003278 (0x8f35) x14 0x80029d24
core   0: 0x8000327a (0x00008b26) c.mv    s6, s1
core   0: 3 0x8000327a (0x8b26) x22 0x80025ea4
core   0: 0x8000327c (0x01aa41b3) xor     gp, s4, s10
core   0: 3 0x8000327c (0x01aa41b3) x3  0x00000000
core   0: 0x80003280 (0x03564833) div     a6, a2, s5
core   0: 3 0x80003280 (0x03564833) x16 0x00000000
core   0: 0x80003284 (0x023ff463) bgeu    t6, gp, pc + 40
core   0: 3 0x80003284 (0x023ff463)
core   0: 0x800032ac (0x0331fc33) remu    s8, gp, s3
core   0: 3 0x800032ac (0x0331fc33) x24 0x00000000
core   0: 0x800032b0 (0x34075273) csrrwi  tp, mscratch, 14
core   0: 3 0x800032b0 (0x34075273) x4  0x00000008 c832_mscratch 0x0000000e
core   0: 0x800032b4 (0x026ca633) mulhsu  a2, s9, t1
core   0: 3 0x800032b4 (0x026ca633) x12 0x00000000
core   0: 0x800032b8 (0x00008f0d) c.sub   a4, a1
core   0: 3 0x800032b8 (0x8f0d) x14 0xfc029d9c
core   0: 0x800032ba (0x01d67d63) bgeu    a2, t4, pc + 26
core   0: 3 0x800032ba (0x01d67d63)
core   0: 0x800032be (0x3406e4f3) csrrsi  s1, mscratch, 13
core   0: 3 0x800032be (0x3406e4f3) x9  0x0000000e c832_mscratch 0x0000000f
core   0: 0x800032c2 (0x01d311b3) sll     gp, t1, t4
core   0: 3 0x800032c2 (0x01d311b3) x3  0x00000000
core   0: 0x800032c6 (0xf5027f93) andi    t6, tp, -176
core   0: 3 0x800032c6 (0xf5027f93) x31 0x00000000
core   0: 0x800032ca (0x00008cad) c.xor   s1, a1
core   0: 3 0x800032ca (0x8cad) x9  0x83ffff86
core   0: 0x800032cc (0x34003c73) csrrc   s8, mscratch, zero
core   0: 3 0x800032cc (0x34003c73) x24 0x0000000f
core   0: 0x800032d0 (0x016644b3) xor     s1, a2, s6
core   0: 3 0x800032d0 (0x016644b3) x9  0x80025ea4
core   0: 0x800032d4 (0x3402ecf3) csrrsi  s9, mscratch, 5
core   0: 3 0x800032d4 (0x3402ecf3) x25 0x0000000f c832_mscratch 0x0000000f
core   0: 0x800032d8 (0x01837cb3) and     s9, t1, s8
core   0: 3 0x800032d8 (0x01837cb3) x25 0x00000000
core   0: 0x800032dc (0x01d7d3b3) srl     t2, a5, t4
core   0: 3 0x800032dc (0x01d7d3b3) x7  0x000001ff
core   0: 0x800032e0 (0x00009942) c.add   s2, a6
core   0: 3 0x800032e0 (0x9942) x18 0x00000000
core   0: 0x800032e2 (0x00b5db93) srli    s7, a1, 11
core   0: 3 0x800032e2 (0x00b5db93) x23 0x00107fff
core   0: 0x800032e6 (0x10788163) beq     a7, t2, pc + 258
core   0: 3 0x800032e6 (0x10788163)
core   0: 0x800032ea (0x0000ef17) auipc   t5, 0xe
core   0: 3 0x800032ea (0x0000ef17) x30 0x800112ea
core   0: 0x800032ee (0x55df0f13) addi    t5, t5, 1373
core   0: 3 0x800032ee (0x55df0f13) x30 0x80011847
core   0: 0x800032f2 (0x00009cd6) c.add   s9, s5
core   0: 3 0x800032f2 (0x9cd6) x25 0x0000020f
core   0: 0x800032f4 (0x028f0b03) lb      s6, 40(t5)
core   0: 3 0x800032f4 (0x028f0b03) x22 0x00000041 mem 0x8001186f
core   0: 0x800032f8 (0x01449593) slli    a1, s1, 20
core   0: 3 0x800032f8 (0x01449593) x11 0xea400000
core   0: 0x800032fc (0xff2f4083) lbu     ra, -14(t5)
core   0: 3 0x800032fc (0xff2f4083) x1  0x000000a1 mem 0x80011839
core   0: 0x80003300 (0xfc4f0da3) sb      tp, -37(t5)
core   0: 3 0x80003300 (0xfc4f0da3) mem 0x80011822 0x08
core   0: 0x80003304 (0xffbf4703) lbu     a4, -5(t5)
core   0: 3 0x80003304 (0xffbf4703) x14 0x00000019 mem 0x80011842
core   0: 0x80003308 (0xfcaf0283) lb      t0, -54(t5)
core   0: 3 0x80003308 (0xfcaf0283) x5  0xffffffb9 mem 0x80011811
core   0: 0x8000330c (0xfd2f4583) lbu     a1, -46(t5)
core   0: 3 0x8000330c (0xfd2f4583) x11 0x00000040 mem 0x80011819
core   0: 0x80003310 (0x000b8933) add     s2, s7, zero
core   0: 3 0x80003310 (0x000b8933) x18 0x00107fff
core   0: 0x80003314 (0x340fe5f3) csrrsi  a1, mscratch, 31
core   0: 3 0x80003314 (0x340fe5f3) x11 0x0000000f c832_mscratch 0x0000001f
core   0: 0x80003318 (0x00008159) c.srli  a0, 22
core   0: 3 0x80003318 (0x8159) x10 0x00000000
core   0: 0x8000331a (0xfe0f4283) lbu     t0, -32(t5)
core   0: 3 0x8000331a (0xfe0f4283) x5  0x00000023 mem 0x80011827
core   0: 0x8000331e (0x405f84b3) sub     s1, t6, t0
core   0: 3 0x8000331e (0x405f84b3) x9  0xffffffdd
core   0: 0x80003322 (0xfcff0b03) lb      s6, -49(t5)
core   0: 3 0x80003322 (0xfcff0b03) x22 0x0000003b mem 0x80011816
core   0: 0x80003326 (0xfd2f0703) lb      a4, -46(t5)
core   0: 3 0x80003326 (0xfd2f0703) x14 0x00000040 mem 0x80011819
core   0: 0x8000332a (0x00ff11a3) sh      a5, 3(t5)
core   0: 3 0x8000332a (0x00ff11a3) mem 0x8001184a 0xa164
core   0: 0x8000332e (0xfc5f5d03) lhu     s10, -59(t5)
core   0: 3 0x8000332e (0xfc5f5d03) x26 0x0000aa07 mem 0x8001180c
core   0: 0x80003332 (0x018b5793) srli    a5, s6, 24
core   0: 3 0x80003332 (0x018b5793) x15 0x00000000
core   0: 0x80003336 (0xfc3f1b83) lh      s7, -61(t5)
core   0: 3 0x80003336 (0xfc3f1b83) x23 0xffffc7a0 mem 0x8001180a
core   0: 0x8000333a (0x033db633) mulhu   a2, s11, s3
core   0: 3 0x8000333a (0x033db633) x12 0x00000000
core   0: 0x8000333e (0xff4f4d03) lbu     s10, -12(t5)
core   0: 3 0x8000333e (0xff4f4d03) x26 0x000000af mem 0x8001183b
core   0: 0x80003342 (0x02272db3) mulhsu  s11, a4, sp
core   0: 3 0x80003342 (0x02272db3) x27 0x0000003f
core   0: 0x80003346 (0x012f0283) lb      t0, 18(t5)
core   0: 3 0x80003346 (0x012f0283) x5  0xffffffbb mem 0x80011859
core   0: 0x8000334a (0x40938733) sub     a4, t2, s1
core   0: 3 0x8000334a (0x40938733) x14 0x00000222
core   0: 0x8000334e (0x94603593) sltiu   a1, zero, -1722
core   0: 3 0x8000334e (0x94603593) x11 0x00000001
core   0: 0x80003352 (0x00008055) c.srli  s0, 21
core   0: 3 0x80003352 (0x8055) x8  0x00000000
core   0: 0x80003354 (0x02bb7433) remu    s0, s6, a1
core   0: 3 0x80003354 (0x02bb7433) x8  0x00000000
core   0: 0x80003358 (0x00000001) c.nop
core   0: 3 0x80003358 (0x0001)
core   0: 0x8000335a (0x007f15a3) sh      t2, 11(t5)
core   0: 3 0x8000335a (0x007f15a3) mem 0x80011852 0x01ff
core   0: 0x8000335e (0x4102f093) andi    ra, t0, 1040
core   0: 3 0x8000335e (0x4102f093) x1  0x00000410
core   0: 0x80003362 (0x09522013) slti    zero, tp, 149
core   0: 3 0x80003362 (0x09522013)
core   0: 0x80003366 (0x01fa5613) srli    a2, s4, 31
core   0: 3 0x80003366 (0x01fa5613) x12 0x00000000
core   0: 0x8000336a (0x00000001) c.nop
core   0: 3 0x8000336a (0x0001)
core   0: 0x8000336c (0x011f22a3) sw      a7, 5(t5)
core   0: 3 0x8000336c (0x011f22a3) mem 0x8001184c 0x80000000
core   0: 0x80003370 (0x00006895) c.lui   a7, 0x5
core   0: 3 0x80003370 (0x6895) x17 0x00005000
core   0: 0x80003372 (0x00000b3a) c.slli  s6, 14
core   0: 3 0x80003372 (0x0b3a) x22 0x000ec000
core   0: 0x80003374 (0x006f3c13) sltiu   s8, t5, 6
core   0: 3 0x80003374 (0x006f3c13) x24 0x00000000
core   0: 0x80003378 (0x0000100f) fence.i
core   0: 3 0x80003378 (0x0000100f)
core   0: 0x8000337c (0x027f24a3) sw      t2, 41(t5)
core   0: 3 0x8000337c (0x027f24a3) mem 0x80011870 0x000001ff
core   0: 0x80003380 (0x013f1703) lh      a4, 19(t5)
core   0: 3 0x80003380 (0x013f1703) x14 0x00000128 mem 0x8001185a
core   0: 0x80003384 (0x02812a33) mulhsu  s4, sp, s0
core   0: 3 0x80003384 (0x02812a33) x20 0x00000000
core   0: 0x80003388 (0x030d1933) mulh    s2, s10, a6
core   0: 3 0x80003388 (0x030d1933) x18 0x00000000
core   0: 0x8000338c (0x004f4703) lbu     a4, 4(t5)
core   0: 3 0x8000338c (0x004f4703) x14 0x000000a1 mem 0x8001184b
core   0: 0x80003390 (0x00004839) c.li    a6, 14
core   0: 3 0x80003390 (0x4839) x16 0x0000000e
core   0: 0x80003392 (0xfdef0d23) sb      t5, -38(t5)
core   0: 3 0x80003392 (0xfdef0d23) mem 0x80011821 0x47
core   0: 0x80003396 (0xfd8f0583) lb      a1, -40(t5)
core   0: 3 0x80003396 (0xfd8f0583) x11 0x0000002d mem 0x8001181f
core   0: 0x8000339a (0xc2e7dcb7) lui     s9, 0xc2e7d
core   0: 3 0x8000339a (0xc2e7dcb7) x25 0xc2e7d000
core   0: 0x8000339e (0x034f0623) sb      s4, 44(t5)
core   0: 3 0x8000339e (0x034f0623) mem 0x80011873 0x00
core   0: 0x800033a2 (0xfc3f4783) lbu     a5, -61(t5)
core   0: 3 0x800033a2 (0xfc3f4783) x15 0x000000a0 mem 0x8001180a
core   0: 0x800033a6 (0xfebf4883) lbu     a7, -21(t5)
core   0: 3 0x800033a6 (0xfebf4883) x17 0x000000d0 mem 0x80011832
core   0: 0x800033aa (0x020f0d03) lb      s10, 32(t5)
core   0: 3 0x800033aa (0x020f0d03) x26 0xffffffa7 mem 0x80011867
core   0: 0x800033ae (0x0104d813) srli    a6, s1, 16
core   0: 3 0x800033ae (0x0104d813) x16 0x0000ffff
core   0: 0x800033b2 (0xfcaf4283) lbu     t0, -54(t5)
core   0: 3 0x800033b2 (0xfcaf4283) x5  0x000000b9 mem 0x80011811
core   0: 0x800033b6 (0x025f5a03) lhu     s4, 37(t5)
core   0: 3 0x800033b6 (0x025f5a03) x20 0x0000667e mem 0x8001186c
core   0: 0x800033ba (0x00008d7d) c.and   a0, a5
core   0: 3 0x800033ba (0x8d7d) x10 0x00000000
core   0: 0x800033bc (0x02ffb4b3) mulhu   s1, t6, a5
core   0: 3 0x800033bc (0x02ffb4b3) x9  0x00000000
core   0: 0x800033c0 (0x000080c1) c.srli  s1, 16
core   0: 3 0x800033c0 (0x80c1) x9  0x00000000
core   0: 0x800033c2 (0xfe9f0223) sb      s1, -28(t5)
core   0: 3 0x800033c2 (0xfe9f0223) mem 0x8001182b 0x00
core   0: 0x800033c6 (0x00008d81) c.sub   a1, s0
core   0: 3 0x800033c6 (0x8d81) x11 0x0000002d
core   0: 0x800033c8 (0x34006073) csrsi   mscratch, 0
core   0: 3 0x800033c8 (0x34006073)
core   0: 0x800033cc (0x34029373) csrrw   t1, mscratch, t0
core   0: 3 0x800033cc (0x34029373) x6  0x0000001f c832_mscratch 0x000000b9
core   0: 0x800033d0 (0x401f0bb3) sub     s7, t5, ra
core   0: 3 0x800033d0 (0x401f0bb3) x23 0x80011437
core   0: 0x800033d4 (0x414d5d33) sra     s10, s10, s4
core   0: 3 0x800033d4 (0x414d5d33) x26 0xffffffff
core   0: 0x800033d8 (0x029fb033) mulhu   zero, t6, s1
core   0: 3 0x800033d8 (0x029fb033)
core   0: 0x800033dc (0x02d5fab3) remu    s5, a1, a3
core   0: 3 0x800033dc (0x02d5fab3) x21 0x0000002d
core   0: 0x800033e0 (0x000003b2) c.slli  t2, 12
core   0: 3 0x800033e0 (0x03b2) x7  0x001ff000
core   0: 0x800033e2 (0x0579c613) xori    a2, s3, 87
core   0: 3 0x800033e2 (0x0579c613) x12 0x00000056
core   0: 0x800033e6 (0x00006cf5) c.lui   s9, 0x1d
core   0: 3 0x800033e6 (0x6cf5) x25 0x0001d000
core   0: 0x800033e8 (0x34081bf3) csrrw   s7, mscratch, a6
core   0: 3 0x800033e8 (0x34081bf3) x23 0x000000b9 c832_mscratch 0x0000ffff
core   0: 0x800033ec (0x02a36eb3) rem     t4, t1, a0
core   0: 3 0x800033ec (0x02a36eb3) x29 0x0000001f
core   0: 0x800033f0 (0x00009516) c.add   a0, t0
core   0: 3 0x800033f0 (0x9516) x10 0x000000b9
core   0: 0x800033f2 (0x0ff0000f) fence   iorw,iorw
core   0: 3 0x800033f2 (0x0ff0000f)
core   0: 0x800033f6 (0x00000001) c.nop
core   0: 3 0x800033f6 (0x0001)
core   0: 0x800033f8 (0x010c55b3) srl     a1, s8, a6
core   0: 3 0x800033f8 (0x010c55b3) x11 0x00000000
core   0: 0x800033fc (0x01fa24b3) slt     s1, s4, t6
core   0: 3 0x800033fc (0x01fa24b3) x9  0x00000000
core   0: 0x80003400 (0x0335c933) div     s2, a1, s3
core   0: 3 0x80003400 (0x0335c933) x18 0x00000000
core   0: 0x80003404 (0x0000c129) c.beqz  a0, pc + 66
core   0: 3 0x80003404 (0xc129)
core   0: 0x80003406 (0x000050fd) c.li    ra, -1
core   0: 3 0x80003406 (0x50fd) x1  0xffffffff
core   0: 0x80003408 (0x00008e75) c.and   a2, a3
core   0: 3 0x80003408 (0x8e75) x12 0x00000004
core   0: 0x8000340a (0x41ce5c13) srai    s8, t3, 28
core   0: 3 0x8000340a (0x41ce5c13) x24 0xfffffff8
core   0: 0x8000340e (0x01e812b3) sll     t0, a6, t5
core   0: 3 0x8000340e (0x01e812b3) x5  0x007fff80
core   0: 0x80003412 (0x0c0df593) andi    a1, s11, 192
core   0: 3 0x80003412 (0x0c0df593) x11 0x00000000
core   0: 0x80003416 (0x00a29eb3) sll     t4, t0, a0
core   0: 3 0x80003416 (0x00a29eb3) x29 0x00000000
core   0: 0x8000341a (0x00ab0663) beq     s6, a0, pc + 12
core   0: 3 0x8000341a (0x00ab0663)
core   0: 0x8000341e (0x34006673) csrrsi  a2, mscratch, 0
core   0: 3 0x8000341e (0x34006673) x12 0x0000ffff
core   0: 0x80003422 (0x34003c73) csrrc   s8, mscratch, zero
core   0: 3 0x80003422 (0x34003c73) x24 0x0000ffff
core   0: 0x80003426 (0x4f802b93) slti    s7, zero, 1272
core   0: 3 0x80003426 (0x4f802b93) x23 0x00000001
core   0: 0x8000342a (0x0000861d) c.srai  a2, 7
core   0: 3 0x8000342a (0x861d) x12 0x000001ff
core   0: 0x8000342c (0x02551263) bne     a0, t0, pc + 36
core   0: 3 0x8000342c (0x02551263)
core   0: 0x80003450 (0x02eed633) divu    a2, t4, a4
core   0: 3 0x80003450 (0x02eed633) x12 0x00000000
core   0: 0x80003454 (0x34006273) csrrsi  tp, mscratch, 0
core   0: 3 0x80003454 (0x34006273) x4  0x0000ffff
core   0: 0x80003458 (0x019d0a33) add     s4, s10, s9
core   0: 3 0x80003458 (0x019d0a33) x20 0x0001cfff
core   0: 0x8000345c (0x00008fe5) c.and   a5, s1
core   0: 3 0x8000345c (0x8fe5) x15 0x00000000
core   0: 0x8000345e (0x0000e51d) c.bnez  a0, pc + 46
core   0: 3 0x8000345e (0xe51d)
core   0: 0x8000348c (0x00ec84b3) add     s1, s9, a4
core   0: 3 0x8000348c (0x00ec84b3) x9  0x0001d0a1
core   0: 0x80003490 (0x00000001) c.nop
core   0: 3 0x80003490 (0x0001)
core   0: 0x80003492 (0x0087b433) sltu    s0, a5, s0
core   0: 3 0x80003492 (0x0087b433) x8  0x00000000
core   0: 0x80003496 (0x03e3a0b3) mulhsu  ra, t2, t5
core   0: 3 0x80003496 (0x03e3a0b3) x1  0x000ff822
core   0: 0x8000349a (0x0269afb3) mulhsu  t6, s3, t1
core   0: 3 0x8000349a (0x0269afb3) x31 0x00000000
core   0: 0x8000349e (0x01225463) bge     tp, s2, pc + 8
core   0: 3 0x8000349e (0x01225463)
core   0: 0x800034a6 (0x3403e573) csrrsi  a0, mscratch, 7
core   0: 3 0x800034a6 (0x3403e573) x10 0x0000ffff c832_mscratch 0x0000ffff
core   0: 0x800034aa (0x02986bb3) rem     s7, a6, s1
core   0: 3 0x800034aa (0x02986bb3) x23 0x0000ffff
core   0: 0x800034ae (0x00005afd) c.li    s5, -1
core   0: 3 0x800034ae (0x5afd) x21 0xffffffff
core   0: 0x800034b0 (0x0000cc09) c.beqz  s0, pc + 26
core   0: 3 0x800034b0 (0xcc09)
core   0: 0x800034ca (0x000bf533) and     a0, s7, zero
core   0: 3 0x800034ca (0x000bf533) x10 0x00000000
core   0: 0x800034ce (0x340b1773) csrrw   a4, mscratch, s6
core   0: 3 0x800034ce (0x340b1773) x14 0x0000ffff c832_mscratch 0x000ec000
core   0: 0x800034d2 (0x22a32297) auipc   t0, 0x22a32
core   0: 3 0x800034d2 (0x22a32297) x5  0xa2a354d2
core   0: 0x800034d6 (0x340cacf3) csrrs   s9, mscratch, s9
core   0: 3 0x800034d6 (0x340cacf3) x25 0x000ec000 c832_mscratch 0x000fd000
core   0: 0x800034da (0x0000137d) c.addi  t1, -1
core   0: 3 0x800034da (0x137d) x6  0x0000001e
core   0: 0x800034dc (0x038bca63) blt     s7, s8, pc + 52
core   0: 3 0x800034dc (0x038bca63)
core   0: 0x800034e0 (0x00004bd9) c.li    s7, 22
core   0: 3 0x800034e0 (0x4bd9) x23 0x00000016
core   0: 0x800034e2 (0x03cc4b33) div     s6, s8, t3
core   0: 3 0x800034e2 (0x03cc4b33) x22 0x00000000
core   0: 0x800034e6 (0x00006cad) c.lui   s9, 0xb
core   0: 3 0x800034e6 (0x6cad) x25 0x0000b000
core   0: 0x800034e8 (0x03a5dc63) bge     a1, s10, pc + 56
core   0: 3 0x800034e8 (0x03a5dc63)
core   0: 0x80003520 (0x40a60fb3) sub     t6, a2, a0
core   0: 3 0x80003520 (0x40a60fb3) x31 0x00000000
core   0: 0x80003524 (0x02a8df33) divu    t5, a7, a0
core   0: 3 0x80003524 (0x02a8df33) x30 0xffffffff
core   0: 0x80003528 (0x009d27b3) slt     a5, s10, s1
core   0: 3 0x80003528 (0x009d27b3) x15 0x00000001
core   0: 0x8000352c (0x00c7feb3) and     t4, a5, a2
core   0: 3 0x8000352c (0x00c7feb3) x29 0x00000000
core   0: 0x80003530 (0x0ff0000f) fence   iorw,iorw
core   0: 3 0x80003530 (0x0ff0000f)
core   0: 0x80003534 (0x0ff0000f) fence   iorw,iorw
core   0: 3 0x80003534 (0x0ff0000f)
core   0: 0x80003538 (0x3c916793) ori     a5, sp, 969
core   0: 3 0x80003538 (0x3c916793) x15 0xfc65f3d9
core   0: 0x8000353c (0x032b4833) div     a6, s6, s2
core   0: 3 0x8000353c (0x032b4833) x16 0xffffffff
core   0: 0x80003540 (0x0000587d) c.li    a6, -1
core   0: 3 0x80003540 (0x587d) x16 0xffffffff
core   0: 0x80003542 (0x00000f6a) c.slli  t5, 26
core   0: 3 0x80003542 (0x0f6a) x30 0xfc000000
core   0: 0x80003544 (0x00009da6) c.add   s11, s1
core   0: 3 0x80003544 (0x9da6) x27 0x0001d0e0
core   0: 0x80003546 (0x01a01493) slli    s1, zero, 26
core   0: 3 0x80003546 (0x01a01493) x9  0x00000000
core   0: 0x8000354a (0x035aff33) remu    t5, s5, s5
core   0: 3 0x8000354a (0x035aff33) x30 0x00000000
core   0: 0x8000354e (0xed46a413) slti    s0, a3, -300
core   0: 3 0x8000354e (0xed46a413) x8  0x00000001
core   0: 0x80003552 (0x0110ed33) or      s10, ra, a7
core   0: 3 0x80003552 (0x0110ed33) x26 0x000ff8f2
core   0: 0x80003556 (0x01de5013) srli    zero, t3, 29
core   0: 3 0x80003556 (0x01de5013)
core   0: 0x8000355a (0x00b7a933) slt     s2, a5, a1
core   0: 3 0x8000355a (0x00b7a933) x18 0x00000001
core   0: 0x8000355e (0x00000a92) c.slli  s5, 4
core   0: 3 0x8000355e (0x0a92) x21 0xfffffff0
core   0: 0x80003560 (0x02a17d33) remu    s10, sp, a0
core   0: 3 0x80003560 (0x02a17d33) x26 0xfc65f358
core   0: 0x80003564 (0x00008d81) c.sub   a1, s0
core   0: 3 0x80003564 (0x8d81) x11 0xffffffff
core   0: 0x80003566 (0x01c8e563) bltu    a7, t3, pc + 10
core   0: 3 0x80003566 (0x01c8e563)
core   0: 0x80003570 (0x03fbf033) remu    zero, s7, t6
core   0: 3 0x80003570 (0x03fbf033)
core   0: 0x80003574 (0x005c17b3) sll     a5, s8, t0
core   0: 3 0x80003574 (0x005c17b3) x15 0xfffc0000
core   0: 0x80003578 (0x3406fff3) csrrci  t6, mscratch, 13
core   0: 3 0x80003578 (0x3406fff3) x31 0x000fd000 c832_mscratch 0x000fd000
core   0: 0x8000357c (0x02b05db3) divu    s11, zero, a1
core   0: 3 0x8000357c (0x02b05db3) x27 0x00000000
core   0: 0x80003580 (0x34003b73) csrrc   s6, mscratch, zero
core   0: 3 0x80003580 (0x34003b73) x22 0x000fd000
core   0: 0x80003584 (0x04d19263) bne     gp, a3, pc + 68
core   0: 3 0x80003584 (0x04d19263)
core   0: 0x800035c8 (0xda495737) lui     a4, 0xda495
core   0: 3 0x800035c8 (0xda495737) x14 0xda495000
core   0: 0x800035cc (0x340079f3) csrrci  s3, mscratch, 0
core   0: 3 0x800035cc (0x340079f3) x19 0x000fd000
core   0: 0x800035d0 (0x40565793) srai    a5, a2, 5
core   0: 3 0x800035d0 (0x40565793) x15 0x00000000
core   0: 0x800035d4 (0x55318413) addi    s0, gp, 1363
core   0: 3 0x800035d4 (0x55318413) x8  0x00000553
core   0: 0x800035d8 (0x0000c009) c.beqz  s0, pc + 2
core   0: 3 0x800035d8 (0xc009)
core   0: 0x800035da (0x00000ee2) c.slli  t4, 24
core   0: 3 0x800035da (0x0ee2) x29 0x00000000
core   0: 0x800035dc (0x0205aeb3) mulhsu  t4, a1, zero
core   0: 3 0x800035dc (0x0205aeb3) x29 0x00000000
core   0: 0x800035e0 (0x014f0263) beq     t5, s4, pc + 4
core   0: 3 0x800035e0 (0x014f0263)
core   0: 0x800035e4 (0x01cab8b3) sltu    a7, s5, t3
core   0: 3 0x800035e4 (0x01cab8b3) x17 0x00000000
core   0: 0x800035e8 (0x02ddd533) divu    a0, s11, a3
core   0: 3 0x800035e8 (0x02ddd533) x10 0x00000000
core   0: 0x800035ec (0x02054633) div     a2, a0, zero
core   0: 3 0x800035ec (0x02054633) x12 0xffffffff
core   0: 0x800035f0 (0x0072f463) bgeu    t0, t2, pc + 8
core   0: 3 0x800035f0 (0x0072f463)
core   0: 0x800035f8 (0x410e51b3) sra     gp, t3, a6
core   0: 3 0x800035f8 (0x410e51b3) x3  0xffffffff
core   0: 0x800035fc (0x0096c563) blt     a3, s1, pc + 10
core   0: 3 0x800035fc (0x0096c563)
core   0: 0x80003606 (0x41ad0db3) sub     s11, s10, s10
core   0: 3 0x80003606 (0x41ad0db3) x27 0x00000000
core   0: 0x8000360a (0x018fb4b3) sltu    s1, t6, s8
core   0: 3 0x8000360a (0x018fb4b3) x9  0x00000000
core   0: 0x8000360e (0x34085373) csrrwi  t1, mscratch, 16
core   0: 3 0x8000360e (0x34085373) x6  0x000fd000 c832_mscratch 0x00000010
core   0: 0x80003612 (0x40a387b3) sub     a5, t2, a0
core   0: 3 0x80003612 (0x40a387b3) x15 0x001ff000
core   0: 0x80003616 (0x03158c33) mul     s8, a1, a7
core   0: 3 0x80003616 (0x03158c33) x24 0x00000000
core   0: 0x8000361a (0x00f600b3) add     ra, a2, a5
core   0: 3 0x8000361a (0x00f600b3) x1  0x001fefff
core   0: 0x8000361e (0x7a78a293) slti    t0, a7, 1959
core   0: 3 0x8000361e (0x7a78a293) x5  0x00000001
core   0: 0x80003622 (0xe51e5b97) auipc   s7, 0xe51e5
core   0: 3 0x80003622 (0xe51e5b97) x23 0x651e8622
core   0: 0x80003626 (0x019b4fb3) xor     t6, s6, s9
core   0: 3 0x80003626 (0x019b4fb3) x31 0x000f6000
core   0: 0x8000362a (0x00006f15) c.lui   t5, 0x5
core   0: 3 0x8000362a (0x6f15) x30 0x00005000
core   0: 0x8000362c (0x41475513) srai    a0, a4, 20
core   0: 3 0x8000362c (0x41475513) x10 0xfffffda4
core   0: 0x80003630 (0x02755e63) bge     a0, t2, pc + 60
core   0: 3 0x80003630 (0x02755e63)
core   0: 0x80003634 (0xca9e8317) auipc   t1, 0xca9e8
core   0: 3 0x80003634 (0xca9e8317) x6  0x4a9eb634
core   0: 0x80003638 (0x41810fb3) sub     t6, sp, s8
core   0: 3 0x80003638 (0x41810fb3) x31 0xfc65f358
core   0: 0x8000363c (0x00008f5e) c.mv    t5, s7
core   0: 3 0x8000363c (0x8f5e) x30 0x651e8622
core   0: 0x8000363e (0x02c19463) bne     gp, a2, pc + 40
core   0: 3 0x8000363e (0x02c19463)
core   0: 0x80003642 (0x000069a5) c.lui   s3, 0x9
core   0: 3 0x80003642 (0x69a5) x19 0x00009000
core   0: 0x80003644 (0x340e93f3) csrrw   t2, mscratch, t4
core   0: 3 0x80003644 (0x340e93f3) x7  0x00000010 c832_mscratch 0x00000000
core   0: 0x80003648 (0x00009d96) c.add   s11, t0
core   0: 3 0x80003648 (0x9d96) x27 0x00000001
core   0: 0x8000364a (0x00008e7d) c.and   a2, a5
core   0: 3 0x8000364a (0x8e7d) x12 0x001ff000
core   0: 0x8000364c (0x72920313) addi    t1, tp, 1833
core   0: 3 0x8000364c (0x72920313) x6  0x00010728
core   0: 0x80003650 (0xd9b74813) xori    a6, a4, -613
core   0: 3 0x80003650 (0xd9b74813) x16 0x25b6ad9b
core   0: 0x80003654 (0x925da593) slti    a1, s11, -1755
core   0: 3 0x80003654 (0x925da593) x11 0x00000000
core   0: 0x80003658 (0x000083a9) c.srli  a5, 10
core   0: 3 0x80003658 (0x83a9) x15 0x000007fc
core   0: 0x8000365a (0x030e2933) mulhsu  s2, t3, a6
core   0: 3 0x8000365a (0x030e2933) x18 0xed250291
core   0: 0x8000365e (0x02ccf563) bgeu    s9, a2, pc + 42
core   0: 3 0x8000365e (0x02ccf563)
core   0: 0x80003662 (0xf6c1f637) lui     a2, 0xf6c1f
core   0: 3 0x80003662 (0xf6c1f637) x12 0xf6c1f000
core   0: 0x80003666 (0x34007473) csrrci  s0, mscratch, 0
core   0: 3 0x80003666 (0x34007473) x8  0x00000000
core   0: 0x8000366a (0x0000651d) c.lui   a0, 0x7
core   0: 3 0x8000366a (0x651d) x10 0x00007000
core   0: 0x8000366c (0x03fb0463) beq     s6, t6, pc + 40
core   0: 3 0x8000366c (0x03fb0463)
core   0: 0x80003670 (0x340819f3) csrrw   s3, mscratch, a6
core   0: 3 0x80003670 (0x340819f3) x19 0x00000000 c832_mscratch 0x25b6ad9b
core   0: 0x80003674 (0x02da5b63) bge     s4, a3, pc + 54
core   0: 3 0x80003674 (0x02da5b63)
core   0: 0x800036aa (0x00000001) c.nop
core   0: 3 0x800036aa (0x0001)
core   0: 0x800036ac (0x0000884d) c.andi  s0, 19
core   0: 3 0x800036ac (0x884d) x8  0x00000000
core   0: 0x800036ae (0x000004ce) c.slli  s1, 19
core   0: 3 0x800036ae (0x04ce) x9  0x00000000
core   0: 0x800036b0 (0x0ff0000f) fence   iorw,iorw
core   0: 3 0x800036b0 (0x0ff0000f)
core   0: 0x800036b4 (0x008874b3) and     s1, a6, s0
core   0: 3 0x800036b4 (0x008874b3) x9  0x00000000
core   0: 0x800036b8 (0x00006091) c.lui   ra, 0x4
core   0: 3 0x800036b8 (0x6091) x1  0x00004000
core   0: 0x800036ba (0x0100b233) sltu    tp, ra, a6
core   0: 3 0x800036ba (0x0100b233) x4  0x00000001
core   0: 0x800036be (0x02c08033) mul     zero, ra, a2
core   0: 3 0x800036be (0x02c08033)
core   0: 0x800036c2 (0x016a4963) blt     s4, s6, pc + 18
core   0: 3 0x800036c2 (0x016a4963)
core   0: 0x800036d4 (0x029fec63) bltu    t6, s1, pc + 56
core   0: 3 0x800036d4 (0x029fec63)
core   0: 0x800036d8 (0x0000948e) c.add   s1, gp
core   0: 3 0x800036d8 (0x948e) x9  0xffffffff
core   0: 0x800036da (0x4055d013) srai    zero, a1, 5
core   0: 3 0x800036da (0x4055d013)
core   0: 0x800036de (0x00004181) c.li    gp, 0
core   0: 3 0x800036de (0x4181) x3  0x00000000
core   0: 0x800036e0 (0x000019fd) c.addi  s3, -1
core   0: 3 0x800036e0 (0x19fd) x19 0xffffffff
core   0: 0x800036e2 (0x02da9563) bne     s5, a3, pc + 42
core   0: 3 0x800036e2 (0x02da9563)
core   0: 0x8000370c (0x0000e589) c.bnez  a1, pc + 10
core   0: 3 0x8000370c (0xe589)
core   0: 0x8000370e (0x023fdb33) divu    s6, t6, gp
core   0: 3 0x8000370e (0x023fdb33) x22 0xffffffff
core   0: 0x80003712 (0x00e67463) bgeu    a2, a4, pc + 8
core   0: 3 0x80003712 (0x00e67463)
core   0: 0x8000371a (0xa33c0797) auipc   a5, 0xa33c0
core   0: 3 0x8000371a (0xa33c0797) x15 0x233c371a
core   0: 0x8000371e (0x38af2013) slti    zero, t5, 906
core   0: 3 0x8000371e (0x38af2013)
core   0: 0x80003722 (0x01c2cc63) blt     t0, t3, pc + 24
core   0: 3 0x80003722 (0x01c2cc63)
core   0: 0x80003726 (0x0000e61d) c.bnez  a2, pc + 46
core   0: 3 0x80003726 (0xe61d)
core   0: 0x80003754 (0x000004ee) c.slli  s1, 27
core   0: 3 0x80003754 (0x04ee) x9  0xf8000000
core   0: 0x80003756 (0xd2e201b7) lui     gp, 0xd2e20
core   0: 3 0x80003756 (0xd2e201b7) x3  0xd2e20000
core   0: 0x8000375a (0x71127d93) andi    s11, tp, 1809
core   0: 3 0x8000375a (0x71127d93) x27 0x00000001
core   0: 0x8000375e (0x0000997d) c.andi  a0, -1
core   0: 3 0x8000375e (0x997d) x10 0x00007000
core   0: 0x80003760 (0xd5eacd93) xori    s11, s5, -674
core   0: 3 0x80003760 (0xd5eacd93) x27 0x000002ae
core   0: 0x80003764 (0x340155f3) csrrwi  a1, mscratch, 2
core   0: 3 0x80003764 (0x340155f3) x11 0x25b6ad9b c832_mscratch 0x00000002
core   0: 0x80003768 (0x000007e6) c.slli  a5, 25
core   0: 3 0x80003768 (0x07e6) x15 0x34000000
core   0: 0x8000376a (0x03045db3) divu    s11, s0, a6
core   0: 3 0x8000376a (0x03045db3) x27 0x00000000
core   0: 0x8000376e (0x00009d32) c.add   s10, a2
core   0: 3 0x8000376e (0x9d32) x26 0xf327e358
core   0: 0x80003770 (0x012d5733) srl     a4, s10, s2
core   0: 3 0x80003770 (0x012d5733) x14 0x00007993
core   0: 0x80003774 (0x00009cba) c.add   s9, a4
core   0: 3 0x80003774 (0x9cba) x25 0x00012993
core   0: 0x80003776 (0x4e6d3593) sltiu   a1, s10, 1254
core   0: 3 0x80003776 (0x4e6d3593) x11 0x00000000
core   0: 0x8000377a (0x18554393) xori    t2, a0, 389
core   0: 3 0x8000377a (0x18554393) x7  0x00007185
core   0: 0x8000377e (0x00ddcc33) xor     s8, s11, a3
core   0: 3 0x8000377e (0x00ddcc33) x24 0x80029d24
core   0: 0x80003782 (0x024bffb3) remu    t6, s7, tp
core   0: 3 0x80003782 (0x024bffb3) x31 0x00000000
core   0: 0x80003786 (0x0000c309) c.beqz  a4, pc + 2
core   0: 3 0x80003786 (0xc309)
core   0: 0x80003788 (0x03a93933) mulhu   s2, s2, s10
core   0: 3 0x80003788 (0x03a93933) x18 0xe13f14ac
core   0: 0x8000378c (0x005c1193) slli    gp, s8, 5
core   0: 3 0x8000378c (0x005c1193) x3  0x0053a480
core   0: 0x80003790 (0x031d9533) mulh    a0, s11, a7
core   0: 3 0x80003790 (0x031d9533) x10 0x00000000
core   0: 0x80003794 (0x0021d033) srl     zero, gp, sp
core   0: 3 0x80003794 (0x0021d033)
core   0: 0x80003798 (0x00755db3) srl     s11, a0, t2
core   0: 3 0x80003798 (0x00755db3) x27 0x00000000
core   0: 0x8000379c (0x34002973) csrr    s2, mscratch
core   0: 3 0x8000379c (0x34002973) x18 0x00000002
core   0: 0x800037a0 (0x00744733) xor     a4, s0, t2
core   0: 3 0x800037a0 (0x00744733) x14 0x00007185
core   0: 0x800037a4 (0x00000ecd) c.addi  t4, 19
core   0: 3 0x800037a4 (0x0ecd) x29 0x00000013
core   0: 0x800037a6 (0xdfd5a613) slti    a2, a1, -515
core   0: 3 0x800037a6 (0xdfd5a613) x12 0x00000000
core   0: 0x800037aa (0x7b3d0613) addi    a2, s10, 1971
core   0: 3 0x800037aa (0x7b3d0613) x12 0xf327eb0b
core   0: 0x800037ae (0x8b74bc13) sltiu   s8, s1, -1865
core   0: 3 0x800037ae (0x8b74bc13) x24 0x00000001
core   0: 0x800037b2 (0x81e9b497) auipc   s1, 0x81e9b
core   0: 3 0x800037b2 (0x81e9b497) x9  0x01e9e7b2
core   0: 0x800037b6 (0x02768033) mul     zero, a3, t2
core   0: 3 0x800037b6 (0x02768033)
core   0: 0x800037ba (0x03ae8163) beq     t4, s10, pc + 34
core   0: 3 0x800037ba (0x03ae8163)
core   0: 0x800037be (0x00009b66) c.add   s6, s9
core   0: 3 0x800037be (0x9b66) x22 0x00012992
core   0: 0x800037c0 (0x83fd6313) ori     t1, s10, -1985
core   0: 3 0x800037c0 (0x83fd6313) x6  0xfffffb7f
core   0: 0x800037c4 (0x000ee763) bltu    t4, zero, pc + 14
core   0: 3 0x800037c4 (0x000ee763)
core   0: 0x800037c8 (0x340024f3) csrr    s1, mscratch
core   0: 3 0x800037c8 (0x340024f3) x9  0x00000002
core   0: 0x800037cc (0x003e5363) bge     t3, gp, pc + 6
core   0: 3 0x800037cc (0x003e5363)
core   0: 0x800037d0 (0x00000001) c.nop
core   0: 3 0x800037d0 (0x0001)
core   0: 0x800037d2 (0x00008159) c.srli  a0, 22
core   0: 3 0x800037d2 (0x8159) x10 0x00000000
core   0: 0x800037d4 (0x00008e21) c.xor   a2, s0
core   0: 3 0x800037d4 (0x8e21) x12 0xf327eb0b
core   0: 0x800037d6 (0x0000813d) c.srli  a0, 15
core   0: 3 0x800037d6 (0x813d) x10 0x00000000
core   0: 0x800037d8 (0x01fe7433) and     s0, t3, t6
core   0: 3 0x800037d8 (0x01fe7433) x8  0x00000000
core   0: 0x800037dc (0x010cc4b3) xor     s1, s9, a6
core   0: 3 0x800037dc (0x010cc4b3) x9  0x25b78408
core   0: 0x800037e0 (0x00008df5) c.and   a1, a3
core   0: 3 0x800037e0 (0x8df5) x11 0x00000000
core   0: 0x800037e2 (0xde3d3d93) sltiu   s11, s10, -541
core   0: 3 0x800037e2 (0xde3d3d93) x27 0x00000001
core   0: 0x800037e6 (0x03b17833) remu    a6, sp, s11
core   0: 3 0x800037e6 (0x03b17833) x16 0x00000000
core   0: 0x800037ea (0x01aca9b3) slt     s3, s9, s10
core   0: 3 0x800037ea (0x01aca9b3) x19 0x00000000
core   0: 0x800037ee (0x3404a4f3) csrrs   s1, mscratch, s1
core   0: 3 0x800037ee (0x3404a4f3) x9  0x00000002 c832_mscratch 0x25b7840a
core   0: 0x800037f2 (0x00008355) c.srli  a4, 21
core   0: 3 0x800037f2 (0x8355) x14 0x00000000
core   0: 0x800037f4 (0x017c1c63) bne     s8, s7, pc + 24
core   0: 3 0x800037f4 (0x017c1c63)
core   0: 0x8000380c (0x54593493) sltiu   s1, s2, 1349
core   0: 3 0x8000380c (0x54593493) x9  0x00000001
core   0: 0x80003810 (0x04299563) bne     s3, sp, pc + 74
core   0: 3 0x80003810 (0x04299563)
core   0: 0x8000385a (0x02fe5f33) divu    t5, t3, a5
core   0: 3 0x8000385a (0x02fe5f33) x30 0x00000002
core   0: 0x8000385e (0x00008d79) c.and   a0, a4
core   0: 3 0x8000385e (0x8d79) x10 0x00000000
core   0: 0x80003860 (0xdea00e93) li      t4, -534
core   0: 3 0x80003860 (0xdea00e93) x29 0xfffffdea
core   0: 0x80003864 (0x035d7563) bgeu    s10, s5, pc + 42
core   0: 3 0x80003864 (0x035d7563)
core   0: 0x80003868 (0x01fdd633) srl     a2, s11, t6
core   0: 3 0x80003868 (0x01fdd633) x12 0x00000001
core   0: 0x8000386c (0x0000e1b9) c.bnez  a1, pc + 70
core   0: 3 0x8000386c (0xe1b9)
core   0: 0x8000386e (0x024d4533) div     a0, s10, tp
core   0: 3 0x8000386e (0x024d4533) x10 0xf327e358
core   0: 0x80003872 (0x00c167b3) or      a5, sp, a2
core   0: 3 0x80003872 (0x00c167b3) x15 0xfc65f359
core   0: 0x80003876 (0x00d0d913) srli    s2, ra, 13
core   0: 3 0x80003876 (0x00d0d913) x18 0x00000002
core   0: 0x8000387a (0x0314f5b3) remu    a1, s1, a7
core   0: 3 0x8000387a (0x0314f5b3) x11 0x00000001
core   0: 0x8000387e (0x01c771b3) and     gp, a4, t3
core   0: 3 0x8000387e (0x01c771b3) x3  0x00000000
core   0: 0x80003882 (0x41625fb3) sra     t6, tp, s6
core   0: 3 0x80003882 (0x41625fb3) x31 0x00000000
core   0: 0x80003886 (0xc0252c93) slti    s9, a0, -1022
core   0: 3 0x80003886 (0xc0252c93) x25 0x00000001
core   0: 0x8000388a (0x0270a5b3) mulhsu  a1, ra, t2
core   0: 3 0x8000388a (0x0270a5b3) x11 0x00000000
core   0: 0x8000388e (0x003f7463) bgeu    t5, gp, pc + 8
core   0: 3 0x8000388e (0x003f7463)
core   0: 0x80003896 (0x0000100f) fence.i
core   0: 3 0x80003896 (0x0000100f)
core   0: 0x8000389a (0x02c57033) remu    zero, a0, a2
core   0: 3 0x8000389a (0x02c57033)
core   0: 0x8000389e (0x00000001) c.nop
core   0: 3 0x8000389e (0x0001)
core   0: 0x800038a0 (0x0000ec85) c.bnez  s1, pc + 56
core   0: 3 0x800038a0 (0xec85)
core   0: 0x800038d8 (0xac4c0e93) addi    t4, s8, -1340
core   0: 3 0x800038d8 (0xac4c0e93) x29 0xfffffac5
core   0: 0x800038dc (0x41570333) sub     t1, a4, s5
core   0: 3 0x800038dc (0x41570333) x6  0x00000010
core   0: 0x800038e0 (0x41f80b33) sub     s6, a6, t6
core   0: 3 0x800038e0 (0x41f80b33) x22 0x00000000
core   0: 0x800038e4 (0x0000837e) c.mv    t1, t6
core   0: 3 0x800038e4 (0x837e) x6  0x00000000
core   0: 0x800038e6 (0x01984763) blt     a6, s9, pc + 14
core   0: 3 0x800038e6 (0x01984763)
core   0: 0x800038f4 (0x03cde9b3) rem     s3, s11, t3
core   0: 3 0x800038f4 (0x03cde9b3) x19 0x00000001
core   0: 0x800038f8 (0x4051d393) srai    t2, gp, 5
core   0: 3 0x800038f8 (0x4051d393) x7  0x00000000
core   0: 0x800038fc (0xcc86a013) slti    zero, a3, -824
core   0: 3 0x800038fc (0xcc86a013)
core   0: 0x80003900 (0x80a3bc13) sltiu   s8, t2, -2038
core   0: 3 0x80003900 (0x80a3bc13) x24 0x00000001
core   0: 0x80003904 (0x03e84563) blt     a6, t5, pc + 42
core   0: 3 0x80003904 (0x03e84563)
core   0: 0x8000392e (0x000080ba) c.mv    ra, a4
core   0: 3 0x8000392e (0x80ba) x1  0x00000000
core   0: 0x80003930 (0x34003d73) csrrc   s10, mscratch, zero
core   0: 3 0x80003930 (0x34003d73) x26 0x25b7840a
core   0: 0x80003934 (0x00005d7d) c.li    s10, -1
core   0: 3 0x80003934 (0x5d7d) x26 0xffffffff
core   0: 0x80003936 (0x0ff0000f) fence   iorw,iorw
core   0: 3 0x80003936 (0x0ff0000f)
core   0: 0x8000393a (0x00006451) c.lui   s0, 0x14
core   0: 3 0x8000393a (0x6451) x8  0x00014000
core   0: 0x8000393c (0x0000094e) c.slli  s2, 19
core   0: 3 0x8000393c (0x094e) x18 0x00100000
core   0: 0x8000393e (0x04958163) beq     a1, s1, pc + 66
core   0: 3 0x8000393e (0x04958163)
core   0: 0x80003942 (0xd3793a13) sltiu   s4, s2, -713
core   0: 3 0x80003942 (0xd3793a13) x20 0x00000001
core   0: 0x80003946 (0x58ec0e93) addi    t4, s8, 1422
core   0: 3 0x80003946 (0x58ec0e93) x29 0x0000058f
core   0: 0x8000394a (0x00a79833) sll     a6, a5, a0
core   0: 3 0x8000394a (0x00a79833) x16 0x59000000
core   0: 0x8000394e (0x00008715) c.srai  a4, 5
core   0: 3 0x8000394e (0x8715) x14 0x00000000
core   0: 0x80003950 (0x02de6233) rem     tp, t3, a3
core   0: 3 0x80003950 (0x02de6233) x4  0xffffc180
core   0: 0x80003954 (0x00008f7d) c.and   a4, a5
core   0: 3 0x80003954 (0x8f7d) x14 0x00000000
core   0: 0x80003956 (0x003e5cb3) srl     s9, t3, gp
core   0: 3 0x80003956 (0x003e5cb3) x25 0x80025ea4
core   0: 0x8000395a (0x03237633) remu    a2, t1, s2
core   0: 3 0x8000395a (0x03237633) x12 0x00000000
core   0: 0x8000395e (0x030de363) bltu    s11, a6, pc + 38
core   0: 3 0x8000395e (0x030de363)
core   0: 0x80003984 (0x02bcaa33) mulhsu  s4, s9, a1
core   0: 3 0x80003984 (0x02bcaa33) x20 0x00000000
core   0: 0x80003988 (0x4108df93) srai    t6, a7, 16
core   0: 3 0x80003988 (0x4108df93) x31 0x00000000
core   0: 0x8000398c (0x340a2cf3) csrrs   s9, mscratch, s4
core   0: 3 0x8000398c (0x340a2cf3) x25 0x25b7840a c832_mscratch 0x25b7840a
core   0: 0x80003990 (0x34007af3) csrrci  s5, mscratch, 0
core   0: 3 0x80003990 (0x34007af3) x21 0x25b7840a
core   0: 0x80003994 (0x01977533) and     a0, a4, s9
core   0: 3 0x80003994 (0x01977533) x10 0x00000000
core   0: 0x80003998 (0x02d069b3) rem     s3, zero, a3
core   0: 3 0x80003998 (0x02d069b3) x19 0x00000000
core   0: 0x8000399c (0x41518db3) sub     s11, gp, s5
core   0: 3 0x8000399c (0x41518db3) x27 0xda487bf6
core   0: 0x800039a0 (0x03d9da33) divu    s4, s3, t4
core   0: 3 0x800039a0 (0x03d9da33) x20 0x00000000
core   0: 0x800039a4 (0x478aed97) auipc   s11, 0x478ae
core   0: 3 0x800039a4 (0x478aed97) x27 0xc78b19a4
core   0: 0x800039a8 (0x34039973) csrrw   s2, mscratch, t2
core   0: 3 0x800039a8 (0x34039973) x18 0x25b7840a c832_mscratch 0x00000000
core   0: 0x800039ac (0x407189b3) sub     s3, gp, t2
core   0: 3 0x800039ac (0x407189b3) x19 0x00000000
core   0: 0x800039b0 (0x028f53b3) divu    t2, t5, s0
core   0: 3 0x800039b0 (0x028f53b3) x7  0x00000000
core   0: 0x800039b4 (0x00008231) c.srli  a2, 12
core   0: 3 0x800039b4 (0x8231) x12 0x00000000
core   0: 0x800039b6 (0x000098fd) c.andi  s1, -1
core   0: 3 0x800039b6 (0x98fd) x9  0x00000001
core   0: 0x800039b8 (0x00000a79) c.addi  s4, 30
core   0: 3 0x800039b8 (0x0a79) x20 0x0000001e
core   0: 0x800039ba (0x86418f17) auipc   t5, 0x86418
core   0: 3 0x800039ba (0x86418f17) x30 0x0641b9ba
core   0: 0x800039be (0x01b813b3) sll     t2, a6, s11
core   0: 3 0x800039be (0x01b813b3) x7  0x90000000
core   0: 0x800039c2 (0x0083bcb3) sltu    s9, t2, s0
core   0: 3 0x800039c2 (0x0083bcb3) x25 0x00000000
core   0: 0x800039c6 (0x012c4ab3) xor     s5, s8, s2
core   0: 3 0x800039c6 (0x012c4ab3) x21 0x25b7840b
core   0: 0x800039ca (0x028c02b3) mul     t0, s8, s0
core   0: 3 0x800039ca (0x028c02b3) x5  0x00014000
core   0: 0x800039ce (0x02b823b3) mulhsu  t2, a6, a1
core   0: 3 0x800039ce (0x02b823b3) x7  0x00000000
core   0: 0x800039d2 (0x0099d7b3) srl     a5, s3, s1
core   0: 3 0x800039d2 (0x0099d7b3) x15 0x00000000
core   0: 0x800039d6 (0x01abc263) blt     s7, s10, pc + 4
core   0: 3 0x800039d6 (0x01abc263)
core   0: 0x800039da (0x01f81bb3) sll     s7, a6, t6
core   0: 3 0x800039da (0x01f81bb3) x23 0x59000000
core   0: 0x800039de (0x00000eda) c.slli  t4, 22
core   0: 3 0x800039de (0x0eda) x29 0x63c00000
core   0: 0x800039e0 (0x0ff0000f) fence   iorw,iorw
core   0: 3 0x800039e0 (0x0ff0000f)
core   0: 0x800039e4 (0x00006569) c.lui   a0, 0x1a
core   0: 3 0x800039e4 (0x6569) x10 0x0001a000
core   0: 0x800039e6 (0x0302ed63) bltu    t0, a6, pc + 58
core   0: 3 0x800039e6 (0x0302ed63)
core   0: 0x80003a20 (0x340f3873) csrrc   a6, mscratch, t5
core   0: 3 0x80003a20 (0x340f3873) x16 0x00000000 c832_mscratch 0x00000000
core   0: 0x80003a24 (0x01f19d33) sll     s10, gp, t6
core   0: 3 0x80003a24 (0x01f19d33) x26 0x00000000
core   0: 0x80003a28 (0x340031f3) csrrc   gp, mscratch, zero
core   0: 3 0x80003a28 (0x340031f3) x3  0x00000000
core   0: 0x80003a2c (0x03676733) rem     a4, a4, s6
core   0: 3 0x80003a2c (0x03676733) x14 0x00000000
core   0: 0x80003a30 (0xa739e993) ori     s3, s3, -1421
core   0: 3 0x80003a30 (0xa739e993) x19 0xfffffa73
core   0: 0x80003a34 (0x00008161) c.srli  a0, 24
core   0: 3 0x80003a34 (0x8161) x10 0x00000000
core   0: 0x80003a36 (0x00756c63) bltu    a0, t2, pc + 24
core   0: 3 0x80003a36 (0x00756c63)
core   0: 0x80003a3a (0x00008d96) c.mv    s11, t0
core   0: 3 0x80003a3a (0x8d96) x27 0x00014000
core   0: 0x80003a3c (0x01f10433) add     s0, sp, t6
core   0: 3 0x80003a3c (0x01f10433) x8  0xfc65f358
core   0: 0x80003a40 (0x1fd7b993) sltiu   s3, a5, 509
core   0: 3 0x80003a40 (0x1fd7b993) x19 0x00000001
core   0: 0x80003a44 (0x0ff0000f) fence   iorw,iorw
core   0: 3 0x80003a44 (0x0ff0000f)
core   0: 0x80003a48 (0x01d56833) or      a6, a0, t4
core   0: 3 0x80003a48 (0x01d56833) x16 0x63c00000
core   0: 0x80003a4c (0x00008c79) c.and   s0, a4
core   0: 3 0x80003a4c (0x8c79) x8  0x00000000
core   0: 0x80003a4e (0x005dd733) srl     a4, s11, t0
core   0: 3 0x80003a4e (0x005dd733) x14 0x00014000
core   0: 0x80003a52 (0x00ebab33) slt     s6, s7, a4
core   0: 3 0x80003a52 (0x00ebab33) x22 0x00000000
core   0: 0x80003a56 (0x03b09433) mulh    s0, ra, s11
core   0: 3 0x80003a56 (0x03b09433) x8  0x00000000
core   0: 0x80003a5a (0x41e18eb3) sub     t4, gp, t5
core   0: 3 0x80003a5a (0x41e18eb3) x29 0xf9be4646
core   0: 0x80003a5e (0x41045c93) srai    s9, s0, 16
core   0: 3 0x80003a5e (0x41045c93) x25 0x00000000
core   0: 0x80003a62 (0x3406f0f3) csrrci  ra, mscratch, 13
core   0: 3 0x80003a62 (0x3406f0f3) x1  0x00000000 c832_mscratch 0x00000000
core   0: 0x80003a66 (0x0eaf4d93) xori    s11, t5, 234
core   0: 3 0x80003a66 (0x0eaf4d93) x27 0x0641b950
core   0: 0x80003a6a (0x02710033) mul     zero, sp, t2
core   0: 3 0x80003a6a (0x02710033)
core   0: 0x80003a6e (0x00008b9a) c.mv    s7, t1
core   0: 3 0x80003a6e (0x8b9a) x23 0x00000000
core   0: 0x80003a70 (0x00000001) c.nop
core   0: 3 0x80003a70 (0x0001)
core   0: 0x80003a72 (0x0151df33) srl     t5, gp, s5
core   0: 3 0x80003a72 (0x0151df33) x30 0x00000000
core   0: 0x80003a76 (0x3406f3f3) csrrci  t2, mscratch, 13
core   0: 3 0x80003a76 (0x3406f3f3) x7  0x00000000 c832_mscratch 0x00000000
core   0: 0x80003a7a (0x00008491) c.srai  s1, 4
core   0: 3 0x80003a7a (0x8491) x9  0x00000000
core   0: 0x80003a7c (0x01716cb3) or      s9, sp, s7
core   0: 3 0x80003a7c (0x01716cb3) x25 0xfc65f358
core   0: 0x80003a80 (0x02aebdb3) mulhu   s11, t4, a0
core   0: 3 0x80003a80 (0x02aebdb3) x27 0x00000000
core   0: 0x80003a84 (0x00000001) c.nop
core   0: 3 0x80003a84 (0x0001)
core   0: 0x80003a86 (0xc59a0197) auipc   gp, 0xc59a0
core   0: 3 0x80003a86 (0xc59a0197) x3  0x459a3a86
core   0: 0x80003a8a (0x03ec8513) addi    a0, s9, 62
core   0: 3 0x80003a8a (0x03ec8513) x10 0xfc65f396
core   0: 0x80003a8e (0xdc981817) auipc   a6, 0xdc981
core   0: 3 0x80003a8e (0xdc981817) x16 0x5c984a8e
core   0: 0x80003a92 (0x0000100f) fence.i
core   0: 3 0x80003a92 (0x0000100f)
core   0: 0x80003a96 (0x03122033) mulhsu  zero, tp, a7
core   0: 3 0x80003a96 (0x03122033)
core   0: 0x80003a9a (0x00000666) c.slli  a2, 25
core   0: 3 0x80003a9a (0x0666) x12 0x00000000
core   0: 0x80003a9c (0x03738e63) beq     t2, s7, pc + 60
core   0: 3 0x80003a9c (0x03738e63)
core   0: 0x80003ad8 (0x031028b3) mulhsu  a7, zero, a7
core   0: 3 0x80003ad8 (0x031028b3) x17 0x00000000
core   0: 0x80003adc (0x3a29e913) ori     s2, s3, 930
core   0: 3 0x80003adc (0x3a29e913) x18 0x000003a3
core   0: 0x80003ae0 (0x012aa7b3) slt     a5, s5, s2
core   0: 3 0x80003ae0 (0x012aa7b3) x15 0x00000000
core   0: 0x80003ae4 (0x00008871) c.andi  s0, 28
core   0: 3 0x80003ae4 (0x8871) x8  0x00000000
core   0: 0x80003ae6 (0x00dfcd33) xor     s10, t6, a3
core   0: 3 0x80003ae6 (0x00dfcd33) x26 0x80029d24
core   0: 0x80003aea (0x00000606) c.slli  a2, 1
core   0: 3 0x80003aea (0x0606) x12 0x00000000
core   0: 0x80003aec (0x00009ea2) c.add   t4, s0
core   0: 3 0x80003aec (0x9ea2) x29 0xf9be4646
core   0: 0x80003aee (0x01da0633) add     a2, s4, t4
core   0: 3 0x80003aee (0x01da0633) x12 0xf9be4664
core   0: 0x80003af2 (0x02272333) mulhsu  t1, a4, sp
core   0: 3 0x80003af2 (0x02272333) x6  0x00013b7f
core   0: 0x80003af6 (0x00008c9d) c.sub   s1, a5
core   0: 3 0x80003af6 (0x8c9d) x9  0x00000000
core   0: 0x80003af8 (0x00008dcd) c.or    a1, a1
core   0: 3 0x80003af8 (0x8dcd) x11 0x00000000
core   0: 0x80003afa (0x039ecd33) div     s10, t4, s9
core   0: 3 0x80003afa (0x039ecd33) x26 0x00000001
core   0: 0x80003afe (0x0000847d) c.srai  s0, 31
core   0: 3 0x80003afe (0x847d) x8  0x00000000
core   0: 0x80003b00 (0x00006539) c.lui   a0, 0xe
core   0: 3 0x80003b00 (0x6539) x10 0x0000e000
core   0: 0x80003b02 (0x0000987d) c.andi  s0, -1
core   0: 3 0x80003b02 (0x987d) x8  0x00000000
core   0: 0x80003b04 (0x00008fbd) c.xor   a5, a5
core   0: 3 0x80003b04 (0x8fbd) x15 0x00000000
core   0: 0x80003b06 (0x032b9733) mulh    a4, s7, s2
core   0: 3 0x80003b06 (0x032b9733) x14 0x00000000
core   0: 0x80003b0a (0x87c53197) auipc   gp, 0x87c53
core   0: 3 0x80003b0a (0x87c53197) x3  0x07c56b0a
core   0: 0x80003b0e (0x34005773) csrrwi  a4, mscratch, 0
core   0: 3 0x80003b0e (0x34005773) x14 0x00000000 c832_mscratch 0x00000000
core   0: 0x80003b12 (0x0000c781) c.beqz  a5, pc + 8
core   0: 3 0x80003b12 (0xc781)
core   0: 0x80003b1a (0x00008fe5) c.and   a5, s1
core   0: 3 0x80003b1a (0x8fe5) x15 0x00000000
core   0: 0x80003b1c (0x34002073) csrr    zero, mscratch
core   0: 3 0x80003b1c (0x34002073)
core   0: 0x80003b20 (0x01b862b3) or      t0, a6, s11
core   0: 3 0x80003b20 (0x01b862b3) x5  0x5c984a8e
core   0: 0x80003b24 (0x0000801d) c.srli  s0, 7
core   0: 3 0x80003b24 (0x801d) x8  0x00000000
core   0: 0x80003b26 (0x01549c33) sll     s8, s1, s5
core   0: 3 0x80003b26 (0x01549c33) x24 0x00000000
core   0: 0x80003b2a (0x03321f63) bne     tp, s3, pc + 62
core   0: 3 0x80003b2a (0x03321f63)
core   0: 0x80003b68 (0x000008a6) c.slli  a7, 9
core   0: 3 0x80003b68 (0x08a6) x17 0x00000000
core   0: 0x80003b6a (0x01986e63) bltu    a6, s9, pc + 28
core   0: 3 0x80003b6a (0x01986e63)
core   0: 0x80003b86 (0x035b62b3) rem     t0, s6, s5
core   0: 3 0x80003b86 (0x035b62b3) x5  0x00000000
core   0: 0x80003b8a (0x00006749) c.lui   a4, 0x12
core   0: 3 0x80003b8a (0x6749) x14 0x00012000
core   0: 0x80003b8c (0x028e4c33) div     s8, t3, s0
core   0: 3 0x80003b8c (0x028e4c33) x24 0xffffffff
core   0: 0x80003b90 (0x03b71f63) bne     a4, s11, pc + 62
core   0: 3 0x80003b90 (0x03b71f63)
core   0: 0x80003bce (0x037e7563) bgeu    t3, s7, pc + 42
core   0: 3 0x80003bce (0x037e7563)
core   0: 0x80003bf8 (0x4815f913) andi    s2, a1, 1153
core   0: 3 0x80003bf8 (0x4815f913) x18 0x00000000
core   0: 0x80003bfc (0x02021333) mulh    t1, tp, zero
core   0: 3 0x80003bfc (0x02021333) x6  0x00000000
core   0: 0x80003c00 (0xc0ac0793) addi    a5, s8, -1014
core   0: 3 0x80003c00 (0xc0ac0793) x15 0xfffffc09
core   0: 0x80003c04 (0x31594893) xori    a7, s2, 789
core   0: 3 0x80003c04 (0x31594893) x17 0x00000315
core   0: 0x80003c08 (0x005ccdb3) xor     s11, s9, t0
core   0: 3 0x80003c08 (0x005ccdb3) x27 0xfc65f358
core   0: 0x80003c0c (0x000098fd) c.andi  s1, -1
core   0: 3 0x80003c0c (0x98fd) x9  0x00000000
core   0: 0x80003c0e (0x0428d163) bge     a7, sp, pc + 66
core   0: 3 0x80003c0e (0x0428d163)
core   0: 0x80003c50 (0x00004755) c.li    a4, 21
core   0: 3 0x80003c50 (0x4755) x14 0x00000015
core   0: 0x80003c52 (0x01e6b8b3) sltu    a7, a3, t5
core   0: 3 0x80003c52 (0x01e6b8b3) x17 0x00000000
core   0: 0x80003c56 (0x41d609b3) sub     s3, a2, t4
core   0: 3 0x80003c56 (0x41d609b3) x19 0x0000001e
core   0: 0x80003c5a (0x01aa1333) sll     t1, s4, s10
core   0: 3 0x80003c5a (0x01aa1333) x6  0x0000003c
core   0: 0x80003c5e (0x00005bfd) c.li    s7, -1
core   0: 3 0x80003c5e (0x5bfd) x23 0xffffffff
core   0: 0x80003c60 (0x0000087e) c.slli  a6, 31
core   0: 3 0x80003c60 (0x087e) x16 0x00000000
core   0: 0x80003c62 (0x0000157d) c.addi  a0, -1
core   0: 3 0x80003c62 (0x157d) x10 0x0000dfff
core   0: 0x80003c64 (0x00008709) c.srai  a4, 2
core   0: 3 0x80003c64 (0x8709) x14 0x00000005
core   0: 0x80003c66 (0x0ff0000f) fence   iorw,iorw
core   0: 3 0x80003c66 (0x0ff0000f)
core   0: 0x80003c6a (0x5bbb6e93) ori     t4, s6, 1467
core   0: 3 0x80003c6a (0x5bbb6e93) x29 0x000005bb
core   0: 0x80003c6e (0x7b09f417) auipc   s0, 0x7b09f
core   0: 3 0x80003c6e (0x7b09f417) x8  0xfb0a2c6e
core   0: 0x80003c72 (0x0125ec33) or      s8, a1, s2
core   0: 3 0x80003c72 (0x0125ec33) x24 0x00000000
core   0: 0x80003c76 (0xe79de993) ori     s3, s11, -391
core   0: 3 0x80003c76 (0xe79de993) x19 0xffffff79
core   0: 0x80003c7a (0x00008e2d) c.xor   a2, a1
core   0: 3 0x80003c7a (0x8e2d) x12 0xf9be4664
core   0: 0x80003c7c (0x5c8ed797) auipc   a5, 0x5c8ed
core   0: 3 0x80003c7c (0x5c8ed797) x15 0xdc8f0c7c
core   0: 0x80003c80 (0x00000dfa) c.slli  s11, 30
core   0: 3 0x80003c80 (0x0dfa) x27 0x00000000
core   0: 0x80003c82 (0x02f22ab3) mulhsu  s5, tp, a5
core   0: 3 0x80003c82 (0x02f22ab3) x21 0xffffca27
core   0: 0x80003c86 (0x40445c93) srai    s9, s0, 4
core   0: 3 0x80003c86 (0x40445c93) x25 0xffb0a2c6
core   0: 0x80003c8a (0x00666463) bltu    a2, t1, pc + 8
core   0: 3 0x80003c8a (0x00666463)
core   0: 0x80003c8e (0x00eb0c33) add     s8, s6, a4
core   0: 3 0x80003c8e (0x00eb0c33) x24 0x00000005
core   0: 0x80003c92 (0x5a06b093) sltiu   ra, a3, 1440
core   0: 3 0x80003c92 (0x5a06b093) x1  0x00000000
core   0: 0x80003c96 (0x02b26d33) rem     s10, tp, a1
core   0: 3 0x80003c96 (0x02b26d33) x26 0xffffc180
core   0: 0x80003c9a (0x000000ee) c.slli  ra, 27
core   0: 3 0x80003c9a (0x00ee) x1  0x00000000
core   0: 0x80003c9c (0x4ac22213) slti    tp, tp, 1196
core   0: 3 0x80003c9c (0x4ac22213) x4  0x00000001
core   0: 0x80003ca0 (0x0005deb3) srl     t4, a1, zero
core   0: 3 0x80003ca0 (0x0005deb3) x29 0x00000000
core   0: 0x80003ca4 (0x40255d93) srai    s11, a0, 2
core   0: 3 0x80003ca4 (0x40255d93) x27 0x000037ff
core   0: 0x80003ca8 (0x00000c99) c.addi  s9, 6
core   0: 3 0x80003ca8 (0x0c99) x25 0xffb0a2cc
core   0: 0x80003caa (0x03fd5563) bge     s10, t6, pc + 42
core   0: 3 0x80003caa (0x03fd5563)
core   0: 0x80003cae (0x00b6db13) srli    s6, a3, 11
core   0: 3 0x80003cae (0x00b6db13) x22 0x00100053
core   0: 0x80003cb2 (0x007aa4b3) slt     s1, s5, t2
core   0: 3 0x80003cb2 (0x007aa4b3) x9  0x00000001
core   0: 0x80003cb6 (0x00cd9463) bne     s11, a2, pc + 8
core   0: 3 0x80003cb6 (0x00cd9463)
core   0: 0x80003cbe (0x000085a5) c.srai  a1, 9
core   0: 3 0x80003cbe (0x85a5) x11 0x00000000
core   0: 0x80003cc0 (0x016b7733) and     a4, s6, s6
core   0: 3 0x80003cc0 (0x016b7733) x14 0x00100053
core   0: 0x80003cc4 (0x1caa0f93) addi    t6, s4, 458
core   0: 3 0x80003cc4 (0x1caa0f93) x31 0x000001e8
core   0: 0x80003cc8 (0x03a00433) mul     s0, zero, s10
core   0: 3 0x80003cc8 (0x03a00433) x8  0x00000000
core   0: 0x80003ccc (0x340e70f3) csrrci  ra, mscratch, 28
core   0: 3 0x80003ccc (0x340e70f3) x1  0x00000000 c832_mscratch 0x00000000
core   0: 0x80003cd0 (0x54766a13) ori     s4, a2, 1351
core   0: 3 0x80003cd0 (0x54766a13) x20 0xf9be4767
core   0: 0x80003cd4 (0x000008f1) c.addi  a7, 28
core   0: 3 0x80003cd4 (0x08f1) x17 0x0000001c
core   0: 0x80003cd6 (0x86aa2993) slti    s3, s4, -1942
core   0: 3 0x80003cd6 (0x86aa2993) x19 0x00000001
core   0: 0x80003cda (0x00004809) c.li    a6, 2
core   0: 3 0x80003cda (0x4809) x16 0x00000002
core   0: 0x80003cdc (0x00000001) c.nop
core   0: 3 0x80003cdc (0x0001)
core   0: 0x80003cde (0xec948193) addi    gp, s1, -311
core   0: 3 0x80003cde (0xec948193) x3  0xfffffeca
core   0: 0x80003ce2 (0x01fd5833) srl     a6, s10, t6
core   0: 3 0x80003ce2 (0x01fd5833) x16 0x00ffffc1
core   0: 0x80003ce6 (0x00008c49) c.or    s0, a0
core   0: 3 0x80003ce6 (0x8c49) x8  0x0000dfff
core   0: 0x80003ce8 (0x00001afd) c.addi  s5, -1
core   0: 3 0x80003ce8 (0x1afd) x21 0xffffca26
core   0: 0x80003cea (0x00000001) c.nop
core   0: 3 0x80003cea (0x0001)
core   0: 0x80003cec (0x03f4d433) divu    s0, s1, t6
core   0: 3 0x80003cec (0x03f4d433) x8  0x00000000
core   0: 0x80003cf0 (0x34003373) csrrc   t1, mscratch, zero
core   0: 3 0x80003cf0 (0x34003373) x6  0x00000000
core   0: 0x80003cf4 (0x00bf7033) and     zero, t5, a1
core   0: 3 0x80003cf4 (0x00bf7033)
core   0: 0x80003cf8 (0x02211eb3) mulh    t4, sp, sp
core   0: 3 0x80003cf8 (0x02211eb3) x29 0x000cf8ff
core   0: 0x80003cfc (0x00c17263) bgeu    sp, a2, pc + 4
core   0: 3 0x80003cfc (0x00c17263)
core   0: 0x80003d00 (0x0122d4b3) srl     s1, t0, s2
core   0: 3 0x80003d00 (0x0122d4b3) x9  0x00000000
core   0: 0x80003d04 (0x340f3973) csrrc   s2, mscratch, t5
core   0: 3 0x80003d04 (0x340f3973) x18 0x00000000 c832_mscratch 0x00000000
core   0: 0x80003d08 (0x00711c63) bne     sp, t2, pc + 24
core   0: 3 0x80003d08 (0x00711c63)
core   0: 0x80003d20 (0x00008c49) c.or    s0, a0
core   0: 3 0x80003d20 (0x8c49) x8  0x0000dfff
core   0: 0x80003d22 (0x85542793) slti    a5, s0, -1963
core   0: 3 0x80003d22 (0x85542793) x15 0x00000000
core   0: 0x80003d26 (0x017974b3) and     s1, s2, s7
core   0: 3 0x80003d26 (0x017974b3) x9  0x00000000
core   0: 0x80003d2a (0x01b70563) beq     a4, s11, pc + 10
core   0: 3 0x80003d2a (0x01b70563)
core   0: 0x80003d2e (0x00008e61) c.and   a2, s0
core   0: 3 0x80003d2e (0x8e61) x12 0x00004664
core   0: 0x80003d30 (0x00008d51) c.or    a0, a2
core   0: 3 0x80003d30 (0x8d51) x10 0x0000dfff
core   0: 0x80003d32 (0x0000c519) c.beqz  a0, pc + 14
core   0: 3 0x80003d32 (0xc519)
core   0: 0x80003d34 (0x011f1513) slli    a0, t5, 17
core   0: 3 0x80003d34 (0x011f1513) x10 0x00000000
core   0: 0x80003d38 (0x00008611) c.srai  a2, 4
core   0: 3 0x80003d38 (0x8611) x12 0x00000466
core   0: 0x80003d3a (0x00000001) c.nop
core   0: 3 0x80003d3a (0x0001)
core   0: 0x80003d3c (0x340068f3) csrrsi  a7, mscratch, 0
core   0: 3 0x80003d3c (0x340068f3) x17 0x00000000
core   0: 0x80003d40 (0x00008d01) c.sub   a0, s0
core   0: 3 0x80003d40 (0x8d01) x10 0xffff2001
core   0: 0x80003d42 (0x0388c4b3) div     s1, a7, s8
core   0: 3 0x80003d42 (0x0388c4b3) x9  0x00000000
core   0: 0x80003d46 (0x7e7d8413) addi    s0, s11, 2023
core   0: 3 0x80003d46 (0x7e7d8413) x8  0x00003fe6
core   0: 0x80003d4a (0x10667f93) andi    t6, a2, 262
core   0: 3 0x80003d4a (0x10667f93) x31 0x00000006
core   0: 0x80003d4e (0x340253f3) csrrwi  t2, mscratch, 4
core   0: 3 0x80003d4e (0x340253f3) x7  0x00000000 c832_mscratch 0x00000004
core   0: 0x80003d52 (0x0209c4b3) div     s1, s3, zero
core   0: 3 0x80003d52 (0x0209c4b3) x9  0xffffffff
core   0: 0x80003d56 (0x76b40813) addi    a6, s0, 1899
core   0: 3 0x80003d56 (0x76b40813) x16 0x00004751
core   0: 0x80003d5a (0x02732c33) mulhsu  s8, t1, t2
core   0: 3 0x80003d5a (0x02732c33) x24 0x00000000
core   0: 0x80003d5e (0x88afc813) xori    a6, t6, -1910
core   0: 3 0x80003d5e (0x88afc813) x16 0xfffff88c
core   0: 0x80003d62 (0x0000cf85) c.beqz  a5, pc + 56
core   0: 3 0x80003d62 (0xcf85)
core   0: 0x80003d9a (0x0000527d) c.li    tp, -1
core   0: 3 0x80003d9a (0x527d) x4  0xffffffff
core   0: 0x80003d9c (0x0000987d) c.andi  s0, -1
core   0: 3 0x80003d9c (0x987d) x8  0x00003fe6
core   0: 0x80003d9e (0x00008121) c.srli  a0, 8
core   0: 3 0x80003d9e (0x8121) x10 0x00ffff20
core   0: 0x80003da0 (0x00005dfd) c.li    s11, -1
core   0: 3 0x80003da0 (0x5dfd) x27 0xffffffff
core   0: 0x80003da2 (0x375b68b7) lui     a7, 0x375b6
core   0: 3 0x80003da2 (0x375b68b7) x17 0x375b6000
core   0: 0x80003da6 (0x0000cd09) c.beqz  a0, pc + 26
core   0: 3 0x80003da6 (0xcd09)
core   0: 0x80003da8 (0x00000f7a) c.slli  t5, 30
core   0: 3 0x80003da8 (0x0f7a) x30 0x00000000
core   0: 0x80003daa (0x34037a73) csrrci  s4, mscratch, 6
core   0: 3 0x80003daa (0x34037a73) x20 0x00000004 c832_mscratch 0x00000000
core   0: 0x80003dae (0x009621b3) slt     gp, a2, s1
core   0: 3 0x80003dae (0x009621b3) x3  0x00000000
core   0: 0x80003db2 (0x000088c1) c.andi  s1, 16
core   0: 3 0x80003db2 (0x88c1) x9  0x00000010
core   0: 0x80003db4 (0x033d6433) rem     s0, s10, s3
core   0: 3 0x80003db4 (0x033d6433) x8  0x00000000
core   0: 0x80003db8 (0x0000e20d) c.bnez  a2, pc + 34
core   0: 3 0x80003db8 (0xe20d)
core   0: 0x80003dda (0x006c5493) srli    s1, s8, 6
core   0: 3 0x80003dda (0x006c5493) x9  0x00000000
core   0: 0x80003dde (0x00009ba2) c.add   s7, s0
core   0: 3 0x80003dde (0x9ba2) x23 0xffffffff
core   0: 0x80003de0 (0x032f9033) mulh    zero, t6, s2
core   0: 3 0x80003de0 (0x032f9033)
core   0: 0x80003de4 (0x00fddbb3) srl     s7, s11, a5
core   0: 3 0x80003de4 (0x00fddbb3) x23 0xffffffff
core   0: 0x80003de8 (0x340adcf3) csrrwi  s9, mscratch, 21
core   0: 3 0x80003de8 (0x340adcf3) x25 0x00000000 c832_mscratch 0x00000015
core   0: 0x80003dec (0x015cc333) xor     t1, s9, s5
core   0: 3 0x80003dec (0x015cc333) x6  0xffffca26
core   0: 0x80003df0 (0x0277f963) bgeu    a5, t2, pc + 50
core   0: 3 0x80003df0 (0x0277f963)
core   0: 0x80003e22 (0x011f5293) srli    t0, t5, 17
core   0: 3 0x80003e22 (0x011f5293) x5  0x00000000
core   0: 0x80003e26 (0x00008f41) c.or    a4, s0
core   0: 3 0x80003e26 (0x8f41) x14 0x00100053
core   0: 0x80003e28 (0x20633013) sltiu   zero, t1, 518
core   0: 3 0x80003e28 (0x20633013)
core   0: 0x80003e2c (0x02030db3) mul     s11, t1, zero
core   0: 3 0x80003e2c (0x02030db3) x27 0x00000000
core   0: 0x80003e30 (0x340332f3) csrrc   t0, mscratch, t1
core   0: 3 0x80003e30 (0x340332f3) x5  0x00000015 c832_mscratch 0x00000011
core   0: 0x80003e34 (0x022c1533) mulh    a0, s8, sp
core   0: 3 0x80003e34 (0x022c1533) x10 0x00000000
core   0: 0x80003e38 (0x038adfb3) divu    t6, s5, s8
core   0: 3 0x80003e38 (0x038adfb3) x31 0xffffffff
core   0: 0x80003e3c (0x02db9eb3) mulh    t4, s7, a3
core   0: 3 0x80003e3c (0x02db9eb3) x29 0x00000000
core   0: 0x80003e40 (0x482a3c93) sltiu   s9, s4, 1154
core   0: 3 0x80003e40 (0x482a3c93) x25 0x00000001
core   0: 0x80003e44 (0x000085ad) c.srai  a1, 11
core   0: 3 0x80003e44 (0x85ad) x11 0x00000000
core   0: 0x80003e46 (0x0000d897) auipc   a7, 0xd
core   0: 3 0x80003e46 (0x0000d897) x17 0x80010e46
core   0: 0x80003e4a (0x1d688893) addi    a7, a7, 470
core   0: 3 0x80003e4a (0x1d688893) x17 0x8001101c
core   0: 0x80003e4e (0x00788d03) lb      s10, 7(a7)
core   0: 3 0x80003e4e (0x00788d03) x26 0xffffff8b mem 0x80011023
core   0: 0x80003e52 (0x00488e83) lb      t4, 4(a7)
core   0: 3 0x80003e52 (0x00488e83) x29 0xfffffffe mem 0x80011020
core   0: 0x80003e56 (0x00288183) lb      gp, 2(a7)
core   0: 3 0x80003e56 (0x00288183) x3  0x00000073 mem 0x8001101e
core   0: 0x80003e5a (0x44a72913) slti    s2, a4, 1098
core   0: 3 0x80003e5a (0x44a72913) x18 0x00000000
core   0: 0x80003e5e (0x0251d433) divu    s0, gp, t0
core   0: 3 0x80003e5e (0x0251d433) x8  0x00000005
core   0: 0x80003e62 (0xffc8cb83) lbu     s7, -4(a7)
core   0: 3 0x80003e62 (0xffc8cb83) x23 0x00000094 mem 0x80011018
core   0: 0x80003e66 (0x27997093) andi    ra, s2, 633
core   0: 3 0x80003e66 (0x27997093) x1  0x00000000
core   0: 0x80003e6a (0x012e1f33) sll     t5, t3, s2
core   0: 3 0x80003e6a (0x012e1f33) x30 0x80025ea4
core   0: 0x80003e6e (0x00d8c983) lbu     s3, 13(a7)
core   0: 3 0x80003e6e (0x00d8c983) x19 0x00000080 mem 0x80011029
core   0: 0x80003e72 (0x0058c503) lbu     a0, 5(a7)
core   0: 3 0x80003e72 (0x0058c503) x10 0x00000050 mem 0x80011021
core   0: 0x80003e76 (0x35eea213) slti    tp, t4, 862
core   0: 3 0x80003e76 (0x35eea213) x4  0x00000001
core   0: 0x80003e7a (0x4148ac93) slti    s9, a7, 1044
core   0: 3 0x80003e7a (0x4148ac93) x25 0x00000001
core   0: 0x80003e7e (0x03f76633) rem     a2, a4, t6
core   0: 3 0x80003e7e (0x03f76633) x12 0x00000000
core   0: 0x80003e82 (0x01788123) sb      s7, 2(a7)
core   0: 3 0x80003e82 (0x01788123) mem 0x8001101e 0x94
core   0: 0x80003e86 (0x0000838e) c.mv    t2, gp
core   0: 3 0x80003e86 (0x838e) x7  0x00000073
core   0: 0x80003e88 (0x3401def3) csrrwi  t4, mscratch, 3
core   0: 3 0x80003e88 (0x3401def3) x29 0x00000011 c832_mscratch 0x00000003
core   0: 0x80003e8c (0x00289a83) lh      s5, 2(a7)
core   0: 3 0x80003e8c (0x00289a83) x21 0x00004694 mem 0x8001101e
core   0: 0x80003e90 (0x0000100f) fence.i
core   0: 3 0x80003e90 (0x0000100f)
core   0: 0x80003e94 (0x0ff0000f) fence   iorw,iorw
core   0: 3 0x80003e94 (0x0ff0000f)
core   0: 0x80003e98 (0x9306f913) andi    s2, a3, -1744
core   0: 3 0x80003e98 (0x9306f913) x18 0x80029920
core   0: 0x80003e9c (0x7d7b2213) slti    tp, s6, 2007
core   0: 3 0x80003e9c (0x7d7b2213) x4  0x00000000
core   0: 0x80003ea0 (0xff788d83) lb      s11, -9(a7)
core   0: 3 0x80003ea0 (0xff788d83) x27 0x00000000 mem 0x80011013
core   0: 0x80003ea4 (0x3404d073) csrwi   mscratch, 9
core   0: 3 0x80003ea4 (0x3404d073) c832_mscratch 0x00000009
core   0: 0x80003ea8 (0x00089903) lh      s2, 0(a7)
core   0: 3 0x80003ea8 (0x00089903) x18 0xffffc2ea mem 0x8001101c
core   0: 0x80003eac (0x008885a3) sb      s0, 11(a7)
core   0: 3 0x80003eac (0x008885a3) mem 0x80011027 0x05
core   0: 0x80003eb0 (0x01fd1f13) slli    t5, s10, 31
core   0: 3 0x80003eb0 (0x01fd1f13) x30 0x80000000
core   0: 0x80003eb4 (0x00889203) lh      tp, 8(a7)
core   0: 3 0x80003eb4 (0x00889203) x4  0x00006bdb mem 0x80011024
core   0: 0x80003eb8 (0x0098ca03) lbu     s4, 9(a7)
core   0: 3 0x80003eb8 (0x0098ca03) x20 0x0000006b mem 0x80011025
core   0: 0x80003ebc (0x00788603) lb      a2, 7(a7)
core   0: 3 0x80003ebc (0x00788603) x12 0xffffff8b mem 0x80011023
core   0: 0x80003ec0 (0x0000875d) c.srai  a4, 23
core   0: 3 0x80003ec0 (0x875d) x14 0x00000000
core   0: 0x80003ec2 (0x919cfab7) lui     s5, 0x919cf
core   0: 3 0x80003ec2 (0x919cfab7) x21 0x919cf000
core   0: 0x80003ec6 (0x00009ac2) c.add   s5, a6
core   0: 3 0x80003ec6 (0x9ac2) x21 0x919ce88c
core   0: 0x80003ec8 (0x00008c41) c.or    s0, s0
core   0: 3 0x80003ec8 (0x8c41) x8  0x00000005
core   0: 0x80003eca (0x00008c71) c.and   s0, a2
core   0: 3 0x80003eca (0x8c71) x8  0x00000001
core   0: 0x80003ecc (0x4014da93) srai    s5, s1, 1
core   0: 3 0x80003ecc (0x4014da93) x21 0x00000000
core   0: 0x80003ed0 (0xff188a03) lb      s4, -15(a7)
core   0: 3 0x80003ed0 (0xff188a03) x20 0x00000011 mem 0x8001100d
core   0: 0x80003ed4 (0xff388c03) lb      s8, -13(a7)
core   0: 3 0x80003ed4 (0xff388c03) x24 0x00000068 mem 0x8001100f
core   0: 0x80003ed8 (0x01088723) sb      a6, 14(a7)
core   0: 3 0x80003ed8 (0x01088723) mem 0x8001102a 0x8c
core   0: 0x80003edc (0x0139f5b3) and     a1, s3, s3
core   0: 3 0x80003edc (0x0139f5b3) x11 0x00000080
core   0: 0x80003ee0 (0x000883a3) sb      zero, 7(a7)
core   0: 3 0x80003ee0 (0x000883a3) mem 0x80011023 0x00
core   0: 0x80003ee4 (0x00006f41) c.lui   t5, 0x10
core   0: 3 0x80003ee4 (0x6f41) x30 0x00010000
core   0: 0x80003ee6 (0x00e88a03) lb      s4, 14(a7)
core   0: 3 0x80003ee6 (0x00e88a03) x20 0xffffff8c mem 0x8001102a
core   0: 0x80003eea (0x00e89583) lh      a1, 14(a7)
core   0: 3 0x80003eea (0x00e89583) x11 0xffffba8c mem 0x8001102a
core   0: 0x80003eee (0x00e2f663) bgeu    t0, a4, pc + 12
core   0: 3 0x80003eee (0x00e2f663)
core   0: 0x80003efa (0x00a25293) srli    t0, tp, 10
core   0: 3 0x80003efa (0x00a25293) x5  0x0000001a
core   0: 0x80003efe (0x0000896d) c.andi  a0, 27
core   0: 3 0x80003efe (0x896d) x10 0x00000010
core   0: 0x80003f00 (0x006adf13) srli    t5, s5, 6
core   0: 3 0x80003f00 (0x006adf13) x30 0x00000000
core   0: 0x80003f04 (0x77533f97) auipc   t6, 0x77533
core   0: 3 0x80003f04 (0x77533f97) x31 0xf7536f04
core   0: 0x80003f08 (0x03cafdb3) remu    s11, s5, t3
core   0: 3 0x80003f08 (0x03cafdb3) x27 0x00000000
core   0: 0x80003f0c (0xaccc40b7) lui     ra, 0xaccc4
core   0: 3 0x80003f0c (0xaccc40b7) x1  0xaccc4000
core   0: 0x80003f10 (0x0000c21d) c.beqz  a2, pc + 38
core   0: 3 0x80003f10 (0xc21d)
core   0: 0x80003f12 (0x00006c85) c.lui   s9, 0x1
core   0: 3 0x80003f12 (0x6c85) x25 0x00001000
core   0: 0x80003f14 (0x023821b3) mulhsu  gp, a6, gp
core   0: 3 0x80003f14 (0x023821b3) x3  0xffffffff
core   0: 0x80003f18 (0x00008451) c.srai  s0, 20
core   0: 3 0x80003f18 (0x8451) x8  0x00000000
core   0: 0x80003f1a (0x0277a633) mulhsu  a2, a5, t2
core   0: 3 0x80003f1a (0x0277a633) x12 0x00000000
core   0: 0x80003f1e (0x00006625) c.lui   a2, 0x9
core   0: 3 0x80003f1e (0x6625) x12 0x00009000
core   0: 0x80003f20 (0x04af4263) blt     t5, a0, pc + 68
core   0: 3 0x80003f20 (0x04af4263)
core   0: 0x80003f64 (0x036a3cb3) mulhu   s9, s4, s6
core   0: 3 0x80003f64 (0x036a3cb3) x25 0x00100052
core   0: 0x80003f68 (0x00008d6d) c.and   a0, a1
core   0: 3 0x80003f68 (0x8d6d) x10 0x00000000
core   0: 0x80003f6a (0x017a4463) blt     s4, s7, pc + 8
core   0: 3 0x80003f6a (0x017a4463)
core   0: 0x80003f72 (0x00008721) c.srai  a4, 8
core   0: 3 0x80003f72 (0x8721) x14 0x00000000
core   0: 0x80003f74 (0x00008a72) c.mv    s4, t3
core   0: 3 0x80003f74 (0x8a72) x20 0x80025ea4
core   0: 0x80003f76 (0x408ed013) srai    zero, t4, 8
core   0: 3 0x80003f76 (0x408ed013)
core   0: 0x80003f7a (0x00011333) sll     t1, sp, zero
core   0: 3 0x80003f7a (0x00011333) x6  0xfc65f358
core   0: 0x80003f7e (0x0163d0b3) srl     ra, t2, s6
core   0: 3 0x80003f7e (0x0163d0b3) x1  0x00000000
core   0: 0x80003f82 (0x00000b9e) c.slli  s7, 7
core   0: 3 0x80003f82 (0x0b9e) x23 0x00004a00
core   0: 0x80003f84 (0x01eb6663) bltu    s6, t5, pc + 12
core   0: 3 0x80003f84 (0x01eb6663)
core   0: 0x80003f88 (0x6059ed93) ori     s11, s3, 1541
core   0: 3 0x80003f88 (0x6059ed93) x27 0x00000685
core   0: 0x80003f8c (0x0189e2b3) or      t0, s3, s8
core   0: 3 0x80003f8c (0x0189e2b3) x5  0x000000e8
core   0: 0x80003f90 (0x02575f63) bge     a4, t0, pc + 62
core   0: 3 0x80003f90 (0x02575f63)
core   0: 0x80003f94 (0x00000001) c.nop
core   0: 3 0x80003f94 (0x0001)
core   0: 0x80003f96 (0x034a5733) divu    a4, s4, s4
core   0: 3 0x80003f96 (0x034a5733) x14 0x00000001
core   0: 0x80003f9a (0x026168b3) rem     a7, sp, t1
core   0: 3 0x80003f9a (0x026168b3) x17 0x00000000
core   0: 0x80003f9e (0x0000100f) fence.i
core   0: 3 0x80003f9e (0x0000100f)
core   0: 0x80003fa2 (0x0000e385) c.bnez  a5, pc + 32
core   0: 3 0x80003fa2 (0xe385)
core   0: 0x80003fa4 (0x033d30b3) mulhu   ra, s10, s3
core   0: 3 0x80003fa4 (0x033d30b3) x1  0x0000007f
core   0: 0x80003fa8 (0x000c5493) srli    s1, s8, 0
core   0: 3 0x80003fa8 (0x000c5493) x9  0x00000068
core   0: 0x80003fac (0x01da73b3) and     t2, s4, t4
core   0: 3 0x80003fac (0x01da73b3) x7  0x00000000
core   0: 0x80003fb0 (0x0000e11d) c.bnez  a0, pc + 38
core   0: 3 0x80003fb0 (0xe11d)
core   0: 0x80003fb2 (0x00000001) c.nop
core   0: 3 0x80003fb2 (0x0001)
core   0: 0x80003fb4 (0x0ff0000f) fence   iorw,iorw
core   0: 3 0x80003fb4 (0x0ff0000f)
core   0: 0x80003fb8 (0x01269563) bne     a3, s2, pc + 10
core   0: 3 0x80003fb8 (0x01269563)
core   0: 0x80003fc2 (0x005aaf33) slt     t5, s5, t0
core   0: 3 0x80003fc2 (0x005aaf33) x30 0x00000001
core   0: 0x80003fc6 (0x00000001) c.nop
core   0: 3 0x80003fc6 (0x0001)
core   0: 0x80003fc8 (0x0000009a) c.slli  ra, 6
core   0: 3 0x80003fc8 (0x009a) x1  0x00001fc0
core   0: 0x80003fca (0x00855193) srli    gp, a0, 8
core   0: 3 0x80003fca (0x00855193) x3  0x00000000
core   0: 0x80003fce (0x00cd2e93) slti    t4, s10, 12
core   0: 3 0x80003fce (0x00cd2e93) x29 0x00000001
core   0: 0x80003fd2 (0x02dc6363) bltu    s8, a3, pc + 38
core   0: 3 0x80003fd2 (0x02dc6363)
core   0: 0x80003ff8 (0x02afa8b3) mulhsu  a7, t6, a0
core   0: 3 0x80003ff8 (0x02afa8b3) x17 0x00000000
core   0: 0x80003ffc (0x41fcdab3) sra     s5, s9, t6
core   0: 3 0x80003ffc (0x41fcdab3) x21 0x00010005
core   0: 0x80004000 (0x340cecf3) csrrsi  s9, mscratch, 25
core   0: 3 0x80004000 (0x340cecf3) x25 0x00000009 c832_mscratch 0x00000019
core   0: 0x80004004 (0x6fbeea13) ori     s4, t4, 1787
core   0: 3 0x80004004 (0x6fbeea13) x20 0x000006fb
core   0: 0x80004008 (0x00008d31) c.xor   a0, a2
core   0: 3 0x80004008 (0x8d31) x10 0x00009000
core   0: 0x8000400a (0x34007673) csrrci  a2, mscratch, 0
core   0: 3 0x8000400a (0x34007673) x12 0x00000019
core   0: 0x8000400e (0x000040b1) c.li    ra, 12
core   0: 3 0x8000400e (0x40b1) x1  0x0000000c
core   0: 0x80004010 (0x0303f863) bgeu    t2, a6, pc + 48
core   0: 3 0x80004010 (0x0303f863)
core   0: 0x80004014 (0x00008aaa) c.mv    s5, a0
core   0: 3 0x80004014 (0x8aaa) x21 0x00009000
core   0: 0x80004016 (0x019b6e63) bltu    s6, s9, pc + 28
core   0: 3 0x80004016 (0x019b6e63)
core   0: 0x8000401a (0x03afe4b3) rem     s1, t6, s10
core   0: 3 0x8000401a (0x03afe4b3) x9  0xffffffa0
core   0: 0x8000401e (0x004e0db3) add     s11, t3, tp
core   0: 3 0x8000401e (0x004e0db3) x27 0x8002ca7f
core   0: 0x80004022 (0xe53e2017) auipc   zero, 0xe53e2
core   0: 3 0x80004022 (0xe53e2017)
core   0: 0x80004026 (0x4186db33) sra     s6, a3, s8
core   0: 3 0x80004026 (0x4186db33) x22 0xff80029d
core   0: 0x8000402a (0x0143d263) bge     t2, s4, pc + 4
core   0: 3 0x8000402a (0x0143d263)
core   0: 0x8000402e (0x007bb233) sltu    tp, s7, t2
core   0: 3 0x8000402e (0x007bb233) x4  0x00000000
core   0: 0x80004032 (0x00008e45) c.or    a2, s1
core   0: 3 0x80004032 (0x8e45) x12 0xffffffb9
core   0: 0x80004034 (0x00008dd5) c.or    a1, a3
core   0: 3 0x80004034 (0x8dd5) x11 0xffffbfac
core   0: 0x80004036 (0x47caee93) ori     t4, s5, 1148
core   0: 3 0x80004036 (0x47caee93) x29 0x0000947c
core   0: 0x8000403a (0xcaff3613) sltiu   a2, t5, -849
core   0: 3 0x8000403a (0xcaff3613) x12 0x00000001
core   0: 0x8000403e (0x00008c3d) c.xor   s0, a5
core   0: 3 0x8000403e (0x8c3d) x8  0x00000000
core   0: 0x80004040 (0x000098fd) c.andi  s1, -1
core   0: 3 0x80004040 (0x98fd) x9  0xffffffa0
core   0: 0x80004042 (0x0a796913) ori     s2, s2, 167
core   0: 3 0x80004042 (0x0a796913) x18 0xffffc2ef
core   0: 0x80004046 (0x0382fcb3) remu    s9, t0, s8
core   0: 3 0x80004046 (0x0382fcb3) x25 0x00000018
core   0: 0x8000404a (0x3405b2f3) csrrc   t0, mscratch, a1
core   0: 3 0x8000404a (0x3405b2f3) x5  0x00000019 c832_mscratch 0x00000011
core   0: 0x8000404e (0x00517b33) and     s6, sp, t0
core   0: 3 0x8000404e (0x00517b33) x22 0x00000018
core   0: 0x80004052 (0x00008de5) c.and   a1, s1
core   0: 3 0x80004052 (0x8de5) x11 0xffffbfa0
core   0: 0x80004054 (0x0014fa33) and     s4, s1, ra
core   0: 3 0x80004054 (0x0014fa33) x20 0x00000000
core   0: 0x80004058 (0x00f39213) slli    tp, t2, 15
core   0: 3 0x80004058 (0x00f39213) x4  0x00000000
core   0: 0x8000405c (0x02f0fc63) bgeu    ra, a5, pc + 56
core   0: 3 0x8000405c (0x02f0fc63)
core   0: 0x80004094 (0x000042ad) c.li    t0, 11
core   0: 3 0x80004094 (0x42ad) x5  0x0000000b
core   0: 0x80004096 (0x411ed4b3) sra     s1, t4, a7
core   0: 3 0x80004096 (0x411ed4b3) x9  0x0000947c
core   0: 0x8000409a (0x0387ff63) bgeu    a5, s8, pc + 62
core   0: 3 0x8000409a (0x0387ff63)
core   0: 0x8000409e (0x01b64d63) blt     a2, s11, pc + 26
core   0: 3 0x8000409e (0x01b64d63)
core   0: 0x800040a2 (0x34072d73) csrrs   s10, mscratch, a4
core   0: 3 0x800040a2 (0x34072d73) x26 0x00000011 c832_mscratch 0x00000011
core   0: 0x800040a6 (0x5734e193) ori     gp, s1, 1395
core   0: 3 0x800040a6 (0x5734e193) x3  0x0000957f
core   0: 0x800040aa (0x03693633) mulhu   a2, s2, s6
core   0: 3 0x800040aa (0x03693633) x12 0x00000017
core   0: 0x800040ae (0x007cddb3) srl     s11, s9, t2
core   0: 3 0x800040ae (0x007cddb3) x27 0x00000018
core   0: 0x800040b2 (0x00006f61) c.lui   t5, 0x18
core   0: 3 0x800040b2 (0x6f61) x30 0x00018000
core   0: 0x800040b4 (0x34051af3) csrrw   s5, mscratch, a0
core   0: 3 0x800040b4 (0x34051af3) x21 0x00000011 c832_mscratch 0x00009000
core   0: 0x800040b8 (0x01428463) beq     t0, s4, pc + 8
core   0: 3 0x800040b8 (0x01428463)
core   0: 0x800040bc (0x340c69f3) csrrsi  s3, mscratch, 24
core   0: 3 0x800040bc (0x340c69f3) x19 0x00009000 c832_mscratch 0x00009018
core   0: 0x800040c0 (0x00008e39) c.xor   a2, a4
core   0: 3 0x800040c0 (0x8e39) x12 0x00000016
core   0: 0x800040c2 (0x034ce033) rem     zero, s9, s4
core   0: 3 0x800040c2 (0x034ce033)
core   0: 0x800040c6 (0xcbfac513) xori    a0, s5, -833
core   0: 3 0x800040c6 (0xcbfac513) x10 0xfffffcae
core   0: 0x800040ca (0x000099fd) c.andi  a1, -1
core   0: 3 0x800040ca (0x99fd) x11 0xffffbfa0
core   0: 0x800040cc (0x030b44b3) div     s1, s6, a6
core   0: 3 0x800040cc (0x030b44b3) x9  0x00000000
core   0: 0x800040d0 (0x00009d9e) c.add   s11, t2
core   0: 3 0x800040d0 (0x9d9e) x27 0x00000018
core   0: 0x800040d2 (0xe7a52eb7) lui     t4, 0xe7a52
core   0: 3 0x800040d2 (0xe7a52eb7) x29 0xe7a52000
core   0: 0x800040d6 (0x00009b32) c.add   s6, a2
core   0: 3 0x800040d6 (0x9b32) x22 0x0000002e
core   0: 0x800040d8 (0x00000001) c.nop
core   0: 3 0x800040d8 (0x0001)
core   0: 0x800040da (0x04bc8063) beq     s9, a1, pc + 64
core   0: 3 0x800040da (0x04bc8063)
core   0: 0x800040de (0x02fdfd63) bgeu    s11, a5, pc + 58
core   0: 3 0x800040de (0x02fdfd63)
core   0: 0x80004118 (0x00000001) c.nop
core   0: 3 0x80004118 (0x0001)
core   0: 0x8000411a (0x404e8633) sub     a2, t4, tp
core   0: 3 0x8000411a (0x404e8633) x12 0xe7a52000
core   0: 0x8000411e (0xa60d2713) slti    a4, s10, -1440
core   0: 3 0x8000411e (0xa60d2713) x14 0x00000000
core   0: 0x80004122 (0x01d39263) bne     t2, t4, pc + 4
core   0: 3 0x80004122 (0x01d39263)
core   0: 0x80004126 (0x00000001) c.nop
core   0: 3 0x80004126 (0x0001)
core   0: 0x80004128 (0x40f708b3) sub     a7, a4, a5
core   0: 3 0x80004128 (0x40f708b3) x17 0x00000000
core   0: 0x8000412c (0x0000177d) c.addi  a4, -1
core   0: 3 0x8000412c (0x177d) x14 0xffffffff
core   0: 0x8000412e (0x00000001) c.nop
core   0: 3 0x8000412e (0x0001)
core   0: 0x80004130 (0x86958493) addi    s1, a1, -1943
core   0: 3 0x80004130 (0x86958493) x9  0xffffb809
core   0: 0x80004134 (0x6125f5b7) lui     a1, 0x6125f
core   0: 3 0x80004134 (0x6125f5b7) x11 0x6125f000
core   0: 0x80004138 (0x02affeb3) remu    t4, t6, a0
core   0: 3 0x80004138 (0x02affeb3) x29 0xf7536f04
core   0: 0x8000413c (0x00bdda33) srl     s4, s11, a1
core   0: 3 0x8000413c (0x00bdda33) x20 0x00000018
core   0: 0x80004140 (0x00625913) srli    s2, tp, 6
core   0: 3 0x80004140 (0x00625913) x18 0x00000000
core   0: 0x80004144 (0x000093d2) c.add   t2, s4
core   0: 3 0x80004144 (0x93d2) x7  0x00000018
core   0: 0x80004146 (0x0ff0000f) fence   iorw,iorw
core   0: 3 0x80004146 (0x0ff0000f)
core   0: 0x8000414a (0x34006ef3) csrrsi  t4, mscratch, 0
core   0: 3 0x8000414a (0x34006ef3) x29 0x00009018
core   0: 0x8000414e (0x40c65533) sra     a0, a2, a2
core   0: 3 0x8000414e (0x40c65533) x10 0xe7a52000
core   0: 0x80004152 (0x00008489) c.srai  s1, 2
core   0: 3 0x80004152 (0x8489) x9  0xffffee02
core   0: 0x80004154 (0x02b2adb3) mulhsu  s11, t0, a1
core   0: 3 0x80004154 (0x02b2adb3) x27 0x00000004
core   0: 0x80004158 (0x008ec463) blt     t4, s0, pc + 8
core   0: 3 0x80004158 (0x008ec463)
core   0: 0x8000415c (0x01adf533) and     a0, s11, s10
core   0: 3 0x8000415c (0x01adf533) x10 0x00000000
core   0: 0x80004160 (0x000099fd) c.andi  a1, -1
core   0: 3 0x80004160 (0x99fd) x11 0x6125f000
core   0: 0x80004162 (0x0290f363) bgeu    ra, s1, pc + 38
core   0: 3 0x80004162 (0x0290f363)
core   0: 0x80004166 (0x006b1463) bne     s6, t1, pc + 8
core   0: 3 0x80004166 (0x006b1463)
core   0: 0x8000416e (0x018819b3) sll     s3, a6, s8
core   0: 3 0x8000416e (0x018819b3) x19 0xfff88c00
core   0: 0x80004172 (0x34007773) csrrci  a4, mscratch, 0
core   0: 3 0x80004172 (0x34007773) x14 0x00009018
core   0: 0x80004176 (0x03cfd7b3) divu    a5, t6, t3
core   0: 3 0x80004176 (0x03cfd7b3) x15 0x00000001
core   0: 0x8000417a (0x00008041) c.srli  s0, 16
core   0: 3 0x8000417a (0x8041) x8  0x00000000
core   0: 0x8000417c (0x0000c305) c.beqz  a4, pc + 32
core   0: 3 0x8000417c (0xc305)
core   0: 0x8000417e (0x00000001) c.nop
core   0: 3 0x8000417e (0x0001)
core   0: 0x80004180 (0x414e8833) sub     a6, t4, s4
core   0: 3 0x80004180 (0x414e8833) x16 0x00009000
core   0: 0x80004184 (0x2a0c2393) slti    t2, s8, 672
core   0: 3 0x80004184 (0x2a0c2393) x7  0x00000001
core   0: 0x80004188 (0x00000b0a) c.slli  s6, 2
core   0: 3 0x80004188 (0x0b0a) x22 0x000000b8
core   0: 0x8000418a (0x340072f3) csrrci  t0, mscratch, 0
core   0: 3 0x8000418a (0x340072f3) x5  0x00009018
core   0: 0x8000418e (0x00008e3d) c.xor   a2, a5
core   0: 3 0x8000418e (0x8e3d) x12 0xe7a52001
core   0: 0x80004190 (0x00008221) c.srli  a2, 8
core   0: 3 0x80004190 (0x8221) x12 0x00e7a520
core   0: 0x80004192 (0x0ff0000f) fence   iorw,iorw
core   0: 3 0x80004192 (0x0ff0000f)
core   0: 0x80004196 (0x00008c09) c.sub   s0, a0
core   0: 3 0x80004196 (0x8c09) x8  0x00000000
core   0: 0x80004198 (0x340ff3f3) csrrci  t2, mscratch, 31
core   0: 3 0x80004198 (0x340ff3f3) x7  0x00009018 c832_mscratch 0x00009000
core   0: 0x8000419c (0x40395db3) sra     s11, s2, gp
core   0: 3 0x8000419c (0x40395db3) x27 0x00000000
core   0: 0x800041a0 (0x42f93b13) sltiu   s6, s2, 1071
core   0: 3 0x800041a0 (0x42f93b13) x22 0x00000001
core   0: 0x800041a4 (0x0000c319) c.beqz  a4, pc + 6
core   0: 3 0x800041a4 (0xc319)
core   0: 0x800041a6 (0x00c599b3) sll     s3, a1, a2
core   0: 3 0x800041a6 (0x00c599b3) x19 0x6125f000
core   0: 0x800041aa (0x00008ff9) c.and   a5, a4
core   0: 3 0x800041aa (0x8ff9) x15 0x00000000
core   0: 0x800041ac (0xbb07cb13) xori    s6, a5, -1104
core   0: 3 0x800041ac (0xbb07cb13) x22 0xfffffbb0
core   0: 0x800041b0 (0x00004ae9) c.li    s5, 26
core   0: 3 0x800041b0 (0x4ae9) x21 0x0000001a
core   0: 0x800041b2 (0x013b9c13) slli    s8, s7, 19
core   0: 3 0x800041b2 (0x013b9c13) x24 0x50000000
core   0: 0x800041b6 (0x409adf93) srai    t6, s5, 9
core   0: 3 0x800041b6 (0x409adf93) x31 0x00000000
core   0: 0x800041ba (0x02282033) mulhsu  zero, a6, sp
core   0: 3 0x800041ba (0x02282033)
core   0: 0x800041be (0x3400d7f3) csrrwi  a5, mscratch, 1
core   0: 3 0x800041be (0x3400d7f3) x15 0x00009000 c832_mscratch 0x00000001
core   0: 0x800041c2 (0x00008e79) c.and   a2, a4
core   0: 3 0x800041c2 (0x8e79) x12 0x00008000
core   0: 0x800041c4 (0x568b0e93) addi    t4, s6, 1384
core   0: 3 0x800041c4 (0x568b0e93) x29 0x00000118
core   0: 0x800041c8 (0x00006225) c.lui   tp, 0x9
core   0: 3 0x800041c8 (0x6225) x4  0x00009000
core   0: 0x800041ca (0x00006997) auipc   s3, 0x6
core   0: 3 0x800041ca (0x00006997) x19 0x8000a1ca
core   0: 0x800041ce (0xe4698993) addi    s3, s3, -442
core   0: 3 0x800041ce (0xe4698993) x19 0x8000a010
core   0: 0x800041d2 (0x0000037e) c.slli  t1, 31
core   0: 3 0x800041d2 (0x037e) x6  0x00000000
core   0: 0x800041d4 (0xf3d98993) addi    s3, s3, -195
core   0: 3 0x800041d4 (0xf3d98993) x19 0x80009f4d
core   0: 0x800041d8 (0x542782b7) lui     t0, 0x54278
core   0: 3 0x800041d8 (0x542782b7) x5  0x54278000
core   0: 0x800041dc (0x018f1363) bne     t5, s8, pc + 6
core   0: 3 0x800041dc (0x018f1363)
core   0: 0x800041e2 (0x0c3987e7) jalr    a5, s3, 195
core   0: 3 0x800041e2 (0x0c3987e7) x15 0x800041e6
core   0: 0x8000a010 (0x00008b51) c.andi  a4, 20
core   0: 3 0x8000a010 (0x8b51) x14 0x00000010
core   0: 0x8000a012 (0x00001e61) c.addi  t3, -8
core   0: 3 0x8000a012 (0x1e61) x28 0x80025e9c
core   0: 0x8000a014 (0x000091e2) c.add   gp, s8
core   0: 3 0x8000a014 (0x91e2) x3  0x5000957f
core   0: 0x8000a016 (0x00fe2223) sw      a5, 4(t3)
core   0: 3 0x8000a016 (0x00fe2223) mem 0x80025ea0 0x800041e6
core   0: 0x8000a01a (0x00008c91) c.sub   s1, a2
core   0: 3 0x8000a01a (0x8c91) x9  0xffff6e02
core   0: 0x8000a01c (0x4040d613) srai    a2, ra, 4
core   0: 3 0x8000a01c (0x4040d613) x12 0x00000000
core   0: 0x8000a020 (0x00008d32) c.mv    s10, a2
core   0: 3 0x8000a020 (0x8d32) x26 0x00000000
core   0: 0x8000a022 (0x340b13f3) csrrw   t2, mscratch, s6
core   0: 3 0x8000a022 (0x340b13f3) x7  0x00000001 c832_mscratch 0xfffffbb0
core   0: 0x8000a026 (0x00008a59) c.andi  a2, 22
core   0: 3 0x8000a026 (0x8a59) x12 0x00000000
core   0: 0x8000a028 (0x3b19fd13) andi    s10, s3, 945
core   0: 3 0x8000a028 (0x3b19fd13) x26 0x00000301
core   0: 0x8000a02c (0x0000827a) c.mv    tp, t5
core   0: 3 0x8000a02c (0x827a) x4  0x00018000
core   0: 0x8000a02e (0x00008655) c.srai  a2, 21
core   0: 3 0x8000a02e (0x8655) x12 0x00000000
core   0: 0x8000a030 (0x0ff0000f) fence   iorw,iorw
core   0: 3 0x8000a030 (0x0ff0000f)
core   0: 0x8000a034 (0x00009bfd) c.andi  a5, -1
core   0: 3 0x8000a034 (0x9bfd) x15 0x800041e6
core   0: 0x8000a036 (0x002cb233) sltu    tp, s9, sp
core   0: 3 0x8000a036 (0x002cb233) x4  0x00000001
core   0: 0x8000a03a (0x4095d993) srai    s3, a1, 9
core   0: 3 0x8000a03a (0x4095d993) x19 0x003092f8
core   0: 0x8000a03e (0x00008d49) c.or    a0, a0
core   0: 3 0x8000a03e (0x8d49) x10 0x00000000
core   0: 0x8000a040 (0x00000a97) auipc   s5, 0x0
core   0: 3 0x8000a040 (0x00000a97) x21 0x8000a040
core   0: 0x8000a044 (0x4b6a8a93) addi    s5, s5, 1206
core   0: 3 0x8000a044 (0x4b6a8a93) x21 0x8000a4f6
core   0: 0x8000a048 (0x359a8a93) addi    s5, s5, 857
core   0: 3 0x8000a048 (0x359a8a93) x21 0x8000a84f
core   0: 0x8000a04c (0x000087a6) c.mv    a5, s1
core   0: 3 0x8000a04c (0x87a6) x15 0xffff6e02
core   0: 0x8000a04e (0xca8a87e7) jalr    a5, s5, -856
core   0: 3 0x8000a04e (0xca8a87e7) x15 0x8000a052
core   0: 0x8000a4f6 (0x00c1aa33) slt     s4, gp, a2
core   0: 3 0x8000a4f6 (0x00c1aa33) x20 0x00000000
core   0: 0x8000a4fa (0x00001afd) c.addi  s5, -1
core   0: 3 0x8000a4fa (0x1afd) x21 0x8000a84e
core   0: 0x8000a4fc (0xff6a0813) addi    a6, s4, -10
core   0: 3 0x8000a4fc (0xff6a0813) x16 0xfffffff6
core   0: 0x8000a500 (0x0108c463) blt     a7, a6, pc + 8
core   0: 3 0x8000a500 (0x0108c463)
core   0: 0x8000a504 (0x0000100f) fence.i
core   0: 3 0x8000a504 (0x0000100f)
core   0: 0x8000a508 (0x00001e61) c.addi  t3, -8
core   0: 3 0x8000a508 (0x1e61) x28 0x80025e94
core   0: 0x8000a50a (0x55a13893) sltiu   a7, sp, 1370
core   0: 3 0x8000a50a (0x55a13893) x17 0x00000000
core   0: 0x8000a50e (0x00fe2223) sw      a5, 4(t3)
core   0: 3 0x8000a50e (0x00fe2223) mem 0x80025e98 0x8000a052
core   0: 0x8000a512 (0x000019fd) c.addi  s3, -1
core   0: 3 0x8000a512 (0x19fd) x19 0x003092f7
core   0: 0x8000a514 (0x00000001) c.nop
core   0: 3 0x8000a514 (0x0001)
core   0: 0x8000a516 (0x34056df3) csrrsi  s11, mscratch, 10
core   0: 3 0x8000a516 (0x34056df3) x27 0xfffffbb0 c832_mscratch 0xfffffbba
core   0: 0x8000a51a (0x00165733) srl     a4, a2, ra
core   0: 3 0x8000a51a (0x00165733) x14 0x00000000
core   0: 0x8000a51e (0x00008dd5) c.or    a1, a3
core   0: 3 0x8000a51e (0x8dd5) x11 0xe127fd24
core   0: 0x8000a520 (0x00008b4d) c.andi  a4, 19
core   0: 3 0x8000a520 (0x8b4d) x14 0x00000000
core   0: 0x8000a522 (0x340021f3) csrr    gp, mscratch
core   0: 3 0x8000a522 (0x340021f3) x3  0xfffffbba
core   0: 0x8000a526 (0x0247f0b3) remu    ra, a5, tp
core   0: 3 0x8000a526 (0x0247f0b3) x1  0x00000000
core   0: 0x8000a52a (0x0197ee63) bltu    a5, s9, pc + 28
core   0: 3 0x8000a52a (0x0197ee63)
core   0: 0x8000a52e (0x017417b3) sll     a5, s0, s7
core   0: 3 0x8000a52e (0x017417b3) x15 0x00000000
core   0: 0x8000a532 (0x034eaab3) mulhsu  s5, t4, s4
core   0: 3 0x8000a532 (0x034eaab3) x21 0x00000000
core   0: 0x8000a536 (0xc443cc13) xori    s8, t2, -956
core   0: 3 0x8000a536 (0xc443cc13) x24 0xfffffc45
core   0: 0x8000a53a (0x340077f3) csrrci  a5, mscratch, 0
core   0: 3 0x8000a53a (0x340077f3) x15 0xfffffbba
core   0: 0x8000a53e (0x0ff0000f) fence   iorw,iorw
core   0: 3 0x8000a53e (0x0ff0000f)
core   0: 0x8000a542 (0x0072b233) sltu    tp, t0, t2
core   0: 3 0x8000a542 (0x0072b233) x4  0x00000000
core   0: 0x8000a546 (0xa4dff7ef) jal     a5, pc - 0x5b4
core   0: 3 0x8000a546 (0xa4dff7ef) x15 0x8000a54a
core   0: 0x80009f92 (0xfd0e0e13) addi    t3, t3, -48
core   0: 3 0x80009f92 (0xfd0e0e13) x28 0x80025e64
core   0: 0x80009f96 (0x021f5eb3) divu    t4, t5, ra
core   0: 3 0x80009f96 (0x021f5eb3) x29 0xffffffff
core   0: 0x80009f9a (0x00fe2223) sw      a5, 4(t3)
core   0: 3 0x80009f9a (0x00fe2223) mem 0x80025e68 0x8000a54a
core   0: 0x80009f9e (0x78cca513) slti    a0, s9, 1932
core   0: 3 0x80009f9e (0x78cca513) x10 0x00000001
core   0: 0x80009fa2 (0x00000001) c.nop
core   0: 3 0x80009fa2 (0x0001)
core   0: 0x80009fa4 (0x340fac73) csrrs   s8, mscratch, t6
core   0: 3 0x80009fa4 (0x340fac73) x24 0xfffffbba c832_mscratch 0xfffffbba
core   0: 0x80009fa8 (0x02350c33) mul     s8, a0, gp
core   0: 3 0x80009fa8 (0x02350c33) x24 0xfffffbba
core   0: 0x80009fac (0x02e9e533) rem     a0, s3, a4
core   0: 3 0x80009fac (0x02e9e533) x10 0x003092f7
core   0: 0x80009fb0 (0x00001497) auipc   s1, 0x1
core   0: 3 0x80009fb0 (0x00001497) x9  0x8000afb0
core   0: 0x80009fb4 (0x65a48493) addi    s1, s1, 1626
core   0: 3 0x80009fb4 (0x65a48493) x9  0x8000b60a
core   0: 0x80009fb8 (0x4339f393) andi    t2, s3, 1075
core   0: 3 0x80009fb8 (0x4339f393) x7  0x00000033
core   0: 0x80009fbc (0xd5148493) addi    s1, s1, -687
core   0: 3 0x80009fbc (0xd5148493) x9  0x8000b35b
core   0: 0x80009fc0 (0x03fc6a33) rem     s4, s8, t6
core   0: 3 0x80009fc0 (0x03fc6a33) x20 0xfffffbba
core   0: 0x80009fc4 (0x010e71b3) and     gp, t3, a6
core   0: 3 0x80009fc4 (0x010e71b3) x3  0x80025e64
core   0: 0x80009fc8 (0x2b0487e7) jalr    a5, s1, 688
core   0: 3 0x80009fc8 (0x2b0487e7) x15 0x80009fcc
core   0: 0x8000b60a (0x0000c109) c.beqz  a0, pc + 2
core   0: 3 0x8000b60a (0xc109)
core   0: 0x8000b60c (0xfc0e0e13) addi    t3, t3, -64
core   0: 3 0x8000b60c (0xfc0e0e13) x28 0x80025e24
core   0: 0x8000b610 (0x34003a73) csrrc   s4, mscratch, zero
core   0: 3 0x8000b610 (0x34003a73) x20 0xfffffbba
core   0: 0x8000b614 (0x00008dcd) c.or    a1, a1
core   0: 3 0x8000b614 (0x8dcd) x11 0xe127fd24
core   0: 0x8000b616 (0x00fe2223) sw      a5, 4(t3)
core   0: 3 0x8000b616 (0x00fe2223) mem 0x80025e28 0x80009fcc
core   0: 0x8000b61a (0x00049533) sll     a0, s1, zero
core   0: 3 0x8000b61a (0x00049533) x10 0x8000b35b
core   0: 0x8000b61e (0x031faf33) mulhsu  t5, t6, a7
core   0: 3 0x8000b61e (0x031faf33) x30 0x00000000
core   0: 0x8000b622 (0x01f52b33) slt     s6, a0, t6
core   0: 3 0x8000b622 (0x01f52b33) x22 0x00000001
core   0: 0x8000b626 (0x00000001) c.nop
core   0: 3 0x8000b626 (0x0001)
core   0: 0x8000b628 (0x34007a73) csrrci  s4, mscratch, 0
core   0: 3 0x8000b628 (0x34007a73) x20 0xfffffbba
core   0: 0x8000b62c (0xfffff617) auipc   a2, 0xfffff
core   0: 3 0x8000b62c (0xfffff617) x12 0x8000a62c
core   0: 0x8000b630 (0x0ce60613) addi    a2, a2, 206
core   0: 3 0x8000b630 (0x0ce60613) x12 0x8000a6fa
core   0: 0x8000b634 (0x0000100f) fence.i
core   0: 3 0x8000b634 (0x0000100f)
core   0: 0x8000b638 (0xef760613) addi    a2, a2, -265
core   0: 3 0x8000b638 (0xef760613) x12 0x8000a5f1
core   0: 0x8000b63c (0x016c13b3) sll     t2, s8, s6
core   0: 3 0x8000b63c (0x016c13b3) x7  0xfffff774
core   0: 0x8000b640 (0x329c3a93) sltiu   s5, s8, 809
core   0: 3 0x8000b640 (0x329c3a93) x21 0x00000000
core   0: 0x8000b644 (0x00009b4a) c.add   s6, s2
core   0: 3 0x8000b644 (0x9b4a) x22 0x00000001
core   0: 0x8000b646 (0x01bd7463) bgeu    s10, s11, pc + 8
core   0: 3 0x8000b646 (0x01bd7463)
core   0: 0x8000b64a (0x0ff0000f) fence   iorw,iorw
core   0: 3 0x8000b64a (0x0ff0000f)
core   0: 0x8000b64e (0x10a607e7) jalr    a5, a2, 266
core   0: 3 0x8000b64e (0x10a607e7) x15 0x8000b652
core   0: 0x8000a6fa (0x00008d49) c.or    a0, a0
core   0: 3 0x8000a6fa (0x8d49) x10 0x8000b35b
core   0: 0x8000a6fc (0x01e61c33) sll     s8, a2, t5
core   0: 3 0x8000a6fc (0x01e61c33) x24 0x8000a5f1
core   0: 0x8000a700 (0x01b10263) beq     sp, s11, pc + 4
core   0: 3 0x8000a700 (0x01b10263)
core   0: 0x8000a704 (0x00001e21) c.addi  t3, -24
core   0: 3 0x8000a704 (0x1e21) x28 0x80025e0c
core   0: 0x8000a706 (0x00008c0d) c.sub   s0, a1
core   0: 3 0x8000a706 (0x8c0d) x8  0x1ed802dc
core   0: 0x8000a708 (0xad623813) sltiu   a6, tp, -1322
core   0: 3 0x8000a708 (0xad623813) x16 0x00000001
core   0: 0x8000a70c (0x00008621) c.srai  a2, 8
core   0: 3 0x8000a70c (0x8621) x12 0xff8000a5
core   0: 0x8000a70e (0x00008b36) c.mv    s6, a3
core   0: 3 0x8000a70e (0x8b36) x22 0x80029d24
core   0: 0x8000a710 (0x00008e21) c.xor   a2, s0
core   0: 3 0x8000a710 (0x8e21) x12 0xe1580279
core   0: 0x8000a712 (0x00fe2223) sw      a5, 4(t3)
core   0: 3 0x8000a712 (0x00fe2223) mem 0x80025e10 0x8000b652
core   0: 0x8000a716 (0x0000100f) fence.i
core   0: 3 0x8000a716 (0x0000100f)
core   0: 0x8000a71a (0x7b5ba493) slti    s1, s7, 1973
core   0: 3 0x8000a71a (0x7b5ba493) x9  0x00000000
core   0: 0x8000a71e (0x53913f93) sltiu   t6, sp, 1337
core   0: 3 0x8000a71e (0x53913f93) x31 0x00000000
core   0: 0x8000a722 (0x00014797) auipc   a5, 0x14
core   0: 3 0x8000a722 (0x00014797) x15 0x8001e722
core   0: 0x8000a726 (0x26c78793) addi    a5, a5, 620
core   0: 3 0x8000a726 (0x26c78793) x15 0x8001e98e
core   0: 0x8000a72a (0x61cd3993) sltiu   s3, s10, 1564
core   0: 3 0x8000a72a (0x61cd3993) x19 0x00000001
core   0: 0x8000a72e (0x1a77c583) lbu     a1, 423(a5)
core   0: 3 0x8000a72e (0x1a77c583) x11 0x00000073 mem 0x8001eb35
core   0: 0x8000a732 (0x413ddd93) srai    s11, s11, 19
core   0: 3 0x8000a732 (0x413ddd93) x27 0xffffffff
core   0: 0x8000a736 (0x021703b3) mul     t2, a4, ra
core   0: 3 0x8000a736 (0x021703b3) x7  0x00000000
core   0: 0x8000a73a (0x00c079b3) and     s3, zero, a2
core   0: 3 0x8000a73a (0x00c079b3) x19 0x00000000
core   0: 0x8000a73e (0xa6197d13) andi    s10, s2, -1439
core   0: 3 0x8000a73e (0xa6197d13) x26 0x00000000
core   0: 0x8000a742 (0x3217c903) lbu     s2, 801(a5)
core   0: 3 0x8000a742 (0x3217c903) x18 0x0000003c mem 0x8001ecaf
core   0: 0x8000a746 (0x01e8c033) xor     zero, a7, t5
core   0: 3 0x8000a746 (0x01e8c033)
core   0: 0x8000a74a (0x98578123) sb      t0, -1662(a5)
core   0: 3 0x8000a74a (0x98578123) mem 0x8001e310 0x00
core   0: 0x8000a74e (0xdfb1cf37) lui     t5, 0xdfb1c
core   0: 3 0x8000a74e (0xdfb1cf37) x30 0xdfb1c000
core   0: 0x8000a752 (0x00669493) slli    s1, a3, 6
core   0: 3 0x8000a752 (0x00669493) x9  0x00a74900
core   0: 0x8000a756 (0x27d78983) lb      s3, 637(a5)
core   0: 3 0x8000a756 (0x27d78983) x19 0x00000018 mem 0x8001ec0b
core   0: 0x8000a75a (0x00008c9d) c.sub   s1, a5
core   0: 3 0x8000a75a (0x8c9d) x9  0x80a55f72
core   0: 0x8000a75c (0x09778823) sb      s7, 144(a5)
core   0: 3 0x8000a75c (0x09778823) mem 0x8001ea1e 0x00
core   0: 0x8000a760 (0x00009e8a) c.add   t4, sp
core   0: 3 0x8000a760 (0x9e8a) x29 0xfc65f357
core   0: 0x8000a762 (0x00b94f33) xor     t5, s2, a1
core   0: 3 0x8000a762 (0x00b94f33) x30 0x0000004f
core   0: 0x8000a766 (0x340033f3) csrrc   t2, mscratch, zero
core   0: 3 0x8000a766 (0x340033f3) x7  0xfffffbba
core   0: 0x8000a76a (0x005c65b3) or      a1, s8, t0
core   0: 3 0x8000a76a (0x005c65b3) x11 0xd427a5f1
core   0: 0x8000a76e (0x00008219) c.srli  a2, 6
core   0: 3 0x8000a76e (0x8219) x12 0x03856009
core   0: 0x8000a770 (0xc13781a3) sb      s3, -1021(a5)
core   0: 3 0x8000a770 (0xc13781a3) mem 0x8001e591 0x18
core   0: 0x8000a774 (0x18f7cf03) lbu     t5, 399(a5)
core   0: 3 0x8000a774 (0x18f7cf03) x30 0x000000c9 mem 0x8001eb1d
core   0: 0x8000a778 (0xc067d383) lhu     t2, -1018(a5)
core   0: 3 0x8000a778 (0xc067d383) x7  0x0000d2c7 mem 0x8001e594
core   0: 0x8000a77c (0x01101e93) slli    t4, zero, 17
core   0: 3 0x8000a77c (0x01101e93) x29 0x00000000
core   0: 0x8000a780 (0x018fa433) slt     s0, t6, s8
core   0: 3 0x8000a780 (0x018fa433) x8  0x00000000
core   0: 0x8000a784 (0x34005873) csrrwi  a6, mscratch, 0
core   0: 3 0x8000a784 (0x34005873) x16 0xfffffbba c832_mscratch 0x00000000
core   0: 0x8000a788 (0x34006373) csrrsi  t1, mscratch, 0
core   0: 3 0x8000a788 (0x34006373) x6  0x00000000
core   0: 0x8000a78c (0x7d87da83) lhu     s5, 2008(a5)
core   0: 3 0x8000a78c (0x7d87da83) x21 0x0000beb6 mem 0x8001f166
core   0: 0x8000a790 (0x037b1933) mulh    s2, s6, s7
core   0: 3 0x8000a790 (0x037b1933) x18 0xffffdb00
core   0: 0x8000a794 (0xbfe7a123) sw      t5, -1054(a5)
core   0: 3 0x8000a794 (0xbfe7a123) mem 0x8001e570 0x000000c9
core   0: 0x8000a798 (0xff678803) lb      a6, -10(a5)
core   0: 3 0x8000a798 (0xff678803) x16 0xffffffce mem 0x8001e984
core   0: 0x8000a79c (0x340032f3) csrrc   t0, mscratch, zero
core   0: 3 0x8000a79c (0x340032f3) x5  0x00000000
core   0: 0x8000a7a0 (0x00008f61) c.and   a4, s0
core   0: 3 0x8000a7a0 (0x8f61) x14 0x00000000
core   0: 0x8000a7a2 (0x00005a7d) c.li    s4, -1
core   0: 3 0x8000a7a2 (0x5a7d) x20 0xffffffff
core   0: 0x8000a7a4 (0x01503813) sltiu   a6, zero, 21
core   0: 3 0x8000a7a4 (0x01503813) x16 0x00000001
core   0: 0x8000a7a8 (0x00008dd5) c.or    a1, a3
core   0: 3 0x8000a7a8 (0x8dd5) x11 0xd427bdf5
core   0: 0x8000a7aa (0x667782a3) sb      t2, 1637(a5)
core   0: 3 0x8000a7aa (0x667782a3) mem 0x8001eff3 0xc7
core   0: 0x8000a7ae (0x00d732b3) sltu    t0, a4, a3
core   0: 3 0x8000a7ae (0x00d732b3) x5  0x00000001
core   0: 0x8000a7b2 (0xc917c003) lbu     zero, -879(a5)
core   0: 3 0x8000a7b2 (0xc917c003) mem 0x8001e61f
core   0: 0x8000a7b6 (0x91279323) sh      s2, -1786(a5)
core   0: 3 0x8000a7b6 (0x91279323) mem 0x8001e294 0xdb00
core   0: 0x8000a7ba (0x34002873) csrr    a6, mscratch
core   0: 3 0x8000a7ba (0x34002873) x16 0x00000000
core   0: 0x8000a7be (0x697ce493) ori     s1, s9, 1687
core   0: 3 0x8000a7be (0x697ce493) x9  0x0000069f
core   0: 0x8000a7c2 (0x63079303) lh      t1, 1584(a5)
core   0: 3 0x8000a7c2 (0x63079303) x6  0xffffcb7b mem 0x8001efbe
core   0: 0x8000a7c6 (0x00006f31) c.lui   t5, 0xc
core   0: 3 0x8000a7c6 (0x6f31) x30 0x0000c000
core   0: 0x8000a7c8 (0xc4278ba3) sb      sp, -937(a5)
core   0: 3 0x8000a7c8 (0xc4278ba3) mem 0x8001e5e5 0x58
core   0: 0x8000a7cc (0x025b4c33) div     s8, s6, t0
core   0: 3 0x8000a7cc (0x025b4c33) x24 0x80029d24
core   0: 0x8000a7d0 (0x00bdabb3) slt     s7, s11, a1
core   0: 3 0x8000a7d0 (0x00bdabb3) x23 0x00000000
core   0: 0x8000a7d4 (0x6e978483) lb      s1, 1769(a5)
core   0: 3 0x8000a7d4 (0x6e978483) x9  0xffffff9a mem 0x8001f077
core   0: 0x8000a7d8 (0x0000b097) auipc   ra, 0xb
core   0: 3 0x8000a7d8 (0x0000b097) x1  0x800157d8
core   0: 0x8000a7dc (0x7d608093) addi    ra, ra, 2006
core   0: 3 0x8000a7dc (0x7d608093) x1  0x80015fae
core   0: 0x8000a7e0 (0x0000100f) fence.i
core   0: 3 0x8000a7e0 (0x0000100f)
core   0: 0x8000a7e4 (0x3790c503) lbu     a0, 889(ra)
core   0: 3 0x8000a7e4 (0x3790c503) x10 0x00000014 mem 0x80016327
core   0: 0x8000a7e8 (0x0000100f) fence.i
core   0: 3 0x8000a7e8 (0x0000100f)
core   0: 0x8000a7ec (0x0000875d) c.srai  a4, 23
core   0: 3 0x8000a7ec (0x875d) x14 0x00000000
core   0: 0x8000a7ee (0xf410cd03) lbu     s10, -191(ra)
core   0: 3 0x8000a7ee (0xf410cd03) x26 0x00000046 mem 0x80015eef
core   0: 0x8000a7f2 (0xb9f085a3) sb      t6, -1141(ra)
core   0: 3 0x8000a7f2 (0xb9f085a3) mem 0x80015b39 0x00
core   0: 0x8000a7f6 (0xc4908fa3) sb      s1, -929(ra)
core   0: 3 0x8000a7f6 (0xc4908fa3) mem 0x80015c0d 0x9a
core   0: 0x8000a7fa (0x4d80df03) lhu     t5, 1240(ra)
core   0: 3 0x8000a7fa (0x4d80df03) x30 0x0000fc18 mem 0x80016486
core   0: 0x8000a7fe (0x00000b6e) c.slli  s6, 27
core   0: 3 0x8000a7fe (0x0b6e) x22 0x20000000
core   0: 0x8000a800 (0x00569733) sll     a4, a3, t0
core   0: 3 0x8000a800 (0x00569733) x14 0x00053a48
core   0: 0x8000a804 (0x4c508c03) lb      s8, 1221(ra)
core   0: 3 0x8000a804 (0x4c508c03) x24 0x0000004a mem 0x80016473
core   0: 0x8000a808 (0x03814633) div     a2, sp, s8
core   0: 3 0x8000a808 (0x03814633) x12 0xfff38a36
core   0: 0x8000a80c (0xcc43af37) lui     t5, 0xcc43a
core   0: 3 0x8000a80c (0xcc43af37) x30 0xcc43a000
core   0: 0x8000a810 (0x00008e31) c.xor   a2, a2
core   0: 3 0x8000a810 (0x8e31) x12 0x00000000
core   0: 0x8000a812 (0x40ae5c33) sra     s8, t3, a0
core   0: 3 0x8000a812 (0x40ae5c33) x24 0xfffff800
core   0: 0x8000a816 (0x3bc08f83) lb      t6, 956(ra)
core   0: 3 0x8000a816 (0x3bc08f83) x31 0x00000035 mem 0x8001636a
core   0: 0x8000a81a (0x03a0d733) divu    a4, ra, s10
core   0: 3 0x8000a81a (0x03a0d733) x14 0x01d42247
core   0: 0x8000a81e (0x91b08783) lb      a5, -1765(ra)
core   0: 3 0x8000a81e (0x91b08783) x15 0xffffff86 mem 0x800158c9
core   0: 0x8000a822 (0x340e9ef3) csrrw   t4, mscratch, t4
core   0: 3 0x8000a822 (0x340e9ef3) x29 0x00000000 c832_mscratch 0x00000000
core   0: 0x8000a826 (0x00009bfd) c.andi  a5, -1
core   0: 3 0x8000a826 (0x9bfd) x15 0xffffff86
core   0: 0x8000a828 (0x42f30993) addi    s3, t1, 1071
core   0: 3 0x8000a828 (0x42f30993) x19 0xffffcfaa
core   0: 0x8000a82c (0x340827f3) csrrs   a5, mscratch, a6
core   0: 3 0x8000a82c (0x340827f3) x15 0x00000000 c832_mscratch 0x00000000
core   0: 0x8000a830 (0x0000093a) c.slli  s2, 14
core   0: 3 0x8000a830 (0x093a) x18 0xf6c00000
core   0: 0x8000a832 (0x34051ff3) csrrw   t6, mscratch, a0
core   0: 3 0x8000a832 (0x34051ff3) x31 0x00000000 c832_mscratch 0x00000014
core   0: 0x8000a836 (0x00000001) c.nop
core   0: 3 0x8000a836 (0x0001)
core   0: 0x8000a838 (0x00000001) c.nop
core   0: 3 0x8000a838 (0x0001)
core   0: 0x8000a83a (0xf820c383) lbu     t2, -126(ra)
core   0: 3 0x8000a83a (0xf820c383) x7  0x0000001d mem 0x80015f30
core   0: 0x8000a83e (0x000083dd) c.srli  a5, 23
core   0: 3 0x8000a83e (0x83dd) x15 0x00000000
core   0: 0x8000a840 (0x02a927b3) mulhsu  a5, s2, a0
core   0: 3 0x8000a840 (0x02a927b3) x15 0xffffffff
core   0: 0x8000a844 (0x970082a3) sb      a6, -1691(ra)
core   0: 3 0x8000a844 (0x970082a3) mem 0x80015913 0x00
core   0: 0x8000a848 (0x69a0d703) lhu     a4, 1690(ra)
core   0: 3 0x8000a848 (0x69a0d703) x14 0x0000f385 mem 0x80016648
core   0: 0x8000a84c (0x00008d21) c.xor   a0, s0
core   0: 3 0x8000a84c (0x8d21) x10 0x00000014
core   0: 0x8000a84e (0x2bc0c883) lbu     a7, 700(ra)
core   0: 3 0x8000a84e (0x2bc0c883) x17 0x00000072 mem 0x8001626a
core   0: 0x8000a852 (0x0000057e) c.slli  a0, 31
core   0: 3 0x8000a852 (0x057e) x10 0x00000000
core   0: 0x8000a854 (0x10f92c13) slti    s8, s2, 271
core   0: 3 0x8000a854 (0x10f92c13) x24 0x00000001
core   0: 0x8000a858 (0x45c0ce83) lbu     t4, 1116(ra)
core   0: 3 0x8000a858 (0x45c0ce83) x29 0x00000028 mem 0x8001640a
core   0: 0x8000a85c (0x00006b97) auipc   s7, 0x6
core   0: 3 0x8000a85c (0x00006b97) x23 0x8001085c
core   0: 0x8000a860 (0xb92b8b93) addi    s7, s7, -1134
core   0: 3 0x8000a860 (0xb92b8b93) x23 0x800103ee
core   0: 0x8000a864 (0x02d250b3) divu    ra, tp, a3
core   0: 3 0x8000a864 (0x02d250b3) x1  0x00000000
core   0: 0x8000a868 (0x6d3bcb03) lbu     s6, 1747(s7)
core   0: 3 0x8000a868 (0x6d3bcb03) x22 0x00000047 mem 0x80010ac1
core   0: 0x8000a86c (0x02ce5eb3) divu    t4, t3, a2
core   0: 3 0x8000a86c (0x02ce5eb3) x29 0xffffffff
core   0: 0x8000a870 (0x481bcd83) lbu     s11, 1153(s7)
core   0: 3 0x8000a870 (0x481bcd83) x27 0x000000e5 mem 0x8001086f
core   0: 0x8000a874 (0x41e107b3) sub     a5, sp, t5
core   0: 3 0x8000a874 (0x41e107b3) x15 0x30225358
core   0: 0x8000a878 (0x2819af13) slti    t5, s3, 641
core   0: 3 0x8000a878 (0x2819af13) x30 0x00000001
core   0: 0x8000a87c (0x01716433) or      s0, sp, s7
core   0: 3 0x8000a87c (0x01716433) x8  0xfc65f3fe
core   0: 0x8000a880 (0x714b81a3) sb      s4, 1795(s7)
core   0: 3 0x8000a880 (0x714b81a3) mem 0x80010af1 0xff
core   0: 0x8000a884 (0xd6cbd883) lhu     a7, -660(s7)
core   0: 3 0x8000a884 (0xd6cbd883) x17 0x000030e1 mem 0x8001015a
core   0: 0x8000a888 (0x000085cd) c.srai  a1, 19
core   0: 3 0x8000a888 (0x85cd) x11 0xfffffa84
core   0: 0x8000a88a (0x0000527d) c.li    tp, -1
core   0: 3 0x8000a88a (0x527d) x4  0xffffffff
core   0: 0x8000a88c (0xefcb9c23) sh      t3, -264(s7)
core   0: 3 0x8000a88c (0xefcb9c23) mem 0x800102e6 0x5e0c
core   0: 0x8000a890 (0x432bcf83) lbu     t6, 1074(s7)
core   0: 3 0x8000a890 (0x432bcf83) x31 0x00000070 mem 0x80010820
core   0: 0x8000a894 (0x00444c33) xor     s8, s0, tp
core   0: 3 0x8000a894 (0x00444c33) x24 0x039a0c01
core   0: 0x8000a898 (0xd91b80a3) sb      a7, -639(s7)
core   0: 3 0x8000a898 (0xd91b80a3) mem 0x8001016f 0xe1
core   0: 0x8000a89c (0x634b8aa3) sb      s4, 1589(s7)
core   0: 3 0x8000a89c (0x634b8aa3) mem 0x80010a23 0xff
core   0: 0x8000a8a0 (0x03e72b33) mulhsu  s6, a4, t5
core   0: 3 0x8000a8a0 (0x03e72b33) x22 0x00000000
core   0: 0x8000a8a4 (0x00008021) c.srli  s0, 8
core   0: 3 0x8000a8a4 (0x8021) x8  0x00fc65f3
core   0: 0x8000a8a6 (0x612b84a3) sb      s2, 1545(s7)
core   0: 3 0x8000a8a6 (0x612b84a3) mem 0x800109f7 0x00
core   0: 0x8000a8aa (0x00006fa5) c.lui   t6, 0x9
core   0: 3 0x8000a8aa (0x6fa5) x31 0x00009000
core   0: 0x8000a8ac (0x0ff0000f) fence   iorw,iorw
core   0: 3 0x8000a8ac (0x0ff0000f)
core   0: 0x8000a8b0 (0x00000001) c.nop
core   0: 3 0x8000a8b0 (0x0001)
core   0: 0x8000a8b2 (0x69fbcc83) lbu     s9, 1695(s7)
core   0: 3 0x8000a8b2 (0x69fbcc83) x25 0x000000f7 mem 0x80010a8d
core   0: 0x8000a8b6 (0x6c7bc403) lbu     s0, 1735(s7)
core   0: 3 0x8000a8b6 (0x6c7bc403) x8  0x000000d7 mem 0x80010ab5
core   0: 0x8000a8ba (0x00008e3d) c.xor   a2, a5
core   0: 3 0x8000a8ba (0x8e3d) x12 0x30225358
core   0: 0x8000a8bc (0x00009762) c.add   a4, s8
core   0: 3 0x8000a8bc (0x9762) x14 0x039aff86
core   0: 0x8000a8be (0x02c2ccb3) div     s9, t0, a2
core   0: 3 0x8000a8be (0x02c2ccb3) x25 0x00000000
core   0: 0x8000a8c2 (0xe20bd403) lhu     s0, -480(s7)
core   0: 3 0x8000a8c2 (0xe20bd403) x8  0x0000f5bf mem 0x8001020e
core   0: 0x8000a8c6 (0x41fd80b3) sub     ra, s11, t6
core   0: 3 0x8000a8c6 (0x41fd80b3) x1  0xffff70e5
core   0: 0x8000a8ca (0x6a8b9d23) sh      s0, 1722(s7)
core   0: 3 0x8000a8ca (0x6a8b9d23) mem 0x80010aa8 0xf5bf
core   0: 0x8000a8ce (0x0161e8b3) or      a7, gp, s6
core   0: 3 0x8000a8ce (0x0161e8b3) x17 0x80025e64
core   0: 0x8000a8d2 (0x01274533) xor     a0, a4, s2
core   0: 3 0x8000a8d2 (0x01274533) x10 0xf55aff86
core   0: 0x8000a8d6 (0x288bdd83) lhu     s11, 648(s7)
core   0: 3 0x8000a8d6 (0x288bdd83) x27 0x00004483 mem 0x80010676
core   0: 0x8000a8da (0x7efbc783) lbu     a5, 2031(s7)
core   0: 3 0x8000a8da (0x7efbc783) x15 0x0000004c mem 0x80010bdd
core   0: 0x8000a8de (0x700b9c23) sh      zero, 1816(s7)
core   0: 3 0x8000a8de (0x700b9c23) mem 0x80010b06 0x0000
core   0: 0x8000a8e2 (0x00f52ab3) slt     s5, a0, a5
core   0: 3 0x8000a8e2 (0x00f52ab3) x21 0x00000001
core   0: 0x8000a8e6 (0x3a2b8d23) sb      sp, 954(s7)
core   0: 3 0x8000a8e6 (0x3a2b8d23) mem 0x800107a8 0x58
core   0: 0x8000a8ea (0xf66ba903) lw      s2, -154(s7)
core   0: 3 0x8000a8ea (0xf66ba903) x18 0x0d8e93c1 mem 0x80010354
core   0: 0x8000a8ee (0x26cb9f03) lh      t5, 620(s7)
core   0: 3 0x8000a8ee (0x26cb9f03) x30 0xfffff4db mem 0x8001065a
core   0: 0x8000a8f2 (0xda7b84a3) sb      t2, -599(s7)
core   0: 3 0x8000a8f2 (0xda7b84a3) mem 0x80010197 0x1d
core   0: 0x8000a8f6 (0xdc4b8823) sb      tp, -560(s7)
core   0: 3 0x8000a8f6 (0xdc4b8823) mem 0x800101be 0xff
core   0: 0x8000a8fa (0x598b9783) lh      a5, 1432(s7)
core   0: 3 0x8000a8fa (0x598b9783) x15 0x00004344 mem 0x80010986
core   0: 0x8000a8fe (0x00008c5d) c.or    s0, a5
core   0: 3 0x8000a8fe (0x8c5d) x8  0x0000f7ff
core   0: 0x8000a900 (0x14ebde83) lhu     t4, 334(s7)
core   0: 3 0x8000a900 (0x14ebde83) x29 0x0000fb8a mem 0x8001053c
core   0: 0x8000a904 (0x340fe673) csrrsi  a2, mscratch, 31
core   0: 3 0x8000a904 (0x340fe673) x12 0x00000014 c832_mscratch 0x0000001f
core   0: 0x8000a908 (0x00192d33) slt     s10, s2, ra
core   0: 3 0x8000a908 (0x00192d33) x26 0x00000000
core   0: 0x8000a90c (0x00000825) c.addi  a6, 9
core   0: 3 0x8000a90c (0x0825) x16 0x00000009
core   0: 0x8000a90e (0x3f1b8c83) lb      s9, 1009(s7)
core   0: 3 0x8000a90e (0x3f1b8c83) x25 0x0000001e mem 0x800107df
core   0: 0x8000a912 (0x244bcd03) lbu     s10, 580(s7)
core   0: 3 0x8000a912 (0x244bcd03) x26 0x00000053 mem 0x80010632
core   0: 0x8000a916 (0x340f5873) csrrwi  a6, mscratch, 30
core   0: 3 0x8000a916 (0x340f5873) x16 0x0000001f c832_mscratch 0x0000001e
core   0: 0x8000a91a (0xe79bca83) lbu     s5, -391(s7)
core   0: 3 0x8000a91a (0xe79bca83) x21 0x0000008d mem 0x80010267
core   0: 0x8000a91e (0x00008009) c.srli  s0, 2
core   0: 3 0x8000a91e (0x8009) x8  0x00003dff
core   0: 0x8000a920 (0x000099fd) c.andi  a1, -1
core   0: 3 0x8000a920 (0x99fd) x11 0xfffffa84
core   0: 0x8000a922 (0x0ff0000f) fence   iorw,iorw
core   0: 3 0x8000a922 (0x0ff0000f)
core   0: 0x8000a926 (0x7e3b8783) lb      a5, 2019(s7)
core   0: 3 0x8000a926 (0x7e3b8783) x15 0xffffffe1 mem 0x80010bd1
core   0: 0x8000a92a (0x447bce83) lbu     t4, 1095(s7)
core   0: 3 0x8000a92a (0x447bce83) x29 0x000000cd mem 0x80010835
core   0: 0x8000a92e (0x000098fd) c.andi  s1, -1
core   0: 3 0x8000a92e (0x98fd) x9  0xffffff9a
core   0: 0x8000a930 (0x00008b99) c.andi  a5, 6
core   0: 3 0x8000a930 (0x8b99) x15 0x00000000
core   0: 0x8000a932 (0x4afb8303) lb      t1, 1199(s7)
core   0: 3 0x8000a932 (0x4afb8303) x6  0xffffffc0 mem 0x8001089d
core   0: 0x8000a936 (0x00006f17) auipc   t5, 0x6
core   0: 3 0x8000a936 (0x00006f17) x30 0x80010936
core   0: 0x8000a93a (0xdfbf0f13) addi    t5, t5, -517
core   0: 3 0x8000a93a (0xdfbf0f13) x30 0x80010731
core   0: 0x8000a93e (0x024eb533) mulhu   a0, t4, tp
core   0: 3 0x8000a93e (0x024eb533) x10 0x000000cc
core   0: 0x8000a942 (0x08cf0903) lb      s2, 140(t5)
core   0: 3 0x8000a942 (0x08cf0903) x18 0x00000065 mem 0x800107bd
core   0: 0x8000a946 (0x0052fa33) and     s4, t0, t0
core   0: 3 0x8000a946 (0x0052fa33) x20 0x00000001
core   0: 0x8000a94a (0x004542b3) xor     t0, a0, tp
core   0: 3 0x8000a94a (0x004542b3) x5  0xffffff33
core   0: 0x8000a94e (0xf73f5a03) lhu     s4, -141(t5)
core   0: 3 0x8000a94e (0xf73f5a03) x20 0x00007264 mem 0x800106a4
core   0: 0x8000a952 (0x00008fd2) c.mv    t6, s4
core   0: 3 0x8000a952 (0x8fd2) x31 0x00007264
core   0: 0x8000a954 (0x0e0f4b03) lbu     s6, 224(t5)
core   0: 3 0x8000a954 (0x0e0f4b03) x22 0x000000ef mem 0x80010811
core   0: 0x8000a958 (0x0c1f0f23) sb      ra, 222(t5)
core   0: 3 0x8000a958 (0x0c1f0f23) mem 0x8001080f 0xe5
core   0: 0x8000a95c (0x005f0723) sb      t0, 14(t5)
core   0: 3 0x8000a95c (0x005f0723) mem 0x8001073f 0x33
core   0: 0x8000a960 (0x6b588a93) addi    s5, a7, 1717
core   0: 3 0x8000a960 (0x6b588a93) x21 0x80026519
core   0: 0x8000a964 (0x0015bc33) sltu    s8, a1, ra
core   0: 3 0x8000a964 (0x0015bc33) x24 0x00000000
core   0: 0x8000a968 (0xfdaf0783) lb      a5, -38(t5)
core   0: 3 0x8000a968 (0xfdaf0783) x15 0xffffffc7 mem 0x8001070b
core   0: 0x8000a96c (0x0f6f4903) lbu     s2, 246(t5)
core   0: 3 0x8000a96c (0x0f6f4903) x18 0x00000022 mem 0x80010827
core   0: 0x8000a970 (0x00008191) c.srli  a1, 4
core   0: 3 0x8000a970 (0x8191) x11 0x0fffffa8
core   0: 0x8000a972 (0x09bf4c83) lbu     s9, 155(t5)
core   0: 3 0x8000a972 (0x09bf4c83) x25 0x0000006f mem 0x800107cc
core   0: 0x8000a976 (0x0265d9b3) divu    s3, a1, t1
core   0: 3 0x8000a976 (0x0265d9b3) x19 0x00000000
core   0: 0x8000a97a (0xf4bf19a3) sh      a1, -173(t5)
core   0: 3 0x8000a97a (0xf4bf19a3) mem 0x80010684 0xffa8
core   0: 0x8000a97e (0xff1f5303) lhu     t1, -15(t5)
core   0: 3 0x8000a97e (0xff1f5303) x6  0x000080e1 mem 0x80010722
core   0: 0x8000a982 (0x06df4403) lbu     s0, 109(t5)
core   0: 3 0x8000a982 (0x06df4403) x8  0x000000a4 mem 0x8001079e
core   0: 0x8000a986 (0x01049533) sll     a0, s1, a6
core   0: 3 0x8000a986 (0x01049533) x10 0x00000000
core   0: 0x8000a98a (0xeab57017) auipc   zero, 0xeab57
core   0: 3 0x8000a98a (0xeab57017)
core   0: 0x8000a98e (0xf4ff5483) lhu     s1, -177(t5)
core   0: 3 0x8000a98e (0xf4ff5483) x9  0x00007d49 mem 0x80010680
core   0: 0x8000a992 (0xf9cf29a3) sw      t3, -109(t5)
core   0: 3 0x8000a992 (0xf9cf29a3) mem 0x800106c4 0x80025e0c
core   0: 0x8000a996 (0x04df0523) sb      a3, 74(t5)
core   0: 3 0x8000a996 (0x04df0523) mem 0x8001077b 0x24
core   0: 0x8000a99a (0x00fb6633) or      a2, s6, a5
core   0: 3 0x8000a99a (0x00fb6633) x12 0xffffffef
core   0: 0x8000a99e (0x0358f8b3) remu    a7, a7, s5
core   0: 3 0x8000a99e (0x0358f8b3) x17 0x80025e64
core   0: 0x8000a9a2 (0x0083fcb3) and     s9, t2, s0
core   0: 3 0x8000a9a2 (0x0083fcb3) x25 0x00000004
core   0: 0x8000a9a6 (0x0000100f) fence.i
core   0: 3 0x8000a9a6 (0x0000100f)
core   0: 0x8000a9aa (0x08ef4603) lbu     a2, 142(t5)
core   0: 3 0x8000a9aa (0x08ef4603) x12 0x00000044 mem 0x800107bf
core   0: 0x8000a9ae (0x0b1f0d23) sb      a7, 186(t5)
core   0: 3 0x8000a9ae (0x0b1f0d23) mem 0x800107eb 0x64
core   0: 0x8000a9b2 (0xf98f4483) lbu     s1, -104(t5)
core   0: 3 0x8000a9b2 (0xf98f4483) x9  0x0000007c mem 0x800106c9
core   0: 0x8000a9b6 (0x0aff4503) lbu     a0, 175(t5)
core   0: 3 0x8000a9b6 (0x0aff4503) x10 0x000000d0 mem 0x800107e0
core   0: 0x8000a9ba (0x00008afa) c.mv    s5, t5
core   0: 3 0x8000a9ba (0x8afa) x21 0x80010731
core   0: 0x8000a9bc (0x03519d33) mulh    s10, gp, s5
core   0: 3 0x8000a9bc (0x03519d33) x26 0x3ffe4d37
core   0: 0x8000a9c0 (0x00008f81) c.sub   a5, s0
core   0: 3 0x8000a9c0 (0x8f81) x15 0xffffff23
core   0: 0x8000a9c2 (0x000094d6) c.add   s1, s5
core   0: 3 0x8000a9c2 (0x94d6) x9  0x800107ad
core   0: 0x8000a9c4 (0x00501263) bne     zero, t0, pc + 4
core   0: 3 0x8000a9c4 (0x00501263)
core   0: 0x8000a9c8 (0x00001f7d) c.addi  t5, -1
core   0: 3 0x8000a9c8 (0x1f7d) x30 0x80010730
core   0: 0x8000a9ca (0x3e67f513) andi    a0, a5, 998
core   0: 3 0x8000a9ca (0x3e67f513) x10 0x00000322
core   0: 0x8000a9ce (0x00000fed) c.addi  t6, 27
core   0: 3 0x8000a9ce (0x0fed) x31 0x0000727f
core   0: 0x8000a9d0 (0x3403d073) csrwi   mscratch, 7
core   0: 3 0x8000a9d0 (0x3403d073) c832_mscratch 0x00000007
core   0: 0x8000a9d4 (0x00000001) c.nop
core   0: 3 0x8000a9d4 (0x0001)
core   0: 0x8000a9d6 (0x03e0d1b3) divu    gp, ra, t5
core   0: 3 0x8000a9d6 (0x03e0d1b3) x3  0x00000001
core   0: 0x8000a9da (0x00008e21) c.xor   a2, s0
core   0: 3 0x8000a9da (0x8e21) x12 0x000000e0
core   0: 0x8000a9dc (0x00009f26) c.add   t5, s1
core   0: 3 0x8000a9dc (0x9f26) x30 0x00020edd
core   0: 0x8000a9de (0xc8567093) andi    ra, a2, -891
core   0: 3 0x8000a9de (0xc8567093) x1  0x00000080
core   0: 0x8000a9e2 (0x025e33b3) mulhu   t2, t3, t0
core   0: 3 0x8000a9e2 (0x025e33b3) x7  0x80025da5
core   0: 0x8000a9e6 (0xf0de7bb7) lui     s7, 0xf0de7
core   0: 3 0x8000a9e6 (0xf0de7bb7) x23 0xf0de7000
core   0: 0x8000a9ea (0x0000ef0d) c.bnez  a4, pc + 58
core   0: 3 0x8000a9ea (0xef0d)
core   0: 0x8000aa24 (0x340c5c73) csrrwi  s8, mscratch, 24
core   0: 3 0x8000aa24 (0x340c5c73) x24 0x00000007 c832_mscratch 0x00000018
core   0: 0x8000aa28 (0x1324a737) lui     a4, 0x1324a
core   0: 3 0x8000aa28 (0x1324a737) x14 0x1324a000
core   0: 0x8000aa2c (0x57e0cd13) xori    s10, ra, 1406
core   0: 3 0x8000aa2c (0x57e0cd13) x26 0x000005fe
core   0: 0x8000aa30 (0xb289a837) lui     a6, 0xb289a
core   0: 3 0x8000aa30 (0xb289a837) x16 0xb289a000
core   0: 0x8000aa34 (0xb00a92b7) lui     t0, 0xb00a9
core   0: 3 0x8000aa34 (0xb00a92b7) x5  0xb00a9000
core   0: 0x8000aa38 (0x003cb2b3) sltu    t0, s9, gp
core   0: 3 0x8000aa38 (0x003cb2b3) x5  0x00000000
core   0: 0x8000aa3c (0x3408d7f3) csrrwi  a5, mscratch, 17
core   0: 3 0x8000aa3c (0x3408d7f3) x15 0x00000018 c832_mscratch 0x00000011
core   0: 0x8000aa40 (0xecc4a313) slti    t1, s1, -308
core   0: 3 0x8000aa40 (0xecc4a313) x6  0x00000001
core   0: 0x8000aa44 (0x41b85193) srai    gp, a6, 27
core   0: 3 0x8000aa44 (0x41b85193) x3  0xfffffff6
core   0: 0x8000aa48 (0x00000001) c.nop
core   0: 3 0x8000aa48 (0x0001)
core   0: 0x8000aa4a (0x47d0f813) andi    a6, ra, 1149
core   0: 3 0x8000aa4a (0x47d0f813) x16 0x00000000
core   0: 0x8000aa4e (0xca01ca93) xori    s5, gp, -864
core   0: 3 0x8000aa4e (0xca01ca93) x21 0x00000356
core   0: 0x8000aa52 (0x0000867d) c.srai  a2, 31
core   0: 3 0x8000aa52 (0x867d) x12 0x00000000
core   0: 0x8000aa54 (0x40588933) sub     s2, a7, t0
core   0: 3 0x8000aa54 (0x40588933) x18 0x80025e64
core   0: 0x8000aa58 (0x030ad2b3) divu    t0, s5, a6
core   0: 3 0x8000aa58 (0x030ad2b3) x5  0xffffffff
core   0: 0x8000aa5c (0x92947997) auipc   s3, 0x92947
core   0: 3 0x8000aa5c (0x92947997) x19 0x12951a5c
core   0: 0x8000aa60 (0x0045e5b3) or      a1, a1, tp
core   0: 3 0x8000aa60 (0x0045e5b3) x11 0xffffffff
core   0: 0x8000aa64 (0x00434963) blt     t1, tp, pc + 18
core   0: 3 0x8000aa64 (0x00434963)
core   0: 0x8000aa68 (0x00008a52) c.mv    s4, s4
core   0: 3 0x8000aa68 (0x8a52) x20 0x00007264
core   0: 0x8000aa6a (0x0301d8b3) divu    a7, gp, a6
core   0: 3 0x8000aa6a (0x0301d8b3) x17 0xffffffff
core   0: 0x8000aa6e (0x0397a833) mulhsu  a6, a5, s9
core   0: 3 0x8000aa6e (0x0397a833) x16 0x00000000
core   0: 0x8000aa72 (0x02c81363) bne     a6, a2, pc + 38
core   0: 3 0x8000aa72 (0x02c81363)
core   0: 0x8000aa76 (0x038f5db3) divu    s11, t5, s8
core   0: 3 0x8000aa76 (0x038f5db3) x27 0x00004b44
core   0: 0x8000aa7a (0x0130db93) srli    s7, ra, 19
core   0: 3 0x8000aa7a (0x0130db93) x23 0x00000000
core   0: 0x8000aa7e (0x00a541b3) xor     gp, a0, a0
core   0: 3 0x8000aa7e (0x00a541b3) x3  0x00000000
core   0: 0x8000aa82 (0x340032f3) csrrc   t0, mscratch, zero
core   0: 3 0x8000aa82 (0x340032f3) x5  0x00000011
core   0: 0x8000aa86 (0x0131e663) bltu    gp, s3, pc + 12
core   0: 3 0x8000aa86 (0x0131e663)
core   0: 0x8000aa92 (0x0000cf0d) c.beqz  a4, pc + 58
core   0: 3 0x8000aa92 (0xcf0d)
core   0: 0x8000aa94 (0x01238fb3) add     t6, t2, s2
core   0: 3 0x8000aa94 (0x01238fb3) x31 0x0004bc09
core   0: 0x8000aa98 (0x02d02833) mulhsu  a6, zero, a3
core   0: 3 0x8000aa98 (0x02d02833) x16 0x00000000
core   0: 0x8000aa9c (0xfd89ab93) slti    s7, s3, -40
core   0: 3 0x8000aa9c (0xfd89ab93) x23 0x00000000
core   0: 0x8000aaa0 (0x000080ad) c.srli  s1, 11
core   0: 3 0x8000aaa0 (0x80ad) x9  0x00100020
core   0: 0x8000aaa2 (0x00000001) c.nop
core   0: 3 0x8000aaa2 (0x0001)
core   0: 0x8000aaa4 (0x2a28f393) andi    t2, a7, 674
core   0: 3 0x8000aaa4 (0x2a28f393) x7  0x000002a2
core   0: 0x8000aaa8 (0x0000089e) c.slli  a7, 7
core   0: 3 0x8000aaa8 (0x089e) x17 0xffffff80
core   0: 0x8000aaaa (0x00008c51) c.or    s0, a2
core   0: 3 0x8000aaaa (0x8c51) x8  0x000000a4
core   0: 0x8000aaac (0x00008fcd) c.or    a5, a1
core   0: 3 0x8000aaac (0x8fcd) x15 0xffffffff
core   0: 0x8000aaae (0x000084ed) c.srai  s1, 27
core   0: 3 0x8000aaae (0x84ed) x9  0x00000000
core   0: 0x8000aab0 (0x01cf8733) add     a4, t6, t3
core   0: 3 0x8000aab0 (0x01cf8733) x14 0x80071a15
core   0: 0x8000aab4 (0x029ad333) divu    t1, s5, s1
core   0: 3 0x8000aab4 (0x029ad333) x6  0xffffffff
core   0: 0x8000aab8 (0x000099fd) c.andi  a1, -1
core   0: 3 0x8000aab8 (0x99fd) x11 0xffffffff
core   0: 0x8000aaba (0x000080da) c.mv    ra, s6
core   0: 3 0x8000aaba (0x80da) x1  0x000000ef
core   0: 0x8000aabc (0x00000185) c.addi  gp, 1
core   0: 3 0x8000aabc (0x0185) x3  0x00000001
core   0: 0x8000aabe (0x340dbff3) csrrc   t6, mscratch, s11
core   0: 3 0x8000aabe (0x340dbff3) x31 0x00000011 c832_mscratch 0x00000011
core   0: 0x8000aac2 (0x0000587d) c.li    a6, -1
core   0: 3 0x8000aac2 (0x587d) x16 0xffffffff
core   0: 0x8000aac4 (0x031c7a33) remu    s4, s8, a7
core   0: 3 0x8000aac4 (0x031c7a33) x20 0x00000007
core   0: 0x8000aac8 (0x0ff0000f) fence   iorw,iorw
core   0: 3 0x8000aac8 (0x0ff0000f)
core   0: 0x8000aacc (0xbcff6313) ori     t1, t5, -1073
core   0: 3 0x8000aacc (0xbcff6313) x6  0xffffffdf
core   0: 0x8000aad0 (0x022b4933) div     s2, s6, sp
core   0: 3 0x8000aad0 (0x022b4933) x18 0x00000000
core   0: 0x8000aad4 (0x03db8db3) mul     s11, s7, t4
core   0: 3 0x8000aad4 (0x03db8db3) x27 0x00000000
core   0: 0x8000aad8 (0x340f2c73) csrrs   s8, mscratch, t5
core   0: 3 0x8000aad8 (0x340f2c73) x24 0x00000011 c832_mscratch 0x00020edd
core   0: 0x8000aadc (0x0199aab3) slt     s5, s3, s9
core   0: 3 0x8000aadc (0x0199aab3) x21 0x00000000
core   0: 0x8000aae0 (0x0000eb0d) c.bnez  a4, pc + 50
core   0: 3 0x8000aae0 (0xeb0d)
core   0: 0x8000ab12 (0x00000001) c.nop
core   0: 3 0x8000ab12 (0x0001)
core   0: 0x8000ab14 (0x02019533) mulh    a0, gp, zero
core   0: 3 0x8000ab14 (0x02019533) x10 0x00000000
core   0: 0x8000ab18 (0x00009f7e) c.add   t5, t6
core   0: 3 0x8000ab18 (0x9f7e) x30 0x00020eee
core   0: 0x8000ab1a (0x340073f3) csrrci  t2, mscratch, 0
core   0: 3 0x8000ab1a (0x340073f3) x7  0x00020edd
core   0: 0x8000ab1e (0x40e15933) sra     s2, sp, a4
core   0: 3 0x8000ab1e (0x40e15933) x18 0xffffffe3
core   0: 0x8000ab22 (0x40a20633) sub     a2, tp, a0
core   0: 3 0x8000ab22 (0x40a20633) x12 0xffffffff
core   0: 0x8000ab26 (0x015312b3) sll     t0, t1, s5
core   0: 3 0x8000ab26 (0x015312b3) x5  0xffffffdf
core   0: 0x8000ab2a (0x340415f3) csrrw   a1, mscratch, s0
core   0: 3 0x8000ab2a (0x340415f3) x11 0x00020edd c832_mscratch 0x000000a4
core   0: 0x8000ab2e (0x01f57db3) and     s11, a0, t6
core   0: 3 0x8000ab2e (0x01f57db3) x27 0x00000000
core   0: 0x8000ab32 (0x0000e00d) c.bnez  s0, pc + 34
core   0: 3 0x8000ab32 (0xe00d)
core   0: 0x8000ab54 (0x0000800d) c.srli  s0, 3
core   0: 3 0x8000ab54 (0x800d) x8  0x00000014
core   0: 0x8000ab56 (0x00ff0a33) add     s4, t5, a5
core   0: 3 0x8000ab56 (0x00ff0a33) x20 0x00020eed
core   0: 0x8000ab5a (0x00e311b3) sll     gp, t1, a4
core   0: 3 0x8000ab5a (0x00e311b3) x3  0xfbe00000
core   0: 0x8000ab5e (0x34002af3) csrr    s5, mscratch
core   0: 3 0x8000ab5e (0x34002af3) x21 0x000000a4
core   0: 0x8000ab62 (0x00008c21) c.xor   s0, s0
core   0: 3 0x8000ab62 (0x8c21) x8  0x00000000
core   0: 0x8000ab64 (0x00008f89) c.sub   a5, a0
core   0: 3 0x8000ab64 (0x8f89) x15 0xffffffff
core   0: 0x8000ab66 (0x40bd51b3) sra     gp, s10, a1
core   0: 3 0x8000ab66 (0x40bd51b3) x3  0x00000000
core   0: 0x8000ab6a (0x00006d85) c.lui   s11, 0x1
core   0: 3 0x8000ab6a (0x6d85) x27 0x00001000
core   0: 0x8000ab6c (0x34002ef3) csrr    t4, mscratch
core   0: 3 0x8000ab6c (0x34002ef3) x29 0x000000a4
core   0: 0x8000ab70 (0x037e0263) beq     t3, s7, pc + 36
core   0: 3 0x8000ab70 (0x037e0263)
core   0: 0x8000ab74 (0x971b4b93) xori    s7, s6, -1679
core   0: 3 0x8000ab74 (0x971b4b93) x23 0xfffff99e
core   0: 0x8000ab78 (0xaeb43c93) sltiu   s9, s0, -1301
core   0: 3 0x8000ab78 (0xaeb43c93) x25 0x00000001
core   0: 0x8000ab7c (0x000083bd) c.srli  a5, 15
core   0: 3 0x8000ab7c (0x83bd) x15 0x0001ffff
core   0: 0x8000ab7e (0x00001c7d) c.addi  s8, -1
core   0: 3 0x8000ab7e (0x1c7d) x24 0x00000010
core   0: 0x8000ab80 (0x00008d49) c.or    a0, a0
core   0: 3 0x8000ab80 (0x8d49) x10 0x00000000
core   0: 0x8000ab82 (0x406dd633) sra     a2, s11, t1
core   0: 3 0x8000ab82 (0x406dd633) x12 0x00000000
core   0: 0x8000ab86 (0x00e97bb3) and     s7, s2, a4
core   0: 3 0x8000ab86 (0x00e97bb3) x23 0x80071a01
core   0: 0x8000ab8a (0x01dd1a93) slli    s5, s10, 29
core   0: 3 0x8000ab8a (0x01dd1a93) x21 0xc0000000
core   0: 0x8000ab8e (0x02685c33) divu    s8, a6, t1
core   0: 3 0x8000ab8e (0x02685c33) x24 0x00000001
core   0: 0x8000ab92 (0x00008e5d) c.or    a2, a5
core   0: 3 0x8000ab92 (0x8e5d) x12 0x0001ffff
core   0: 0x8000ab94 (0x00008dd5) c.or    a1, a3
core   0: 3 0x8000ab94 (0x8dd5) x11 0x80029ffd
core   0: 0x8000ab96 (0x340190f3) csrrw   ra, mscratch, gp
core   0: 3 0x8000ab96 (0x340190f3) x1  0x000000a4 c832_mscratch 0x00000000
core   0: 0x8000ab9a (0x0000ed19) c.bnez  a0, pc + 30
core   0: 3 0x8000ab9a (0xed19)
core   0: 0x8000ab9c (0x0458d163) bge     a7, t0, pc + 66
core   0: 3 0x8000ab9c (0x0458d163)
core   0: 0x8000aba0 (0x0ff0000f) fence   iorw,iorw
core   0: 3 0x8000aba0 (0x0ff0000f)
core   0: 0x8000aba4 (0x00000001) c.nop
core   0: 3 0x8000aba4 (0x0001)
core   0: 0x8000aba6 (0x0000100f) fence.i
core   0: 3 0x8000aba6 (0x0000100f)
core   0: 0x8000abaa (0x023f4c63) blt     t5, gp, pc + 56
core   0: 3 0x8000abaa (0x023f4c63)
core   0: 0x8000abae (0x0054e433) or      s0, s1, t0
core   0: 3 0x8000abae (0x0054e433) x8  0xffffffdf
core   0: 0x8000abb2 (0x00462033) slt     zero, a2, tp
core   0: 3 0x8000abb2 (0x00462033)
core   0: 0x8000abb6 (0x00000001) c.nop
core   0: 3 0x8000abb6 (0x0001)
core   0: 0x8000abb8 (0xb34b0d93) addi    s11, s6, -1228
core   0: 3 0x8000abb8 (0xb34b0d93) x27 0xfffffc23
core   0: 0x8000abbc (0x25489c97) auipc   s9, 0x25489
core   0: 3 0x8000abbc (0x25489c97) x25 0xa5493bbc
core   0: 0x8000abc0 (0x0000ed85) c.bnez  a1, pc + 56
core   0: 3 0x8000abc0 (0xed85)
core   0: 0x8000abf8 (0x0003d5b3) srl     a1, t2, zero
core   0: 3 0x8000abf8 (0x0003d5b3) x11 0x00020edd
core   0: 0x8000abfc (0x000084a5) c.srai  s1, 9
core   0: 3 0x8000abfc (0x84a5) x9  0x00000000
core   0: 0x8000abfe (0x004b3bb3) sltu    s7, s6, tp
core   0: 3 0x8000abfe (0x004b3bb3) x23 0x00000001
core   0: 0x8000ac02 (0x02300db3) mul     s11, zero, gp
core   0: 3 0x8000ac02 (0x02300db3) x27 0x00000000
core   0: 0x8000ac06 (0x03f371b3) remu    gp, t1, t6
core   0: 3 0x8000ac06 (0x03f371b3) x3  0x00000002
core   0: 0x8000ac0a (0x0395acb3) mulhsu  s9, a1, s9
core   0: 3 0x8000ac0a (0x0395acb3) x25 0x0001542b
core   0: 0x8000ac0e (0x029a1633) mulh    a2, s4, s1
core   0: 3 0x8000ac0e (0x029a1633) x12 0x00000000
core   0: 0x8000ac12 (0x340c9973) csrrw   s2, mscratch, s9
core   0: 3 0x8000ac12 (0x340c9973) x18 0x00000000 c832_mscratch 0x0001542b
core   0: 0x8000ac16 (0x00a739b3) sltu    s3, a4, a0
core   0: 3 0x8000ac16 (0x00a739b3) x19 0x00000000
core   0: 0x8000ac1a (0x0000890a) c.mv    s2, sp
core   0: 3 0x8000ac1a (0x890a) x18 0xfc65f358
core   0: 0x8000ac1c (0x00000001) c.nop
core   0: 3 0x8000ac1c (0x0001)
core   0: 0x8000ac1e (0x9a0f3713) sltiu   a4, t5, -1632
core   0: 3 0x8000ac1e (0x9a0f3713) x14 0x00000001
core   0: 0x8000ac22 (0x41595f93) srai    t6, s2, 21
core   0: 3 0x8000ac22 (0x41595f93) x31 0xffffffe3
core   0: 0x8000ac26 (0x00008151) c.srli  a0, 20
core   0: 3 0x8000ac26 (0x8151) x10 0x00000000
core   0: 0x8000ac28 (0x00008ce1) c.and   s1, s0
core   0: 3 0x8000ac28 (0x8ce1) x9  0x00000000
core   0: 0x8000ac2a (0x34002073) csrr    zero, mscratch
core   0: 3 0x8000ac2a (0x34002073)
core   0: 0x8000ac2e (0x8f5ea337) lui     t1, 0x8f5ea
core   0: 3 0x8000ac2e (0x8f5ea337) x6  0x8f5ea000
core   0: 0x8000ac32 (0x01652033) slt     zero, a0, s6
core   0: 3 0x8000ac32 (0x01652033)
core   0: 0x8000ac36 (0x402dd833) sra     a6, s11, sp
core   0: 3 0x8000ac36 (0x402dd833) x16 0x00000000
core   0: 0x8000ac3a (0x03109a33) mulh    s4, ra, a7
core   0: 3 0x8000ac3a (0x03109a33) x20 0xffffffff
core   0: 0x8000ac3e (0x00000001) c.nop
core   0: 3 0x8000ac3e (0x0001)
core   0: 0x8000ac40 (0x032dbeb3) mulhu   t4, s11, s2
core   0: 3 0x8000ac40 (0x032dbeb3) x29 0x00000000
core   0: 0x8000ac44 (0x00008035) c.srli  s0, 13
core   0: 3 0x8000ac44 (0x8035) x8  0x0007ffff
core   0: 0x8000ac46 (0xbaab3493) sltiu   s1, s6, -1110
core   0: 3 0x8000ac46 (0xbaab3493) x9  0x00000001
core   0: 0x8000ac4a (0x345e9c37) lui     s8, 0x345e9
core   0: 3 0x8000ac4a (0x345e9c37) x24 0x345e9000
core   0: 0x8000ac4e (0x02dd0c33) mul     s8, s10, a3
core   0: 3 0x8000ac4e (0x02dd0c33) x24 0x0fa99db8
core   0: 0x8000ac52 (0x000083d9) c.srli  a5, 22
core   0: 3 0x8000ac52 (0x83d9) x15 0x00000000
core   0: 0x8000ac54 (0x0000597d) c.li    s2, -1
core   0: 3 0x8000ac54 (0x597d) x18 0xffffffff
core   0: 0x8000ac56 (0x9e7dab93) slti    s7, s11, -1561
core   0: 3 0x8000ac56 (0x9e7dab93) x23 0x00000000
core   0: 0x8000ac5a (0x00008fa9) c.xor   a5, a0
core   0: 3 0x8000ac5a (0x8fa9) x15 0x00000000
core   0: 0x8000ac5c (0x0000100f) fence.i
core   0: 3 0x8000ac5c (0x0000100f)
core   0: 0x8000ac60 (0x00008675) c.srai  a2, 29
core   0: 3 0x8000ac60 (0x8675) x12 0x00000000
core   0: 0x8000ac62 (0x3408a473) csrrs   s0, mscratch, a7
core   0: 3 0x8000ac62 (0x3408a473) x8  0x0001542b c832_mscratch 0xffffffab
core   0: 0x8000ac66 (0x0000100f) fence.i
core   0: 3 0x8000ac66 (0x0000100f)
core   0: 0x8000ac6a (0x40dc5593) srai    a1, s8, 13
core   0: 3 0x8000ac6a (0x40dc5593) x11 0x00007d4c
core   0: 0x8000ac6e (0x00aec5b3) xor     a1, t4, a0
core   0: 3 0x8000ac6e (0x00aec5b3) x11 0x00000000
core   0: 0x8000ac72 (0x01db2db3) slt     s11, s6, t4
core   0: 3 0x8000ac72 (0x01db2db3) x27 0x00000000
core   0: 0x8000ac76 (0xf73b5c17) auipc   s8, 0xf73b5
core   0: 3 0x8000ac76 (0xf73b5c17) x24 0x773bfc76
core   0: 0x8000ac7a (0x05b67163) bgeu    a2, s11, pc + 66
core   0: 3 0x8000ac7a (0x05b67163)
core   0: 0x8000acbc (0x0341e833) rem     a6, gp, s4
core   0: 3 0x8000acbc (0x0341e833) x16 0x00000000
core   0: 0x8000acc0 (0x000000ee) c.slli  ra, 27
core   0: 3 0x8000acc0 (0x00ee) x1  0x20000000
core   0: 0x8000acc2 (0x005528b3) slt     a7, a0, t0
core   0: 3 0x8000acc2 (0x005528b3) x17 0x00000000
core   0: 0x8000acc6 (0x012a24b3) slt     s1, s4, s2
core   0: 3 0x8000acc6 (0x012a24b3) x9  0x00000000
core   0: 0x8000acca (0x03dbdb63) bge     s7, t4, pc + 54
core   0: 3 0x8000acca (0x03dbdb63)
core   0: 0x8000ad00 (0x3402f1f3) csrrci  gp, mscratch, 5
core   0: 3 0x8000ad00 (0x3402f1f3) x3  0xffffffab c832_mscratch 0xffffffaa
core   0: 0x8000ad04 (0xb1596537) lui     a0, 0xb1596
core   0: 3 0x8000ad04 (0xb1596537) x10 0xb1596000
core   0: 0x8000ad08 (0x2bc48393) addi    t2, s1, 700
core   0: 3 0x8000ad08 (0x2bc48393) x7  0x000002bc
core   0: 0x8000ad0c (0x8e708593) addi    a1, ra, -1817
core   0: 3 0x8000ad0c (0x8e708593) x11 0x1ffff8e7
core   0: 0x8000ad10 (0x1d5ca037) lui     zero, 0x1d5ca
core   0: 3 0x8000ad10 (0x1d5ca037)
core   0: 0x8000ad14 (0x000087e9) c.srai  a5, 26
core   0: 3 0x8000ad14 (0x87e9) x15 0x00000000
core   0: 0x8000ad16 (0x0000801d) c.srli  s0, 7
core   0: 3 0x8000ad16 (0x801d) x8  0x000002a8
core   0: 0x8000ad18 (0x016efa63) bgeu    t4, s6, pc + 20
core   0: 3 0x8000ad18 (0x016efa63)
core   0: 0x8000ad1c (0xec1a8c13) addi    s8, s5, -319
core   0: 3 0x8000ad1c (0xec1a8c13) x24 0xbffffec1
core   0: 0x8000ad20 (0x035e51b3) divu    gp, t3, s5
core   0: 3 0x8000ad20 (0x035e51b3) x3  0x00000000
core   0: 0x8000ad24 (0x41c48733) sub     a4, s1, t3
core   0: 3 0x8000ad24 (0x41c48733) x14 0x7ffda1f4
core   0: 0x8000ad28 (0x00b30a63) beq     t1, a1, pc + 20
core   0: 3 0x8000ad28 (0x00b30a63)
core   0: 0x8000ad2c (0xde36c313) xori    t1, a3, -541
core   0: 3 0x8000ad2c (0xde36c313) x6  0x7ffd60c7
core   0: 0x8000ad30 (0x340293f3) csrrw   t2, mscratch, t0
core   0: 3 0x8000ad30 (0x340293f3) x7  0xffffffaa c832_mscratch 0xffffffdf
core   0: 0x8000ad34 (0x34006973) csrrsi  s2, mscratch, 0
core   0: 3 0x8000ad34 (0x34006973) x18 0xffffffdf
core   0: 0x8000ad38 (0x039bd063) bge     s7, s9, pc + 32
core   0: 3 0x8000ad38 (0x039bd063)
core   0: 0x8000ad3c (0x340be7f3) csrrsi  a5, mscratch, 23
core   0: 3 0x8000ad3c (0x340be7f3) x15 0xffffffdf c832_mscratch 0xffffffdf
core   0: 0x8000ad40 (0x00008f52) c.mv    t5, s4
core   0: 3 0x8000ad40 (0x8f52) x30 0xffffffff
core   0: 0x8000ad42 (0x0000177d) c.addi  a4, -1
core   0: 3 0x8000ad42 (0x177d) x14 0x7ffda1f3
core   0: 0x8000ad44 (0x00008bd9) c.andi  a5, 22
core   0: 3 0x8000ad44 (0x8bd9) x15 0x00000016
core   0: 0x8000ad46 (0x007ad013) srli    zero, s5, 7
core   0: 3 0x8000ad46 (0x007ad013)
core   0: 0x8000ad4a (0x0074ddb3) srl     s11, s1, t2
core   0: 3 0x8000ad4a (0x0074ddb3) x27 0x00000000
core   0: 0x8000ad4e (0x40470933) sub     s2, a4, tp
core   0: 3 0x8000ad4e (0x40470933) x18 0x7ffda1f4
core   0: 0x8000ad52 (0x4085d3b3) sra     t2, a1, s0
core   0: 3 0x8000ad52 (0x4085d3b3) x7  0x001ffff8
core   0: 0x8000ad56 (0x000090e2) c.add   ra, s8
core   0: 3 0x8000ad56 (0x90e2) x1  0xdffffec1
core   0: 0x8000ad58 (0x0372bd33) mulhu   s10, t0, s7
core   0: 3 0x8000ad58 (0x0372bd33) x26 0x00000000
core   0: 0x8000ad5c (0x0175c7b3) xor     a5, a1, s7
core   0: 3 0x8000ad5c (0x0175c7b3) x15 0x1ffff8e7
core   0: 0x8000ad60 (0x00234033) xor     zero, t1, sp
core   0: 3 0x8000ad60 (0x00234033)
core   0: 0x8000ad64 (0x007e4fb3) xor     t6, t3, t2
core   0: 3 0x8000ad64 (0x007e4fb3) x31 0x801da1f4
core   0: 0x8000ad68 (0x000c14b3) sll     s1, s8, zero
core   0: 3 0x8000ad68 (0x000c14b3) x9  0xbffffec1
core   0: 0x8000ad6c (0x00b75813) srli    a6, a4, 11
core   0: 3 0x8000ad6c (0x00b75813) x16 0x000fffb4
core   0: 0x8000ad70 (0xba70cc93) xori    s9, ra, -1113
core   0: 3 0x8000ad70 (0xba70cc93) x25 0x20000566
core   0: 0x8000ad74 (0x00ffb333) sltu    t1, t6, a5
core   0: 3 0x8000ad74 (0x00ffb333) x6  0x00000000
core   0: 0x8000ad78 (0x00009bfd) c.andi  a5, -1
core   0: 3 0x8000ad78 (0x9bfd) x15 0x1ffff8e7
core   0: 0x8000ad7a (0x00000c1e) c.slli  s8, 7
core   0: 3 0x8000ad7a (0x0c1e) x24 0xffff6080
core   0: 0x8000ad7c (0x01761f33) sll     t5, a2, s7
core   0: 3 0x8000ad7c (0x01761f33) x30 0x00000000
core   0: 0x8000ad80 (0x021e0733) mul     a4, t3, ra
core   0: 3 0x8000ad80 (0x021e0733) x14 0xfd0ccf0c
core   0: 0x8000ad84 (0x0300ecb3) rem     s9, ra, a6
core   0: 3 0x8000ad84 (0x0300ecb3) x25 0xffff66c1
core   0: 0x8000ad88 (0x2b9e2c93) slti    s9, t3, 697
core   0: 3 0x8000ad88 (0x2b9e2c93) x25 0x00000001
core   0: 0x8000ad8c (0x00008b86) c.mv    s7, ra
core   0: 3 0x8000ad8c (0x8b86) x23 0xdffffec1
core   0: 0x8000ad8e (0x00279b33) sll     s6, a5, sp
core   0: 3 0x8000ad8e (0x00279b33) x22 0xe7000000
core   0: 0x8000ad92 (0x03f84633) div     a2, a6, t6
core   0: 3 0x8000ad92 (0x03f84633) x12 0x00000000
core   0: 0x8000ad96 (0x00000fb5) c.addi  t6, 13
core   0: 3 0x8000ad96 (0x0fb5) x31 0x801da201
core   0: 0x8000ad98 (0x02cc8c33) mul     s8, s9, a2
core   0: 3 0x8000ad98 (0x02cc8c33) x24 0x00000000
core   0: 0x8000ad9c (0x03d4a2b3) mulhsu  t0, s1, t4
core   0: 3 0x8000ad9c (0x03d4a2b3) x5  0x00000000
core   0: 0x8000ada0 (0x340025f3) csrr    a1, mscratch
core   0: 3 0x8000ada0 (0x340025f3) x11 0xffffffdf
core   0: 0x8000ada4 (0x0042d633) srl     a2, t0, tp
core   0: 3 0x8000ada4 (0x0042d633) x12 0x00000000
core   0: 0x8000ada8 (0x340b3373) csrrc   t1, mscratch, s6
core   0: 3 0x8000ada8 (0x340b3373) x6  0xffffffdf c832_mscratch 0x18ffffdf
core   0: 0x8000adac (0xfaa1b817) auipc   a6, 0xfaa1b
core   0: 3 0x8000adac (0xfaa1b817) x16 0x7aa25dac
core   0: 0x8000adb0 (0x7b68fb93) andi    s7, a7, 1974
core   0: 3 0x8000adb0 (0x7b68fb93) x23 0x00000000
core   0: 0x8000adb4 (0x34003673) csrrc   a2, mscratch, zero
core   0: 3 0x8000adb4 (0x34003673) x12 0x18ffffdf
core   0: 0x8000adb8 (0x006b5713) srli    a4, s6, 6
core   0: 3 0x8000adb8 (0x006b5713) x14 0x039c0000
core   0: 0x8000adbc (0x01771ab3) sll     s5, a4, s7
core   0: 3 0x8000adbc (0x01771ab3) x21 0x039c0000
core   0: 0x8000adc0 (0x40cd5313) srai    t1, s10, 12
core   0: 3 0x8000adc0 (0x40cd5313) x6  0x00000000
core   0: 0x8000adc4 (0x3401d973) csrrwi  s2, mscratch, 3
core   0: 3 0x8000adc4 (0x3401d973) x18 0x18ffffdf c832_mscratch 0x00000003
core   0: 0x8000adc8 (0x02e0d963) bge     ra, a4, pc + 50
core   0: 3 0x8000adc8 (0x02e0d963)
core   0: 0x8000adcc (0x40790533) sub     a0, s2, t2
core   0: 3 0x8000adcc (0x40790533) x10 0x18dfffe7
core   0: 0x8000add0 (0x8618af93) slti    t6, a7, -1951
core   0: 3 0x8000add0 (0x8618af93) x31 0x00000000
core   0: 0x8000add4 (0x00df9913) slli    s2, t6, 13
core   0: 3 0x8000add4 (0x00df9913) x18 0x00000000
core   0: 0x8000add8 (0x40c180b3) sub     ra, gp, a2
core   0: 3 0x8000add8 (0x40c180b3) x1  0xe7000021
core   0: 0x8000addc (0x34006073) csrsi   mscratch, 0
core   0: 3 0x8000addc (0x34006073)
core   0: 0x8000ade0 (0x01055ab3) srl     s5, a0, a6
core   0: 3 0x8000ade0 (0x01055ab3) x21 0x00018dff
core   0: 0x8000ade4 (0x00008ca5) c.xor   s1, s1
core   0: 3 0x8000ade4 (0x8ca5) x9  0x00000000
core   0: 0x8000ade6 (0x000014fd) c.addi  s1, -1
core   0: 3 0x8000ade6 (0x14fd) x9  0xffffffff
core   0: 0x8000ade8 (0x00000001) c.nop
core   0: 3 0x8000ade8 (0x0001)
core   0: 0x8000adea (0x34001f73) csrrw   t5, mscratch, zero
core   0: 3 0x8000adea (0x34001f73) x30 0x00000003 c832_mscratch 0x00000000
core   0: 0x8000adee (0x03af6733) rem     a4, t5, s10
core   0: 3 0x8000adee (0x03af6733) x14 0x00000003
core   0: 0x8000adf2 (0x00000c9e) c.slli  s9, 7
core   0: 3 0x8000adf2 (0x0c9e) x25 0x00000080
core   0: 0x8000adf4 (0x0204a933) mulhsu  s2, s1, zero
core   0: 3 0x8000adf4 (0x0204a933) x18 0x00000000
core   0: 0x8000adf8 (0x00008d69) c.and   a0, a0
core   0: 3 0x8000adf8 (0x8d69) x10 0x18dfffe7
core   0: 0x8000adfa (0x402587b3) sub     a5, a1, sp
core   0: 3 0x8000adfa (0x402587b3) x15 0x039a0c87
core   0: 0x8000adfe (0x00a9f663) bgeu    s3, a0, pc + 12
core   0: 3 0x8000adfe (0x00a9f663)
core   0: 0x8000ae02 (0x340312f3) csrrw   t0, mscratch, t1
core   0: 3 0x8000ae02 (0x340312f3) x5  0x00000000 c832_mscratch 0x00000000
core   0: 0x8000ae06 (0x0000100f) fence.i
core   0: 3 0x8000ae06 (0x0000100f)
core   0: 0x8000ae0a (0x03b138b3) mulhu   a7, sp, s11
core   0: 3 0x8000ae0a (0x03b138b3) x17 0x00000000
core   0: 0x8000ae0e (0x211ca1b7) lui     gp, 0x211ca
core   0: 3 0x8000ae0e (0x211ca1b7) x3  0x211ca000
core   0: 0x8000ae12 (0x0000981a) c.add   a6, t1
core   0: 3 0x8000ae12 (0x981a) x16 0x7aa25dac
core   0: 0x8000ae14 (0x81c07f93) andi    t6, zero, -2020
core   0: 3 0x8000ae14 (0x81c07f93) x31 0x00000000
core   0: 0x8000ae18 (0x01ff69b3) or      s3, t5, t6
core   0: 3 0x8000ae18 (0x01ff69b3) x19 0x00000003
core   0: 0x8000ae1c (0x000081d2) c.mv    gp, s4
core   0: 3 0x8000ae1c (0x81d2) x3  0xffffffff
core   0: 0x8000ae1e (0x010bde63) bge     s7, a6, pc + 28
core   0: 3 0x8000ae1e (0x010bde63)
core   0: 0x8000ae22 (0x00008e69) c.and   a2, a0
core   0: 3 0x8000ae22 (0x8e69) x12 0x18dfffc7
core   0: 0x8000ae24 (0x00008e92) c.mv    t4, tp
core   0: 3 0x8000ae24 (0x8e92) x29 0xffffffff
core   0: 0x8000ae26 (0x016559b3) srl     s3, a0, s6
core   0: 3 0x8000ae26 (0x016559b3) x19 0x18dfffe7
core   0: 0x8000ae2a (0x01a70eb3) add     t4, a4, s10
core   0: 3 0x8000ae2a (0x01a70eb3) x29 0x00000003
core   0: 0x8000ae2e (0x00000001) c.nop
core   0: 3 0x8000ae2e (0x0001)
core   0: 0x8000ae30 (0x0000cc99) c.beqz  s1, pc + 30
core   0: 3 0x8000ae30 (0xcc99)
core   0: 0x8000ae32 (0x018e43b3) xor     t2, t3, s8
core   0: 3 0x8000ae32 (0x018e43b3) x7  0x80025e0c
core   0: 0x8000ae36 (0x0aaa7063) bgeu    s4, a0, pc + 160
core   0: 3 0x8000ae36 (0x0aaa7063)
core   0: 0x8000aed6 (0x340a63f3) csrrsi  t2, mscratch, 20
core   0: 3 0x8000aed6 (0x340a63f3) x7  0x00000000 c832_mscratch 0x00000014
core   0: 0x8000aeda (0x01f71f93) slli    t6, a4, 31
core   0: 3 0x8000aeda (0x01f71f93) x31 0x80000000
core   0: 0x8000aede (0x028725b3) mulhsu  a1, a4, s0
core   0: 3 0x8000aede (0x028725b3) x11 0x00000000
core   0: 0x8000aee2 (0x00006645) c.lui   a2, 0x11
core   0: 3 0x8000aee2 (0x6645) x12 0x00011000
core   0: 0x8000aee4 (0x0000c885) c.beqz  s1, pc + 48
core   0: 3 0x8000aee4 (0xc885)
core   0: 0x8000aee6 (0x0ff0000f) fence   iorw,iorw
core   0: 3 0x8000aee6 (0x0ff0000f)
core   0: 0x8000aeea (0x00000001) c.nop
core   0: 3 0x8000aeea (0x0001)
core   0: 0x8000aeec (0x00008389) c.srli  a5, 2
core   0: 3 0x8000aeec (0x8389) x15 0x00e68321
core   0: 0x8000aeee (0x00000ece) c.slli  t4, 19
core   0: 3 0x8000aeee (0x0ece) x29 0x00180000
core   0: 0x8000aef0 (0x34003773) csrrc   a4, mscratch, zero
core   0: 3 0x8000aef0 (0x34003773) x14 0x00000014
core   0: 0x8000aef4 (0x0000c909) c.beqz  a0, pc + 18
core   0: 3 0x8000aef4 (0xc909)
core   0: 0x8000aef6 (0x00a0eab3) or      s5, ra, a0
core   0: 3 0x8000aef6 (0x00a0eab3) x21 0xffdfffe7
core   0: 0x8000aefa (0x3400d573) csrrwi  a0, mscratch, 1
core   0: 3 0x8000aefa (0x3400d573) x10 0x00000014 c832_mscratch 0x00000001
core   0: 0x8000aefe (0x0000100f) fence.i
core   0: 3 0x8000aefe (0x0000100f)
core   0: 0x8000af02 (0x340022f3) csrr    t0, mscratch
core   0: 3 0x8000af02 (0x340022f3) x5  0x00000001
core   0: 0x8000af06 (0x00008df5) c.and   a1, a3
core   0: 3 0x8000af06 (0x8df5) x11 0x00000000
core   0: 0x8000af08 (0x01285733) srl     a4, a6, s2
core   0: 3 0x8000af08 (0x01285733) x14 0x7aa25dac
core   0: 0x8000af0c (0x643fcb93) xori    s7, t6, 1603
core   0: 3 0x8000af0c (0x643fcb93) x23 0x80000643
core   0: 0x8000af10 (0x000ba9b3) slt     s3, s7, zero
core   0: 3 0x8000af10 (0x000ba9b3) x19 0x00000001
core   0: 0x8000af14 (0x408a5733) sra     a4, s4, s0
core   0: 3 0x8000af14 (0x408a5733) x14 0xffffffff
core   0: 0x8000af18 (0xb3b6bc93) sltiu   s9, a3, -1221
core   0: 3 0x8000af18 (0xb3b6bc93) x25 0x00000001
core   0: 0x8000af1c (0x000090e6) c.add   ra, s9
core   0: 3 0x8000af1c (0x90e6) x1  0xe7000022
core   0: 0x8000af1e (0x000099fd) c.andi  a1, -1
core   0: 3 0x8000af1e (0x99fd) x11 0x00000000
core   0: 0x8000af20 (0x340037f3) csrrc   a5, mscratch, zero
core   0: 3 0x8000af20 (0x340037f3) x15 0x00000001
core   0: 0x8000af24 (0x007df433) and     s0, s11, t2
core   0: 3 0x8000af24 (0x007df433) x8  0x00000000
core   0: 0x8000af28 (0x0fd3ea97) auipc   s5, 0xfd3e
core   0: 3 0x8000af28 (0x0fd3ea97) x21 0x8fd48f28
core   0: 0x8000af2c (0x00405e93) srli    t4, zero, 4
core   0: 3 0x8000af2c (0x00405e93) x29 0x00000000
core   0: 0x8000af30 (0x009c71b3) and     gp, s8, s1
core   0: 3 0x8000af30 (0x009c71b3) x3  0x00000000
core   0: 0x8000af34 (0x034f5863) bge     t5, s4, pc + 48
core   0: 3 0x8000af34 (0x034f5863)
core   0: 0x8000af64 (0x340b17f3) csrrw   a5, mscratch, s6
core   0: 3 0x8000af64 (0x340b17f3) x15 0x00000001 c832_mscratch 0xe7000000
core   0: 0x8000af68 (0x00c69793) slli    a5, a3, 12
core   0: 3 0x8000af68 (0x00c69793) x15 0x29d24000
core   0: 0x8000af6c (0x0027e233) or      tp, a5, sp
core   0: 3 0x8000af6c (0x0027e233) x4  0xfdf7f358
core   0: 0x8000af70 (0x05976063) bltu    a4, s9, pc + 64
core   0: 3 0x8000af70 (0x05976063)
core   0: 0x8000af74 (0x4bbf8793) addi    a5, t6, 1211
core   0: 3 0x8000af74 (0x4bbf8793) x15 0x800004bb
core   0: 0x8000af78 (0x00000001) c.nop
core   0: 3 0x8000af78 (0x0001)
core   0: 0x8000af7a (0xb8ef6b13) ori     s6, t5, -1138
core   0: 3 0x8000af7a (0xb8ef6b13) x22 0xfffffb8f
core   0: 0x8000af7e (0x033a8333) mul     t1, s5, s3
core   0: 3 0x8000af7e (0x033a8333) x6  0x8fd48f28
core   0: 0x8000af82 (0x004232b3) sltu    t0, tp, tp
core   0: 3 0x8000af82 (0x004232b3) x5  0x00000000
core   0: 0x8000af86 (0x3405f373) csrrci  t1, mscratch, 11
core   0: 3 0x8000af86 (0x3405f373) x6  0xe7000000 c832_mscratch 0xe7000000
core   0: 0x8000af8a (0x02cbfd33) remu    s10, s7, a2
core   0: 3 0x8000af8a (0x02cbfd33) x26 0x00008643
core   0: 0x8000af8e (0x34007bf3) csrrci  s7, mscratch, 0
core   0: 3 0x8000af8e (0x34007bf3) x23 0xe7000000
core   0: 0x8000af92 (0x00008b25) c.andi  a4, 9
core   0: 3 0x8000af92 (0x8b25) x14 0x00000009
core   0: 0x8000af94 (0x00000001) c.nop
core   0: 3 0x8000af94 (0x0001)
core   0: 0x8000af96 (0x0000100f) fence.i
core   0: 3 0x8000af96 (0x0000100f)
core   0: 0x8000af9a (0x0000100f) fence.i
core   0: 3 0x8000af9a (0x0000100f)
core   0: 0x8000af9e (0x00008a0a) c.mv    s4, sp
core   0: 3 0x8000af9e (0x8a0a) x20 0xfc65f358
core   0: 0x8000afa0 (0x0231e663) bltu    gp, gp, pc + 44
core   0: 3 0x8000afa0 (0x0231e663)
core   0: 0x8000afa4 (0x00006c19) c.lui   s8, 0x6
core   0: 3 0x8000afa4 (0x6c19) x24 0x00006000
core   0: 0x8000afa6 (0x410ad093) srai    ra, s5, 16
core   0: 3 0x8000afa6 (0x410ad093) x1  0xffff8fd4
core   0: 0x8000afaa (0x00004609) c.li    a2, 2
core   0: 3 0x8000afaa (0x4609) x12 0x00000002
core   0: 0x8000afac (0x00008ca9) c.xor   s1, a0
core   0: 3 0x8000afac (0x8ca9) x9  0xffffffeb
core   0: 0x8000afae (0x0000e505) c.bnez  a0, pc + 40
core   0: 3 0x8000afae (0xe505)
core   0: 0x8000afd6 (0x00c89393) slli    t2, a7, 12
core   0: 3 0x8000afd6 (0x00c89393) x7  0x00000000
core   0: 0x8000afda (0x02631d63) bne     t1, t1, pc + 58
core   0: 3 0x8000afda (0x02631d63)
core   0: 0x8000afde (0xcd6313b7) lui     t2, 0xcd631
core   0: 3 0x8000afde (0xcd6313b7) x7  0xcd631000
core   0: 0x8000afe2 (0x340974f3) csrrci  s1, mscratch, 18
core   0: 3 0x8000afe2 (0x340974f3) x9  0xe7000000 c832_mscratch 0xe7000000
core   0: 0x8000afe6 (0x00000001) c.nop
core   0: 3 0x8000afe6 (0x0001)
core   0: 0x8000afe8 (0x340922f3) csrrs   t0, mscratch, s2
core   0: 3 0x8000afe8 (0x340922f3) x5  0xe7000000 c832_mscratch 0xe7000000
core   0: 0x8000afec (0x6e1d3793) sltiu   a5, s10, 1761
core   0: 3 0x8000afec (0x6e1d3793) x15 0x00000000
core   0: 0x8000aff0 (0x6c003713) sltiu   a4, zero, 1728
core   0: 3 0x8000aff0 (0x6c003713) x14 0x00000001
core   0: 0x8000aff4 (0x001cff33) and     t5, s9, ra
core   0: 3 0x8000aff4 (0x001cff33) x30 0x00000000
core   0: 0x8000aff8 (0x02970fb3) mul     t6, a4, s1
core   0: 3 0x8000aff8 (0x02970fb3) x31 0xe7000000
core   0: 0x8000affc (0x00005b7d) c.li    s6, -1
core   0: 3 0x8000affc (0x5b7d) x22 0xffffffff
core   0: 0x8000affe (0x340fdb73) csrrwi  s6, mscratch, 31
core   0: 3 0x8000affe (0x340fdb73) x22 0xe7000000 c832_mscratch 0x0000001f
core   0: 0x8000b002 (0x0000918a) c.add   gp, sp
core   0: 3 0x8000b002 (0x918a) x3  0xfc65f358
core   0: 0x8000b004 (0x340d3ff3) csrrc   t6, mscratch, s10
core   0: 3 0x8000b004 (0x340d3ff3) x31 0x0000001f c832_mscratch 0x0000001c
core   0: 0x8000b008 (0x0208fc33) remu    s8, a7, zero
core   0: 3 0x8000b008 (0x0208fc33) x24 0x00000000
core   0: 0x8000b00c (0x92492193) slti    gp, s2, -1756
core   0: 3 0x8000b00c (0x92492193) x3  0x00000000
core   0: 0x8000b010 (0x048ab413) sltiu   s0, s5, 72
core   0: 3 0x8000b010 (0x048ab413) x8  0x00000000
core   0: 0x8000b014 (0x00005d7d) c.li    s10, -1
core   0: 3 0x8000b014 (0x5d7d) x26 0xffffffff
core   0: 0x8000b016 (0x00bbcb33) xor     s6, s7, a1
core   0: 3 0x8000b016 (0x00bbcb33) x22 0xe7000000
core   0: 0x8000b01a (0x34002773) csrr    a4, mscratch
core   0: 3 0x8000b01a (0x34002773) x14 0x0000001c
core   0: 0x8000b01e (0x00000ed6) c.slli  t4, 21
core   0: 3 0x8000b01e (0x0ed6) x29 0x00000000
core   0: 0x8000b020 (0x03926633) rem     a2, tp, s9
core   0: 3 0x8000b020 (0x03926633) x12 0x00000000
core   0: 0x8000b024 (0x340d1d73) csrrw   s10, mscratch, s10
core   0: 3 0x8000b024 (0x340d1d73) x26 0x0000001c c832_mscratch 0xffffffff
core   0: 0x8000b028 (0x02d8f833) remu    a6, a7, a3
core   0: 3 0x8000b028 (0x02d8f833) x16 0x00000000
core   0: 0x8000b02c (0x000067d5) c.lui   a5, 0x15
core   0: 3 0x8000b02c (0x67d5) x15 0x00015000
core   0: 0x8000b02e (0x00000811) c.addi  a6, 4
core   0: 3 0x8000b02e (0x0811) x16 0x00000004
core   0: 0x8000b030 (0x0000557d) c.li    a0, -1
core   0: 3 0x8000b030 (0x557d) x10 0xffffffff
core   0: 0x8000b032 (0xb8517493) andi    s1, sp, -1147
core   0: 3 0x8000b032 (0xb8517493) x9  0xfc65f300
core   0: 0x8000b036 (0xa0266213) ori     tp, a2, -1534
core   0: 3 0x8000b036 (0xa0266213) x4  0xfffffa02
core   0: 0x8000b03a (0x0000c38d) c.beqz  a5, pc + 34
core   0: 3 0x8000b03a (0xc38d)
core   0: 0x8000b03c (0x96b02b97) auipc   s7, 0x96b02
core   0: 3 0x8000b03c (0x96b02b97) x23 0x16b0d03c
core   0: 0x8000b040 (0xf2f1ea37) lui     s4, 0xf2f1e
core   0: 3 0x8000b040 (0xf2f1ea37) x20 0xf2f1e000
core   0: 0x8000b044 (0x00d0c0b3) xor     ra, ra, a3
core   0: 3 0x8000b044 (0x00d0c0b3) x1  0x7ffd12f0
core   0: 0x8000b048 (0x4f247613) andi    a2, s0, 1266
core   0: 3 0x8000b048 (0x4f247613) x12 0x00000000
core   0: 0x8000b04c (0xa86e2d97) auipc   s11, 0xa86e2
core   0: 3 0x8000b04c (0xa86e2d97) x27 0x286ed04c
core   0: 0x8000b050 (0x01f70033) add     zero, a4, t6
core   0: 3 0x8000b050 (0x01f70033)
core   0: 0x8000b054 (0x02c56cb3) rem     s9, a0, a2
core   0: 3 0x8000b054 (0x02c56cb3) x25 0xffffffff
core   0: 0x8000b058 (0xb6665997) auipc   s3, 0xb6665
core   0: 3 0x8000b058 (0xb6665997) x19 0x36670058
core   0: 0x8000b05c (0x87ee6e93) ori     t4, t3, -1922
core   0: 3 0x8000b05c (0x87ee6e93) x29 0xfffffe7e
core   0: 0x8000b060 (0x409981b3) sub     gp, s3, s1
core   0: 3 0x8000b060 (0x409981b3) x3  0x3a010d58
core   0: 0x8000b064 (0x00700263) beq     zero, t2, pc + 4
core   0: 3 0x8000b064 (0x00700263)
core   0: 0x8000b068 (0x340062f3) csrrsi  t0, mscratch, 0
core   0: 3 0x8000b068 (0x340062f3) x5  0xffffffff
core   0: 0x8000b06c (0x01e22fb3) slt     t6, tp, t5
core   0: 3 0x8000b06c (0x01e22fb3) x31 0x00000001
core   0: 0x8000b070 (0x0000c719) c.beqz  a4, pc + 14
core   0: 3 0x8000b070 (0xc719)
core   0: 0x8000b072 (0xb97eb893) sltiu   a7, t4, -1129
core   0: 3 0x8000b072 (0xb97eb893) x17 0x00000000
core   0: 0x8000b076 (0x033e64b3) rem     s1, t3, s3
core   0: 3 0x8000b076 (0x033e64b3) x9  0xecd05ebc
core   0: 0x8000b07a (0x00004d0d) c.li    s10, 3
core   0: 3 0x8000b07a (0x4d0d) x26 0x00000003
core   0: 0x8000b07c (0x00000001) c.nop
core   0: 3 0x8000b07c (0x0001)
core   0: 0x8000b07e (0x01aef563) bgeu    t4, s10, pc + 10
core   0: 3 0x8000b07e (0x01aef563)
core   0: 0x8000b088 (0x00008e11) c.sub   a2, a2
core   0: 3 0x8000b088 (0x8e11) x12 0x00000000
core   0: 0x8000b08a (0x0ff0000f) fence   iorw,iorw
core   0: 3 0x8000b08a (0x0ff0000f)
core   0: 0x8000b08e (0x000085e9) c.srai  a1, 26
core   0: 3 0x8000b08e (0x85e9) x11 0x00000000
core   0: 0x8000b090 (0x002f6263) bltu    t5, sp, pc + 4
core   0: 3 0x8000b090 (0x002f6263)
core   0: 0x8000b094 (0x05445063) bge     s0, s4, pc + 64
core   0: 3 0x8000b094 (0x05445063)
core   0: 0x8000b0d4 (0x34067d73) csrrci  s10, mscratch, 12
core   0: 3 0x8000b0d4 (0x34067d73) x26 0xffffffff c832_mscratch 0xfffffff3
core   0: 0x8000b0d8 (0x00484a33) xor     s4, a6, tp
core   0: 3 0x8000b0d8 (0x00484a33) x20 0xfffffa06
core   0: 0x8000b0dc (0xc931f413) andi    s0, gp, -877
core   0: 3 0x8000b0dc (0xc931f413) x8  0x3a010c10
core   0: 0x8000b0e0 (0x00000001) c.nop
core   0: 3 0x8000b0e0 (0x0001)
core   0: 0x8000b0e2 (0x340f7f73) csrrci  t5, mscratch, 30
core   0: 3 0x8000b0e2 (0x340f7f73) x30 0xfffffff3 c832_mscratch 0xffffffe1
core   0: 0x8000b0e6 (0x017ec733) xor     a4, t4, s7
core   0: 3 0x8000b0e6 (0x017ec733) x14 0xe94f2e42
core   0: 0x8000b0ea (0x003deeb3) or      t4, s11, gp
core   0: 3 0x8000b0ea (0x003deeb3) x29 0x3a6fdd5c
core   0: 0x8000b0ee (0x02b61263) bne     a2, a1, pc + 36
core   0: 3 0x8000b0ee (0x02b61263)
core   0: 0x8000b0f2 (0x03ab61b3) rem     gp, s6, s10
core   0: 3 0x8000b0f2 (0x03ab61b3) x3  0x00000000
core   0: 0x8000b0f6 (0xdda4e493) ori     s1, s1, -550
core   0: 3 0x8000b0f6 (0xdda4e493) x9  0xfffffffe
core   0: 0x8000b0fa (0xee02c013) xori    zero, t0, -288
core   0: 3 0x8000b0fa (0xee02c013)
core   0: 0x8000b0fe (0x3402f1f3) csrrci  gp, mscratch, 5
core   0: 3 0x8000b0fe (0x3402f1f3) x3  0xffffffe1 c832_mscratch 0xffffffe0
core   0: 0x8000b102 (0x4125da93) srai    s5, a1, 18
core   0: 3 0x8000b102 (0x4125da93) x21 0x00000000
core   0: 0x8000b106 (0x40ad5933) sra     s2, s10, a0
core   0: 3 0x8000b106 (0x40ad5933) x18 0xffffffff
core   0: 0x8000b10a (0x34003cf3) csrrc   s9, mscratch, zero
core   0: 3 0x8000b10a (0x34003cf3) x25 0xffffffe0
core   0: 0x8000b10e (0xee9d2f93) slti    t6, s10, -279
core   0: 3 0x8000b10e (0xee9d2f93) x31 0x00000000
core   0: 0x8000b112 (0xb7a15ab7) lui     s5, 0xb7a15
core   0: 3 0x8000b112 (0xb7a15ab7) x21 0xb7a15000
core   0: 0x8000b116 (0x02b0e233) rem     tp, ra, a1
core   0: 3 0x8000b116 (0x02b0e233) x4  0x7ffd12f0
core   0: 0x8000b11a (0x0027f3b3) and     t2, a5, sp
core   0: 3 0x8000b11a (0x0027f3b3) x7  0x00015000
core   0: 0x8000b11e (0x00008d71) c.and   a0, a2
core   0: 3 0x8000b11e (0x8d71) x10 0x00000000
core   0: 0x8000b120 (0x9b13b213) sltiu   tp, t2, -1615
core   0: 3 0x8000b120 (0x9b13b213) x4  0x00000001
core   0: 0x8000b124 (0x5785b717) auipc   a4, 0x5785b
core   0: 3 0x8000b124 (0x5785b717) x14 0xd7866124
core   0: 0x8000b128 (0x0163d713) srli    a4, t2, 22
core   0: 3 0x8000b128 (0x0163d713) x14 0x00000000
core   0: 0x8000b12c (0xabe82c13) slti    s8, a6, -1346
core   0: 3 0x8000b12c (0xabe82c13) x24 0x00000000
core   0: 0x8000b130 (0x0000c981) c.beqz  a1, pc + 16
core   0: 3 0x8000b130 (0xc981)
core   0: 0x8000b140 (0x02b83db3) mulhu   s11, a6, a1
core   0: 3 0x8000b140 (0x02b83db3) x27 0x00000000
core   0: 0x8000b144 (0xa4e00813) li      a6, -1458
core   0: 3 0x8000b144 (0xa4e00813) x16 0xfffffa4e
core   0: 0x8000b148 (0x0000881a) c.mv    a6, t1
core   0: 3 0x8000b148 (0x881a) x16 0xe7000000
core   0: 0x8000b14a (0x00000001) c.nop
core   0: 3 0x8000b14a (0x0001)
core   0: 0x8000b14c (0x00008ced) c.and   s1, a1
core   0: 3 0x8000b14c (0x8ced) x9  0x00000000
core   0: 0x8000b14e (0x013d28b3) slt     a7, s10, s3
core   0: 3 0x8000b14e (0x013d28b3) x17 0x00000001
core   0: 0x8000b152 (0x02b0e163) bltu    ra, a1, pc + 34
core   0: 3 0x8000b152 (0x02b0e163)
core   0: 0x8000b156 (0x9105ba13) sltiu   s4, a1, -1776
core   0: 3 0x8000b156 (0x9105ba13) x20 0x00000001
core   0: 0x8000b15a (0x00008f55) c.or    a4, a3
core   0: 3 0x8000b15a (0x8f55) x14 0x80029d24
core   0: 0x8000b15c (0x01d48f63) beq     s1, t4, pc + 30
core   0: 3 0x8000b15c (0x01d48f63)
core   0: 0x8000b160 (0x017f7863) bgeu    t5, s7, pc + 16
core   0: 3 0x8000b160 (0x017f7863)
core   0: 0x8000b170 (0x0000987d) c.andi  s0, -1
core   0: 3 0x8000b170 (0x987d) x8  0x3a010c10
core   0: 0x8000b172 (0x0000197d) c.addi  s2, -1
core   0: 3 0x8000b172 (0x197d) x18 0xfffffffe
core   0: 0x8000b174 (0x00006495) c.lui   s1, 0x5
core   0: 3 0x8000b174 (0x6495) x9  0x00005000
core   0: 0x8000b176 (0x707161b7) lui     gp, 0x70716
core   0: 3 0x8000b176 (0x707161b7) x3  0x70716000
core   0: 0x8000b17a (0x00000001) c.nop
core   0: 3 0x8000b17a (0x0001)
core   0: 0x8000b17c (0x88f52213) slti    tp, a0, -1905
core   0: 3 0x8000b17c (0x88f52213) x4  0x00000000
core   0: 0x8000b180 (0x03f00833) mul     a6, zero, t6
core   0: 3 0x8000b180 (0x03f00833) x16 0x00000000
core   0: 0x8000b184 (0x0000c781) c.beqz  a5, pc + 8
core   0: 3 0x8000b184 (0xc781)
core   0: 0x8000b186 (0x02559633) mulh    a2, a1, t0
core   0: 3 0x8000b186 (0x02559633) x12 0x00000000
core   0: 0x8000b18a (0x000009d5) c.addi  s3, 21
core   0: 3 0x8000b18a (0x09d5) x19 0x3667006d
core   0: 0x8000b18c (0x000081c9) c.srli  a1, 18
core   0: 3 0x8000b18c (0x81c9) x11 0x00000000
core   0: 0x8000b18e (0x34002c73) csrr    s8, mscratch
core   0: 3 0x8000b18e (0x34002c73) x24 0xffffffe0
core   0: 0x8000b192 (0x3356ef93) ori     t6, a3, 821
core   0: 3 0x8000b192 (0x3356ef93) x31 0x80029f35
core   0: 0x8000b196 (0x05256063) bltu    a0, s2, pc + 64
core   0: 3 0x8000b196 (0x05256063)
core   0: 0x8000b1d6 (0x34085673) csrrwi  a2, mscratch, 16
core   0: 3 0x8000b1d6 (0x34085673) x12 0xffffffe0 c832_mscratch 0x00000010
core   0: 0x8000b1da (0x0000100f) fence.i
core   0: 3 0x8000b1da (0x0000100f)
core   0: 0x8000b1de (0x03928db3) mul     s11, t0, s9
core   0: 3 0x8000b1de (0x03928db3) x27 0x00000020
core   0: 0x8000b1e2 (0x03decb63) blt     t4, t4, pc + 54
core   0: 3 0x8000b1e2 (0x03decb63)
core   0: 0x8000b1e6 (0x00a8e263) bltu    a7, a0, pc + 4
core   0: 3 0x8000b1e6 (0x00a8e263)
core   0: 0x8000b1ea (0x0328c633) div     a2, a7, s2
core   0: 3 0x8000b1ea (0x0328c633) x12 0x00000000
core   0: 0x8000b1ee (0x00004a99) c.li    s5, 6
core   0: 3 0x8000b1ee (0x4a99) x21 0x00000006
core   0: 0x8000b1f0 (0x40a95913) srai    s2, s2, 10
core   0: 3 0x8000b1f0 (0x40a95913) x18 0xffffffff
core   0: 0x8000b1f4 (0x00000001) c.nop
core   0: 3 0x8000b1f4 (0x0001)
core   0: 0x8000b1f6 (0x00008669) c.srai  a2, 26
core   0: 3 0x8000b1f6 (0x8669) x12 0x00000000
core   0: 0x8000b1f8 (0xc4c9a093) slti    ra, s3, -948
core   0: 3 0x8000b1f8 (0xc4c9a093) x1  0x00000000
core   0: 0x8000b1fc (0x020fe1b3) rem     gp, t6, zero
core   0: 3 0x8000b1fc (0x020fe1b3) x3  0x80029f35
core   0: 0x8000b200 (0x01f34263) blt     t1, t6, pc + 4
core   0: 3 0x8000b200 (0x01f34263)
core   0: 0x8000b204 (0x023de9b3) rem     s3, s11, gp
core   0: 3 0x8000b204 (0x023de9b3) x19 0x00000020
core   0: 0x8000b208 (0x00481533) sll     a0, a6, tp
core   0: 3 0x8000b208 (0x00481533) x10 0x00000000
core   0: 0x8000b20c (0x0340aa33) mulhsu  s4, ra, s4
core   0: 3 0x8000b20c (0x0340aa33) x20 0x00000000
core   0: 0x8000b210 (0x011a7663) bgeu    s4, a7, pc + 12
core   0: 3 0x8000b210 (0x011a7663)
core   0: 0x8000b214 (0x04831263) bne     t1, s0, pc + 68
core   0: 3 0x8000b214 (0x04831263)
core   0: 0x8000b258 (0x00000001) c.nop
core   0: 3 0x8000b258 (0x0001)
core   0: 0x8000b25a (0x34003873) csrrc   a6, mscratch, zero
core   0: 3 0x8000b25a (0x34003873) x16 0x00000010
core   0: 0x8000b25e (0x03a127b3) mulhsu  a5, sp, s10
core   0: 3 0x8000b25e (0x03a127b3) x15 0xfc65f358
core   0: 0x8000b262 (0x40f5d333) sra     t1, a1, a5
core   0: 3 0x8000b262 (0x40f5d333) x6  0x00000000
core   0: 0x8000b266 (0x00009a7d) c.andi  a2, -1
core   0: 3 0x8000b266 (0x9a7d) x12 0x00000000
core   0: 0x8000b268 (0x03f4c933) div     s2, s1, t6
core   0: 3 0x8000b268 (0x03f4c933) x18 0x00000000
core   0: 0x8000b26c (0x01875293) srli    t0, a4, 24
core   0: 3 0x8000b26c (0x01875293) x5  0x00000080
core   0: 0x8000b270 (0x00c46033) or      zero, s0, a2
core   0: 3 0x8000b270 (0x00c46033)
core   0: 0x8000b274 (0x0287df33) divu    t5, a5, s0
core   0: 3 0x8000b274 (0x0287df33) x30 0x00000004
core   0: 0x8000b278 (0x6cb20a13) addi    s4, tp, 1739
core   0: 3 0x8000b278 (0x6cb20a13) x20 0x000006cb
core   0: 0x8000b27c (0x0140b533) sltu    a0, ra, s4
core   0: 3 0x8000b27c (0x0140b533) x10 0x00000001
core   0: 0x8000b280 (0x020bf2b3) remu    t0, s7, zero
core   0: 3 0x8000b280 (0x020bf2b3) x5  0x16b0d03c
core   0: 0x8000b284 (0x00913633) sltu    a2, sp, s1
core   0: 3 0x8000b284 (0x00913633) x12 0x00000000
core   0: 0x8000b288 (0x01575233) srl     tp, a4, s5
core   0: 3 0x8000b288 (0x01575233) x4  0x02000a74
core   0: 0x8000b28c (0x3400b0f3) csrrc   ra, mscratch, ra
core   0: 3 0x8000b28c (0x3400b0f3) x1  0x00000010 c832_mscratch 0x00000010
core   0: 0x8000b290 (0x00008796) c.mv    a5, t0
core   0: 3 0x8000b290 (0x8796) x15 0x16b0d03c
core   0: 0x8000b292 (0x00008e39) c.xor   a2, a4
core   0: 3 0x8000b292 (0x8e39) x12 0x80029d24
core   0: 0x8000b294 (0x02c10163) beq     sp, a2, pc + 34
core   0: 3 0x8000b294 (0x02c10163)
core   0: 0x8000b298 (0x009a6563) bltu    s4, s1, pc + 10
core   0: 3 0x8000b298 (0x009a6563)
core   0: 0x8000b2a2 (0x02712db3) mulhsu  s11, sp, t2
core   0: 3 0x8000b2a2 (0x02712db3) x27 0xfffffb45
core   0: 0x8000b2a6 (0x0000100f) fence.i
core   0: 3 0x8000b2a6 (0x0000100f)
core   0: 0x8000b2aa (0x00000001) c.nop
core   0: 3 0x8000b2aa (0x0001)
core   0: 0x8000b2ac (0x403e0433) sub     s0, t3, gp
core   0: 3 0x8000b2ac (0x403e0433) x8  0xffffbed7
core   0: 0x8000b2b0 (0x00000001) c.nop
core   0: 3 0x8000b2b0 (0x0001)
core   0: 0x8000b2b2 (0x6c191d37) lui     s10, 0x6c191
core   0: 3 0x8000b2b2 (0x6c191d37) x26 0x6c191000
core   0: 0x8000b2b6 (0x3b707cb7) lui     s9, 0x3b707
core   0: 3 0x8000b2b6 (0x3b707cb7) x25 0x3b707000
core   0: 0x8000b2ba (0x0000577d) c.li    a4, -1
core   0: 3 0x8000b2ba (0x577d) x14 0xffffffff
core   0: 0x8000b2bc (0x02c084b3) mul     s1, ra, a2
core   0: 3 0x8000b2bc (0x02c084b3) x9  0x0029d240
core   0: 0x8000b2c0 (0x340892f3) csrrw   t0, mscratch, a7
core   0: 3 0x8000b2c0 (0x340892f3) x5  0x00000010 c832_mscratch 0x00000001
core   0: 0x8000b2c4 (0x01369cb3) sll     s9, a3, s3
core   0: 3 0x8000b2c4 (0x01369cb3) x25 0x80029d24
core   0: 0x8000b2c8 (0x00dd2633) slt     a2, s10, a3
core   0: 3 0x8000b2c8 (0x00dd2633) x12 0x00000000
core   0: 0x8000b2cc (0x03190333) mul     t1, s2, a7
core   0: 3 0x8000b2cc (0x03190333) x6  0x00000000
core   0: 0x8000b2d0 (0x00008c9d) c.sub   s1, a5
core   0: 3 0x8000b2d0 (0x8c9d) x9  0xe9790204
core   0: 0x8000b2d2 (0x030237b3) mulhu   a5, tp, a6
core   0: 3 0x8000b2d2 (0x030237b3) x15 0x00000000
core   0: 0x8000b2d6 (0x00fd83b3) add     t2, s11, a5
core   0: 3 0x8000b2d6 (0x00fd83b3) x7  0xfffffb45
core   0: 0x8000b2da (0x00000741) c.addi  a4, 16
core   0: 3 0x8000b2da (0x0741) x14 0x0000000f
core   0: 0x8000b2dc (0x01861393) slli    t2, a2, 24
core   0: 3 0x8000b2dc (0x01861393) x7  0x00000000
core   0: 0x8000b2e0 (0x00008cdd) c.or    s1, a5
core   0: 3 0x8000b2e0 (0x8cdd) x9  0xe9790204
core   0: 0x8000b2e2 (0x0000e617) auipc   a2, 0xe
core   0: 3 0x8000b2e2 (0x0000e617) x12 0x800192e2
core   0: 0x8000b2e6 (0x70b60613) addi    a2, a2, 1803
core   0: 3 0x8000b2e6 (0x70b60613) x12 0x800199ed
core   0: 0x8000b2ea (0x41100433) sub     s0, zero, a7
core   0: 3 0x8000b2ea (0x41100433) x8  0xffffffff
core   0: 0x8000b2ee (0x00460183) lb      gp, 4(a2)
core   0: 3 0x8000b2ee (0x00460183) x3  0x0000005a mem 0x800199f1
core   0: 0x8000b2f2 (0xfff61e83) lh      t4, -1(a2)
core   0: 3 0x8000b2f2 (0xfff61e83) x29 0xffffd026 mem 0x800199ec
core   0: 0x8000b2f6 (0x419f5313) srai    t1, t5, 25
core   0: 3 0x8000b2f6 (0x419f5313) x6  0x00000000
core   0: 0x8000b2fa (0x00164403) lbu     s0, 1(a2)
core   0: 3 0x8000b2fa (0x00164403) x8  0x0000009f mem 0x800199ee
core   0: 0x8000b2fe (0x11f48a93) addi    s5, s1, 287
core   0: 3 0x8000b2fe (0x11f48a93) x21 0xe9790323
core   0: 0x8000b302 (0x00064d83) lbu     s11, 0(a2)
core   0: 3 0x8000b302 (0x00064d83) x27 0x000000d0 mem 0x800199ed
core   0: 0x8000b306 (0xfff62f03) lw      t5, -1(a2)
core   0: 3 0x8000b306 (0xfff62f03) x30 0x169fd026 mem 0x800199ec
core   0: 0x8000b30a (0x00000001) c.nop
core   0: 3 0x8000b30a (0x0001)
core   0: 0x8000b30c (0x00a64a83) lbu     s5, 10(a2)
core   0: 3 0x8000b30c (0x00a64a83) x21 0x00000094 mem 0x800199f7
core   0: 0x8000b310 (0x01c616a3) sh      t3, 13(a2)
core   0: 3 0x8000b310 (0x01c616a3) mem 0x800199fa 0x5e0c
core   0: 0x8000b314 (0xff360a23) sb      s3, -12(a2)
core   0: 3 0x8000b314 (0xff360a23) mem 0x800199e1 0x20
core   0: 0x8000b318 (0x000017fd) c.addi  a5, -1
core   0: 3 0x8000b318 (0x17fd) x15 0xffffffff
core   0: 0x8000b31a (0x00060a03) lb      s4, 0(a2)
core   0: 3 0x8000b31a (0x00060a03) x20 0xffffffd0 mem 0x800199ed
core   0: 0x8000b31e (0x001612a3) sh      ra, 5(a2)
core   0: 3 0x8000b31e (0x001612a3) mem 0x800199f2 0x0010
core   0: 0x8000b322 (0x00a60483) lb      s1, 10(a2)
core   0: 3 0x8000b322 (0x00a60483) x9  0xffffff94 mem 0x800199f7
core   0: 0x8000b326 (0x00260703) lb      a4, 2(a2)
core   0: 3 0x8000b326 (0x00260703) x14 0x00000016 mem 0x800199ef
core   0: 0x8000b32a (0xff365f03) lhu     t5, -13(a2)
core   0: 3 0x8000b32a (0xff365f03) x30 0x00002088 mem 0x800199e0
core   0: 0x8000b32e (0x00000599) c.addi  a1, 6
core   0: 3 0x8000b32e (0x0599) x11 0x00000006
core   0: 0x8000b330 (0xffa64083) lbu     ra, -6(a2)
core   0: 3 0x8000b330 (0xffa64083) x1  0x0000004e mem 0x800199e7
core   0: 0x8000b334 (0x00e64503) lbu     a0, 14(a2)
core   0: 3 0x8000b334 (0x00e64503) x10 0x0000005e mem 0x800199fb
core   0: 0x8000b338 (0xffc64c03) lbu     s8, -4(a2)
core   0: 3 0x8000b338 (0xffc64c03) x24 0x000000b6 mem 0x800199e9
core   0: 0x8000b33c (0xffd61ea3) sh      t4, -3(a2)
core   0: 3 0x8000b33c (0xffd61ea3) mem 0x800199ea 0xd026
core   0: 0x8000b340 (0x00008d15) c.sub   a0, a3
core   0: 3 0x8000b340 (0x8d15) x10 0x7ffd633a
core   0: 0x8000b342 (0x0228cf33) div     t5, a7, sp
core   0: 3 0x8000b342 (0x0228cf33) x30 0x00000000
core   0: 0x8000b346 (0xfee60fa3) sb      a4, -1(a2)
core   0: 3 0x8000b346 (0xfee60fa3) mem 0x800199ec 0x16
core   0: 0x8000b34a (0xfe560823) sb      t0, -16(a2)
core   0: 3 0x8000b34a (0xfe560823) mem 0x800199dd 0x10
core   0: 0x8000b34e (0x000dbcb3) sltu    s9, s11, zero
core   0: 3 0x8000b34e (0x000dbcb3) x25 0x00000000
core   0: 0x8000b352 (0xffd60203) lb      tp, -3(a2)
core   0: 3 0x8000b352 (0xffd60203) x4  0x00000026 mem 0x800199ea
core   0: 0x8000b356 (0x00762a83) lw      s5, 7(a2)
core   0: 3 0x8000b356 (0x00762a83) x21 0x940ab9e3 mem 0x800199f4
core   0: 0x8000b35a (0x02dbb933) mulhu   s2, s7, a3
core   0: 3 0x8000b35a (0x02dbb933) x18 0x0b58a36d
core   0: 0x8000b35e (0xff165b03) lhu     s6, -15(a2)
core   0: 3 0x8000b35e (0xff165b03) x22 0x00003d94 mem 0x800199de
core   0: 0x8000b362 (0x00225813) srli    a6, tp, 2
core   0: 3 0x8000b362 (0x00225813) x16 0x00000009
core   0: 0x8000b366 (0xff960ca3) sb      s9, -7(a2)
core   0: 3 0x8000b366 (0xff960ca3) mem 0x800199e6 0x00
core   0: 0x8000b36a (0x01460423) sb      s4, 8(a2)
core   0: 3 0x8000b36a (0x01460423) mem 0x800199f5 0xd0
core   0: 0x8000b36e (0x00e60303) lb      t1, 14(a2)
core   0: 3 0x8000b36e (0x00e60303) x6  0x0000005e mem 0x800199fb
core   0: 0x8000b372 (0x0000100f) fence.i
core   0: 3 0x8000b372 (0x0000100f)
core   0: 0x8000b376 (0x01155b13) srli    s6, a0, 17
core   0: 3 0x8000b376 (0x01155b13) x22 0x00003ffe
core   0: 0x8000b37a (0x0000e89d) c.bnez  s1, pc + 54
core   0: 3 0x8000b37a (0xe89d)
core   0: 0x8000b3b0 (0x0ff0000f) fence   iorw,iorw
core   0: 3 0x8000b3b0 (0x0ff0000f)
core   0: 0x8000b3b4 (0x0209eab3) rem     s5, s3, zero
core   0: 3 0x8000b3b4 (0x0209eab3) x21 0x00000020
core   0: 0x8000b3b8 (0xe58ebc13) sltiu   s8, t4, -424
core   0: 3 0x8000b3b8 (0xe58ebc13) x24 0x00000001
core   0: 0x8000b3bc (0x00008189) c.srli  a1, 2
core   0: 3 0x8000b3bc (0x8189) x11 0x00000001
core   0: 0x8000b3be (0x029a6933) rem     s2, s4, s1
core   0: 3 0x8000b3be (0x029a6933) x18 0xffffffd0
core   0: 0x8000b3c2 (0x3cdd3413) sltiu   s0, s10, 973
core   0: 3 0x8000b3c2 (0x3cdd3413) x8  0x00000000
core   0: 0x8000b3c6 (0x5f42e413) ori     s0, t0, 1524
core   0: 3 0x8000b3c6 (0x5f42e413) x8  0x000005f4
core   0: 0x8000b3ca (0x00a7ceb3) xor     t4, a5, a0
core   0: 3 0x8000b3ca (0x00a7ceb3) x29 0x80029cc5
core   0: 0x8000b3ce (0xf2344893) xori    a7, s0, -221
core   0: 3 0x8000b3ce (0xf2344893) x17 0xfffffad7
core   0: 0x8000b3d2 (0x038431b3) mulhu   gp, s0, s8
core   0: 3 0x8000b3d2 (0x038431b3) x3  0x00000000
core   0: 0x8000b3d6 (0x340033f3) csrrc   t2, mscratch, zero
core   0: 3 0x8000b3d6 (0x340033f3) x7  0x00000001
core   0: 0x8000b3da (0x01858963) beq     a1, s8, pc + 18
core   0: 3 0x8000b3da (0x01858963)
core   0: 0x8000b3ec (0x02a1da33) divu    s4, gp, a0
core   0: 3 0x8000b3ec (0x02a1da33) x20 0x00000000
core   0: 0x8000b3f0 (0x00006ac1) c.lui   s5, 0x10
core   0: 3 0x8000b3f0 (0x6ac1) x21 0x00010000
core   0: 0x8000b3f2 (0x00000001) c.nop
core   0: 3 0x8000b3f2 (0x0001)
core   0: 0x8000b3f4 (0x007d1f63) bne     s10, t2, pc + 30
core   0: 3 0x8000b3f4 (0x007d1f63)
core   0: 0x8000b412 (0x03eccb63) blt     s9, t5, pc + 54
core   0: 3 0x8000b412 (0x03eccb63)
core   0: 0x8000b416 (0x00008d31) c.xor   a0, a2
core   0: 3 0x8000b416 (0x8d31) x10 0xfffcfad7
core   0: 0x8000b418 (0x008f9d93) slli    s11, t6, 8
core   0: 3 0x8000b418 (0x008f9d93) x27 0x029f3500
core   0: 0x8000b41c (0x03cb4263) blt     s6, t3, pc + 36
core   0: 3 0x8000b41c (0x03cb4263)
core   0: 0x8000b420 (0x03820e63) beq     tp, s8, pc + 60
core   0: 3 0x8000b420 (0x03820e63)
core   0: 0x8000b424 (0x03c233b3) mulhu   t2, tp, t3
core   0: 3 0x8000b424 (0x03c233b3) x7  0x00000013
core   0: 0x8000b428 (0x00008b8a) c.mv    s7, sp
core   0: 3 0x8000b428 (0x8b8a) x23 0xfc65f358
core   0: 0x8000b42a (0x340a35f3) csrrc   a1, mscratch, s4
core   0: 3 0x8000b42a (0x340a35f3) x11 0x00000001 c832_mscratch 0x00000001
core   0: 0x8000b42e (0x01fad4b3) srl     s1, s5, t6
core   0: 3 0x8000b42e (0x01fad4b3) x9  0x00000000
core   0: 0x8000b432 (0x00140f33) add     t5, s0, ra
core   0: 3 0x8000b432 (0x00140f33) x30 0x00000642
core   0: 0x8000b436 (0x02ca62b3) rem     t0, s4, a2
core   0: 3 0x8000b436 (0x02ca62b3) x5  0x00000000
core   0: 0x8000b43a (0x0000036d) c.addi  t1, 27
core   0: 3 0x8000b43a (0x036d) x6  0x00000079
core   0: 0x8000b43c (0x181aac93) slti    s9, s5, 385
core   0: 3 0x8000b43c (0x181aac93) x25 0x00000000
core   0: 0x8000b440 (0x340423f3) csrrs   t2, mscratch, s0
core   0: 3 0x8000b440 (0x340423f3) x7  0x00000001 c832_mscratch 0x000005f5
core   0: 0x8000b444 (0x34006773) csrrsi  a4, mscratch, 0
core   0: 3 0x8000b444 (0x34006773) x14 0x000005f5
core   0: 0x8000b448 (0x03ce63b3) rem     t2, t3, t3
core   0: 3 0x8000b448 (0x03ce63b3) x7  0x00000000
core   0: 0x8000b44c (0x00ba8363) beq     s5, a1, pc + 6
core   0: 3 0x8000b44c (0x00ba8363)
core   0: 0x8000b450 (0x0000557d) c.li    a0, -1
core   0: 3 0x8000b450 (0x557d) x10 0xffffffff
core   0: 0x8000b452 (0x0000656d) c.lui   a0, 0x1b
core   0: 3 0x8000b452 (0x656d) x10 0x0001b000
core   0: 0x8000b454 (0x340f1673) csrrw   a2, mscratch, t5
core   0: 3 0x8000b454 (0x340f1673) x12 0x000005f5 c832_mscratch 0x00000642
core   0: 0x8000b458 (0x000090ae) c.add   ra, a1
core   0: 3 0x8000b458 (0x90ae) x1  0x0000004f
core   0: 0x8000b45a (0x00008fe1) c.and   a5, s0
core   0: 3 0x8000b45a (0x8fe1) x15 0x000005f4
core   0: 0x8000b45c (0x01b29a33) sll     s4, t0, s11
core   0: 3 0x8000b45c (0x01b29a33) x20 0x00000000
core   0: 0x8000b460 (0x00008479) c.srai  s0, 30
core   0: 3 0x8000b460 (0x8479) x8  0x00000000
core   0: 0x8000b462 (0x039509b3) mul     s3, a0, s9
core   0: 3 0x8000b462 (0x039509b3) x19 0x00000000
core   0: 0x8000b466 (0x00008631) c.srai  a2, 12
core   0: 3 0x8000b466 (0x8631) x12 0x00000000
core   0: 0x8000b468 (0x02536d63) bltu    t1, t0, pc + 58
core   0: 3 0x8000b468 (0x02536d63)
core   0: 0x8000b46c (0x00eb79b3) and     s3, s6, a4
core   0: 3 0x8000b46c (0x00eb79b3) x19 0x000005f4
core   0: 0x8000b470 (0x00000001) c.nop
core   0: 3 0x8000b470 (0x0001)
core   0: 0x8000b472 (0x000081d1) c.srli  a1, 20
core   0: 3 0x8000b472 (0x81d1) x11 0x00000000
core   0: 0x8000b474 (0x00008fb5) c.xor   a5, a3
core   0: 3 0x8000b474 (0x8fb5) x15 0x800298d0
core   0: 0x8000b476 (0x02040c33) mul     s8, s0, zero
core   0: 3 0x8000b476 (0x02040c33) x24 0x00000000
core   0: 0x8000b47a (0x03a11263) bne     sp, s10, pc + 36
core   0: 3 0x8000b47a (0x03a11263)
core   0: 0x8000b49e (0x79a1b493) sltiu   s1, gp, 1946
core   0: 3 0x8000b49e (0x79a1b493) x9  0x00000001
core   0: 0x8000b4a2 (0x000008dd) c.addi  a7, 23
core   0: 3 0x8000b4a2 (0x08dd) x17 0xfffffaee
core   0: 0x8000b4a4 (0x00d31d93) slli    s11, t1, 13
core   0: 3 0x8000b4a4 (0x00d31d93) x27 0x000f2000
core   0: 0x8000b4a8 (0x03cb1263) bne     s6, t3, pc + 36
core   0: 3 0x8000b4a8 (0x03cb1263)
core   0: 0x8000b4cc (0x00008ff9) c.and   a5, a4
core   0: 3 0x8000b4cc (0x8ff9) x15 0x000000d0
core   0: 0x8000b4ce (0x01dbee63) bltu    s7, t4, pc + 28
core   0: 3 0x8000b4ce (0x01dbee63)
core   0: 0x8000b4d2 (0x34051ff3) csrrw   t6, mscratch, a0
core   0: 3 0x8000b4d2 (0x34051ff3) x31 0x00000642 c832_mscratch 0x0001b000
core   0: 0x8000b4d6 (0x340e9c73) csrrw   s8, mscratch, t4
core   0: 3 0x8000b4d6 (0x340e9c73) x24 0x0001b000 c832_mscratch 0x80029cc5
core   0: 0x8000b4da (0x038b2d33) mulhsu  s10, s6, s8
core   0: 3 0x8000b4da (0x038b2d33) x26 0x00000000
core   0: 0x8000b4de (0x004f9c93) slli    s9, t6, 4
core   0: 3 0x8000b4de (0x004f9c93) x25 0x00006420
core   0: 0x8000b4e2 (0x4131da33) sra     s4, gp, s3
core   0: 3 0x8000b4e2 (0x4131da33) x20 0x00000000
core   0: 0x8000b4e6 (0x0000100f) fence.i
core   0: 3 0x8000b4e6 (0x0000100f)
core   0: 0x8000b4ea (0x00008e51) c.or    a2, a2
core   0: 3 0x8000b4ea (0x8e51) x12 0x00000000
core   0: 0x8000b4ec (0x7bedf293) andi    t0, s11, 1982
core   0: 3 0x8000b4ec (0x7bedf293) x5  0x00000000
core   0: 0x8000b4f0 (0x7aad8393) addi    t2, s11, 1962
core   0: 3 0x8000b4f0 (0x7aad8393) x7  0x000f27aa
core   0: 0x8000b4f4 (0x000098fd) c.andi  s1, -1
core   0: 3 0x8000b4f4 (0x98fd) x9  0x00000001
core   0: 0x8000b4f6 (0x037b1db3) mulh    s11, s6, s7
core   0: 3 0x8000b4f6 (0x037b1db3) x27 0xffffff19
core   0: 0x8000b4fa (0x00000001) c.nop
core   0: 3 0x8000b4fa (0x0001)
core   0: 0x8000b4fc (0x05455563) bge     a0, s4, pc + 74
core   0: 3 0x8000b4fc (0x05455563)
core   0: 0x8000b546 (0x025dc4b3) div     s1, s11, t0
core   0: 3 0x8000b546 (0x025dc4b3) x9  0xffffffff
core   0: 0x8000b54a (0x41c251b3) sra     gp, tp, t3
core   0: 3 0x8000b54a (0x41c251b3) x3  0x00000000
core   0: 0x8000b54e (0x340d94f3) csrrw   s1, mscratch, s11
core   0: 3 0x8000b54e (0x340d94f3) x9  0x80029cc5 c832_mscratch 0xffffff19
core   0: 0x8000b552 (0x00008252) c.mv    tp, s4
core   0: 3 0x8000b552 (0x8252) x4  0x00000000
core   0: 0x8000b554 (0x00008c51) c.or    s0, a2
core   0: 3 0x8000b554 (0x8c51) x8  0x00000000
core   0: 0x8000b556 (0x0173ee63) bltu    t2, s7, pc + 28
core   0: 3 0x8000b556 (0x0173ee63)
core   0: 0x8000b572 (0x411bd493) srai    s1, s7, 17
core   0: 3 0x8000b572 (0x411bd493) x9  0xfffffe32
core   0: 0x8000b576 (0x40295c33) sra     s8, s2, sp
core   0: 3 0x8000b576 (0x40295c33) x24 0xffffffff
core   0: 0x8000b57a (0x57b22593) slti    a1, tp, 1403
core   0: 3 0x8000b57a (0x57b22593) x11 0x00000001
core   0: 0x8000b57e (0x0273cc33) div     s8, t2, t2
core   0: 3 0x8000b57e (0x0273cc33) x24 0x00000001
core   0: 0x8000b582 (0x0000100f) fence.i
core   0: 3 0x8000b582 (0x0000100f)
core   0: 0x8000b586 (0x00f879b3) and     s3, a6, a5
core   0: 3 0x8000b586 (0x00f879b3) x19 0x00000000
core   0: 0x8000b58a (0x340b2373) csrrs   t1, mscratch, s6
core   0: 3 0x8000b58a (0x340b2373) x6  0xffffff19 c832_mscratch 0xffffffff
core   0: 0x8000b58e (0x67750db7) lui     s11, 0x67750
core   0: 3 0x8000b58e (0x67750db7) x27 0x67750000
core   0: 0x8000b592 (0x01951093) slli    ra, a0, 25
core   0: 3 0x8000b592 (0x01951093) x1  0x00000000
core   0: 0x8000b596 (0x00000c71) c.addi  s8, 28
core   0: 3 0x8000b596 (0x0c71) x24 0x0000001d
core   0: 0x8000b598 (0x0016df63) bge     a3, ra, pc + 30
core   0: 3 0x8000b598 (0x0016df63)
core   0: 0x8000b59c (0x01822f33) slt     t5, tp, s8
core   0: 3 0x8000b59c (0x01822f33) x30 0x00000001
core   0: 0x8000b5a0 (0x001ed8b3) srl     a7, t4, ra
core   0: 3 0x8000b5a0 (0x001ed8b3) x17 0x80029cc5
core   0: 0x8000b5a4 (0x00009a46) c.add   s4, a7
core   0: 3 0x8000b5a4 (0x9a46) x20 0x80029cc5
core   0: 0x8000b5a6 (0x00008fa1) c.xor   a5, s0
core   0: 3 0x8000b5a6 (0x8fa1) x15 0x000000d0
core   0: 0x8000b5a8 (0x00000001) c.nop
core   0: 3 0x8000b5a8 (0x0001)
core   0: 0x8000b5aa (0x32c24a97) auipc   s5, 0x32c24
core   0: 3 0x8000b5aa (0x32c24a97) x21 0xb2c2f5aa
core   0: 0x8000b5ae (0x34049ef3) csrrw   t4, mscratch, s1
core   0: 3 0x8000b5ae (0x34049ef3) x29 0xffffffff c832_mscratch 0xfffffe32
core   0: 0x8000b5b2 (0x01afdcb3) srl     s9, t6, s10
core   0: 3 0x8000b5b2 (0x01afdcb3) x25 0x00000642
core   0: 0x8000b5b6 (0x004350b3) srl     ra, t1, tp
core   0: 3 0x8000b5b6 (0x004350b3) x1  0xffffff19
core   0: 0x8000b5ba (0x41ee0533) sub     a0, t3, t5
core   0: 3 0x8000b5ba (0x41ee0533) x10 0x80025e0b
core   0: 0x8000b5be (0x0000c089) c.beqz  s1, pc + 2
core   0: 3 0x8000b5be (0xc089)
core   0: 0x8000b5c0 (0x414bd2b3) sra     t0, s7, s4
core   0: 3 0x8000b5c0 (0x414bd2b3) x5  0xffe32f9a
core   0: 0x8000b5c4 (0x00008c81) c.sub   s1, s0
core   0: 3 0x8000b5c4 (0x8c81) x9  0xfffffe32
core   0: 0x8000b5c6 (0x30af0a13) addi    s4, t5, 778
core   0: 3 0x8000b5c6 (0x30af0a13) x20 0x0000030b
core   0: 0x8000b5ca (0x00008f35) c.xor   a4, a3
core   0: 3 0x8000b5ca (0x8f35) x14 0x800298d1
core   0: 0x8000b5cc (0x009085b3) add     a1, ra, s1
core   0: 3 0x8000b5cc (0x009085b3) x11 0xfffffd4b
core   0: 0x8000b5d0 (0xd2e4e293) ori     t0, s1, -722
core   0: 3 0x8000b5d0 (0xd2e4e293) x5  0xffffff3e
core   0: 0x8000b5d4 (0x0000997d) c.andi  a0, -1
core   0: 3 0x8000b5d4 (0x997d) x10 0x80025e0b
core   0: 0x8000b5d6 (0x01c3e8b3) or      a7, t2, t3
core   0: 3 0x8000b5d6 (0x01c3e8b3) x17 0x800f7fae
core   0: 0x8000b5da (0x01761d13) slli    s10, a2, 23
core   0: 3 0x8000b5da (0x01761d13) x26 0x00000000
core   0: 0x8000b5de (0x00dcb9b3) sltu    s3, s9, a3
core   0: 3 0x8000b5de (0x00dcb9b3) x19 0x00000001
core   0: 0x8000b5e2 (0x00008d21) c.xor   a0, s0
core   0: 3 0x8000b5e2 (0x8d21) x10 0x80025e0b
core   0: 0x8000b5e4 (0x00c11713) slli    a4, sp, 12
core   0: 3 0x8000b5e4 (0x00c11713) x14 0x5f358000
core   0: 0x8000b5e8 (0x401ada13) srai    s4, s5, 1
core   0: 3 0x8000b5e8 (0x401ada13) x20 0xd9617ad5
core   0: 0x8000b5ec (0x00008c25) c.xor   s0, s1
core   0: 3 0x8000b5ec (0x8c25) x8  0xfffffe32
core   0: 0x8000b5ee (0x004e2783) lw      a5, 4(t3)
core   0: 3 0x8000b5ee (0x004e2783) x15 0x8000b652 mem 0x80025e10
core   0: 0x8000b5f2 (0x0262fc33) remu    s8, t0, t1
core   0: 3 0x8000b5f2 (0x0262fc33) x24 0x00000025
core   0: 0x8000b5f6 (0x00000e61) c.addi  t3, 24
core   0: 3 0x8000b5f6 (0x0e61) x28 0x80025e24
core   0: 0x8000b5f8 (0x34072b73) csrrs   s6, mscratch, a4
core   0: 3 0x8000b5f8 (0x34072b73) x22 0xfffffe32 c832_mscratch 0xfffffe32
core   0: 0x8000b5fc (0x00008895) c.andi  s1, 5
core   0: 3 0x8000b5fc (0x8895) x9  0x00000000
core   0: 0x8000b5fe (0x3404bf73) csrrc   t5, mscratch, s1
core   0: 3 0x8000b5fe (0x3404bf73) x30 0xfffffe32 c832_mscratch 0xfffffe32
core   0: 0x8000b602 (0x00008dcd) c.or    a1, a1
core   0: 3 0x8000b602 (0x8dcd) x11 0xfffffd4b
core   0: 0x8000b604 (0x00078f13) mv      t5, a5
core   0: 3 0x8000b604 (0x00078f13) x30 0x8000b652
core   0: 0x8000b608 (0x00008f02) c.jr    t5
core   0: 3 0x8000b608 (0x8f02)
core   0: 0x8000b652 (0x01fb2ab3) slt     s5, s6, t6
core   0: 3 0x8000b652 (0x01fb2ab3) x21 0x00000001
core   0: 0x8000b656 (0xfffff597) auipc   a1, 0xfffff
core   0: 3 0x8000b656 (0xfffff597) x11 0x8000a656
core   0: 0x8000b65a (0xfce58593) addi    a1, a1, -50
core   0: 3 0x8000b65a (0xfce58593) x11 0x8000a624
core   0: 0x8000b65e (0x25d5a213) slti    tp, a1, 605
core   0: 3 0x8000b65e (0x25d5a213) x4  0x00000001
core   0: 0x8000b662 (0x12958593) addi    a1, a1, 297
core   0: 3 0x8000b662 (0x12958593) x11 0x8000a74d
core   0: 0x8000b666 (0x012b9c63) bne     s7, s2, pc + 24
core   0: 3 0x8000b666 (0x012b9c63)
core   0: 0x8000b67e (0xed8587e7) jalr    a5, a1, -296
core   0: 3 0x8000b67e (0xed8587e7) x15 0x8000b682
core   0: 0x8000a624 (0x00006f1d) c.lui   t5, 0x7
core   0: 3 0x8000a624 (0x6f1d) x30 0x00007000
core   0: 0x8000a626 (0x024df163) bgeu    s11, tp, pc + 34
core   0: 3 0x8000a626 (0x024df163)
core   0: 0x8000a648 (0x00001e41) c.addi  t3, -16
core   0: 3 0x8000a648 (0x1e41) x28 0x80025e14
core   0: 0x8000a64a (0x00fe2223) sw      a5, 4(t3)
core   0: 3 0x8000a64a (0x00fe2223) mem 0x80025e18 0x8000b682
core   0: 0x8000a64e (0x03b2fa33) remu    s4, t0, s11
core   0: 3 0x8000a64e (0x03b2fa33) x20 0x3115ff3e
core   0: 0x8000a652 (0x00001a7d) c.addi  s4, -1
core   0: 3 0x8000a652 (0x1a7d) x20 0x3115ff3d
core   0: 0x8000a654 (0x35cb6413) ori     s0, s6, 860
core   0: 3 0x8000a654 (0x35cb6413) x8  0xffffff7e
core   0: 0x8000a658 (0x3402f973) csrrci  s2, mscratch, 5
core   0: 3 0x8000a658 (0x3402f973) x18 0xfffffe32 c832_mscratch 0xfffffe32
core   0: 0x8000a65c (0xd0de2e93) slti    t4, t3, -755
core   0: 3 0x8000a65c (0xd0de2e93) x29 0x00000001
core   0: 0x8000a660 (0x000089c1) c.andi  a1, 16
core   0: 3 0x8000a660 (0x89c1) x11 0x00000000
core   0: 0x8000a662 (0x00008dd9) c.or    a1, a4
core   0: 3 0x8000a662 (0x8dd9) x11 0x5f358000
core   0: 0x8000a664 (0x000083e9) c.srli  a5, 26
core   0: 3 0x8000a664 (0x83e9) x15 0x00000020
core   0: 0x8000a666 (0x340f37f3) csrrc   a5, mscratch, t5
core   0: 3 0x8000a666 (0x340f37f3) x15 0xfffffe32 c832_mscratch 0xffff8e32
core   0: 0x8000a66a (0x02395663) bge     s2, gp, pc + 44
core   0: 3 0x8000a66a (0x02395663)
core   0: 0x8000a66e (0x000017fd) c.addi  a5, -1
core   0: 3 0x8000a66e (0x17fd) x15 0xfffffe31
core   0: 0x8000a670 (0x00566633) or      a2, a2, t0
core   0: 3 0x8000a670 (0x00566633) x12 0xffffff3e
core   0: 0x8000a674 (0x0000100f) fence.i
core   0: 3 0x8000a674 (0x0000100f)
core   0: 0x8000a678 (0x02619663) bne     gp, t1, pc + 44
core   0: 3 0x8000a678 (0x02619663)
core   0: 0x8000a6a4 (0x0000997d) c.andi  a0, -1
core   0: 3 0x8000a6a4 (0x997d) x10 0x80025e0b
core   0: 0x8000a6a6 (0x41f107b3) sub     a5, sp, t6
core   0: 3 0x8000a6a6 (0x41f107b3) x15 0xfc65ed16
core   0: 0x8000a6aa (0xf013c393) xori    t2, t2, -255
core   0: 3 0x8000a6aa (0xf013c393) x7  0xfff0d8ab
core   0: 0x8000a6ae (0x340cdaf3) csrrwi  s5, mscratch, 25
core   0: 3 0x8000a6ae (0x340cdaf3) x21 0xffff8e32 c832_mscratch 0x00000019
core   0: 0x8000a6b2 (0x340f13f3) csrrw   t2, mscratch, t5
core   0: 3 0x8000a6b2 (0x340f13f3) x7  0x00000019 c832_mscratch 0x00007000
core   0: 0x8000a6b6 (0x000099ee) c.add   s3, s11
core   0: 3 0x8000a6b6 (0x99ee) x19 0x67750001
core   0: 0x8000a6b8 (0x02870fb3) mul     t6, a4, s0
core   0: 3 0x8000a6b8 (0x02870fb3) x31 0xa6d50000
core   0: 0x8000a6bc (0x0000072d) c.addi  a4, 11
core   0: 3 0x8000a6bc (0x072d) x14 0x5f35800b
core   0: 0x8000a6be (0xc1233b13) sltiu   s6, t1, -1006
core   0: 3 0x8000a6be (0xc1233b13) x22 0x00000000
core   0: 0x8000a6c2 (0x00008dd9) c.or    a1, a4
core   0: 3 0x8000a6c2 (0x8dd9) x11 0x5f35800b
core   0: 0x8000a6c4 (0x00008d4d) c.or    a0, a1
core   0: 3 0x8000a6c4 (0x8d4d) x10 0xdf37de0b
core   0: 0x8000a6c6 (0x0000e309) c.bnez  a4, pc + 2
core   0: 3 0x8000a6c6 (0xe309)
core   0: 0x8000a6c8 (0x03b9e2b3) rem     t0, s3, s11
core   0: 3 0x8000a6c8 (0x03b9e2b3) x5  0x00000001
core   0: 0x8000a6cc (0x02f531b3) mulhu   gp, a0, a5
core   0: 3 0x8000a6cc (0x02f531b3) x3  0xdc13de57
core   0: 0x8000a6d0 (0x0099d393) srli    t2, s3, 9
core   0: 3 0x8000a6d0 (0x0099d393) x7  0x0033ba80
core   0: 0x8000a6d4 (0x004e2783) lw      a5, 4(t3)
core   0: 3 0x8000a6d4 (0x004e2783) x15 0x8000b682 mem 0x80025e18
core   0: 0x8000a6d8 (0x34003073) csrc    mscratch, zero
core   0: 3 0x8000a6d8 (0x34003073)
core   0: 0x8000a6dc (0xf8bae593) ori     a1, s5, -117
core   0: 3 0x8000a6dc (0xf8bae593) x11 0xffffffbb
core   0: 0x8000a6e0 (0x00000e41) c.addi  t3, 16
core   0: 3 0x8000a6e0 (0x0e41) x28 0x80025e24
core   0: 0x8000a6e2 (0x01d615b3) sll     a1, a2, t4
core   0: 3 0x8000a6e2 (0x01d615b3) x11 0xfffffe7c
core   0: 0x8000a6e6 (0x00008d79) c.and   a0, a4
core   0: 3 0x8000a6e6 (0x8d79) x10 0x5f35800b
core   0: 0x8000a6e8 (0x00000fde) c.slli  t6, 23
core   0: 3 0x8000a6e8 (0x0fde) x31 0x00000000
core   0: 0x8000a6ea (0x340f3a73) csrrc   s4, mscratch, t5
core   0: 3 0x8000a6ea (0x340f3a73) x20 0x00007000 c832_mscratch 0x00000000
core   0: 0x8000a6ee (0x03f43b33) mulhu   s6, s0, t6
core   0: 3 0x8000a6ee (0x03f43b33) x22 0x00000000
core   0: 0x8000a6f2 (0x000099fd) c.andi  a1, -1
core   0: 3 0x8000a6f2 (0x99fd) x11 0xfffffe7c
core   0: 0x8000a6f4 (0x00078b13) mv      s6, a5
core   0: 3 0x8000a6f4 (0x00078b13) x22 0x8000b682
core   0: 0x8000a6f8 (0x00009b02) c.jalr  s6
core   0: 3 0x8000a6f8 (0x9b02) x1  0x8000a6fa
core   0: 0x8000b682 (0x0000977e) c.add   a4, t6
core   0: 3 0x8000b682 (0x977e) x14 0x5f35800b
core   0: 0x8000b684 (0x023b19b3) mulh    s3, s6, gp
core   0: 3 0x8000b684 (0x023b19b3) x19 0x11f5f738
core   0: 0x8000b688 (0x00005b7d) c.li    s6, -1
core   0: 3 0x8000b688 (0x5b7d) x22 0xffffffff
core   0: 0x8000b68a (0x34006973) csrrsi  s2, mscratch, 0
core   0: 3 0x8000b68a (0x34006973) x18 0x00000000
core   0: 0x8000b68e (0xc1c87cb7) lui     s9, 0xc1c87
core   0: 3 0x8000b68e (0xc1c87cb7) x25 0xc1c87000
core   0: 0x8000b692 (0x34005573) csrrwi  a0, mscratch, 0
core   0: 3 0x8000b692 (0x34005573) x10 0x00000000 c832_mscratch 0x00000000
core   0: 0x8000b696 (0x02f77333) remu    t1, a4, a5
core   0: 3 0x8000b696 (0x02f77333) x6  0x5f35800b
core   0: 0x8000b69a (0x34072073) csrs    mscratch, a4
core   0: 3 0x8000b69a (0x34072073) c832_mscratch 0x5f35800b
core   0: 0x8000b69e (0x02f10db3) mul     s11, sp, a5
core   0: 3 0x8000b69e (0x02f10db3) x27 0xa6c622b0
core   0: 0x8000b6a2 (0x0053de63) bge     t2, t0, pc + 28
core   0: 3 0x8000b6a2 (0x0053de63)
core   0: 0x8000b6be (0xf67fe7ef) jal     a5, pc - 0x109a
core   0: 3 0x8000b6be (0xf67fe7ef) x15 0x8000b6c2
core   0: 0x8000a624 (0x00006f1d) c.lui   t5, 0x7
core   0: 3 0x8000a624 (0x6f1d) x30 0x00007000
core   0: 0x8000a626 (0x024df163) bgeu    s11, tp, pc + 34
core   0: 3 0x8000a626 (0x024df163)
core   0: 0x8000a648 (0x00001e41) c.addi  t3, -16
core   0: 3 0x8000a648 (0x1e41) x28 0x80025e14
core   0: 0x8000a64a (0x00fe2223) sw      a5, 4(t3)
core   0: 3 0x8000a64a (0x00fe2223) mem 0x80025e18 0x8000b6c2
core   0: 0x8000a64e (0x03b2fa33) remu    s4, t0, s11
core   0: 3 0x8000a64e (0x03b2fa33) x20 0x00000001
core   0: 0x8000a652 (0x00001a7d) c.addi  s4, -1
core   0: 3 0x8000a652 (0x1a7d) x20 0x00000000
core   0: 0x8000a654 (0x35cb6413) ori     s0, s6, 860
core   0: 3 0x8000a654 (0x35cb6413) x8  0xffffffff
core   0: 0x8000a658 (0x3402f973) csrrci  s2, mscratch, 5
core   0: 3 0x8000a658 (0x3402f973) x18 0x5f35800b c832_mscratch 0x5f35800a
core   0: 0x8000a65c (0xd0de2e93) slti    t4, t3, -755
core   0: 3 0x8000a65c (0xd0de2e93) x29 0x00000001
core   0: 0x8000a660 (0x000089c1) c.andi  a1, 16
core   0: 3 0x8000a660 (0x89c1) x11 0x00000010
core   0: 0x8000a662 (0x00008dd9) c.or    a1, a4
core   0: 3 0x8000a662 (0x8dd9) x11 0x5f35801b
core   0: 0x8000a664 (0x000083e9) c.srli  a5, 26
core   0: 3 0x8000a664 (0x83e9) x15 0x00000020
core   0: 0x8000a666 (0x340f37f3) csrrc   a5, mscratch, t5
core   0: 3 0x8000a666 (0x340f37f3) x15 0x5f35800a c832_mscratch 0x5f35800a
core   0: 0x8000a66a (0x02395663) bge     s2, gp, pc + 44
core   0: 3 0x8000a66a (0x02395663)
core   0: 0x8000a696 (0xf43cfa93) andi    s5, s9, -189
core   0: 3 0x8000a696 (0xf43cfa93) x21 0xc1c87000
core   0: 0x8000a69a (0x014d1eb3) sll     t4, s10, s4
core   0: 3 0x8000a69a (0x014d1eb3) x29 0x00000000
core   0: 0x8000a69e (0x02184833) div     a6, a6, ra
core   0: 3 0x8000a69e (0x02184833) x16 0x00000000
core   0: 0x8000a6a2 (0x00005ffd) c.li    t6, -1
core   0: 3 0x8000a6a2 (0x5ffd) x31 0xffffffff
core   0: 0x8000a6a4 (0x0000997d) c.andi  a0, -1
core   0: 3 0x8000a6a4 (0x997d) x10 0x00000000
core   0: 0x8000a6a6 (0x41f107b3) sub     a5, sp, t6
core   0: 3 0x8000a6a6 (0x41f107b3) x15 0xfc65f359
core   0: 0x8000a6aa (0xf013c393) xori    t2, t2, -255
core   0: 3 0x8000a6aa (0xf013c393) x7  0xffcc4581
core   0: 0x8000a6ae (0x340cdaf3) csrrwi  s5, mscratch, 25
core   0: 3 0x8000a6ae (0x340cdaf3) x21 0x5f35800a c832_mscratch 0x00000019
core   0: 0x8000a6b2 (0x340f13f3) csrrw   t2, mscratch, t5
core   0: 3 0x8000a6b2 (0x340f13f3) x7  0x00000019 c832_mscratch 0x00007000
core   0: 0x8000a6b6 (0x000099ee) c.add   s3, s11
core   0: 3 0x8000a6b6 (0x99ee) x19 0xb8bc19e8
core   0: 0x8000a6b8 (0x02870fb3) mul     t6, a4, s0
core   0: 3 0x8000a6b8 (0x02870fb3) x31 0xa0ca7ff5
core   0: 0x8000a6bc (0x0000072d) c.addi  a4, 11
core   0: 3 0x8000a6bc (0x072d) x14 0x5f358016
core   0: 0x8000a6be (0xc1233b13) sltiu   s6, t1, -1006
core   0: 3 0x8000a6be (0xc1233b13) x22 0x00000001
core   0: 0x8000a6c2 (0x00008dd9) c.or    a1, a4
core   0: 3 0x8000a6c2 (0x8dd9) x11 0x5f35801f
core   0: 0x8000a6c4 (0x00008d4d) c.or    a0, a1
core   0: 3 0x8000a6c4 (0x8d4d) x10 0x5f35801f
core   0: 0x8000a6c6 (0x0000e309) c.bnez  a4, pc + 2
core   0: 3 0x8000a6c6 (0xe309)
core   0: 0x8000a6c8 (0x03b9e2b3) rem     t0, s3, s11
core   0: 3 0x8000a6c8 (0x03b9e2b3) x5  0xb8bc19e8
core   0: 0x8000a6cc (0x02f531b3) mulhu   gp, a0, a5
core   0: 3 0x8000a6cc (0x02f531b3) x3  0x5dde94ba
core   0: 0x8000a6d0 (0x0099d393) srli    t2, s3, 9
core   0: 3 0x8000a6d0 (0x0099d393) x7  0x005c5e0c
core   0: 0x8000a6d4 (0x004e2783) lw      a5, 4(t3)
core   0: 3 0x8000a6d4 (0x004e2783) x15 0x8000b6c2 mem 0x80025e18
core   0: 0x8000a6d8 (0x34003073) csrc    mscratch, zero
core   0: 3 0x8000a6d8 (0x34003073)
core   0: 0x8000a6dc (0xf8bae593) ori     a1, s5, -117
core   0: 3 0x8000a6dc (0xf8bae593) x11 0xffffff8b
core   0: 0x8000a6e0 (0x00000e41) c.addi  t3, 16
core   0: 3 0x8000a6e0 (0x0e41) x28 0x80025e24
core   0: 0x8000a6e2 (0x01d615b3) sll     a1, a2, t4
core   0: 3 0x8000a6e2 (0x01d615b3) x11 0xffffff3e
core   0: 0x8000a6e6 (0x00008d79) c.and   a0, a4
core   0: 3 0x8000a6e6 (0x8d79) x10 0x5f358016
core   0: 0x8000a6e8 (0x00000fde) c.slli  t6, 23
core   0: 3 0x8000a6e8 (0x0fde) x31 0xfa800000
core   0: 0x8000a6ea (0x340f3a73) csrrc   s4, mscratch, t5
core   0: 3 0x8000a6ea (0x340f3a73) x20 0x00007000 c832_mscratch 0x00000000
core   0: 0x8000a6ee (0x03f43b33) mulhu   s6, s0, t6
core   0: 3 0x8000a6ee (0x03f43b33) x22 0xfa7fffff
core   0: 0x8000a6f2 (0x000099fd) c.andi  a1, -1
core   0: 3 0x8000a6f2 (0x99fd) x11 0xffffff3e
core   0: 0x8000a6f4 (0x00078b13) mv      s6, a5
core   0: 3 0x8000a6f4 (0x00078b13) x22 0x8000b6c2
core   0: 0x8000a6f8 (0x00009b02) c.jalr  s6
core   0: 3 0x8000a6f8 (0x9b02) x1  0x8000a6fa
core   0: 0x8000b6c2 (0x03ebcc33) div     s8, s7, t5
core   0: 3 0x8000b6c2 (0x03ebcc33) x24 0xfffff7c5
core   0: 0x8000b6c6 (0x0000c89d) c.beqz  s1, pc + 54
core   0: 3 0x8000b6c6 (0xc89d)
core   0: 0x8000b6fc (0x0278e3b3) rem     t2, a7, t2
core   0: 3 0x8000b6fc (0x0278e3b3) x7  0xffc98c46
core   0: 0x8000b700 (0x0148e233) or      tp, a7, s4
core   0: 3 0x8000b700 (0x0148e233) x4  0x800f7fae
core   0: 0x8000b704 (0x01cbc033) xor     zero, s7, t3
core   0: 3 0x8000b704 (0x01cbc033)
core   0: 0x8000b708 (0x004e2783) lw      a5, 4(t3)
core   0: 3 0x8000b708 (0x004e2783) x15 0x80009fcc mem 0x80025e28
core   0: 0x8000b70c (0x040e0e13) addi    t3, t3, 64
core   0: 3 0x8000b70c (0x040e0e13) x28 0x80025e64
core   0: 0x8000b710 (0x34006073) csrsi   mscratch, 0
core   0: 3 0x8000b710 (0x34006073)
core   0: 0x8000b714 (0x340aa073) csrs    mscratch, s5
core   0: 3 0x8000b714 (0x340aa073) c832_mscratch 0x5f35800a
core   0: 0x8000b718 (0x000050fd) c.li    ra, -1
core   0: 3 0x8000b718 (0x50fd) x1  0xffffffff
core   0: 0x8000b71a (0x00d0e333) or      t1, ra, a3
core   0: 3 0x8000b71a (0x00d0e333) x6  0xffffffff
core   0: 0x8000b71e (0x00078313) mv      t1, a5
core   0: 3 0x8000b71e (0x00078313) x6  0x80009fcc
core   0: 0x8000b722 (0x00009302) c.jalr  t1
core   0: 3 0x8000b722 (0x9302) x1  0x8000b724
core   0: 0x80009fcc (0x0ff0000f) fence   iorw,iorw
core   0: 3 0x80009fcc (0x0ff0000f)
core   0: 0x80009fd0 (0x0ff0000f) fence   iorw,iorw
core   0: 3 0x80009fd0 (0x0ff0000f)
core   0: 0x80009fd4 (0x000c1633) sll     a2, s8, zero
core   0: 3 0x80009fd4 (0x000c1633) x12 0xfffff7c5
core   0: 0x80009fd8 (0x340353f3) csrrwi  t2, mscratch, 6
core   0: 3 0x80009fd8 (0x340353f3) x7  0x5f35800a c832_mscratch 0x00000006
core   0: 0x80009fdc (0x01ad74b3) and     s1, s10, s10
core   0: 3 0x80009fdc (0x01ad74b3) x9  0x00000000
core   0: 0x80009fe0 (0x03475eb3) divu    t4, a4, s4
core   0: 3 0x80009fe0 (0x03475eb3) x29 0x0000d99e
core   0: 0x80009fe4 (0x0000c609) c.beqz  a2, pc + 10
core   0: 3 0x80009fe4 (0xc609)
core   0: 0x80009fe6 (0x00d59463) bne     a1, a3, pc + 8
core   0: 3 0x80009fe6 (0x00d59463)
core   0: 0x80009fee (0x3401d073) csrwi   mscratch, 3
core   0: 3 0x80009fee (0x3401d073) c832_mscratch 0x00000003
core   0: 0x80009ff2 (0x004e2783) lw      a5, 4(t3)
core   0: 3 0x80009ff2 (0x004e2783) x15 0x8000a54a mem 0x80025e68
core   0: 0x80009ff6 (0x00001a7d) c.addi  s4, -1
core   0: 3 0x80009ff6 (0x1a7d) x20 0x00006fff
core   0: 0x80009ff8 (0x00008f25) c.xor   a4, s1
core   0: 3 0x80009ff8 (0x8f25) x14 0x5f358016
core   0: 0x80009ffa (0x02f52fb3) mulhsu  t6, a0, a5
core   0: 3 0x80009ffa (0x02f52fb3) x31 0x2f9afd84
core   0: 0x80009ffe (0x011d53b3) srl     t2, s10, a7
core   0: 3 0x80009ffe (0x011d53b3) x7  0x00000000
core   0: 0x8000a002 (0x030e0e13) addi    t3, t3, 48
core   0: 3 0x8000a002 (0x030e0e13) x28 0x80025e94
core   0: 0x8000a006 (0x004a2bb3) slt     s7, s4, tp
core   0: 3 0x8000a006 (0x004a2bb3) x23 0x00000000
core   0: 0x8000a00a (0x00078993) mv      s3, a5
core   0: 3 0x8000a00a (0x00078993) x19 0x8000a54a
core   0: 0x8000a00e (0x00009982) c.jalr  s3
core   0: 3 0x8000a00e (0x9982) x1  0x8000a010
core   0: 0x8000a54a (0x02bc33b3) mulhu   t2, s8, a1
core   0: 3 0x8000a54a (0x02bc33b3) x7  0xfffff703
core   0: 0x8000a54e (0x03bf8fb3) mul     t6, t6, s11
core   0: 3 0x8000a54e (0x03bf8fb3) x31 0xfc51d2c0
core   0: 0x8000a552 (0xfdfc0313) addi    t1, s8, -33
core   0: 3 0x8000a552 (0xfdfc0313) x6  0xfffff7a4
core   0: 0x8000a556 (0x00006c4d) c.lui   s8, 0x13
core   0: 3 0x8000a556 (0x6c4d) x24 0x00013000
core   0: 0x8000a558 (0x8af85197) auipc   gp, 0x8af85
core   0: 3 0x8000a558 (0x8af85197) x3  0x0af8f558
core   0: 0x8000a55c (0x34063bf3) csrrc   s7, mscratch, a2
core   0: 3 0x8000a55c (0x34063bf3) x23 0x00000003 c832_mscratch 0x00000002
core   0: 0x8000a560 (0x417cdbb3) sra     s7, s9, s7
core   0: 3 0x8000a560 (0x417cdbb3) x23 0xf8390e00
core   0: 0x8000a564 (0x00008c9d) c.sub   s1, a5
core   0: 3 0x8000a564 (0x8c9d) x9  0x7fff5ab6
core   0: 0x8000a566 (0xc39ff7ef) jal     a5, pc - 0x3c8
core   0: 3 0x8000a566 (0xc39ff7ef) x15 0x8000a56a
core   0: 0x8000a19e (0x03985ab3) divu    s5, a6, s9
core   0: 3 0x8000a19e (0x03985ab3) x21 0x00000000
core   0: 0x8000a1a2 (0x340078f3) csrrci  a7, mscratch, 0
core   0: 3 0x8000a1a2 (0x340078f3) x17 0x00000002
core   0: 0x8000a1a6 (0x340e9a73) csrrw   s4, mscratch, t4
core   0: 3 0x8000a1a6 (0x340e9a73) x20 0x00000002 c832_mscratch 0x0000d99e
core   0: 0x8000a1aa (0x472ef893) andi    a7, t4, 1138
core   0: 3 0x8000a1aa (0x472ef893) x17 0x00000012
core   0: 0x8000a1ae (0x0000100f) fence.i
core   0: 3 0x8000a1ae (0x0000100f)
core   0: 0x8000a1b2 (0xfdce0e13) addi    t3, t3, -36
core   0: 3 0x8000a1b2 (0xfdce0e13) x28 0x80025e70
core   0: 0x8000a1b6 (0x02334633) div     a2, t1, gp
core   0: 3 0x8000a1b6 (0x02334633) x12 0x00000000
core   0: 0x8000a1ba (0x34007773) csrrci  a4, mscratch, 0
core   0: 3 0x8000a1ba (0x34007773) x14 0x0000d99e
core   0: 0x8000a1be (0x00fe2223) sw      a5, 4(t3)
core   0: 3 0x8000a1be (0x00fe2223) mem 0x80025e74 0x8000a56a
core   0: 0x8000a1c2 (0x03edc5b3) div     a1, s11, t5
core   0: 3 0x8000a1c2 (0x03edc5b3) x11 0xffff340f
core   0: 0x8000a1c6 (0x00007a97) auipc   s5, 0x7
core   0: 3 0x8000a1c6 (0x00007a97) x21 0x800111c6
core   0: 0x8000a1ca (0x83ca8a93) addi    s5, s5, -1988
core   0: 3 0x8000a1ca (0x83ca8a93) x21 0x80010a02
core   0: 0x8000a1ce (0xff6ac803) lbu     a6, -10(s5)
core   0: 3 0x8000a1ce (0xff6ac803) x16 0x00000076 mem 0x800109f8
core   0: 0x8000a1d2 (0x02137db3) remu    s11, t1, ra
core   0: 3 0x8000a1d2 (0x02137db3) x27 0x7fff5794
core   0: 0x8000a1d6 (0x003e9313) slli    t1, t4, 3
core   0: 3 0x8000a1d6 (0x003e9313) x6  0x0006ccf0
core   0: 0x8000a1da (0x00bac883) lbu     a7, 11(s5)
core   0: 3 0x8000a1da (0x00bac883) x17 0x000000cb mem 0x80010a0d
core   0: 0x8000a1de (0x00ca9123) sh      a2, 2(s5)
core   0: 3 0x8000a1de (0x00ca9123) mem 0x80010a04 0x0000
core   0: 0x8000a1e2 (0xff5acb03) lbu     s6, -11(s5)
core   0: 3 0x8000a1e2 (0xff5acb03) x22 0x00000000 mem 0x800109f7
core   0: 0x8000a1e6 (0x0283cf33) div     t5, t2, s0
core   0: 3 0x8000a1e6 (0x0283cf33) x30 0x000008fd
core   0: 0x8000a1ea (0xff4aca03) lbu     s4, -12(s5)
core   0: 3 0x8000a1ea (0xff4aca03) x20 0x0000009a mem 0x800109f6
core   0: 0x8000a1ee (0x0000187d) c.addi  a6, -1
core   0: 3 0x8000a1ee (0x187d) x16 0x00000075
core   0: 0x8000a1f0 (0x000001f6) c.slli  gp, 29
core   0: 3 0x8000a1f0 (0x01f6) x3  0x00000000
core   0: 0x8000a1f2 (0x002a8123) sb      sp, 2(s5)
core   0: 3 0x8000a1f2 (0x002a8123) mem 0x80010a04 0x58
core   0: 0x8000a1f6 (0x007d9cb3) sll     s9, s11, t2
core   0: 3 0x8000a1f6 (0x007d9cb3) x25 0xfffabca0
core   0: 0x8000a1fa (0x00bac783) lbu     a5, 11(s5)
core   0: 3 0x8000a1fa (0x00bac783) x15 0x000000cb mem 0x80010a0d
core   0: 0x8000a1fe (0xfeca8f23) sb      a2, -2(s5)
core   0: 3 0x8000a1fe (0xfeca8f23) mem 0x80010a00 0x00
core   0: 0x8000a202 (0xffaadf83) lhu     t6, -6(s5)
core   0: 3 0x8000a202 (0xffaadf83) x31 0x0000fb41 mem 0x800109fc
core   0: 0x8000a206 (0x006a9483) lh      s1, 6(s5)
core   0: 3 0x8000a206 (0x006a9483) x9  0xffffd37d mem 0x80010a08
core   0: 0x8000a20a (0xff9a8b23) sb      s9, -10(s5)
core   0: 3 0x8000a20a (0xff9a8b23) mem 0x800109f8 0xa0
core   0: 0x8000a20e (0xfeda8923) sb      a3, -14(s5)
core   0: 3 0x8000a20e (0xfeda8923) mem 0x800109f4 0x24
core   0: 0x8000a212 (0x0000042e) c.slli  s0, 11
core   0: 3 0x8000a212 (0x042e) x8  0xfffff800
core   0: 0x8000a214 (0xfe1aa923) sw      ra, -14(s5)
core   0: 3 0x8000a214 (0xfe1aa923) mem 0x800109f4 0x8000a010
core   0: 0x8000a218 (0xffaa8ea3) sb      s10, -3(s5)
core   0: 3 0x8000a218 (0xffaa8ea3) mem 0x800109ff 0x00
core   0: 0x8000a21c (0x01caa723) sw      t3, 14(s5)
core   0: 3 0x8000a21c (0x01caa723) mem 0x80010a10 0x80025e70
core   0: 0x8000a220 (0xff7ac903) lbu     s2, -9(s5)
core   0: 3 0x8000a220 (0xff7ac903) x18 0x0000002e mem 0x800109f9
core   0: 0x8000a224 (0x0ff0000f) fence   iorw,iorw
core   0: 3 0x8000a224 (0x0ff0000f)
core   0: 0x8000a228 (0x00000001) c.nop
core   0: 3 0x8000a228 (0x0001)
core   0: 0x8000a22a (0xffda9d23) sh      t4, -6(s5)
core   0: 3 0x8000a22a (0xffda9d23) mem 0x800109fc 0xd99e
core   0: 0x8000a22e (0x000080e6) c.mv    ra, s9
core   0: 3 0x8000a22e (0x80e6) x1  0xfffabca0
core   0: 0x8000a230 (0x015a84a3) sb      s5, 9(s5)
core   0: 3 0x8000a230 (0x015a84a3) mem 0x80010a0b 0x02
core   0: 0x8000a234 (0x00009fba) c.add   t6, a4
core   0: 3 0x8000a234 (0x9fba) x31 0x0001d4df
core   0: 0x8000a236 (0x006bd433) srl     s0, s7, t1
core   0: 3 0x8000a236 (0x006bd433) x8  0x0000f839
core   0: 0x8000a23a (0x4d2038b7) lui     a7, 0x4d203
core   0: 3 0x8000a23a (0x4d2038b7) x17 0x4d203000
core   0: 0x8000a23e (0x01425db3) srl     s11, tp, s4
core   0: 3 0x8000a23e (0x01425db3) x27 0x00000020
core   0: 0x8000a242 (0x01ee8cb3) add     s9, t4, t5
core   0: 3 0x8000a242 (0x01ee8cb3) x25 0x0000e29b
core   0: 0x8000a246 (0x011a7533) and     a0, s4, a7
core   0: 3 0x8000a246 (0x011a7533) x10 0x00000000
core   0: 0x8000a24a (0x003a8a03) lb      s4, 3(s5)
core   0: 3 0x8000a24a (0x003a8a03) x20 0x00000000 mem 0x80010a05
core   0: 0x8000a24e (0xff5ac783) lbu     a5, -11(s5)
core   0: 3 0x8000a24e (0xff5ac783) x15 0x00000080 mem 0x800109f7
core   0: 0x8000a252 (0xff4ad083) lhu     ra, -12(s5)
core   0: 3 0x8000a252 (0xff4ad083) x1  0x00008000 mem 0x800109f6
core   0: 0x8000a256 (0x0297f333) remu    t1, a5, s1
core   0: 3 0x8000a256 (0x0297f333) x6  0x00000080
core   0: 0x8000a25a (0x005a85a3) sb      t0, 11(s5)
core   0: 3 0x8000a25a (0x005a85a3) mem 0x80010a0d 0xe8
core   0: 0x8000a25e (0x00008f85) c.sub   a5, s1
core   0: 3 0x8000a25e (0x8f85) x15 0x00002d03
core   0: 0x8000a260 (0x00000001) c.nop
core   0: 3 0x8000a260 (0x0001)
core   0: 0x8000a262 (0x00ea9b03) lh      s6, 14(s5)
core   0: 3 0x8000a262 (0x00ea9b03) x22 0x00005e70 mem 0x80010a10
core   0: 0x8000a266 (0xff4a8503) lb      a0, -12(s5)
core   0: 3 0x8000a266 (0xff4a8503) x10 0x00000000 mem 0x800109f6
core   0: 0x8000a26a (0x03db5a33) divu    s4, s6, t4
core   0: 3 0x8000a26a (0x03db5a33) x20 0x00000000
core   0: 0x8000a26e (0x011ae563) bltu    s5, a7, pc + 10
core   0: 3 0x8000a26e (0x011ae563)
core   0: 0x8000a272 (0x00008cd9) c.or    s1, a4
core   0: 3 0x8000a272 (0x8cd9) x9  0xffffdbff
core   0: 0x8000a274 (0x0000100f) fence.i
core   0: 3 0x8000a274 (0x0000100f)
core   0: 0x8000a278 (0x40bf83b3) sub     t2, t6, a1
core   0: 3 0x8000a278 (0x40bf83b3) x7  0x0002a0d0
core   0: 0x8000a27c (0x00d06b63) bltu    zero, a3, pc + 22
core   0: 3 0x8000a27c (0x00d06b63)
core   0: 0x8000a292 (0x2fa48093) addi    ra, s1, 762
core   0: 3 0x8000a292 (0x2fa48093) x1  0xffffdef9
core   0: 0x8000a296 (0x0000824a) c.mv    tp, s2
core   0: 3 0x8000a296 (0x824a) x4  0x0000002e
core   0: 0x8000a298 (0x000060f9) c.lui   ra, 0x1e
core   0: 3 0x8000a298 (0x60f9) x1  0x0001e000
core   0: 0x8000a29a (0x0336c3b3) div     t2, a3, s3
core   0: 3 0x8000a29a (0x0336c3b3) x7  0x00000000
core   0: 0x8000a29e (0x01e49c13) slli    s8, s1, 30
core   0: 3 0x8000a29e (0x01e49c13) x24 0xc0000000
core   0: 0x8000a2a2 (0x0275e633) rem     a2, a1, t2
core   0: 3 0x8000a2a2 (0x0275e633) x12 0xffff340f
core   0: 0x8000a2a6 (0x00000001) c.nop
core   0: 3 0x8000a2a6 (0x0001)
core   0: 0x8000a2a8 (0x00008d9d) c.sub   a1, a5
core   0: 3 0x8000a2a8 (0x8d9d) x11 0xffff070c
core   0: 0x8000a2aa (0x01ea5d93) srli    s11, s4, 30
core   0: 3 0x8000a2aa (0x01ea5d93) x27 0x00000000
core   0: 0x8000a2ae (0x00573ab3) sltu    s5, a4, t0
core   0: 3 0x8000a2ae (0x00573ab3) x21 0x00000001
core   0: 0x8000a2b2 (0x45ca4f13) xori    t5, s4, 1116
core   0: 3 0x8000a2b2 (0x45ca4f13) x30 0x0000045c
core   0: 0x8000a2b6 (0x1221ab17) auipc   s6, 0x1221a
core   0: 3 0x8000a2b6 (0x1221ab17) x22 0x922242b6
core   0: 0x8000a2ba (0x01f8e7b3) or      a5, a7, t6
core   0: 3 0x8000a2ba (0x01f8e7b3) x15 0x4d21f4df
core   0: 0x8000a2be (0x00009efa) c.add   t4, t5
core   0: 3 0x8000a2be (0x9efa) x29 0x0000ddfa
core   0: 0x8000a2c0 (0x00185d13) srli    s10, a6, 1
core   0: 3 0x8000a2c0 (0x00185d13) x26 0x0000003a
core   0: 0x8000a2c4 (0x00000001) c.nop
core   0: 3 0x8000a2c4 (0x0001)
core   0: 0x8000a2c6 (0x383e0793) addi    a5, t3, 899
core   0: 3 0x8000a2c6 (0x383e0793) x15 0x800261f3
core   0: 0x8000a2ca (0x00000001) c.nop
core   0: 3 0x8000a2ca (0x0001)
core   0: 0x8000a2cc (0x00000f97) auipc   t6, 0x0
core   0: 3 0x8000a2cc (0x00000f97) x31 0x8000a2cc
core   0: 0x8000a2d0 (0x1bcf8f93) addi    t6, t6, 444
core   0: 3 0x8000a2d0 (0x1bcf8f93) x31 0x8000a488
core   0: 0x8000a2d4 (0xfa2ee213) ori     tp, t4, -94
core   0: 3 0x8000a2d4 (0xfa2ee213) x4  0xfffffffa
core   0: 0x8000a2d8 (0x01115993) srli    s3, sp, 17
core   0: 3 0x8000a2d8 (0x01115993) x19 0x00007e32
core   0: 0x8000a2dc (0x0355a533) mulhsu  a0, a1, s5
core   0: 3 0x8000a2dc (0x0355a533) x10 0xffffffff
core   0: 0x8000a2e0 (0xd2af8f93) addi    t6, t6, -726
core   0: 3 0x8000a2e0 (0xd2af8f93) x31 0x8000a1b2
core   0: 0x8000a2e4 (0x000014fd) c.addi  s1, -1
core   0: 3 0x8000a2e4 (0x14fd) x9  0xffffdbfe
core   0: 0x8000a2e6 (0x2d6f87e7) jalr    a5, t6, 726
core   0: 3 0x8000a2e6 (0x2d6f87e7) x15 0x8000a2ea
core   0: 0x8000a488 (0x01dad463) bge     s5, t4, pc + 8
core   0: 3 0x8000a488 (0x01dad463)
core   0: 0x8000a48c (0x406900b3) sub     ra, s2, t1
core   0: 3 0x8000a48c (0x406900b3) x1  0xffffffae
core   0: 0x8000a490 (0x00001e01) c.addi  t3, -32
core   0: 3 0x8000a490 (0x1e01) x28 0x80025e50
core   0: 0x8000a492 (0x03027533) remu    a0, tp, a6
core   0: 3 0x8000a492 (0x03027533) x10 0x00000010
core   0: 0x8000a496 (0x00fe2223) sw      a5, 4(t3)
core   0: 3 0x8000a496 (0x00fe2223) mem 0x80025e54 0x8000a2ea
core   0: 0x8000a49a (0x00009dea) c.add   s11, s10
core   0: 3 0x8000a49a (0x9dea) x27 0x0000003a
core   0: 0x8000a49c (0x94d3b493) sltiu   s1, t2, -1715
core   0: 3 0x8000a49c (0x94d3b493) x9  0x00000001
core   0: 0x8000a4a0 (0x024c6633) rem     a2, s8, tp
core   0: 3 0x8000a4a0 (0x024c6633) x12 0xfffffffc
core   0: 0x8000a4a4 (0x412b0433) sub     s0, s6, s2
core   0: 3 0x8000a4a4 (0x412b0433) x8  0x92224288
core   0: 0x8000a4a8 (0xcecf7e97) auipc   t4, 0xcecf7
core   0: 3 0x8000a4a8 (0xcecf7e97) x29 0x4ed014a8
core   0: 0x8000a4ac (0x00000001) c.nop
core   0: 3 0x8000a4ac (0x0001)
core   0: 0x8000a4ae (0x01f0fc63) bgeu    ra, t6, pc + 24
core   0: 3 0x8000a4ae (0x01f0fc63)
core   0: 0x8000a4c6 (0x00a0e2b3) or      t0, ra, a0
core   0: 3 0x8000a4c6 (0x00a0e2b3) x5  0xffffffbe
core   0: 0x8000a4ca (0x000084da) c.mv    s1, s6
core   0: 3 0x8000a4ca (0x84da) x9  0x922242b6
core   0: 0x8000a4cc (0x49858c13) addi    s8, a1, 1176
core   0: 3 0x8000a4cc (0x49858c13) x24 0xffff0ba4
core   0: 0x8000a4d0 (0x000099fd) c.andi  a1, -1
core   0: 3 0x8000a4d0 (0x99fd) x11 0xffff070c
core   0: 0x8000a4d2 (0x40e2ddb3) sra     s11, t0, a4
core   0: 3 0x8000a4d2 (0x40e2ddb3) x27 0xffffffff
core   0: 0x8000a4d6 (0x02d8fc33) remu    s8, a7, a3
core   0: 3 0x8000a4d6 (0x02d8fc33) x24 0x4d203000
core   0: 0x8000a4da (0x004e2783) lw      a5, 4(t3)
core   0: 3 0x8000a4da (0x004e2783) x15 0x8000a2ea mem 0x80025e54
core   0: 0x8000a4de (0x020e0e13) addi    t3, t3, 32
core   0: 3 0x8000a4de (0x020e0e13) x28 0x80025e70
core   0: 0x8000a4e2 (0x40a983b3) sub     t2, s3, a0
core   0: 3 0x8000a4e2 (0x40a983b3) x7  0x00007e22
core   0: 0x8000a4e6 (0x00000001) c.nop
core   0: 3 0x8000a4e6 (0x0001)
core   0: 0x8000a4e8 (0x0384a0b3) mulhsu  ra, s1, s8
core   0: 3 0x8000a4e8 (0x0384a0b3) x1  0xdee67dbf
core   0: 0x8000a4ec (0x406d5f93) srai    t6, s10, 6
core   0: 3 0x8000a4ec (0x406d5f93) x31 0x00000000
core   0: 0x8000a4f0 (0x00078d93) mv      s11, a5
core   0: 3 0x8000a4f0 (0x00078d93) x27 0x8000a2ea
core   0: 0x8000a4f4 (0x00008d82) c.jr    s11
core   0: 3 0x8000a4f4 (0x8d82)
core   0: 0x8000a2ea (0x035b9b63) bne     s7, s5, pc + 54
core   0: 3 0x8000a2ea (0x035b9b63)
core   0: 0x8000a320 (0x02e77a63) bgeu    a4, a4, pc + 52
core   0: 3 0x8000a320 (0x02e77a63)
core   0: 0x8000a354 (0x0000e799) c.bnez  a5, pc + 14
core   0: 3 0x8000a354 (0xe799)
core   0: 0x8000a362 (0x340027f3) csrr    a5, mscratch
core   0: 3 0x8000a362 (0x340027f3) x15 0x0000d99e
core   0: 0x8000a366 (0x5c46a013) slti    zero, a3, 1476
core   0: 3 0x8000a366 (0x5c46a013)
core   0: 0x8000a36a (0x02759eb3) mulh    t4, a1, t2
core   0: 3 0x8000a36a (0x02759eb3) x29 0xffffffff
core   0: 0x8000a36e (0x038c5433) divu    s0, s8, s8
core   0: 3 0x8000a36e (0x038c5433) x8  0x00000001
core   0: 0x8000a372 (0x846c85b7) lui     a1, 0x846c8
core   0: 3 0x8000a372 (0x846c85b7) x11 0x846c8000
core   0: 0x8000a376 (0x340f78f3) csrrci  a7, mscratch, 30
core   0: 3 0x8000a376 (0x340f78f3) x17 0x0000d99e c832_mscratch 0x0000d980
core   0: 0x8000a37a (0x00958033) add     zero, a1, s1
core   0: 3 0x8000a37a (0x00958033)
core   0: 0x8000a37e (0x0000100f) fence.i
core   0: 3 0x8000a37e (0x0000100f)
core   0: 0x8000a382 (0x8be4cd13) xori    s10, s1, -1858
core   0: 3 0x8000a382 (0x8be4cd13) x26 0x6dddba08
core   0: 0x8000a386 (0x340e20f3) csrrs   ra, mscratch, t3
core   0: 3 0x8000a386 (0x340e20f3) x1  0x0000d980 c832_mscratch 0x8002dff0
core   0: 0x8000a38a (0x01e5e4b3) or      s1, a1, t5
core   0: 3 0x8000a38a (0x01e5e4b3) x9  0x846c845c
core   0: 0x8000a38e (0x05b20163) beq     tp, s11, pc + 66
core   0: 3 0x8000a38e (0x05b20163)
core   0: 0x8000a392 (0x01351eb3) sll     t4, a0, s3
core   0: 3 0x8000a392 (0x01351eb3) x29 0x00400000
core   0: 0x8000a396 (0x9051c797) auipc   a5, 0x9051c
core   0: 3 0x8000a396 (0x9051c797) x15 0x10526396
core   0: 0x8000a39a (0x02d27363) bgeu    tp, a3, pc + 38
core   0: 3 0x8000a39a (0x02d27363)
core   0: 0x8000a3c0 (0x340339f3) csrrc   s3, mscratch, t1
core   0: 3 0x8000a3c0 (0x340339f3) x19 0x8002dff0 c832_mscratch 0x8002df70
core   0: 0x8000a3c4 (0x7bbb3193) sltiu   gp, s6, 1979
core   0: 3 0x8000a3c4 (0x7bbb3193) x3  0x00000000
core   0: 0x8000a3c8 (0x00657763) bgeu    a0, t1, pc + 14
core   0: 3 0x8000a3c8 (0x00657763)
core   0: 0x8000a3cc (0x03f59933) mulh    s2, a1, t6
core   0: 3 0x8000a3cc (0x03f59933) x18 0x00000000
core   0: 0x8000a3d0 (0x00000001) c.nop
core   0: 3 0x8000a3d0 (0x0001)
core   0: 0x8000a3d2 (0x032c4f33) div     t5, s8, s2
core   0: 3 0x8000a3d2 (0x032c4f33) x30 0xffffffff
core   0: 0x8000a3d6 (0x0087d0b3) srl     ra, a5, s0
core   0: 3 0x8000a3d6 (0x0087d0b3) x1  0x082931cb
core   0: 0x8000a3da (0x00d49013) slli    zero, s1, 13
core   0: 3 0x8000a3da (0x00d49013)
core   0: 0x8000a3de (0x00008b5d) c.andi  a4, 23
core   0: 3 0x8000a3de (0x8b5d) x14 0x00000016
core   0: 0x8000a3e0 (0x0000942e) c.add   s0, a1
core   0: 3 0x8000a3e0 (0x942e) x8  0x846c8001
core   0: 0x8000a3e2 (0x85bfb513) sltiu   a0, t6, -1957
core   0: 3 0x8000a3e2 (0x85bfb513) x10 0x00000001
core   0: 0x8000a3e6 (0x01a763b3) or      t2, a4, s10
core   0: 3 0x8000a3e6 (0x01a763b3) x7  0x6dddba1e
core   0: 0x8000a3ea (0x00c41613) slli    a2, s0, 12
core   0: 3 0x8000a3ea (0x00c41613) x12 0xc8001000
core   0: 0x8000a3ee (0x02ffa2b3) mulhsu  t0, t6, a5
core   0: 3 0x8000a3ee (0x02ffa2b3) x5  0x00000000
core   0: 0x8000a3f2 (0x028afa33) remu    s4, s5, s0
core   0: 3 0x8000a3f2 (0x028afa33) x20 0x00000001
core   0: 0x8000a3f6 (0x8014a493) slti    s1, s1, -2047
core   0: 3 0x8000a3f6 (0x8014a493) x9  0x00000001
core   0: 0x8000a3fa (0x3408d0f3) csrrwi  ra, mscratch, 17
core   0: 3 0x8000a3fa (0x3408d0f3) x1  0x8002df70 c832_mscratch 0x00000011
core   0: 0x8000a3fe (0x00990563) beq     s2, s1, pc + 10
core   0: 3 0x8000a3fe (0x00990563)
core   0: 0x8000a402 (0x34009c73) csrrw   s8, mscratch, ra
core   0: 3 0x8000a402 (0x34009c73) x24 0x00000011 c832_mscratch 0x8002df70
core   0: 0x8000a406 (0x00008cad) c.xor   s1, a1
core   0: 3 0x8000a406 (0x8cad) x9  0x846c8001
core   0: 0x8000a408 (0x000083c2) c.mv    t2, a6
core   0: 3 0x8000a408 (0x83c2) x7  0x00000075
core   0: 0x8000a40a (0x000084a5) c.srai  s1, 9
core   0: 3 0x8000a40a (0x84a5) x9  0xffc23640
core   0: 0x8000a40c (0x0230fb63) bgeu    ra, gp, pc + 54
core   0: 3 0x8000a40c (0x0230fb63)
core   0: 0x8000a442 (0x00008139) c.srli  a0, 14
core   0: 3 0x8000a442 (0x8139) x10 0x00000000
core   0: 0x8000a444 (0x0ff0000f) fence   iorw,iorw
core   0: 3 0x8000a444 (0x0ff0000f)
core   0: 0x8000a448 (0x0293feb3) remu    t4, t2, s1
core   0: 3 0x8000a448 (0x0293feb3) x29 0x00000075
core   0: 0x8000a44c (0x03a03c37) lui     s8, 0x3a03
core   0: 3 0x8000a44c (0x03a03c37) x24 0x03a03000
core   0: 0x8000a450 (0x03ae8333) mul     t1, t4, s10
core   0: 3 0x8000a450 (0x03ae8333) x6  0x365605a8
core   0: 0x8000a454 (0x00008e49) c.or    a2, a0
core   0: 3 0x8000a454 (0x8e49) x12 0xc8001000
core   0: 0x8000a456 (0x015fde93) srli    t4, t6, 21
core   0: 3 0x8000a456 (0x015fde93) x29 0x00000000
core   0: 0x8000a45a (0x0ff0000f) fence   iorw,iorw
core   0: 3 0x8000a45a (0x0ff0000f)
core   0: 0x8000a45e (0x004e2783) lw      a5, 4(t3)
core   0: 3 0x8000a45e (0x004e2783) x15 0x8000a56a mem 0x80025e74
core   0: 0x8000a462 (0x02a53433) mulhu   s0, a0, a0
core   0: 3 0x8000a462 (0x02a53433) x8  0x00000000
core   0: 0x8000a466 (0x024e0e13) addi    t3, t3, 36
core   0: 3 0x8000a466 (0x024e0e13) x28 0x80025e94
core   0: 0x8000a46a (0x00abcdb3) xor     s11, s7, a0
core   0: 3 0x8000a46a (0x00abcdb3) x27 0xf8390e00
core   0: 0x8000a46e (0xc3714c13) xori    s8, sp, -969
core   0: 3 0x8000a46e (0xc3714c13) x24 0x039a0f6f
core   0: 0x8000a472 (0x03dd2933) mulhsu  s2, s10, t4
core   0: 3 0x8000a472 (0x03dd2933) x18 0x00000000
core   0: 0x8000a476 (0x0ff0000f) fence   iorw,iorw
core   0: 3 0x8000a476 (0x0ff0000f)
core   0: 0x8000a47a (0x34003f73) csrrc   t5, mscratch, zero
core   0: 3 0x8000a47a (0x34003f73) x30 0x8002df70
core   0: 0x8000a47e (0x013d7533) and     a0, s10, s3
core   0: 3 0x8000a47e (0x013d7533) x10 0x00009a00
core   0: 0x8000a482 (0x00078513) mv      a0, a5
core   0: 3 0x8000a482 (0x00078513) x10 0x8000a56a
core   0: 0x8000a486 (0x00008502) c.jr    a0
core   0: 3 0x8000a486 (0x8502)
core   0: 0x8000a56a (0x006eab33) slt     s6, t4, t1
core   0: 3 0x8000a56a (0x006eab33) x22 0x00000001
core   0: 0x8000a56e (0x40bd81b3) sub     gp, s11, a1
core   0: 3 0x8000a56e (0x40bd81b3) x3  0x73cc8e00
core   0: 0x8000a572 (0x0000858d) c.srai  a1, 3
core   0: 3 0x8000a572 (0x858d) x11 0xf08d9000
core   0: 0x8000a574 (0x00000f3d) c.addi  t5, 15
core   0: 3 0x8000a574 (0x0f3d) x30 0x8002df7f
core   0: 0x8000a576 (0x340070f3) csrrci  ra, mscratch, 0
core   0: 3 0x8000a576 (0x340070f3) x1  0x8002df70
core   0: 0x8000a57a (0x014bc863) blt     s7, s4, pc + 16
core   0: 3 0x8000a57a (0x014bc863)
core   0: 0x8000a58a (0x02ee6f33) rem     t5, t3, a4
core   0: 3 0x8000a58a (0x02ee6f33) x30 0xfffffff0
core   0: 0x8000a58e (0x004e2783) lw      a5, 4(t3)
core   0: 3 0x8000a58e (0x004e2783) x15 0x8000a052 mem 0x80025e98
core   0: 0x8000a592 (0x00000e21) c.addi  t3, 8
core   0: 3 0x8000a592 (0x0e21) x28 0x80025e9c
core   0: 0x8000a594 (0x038b6fb3) rem     t6, s6, s8
core   0: 3 0x8000a594 (0x038b6fb3) x31 0x00000001
core   0: 0x8000a598 (0xc800cb17) auipc   s6, 0xc800c
core   0: 3 0x8000a598 (0xc800cb17) x22 0x48016598
core   0: 0x8000a59c (0x00000391) c.addi  t2, 4
core   0: 3 0x8000a59c (0x0391) x7  0x00000079
core   0: 0x8000a59e (0xbafeaf93) slti    t6, t4, -1105
core   0: 3 0x8000a59e (0xbafeaf93) x31 0x00000000
core   0: 0x8000a5a2 (0x00178a93) addi    s5, a5, 1
core   0: 3 0x8000a5a2 (0x00178a93) x21 0x8000a053
core   0: 0x8000a5a6 (0x000a8ae7) jalr    s5, s5, 0
core   0: 3 0x8000a5a6 (0x000a8ae7) x21 0x8000a5aa
core   0: 0x8000a052 (0x01e35b63) bge     t1, t5, pc + 22
core   0: 3 0x8000a052 (0x01e35b63)
core   0: 0x8000a068 (0x6bc017ef) jal     a5, pc + 0x16bc
core   0: 3 0x8000a068 (0x6bc017ef) x15 0x8000a06c
core   0: 0x8000b724 (0x0000e411) c.bnez  s0, pc + 12
core   0: 3 0x8000b724 (0xe411)
core   0: 0x8000b726 (0x340070f3) csrrci  ra, mscratch, 0
core   0: 3 0x8000b726 (0x340070f3) x1  0x8002df70
core   0: 0x8000b72a (0x00008c4d) c.or    s0, a1
core   0: 3 0x8000b72a (0x8c4d) x8  0xf08d9000
core   0: 0x8000b72c (0x01a591b3) sll     gp, a1, s10
core   0: 3 0x8000b72c (0x01a591b3) x3  0x8d900000
core   0: 0x8000b730 (0x00001e21) c.addi  t3, -24
core   0: 3 0x8000b730 (0x1e21) x28 0x80025e84
core   0: 0x8000b732 (0x00008de9) c.and   a1, a0
core   0: 3 0x8000b732 (0x8de9) x11 0x80008000
core   0: 0x8000b734 (0x00fe2223) sw      a5, 4(t3)
core   0: 3 0x8000b734 (0x00fe2223) mem 0x80025e88 0x8000a06c
core   0: 0x8000b738 (0x0000100f) fence.i
core   0: 3 0x8000b738 (0x0000100f)
core   0: 0x8000b73c (0x340ce973) csrrsi  s2, mscratch, 25
core   0: 3 0x8000b73c (0x340ce973) x18 0x8002df70 c832_mscratch 0x8002df79
core   0: 0x8000b740 (0x00f2ccb3) xor     s9, t0, a5
core   0: 3 0x8000b740 (0x00f2ccb3) x25 0x8000a06c
core   0: 0x8000b744 (0x0aa66f93) ori     t6, a2, 170
core   0: 3 0x8000b744 (0x0aa66f93) x31 0xc80010aa
core   0: 0x8000b748 (0xbaecb413) sltiu   s0, s9, -1106
core   0: 3 0x8000b748 (0xbaecb413) x8  0x00000001
core   0: 0x8000b74c (0x03b17933) remu    s2, sp, s11
core   0: 3 0x8000b74c (0x03b17933) x18 0x042ce558
core   0: 0x8000b750 (0xdffc3d93) sltiu   s11, s8, -513
core   0: 3 0x8000b750 (0xdffc3d93) x27 0x00000001
core   0: 0x8000b754 (0x260d7737) lui     a4, 0x260d7
core   0: 3 0x8000b754 (0x260d7737) x14 0x260d7000
core   0: 0x8000b758 (0x02446933) rem     s2, s0, tp
core   0: 3 0x8000b758 (0x02446933) x18 0x00000001
core   0: 0x8000b75c (0x837fe7ef) jal     a5, pc - 0x17ca
core   0: 3 0x8000b75c (0x837fe7ef) x15 0x8000b760
core   0: 0x80009f92 (0xfd0e0e13) addi    t3, t3, -48
core   0: 3 0x80009f92 (0xfd0e0e13) x28 0x80025e54
core   0: 0x80009f96 (0x021f5eb3) divu    t4, t5, ra
core   0: 3 0x80009f96 (0x021f5eb3) x29 0x00000001
core   0: 0x80009f9a (0x00fe2223) sw      a5, 4(t3)
core   0: 3 0x80009f9a (0x00fe2223) mem 0x80025e58 0x8000b760
core   0: 0x80009f9e (0x78cca513) slti    a0, s9, 1932
core   0: 3 0x80009f9e (0x78cca513) x10 0x00000001
core   0: 0x80009fa2 (0x00000001) c.nop
core   0: 3 0x80009fa2 (0x0001)
core   0: 0x80009fa4 (0x340fac73) csrrs   s8, mscratch, t6
core   0: 3 0x80009fa4 (0x340fac73) x24 0x8002df79 c832_mscratch 0xc802dffb
core   0: 0x80009fa8 (0x02350c33) mul     s8, a0, gp
core   0: 3 0x80009fa8 (0x02350c33) x24 0x8d900000
core   0: 0x80009fac (0x02e9e533) rem     a0, s3, a4
core   0: 3 0x80009fac (0x02e9e533) x10 0xf22b2ff0
core   0: 0x80009fb0 (0x00001497) auipc   s1, 0x1
core   0: 3 0x80009fb0 (0x00001497) x9  0x8000afb0
core   0: 0x80009fb4 (0x65a48493) addi    s1, s1, 1626
core   0: 3 0x80009fb4 (0x65a48493) x9  0x8000b60a
core   0: 0x80009fb8 (0x4339f393) andi    t2, s3, 1075
core   0: 3 0x80009fb8 (0x4339f393) x7  0x00000430
core   0: 0x80009fbc (0xd5148493) addi    s1, s1, -687
core   0: 3 0x80009fbc (0xd5148493) x9  0x8000b35b
core   0: 0x80009fc0 (0x03fc6a33) rem     s4, s8, t6
core   0: 3 0x80009fc0 (0x03fc6a33) x20 0xfd8fdeac
core   0: 0x80009fc4 (0x010e71b3) and     gp, t3, a6
core   0: 3 0x80009fc4 (0x010e71b3) x3  0x00000054
core   0: 0x80009fc8 (0x2b0487e7) jalr    a5, s1, 688
core   0: 3 0x80009fc8 (0x2b0487e7) x15 0x80009fcc
core   0: 0x8000b60a (0x0000c109) c.beqz  a0, pc + 2
core   0: 3 0x8000b60a (0xc109)
core   0: 0x8000b60c (0xfc0e0e13) addi    t3, t3, -64
core   0: 3 0x8000b60c (0xfc0e0e13) x28 0x80025e14
core   0: 0x8000b610 (0x34003a73) csrrc   s4, mscratch, zero
core   0: 3 0x8000b610 (0x34003a73) x20 0xc802dffb
core   0: 0x8000b614 (0x00008dcd) c.or    a1, a1
core   0: 3 0x8000b614 (0x8dcd) x11 0x80008000
core   0: 0x8000b616 (0x00fe2223) sw      a5, 4(t3)
core   0: 3 0x8000b616 (0x00fe2223) mem 0x80025e18 0x80009fcc
core   0: 0x8000b61a (0x00049533) sll     a0, s1, zero
core   0: 3 0x8000b61a (0x00049533) x10 0x8000b35b
core   0: 0x8000b61e (0x031faf33) mulhsu  t5, t6, a7
core   0: 3 0x8000b61e (0x031faf33) x30 0xffffd065
core   0: 0x8000b622 (0x01f52b33) slt     s6, a0, t6
core   0: 3 0x8000b622 (0x01f52b33) x22 0x00000001
core   0: 0x8000b626 (0x00000001) c.nop
core   0: 3 0x8000b626 (0x0001)
core   0: 0x8000b628 (0x34007a73) csrrci  s4, mscratch, 0
core   0: 3 0x8000b628 (0x34007a73) x20 0xc802dffb
core   0: 0x8000b62c (0xfffff617) auipc   a2, 0xfffff
core   0: 3 0x8000b62c (0xfffff617) x12 0x8000a62c
core   0: 0x8000b630 (0x0ce60613) addi    a2, a2, 206
core   0: 3 0x8000b630 (0x0ce60613) x12 0x8000a6fa
core   0: 0x8000b634 (0x0000100f) fence.i
core   0: 3 0x8000b634 (0x0000100f)
core   0: 0x8000b638 (0xef760613) addi    a2, a2, -265
core   0: 3 0x8000b638 (0xef760613) x12 0x8000a5f1
core   0: 0x8000b63c (0x016c13b3) sll     t2, s8, s6
core   0: 3 0x8000b63c (0x016c13b3) x7  0x1b200000
core   0: 0x8000b640 (0x329c3a93) sltiu   s5, s8, 809
core   0: 3 0x8000b640 (0x329c3a93) x21 0x00000000
core   0: 0x8000b644 (0x00009b4a) c.add   s6, s2
core   0: 3 0x8000b644 (0x9b4a) x22 0x00000002
core   0: 0x8000b646 (0x01bd7463) bgeu    s10, s11, pc + 8
core   0: 3 0x8000b646 (0x01bd7463)
core   0: 0x8000b64e (0x10a607e7) jalr    a5, a2, 266
core   0: 3 0x8000b64e (0x10a607e7) x15 0x8000b652
core   0: 0x8000a6fa (0x00008d49) c.or    a0, a0
core   0: 3 0x8000a6fa (0x8d49) x10 0x8000b35b
core   0: 0x8000a6fc (0x01e61c33) sll     s8, a2, t5
core   0: 3 0x8000a6fc (0x01e61c33) x24 0x0014be20
core   0: 0x8000a700 (0x01b10263) beq     sp, s11, pc + 4
core   0: 3 0x8000a700 (0x01b10263)
core   0: 0x8000a704 (0x00001e21) c.addi  t3, -24
core   0: 3 0x8000a704 (0x1e21) x28 0x80025dfc
core   0: 0x8000a706 (0x00008c0d) c.sub   s0, a1
core   0: 3 0x8000a706 (0x8c0d) x8  0x7fff8001
core   0: 0x8000a708 (0xad623813) sltiu   a6, tp, -1322
core   0: 3 0x8000a708 (0xad623813) x16 0x00000000
core   0: 0x8000a70c (0x00008621) c.srai  a2, 8
core   0: 3 0x8000a70c (0x8621) x12 0xff8000a5
core   0: 0x8000a70e (0x00008b36) c.mv    s6, a3
core   0: 3 0x8000a70e (0x8b36) x22 0x80029d24
core   0: 0x8000a710 (0x00008e21) c.xor   a2, s0
core   0: 3 0x8000a710 (0x8e21) x12 0x807f80a4
core   0: 0x8000a712 (0x00fe2223) sw      a5, 4(t3)
core   0: 3 0x8000a712 (0x00fe2223) mem 0x80025e00 0x8000b652
core   0: 0x8000a716 (0x0000100f) fence.i
core   0: 3 0x8000a716 (0x0000100f)
core   0: 0x8000a71a (0x7b5ba493) slti    s1, s7, 1973
core   0: 3 0x8000a71a (0x7b5ba493) x9  0x00000001
core   0: 0x8000a71e (0x53913f93) sltiu   t6, sp, 1337
core   0: 3 0x8000a71e (0x53913f93) x31 0x00000000
core   0: 0x8000a722 (0x00014797) auipc   a5, 0x14
core   0: 3 0x8000a722 (0x00014797) x15 0x8001e722
core   0: 0x8000a726 (0x26c78793) addi    a5, a5, 620
core   0: 3 0x8000a726 (0x26c78793) x15 0x8001e98e
core   0: 0x8000a72a (0x61cd3993) sltiu   s3, s10, 1564
core   0: 3 0x8000a72a (0x61cd3993) x19 0x00000000
core   0: 0x8000a72e (0x1a77c583) lbu     a1, 423(a5)
core   0: 3 0x8000a72e (0x1a77c583) x11 0x00000073 mem 0x8001eb35
core   0: 0x8000a732 (0x413ddd93) srai    s11, s11, 19
core   0: 3 0x8000a732 (0x413ddd93) x27 0x00000000
core   0: 0x8000a736 (0x021703b3) mul     t2, a4, ra
core   0: 3 0x8000a736 (0x021703b3) x7  0x3a710000
core   0: 0x8000a73a (0x00c079b3) and     s3, zero, a2
core   0: 3 0x8000a73a (0x00c079b3) x19 0x00000000
core   0: 0x8000a73e (0xa6197d13) andi    s10, s2, -1439
core   0: 3 0x8000a73e (0xa6197d13) x26 0x00000001
core   0: 0x8000a742 (0x3217c903) lbu     s2, 801(a5)
core   0: 3 0x8000a742 (0x3217c903) x18 0x0000003c mem 0x8001ecaf
core   0: 0x8000a746 (0x01e8c033) xor     zero, a7, t5
core   0: 3 0x8000a746 (0x01e8c033)
core   0: 0x8000a74a (0x98578123) sb      t0, -1662(a5)
core   0: 3 0x8000a74a (0x98578123) mem 0x8001e310 0x00
core   0: 0x8000a74e (0xdfb1cf37) lui     t5, 0xdfb1c
core   0: 3 0x8000a74e (0xdfb1cf37) x30 0xdfb1c000
core   0: 0x8000a752 (0x00669493) slli    s1, a3, 6
core   0: 3 0x8000a752 (0x00669493) x9  0x00a74900
core   0: 0x8000a756 (0x27d78983) lb      s3, 637(a5)
core   0: 3 0x8000a756 (0x27d78983) x19 0x00000018 mem 0x8001ec0b
core   0: 0x8000a75a (0x00008c9d) c.sub   s1, a5
core   0: 3 0x8000a75a (0x8c9d) x9  0x80a55f72
core   0: 0x8000a75c (0x09778823) sb      s7, 144(a5)
core   0: 3 0x8000a75c (0x09778823) mem 0x8001ea1e 0x00
core   0: 0x8000a760 (0x00009e8a) c.add   t4, sp
core   0: 3 0x8000a760 (0x9e8a) x29 0xfc65f359
core   0: 0x8000a762 (0x00b94f33) xor     t5, s2, a1
core   0: 3 0x8000a762 (0x00b94f33) x30 0x0000004f
core   0: 0x8000a766 (0x340033f3) csrrc   t2, mscratch, zero
core   0: 3 0x8000a766 (0x340033f3) x7  0xc802dffb
core   0: 0x8000a76a (0x005c65b3) or      a1, s8, t0
core   0: 3 0x8000a76a (0x005c65b3) x11 0x0014be20
core   0: 0x8000a76e (0x00008219) c.srli  a2, 6
core   0: 3 0x8000a76e (0x8219) x12 0x0201fe02
core   0: 0x8000a770 (0xc13781a3) sb      s3, -1021(a5)
core   0: 3 0x8000a770 (0xc13781a3) mem 0x8001e591 0x18
core   0: 0x8000a774 (0x18f7cf03) lbu     t5, 399(a5)
core   0: 3 0x8000a774 (0x18f7cf03) x30 0x000000c9 mem 0x8001eb1d
core   0: 0x8000a778 (0xc067d383) lhu     t2, -1018(a5)
core   0: 3 0x8000a778 (0xc067d383) x7  0x0000d2c7 mem 0x8001e594
core   0: 0x8000a77c (0x01101e93) slli    t4, zero, 17
core   0: 3 0x8000a77c (0x01101e93) x29 0x00000000
core   0: 0x8000a780 (0x018fa433) slt     s0, t6, s8
core   0: 3 0x8000a780 (0x018fa433) x8  0x00000001
core   0: 0x8000a784 (0x34005873) csrrwi  a6, mscratch, 0
core   0: 3 0x8000a784 (0x34005873) x16 0xc802dffb c832_mscratch 0x00000000
core   0: 0x8000a788 (0x34006373) csrrsi  t1, mscratch, 0
core   0: 3 0x8000a788 (0x34006373) x6  0x00000000
core   0: 0x8000a78c (0x7d87da83) lhu     s5, 2008(a5)
core   0: 3 0x8000a78c (0x7d87da83) x21 0x0000beb6 mem 0x8001f166
core   0: 0x8000a790 (0x037b1933) mulh    s2, s6, s7
core   0: 3 0x8000a790 (0x037b1933) x18 0x03e364ac
core   0: 0x8000a794 (0xbfe7a123) sw      t5, -1054(a5)
core   0: 3 0x8000a794 (0xbfe7a123) mem 0x8001e570 0x000000c9
core   0: 0x8000a798 (0xff678803) lb      a6, -10(a5)
core   0: 3 0x8000a798 (0xff678803) x16 0xffffffce mem 0x8001e984
core   0: 0x8000a79c (0x340032f3) csrrc   t0, mscratch, zero
core   0: 3 0x8000a79c (0x340032f3) x5  0x00000000
core   0: 0x8000a7a0 (0x00008f61) c.and   a4, s0
core   0: 3 0x8000a7a0 (0x8f61) x14 0x00000000
core   0: 0x8000a7a2 (0x00005a7d) c.li    s4, -1
core   0: 3 0x8000a7a2 (0x5a7d) x20 0xffffffff
core   0: 0x8000a7a4 (0x01503813) sltiu   a6, zero, 21
core   0: 3 0x8000a7a4 (0x01503813) x16 0x00000001
core   0: 0x8000a7a8 (0x00008dd5) c.or    a1, a3
core   0: 3 0x8000a7a8 (0x8dd5) x11 0x8016bf24
core   0: 0x8000a7aa (0x667782a3) sb      t2, 1637(a5)
core   0: 3 0x8000a7aa (0x667782a3) mem 0x8001eff3 0xc7
core   0: 0x8000a7ae (0x00d732b3) sltu    t0, a4, a3
core   0: 3 0x8000a7ae (0x00d732b3) x5  0x00000001
core   0: 0x8000a7b2 (0xc917c003) lbu     zero, -879(a5)
core   0: 3 0x8000a7b2 (0xc917c003) mem 0x8001e61f
core   0: 0x8000a7b6 (0x91279323) sh      s2, -1786(a5)
core   0: 3 0x8000a7b6 (0x91279323) mem 0x8001e294 0x64ac
core   0: 0x8000a7ba (0x34002873) csrr    a6, mscratch
core   0: 3 0x8000a7ba (0x34002873) x16 0x00000000
core   0: 0x8000a7be (0x697ce493) ori     s1, s9, 1687
core   0: 3 0x8000a7be (0x697ce493) x9  0x8000a6ff
core   0: 0x8000a7c2 (0x63079303) lh      t1, 1584(a5)
core   0: 3 0x8000a7c2 (0x63079303) x6  0xffffcb7b mem 0x8001efbe
core   0: 0x8000a7c6 (0x00006f31) c.lui   t5, 0xc
core   0: 3 0x8000a7c6 (0x6f31) x30 0x0000c000
core   0: 0x8000a7c8 (0xc4278ba3) sb      sp, -937(a5)
core   0: 3 0x8000a7c8 (0xc4278ba3) mem 0x8001e5e5 0x58
core   0: 0x8000a7cc (0x025b4c33) div     s8, s6, t0
core   0: 3 0x8000a7cc (0x025b4c33) x24 0x80029d24
core   0: 0x8000a7d0 (0x00bdabb3) slt     s7, s11, a1
core   0: 3 0x8000a7d0 (0x00bdabb3) x23 0x00000000
core   0: 0x8000a7d4 (0x6e978483) lb      s1, 1769(a5)
core   0: 3 0x8000a7d4 (0x6e978483) x9  0xffffff9a mem 0x8001f077
core   0: 0x8000a7d8 (0x0000b097) auipc   ra, 0xb
core   0: 3 0x8000a7d8 (0x0000b097) x1  0x800157d8
core   0: 0x8000a7dc (0x7d608093) addi    ra, ra, 2006
core   0: 3 0x8000a7dc (0x7d608093) x1  0x80015fae
core   0: 0x8000a7e0 (0x0000100f) fence.i
core   0: 3 0x8000a7e0 (0x0000100f)
core   0: 0x8000a7e4 (0x3790c503) lbu     a0, 889(ra)
core   0: 3 0x8000a7e4 (0x3790c503) x10 0x00000014 mem 0x80016327
core   0: 0x8000a7e8 (0x0000100f) fence.i
core   0: 3 0x8000a7e8 (0x0000100f)
core   0: 0x8000a7ec (0x0000875d) c.srai  a4, 23
core   0: 3 0x8000a7ec (0x875d) x14 0x00000000
core   0: 0x8000a7ee (0xf410cd03) lbu     s10, -191(ra)
core   0: 3 0x8000a7ee (0xf410cd03) x26 0x00000046 mem 0x80015eef
core   0: 0x8000a7f2 (0xb9f085a3) sb      t6, -1141(ra)
core   0: 3 0x8000a7f2 (0xb9f085a3) mem 0x80015b39 0x00
core   0: 0x8000a7f6 (0xc4908fa3) sb      s1, -929(ra)
core   0: 3 0x8000a7f6 (0xc4908fa3) mem 0x80015c0d 0x9a
core   0: 0x8000a7fa (0x4d80df03) lhu     t5, 1240(ra)
core   0: 3 0x8000a7fa (0x4d80df03) x30 0x0000fc18 mem 0x80016486
core   0: 0x8000a7fe (0x00000b6e) c.slli  s6, 27
core   0: 3 0x8000a7fe (0x0b6e) x22 0x20000000
core   0: 0x8000a800 (0x00569733) sll     a4, a3, t0
core   0: 3 0x8000a800 (0x00569733) x14 0x00053a48
core   0: 0x8000a804 (0x4c508c03) lb      s8, 1221(ra)
core   0: 3 0x8000a804 (0x4c508c03) x24 0x0000004a mem 0x80016473
core   0: 0x8000a808 (0x03814633) div     a2, sp, s8
core   0: 3 0x8000a808 (0x03814633) x12 0xfff38a36
core   0: 0x8000a80c (0xcc43af37) lui     t5, 0xcc43a
core   0: 3 0x8000a80c (0xcc43af37) x30 0xcc43a000
core   0: 0x8000a810 (0x00008e31) c.xor   a2, a2
core   0: 3 0x8000a810 (0x8e31) x12 0x00000000
core   0: 0x8000a812 (0x40ae5c33) sra     s8, t3, a0
core   0: 3 0x8000a812 (0x40ae5c33) x24 0xfffff800
core   0: 0x8000a816 (0x3bc08f83) lb      t6, 956(ra)
core   0: 3 0x8000a816 (0x3bc08f83) x31 0x00000035 mem 0x8001636a
core   0: 0x8000a81a (0x03a0d733) divu    a4, ra, s10
core   0: 3 0x8000a81a (0x03a0d733) x14 0x01d42247
core   0: 0x8000a81e (0x91b08783) lb      a5, -1765(ra)
core   0: 3 0x8000a81e (0x91b08783) x15 0xffffff86 mem 0x800158c9
core   0: 0x8000a822 (0x340e9ef3) csrrw   t4, mscratch, t4
core   0: 3 0x8000a822 (0x340e9ef3) x29 0x00000000 c832_mscratch 0x00000000
core   0: 0x8000a826 (0x00009bfd) c.andi  a5, -1
core   0: 3 0x8000a826 (0x9bfd) x15 0xffffff86
core   0: 0x8000a828 (0x42f30993) addi    s3, t1, 1071
core   0: 3 0x8000a828 (0x42f30993) x19 0xffffcfaa
core   0: 0x8000a82c (0x340827f3) csrrs   a5, mscratch, a6
core   0: 3 0x8000a82c (0x340827f3) x15 0x00000000 c832_mscratch 0x00000000
core   0: 0x8000a830 (0x0000093a) c.slli  s2, 14
core   0: 3 0x8000a830 (0x093a) x18 0xd92b0000
core   0: 0x8000a832 (0x34051ff3) csrrw   t6, mscratch, a0
core   0: 3 0x8000a832 (0x34051ff3) x31 0x00000000 c832_mscratch 0x00000014
core   0: 0x8000a836 (0x00000001) c.nop
core   0: 3 0x8000a836 (0x0001)
core   0: 0x8000a838 (0x00000001) c.nop
core   0: 3 0x8000a838 (0x0001)
core   0: 0x8000a83a (0xf820c383) lbu     t2, -126(ra)
core   0: 3 0x8000a83a (0xf820c383) x7  0x0000001d mem 0x80015f30
core   0: 0x8000a83e (0x000083dd) c.srli  a5, 23
core   0: 3 0x8000a83e (0x83dd) x15 0x00000000
core   0: 0x8000a840 (0x02a927b3) mulhsu  a5, s2, a0
core   0: 3 0x8000a840 (0x02a927b3) x15 0xfffffffc
core   0: 0x8000a844 (0x970082a3) sb      a6, -1691(ra)
core   0: 3 0x8000a844 (0x970082a3) mem 0x80015913 0x00
core   0: 0x8000a848 (0x69a0d703) lhu     a4, 1690(ra)
core   0: 3 0x8000a848 (0x69a0d703) x14 0x0000f385 mem 0x80016648
core   0: 0x8000a84c (0x00008d21) c.xor   a0, s0
core   0: 3 0x8000a84c (0x8d21) x10 0x00000015
core   0: 0x8000a84e (0x2bc0c883) lbu     a7, 700(ra)
core   0: 3 0x8000a84e (0x2bc0c883) x17 0x00000072 mem 0x8001626a
core   0: 0x8000a852 (0x0000057e) c.slli  a0, 31
core   0: 3 0x8000a852 (0x057e) x10 0x80000000
core   0: 0x8000a854 (0x10f92c13) slti    s8, s2, 271
core   0: 3 0x8000a854 (0x10f92c13) x24 0x00000001
core   0: 0x8000a858 (0x45c0ce83) lbu     t4, 1116(ra)
core   0: 3 0x8000a858 (0x45c0ce83) x29 0x00000028 mem 0x8001640a
core   0: 0x8000a85c (0x00006b97) auipc   s7, 0x6
core   0: 3 0x8000a85c (0x00006b97) x23 0x8001085c
core   0: 0x8000a860 (0xb92b8b93) addi    s7, s7, -1134
core   0: 3 0x8000a860 (0xb92b8b93) x23 0x800103ee
core   0: 0x8000a864 (0x02d250b3) divu    ra, tp, a3
core   0: 3 0x8000a864 (0x02d250b3) x1  0x00000001
core   0: 0x8000a868 (0x6d3bcb03) lbu     s6, 1747(s7)
core   0: 3 0x8000a868 (0x6d3bcb03) x22 0x00000047 mem 0x80010ac1
core   0: 0x8000a86c (0x02ce5eb3) divu    t4, t3, a2
core   0: 3 0x8000a86c (0x02ce5eb3) x29 0xffffffff
core   0: 0x8000a870 (0x481bcd83) lbu     s11, 1153(s7)
core   0: 3 0x8000a870 (0x481bcd83) x27 0x000000e5 mem 0x8001086f
core   0: 0x8000a874 (0x41e107b3) sub     a5, sp, t5
core   0: 3 0x8000a874 (0x41e107b3) x15 0x30225358
core   0: 0x8000a878 (0x2819af13) slti    t5, s3, 641
core   0: 3 0x8000a878 (0x2819af13) x30 0x00000001
core   0: 0x8000a87c (0x01716433) or      s0, sp, s7
core   0: 3 0x8000a87c (0x01716433) x8  0xfc65f3fe
core   0: 0x8000a880 (0x714b81a3) sb      s4, 1795(s7)
core   0: 3 0x8000a880 (0x714b81a3) mem 0x80010af1 0xff
core   0: 0x8000a884 (0xd6cbd883) lhu     a7, -660(s7)
core   0: 3 0x8000a884 (0xd6cbd883) x17 0x000030e1 mem 0x8001015a
core   0: 0x8000a888 (0x000085cd) c.srai  a1, 19
core   0: 3 0x8000a888 (0x85cd) x11 0xfffff002
core   0: 0x8000a88a (0x0000527d) c.li    tp, -1
core   0: 3 0x8000a88a (0x527d) x4  0xffffffff
core   0: 0x8000a88c (0xefcb9c23) sh      t3, -264(s7)
core   0: 3 0x8000a88c (0xefcb9c23) mem 0x800102e6 0x5dfc
core   0: 0x8000a890 (0x432bcf83) lbu     t6, 1074(s7)
core   0: 3 0x8000a890 (0x432bcf83) x31 0x00000070 mem 0x80010820
core   0: 0x8000a894 (0x00444c33) xor     s8, s0, tp
core   0: 3 0x8000a894 (0x00444c33) x24 0x039a0c01
core   0: 0x8000a898 (0xd91b80a3) sb      a7, -639(s7)
core   0: 3 0x8000a898 (0xd91b80a3) mem 0x8001016f 0xe1
core   0: 0x8000a89c (0x634b8aa3) sb      s4, 1589(s7)
core   0: 3 0x8000a89c (0x634b8aa3) mem 0x80010a23 0xff
core   0: 0x8000a8a0 (0x03e72b33) mulhsu  s6, a4, t5
core   0: 3 0x8000a8a0 (0x03e72b33) x22 0x00000000
core   0: 0x8000a8a4 (0x00008021) c.srli  s0, 8
core   0: 3 0x8000a8a4 (0x8021) x8  0x00fc65f3
core   0: 0x8000a8a6 (0x612b84a3) sb      s2, 1545(s7)
core   0: 3 0x8000a8a6 (0x612b84a3) mem 0x800109f7 0x00
core   0: 0x8000a8aa (0x00006fa5) c.lui   t6, 0x9
core   0: 3 0x8000a8aa (0x6fa5) x31 0x00009000
core   0: 0x8000a8ac (0x0ff0000f) fence   iorw,iorw
core   0: 3 0x8000a8ac (0x0ff0000f)
core   0: 0x8000a8b0 (0x00000001) c.nop
core   0: 3 0x8000a8b0 (0x0001)
core   0: 0x8000a8b2 (0x69fbcc83) lbu     s9, 1695(s7)
core   0: 3 0x8000a8b2 (0x69fbcc83) x25 0x000000f7 mem 0x80010a8d
core   0: 0x8000a8b6 (0x6c7bc403) lbu     s0, 1735(s7)
core   0: 3 0x8000a8b6 (0x6c7bc403) x8  0x000000d7 mem 0x80010ab5
core   0: 0x8000a8ba (0x00008e3d) c.xor   a2, a5
core   0: 3 0x8000a8ba (0x8e3d) x12 0x30225358
core   0: 0x8000a8bc (0x00009762) c.add   a4, s8
core   0: 3 0x8000a8bc (0x9762) x14 0x039aff86
core   0: 0x8000a8be (0x02c2ccb3) div     s9, t0, a2
core   0: 3 0x8000a8be (0x02c2ccb3) x25 0x00000000
core   0: 0x8000a8c2 (0xe20bd403) lhu     s0, -480(s7)
core   0: 3 0x8000a8c2 (0xe20bd403) x8  0x0000f5bf mem 0x8001020e
core   0: 0x8000a8c6 (0x41fd80b3) sub     ra, s11, t6
core   0: 3 0x8000a8c6 (0x41fd80b3) x1  0xffff70e5
core   0: 0x8000a8ca (0x6a8b9d23) sh      s0, 1722(s7)
core   0: 3 0x8000a8ca (0x6a8b9d23) mem 0x80010aa8 0xf5bf
core   0: 0x8000a8ce (0x0161e8b3) or      a7, gp, s6
core   0: 3 0x8000a8ce (0x0161e8b3) x17 0x00000054
core   0: 0x8000a8d2 (0x01274533) xor     a0, a4, s2
core   0: 3 0x8000a8d2 (0x01274533) x10 0xdab1ff86
core   0: 0x8000a8d6 (0x288bdd83) lhu     s11, 648(s7)
core   0: 3 0x8000a8d6 (0x288bdd83) x27 0x00004483 mem 0x80010676
core   0: 0x8000a8da (0x7efbc783) lbu     a5, 2031(s7)
core   0: 3 0x8000a8da (0x7efbc783) x15 0x0000004c mem 0x80010bdd
core   0: 0x8000a8de (0x700b9c23) sh      zero, 1816(s7)
core   0: 3 0x8000a8de (0x700b9c23) mem 0x80010b06 0x0000
core   0: 0x8000a8e2 (0x00f52ab3) slt     s5, a0, a5
core   0: 3 0x8000a8e2 (0x00f52ab3) x21 0x00000001
core   0: 0x8000a8e6 (0x3a2b8d23) sb      sp, 954(s7)
core   0: 3 0x8000a8e6 (0x3a2b8d23) mem 0x800107a8 0x58
core   0: 0x8000a8ea (0xf66ba903) lw      s2, -154(s7)
core   0: 3 0x8000a8ea (0xf66ba903) x18 0x0d8e93c1 mem 0x80010354
core   0: 0x8000a8ee (0x26cb9f03) lh      t5, 620(s7)
core   0: 3 0x8000a8ee (0x26cb9f03) x30 0xfffff4db mem 0x8001065a
core   0: 0x8000a8f2 (0xda7b84a3) sb      t2, -599(s7)
core   0: 3 0x8000a8f2 (0xda7b84a3) mem 0x80010197 0x1d
core   0: 0x8000a8f6 (0xdc4b8823) sb      tp, -560(s7)
core   0: 3 0x8000a8f6 (0xdc4b8823) mem 0x800101be 0xff
core   0: 0x8000a8fa (0x598b9783) lh      a5, 1432(s7)
core   0: 3 0x8000a8fa (0x598b9783) x15 0x00004344 mem 0x80010986
core   0: 0x8000a8fe (0x00008c5d) c.or    s0, a5
core   0: 3 0x8000a8fe (0x8c5d) x8  0x0000f7ff
core   0: 0x8000a900 (0x14ebde83) lhu     t4, 334(s7)
core   0: 3 0x8000a900 (0x14ebde83) x29 0x0000fb8a mem 0x8001053c
core   0: 0x8000a904 (0x340fe673) csrrsi  a2, mscratch, 31
core   0: 3 0x8000a904 (0x340fe673) x12 0x00000014 c832_mscratch 0x0000001f
core   0: 0x8000a908 (0x00192d33) slt     s10, s2, ra
core   0: 3 0x8000a908 (0x00192d33) x26 0x00000000
core   0: 0x8000a90c (0x00000825) c.addi  a6, 9
core   0: 3 0x8000a90c (0x0825) x16 0x00000009
core   0: 0x8000a90e (0x3f1b8c83) lb      s9, 1009(s7)
core   0: 3 0x8000a90e (0x3f1b8c83) x25 0x0000001e mem 0x800107df
core   0: 0x8000a912 (0x244bcd03) lbu     s10, 580(s7)
core   0: 3 0x8000a912 (0x244bcd03) x26 0x00000053 mem 0x80010632
core   0: 0x8000a916 (0x340f5873) csrrwi  a6, mscratch, 30
core   0: 3 0x8000a916 (0x340f5873) x16 0x0000001f c832_mscratch 0x0000001e
core   0: 0x8000a91a (0xe79bca83) lbu     s5, -391(s7)
core   0: 3 0x8000a91a (0xe79bca83) x21 0x0000008d mem 0x80010267
core   0: 0x8000a91e (0x00008009) c.srli  s0, 2
core   0: 3 0x8000a91e (0x8009) x8  0x00003dff
core   0: 0x8000a920 (0x000099fd) c.andi  a1, -1
core   0: 3 0x8000a920 (0x99fd) x11 0xfffff002
core   0: 0x8000a922 (0x0ff0000f) fence   iorw,iorw
core   0: 3 0x8000a922 (0x0ff0000f)
core   0: 0x8000a926 (0x7e3b8783) lb      a5, 2019(s7)
core   0: 3 0x8000a926 (0x7e3b8783) x15 0xffffffe1 mem 0x80010bd1
core   0: 0x8000a92a (0x447bce83) lbu     t4, 1095(s7)
core   0: 3 0x8000a92a (0x447bce83) x29 0x000000cd mem 0x80010835
core   0: 0x8000a92e (0x000098fd) c.andi  s1, -1
core   0: 3 0x8000a92e (0x98fd) x9  0xffffff9a
core   0: 0x8000a930 (0x00008b99) c.andi  a5, 6
core   0: 3 0x8000a930 (0x8b99) x15 0x00000000
core   0: 0x8000a932 (0x4afb8303) lb      t1, 1199(s7)
core   0: 3 0x8000a932 (0x4afb8303) x6  0xffffffc0 mem 0x8001089d
core   0: 0x8000a936 (0x00006f17) auipc   t5, 0x6
core   0: 3 0x8000a936 (0x00006f17) x30 0x80010936
core   0: 0x8000a93a (0xdfbf0f13) addi    t5, t5, -517
core   0: 3 0x8000a93a (0xdfbf0f13) x30 0x80010731
core   0: 0x8000a93e (0x024eb533) mulhu   a0, t4, tp
core   0: 3 0x8000a93e (0x024eb533) x10 0x000000cc
core   0: 0x8000a942 (0x08cf0903) lb      s2, 140(t5)
core   0: 3 0x8000a942 (0x08cf0903) x18 0x00000065 mem 0x800107bd
core   0: 0x8000a946 (0x0052fa33) and     s4, t0, t0
core   0: 3 0x8000a946 (0x0052fa33) x20 0x00000001
core   0: 0x8000a94a (0x004542b3) xor     t0, a0, tp
core   0: 3 0x8000a94a (0x004542b3) x5  0xffffff33
core   0: 0x8000a94e (0xf73f5a03) lhu     s4, -141(t5)
core   0: 3 0x8000a94e (0xf73f5a03) x20 0x00007264 mem 0x800106a4
core   0: 0x8000a952 (0x00008fd2) c.mv    t6, s4
core   0: 3 0x8000a952 (0x8fd2) x31 0x00007264
core   0: 0x8000a954 (0x0e0f4b03) lbu     s6, 224(t5)
core   0: 3 0x8000a954 (0x0e0f4b03) x22 0x000000ef mem 0x80010811
core   0: 0x8000a958 (0x0c1f0f23) sb      ra, 222(t5)
core   0: 3 0x8000a958 (0x0c1f0f23) mem 0x8001080f 0xe5
core   0: 0x8000a95c (0x005f0723) sb      t0, 14(t5)
core   0: 3 0x8000a95c (0x005f0723) mem 0x8001073f 0x33
core   0: 0x8000a960 (0x6b588a93) addi    s5, a7, 1717
core   0: 3 0x8000a960 (0x6b588a93) x21 0x00000709
core   0: 0x8000a964 (0x0015bc33) sltu    s8, a1, ra
core   0: 3 0x8000a964 (0x0015bc33) x24 0x00000000
core   0: 0x8000a968 (0xfdaf0783) lb      a5, -38(t5)
core   0: 3 0x8000a968 (0xfdaf0783) x15 0xffffffc7 mem 0x8001070b
core   0: 0x8000a96c (0x0f6f4903) lbu     s2, 246(t5)
core   0: 3 0x8000a96c (0x0f6f4903) x18 0x00000022 mem 0x80010827
core   0: 0x8000a970 (0x00008191) c.srli  a1, 4
core   0: 3 0x8000a970 (0x8191) x11 0x0fffff00
core   0: 0x8000a972 (0x09bf4c83) lbu     s9, 155(t5)
core   0: 3 0x8000a972 (0x09bf4c83) x25 0x0000006f mem 0x800107cc
core   0: 0x8000a976 (0x0265d9b3) divu    s3, a1, t1
core   0: 3 0x8000a976 (0x0265d9b3) x19 0x00000000
core   0: 0x8000a97a (0xf4bf19a3) sh      a1, -173(t5)
core   0: 3 0x8000a97a (0xf4bf19a3) mem 0x80010684 0xff00
core   0: 0x8000a97e (0xff1f5303) lhu     t1, -15(t5)
core   0: 3 0x8000a97e (0xff1f5303) x6  0x000080e1 mem 0x80010722
core   0: 0x8000a982 (0x06df4403) lbu     s0, 109(t5)
core   0: 3 0x8000a982 (0x06df4403) x8  0x000000a4 mem 0x8001079e
core   0: 0x8000a986 (0x01049533) sll     a0, s1, a6
core   0: 3 0x8000a986 (0x01049533) x10 0x00000000
core   0: 0x8000a98a (0xeab57017) auipc   zero, 0xeab57
core   0: 3 0x8000a98a (0xeab57017)
core   0: 0x8000a98e (0xf4ff5483) lhu     s1, -177(t5)
core   0: 3 0x8000a98e (0xf4ff5483) x9  0x00007d49 mem 0x80010680
core   0: 0x8000a992 (0xf9cf29a3) sw      t3, -109(t5)
core   0: 3 0x8000a992 (0xf9cf29a3) mem 0x800106c4 0x80025dfc
core   0: 0x8000a996 (0x04df0523) sb      a3, 74(t5)
core   0: 3 0x8000a996 (0x04df0523) mem 0x8001077b 0x24
core   0: 0x8000a99a (0x00fb6633) or      a2, s6, a5
core   0: 3 0x8000a99a (0x00fb6633) x12 0xffffffef
core   0: 0x8000a99e (0x0358f8b3) remu    a7, a7, s5
core   0: 3 0x8000a99e (0x0358f8b3) x17 0x00000054
core   0: 0x8000a9a2 (0x0083fcb3) and     s9, t2, s0
core   0: 3 0x8000a9a2 (0x0083fcb3) x25 0x00000004
core   0: 0x8000a9a6 (0x0000100f) fence.i
core   0: 3 0x8000a9a6 (0x0000100f)
core   0: 0x8000a9aa (0x08ef4603) lbu     a2, 142(t5)
core   0: 3 0x8000a9aa (0x08ef4603) x12 0x00000044 mem 0x800107bf
core   0: 0x8000a9ae (0x0b1f0d23) sb      a7, 186(t5)
core   0: 3 0x8000a9ae (0x0b1f0d23) mem 0x800107eb 0x54
core   0: 0x8000a9b2 (0xf98f4483) lbu     s1, -104(t5)
core   0: 3 0x8000a9b2 (0xf98f4483) x9  0x0000007c mem 0x800106c9
core   0: 0x8000a9b6 (0x0aff4503) lbu     a0, 175(t5)
core   0: 3 0x8000a9b6 (0x0aff4503) x10 0x000000d0 mem 0x800107e0
core   0: 0x8000a9ba (0x00008afa) c.mv    s5, t5
core   0: 3 0x8000a9ba (0x8afa) x21 0x80010731
core   0: 0x8000a9bc (0x03519d33) mulh    s10, gp, s5
core   0: 3 0x8000a9bc (0x03519d33) x26 0xffffffd6
core   0: 0x8000a9c0 (0x00008f81) c.sub   a5, s0
core   0: 3 0x8000a9c0 (0x8f81) x15 0xffffff23
core   0: 0x8000a9c2 (0x000094d6) c.add   s1, s5
core   0: 3 0x8000a9c2 (0x94d6) x9  0x800107ad
core   0: 0x8000a9c4 (0x00501263) bne     zero, t0, pc + 4
core   0: 3 0x8000a9c4 (0x00501263)
core   0: 0x8000a9c8 (0x00001f7d) c.addi  t5, -1
core   0: 3 0x8000a9c8 (0x1f7d) x30 0x80010730
core   0: 0x8000a9ca (0x3e67f513) andi    a0, a5, 998
core   0: 3 0x8000a9ca (0x3e67f513) x10 0x00000322
core   0: 0x8000a9ce (0x00000fed) c.addi  t6, 27
core   0: 3 0x8000a9ce (0x0fed) x31 0x0000727f
core   0: 0x8000a9d0 (0x3403d073) csrwi   mscratch, 7
core   0: 3 0x8000a9d0 (0x3403d073) c832_mscratch 0x00000007
core   0: 0x8000a9d4 (0x00000001) c.nop
core   0: 3 0x8000a9d4 (0x0001)
core   0: 0x8000a9d6 (0x03e0d1b3) divu    gp, ra, t5
core   0: 3 0x8000a9d6 (0x03e0d1b3) x3  0x00000001
core   0: 0x8000a9da (0x00008e21) c.xor   a2, s0
core   0: 3 0x8000a9da (0x8e21) x12 0x000000e0
core   0: 0x8000a9dc (0x00009f26) c.add   t5, s1
core   0: 3 0x8000a9dc (0x9f26) x30 0x00020edd
core   0: 0x8000a9de (0xc8567093) andi    ra, a2, -891
core   0: 3 0x8000a9de (0xc8567093) x1  0x00000080
core   0: 0x8000a9e2 (0x025e33b3) mulhu   t2, t3, t0
core   0: 3 0x8000a9e2 (0x025e33b3) x7  0x80025d95
core   0: 0x8000a9e6 (0xf0de7bb7) lui     s7, 0xf0de7
core   0: 3 0x8000a9e6 (0xf0de7bb7) x23 0xf0de7000
core   0: 0x8000a9ea (0x0000ef0d) c.bnez  a4, pc + 58
core   0: 3 0x8000a9ea (0xef0d)
core   0: 0x8000aa24 (0x340c5c73) csrrwi  s8, mscratch, 24
core   0: 3 0x8000aa24 (0x340c5c73) x24 0x00000007 c832_mscratch 0x00000018
core   0: 0x8000aa28 (0x1324a737) lui     a4, 0x1324a
core   0: 3 0x8000aa28 (0x1324a737) x14 0x1324a000
core   0: 0x8000aa2c (0x57e0cd13) xori    s10, ra, 1406
core   0: 3 0x8000aa2c (0x57e0cd13) x26 0x000005fe
core   0: 0x8000aa30 (0xb289a837) lui     a6, 0xb289a
core   0: 3 0x8000aa30 (0xb289a837) x16 0xb289a000
core   0: 0x8000aa34 (0xb00a92b7) lui     t0, 0xb00a9
core   0: 3 0x8000aa34 (0xb00a92b7) x5  0xb00a9000
core   0: 0x8000aa38 (0x003cb2b3) sltu    t0, s9, gp
core   0: 3 0x8000aa38 (0x003cb2b3) x5  0x00000000
core   0: 0x8000aa3c (0x3408d7f3) csrrwi  a5, mscratch, 17
core   0: 3 0x8000aa3c (0x3408d7f3) x15 0x00000018 c832_mscratch 0x00000011
core   0: 0x8000aa40 (0xecc4a313) slti    t1, s1, -308
core   0: 3 0x8000aa40 (0xecc4a313) x6  0x00000001
core   0: 0x8000aa44 (0x41b85193) srai    gp, a6, 27
core   0: 3 0x8000aa44 (0x41b85193) x3  0xfffffff6
core   0: 0x8000aa48 (0x00000001) c.nop
core   0: 3 0x8000aa48 (0x0001)
core   0: 0x8000aa4a (0x47d0f813) andi    a6, ra, 1149
core   0: 3 0x8000aa4a (0x47d0f813) x16 0x00000000
core   0: 0x8000aa4e (0xca01ca93) xori    s5, gp, -864
core   0: 3 0x8000aa4e (0xca01ca93) x21 0x00000356
core   0: 0x8000aa52 (0x0000867d) c.srai  a2, 31
core   0: 3 0x8000aa52 (0x867d) x12 0x00000000
core   0: 0x8000aa54 (0x40588933) sub     s2, a7, t0
core   0: 3 0x8000aa54 (0x40588933) x18 0x00000054
core   0: 0x8000aa58 (0x030ad2b3) divu    t0, s5, a6
core   0: 3 0x8000aa58 (0x030ad2b3) x5  0xffffffff
core   0: 0x8000aa5c (0x92947997) auipc   s3, 0x92947
core   0: 3 0x8000aa5c (0x92947997) x19 0x12951a5c
core   0: 0x8000aa60 (0x0045e5b3) or      a1, a1, tp
core   0: 3 0x8000aa60 (0x0045e5b3) x11 0xffffffff
core   0: 0x8000aa64 (0x00434963) blt     t1, tp, pc + 18
core   0: 3 0x8000aa64 (0x00434963)
core   0: 0x8000aa68 (0x00008a52) c.mv    s4, s4
core   0: 3 0x8000aa68 (0x8a52) x20 0x00007264
core   0: 0x8000aa6a (0x0301d8b3) divu    a7, gp, a6
core   0: 3 0x8000aa6a (0x0301d8b3) x17 0xffffffff
core   0: 0x8000aa6e (0x0397a833) mulhsu  a6, a5, s9
core   0: 3 0x8000aa6e (0x0397a833) x16 0x00000000
core   0: 0x8000aa72 (0x02c81363) bne     a6, a2, pc + 38
core   0: 3 0x8000aa72 (0x02c81363)
core   0: 0x8000aa76 (0x038f5db3) divu    s11, t5, s8
core   0: 3 0x8000aa76 (0x038f5db3) x27 0x00004b44
core   0: 0x8000aa7a (0x0130db93) srli    s7, ra, 19
core   0: 3 0x8000aa7a (0x0130db93) x23 0x00000000
core   0: 0x8000aa7e (0x00a541b3) xor     gp, a0, a0
core   0: 3 0x8000aa7e (0x00a541b3) x3  0x00000000
core   0: 0x8000aa82 (0x340032f3) csrrc   t0, mscratch, zero
core   0: 3 0x8000aa82 (0x340032f3) x5  0x00000011
core   0: 0x8000aa86 (0x0131e663) bltu    gp, s3, pc + 12
core   0: 3 0x8000aa86 (0x0131e663)
core   0: 0x8000aa92 (0x0000cf0d) c.beqz  a4, pc + 58
core   0: 3 0x8000aa92 (0xcf0d)
core   0: 0x8000aa94 (0x01238fb3) add     t6, t2, s2
core   0: 3 0x8000aa94 (0x01238fb3) x31 0x80025de9
core   0: 0x8000aa98 (0x02d02833) mulhsu  a6, zero, a3
core   0: 3 0x8000aa98 (0x02d02833) x16 0x00000000
core   0: 0x8000aa9c (0xfd89ab93) slti    s7, s3, -40
core   0: 3 0x8000aa9c (0xfd89ab93) x23 0x00000000
core   0: 0x8000aaa0 (0x000080ad) c.srli  s1, 11
core   0: 3 0x8000aaa0 (0x80ad) x9  0x00100020
core   0: 0x8000aaa2 (0x00000001) c.nop
core   0: 3 0x8000aaa2 (0x0001)
core   0: 0x8000aaa4 (0x2a28f393) andi    t2, a7, 674
core   0: 3 0x8000aaa4 (0x2a28f393) x7  0x000002a2
core   0: 0x8000aaa8 (0x0000089e) c.slli  a7, 7
core   0: 3 0x8000aaa8 (0x089e) x17 0xffffff80
core   0: 0x8000aaaa (0x00008c51) c.or    s0, a2
core   0: 3 0x8000aaaa (0x8c51) x8  0x000000a4
core   0: 0x8000aaac (0x00008fcd) c.or    a5, a1
core   0: 3 0x8000aaac (0x8fcd) x15 0xffffffff
core   0: 0x8000aaae (0x000084ed) c.srai  s1, 27
core   0: 3 0x8000aaae (0x84ed) x9  0x00000000
core   0: 0x8000aab0 (0x01cf8733) add     a4, t6, t3
core   0: 3 0x8000aab0 (0x01cf8733) x14 0x0004bbe5
core   0: 0x8000aab4 (0x029ad333) divu    t1, s5, s1
core   0: 3 0x8000aab4 (0x029ad333) x6  0xffffffff
core   0: 0x8000aab8 (0x000099fd) c.andi  a1, -1
core   0: 3 0x8000aab8 (0x99fd) x11 0xffffffff
core   0: 0x8000aaba (0x000080da) c.mv    ra, s6
core   0: 3 0x8000aaba (0x80da) x1  0x000000ef
core   0: 0x8000aabc (0x00000185) c.addi  gp, 1
core   0: 3 0x8000aabc (0x0185) x3  0x00000001
core   0: 0x8000aabe (0x340dbff3) csrrc   t6, mscratch, s11
core   0: 3 0x8000aabe (0x340dbff3) x31 0x00000011 c832_mscratch 0x00000011
core   0: 0x8000aac2 (0x0000587d) c.li    a6, -1
core   0: 3 0x8000aac2 (0x587d) x16 0xffffffff
core   0: 0x8000aac4 (0x031c7a33) remu    s4, s8, a7
core   0: 3 0x8000aac4 (0x031c7a33) x20 0x00000007
core   0: 0x8000aac8 (0x0ff0000f) fence   iorw,iorw
core   0: 3 0x8000aac8 (0x0ff0000f)
core   0: 0x8000aacc (0xbcff6313) ori     t1, t5, -1073
core   0: 3 0x8000aacc (0xbcff6313) x6  0xffffffdf
core   0: 0x8000aad0 (0x022b4933) div     s2, s6, sp
core   0: 3 0x8000aad0 (0x022b4933) x18 0x00000000
core   0: 0x8000aad4 (0x03db8db3) mul     s11, s7, t4
core   0: 3 0x8000aad4 (0x03db8db3) x27 0x00000000
core   0: 0x8000aad8 (0x340f2c73) csrrs   s8, mscratch, t5
core   0: 3 0x8000aad8 (0x340f2c73) x24 0x00000011 c832_mscratch 0x00020edd
core   0: 0x8000aadc (0x0199aab3) slt     s5, s3, s9
core   0: 3 0x8000aadc (0x0199aab3) x21 0x00000000
core   0: 0x8000aae0 (0x0000eb0d) c.bnez  a4, pc + 50
core   0: 3 0x8000aae0 (0xeb0d)
core   0: 0x8000ab12 (0x00000001) c.nop
core   0: 3 0x8000ab12 (0x0001)
core   0: 0x8000ab14 (0x02019533) mulh    a0, gp, zero
core   0: 3 0x8000ab14 (0x02019533) x10 0x00000000
core   0: 0x8000ab18 (0x00009f7e) c.add   t5, t6
core   0: 3 0x8000ab18 (0x9f7e) x30 0x00020eee
core   0: 0x8000ab1a (0x340073f3) csrrci  t2, mscratch, 0
core   0: 3 0x8000ab1a (0x340073f3) x7  0x00020edd
core   0: 0x8000ab1e (0x40e15933) sra     s2, sp, a4
core   0: 3 0x8000ab1e (0x40e15933) x18 0xffe32f9a
core   0: 0x8000ab22 (0x40a20633) sub     a2, tp, a0
core   0: 3 0x8000ab22 (0x40a20633) x12 0xffffffff
core   0: 0x8000ab26 (0x015312b3) sll     t0, t1, s5
core   0: 3 0x8000ab26 (0x015312b3) x5  0xffffffdf
core   0: 0x8000ab2a (0x340415f3) csrrw   a1, mscratch, s0
core   0: 3 0x8000ab2a (0x340415f3) x11 0x00020edd c832_mscratch 0x000000a4
core   0: 0x8000ab2e (0x01f57db3) and     s11, a0, t6
core   0: 3 0x8000ab2e (0x01f57db3) x27 0x00000000
core   0: 0x8000ab32 (0x0000e00d) c.bnez  s0, pc + 34
core   0: 3 0x8000ab32 (0xe00d)
core   0: 0x8000ab54 (0x0000800d) c.srli  s0, 3
core   0: 3 0x8000ab54 (0x800d) x8  0x00000014
core   0: 0x8000ab56 (0x00ff0a33) add     s4, t5, a5
core   0: 3 0x8000ab56 (0x00ff0a33) x20 0x00020eed
core   0: 0x8000ab5a (0x00e311b3) sll     gp, t1, a4
core   0: 3 0x8000ab5a (0x00e311b3) x3  0xfffffbe0
core   0: 0x8000ab5e (0x34002af3) csrr    s5, mscratch
core   0: 3 0x8000ab5e (0x34002af3) x21 0x000000a4
core   0: 0x8000ab62 (0x00008c21) c.xor   s0, s0
core   0: 3 0x8000ab62 (0x8c21) x8  0x00000000
core   0: 0x8000ab64 (0x00008f89) c.sub   a5, a0
core   0: 3 0x8000ab64 (0x8f89) x15 0xffffffff
core   0: 0x8000ab66 (0x40bd51b3) sra     gp, s10, a1
core   0: 3 0x8000ab66 (0x40bd51b3) x3  0x00000000
core   0: 0x8000ab6a (0x00006d85) c.lui   s11, 0x1
core   0: 3 0x8000ab6a (0x6d85) x27 0x00001000
core   0: 0x8000ab6c (0x34002ef3) csrr    t4, mscratch
core   0: 3 0x8000ab6c (0x34002ef3) x29 0x000000a4
core   0: 0x8000ab70 (0x037e0263) beq     t3, s7, pc + 36
core   0: 3 0x8000ab70 (0x037e0263)
core   0: 0x8000ab74 (0x971b4b93) xori    s7, s6, -1679
core   0: 3 0x8000ab74 (0x971b4b93) x23 0xfffff99e
core   0: 0x8000ab78 (0xaeb43c93) sltiu   s9, s0, -1301
core   0: 3 0x8000ab78 (0xaeb43c93) x25 0x00000001
core   0: 0x8000ab7c (0x000083bd) c.srli  a5, 15
core   0: 3 0x8000ab7c (0x83bd) x15 0x0001ffff
core   0: 0x8000ab7e (0x00001c7d) c.addi  s8, -1
core   0: 3 0x8000ab7e (0x1c7d) x24 0x00000010
core   0: 0x8000ab80 (0x00008d49) c.or    a0, a0
core   0: 3 0x8000ab80 (0x8d49) x10 0x00000000
core   0: 0x8000ab82 (0x406dd633) sra     a2, s11, t1
core   0: 3 0x8000ab82 (0x406dd633) x12 0x00000000
core   0: 0x8000ab86 (0x00e97bb3) and     s7, s2, a4
core   0: 3 0x8000ab86 (0x00e97bb3) x23 0x00002b80
core   0: 0x8000ab8a (0x01dd1a93) slli    s5, s10, 29
core   0: 3 0x8000ab8a (0x01dd1a93) x21 0xc0000000
core   0: 0x8000ab8e (0x02685c33) divu    s8, a6, t1
core   0: 3 0x8000ab8e (0x02685c33) x24 0x00000001
core   0: 0x8000ab92 (0x00008e5d) c.or    a2, a5
core   0: 3 0x8000ab92 (0x8e5d) x12 0x0001ffff
core   0: 0x8000ab94 (0x00008dd5) c.or    a1, a3
core   0: 3 0x8000ab94 (0x8dd5) x11 0x80029ffd
core   0: 0x8000ab96 (0x340190f3) csrrw   ra, mscratch, gp
core   0: 3 0x8000ab96 (0x340190f3) x1  0x000000a4 c832_mscratch 0x00000000
core   0: 0x8000ab9a (0x0000ed19) c.bnez  a0, pc + 30
core   0: 3 0x8000ab9a (0xed19)
core   0: 0x8000ab9c (0x0458d163) bge     a7, t0, pc + 66
core   0: 3 0x8000ab9c (0x0458d163)
core   0: 0x8000aba0 (0x0ff0000f) fence   iorw,iorw
core   0: 3 0x8000aba0 (0x0ff0000f)
core   0: 0x8000aba4 (0x00000001) c.nop
core   0: 3 0x8000aba4 (0x0001)
core   0: 0x8000aba6 (0x0000100f) fence.i
core   0: 3 0x8000aba6 (0x0000100f)
core   0: 0x8000abaa (0x023f4c63) blt     t5, gp, pc + 56
core   0: 3 0x8000abaa (0x023f4c63)
core   0: 0x8000abae (0x0054e433) or      s0, s1, t0
core   0: 3 0x8000abae (0x0054e433) x8  0xffffffdf
core   0: 0x8000abb2 (0x00462033) slt     zero, a2, tp
core   0: 3 0x8000abb2 (0x00462033)
core   0: 0x8000abb6 (0x00000001) c.nop
core   0: 3 0x8000abb6 (0x0001)
core   0: 0x8000abb8 (0xb34b0d93) addi    s11, s6, -1228
core   0: 3 0x8000abb8 (0xb34b0d93) x27 0xfffffc23
core   0: 0x8000abbc (0x25489c97) auipc   s9, 0x25489
core   0: 3 0x8000abbc (0x25489c97) x25 0xa5493bbc
core   0: 0x8000abc0 (0x0000ed85) c.bnez  a1, pc + 56
core   0: 3 0x8000abc0 (0xed85)
core   0: 0x8000abf8 (0x0003d5b3) srl     a1, t2, zero
core   0: 3 0x8000abf8 (0x0003d5b3) x11 0x00020edd
core   0: 0x8000abfc (0x000084a5) c.srai  s1, 9
core   0: 3 0x8000abfc (0x84a5) x9  0x00000000
core   0: 0x8000abfe (0x004b3bb3) sltu    s7, s6, tp
core   0: 3 0x8000abfe (0x004b3bb3) x23 0x00000001
core   0: 0x8000ac02 (0x02300db3) mul     s11, zero, gp
core   0: 3 0x8000ac02 (0x02300db3) x27 0x00000000
core   0: 0x8000ac06 (0x03f371b3) remu    gp, t1, t6
core   0: 3 0x8000ac06 (0x03f371b3) x3  0x00000002
core   0: 0x8000ac0a (0x0395acb3) mulhsu  s9, a1, s9
core   0: 3 0x8000ac0a (0x0395acb3) x25 0x0001542b
core   0: 0x8000ac0e (0x029a1633) mulh    a2, s4, s1
core   0: 3 0x8000ac0e (0x029a1633) x12 0x00000000
core   0: 0x8000ac12 (0x340c9973) csrrw   s2, mscratch, s9
core   0: 3 0x8000ac12 (0x340c9973) x18 0x00000000 c832_mscratch 0x0001542b
core   0: 0x8000ac16 (0x00a739b3) sltu    s3, a4, a0
core   0: 3 0x8000ac16 (0x00a739b3) x19 0x00000000
core   0: 0x8000ac1a (0x0000890a) c.mv    s2, sp
core   0: 3 0x8000ac1a (0x890a) x18 0xfc65f358
core   0: 0x8000ac1c (0x00000001) c.nop
core   0: 3 0x8000ac1c (0x0001)
core   0: 0x8000ac1e (0x9a0f3713) sltiu   a4, t5, -1632
core   0: 3 0x8000ac1e (0x9a0f3713) x14 0x00000001
core   0: 0x8000ac22 (0x41595f93) srai    t6, s2, 21
core   0: 3 0x8000ac22 (0x41595f93) x31 0xffffffe3
core   0: 0x8000ac26 (0x00008151) c.srli  a0, 20
core   0: 3 0x8000ac26 (0x8151) x10 0x00000000
core   0: 0x8000ac28 (0x00008ce1) c.and   s1, s0
core   0: 3 0x8000ac28 (0x8ce1) x9  0x00000000
core   0: 0x8000ac2a (0x34002073) csrr    zero, mscratch
core   0: 3 0x8000ac2a (0x34002073)
core   0: 0x8000ac2e (0x8f5ea337) lui     t1, 0x8f5ea
core   0: 3 0x8000ac2e (0x8f5ea337) x6  0x8f5ea000
core   0: 0x8000ac32 (0x01652033) slt     zero, a0, s6
core   0: 3 0x8000ac32 (0x01652033)
core   0: 0x8000ac36 (0x402dd833) sra     a6, s11, sp
core   0: 3 0x8000ac36 (0x402dd833) x16 0x00000000
core   0: 0x8000ac3a (0x03109a33) mulh    s4, ra, a7
core   0: 3 0x8000ac3a (0x03109a33) x20 0xffffffff
core   0: 0x8000ac3e (0x00000001) c.nop
core   0: 3 0x8000ac3e (0x0001)
core   0: 0x8000ac40 (0x032dbeb3) mulhu   t4, s11, s2
core   0: 3 0x8000ac40 (0x032dbeb3) x29 0x00000000
core   0: 0x8000ac44 (0x00008035) c.srli  s0, 13
core   0: 3 0x8000ac44 (0x8035) x8  0x0007ffff
core   0: 0x8000ac46 (0xbaab3493) sltiu   s1, s6, -1110
core   0: 3 0x8000ac46 (0xbaab3493) x9  0x00000001
core   0: 0x8000ac4a (0x345e9c37) lui     s8, 0x345e9
core   0: 3 0x8000ac4a (0x345e9c37) x24 0x345e9000
core   0: 0x8000ac4e (0x02dd0c33) mul     s8, s10, a3
core   0: 3 0x8000ac4e (0x02dd0c33) x24 0x0fa99db8
core   0: 0x8000ac52 (0x000083d9) c.srli  a5, 22
core   0: 3 0x8000ac52 (0x83d9) x15 0x00000000
core   0: 0x8000ac54 (0x0000597d) c.li    s2, -1
core   0: 3 0x8000ac54 (0x597d) x18 0xffffffff
core   0: 0x8000ac56 (0x9e7dab93) slti    s7, s11, -1561
core   0: 3 0x8000ac56 (0x9e7dab93) x23 0x00000000
core   0: 0x8000ac5a (0x00008fa9) c.xor   a5, a0
core   0: 3 0x8000ac5a (0x8fa9) x15 0x00000000
core   0: 0x8000ac5c (0x0000100f) fence.i
core   0: 3 0x8000ac5c (0x0000100f)
core   0: 0x8000ac60 (0x00008675) c.srai  a2, 29
core   0: 3 0x8000ac60 (0x8675) x12 0x00000000
core   0: 0x8000ac62 (0x3408a473) csrrs   s0, mscratch, a7
core   0: 3 0x8000ac62 (0x3408a473) x8  0x0001542b c832_mscratch 0xffffffab
core   0: 0x8000ac66 (0x0000100f) fence.i
core   0: 3 0x8000ac66 (0x0000100f)
core   0: 0x8000ac6a (0x40dc5593) srai    a1, s8, 13
core   0: 3 0x8000ac6a (0x40dc5593) x11 0x00007d4c
core   0: 0x8000ac6e (0x00aec5b3) xor     a1, t4, a0
core   0: 3 0x8000ac6e (0x00aec5b3) x11 0x00000000
core   0: 0x8000ac72 (0x01db2db3) slt     s11, s6, t4
core   0: 3 0x8000ac72 (0x01db2db3) x27 0x00000000
core   0: 0x8000ac76 (0xf73b5c17) auipc   s8, 0xf73b5
core   0: 3 0x8000ac76 (0xf73b5c17) x24 0x773bfc76
core   0: 0x8000ac7a (0x05b67163) bgeu    a2, s11, pc + 66
core   0: 3 0x8000ac7a (0x05b67163)
core   0: 0x8000acbc (0x0341e833) rem     a6, gp, s4
core   0: 3 0x8000acbc (0x0341e833) x16 0x00000000
core   0: 0x8000acc0 (0x000000ee) c.slli  ra, 27
core   0: 3 0x8000acc0 (0x00ee) x1  0x20000000
core   0: 0x8000acc2 (0x005528b3) slt     a7, a0, t0
core   0: 3 0x8000acc2 (0x005528b3) x17 0x00000000
core   0: 0x8000acc6 (0x012a24b3) slt     s1, s4, s2
core   0: 3 0x8000acc6 (0x012a24b3) x9  0x00000000
core   0: 0x8000acca (0x03dbdb63) bge     s7, t4, pc + 54
core   0: 3 0x8000acca (0x03dbdb63)
core   0: 0x8000ad00 (0x3402f1f3) csrrci  gp, mscratch, 5
core   0: 3 0x8000ad00 (0x3402f1f3) x3  0xffffffab c832_mscratch 0xffffffaa
core   0: 0x8000ad04 (0xb1596537) lui     a0, 0xb1596
core   0: 3 0x8000ad04 (0xb1596537) x10 0xb1596000
core   0: 0x8000ad08 (0x2bc48393) addi    t2, s1, 700
core   0: 3 0x8000ad08 (0x2bc48393) x7  0x000002bc
core   0: 0x8000ad0c (0x8e708593) addi    a1, ra, -1817
core   0: 3 0x8000ad0c (0x8e708593) x11 0x1ffff8e7
core   0: 0x8000ad10 (0x1d5ca037) lui     zero, 0x1d5ca
core   0: 3 0x8000ad10 (0x1d5ca037)
core   0: 0x8000ad14 (0x000087e9) c.srai  a5, 26
core   0: 3 0x8000ad14 (0x87e9) x15 0x00000000
core   0: 0x8000ad16 (0x0000801d) c.srli  s0, 7
core   0: 3 0x8000ad16 (0x801d) x8  0x000002a8
core   0: 0x8000ad18 (0x016efa63) bgeu    t4, s6, pc + 20
core   0: 3 0x8000ad18 (0x016efa63)
core   0: 0x8000ad1c (0xec1a8c13) addi    s8, s5, -319
core   0: 3 0x8000ad1c (0xec1a8c13) x24 0xbffffec1
core   0: 0x8000ad20 (0x035e51b3) divu    gp, t3, s5
core   0: 3 0x8000ad20 (0x035e51b3) x3  0x00000000
core   0: 0x8000ad24 (0x41c48733) sub     a4, s1, t3
core   0: 3 0x8000ad24 (0x41c48733) x14 0x7ffda204
core   0: 0x8000ad28 (0x00b30a63) beq     t1, a1, pc + 20
core   0: 3 0x8000ad28 (0x00b30a63)
core   0: 0x8000ad2c (0xde36c313) xori    t1, a3, -541
core   0: 3 0x8000ad2c (0xde36c313) x6  0x7ffd60c7
core   0: 0x8000ad30 (0x340293f3) csrrw   t2, mscratch, t0
core   0: 3 0x8000ad30 (0x340293f3) x7  0xffffffaa c832_mscratch 0xffffffdf
core   0: 0x8000ad34 (0x34006973) csrrsi  s2, mscratch, 0
core   0: 3 0x8000ad34 (0x34006973) x18 0xffffffdf
core   0: 0x8000ad38 (0x039bd063) bge     s7, s9, pc + 32
core   0: 3 0x8000ad38 (0x039bd063)
core   0: 0x8000ad3c (0x340be7f3) csrrsi  a5, mscratch, 23
core   0: 3 0x8000ad3c (0x340be7f3) x15 0xffffffdf c832_mscratch 0xffffffdf
core   0: 0x8000ad40 (0x00008f52) c.mv    t5, s4
core   0: 3 0x8000ad40 (0x8f52) x30 0xffffffff
core   0: 0x8000ad42 (0x0000177d) c.addi  a4, -1
core   0: 3 0x8000ad42 (0x177d) x14 0x7ffda203
core   0: 0x8000ad44 (0x00008bd9) c.andi  a5, 22
core   0: 3 0x8000ad44 (0x8bd9) x15 0x00000016
core   0: 0x8000ad46 (0x007ad013) srli    zero, s5, 7
core   0: 3 0x8000ad46 (0x007ad013)
core   0: 0x8000ad4a (0x0074ddb3) srl     s11, s1, t2
core   0: 3 0x8000ad4a (0x0074ddb3) x27 0x00000000
core   0: 0x8000ad4e (0x40470933) sub     s2, a4, tp
core   0: 3 0x8000ad4e (0x40470933) x18 0x7ffda204
core   0: 0x8000ad52 (0x4085d3b3) sra     t2, a1, s0
core   0: 3 0x8000ad52 (0x4085d3b3) x7  0x001ffff8
core   0: 0x8000ad56 (0x000090e2) c.add   ra, s8
core   0: 3 0x8000ad56 (0x90e2) x1  0xdffffec1
core   0: 0x8000ad58 (0x0372bd33) mulhu   s10, t0, s7
core   0: 3 0x8000ad58 (0x0372bd33) x26 0x00000000
core   0: 0x8000ad5c (0x0175c7b3) xor     a5, a1, s7
core   0: 3 0x8000ad5c (0x0175c7b3) x15 0x1ffff8e7
core   0: 0x8000ad60 (0x00234033) xor     zero, t1, sp
core   0: 3 0x8000ad60 (0x00234033)
core   0: 0x8000ad64 (0x007e4fb3) xor     t6, t3, t2
core   0: 3 0x8000ad64 (0x007e4fb3) x31 0x801da204
core   0: 0x8000ad68 (0x000c14b3) sll     s1, s8, zero
core   0: 3 0x8000ad68 (0x000c14b3) x9  0xbffffec1
core   0: 0x8000ad6c (0x00b75813) srli    a6, a4, 11
core   0: 3 0x8000ad6c (0x00b75813) x16 0x000fffb4
core   0: 0x8000ad70 (0xba70cc93) xori    s9, ra, -1113
core   0: 3 0x8000ad70 (0xba70cc93) x25 0x20000566
core   0: 0x8000ad74 (0x00ffb333) sltu    t1, t6, a5
core   0: 3 0x8000ad74 (0x00ffb333) x6  0x00000000
core   0: 0x8000ad78 (0x00009bfd) c.andi  a5, -1
core   0: 3 0x8000ad78 (0x9bfd) x15 0x1ffff8e7
core   0: 0x8000ad7a (0x00000c1e) c.slli  s8, 7
core   0: 3 0x8000ad7a (0x0c1e) x24 0xffff6080
core   0: 0x8000ad7c (0x01761f33) sll     t5, a2, s7
core   0: 3 0x8000ad7c (0x01761f33) x30 0x00000000
core   0: 0x8000ad80 (0x021e0733) mul     a4, t3, ra
core   0: 3 0x8000ad80 (0x021e0733) x14 0xfd0ce2fc
core   0: 0x8000ad84 (0x0300ecb3) rem     s9, ra, a6
core   0: 3 0x8000ad84 (0x0300ecb3) x25 0xffff66c1
core   0: 0x8000ad88 (0x2b9e2c93) slti    s9, t3, 697
core   0: 3 0x8000ad88 (0x2b9e2c93) x25 0x00000001
core   0: 0x8000ad8c (0x00008b86) c.mv    s7, ra
core   0: 3 0x8000ad8c (0x8b86) x23 0xdffffec1
core   0: 0x8000ad8e (0x00279b33) sll     s6, a5, sp
core   0: 3 0x8000ad8e (0x00279b33) x22 0xe7000000
core   0: 0x8000ad92 (0x03f84633) div     a2, a6, t6
core   0: 3 0x8000ad92 (0x03f84633) x12 0x00000000
core   0: 0x8000ad96 (0x00000fb5) c.addi  t6, 13
core   0: 3 0x8000ad96 (0x0fb5) x31 0x801da211
core   0: 0x8000ad98 (0x02cc8c33) mul     s8, s9, a2
core   0: 3 0x8000ad98 (0x02cc8c33) x24 0x00000000
core   0: 0x8000ad9c (0x03d4a2b3) mulhsu  t0, s1, t4
core   0: 3 0x8000ad9c (0x03d4a2b3) x5  0x00000000
core   0: 0x8000ada0 (0x340025f3) csrr    a1, mscratch
core   0: 3 0x8000ada0 (0x340025f3) x11 0xffffffdf
core   0: 0x8000ada4 (0x0042d633) srl     a2, t0, tp
core   0: 3 0x8000ada4 (0x0042d633) x12 0x00000000
core   0: 0x8000ada8 (0x340b3373) csrrc   t1, mscratch, s6
core   0: 3 0x8000ada8 (0x340b3373) x6  0xffffffdf c832_mscratch 0x18ffffdf
core   0: 0x8000adac (0xfaa1b817) auipc   a6, 0xfaa1b
core   0: 3 0x8000adac (0xfaa1b817) x16 0x7aa25dac
core   0: 0x8000adb0 (0x7b68fb93) andi    s7, a7, 1974
core   0: 3 0x8000adb0 (0x7b68fb93) x23 0x00000000
core   0: 0x8000adb4 (0x34003673) csrrc   a2, mscratch, zero
core   0: 3 0x8000adb4 (0x34003673) x12 0x18ffffdf
core   0: 0x8000adb8 (0x006b5713) srli    a4, s6, 6
core   0: 3 0x8000adb8 (0x006b5713) x14 0x039c0000
core   0: 0x8000adbc (0x01771ab3) sll     s5, a4, s7
core   0: 3 0x8000adbc (0x01771ab3) x21 0x039c0000
core   0: 0x8000adc0 (0x40cd5313) srai    t1, s10, 12
core   0: 3 0x8000adc0 (0x40cd5313) x6  0x00000000
core   0: 0x8000adc4 (0x3401d973) csrrwi  s2, mscratch, 3
core   0: 3 0x8000adc4 (0x3401d973) x18 0x18ffffdf c832_mscratch 0x00000003
core   0: 0x8000adc8 (0x02e0d963) bge     ra, a4, pc + 50
core   0: 3 0x8000adc8 (0x02e0d963)
core   0: 0x8000adcc (0x40790533) sub     a0, s2, t2
core   0: 3 0x8000adcc (0x40790533) x10 0x18dfffe7
core   0: 0x8000add0 (0x8618af93) slti    t6, a7, -1951
core   0: 3 0x8000add0 (0x8618af93) x31 0x00000000
core   0: 0x8000add4 (0x00df9913) slli    s2, t6, 13
core   0: 3 0x8000add4 (0x00df9913) x18 0x00000000
core   0: 0x8000add8 (0x40c180b3) sub     ra, gp, a2
core   0: 3 0x8000add8 (0x40c180b3) x1  0xe7000021
core   0: 0x8000addc (0x34006073) csrsi   mscratch, 0
core   0: 3 0x8000addc (0x34006073)
core   0: 0x8000ade0 (0x01055ab3) srl     s5, a0, a6
core   0: 3 0x8000ade0 (0x01055ab3) x21 0x00018dff
core   0: 0x8000ade4 (0x00008ca5) c.xor   s1, s1
core   0: 3 0x8000ade4 (0x8ca5) x9  0x00000000
core   0: 0x8000ade6 (0x000014fd) c.addi  s1, -1
core   0: 3 0x8000ade6 (0x14fd) x9  0xffffffff
core   0: 0x8000ade8 (0x00000001) c.nop
core   0: 3 0x8000ade8 (0x0001)
core   0: 0x8000adea (0x34001f73) csrrw   t5, mscratch, zero
core   0: 3 0x8000adea (0x34001f73) x30 0x00000003 c832_mscratch 0x00000000
core   0: 0x8000adee (0x03af6733) rem     a4, t5, s10
core   0: 3 0x8000adee (0x03af6733) x14 0x00000003
core   0: 0x8000adf2 (0x00000c9e) c.slli  s9, 7
core   0: 3 0x8000adf2 (0x0c9e) x25 0x00000080
core   0: 0x8000adf4 (0x0204a933) mulhsu  s2, s1, zero
core   0: 3 0x8000adf4 (0x0204a933) x18 0x00000000
core   0: 0x8000adf8 (0x00008d69) c.and   a0, a0
core   0: 3 0x8000adf8 (0x8d69) x10 0x18dfffe7
core   0: 0x8000adfa (0x402587b3) sub     a5, a1, sp
core   0: 3 0x8000adfa (0x402587b3) x15 0x039a0c87
core   0: 0x8000adfe (0x00a9f663) bgeu    s3, a0, pc + 12
core   0: 3 0x8000adfe (0x00a9f663)
core   0: 0x8000ae02 (0x340312f3) csrrw   t0, mscratch, t1
core   0: 3 0x8000ae02 (0x340312f3) x5  0x00000000 c832_mscratch 0x00000000
core   0: 0x8000ae06 (0x0000100f) fence.i
core   0: 3 0x8000ae06 (0x0000100f)
core   0: 0x8000ae0a (0x03b138b3) mulhu   a7, sp, s11
core   0: 3 0x8000ae0a (0x03b138b3) x17 0x00000000
core   0: 0x8000ae0e (0x211ca1b7) lui     gp, 0x211ca
core   0: 3 0x8000ae0e (0x211ca1b7) x3  0x211ca000
core   0: 0x8000ae12 (0x0000981a) c.add   a6, t1
core   0: 3 0x8000ae12 (0x981a) x16 0x7aa25dac
core   0: 0x8000ae14 (0x81c07f93) andi    t6, zero, -2020
core   0: 3 0x8000ae14 (0x81c07f93) x31 0x00000000
core   0: 0x8000ae18 (0x01ff69b3) or      s3, t5, t6
core   0: 3 0x8000ae18 (0x01ff69b3) x19 0x00000003
core   0: 0x8000ae1c (0x000081d2) c.mv    gp, s4
core   0: 3 0x8000ae1c (0x81d2) x3  0xffffffff
core   0: 0x8000ae1e (0x010bde63) bge     s7, a6, pc + 28
core   0: 3 0x8000ae1e (0x010bde63)
core   0: 0x8000ae22 (0x00008e69) c.and   a2, a0
core   0: 3 0x8000ae22 (0x8e69) x12 0x18dfffc7
core   0: 0x8000ae24 (0x00008e92) c.mv    t4, tp
core   0: 3 0x8000ae24 (0x8e92) x29 0xffffffff
core   0: 0x8000ae26 (0x016559b3) srl     s3, a0, s6
core   0: 3 0x8000ae26 (0x016559b3) x19 0x18dfffe7
core   0: 0x8000ae2a (0x01a70eb3) add     t4, a4, s10
core   0: 3 0x8000ae2a (0x01a70eb3) x29 0x00000003
core   0: 0x8000ae2e (0x00000001) c.nop
core   0: 3 0x8000ae2e (0x0001)
core   0: 0x8000ae30 (0x0000cc99) c.beqz  s1, pc + 30
core   0: 3 0x8000ae30 (0xcc99)
core   0: 0x8000ae32 (0x018e43b3) xor     t2, t3, s8
core   0: 3 0x8000ae32 (0x018e43b3) x7  0x80025dfc
core   0: 0x8000ae36 (0x0aaa7063) bgeu    s4, a0, pc + 160
core   0: 3 0x8000ae36 (0x0aaa7063)
core   0: 0x8000aed6 (0x340a63f3) csrrsi  t2, mscratch, 20
core   0: 3 0x8000aed6 (0x340a63f3) x7  0x00000000 c832_mscratch 0x00000014
core   0: 0x8000aeda (0x01f71f93) slli    t6, a4, 31
core   0: 3 0x8000aeda (0x01f71f93) x31 0x80000000
core   0: 0x8000aede (0x028725b3) mulhsu  a1, a4, s0
core   0: 3 0x8000aede (0x028725b3) x11 0x00000000
core   0: 0x8000aee2 (0x00006645) c.lui   a2, 0x11
core   0: 3 0x8000aee2 (0x6645) x12 0x00011000
core   0: 0x8000aee4 (0x0000c885) c.beqz  s1, pc + 48
core   0: 3 0x8000aee4 (0xc885)
core   0: 0x8000aee6 (0x0ff0000f) fence   iorw,iorw
core   0: 3 0x8000aee6 (0x0ff0000f)
core   0: 0x8000aeea (0x00000001) c.nop
core   0: 3 0x8000aeea (0x0001)
core   0: 0x8000aeec (0x00008389) c.srli  a5, 2
core   0: 3 0x8000aeec (0x8389) x15 0x00e68321
core   0: 0x8000aeee (0x00000ece) c.slli  t4, 19
core   0: 3 0x8000aeee (0x0ece) x29 0x00180000
core   0: 0x8000aef0 (0x34003773) csrrc   a4, mscratch, zero
core   0: 3 0x8000aef0 (0x34003773) x14 0x00000014
core   0: 0x8000aef4 (0x0000c909) c.beqz  a0, pc + 18
core   0: 3 0x8000aef4 (0xc909)
core   0: 0x8000aef6 (0x00a0eab3) or      s5, ra, a0
core   0: 3 0x8000aef6 (0x00a0eab3) x21 0xffdfffe7
core   0: 0x8000aefa (0x3400d573) csrrwi  a0, mscratch, 1
core   0: 3 0x8000aefa (0x3400d573) x10 0x00000014 c832_mscratch 0x00000001
core   0: 0x8000aefe (0x0000100f) fence.i
core   0: 3 0x8000aefe (0x0000100f)
core   0: 0x8000af02 (0x340022f3) csrr    t0, mscratch
core   0: 3 0x8000af02 (0x340022f3) x5  0x00000001
core   0: 0x8000af06 (0x00008df5) c.and   a1, a3
core   0: 3 0x8000af06 (0x8df5) x11 0x00000000
core   0: 0x8000af08 (0x01285733) srl     a4, a6, s2
core   0: 3 0x8000af08 (0x01285733) x14 0x7aa25dac
core   0: 0x8000af0c (0x643fcb93) xori    s7, t6, 1603
core   0: 3 0x8000af0c (0x643fcb93) x23 0x80000643
core   0: 0x8000af10 (0x000ba9b3) slt     s3, s7, zero
core   0: 3 0x8000af10 (0x000ba9b3) x19 0x00000001
core   0: 0x8000af14 (0x408a5733) sra     a4, s4, s0
core   0: 3 0x8000af14 (0x408a5733) x14 0xffffffff
core   0: 0x8000af18 (0xb3b6bc93) sltiu   s9, a3, -1221
core   0: 3 0x8000af18 (0xb3b6bc93) x25 0x00000001
core   0: 0x8000af1c (0x000090e6) c.add   ra, s9
core   0: 3 0x8000af1c (0x90e6) x1  0xe7000022
core   0: 0x8000af1e (0x000099fd) c.andi  a1, -1
core   0: 3 0x8000af1e (0x99fd) x11 0x00000000
core   0: 0x8000af20 (0x340037f3) csrrc   a5, mscratch, zero
core   0: 3 0x8000af20 (0x340037f3) x15 0x00000001
core   0: 0x8000af24 (0x007df433) and     s0, s11, t2
core   0: 3 0x8000af24 (0x007df433) x8  0x00000000
core   0: 0x8000af28 (0x0fd3ea97) auipc   s5, 0xfd3e
core   0: 3 0x8000af28 (0x0fd3ea97) x21 0x8fd48f28
core   0: 0x8000af2c (0x00405e93) srli    t4, zero, 4
core   0: 3 0x8000af2c (0x00405e93) x29 0x00000000
core   0: 0x8000af30 (0x009c71b3) and     gp, s8, s1
core   0: 3 0x8000af30 (0x009c71b3) x3  0x00000000
core   0: 0x8000af34 (0x034f5863) bge     t5, s4, pc + 48
core   0: 3 0x8000af34 (0x034f5863)
core   0: 0x8000af64 (0x340b17f3) csrrw   a5, mscratch, s6
core   0: 3 0x8000af64 (0x340b17f3) x15 0x00000001 c832_mscratch 0xe7000000
core   0: 0x8000af68 (0x00c69793) slli    a5, a3, 12
core   0: 3 0x8000af68 (0x00c69793) x15 0x29d24000
core   0: 0x8000af6c (0x0027e233) or      tp, a5, sp
core   0: 3 0x8000af6c (0x0027e233) x4  0xfdf7f358
core   0: 0x8000af70 (0x05976063) bltu    a4, s9, pc + 64
core   0: 3 0x8000af70 (0x05976063)
core   0: 0x8000af74 (0x4bbf8793) addi    a5, t6, 1211
core   0: 3 0x8000af74 (0x4bbf8793) x15 0x800004bb
core   0: 0x8000af78 (0x00000001) c.nop
core   0: 3 0x8000af78 (0x0001)
core   0: 0x8000af7a (0xb8ef6b13) ori     s6, t5, -1138
core   0: 3 0x8000af7a (0xb8ef6b13) x22 0xfffffb8f
core   0: 0x8000af7e (0x033a8333) mul     t1, s5, s3
core   0: 3 0x8000af7e (0x033a8333) x6  0x8fd48f28
core   0: 0x8000af82 (0x004232b3) sltu    t0, tp, tp
core   0: 3 0x8000af82 (0x004232b3) x5  0x00000000
core   0: 0x8000af86 (0x3405f373) csrrci  t1, mscratch, 11
core   0: 3 0x8000af86 (0x3405f373) x6  0xe7000000 c832_mscratch 0xe7000000
core   0: 0x8000af8a (0x02cbfd33) remu    s10, s7, a2
core   0: 3 0x8000af8a (0x02cbfd33) x26 0x00008643
core   0: 0x8000af8e (0x34007bf3) csrrci  s7, mscratch, 0
core   0: 3 0x8000af8e (0x34007bf3) x23 0xe7000000
core   0: 0x8000af92 (0x00008b25) c.andi  a4, 9
core   0: 3 0x8000af92 (0x8b25) x14 0x00000009
core   0: 0x8000af94 (0x00000001) c.nop
core   0: 3 0x8000af94 (0x0001)
core   0: 0x8000af96 (0x0000100f) fence.i
core   0: 3 0x8000af96 (0x0000100f)
core   0: 0x8000af9a (0x0000100f) fence.i
core   0: 3 0x8000af9a (0x0000100f)
core   0: 0x8000af9e (0x00008a0a) c.mv    s4, sp
core   0: 3 0x8000af9e (0x8a0a) x20 0xfc65f358
core   0: 0x8000afa0 (0x0231e663) bltu    gp, gp, pc + 44
core   0: 3 0x8000afa0 (0x0231e663)
core   0: 0x8000afa4 (0x00006c19) c.lui   s8, 0x6
core   0: 3 0x8000afa4 (0x6c19) x24 0x00006000
core   0: 0x8000afa6 (0x410ad093) srai    ra, s5, 16
core   0: 3 0x8000afa6 (0x410ad093) x1  0xffff8fd4
core   0: 0x8000afaa (0x00004609) c.li    a2, 2
core   0: 3 0x8000afaa (0x4609) x12 0x00000002
core   0: 0x8000afac (0x00008ca9) c.xor   s1, a0
core   0: 3 0x8000afac (0x8ca9) x9  0xffffffeb
core   0: 0x8000afae (0x0000e505) c.bnez  a0, pc + 40
core   0: 3 0x8000afae (0xe505)
core   0: 0x8000afd6 (0x00c89393) slli    t2, a7, 12
core   0: 3 0x8000afd6 (0x00c89393) x7  0x00000000
core   0: 0x8000afda (0x02631d63) bne     t1, t1, pc + 58
core   0: 3 0x8000afda (0x02631d63)
core   0: 0x8000afde (0xcd6313b7) lui     t2, 0xcd631
core   0: 3 0x8000afde (0xcd6313b7) x7  0xcd631000
core   0: 0x8000afe2 (0x340974f3) csrrci  s1, mscratch, 18
core   0: 3 0x8000afe2 (0x340974f3) x9  0xe7000000 c832_mscratch 0xe7000000
core   0: 0x8000afe6 (0x00000001) c.nop
core   0: 3 0x8000afe6 (0x0001)
core   0: 0x8000afe8 (0x340922f3) csrrs   t0, mscratch, s2
core   0: 3 0x8000afe8 (0x340922f3) x5  0xe7000000 c832_mscratch 0xe7000000
core   0: 0x8000afec (0x6e1d3793) sltiu   a5, s10, 1761
core   0: 3 0x8000afec (0x6e1d3793) x15 0x00000000
core   0: 0x8000aff0 (0x6c003713) sltiu   a4, zero, 1728
core   0: 3 0x8000aff0 (0x6c003713) x14 0x00000001
core   0: 0x8000aff4 (0x001cff33) and     t5, s9, ra
core   0: 3 0x8000aff4 (0x001cff33) x30 0x00000000
core   0: 0x8000aff8 (0x02970fb3) mul     t6, a4, s1
core   0: 3 0x8000aff8 (0x02970fb3) x31 0xe7000000
core   0: 0x8000affc (0x00005b7d) c.li    s6, -1
core   0: 3 0x8000affc (0x5b7d) x22 0xffffffff
core   0: 0x8000affe (0x340fdb73) csrrwi  s6, mscratch, 31
core   0: 3 0x8000affe (0x340fdb73) x22 0xe7000000 c832_mscratch 0x0000001f
core   0: 0x8000b002 (0x0000918a) c.add   gp, sp
core   0: 3 0x8000b002 (0x918a) x3  0xfc65f358
core   0: 0x8000b004 (0x340d3ff3) csrrc   t6, mscratch, s10
core   0: 3 0x8000b004 (0x340d3ff3) x31 0x0000001f c832_mscratch 0x0000001c
core   0: 0x8000b008 (0x0208fc33) remu    s8, a7, zero
core   0: 3 0x8000b008 (0x0208fc33) x24 0x00000000
core   0: 0x8000b00c (0x92492193) slti    gp, s2, -1756
core   0: 3 0x8000b00c (0x92492193) x3  0x00000000
core   0: 0x8000b010 (0x048ab413) sltiu   s0, s5, 72
core   0: 3 0x8000b010 (0x048ab413) x8  0x00000000
core   0: 0x8000b014 (0x00005d7d) c.li    s10, -1
core   0: 3 0x8000b014 (0x5d7d) x26 0xffffffff
core   0: 0x8000b016 (0x00bbcb33) xor     s6, s7, a1
core   0: 3 0x8000b016 (0x00bbcb33) x22 0xe7000000
core   0: 0x8000b01a (0x34002773) csrr    a4, mscratch
core   0: 3 0x8000b01a (0x34002773) x14 0x0000001c
core   0: 0x8000b01e (0x00000ed6) c.slli  t4, 21
core   0: 3 0x8000b01e (0x0ed6) x29 0x00000000
core   0: 0x8000b020 (0x03926633) rem     a2, tp, s9
core   0: 3 0x8000b020 (0x03926633) x12 0x00000000
core   0: 0x8000b024 (0x340d1d73) csrrw   s10, mscratch, s10
core   0: 3 0x8000b024 (0x340d1d73) x26 0x0000001c c832_mscratch 0xffffffff
core   0: 0x8000b028 (0x02d8f833) remu    a6, a7, a3
core   0: 3 0x8000b028 (0x02d8f833) x16 0x00000000
core   0: 0x8000b02c (0x000067d5) c.lui   a5, 0x15
core   0: 3 0x8000b02c (0x67d5) x15 0x00015000
core   0: 0x8000b02e (0x00000811) c.addi  a6, 4
core   0: 3 0x8000b02e (0x0811) x16 0x00000004
core   0: 0x8000b030 (0x0000557d) c.li    a0, -1
core   0: 3 0x8000b030 (0x557d) x10 0xffffffff
core   0: 0x8000b032 (0xb8517493) andi    s1, sp, -1147
core   0: 3 0x8000b032 (0xb8517493) x9  0xfc65f300
core   0: 0x8000b036 (0xa0266213) ori     tp, a2, -1534
core   0: 3 0x8000b036 (0xa0266213) x4  0xfffffa02
core   0: 0x8000b03a (0x0000c38d) c.beqz  a5, pc + 34
core   0: 3 0x8000b03a (0xc38d)
core   0: 0x8000b03c (0x96b02b97) auipc   s7, 0x96b02
core   0: 3 0x8000b03c (0x96b02b97) x23 0x16b0d03c
core   0: 0x8000b040 (0xf2f1ea37) lui     s4, 0xf2f1e
core   0: 3 0x8000b040 (0xf2f1ea37) x20 0xf2f1e000
core   0: 0x8000b044 (0x00d0c0b3) xor     ra, ra, a3
core   0: 3 0x8000b044 (0x00d0c0b3) x1  0x7ffd12f0
core   0: 0x8000b048 (0x4f247613) andi    a2, s0, 1266
core   0: 3 0x8000b048 (0x4f247613) x12 0x00000000
core   0: 0x8000b04c (0xa86e2d97) auipc   s11, 0xa86e2
core   0: 3 0x8000b04c (0xa86e2d97) x27 0x286ed04c
core   0: 0x8000b050 (0x01f70033) add     zero, a4, t6
core   0: 3 0x8000b050 (0x01f70033)
core   0: 0x8000b054 (0x02c56cb3) rem     s9, a0, a2
core   0: 3 0x8000b054 (0x02c56cb3) x25 0xffffffff
core   0: 0x8000b058 (0xb6665997) auipc   s3, 0xb6665
core   0: 3 0x8000b058 (0xb6665997) x19 0x36670058
core   0: 0x8000b05c (0x87ee6e93) ori     t4, t3, -1922
core   0: 3 0x8000b05c (0x87ee6e93) x29 0xfffffdfe
core   0: 0x8000b060 (0x409981b3) sub     gp, s3, s1
core   0: 3 0x8000b060 (0x409981b3) x3  0x3a010d58
core   0: 0x8000b064 (0x00700263) beq     zero, t2, pc + 4
core   0: 3 0x8000b064 (0x00700263)
core   0: 0x8000b068 (0x340062f3) csrrsi  t0, mscratch, 0
core   0: 3 0x8000b068 (0x340062f3) x5  0xffffffff
core   0: 0x8000b06c (0x01e22fb3) slt     t6, tp, t5
core   0: 3 0x8000b06c (0x01e22fb3) x31 0x00000001
core   0: 0x8000b070 (0x0000c719) c.beqz  a4, pc + 14
core   0: 3 0x8000b070 (0xc719)
core   0: 0x8000b072 (0xb97eb893) sltiu   a7, t4, -1129
core   0: 3 0x8000b072 (0xb97eb893) x17 0x00000000
core   0: 0x8000b076 (0x033e64b3) rem     s1, t3, s3
core   0: 3 0x8000b076 (0x033e64b3) x9  0xecd05eac
core   0: 0x8000b07a (0x00004d0d) c.li    s10, 3
core   0: 3 0x8000b07a (0x4d0d) x26 0x00000003
core   0: 0x8000b07c (0x00000001) c.nop
core   0: 3 0x8000b07c (0x0001)
core   0: 0x8000b07e (0x01aef563) bgeu    t4, s10, pc + 10
core   0: 3 0x8000b07e (0x01aef563)
core   0: 0x8000b088 (0x00008e11) c.sub   a2, a2
core   0: 3 0x8000b088 (0x8e11) x12 0x00000000
core   0: 0x8000b08a (0x0ff0000f) fence   iorw,iorw
core   0: 3 0x8000b08a (0x0ff0000f)
core   0: 0x8000b08e (0x000085e9) c.srai  a1, 26
core   0: 3 0x8000b08e (0x85e9) x11 0x00000000
core   0: 0x8000b090 (0x002f6263) bltu    t5, sp, pc + 4
core   0: 3 0x8000b090 (0x002f6263)
core   0: 0x8000b094 (0x05445063) bge     s0, s4, pc + 64
core   0: 3 0x8000b094 (0x05445063)
core   0: 0x8000b0d4 (0x34067d73) csrrci  s10, mscratch, 12
core   0: 3 0x8000b0d4 (0x34067d73) x26 0xffffffff c832_mscratch 0xfffffff3
core   0: 0x8000b0d8 (0x00484a33) xor     s4, a6, tp
core   0: 3 0x8000b0d8 (0x00484a33) x20 0xfffffa06
core   0: 0x8000b0dc (0xc931f413) andi    s0, gp, -877
core   0: 3 0x8000b0dc (0xc931f413) x8  0x3a010c10
core   0: 0x8000b0e0 (0x00000001) c.nop
core   0: 3 0x8000b0e0 (0x0001)
core   0: 0x8000b0e2 (0x340f7f73) csrrci  t5, mscratch, 30
core   0: 3 0x8000b0e2 (0x340f7f73) x30 0xfffffff3 c832_mscratch 0xffffffe1
core   0: 0x8000b0e6 (0x017ec733) xor     a4, t4, s7
core   0: 3 0x8000b0e6 (0x017ec733) x14 0xe94f2dc2
core   0: 0x8000b0ea (0x003deeb3) or      t4, s11, gp
core   0: 3 0x8000b0ea (0x003deeb3) x29 0x3a6fdd5c
core   0: 0x8000b0ee (0x02b61263) bne     a2, a1, pc + 36
core   0: 3 0x8000b0ee (0x02b61263)
core   0: 0x8000b0f2 (0x03ab61b3) rem     gp, s6, s10
core   0: 3 0x8000b0f2 (0x03ab61b3) x3  0x00000000
core   0: 0x8000b0f6 (0xdda4e493) ori     s1, s1, -550
core   0: 3 0x8000b0f6 (0xdda4e493) x9  0xfffffffe
core   0: 0x8000b0fa (0xee02c013) xori    zero, t0, -288
core   0: 3 0x8000b0fa (0xee02c013)
core   0: 0x8000b0fe (0x3402f1f3) csrrci  gp, mscratch, 5
core   0: 3 0x8000b0fe (0x3402f1f3) x3  0xffffffe1 c832_mscratch 0xffffffe0
core   0: 0x8000b102 (0x4125da93) srai    s5, a1, 18
core   0: 3 0x8000b102 (0x4125da93) x21 0x00000000
core   0: 0x8000b106 (0x40ad5933) sra     s2, s10, a0
core   0: 3 0x8000b106 (0x40ad5933) x18 0xffffffff
core   0: 0x8000b10a (0x34003cf3) csrrc   s9, mscratch, zero
core   0: 3 0x8000b10a (0x34003cf3) x25 0xffffffe0
core   0: 0x8000b10e (0xee9d2f93) slti    t6, s10, -279
core   0: 3 0x8000b10e (0xee9d2f93) x31 0x00000000
core   0: 0x8000b112 (0xb7a15ab7) lui     s5, 0xb7a15
core   0: 3 0x8000b112 (0xb7a15ab7) x21 0xb7a15000
core   0: 0x8000b116 (0x02b0e233) rem     tp, ra, a1
core   0: 3 0x8000b116 (0x02b0e233) x4  0x7ffd12f0
core   0: 0x8000b11a (0x0027f3b3) and     t2, a5, sp
core   0: 3 0x8000b11a (0x0027f3b3) x7  0x00015000
core   0: 0x8000b11e (0x00008d71) c.and   a0, a2
core   0: 3 0x8000b11e (0x8d71) x10 0x00000000
core   0: 0x8000b120 (0x9b13b213) sltiu   tp, t2, -1615
core   0: 3 0x8000b120 (0x9b13b213) x4  0x00000001
core   0: 0x8000b124 (0x5785b717) auipc   a4, 0x5785b
core   0: 3 0x8000b124 (0x5785b717) x14 0xd7866124
core   0: 0x8000b128 (0x0163d713) srli    a4, t2, 22
core   0: 3 0x8000b128 (0x0163d713) x14 0x00000000
core   0: 0x8000b12c (0xabe82c13) slti    s8, a6, -1346
core   0: 3 0x8000b12c (0xabe82c13) x24 0x00000000
core   0: 0x8000b130 (0x0000c981) c.beqz  a1, pc + 16
core   0: 3 0x8000b130 (0xc981)
core   0: 0x8000b140 (0x02b83db3) mulhu   s11, a6, a1
core   0: 3 0x8000b140 (0x02b83db3) x27 0x00000000
core   0: 0x8000b144 (0xa4e00813) li      a6, -1458
core   0: 3 0x8000b144 (0xa4e00813) x16 0xfffffa4e
core   0: 0x8000b148 (0x0000881a) c.mv    a6, t1
core   0: 3 0x8000b148 (0x881a) x16 0xe7000000
core   0: 0x8000b14a (0x00000001) c.nop
core   0: 3 0x8000b14a (0x0001)
core   0: 0x8000b14c (0x00008ced) c.and   s1, a1
core   0: 3 0x8000b14c (0x8ced) x9  0x00000000
core   0: 0x8000b14e (0x013d28b3) slt     a7, s10, s3
core   0: 3 0x8000b14e (0x013d28b3) x17 0x00000001
core   0: 0x8000b152 (0x02b0e163) bltu    ra, a1, pc + 34
core   0: 3 0x8000b152 (0x02b0e163)
core   0: 0x8000b156 (0x9105ba13) sltiu   s4, a1, -1776
core   0: 3 0x8000b156 (0x9105ba13) x20 0x00000001
core   0: 0x8000b15a (0x00008f55) c.or    a4, a3
core   0: 3 0x8000b15a (0x8f55) x14 0x80029d24
core   0: 0x8000b15c (0x01d48f63) beq     s1, t4, pc + 30
core   0: 3 0x8000b15c (0x01d48f63)
core   0: 0x8000b160 (0x017f7863) bgeu    t5, s7, pc + 16
core   0: 3 0x8000b160 (0x017f7863)
core   0: 0x8000b170 (0x0000987d) c.andi  s0, -1
core   0: 3 0x8000b170 (0x987d) x8  0x3a010c10
core   0: 0x8000b172 (0x0000197d) c.addi  s2, -1
core   0: 3 0x8000b172 (0x197d) x18 0xfffffffe
core   0: 0x8000b174 (0x00006495) c.lui   s1, 0x5
core   0: 3 0x8000b174 (0x6495) x9  0x00005000
core   0: 0x8000b176 (0x707161b7) lui     gp, 0x70716
core   0: 3 0x8000b176 (0x707161b7) x3  0x70716000
core   0: 0x8000b17a (0x00000001) c.nop
core   0: 3 0x8000b17a (0x0001)
core   0: 0x8000b17c (0x88f52213) slti    tp, a0, -1905
core   0: 3 0x8000b17c (0x88f52213) x4  0x00000000
core   0: 0x8000b180 (0x03f00833) mul     a6, zero, t6
core   0: 3 0x8000b180 (0x03f00833) x16 0x00000000
core   0: 0x8000b184 (0x0000c781) c.beqz  a5, pc + 8
core   0: 3 0x8000b184 (0xc781)
core   0: 0x8000b186 (0x02559633) mulh    a2, a1, t0
core   0: 3 0x8000b186 (0x02559633) x12 0x00000000
core   0: 0x8000b18a (0x000009d5) c.addi  s3, 21
core   0: 3 0x8000b18a (0x09d5) x19 0x3667006d
core   0: 0x8000b18c (0x000081c9) c.srli  a1, 18
core   0: 3 0x8000b18c (0x81c9) x11 0x00000000
core   0: 0x8000b18e (0x34002c73) csrr    s8, mscratch
core   0: 3 0x8000b18e (0x34002c73) x24 0xffffffe0
core   0: 0x8000b192 (0x3356ef93) ori     t6, a3, 821
core   0: 3 0x8000b192 (0x3356ef93) x31 0x80029f35
core   0: 0x8000b196 (0x05256063) bltu    a0, s2, pc + 64
core   0: 3 0x8000b196 (0x05256063)
core   0: 0x8000b1d6 (0x34085673) csrrwi  a2, mscratch, 16
core   0: 3 0x8000b1d6 (0x34085673) x12 0xffffffe0 c832_mscratch 0x00000010
core   0: 0x8000b1da (0x0000100f) fence.i
core   0: 3 0x8000b1da (0x0000100f)
core   0: 0x8000b1de (0x03928db3) mul     s11, t0, s9
core   0: 3 0x8000b1de (0x03928db3) x27 0x00000020
core   0: 0x8000b1e2 (0x03decb63) blt     t4, t4, pc + 54
core   0: 3 0x8000b1e2 (0x03decb63)
core   0: 0x8000b1e6 (0x00a8e263) bltu    a7, a0, pc + 4
core   0: 3 0x8000b1e6 (0x00a8e263)
core   0: 0x8000b1ea (0x0328c633) div     a2, a7, s2
core   0: 3 0x8000b1ea (0x0328c633) x12 0x00000000
core   0: 0x8000b1ee (0x00004a99) c.li    s5, 6
core   0: 3 0x8000b1ee (0x4a99) x21 0x00000006
core   0: 0x8000b1f0 (0x40a95913) srai    s2, s2, 10
core   0: 3 0x8000b1f0 (0x40a95913) x18 0xffffffff
core   0: 0x8000b1f4 (0x00000001) c.nop
core   0: 3 0x8000b1f4 (0x0001)
core   0: 0x8000b1f6 (0x00008669) c.srai  a2, 26
core   0: 3 0x8000b1f6 (0x8669) x12 0x00000000
core   0: 0x8000b1f8 (0xc4c9a093) slti    ra, s3, -948
core   0: 3 0x8000b1f8 (0xc4c9a093) x1  0x00000000
core   0: 0x8000b1fc (0x020fe1b3) rem     gp, t6, zero
core   0: 3 0x8000b1fc (0x020fe1b3) x3  0x80029f35
core   0: 0x8000b200 (0x01f34263) blt     t1, t6, pc + 4
core   0: 3 0x8000b200 (0x01f34263)
core   0: 0x8000b204 (0x023de9b3) rem     s3, s11, gp
core   0: 3 0x8000b204 (0x023de9b3) x19 0x00000020
core   0: 0x8000b208 (0x00481533) sll     a0, a6, tp
core   0: 3 0x8000b208 (0x00481533) x10 0x00000000
core   0: 0x8000b20c (0x0340aa33) mulhsu  s4, ra, s4
core   0: 3 0x8000b20c (0x0340aa33) x20 0x00000000
core   0: 0x8000b210 (0x011a7663) bgeu    s4, a7, pc + 12
core   0: 3 0x8000b210 (0x011a7663)
core   0: 0x8000b214 (0x04831263) bne     t1, s0, pc + 68
core   0: 3 0x8000b214 (0x04831263)
core   0: 0x8000b258 (0x00000001) c.nop
core   0: 3 0x8000b258 (0x0001)
core   0: 0x8000b25a (0x34003873) csrrc   a6, mscratch, zero
core   0: 3 0x8000b25a (0x34003873) x16 0x00000010
core   0: 0x8000b25e (0x03a127b3) mulhsu  a5, sp, s10
core   0: 3 0x8000b25e (0x03a127b3) x15 0xfc65f358
core   0: 0x8000b262 (0x40f5d333) sra     t1, a1, a5
core   0: 3 0x8000b262 (0x40f5d333) x6  0x00000000
core   0: 0x8000b266 (0x00009a7d) c.andi  a2, -1
core   0: 3 0x8000b266 (0x9a7d) x12 0x00000000
core   0: 0x8000b268 (0x03f4c933) div     s2, s1, t6
core   0: 3 0x8000b268 (0x03f4c933) x18 0x00000000
core   0: 0x8000b26c (0x01875293) srli    t0, a4, 24
core   0: 3 0x8000b26c (0x01875293) x5  0x00000080
core   0: 0x8000b270 (0x00c46033) or      zero, s0, a2
core   0: 3 0x8000b270 (0x00c46033)
core   0: 0x8000b274 (0x0287df33) divu    t5, a5, s0
core   0: 3 0x8000b274 (0x0287df33) x30 0x00000004
core   0: 0x8000b278 (0x6cb20a13) addi    s4, tp, 1739
core   0: 3 0x8000b278 (0x6cb20a13) x20 0x000006cb
core   0: 0x8000b27c (0x0140b533) sltu    a0, ra, s4
core   0: 3 0x8000b27c (0x0140b533) x10 0x00000001
core   0: 0x8000b280 (0x020bf2b3) remu    t0, s7, zero
core   0: 3 0x8000b280 (0x020bf2b3) x5  0x16b0d03c
core   0: 0x8000b284 (0x00913633) sltu    a2, sp, s1
core   0: 3 0x8000b284 (0x00913633) x12 0x00000000
core   0: 0x8000b288 (0x01575233) srl     tp, a4, s5
core   0: 3 0x8000b288 (0x01575233) x4  0x02000a74
core   0: 0x8000b28c (0x3400b0f3) csrrc   ra, mscratch, ra
core   0: 3 0x8000b28c (0x3400b0f3) x1  0x00000010 c832_mscratch 0x00000010
core   0: 0x8000b290 (0x00008796) c.mv    a5, t0
core   0: 3 0x8000b290 (0x8796) x15 0x16b0d03c
core   0: 0x8000b292 (0x00008e39) c.xor   a2, a4
core   0: 3 0x8000b292 (0x8e39) x12 0x80029d24
core   0: 0x8000b294 (0x02c10163) beq     sp, a2, pc + 34
core   0: 3 0x8000b294 (0x02c10163)
core   0: 0x8000b298 (0x009a6563) bltu    s4, s1, pc + 10
core   0: 3 0x8000b298 (0x009a6563)
core   0: 0x8000b2a2 (0x02712db3) mulhsu  s11, sp, t2
core   0: 3 0x8000b2a2 (0x02712db3) x27 0xfffffb45
core   0: 0x8000b2a6 (0x0000100f) fence.i
core   0: 3 0x8000b2a6 (0x0000100f)
core   0: 0x8000b2aa (0x00000001) c.nop
core   0: 3 0x8000b2aa (0x0001)
core   0: 0x8000b2ac (0x403e0433) sub     s0, t3, gp
core   0: 3 0x8000b2ac (0x403e0433) x8  0xffffbec7
core   0: 0x8000b2b0 (0x00000001) c.nop
core   0: 3 0x8000b2b0 (0x0001)
core   0: 0x8000b2b2 (0x6c191d37) lui     s10, 0x6c191
core   0: 3 0x8000b2b2 (0x6c191d37) x26 0x6c191000
core   0: 0x8000b2b6 (0x3b707cb7) lui     s9, 0x3b707
core   0: 3 0x8000b2b6 (0x3b707cb7) x25 0x3b707000
core   0: 0x8000b2ba (0x0000577d) c.li    a4, -1
core   0: 3 0x8000b2ba (0x577d) x14 0xffffffff
core   0: 0x8000b2bc (0x02c084b3) mul     s1, ra, a2
core   0: 3 0x8000b2bc (0x02c084b3) x9  0x0029d240
core   0: 0x8000b2c0 (0x340892f3) csrrw   t0, mscratch, a7
core   0: 3 0x8000b2c0 (0x340892f3) x5  0x00000010 c832_mscratch 0x00000001
core   0: 0x8000b2c4 (0x01369cb3) sll     s9, a3, s3
core   0: 3 0x8000b2c4 (0x01369cb3) x25 0x80029d24
core   0: 0x8000b2c8 (0x00dd2633) slt     a2, s10, a3
core   0: 3 0x8000b2c8 (0x00dd2633) x12 0x00000000
core   0: 0x8000b2cc (0x03190333) mul     t1, s2, a7
core   0: 3 0x8000b2cc (0x03190333) x6  0x00000000
core   0: 0x8000b2d0 (0x00008c9d) c.sub   s1, a5
core   0: 3 0x8000b2d0 (0x8c9d) x9  0xe9790204
core   0: 0x8000b2d2 (0x030237b3) mulhu   a5, tp, a6
core   0: 3 0x8000b2d2 (0x030237b3) x15 0x00000000
core   0: 0x8000b2d6 (0x00fd83b3) add     t2, s11, a5
core   0: 3 0x8000b2d6 (0x00fd83b3) x7  0xfffffb45
core   0: 0x8000b2da (0x00000741) c.addi  a4, 16
core   0: 3 0x8000b2da (0x0741) x14 0x0000000f
core   0: 0x8000b2dc (0x01861393) slli    t2, a2, 24
core   0: 3 0x8000b2dc (0x01861393) x7  0x00000000
core   0: 0x8000b2e0 (0x00008cdd) c.or    s1, a5
core   0: 3 0x8000b2e0 (0x8cdd) x9  0xe9790204
core   0: 0x8000b2e2 (0x0000e617) auipc   a2, 0xe
core   0: 3 0x8000b2e2 (0x0000e617) x12 0x800192e2
core   0: 0x8000b2e6 (0x70b60613) addi    a2, a2, 1803
core   0: 3 0x8000b2e6 (0x70b60613) x12 0x800199ed
core   0: 0x8000b2ea (0x41100433) sub     s0, zero, a7
core   0: 3 0x8000b2ea (0x41100433) x8  0xffffffff
core   0: 0x8000b2ee (0x00460183) lb      gp, 4(a2)
core   0: 3 0x8000b2ee (0x00460183) x3  0x0000005a mem 0x800199f1
core   0: 0x8000b2f2 (0xfff61e83) lh      t4, -1(a2)
core   0: 3 0x8000b2f2 (0xfff61e83) x29 0xffffd016 mem 0x800199ec
core   0: 0x8000b2f6 (0x419f5313) srai    t1, t5, 25
core   0: 3 0x8000b2f6 (0x419f5313) x6  0x00000000
core   0: 0x8000b2fa (0x00164403) lbu     s0, 1(a2)
core   0: 3 0x8000b2fa (0x00164403) x8  0x0000009f mem 0x800199ee
core   0: 0x8000b2fe (0x11f48a93) addi    s5, s1, 287
core   0: 3 0x8000b2fe (0x11f48a93) x21 0xe9790323
core   0: 0x8000b302 (0x00064d83) lbu     s11, 0(a2)
core   0: 3 0x8000b302 (0x00064d83) x27 0x000000d0 mem 0x800199ed
core   0: 0x8000b306 (0xfff62f03) lw      t5, -1(a2)
core   0: 3 0x8000b306 (0xfff62f03) x30 0x169fd016 mem 0x800199ec
core   0: 0x8000b30a (0x00000001) c.nop
core   0: 3 0x8000b30a (0x0001)
core   0: 0x8000b30c (0x00a64a83) lbu     s5, 10(a2)
core   0: 3 0x8000b30c (0x00a64a83) x21 0x00000094 mem 0x800199f7
core   0: 0x8000b310 (0x01c616a3) sh      t3, 13(a2)
core   0: 3 0x8000b310 (0x01c616a3) mem 0x800199fa 0x5dfc
core   0: 0x8000b314 (0xff360a23) sb      s3, -12(a2)
core   0: 3 0x8000b314 (0xff360a23) mem 0x800199e1 0x20
core   0: 0x8000b318 (0x000017fd) c.addi  a5, -1
core   0: 3 0x8000b318 (0x17fd) x15 0xffffffff
core   0: 0x8000b31a (0x00060a03) lb      s4, 0(a2)
core   0: 3 0x8000b31a (0x00060a03) x20 0xffffffd0 mem 0x800199ed
core   0: 0x8000b31e (0x001612a3) sh      ra, 5(a2)
core   0: 3 0x8000b31e (0x001612a3) mem 0x800199f2 0x0010
core   0: 0x8000b322 (0x00a60483) lb      s1, 10(a2)
core   0: 3 0x8000b322 (0x00a60483) x9  0xffffff94 mem 0x800199f7
core   0: 0x8000b326 (0x00260703) lb      a4, 2(a2)
core   0: 3 0x8000b326 (0x00260703) x14 0x00000016 mem 0x800199ef
core   0: 0x8000b32a (0xff365f03) lhu     t5, -13(a2)
core   0: 3 0x8000b32a (0xff365f03) x30 0x00002088 mem 0x800199e0
core   0: 0x8000b32e (0x00000599) c.addi  a1, 6
core   0: 3 0x8000b32e (0x0599) x11 0x00000006
core   0: 0x8000b330 (0xffa64083) lbu     ra, -6(a2)
core   0: 3 0x8000b330 (0xffa64083) x1  0x0000004e mem 0x800199e7
core   0: 0x8000b334 (0x00e64503) lbu     a0, 14(a2)
core   0: 3 0x8000b334 (0x00e64503) x10 0x0000005d mem 0x800199fb
core   0: 0x8000b338 (0xffc64c03) lbu     s8, -4(a2)
core   0: 3 0x8000b338 (0xffc64c03) x24 0x000000b6 mem 0x800199e9
core   0: 0x8000b33c (0xffd61ea3) sh      t4, -3(a2)
core   0: 3 0x8000b33c (0xffd61ea3) mem 0x800199ea 0xd016
core   0: 0x8000b340 (0x00008d15) c.sub   a0, a3
core   0: 3 0x8000b340 (0x8d15) x10 0x7ffd6339
core   0: 0x8000b342 (0x0228cf33) div     t5, a7, sp
core   0: 3 0x8000b342 (0x0228cf33) x30 0x00000000
core   0: 0x8000b346 (0xfee60fa3) sb      a4, -1(a2)
core   0: 3 0x8000b346 (0xfee60fa3) mem 0x800199ec 0x16
core   0: 0x8000b34a (0xfe560823) sb      t0, -16(a2)
core   0: 3 0x8000b34a (0xfe560823) mem 0x800199dd 0x10
core   0: 0x8000b34e (0x000dbcb3) sltu    s9, s11, zero
core   0: 3 0x8000b34e (0x000dbcb3) x25 0x00000000
core   0: 0x8000b352 (0xffd60203) lb      tp, -3(a2)
core   0: 3 0x8000b352 (0xffd60203) x4  0x00000016 mem 0x800199ea
core   0: 0x8000b356 (0x00762a83) lw      s5, 7(a2)
core   0: 3 0x8000b356 (0x00762a83) x21 0x940ad0e3 mem 0x800199f4
core   0: 0x8000b35a (0x02dbb933) mulhu   s2, s7, a3
core   0: 3 0x8000b35a (0x02dbb933) x18 0x0b58a36d
core   0: 0x8000b35e (0xff165b03) lhu     s6, -15(a2)
core   0: 3 0x8000b35e (0xff165b03) x22 0x00003d94 mem 0x800199de
core   0: 0x8000b362 (0x00225813) srli    a6, tp, 2
core   0: 3 0x8000b362 (0x00225813) x16 0x00000005
core   0: 0x8000b366 (0xff960ca3) sb      s9, -7(a2)
core   0: 3 0x8000b366 (0xff960ca3) mem 0x800199e6 0x00
core   0: 0x8000b36a (0x01460423) sb      s4, 8(a2)
core   0: 3 0x8000b36a (0x01460423) mem 0x800199f5 0xd0
core   0: 0x8000b36e (0x00e60303) lb      t1, 14(a2)
core   0: 3 0x8000b36e (0x00e60303) x6  0x0000005d mem 0x800199fb
core   0: 0x8000b372 (0x0000100f) fence.i
core   0: 3 0x8000b372 (0x0000100f)
core   0: 0x8000b376 (0x01155b13) srli    s6, a0, 17
core   0: 3 0x8000b376 (0x01155b13) x22 0x00003ffe
core   0: 0x8000b37a (0x0000e89d) c.bnez  s1, pc + 54
core   0: 3 0x8000b37a (0xe89d)
core   0: 0x8000b3b0 (0x0ff0000f) fence   iorw,iorw
core   0: 3 0x8000b3b0 (0x0ff0000f)
core   0: 0x8000b3b4 (0x0209eab3) rem     s5, s3, zero
core   0: 3 0x8000b3b4 (0x0209eab3) x21 0x00000020
core   0: 0x8000b3b8 (0xe58ebc13) sltiu   s8, t4, -424
core   0: 3 0x8000b3b8 (0xe58ebc13) x24 0x00000001
core   0: 0x8000b3bc (0x00008189) c.srli  a1, 2
core   0: 3 0x8000b3bc (0x8189) x11 0x00000001
core   0: 0x8000b3be (0x029a6933) rem     s2, s4, s1
core   0: 3 0x8000b3be (0x029a6933) x18 0xffffffd0
core   0: 0x8000b3c2 (0x3cdd3413) sltiu   s0, s10, 973
core   0: 3 0x8000b3c2 (0x3cdd3413) x8  0x00000000
core   0: 0x8000b3c6 (0x5f42e413) ori     s0, t0, 1524
core   0: 3 0x8000b3c6 (0x5f42e413) x8  0x000005f4
core   0: 0x8000b3ca (0x00a7ceb3) xor     t4, a5, a0
core   0: 3 0x8000b3ca (0x00a7ceb3) x29 0x80029cc6
core   0: 0x8000b3ce (0xf2344893) xori    a7, s0, -221
core   0: 3 0x8000b3ce (0xf2344893) x17 0xfffffad7
core   0: 0x8000b3d2 (0x038431b3) mulhu   gp, s0, s8
core   0: 3 0x8000b3d2 (0x038431b3) x3  0x00000000
core   0: 0x8000b3d6 (0x340033f3) csrrc   t2, mscratch, zero
core   0: 3 0x8000b3d6 (0x340033f3) x7  0x00000001
core   0: 0x8000b3da (0x01858963) beq     a1, s8, pc + 18
core   0: 3 0x8000b3da (0x01858963)
core   0: 0x8000b3ec (0x02a1da33) divu    s4, gp, a0
core   0: 3 0x8000b3ec (0x02a1da33) x20 0x00000000
core   0: 0x8000b3f0 (0x00006ac1) c.lui   s5, 0x10
core   0: 3 0x8000b3f0 (0x6ac1) x21 0x00010000
core   0: 0x8000b3f2 (0x00000001) c.nop
core   0: 3 0x8000b3f2 (0x0001)
core   0: 0x8000b3f4 (0x007d1f63) bne     s10, t2, pc + 30
core   0: 3 0x8000b3f4 (0x007d1f63)
core   0: 0x8000b412 (0x03eccb63) blt     s9, t5, pc + 54
core   0: 3 0x8000b412 (0x03eccb63)
core   0: 0x8000b416 (0x00008d31) c.xor   a0, a2
core   0: 3 0x8000b416 (0x8d31) x10 0xfffcfad4
core   0: 0x8000b418 (0x008f9d93) slli    s11, t6, 8
core   0: 3 0x8000b418 (0x008f9d93) x27 0x029f3500
core   0: 0x8000b41c (0x03cb4263) blt     s6, t3, pc + 36
core   0: 3 0x8000b41c (0x03cb4263)
core   0: 0x8000b420 (0x03820e63) beq     tp, s8, pc + 60
core   0: 3 0x8000b420 (0x03820e63)
core   0: 0x8000b424 (0x03c233b3) mulhu   t2, tp, t3
core   0: 3 0x8000b424 (0x03c233b3) x7  0x0000000b
core   0: 0x8000b428 (0x00008b8a) c.mv    s7, sp
core   0: 3 0x8000b428 (0x8b8a) x23 0xfc65f358
core   0: 0x8000b42a (0x340a35f3) csrrc   a1, mscratch, s4
core   0: 3 0x8000b42a (0x340a35f3) x11 0x00000001 c832_mscratch 0x00000001
core   0: 0x8000b42e (0x01fad4b3) srl     s1, s5, t6
core   0: 3 0x8000b42e (0x01fad4b3) x9  0x00000000
core   0: 0x8000b432 (0x00140f33) add     t5, s0, ra
core   0: 3 0x8000b432 (0x00140f33) x30 0x00000642
core   0: 0x8000b436 (0x02ca62b3) rem     t0, s4, a2
core   0: 3 0x8000b436 (0x02ca62b3) x5  0x00000000
core   0: 0x8000b43a (0x0000036d) c.addi  t1, 27
core   0: 3 0x8000b43a (0x036d) x6  0x00000078
core   0: 0x8000b43c (0x181aac93) slti    s9, s5, 385
core   0: 3 0x8000b43c (0x181aac93) x25 0x00000000
core   0: 0x8000b440 (0x340423f3) csrrs   t2, mscratch, s0
core   0: 3 0x8000b440 (0x340423f3) x7  0x00000001 c832_mscratch 0x000005f5
core   0: 0x8000b444 (0x34006773) csrrsi  a4, mscratch, 0
core   0: 3 0x8000b444 (0x34006773) x14 0x000005f5
core   0: 0x8000b448 (0x03ce63b3) rem     t2, t3, t3
core   0: 3 0x8000b448 (0x03ce63b3) x7  0x00000000
core   0: 0x8000b44c (0x00ba8363) beq     s5, a1, pc + 6
core   0: 3 0x8000b44c (0x00ba8363)
core   0: 0x8000b450 (0x0000557d) c.li    a0, -1
core   0: 3 0x8000b450 (0x557d) x10 0xffffffff
core   0: 0x8000b452 (0x0000656d) c.lui   a0, 0x1b
core   0: 3 0x8000b452 (0x656d) x10 0x0001b000
core   0: 0x8000b454 (0x340f1673) csrrw   a2, mscratch, t5
core   0: 3 0x8000b454 (0x340f1673) x12 0x000005f5 c832_mscratch 0x00000642
core   0: 0x8000b458 (0x000090ae) c.add   ra, a1
core   0: 3 0x8000b458 (0x90ae) x1  0x0000004f
core   0: 0x8000b45a (0x00008fe1) c.and   a5, s0
core   0: 3 0x8000b45a (0x8fe1) x15 0x000005f4
core   0: 0x8000b45c (0x01b29a33) sll     s4, t0, s11
core   0: 3 0x8000b45c (0x01b29a33) x20 0x00000000
core   0: 0x8000b460 (0x00008479) c.srai  s0, 30
core   0: 3 0x8000b460 (0x8479) x8  0x00000000
core   0: 0x8000b462 (0x039509b3) mul     s3, a0, s9
core   0: 3 0x8000b462 (0x039509b3) x19 0x00000000
core   0: 0x8000b466 (0x00008631) c.srai  a2, 12
core   0: 3 0x8000b466 (0x8631) x12 0x00000000
core   0: 0x8000b468 (0x02536d63) bltu    t1, t0, pc + 58
core   0: 3 0x8000b468 (0x02536d63)
core   0: 0x8000b46c (0x00eb79b3) and     s3, s6, a4
core   0: 3 0x8000b46c (0x00eb79b3) x19 0x000005f4
core   0: 0x8000b470 (0x00000001) c.nop
core   0: 3 0x8000b470 (0x0001)
core   0: 0x8000b472 (0x000081d1) c.srli  a1, 20
core   0: 3 0x8000b472 (0x81d1) x11 0x00000000
core   0: 0x8000b474 (0x00008fb5) c.xor   a5, a3
core   0: 3 0x8000b474 (0x8fb5) x15 0x800298d0
core   0: 0x8000b476 (0x02040c33) mul     s8, s0, zero
core   0: 3 0x8000b476 (0x02040c33) x24 0x00000000
core   0: 0x8000b47a (0x03a11263) bne     sp, s10, pc + 36
core   0: 3 0x8000b47a (0x03a11263)
core   0: 0x8000b49e (0x79a1b493) sltiu   s1, gp, 1946
core   0: 3 0x8000b49e (0x79a1b493) x9  0x00000001
core   0: 0x8000b4a2 (0x000008dd) c.addi  a7, 23
core   0: 3 0x8000b4a2 (0x08dd) x17 0xfffffaee
core   0: 0x8000b4a4 (0x00d31d93) slli    s11, t1, 13
core   0: 3 0x8000b4a4 (0x00d31d93) x27 0x000f0000
core   0: 0x8000b4a8 (0x03cb1263) bne     s6, t3, pc + 36
core   0: 3 0x8000b4a8 (0x03cb1263)
core   0: 0x8000b4cc (0x00008ff9) c.and   a5, a4
core   0: 3 0x8000b4cc (0x8ff9) x15 0x000000d0
core   0: 0x8000b4ce (0x01dbee63) bltu    s7, t4, pc + 28
core   0: 3 0x8000b4ce (0x01dbee63)
core   0: 0x8000b4d2 (0x34051ff3) csrrw   t6, mscratch, a0
core   0: 3 0x8000b4d2 (0x34051ff3) x31 0x00000642 c832_mscratch 0x0001b000
core   0: 0x8000b4d6 (0x340e9c73) csrrw   s8, mscratch, t4
core   0: 3 0x8000b4d6 (0x340e9c73) x24 0x0001b000 c832_mscratch 0x80029cc6
core   0: 0x8000b4da (0x038b2d33) mulhsu  s10, s6, s8
core   0: 3 0x8000b4da (0x038b2d33) x26 0x00000000
core   0: 0x8000b4de (0x004f9c93) slli    s9, t6, 4
core   0: 3 0x8000b4de (0x004f9c93) x25 0x00006420
core   0: 0x8000b4e2 (0x4131da33) sra     s4, gp, s3
core   0: 3 0x8000b4e2 (0x4131da33) x20 0x00000000
core   0: 0x8000b4e6 (0x0000100f) fence.i
core   0: 3 0x8000b4e6 (0x0000100f)
core   0: 0x8000b4ea (0x00008e51) c.or    a2, a2
core   0: 3 0x8000b4ea (0x8e51) x12 0x00000000
core   0: 0x8000b4ec (0x7bedf293) andi    t0, s11, 1982
core   0: 3 0x8000b4ec (0x7bedf293) x5  0x00000000
core   0: 0x8000b4f0 (0x7aad8393) addi    t2, s11, 1962
core   0: 3 0x8000b4f0 (0x7aad8393) x7  0x000f07aa
core   0: 0x8000b4f4 (0x000098fd) c.andi  s1, -1
core   0: 3 0x8000b4f4 (0x98fd) x9  0x00000001
core   0: 0x8000b4f6 (0x037b1db3) mulh    s11, s6, s7
core   0: 3 0x8000b4f6 (0x037b1db3) x27 0xffffff19
core   0: 0x8000b4fa (0x00000001) c.nop
core   0: 3 0x8000b4fa (0x0001)
core   0: 0x8000b4fc (0x05455563) bge     a0, s4, pc + 74
core   0: 3 0x8000b4fc (0x05455563)
core   0: 0x8000b546 (0x025dc4b3) div     s1, s11, t0
core   0: 3 0x8000b546 (0x025dc4b3) x9  0xffffffff
core   0: 0x8000b54a (0x41c251b3) sra     gp, tp, t3
core   0: 3 0x8000b54a (0x41c251b3) x3  0x00000000
core   0: 0x8000b54e (0x340d94f3) csrrw   s1, mscratch, s11
core   0: 3 0x8000b54e (0x340d94f3) x9  0x80029cc6 c832_mscratch 0xffffff19
core   0: 0x8000b552 (0x00008252) c.mv    tp, s4
core   0: 3 0x8000b552 (0x8252) x4  0x00000000
core   0: 0x8000b554 (0x00008c51) c.or    s0, a2
core   0: 3 0x8000b554 (0x8c51) x8  0x00000000
core   0: 0x8000b556 (0x0173ee63) bltu    t2, s7, pc + 28
core   0: 3 0x8000b556 (0x0173ee63)
core   0: 0x8000b572 (0x411bd493) srai    s1, s7, 17
core   0: 3 0x8000b572 (0x411bd493) x9  0xfffffe32
core   0: 0x8000b576 (0x40295c33) sra     s8, s2, sp
core   0: 3 0x8000b576 (0x40295c33) x24 0xffffffff
core   0: 0x8000b57a (0x57b22593) slti    a1, tp, 1403
core   0: 3 0x8000b57a (0x57b22593) x11 0x00000001
core   0: 0x8000b57e (0x0273cc33) div     s8, t2, t2
core   0: 3 0x8000b57e (0x0273cc33) x24 0x00000001
core   0: 0x8000b582 (0x0000100f) fence.i
core   0: 3 0x8000b582 (0x0000100f)
core   0: 0x8000b586 (0x00f879b3) and     s3, a6, a5
core   0: 3 0x8000b586 (0x00f879b3) x19 0x00000000
core   0: 0x8000b58a (0x340b2373) csrrs   t1, mscratch, s6
core   0: 3 0x8000b58a (0x340b2373) x6  0xffffff19 c832_mscratch 0xffffffff
core   0: 0x8000b58e (0x67750db7) lui     s11, 0x67750
core   0: 3 0x8000b58e (0x67750db7) x27 0x67750000
core   0: 0x8000b592 (0x01951093) slli    ra, a0, 25
core   0: 3 0x8000b592 (0x01951093) x1  0x00000000
core   0: 0x8000b596 (0x00000c71) c.addi  s8, 28
core   0: 3 0x8000b596 (0x0c71) x24 0x0000001d
core   0: 0x8000b598 (0x0016df63) bge     a3, ra, pc + 30
core   0: 3 0x8000b598 (0x0016df63)
core   0: 0x8000b59c (0x01822f33) slt     t5, tp, s8
core   0: 3 0x8000b59c (0x01822f33) x30 0x00000001
core   0: 0x8000b5a0 (0x001ed8b3) srl     a7, t4, ra
core   0: 3 0x8000b5a0 (0x001ed8b3) x17 0x80029cc6
core   0: 0x8000b5a4 (0x00009a46) c.add   s4, a7
core   0: 3 0x8000b5a4 (0x9a46) x20 0x80029cc6
core   0: 0x8000b5a6 (0x00008fa1) c.xor   a5, s0
core   0: 3 0x8000b5a6 (0x8fa1) x15 0x000000d0
core   0: 0x8000b5a8 (0x00000001) c.nop
core   0: 3 0x8000b5a8 (0x0001)
core   0: 0x8000b5aa (0x32c24a97) auipc   s5, 0x32c24
core   0: 3 0x8000b5aa (0x32c24a97) x21 0xb2c2f5aa
core   0: 0x8000b5ae (0x34049ef3) csrrw   t4, mscratch, s1
core   0: 3 0x8000b5ae (0x34049ef3) x29 0xffffffff c832_mscratch 0xfffffe32
core   0: 0x8000b5b2 (0x01afdcb3) srl     s9, t6, s10
core   0: 3 0x8000b5b2 (0x01afdcb3) x25 0x00000642
core   0: 0x8000b5b6 (0x004350b3) srl     ra, t1, tp
core   0: 3 0x8000b5b6 (0x004350b3) x1  0xffffff19
core   0: 0x8000b5ba (0x41ee0533) sub     a0, t3, t5
core   0: 3 0x8000b5ba (0x41ee0533) x10 0x80025dfb
core   0: 0x8000b5be (0x0000c089) c.beqz  s1, pc + 2
core   0: 3 0x8000b5be (0xc089)
core   0: 0x8000b5c0 (0x414bd2b3) sra     t0, s7, s4
core   0: 3 0x8000b5c0 (0x414bd2b3) x5  0xfff197cd
core   0: 0x8000b5c4 (0x00008c81) c.sub   s1, s0
core   0: 3 0x8000b5c4 (0x8c81) x9  0xfffffe32
core   0: 0x8000b5c6 (0x30af0a13) addi    s4, t5, 778
core   0: 3 0x8000b5c6 (0x30af0a13) x20 0x0000030b
core   0: 0x8000b5ca (0x00008f35) c.xor   a4, a3
core   0: 3 0x8000b5ca (0x8f35) x14 0x800298d1
core   0: 0x8000b5cc (0x009085b3) add     a1, ra, s1
core   0: 3 0x8000b5cc (0x009085b3) x11 0xfffffd4b
core   0: 0x8000b5d0 (0xd2e4e293) ori     t0, s1, -722
core   0: 3 0x8000b5d0 (0xd2e4e293) x5  0xffffff3e
core   0: 0x8000b5d4 (0x0000997d) c.andi  a0, -1
core   0: 3 0x8000b5d4 (0x997d) x10 0x80025dfb
core   0: 0x8000b5d6 (0x01c3e8b3) or      a7, t2, t3
core   0: 3 0x8000b5d6 (0x01c3e8b3) x17 0x800f5ffe
core   0: 0x8000b5da (0x01761d13) slli    s10, a2, 23
core   0: 3 0x8000b5da (0x01761d13) x26 0x00000000
core   0: 0x8000b5de (0x00dcb9b3) sltu    s3, s9, a3
core   0: 3 0x8000b5de (0x00dcb9b3) x19 0x00000001
core   0: 0x8000b5e2 (0x00008d21) c.xor   a0, s0
core   0: 3 0x8000b5e2 (0x8d21) x10 0x80025dfb
core   0: 0x8000b5e4 (0x00c11713) slli    a4, sp, 12
core   0: 3 0x8000b5e4 (0x00c11713) x14 0x5f358000
core   0: 0x8000b5e8 (0x401ada13) srai    s4, s5, 1
core   0: 3 0x8000b5e8 (0x401ada13) x20 0xd9617ad5
core   0: 0x8000b5ec (0x00008c25) c.xor   s0, s1
core   0: 3 0x8000b5ec (0x8c25) x8  0xfffffe32
core   0: 0x8000b5ee (0x004e2783) lw      a5, 4(t3)
core   0: 3 0x8000b5ee (0x004e2783) x15 0x8000b652 mem 0x80025e00
core   0: 0x8000b5f2 (0x0262fc33) remu    s8, t0, t1
core   0: 3 0x8000b5f2 (0x0262fc33) x24 0x00000025
core   0: 0x8000b5f6 (0x00000e61) c.addi  t3, 24
core   0: 3 0x8000b5f6 (0x0e61) x28 0x80025e14
core   0: 0x8000b5f8 (0x34072b73) csrrs   s6, mscratch, a4
core   0: 3 0x8000b5f8 (0x34072b73) x22 0xfffffe32 c832_mscratch 0xfffffe32
core   0: 0x8000b5fc (0x00008895) c.andi  s1, 5
core   0: 3 0x8000b5fc (0x8895) x9  0x00000000
core   0: 0x8000b5fe (0x3404bf73) csrrc   t5, mscratch, s1
core   0: 3 0x8000b5fe (0x3404bf73) x30 0xfffffe32 c832_mscratch 0xfffffe32
core   0: 0x8000b602 (0x00008dcd) c.or    a1, a1
core   0: 3 0x8000b602 (0x8dcd) x11 0xfffffd4b
core   0: 0x8000b604 (0x00078f13) mv      t5, a5
core   0: 3 0x8000b604 (0x00078f13) x30 0x8000b652
core   0: 0x8000b608 (0x00008f02) c.jr    t5
core   0: 3 0x8000b608 (0x8f02)
core   0: 0x8000b652 (0x01fb2ab3) slt     s5, s6, t6
core   0: 3 0x8000b652 (0x01fb2ab3) x21 0x00000001
core   0: 0x8000b656 (0xfffff597) auipc   a1, 0xfffff
core   0: 3 0x8000b656 (0xfffff597) x11 0x8000a656
core   0: 0x8000b65a (0xfce58593) addi    a1, a1, -50
core   0: 3 0x8000b65a (0xfce58593) x11 0x8000a624
core   0: 0x8000b65e (0x25d5a213) slti    tp, a1, 605
core   0: 3 0x8000b65e (0x25d5a213) x4  0x00000001
core   0: 0x8000b662 (0x12958593) addi    a1, a1, 297
core   0: 3 0x8000b662 (0x12958593) x11 0x8000a74d
core   0: 0x8000b666 (0x012b9c63) bne     s7, s2, pc + 24
core   0: 3 0x8000b666 (0x012b9c63)
core   0: 0x8000b67e (0xed8587e7) jalr    a5, a1, -296
core   0: 3 0x8000b67e (0xed8587e7) x15 0x8000b682
core   0: 0x8000a624 (0x00006f1d) c.lui   t5, 0x7
core   0: 3 0x8000a624 (0x6f1d) x30 0x00007000
core   0: 0x8000a626 (0x024df163) bgeu    s11, tp, pc + 34
core   0: 3 0x8000a626 (0x024df163)
core   0: 0x8000a648 (0x00001e41) c.addi  t3, -16
core   0: 3 0x8000a648 (0x1e41) x28 0x80025e04
core   0: 0x8000a64a (0x00fe2223) sw      a5, 4(t3)
core   0: 3 0x8000a64a (0x00fe2223) mem 0x80025e08 0x8000b682
core   0: 0x8000a64e (0x03b2fa33) remu    s4, t0, s11
core   0: 3 0x8000a64e (0x03b2fa33) x20 0x3115ff3e
core   0: 0x8000a652 (0x00001a7d) c.addi  s4, -1
core   0: 3 0x8000a652 (0x1a7d) x20 0x3115ff3d
core   0: 0x8000a654 (0x35cb6413) ori     s0, s6, 860
core   0: 3 0x8000a654 (0x35cb6413) x8  0xffffff7e
core   0: 0x8000a658 (0x3402f973) csrrci  s2, mscratch, 5
core   0: 3 0x8000a658 (0x3402f973) x18 0xfffffe32 c832_mscratch 0xfffffe32
core   0: 0x8000a65c (0xd0de2e93) slti    t4, t3, -755
core   0: 3 0x8000a65c (0xd0de2e93) x29 0x00000001
core   0: 0x8000a660 (0x000089c1) c.andi  a1, 16
core   0: 3 0x8000a660 (0x89c1) x11 0x00000000
core   0: 0x8000a662 (0x00008dd9) c.or    a1, a4
core   0: 3 0x8000a662 (0x8dd9) x11 0x5f358000
core   0: 0x8000a664 (0x000083e9) c.srli  a5, 26
core   0: 3 0x8000a664 (0x83e9) x15 0x00000020
core   0: 0x8000a666 (0x340f37f3) csrrc   a5, mscratch, t5
core   0: 3 0x8000a666 (0x340f37f3) x15 0xfffffe32 c832_mscratch 0xffff8e32
core   0: 0x8000a66a (0x02395663) bge     s2, gp, pc + 44
core   0: 3 0x8000a66a (0x02395663)
core   0: 0x8000a66e (0x000017fd) c.addi  a5, -1
core   0: 3 0x8000a66e (0x17fd) x15 0xfffffe31
core   0: 0x8000a670 (0x00566633) or      a2, a2, t0
core   0: 3 0x8000a670 (0x00566633) x12 0xffffff3e
core   0: 0x8000a674 (0x0000100f) fence.i
core   0: 3 0x8000a674 (0x0000100f)
core   0: 0x8000a678 (0x02619663) bne     gp, t1, pc + 44
core   0: 3 0x8000a678 (0x02619663)
core   0: 0x8000a6a4 (0x0000997d) c.andi  a0, -1
core   0: 3 0x8000a6a4 (0x997d) x10 0x80025dfb
core   0: 0x8000a6a6 (0x41f107b3) sub     a5, sp, t6
core   0: 3 0x8000a6a6 (0x41f107b3) x15 0xfc65ed16
core   0: 0x8000a6aa (0xf013c393) xori    t2, t2, -255
core   0: 3 0x8000a6aa (0xf013c393) x7  0xfff0f8ab
core   0: 0x8000a6ae (0x340cdaf3) csrrwi  s5, mscratch, 25
core   0: 3 0x8000a6ae (0x340cdaf3) x21 0xffff8e32 c832_mscratch 0x00000019
core   0: 0x8000a6b2 (0x340f13f3) csrrw   t2, mscratch, t5
core   0: 3 0x8000a6b2 (0x340f13f3) x7  0x00000019 c832_mscratch 0x00007000
core   0: 0x8000a6b6 (0x000099ee) c.add   s3, s11
core   0: 3 0x8000a6b6 (0x99ee) x19 0x67750001
core   0: 0x8000a6b8 (0x02870fb3) mul     t6, a4, s0
core   0: 3 0x8000a6b8 (0x02870fb3) x31 0xa6d50000
core   0: 0x8000a6bc (0x0000072d) c.addi  a4, 11
core   0: 3 0x8000a6bc (0x072d) x14 0x5f35800b
core   0: 0x8000a6be (0xc1233b13) sltiu   s6, t1, -1006
core   0: 3 0x8000a6be (0xc1233b13) x22 0x00000000
core   0: 0x8000a6c2 (0x00008dd9) c.or    a1, a4
core   0: 3 0x8000a6c2 (0x8dd9) x11 0x5f35800b
core   0: 0x8000a6c4 (0x00008d4d) c.or    a0, a1
core   0: 3 0x8000a6c4 (0x8d4d) x10 0xdf37ddfb
core   0: 0x8000a6c6 (0x0000e309) c.bnez  a4, pc + 2
core   0: 3 0x8000a6c6 (0xe309)
core   0: 0x8000a6c8 (0x03b9e2b3) rem     t0, s3, s11
core   0: 3 0x8000a6c8 (0x03b9e2b3) x5  0x00000001
core   0: 0x8000a6cc (0x02f531b3) mulhu   gp, a0, a5
core   0: 3 0x8000a6cc (0x02f531b3) x3  0xdc13de47
core   0: 0x8000a6d0 (0x0099d393) srli    t2, s3, 9
core   0: 3 0x8000a6d0 (0x0099d393) x7  0x0033ba80
core   0: 0x8000a6d4 (0x004e2783) lw      a5, 4(t3)
core   0: 3 0x8000a6d4 (0x004e2783) x15 0x8000b682 mem 0x80025e08
core   0: 0x8000a6d8 (0x34003073) csrc    mscratch, zero
core   0: 3 0x8000a6d8 (0x34003073)
core   0: 0x8000a6dc (0xf8bae593) ori     a1, s5, -117
core   0: 3 0x8000a6dc (0xf8bae593) x11 0xffffffbb
core   0: 0x8000a6e0 (0x00000e41) c.addi  t3, 16
core   0: 3 0x8000a6e0 (0x0e41) x28 0x80025e14
core   0: 0x8000a6e2 (0x01d615b3) sll     a1, a2, t4
core   0: 3 0x8000a6e2 (0x01d615b3) x11 0xfffffe7c
core   0: 0x8000a6e6 (0x00008d79) c.and   a0, a4
core   0: 3 0x8000a6e6 (0x8d79) x10 0x5f35800b
core   0: 0x8000a6e8 (0x00000fde) c.slli  t6, 23
core   0: 3 0x8000a6e8 (0x0fde) x31 0x00000000
core   0: 0x8000a6ea (0x340f3a73) csrrc   s4, mscratch, t5
core   0: 3 0x8000a6ea (0x340f3a73) x20 0x00007000 c832_mscratch 0x00000000
core   0: 0x8000a6ee (0x03f43b33) mulhu   s6, s0, t6
core   0: 3 0x8000a6ee (0x03f43b33) x22 0x00000000
core   0: 0x8000a6f2 (0x000099fd) c.andi  a1, -1
core   0: 3 0x8000a6f2 (0x99fd) x11 0xfffffe7c
core   0: 0x8000a6f4 (0x00078b13) mv      s6, a5
core   0: 3 0x8000a6f4 (0x00078b13) x22 0x8000b682
core   0: 0x8000a6f8 (0x00009b02) c.jalr  s6
core   0: 3 0x8000a6f8 (0x9b02) x1  0x8000a6fa
core   0: 0x8000b682 (0x0000977e) c.add   a4, t6
core   0: 3 0x8000b682 (0x977e) x14 0x5f35800b
core   0: 0x8000b684 (0x023b19b3) mulh    s3, s6, gp
core   0: 3 0x8000b684 (0x023b19b3) x19 0x11f5f740
core   0: 0x8000b688 (0x00005b7d) c.li    s6, -1
core   0: 3 0x8000b688 (0x5b7d) x22 0xffffffff
core   0: 0x8000b68a (0x34006973) csrrsi  s2, mscratch, 0
core   0: 3 0x8000b68a (0x34006973) x18 0x00000000
core   0: 0x8000b68e (0xc1c87cb7) lui     s9, 0xc1c87
core   0: 3 0x8000b68e (0xc1c87cb7) x25 0xc1c87000
core   0: 0x8000b692 (0x34005573) csrrwi  a0, mscratch, 0
core   0: 3 0x8000b692 (0x34005573) x10 0x00000000 c832_mscratch 0x00000000
core   0: 0x8000b696 (0x02f77333) remu    t1, a4, a5
core   0: 3 0x8000b696 (0x02f77333) x6  0x5f35800b
core   0: 0x8000b69a (0x34072073) csrs    mscratch, a4
core   0: 3 0x8000b69a (0x34072073) c832_mscratch 0x5f35800b
core   0: 0x8000b69e (0x02f10db3) mul     s11, sp, a5
core   0: 3 0x8000b69e (0x02f10db3) x27 0xa6c622b0
core   0: 0x8000b6a2 (0x0053de63) bge     t2, t0, pc + 28
core   0: 3 0x8000b6a2 (0x0053de63)
core   0: 0x8000b6be (0xf67fe7ef) jal     a5, pc - 0x109a
core   0: 3 0x8000b6be (0xf67fe7ef) x15 0x8000b6c2
core   0: 0x8000a624 (0x00006f1d) c.lui   t5, 0x7
core   0: 3 0x8000a624 (0x6f1d) x30 0x00007000
core   0: 0x8000a626 (0x024df163) bgeu    s11, tp, pc + 34
core   0: 3 0x8000a626 (0x024df163)
core   0: 0x8000a648 (0x00001e41) c.addi  t3, -16
core   0: 3 0x8000a648 (0x1e41) x28 0x80025e04
core   0: 0x8000a64a (0x00fe2223) sw      a5, 4(t3)
core   0: 3 0x8000a64a (0x00fe2223) mem 0x80025e08 0x8000b6c2
core   0: 0x8000a64e (0x03b2fa33) remu    s4, t0, s11
core   0: 3 0x8000a64e (0x03b2fa33) x20 0x00000001
core   0: 0x8000a652 (0x00001a7d) c.addi  s4, -1
core   0: 3 0x8000a652 (0x1a7d) x20 0x00000000
core   0: 0x8000a654 (0x35cb6413) ori     s0, s6, 860
core   0: 3 0x8000a654 (0x35cb6413) x8  0xffffffff
core   0: 0x8000a658 (0x3402f973) csrrci  s2, mscratch, 5
core   0: 3 0x8000a658 (0x3402f973) x18 0x5f35800b c832_mscratch 0x5f35800a
core   0: 0x8000a65c (0xd0de2e93) slti    t4, t3, -755
core   0: 3 0x8000a65c (0xd0de2e93) x29 0x00000001
core   0: 0x8000a660 (0x000089c1) c.andi  a1, 16
core   0: 3 0x8000a660 (0x89c1) x11 0x00000010
core   0: 0x8000a662 (0x00008dd9) c.or    a1, a4
core   0: 3 0x8000a662 (0x8dd9) x11 0x5f35801b
core   0: 0x8000a664 (0x000083e9) c.srli  a5, 26
core   0: 3 0x8000a664 (0x83e9) x15 0x00000020
core   0: 0x8000a666 (0x340f37f3) csrrc   a5, mscratch, t5
core   0: 3 0x8000a666 (0x340f37f3) x15 0x5f35800a c832_mscratch 0x5f35800a
core   0: 0x8000a66a (0x02395663) bge     s2, gp, pc + 44
core   0: 3 0x8000a66a (0x02395663)
core   0: 0x8000a696 (0xf43cfa93) andi    s5, s9, -189
core   0: 3 0x8000a696 (0xf43cfa93) x21 0xc1c87000
core   0: 0x8000a69a (0x014d1eb3) sll     t4, s10, s4
core   0: 3 0x8000a69a (0x014d1eb3) x29 0x00000000
core   0: 0x8000a69e (0x02184833) div     a6, a6, ra
core   0: 3 0x8000a69e (0x02184833) x16 0x00000000
core   0: 0x8000a6a2 (0x00005ffd) c.li    t6, -1
core   0: 3 0x8000a6a2 (0x5ffd) x31 0xffffffff
core   0: 0x8000a6a4 (0x0000997d) c.andi  a0, -1
core   0: 3 0x8000a6a4 (0x997d) x10 0x00000000
core   0: 0x8000a6a6 (0x41f107b3) sub     a5, sp, t6
core   0: 3 0x8000a6a6 (0x41f107b3) x15 0xfc65f359
core   0: 0x8000a6aa (0xf013c393) xori    t2, t2, -255
core   0: 3 0x8000a6aa (0xf013c393) x7  0xffcc4581
core   0: 0x8000a6ae (0x340cdaf3) csrrwi  s5, mscratch, 25
core   0: 3 0x8000a6ae (0x340cdaf3) x21 0x5f35800a c832_mscratch 0x00000019
core   0: 0x8000a6b2 (0x340f13f3) csrrw   t2, mscratch, t5
core   0: 3 0x8000a6b2 (0x340f13f3) x7  0x00000019 c832_mscratch 0x00007000
core   0: 0x8000a6b6 (0x000099ee) c.add   s3, s11
core   0: 3 0x8000a6b6 (0x99ee) x19 0xb8bc19f0
core   0: 0x8000a6b8 (0x02870fb3) mul     t6, a4, s0
core   0: 3 0x8000a6b8 (0x02870fb3) x31 0xa0ca7ff5
core   0: 0x8000a6bc (0x0000072d) c.addi  a4, 11
core   0: 3 0x8000a6bc (0x072d) x14 0x5f358016
core   0: 0x8000a6be (0xc1233b13) sltiu   s6, t1, -1006
core   0: 3 0x8000a6be (0xc1233b13) x22 0x00000001
core   0: 0x8000a6c2 (0x00008dd9) c.or    a1, a4
core   0: 3 0x8000a6c2 (0x8dd9) x11 0x5f35801f
core   0: 0x8000a6c4 (0x00008d4d) c.or    a0, a1
core   0: 3 0x8000a6c4 (0x8d4d) x10 0x5f35801f
core   0: 0x8000a6c6 (0x0000e309) c.bnez  a4, pc + 2
core   0: 3 0x8000a6c6 (0xe309)
core   0: 0x8000a6c8 (0x03b9e2b3) rem     t0, s3, s11
core   0: 3 0x8000a6c8 (0x03b9e2b3) x5  0xb8bc19f0
core   0: 0x8000a6cc (0x02f531b3) mulhu   gp, a0, a5
core   0: 3 0x8000a6cc (0x02f531b3) x3  0x5dde94ba
core   0: 0x8000a6d0 (0x0099d393) srli    t2, s3, 9
core   0: 3 0x8000a6d0 (0x0099d393) x7  0x005c5e0c
core   0: 0x8000a6d4 (0x004e2783) lw      a5, 4(t3)
core   0: 3 0x8000a6d4 (0x004e2783) x15 0x8000b6c2 mem 0x80025e08
core   0: 0x8000a6d8 (0x34003073) csrc    mscratch, zero
core   0: 3 0x8000a6d8 (0x34003073)
core   0: 0x8000a6dc (0xf8bae593) ori     a1, s5, -117
core   0: 3 0x8000a6dc (0xf8bae593) x11 0xffffff8b
core   0: 0x8000a6e0 (0x00000e41) c.addi  t3, 16
core   0: 3 0x8000a6e0 (0x0e41) x28 0x80025e14
core   0: 0x8000a6e2 (0x01d615b3) sll     a1, a2, t4
core   0: 3 0x8000a6e2 (0x01d615b3) x11 0xffffff3e
core   0: 0x8000a6e6 (0x00008d79) c.and   a0, a4
core   0: 3 0x8000a6e6 (0x8d79) x10 0x5f358016
core   0: 0x8000a6e8 (0x00000fde) c.slli  t6, 23
core   0: 3 0x8000a6e8 (0x0fde) x31 0xfa800000
core   0: 0x8000a6ea (0x340f3a73) csrrc   s4, mscratch, t5
core   0: 3 0x8000a6ea (0x340f3a73) x20 0x00007000 c832_mscratch 0x00000000
core   0: 0x8000a6ee (0x03f43b33) mulhu   s6, s0, t6
core   0: 3 0x8000a6ee (0x03f43b33) x22 0xfa7fffff
core   0: 0x8000a6f2 (0x000099fd) c.andi  a1, -1
core   0: 3 0x8000a6f2 (0x99fd) x11 0xffffff3e
core   0: 0x8000a6f4 (0x00078b13) mv      s6, a5
core   0: 3 0x8000a6f4 (0x00078b13) x22 0x8000b6c2
core   0: 0x8000a6f8 (0x00009b02) c.jalr  s6
core   0: 3 0x8000a6f8 (0x9b02) x1  0x8000a6fa
core   0: 0x8000b6c2 (0x03ebcc33) div     s8, s7, t5
core   0: 3 0x8000b6c2 (0x03ebcc33) x24 0xfffff7c5
core   0: 0x8000b6c6 (0x0000c89d) c.beqz  s1, pc + 54
core   0: 3 0x8000b6c6 (0xc89d)
core   0: 0x8000b6fc (0x0278e3b3) rem     t2, a7, t2
core   0: 3 0x8000b6fc (0x0278e3b3) x7  0xffc96c96
core   0: 0x8000b700 (0x0148e233) or      tp, a7, s4
core   0: 3 0x8000b700 (0x0148e233) x4  0x800f7ffe
core   0: 0x8000b704 (0x01cbc033) xor     zero, s7, t3
core   0: 3 0x8000b704 (0x01cbc033)
core   0: 0x8000b708 (0x004e2783) lw      a5, 4(t3)
core   0: 3 0x8000b708 (0x004e2783) x15 0x80009fcc mem 0x80025e18
core   0: 0x8000b70c (0x040e0e13) addi    t3, t3, 64
core   0: 3 0x8000b70c (0x040e0e13) x28 0x80025e54
core   0: 0x8000b710 (0x34006073) csrsi   mscratch, 0
core   0: 3 0x8000b710 (0x34006073)
core   0: 0x8000b714 (0x340aa073) csrs    mscratch, s5
core   0: 3 0x8000b714 (0x340aa073) c832_mscratch 0x5f35800a
core   0: 0x8000b718 (0x000050fd) c.li    ra, -1
core   0: 3 0x8000b718 (0x50fd) x1  0xffffffff
core   0: 0x8000b71a (0x00d0e333) or      t1, ra, a3
core   0: 3 0x8000b71a (0x00d0e333) x6  0xffffffff
core   0: 0x8000b71e (0x00078313) mv      t1, a5
core   0: 3 0x8000b71e (0x00078313) x6  0x80009fcc
core   0: 0x8000b722 (0x00009302) c.jalr  t1
core   0: 3 0x8000b722 (0x9302) x1  0x8000b724
core   0: 0x80009fcc (0x0ff0000f) fence   iorw,iorw
core   0: 3 0x80009fcc (0x0ff0000f)
core   0: 0x80009fd0 (0x0ff0000f) fence   iorw,iorw
core   0: 3 0x80009fd0 (0x0ff0000f)
core   0: 0x80009fd4 (0x000c1633) sll     a2, s8, zero
core   0: 3 0x80009fd4 (0x000c1633) x12 0xfffff7c5
core   0: 0x80009fd8 (0x340353f3) csrrwi  t2, mscratch, 6
core   0: 3 0x80009fd8 (0x340353f3) x7  0x5f35800a c832_mscratch 0x00000006
core   0: 0x80009fdc (0x01ad74b3) and     s1, s10, s10
core   0: 3 0x80009fdc (0x01ad74b3) x9  0x00000000
core   0: 0x80009fe0 (0x03475eb3) divu    t4, a4, s4
core   0: 3 0x80009fe0 (0x03475eb3) x29 0x0000d99e
core   0: 0x80009fe4 (0x0000c609) c.beqz  a2, pc + 10
core   0: 3 0x80009fe4 (0xc609)
core   0: 0x80009fe6 (0x00d59463) bne     a1, a3, pc + 8
core   0: 3 0x80009fe6 (0x00d59463)
core   0: 0x80009fee (0x3401d073) csrwi   mscratch, 3
core   0: 3 0x80009fee (0x3401d073) c832_mscratch 0x00000003
core   0: 0x80009ff2 (0x004e2783) lw      a5, 4(t3)
core   0: 3 0x80009ff2 (0x004e2783) x15 0x8000b760 mem 0x80025e58
core   0: 0x80009ff6 (0x00001a7d) c.addi  s4, -1
core   0: 3 0x80009ff6 (0x1a7d) x20 0x00006fff
core   0: 0x80009ff8 (0x00008f25) c.xor   a4, s1
core   0: 3 0x80009ff8 (0x8f25) x14 0x5f358016
core   0: 0x80009ffa (0x02f52fb3) mulhsu  t6, a0, a5
core   0: 3 0x80009ffa (0x02f52fb3) x31 0x2f9b043d
core   0: 0x80009ffe (0x011d53b3) srl     t2, s10, a7
core   0: 3 0x80009ffe (0x011d53b3) x7  0x00000000
core   0: 0x8000a002 (0x030e0e13) addi    t3, t3, 48
core   0: 3 0x8000a002 (0x030e0e13) x28 0x80025e84
core   0: 0x8000a006 (0x004a2bb3) slt     s7, s4, tp
core   0: 3 0x8000a006 (0x004a2bb3) x23 0x00000000
core   0: 0x8000a00a (0x00078993) mv      s3, a5
core   0: 3 0x8000a00a (0x00078993) x19 0x8000b760
core   0: 0x8000a00e (0x00009982) c.jalr  s3
core   0: 3 0x8000a00e (0x9982) x1  0x8000a010
core   0: 0x8000b760 (0x00005817) auipc   a6, 0x5
core   0: 3 0x8000b760 (0x00005817) x16 0x80010760
core   0: 0x8000b764 (0x98a80813) addi    a6, a6, -1654
core   0: 3 0x8000b764 (0x98a80813) x16 0x800100ea
core   0: 0x8000b768 (0x18341f17) auipc   t5, 0x18341
core   0: 3 0x8000b768 (0x18341f17) x30 0x9834c768
core   0: 0x8000b76c (0x036db4b3) mulhu   s1, s11, s6
core   0: 3 0x8000b76c (0x036db4b3) x9  0x53638867
core   0: 0x8000b770 (0x1f5801a3) sb      s5, 483(a6)
core   0: 3 0x8000b770 (0x1f5801a3) mem 0x800102cd 0x0a
core   0: 0x8000b774 (0x00008c51) c.or    s0, a2
core   0: 3 0x8000b774 (0x8c51) x8  0xffffffff
core   0: 0x8000b776 (0x5fc6b593) sltiu   a1, a3, 1532
core   0: 3 0x8000b776 (0x5fc6b593) x11 0x00000000
core   0: 0x8000b77a (0x02fe4d33) div     s10, t3, a5
core   0: 3 0x8000b77a (0x02fe4d33) x26 0x00000000
core   0: 0x8000b77e (0x0c980e23) sb      s1, 220(a6)
core   0: 3 0x8000b77e (0x0c980e23) mem 0x800101c6 0x67
core   0: 0x8000b782 (0x000068d5) c.lui   a7, 0x15
core   0: 3 0x8000b782 (0x68d5) x17 0x00015000
core   0: 0x8000b784 (0x25282303) lw      t1, 594(a6)
core   0: 3 0x8000b784 (0x25282303) x6  0xb31f10d7 mem 0x8001033c
core   0: 0x8000b788 (0x000013fd) c.addi  t2, -1
core   0: 3 0x8000b788 (0x13fd) x7  0xffffffff
core   0: 0x8000b78a (0x01665e93) srli    t4, a2, 22
core   0: 3 0x8000b78a (0x01665e93) x29 0x000003ff
core   0: 0x8000b78e (0x0097d593) srli    a1, a5, 9
core   0: 3 0x8000b78e (0x0097d593) x11 0x0040005b
core   0: 0x8000b792 (0x036442b3) div     t0, s0, s6
core   0: 3 0x8000b792 (0x036442b3) x5  0x00000000
core   0: 0x8000b796 (0x000085c6) c.mv    a1, a7
core   0: 3 0x8000b796 (0x85c6) x11 0x00015000
core   0: 0x8000b798 (0x00ba5f33) srl     t5, s4, a1
core   0: 3 0x8000b798 (0x00ba5f33) x30 0x00006fff
core   0: 0x8000b79c (0x00008796) c.mv    a5, t0
core   0: 3 0x8000b79c (0x8796) x15 0x00000000
core   0: 0x8000b79e (0x00006c15) c.lui   s8, 0x5
core   0: 3 0x8000b79e (0x6c15) x24 0x00005000
core   0: 0x8000b7a0 (0x000080a5) c.srli  s1, 9
core   0: 3 0x8000b7a0 (0x80a5) x9  0x0029b1c4
core   0: 0x8000b7a2 (0x0ed80603) lb      a2, 237(a6)
core   0: 3 0x8000b7a2 (0x0ed80603) x12 0x00000003 mem 0x800101d7
core   0: 0x8000b7a6 (0x340c98f3) csrrw   a7, mscratch, s9
core   0: 3 0x8000b7a6 (0x340c98f3) x17 0x00000003 c832_mscratch 0xc1c87000
core   0: 0x8000b7aa (0xf6784203) lbu     tp, -153(a6)
core   0: 3 0x8000b7aa (0xf6784203) x4  0x00000072 mem 0x80010051
core   0: 0x8000b7ae (0x34061073) csrw    mscratch, a2
core   0: 3 0x8000b7ae (0x34061073) c832_mscratch 0x00000003
core   0: 0x8000b7b2 (0x2de802a3) sb      t5, 709(a6)
core   0: 3 0x8000b7b2 (0x2de802a3) mem 0x800103af 0xff
core   0: 0x8000b7b6 (0x031be8b3) rem     a7, s7, a7
core   0: 3 0x8000b7b6 (0x031be8b3) x17 0x00000000
core   0: 0x8000b7ba (0x06b84783) lbu     a5, 107(a6)
core   0: 3 0x8000b7ba (0x06b84783) x15 0x00000000 mem 0x80010155
core   0: 0x8000b7be (0x34003373) csrrc   t1, mscratch, zero
core   0: 3 0x8000b7be (0x34003373) x6  0x00000003
core   0: 0x8000b7c2 (0xf7282b23) sw      s2, -138(a6)
core   0: 3 0x8000b7c2 (0xf7282b23) mem 0x80010060 0x5f35800b
core   0: 0x8000b7c6 (0x00009bfd) c.andi  a5, -1
core   0: 3 0x8000b7c6 (0x9bfd) x15 0x00000000
core   0: 0x8000b7c8 (0x6f485983) lhu     s3, 1780(a6)
core   0: 3 0x8000b7c8 (0x6f485983) x19 0x00001e43 mem 0x800107de
core   0: 0x8000b7cc (0x69c81583) lh      a1, 1692(a6)
core   0: 3 0x8000b7cc (0x69c81583) x11 0x0000452a mem 0x80010786
core   0: 0x8000b7d0 (0x008df3b3) and     t2, s11, s0
core   0: 3 0x8000b7d0 (0x008df3b3) x7  0xa6c622b0
core   0: 0x8000b7d4 (0x00d8f033) and     zero, a7, a3
core   0: 3 0x8000b7d4 (0x00d8f033)
core   0: 0x8000b7d8 (0x01ba1193) slli    gp, s4, 27
core   0: 3 0x8000b7d8 (0x01ba1193) x3  0xf8000000
core   0: 0x8000b7dc (0x340cb273) csrrc   tp, mscratch, s9
core   0: 3 0x8000b7dc (0x340cb273) x4  0x00000003 c832_mscratch 0x00000003
core   0: 0x8000b7e0 (0x00000eea) c.slli  t4, 26
core   0: 3 0x8000b7e0 (0x0eea) x29 0xfc000000
core   0: 0x8000b7e2 (0x037e1233) mulh    tp, t3, s7
core   0: 3 0x8000b7e2 (0x037e1233) x4  0x00000000
core   0: 0x8000b7e6 (0x50a80a23) sb      a0, 1300(a6)
core   0: 3 0x8000b7e6 (0x50a80a23) mem 0x800105fe 0x16
core   0: 0x8000b7ea (0x01dc3033) sltu    zero, s8, t4
core   0: 3 0x8000b7ea (0x01dc3033)
core   0: 0x8000b7ee (0x00009492) c.add   s1, tp
core   0: 3 0x8000b7ee (0x9492) x9  0x0029b1c4
core   0: 0x8000b7f0 (0x000098fd) c.andi  s1, -1
core   0: 3 0x8000b7f0 (0x98fd) x9  0x0029b1c4
core   0: 0x8000b7f2 (0x40a407b3) sub     a5, s0, a0
core   0: 3 0x8000b7f2 (0x40a407b3) x15 0xa0ca7fe9
core   0: 0x8000b7f6 (0x0ed80383) lb      t2, 237(a6)
core   0: 3 0x8000b7f6 (0x0ed80383) x7  0x00000003 mem 0x800101d7
core   0: 0x8000b7fa (0x03b448b3) div     a7, s0, s11
core   0: 3 0x8000b7fa (0x03b448b3) x17 0x00000000
core   0: 0x8000b7fe (0x00004f9d) c.li    t6, 7
core   0: 3 0x8000b7fe (0x4f9d) x31 0x00000007
core   0: 0x8000b800 (0x3404a8f3) csrrs   a7, mscratch, s1
core   0: 3 0x8000b800 (0x3404a8f3) x17 0x00000003 c832_mscratch 0x0029b1c7
core   0: 0x8000b804 (0x00000001) c.nop
core   0: 3 0x8000b804 (0x0001)
core   0: 0x8000b806 (0xa9dbbf37) lui     t5, 0xa9dbb
core   0: 3 0x8000b806 (0xa9dbbf37) x30 0xa9dbb000
core   0: 0x8000b80a (0x34002573) csrr    a0, mscratch
core   0: 3 0x8000b80a (0x34002573) x10 0x0029b1c7
core   0: 0x8000b80e (0x004d51b3) srl     gp, s10, tp
core   0: 3 0x8000b80e (0x004d51b3) x3  0x00000000
core   0: 0x8000b812 (0x01935413) srli    s0, t1, 25
core   0: 3 0x8000b812 (0x01935413) x8  0x00000000
core   0: 0x8000b816 (0x0000577d) c.li    a4, -1
core   0: 3 0x8000b816 (0x577d) x14 0xffffffff
core   0: 0x8000b818 (0x416b0533) sub     a0, s6, s6
core   0: 3 0x8000b818 (0x416b0533) x10 0x00000000
core   0: 0x8000b81c (0x000080c1) c.srli  s1, 16
core   0: 3 0x8000b81c (0x80c1) x9  0x00000029
core   0: 0x8000b81e (0x0000e59d) c.bnez  a1, pc + 46
core   0: 3 0x8000b81e (0xe59d)
core   0: 0x8000b84c (0x01b500b3) add     ra, a0, s11
core   0: 3 0x8000b84c (0x01b500b3) x1  0xa6c622b0
core   0: 0x8000b850 (0x34093073) csrc    mscratch, s2
core   0: 3 0x8000b850 (0x34093073) c832_mscratch 0x000831c4
core   0: 0x8000b854 (0x340a9973) csrrw   s2, mscratch, s5
core   0: 3 0x8000b854 (0x340a9973) x18 0x000831c4 c832_mscratch 0x5f35800a
core   0: 0x8000b858 (0x033f8033) mul     zero, t6, s3
core   0: 3 0x8000b858 (0x033f8033)
core   0: 0x8000b85c (0x02402ab3) mulhsu  s5, zero, tp
core   0: 3 0x8000b85c (0x02402ab3) x21 0x00000000
core   0: 0x8000b860 (0x0000c091) c.beqz  s1, pc + 4
core   0: 3 0x8000b860 (0xc091)
core   0: 0x8000b862 (0x000084b2) c.mv    s1, a2
core   0: 3 0x8000b862 (0x84b2) x9  0x00000003
core   0: 0x8000b864 (0x0208c863) bltz    a7, pc + 48
core   0: 3 0x8000b864 (0x0208c863)
core   0: 0x8000b868 (0x00a4e333) or      t1, s1, a0
core   0: 3 0x8000b868 (0x00a4e333) x6  0x00000003
core   0: 0x8000b86c (0x013e5193) srli    gp, t3, 19
core   0: 3 0x8000b86c (0x013e5193) x3  0x00001000
core   0: 0x8000b870 (0x0000100f) fence.i
core   0: 3 0x8000b870 (0x0000100f)
core   0: 0x8000b874 (0x00008e05) c.sub   a2, s1
core   0: 3 0x8000b874 (0x8e05) x12 0x00000000
core   0: 0x8000b876 (0x00000001) c.nop
core   0: 3 0x8000b876 (0x0001)
core   0: 0x8000b878 (0x0000100f) fence.i
core   0: 3 0x8000b878 (0x0000100f)
core   0: 0x8000b87c (0x56ca7a93) andi    s5, s4, 1388
core   0: 3 0x8000b87c (0x56ca7a93) x21 0x0000056c
core   0: 0x8000b880 (0x02c35e63) bge     t1, a2, pc + 60
core   0: 3 0x8000b880 (0x02c35e63)
core   0: 0x8000b8bc (0x03136793) ori     a5, t1, 49
core   0: 3 0x8000b8bc (0x03136793) x15 0x00000033
core   0: 0x8000b8c0 (0x00008e69) c.and   a2, a0
core   0: 3 0x8000b8c0 (0x8e69) x12 0x00000000
core   0: 0x8000b8c2 (0x03b3e5b3) rem     a1, t2, s11
core   0: 3 0x8000b8c2 (0x03b3e5b3) x11 0x00000003
core   0: 0x8000b8c6 (0x00009a7d) c.andi  a2, -1
core   0: 3 0x8000b8c6 (0x9a7d) x12 0x00000000
core   0: 0x8000b8c8 (0x34002673) csrr    a2, mscratch
core   0: 3 0x8000b8c8 (0x34002673) x12 0x5f35800a
core   0: 0x8000b8cc (0x00000001) c.nop
core   0: 3 0x8000b8cc (0x0001)
core   0: 0x8000b8ce (0x0000100f) fence.i
core   0: 3 0x8000b8ce (0x0000100f)
core   0: 0x8000b8d2 (0x007572b3) and     t0, a0, t2
core   0: 3 0x8000b8d2 (0x007572b3) x5  0x00000000
core   0: 0x8000b8d6 (0x025352b3) divu    t0, t1, t0
core   0: 3 0x8000b8d6 (0x025352b3) x5  0xffffffff
core   0: 0x8000b8da (0x40095033) sra     zero, s2, zero
core   0: 3 0x8000b8da (0x40095033)
core   0: 0x8000b8de (0x00008391) c.srli  a5, 4
core   0: 3 0x8000b8de (0x8391) x15 0x00000003
core   0: 0x8000b8e0 (0x000080e5) c.srli  s1, 25
core   0: 3 0x8000b8e0 (0x80e5) x9  0x00000000
core   0: 0x8000b8e2 (0x016b8763) beq     s7, s6, pc + 14
core   0: 3 0x8000b8e2 (0x016b8763)
core   0: 0x8000b8e6 (0x0126ecb3) or      s9, a3, s2
core   0: 3 0x8000b8e6 (0x0126ecb3) x25 0x800abde4
core   0: 0x8000b8ea (0x005fda93) srli    s5, t6, 5
core   0: 3 0x8000b8ea (0x005fda93) x21 0x00000000
core   0: 0x8000b8ee (0x00000001) c.nop
core   0: 3 0x8000b8ee (0x0001)
core   0: 0x8000b8f0 (0x0000c395) c.beqz  a5, pc + 36
core   0: 3 0x8000b8f0 (0xc395)
core   0: 0x8000b8f2 (0x03c25d33) divu    s10, tp, t3
core   0: 3 0x8000b8f2 (0x03c25d33) x26 0x00000000
core   0: 0x8000b8f6 (0x00008651) c.srai  a2, 20
core   0: 3 0x8000b8f6 (0x8651) x12 0x000005f3
core   0: 0x8000b8f8 (0x0000100f) fence.i
core   0: 3 0x8000b8f8 (0x0000100f)
core   0: 0x8000b8fc (0x34007573) csrrci  a0, mscratch, 0
core   0: 3 0x8000b8fc (0x34007573) x10 0x5f35800a
core   0: 0x8000b900 (0x00008cc1) c.or    s1, s0
core   0: 3 0x8000b900 (0x8cc1) x9  0x00000000
core   0: 0x8000b902 (0x0000e919) c.bnez  a0, pc + 22
core   0: 3 0x8000b902 (0xe919)
core   0: 0x8000b918 (0x02ee4533) div     a0, t3, a4
core   0: 3 0x8000b918 (0x02ee4533) x10 0x7ffda17c
core   0: 0x8000b91c (0x000088e1) c.andi  s1, 24
core   0: 3 0x8000b91c (0x88e1) x9  0x00000000
core   0: 0x8000b91e (0x00008985) c.andi  a1, 1
core   0: 3 0x8000b91e (0x8985) x11 0x00000001
core   0: 0x8000b920 (0x00008c89) c.sub   s1, a0
core   0: 3 0x8000b920 (0x8c89) x9  0x80025e84
core   0: 0x8000b922 (0x02c20bb3) mul     s7, tp, a2
core   0: 3 0x8000b922 (0x02c20bb3) x23 0x00000000
core   0: 0x8000b926 (0x01e60863) beq     a2, t5, pc + 16
core   0: 3 0x8000b926 (0x01e60863)
core   0: 0x8000b92a (0x0000100f) fence.i
core   0: 3 0x8000b92a (0x0000100f)
core   0: 0x8000b92e (0x41a2d413) srai    s0, t0, 26
core   0: 3 0x8000b92e (0x41a2d413) x8  0xffffffff
core   0: 0x8000b932 (0x0135a733) slt     a4, a1, s3
core   0: 3 0x8000b932 (0x0135a733) x14 0x00000001
core   0: 0x8000b936 (0x00767fb3) and     t6, a2, t2
core   0: 3 0x8000b936 (0x00767fb3) x31 0x00000003
core   0: 0x8000b93a (0x01823b33) sltu    s6, tp, s8
core   0: 3 0x8000b93a (0x01823b33) x22 0x00000001
core   0: 0x8000b93e (0x00009562) c.add   a0, s8
core   0: 3 0x8000b93e (0x9562) x10 0x7ffdf17c
core   0: 0x8000b940 (0x01927d33) and     s10, tp, s9
core   0: 3 0x8000b940 (0x01927d33) x26 0x00000000
core   0: 0x8000b944 (0x5ac32013) slti    zero, t1, 1452
core   0: 3 0x8000b944 (0x5ac32013)
core   0: 0x8000b948 (0x0ff0000f) fence   iorw,iorw
core   0: 3 0x8000b948 (0x0ff0000f)
core   0: 0x8000b94c (0x03ab7db3) remu    s11, s6, s10
core   0: 3 0x8000b94c (0x03ab7db3) x27 0x00000001
core   0: 0x8000b950 (0x00c9e2b3) or      t0, s3, a2
core   0: 3 0x8000b950 (0x00c9e2b3) x5  0x00001ff3
core   0: 0x8000b954 (0x00008e15) c.sub   a2, a3
core   0: 3 0x8000b954 (0x8e15) x12 0x7ffd68cf
core   0: 0x8000b956 (0x00008e05) c.sub   a2, s1
core   0: 3 0x8000b956 (0x8e05) x12 0xfffb0a4b
core   0: 0x8000b958 (0x02babf33) mulhu   t5, s5, a1
core   0: 3 0x8000b958 (0x02babf33) x30 0x00000000
core   0: 0x8000b95c (0x439eee93) ori     t4, t4, 1081
core   0: 3 0x8000b95c (0x439eee93) x29 0xfc000439
core   0: 0x8000b960 (0xd42eea93) ori     s5, t4, -702
core   0: 3 0x8000b960 (0xd42eea93) x21 0xfffffd7b
core   0: 0x8000b964 (0x0000100f) fence.i
core   0: 3 0x8000b964 (0x0000100f)
core   0: 0x8000b968 (0x00008045) c.srli  s0, 17
core   0: 3 0x8000b968 (0x8045) x8  0x00007fff
core   0: 0x8000b96a (0x340ffc73) csrrci  s8, mscratch, 31
core   0: 3 0x8000b96a (0x340ffc73) x24 0x5f35800a c832_mscratch 0x5f358000
core   0: 0x8000b96e (0x0000089e) c.slli  a7, 7
core   0: 3 0x8000b96e (0x089e) x17 0x00000180
core   0: 0x8000b970 (0x340d1b73) csrrw   s6, mscratch, s10
core   0: 3 0x8000b970 (0x340d1b73) x22 0x5f358000 c832_mscratch 0x00000000
core   0: 0x8000b974 (0x01428833) add     a6, t0, s4
core   0: 3 0x8000b974 (0x01428833) x16 0x00008ff2
core   0: 0x8000b978 (0x35cc3213) sltiu   tp, s8, 860
core   0: 3 0x8000b978 (0x35cc3213) x4  0x00000000
core   0: 0x8000b97c (0x00000001) c.nop
core   0: 3 0x8000b97c (0x0001)
core   0: 0x8000b97e (0x01c52733) slt     a4, a0, t3
core   0: 3 0x8000b97e (0x01c52733) x14 0x00000000
core   0: 0x8000b982 (0x036e37b3) mulhu   a5, t3, s6
core   0: 3 0x8000b982 (0x036e37b3) x15 0x2f9ba191
core   0: 0x8000b986 (0x032fd463) bge     t6, s2, pc + 40
core   0: 3 0x8000b986 (0x032fd463)
core   0: 0x8000b98a (0x00000001) c.nop
core   0: 3 0x8000b98a (0x0001)
core   0: 0x8000b98c (0x00ace7b3) or      a5, s9, a0
core   0: 3 0x8000b98c (0x00ace7b3) x15 0xfffffdfc
core   0: 0x8000b990 (0x0000c899) c.beqz  s1, pc + 22
core   0: 3 0x8000b990 (0xc899)
core   0: 0x8000b992 (0x030702b3) mul     t0, a4, a6
core   0: 3 0x8000b992 (0x030702b3) x5  0x00000000
core   0: 0x8000b996 (0x03bc20b3) mulhsu  ra, s8, s11
core   0: 3 0x8000b996 (0x03bc20b3) x1  0x00000000
core   0: 0x8000b99a (0x340063f3) csrrsi  t2, mscratch, 0
core   0: 3 0x8000b99a (0x340063f3) x7  0x00000000
core   0: 0x8000b99e (0x022643b3) div     t2, a2, sp
core   0: 3 0x8000b99e (0x022643b3) x7  0x00000000
core   0: 0x8000b9a2 (0x02c170b3) remu    ra, sp, a2
core   0: 3 0x8000b9a2 (0x02c170b3) x1  0xfc65f358
core   0: 0x8000b9a6 (0x0250eeb3) rem     t4, ra, t0
core   0: 3 0x8000b9a6 (0x0250eeb3) x29 0xfc65f358
core   0: 0x8000b9aa (0x010d9613) slli    a2, s11, 16
core   0: 3 0x8000b9aa (0x010d9613) x12 0x00010000
core   0: 0x8000b9ae (0x00000b22) c.slli  s6, 8
core   0: 3 0x8000b9ae (0x0b22) x22 0x35800000
core   0: 0x8000b9b0 (0xf259fe93) andi    t4, s3, -219
core   0: 3 0x8000b9b0 (0xf259fe93) x29 0x00001e01
core   0: 0x8000b9b4 (0x000053fd) c.li    t2, -1
core   0: 3 0x8000b9b4 (0x53fd) x7  0xffffffff
core   0: 0x8000b9b6 (0x02d45bb3) divu    s7, s0, a3
core   0: 3 0x8000b9b6 (0x02d45bb3) x23 0x00000000
core   0: 0x8000b9ba (0x026cc763) blt     s9, t1, pc + 46
core   0: 3 0x8000b9ba (0x026cc763)
core   0: 0x8000b9e8 (0x0000991e) c.add   s2, t2
core   0: 3 0x8000b9e8 (0x991e) x18 0x000831c3
core   0: 0x8000b9ea (0x00008d56) c.mv    s10, s5
core   0: 3 0x8000b9ea (0x8d56) x26 0xfffffd7b
core   0: 0x8000b9ec (0x014fafb3) slt     t6, t6, s4
core   0: 3 0x8000b9ec (0x014fafb3) x31 0x00000001
core   0: 0x8000b9f0 (0x03641033) mulh    zero, s0, s6
core   0: 3 0x8000b9f0 (0x03641033)
core   0: 0x8000b9f4 (0x0000177d) c.addi  a4, -1
core   0: 3 0x8000b9f4 (0x177d) x14 0xffffffff
core   0: 0x8000b9f6 (0x0179e263) bltu    s3, s7, pc + 4
core   0: 3 0x8000b9f6 (0x0179e263)
core   0: 0x8000b9fa (0x00008e69) c.and   a2, a0
core   0: 3 0x8000b9fa (0x8e69) x12 0x00010000
core   0: 0x8000b9fc (0x00006ce5) c.lui   s9, 0x19
core   0: 3 0x8000b9fc (0x6ce5) x25 0x00019000
core   0: 0x8000b9fe (0x00008ce9) c.and   s1, a0
core   0: 3 0x8000b9fe (0x8ce9) x9  0x00005004
core   0: 0x8000ba00 (0x00008b8a) c.mv    s7, sp
core   0: 3 0x8000ba00 (0x8b8a) x23 0xfc65f358
core   0: 0x8000ba02 (0x00bde9b3) or      s3, s11, a1
core   0: 3 0x8000ba02 (0x00bde9b3) x19 0x00000001
core   0: 0x8000ba06 (0x0000100f) fence.i
core   0: 3 0x8000ba06 (0x0000100f)
core   0: 0x8000ba0a (0x00000001) c.nop
core   0: 3 0x8000ba0a (0x0001)
core   0: 0x8000ba0c (0x34051df3) csrrw   s11, mscratch, a0
core   0: 3 0x8000ba0c (0x34051df3) x27 0x00000000 c832_mscratch 0x7ffdf17c
core   0: 0x8000ba10 (0x03e55d33) divu    s10, a0, t5
core   0: 3 0x8000ba10 (0x03e55d33) x26 0xffffffff
core   0: 0x8000ba14 (0x00000001) c.nop
core   0: 3 0x8000ba14 (0x0001)
core   0: 0x8000ba16 (0x89e38793) addi    a5, t2, -1890
core   0: 3 0x8000ba16 (0x89e38793) x15 0xfffff89d
core   0: 0x8000ba1a (0x628f4e93) xori    t4, t5, 1576
core   0: 3 0x8000ba1a (0x628f4e93) x29 0x00000628
core   0: 0x8000ba1e (0x00008fa1) c.xor   a5, s0
core   0: 3 0x8000ba1e (0x8fa1) x15 0xffff8762
core   0: 0x8000ba20 (0x03227463) bgeu    tp, s2, pc + 40
core   0: 3 0x8000ba20 (0x03227463)
core   0: 0x8000ba24 (0x00008e3d) c.xor   a2, a5
core   0: 3 0x8000ba24 (0x8e3d) x12 0xfffe8762
core   0: 0x8000ba26 (0xd57fa093) slti    ra, t6, -681
core   0: 3 0x8000ba26 (0xd57fa093) x1  0x00000000
core   0: 0x8000ba2a (0x4009d4b3) sra     s1, s3, zero
core   0: 3 0x8000ba2a (0x4009d4b3) x9  0x00000001
core   0: 0x8000ba2e (0x00000001) c.nop
core   0: 3 0x8000ba2e (0x0001)
core   0: 0x8000ba30 (0x03fe5063) bge     t3, t6, pc + 32
core   0: 3 0x8000ba30 (0x03fe5063)
core   0: 0x8000ba34 (0x9f7d1097) auipc   ra, 0x9f7d1
core   0: 3 0x8000ba34 (0x9f7d1097) x1  0x1f7dca34
core   0: 0x8000ba38 (0x0042e9b3) or      s3, t0, tp
core   0: 3 0x8000ba38 (0x0042e9b3) x19 0x00000000
core   0: 0x8000ba3c (0x00008c0d) c.sub   s0, a1
core   0: 3 0x8000ba3c (0x8c0d) x8  0x00007ffe
core   0: 0x8000ba3e (0x00008851) c.andi  s0, 20
core   0: 3 0x8000ba3e (0x8851) x8  0x00000014
core   0: 0x8000ba40 (0x04bb7763) bgeu    s6, a1, pc + 78
core   0: 3 0x8000ba40 (0x04bb7763)
core   0: 0x8000ba8e (0x00008fe9) c.and   a5, a0
core   0: 3 0x8000ba8e (0x8fe9) x15 0x7ffd8160
core   0: 0x8000ba90 (0x0000998a) c.add   s3, sp
core   0: 3 0x8000ba90 (0x998a) x19 0xfc65f358
core   0: 0x8000ba92 (0x0000e61d) c.bnez  a2, pc + 46
core   0: 3 0x8000ba92 (0xe61d)
core   0: 0x8000bac0 (0x026de5b3) rem     a1, s11, t1
core   0: 3 0x8000bac0 (0x026de5b3) x11 0x00000000
core   0: 0x8000bac4 (0x0ff0000f) fence   iorw,iorw
core   0: 3 0x8000bac4 (0x0ff0000f)
core   0: 0x8000bac8 (0x00000001) c.nop
core   0: 3 0x8000bac8 (0x0001)
core   0: 0x8000baca (0x03fcb233) mulhu   tp, s9, t6
core   0: 3 0x8000baca (0x03fcb233) x4  0x00000000
core   0: 0x8000bace (0x000003e1) c.addi  t2, 24
core   0: 3 0x8000bace (0x03e1) x7  0x00000017
core   0: 0x8000bad0 (0x000004e2) c.slli  s1, 24
core   0: 3 0x8000bad0 (0x04e2) x9  0x01000000
core   0: 0x8000bad2 (0x000065f9) c.lui   a1, 0x1e
core   0: 3 0x8000bad2 (0x65f9) x11 0x0001e000
core   0: 0x8000bad4 (0x4062d293) srai    t0, t0, 6
core   0: 3 0x8000bad4 (0x4062d293) x5  0x00000000
core   0: 0x8000bad8 (0x00484833) xor     a6, a6, tp
core   0: 3 0x8000bad8 (0x00484833) x16 0x00008ff2
core   0: 0x8000badc (0xa175f093) andi    ra, a1, -1513
core   0: 3 0x8000badc (0xa175f093) x1  0x0001e000
core   0: 0x8000bae0 (0x03582533) mulhsu  a0, a6, s5
core   0: 3 0x8000bae0 (0x03582533) x10 0x00008ff1
core   0: 0x8000bae4 (0x023efe63) bgeu    t4, gp, pc + 60
core   0: 3 0x8000bae4 (0x023efe63)
core   0: 0x8000bae8 (0x01ca5bb3) srl     s7, s4, t3
core   0: 3 0x8000bae8 (0x01ca5bb3) x23 0x000006ff
core   0: 0x8000baec (0x015aa933) slt     s2, s5, s5
core   0: 3 0x8000baec (0x015aa933) x18 0x00000000
core   0: 0x8000baf0 (0x02c17163) bgeu    sp, a2, pc + 34
core   0: 3 0x8000baf0 (0x02c17163)
core   0: 0x8000baf4 (0x033558b3) divu    a7, a0, s3
core   0: 3 0x8000baf4 (0x033558b3) x17 0x00000000
core   0: 0x8000baf8 (0xd44a7517) auipc   a0, 0xd44a7
core   0: 3 0x8000baf8 (0xd44a7517) x10 0x544b2af8
core   0: 0x8000bafc (0x02ec5663) bge     s8, a4, pc + 44
core   0: 3 0x8000bafc (0x02ec5663)
core   0: 0x8000bb28 (0x037fbcb3) mulhu   s9, t6, s7
core   0: 3 0x8000bb28 (0x037fbcb3) x25 0x00000000
core   0: 0x8000bb2c (0x0000041a) c.slli  s0, 6
core   0: 3 0x8000bb2c (0x041a) x8  0x00000500
core   0: 0x8000bb2e (0x004e2783) lw      a5, 4(t3)
core   0: 3 0x8000bb2e (0x004e2783) x15 0x8000a06c mem 0x80025e88
core   0: 0x8000bb32 (0x00008861) c.andi  s0, 24
core   0: 3 0x8000bb32 (0x8861) x8  0x00000000
core   0: 0x8000bb34 (0x00008f86) c.mv    t6, ra
core   0: 3 0x8000bb34 (0x8f86) x31 0x0001e000
core   0: 0x8000bb36 (0x00b28933) add     s2, t0, a1
core   0: 3 0x8000bb36 (0x00b28933) x18 0x0001e000
core   0: 0x8000bb3a (0x00000e61) c.addi  t3, 24
core   0: 3 0x8000bb3a (0x0e61) x28 0x80025e9c
core   0: 0x8000bb3c (0x008f8733) add     a4, t6, s0
core   0: 3 0x8000bb3c (0x008f8733) x14 0x0001e000
core   0: 0x8000bb40 (0x00000785) c.addi  a5, 1
core   0: 3 0x8000bb40 (0x0785) x15 0x8000a06d
core   0: 0x8000bb42 (0x000787e7) jalr    a5, a5, 0
core   0: 3 0x8000bb42 (0x000787e7) x15 0x8000bb46
core   0: 0x8000a06c (0xaeb62213) slti    tp, a2, -1301
core   0: 3 0x8000a06c (0xaeb62213) x4  0x00000001
core   0: 0x8000a070 (0x00008139) c.srli  a0, 14
core   0: 3 0x8000a070 (0x8139) x10 0x0001512c
core   0: 0x8000a072 (0x000054fd) c.li    s1, -1
core   0: 3 0x8000a072 (0x54fd) x9  0xffffffff
core   0: 0x8000a074 (0x0000c899) c.beqz  s1, pc + 22
core   0: 3 0x8000a074 (0xc899)
core   0: 0x8000a076 (0x00005cfd) c.li    s9, -1
core   0: 3 0x8000a076 (0x5cfd) x25 0xffffffff
core   0: 0x8000a078 (0x02cf6b33) rem     s6, t5, a2
core   0: 3 0x8000a078 (0x02cf6b33) x22 0x00000000
core   0: 0x8000a07c (0x00009356) c.add   t1, s5
core   0: 3 0x8000a07c (0x9356) x6  0xfffffd7e
core   0: 0x8000a07e (0x00000001) c.nop
core   0: 3 0x8000a07e (0x0001)
core   0: 0x8000a080 (0x01821813) slli    a6, tp, 24
core   0: 3 0x8000a080 (0x01821813) x16 0x01000000
core   0: 0x8000a084 (0x00006b91) c.lui   s7, 0x4
core   0: 3 0x8000a084 (0x6b91) x23 0x00004000
core   0: 0x8000a086 (0x34021773) csrrw   a4, mscratch, tp
core   0: 3 0x8000a086 (0x34021773) x14 0x7ffdf17c c832_mscratch 0x00000001
core   0: 0x8000a08a (0x02c10f63) beq     sp, a2, pc + 62
core   0: 3 0x8000a08a (0x02c10f63)
core   0: 0x8000a08e (0x00004cbd) c.li    s9, 15
core   0: 3 0x8000a08e (0x4cbd) x25 0x0000000f
core   0: 0x8000a090 (0x000085c6) c.mv    a1, a7
core   0: 3 0x8000a090 (0x85c6) x11 0x00000000
core   0: 0x8000a092 (0x01341213) slli    tp, s0, 19
core   0: 3 0x8000a092 (0x01341213) x4  0x00000000
core   0: 0x8000a096 (0x03f21d63) bne     tp, t6, pc + 58
core   0: 3 0x8000a096 (0x03f21d63)
core   0: 0x8000a0d0 (0xae566893) ori     a7, a2, -1307
core   0: 3 0x8000a0d0 (0xae566893) x17 0xffffffe7
core   0: 0x8000a0d4 (0x34066073) csrsi   mscratch, 12
core   0: 3 0x8000a0d4 (0x34066073) c832_mscratch 0x0000000d
core   0: 0x8000a0d8 (0xfa4ac493) xori    s1, s5, -92
core   0: 3 0x8000a0d8 (0xfa4ac493) x9  0x000002df
core   0: 0x8000a0dc (0x03492fb3) mulhsu  t6, s2, s4
core   0: 3 0x8000a0dc (0x03492fb3) x31 0x00000000
core   0: 0x8000a0e0 (0x0104f1b3) and     gp, s1, a6
core   0: 3 0x8000a0e0 (0x0104f1b3) x3  0x00000000
core   0: 0x8000a0e4 (0x00659313) slli    t1, a1, 6
core   0: 3 0x8000a0e4 (0x00659313) x6  0x00000000
core   0: 0x8000a0e8 (0x00008d91) c.sub   a1, a2
core   0: 3 0x8000a0e8 (0x8d91) x11 0x0001789e
core   0: 0x8000a0ea (0x34002b73) csrr    s6, mscratch
core   0: 3 0x8000a0ea (0x34002b73) x22 0x0000000d
core   0: 0x8000a0ee (0xf3be6017) auipc   zero, 0xf3be6
core   0: 3 0x8000a0ee (0xf3be6017)
core   0: 0x8000a0f2 (0x000087b5) c.srai  a5, 13
core   0: 3 0x8000a0f2 (0x87b5) x15 0xfffc0005
core   0: 0x8000a0f4 (0x031ba4b3) mulhsu  s1, s7, a7
core   0: 3 0x8000a0f4 (0x031ba4b3) x9  0x00003fff
core   0: 0x8000a0f8 (0x00008ff6) c.mv    t6, t4
core   0: 3 0x8000a0f8 (0x8ff6) x31 0x00000628
core   0: 0x8000a0fa (0x017e2fb3) slt     t6, t3, s7
core   0: 3 0x8000a0fa (0x017e2fb3) x31 0x00000001
core   0: 0x8000a0fe (0x000095a2) c.add   a1, s0
core   0: 3 0x8000a0fe (0x95a2) x11 0x0001789e
core   0: 0x8000a100 (0x02397033) remu    zero, s2, gp
core   0: 3 0x8000a100 (0x02397033)
core   0: 0x8000a104 (0x00c99eb3) sll     t4, s3, a2
core   0: 3 0x8000a104 (0x00c99eb3) x29 0xf197cd60
core   0: 0x8000a108 (0x340071f3) csrrci  gp, mscratch, 0
core   0: 3 0x8000a108 (0x340071f3) x3  0x0000000d
core   0: 0x8000a10c (0x00000e9e) c.slli  t4, 7
core   0: 3 0x8000a10c (0x0e9e) x29 0xcbe6b000
core   0: 0x8000a10e (0x34002373) csrr    t1, mscratch
core   0: 3 0x8000a10e (0x34002373) x6  0x0000000d
core   0: 0x8000a112 (0x00008f19) c.sub   a4, a4
core   0: 3 0x8000a112 (0x8f19) x14 0x00000000
core   0: 0x8000a114 (0x340b75f3) csrrci  a1, mscratch, 22
core   0: 3 0x8000a114 (0x340b75f3) x11 0x0000000d c832_mscratch 0x00000009
core   0: 0x8000a118 (0x0000c30d) c.beqz  a4, pc + 34
core   0: 3 0x8000a118 (0xc30d)
core   0: 0x8000a13a (0x000082ae) c.mv    t0, a1
core   0: 3 0x8000a13a (0x82ae) x5  0x0000000d
core   0: 0x8000a13c (0x01288633) add     a2, a7, s2
core   0: 3 0x8000a13c (0x01288633) x12 0x0001dfe7
core   0: 0x8000a140 (0x0112f663) bgeu    t0, a7, pc + 12
core   0: 3 0x8000a140 (0x0112f663)
core   0: 0x8000a144 (0x00000001) c.nop
core   0: 3 0x8000a144 (0x0001)
core   0: 0x8000a146 (0x03257863) bgeu    a0, s2, pc + 48
core   0: 3 0x8000a146 (0x03257863)
core   0: 0x8000a14a (0x00008d69) c.and   a0, a0
core   0: 3 0x8000a14a (0x8d69) x10 0x0001512c
core   0: 0x8000a14c (0x02b09233) mulh    tp, ra, a1
core   0: 3 0x8000a14c (0x02b09233) x4  0x00000000
core   0: 0x8000a150 (0x027ee363) bltu    t4, t2, pc + 38
core   0: 3 0x8000a150 (0x027ee363)
core   0: 0x8000a154 (0x0202bf33) mulhu   t5, t0, zero
core   0: 3 0x8000a154 (0x0202bf33) x30 0x00000000
core   0: 0x8000a158 (0x340d50f3) csrrwi  ra, mscratch, 26
core   0: 3 0x8000a158 (0x340d50f3) x1  0x00000009 c832_mscratch 0x0000001a
core   0: 0x8000a15c (0x03e51fb3) mulh    t6, a0, t5
core   0: 3 0x8000a15c (0x03e51fb3) x31 0x00000000
core   0: 0x8000a160 (0x0000567d) c.li    a2, -1
core   0: 3 0x8000a160 (0x567d) x12 0xffffffff
core   0: 0x8000a162 (0x0215d4b3) divu    s1, a1, ra
core   0: 3 0x8000a162 (0x0215d4b3) x9  0x00000001
core   0: 0x8000a166 (0x0000100f) fence.i
core   0: 3 0x8000a166 (0x0000100f)
core   0: 0x8000a16a (0x0000928a) c.add   t0, sp
core   0: 3 0x8000a16a (0x928a) x5  0xfc65f365
core   0: 0x8000a16c (0x00009916) c.add   s2, t0
core   0: 3 0x8000a16c (0x9916) x18 0xfc67d365
core   0: 0x8000a16e (0x005b4733) xor     a4, s6, t0
core   0: 3 0x8000a16e (0x005b4733) x14 0xfc65f368
core   0: 0x8000a172 (0x00ffd463) bge     t6, a5, pc + 8
core   0: 3 0x8000a172 (0x00ffd463)
core   0: 0x8000a17a (0x01370ab3) add     s5, a4, s3
core   0: 3 0x8000a17a (0x01370ab3) x21 0xf8cbe6c0
core   0: 0x8000a17e (0x004e2783) lw      a5, 4(t3)
core   0: 3 0x8000a17e (0x004e2783) x15 0x800041e6 mem 0x80025ea0
core   0: 0x8000a182 (0x0000100f) fence.i
core   0: 3 0x8000a182 (0x0000100f)
core   0: 0x8000a186 (0x00000e21) c.addi  t3, 8
core   0: 3 0x8000a186 (0x0e21) x28 0x80025ea4
core   0: 0x8000a188 (0x340020f3) csrr    ra, mscratch
core   0: 3 0x8000a188 (0x340020f3) x1  0x0000001a
core   0: 0x8000a18c (0xfec40b37) lui     s6, 0xfec40
core   0: 3 0x8000a18c (0xfec40b37) x22 0xfec40000
core   0: 0x8000a190 (0x01ea9d93) slli    s11, s5, 30
core   0: 3 0x8000a190 (0x01ea9d93) x27 0x00000000
core   0: 0x8000a194 (0x340bb5f3) csrrc   a1, mscratch, s7
core   0: 3 0x8000a194 (0x340bb5f3) x11 0x0000001a c832_mscratch 0x0000001a
core   0: 0x8000a198 (0x00078593) mv      a1, a5
core   0: 3 0x8000a198 (0x00078593) x11 0x800041e6
core   0: 0x8000a19c (0x00009582) c.jalr  a1
core   0: 3 0x8000a19c (0x9582) x1  0x8000a19e
core   0: 0x800041e6 (0xa3c40993) addi    s3, s0, -1476
core   0: 3 0x800041e6 (0xa3c40993) x19 0xfffffa3c
core   0: 0x800041ea (0x034aabb3) mulhsu  s7, s5, s4
core   0: 3 0x800041ea (0x034aabb3) x23 0xfffffcd9
core   0: 0x800041ee (0x000080f9) c.srli  s1, 30
core   0: 3 0x800041ee (0x80f9) x9  0x00000000
core   0: 0x800041f0 (0x00008f49) c.or    a4, a0
core   0: 3 0x800041f0 (0x8f49) x14 0xfc65f36c
core   0: 0x800041f2 (0x00008fa5) c.xor   a5, s1
core   0: 3 0x800041f2 (0x8fa5) x15 0x800041e6
core   0: 0x800041f4 (0x00000001) c.nop
core   0: 3 0x800041f4 (0x0001)
core   0: 0x800041f6 (0x40495bb3) sra     s7, s2, tp
core   0: 3 0x800041f6 (0x40495bb3) x23 0xfc67d365
core   0: 0x800041fa (0x0000864d) c.srai  a2, 19
core   0: 3 0x800041fa (0x864d) x12 0xffffffff
core   0: 0x800041fc (0x03005db3) divu    s11, zero, a6
core   0: 3 0x800041fc (0x03005db3) x27 0x00000000
core   0: 0x80004200 (0x00008c81) c.sub   s1, s0
core   0: 3 0x80004200 (0x8c81) x9  0x00000000
core   0: 0x80004202 (0x6a240193) addi    gp, s0, 1698
core   0: 3 0x80004202 (0x6a240193) x3  0x000006a2
core   0: 0x80004206 (0x010365b3) or      a1, t1, a6
core   0: 3 0x80004206 (0x010365b3) x11 0x0100000d
core   0: 0x8000420a (0x00000001) c.nop
core   0: 3 0x8000420a (0x0001)
core   0: 0x8000420c (0x340060f3) csrrsi  ra, mscratch, 0
core   0: 3 0x8000420c (0x340060f3) x1  0x0000001a
core   0: 0x80004210 (0x0349bfb3) mulhu   t6, s3, s4
core   0: 3 0x80004210 (0x0349bfb3) x31 0x00006ffe
core   0: 0x80004214 (0x0260d263) bge     ra, t1, pc + 36
core   0: 3 0x80004214 (0x0260d263)
core   0: 0x80004238 (0x03cc3633) mulhu   a2, s8, t3
core   0: 3 0x80004238 (0x03cc3633) x12 0x2f9ba1a2
core   0: 0x8000423c (0x03c2c1b3) div     gp, t0, t3
core   0: 3 0x8000423c (0x03c2c1b3) x3  0x00000000
core   0: 0x80004240 (0x0000100f) fence.i
core   0: 3 0x80004240 (0x0000100f)
core   0: 0x80004244 (0x03258d63) beq     a1, s2, pc + 58
core   0: 3 0x80004244 (0x03258d63)
core   0: 0x80004248 (0x0370b933) mulhu   s2, ra, s7
core   0: 3 0x80004248 (0x0370b933) x18 0x00000019
core   0: 0x8000424c (0x00d1ec33) or      s8, gp, a3
core   0: 3 0x8000424c (0x00d1ec33) x24 0x80029d24
core   0: 0x80004250 (0x34003af3) csrrc   s5, mscratch, zero
core   0: 3 0x80004250 (0x34003af3) x21 0x0000001a
core   0: 0x80004254 (0x019eb933) sltu    s2, t4, s9
core   0: 3 0x80004254 (0x019eb933) x18 0x00000000
core   0: 0x80004258 (0x00008e45) c.or    a2, s1
core   0: 3 0x80004258 (0x8e45) x12 0x2f9ba1a2
core   0: 0x8000425a (0x002e91b3) sll     gp, t4, sp
core   0: 3 0x8000425a (0x002e91b3) x3  0x00000000
core   0: 0x8000425e (0x00008a45) c.andi  a2, 17
core   0: 3 0x8000425e (0x8a45) x12 0x00000000
core   0: 0x80004260 (0x059c6363) bltu    s8, s9, pc + 70
core   0: 3 0x80004260 (0x059c6363)
core   0: 0x80004264 (0x0228cfb3) div     t6, a7, sp
core   0: 3 0x80004264 (0x0228cfb3) x31 0x00000000
core   0: 0x80004268 (0x00008ce9) c.and   s1, a0
core   0: 3 0x80004268 (0x8ce9) x9  0x00000000
core   0: 0x8000426a (0xf102f213) andi    tp, t0, -240
core   0: 3 0x8000426a (0xf102f213) x4  0xfc65f300
core   0: 0x8000426e (0x34087873) csrrci  a6, mscratch, 16
core   0: 3 0x8000426e (0x34087873) x16 0x0000001a c832_mscratch 0x0000000a
core   0: 0x80004272 (0x34046f73) csrrsi  t5, mscratch, 8
core   0: 3 0x80004272 (0x34046f73) x30 0x0000000a c832_mscratch 0x0000000a
core   0: 0x80004276 (0x075abf93) sltiu   t6, s5, 117
core   0: 3 0x80004276 (0x075abf93) x31 0x00000001
core   0: 0x8000427a (0x01fa7933) and     s2, s4, t6
core   0: 3 0x8000427a (0x01fa7933) x18 0x00000001
core   0: 0x8000427e (0x00008f21) c.xor   a4, s0
core   0: 3 0x8000427e (0x8f21) x14 0xfc65f36c
core   0: 0x80004280 (0x00008f61) c.and   a4, s0
core   0: 3 0x80004280 (0x8f61) x14 0x00000000
core   0: 0x80004282 (0x02b12333) mulhsu  t1, sp, a1
core   0: 3 0x80004282 (0x02b12333) x6  0xfffc65f3
core   0: 0x80004286 (0x3403da73) csrrwi  s4, mscratch, 7
core   0: 3 0x80004286 (0x3403da73) x20 0x0000000a c832_mscratch 0x00000007
core   0: 0x8000428a (0x413f5193) srai    gp, t5, 19
core   0: 3 0x8000428a (0x413f5193) x3  0x00000000
core   0: 0x8000428e (0xaf5e9637) lui     a2, 0xaf5e9
core   0: 3 0x8000428e (0xaf5e9637) x12 0xaf5e9000
core   0: 0x80004292 (0x029b0963) beq     s6, s1, pc + 50
core   0: 3 0x80004292 (0x029b0963)
core   0: 0x80004296 (0x00d81893) slli    a7, a6, 13
core   0: 3 0x80004296 (0x00d81893) x17 0x00034000
core   0: 0x8000429a (0x5ce02d13) slti    s10, zero, 1486
core   0: 3 0x8000429a (0x5ce02d13) x26 0x00000001
core   0: 0x8000429e (0x01595a33) srl     s4, s2, s5
core   0: 3 0x8000429e (0x01595a33) x20 0x00000000
core   0: 0x800042a2 (0xc1df6fb7) lui     t6, 0xc1df6
core   0: 3 0x800042a2 (0xc1df6fb7) x31 0xc1df6000
core   0: 0x800042a6 (0x00008e0d) c.sub   a2, a1
core   0: 3 0x800042a6 (0x8e0d) x12 0xae5e8ff3
core   0: 0x800042a8 (0x00008355) c.srli  a4, 21
core   0: 3 0x800042a8 (0x8355) x14 0x00000000
core   0: 0x800042aa (0x000085b1) c.srai  a1, 12
core   0: 3 0x800042aa (0x85b1) x11 0x00001000
core   0: 0x800042ac (0x41545793) srai    a5, s0, 21
core   0: 3 0x800042ac (0x41545793) x15 0x00000000
core   0: 0x800042b0 (0x575e8c93) addi    s9, t4, 1397
core   0: 3 0x800042b0 (0x575e8c93) x25 0xcbe6b575
core   0: 0x800042b4 (0x000085ed) c.srai  a1, 27
core   0: 3 0x800042b4 (0x85ed) x11 0x00000000
core   0: 0x800042b6 (0x013bd5b3) srl     a1, s7, s3
core   0: 3 0x800042b6 (0x013bd5b3) x11 0x0000000f
core   0: 0x800042ba (0x009bc263) blt     s7, s1, pc + 4
core   0: 3 0x800042ba (0x009bc263)
core   0: 0x800042be (0x00000001) c.nop
core   0: 3 0x800042be (0x0001)
core   0: 0x800042c0 (0x036bfbb3) remu    s7, s7, s6
core   0: 3 0x800042c0 (0x036bfbb3) x23 0xfc67d365
core   0: 0x800042c4 (0x34011673) csrrw   a2, mscratch, sp
core   0: 3 0x800042c4 (0x34011673) x12 0x00000007 c832_mscratch 0xfc65f358
core   0: 0x800042c8 (0x340b5df3) csrrwi  s11, mscratch, 22
core   0: 3 0x800042c8 (0x340b5df3) x27 0xfc65f358 c832_mscratch 0x00000016
core   0: 0x800042cc (0x000049d1) c.li    s3, 20
core   0: 3 0x800042cc (0x49d1) x19 0x00000014
core   0: 0x800042ce (0x0000e491) c.bnez  s1, pc + 12
core   0: 3 0x800042ce (0xe491)
core   0: 0x800042d0 (0x4142d713) srai    a4, t0, 20
core   0: 3 0x800042d0 (0x4142d713) x14 0xffffffc6
core   0: 0x800042d4 (0x00008ff5) c.and   a5, a3
core   0: 3 0x800042d4 (0x8ff5) x15 0x00000000
core   0: 0x800042d6 (0x340065f3) csrrsi  a1, mscratch, 0
core   0: 3 0x800042d6 (0x340065f3) x11 0x00000016
core   0: 0x800042da (0x03571163) bne     a4, s5, pc + 34
core   0: 3 0x800042da (0x03571163)
core   0: 0x800042fc (0x340ead73) csrrs   s10, mscratch, t4
core   0: 3 0x800042fc (0x340ead73) x26 0x00000016 c832_mscratch 0xcbe6b016
core   0: 0x80004300 (0x0ff0000f) fence   iorw,iorw
core   0: 3 0x80004300 (0x0ff0000f)
core   0: 0x80004304 (0x0000848e) c.mv    s1, gp
core   0: 3 0x80004304 (0x848e) x9  0x00000000
core   0: 0x80004306 (0x0000100f) fence.i
core   0: 3 0x80004306 (0x0000100f)
core   0: 0x8000430a (0x00008ccd) c.or    s1, a1
core   0: 3 0x8000430a (0x8ccd) x9  0x00000016
core   0: 0x8000430c (0x03d15fb3) divu    t6, sp, t4
core   0: 3 0x8000430c (0x03d15fb3) x31 0x00000001
core   0: 0x80004310 (0x0000100f) fence.i
core   0: 3 0x80004310 (0x0000100f)
core   0: 0x80004314 (0x34006af3) csrrsi  s5, mscratch, 0
core   0: 3 0x80004314 (0x34006af3) x21 0xcbe6b016
core   0: 0x80004318 (0x000301b3) add     gp, t1, zero
core   0: 3 0x80004318 (0x000301b3) x3  0xfffc65f3
core   0: 0x8000431c (0x00004ac1) c.li    s5, 16
core   0: 3 0x8000431c (0x4ac1) x21 0x00000010
core   0: 0x8000431e (0x00005f7d) c.li    t5, -1
core   0: 3 0x8000431e (0x5f7d) x30 0xffffffff
core   0: 0x80004320 (0x00008d45) c.or    a0, s1
core   0: 3 0x80004320 (0x8d45) x10 0x0001513e
core   0: 0x80004322 (0x0ff0000f) fence   iorw,iorw
core   0: 3 0x80004322 (0x0ff0000f)
core   0: 0x80004326 (0x014fccb3) xor     s9, t6, s4
core   0: 3 0x80004326 (0x014fccb3) x25 0x00000001
core   0: 0x8000432a (0x03f77a33) remu    s4, a4, t6
core   0: 3 0x8000432a (0x03f77a33) x20 0x00000000
core   0: 0x8000432e (0x01dfd4b3) srl     s1, t6, t4
core   0: 3 0x8000432e (0x01dfd4b3) x9  0x00000001
core   0: 0x80004332 (0x000099fd) c.andi  a1, -1
core   0: 3 0x80004332 (0x99fd) x11 0x00000016
core   0: 0x80004334 (0x039f4b33) div     s6, t5, s9
core   0: 3 0x80004334 (0x039f4b33) x22 0xffffffff
core   0: 0x80004338 (0x004b2433) slt     s0, s6, tp
core   0: 3 0x80004338 (0x004b2433) x8  0x00000000
core   0: 0x8000433c (0x004dab33) slt     s6, s11, tp
core   0: 3 0x8000433c (0x004dab33) x22 0x00000000
core   0: 0x80004340 (0x3402e773) csrrsi  a4, mscratch, 5
core   0: 3 0x80004340 (0x3402e773) x14 0xcbe6b016 c832_mscratch 0xcbe6b017
core   0: 0x80004344 (0x34097df3) csrrci  s11, mscratch, 18
core   0: 3 0x80004344 (0x34097df3) x27 0xcbe6b017 c832_mscratch 0xcbe6b005
core   0: 0x80004348 (0x21d07c93) andi    s9, zero, 541
core   0: 3 0x80004348 (0x21d07c93) x25 0x00000000
core   0: 0x8000434c (0x01ca0363) beq     s4, t3, pc + 6
core   0: 3 0x8000434c (0x01ca0363)
core   0: 0x80004350 (0x00008df1) c.and   a1, a2
core   0: 3 0x80004350 (0x8df1) x11 0x00000006
core   0: 0x80004352 (0x037f6663) bltu    t5, s7, pc + 44
core   0: 3 0x80004352 (0x037f6663)
core   0: 0x80004356 (0x00bcf3b3) and     t2, s9, a1
core   0: 3 0x80004356 (0x00bcf3b3) x7  0x00000000
core   0: 0x8000435a (0x3406d673) csrrwi  a2, mscratch, 13
core   0: 3 0x8000435a (0x3406d673) x12 0xcbe6b005 c832_mscratch 0x0000000d
core   0: 0x8000435e (0x0110a433) slt     s0, ra, a7
core   0: 3 0x8000435e (0x0110a433) x8  0x00000001
core   0: 0x80004362 (0x7c271397) auipc   t2, 0x7c271
core   0: 3 0x80004362 (0x7c271397) x7  0xfc275362
core   0: 0x80004366 (0x02c5e533) rem     a0, a1, a2
core   0: 3 0x80004366 (0x02c5e533) x10 0x00000006
core   0: 0x8000436a (0x00008859) c.andi  s0, 22
core   0: 3 0x8000436a (0x8859) x8  0x00000000
core   0: 0x8000436c (0x212ef397) auipc   t2, 0x212ef
core   0: 3 0x8000436c (0x212ef397) x7  0xa12f336c
core   0: 0x80004370 (0x00008d9d) c.sub   a1, a5
core   0: 3 0x80004370 (0x8d9d) x11 0x00000006
core   0: 0x80004372 (0x34006cf3) csrrsi  s9, mscratch, 0
core   0: 3 0x80004372 (0x34006cf3) x25 0x0000000d
core   0: 0x80004376 (0x3404ddf3) csrrwi  s11, mscratch, 9
core   0: 3 0x80004376 (0x3404ddf3) x27 0x0000000d c832_mscratch 0x00000009
core   0: 0x8000437a (0x00d92933) slt     s2, s2, a3
core   0: 3 0x8000437a (0x00d92933) x18 0x00000000
core   0: 0x8000437e (0x01875333) srl     t1, a4, s8
core   0: 3 0x8000437e (0x01875333) x6  0x0cbe6b01
core   0: 0x80004382 (0x000f9463) bnez    t6, pc + 8
core   0: 3 0x80004382 (0x000f9463)
core   0: 0x8000438a (0x022f1433) mulh    s0, t5, sp
core   0: 3 0x8000438a (0x022f1433) x8  0x00000000
core   0: 0x8000438e (0x035fcf63) blt     t6, s5, pc + 62
core   0: 3 0x8000438e (0x035fcf63)
core   0: 0x800043cc (0x00af3633) sltu    a2, t5, a0
core   0: 3 0x800043cc (0x00af3633) x12 0x00000000
core   0: 0x800043d0 (0x00d984b3) add     s1, s3, a3
core   0: 3 0x800043d0 (0x00d984b3) x9  0x80029d38
core   0: 0x800043d4 (0x03f1deb3) divu    t4, gp, t6
core   0: 3 0x800043d4 (0x03f1deb3) x29 0xfffc65f3
core   0: 0x800043d8 (0x0000ec01) c.bnez  s0, pc + 24
core   0: 3 0x800043d8 (0xec01)
core   0: 0x800043da (0x025e6c33) rem     s8, t3, t0
core   0: 3 0x800043da (0x025e6c33) x24 0xfe1217d5
core   0: 0x800043de (0x340060f3) csrrsi  ra, mscratch, 0
core   0: 3 0x800043de (0x340060f3) x1  0x00000009
core   0: 0x800043e2 (0xbca53093) sltiu   ra, a0, -1078
core   0: 3 0x800043e2 (0xbca53093) x1  0x00000001
core   0: 0x800043e6 (0x00008c4d) c.or    s0, a1
core   0: 3 0x800043e6 (0x8c4d) x8  0x00000006
core   0: 0x800043e8 (0x00cd7ab3) and     s5, s10, a2
core   0: 3 0x800043e8 (0x00cd7ab3) x21 0x00000000
core   0: 0x800043ec (0x0077cbb3) xor     s7, a5, t2
core   0: 3 0x800043ec (0x0077cbb3) x23 0xa12f336c
core   0: 0x800043f0 (0x3400b973) csrrc   s2, mscratch, ra
core   0: 3 0x800043f0 (0x3400b973) x18 0x00000009 c832_mscratch 0x00000008
core   0: 0x800043f4 (0x00708333) add     t1, ra, t2
core   0: 3 0x800043f4 (0x00708333) x6  0xa12f336d
core   0: 0x800043f8 (0x03d12f33) mulhsu  t5, sp, t4
core   0: 3 0x800043f8 (0x03d12f33) x30 0xfc660051
core   0: 0x800043fc (0x01d05b93) srli    s7, zero, 29
core   0: 3 0x800043fc (0x01d05b93) x23 0x00000000
core   0: 0x80004400 (0x0000100f) fence.i
core   0: 3 0x80004400 (0x0000100f)
core   0: 0x80004404 (0x00008c49) c.or    s0, a0
core   0: 3 0x80004404 (0x8c49) x8  0x00000006
core   0: 0x80004406 (0x93250797) auipc   a5, 0x93250
core   0: 3 0x80004406 (0x93250797) x15 0x13254406
core   0: 0x8000440a (0x00008c75) c.and   s0, a3
core   0: 3 0x8000440a (0x8c75) x8  0x00000004
core   0: 0x8000440c (0x00008119) c.srli  a0, 6
core   0: 3 0x8000440c (0x8119) x10 0x00000000
core   0: 0x8000440e (0x02655d63) bge     a0, t1, pc + 58
core   0: 3 0x8000440e (0x02655d63)
core   0: 0x80004448 (0x0241a033) mulhsu  zero, gp, tp
core   0: 3 0x80004448 (0x0241a033)
core   0: 0x8000444c (0x008eb8b3) sltu    a7, t4, s0
core   0: 3 0x8000444c (0x008eb8b3) x17 0x00000000
core   0: 0x80004450 (0x50bf3313) sltiu   t1, t5, 1291
core   0: 3 0x80004450 (0x50bf3313) x6  0x00000000
core   0: 0x80004454 (0x00008da5) c.xor   a1, s1
core   0: 3 0x80004454 (0x8da5) x11 0x80029d3e
core   0: 0x80004456 (0x8e1ced37) lui     s10, 0x8e1ce
core   0: 3 0x80004456 (0x8e1ced37) x26 0x8e1ce000
core   0: 0x8000445a (0x0000100f) fence.i
core   0: 3 0x8000445a (0x0000100f)
core   0: 0x8000445e (0x02776763) bltu    a4, t2, pc + 46
core   0: 3 0x8000445e (0x02776763)
core   0: 0x80004462 (0x01b3abb3) slt     s7, t2, s11
core   0: 3 0x80004462 (0x01b3abb3) x23 0x00000001
core   0: 0x80004466 (0x415c55b3) sra     a1, s8, s5
core   0: 3 0x80004466 (0x415c55b3) x11 0xfe1217d5
core   0: 0x8000446a (0x00008cfd) c.and   s1, a5
core   0: 3 0x8000446a (0x8cfd) x9  0x00000400
core   0: 0x8000446c (0x00000466) c.slli  s0, 25
core   0: 3 0x8000446c (0x0466) x8  0x08000000
core   0: 0x8000446e (0x10927c13) andi    s8, tp, 265
core   0: 3 0x8000446e (0x10927c13) x24 0x00000100
core   0: 0x80004472 (0x00abb533) sltu    a0, s7, a0
core   0: 3 0x80004472 (0x00abb533) x10 0x00000000
core   0: 0x80004476 (0x014db5b3) sltu    a1, s11, s4
core   0: 3 0x80004476 (0x014db5b3) x11 0x00000000
core   0: 0x8000447a (0x00008361) c.srli  a4, 24
core   0: 3 0x8000447a (0x8361) x14 0x000000cb
core   0: 0x8000447c (0xc193a993) slti    s3, t2, -999
core   0: 3 0x8000447c (0xc193a993) x19 0x00000001
core   0: 0x80004480 (0x0000833a) c.mv    t1, a4
core   0: 3 0x80004480 (0x833a) x6  0x000000cb
core   0: 0x80004482 (0x01a37563) bgeu    t1, s10, pc + 10
core   0: 3 0x80004482 (0x01a37563)
core   0: 0x80004486 (0x0013bab3) sltu    s5, t2, ra
core   0: 3 0x80004486 (0x0013bab3) x21 0x00000000
core   0: 0x8000448a (0x00000001) c.nop
core   0: 3 0x8000448a (0x0001)
core   0: 0x8000448c (0x0220cb33) div     s6, ra, sp
core   0: 3 0x8000448c (0x0220cb33) x22 0x00000000
core   0: 0x80004490 (0x202b6f17) auipc   t5, 0x202b6
core   0: 3 0x80004490 (0x202b6f17) x30 0xa02ba490
core   0: 0x80004494 (0x01b25963) bge     tp, s11, pc + 18
core   0: 3 0x80004494 (0x01b25963)
core   0: 0x80004498 (0x000050fd) c.li    ra, -1
core   0: 3 0x80004498 (0x50fd) x1  0xffffffff
core   0: 0x8000449a (0x0000100f) fence.i
core   0: 3 0x8000449a (0x0000100f)
core   0: 0x8000449e (0x0324b7b3) mulhu   a5, s1, s2
core   0: 3 0x8000449e (0x0324b7b3) x15 0x00000000
core   0: 0x800044a2 (0x00674233) xor     tp, a4, t1
core   0: 3 0x800044a2 (0x00674233) x4  0x00000000
core   0: 0x800044a6 (0x03645a33) divu    s4, s0, s6
core   0: 3 0x800044a6 (0x03645a33) x20 0xffffffff
core   0: 0x800044aa (0x016924b3) slt     s1, s2, s6
core   0: 3 0x800044aa (0x016924b3) x9  0x00000000
core   0: 0x800044ae (0x34081973) csrrw   s2, mscratch, a6
core   0: 3 0x800044ae (0x34081973) x18 0x00000008 c832_mscratch 0x0000001a
core   0: 0x800044b2 (0x00008c6d) c.and   s0, a1
core   0: 3 0x800044b2 (0x8c6d) x8  0x00000000
core   0: 0x800044b4 (0x3407eef3) csrrsi  t4, mscratch, 15
core   0: 3 0x800044b4 (0x3407eef3) x29 0x0000001a c832_mscratch 0x0000001f
core   0: 0x800044b8 (0x0282e233) rem     tp, t0, s0
core   0: 3 0x800044b8 (0x0282e233) x4  0xfc65f365
core   0: 0x800044bc (0x4138dc33) sra     s8, a7, s3
core   0: 3 0x800044bc (0x4138dc33) x24 0x00000000
core   0: 0x800044c0 (0x34006cf3) csrrsi  s9, mscratch, 0
core   0: 3 0x800044c0 (0x34006cf3) x25 0x0000001f
core   0: 0x800044c4 (0x41138bb3) sub     s7, t2, a7
core   0: 3 0x800044c4 (0x41138bb3) x23 0xa12f336c
core   0: 0x800044c8 (0x016cc263) blt     s9, s6, pc + 4
core   0: 3 0x800044c8 (0x016cc263)
core   0: 0x800044cc (0x0ff0000f) fence   iorw,iorw
core   0: 3 0x800044cc (0x0ff0000f)
core   0: 0x800044d0 (0x00008791) c.srai  a5, 4
core   0: 3 0x800044d0 (0x8791) x15 0x00000000
core   0: 0x800044d2 (0x00006aad) c.lui   s5, 0xb
core   0: 3 0x800044d2 (0x6aad) x21 0x0000b000
core   0: 0x800044d4 (0x4176d433) sra     s0, a3, s7
core   0: 3 0x800044d4 (0x4176d433) x8  0xfff80029
core   0: 0x800044d8 (0xe7feae93) slti    t4, t4, -385
core   0: 3 0x800044d8 (0xe7feae93) x29 0x00000000
core   0: 0x800044dc (0x01a5fc33) and     s8, a1, s10
core   0: 3 0x800044dc (0x01a5fc33) x24 0x00000000
core   0: 0x800044e0 (0x3401e5f3) csrrsi  a1, mscratch, 3
core   0: 3 0x800044e0 (0x3401e5f3) x11 0x0000001f c832_mscratch 0x0000001f
core   0: 0x800044e4 (0x01aad433) srl     s0, s5, s10
core   0: 3 0x800044e4 (0x01aad433) x8  0x0000b000
core   0: 0x800044e8 (0x40c60833) sub     a6, a2, a2
core   0: 3 0x800044e8 (0x40c60833) x16 0x00000000
core   0: 0x800044ec (0x01ead393) srli    t2, s5, 30
core   0: 3 0x800044ec (0x01ead393) x7  0x00000000
core   0: 0x800044f0 (0x00008d65) c.and   a0, s1
core   0: 3 0x800044f0 (0x8d65) x10 0x00000000
core   0: 0x800044f2 (0x41888fb3) sub     t6, a7, s8
core   0: 3 0x800044f2 (0x41888fb3) x31 0x00000000
core   0: 0x800044f6 (0x0000100f) fence.i
core   0: 3 0x800044f6 (0x0000100f)
core   0: 0x800044fa (0x00000001) c.nop
core   0: 3 0x800044fa (0x0001)
core   0: 0x800044fc (0x029273b3) remu    t2, tp, s1
core   0: 3 0x800044fc (0x029273b3) x7  0xfc65f365
core   0: 0x80004500 (0x41a809b3) sub     s3, a6, s10
core   0: 3 0x80004500 (0x41a809b3) x19 0x71e32000
core   0: 0x80004504 (0x004b04b3) add     s1, s6, tp
core   0: 3 0x80004504 (0x004b04b3) x9  0xfc65f365
core   0: 0x80004508 (0x0000ec05) c.bnez  s0, pc + 56
core   0: 3 0x80004508 (0xec05)
core   0: 0x80004540 (0x09c4f897) auipc   a7, 0x9c4f
core   0: 3 0x80004540 (0x09c4f897) x17 0x89c53540
core   0: 0x80004544 (0x03998233) mul     tp, s3, s9
core   0: 3 0x80004544 (0x03998233) x4  0xca80e000
core   0: 0x80004548 (0x03eccb33) div     s6, s9, t5
core   0: 3 0x80004548 (0x03eccb33) x22 0x00000000
core   0: 0x8000454c (0x34071bf3) csrrw   s7, mscratch, a4
core   0: 3 0x8000454c (0x34071bf3) x23 0x0000001f c832_mscratch 0x000000cb
core   0: 0x80004550 (0x0000e409) c.bnez  s0, pc + 10
core   0: 3 0x80004550 (0xe409)
core   0: 0x8000455a (0x014bdf93) srli    t6, s7, 20
core   0: 3 0x8000455a (0x014bdf93) x31 0x00000000
core   0: 0x8000455e (0xc65f7d93) andi    s11, t5, -923
core   0: 3 0x8000455e (0xc65f7d93) x27 0xa02ba400
core   0: 0x80004562 (0x01966f33) or      t5, a2, s9
core   0: 3 0x80004562 (0x01966f33) x30 0x0000001f
core   0: 0x80004566 (0x00006435) c.lui   s0, 0xd
core   0: 3 0x80004566 (0x6435) x8  0x0000d000
core   0: 0x80004568 (0x0c903793) sltiu   a5, zero, 201
core   0: 3 0x80004568 (0x0c903793) x15 0x00000001
core   0: 0x8000456c (0x02ce8c33) mul     s8, t4, a2
core   0: 3 0x8000456c (0x02ce8c33) x24 0x00000000
core   0: 0x80004570 (0xf0b82793) slti    a5, a6, -245
core   0: 3 0x80004570 (0xf0b82793) x15 0x00000000
core   0: 0x80004574 (0x00000001) c.nop
core   0: 3 0x80004574 (0x0001)
core   0: 0x80004576 (0x00008b9a) c.mv    s7, t1
core   0: 3 0x80004576 (0x8b9a) x23 0x000000cb
core   0: 0x80004578 (0x01e654b3) srl     s1, a2, t5
core   0: 3 0x80004578 (0x01e654b3) x9  0x00000000
core   0: 0x8000457c (0x01ee2c33) slt     s8, t3, t5
core   0: 3 0x8000457c (0x01ee2c33) x24 0x00000001
core   0: 0x80004580 (0x41b20ab3) sub     s5, tp, s11
core   0: 3 0x80004580 (0x41b20ab3) x21 0x2a553c00
core   0: 0x80004584 (0x018e6cb3) or      s9, t3, s8
core   0: 3 0x80004584 (0x018e6cb3) x25 0x80025ea5
core   0: 0x80004588 (0x0263fbb3) remu    s7, t2, t1
core   0: 3 0x80004588 (0x0263fbb3) x23 0x00000047
core   0: 0x8000458c (0x02b275b3) remu    a1, tp, a1
core   0: 3 0x8000458c (0x02b275b3) x11 0x0000000a
core   0: 0x80004590 (0x00a2c9b3) xor     s3, t0, a0
core   0: 3 0x80004590 (0x00a2c9b3) x19 0xfc65f365
core   0: 0x80004594 (0x00008f51) c.or    a4, a2
core   0: 3 0x80004594 (0x8f51) x14 0x000000cb
core   0: 0x80004596 (0x01807633) and     a2, zero, s8
core   0: 3 0x80004596 (0x01807633) x12 0x00000000
core   0: 0x8000459a (0x03b05433) divu    s0, zero, s11
core   0: 3 0x8000459a (0x03b05433) x8  0x00000000
core   0: 0x8000459e (0x0000c789) c.beqz  a5, pc + 10
core   0: 3 0x8000459e (0xc789)
core   0: 0x800045a8 (0x4188d533) sra     a0, a7, s8
core   0: 3 0x800045a8 (0x4188d533) x10 0xc4e29aa0
core   0: 0x800045ac (0x03a17c63) bgeu    sp, s10, pc + 56
core   0: 3 0x800045ac (0x03a17c63)
core   0: 0x800045e4 (0x000085c2) c.mv    a1, a6
core   0: 3 0x800045e4 (0x85c2) x11 0x00000000
core   0: 0x800045e6 (0x9046fb93) andi    s7, a3, -1788
core   0: 3 0x800045e6 (0x9046fb93) x23 0x80029904
core   0: 0x800045ea (0x04351263) bne     a0, gp, pc + 68
core   0: 3 0x800045ea (0x04351263)
core   0: 0x8000462e (0x03629b33) mulh    s6, t0, s6
core   0: 3 0x8000462e (0x03629b33) x22 0x00000000
core   0: 0x80004632 (0x01de9b33) sll     s6, t4, t4
core   0: 3 0x80004632 (0x01de9b33) x22 0x00000000
core   0: 0x80004636 (0x00008e15) c.sub   a2, a3
core   0: 3 0x80004636 (0x8e15) x12 0x7ffd62dc
core   0: 0x80004638 (0x00006219) c.lui   tp, 0x6
core   0: 3 0x80004638 (0x6219) x4  0x00006000
core   0: 0x8000463a (0x03d82617) auipc   a2, 0x3d82
core   0: 3 0x8000463a (0x03d82617) x12 0x83d8663a
core   0: 0x8000463e (0x025517b3) mulh    a5, a0, t0
core   0: 3 0x8000463e (0x025517b3) x15 0x00d4eac8
core   0: 0x80004642 (0x030fda33) divu    s4, t6, a6
core   0: 3 0x80004642 (0x030fda33) x20 0xffffffff
core   0: 0x80004646 (0x0000858d) c.srai  a1, 3
core   0: 3 0x80004646 (0x858d) x11 0x00000000
core   0: 0x80004648 (0x002b5313) srli    t1, s6, 2
core   0: 3 0x80004648 (0x002b5313) x6  0x00000000
core   0: 0x8000464c (0x01ecaab3) slt     s5, s9, t5
core   0: 3 0x8000464c (0x01ecaab3) x21 0x00000001
core   0: 0x80004650 (0x02f00533) mul     a0, zero, a5
core   0: 3 0x80004650 (0x02f00533) x10 0x00000000
core   0: 0x80004654 (0x0000100f) fence.i
core   0: 3 0x80004654 (0x0000100f)
core   0: 0x80004658 (0x00008fd1) c.or    a5, a2
core   0: 3 0x80004658 (0x8fd1) x15 0x83dceefa
core   0: 0x8000465a (0x014e2eb3) slt     t4, t3, s4
core   0: 3 0x8000465a (0x014e2eb3) x29 0x00000001
core   0: 0x8000465e (0x00008e65) c.and   a2, s1
core   0: 3 0x8000465e (0x8e65) x12 0x00000000
core   0: 0x80004660 (0x0000100f) fence.i
core   0: 3 0x80004660 (0x0000100f)
core   0: 0x80004664 (0x00008c7d) c.and   s0, a5
core   0: 3 0x80004664 (0x8c7d) x8  0x00000000
core   0: 0x80004666 (0x02ba89b3) mul     s3, s5, a1
core   0: 3 0x80004666 (0x02ba89b3) x19 0x00000000
core   0: 0x8000466a (0x00006251) c.lui   tp, 0x14
core   0: 3 0x8000466a (0x6251) x4  0x00014000
core   0: 0x8000466c (0x00008d55) c.or    a0, a3
core   0: 3 0x8000466c (0x8d55) x10 0x80029d24
core   0: 0x8000466e (0x6717e313) ori     t1, a5, 1649
core   0: 3 0x8000466e (0x6717e313) x6  0x83dceefb
core   0: 0x80004672 (0x00000c5d) c.addi  s8, 23
core   0: 3 0x80004672 (0x0c5d) x24 0x00000018
core   0: 0x80004674 (0x01b71593) slli    a1, a4, 27
core   0: 3 0x80004674 (0x01b71593) x11 0x58000000
core   0: 0x80004678 (0x00e558b3) srl     a7, a0, a4
core   0: 3 0x80004678 (0x00e558b3) x17 0x00100053
core   0: 0x8000467c (0x017cbfb3) sltu    t6, s9, s7
core   0: 3 0x8000467c (0x017cbfb3) x31 0x00000001
core   0: 0x80004680 (0x95980737) lui     a4, 0x95980
core   0: 3 0x80004680 (0x95980737) x14 0x95980000
core   0: 0x80004684 (0x0367b7b3) mulhu   a5, a5, s6
core   0: 3 0x80004684 (0x0367b7b3) x15 0x00000000
core   0: 0x80004688 (0x01d21463) bne     tp, t4, pc + 8
core   0: 3 0x80004688 (0x01d21463)
core   0: 0x80004690 (0x8e983793) sltiu   a5, a6, -1815
core   0: 3 0x80004690 (0x8e983793) x15 0x00000001
core   0: 0x80004694 (0x34003373) csrrc   t1, mscratch, zero
core   0: 3 0x80004694 (0x34003373) x6  0x000000cb
core   0: 0x80004698 (0x002c5733) srl     a4, s8, sp
core   0: 3 0x80004698 (0x002c5733) x14 0x00000000
core   0: 0x8000469c (0x0000e10d) c.bnez  a0, pc + 34
core   0: 3 0x8000469c (0xe10d)
core   0: 0x800046be (0x00689213) slli    tp, a7, 6
core   0: 3 0x800046be (0x00689213) x4  0x040014c0
core   0: 0x800046c2 (0x0ff0000f) fence   iorw,iorw
core   0: 3 0x800046c2 (0x0ff0000f)
core   0: 0x800046c6 (0x41d804b3) sub     s1, a6, t4
core   0: 3 0x800046c6 (0x41d804b3) x9  0xffffffff
core   0: 0x800046ca (0x02b0feb3) remu    t4, ra, a1
core   0: 3 0x800046ca (0x02b0feb3) x29 0x4fffffff
core   0: 0x800046ce (0x0000100f) fence.i
core   0: 3 0x800046ce (0x0000100f)
core   0: 0x800046d2 (0x52052a13) slti    s4, a0, 1312
core   0: 3 0x800046d2 (0x52052a13) x20 0x00000001
core   0: 0x800046d6 (0x34041ef3) csrrw   t4, mscratch, s0
core   0: 3 0x800046d6 (0x34041ef3) x29 0x000000cb c832_mscratch 0x00000000
core   0: 0x800046da (0x0ff0000f) fence   iorw,iorw
core   0: 3 0x800046da (0x0ff0000f)
core   0: 0x800046de (0x03a933b3) mulhu   t2, s2, s10
core   0: 3 0x800046de (0x03a933b3) x7  0x00000004
core   0: 0x800046e2 (0x3408d873) csrrwi  a6, mscratch, 17
core   0: 3 0x800046e2 (0x3408d873) x16 0x00000000 c832_mscratch 0x00000011
core   0: 0x800046e6 (0x02220563) beq     tp, sp, pc + 42
core   0: 3 0x800046e6 (0x02220563)
core   0: 0x800046ea (0x02170733) mul     a4, a4, ra
core   0: 3 0x800046ea (0x02170733) x14 0x00000000
core   0: 0x800046ee (0x0000829a) c.mv    t0, t1
core   0: 3 0x800046ee (0x829a) x5  0x000000cb
core   0: 0x800046f0 (0x340b97f3) csrrw   a5, mscratch, s7
core   0: 3 0x800046f0 (0x340b97f3) x15 0x00000011 c832_mscratch 0x80029904
core   0: 0x800046f4 (0x0000c385) c.beqz  a5, pc + 32
core   0: 3 0x800046f4 (0xc385)
core   0: 0x800046f6 (0x017507b3) add     a5, a0, s7
core   0: 3 0x800046f6 (0x017507b3) x15 0x00053628
core   0: 0x800046fa (0x0000418d) c.li    gp, 3
core   0: 3 0x800046fa (0x418d) x3  0x00000003
core   0: 0x800046fc (0x0000c3a1) c.beqz  a5, pc + 64
core   0: 3 0x800046fc (0xc3a1)
core   0: 0x800046fe (0x00008b6a) c.mv    s6, s10
core   0: 3 0x800046fe (0x8b6a) x22 0x8e1ce000
core   0: 0x80004700 (0x00a4d033) srl     zero, s1, a0
core   0: 3 0x80004700 (0x00a4d033)
core   0: 0x80004704 (0x00009626) c.add   a2, s1
core   0: 3 0x80004704 (0x9626) x12 0xffffffff
core   0: 0x80004706 (0x03e005b3) mul     a1, zero, t5
core   0: 3 0x80004706 (0x03e005b3) x11 0x00000000
core   0: 0x8000470a (0xc37ea213) slti    tp, t4, -969
core   0: 3 0x8000470a (0xc37ea213) x4  0x00000000
core   0: 0x8000470e (0x00008d61) c.and   a0, s0
core   0: 3 0x8000470e (0x8d61) x10 0x00000000
core   0: 0x80004710 (0x340e7773) csrrci  a4, mscratch, 28
core   0: 3 0x80004710 (0x340e7773) x14 0x80029904 c832_mscratch 0x80029900
core   0: 0x80004714 (0x02cb5633) divu    a2, s6, a2
core   0: 3 0x80004714 (0x02cb5633) x12 0x00000000
core   0: 0x80004718 (0x34002bf3) csrr    s7, mscratch
core   0: 3 0x80004718 (0x34002bf3) x23 0x80029900
core   0: 0x8000471c (0x3400dd73) csrrwi  s10, mscratch, 1
core   0: 3 0x8000471c (0x3400dd73) x26 0x80029900 c832_mscratch 0x00000001
core   0: 0x80004720 (0x0ff0000f) fence   iorw,iorw
core   0: 3 0x80004720 (0x0ff0000f)
core   0: 0x80004724 (0x0000054a) c.slli  a0, 18
core   0: 3 0x80004724 (0x054a) x10 0x00000000
core   0: 0x80004726 (0x00009a4a) c.add   s4, s2
core   0: 3 0x80004726 (0x9a4a) x20 0x00000009
core   0: 0x80004728 (0x0184d393) srli    t2, s1, 24
core   0: 3 0x80004728 (0x0184d393) x7  0x000000ff
core   0: 0x8000472c (0x340b71f3) csrrci  gp, mscratch, 22
core   0: 3 0x8000472c (0x340b71f3) x3  0x00000001 c832_mscratch 0x00000001
core   0: 0x80004730 (0x40d550b3) sra     ra, a0, a3
core   0: 3 0x80004730 (0x40d550b3) x1  0x00000000
core   0: 0x80004734 (0x0000100f) fence.i
core   0: 3 0x80004734 (0x0000100f)
core   0: 0x80004738 (0x0306e7b3) rem     a5, a3, a6
core   0: 3 0x80004738 (0x0306e7b3) x15 0x80029d24
core   0: 0x8000473c (0x016d9d63) bne     s11, s6, pc + 26
core   0: 3 0x8000473c (0x016d9d63)
core   0: 0x80004756 (0x03497f33) remu    t5, s2, s4
core   0: 3 0x80004756 (0x03497f33) x30 0x00000008
core   0: 0x8000475a (0x00006a75) c.lui   s4, 0x1d
core   0: 3 0x8000475a (0x6a75) x20 0x0001d000
core   0: 0x8000475c (0x000f83b3) add     t2, t6, zero
core   0: 3 0x8000475c (0x000f83b3) x7  0x00000001
core   0: 0x80004760 (0x0000077e) c.slli  a4, 31
core   0: 3 0x80004760 (0x077e) x14 0x00000000
core   0: 0x80004762 (0x00008139) c.srli  a0, 14
core   0: 3 0x80004762 (0x8139) x10 0x00000000
core   0: 0x80004764 (0x000084b9) c.srai  s1, 14
core   0: 3 0x80004764 (0x84b9) x9  0xffffffff
core   0: 0x80004766 (0x0000884d) c.andi  s0, 19
core   0: 3 0x80004766 (0x884d) x8  0x00000000
core   0: 0x80004768 (0x00006569) c.lui   a0, 0x1a
core   0: 3 0x80004768 (0x6569) x10 0x0001a000
core   0: 0x8000476a (0x03ab7533) remu    a0, s6, s10
core   0: 3 0x8000476a (0x03ab7533) x10 0x0e1a4700
core   0: 0x8000476e (0x00008d6d) c.and   a0, a1
core   0: 3 0x8000476e (0x8d6d) x10 0x00000000
core   0: 0x80004770 (0x0249cb33) div     s6, s3, tp
core   0: 3 0x80004770 (0x0249cb33) x22 0xffffffff
core   0: 0x80004774 (0x034a4f63) blt     s4, s4, pc + 62
core   0: 3 0x80004774 (0x034a4f63)
core   0: 0x80004778 (0x025ba933) mulhsu  s2, s7, t0
core   0: 3 0x80004778 (0x025ba933) x18 0xffffff9a
core   0: 0x8000477c (0x00009df6) c.add   s11, t4
core   0: 3 0x8000477c (0x9df6) x27 0xa02ba4cb
core   0: 0x8000477e (0x1fb0e513) ori     a0, ra, 507
core   0: 3 0x8000477e (0x1fb0e513) x10 0x000001fb
core   0: 0x80004782 (0x002925b3) slt     a1, s2, sp
core   0: 3 0x80004782 (0x002925b3) x11 0x00000000
core   0: 0x80004786 (0x4046d233) sra     tp, a3, tp
core   0: 3 0x80004786 (0x4046d233) x4  0x80029d24
core   0: 0x8000478a (0x010c0263) beq     s8, a6, pc + 4
core   0: 3 0x8000478a (0x010c0263)
core   0: 0x8000478e (0x74ef7593) andi    a1, t5, 1870
core   0: 3 0x8000478e (0x74ef7593) x11 0x00000008
core   0: 0x80004792 (0x02e64163) blt     a2, a4, pc + 34
core   0: 3 0x80004792 (0x02e64163)
core   0: 0x80004796 (0x34169fb7) lui     t6, 0x34169
core   0: 3 0x80004796 (0x34169fb7) x31 0x34169000
core   0: 0x8000479a (0x00008f05) c.sub   a4, s1
core   0: 3 0x8000479a (0x8f05) x14 0x00000001
core   0: 0x8000479c (0x0105df33) srl     t5, a1, a6
core   0: 3 0x8000479c (0x0105df33) x30 0x00000008
core   0: 0x800047a0 (0x00008d59) c.or    a0, a4
core   0: 3 0x800047a0 (0x8d59) x10 0x000001fb
core   0: 0x800047a2 (0x00008e39) c.xor   a2, a4
core   0: 3 0x800047a2 (0x8e39) x12 0x00000001
core   0: 0x800047a4 (0x00000001) c.nop
core   0: 3 0x800047a4 (0x0001)
core   0: 0x800047a6 (0x00008859) c.andi  s0, 22
core   0: 3 0x800047a6 (0x8859) x8  0x00000000
core   0: 0x800047a8 (0x0000197d) c.addi  s2, -1
core   0: 3 0x800047a8 (0x197d) x18 0xffffff99
core   0: 0x800047aa (0x40700233) sub     tp, zero, t2
core   0: 3 0x800047aa (0x40700233) x4  0xffffffff
core   0: 0x800047ae (0x235eba13) sltiu   s4, t4, 565
core   0: 3 0x800047ae (0x235eba13) x20 0x00000001
core   0: 0x800047b2 (0x00000001) c.nop
core   0: 3 0x800047b2 (0x0001)
core   0: 0x800047b4 (0x530cca93) xori    s5, s9, 1328
core   0: 3 0x800047b4 (0x530cca93) x21 0x80025b95
core   0: 0x800047b8 (0x01e95333) srl     t1, s2, t5
core   0: 3 0x800047b8 (0x01e95333) x6  0x00ffffff
core   0: 0x800047bc (0x41a75533) sra     a0, a4, s10
core   0: 3 0x800047bc (0x41a75533) x10 0x00000001
core   0: 0x800047c0 (0xc62c6013) ori     zero, s8, -926
core   0: 3 0x800047c0 (0xc62c6013)
core   0: 0x800047c4 (0x03a3f333) remu    t1, t2, s10
core   0: 3 0x800047c4 (0x03a3f333) x6  0x00000001
core   0: 0x800047c8 (0x00000e8e) c.slli  t4, 3
core   0: 3 0x800047c8 (0x0e8e) x29 0x00000658
core   0: 0x800047ca (0x892f2b13) slti    s6, t5, -1902
core   0: 3 0x800047ca (0x892f2b13) x22 0x00000000
core   0: 0x800047ce (0x340014f3) csrrw   s1, mscratch, zero
core   0: 3 0x800047ce (0x340014f3) x9  0x00000001 c832_mscratch 0x00000000
core   0: 0x800047d2 (0x340de973) csrrsi  s2, mscratch, 27
core   0: 3 0x800047d2 (0x340de973) x18 0x00000000 c832_mscratch 0x0000001b
core   0: 0x800047d6 (0xf677a713) slti    a4, a5, -153
core   0: 3 0x800047d6 (0xf677a713) x14 0x00000001
core   0: 0x800047da (0x00d75f93) srli    t6, a4, 13
core   0: 3 0x800047da (0x00d75f93) x31 0x00000000
core   0: 0x800047de (0x02a47ab3) remu    s5, s0, a0
core   0: 3 0x800047de (0x02a47ab3) x21 0x00000000
core   0: 0x800047e2 (0x00008fd1) c.or    a5, a2
core   0: 3 0x800047e2 (0x8fd1) x15 0x80029d25
core   0: 0x800047e4 (0x40815933) sra     s2, sp, s0
core   0: 3 0x800047e4 (0x40815933) x18 0xfc65f358
core   0: 0x800047e8 (0x035c7b63) bgeu    s8, s5, pc + 54
core   0: 3 0x800047e8 (0x035c7b63)
core   0: 0x8000481e (0x01fd0a33) add     s4, s10, t6
core   0: 3 0x8000481e (0x01fd0a33) x20 0x80029900
core   0: 0x80004822 (0x00008389) c.srli  a5, 2
core   0: 3 0x80004822 (0x8389) x15 0x2000a749
core   0: 0x80004824 (0x00704363) blt     zero, t2, pc + 6
core   0: 3 0x80004824 (0x00704363)
core   0: 0x8000482a (0x0000008e) c.slli  ra, 3
core   0: 3 0x8000482a (0x008e) x1  0x00000000
core   0: 0x8000482c (0x00009ac2) c.add   s5, a6
core   0: 3 0x8000482c (0x9ac2) x21 0x00000000
core   0: 0x8000482e (0x92b43513) sltiu   a0, s0, -1749
core   0: 3 0x8000482e (0x92b43513) x10 0x00000001
core   0: 0x80004832 (0x0052f663) bgeu    t0, t0, pc + 12
core   0: 3 0x80004832 (0x0052f663)
core   0: 0x8000483e (0x416d08b3) sub     a7, s10, s6
core   0: 3 0x8000483e (0x416d08b3) x17 0x80029900
core   0: 0x80004842 (0x00ba6663) bltu    s4, a1, pc + 12
core   0: 3 0x80004842 (0x00ba6663)
core   0: 0x80004846 (0x40d5d533) sra     a0, a1, a3
core   0: 3 0x80004846 (0x40d5d533) x10 0x00000000
core   0: 0x8000484a (0x34075b73) csrrwi  s6, mscratch, 14
core   0: 3 0x8000484a (0x34075b73) x22 0x0000001b c832_mscratch 0x0000000e
core   0: 0x8000484e (0x036713b3) mulh    t2, a4, s6
core   0: 3 0x8000484e (0x036713b3) x7  0x00000000
core   0: 0x80004852 (0x02575163) bge     a4, t0, pc + 34
core   0: 3 0x80004852 (0x02575163)
core   0: 0x80004856 (0x038f2c33) mulhsu  s8, t5, s8
core   0: 3 0x80004856 (0x038f2c33) x24 0x00000000
core   0: 0x8000485a (0x01d43633) sltu    a2, s0, t4
core   0: 3 0x8000485a (0x01d43633) x12 0x00000001
core   0: 0x8000485e (0x00008db1) c.xor   a1, a2
core   0: 3 0x8000485e (0x8db1) x11 0x00000009
core   0: 0x80004860 (0x02aa9533) mulh    a0, s5, a0
core   0: 3 0x80004860 (0x02aa9533) x10 0x00000000
core   0: 0x80004864 (0x340217f3) csrrw   a5, mscratch, tp
core   0: 3 0x80004864 (0x340217f3) x15 0x0000000e c832_mscratch 0xffffffff
core   0: 0x80004868 (0x4016d7b3) sra     a5, a3, ra
core   0: 3 0x80004868 (0x4016d7b3) x15 0x80029d24
core   0: 0x8000486c (0x020a8833) mul     a6, s5, zero
core   0: 3 0x8000486c (0x020a8833) x16 0x00000000
core   0: 0x80004870 (0x0000100f) fence.i
core   0: 3 0x80004870 (0x0000100f)
core   0: 0x80004874 (0x000061d9) c.lui   gp, 0x16
core   0: 3 0x80004874 (0x61d9) x3  0x00016000
core   0: 0x80004876 (0x34009073) csrw    mscratch, ra
core   0: 3 0x80004876 (0x34009073) c832_mscratch 0x00000000
core   0: 0x8000487a (0x0000979e) c.add   a5, t2
core   0: 3 0x8000487a (0x979e) x15 0x80029d24
core   0: 0x8000487c (0x340023f3) csrr    t2, mscratch
core   0: 3 0x8000487c (0x340023f3) x7  0x00000000
core   0: 0x80004880 (0x41e5d9b3) sra     s3, a1, t5
core   0: 3 0x80004880 (0x41e5d9b3) x19 0x00000000
core   0: 0x80004884 (0x0ff0000f) fence   iorw,iorw
core   0: 3 0x80004884 (0x0ff0000f)
core   0: 0x80004888 (0x000045b1) c.li    a1, 12
core   0: 3 0x80004888 (0x45b1) x11 0x0000000c
core   0: 0x8000488a (0x41df0fb3) sub     t6, t5, t4
core   0: 3 0x8000488a (0x41df0fb3) x31 0xfffff9b0
core   0: 0x8000488e (0x34006b73) csrrsi  s6, mscratch, 0
core   0: 3 0x8000488e (0x34006b73) x22 0x00000000
core   0: 0x80004892 (0x00008cf1) c.and   s1, a2
core   0: 3 0x80004892 (0x8cf1) x9  0x00000001
core   0: 0x80004894 (0x02906733) rem     a4, zero, s1
core   0: 3 0x80004894 (0x02906733) x14 0x00000000
core   0: 0x80004898 (0x000000d5) c.addi  ra, 21
core   0: 3 0x80004898 (0x00d5) x1  0x00000015
core   0: 0x8000489a (0x03675cb3) divu    s9, a4, s6
core   0: 3 0x8000489a (0x03675cb3) x25 0xffffffff
core   0: 0x8000489e (0x00c8d493) srli    s1, a7, 12
core   0: 3 0x8000489e (0x00c8d493) x9  0x00080029
core   0: 0x800048a2 (0x033962b3) rem     t0, s2, s3
core   0: 3 0x800048a2 (0x033962b3) x5  0xfc65f358
core   0: 0x800048a6 (0x01a8c663) blt     a7, s10, pc + 12
core   0: 3 0x800048a6 (0x01a8c663)
core   0: 0x800048aa (0x01f89913) slli    s2, a7, 31
core   0: 3 0x800048aa (0x01f89913) x18 0x00000000
core   0: 0x800048ae (0x02fd4233) div     tp, s10, a5
core   0: 3 0x800048ae (0x02fd4233) x4  0x00000001
core   0: 0x800048b2 (0x41815313) srai    t1, sp, 24
core   0: 3 0x800048b2 (0x41815313) x6  0xfffffffc
core   0: 0x800048b6 (0x02bcf863) bgeu    s9, a1, pc + 48
core   0: 3 0x800048b6 (0x02bcf863)
core   0: 0x800048e6 (0x00008cb5) c.xor   s1, a3
core   0: 3 0x800048e6 (0x8cb5) x9  0x800a9d0d
core   0: 0x800048e8 (0x00c81eb3) sll     t4, a6, a2
core   0: 3 0x800048e8 (0x00c81eb3) x29 0x00000000
core   0: 0x800048ec (0x02271d63) bne     a4, sp, pc + 58
core   0: 3 0x800048ec (0x02271d63)
core   0: 0x80004926 (0x00000001) c.nop
core   0: 3 0x80004926 (0x0001)
core   0: 0x80004928 (0x00008c19) c.sub   s0, a4
core   0: 3 0x80004928 (0x8c19) x8  0x00000000
core   0: 0x8000492a (0x00008fe5) c.and   a5, s1
core   0: 3 0x8000492a (0x8fe5) x15 0x80029d04
core   0: 0x8000492c (0x03530cb3) mul     s9, t1, s5
core   0: 3 0x8000492c (0x03530cb3) x25 0x00000000
core   0: 0x80004930 (0x0ff0000f) fence   iorw,iorw
core   0: 3 0x80004930 (0x0ff0000f)
core   0: 0x80004934 (0x027ac0b3) div     ra, s5, t2
core   0: 3 0x80004934 (0x027ac0b3) x1  0xffffffff
core   0: 0x80004938 (0x00ef2c33) slt     s8, t5, a4
core   0: 3 0x80004938 (0x00ef2c33) x24 0x00000000
core   0: 0x8000493c (0x0000e309) c.bnez  a4, pc + 2
core   0: 3 0x8000493c (0xe309)
core   0: 0x8000493e (0x03f6d033) divu    zero, a3, t6
core   0: 3 0x8000493e (0x03f6d033)
core   0: 0x80004942 (0x2c31f513) andi    a0, gp, 707
core   0: 3 0x80004942 (0x2c31f513) x10 0x00000000
core   0: 0x80004946 (0x005ca5b3) slt     a1, s9, t0
core   0: 3 0x80004946 (0x005ca5b3) x11 0x00000000
core   0: 0x8000494a (0x74438a13) addi    s4, t2, 1860
core   0: 3 0x8000494a (0x74438a13) x20 0x00000744
core   0: 0x8000494e (0x1bedbab7) lui     s5, 0x1bedb
core   0: 3 0x8000494e (0x1bedbab7) x21 0x1bedb000
core   0: 0x80004952 (0x03348263) beq     s1, s3, pc + 36
core   0: 3 0x80004952 (0x03348263)
core   0: 0x80004956 (0x0153df13) srli    t5, t2, 21
core   0: 3 0x80004956 (0x0153df13) x30 0x00000000
core   0: 0x8000495a (0x009a5093) srli    ra, s4, 9
core   0: 3 0x8000495a (0x009a5093) x1  0x00000003
core   0: 0x8000495e (0x00ff9763) bne     t6, a5, pc + 14
core   0: 3 0x8000495e (0x00ff9763)
core   0: 0x8000496c (0x03016fb3) rem     t6, sp, a6
core   0: 3 0x8000496c (0x03016fb3) x31 0xfc65f358
core   0: 0x80004970 (0x016d0263) beq     s10, s6, pc + 4
core   0: 3 0x80004970 (0x016d0263)
core   0: 0x80004974 (0x00008da1) c.xor   a1, s0
core   0: 3 0x80004974 (0x8da1) x11 0x00000000
core   0: 0x80004976 (0x407cd293) srai    t0, s9, 7
core   0: 3 0x80004976 (0x407cd293) x5  0x00000000
core   0: 0x8000497a (0x006fac33) slt     s8, t6, t1
core   0: 3 0x8000497a (0x006fac33) x24 0x00000001
core   0: 0x8000497e (0x02a6e933) rem     s2, a3, a0
core   0: 3 0x8000497e (0x02a6e933) x18 0x80029d24
core   0: 0x80004982 (0x0eeafab7) lui     s5, 0xeeaf
core   0: 3 0x80004982 (0x0eeafab7) x21 0x0eeaf000
core   0: 0x80004986 (0x40798433) sub     s0, s3, t2
core   0: 3 0x80004986 (0x40798433) x8  0x00000000
core   0: 0x8000498a (0x000098fd) c.andi  s1, -1
core   0: 3 0x8000498a (0x98fd) x9  0x800a9d0d
core   0: 0x8000498c (0x017f2833) slt     a6, t5, s7
core   0: 3 0x8000498c (0x017f2833) x16 0x00000000
core   0: 0x80004990 (0x34091bf3) csrrw   s7, mscratch, s2
core   0: 3 0x80004990 (0x34091bf3) x23 0x00000000 c832_mscratch 0x80029d24
core   0: 0x80004994 (0x00008c19) c.sub   s0, a4
core   0: 3 0x80004994 (0x8c19) x8  0x00000000
core   0: 0x80004996 (0x340eeff3) csrrsi  t6, mscratch, 29
core   0: 3 0x80004996 (0x340eeff3) x31 0x80029d24 c832_mscratch 0x80029d3d
core   0: 0x8000499a (0x000081bd) c.srli  a1, 15
core   0: 3 0x8000499a (0x81bd) x11 0x00000000
core   0: 0x8000499c (0x00008506) c.mv    a0, ra
core   0: 3 0x8000499c (0x8506) x10 0x00000003
core   0: 0x8000499e (0x3401ea73) csrrsi  s4, mscratch, 3
core   0: 3 0x8000499e (0x3401ea73) x20 0x80029d3d c832_mscratch 0x80029d3f
core   0: 0x800049a2 (0x41358d33) sub     s10, a1, s3
core   0: 3 0x800049a2 (0x41358d33) x26 0x00000000
core   0: 0x800049a6 (0x3409baf3) csrrc   s5, mscratch, s3
core   0: 3 0x800049a6 (0x3409baf3) x21 0x80029d3f c832_mscratch 0x80029d3f
core   0: 0x800049aa (0x00004295) c.li    t0, 5
core   0: 3 0x800049aa (0x4295) x5  0x00000005
core   0: 0x800049ac (0x8c6bf017) auipc   zero, 0x8c6bf
core   0: 3 0x800049ac (0x8c6bf017)
core   0: 0x800049b0 (0x0000100f) fence.i
core   0: 3 0x800049b0 (0x0000100f)
core   0: 0x800049b4 (0x0000e195) c.bnez  a1, pc + 36
core   0: 3 0x800049b4 (0xe195)
core   0: 0x800049b6 (0x3402f5f3) csrrci  a1, mscratch, 5
core   0: 3 0x800049b6 (0x3402f5f3) x11 0x80029d3f c832_mscratch 0x80029d3a
core   0: 0x800049ba (0x0225b333) mulhu   t1, a1, sp
core   0: 3 0x800049ba (0x0225b333) x6  0x7e358d80
core   0: 0x800049be (0x00869fb3) sll     t6, a3, s0
core   0: 3 0x800049be (0x00869fb3) x31 0x80029d24
core   0: 0x800049c2 (0x00008d39) c.xor   a0, a4
core   0: 3 0x800049c2 (0x8d39) x10 0x00000003
core   0: 0x800049c4 (0x0ff0000f) fence   iorw,iorw
core   0: 3 0x800049c4 (0x0ff0000f)
core   0: 0x800049c8 (0x00b27a63) bgeu    tp, a1, pc + 20
core   0: 3 0x800049c8 (0x00b27a63)
core   0: 0x800049cc (0x2e12a913) slti    s2, t0, 737
core   0: 3 0x800049cc (0x2e12a913) x18 0x00000001
core   0: 0x800049d0 (0x03ccaa93) slti    s5, s9, 60
core   0: 3 0x800049d0 (0x03ccaa93) x21 0x00000001
core   0: 0x800049d4 (0x0146e733) or      a4, a3, s4
core   0: 3 0x800049d4 (0x0146e733) x14 0x80029d3d
core   0: 0x800049d8 (0x05eb4063) blt     s6, t5, pc + 64
core   0: 3 0x800049d8 (0x05eb4063)
core   0: 0x800049dc (0x030069b3) rem     s3, zero, a6
core   0: 3 0x800049dc (0x030069b3) x19 0x00000000
core   0: 0x800049e0 (0x000005ce) c.slli  a1, 19
core   0: 3 0x800049e0 (0x05ce) x11 0xe9f80000
core   0: 0x800049e2 (0x023210b3) mulh    ra, tp, gp
core   0: 3 0x800049e2 (0x023210b3) x1  0x00000000
core   0: 0x800049e6 (0x02a619b3) mulh    s3, a2, a0
core   0: 3 0x800049e6 (0x02a619b3) x19 0x00000000
core   0: 0x800049ea (0x021122b3) mulhsu  t0, sp, ra
core   0: 3 0x800049ea (0x021122b3) x5  0x00000000
core   0: 0x800049ee (0x028f9463) bne     t6, s0, pc + 40
core   0: 3 0x800049ee (0x028f9463)
core   0: 0x80004a16 (0x000083b9) c.srli  a5, 14
core   0: 3 0x80004a16 (0x83b9) x15 0x0002000a
core   0: 0x80004a18 (0x03a9f163) bgeu    s3, s10, pc + 34
core   0: 3 0x80004a18 (0x03a9f163)
core   0: 0x80004a3a (0xa0deb213) sltiu   tp, t4, -1523
core   0: 3 0x80004a3a (0xa0deb213) x4  0x00000001
core   0: 0x80004a3e (0x022cc9b3) div     s3, s9, sp
core   0: 3 0x80004a3e (0x022cc9b3) x19 0x00000000
core   0: 0x80004a42 (0x01600563) beq     zero, s6, pc + 10
core   0: 3 0x80004a42 (0x01600563)
core   0: 0x80004a4c (0x005c0c63) beq     s8, t0, pc + 24
core   0: 3 0x80004a4c (0x005c0c63)
core   0: 0x80004a50 (0x00006d99) c.lui   s11, 0x6
core   0: 3 0x80004a50 (0x6d99) x27 0x00006000
core   0: 0x80004a52 (0xd3a3c493) xori    s1, t2, -710
core   0: 3 0x80004a52 (0xd3a3c493) x9  0xfffffd3a
core   0: 0x80004a56 (0x029179b3) remu    s3, sp, s1
core   0: 3 0x80004a56 (0x029179b3) x19 0xfc65f358
core   0: 0x80004a5a (0x6fac2993) slti    s3, s8, 1786
core   0: 3 0x80004a5a (0x6fac2993) x19 0x00000001
core   0: 0x80004a5e (0x0b174c17) auipc   s8, 0xb174
core   0: 3 0x80004a5e (0x0b174c17) x24 0x8b178a5e
core   0: 0x80004a62 (0x000087d5) c.srai  a5, 21
core   0: 3 0x80004a62 (0x87d5) x15 0x00000000
core   0: 0x80004a64 (0x00000d4d) c.addi  s10, 19
core   0: 3 0x80004a64 (0x0d4d) x26 0x00000013
core   0: 0x80004a66 (0x00eee7b3) or      a5, t4, a4
core   0: 3 0x80004a66 (0x00eee7b3) x15 0x80029d3d
core   0: 0x80004a6a (0x00008451) c.srai  s0, 20
core   0: 3 0x80004a6a (0x8451) x8  0x00000000
core   0: 0x80004a6c (0x00000001) c.nop
core   0: 3 0x80004a6c (0x0001)
core   0: 0x80004a6e (0x0142d463) bge     t0, s4, pc + 8
core   0: 3 0x80004a6e (0x0142d463)
core   0: 0x80004a76 (0x00008535) c.srai  a0, 13
core   0: 3 0x80004a76 (0x8535) x10 0x00000000
core   0: 0x80004a78 (0x00789e93) slli    t4, a7, 7
core   0: 3 0x80004a78 (0x00789e93) x29 0x014c8000
core   0: 0x80004a7c (0x00008c19) c.sub   s0, a4
core   0: 3 0x80004a7c (0x8c19) x8  0x7ffd62c3
core   0: 0x80004a7e (0x012f9433) sll     s0, t6, s2
core   0: 3 0x80004a7e (0x012f9433) x8  0x00053a48
core   0: 0x80004a82 (0xd0fac437) lui     s0, 0xd0fac
core   0: 3 0x80004a82 (0xd0fac437) x8  0xd0fac000
core   0: 0x80004a86 (0x00000001) c.nop
core   0: 3 0x80004a86 (0x0001)
core   0: 0x80004a88 (0x01ca6733) or      a4, s4, t3
core   0: 3 0x80004a88 (0x01ca6733) x14 0x8002dfbd
core   0: 0x80004a8c (0x4179d793) srai    a5, s3, 23
core   0: 3 0x80004a8c (0x4179d793) x15 0x00000000
core   0: 0x80004a90 (0x03880c33) mul     s8, a6, s8
core   0: 3 0x80004a90 (0x03880c33) x24 0x00000000
core   0: 0x80004a94 (0x000098fd) c.andi  s1, -1
core   0: 3 0x80004a94 (0x98fd) x9  0xfffffd3a
core   0: 0x80004a96 (0x01663a33) sltu    s4, a2, s6
core   0: 3 0x80004a96 (0x01663a33) x20 0x00000000
core   0: 0x80004a9a (0x6814d937) lui     s2, 0x6814d
core   0: 3 0x80004a9a (0x6814d937) x18 0x6814d000
core   0: 0x80004a9e (0x01528463) beq     t0, s5, pc + 8
core   0: 3 0x80004a9e (0x01528463)
core   0: 0x80004aa2 (0x02946d63) bltu    s0, s1, pc + 58
core   0: 3 0x80004aa2 (0x02946d63)
core   0: 0x80004adc (0x8447a213) slti    tp, a5, -1980
core   0: 3 0x80004adc (0x8447a213) x4  0x00000000
core   0: 0x80004ae0 (0xa0290b93) addi    s7, s2, -1534
core   0: 3 0x80004ae0 (0xa0290b93) x23 0x6814ca02
core   0: 0x80004ae4 (0x024c5d63) bge     s8, tp, pc + 58
core   0: 3 0x80004ae4 (0x024c5d63)
core   0: 0x80004b1e (0x0036d3b3) srl     t2, a3, gp
core   0: 3 0x80004b1e (0x0036d3b3) x7  0x80029d24
core   0: 0x80004b22 (0x00655633) srl     a2, a0, t1
core   0: 3 0x80004b22 (0x00655633) x12 0x00000000
core   0: 0x80004b26 (0x0ff0000f) fence   iorw,iorw
core   0: 3 0x80004b26 (0x0ff0000f)
core   0: 0x80004b2a (0x023dc463) blt     s11, gp, pc + 40
core   0: 3 0x80004b2a (0x023dc463)
core   0: 0x80004b52 (0x00000001) c.nop
core   0: 3 0x80004b52 (0x0001)
core   0: 0x80004b54 (0x0056b9b3) sltu    s3, a3, t0
core   0: 3 0x80004b54 (0x0056b9b3) x19 0x00000000
core   0: 0x80004b58 (0x53597893) andi    a7, s2, 1333
core   0: 3 0x80004b58 (0x53597893) x17 0x00000000
core   0: 0x80004b5c (0x003ec663) blt     t4, gp, pc + 12
core   0: 3 0x80004b5c (0x003ec663)
core   0: 0x80004b60 (0x40090a33) sub     s4, s2, zero
core   0: 3 0x80004b60 (0x40090a33) x20 0x6814d000
core   0: 0x80004b64 (0x40badf33) sra     t5, s5, a1
core   0: 3 0x80004b64 (0x40badf33) x30 0x00000001
core   0: 0x80004b68 (0x0177dd13) srli    s10, a5, 23
core   0: 3 0x80004b68 (0x0177dd13) x26 0x00000000
core   0: 0x80004b6c (0x010ff463) bgeu    t6, a6, pc + 8
core   0: 3 0x80004b6c (0x010ff463)
core   0: 0x80004b74 (0x0361cf33) div     t5, gp, s6
core   0: 3 0x80004b74 (0x0361cf33) x30 0xffffffff
core   0: 0x80004b78 (0x41375893) srai    a7, a4, 19
core   0: 3 0x80004b78 (0x41375893) x17 0xfffff000
core   0: 0x80004b7c (0x41030933) sub     s2, t1, a6
core   0: 3 0x80004b7c (0x41030933) x18 0x7e358d80
core   0: 0x80004b80 (0x00000775) c.addi  a4, 29
core   0: 3 0x80004b80 (0x0775) x14 0x8002dfda
core   0: 0x80004b82 (0x01f4e333) or      t1, s1, t6
core   0: 3 0x80004b82 (0x01f4e333) x6  0xfffffd3e
core   0: 0x80004b86 (0x01137633) and     a2, t1, a7
core   0: 3 0x80004b86 (0x01137633) x12 0xfffff000
core   0: 0x80004b8a (0x0000866a) c.mv    a2, s10
core   0: 3 0x80004b8a (0x866a) x12 0x00000000
core   0: 0x80004b8c (0x000058fd) c.li    a7, -1
core   0: 3 0x80004b8c (0x58fd) x17 0xffffffff
core   0: 0x80004b8e (0x340021f3) csrr    gp, mscratch
core   0: 3 0x80004b8e (0x340021f3) x3  0x80029d3a
core   0: 0x80004b92 (0x00de81b3) add     gp, t4, a3
core   0: 3 0x80004b92 (0x00de81b3) x3  0x814f1d24
core   0: 0x80004b96 (0x00008f2d) c.xor   a4, a1
core   0: 3 0x80004b96 (0x8f2d) x14 0x69fadfda
core   0: 0x80004b98 (0x0000100f) fence.i
core   0: 3 0x80004b98 (0x0000100f)
core   0: 0x80004b9c (0x028b0e63) beq     s6, s0, pc + 60
core   0: 3 0x80004b9c (0x028b0e63)
core   0: 0x80004ba0 (0x00008d81) c.sub   a1, s0
core   0: 3 0x80004ba0 (0x8d81) x11 0x18fd4000
core   0: 0x80004ba2 (0x02590f63) beq     s2, t0, pc + 62
core   0: 3 0x80004ba2 (0x02590f63)
core   0: 0x80004ba6 (0x4a7a6393) ori     t2, s4, 1191
core   0: 3 0x80004ba6 (0x4a7a6393) x7  0x6814d4a7
core   0: 0x80004baa (0x039e1eb3) mulh    t4, t3, s9
core   0: 3 0x80004baa (0x039e1eb3) x29 0x00000000
core   0: 0x80004bae (0x40ecd033) sra     zero, s9, a4
core   0: 3 0x80004bae (0x40ecd033)
core   0: 0x80004bb2 (0x00009ff6) c.add   t6, t4
core   0: 3 0x80004bb2 (0x9ff6) x31 0x80029d24
core   0: 0x80004bb4 (0x0208c533) div     a0, a7, zero
core   0: 3 0x80004bb4 (0x0208c533) x10 0xffffffff
core   0: 0x80004bb8 (0x430ac417) auipc   s0, 0x430ac
core   0: 3 0x80004bb8 (0x430ac417) x8  0xc30b0bb8
core   0: 0x80004bbc (0x02c58db3) mul     s11, a1, a2
core   0: 3 0x80004bbc (0x02c58db3) x27 0x00000000
core   0: 0x80004bc0 (0x00182033) slt     zero, a6, ra
core   0: 3 0x80004bc0 (0x00182033)
core   0: 0x80004bc4 (0x40d153b3) sra     t2, sp, a3
core   0: 3 0x80004bc4 (0x40d153b3) x7  0xffc65f35
core   0: 0x80004bc8 (0x010ebd33) sltu    s10, t4, a6
core   0: 3 0x80004bc8 (0x010ebd33) x26 0x00000000
core   0: 0x80004bcc (0x02cd92b3) mulh    t0, s11, a2
core   0: 3 0x80004bcc (0x02cd92b3) x5  0x00000000
core   0: 0x80004bd0 (0x00cf5b63) bge     t5, a2, pc + 22
core   0: 3 0x80004bd0 (0x00cf5b63)
core   0: 0x80004bd4 (0x0368e633) rem     a2, a7, s6
core   0: 3 0x80004bd4 (0x0368e633) x12 0xffffffff
core   0: 0x80004bd8 (0x02147563) bgeu    s0, ra, pc + 42
core   0: 3 0x80004bd8 (0x02147563)
core   0: 0x80004c02 (0x029dfa63) bgeu    s11, s1, pc + 52
core   0: 3 0x80004c02 (0x029dfa63)
core   0: 0x80004c06 (0x00008c19) c.sub   s0, a4
core   0: 3 0x80004c06 (0x8c19) x8  0x59102bde
core   0: 0x80004c08 (0x03202eb3) mulhsu  t4, zero, s2
core   0: 3 0x80004c08 (0x03202eb3) x29 0x00000000
core   0: 0x80004c0c (0x00000fc9) c.addi  t6, 18
core   0: 3 0x80004c0c (0x0fc9) x31 0x80029d36
core   0: 0x80004c0e (0x01235893) srli    a7, t1, 18
core   0: 3 0x80004c0e (0x01235893) x17 0x00003fff
core   0: 0x80004c12 (0x02b527b3) mulhsu  a5, a0, a1
core   0: 3 0x80004c12 (0x02b527b3) x15 0xffffffff
core   0: 0x80004c16 (0x02bfe533) rem     a0, t6, a1
core   0: 3 0x80004c16 (0x02bfe533) x10 0xfcf4dd36
core   0: 0x80004c1a (0x0274fe63) bgeu    s1, t2, pc + 60
core   0: 3 0x80004c1a (0x0274fe63)
core   0: 0x80004c56 (0x00008e35) c.xor   a2, a3
core   0: 3 0x80004c56 (0x8e35) x12 0x7ffd62db
core   0: 0x80004c58 (0x02081bb3) mulh    s7, a6, zero
core   0: 3 0x80004c58 (0x02081bb3) x23 0x00000000
core   0: 0x80004c5c (0x033a4163) blt     s4, s3, pc + 34
core   0: 3 0x80004c5c (0x033a4163)
core   0: 0x80004c60 (0x000081c1) c.srli  a1, 16
core   0: 3 0x80004c60 (0x81c1) x11 0x000018fd
core   0: 0x80004c62 (0x03fc9bb3) mulh    s7, s9, t6
core   0: 3 0x80004c62 (0x03fc9bb3) x23 0x00000000
core   0: 0x80004c66 (0x195e2493) slti    s1, t3, 405
core   0: 3 0x80004c66 (0x195e2493) x9  0x00000001
core   0: 0x80004c6a (0x0266c3b3) div     t2, a3, t1
core   0: 3 0x80004c6a (0x0266c3b3) x7  0x002e68ee
core   0: 0x80004c6e (0x000ce663) bltu    s9, zero, pc + 12
core   0: 3 0x80004c6e (0x000ce663)
core   0: 0x80004c72 (0x035a9d33) mulh    s10, s5, s5
core   0: 3 0x80004c72 (0x035a9d33) x26 0x00000000
core   0: 0x80004c76 (0x01f94463) blt     s2, t6, pc + 8
core   0: 3 0x80004c76 (0x01f94463)
core   0: 0x80004c7a (0x340d9f73) csrrw   t5, mscratch, s11
core   0: 3 0x80004c7a (0x340d9f73) x30 0x80029d3a c832_mscratch 0x00000000
core   0: 0x80004c7e (0x02aaa433) mulhsu  s0, s5, a0
core   0: 3 0x80004c7e (0x02aaa433) x8  0x00000000
core   0: 0x80004c82 (0x01fbca93) xori    s5, s7, 31
core   0: 3 0x80004c82 (0x01fbca93) x21 0x0000001f
core   0: 0x80004c86 (0xba5f2813) slti    a6, t5, -1115
core   0: 3 0x80004c86 (0xba5f2813) x16 0x00000001
core   0: 0x80004c8a (0x0000e11d) c.bnez  a0, pc + 38
core   0: 3 0x80004c8a (0xe11d)
core   0: 0x80004cb0 (0x40390bb3) sub     s7, s2, gp
core   0: 3 0x80004cb0 (0x40390bb3) x23 0xfce6705c
core   0: 0x80004cb4 (0x0000100f) fence.i
core   0: 3 0x80004cb4 (0x0000100f)
core   0: 0x80004cb8 (0x0ff0000f) fence   iorw,iorw
core   0: 3 0x80004cb8 (0x0ff0000f)
core   0: 0x80004cbc (0xd34f4193) xori    gp, t5, -716
core   0: 3 0x80004cbc (0xd34f4193) x3  0x7ffd600e
core   0: 0x80004cc0 (0x0000100f) fence.i
core   0: 3 0x80004cc0 (0x0000100f)
core   0: 0x80004cc4 (0x00006339) c.lui   t1, 0xe
core   0: 3 0x80004cc4 (0x6339) x6  0x0000e000
core   0: 0x80004cc6 (0x02861d33) mulh    s10, a2, s0
core   0: 3 0x80004cc6 (0x02861d33) x26 0x00000000
core   0: 0x80004cca (0x02bf6463) bltu    t5, a1, pc + 40
core   0: 3 0x80004cca (0x02bf6463)
core   0: 0x80004cce (0x0ff0000f) fence   iorw,iorw
core   0: 3 0x80004cce (0x0ff0000f)
core   0: 0x80004cd2 (0x34006ef3) csrrsi  t4, mscratch, 0
core   0: 3 0x80004cd2 (0x34006ef3) x29 0x00000000
core   0: 0x80004cd6 (0x0337c363) blt     a5, s3, pc + 38
core   0: 3 0x80004cd6 (0x0337c363)
core   0: 0x80004cfc (0x00008dcd) c.or    a1, a1
core   0: 3 0x80004cfc (0x8dcd) x11 0x000018fd
core   0: 0x80004cfe (0x00009f72) c.add   t5, t3
core   0: 3 0x80004cfe (0x9f72) x30 0x0004fbde
core   0: 0x80004d00 (0x004654b3) srl     s1, a2, tp
core   0: 3 0x80004d00 (0x004654b3) x9  0x7ffd62db
core   0: 0x80004d04 (0x01b290b3) sll     ra, t0, s11
core   0: 3 0x80004d04 (0x01b290b3) x1  0x00000000
core   0: 0x80004d08 (0x0357f4b3) remu    s1, a5, s5
core   0: 3 0x80004d08 (0x0357f4b3) x9  0x00000003
core   0: 0x80004d0c (0x006f2233) slt     tp, t5, t1
core   0: 3 0x80004d0c (0x006f2233) x4  0x00000000
core   0: 0x80004d10 (0x014cf463) bgeu    s9, s4, pc + 8
core   0: 3 0x80004d10 (0x014cf463)
core   0: 0x80004d14 (0x340d1cf3) csrrw   s9, mscratch, s10
core   0: 3 0x80004d14 (0x340d1cf3) x25 0x00000000 c832_mscratch 0x00000000
core   0: 0x80004d18 (0x05774063) blt     a4, s7, pc + 64
core   0: 3 0x80004d18 (0x05774063)
core   0: 0x80004d1c (0x02b3c033) div     zero, t2, a1
core   0: 3 0x80004d1c (0x02b3c033)
core   0: 0x80004d20 (0x0253ea63) bltu    t2, t0, pc + 52
core   0: 3 0x80004d20 (0x0253ea63)
core   0: 0x80004d24 (0xe4156893) ori     a7, a0, -447
core   0: 3 0x80004d24 (0xe4156893) x17 0xffffff77
core   0: 0x80004d28 (0x0000ec15) c.bnez  s0, pc + 60
core   0: 3 0x80004d28 (0xec15)
core   0: 0x80004d2a (0x41d90f33) sub     t5, s2, t4
core   0: 3 0x80004d2a (0x41d90f33) x30 0x7e358d80
core   0: 0x80004d2e (0x000003fa) c.slli  t2, 30
core   0: 3 0x80004d2e (0x03fa) x7  0x80000000
core   0: 0x80004d30 (0x02cf4263) blt     t5, a2, pc + 36
core   0: 3 0x80004d30 (0x02cf4263)
core   0: 0x80004d54 (0x340019f3) csrrw   s3, mscratch, zero
core   0: 3 0x80004d54 (0x340019f3) x19 0x00000000 c832_mscratch 0x00000000
core   0: 0x80004d58 (0x00008ce9) c.and   s1, a0
core   0: 3 0x80004d58 (0x8ce9) x9  0x00000002
core   0: 0x80004d5a (0x00008dc5) c.or    a1, s1
core   0: 3 0x80004d5a (0x8dc5) x11 0x000018ff
core   0: 0x80004d5c (0x34002cf3) csrr    s9, mscratch
core   0: 3 0x80004d5c (0x34002cf3) x25 0x00000000
core   0: 0x80004d60 (0x0179de93) srli    t4, s3, 23
core   0: 3 0x80004d60 (0x0179de93) x29 0x00000000
core   0: 0x80004d64 (0x00000001) c.nop
core   0: 3 0x80004d64 (0x0001)
core   0: 0x80004d66 (0x00839263) bne     t2, s0, pc + 4
core   0: 3 0x80004d66 (0x00839263)
core   0: 0x80004d6a (0xbac8a413) slti    s0, a7, -1108
core   0: 3 0x80004d6a (0xbac8a413) x8  0x00000000
core   0: 0x80004d6e (0xa63ea593) slti    a1, t4, -1437
core   0: 3 0x80004d6e (0xa63ea593) x11 0x00000000
core   0: 0x80004d72 (0x21450013) addi    zero, a0, 532
core   0: 3 0x80004d72 (0x21450013)
core   0: 0x80004d76 (0x00029eb3) sll     t4, t0, zero
core   0: 3 0x80004d76 (0x00029eb3) x29 0x00000000
core   0: 0x80004d7a (0x03a45263) bge     s0, s10, pc + 36
core   0: 3 0x80004d7a (0x03a45263)
core   0: 0x80004d9e (0x1edf2993) slti    s3, t5, 493
core   0: 3 0x80004d9e (0x1edf2993) x19 0x00000000
core   0: 0x80004da2 (0x00000d3d) c.addi  s10, 15
core   0: 3 0x80004da2 (0x0d3d) x26 0x0000000f
core   0: 0x80004da4 (0x02c4f333) remu    t1, s1, a2
core   0: 3 0x80004da4 (0x02c4f333) x6  0x00000002
core   0: 0x80004da8 (0x00008d39) c.xor   a0, a4
core   0: 3 0x80004da8 (0x8d39) x10 0x950e02ec
core   0: 0x80004daa (0x01689613) slli    a2, a7, 22
core   0: 3 0x80004daa (0x01689613) x12 0xddc00000
core   0: 0x80004dae (0x34086773) csrrsi  a4, mscratch, 16
core   0: 3 0x80004dae (0x34086773) x14 0x00000000 c832_mscratch 0x00000010
core   0: 0x80004db2 (0xc54d3b93) sltiu   s7, s10, -940
core   0: 3 0x80004db2 (0xc54d3b93) x23 0x00000001
core   0: 0x80004db6 (0x0049bb33) sltu    s6, s3, tp
core   0: 3 0x80004db6 (0x0049bb33) x22 0x00000000
core   0: 0x80004dba (0x0000962a) c.add   a2, a0
core   0: 3 0x80004dba (0x962a) x12 0x72ce02ec
core   0: 0x80004dbc (0x000089d6) c.mv    s3, s5
core   0: 3 0x80004dbc (0x89d6) x19 0x0000001f
core   0: 0x80004dbe (0x02e81833) mulh    a6, a6, a4
core   0: 3 0x80004dbe (0x02e81833) x16 0x00000000
core   0: 0x80004dc2 (0x488c0b13) addi    s6, s8, 1160
core   0: 3 0x80004dc2 (0x488c0b13) x22 0x00000488
core   0: 0x80004dc6 (0x012c7ab3) and     s5, s8, s2
core   0: 3 0x80004dc6 (0x012c7ab3) x21 0x00000000
core   0: 0x80004dca (0x01507563) bgeu    zero, s5, pc + 10
core   0: 3 0x80004dca (0x01507563)
core   0: 0x80004dd4 (0x00008e3d) c.xor   a2, a5
core   0: 3 0x80004dd4 (0x8e3d) x12 0x8d31fd13
core   0: 0x80004dd6 (0x40485833) sra     a6, a6, tp
core   0: 3 0x80004dd6 (0x40485833) x16 0x00000000
core   0: 0x80004dda (0x0000c519) c.beqz  a0, pc + 14
core   0: 3 0x80004dda (0xc519)
core   0: 0x80004ddc (0x021f5833) divu    a6, t5, ra
core   0: 3 0x80004ddc (0x021f5833) x16 0xffffffff
core   0: 0x80004de0 (0x40b65433) sra     s0, a2, a1
core   0: 3 0x80004de0 (0x40b65433) x8  0x8d31fd13
core   0: 0x80004de4 (0x3f11ac93) slti    s9, gp, 1009
core   0: 3 0x80004de4 (0x3f11ac93) x25 0x00000000
core   0: 0x80004de8 (0x021c8d63) beq     s9, ra, pc + 58
core   0: 3 0x80004de8 (0x021c8d63)
core   0: 0x80004e22 (0x0ff0000f) fence   iorw,iorw
core   0: 3 0x80004e22 (0x0ff0000f)
core   0: 0x80004e26 (0x00008f4d) c.or    a4, a1
core   0: 3 0x80004e26 (0x8f4d) x14 0x00000000
core   0: 0x80004e28 (0x00230a33) add     s4, t1, sp
core   0: 3 0x80004e28 (0x00230a33) x20 0xfc65f35a
core   0: 0x80004e2c (0x340554f3) csrrwi  s1, mscratch, 10
core   0: 3 0x80004e2c (0x340554f3) x9  0x00000010 c832_mscratch 0x0000000a
core   0: 0x80004e30 (0x00000001) c.nop
core   0: 3 0x80004e30 (0x0001)
core   0: 0x80004e32 (0x00fc51b3) srl     gp, s8, a5
core   0: 3 0x80004e32 (0x00fc51b3) x3  0x00000000
core   0: 0x80004e36 (0x00008d81) c.sub   a1, s0
core   0: 3 0x80004e36 (0x8d81) x11 0x72ce02ed
core   0: 0x80004e38 (0x01fc5793) srli    a5, s8, 31
core   0: 3 0x80004e38 (0x01fc5793) x15 0x00000000
core   0: 0x80004e3c (0x03a6f9b3) remu    s3, a3, s10
core   0: 3 0x80004e3c (0x03a6f9b3) x19 0x00000008
core   0: 0x80004e40 (0x00000641) c.addi  a2, 16
core   0: 3 0x80004e40 (0x0641) x12 0x8d31fd23
core   0: 0x80004e42 (0x006d3db3) sltu    s11, s10, t1
core   0: 3 0x80004e42 (0x006d3db3) x27 0x00000000
core   0: 0x80004e46 (0x018f9e63) bne     t6, s8, pc + 28
core   0: 3 0x80004e46 (0x018f9e63)
core   0: 0x80004e62 (0x017d19b3) sll     s3, s10, s7
core   0: 3 0x80004e62 (0x017d19b3) x19 0x0000001e
core   0: 0x80004e66 (0x7e9a2b93) slti    s7, s4, 2025
core   0: 3 0x80004e66 (0x7e9a2b93) x23 0x00000001
core   0: 0x80004e6a (0x000043c1) c.li    t2, 16
core   0: 3 0x80004e6a (0x43c1) x7  0x00000010
core   0: 0x80004e6c (0x00008041) c.srli  s0, 16
core   0: 3 0x80004e6c (0x8041) x8  0x00008d31
core   0: 0x80004e6e (0x000085c9) c.srai  a1, 18
core   0: 3 0x80004e6e (0x85c9) x11 0x00001cb3
core   0: 0x80004e70 (0x00261d93) slli    s11, a2, 2
core   0: 3 0x80004e70 (0x00261d93) x27 0x34c7f48c
core   0: 0x80004e74 (0x00008de5) c.and   a1, s1
core   0: 3 0x80004e74 (0x8de5) x11 0x00000010
core   0: 0x80004e76 (0x0ff0000f) fence   iorw,iorw
core   0: 3 0x80004e76 (0x0ff0000f)
core   0: 0x80004e7a (0x00008e35) c.xor   a2, a3
core   0: 3 0x80004e7a (0x8e35) x12 0x0d336007
core   0: 0x80004e7c (0x03e6fab3) remu    s5, a3, t5
core   0: 3 0x80004e7c (0x03e6fab3) x21 0x01cd0fa4
core   0: 0x80004e80 (0xd0358613) addi    a2, a1, -765
core   0: 3 0x80004e80 (0xd0358613) x12 0xfffffd13
core   0: 0x80004e84 (0x340d5df3) csrrwi  s11, mscratch, 26
core   0: 3 0x80004e84 (0x340d5df3) x27 0x0000000a c832_mscratch 0x0000001a
core   0: 0x80004e88 (0x03a9f8b3) remu    a7, s3, s10
core   0: 3 0x80004e88 (0x03a9f8b3) x17 0x00000000
core   0: 0x80004e8c (0x0000c781) c.beqz  a5, pc + 8
core   0: 3 0x80004e8c (0xc781)
core   0: 0x80004e94 (0x022d7d63) bgeu    s10, sp, pc + 58
core   0: 3 0x80004e94 (0x022d7d63)
core   0: 0x80004e98 (0x038de333) rem     t1, s11, s8
core   0: 3 0x80004e98 (0x038de333) x6  0x0000000a
core   0: 0x80004e9c (0x00000001) c.nop
core   0: 3 0x80004e9c (0x0001)
core   0: 0x80004e9e (0x34065273) csrrwi  tp, mscratch, 12
core   0: 3 0x80004e9e (0x34065273) x4  0x0000001a c832_mscratch 0x0000000c
core   0: 0x80004ea2 (0x4199d4b3) sra     s1, s3, s9
core   0: 3 0x80004ea2 (0x4199d4b3) x9  0x0000001e
core   0: 0x80004ea6 (0x0177f033) and     zero, a5, s7
core   0: 3 0x80004ea6 (0x0177f033)
core   0: 0x80004eaa (0x0089aeb3) slt     t4, s3, s0
core   0: 3 0x80004eaa (0x0089aeb3) x29 0x00000001
core   0: 0x80004eae (0x20534613) xori    a2, t1, 517
core   0: 3 0x80004eae (0x20534613) x12 0x0000020f
core   0: 0x80004eb2 (0x0144e363) bltu    s1, s4, pc + 6
core   0: 3 0x80004eb2 (0x0144e363)
core   0: 0x80004eb8 (0x0ff0000f) fence   iorw,iorw
core   0: 3 0x80004eb8 (0x0ff0000f)
core   0: 0x80004ebc (0x01b01d33) sll     s10, zero, s11
core   0: 3 0x80004ebc (0x01b01d33) x26 0x00000000
core   0: 0x80004ec0 (0x005308b3) add     a7, t1, t0
core   0: 3 0x80004ec0 (0x005308b3) x17 0x0000000a
core   0: 0x80004ec4 (0x00008e05) c.sub   a2, s1
core   0: 3 0x80004ec4 (0x8e05) x12 0x000001f1
core   0: 0x80004ec6 (0x02b60c63) beq     a2, a1, pc + 56
core   0: 3 0x80004ec6 (0x02b60c63)
core   0: 0x80004eca (0x340d1473) csrrw   s0, mscratch, s10
core   0: 3 0x80004eca (0x340d1473) x8  0x0000000c c832_mscratch 0x00000000
core   0: 0x80004ece (0x0371a433) mulhsu  s0, gp, s7
core   0: 3 0x80004ece (0x0371a433) x8  0x00000000
core   0: 0x80004ed2 (0x02ed34b3) mulhu   s1, s10, a4
core   0: 3 0x80004ed2 (0x02ed34b3) x9  0x00000000
core   0: 0x80004ed6 (0x021f0363) beq     t5, ra, pc + 38
core   0: 3 0x80004ed6 (0x021f0363)
core   0: 0x80004eda (0x0233e8b3) rem     a7, t2, gp
core   0: 3 0x80004eda (0x0233e8b3) x17 0x00000010
core   0: 0x80004ede (0x00008e79) c.and   a2, a4
core   0: 3 0x80004ede (0x8e79) x12 0x00000000
core   0: 0x80004ee0 (0x02364563) blt     a2, gp, pc + 42
core   0: 3 0x80004ee0 (0x02364563)
core   0: 0x80004ee4 (0x00008c85) c.sub   s1, s1
core   0: 3 0x80004ee4 (0x8c85) x9  0x00000000
core   0: 0x80004ee6 (0x340071f3) csrrci  gp, mscratch, 0
core   0: 3 0x80004ee6 (0x340071f3) x3  0x00000000
core   0: 0x80004eea (0x03386333) rem     t1, a6, s3
core   0: 3 0x80004eea (0x03386333) x6  0xffffffff
core   0: 0x80004eee (0x027b3cb3) mulhu   s9, s6, t2
core   0: 3 0x80004eee (0x027b3cb3) x25 0x00000000
core   0: 0x80004ef2 (0x03b99b33) mulh    s6, s3, s11
core   0: 3 0x80004ef2 (0x03b99b33) x22 0x00000000
core   0: 0x80004ef6 (0x00000001) c.nop
core   0: 3 0x80004ef6 (0x0001)
core   0: 0x80004ef8 (0x34002573) csrr    a0, mscratch
core   0: 3 0x80004ef8 (0x34002573) x10 0x00000000
core   0: 0x80004efc (0x00008055) c.srli  s0, 21
core   0: 3 0x80004efc (0x8055) x8  0x00000000
core   0: 0x80004efe (0x340c1073) csrw    mscratch, s8
core   0: 3 0x80004efe (0x340c1073) c832_mscratch 0x00000000
core   0: 0x80004f02 (0x41ae0633) sub     a2, t3, s10
core   0: 3 0x80004f02 (0x41ae0633) x12 0x80025ea4
core   0: 0x80004f06 (0x340ee0f3) csrrsi  ra, mscratch, 29
core   0: 3 0x80004f06 (0x340ee0f3) x1  0x00000000 c832_mscratch 0x0000001d
core   0: 0x80004f0a (0x6936c1b7) lui     gp, 0x6936c
core   0: 3 0x80004f0a (0x6936c1b7) x3  0x6936c000
core   0: 0x80004f0e (0x00ffe233) or      tp, t6, a5
core   0: 3 0x80004f0e (0x00ffe233) x4  0x80029d36
core   0: 0x80004f12 (0x02d45433) divu    s0, s0, a3
core   0: 3 0x80004f12 (0x02d45433) x8  0x00000000
core   0: 0x80004f16 (0x00008e39) c.xor   a2, a4
core   0: 3 0x80004f16 (0x8e39) x12 0x80025ea4
core   0: 0x80004f18 (0x00008bdd) c.andi  a5, 23
core   0: 3 0x80004f18 (0x8bdd) x15 0x00000000
core   0: 0x80004f1a (0x0000997d) c.andi  a0, -1
core   0: 3 0x80004f1a (0x997d) x10 0x00000000
core   0: 0x80004f1c (0x00008225) c.srli  a2, 9
core   0: 3 0x80004f1c (0x8225) x12 0x0040012f
core   0: 0x80004f1e (0xef80a713) slti    a4, ra, -264
core   0: 3 0x80004f1e (0xef80a713) x14 0x00000000
core   0: 0x80004f22 (0x0000021e) c.slli  tp, 7
core   0: 3 0x80004f22 (0x021e) x4  0x014e9b00
core   0: 0x80004f24 (0x340a55f3) csrrwi  a1, mscratch, 20
core   0: 3 0x80004f24 (0x340a55f3) x11 0x0000001d c832_mscratch 0x00000014
core   0: 0x80004f28 (0x00004615) c.li    a2, 5
core   0: 3 0x80004f28 (0x4615) x12 0x00000005
core   0: 0x80004f2a (0x00fcf233) and     tp, s9, a5
core   0: 3 0x80004f2a (0x00fcf233) x4  0x00000000
core   0: 0x80004f2e (0x41aed813) srai    a6, t4, 26
core   0: 3 0x80004f2e (0x41aed813) x16 0x00000000
core   0: 0x80004f32 (0x02fa2933) mulhsu  s2, s4, a5
core   0: 3 0x80004f32 (0x02fa2933) x18 0x00000000
core   0: 0x80004f36 (0x007adf13) srli    t5, s5, 7
core   0: 3 0x80004f36 (0x007adf13) x30 0x00039a1f
core   0: 0x80004f3a (0x014f5493) srli    s1, t5, 20
core   0: 3 0x80004f3a (0x014f5493) x9  0x00000000
core   0: 0x80004f3e (0x03774163) blt     a4, s7, pc + 34
core   0: 3 0x80004f3e (0x03774163)
core   0: 0x80004f60 (0x34002ef3) csrr    t4, mscratch
core   0: 3 0x80004f60 (0x34002ef3) x29 0x00000014
core   0: 0x80004f64 (0x020ba1b3) mulhsu  gp, s7, zero
core   0: 3 0x80004f64 (0x020ba1b3) x3  0x00000000
core   0: 0x80004f68 (0x01845d63) bge     s0, s8, pc + 26
core   0: 3 0x80004f68 (0x01845d63)
core   0: 0x80004f82 (0x038d1333) mulh    t1, s10, s8
core   0: 3 0x80004f82 (0x038d1333) x6  0x00000000
core   0: 0x80004f86 (0x00000c29) c.addi  s8, 10
core   0: 3 0x80004f86 (0x0c29) x24 0x0000000a
core   0: 0x80004f88 (0x01b62bb3) slt     s7, a2, s11
core   0: 3 0x80004f88 (0x01b62bb3) x23 0x00000001
core   0: 0x80004f8c (0xea5ebd97) auipc   s11, 0xea5eb
core   0: 3 0x80004f8c (0xea5ebd97) x27 0x6a5eff8c
core   0: 0x80004f90 (0x003cd563) bge     s9, gp, pc + 10
core   0: 3 0x80004f90 (0x003cd563)
core   0: 0x80004f9a (0x00008e55) c.or    a2, a3
core   0: 3 0x80004f9a (0x8e55) x12 0x80029d25
core   0: 0x80004f9c (0x0ff0000f) fence   iorw,iorw
core   0: 3 0x80004f9c (0x0ff0000f)
core   0: 0x80004fa0 (0x033da533) mulhsu  a0, s11, s3
core   0: 3 0x80004fa0 (0x033da533) x10 0x0000000c
core   0: 0x80004fa4 (0x86a80893) addi    a7, a6, -1942
core   0: 3 0x80004fa4 (0x86a80893) x17 0xfffff86a
core   0: 0x80004fa8 (0x4069d9b3) sra     s3, s3, t1
core   0: 3 0x80004fa8 (0x4069d9b3) x19 0x0000001e
core   0: 0x80004fac (0x00000359) c.addi  t1, 22
core   0: 3 0x80004fac (0x0359) x6  0x00000016
core   0: 0x80004fae (0x41455593) srai    a1, a0, 20
core   0: 3 0x80004fae (0x41455593) x11 0x00000000
core   0: 0x80004fb2 (0x00008d71) c.and   a0, a2
core   0: 3 0x80004fb2 (0x8d71) x10 0x00000004
core   0: 0x80004fb4 (0x340612f3) csrrw   t0, mscratch, a2
core   0: 3 0x80004fb4 (0x340612f3) x5  0x00000014 c832_mscratch 0x80029d25
core   0: 0x80004fb8 (0x0a05dc17) auipc   s8, 0xa05d
core   0: 3 0x80004fb8 (0x0a05dc17) x24 0x8a061fb8
core   0: 0x80004fbc (0x340060f3) csrrsi  ra, mscratch, 0
core   0: 3 0x80004fbc (0x340060f3) x1  0x80029d25
core   0: 0x80004fc0 (0x41900b33) sub     s6, zero, s9
core   0: 3 0x80004fc0 (0x41900b33) x22 0x00000000
core   0: 0x80004fc4 (0x01eb1f93) slli    t6, s6, 30
core   0: 3 0x80004fc4 (0x01eb1f93) x31 0x00000000
core   0: 0x80004fc8 (0x03f68963) beq     a3, t6, pc + 50
core   0: 3 0x80004fc8 (0x03f68963)
core   0: 0x80004fcc (0x0ff0000f) fence   iorw,iorw
core   0: 3 0x80004fcc (0x0ff0000f)
core   0: 0x80004fd0 (0x41b68493) addi    s1, a3, 1051
core   0: 3 0x80004fd0 (0x41b68493) x9  0x8002a13f
core   0: 0x80004fd4 (0x60443c17) auipc   s8, 0x60443
core   0: 3 0x80004fd4 (0x60443c17) x24 0xe0447fd4
core   0: 0x80004fd8 (0x6d7b7613) andi    a2, s6, 1751
core   0: 3 0x80004fd8 (0x6d7b7613) x12 0x00000000
core   0: 0x80004fdc (0x000098fd) c.andi  s1, -1
core   0: 3 0x80004fdc (0x98fd) x9  0x8002a13f
core   0: 0x80004fde (0x00000962) c.slli  s2, 24
core   0: 3 0x80004fde (0x0962) x18 0x00000000
core   0: 0x80004fe0 (0x0388c533) div     a0, a7, s8
core   0: 3 0x80004fe0 (0x0388c533) x10 0x00000000
core   0: 0x80004fe4 (0xf4084993) xori    s3, a6, -192
core   0: 3 0x80004fe4 (0xf4084993) x19 0xffffff40
core   0: 0x80004fe8 (0x01d39ab3) sll     s5, t2, t4
core   0: 3 0x80004fe8 (0x01d39ab3) x21 0x01000000
core   0: 0x80004fec (0x0350ad33) mulhsu  s10, ra, s5
core   0: 3 0x80004fec (0x0350ad33) x26 0xff80029d
core   0: 0x80004ff0 (0x0000cb09) c.beqz  a4, pc + 18
core   0: 3 0x80004ff0 (0xcb09)
core   0: 0x80005002 (0x00008d25) c.xor   a0, s1
core   0: 3 0x80005002 (0x8d25) x10 0x8002a13f
core   0: 0x80005004 (0x02afab33) mulhsu  s6, t6, a0
core   0: 3 0x80005004 (0x02afab33) x22 0x00000000
core   0: 0x80005008 (0x00008fcd) c.or    a5, a1
core   0: 3 0x80005008 (0x8fcd) x15 0x00000000
core   0: 0x8000500a (0x0000ee09) c.bnez  a2, pc + 26
core   0: 3 0x8000500a (0xee09)
core   0: 0x8000500c (0x0133b4b3) sltu    s1, t2, s3
core   0: 3 0x8000500c (0x0133b4b3) x9  0x00000001
core   0: 0x80005010 (0x4157d613) srai    a2, a5, 21
core   0: 3 0x80005010 (0x4157d613) x12 0x00000000
core   0: 0x80005014 (0x0ff0000f) fence   iorw,iorw
core   0: 3 0x80005014 (0x0ff0000f)
core   0: 0x80005018 (0x020e4263) bltz    t3, pc + 36
core   0: 3 0x80005018 (0x020e4263)
core   0: 0x8000503c (0x00009aa6) c.add   s5, s1
core   0: 3 0x8000503c (0x9aa6) x21 0x01000001
core   0: 0x8000503e (0x00000001) c.nop
core   0: 3 0x8000503e (0x0001)
core   0: 0x80005040 (0x00c14263) blt     sp, a2, pc + 4
core   0: 3 0x80005040 (0x00c14263)
core   0: 0x80005044 (0x34081a73) csrrw   s4, mscratch, a6
core   0: 3 0x80005044 (0x34081a73) x20 0x80029d25 c832_mscratch 0x00000000
core   0: 0x80005048 (0x02f92ab3) mulhsu  s5, s2, a5
core   0: 3 0x80005048 (0x02f92ab3) x21 0x00000000
core   0: 0x8000504c (0x61cdf893) andi    a7, s11, 1564
core   0: 3 0x8000504c (0x61cdf893) x17 0x0000060c
core   0: 0x80005050 (0x340032f3) csrrc   t0, mscratch, zero
core   0: 3 0x80005050 (0x340032f3) x5  0x00000000
core   0: 0x80005054 (0x93b1a913) slti    s2, gp, -1733
core   0: 3 0x80005054 (0x93b1a913) x18 0x00000000
core   0: 0x80005058 (0x18752f97) auipc   t6, 0x18752
core   0: 3 0x80005058 (0x18752f97) x31 0x98757058
core   0: 0x8000505c (0x00006f61) c.lui   t5, 0x18
core   0: 3 0x8000505c (0x6f61) x30 0x00018000
core   0: 0x8000505e (0x026a14b3) mulh    s1, s4, t1
core   0: 3 0x8000505e (0x026a14b3) x9  0xfffffff5
core   0: 0x80005062 (0x000008ee) c.slli  a7, 27
core   0: 3 0x80005062 (0x08ee) x17 0x60000000
core   0: 0x80005064 (0x02b1fb33) remu    s6, gp, a1
core   0: 3 0x80005064 (0x02b1fb33) x22 0x00000000
core   0: 0x80005068 (0x3409f673) csrrci  a2, mscratch, 19
core   0: 3 0x80005068 (0x3409f673) x12 0x00000000 c832_mscratch 0x00000000
core   0: 0x8000506c (0x00009946) c.add   s2, a7
core   0: 3 0x8000506c (0x9946) x18 0x60000000
core   0: 0x8000506e (0x0177d233) srl     tp, a5, s7
core   0: 3 0x8000506e (0x0177d233) x4  0x00000000
core   0: 0x80005072 (0x01a03b33) snez    s6, s10
core   0: 3 0x80005072 (0x01a03b33) x22 0x00000001
core   0: 0x80005076 (0xbe96a193) slti    gp, a3, -1047
core   0: 3 0x80005076 (0xbe96a193) x3  0x00000001
core   0: 0x8000507a (0x0000547d) c.li    s0, -1
core   0: 3 0x8000507a (0x547d) x8  0xffffffff
core   0: 0x8000507c (0x340b94f3) csrrw   s1, mscratch, s7
core   0: 3 0x8000507c (0x340b94f3) x9  0x00000000 c832_mscratch 0x00000001
core   0: 0x80005080 (0x6f4d1517) auipc   a0, 0x6f4d1
core   0: 3 0x80005080 (0x6f4d1517) x10 0xef4d6080
core   0: 0x80005084 (0x00008969) c.andi  a0, 26
core   0: 3 0x80005084 (0x8969) x10 0x00000000
core   0: 0x80005086 (0xfd382613) slti    a2, a6, -45
core   0: 3 0x80005086 (0xfd382613) x12 0x00000000
core   0: 0x8000508a (0xc8c6ed13) ori     s10, a3, -884
core   0: 3 0x8000508a (0xc8c6ed13) x26 0xfffffdac
core   0: 0x8000508e (0x00000001) c.nop
core   0: 3 0x8000508e (0x0001)
core   0: 0x80005090 (0x34006d73) csrrsi  s10, mscratch, 0
core   0: 3 0x80005090 (0x34006d73) x26 0x00000001
core   0: 0x80005094 (0x00caf463) bgeu    s5, a2, pc + 8
core   0: 3 0x80005094 (0x00caf463)
core   0: 0x8000509c (0x021d7563) bgeu    s10, ra, pc + 42
core   0: 3 0x8000509c (0x021d7563)
core   0: 0x800050a0 (0x0000ed8d) c.bnez  a1, pc + 58
core   0: 3 0x800050a0 (0xed8d)
core   0: 0x800050a2 (0x017d1233) sll     tp, s10, s7
core   0: 3 0x800050a2 (0x017d1233) x4  0x00000002
core   0: 0x800050a6 (0x139abd93) sltiu   s11, s5, 313
core   0: 3 0x800050a6 (0x139abd93) x27 0x00000001
core   0: 0x800050aa (0x340a24f3) csrrs   s1, mscratch, s4
core   0: 3 0x800050aa (0x340a24f3) x9  0x00000001 c832_mscratch 0x80029d25
core   0: 0x800050ae (0x015f1333) sll     t1, t5, s5
core   0: 3 0x800050ae (0x015f1333) x6  0x00018000
core   0: 0x800050b2 (0x019d9393) slli    t2, s11, 25
core   0: 3 0x800050b2 (0x019d9393) x7  0x02000000
core   0: 0x800050b6 (0x00000001) c.nop
core   0: 3 0x800050b6 (0x0001)
core   0: 0x800050b8 (0x0000187d) c.addi  a6, -1
core   0: 3 0x800050b8 (0x187d) x16 0xffffffff
core   0: 0x800050ba (0x340a71f3) csrrci  gp, mscratch, 20
core   0: 3 0x800050ba (0x340a71f3) x3  0x80029d25 c832_mscratch 0x80029d21
core   0: 0x800050be (0xb6243013) sltiu   zero, s0, -1182
core   0: 3 0x800050be (0xb6243013)
core   0: 0x800050c2 (0x01c568b3) or      a7, a0, t3
core   0: 3 0x800050c2 (0x01c568b3) x17 0x80025ea4
core   0: 0x800050c6 (0x02dc24b3) mulhsu  s1, s8, a3
core   0: 3 0x800050c6 (0x02dc24b3) x9  0xf021ecf8
core   0: 0x800050ca (0xcd79e913) ori     s2, s3, -809
core   0: 3 0x800050ca (0xcd79e913) x18 0xffffffd7
core   0: 0x800050ce (0x59902337) lui     t1, 0x59902
core   0: 3 0x800050ce (0x59902337) x6  0x59902000
core   0: 0x800050d2 (0x01cc1793) slli    a5, s8, 28
core   0: 3 0x800050d2 (0x01cc1793) x15 0x40000000
core   0: 0x800050d6 (0x005674b3) and     s1, a2, t0
core   0: 3 0x800050d6 (0x005674b3) x9  0x00000000
core   0: 0x800050da (0x02250a33) mul     s4, a0, sp
core   0: 3 0x800050da (0x02250a33) x20 0x00000000
core   0: 0x800050de (0x340024f3) csrr    s1, mscratch
core   0: 3 0x800050de (0x340024f3) x9  0x80029d21
core   0: 0x800050e2 (0x0000cf85) c.beqz  a5, pc + 56
core   0: 3 0x800050e2 (0xcf85)
core   0: 0x800050e4 (0x0217fb63) bgeu    a5, ra, pc + 54
core   0: 3 0x800050e4 (0x0217fb63)
core   0: 0x800050e8 (0x01f69013) slli    zero, a3, 31
core   0: 3 0x800050e8 (0x01f69013)
core   0: 0x800050ec (0x04ed4593) xori    a1, s10, 78
core   0: 3 0x800050ec (0x04ed4593) x11 0x0000004f
core   0: 0x800050f0 (0x40898c33) sub     s8, s3, s0
core   0: 3 0x800050f0 (0x40898c33) x24 0xffffff41
core   0: 0x800050f4 (0x034c3f33) mulhu   t5, s8, s4
core   0: 3 0x800050f4 (0x034c3f33) x30 0x00000000
core   0: 0x800050f8 (0x34006373) csrrsi  t1, mscratch, 0
core   0: 3 0x800050f8 (0x34006373) x6  0x80029d21
core   0: 0x800050fc (0x34009273) csrrw   tp, mscratch, ra
core   0: 3 0x800050fc (0x34009273) x4  0x80029d21 c832_mscratch 0x80029d25
core   0: 0x80005100 (0x00000001) c.nop
core   0: 3 0x80005100 (0x0001)
core   0: 0x80005102 (0x029a2f33) mulhsu  t5, s4, s1
core   0: 3 0x80005102 (0x029a2f33) x30 0x00000000
core   0: 0x80005106 (0x0000e391) c.bnez  a5, pc + 4
core   0: 3 0x80005106 (0xe391)
core   0: 0x8000510a (0x00008296) c.mv    t0, t0
core   0: 3 0x8000510a (0x8296) x5  0x00000000
core   0: 0x8000510c (0x00008e79) c.and   a2, a4
core   0: 3 0x8000510c (0x8e79) x12 0x00000000
core   0: 0x8000510e (0x340bf2f3) csrrci  t0, mscratch, 23
core   0: 3 0x8000510e (0x340bf2f3) x5  0x80029d25 c832_mscratch 0x80029d20
core   0: 0x80005112 (0x00008ba9) c.andi  a5, 10
core   0: 3 0x80005112 (0x8ba9) x15 0x00000000
core   0: 0x80005114 (0x032a55b3) divu    a1, s4, s2
core   0: 3 0x80005114 (0x032a55b3) x11 0x00000000
core   0: 0x80005118 (0x00008ce9) c.and   s1, a0
core   0: 3 0x80005118 (0x8ce9) x9  0x00000000
core   0: 0x8000511a (0x003b69b3) or      s3, s6, gp
core   0: 3 0x8000511a (0x003b69b3) x19 0x80029d25
core   0: 0x8000511e (0x00009bfd) c.andi  a5, -1
core   0: 3 0x8000511e (0x9bfd) x15 0x00000000
core   0: 0x80005120 (0x00f23bb3) sltu    s7, tp, a5
core   0: 3 0x80005120 (0x00f23bb3) x23 0x00000000
core   0: 0x80005124 (0x340890f3) csrrw   ra, mscratch, a7
core   0: 3 0x80005124 (0x340890f3) x1  0x80029d20 c832_mscratch 0x80025ea4
core   0: 0x80005128 (0x01110d33) add     s10, sp, a7
core   0: 3 0x80005128 (0x01110d33) x26 0x7c6851fc
core   0: 0x8000512c (0x013d9d33) sll     s10, s11, s3
core   0: 3 0x8000512c (0x013d9d33) x26 0x00000020
core   0: 0x80005130 (0x03a8cd33) div     s10, a7, s10
core   0: 3 0x80005130 (0x03a8cd33) x26 0xfc0012f6
core   0: 0x80005134 (0x00008d3d) c.xor   a0, a5
core   0: 3 0x80005134 (0x8d3d) x10 0x00000000
core   0: 0x80005136 (0x00feda33) srl     s4, t4, a5
core   0: 3 0x80005136 (0x00feda33) x20 0x00000014
core   0: 0x8000513a (0x01a0f233) and     tp, ra, s10
core   0: 3 0x8000513a (0x01a0f233) x4  0x80001020
core   0: 0x8000513e (0x00000a4a) c.slli  s4, 18
core   0: 3 0x8000513e (0x0a4a) x20 0x00500000
core   0: 0x80005140 (0x03f1d933) divu    s2, gp, t6
core   0: 3 0x80005140 (0x03f1d933) x18 0x00000000
core   0: 0x80005144 (0x03f272b3) remu    t0, tp, t6
core   0: 3 0x80005144 (0x03f272b3) x5  0x80001020
core   0: 0x80005148 (0x00008d49) c.or    a0, a0
core   0: 3 0x80005148 (0x8d49) x10 0x00000000
core   0: 0x8000514a (0x0000c395) c.beqz  a5, pc + 36
core   0: 3 0x8000514a (0xc395)
core   0: 0x8000516e (0x00d10563) beq     sp, a3, pc + 10
core   0: 3 0x8000516e (0x00d10563)
core   0: 0x80005172 (0x40330a33) sub     s4, t1, gp
core   0: 3 0x80005172 (0x40330a33) x20 0xfffffffc
core   0: 0x80005176 (0x000099fd) c.andi  a1, -1
core   0: 3 0x80005176 (0x99fd) x11 0x00000000
core   0: 0x80005178 (0x04265063) bge     a2, sp, pc + 64
core   0: 3 0x80005178 (0x04265063)
core   0: 0x800051b8 (0x34089cf3) csrrw   s9, mscratch, a7
core   0: 3 0x800051b8 (0x34089cf3) x25 0x80025ea4 c832_mscratch 0x80025ea4
core   0: 0x800051bc (0x51256193) ori     gp, a0, 1298
core   0: 3 0x800051bc (0x51256193) x3  0x00000512
core   0: 0x800051c0 (0x00008cd9) c.or    s1, a4
core   0: 3 0x800051c0 (0x8cd9) x9  0x00000000
core   0: 0x800051c2 (0x00008f79) c.and   a4, a4
core   0: 3 0x800051c2 (0x8f79) x14 0x00000000
core   0: 0x800051c4 (0x02778833) mul     a6, a5, t2
core   0: 3 0x800051c4 (0x02778833) x16 0x00000000
core   0: 0x800051c8 (0x0000bf17) auipc   t5, 0xb
core   0: 3 0x800051c8 (0x0000bf17) x30 0x800101c8
core   0: 0x800051cc (0xec5f0f13) addi    t5, t5, -315
core   0: 3 0x800051cc (0xec5f0f13) x30 0x8001008d
core   0: 0x800051d0 (0xfe1f0b23) sb      ra, -10(t5)
core   0: 3 0x800051d0 (0xfe1f0b23) mem 0x80010083 0x20
core   0: 0x800051d4 (0x2116b913) sltiu   s2, a3, 529
core   0: 3 0x800051d4 (0x2116b913) x18 0x00000000
core   0: 0x800051d8 (0x019f17a3) sh      s9, 15(t5)
core   0: 3 0x800051d8 (0x019f17a3) mem 0x8001009c 0x5ea4
core   0: 0x800051dc (0xff7f19a3) sh      s7, -13(t5)
core   0: 3 0x800051dc (0xff7f19a3) mem 0x80010080 0x0000
core   0: 0x800051e0 (0xffdf0aa3) sb      t4, -11(t5)
core   0: 3 0x800051e0 (0xffdf0aa3) mem 0x80010082 0x14
core   0: 0x800051e4 (0x0026de93) srli    t4, a3, 2
core   0: 3 0x800051e4 (0x0026de93) x29 0x2000a749
core   0: 0x800051e8 (0x01af00a3) sb      s10, 1(t5)
core   0: 3 0x800051e8 (0x01af00a3) mem 0x8001008e 0xf6
core   0: 0x800051ec (0x010f0623) sb      a6, 12(t5)
core   0: 3 0x800051ec (0x010f0623) mem 0x80010099 0x00
core   0: 0x800051f0 (0x34003df3) csrrc   s11, mscratch, zero
core   0: 3 0x800051f0 (0x34003df3) x27 0x80025ea4
core   0: 0x800051f4 (0x2f6bb613) sltiu   a2, s7, 758
core   0: 3 0x800051f4 (0x2f6bb613) x12 0x00000001
core   0: 0x800051f8 (0xff2f0a23) sb      s2, -12(t5)
core   0: 3 0x800051f8 (0xff2f0a23) mem 0x80010081 0x00
core   0: 0x800051fc (0x00008d65) c.and   a0, s1
core   0: 3 0x800051fc (0x8d65) x10 0x00000000
core   0: 0x800051fe (0x03b38333) mul     t1, t2, s11
core   0: 3 0x800051fe (0x03b38333) x6  0x48000000
core   0: 0x80005202 (0x038b4333) div     t1, s6, s8
core   0: 3 0x80005202 (0x038b4333) x6  0x00000000
core   0: 0x80005206 (0x00000d41) c.addi  s10, 16
core   0: 3 0x80005206 (0x0d41) x26 0xfc001306
core   0: 0x80005208 (0xff1f5183) lhu     gp, -15(t5)
core   0: 3 0x80005208 (0xff1f5183) x3  0x000099b1 mem 0x8001007e
core   0: 0x8000520c (0x340bd973) csrrwi  s2, mscratch, 23
core   0: 3 0x8000520c (0x340bd973) x18 0x80025ea4 c832_mscratch 0x00000017
core   0: 0x80005210 (0xff2f4183) lbu     gp, -14(t5)
core   0: 3 0x80005210 (0xff2f4183) x3  0x00000099 mem 0x8001007f
core   0: 0x80005214 (0x01df7933) and     s2, t5, t4
core   0: 3 0x80005214 (0x01df7933) x18 0x00000009
core   0: 0x80005218 (0x00df5603) lhu     a2, 13(t5)
core   0: 3 0x80005218 (0x00df5603) x12 0x00008629 mem 0x8001009a
core   0: 0x8000521c (0xff8f4703) lbu     a4, -8(t5)
core   0: 3 0x8000521c (0xff8f4703) x14 0x0000009c mem 0x80010085
core   0: 0x80005220 (0x41950833) sub     a6, a0, s9
core   0: 3 0x80005220 (0x41950833) x16 0x7ffda15c
core   0: 0x80005224 (0x340fa8f3) csrrs   a7, mscratch, t6
core   0: 3 0x80005224 (0x340fa8f3) x17 0x00000017 c832_mscratch 0x9875705f
core   0: 0x80005228 (0xff3f0f23) sb      s3, -2(t5)
core   0: 3 0x80005228 (0xff3f0f23) mem 0x8001008b 0x25
core   0: 0x8000522c (0x340173f3) csrrci  t2, mscratch, 2
core   0: 3 0x8000522c (0x340173f3) x7  0x9875705f c832_mscratch 0x9875705d
core   0: 0x80005230 (0x00af4503) lbu     a0, 10(t5)
core   0: 3 0x80005230 (0x00af4503) x10 0x0000002a mem 0x80010097
core   0: 0x80005234 (0xff8f0283) lb      t0, -8(t5)
core   0: 3 0x80005234 (0xff8f0283) x5  0xffffff9c mem 0x80010085
core   0: 0x80005238 (0x00331bb3) sll     s7, t1, gp
core   0: 3 0x80005238 (0x00331bb3) x23 0x00000000
core   0: 0x8000523c (0x006f90b3) sll     ra, t6, t1
core   0: 3 0x8000523c (0x006f90b3) x1  0x98757058
core   0: 0x80005240 (0xffef4e83) lbu     t4, -2(t5)
core   0: 3 0x80005240 (0xffef4e83) x29 0x00000025 mem 0x8001008b
core   0: 0x80005244 (0x00000001) c.nop
core   0: 3 0x80005244 (0x0001)
core   0: 0x80005246 (0xb5582c93) slti    s9, a6, -1195
core   0: 3 0x80005246 (0xb5582c93) x25 0x00000000
core   0: 0x8000524a (0x00af0523) sb      a0, 10(t5)
core   0: 3 0x8000524a (0x00af0523) mem 0x80010097 0x2a
core   0: 0x8000524e (0x008f4583) lbu     a1, 8(t5)
core   0: 3 0x8000524e (0x008f4583) x11 0x000000a2 mem 0x80010095
core   0: 0x80005252 (0x00008fe1) c.and   a5, s0
core   0: 3 0x80005252 (0x8fe1) x15 0x00000000
core   0: 0x80005254 (0xfeaf0923) sb      a0, -14(t5)
core   0: 3 0x80005254 (0xfeaf0923) mem 0x8001007f 0x2a
core   0: 0x80005258 (0x006f4a83) lbu     s5, 6(t5)
core   0: 3 0x80005258 (0x006f4a83) x21 0x00000065 mem 0x80010093
core   0: 0x8000525c (0x0000577d) c.li    a4, -1
core   0: 3 0x8000525c (0x577d) x14 0xffffffff
core   0: 0x8000525e (0x00ef0403) lb      s0, 14(t5)
core   0: 3 0x8000525e (0x00ef0403) x8  0xffffff86 mem 0x8001009b
core   0: 0x80005262 (0x007f25a3) sw      t2, 11(t5)
core   0: 3 0x80005262 (0x007f25a3) mem 0x80010098 0x9875705f
core   0: 0x80005266 (0x037e7ab3) remu    s5, t3, s7
core   0: 3 0x80005266 (0x037e7ab3) x21 0x80025ea4
core   0: 0x8000526a (0xff7f4c03) lbu     s8, -9(t5)
core   0: 3 0x8000526a (0xff7f4c03) x24 0x000000a8 mem 0x80010084
core   0: 0x8000526e (0xffff0b23) sb      t6, -10(t5)
core   0: 3 0x8000526e (0xffff0b23) mem 0x80010083 0x58
core   0: 0x80005272 (0x37442313) slti    t1, s0, 884
core   0: 3 0x80005272 (0x37442313) x6  0x00000001
core   0: 0x80005276 (0xfe7f0a23) sb      t2, -12(t5)
core   0: 3 0x80005276 (0xfe7f0a23) mem 0x80010081 0x5f
core   0: 0x8000527a (0xff0f09a3) sb      a6, -13(t5)
core   0: 3 0x8000527a (0xff0f09a3) mem 0x80010080 0x5c
core   0: 0x8000527e (0x00000001) c.nop
core   0: 3 0x8000527e (0x0001)
core   0: 0x80005280 (0xebec8993) addi    s3, s9, -322
core   0: 3 0x80005280 (0xebec8993) x19 0xfffffebe
core   0: 0x80005284 (0x028121b3) mulhsu  gp, sp, s0
core   0: 3 0x80005284 (0x028121b3) x3  0xfc65f359
core   0: 0x80005288 (0x01f24213) xori    tp, tp, 31
core   0: 3 0x80005288 (0x01f24213) x4  0x8000103f
core   0: 0x8000528c (0x84a8ff93) andi    t6, a7, -1974
core   0: 3 0x8000528c (0x84a8ff93) x31 0x00000002
core   0: 0x80005290 (0x3405d673) csrrwi  a2, mscratch, 11
core   0: 3 0x80005290 (0x3405d673) x12 0x9875705d c832_mscratch 0x0000000b
core   0: 0x80005294 (0x417f03b3) sub     t2, t5, s7
core   0: 3 0x80005294 (0x417f03b3) x7  0x8001008d
core   0: 0x80005298 (0x0ff0000f) fence   iorw,iorw
core   0: 3 0x80005298 (0x0ff0000f)
core   0: 0x8000529c (0x340ebb73) csrrc   s6, mscratch, t4
core   0: 3 0x8000529c (0x340ebb73) x22 0x0000000b c832_mscratch 0x0000000a
core   0: 0x800052a0 (0x0000100f) fence.i
core   0: 3 0x800052a0 (0x0000100f)
core   0: 0x800052a4 (0x0012fa33) and     s4, t0, ra
core   0: 3 0x800052a4 (0x0012fa33) x20 0x98757018
core   0: 0x800052a8 (0x0112f633) and     a2, t0, a7
core   0: 3 0x800052a8 (0x0112f633) x12 0x00000014
core   0: 0x800052ac (0x022ded93) ori     s11, s11, 34
core   0: 3 0x800052ac (0x022ded93) x27 0x80025ea6
core   0: 0x800052b0 (0xb9422213) slti    tp, tp, -1132
core   0: 3 0x800052b0 (0xb9422213) x4  0x00000001
core   0: 0x800052b4 (0x00008ba5) c.andi  a5, 9
core   0: 3 0x800052b4 (0x8ba5) x15 0x00000000
core   0: 0x800052b6 (0x0551f263) bgeu    gp, s5, pc + 68
core   0: 3 0x800052b6 (0x0551f263)
core   0: 0x800052fa (0x0000e719) c.bnez  a4, pc + 14
core   0: 3 0x800052fa (0xe719)
core   0: 0x80005308 (0x018c12b3) sll     t0, s8, s8
core   0: 3 0x80005308 (0x018c12b3) x5  0x0000a800
core   0: 0x8000530c (0x00000001) c.nop
core   0: 3 0x8000530c (0x0001)
core   0: 0x8000530e (0x34007673) csrrci  a2, mscratch, 0
core   0: 3 0x8000530e (0x34007673) x12 0x0000000a
core   0: 0x80005312 (0x0000946a) c.add   s0, s10
core   0: 3 0x80005312 (0x946a) x8  0xfc00128c
core   0: 0x80005314 (0x00008161) c.srli  a0, 24
core   0: 3 0x80005314 (0x8161) x10 0x00000000
core   0: 0x80005316 (0x019e4433) xor     s0, t3, s9
core   0: 3 0x80005316 (0x019e4433) x8  0x80025ea4
core   0: 0x8000531a (0x89efed93) ori     s11, t6, -1890
core   0: 3 0x8000531a (0x89efed93) x27 0xfffff89e
core   0: 0x8000531e (0x01d39e93) slli    t4, t2, 29
core   0: 3 0x8000531e (0x01d39e93) x29 0xa0000000
core   0: 0x80005322 (0x04294063) blt     s2, sp, pc + 64
core   0: 3 0x80005322 (0x04294063)
core   0: 0x80005326 (0x00006745) c.lui   a4, 0x11
core   0: 3 0x80005326 (0x6745) x14 0x00011000
core   0: 0x80005328 (0x340027f3) csrr    a5, mscratch
core   0: 3 0x80005328 (0x340027f3) x15 0x0000000a
core   0: 0x8000532c (0x3403e2f3) csrrsi  t0, mscratch, 7
core   0: 3 0x8000532c (0x3403e2f3) x5  0x0000000a c832_mscratch 0x0000000f
core   0: 0x80005330 (0x23a36993) ori     s3, t1, 570
core   0: 3 0x80005330 (0x23a36993) x19 0x0000023b
core   0: 0x80005334 (0x03bb8733) mul     a4, s7, s11
core   0: 3 0x80005334 (0x03bb8733) x14 0x00000000
core   0: 0x80005338 (0x00008f9d) c.sub   a5, a5
core   0: 3 0x80005338 (0x8f9d) x15 0x00000000
core   0: 0x8000533a (0x01d0c233) xor     tp, ra, t4
core   0: 3 0x8000533a (0x01d0c233) x4  0x38757058
core   0: 0x8000533e (0x340811f3) csrrw   gp, mscratch, a6
core   0: 3 0x8000533e (0x340811f3) x3  0x0000000f c832_mscratch 0x7ffda15c
core   0: 0x80005342 (0x340a5273) csrrwi  tp, mscratch, 20
core   0: 3 0x80005342 (0x340a5273) x4  0x7ffda15c c832_mscratch 0x00000014
core   0: 0x80005346 (0x009ad463) bge     s5, s1, pc + 8
core   0: 3 0x80005346 (0x009ad463)
core   0: 0x8000534a (0x00000001) c.nop
core   0: 3 0x8000534a (0x0001)
core   0: 0x8000534c (0x0000ca0d) c.beqz  a2, pc + 50
core   0: 3 0x8000534c (0xca0d)
core   0: 0x8000534e (0x01c85593) srli    a1, a6, 28
core   0: 3 0x8000534e (0x01c85593) x11 0x00000007
core   0: 0x80005352 (0x340910f3) csrrw   ra, mscratch, s2
core   0: 3 0x80005352 (0x340910f3) x1  0x00000014 c832_mscratch 0x00000009
core   0: 0x80005356 (0x000012fd) c.addi  t0, -1
core   0: 3 0x80005356 (0x12fd) x5  0x00000009
core   0: 0x80005358 (0x0000c19d) c.beqz  a1, pc + 38
core   0: 3 0x80005358 (0xc19d)
core   0: 0x8000535a (0x03b8c933) div     s2, a7, s11
core   0: 3 0x8000535a (0x03b8c933) x18 0x00000000
core   0: 0x8000535e (0x34007c73) csrrci  s8, mscratch, 0
core   0: 3 0x8000535e (0x34007c73) x24 0x00000009
core   0: 0x80005362 (0x34071073) csrw    mscratch, a4
core   0: 3 0x80005362 (0x34071073) c832_mscratch 0x00000000
core   0: 0x80005366 (0x00005c7d) c.li    s8, -1
core   0: 3 0x80005366 (0x5c7d) x24 0xffffffff
core   0: 0x80005368 (0x177f5f37) lui     t5, 0x177f5
core   0: 3 0x80005368 (0x177f5f37) x30 0x177f5000
core   0: 0x8000536c (0x651aed13) ori     s10, s5, 1617
core   0: 3 0x8000536c (0x651aed13) x26 0x80025ef5
core   0: 0x80005370 (0x0149abb3) slt     s7, s3, s4
core   0: 3 0x80005370 (0x0149abb3) x23 0x00000000
core   0: 0x80005374 (0x0000100f) fence.i
core   0: 3 0x80005374 (0x0000100f)
core   0: 0x80005378 (0xd6bdad37) lui     s10, 0xd6bda
core   0: 3 0x80005378 (0xd6bdad37) x26 0xd6bda000
core   0: 0x8000537c (0x00005a7d) c.li    s4, -1
core   0: 3 0x8000537c (0x5a7d) x20 0xffffffff
core   0: 0x8000537e (0x03307163) bgeu    zero, s3, pc + 34
core   0: 3 0x8000537e (0x03307163)
core   0: 0x80005382 (0x340064f3) csrrsi  s1, mscratch, 0
core   0: 3 0x80005382 (0x340064f3) x9  0x00000000
core   0: 0x80005386 (0x00737f33) and     t5, t1, t2
core   0: 3 0x80005386 (0x00737f33) x30 0x00000001
core   0: 0x8000538a (0x0023b633) sltu    a2, t2, sp
core   0: 3 0x8000538a (0x0023b633) x12 0x00000001
core   0: 0x8000538e (0x0398d063) bge     a7, s9, pc + 32
core   0: 3 0x8000538e (0x0398d063)
core   0: 0x800053ae (0x00000a8e) c.slli  s5, 3
core   0: 3 0x800053ae (0x0a8e) x21 0x0012f520
core   0: 0x800053b0 (0x014b9eb3) sll     t4, s7, s4
core   0: 3 0x800053b0 (0x014b9eb3) x29 0x00000000
core   0: 0x800053b4 (0xd17c0837) lui     a6, 0xd17c0
core   0: 3 0x800053b4 (0xd17c0837) x16 0xd17c0000
core   0: 0x800053b8 (0x34003ef3) csrrc   t4, mscratch, zero
core   0: 3 0x800053b8 (0x34003ef3) x29 0x00000000
core   0: 0x800053bc (0x00008719) c.srai  a4, 6
core   0: 3 0x800053bc (0x8719) x14 0x00000000
core   0: 0x800053be (0x0084d263) bge     s1, s0, pc + 4
core   0: 3 0x800053be (0x0084d263)
core   0: 0x800053c2 (0xc1998c13) addi    s8, s3, -999
core   0: 3 0x800053c2 (0xc1998c13) x24 0xfffffe54
core   0: 0x800053c6 (0xe6ae7793) andi    a5, t3, -406
core   0: 3 0x800053c6 (0xe6ae7793) x15 0x80025e20
core   0: 0x800053ca (0x006edf93) srli    t6, t4, 6
core   0: 3 0x800053ca (0x006edf93) x31 0x00000000
core   0: 0x800053ce (0x00df9293) slli    t0, t6, 13
core   0: 3 0x800053ce (0x00df9293) x5  0x00000000
core   0: 0x800053d2 (0x01a95463) bge     s2, s10, pc + 8
core   0: 3 0x800053d2 (0x01a95463)
core   0: 0x800053da (0x000087dd) c.srai  a5, 23
core   0: 3 0x800053da (0x87dd) x15 0xffffff00
core   0: 0x800053dc (0x020e5433) divu    s0, t3, zero
core   0: 3 0x800053dc (0x020e5433) x8  0xffffffff
core   0: 0x800053e0 (0x037aed33) rem     s10, s5, s7
core   0: 3 0x800053e0 (0x037aed33) x26 0x0012f520
core   0: 0x800053e4 (0x02a40b63) beq     s0, a0, pc + 54
core   0: 3 0x800053e4 (0x02a40b63)
core   0: 0x800053e8 (0x340290f3) csrrw   ra, mscratch, t0
core   0: 3 0x800053e8 (0x340290f3) x1  0x00000000 c832_mscratch 0x00000000
core   0: 0x800053ec (0x0303dc63) bge     t2, a6, pc + 56
core   0: 3 0x800053ec (0x0303dc63)
core   0: 0x800053f0 (0x417b8b33) sub     s6, s7, s7
core   0: 3 0x800053f0 (0x417b8b33) x22 0x00000000
core   0: 0x800053f4 (0x00006951) c.lui   s2, 0x14
core   0: 3 0x800053f4 (0x6951) x18 0x00014000
core   0: 0x800053f6 (0x20896013) ori     zero, s2, 520
core   0: 3 0x800053f6 (0x20896013)
core   0: 0x800053fa (0x34007673) csrrci  a2, mscratch, 0
core   0: 3 0x800053fa (0x34007673) x12 0x00000000
core   0: 0x800053fe (0x83c3c413) xori    s0, t2, -1988
core   0: 3 0x800053fe (0x83c3c413) x8  0x7ffef8b1
core   0: 0x80005402 (0x34025373) csrrwi  t1, mscratch, 4
core   0: 3 0x80005402 (0x34025373) x6  0x00000000 c832_mscratch 0x00000004
core   0: 0x80005406 (0x037ad463) bge     s5, s7, pc + 40
core   0: 3 0x80005406 (0x037ad463)
core   0: 0x8000542e (0x60fceeb7) lui     t4, 0x60fce
core   0: 3 0x8000542e (0x60fceeb7) x29 0x60fce000
core   0: 0x80005432 (0x00008a2d) c.andi  a2, 11
core   0: 3 0x80005432 (0x8a2d) x12 0x00000000
core   0: 0x80005434 (0x0ff0000f) fence   iorw,iorw
core   0: 3 0x80005434 (0x0ff0000f)
core   0: 0x80005438 (0x00008dd2) c.mv    s11, s4
core   0: 3 0x80005438 (0x8dd2) x27 0xffffffff
core   0: 0x8000543a (0x340e5f73) csrrwi  t5, mscratch, 28
core   0: 3 0x8000543a (0x340e5f73) x30 0x00000004 c832_mscratch 0x0000001c
core   0: 0x8000543e (0x03103333) mulhu   t1, zero, a7
core   0: 3 0x8000543e (0x03103333) x6  0x00000000
core   0: 0x80005442 (0x340021f3) csrr    gp, mscratch
core   0: 3 0x80005442 (0x340021f3) x3  0x0000001c
core   0: 0x80005446 (0x00da7eb3) and     t4, s4, a3
core   0: 3 0x80005446 (0x00da7eb3) x29 0x80029d24
core   0: 0x8000544a (0x12722e93) slti    t4, tp, 295
core   0: 3 0x8000544a (0x12722e93) x29 0x00000000
core   0: 0x8000544e (0x021e5a63) bge     t3, ra, pc + 52
core   0: 3 0x8000544e (0x021e5a63)
core   0: 0x80005452 (0x40e8d433) sra     s0, a7, a4
core   0: 3 0x80005452 (0x40e8d433) x8  0x00000017
core   0: 0x80005456 (0x00000eca) c.slli  t4, 18
core   0: 3 0x80005456 (0x0eca) x29 0x00000000
core   0: 0x80005458 (0x89a241b7) lui     gp, 0x89a24
core   0: 3 0x80005458 (0x89a241b7) x3  0x89a24000
core   0: 0x8000545c (0x000087ad) c.srai  a5, 11
core   0: 3 0x8000545c (0x87ad) x15 0xffffffff
core   0: 0x8000545e (0x40bfd633) sra     a2, t6, a1
core   0: 3 0x8000545e (0x40bfd633) x12 0x00000000
core   0: 0x80005462 (0x34007973) csrrci  s2, mscratch, 0
core   0: 3 0x80005462 (0x34007973) x18 0x0000001c
core   0: 0x80005466 (0x000001ae) c.slli  gp, 11
core   0: 3 0x80005466 (0x01ae) x3  0x12000000
core   0: 0x80005468 (0x027fe933) rem     s2, t6, t2
core   0: 3 0x80005468 (0x027fe933) x18 0x00000000
core   0: 0x8000546c (0x41c47613) andi    a2, s0, 1052
core   0: 3 0x8000546c (0x41c47613) x12 0x00000014
core   0: 0x80005470 (0x0000c211) c.beqz  a2, pc + 4
core   0: 3 0x80005470 (0xc211)
core   0: 0x80005472 (0x00009216) c.add   tp, t0
core   0: 3 0x80005472 (0x9216) x4  0x7ffda15c
core   0: 0x80005474 (0x02ea22b3) mulhsu  t0, s4, a4
core   0: 3 0x80005474 (0x02ea22b3) x5  0x00000000
core   0: 0x80005478 (0xc2a40413) addi    s0, s0, -982
core   0: 3 0x80005478 (0xc2a40413) x8  0xfffffc41
core   0: 0x8000547c (0x00005bfd) c.li    s7, -1
core   0: 3 0x8000547c (0x5bfd) x23 0xffffffff
core   0: 0x8000547e (0x0000100f) fence.i
core   0: 3 0x8000547e (0x0000100f)
core   0: 0x80005482 (0x03bd7d33) remu    s10, s10, s11
core   0: 3 0x80005482 (0x03bd7d33) x26 0x0012f520
core   0: 0x80005486 (0x40610433) sub     s0, sp, t1
core   0: 3 0x80005486 (0x40610433) x8  0xfc65f358
core   0: 0x8000548a (0x0000100f) fence.i
core   0: 3 0x8000548a (0x0000100f)
core   0: 0x8000548e (0x0000e009) c.bnez  s0, pc + 2
core   0: 3 0x8000548e (0xe009)
core   0: 0x80005490 (0x03e68933) mul     s2, a3, t5
core   0: 3 0x80005490 (0x03e68933) x18 0x000a7490
core   0: 0x80005494 (0x1096e737) lui     a4, 0x1096e
core   0: 3 0x80005494 (0x1096e737) x14 0x1096e000
core   0: 0x80005498 (0x00008236) c.mv    tp, a3
core   0: 3 0x80005498 (0x8236) x4  0x80029d24
core   0: 0x8000549a (0x01bf7d33) and     s10, t5, s11
core   0: 3 0x8000549a (0x01bf7d33) x26 0x00000004
core   0: 0x8000549e (0x033bedb3) rem     s11, s7, s3
core   0: 3 0x8000549e (0x033bedb3) x27 0xffffffff
core   0: 0x800054a2 (0x01c89b13) slli    s6, a7, 28
core   0: 3 0x800054a2 (0x01c89b13) x22 0x70000000
core   0: 0x800054a6 (0x00000001) c.nop
core   0: 3 0x800054a6 (0x0001)
core   0: 0x800054a8 (0x5167cc93) xori    s9, a5, 1302
core   0: 3 0x800054a8 (0x5167cc93) x25 0xfffffae9
core   0: 0x800054ac (0x00008bc5) c.andi  a5, 17
core   0: 3 0x800054ac (0x8bc5) x15 0x00000011
core   0: 0x800054ae (0x0000843e) c.mv    s0, a5
core   0: 3 0x800054ae (0x843e) x8  0x00000011
core   0: 0x800054b0 (0x00000001) c.nop
core   0: 3 0x800054b0 (0x0001)
core   0: 0x800054b2 (0x023d0bb3) mul     s7, s10, gp
core   0: 3 0x800054b2 (0x023d0bb3) x23 0x48000000
core   0: 0x800054b6 (0x035da2b3) mulhsu  t0, s11, s5
core   0: 3 0x800054b6 (0x035da2b3) x5  0xffffffff
core   0: 0x800054ba (0x867a0413) addi    s0, s4, -1945
core   0: 3 0x800054ba (0x867a0413) x8  0xfffff866
core   0: 0x800054be (0x0121b4b3) sltu    s1, gp, s2
core   0: 3 0x800054be (0x0121b4b3) x9  0x00000000
core   0: 0x800054c2 (0x00914463) blt     sp, s1, pc + 8
core   0: 3 0x800054c2 (0x00914463)
core   0: 0x800054ca (0x000057fd) c.li    a5, -1
core   0: 3 0x800054ca (0x57fd) x15 0xffffffff
core   0: 0x800054cc (0x0022e0b3) or      ra, t0, sp
core   0: 3 0x800054cc (0x0022e0b3) x1  0xffffffff
core   0: 0x800054d0 (0x340a31f3) csrrc   gp, mscratch, s4
core   0: 3 0x800054d0 (0x340a31f3) x3  0x0000001c c832_mscratch 0x00000000
core   0: 0x800054d4 (0x0000cf89) c.beqz  a5, pc + 26
core   0: 3 0x800054d4 (0xcf89)
core   0: 0x800054d6 (0x00008f79) c.and   a4, a4
core   0: 3 0x800054d6 (0x8f79) x14 0x1096e000
core   0: 0x800054d8 (0x34007d73) csrrci  s10, mscratch, 0
core   0: 3 0x800054d8 (0x34007d73) x26 0x00000000
core   0: 0x800054dc (0x034fd233) divu    tp, t6, s4
core   0: 3 0x800054dc (0x034fd233) x4  0x00000000
core   0: 0x800054e0 (0x000084a6) c.mv    s1, s1
core   0: 3 0x800054e0 (0x84a6) x9  0x00000000
core   0: 0x800054e2 (0x34013673) csrrc   a2, mscratch, sp
core   0: 3 0x800054e2 (0x34013673) x12 0x00000000 c832_mscratch 0x00000000
core   0: 0x800054e6 (0x00004a15) c.li    s4, 5
core   0: 3 0x800054e6 (0x4a15) x20 0x00000005
core   0: 0x800054e8 (0x40f302b3) sub     t0, t1, a5
core   0: 3 0x800054e8 (0x40f302b3) x5  0x00000001
core   0: 0x800054ec (0x0000cb95) c.beqz  a5, pc + 52
core   0: 3 0x800054ec (0xcb95)
core   0: 0x800054ee (0x00000001) c.nop
core   0: 3 0x800054ee (0x0001)
core   0: 0x800054f0 (0x000085b9) c.srai  a1, 14
core   0: 3 0x800054f0 (0x85b9) x11 0x00000000
core   0: 0x800054f2 (0x38be4013) xori    zero, t3, 907
core   0: 3 0x800054f2 (0x38be4013)
core   0: 0x800054f6 (0x0124f233) and     tp, s1, s2
core   0: 3 0x800054f6 (0x0124f233) x4  0x00000000
core   0: 0x800054fa (0x340a9b73) csrrw   s6, mscratch, s5
core   0: 3 0x800054fa (0x340a9b73) x22 0x00000000 c832_mscratch 0x0012f520
core   0: 0x800054fe (0x6e82e013) ori     zero, t0, 1768
core   0: 3 0x800054fe (0x6e82e013)
core   0: 0x80005502 (0x00d34433) xor     s0, t1, a3
core   0: 3 0x80005502 (0x00d34433) x8  0x80029d24
core   0: 0x80005506 (0x00f35613) srli    a2, t1, 15
core   0: 3 0x80005506 (0x00f35613) x12 0x00000000
core   0: 0x8000550a (0x00000001) c.nop
core   0: 3 0x8000550a (0x0001)
core   0: 0x8000550c (0x00006339) c.lui   t1, 0xe
core   0: 3 0x8000550c (0x6339) x6  0x0000e000
core   0: 0x8000550e (0x00000001) c.nop
core   0: 3 0x8000550e (0x0001)
core   0: 0x80005510 (0x00006ec1) c.lui   t4, 0x10
core   0: 3 0x80005510 (0x6ec1) x29 0x00010000
core   0: 0x80005512 (0x0000100f) fence.i
core   0: 3 0x80005512 (0x0000100f)
core   0: 0x80005516 (0x031a3433) mulhu   s0, s4, a7
core   0: 3 0x80005516 (0x031a3433) x8  0x00000000
core   0: 0x8000551a (0x000080c9) c.srli  s1, 18
core   0: 3 0x8000551a (0x80c9) x9  0x00000000
core   0: 0x8000551c (0x0000cd1d) c.beqz  a0, pc + 62
core   0: 3 0x8000551c (0xcd1d)
core   0: 0x8000555a (0x00000dad) c.addi  s11, 11
core   0: 3 0x8000555a (0x0dad) x27 0x0000000a
core   0: 0x8000555c (0x00a832b3) sltu    t0, a6, a0
core   0: 3 0x8000555c (0x00a832b3) x5  0x00000000
core   0: 0x80005560 (0x001c1033) sll     zero, s8, ra
core   0: 3 0x80005560 (0x001c1033)
core   0: 0x80005564 (0x2a17ae93) slti    t4, a5, 673
core   0: 3 0x80005564 (0x2a17ae93) x29 0x00000001
core   0: 0x80005568 (0x90398193) addi    gp, s3, -1789
core   0: 3 0x80005568 (0x90398193) x3  0xfffffb3e
core   0: 0x8000556c (0x000004d2) c.slli  s1, 20
core   0: 3 0x8000556c (0x04d2) x9  0x00000000
core   0: 0x8000556e (0x0ff0000f) fence   iorw,iorw
core   0: 3 0x8000556e (0x0ff0000f)
core   0: 0x80005572 (0x01e098b3) sll     a7, ra, t5
core   0: 3 0x80005572 (0x01e098b3) x17 0xfffffff0
core   0: 0x80005576 (0x02875a33) divu    s4, a4, s0
core   0: 3 0x80005576 (0x02875a33) x20 0xffffffff
core   0: 0x8000557a (0x01aa4a33) xor     s4, s4, s10
core   0: 3 0x8000557a (0x01aa4a33) x20 0xffffffff
core   0: 0x8000557e (0x00006989) c.lui   s3, 0x2
core   0: 3 0x8000557e (0x6989) x19 0x00002000
core   0: 0x80005580 (0x02c16f63) bltu    sp, a2, pc + 62
core   0: 3 0x80005580 (0x02c16f63)
core   0: 0x80005584 (0x00241363) bne     s0, sp, pc + 6
core   0: 3 0x80005584 (0x00241363)
core   0: 0x8000558a (0x000084be) c.mv    s1, a5
core   0: 3 0x8000558a (0x84be) x9  0xffffffff
core   0: 0x8000558c (0x340de373) csrrsi  t1, mscratch, 27
core   0: 3 0x8000558c (0x340de373) x6  0x0012f520 c832_mscratch 0x0012f53b
core   0: 0x80005590 (0x00000001) c.nop
core   0: 3 0x80005590 (0x0001)
core   0: 0x80005592 (0x03741c33) mulh    s8, s0, s7
core   0: 3 0x80005592 (0x03741c33) x24 0x00000000
core   0: 0x80005596 (0xc5282513) slti    a0, a6, -942
core   0: 3 0x80005596 (0xc5282513) x10 0x00000001
core   0: 0x8000559a (0x00006f5d) c.lui   t5, 0x17
core   0: 3 0x8000559a (0x6f5d) x30 0x00017000
core   0: 0x8000559c (0x002ee9b3) or      s3, t4, sp
core   0: 3 0x8000559c (0x002ee9b3) x19 0xfc65f359
core   0: 0x800055a0 (0xf0c98a93) addi    s5, s3, -244
core   0: 3 0x800055a0 (0xf0c98a93) x21 0xfc65f265
core   0: 0x800055a4 (0x011029b3) slt     s3, zero, a7
core   0: 3 0x800055a4 (0x011029b3) x19 0x00000000
core   0: 0x800055a8 (0x00008fe5) c.and   a5, s1
core   0: 3 0x800055a8 (0x8fe5) x15 0xffffffff
core   0: 0x800055aa (0x410d2813) slti    a6, s10, 1040
core   0: 3 0x800055aa (0x410d2813) x16 0x00000001
core   0: 0x800055ae (0x41c00733) sub     a4, zero, t3
core   0: 3 0x800055ae (0x41c00733) x14 0x7ffda15c
core   0: 0x800055b2 (0xb6191cb7) lui     s9, 0xb6191
core   0: 3 0x800055b2 (0xb6191cb7) x25 0xb6191000
core   0: 0x800055b6 (0x0000100f) fence.i
core   0: 3 0x800055b6 (0x0000100f)
core   0: 0x800055ba (0x00000001) c.nop
core   0: 3 0x800055ba (0x0001)
core   0: 0x800055bc (0x00008609) c.srai  a2, 2
core   0: 3 0x800055bc (0x8609) x12 0x00000000
core   0: 0x800055be (0x0000cd05) c.beqz  a0, pc + 56
core   0: 3 0x800055be (0xcd05)
core   0: 0x800055c0 (0x000001ce) c.slli  gp, 19
core   0: 3 0x800055c0 (0x01ce) x3  0xd9f00000
core   0: 0x800055c2 (0x0000cd05) c.beqz  a0, pc + 56
core   0: 3 0x800055c2 (0xcd05)
core   0: 0x800055c4 (0x00008f75) c.and   a4, a3
core   0: 3 0x800055c4 (0x8f75) x14 0x00008104
core   0: 0x800055c6 (0xd648e593) ori     a1, a7, -668
core   0: 3 0x800055c6 (0xd648e593) x11 0xfffffff4
core   0: 0x800055ca (0x0ff0000f) fence   iorw,iorw
core   0: 3 0x800055ca (0x0ff0000f)
core   0: 0x800055ce (0x00009266) c.add   tp, s9
core   0: 3 0x800055ce (0x9266) x4  0xb6191000
core   0: 0x800055d0 (0x41cb5393) srai    t2, s6, 28
core   0: 3 0x800055d0 (0x41cb5393) x7  0x00000000
core   0: 0x800055d4 (0x0e4b0513) addi    a0, s6, 228
core   0: 3 0x800055d4 (0x0e4b0513) x10 0x000000e4
core   0: 0x800055d8 (0x00000001) c.nop
core   0: 3 0x800055d8 (0x0001)
core   0: 0x800055da (0x00008a7a) c.mv    s4, t5
core   0: 3 0x800055da (0x8a7a) x20 0x00017000
core   0: 0x800055dc (0x0ff0000f) fence   iorw,iorw
core   0: 3 0x800055dc (0x0ff0000f)
core   0: 0x800055e0 (0x0000cb19) c.beqz  a4, pc + 22
core   0: 3 0x800055e0 (0xcb19)
core   0: 0x800055e2 (0x000088b9) c.andi  s1, 14
core   0: 3 0x800055e2 (0x88b9) x9  0x0000000e
core   0: 0x800055e4 (0x023bbc33) mulhu   s8, s7, gp
core   0: 3 0x800055e4 (0x023bbc33) x24 0x3d4b8000
core   0: 0x800055e8 (0x036d4163) blt     s10, s6, pc + 34
core   0: 3 0x800055e8 (0x036d4163)
core   0: 0x800055ec (0x000008da) c.slli  a7, 22
core   0: 3 0x800055ec (0x08da) x17 0xfc000000
core   0: 0x800055ee (0xeb6087b7) lui     a5, 0xeb608
core   0: 3 0x800055ee (0xeb6087b7) x15 0xeb608000
core   0: 0x800055f2 (0x34003bf3) csrrc   s7, mscratch, zero
core   0: 3 0x800055f2 (0x34003bf3) x23 0x0012f53b
core   0: 0x800055f6 (0x00c1beb3) sltu    t4, gp, a2
core   0: 3 0x800055f6 (0x00c1beb3) x29 0x00000000
core   0: 0x800055fa (0x01d10db3) add     s11, sp, t4
core   0: 3 0x800055fa (0x01d10db3) x27 0xfc65f358
core   0: 0x800055fe (0x0ff0000f) fence   iorw,iorw
core   0: 3 0x800055fe (0x0ff0000f)
core   0: 0x80005602 (0x00004379) c.li    t1, 30
core   0: 3 0x80005602 (0x4379) x6  0x0000001e
core   0: 0x80005604 (0x00ede9b3) or      s3, s11, a4
core   0: 3 0x80005604 (0x00ede9b3) x19 0xfc65f35c
core   0: 0x80005608 (0x00006821) c.lui   a6, 0x8
core   0: 3 0x80005608 (0x6821) x16 0x00008000
core   0: 0x8000560a (0x00fdd293) srli    t0, s11, 15
core   0: 3 0x8000560a (0x00fdd293) x5  0x0001f8cb
core   0: 0x8000560e (0x00000001) c.nop
core   0: 3 0x8000560e (0x0001)
core   0: 0x80005610 (0x01c32d33) slt     s10, t1, t3
core   0: 3 0x80005610 (0x01c32d33) x26 0x00000000
core   0: 0x80005614 (0x0284c033) div     zero, s1, s0
core   0: 3 0x80005614 (0x0284c033)
core   0: 0x80005618 (0x00008415) c.srai  s0, 5
core   0: 3 0x80005618 (0x8415) x8  0x00000000
core   0: 0x8000561a (0x00008331) c.srli  a4, 12
core   0: 3 0x8000561a (0x8331) x14 0x00000008
core   0: 0x8000561c (0x34019873) csrrw   a6, mscratch, gp
core   0: 3 0x8000561c (0x34019873) x16 0x0012f53b c832_mscratch 0xd9f00000
core   0: 0x80005620 (0x0122de63) bge     t0, s2, pc + 28
core   0: 3 0x80005620 (0x0122de63)
core   0: 0x80005624 (0x0000941e) c.add   s0, t2
core   0: 3 0x80005624 (0x941e) x8  0x00000000
core   0: 0x80005626 (0xfceca013) slti    zero, s9, -50
core   0: 3 0x80005626 (0xfceca013)
core   0: 0x8000562a (0x000069b5) c.lui   s3, 0xd
core   0: 3 0x8000562a (0x69b5) x19 0x0000d000
core   0: 0x8000562c (0x00d79b63) bne     a5, a3, pc + 22
core   0: 3 0x8000562c (0x00d79b63)
core   0: 0x80005642 (0x0000100f) fence.i
core   0: 3 0x80005642 (0x0000100f)
core   0: 0x80005646 (0x02abec33) rem     s8, s7, a0
core   0: 3 0x80005646 (0x02abec33) x24 0x00000037
core   0: 0x8000564a (0x028647b3) div     a5, a2, s0
core   0: 3 0x8000564a (0x028647b3) x15 0xffffffff
core   0: 0x8000564e (0x000081f9) c.srli  a1, 30
core   0: 3 0x8000564e (0x81f9) x11 0x00000003
core   0: 0x80005650 (0x00000001) c.nop
core   0: 3 0x80005650 (0x0001)
core   0: 0x80005652 (0x00d530b3) sltu    ra, a0, a3
core   0: 3 0x80005652 (0x00d530b3) x1  0x00000001
core   0: 0x80005656 (0x00004731) c.li    a4, 12
core   0: 3 0x80005656 (0x4731) x14 0x0000000c
core   0: 0x80005658 (0x01813cb3) sltu    s9, sp, s8
core   0: 3 0x80005658 (0x01813cb3) x25 0x00000000
core   0: 0x8000565c (0xb1a17913) andi    s2, sp, -1254
core   0: 3 0x8000565c (0xb1a17913) x18 0xfc65f318
core   0: 0x80005660 (0x0010c3b3) xor     t2, ra, ra
core   0: 3 0x80005660 (0x0010c3b3) x7  0x00000000
core   0: 0x80005664 (0x000010fd) c.addi  ra, -1
core   0: 3 0x80005664 (0x10fd) x1  0x00000000
core   0: 0x80005666 (0x340a79f3) csrrci  s3, mscratch, 20
core   0: 3 0x80005666 (0x340a79f3) x19 0xd9f00000 c832_mscratch 0xd9f00000
core   0: 0x8000566a (0x00008de1) c.and   a1, s0
core   0: 3 0x8000566a (0x8de1) x11 0x00000000
core   0: 0x8000566c (0x03130933) mul     s2, t1, a7
core   0: 3 0x8000566c (0x03130933) x18 0x88000000
core   0: 0x80005670 (0x340e1ef3) csrrw   t4, mscratch, t3
core   0: 3 0x80005670 (0x340e1ef3) x29 0xd9f00000 c832_mscratch 0x80025ea4
core   0: 0x80005674 (0x000085d9) c.srai  a1, 22
core   0: 3 0x80005674 (0x85d9) x11 0x00000000
core   0: 0x80005676 (0x00005ffd) c.li    t6, -1
core   0: 3 0x80005676 (0x5ffd) x31 0xffffffff
core   0: 0x80005678 (0x00000001) c.nop
core   0: 3 0x80005678 (0x0001)
core   0: 0x8000567a (0x00f0bbb3) sltu    s7, ra, a5
core   0: 3 0x8000567a (0x00f0bbb3) x23 0x00000001
core   0: 0x8000567e (0x03e10a63) beq     sp, t5, pc + 52
core   0: 3 0x8000567e (0x03e10a63)
core   0: 0x80005682 (0x34043673) csrrc   a2, mscratch, s0
core   0: 3 0x80005682 (0x34043673) x12 0x80025ea4 c832_mscratch 0x80025ea4
core   0: 0x80005686 (0x340d93f3) csrrw   t2, mscratch, s11
core   0: 3 0x80005686 (0x340d93f3) x7  0x80025ea4 c832_mscratch 0xfc65f358
core   0: 0x8000568a (0x3403f773) csrrci  a4, mscratch, 7
core   0: 3 0x8000568a (0x3403f773) x14 0xfc65f358 c832_mscratch 0xfc65f358
core   0: 0x8000568e (0x3403d873) csrrwi  a6, mscratch, 7
core   0: 3 0x8000568e (0x3403d873) x16 0xfc65f358 c832_mscratch 0x00000007
core   0: 0x80005692 (0x00009516) c.add   a0, t0
core   0: 3 0x80005692 (0x9516) x10 0x0001f9af
core   0: 0x80005694 (0xae02a193) slti    gp, t0, -1312
core   0: 3 0x80005694 (0xae02a193) x3  0x00000000
core   0: 0x80005698 (0x00ccd893) srli    a7, s9, 12
core   0: 3 0x80005698 (0x00ccd893) x17 0x00000000
core   0: 0x8000569c (0x00986763) bltu    a6, s1, pc + 14
core   0: 3 0x8000569c (0x00986763)
core   0: 0x800056a0 (0x0000666d) c.lui   a2, 0x1b
core   0: 3 0x800056a0 (0x666d) x12 0x0001b000
core   0: 0x800056a2 (0x03e87fb3) remu    t6, a6, t5
core   0: 3 0x800056a2 (0x03e87fb3) x31 0x00013358
core   0: 0x800056a6 (0x004392b3) sll     t0, t2, tp
core   0: 3 0x800056a6 (0x004392b3) x5  0x80025ea4
core   0: 0x800056aa (0x0000835d) c.srli  a4, 23
core   0: 3 0x800056aa (0x835d) x14 0x000001f8
core   0: 0x800056ac (0x000002fd) c.addi  t0, 31
core   0: 3 0x800056ac (0x02fd) x5  0x80025ec3
core   0: 0x800056ae (0x00a30fb3) add     t6, t1, a0
core   0: 3 0x800056ae (0x00a30fb3) x31 0x0001f9cd
core   0: 0x800056b2 (0x000051fd) c.li    gp, -1
core   0: 3 0x800056b2 (0x51fd) x3  0xffffffff
core   0: 0x800056b4 (0x0099beb3) sltu    t4, s3, s1
core   0: 3 0x800056b4 (0x0099beb3) x29 0x00000000
core   0: 0x800056b8 (0x02ec62b3) rem     t0, s8, a4
core   0: 3 0x800056b8 (0x02ec62b3) x5  0x00000037
core   0: 0x800056bc (0x00000001) c.nop
core   0: 3 0x800056bc (0x0001)
core   0: 0x800056be (0x0277f533) remu    a0, a5, t2
core   0: 3 0x800056be (0x0277f533) x10 0x7ffda15b
core   0: 0x800056c2 (0x258a4d93) xori    s11, s4, 600
core   0: 3 0x800056c2 (0x258a4d93) x27 0x00017258
core   0: 0x800056c6 (0x03192433) mulhsu  s0, s2, a7
core   0: 3 0x800056c6 (0x03192433) x8  0x00000000
core   0: 0x800056ca (0x00000886) c.slli  a7, 1
core   0: 3 0x800056ca (0x0886) x17 0x00000000
core   0: 0x800056cc (0x000068ed) c.lui   a7, 0x1b
core   0: 3 0x800056cc (0x68ed) x17 0x0001b000
core   0: 0x800056ce (0x03a45cb3) divu    s9, s0, s10
core   0: 3 0x800056ce (0x03a45cb3) x25 0xffffffff
core   0: 0x800056d2 (0x0198b1b3) sltu    gp, a7, s9
core   0: 3 0x800056d2 (0x0198b1b3) x3  0x00000001
core   0: 0x800056d6 (0xc4ca8b17) auipc   s6, 0xc4ca8
core   0: 3 0x800056d6 (0xc4ca8b17) x22 0x44cad6d6
core   0: 0x800056da (0x00008f46) c.mv    t5, a7
core   0: 3 0x800056da (0x8f46) x30 0x0001b000
core   0: 0x800056dc (0x00008dc1) c.or    a1, s0
core   0: 3 0x800056dc (0x8dc1) x11 0x00000000
core   0: 0x800056de (0x03256fb3) rem     t6, a0, s2
core   0: 3 0x800056de (0x03256fb3) x31 0x07fda15b
core   0: 0x800056e2 (0x02016c63) bltu    sp, zero, pc + 56
core   0: 3 0x800056e2 (0x02016c63)
core   0: 0x800056e6 (0x021e7b33) remu    s6, t3, ra
core   0: 3 0x800056e6 (0x021e7b33) x22 0x80025ea4
core   0: 0x800056ea (0x01651263) bne     a0, s6, pc + 4
core   0: 3 0x800056ea (0x01651263)
core   0: 0x800056ee (0x00e3c2b3) xor     t0, t2, a4
core   0: 3 0x800056ee (0x00e3c2b3) x5  0x80025f5c
core   0: 0x800056f2 (0x0000c219) c.beqz  a2, pc + 6
core   0: 3 0x800056f2 (0xc219)
core   0: 0x800056f4 (0x02c44633) div     a2, s0, a2
core   0: 3 0x800056f4 (0x02c44633) x12 0x00000000
core   0: 0x800056f8 (0x02612a33) mulhsu  s4, sp, t1
core   0: 3 0x800056f8 (0x02612a33) x20 0xffffffff
core   0: 0x800056fc (0x012f9f13) slli    t5, t6, 18
core   0: 3 0x800056fc (0x012f9f13) x30 0x856c0000
core   0: 0x80005700 (0x000089f9) c.andi  a1, 30
core   0: 3 0x80005700 (0x89f9) x11 0x00000000
core   0: 0x80005702 (0x0000e399) c.bnez  a5, pc + 6
core   0: 3 0x80005702 (0xe399)
core   0: 0x80005708 (0x0124ab33) slt     s6, s1, s2
core   0: 3 0x80005708 (0x0124ab33) x22 0x00000000
core   0: 0x8000570c (0x34043873) csrrc   a6, mscratch, s0
core   0: 3 0x8000570c (0x34043873) x16 0x00000007 c832_mscratch 0x00000007
core   0: 0x80005710 (0x000085d5) c.srai  a1, 21
core   0: 3 0x80005710 (0x85d5) x11 0x00000000
core   0: 0x80005712 (0x3407bc73) csrrc   s8, mscratch, a5
core   0: 3 0x80005712 (0x3407bc73) x24 0x00000007 c832_mscratch 0x00000000
core   0: 0x80005716 (0x1937f9b7) lui     s3, 0x1937f
core   0: 3 0x80005716 (0x1937f9b7) x19 0x1937f000
core   0: 0x8000571a (0x0000c489) c.beqz  s1, pc + 10
core   0: 3 0x8000571a (0xc489)
core   0: 0x8000571c (0x02ddceb3) div     t4, s11, a3
core   0: 3 0x8000571c (0x02ddceb3) x29 0x00000000
core   0: 0x80005720 (0x00e903b3) add     t2, s2, a4
core   0: 3 0x80005720 (0x00e903b3) x7  0x880001f8
core   0: 0x80005724 (0x0a733c13) sltiu   s8, t1, 167
core   0: 3 0x80005724 (0x0a733c13) x24 0x00000001
core   0: 0x80005728 (0x029a22b3) mulhsu  t0, s4, s1
core   0: 3 0x80005728 (0x029a22b3) x5  0xffffffff
core   0: 0x8000572c (0x01f4bd33) sltu    s10, s1, t6
core   0: 3 0x8000572c (0x01f4bd33) x26 0x00000001
core   0: 0x80005730 (0x34003873) csrrc   a6, mscratch, zero
core   0: 3 0x80005730 (0x34003873) x16 0x00000000
core   0: 0x80005734 (0x18902f93) slti    t6, zero, 393
core   0: 3 0x80005734 (0x18902f93) x31 0x00000001
core   0: 0x80005738 (0x0000e80d) c.bnez  s0, pc + 50
core   0: 3 0x80005738 (0xe80d)
core   0: 0x8000573a (0xa97f6813) ori     a6, t5, -1385
core   0: 3 0x8000573a (0xa97f6813) x16 0xfffffa97
core   0: 0x8000573e (0x005a9ab3) sll     s5, s5, t0
core   0: 3 0x8000573e (0x005a9ab3) x21 0x80000000
core   0: 0x80005742 (0x00008fd1) c.or    a5, a2
core   0: 3 0x80005742 (0x8fd1) x15 0xffffffff
core   0: 0x80005744 (0x032f9763) bne     t6, s2, pc + 46
core   0: 3 0x80005744 (0x032f9763)
core   0: 0x80005772 (0x00b39793) slli    a5, t2, 11
core   0: 3 0x80005772 (0x00b39793) x15 0x000fc000
core   0: 0x80005776 (0x0033f0b3) and     ra, t2, gp
core   0: 3 0x80005776 (0x0033f0b3) x1  0x00000000
core   0: 0x8000577a (0x008c5663) bge     s8, s0, pc + 12
core   0: 3 0x8000577a (0x008c5663)
core   0: 0x80005786 (0x340cd573) csrrwi  a0, mscratch, 25
core   0: 3 0x80005786 (0x340cd573) x10 0x00000000 c832_mscratch 0x00000019
core   0: 0x8000578a (0x03950db3) mul     s11, a0, s9
core   0: 3 0x8000578a (0x03950db3) x27 0x00000000
core   0: 0x8000578e (0x9c038b93) addi    s7, t2, -1600
core   0: 3 0x8000578e (0x9c038b93) x23 0x87fffbb8
core   0: 0x80005792 (0x02db3233) mulhu   tp, s6, a3
core   0: 3 0x80005792 (0x02db3233) x4  0x00000000
core   0: 0x80005796 (0x003344b3) xor     s1, t1, gp
core   0: 3 0x80005796 (0x003344b3) x9  0x0000001f
core   0: 0x8000579a (0x340af273) csrrci  tp, mscratch, 21
core   0: 3 0x8000579a (0x340af273) x4  0x00000019 c832_mscratch 0x00000008
core   0: 0x8000579e (0x0ff0000f) fence   iorw,iorw
core   0: 3 0x8000579e (0x0ff0000f)
core   0: 0x800057a2 (0x0000c89d) c.beqz  s1, pc + 54
core   0: 3 0x800057a2 (0xc89d)
core   0: 0x800057a4 (0x340bd773) csrrwi  a4, mscratch, 23
core   0: 3 0x800057a4 (0x340bd773) x14 0x00000008 c832_mscratch 0x00000017
core   0: 0x800057a8 (0x0095a733) slt     a4, a1, s1
core   0: 3 0x800057a8 (0x0095a733) x14 0x00000001
core   0: 0x800057ac (0x8518fb97) auipc   s7, 0x8518f
core   0: 3 0x800057ac (0x8518fb97) x23 0x051947ac
core   0: 0x800057b0 (0x00dde033) or      zero, s11, a3
core   0: 3 0x800057b0 (0x00dde033)
core   0: 0x800057b4 (0x340e15f3) csrrw   a1, mscratch, t3
core   0: 3 0x800057b4 (0x340e15f3) x11 0x00000017 c832_mscratch 0x80025ea4
core   0: 0x800057b8 (0x003dcd33) xor     s10, s11, gp
core   0: 3 0x800057b8 (0x003dcd33) x26 0x00000001
core   0: 0x800057bc (0xc23b0513) addi    a0, s6, -989
core   0: 3 0x800057bc (0xc23b0513) x10 0xfffffc23
core   0: 0x800057c0 (0xc815b513) sltiu   a0, a1, -895
core   0: 3 0x800057c0 (0xc815b513) x10 0x00000001
core   0: 0x800057c4 (0x01625d93) srli    s11, tp, 22
core   0: 3 0x800057c4 (0x01625d93) x27 0x00000000
core   0: 0x800057c8 (0x00009a7d) c.andi  a2, -1
core   0: 3 0x800057c8 (0x9a7d) x12 0x00000000
core   0: 0x800057ca (0x01a711b3) sll     gp, a4, s10
core   0: 3 0x800057ca (0x01a711b3) x3  0x00000002
core   0: 0x800057ce (0x0000852d) c.srai  a0, 11
core   0: 3 0x800057ce (0x852d) x10 0x00000000
core   0: 0x800057d0 (0x000068f1) c.lui   a7, 0x1c
core   0: 3 0x800057d0 (0x68f1) x17 0x0001c000
core   0: 0x800057d2 (0x0000eb01) c.bnez  a4, pc + 16
core   0: 3 0x800057d2 (0xeb01)
core   0: 0x800057e2 (0x02470333) mul     t1, a4, tp
core   0: 3 0x800057e2 (0x02470333) x6  0x00000019
core   0: 0x800057e6 (0x0309fdb3) remu    s11, s3, a6
core   0: 3 0x800057e6 (0x0309fdb3) x27 0x1937f000
core   0: 0x800057ea (0x001b43b3) xor     t2, s6, ra
core   0: 3 0x800057ea (0x001b43b3) x7  0x00000000
core   0: 0x800057ee (0x41745eb3) sra     t4, s0, s7
core   0: 3 0x800057ee (0x41745eb3) x29 0x00000000
core   0: 0x800057f2 (0x03d57533) remu    a0, a0, t4
core   0: 3 0x800057f2 (0x03d57533) x10 0x00000000
core   0: 0x800057f6 (0x00008ad6) c.mv    s5, s5
core   0: 3 0x800057f6 (0x8ad6) x21 0x80000000
core   0: 0x800057f8 (0x013ad433) srl     s0, s5, s3
core   0: 3 0x800057f8 (0x013ad433) x8  0x80000000
core   0: 0x800057fc (0x41385f13) srai    t5, a6, 19
core   0: 3 0x800057fc (0x41385f13) x30 0xffffffff
core   0: 0x80005800 (0x0ff0000f) fence   iorw,iorw
core   0: 3 0x80005800 (0x0ff0000f)
core   0: 0x80005804 (0x34006ef3) csrrsi  t4, mscratch, 0
core   0: 3 0x80005804 (0x34006ef3) x29 0x80025ea4
core   0: 0x80005808 (0xac0043b7) lui     t2, 0xac004
core   0: 3 0x80005808 (0xac0043b7) x7  0xac004000
core   0: 0x8000580c (0x00008fc9) c.or    a5, a0
core   0: 3 0x8000580c (0x8fc9) x15 0x000fc000
core   0: 0x8000580e (0x03567763) bgeu    a2, s5, pc + 46
core   0: 3 0x8000580e (0x03567763)
core   0: 0x80005812 (0x40650eb3) sub     t4, a0, t1
core   0: 3 0x80005812 (0x40650eb3) x29 0xffffffe7
core   0: 0x80005816 (0x03f3c363) blt     t2, t6, pc + 38
core   0: 3 0x80005816 (0x03f3c363)
core   0: 0x8000583c (0x03e36b33) rem     s6, t1, t5
core   0: 3 0x8000583c (0x03e36b33) x22 0x00000000
core   0: 0x80005840 (0x00dd9493) slli    s1, s11, 13
core   0: 3 0x80005840 (0x00dd9493) x9  0xfe000000
core   0: 0x80005844 (0x0000e399) c.bnez  a5, pc + 6
core   0: 3 0x80005844 (0xe399)
core   0: 0x8000584a (0x0000d933) srl     s2, ra, zero
core   0: 3 0x8000584a (0x0000d933) x18 0x00000000
core   0: 0x8000584e (0x61e37b93) andi    s7, t1, 1566
core   0: 3 0x8000584e (0x61e37b93) x23 0x00000018
core   0: 0x80005852 (0x340b37f3) csrrc   a5, mscratch, s6
core   0: 3 0x80005852 (0x340b37f3) x15 0x80025ea4 c832_mscratch 0x80025ea4
core   0: 0x80005856 (0x00006559) c.lui   a0, 0x16
core   0: 3 0x80005856 (0x6559) x10 0x00016000
core   0: 0x80005858 (0x34059df3) csrrw   s11, mscratch, a1
core   0: 3 0x80005858 (0x34059df3) x27 0x80025ea4 c832_mscratch 0x00000017
core   0: 0x8000585c (0x0000064e) c.slli  a2, 19
core   0: 3 0x8000585c (0x064e) x12 0x00000000
core   0: 0x8000585e (0x02ff7363) bgeu    t5, a5, pc + 38
core   0: 3 0x8000585e (0x02ff7363)
core   0: 0x80005884 (0x34029873) csrrw   a6, mscratch, t0
core   0: 3 0x80005884 (0x34029873) x16 0x00000017 c832_mscratch 0xffffffff
core   0: 0x80005888 (0x0102afb3) slt     t6, t0, a6
core   0: 3 0x80005888 (0x0102afb3) x31 0x00000001
core   0: 0x8000588c (0x1d342613) slti    a2, s0, 467
core   0: 3 0x8000588c (0x1d342613) x12 0x00000001
core   0: 0x80005890 (0x3406b9f3) csrrc   s3, mscratch, a3
core   0: 3 0x80005890 (0x3406b9f3) x19 0xffffffff c832_mscratch 0x7ffd62db
core   0: 0x80005894 (0x010107b3) add     a5, sp, a6
core   0: 3 0x80005894 (0x010107b3) x15 0xfc65f36f
core   0: 0x80005898 (0x04dfe163) bltu    t6, a3, pc + 66
core   0: 3 0x80005898 (0x04dfe163)
core   0: 0x800058da (0x410a0fb3) sub     t6, s4, a6
core   0: 3 0x800058da (0x410a0fb3) x31 0xffffffe8
core   0: 0x800058de (0x00451233) sll     tp, a0, tp
core   0: 3 0x800058de (0x00451233) x4  0x00000000
core   0: 0x800058e2 (0x00bb5db3) srl     s11, s6, a1
core   0: 3 0x800058e2 (0x00bb5db3) x27 0x00000000
core   0: 0x800058e6 (0x02f99233) mulh    tp, s3, a5
core   0: 3 0x800058e6 (0x02f99233) x4  0x00000000
core   0: 0x800058ea (0x00f13a13) sltiu   s4, sp, 15
core   0: 3 0x800058ea (0x00f13a13) x20 0x00000000
core   0: 0x800058ee (0x40db5833) sra     a6, s6, a3
core   0: 3 0x800058ee (0x40db5833) x16 0x00000000
core   0: 0x800058f2 (0x02142b33) mulhsu  s6, s0, ra
core   0: 3 0x800058f2 (0x02142b33) x22 0x00000000
core   0: 0x800058f6 (0x0000987d) c.andi  s0, -1
core   0: 3 0x800058f6 (0x987d) x8  0x80000000
core   0: 0x800058f8 (0x340b5cf3) csrrwi  s9, mscratch, 22
core   0: 3 0x800058f8 (0x340b5cf3) x25 0x7ffd62db c832_mscratch 0x00000016
core   0: 0x800058fc (0x409758b3) sra     a7, a4, s1
core   0: 3 0x800058fc (0x409758b3) x17 0x00000001
core   0: 0x80005900 (0xb35dea13) ori     s4, s11, -1227
core   0: 3 0x80005900 (0xb35dea13) x20 0xfffffb35
core   0: 0x80005904 (0x03245363) bge     s0, s2, pc + 38
core   0: 3 0x80005904 (0x03245363)
core   0: 0x80005908 (0x00004305) c.li    t1, 1
core   0: 3 0x80005908 (0x4305) x6  0x00000001
core   0: 0x8000590a (0x933e6d93) ori     s11, t3, -1741
core   0: 3 0x8000590a (0x933e6d93) x27 0xffffffb7
core   0: 0x8000590e (0x10cd4413) xori    s0, s10, 268
core   0: 3 0x8000590e (0x10cd4413) x8  0x0000010d
core   0: 0x80005912 (0x0000cc91) c.beqz  s1, pc + 28
core   0: 3 0x80005912 (0xcc91)
core   0: 0x80005914 (0x0000c385) c.beqz  a5, pc + 32
core   0: 3 0x80005914 (0xc385)
core   0: 0x80005916 (0x58b13c93) sltiu   s9, sp, 1419
core   0: 3 0x80005916 (0x58b13c93) x25 0x00000000
core   0: 0x8000591a (0x34027773) csrrci  a4, mscratch, 4
core   0: 3 0x8000591a (0x34027773) x14 0x00000016 c832_mscratch 0x00000012
core   0: 0x8000591e (0x1d44f893) andi    a7, s1, 468
core   0: 3 0x8000591e (0x1d44f893) x17 0x00000000
core   0: 0x80005922 (0x5d9beb93) ori     s7, s7, 1497
core   0: 3 0x80005922 (0x5d9beb93) x23 0x000005d9
core   0: 0x80005926 (0x00008d7d) c.and   a0, a5
core   0: 3 0x80005926 (0x8d7d) x10 0x00016000
core   0: 0x80005928 (0x00008c0d) c.sub   s0, a1
core   0: 3 0x80005928 (0x8c0d) x8  0x000000f6
core   0: 0x8000592a (0x3400a373) csrrs   t1, mscratch, ra
core   0: 3 0x8000592a (0x3400a373) x6  0x00000012 c832_mscratch 0x00000012
core   0: 0x8000592e (0x340853f3) csrrwi  t2, mscratch, 16
core   0: 3 0x8000592e (0x340853f3) x7  0x00000012 c832_mscratch 0x00000010
core   0: 0x80005932 (0x000080fd) c.srli  s1, 31
core   0: 3 0x80005932 (0x80fd) x9  0x00000001
core   0: 0x80005934 (0x0211b233) mulhu   tp, gp, ra
core   0: 3 0x80005934 (0x0211b233) x4  0x00000000
core   0: 0x80005938 (0x6c20ab93) slti    s7, ra, 1730
core   0: 3 0x80005938 (0x6c20ab93) x23 0x00000001
core   0: 0x8000593c (0x00008571) c.srai  a0, 28
core   0: 3 0x8000593c (0x8571) x10 0x00000000
core   0: 0x8000593e (0x34023973) csrrc   s2, mscratch, tp
core   0: 3 0x8000593e (0x34023973) x18 0x00000010 c832_mscratch 0x00000010
core   0: 0x80005942 (0xf8748913) addi    s2, s1, -121
core   0: 3 0x80005942 (0xf8748913) x18 0xffffff88
core   0: 0x80005946 (0x00008b36) c.mv    s6, a3
core   0: 3 0x80005946 (0x8b36) x22 0x80029d24
core   0: 0x80005948 (0x0ff0000f) fence   iorw,iorw
core   0: 3 0x80005948 (0x0ff0000f)
core   0: 0x8000594c (0x00000001) c.nop
core   0: 3 0x8000594c (0x0001)
core   0: 0x8000594e (0x340dfc73) csrrci  s8, mscratch, 27
core   0: 3 0x8000594e (0x340dfc73) x24 0x00000010 c832_mscratch 0x00000000
core   0: 0x80005952 (0x408bd613) srai    a2, s7, 8
core   0: 3 0x80005952 (0x408bd613) x12 0x00000000
core   0: 0x80005956 (0xed062493) slti    s1, a2, -304
core   0: 3 0x80005956 (0xed062493) x9  0x00000000
core   0: 0x8000595a (0x000000ba) c.slli  ra, 14
core   0: 3 0x8000595a (0x00ba) x1  0x00000000
core   0: 0x8000595c (0xe3d92ab7) lui     s5, 0xe3d92
core   0: 3 0x8000595c (0xe3d92ab7) x21 0xe3d92000
core   0: 0x80005960 (0x021818b3) mulh    a7, a6, ra
core   0: 3 0x80005960 (0x021818b3) x17 0x00000000
core   0: 0x80005964 (0x00008cd5) c.or    s1, a3
core   0: 3 0x80005964 (0x8cd5) x9  0x80029d24
core   0: 0x80005966 (0x00eef263) bgeu    t4, a4, pc + 4
core   0: 3 0x80005966 (0x00eef263)
core   0: 0x8000596a (0x0000100f) fence.i
core   0: 3 0x8000596a (0x0000100f)
core   0: 0x8000596e (0x01bd3c33) sltu    s8, s10, s11
core   0: 3 0x8000596e (0x01bd3c33) x24 0x00000001
core   0: 0x80005972 (0x0000880e) c.mv    a6, gp
core   0: 3 0x80005972 (0x880e) x16 0x00000002
core   0: 0x80005974 (0x0000100f) fence.i
core   0: 3 0x80005974 (0x0000100f)
core   0: 0x80005978 (0x027bfc63) bgeu    s7, t2, pc + 56
core   0: 3 0x80005978 (0x027bfc63)
core   0: 0x8000597c (0x34041c73) csrrw   s8, mscratch, s0
core   0: 3 0x8000597c (0x34041c73) x24 0x00000000 c832_mscratch 0x000000f6
core   0: 0x80005980 (0x001f9f13) slli    t5, t6, 1
core   0: 3 0x80005980 (0x001f9f13) x30 0xffffffd0
core   0: 0x80005984 (0x400c5db3) sra     s11, s8, zero
core   0: 3 0x80005984 (0x400c5db3) x27 0x00000000
core   0: 0x80005988 (0x03d864b3) rem     s1, a6, t4
core   0: 3 0x80005988 (0x03d864b3) x9  0x00000002
core   0: 0x8000598c (0x03cbe533) rem     a0, s7, t3
core   0: 3 0x8000598c (0x03cbe533) x10 0x00000001
core   0: 0x80005990 (0x0239c163) blt     s3, gp, pc + 34
core   0: 3 0x80005990 (0x0239c163)
core   0: 0x800059b2 (0x0048d293) srli    t0, a7, 4
core   0: 3 0x800059b2 (0x0048d293) x5  0x00000000
core   0: 0x800059b6 (0x036f0fb3) mul     t6, t5, s6
core   0: 3 0x800059b6 (0x036f0fb3) x31 0xff828940
core   0: 0x800059ba (0x0000c089) c.beqz  s1, pc + 2
core   0: 3 0x800059ba (0xc089)
core   0: 0x800059bc (0x000099a2) c.add   s3, s0
core   0: 3 0x800059bc (0x99a2) x19 0x000000f5
core   0: 0x800059be (0x0000e019) c.bnez  s0, pc + 6
core   0: 3 0x800059be (0xe019)
core   0: 0x800059c4 (0x00008e51) c.or    a2, a2
core   0: 3 0x800059c4 (0x8e51) x12 0x00000000
core   0: 0x800059c6 (0x00008c69) c.and   s0, a0
core   0: 3 0x800059c6 (0x8c69) x8  0x00000000
core   0: 0x800059c8 (0x02b2b1b3) mulhu   gp, t0, a1
core   0: 3 0x800059c8 (0x02b2b1b3) x3  0x00000000
core   0: 0x800059cc (0x0011ed33) or      s10, gp, ra
core   0: 3 0x800059cc (0x0011ed33) x26 0x00000000
core   0: 0x800059d0 (0x0340aab3) mulhsu  s5, ra, s4
core   0: 3 0x800059d0 (0x0340aab3) x21 0x00000000
core   0: 0x800059d4 (0x00006ac5) c.lui   s5, 0x11
core   0: 3 0x800059d4 (0x6ac5) x21 0x00011000
core   0: 0x800059d6 (0x00008399) c.srli  a5, 6
core   0: 3 0x800059d6 (0x8399) x15 0x03f197cd
core   0: 0x800059d8 (0x0000557d) c.li    a0, -1
core   0: 3 0x800059d8 (0x557d) x10 0xffffffff
core   0: 0x800059da (0x2025e813) ori     a6, a1, 514
core   0: 3 0x800059da (0x2025e813) x16 0x00000217
core   0: 0x800059de (0x04167a63) bgeu    a2, ra, pc + 84
core   0: 3 0x800059de (0x04167a63)
core   0: 0x80005a32 (0x00000a12) c.slli  s4, 4
core   0: 3 0x80005a32 (0x0a12) x20 0xffffb350
core   0: 0x80005a34 (0x34003af3) csrrc   s5, mscratch, zero
core   0: 3 0x80005a34 (0x34003af3) x21 0x000000f6
core   0: 0x80005a38 (0x340bd373) csrrwi  t1, mscratch, 23
core   0: 3 0x80005a38 (0x340bd373) x6  0x000000f6 c832_mscratch 0x00000017
core   0: 0x80005a3c (0x00000cae) c.slli  s9, 11
core   0: 3 0x80005a3c (0x0cae) x25 0x00000000
core   0: 0x80005a3e (0x00008621) c.srai  a2, 8
core   0: 3 0x80005a3e (0x8621) x12 0x00000000
core   0: 0x80005a40 (0x340d23f3) csrrs   t2, mscratch, s10
core   0: 3 0x80005a40 (0x340d23f3) x7  0x00000017 c832_mscratch 0x00000017
core   0: 0x80005a44 (0x013c4363) blt     s8, s3, pc + 6
core   0: 3 0x80005a44 (0x013c4363)
core   0: 0x80005a4a (0x01aefab3) and     s5, t4, s10
core   0: 3 0x80005a4a (0x01aefab3) x21 0x00000000
core   0: 0x80005a4e (0x03e34c63) blt     t1, t5, pc + 56
core   0: 3 0x80005a4e (0x03e34c63)
core   0: 0x80005a52 (0x00000001) c.nop
core   0: 3 0x80005a52 (0x0001)
core   0: 0x80005a54 (0xd6150493) addi    s1, a0, -671
core   0: 3 0x80005a54 (0xd6150493) x9  0xfffffd60
core   0: 0x80005a58 (0x34006b73) csrrsi  s6, mscratch, 0
core   0: 3 0x80005a58 (0x34006b73) x22 0x00000017
core   0: 0x80005a5c (0x01ea6eb3) or      t4, s4, t5
core   0: 3 0x80005a5c (0x01ea6eb3) x29 0xffffffd0
core   0: 0x80005a60 (0x000089ca) c.mv    s3, s2
core   0: 3 0x80005a60 (0x89ca) x19 0xffffff88
core   0: 0x80005a62 (0x00ed71b3) and     gp, s10, a4
core   0: 3 0x80005a62 (0x00ed71b3) x3  0x00000000
core   0: 0x80005a66 (0x00008db5) c.xor   a1, a3
core   0: 3 0x80005a66 (0x8db5) x11 0x80029d33
core   0: 0x80005a68 (0x9ba0a417) auipc   s0, 0x9ba0a
core   0: 3 0x80005a68 (0x9ba0a417) x8  0x1ba0fa68
core   0: 0x80005a6c (0x00006d9d) c.lui   s11, 0x7
core   0: 3 0x80005a6c (0x6d9d) x27 0x00007000
core   0: 0x80005a6e (0x412fdc33) sra     s8, t6, s2
core   0: 3 0x80005a6e (0x412fdc33) x24 0xffff8289
core   0: 0x80005a72 (0x010975b3) and     a1, s2, a6
core   0: 3 0x80005a72 (0x010975b3) x11 0x00000200
core   0: 0x80005a76 (0x00a0ed33) or      s10, ra, a0
core   0: 3 0x80005a76 (0x00a0ed33) x26 0xffffffff
core   0: 0x80005a7a (0x340ff573) csrrci  a0, mscratch, 31
core   0: 3 0x80005a7a (0x340ff573) x10 0x00000017 c832_mscratch 0x00000000
core   0: 0x80005a7e (0x34002073) csrr    zero, mscratch
core   0: 3 0x80005a7e (0x34002073)
core   0: 0x80005a82 (0x016ba8b3) slt     a7, s7, s6
core   0: 3 0x80005a82 (0x016ba8b3) x17 0x00000001
core   0: 0x80005a86 (0x024922b3) mulhsu  t0, s2, tp
core   0: 3 0x80005a86 (0x024922b3) x5  0x00000000
core   0: 0x80005a8a (0x00605ab3) srl     s5, zero, t1
core   0: 3 0x80005a8a (0x00605ab3) x21 0x00000000
core   0: 0x80005a8e (0x0000ea0d) c.bnez  a2, pc + 50
core   0: 3 0x80005a8e (0xea0d)
core   0: 0x80005a90 (0x34023df3) csrrc   s11, mscratch, tp
core   0: 3 0x80005a90 (0x34023df3) x27 0x00000000 c832_mscratch 0x00000000
core   0: 0x80005a94 (0xb626e593) ori     a1, a3, -1182
core   0: 3 0x80005a94 (0xb626e593) x11 0xffffff66
core   0: 0x80005a98 (0x40275793) srai    a5, a4, 2
core   0: 3 0x80005a98 (0x40275793) x15 0x00000005
core   0: 0x80005a9c (0x295cca13) xori    s4, s9, 661
core   0: 3 0x80005a9c (0x295cca13) x20 0x00000295
core   0: 0x80005aa0 (0x0371f733) remu    a4, gp, s7
core   0: 3 0x80005aa0 (0x0371f733) x14 0x00000000
core   0: 0x80005aa4 (0x0ff0000f) fence   iorw,iorw
core   0: 3 0x80005aa4 (0x0ff0000f)
core   0: 0x80005aa8 (0x00000001) c.nop
core   0: 3 0x80005aa8 (0x0001)
core   0: 0x80005aaa (0xea50b1b7) lui     gp, 0xea50b
core   0: 3 0x80005aaa (0xea50b1b7) x3  0xea50b000
core   0: 0x80005aae (0x01fee633) or      a2, t4, t6
core   0: 3 0x80005aae (0x01fee633) x12 0xffffffd0
core   0: 0x80005ab2 (0x76e67b13) andi    s6, a2, 1902
core   0: 3 0x80005ab2 (0x76e67b13) x22 0x00000740
core   0: 0x80005ab6 (0x00008c25) c.xor   s0, s1
core   0: 3 0x80005ab6 (0x8c25) x8  0xe45f0708
core   0: 0x80005ab8 (0x023f3933) mulhu   s2, t5, gp
core   0: 3 0x80005ab8 (0x023f3933) x18 0xea50afd4
core   0: 0x80005abc (0xe6bc8d93) addi    s11, s9, -405
core   0: 3 0x80005abc (0xe6bc8d93) x27 0xfffffe6b
core   0: 0x80005ac0 (0x5e48a537) lui     a0, 0x5e48a
core   0: 3 0x80005ac0 (0x5e48a537) x10 0x5e48a000
core   0: 0x80005ac4 (0x34006873) csrrsi  a6, mscratch, 0
core   0: 3 0x80005ac4 (0x34006873) x16 0x00000000
core   0: 0x80005ac8 (0x00e78833) add     a6, a5, a4
core   0: 3 0x80005ac8 (0x00e78833) x16 0x00000005
core   0: 0x80005acc (0x00008719) c.srai  a4, 6
core   0: 3 0x80005acc (0x8719) x14 0x00000000
core   0: 0x80005ace (0x34093a73) csrrc   s4, mscratch, s2
core   0: 3 0x80005ace (0x34093a73) x20 0x00000000 c832_mscratch 0x00000000
core   0: 0x80005ad2 (0x0005e433) or      s0, a1, zero
core   0: 3 0x80005ad2 (0x0005e433) x8  0xffffff66
core   0: 0x80005ad6 (0x00006a2d) c.lui   s4, 0xb
core   0: 3 0x80005ad6 (0x6a2d) x20 0x0000b000
core   0: 0x80005ad8 (0x017a4db3) xor     s11, s4, s7
core   0: 3 0x80005ad8 (0x017a4db3) x27 0x0000b001
core   0: 0x80005adc (0x3228ec13) ori     s8, a7, 802
core   0: 3 0x80005adc (0x3228ec13) x24 0x00000323
core   0: 0x80005ae0 (0x01812a33) slt     s4, sp, s8
core   0: 3 0x80005ae0 (0x01812a33) x20 0x00000001
core   0: 0x80005ae4 (0x038b3c33) mulhu   s8, s6, s8
core   0: 3 0x80005ae4 (0x038b3c33) x24 0x00000000
core   0: 0x80005ae8 (0x7137c813) xori    a6, a5, 1811
core   0: 3 0x80005ae8 (0x7137c813) x16 0x00000716
core   0: 0x80005aec (0x02d4fa63) bgeu    s1, a3, pc + 52
core   0: 3 0x80005aec (0x02d4fa63)
core   0: 0x80005b20 (0x000061d9) c.lui   gp, 0x16
core   0: 3 0x80005b20 (0x61d9) x3  0x00016000
core   0: 0x80005b22 (0xa22ebc93) sltiu   s9, t4, -1502
core   0: 3 0x80005b22 (0xa22ebc93) x25 0x00000000
core   0: 0x80005b26 (0x340815f3) csrrw   a1, mscratch, a6
core   0: 3 0x80005b26 (0x340815f3) x11 0x00000000 c832_mscratch 0x00000716
core   0: 0x80005b2a (0x340d1f73) csrrw   t5, mscratch, s10
core   0: 3 0x80005b2a (0x340d1f73) x30 0x00000716 c832_mscratch 0xffffffff
core   0: 0x80005b2e (0x001c1bb3) sll     s7, s8, ra
core   0: 3 0x80005b2e (0x001c1bb3) x23 0x00000000
core   0: 0x80005b32 (0x94ebf637) lui     a2, 0x94ebf
core   0: 3 0x80005b32 (0x94ebf637) x12 0x94ebf000
core   0: 0x80005b36 (0x00549563) bne     s1, t0, pc + 10
core   0: 3 0x80005b36 (0x00549563)
core   0: 0x80005b40 (0x858c3793) sltiu   a5, s8, -1960
core   0: 3 0x80005b40 (0x858c3793) x15 0x00000001
core   0: 0x80005b44 (0x0000e411) c.bnez  s0, pc + 12
core   0: 3 0x80005b44 (0xe411)
core   0: 0x80005b50 (0x00008da5) c.xor   a1, s1
core   0: 3 0x80005b50 (0x8da5) x11 0xfffffd60
core   0: 0x80005b52 (0x00008c75) c.and   s0, a3
core   0: 3 0x80005b52 (0x8c75) x8  0x80029d24
core   0: 0x80005b54 (0x00e55cb3) srl     s9, a0, a4
core   0: 3 0x80005b54 (0x00e55cb3) x25 0x5e48a000
core   0: 0x80005b58 (0x00f16233) or      tp, sp, a5
core   0: 3 0x80005b58 (0x00f16233) x4  0xfc65f359
core   0: 0x80005b5c (0x6e22e093) ori     ra, t0, 1762
core   0: 3 0x80005b5c (0x6e22e093) x1  0x000006e2
core   0: 0x80005b60 (0x00008fa9) c.xor   a5, a0
core   0: 3 0x80005b60 (0x8fa9) x15 0x5e48a001
core   0: 0x80005b62 (0x000e9463) bnez    t4, pc + 8
core   0: 3 0x80005b62 (0x000e9463)
core   0: 0x80005b6a (0x00008fa1) c.xor   a5, s0
core   0: 3 0x80005b6a (0x8fa1) x15 0xde4a3d25
core   0: 0x80005b6c (0x00008fe9) c.and   a5, a0
core   0: 3 0x80005b6c (0x8fe9) x15 0x5e482000
core   0: 0x80005b6e (0x000092a6) c.add   t0, s1
core   0: 3 0x80005b6e (0x92a6) x5  0xfffffd60
core   0: 0x80005b70 (0x00f933b3) sltu    t2, s2, a5
core   0: 3 0x80005b70 (0x00f933b3) x7  0x00000000
core   0: 0x80005b74 (0x03c07fb3) remu    t6, zero, t3
core   0: 3 0x80005b74 (0x03c07fb3) x31 0x00000000
core   0: 0x80005b78 (0x41505213) srai    tp, zero, 21
core   0: 3 0x80005b78 (0x41505213) x4  0x00000000
core   0: 0x80005b7c (0x340e14f3) csrrw   s1, mscratch, t3
core   0: 3 0x80005b7c (0x340e14f3) x9  0xffffffff c832_mscratch 0x80025ea4
core   0: 0x80005b80 (0x00008fd5) c.or    a5, a3
core   0: 3 0x80005b80 (0x8fd5) x15 0xde4abd24
core   0: 0x80005b82 (0x34006b73) csrrsi  s6, mscratch, 0
core   0: 3 0x80005b82 (0x34006b73) x22 0x80025ea4
core   0: 0x80005b86 (0x00008206) c.mv    tp, ra
core   0: 3 0x80005b86 (0x8206) x4  0x000006e2
core   0: 0x80005b88 (0x0ff0000f) fence   iorw,iorw
core   0: 3 0x80005b88 (0x0ff0000f)
core   0: 0x80005b8c (0x0355cb33) div     s6, a1, s5
core   0: 3 0x80005b8c (0x0355cb33) x22 0xffffffff
core   0: 0x80005b90 (0x032b4833) div     a6, s6, s2
core   0: 3 0x80005b90 (0x032b4833) x16 0x00000000
core   0: 0x80005b94 (0x00888fb3) add     t6, a7, s0
core   0: 3 0x80005b94 (0x00888fb3) x31 0x80029d25
core   0: 0x80005b98 (0x0000ed8d) c.bnez  a1, pc + 58
core   0: 3 0x80005b98 (0xed8d)
core   0: 0x80005bd2 (0x1162ac13) slti    s8, t0, 278
core   0: 3 0x80005bd2 (0x1162ac13) x24 0x00000001
core   0: 0x80005bd6 (0x415b04b3) sub     s1, s6, s5
core   0: 3 0x80005bd6 (0x415b04b3) x9  0xffffffff
core   0: 0x80005bda (0x405108b3) sub     a7, sp, t0
core   0: 3 0x80005bda (0x405108b3) x17 0xfc65f5f8
core   0: 0x80005bde (0x41d683b3) sub     t2, a3, t4
core   0: 3 0x80005bde (0x41d683b3) x7  0x80029d54
core   0: 0x80005be2 (0x01174c63) blt     a4, a7, pc + 24
core   0: 3 0x80005be2 (0x01174c63)
core   0: 0x80005be6 (0x036b0bb3) mul     s7, s6, s6
core   0: 3 0x80005be6 (0x036b0bb3) x23 0x00000001
core   0: 0x80005bea (0x0a3a6893) ori     a7, s4, 163
core   0: 3 0x80005bea (0x0a3a6893) x17 0x000000a3
core   0: 0x80005bee (0x00008ded) c.and   a1, a1
core   0: 3 0x80005bee (0x8ded) x11 0xfffffd60
core   0: 0x80005bf0 (0x03ed1463) bne     s10, t5, pc + 40
core   0: 3 0x80005bf0 (0x03ed1463)
core   0: 0x80005c18 (0x000127b3) slt     a5, sp, zero
core   0: 3 0x80005c18 (0x000127b3) x15 0x00000001
core   0: 0x80005c1c (0x0ff0000f) fence   iorw,iorw
core   0: 3 0x80005c1c (0x0ff0000f)
core   0: 0x80005c20 (0x00008209) c.srli  a2, 2
core   0: 3 0x80005c20 (0x8209) x12 0x253afc00
core   0: 0x80005c22 (0x030104b3) mul     s1, sp, a6
core   0: 3 0x80005c22 (0x030104b3) x9  0x00000000
core   0: 0x80005c26 (0x0ff0000f) fence   iorw,iorw
core   0: 3 0x80005c26 (0x0ff0000f)
core   0: 0x80005c2a (0x3e354b93) xori    s7, a0, 995
core   0: 3 0x80005c2a (0x3e354b93) x23 0x5e48a3e3
core   0: 0x80005c2e (0x0067d993) srli    s3, a5, 6
core   0: 3 0x80005c2e (0x0067d993) x19 0x00000000
core   0: 0x80005c32 (0x000084d1) c.srai  s1, 20
core   0: 3 0x80005c32 (0x84d1) x9  0x00000000
core   0: 0x80005c34 (0x405d59b3) sra     s3, s10, t0
core   0: 3 0x80005c34 (0x405d59b3) x19 0xffffffff
core   0: 0x80005c38 (0x000004e2) c.slli  s1, 24
core   0: 3 0x80005c38 (0x04e2) x9  0x00000000
core   0: 0x80005c3a (0x00008fb9) c.xor   a5, a4
core   0: 3 0x80005c3a (0x8fb9) x15 0x00000001
core   0: 0x80005c3c (0x00fb18b3) sll     a7, s6, a5
core   0: 3 0x80005c3c (0x00fb18b3) x17 0xfffffffe
core   0: 0x80005c40 (0xb01abb13) sltiu   s6, s5, -1279
core   0: 3 0x80005c40 (0xb01abb13) x22 0x00000001
core   0: 0x80005c44 (0x34002673) csrr    a2, mscratch
core   0: 3 0x80005c44 (0x34002673) x12 0x80025ea4
core   0: 0x80005c48 (0x0000e011) c.bnez  s0, pc + 4
core   0: 3 0x80005c48 (0xe011)
core   0: 0x80005c4c (0x3407e5f3) csrrsi  a1, mscratch, 15
core   0: 3 0x80005c4c (0x3407e5f3) x11 0x80025ea4 c832_mscratch 0x80025eaf
core   0: 0x80005c50 (0x416a5033) sra     zero, s4, s6
core   0: 3 0x80005c50 (0x416a5033)
core   0: 0x80005c54 (0x0000100f) fence.i
core   0: 3 0x80005c54 (0x0000100f)
core   0: 0x80005c58 (0x0000822d) c.srli  a2, 11
core   0: 3 0x80005c58 (0x822d) x12 0x0010004b
core   0: 0x80005c5a (0x00005d7d) c.li    s10, -1
core   0: 3 0x80005c5a (0x5d7d) x26 0xffffffff
core   0: 0x80005c5c (0x02e4feb3) remu    t4, s1, a4
core   0: 3 0x80005c5c (0x02e4feb3) x29 0x00000000
core   0: 0x80005c60 (0x00000001) c.nop
core   0: 3 0x80005c60 (0x0001)
core   0: 0x80005c62 (0x340327f3) csrrs   a5, mscratch, t1
core   0: 3 0x80005c62 (0x340327f3) x15 0x80025eaf c832_mscratch 0x80025eff
core   0: 0x80005c66 (0x02334463) blt     t1, gp, pc + 40
core   0: 3 0x80005c66 (0x02334463)
core   0: 0x80005c8e (0x000057fd) c.li    a5, -1
core   0: 3 0x80005c8e (0x57fd) x15 0xffffffff
core   0: 0x80005c90 (0x0074a733) slt     a4, s1, t2
core   0: 3 0x80005c90 (0x0074a733) x14 0x00000000
core   0: 0x80005c94 (0x000098ba) c.add   a7, a4
core   0: 3 0x80005c94 (0x98ba) x17 0xfffffffe
core   0: 0x80005c96 (0x40ecd093) srai    ra, s9, 14
core   0: 3 0x80005c96 (0x40ecd093) x1  0x00017922
core   0: 0x80005c9a (0x340edf73) csrrwi  t5, mscratch, 29
core   0: 3 0x80005c9a (0x340edf73) x30 0x80025eff c832_mscratch 0x0000001d
core   0: 0x80005c9e (0x00033fb3) sltu    t6, t1, zero
core   0: 3 0x80005c9e (0x00033fb3) x31 0x00000000
core   0: 0x80005ca2 (0x3db3c293) xori    t0, t2, 987
core   0: 3 0x80005ca2 (0x3db3c293) x5  0x80029e8f
core   0: 0x80005ca6 (0x00000001) c.nop
core   0: 3 0x80005ca6 (0x0001)
core   0: 0x80005ca8 (0x00008931) c.andi  a0, 12
core   0: 3 0x80005ca8 (0x8931) x10 0x00000000
core   0: 0x80005caa (0x00008f8d) c.sub   a5, a1
core   0: 3 0x80005caa (0x8f8d) x15 0x7ffda15b
core   0: 0x80005cac (0x4a1bb613) sltiu   a2, s7, 1185
core   0: 3 0x80005cac (0x4a1bb613) x12 0x00000000
core   0: 0x80005cb0 (0x00006d11) c.lui   s10, 0x4
core   0: 3 0x80005cb0 (0x6d11) x26 0x00004000
core   0: 0x80005cb2 (0x340fea73) csrrsi  s4, mscratch, 31
core   0: 3 0x80005cb2 (0x340fea73) x20 0x0000001d c832_mscratch 0x0000001f
core   0: 0x80005cb6 (0x00008fed) c.and   a5, a1
core   0: 3 0x80005cb6 (0x8fed) x15 0x00000000
core   0: 0x80005cb8 (0x00008ce9) c.and   s1, a0
core   0: 3 0x80005cb8 (0x8ce9) x9  0x00000000
core   0: 0x80005cba (0x000080c5) c.srli  s1, 17
core   0: 3 0x80005cba (0x80c5) x9  0x00000000
core   0: 0x80005cbc (0x0000023a) c.slli  tp, 14
core   0: 3 0x80005cbc (0x023a) x4  0x01b88000
core   0: 0x80005cbe (0x0060a233) slt     tp, ra, t1
core   0: 3 0x80005cbe (0x0060a233) x4  0x00000000
core   0: 0x80005cc2 (0x34003af3) csrrc   s5, mscratch, zero
core   0: 3 0x80005cc2 (0x34003af3) x21 0x0000001f
core   0: 0x80005cc6 (0x34003073) csrc    mscratch, zero
core   0: 3 0x80005cc6 (0x34003073)
core   0: 0x80005cca (0x00009676) c.add   a2, t4
core   0: 3 0x80005cca (0x9676) x12 0x00000000
core   0: 0x80005ccc (0x0065e633) or      a2, a1, t1
core   0: 3 0x80005ccc (0x0065e633) x12 0x80025ef6
core   0: 0x80005cd0 (0x03111eb3) mulh    t4, sp, a7
core   0: 3 0x80005cd0 (0x03111eb3) x29 0x00000000
core   0: 0x80005cd4 (0x409153b3) sra     t2, sp, s1
core   0: 3 0x80005cd4 (0x409153b3) x7  0xfc65f358
core   0: 0x80005cd8 (0x01c7d593) srli    a1, a5, 28
core   0: 3 0x80005cd8 (0x01c7d593) x11 0x00000000
core   0: 0x80005cdc (0x00009c1e) c.add   s8, t2
core   0: 3 0x80005cdc (0x9c1e) x24 0xfc65f359
core   0: 0x80005cde (0x006f4c33) xor     s8, t5, t1
core   0: 3 0x80005cde (0x006f4c33) x24 0x80025e09
core   0: 0x80005ce2 (0x02141433) mulh    s0, s0, ra
core   0: 3 0x80005ce2 (0x02141433) x8  0xffff4372
core   0: 0x80005ce6 (0x000083c1) c.srli  a5, 16
core   0: 3 0x80005ce6 (0x83c1) x15 0x00000000
core   0: 0x80005ce8 (0x017763b3) or      t2, a4, s7
core   0: 3 0x80005ce8 (0x017763b3) x7  0x5e48a3e3
core   0: 0x80005cec (0x40f25f13) srai    t5, tp, 15
core   0: 3 0x80005cec (0x40f25f13) x30 0x00000000
core   0: 0x80005cf0 (0x340069f3) csrrsi  s3, mscratch, 0
core   0: 3 0x80005cf0 (0x340069f3) x19 0x0000001f
core   0: 0x80005cf4 (0xc1f554b7) lui     s1, 0xc1f55
core   0: 3 0x80005cf4 (0xc1f554b7) x9  0xc1f55000
core   0: 0x80005cf8 (0xff21b917) auipc   s2, 0xff21b
core   0: 3 0x80005cf8 (0xff21b917) x18 0x7f220cf8
core   0: 0x80005cfc (0x083ccbb7) lui     s7, 0x83cc
core   0: 3 0x80005cfc (0x083ccbb7) x23 0x083cc000
core   0: 0x80005d00 (0x34003673) csrrc   a2, mscratch, zero
core   0: 3 0x80005d00 (0x34003673) x12 0x0000001f
core   0: 0x80005d04 (0x829db937) lui     s2, 0x829db
core   0: 3 0x80005d04 (0x829db937) x18 0x829db000
core   0: 0x80005d08 (0x02b947b3) div     a5, s2, a1
core   0: 3 0x80005d08 (0x02b947b3) x15 0xffffffff
core   0: 0x80005d0c (0x05324163) blt     tp, s3, pc + 66
core   0: 3 0x80005d0c (0x05324163)
core   0: 0x80005d4e (0x034059b3) divu    s3, zero, s4
core   0: 3 0x80005d4e (0x034059b3) x19 0x00000000
core   0: 0x80005d52 (0x3fd0bb13) sltiu   s6, ra, 1021
core   0: 3 0x80005d52 (0x3fd0bb13) x22 0x00000000
core   0: 0x80005d56 (0x0000e619) c.bnez  a2, pc + 14
core   0: 3 0x80005d56 (0xe619)
core   0: 0x80005d64 (0x0d93ec63) bltu    t2, s9, pc + 216
core   0: 3 0x80005d64 (0x0d93ec63)
core   0: 0x80005d68 (0x015e0333) add     t1, t3, s5
core   0: 3 0x80005d68 (0x015e0333) x6  0x80025ec3
core   0: 0x80005d6c (0x00ad43b3) xor     t2, s10, a0
core   0: 3 0x80005d6c (0x00ad43b3) x7  0x00004000
core   0: 0x80005d70 (0x007a4ab3) xor     s5, s4, t2
core   0: 3 0x80005d70 (0x007a4ab3) x21 0x0000401d
core   0: 0x80005d74 (0x0cbac063) blt     s5, a1, pc + 192
core   0: 3 0x80005d74 (0x0cbac063)
core   0: 0x80005d78 (0x0be9db63) bge     s3, t5, pc + 182
core   0: 3 0x80005d78 (0x0be9db63)
core   0: 0x80005e2e (0x00008fe2) c.mv    t6, s8
core   0: 3 0x80005e2e (0x8fe2) x31 0x80025e09
core   0: 0x80005e30 (0x0172e663) bltu    t0, s7, pc + 12
core   0: 3 0x80005e30 (0x0172e663)
core   0: 0x80005e34 (0x034e8433) mul     s0, t4, s4
core   0: 3 0x80005e34 (0x034e8433) x8  0x00000000
core   0: 0x80005e38 (0x0eedfc37) lui     s8, 0xeedf
core   0: 3 0x80005e38 (0x0eedfc37) x24 0x0eedf000
core   0: 0x80005e3c (0x0325d263) bge     a1, s2, pc + 36
core   0: 3 0x80005e3c (0x0325d263)
core   0: 0x80005e60 (0x340d72f3) csrrci  t0, mscratch, 26
core   0: 3 0x80005e60 (0x340d72f3) x5  0x0000001f c832_mscratch 0x00000005
core   0: 0x80005e64 (0x00008d0d) c.sub   a0, a1
core   0: 3 0x80005e64 (0x8d0d) x10 0x00000000
core   0: 0x80005e66 (0x0ff0000f) fence   iorw,iorw
core   0: 3 0x80005e66 (0x0ff0000f)
core   0: 0x80005e6a (0x40c8db13) srai    s6, a7, 12
core   0: 3 0x80005e6a (0x40c8db13) x22 0xffffffff
core   0: 0x80005e6e (0x340f77f3) csrrci  a5, mscratch, 30
core   0: 3 0x80005e6e (0x340f77f3) x15 0x00000005 c832_mscratch 0x00000001
core   0: 0x80005e72 (0x41ad58b3) sra     a7, s10, s10
core   0: 3 0x80005e72 (0x41ad58b3) x17 0x00004000
core   0: 0x80005e76 (0x40bc0033) sub     zero, s8, a1
core   0: 3 0x80005e76 (0x40bc0033)
core   0: 0x80005e7a (0x03724633) div     a2, tp, s7
core   0: 3 0x80005e7a (0x03724633) x12 0x00000000
core   0: 0x80005e7e (0x0000e199) c.bnez  a1, pc + 6
core   0: 3 0x80005e7e (0xe199)
core   0: 0x80005e80 (0x01885663) bge     a6, s8, pc + 12
core   0: 3 0x80005e80 (0x01885663)
core   0: 0x80005e84 (0x0147dd63) bge     a5, s4, pc + 26
core   0: 3 0x80005e84 (0x0147dd63)
core   0: 0x80005e88 (0x02ef2c33) mulhsu  s8, t5, a4
core   0: 3 0x80005e88 (0x02ef2c33) x24 0x00000000
core   0: 0x80005e8c (0x1f2b3fb7) lui     t6, 0x1f2b3
core   0: 3 0x80005e8c (0x1f2b3fb7) x31 0x1f2b3000
core   0: 0x80005e90 (0xcbf50613) addi    a2, a0, -833
core   0: 3 0x80005e90 (0xcbf50613) x12 0xfffffcbf
core   0: 0x80005e94 (0x000011fd) c.addi  gp, -1
core   0: 3 0x80005e94 (0x11fd) x3  0x00015fff
core   0: 0x80005e96 (0x41c887b3) sub     a5, a7, t3
core   0: 3 0x80005e96 (0x41c887b3) x15 0x7ffde15c
core   0: 0x80005e9a (0x00d76233) or      tp, a4, a3
core   0: 3 0x80005e9a (0x00d76233) x4  0x80029d24
core   0: 0x80005e9e (0x00006975) c.lui   s2, 0x1d
core   0: 3 0x80005e9e (0x6975) x18 0x0001d000
core   0: 0x80005ea0 (0x71542393) slti    t2, s0, 1813
core   0: 3 0x80005ea0 (0x71542393) x7  0x00000001
core   0: 0x80005ea4 (0x00008f91) c.sub   a5, a2
core   0: 3 0x80005ea4 (0x8f91) x15 0x7ffde49d
core   0: 0x80005ea6 (0xd7f5c893) xori    a7, a1, -641
core   0: 3 0x80005ea6 (0xd7f5c893) x17 0xfffffd7f
core   0: 0x80005eaa (0x00000001) c.nop
core   0: 3 0x80005eaa (0x0001)
core   0: 0x80005eac (0x0000466d) c.li    a2, 27
core   0: 3 0x80005eac (0x466d) x12 0x0000001b
core   0: 0x80005eae (0x011bc0b3) xor     ra, s7, a7
core   0: 3 0x80005eae (0x011bc0b3) x1  0xf7c33d7f
core   0: 0x80005eb2 (0x00d4d313) srli    t1, s1, 13
core   0: 3 0x80005eb2 (0x00d4d313) x6  0x00060faa
core   0: 0x80005eb6 (0x00006c35) c.lui   s8, 0xd
core   0: 3 0x80005eb6 (0x6c35) x24 0x0000d000
core   0: 0x80005eb8 (0x00876463) bltu    a4, s0, pc + 8
core   0: 3 0x80005eb8 (0x00876463)
core   0: 0x80005ebc (0x40fcde93) srai    t4, s9, 15
core   0: 3 0x80005ebc (0x40fcde93) x29 0x0000bc91
core   0: 0x80005ec0 (0x0ff0000f) fence   iorw,iorw
core   0: 3 0x80005ec0 (0x0ff0000f)
core   0: 0x80005ec4 (0x00001cfd) c.addi  s9, -1
core   0: 3 0x80005ec4 (0x1cfd) x25 0x5e489fff
core   0: 0x80005ec6 (0x41d95893) srai    a7, s2, 29
core   0: 3 0x80005ec6 (0x41d95893) x17 0x00000000
core   0: 0x80005eca (0x019d9613) slli    a2, s11, 25
core   0: 3 0x80005eca (0x019d9613) x12 0x02000000
core   0: 0x80005ece (0x000051fd) c.li    gp, -1
core   0: 3 0x80005ece (0x51fd) x3  0xffffffff
core   0: 0x80005ed0 (0x67a8a813) slti    a6, a7, 1658
core   0: 3 0x80005ed0 (0x67a8a813) x16 0x00000001
core   0: 0x80005ed4 (0x03d25a33) divu    s4, tp, t4
core   0: 3 0x80005ed4 (0x03d25a33) x20 0x0000adc9
core   0: 0x80005ed8 (0xf163fb93) andi    s7, t2, -234
core   0: 3 0x80005ed8 (0xf163fb93) x23 0x00000000
core   0: 0x80005edc (0x40d9dd13) srai    s10, s3, 13
core   0: 3 0x80005edc (0x40d9dd13) x26 0x00000000
core   0: 0x80005ee0 (0x014a5d13) srli    s10, s4, 20
core   0: 3 0x80005ee0 (0x014a5d13) x26 0x00000000
core   0: 0x80005ee4 (0x00008f65) c.and   a4, s1
core   0: 3 0x80005ee4 (0x8f65) x14 0x00000000
core   0: 0x80005ee6 (0x00eaafb3) slt     t6, s5, a4
core   0: 3 0x80005ee6 (0x00eaafb3) x31 0x00000000
core   0: 0x80005eea (0x41235b33) sra     s6, t1, s2
core   0: 3 0x80005eea (0x41235b33) x22 0x00060faa
core   0: 0x80005eee (0x0000858a) c.mv    a1, sp
core   0: 3 0x80005eee (0x858a) x11 0xfc65f358
core   0: 0x80005ef0 (0x00bf4a33) xor     s4, t5, a1
core   0: 3 0x80005ef0 (0x00bf4a33) x20 0xfc65f358
core   0: 0x80005ef4 (0x01696ab3) or      s5, s2, s6
core   0: 3 0x80005ef4 (0x01696ab3) x21 0x0007dfaa
core   0: 0x80005ef8 (0x00008092) c.mv    ra, tp
core   0: 3 0x80005ef8 (0x8092) x1  0x80029d24
core   0: 0x80005efa (0xd112bb17) auipc   s6, 0xd112b
core   0: 3 0x80005efa (0xd112bb17) x22 0x51130efa
core   0: 0x80005efe (0x00000001) c.nop
core   0: 3 0x80005efe (0x0001)
core   0: 0x80005f00 (0x0000967a) c.add   a2, t5
core   0: 3 0x80005f00 (0x967a) x12 0x02000000
core   0: 0x80005f02 (0x03564733) div     a4, a2, s5
core   0: 3 0x80005f02 (0x03564733) x14 0x00000041
core   0: 0x80005f06 (0x00b25613) srli    a2, tp, 11
core   0: 3 0x80005f06 (0x00b25613) x12 0x00100053
core   0: 0x80005f0a (0x000042ad) c.li    t0, 11
core   0: 3 0x80005f0a (0x42ad) x5  0x0000000b
core   0: 0x80005f0c (0x000064b5) c.lui   s1, 0xd
core   0: 3 0x80005f0c (0x64b5) x9  0x0000d000
core   0: 0x80005f0e (0x00008595) c.srai  a1, 5
core   0: 3 0x80005f0e (0x8595) x11 0xffe32f9a
core   0: 0x80005f10 (0x0012d213) srli    tp, t0, 1
core   0: 3 0x80005f10 (0x0012d213) x4  0x00000005
core   0: 0x80005f14 (0x41eb5c33) sra     s8, s6, t5
core   0: 3 0x80005f14 (0x41eb5c33) x24 0x51130efa
core   0: 0x80005f18 (0x01c12033) slt     zero, sp, t3
core   0: 3 0x80005f18 (0x01c12033)
core   0: 0x80005f1c (0x34002873) csrr    a6, mscratch
core   0: 3 0x80005f1c (0x34002873) x16 0x00000001
core   0: 0x80005f20 (0x000093f6) c.add   t2, t4
core   0: 3 0x80005f20 (0x93f6) x7  0x0000bc92
core   0: 0x80005f22 (0x00006f51) c.lui   t5, 0x14
core   0: 3 0x80005f22 (0x6f51) x30 0x00014000
core   0: 0x80005f24 (0x00009ad6) c.add   s5, s5
core   0: 3 0x80005f24 (0x9ad6) x21 0x000fbf54
core   0: 0x80005f26 (0x00000001) c.nop
core   0: 3 0x80005f26 (0x0001)
core   0: 0x80005f28 (0x00000a7a) c.slli  s4, 30
core   0: 3 0x80005f28 (0x0a7a) x20 0x00000000
core   0: 0x80005f2a (0x033672b3) remu    t0, a2, s3
core   0: 3 0x80005f2a (0x033672b3) x5  0x00100053
core   0: 0x80005f2e (0x0377d533) divu    a0, a5, s7
core   0: 3 0x80005f2e (0x0377d533) x10 0xffffffff
core   0: 0x80005f32 (0x023e89b3) mul     s3, t4, gp
core   0: 3 0x80005f32 (0x023e89b3) x19 0xffff436f
core   0: 0x80005f36 (0x006c3bb3) sltu    s7, s8, t1
core   0: 3 0x80005f36 (0x006c3bb3) x23 0x00000000
core   0: 0x80005f3a (0x0da39b63) bne     t2, s10, pc + 214
core   0: 3 0x80005f3a (0x0da39b63)
core   0: 0x80006010 (0x00008bb5) c.andi  a5, 13
core   0: 3 0x80006010 (0x8bb5) x15 0x0000000d
core   0: 0x80006012 (0x00008d6d) c.and   a0, a1
core   0: 3 0x80006012 (0x8d6d) x10 0xffe32f9a
core   0: 0x80006014 (0x00508363) beq     ra, t0, pc + 6
core   0: 3 0x80006014 (0x00508363)
core   0: 0x80006018 (0x00008d01) c.sub   a0, s0
core   0: 3 0x80006018 (0x8d01) x10 0xffe32f9a
core   0: 0x8000601a (0x5316a393) slti    t2, a3, 1329
core   0: 3 0x8000601a (0x5316a393) x7  0x00000001
core   0: 0x8000601e (0x03509b33) mulh    s6, ra, s5
core   0: 3 0x8000601e (0x03509b33) x22 0xfff8207f
core   0: 0x80006022 (0x00008472) c.mv    s0, t3
core   0: 3 0x80006022 (0x8472) x8  0x80025ea4
core   0: 0x80006024 (0x887aec13) ori     s8, s5, -1913
core   0: 3 0x80006024 (0x887aec13) x24 0xffffffd7
core   0: 0x80006028 (0x02280263) beq     a6, sp, pc + 36
core   0: 3 0x80006028 (0x02280263)
core   0: 0x8000602c (0x01f1c733) xor     a4, gp, t6
core   0: 3 0x8000602c (0x01f1c733) x14 0xffffffff
core   0: 0x80006030 (0x41f65913) srai    s2, a2, 31
core   0: 3 0x80006030 (0x41f65913) x18 0x00000000
core   0: 0x80006034 (0x00000001) c.nop
core   0: 3 0x80006034 (0x0001)
core   0: 0x80006036 (0x0a98f193) andi    gp, a7, 169
core   0: 3 0x80006036 (0x0a98f193) x3  0x00000000
core   0: 0x8000603a (0x05196163) bltu    s2, a7, pc + 66
core   0: 3 0x8000603a (0x05196163)
core   0: 0x8000603e (0x02856d63) bltu    a0, s0, pc + 58
core   0: 3 0x8000603e (0x02856d63)
core   0: 0x80006042 (0x340262f3) csrrsi  t0, mscratch, 4
core   0: 3 0x80006042 (0x340262f3) x5  0x00000001 c832_mscratch 0x00000005
core   0: 0x80006046 (0x014e6db3) or      s11, t3, s4
core   0: 3 0x80006046 (0x014e6db3) x27 0x80025ea4
core   0: 0x8000604a (0x000050fd) c.li    ra, -1
core   0: 3 0x8000604a (0x50fd) x1  0xffffffff
core   0: 0x8000604c (0x000083e2) c.mv    t2, s8
core   0: 3 0x8000604c (0x83e2) x7  0xffffffd7
core   0: 0x8000604e (0x0000e491) c.bnez  s1, pc + 12
core   0: 3 0x8000604e (0xe491)
core   0: 0x8000605a (0x027414b3) mulh    s1, s0, t2
core   0: 3 0x8000605a (0x027414b3) x9  0x00000014
core   0: 0x8000605e (0x02a56563) bltu    a0, a0, pc + 42
core   0: 3 0x8000605e (0x02a56563)
core   0: 0x80006062 (0x09b14a17) auipc   s4, 0x9b14
core   0: 3 0x80006062 (0x09b14a17) x20 0x89b1a062
core   0: 0x80006066 (0x037a1a33) mulh    s4, s4, s7
core   0: 3 0x80006066 (0x037a1a33) x20 0x00000000
core   0: 0x8000606a (0x03282633) mulhsu  a2, a6, s2
core   0: 3 0x8000606a (0x03282633) x12 0x00000000
core   0: 0x8000606e (0x00008fb1) c.xor   a5, a2
core   0: 3 0x8000606e (0x8fb1) x15 0x0000000d
core   0: 0x80006070 (0x01f0f1b3) and     gp, ra, t6
core   0: 3 0x80006070 (0x01f0f1b3) x3  0x00000000
core   0: 0x80006074 (0x0393aeb3) mulhsu  t4, t2, s9
core   0: 3 0x80006074 (0x0393aeb3) x29 0xfffffff0
core   0: 0x80006078 (0x69cdb313) sltiu   t1, s11, 1692
core   0: 3 0x80006078 (0x69cdb313) x6  0x00000000
core   0: 0x8000607c (0x019bfdb3) and     s11, s7, s9
core   0: 3 0x8000607c (0x019bfdb3) x27 0x00000000
core   0: 0x80006080 (0x00000996) c.slli  s3, 5
core   0: 3 0x80006080 (0x0996) x19 0xffe86de0
core   0: 0x80006082 (0xa27d3713) sltiu   a4, s10, -1497
core   0: 3 0x80006082 (0xa27d3713) x14 0x00000001
core   0: 0x80006086 (0x00000ad2) c.slli  s5, 20
core   0: 3 0x80006086 (0x0ad2) x21 0xf5400000
core   0: 0x80006088 (0x00006ff5) c.lui   t6, 0x1d
core   0: 3 0x80006088 (0x6ff5) x31 0x0001d000
core   0: 0x8000608a (0x03f2ca33) div     s4, t0, t6
core   0: 3 0x8000608a (0x03f2ca33) x20 0x00000000
core   0: 0x8000608e (0x000007b6) c.slli  a5, 13
core   0: 3 0x8000608e (0x07b6) x15 0x0001a000
core   0: 0x80006090 (0x00e66a33) or      s4, a2, a4
core   0: 3 0x80006090 (0x00e66a33) x20 0x00000001
core   0: 0x80006094 (0x3402ddf3) csrrwi  s11, mscratch, 5
core   0: 3 0x80006094 (0x3402ddf3) x27 0x00000005 c832_mscratch 0x00000005
core   0: 0x80006098 (0x00000001) c.nop
core   0: 3 0x80006098 (0x0001)
core   0: 0x8000609a (0x00008c95) c.sub   s1, a3
core   0: 3 0x8000609a (0x8c95) x9  0x7ffd62f0
core   0: 0x8000609c (0x41155333) sra     t1, a0, a7
core   0: 3 0x8000609c (0x41155333) x6  0xffe32f9a
core   0: 0x800060a0 (0x0ff0000f) fence   iorw,iorw
core   0: 3 0x800060a0 (0x0ff0000f)
core   0: 0x800060a4 (0x41f2dfb3) sra     t6, t0, t6
core   0: 3 0x800060a4 (0x41f2dfb3) x31 0x00000001
core   0: 0x800060a8 (0x00191b63) bne     s2, ra, pc + 22
core   0: 3 0x800060a8 (0x00191b63)
core   0: 0x800060be (0x41f85893) srai    a7, a6, 31
core   0: 3 0x800060be (0x41f85893) x17 0x00000000
core   0: 0x800060c2 (0x03b6f4b3) remu    s1, a3, s11
core   0: 3 0x800060c2 (0x03b6f4b3) x9  0x00000003
core   0: 0x800060c6 (0x00008f11) c.sub   a4, a2
core   0: 3 0x800060c6 (0x8f11) x14 0x00000001
core   0: 0x800060c8 (0x6eaabd93) sltiu   s11, s5, 1770
core   0: 3 0x800060c8 (0x6eaabd93) x27 0x00000000
core   0: 0x800060cc (0x410dd213) srai    tp, s11, 16
core   0: 3 0x800060cc (0x410dd213) x4  0x00000000
core   0: 0x800060d0 (0x03ee8433) mul     s0, t4, t5
core   0: 3 0x800060d0 (0x03ee8433) x8  0xffec0000
core   0: 0x800060d4 (0x340a9ef3) csrrw   t4, mscratch, s5
core   0: 3 0x800060d4 (0x340a9ef3) x29 0x00000005 c832_mscratch 0xf5400000
core   0: 0x800060d8 (0x03ba8533) mul     a0, s5, s11
core   0: 3 0x800060d8 (0x03ba8533) x10 0x00000000
core   0: 0x800060dc (0x036ad033) divu    zero, s5, s6
core   0: 3 0x800060dc (0x036ad033)
core   0: 0x800060e0 (0x00008399) c.srli  a5, 6
core   0: 3 0x800060e0 (0x8399) x15 0x00000680
core   0: 0x800060e2 (0xa8c4ed37) lui     s10, 0xa8c4e
core   0: 3 0x800060e2 (0xa8c4ed37) x26 0xa8c4e000
core   0: 0x800060e6 (0x5b88c837) lui     a6, 0x5b88c
core   0: 3 0x800060e6 (0x5b88c837) x16 0x5b88c000
core   0: 0x800060ea (0x00004b55) c.li    s6, 21
core   0: 3 0x800060ea (0x4b55) x22 0x00000015
core   0: 0x800060ec (0x0344ba33) mulhu   s4, s1, s4
core   0: 3 0x800060ec (0x0344ba33) x20 0x00000000
core   0: 0x800060f0 (0x34049a73) csrrw   s4, mscratch, s1
core   0: 3 0x800060f0 (0x34049a73) x20 0xf5400000 c832_mscratch 0x00000003
core   0: 0x800060f4 (0x004d5463) bge     s10, tp, pc + 8
core   0: 3 0x800060f4 (0x004d5463)
core   0: 0x800060f8 (0x0349eab3) rem     s5, s3, s4
core   0: 3 0x800060f8 (0x0349eab3) x21 0xffe86de0
core   0: 0x800060fc (0x029590b3) mulh    ra, a1, s1
core   0: 3 0x800060fc (0x029590b3) x1  0xffffffff
core   0: 0x80006100 (0x340ba0f3) csrrs   ra, mscratch, s7
core   0: 3 0x80006100 (0x340ba0f3) x1  0x00000003 c832_mscratch 0x00000003
core   0: 0x80006104 (0x0000800d) c.srli  s0, 3
core   0: 3 0x80006104 (0x800d) x8  0x1ffd8000
core   0: 0x80006106 (0x03a9fc33) remu    s8, s3, s10
core   0: 3 0x80006106 (0x03a9fc33) x24 0x57238de0
core   0: 0x8000610a (0x34095cf3) csrrwi  s9, mscratch, 18
core   0: 3 0x8000610a (0x34095cf3) x25 0x00000003 c832_mscratch 0x00000012
core   0: 0x8000610e (0xc7cb6d93) ori     s11, s6, -900
core   0: 3 0x8000610e (0xc7cb6d93) x27 0xfffffc7d
core   0: 0x80006112 (0x02954f63) blt     a0, s1, pc + 62
core   0: 3 0x80006112 (0x02954f63)
core   0: 0x80006150 (0x400d8db3) sub     s11, s11, zero
core   0: 3 0x80006150 (0x400d8db3) x27 0xfffffc7d
core   0: 0x80006154 (0x3401ebf3) csrrsi  s7, mscratch, 3
core   0: 3 0x80006154 (0x3401ebf3) x23 0x00000012 c832_mscratch 0x00000013
core   0: 0x80006158 (0x000084b2) c.mv    s1, a2
core   0: 3 0x80006158 (0x84b2) x9  0x00000000
core   0: 0x8000615a (0x03378463) beq     a5, s3, pc + 40
core   0: 3 0x8000615a (0x03378463)
core   0: 0x8000615e (0x0ff0000f) fence   iorw,iorw
core   0: 3 0x8000615e (0x0ff0000f)
core   0: 0x80006162 (0x00008fc5) c.or    a5, s1
core   0: 3 0x80006162 (0x8fc5) x15 0x00000680
core   0: 0x80006164 (0x0000659d) c.lui   a1, 0x7
core   0: 3 0x80006164 (0x659d) x11 0x00007000
core   0: 0x80006166 (0x3403bbf3) csrrc   s7, mscratch, t2
core   0: 3 0x80006166 (0x3403bbf3) x23 0x00000013 c832_mscratch 0x00000000
core   0: 0x8000616a (0x0333d5b3) divu    a1, t2, s3
core   0: 3 0x8000616a (0x0333d5b3) x11 0x00000001
core   0: 0x8000616e (0x01896433) or      s0, s2, s8
core   0: 3 0x8000616e (0x01896433) x8  0x57238de0
core   0: 0x80006172 (0x13e27a13) andi    s4, tp, 318
core   0: 3 0x80006172 (0x13e27a13) x20 0x00000000
core   0: 0x80006176 (0x00bb34b3) sltu    s1, s6, a1
core   0: 3 0x80006176 (0x00bb34b3) x9  0x00000000
core   0: 0x8000617a (0x0000100f) fence.i
core   0: 3 0x8000617a (0x0000100f)
core   0: 0x8000617e (0x020d1c33) mulh    s8, s10, zero
core   0: 3 0x8000617e (0x020d1c33) x24 0x00000000
core   0: 0x80006182 (0x0000025a) c.slli  tp, 22
core   0: 3 0x80006182 (0x025a) x4  0x00000000
core   0: 0x80006184 (0x37463d13) sltiu   s10, a2, 884
core   0: 3 0x80006184 (0x37463d13) x26 0x00000001
core   0: 0x80006188 (0x0ff0000f) fence   iorw,iorw
core   0: 3 0x80006188 (0x0ff0000f)
core   0: 0x8000618c (0x00cd0563) beq     s10, a2, pc + 10
core   0: 3 0x8000618c (0x00cd0563)
core   0: 0x80006190 (0xe816ff13) andi    t5, a3, -383
core   0: 3 0x80006190 (0xe816ff13) x30 0x80029c00
core   0: 0x80006194 (0x000001e6) c.slli  gp, 25
core   0: 3 0x80006194 (0x01e6) x3  0x00000000
core   0: 0x80006196 (0x3403d773) csrrwi  a4, mscratch, 7
core   0: 3 0x80006196 (0x3403d773) x14 0x00000000 c832_mscratch 0x00000007
core   0: 0x8000619a (0x03d73033) mulhu   zero, a4, t4
core   0: 3 0x8000619a (0x03d73033)
core   0: 0x8000619e (0x020fc263) bltz    t6, pc + 36
core   0: 3 0x8000619e (0x020fc263)
core   0: 0x800061a2 (0x03247763) bgeu    s0, s2, pc + 46
core   0: 3 0x800061a2 (0x03247763)
core   0: 0x800061d0 (0x03c888b3) mul     a7, a7, t3
core   0: 3 0x800061d0 (0x03c888b3) x17 0x00000000
core   0: 0x800061d4 (0x031ce963) bltu    s9, a7, pc + 50
core   0: 3 0x800061d4 (0x031ce963)
core   0: 0x800061d8 (0x00008d5d) c.or    a0, a5
core   0: 3 0x800061d8 (0x8d5d) x10 0x00000680
core   0: 0x800061da (0x34006b73) csrrsi  s6, mscratch, 0
core   0: 3 0x800061da (0x34006b73) x22 0x00000007
core   0: 0x800061de (0x028d8cb3) mul     s9, s11, s0
core   0: 3 0x800061de (0x028d8cb3) x25 0xfe24c660
core   0: 0x800061e2 (0x020cfa33) remu    s4, s9, zero
core   0: 3 0x800061e2 (0x020cfa33) x20 0xfe24c660
core   0: 0x800061e6 (0x340275f3) csrrci  a1, mscratch, 4
core   0: 3 0x800061e6 (0x340275f3) x11 0x00000007 c832_mscratch 0x00000003
core   0: 0x800061ea (0x02508d33) mul     s10, ra, t0
core   0: 3 0x800061ea (0x02508d33) x26 0x00000003
core   0: 0x800061ee (0x00006a89) c.lui   s5, 0x2
core   0: 3 0x800061ee (0x6a89) x21 0x00002000
core   0: 0x800061f0 (0x0000809d) c.srli  s1, 7
core   0: 3 0x800061f0 (0x809d) x9  0x00000000
core   0: 0x800061f2 (0x00000266) c.slli  tp, 25
core   0: 3 0x800061f2 (0x0266) x4  0x00000000
core   0: 0x800061f4 (0x4176d813) srai    a6, a3, 23
core   0: 3 0x800061f4 (0x4176d813) x16 0xffffff00
core   0: 0x800061f8 (0x009bda33) srl     s4, s7, s1
core   0: 3 0x800061f8 (0x009bda33) x20 0x00000013
core   0: 0x800061fc (0x00000001) c.nop
core   0: 3 0x800061fc (0x0001)
core   0: 0x800061fe (0x000099fd) c.andi  a1, -1
core   0: 3 0x800061fe (0x99fd) x11 0x00000007
core   0: 0x80006200 (0x0000e3a9) c.bnez  a5, pc + 66
core   0: 3 0x80006200 (0xe3a9)
core   0: 0x80006242 (0x000089b2) c.mv    s3, a2
core   0: 3 0x80006242 (0x89b2) x19 0x00000000
core   0: 0x80006244 (0x340efbf3) csrrci  s7, mscratch, 29
core   0: 3 0x80006244 (0x340efbf3) x23 0x00000003 c832_mscratch 0x00000002
core   0: 0x80006248 (0x3405d573) csrrwi  a0, mscratch, 11
core   0: 3 0x80006248 (0x3405d573) x10 0x00000002 c832_mscratch 0x0000000b
core   0: 0x8000624c (0x00008f6d) c.and   a4, a1
core   0: 3 0x8000624c (0x8f6d) x14 0x00000000
core   0: 0x8000624e (0x0000e089) c.bnez  s1, pc + 2
core   0: 3 0x8000624e (0xe089)
core   0: 0x80006250 (0x340fe9f3) csrrsi  s3, mscratch, 31
core   0: 3 0x80006250 (0x340fe9f3) x19 0x0000000b c832_mscratch 0x0000001f
core   0: 0x80006254 (0x00ea8fb3) add     t6, s5, a4
core   0: 3 0x80006254 (0x00ea8fb3) x31 0x00002000
core   0: 0x80006258 (0x02f41b33) mulh    s6, s0, a5
core   0: 3 0x80006258 (0x02f41b33) x22 0x00000236
core   0: 0x8000625c (0x016278b3) and     a7, tp, s6
core   0: 3 0x8000625c (0x016278b3) x17 0x00000000
core   0: 0x80006260 (0x5585be93) sltiu   t4, a1, 1368
core   0: 3 0x80006260 (0x5585be93) x29 0x00000001
core   0: 0x80006264 (0x00008d41) c.or    a0, s0
core   0: 3 0x80006264 (0x8d41) x10 0x57238de2
core   0: 0x80006266 (0x0403c163) bltz    t2, pc + 66
core   0: 3 0x80006266 (0x0403c163)
core   0: 0x800062a8 (0x01e4abb3) slt     s7, s1, t5
core   0: 3 0x800062a8 (0x01e4abb3) x23 0x00000000
core   0: 0x800062ac (0x0000547d) c.li    s0, -1
core   0: 3 0x800062ac (0x547d) x8  0xffffffff
core   0: 0x800062ae (0x5f7f6417) auipc   s0, 0x5f7f6
core   0: 3 0x800062ae (0x5f7f6417) x8  0xdf7fc2ae
core   0: 0x800062b2 (0x00008e55) c.or    a2, a3
core   0: 3 0x800062b2 (0x8e55) x12 0x80029d24
core   0: 0x800062b4 (0x00009bfd) c.andi  a5, -1
core   0: 3 0x800062b4 (0x9bfd) x15 0x00000680
core   0: 0x800062b6 (0x40770b33) sub     s6, a4, t2
core   0: 3 0x800062b6 (0x40770b33) x22 0x00000029
core   0: 0x800062ba (0xecef8a93) addi    s5, t6, -306
core   0: 3 0x800062ba (0xecef8a93) x21 0x00001ece
core   0: 0x800062be (0x0191b033) sltu    zero, gp, s9
core   0: 3 0x800062be (0x0191b033)
core   0: 0x800062c2 (0x02c4f733) remu    a4, s1, a2
core   0: 3 0x800062c2 (0x02c4f733) x14 0x00000000
core   0: 0x800062c6 (0x00979413) slli    s0, a5, 9
core   0: 3 0x800062c6 (0x00979413) x8  0x000d0000
core   0: 0x800062ca (0x340071f3) csrrci  gp, mscratch, 0
core   0: 3 0x800062ca (0x340071f3) x3  0x0000001f
core   0: 0x800062ce (0x40e382b3) sub     t0, t2, a4
core   0: 3 0x800062ce (0x40e382b3) x5  0xffffffd7
core   0: 0x800062d2 (0x00c15b33) srl     s6, sp, a2
core   0: 3 0x800062d2 (0x00c15b33) x22 0x0fc65f35
core   0: 0x800062d6 (0x0ff0000f) fence   iorw,iorw
core   0: 3 0x800062d6 (0x0ff0000f)
core   0: 0x800062da (0x03280bb3) mul     s7, a6, s2
core   0: 3 0x800062da (0x03280bb3) x23 0x00000000
core   0: 0x800062de (0x70523a13) sltiu   s4, tp, 1797
core   0: 3 0x800062de (0x70523a13) x20 0x00000001
core   0: 0x800062e2 (0x001559b3) srl     s3, a0, ra
core   0: 3 0x800062e2 (0x001559b3) x19 0x0ae471bc
core   0: 0x800062e6 (0x01ee4eb3) xor     t4, t3, t5
core   0: 3 0x800062e6 (0x01ee4eb3) x29 0x0000c2a4
core   0: 0x800062ea (0x0000b617) auipc   a2, 0xb
core   0: 3 0x800062ea (0x0000b617) x12 0x800112ea
core   0: 0x800062ee (0x6c760613) addi    a2, a2, 1735
core   0: 3 0x800062ee (0x6c760613) x12 0x800119b1
core   0: 0x800062f2 (0x1d2eff13) andi    t5, t4, 466
core   0: 3 0x800062f2 (0x1d2eff13) x30 0x00000080
core   0: 0x800062f6 (0xdebb0993) addi    s3, s6, -533
core   0: 3 0x800062f6 (0xdebb0993) x19 0x0fc65d20
core   0: 0x800062fa (0x000049a9) c.li    s3, 10
core   0: 3 0x800062fa (0x49a9) x19 0x0000000a
core   0: 0x800062fc (0x0301d217) auipc   tp, 0x301d
core   0: 3 0x800062fc (0x0301d217) x4  0x830232fc
core   0: 0x80006300 (0x05564703) lbu     a4, 85(a2)
core   0: 3 0x80006300 (0x05564703) x14 0x000000b3 mem 0x80011a06
core   0: 0x80006304 (0xfa760c23) sb      t2, -72(a2)
core   0: 3 0x80006304 (0xfa760c23) mem 0x80011969 0xd7
core   0: 0x80006308 (0x01351833) sll     a6, a0, s3
core   0: 3 0x80006308 (0x01351833) x16 0x8e378800
core   0: 0x8000630c (0x01a60383) lb      t2, 26(a2)
core   0: 3 0x8000630c (0x01a60383) x7  0x0000007d mem 0x800119cb
core   0: 0x80006310 (0x0e660b03) lb      s6, 230(a2)
core   0: 3 0x80006310 (0x0e660b03) x22 0x00000051 mem 0x80011a97
core   0: 0x80006314 (0xf9d60403) lb      s0, -99(a2)
core   0: 3 0x80006314 (0xf9d60403) x8  0x0000003d mem 0x8001194e
core   0: 0x80006318 (0x34006af3) csrrsi  s5, mscratch, 0
core   0: 3 0x80006318 (0x34006af3) x21 0x0000001f
core   0: 0x8000631c (0x013a1533) sll     a0, s4, s3
core   0: 3 0x8000631c (0x013a1533) x10 0x00000400
core   0: 0x80006320 (0x01208bb3) add     s7, ra, s2
core   0: 3 0x80006320 (0x01208bb3) x23 0x00000003
core   0: 0x80006324 (0x018612a3) sh      s8, 5(a2)
core   0: 3 0x80006324 (0x018612a3) mem 0x800119b6 0x0000
core   0: 0x80006328 (0x028ab233) mulhu   tp, s5, s0
core   0: 3 0x80006328 (0x028ab233) x4  0x00000000
core   0: 0x8000632c (0x00c1ea33) or      s4, gp, a2
core   0: 3 0x8000632c (0x00c1ea33) x20 0x800119bf
core   0: 0x80006330 (0x00000001) c.nop
core   0: 3 0x80006330 (0x0001)
core   0: 0x80006332 (0xf2b62303) lw      t1, -213(a2)
core   0: 3 0x80006332 (0xf2b62303) x6  0x10ccccaa mem 0x800118dc
core   0: 0x80006336 (0xf5664083) lbu     ra, -170(a2)
core   0: 3 0x80006336 (0xf5664083) x1  0x000000a5 mem 0x80011907
core   0: 0x8000633a (0x00000001) c.nop
core   0: 3 0x8000633a (0x0001)
core   0: 0x8000633c (0x02536eb3) rem     t4, t1, t0
core   0: 3 0x8000633c (0x02536eb3) x29 0x0000001d
core   0: 0x80006340 (0x0169db93) srli    s7, s3, 22
core   0: 3 0x80006340 (0x0169db93) x23 0x00000000
core   0: 0x80006344 (0x0ed611a3) sh      a3, 227(a2)
core   0: 3 0x80006344 (0x0ed611a3) mem 0x80011a94 0x9d24
core   0: 0x80006348 (0xf7360f23) sb      s3, -130(a2)
core   0: 3 0x80006348 (0xf7360f23) mem 0x8001192f 0x0a
core   0: 0x8000634c (0x00008fb5) c.xor   a5, a3
core   0: 3 0x8000634c (0x8fb5) x15 0x80029ba4
core   0: 0x8000634e (0x03fe7d33) remu    s10, t3, t6
core   0: 3 0x8000634e (0x03fe7d33) x26 0x00001ea4
core   0: 0x80006352 (0x05965f03) lhu     t5, 89(a2)
core   0: 3 0x80006352 (0x05965f03) x30 0x0000c58f mem 0x80011a0a
core   0: 0x80006356 (0x0fe60503) lb      a0, 254(a2)
core   0: 3 0x80006356 (0x0fe60503) x10 0xffffff8c mem 0x80011aaf
core   0: 0x8000635a (0xf2d60d23) sb      a3, -198(a2)
core   0: 3 0x8000635a (0xf2d60d23) mem 0x800118eb 0x24
core   0: 0x8000635e (0x0c060b83) lb      s7, 192(a2)
core   0: 3 0x8000635e (0x0c060b83) x23 0xfffffff3 mem 0x80011a71
core   0: 0x80006362 (0x07765d03) lhu     s10, 119(a2)
core   0: 3 0x80006362 (0x07765d03) x26 0x00006031 mem 0x80011a28
core   0: 0x80006366 (0xf7564e83) lbu     t4, -139(a2)
core   0: 3 0x80006366 (0xf7564e83) x29 0x000000e3 mem 0x80011926
core   0: 0x8000636a (0x01d60523) sb      t4, 10(a2)
core   0: 3 0x8000636a (0x01d60523) mem 0x800119bb 0xe3
core   0: 0x8000636e (0x00000001) c.nop
core   0: 3 0x8000636e (0x0001)
core   0: 0x80006370 (0x41aa5593) srai    a1, s4, 26
core   0: 3 0x80006370 (0x41aa5593) x11 0xffffffe0
core   0: 0x80006374 (0x01ed9513) slli    a0, s11, 30
core   0: 3 0x80006374 (0x01ed9513) x10 0x40000000
core   0: 0x80006378 (0x00008845) c.andi  s0, 17
core   0: 3 0x80006378 (0x8845) x8  0x00000011
core   0: 0x8000637a (0x0f260883) lb      a7, 242(a2)
core   0: 3 0x8000637a (0x0f260883) x17 0xffffffcc mem 0x80011aa3
core   0: 0x8000637e (0xf85616a3) sh      t0, -115(a2)
core   0: 3 0x8000637e (0xf85616a3) mem 0x8001193e 0xffd7
core   0: 0x80006382 (0x00008111) c.srli  a0, 4
core   0: 3 0x80006382 (0x8111) x10 0x04000000
core   0: 0x80006384 (0xf5a60403) lb      s0, -166(a2)
core   0: 3 0x80006384 (0xf5a60403) x8  0xffffffe2 mem 0x8001190b
core   0: 0x80006388 (0xfab60d23) sb      a1, -70(a2)
core   0: 3 0x80006388 (0xfab60d23) mem 0x8001196b 0xe0
core   0: 0x8000638c (0x340c51f3) csrrwi  gp, mscratch, 24
core   0: 3 0x8000638c (0x340c51f3) x3  0x0000001f c832_mscratch 0x00000018
core   0: 0x80006390 (0xff565703) lhu     a4, -11(a2)
core   0: 3 0x80006390 (0xff565703) x14 0x0000947a mem 0x800119a6
core   0: 0x80006394 (0x00009d16) c.add   s10, t0
core   0: 3 0x80006394 (0x9d16) x26 0x00006008
core   0: 0x80006396 (0x00000a26) c.slli  s4, 9
core   0: 3 0x80006396 (0x0a26) x20 0x02337e00
core   0: 0x80006398 (0x02bb2833) mulhsu  a6, s6, a1
core   0: 3 0x80006398 (0x02bb2833) x16 0x00000050
core   0: 0x8000639c (0x01105393) srli    t2, zero, 17
core   0: 3 0x8000639c (0x01105393) x7  0x00000000
core   0: 0x800063a0 (0xcae6cf13) xori    t5, a3, -850
core   0: 3 0x800063a0 (0xcae6cf13) x30 0x7ffd618a
core   0: 0x800063a4 (0x340eb0f3) csrrc   ra, mscratch, t4
core   0: 3 0x800063a4 (0x340eb0f3) x1  0x00000018 c832_mscratch 0x00000018
core   0: 0x800063a8 (0x00008476) c.mv    s0, t4
core   0: 3 0x800063a8 (0x8476) x8  0x000000e3
core   0: 0x800063aa (0x34086f73) csrrsi  t5, mscratch, 16
core   0: 3 0x800063aa (0x34086f73) x30 0x00000018 c832_mscratch 0x00000018
core   0: 0x800063ae (0x108f6837) lui     a6, 0x108f6
core   0: 3 0x800063ae (0x108f6837) x16 0x108f6000
core   0: 0x800063b2 (0x00008e5d) c.or    a2, a5
core   0: 3 0x800063b2 (0x8e5d) x12 0x80039bb5
core   0: 0x800063b4 (0x34029df3) csrrw   s11, mscratch, t0
core   0: 3 0x800063b4 (0x34029df3) x27 0x00000018 c832_mscratch 0xffffffd7
core   0: 0x800063b8 (0x00000001) c.nop
core   0: 3 0x800063b8 (0x0001)
core   0: 0x800063ba (0x340524f3) csrrs   s1, mscratch, a0
core   0: 3 0x800063ba (0x340524f3) x9  0xffffffd7 c832_mscratch 0xffffffd7
core   0: 0x800063be (0x00494463) blt     s2, tp, pc + 8
core   0: 3 0x800063be (0x00494463)
core   0: 0x800063c2 (0x00f79cb3) sll     s9, a5, a5
core   0: 3 0x800063c2 (0x00f79cb3) x25 0x0029ba40
core   0: 0x800063c6 (0xc9a3e513) ori     a0, t2, -870
core   0: 3 0x800063c6 (0xc9a3e513) x10 0xfffffc9a
core   0: 0x800063ca (0x0000873d) c.srai  a4, 15
core   0: 3 0x800063ca (0x873d) x14 0x00000001
core   0: 0x800063cc (0x00000001) c.nop
core   0: 3 0x800063cc (0x0001)
core   0: 0x800063ce (0x02ae3eb3) mulhu   t4, t3, a0
core   0: 3 0x800063ce (0x02ae3eb3) x29 0x80025cf0
core   0: 0x800063d2 (0x41425db3) sra     s11, tp, s4
core   0: 3 0x800063d2 (0x41425db3) x27 0x00000000
core   0: 0x800063d6 (0x000063c9) c.lui   t2, 0x12
core   0: 3 0x800063d6 (0x63c9) x7  0x00012000
core   0: 0x800063d8 (0xa43a62b7) lui     t0, 0xa43a6
core   0: 3 0x800063d8 (0xa43a62b7) x5  0xa43a6000
core   0: 0x800063dc (0x00000001) c.nop
core   0: 3 0x800063dc (0x0001)
core   0: 0x800063de (0x00008cad) c.xor   s1, a1
core   0: 3 0x800063de (0x8cad) x9  0x00000037
core   0: 0x800063e0 (0x012698b3) sll     a7, a3, s2
core   0: 3 0x800063e0 (0x012698b3) x17 0x80029d24
core   0: 0x800063e4 (0x34002b73) csrr    s6, mscratch
core   0: 3 0x800063e4 (0x34002b73) x22 0xffffffd7
core   0: 0x800063e8 (0x028f1163) bne     t5, s0, pc + 34
core   0: 3 0x800063e8 (0x028f1163)
core   0: 0x8000640a (0x340063f3) csrrsi  t2, mscratch, 0
core   0: 3 0x8000640a (0x340063f3) x7  0xffffffd7
core   0: 0x8000640e (0x34006ef3) csrrsi  t4, mscratch, 0
core   0: 3 0x8000640e (0x34006ef3) x29 0xffffffd7
core   0: 0x80006412 (0x037bfc33) remu    s8, s7, s7
core   0: 3 0x80006412 (0x037bfc33) x24 0x00000000
core   0: 0x80006416 (0x01b65b63) bge     a2, s11, pc + 22
core   0: 3 0x80006416 (0x01b65b63)
core   0: 0x8000641a (0x91967213) andi    tp, a2, -1767
core   0: 3 0x8000641a (0x91967213) x4  0x80039911
core   0: 0x8000641e (0x00008cd5) c.or    s1, a3
core   0: 3 0x8000641e (0x8cd5) x9  0x80029d37
core   0: 0x80006420 (0x0428f063) bgeu    a7, sp, pc + 64
core   0: 3 0x80006420 (0x0428f063)
core   0: 0x80006424 (0x3407ecf3) csrrsi  s9, mscratch, 15
core   0: 3 0x80006424 (0x3407ecf3) x25 0xffffffd7 c832_mscratch 0xffffffdf
core   0: 0x80006428 (0x00008169) c.srli  a0, 26
core   0: 3 0x80006428 (0x8169) x10 0x0000003f
core   0: 0x8000642a (0x00006319) c.lui   t1, 0x6
core   0: 3 0x8000642a (0x6319) x6  0x00006000
core   0: 0x8000642c (0x0000873d) c.srai  a4, 15
core   0: 3 0x8000642c (0x873d) x14 0x00000000
core   0: 0x8000642e (0x038e1933) mulh    s2, t3, s8
core   0: 3 0x8000642e (0x038e1933) x18 0x00000000
core   0: 0x80006432 (0x34047b73) csrrci  s6, mscratch, 8
core   0: 3 0x80006432 (0x34047b73) x22 0xffffffdf c832_mscratch 0xffffffd7
core   0: 0x80006436 (0x03177b33) remu    s6, a4, a7
core   0: 3 0x80006436 (0x03177b33) x22 0x00000000
core   0: 0x8000643a (0x039f5ab3) divu    s5, t5, s9
core   0: 3 0x8000643a (0x039f5ab3) x21 0x00000000
core   0: 0x8000643e (0x00008385) c.srli  a5, 1
core   0: 3 0x8000643e (0x8385) x15 0x40014dd2
core   0: 0x80006440 (0x3404df73) csrrwi  t5, mscratch, 9
core   0: 3 0x80006440 (0x3404df73) x30 0xffffffd7 c832_mscratch 0x00000009
core   0: 0x80006444 (0x000069dd) c.lui   s3, 0x17
core   0: 3 0x80006444 (0x69dd) x19 0x00017000
core   0: 0x80006446 (0x97983593) sltiu   a1, a6, -1671
core   0: 3 0x80006446 (0x97983593) x11 0x00000001
core   0: 0x8000644a (0x340e9273) csrrw   tp, mscratch, t4
core   0: 3 0x8000644a (0x340e9273) x4  0x00000009 c832_mscratch 0xffffffd7
core   0: 0x8000644e (0x03dd9433) mulh    s0, s11, t4
core   0: 3 0x8000644e (0x03dd9433) x8  0x00000000
core   0: 0x80006452 (0x0000897a) c.mv    s2, t5
core   0: 3 0x80006452 (0x897a) x18 0xffffffd7
core   0: 0x80006454 (0xc63fe713) ori     a4, t6, -925
core   0: 3 0x80006454 (0xc63fe713) x14 0xfffffc63
core   0: 0x80006458 (0x00fc9463) bne     s9, a5, pc + 8
core   0: 3 0x80006458 (0x00fc9463)
core   0: 0x80006460 (0x340012f3) csrrw   t0, mscratch, zero
core   0: 3 0x80006460 (0x340012f3) x5  0xffffffd7 c832_mscratch 0x00000000
core   0: 0x80006464 (0x01c08363) beq     ra, t3, pc + 6
core   0: 3 0x80006464 (0x01c08363)
core   0: 0x80006468 (0x00000001) c.nop
core   0: 3 0x80006468 (0x0001)
core   0: 0x8000646a (0x02ba6db3) rem     s11, s4, a1
core   0: 3 0x8000646a (0x02ba6db3) x27 0x00000000
core   0: 0x8000646e (0x404c55b3) sra     a1, s8, tp
core   0: 3 0x8000646e (0x404c55b3) x11 0x00000000
core   0: 0x80006472 (0x020002b3) mul     t0, zero, zero
core   0: 3 0x80006472 (0x020002b3) x5  0x00000000
core   0: 0x80006476 (0x00008e3d) c.xor   a2, a5
core   0: 3 0x80006476 (0x8e3d) x12 0xc002d667
core   0: 0x80006478 (0x00000001) c.nop
core   0: 3 0x80006478 (0x0001)
core   0: 0x8000647a (0x0ff0000f) fence   iorw,iorw
core   0: 3 0x8000647a (0x0ff0000f)
core   0: 0x8000647e (0x00008e45) c.or    a2, s1
core   0: 3 0x8000647e (0x8e45) x12 0xc002df77
core   0: 0x80006480 (0x00000001) c.nop
core   0: 3 0x80006480 (0x0001)
core   0: 0x80006482 (0x037ca8b3) mulhsu  a7, s9, s7
core   0: 3 0x80006482 (0x037ca8b3) x17 0xffffffd7
core   0: 0x80006486 (0x019c9733) sll     a4, s9, s9
core   0: 3 0x80006486 (0x019c9733) x14 0xeb800000
core   0: 0x8000648a (0x00008205) c.srli  a2, 1
core   0: 3 0x8000648a (0x8205) x12 0x60016fbb
core   0: 0x8000648c (0xcd3f8097) auipc   ra, 0xcd3f8
core   0: 3 0x8000648c (0xcd3f8097) x1  0x4d3fe48c
core   0: 0x80006490 (0x00008d29) c.xor   a0, a0
core   0: 3 0x80006490 (0x8d29) x10 0x00000000
core   0: 0x80006492 (0x017ea733) slt     a4, t4, s7
core   0: 3 0x80006492 (0x017ea733) x14 0x00000001
core   0: 0x80006496 (0x035eb033) mulhu   zero, t4, s5
core   0: 3 0x80006496 (0x035eb033)
core   0: 0x8000649a (0x97ca8b37) lui     s6, 0x97ca8
core   0: 3 0x8000649a (0x97ca8b37) x22 0x97ca8000
core   0: 0x8000649e (0x00008e41) c.or    a2, s0
core   0: 3 0x8000649e (0x8e41) x12 0x60016fbb
core   0: 0x800064a0 (0x00eb5ab3) srl     s5, s6, a4
core   0: 3 0x800064a0 (0x00eb5ab3) x21 0x4be54000
core   0: 0x800064a4 (0x000062b5) c.lui   t0, 0xd
core   0: 3 0x800064a4 (0x62b5) x5  0x0000d000
core   0: 0x800064a6 (0x0276d463) bge     a3, t2, pc + 40
core   0: 3 0x800064a6 (0x0276d463)
core   0: 0x800064aa (0x000099a6) c.add   s3, s1
core   0: 3 0x800064aa (0x99a6) x19 0x80040d37
core   0: 0x800064ac (0x000095ea) c.add   a1, s10
core   0: 3 0x800064ac (0x95ea) x11 0x00006008
core   0: 0x800064ae (0x012dea63) bltu    s11, s2, pc + 20
core   0: 3 0x800064ae (0x012dea63)
core   0: 0x800064c2 (0x00ea97b3) sll     a5, s5, a4
core   0: 3 0x800064c2 (0x00ea97b3) x15 0x97ca8000
core   0: 0x800064c6 (0x03dcbab3) mulhu   s5, s9, t4
core   0: 3 0x800064c6 (0x03dcbab3) x21 0xffffffae
core   0: 0x800064ca (0x340dd2f3) csrrwi  t0, mscratch, 27
core   0: 3 0x800064ca (0x340dd2f3) x5  0x00000000 c832_mscratch 0x0000001b
core   0: 0x800064ce (0x01c479b3) and     s3, s0, t3
core   0: 3 0x800064ce (0x01c479b3) x19 0x00000000
core   0: 0x800064d2 (0x0000c811) c.beqz  s0, pc + 20
core   0: 3 0x800064d2 (0xc811)
core   0: 0x800064e6 (0x40a583b3) sub     t2, a1, a0
core   0: 3 0x800064e6 (0x40a583b3) x7  0x00006008
core   0: 0x800064ea (0x0000e199) c.bnez  a1, pc + 6
core   0: 3 0x800064ea (0xe199)
core   0: 0x800064f0 (0x0328ca63) blt     a7, s2, pc + 52
core   0: 3 0x800064f0 (0x0328ca63)
core   0: 0x800064f4 (0x008f7c33) and     s8, t5, s0
core   0: 3 0x800064f4 (0x008f7c33) x24 0x00000000
core   0: 0x800064f8 (0x02ab0833) mul     a6, s6, a0
core   0: 3 0x800064f8 (0x02ab0833) x16 0x00000000
core   0: 0x800064fc (0x02c915b3) mulh    a1, s2, a2
core   0: 3 0x800064fc (0x02c915b3) x11 0xfffffff0
core   0: 0x80006500 (0x01c597b3) sll     a5, a1, t3
core   0: 3 0x80006500 (0x01c597b3) x15 0xffffff00
core   0: 0x80006504 (0x0216c933) div     s2, a3, ra
core   0: 3 0x80006504 (0x0216c933) x18 0xffffffff
core   0: 0x80006508 (0x0000cd11) c.beqz  a0, pc + 28
core   0: 3 0x80006508 (0xcd11)
core   0: 0x80006524 (0x0298cd33) div     s10, a7, s1
core   0: 3 0x80006524 (0x0298cd33) x26 0x00000000
core   0: 0x80006528 (0x00008331) c.srli  a4, 12
core   0: 3 0x80006528 (0x8331) x14 0x00000000
core   0: 0x8000652a (0x00d19f33) sll     t5, gp, a3
core   0: 3 0x8000652a (0x00d19f33) x30 0x000001f0
core   0: 0x8000652e (0x00008339) c.srli  a4, 14
core   0: 3 0x8000652e (0x8339) x14 0x00000000
core   0: 0x80006530 (0x670b3f13) sltiu   t5, s6, 1648
core   0: 3 0x80006530 (0x670b3f13) x30 0x00000000
core   0: 0x80006534 (0x02971233) mulh    tp, a4, s1
core   0: 3 0x80006534 (0x02971233) x4  0x00000000
core   0: 0x80006538 (0x000085f9) c.srai  a1, 30
core   0: 3 0x80006538 (0x85f9) x11 0xffffffff
core   0: 0x8000653a (0x05bef163) bgeu    t4, s11, pc + 66
core   0: 3 0x8000653a (0x05bef163)
core   0: 0x8000657c (0x02748db3) mul     s11, s1, t2
core   0: 3 0x8000657c (0x02748db3) x27 0xfb0989b8
core   0: 0x80006580 (0x12a28393) addi    t2, t0, 298
core   0: 3 0x80006580 (0x12a28393) x7  0x0000012a
core   0: 0x80006584 (0x00008a6d) c.andi  a2, 27
core   0: 3 0x80006584 (0x8a6d) x12 0x0000001b
core   0: 0x80006586 (0x8413b493) sltiu   s1, t2, -1983
core   0: 3 0x80006586 (0x8413b493) x9  0x00000001
core   0: 0x8000658a (0x014d82b3) add     t0, s11, s4
core   0: 3 0x8000658a (0x014d82b3) x5  0xfd3d07b8
core   0: 0x8000658e (0x012863b3) or      t2, a6, s2
core   0: 3 0x8000658e (0x012863b3) x7  0xffffffff
core   0: 0x80006592 (0x000aa4b3) slt     s1, s5, zero
core   0: 3 0x80006592 (0x000aa4b3) x9  0x00000001
core   0: 0x80006596 (0x5d608f13) addi    t5, ra, 1494
core   0: 3 0x80006596 (0x5d608f13) x30 0x4d3fea62
core   0: 0x8000659a (0x0000e399) c.bnez  a5, pc + 6
core   0: 3 0x8000659a (0xe399)
core   0: 0x800065a0 (0x340824f3) csrrs   s1, mscratch, a6
core   0: 3 0x800065a0 (0x340824f3) x9  0x0000001b c832_mscratch 0x0000001b
core   0: 0x800065a4 (0x00008d1d) c.sub   a0, a5
core   0: 3 0x800065a4 (0x8d1d) x10 0x00000100
core   0: 0x800065a6 (0x0000c515) c.beqz  a0, pc + 44
core   0: 3 0x800065a6 (0xc515)
core   0: 0x800065a8 (0x340b50f3) csrrwi  ra, mscratch, 22
core   0: 3 0x800065a8 (0x340b50f3) x1  0x0000001b c832_mscratch 0x00000016
core   0: 0x800065ac (0x03c5c963) blt     a1, t3, pc + 50
core   0: 3 0x800065ac (0x03c5c963)
core   0: 0x800065b0 (0x34082373) csrrs   t1, mscratch, a6
core   0: 3 0x800065b0 (0x34082373) x6  0x00000016 c832_mscratch 0x00000016
core   0: 0x800065b4 (0x3407a4f3) csrrs   s1, mscratch, a5
core   0: 3 0x800065b4 (0x3407a4f3) x9  0x00000016 c832_mscratch 0xffffff16
core   0: 0x800065b8 (0x05a64063) blt     a2, s10, pc + 64
core   0: 3 0x800065b8 (0x05a64063)
core   0: 0x800065bc (0x7ab52513) slti    a0, a0, 1963
core   0: 3 0x800065bc (0x7ab52513) x10 0x00000001
core   0: 0x800065c0 (0xccea3293) sltiu   t0, s4, -818
core   0: 3 0x800065c0 (0xccea3293) x5  0x00000001
core   0: 0x800065c4 (0x3405e973) csrrsi  s2, mscratch, 11
core   0: 3 0x800065c4 (0x3405e973) x18 0xffffff16 c832_mscratch 0xffffff1f
core   0: 0x800065c8 (0x000081ed) c.srli  a1, 27
core   0: 3 0x800065c8 (0x81ed) x11 0x0000001f
core   0: 0x800065ca (0x00f69c63) bne     a3, a5, pc + 24
core   0: 3 0x800065ca (0x00f69c63)
core   0: 0x800065e2 (0x34019373) csrrw   t1, mscratch, gp
core   0: 3 0x800065e2 (0x34019373) x6  0xffffff1f c832_mscratch 0x0000001f
core   0: 0x800065e6 (0x011f9a93) slli    s5, t6, 17
core   0: 3 0x800065e6 (0x011f9a93) x21 0x40000000
core   0: 0x800065ea (0x34002ff3) csrr    t6, mscratch
core   0: 3 0x800065ea (0x34002ff3) x31 0x0000001f
core   0: 0x800065ee (0x0390a433) mulhsu  s0, ra, s9
core   0: 3 0x800065ee (0x0390a433) x8  0x0000001a
core   0: 0x800065f2 (0x000001de) c.slli  gp, 23
core   0: 3 0x800065f2 (0x01de) x3  0x0f800000
core   0: 0x800065f4 (0x0ff0000f) fence   iorw,iorw
core   0: 3 0x800065f4 (0x0ff0000f)
core   0: 0x800065f8 (0x00009aae) c.add   s5, a1
core   0: 3 0x800065f8 (0x9aae) x21 0x4000001f
core   0: 0x800065fa (0x00ea1b93) slli    s7, s4, 14
core   0: 3 0x800065fa (0x00ea1b93) x23 0xdf800000
core   0: 0x800065fe (0x00000001) c.nop
core   0: 3 0x800065fe (0x0001)
core   0: 0x80006600 (0x05e06063) bltu    zero, t5, pc + 64
core   0: 3 0x80006600 (0x05e06063)
core   0: 0x80006640 (0x038a6363) bltu    s4, s8, pc + 38
core   0: 3 0x80006640 (0x038a6363)
core   0: 0x80006644 (0x0000e405) c.bnez  s0, pc + 40
core   0: 3 0x80006644 (0xe405)
core   0: 0x8000666c (0x340d6373) csrrsi  t1, mscratch, 26
core   0: 3 0x8000666c (0x340d6373) x6  0x0000001f c832_mscratch 0x0000001f
core   0: 0x80006670 (0x01e704b3) add     s1, a4, t5
core   0: 3 0x80006670 (0x01e704b3) x9  0x4d3fea62
core   0: 0x80006674 (0xb1af0393) addi    t2, t5, -1254
core   0: 3 0x80006674 (0xb1af0393) x7  0x4d3fe57c
core   0: 0x80006678 (0x01b1f2b3) and     t0, gp, s11
core   0: 3 0x80006678 (0x01b1f2b3) x5  0x0b000000
core   0: 0x8000667c (0x415dd513) srai    a0, s11, 21
core   0: 3 0x8000667c (0x415dd513) x10 0xffffffd8
core   0: 0x80006680 (0x3401b5f3) csrrc   a1, mscratch, gp
core   0: 3 0x80006680 (0x3401b5f3) x11 0x0000001f c832_mscratch 0x0000001f
core   0: 0x80006684 (0x03105c33) divu    s8, zero, a7
core   0: 3 0x80006684 (0x03105c33) x24 0x00000000
core   0: 0x80006688 (0x03530f13) addi    t5, t1, 53
core   0: 3 0x80006688 (0x03530f13) x30 0x00000054
core   0: 0x8000668c (0xaa1e0913) addi    s2, t3, -1375
core   0: 3 0x8000668c (0xaa1e0913) x18 0x80025945
core   0: 0x80006690 (0x01dce563) bltu    s9, t4, pc + 10
core   0: 3 0x80006690 (0x01dce563)
core   0: 0x80006694 (0x00bbf233) and     tp, s7, a1
core   0: 3 0x80006694 (0x00bbf233) x4  0x00000000
core   0: 0x80006698 (0x0000c791) c.beqz  a5, pc + 12
core   0: 3 0x80006698 (0xc791)
core   0: 0x8000669a (0x02c9ef63) bltu    s3, a2, pc + 62
core   0: 3 0x8000669a (0x02c9ef63)
core   0: 0x800066d8 (0x00008e49) c.or    a2, a0
core   0: 3 0x800066d8 (0x8e49) x12 0xffffffdb
core   0: 0x800066da (0x026adf63) bge     s5, t1, pc + 62
core   0: 3 0x800066da (0x026adf63)
core   0: 0x80006718 (0x007f3533) sltu    a0, t5, t2
core   0: 3 0x80006718 (0x007f3533) x10 0x00000001
core   0: 0x8000671c (0x000099fd) c.andi  a1, -1
core   0: 3 0x8000671c (0x99fd) x11 0x0000001f
core   0: 0x8000671e (0x00008fcd) c.or    a5, a1
core   0: 3 0x8000671e (0x8fcd) x15 0xffffff1f
core   0: 0x80006720 (0x005ca9b3) slt     s3, s9, t0
core   0: 3 0x80006720 (0x005ca9b3) x19 0x00000001
core   0: 0x80006724 (0x41c15833) sra     a6, sp, t3
core   0: 3 0x80006724 (0x41c15833) x16 0xffc65f35
core   0: 0x80006728 (0x00008e2d) c.xor   a2, a1
core   0: 3 0x80006728 (0x8e2d) x12 0xffffffc4
core   0: 0x8000672a (0x00008af2) c.mv    s5, t3
core   0: 3 0x8000672a (0x8af2) x21 0x80025ea4
core   0: 0x8000672c (0x017939b3) sltu    s3, s2, s7
core   0: 3 0x8000672c (0x017939b3) x19 0x00000001
core   0: 0x80006730 (0xe756b993) sltiu   s3, a3, -395
core   0: 3 0x80006730 (0xe756b993) x19 0x00000001
core   0: 0x80006734 (0xad9b3613) sltiu   a2, s6, -1319
core   0: 3 0x80006734 (0xad9b3613) x12 0x00000001
core   0: 0x80006738 (0x977d7a13) andi    s4, s10, -1673
core   0: 3 0x80006738 (0x977d7a13) x20 0x00000000
core   0: 0x8000673c (0x00008271) c.srli  a2, 28
core   0: 3 0x8000673c (0x8271) x12 0x00000000
core   0: 0x8000673e (0x001e0663) beq     t3, ra, pc + 12
core   0: 3 0x8000673e (0x001e0663)
core   0: 0x80006742 (0x34002ff3) csrr    t6, mscratch
core   0: 3 0x80006742 (0x34002ff3) x31 0x0000001f
core   0: 0x80006746 (0x4084d0b3) sra     ra, s1, s0
core   0: 3 0x80006746 (0x4084d0b3) x1  0x00000013
core   0: 0x8000674a (0x00006855) c.lui   a6, 0x15
core   0: 3 0x8000674a (0x6855) x16 0x00015000
core   0: 0x8000674c (0x00008f4d) c.or    a4, a1
core   0: 3 0x8000674c (0x8f4d) x14 0x0000001f
core   0: 0x8000674e (0x00000001) c.nop
core   0: 3 0x8000674e (0x0001)
core   0: 0x80006750 (0x03655533) divu    a0, a0, s6
core   0: 3 0x80006750 (0x03655533) x10 0x00000000
core   0: 0x80006754 (0x00008f91) c.sub   a5, a2
core   0: 3 0x80006754 (0x8f91) x15 0xffffff1f
core   0: 0x80006756 (0x00009a7d) c.andi  a2, -1
core   0: 3 0x80006756 (0x9a7d) x12 0x00000000
core   0: 0x80006758 (0x4184d713) srai    a4, s1, 24
core   0: 3 0x80006758 (0x4184d713) x14 0x0000004d
core   0: 0x8000675c (0x00000001) c.nop
core   0: 3 0x8000675c (0x0001)
core   0: 0x8000675e (0x0000100f) fence.i
core   0: 3 0x8000675e (0x0000100f)
core   0: 0x80006762 (0x00000001) c.nop
core   0: 3 0x80006762 (0x0001)
core   0: 0x80006764 (0x012c0a33) add     s4, s8, s2
core   0: 3 0x80006764 (0x012c0a33) x20 0x80025945
core   0: 0x80006768 (0x4050d013) srai    zero, ra, 5
core   0: 3 0x80006768 (0x4050d013)
core   0: 0x8000676c (0x0ff0000f) fence   iorw,iorw
core   0: 3 0x8000676c (0x0ff0000f)
core   0: 0x80006770 (0x182ea513) slti    a0, t4, 386
core   0: 3 0x80006770 (0x182ea513) x10 0x00000001
core   0: 0x80006774 (0x34006973) csrrsi  s2, mscratch, 0
core   0: 3 0x80006774 (0x34006973) x18 0x0000001f
core   0: 0x80006778 (0x340c78f3) csrrci  a7, mscratch, 24
core   0: 3 0x80006778 (0x340c78f3) x17 0x0000001f c832_mscratch 0x00000007
core   0: 0x8000677c (0x0000100f) fence.i
core   0: 3 0x8000677c (0x0000100f)
core   0: 0x80006780 (0x011c9993) slli    s3, s9, 17
core   0: 3 0x80006780 (0x011c9993) x19 0xffae0000
core   0: 0x80006784 (0x03099f63) bne     s3, a6, pc + 62
core   0: 3 0x80006784 (0x03099f63)
core   0: 0x800067c2 (0x000084fa) c.mv    s1, t5
core   0: 3 0x800067c2 (0x84fa) x9  0x00000054
core   0: 0x800067c4 (0xc60b7a13) andi    s4, s6, -928
core   0: 3 0x800067c4 (0xc60b7a13) x20 0x97ca8000
core   0: 0x800067c8 (0x004b9713) slli    a4, s7, 4
core   0: 3 0x800067c8 (0x004b9713) x14 0xf8000000
core   0: 0x800067cc (0x9d692593) slti    a1, s2, -1578
core   0: 3 0x800067cc (0x9d692593) x11 0x00000000
core   0: 0x800067d0 (0x03622c33) mulhsu  s8, tp, s6
core   0: 3 0x800067d0 (0x03622c33) x24 0x00000000
core   0: 0x800067d4 (0x03c735b3) mulhu   a1, a4, t3
core   0: 3 0x800067d4 (0x03c735b3) x11 0x7c024bae
core   0: 0x800067d8 (0x02c13db3) mulhu   s11, sp, a2
core   0: 3 0x800067d8 (0x02c13db3) x27 0x00000000
core   0: 0x800067dc (0x00267633) and     a2, a2, sp
core   0: 3 0x800067dc (0x00267633) x12 0x00000000
core   0: 0x800067e0 (0x01087263) bgeu    a6, a6, pc + 4
core   0: 3 0x800067e0 (0x01087263)
core   0: 0x800067e4 (0xf1d3cf37) lui     t5, 0xf1d3c
core   0: 3 0x800067e4 (0xf1d3cf37) x30 0xf1d3c000
core   0: 0x800067e8 (0x0232d563) bge     t0, gp, pc + 42
core   0: 3 0x800067e8 (0x0232d563)
core   0: 0x800067ec (0x3404a9f3) csrrs   s3, mscratch, s1
core   0: 3 0x800067ec (0x3404a9f3) x19 0x00000007 c832_mscratch 0x00000057
core   0: 0x800067f0 (0x011d1413) slli    s0, s10, 17
core   0: 3 0x800067f0 (0x011d1413) x8  0x00000000
core   0: 0x800067f4 (0x03a15333) divu    t1, sp, s10
core   0: 3 0x800067f4 (0x03a15333) x6  0xffffffff
core   0: 0x800067f8 (0x00008e25) c.xor   a2, s1
core   0: 3 0x800067f8 (0x8e25) x12 0x00000054
core   0: 0x800067fa (0x036f6433) rem     s0, t5, s6
core   0: 3 0x800067fa (0x036f6433) x8  0xf1d3c000
core   0: 0x800067fe (0x02baa033) mulhsu  zero, s5, a1
core   0: 3 0x800067fe (0x02baa033)
core   0: 0x80006802 (0x34007b73) csrrci  s6, mscratch, 0
core   0: 3 0x80006802 (0x34007b73) x22 0x00000057
core   0: 0x80006806 (0x0000100f) fence.i
core   0: 3 0x80006806 (0x0000100f)
core   0: 0x8000680a (0x01cfaa33) slt     s4, t6, t3
core   0: 3 0x8000680a (0x01cfaa33) x20 0x00000000
core   0: 0x8000680e (0x51c16f13) ori     t5, sp, 1308
core   0: 3 0x8000680e (0x51c16f13) x30 0xfc65f75c
core   0: 0x80006812 (0x00004af9) c.li    s5, 30
core   0: 3 0x80006812 (0x4af9) x21 0x0000001e
core   0: 0x80006814 (0x00009a7d) c.andi  a2, -1
core   0: 3 0x80006814 (0x9a7d) x12 0x00000054
core   0: 0x80006816 (0x05e10063) beq     sp, t5, pc + 64
core   0: 3 0x80006816 (0x05e10063)
core   0: 0x8000681a (0x00d65333) srl     t1, a2, a3
core   0: 3 0x8000681a (0x00d65333) x6  0x00000005
core   0: 0x8000681e (0xf8024293) xori    t0, tp, -128
core   0: 3 0x8000681e (0xf8024293) x5  0xffffff80
core   0: 0x80006822 (0x03ccceb3) div     t4, s9, t3
core   0: 3 0x80006822 (0x03ccceb3) x29 0x00000000
core   0: 0x80006826 (0x00008256) c.mv    tp, s5
core   0: 3 0x80006826 (0x8256) x4  0x0000001e
core   0: 0x80006828 (0x0000987d) c.andi  s0, -1
core   0: 3 0x80006828 (0x987d) x8  0xf1d3c000
core   0: 0x8000682a (0x02cd7963) bgeu    s10, a2, pc + 50
core   0: 3 0x8000682a (0x02cd7963)
core   0: 0x8000682e (0x000093be) c.add   t2, a5
core   0: 3 0x8000682e (0x93be) x7  0x4d3fe49b
core   0: 0x80006830 (0x008ab0b3) sltu    ra, s5, s0
core   0: 3 0x80006830 (0x008ab0b3) x1  0x00000001
core   0: 0x80006834 (0xdde1c413) xori    s0, gp, -546
core   0: 3 0x80006834 (0xdde1c413) x8  0xf07ffdde
core   0: 0x80006838 (0x4015d713) srai    a4, a1, 1
core   0: 3 0x80006838 (0x4015d713) x14 0x3e0125d7
core   0: 0x8000683c (0x00008c7a) c.mv    s8, t5
core   0: 3 0x8000683c (0x8c7a) x24 0xfc65f75c
core   0: 0x8000683e (0x02ed4463) blt     s10, a4, pc + 40
core   0: 3 0x8000683e (0x02ed4463)
core   0: 0x80006866 (0x0202feb3) remu    t4, t0, zero
core   0: 3 0x80006866 (0x0202feb3) x29 0xffffff80
core   0: 0x8000686a (0x00008fe5) c.and   a5, s1
core   0: 3 0x8000686a (0x8fe5) x15 0x00000014
core   0: 0x8000686c (0xcd31e213) ori     tp, gp, -813
core   0: 3 0x8000686c (0xcd31e213) x4  0xfffffcd3
core   0: 0x80006870 (0x01bc8863) beq     s9, s11, pc + 16
core   0: 3 0x80006870 (0x01bc8863)
core   0: 0x80006874 (0x00000001) c.nop
core   0: 3 0x80006874 (0x0001)
core   0: 0x80006876 (0x00008d25) c.xor   a0, s1
core   0: 3 0x80006876 (0x8d25) x10 0x00000055
core   0: 0x80006878 (0x03fb6663) bltu    s6, t6, pc + 44
core   0: 3 0x80006878 (0x03fb6663)
core   0: 0x8000687c (0x76747e93) andi    t4, s0, 1895
core   0: 3 0x8000687c (0x76747e93) x29 0x00000546
core   0: 0x80006880 (0x0098d293) srli    t0, a7, 9
core   0: 3 0x80006880 (0x0098d293) x5  0x00000000
core   0: 0x80006884 (0x000014fd) c.addi  s1, -1
core   0: 3 0x80006884 (0x14fd) x9  0x00000053
core   0: 0x80006886 (0x340118f3) csrrw   a7, mscratch, sp
core   0: 3 0x80006886 (0x340118f3) x17 0x00000057 c832_mscratch 0xfc65f358
core   0: 0x8000688a (0x000083d6) c.mv    t2, s5
core   0: 3 0x8000688a (0x83d6) x7  0x0000001e
core   0: 0x8000688c (0x00008e69) c.and   a2, a0
core   0: 3 0x8000688c (0x8e69) x12 0x00000054
core   0: 0x8000688e (0x008e30b3) sltu    ra, t3, s0
core   0: 3 0x8000688e (0x008e30b3) x1  0x00000001
core   0: 0x80006892 (0x0196f7b3) and     a5, a3, s9
core   0: 3 0x80006892 (0x0196f7b3) x15 0x80029d04
core   0: 0x80006896 (0x0ff0000f) fence   iorw,iorw
core   0: 3 0x80006896 (0x0ff0000f)
core   0: 0x8000689a (0x00000001) c.nop
core   0: 3 0x8000689a (0x0001)
core   0: 0x8000689c (0x00008f15) c.sub   a4, a3
core   0: 3 0x8000689c (0x8f15) x14 0xbdfe88b3
core   0: 0x8000689e (0x00008ce9) c.and   s1, a0
core   0: 3 0x8000689e (0x8ce9) x9  0x00000051
core   0: 0x800068a0 (0xe4f94313) xori    t1, s2, -433
core   0: 3 0x800068a0 (0xe4f94313) x6  0xfffffe50
core   0: 0x800068a4 (0x026e5333) divu    t1, t3, t1
core   0: 3 0x800068a4 (0x026e5333) x6  0x00000000
core   0: 0x800068a8 (0x00005ffd) c.li    t6, -1
core   0: 3 0x800068a8 (0x5ffd) x31 0xffffffff
core   0: 0x800068aa (0x01da30b3) sltu    ra, s4, t4
core   0: 3 0x800068aa (0x01da30b3) x1  0x00000001
core   0: 0x800068ae (0x02789eb3) mulh    t4, a7, t2
core   0: 3 0x800068ae (0x02789eb3) x29 0x00000000
core   0: 0x800068b2 (0x00008f05) c.sub   a4, s1
core   0: 3 0x800068b2 (0x8f05) x14 0xbdfe8862
core   0: 0x800068b4 (0x020bed63) bltu    s7, zero, pc + 58
core   0: 3 0x800068b4 (0x020bed63)
core   0: 0x800068b8 (0x00008dd1) c.or    a1, a2
core   0: 3 0x800068b8 (0x8dd1) x11 0x7c024bfe
core   0: 0x800068ba (0x03d3a9b3) mulhsu  s3, t2, t4
core   0: 3 0x800068ba (0x03d3a9b3) x19 0x00000000
core   0: 0x800068be (0x01debc33) sltu    s8, t4, t4
core   0: 3 0x800068be (0x01debc33) x24 0x00000000
core   0: 0x800068c2 (0x0133aa33) slt     s4, t2, s3
core   0: 3 0x800068c2 (0x0133aa33) x20 0x00000000
core   0: 0x800068c6 (0x00008e31) c.xor   a2, a2
core   0: 3 0x800068c6 (0x8e31) x12 0x00000000
core   0: 0x800068c8 (0x3403f3f3) csrrci  t2, mscratch, 7
core   0: 3 0x800068c8 (0x3403f3f3) x7  0xfc65f358 c832_mscratch 0xfc65f358
core   0: 0x800068cc (0x01f751b3) srl     gp, a4, t6
core   0: 3 0x800068cc (0x01f751b3) x3  0x00000001
core   0: 0x800068d0 (0x012e3b33) sltu    s6, t3, s2
core   0: 3 0x800068d0 (0x012e3b33) x22 0x00000000
core   0: 0x800068d4 (0x41d6d633) sra     a2, a3, t4
core   0: 3 0x800068d4 (0x41d6d633) x12 0x80029d24
core   0: 0x800068d8 (0x006e9bb3) sll     s7, t4, t1
core   0: 3 0x800068d8 (0x006e9bb3) x23 0x00000000
core   0: 0x800068dc (0x34006273) csrrsi  tp, mscratch, 0
core   0: 3 0x800068dc (0x34006273) x4  0xfc65f358
core   0: 0x800068e0 (0x340451f3) csrrwi  gp, mscratch, 8
core   0: 3 0x800068e0 (0x340451f3) x3  0xfc65f358 c832_mscratch 0x00000008
core   0: 0x800068e4 (0x0000061a) c.slli  a2, 6
core   0: 3 0x800068e4 (0x061a) x12 0x00a74900
core   0: 0x800068e6 (0x01b5a7b3) slt     a5, a1, s11
core   0: 3 0x800068e6 (0x01b5a7b3) x15 0x00000000
core   0: 0x800068ea (0x34007273) csrrci  tp, mscratch, 0
core   0: 3 0x800068ea (0x34007273) x4  0x00000008
core   0: 0x800068ee (0x40c05913) srai    s2, zero, 12
core   0: 3 0x800068ee (0x40c05913) x18 0x00000000
core   0: 0x800068f2 (0x0ff0000f) fence   iorw,iorw
core   0: 3 0x800068f2 (0x0ff0000f)
core   0: 0x800068f6 (0x014602b3) add     t0, a2, s4
core   0: 3 0x800068f6 (0x014602b3) x5  0x00a74900
core   0: 0x800068fa (0x017f17b3) sll     a5, t5, s7
core   0: 3 0x800068fa (0x017f17b3) x15 0xfc65f75c
core   0: 0x800068fe (0x34007ef3) csrrci  t4, mscratch, 0
core   0: 3 0x800068fe (0x34007ef3) x29 0x00000008
core   0: 0x80006902 (0x02f4eeb3) rem     t4, s1, a5
core   0: 3 0x80006902 (0x02f4eeb3) x29 0x00000051
core   0: 0x80006906 (0x0000840d) c.srai  s0, 3
core   0: 3 0x80006906 (0x840d) x8  0xfe0fffbb
core   0: 0x80006908 (0x03e8c833) div     a6, a7, t5
core   0: 3 0x80006908 (0x03e8c833) x16 0x00000000
core   0: 0x8000690c (0x000f8033) add     zero, t6, zero
core   0: 3 0x8000690c (0x000f8033)
core   0: 0x80006910 (0x0354cab3) div     s5, s1, s5
core   0: 3 0x80006910 (0x0354cab3) x21 0x00000002
core   0: 0x80006914 (0x00141913) slli    s2, s0, 1
core   0: 3 0x80006914 (0x00141913) x18 0xfc1fff76
core   0: 0x80006918 (0x00000c95) c.addi  s9, 5
core   0: 3 0x80006918 (0x0c95) x25 0xffffffdc
core   0: 0x8000691a (0x0ff0000f) fence   iorw,iorw
core   0: 3 0x8000691a (0x0ff0000f)
core   0: 0x8000691e (0x340020f3) csrr    ra, mscratch
core   0: 3 0x8000691e (0x340020f3) x1  0x00000008
core   0: 0x80006922 (0x01125233) srl     tp, tp, a7
core   0: 3 0x80006922 (0x01125233) x4  0x00000000
core   0: 0x80006926 (0x0000457d) c.li    a0, 31
core   0: 3 0x80006926 (0x457d) x10 0x0000001f
core   0: 0x80006928 (0x00008c75) c.and   s0, a3
core   0: 3 0x80006928 (0x8c75) x8  0x80029d20
core   0: 0x8000692a (0x000081ad) c.srli  a1, 11
core   0: 3 0x8000692a (0x81ad) x11 0x000f8049
core   0: 0x8000692c (0x01481a33) sll     s4, a6, s4
core   0: 3 0x8000692c (0x01481a33) x20 0x00000000
core   0: 0x80006930 (0x0ff0000f) fence   iorw,iorw
core   0: 3 0x80006930 (0x0ff0000f)
core   0: 0x80006934 (0x00008456) c.mv    s0, s5
core   0: 3 0x80006934 (0x8456) x8  0x00000002
core   0: 0x80006936 (0x01819093) slli    ra, gp, 24
core   0: 3 0x80006936 (0x01819093) x1  0x58000000
core   0: 0x8000693a (0x03a51833) mulh    a6, a0, s10
core   0: 3 0x8000693a (0x03a51833) x16 0x00000000
core   0: 0x8000693e (0x03056263) bltu    a0, a6, pc + 36
core   0: 3 0x8000693e (0x03056263)
core   0: 0x80006942 (0x02e97db3) remu    s11, s2, a4
core   0: 3 0x80006942 (0x02e97db3) x27 0x3e217714
core   0: 0x80006946 (0x414d5933) sra     s2, s10, s4
core   0: 3 0x80006946 (0x414d5933) x18 0x00000000
core   0: 0x8000694a (0x0000076e) c.slli  a4, 27
core   0: 3 0x8000694a (0x076e) x14 0x10000000
core   0: 0x8000694c (0x000087d9) c.srai  a5, 22
core   0: 3 0x8000694c (0x87d9) x15 0xfffffff1
core   0: 0x8000694e (0x40f709b3) sub     s3, a4, a5
core   0: 3 0x8000694e (0x40f709b3) x19 0x1000000f
core   0: 0x80006952 (0x024f31b3) mulhu   gp, t5, tp
core   0: 3 0x80006952 (0x024f31b3) x3  0x00000000
core   0: 0x80006956 (0x0ff0000f) fence   iorw,iorw
core   0: 3 0x80006956 (0x0ff0000f)
core   0: 0x8000695a (0x00dc1293) slli    t0, s8, 13
core   0: 3 0x8000695a (0x00dc1293) x5  0x00000000
core   0: 0x8000695e (0x030bacb3) mulhsu  s9, s7, a6
core   0: 3 0x8000695e (0x030bacb3) x25 0x00000000
core   0: 0x80006962 (0x964ba893) slti    a7, s7, -1692
core   0: 3 0x80006962 (0x964ba893) x17 0x00000000
core   0: 0x80006966 (0x0382ed63) bltu    t0, s8, pc + 58
core   0: 3 0x80006966 (0x0382ed63)
core   0: 0x8000696a (0x000060e1) c.lui   ra, 0x18
core   0: 3 0x8000696a (0x60e1) x1  0x00018000
core   0: 0x8000696c (0x002d8563) beq     s11, sp, pc + 10
core   0: 3 0x8000696c (0x002d8563)
core   0: 0x80006970 (0x03748533) mul     a0, s1, s7
core   0: 3 0x80006970 (0x03748533) x10 0x00000000
core   0: 0x80006974 (0x00008fc9) c.or    a5, a0
core   0: 3 0x80006974 (0x8fc9) x15 0xfffffff1
core   0: 0x80006976 (0x014665b3) or      a1, a2, s4
core   0: 3 0x80006976 (0x014665b3) x11 0x00a74900
core   0: 0x8000697a (0x00000001) c.nop
core   0: 3 0x8000697a (0x0001)
core   0: 0x8000697c (0x00006331) c.lui   t1, 0xc
core   0: 3 0x8000697c (0x6331) x6  0x0000c000
core   0: 0x8000697e (0x3abd0737) lui     a4, 0x3abd0
core   0: 3 0x8000697e (0x3abd0737) x14 0x3abd0000
core   0: 0x80006982 (0x44d96813) ori     a6, s2, 1101
core   0: 3 0x80006982 (0x44d96813) x16 0x0000044d
core   0: 0x80006986 (0x03677363) bgeu    a4, s6, pc + 38
core   0: 3 0x80006986 (0x03677363)
core   0: 0x800069ac (0x010694b3) sll     s1, a3, a6
core   0: 3 0x800069ac (0x010694b3) x9  0x53a48000
core   0: 0x800069b0 (0x00e49b13) slli    s6, s1, 14
core   0: 3 0x800069b0 (0x00e49b13) x22 0x20000000
core   0: 0x800069b4 (0x0000e019) c.bnez  s0, pc + 6
core   0: 3 0x800069b4 (0xe019)
core   0: 0x800069ba (0x340fda73) csrrwi  s4, mscratch, 31
core   0: 3 0x800069ba (0x340fda73) x20 0x00000008 c832_mscratch 0x0000001f
core   0: 0x800069be (0xb63e3313) sltiu   t1, t3, -1181
core   0: 3 0x800069be (0xb63e3313) x6  0x00000001
core   0: 0x800069c2 (0x40685233) sra     tp, a6, t1
core   0: 3 0x800069c2 (0x40685233) x4  0x00000226
core   0: 0x800069c6 (0x00008cc9) c.or    s1, a0
core   0: 3 0x800069c6 (0x8cc9) x9  0x53a48000
core   0: 0x800069c8 (0x010e1093) slli    ra, t3, 16
core   0: 3 0x800069c8 (0x010e1093) x1  0x5ea40000
core   0: 0x800069cc (0x01d0c363) blt     ra, t4, pc + 6
core   0: 3 0x800069cc (0x01d0c363)
core   0: 0x800069d0 (0x00008db5) c.xor   a1, a3
core   0: 3 0x800069d0 (0x8db5) x11 0x80a5d424
core   0: 0x800069d2 (0x00008cdd) c.or    s1, a5
core   0: 3 0x800069d2 (0x8cdd) x9  0xfffffff1
core   0: 0x800069d4 (0x04810063) beq     sp, s0, pc + 64
core   0: 3 0x800069d4 (0x04810063)
core   0: 0x800069d8 (0xf620c193) xori    gp, ra, -158
core   0: 3 0x800069d8 (0xf620c193) x3  0xa15bff62
core   0: 0x800069dc (0x0000970a) c.add   a4, sp
core   0: 3 0x800069dc (0x970a) x14 0x3722f358
core   0: 0x800069de (0x006c6363) bltu    s8, t1, pc + 6
core   0: 3 0x800069de (0x006c6363)
core   0: 0x800069e4 (0xf66b4d93) xori    s11, s6, -154
core   0: 3 0x800069e4 (0xf66b4d93) x27 0xdfffff66
core   0: 0x800069e8 (0x46142c93) slti    s9, s0, 1121
core   0: 3 0x800069e8 (0x46142c93) x25 0x00000001
core   0: 0x800069ec (0x3403e8f3) csrrsi  a7, mscratch, 7
core   0: 3 0x800069ec (0x3403e8f3) x17 0x0000001f c832_mscratch 0x0000001f
core   0: 0x800069f0 (0xd3f82d13) slti    s10, a6, -705
core   0: 3 0x800069f0 (0xd3f82d13) x26 0x00000000
core   0: 0x800069f4 (0x029b14b3) mulh    s1, s6, s1
core   0: 3 0x800069f4 (0x029b14b3) x9  0xfffffffe
core   0: 0x800069f8 (0x000097da) c.add   a5, s6
core   0: 3 0x800069f8 (0x97da) x15 0x1ffffff1
core   0: 0x800069fa (0x020e6cb3) rem     s9, t3, zero
core   0: 3 0x800069fa (0x020e6cb3) x25 0x80025ea4
core   0: 0x800069fe (0x01c384b3) add     s1, t2, t3
core   0: 3 0x800069fe (0x01c384b3) x9  0x7c6851fc
core   0: 0x80006a02 (0x00004775) c.li    a4, 29
core   0: 3 0x80006a02 (0x4775) x14 0x0000001d
core   0: 0x80006a04 (0x378f8893) addi    a7, t6, 888
core   0: 3 0x80006a04 (0x378f8893) x17 0x00000377
core   0: 0x80006a08 (0x02a28233) mul     tp, t0, a0
core   0: 3 0x80006a08 (0x02a28233) x4  0x00000000
core   0: 0x80006a0c (0x017614b3) sll     s1, a2, s7
core   0: 3 0x80006a0c (0x017614b3) x9  0x00a74900
core   0: 0x80006a10 (0x8ddf0393) addi    t2, t5, -1827
core   0: 3 0x80006a10 (0x8ddf0393) x7  0xfc65f039
core   0: 0x80006a14 (0x00008cdd) c.or    s1, a5
core   0: 3 0x80006a14 (0x8cdd) x9  0x1ffffff1
core   0: 0x80006a16 (0x02bc81b3) mul     gp, s9, a1
core   0: 3 0x80006a16 (0x02bc81b3) x3  0xf6691f10
core   0: 0x80006a1a (0x03a2c063) blt     t0, s10, pc + 32
core   0: 3 0x80006a1a (0x03a2c063)
core   0: 0x80006a1e (0x01251613) slli    a2, a0, 18
core   0: 3 0x80006a1e (0x01251613) x12 0x00000000
core   0: 0x80006a22 (0x0000c819) c.beqz  s0, pc + 22
core   0: 3 0x80006a22 (0xc819)
core   0: 0x80006a24 (0x2d127393) andi    t2, tp, 721
core   0: 3 0x80006a24 (0x2d127393) x7  0x00000000
core   0: 0x80006a28 (0x02e31333) mulh    t1, t1, a4
core   0: 3 0x80006a28 (0x02e31333) x6  0x00000000
core   0: 0x80006a2c (0x0000100f) fence.i
core   0: 3 0x80006a2c (0x0000100f)
core   0: 0x80006a30 (0x000060ed) c.lui   ra, 0x1b
core   0: 3 0x80006a30 (0x60ed) x1  0x0001b000
core   0: 0x80006a32 (0x01b44263) blt     s0, s11, pc + 4
core   0: 3 0x80006a32 (0x01b44263)
core   0: 0x80006a36 (0x00008da5) c.xor   a1, s1
core   0: 3 0x80006a36 (0x8da5) x11 0x9f5a2bd5
core   0: 0x80006a38 (0x000090ee) c.add   ra, s11
core   0: 3 0x80006a38 (0x90ee) x1  0xe001af66
core   0: 0x80006a3a (0x0000100f) fence.i
core   0: 3 0x80006a3a (0x0000100f)
core   0: 0x80006a3e (0x00008fc1) c.or    a5, s0
core   0: 3 0x80006a3e (0x8fc1) x15 0x1ffffff3
core   0: 0x80006a40 (0x00008c0d) c.sub   s0, a1
core   0: 3 0x80006a40 (0x8c0d) x8  0x60a5d42d
core   0: 0x80006a42 (0x00008c39) c.xor   s0, a4
core   0: 3 0x80006a42 (0x8c39) x8  0x60a5d430
core   0: 0x80006a44 (0x03c26163) bltu    tp, t3, pc + 34
core   0: 3 0x80006a44 (0x03c26163)
core   0: 0x80006a66 (0x02b51a33) mulh    s4, a0, a1
core   0: 3 0x80006a66 (0x02b51a33) x20 0x00000000
core   0: 0x80006a6a (0xd8d2a613) slti    a2, t0, -627
core   0: 3 0x80006a6a (0xd8d2a613) x12 0x00000000
core   0: 0x80006a6e (0x0000597d) c.li    s2, -1
core   0: 3 0x80006a6e (0x597d) x18 0xffffffff
core   0: 0x80006a70 (0x03add433) divu    s0, s11, s10
core   0: 3 0x80006a70 (0x03add433) x8  0xffffffff
core   0: 0x80006a74 (0x00336c33) or      s8, t1, gp
core   0: 3 0x80006a74 (0x00336c33) x24 0xf6691f10
core   0: 0x80006a78 (0x0000100f) fence.i
core   0: 3 0x80006a78 (0x0000100f)
core   0: 0x80006a7c (0x039b3333) mulhu   t1, s6, s9
core   0: 3 0x80006a7c (0x039b3333) x6  0x10004bd4
core   0: 0x80006a80 (0x00000001) c.nop
core   0: 3 0x80006a80 (0x0001)
core   0: 0x80006a82 (0x00008c85) c.sub   s1, s1
core   0: 3 0x80006a82 (0x8c85) x9  0x00000000
core   0: 0x80006a84 (0x0ff0000f) fence   iorw,iorw
core   0: 3 0x80006a84 (0x0ff0000f)
core   0: 0x80006a88 (0x0277e2b3) rem     t0, a5, t2
core   0: 3 0x80006a88 (0x0277e2b3) x5  0x1ffffff3
core   0: 0x80006a8c (0x0000e99d) c.bnez  a1, pc + 54
core   0: 3 0x80006a8c (0xe99d)
core   0: 0x80006ac2 (0x0000e895) c.bnez  s1, pc + 52
core   0: 3 0x80006ac2 (0xe895)
core   0: 0x80006ac4 (0xe48e4493) xori    s1, t3, -440
core   0: 3 0x80006ac4 (0xe48e4493) x9  0x7ffda0ec
core   0: 0x80006ac8 (0x01cf5993) srli    s3, t5, 28
core   0: 3 0x80006ac8 (0x01cf5993) x19 0x0000000f
core   0: 0x80006acc (0x0000997d) c.andi  a0, -1
core   0: 3 0x80006acc (0x997d) x10 0x00000000
core   0: 0x80006ace (0x0330b033) mulhu   zero, ra, s3
core   0: 3 0x80006ace (0x0330b033)
core   0: 0x80006ad2 (0x000097ea) c.add   a5, s10
core   0: 3 0x80006ad2 (0x97ea) x15 0x1ffffff3
core   0: 0x80006ad4 (0x00000001) c.nop
core   0: 3 0x80006ad4 (0x0001)
core   0: 0x80006ad6 (0x32cc35b7) lui     a1, 0x32cc3
core   0: 3 0x80006ad6 (0x32cc35b7) x11 0x32cc3000
core   0: 0x80006ada (0x0000042a) c.slli  s0, 10
core   0: 3 0x80006ada (0x042a) x8  0xfffffc00
core   0: 0x80006adc (0x00951b93) slli    s7, a0, 9
core   0: 3 0x80006adc (0x00951b93) x23 0x00000000
core   0: 0x80006ae0 (0x0000cf19) c.beqz  a4, pc + 30
core   0: 3 0x80006ae0 (0xcf19)
core   0: 0x80006ae2 (0x000080ee) c.mv    ra, s11
core   0: 3 0x80006ae2 (0x80ee) x1  0xdfffff66
core   0: 0x80006ae4 (0x00ccfc33) and     s8, s9, a2
core   0: 3 0x80006ae4 (0x00ccfc33) x24 0x00000000
core   0: 0x80006ae8 (0x0000c405) c.beqz  s0, pc + 40
core   0: 3 0x80006ae8 (0xc405)
core   0: 0x80006aea (0x02dff833) remu    a6, t6, a3
core   0: 3 0x80006aea (0x02dff833) x16 0x7ffd62db
core   0: 0x80006aee (0x03dab933) mulhu   s2, s5, t4
core   0: 3 0x80006aee (0x03dab933) x18 0x00000000
core   0: 0x80006af2 (0x00008ca5) c.xor   s1, s1
core   0: 3 0x80006af2 (0x8ca5) x9  0x00000000
core   0: 0x80006af4 (0x0000961a) c.add   a2, t1
core   0: 3 0x80006af4 (0x961a) x12 0x10004bd4
core   0: 0x80006af6 (0x00009a7d) c.andi  a2, -1
core   0: 3 0x80006af6 (0x9a7d) x12 0x10004bd4
core   0: 0x80006af8 (0x000088f5) c.andi  s1, 29
core   0: 3 0x80006af8 (0x88f5) x9  0x00000000
core   0: 0x80006afa (0x02b2a9b3) mulhsu  s3, t0, a1
core   0: 3 0x80006afa (0x02b2a9b3) x19 0x065985fd
core   0: 0x80006afe (0x00008c4d) c.or    s0, a1
core   0: 3 0x80006afe (0x8c4d) x8  0xfffffc00
core   0: 0x80006b00 (0x41ea81b3) sub     gp, s5, t5
core   0: 3 0x80006b00 (0x41ea81b3) x3  0x039a08a6
core   0: 0x80006b04 (0x34012af3) csrrs   s5, mscratch, sp
core   0: 3 0x80006b04 (0x34012af3) x21 0x0000001f c832_mscratch 0xfc65f35f
core   0: 0x80006b08 (0x0074d293) srli    t0, s1, 7
core   0: 3 0x80006b08 (0x0074d293) x5  0x00000000
core   0: 0x80006b0c (0x0000cf11) c.beqz  a4, pc + 28
core   0: 3 0x80006b0c (0xcf11)
core   0: 0x80006b0e (0x00006851) c.lui   a6, 0x14
core   0: 3 0x80006b0e (0x6851) x16 0x00014000
core   0: 0x80006b10 (0x0000100f) fence.i
core   0: 3 0x80006b10 (0x0000100f)
core   0: 0x80006b14 (0x03293cb3) mulhu   s9, s2, s2
core   0: 3 0x80006b14 (0x03293cb3) x25 0x00000000
core   0: 0x80006b18 (0x00000001) c.nop
core   0: 3 0x80006b18 (0x0001)
core   0: 0x80006b1a (0x30678793) addi    a5, a5, 774
core   0: 3 0x80006b1a (0x30678793) x15 0x200002f9
core   0: 0x80006b1e (0x01c14263) blt     sp, t3, pc + 4
core   0: 3 0x80006b1e (0x01c14263)
core   0: 0x80006b22 (0x00000001) c.nop
core   0: 3 0x80006b22 (0x0001)
core   0: 0x80006b24 (0x34096273) csrrsi  tp, mscratch, 18
core   0: 3 0x80006b24 (0x34096273) x4  0xfc65f35f c832_mscratch 0xfc65f35f
core   0: 0x80006b28 (0x00008c0e) c.mv    s8, gp
core   0: 3 0x80006b28 (0x8c0e) x24 0x039a08a6
core   0: 0x80006b2a (0x00006f25) c.lui   t5, 0x9
core   0: 3 0x80006b2a (0x6f25) x30 0x00009000
core   0: 0x80006b2c (0x00009bfd) c.andi  a5, -1
core   0: 3 0x80006b2c (0x9bfd) x15 0x200002f9
core   0: 0x80006b2e (0x40f98f33) sub     t5, s3, a5
core   0: 3 0x80006b2e (0x40f98f33) x30 0xe6598304
core   0: 0x80006b32 (0x00156d33) or      s10, a0, ra
core   0: 3 0x80006b32 (0x00156d33) x26 0xdfffff66
core   0: 0x80006b36 (0x01a87f63) bgeu    a6, s10, pc + 30
core   0: 3 0x80006b36 (0x01a87f63)
core   0: 0x80006b3a (0x00008d71) c.and   a0, a2
core   0: 3 0x80006b3a (0x8d71) x10 0x00000000
core   0: 0x80006b3c (0x41d4df13) srai    t5, s1, 29
core   0: 3 0x80006b3c (0x41d4df13) x30 0x00000000
core   0: 0x80006b40 (0x009aad33) slt     s10, s5, s1
core   0: 3 0x80006b40 (0x009aad33) x26 0x00000000
core   0: 0x80006b44 (0x00008e1d) c.sub   a2, a5
core   0: 3 0x80006b44 (0x8e1d) x12 0xf00048db
core   0: 0x80006b46 (0x01c232b3) sltu    t0, tp, t3
core   0: 3 0x80006b46 (0x01c232b3) x5  0x00000000
core   0: 0x80006b4a (0x00008c0d) c.sub   s0, a1
core   0: 3 0x80006b4a (0x8c0d) x8  0xcd33cc00
core   0: 0x80006b4c (0x0000cc8d) c.beqz  s1, pc + 58
core   0: 3 0x80006b4c (0xcc8d)
core   0: 0x80006b86 (0x00008db5) c.xor   a1, a3
core   0: 3 0x80006b86 (0x8db5) x11 0xb2cead24
core   0: 0x80006b88 (0x001b30b3) sltu    ra, s6, ra
core   0: 3 0x80006b88 (0x001b30b3) x1  0x00000001
core   0: 0x80006b8c (0x00008d5d) c.or    a0, a5
core   0: 3 0x80006b8c (0x8d5d) x10 0x200002f9
core   0: 0x80006b8e (0x00005efd) c.li    t4, -1
core   0: 3 0x80006b8e (0x5efd) x29 0xffffffff
core   0: 0x80006b90 (0x0001ef33) or      t5, gp, zero
core   0: 3 0x80006b90 (0x0001ef33) x30 0x039a08a6
core   0: 0x80006b94 (0x340c3a73) csrrc   s4, mscratch, s8
core   0: 3 0x80006b94 (0x340c3a73) x20 0xfc65f35f c832_mscratch 0xfc65f359
core   0: 0x80006b98 (0x0000c321) c.beqz  a4, pc + 64
core   0: 3 0x80006b98 (0xc321)
core   0: 0x80006b9a (0x01f07fb3) and     t6, zero, t6
core   0: 3 0x80006b9a (0x01f07fb3) x31 0x00000000
core   0: 0x80006b9e (0x03d3d633) divu    a2, t2, t4
core   0: 3 0x80006b9e (0x03d3d633) x12 0x00000000
core   0: 0x80006ba2 (0x0ff0000f) fence   iorw,iorw
core   0: 3 0x80006ba2 (0x0ff0000f)
core   0: 0x80006ba6 (0x00af5013) srli    zero, t5, 10
core   0: 3 0x80006ba6 (0x00af5013)
core   0: 0x80006baa (0x02c11b63) bne     sp, a2, pc + 54
core   0: 3 0x80006baa (0x02c11b63)
core   0: 0x80006be0 (0xd0fd2d93) slti    s11, s10, -753
core   0: 3 0x80006be0 (0xd0fd2d93) x27 0x00000000
core   0: 0x80006be4 (0x0000100f) fence.i
core   0: 3 0x80006be4 (0x0000100f)
core   0: 0x80006be8 (0x01ef1d93) slli    s11, t5, 30
core   0: 3 0x80006be8 (0x01ef1d93) x27 0x80000000
core   0: 0x80006bec (0x002b9a93) slli    s5, s7, 2
core   0: 3 0x80006bec (0x002b9a93) x21 0x00000000
core   0: 0x80006bf0 (0x009bb4b3) sltu    s1, s7, s1
core   0: 3 0x80006bf0 (0x009bb4b3) x9  0x00000000
core   0: 0x80006bf4 (0x011b0933) add     s2, s6, a7
core   0: 3 0x80006bf4 (0x011b0933) x18 0x20000377
core   0: 0x80006bf8 (0x0000863e) c.mv    a2, a5
core   0: 3 0x80006bf8 (0x863e) x12 0x200002f9
core   0: 0x80006bfa (0x00009bfd) c.andi  a5, -1
core   0: 3 0x80006bfa (0x9bfd) x15 0x200002f9
core   0: 0x80006bfc (0x41bd0eb3) sub     t4, s10, s11
core   0: 3 0x80006bfc (0x41bd0eb3) x29 0x80000000
core   0: 0x80006c00 (0x0000463d) c.li    a2, 15
core   0: 3 0x80006c00 (0x463d) x12 0x0000000f
core   0: 0x80006c02 (0x75f8e013) ori     zero, a7, 1887
core   0: 3 0x80006c02 (0x75f8e013)
core   0: 0x80006c06 (0x00da9533) sll     a0, s5, a3
core   0: 3 0x80006c06 (0x00da9533) x10 0x00000000
core   0: 0x80006c0a (0x00008569) c.srai  a0, 26
core   0: 3 0x80006c0a (0x8569) x10 0x00000000
core   0: 0x80006c0c (0x02bd0993) addi    s3, s10, 43
core   0: 3 0x80006c0c (0x02bd0993) x19 0x0000002b
core   0: 0x80006c10 (0x55b32c13) slti    s8, t1, 1371
core   0: 3 0x80006c10 (0x55b32c13) x24 0x00000000
core   0: 0x80006c14 (0x010a2c33) slt     s8, s4, a6
core   0: 3 0x80006c14 (0x010a2c33) x24 0x00000001
core   0: 0x80006c18 (0x00edafb3) slt     t6, s11, a4
core   0: 3 0x80006c18 (0x00edafb3) x31 0x00000001
core   0: 0x80006c1c (0x0375a1b3) mulhsu  gp, a1, s7
core   0: 3 0x80006c1c (0x0375a1b3) x3  0x00000000
core   0: 0x80006c20 (0x01bb1433) sll     s0, s6, s11
core   0: 3 0x80006c20 (0x01bb1433) x8  0x20000000
core   0: 0x80006c24 (0x00000001) c.nop
core   0: 3 0x80006c24 (0x0001)
core   0: 0x80006c26 (0x34003d73) csrrc   s10, mscratch, zero
core   0: 3 0x80006c26 (0x34003d73) x26 0xfc65f359
core   0: 0x80006c2a (0xc720bf13) sltiu   t5, ra, -910
core   0: 3 0x80006c2a (0xc720bf13) x30 0x00000001
core   0: 0x80006c2e (0x0000100f) fence.i
core   0: 3 0x80006c2e (0x0000100f)
core   0: 0x80006c32 (0x008c5763) bge     s8, s0, pc + 14
core   0: 3 0x80006c32 (0x008c5763)
core   0: 0x80006c36 (0x34096c73) csrrsi  s8, mscratch, 18
core   0: 3 0x80006c36 (0x34096c73) x24 0xfc65f359 c832_mscratch 0xfc65f35b
core   0: 0x80006c3a (0x01d04233) xor     tp, zero, t4
core   0: 3 0x80006c3a (0x01d04233) x4  0x80000000
core   0: 0x80006c3e (0x000041bd) c.li    gp, 15
core   0: 3 0x80006c3e (0x41bd) x3  0x0000000f
core   0: 0x80006c40 (0x0ff0000f) fence   iorw,iorw
core   0: 3 0x80006c40 (0x0ff0000f)
core   0: 0x80006c44 (0x01731033) sll     zero, t1, s7
core   0: 3 0x80006c44 (0x01731033)
core   0: 0x80006c48 (0x0ff0000f) fence   iorw,iorw
core   0: 3 0x80006c48 (0x0ff0000f)
core   0: 0x80006c4c (0x02fbf863) bgeu    s7, a5, pc + 48
core   0: 3 0x80006c4c (0x02fbf863)
core   0: 0x80006c50 (0xe7bad037) lui     zero, 0xe7bad
core   0: 3 0x80006c50 (0xe7bad037)
core   0: 0x80006c54 (0x001e9793) slli    a5, t4, 1
core   0: 3 0x80006c54 (0x001e9793) x15 0x00000000
core   0: 0x80006c58 (0x0000100f) fence.i
core   0: 3 0x80006c58 (0x0000100f)
core   0: 0x80006c5c (0x00345f33) srl     t5, s0, gp
core   0: 3 0x80006c5c (0x00345f33) x30 0x00004000
core   0: 0x80006c60 (0x02ade433) rem     s0, s11, a0
core   0: 3 0x80006c60 (0x02ade433) x8  0x80000000
core   0: 0x80006c64 (0x004d6833) or      a6, s10, tp
core   0: 3 0x80006c64 (0x004d6833) x16 0xfc65f359
core   0: 0x80006c68 (0x3403b673) csrrc   a2, mscratch, t2
core   0: 3 0x80006c68 (0x3403b673) x12 0xfc65f35b c832_mscratch 0xfc65f35b
core   0: 0x80006c6c (0x8a310393) addi    t2, sp, -1885
core   0: 3 0x80006c6c (0x8a310393) x7  0xfc65ebfb
core   0: 0x80006c70 (0x009c1013) slli    zero, s8, 9
core   0: 3 0x80006c70 (0x009c1013)
core   0: 0x80006c74 (0x0b291d63) bne     s2, s2, pc + 186
core   0: 3 0x80006c74 (0x0b291d63)
core   0: 0x80006c78 (0x00833833) sltu    a6, t1, s0
core   0: 3 0x80006c78 (0x00833833) x16 0x00000001
core   0: 0x80006c7c (0x34085d73) csrrwi  s10, mscratch, 16
core   0: 3 0x80006c7c (0x34085d73) x26 0xfc65f35b c832_mscratch 0x00000010
core   0: 0x80006c80 (0x00dafb63) bgeu    s5, a3, pc + 22
core   0: 3 0x80006c80 (0x00dafb63)
core   0: 0x80006c84 (0x40a25013) srai    zero, tp, 10
core   0: 3 0x80006c84 (0x40a25013)
core   0: 0x80006c88 (0x0000100f) fence.i
core   0: 3 0x80006c88 (0x0000100f)
core   0: 0x80006c8c (0x00000001) c.nop
core   0: 3 0x80006c8c (0x0001)
core   0: 0x80006c8e (0x29dbe493) ori     s1, s7, 669
core   0: 3 0x80006c8e (0x29dbe493) x9  0x0000029d
core   0: 0x80006c92 (0x00008795) c.srai  a5, 5
core   0: 3 0x80006c92 (0x8795) x15 0x00000000
core   0: 0x80006c94 (0x0000ce5d) c.beqz  a2, pc + 190
core   0: 3 0x80006c94 (0xce5d)
core   0: 0x80006c96 (0x00000001) c.nop
core   0: 3 0x80006c96 (0x0001)
core   0: 0x80006c98 (0x40d5db33) sra     s6, a1, a3
core   0: 3 0x80006c98 (0x40d5db33) x22 0xfb2cead2
core   0: 0x80006c9c (0xfa739637) lui     a2, 0xfa739
core   0: 3 0x80006c9c (0xfa739637) x12 0xfa739000
core   0: 0x80006ca0 (0x00015397) auipc   t2, 0x15
core   0: 3 0x80006ca0 (0x00015397) x7  0x8001bca0
core   0: 0x80006ca4 (0xdc138393) addi    t2, t2, -575
core   0: 3 0x80006ca4 (0xdc138393) x7  0x8001ba61
core   0: 0x80006ca8 (0x02193d33) mulhu   s10, s2, ra
core   0: 3 0x80006ca8 (0x02193d33) x26 0x00000000
core   0: 0x80006cac (0x08038e83) lb      t4, 128(t2)
core   0: 3 0x80006cac (0x08038e83) x29 0x00000002 mem 0x8001bae1
core   0: 0x80006cb0 (0xa8f1af13) slti    t5, gp, -1393
core   0: 3 0x80006cb0 (0xa8f1af13) x30 0x00000000
core   0: 0x80006cb4 (0x08538a23) sb      t0, 148(t2)
core   0: 3 0x80006cb4 (0x08538a23) mem 0x8001baf5 0x00
core   0: 0x80006cb8 (0x00008526) c.mv    a0, s1
core   0: 3 0x80006cb8 (0x8526) x10 0x0000029d
core   0: 0x80006cba (0x9fa16013) ori     zero, sp, -1542
core   0: 3 0x80006cba (0x9fa16013)
core   0: 0x80006cbe (0x419d89b3) sub     s3, s11, s9
core   0: 3 0x80006cbe (0x419d89b3) x19 0x80000000
core   0: 0x80006cc2 (0x08838623) sb      s0, 140(t2)
core   0: 3 0x80006cc2 (0x08838623) mem 0x8001baed 0x00
core   0: 0x80006cc6 (0x00008d0d) c.sub   a0, a1
core   0: 3 0x80006cc6 (0x8d0d) x10 0x4d315579
core   0: 0x80006cc8 (0x2eae8813) addi    a6, t4, 746
core   0: 3 0x80006cc8 (0x2eae8813) x16 0x000002ec
core   0: 0x80006ccc (0x012386a3) sb      s2, 13(t2)
core   0: 3 0x80006ccc (0x012386a3) mem 0x8001ba6e 0x77
core   0: 0x80006cd0 (0xf6f38b23) sb      a5, -138(t2)
core   0: 3 0x80006cd0 (0xf6f38b23) mem 0x8001b9d7 0x00
core   0: 0x80006cd4 (0x340118f3) csrrw   a7, mscratch, sp
core   0: 3 0x80006cd4 (0x340118f3) x17 0x00000010 c832_mscratch 0xfc65f358
core   0: 0x80006cd8 (0x0bd39503) lh      a0, 189(t2)
core   0: 3 0x80006cd8 (0x0bd39503) x10 0x00004a82 mem 0x8001bb1e
core   0: 0x80006cdc (0x01302733) slt     a4, zero, s3
core   0: 3 0x80006cdc (0x01302733) x14 0x00000000
core   0: 0x80006ce0 (0x40ab0d33) sub     s10, s6, a0
core   0: 3 0x80006ce0 (0x40ab0d33) x26 0xfb2ca050
core   0: 0x80006ce4 (0xf6838803) lb      a6, -152(t2)
core   0: 3 0x80006ce4 (0xf6838803) x16 0xffffffbb mem 0x8001b9c9
core   0: 0x80006ce8 (0x00000001) c.nop
core   0: 3 0x80006ce8 (0x0001)
core   0: 0x80006cea (0x2199fb13) andi    s6, s3, 537
core   0: 3 0x80006cea (0x2199fb13) x22 0x00000000
core   0: 0x80006cee (0x02e38423) sb      a4, 40(t2)
core   0: 3 0x80006cee (0x02e38423) mem 0x8001ba89 0x00
core   0: 0x80006cf2 (0x00008d9d) c.sub   a1, a5
core   0: 3 0x80006cf2 (0x8d9d) x11 0xb2cead24
core   0: 0x80006cf4 (0xf0238a03) lb      s4, -254(t2)
core   0: 3 0x80006cf4 (0xf0238a03) x20 0x00000046 mem 0x8001b963
core   0: 0x80006cf8 (0x0cd38f23) sb      a3, 222(t2)
core   0: 3 0x80006cf8 (0x0cd38f23) mem 0x8001bb3f 0x24
core   0: 0x80006cfc (0x03038d23) sb      a6, 58(t2)
core   0: 3 0x80006cfc (0x03038d23) mem 0x8001ba9b 0xbb
core   0: 0x80006d00 (0x026187b3) mul     a5, gp, t1
core   0: 3 0x80006d00 (0x026187b3) x15 0xf004716c
core   0: 0x80006d04 (0x00008f9d) c.sub   a5, a5
core   0: 3 0x80006d04 (0x8f9d) x15 0x00000000
core   0: 0x80006d06 (0xfb73cb03) lbu     s6, -73(t2)
core   0: 3 0x80006d06 (0xfb73cb03) x22 0x00000063 mem 0x8001ba18
core   0: 0x80006d0a (0x34065873) csrrwi  a6, mscratch, 12
core   0: 3 0x80006d0a (0x34065873) x16 0xfc65f358 c832_mscratch 0x0000000c
core   0: 0x80006d0e (0xfc638d83) lb      s11, -58(t2)
core   0: 3 0x80006d0e (0xfc638d83) x27 0x00000043 mem 0x8001ba27
core   0: 0x80006d12 (0x340eeaf3) csrrsi  s5, mscratch, 29
core   0: 3 0x80006d12 (0x340eeaf3) x21 0x0000000c c832_mscratch 0x0000001d
core   0: 0x80006d16 (0xfd138ca3) sb      a7, -39(t2)
core   0: 3 0x80006d16 (0xfd138ca3) mem 0x8001ba3a 0x10
core   0: 0x80006d1a (0x03663c33) mulhu   s8, a2, s6
core   0: 3 0x80006d1a (0x03663c33) x24 0x00000060
core   0: 0x80006d1e (0x0210a9b3) mulhsu  s3, ra, ra
core   0: 3 0x80006d1e (0x0210a9b3) x19 0x00000000
core   0: 0x80006d22 (0x00008255) c.srli  a2, 21
core   0: 3 0x80006d22 (0x8255) x12 0x000007d3
core   0: 0x80006d24 (0x0943cf83) lbu     t6, 148(t2)
core   0: 3 0x80006d24 (0x0943cf83) x31 0x00000000 mem 0x8001baf5
core   0: 0x80006d28 (0x020eec33) rem     s8, t4, zero
core   0: 3 0x80006d28 (0x020eec33) x24 0x00000002
core   0: 0x80006d2c (0x00008d4d) c.or    a0, a1
core   0: 3 0x80006d2c (0x8d4d) x10 0xb2ceefa6
core   0: 0x80006d2e (0x002e6ab3) or      s5, t3, sp
core   0: 3 0x80006d2e (0x002e6ab3) x21 0xfc67fffc
core   0: 0x80006d32 (0x0000e60d) c.bnez  a2, pc + 42
core   0: 3 0x80006d32 (0xe60d)
core   0: 0x80006d5c (0xfee01217) auipc   tp, 0xfee01
core   0: 3 0x80006d5c (0xfee01217) x4  0x7ee07d5c
core   0: 0x80006d60 (0x340c98f3) csrrw   a7, mscratch, s9
core   0: 3 0x80006d60 (0x340c98f3) x17 0x0000001d c832_mscratch 0x00000000
core   0: 0x80006d64 (0xc3195d17) auipc   s10, 0xc3195
core   0: 3 0x80006d64 (0xc3195d17) x26 0x4319bd64
core   0: 0x80006d68 (0x340d32f3) csrrc   t0, mscratch, s10
core   0: 3 0x80006d68 (0x340d32f3) x5  0x00000000 c832_mscratch 0x00000000
core   0: 0x80006d6c (0x01f35c63) bge     t1, t6, pc + 24
core   0: 3 0x80006d6c (0x01f35c63)
core   0: 0x80006d84 (0xf54d6913) ori     s2, s10, -172
core   0: 3 0x80006d84 (0xf54d6913) x18 0xffffff74
core   0: 0x80006d88 (0x86a49037) lui     zero, 0x86a49
core   0: 3 0x80006d88 (0x86a49037)
core   0: 0x80006d8c (0x01ab5b93) srli    s7, s6, 26
core   0: 3 0x80006d8c (0x01ab5b93) x23 0x00000000
core   0: 0x80006d90 (0x017f0463) beq     t5, s7, pc + 8
core   0: 3 0x80006d90 (0x017f0463)
core   0: 0x80006d98 (0x00008ccd) c.or    s1, a1
core   0: 3 0x80006d98 (0x8ccd) x9  0xb2ceafbd
core   0: 0x80006d9a (0x01485c93) srli    s9, a6, 20
core   0: 3 0x80006d9a (0x01485c93) x25 0x00000fc6
core   0: 0x80006d9e (0x00009942) c.add   s2, a6
core   0: 3 0x80006d9e (0x9942) x18 0xfc65f2cc
core   0: 0x80006da0 (0x000084e6) c.mv    s1, s9
core   0: 3 0x80006da0 (0x84e6) x9  0x00000fc6
core   0: 0x80006da2 (0x410a5093) srai    ra, s4, 16
core   0: 3 0x80006da2 (0x410a5093) x1  0x00000000
core   0: 0x80006da6 (0x0208dbb3) divu    s7, a7, zero
core   0: 3 0x80006da6 (0x0208dbb3) x23 0xffffffff
core   0: 0x80006daa (0x00009ebe) c.add   t4, a5
core   0: 3 0x80006daa (0x9ebe) x29 0x00000002
core   0: 0x80006dac (0x0041ef63) bltu    gp, tp, pc + 30
core   0: 3 0x80006dac (0x0041ef63)
core   0: 0x80006dca (0x017e8463) beq     t4, s7, pc + 8
core   0: 3 0x80006dca (0x017e8463)
core   0: 0x80006dce (0x03f52f33) mulhsu  t5, a0, t6
core   0: 3 0x80006dce (0x03f52f33) x30 0x00000000
core   0: 0x80006dd2 (0x0ff0000f) fence   iorw,iorw
core   0: 3 0x80006dd2 (0x0ff0000f)
core   0: 0x80006dd6 (0x00000001) c.nop
core   0: 3 0x80006dd6 (0x0001)
core   0: 0x80006dd8 (0x000004b6) c.slli  s1, 13
core   0: 3 0x80006dd8 (0x04b6) x9  0x01f8c000
core   0: 0x80006dda (0x01720363) beq     tp, s7, pc + 6
core   0: 3 0x80006dda (0x01720363)
core   0: 0x80006dde (0x00008f2d) c.xor   a4, a1
core   0: 3 0x80006dde (0x8f2d) x14 0xb2cead24
core   0: 0x80006de0 (0x34051b73) csrrw   s6, mscratch, a0
core   0: 3 0x80006de0 (0x34051b73) x22 0x00000000 c832_mscratch 0xb2ceefa6
core   0: 0x80006de4 (0x00bfecb3) or      s9, t6, a1
core   0: 3 0x80006de4 (0x00bfecb3) x25 0xb2cead24
core   0: 0x80006de8 (0x0000cc8d) c.beqz  s1, pc + 58
core   0: 3 0x80006de8 (0xcc8d)
core   0: 0x80006dea (0x0000197d) c.addi  s2, -1
core   0: 3 0x80006dea (0x197d) x18 0xfc65f2cb
core   0: 0x80006dec (0x00008d41) c.or    a0, s0
core   0: 3 0x80006dec (0x8d41) x10 0xb2ceefa6
core   0: 0x80006dee (0x0ff0000f) fence   iorw,iorw
core   0: 3 0x80006dee (0x0ff0000f)
core   0: 0x80006df2 (0x03c289b3) mul     s3, t0, t3
core   0: 3 0x80006df2 (0x03c289b3) x19 0x00000000
core   0: 0x80006df6 (0x02ca64b3) rem     s1, s4, a2
core   0: 3 0x80006df6 (0x02ca64b3) x9  0x00000046
core   0: 0x80006dfa (0x00008cfd) c.and   s1, a5
core   0: 3 0x80006dfa (0x8cfd) x9  0x00000000
core   0: 0x80006dfc (0x03fe9d63) bne     t4, t6, pc + 58
core   0: 3 0x80006dfc (0x03fe9d63)
core   0: 0x80006e36 (0x00009a7d) c.andi  a2, -1
core   0: 3 0x80006e36 (0x9a7d) x12 0x000007d3
core   0: 0x80006e38 (0x340fdf73) csrrwi  t5, mscratch, 31
core   0: 3 0x80006e38 (0x340fdf73) x30 0xb2ceefa6 c832_mscratch 0x0000001f
core   0: 0x80006e3c (0x00000001) c.nop
core   0: 3 0x80006e3c (0x0001)
core   0: 0x80006e3e (0x0383b733) mulhu   a4, t2, s8
core   0: 3 0x80006e3e (0x0383b733) x14 0x00000001
core   0: 0x80006e42 (0x00000786) c.slli  a5, 1
core   0: 3 0x80006e42 (0x0786) x15 0x00000000
core   0: 0x80006e44 (0x009d8363) beq     s11, s1, pc + 6
core   0: 3 0x80006e44 (0x009d8363)
core   0: 0x80006e48 (0x00008f91) c.sub   a5, a2
core   0: 3 0x80006e48 (0x8f91) x15 0xfffff82d
core   0: 0x80006e4a (0x02f74a33) div     s4, a4, a5
core   0: 3 0x80006e4a (0x02f74a33) x20 0x00000000
core   0: 0x80006e4e (0x00008c85) c.sub   s1, s1
core   0: 3 0x80006e4e (0x8c85) x9  0x00000000
core   0: 0x80006e50 (0x038405b3) mul     a1, s0, s8
core   0: 3 0x80006e50 (0x038405b3) x11 0x00000000
core   0: 0x80006e54 (0x038ac363) blt     s5, s8, pc + 38
core   0: 3 0x80006e54 (0x038ac363)
core   0: 0x80006e7a (0x02423eb3) mulhu   t4, tp, tp
core   0: 3 0x80006e7a (0x02423eb3) x29 0x3ee1c042
core   0: 0x80006e7e (0x6b00fb13) andi    s6, ra, 1712
core   0: 3 0x80006e7e (0x6b00fb13) x22 0x00000000
core   0: 0x80006e82 (0x038082b3) mul     t0, ra, s8
core   0: 3 0x80006e82 (0x038082b3) x5  0x00000000
core   0: 0x80006e86 (0x01db5f13) srli    t5, s6, 29
core   0: 3 0x80006e86 (0x01db5f13) x30 0x00000000
core   0: 0x80006e8a (0x00000001) c.nop
core   0: 3 0x80006e8a (0x0001)
core   0: 0x80006e8c (0x007c2633) slt     a2, s8, t2
core   0: 3 0x80006e8c (0x007c2633) x12 0x00000000
core   0: 0x80006e90 (0x00008c99) c.sub   s1, a4
core   0: 3 0x80006e90 (0x8c99) x9  0xffffffff
core   0: 0x80006e92 (0x016d4db3) xor     s11, s10, s6
core   0: 3 0x80006e92 (0x016d4db3) x27 0x4319bd64
core   0: 0x80006e96 (0x0011d463) bge     gp, ra, pc + 8
core   0: 3 0x80006e96 (0x0011d463)
core   0: 0x80006e9e (0x0000894a) c.mv    s2, s2
core   0: 3 0x80006e9e (0x894a) x18 0xfc65f2cb
core   0: 0x80006ea0 (0x0383f963) bgeu    t2, s8, pc + 50
core   0: 3 0x80006ea0 (0x0383f963)
core   0: 0x80006ed2 (0x00000001) c.nop
core   0: 3 0x80006ed2 (0x0001)
core   0: 0x80006ed4 (0x02cc9233) mulh    tp, s9, a2
core   0: 3 0x80006ed4 (0x02cc9233) x4  0x00000000
core   0: 0x80006ed8 (0x00000001) c.nop
core   0: 3 0x80006ed8 (0x0001)
core   0: 0x80006eda (0x34025273) csrrwi  tp, mscratch, 4
core   0: 3 0x80006eda (0x34025273) x4  0x0000001f c832_mscratch 0x00000004
core   0: 0x80006ede (0x0000c185) c.beqz  a1, pc + 32
core   0: 3 0x80006ede (0xc185)
core   0: 0x80006efe (0x1865c193) xori    gp, a1, 390
core   0: 3 0x80006efe (0x1865c193) x3  0x00000186
core   0: 0x80006f02 (0x00008c81) c.sub   s1, s0
core   0: 3 0x80006f02 (0x8c81) x9  0x7fffffff
core   0: 0x80006f04 (0x34002a73) csrr    s4, mscratch
core   0: 3 0x80006f04 (0x34002a73) x20 0x00000004
core   0: 0x80006f08 (0x00008fa1) c.xor   a5, s0
core   0: 3 0x80006f08 (0x8fa1) x15 0x7ffff82d
core   0: 0x80006f0a (0x012ae563) bltu    s5, s2, pc + 10
core   0: 3 0x80006f0a (0x012ae563)
core   0: 0x80006f0e (0x0000936e) c.add   t1, s11
core   0: 3 0x80006f0e (0x936e) x6  0x531a0938
core   0: 0x80006f10 (0x0ff0000f) fence   iorw,iorw
core   0: 3 0x80006f10 (0x0ff0000f)
core   0: 0x80006f14 (0x40bedc33) sra     s8, t4, a1
core   0: 3 0x80006f14 (0x40bedc33) x24 0x3ee1c042
core   0: 0x80006f18 (0x14f77893) andi    a7, a4, 335
core   0: 3 0x80006f18 (0x14f77893) x17 0x00000001
core   0: 0x80006f1c (0x034edc33) divu    s8, t4, s4
core   0: 3 0x80006f1c (0x034edc33) x24 0x0fb87010
core   0: 0x80006f20 (0x34099af3) csrrw   s5, mscratch, s3
core   0: 3 0x80006f20 (0x34099af3) x21 0x00000004 c832_mscratch 0x00000000
core   0: 0x80006f24 (0x00f71613) slli    a2, a4, 15
core   0: 3 0x80006f24 (0x00f71613) x12 0x00008000
core   0: 0x80006f28 (0x0103d263) bge     t2, a6, pc + 4
core   0: 3 0x80006f28 (0x0103d263)
core   0: 0x80006f2c (0x3400f2f3) csrrci  t0, mscratch, 1
core   0: 3 0x80006f2c (0x3400f2f3) x5  0x00000000 c832_mscratch 0x00000000
core   0: 0x80006f30 (0x28357e93) andi    t4, a0, 643
core   0: 3 0x80006f30 (0x28357e93) x29 0x00000282
core   0: 0x80006f34 (0x34089373) csrrw   t1, mscratch, a7
core   0: 3 0x80006f34 (0x34089373) x6  0x00000000 c832_mscratch 0x00000001
core   0: 0x80006f38 (0x01f7ec33) or      s8, a5, t6
core   0: 3 0x80006f38 (0x01f7ec33) x24 0x7ffff82d
core   0: 0x80006f3c (0x02f645b3) div     a1, a2, a5
core   0: 3 0x80006f3c (0x02f645b3) x11 0x00000000
core   0: 0x80006f40 (0xd8c1f337) lui     t1, 0xd8c1f
core   0: 3 0x80006f40 (0xd8c1f337) x6  0xd8c1f000
core   0: 0x80006f44 (0x853aa313) slti    t1, s5, -1965
core   0: 3 0x80006f44 (0x853aa313) x6  0x00000000
core   0: 0x80006f48 (0x0000100f) fence.i
core   0: 3 0x80006f48 (0x0000100f)
core   0: 0x80006f4c (0x00008fc5) c.or    a5, s1
core   0: 3 0x80006f4c (0x8fc5) x15 0x7fffffff
core   0: 0x80006f4e (0x038ef8b3) remu    a7, t4, s8
core   0: 3 0x80006f4e (0x038ef8b3) x17 0x00000282
core   0: 0x80006f52 (0x00000f89) c.addi  t6, 2
core   0: 3 0x80006f52 (0x0f89) x31 0x00000002
core   0: 0x80006f54 (0x34085973) csrrwi  s2, mscratch, 16
core   0: 3 0x80006f54 (0x34085973) x18 0x00000001 c832_mscratch 0x00000010
core   0: 0x80006f58 (0x0138e833) or      a6, a7, s3
core   0: 3 0x80006f58 (0x0138e833) x16 0x00000282
core   0: 0x80006f5c (0x0209eb63) bltu    s3, zero, pc + 54
core   0: 3 0x80006f5c (0x0209eb63)
core   0: 0x80006f60 (0x340068f3) csrrsi  a7, mscratch, 0
core   0: 3 0x80006f60 (0x340068f3) x17 0x00000010
core   0: 0x80006f64 (0x0173f563) bgeu    t2, s7, pc + 10
core   0: 3 0x80006f64 (0x0173f563)
core   0: 0x80006f68 (0x00008326) c.mv    t1, s1
core   0: 3 0x80006f68 (0x8326) x6  0x7fffffff
core   0: 0x80006f6a (0x0133fb33) and     s6, t2, s3
core   0: 3 0x80006f6a (0x0133fb33) x22 0x00000000
core   0: 0x80006f6e (0x01389033) sll     zero, a7, s3
core   0: 3 0x80006f6e (0x01389033)
core   0: 0x80006f72 (0x04d6e063) bltu    a3, a3, pc + 64
core   0: 3 0x80006f72 (0x04d6e063)
core   0: 0x80006f76 (0x3302bf13) sltiu   t5, t0, 816
core   0: 3 0x80006f76 (0x3302bf13) x30 0x00000001
core   0: 0x80006f7a (0x00000001) c.nop
core   0: 3 0x80006f7a (0x0001)
core   0: 0x80006f7c (0x00008bd9) c.andi  a5, 22
core   0: 3 0x80006f7c (0x8bd9) x15 0x00000016
core   0: 0x80006f7e (0xed407993) andi    s3, zero, -300
core   0: 3 0x80006f7e (0xed407993) x19 0x00000000
core   0: 0x80006f82 (0x00773ab3) sltu    s5, a4, t2
core   0: 3 0x80006f82 (0x00773ab3) x21 0x00000001
core   0: 0x80006f86 (0x340f3c73) csrrc   s8, mscratch, t5
core   0: 3 0x80006f86 (0x340f3c73) x24 0x00000010 c832_mscratch 0x00000010
core   0: 0x80006f8a (0x000065b9) c.lui   a1, 0xe
core   0: 3 0x80006f8a (0x65b9) x11 0x0000e000
core   0: 0x80006f8c (0x00cba633) slt     a2, s7, a2
core   0: 3 0x80006f8c (0x00cba633) x12 0x00000001
core   0: 0x80006f90 (0x00008d81) c.sub   a1, s0
core   0: 3 0x80006f90 (0x8d81) x11 0x8000e000
core   0: 0x80006f92 (0x008e1d63) bne     t3, s0, pc + 26
core   0: 3 0x80006f92 (0x008e1d63)
core   0: 0x80006fac (0x00000ace) c.slli  s5, 19
core   0: 3 0x80006fac (0x0ace) x21 0x00080000
core   0: 0x80006fae (0x0030edb3) or      s11, ra, gp
core   0: 3 0x80006fae (0x0030edb3) x27 0x00000186
core   0: 0x80006fb2 (0x00d11613) slli    a2, sp, 13
core   0: 3 0x80006fb2 (0x00d11613) x12 0xbe6b0000
core   0: 0x80006fb6 (0x00000001) c.nop
core   0: 3 0x80006fb6 (0x0001)
core   0: 0x80006fb8 (0x01bd18b3) sll     a7, s10, s11
core   0: 3 0x80006fb8 (0x01bd18b3) x17 0xc66f5900
core   0: 0x80006fbc (0x03740733) mul     a4, s0, s7
core   0: 3 0x80006fbc (0x03740733) x14 0x80000000
core   0: 0x80006fc0 (0x0075f463) bgeu    a1, t2, pc + 8
core   0: 3 0x80006fc0 (0x0075f463)
core   0: 0x80006fc4 (0x340061f3) csrrsi  gp, mscratch, 0
core   0: 3 0x80006fc4 (0x340061f3) x3  0x00000010
core   0: 0x80006fc8 (0x00b8d313) srli    t1, a7, 11
core   0: 3 0x80006fc8 (0x00b8d313) x6  0x0018cdeb
core   0: 0x80006fcc (0x000080e1) c.srli  s1, 24
core   0: 3 0x80006fcc (0x80e1) x9  0x0000007f
core   0: 0x80006fce (0x03f4a333) mulhsu  t1, s1, t6
core   0: 3 0x80006fce (0x03f4a333) x6  0x00000000
core   0: 0x80006fd2 (0xa6f46793) ori     a5, s0, -1425
core   0: 3 0x80006fd2 (0xa6f46793) x15 0xfffffa6f
core   0: 0x80006fd6 (0x000098fd) c.andi  s1, -1
core   0: 3 0x80006fd6 (0x98fd) x9  0x0000007f
core   0: 0x80006fd8 (0x0ff0000f) fence   iorw,iorw
core   0: 3 0x80006fd8 (0x0ff0000f)
core   0: 0x80006fdc (0x0014d013) srli    zero, s1, 1
core   0: 3 0x80006fdc (0x0014d013)
core   0: 0x80006fe0 (0x00bebf33) sltu    t5, t4, a1
core   0: 3 0x80006fe0 (0x00bebf33) x30 0x00000001
core   0: 0x80006fe4 (0x0ff0000f) fence   iorw,iorw
core   0: 3 0x80006fe4 (0x0ff0000f)
core   0: 0x80006fe8 (0x00008db5) c.xor   a1, a3
core   0: 3 0x80006fe8 (0x8db5) x11 0x00027d24
core   0: 0x80006fea (0x00008db5) c.xor   a1, a3
core   0: 3 0x80006fea (0x8db5) x11 0x8000e000
core   0: 0x80006fec (0x01d9c463) blt     s3, t4, pc + 8
core   0: 3 0x80006fec (0x01d9c463)
core   0: 0x80006ff4 (0x02a44f33) div     t5, s0, a0
core   0: 3 0x80006ff4 (0x02a44f33) x30 0x00000001
core   0: 0x80006ff8 (0x0112cc63) blt     t0, a7, pc + 24
core   0: 3 0x80006ff8 (0x0112cc63)
core   0: 0x80006ffc (0x00008385) c.srli  a5, 1
core   0: 3 0x80006ffc (0x8385) x15 0x7ffffd37
core   0: 0x80006ffe (0x00008f6d) c.and   a4, a1
core   0: 3 0x80006ffe (0x8f6d) x14 0x80000000
core   0: 0x80007000 (0x00dcddb3) srl     s11, s9, a3
core   0: 3 0x80007000 (0x00dcddb3) x27 0x0b2cead2
core   0: 0x80007004 (0x035428b3) mulhsu  a7, s0, s5
core   0: 3 0x80007004 (0x035428b3) x17 0xfffc0000
core   0: 0x80007008 (0x017075b3) and     a1, zero, s7
core   0: 3 0x80007008 (0x017075b3) x11 0x00000000
core   0: 0x8000700c (0x02331733) mulh    a4, t1, gp
core   0: 3 0x8000700c (0x02331733) x14 0x00000000
core   0: 0x80007010 (0x00006929) c.lui   s2, 0xa
core   0: 3 0x80007010 (0x6929) x18 0x0000a000
core   0: 0x80007012 (0x00008a2d) c.andi  a2, 11
core   0: 3 0x80007012 (0x8a2d) x12 0x00000000
core   0: 0x80007014 (0x0000943e) c.add   s0, a5
core   0: 3 0x80007014 (0x943e) x8  0xfffffd37
core   0: 0x80007016 (0x0137df93) srli    t6, a5, 19
core   0: 3 0x80007016 (0x0137df93) x31 0x00000fff
core   0: 0x8000701a (0x0000100f) fence.i
core   0: 3 0x8000701a (0x0000100f)
core   0: 0x8000701e (0x00045913) srli    s2, s0, 0
core   0: 3 0x8000701e (0x00045913) x18 0xfffffd37
core   0: 0x80007022 (0x3408d1f3) csrrwi  gp, mscratch, 17
core   0: 3 0x80007022 (0x3408d1f3) x3  0x00000010 c832_mscratch 0x00000011
core   0: 0x80007026 (0x0000c719) c.beqz  a4, pc + 14
core   0: 3 0x80007026 (0xc719)
core   0: 0x80007034 (0x34079ef3) csrrw   t4, mscratch, a5
core   0: 3 0x80007034 (0x34079ef3) x29 0x00000011 c832_mscratch 0x7ffffd37
core   0: 0x80007038 (0xa5917593) andi    a1, sp, -1447
core   0: 3 0x80007038 (0xa5917593) x11 0xfc65f258
core   0: 0x8000703c (0x0000e399) c.bnez  a5, pc + 6
core   0: 3 0x8000703c (0xe399)
core   0: 0x80007042 (0x340d55f3) csrrwi  a1, mscratch, 26
core   0: 3 0x80007042 (0x340d55f3) x11 0x7ffffd37 c832_mscratch 0x0000001a
core   0: 0x80007046 (0x340419f3) csrrw   s3, mscratch, s0
core   0: 3 0x80007046 (0x340419f3) x19 0x0000001a c832_mscratch 0xfffffd37
core   0: 0x8000704a (0x037e7bb3) remu    s7, t3, s7
core   0: 3 0x8000704a (0x037e7bb3) x23 0x80025ea4
core   0: 0x8000704e (0x03c07333) remu    t1, zero, t3
core   0: 3 0x8000704e (0x03c07333) x6  0x00000000
core   0: 0x80007052 (0x02dbbeb3) mulhu   t4, s7, a3
core   0: 3 0x80007052 (0x02dbbeb3) x29 0x40027dea
core   0: 0x80007056 (0x00008cb5) c.xor   s1, a3
core   0: 3 0x80007056 (0x8cb5) x9  0x80029d5b
core   0: 0x80007058 (0x8a182593) slti    a1, a6, -1887
core   0: 3 0x80007058 (0x8a182593) x11 0x00000000
core   0: 0x8000705c (0x3409d8f3) csrrwi  a7, mscratch, 19
core   0: 3 0x8000705c (0x3409d8f3) x17 0xfffffd37 c832_mscratch 0x00000013
core   0: 0x80007060 (0x3407d573) csrrwi  a0, mscratch, 15
core   0: 3 0x80007060 (0x3407d573) x10 0x00000013 c832_mscratch 0x0000000f
core   0: 0x80007064 (0x0230c233) div     tp, ra, gp
core   0: 3 0x80007064 (0x0230c233) x4  0x00000000
core   0: 0x80007068 (0x40bf8b33) sub     s6, t6, a1
core   0: 3 0x80007068 (0x40bf8b33) x22 0x00000fff
core   0: 0x8000706c (0x00008b85) c.andi  a5, 1
core   0: 3 0x8000706c (0x8b85) x15 0x00000001
core   0: 0x8000706e (0x05ff6063) bltu    t5, t6, pc + 64
core   0: 3 0x8000706e (0x05ff6063)
core   0: 0x800070ae (0x34007973) csrrci  s2, mscratch, 0
core   0: 3 0x800070ae (0x34007973) x18 0x0000000f
core   0: 0x800070b2 (0x000002fe) c.slli  t0, 31
core   0: 3 0x800070b2 (0x02fe) x5  0x00000000
core   0: 0x800070b4 (0x91d68393) addi    t2, a3, -1763
core   0: 3 0x800070b4 (0x91d68393) x7  0x80029641
core   0: 0x800070b8 (0x00008fa1) c.xor   a5, s0
core   0: 3 0x800070b8 (0x8fa1) x15 0xfffffd36
core   0: 0x800070ba (0x01c0a5b3) slt     a1, ra, t3
core   0: 3 0x800070ba (0x01c0a5b3) x11 0x00000000
core   0: 0x800070be (0xfa97b013) sltiu   zero, a5, -87
core   0: 3 0x800070be (0xfa97b013)
core   0: 0x800070c2 (0x030310b3) mulh    ra, t1, a6
core   0: 3 0x800070c2 (0x030310b3) x1  0x00000000
core   0: 0x800070c6 (0x00008f5d) c.or    a4, a5
core   0: 3 0x800070c6 (0x8f5d) x14 0xfffffd36
core   0: 0x800070c8 (0x000084f5) c.srai  s1, 29
core   0: 3 0x800070c8 (0x84f5) x9  0xfffffffc
core   0: 0x800070ca (0x00e0bb33) sltu    s6, ra, a4
core   0: 3 0x800070ca (0x00e0bb33) x22 0x00000001
core   0: 0x800070ce (0x01be4263) blt     t3, s11, pc + 4
core   0: 3 0x800070ce (0x01be4263)
core   0: 0x800070d2 (0x5c6ff713) andi    a4, t6, 1478
core   0: 3 0x800070d2 (0x5c6ff713) x14 0x000005c6
core   0: 0x800070d6 (0x417153b3) sra     t2, sp, s7
core   0: 3 0x800070d6 (0x417153b3) x7  0xffc65f35
core   0: 0x800070da (0x340c91f3) csrrw   gp, mscratch, s9
core   0: 3 0x800070da (0x340c91f3) x3  0x0000000f c832_mscratch 0xb2cead24
core   0: 0x800070de (0x00008009) c.srli  s0, 2
core   0: 3 0x800070de (0x8009) x8  0x3fffff4d
core   0: 0x800070e0 (0x0000cf05) c.beqz  a4, pc + 56
core   0: 3 0x800070e0 (0xcf05)
core   0: 0x800070e2 (0x14ef3613) sltiu   a2, t5, 334
core   0: 3 0x800070e2 (0x14ef3613) x12 0x00000001
core   0: 0x800070e6 (0x03963d33) mulhu   s10, a2, s9
core   0: 3 0x800070e6 (0x03963d33) x26 0x00000000
core   0: 0x800070ea (0xf2718f13) addi    t5, gp, -217
core   0: 3 0x800070ea (0xf2718f13) x30 0xffffff36
core   0: 0x800070ee (0x03b540b3) div     ra, a0, s11
core   0: 3 0x800070ee (0x03b540b3) x1  0x00000000
core   0: 0x800070f2 (0x0000e199) c.bnez  a1, pc + 6
core   0: 3 0x800070f2 (0xe199)
core   0: 0x800070f4 (0x03a78733) mul     a4, a5, s10
core   0: 3 0x800070f4 (0x03a78733) x14 0x00000000
core   0: 0x800070f8 (0x000e57b3) srl     a5, t3, zero
core   0: 3 0x800070f8 (0x000e57b3) x15 0x80025ea4
core   0: 0x800070fc (0x7527f937) lui     s2, 0x7527f
core   0: 3 0x800070fc (0x7527f937) x18 0x7527f000
core   0: 0x80007100 (0x403a5933) sra     s2, s4, gp
core   0: 3 0x80007100 (0x403a5933) x18 0x00000000
core   0: 0x80007104 (0x71e54a13) xori    s4, a0, 1822
core   0: 3 0x80007104 (0x71e54a13) x20 0x0000070d
core   0: 0x80007108 (0x0000878e) c.mv    a5, gp
core   0: 3 0x80007108 (0x878e) x15 0x0000000f
core   0: 0x8000710a (0xe5f98617) auipc   a2, 0xe5f98
core   0: 3 0x8000710a (0xe5f98617) x12 0x65f9f10a
core   0: 0x8000710e (0x340512f3) csrrw   t0, mscratch, a0
core   0: 3 0x8000710e (0x340512f3) x5  0xb2cead24 c832_mscratch 0x00000013
core   0: 0x80007112 (0x000002de) c.slli  t0, 23
core   0: 3 0x80007112 (0x02de) x5  0x92000000
core   0: 0x80007114 (0x00bd7f33) and     t5, s10, a1
core   0: 3 0x80007114 (0x00bd7f33) x30 0x00000000
core   0: 0x80007118 (0x413a0ab3) sub     s5, s4, s3
core   0: 3 0x80007118 (0x413a0ab3) x21 0x000006f3
core   0: 0x8000711c (0x41acddb3) sra     s11, s9, s10
core   0: 3 0x8000711c (0x41acddb3) x27 0xb2cead24
core   0: 0x80007120 (0x00008cf9) c.and   s1, a4
core   0: 3 0x80007120 (0x8cf9) x9  0x00000000
core   0: 0x80007122 (0x004d0db3) add     s11, s10, tp
core   0: 3 0x80007122 (0x004d0db3) x27 0x00000000
core   0: 0x80007126 (0x00000001) c.nop
core   0: 3 0x80007126 (0x0001)
core   0: 0x80007128 (0x00000001) c.nop
core   0: 3 0x80007128 (0x0001)
core   0: 0x8000712a (0x01280733) add     a4, a6, s2
core   0: 3 0x8000712a (0x01280733) x14 0x00000282
core   0: 0x8000712e (0x0000849d) c.srai  s1, 7
core   0: 3 0x8000712e (0x849d) x9  0x00000000
core   0: 0x80007130 (0x00000001) c.nop
core   0: 3 0x80007130 (0x0001)
core   0: 0x80007132 (0x00008e21) c.xor   a2, s0
core   0: 3 0x80007132 (0x8e21) x12 0x5a060e47
core   0: 0x80007134 (0x00008de5) c.and   a1, s1
core   0: 3 0x80007134 (0x8de5) x11 0x00000000
core   0: 0x80007136 (0x00177eb3) and     t4, a4, ra
core   0: 3 0x80007136 (0x00177eb3) x29 0x00000000
core   0: 0x8000713a (0x34072c73) csrrs   s8, mscratch, a4
core   0: 3 0x8000713a (0x34072c73) x24 0x00000013 c832_mscratch 0x00000293
core   0: 0x8000713e (0x01de60b3) or      ra, t3, t4
core   0: 3 0x8000713e (0x01de60b3) x1  0x80025ea4
core   0: 0x80007142 (0xb2ccf7b7) lui     a5, 0xb2ccf
core   0: 3 0x80007142 (0xb2ccf7b7) x15 0xb2ccf000
core   0: 0x80007146 (0x038cec33) rem     s8, s9, s8
core   0: 3 0x80007146 (0x038cec33) x24 0xfffffff3
core   0: 0x8000714a (0x00008b5a) c.mv    s6, s6
core   0: 3 0x8000714a (0x8b5a) x22 0x00000001
core   0: 0x8000714c (0x41a352b3) sra     t0, t1, s10
core   0: 3 0x8000714c (0x41a352b3) x5  0x00000000
core   0: 0x80007150 (0x6157fc97) auipc   s9, 0x6157f
core   0: 3 0x80007150 (0x6157fc97) x25 0xe1586150
core   0: 0x80007154 (0x00000001) c.nop
core   0: 3 0x80007154 (0x0001)
core   0: 0x80007156 (0x007a6763) bltu    s4, t2, pc + 14
core   0: 3 0x80007156 (0x007a6763)
core   0: 0x80007164 (0x037e9b63) bne     t4, s7, pc + 54
core   0: 3 0x80007164 (0x037e9b63)
core   0: 0x8000719a (0x00000001) c.nop
core   0: 3 0x8000719a (0x0001)
core   0: 0x8000719c (0x00008f41) c.or    a4, s0
core   0: 3 0x8000719c (0x8f41) x14 0x3fffffcf
core   0: 0x8000719e (0x00008e5d) c.or    a2, a5
core   0: 3 0x8000719e (0x8e5d) x12 0xfacefe47
core   0: 0x800071a0 (0x04ca7713) andi    a4, s4, 76
core   0: 3 0x800071a0 (0x04ca7713) x14 0x0000000c
core   0: 0x800071a4 (0x00008f15) c.sub   a4, a3
core   0: 3 0x800071a4 (0x8f15) x14 0x7ffd62e8
core   0: 0x800071a6 (0x015865b3) or      a1, a6, s5
core   0: 3 0x800071a6 (0x015865b3) x11 0x000006f3
core   0: 0x800071aa (0x0000c789) c.beqz  a5, pc + 10
core   0: 3 0x800071aa (0xc789)
core   0: 0x800071ac (0x0299d063) bge     s3, s1, pc + 32
core   0: 3 0x800071ac (0x0299d063)
core   0: 0x800071cc (0x759acd13) xori    s10, s5, 1881
core   0: 3 0x800071cc (0x759acd13) x26 0x000001aa
core   0: 0x800071d0 (0x0000ca1d) c.beqz  a2, pc + 54
core   0: 3 0x800071d0 (0xca1d)
core   0: 0x800071d2 (0x0066b9b3) sltu    s3, a3, t1
core   0: 3 0x800071d2 (0x0066b9b3) x19 0x00000000
core   0: 0x800071d6 (0x5138e613) ori     a2, a7, 1299
core   0: 3 0x800071d6 (0x5138e613) x12 0xfffffd37
core   0: 0x800071da (0x23aee893) ori     a7, t4, 570
core   0: 3 0x800071da (0x23aee893) x17 0x0000023a
core   0: 0x800071de (0x04d29163) bne     t0, a3, pc + 66
core   0: 3 0x800071de (0x04d29163)
core   0: 0x80007220 (0x000098fd) c.andi  s1, -1
core   0: 3 0x80007220 (0x98fd) x9  0x00000000
core   0: 0x80007222 (0x00006bdd) c.lui   s7, 0x17
core   0: 3 0x80007222 (0x6bdd) x23 0x00017000
core   0: 0x80007224 (0x000088c5) c.andi  s1, 17
core   0: 3 0x80007224 (0x88c5) x9  0x00000000
core   0: 0x80007226 (0x3405ba73) csrrc   s4, mscratch, a1
core   0: 3 0x80007226 (0x3405ba73) x20 0x00000293 c832_mscratch 0x00000000
core   0: 0x8000722a (0x0125a5b3) slt     a1, a1, s2
core   0: 3 0x8000722a (0x0125a5b3) x11 0x00000000
core   0: 0x8000722e (0x01e8d263) bge     a7, t5, pc + 4
core   0: 3 0x8000722e (0x01e8d263)
core   0: 0x80007232 (0x000088d6) c.mv    a7, s5
core   0: 3 0x80007232 (0x88d6) x17 0x000006f3
core   0: 0x80007234 (0x0031bcb3) sltu    s9, gp, gp
core   0: 3 0x80007234 (0x0031bcb3) x25 0x00000000
core   0: 0x80007238 (0x026e7ab3) remu    s5, t3, t1
core   0: 3 0x80007238 (0x026e7ab3) x21 0x80025ea4
core   0: 0x8000723c (0x003fe463) bltu    t6, gp, pc + 8
core   0: 3 0x8000723c (0x003fe463)
core   0: 0x80007240 (0x22062013) slti    zero, a2, 544
core   0: 3 0x80007240 (0x22062013)
core   0: 0x80007244 (0x59de7793) andi    a5, t3, 1437
core   0: 3 0x80007244 (0x59de7793) x15 0x00000484
core   0: 0x80007248 (0x00008c19) c.sub   s0, a4
core   0: 3 0x80007248 (0x8c19) x8  0xc0029c65
core   0: 0x8000724a (0x00008dfd) c.and   a1, a5
core   0: 3 0x8000724a (0x8dfd) x11 0x00000000
core   0: 0x8000724c (0x34002773) csrr    a4, mscratch
core   0: 3 0x8000724c (0x34002773) x14 0x00000000
core   0: 0x80007250 (0x02c91463) bne     s2, a2, pc + 40
core   0: 3 0x80007250 (0x02c91463)
core   0: 0x80007278 (0x0201c763) bltz    gp, pc + 46
core   0: 3 0x80007278 (0x0201c763)
core   0: 0x8000727c (0x3b69f717) auipc   a4, 0x3b69f
core   0: 3 0x8000727c (0x3b69f717) x14 0xbb6a627c
core   0: 0x80007280 (0x41928cb3) sub     s9, t0, s9
core   0: 3 0x80007280 (0x41928cb3) x25 0x00000000
core   0: 0x80007284 (0x340be273) csrrsi  tp, mscratch, 23
core   0: 3 0x80007284 (0x340be273) x4  0x00000000 c832_mscratch 0x00000017
core   0: 0x80007288 (0x0000659d) c.lui   a1, 0x7
core   0: 3 0x80007288 (0x659d) x11 0x00007000
core   0: 0x8000728a (0x40210a33) sub     s4, sp, sp
core   0: 3 0x8000728a (0x40210a33) x20 0x00000000
core   0: 0x8000728e (0x419add93) srai    s11, s5, 25
core   0: 3 0x8000728e (0x419add93) x27 0xffffffc0
core   0: 0x80007292 (0x02aa5463) bge     s4, a0, pc + 40
core   0: 3 0x80007292 (0x02aa5463)
core   0: 0x80007296 (0x008359b3) srl     s3, t1, s0
core   0: 3 0x80007296 (0x008359b3) x19 0x00000000
core   0: 0x8000729a (0x18710b93) addi    s7, sp, 391
core   0: 3 0x8000729a (0x18710b93) x23 0xfc65f4df
core   0: 0x8000729e (0x3402d873) csrrwi  a6, mscratch, 5
core   0: 3 0x8000729e (0x3402d873) x16 0x00000017 c832_mscratch 0x00000005
core   0: 0x800072a2 (0x02159eb3) mulh    t4, a1, ra
core   0: 3 0x800072a2 (0x02159eb3) x29 0xffffc801
core   0: 0x800072a6 (0x01016463) bltu    sp, a6, pc + 8
core   0: 3 0x800072a6 (0x01016463)
core   0: 0x800072aa (0x00001a7d) c.addi  s4, -1
core   0: 3 0x800072aa (0x1a7d) x20 0xffffffff
core   0: 0x800072ac (0x0000e09d) c.bnez  s1, pc + 38
core   0: 3 0x800072ac (0xe09d)
core   0: 0x800072ae (0x01088a33) add     s4, a7, a6
core   0: 3 0x800072ae (0x01088a33) x20 0x0000070a
core   0: 0x800072b2 (0x02ca2fb3) mulhsu  t6, s4, a2
core   0: 3 0x800072b2 (0x02ca2fb3) x31 0x00000709
core   0: 0x800072b6 (0x4198d313) srai    t1, a7, 25
core   0: 3 0x800072b6 (0x4198d313) x6  0x00000000
core   0: 0x800072ba (0x00008732) c.mv    a4, a2
core   0: 3 0x800072ba (0x8732) x14 0xfffffd37
core   0: 0x800072bc (0x0386ed33) rem     s10, a3, s8
core   0: 3 0x800072bc (0x0386ed33) x26 0xfffffff4
core   0: 0x800072c0 (0x00000001) c.nop
core   0: 3 0x800072c0 (0x0001)
core   0: 0x800072c2 (0x22cc5517) auipc   a0, 0x22cc5
core   0: 3 0x800072c2 (0x22cc5517) x10 0xa2ccc2c2
core   0: 0x800072c6 (0x032eb5b3) mulhu   a1, t4, s2
core   0: 3 0x800072c6 (0x032eb5b3) x11 0x00000000
core   0: 0x800072ca (0x000084bd) c.srai  s1, 15
core   0: 3 0x800072ca (0x84bd) x9  0x00000000
core   0: 0x800072cc (0x000080ca) c.mv    ra, s2
core   0: 3 0x800072cc (0x80ca) x1  0x00000000
core   0: 0x800072ce (0x012ee363) bltu    t4, s2, pc + 6
core   0: 3 0x800072ce (0x012ee363)
core   0: 0x800072d2 (0x000084bd) c.srai  s1, 15
core   0: 3 0x800072d2 (0x84bd) x9  0x00000000
core   0: 0x800072d4 (0x03cb4633) div     a2, s6, t3
core   0: 3 0x800072d4 (0x03cb4633) x12 0x00000000
core   0: 0x800072d8 (0x00008e4d) c.or    a2, a1
core   0: 3 0x800072d8 (0x8e4d) x12 0x00000000
core   0: 0x800072da (0x03acfcb3) remu    s9, s9, s10
core   0: 3 0x800072da (0x03acfcb3) x25 0x00000000
core   0: 0x800072de (0x02dcd2b3) divu    t0, s9, a3
core   0: 3 0x800072de (0x02dcd2b3) x5  0x00000000
core   0: 0x800072e2 (0x03d5e963) bltu    a1, t4, pc + 50
core   0: 3 0x800072e2 (0x03d5e963)
core   0: 0x80007314 (0x01e98033) add     zero, s3, t5
core   0: 3 0x80007314 (0x01e98033)
core   0: 0x80007318 (0x015bda93) srli    s5, s7, 21
core   0: 3 0x80007318 (0x015bda93) x21 0x000007e3
core   0: 0x8000731c (0x005c01b3) add     gp, s8, t0
core   0: 3 0x8000731c (0x005c01b3) x3  0xfffffff3
core   0: 0x80007320 (0x00008801) c.andi  s0, 0
core   0: 3 0x80007320 (0x8801) x8  0x00000000
core   0: 0x80007322 (0x02949333) mulh    t1, s1, s1
core   0: 3 0x80007322 (0x02949333) x6  0x00000000
core   0: 0x80007326 (0x0ff0000f) fence   iorw,iorw
core   0: 3 0x80007326 (0x0ff0000f)
core   0: 0x8000732a (0x01c03cb3) snez    s9, t3
core   0: 3 0x8000732a (0x01c03cb3) x25 0x00000001
core   0: 0x8000732e (0x00009b7d) c.andi  a4, -1
core   0: 3 0x8000732e (0x9b7d) x14 0xfffffd37
core   0: 0x80007330 (0x03f2fab3) remu    s5, t0, t6
core   0: 3 0x80007330 (0x03f2fab3) x21 0x00000000
core   0: 0x80007334 (0x41c75f93) srai    t6, a4, 28
core   0: 3 0x80007334 (0x41c75f93) x31 0xffffffff
core   0: 0x80007338 (0x00679ab3) sll     s5, a5, t1
core   0: 3 0x80007338 (0x00679ab3) x21 0x00000484
core   0: 0x8000733c (0x04b0f163) bgeu    ra, a1, pc + 66
core   0: 3 0x8000733c (0x04b0f163)
core   0: 0x8000737e (0x34003f73) csrrc   t5, mscratch, zero
core   0: 3 0x8000737e (0x34003f73) x30 0x00000005
core   0: 0x80007382 (0x02168033) mul     zero, a3, ra
core   0: 3 0x80007382 (0x02168033)
core   0: 0x80007386 (0x02e2f633) remu    a2, t0, a4
core   0: 3 0x80007386 (0x02e2f633) x12 0x00000000
core   0: 0x8000738a (0x0000ed9d) c.bnez  a1, pc + 62
core   0: 3 0x8000738a (0xed9d)
core   0: 0x8000738c (0x04947463) bgeu    s0, s1, pc + 72
core   0: 3 0x8000738c (0x04947463)
core   0: 0x800073d4 (0xe325f813) andi    a6, a1, -462
core   0: 3 0x800073d4 (0xe325f813) x16 0x00000000
core   0: 0x800073d8 (0x028e9fb3) mulh    t6, t4, s0
core   0: 3 0x800073d8 (0x028e9fb3) x31 0x00000000
core   0: 0x800073dc (0x000089f9) c.andi  a1, 30
core   0: 3 0x800073dc (0x89f9) x11 0x00000000
core   0: 0x800073de (0x032c70b3) remu    ra, s8, s2
core   0: 3 0x800073de (0x032c70b3) x1  0xfffffff3
core   0: 0x800073e2 (0x000084d9) c.srai  s1, 22
core   0: 3 0x800073e2 (0x84d9) x9  0x00000000
core   0: 0x800073e4 (0x03994633) div     a2, s2, s9
core   0: 3 0x800073e4 (0x03994633) x12 0x00000000
core   0: 0x800073e8 (0x00008ee6) c.mv    t4, s9
core   0: 3 0x800073e8 (0x8ee6) x29 0x00000001
core   0: 0x800073ea (0x34006ef3) csrrsi  t4, mscratch, 0
core   0: 3 0x800073ea (0x34006ef3) x29 0x00000005
core   0: 0x800073ee (0x41385333) sra     t1, a6, s3
core   0: 3 0x800073ee (0x41385333) x6  0x00000000
core   0: 0x800073f2 (0x0ff0000f) fence   iorw,iorw
core   0: 3 0x800073f2 (0x0ff0000f)
core   0: 0x800073f6 (0x0245c333) div     t1, a1, tp
core   0: 3 0x800073f6 (0x0245c333) x6  0xffffffff
core   0: 0x800073fa (0x0000c589) c.beqz  a1, pc + 10
core   0: 3 0x800073fa (0xc589)
core   0: 0x80007404 (0x000097aa) c.add   a5, a0
core   0: 3 0x80007404 (0x97aa) x15 0xa2ccc746
core   0: 0x80007406 (0x00298a33) add     s4, s3, sp
core   0: 3 0x80007406 (0x00298a33) x20 0xfc65f358
core   0: 0x8000740a (0x00008d59) c.or    a0, a4
core   0: 3 0x8000740a (0x8d59) x10 0xfffffff7
core   0: 0x8000740c (0x01983633) sltu    a2, a6, s9
core   0: 3 0x8000740c (0x01983633) x12 0x00000001
core   0: 0x80007410 (0x0000022e) c.slli  tp, 11
core   0: 3 0x80007410 (0x022e) x4  0x00000000
core   0: 0x80007412 (0x59da8f13) addi    t5, s5, 1437
core   0: 3 0x80007412 (0x59da8f13) x30 0x00000a21
core   0: 0x80007416 (0x0000100f) fence.i
core   0: 3 0x80007416 (0x0000100f)
core   0: 0x8000741a (0x002d3433) sltu    s0, s10, sp
core   0: 3 0x8000741a (0x002d3433) x8  0x00000000
core   0: 0x8000741e (0x019e5013) srli    zero, t3, 25
core   0: 3 0x8000741e (0x019e5013)
core   0: 0x80007422 (0x00000001) c.nop
core   0: 3 0x80007422 (0x0001)
core   0: 0x80007424 (0x00008575) c.srai  a0, 29
core   0: 3 0x80007424 (0x8575) x10 0xffffffff
core   0: 0x80007426 (0x34002673) csrr    a2, mscratch
core   0: 3 0x80007426 (0x34002673) x12 0x00000005
core   0: 0x8000742a (0x00008fa5) c.xor   a5, s1
core   0: 3 0x8000742a (0x8fa5) x15 0xa2ccc746
core   0: 0x8000742c (0x0000840d) c.srai  s0, 3
core   0: 3 0x8000742c (0x840d) x8  0x00000000
core   0: 0x8000742e (0x0ff0000f) fence   iorw,iorw
core   0: 3 0x8000742e (0x0ff0000f)
core   0: 0x80007432 (0x19623213) sltiu   tp, tp, 406
core   0: 3 0x80007432 (0x19623213) x4  0x00000001
core   0: 0x80007436 (0xccb58213) addi    tp, a1, -821
core   0: 3 0x80007436 (0xccb58213) x4  0xfffffccb
core   0: 0x8000743a (0x00008ce9) c.and   s1, a0
core   0: 3 0x8000743a (0x8ce9) x9  0x00000000
core   0: 0x8000743c (0x021e1ab3) mulh    s5, t3, ra
core   0: 3 0x8000743c (0x021e1ab3) x21 0x00000006
core   0: 0x80007440 (0x340e69f3) csrrsi  s3, mscratch, 28
core   0: 3 0x80007440 (0x340e69f3) x19 0x00000005 c832_mscratch 0x0000001d
core   0: 0x80007444 (0x0103e833) or      a6, t2, a6
core   0: 3 0x80007444 (0x0103e833) x16 0xffc65f35
core   0: 0x80007448 (0x00008cf5) c.and   s1, a3
core   0: 3 0x80007448 (0x8cf5) x9  0x00000000
core   0: 0x8000744a (0x34089973) csrrw   s2, mscratch, a7
core   0: 3 0x8000744a (0x34089973) x18 0x0000001d c832_mscratch 0x000006f3
core   0: 0x8000744e (0x0000ed0d) c.bnez  a0, pc + 58
core   0: 3 0x8000744e (0xed0d)
core   0: 0x80007488 (0x0334cd63) blt     s1, s3, pc + 58
core   0: 3 0x80007488 (0x0334cd63)
core   0: 0x800074c2 (0x3401dc73) csrrwi  s8, mscratch, 3
core   0: 3 0x800074c2 (0x3401dc73) x24 0x000006f3 c832_mscratch 0x00000003
core   0: 0x800074c6 (0x00008619) c.srai  a2, 6
core   0: 3 0x800074c6 (0x8619) x12 0x00000000
core   0: 0x800074c8 (0x0061d793) srli    a5, gp, 6
core   0: 3 0x800074c8 (0x0061d793) x15 0x03ffffff
core   0: 0x800074cc (0x00a8c563) blt     a7, a0, pc + 10
core   0: 3 0x800074cc (0x00a8c563)
core   0: 0x800074d0 (0x000053fd) c.li    t2, -1
core   0: 3 0x800074d0 (0x53fd) x7  0xffffffff
core   0: 0x800074d2 (0x030bc7b3) div     a5, s7, a6
core   0: 3 0x800074d2 (0x030bc7b3) x15 0x0000000f
core   0: 0x800074d6 (0x018fa533) slt     a0, t6, s8
core   0: 3 0x800074d6 (0x018fa533) x10 0x00000001
core   0: 0x800074da (0x00421363) bne     tp, tp, pc + 6
core   0: 3 0x800074da (0x00421363)
core   0: 0x800074de (0x00008ce1) c.and   s1, s0
core   0: 3 0x800074de (0x8ce1) x9  0x00000000
core   0: 0x800074e0 (0x028d7833) remu    a6, s10, s0
core   0: 3 0x800074e0 (0x028d7833) x16 0xfffffff4
core   0: 0x800074e4 (0x000083d9) c.srli  a5, 22
core   0: 3 0x800074e4 (0x83d9) x15 0x00000000
core   0: 0x800074e6 (0x00008ff1) c.and   a5, a2
core   0: 3 0x800074e6 (0x8ff1) x15 0x00000000
core   0: 0x800074e8 (0x00000bd5) c.addi  s7, 21
core   0: 3 0x800074e8 (0x0bd5) x23 0xfc65f4f4
core   0: 0x800074ea (0x4042da13) srai    s4, t0, 4
core   0: 3 0x800074ea (0x4042da13) x20 0x00000000
core   0: 0x800074ee (0x340025f3) csrr    a1, mscratch
core   0: 3 0x800074ee (0x340025f3) x11 0x00000003
core   0: 0x800074f2 (0x02638b33) mul     s6, t2, t1
core   0: 3 0x800074f2 (0x02638b33) x22 0x00000001
core   0: 0x800074f6 (0x018b0333) add     t1, s6, s8
core   0: 3 0x800074f6 (0x018b0333) x6  0x000006f4
core   0: 0x800074fa (0x000087b5) c.srai  a5, 13
core   0: 3 0x800074fa (0x87b5) x15 0x00000000
core   0: 0x800074fc (0x3407d373) csrrwi  t1, mscratch, 15
core   0: 3 0x800074fc (0x3407d373) x6  0x00000003 c832_mscratch 0x0000000f
core   0: 0x80007500 (0x00008ce9) c.and   s1, a0
core   0: 3 0x80007500 (0x8ce9) x9  0x00000000
core   0: 0x80007502 (0x03135063) bge     t1, a7, pc + 32
core   0: 3 0x80007502 (0x03135063)
core   0: 0x80007506 (0x038c61b3) rem     gp, s8, s8
core   0: 3 0x80007506 (0x038c61b3) x3  0x00000000
core   0: 0x8000750a (0x03bb93b3) mulh    t2, s7, s11
core   0: 3 0x8000750a (0x03bb93b3) x7  0x00000000
core   0: 0x8000750e (0x014753b3) srl     t2, a4, s4
core   0: 3 0x8000750e (0x014753b3) x7  0xfffffd37
core   0: 0x80007512 (0x00008f09) c.sub   a4, a0
core   0: 3 0x80007512 (0x8f09) x14 0xfffffd36
core   0: 0x80007514 (0x00008e19) c.sub   a2, a4
core   0: 3 0x80007514 (0x8e19) x12 0x000002ca
core   0: 0x80007516 (0x019f73b3) and     t2, t5, s9
core   0: 3 0x80007516 (0x019f73b3) x7  0x00000001
core   0: 0x8000751a (0x01894c63) blt     s2, s8, pc + 24
core   0: 3 0x8000751a (0x01894c63)
core   0: 0x80007532 (0x02de33b3) mulhu   t2, t3, a3
core   0: 3 0x80007532 (0x02de33b3) x7  0x40027dea
core   0: 0x80007536 (0x009f1f33) sll     t5, t5, s1
core   0: 3 0x80007536 (0x009f1f33) x30 0x00000a21
core   0: 0x8000753a (0x340079f3) csrrci  s3, mscratch, 0
core   0: 3 0x8000753a (0x340079f3) x19 0x0000000f
core   0: 0x8000753e (0x0000038e) c.slli  t2, 3
core   0: 3 0x8000753e (0x038e) x7  0x0013ef50
core   0: 0x80007540 (0x01184263) blt     a6, a7, pc + 4
core   0: 3 0x80007540 (0x01184263)
core   0: 0x80007544 (0x419304b3) sub     s1, t1, s9
core   0: 3 0x80007544 (0x419304b3) x9  0x00000002
core   0: 0x80007548 (0x0000c619) c.beqz  a2, pc + 14
core   0: 3 0x80007548 (0xc619)
core   0: 0x8000754a (0x019044b3) xor     s1, zero, s9
core   0: 3 0x8000754a (0x019044b3) x9  0x00000001
core   0: 0x8000754e (0xdc168613) addi    a2, a3, -575
core   0: 3 0x8000754e (0xdc168613) x12 0x80029ae5
core   0: 0x80007552 (0x00f97233) and     tp, s2, a5
core   0: 3 0x80007552 (0x00f97233) x4  0x00000000
core   0: 0x80007556 (0x0342c863) blt     t0, s4, pc + 48
core   0: 3 0x80007556 (0x0342c863)
core   0: 0x8000755a (0x037a6b33) rem     s6, s4, s7
core   0: 3 0x8000755a (0x037a6b33) x22 0x00000000
core   0: 0x8000755e (0x0000879d) c.srai  a5, 7
core   0: 3 0x8000755e (0x879d) x15 0x00000000
core   0: 0x80007560 (0x0337c2b3) div     t0, a5, s3
core   0: 3 0x80007560 (0x0337c2b3) x5  0x00000000
core   0: 0x80007564 (0x00c0dd13) srli    s10, ra, 12
core   0: 3 0x80007564 (0x00c0dd13) x26 0x000fffff
core   0: 0x80007568 (0x02ea1363) bne     s4, a4, pc + 38
core   0: 3 0x80007568 (0x02ea1363)
core   0: 0x8000758e (0x340c57f3) csrrwi  a5, mscratch, 24
core   0: 3 0x8000758e (0x340c57f3) x15 0x0000000f c832_mscratch 0x00000018
core   0: 0x80007592 (0x88387f13) andi    t5, a6, -1917
core   0: 3 0x80007592 (0x88387f13) x30 0xfffff880
core   0: 0x80007596 (0x000098fd) c.andi  s1, -1
core   0: 3 0x80007596 (0x98fd) x9  0x00000001
core   0: 0x80007598 (0x00009b7d) c.andi  a4, -1
core   0: 3 0x80007598 (0x9b7d) x14 0xfffffd36
core   0: 0x8000759a (0xd53d6713) ori     a4, s10, -685
core   0: 3 0x8000759a (0xd53d6713) x14 0xffffffff
core   0: 0x8000759e (0x009ce463) bltu    s9, s1, pc + 8
core   0: 3 0x8000759e (0x009ce463)
core   0: 0x800075a2 (0x0103f8b3) and     a7, t2, a6
core   0: 3 0x800075a2 (0x0103f8b3) x17 0x0013ef50
core   0: 0x800075a6 (0x00529463) bne     t0, t0, pc + 8
core   0: 3 0x800075a6 (0x00529463)
core   0: 0x800075aa (0x41955213) srai    tp, a0, 25
core   0: 3 0x800075aa (0x41955213) x4  0x00000000
core   0: 0x800075ae (0x017cac33) slt     s8, s9, s7
core   0: 3 0x800075ae (0x017cac33) x24 0x00000000
core   0: 0x800075b2 (0x03810263) beq     sp, s8, pc + 36
core   0: 3 0x800075b2 (0x03810263)
core   0: 0x800075b6 (0x033ea033) mulhsu  zero, t4, s3
core   0: 3 0x800075b6 (0x033ea033)
core   0: 0x800075ba (0x00a3b8b3) sltu    a7, t2, a0
core   0: 3 0x800075ba (0x00a3b8b3) x17 0x00000000
core   0: 0x800075be (0x0296e9b3) rem     s3, a3, s1
core   0: 3 0x800075be (0x0296e9b3) x19 0x00000000
core   0: 0x800075c2 (0x34003c73) csrrc   s8, mscratch, zero
core   0: 3 0x800075c2 (0x34003c73) x24 0x00000018
core   0: 0x800075c6 (0x3407aef3) csrrs   t4, mscratch, a5
core   0: 3 0x800075c6 (0x3407aef3) x29 0x00000018 c832_mscratch 0x0000001f
core   0: 0x800075ca (0x00000b8e) c.slli  s7, 3
core   0: 3 0x800075ca (0x0b8e) x23 0xe32fa7a0
core   0: 0x800075cc (0x00226533) or      a0, tp, sp
core   0: 3 0x800075cc (0x00226533) x10 0xfc65f358
core   0: 0x800075d0 (0x340d6273) csrrsi  tp, mscratch, 26
core   0: 3 0x800075d0 (0x340d6273) x4  0x0000001f c832_mscratch 0x0000001f
core   0: 0x800075d4 (0x000000fe) c.slli  ra, 31
core   0: 3 0x800075d4 (0x00fe) x1  0x80000000
core   0: 0x800075d6 (0x00000ba6) c.slli  s7, 9
core   0: 3 0x800075d6 (0x0ba6) x23 0x5f4f4000
core   0: 0x800075d8 (0x02020933) mul     s2, tp, zero
core   0: 3 0x800075d8 (0x02020933) x18 0x00000000
core   0: 0x800075dc (0x0000577d) c.li    a4, -1
core   0: 3 0x800075dc (0x577d) x14 0xffffffff
core   0: 0x800075de (0x0000c30d) c.beqz  a4, pc + 34
core   0: 3 0x800075de (0xc30d)
core   0: 0x800075e0 (0x03090633) mul     a2, s2, a6
core   0: 3 0x800075e0 (0x03090633) x12 0x00000000
core   0: 0x800075e4 (0x022741b3) div     gp, a4, sp
core   0: 3 0x800075e4 (0x022741b3) x3  0x00000000
core   0: 0x800075e8 (0xb1af6c13) ori     s8, t5, -1254
core   0: 3 0x800075e8 (0xb1af6c13) x24 0xfffffb9a
core   0: 0x800075ec (0x02f0d233) divu    tp, ra, a5
core   0: 3 0x800075ec (0x02f0d233) x4  0x08888888
core   0: 0x800075f0 (0x99208913) addi    s2, ra, -1646
core   0: 3 0x800075f0 (0x99208913) x18 0x7ffff992
core   0: 0x800075f4 (0x00303033) snez    zero, gp
core   0: 3 0x800075f4 (0x00303033)
core   0: 0x800075f8 (0x0000820d) c.srli  a2, 3
core   0: 3 0x800075f8 (0x820d) x12 0x00000000
core   0: 0x800075fa (0x34007873) csrrci  a6, mscratch, 0
core   0: 3 0x800075fa (0x34007873) x16 0x0000001f
core   0: 0x800075fe (0x00001ffd) c.addi  t6, -1
core   0: 3 0x800075fe (0x1ffd) x31 0xffffffff
core   0: 0x80007600 (0x34025773) csrrwi  a4, mscratch, 4
core   0: 3 0x80007600 (0x34025773) x14 0x0000001f c832_mscratch 0x00000004
core   0: 0x80007604 (0x00189663) bne     a7, ra, pc + 12
core   0: 3 0x80007604 (0x00189663)
core   0: 0x80007610 (0x05266263) bltu    a2, s2, pc + 68
core   0: 3 0x80007610 (0x05266263)
core   0: 0x80007654 (0x431dac13) slti    s8, s11, 1073
core   0: 3 0x80007654 (0x431dac13) x24 0x00000001
core   0: 0x80007658 (0x3406a973) csrrs   s2, mscratch, a3
core   0: 3 0x80007658 (0x3406a973) x18 0x00000004 c832_mscratch 0x80029d24
core   0: 0x8000765c (0x02da8b63) beq     s5, a3, pc + 54
core   0: 3 0x8000765c (0x02da8b63)
core   0: 0x80007660 (0xee756a13) ori     s4, a0, -281
core   0: 3 0x80007660 (0xee756a13) x20 0xffffffff
core   0: 0x80007664 (0x00008f29) c.xor   a4, a0
core   0: 3 0x80007664 (0x8f29) x14 0xfc65f347
core   0: 0x80007666 (0xd4796a13) ori     s4, s2, -697
core   0: 3 0x80007666 (0xd4796a13) x20 0xfffffd47
core   0: 0x8000766a (0xeec77f13) andi    t5, a4, -276
core   0: 3 0x8000766a (0xeec77f13) x30 0xfc65f244
core   0: 0x8000766e (0x0257c833) div     a6, a5, t0
core   0: 3 0x8000766e (0x0257c833) x16 0xffffffff
core   0: 0x80007672 (0x0000100f) fence.i
core   0: 3 0x80007672 (0x0000100f)
core   0: 0x80007676 (0x025d4933) div     s2, s10, t0
core   0: 3 0x80007676 (0x025d4933) x18 0xffffffff
core   0: 0x8000767a (0x0000eb15) c.bnez  a4, pc + 52
core   0: 3 0x8000767a (0xeb15)
core   0: 0x800076ae (0x01f80633) add     a2, a6, t6
core   0: 3 0x800076ae (0x01f80633) x12 0xfffffffe
core   0: 0x800076b2 (0x1d0a8d13) addi    s10, s5, 464
core   0: 3 0x800076b2 (0x1d0a8d13) x26 0x000001d6
core   0: 0x800076b6 (0x028182b3) mul     t0, gp, s0
core   0: 3 0x800076b6 (0x028182b3) x5  0x00000000
core   0: 0x800076ba (0x0000826e) c.mv    tp, s11
core   0: 3 0x800076ba (0x826e) x4  0xffffffc0
core   0: 0x800076bc (0x02718763) beq     gp, t2, pc + 46
core   0: 3 0x800076bc (0x02718763)
core   0: 0x800076c0 (0x0185d463) bge     a1, s8, pc + 8
core   0: 3 0x800076c0 (0x0185d463)
core   0: 0x800076c8 (0x34007ff3) csrrci  t6, mscratch, 0
core   0: 3 0x800076c8 (0x34007ff3) x31 0x80029d24
core   0: 0x800076cc (0x018ef663) bgeu    t4, s8, pc + 12
core   0: 3 0x800076cc (0x018ef663)
core   0: 0x800076d8 (0x00faf263) bgeu    s5, a5, pc + 4
core   0: 3 0x800076d8 (0x00faf263)
core   0: 0x800076dc (0x01ff7733) and     a4, t5, t6
core   0: 3 0x800076dc (0x01ff7733) x14 0x80009004
core   0: 0x800076e0 (0x00000001) c.nop
core   0: 3 0x800076e0 (0x0001)
core   0: 0x800076e2 (0x01ac9b13) slli    s6, s9, 26
core   0: 3 0x800076e2 (0x01ac9b13) x22 0x04000000
core   0: 0x800076e6 (0x34087073) csrci   mscratch, 16
core   0: 3 0x800076e6 (0x34087073) c832_mscratch 0x80029d24
core   0: 0x800076ea (0x0061ed33) or      s10, gp, t1
core   0: 3 0x800076ea (0x0061ed33) x26 0x00000003
core   0: 0x800076ee (0x000082b6) c.mv    t0, a3
core   0: 3 0x800076ee (0x82b6) x5  0x80029d24
core   0: 0x800076f0 (0x00000baa) c.slli  s7, 10
core   0: 3 0x800076f0 (0x0baa) x23 0x3d000000
core   0: 0x800076f2 (0x1ce3c493) xori    s1, t2, 462
core   0: 3 0x800076f2 (0x1ce3c493) x9  0x0013ee9e
core   0: 0x800076f6 (0x0000cf81) c.beqz  a5, pc + 24
core   0: 3 0x800076f6 (0xcf81)
core   0: 0x800076f8 (0x0005bbb3) sltu    s7, a1, zero
core   0: 3 0x800076f8 (0x0005bbb3) x23 0x00000000
core   0: 0x800076fc (0x009b2933) slt     s2, s6, s1
core   0: 3 0x800076fc (0x009b2933) x18 0x00000000
core   0: 0x80007700 (0x0005cfb3) xor     t6, a1, zero
core   0: 3 0x80007700 (0x0005cfb3) x31 0x00000003
core   0: 0x80007704 (0x00008b4d) c.andi  a4, 19
core   0: 3 0x80007704 (0x8b4d) x14 0x00000000
core   0: 0x80007706 (0x0330fa33) remu    s4, ra, s3
core   0: 3 0x80007706 (0x0330fa33) x20 0x80000000
core   0: 0x8000770a (0x01a25b93) srli    s7, tp, 26
core   0: 3 0x8000770a (0x01a25b93) x23 0x0000003f
core   0: 0x8000770e (0x58ca6393) ori     t2, s4, 1420
core   0: 3 0x8000770e (0x58ca6393) x7  0x8000058c
core   0: 0x80007712 (0x00ac1763) bne     s8, a0, pc + 14
core   0: 3 0x80007712 (0x00ac1763)
core   0: 0x80007720 (0x00fbd4b3) srl     s1, s7, a5
core   0: 3 0x80007720 (0x00fbd4b3) x9  0x00000000
core   0: 0x80007724 (0x021a00b3) mul     ra, s4, ra
core   0: 3 0x80007724 (0x021a00b3) x1  0x00000000
core   0: 0x80007728 (0x0ff0000f) fence   iorw,iorw
core   0: 3 0x80007728 (0x0ff0000f)
core   0: 0x8000772c (0x41da5cb3) sra     s9, s4, t4
core   0: 3 0x8000772c (0x41da5cb3) x25 0xffffff80
core   0: 0x80007730 (0x00008e29) c.xor   a2, a0
core   0: 3 0x80007730 (0x8e29) x12 0x039a0ca6
core   0: 0x80007732 (0x2afa7db7) lui     s11, 0x2afa7
core   0: 3 0x80007732 (0x2afa7db7) x27 0x2afa7000
core   0: 0x80007736 (0x00006985) c.lui   s3, 0x1
core   0: 3 0x80007736 (0x6985) x19 0x00001000
core   0: 0x80007738 (0x00732433) slt     s0, t1, t2
core   0: 3 0x80007738 (0x00732433) x8  0x00000000
core   0: 0x8000773c (0x031fc933) div     s2, t6, a7
core   0: 3 0x8000773c (0x031fc933) x18 0xffffffff
core   0: 0x80007740 (0x40e1d913) srai    s2, gp, 14
core   0: 3 0x80007740 (0x40e1d913) x18 0x00000000
core   0: 0x80007744 (0x014c4bb3) xor     s7, s8, s4
core   0: 3 0x80007744 (0x014c4bb3) x23 0x80000001
core   0: 0x80007748 (0x023f45b3) div     a1, t5, gp
core   0: 3 0x80007748 (0x023f45b3) x11 0xffffffff
core   0: 0x8000774c (0x01e5dc33) srl     s8, a1, t5
core   0: 3 0x8000774c (0x01e5dc33) x24 0x0fffffff
core   0: 0x80007750 (0x000090ee) c.add   ra, s11
core   0: 3 0x80007750 (0x90ee) x1  0x2afa7000
core   0: 0x80007752 (0x42503913) sltiu   s2, zero, 1061
core   0: 3 0x80007752 (0x42503913) x18 0x00000001
core   0: 0x80007756 (0x00008db1) c.xor   a1, a2
core   0: 3 0x80007756 (0x8db1) x11 0xfc65f359
core   0: 0x80007758 (0x00008e79) c.and   a2, a4
core   0: 3 0x80007758 (0x8e79) x12 0x00000000
core   0: 0x8000775a (0x00000001) c.nop
core   0: 3 0x8000775a (0x0001)
core   0: 0x8000775c (0x00750c33) add     s8, a0, t2
core   0: 3 0x8000775c (0x00750c33) x24 0x7c65f8e4
core   0: 0x80007760 (0x00008c8d) c.sub   s1, a1
core   0: 3 0x80007760 (0x8c8d) x9  0x039a0ca7
core   0: 0x80007762 (0x03dda933) mulhsu  s2, s11, t4
core   0: 3 0x80007762 (0x03dda933) x18 0x00000004
core   0: 0x80007766 (0x5193c193) xori    gp, t2, 1305
core   0: 3 0x80007766 (0x5193c193) x3  0x80000095
core   0: 0x8000776a (0x0236da33) divu    s4, a3, gp
core   0: 3 0x8000776a (0x0236da33) x20 0x00000001
core   0: 0x8000776e (0x340afef3) csrrci  t4, mscratch, 21
core   0: 3 0x8000776e (0x340afef3) x29 0x80029d24 c832_mscratch 0x80029d20
core   0: 0x80007772 (0x00d05433) srl     s0, zero, a3
core   0: 3 0x80007772 (0x00d05433) x8  0x00000000
core   0: 0x80007776 (0x0000100f) fence.i
core   0: 3 0x80007776 (0x0000100f)
core   0: 0x8000777a (0x019d85b3) add     a1, s11, s9
core   0: 3 0x8000777a (0x019d85b3) x11 0x2afa6f80
core   0: 0x8000777e (0x09457317) auipc   t1, 0x9457
core   0: 3 0x8000777e (0x09457317) x6  0x8945e77e
core   0: 0x80007782 (0x00008099) c.srli  s1, 6
core   0: 3 0x80007782 (0x8099) x9  0x000e6832
core   0: 0x80007784 (0x00008c49) c.or    s0, a0
core   0: 3 0x80007784 (0x8c49) x8  0xfc65f358
core   0: 0x80007786 (0x009dabb3) slt     s7, s11, s1
core   0: 3 0x80007786 (0x009dabb3) x23 0x00000000
core   0: 0x8000778a (0x34071c73) csrrw   s8, mscratch, a4
core   0: 3 0x8000778a (0x34071c73) x24 0x80029d20 c832_mscratch 0x00000000
core   0: 0x8000778e (0x02013d33) mulhu   s10, sp, zero
core   0: 3 0x8000778e (0x02013d33) x26 0x00000000
core   0: 0x80007792 (0x31fd2d13) slti    s10, s10, 799
core   0: 3 0x80007792 (0x31fd2d13) x26 0x00000001
core   0: 0x80007796 (0x3400adf3) csrrs   s11, mscratch, ra
core   0: 3 0x80007796 (0x3400adf3) x27 0x00000000 c832_mscratch 0x2afa7000
core   0: 0x8000779a (0x03acba33) mulhu   s4, s9, s10
core   0: 3 0x8000779a (0x03acba33) x20 0x00000000
core   0: 0x8000779e (0x408ed933) sra     s2, t4, s0
core   0: 3 0x8000779e (0x408ed933) x18 0xffffff80
core   0: 0x800077a2 (0x403a5d93) srai    s11, s4, 3
core   0: 3 0x800077a2 (0x403a5d93) x27 0x00000000
core   0: 0x800077a6 (0x00f41293) slli    t0, s0, 15
core   0: 3 0x800077a6 (0x00f41293) x5  0xf9ac0000
core   0: 0x800077aa (0x013cf533) and     a0, s9, s3
core   0: 3 0x800077aa (0x013cf533) x10 0x00001000
core   0: 0x800077ae (0x00008d59) c.or    a0, a4
core   0: 3 0x800077ae (0x8d59) x10 0x00001000
core   0: 0x800077b0 (0x3403eef3) csrrsi  t4, mscratch, 7
core   0: 3 0x800077b0 (0x3403eef3) x29 0x2afa7000 c832_mscratch 0x2afa7007
core   0: 0x800077b4 (0x49fda613) slti    a2, s11, 1183
core   0: 3 0x800077b4 (0x49fda613) x12 0x00000001
core   0: 0x800077b8 (0x03671ab3) mulh    s5, a4, s6
core   0: 3 0x800077b8 (0x03671ab3) x21 0x00000000
core   0: 0x800077bc (0x01469193) slli    gp, a3, 20
core   0: 3 0x800077bc (0x01469193) x3  0xd2400000
core   0: 0x800077c0 (0x00009397) auipc   t2, 0x9
core   0: 3 0x800077c0 (0x00009397) x7  0x800107c0
core   0: 0x800077c4 (0x52538393) addi    t2, t2, 1317
core   0: 3 0x800077c4 (0x52538393) x7  0x80010ce5
core   0: 0x800077c8 (0x01e9d713) srli    a4, s3, 30
core   0: 3 0x800077c8 (0x01e9d713) x14 0x00000000
core   0: 0x800077cc (0x401b0833) sub     a6, s6, ra
core   0: 3 0x800077cc (0x401b0833) x16 0xd9059000
core   0: 0x800077d0 (0x008b37b3) sltu    a5, s6, s0
core   0: 3 0x800077d0 (0x008b37b3) x15 0x00000001
core   0: 0x800077d4 (0x06638003) lb      zero, 102(t2)
core   0: 3 0x800077d4 (0x06638003) mem 0x80010d4b
core   0: 0x800077d8 (0x0803cc83) lbu     s9, 128(t2)
core   0: 3 0x800077d8 (0x0803cc83) x25 0x000000cd mem 0x80010d65
core   0: 0x800077dc (0x00008445) c.srai  s0, 17
core   0: 3 0x800077dc (0x8445) x8  0xfffffe32
core   0: 0x800077de (0xf6238f03) lb      t5, -158(t2)
core   0: 3 0x800077de (0xf6238f03) x30 0xfffffff5 mem 0x80010c47
core   0: 0x800077e2 (0xfd438703) lb      a4, -44(t2)
core   0: 3 0x800077e2 (0xfd438703) x14 0xfffffff0 mem 0x80010cb9
core   0: 0x800077e6 (0x00006a55) c.lui   s4, 0x15
core   0: 3 0x800077e6 (0x6a55) x20 0x00015000
core   0: 0x800077e8 (0x00009fca) c.add   t6, s2
core   0: 3 0x800077e8 (0x9fca) x31 0xffffff83
core   0: 0x800077ea (0x0523cf03) lbu     t5, 82(t2)
core   0: 3 0x800077ea (0x0523cf03) x30 0x000000ab mem 0x80010d37
core   0: 0x800077ee (0x00000001) c.nop
core   0: 3 0x800077ee (0x0001)
core   0: 0x800077f0 (0x000085d1) c.srai  a1, 20
core   0: 3 0x800077f0 (0x85d1) x11 0x000002af
core   0: 0x800077f2 (0x01499a93) slli    s5, s3, 20
core   0: 3 0x800077f2 (0x01499a93) x21 0x00000000
core   0: 0x800077f6 (0xf9e3cc03) lbu     s8, -98(t2)
core   0: 3 0x800077f6 (0xf9e3cc03) x24 0x00000056 mem 0x80010c83
core   0: 0x800077fa (0xfa838403) lb      s0, -88(t2)
core   0: 3 0x800077fa (0xfa838403) x8  0x00000032 mem 0x80010c8d
core   0: 0x800077fe (0x0e438f03) lb      t5, 228(t2)
core   0: 3 0x800077fe (0x0e438f03) x30 0x0000003f mem 0x80010dc9
core   0: 0x80007802 (0xf5739da3) sh      s7, -165(t2)
core   0: 3 0x80007802 (0xf5739da3) mem 0x80010c40 0x0000
core   0: 0x80007806 (0xf1238983) lb      s3, -238(t2)
core   0: 3 0x80007806 (0xf1238983) x19 0xffffff84 mem 0x80010bf7
core   0: 0x8000780a (0x01815193) srli    gp, sp, 24
core   0: 3 0x8000780a (0x01815193) x3  0x000000fc
core   0: 0x8000780e (0xfad381a3) sb      a3, -93(t2)
core   0: 3 0x8000780e (0xfad381a3) mem 0x80010c88 0x24
core   0: 0x80007812 (0x00008e21) c.xor   a2, s0
core   0: 3 0x80007812 (0x8e21) x12 0x00000033
core   0: 0x80007814 (0xfb4396a3) sh      s4, -83(t2)
core   0: 3 0x80007814 (0xfb4396a3) mem 0x80010c92 0x5000
core   0: 0x80007818 (0x000090f2) c.add   ra, t3
core   0: 3 0x80007818 (0x90f2) x1  0xaafccea4
core   0: 0x8000781a (0x02729033) mulh    zero, t0, t2
core   0: 3 0x8000781a (0x02729033)
core   0: 0x8000781e (0x0c53cf03) lbu     t5, 197(t2)
core   0: 3 0x8000781e (0x0c53cf03) x30 0x00000087 mem 0x80010daa
core   0: 0x80007822 (0x41115d93) srai    s11, sp, 17
core   0: 3 0x80007822 (0x41115d93) x27 0xfffffe32
core   0: 0x80007826 (0xfc7f2c13) slti    s8, t5, -57
core   0: 3 0x80007826 (0xfc7f2c13) x24 0x00000000
core   0: 0x8000782a (0xe31af593) andi    a1, s5, -463
core   0: 3 0x8000782a (0xe31af593) x11 0x00000000
core   0: 0x8000782e (0x08038183) lb      gp, 128(t2)
core   0: 3 0x8000782e (0x08038183) x3  0xffffffcd mem 0x80010d65
core   0: 0x80007832 (0x01b297b3) sll     a5, t0, s11
core   0: 3 0x80007832 (0x01b297b3) x15 0x00000000
core   0: 0x80007836 (0xfe63c603) lbu     a2, -26(t2)
core   0: 3 0x80007836 (0xfe63c603) x12 0x00000022 mem 0x80010ccb
core   0: 0x8000783a (0x3400b2f3) csrrc   t0, mscratch, ra
core   0: 3 0x8000783a (0x3400b2f3) x5  0x2afa7007 c832_mscratch 0x00023003
core   0: 0x8000783e (0x00008cd9) c.or    s1, a4
core   0: 3 0x8000783e (0x8cd9) x9  0xfffffff2
core   0: 0x80007840 (0xf4d39da3) sh      a3, -165(t2)
core   0: 3 0x80007840 (0xf4d39da3) mem 0x80010c40 0x9d24
core   0: 0x80007844 (0x5b84ec93) ori     s9, s1, 1464
core   0: 3 0x80007844 (0x5b84ec93) x25 0xfffffffa
core   0: 0x80007848 (0x09d39f03) lh      t5, 157(t2)
core   0: 3 0x80007848 (0x09d39f03) x30 0xffffd34a mem 0x80010d82
core   0: 0x8000784c (0x03638d83) lb      s11, 54(t2)
core   0: 3 0x8000784c (0x03638d83) x27 0xffffffc6 mem 0x80010d1b
core   0: 0x80007850 (0x0ff0000f) fence   iorw,iorw
core   0: 3 0x80007850 (0x0ff0000f)
core   0: 0x80007854 (0x0000861e) c.mv    a2, t2
core   0: 3 0x80007854 (0x861e) x12 0x80010ce5
core   0: 0x80007856 (0x405b5733) sra     a4, s6, t0
core   0: 3 0x80007856 (0x405b5733) x14 0x00080000
core   0: 0x8000785a (0x010c2633) slt     a2, s8, a6
core   0: 3 0x8000785a (0x010c2633) x12 0x00000000
core   0: 0x8000785e (0x5c43bd93) sltiu   s11, t2, 1476
core   0: 3 0x8000785e (0x5c43bd93) x27 0x00000000
core   0: 0x80007862 (0x410e5093) srai    ra, t3, 16
core   0: 3 0x80007862 (0x410e5093) x1  0xffff8002
core   0: 0x80007866 (0x000068cd) c.lui   a7, 0x13
core   0: 3 0x80007866 (0x68cd) x17 0x00013000
core   0: 0x80007868 (0x00652a33) slt     s4, a0, t1
core   0: 3 0x80007868 (0x00652a33) x20 0x00000000
core   0: 0x8000786c (0x000043bd) c.li    t2, 15
core   0: 3 0x8000786c (0x43bd) x7  0x0000000f
core   0: 0x8000786e (0x03fd4163) blt     s10, t6, pc + 34
core   0: 3 0x8000786e (0x03fd4163)
core   0: 0x80007872 (0xfb4fcd37) lui     s10, 0xfb4fc
core   0: 3 0x80007872 (0xfb4fcd37) x26 0xfb4fc000
core   0: 0x80007876 (0x340fab73) csrrs   s6, mscratch, t6
core   0: 3 0x80007876 (0x340fab73) x22 0x00023003 c832_mscratch 0xffffff83
core   0: 0x8000787a (0x00008cc5) c.or    s1, s1
core   0: 3 0x8000787a (0x8cc5) x9  0xfffffff2
core   0: 0x8000787c (0x00008c75) c.and   s0, a3
core   0: 3 0x8000787c (0x8c75) x8  0x00000020
core   0: 0x8000787e (0x00008fd9) c.or    a5, a4
core   0: 3 0x8000787e (0x8fd9) x15 0x00080000
core   0: 0x80007880 (0x024b1063) bne     s6, tp, pc + 32
core   0: 3 0x80007880 (0x024b1063)
core   0: 0x800078a0 (0xd5ed4a13) xori    s4, s10, -674
core   0: 3 0x800078a0 (0xd5ed4a13) x20 0x04b03d5e
core   0: 0x800078a4 (0x0000c105) c.beqz  a0, pc + 32
core   0: 3 0x800078a4 (0xc105)
core   0: 0x800078a6 (0x0000e095) c.bnez  s1, pc + 36
core   0: 3 0x800078a6 (0xe095)
core   0: 0x800078ca (0x01792333) slt     t1, s2, s7
core   0: 3 0x800078ca (0x01792333) x6  0x00000001
core   0: 0x800078ce (0x02b9a433) mulhsu  s0, s3, a1
core   0: 3 0x800078ce (0x02b9a433) x8  0x00000000
core   0: 0x800078d2 (0x00000a96) c.slli  s5, 5
core   0: 3 0x800078d2 (0x0a96) x21 0x00000000
core   0: 0x800078d4 (0x017fc733) xor     a4, t6, s7
core   0: 3 0x800078d4 (0x017fc733) x14 0xffffff83
core   0: 0x800078d8 (0x00008771) c.srai  a4, 28
core   0: 3 0x800078d8 (0x8771) x14 0xffffffff
core   0: 0x800078da (0x00008e75) c.and   a2, a3
core   0: 3 0x800078da (0x8e75) x12 0x00000000
core   0: 0x800078dc (0x006b7833) and     a6, s6, t1
core   0: 3 0x800078dc (0x006b7833) x16 0x00000001
core   0: 0x800078e0 (0x340c9373) csrrw   t1, mscratch, s9
core   0: 3 0x800078e0 (0x340c9373) x6  0xffffff83 c832_mscratch 0xfffffffa
core   0: 0x800078e4 (0x00645fb3) srl     t6, s0, t1
core   0: 3 0x800078e4 (0x00645fb3) x31 0x00000000
core   0: 0x800078e8 (0x00000001) c.nop
core   0: 3 0x800078e8 (0x0001)
core   0: 0x800078ea (0x00006369) c.lui   t1, 0x1a
core   0: 3 0x800078ea (0x6369) x6  0x0001a000
core   0: 0x800078ec (0x0000827d) c.srli  a2, 31
core   0: 3 0x800078ec (0x827d) x12 0x00000000
core   0: 0x800078ee (0x03079763) bne     a5, a6, pc + 46
core   0: 3 0x800078ee (0x03079763)
core   0: 0x8000791c (0x00008a4a) c.mv    s4, s2
core   0: 3 0x8000791c (0x8a4a) x20 0xffffff80
core   0: 0x8000791e (0x00078eb3) add     t4, a5, zero
core   0: 3 0x8000791e (0x00078eb3) x29 0x00080000
core   0: 0x80007922 (0x00000001) c.nop
core   0: 3 0x80007922 (0x0001)
core   0: 0x80007924 (0xdc9a7d97) auipc   s11, 0xdc9a7
core   0: 3 0x80007924 (0xdc9a7d97) x27 0x5c9ae924
core   0: 0x80007928 (0x0000849a) c.mv    s1, t1
core   0: 3 0x80007928 (0x849a) x9  0x0001a000
core   0: 0x8000792a (0x01077eb3) and     t4, a4, a6
core   0: 3 0x8000792a (0x01077eb3) x29 0x00000001
core   0: 0x8000792e (0x010497b3) sll     a5, s1, a6
core   0: 3 0x8000792e (0x010497b3) x15 0x00034000
core   0: 0x80007932 (0x41865493) srai    s1, a2, 24
core   0: 3 0x80007932 (0x41865493) x9  0x00000000
core   0: 0x80007936 (0x0000870d) c.srai  a4, 3
core   0: 3 0x80007936 (0x870d) x14 0xffffffff
core   0: 0x80007938 (0x340a7c73) csrrci  s8, mscratch, 20
core   0: 3 0x80007938 (0x340a7c73) x24 0xfffffffa c832_mscratch 0xffffffea
core   0: 0x8000793c (0x000300b3) add     ra, t1, zero
core   0: 3 0x8000793c (0x000300b3) x1  0x0001a000
core   0: 0x80007940 (0x011bc7b3) xor     a5, s7, a7
core   0: 3 0x80007940 (0x011bc7b3) x15 0x00013000
core   0: 0x80007944 (0x0000cd81) c.beqz  a1, pc + 24
core   0: 3 0x80007944 (0xcd81)
core   0: 0x8000795c (0x00009b5a) c.add   s6, s6
core   0: 3 0x8000795c (0x9b5a) x22 0x00046006
core   0: 0x8000795e (0x340b6773) csrrsi  a4, mscratch, 22
core   0: 3 0x8000795e (0x340b6773) x14 0xffffffea c832_mscratch 0xfffffffe
core   0: 0x80007962 (0x0038d193) srli    gp, a7, 3
core   0: 3 0x80007962 (0x0038d193) x3  0x00002600
core   0: 0x80007966 (0x00d71f93) slli    t6, a4, 13
core   0: 3 0x80007966 (0x00d71f93) x31 0xfffd4000
core   0: 0x8000796a (0x04475063) bge     a4, tp, pc + 64
core   0: 3 0x8000796a (0x04475063)
core   0: 0x800079aa (0x34006973) csrrsi  s2, mscratch, 0
core   0: 3 0x800079aa (0x34006973) x18 0xfffffffe
core   0: 0x800079ae (0x02a21a63) bne     tp, a0, pc + 52
core   0: 3 0x800079ae (0x02a21a63)
core   0: 0x800079e2 (0x412f5593) srai    a1, t5, 18
core   0: 3 0x800079e2 (0x412f5593) x11 0xffffffff
core   0: 0x800079e6 (0x3402ec73) csrrsi  s8, mscratch, 5
core   0: 3 0x800079e6 (0x3402ec73) x24 0xfffffffe c832_mscratch 0xffffffff
core   0: 0x800079ea (0x00006f8d) c.lui   t6, 0x3
core   0: 3 0x800079ea (0x6f8d) x31 0x00003000
core   0: 0x800079ec (0x00006d89) c.lui   s11, 0x2
core   0: 3 0x800079ec (0x6d89) x27 0x00002000
core   0: 0x800079ee (0x03de1c63) bne     t3, t4, pc + 56
core   0: 3 0x800079ee (0x03de1c63)
core   0: 0x80007a26 (0x00008549) c.srai  a0, 18
core   0: 3 0x80007a26 (0x8549) x10 0x00000000
core   0: 0x80007a28 (0x01d8f463) bgeu    a7, t4, pc + 8
core   0: 3 0x80007a28 (0x01d8f463)
core   0: 0x80007a30 (0xab2fe013) ori     zero, t6, -1358
core   0: 3 0x80007a30 (0xab2fe013)
core   0: 0x80007a34 (0x41b5db93) srai    s7, a1, 27
core   0: 3 0x80007a34 (0x41b5db93) x23 0xffffffff
core   0: 0x80007a38 (0xfc3edf37) lui     t5, 0xfc3ed
core   0: 3 0x80007a38 (0xfc3edf37) x30 0xfc3ed000
core   0: 0x80007a3c (0x00000001) c.nop
core   0: 3 0x80007a3c (0x0001)
core   0: 0x80007a3e (0x0308e1b3) rem     gp, a7, a6
core   0: 3 0x80007a3e (0x0308e1b3) x3  0x00000000
core   0: 0x80007a42 (0x022be233) rem     tp, s7, sp
core   0: 3 0x80007a42 (0x022be233) x4  0xffffffff
core   0: 0x80007a46 (0x00b2f363) bgeu    t0, a1, pc + 6
core   0: 3 0x80007a46 (0x00b2f363)
core   0: 0x80007a4a (0x00006c41) c.lui   s8, 0x10
core   0: 3 0x80007a4a (0x6c41) x24 0x00010000
core   0: 0x80007a4c (0x03c56063) bltu    a0, t3, pc + 32
core   0: 3 0x80007a4c (0x03c56063)
core   0: 0x80007a6c (0x00008e51) c.or    a2, a2
core   0: 3 0x80007a6c (0x8e51) x12 0x00000000
core   0: 0x80007a6e (0x0329cab3) div     s5, s3, s2
core   0: 3 0x80007a6e (0x0329cab3) x21 0x0000003e
core   0: 0x80007a72 (0x00009a97) auipc   s5, 0x9
core   0: 3 0x80007a72 (0x00009a97) x21 0x80010a72
core   0: 0x80007a76 (0xef7a8a93) addi    s5, s5, -265
core   0: 3 0x80007a76 (0xef7a8a93) x21 0x80010969
core   0: 0x80007a7a (0xffda9e83) lh      t4, -3(s5)
core   0: 3 0x80007a7a (0xffda9e83) x29 0xffff9274 mem 0x80010966
core   0: 0x80007a7e (0x02e690b3) mulh    ra, a3, a4
core   0: 3 0x80007a7e (0x02e690b3) x1  0x0000000a
core   0: 0x80007a82 (0x00aa8f03) lb      t5, 10(s5)
core   0: 3 0x80007a82 (0x00aa8f03) x30 0x00000000 mem 0x80010973
core   0: 0x80007a86 (0xef1e8c13) addi    s8, t4, -271
core   0: 3 0x80007a86 (0xef1e8c13) x24 0xffff9165
core   0: 0x80007a8a (0x705c4413) xori    s0, s8, 1797
core   0: 3 0x80007a8a (0x705c4413) x8  0xffff9660
core   0: 0x80007a8e (0x014a8d23) sb      s4, 26(s5)
core   0: 3 0x80007a8e (0x014a8d23) mem 0x80010983 0x80
core   0: 0x80007a92 (0xff9a8183) lb      gp, -7(s5)
core   0: 3 0x80007a92 (0xff9a8183) x3  0x0000007a mem 0x80010962
core   0: 0x80007a96 (0x00009c46) c.add   s8, a7
core   0: 3 0x80007a96 (0x9c46) x24 0x0000c165
core   0: 0x80007a98 (0x015a8623) sb      s5, 12(s5)
core   0: 3 0x80007a98 (0x015a8623) mem 0x80010975 0x69
core   0: 0x80007a9c (0xff9a8883) lb      a7, -7(s5)
core   0: 3 0x80007a9c (0xff9a8883) x17 0x0000007a mem 0x80010962
core   0: 0x80007aa0 (0x016a89a3) sb      s6, 19(s5)
core   0: 3 0x80007aa0 (0x016a89a3) mem 0x8001097c 0x06
core   0: 0x80007aa4 (0x00008d35) c.xor   a0, a3
core   0: 3 0x80007aa4 (0x8d35) x10 0x80029d24
core   0: 0x80007aa6 (0x000ac583) lbu     a1, 0(s5)
core   0: 3 0x80007aa6 (0x000ac583) x11 0x0000005a mem 0x80010969
core   0: 0x80007aaa (0x016ccd33) xor     s10, s9, s6
core   0: 3 0x80007aaa (0x016ccd33) x26 0xfffb9ffc
core   0: 0x80007aae (0xfd7a8c03) lb      s8, -41(s5)
core   0: 3 0x80007aae (0xfd7a8c03) x24 0x00000050 mem 0x80010940
core   0: 0x80007ab2 (0x019a5f33) srl     t5, s4, s9
core   0: 3 0x80007ab2 (0x019a5f33) x30 0x0000003f
core   0: 0x80007ab6 (0x034aec33) rem     s8, s5, s4
core   0: 3 0x80007ab6 (0x034aec33) x24 0xffffffe9
core   0: 0x80007aba (0xfd2a8983) lb      s3, -46(s5)
core   0: 3 0x80007aba (0xfd2a8983) x19 0xffffffd4 mem 0x8001093b
core   0: 0x80007abe (0x005a9603) lh      a2, 5(s5)
core   0: 3 0x80007abe (0x005a9603) x12 0xfffff38c mem 0x8001096e
core   0: 0x80007ac2 (0xf5cb2713) slti    a4, s6, -164
core   0: 3 0x80007ac2 (0xf5cb2713) x14 0x00000000
core   0: 0x80007ac6 (0x035a93a3) sh      s5, 39(s5)
core   0: 3 0x80007ac6 (0x035a93a3) mem 0x80010990 0x0969
core   0: 0x80007aca (0x00008c79) c.and   s0, a4
core   0: 3 0x80007aca (0x8c79) x8  0x00000000
core   0: 0x80007acc (0x02808cb3) mul     s9, ra, s0
core   0: 3 0x80007acc (0x02808cb3) x25 0x00000000
core   0: 0x80007ad0 (0xfc0aada3) sw      zero, -37(s5)
core   0: 3 0x80007ad0 (0xfc0aada3) mem 0x80010944 0x00000000
core   0: 0x80007ad4 (0x0185d533) srl     a0, a1, s8
core   0: 3 0x80007ad4 (0x0185d533) x10 0x00000000
core   0: 0x80007ad8 (0x02aaca03) lbu     s4, 42(s5)
core   0: 3 0x80007ad8 (0x02aaca03) x20 0x000000b2 mem 0x80010993
core   0: 0x80007adc (0x00008c42) c.mv    s8, a6
core   0: 3 0x80007adc (0x8c42) x24 0x00000001
core   0: 0x80007ade (0xdf7470b7) lui     ra, 0xdf747
core   0: 3 0x80007ade (0xdf7470b7) x1  0xdf747000
core   0: 0x80007ae2 (0x006021b3) slt     gp, zero, t1
core   0: 3 0x80007ae2 (0x006021b3) x3  0x00000001
core   0: 0x80007ae6 (0xfc9a8aa3) sb      s1, -43(s5)
core   0: 3 0x80007ae6 (0xfc9a8aa3) mem 0x8001093e 0x00
core   0: 0x80007aea (0x01973333) sltu    t1, a4, s9
core   0: 3 0x80007aea (0x01973333) x6  0x00000000
core   0: 0x80007aee (0x030a9ca3) sh      a6, 57(s5)
core   0: 3 0x80007aee (0x030a9ca3) mem 0x800109a2 0x0001
core   0: 0x80007af2 (0xfd9ad003) lhu     zero, -39(s5)
core   0: 3 0x80007af2 (0xfd9ad003) mem 0x80010942
core   0: 0x80007af6 (0x0000100f) fence.i
core   0: 3 0x80007af6 (0x0000100f)
core   0: 0x80007afa (0x00000001) c.nop
core   0: 3 0x80007afa (0x0001)
core   0: 0x80007afc (0x425c3f13) sltiu   t5, s8, 1061
core   0: 3 0x80007afc (0x425c3f13) x30 0x00000001
core   0: 0x80007b00 (0x029a4fb3) div     t6, s4, s1
core   0: 3 0x80007b00 (0x029a4fb3) x31 0xffffffff
core   0: 0x80007b04 (0x036a8203) lb      tp, 54(s5)
core   0: 3 0x80007b04 (0x036a8203) x4  0xffffffe0 mem 0x8001099f
core   0: 0x80007b08 (0x340022f3) csrr    t0, mscratch
core   0: 3 0x80007b08 (0x340022f3) x5  0xffffffff
core   0: 0x80007b0c (0x007d13b3) sll     t2, s10, t2
core   0: 3 0x80007b0c (0x007d13b3) x7  0xcffe0000
core   0: 0x80007b10 (0x400c5c13) srai    s8, s8, 0
core   0: 3 0x80007b10 (0x400c5c13) x24 0x00000001
core   0: 0x80007b14 (0x663fc917) auipc   s2, 0x663fc
core   0: 3 0x80007b14 (0x663fc917) x18 0xe6403b14
core   0: 0x80007b18 (0x02da8783) lb      a5, 45(s5)
core   0: 3 0x80007b18 (0x02da8783) x15 0xffffff81 mem 0x80010996
core   0: 0x80007b1c (0x40a280b3) sub     ra, t0, a0
core   0: 3 0x80007b1c (0x40a280b3) x1  0xffffffff
core   0: 0x80007b20 (0x01bae9b3) or      s3, s5, s11
core   0: 3 0x80007b20 (0x01bae9b3) x19 0x80012969
core   0: 0x80007b24 (0x020b3033) mulhu   zero, s6, zero
core   0: 3 0x80007b24 (0x020b3033)
core   0: 0x80007b28 (0x00008431) c.srai  s0, 12
core   0: 3 0x80007b28 (0x8431) x8  0x00000000
core   0: 0x80007b2a (0xfe0a8403) lb      s0, -32(s5)
core   0: 3 0x80007b2a (0xfe0a8403) x8  0xffffff87 mem 0x80010949
core   0: 0x80007b2e (0x00555e93) srli    t4, a0, 5
core   0: 3 0x80007b2e (0x00555e93) x29 0x00000000
core   0: 0x80007b32 (0x01e5ab33) slt     s6, a1, t5
core   0: 3 0x80007b32 (0x01e5ab33) x22 0x00000000
core   0: 0x80007b36 (0x036d61b3) rem     gp, s10, s6
core   0: 3 0x80007b36 (0x036d61b3) x3  0xfffb9ffc
core   0: 0x80007b3a (0x03c30063) beq     t1, t3, pc + 32
core   0: 3 0x80007b3a (0x03c30063)
core   0: 0x80007b3e (0x00008b4d) c.andi  a4, 19
core   0: 3 0x80007b3e (0x8b4d) x14 0x00000000
core   0: 0x80007b40 (0x0576a813) slti    a6, a3, 87
core   0: 3 0x80007b40 (0x0576a813) x16 0x00000001
core   0: 0x80007b44 (0x0000898a) c.mv    s3, sp
core   0: 3 0x80007b44 (0x898a) x19 0xfc65f358
core   0: 0x80007b46 (0x0000cb81) c.beqz  a5, pc + 16
core   0: 3 0x80007b46 (0xcb81)
core   0: 0x80007b48 (0xb779f093) andi    ra, s3, -1161
core   0: 3 0x80007b48 (0xb779f093) x1  0xfc65f350
core   0: 0x80007b4c (0x0246ff63) bgeu    a3, tp, pc + 62
core   0: 3 0x80007b4c (0x0246ff63)
core   0: 0x80007b50 (0x49f4fa93) andi    s5, s1, 1183
core   0: 3 0x80007b50 (0x49f4fa93) x21 0x00000000
core   0: 0x80007b54 (0x00000001) c.nop
core   0: 3 0x80007b54 (0x0001)
core   0: 0x80007b56 (0x03b5d833) divu    a6, a1, s11
core   0: 3 0x80007b56 (0x03b5d833) x16 0x00000000
core   0: 0x80007b5a (0xa87e2493) slti    s1, t3, -1401
core   0: 3 0x80007b5a (0xa87e2493) x9  0x00000001
core   0: 0x80007b5e (0x316fec17) auipc   s8, 0x316fe
core   0: 3 0x80007b5e (0x316fec17) x24 0xb1705b5e
core   0: 0x80007b62 (0x0ff0000f) fence   iorw,iorw
core   0: 3 0x80007b62 (0x0ff0000f)
core   0: 0x80007b66 (0x00000932) c.slli  s2, 12
core   0: 3 0x80007b66 (0x0932) x18 0x03b14000
core   0: 0x80007b68 (0x00006679) c.lui   a2, 0x1e
core   0: 3 0x80007b68 (0x6679) x12 0x0001e000
core   0: 0x80007b6a (0x03632533) mulhsu  a0, t1, s6
core   0: 3 0x80007b6a (0x03632533) x10 0x00000000
core   0: 0x80007b6e (0x00000001) c.nop
core   0: 3 0x80007b6e (0x0001)
core   0: 0x80007b70 (0x02229633) mulh    a2, t0, sp
core   0: 3 0x80007b70 (0x02229633) x12 0x00000000
core   0: 0x80007b74 (0xab023297) auipc   t0, 0xab023
core   0: 3 0x80007b74 (0xab023297) x5  0x2b02ab74
core   0: 0x80007b78 (0x0000e589) c.bnez  a1, pc + 10
core   0: 3 0x80007b78 (0xe589)
core   0: 0x80007b82 (0x40f602b3) sub     t0, a2, a5
core   0: 3 0x80007b82 (0x40f602b3) x5  0x0000007f
core   0: 0x80007b86 (0x34045cf3) csrrwi  s9, mscratch, 8
core   0: 3 0x80007b86 (0x34045cf3) x25 0xffffffff c832_mscratch 0x00000008
core   0: 0x80007b8a (0x34081f73) csrrw   t5, mscratch, a6
core   0: 3 0x80007b8a (0x34081f73) x30 0x00000008 c832_mscratch 0x00000000
core   0: 0x80007b8e (0x8afbf297) auipc   t0, 0x8afbf
core   0: 3 0x80007b8e (0x8afbf297) x5  0x0afc6b8e
core   0: 0x80007b92 (0x340023f3) csrr    t2, mscratch
core   0: 3 0x80007b92 (0x340023f3) x7  0x00000000
core   0: 0x80007b96 (0x00008035) c.srli  s0, 13
core   0: 3 0x80007b96 (0x8035) x8  0x0007ffff
core   0: 0x80007b98 (0x34007af3) csrrci  s5, mscratch, 0
core   0: 3 0x80007b98 (0x34007af3) x21 0x00000000
core   0: 0x80007b9c (0x01e11413) slli    s0, sp, 30
core   0: 3 0x80007b9c (0x01e11413) x8  0x00000000
core   0: 0x80007ba0 (0x03d52ab3) mulhsu  s5, a0, t4
core   0: 3 0x80007ba0 (0x03d52ab3) x21 0x00000000
core   0: 0x80007ba4 (0x28e13217) auipc   tp, 0x28e13
core   0: 3 0x80007ba4 (0x28e13217) x4  0xa8e1aba4
core   0: 0x80007ba8 (0x01021eb3) sll     t4, tp, a6
core   0: 3 0x80007ba8 (0x01021eb3) x29 0xa8e1aba4
core   0: 0x80007bac (0x009f4d33) xor     s10, t5, s1
core   0: 3 0x80007bac (0x009f4d33) x26 0x00000009
core   0: 0x80007bb0 (0x0ff0000f) fence   iorw,iorw
core   0: 3 0x80007bb0 (0x0ff0000f)
core   0: 0x80007bb4 (0x02e061b3) rem     gp, zero, a4
core   0: 3 0x80007bb4 (0x02e061b3) x3  0x00000000
core   0: 0x80007bb8 (0x95717813) andi    a6, sp, -1705
core   0: 3 0x80007bb8 (0x95717813) x16 0xfc65f150
core   0: 0x80007bbc (0x0030cc33) xor     s8, ra, gp
core   0: 3 0x80007bbc (0x0030cc33) x24 0xfc65f350
core   0: 0x80007bc0 (0x03c3b533) mulhu   a0, t2, t3
core   0: 3 0x80007bc0 (0x03c3b533) x10 0x00000000
core   0: 0x80007bc4 (0x34006df3) csrrsi  s11, mscratch, 0
core   0: 3 0x80007bc4 (0x34006df3) x27 0x00000000
core   0: 0x80007bc8 (0x40545b33) sra     s6, s0, t0
core   0: 3 0x80007bc8 (0x40545b33) x22 0x00000000
core   0: 0x80007bcc (0x03c28633) mul     a2, t0, t3
core   0: 3 0x80007bcc (0x03c28633) x12 0x904f0af8
core   0: 0x80007bd0 (0x02915e63) bge     sp, s1, pc + 60
core   0: 3 0x80007bd0 (0x02915e63)
core   0: 0x80007bd4 (0x000050fd) c.li    ra, -1
core   0: 3 0x80007bd4 (0x50fd) x1  0xffffffff
core   0: 0x80007bd6 (0x005e59b3) srl     s3, t3, t0
core   0: 3 0x80007bd6 (0x005e59b3) x19 0x00020009
core   0: 0x80007bda (0x021c72b3) remu    t0, s8, ra
core   0: 3 0x80007bda (0x021c72b3) x5  0xfc65f350
core   0: 0x80007bde (0x00008d65) c.and   a0, s1
core   0: 3 0x80007bde (0x8d65) x10 0x00000000
core   0: 0x80007be0 (0x00008e51) c.or    a2, a2
core   0: 3 0x80007be0 (0x8e51) x12 0x904f0af8
core   0: 0x80007be2 (0x0ff0000f) fence   iorw,iorw
core   0: 3 0x80007be2 (0x0ff0000f)
core   0: 0x80007be6 (0x01fb6a33) or      s4, s6, t6
core   0: 3 0x80007be6 (0x01fb6a33) x20 0xffffffff
core   0: 0x80007bea (0x1fb0e313) ori     t1, ra, 507
core   0: 3 0x80007bea (0x1fb0e313) x6  0xffffffff
core   0: 0x80007bee (0x00008d4d) c.or    a0, a1
core   0: 3 0x80007bee (0x8d4d) x10 0x0000005a
core   0: 0x80007bf0 (0x000087a6) c.mv    a5, s1
core   0: 3 0x80007bf0 (0x87a6) x15 0x00000001
core   0: 0x80007bf2 (0x03eaab33) mulhsu  s6, s5, t5
core   0: 3 0x80007bf2 (0x03eaab33) x22 0x00000000
core   0: 0x80007bf6 (0x02a5a7b3) mulhsu  a5, a1, a0
core   0: 3 0x80007bf6 (0x02a5a7b3) x15 0x00000000
core   0: 0x80007bfa (0x000005b5) c.addi  a1, 13
core   0: 3 0x80007bfa (0x05b5) x11 0x00000067
core   0: 0x80007bfc (0x0000864e) c.mv    a2, s3
core   0: 3 0x80007bfc (0x864e) x12 0x00020009
core   0: 0x80007bfe (0x00f305b3) add     a1, t1, a5
core   0: 3 0x80007bfe (0x00f305b3) x11 0xffffffff
core   0: 0x80007c02 (0x00008cdd) c.or    s1, a5
core   0: 3 0x80007c02 (0x8cdd) x9  0x00000001
core   0: 0x80007c04 (0x1d05e213) ori     tp, a1, 464
core   0: 3 0x80007c04 (0x1d05e213) x4  0xffffffff
core   0: 0x80007c08 (0x41e45633) sra     a2, s0, t5
core   0: 3 0x80007c08 (0x41e45633) x12 0x00000000
core   0: 0x80007c0c (0xdbd2cf13) xori    t5, t0, -579
core   0: 3 0x80007c0c (0xdbd2cf13) x30 0x039a0eed
core   0: 0x80007c10 (0x00000001) c.nop
core   0: 3 0x80007c10 (0x0001)
core   0: 0x80007c12 (0x00381b13) slli    s6, a6, 3
core   0: 3 0x80007c12 (0x00381b13) x22 0xe32f8a80
core   0: 0x80007c16 (0x34003373) csrrc   t1, mscratch, zero
core   0: 3 0x80007c16 (0x34003373) x6  0x00000000
core   0: 0x80007c1a (0x04f78063) beq     a5, a5, pc + 64
core   0: 3 0x80007c1a (0x04f78063)
core   0: 0x80007c5a (0x00df6c33) or      s8, t5, a3
core   0: 3 0x80007c5a (0x00df6c33) x24 0x839a9fed
core   0: 0x80007c5e (0x00827333) and     t1, tp, s0
core   0: 3 0x80007c5e (0x00827333) x6  0x00000000
core   0: 0x80007c62 (0x000e9cb3) sll     s9, t4, zero
core   0: 3 0x80007c62 (0x000e9cb3) x25 0xa8e1aba4
core   0: 0x80007c66 (0x41a959b3) sra     s3, s2, s10
core   0: 3 0x80007c66 (0x41a959b3) x19 0x0001d8a0
core   0: 0x80007c6a (0x00008a09) c.andi  a2, 2
core   0: 3 0x80007c6a (0x8a09) x12 0x00000000
core   0: 0x80007c6c (0x01128763) beq     t0, a7, pc + 14
core   0: 3 0x80007c6c (0x01128763)
core   0: 0x80007c70 (0x01e3df93) srli    t6, t2, 30
core   0: 3 0x80007c70 (0x01e3df93) x31 0x00000000
core   0: 0x80007c74 (0x038d9163) bne     s11, s8, pc + 34
core   0: 3 0x80007c74 (0x038d9163)
core   0: 0x80007c96 (0x00008f71) c.and   a4, a2
core   0: 3 0x80007c96 (0x8f71) x14 0x00000000
core   0: 0x80007c98 (0xf828c013) xori    zero, a7, -126
core   0: 3 0x80007c98 (0xf828c013)
core   0: 0x80007c9c (0x03679e63) bne     a5, s6, pc + 60
core   0: 3 0x80007c9c (0x03679e63)
core   0: 0x80007cd8 (0x01d9afb3) slt     t6, s3, t4
core   0: 3 0x80007cd8 (0x01d9afb3) x31 0x00000000
core   0: 0x80007cdc (0x00008635) c.srai  a2, 13
core   0: 3 0x80007cdc (0x8635) x12 0x00000000
core   0: 0x80007cde (0x00006911) c.lui   s2, 0x4
core   0: 3 0x80007cde (0x6911) x18 0x00004000
core   0: 0x80007ce0 (0x0016e7b3) or      a5, a3, ra
core   0: 3 0x80007ce0 (0x0016e7b3) x15 0xffffffff
core   0: 0x80007ce4 (0x008f3eb3) sltu    t4, t5, s0
core   0: 3 0x80007ce4 (0x008f3eb3) x29 0x00000000
core   0: 0x80007ce8 (0x039fc4b3) div     s1, t6, s9
core   0: 3 0x80007ce8 (0x039fc4b3) x9  0x00000000
core   0: 0x80007cec (0x00009a26) c.add   s4, s1
core   0: 3 0x80007cec (0x9a26) x20 0xffffffff
core   0: 0x80007cee (0x0249b333) mulhu   t1, s3, tp
core   0: 3 0x80007cee (0x0249b333) x6  0x0001d89f
core   0: 0x80007cf2 (0x21880613) addi    a2, a6, 536
core   0: 3 0x80007cf2 (0x21880613) x12 0xfc65f368
core   0: 0x80007cf6 (0x020e8863) beqz    t4, pc + 48
core   0: 3 0x80007cf6 (0x020e8863)
core   0: 0x80007d26 (0x00008f65) c.and   a4, s1
core   0: 3 0x80007d26 (0x8f65) x14 0x00000000
core   0: 0x80007d28 (0x5740a293) slti    t0, ra, 1396
core   0: 3 0x80007d28 (0x5740a293) x5  0x00000001
core   0: 0x80007d2c (0x02de5cb3) divu    s9, t3, a3
core   0: 3 0x80007d2c (0x02de5cb3) x25 0x00000000
core   0: 0x80007d30 (0x340b7273) csrrci  tp, mscratch, 22
core   0: 3 0x80007d30 (0x340b7273) x4  0x00000000 c832_mscratch 0x00000000
core   0: 0x80007d34 (0x00ba8bb3) add     s7, s5, a1
core   0: 3 0x80007d34 (0x00ba8bb3) x23 0xffffffff
core   0: 0x80007d38 (0x00000906) c.slli  s2, 1
core   0: 3 0x80007d38 (0x0906) x18 0x00008000
core   0: 0x80007d3a (0x00be4c63) blt     t3, a1, pc + 24
core   0: 3 0x80007d3a (0x00be4c63)
core   0: 0x80007d52 (0x000080de) c.mv    ra, s7
core   0: 3 0x80007d52 (0x80de) x1  0xffffffff
core   0: 0x80007d54 (0x3408bbf3) csrrc   s7, mscratch, a7
core   0: 3 0x80007d54 (0x3408bbf3) x23 0x00000000 c832_mscratch 0x00000000
core   0: 0x80007d58 (0x93107197) auipc   gp, 0x93107
core   0: 3 0x80007d58 (0x93107197) x3  0x1310ed58
core   0: 0x80007d5c (0x34049373) csrrw   t1, mscratch, s1
core   0: 3 0x80007d5c (0x34049373) x6  0x00000000 c832_mscratch 0x00000000
core   0: 0x80007d60 (0x01b701b3) add     gp, a4, s11
core   0: 3 0x80007d60 (0x01b701b3) x3  0x00000000
core   0: 0x80007d64 (0x010bc333) xor     t1, s7, a6
core   0: 3 0x80007d64 (0x010bc333) x6  0xfc65f150
core   0: 0x80007d68 (0x015e2ab3) slt     s5, t3, s5
core   0: 3 0x80007d68 (0x015e2ab3) x21 0x00000001
core   0: 0x80007d6c (0x57e10313) addi    t1, sp, 1406
core   0: 3 0x80007d6c (0x57e10313) x6  0xfc65f8d6
core   0: 0x80007d70 (0x0000897d) c.andi  a0, 31
core   0: 3 0x80007d70 (0x897d) x10 0x0000001a
core   0: 0x80007d72 (0x003cf333) and     t1, s9, gp
core   0: 3 0x80007d72 (0x003cf333) x6  0x00000000
core   0: 0x80007d76 (0x6bb7a997) auipc   s3, 0x6bb7a
core   0: 3 0x80007d76 (0x6bb7a997) x19 0xebb81d76
core   0: 0x80007d7a (0x0330aa33) mulhsu  s4, ra, s3
core   0: 3 0x80007d7a (0x0330aa33) x20 0xffffffff
core   0: 0x80007d7e (0x000087b9) c.srai  a5, 14
core   0: 3 0x80007d7e (0x87b9) x15 0xffffffff
core   0: 0x80007d80 (0x02adc2b3) div     t0, s11, a0
core   0: 3 0x80007d80 (0x02adc2b3) x5  0x00000000
core   0: 0x80007d84 (0x00008539) c.srai  a0, 14
core   0: 3 0x80007d84 (0x8539) x10 0x00000000
core   0: 0x80007d86 (0x0000177d) c.addi  a4, -1
core   0: 3 0x80007d86 (0x177d) x14 0xffffffff
core   0: 0x80007d88 (0x028e1cb3) mulh    s9, t3, s0
core   0: 3 0x80007d88 (0x028e1cb3) x25 0x00000000
core   0: 0x80007d8c (0x0ff0000f) fence   iorw,iorw
core   0: 3 0x80007d8c (0x0ff0000f)
core   0: 0x80007d90 (0x3405b4f3) csrrc   s1, mscratch, a1
core   0: 3 0x80007d90 (0x3405b4f3) x9  0x00000000 c832_mscratch 0x00000000
core   0: 0x80007d94 (0x0000923e) c.add   tp, a5
core   0: 3 0x80007d94 (0x923e) x4  0xffffffff
core   0: 0x80007d96 (0x00000001) c.nop
core   0: 3 0x80007d96 (0x0001)
core   0: 0x80007d98 (0x0091f633) and     a2, gp, s1
core   0: 3 0x80007d98 (0x0091f633) x12 0x00000000
core   0: 0x80007d9c (0x0000100f) fence.i
core   0: 3 0x80007d9c (0x0000100f)
core   0: 0x80007da0 (0xf668a513) slti    a0, a7, -154
core   0: 3 0x80007da0 (0xf668a513) x10 0x00000000
core   0: 0x80007da4 (0x340b51f3) csrrwi  gp, mscratch, 22
core   0: 3 0x80007da4 (0x340b51f3) x3  0x00000000 c832_mscratch 0x00000016
core   0: 0x80007da8 (0x5f2b7813) andi    a6, s6, 1522
core   0: 3 0x80007da8 (0x5f2b7813) x16 0x00000080
core   0: 0x80007dac (0x3409f773) csrrci  a4, mscratch, 19
core   0: 3 0x80007dac (0x3409f773) x14 0x00000016 c832_mscratch 0x00000004
core   0: 0x80007db0 (0x02c8bbb3) mulhu   s7, a7, a2
core   0: 3 0x80007db0 (0x02c8bbb3) x23 0x00000000
core   0: 0x80007db4 (0x0000100f) fence.i
core   0: 3 0x80007db4 (0x0000100f)
core   0: 0x80007db8 (0x00008b7e) c.mv    s6, t6
core   0: 3 0x80007db8 (0x8b7e) x22 0x00000000
core   0: 0x80007dba (0x03aca0b3) mulhsu  ra, s9, s10
core   0: 3 0x80007dba (0x03aca0b3) x1  0x00000000
core   0: 0x80007dbe (0x00008f49) c.or    a4, a0
core   0: 3 0x80007dbe (0x8f49) x14 0x00000016
core   0: 0x80007dc0 (0x009ad463) bge     s5, s1, pc + 8
core   0: 3 0x80007dc0 (0x009ad463)
core   0: 0x80007dc8 (0x00008155) c.srli  a0, 21
core   0: 3 0x80007dc8 (0x8155) x10 0x00000000
core   0: 0x80007dca (0x2c208593) addi    a1, ra, 706
core   0: 3 0x80007dca (0x2c208593) x11 0x000002c2
core   0: 0x80007dce (0x03df7633) remu    a2, t5, t4
core   0: 3 0x80007dce (0x03df7633) x12 0x039a0eed
core   0: 0x80007dd2 (0x00000001) c.nop
core   0: 3 0x80007dd2 (0x0001)
core   0: 0x80007dd4 (0x0000ed19) c.bnez  a0, pc + 30
core   0: 3 0x80007dd4 (0xed19)
core   0: 0x80007dd6 (0x032d58b3) divu    a7, s10, s2
core   0: 3 0x80007dd6 (0x032d58b3) x17 0x00000000
core   0: 0x80007dda (0xc6043213) sltiu   tp, s0, -928
core   0: 3 0x80007dda (0xc6043213) x4  0x00000001
core   0: 0x80007dde (0x01198563) beq     s3, a7, pc + 10
core   0: 3 0x80007dde (0x01198563)
core   0: 0x80007de2 (0x0000100f) fence.i
core   0: 3 0x80007de2 (0x0000100f)
core   0: 0x80007de6 (0x00008b59) c.andi  a4, 22
core   0: 3 0x80007de6 (0x8b59) x14 0x00000016
core   0: 0x80007de8 (0x41e1dfb3) sra     t6, gp, t5
core   0: 3 0x80007de8 (0x41e1dfb3) x31 0x00000000
core   0: 0x80007dec (0x01aefcb3) and     s9, t4, s10
core   0: 3 0x80007dec (0x01aefcb3) x25 0x00000000
core   0: 0x80007df0 (0x0000809d) c.srli  s1, 7
core   0: 3 0x80007df0 (0x809d) x9  0x00000000
core   0: 0x80007df2 (0x0000e399) c.bnez  a5, pc + 6
core   0: 3 0x80007df2 (0xe399)
core   0: 0x80007df8 (0x00d7e033) or      zero, a5, a3
core   0: 3 0x80007df8 (0x00d7e033)
core   0: 0x80007dfc (0x00008629) c.srai  a2, 10
core   0: 3 0x80007dfc (0x8629) x12 0x0000e683
core   0: 0x80007dfe (0x204a6c13) ori     s8, s4, 516
core   0: 3 0x80007dfe (0x204a6c13) x24 0xffffffff
core   0: 0x80007e02 (0x0ae67a13) andi    s4, a2, 174
core   0: 3 0x80007e02 (0x0ae67a13) x20 0x00000082
core   0: 0x80007e06 (0x00006f05) c.lui   t5, 0x1
core   0: 3 0x80007e06 (0x6f05) x30 0x00001000
core   0: 0x80007e08 (0x00008525) c.srai  a0, 9
core   0: 3 0x80007e08 (0x8525) x10 0x00000000
core   0: 0x80007e0a (0x035a1833) mulh    a6, s4, s5
core   0: 3 0x80007e0a (0x035a1833) x16 0x00000000
core   0: 0x80007e0e (0x00008949) c.andi  a0, 18
core   0: 3 0x80007e0e (0x8949) x10 0x00000000
core   0: 0x80007e10 (0x0118ccb3) xor     s9, a7, a7
core   0: 3 0x80007e10 (0x0118ccb3) x25 0x00000000
core   0: 0x80007e14 (0x0000c88d) c.beqz  s1, pc + 50
core   0: 3 0x80007e14 (0xc88d)
core   0: 0x80007e46 (0x01d0c463) blt     ra, t4, pc + 8
core   0: 3 0x80007e46 (0x01d0c463)
core   0: 0x80007e4a (0x01a39fb3) sll     t6, t2, s10
core   0: 3 0x80007e4a (0x01a39fb3) x31 0x00000000
core   0: 0x80007e4e (0x006fb3b3) sltu    t2, t6, t1
core   0: 3 0x80007e4e (0x006fb3b3) x7  0x00000000
core   0: 0x80007e52 (0x000091da) c.add   gp, s6
core   0: 3 0x80007e52 (0x91da) x3  0x00000000
core   0: 0x80007e54 (0x00000cce) c.slli  s9, 19
core   0: 3 0x80007e54 (0x0cce) x25 0x00000000
core   0: 0x80007e56 (0x65b20937) lui     s2, 0x65b20
core   0: 3 0x80007e56 (0x65b20937) x18 0x65b20000
core   0: 0x80007e5a (0x00009812) c.add   a6, tp
core   0: 3 0x80007e5a (0x9812) x16 0x00000001
core   0: 0x80007e5c (0x0000e389) c.bnez  a5, pc + 2
core   0: 3 0x80007e5c (0xe389)
core   0: 0x80007e5e (0x0048b233) sltu    tp, a7, tp
core   0: 3 0x80007e5e (0x0048b233) x4  0x00000001
core   0: 0x80007e62 (0x01f65a33) srl     s4, a2, t6
core   0: 3 0x80007e62 (0x01f65a33) x20 0x0000e683
core   0: 0x80007e66 (0x02eeb0b3) mulhu   ra, t4, a4
core   0: 3 0x80007e66 (0x02eeb0b3) x1  0x00000000
core   0: 0x80007e6a (0x0155ea63) bltu    a1, s5, pc + 20
core   0: 3 0x80007e6a (0x0155ea63)
core   0: 0x80007e6e (0x00008305) c.srli  a4, 1
core   0: 3 0x80007e6e (0x8305) x14 0x0000000b
core   0: 0x80007e70 (0x0004f633) and     a2, s1, zero
core   0: 3 0x80007e70 (0x0004f633) x12 0x00000000
core   0: 0x80007e74 (0x00008d61) c.and   a0, s0
core   0: 3 0x80007e74 (0x8d61) x10 0x00000000
core   0: 0x80007e76 (0x025f41b3) div     gp, t5, t0
core   0: 3 0x80007e76 (0x025f41b3) x3  0xffffffff
core   0: 0x80007e7a (0x0000082e) c.slli  a6, 11
core   0: 3 0x80007e7a (0x082e) x16 0x00000800
core   0: 0x80007e7c (0x00008ffd) c.and   a5, a5
core   0: 3 0x80007e7c (0x8ffd) x15 0xffffffff
core   0: 0x80007e7e (0xab7b6313) ori     t1, s6, -1353
core   0: 3 0x80007e7e (0xab7b6313) x6  0xfffffab7
core   0: 0x80007e82 (0x0ff0000f) fence   iorw,iorw
core   0: 3 0x80007e82 (0x0ff0000f)
core   0: 0x80007e86 (0x00008da9) c.xor   a1, a0
core   0: 3 0x80007e86 (0x8da9) x11 0x000002c2
core   0: 0x80007e88 (0x0000e391) c.bnez  a5, pc + 4
core   0: 3 0x80007e88 (0xe391)
core   0: 0x80007e8c (0x00008cad) c.xor   s1, a1
core   0: 3 0x80007e8c (0x8cad) x9  0x000002c2
core   0: 0x80007e8e (0x011f9f33) sll     t5, t6, a7
core   0: 3 0x80007e8e (0x011f9f33) x30 0x00000000
core   0: 0x80007e92 (0x00008d45) c.or    a0, s1
core   0: 3 0x80007e92 (0x8d45) x10 0x000002c2
core   0: 0x80007e94 (0x409c8033) sub     zero, s9, s1
core   0: 3 0x80007e94 (0x409c8033)
core   0: 0x80007e98 (0x40750ab3) sub     s5, a0, t2
core   0: 3 0x80007e98 (0x40750ab3) x21 0x000002c2
core   0: 0x80007e9c (0x00008aa2) c.mv    s5, s0
core   0: 3 0x80007e9c (0x8aa2) x21 0x00000000
core   0: 0x80007e9e (0x00008b2d) c.andi  a4, 11
core   0: 3 0x80007e9e (0x8b2d) x14 0x0000000b
core   0: 0x80007ea0 (0x017947b3) xor     a5, s2, s7
core   0: 3 0x80007ea0 (0x017947b3) x15 0x65b20000
core   0: 0x80007ea4 (0x00008932) c.mv    s2, a2
core   0: 3 0x80007ea4 (0x8932) x18 0x00000000
core   0: 0x80007ea6 (0x3400fd73) csrrci  s10, mscratch, 1
core   0: 3 0x80007ea6 (0x3400fd73) x26 0x00000004 c832_mscratch 0x00000004
core   0: 0x80007eaa (0x884ea913) slti    s2, t4, -1916
core   0: 3 0x80007eaa (0x884ea913) x18 0x00000000
core   0: 0x80007eae (0x000083f9) c.srli  a5, 30
core   0: 3 0x80007eae (0x83f9) x15 0x00000001
core   0: 0x80007eb0 (0x0046dc33) srl     s8, a3, tp
core   0: 3 0x80007eb0 (0x0046dc33) x24 0x40014e92
core   0: 0x80007eb4 (0x00008c81) c.sub   s1, s0
core   0: 3 0x80007eb4 (0x8c81) x9  0x000002c2
core   0: 0x80007eb6 (0x01cc52b3) srl     t0, s8, t3
core   0: 3 0x80007eb6 (0x01cc52b3) x5  0x040014e9
core   0: 0x80007eba (0x0212b633) mulhu   a2, t0, ra
core   0: 3 0x80007eba (0x0212b633) x12 0x00000000
core   0: 0x80007ebe (0x0dfb0093) addi    ra, s6, 223
core   0: 3 0x80007ebe (0x0dfb0093) x1  0x000000df
core   0: 0x80007ec2 (0x3408d673) csrrwi  a2, mscratch, 17
core   0: 3 0x80007ec2 (0x3408d673) x12 0x00000004 c832_mscratch 0x00000011
core   0: 0x80007ec6 (0x4ddfa193) slti    gp, t6, 1245
core   0: 3 0x80007ec6 (0x4ddfa193) x3  0x00000001
core   0: 0x80007eca (0x03a5ccb3) div     s9, a1, s10
core   0: 3 0x80007eca (0x03a5ccb3) x25 0x000000b0
core   0: 0x80007ece (0xbac48897) auipc   a7, 0xbac48
core   0: 3 0x80007ece (0xbac48897) x17 0x3ac4fece
core   0: 0x80007ed2 (0x0142e663) bltu    t0, s4, pc + 12
core   0: 3 0x80007ed2 (0x0142e663)
core   0: 0x80007ed6 (0x340074f3) csrrci  s1, mscratch, 0
core   0: 3 0x80007ed6 (0x340074f3) x9  0x00000011
core   0: 0x80007eda (0x02471363) bne     a4, tp, pc + 38
core   0: 3 0x80007eda (0x02471363)
core   0: 0x80007f00 (0x01f9f0b3) and     ra, s3, t6
core   0: 3 0x80007f00 (0x01f9f0b3) x1  0x00000000
core   0: 0x80007f04 (0x00511963) bne     sp, t0, pc + 18
core   0: 3 0x80007f04 (0x00511963)
core   0: 0x80007f16 (0x0245c4b3) div     s1, a1, tp
core   0: 3 0x80007f16 (0x0245c4b3) x9  0x000002c2
core   0: 0x80007f1a (0x02b38f33) mul     t5, t2, a1
core   0: 3 0x80007f1a (0x02b38f33) x30 0x00000000
core   0: 0x80007f1e (0x03ac39b3) mulhu   s3, s8, s10
core   0: 3 0x80007f1e (0x03ac39b3) x19 0x00000001
core   0: 0x80007f22 (0x02515233) divu    tp, sp, t0
core   0: 3 0x80007f22 (0x02515233) x4  0x0000003f
core   0: 0x80007f26 (0x0000959e) c.add   a1, t2
core   0: 3 0x80007f26 (0x959e) x11 0x000002c2
core   0: 0x80007f28 (0x415dd013) srai    zero, s11, 21
core   0: 3 0x80007f28 (0x415dd013)
core   0: 0x80007f2c (0x01a6a833) slt     a6, a3, s10
core   0: 3 0x80007f2c (0x01a6a833) x16 0x00000001
core   0: 0x80007f30 (0x0000100f) fence.i
core   0: 3 0x80007f30 (0x0000100f)
core   0: 0x80007f34 (0x0000e709) c.bnez  a4, pc + 10
core   0: 3 0x80007f34 (0xe709)
core   0: 0x80007f3e (0x00736463) bltu    t1, t2, pc + 8
core   0: 3 0x80007f3e (0x00736463)
core   0: 0x80007f42 (0xada96913) ori     s2, s2, -1318
core   0: 3 0x80007f42 (0xada96913) x18 0xfffffada
core   0: 0x80007f46 (0x00006d35) c.lui   s10, 0xd
core   0: 3 0x80007f46 (0x6d35) x26 0x0000d000
core   0: 0x80007f48 (0x022f7533) remu    a0, t5, sp
core   0: 3 0x80007f48 (0x022f7533) x10 0x00000000
core   0: 0x80007f4c (0x340457f3) csrrwi  a5, mscratch, 8
core   0: 3 0x80007f4c (0x340457f3) x15 0x00000011 c832_mscratch 0x00000008
core   0: 0x80007f50 (0x3455b193) sltiu   gp, a1, 837
core   0: 3 0x80007f50 (0x3455b193) x3  0x00000001
core   0: 0x80007f54 (0x00008629) c.srai  a2, 10
core   0: 3 0x80007f54 (0x8629) x12 0x00000000
core   0: 0x80007f56 (0x00741a13) slli    s4, s0, 7
core   0: 3 0x80007f56 (0x00741a13) x20 0x00000000
core   0: 0x80007f5a (0x40830633) sub     a2, t1, s0
core   0: 3 0x80007f5a (0x40830633) x12 0xfffffab7
core   0: 0x80007f5e (0x02294d63) blt     s2, sp, pc + 58
core   0: 3 0x80007f5e (0x02294d63)
core   0: 0x80007f62 (0x0000ed99) c.bnez  a1, pc + 30
core   0: 3 0x80007f62 (0xed99)
core   0: 0x80007f80 (0x025cb1b3) mulhu   gp, s9, t0
core   0: 3 0x80007f80 (0x025cb1b3) x3  0x00000002
core   0: 0x80007f84 (0x340021f3) csrr    gp, mscratch
core   0: 3 0x80007f84 (0x340021f3) x3  0x00000008
core   0: 0x80007f88 (0x3b2703b7) lui     t2, 0x3b270
core   0: 3 0x80007f88 (0x3b2703b7) x7  0x3b270000
core   0: 0x80007f8c (0x00008cd5) c.or    s1, a3
core   0: 3 0x80007f8c (0x8cd5) x9  0x80029fe6
core   0: 0x80007f8e (0x00008f05) c.sub   a4, s1
core   0: 3 0x80007f8e (0x8f05) x14 0x7ffd6025
core   0: 0x80007f90 (0x00000001) c.nop
core   0: 3 0x80007f90 (0x0001)
core   0: 0x80007f92 (0x00008279) c.srli  a2, 30
core   0: 3 0x80007f92 (0x8279) x12 0x00000003
core   0: 0x80007f94 (0x00e12f33) slt     t5, sp, a4
core   0: 3 0x80007f94 (0x00e12f33) x30 0x00000001
core   0: 0x80007f98 (0x023d02b3) mul     t0, s10, gp
core   0: 3 0x80007f98 (0x023d02b3) x5  0x00068000
core   0: 0x80007f9c (0x00008f65) c.and   a4, s1
core   0: 3 0x80007f9c (0x8f65) x14 0x00000024
core   0: 0x80007f9e (0x34073cf3) csrrc   s9, mscratch, a4
core   0: 3 0x80007f9e (0x34073cf3) x25 0x00000008 c832_mscratch 0x00000008
core   0: 0x80007fa2 (0x965c8f97) auipc   t6, 0x965c8
core   0: 3 0x80007fa2 (0x965c8f97) x31 0x165cffa2
core   0: 0x80007fa6 (0x34032573) csrrs   a0, mscratch, t1
core   0: 3 0x80007fa6 (0x34032573) x10 0x00000008 c832_mscratch 0xfffffabf
core   0: 0x80007faa (0x01b21613) slli    a2, tp, 27
core   0: 3 0x80007faa (0x01b21613) x12 0xf8000000
core   0: 0x80007fae (0x3407d8f3) csrrwi  a7, mscratch, 15
core   0: 3 0x80007fae (0x3407d8f3) x17 0xfffffabf c832_mscratch 0x0000000f
core   0: 0x80007fb2 (0x03790433) mul     s0, s2, s7
core   0: 3 0x80007fb2 (0x03790433) x8  0x00000000
core   0: 0x80007fb6 (0x40275993) srai    s3, a4, 2
core   0: 3 0x80007fb6 (0x40275993) x19 0x00000009
core   0: 0x80007fba (0x00004511) c.li    a0, 4
core   0: 3 0x80007fba (0x4511) x10 0x00000004
core   0: 0x80007fbc (0x02068333) mul     t1, a3, zero
core   0: 3 0x80007fbc (0x02068333) x6  0x00000000
core   0: 0x80007fc0 (0x0000eb99) c.bnez  a5, pc + 22
core   0: 3 0x80007fc0 (0xeb99)
core   0: 0x80007fd6 (0x03400663) beq     zero, s4, pc + 44
core   0: 3 0x80007fd6 (0x03400663)
core   0: 0x80008002 (0x006ce533) or      a0, s9, t1
core   0: 3 0x80008002 (0x006ce533) x10 0x00000008
core   0: 0x80008006 (0x000068bd) c.lui   a7, 0xf
core   0: 3 0x80008006 (0x68bd) x17 0x0000f000
core   0: 0x80008008 (0x031a5bb3) divu    s7, s4, a7
core   0: 3 0x80008008 (0x031a5bb3) x23 0x00000000
core   0: 0x8000800c (0x0000c20d) c.beqz  a2, pc + 34
core   0: 3 0x8000800c (0xc20d)
core   0: 0x8000800e (0x26c46293) ori     t0, s0, 620
core   0: 3 0x8000800e (0x26c46293) x5  0x0000026c
core   0: 0x80008012 (0x00aeed63) bltu    t4, a0, pc + 26
core   0: 3 0x80008012 (0x00aeed63)
core   0: 0x8000802c (0x00000001) c.nop
core   0: 3 0x8000802c (0x0001)
core   0: 0x8000802e (0x000098fd) c.andi  s1, -1
core   0: 3 0x8000802e (0x98fd) x9  0x80029fe6
core   0: 0x80008030 (0x00008065) c.srli  s0, 25
core   0: 3 0x80008030 (0x8065) x8  0x00000000
core   0: 0x80008032 (0x00008559) c.srai  a0, 22
core   0: 3 0x80008032 (0x8559) x10 0x00000000
core   0: 0x80008034 (0x00b07eb3) and     t4, zero, a1
core   0: 3 0x80008034 (0x00b07eb3) x29 0x00000000
core   0: 0x80008038 (0x03919b63) bne     gp, s9, pc + 54
core   0: 3 0x80008038 (0x03919b63)
core   0: 0x8000803c (0xe4b08193) addi    gp, ra, -437
core   0: 3 0x8000803c (0xe4b08193) x3  0xfffffe4b
core   0: 0x80008040 (0x00006599) c.lui   a1, 0x6
core   0: 3 0x80008040 (0x6599) x11 0x00006000
core   0: 0x80008042 (0x00006c11) c.lui   s8, 0x4
core   0: 3 0x80008042 (0x6c11) x24 0x00004000
core   0: 0x80008044 (0x34081af3) csrrw   s5, mscratch, a6
core   0: 3 0x80008044 (0x34081af3) x21 0x0000000f c832_mscratch 0x00000001
core   0: 0x80008048 (0x04edd263) bge     s11, a4, pc + 68
core   0: 3 0x80008048 (0x04edd263)
core   0: 0x8000804c (0x01dd1713) slli    a4, s10, 29
core   0: 3 0x8000804c (0x01dd1713) x14 0x00000000
core   0: 0x80008050 (0x34007bf3) csrrci  s7, mscratch, 0
core   0: 3 0x80008050 (0x34007bf3) x23 0x00000001
core   0: 0x80008054 (0x34006f73) csrrsi  t5, mscratch, 0
core   0: 3 0x80008054 (0x34006f73) x30 0x00000001
core   0: 0x80008058 (0x025f33b3) mulhu   t2, t5, t0
core   0: 3 0x80008058 (0x025f33b3) x7  0x00000000
core   0: 0x8000805c (0x00008b15) c.andi  a4, 5
core   0: 3 0x8000805c (0x8b15) x14 0x00000000
core   0: 0x8000805e (0xde5cc093) xori    ra, s9, -539
core   0: 3 0x8000805e (0xde5cc093) x1  0xfffffded
core   0: 0x80008062 (0x056df063) bgeu    s11, s6, pc + 64
core   0: 3 0x80008062 (0x056df063)
core   0: 0x800080a2 (0x00008dcd) c.or    a1, a1
core   0: 3 0x800080a2 (0x8dcd) x11 0x00006000
core   0: 0x800080a4 (0x02d453b3) divu    t2, s0, a3
core   0: 3 0x800080a4 (0x02d453b3) x7  0x00000000
core   0: 0x800080a8 (0x00000001) c.nop
core   0: 3 0x800080a8 (0x0001)
core   0: 0x800080aa (0x3408bb73) csrrc   s6, mscratch, a7
core   0: 3 0x800080aa (0x3408bb73) x22 0x00000001 c832_mscratch 0x00000001
core   0: 0x800080ae (0x037b73b3) remu    t2, s6, s7
core   0: 3 0x800080ae (0x037b73b3) x7  0x00000000
core   0: 0x800080b2 (0x0000127d) c.addi  tp, -1
core   0: 3 0x800080b2 (0x127d) x4  0x0000003e
core   0: 0x800080b4 (0x013f4933) xor     s2, t5, s3
core   0: 3 0x800080b4 (0x013f4933) x18 0x00000008
core   0: 0x800080b8 (0x0000995a) c.add   s2, s6
core   0: 3 0x800080b8 (0x995a) x18 0x00000009
core   0: 0x800080ba (0x40fadc93) srai    s9, s5, 15
core   0: 3 0x800080ba (0x40fadc93) x25 0x00000000
core   0: 0x800080be (0x0000076a) c.slli  a4, 26
core   0: 3 0x800080be (0x076a) x14 0x00000000
core   0: 0x800080c0 (0x00008526) c.mv    a0, s1
core   0: 3 0x800080c0 (0x8526) x10 0x80029fe6
core   0: 0x800080c2 (0x41e5d1b3) sra     gp, a1, t5
core   0: 3 0x800080c2 (0x41e5d1b3) x3  0x00003000
core   0: 0x800080c6 (0x00008c6d) c.and   s0, a1
core   0: 3 0x800080c6 (0x8c6d) x8  0x00000000
core   0: 0x800080c8 (0x00005f7d) c.li    t5, -1
core   0: 3 0x800080c8 (0x5f7d) x30 0xffffffff
core   0: 0x800080ca (0x020b98b3) mulh    a7, s7, zero
core   0: 3 0x800080ca (0x020b98b3) x17 0x00000000
core   0: 0x800080ce (0x9860c797) auipc   a5, 0x9860c
core   0: 3 0x800080ce (0x9860c797) x15 0x186140ce
core   0: 0x800080d2 (0x00008ddd) c.or    a1, a5
core   0: 3 0x800080d2 (0x8ddd) x11 0x186160ce
core   0: 0x800080d4 (0x0355f4b3) remu    s1, a1, s5
core   0: 3 0x800080d4 (0x0355f4b3) x9  0x00000003
core   0: 0x800080d8 (0x8dfe4913) xori    s2, t3, -1825
core   0: 3 0x800080d8 (0x8dfe4913) x18 0x7ffda67b
core   0: 0x800080dc (0x66eca893) slti    a7, s9, 1646
core   0: 3 0x800080dc (0x66eca893) x17 0x00000001
core   0: 0x800080e0 (0x000088d9) c.andi  s1, 22
core   0: 3 0x800080e0 (0x88d9) x9  0x00000002
core   0: 0x800080e2 (0x015fabb3) slt     s7, t6, s5
core   0: 3 0x800080e2 (0x015fabb3) x23 0x00000000
core   0: 0x800080e6 (0x00008a4d) c.andi  a2, 19
core   0: 3 0x800080e6 (0x8a4d) x12 0x00000000
core   0: 0x800080e8 (0x510d5597) auipc   a1, 0x510d5
core   0: 3 0x800080e8 (0x510d5597) x11 0xd10dd0e8
core   0: 0x800080ec (0x01bb7c33) and     s8, s6, s11
core   0: 3 0x800080ec (0x01bb7c33) x24 0x00000000
core   0: 0x800080f0 (0x01645d13) srli    s10, s0, 22
core   0: 3 0x800080f0 (0x01645d13) x26 0x00000000
core   0: 0x800080f4 (0x00008461) c.srai  s0, 24
core   0: 3 0x800080f4 (0x8461) x8  0x00000000
core   0: 0x800080f6 (0x166a0413) addi    s0, s4, 358
core   0: 3 0x800080f6 (0x166a0413) x8  0x00000166
core   0: 0x800080fa (0x02426c63) bltu    tp, tp, pc + 56
core   0: 3 0x800080fa (0x02426c63)
core   0: 0x800080fe (0x41c30233) sub     tp, t1, t3
core   0: 3 0x800080fe (0x41c30233) x4  0x7ffda15c
core   0: 0x80008102 (0x01326cb3) or      s9, tp, s3
core   0: 3 0x80008102 (0x01326cb3) x25 0x7ffda15d
core   0: 0x80008106 (0x0d064f13) xori    t5, a2, 208
core   0: 3 0x80008106 (0x0d064f13) x30 0x000000d0
core   0: 0x8000810a (0x02af45b3) div     a1, t5, a0
core   0: 3 0x8000810a (0x02af45b3) x11 0x00000000
core   0: 0x8000810e (0x0000816d) c.srli  a0, 27
core   0: 3 0x8000810e (0x816d) x10 0x00000010
core   0: 0x80008110 (0x00008f21) c.xor   a4, s0
core   0: 3 0x80008110 (0x8f21) x14 0x00000166
core   0: 0x80008112 (0x033eeb63) bltu    t4, s3, pc + 54
core   0: 3 0x80008112 (0x033eeb63)
core   0: 0x80008148 (0x00009826) c.add   a6, s1
core   0: 3 0x80008148 (0x9826) x16 0x00000003
core   0: 0x8000814a (0x03a99c63) bne     s3, s10, pc + 56
core   0: 3 0x8000814a (0x03a99c63)
core   0: 0x80008182 (0x0000f633) and     a2, ra, zero
core   0: 3 0x80008182 (0x0000f633) x12 0x00000000
core   0: 0x80008186 (0x34002573) csrr    a0, mscratch
core   0: 3 0x80008186 (0x34002573) x10 0x00000001
core   0: 0x8000818a (0xc4330713) addi    a4, t1, -957
core   0: 3 0x8000818a (0xc4330713) x14 0xfffffc43
core   0: 0x8000818e (0x00006bdd) c.lui   s7, 0x17
core   0: 3 0x8000818e (0x6bdd) x23 0x00017000
core   0: 0x80008190 (0x025e5033) divu    zero, t3, t0
core   0: 3 0x80008190 (0x025e5033)
core   0: 0x80008194 (0x340e3973) csrrc   s2, mscratch, t3
core   0: 3 0x80008194 (0x340e3973) x18 0x00000001 c832_mscratch 0x00000001
core   0: 0x80008198 (0x00008d11) c.sub   a0, a2
core   0: 3 0x80008198 (0x8d11) x10 0x00000001
core   0: 0x8000819a (0x00000dee) c.slli  s11, 27
core   0: 3 0x8000819a (0x0dee) x27 0x00000000
core   0: 0x8000819c (0x34007373) csrrci  t1, mscratch, 0
core   0: 3 0x8000819c (0x34007373) x6  0x00000001
core   0: 0x800081a0 (0x02750d33) mul     s10, a0, t2
core   0: 3 0x800081a0 (0x02750d33) x26 0x00000000
core   0: 0x800081a4 (0x15994993) xori    s3, s2, 345
core   0: 3 0x800081a4 (0x15994993) x19 0x00000158
core   0: 0x800081a8 (0x029f5433) divu    s0, t5, s1
core   0: 3 0x800081a8 (0x029f5433) x8  0x00000068
core   0: 0x800081ac (0x0ff0000f) fence   iorw,iorw
core   0: 3 0x800081ac (0x0ff0000f)
core   0: 0x800081b0 (0x0000100f) fence.i
core   0: 3 0x800081b0 (0x0000100f)
core   0: 0x800081b4 (0x000011fd) c.addi  gp, -1
core   0: 3 0x800081b4 (0x11fd) x3  0x00002fff
core   0: 0x800081b6 (0xd27eb393) sltiu   t2, t4, -729
core   0: 3 0x800081b6 (0xd27eb393) x7  0x00000001
core   0: 0x800081ba (0x3613e193) ori     gp, t2, 865
core   0: 3 0x800081ba (0x3613e193) x3  0x00000361
core   0: 0x800081be (0x00000a39) c.addi  s4, 14
core   0: 3 0x800081be (0x0a39) x20 0x0000000e
core   0: 0x800081c0 (0x00008db5) c.xor   a1, a3
core   0: 3 0x800081c0 (0x8db5) x11 0x80029d24
core   0: 0x800081c2 (0x34007473) csrrci  s0, mscratch, 0
core   0: 3 0x800081c2 (0x34007473) x8  0x00000001
core   0: 0x800081c6 (0x77cdef93) ori     t6, s11, 1916
core   0: 3 0x800081c6 (0x77cdef93) x31 0x0000077c
core   0: 0x800081ca (0x00008ca6) c.mv    s9, s1
core   0: 3 0x800081ca (0x8ca6) x25 0x00000002
core   0: 0x800081cc (0x02768eb3) mul     t4, a3, t2
core   0: 3 0x800081cc (0x02768eb3) x29 0x80029d24
core   0: 0x800081d0 (0x340e27f3) csrrs   a5, mscratch, t3
core   0: 3 0x800081d0 (0x340e27f3) x15 0x00000001 c832_mscratch 0x80025ea5
core   0: 0x800081d4 (0x0000597d) c.li    s2, -1
core   0: 3 0x800081d4 (0x597d) x18 0xffffffff
core   0: 0x800081d6 (0x01fc28b3) slt     a7, s8, t6
core   0: 3 0x800081d6 (0x01fc28b3) x17 0x00000001
core   0: 0x800081da (0x34006073) csrsi   mscratch, 0
core   0: 3 0x800081da (0x34006073)
core   0: 0x800081de (0x0ff0000f) fence   iorw,iorw
core   0: 3 0x800081de (0x0ff0000f)
core   0: 0x800081e2 (0x01229eb3) sll     t4, t0, s2
core   0: 3 0x800081e2 (0x01229eb3) x29 0x00000000
core   0: 0x800081e6 (0x1ceea293) slti    t0, t4, 462
core   0: 3 0x800081e6 (0x1ceea293) x5  0x00000001
core   0: 0x800081ea (0x00008679) c.srai  a2, 30
core   0: 3 0x800081ea (0x8679) x12 0x00000000
core   0: 0x800081ec (0x02551263) bne     a0, t0, pc + 36
core   0: 3 0x800081ec (0x02551263)
core   0: 0x800081f0 (0x05b24163) blt     tp, s11, pc + 66
core   0: 3 0x800081f0 (0x05b24163)
core   0: 0x800081f4 (0x02188633) mul     a2, a7, ra
core   0: 3 0x800081f4 (0x02188633) x12 0xfffffded
core   0: 0x800081f8 (0x3406b7f3) csrrc   a5, mscratch, a3
core   0: 3 0x800081f8 (0x3406b7f3) x15 0x80025ea5 c832_mscratch 0x00004281
core   0: 0x800081fc (0x000098fd) c.andi  s1, -1
core   0: 3 0x800081fc (0x98fd) x9  0x00000002
core   0: 0x800081fe (0x02cde063) bltu    s11, a2, pc + 32
core   0: 3 0x800081fe (0x02cde063)
core   0: 0x8000821e (0x03fbadb3) mulhsu  s11, s7, t6
core   0: 3 0x8000821e (0x03fbadb3) x27 0x00000000
core   0: 0x80008222 (0x009a7ab3) and     s5, s4, s1
core   0: 3 0x80008222 (0x009a7ab3) x21 0x00000002
core   0: 0x80008226 (0x586ef097) auipc   ra, 0x586ef
core   0: 3 0x80008226 (0x586ef097) x1  0xd86f7226
core   0: 0x8000822a (0x340652f3) csrrwi  t0, mscratch, 12
core   0: 3 0x8000822a (0x340652f3) x5  0x00004281 c832_mscratch 0x0000000c
core   0: 0x8000822e (0x01f324b3) slt     s1, t1, t6
core   0: 3 0x8000822e (0x01f324b3) x9  0x00000001
core   0: 0x80008232 (0x00000001) c.nop
core   0: 3 0x80008232 (0x0001)
core   0: 0x80008234 (0x005579b3) and     s3, a0, t0
core   0: 3 0x80008234 (0x005579b3) x19 0x00000001
core   0: 0x80008238 (0x402751b3) sra     gp, a4, sp
core   0: 3 0x80008238 (0x402751b3) x3  0xffffffff
core   0: 0x8000823c (0x0000ce19) c.beqz  a2, pc + 30
core   0: 3 0x8000823c (0xce19)
core   0: 0x8000823e (0x01272433) slt     s0, a4, s2
core   0: 3 0x8000823e (0x01272433) x8  0x00000001
core   0: 0x80008242 (0x340eaf73) csrrs   t5, mscratch, t4
core   0: 3 0x80008242 (0x340eaf73) x30 0x0000000c c832_mscratch 0x0000000c
core   0: 0x80008246 (0x4010dbb3) sra     s7, ra, ra
core   0: 3 0x80008246 (0x4010dbb3) x23 0xff61bdc8
core   0: 0x8000824a (0x02762cb3) mulhsu  s9, a2, t2
core   0: 3 0x8000824a (0x02762cb3) x25 0xffffffff
core   0: 0x8000824e (0x00008f55) c.or    a4, a3
core   0: 3 0x8000824e (0x8f55) x14 0xfffffd67
core   0: 0x80008250 (0x00008d41) c.or    a0, s0
core   0: 3 0x80008250 (0x8d41) x10 0x00000001
core   0: 0x80008252 (0x01aac1b3) xor     gp, s5, s10
core   0: 3 0x80008252 (0x01aac1b3) x3  0x00000002
core   0: 0x80008256 (0x40fa5a93) srai    s5, s4, 15
core   0: 3 0x80008256 (0x40fa5a93) x21 0x00000000
core   0: 0x8000825a (0x004e5e93) srli    t4, t3, 4
core   0: 3 0x8000825a (0x004e5e93) x29 0x080025ea
core   0: 0x8000825e (0x026cfb33) remu    s6, s9, t1
core   0: 3 0x8000825e (0x026cfb33) x22 0x00000000
core   0: 0x80008262 (0x01011863) bne     sp, a6, pc + 16
core   0: 3 0x80008262 (0x01011863)
core   0: 0x80008272 (0x00f2f563) bgeu    t0, a5, pc + 10
core   0: 3 0x80008272 (0x00f2f563)
core   0: 0x80008276 (0x00000001) c.nop
core   0: 3 0x80008276 (0x0001)
core   0: 0x80008278 (0x00008311) c.srli  a4, 4
core   0: 3 0x80008278 (0x8311) x14 0x0fffffd6
core   0: 0x8000827a (0x000047c5) c.li    a5, 17
core   0: 3 0x8000827a (0x47c5) x15 0x00000011
core   0: 0x8000827c (0x00249363) bne     s1, sp, pc + 6
core   0: 3 0x8000827c (0x00249363)
core   0: 0x80008282 (0x3409b5f3) csrrc   a1, mscratch, s3
core   0: 3 0x80008282 (0x3409b5f3) x11 0x0000000c c832_mscratch 0x0000000c
core   0: 0x80008286 (0x017622b3) slt     t0, a2, s7
core   0: 3 0x80008286 (0x017622b3) x5  0x00000000
core   0: 0x8000828a (0x022244b3) div     s1, tp, sp
core   0: 3 0x8000828a (0x022244b3) x9  0xffffffdd
core   0: 0x8000828e (0x0208e663) bltu    a7, zero, pc + 44
core   0: 3 0x8000828e (0x0208e663)
core   0: 0x80008292 (0x01dc1e63) bne     s8, t4, pc + 28
core   0: 3 0x80008292 (0x01dc1e63)
core   0: 0x800082ae (0x01059a93) slli    s5, a1, 16
core   0: 3 0x800082ae (0x01059a93) x21 0x000c0000
core   0: 0x800082b2 (0x0cbf8363) beq     t6, a1, pc + 198
core   0: 3 0x800082b2 (0x0cbf8363)
core   0: 0x800082b6 (0x0a571563) bne     a4, t0, pc + 170
core   0: 3 0x800082b6 (0x0a571563)
core   0: 0x80008360 (0x00006435) c.lui   s0, 0xd
core   0: 3 0x80008360 (0x6435) x8  0x0000d000
core   0: 0x80008362 (0x4164db93) srai    s7, s1, 22
core   0: 3 0x80008362 (0x4164db93) x23 0xffffffff
core   0: 0x80008366 (0x01adb3b3) sltu    t2, s11, s10
core   0: 3 0x80008366 (0x01adb3b3) x7  0x00000000
core   0: 0x8000836a (0x34002a73) csrr    s4, mscratch
core   0: 3 0x8000836a (0x34002a73) x20 0x0000000c
core   0: 0x8000836e (0xadbf6a13) ori     s4, t5, -1317
core   0: 3 0x8000836e (0xadbf6a13) x20 0xfffffadf
core   0: 0x80008372 (0xc0766a93) ori     s5, a2, -1017
core   0: 3 0x80008372 (0xc0766a93) x21 0xfffffdef
core   0: 0x80008376 (0x00001a7d) c.addi  s4, -1
core   0: 3 0x80008376 (0x1a7d) x20 0xfffffade
core   0: 0x80008378 (0x013891b3) sll     gp, a7, s3
core   0: 3 0x80008378 (0x013891b3) x3  0x00000002
core   0: 0x8000837c (0x055d1463) bne     s10, s5, pc + 72
core   0: 3 0x8000837c (0x055d1463)
core   0: 0x800083c4 (0x00005ffd) c.li    t6, -1
core   0: 3 0x800083c4 (0x5ffd) x31 0xffffffff
core   0: 0x800083c6 (0x03509eb3) mulh    t4, ra, s5
core   0: 3 0x800083c6 (0x03509eb3) x29 0x00000051
core   0: 0x800083ca (0x031f4a63) blt     t5, a7, pc + 52
core   0: 3 0x800083ca (0x031f4a63)
core   0: 0x800083ce (0x006a27b3) slt     a5, s4, t1
core   0: 3 0x800083ce (0x006a27b3) x15 0x00000001
core   0: 0x800083d2 (0x0000157d) c.addi  a0, -1
core   0: 3 0x800083d2 (0x157d) x10 0x00000000
core   0: 0x800083d4 (0x03d1f363) bgeu    gp, t4, pc + 38
core   0: 3 0x800083d4 (0x03d1f363)
core   0: 0x800083d8 (0x00000001) c.nop
core   0: 3 0x800083d8 (0x0001)
core   0: 0x800083da (0x037589b3) mul     s3, a1, s7
core   0: 3 0x800083da (0x037589b3) x19 0xfffffff4
core   0: 0x800083de (0x000087b1) c.srai  a5, 12
core   0: 3 0x800083de (0x87b1) x15 0x00000000
core   0: 0x800083e0 (0x00009a7d) c.andi  a2, -1
core   0: 3 0x800083e0 (0x9a7d) x12 0xfffffded
core   0: 0x800083e2 (0x00008965) c.andi  a0, 25
core   0: 3 0x800083e2 (0x8965) x10 0x00000000
core   0: 0x800083e4 (0x340baa73) csrrs   s4, mscratch, s7
core   0: 3 0x800083e4 (0x340baa73) x20 0x0000000c c832_mscratch 0xffffffff
core   0: 0x800083e8 (0x0107f633) and     a2, a5, a6
core   0: 3 0x800083e8 (0x0107f633) x12 0x00000000
core   0: 0x800083ec (0x34041473) csrrw   s0, mscratch, s0
core   0: 3 0x800083ec (0x34041473) x8  0xffffffff c832_mscratch 0x0000d000
core   0: 0x800083f0 (0xc9aa2593) slti    a1, s4, -870
core   0: 3 0x800083f0 (0xc9aa2593) x11 0x00000000
core   0: 0x800083f4 (0x0000920a) c.add   tp, sp
core   0: 3 0x800083f4 (0x920a) x4  0x7c6394b4
core   0: 0x800083f6 (0xcdbc0093) addi    ra, s8, -805
core   0: 3 0x800083f6 (0xcdbc0093) x1  0xfffffcdb
core   0: 0x800083fa (0x00000001) c.nop
core   0: 3 0x800083fa (0x0001)
core   0: 0x800083fc (0x00009a1e) c.add   s4, t2
core   0: 3 0x800083fc (0x9a1e) x20 0x0000000c
core   0: 0x800083fe (0x01191463) bne     s2, a7, pc + 8
core   0: 3 0x800083fe (0x01191463)
core   0: 0x80008406 (0x40c2da33) sra     s4, t0, a2
core   0: 3 0x80008406 (0x40c2da33) x20 0x00000000
core   0: 0x8000840a (0x03afca63) blt     t6, s10, pc + 52
core   0: 3 0x8000840a (0x03afca63)
core   0: 0x8000843e (0x03cb59b3) divu    s3, s6, t3
core   0: 3 0x8000843e (0x03cb59b3) x19 0x00000000
core   0: 0x80008442 (0x01e86733) or      a4, a6, t5
core   0: 3 0x80008442 (0x01e86733) x14 0x0000000f
core   0: 0x80008446 (0x03005f33) divu    t5, zero, a6
core   0: 3 0x80008446 (0x03005f33) x30 0x00000000
core   0: 0x8000844a (0x01634463) blt     t1, s6, pc + 8
core   0: 3 0x8000844a (0x01634463)
core   0: 0x8000844e (0x418f89b3) sub     s3, t6, s8
core   0: 3 0x8000844e (0x418f89b3) x19 0xffffffff
core   0: 0x80008452 (0x0000802d) c.srli  s0, 11
core   0: 3 0x80008452 (0x802d) x8  0x001fffff
core   0: 0x80008454 (0x011d9a13) slli    s4, s11, 17
core   0: 3 0x80008454 (0x011d9a13) x20 0x00000000
core   0: 0x80008458 (0x03d90033) mul     zero, s2, t4
core   0: 3 0x80008458 (0x03d90033)
core   0: 0x8000845c (0x021cc3b3) div     t2, s9, ra
core   0: 3 0x8000845c (0x021cc3b3) x7  0x00000000
core   0: 0x80008460 (0x0000cf09) c.beqz  a4, pc + 26
core   0: 3 0x80008460 (0xcf09)
core   0: 0x80008462 (0x05125263) bge     tp, a7, pc + 68
core   0: 3 0x80008462 (0x05125263)
core   0: 0x800084a6 (0x03cfcc63) blt     t6, t3, pc + 56
core   0: 3 0x800084a6 (0x03cfcc63)
core   0: 0x800084aa (0x41460333) sub     t1, a2, s4
core   0: 3 0x800084aa (0x41460333) x6  0x00000000
core   0: 0x800084ae (0x00008cf1) c.and   s1, a2
core   0: 3 0x800084ae (0x8cf1) x9  0x00000000
core   0: 0x800084b0 (0x002d4463) blt     s10, sp, pc + 8
core   0: 3 0x800084b0 (0x002d4463)
core   0: 0x800084b4 (0x00009dfe) c.add   s11, t6
core   0: 3 0x800084b4 (0x9dfe) x27 0xffffffff
core   0: 0x800084b6 (0x000050fd) c.li    ra, -1
core   0: 3 0x800084b6 (0x50fd) x1  0xffffffff
core   0: 0x800084b8 (0x00cecdb3) xor     s11, t4, a2
core   0: 3 0x800084b8 (0x00cecdb3) x27 0x00000051
core   0: 0x800084bc (0x031c7733) remu    a4, s8, a7
core   0: 3 0x800084bc (0x031c7733) x14 0x00000000
core   0: 0x800084c0 (0x016bffb3) and     t6, s7, s6
core   0: 3 0x800084c0 (0x016bffb3) x31 0x00000000
core   0: 0x800084c4 (0x004f48b3) xor     a7, t5, tp
core   0: 3 0x800084c4 (0x004f48b3) x17 0x7c6394b4
core   0: 0x800084c8 (0x0787f913) andi    s2, a5, 120
core   0: 3 0x800084c8 (0x0787f913) x18 0x00000000
core   0: 0x800084cc (0x00008389) c.srli  a5, 2
core   0: 3 0x800084cc (0x8389) x15 0x00000000
core   0: 0x800084ce (0x00711613) slli    a2, sp, 7
core   0: 3 0x800084ce (0x00711613) x12 0x32f9ac00
core   0: 0x800084d2 (0x002998b3) sll     a7, s3, sp
core   0: 3 0x800084d2 (0x002998b3) x17 0xff000000
core   0: 0x800084d6 (0x033a5e63) bge     s4, s3, pc + 60
core   0: 3 0x800084d6 (0x033a5e63)
core   0: 0x80008512 (0x0000c485) c.beqz  s1, pc + 40
core   0: 3 0x80008512 (0xc485)
core   0: 0x8000853a (0xc685fa93) andi    s5, a1, -920
core   0: 3 0x8000853a (0xc685fa93) x21 0x00000000
core   0: 0x8000853e (0x00000001) c.nop
core   0: 3 0x8000853e (0x0001)
core   0: 0x80008540 (0x0039ff33) and     t5, s3, gp
core   0: 3 0x80008540 (0x0039ff33) x30 0x00000002
core   0: 0x80008544 (0x01ac0a33) add     s4, s8, s10
core   0: 3 0x80008544 (0x01ac0a33) x20 0x00000000
core   0: 0x80008548 (0x02834db3) div     s11, t1, s0
core   0: 3 0x80008548 (0x02834db3) x27 0x00000000
core   0: 0x8000854c (0x0000587d) c.li    a6, -1
core   0: 3 0x8000854c (0x587d) x16 0xffffffff
core   0: 0x8000854e (0x00008cf1) c.and   s1, a2
core   0: 3 0x8000854e (0x8cf1) x9  0x00000000
core   0: 0x80008550 (0x40aa89b3) sub     s3, s5, a0
core   0: 3 0x80008550 (0x40aa89b3) x19 0x00000000
core   0: 0x80008554 (0x4c370793) addi    a5, a4, 1219
core   0: 3 0x80008554 (0x4c370793) x15 0x000004c3
core   0: 0x80008558 (0x3403b8f3) csrrc   a7, mscratch, t2
core   0: 3 0x80008558 (0x3403b8f3) x17 0x0000d000 c832_mscratch 0x0000d000
core   0: 0x8000855c (0x00b344b3) xor     s1, t1, a1
core   0: 3 0x8000855c (0x00b344b3) x9  0x00000000
core   0: 0x80008560 (0x53310f93) addi    t6, sp, 1331
core   0: 3 0x80008560 (0x53310f93) x31 0xfc65f88b
core   0: 0x80008564 (0x00000001) c.nop
core   0: 3 0x80008564 (0x0001)
core   0: 0x80008566 (0x0120f633) and     a2, ra, s2
core   0: 3 0x80008566 (0x0120f633) x12 0x00000000
core   0: 0x8000856a (0x3a82b493) sltiu   s1, t0, 936
core   0: 3 0x8000856a (0x3a82b493) x9  0x00000001
core   0: 0x8000856e (0x01c6cf33) xor     t5, a3, t3
core   0: 3 0x8000856e (0x01c6cf33) x30 0x0000c380
core   0: 0x80008572 (0x03609433) mulh    s0, ra, s6
core   0: 3 0x80008572 (0x03609433) x8  0x00000000
core   0: 0x80008576 (0x01061fb3) sll     t6, a2, a6
core   0: 3 0x80008576 (0x01061fb3) x31 0x00000000
core   0: 0x8000857a (0x00009f7e) c.add   t5, t6
core   0: 3 0x8000857a (0x9f7e) x30 0x0000c380
core   0: 0x8000857c (0x00008d85) c.sub   a1, s1
core   0: 3 0x8000857c (0x8d85) x11 0xffffffff
core   0: 0x8000857e (0x02e1c3b3) div     t2, gp, a4
core   0: 3 0x8000857e (0x02e1c3b3) x7  0xffffffff
core   0: 0x80008582 (0x01c5f933) and     s2, a1, t3
core   0: 3 0x80008582 (0x01c5f933) x18 0x80025ea4
core   0: 0x80008586 (0x34002df3) csrr    s11, mscratch
core   0: 3 0x80008586 (0x34002df3) x27 0x0000d000
core   0: 0x8000858a (0x02e431b3) mulhu   gp, s0, a4
core   0: 3 0x8000858a (0x02e431b3) x3  0x00000000
core   0: 0x8000858e (0x00008e7d) c.and   a2, a5
core   0: 3 0x8000858e (0x8e7d) x12 0x00000000
core   0: 0x80008590 (0x031b1ab3) mulh    s5, s6, a7
core   0: 3 0x80008590 (0x031b1ab3) x21 0x00000000
core   0: 0x80008594 (0x00000001) c.nop
core   0: 3 0x80008594 (0x0001)
core   0: 0x80008596 (0x34041d73) csrrw   s10, mscratch, s0
core   0: 3 0x80008596 (0x34041d73) x26 0x0000d000 c832_mscratch 0x00000000
core   0: 0x8000859a (0x03339363) bne     t2, s3, pc + 38
core   0: 3 0x8000859a (0x03339363)
core   0: 0x800085c0 (0x0000567d) c.li    a2, -1
core   0: 3 0x800085c0 (0x567d) x12 0xffffffff
core   0: 0x800085c2 (0x0359d3b3) divu    t2, s3, s5
core   0: 3 0x800085c2 (0x0359d3b3) x7  0xffffffff
core   0: 0x800085c6 (0x0000077d) c.addi  a4, 31
core   0: 3 0x800085c6 (0x077d) x14 0x0000001f
core   0: 0x800085c8 (0x0000ed85) c.bnez  a1, pc + 56
core   0: 3 0x800085c8 (0xed85)
core   0: 0x80008600 (0x010a4d63) blt     s4, a6, pc + 26
core   0: 3 0x80008600 (0x010a4d63)
core   0: 0x80008604 (0x00009863) bnez    ra, pc + 16
core   0: 3 0x80008604 (0x00009863)
core   0: 0x80008614 (0x018c1563) bne     s8, s8, pc + 10
core   0: 3 0x80008614 (0x018c1563)
core   0: 0x80008618 (0x00008e6d) c.and   a2, a1
core   0: 3 0x80008618 (0x8e6d) x12 0xffffffff
core   0: 0x8000861a (0x002cf363) bgeu    s9, sp, pc + 6
core   0: 3 0x8000861a (0x002cf363)
core   0: 0x80008620 (0x0000e089) c.bnez  s1, pc + 2
core   0: 3 0x80008620 (0xe089)
core   0: 0x80008622 (0x41fb8bb3) sub     s7, s7, t6
core   0: 3 0x80008622 (0x41fb8bb3) x23 0xffffffff
core   0: 0x80008626 (0x0000c481) c.beqz  s1, pc + 8
core   0: 3 0x80008626 (0xc481)
core   0: 0x80008628 (0x036c4bb3) div     s7, s8, s6
core   0: 3 0x80008628 (0x036c4bb3) x23 0xffffffff
core   0: 0x8000862c (0x0000674d) c.lui   a4, 0x13
core   0: 3 0x8000862c (0x674d) x14 0x00013000
core   0: 0x8000862e (0x340663f3) csrrsi  t2, mscratch, 12
core   0: 3 0x8000862e (0x340663f3) x7  0x00000000 c832_mscratch 0x0000000c
core   0: 0x80008632 (0xe6d27093) andi    ra, tp, -403
core   0: 3 0x80008632 (0xe6d27093) x1  0x7c639424
core   0: 0x80008636 (0x00008cfd) c.and   s1, a5
core   0: 3 0x80008636 (0x8cfd) x9  0x00000001
core   0: 0x80008638 (0x01a7d333) srl     t1, a5, s10
core   0: 3 0x80008638 (0x01a7d333) x6  0x000004c3
core   0: 0x8000863c (0x00de11b3) sll     gp, t3, a3
core   0: 3 0x8000863c (0x00de11b3) x3  0x0025ea40
core   0: 0x80008640 (0x000083e5) c.srli  a5, 25
core   0: 3 0x80008640 (0x83e5) x15 0x00000000
core   0: 0x80008642 (0x539fcd97) auipc   s11, 0x539fc
core   0: 3 0x80008642 (0x539fcd97) x27 0xd3a04642
core   0: 0x80008646 (0x34081bf3) csrrw   s7, mscratch, a6
core   0: 3 0x80008646 (0x34081bf3) x23 0x0000000c c832_mscratch 0xffffffff
core   0: 0x8000864a (0x00f25f93) srli    t6, tp, 15
core   0: 3 0x8000864a (0x00f25f93) x31 0x0000f8c7
core   0: 0x8000864e (0x00000001) c.nop
core   0: 3 0x8000864e (0x0001)
core   0: 0x80008650 (0x01274933) xor     s2, a4, s2
core   0: 3 0x80008650 (0x01274933) x18 0x80036ea4
core   0: 0x80008654 (0x40f15293) srai    t0, sp, 15
core   0: 3 0x80008654 (0x40f15293) x5  0xfffff8cb
core   0: 0x80008658 (0x34006a73) csrrsi  s4, mscratch, 0
core   0: 3 0x80008658 (0x34006a73) x20 0xffffffff
core   0: 0x8000865c (0x00008e35) c.xor   a2, a3
core   0: 3 0x8000865c (0x8e35) x12 0x7ffd62db
core   0: 0x8000865e (0x00001b7d) c.addi  s6, -1
core   0: 3 0x8000865e (0x1b7d) x22 0xffffffff
core   0: 0x80008660 (0x00008cf1) c.and   s1, a2
core   0: 3 0x80008660 (0x8cf1) x9  0x00000001
core   0: 0x80008662 (0x000084b9) c.srai  s1, 14
core   0: 3 0x80008662 (0x84b9) x9  0x00000000
core   0: 0x80008664 (0x00008fa9) c.xor   a5, a0
core   0: 3 0x80008664 (0x8fa9) x15 0x00000000
core   0: 0x80008666 (0x3f87df97) auipc   t6, 0x3f87d
core   0: 3 0x80008666 (0x3f87df97) x31 0xbf885666
core   0: 0x8000866a (0x00000001) c.nop
core   0: 3 0x8000866a (0x0001)
core   0: 0x8000866c (0x00008c49) c.or    s0, a0
core   0: 3 0x8000866c (0x8c49) x8  0x00000000
core   0: 0x8000866e (0x00c0eab3) or      s5, ra, a2
core   0: 3 0x8000866e (0x00c0eab3) x21 0x7ffff6ff
core   0: 0x80008672 (0xf2d12a37) lui     s4, 0xf2d12
core   0: 3 0x80008672 (0xf2d12a37) x20 0xf2d12000
core   0: 0x80008676 (0x1e526597) auipc   a1, 0x1e526
core   0: 3 0x80008676 (0x1e526597) x11 0x9e52e676
core   0: 0x8000867a (0x031d1333) mulh    t1, s10, a7
core   0: 3 0x8000867a (0x031d1333) x6  0x00000000
core   0: 0x8000867e (0xbbaaee93) ori     t4, s5, -1094
core   0: 3 0x8000867e (0xbbaaee93) x29 0xffffffff
core   0: 0x80008682 (0x340035f3) csrrc   a1, mscratch, zero
core   0: 3 0x80008682 (0x340035f3) x11 0xffffffff
core   0: 0x80008686 (0x00008e45) c.or    a2, s1
core   0: 3 0x80008686 (0x8e45) x12 0x7ffd62db
core   0: 0x80008688 (0x02630963) beq     t1, t1, pc + 50
core   0: 3 0x80008688 (0x02630963)
core   0: 0x800086ba (0x4072d393) srai    t2, t0, 7
core   0: 3 0x800086ba (0x4072d393) x7  0xfffffff1
core   0: 0x800086be (0x3406dcf3) csrrwi  s9, mscratch, 13
core   0: 3 0x800086be (0x3406dcf3) x25 0xffffffff c832_mscratch 0x0000000d
core   0: 0x800086c2 (0x02c1f633) remu    a2, gp, a2
core   0: 3 0x800086c2 (0x02c1f633) x12 0x0025ea40
core   0: 0x800086c6 (0x000085ba) c.mv    a1, a4
core   0: 3 0x800086c6 (0x85ba) x11 0x00013000
core   0: 0x800086c8 (0x00000001) c.nop
core   0: 3 0x800086c8 (0x0001)
core   0: 0x800086ca (0x40a18a33) sub     s4, gp, a0
core   0: 3 0x800086ca (0x40a18a33) x20 0x0025ea40
core   0: 0x800086ce (0x00008e61) c.and   a2, s0
core   0: 3 0x800086ce (0x8e61) x12 0x00000000
core   0: 0x800086d0 (0x00008746) c.mv    a4, a7
core   0: 3 0x800086d0 (0x8746) x14 0x0000d000
core   0: 0x800086d2 (0x40f555b3) sra     a1, a0, a5
core   0: 3 0x800086d2 (0x40f555b3) x11 0x00000000
core   0: 0x800086d6 (0x00000001) c.nop
core   0: 3 0x800086d6 (0x0001)
core   0: 0x800086d8 (0x02637c63) bgeu    t1, t1, pc + 56
core   0: 3 0x800086d8 (0x02637c63)
core   0: 0x80008710 (0x00b311b3) sll     gp, t1, a1
core   0: 3 0x80008710 (0x00b311b3) x3  0x00000000
core   0: 0x80008714 (0x0000967e) c.add   a2, t6
core   0: 3 0x80008714 (0x967e) x12 0xbf885666
core   0: 0x80008716 (0x0359beb3) mulhu   t4, s3, s5
core   0: 3 0x80008716 (0x0359beb3) x29 0x00000000
core   0: 0x8000871a (0x00000645) c.addi  a2, 17
core   0: 3 0x8000871a (0x0645) x12 0xbf885677
core   0: 0x8000871c (0xa332b593) sltiu   a1, t0, -1485
core   0: 3 0x8000871c (0xa332b593) x11 0x00000001
core   0: 0x80008720 (0x000067b5) c.lui   a5, 0xd
core   0: 3 0x80008720 (0x67b5) x15 0x0000d000
core   0: 0x80008722 (0x00000875) c.addi  a6, 29
core   0: 3 0x80008722 (0x0875) x16 0x0000001c
core   0: 0x80008724 (0x40f405b3) sub     a1, s0, a5
core   0: 3 0x80008724 (0x40f405b3) x11 0xffff3000
core   0: 0x80008728 (0x01cf6cb3) or      s9, t5, t3
core   0: 3 0x80008728 (0x01cf6cb3) x25 0x8002dfa4
core   0: 0x8000872c (0x29e0e993) ori     s3, ra, 670
core   0: 3 0x8000872c (0x29e0e993) x19 0x7c6396be
core   0: 0x80008730 (0x0000100f) fence.i
core   0: 3 0x80008730 (0x0000100f)
core   0: 0x80008734 (0x003edb33) srl     s6, t4, gp
core   0: 3 0x80008734 (0x003edb33) x22 0x00000000
core   0: 0x80008738 (0x340077f3) csrrci  a5, mscratch, 0
core   0: 3 0x80008738 (0x340077f3) x15 0x0000000d
core   0: 0x8000873c (0x00008ca5) c.xor   s1, s1
core   0: 3 0x8000873c (0x8ca5) x9  0x00000000
core   0: 0x8000873e (0x27667593) andi    a1, a2, 630
core   0: 3 0x8000873e (0x27667593) x11 0x00000276
core   0: 0x80008742 (0x0000865d) c.srai  a2, 23
core   0: 3 0x80008742 (0x865d) x12 0xffffff7f
core   0: 0x80008744 (0x003e1793) slli    a5, t3, 3
core   0: 3 0x80008744 (0x003e1793) x15 0x0012f520
core   0: 0x80008748 (0x3737c293) xori    t0, a5, 883
core   0: 3 0x80008748 (0x3737c293) x5  0x0012f653
core   0: 0x8000874c (0x0000c215) c.beqz  a2, pc + 36
core   0: 3 0x8000874c (0xc215)
core   0: 0x8000874e (0x03b9d733) divu    a4, s3, s11
core   0: 3 0x8000874e (0x03b9d733) x14 0x00000000
core   0: 0x80008752 (0xef4450b7) lui     ra, 0xef445
core   0: 3 0x80008752 (0xef4450b7) x1  0xef445000
core   0: 0x80008756 (0x97ea3013) sltiu   zero, s4, -1666
core   0: 3 0x80008756 (0x97ea3013)
core   0: 0x8000875a (0x00008c21) c.xor   s0, s0
core   0: 3 0x8000875a (0x8c21) x8  0x00000000
core   0: 0x8000875c (0x01e5c463) blt     a1, t5, pc + 8
core   0: 3 0x8000875c (0x01e5c463)
core   0: 0x80008764 (0xa6e22293) slti    t0, tp, -1426
core   0: 3 0x80008764 (0xa6e22293) x5  0x00000000
core   0: 0x80008768 (0x000004b6) c.slli  s1, 13
core   0: 3 0x80008768 (0x04b6) x9  0x00000000
core   0: 0x8000876a (0x00008ce1) c.and   s1, s0
core   0: 3 0x8000876a (0x8ce1) x9  0x00000000
core   0: 0x8000876c (0x01217533) and     a0, sp, s2
core   0: 3 0x8000876c (0x01217533) x10 0x80016200
core   0: 0x80008770 (0x00008f39) c.xor   a4, a4
core   0: 3 0x80008770 (0x8f39) x14 0x00000000
core   0: 0x80008772 (0x0ff0000f) fence   iorw,iorw
core   0: 3 0x80008772 (0x0ff0000f)
core   0: 0x80008776 (0x417a5713) srai    a4, s4, 23
core   0: 3 0x80008776 (0x417a5713) x14 0x00000000
core   0: 0x8000877a (0x01891fb3) sll     t6, s2, s8
core   0: 3 0x8000877a (0x01891fb3) x31 0x80036ea4
core   0: 0x8000877e (0x340fb773) csrrc   a4, mscratch, t6
core   0: 3 0x8000877e (0x340fb773) x14 0x0000000d c832_mscratch 0x00000009
core   0: 0x80008782 (0x66d4e993) ori     s3, s1, 1645
core   0: 3 0x80008782 (0x66d4e993) x19 0x0000066d
core   0: 0x80008786 (0xdb882f93) slti    t6, a6, -584
core   0: 3 0x80008786 (0xdb882f93) x31 0x00000000
core   0: 0x8000878a (0x0063ca33) xor     s4, t2, t1
core   0: 3 0x8000878a (0x0063ca33) x20 0xfffffff1
core   0: 0x8000878e (0x34006673) csrrsi  a2, mscratch, 0
core   0: 3 0x8000878e (0x34006673) x12 0x00000009
core   0: 0x80008792 (0x00f7d7b3) srl     a5, a5, a5
core   0: 3 0x80008792 (0x00f7d7b3) x15 0x0012f520
core   0: 0x80008796 (0x031f59b3) divu    s3, t5, a7
core   0: 3 0x80008796 (0x031f59b3) x19 0x00000000
core   0: 0x8000879a (0x00008f75) c.and   a4, a3
core   0: 3 0x8000879a (0x8f75) x14 0x00000004
core   0: 0x8000879c (0x65026b13) ori     s6, tp, 1616
core   0: 3 0x8000879c (0x65026b13) x22 0x7c6396f4
core   0: 0x800087a0 (0x0000924e) c.add   tp, s3
core   0: 3 0x800087a0 (0x924e) x4  0x7c6394b4
core   0: 0x800087a2 (0x00008fad) c.xor   a5, a1
core   0: 3 0x800087a2 (0x8fad) x15 0x0012f756
core   0: 0x800087a4 (0x00008589) c.srai  a1, 2
core   0: 3 0x800087a4 (0x8589) x11 0x0000009d
core   0: 0x800087a6 (0x4059dd33) sra     s10, s3, t0
core   0: 3 0x800087a6 (0x4059dd33) x26 0x00000000
core   0: 0x800087aa (0x00000001) c.nop
core   0: 3 0x800087aa (0x0001)
core   0: 0x800087ac (0x01865763) bge     a2, s8, pc + 14
core   0: 3 0x800087ac (0x01865763)
core   0: 0x800087ba (0x0000cf0d) c.beqz  a4, pc + 58
core   0: 3 0x800087ba (0xcf0d)
core   0: 0x800087bc (0x032414b3) mulh    s1, s0, s2
core   0: 3 0x800087bc (0x032414b3) x9  0x00000000
core   0: 0x800087c0 (0x415cdcb3) sra     s9, s9, s5
core   0: 3 0x800087c0 (0x415cdcb3) x25 0xffffffff
core   0: 0x800087c4 (0x03e16fb3) rem     t6, sp, t5
core   0: 3 0x800087c4 (0x03e16fb3) x31 0xffffb3d8
core   0: 0x800087c8 (0x00000001) c.nop
core   0: 3 0x800087c8 (0x0001)
core   0: 0x800087ca (0x01321c33) sll     s8, tp, s3
core   0: 3 0x800087ca (0x01321c33) x24 0x7c6394b4
core   0: 0x800087ce (0x00008cf1) c.and   s1, a2
core   0: 3 0x800087ce (0x8cf1) x9  0x00000000
core   0: 0x800087d0 (0x03fc7eb3) remu    t4, s8, t6
core   0: 3 0x800087d0 (0x03fc7eb3) x29 0x7c6394b4
core   0: 0x800087d4 (0x34075b73) csrrwi  s6, mscratch, 14
core   0: 3 0x800087d4 (0x34075b73) x22 0x00000009 c832_mscratch 0x0000000e
core   0: 0x800087d8 (0x406b59b3) sra     s3, s6, t1
core   0: 3 0x800087d8 (0x406b59b3) x19 0x00000009
core   0: 0x800087dc (0x7a83e413) ori     s0, t2, 1960
core   0: 3 0x800087dc (0x7a83e413) x8  0xfffffff9
core   0: 0x800087e0 (0x036f90b3) mulh    ra, t6, s6
core   0: 3 0x800087e0 (0x036f90b3) x1  0xffffffff
core   0: 0x800087e4 (0x03bb8a63) beq     s7, s11, pc + 52
core   0: 3 0x800087e4 (0x03bb8a63)
core   0: 0x800087e8 (0x340725f3) csrrs   a1, mscratch, a4
core   0: 3 0x800087e8 (0x340725f3) x11 0x0000000e c832_mscratch 0x0000000e
core   0: 0x800087ec (0x038b47b3) div     a5, s6, s8
core   0: 3 0x800087ec (0x038b47b3) x15 0x00000000
core   0: 0x800087f0 (0x40e057b3) sra     a5, zero, a4
core   0: 3 0x800087f0 (0x40e057b3) x15 0x00000000
core   0: 0x800087f4 (0x02ec1063) bne     s8, a4, pc + 32
core   0: 3 0x800087f4 (0x02ec1063)
core   0: 0x80008814 (0x34021bf3) csrrw   s7, mscratch, tp
core   0: 3 0x80008814 (0x34021bf3) x23 0x0000000e c832_mscratch 0x7c6394b4
core   0: 0x80008818 (0x031a8233) mul     tp, s5, a7
core   0: 3 0x80008818 (0x031a8233) x4  0xf8af3000
core   0: 0x8000881c (0x008ed433) srl     s0, t4, s0
core   0: 3 0x8000881c (0x008ed433) x8  0x0000003e
core   0: 0x80008820 (0x00004cf9) c.li    s9, 30
core   0: 3 0x80008820 (0x4cf9) x25 0x0000001e
core   0: 0x80008822 (0x00578463) beq     a5, t0, pc + 8
core   0: 3 0x80008822 (0x00578463)
core   0: 0x8000882a (0x01c85b33) srl     s6, a6, t3
core   0: 3 0x8000882a (0x01c85b33) x22 0x00000001
core   0: 0x8000882e (0x00000001) c.nop
core   0: 3 0x8000882e (0x0001)
core   0: 0x80008830 (0xdc993d13) sltiu   s10, s2, -567
core   0: 3 0x80008830 (0xdc993d13) x26 0x00000001
core   0: 0x80008834 (0x03f425b3) mulhsu  a1, s0, t6
core   0: 3 0x80008834 (0x03f425b3) x11 0x0000003d
core   0: 0x80008838 (0x02e9dd33) divu    s10, s3, a4
core   0: 3 0x80008838 (0x02e9dd33) x26 0x00000002
core   0: 0x8000883c (0x00008db9) c.xor   a1, a4
core   0: 3 0x8000883c (0x8db9) x11 0x00000039
core   0: 0x8000883e (0x03e78a33) mul     s4, a5, t5
core   0: 3 0x8000883e (0x03e78a33) x20 0x00000000
core   0: 0x80008842 (0x01220263) beq     tp, s2, pc + 4
core   0: 3 0x80008842 (0x01220263)
core   0: 0x80008846 (0x1faf9db7) lui     s11, 0x1faf9
core   0: 3 0x80008846 (0x1faf9db7) x27 0x1faf9000
core   0: 0x8000884a (0x9e47ccb7) lui     s9, 0x9e47c
core   0: 3 0x8000884a (0x9e47ccb7) x25 0x9e47c000
core   0: 0x8000884e (0x00000001) c.nop
core   0: 3 0x8000884e (0x0001)
core   0: 0x80008850 (0x0000871d) c.srai  a4, 7
core   0: 3 0x80008850 (0x871d) x14 0x00000000
core   0: 0x80008852 (0x03c9a033) mulhsu  zero, s3, t3
core   0: 3 0x80008852 (0x03c9a033)
core   0: 0x80008856 (0x01e2fab3) and     s5, t0, t5
core   0: 3 0x80008856 (0x01e2fab3) x21 0x00000000
core   0: 0x8000885a (0x010a32b3) sltu    t0, s4, a6
core   0: 3 0x8000885a (0x010a32b3) x5  0x00000001
core   0: 0x8000885e (0x00000001) c.nop
core   0: 3 0x8000885e (0x0001)
core   0: 0x80008860 (0x01766fb3) or      t6, a2, s7
core   0: 3 0x80008860 (0x01766fb3) x31 0x0000000f
core   0: 0x80008864 (0x40ead5b3) sra     a1, s5, a4
core   0: 3 0x80008864 (0x40ead5b3) x11 0x00000000
core   0: 0x80008868 (0x02d56db3) rem     s11, a0, a3
core   0: 3 0x80008868 (0x02d56db3) x27 0xfffec4dc
core   0: 0x8000886c (0x59e0b293) sltiu   t0, ra, 1438
core   0: 3 0x8000886c (0x59e0b293) x5  0x00000000
core   0: 0x80008870 (0x004a8733) add     a4, s5, tp
core   0: 3 0x80008870 (0x004a8733) x14 0xf8af3000
core   0: 0x80008874 (0x02ffd7b3) divu    a5, t6, a5
core   0: 3 0x80008874 (0x02ffd7b3) x15 0xffffffff
core   0: 0x80008878 (0x01f6e333) or      t1, a3, t6
core   0: 3 0x80008878 (0x01f6e333) x6  0x80029d2f
core   0: 0x8000887c (0x340029f3) csrr    s3, mscratch
core   0: 3 0x8000887c (0x340029f3) x19 0x7c6394b4
core   0: 0x80008880 (0x03a95033) divu    zero, s2, s10
core   0: 3 0x80008880 (0x03a95033)
core   0: 0x80008884 (0x00008466) c.mv    s0, s9
core   0: 3 0x80008884 (0x8466) x8  0x9e47c000
core   0: 0x80008886 (0x0000080d) c.addi  a6, 3
core   0: 3 0x80008886 (0x080d) x16 0x0000001f
core   0: 0x80008888 (0x01381293) slli    t0, a6, 19
core   0: 3 0x80008888 (0x01381293) x5  0x00f80000
core   0: 0x8000888c (0x013293b3) sll     t2, t0, s3
core   0: 3 0x8000888c (0x013293b3) x7  0x00000000
core   0: 0x80008890 (0x0f57d963) bge     a5, s5, pc + 242
core   0: 3 0x80008890 (0x0f57d963)
core   0: 0x80008894 (0x00008c11) c.sub   s0, a2
core   0: 3 0x80008894 (0x8c11) x8  0x9e47bff7
core   0: 0x80008896 (0x000080a5) c.srli  s1, 9
core   0: 3 0x80008896 (0x80a5) x9  0x00000000
core   0: 0x80008898 (0x00000332) c.slli  t1, 12
core   0: 3 0x80008898 (0x0332) x6  0x29d2f000
core   0: 0x8000889a (0x00bc1393) slli    t2, s8, 11
core   0: 3 0x8000889a (0x00bc1393) x7  0x1ca5a000
core   0: 0x8000889e (0x00008d85) c.sub   a1, s1
core   0: 3 0x8000889e (0x8d85) x11 0x00000000
core   0: 0x800088a0 (0x340023f3) csrr    t2, mscratch
core   0: 3 0x800088a0 (0x340023f3) x7  0x7c6394b4
core   0: 0x800088a4 (0x0248e0b3) rem     ra, a7, tp
core   0: 3 0x800088a4 (0x0248e0b3) x1  0x0000d000
core   0: 0x800088a8 (0x02cf7db3) remu    s11, t5, a2
core   0: 3 0x800088a8 (0x02cf7db3) x27 0x00000008
core   0: 0x800088ac (0x00008217) auipc   tp, 0x8
core   0: 3 0x800088ac (0x00008217) x4  0x800108ac
core   0: 0x800088b0 (0x64520213) addi    tp, tp, 1605
core   0: 3 0x800088b0 (0x64520213) x4  0x80010ef1
core   0: 0x800088b4 (0x416f5533) sra     a0, t5, s6
core   0: 3 0x800088b4 (0x416f5533) x10 0x000061c0
core   0: 0x800088b8 (0xb60c8a97) auipc   s5, 0xb60c8
core   0: 3 0x800088b8 (0xb60c8a97) x21 0x360d08b8
core   0: 0x800088bc (0x00024b83) lbu     s7, 0(tp)
core   0: 3 0x800088bc (0x00024b83) x23 0x0000005d mem 0x80010ef1
core   0: 0x800088c0 (0x00e215a3) sh      a4, 11(tp)
core   0: 3 0x800088c0 (0x00e215a3) mem 0x80010efc 0x3000
core   0: 0x800088c4 (0x00b25e83) lhu     t4, 11(tp)
core   0: 3 0x800088c4 (0x00b25e83) x29 0x00003000 mem 0x80010efc
core   0: 0x800088c8 (0x00d200a3) sb      a3, 1(tp)
core   0: 3 0x800088c8 (0x00d200a3) mem 0x80010ef2 0x24
core   0: 0x800088cc (0xff321703) lh      a4, -13(tp)
core   0: 3 0x800088cc (0xff321703) x14 0x00007893 mem 0x80010ee4
core   0: 0x800088d0 (0xffc218a3) sh      t3, -15(tp)
core   0: 3 0x800088d0 (0xffc218a3) mem 0x80010ee2 0x5ea4
core   0: 0x800088d4 (0x95318413) addi    s0, gp, -1709
core   0: 3 0x800088d4 (0x95318413) x8  0xfffff953
core   0: 0x800088d8 (0x000085d1) c.srai  a1, 20
core   0: 3 0x800088d8 (0x85d1) x11 0x00000000
core   0: 0x800088da (0xffb24303) lbu     t1, -5(tp)
core   0: 3 0x800088da (0xffb24303) x6  0x0000006f mem 0x80010eec
core   0: 0x800088de (0x0000488d) c.li    a7, 3
core   0: 3 0x800088de (0x488d) x17 0x00000003
core   0: 0x800088e0 (0x00a85f33) srl     t5, a6, a0
core   0: 3 0x800088e0 (0x00a85f33) x30 0x0000001f
core   0: 0x800088e4 (0x34087ff3) csrrci  t6, mscratch, 16
core   0: 3 0x800088e4 (0x34087ff3) x31 0x7c6394b4 c832_mscratch 0x7c6394a4
core   0: 0x800088e8 (0xff220903) lb      s2, -14(tp)
core   0: 3 0x800088e8 (0xff220903) x18 0x0000005e mem 0x80010ee3
core   0: 0x800088ec (0xff420a83) lb      s5, -12(tp)
core   0: 3 0x800088ec (0xff420a83) x21 0x00000078 mem 0x80010ee5
core   0: 0x800088f0 (0x00008e15) c.sub   a2, a3
core   0: 3 0x800088f0 (0x8e15) x12 0x7ffd62e5
core   0: 0x800088f2 (0xce744513) xori    a0, s0, -793
core   0: 3 0x800088f2 (0xce744513) x10 0x000005b4
core   0: 0x800088f6 (0x01420723) sb      s4, 14(tp)
core   0: 3 0x800088f6 (0x01420723) mem 0x80010eff 0x00
core   0: 0x800088fa (0x00820523) sb      s0, 10(tp)
core   0: 3 0x800088fa (0x00820523) mem 0x80010efb 0x53
core   0: 0x800088fe (0x00525f83) lhu     t6, 5(tp)
core   0: 3 0x800088fe (0x00525f83) x31 0x00009f82 mem 0x80010ef6
core   0: 0x80008902 (0x8371ea93) ori     s5, gp, -1993
core   0: 3 0x80008902 (0x8371ea93) x21 0xfffff837
core   0: 0x80008906 (0x00f22a03) lw      s4, 15(tp)
core   0: 3 0x80008906 (0x00f22a03) x20 0x9d247548 mem 0x80010f00
core   0: 0x8000890a (0x011221a3) sw      a7, 3(tp)
core   0: 3 0x8000890a (0x011221a3) mem 0x80010ef4 0x00000003
core   0: 0x8000890e (0x03322ab3) mulhsu  s5, tp, s3
core   0: 3 0x8000890e (0x03322ab3) x21 0xc1ceb94c
core   0: 0x80008912 (0x00024083) lbu     ra, 0(tp)
core   0: 3 0x80008912 (0x00024083) x1  0x0000005d mem 0x80010ef1
core   0: 0x80008916 (0x00520223) sb      t0, 4(tp)
core   0: 3 0x80008916 (0x00520223) mem 0x80010ef5 0x00
core   0: 0x8000891a (0xff525303) lhu     t1, -11(tp)
core   0: 3 0x8000891a (0xff525303) x6  0x0000ce9b mem 0x80010ee6
core   0: 0x8000891e (0x00820423) sb      s0, 8(tp)
core   0: 3 0x8000891e (0x00820423) mem 0x80010ef9 0x53
core   0: 0x80008922 (0x035b68b3) rem     a7, s6, s5
core   0: 3 0x80008922 (0x035b68b3) x17 0x00000001
core   0: 0x80008926 (0x0ff0000f) fence   iorw,iorw
core   0: 3 0x80008926 (0x0ff0000f)
core   0: 0x8000892a (0x00820423) sb      s0, 8(tp)
core   0: 3 0x8000892a (0x00820423) mem 0x80010ef9 0x53
core   0: 0x8000892e (0x00a93833) sltu    a6, s2, a0
core   0: 3 0x8000892e (0x00a93833) x16 0x00000001
core   0: 0x80008932 (0x0373abb3) mulhsu  s7, t2, s7
core   0: 3 0x80008932 (0x0373abb3) x23 0x0000002d
core   0: 0x80008936 (0x0394b033) mulhu   zero, s1, s9
core   0: 3 0x80008936 (0x0394b033)
core   0: 0x8000893a (0x00121583) lh      a1, 1(tp)
core   0: 3 0x8000893a (0x00121583) x11 0x00000324 mem 0x80010ef2
core   0: 0x8000893e (0x00921503) lh      a0, 9(tp)
core   0: 3 0x8000893e (0x00921503) x10 0x0000533a mem 0x80010efa
core   0: 0x80008942 (0x00008e75) c.and   a2, a3
core   0: 3 0x80008942 (0x8e75) x12 0x00000024
core   0: 0x80008944 (0xff7219a3) sh      s7, -13(tp)
core   0: 3 0x80008944 (0xff7219a3) mem 0x80010ee4 0x002d
core   0: 0x80008948 (0xffd24403) lbu     s0, -3(tp)
core   0: 3 0x80008948 (0xffd24403) x8  0x000000c8 mem 0x80010eee
core   0: 0x8000894c (0x340959f3) csrrwi  s3, mscratch, 18
core   0: 3 0x8000894c (0x340959f3) x19 0x7c6394a4 c832_mscratch 0x00000012
core   0: 0x80008950 (0x001204a3) sb      ra, 9(tp)
core   0: 3 0x80008950 (0x001204a3) mem 0x80010efa 0x5d
core   0: 0x80008954 (0x00008f69) c.and   a4, a0
core   0: 3 0x80008954 (0x8f69) x14 0x00005012
core   0: 0x80008956 (0x4cce7b13) andi    s6, t3, 1228
core   0: 3 0x80008956 (0x4cce7b13) x22 0x00000484
core   0: 0x8000895a (0x00020883) lb      a7, 0(tp)
core   0: 3 0x8000895a (0x00020883) x17 0x0000005d mem 0x80010ef1
core   0: 0x8000895e (0x02d44fb3) div     t6, s0, a3
core   0: 3 0x8000895e (0x02d44fb3) x31 0x00000000
core   0: 0x80008962 (0x00524903) lbu     s2, 5(tp)
core   0: 3 0x80008962 (0x00524903) x18 0x00000000 mem 0x80010ef6
core   0: 0x80008966 (0x0085c7b3) xor     a5, a1, s0
core   0: 3 0x80008966 (0x0085c7b3) x15 0x000003ec
core   0: 0x8000896a (0x00cda7b3) slt     a5, s11, a2
core   0: 3 0x8000896a (0x00cda7b3) x15 0x00000001
core   0: 0x8000896e (0xff820b03) lb      s6, -8(tp)
core   0: 3 0x8000896e (0xff820b03) x22 0xffffffe6 mem 0x80010ee9
core   0: 0x80008972 (0x00824783) lbu     a5, 8(tp)
core   0: 3 0x80008972 (0x00824783) x15 0x00000053 mem 0x80010ef9
core   0: 0x80008976 (0xffd21d83) lh      s11, -3(tp)
core   0: 3 0x80008976 (0xffd21d83) x27 0xffffbbc8 mem 0x80010eee
core   0: 0x8000897a (0x00000001) c.nop
core   0: 3 0x8000897a (0x0001)
core   0: 0x8000897c (0x00a20f83) lb      t6, 10(tp)
core   0: 3 0x8000897c (0x00a20f83) x31 0x00000053 mem 0x80010efb
core   0: 0x80008980 (0x0000e505) c.bnez  a0, pc + 40
core   0: 3 0x80008980 (0xe505)
core   0: 0x800089a8 (0x00009b7d) c.andi  a4, -1
core   0: 3 0x800089a8 (0x9b7d) x14 0x00005012
core   0: 0x800089aa (0x000098aa) c.add   a7, a0
core   0: 3 0x800089aa (0x98aa) x17 0x00005397
core   0: 0x800089ac (0x01031213) slli    tp, t1, 16
core   0: 3 0x800089ac (0x01031213) x4  0xce9b0000
core   0: 0x800089b0 (0x03f51e63) bne     a0, t6, pc + 60
core   0: 3 0x800089b0 (0x03f51e63)
core   0: 0x800089ec (0x03b58963) beq     a1, s11, pc + 50
core   0: 3 0x800089ec (0x03b58963)
core   0: 0x800089f0 (0x01b55363) bge     a0, s11, pc + 6
core   0: 3 0x800089f0 (0x01b55363)
core   0: 0x800089f6 (0x45d9c093) xori    ra, s3, 1117
core   0: 3 0x800089f6 (0x45d9c093) x1  0x7c6390f9
core   0: 0x800089fa (0x0111c463) blt     gp, a7, pc + 8
core   0: 3 0x800089fa (0x0111c463)
core   0: 0x80008a02 (0x00000001) c.nop
core   0: 3 0x80008a02 (0x0001)
core   0: 0x80008a04 (0x00008e39) c.xor   a2, a4
core   0: 3 0x80008a04 (0x8e39) x12 0x00005036
core   0: 0x80008a06 (0x01329613) slli    a2, t0, 19
core   0: 3 0x80008a06 (0x01329613) x12 0x00000000
core   0: 0x80008a0a (0x00000001) c.nop
core   0: 3 0x80008a0a (0x0001)
core   0: 0x80008a0c (0x00349713) slli    a4, s1, 3
core   0: 3 0x80008a0c (0x00349713) x14 0x00000000
core   0: 0x80008a10 (0x0153d713) srli    a4, t2, 21
core   0: 3 0x80008a10 (0x0153d713) x14 0x000003e3
core   0: 0x80008a14 (0x0000187d) c.addi  a6, -1
core   0: 3 0x80008a14 (0x187d) x16 0x00000000
core   0: 0x80008a16 (0x0000597d) c.li    s2, -1
core   0: 3 0x80008a16 (0x597d) x18 0xffffffff
core   0: 0x80008a18 (0x0b3ee313) ori     t1, t4, 179
core   0: 3 0x80008a18 (0x0b3ee313) x6  0x000030b3
core   0: 0x80008a1c (0x00008099) c.srli  s1, 6
core   0: 3 0x80008a1c (0x8099) x9  0x00000000
core   0: 0x80008a1e (0x00b65413) srli    s0, a2, 11
core   0: 3 0x80008a1e (0x00b65413) x8  0x00000000
core   0: 0x80008a22 (0x0000100f) fence.i
core   0: 3 0x80008a22 (0x0000100f)
core   0: 0x80008a26 (0x340d6973) csrrsi  s2, mscratch, 26
core   0: 3 0x80008a26 (0x340d6973) x18 0x00000012 c832_mscratch 0x0000001a
core   0: 0x80008a2a (0x00008c15) c.sub   s0, a3
core   0: 3 0x80008a2a (0x8c15) x8  0x7ffd62dc
core   0: 0x80008a2c (0x014f6b33) or      s6, t5, s4
core   0: 3 0x80008a2c (0x014f6b33) x22 0x9d24755f
core   0: 0x80008a30 (0x403387b3) sub     a5, t2, gp
core   0: 3 0x80008a30 (0x403387b3) x15 0x7c6394b4
core   0: 0x80008a34 (0xab8be893) ori     a7, s7, -1352
core   0: 3 0x80008a34 (0xab8be893) x17 0xfffffabd
core   0: 0x80008a38 (0x011f0bb3) add     s7, t5, a7
core   0: 3 0x80008a38 (0x011f0bb3) x23 0xfffffadc
core   0: 0x80008a3c (0x000084d6) c.mv    s1, s5
core   0: 3 0x80008a3c (0x84d6) x9  0xc1ceb94c
core   0: 0x80008a3e (0x00006c4d) c.lui   s8, 0x13
core   0: 3 0x80008a3e (0x6c4d) x24 0x00013000
core   0: 0x80008a40 (0x02c6b4b3) mulhu   s1, a3, a2
core   0: 3 0x80008a40 (0x02c6b4b3) x9  0x00000000
core   0: 0x80008a44 (0x1cf3bd17) auipc   s10, 0x1cf3b
core   0: 3 0x80008a44 (0x1cf3bd17) x26 0x9cf43a44
core   0: 0x80008a48 (0x8603e493) ori     s1, t2, -1952
core   0: 3 0x80008a48 (0x8603e493) x9  0xfffffcf4
core   0: 0x80008a4c (0x0000e609) c.bnez  a2, pc + 10
core   0: 3 0x80008a4c (0xe609)
core   0: 0x80008a4e (0x036bb8b3) mulhu   a7, s7, s6
core   0: 3 0x80008a4e (0x036bb8b3) x17 0x9d247237
core   0: 0x80008a52 (0x4019d913) srai    s2, s3, 1
core   0: 3 0x80008a52 (0x4019d913) x18 0x3e31ca52
core   0: 0x80008a56 (0x1885ca97) auipc   s5, 0x1885c
core   0: 3 0x80008a56 (0x1885ca97) x21 0x98864a56
core   0: 0x80008a5a (0x34063af3) csrrc   s5, mscratch, a2
core   0: 3 0x80008a5a (0x34063af3) x21 0x0000001a c832_mscratch 0x0000001a
core   0: 0x80008a5e (0x51dc4913) xori    s2, s8, 1309
core   0: 3 0x80008a5e (0x51dc4913) x18 0x0001351d
core   0: 0x80008a62 (0x00008f0d) c.sub   a4, a1
core   0: 3 0x80008a62 (0x8f0d) x14 0x000000bf
core   0: 0x80008a64 (0x00000ece) c.slli  t4, 19
core   0: 3 0x80008a64 (0x0ece) x29 0x80000000
core   0: 0x80008a66 (0x00008d55) c.or    a0, a3
core   0: 3 0x80008a66 (0x8d55) x10 0x8002df3e
core   0: 0x80008a68 (0x039504b3) mul     s1, a0, s9
core   0: 3 0x80008a68 (0x039504b3) x9  0x55a08000
core   0: 0x80008a6c (0x017d2ab3) slt     s5, s10, s7
core   0: 3 0x80008a6c (0x017d2ab3) x21 0x00000001
core   0: 0x80008a70 (0x03320433) mul     s0, tp, s3
core   0: 3 0x80008a70 (0x03320433) x8  0xf74c0000
core   0: 0x80008a74 (0x340c2c73) csrrs   s8, mscratch, s8
core   0: 3 0x80008a74 (0x340c2c73) x24 0x0000001a c832_mscratch 0x0001301a
core   0: 0x80008a78 (0xc080c197) auipc   gp, 0xc080c
core   0: 3 0x80008a78 (0xc080c197) x3  0x40814a78
core   0: 0x80008a7c (0x340c30f3) csrrc   ra, mscratch, s8
core   0: 3 0x80008a7c (0x340c30f3) x1  0x0001301a c832_mscratch 0x00013000
core   0: 0x80008a80 (0x029d3433) mulhu   s0, s10, s1
core   0: 3 0x80008a80 (0x029d3433) x8  0x347f7e77
core   0: 0x80008a84 (0x00a35b33) srl     s6, t1, a0
core   0: 3 0x80008a84 (0x00a35b33) x22 0x00000000
core   0: 0x80008a88 (0x0000100f) fence.i
core   0: 3 0x80008a88 (0x0000100f)
core   0: 0x80008a8c (0x0159d763) bge     s3, s5, pc + 14
core   0: 3 0x80008a8c (0x0159d763)
core   0: 0x80008a9a (0x01769493) slli    s1, a3, 23
core   0: 3 0x80008a9a (0x01769493) x9  0x92000000
core   0: 0x80008a9e (0x017b42b3) xor     t0, s6, s7
core   0: 3 0x80008a9e (0x017b42b3) x5  0xfffffadc
core   0: 0x80008aa2 (0xb568ff13) andi    t5, a7, -1194
core   0: 3 0x80008aa2 (0xb568ff13) x30 0x9d247216
core   0: 0x80008aa6 (0x411d0733) sub     a4, s10, a7
core   0: 3 0x80008aa6 (0x411d0733) x14 0xffcfc80d
core   0: 0x80008aaa (0x0020e1b3) or      gp, ra, sp
core   0: 3 0x80008aaa (0x0020e1b3) x3  0xfc65f35a
core   0: 0x80008aae (0x34007bf3) csrrci  s7, mscratch, 0
core   0: 3 0x80008aae (0x34007bf3) x23 0x00013000
core   0: 0x80008ab2 (0x01c5ddb3) srl     s11, a1, t3
core   0: 3 0x80008ab2 (0x01c5ddb3) x27 0x00000032
core   0: 0x80008ab6 (0x03c6f433) remu    s0, a3, t3
core   0: 3 0x80008ab6 (0x03c6f433) x8  0x00003e80
core   0: 0x80008aba (0x00008891) c.andi  s1, 4
core   0: 3 0x80008aba (0x8891) x9  0x00000000
core   0: 0x80008abc (0xd5faf013) andi    zero, s5, -673
core   0: 3 0x80008abc (0xd5faf013)
core   0: 0x80008ac0 (0x0ff0000f) fence   iorw,iorw
core   0: 3 0x80008ac0 (0x0ff0000f)
core   0: 0x80008ac4 (0xf9a92193) slti    gp, s2, -102
core   0: 3 0x80008ac4 (0xf9a92193) x3  0x00000000
core   0: 0x80008ac8 (0x1c5c6a13) ori     s4, s8, 453
core   0: 3 0x80008ac8 (0x1c5c6a13) x20 0x000001df
core   0: 0x80008acc (0x55f4af93) slti    t6, s1, 1375
core   0: 3 0x80008acc (0x55f4af93) x31 0x00000001
core   0: 0x80008ad0 (0x00660fb3) add     t6, a2, t1
core   0: 3 0x80008ad0 (0x00660fb3) x31 0x000030b3
core   0: 0x80008ad4 (0x000084fd) c.srai  s1, 31
core   0: 3 0x80008ad4 (0x84fd) x9  0x00000000
core   0: 0x80008ad6 (0x03c13093) sltiu   ra, sp, 60
core   0: 3 0x80008ad6 (0x03c13093) x1  0x00000000
core   0: 0x80008ada (0x014ee533) or      a0, t4, s4
core   0: 3 0x80008ada (0x014ee533) x10 0x800001df
core   0: 0x80008ade (0xbb3f2c93) slti    s9, t5, -1101
core   0: 3 0x80008ade (0xbb3f2c93) x25 0x00000001
core   0: 0x80008ae2 (0x74d0e193) ori     gp, ra, 1869
core   0: 3 0x80008ae2 (0x74d0e193) x3  0x0000074d
core   0: 0x80008ae6 (0x34002f73) csrr    t5, mscratch
core   0: 3 0x80008ae6 (0x34002f73) x30 0x00013000
core   0: 0x80008aea (0x00d9e4b3) or      s1, s3, a3
core   0: 3 0x80008aea (0x00d9e4b3) x9  0xfc639da4
core   0: 0x80008aee (0x03cf9a63) bne     t6, t3, pc + 52
core   0: 3 0x80008aee (0x03cf9a63)
core   0: 0x80008b22 (0x000adbb3) srl     s7, s5, zero
core   0: 3 0x80008b22 (0x000adbb3) x23 0x00000001
core   0: 0x80008b26 (0xeb716913) ori     s2, sp, -329
core   0: 3 0x80008b26 (0xeb716913) x18 0xffffffff
core   0: 0x80008b2a (0x67178c93) addi    s9, a5, 1649
core   0: 3 0x80008b2a (0x67178c93) x25 0x7c639b25
core   0: 0x80008b2e (0x464aaa13) slti    s4, s5, 1124
core   0: 3 0x80008b2e (0x464aaa13) x20 0x00000001
core   0: 0x80008b32 (0x0085d713) srli    a4, a1, 8
core   0: 3 0x80008b32 (0x0085d713) x14 0x00000003
core   0: 0x80008b36 (0x000f5b13) srli    s6, t5, 0
core   0: 3 0x80008b36 (0x000f5b13) x22 0x00013000
core   0: 0x80008b3a (0x00008c65) c.and   s0, s1
core   0: 3 0x80008b3a (0x8c65) x8  0x00001c80
core   0: 0x80008b3c (0x0218fe63) bgeu    a7, ra, pc + 60
core   0: 3 0x80008b3c (0x0218fe63)
core   0: 0x80008b78 (0x03c29db3) mulh    s11, t0, t3
core   0: 3 0x80008b78 (0x03c29db3) x27 0x00000291
core   0: 0x80008b7c (0x00005d7d) c.li    s10, -1
core   0: 3 0x80008b7c (0x5d7d) x26 0xffffffff
core   0: 0x80008b7e (0x340130f3) csrrc   ra, mscratch, sp
core   0: 3 0x80008b7e (0x340130f3) x1  0x00013000 c832_mscratch 0x00000000
core   0: 0x80008b82 (0x3404ac73) csrrs   s8, mscratch, s1
core   0: 3 0x80008b82 (0x3404ac73) x24 0x00000000 c832_mscratch 0xfc639da4
core   0: 0x80008b86 (0x01c57663) bgeu    a0, t3, pc + 12
core   0: 3 0x80008b86 (0x01c57663)
core   0: 0x80008b8a (0x01b95413) srli    s0, s2, 27
core   0: 3 0x80008b8a (0x01b95413) x8  0x0000001f
core   0: 0x80008b8e (0x40da8933) sub     s2, s5, a3
core   0: 3 0x80008b8e (0x40da8933) x18 0x7ffd62dd
core   0: 0x80008b92 (0x24eb4f93) xori    t6, s6, 590
core   0: 3 0x80008b92 (0x24eb4f93) x31 0x0001324e
core   0: 0x80008b96 (0x3404d973) csrrwi  s2, mscratch, 9
core   0: 3 0x80008b96 (0x3404d973) x18 0xfc639da4 c832_mscratch 0x00000009
core   0: 0x80008b9a (0x002b80b3) add     ra, s7, sp
core   0: 3 0x80008b9a (0x002b80b3) x1  0xfc65f359
core   0: 0x80008b9e (0x038bb333) mulhu   t1, s7, s8
core   0: 3 0x80008b9e (0x038bb333) x6  0x00000000
core   0: 0x80008ba2 (0x000081bd) c.srli  a1, 15
core   0: 3 0x80008ba2 (0x81bd) x11 0x00000000
core   0: 0x80008ba4 (0xe9fea393) slti    t2, t4, -353
core   0: 3 0x80008ba4 (0xe9fea393) x7  0x00000001
core   0: 0x80008ba8 (0x418f54b3) sra     s1, t5, s8
core   0: 3 0x80008ba8 (0x418f54b3) x9  0x00013000
core   0: 0x80008bac (0x01757433) and     s0, a0, s7
core   0: 3 0x80008bac (0x01757433) x8  0x00000001
core   0: 0x80008bb0 (0x41cb5713) srai    a4, s6, 28
core   0: 3 0x80008bb0 (0x41cb5713) x14 0x00000000
core   0: 0x80008bb4 (0x0000100f) fence.i
core   0: 3 0x80008bb4 (0x0000100f)
core   0: 0x80008bb8 (0x34065df3) csrrwi  s11, mscratch, 12
core   0: 3 0x80008bb8 (0x34065df3) x27 0x00000009 c832_mscratch 0x0000000c
core   0: 0x80008bbc (0x03e78733) mul     a4, a5, t5
core   0: 3 0x80008bbc (0x03e78733) x14 0x4095c000
core   0: 0x80008bc0 (0x0000cf95) c.beqz  a5, pc + 60
core   0: 3 0x80008bc0 (0xcf95)
core   0: 0x80008bc2 (0x028f4333) div     t1, t5, s0
core   0: 3 0x80008bc2 (0x028f4333) x6  0x00013000
core   0: 0x80008bc6 (0x340a1d73) csrrw   s10, mscratch, s4
core   0: 3 0x80008bc6 (0x340a1d73) x26 0x0000000c c832_mscratch 0x00000001
core   0: 0x80008bca (0x00008335) c.srli  a4, 13
core   0: 3 0x80008bca (0x8335) x14 0x000204ae
core   0: 0x80008bcc (0x012f1833) sll     a6, t5, s2
core   0: 3 0x80008bcc (0x012f1833) x16 0x00130000
core   0: 0x80008bd0 (0x00008e05) c.sub   a2, s1
core   0: 3 0x80008bd0 (0x8e05) x12 0xfffed000
core   0: 0x80008bd2 (0xcfdd6793) ori     a5, s10, -771
core   0: 3 0x80008bd2 (0xcfdd6793) x15 0xfffffcfd
core   0: 0x80008bd6 (0x03489fb3) mulh    t6, a7, s4
core   0: 3 0x80008bd6 (0x03489fb3) x31 0xffffffff
core   0: 0x80008bda (0x00008886) c.mv    a7, ra
core   0: 3 0x80008bda (0x8886) x17 0xfc65f359
core   0: 0x80008bdc (0x00009956) c.add   s2, s5
core   0: 3 0x80008bdc (0x9956) x18 0xfc639da5
core   0: 0x80008bde (0x000049e1) c.li    s3, 24
core   0: 3 0x80008bde (0x49e1) x19 0x00000018
core   0: 0x80008be0 (0x0000100f) fence.i
core   0: 3 0x80008be0 (0x0000100f)
core   0: 0x80008be4 (0x413782b3) sub     t0, a5, s3
core   0: 3 0x80008be4 (0x413782b3) x5  0xfffffce5
core   0: 0x80008be8 (0x00ab5913) srli    s2, s6, 10
core   0: 3 0x80008be8 (0x00ab5913) x18 0x0000004c
core   0: 0x80008bec (0x00000001) c.nop
core   0: 3 0x80008bec (0x0001)
core   0: 0x80008bee (0x00008af2) c.mv    s5, t3
core   0: 3 0x80008bee (0x8af2) x21 0x80025ea4
core   0: 0x80008bf0 (0x02a5edb3) rem     s11, a1, a0
core   0: 3 0x80008bf0 (0x02a5edb3) x27 0x00000000
core   0: 0x80008bf4 (0x03beeb33) rem     s6, t4, s11
core   0: 3 0x80008bf4 (0x03beeb33) x22 0x80000000
core   0: 0x80008bf8 (0x0000100f) fence.i
core   0: 3 0x80008bf8 (0x0000100f)
core   0: 0x80008bfc (0x4de2a1b7) lui     gp, 0x4de2a
core   0: 3 0x80008bfc (0x4de2a1b7) x3  0x4de2a000
core   0: 0x80008c00 (0x00008e71) c.and   a2, a2
core   0: 3 0x80008c00 (0x8e71) x12 0xfffed000
core   0: 0x80008c02 (0x00008021) c.srli  s0, 8
core   0: 3 0x80008c02 (0x8021) x8  0x00000000
core   0: 0x80008c04 (0x0ff0000f) fence   iorw,iorw
core   0: 3 0x80008c04 (0x0ff0000f)
core   0: 0x80008c08 (0x9d8e6913) ori     s2, t3, -1576
core   0: 3 0x80008c08 (0x9d8e6913) x18 0xfffffffc
core   0: 0x80008c0c (0xcac78613) addi    a2, a5, -852
core   0: 3 0x80008c0c (0xcac78613) x12 0xfffff9a9
core   0: 0x80008c10 (0x035009b3) mul     s3, zero, s5
core   0: 3 0x80008c10 (0x035009b3) x19 0x00000000
core   0: 0x80008c14 (0x0ff0000f) fence   iorw,iorw
core   0: 3 0x80008c14 (0x0ff0000f)
core   0: 0x80008c18 (0x000084d9) c.srai  s1, 22
core   0: 3 0x80008c18 (0x84d9) x9  0x00000000
core   0: 0x80008c1a (0x7a044713) xori    a4, s0, 1952
core   0: 3 0x80008c1a (0x7a044713) x14 0x000007a0
core   0: 0x80008c1e (0x0258a533) mulhsu  a0, a7, t0
core   0: 3 0x80008c1e (0x0258a533) x10 0xfc65f364
core   0: 0x80008c22 (0x8b301197) auipc   gp, 0x8b301
core   0: 3 0x80008c22 (0x8b301197) x3  0x0b309c22
core   0: 0x80008c26 (0x94641417) auipc   s0, 0x94641
core   0: 3 0x80008c26 (0x94641417) x8  0x14649c26
core   0: 0x80008c2a (0x0372f363) bgeu    t0, s7, pc + 38
core   0: 3 0x80008c2a (0x0372f363)
core   0: 0x80008c50 (0x0000e619) c.bnez  a2, pc + 14
core   0: 3 0x80008c50 (0xe619)
core   0: 0x80008c5e (0x00008729) c.srai  a4, 10
core   0: 3 0x80008c5e (0x8729) x14 0x00000001
core   0: 0x80008c60 (0x00000392) c.slli  t2, 4
core   0: 3 0x80008c60 (0x0392) x7  0x00000010
core   0: 0x80008c62 (0xad778493) addi    s1, a5, -1321
core   0: 3 0x80008c62 (0xad778493) x9  0xfffff7d4
core   0: 0x80008c66 (0x0000e221) c.bnez  a2, pc + 64
core   0: 3 0x80008c66 (0xe221)
core   0: 0x80008ca6 (0x00009dea) c.add   s11, s10
core   0: 3 0x80008ca6 (0x9dea) x27 0x0000000c
core   0: 0x80008ca8 (0x000050fd) c.li    ra, -1
core   0: 3 0x80008ca8 (0x50fd) x1  0xffffffff
core   0: 0x80008caa (0xcec54013) xori    zero, a0, -788
core   0: 3 0x80008caa (0xcec54013)
core   0: 0x80008cae (0x002b6cb3) or      s9, s6, sp
core   0: 3 0x80008cae (0x002b6cb3) x25 0xfc65f358
core   0: 0x80008cb2 (0x02cc0363) beq     s8, a2, pc + 38
core   0: 3 0x80008cb2 (0x02cc0363)
core   0: 0x80008cb6 (0x00cf3233) sltu    tp, t5, a2
core   0: 3 0x80008cb6 (0x00cf3233) x4  0x00000001
core   0: 0x80008cba (0x00009c6e) c.add   s8, s11
core   0: 3 0x80008cba (0x9c6e) x24 0x0000000c
core   0: 0x80008cbc (0x0ff0000f) fence   iorw,iorw
core   0: 3 0x80008cbc (0x0ff0000f)
core   0: 0x80008cc0 (0x00b84633) xor     a2, a6, a1
core   0: 3 0x80008cc0 (0x00b84633) x12 0x00130000
core   0: 0x80008cc4 (0x03c19cb3) mulh    s9, gp, t3
core   0: 3 0x80008cc4 (0x03c19cb3) x25 0xfa67cc73
core   0: 0x80008cc8 (0x34408c13) addi    s8, ra, 836
core   0: 3 0x80008cc8 (0x34408c13) x24 0x00000343
core   0: 0x80008ccc (0x0000929e) c.add   t0, t2
core   0: 3 0x80008ccc (0x929e) x5  0xfffffcf5
core   0: 0x80008cce (0x00008286) c.mv    t0, ra
core   0: 3 0x80008cce (0x8286) x5  0xffffffff
core   0: 0x80008cd0 (0x01c91013) slli    zero, s2, 28
core   0: 3 0x80008cd0 (0x01c91013)
core   0: 0x80008cd4 (0x4143d313) srai    t1, t2, 20
core   0: 3 0x80008cd4 (0x4143d313) x6  0x00000000
core   0: 0x80008cd8 (0x00b21263) bne     tp, a1, pc + 4
core   0: 3 0x80008cd8 (0x00b21263)
core   0: 0x80008cdc (0x00b59413) slli    s0, a1, 11
core   0: 3 0x80008cdc (0x00b59413) x8  0x00000000
core   0: 0x80008ce0 (0xcccbc0b7) lui     ra, 0xcccbc
core   0: 3 0x80008ce0 (0xcccbc0b7) x1  0xcccbc000
core   0: 0x80008ce4 (0x000058fd) c.li    a7, -1
core   0: 3 0x80008ce4 (0x58fd) x17 0xffffffff
core   0: 0x80008ce6 (0x013ddf13) srli    t5, s11, 19
core   0: 3 0x80008ce6 (0x013ddf13) x30 0x00000000
core   0: 0x80008cea (0x34029ef3) csrrw   t4, mscratch, t0
core   0: 3 0x80008cea (0x34029ef3) x29 0x00000001 c832_mscratch 0xffffffff
core   0: 0x80008cee (0x00009b7d) c.andi  a4, -1
core   0: 3 0x80008cee (0x9b7d) x14 0x00000001
core   0: 0x80008cf0 (0x41268233) sub     tp, a3, s2
core   0: 3 0x80008cf0 (0x41268233) x4  0x80029d28
core   0: 0x80008cf4 (0x0396e7b3) rem     a5, a3, s9
core   0: 3 0x80008cf4 (0x0396e7b3) x15 0xfb170b42
core   0: 0x80008cf8 (0xd8e43793) sltiu   a5, s0, -626
core   0: 3 0x80008cf8 (0xd8e43793) x15 0x00000001
core   0: 0x80008cfc (0x027f4d33) div     s10, t5, t2
core   0: 3 0x80008cfc (0x027f4d33) x26 0x00000000
core   0: 0x80008d00 (0x340069f3) csrrsi  s3, mscratch, 0
core   0: 3 0x80008d00 (0x340069f3) x19 0xffffffff
core   0: 0x80008d04 (0x35c73d97) auipc   s11, 0x35c73
core   0: 3 0x80008d04 (0x35c73d97) x27 0xb5c7bd04
core   0: 0x80008d08 (0x00a32333) slt     t1, t1, a0
core   0: 3 0x80008d08 (0x00a32333) x6  0x00000000
core   0: 0x80008d0c (0x1ac239b7) lui     s3, 0x1ac23
core   0: 3 0x80008d0c (0x1ac239b7) x19 0x1ac23000
core   0: 0x80008d10 (0x1fc5a813) slti    a6, a1, 508
core   0: 3 0x80008d10 (0x1fc5a813) x16 0x00000001
core   0: 0x80008d14 (0x03411e63) bne     sp, s4, pc + 60
core   0: 3 0x80008d14 (0x03411e63)
core   0: 0x80008d50 (0x340022f3) csrr    t0, mscratch
core   0: 3 0x80008d50 (0x340022f3) x5  0xffffffff
core   0: 0x80008d54 (0x013d9593) slli    a1, s11, 19
core   0: 3 0x80008d54 (0x013d9593) x11 0xe8200000
core   0: 0x80008d58 (0x00000001) c.nop
core   0: 3 0x80008d58 (0x0001)
core   0: 0x80008d5a (0x41968733) sub     a4, a3, s9
core   0: 3 0x80008d5a (0x41968733) x14 0x859ad0b1
core   0: 0x80008d5e (0x01bb9a13) slli    s4, s7, 27
core   0: 3 0x80008d5e (0x01bb9a13) x20 0x08000000
core   0: 0x80008d62 (0x00008f55) c.or    a4, a3
core   0: 3 0x80008d62 (0x8f55) x14 0x859addb5
core   0: 0x80008d64 (0x00008412) c.mv    s0, tp
core   0: 3 0x80008d64 (0x8412) x8  0x80029d28
core   0: 0x80008d66 (0x0000cc81) c.beqz  s1, pc + 24
core   0: 3 0x80008d66 (0xcc81)
core   0: 0x80008d68 (0x00e4c7b3) xor     a5, s1, a4
core   0: 3 0x80008d68 (0x00e4c7b3) x15 0x7a652a61
core   0: 0x80008d6c (0x34006bf3) csrrsi  s7, mscratch, 0
core   0: 3 0x80008d6c (0x34006bf3) x23 0xffffffff
core   0: 0x80008d70 (0x41c30ab3) sub     s5, t1, t3
core   0: 3 0x80008d70 (0x41c30ab3) x21 0x7ffda15c
core   0: 0x80008d74 (0x00009a7d) c.andi  a2, -1
core   0: 3 0x80008d74 (0x9a7d) x12 0x00130000
core   0: 0x80008d76 (0x01b54a33) xor     s4, a0, s11
core   0: 3 0x80008d76 (0x01b54a33) x20 0x49a24e60
core   0: 0x80008d7a (0xbe704b17) auipc   s6, 0xbe704
core   0: 3 0x80008d7a (0xbe704b17) x22 0x3e70cd7a
core   0: 0x80008d7e (0x00008b2d) c.andi  a4, 11
core   0: 3 0x80008d7e (0x8b2d) x14 0x00000001
core   0: 0x80008d80 (0x00000001) c.nop
core   0: 3 0x80008d80 (0x0001)
core   0: 0x80008d82 (0x00e3f2b3) and     t0, t2, a4
core   0: 3 0x80008d82 (0x00e3f2b3) x5  0x00000000
core   0: 0x80008d86 (0x020b1e63) bnez    s6, pc + 60
core   0: 3 0x80008d86 (0x020b1e63)
core   0: 0x80008dc2 (0x00948d33) add     s10, s1, s1
core   0: 3 0x80008dc2 (0x00948d33) x26 0xffffefa8
core   0: 0x80008dc6 (0x000088fd) c.andi  s1, 31
core   0: 3 0x80008dc6 (0x88fd) x9  0x00000014
core   0: 0x80008dc8 (0x02af0633) mul     a2, t5, a0
core   0: 3 0x80008dc8 (0x02af0633) x12 0x00000000
core   0: 0x80008dcc (0x00b5dcb3) srl     s9, a1, a1
core   0: 3 0x80008dcc (0x00b5dcb3) x25 0xe8200000
core   0: 0x80008dd0 (0x037f8833) mul     a6, t6, s7
core   0: 3 0x80008dd0 (0x037f8833) x16 0x00000001
core   0: 0x80008dd4 (0x02790163) beq     s2, t2, pc + 34
core   0: 3 0x80008dd4 (0x02790163)
core   0: 0x80008dd8 (0x026ab9b3) mulhu   s3, s5, t1
core   0: 3 0x80008dd8 (0x026ab9b3) x19 0x00000000
core   0: 0x80008ddc (0xd14cee93) ori     t4, s9, -748
core   0: 3 0x80008ddc (0xd14cee93) x29 0xfffffd14
core   0: 0x80008de0 (0x00008da9) c.xor   a1, a0
core   0: 3 0x80008de0 (0x8da9) x11 0x1445f364
core   0: 0x80008de2 (0x0092bcb3) sltu    s9, t0, s1
core   0: 3 0x80008de2 (0x0092bcb3) x25 0x00000001
core   0: 0x80008de6 (0x340750f3) csrrwi  ra, mscratch, 14
core   0: 3 0x80008de6 (0x340750f3) x1  0xffffffff c832_mscratch 0x0000000e
core   0: 0x80008dea (0x03ec9ab3) mulh    s5, s9, t5
core   0: 3 0x80008dea (0x03ec9ab3) x21 0x00000000
core   0: 0x80008dee (0x340b71f3) csrrci  gp, mscratch, 22
core   0: 3 0x80008dee (0x340b71f3) x3  0x0000000e c832_mscratch 0x00000008
core   0: 0x80008df2 (0x0ff0000f) fence   iorw,iorw
core   0: 3 0x80008df2 (0x0ff0000f)
core   0: 0x80008df6 (0x037013b3) mulh    t2, zero, s7
core   0: 3 0x80008df6 (0x037013b3) x7  0x00000000
core   0: 0x80008dfa (0x34095073) csrwi   mscratch, 18
core   0: 3 0x80008dfa (0x34095073) c832_mscratch 0x00000012
core   0: 0x80008dfe (0x27c7ec93) ori     s9, a5, 636
core   0: 3 0x80008dfe (0x27c7ec93) x25 0x7a652a7d
core   0: 0x80008e02 (0x005e2a33) slt     s4, t3, t0
core   0: 3 0x80008e02 (0x005e2a33) x20 0x00000001
core   0: 0x80008e06 (0x03d7ef33) rem     t5, a5, t4
core   0: 3 0x80008e06 (0x03d7ef33) x30 0x00000159
core   0: 0x80008e0a (0x0029ab33) slt     s6, s3, sp
core   0: 3 0x80008e0a (0x0029ab33) x22 0x00000000
core   0: 0x80008e0e (0x4949b2b7) lui     t0, 0x4949b
core   0: 3 0x80008e0e (0x4949b2b7) x5  0x4949b000
core   0: 0x80008e12 (0x340e2973) csrrs   s2, mscratch, t3
core   0: 3 0x80008e12 (0x340e2973) x18 0x00000012 c832_mscratch 0x80025eb6
core   0: 0x80008e16 (0x17420893) addi    a7, tp, 372
core   0: 3 0x80008e16 (0x17420893) x17 0x80029e9c
core   0: 0x80008e1a (0x02ad09b3) mul     s3, s10, a0
core   0: 3 0x80008e1a (0x02ad09b3) x19 0xddbe15a0
core   0: 0x80008e1e (0x00676ab3) or      s5, a4, t1
core   0: 3 0x80008e1e (0x00676ab3) x21 0x00000001
core   0: 0x80008e22 (0x00309313) slli    t1, ra, 3
core   0: 3 0x80008e22 (0x00309313) x6  0xfffffff8
core   0: 0x80008e26 (0x0000833d) c.srli  a4, 15
core   0: 3 0x80008e26 (0x833d) x14 0x00000000
core   0: 0x80008e28 (0x91904793) xori    a5, zero, -1767
core   0: 3 0x80008e28 (0x91904793) x15 0xfffff919
core   0: 0x80008e2c (0x0079a0b3) slt     ra, s3, t2
core   0: 3 0x80008e2c (0x0079a0b3) x1  0x00000001
core   0: 0x80008e30 (0x02eb9c63) bne     s7, a4, pc + 56
core   0: 3 0x80008e30 (0x02eb9c63)
core   0: 0x80008e68 (0xfb4d6b93) ori     s7, s10, -76
core   0: 3 0x80008e68 (0xfb4d6b93) x23 0xffffffbc
core   0: 0x80008e6c (0x00598363) beq     s3, t0, pc + 6
core   0: 3 0x80008e6c (0x00598363)
core   0: 0x80008e70 (0x0000e401) c.bnez  s0, pc + 8
core   0: 3 0x80008e70 (0xe401)
core   0: 0x80008e78 (0x0000c701) c.beqz  a4, pc + 8
core   0: 3 0x80008e78 (0xc701)
core   0: 0x80008e80 (0x00009b7d) c.andi  a4, -1
core   0: 3 0x80008e80 (0x9b7d) x14 0x00000000
core   0: 0x80008e82 (0x00d578b3) and     a7, a0, a3
core   0: 3 0x80008e82 (0x00d578b3) x17 0x80009124
core   0: 0x80008e86 (0x039a7933) remu    s2, s4, s9
core   0: 3 0x80008e86 (0x039a7933) x18 0x00000001
core   0: 0x80008e8a (0x02340fb3) mul     t6, s0, gp
core   0: 3 0x80008e8a (0x02340fb3) x31 0x00249830
core   0: 0x80008e8e (0x02bbccb3) div     s9, s7, a1
core   0: 3 0x80008e8e (0x02bbccb3) x25 0x00000000
core   0: 0x80008e92 (0x494bed13) ori     s10, s7, 1172
core   0: 3 0x80008e92 (0x494bed13) x26 0xffffffbc
core   0: 0x80008e96 (0x0000c399) c.beqz  a5, pc + 6
core   0: 3 0x80008e96 (0xc399)
core   0: 0x80008e98 (0x0000825d) c.srli  a2, 23
core   0: 3 0x80008e98 (0x825d) x12 0x00000000
core   0: 0x80008e9a (0x00000001) c.nop
core   0: 3 0x80008e9a (0x0001)
core   0: 0x80008e9c (0x41b35633) sra     a2, t1, s11
core   0: 3 0x80008e9c (0x41b35633) x12 0xffffffff
core   0: 0x80008ea0 (0x00008455) c.srai  s0, 21
core   0: 3 0x80008ea0 (0x8455) x8  0xfffffc00
core   0: 0x80008ea2 (0x34003073) csrc    mscratch, zero
core   0: 3 0x80008ea2 (0x34003073)
core   0: 0x80008ea6 (0x34003473) csrrc   s0, mscratch, zero
core   0: 3 0x80008ea6 (0x34003473) x8  0x80025eb6
core   0: 0x80008eaa (0x01694bb3) xor     s7, s2, s6
core   0: 3 0x80008eaa (0x01694bb3) x23 0x00000001
core   0: 0x80008eae (0x01bb4eb3) xor     t4, s6, s11
core   0: 3 0x80008eae (0x01bb4eb3) x29 0xb5c7bd04
core   0: 0x80008eb2 (0x38b67813) andi    a6, a2, 907
core   0: 3 0x80008eb2 (0x38b67813) x16 0x0000038b
core   0: 0x80008eb6 (0x340620f3) csrrs   ra, mscratch, a2
core   0: 3 0x80008eb6 (0x340620f3) x1  0x80025eb6 c832_mscratch 0xffffffff
core   0: 0x80008eba (0x01c342b3) xor     t0, t1, t3
core   0: 3 0x80008eba (0x01c342b3) x5  0x7ffda15c
core   0: 0x80008ebe (0x02229263) bne     t0, sp, pc + 36
core   0: 3 0x80008ebe (0x02229263)
core   0: 0x80008ee2 (0x00008d39) c.xor   a0, a4
core   0: 3 0x80008ee2 (0x8d39) x10 0xfc65f364
core   0: 0x80008ee4 (0x000089a1) c.andi  a1, 8
core   0: 3 0x80008ee4 (0x89a1) x11 0x00000000
core   0: 0x80008ee6 (0x033f81b3) mul     gp, t6, s3
core   0: 3 0x80008ee6 (0x033f81b3) x3  0x7afb0e00
core   0: 0x80008eea (0x027d8d63) beq     s11, t2, pc + 58
core   0: 3 0x80008eea (0x027d8d63)
core   0: 0x80008eee (0x0000c0a1) c.beqz  s1, pc + 64
core   0: 3 0x80008eee (0xc0a1)
core   0: 0x80008ef0 (0x8244ea13) ori     s4, s1, -2012
core   0: 3 0x80008ef0 (0x8244ea13) x20 0xfffff834
core   0: 0x80008ef4 (0x0191e463) bltu    gp, s9, pc + 8
core   0: 3 0x80008ef4 (0x0191e463)
core   0: 0x80008ef8 (0x340039f3) csrrc   s3, mscratch, zero
core   0: 3 0x80008ef8 (0x340039f3) x19 0xffffffff
core   0: 0x80008efc (0x00cc0c63) beq     s8, a2, pc + 24
core   0: 3 0x80008efc (0x00cc0c63)
core   0: 0x80008f00 (0x340ad773) csrrwi  a4, mscratch, 21
core   0: 3 0x80008f00 (0x340ad773) x14 0xffffffff c832_mscratch 0x00000015
core   0: 0x80008f04 (0x00008d55) c.or    a0, a3
core   0: 3 0x80008f04 (0x8d55) x10 0xfc67ff64
core   0: 0x80008f06 (0x8bca3737) lui     a4, 0x8bca3
core   0: 3 0x80008f06 (0x8bca3737) x14 0x8bca3000
core   0: 0x80008f0a (0x0000100f) fence.i
core   0: 3 0x80008f0a (0x0000100f)
core   0: 0x80008f0e (0xf7864b93) xori    s7, a2, -136
core   0: 3 0x80008f0e (0xf7864b93) x23 0x00000087
core   0: 0x80008f12 (0x0000044e) c.slli  s0, 19
core   0: 3 0x80008f12 (0x044e) x8  0xf5b00000
core   0: 0x80008f14 (0x340e7f73) csrrci  t5, mscratch, 28
core   0: 3 0x80008f14 (0x340e7f73) x30 0x00000015 c832_mscratch 0x00000001
core   0: 0x80008f18 (0x3407ec73) csrrsi  s8, mscratch, 15
core   0: 3 0x80008f18 (0x3407ec73) x24 0x00000001 c832_mscratch 0x0000000f
core   0: 0x80008f1c (0x031f71b3) remu    gp, t5, a7
core   0: 3 0x80008f1c (0x031f71b3) x3  0x00000015
core   0: 0x80008f20 (0x34002c73) csrr    s8, mscratch
core   0: 3 0x80008f20 (0x34002c73) x24 0x0000000f
core   0: 0x80008f24 (0x00000352) c.slli  t1, 20
core   0: 3 0x80008f24 (0x0352) x6  0xff800000
core   0: 0x80008f26 (0x340022f3) csrr    t0, mscratch
core   0: 3 0x80008f26 (0x340022f3) x5  0x0000000f
core   0: 0x80008f2a (0x340023f3) csrr    t2, mscratch
core   0: 3 0x80008f2a (0x340023f3) x7  0x0000000f
core   0: 0x80008f2e (0x02cd5433) divu    s0, s10, a2
core   0: 3 0x80008f2e (0x02cd5433) x8  0x00000000
core   0: 0x80008f32 (0x02f73a33) mulhu   s4, a4, a5
core   0: 3 0x80008f32 (0x02f73a33) x20 0x8bca2c3b
core   0: 0x80008f36 (0x40df84b3) sub     s1, t6, a3
core   0: 3 0x80008f36 (0x40df84b3) x9  0x8021fb0c
core   0: 0x80008f3a (0x00000001) c.nop
core   0: 3 0x80008f3a (0x0001)
core   0: 0x80008f3c (0x0000ef9d) c.bnez  a5, pc + 62
core   0: 3 0x80008f3c (0xef9d)
core   0: 0x80008f7a (0x3400ec73) csrrsi  s8, mscratch, 1
core   0: 3 0x80008f7a (0x3400ec73) x24 0x0000000f c832_mscratch 0x0000000f
core   0: 0x80008f7e (0x340d1573) csrrw   a0, mscratch, s10
core   0: 3 0x80008f7e (0x340d1573) x10 0x0000000f c832_mscratch 0xffffffbc
core   0: 0x80008f82 (0x03e047b3) div     a5, zero, t5
core   0: 3 0x80008f82 (0x03e047b3) x15 0x00000000
core   0: 0x80008f86 (0x02fd85b3) mul     a1, s11, a5
core   0: 3 0x80008f86 (0x02fd85b3) x11 0x00000000
core   0: 0x80008f8a (0x340b35f3) csrrc   a1, mscratch, s6
core   0: 3 0x80008f8a (0x340b35f3) x11 0xffffffbc c832_mscratch 0xffffffbc
core   0: 0x80008f8e (0x00c47833) and     a6, s0, a2
core   0: 3 0x80008f8e (0x00c47833) x16 0x00000000
core   0: 0x80008f92 (0x34007873) csrrci  a6, mscratch, 0
core   0: 3 0x80008f92 (0x34007873) x16 0xffffffbc
core   0: 0x80008f96 (0x340aa673) csrrs   a2, mscratch, s5
core   0: 3 0x80008f96 (0x340aa673) x12 0xffffffbc c832_mscratch 0xffffffbd
core   0: 0x80008f9a (0x416b7d13) andi    s10, s6, 1046
core   0: 3 0x80008f9a (0x416b7d13) x26 0x00000000
core   0: 0x80008f9e (0x01dd89b3) add     s3, s11, t4
core   0: 3 0x80008f9e (0x01dd89b3) x19 0x6b8f7a08
core   0: 0x80008fa2 (0x00008fe9) c.and   a5, a0
core   0: 3 0x80008fa2 (0x8fe9) x15 0x00000000
core   0: 0x80008fa4 (0x0000100f) fence.i
core   0: 3 0x80008fa4 (0x0000100f)
core   0: 0x80008fa8 (0x0000e605) c.bnez  a2, pc + 40
core   0: 3 0x80008fa8 (0xe605)
core   0: 0x80008fd0 (0x174e6d93) ori     s11, t3, 372
core   0: 3 0x80008fd0 (0x174e6d93) x27 0x80025ff4
core   0: 0x80008fd4 (0x01ec5463) bge     s8, t5, pc + 8
core   0: 3 0x80008fd4 (0x01ec5463)
core   0: 0x80008fd8 (0x0bea8537) lui     a0, 0xbea8
core   0: 3 0x80008fd8 (0x0bea8537) x10 0x0bea8000
core   0: 0x80008fdc (0x02f927b3) mulhsu  a5, s2, a5
core   0: 3 0x80008fdc (0x02f927b3) x15 0x00000000
core   0: 0x80008fe0 (0x02ca9963) bne     s5, a2, pc + 50
core   0: 3 0x80008fe0 (0x02ca9963)
core   0: 0x80009012 (0x00008115) c.srli  a0, 5
core   0: 3 0x80009012 (0x8115) x10 0x005f5400
core   0: 0x80009014 (0x3404abf3) csrrs   s7, mscratch, s1
core   0: 3 0x80009014 (0x3404abf3) x23 0xffffffbd c832_mscratch 0xffffffbd
core   0: 0x80009018 (0x01f09363) bne     ra, t6, pc + 6
core   0: 3 0x80009018 (0x01f09363)
core   0: 0x8000901e (0x006d7bb3) and     s7, s10, t1
core   0: 3 0x8000901e (0x006d7bb3) x23 0x00000000
core   0: 0x80009022 (0x340032f3) csrrc   t0, mscratch, zero
core   0: 3 0x80009022 (0x340032f3) x5  0xffffffbd
core   0: 0x80009026 (0x00001cfd) c.addi  s9, -1
core   0: 3 0x80009026 (0x1cfd) x25 0xffffffff
core   0: 0x80009028 (0x00008fb1) c.xor   a5, a2
core   0: 3 0x80009028 (0x8fb1) x15 0xffffffbc
core   0: 0x8000902a (0x002b3bb3) sltu    s7, s6, sp
core   0: 3 0x8000902a (0x002b3bb3) x23 0x00000001
core   0: 0x8000902e (0x00004609) c.li    a2, 2
core   0: 3 0x8000902e (0x4609) x12 0x00000002
core   0: 0x80009030 (0x00009bfd) c.andi  a5, -1
core   0: 3 0x80009030 (0x9bfd) x15 0xffffffbc
core   0: 0x80009032 (0x030f35b3) mulhu   a1, t5, a6
core   0: 3 0x80009032 (0x030f35b3) x11 0x00000014
core   0: 0x80009036 (0x0000100f) fence.i
core   0: 3 0x80009036 (0x0000100f)
core   0: 0x8000903a (0x34047373) csrrci  t1, mscratch, 8
core   0: 3 0x8000903a (0x34047373) x6  0xffffffbd c832_mscratch 0xffffffb5
core   0: 0x8000903e (0x00abe563) bltu    s7, a0, pc + 10
core   0: 3 0x8000903e (0x00abe563)
core   0: 0x80009048 (0x34025373) csrrwi  t1, mscratch, 4
core   0: 3 0x80009048 (0x34025373) x6  0xffffffb5 c832_mscratch 0x00000004
core   0: 0x8000904c (0x0382b433) mulhu   s0, t0, s8
core   0: 3 0x8000904c (0x0382b433) x8  0x0000000e
core   0: 0x80009050 (0x028a79b3) remu    s3, s4, s0
core   0: 3 0x80009050 (0x028a79b3) x19 0x00000001
core   0: 0x80009054 (0x896fe393) ori     t2, t6, -1898
core   0: 3 0x80009054 (0x896fe393) x7  0xfffff8b6
core   0: 0x80009058 (0x00ffe1b3) or      gp, t6, a5
core   0: 3 0x80009058 (0x00ffe1b3) x3  0xffffffbc
core   0: 0x8000905c (0x00008297) auipc   t0, 0x8
core   0: 3 0x8000905c (0x00008297) x5  0x8001105c
core   0: 0x80009060 (0xc3728293) addi    t0, t0, -969
core   0: 3 0x80009060 (0xc3728293) x5  0x80010c93
core   0: 0x80009064 (0x019f1d33) sll     s10, t5, s9
core   0: 3 0x80009064 (0x019f1d33) x26 0x80000000
core   0: 0x80009068 (0xaec2ca83) lbu     s5, -1300(t0)
core   0: 3 0x80009068 (0xaec2ca83) x21 0x000000fe mem 0x8001077f
core   0: 0x8000906c (0x413f0533) sub     a0, t5, s3
core   0: 3 0x8000906c (0x413f0533) x10 0x00000014
core   0: 0x80009070 (0xa3d295a3) sh      t4, -1493(t0)
core   0: 3 0x80009070 (0xa3d295a3) mem 0x800106be 0xbd04
core   0: 0x80009074 (0x03c51fb3) mulh    t6, a0, t3
core   0: 3 0x80009074 (0x03c51fb3) x31 0xfffffff6
core   0: 0x80009078 (0x00006435) c.lui   s0, 0xd
core   0: 3 0x80009078 (0x6435) x8  0x0000d000
core   0: 0x8000907a (0x0712df03) lhu     t5, 113(t0)
core   0: 3 0x8000907a (0x0712df03) x30 0x0000c2ee mem 0x80010d04
core   0: 0x8000907e (0x00e1e1b3) or      gp, gp, a4
core   0: 3 0x8000907e (0x00e1e1b3) x3  0xffffffbc
core   0: 0x80009082 (0x379ba613) slti    a2, s7, 889
core   0: 3 0x80009082 (0x379ba613) x12 0x00000001
core   0: 0x80009086 (0x87a28d83) lb      s11, -1926(t0)
core   0: 3 0x80009086 (0x87a28d83) x27 0xffffffff mem 0x8001050d
core   0: 0x8000908a (0xd3a28803) lb      a6, -710(t0)
core   0: 3 0x8000908a (0xd3a28803) x16 0xfffffff2 mem 0x800109cd
core   0: 0x8000908e (0x00004b41) c.li    s6, 16
core   0: 3 0x8000908e (0x4b41) x22 0x00000010
core   0: 0x80009090 (0x00000fbe) c.slli  t6, 15
core   0: 3 0x80009090 (0x0fbe) x31 0xfffb0000
core   0: 0x80009092 (0x0caa4493) xori    s1, s4, 202
core   0: 3 0x80009092 (0x0caa4493) x9  0x8bca2cf1
core   0: 0x80009096 (0x2b728403) lb      s0, 695(t0)
core   0: 3 0x80009096 (0x2b728403) x8  0xffffffc1 mem 0x80010f4a
core   0: 0x8000909a (0x0213c333) div     t1, t2, ra
core   0: 3 0x8000909a (0x0213c333) x6  0x00000000
core   0: 0x8000909e (0x00fb0333) add     t1, s6, a5
core   0: 3 0x8000909e (0x00fb0333) x6  0xffffffcc
core   0: 0x800090a2 (0xbd129b03) lh      s6, -1071(t0)
core   0: 3 0x800090a2 (0xbd129b03) x22 0xffffd2d0 mem 0x80010864
core   0: 0x800090a6 (0x0a428d83) lb      s11, 164(t0)
core   0: 3 0x800090a6 (0x0a428d83) x27 0xffffffab mem 0x80010d37
core   0: 0x800090aa (0xf2d2c783) lbu     a5, -211(t0)
core   0: 3 0x800090aa (0xf2d2c783) x15 0x000000a9 mem 0x80010bc0
core   0: 0x800090ae (0x02e6b313) sltiu   t1, a3, 46
core   0: 3 0x800090ae (0x02e6b313) x6  0x00000000
core   0: 0x800090b2 (0xa756a993) slti    s3, a3, -1419
core   0: 3 0x800090b2 (0xa756a993) x19 0x00000001
core   0: 0x800090b6 (0xb6a28423) sb      a0, -1176(t0)
core   0: 3 0x800090b6 (0xb6a28423) mem 0x800107fb 0x14
core   0: 0x800090ba (0x8c728523) sb      t2, -1846(t0)
core   0: 3 0x800090ba (0x8c728523) mem 0x8001055d 0xb6
core   0: 0x800090be (0xd8e78993) addi    s3, a5, -626
core   0: 3 0x800090be (0xd8e78993) x19 0xfffffe37
core   0: 0x800090c2 (0x00000daa) c.slli  s11, 10
core   0: 3 0x800090c2 (0x0daa) x27 0xfffeac00
core   0: 0x800090c4 (0x89228f83) lb      t6, -1902(t0)
core   0: 3 0x800090c4 (0x89228f83) x31 0xffffffa7 mem 0x80010525
core   0: 0x800090c8 (0x8702cd03) lbu     s10, -1936(t0)
core   0: 3 0x800090c8 (0x8702cd03) x26 0x00000088 mem 0x80010503
core   0: 0x800090cc (0xe1128803) lb      a6, -495(t0)
core   0: 3 0x800090cc (0xe1128803) x16 0xffffffdb mem 0x80010aa4
core   0: 0x800090d0 (0x000080c5) c.srli  s1, 17
core   0: 3 0x800090d0 (0x80c5) x9  0x000045e5
core   0: 0x800090d2 (0x03d6a3b3) mulhsu  t2, a3, t4
core   0: 3 0x800090d2 (0x03d6a3b3) x7  0xa51dfca2
core   0: 0x800090d6 (0x02652333) mulhsu  t1, a0, t1
core   0: 3 0x800090d6 (0x02652333) x6  0x00000000
core   0: 0x800090da (0x02dd79b3) remu    s3, s10, a3
core   0: 3 0x800090da (0x02dd79b3) x19 0x00000088
core   0: 0x800090de (0x032a1cb3) mulh    s9, s4, s2
core   0: 3 0x800090de (0x032a1cb3) x25 0xffffffff
core   0: 0x800090e2 (0x3172d583) lhu     a1, 791(t0)
core   0: 3 0x800090e2 (0x3172d583) x11 0x0000018c mem 0x80010faa
core   0: 0x800090e6 (0x033ad833) divu    a6, s5, s3
core   0: 3 0x800090e6 (0x033ad833) x16 0x00000001
core   0: 0x800090ea (0xa7c28483) lb      s1, -1412(t0)
core   0: 3 0x800090ea (0xa7c28483) x9  0x0000001b mem 0x8001070f
core   0: 0x800090ee (0xefa28c23) sb      s10, -264(t0)
core   0: 3 0x800090ee (0xefa28c23) mem 0x80010b8b 0x88
core   0: 0x800090f2 (0x34007df3) csrrci  s11, mscratch, 0
core   0: 3 0x800090f2 (0x34007df3) x27 0x00000004
core   0: 0x800090f6 (0xc2d28da3) sb      a3, -965(t0)
core   0: 3 0x800090f6 (0xc2d28da3) mem 0x800108ce 0x24
core   0: 0x800090fa (0x35f2d803) lhu     a6, 863(t0)
core   0: 3 0x800090fa (0x35f2d803) x16 0x000063b7 mem 0x80010ff2
core   0: 0x800090fe (0x10328883) lb      a7, 259(t0)
core   0: 3 0x800090fe (0x10328883) x17 0x00000021 mem 0x80010d96
core   0: 0x80009102 (0xcc828803) lb      a6, -824(t0)
core   0: 3 0x80009102 (0xcc828803) x16 0xffffffff mem 0x8001095b
core   0: 0x80009106 (0x18f29603) lh      a2, 399(t0)
core   0: 3 0x80009106 (0x18f29603) x12 0x00004ce1 mem 0x80010e22
core   0: 0x8000910a (0xf522cd83) lbu     s11, -174(t0)
core   0: 3 0x8000910a (0xf522cd83) x27 0x0000008e mem 0x80010be5
core   0: 0x8000910e (0x304f8b13) addi    s6, t6, 772
core   0: 3 0x8000910e (0x304f8b13) x22 0x000002ab
core   0: 0x80009112 (0x002071b3) and     gp, zero, sp
core   0: 3 0x80009112 (0x002071b3) x3  0x00000000
core   0: 0x80009116 (0x3122c503) lbu     a0, 786(t0)
core   0: 3 0x80009116 (0x3122c503) x10 0x000000aa mem 0x80010fa5
core   0: 0x8000911a (0x34007d73) csrrci  s10, mscratch, 0
core   0: 3 0x8000911a (0x34007d73) x26 0x00000004
core   0: 0x8000911e (0x0172f663) bgeu    t0, s7, pc + 12
core   0: 3 0x8000911e (0x0172f663)
core   0: 0x8000912a (0x0331a9b3) mulhsu  s3, gp, s3
core   0: 3 0x8000912a (0x0331a9b3) x19 0x00000000
core   0: 0x8000912e (0x022cfb33) remu    s6, s9, sp
core   0: 3 0x8000912e (0x022cfb33) x22 0x039a0ca7
core   0: 0x80009132 (0x66953c37) lui     s8, 0x66953
core   0: 3 0x80009132 (0x66953c37) x24 0x66953000
core   0: 0x80009136 (0x0000100f) fence.i
core   0: 3 0x80009136 (0x0000100f)
core   0: 0x8000913a (0x00919033) sll     zero, gp, s1
core   0: 3 0x8000913a (0x00919033)
core   0: 0x8000913e (0x34006373) csrrsi  t1, mscratch, 0
core   0: 3 0x8000913e (0x34006373) x6  0x00000004
core   0: 0x80009142 (0x00009992) c.add   s3, tp
core   0: 3 0x80009142 (0x9992) x19 0x80029d28
core   0: 0x80009144 (0x0000e0a1) c.bnez  s1, pc + 64
core   0: 3 0x80009144 (0xe0a1)
core   0: 0x80009184 (0x3408ecf3) csrrsi  s9, mscratch, 17
core   0: 3 0x80009184 (0x3408ecf3) x25 0x00000004 c832_mscratch 0x00000015
core   0: 0x80009188 (0x34007bf3) csrrci  s7, mscratch, 0
core   0: 3 0x80009188 (0x34007bf3) x23 0x00000015
core   0: 0x8000918c (0x0ff0000f) fence   iorw,iorw
core   0: 3 0x8000918c (0x0ff0000f)
core   0: 0x80009190 (0x0252fab3) remu    s5, t0, t0
core   0: 3 0x80009190 (0x0252fab3) x21 0x00000000
core   0: 0x80009194 (0x3d560637) lui     a2, 0x3d560
core   0: 3 0x80009194 (0x3d560637) x12 0x3d560000
core   0: 0x80009198 (0x84164f13) xori    t5, a2, -1983
core   0: 3 0x80009198 (0x84164f13) x30 0xc2a9f841
core   0: 0x8000919c (0x02769db3) mulh    s11, a3, t2
core   0: 3 0x8000919c (0x02769db3) x27 0x2d701421
core   0: 0x800091a0 (0xb27aaf93) slti    t6, s5, -1241
core   0: 3 0x800091a0 (0xb27aaf93) x31 0x00000000
core   0: 0x800091a4 (0xe0824313) xori    t1, tp, -504
core   0: 3 0x800091a4 (0xe0824313) x6  0x7ffd6320
core   0: 0x800091a8 (0xd293c193) xori    gp, t2, -727
core   0: 3 0x800091a8 (0xd293c193) x3  0x5ae2018b
core   0: 0x800091ac (0x000099aa) c.add   s3, a0
core   0: 3 0x800091ac (0x99aa) x19 0x80029dd2
core   0: 0x800091ae (0x34002ef3) csrr    t4, mscratch
core   0: 3 0x800091ae (0x34002ef3) x29 0x00000015
core   0: 0x800091b2 (0x020932b3) mulhu   t0, s2, zero
core   0: 3 0x800091b2 (0x020932b3) x5  0x00000000
core   0: 0x800091b6 (0x00009c0e) c.add   s8, gp
core   0: 3 0x800091b6 (0x9c0e) x24 0xc177318b
core   0: 0x800091b8 (0x34003d73) csrrc   s10, mscratch, zero
core   0: 3 0x800091b8 (0x34003d73) x26 0x00000015
core   0: 0x800091bc (0x3409d573) csrrwi  a0, mscratch, 19
core   0: 3 0x800091bc (0x3409d573) x10 0x00000015 c832_mscratch 0x00000013
core   0: 0x800091c0 (0x01babc33) sltu    s8, s5, s11
core   0: 3 0x800091c0 (0x01babc33) x24 0x00000001
core   0: 0x800091c4 (0x0000a397) auipc   t2, 0xa
core   0: 3 0x800091c4 (0x0000a397) x7  0x800131c4
core   0: 0x800091c8 (0x10938393) addi    t2, t2, 265
core   0: 3 0x800091c8 (0x10938393) x7  0x800132cd
core   0: 0x800091cc (0x0ab38c83) lb      s9, 171(t2)
core   0: 3 0x800091cc (0x0ab38c83) x25 0x0000000f mem 0x80013378
core   0: 0x800091d0 (0x00006519) c.lui   a0, 0x6
core   0: 3 0x800091d0 (0x6519) x10 0x00006000
core   0: 0x800091d2 (0x09738803) lb      a6, 151(t2)
core   0: 3 0x800091d2 (0x09738803) x16 0xffffffbf mem 0x80013364
core   0: 0x800091d6 (0x34007ef3) csrrci  t4, mscratch, 0
core   0: 3 0x800091d6 (0x34007ef3) x29 0x00000013
core   0: 0x800091da (0x000089fd) c.andi  a1, 31
core   0: 3 0x800091da (0x89fd) x11 0x0000000c
core   0: 0x800091dc (0x00005dfd) c.li    s11, -1
core   0: 3 0x800091dc (0x5dfd) x27 0xffffffff
core   0: 0x800091de (0x41ff5613) srai    a2, t5, 31
core   0: 3 0x800091de (0x41ff5613) x12 0xffffffff
core   0: 0x800091e2 (0x41e504b3) sub     s1, a0, t5
core   0: 3 0x800091e2 (0x41e504b3) x9  0x3d5667bf
core   0: 0x800091e6 (0x00449e93) slli    t4, s1, 4
core   0: 3 0x800091e6 (0x00449e93) x29 0xd5667bf0
core   0: 0x800091ea (0x0018e4b3) or      s1, a7, ra
core   0: 3 0x800091ea (0x0018e4b3) x9  0x80025eb7
core   0: 0x800091ee (0x009ea533) slt     a0, t4, s1
core   0: 3 0x800091ee (0x009ea533) x10 0x00000000
core   0: 0x800091f2 (0x03e311b3) mulh    gp, t1, t5
core   0: 3 0x800091f2 (0x03e311b3) x3  0xe1559c62
core   0: 0x800091f6 (0x00000001) c.nop
core   0: 3 0x800091f6 (0x0001)
core   0: 0x800091f8 (0xf383cf03) lbu     t5, -200(t2)
core   0: 3 0x800091f8 (0xf383cf03) x30 0x000000fc mem 0x80013205
core   0: 0x800091fc (0xf9638183) lb      gp, -106(t2)
core   0: 3 0x800091fc (0xf9638183) x3  0x00000074 mem 0x80013263
core   0: 0x80009200 (0x09a39da3) sh      s10, 155(t2)
core   0: 3 0x80009200 (0x09a39da3) mem 0x80013368 0x0015
core   0: 0x80009204 (0x07a38583) lb      a1, 122(t2)
core   0: 3 0x80009204 (0x07a38583) x11 0x00000079 mem 0x80013347
core   0: 0x80009208 (0x340274f3) csrrci  s1, mscratch, 4
core   0: 3 0x80009208 (0x340274f3) x9  0x00000013 c832_mscratch 0x00000013
core   0: 0x8000920c (0x00013eb3) sltu    t4, sp, zero
core   0: 3 0x8000920c (0x00013eb3) x29 0x00000000
core   0: 0x80009210 (0xf183c503) lbu     a0, -232(t2)
core   0: 3 0x80009210 (0xf183c503) x10 0x0000009e mem 0x800131e5
core   0: 0x80009214 (0x0000899d) c.andi  a1, 7
core   0: 3 0x80009214 (0x899d) x11 0x00000001
core   0: 0x80009216 (0x4196d313) srai    t1, a3, 25
core   0: 3 0x80009216 (0x4196d313) x6  0xffffffc0
core   0: 0x8000921a (0xfb73cd83) lbu     s11, -73(t2)
core   0: 3 0x8000921a (0xfb73cd83) x27 0x0000005b mem 0x80013284
core   0: 0x8000921e (0x0f538b23) sb      s5, 246(t2)
core   0: 3 0x8000921e (0x0f538b23) mem 0x800133c3 0x00
core   0: 0x80009222 (0x0175f9b3) and     s3, a1, s7
core   0: 3 0x80009222 (0x0175f9b3) x19 0x00000001
core   0: 0x80009226 (0x01491d93) slli    s11, s2, 20
core   0: 3 0x80009226 (0x01491d93) x27 0x00100000
core   0: 0x8000922a (0xf9a38083) lb      ra, -102(t2)
core   0: 3 0x8000922a (0xf9a38083) x1  0xffffffd2 mem 0x80013267
core   0: 0x8000922e (0xfd4399a3) sh      s4, -45(t2)
core   0: 3 0x8000922e (0xfd4399a3) mem 0x800132a0 0x2c3b
core   0: 0x80009232 (0x0c83c303) lbu     t1, 200(t2)
core   0: 3 0x80009232 (0x0c83c303) x6  0x000000d4 mem 0x80013395
core   0: 0x80009236 (0x0f93c903) lbu     s2, 249(t2)
core   0: 3 0x80009236 (0x0f93c903) x18 0x000000a6 mem 0x800133c6
core   0: 0x8000923a (0x0213cf03) lbu     t5, 33(t2)
core   0: 3 0x8000923a (0x0213cf03) x30 0x000000ef mem 0x800132ee
core   0: 0x8000923e (0x00008895) c.andi  s1, 5
core   0: 3 0x8000923e (0x8895) x9  0x00000001
core   0: 0x80009240 (0xf47394a3) sh      t2, -183(t2)
core   0: 3 0x80009240 (0xf47394a3) mem 0x80013216 0x32cd
core   0: 0x80009244 (0x0883c583) lbu     a1, 136(t2)
core   0: 3 0x80009244 (0x0883c583) x11 0x000000b4 mem 0x80013355
core   0: 0x80009248 (0xa1918093) addi    ra, gp, -1511
core   0: 3 0x80009248 (0xa1918093) x1  0xfffffa8d
core   0: 0x8000924c (0x00f39583) lh      a1, 15(t2)
core   0: 3 0x8000924c (0x00f39583) x11 0x00001052 mem 0x800132dc
core   0: 0x80009250 (0xfc739ea3) sh      t2, -35(t2)
core   0: 3 0x80009250 (0xfc739ea3) mem 0x800132aa 0x32cd
core   0: 0x80009254 (0xf3438d23) sb      s4, -198(t2)
core   0: 3 0x80009254 (0xf3438d23) mem 0x80013207 0x3b
core   0: 0x80009258 (0x0ae38503) lb      a0, 174(t2)
core   0: 3 0x80009258 (0x0ae38503) x10 0x00000054 mem 0x8001337b
core   0: 0x8000925c (0x025a0eb3) mul     t4, s4, t0
core   0: 3 0x8000925c (0x025a0eb3) x29 0x00000000
core   0: 0x80009260 (0x00000001) c.nop
core   0: 3 0x80009260 (0x0001)
core   0: 0x80009262 (0x0f938c23) sb      s9, 248(t2)
core   0: 3 0x80009262 (0x0f938c23) mem 0x800133c5 0x0f
core   0: 0x80009266 (0x01594ab3) xor     s5, s2, s5
core   0: 3 0x80009266 (0x01594ab3) x21 0x000000a6
core   0: 0x8000926a (0x82526e93) ori     t4, tp, -2011
core   0: 3 0x8000926a (0x82526e93) x29 0xfffffd2d
core   0: 0x8000926e (0x08438c83) lb      s9, 132(t2)
core   0: 3 0x8000926e (0x08438c83) x25 0x0000000c mem 0x80013351
core   0: 0x80009272 (0x06d383a3) sb      a3, 103(t2)
core   0: 3 0x80009272 (0x06d383a3) mem 0x80013334 0x24
core   0: 0x80009276 (0x03574533) div     a0, a4, s5
core   0: 3 0x80009276 (0x03574533) x10 0xff4cc8c6
core   0: 0x8000927a (0x00b10c33) add     s8, sp, a1
core   0: 3 0x8000927a (0x00b10c33) x24 0xfc6603aa
core   0: 0x8000927e (0x00954833) xor     a6, a0, s1
core   0: 3 0x8000927e (0x00954833) x16 0xff4cc8c7
core   0: 0x80009282 (0xffd38923) sb      t4, -14(t2)
core   0: 3 0x80009282 (0xffd38923) mem 0x800132bf 0x2d
core   0: 0x80009286 (0x340075f3) csrrci  a1, mscratch, 0
core   0: 3 0x80009286 (0x340075f3) x11 0x00000013
core   0: 0x8000928a (0x00008cd5) c.or    s1, a3
core   0: 3 0x8000928a (0x8cd5) x9  0x80029d25
core   0: 0x8000928c (0x091389a3) sb      a7, 147(t2)
core   0: 3 0x8000928c (0x091389a3) mem 0x80013360 0x21
core   0: 0x80009290 (0x05739c03) lh      s8, 87(t2)
core   0: 3 0x80009290 (0x05739c03) x24 0xffff94a7 mem 0x80013324
core   0: 0x80009294 (0xfd23c503) lbu     a0, -46(t2)
core   0: 3 0x80009294 (0xfd23c503) x10 0x00000070 mem 0x8001329f
core   0: 0x80009298 (0x02acfa63) bgeu    s9, a0, pc + 52
core   0: 3 0x80009298 (0x02acfa63)
core   0: 0x8000929c (0x00008d71) c.and   a0, a2
core   0: 3 0x8000929c (0x8d71) x10 0x00000070
core   0: 0x8000929e (0x01fbd9b3) srl     s3, s7, t6
core   0: 3 0x8000929e (0x01fbd9b3) x19 0x00000015
core   0: 0x800092a2 (0x340a9773) csrrw   a4, mscratch, s5
core   0: 3 0x800092a2 (0x340a9773) x14 0x00000013 c832_mscratch 0x000000a6
core   0: 0x800092a6 (0x03935b63) bge     t1, s9, pc + 54
core   0: 3 0x800092a6 (0x03935b63)
core   0: 0x800092dc (0x8f4fcc13) xori    s8, t6, -1804
core   0: 3 0x800092dc (0x8f4fcc13) x24 0xfffff8f4
core   0: 0x800092e0 (0x02f76c63) bltu    a4, a5, pc + 56
core   0: 3 0x800092e0 (0x02f76c63)
core   0: 0x80009318 (0x01e429b3) slt     s3, s0, t5
core   0: 3 0x80009318 (0x01e429b3) x19 0x00000001
core   0: 0x8000931c (0x0000427d) c.li    tp, 31
core   0: 3 0x8000931c (0x427d) x4  0x0000001f
core   0: 0x8000931e (0x00008cb5) c.xor   s1, a3
core   0: 3 0x8000931e (0x8cb5) x9  0x00000001
core   0: 0x80009320 (0x41c85d93) srai    s11, a6, 28
core   0: 3 0x80009320 (0x41c85d93) x27 0xffffffff
core   0: 0x80009324 (0x000087c6) c.mv    a5, a7
core   0: 3 0x80009324 (0x87c6) x15 0x00000021
core   0: 0x80009326 (0x34006073) csrsi   mscratch, 0
core   0: 3 0x80009326 (0x34006073)
core   0: 0x8000932a (0x023b12b3) mulh    t0, s6, gp
core   0: 3 0x8000932a (0x023b12b3) x5  0x00000001
core   0: 0x8000932e (0x00f35863) bge     t1, a5, pc + 16
core   0: 3 0x8000932e (0x00f35863)
core   0: 0x8000933e (0x41c807b3) sub     a5, a6, t3
core   0: 3 0x8000933e (0x41c807b3) x15 0x7f4a6a23
core   0: 0x80009342 (0x3408df73) csrrwi  t5, mscratch, 17
core   0: 3 0x80009342 (0x3408df73) x30 0x000000a6 c832_mscratch 0x00000011
core   0: 0x80009346 (0x000064c9) c.lui   s1, 0x12
core   0: 3 0x80009346 (0x64c9) x9  0x00012000
core   0: 0x80009348 (0x0000c311) c.beqz  a4, pc + 4
core   0: 3 0x80009348 (0xc311)
core   0: 0x8000934a (0x000040e5) c.li    ra, 25
core   0: 3 0x8000934a (0x40e5) x1  0x00000019
core   0: 0x8000934c (0x0301b433) mulhu   s0, gp, a6
core   0: 3 0x8000934c (0x0301b433) x8  0x00000073
core   0: 0x80009350 (0x340338f3) csrrc   a7, mscratch, t1
core   0: 3 0x80009350 (0x340338f3) x17 0x00000011 c832_mscratch 0x00000001
core   0: 0x80009354 (0x405188b3) sub     a7, gp, t0
core   0: 3 0x80009354 (0x405188b3) x17 0x00000073
core   0: 0x80009358 (0x004cceb3) xor     t4, s9, tp
core   0: 3 0x80009358 (0x004cceb3) x29 0x00000013
core   0: 0x8000935c (0x04b51063) bne     a0, a1, pc + 64
core   0: 3 0x8000935c (0x04b51063)
core   0: 0x8000939c (0x00000001) c.nop
core   0: 3 0x8000939c (0x0001)
core   0: 0x8000939e (0x03df0cb3) mul     s9, t5, t4
core   0: 3 0x8000939e (0x03df0cb3) x25 0x00000c52
core   0: 0x800093a2 (0x34003b73) csrrc   s6, mscratch, zero
core   0: 3 0x800093a2 (0x34003b73) x22 0x00000001
core   0: 0x800093a6 (0x02778533) mul     a0, a5, t2
core   0: 3 0x800093a6 (0x02778533) x10 0x6174d407
core   0: 0x800093aa (0x036d8bb3) mul     s7, s11, s6
core   0: 3 0x800093aa (0x036d8bb3) x23 0xffffffff
core   0: 0x800093ae (0xcba0ad13) slti    s10, ra, -838
core   0: 3 0x800093ae (0xcba0ad13) x26 0x00000000
core   0: 0x800093b2 (0x0000c3a1) c.beqz  a5, pc + 64
core   0: 3 0x800093b2 (0xc3a1)
core   0: 0x800093b4 (0x40eb51b3) sra     gp, s6, a4
core   0: 3 0x800093b4 (0x40eb51b3) x3  0x00000000
core   0: 0x800093b8 (0x007734b3) sltu    s1, a4, t2
core   0: 3 0x800093b8 (0x007734b3) x9  0x00000001
core   0: 0x800093bc (0x00000001) c.nop
core   0: 3 0x800093bc (0x0001)
core   0: 0x800093be (0x34006ff3) csrrsi  t6, mscratch, 0
core   0: 3 0x800093be (0x34006ff3) x31 0x00000001
core   0: 0x800093c2 (0x00000001) c.nop
core   0: 3 0x800093c2 (0x0001)
core   0: 0x800093c4 (0x00001f7d) c.addi  t5, -1
core   0: 3 0x800093c4 (0x1f7d) x30 0x000000a5
core   0: 0x800093c6 (0x34007ef3) csrrci  t4, mscratch, 0
core   0: 3 0x800093c6 (0x34007ef3) x29 0x00000001
core   0: 0x800093ca (0x0141eeb3) or      t4, gp, s4
core   0: 3 0x800093ca (0x0141eeb3) x29 0x8bca2c3b
core   0: 0x800093ce (0x0058ccb3) xor     s9, a7, t0
core   0: 3 0x800093ce (0x0058ccb3) x25 0x00000072
core   0: 0x800093d2 (0xaff4fb13) andi    s6, s1, -1281
core   0: 3 0x800093d2 (0xaff4fb13) x22 0x00000001
core   0: 0x800093d6 (0x00008d29) c.xor   a0, a0
core   0: 3 0x800093d6 (0x8d29) x10 0x00000000
core   0: 0x800093d8 (0x000eb833) sltu    a6, t4, zero
core   0: 3 0x800093d8 (0x000eb833) x16 0x00000000
core   0: 0x800093dc (0x0171feb3) and     t4, gp, s7
core   0: 3 0x800093dc (0x0171feb3) x29 0x00000000
core   0: 0x800093e0 (0x01ec8263) beq     s9, t5, pc + 4
core   0: 3 0x800093e0 (0x01ec8263)
core   0: 0x800093e4 (0x340b7673) csrrci  a2, mscratch, 22
core   0: 3 0x800093e4 (0x340b7673) x12 0x00000001 c832_mscratch 0x00000001
core   0: 0x800093e8 (0x00008f61) c.and   a4, s0
core   0: 3 0x800093e8 (0x8f61) x14 0x00000013
core   0: 0x800093ea (0xa07d7a93) andi    s5, s10, -1529
core   0: 3 0x800093ea (0xa07d7a93) x21 0x00000000
core   0: 0x800093ee (0x67ecf237) lui     tp, 0x67ecf
core   0: 3 0x800093ee (0x67ecf237) x4  0x67ecf000
core   0: 0x800093f2 (0x340b6df3) csrrsi  s11, mscratch, 22
core   0: 3 0x800093f2 (0x340b6df3) x27 0x00000001 c832_mscratch 0x00000017
core   0: 0x800093f6 (0x00008209) c.srli  a2, 2
core   0: 3 0x800093f6 (0x8209) x12 0x00000000
core   0: 0x800093f8 (0x00008255) c.srli  a2, 21
core   0: 3 0x800093f8 (0x8255) x12 0x00000000
core   0: 0x800093fa (0x000095f2) c.add   a1, t3
core   0: 3 0x800093fa (0x95f2) x11 0x80025eb7
core   0: 0x800093fc (0x0000100f) fence.i
core   0: 3 0x800093fc (0x0000100f)
core   0: 0x80009400 (0x340d92f3) csrrw   t0, mscratch, s11
core   0: 3 0x80009400 (0x340d92f3) x5  0x00000017 c832_mscratch 0x00000001
core   0: 0x80009404 (0x00008035) c.srli  s0, 13
core   0: 3 0x80009404 (0x8035) x8  0x00000000
core   0: 0x80009406 (0x0350bab3) mulhu   s5, ra, s5
core   0: 3 0x80009406 (0x0350bab3) x21 0x00000000
core   0: 0x8000940a (0x02ca0cb3) mul     s9, s4, a2
core   0: 3 0x8000940a (0x02ca0cb3) x25 0x00000000
core   0: 0x8000940e (0x0160df93) srli    t6, ra, 22
core   0: 3 0x8000940e (0x0160df93) x31 0x00000000
core   0: 0x80009412 (0x000098fd) c.andi  s1, -1
core   0: 3 0x80009412 (0x98fd) x9  0x00000001
core   0: 0x80009414 (0x000083f6) c.mv    t2, t4
core   0: 3 0x80009414 (0x83f6) x7  0x00000000
core   0: 0x80009416 (0xb7dee913) ori     s2, t4, -1155
core   0: 3 0x80009416 (0xb7dee913) x18 0xfffffb7d
core   0: 0x8000941a (0x7450e297) auipc   t0, 0x7450e
core   0: 3 0x8000941a (0x7450e297) x5  0xf451741a
core   0: 0x8000941e (0x01a09013) slli    zero, ra, 26
core   0: 3 0x8000941e (0x01a09013)
core   0: 0x80009422 (0x00457863) bgeu    a0, tp, pc + 16
core   0: 3 0x80009422 (0x00457863)
core   0: 0x80009426 (0x00000001) c.nop
core   0: 3 0x80009426 (0x0001)
core   0: 0x80009428 (0x417c0733) sub     a4, s8, s7
core   0: 3 0x80009428 (0x417c0733) x14 0xfffff8f5
core   0: 0x8000942c (0x00000001) c.nop
core   0: 3 0x8000942c (0x0001)
core   0: 0x8000942e (0x017460b3) or      ra, s0, s7
core   0: 3 0x8000942e (0x017460b3) x1  0xffffffff
core   0: 0x80009432 (0x0ff0000f) fence   iorw,iorw
core   0: 3 0x80009432 (0x0ff0000f)
core   0: 0x80009436 (0x01b555b3) srl     a1, a0, s11
core   0: 3 0x80009436 (0x01b555b3) x11 0x00000000
core   0: 0x8000943a (0x02304233) div     tp, zero, gp
core   0: 3 0x8000943a (0x02304233) x4  0xffffffff
core   0: 0x8000943e (0x3401ef73) csrrsi  t5, mscratch, 3
core   0: 3 0x8000943e (0x3401ef73) x30 0x00000001 c832_mscratch 0x00000003
core   0: 0x80009442 (0x009f68b3) or      a7, t5, s1
core   0: 3 0x80009442 (0x009f68b3) x17 0x00000001
core   0: 0x80009446 (0x00006a45) c.lui   s4, 0x11
core   0: 3 0x80009446 (0x6a45) x20 0x00011000
core   0: 0x80009448 (0x34003973) csrrc   s2, mscratch, zero
core   0: 3 0x80009448 (0x34003973) x18 0x00000003
core   0: 0x8000944c (0x5f1c8b93) addi    s7, s9, 1521
core   0: 3 0x8000944c (0x5f1c8b93) x23 0x000005f1
core   0: 0x80009450 (0x00000001) c.nop
core   0: 3 0x80009450 (0x0001)
core   0: 0x80009452 (0x032f32b3) mulhu   t0, t5, s2
core   0: 3 0x80009452 (0x032f32b3) x5  0x00000000
core   0: 0x80009456 (0x00006cbd) c.lui   s9, 0xf
core   0: 3 0x80009456 (0x6cbd) x25 0x0000f000
core   0: 0x80009458 (0x020e0eb3) mul     t4, t3, zero
core   0: 3 0x80009458 (0x020e0eb3) x29 0x00000000
core   0: 0x8000945c (0x00008355) c.srli  a4, 21
core   0: 3 0x8000945c (0x8355) x14 0x000007ff
core   0: 0x8000945e (0x01d4eeb3) or      t4, s1, t4
core   0: 3 0x8000945e (0x01d4eeb3) x29 0x00000001
core   0: 0x80009462 (0x00008065) c.srli  s0, 25
core   0: 3 0x80009462 (0x8065) x8  0x00000000
core   0: 0x80009464 (0x020dcc33) div     s8, s11, zero
core   0: 3 0x80009464 (0x020dcc33) x24 0xffffffff
core   0: 0x80009468 (0x418f8033) sub     zero, t6, s8
core   0: 3 0x80009468 (0x418f8033)
core   0: 0x8000946c (0x00008b81) c.andi  a5, 0
core   0: 3 0x8000946c (0x8b81) x15 0x00000000
core   0: 0x8000946e (0x675cad93) slti    s11, s9, 1653
core   0: 3 0x8000946e (0x675cad93) x27 0x00000000
core   0: 0x80009472 (0x00249f33) sll     t5, s1, sp
core   0: 3 0x80009472 (0x00249f33) x30 0x01000000
core   0: 0x80009476 (0x03d3b5b3) mulhu   a1, t2, t4
core   0: 3 0x80009476 (0x03d3b5b3) x11 0x00000000
core   0: 0x8000947a (0x0000e89d) c.bnez  s1, pc + 54
core   0: 3 0x8000947a (0xe89d)
core   0: 0x800094b0 (0x00bcdab3) srl     s5, s9, a1
core   0: 3 0x800094b0 (0x00bcdab3) x21 0x0000f000
core   0: 0x800094b4 (0x34073ff3) csrrc   t6, mscratch, a4
core   0: 3 0x800094b4 (0x34073ff3) x31 0x00000003 c832_mscratch 0x00000000
core   0: 0x800094b8 (0x01095db3) srl     s11, s2, a6
core   0: 3 0x800094b8 (0x01095db3) x27 0x00000003
core   0: 0x800094bc (0x00009a7d) c.andi  a2, -1
core   0: 3 0x800094bc (0x9a7d) x12 0x00000000
core   0: 0x800094be (0x00008d51) c.or    a0, a2
core   0: 3 0x800094be (0x8d51) x10 0x00000000
core   0: 0x800094c0 (0x00006921) c.lui   s2, 0x8
core   0: 3 0x800094c0 (0x6921) x18 0x00008000
core   0: 0x800094c2 (0x000080dd) c.srli  s1, 23
core   0: 3 0x800094c2 (0x80dd) x9  0x00000000
core   0: 0x800094c4 (0x007f9513) slli    a0, t6, 7
core   0: 3 0x800094c4 (0x007f9513) x10 0x00000180
core   0: 0x800094c8 (0x03a17533) remu    a0, sp, s10
core   0: 3 0x800094c8 (0x03a17533) x10 0xfc65f358
core   0: 0x800094cc (0x00008fdd) c.or    a5, a5
core   0: 3 0x800094cc (0x8fdd) x15 0x00000000
core   0: 0x800094ce (0x00009a7d) c.andi  a2, -1
core   0: 3 0x800094ce (0x9a7d) x12 0x00000000
core   0: 0x800094d0 (0x4072da13) srai    s4, t0, 7
core   0: 3 0x800094d0 (0x4072da13) x20 0x00000000
core   0: 0x800094d4 (0x000004c2) c.slli  s1, 16
core   0: 3 0x800094d4 (0x04c2) x9  0x00000000
core   0: 0x800094d6 (0x0000e491) c.bnez  s1, pc + 12
core   0: 3 0x800094d6 (0xe491)
core   0: 0x800094d8 (0x00006915) c.lui   s2, 0x5
core   0: 3 0x800094d8 (0x6915) x18 0x00005000
core   0: 0x800094da (0x000081a5) c.srli  a1, 9
core   0: 3 0x800094da (0x81a5) x11 0x00000000
core   0: 0x800094dc (0xbcbef597) auipc   a1, 0xbcbef
core   0: 3 0x800094dc (0xbcbef597) x11 0x3cbf84dc
core   0: 0x800094e0 (0x000084bd) c.srai  s1, 15
core   0: 3 0x800094e0 (0x84bd) x9  0x00000000
core   0: 0x800094e2 (0x019c1c33) sll     s8, s8, s9
core   0: 3 0x800094e2 (0x019c1c33) x24 0xffffffff
core   0: 0x800094e6 (0x020dceb3) div     t4, s11, zero
core   0: 3 0x800094e6 (0x020dceb3) x29 0xffffffff
core   0: 0x800094ea (0x01e50433) add     s0, a0, t5
core   0: 3 0x800094ea (0x01e50433) x8  0xfd65f358
core   0: 0x800094ee (0x340c78f3) csrrci  a7, mscratch, 24
core   0: 3 0x800094ee (0x340c78f3) x17 0x00000000 c832_mscratch 0x00000000
core   0: 0x800094f2 (0x01bdeab3) or      s5, s11, s11
core   0: 3 0x800094f2 (0x01bdeab3) x21 0x00000003
core   0: 0x800094f6 (0x0353dcb3) divu    s9, t2, s5
core   0: 3 0x800094f6 (0x0353dcb3) x25 0x00000000
core   0: 0x800094fa (0x00008fd5) c.or    a5, a3
core   0: 3 0x800094fa (0x8fd5) x15 0x80029d24
core   0: 0x800094fc (0x34006873) csrrsi  a6, mscratch, 0
core   0: 3 0x800094fc (0x34006873) x16 0x00000000
core   0: 0x80009500 (0x01db0033) add     zero, s6, t4
core   0: 3 0x80009500 (0x01db0033)
core   0: 0x80009504 (0x0000e329) c.bnez  a4, pc + 66
core   0: 3 0x80009504 (0xe329)
core   0: 0x80009546 (0x00000001) c.nop
core   0: 3 0x80009546 (0x0001)
core   0: 0x80009548 (0xa13a4e93) xori    t4, s4, -1517
core   0: 3 0x80009548 (0xa13a4e93) x29 0xfffffa13
core   0: 0x8000954c (0x0092c563) blt     t0, s1, pc + 10
core   0: 3 0x8000954c (0x0092c563)
core   0: 0x80009550 (0xb4a07593) andi    a1, zero, -1206
core   0: 3 0x80009550 (0xb4a07593) x11 0x00000000
core   0: 0x80009554 (0x00008dc1) c.or    a1, s0
core   0: 3 0x80009554 (0x8dc1) x11 0xfd65f358
core   0: 0x80009556 (0x01bd55b3) srl     a1, s10, s11
core   0: 3 0x80009556 (0x01bd55b3) x11 0x00000000
core   0: 0x8000955a (0x0000100f) fence.i
core   0: 3 0x8000955a (0x0000100f)
core   0: 0x8000955e (0x340033f3) csrrc   t2, mscratch, zero
core   0: 3 0x8000955e (0x340033f3) x7  0x00000000
core   0: 0x80009562 (0x0000839a) c.mv    t2, t1
core   0: 3 0x80009562 (0x839a) x7  0x000000d4
core   0: 0x80009564 (0x01ca7463) bgeu    s4, t3, pc + 8
core   0: 3 0x80009564 (0x01ca7463)
core   0: 0x80009568 (0x71942793) slti    a5, s0, 1817
core   0: 3 0x80009568 (0x71942793) x15 0x00000001
core   0: 0x8000956c (0x00008c49) c.or    s0, a0
core   0: 3 0x8000956c (0x8c49) x8  0xfd65f358
core   0: 0x8000956e (0x00009ebe) c.add   t4, a5
core   0: 3 0x8000956e (0x9ebe) x29 0xfffffa14
core   0: 0x80009570 (0x0301ff63) bgeu    gp, a6, pc + 62
core   0: 3 0x80009570 (0x0301ff63)
core   0: 0x800095ae (0x016919b3) sll     s3, s2, s6
core   0: 3 0x800095ae (0x016919b3) x19 0x0000a000
core   0: 0x800095b2 (0x01035593) srli    a1, t1, 16
core   0: 3 0x800095b2 (0x01035593) x11 0x00000000
core   0: 0x800095b6 (0x2e686593) ori     a1, a6, 742
core   0: 3 0x800095b6 (0x2e686593) x11 0x000002e6
core   0: 0x800095ba (0x340e1873) csrrw   a6, mscratch, t3
core   0: 3 0x800095ba (0x340e1873) x16 0x00000000 c832_mscratch 0x80025ea4
core   0: 0x800095be (0x340065f3) csrrsi  a1, mscratch, 0
core   0: 3 0x800095be (0x340065f3) x11 0x80025ea4
core   0: 0x800095c2 (0x01796633) or      a2, s2, s7
core   0: 3 0x800095c2 (0x01796633) x12 0x000055f1
core   0: 0x800095c6 (0x000043a5) c.li    t2, 9
core   0: 3 0x800095c6 (0x43a5) x7  0x00000009
core   0: 0x800095c8 (0x00001b7d) c.addi  s6, -1
core   0: 3 0x800095c8 (0x1b7d) x22 0x00000000
core   0: 0x800095ca (0x00000001) c.nop
core   0: 3 0x800095ca (0x0001)
core   0: 0x800095cc (0x34081f73) csrrw   t5, mscratch, a6
core   0: 3 0x800095cc (0x34081f73) x30 0x80025ea4 c832_mscratch 0x00000000
core   0: 0x800095d0 (0x01c2feb3) and     t4, t0, t3
core   0: 3 0x800095d0 (0x01c2feb3) x29 0x00000000
core   0: 0x800095d4 (0x0077e863) bltu    a5, t2, pc + 16
core   0: 3 0x800095d4 (0x0077e863)
core   0: 0x800095e4 (0xf23b3593) sltiu   a1, s6, -221
core   0: 3 0x800095e4 (0xf23b3593) x11 0x00000001
core   0: 0x800095e8 (0xb980f293) andi    t0, ra, -1128
core   0: 3 0x800095e8 (0xb980f293) x5  0xfffffb98
core   0: 0x800095ec (0x34059973) csrrw   s2, mscratch, a1
core   0: 3 0x800095ec (0x34059973) x18 0x00000000 c832_mscratch 0x00000001
core   0: 0x800095f0 (0x02c479b3) remu    s3, s0, a2
core   0: 3 0x800095f0 (0x02c479b3) x19 0x00004d88
core   0: 0x800095f4 (0x65430993) addi    s3, t1, 1620
core   0: 3 0x800095f4 (0x65430993) x19 0x00000728
core   0: 0x800095f8 (0x000008da) c.slli  a7, 22
core   0: 3 0x800095f8 (0x08da) x17 0x00000000
core   0: 0x800095fa (0x00006da9) c.lui   s11, 0xa
core   0: 3 0x800095fa (0x6da9) x27 0x0000a000
core   0: 0x800095fc (0x0000100f) fence.i
core   0: 3 0x800095fc (0x0000100f)
core   0: 0x80009600 (0x00008cd1) c.or    s1, a2
core   0: 3 0x80009600 (0x8cd1) x9  0x000055f1
core   0: 0x80009602 (0x00e81713) slli    a4, a6, 14
core   0: 3 0x80009602 (0x00e81713) x14 0x00000000
core   0: 0x80009606 (0xa0932193) slti    gp, t1, -1527
core   0: 3 0x80009606 (0xa0932193) x3  0x00000000
core   0: 0x8000960a (0x0106b5b3) sltu    a1, a3, a6
core   0: 3 0x8000960a (0x0106b5b3) x11 0x00000000
core   0: 0x8000960e (0x01a23b33) sltu    s6, tp, s10
core   0: 3 0x8000960e (0x01a23b33) x22 0x00000000
core   0: 0x80009612 (0x41f65b93) srai    s7, a2, 31
core   0: 3 0x80009612 (0x41f65b93) x23 0x00000000
core   0: 0x80009616 (0x340070f3) csrrci  ra, mscratch, 0
core   0: 3 0x80009616 (0x340070f3) x1  0x00000001
core   0: 0x8000961a (0x34007673) csrrci  a2, mscratch, 0
core   0: 3 0x8000961a (0x34007673) x12 0x00000001
core   0: 0x8000961e (0x03ce1463) bne     t3, t3, pc + 40
core   0: 3 0x8000961e (0x03ce1463)
core   0: 0x80009622 (0x00008b89) c.andi  a5, 2
core   0: 3 0x80009622 (0x8b89) x15 0x00000000
core   0: 0x80009624 (0x340c18f3) csrrw   a7, mscratch, s8
core   0: 3 0x80009624 (0x340c18f3) x17 0x00000001 c832_mscratch 0xffffffff
core   0: 0x80009628 (0x00008cc1) c.or    s1, s0
core   0: 3 0x80009628 (0x8cc1) x9  0xfd65f7f9
core   0: 0x8000962a (0x034b0b63) beq     s6, s4, pc + 54
core   0: 3 0x8000962a (0x034b0b63)
core   0: 0x80009660 (0x000038b3) snez    a7, zero
core   0: 3 0x80009660 (0x000038b3) x17 0x00000000
core   0: 0x80009664 (0xef20e293) ori     t0, ra, -270
core   0: 3 0x80009664 (0xef20e293) x5  0xfffffef3
core   0: 0x80009668 (0x00008fdd) c.or    a5, a5
core   0: 3 0x80009668 (0x8fdd) x15 0x00000000
core   0: 0x8000966a (0x000dd3b3) srl     t2, s11, zero
core   0: 3 0x8000966a (0x000dd3b3) x7  0x0000a000
core   0: 0x8000966e (0x01860a33) add     s4, a2, s8
core   0: 3 0x8000966e (0x01860a33) x20 0x00000000
core   0: 0x80009672 (0x340a5573) csrrwi  a0, mscratch, 20
core   0: 3 0x80009672 (0x340a5573) x10 0xffffffff c832_mscratch 0x00000014
core   0: 0x80009676 (0x41945fb3) sra     t6, s0, s9
core   0: 3 0x80009676 (0x41945fb3) x31 0xfd65f358
core   0: 0x8000967a (0x00008dc9) c.or    a1, a0
core   0: 3 0x8000967a (0x8dc9) x11 0xffffffff
core   0: 0x8000967c (0x002c1793) slli    a5, s8, 2
core   0: 3 0x8000967c (0x002c1793) x15 0xfffffffc
core   0: 0x80009680 (0xa6406097) auipc   ra, 0xa6406
core   0: 3 0x80009680 (0xa6406097) x1  0x2640f680
core   0: 0x80009684 (0x00008f6d) c.and   a4, a1
core   0: 3 0x80009684 (0x8f6d) x14 0x00000000
core   0: 0x80009686 (0x15b4b537) lui     a0, 0x15b4b
core   0: 3 0x80009686 (0x15b4b537) x10 0x15b4b000
core   0: 0x8000968a (0x00004c05) c.li    s8, 1
core   0: 3 0x8000968a (0x4c05) x24 0x00000001
core   0: 0x8000968c (0x000080a1) c.srli  s1, 8
core   0: 3 0x8000968c (0x80a1) x9  0x00fd65f7
core   0: 0x8000968e (0x039a0c63) beq     s4, s9, pc + 56
core   0: 3 0x8000968e (0x039a0c63)
core   0: 0x800096c6 (0x03d7d0b3) divu    ra, a5, t4
core   0: 3 0x800096c6 (0x03d7d0b3) x1  0xffffffff
core   0: 0x800096ca (0x400b0733) sub     a4, s6, zero
core   0: 3 0x800096ca (0x400b0733) x14 0x00000000
core   0: 0x800096ce (0x00008f19) c.sub   a4, a4
core   0: 3 0x800096ce (0x8f19) x14 0x00000000
core   0: 0x800096d0 (0x34027ef3) csrrci  t4, mscratch, 4
core   0: 3 0x800096d0 (0x34027ef3) x29 0x00000014 c832_mscratch 0x00000010
core   0: 0x800096d4 (0x000b0e63) beqz    s6, pc + 28
core   0: 3 0x800096d4 (0x000b0e63)
core   0: 0x800096f0 (0x00000001) c.nop
core   0: 3 0x800096f0 (0x0001)
core   0: 0x800096f2 (0x023fa0b3) mulhsu  ra, t6, gp
core   0: 3 0x800096f2 (0x023fa0b3) x1  0x00000000
core   0: 0x800096f6 (0x01a6f433) and     s0, a3, s10
core   0: 3 0x800096f6 (0x01a6f433) x8  0x00000000
core   0: 0x800096fa (0x03cbf763) bgeu    s7, t3, pc + 46
core   0: 3 0x800096fa (0x03cbf763)
core   0: 0x800096fe (0x745ee013) ori     zero, t4, 1861
core   0: 3 0x800096fe (0x745ee013)
core   0: 0x80009702 (0x020139b3) mulhu   s3, sp, zero
core   0: 3 0x80009702 (0x020139b3) x19 0x00000000
core   0: 0x80009706 (0x0391cf63) blt     gp, s9, pc + 62
core   0: 3 0x80009706 (0x0391cf63)
core   0: 0x8000970a (0x035c6363) bltu    s8, s5, pc + 38
core   0: 3 0x8000970a (0x035c6363)
core   0: 0x80009730 (0x03f2d8b3) divu    a7, t0, t6
core   0: 3 0x80009730 (0x03f2d8b3) x17 0x00000001
core   0: 0x80009734 (0x0000857d) c.srai  a0, 31
core   0: 3 0x80009734 (0x857d) x10 0x00000000
core   0: 0x80009736 (0x00008f12) c.mv    t5, tp
core   0: 3 0x80009736 (0x8f12) x30 0xffffffff
core   0: 0x80009738 (0x00601d33) sll     s10, zero, t1
core   0: 3 0x80009738 (0x00601d33) x26 0x00000000
core   0: 0x8000973c (0x05961163) bne     a2, s9, pc + 66
core   0: 3 0x8000973c (0x05961163)
core   0: 0x8000977e (0xbb1e1097) auipc   ra, 0xbb1e1
core   0: 3 0x8000977e (0xbb1e1097) x1  0x3b1ea77e
core   0: 0x80009782 (0xdd503013) sltiu   zero, zero, -555
core   0: 3 0x80009782 (0xdd503013)
core   0: 0x80009786 (0x34059ff3) csrrw   t6, mscratch, a1
core   0: 3 0x80009786 (0x34059ff3) x31 0x00000010 c832_mscratch 0xffffffff
core   0: 0x8000978a (0x00008e11) c.sub   a2, a2
core   0: 3 0x8000978a (0x8e11) x12 0x00000000
core   0: 0x8000978c (0x00008c05) c.sub   s0, s1
core   0: 3 0x8000978c (0x8c05) x8  0xff029a09
core   0: 0x8000978e (0x151cf293) andi    t0, s9, 337
core   0: 3 0x8000978e (0x151cf293) x5  0x00000000
core   0: 0x80009792 (0x0237e2b3) rem     t0, a5, gp
core   0: 3 0x80009792 (0x0237e2b3) x5  0xfffffffc
core   0: 0x80009796 (0x00d19463) bne     gp, a3, pc + 8
core   0: 3 0x80009796 (0x00d19463)
core   0: 0x8000979e (0x00000001) c.nop
core   0: 3 0x8000979e (0x0001)
core   0: 0x800097a0 (0x0389ea33) rem     s4, s3, s8
core   0: 3 0x800097a0 (0x0389ea33) x20 0x00000000
core   0: 0x800097a4 (0x025a53b3) divu    t2, s4, t0
core   0: 3 0x800097a4 (0x025a53b3) x7  0x00000000
core   0: 0x800097a8 (0x02076363) bltu    a4, zero, pc + 38
core   0: 3 0x800097a8 (0x02076363)
core   0: 0x800097ac (0x0000100f) fence.i
core   0: 3 0x800097ac (0x0000100f)
core   0: 0x800097b0 (0x00deabb3) slt     s7, t4, a3
core   0: 3 0x800097b0 (0x00deabb3) x23 0x00000000
core   0: 0x800097b4 (0x340d70f3) csrrci  ra, mscratch, 26
core   0: 3 0x800097b4 (0x340d70f3) x1  0xffffffff c832_mscratch 0xffffffe5
core   0: 0x800097b8 (0x34025a73) csrrwi  s4, mscratch, 4
core   0: 3 0x800097b8 (0x34025a73) x20 0xffffffe5 c832_mscratch 0x00000004
core   0: 0x800097bc (0x00ccc3b3) xor     t2, s9, a2
core   0: 3 0x800097bc (0x00ccc3b3) x7  0x00000000
core   0: 0x800097c0 (0x000085a5) c.srai  a1, 9
core   0: 3 0x800097c0 (0x85a5) x11 0xffffffff
core   0: 0x800097c2 (0x29946993) ori     s3, s0, 665
core   0: 3 0x800097c2 (0x29946993) x19 0xff029a99
core   0: 0x800097c6 (0x00b78663) beq     a5, a1, pc + 12
core   0: 3 0x800097c6 (0x00b78663)
core   0: 0x800097ca (0x0176d7b3) srl     a5, a3, s7
core   0: 3 0x800097ca (0x0176d7b3) x15 0x80029d24
core   0: 0x800097ce (0x0000100f) fence.i
core   0: 3 0x800097ce (0x0000100f)
core   0: 0x800097d2 (0x000098fd) c.andi  s1, -1
core   0: 3 0x800097d2 (0x98fd) x9  0x00fd65f7
core   0: 0x800097d4 (0x00008511) c.srai  a0, 4
core   0: 3 0x800097d4 (0x8511) x10 0x00000000
core   0: 0x800097d6 (0x1b750b93) addi    s7, a0, 439
core   0: 3 0x800097d6 (0x1b750b93) x23 0x000001b7
core   0: 0x800097da (0x00008d11) c.sub   a0, a2
core   0: 3 0x800097da (0x8d11) x10 0x00000000
core   0: 0x800097dc (0x0be1afb7) lui     t6, 0xbe1a
core   0: 3 0x800097dc (0x0be1afb7) x31 0x0be1a000
core   0: 0x800097e0 (0x000050fd) c.li    ra, -1
core   0: 3 0x800097e0 (0x50fd) x1  0xffffffff
core   0: 0x800097e2 (0x3407d473) csrrwi  s0, mscratch, 15
core   0: 3 0x800097e2 (0x3407d473) x8  0x00000004 c832_mscratch 0x0000000f
core   0: 0x800097e6 (0x00008d4e) c.mv    s10, s3
core   0: 3 0x800097e6 (0x8d4e) x26 0xff029a99
core   0: 0x800097e8 (0xe62cf513) andi    a0, s9, -414
core   0: 3 0x800097e8 (0xe62cf513) x10 0x00000000
core   0: 0x800097ec (0x425ac297) auipc   t0, 0x425ac
core   0: 3 0x800097ec (0x425ac297) x5  0xc25b57ec
core   0: 0x800097f0 (0x01d25293) srli    t0, tp, 29
core   0: 3 0x800097f0 (0x01d25293) x5  0x00000007
core   0: 0x800097f4 (0x22453193) sltiu   gp, a0, 548
core   0: 3 0x800097f4 (0x22453193) x3  0x00000001
core   0: 0x800097f8 (0x00008e0d) c.sub   a2, a1
core   0: 3 0x800097f8 (0x8e0d) x12 0x00000001
core   0: 0x800097fa (0x5205eb13) ori     s6, a1, 1312
core   0: 3 0x800097fa (0x5205eb13) x22 0xffffffff
core   0: 0x800097fe (0x00008d21) c.xor   a0, s0
core   0: 3 0x800097fe (0x8d21) x10 0x00000004
core   0: 0x80009800 (0x030c3233) mulhu   tp, s8, a6
core   0: 3 0x80009800 (0x030c3233) x4  0x00000000
core   0: 0x80009804 (0x76812913) slti    s2, sp, 1896
core   0: 3 0x80009804 (0x76812913) x18 0x00000001
core   0: 0x80009808 (0x0216deb3) divu    t4, a3, ra
core   0: 3 0x80009808 (0x0216deb3) x29 0x00000000
core   0: 0x8000980c (0x3978fb93) andi    s7, a7, 919
core   0: 3 0x8000980c (0x3978fb93) x23 0x00000001
core   0: 0x80009810 (0x000092ce) c.add   t0, s3
core   0: 3 0x80009810 (0x92ce) x5  0xff029aa0
core   0: 0x80009812 (0x02459a63) bne     a1, tp, pc + 52
core   0: 3 0x80009812 (0x02459a63)
core   0: 0x80009846 (0x54130d93) addi    s11, t1, 1345
core   0: 3 0x80009846 (0x54130d93) x27 0x00000615
core   0: 0x8000984a (0x41870633) sub     a2, a4, s8
core   0: 3 0x8000984a (0x41870633) x12 0xffffffff
core   0: 0x8000984e (0x40c45333) sra     t1, s0, a2
core   0: 3 0x8000984e (0x40c45333) x6  0x00000000
core   0: 0x80009852 (0x4d584317) auipc   t1, 0x4d584
core   0: 3 0x80009852 (0x4d584317) x6  0xcd58d852
core   0: 0x80009856 (0x00335e63) bge     t1, gp, pc + 28
core   0: 3 0x80009856 (0x00335e63)
core   0: 0x8000985a (0x00fd0333) add     t1, s10, a5
core   0: 3 0x8000985a (0x00fd0333) x6  0x7f0537bd
core   0: 0x8000985e (0x632b2813) slti    a6, s6, 1586
core   0: 3 0x8000985e (0x632b2813) x16 0x00000001
core   0: 0x80009862 (0x027f8663) beq     t6, t2, pc + 44
core   0: 3 0x80009862 (0x027f8663)
core   0: 0x80009866 (0x02f513b3) mulh    t2, a0, a5
core   0: 3 0x80009866 (0x02f513b3) x7  0xfffffffe
core   0: 0x8000986a (0xe2d9b813) sltiu   a6, s3, -467
core   0: 3 0x8000986a (0xe2d9b813) x16 0x00000001
core   0: 0x8000986e (0x02591ab3) mulh    s5, s2, t0
core   0: 3 0x8000986e (0x02591ab3) x21 0xffffffff
core   0: 0x80009872 (0xf0386f97) auipc   t6, 0xf0386
core   0: 3 0x80009872 (0xf0386f97) x31 0x7038f872
core   0: 0x80009876 (0x0215d7b3) divu    a5, a1, ra
core   0: 3 0x80009876 (0x0215d7b3) x15 0x00000001
core   0: 0x8000987a (0x34002673) csrr    a2, mscratch
core   0: 3 0x8000987a (0x34002673) x12 0x0000000f
core   0: 0x8000987e (0x3407b973) csrrc   s2, mscratch, a5
core   0: 3 0x8000987e (0x3407b973) x18 0x0000000f c832_mscratch 0x0000000e
core   0: 0x80009882 (0x0000100f) fence.i
core   0: 3 0x80009882 (0x0000100f)
core   0: 0x80009886 (0x0000c091) c.beqz  s1, pc + 4
core   0: 3 0x80009886 (0xc091)
core   0: 0x80009888 (0x00008d35) c.xor   a0, a3
core   0: 3 0x80009888 (0x8d35) x10 0x80029d20
core   0: 0x8000988a (0x03a5c5b3) div     a1, a1, s10
core   0: 3 0x8000988a (0x03a5c5b3) x11 0x00000000
core   0: 0x8000988e (0x417fd613) srai    a2, t6, 23
core   0: 3 0x8000988e (0x417fd613) x12 0x000000e0
core   0: 0x80009892 (0x03989533) mulh    a0, a7, s9
core   0: 3 0x80009892 (0x03989533) x10 0x00000000
core   0: 0x80009896 (0x00155233) srl     tp, a0, ra
core   0: 3 0x80009896 (0x00155233) x4  0x00000000
core   0: 0x8000989a (0x9c112617) auipc   a2, 0x9c112
core   0: 3 0x8000989a (0x9c112617) x12 0x1c11b89a
core   0: 0x8000989e (0x03e69b33) mulh    s6, a3, t5
core   0: 3 0x8000989e (0x03e69b33) x22 0x00000000
core   0: 0x800098a2 (0x000003ae) c.slli  t2, 11
core   0: 3 0x800098a2 (0x03ae) x7  0xfffff000
core   0: 0x800098a4 (0x00000001) c.nop
core   0: 3 0x800098a4 (0x0001)
core   0: 0x800098a6 (0x03988b63) beq     a7, s9, pc + 54
core   0: 3 0x800098a6 (0x03988b63)
core   0: 0x800098aa (0x00000b6d) c.addi  s6, 27
core   0: 3 0x800098aa (0x0b6d) x22 0x0000001b
core   0: 0x800098ac (0x0000100f) fence.i
core   0: 3 0x800098ac (0x0000100f)
core   0: 0x800098b0 (0x01d0c233) xor     tp, ra, t4
core   0: 3 0x800098b0 (0x01d0c233) x4  0xffffffff
core   0: 0x800098b4 (0x4166dd13) srai    s10, a3, 22
core   0: 3 0x800098b4 (0x4166dd13) x26 0xfffffe00
core   0: 0x800098b8 (0x0000c08d) c.beqz  s1, pc + 34
core   0: 3 0x800098b8 (0xc08d)
core   0: 0x800098ba (0x00008c69) c.and   s0, a0
core   0: 3 0x800098ba (0x8c69) x8  0x00000000
core   0: 0x800098bc (0x340029f3) csrr    s3, mscratch
core   0: 3 0x800098bc (0x340029f3) x19 0x0000000e
core   0: 0x800098c0 (0x01455333) srl     t1, a0, s4
core   0: 3 0x800098c0 (0x01455333) x6  0x00000000
core   0: 0x800098c4 (0x41c2dfb3) sra     t6, t0, t3
core   0: 3 0x800098c4 (0x41c2dfb3) x31 0xfff029aa
core   0: 0x800098c8 (0x0344cd33) div     s10, s1, s4
core   0: 3 0x800098c8 (0x0344cd33) x26 0xfff69d69
core   0: 0x800098cc (0x034f6d63) bltu    t5, s4, pc + 58
core   0: 3 0x800098cc (0x034f6d63)
core   0: 0x800098d0 (0x00008496) c.mv    s1, t0
core   0: 3 0x800098d0 (0x8496) x9  0xff029aa0
core   0: 0x800098d2 (0x4176d413) srai    s0, a3, 23
core   0: 3 0x800098d2 (0x4176d413) x8  0xffffff00
core   0: 0x800098d6 (0x40c95b33) sra     s6, s2, a2
core   0: 3 0x800098d6 (0x40c95b33) x22 0x00000000
core   0: 0x800098da (0x00008f46) c.mv    t5, a7
core   0: 3 0x800098da (0x8f46) x30 0x00000001
core   0: 0x800098dc (0x0289d163) bge     s3, s0, pc + 34
core   0: 3 0x800098dc (0x0289d163)
core   0: 0x800098fe (0x41ae5313) srai    t1, t3, 26
core   0: 3 0x800098fe (0x41ae5313) x6  0xffffffe0
core   0: 0x80009902 (0x0239c633) div     a2, s3, gp
core   0: 3 0x80009902 (0x0239c633) x12 0x0000000e
core   0: 0x80009906 (0x419ad493) srai    s1, s5, 25
core   0: 3 0x80009906 (0x419ad493) x9  0xffffffff
core   0: 0x8000990a (0x0000cc05) c.beqz  s0, pc + 56
core   0: 3 0x8000990a (0xcc05)
core   0: 0x8000990c (0x00008c7d) c.and   s0, a5
core   0: 3 0x8000990c (0x8c7d) x8  0x00000000
core   0: 0x8000990e (0xf4132217) auipc   tp, 0xf4132
core   0: 3 0x8000990e (0xf4132217) x4  0x7413b90e
core   0: 0x80009912 (0x00008d5d) c.or    a0, a5
core   0: 3 0x80009912 (0x8d5d) x10 0x00000001
core   0: 0x80009914 (0x89368793) addi    a5, a3, -1901
core   0: 3 0x80009914 (0x89368793) x15 0x800295b7
core   0: 0x80009918 (0x3404e4f3) csrrsi  s1, mscratch, 9
core   0: 3 0x80009918 (0x3404e4f3) x9  0x0000000e c832_mscratch 0x0000000f
core   0: 0x8000991c (0x00423033) sltu    zero, tp, tp
core   0: 3 0x8000991c (0x00423033)
core   0: 0x80009920 (0x00000001) c.nop
core   0: 3 0x80009920 (0x0001)
core   0: 0x80009922 (0x00fa57b3) srl     a5, s4, a5
core   0: 3 0x80009922 (0x00fa57b3) x15 0x000001ff
core   0: 0x80009926 (0x01048fb3) add     t6, s1, a6
core   0: 3 0x80009926 (0x01048fb3) x31 0x0000000f
core   0: 0x8000992a (0x0175d563) bge     a1, s7, pc + 10
core   0: 3 0x8000992a (0x0175d563)
core   0: 0x8000992e (0x00008df1) c.and   a1, a2
core   0: 3 0x8000992e (0x8df1) x11 0x00000000
core   0: 0x80009930 (0x037e0d33) mul     s10, t3, s7
core   0: 3 0x80009930 (0x037e0d33) x26 0x80025ea4
core   0: 0x80009934 (0x00000001) c.nop
core   0: 3 0x80009934 (0x0001)
core   0: 0x80009936 (0x00b8f933) and     s2, a7, a1
core   0: 3 0x80009936 (0x00b8f933) x18 0x00000000
core   0: 0x8000993a (0x033c4bb3) div     s7, s8, s3
core   0: 3 0x8000993a (0x033c4bb3) x23 0x00000000
core   0: 0x8000993e (0x00008d09) c.sub   a0, a0
core   0: 3 0x8000993e (0x8d09) x10 0x00000000
core   0: 0x80009940 (0x0000167d) c.addi  a2, -1
core   0: 3 0x80009940 (0x167d) x12 0x0000000d
core   0: 0x80009942 (0x4a298413) addi    s0, s3, 1186
core   0: 3 0x80009942 (0x4a298413) x8  0x000004b0
core   0: 0x80009946 (0x403b5313) srai    t1, s6, 3
core   0: 3 0x80009946 (0x403b5313) x6  0x00000000
core   0: 0x8000994a (0x0007dcb3) srl     s9, a5, zero
core   0: 3 0x8000994a (0x0007dcb3) x25 0x000001ff
core   0: 0x8000994e (0x000089b1) c.andi  a1, 12
core   0: 3 0x8000994e (0x89b1) x11 0x00000000
core   0: 0x80009950 (0x0bcdfb93) andi    s7, s11, 188
core   0: 3 0x80009950 (0x0bcdfb93) x23 0x00000014
core   0: 0x80009954 (0x008e5c63) bge     t3, s0, pc + 24
core   0: 3 0x80009954 (0x008e5c63)
core   0: 0x80009958 (0x000087d9) c.srai  a5, 22
core   0: 3 0x80009958 (0x87d9) x15 0x00000000
core   0: 0x8000995a (0x01f3c463) blt     t2, t6, pc + 8
core   0: 3 0x8000995a (0x01f3c463)
core   0: 0x80009962 (0x00008f2d) c.xor   a4, a1
core   0: 3 0x80009962 (0x8f2d) x14 0x00000000
core   0: 0x80009964 (0x02b2c933) div     s2, t0, a1
core   0: 3 0x80009964 (0x02b2c933) x18 0xffffffff
core   0: 0x80009968 (0x3404d1f3) csrrwi  gp, mscratch, 9
core   0: 3 0x80009968 (0x3404d1f3) x3  0x0000000f c832_mscratch 0x00000009
core   0: 0x8000996c (0x017cd463) bge     s9, s7, pc + 8
core   0: 3 0x8000996c (0x017cd463)
core   0: 0x80009974 (0x00008e09) c.sub   a2, a0
core   0: 3 0x80009974 (0x8e09) x12 0x0000000d
core   0: 0x80009976 (0x03a57563) bgeu    a0, s10, pc + 42
core   0: 3 0x80009976 (0x03a57563)
core   0: 0x8000997a (0x026292b3) mulh    t0, t0, t1
core   0: 3 0x8000997a (0x026292b3) x5  0x00000000
core   0: 0x8000997e (0x00001dfd) c.addi  s11, -1
core   0: 3 0x8000997e (0x1dfd) x27 0x00000614
core   0: 0x80009980 (0x0000c11d) c.beqz  a0, pc + 38
core   0: 3 0x80009980 (0xc11d)
core   0: 0x800099a6 (0x34053673) csrrc   a2, mscratch, a0
core   0: 3 0x800099a6 (0x34053673) x12 0x00000009 c832_mscratch 0x00000009
core   0: 0x800099aa (0x0062d633) srl     a2, t0, t1
core   0: 3 0x800099aa (0x0062d633) x12 0x00000000
core   0: 0x800099ae (0x41d35e93) srai    t4, t1, 29
core   0: 3 0x800099ae (0x41d35e93) x29 0x00000000
core   0: 0x800099b2 (0x0000e01d) c.bnez  s0, pc + 38
core   0: 3 0x800099b2 (0xe01d)
core   0: 0x800099d8 (0x00000001) c.nop
core   0: 3 0x800099d8 (0x0001)
core   0: 0x800099da (0x340610f3) csrrw   ra, mscratch, a2
core   0: 3 0x800099da (0x340610f3) x1  0x00000009 c832_mscratch 0x00000000
core   0: 0x800099de (0x00000001) c.nop
core   0: 3 0x800099de (0x0001)
core   0: 0x800099e0 (0x012b4533) xor     a0, s6, s2
core   0: 3 0x800099e0 (0x012b4533) x10 0xffffffff
core   0: 0x800099e4 (0xd888b793) sltiu   a5, a7, -632
core   0: 3 0x800099e4 (0xd888b793) x15 0x00000001
core   0: 0x800099e8 (0x66f96c93) ori     s9, s2, 1647
core   0: 3 0x800099e8 (0x66f96c93) x25 0xffffffff
core   0: 0x800099ec (0x015f9293) slli    t0, t6, 21
core   0: 3 0x800099ec (0x015f9293) x5  0x01e00000
core   0: 0x800099f0 (0x01080263) beq     a6, a6, pc + 4
core   0: 3 0x800099f0 (0x01080263)
core   0: 0x800099f4 (0x05621263) bne     tp, s6, pc + 68
core   0: 3 0x800099f4 (0x05621263)
core   0: 0x80009a38 (0x34002b73) csrr    s6, mscratch
core   0: 3 0x80009a38 (0x34002b73) x22 0x00000000
core   0: 0x80009a3c (0x116ea313) slti    t1, t4, 278
core   0: 3 0x80009a3c (0x116ea313) x6  0x00000001
core   0: 0x80009a40 (0x00008cd1) c.or    s1, a2
core   0: 3 0x80009a40 (0x8cd1) x9  0x0000000e
core   0: 0x80009a42 (0xd1550093) addi    ra, a0, -747
core   0: 3 0x80009a42 (0xd1550093) x1  0xfffffd14
core   0: 0x80009a46 (0x34003a73) csrrc   s4, mscratch, zero
core   0: 3 0x80009a46 (0x34003a73) x20 0x00000000
core   0: 0x80009a4a (0x00008599) c.srai  a1, 6
core   0: 3 0x80009a4a (0x8599) x11 0x00000000
core   0: 0x80009a4c (0x4040d1b3) sra     gp, ra, tp
core   0: 3 0x80009a4c (0x4040d1b3) x3  0xffffffff
core   0: 0x80009a50 (0x00008ff1) c.and   a5, a2
core   0: 3 0x80009a50 (0x8ff1) x15 0x00000000
core   0: 0x80009a52 (0x34035973) csrrwi  s2, mscratch, 6
core   0: 3 0x80009a52 (0x34035973) x18 0x00000000 c832_mscratch 0x00000006
core   0: 0x80009a56 (0x0003fa63) bgeu    t2, zero, pc + 20
core   0: 3 0x80009a56 (0x0003fa63)
core   0: 0x80009a6a (0x000080cd) c.srli  s1, 19
core   0: 3 0x80009a6a (0x80cd) x9  0x00000000
core   0: 0x80009a6c (0x02d1cd63) blt     gp, a3, pc + 58
core   0: 3 0x80009a6c (0x02d1cd63)
core   0: 0x80009a70 (0x00008d79) c.and   a0, a4
core   0: 3 0x80009a70 (0x8d79) x10 0x00000000
core   0: 0x80009a72 (0x00008ca5) c.xor   s1, s1
core   0: 3 0x80009a72 (0x8ca5) x9  0x00000000
core   0: 0x80009a74 (0x0337e463) bltu    a5, s3, pc + 40
core   0: 3 0x80009a74 (0x0337e463)
core   0: 0x80009a9c (0x340b6c73) csrrsi  s8, mscratch, 22
core   0: 3 0x80009a9c (0x340b6c73) x24 0x00000006 c832_mscratch 0x00000016
core   0: 0x80009aa0 (0x00004441) c.li    s0, 16
core   0: 3 0x80009aa0 (0x4441) x8  0x00000010
core   0: 0x80009aa2 (0x033a0663) beq     s4, s3, pc + 44
core   0: 3 0x80009aa2 (0x033a0663)
core   0: 0x80009aa6 (0x03c248b3) div     a7, tp, t3
core   0: 3 0x80009aa6 (0x03c248b3) x17 0x00000000
core   0: 0x80009aaa (0x01fddbb3) srl     s7, s11, t6
core   0: 3 0x80009aaa (0x01fddbb3) x23 0x00000000
core   0: 0x80009aae (0xbe122593) slti    a1, tp, -1055
core   0: 3 0x80009aae (0xbe122593) x11 0x00000000
core   0: 0x80009ab2 (0x0378c7b3) div     a5, a7, s7
core   0: 3 0x80009ab2 (0x0378c7b3) x15 0xffffffff
core   0: 0x80009ab6 (0x0000100f) fence.i
core   0: 3 0x80009ab6 (0x0000100f)
core   0: 0x80009aba (0x4035d013) srai    zero, a1, 3
core   0: 3 0x80009aba (0x4035d013)
core   0: 0x80009abe (0x340dd973) csrrwi  s2, mscratch, 27
core   0: 3 0x80009abe (0x340dd973) x18 0x00000016 c832_mscratch 0x0000001b
core   0: 0x80009ac2 (0x3405fef3) csrrci  t4, mscratch, 11
core   0: 3 0x80009ac2 (0x3405fef3) x29 0x0000001b c832_mscratch 0x00000010
core   0: 0x80009ac6 (0x0000100f) fence.i
core   0: 3 0x80009ac6 (0x0000100f)
core   0: 0x80009aca (0x0000e49d) c.bnez  s1, pc + 46
core   0: 3 0x80009aca (0xe49d)
core   0: 0x80009acc (0x00009f1a) c.add   t5, t1
core   0: 3 0x80009acc (0x9f1a) x30 0x00000002
core   0: 0x80009ace (0x01094663) blt     s2, a6, pc + 12
core   0: 3 0x80009ace (0x01094663)
core   0: 0x80009ad2 (0x01aa2eb3) slt     t4, s4, s10
core   0: 3 0x80009ad2 (0x01aa2eb3) x29 0x00000000
core   0: 0x80009ad6 (0x00000c3a) c.slli  s8, 14
core   0: 3 0x80009ad6 (0x0c3a) x24 0x00018000
core   0: 0x80009ad8 (0x00000f19) c.addi  t5, 6
core   0: 3 0x80009ad8 (0x0f19) x30 0x00000008
core   0: 0x80009ada (0x00455f13) srli    t5, a0, 4
core   0: 3 0x80009ada (0x00455f13) x30 0x00000000
core   0: 0x80009ade (0x003f5513) srli    a0, t5, 3
core   0: 3 0x80009ade (0x003f5513) x10 0x00000000
core   0: 0x80009ae2 (0xe0626e93) ori     t4, tp, -506
core   0: 3 0x80009ae2 (0xe0626e93) x29 0xffffff0e
core   0: 0x80009ae6 (0x012537b3) sltu    a5, a0, s2
core   0: 3 0x80009ae6 (0x012537b3) x15 0x00000001
core   0: 0x80009aea (0x012df2b3) and     t0, s11, s2
core   0: 3 0x80009aea (0x012df2b3) x5  0x00000014
core   0: 0x80009aee (0x3054cf13) xori    t5, s1, 773
core   0: 3 0x80009aee (0x3054cf13) x30 0x00000305
core   0: 0x80009af2 (0x0208d633) divu    a2, a7, zero
core   0: 3 0x80009af2 (0x0208d633) x12 0xffffffff
core   0: 0x80009af6 (0x000098fd) c.andi  s1, -1
core   0: 3 0x80009af6 (0x98fd) x9  0x00000000
core   0: 0x80009af8 (0x01edd813) srli    a6, s11, 30
core   0: 3 0x80009af8 (0x01edd813) x16 0x00000000
core   0: 0x80009afc (0x03788033) mul     zero, a7, s7
core   0: 3 0x80009afc (0x03788033)
core   0: 0x80009b00 (0x00008da9) c.xor   a1, a0
core   0: 3 0x80009b00 (0x8da9) x11 0x00000000
core   0: 0x80009b02 (0x07a00c13) li      s8, 122
core   0: 3 0x80009b02 (0x07a00c13) x24 0x0000007a
core   0: 0x80009b06 (0x00aed4b3) srl     s1, t4, a0
core   0: 3 0x80009b06 (0x00aed4b3) x9  0xffffff0e
core   0: 0x80009b0a (0x021c8c33) mul     s8, s9, ra
core   0: 3 0x80009b0a (0x021c8c33) x24 0x000002ec
core   0: 0x80009b0e (0x00001afd) c.addi  s5, -1
core   0: 3 0x80009b0e (0x1afd) x21 0xfffffffe
core   0: 0x80009b10 (0x0289a7b3) mulhsu  a5, s3, s0
core   0: 3 0x80009b10 (0x0289a7b3) x15 0x00000000
core   0: 0x80009b14 (0x00000566) c.slli  a0, 25
core   0: 3 0x80009b14 (0x0566) x10 0x00000000
core   0: 0x80009b16 (0x00008d05) c.sub   a0, s1
core   0: 3 0x80009b16 (0x8d05) x10 0x000000f2
core   0: 0x80009b18 (0x0363e363) bltu    t2, s6, pc + 38
core   0: 3 0x80009b18 (0x0363e363)
core   0: 0x80009b1c (0x00e38eb3) add     t4, t2, a4
core   0: 3 0x80009b1c (0x00e38eb3) x29 0xfffff000
core   0: 0x80009b20 (0x00e34833) xor     a6, t1, a4
core   0: 3 0x80009b20 (0x00e34833) x16 0x00000001
core   0: 0x80009b24 (0x41a758b3) sra     a7, a4, s10
core   0: 3 0x80009b24 (0x41a758b3) x17 0x00000000
core   0: 0x80009b28 (0x00008c65) c.and   s0, s1
core   0: 3 0x80009b28 (0x8c65) x8  0x00000000
core   0: 0x80009b2a (0x01dd7cb3) and     s9, s10, t4
core   0: 3 0x80009b2a (0x01dd7cb3) x25 0x80025000
core   0: 0x80009b2e (0x40cb6493) ori     s1, s6, 1036
core   0: 3 0x80009b2e (0x40cb6493) x9  0x0000040c
core   0: 0x80009b32 (0x34059af3) csrrw   s5, mscratch, a1
core   0: 3 0x80009b32 (0x34059af3) x21 0x00000010 c832_mscratch 0x00000000
core   0: 0x80009b36 (0x406bdab3) sra     s5, s7, t1
core   0: 3 0x80009b36 (0x406bdab3) x21 0x00000000
core   0: 0x80009b3a (0x005f2633) slt     a2, t5, t0
core   0: 3 0x80009b3a (0x005f2633) x12 0x00000000
core   0: 0x80009b3e (0x340f3d73) csrrc   s10, mscratch, t5
core   0: 3 0x80009b3e (0x340f3d73) x26 0x00000000 c832_mscratch 0x00000000
core   0: 0x80009b42 (0x41b2dc93) srai    s9, t0, 27
core   0: 3 0x80009b42 (0x41b2dc93) x25 0x00000000
core   0: 0x80009b46 (0x0000c099) c.beqz  s1, pc + 6
core   0: 3 0x80009b46 (0xc099)
core   0: 0x80009b48 (0x03fb6e63) bltu    s6, t6, pc + 60
core   0: 3 0x80009b48 (0x03fb6e63)
core   0: 0x80009b84 (0x0000983e) c.add   a6, a5
core   0: 3 0x80009b84 (0x983e) x16 0x00000001
core   0: 0x80009b86 (0x000083f9) c.srli  a5, 30
core   0: 3 0x80009b86 (0x83f9) x15 0x00000000
core   0: 0x80009b88 (0x0000942e) c.add   s0, a1
core   0: 3 0x80009b88 (0x942e) x8  0x00000000
core   0: 0x80009b8a (0x0000e1b1) c.bnez  a1, pc + 68
core   0: 3 0x80009b8a (0xe1b1)
core   0: 0x80009b8c (0xcb536c13) ori     s8, t1, -843
core   0: 3 0x80009b8c (0xcb536c13) x24 0xfffffcb5
core   0: 0x80009b90 (0x34006df3) csrrsi  s11, mscratch, 0
core   0: 3 0x80009b90 (0x34006df3) x27 0x00000000
core   0: 0x80009b94 (0x400a5733) sra     a4, s4, zero
core   0: 3 0x80009b94 (0x400a5733) x14 0x00000000
core   0: 0x80009b98 (0x340977f3) csrrci  a5, mscratch, 18
core   0: 3 0x80009b98 (0x340977f3) x15 0x00000000 c832_mscratch 0x00000000
core   0: 0x80009b9c (0x021c11b3) mulh    gp, s8, ra
core   0: 3 0x80009b9c (0x021c11b3) x3  0x00000000
core   0: 0x80009ba0 (0xea1fa213) slti    tp, t6, -351
core   0: 3 0x80009ba0 (0xea1fa213) x4  0x00000000
core   0: 0x80009ba4 (0x0197c333) xor     t1, a5, s9
core   0: 3 0x80009ba4 (0x0197c333) x6  0x00000000
core   0: 0x80009ba8 (0x000084cd) c.srai  s1, 19
core   0: 3 0x80009ba8 (0x84cd) x9  0x00000000
core   0: 0x80009baa (0x03d318b3) mulh    a7, t1, t4
core   0: 3 0x80009baa (0x03d318b3) x17 0x00000000
core   0: 0x80009bae (0x340074f3) csrrci  s1, mscratch, 0
core   0: 3 0x80009bae (0x340074f3) x9  0x00000000
core   0: 0x80009bb2 (0x00d98633) add     a2, s3, a3
core   0: 3 0x80009bb2 (0x00d98633) x12 0x80029d32
core   0: 0x80009bb6 (0x03d04e63) blt     zero, t4, pc + 60
core   0: 3 0x80009bb6 (0x03d04e63)
core   0: 0x80009bba (0x033a1a33) mulh    s4, s4, s3
core   0: 3 0x80009bba (0x033a1a33) x20 0x00000000
core   0: 0x80009bbe (0x03a289b3) mul     s3, t0, s10
core   0: 3 0x80009bbe (0x03a289b3) x19 0x00000000
core   0: 0x80009bc2 (0x00000956) c.slli  s2, 21
core   0: 3 0x80009bc2 (0x0956) x18 0x02c00000
core   0: 0x80009bc4 (0x00000001) c.nop
core   0: 3 0x80009bc4 (0x0001)
core   0: 0x80009bc6 (0x02315a63) bge     sp, gp, pc + 52
core   0: 3 0x80009bc6 (0x02315a63)
core   0: 0x80009bca (0x01c491b3) sll     gp, s1, t3
core   0: 3 0x80009bca (0x01c491b3) x3  0x00000000
core   0: 0x80009bce (0x2b34ba93) sltiu   s5, s1, 691
core   0: 3 0x80009bce (0x2b34ba93) x21 0x00000001
core   0: 0x80009bd2 (0x34047373) csrrci  t1, mscratch, 8
core   0: 3 0x80009bd2 (0x34047373) x6  0x00000000 c832_mscratch 0x00000000
core   0: 0x80009bd6 (0x00000096) c.slli  ra, 5
core   0: 3 0x80009bd6 (0x0096) x1  0xffffa280
core   0: 0x80009bd8 (0xcae52237) lui     tp, 0xcae52
core   0: 3 0x80009bd8 (0xcae52237) x4  0xcae52000
core   0: 0x80009bdc (0xe8054793) xori    a5, a0, -384
core   0: 3 0x80009bdc (0xe8054793) x15 0xfffffe72
core   0: 0x80009be0 (0x03a22f33) mulhsu  t5, tp, s10
core   0: 3 0x80009be0 (0x03a22f33) x30 0x00000000
core   0: 0x80009be4 (0x0123edb3) or      s11, t2, s2
core   0: 3 0x80009be4 (0x0123edb3) x27 0xfffff000
core   0: 0x80009be8 (0x0177ffb3) and     t6, a5, s7
core   0: 3 0x80009be8 (0x0177ffb3) x31 0x00000000
core   0: 0x80009bec (0x00000001) c.nop
core   0: 3 0x80009bec (0x0001)
core   0: 0x80009bee (0x00009c72) c.add   s8, t3
core   0: 3 0x80009bee (0x9c72) x24 0x80025b59
core   0: 0x80009bf0 (0x00000001) c.nop
core   0: 3 0x80009bf0 (0x0001)
core   0: 0x80009bf2 (0x0ff0000f) fence   iorw,iorw
core   0: 3 0x80009bf2 (0x0ff0000f)
core   0: 0x80009bf6 (0xdf39a213) slti    tp, s3, -525
core   0: 3 0x80009bf6 (0xdf39a213) x4  0x00000000
core   0: 0x80009bfa (0x0348d033) divu    zero, a7, s4
core   0: 3 0x80009bfa (0x0348d033)
core   0: 0x80009bfe (0x02614eb3) div     t4, sp, t1
core   0: 3 0x80009bfe (0x02614eb3) x29 0xffffffff
core   0: 0x80009c02 (0x003d1d33) sll     s10, s10, gp
core   0: 3 0x80009c02 (0x003d1d33) x26 0x00000000
core   0: 0x80009c06 (0x340d7273) csrrci  tp, mscratch, 26
core   0: 3 0x80009c06 (0x340d7273) x4  0x00000000 c832_mscratch 0x00000000
core   0: 0x80009c0a (0x00b2d333) srl     t1, t0, a1
core   0: 3 0x80009c0a (0x00b2d333) x6  0x00000014
core   0: 0x80009c0e (0x9b623993) sltiu   s3, tp, -1610
core   0: 3 0x80009c0e (0x9b623993) x19 0x00000001
core   0: 0x80009c12 (0x00000651) c.addi  a2, 20
core   0: 3 0x80009c12 (0x0651) x12 0x80029d46
core   0: 0x80009c14 (0x00000c4e) c.slli  s8, 19
core   0: 3 0x80009c14 (0x0c4e) x24 0xdac80000
core   0: 0x80009c16 (0x41828333) sub     t1, t0, s8
core   0: 3 0x80009c16 (0x41828333) x6  0x25380014
core   0: 0x80009c1a (0x00000001) c.nop
core   0: 3 0x80009c1a (0x0001)
core   0: 0x80009c1c (0x00008f59) c.or    a4, a4
core   0: 3 0x80009c1c (0x8f59) x14 0x00000000
core   0: 0x80009c1e (0x01989c63) bne     a7, s9, pc + 24
core   0: 3 0x80009c1e (0x01989c63)
core   0: 0x80009c22 (0x01f841b3) xor     gp, a6, t6
core   0: 3 0x80009c22 (0x01f841b3) x3  0x00000001
core   0: 0x80009c26 (0x00008f09) c.sub   a4, a0
core   0: 3 0x80009c26 (0x8f09) x14 0xffffff0e
core   0: 0x80009c28 (0xd627f513) andi    a0, a5, -670
core   0: 3 0x80009c28 (0xd627f513) x10 0xfffffc62
core   0: 0x80009c2c (0x340a7a73) csrrci  s4, mscratch, 20
core   0: 3 0x80009c2c (0x340a7a73) x20 0x00000000 c832_mscratch 0x00000000
core   0: 0x80009c30 (0x0ff0000f) fence   iorw,iorw
core   0: 3 0x80009c30 (0x0ff0000f)
core   0: 0x80009c34 (0x00009bfd) c.andi  a5, -1
core   0: 3 0x80009c34 (0x9bfd) x15 0xfffffe72
core   0: 0x80009c36 (0x00006495) c.lui   s1, 0x5
core   0: 3 0x80009c36 (0x6495) x9  0x00005000
core   0: 0x80009c38 (0x01c07463) bgeu    zero, t3, pc + 8
core   0: 3 0x80009c38 (0x01c07463)
core   0: 0x80009c3c (0x03330bb3) mul     s7, t1, s3
core   0: 3 0x80009c3c (0x03330bb3) x23 0x25380014
core   0: 0x80009c40 (0xe224fc13) andi    s8, s1, -478
core   0: 3 0x80009c40 (0xe224fc13) x24 0x00005000
core   0: 0x80009c44 (0x00000001) c.nop
core   0: 3 0x80009c44 (0x0001)
core   0: 0x80009c46 (0x0255ebb3) rem     s7, a1, t0
core   0: 3 0x80009c46 (0x0255ebb3) x23 0x00000000
core   0: 0x80009c4a (0x00008d1d) c.sub   a0, a5
core   0: 3 0x80009c4a (0x8d1d) x10 0xfffffdf0
core   0: 0x80009c4c (0x40965d13) srai    s10, a2, 9
core   0: 3 0x80009c4c (0x40965d13) x26 0xffc0014e
core   0: 0x80009c50 (0x40a089b3) sub     s3, ra, a0
core   0: 3 0x80009c50 (0x40a089b3) x19 0xffffa490
core   0: 0x80009c54 (0x01ba1263) bne     s4, s11, pc + 4
core   0: 3 0x80009c54 (0x01ba1263)
core   0: 0x80009c58 (0x01fab333) sltu    t1, s5, t6
core   0: 3 0x80009c58 (0x01fab333) x6  0x00000000
core   0: 0x80009c5c (0xa750ff93) andi    t6, ra, -1419
core   0: 3 0x80009c5c (0xa750ff93) x31 0xffffa200
core   0: 0x80009c60 (0x00000f76) c.slli  t5, 29
core   0: 3 0x80009c60 (0x0f76) x30 0x00000000
core   0: 0x80009c62 (0x01808633) add     a2, ra, s8
core   0: 3 0x80009c62 (0x01808633) x12 0xfffff280
core   0: 0x80009c66 (0x000082ee) c.mv    t0, s11
core   0: 3 0x80009c66 (0x82ee) x5  0xfffff000
core   0: 0x80009c68 (0x0130f2b3) and     t0, ra, s3
core   0: 3 0x80009c68 (0x0130f2b3) x5  0xffffa080
core   0: 0x80009c6c (0x0000815d) c.srli  a0, 23
core   0: 3 0x80009c6c (0x815d) x10 0x000001ff
core   0: 0x80009c6e (0x34052273) csrrs   tp, mscratch, a0
core   0: 3 0x80009c6e (0x34052273) x4  0x00000000 c832_mscratch 0x000001ff
core   0: 0x80009c72 (0x01dae233) or      tp, s5, t4
core   0: 3 0x80009c72 (0x01dae233) x4  0xffffffff
core   0: 0x80009c76 (0x000089ee) c.mv    s3, s11
core   0: 3 0x80009c76 (0x89ee) x19 0xfffff000
core   0: 0x80009c78 (0x014743b3) xor     t2, a4, s4
core   0: 3 0x80009c78 (0x014743b3) x7  0xffffff0e
core   0: 0x80009c7c (0x340e1573) csrrw   a0, mscratch, t3
core   0: 3 0x80009c7c (0x340e1573) x10 0x000001ff c832_mscratch 0x80025ea4
core   0: 0x80009c80 (0x00008015) c.srli  s0, 5
core   0: 3 0x80009c80 (0x8015) x8  0x00000000
core   0: 0x80009c82 (0x01707bb3) and     s7, zero, s7
core   0: 3 0x80009c82 (0x01707bb3) x23 0x00000000
core   0: 0x80009c86 (0x0320c563) blt     ra, s2, pc + 42
core   0: 3 0x80009c86 (0x0320c563)
core   0: 0x80009cb0 (0x226def13) ori     t5, s11, 550
core   0: 3 0x80009cb0 (0x226def13) x30 0xfffff226
core   0: 0x80009cb4 (0xd5f9c313) xori    t1, s3, -673
core   0: 3 0x80009cb4 (0xd5f9c313) x6  0x00000d5f
core   0: 0x80009cb8 (0x00380563) beq     a6, gp, pc + 10
core   0: 3 0x80009cb8 (0x00380563)
core   0: 0x80009cc2 (0x038b4233) div     tp, s6, s8
core   0: 3 0x80009cc2 (0x038b4233) x4  0x00000000
core   0: 0x80009cc6 (0x03fa24b3) mulhsu  s1, s4, t6
core   0: 3 0x80009cc6 (0x03fa24b3) x9  0x00000000
core   0: 0x80009cca (0x014f1b13) slli    s6, t5, 20
core   0: 3 0x80009cca (0x014f1b13) x22 0x22600000
core   0: 0x80009cce (0x02aad3b3) divu    t2, s5, a0
core   0: 3 0x80009cce (0x02aad3b3) x7  0x00000000
core   0: 0x80009cd2 (0x000042fd) c.li    t0, 31
core   0: 3 0x80009cd2 (0x42fd) x5  0x0000001f
core   0: 0x80009cd4 (0x409587b3) sub     a5, a1, s1
core   0: 3 0x80009cd4 (0x409587b3) x15 0x00000000
core   0: 0x80009cd8 (0x19a26a17) auipc   s4, 0x19a26
core   0: 3 0x80009cd8 (0x19a26a17) x20 0x99a2fcd8
core   0: 0x80009cdc (0x0000852a) c.mv    a0, a0
core   0: 3 0x80009cdc (0x852a) x10 0x000001ff
core   0: 0x80009cde (0x03d68b33) mul     s6, a3, t4
core   0: 3 0x80009cde (0x03d68b33) x22 0x7ffd62dc
core   0: 0x80009ce2 (0x00008f65) c.and   a4, s1
core   0: 3 0x80009ce2 (0x8f65) x14 0x00000000
core   0: 0x80009ce4 (0x82288193) addi    gp, a7, -2014
core   0: 3 0x80009ce4 (0x82288193) x3  0xfffff822
core   0: 0x80009ce8 (0x00849eb3) sll     t4, s1, s0
core   0: 3 0x80009ce8 (0x00849eb3) x29 0x00000000
core   0: 0x80009cec (0x28b5e313) ori     t1, a1, 651
core   0: 3 0x80009cec (0x28b5e313) x6  0x0000028b
core   0: 0x80009cf0 (0x34006673) csrrsi  a2, mscratch, 0
core   0: 3 0x80009cf0 (0x34006673) x12 0x80025ea4
core   0: 0x80009cf4 (0x00d05f13) srli    t5, zero, 13
core   0: 3 0x80009cf4 (0x00d05f13) x30 0x00000000
core   0: 0x80009cf8 (0x3407b273) csrrc   tp, mscratch, a5
core   0: 3 0x80009cf8 (0x3407b273) x4  0x80025ea4 c832_mscratch 0x80025ea4
core   0: 0x80009cfc (0x328c6a13) ori     s4, s8, 808
core   0: 3 0x80009cfc (0x328c6a13) x20 0x00005328
core   0: 0x80009d00 (0x00581293) slli    t0, a6, 5
core   0: 3 0x80009d00 (0x00581293) x5  0x00000020
core   0: 0x80009d04 (0x00008f61) c.and   a4, s0
core   0: 3 0x80009d04 (0x8f61) x14 0x00000000
core   0: 0x80009d06 (0x016dc963) blt     s11, s6, pc + 18
core   0: 3 0x80009d06 (0x016dc963)
core   0: 0x80009d18 (0x000098fd) c.andi  s1, -1
core   0: 3 0x80009d18 (0x98fd) x9  0x00000000
core   0: 0x80009d1a (0x000015fd) c.addi  a1, -1
core   0: 3 0x80009d1a (0x15fd) x11 0xffffffff
core   0: 0x80009d1c (0x000099fd) c.andi  a1, -1
core   0: 3 0x80009d1c (0x99fd) x11 0xffffffff
core   0: 0x80009d1e (0x000097c6) c.add   a5, a7
core   0: 3 0x80009d1e (0x97c6) x15 0x00000000
core   0: 0x80009d20 (0x00000001) c.nop
core   0: 3 0x80009d20 (0x0001)
core   0: 0x80009d22 (0x83768d13) addi    s10, a3, -1993
core   0: 3 0x80009d22 (0x83768d13) x26 0x8002955b
core   0: 0x80009d26 (0x403d0eb3) sub     t4, s10, gp
core   0: 3 0x80009d26 (0x403d0eb3) x29 0x80029d39
core   0: 0x80009d2a (0x003c2333) slt     t1, s8, gp
core   0: 3 0x80009d2a (0x003c2333) x6  0x00000000
core   0: 0x80009d2e (0x00001b7d) c.addi  s6, -1
core   0: 3 0x80009d2e (0x1b7d) x22 0x7ffd62db
core   0: 0x80009d30 (0x41ec5433) sra     s0, s8, t5
core   0: 3 0x80009d30 (0x41ec5433) x8  0x00005000
core   0: 0x80009d34 (0x017e1c13) slli    s8, t3, 23
core   0: 3 0x80009d34 (0x017e1c13) x24 0x52000000
core   0: 0x80009d38 (0x02402eb3) mulhsu  t4, zero, tp
core   0: 3 0x80009d38 (0x02402eb3) x29 0x00000000
core   0: 0x80009d3c (0x03bb4d63) blt     s6, s11, pc + 58
core   0: 3 0x80009d3c (0x03bb4d63)
core   0: 0x80009d40 (0x01006c63) bltu    zero, a6, pc + 24
core   0: 3 0x80009d40 (0x01006c63)
core   0: 0x80009d58 (0x03ece0b3) rem     ra, s9, t5
core   0: 3 0x80009d58 (0x03ece0b3) x1  0x00000000
core   0: 0x80009d5c (0x01a9d9b3) srl     s3, s3, s10
core   0: 3 0x80009d5c (0x01a9d9b3) x19 0x0000001f
core   0: 0x80009d60 (0xd5967c93) andi    s9, a2, -679
core   0: 3 0x80009d60 (0xd5967c93) x25 0x80025c00
core   0: 0x80009d64 (0x0000100f) fence.i
core   0: 3 0x80009d64 (0x0000100f)
core   0: 0x80009d68 (0x02c25e63) bge     tp, a2, pc + 60
core   0: 3 0x80009d68 (0x02c25e63)
core   0: 0x80009da4 (0x40655793) srai    a5, a0, 6
core   0: 3 0x80009da4 (0x40655793) x15 0x00000007
core   0: 0x80009da8 (0x0246f033) remu    zero, a3, tp
core   0: 3 0x80009da8 (0x0246f033)
core   0: 0x80009dac (0x03fda9b3) mulhsu  s3, s11, t6
core   0: 3 0x80009dac (0x03fda9b3) x19 0xfffff000
core   0: 0x80009db0 (0x02a279b3) remu    s3, tp, a0
core   0: 3 0x80009db0 (0x02a279b3) x19 0x000001e3
core   0: 0x80009db4 (0x340079f3) csrrci  s3, mscratch, 0
core   0: 3 0x80009db4 (0x340079f3) x19 0x80025ea4
core   0: 0x80009db8 (0x00008e49) c.or    a2, a0
core   0: 3 0x80009db8 (0x8e49) x12 0x80025fff
core   0: 0x80009dba (0x00008fa1) c.xor   a5, s0
core   0: 3 0x80009dba (0x8fa1) x15 0x00005007
core   0: 0x80009dbc (0x34007f73) csrrci  t5, mscratch, 0
core   0: 3 0x80009dbc (0x34007f73) x30 0x80025ea4
core   0: 0x80009dc0 (0x032b1233) mulh    tp, s6, s2
core   0: 3 0x80009dc0 (0x032b1233) x4  0x015ff8cf
core   0: 0x80009dc4 (0x00000001) c.nop
core   0: 3 0x80009dc4 (0x0001)
core   0: 0x80009dc6 (0x035d57b3) divu    a5, s10, s5
core   0: 3 0x80009dc6 (0x035d57b3) x15 0x8002955b
core   0: 0x80009dca (0x02011c63) bnez    sp, pc + 56
core   0: 3 0x80009dca (0x02011c63)
core   0: 0x80009e02 (0x029c2eb3) mulhsu  t4, s8, s1
core   0: 3 0x80009e02 (0x029c2eb3) x29 0x00000000
core   0: 0x80009e06 (0x41ed5933) sra     s2, s10, t5
core   0: 3 0x80009e06 (0x41ed5933) x18 0xf8002955
core   0: 0x80009e0a (0xbdd2a2b7) lui     t0, 0xbdd2a
core   0: 3 0x80009e0a (0xbdd2a2b7) x5  0xbdd2a000
core   0: 0x80009e0e (0x00254c33) xor     s8, a0, sp
core   0: 3 0x80009e0e (0x00254c33) x24 0xfc65f2a7
core   0: 0x80009e12 (0x34099373) csrrw   t1, mscratch, s3
core   0: 3 0x80009e12 (0x34099373) x6  0x80025ea4 c832_mscratch 0x80025ea4
core   0: 0x80009e16 (0x0057d493) srli    s1, a5, 5
core   0: 3 0x80009e16 (0x0057d493) x9  0x040014aa
core   0: 0x80009e1a (0x00009ede) c.add   t4, s7
core   0: 3 0x80009e1a (0x9ede) x29 0x00000000
core   0: 0x80009e1c (0x00008e55) c.or    a2, a3
core   0: 3 0x80009e1c (0x8e55) x12 0x8002dfff
core   0: 0x80009e1e (0x1169a293) slti    t0, s3, 278
core   0: 3 0x80009e1e (0x1169a293) x5  0x00000001
core   0: 0x80009e22 (0x0ff0000f) fence   iorw,iorw
core   0: 3 0x80009e22 (0x0ff0000f)
core   0: 0x80009e26 (0x41ee8933) sub     s2, t4, t5
core   0: 3 0x80009e26 (0x41ee8933) x18 0x7ffda15c
core   0: 0x80009e2a (0x000059fd) c.li    s3, -1
core   0: 3 0x80009e2a (0x59fd) x19 0xffffffff
core   0: 0x80009e2c (0x00000326) c.slli  t1, 9
core   0: 3 0x80009e2c (0x0326) x6  0x04bd4800
core   0: 0x80009e2e (0x00008be9) c.andi  a5, 26
core   0: 3 0x80009e2e (0x8be9) x15 0x0000001a
core   0: 0x80009e30 (0x00008179) c.srli  a0, 30
core   0: 3 0x80009e30 (0x8179) x10 0x00000000
core   0: 0x80009e32 (0x05546163) bltu    s0, s5, pc + 66
core   0: 3 0x80009e32 (0x05546163)
core   0: 0x80009e36 (0x0ff0000f) fence   iorw,iorw
core   0: 3 0x80009e36 (0x0ff0000f)
core   0: 0x80009e3a (0x000094fe) c.add   s1, t6
core   0: 3 0x80009e3a (0x94fe) x9  0x03ffb6aa
core   0: 0x80009e3c (0x00000cea) c.slli  s9, 26
core   0: 3 0x80009e3c (0x0cea) x25 0x00000000
core   0: 0x80009e3e (0x41b88f33) sub     t5, a7, s11
core   0: 3 0x80009e3e (0x41b88f33) x30 0x00001000
core   0: 0x80009e42 (0x00009f6e) c.add   t5, s11
core   0: 3 0x80009e42 (0x9f6e) x30 0x00000000
core   0: 0x80009e44 (0x02a5de63) bge     a1, a0, pc + 60
core   0: 3 0x80009e44 (0x02a5de63)
core   0: 0x80009e48 (0x00009a7d) c.andi  a2, -1
core   0: 3 0x80009e48 (0x9a7d) x12 0x8002dfff
core   0: 0x80009e4a (0x00008e69) c.and   a2, a0
core   0: 3 0x80009e4a (0x8e69) x12 0x00000000
core   0: 0x80009e4c (0x0067b7b3) sltu    a5, a5, t1
core   0: 3 0x80009e4c (0x0067b7b3) x15 0x00000001
core   0: 0x80009e50 (0x03058333) mul     t1, a1, a6
core   0: 3 0x80009e50 (0x03058333) x6  0xffffffff
core   0: 0x80009e54 (0x40925713) srai    a4, tp, 9
core   0: 3 0x80009e54 (0x40925713) x14 0x0000affc
core   0: 0x80009e58 (0x40dd84b3) sub     s1, s11, a3
core   0: 3 0x80009e58 (0x40dd84b3) x9  0x7ffd52dc
core   0: 0x80009e5c (0x01c74663) blt     a4, t3, pc + 12
core   0: 3 0x80009e5c (0x01c74663)
core   0: 0x80009e60 (0x01048463) beq     s1, a6, pc + 8
core   0: 3 0x80009e60 (0x01048463)
core   0: 0x80009e64 (0x01f774b3) and     s1, a4, t6
core   0: 3 0x80009e64 (0x01f774b3) x9  0x0000a200
core   0: 0x80009e68 (0x340d78f3) csrrci  a7, mscratch, 26
core   0: 3 0x80009e68 (0x340d78f3) x17 0x80025ea4 c832_mscratch 0x80025ea4
core   0: 0x80009e6c (0x020169b3) rem     s3, sp, zero
core   0: 3 0x80009e6c (0x020169b3) x19 0xfc65f358
core   0: 0x80009e70 (0x03c5fa63) bgeu    a1, t3, pc + 52
core   0: 3 0x80009e70 (0x03c5fa63)
core   0: 0x80009ea4 (0x00000001) c.nop
core   0: 3 0x80009ea4 (0x0001)
core   0: 0x80009ea6 (0x00000001) c.nop
core   0: 3 0x80009ea6 (0x0001)
core   0: 0x80009ea8 (0x41bb5433) sra     s0, s6, s11
core   0: 3 0x80009ea8 (0x41bb5433) x8  0x7ffd62db
core   0: 0x80009eac (0x29df4d93) xori    s11, t5, 669
core   0: 3 0x80009eac (0x29df4d93) x27 0x0000029d
core   0: 0x80009eb0 (0x00af40b3) xor     ra, t5, a0
core   0: 3 0x80009eb0 (0x00af40b3) x1  0x00000000
core   0: 0x80009eb4 (0x34002373) csrr    t1, mscratch
core   0: 3 0x80009eb4 (0x34002373) x6  0x80025ea4
core   0: 0x80009eb8 (0x41e1da93) srai    s5, gp, 30
core   0: 3 0x80009eb8 (0x41e1da93) x21 0xffffffff
core   0: 0x80009ebc (0x00a91813) slli    a6, s2, 10
core   0: 3 0x80009ebc (0x00a91813) x16 0xf6857000
core   0: 0x80009ec0 (0x3e8ab097) auipc   ra, 0x3e8ab
core   0: 3 0x80009ec0 (0x3e8ab097) x1  0xbe8b4ec0
core   0: 0x80009ec4 (0x01197433) and     s0, s2, a7
core   0: 3 0x80009ec4 (0x01197433) x8  0x00000004
core   0: 0x80009ec8 (0x00008c6d) c.and   s0, a1
core   0: 3 0x80009ec8 (0x8c6d) x8  0x00000004
core   0: 0x80009eca (0x00000f9a) c.slli  t6, 6
core   0: 3 0x80009eca (0x0f9a) x31 0xffe88000
core   0: 0x80009ecc (0x00008331) c.srli  a4, 12
core   0: 3 0x80009ecc (0x8331) x14 0x0000000a
core   0: 0x80009ece (0x03f8ee63) bltu    a7, t6, pc + 60
core   0: 3 0x80009ece (0x03f8ee63)
core   0: 0x80009f0a (0x03338733) mul     a4, t2, s3
core   0: 3 0x80009f0a (0x03338733) x14 0x00000000
core   0: 0x80009f0e (0xfbda3213) sltiu   tp, s4, -67
core   0: 3 0x80009f0e (0xfbda3213) x4  0x00000001
core   0: 0x80009f12 (0x00008025) c.srli  s0, 9
core   0: 3 0x80009f12 (0x8025) x8  0x00000000
core   0: 0x80009f14 (0x017cb4b3) sltu    s1, s9, s7
core   0: 3 0x80009f14 (0x017cb4b3) x9  0x00000000
core   0: 0x80009f18 (0x0000ec19) c.bnez  s0, pc + 30
core   0: 3 0x80009f18 (0xec19)
core   0: 0x80009f1a (0x00008fdd) c.or    a5, a5
core   0: 3 0x80009f1a (0x8fdd) x15 0x00000001
core   0: 0x80009f1c (0x01baf033) and     zero, s5, s11
core   0: 3 0x80009f1c (0x01baf033)
core   0: 0x80009f20 (0x02334c63) blt     t1, gp, pc + 56
core   0: 3 0x80009f20 (0x02334c63)
core   0: 0x80009f58 (0x00008d86) c.mv    s11, ra
core   0: 3 0x80009f58 (0x8d86) x27 0xbe8b4ec0
core   0: 0x80009f5a (0x34022af3) csrrs   s5, mscratch, tp
core   0: 3 0x80009f5a (0x34022af3) x21 0x80025ea4 c832_mscratch 0x80025ea5
core   0: 0x80009f5e (0x0101e4b3) or      s1, gp, a6
core   0: 3 0x80009f5e (0x0101e4b3) x9  0xfffff822
core   0: 0x80009f62 (0x01cea7b3) slt     a5, t4, t3
core   0: 3 0x80009f62 (0x01cea7b3) x15 0x00000000
core   0: 0x80009f66 (0x3408fb73) csrrci  s6, mscratch, 17
core   0: 3 0x80009f66 (0x3408fb73) x22 0x80025ea5 c832_mscratch 0x80025ea4
core   0: 0x80009f6a (0x00000bd6) c.slli  s7, 21
core   0: 3 0x80009f6a (0x0bd6) x23 0x00000000
core   0: 0x80009f6c (0x9fe56db7) lui     s11, 0x9fe56
core   0: 3 0x80009f6c (0x9fe56db7) x27 0x9fe56000
core   0: 0x80009f70 (0x340ff7f3) csrrci  a5, mscratch, 31
core   0: 3 0x80009f70 (0x340ff7f3) x15 0x80025ea4 c832_mscratch 0x80025ea0
core   0: 0x80009f74 (0x0000670d) c.lui   a4, 0x3
core   0: 3 0x80009f74 (0x670d) x14 0x00003000
core   0: 0x80009f76 (0x017fc0b3) xor     ra, t6, s7
core   0: 3 0x80009f76 (0x017fc0b3) x1  0xffe88000
core   0: 0x80009f7a (0x00161263) bne     a2, ra, pc + 4
core   0: 3 0x80009f7a (0x00161263)
core   0: 0x80009f7e (0x00000a56) c.slli  s4, 21
core   0: 3 0x80009f7e (0x0a56) x20 0x65000000
core   0: 0x80009f80 (0x00000117) auipc   sp, 0x0
core   0: 3 0x80009f80 (0x00000117) x2  0x80009f80
core   0: 0x80009f84 (0x00c10113) addi    sp, sp, 12
core   0: 3 0x80009f84 (0x00c10113) x2  0x80009f8c
core   0: 0x80009f88 (0x00010067) jr      sp
core   0: 3 0x80009f88 (0x00010067)
core   0: 0x80009f8c (0x00004185) c.li    gp, 1
core   0: 3 0x80009f8c (0x4185) x3  0x00000001
core   0: 0x80009f8e (0x00000073) ecall
core   0: exception trap_machine_ecall, epc 0x80009f8e
core   0: >>>>  mtvec_handler
core   0: 0x8000c540 (0x0400006f) j       pc + 0x40
core   0: 3 0x8000c540 (0x0400006f)
core   0: 0x8000c580 (0x000016f1) c.addi  a3, -4
core   0: 3 0x8000c580 (0x16f1) x13 0x80029d20
core   0: 0x8000c582 (0x01c6a023) sw      t3, 0(a3)
core   0: 3 0x8000c582 (0x01c6a023) mem 0x80029d20 0x80025ea4
core   0: 0x8000c586 (0x00068e33) add     t3, a3, zero
core   0: 3 0x8000c586 (0x00068e33) x28 0x80029d20
core   0: 0x8000c58a (0xf80e0e13) addi    t3, t3, -128
core   0: 3 0x8000c58a (0xf80e0e13) x28 0x80029ca0
core   0: 0x8000c58e (0x001e2223) sw      ra, 4(t3)
core   0: 3 0x8000c58e (0x001e2223) mem 0x80029ca4 0xffe88000
core   0: 0x8000c592 (0x002e2423) sw      sp, 8(t3)
core   0: 3 0x8000c592 (0x002e2423) mem 0x80029ca8 0x80009f8c
core   0: 0x8000c596 (0x003e2623) sw      gp, 12(t3)
core   0: 3 0x8000c596 (0x003e2623) mem 0x80029cac 0x00000001
core   0: 0x8000c59a (0x004e2823) sw      tp, 16(t3)
core   0: 3 0x8000c59a (0x004e2823) mem 0x80029cb0 0x00000001
core   0: 0x8000c59e (0x005e2a23) sw      t0, 20(t3)
core   0: 3 0x8000c59e (0x005e2a23) mem 0x80029cb4 0x00000001
core   0: 0x8000c5a2 (0x006e2c23) sw      t1, 24(t3)
core   0: 3 0x8000c5a2 (0x006e2c23) mem 0x80029cb8 0x80025ea4
core   0: 0x8000c5a6 (0x007e2e23) sw      t2, 28(t3)
core   0: 3 0x8000c5a6 (0x007e2e23) mem 0x80029cbc 0x00000000
core   0: 0x8000c5aa (0x028e2023) sw      s0, 32(t3)
core   0: 3 0x8000c5aa (0x028e2023) mem 0x80029cc0 0x00000000
core   0: 0x8000c5ae (0x029e2223) sw      s1, 36(t3)
core   0: 3 0x8000c5ae (0x029e2223) mem 0x80029cc4 0xfffff822
core   0: 0x8000c5b2 (0x02ae2423) sw      a0, 40(t3)
core   0: 3 0x8000c5b2 (0x02ae2423) mem 0x80029cc8 0x00000000
core   0: 0x8000c5b6 (0x02be2623) sw      a1, 44(t3)
core   0: 3 0x8000c5b6 (0x02be2623) mem 0x80029ccc 0xffffffff
core   0: 0x8000c5ba (0x02ce2823) sw      a2, 48(t3)
core   0: 3 0x8000c5ba (0x02ce2823) mem 0x80029cd0 0x00000000
core   0: 0x8000c5be (0x02de2a23) sw      a3, 52(t3)
core   0: 3 0x8000c5be (0x02de2a23) mem 0x80029cd4 0x80029d20
core   0: 0x8000c5c2 (0x02ee2c23) sw      a4, 56(t3)
core   0: 3 0x8000c5c2 (0x02ee2c23) mem 0x80029cd8 0x00003000
core   0: 0x8000c5c6 (0x02fe2e23) sw      a5, 60(t3)
core   0: 3 0x8000c5c6 (0x02fe2e23) mem 0x80029cdc 0x80025ea4
core   0: 0x8000c5ca (0x050e2023) sw      a6, 64(t3)
core   0: 3 0x8000c5ca (0x050e2023) mem 0x80029ce0 0xf6857000
core   0: 0x8000c5ce (0x051e2223) sw      a7, 68(t3)
core   0: 3 0x8000c5ce (0x051e2223) mem 0x80029ce4 0x80025ea4
core   0: 0x8000c5d2 (0x052e2423) sw      s2, 72(t3)
core   0: 3 0x8000c5d2 (0x052e2423) mem 0x80029ce8 0x7ffda15c
core   0: 0x8000c5d6 (0x053e2623) sw      s3, 76(t3)
core   0: 3 0x8000c5d6 (0x053e2623) mem 0x80029cec 0xfc65f358
core   0: 0x8000c5da (0x054e2823) sw      s4, 80(t3)
core   0: 3 0x8000c5da (0x054e2823) mem 0x80029cf0 0x65000000
core   0: 0x8000c5de (0x055e2a23) sw      s5, 84(t3)
core   0: 3 0x8000c5de (0x055e2a23) mem 0x80029cf4 0x80025ea4
core   0: 0x8000c5e2 (0x056e2c23) sw      s6, 88(t3)
core   0: 3 0x8000c5e2 (0x056e2c23) mem 0x80029cf8 0x80025ea5
core   0: 0x8000c5e6 (0x057e2e23) sw      s7, 92(t3)
core   0: 3 0x8000c5e6 (0x057e2e23) mem 0x80029cfc 0x00000000
core   0: 0x8000c5ea (0x078e2023) sw      s8, 96(t3)
core   0: 3 0x8000c5ea (0x078e2023) mem 0x80029d00 0xfc65f2a7
core   0: 0x8000c5ee (0x079e2223) sw      s9, 100(t3)
core   0: 3 0x8000c5ee (0x079e2223) mem 0x80029d04 0x00000000
core   0: 0x8000c5f2 (0x07ae2423) sw      s10, 104(t3)
core   0: 3 0x8000c5f2 (0x07ae2423) mem 0x80029d08 0x8002955b
core   0: 0x8000c5f6 (0x07be2623) sw      s11, 108(t3)
core   0: 3 0x8000c5f6 (0x07be2623) mem 0x80029d0c 0x9fe56000
core   0: 0x8000c5fa (0x07ce2823) sw      t3, 112(t3)
core   0: 3 0x8000c5fa (0x07ce2823) mem 0x80029d10 0x80029ca0
core   0: 0x8000c5fe (0x07de2a23) sw      t4, 116(t3)
core   0: 3 0x8000c5fe (0x07de2a23) mem 0x80029d14 0x00000000
core   0: 0x8000c602 (0x07ee2c23) sw      t5, 120(t3)
core   0: 3 0x8000c602 (0x07ee2c23) mem 0x80029d18 0x00000000
core   0: 0x8000c606 (0x07fe2e23) sw      t6, 124(t3)
core   0: 3 0x8000c606 (0x07fe2e23) mem 0x80029d1c 0xffe88000
core   0: 0x8000c60a (0x000e06b3) add     a3, t3, zero
core   0: 3 0x8000c60a (0x000e06b3) x13 0x80029ca0
core   0: 0x8000c60e (0x34102bf3) csrr    s7, mepc
core   0: 3 0x8000c60e (0x34102bf3) x23 0x80009f8e
core   0: 0x8000c612 (0x34202bf3) csrr    s7, mcause
core   0: 3 0x8000c612 (0x34202bf3) x23 0x0000000b
core   0: 0x8000c616 (0x0000448d) c.li    s1, 3
core   0: 3 0x8000c616 (0x448d) x9  0x00000003
core   0: 0x8000c618 (0x289b8d63) beq     s7, s1, pc + 666
core   0: 3 0x8000c618 (0x289b8d63)
core   0: 0x8000c61c (0x000044a1) c.li    s1, 8
core   0: 3 0x8000c61c (0x44a1) x9  0x00000008
core   0: 0x8000c61e (0x049b8563) beq     s7, s1, pc + 74
core   0: 3 0x8000c61e (0x049b8563)
core   0: 0x8000c622 (0x000044a5) c.li    s1, 9
core   0: 3 0x8000c622 (0x44a5) x9  0x00000009
core   0: 0x8000c624 (0x049b8263) beq     s7, s1, pc + 68
core   0: 3 0x8000c624 (0x049b8263)
core   0: 0x8000c628 (0x000044ad) c.li    s1, 11
core   0: 3 0x8000c628 (0x44ad) x9  0x0000000b
core   0: 0x8000c62a (0x029b8f63) beq     s7, s1, pc + 62
core   0: 3 0x8000c62a (0x029b8f63)
core   0: 0x8000c668 (0xffff4b97) auipc   s7, 0xffff4
core   0: 3 0x8000c668 (0xffff4b97) x23 0x80000668
core   0: 0x8000c66c (0x998b8b93) addi    s7, s7, -1640
core   0: 3 0x8000c66c (0x998b8b93) x23 0x80000000
core   0: 0x8000c670 (0x000ba023) sw      zero, 0(s7)
core   0: 3 0x8000c670 (0x000ba023) mem 0x80000000 0x00000000
core   0: 0x8000c674 (0x001ba223) sw      ra, 4(s7)
core   0: 3 0x8000c674 (0x001ba223) mem 0x80000004 0xffe88000
core   0: 0x8000c678 (0x002ba423) sw      sp, 8(s7)
core   0: 3 0x8000c678 (0x002ba423) mem 0x80000008 0x80009f8c
core   0: 0x8000c67c (0x003ba623) sw      gp, 12(s7)
core   0: 3 0x8000c67c (0x003ba623) mem 0x8000000c 0x00000001
core   0: 0x8000c680 (0x004ba823) sw      tp, 16(s7)
core   0: 3 0x8000c680 (0x004ba823) mem 0x80000010 0x00000001
core   0: 0x8000c684 (0x005baa23) sw      t0, 20(s7)
core   0: 3 0x8000c684 (0x005baa23) mem 0x80000014 0x00000001
core   0: 0x8000c688 (0x006bac23) sw      t1, 24(s7)
core   0: 3 0x8000c688 (0x006bac23) mem 0x80000018 0x80025ea4
core   0: 0x8000c68c (0x007bae23) sw      t2, 28(s7)
core   0: 3 0x8000c68c (0x007bae23) mem 0x8000001c 0x00000000
core   0: 0x8000c690 (0x028ba023) sw      s0, 32(s7)
core   0: 3 0x8000c690 (0x028ba023) mem 0x80000020 0x00000000
core   0: 0x8000c694 (0x029ba223) sw      s1, 36(s7)
core   0: 3 0x8000c694 (0x029ba223) mem 0x80000024 0x0000000b
core   0: 0x8000c698 (0x02aba423) sw      a0, 40(s7)
core   0: 3 0x8000c698 (0x02aba423) mem 0x80000028 0x00000000
core   0: 0x8000c69c (0x02bba623) sw      a1, 44(s7)
core   0: 3 0x8000c69c (0x02bba623) mem 0x8000002c 0xffffffff
core   0: 0x8000c6a0 (0x02cba823) sw      a2, 48(s7)
core   0: 3 0x8000c6a0 (0x02cba823) mem 0x80000030 0x00000000
core   0: 0x8000c6a4 (0x02dbaa23) sw      a3, 52(s7)
core   0: 3 0x8000c6a4 (0x02dbaa23) mem 0x80000034 0x80029ca0
core   0: 0x8000c6a8 (0x02ebac23) sw      a4, 56(s7)
core   0: 3 0x8000c6a8 (0x02ebac23) mem 0x80000038 0x00003000
core   0: 0x8000c6ac (0x02fbae23) sw      a5, 60(s7)
core   0: 3 0x8000c6ac (0x02fbae23) mem 0x8000003c 0x80025ea4
core   0: 0x8000c6b0 (0x050ba023) sw      a6, 64(s7)
core   0: 3 0x8000c6b0 (0x050ba023) mem 0x80000040 0xf6857000
core   0: 0x8000c6b4 (0x051ba223) sw      a7, 68(s7)
core   0: 3 0x8000c6b4 (0x051ba223) mem 0x80000044 0x80025ea4
core   0: 0x8000c6b8 (0x052ba423) sw      s2, 72(s7)
core   0: 3 0x8000c6b8 (0x052ba423) mem 0x80000048 0x7ffda15c
core   0: 0x8000c6bc (0x053ba623) sw      s3, 76(s7)
core   0: 3 0x8000c6bc (0x053ba623) mem 0x8000004c 0xfc65f358
core   0: 0x8000c6c0 (0x054ba823) sw      s4, 80(s7)
core   0: 3 0x8000c6c0 (0x054ba823) mem 0x80000050 0x65000000
core   0: 0x8000c6c4 (0x055baa23) sw      s5, 84(s7)
core   0: 3 0x8000c6c4 (0x055baa23) mem 0x80000054 0x80025ea4
core   0: 0x8000c6c8 (0x056bac23) sw      s6, 88(s7)
core   0: 3 0x8000c6c8 (0x056bac23) mem 0x80000058 0x80025ea5
core   0: 0x8000c6cc (0x057bae23) sw      s7, 92(s7)
core   0: 3 0x8000c6cc (0x057bae23) mem 0x8000005c 0x80000000
core   0: 0x8000c6d0 (0x078ba023) sw      s8, 96(s7)
core   0: 3 0x8000c6d0 (0x078ba023) mem 0x80000060 0xfc65f2a7
core   0: 0x8000c6d4 (0x079ba223) sw      s9, 100(s7)
core   0: 3 0x8000c6d4 (0x079ba223) mem 0x80000064 0x00000000
core   0: 0x8000c6d8 (0x07aba423) sw      s10, 104(s7)
core   0: 3 0x8000c6d8 (0x07aba423) mem 0x80000068 0x8002955b
core   0: 0x8000c6dc (0x07bba623) sw      s11, 108(s7)
core   0: 3 0x8000c6dc (0x07bba623) mem 0x8000006c 0x9fe56000
core   0: 0x8000c6e0 (0x07cba823) sw      t3, 112(s7)
core   0: 3 0x8000c6e0 (0x07cba823) mem 0x80000070 0x80029ca0
core   0: 0x8000c6e4 (0x07dbaa23) sw      t4, 116(s7)
core   0: 3 0x8000c6e4 (0x07dbaa23) mem 0x80000074 0x00000000
core   0: 0x8000c6e8 (0x07ebac23) sw      t5, 120(s7)
core   0: 3 0x8000c6e8 (0x07ebac23) mem 0x80000078 0x00000000
core   0: 0x8000c6ec (0x07fbae23) sw      t6, 124(s7)
core   0: 3 0x8000c6ec (0x07fbae23) mem 0x8000007c 0xffe88000
core   0: 0x8000c6f0 (0xfffff117) auipc   sp, 0xfffff
core   0: 3 0x8000c6f0 (0xfffff117) x2  0x8000b6f0
core   0: 0x8000c6f4 (0x45610113) addi    sp, sp, 1110
core   0: 3 0x8000c6f4 (0x45610113) x2  0x8000bb46
core   0: 0x8000c6f8 (0x00010067) jr      sp
core   0: 3 0x8000c6f8 (0x00010067)
core   0: 0x8000bb46 (0x00004f17) auipc   t5, 0x4
core   0: 3 0x8000bb46 (0x00004f17) x30 0x8000fb46
core   0: 0x8000bb4a (0x4a3f2d23) sw      gp, 1210(t5)
core   0: 3 0x8000bb4a (0x4a3f2d23) mem 0x80010000 0x00000001
core   0: 0x8000bb4e (0x0000bfe5) c.j     pc - 8
core   0: 3 0x8000bb4e (0xbfe5)
core   0: 0x8000bb46 (0x00004f17) auipc   t5, 0x4
core   0: 3 0x8000bb46 (0x00004f17) x30 0x8000fb46
core   0: 0x8000bb4a (0x4a3f2d23) sw      gp, 1210(t5)
core   0: 3 0x8000bb4a (0x4a3f2d23) mem 0x80010000 0x00000001
core   0: 0x8000bb4e (0x0000bfe5) c.j     pc - 8
core   0: 3 0x8000bb4e (0xbfe5)
core   0: 0x8000bb46 (0x00004f17) auipc   t5, 0x4
core   0: 3 0x8000bb46 (0x00004f17) x30 0x8000fb46
core   0: 0x8000bb4a (0x4a3f2d23) sw      gp, 1210(t5)
core   0: 3 0x8000bb4a (0x4a3f2d23) mem 0x80010000 0x00000001
core   0: 0x8000bb4e (0x0000bfe5) c.j     pc - 8
core   0: 3 0x8000bb4e (0xbfe5)
core   0: 0x8000bb46 (0x00004f17) auipc   t5, 0x4
core   0: 3 0x8000bb46 (0x00004f17) x30 0x8000fb46
core   0: 0x8000bb4a (0x4a3f2d23) sw      gp, 1210(t5)
core   0: 3 0x8000bb4a (0x4a3f2d23) mem 0x80010000 0x00000001
core   0: 0x8000bb4e (0x0000bfe5) c.j     pc - 8
core   0: 3 0x8000bb4e (0xbfe5)
core   0: 0x8000bb46 (0x00004f17) auipc   t5, 0x4
core   0: 3 0x8000bb46 (0x00004f17) x30 0x8000fb46
core   0: 0x8000bb4a (0x4a3f2d23) sw      gp, 1210(t5)
core   0: 3 0x8000bb4a (0x4a3f2d23) mem 0x80010000 0x00000001
core   0: 0x8000bb4e (0x0000bfe5) c.j     pc - 8
core   0: 3 0x8000bb4e (0xbfe5)
core   0: 0x8000bb46 (0x00004f17) auipc   t5, 0x4
core   0: 3 0x8000bb46 (0x00004f17) x30 0x8000fb46
core   0: 0x8000bb4a (0x4a3f2d23) sw      gp, 1210(t5)
core   0: 3 0x8000bb4a (0x4a3f2d23) mem 0x80010000 0x00000001
core   0: 0x8000bb4e (0x0000bfe5) c.j     pc - 8
core   0: 3 0x8000bb4e (0xbfe5)
core   0: 0x8000bb46 (0x00004f17) auipc   t5, 0x4
core   0: 3 0x8000bb46 (0x00004f17) x30 0x8000fb46
core   0: 0x8000bb4a (0x4a3f2d23) sw      gp, 1210(t5)
core   0: 3 0x8000bb4a (0x4a3f2d23) mem 0x80010000 0x00000001
core   0: 0x8000bb4e (0x0000bfe5) c.j     pc - 8
core   0: 3 0x8000bb4e (0xbfe5)
core   0: 0x8000bb46 (0x00004f17) auipc   t5, 0x4
core   0: 3 0x8000bb46 (0x00004f17) x30 0x8000fb46
core   0: 0x8000bb4a (0x4a3f2d23) sw      gp, 1210(t5)
core   0: 3 0x8000bb4a (0x4a3f2d23) mem 0x80010000 0x00000001
core   0: 0x8000bb4e (0x0000bfe5) c.j     pc - 8
core   0: 3 0x8000bb4e (0xbfe5)
core   0: 0x8000bb46 (0x00004f17) auipc   t5, 0x4
core   0: 3 0x8000bb46 (0x00004f17) x30 0x8000fb46
core   0: 0x8000bb4a (0x4a3f2d23) sw      gp, 1210(t5)
core   0: 3 0x8000bb4a (0x4a3f2d23) mem 0x80010000 0x00000001
core   0: 0x8000bb4e (0x0000bfe5) c.j     pc - 8
core   0: 3 0x8000bb4e (0xbfe5)
core   0: 0x8000bb46 (0x00004f17) auipc   t5, 0x4
core   0: 3 0x8000bb46 (0x00004f17) x30 0x8000fb46
core   0: 0x8000bb4a (0x4a3f2d23) sw      gp, 1210(t5)
core   0: 3 0x8000bb4a (0x4a3f2d23) mem 0x80010000 0x00000001
core   0: 0x8000bb4e (0x0000bfe5) c.j     pc - 8
core   0: 3 0x8000bb4e (0xbfe5)
core   0: 0x8000bb46 (0x00004f17) auipc   t5, 0x4
core   0: 3 0x8000bb46 (0x00004f17) x30 0x8000fb46
core   0: 0x8000bb4a (0x4a3f2d23) sw      gp, 1210(t5)
core   0: 3 0x8000bb4a (0x4a3f2d23) mem 0x80010000 0x00000001
core   0: 0x8000bb4e (0x0000bfe5) c.j     pc - 8
core   0: 3 0x8000bb4e (0xbfe5)
core   0: 0x8000bb46 (0x00004f17) auipc   t5, 0x4
core   0: 3 0x8000bb46 (0x00004f17) x30 0x8000fb46
core   0: 0x8000bb4a (0x4a3f2d23) sw      gp, 1210(t5)
core   0: 3 0x8000bb4a (0x4a3f2d23) mem 0x80010000 0x00000001
core   0: 0x8000bb4e (0x0000bfe5) c.j     pc - 8
core   0: 3 0x8000bb4e (0xbfe5)
core   0: 0x8000bb46 (0x00004f17) auipc   t5, 0x4
core   0: 3 0x8000bb46 (0x00004f17) x30 0x8000fb46
core   0: 0x8000bb4a (0x4a3f2d23) sw      gp, 1210(t5)
core   0: 3 0x8000bb4a (0x4a3f2d23) mem 0x80010000 0x00000001
core   0: 0x8000bb4e (0x0000bfe5) c.j     pc - 8
core   0: 3 0x8000bb4e (0xbfe5)
core   0: 0x8000bb46 (0x00004f17) auipc   t5, 0x4
core   0: 3 0x8000bb46 (0x00004f17) x30 0x8000fb46
core   0: 0x8000bb4a (0x4a3f2d23) sw      gp, 1210(t5)
core   0: 3 0x8000bb4a (0x4a3f2d23) mem 0x80010000 0x00000001
core   0: 0x8000bb4e (0x0000bfe5) c.j     pc - 8
core   0: 3 0x8000bb4e (0xbfe5)
core   0: 0x8000bb46 (0x00004f17) auipc   t5, 0x4
core   0: 3 0x8000bb46 (0x00004f17) x30 0x8000fb46
core   0: 0x8000bb4a (0x4a3f2d23) sw      gp, 1210(t5)
core   0: 3 0x8000bb4a (0x4a3f2d23) mem 0x80010000 0x00000001
core   0: 0x8000bb4e (0x0000bfe5) c.j     pc - 8
core   0: 3 0x8000bb4e (0xbfe5)
core   0: 0x8000bb46 (0x00004f17) auipc   t5, 0x4
core   0: 3 0x8000bb46 (0x00004f17) x30 0x8000fb46
core   0: 0x8000bb4a (0x4a3f2d23) sw      gp, 1210(t5)
core   0: 3 0x8000bb4a (0x4a3f2d23) mem 0x80010000 0x00000001
core   0: 0x8000bb4e (0x0000bfe5) c.j     pc - 8
core   0: 3 0x8000bb4e (0xbfe5)
core   0: 0x8000bb46 (0x00004f17) auipc   t5, 0x4
core   0: 3 0x8000bb46 (0x00004f17) x30 0x8000fb46
core   0: 0x8000bb4a (0x4a3f2d23) sw      gp, 1210(t5)
core   0: 3 0x8000bb4a (0x4a3f2d23) mem 0x80010000 0x00000001
core   0: 0x8000bb4e (0x0000bfe5) c.j     pc - 8
core   0: 3 0x8000bb4e (0xbfe5)
core   0: 0x8000bb46 (0x00004f17) auipc   t5, 0x4
core   0: 3 0x8000bb46 (0x00004f17) x30 0x8000fb46
core   0: 0x8000bb4a (0x4a3f2d23) sw      gp, 1210(t5)
core   0: 3 0x8000bb4a (0x4a3f2d23) mem 0x80010000 0x00000001
core   0: 0x8000bb4e (0x0000bfe5) c.j     pc - 8
core   0: 3 0x8000bb4e (0xbfe5)
core   0: 0x8000bb46 (0x00004f17) auipc   t5, 0x4
core   0: 3 0x8000bb46 (0x00004f17) x30 0x8000fb46
core   0: 0x8000bb4a (0x4a3f2d23) sw      gp, 1210(t5)
core   0: 3 0x8000bb4a (0x4a3f2d23) mem 0x80010000 0x00000001
core   0: 0x8000bb4e (0x0000bfe5) c.j     pc - 8
core   0: 3 0x8000bb4e (0xbfe5)
core   0: 0x8000bb46 (0x00004f17) auipc   t5, 0x4
core   0: 3 0x8000bb46 (0x00004f17) x30 0x8000fb46
core   0: 0x8000bb4a (0x4a3f2d23) sw      gp, 1210(t5)
core   0: 3 0x8000bb4a (0x4a3f2d23) mem 0x80010000 0x00000001
core   0: 0x8000bb4e (0x0000bfe5) c.j     pc - 8
core   0: 3 0x8000bb4e (0xbfe5)
core   0: 0x8000bb46 (0x00004f17) auipc   t5, 0x4
core   0: 3 0x8000bb46 (0x00004f17) x30 0x8000fb46
core   0: 0x8000bb4a (0x4a3f2d23) sw      gp, 1210(t5)
core   0: 3 0x8000bb4a (0x4a3f2d23) mem 0x80010000 0x00000001
core   0: 0x8000bb4e (0x0000bfe5) c.j     pc - 8
core   0: 3 0x8000bb4e (0xbfe5)
core   0: 0x8000bb46 (0x00004f17) auipc   t5, 0x4
core   0: 3 0x8000bb46 (0x00004f17) x30 0x8000fb46
core   0: 0x8000bb4a (0x4a3f2d23) sw      gp, 1210(t5)
core   0: 3 0x8000bb4a (0x4a3f2d23) mem 0x80010000 0x00000001
core   0: 0x8000bb4e (0x0000bfe5) c.j     pc - 8
core   0: 3 0x8000bb4e (0xbfe5)
core   0: 0x8000bb46 (0x00004f17) auipc   t5, 0x4
core   0: 3 0x8000bb46 (0x00004f17) x30 0x8000fb46
core   0: 0x8000bb4a (0x4a3f2d23) sw      gp, 1210(t5)
core   0: 3 0x8000bb4a (0x4a3f2d23) mem 0x80010000 0x00000001
core   0: 0x8000bb4e (0x0000bfe5) c.j     pc - 8
core   0: 3 0x8000bb4e (0xbfe5)
core   0: 0x8000bb46 (0x00004f17) auipc   t5, 0x4
core   0: 3 0x8000bb46 (0x00004f17) x30 0x8000fb46
core   0: 0x8000bb4a (0x4a3f2d23) sw      gp, 1210(t5)
core   0: 3 0x8000bb4a (0x4a3f2d23) mem 0x80010000 0x00000001
core   0: 0x8000bb4e (0x0000bfe5) c.j     pc - 8
core   0: 3 0x8000bb4e (0xbfe5)
core   0: 0x8000bb46 (0x00004f17) auipc   t5, 0x4
core   0: 3 0x8000bb46 (0x00004f17) x30 0x8000fb46
core   0: 0x8000bb4a (0x4a3f2d23) sw      gp, 1210(t5)
core   0: 3 0x8000bb4a (0x4a3f2d23) mem 0x80010000 0x00000001
core   0: 0x8000bb4e (0x0000bfe5) c.j     pc - 8
core   0: 3 0x8000bb4e (0xbfe5)
core   0: 0x8000bb46 (0x00004f17) auipc   t5, 0x4
core   0: 3 0x8000bb46 (0x00004f17) x30 0x8000fb46
core   0: 0x8000bb4a (0x4a3f2d23) sw      gp, 1210(t5)
core   0: 3 0x8000bb4a (0x4a3f2d23) mem 0x80010000 0x00000001
core   0: 0x8000bb4e (0x0000bfe5) c.j     pc - 8
core   0: 3 0x8000bb4e (0xbfe5)
core   0: 0x8000bb46 (0x00004f17) auipc   t5, 0x4
core   0: 3 0x8000bb46 (0x00004f17) x30 0x8000fb46
core   0: 0x8000bb4a (0x4a3f2d23) sw      gp, 1210(t5)
core   0: 3 0x8000bb4a (0x4a3f2d23) mem 0x80010000 0x00000001
core   0: 0x8000bb4e (0x0000bfe5) c.j     pc - 8
core   0: 3 0x8000bb4e (0xbfe5)
core   0: 0x8000bb46 (0x00004f17) auipc   t5, 0x4
core   0: 3 0x8000bb46 (0x00004f17) x30 0x8000fb46
core   0: 0x8000bb4a (0x4a3f2d23) sw      gp, 1210(t5)
core   0: 3 0x8000bb4a (0x4a3f2d23) mem 0x80010000 0x00000001
core   0: 0x8000bb4e (0x0000bfe5) c.j     pc - 8
core   0: 3 0x8000bb4e (0xbfe5)
core   0: 0x8000bb46 (0x00004f17) auipc   t5, 0x4
core   0: 3 0x8000bb46 (0x00004f17) x30 0x8000fb46
core   0: 0x8000bb4a (0x4a3f2d23) sw      gp, 1210(t5)
core   0: 3 0x8000bb4a (0x4a3f2d23) mem 0x80010000 0x00000001
core   0: 0x8000bb4e (0x0000bfe5) c.j     pc - 8
core   0: 3 0x8000bb4e (0xbfe5)
core   0: 0x8000bb46 (0x00004f17) auipc   t5, 0x4
core   0: 3 0x8000bb46 (0x00004f17) x30 0x8000fb46
core   0: 0x8000bb4a (0x4a3f2d23) sw      gp, 1210(t5)
core   0: 3 0x8000bb4a (0x4a3f2d23) mem 0x80010000 0x00000001
core   0: 0x8000bb4e (0x0000bfe5) c.j     pc - 8
core   0: 3 0x8000bb4e (0xbfe5)
core   0: 0x8000bb46 (0x00004f17) auipc   t5, 0x4
core   0: 3 0x8000bb46 (0x00004f17) x30 0x8000fb46
core   0: 0x8000bb4a (0x4a3f2d23) sw      gp, 1210(t5)
core   0: 3 0x8000bb4a (0x4a3f2d23) mem 0x80010000 0x00000001
core   0: 0x8000bb4e (0x0000bfe5) c.j     pc - 8
core   0: 3 0x8000bb4e (0xbfe5)
core   0: 0x8000bb46 (0x00004f17) auipc   t5, 0x4
core   0: 3 0x8000bb46 (0x00004f17) x30 0x8000fb46
core   0: 0x8000bb4a (0x4a3f2d23) sw      gp, 1210(t5)
core   0: 3 0x8000bb4a (0x4a3f2d23) mem 0x80010000 0x00000001
core   0: 0x8000bb4e (0x0000bfe5) c.j     pc - 8
core   0: 3 0x8000bb4e (0xbfe5)
core   0: 0x8000bb46 (0x00004f17) auipc   t5, 0x4
core   0: 3 0x8000bb46 (0x00004f17) x30 0x8000fb46
core   0: 0x8000bb4a (0x4a3f2d23) sw      gp, 1210(t5)
core   0: 3 0x8000bb4a (0x4a3f2d23) mem 0x80010000 0x00000001
core   0: 0x8000bb4e (0x0000bfe5) c.j     pc - 8
core   0: 3 0x8000bb4e (0xbfe5)
core   0: 0x8000bb46 (0x00004f17) auipc   t5, 0x4
core   0: 3 0x8000bb46 (0x00004f17) x30 0x8000fb46
core   0: 0x8000bb4a (0x4a3f2d23) sw      gp, 1210(t5)
core   0: 3 0x8000bb4a (0x4a3f2d23) mem 0x80010000 0x00000001
core   0: 0x8000bb4e (0x0000bfe5) c.j     pc - 8
core   0: 3 0x8000bb4e (0xbfe5)
core   0: 0x8000bb46 (0x00004f17) auipc   t5, 0x4
core   0: 3 0x8000bb46 (0x00004f17) x30 0x8000fb46
core   0: 0x8000bb4a (0x4a3f2d23) sw      gp, 1210(t5)
core   0: 3 0x8000bb4a (0x4a3f2d23) mem 0x80010000 0x00000001
core   0: 0x8000bb4e (0x0000bfe5) c.j     pc - 8
core   0: 3 0x8000bb4e (0xbfe5)
core   0: 0x8000bb46 (0x00004f17) auipc   t5, 0x4
core   0: 3 0x8000bb46 (0x00004f17) x30 0x8000fb46
core   0: 0x8000bb4a (0x4a3f2d23) sw      gp, 1210(t5)
core   0: 3 0x8000bb4a (0x4a3f2d23) mem 0x80010000 0x00000001
core   0: 0x8000bb4e (0x0000bfe5) c.j     pc - 8
core   0: 3 0x8000bb4e (0xbfe5)
core   0: 0x8000bb46 (0x00004f17) auipc   t5, 0x4
core   0: 3 0x8000bb46 (0x00004f17) x30 0x8000fb46
core   0: 0x8000bb4a (0x4a3f2d23) sw      gp, 1210(t5)
core   0: 3 0x8000bb4a (0x4a3f2d23) mem 0x80010000 0x00000001
core   0: 0x8000bb4e (0x0000bfe5) c.j     pc - 8
core   0: 3 0x8000bb4e (0xbfe5)
core   0: 0x8000bb46 (0x00004f17) auipc   t5, 0x4
core   0: 3 0x8000bb46 (0x00004f17) x30 0x8000fb46
core   0: 0x8000bb4a (0x4a3f2d23) sw      gp, 1210(t5)
core   0: 3 0x8000bb4a (0x4a3f2d23) mem 0x80010000 0x00000001
core   0: 0x8000bb4e (0x0000bfe5) c.j     pc - 8
core   0: 3 0x8000bb4e (0xbfe5)
core   0: 0x8000bb46 (0x00004f17) auipc   t5, 0x4
core   0: 3 0x8000bb46 (0x00004f17) x30 0x8000fb46
core   0: 0x8000bb4a (0x4a3f2d23) sw      gp, 1210(t5)
core   0: 3 0x8000bb4a (0x4a3f2d23) mem 0x80010000 0x00000001
core   0: 0x8000bb4e (0x0000bfe5) c.j     pc - 8
core   0: 3 0x8000bb4e (0xbfe5)
core   0: 0x8000bb46 (0x00004f17) auipc   t5, 0x4
core   0: 3 0x8000bb46 (0x00004f17) x30 0x8000fb46
core   0: 0x8000bb4a (0x4a3f2d23) sw      gp, 1210(t5)
core   0: 3 0x8000bb4a (0x4a3f2d23) mem 0x80010000 0x00000001
core   0: 0x8000bb4e (0x0000bfe5) c.j     pc - 8
core   0: 3 0x8000bb4e (0xbfe5)
core   0: 0x8000bb46 (0x00004f17) auipc   t5, 0x4
core   0: 3 0x8000bb46 (0x00004f17) x30 0x8000fb46
core   0: 0x8000bb4a (0x4a3f2d23) sw      gp, 1210(t5)
core   0: 3 0x8000bb4a (0x4a3f2d23) mem 0x80010000 0x00000001
core   0: 0x8000bb4e (0x0000bfe5) c.j     pc - 8
core   0: 3 0x8000bb4e (0xbfe5)
core   0: 0x8000bb46 (0x00004f17) auipc   t5, 0x4
core   0: 3 0x8000bb46 (0x00004f17) x30 0x8000fb46
core   0: 0x8000bb4a (0x4a3f2d23) sw      gp, 1210(t5)
core   0: 3 0x8000bb4a (0x4a3f2d23) mem 0x80010000 0x00000001
core   0: 0x8000bb4e (0x0000bfe5) c.j     pc - 8
core   0: 3 0x8000bb4e (0xbfe5)
core   0: 0x8000bb46 (0x00004f17) auipc   t5, 0x4
core   0: 3 0x8000bb46 (0x00004f17) x30 0x8000fb46
core   0: 0x8000bb4a (0x4a3f2d23) sw      gp, 1210(t5)
core   0: 3 0x8000bb4a (0x4a3f2d23) mem 0x80010000 0x00000001
core   0: 0x8000bb4e (0x0000bfe5) c.j     pc - 8
core   0: 3 0x8000bb4e (0xbfe5)
core   0: 0x8000bb46 (0x00004f17) auipc   t5, 0x4
core   0: 3 0x8000bb46 (0x00004f17) x30 0x8000fb46
core   0: 0x8000bb4a (0x4a3f2d23) sw      gp, 1210(t5)
core   0: 3 0x8000bb4a (0x4a3f2d23) mem 0x80010000 0x00000001
core   0: 0x8000bb4e (0x0000bfe5) c.j     pc - 8
core   0: 3 0x8000bb4e (0xbfe5)
core   0: 0x8000bb46 (0x00004f17) auipc   t5, 0x4
core   0: 3 0x8000bb46 (0x00004f17) x30 0x8000fb46
core   0: 0x8000bb4a (0x4a3f2d23) sw      gp, 1210(t5)
core   0: 3 0x8000bb4a (0x4a3f2d23) mem 0x80010000 0x00000001
core   0: 0x8000bb4e (0x0000bfe5) c.j     pc - 8
core   0: 3 0x8000bb4e (0xbfe5)
core   0: 0x8000bb46 (0x00004f17) auipc   t5, 0x4
core   0: 3 0x8000bb46 (0x00004f17) x30 0x8000fb46
core   0: 0x8000bb4a (0x4a3f2d23) sw      gp, 1210(t5)
core   0: 3 0x8000bb4a (0x4a3f2d23) mem 0x80010000 0x00000001
core   0: 0x8000bb4e (0x0000bfe5) c.j     pc - 8
core   0: 3 0x8000bb4e (0xbfe5)
core   0: 0x8000bb46 (0x00004f17) auipc   t5, 0x4
core   0: 3 0x8000bb46 (0x00004f17) x30 0x8000fb46
core   0: 0x8000bb4a (0x4a3f2d23) sw      gp, 1210(t5)
core   0: 3 0x8000bb4a (0x4a3f2d23) mem 0x80010000 0x00000001
core   0: 0x8000bb4e (0x0000bfe5) c.j     pc - 8
core   0: 3 0x8000bb4e (0xbfe5)
core   0: 0x8000bb46 (0x00004f17) auipc   t5, 0x4
core   0: 3 0x8000bb46 (0x00004f17) x30 0x8000fb46
core   0: 0x8000bb4a (0x4a3f2d23) sw      gp, 1210(t5)
core   0: 3 0x8000bb4a (0x4a3f2d23) mem 0x80010000 0x00000001
core   0: 0x8000bb4e (0x0000bfe5) c.j     pc - 8
core   0: 3 0x8000bb4e (0xbfe5)
core   0: 0x8000bb46 (0x00004f17) auipc   t5, 0x4
core   0: 3 0x8000bb46 (0x00004f17) x30 0x8000fb46
core   0: 0x8000bb4a (0x4a3f2d23) sw      gp, 1210(t5)
core   0: 3 0x8000bb4a (0x4a3f2d23) mem 0x80010000 0x00000001
core   0: 0x8000bb4e (0x0000bfe5) c.j     pc - 8
core   0: 3 0x8000bb4e (0xbfe5)
core   0: 0x8000bb46 (0x00004f17) auipc   t5, 0x4
core   0: 3 0x8000bb46 (0x00004f17) x30 0x8000fb46
core   0: 0x8000bb4a (0x4a3f2d23) sw      gp, 1210(t5)
core   0: 3 0x8000bb4a (0x4a3f2d23) mem 0x80010000 0x00000001
core   0: 0x8000bb4e (0x0000bfe5) c.j     pc - 8
core   0: 3 0x8000bb4e (0xbfe5)
core   0: 0x8000bb46 (0x00004f17) auipc   t5, 0x4
core   0: 3 0x8000bb46 (0x00004f17) x30 0x8000fb46
core   0: 0x8000bb4a (0x4a3f2d23) sw      gp, 1210(t5)
core   0: 3 0x8000bb4a (0x4a3f2d23) mem 0x80010000 0x00000001
core   0: 0x8000bb4e (0x0000bfe5) c.j     pc - 8
core   0: 3 0x8000bb4e (0xbfe5)
core   0: 0x8000bb46 (0x00004f17) auipc   t5, 0x4
core   0: 3 0x8000bb46 (0x00004f17) x30 0x8000fb46
core   0: 0x8000bb4a (0x4a3f2d23) sw      gp, 1210(t5)
core   0: 3 0x8000bb4a (0x4a3f2d23) mem 0x80010000 0x00000001
core   0: 0x8000bb4e (0x0000bfe5) c.j     pc - 8
core   0: 3 0x8000bb4e (0xbfe5)
core   0: 0x8000bb46 (0x00004f17) auipc   t5, 0x4
core   0: 3 0x8000bb46 (0x00004f17) x30 0x8000fb46
core   0: 0x8000bb4a (0x4a3f2d23) sw      gp, 1210(t5)
core   0: 3 0x8000bb4a (0x4a3f2d23) mem 0x80010000 0x00000001
core   0: 0x8000bb4e (0x0000bfe5) c.j     pc - 8
core   0: 3 0x8000bb4e (0xbfe5)
core   0: 0x8000bb46 (0x00004f17) auipc   t5, 0x4
core   0: 3 0x8000bb46 (0x00004f17) x30 0x8000fb46
core   0: 0x8000bb4a (0x4a3f2d23) sw      gp, 1210(t5)
core   0: 3 0x8000bb4a (0x4a3f2d23) mem 0x80010000 0x00000001
core   0: 0x8000bb4e (0x0000bfe5) c.j     pc - 8
core   0: 3 0x8000bb4e (0xbfe5)
core   0: 0x8000bb46 (0x00004f17) auipc   t5, 0x4
core   0: 3 0x8000bb46 (0x00004f17) x30 0x8000fb46
core   0: 0x8000bb4a (0x4a3f2d23) sw      gp, 1210(t5)
core   0: 3 0x8000bb4a (0x4a3f2d23) mem 0x80010000 0x00000001
core   0: 0x8000bb4e (0x0000bfe5) c.j     pc - 8
core   0: 3 0x8000bb4e (0xbfe5)
core   0: 0x8000bb46 (0x00004f17) auipc   t5, 0x4
core   0: 3 0x8000bb46 (0x00004f17) x30 0x8000fb46
core   0: 0x8000bb4a (0x4a3f2d23) sw      gp, 1210(t5)
core   0: 3 0x8000bb4a (0x4a3f2d23) mem 0x80010000 0x00000001
core   0: 0x8000bb4e (0x0000bfe5) c.j     pc - 8
core   0: 3 0x8000bb4e (0xbfe5)
core   0: 0x8000bb46 (0x00004f17) auipc   t5, 0x4
core   0: 3 0x8000bb46 (0x00004f17) x30 0x8000fb46
core   0: 0x8000bb4a (0x4a3f2d23) sw      gp, 1210(t5)
core   0: 3 0x8000bb4a (0x4a3f2d23) mem 0x80010000 0x00000001
core   0: 0x8000bb4e (0x0000bfe5) c.j     pc - 8
core   0: 3 0x8000bb4e (0xbfe5)
core   0: 0x8000bb46 (0x00004f17) auipc   t5, 0x4
core   0: 3 0x8000bb46 (0x00004f17) x30 0x8000fb46
core   0: 0x8000bb4a (0x4a3f2d23) sw      gp, 1210(t5)
core   0: 3 0x8000bb4a (0x4a3f2d23) mem 0x80010000 0x00000001
core   0: 0x8000bb4e (0x0000bfe5) c.j     pc - 8
core   0: 3 0x8000bb4e (0xbfe5)
core   0: 0x8000bb46 (0x00004f17) auipc   t5, 0x4
core   0: 3 0x8000bb46 (0x00004f17) x30 0x8000fb46
core   0: 0x8000bb4a (0x4a3f2d23) sw      gp, 1210(t5)
core   0: 3 0x8000bb4a (0x4a3f2d23) mem 0x80010000 0x00000001
core   0: 0x8000bb4e (0x0000bfe5) c.j     pc - 8
core   0: 3 0x8000bb4e (0xbfe5)
core   0: 0x8000bb46 (0x00004f17) auipc   t5, 0x4
core   0: 3 0x8000bb46 (0x00004f17) x30 0x8000fb46
core   0: 0x8000bb4a (0x4a3f2d23) sw      gp, 1210(t5)
core   0: 3 0x8000bb4a (0x4a3f2d23) mem 0x80010000 0x00000001
core   0: 0x8000bb4e (0x0000bfe5) c.j     pc - 8
core   0: 3 0x8000bb4e (0xbfe5)
core   0: 0x8000bb46 (0x00004f17) auipc   t5, 0x4
core   0: 3 0x8000bb46 (0x00004f17) x30 0x8000fb46
core   0: 0x8000bb4a (0x4a3f2d23) sw      gp, 1210(t5)
core   0: 3 0x8000bb4a (0x4a3f2d23) mem 0x80010000 0x00000001
core   0: 0x8000bb4e (0x0000bfe5) c.j     pc - 8
core   0: 3 0x8000bb4e (0xbfe5)
core   0: 0x8000bb46 (0x00004f17) auipc   t5, 0x4
core   0: 3 0x8000bb46 (0x00004f17) x30 0x8000fb46
core   0: 0x8000bb4a (0x4a3f2d23) sw      gp, 1210(t5)
core   0: 3 0x8000bb4a (0x4a3f2d23) mem 0x80010000 0x00000001
core   0: 0x8000bb4e (0x0000bfe5) c.j     pc - 8
core   0: 3 0x8000bb4e (0xbfe5)
core   0: 0x8000bb46 (0x00004f17) auipc   t5, 0x4
core   0: 3 0x8000bb46 (0x00004f17) x30 0x8000fb46
core   0: 0x8000bb4a (0x4a3f2d23) sw      gp, 1210(t5)
core   0: 3 0x8000bb4a (0x4a3f2d23) mem 0x80010000 0x00000001
core   0: 0x8000bb4e (0x0000bfe5) c.j     pc - 8
core   0: 3 0x8000bb4e (0xbfe5)
core   0: 0x8000bb46 (0x00004f17) auipc   t5, 0x4
core   0: 3 0x8000bb46 (0x00004f17) x30 0x8000fb46
core   0: 0x8000bb4a (0x4a3f2d23) sw      gp, 1210(t5)
core   0: 3 0x8000bb4a (0x4a3f2d23) mem 0x80010000 0x00000001
core   0: 0x8000bb4e (0x0000bfe5) c.j     pc - 8
core   0: 3 0x8000bb4e (0xbfe5)
core   0: 0x8000bb46 (0x00004f17) auipc   t5, 0x4
core   0: 3 0x8000bb46 (0x00004f17) x30 0x8000fb46
core   0: 0x8000bb4a (0x4a3f2d23) sw      gp, 1210(t5)
core   0: 3 0x8000bb4a (0x4a3f2d23) mem 0x80010000 0x00000001
core   0: 0x8000bb4e (0x0000bfe5) c.j     pc - 8
core   0: 3 0x8000bb4e (0xbfe5)
core   0: 0x8000bb46 (0x00004f17) auipc   t5, 0x4
core   0: 3 0x8000bb46 (0x00004f17) x30 0x8000fb46
core   0: 0x8000bb4a (0x4a3f2d23) sw      gp, 1210(t5)
core   0: 3 0x8000bb4a (0x4a3f2d23) mem 0x80010000 0x00000001
core   0: 0x8000bb4e (0x0000bfe5) c.j     pc - 8
core   0: 3 0x8000bb4e (0xbfe5)
core   0: 0x8000bb46 (0x00004f17) auipc   t5, 0x4
core   0: 3 0x8000bb46 (0x00004f17) x30 0x8000fb46
core   0: 0x8000bb4a (0x4a3f2d23) sw      gp, 1210(t5)
core   0: 3 0x8000bb4a (0x4a3f2d23) mem 0x80010000 0x00000001
core   0: 0x8000bb4e (0x0000bfe5) c.j     pc - 8
core   0: 3 0x8000bb4e (0xbfe5)
core   0: 0x8000bb46 (0x00004f17) auipc   t5, 0x4
core   0: 3 0x8000bb46 (0x00004f17) x30 0x8000fb46
core   0: 0x8000bb4a (0x4a3f2d23) sw      gp, 1210(t5)
core   0: 3 0x8000bb4a (0x4a3f2d23) mem 0x80010000 0x00000001
core   0: 0x8000bb4e (0x0000bfe5) c.j     pc - 8
core   0: 3 0x8000bb4e (0xbfe5)
core   0: 0x8000bb46 (0x00004f17) auipc   t5, 0x4
core   0: 3 0x8000bb46 (0x00004f17) x30 0x8000fb46
core   0: 0x8000bb4a (0x4a3f2d23) sw      gp, 1210(t5)
core   0: 3 0x8000bb4a (0x4a3f2d23) mem 0x80010000 0x00000001
core   0: 0x8000bb4e (0x0000bfe5) c.j     pc - 8
core   0: 3 0x8000bb4e (0xbfe5)
core   0: 0x8000bb46 (0x00004f17) auipc   t5, 0x4
core   0: 3 0x8000bb46 (0x00004f17) x30 0x8000fb46
core   0: 0x8000bb4a (0x4a3f2d23) sw      gp, 1210(t5)
core   0: 3 0x8000bb4a (0x4a3f2d23) mem 0x80010000 0x00000001
core   0: 0x8000bb4e (0x0000bfe5) c.j     pc - 8
core   0: 3 0x8000bb4e (0xbfe5)
core   0: 0x8000bb46 (0x00004f17) auipc   t5, 0x4
core   0: 3 0x8000bb46 (0x00004f17) x30 0x8000fb46
core   0: 0x8000bb4a (0x4a3f2d23) sw      gp, 1210(t5)
core   0: 3 0x8000bb4a (0x4a3f2d23) mem 0x80010000 0x00000001
core   0: 0x8000bb4e (0x0000bfe5) c.j     pc - 8
core   0: 3 0x8000bb4e (0xbfe5)
core   0: 0x8000bb46 (0x00004f17) auipc   t5, 0x4
core   0: 3 0x8000bb46 (0x00004f17) x30 0x8000fb46
core   0: 0x8000bb4a (0x4a3f2d23) sw      gp, 1210(t5)
core   0: 3 0x8000bb4a (0x4a3f2d23) mem 0x80010000 0x00000001
core   0: 0x8000bb4e (0x0000bfe5) c.j     pc - 8
core   0: 3 0x8000bb4e (0xbfe5)
core   0: 0x8000bb46 (0x00004f17) auipc   t5, 0x4
core   0: 3 0x8000bb46 (0x00004f17) x30 0x8000fb46
core   0: 0x8000bb4a (0x4a3f2d23) sw      gp, 1210(t5)
core   0: 3 0x8000bb4a (0x4a3f2d23) mem 0x80010000 0x00000001
core   0: 0x8000bb4e (0x0000bfe5) c.j     pc - 8
core   0: 3 0x8000bb4e (0xbfe5)
core   0: 0x8000bb46 (0x00004f17) auipc   t5, 0x4
core   0: 3 0x8000bb46 (0x00004f17) x30 0x8000fb46
core   0: 0x8000bb4a (0x4a3f2d23) sw      gp, 1210(t5)
core   0: 3 0x8000bb4a (0x4a3f2d23) mem 0x80010000 0x00000001
core   0: 0x8000bb4e (0x0000bfe5) c.j     pc - 8
core   0: 3 0x8000bb4e (0xbfe5)
core   0: 0x8000bb46 (0x00004f17) auipc   t5, 0x4
core   0: 3 0x8000bb46 (0x00004f17) x30 0x8000fb46
core   0: 0x8000bb4a (0x4a3f2d23) sw      gp, 1210(t5)
core   0: 3 0x8000bb4a (0x4a3f2d23) mem 0x80010000 0x00000001
core   0: 0x8000bb4e (0x0000bfe5) c.j     pc - 8
core   0: 3 0x8000bb4e (0xbfe5)
core   0: 0x8000bb46 (0x00004f17) auipc   t5, 0x4
core   0: 3 0x8000bb46 (0x00004f17) x30 0x8000fb46
core   0: 0x8000bb4a (0x4a3f2d23) sw      gp, 1210(t5)
core   0: 3 0x8000bb4a (0x4a3f2d23) mem 0x80010000 0x00000001
core   0: 0x8000bb4e (0x0000bfe5) c.j     pc - 8
core   0: 3 0x8000bb4e (0xbfe5)
core   0: 0x8000bb46 (0x00004f17) auipc   t5, 0x4
core   0: 3 0x8000bb46 (0x00004f17) x30 0x8000fb46
core   0: 0x8000bb4a (0x4a3f2d23) sw      gp, 1210(t5)
core   0: 3 0x8000bb4a (0x4a3f2d23) mem 0x80010000 0x00000001
core   0: 0x8000bb4e (0x0000bfe5) c.j     pc - 8
core   0: 3 0x8000bb4e (0xbfe5)
core   0: 0x8000bb46 (0x00004f17) auipc   t5, 0x4
core   0: 3 0x8000bb46 (0x00004f17) x30 0x8000fb46
core   0: 0x8000bb4a (0x4a3f2d23) sw      gp, 1210(t5)
core   0: 3 0x8000bb4a (0x4a3f2d23) mem 0x80010000 0x00000001
core   0: 0x8000bb4e (0x0000bfe5) c.j     pc - 8
core   0: 3 0x8000bb4e (0xbfe5)
core   0: 0x8000bb46 (0x00004f17) auipc   t5, 0x4
core   0: 3 0x8000bb46 (0x00004f17) x30 0x8000fb46
core   0: 0x8000bb4a (0x4a3f2d23) sw      gp, 1210(t5)
core   0: 3 0x8000bb4a (0x4a3f2d23) mem 0x80010000 0x00000001
core   0: 0x8000bb4e (0x0000bfe5) c.j     pc - 8
core   0: 3 0x8000bb4e (0xbfe5)
core   0: 0x8000bb46 (0x00004f17) auipc   t5, 0x4
core   0: 3 0x8000bb46 (0x00004f17) x30 0x8000fb46
core   0: 0x8000bb4a (0x4a3f2d23) sw      gp, 1210(t5)
core   0: 3 0x8000bb4a (0x4a3f2d23) mem 0x80010000 0x00000001
core   0: 0x8000bb4e (0x0000bfe5) c.j     pc - 8
core   0: 3 0x8000bb4e (0xbfe5)
core   0: 0x8000bb46 (0x00004f17) auipc   t5, 0x4
core   0: 3 0x8000bb46 (0x00004f17) x30 0x8000fb46
core   0: 0x8000bb4a (0x4a3f2d23) sw      gp, 1210(t5)
core   0: 3 0x8000bb4a (0x4a3f2d23) mem 0x80010000 0x00000001
core   0: 0x8000bb4e (0x0000bfe5) c.j     pc - 8
core   0: 3 0x8000bb4e (0xbfe5)
core   0: 0x8000bb46 (0x00004f17) auipc   t5, 0x4
core   0: 3 0x8000bb46 (0x00004f17) x30 0x8000fb46
core   0: 0x8000bb4a (0x4a3f2d23) sw      gp, 1210(t5)
core   0: 3 0x8000bb4a (0x4a3f2d23) mem 0x80010000 0x00000001
core   0: 0x8000bb4e (0x0000bfe5) c.j     pc - 8
core   0: 3 0x8000bb4e (0xbfe5)
core   0: 0x8000bb46 (0x00004f17) auipc   t5, 0x4
core   0: 3 0x8000bb46 (0x00004f17) x30 0x8000fb46
core   0: 0x8000bb4a (0x4a3f2d23) sw      gp, 1210(t5)
core   0: 3 0x8000bb4a (0x4a3f2d23) mem 0x80010000 0x00000001
core   0: 0x8000bb4e (0x0000bfe5) c.j     pc - 8
core   0: 3 0x8000bb4e (0xbfe5)
core   0: 0x8000bb46 (0x00004f17) auipc   t5, 0x4
core   0: 3 0x8000bb46 (0x00004f17) x30 0x8000fb46
core   0: 0x8000bb4a (0x4a3f2d23) sw      gp, 1210(t5)
core   0: 3 0x8000bb4a (0x4a3f2d23) mem 0x80010000 0x00000001
core   0: 0x8000bb4e (0x0000bfe5) c.j     pc - 8
core   0: 3 0x8000bb4e (0xbfe5)
core   0: 0x8000bb46 (0x00004f17) auipc   t5, 0x4
core   0: 3 0x8000bb46 (0x00004f17) x30 0x8000fb46
core   0: 0x8000bb4a (0x4a3f2d23) sw      gp, 1210(t5)
core   0: 3 0x8000bb4a (0x4a3f2d23) mem 0x80010000 0x00000001
core   0: 0x8000bb4e (0x0000bfe5) c.j     pc - 8
core   0: 3 0x8000bb4e (0xbfe5)
core   0: 0x8000bb46 (0x00004f17) auipc   t5, 0x4
core   0: 3 0x8000bb46 (0x00004f17) x30 0x8000fb46
core   0: 0x8000bb4a (0x4a3f2d23) sw      gp, 1210(t5)
core   0: 3 0x8000bb4a (0x4a3f2d23) mem 0x80010000 0x00000001
core   0: 0x8000bb4e (0x0000bfe5) c.j     pc - 8
core   0: 3 0x8000bb4e (0xbfe5)
core   0: 0x8000bb46 (0x00004f17) auipc   t5, 0x4
core   0: 3 0x8000bb46 (0x00004f17) x30 0x8000fb46
core   0: 0x8000bb4a (0x4a3f2d23) sw      gp, 1210(t5)
core   0: 3 0x8000bb4a (0x4a3f2d23) mem 0x80010000 0x00000001
core   0: 0x8000bb4e (0x0000bfe5) c.j     pc - 8
core   0: 3 0x8000bb4e (0xbfe5)
core   0: 0x8000bb46 (0x00004f17) auipc   t5, 0x4
core   0: 3 0x8000bb46 (0x00004f17) x30 0x8000fb46
core   0: 0x8000bb4a (0x4a3f2d23) sw      gp, 1210(t5)
core   0: 3 0x8000bb4a (0x4a3f2d23) mem 0x80010000 0x00000001
core   0: 0x8000bb4e (0x0000bfe5) c.j     pc - 8
core   0: 3 0x8000bb4e (0xbfe5)
core   0: 0x8000bb46 (0x00004f17) auipc   t5, 0x4
core   0: 3 0x8000bb46 (0x00004f17) x30 0x8000fb46
core   0: 0x8000bb4a (0x4a3f2d23) sw      gp, 1210(t5)
core   0: 3 0x8000bb4a (0x4a3f2d23) mem 0x80010000 0x00000001
core   0: 0x8000bb4e (0x0000bfe5) c.j     pc - 8
core   0: 3 0x8000bb4e (0xbfe5)
core   0: 0x8000bb46 (0x00004f17) auipc   t5, 0x4
core   0: 3 0x8000bb46 (0x00004f17) x30 0x8000fb46
core   0: 0x8000bb4a (0x4a3f2d23) sw      gp, 1210(t5)
core   0: 3 0x8000bb4a (0x4a3f2d23) mem 0x80010000 0x00000001
core   0: 0x8000bb4e (0x0000bfe5) c.j     pc - 8
core   0: 3 0x8000bb4e (0xbfe5)
core   0: 0x8000bb46 (0x00004f17) auipc   t5, 0x4
core   0: 3 0x8000bb46 (0x00004f17) x30 0x8000fb46
core   0: 0x8000bb4a (0x4a3f2d23) sw      gp, 1210(t5)
core   0: 3 0x8000bb4a (0x4a3f2d23) mem 0x80010000 0x00000001
core   0: 0x8000bb4e (0x0000bfe5) c.j     pc - 8
core   0: 3 0x8000bb4e (0xbfe5)
core   0: 0x8000bb46 (0x00004f17) auipc   t5, 0x4
core   0: 3 0x8000bb46 (0x00004f17) x30 0x8000fb46
core   0: 0x8000bb4a (0x4a3f2d23) sw      gp, 1210(t5)
core   0: 3 0x8000bb4a (0x4a3f2d23) mem 0x80010000 0x00000001
core   0: 0x8000bb4e (0x0000bfe5) c.j     pc - 8
core   0: 3 0x8000bb4e (0xbfe5)
core   0: 0x8000bb46 (0x00004f17) auipc   t5, 0x4
core   0: 3 0x8000bb46 (0x00004f17) x30 0x8000fb46
core   0: 0x8000bb4a (0x4a3f2d23) sw      gp, 1210(t5)
core   0: 3 0x8000bb4a (0x4a3f2d23) mem 0x80010000 0x00000001
core   0: 0x8000bb4e (0x0000bfe5) c.j     pc - 8
core   0: 3 0x8000bb4e (0xbfe5)
core   0: 0x8000bb46 (0x00004f17) auipc   t5, 0x4
core   0: 3 0x8000bb46 (0x00004f17) x30 0x8000fb46
core   0: 0x8000bb4a (0x4a3f2d23) sw      gp, 1210(t5)
core   0: 3 0x8000bb4a (0x4a3f2d23) mem 0x80010000 0x00000001
core   0: 0x8000bb4e (0x0000bfe5) c.j     pc - 8
core   0: 3 0x8000bb4e (0xbfe5)
core   0: 0x8000bb46 (0x00004f17) auipc   t5, 0x4
core   0: 3 0x8000bb46 (0x00004f17) x30 0x8000fb46
core   0: 0x8000bb4a (0x4a3f2d23) sw      gp, 1210(t5)
core   0: 3 0x8000bb4a (0x4a3f2d23) mem 0x80010000 0x00000001
core   0: 0x8000bb4e (0x0000bfe5) c.j     pc - 8
core   0: 3 0x8000bb4e (0xbfe5)
core   0: 0x8000bb46 (0x00004f17) auipc   t5, 0x4
core   0: 3 0x8000bb46 (0x00004f17) x30 0x8000fb46
core   0: 0x8000bb4a (0x4a3f2d23) sw      gp, 1210(t5)
core   0: 3 0x8000bb4a (0x4a3f2d23) mem 0x80010000 0x00000001
core   0: 0x8000bb4e (0x0000bfe5) c.j     pc - 8
core   0: 3 0x8000bb4e (0xbfe5)
core   0: 0x8000bb46 (0x00004f17) auipc   t5, 0x4
core   0: 3 0x8000bb46 (0x00004f17) x30 0x8000fb46
core   0: 0x8000bb4a (0x4a3f2d23) sw      gp, 1210(t5)
core   0: 3 0x8000bb4a (0x4a3f2d23) mem 0x80010000 0x00000001
core   0: 0x8000bb4e (0x0000bfe5) c.j     pc - 8
core   0: 3 0x8000bb4e (0xbfe5)
core   0: 0x8000bb46 (0x00004f17) auipc   t5, 0x4
core   0: 3 0x8000bb46 (0x00004f17) x30 0x8000fb46
core   0: 0x8000bb4a (0x4a3f2d23) sw      gp, 1210(t5)
core   0: 3 0x8000bb4a (0x4a3f2d23) mem 0x80010000 0x00000001
core   0: 0x8000bb4e (0x0000bfe5) c.j     pc - 8
core   0: 3 0x8000bb4e (0xbfe5)
core   0: 0x8000bb46 (0x00004f17) auipc   t5, 0x4
core   0: 3 0x8000bb46 (0x00004f17) x30 0x8000fb46
core   0: 0x8000bb4a (0x4a3f2d23) sw      gp, 1210(t5)
core   0: 3 0x8000bb4a (0x4a3f2d23) mem 0x80010000 0x00000001
core   0: 0x8000bb4e (0x0000bfe5) c.j     pc - 8
core   0: 3 0x8000bb4e (0xbfe5)
core   0: 0x8000bb46 (0x00004f17) auipc   t5, 0x4
core   0: 3 0x8000bb46 (0x00004f17) x30 0x8000fb46
core   0: 0x8000bb4a (0x4a3f2d23) sw      gp, 1210(t5)
core   0: 3 0x8000bb4a (0x4a3f2d23) mem 0x80010000 0x00000001
core   0: 0x8000bb4e (0x0000bfe5) c.j     pc - 8
core   0: 3 0x8000bb4e (0xbfe5)
core   0: 0x8000bb46 (0x00004f17) auipc   t5, 0x4
core   0: 3 0x8000bb46 (0x00004f17) x30 0x8000fb46
core   0: 0x8000bb4a (0x4a3f2d23) sw      gp, 1210(t5)
core   0: 3 0x8000bb4a (0x4a3f2d23) mem 0x80010000 0x00000001
core   0: 0x8000bb4e (0x0000bfe5) c.j     pc - 8
core   0: 3 0x8000bb4e (0xbfe5)
core   0: 0x8000bb46 (0x00004f17) auipc   t5, 0x4
core   0: 3 0x8000bb46 (0x00004f17) x30 0x8000fb46
core   0: 0x8000bb4a (0x4a3f2d23) sw      gp, 1210(t5)
core   0: 3 0x8000bb4a (0x4a3f2d23) mem 0x80010000 0x00000001
core   0: 0x8000bb4e (0x0000bfe5) c.j     pc - 8
core   0: 3 0x8000bb4e (0xbfe5)
core   0: 0x8000bb46 (0x00004f17) auipc   t5, 0x4
core   0: 3 0x8000bb46 (0x00004f17) x30 0x8000fb46
core   0: 0x8000bb4a (0x4a3f2d23) sw      gp, 1210(t5)
core   0: 3 0x8000bb4a (0x4a3f2d23) mem 0x80010000 0x00000001
core   0: 0x8000bb4e (0x0000bfe5) c.j     pc - 8
core   0: 3 0x8000bb4e (0xbfe5)
core   0: 0x8000bb46 (0x00004f17) auipc   t5, 0x4
core   0: 3 0x8000bb46 (0x00004f17) x30 0x8000fb46
core   0: 0x8000bb4a (0x4a3f2d23) sw      gp, 1210(t5)
core   0: 3 0x8000bb4a (0x4a3f2d23) mem 0x80010000 0x00000001
core   0: 0x8000bb4e (0x0000bfe5) c.j     pc - 8
core   0: 3 0x8000bb4e (0xbfe5)
core   0: 0x8000bb46 (0x00004f17) auipc   t5, 0x4
core   0: 3 0x8000bb46 (0x00004f17) x30 0x8000fb46
core   0: 0x8000bb4a (0x4a3f2d23) sw      gp, 1210(t5)
core   0: 3 0x8000bb4a (0x4a3f2d23) mem 0x80010000 0x00000001
core   0: 0x8000bb4e (0x0000bfe5) c.j     pc - 8
core   0: 3 0x8000bb4e (0xbfe5)
core   0: 0x8000bb46 (0x00004f17) auipc   t5, 0x4
core   0: 3 0x8000bb46 (0x00004f17) x30 0x8000fb46
core   0: 0x8000bb4a (0x4a3f2d23) sw      gp, 1210(t5)
core   0: 3 0x8000bb4a (0x4a3f2d23) mem 0x80010000 0x00000001
core   0: 0x8000bb4e (0x0000bfe5) c.j     pc - 8
core   0: 3 0x8000bb4e (0xbfe5)
core   0: 0x8000bb46 (0x00004f17) auipc   t5, 0x4
core   0: 3 0x8000bb46 (0x00004f17) x30 0x8000fb46
core   0: 0x8000bb4a (0x4a3f2d23) sw      gp, 1210(t5)
core   0: 3 0x8000bb4a (0x4a3f2d23) mem 0x80010000 0x00000001
core   0: 0x8000bb4e (0x0000bfe5) c.j     pc - 8
core   0: 3 0x8000bb4e (0xbfe5)
core   0: 0x8000bb46 (0x00004f17) auipc   t5, 0x4
core   0: 3 0x8000bb46 (0x00004f17) x30 0x8000fb46
core   0: 0x8000bb4a (0x4a3f2d23) sw      gp, 1210(t5)
core   0: 3 0x8000bb4a (0x4a3f2d23) mem 0x80010000 0x00000001
core   0: 0x8000bb4e (0x0000bfe5) c.j     pc - 8
core   0: 3 0x8000bb4e (0xbfe5)
core   0: 0x8000bb46 (0x00004f17) auipc   t5, 0x4
core   0: 3 0x8000bb46 (0x00004f17) x30 0x8000fb46
core   0: 0x8000bb4a (0x4a3f2d23) sw      gp, 1210(t5)
core   0: 3 0x8000bb4a (0x4a3f2d23) mem 0x80010000 0x00000001
core   0: 0x8000bb4e (0x0000bfe5) c.j     pc - 8
core   0: 3 0x8000bb4e (0xbfe5)
core   0: 0x8000bb46 (0x00004f17) auipc   t5, 0x4
core   0: 3 0x8000bb46 (0x00004f17) x30 0x8000fb46
core   0: 0x8000bb4a (0x4a3f2d23) sw      gp, 1210(t5)
core   0: 3 0x8000bb4a (0x4a3f2d23) mem 0x80010000 0x00000001
core   0: 0x8000bb4e (0x0000bfe5) c.j     pc - 8
core   0: 3 0x8000bb4e (0xbfe5)
core   0: 0x8000bb46 (0x00004f17) auipc   t5, 0x4
core   0: 3 0x8000bb46 (0x00004f17) x30 0x8000fb46
core   0: 0x8000bb4a (0x4a3f2d23) sw      gp, 1210(t5)
core   0: 3 0x8000bb4a (0x4a3f2d23) mem 0x80010000 0x00000001
core   0: 0x8000bb4e (0x0000bfe5) c.j     pc - 8
core   0: 3 0x8000bb4e (0xbfe5)
core   0: 0x8000bb46 (0x00004f17) auipc   t5, 0x4
core   0: 3 0x8000bb46 (0x00004f17) x30 0x8000fb46
core   0: 0x8000bb4a (0x4a3f2d23) sw      gp, 1210(t5)
core   0: 3 0x8000bb4a (0x4a3f2d23) mem 0x80010000 0x00000001
core   0: 0x8000bb4e (0x0000bfe5) c.j     pc - 8
core   0: 3 0x8000bb4e (0xbfe5)
core   0: 0x8000bb46 (0x00004f17) auipc   t5, 0x4
core   0: 3 0x8000bb46 (0x00004f17) x30 0x8000fb46
core   0: 0x8000bb4a (0x4a3f2d23) sw      gp, 1210(t5)
core   0: 3 0x8000bb4a (0x4a3f2d23) mem 0x80010000 0x00000001
core   0: 0x8000bb4e (0x0000bfe5) c.j     pc - 8
core   0: 3 0x8000bb4e (0xbfe5)
core   0: 0x8000bb46 (0x00004f17) auipc   t5, 0x4
core   0: 3 0x8000bb46 (0x00004f17) x30 0x8000fb46
core   0: 0x8000bb4a (0x4a3f2d23) sw      gp, 1210(t5)
core   0: 3 0x8000bb4a (0x4a3f2d23) mem 0x80010000 0x00000001
core   0: 0x8000bb4e (0x0000bfe5) c.j     pc - 8
core   0: 3 0x8000bb4e (0xbfe5)
core   0: 0x8000bb46 (0x00004f17) auipc   t5, 0x4
core   0: 3 0x8000bb46 (0x00004f17) x30 0x8000fb46
core   0: 0x8000bb4a (0x4a3f2d23) sw      gp, 1210(t5)
core   0: 3 0x8000bb4a (0x4a3f2d23) mem 0x80010000 0x00000001
core   0: 0x8000bb4e (0x0000bfe5) c.j     pc - 8
core   0: 3 0x8000bb4e (0xbfe5)
core   0: 0x8000bb46 (0x00004f17) auipc   t5, 0x4
core   0: 3 0x8000bb46 (0x00004f17) x30 0x8000fb46
core   0: 0x8000bb4a (0x4a3f2d23) sw      gp, 1210(t5)
core   0: 3 0x8000bb4a (0x4a3f2d23) mem 0x80010000 0x00000001
core   0: 0x8000bb4e (0x0000bfe5) c.j     pc - 8
core   0: 3 0x8000bb4e (0xbfe5)
core   0: 0x8000bb46 (0x00004f17) auipc   t5, 0x4
core   0: 3 0x8000bb46 (0x00004f17) x30 0x8000fb46
core   0: 0x8000bb4a (0x4a3f2d23) sw      gp, 1210(t5)
core   0: 3 0x8000bb4a (0x4a3f2d23) mem 0x80010000 0x00000001
core   0: 0x8000bb4e (0x0000bfe5) c.j     pc - 8
core   0: 3 0x8000bb4e (0xbfe5)
core   0: 0x8000bb46 (0x00004f17) auipc   t5, 0x4
core   0: 3 0x8000bb46 (0x00004f17) x30 0x8000fb46
core   0: 0x8000bb4a (0x4a3f2d23) sw      gp, 1210(t5)
core   0: 3 0x8000bb4a (0x4a3f2d23) mem 0x80010000 0x00000001
core   0: 0x8000bb4e (0x0000bfe5) c.j     pc - 8
core   0: 3 0x8000bb4e (0xbfe5)
core   0: 0x8000bb46 (0x00004f17) auipc   t5, 0x4
core   0: 3 0x8000bb46 (0x00004f17) x30 0x8000fb46
core   0: 0x8000bb4a (0x4a3f2d23) sw      gp, 1210(t5)
core   0: 3 0x8000bb4a (0x4a3f2d23) mem 0x80010000 0x00000001
core   0: 0x8000bb4e (0x0000bfe5) c.j     pc - 8
core   0: 3 0x8000bb4e (0xbfe5)
core   0: 0x8000bb46 (0x00004f17) auipc   t5, 0x4
core   0: 3 0x8000bb46 (0x00004f17) x30 0x8000fb46
core   0: 0x8000bb4a (0x4a3f2d23) sw      gp, 1210(t5)
core   0: 3 0x8000bb4a (0x4a3f2d23) mem 0x80010000 0x00000001
core   0: 0x8000bb4e (0x0000bfe5) c.j     pc - 8
core   0: 3 0x8000bb4e (0xbfe5)
core   0: 0x8000bb46 (0x00004f17) auipc   t5, 0x4
core   0: 3 0x8000bb46 (0x00004f17) x30 0x8000fb46
core   0: 0x8000bb4a (0x4a3f2d23) sw      gp, 1210(t5)
core   0: 3 0x8000bb4a (0x4a3f2d23) mem 0x80010000 0x00000001
core   0: 0x8000bb4e (0x0000bfe5) c.j     pc - 8
core   0: 3 0x8000bb4e (0xbfe5)
core   0: 0x8000bb46 (0x00004f17) auipc   t5, 0x4
core   0: 3 0x8000bb46 (0x00004f17) x30 0x8000fb46
core   0: 0x8000bb4a (0x4a3f2d23) sw      gp, 1210(t5)
core   0: 3 0x8000bb4a (0x4a3f2d23) mem 0x80010000 0x00000001
core   0: 0x8000bb4e (0x0000bfe5) c.j     pc - 8
core   0: 3 0x8000bb4e (0xbfe5)
core   0: 0x8000bb46 (0x00004f17) auipc   t5, 0x4
core   0: 3 0x8000bb46 (0x00004f17) x30 0x8000fb46
core   0: 0x8000bb4a (0x4a3f2d23) sw      gp, 1210(t5)
core   0: 3 0x8000bb4a (0x4a3f2d23) mem 0x80010000 0x00000001
core   0: 0x8000bb4e (0x0000bfe5) c.j     pc - 8
core   0: 3 0x8000bb4e (0xbfe5)
core   0: 0x8000bb46 (0x00004f17) auipc   t5, 0x4
core   0: 3 0x8000bb46 (0x00004f17) x30 0x8000fb46
core   0: 0x8000bb4a (0x4a3f2d23) sw      gp, 1210(t5)
core   0: 3 0x8000bb4a (0x4a3f2d23) mem 0x80010000 0x00000001
core   0: 0x8000bb4e (0x0000bfe5) c.j     pc - 8
core   0: 3 0x8000bb4e (0xbfe5)
core   0: 0x8000bb46 (0x00004f17) auipc   t5, 0x4
core   0: 3 0x8000bb46 (0x00004f17) x30 0x8000fb46
core   0: 0x8000bb4a (0x4a3f2d23) sw      gp, 1210(t5)
core   0: 3 0x8000bb4a (0x4a3f2d23) mem 0x80010000 0x00000001
core   0: 0x8000bb4e (0x0000bfe5) c.j     pc - 8
core   0: 3 0x8000bb4e (0xbfe5)
core   0: 0x8000bb46 (0x00004f17) auipc   t5, 0x4
core   0: 3 0x8000bb46 (0x00004f17) x30 0x8000fb46
core   0: 0x8000bb4a (0x4a3f2d23) sw      gp, 1210(t5)
core   0: 3 0x8000bb4a (0x4a3f2d23) mem 0x80010000 0x00000001
core   0: 0x8000bb4e (0x0000bfe5) c.j     pc - 8
core   0: 3 0x8000bb4e (0xbfe5)
core   0: 0x8000bb46 (0x00004f17) auipc   t5, 0x4
core   0: 3 0x8000bb46 (0x00004f17) x30 0x8000fb46
core   0: 0x8000bb4a (0x4a3f2d23) sw      gp, 1210(t5)
core   0: 3 0x8000bb4a (0x4a3f2d23) mem 0x80010000 0x00000001
core   0: 0x8000bb4e (0x0000bfe5) c.j     pc - 8
core   0: 3 0x8000bb4e (0xbfe5)
core   0: 0x8000bb46 (0x00004f17) auipc   t5, 0x4
core   0: 3 0x8000bb46 (0x00004f17) x30 0x8000fb46
core   0: 0x8000bb4a (0x4a3f2d23) sw      gp, 1210(t5)
core   0: 3 0x8000bb4a (0x4a3f2d23) mem 0x80010000 0x00000001
core   0: 0x8000bb4e (0x0000bfe5) c.j     pc - 8
core   0: 3 0x8000bb4e (0xbfe5)
core   0: 0x8000bb46 (0x00004f17) auipc   t5, 0x4
core   0: 3 0x8000bb46 (0x00004f17) x30 0x8000fb46
core   0: 0x8000bb4a (0x4a3f2d23) sw      gp, 1210(t5)
core   0: 3 0x8000bb4a (0x4a3f2d23) mem 0x80010000 0x00000001
core   0: 0x8000bb4e (0x0000bfe5) c.j     pc - 8
core   0: 3 0x8000bb4e (0xbfe5)
core   0: 0x8000bb46 (0x00004f17) auipc   t5, 0x4
core   0: 3 0x8000bb46 (0x00004f17) x30 0x8000fb46
core   0: 0x8000bb4a (0x4a3f2d23) sw      gp, 1210(t5)
core   0: 3 0x8000bb4a (0x4a3f2d23) mem 0x80010000 0x00000001
core   0: 0x8000bb4e (0x0000bfe5) c.j     pc - 8
core   0: 3 0x8000bb4e (0xbfe5)
core   0: 0x8000bb46 (0x00004f17) auipc   t5, 0x4
core   0: 3 0x8000bb46 (0x00004f17) x30 0x8000fb46
core   0: 0x8000bb4a (0x4a3f2d23) sw      gp, 1210(t5)
core   0: 3 0x8000bb4a (0x4a3f2d23) mem 0x80010000 0x00000001
core   0: 0x8000bb4e (0x0000bfe5) c.j     pc - 8
core   0: 3 0x8000bb4e (0xbfe5)
core   0: 0x8000bb46 (0x00004f17) auipc   t5, 0x4
core   0: 3 0x8000bb46 (0x00004f17) x30 0x8000fb46
core   0: 0x8000bb4a (0x4a3f2d23) sw      gp, 1210(t5)
core   0: 3 0x8000bb4a (0x4a3f2d23) mem 0x80010000 0x00000001
core   0: 0x8000bb4e (0x0000bfe5) c.j     pc - 8
core   0: 3 0x8000bb4e (0xbfe5)
core   0: 0x8000bb46 (0x00004f17) auipc   t5, 0x4
core   0: 3 0x8000bb46 (0x00004f17) x30 0x8000fb46
core   0: 0x8000bb4a (0x4a3f2d23) sw      gp, 1210(t5)
core   0: 3 0x8000bb4a (0x4a3f2d23) mem 0x80010000 0x00000001
core   0: 0x8000bb4e (0x0000bfe5) c.j     pc - 8
core   0: 3 0x8000bb4e (0xbfe5)
core   0: 0x8000bb46 (0x00004f17) auipc   t5, 0x4
core   0: 3 0x8000bb46 (0x00004f17) x30 0x8000fb46
core   0: 0x8000bb4a (0x4a3f2d23) sw      gp, 1210(t5)
core   0: 3 0x8000bb4a (0x4a3f2d23) mem 0x80010000 0x00000001
core   0: 0x8000bb4e (0x0000bfe5) c.j     pc - 8
core   0: 3 0x8000bb4e (0xbfe5)
core   0: 0x8000bb46 (0x00004f17) auipc   t5, 0x4
core   0: 3 0x8000bb46 (0x00004f17) x30 0x8000fb46
core   0: 0x8000bb4a (0x4a3f2d23) sw      gp, 1210(t5)
core   0: 3 0x8000bb4a (0x4a3f2d23) mem 0x80010000 0x00000001
core   0: 0x8000bb4e (0x0000bfe5) c.j     pc - 8
core   0: 3 0x8000bb4e (0xbfe5)
core   0: 0x8000bb46 (0x00004f17) auipc   t5, 0x4
core   0: 3 0x8000bb46 (0x00004f17) x30 0x8000fb46
core   0: 0x8000bb4a (0x4a3f2d23) sw      gp, 1210(t5)
core   0: 3 0x8000bb4a (0x4a3f2d23) mem 0x80010000 0x00000001
core   0: 0x8000bb4e (0x0000bfe5) c.j     pc - 8
core   0: 3 0x8000bb4e (0xbfe5)
core   0: 0x8000bb46 (0x00004f17) auipc   t5, 0x4
core   0: 3 0x8000bb46 (0x00004f17) x30 0x8000fb46
core   0: 0x8000bb4a (0x4a3f2d23) sw      gp, 1210(t5)
core   0: 3 0x8000bb4a (0x4a3f2d23) mem 0x80010000 0x00000001
core   0: 0x8000bb4e (0x0000bfe5) c.j     pc - 8
core   0: 3 0x8000bb4e (0xbfe5)
core   0: 0x8000bb46 (0x00004f17) auipc   t5, 0x4
core   0: 3 0x8000bb46 (0x00004f17) x30 0x8000fb46
core   0: 0x8000bb4a (0x4a3f2d23) sw      gp, 1210(t5)
core   0: 3 0x8000bb4a (0x4a3f2d23) mem 0x80010000 0x00000001
core   0: 0x8000bb4e (0x0000bfe5) c.j     pc - 8
core   0: 3 0x8000bb4e (0xbfe5)
core   0: 0x8000bb46 (0x00004f17) auipc   t5, 0x4
core   0: 3 0x8000bb46 (0x00004f17) x30 0x8000fb46
core   0: 0x8000bb4a (0x4a3f2d23) sw      gp, 1210(t5)
core   0: 3 0x8000bb4a (0x4a3f2d23) mem 0x80010000 0x00000001
core   0: 0x8000bb4e (0x0000bfe5) c.j     pc - 8
core   0: 3 0x8000bb4e (0xbfe5)
core   0: 0x8000bb46 (0x00004f17) auipc   t5, 0x4
core   0: 3 0x8000bb46 (0x00004f17) x30 0x8000fb46
core   0: 0x8000bb4a (0x4a3f2d23) sw      gp, 1210(t5)
core   0: 3 0x8000bb4a (0x4a3f2d23) mem 0x80010000 0x00000001
core   0: 0x8000bb4e (0x0000bfe5) c.j     pc - 8
core   0: 3 0x8000bb4e (0xbfe5)
core   0: 0x8000bb46 (0x00004f17) auipc   t5, 0x4
core   0: 3 0x8000bb46 (0x00004f17) x30 0x8000fb46
core   0: 0x8000bb4a (0x4a3f2d23) sw      gp, 1210(t5)
core   0: 3 0x8000bb4a (0x4a3f2d23) mem 0x80010000 0x00000001
core   0: 0x8000bb4e (0x0000bfe5) c.j     pc - 8
core   0: 3 0x8000bb4e (0xbfe5)
core   0: 0x8000bb46 (0x00004f17) auipc   t5, 0x4
core   0: 3 0x8000bb46 (0x00004f17) x30 0x8000fb46
core   0: 0x8000bb4a (0x4a3f2d23) sw      gp, 1210(t5)
core   0: 3 0x8000bb4a (0x4a3f2d23) mem 0x80010000 0x00000001
core   0: 0x8000bb4e (0x0000bfe5) c.j     pc - 8
core   0: 3 0x8000bb4e (0xbfe5)
core   0: 0x8000bb46 (0x00004f17) auipc   t5, 0x4
core   0: 3 0x8000bb46 (0x00004f17) x30 0x8000fb46
core   0: 0x8000bb4a (0x4a3f2d23) sw      gp, 1210(t5)
core   0: 3 0x8000bb4a (0x4a3f2d23) mem 0x80010000 0x00000001
core   0: 0x8000bb4e (0x0000bfe5) c.j     pc - 8
core   0: 3 0x8000bb4e (0xbfe5)
core   0: 0x8000bb46 (0x00004f17) auipc   t5, 0x4
core   0: 3 0x8000bb46 (0x00004f17) x30 0x8000fb46
core   0: 0x8000bb4a (0x4a3f2d23) sw      gp, 1210(t5)
core   0: 3 0x8000bb4a (0x4a3f2d23) mem 0x80010000 0x00000001
core   0: 0x8000bb4e (0x0000bfe5) c.j     pc - 8
core   0: 3 0x8000bb4e (0xbfe5)
core   0: 0x8000bb46 (0x00004f17) auipc   t5, 0x4
core   0: 3 0x8000bb46 (0x00004f17) x30 0x8000fb46
core   0: 0x8000bb4a (0x4a3f2d23) sw      gp, 1210(t5)
core   0: 3 0x8000bb4a (0x4a3f2d23) mem 0x80010000 0x00000001
core   0: 0x8000bb4e (0x0000bfe5) c.j     pc - 8
core   0: 3 0x8000bb4e (0xbfe5)
core   0: 0x8000bb46 (0x00004f17) auipc   t5, 0x4
core   0: 3 0x8000bb46 (0x00004f17) x30 0x8000fb46
core   0: 0x8000bb4a (0x4a3f2d23) sw      gp, 1210(t5)
core   0: 3 0x8000bb4a (0x4a3f2d23) mem 0x80010000 0x00000001
core   0: 0x8000bb4e (0x0000bfe5) c.j     pc - 8
core   0: 3 0x8000bb4e (0xbfe5)
core   0: 0x8000bb46 (0x00004f17) auipc   t5, 0x4
core   0: 3 0x8000bb46 (0x00004f17) x30 0x8000fb46
core   0: 0x8000bb4a (0x4a3f2d23) sw      gp, 1210(t5)
core   0: 3 0x8000bb4a (0x4a3f2d23) mem 0x80010000 0x00000001
core   0: 0x8000bb4e (0x0000bfe5) c.j     pc - 8
core   0: 3 0x8000bb4e (0xbfe5)
core   0: 0x8000bb46 (0x00004f17) auipc   t5, 0x4
core   0: 3 0x8000bb46 (0x00004f17) x30 0x8000fb46
core   0: 0x8000bb4a (0x4a3f2d23) sw      gp, 1210(t5)
core   0: 3 0x8000bb4a (0x4a3f2d23) mem 0x80010000 0x00000001
core   0: 0x8000bb4e (0x0000bfe5) c.j     pc - 8
core   0: 3 0x8000bb4e (0xbfe5)
core   0: 0x8000bb46 (0x00004f17) auipc   t5, 0x4
core   0: 3 0x8000bb46 (0x00004f17) x30 0x8000fb46
core   0: 0x8000bb4a (0x4a3f2d23) sw      gp, 1210(t5)
core   0: 3 0x8000bb4a (0x4a3f2d23) mem 0x80010000 0x00000001
core   0: 0x8000bb4e (0x0000bfe5) c.j     pc - 8
core   0: 3 0x8000bb4e (0xbfe5)
core   0: 0x8000bb46 (0x00004f17) auipc   t5, 0x4
core   0: 3 0x8000bb46 (0x00004f17) x30 0x8000fb46
core   0: 0x8000bb4a (0x4a3f2d23) sw      gp, 1210(t5)
core   0: 3 0x8000bb4a (0x4a3f2d23) mem 0x80010000 0x00000001
core   0: 0x8000bb4e (0x0000bfe5) c.j     pc - 8
core   0: 3 0x8000bb4e (0xbfe5)
core   0: 0x8000bb46 (0x00004f17) auipc   t5, 0x4
core   0: 3 0x8000bb46 (0x00004f17) x30 0x8000fb46
core   0: 0x8000bb4a (0x4a3f2d23) sw      gp, 1210(t5)
core   0: 3 0x8000bb4a (0x4a3f2d23) mem 0x80010000 0x00000001
core   0: 0x8000bb4e (0x0000bfe5) c.j     pc - 8
core   0: 3 0x8000bb4e (0xbfe5)
core   0: 0x8000bb46 (0x00004f17) auipc   t5, 0x4
core   0: 3 0x8000bb46 (0x00004f17) x30 0x8000fb46
core   0: 0x8000bb4a (0x4a3f2d23) sw      gp, 1210(t5)
core   0: 3 0x8000bb4a (0x4a3f2d23) mem 0x80010000 0x00000001
core   0: 0x8000bb4e (0x0000bfe5) c.j     pc - 8
core   0: 3 0x8000bb4e (0xbfe5)
core   0: 0x8000bb46 (0x00004f17) auipc   t5, 0x4
core   0: 3 0x8000bb46 (0x00004f17) x30 0x8000fb46
core   0: 0x8000bb4a (0x4a3f2d23) sw      gp, 1210(t5)
core   0: 3 0x8000bb4a (0x4a3f2d23) mem 0x80010000 0x00000001
core   0: 0x8000bb4e (0x0000bfe5) c.j     pc - 8
core   0: 3 0x8000bb4e (0xbfe5)
core   0: 0x8000bb46 (0x00004f17) auipc   t5, 0x4
core   0: 3 0x8000bb46 (0x00004f17) x30 0x8000fb46
core   0: 0x8000bb4a (0x4a3f2d23) sw      gp, 1210(t5)
core   0: 3 0x8000bb4a (0x4a3f2d23) mem 0x80010000 0x00000001
core   0: 0x8000bb4e (0x0000bfe5) c.j     pc - 8
core   0: 3 0x8000bb4e (0xbfe5)
core   0: 0x8000bb46 (0x00004f17) auipc   t5, 0x4
core   0: 3 0x8000bb46 (0x00004f17) x30 0x8000fb46
core   0: 0x8000bb4a (0x4a3f2d23) sw      gp, 1210(t5)
core   0: 3 0x8000bb4a (0x4a3f2d23) mem 0x80010000 0x00000001
core   0: 0x8000bb4e (0x0000bfe5) c.j     pc - 8
core   0: 3 0x8000bb4e (0xbfe5)
core   0: 0x8000bb46 (0x00004f17) auipc   t5, 0x4
core   0: 3 0x8000bb46 (0x00004f17) x30 0x8000fb46
core   0: 0x8000bb4a (0x4a3f2d23) sw      gp, 1210(t5)
core   0: 3 0x8000bb4a (0x4a3f2d23) mem 0x80010000 0x00000001
core   0: 0x8000bb4e (0x0000bfe5) c.j     pc - 8
core   0: 3 0x8000bb4e (0xbfe5)
core   0: 0x8000bb46 (0x00004f17) auipc   t5, 0x4
core   0: 3 0x8000bb46 (0x00004f17) x30 0x8000fb46
core   0: 0x8000bb4a (0x4a3f2d23) sw      gp, 1210(t5)
core   0: 3 0x8000bb4a (0x4a3f2d23) mem 0x80010000 0x00000001
core   0: 0x8000bb4e (0x0000bfe5) c.j     pc - 8
core   0: 3 0x8000bb4e (0xbfe5)
core   0: 0x8000bb46 (0x00004f17) auipc   t5, 0x4
core   0: 3 0x8000bb46 (0x00004f17) x30 0x8000fb46
core   0: 0x8000bb4a (0x4a3f2d23) sw      gp, 1210(t5)
core   0: 3 0x8000bb4a (0x4a3f2d23) mem 0x80010000 0x00000001
core   0: 0x8000bb4e (0x0000bfe5) c.j     pc - 8
core   0: 3 0x8000bb4e (0xbfe5)
core   0: 0x8000bb46 (0x00004f17) auipc   t5, 0x4
core   0: 3 0x8000bb46 (0x00004f17) x30 0x8000fb46
core   0: 0x8000bb4a (0x4a3f2d23) sw      gp, 1210(t5)
core   0: 3 0x8000bb4a (0x4a3f2d23) mem 0x80010000 0x00000001
core   0: 0x8000bb4e (0x0000bfe5) c.j     pc - 8
core   0: 3 0x8000bb4e (0xbfe5)
core   0: 0x8000bb46 (0x00004f17) auipc   t5, 0x4
core   0: 3 0x8000bb46 (0x00004f17) x30 0x8000fb46
core   0: 0x8000bb4a (0x4a3f2d23) sw      gp, 1210(t5)
core   0: 3 0x8000bb4a (0x4a3f2d23) mem 0x80010000 0x00000001
core   0: 0x8000bb4e (0x0000bfe5) c.j     pc - 8
core   0: 3 0x8000bb4e (0xbfe5)
core   0: 0x8000bb46 (0x00004f17) auipc   t5, 0x4
core   0: 3 0x8000bb46 (0x00004f17) x30 0x8000fb46
core   0: 0x8000bb4a (0x4a3f2d23) sw      gp, 1210(t5)
core   0: 3 0x8000bb4a (0x4a3f2d23) mem 0x80010000 0x00000001
core   0: 0x8000bb4e (0x0000bfe5) c.j     pc - 8
core   0: 3 0x8000bb4e (0xbfe5)
core   0: 0x8000bb46 (0x00004f17) auipc   t5, 0x4
core   0: 3 0x8000bb46 (0x00004f17) x30 0x8000fb46
core   0: 0x8000bb4a (0x4a3f2d23) sw      gp, 1210(t5)
core   0: 3 0x8000bb4a (0x4a3f2d23) mem 0x80010000 0x00000001
core   0: 0x8000bb4e (0x0000bfe5) c.j     pc - 8
core   0: 3 0x8000bb4e (0xbfe5)
core   0: 0x8000bb46 (0x00004f17) auipc   t5, 0x4
core   0: 3 0x8000bb46 (0x00004f17) x30 0x8000fb46
core   0: 0x8000bb4a (0x4a3f2d23) sw      gp, 1210(t5)
core   0: 3 0x8000bb4a (0x4a3f2d23) mem 0x80010000 0x00000001
core   0: 0x8000bb4e (0x0000bfe5) c.j     pc - 8
core   0: 3 0x8000bb4e (0xbfe5)
core   0: 0x8000bb46 (0x00004f17) auipc   t5, 0x4
core   0: 3 0x8000bb46 (0x00004f17) x30 0x8000fb46
core   0: 0x8000bb4a (0x4a3f2d23) sw      gp, 1210(t5)
core   0: 3 0x8000bb4a (0x4a3f2d23) mem 0x80010000 0x00000001
core   0: 0x8000bb4e (0x0000bfe5) c.j     pc - 8
core   0: 3 0x8000bb4e (0xbfe5)
core   0: 0x8000bb46 (0x00004f17) auipc   t5, 0x4
core   0: 3 0x8000bb46 (0x00004f17) x30 0x8000fb46
core   0: 0x8000bb4a (0x4a3f2d23) sw      gp, 1210(t5)
core   0: 3 0x8000bb4a (0x4a3f2d23) mem 0x80010000 0x00000001
core   0: 0x8000bb4e (0x0000bfe5) c.j     pc - 8
core   0: 3 0x8000bb4e (0xbfe5)
core   0: 0x8000bb46 (0x00004f17) auipc   t5, 0x4
core   0: 3 0x8000bb46 (0x00004f17) x30 0x8000fb46
core   0: 0x8000bb4a (0x4a3f2d23) sw      gp, 1210(t5)
core   0: 3 0x8000bb4a (0x4a3f2d23) mem 0x80010000 0x00000001
core   0: 0x8000bb4e (0x0000bfe5) c.j     pc - 8
core   0: 3 0x8000bb4e (0xbfe5)
core   0: 0x8000bb46 (0x00004f17) auipc   t5, 0x4
core   0: 3 0x8000bb46 (0x00004f17) x30 0x8000fb46
core   0: 0x8000bb4a (0x4a3f2d23) sw      gp, 1210(t5)
core   0: 3 0x8000bb4a (0x4a3f2d23) mem 0x80010000 0x00000001
core   0: 0x8000bb4e (0x0000bfe5) c.j     pc - 8
core   0: 3 0x8000bb4e (0xbfe5)
core   0: 0x8000bb46 (0x00004f17) auipc   t5, 0x4
core   0: 3 0x8000bb46 (0x00004f17) x30 0x8000fb46
core   0: 0x8000bb4a (0x4a3f2d23) sw      gp, 1210(t5)
core   0: 3 0x8000bb4a (0x4a3f2d23) mem 0x80010000 0x00000001
core   0: 0x8000bb4e (0x0000bfe5) c.j     pc - 8
core   0: 3 0x8000bb4e (0xbfe5)
core   0: 0x8000bb46 (0x00004f17) auipc   t5, 0x4
core   0: 3 0x8000bb46 (0x00004f17) x30 0x8000fb46
core   0: 0x8000bb4a (0x4a3f2d23) sw      gp, 1210(t5)
core   0: 3 0x8000bb4a (0x4a3f2d23) mem 0x80010000 0x00000001
core   0: 0x8000bb4e (0x0000bfe5) c.j     pc - 8
core   0: 3 0x8000bb4e (0xbfe5)
core   0: 0x8000bb46 (0x00004f17) auipc   t5, 0x4
core   0: 3 0x8000bb46 (0x00004f17) x30 0x8000fb46
core   0: 0x8000bb4a (0x4a3f2d23) sw      gp, 1210(t5)
core   0: 3 0x8000bb4a (0x4a3f2d23) mem 0x80010000 0x00000001
core   0: 0x8000bb4e (0x0000bfe5) c.j     pc - 8
core   0: 3 0x8000bb4e (0xbfe5)
core   0: 0x8000bb46 (0x00004f17) auipc   t5, 0x4
core   0: 3 0x8000bb46 (0x00004f17) x30 0x8000fb46
core   0: 0x8000bb4a (0x4a3f2d23) sw      gp, 1210(t5)
core   0: 3 0x8000bb4a (0x4a3f2d23) mem 0x80010000 0x00000001
core   0: 0x8000bb4e (0x0000bfe5) c.j     pc - 8
core   0: 3 0x8000bb4e (0xbfe5)
core   0: 0x8000bb46 (0x00004f17) auipc   t5, 0x4
core   0: 3 0x8000bb46 (0x00004f17) x30 0x8000fb46
core   0: 0x8000bb4a (0x4a3f2d23) sw      gp, 1210(t5)
core   0: 3 0x8000bb4a (0x4a3f2d23) mem 0x80010000 0x00000001
core   0: 0x8000bb4e (0x0000bfe5) c.j     pc - 8
core   0: 3 0x8000bb4e (0xbfe5)
core   0: 0x8000bb46 (0x00004f17) auipc   t5, 0x4
core   0: 3 0x8000bb46 (0x00004f17) x30 0x8000fb46
core   0: 0x8000bb4a (0x4a3f2d23) sw      gp, 1210(t5)
core   0: 3 0x8000bb4a (0x4a3f2d23) mem 0x80010000 0x00000001
core   0: 0x8000bb4e (0x0000bfe5) c.j     pc - 8
core   0: 3 0x8000bb4e (0xbfe5)
core   0: 0x8000bb46 (0x00004f17) auipc   t5, 0x4
core   0: 3 0x8000bb46 (0x00004f17) x30 0x8000fb46
core   0: 0x8000bb4a (0x4a3f2d23) sw      gp, 1210(t5)
core   0: 3 0x8000bb4a (0x4a3f2d23) mem 0x80010000 0x00000001
core   0: 0x8000bb4e (0x0000bfe5) c.j     pc - 8
core   0: 3 0x8000bb4e (0xbfe5)
core   0: 0x8000bb46 (0x00004f17) auipc   t5, 0x4
core   0: 3 0x8000bb46 (0x00004f17) x30 0x8000fb46
core   0: 0x8000bb4a (0x4a3f2d23) sw      gp, 1210(t5)
core   0: 3 0x8000bb4a (0x4a3f2d23) mem 0x80010000 0x00000001
core   0: 0x8000bb4e (0x0000bfe5) c.j     pc - 8
core   0: 3 0x8000bb4e (0xbfe5)
core   0: 0x8000bb46 (0x00004f17) auipc   t5, 0x4
core   0: 3 0x8000bb46 (0x00004f17) x30 0x8000fb46
core   0: 0x8000bb4a (0x4a3f2d23) sw      gp, 1210(t5)
core   0: 3 0x8000bb4a (0x4a3f2d23) mem 0x80010000 0x00000001
core   0: 0x8000bb4e (0x0000bfe5) c.j     pc - 8
core   0: 3 0x8000bb4e (0xbfe5)
core   0: 0x8000bb46 (0x00004f17) auipc   t5, 0x4
core   0: 3 0x8000bb46 (0x00004f17) x30 0x8000fb46
core   0: 0x8000bb4a (0x4a3f2d23) sw      gp, 1210(t5)
core   0: 3 0x8000bb4a (0x4a3f2d23) mem 0x80010000 0x00000001
core   0: 0x8000bb4e (0x0000bfe5) c.j     pc - 8
core   0: 3 0x8000bb4e (0xbfe5)
core   0: 0x8000bb46 (0x00004f17) auipc   t5, 0x4
core   0: 3 0x8000bb46 (0x00004f17) x30 0x8000fb46
core   0: 0x8000bb4a (0x4a3f2d23) sw      gp, 1210(t5)
core   0: 3 0x8000bb4a (0x4a3f2d23) mem 0x80010000 0x00000001
core   0: 0x8000bb4e (0x0000bfe5) c.j     pc - 8
core   0: 3 0x8000bb4e (0xbfe5)
core   0: 0x8000bb46 (0x00004f17) auipc   t5, 0x4
core   0: 3 0x8000bb46 (0x00004f17) x30 0x8000fb46
core   0: 0x8000bb4a (0x4a3f2d23) sw      gp, 1210(t5)
core   0: 3 0x8000bb4a (0x4a3f2d23) mem 0x80010000 0x00000001
core   0: 0x8000bb4e (0x0000bfe5) c.j     pc - 8
core   0: 3 0x8000bb4e (0xbfe5)
core   0: 0x8000bb46 (0x00004f17) auipc   t5, 0x4
core   0: 3 0x8000bb46 (0x00004f17) x30 0x8000fb46
core   0: 0x8000bb4a (0x4a3f2d23) sw      gp, 1210(t5)
core   0: 3 0x8000bb4a (0x4a3f2d23) mem 0x80010000 0x00000001
core   0: 0x8000bb4e (0x0000bfe5) c.j     pc - 8
core   0: 3 0x8000bb4e (0xbfe5)
core   0: 0x8000bb46 (0x00004f17) auipc   t5, 0x4
core   0: 3 0x8000bb46 (0x00004f17) x30 0x8000fb46
core   0: 0x8000bb4a (0x4a3f2d23) sw      gp, 1210(t5)
core   0: 3 0x8000bb4a (0x4a3f2d23) mem 0x80010000 0x00000001
core   0: 0x8000bb4e (0x0000bfe5) c.j     pc - 8
core   0: 3 0x8000bb4e (0xbfe5)
core   0: 0x8000bb46 (0x00004f17) auipc   t5, 0x4
core   0: 3 0x8000bb46 (0x00004f17) x30 0x8000fb46
core   0: 0x8000bb4a (0x4a3f2d23) sw      gp, 1210(t5)
core   0: 3 0x8000bb4a (0x4a3f2d23) mem 0x80010000 0x00000001
core   0: 0x8000bb4e (0x0000bfe5) c.j     pc - 8
core   0: 3 0x8000bb4e (0xbfe5)
core   0: 0x8000bb46 (0x00004f17) auipc   t5, 0x4
core   0: 3 0x8000bb46 (0x00004f17) x30 0x8000fb46
core   0: 0x8000bb4a (0x4a3f2d23) sw      gp, 1210(t5)
core   0: 3 0x8000bb4a (0x4a3f2d23) mem 0x80010000 0x00000001
core   0: 0x8000bb4e (0x0000bfe5) c.j     pc - 8
core   0: 3 0x8000bb4e (0xbfe5)
core   0: 0x8000bb46 (0x00004f17) auipc   t5, 0x4
core   0: 3 0x8000bb46 (0x00004f17) x30 0x8000fb46
core   0: 0x8000bb4a (0x4a3f2d23) sw      gp, 1210(t5)
core   0: 3 0x8000bb4a (0x4a3f2d23) mem 0x80010000 0x00000001
core   0: 0x8000bb4e (0x0000bfe5) c.j     pc - 8
core   0: 3 0x8000bb4e (0xbfe5)
core   0: 0x8000bb46 (0x00004f17) auipc   t5, 0x4
core   0: 3 0x8000bb46 (0x00004f17) x30 0x8000fb46
core   0: 0x8000bb4a (0x4a3f2d23) sw      gp, 1210(t5)
core   0: 3 0x8000bb4a (0x4a3f2d23) mem 0x80010000 0x00000001
core   0: 0x8000bb4e (0x0000bfe5) c.j     pc - 8
core   0: 3 0x8000bb4e (0xbfe5)
core   0: 0x8000bb46 (0x00004f17) auipc   t5, 0x4
core   0: 3 0x8000bb46 (0x00004f17) x30 0x8000fb46
core   0: 0x8000bb4a (0x4a3f2d23) sw      gp, 1210(t5)
core   0: 3 0x8000bb4a (0x4a3f2d23) mem 0x80010000 0x00000001
core   0: 0x8000bb4e (0x0000bfe5) c.j     pc - 8
core   0: 3 0x8000bb4e (0xbfe5)
core   0: 0x8000bb46 (0x00004f17) auipc   t5, 0x4
core   0: 3 0x8000bb46 (0x00004f17) x30 0x8000fb46
core   0: 0x8000bb4a (0x4a3f2d23) sw      gp, 1210(t5)
core   0: 3 0x8000bb4a (0x4a3f2d23) mem 0x80010000 0x00000001
core   0: 0x8000bb4e (0x0000bfe5) c.j     pc - 8
core   0: 3 0x8000bb4e (0xbfe5)
core   0: 0x8000bb46 (0x00004f17) auipc   t5, 0x4
core   0: 3 0x8000bb46 (0x00004f17) x30 0x8000fb46
core   0: 0x8000bb4a (0x4a3f2d23) sw      gp, 1210(t5)
core   0: 3 0x8000bb4a (0x4a3f2d23) mem 0x80010000 0x00000001
core   0: 0x8000bb4e (0x0000bfe5) c.j     pc - 8
core   0: 3 0x8000bb4e (0xbfe5)
core   0: 0x8000bb46 (0x00004f17) auipc   t5, 0x4
core   0: 3 0x8000bb46 (0x00004f17) x30 0x8000fb46
core   0: 0x8000bb4a (0x4a3f2d23) sw      gp, 1210(t5)
core   0: 3 0x8000bb4a (0x4a3f2d23) mem 0x80010000 0x00000001
core   0: 0x8000bb4e (0x0000bfe5) c.j     pc - 8
core   0: 3 0x8000bb4e (0xbfe5)
core   0: 0x8000bb46 (0x00004f17) auipc   t5, 0x4
core   0: 3 0x8000bb46 (0x00004f17) x30 0x8000fb46
core   0: 0x8000bb4a (0x4a3f2d23) sw      gp, 1210(t5)
core   0: 3 0x8000bb4a (0x4a3f2d23) mem 0x80010000 0x00000001
core   0: 0x8000bb4e (0x0000bfe5) c.j     pc - 8
core   0: 3 0x8000bb4e (0xbfe5)
core   0: 0x8000bb46 (0x00004f17) auipc   t5, 0x4
core   0: 3 0x8000bb46 (0x00004f17) x30 0x8000fb46
core   0: 0x8000bb4a (0x4a3f2d23) sw      gp, 1210(t5)
core   0: 3 0x8000bb4a (0x4a3f2d23) mem 0x80010000 0x00000001
core   0: 0x8000bb4e (0x0000bfe5) c.j     pc - 8
core   0: 3 0x8000bb4e (0xbfe5)
core   0: 0x8000bb46 (0x00004f17) auipc   t5, 0x4
core   0: 3 0x8000bb46 (0x00004f17) x30 0x8000fb46
core   0: 0x8000bb4a (0x4a3f2d23) sw      gp, 1210(t5)
core   0: 3 0x8000bb4a (0x4a3f2d23) mem 0x80010000 0x00000001
core   0: 0x8000bb4e (0x0000bfe5) c.j     pc - 8
core   0: 3 0x8000bb4e (0xbfe5)
core   0: 0x8000bb46 (0x00004f17) auipc   t5, 0x4
core   0: 3 0x8000bb46 (0x00004f17) x30 0x8000fb46
core   0: 0x8000bb4a (0x4a3f2d23) sw      gp, 1210(t5)
core   0: 3 0x8000bb4a (0x4a3f2d23) mem 0x80010000 0x00000001
core   0: 0x8000bb4e (0x0000bfe5) c.j     pc - 8
core   0: 3 0x8000bb4e (0xbfe5)
core   0: 0x8000bb46 (0x00004f17) auipc   t5, 0x4
core   0: 3 0x8000bb46 (0x00004f17) x30 0x8000fb46
core   0: 0x8000bb4a (0x4a3f2d23) sw      gp, 1210(t5)
core   0: 3 0x8000bb4a (0x4a3f2d23) mem 0x80010000 0x00000001
core   0: 0x8000bb4e (0x0000bfe5) c.j     pc - 8
core   0: 3 0x8000bb4e (0xbfe5)
core   0: 0x8000bb46 (0x00004f17) auipc   t5, 0x4
core   0: 3 0x8000bb46 (0x00004f17) x30 0x8000fb46
core   0: 0x8000bb4a (0x4a3f2d23) sw      gp, 1210(t5)
core   0: 3 0x8000bb4a (0x4a3f2d23) mem 0x80010000 0x00000001
core   0: 0x8000bb4e (0x0000bfe5) c.j     pc - 8
core   0: 3 0x8000bb4e (0xbfe5)
core   0: 0x8000bb46 (0x00004f17) auipc   t5, 0x4
core   0: 3 0x8000bb46 (0x00004f17) x30 0x8000fb46
core   0: 0x8000bb4a (0x4a3f2d23) sw      gp, 1210(t5)
core   0: 3 0x8000bb4a (0x4a3f2d23) mem 0x80010000 0x00000001
core   0: 0x8000bb4e (0x0000bfe5) c.j     pc - 8
core   0: 3 0x8000bb4e (0xbfe5)
core   0: 0x8000bb46 (0x00004f17) auipc   t5, 0x4
core   0: 3 0x8000bb46 (0x00004f17) x30 0x8000fb46
core   0: 0x8000bb4a (0x4a3f2d23) sw      gp, 1210(t5)
core   0: 3 0x8000bb4a (0x4a3f2d23) mem 0x80010000 0x00000001
core   0: 0x8000bb4e (0x0000bfe5) c.j     pc - 8
core   0: 3 0x8000bb4e (0xbfe5)
core   0: 0x8000bb46 (0x00004f17) auipc   t5, 0x4
core   0: 3 0x8000bb46 (0x00004f17) x30 0x8000fb46
core   0: 0x8000bb4a (0x4a3f2d23) sw      gp, 1210(t5)
core   0: 3 0x8000bb4a (0x4a3f2d23) mem 0x80010000 0x00000001
core   0: 0x8000bb4e (0x0000bfe5) c.j     pc - 8
core   0: 3 0x8000bb4e (0xbfe5)
core   0: 0x8000bb46 (0x00004f17) auipc   t5, 0x4
core   0: 3 0x8000bb46 (0x00004f17) x30 0x8000fb46
core   0: 0x8000bb4a (0x4a3f2d23) sw      gp, 1210(t5)
core   0: 3 0x8000bb4a (0x4a3f2d23) mem 0x80010000 0x00000001
core   0: 0x8000bb4e (0x0000bfe5) c.j     pc - 8
core   0: 3 0x8000bb4e (0xbfe5)
core   0: 0x8000bb46 (0x00004f17) auipc   t5, 0x4
core   0: 3 0x8000bb46 (0x00004f17) x30 0x8000fb46
core   0: 0x8000bb4a (0x4a3f2d23) sw      gp, 1210(t5)
core   0: 3 0x8000bb4a (0x4a3f2d23) mem 0x80010000 0x00000001
core   0: 0x8000bb4e (0x0000bfe5) c.j     pc - 8
core   0: 3 0x8000bb4e (0xbfe5)
core   0: 0x8000bb46 (0x00004f17) auipc   t5, 0x4
core   0: 3 0x8000bb46 (0x00004f17) x30 0x8000fb46
core   0: 0x8000bb4a (0x4a3f2d23) sw      gp, 1210(t5)
core   0: 3 0x8000bb4a (0x4a3f2d23) mem 0x80010000 0x00000001
core   0: 0x8000bb4e (0x0000bfe5) c.j     pc - 8
core   0: 3 0x8000bb4e (0xbfe5)
core   0: 0x8000bb46 (0x00004f17) auipc   t5, 0x4
core   0: 3 0x8000bb46 (0x00004f17) x30 0x8000fb46
core   0: 0x8000bb4a (0x4a3f2d23) sw      gp, 1210(t5)
core   0: 3 0x8000bb4a (0x4a3f2d23) mem 0x80010000 0x00000001
core   0: 0x8000bb4e (0x0000bfe5) c.j     pc - 8
core   0: 3 0x8000bb4e (0xbfe5)
core   0: 0x8000bb46 (0x00004f17) auipc   t5, 0x4
core   0: 3 0x8000bb46 (0x00004f17) x30 0x8000fb46
core   0: 0x8000bb4a (0x4a3f2d23) sw      gp, 1210(t5)
core   0: 3 0x8000bb4a (0x4a3f2d23) mem 0x80010000 0x00000001
core   0: 0x8000bb4e (0x0000bfe5) c.j     pc - 8
core   0: 3 0x8000bb4e (0xbfe5)
core   0: 0x8000bb46 (0x00004f17) auipc   t5, 0x4
core   0: 3 0x8000bb46 (0x00004f17) x30 0x8000fb46
core   0: 0x8000bb4a (0x4a3f2d23) sw      gp, 1210(t5)
core   0: 3 0x8000bb4a (0x4a3f2d23) mem 0x80010000 0x00000001
core   0: 0x8000bb4e (0x0000bfe5) c.j     pc - 8
core   0: 3 0x8000bb4e (0xbfe5)
core   0: 0x8000bb46 (0x00004f17) auipc   t5, 0x4
core   0: 3 0x8000bb46 (0x00004f17) x30 0x8000fb46
core   0: 0x8000bb4a (0x4a3f2d23) sw      gp, 1210(t5)
core   0: 3 0x8000bb4a (0x4a3f2d23) mem 0x80010000 0x00000001
core   0: 0x8000bb4e (0x0000bfe5) c.j     pc - 8
core   0: 3 0x8000bb4e (0xbfe5)
core   0: 0x8000bb46 (0x00004f17) auipc   t5, 0x4
core   0: 3 0x8000bb46 (0x00004f17) x30 0x8000fb46
core   0: 0x8000bb4a (0x4a3f2d23) sw      gp, 1210(t5)
core   0: 3 0x8000bb4a (0x4a3f2d23) mem 0x80010000 0x00000001
core   0: 0x8000bb4e (0x0000bfe5) c.j     pc - 8
core   0: 3 0x8000bb4e (0xbfe5)
core   0: 0x8000bb46 (0x00004f17) auipc   t5, 0x4
core   0: 3 0x8000bb46 (0x00004f17) x30 0x8000fb46
core   0: 0x8000bb4a (0x4a3f2d23) sw      gp, 1210(t5)
core   0: 3 0x8000bb4a (0x4a3f2d23) mem 0x80010000 0x00000001
core   0: 0x8000bb4e (0x0000bfe5) c.j     pc - 8
core   0: 3 0x8000bb4e (0xbfe5)
core   0: 0x8000bb46 (0x00004f17) auipc   t5, 0x4
core   0: 3 0x8000bb46 (0x00004f17) x30 0x8000fb46
core   0: 0x8000bb4a (0x4a3f2d23) sw      gp, 1210(t5)
core   0: 3 0x8000bb4a (0x4a3f2d23) mem 0x80010000 0x00000001
core   0: 0x8000bb4e (0x0000bfe5) c.j     pc - 8
core   0: 3 0x8000bb4e (0xbfe5)
core   0: 0x8000bb46 (0x00004f17) auipc   t5, 0x4
core   0: 3 0x8000bb46 (0x00004f17) x30 0x8000fb46
core   0: 0x8000bb4a (0x4a3f2d23) sw      gp, 1210(t5)
core   0: 3 0x8000bb4a (0x4a3f2d23) mem 0x80010000 0x00000001
core   0: 0x8000bb4e (0x0000bfe5) c.j     pc - 8
core   0: 3 0x8000bb4e (0xbfe5)
core   0: 0x8000bb46 (0x00004f17) auipc   t5, 0x4
core   0: 3 0x8000bb46 (0x00004f17) x30 0x8000fb46
core   0: 0x8000bb4a (0x4a3f2d23) sw      gp, 1210(t5)
core   0: 3 0x8000bb4a (0x4a3f2d23) mem 0x80010000 0x00000001
core   0: 0x8000bb4e (0x0000bfe5) c.j     pc - 8
core   0: 3 0x8000bb4e (0xbfe5)
core   0: 0x8000bb46 (0x00004f17) auipc   t5, 0x4
core   0: 3 0x8000bb46 (0x00004f17) x30 0x8000fb46
core   0: 0x8000bb4a (0x4a3f2d23) sw      gp, 1210(t5)
core   0: 3 0x8000bb4a (0x4a3f2d23) mem 0x80010000 0x00000001
core   0: 0x8000bb4e (0x0000bfe5) c.j     pc - 8
core   0: 3 0x8000bb4e (0xbfe5)
core   0: 0x8000bb46 (0x00004f17) auipc   t5, 0x4
core   0: 3 0x8000bb46 (0x00004f17) x30 0x8000fb46
core   0: 0x8000bb4a (0x4a3f2d23) sw      gp, 1210(t5)
core   0: 3 0x8000bb4a (0x4a3f2d23) mem 0x80010000 0x00000001
core   0: 0x8000bb4e (0x0000bfe5) c.j     pc - 8
core   0: 3 0x8000bb4e (0xbfe5)
core   0: 0x8000bb46 (0x00004f17) auipc   t5, 0x4
core   0: 3 0x8000bb46 (0x00004f17) x30 0x8000fb46
core   0: 0x8000bb4a (0x4a3f2d23) sw      gp, 1210(t5)
core   0: 3 0x8000bb4a (0x4a3f2d23) mem 0x80010000 0x00000001
core   0: 0x8000bb4e (0x0000bfe5) c.j     pc - 8
core   0: 3 0x8000bb4e (0xbfe5)
core   0: 0x8000bb46 (0x00004f17) auipc   t5, 0x4
core   0: 3 0x8000bb46 (0x00004f17) x30 0x8000fb46
core   0: 0x8000bb4a (0x4a3f2d23) sw      gp, 1210(t5)
core   0: 3 0x8000bb4a (0x4a3f2d23) mem 0x80010000 0x00000001
core   0: 0x8000bb4e (0x0000bfe5) c.j     pc - 8
core   0: 3 0x8000bb4e (0xbfe5)
core   0: 0x8000bb46 (0x00004f17) auipc   t5, 0x4
core   0: 3 0x8000bb46 (0x00004f17) x30 0x8000fb46
core   0: 0x8000bb4a (0x4a3f2d23) sw      gp, 1210(t5)
core   0: 3 0x8000bb4a (0x4a3f2d23) mem 0x80010000 0x00000001
core   0: 0x8000bb4e (0x0000bfe5) c.j     pc - 8
core   0: 3 0x8000bb4e (0xbfe5)
core   0: 0x8000bb46 (0x00004f17) auipc   t5, 0x4
core   0: 3 0x8000bb46 (0x00004f17) x30 0x8000fb46
core   0: 0x8000bb4a (0x4a3f2d23) sw      gp, 1210(t5)
core   0: 3 0x8000bb4a (0x4a3f2d23) mem 0x80010000 0x00000001
core   0: 0x8000bb4e (0x0000bfe5) c.j     pc - 8
core   0: 3 0x8000bb4e (0xbfe5)
core   0: 0x8000bb46 (0x00004f17) auipc   t5, 0x4
core   0: 3 0x8000bb46 (0x00004f17) x30 0x8000fb46
core   0: 0x8000bb4a (0x4a3f2d23) sw      gp, 1210(t5)
core   0: 3 0x8000bb4a (0x4a3f2d23) mem 0x80010000 0x00000001
core   0: 0x8000bb4e (0x0000bfe5) c.j     pc - 8
core   0: 3 0x8000bb4e (0xbfe5)
core   0: 0x8000bb46 (0x00004f17) auipc   t5, 0x4
core   0: 3 0x8000bb46 (0x00004f17) x30 0x8000fb46
core   0: 0x8000bb4a (0x4a3f2d23) sw      gp, 1210(t5)
core   0: 3 0x8000bb4a (0x4a3f2d23) mem 0x80010000 0x00000001
core   0: 0x8000bb4e (0x0000bfe5) c.j     pc - 8
core   0: 3 0x8000bb4e (0xbfe5)
core   0: 0x8000bb46 (0x00004f17) auipc   t5, 0x4
core   0: 3 0x8000bb46 (0x00004f17) x30 0x8000fb46
core   0: 0x8000bb4a (0x4a3f2d23) sw      gp, 1210(t5)
core   0: 3 0x8000bb4a (0x4a3f2d23) mem 0x80010000 0x00000001
core   0: 0x8000bb4e (0x0000bfe5) c.j     pc - 8
core   0: 3 0x8000bb4e (0xbfe5)
core   0: 0x8000bb46 (0x00004f17) auipc   t5, 0x4
core   0: 3 0x8000bb46 (0x00004f17) x30 0x8000fb46
core   0: 0x8000bb4a (0x4a3f2d23) sw      gp, 1210(t5)
core   0: 3 0x8000bb4a (0x4a3f2d23) mem 0x80010000 0x00000001
core   0: 0x8000bb4e (0x0000bfe5) c.j     pc - 8
core   0: 3 0x8000bb4e (0xbfe5)
core   0: 0x8000bb46 (0x00004f17) auipc   t5, 0x4
core   0: 3 0x8000bb46 (0x00004f17) x30 0x8000fb46
core   0: 0x8000bb4a (0x4a3f2d23) sw      gp, 1210(t5)
core   0: 3 0x8000bb4a (0x4a3f2d23) mem 0x80010000 0x00000001
core   0: 0x8000bb4e (0x0000bfe5) c.j     pc - 8
core   0: 3 0x8000bb4e (0xbfe5)
core   0: 0x8000bb46 (0x00004f17) auipc   t5, 0x4
core   0: 3 0x8000bb46 (0x00004f17) x30 0x8000fb46
core   0: 0x8000bb4a (0x4a3f2d23) sw      gp, 1210(t5)
core   0: 3 0x8000bb4a (0x4a3f2d23) mem 0x80010000 0x00000001
core   0: 0x8000bb4e (0x0000bfe5) c.j     pc - 8
core   0: 3 0x8000bb4e (0xbfe5)
core   0: 0x8000bb46 (0x00004f17) auipc   t5, 0x4
core   0: 3 0x8000bb46 (0x00004f17) x30 0x8000fb46
core   0: 0x8000bb4a (0x4a3f2d23) sw      gp, 1210(t5)
core   0: 3 0x8000bb4a (0x4a3f2d23) mem 0x80010000 0x00000001
core   0: 0x8000bb4e (0x0000bfe5) c.j     pc - 8
core   0: 3 0x8000bb4e (0xbfe5)
core   0: 0x8000bb46 (0x00004f17) auipc   t5, 0x4
core   0: 3 0x8000bb46 (0x00004f17) x30 0x8000fb46
core   0: 0x8000bb4a (0x4a3f2d23) sw      gp, 1210(t5)
core   0: 3 0x8000bb4a (0x4a3f2d23) mem 0x80010000 0x00000001
core   0: 0x8000bb4e (0x0000bfe5) c.j     pc - 8
core   0: 3 0x8000bb4e (0xbfe5)
core   0: 0x8000bb46 (0x00004f17) auipc   t5, 0x4
core   0: 3 0x8000bb46 (0x00004f17) x30 0x8000fb46
core   0: 0x8000bb4a (0x4a3f2d23) sw      gp, 1210(t5)
core   0: 3 0x8000bb4a (0x4a3f2d23) mem 0x80010000 0x00000001
core   0: 0x8000bb4e (0x0000bfe5) c.j     pc - 8
core   0: 3 0x8000bb4e (0xbfe5)
core   0: 0x8000bb46 (0x00004f17) auipc   t5, 0x4
core   0: 3 0x8000bb46 (0x00004f17) x30 0x8000fb46
core   0: 0x8000bb4a (0x4a3f2d23) sw      gp, 1210(t5)
core   0: 3 0x8000bb4a (0x4a3f2d23) mem 0x80010000 0x00000001
core   0: 0x8000bb4e (0x0000bfe5) c.j     pc - 8
core   0: 3 0x8000bb4e (0xbfe5)
core   0: 0x8000bb46 (0x00004f17) auipc   t5, 0x4
core   0: 3 0x8000bb46 (0x00004f17) x30 0x8000fb46
core   0: 0x8000bb4a (0x4a3f2d23) sw      gp, 1210(t5)
core   0: 3 0x8000bb4a (0x4a3f2d23) mem 0x80010000 0x00000001
core   0: 0x8000bb4e (0x0000bfe5) c.j     pc - 8
core   0: 3 0x8000bb4e (0xbfe5)
core   0: 0x8000bb46 (0x00004f17) auipc   t5, 0x4
core   0: 3 0x8000bb46 (0x00004f17) x30 0x8000fb46
core   0: 0x8000bb4a (0x4a3f2d23) sw      gp, 1210(t5)
core   0: 3 0x8000bb4a (0x4a3f2d23) mem 0x80010000 0x00000001
core   0: 0x8000bb4e (0x0000bfe5) c.j     pc - 8
core   0: 3 0x8000bb4e (0xbfe5)
core   0: 0x8000bb46 (0x00004f17) auipc   t5, 0x4
core   0: 3 0x8000bb46 (0x00004f17) x30 0x8000fb46
core   0: 0x8000bb4a (0x4a3f2d23) sw      gp, 1210(t5)
core   0: 3 0x8000bb4a (0x4a3f2d23) mem 0x80010000 0x00000001
core   0: 0x8000bb4e (0x0000bfe5) c.j     pc - 8
core   0: 3 0x8000bb4e (0xbfe5)
core   0: 0x8000bb46 (0x00004f17) auipc   t5, 0x4
core   0: 3 0x8000bb46 (0x00004f17) x30 0x8000fb46
core   0: 0x8000bb4a (0x4a3f2d23) sw      gp, 1210(t5)
core   0: 3 0x8000bb4a (0x4a3f2d23) mem 0x80010000 0x00000001
core   0: 0x8000bb4e (0x0000bfe5) c.j     pc - 8
core   0: 3 0x8000bb4e (0xbfe5)
core   0: 0x8000bb46 (0x00004f17) auipc   t5, 0x4
core   0: 3 0x8000bb46 (0x00004f17) x30 0x8000fb46
core   0: 0x8000bb4a (0x4a3f2d23) sw      gp, 1210(t5)
core   0: 3 0x8000bb4a (0x4a3f2d23) mem 0x80010000 0x00000001
core   0: 0x8000bb4e (0x0000bfe5) c.j     pc - 8
core   0: 3 0x8000bb4e (0xbfe5)
core   0: 0x8000bb46 (0x00004f17) auipc   t5, 0x4
core   0: 3 0x8000bb46 (0x00004f17) x30 0x8000fb46
core   0: 0x8000bb4a (0x4a3f2d23) sw      gp, 1210(t5)
core   0: 3 0x8000bb4a (0x4a3f2d23) mem 0x80010000 0x00000001
core   0: 0x8000bb4e (0x0000bfe5) c.j     pc - 8
core   0: 3 0x8000bb4e (0xbfe5)
core   0: 0x8000bb46 (0x00004f17) auipc   t5, 0x4
core   0: 3 0x8000bb46 (0x00004f17) x30 0x8000fb46
core   0: 0x8000bb4a (0x4a3f2d23) sw      gp, 1210(t5)
core   0: 3 0x8000bb4a (0x4a3f2d23) mem 0x80010000 0x00000001
core   0: 0x8000bb4e (0x0000bfe5) c.j     pc - 8
core   0: 3 0x8000bb4e (0xbfe5)
core   0: 0x8000bb46 (0x00004f17) auipc   t5, 0x4
core   0: 3 0x8000bb46 (0x00004f17) x30 0x8000fb46
core   0: 0x8000bb4a (0x4a3f2d23) sw      gp, 1210(t5)
core   0: 3 0x8000bb4a (0x4a3f2d23) mem 0x80010000 0x00000001
core   0: 0x8000bb4e (0x0000bfe5) c.j     pc - 8
core   0: 3 0x8000bb4e (0xbfe5)
core   0: 0x8000bb46 (0x00004f17) auipc   t5, 0x4
core   0: 3 0x8000bb46 (0x00004f17) x30 0x8000fb46
core   0: 0x8000bb4a (0x4a3f2d23) sw      gp, 1210(t5)
core   0: 3 0x8000bb4a (0x4a3f2d23) mem 0x80010000 0x00000001
core   0: 0x8000bb4e (0x0000bfe5) c.j     pc - 8
core   0: 3 0x8000bb4e (0xbfe5)
core   0: 0x8000bb46 (0x00004f17) auipc   t5, 0x4
core   0: 3 0x8000bb46 (0x00004f17) x30 0x8000fb46
core   0: 0x8000bb4a (0x4a3f2d23) sw      gp, 1210(t5)
core   0: 3 0x8000bb4a (0x4a3f2d23) mem 0x80010000 0x00000001
core   0: 0x8000bb4e (0x0000bfe5) c.j     pc - 8
core   0: 3 0x8000bb4e (0xbfe5)
core   0: 0x8000bb46 (0x00004f17) auipc   t5, 0x4
core   0: 3 0x8000bb46 (0x00004f17) x30 0x8000fb46
core   0: 0x8000bb4a (0x4a3f2d23) sw      gp, 1210(t5)
core   0: 3 0x8000bb4a (0x4a3f2d23) mem 0x80010000 0x00000001
core   0: 0x8000bb4e (0x0000bfe5) c.j     pc - 8
core   0: 3 0x8000bb4e (0xbfe5)
core   0: 0x8000bb46 (0x00004f17) auipc   t5, 0x4
core   0: 3 0x8000bb46 (0x00004f17) x30 0x8000fb46
core   0: 0x8000bb4a (0x4a3f2d23) sw      gp, 1210(t5)
core   0: 3 0x8000bb4a (0x4a3f2d23) mem 0x80010000 0x00000001
core   0: 0x8000bb4e (0x0000bfe5) c.j     pc - 8
core   0: 3 0x8000bb4e (0xbfe5)
core   0: 0x8000bb46 (0x00004f17) auipc   t5, 0x4
core   0: 3 0x8000bb46 (0x00004f17) x30 0x8000fb46
core   0: 0x8000bb4a (0x4a3f2d23) sw      gp, 1210(t5)
core   0: 3 0x8000bb4a (0x4a3f2d23) mem 0x80010000 0x00000001
core   0: 0x8000bb4e (0x0000bfe5) c.j     pc - 8
core   0: 3 0x8000bb4e (0xbfe5)
core   0: 0x8000bb46 (0x00004f17) auipc   t5, 0x4
core   0: 3 0x8000bb46 (0x00004f17) x30 0x8000fb46
core   0: 0x8000bb4a (0x4a3f2d23) sw      gp, 1210(t5)
core   0: 3 0x8000bb4a (0x4a3f2d23) mem 0x80010000 0x00000001
core   0: 0x8000bb4e (0x0000bfe5) c.j     pc - 8
core   0: 3 0x8000bb4e (0xbfe5)
core   0: 0x8000bb46 (0x00004f17) auipc   t5, 0x4
core   0: 3 0x8000bb46 (0x00004f17) x30 0x8000fb46
core   0: 0x8000bb4a (0x4a3f2d23) sw      gp, 1210(t5)
core   0: 3 0x8000bb4a (0x4a3f2d23) mem 0x80010000 0x00000001
core   0: 0x8000bb4e (0x0000bfe5) c.j     pc - 8
core   0: 3 0x8000bb4e (0xbfe5)
core   0: 0x8000bb46 (0x00004f17) auipc   t5, 0x4
core   0: 3 0x8000bb46 (0x00004f17) x30 0x8000fb46
core   0: 0x8000bb4a (0x4a3f2d23) sw      gp, 1210(t5)
core   0: 3 0x8000bb4a (0x4a3f2d23) mem 0x80010000 0x00000001
core   0: 0x8000bb4e (0x0000bfe5) c.j     pc - 8
core   0: 3 0x8000bb4e (0xbfe5)
core   0: 0x8000bb46 (0x00004f17) auipc   t5, 0x4
core   0: 3 0x8000bb46 (0x00004f17) x30 0x8000fb46
core   0: 0x8000bb4a (0x4a3f2d23) sw      gp, 1210(t5)
core   0: 3 0x8000bb4a (0x4a3f2d23) mem 0x80010000 0x00000001
core   0: 0x8000bb4e (0x0000bfe5) c.j     pc - 8
core   0: 3 0x8000bb4e (0xbfe5)
core   0: 0x8000bb46 (0x00004f17) auipc   t5, 0x4
core   0: 3 0x8000bb46 (0x00004f17) x30 0x8000fb46
core   0: 0x8000bb4a (0x4a3f2d23) sw      gp, 1210(t5)
core   0: 3 0x8000bb4a (0x4a3f2d23) mem 0x80010000 0x00000001
core   0: 0x8000bb4e (0x0000bfe5) c.j     pc - 8
core   0: 3 0x8000bb4e (0xbfe5)
core   0: 0x8000bb46 (0x00004f17) auipc   t5, 0x4
core   0: 3 0x8000bb46 (0x00004f17) x30 0x8000fb46
core   0: 0x8000bb4a (0x4a3f2d23) sw      gp, 1210(t5)
core   0: 3 0x8000bb4a (0x4a3f2d23) mem 0x80010000 0x00000001
core   0: 0x8000bb4e (0x0000bfe5) c.j     pc - 8
core   0: 3 0x8000bb4e (0xbfe5)
core   0: 0x8000bb46 (0x00004f17) auipc   t5, 0x4
core   0: 3 0x8000bb46 (0x00004f17) x30 0x8000fb46
core   0: 0x8000bb4a (0x4a3f2d23) sw      gp, 1210(t5)
core   0: 3 0x8000bb4a (0x4a3f2d23) mem 0x80010000 0x00000001
core   0: 0x8000bb4e (0x0000bfe5) c.j     pc - 8
core   0: 3 0x8000bb4e (0xbfe5)
core   0: 0x8000bb46 (0x00004f17) auipc   t5, 0x4
core   0: 3 0x8000bb46 (0x00004f17) x30 0x8000fb46
core   0: 0x8000bb4a (0x4a3f2d23) sw      gp, 1210(t5)
core   0: 3 0x8000bb4a (0x4a3f2d23) mem 0x80010000 0x00000001
core   0: 0x8000bb4e (0x0000bfe5) c.j     pc - 8
core   0: 3 0x8000bb4e (0xbfe5)
core   0: 0x8000bb46 (0x00004f17) auipc   t5, 0x4
core   0: 3 0x8000bb46 (0x00004f17) x30 0x8000fb46
core   0: 0x8000bb4a (0x4a3f2d23) sw      gp, 1210(t5)
core   0: 3 0x8000bb4a (0x4a3f2d23) mem 0x80010000 0x00000001
core   0: 0x8000bb4e (0x0000bfe5) c.j     pc - 8
core   0: 3 0x8000bb4e (0xbfe5)
core   0: 0x8000bb46 (0x00004f17) auipc   t5, 0x4
core   0: 3 0x8000bb46 (0x00004f17) x30 0x8000fb46
core   0: 0x8000bb4a (0x4a3f2d23) sw      gp, 1210(t5)
core   0: 3 0x8000bb4a (0x4a3f2d23) mem 0x80010000 0x00000001
core   0: 0x8000bb4e (0x0000bfe5) c.j     pc - 8
core   0: 3 0x8000bb4e (0xbfe5)
core   0: 0x8000bb46 (0x00004f17) auipc   t5, 0x4
core   0: 3 0x8000bb46 (0x00004f17) x30 0x8000fb46
core   0: 0x8000bb4a (0x4a3f2d23) sw      gp, 1210(t5)
core   0: 3 0x8000bb4a (0x4a3f2d23) mem 0x80010000 0x00000001
core   0: 0x8000bb4e (0x0000bfe5) c.j     pc - 8
core   0: 3 0x8000bb4e (0xbfe5)
core   0: 0x8000bb46 (0x00004f17) auipc   t5, 0x4
core   0: 3 0x8000bb46 (0x00004f17) x30 0x8000fb46
core   0: 0x8000bb4a (0x4a3f2d23) sw      gp, 1210(t5)
core   0: 3 0x8000bb4a (0x4a3f2d23) mem 0x80010000 0x00000001
core   0: 0x8000bb4e (0x0000bfe5) c.j     pc - 8
core   0: 3 0x8000bb4e (0xbfe5)
core   0: 0x8000bb46 (0x00004f17) auipc   t5, 0x4
core   0: 3 0x8000bb46 (0x00004f17) x30 0x8000fb46
core   0: 0x8000bb4a (0x4a3f2d23) sw      gp, 1210(t5)
core   0: 3 0x8000bb4a (0x4a3f2d23) mem 0x80010000 0x00000001
core   0: 0x8000bb4e (0x0000bfe5) c.j     pc - 8
core   0: 3 0x8000bb4e (0xbfe5)
core   0: 0x8000bb46 (0x00004f17) auipc   t5, 0x4
core   0: 3 0x8000bb46 (0x00004f17) x30 0x8000fb46
core   0: 0x8000bb4a (0x4a3f2d23) sw      gp, 1210(t5)
core   0: 3 0x8000bb4a (0x4a3f2d23) mem 0x80010000 0x00000001
core   0: 0x8000bb4e (0x0000bfe5) c.j     pc - 8
core   0: 3 0x8000bb4e (0xbfe5)
core   0: 0x8000bb46 (0x00004f17) auipc   t5, 0x4
core   0: 3 0x8000bb46 (0x00004f17) x30 0x8000fb46
core   0: 0x8000bb4a (0x4a3f2d23) sw      gp, 1210(t5)
core   0: 3 0x8000bb4a (0x4a3f2d23) mem 0x80010000 0x00000001
core   0: 0x8000bb4e (0x0000bfe5) c.j     pc - 8
core   0: 3 0x8000bb4e (0xbfe5)
core   0: 0x8000bb46 (0x00004f17) auipc   t5, 0x4
core   0: 3 0x8000bb46 (0x00004f17) x30 0x8000fb46
core   0: 0x8000bb4a (0x4a3f2d23) sw      gp, 1210(t5)
core   0: 3 0x8000bb4a (0x4a3f2d23) mem 0x80010000 0x00000001
core   0: 0x8000bb4e (0x0000bfe5) c.j     pc - 8
core   0: 3 0x8000bb4e (0xbfe5)
core   0: 0x8000bb46 (0x00004f17) auipc   t5, 0x4
core   0: 3 0x8000bb46 (0x00004f17) x30 0x8000fb46
core   0: 0x8000bb4a (0x4a3f2d23) sw      gp, 1210(t5)
core   0: 3 0x8000bb4a (0x4a3f2d23) mem 0x80010000 0x00000001
core   0: 0x8000bb4e (0x0000bfe5) c.j     pc - 8
core   0: 3 0x8000bb4e (0xbfe5)
core   0: 0x8000bb46 (0x00004f17) auipc   t5, 0x4
core   0: 3 0x8000bb46 (0x00004f17) x30 0x8000fb46
core   0: 0x8000bb4a (0x4a3f2d23) sw      gp, 1210(t5)
core   0: 3 0x8000bb4a (0x4a3f2d23) mem 0x80010000 0x00000001
core   0: 0x8000bb4e (0x0000bfe5) c.j     pc - 8
core   0: 3 0x8000bb4e (0xbfe5)
core   0: 0x8000bb46 (0x00004f17) auipc   t5, 0x4
core   0: 3 0x8000bb46 (0x00004f17) x30 0x8000fb46
core   0: 0x8000bb4a (0x4a3f2d23) sw      gp, 1210(t5)
core   0: 3 0x8000bb4a (0x4a3f2d23) mem 0x80010000 0x00000001
core   0: 0x8000bb4e (0x0000bfe5) c.j     pc - 8
core   0: 3 0x8000bb4e (0xbfe5)
core   0: 0x8000bb46 (0x00004f17) auipc   t5, 0x4
core   0: 3 0x8000bb46 (0x00004f17) x30 0x8000fb46
core   0: 0x8000bb4a (0x4a3f2d23) sw      gp, 1210(t5)
core   0: 3 0x8000bb4a (0x4a3f2d23) mem 0x80010000 0x00000001
core   0: 0x8000bb4e (0x0000bfe5) c.j     pc - 8
core   0: 3 0x8000bb4e (0xbfe5)
core   0: 0x8000bb46 (0x00004f17) auipc   t5, 0x4
core   0: 3 0x8000bb46 (0x00004f17) x30 0x8000fb46
core   0: 0x8000bb4a (0x4a3f2d23) sw      gp, 1210(t5)
core   0: 3 0x8000bb4a (0x4a3f2d23) mem 0x80010000 0x00000001
core   0: 0x8000bb4e (0x0000bfe5) c.j     pc - 8
core   0: 3 0x8000bb4e (0xbfe5)
core   0: 0x8000bb46 (0x00004f17) auipc   t5, 0x4
core   0: 3 0x8000bb46 (0x00004f17) x30 0x8000fb46
core   0: 0x8000bb4a (0x4a3f2d23) sw      gp, 1210(t5)
core   0: 3 0x8000bb4a (0x4a3f2d23) mem 0x80010000 0x00000001
core   0: 0x8000bb4e (0x0000bfe5) c.j     pc - 8
core   0: 3 0x8000bb4e (0xbfe5)
core   0: 0x8000bb46 (0x00004f17) auipc   t5, 0x4
core   0: 3 0x8000bb46 (0x00004f17) x30 0x8000fb46
core   0: 0x8000bb4a (0x4a3f2d23) sw      gp, 1210(t5)
core   0: 3 0x8000bb4a (0x4a3f2d23) mem 0x80010000 0x00000001
core   0: 0x8000bb4e (0x0000bfe5) c.j     pc - 8
core   0: 3 0x8000bb4e (0xbfe5)
core   0: 0x8000bb46 (0x00004f17) auipc   t5, 0x4
core   0: 3 0x8000bb46 (0x00004f17) x30 0x8000fb46
core   0: 0x8000bb4a (0x4a3f2d23) sw      gp, 1210(t5)
core   0: 3 0x8000bb4a (0x4a3f2d23) mem 0x80010000 0x00000001
core   0: 0x8000bb4e (0x0000bfe5) c.j     pc - 8
core   0: 3 0x8000bb4e (0xbfe5)
core   0: 0x8000bb46 (0x00004f17) auipc   t5, 0x4
core   0: 3 0x8000bb46 (0x00004f17) x30 0x8000fb46
core   0: 0x8000bb4a (0x4a3f2d23) sw      gp, 1210(t5)
core   0: 3 0x8000bb4a (0x4a3f2d23) mem 0x80010000 0x00000001
core   0: 0x8000bb4e (0x0000bfe5) c.j     pc - 8
core   0: 3 0x8000bb4e (0xbfe5)
core   0: 0x8000bb46 (0x00004f17) auipc   t5, 0x4
core   0: 3 0x8000bb46 (0x00004f17) x30 0x8000fb46
core   0: 0x8000bb4a (0x4a3f2d23) sw      gp, 1210(t5)
core   0: 3 0x8000bb4a (0x4a3f2d23) mem 0x80010000 0x00000001
core   0: 0x8000bb4e (0x0000bfe5) c.j     pc - 8
core   0: 3 0x8000bb4e (0xbfe5)
core   0: 0x8000bb46 (0x00004f17) auipc   t5, 0x4
core   0: 3 0x8000bb46 (0x00004f17) x30 0x8000fb46
core   0: 0x8000bb4a (0x4a3f2d23) sw      gp, 1210(t5)
core   0: 3 0x8000bb4a (0x4a3f2d23) mem 0x80010000 0x00000001
core   0: 0x8000bb4e (0x0000bfe5) c.j     pc - 8
core   0: 3 0x8000bb4e (0xbfe5)
core   0: 0x8000bb46 (0x00004f17) auipc   t5, 0x4
core   0: 3 0x8000bb46 (0x00004f17) x30 0x8000fb46
core   0: 0x8000bb4a (0x4a3f2d23) sw      gp, 1210(t5)
core   0: 3 0x8000bb4a (0x4a3f2d23) mem 0x80010000 0x00000001
core   0: 0x8000bb4e (0x0000bfe5) c.j     pc - 8
core   0: 3 0x8000bb4e (0xbfe5)
core   0: 0x8000bb46 (0x00004f17) auipc   t5, 0x4
core   0: 3 0x8000bb46 (0x00004f17) x30 0x8000fb46
core   0: 0x8000bb4a (0x4a3f2d23) sw      gp, 1210(t5)
core   0: 3 0x8000bb4a (0x4a3f2d23) mem 0x80010000 0x00000001
core   0: 0x8000bb4e (0x0000bfe5) c.j     pc - 8
core   0: 3 0x8000bb4e (0xbfe5)
core   0: 0x8000bb46 (0x00004f17) auipc   t5, 0x4
core   0: 3 0x8000bb46 (0x00004f17) x30 0x8000fb46
core   0: 0x8000bb4a (0x4a3f2d23) sw      gp, 1210(t5)
core   0: 3 0x8000bb4a (0x4a3f2d23) mem 0x80010000 0x00000001
core   0: 0x8000bb4e (0x0000bfe5) c.j     pc - 8
core   0: 3 0x8000bb4e (0xbfe5)
core   0: 0x8000bb46 (0x00004f17) auipc   t5, 0x4
core   0: 3 0x8000bb46 (0x00004f17) x30 0x8000fb46
core   0: 0x8000bb4a (0x4a3f2d23) sw      gp, 1210(t5)
core   0: 3 0x8000bb4a (0x4a3f2d23) mem 0x80010000 0x00000001
core   0: 0x8000bb4e (0x0000bfe5) c.j     pc - 8
core   0: 3 0x8000bb4e (0xbfe5)
core   0: 0x8000bb46 (0x00004f17) auipc   t5, 0x4
core   0: 3 0x8000bb46 (0x00004f17) x30 0x8000fb46
core   0: 0x8000bb4a (0x4a3f2d23) sw      gp, 1210(t5)
core   0: 3 0x8000bb4a (0x4a3f2d23) mem 0x80010000 0x00000001
core   0: 0x8000bb4e (0x0000bfe5) c.j     pc - 8
core   0: 3 0x8000bb4e (0xbfe5)
core   0: 0x8000bb46 (0x00004f17) auipc   t5, 0x4
core   0: 3 0x8000bb46 (0x00004f17) x30 0x8000fb46
core   0: 0x8000bb4a (0x4a3f2d23) sw      gp, 1210(t5)
core   0: 3 0x8000bb4a (0x4a3f2d23) mem 0x80010000 0x00000001
core   0: 0x8000bb4e (0x0000bfe5) c.j     pc - 8
core   0: 3 0x8000bb4e (0xbfe5)
core   0: 0x8000bb46 (0x00004f17) auipc   t5, 0x4
core   0: 3 0x8000bb46 (0x00004f17) x30 0x8000fb46
core   0: 0x8000bb4a (0x4a3f2d23) sw      gp, 1210(t5)
core   0: 3 0x8000bb4a (0x4a3f2d23) mem 0x80010000 0x00000001
core   0: 0x8000bb4e (0x0000bfe5) c.j     pc - 8
core   0: 3 0x8000bb4e (0xbfe5)
core   0: 0x8000bb46 (0x00004f17) auipc   t5, 0x4
core   0: 3 0x8000bb46 (0x00004f17) x30 0x8000fb46
core   0: 0x8000bb4a (0x4a3f2d23) sw      gp, 1210(t5)
core   0: 3 0x8000bb4a (0x4a3f2d23) mem 0x80010000 0x00000001
core   0: 0x8000bb4e (0x0000bfe5) c.j     pc - 8
core   0: 3 0x8000bb4e (0xbfe5)
core   0: 0x8000bb46 (0x00004f17) auipc   t5, 0x4
core   0: 3 0x8000bb46 (0x00004f17) x30 0x8000fb46
core   0: 0x8000bb4a (0x4a3f2d23) sw      gp, 1210(t5)
core   0: 3 0x8000bb4a (0x4a3f2d23) mem 0x80010000 0x00000001
core   0: 0x8000bb4e (0x0000bfe5) c.j     pc - 8
core   0: 3 0x8000bb4e (0xbfe5)
core   0: 0x8000bb46 (0x00004f17) auipc   t5, 0x4
core   0: 3 0x8000bb46 (0x00004f17) x30 0x8000fb46
core   0: 0x8000bb4a (0x4a3f2d23) sw      gp, 1210(t5)
core   0: 3 0x8000bb4a (0x4a3f2d23) mem 0x80010000 0x00000001
core   0: 0x8000bb4e (0x0000bfe5) c.j     pc - 8
core   0: 3 0x8000bb4e (0xbfe5)
core   0: 0x8000bb46 (0x00004f17) auipc   t5, 0x4
core   0: 3 0x8000bb46 (0x00004f17) x30 0x8000fb46
core   0: 0x8000bb4a (0x4a3f2d23) sw      gp, 1210(t5)
core   0: 3 0x8000bb4a (0x4a3f2d23) mem 0x80010000 0x00000001
core   0: 0x8000bb4e (0x0000bfe5) c.j     pc - 8
core   0: 3 0x8000bb4e (0xbfe5)
core   0: 0x8000bb46 (0x00004f17) auipc   t5, 0x4
core   0: 3 0x8000bb46 (0x00004f17) x30 0x8000fb46
core   0: 0x8000bb4a (0x4a3f2d23) sw      gp, 1210(t5)
core   0: 3 0x8000bb4a (0x4a3f2d23) mem 0x80010000 0x00000001
core   0: 0x8000bb4e (0x0000bfe5) c.j     pc - 8
core   0: 3 0x8000bb4e (0xbfe5)
core   0: 0x8000bb46 (0x00004f17) auipc   t5, 0x4
core   0: 3 0x8000bb46 (0x00004f17) x30 0x8000fb46
core   0: 0x8000bb4a (0x4a3f2d23) sw      gp, 1210(t5)
core   0: 3 0x8000bb4a (0x4a3f2d23) mem 0x80010000 0x00000001
core   0: 0x8000bb4e (0x0000bfe5) c.j     pc - 8
core   0: 3 0x8000bb4e (0xbfe5)
core   0: 0x8000bb46 (0x00004f17) auipc   t5, 0x4
core   0: 3 0x8000bb46 (0x00004f17) x30 0x8000fb46
core   0: 0x8000bb4a (0x4a3f2d23) sw      gp, 1210(t5)
core   0: 3 0x8000bb4a (0x4a3f2d23) mem 0x80010000 0x00000001
core   0: 0x8000bb4e (0x0000bfe5) c.j     pc - 8
core   0: 3 0x8000bb4e (0xbfe5)
core   0: 0x8000bb46 (0x00004f17) auipc   t5, 0x4
core   0: 3 0x8000bb46 (0x00004f17) x30 0x8000fb46
core   0: 0x8000bb4a (0x4a3f2d23) sw      gp, 1210(t5)
core   0: 3 0x8000bb4a (0x4a3f2d23) mem 0x80010000 0x00000001
core   0: 0x8000bb4e (0x0000bfe5) c.j     pc - 8
core   0: 3 0x8000bb4e (0xbfe5)
core   0: 0x8000bb46 (0x00004f17) auipc   t5, 0x4
core   0: 3 0x8000bb46 (0x00004f17) x30 0x8000fb46
core   0: 0x8000bb4a (0x4a3f2d23) sw      gp, 1210(t5)
core   0: 3 0x8000bb4a (0x4a3f2d23) mem 0x80010000 0x00000001
core   0: 0x8000bb4e (0x0000bfe5) c.j     pc - 8
core   0: 3 0x8000bb4e (0xbfe5)
core   0: 0x8000bb46 (0x00004f17) auipc   t5, 0x4
core   0: 3 0x8000bb46 (0x00004f17) x30 0x8000fb46
core   0: 0x8000bb4a (0x4a3f2d23) sw      gp, 1210(t5)
core   0: 3 0x8000bb4a (0x4a3f2d23) mem 0x80010000 0x00000001
core   0: 0x8000bb4e (0x0000bfe5) c.j     pc - 8
core   0: 3 0x8000bb4e (0xbfe5)
core   0: 0x8000bb46 (0x00004f17) auipc   t5, 0x4
core   0: 3 0x8000bb46 (0x00004f17) x30 0x8000fb46
core   0: 0x8000bb4a (0x4a3f2d23) sw      gp, 1210(t5)
core   0: 3 0x8000bb4a (0x4a3f2d23) mem 0x80010000 0x00000001
core   0: 0x8000bb4e (0x0000bfe5) c.j     pc - 8
core   0: 3 0x8000bb4e (0xbfe5)
core   0: 0x8000bb46 (0x00004f17) auipc   t5, 0x4
core   0: 3 0x8000bb46 (0x00004f17) x30 0x8000fb46
core   0: 0x8000bb4a (0x4a3f2d23) sw      gp, 1210(t5)
core   0: 3 0x8000bb4a (0x4a3f2d23) mem 0x80010000 0x00000001
core   0: 0x8000bb4e (0x0000bfe5) c.j     pc - 8
core   0: 3 0x8000bb4e (0xbfe5)
core   0: 0x8000bb46 (0x00004f17) auipc   t5, 0x4
core   0: 3 0x8000bb46 (0x00004f17) x30 0x8000fb46
core   0: 0x8000bb4a (0x4a3f2d23) sw      gp, 1210(t5)
core   0: 3 0x8000bb4a (0x4a3f2d23) mem 0x80010000 0x00000001
core   0: 0x8000bb4e (0x0000bfe5) c.j     pc - 8
core   0: 3 0x8000bb4e (0xbfe5)
core   0: 0x8000bb46 (0x00004f17) auipc   t5, 0x4
core   0: 3 0x8000bb46 (0x00004f17) x30 0x8000fb46
core   0: 0x8000bb4a (0x4a3f2d23) sw      gp, 1210(t5)
core   0: 3 0x8000bb4a (0x4a3f2d23) mem 0x80010000 0x00000001
core   0: 0x8000bb4e (0x0000bfe5) c.j     pc - 8
core   0: 3 0x8000bb4e (0xbfe5)
core   0: 0x8000bb46 (0x00004f17) auipc   t5, 0x4
core   0: 3 0x8000bb46 (0x00004f17) x30 0x8000fb46
core   0: 0x8000bb4a (0x4a3f2d23) sw      gp, 1210(t5)
core   0: 3 0x8000bb4a (0x4a3f2d23) mem 0x80010000 0x00000001
core   0: 0x8000bb4e (0x0000bfe5) c.j     pc - 8
core   0: 3 0x8000bb4e (0xbfe5)
core   0: 0x8000bb46 (0x00004f17) auipc   t5, 0x4
core   0: 3 0x8000bb46 (0x00004f17) x30 0x8000fb46
core   0: 0x8000bb4a (0x4a3f2d23) sw      gp, 1210(t5)
core   0: 3 0x8000bb4a (0x4a3f2d23) mem 0x80010000 0x00000001
core   0: 0x8000bb4e (0x0000bfe5) c.j     pc - 8
core   0: 3 0x8000bb4e (0xbfe5)
core   0: 0x8000bb46 (0x00004f17) auipc   t5, 0x4
core   0: 3 0x8000bb46 (0x00004f17) x30 0x8000fb46
core   0: 0x8000bb4a (0x4a3f2d23) sw      gp, 1210(t5)
core   0: 3 0x8000bb4a (0x4a3f2d23) mem 0x80010000 0x00000001
core   0: 0x8000bb4e (0x0000bfe5) c.j     pc - 8
core   0: 3 0x8000bb4e (0xbfe5)
core   0: 0x8000bb46 (0x00004f17) auipc   t5, 0x4
core   0: 3 0x8000bb46 (0x00004f17) x30 0x8000fb46
core   0: 0x8000bb4a (0x4a3f2d23) sw      gp, 1210(t5)
core   0: 3 0x8000bb4a (0x4a3f2d23) mem 0x80010000 0x00000001
core   0: 0x8000bb4e (0x0000bfe5) c.j     pc - 8
core   0: 3 0x8000bb4e (0xbfe5)
core   0: 0x8000bb46 (0x00004f17) auipc   t5, 0x4
core   0: 3 0x8000bb46 (0x00004f17) x30 0x8000fb46
core   0: 0x8000bb4a (0x4a3f2d23) sw      gp, 1210(t5)
core   0: 3 0x8000bb4a (0x4a3f2d23) mem 0x80010000 0x00000001
core   0: 0x8000bb4e (0x0000bfe5) c.j     pc - 8
core   0: 3 0x8000bb4e (0xbfe5)
core   0: 0x8000bb46 (0x00004f17) auipc   t5, 0x4
core   0: 3 0x8000bb46 (0x00004f17) x30 0x8000fb46
core   0: 0x8000bb4a (0x4a3f2d23) sw      gp, 1210(t5)
core   0: 3 0x8000bb4a (0x4a3f2d23) mem 0x80010000 0x00000001
core   0: 0x8000bb4e (0x0000bfe5) c.j     pc - 8
core   0: 3 0x8000bb4e (0xbfe5)
core   0: 0x8000bb46 (0x00004f17) auipc   t5, 0x4
core   0: 3 0x8000bb46 (0x00004f17) x30 0x8000fb46
core   0: 0x8000bb4a (0x4a3f2d23) sw      gp, 1210(t5)
core   0: 3 0x8000bb4a (0x4a3f2d23) mem 0x80010000 0x00000001
core   0: 0x8000bb4e (0x0000bfe5) c.j     pc - 8
core   0: 3 0x8000bb4e (0xbfe5)
core   0: 0x8000bb46 (0x00004f17) auipc   t5, 0x4
core   0: 3 0x8000bb46 (0x00004f17) x30 0x8000fb46
core   0: 0x8000bb4a (0x4a3f2d23) sw      gp, 1210(t5)
core   0: 3 0x8000bb4a (0x4a3f2d23) mem 0x80010000 0x00000001
core   0: 0x8000bb4e (0x0000bfe5) c.j     pc - 8
core   0: 3 0x8000bb4e (0xbfe5)
core   0: 0x8000bb46 (0x00004f17) auipc   t5, 0x4
core   0: 3 0x8000bb46 (0x00004f17) x30 0x8000fb46
core   0: 0x8000bb4a (0x4a3f2d23) sw      gp, 1210(t5)
core   0: 3 0x8000bb4a (0x4a3f2d23) mem 0x80010000 0x00000001
core   0: 0x8000bb4e (0x0000bfe5) c.j     pc - 8
core   0: 3 0x8000bb4e (0xbfe5)
core   0: 0x8000bb46 (0x00004f17) auipc   t5, 0x4
core   0: 3 0x8000bb46 (0x00004f17) x30 0x8000fb46
core   0: 0x8000bb4a (0x4a3f2d23) sw      gp, 1210(t5)
core   0: 3 0x8000bb4a (0x4a3f2d23) mem 0x80010000 0x00000001
core   0: 0x8000bb4e (0x0000bfe5) c.j     pc - 8
core   0: 3 0x8000bb4e (0xbfe5)
core   0: 0x8000bb46 (0x00004f17) auipc   t5, 0x4
core   0: 3 0x8000bb46 (0x00004f17) x30 0x8000fb46
core   0: 0x8000bb4a (0x4a3f2d23) sw      gp, 1210(t5)
core   0: 3 0x8000bb4a (0x4a3f2d23) mem 0x80010000 0x00000001
core   0: 0x8000bb4e (0x0000bfe5) c.j     pc - 8
core   0: 3 0x8000bb4e (0xbfe5)
core   0: 0x8000bb46 (0x00004f17) auipc   t5, 0x4
core   0: 3 0x8000bb46 (0x00004f17) x30 0x8000fb46
core   0: 0x8000bb4a (0x4a3f2d23) sw      gp, 1210(t5)
core   0: 3 0x8000bb4a (0x4a3f2d23) mem 0x80010000 0x00000001
core   0: 0x8000bb4e (0x0000bfe5) c.j     pc - 8
core   0: 3 0x8000bb4e (0xbfe5)
core   0: 0x8000bb46 (0x00004f17) auipc   t5, 0x4
core   0: 3 0x8000bb46 (0x00004f17) x30 0x8000fb46
core   0: 0x8000bb4a (0x4a3f2d23) sw      gp, 1210(t5)
core   0: 3 0x8000bb4a (0x4a3f2d23) mem 0x80010000 0x00000001
core   0: 0x8000bb4e (0x0000bfe5) c.j     pc - 8
core   0: 3 0x8000bb4e (0xbfe5)
core   0: 0x8000bb46 (0x00004f17) auipc   t5, 0x4
core   0: 3 0x8000bb46 (0x00004f17) x30 0x8000fb46
core   0: 0x8000bb4a (0x4a3f2d23) sw      gp, 1210(t5)
core   0: 3 0x8000bb4a (0x4a3f2d23) mem 0x80010000 0x00000001
core   0: 0x8000bb4e (0x0000bfe5) c.j     pc - 8
core   0: 3 0x8000bb4e (0xbfe5)
core   0: 0x8000bb46 (0x00004f17) auipc   t5, 0x4
core   0: 3 0x8000bb46 (0x00004f17) x30 0x8000fb46
core   0: 0x8000bb4a (0x4a3f2d23) sw      gp, 1210(t5)
core   0: 3 0x8000bb4a (0x4a3f2d23) mem 0x80010000 0x00000001
core   0: 0x8000bb4e (0x0000bfe5) c.j     pc - 8
core   0: 3 0x8000bb4e (0xbfe5)
core   0: 0x8000bb46 (0x00004f17) auipc   t5, 0x4
core   0: 3 0x8000bb46 (0x00004f17) x30 0x8000fb46
core   0: 0x8000bb4a (0x4a3f2d23) sw      gp, 1210(t5)
core   0: 3 0x8000bb4a (0x4a3f2d23) mem 0x80010000 0x00000001
core   0: 0x8000bb4e (0x0000bfe5) c.j     pc - 8
core   0: 3 0x8000bb4e (0xbfe5)
core   0: 0x8000bb46 (0x00004f17) auipc   t5, 0x4
core   0: 3 0x8000bb46 (0x00004f17) x30 0x8000fb46
core   0: 0x8000bb4a (0x4a3f2d23) sw      gp, 1210(t5)
core   0: 3 0x8000bb4a (0x4a3f2d23) mem 0x80010000 0x00000001
core   0: 0x8000bb4e (0x0000bfe5) c.j     pc - 8
core   0: 3 0x8000bb4e (0xbfe5)
core   0: 0x8000bb46 (0x00004f17) auipc   t5, 0x4
core   0: 3 0x8000bb46 (0x00004f17) x30 0x8000fb46
core   0: 0x8000bb4a (0x4a3f2d23) sw      gp, 1210(t5)
core   0: 3 0x8000bb4a (0x4a3f2d23) mem 0x80010000 0x00000001
core   0: 0x8000bb4e (0x0000bfe5) c.j     pc - 8
core   0: 3 0x8000bb4e (0xbfe5)
core   0: 0x8000bb46 (0x00004f17) auipc   t5, 0x4
core   0: 3 0x8000bb46 (0x00004f17) x30 0x8000fb46
core   0: 0x8000bb4a (0x4a3f2d23) sw      gp, 1210(t5)
core   0: 3 0x8000bb4a (0x4a3f2d23) mem 0x80010000 0x00000001
core   0: 0x8000bb4e (0x0000bfe5) c.j     pc - 8
core   0: 3 0x8000bb4e (0xbfe5)
core   0: 0x8000bb46 (0x00004f17) auipc   t5, 0x4
core   0: 3 0x8000bb46 (0x00004f17) x30 0x8000fb46
core   0: 0x8000bb4a (0x4a3f2d23) sw      gp, 1210(t5)
core   0: 3 0x8000bb4a (0x4a3f2d23) mem 0x80010000 0x00000001
core   0: 0x8000bb4e (0x0000bfe5) c.j     pc - 8
core   0: 3 0x8000bb4e (0xbfe5)
core   0: 0x8000bb46 (0x00004f17) auipc   t5, 0x4
core   0: 3 0x8000bb46 (0x00004f17) x30 0x8000fb46
core   0: 0x8000bb4a (0x4a3f2d23) sw      gp, 1210(t5)
core   0: 3 0x8000bb4a (0x4a3f2d23) mem 0x80010000 0x00000001
core   0: 0x8000bb4e (0x0000bfe5) c.j     pc - 8
core   0: 3 0x8000bb4e (0xbfe5)
core   0: 0x8000bb46 (0x00004f17) auipc   t5, 0x4
core   0: 3 0x8000bb46 (0x00004f17) x30 0x8000fb46
core   0: 0x8000bb4a (0x4a3f2d23) sw      gp, 1210(t5)
core   0: 3 0x8000bb4a (0x4a3f2d23) mem 0x80010000 0x00000001
core   0: 0x8000bb4e (0x0000bfe5) c.j     pc - 8
core   0: 3 0x8000bb4e (0xbfe5)
core   0: 0x8000bb46 (0x00004f17) auipc   t5, 0x4
core   0: 3 0x8000bb46 (0x00004f17) x30 0x8000fb46
core   0: 0x8000bb4a (0x4a3f2d23) sw      gp, 1210(t5)
core   0: 3 0x8000bb4a (0x4a3f2d23) mem 0x80010000 0x00000001
core   0: 0x8000bb4e (0x0000bfe5) c.j     pc - 8
core   0: 3 0x8000bb4e (0xbfe5)
core   0: 0x8000bb46 (0x00004f17) auipc   t5, 0x4
core   0: 3 0x8000bb46 (0x00004f17) x30 0x8000fb46
core   0: 0x8000bb4a (0x4a3f2d23) sw      gp, 1210(t5)
core   0: 3 0x8000bb4a (0x4a3f2d23) mem 0x80010000 0x00000001
core   0: 0x8000bb4e (0x0000bfe5) c.j     pc - 8
core   0: 3 0x8000bb4e (0xbfe5)
core   0: 0x8000bb46 (0x00004f17) auipc   t5, 0x4
core   0: 3 0x8000bb46 (0x00004f17) x30 0x8000fb46
core   0: 0x8000bb4a (0x4a3f2d23) sw      gp, 1210(t5)
core   0: 3 0x8000bb4a (0x4a3f2d23) mem 0x80010000 0x00000001
core   0: 0x8000bb4e (0x0000bfe5) c.j     pc - 8
core   0: 3 0x8000bb4e (0xbfe5)
core   0: 0x8000bb46 (0x00004f17) auipc   t5, 0x4
core   0: 3 0x8000bb46 (0x00004f17) x30 0x8000fb46
core   0: 0x8000bb4a (0x4a3f2d23) sw      gp, 1210(t5)
core   0: 3 0x8000bb4a (0x4a3f2d23) mem 0x80010000 0x00000001
core   0: 0x8000bb4e (0x0000bfe5) c.j     pc - 8
core   0: 3 0x8000bb4e (0xbfe5)
core   0: 0x8000bb46 (0x00004f17) auipc   t5, 0x4
core   0: 3 0x8000bb46 (0x00004f17) x30 0x8000fb46
core   0: 0x8000bb4a (0x4a3f2d23) sw      gp, 1210(t5)
core   0: 3 0x8000bb4a (0x4a3f2d23) mem 0x80010000 0x00000001
core   0: 0x8000bb4e (0x0000bfe5) c.j     pc - 8
core   0: 3 0x8000bb4e (0xbfe5)
core   0: 0x8000bb46 (0x00004f17) auipc   t5, 0x4
core   0: 3 0x8000bb46 (0x00004f17) x30 0x8000fb46
core   0: 0x8000bb4a (0x4a3f2d23) sw      gp, 1210(t5)
core   0: 3 0x8000bb4a (0x4a3f2d23) mem 0x80010000 0x00000001
core   0: 0x8000bb4e (0x0000bfe5) c.j     pc - 8
core   0: 3 0x8000bb4e (0xbfe5)
core   0: 0x8000bb46 (0x00004f17) auipc   t5, 0x4
core   0: 3 0x8000bb46 (0x00004f17) x30 0x8000fb46
core   0: 0x8000bb4a (0x4a3f2d23) sw      gp, 1210(t5)
core   0: 3 0x8000bb4a (0x4a3f2d23) mem 0x80010000 0x00000001
core   0: 0x8000bb4e (0x0000bfe5) c.j     pc - 8
core   0: 3 0x8000bb4e (0xbfe5)
core   0: 0x8000bb46 (0x00004f17) auipc   t5, 0x4
core   0: 3 0x8000bb46 (0x00004f17) x30 0x8000fb46
core   0: 0x8000bb4a (0x4a3f2d23) sw      gp, 1210(t5)
core   0: 3 0x8000bb4a (0x4a3f2d23) mem 0x80010000 0x00000001
core   0: 0x8000bb4e (0x0000bfe5) c.j     pc - 8
core   0: 3 0x8000bb4e (0xbfe5)
core   0: 0x8000bb46 (0x00004f17) auipc   t5, 0x4
core   0: 3 0x8000bb46 (0x00004f17) x30 0x8000fb46
core   0: 0x8000bb4a (0x4a3f2d23) sw      gp, 1210(t5)
core   0: 3 0x8000bb4a (0x4a3f2d23) mem 0x80010000 0x00000001
core   0: 0x8000bb4e (0x0000bfe5) c.j     pc - 8
core   0: 3 0x8000bb4e (0xbfe5)
core   0: 0x8000bb46 (0x00004f17) auipc   t5, 0x4
core   0: 3 0x8000bb46 (0x00004f17) x30 0x8000fb46
core   0: 0x8000bb4a (0x4a3f2d23) sw      gp, 1210(t5)
core   0: 3 0x8000bb4a (0x4a3f2d23) mem 0x80010000 0x00000001
core   0: 0x8000bb4e (0x0000bfe5) c.j     pc - 8
core   0: 3 0x8000bb4e (0xbfe5)
core   0: 0x8000bb46 (0x00004f17) auipc   t5, 0x4
core   0: 3 0x8000bb46 (0x00004f17) x30 0x8000fb46
core   0: 0x8000bb4a (0x4a3f2d23) sw      gp, 1210(t5)
core   0: 3 0x8000bb4a (0x4a3f2d23) mem 0x80010000 0x00000001
core   0: 0x8000bb4e (0x0000bfe5) c.j     pc - 8
core   0: 3 0x8000bb4e (0xbfe5)
core   0: 0x8000bb46 (0x00004f17) auipc   t5, 0x4
core   0: 3 0x8000bb46 (0x00004f17) x30 0x8000fb46
core   0: 0x8000bb4a (0x4a3f2d23) sw      gp, 1210(t5)
core   0: 3 0x8000bb4a (0x4a3f2d23) mem 0x80010000 0x00000001
core   0: 0x8000bb4e (0x0000bfe5) c.j     pc - 8
core   0: 3 0x8000bb4e (0xbfe5)
core   0: 0x8000bb46 (0x00004f17) auipc   t5, 0x4
core   0: 3 0x8000bb46 (0x00004f17) x30 0x8000fb46
core   0: 0x8000bb4a (0x4a3f2d23) sw      gp, 1210(t5)
core   0: 3 0x8000bb4a (0x4a3f2d23) mem 0x80010000 0x00000001
core   0: 0x8000bb4e (0x0000bfe5) c.j     pc - 8
core   0: 3 0x8000bb4e (0xbfe5)
core   0: 0x8000bb46 (0x00004f17) auipc   t5, 0x4
core   0: 3 0x8000bb46 (0x00004f17) x30 0x8000fb46
core   0: 0x8000bb4a (0x4a3f2d23) sw      gp, 1210(t5)
core   0: 3 0x8000bb4a (0x4a3f2d23) mem 0x80010000 0x00000001
core   0: 0x8000bb4e (0x0000bfe5) c.j     pc - 8
core   0: 3 0x8000bb4e (0xbfe5)
core   0: 0x8000bb46 (0x00004f17) auipc   t5, 0x4
core   0: 3 0x8000bb46 (0x00004f17) x30 0x8000fb46
core   0: 0x8000bb4a (0x4a3f2d23) sw      gp, 1210(t5)
core   0: 3 0x8000bb4a (0x4a3f2d23) mem 0x80010000 0x00000001
core   0: 0x8000bb4e (0x0000bfe5) c.j     pc - 8
core   0: 3 0x8000bb4e (0xbfe5)
core   0: 0x8000bb46 (0x00004f17) auipc   t5, 0x4
core   0: 3 0x8000bb46 (0x00004f17) x30 0x8000fb46
core   0: 0x8000bb4a (0x4a3f2d23) sw      gp, 1210(t5)
core   0: 3 0x8000bb4a (0x4a3f2d23) mem 0x80010000 0x00000001
core   0: 0x8000bb4e (0x0000bfe5) c.j     pc - 8
core   0: 3 0x8000bb4e (0xbfe5)
core   0: 0x8000bb46 (0x00004f17) auipc   t5, 0x4
core   0: 3 0x8000bb46 (0x00004f17) x30 0x8000fb46
core   0: 0x8000bb4a (0x4a3f2d23) sw      gp, 1210(t5)
core   0: 3 0x8000bb4a (0x4a3f2d23) mem 0x80010000 0x00000001
core   0: 0x8000bb4e (0x0000bfe5) c.j     pc - 8
core   0: 3 0x8000bb4e (0xbfe5)
core   0: 0x8000bb46 (0x00004f17) auipc   t5, 0x4
core   0: 3 0x8000bb46 (0x00004f17) x30 0x8000fb46
core   0: 0x8000bb4a (0x4a3f2d23) sw      gp, 1210(t5)
core   0: 3 0x8000bb4a (0x4a3f2d23) mem 0x80010000 0x00000001
core   0: 0x8000bb4e (0x0000bfe5) c.j     pc - 8
core   0: 3 0x8000bb4e (0xbfe5)
core   0: 0x8000bb46 (0x00004f17) auipc   t5, 0x4
core   0: 3 0x8000bb46 (0x00004f17) x30 0x8000fb46
core   0: 0x8000bb4a (0x4a3f2d23) sw      gp, 1210(t5)
core   0: 3 0x8000bb4a (0x4a3f2d23) mem 0x80010000 0x00000001
core   0: 0x8000bb4e (0x0000bfe5) c.j     pc - 8
core   0: 3 0x8000bb4e (0xbfe5)
core   0: 0x8000bb46 (0x00004f17) auipc   t5, 0x4
core   0: 3 0x8000bb46 (0x00004f17) x30 0x8000fb46
core   0: 0x8000bb4a (0x4a3f2d23) sw      gp, 1210(t5)
core   0: 3 0x8000bb4a (0x4a3f2d23) mem 0x80010000 0x00000001
core   0: 0x8000bb4e (0x0000bfe5) c.j     pc - 8
core   0: 3 0x8000bb4e (0xbfe5)
core   0: 0x8000bb46 (0x00004f17) auipc   t5, 0x4
core   0: 3 0x8000bb46 (0x00004f17) x30 0x8000fb46
core   0: 0x8000bb4a (0x4a3f2d23) sw      gp, 1210(t5)
core   0: 3 0x8000bb4a (0x4a3f2d23) mem 0x80010000 0x00000001
core   0: 0x8000bb4e (0x0000bfe5) c.j     pc - 8
core   0: 3 0x8000bb4e (0xbfe5)
core   0: 0x8000bb46 (0x00004f17) auipc   t5, 0x4
core   0: 3 0x8000bb46 (0x00004f17) x30 0x8000fb46
core   0: 0x8000bb4a (0x4a3f2d23) sw      gp, 1210(t5)
core   0: 3 0x8000bb4a (0x4a3f2d23) mem 0x80010000 0x00000001
core   0: 0x8000bb4e (0x0000bfe5) c.j     pc - 8
core   0: 3 0x8000bb4e (0xbfe5)
core   0: 0x8000bb46 (0x00004f17) auipc   t5, 0x4
core   0: 3 0x8000bb46 (0x00004f17) x30 0x8000fb46
core   0: 0x8000bb4a (0x4a3f2d23) sw      gp, 1210(t5)
core   0: 3 0x8000bb4a (0x4a3f2d23) mem 0x80010000 0x00000001
core   0: 0x8000bb4e (0x0000bfe5) c.j     pc - 8
core   0: 3 0x8000bb4e (0xbfe5)
core   0: 0x8000bb46 (0x00004f17) auipc   t5, 0x4
core   0: 3 0x8000bb46 (0x00004f17) x30 0x8000fb46
core   0: 0x8000bb4a (0x4a3f2d23) sw      gp, 1210(t5)
core   0: 3 0x8000bb4a (0x4a3f2d23) mem 0x80010000 0x00000001
core   0: 0x8000bb4e (0x0000bfe5) c.j     pc - 8
core   0: 3 0x8000bb4e (0xbfe5)
core   0: 0x8000bb46 (0x00004f17) auipc   t5, 0x4
core   0: 3 0x8000bb46 (0x00004f17) x30 0x8000fb46
core   0: 0x8000bb4a (0x4a3f2d23) sw      gp, 1210(t5)
core   0: 3 0x8000bb4a (0x4a3f2d23) mem 0x80010000 0x00000001
core   0: 0x8000bb4e (0x0000bfe5) c.j     pc - 8
core   0: 3 0x8000bb4e (0xbfe5)
core   0: 0x8000bb46 (0x00004f17) auipc   t5, 0x4
core   0: 3 0x8000bb46 (0x00004f17) x30 0x8000fb46
core   0: 0x8000bb4a (0x4a3f2d23) sw      gp, 1210(t5)
core   0: 3 0x8000bb4a (0x4a3f2d23) mem 0x80010000 0x00000001
core   0: 0x8000bb4e (0x0000bfe5) c.j     pc - 8
core   0: 3 0x8000bb4e (0xbfe5)
core   0: 0x8000bb46 (0x00004f17) auipc   t5, 0x4
core   0: 3 0x8000bb46 (0x00004f17) x30 0x8000fb46
core   0: 0x8000bb4a (0x4a3f2d23) sw      gp, 1210(t5)
core   0: 3 0x8000bb4a (0x4a3f2d23) mem 0x80010000 0x00000001
core   0: 0x8000bb4e (0x0000bfe5) c.j     pc - 8
core   0: 3 0x8000bb4e (0xbfe5)
core   0: 0x8000bb46 (0x00004f17) auipc   t5, 0x4
core   0: 3 0x8000bb46 (0x00004f17) x30 0x8000fb46
core   0: 0x8000bb4a (0x4a3f2d23) sw      gp, 1210(t5)
core   0: 3 0x8000bb4a (0x4a3f2d23) mem 0x80010000 0x00000001
core   0: 0x8000bb4e (0x0000bfe5) c.j     pc - 8
core   0: 3 0x8000bb4e (0xbfe5)
core   0: 0x8000bb46 (0x00004f17) auipc   t5, 0x4
core   0: 3 0x8000bb46 (0x00004f17) x30 0x8000fb46
core   0: 0x8000bb4a (0x4a3f2d23) sw      gp, 1210(t5)
core   0: 3 0x8000bb4a (0x4a3f2d23) mem 0x80010000 0x00000001
core   0: 0x8000bb4e (0x0000bfe5) c.j     pc - 8
core   0: 3 0x8000bb4e (0xbfe5)
core   0: 0x8000bb46 (0x00004f17) auipc   t5, 0x4
core   0: 3 0x8000bb46 (0x00004f17) x30 0x8000fb46
core   0: 0x8000bb4a (0x4a3f2d23) sw      gp, 1210(t5)
core   0: 3 0x8000bb4a (0x4a3f2d23) mem 0x80010000 0x00000001
core   0: 0x8000bb4e (0x0000bfe5) c.j     pc - 8
core   0: 3 0x8000bb4e (0xbfe5)
core   0: 0x8000bb46 (0x00004f17) auipc   t5, 0x4
core   0: 3 0x8000bb46 (0x00004f17) x30 0x8000fb46
core   0: 0x8000bb4a (0x4a3f2d23) sw      gp, 1210(t5)
core   0: 3 0x8000bb4a (0x4a3f2d23) mem 0x80010000 0x00000001
core   0: 0x8000bb4e (0x0000bfe5) c.j     pc - 8
core   0: 3 0x8000bb4e (0xbfe5)
core   0: 0x8000bb46 (0x00004f17) auipc   t5, 0x4
core   0: 3 0x8000bb46 (0x00004f17) x30 0x8000fb46
core   0: 0x8000bb4a (0x4a3f2d23) sw      gp, 1210(t5)
core   0: 3 0x8000bb4a (0x4a3f2d23) mem 0x80010000 0x00000001
core   0: 0x8000bb4e (0x0000bfe5) c.j     pc - 8
core   0: 3 0x8000bb4e (0xbfe5)
core   0: 0x8000bb46 (0x00004f17) auipc   t5, 0x4
core   0: 3 0x8000bb46 (0x00004f17) x30 0x8000fb46
core   0: 0x8000bb4a (0x4a3f2d23) sw      gp, 1210(t5)
core   0: 3 0x8000bb4a (0x4a3f2d23) mem 0x80010000 0x00000001
core   0: 0x8000bb4e (0x0000bfe5) c.j     pc - 8
core   0: 3 0x8000bb4e (0xbfe5)
core   0: 0x8000bb46 (0x00004f17) auipc   t5, 0x4
core   0: 3 0x8000bb46 (0x00004f17) x30 0x8000fb46
core   0: 0x8000bb4a (0x4a3f2d23) sw      gp, 1210(t5)
core   0: 3 0x8000bb4a (0x4a3f2d23) mem 0x80010000 0x00000001
core   0: 0x8000bb4e (0x0000bfe5) c.j     pc - 8
core   0: 3 0x8000bb4e (0xbfe5)
core   0: 0x8000bb46 (0x00004f17) auipc   t5, 0x4
core   0: 3 0x8000bb46 (0x00004f17) x30 0x8000fb46
core   0: 0x8000bb4a (0x4a3f2d23) sw      gp, 1210(t5)
core   0: 3 0x8000bb4a (0x4a3f2d23) mem 0x80010000 0x00000001
core   0: 0x8000bb4e (0x0000bfe5) c.j     pc - 8
core   0: 3 0x8000bb4e (0xbfe5)
core   0: 0x8000bb46 (0x00004f17) auipc   t5, 0x4
core   0: 3 0x8000bb46 (0x00004f17) x30 0x8000fb46
core   0: 0x8000bb4a (0x4a3f2d23) sw      gp, 1210(t5)
core   0: 3 0x8000bb4a (0x4a3f2d23) mem 0x80010000 0x00000001
core   0: 0x8000bb4e (0x0000bfe5) c.j     pc - 8
core   0: 3 0x8000bb4e (0xbfe5)
core   0: 0x8000bb46 (0x00004f17) auipc   t5, 0x4
core   0: 3 0x8000bb46 (0x00004f17) x30 0x8000fb46
core   0: 0x8000bb4a (0x4a3f2d23) sw      gp, 1210(t5)
core   0: 3 0x8000bb4a (0x4a3f2d23) mem 0x80010000 0x00000001
core   0: 0x8000bb4e (0x0000bfe5) c.j     pc - 8
core   0: 3 0x8000bb4e (0xbfe5)
core   0: 0x8000bb46 (0x00004f17) auipc   t5, 0x4
core   0: 3 0x8000bb46 (0x00004f17) x30 0x8000fb46
core   0: 0x8000bb4a (0x4a3f2d23) sw      gp, 1210(t5)
core   0: 3 0x8000bb4a (0x4a3f2d23) mem 0x80010000 0x00000001
core   0: 0x8000bb4e (0x0000bfe5) c.j     pc - 8
core   0: 3 0x8000bb4e (0xbfe5)
core   0: 0x8000bb46 (0x00004f17) auipc   t5, 0x4
core   0: 3 0x8000bb46 (0x00004f17) x30 0x8000fb46
core   0: 0x8000bb4a (0x4a3f2d23) sw      gp, 1210(t5)
core   0: 3 0x8000bb4a (0x4a3f2d23) mem 0x80010000 0x00000001
core   0: 0x8000bb4e (0x0000bfe5) c.j     pc - 8
core   0: 3 0x8000bb4e (0xbfe5)
core   0: 0x8000bb46 (0x00004f17) auipc   t5, 0x4
core   0: 3 0x8000bb46 (0x00004f17) x30 0x8000fb46
core   0: 0x8000bb4a (0x4a3f2d23) sw      gp, 1210(t5)
core   0: 3 0x8000bb4a (0x4a3f2d23) mem 0x80010000 0x00000001
core   0: 0x8000bb4e (0x0000bfe5) c.j     pc - 8
core   0: 3 0x8000bb4e (0xbfe5)
core   0: 0x8000bb46 (0x00004f17) auipc   t5, 0x4
core   0: 3 0x8000bb46 (0x00004f17) x30 0x8000fb46
core   0: 0x8000bb4a (0x4a3f2d23) sw      gp, 1210(t5)
core   0: 3 0x8000bb4a (0x4a3f2d23) mem 0x80010000 0x00000001
core   0: 0x8000bb4e (0x0000bfe5) c.j     pc - 8
core   0: 3 0x8000bb4e (0xbfe5)
core   0: 0x8000bb46 (0x00004f17) auipc   t5, 0x4
core   0: 3 0x8000bb46 (0x00004f17) x30 0x8000fb46
core   0: 0x8000bb4a (0x4a3f2d23) sw      gp, 1210(t5)
core   0: 3 0x8000bb4a (0x4a3f2d23) mem 0x80010000 0x00000001
core   0: 0x8000bb4e (0x0000bfe5) c.j     pc - 8
core   0: 3 0x8000bb4e (0xbfe5)
core   0: 0x8000bb46 (0x00004f17) auipc   t5, 0x4
core   0: 3 0x8000bb46 (0x00004f17) x30 0x8000fb46
core   0: 0x8000bb4a (0x4a3f2d23) sw      gp, 1210(t5)
core   0: 3 0x8000bb4a (0x4a3f2d23) mem 0x80010000 0x00000001
core   0: 0x8000bb4e (0x0000bfe5) c.j     pc - 8
core   0: 3 0x8000bb4e (0xbfe5)
core   0: 0x8000bb46 (0x00004f17) auipc   t5, 0x4
core   0: 3 0x8000bb46 (0x00004f17) x30 0x8000fb46
core   0: 0x8000bb4a (0x4a3f2d23) sw      gp, 1210(t5)
core   0: 3 0x8000bb4a (0x4a3f2d23) mem 0x80010000 0x00000001
core   0: 0x8000bb4e (0x0000bfe5) c.j     pc - 8
core   0: 3 0x8000bb4e (0xbfe5)
core   0: 0x8000bb46 (0x00004f17) auipc   t5, 0x4
core   0: 3 0x8000bb46 (0x00004f17) x30 0x8000fb46
core   0: 0x8000bb4a (0x4a3f2d23) sw      gp, 1210(t5)
core   0: 3 0x8000bb4a (0x4a3f2d23) mem 0x80010000 0x00000001
core   0: 0x8000bb4e (0x0000bfe5) c.j     pc - 8
core   0: 3 0x8000bb4e (0xbfe5)
core   0: 0x8000bb46 (0x00004f17) auipc   t5, 0x4
core   0: 3 0x8000bb46 (0x00004f17) x30 0x8000fb46
core   0: 0x8000bb4a (0x4a3f2d23) sw      gp, 1210(t5)
core   0: 3 0x8000bb4a (0x4a3f2d23) mem 0x80010000 0x00000001
core   0: 0x8000bb4e (0x0000bfe5) c.j     pc - 8
core   0: 3 0x8000bb4e (0xbfe5)
core   0: 0x8000bb46 (0x00004f17) auipc   t5, 0x4
core   0: 3 0x8000bb46 (0x00004f17) x30 0x8000fb46
core   0: 0x8000bb4a (0x4a3f2d23) sw      gp, 1210(t5)
core   0: 3 0x8000bb4a (0x4a3f2d23) mem 0x80010000 0x00000001
core   0: 0x8000bb4e (0x0000bfe5) c.j     pc - 8
core   0: 3 0x8000bb4e (0xbfe5)
core   0: 0x8000bb46 (0x00004f17) auipc   t5, 0x4
core   0: 3 0x8000bb46 (0x00004f17) x30 0x8000fb46
core   0: 0x8000bb4a (0x4a3f2d23) sw      gp, 1210(t5)
core   0: 3 0x8000bb4a (0x4a3f2d23) mem 0x80010000 0x00000001
core   0: 0x8000bb4e (0x0000bfe5) c.j     pc - 8
core   0: 3 0x8000bb4e (0xbfe5)
core   0: 0x8000bb46 (0x00004f17) auipc   t5, 0x4
core   0: 3 0x8000bb46 (0x00004f17) x30 0x8000fb46
core   0: 0x8000bb4a (0x4a3f2d23) sw      gp, 1210(t5)
core   0: 3 0x8000bb4a (0x4a3f2d23) mem 0x80010000 0x00000001
core   0: 0x8000bb4e (0x0000bfe5) c.j     pc - 8
core   0: 3 0x8000bb4e (0xbfe5)
core   0: 0x8000bb46 (0x00004f17) auipc   t5, 0x4
core   0: 3 0x8000bb46 (0x00004f17) x30 0x8000fb46
core   0: 0x8000bb4a (0x4a3f2d23) sw      gp, 1210(t5)
core   0: 3 0x8000bb4a (0x4a3f2d23) mem 0x80010000 0x00000001
core   0: 0x8000bb4e (0x0000bfe5) c.j     pc - 8
core   0: 3 0x8000bb4e (0xbfe5)
core   0: 0x8000bb46 (0x00004f17) auipc   t5, 0x4
core   0: 3 0x8000bb46 (0x00004f17) x30 0x8000fb46
core   0: 0x8000bb4a (0x4a3f2d23) sw      gp, 1210(t5)
core   0: 3 0x8000bb4a (0x4a3f2d23) mem 0x80010000 0x00000001
core   0: 0x8000bb4e (0x0000bfe5) c.j     pc - 8
core   0: 3 0x8000bb4e (0xbfe5)
core   0: 0x8000bb46 (0x00004f17) auipc   t5, 0x4
core   0: 3 0x8000bb46 (0x00004f17) x30 0x8000fb46
core   0: 0x8000bb4a (0x4a3f2d23) sw      gp, 1210(t5)
core   0: 3 0x8000bb4a (0x4a3f2d23) mem 0x80010000 0x00000001
core   0: 0x8000bb4e (0x0000bfe5) c.j     pc - 8
core   0: 3 0x8000bb4e (0xbfe5)
core   0: 0x8000bb46 (0x00004f17) auipc   t5, 0x4
core   0: 3 0x8000bb46 (0x00004f17) x30 0x8000fb46
core   0: 0x8000bb4a (0x4a3f2d23) sw      gp, 1210(t5)
core   0: 3 0x8000bb4a (0x4a3f2d23) mem 0x80010000 0x00000001
core   0: 0x8000bb4e (0x0000bfe5) c.j     pc - 8
core   0: 3 0x8000bb4e (0xbfe5)
core   0: 0x8000bb46 (0x00004f17) auipc   t5, 0x4
core   0: 3 0x8000bb46 (0x00004f17) x30 0x8000fb46
core   0: 0x8000bb4a (0x4a3f2d23) sw      gp, 1210(t5)
core   0: 3 0x8000bb4a (0x4a3f2d23) mem 0x80010000 0x00000001
core   0: 0x8000bb4e (0x0000bfe5) c.j     pc - 8
core   0: 3 0x8000bb4e (0xbfe5)
core   0: 0x8000bb46 (0x00004f17) auipc   t5, 0x4
core   0: 3 0x8000bb46 (0x00004f17) x30 0x8000fb46
core   0: 0x8000bb4a (0x4a3f2d23) sw      gp, 1210(t5)
core   0: 3 0x8000bb4a (0x4a3f2d23) mem 0x80010000 0x00000001
core   0: 0x8000bb4e (0x0000bfe5) c.j     pc - 8
core   0: 3 0x8000bb4e (0xbfe5)
core   0: 0x8000bb46 (0x00004f17) auipc   t5, 0x4
core   0: 3 0x8000bb46 (0x00004f17) x30 0x8000fb46
core   0: 0x8000bb4a (0x4a3f2d23) sw      gp, 1210(t5)
core   0: 3 0x8000bb4a (0x4a3f2d23) mem 0x80010000 0x00000001
core   0: 0x8000bb4e (0x0000bfe5) c.j     pc - 8
core   0: 3 0x8000bb4e (0xbfe5)
core   0: 0x8000bb46 (0x00004f17) auipc   t5, 0x4
core   0: 3 0x8000bb46 (0x00004f17) x30 0x8000fb46
core   0: 0x8000bb4a (0x4a3f2d23) sw      gp, 1210(t5)
core   0: 3 0x8000bb4a (0x4a3f2d23) mem 0x80010000 0x00000001
core   0: 0x8000bb4e (0x0000bfe5) c.j     pc - 8
core   0: 3 0x8000bb4e (0xbfe5)
core   0: 0x8000bb46 (0x00004f17) auipc   t5, 0x4
core   0: 3 0x8000bb46 (0x00004f17) x30 0x8000fb46
core   0: 0x8000bb4a (0x4a3f2d23) sw      gp, 1210(t5)
core   0: 3 0x8000bb4a (0x4a3f2d23) mem 0x80010000 0x00000001
core   0: 0x8000bb4e (0x0000bfe5) c.j     pc - 8
core   0: 3 0x8000bb4e (0xbfe5)
core   0: 0x8000bb46 (0x00004f17) auipc   t5, 0x4
core   0: 3 0x8000bb46 (0x00004f17) x30 0x8000fb46
core   0: 0x8000bb4a (0x4a3f2d23) sw      gp, 1210(t5)
core   0: 3 0x8000bb4a (0x4a3f2d23) mem 0x80010000 0x00000001
core   0: 0x8000bb4e (0x0000bfe5) c.j     pc - 8
core   0: 3 0x8000bb4e (0xbfe5)
core   0: 0x8000bb46 (0x00004f17) auipc   t5, 0x4
core   0: 3 0x8000bb46 (0x00004f17) x30 0x8000fb46
core   0: 0x8000bb4a (0x4a3f2d23) sw      gp, 1210(t5)
core   0: 3 0x8000bb4a (0x4a3f2d23) mem 0x80010000 0x00000001
core   0: 0x8000bb4e (0x0000bfe5) c.j     pc - 8
core   0: 3 0x8000bb4e (0xbfe5)
core   0: 0x8000bb46 (0x00004f17) auipc   t5, 0x4
core   0: 3 0x8000bb46 (0x00004f17) x30 0x8000fb46
core   0: 0x8000bb4a (0x4a3f2d23) sw      gp, 1210(t5)
core   0: 3 0x8000bb4a (0x4a3f2d23) mem 0x80010000 0x00000001
core   0: 0x8000bb4e (0x0000bfe5) c.j     pc - 8
core   0: 3 0x8000bb4e (0xbfe5)
core   0: 0x8000bb46 (0x00004f17) auipc   t5, 0x4
core   0: 3 0x8000bb46 (0x00004f17) x30 0x8000fb46
core   0: 0x8000bb4a (0x4a3f2d23) sw      gp, 1210(t5)
core   0: 3 0x8000bb4a (0x4a3f2d23) mem 0x80010000 0x00000001
core   0: 0x8000bb4e (0x0000bfe5) c.j     pc - 8
core   0: 3 0x8000bb4e (0xbfe5)
core   0: 0x8000bb46 (0x00004f17) auipc   t5, 0x4
core   0: 3 0x8000bb46 (0x00004f17) x30 0x8000fb46
core   0: 0x8000bb4a (0x4a3f2d23) sw      gp, 1210(t5)
core   0: 3 0x8000bb4a (0x4a3f2d23) mem 0x80010000 0x00000001
core   0: 0x8000bb4e (0x0000bfe5) c.j     pc - 8
core   0: 3 0x8000bb4e (0xbfe5)
core   0: 0x8000bb46 (0x00004f17) auipc   t5, 0x4
core   0: 3 0x8000bb46 (0x00004f17) x30 0x8000fb46
core   0: 0x8000bb4a (0x4a3f2d23) sw      gp, 1210(t5)
core   0: 3 0x8000bb4a (0x4a3f2d23) mem 0x80010000 0x00000001
core   0: 0x8000bb4e (0x0000bfe5) c.j     pc - 8
core   0: 3 0x8000bb4e (0xbfe5)
core   0: 0x8000bb46 (0x00004f17) auipc   t5, 0x4
core   0: 3 0x8000bb46 (0x00004f17) x30 0x8000fb46
core   0: 0x8000bb4a (0x4a3f2d23) sw      gp, 1210(t5)
core   0: 3 0x8000bb4a (0x4a3f2d23) mem 0x80010000 0x00000001
core   0: 0x8000bb4e (0x0000bfe5) c.j     pc - 8
core   0: 3 0x8000bb4e (0xbfe5)
core   0: 0x8000bb46 (0x00004f17) auipc   t5, 0x4
core   0: 3 0x8000bb46 (0x00004f17) x30 0x8000fb46
core   0: 0x8000bb4a (0x4a3f2d23) sw      gp, 1210(t5)
core   0: 3 0x8000bb4a (0x4a3f2d23) mem 0x80010000 0x00000001
core   0: 0x8000bb4e (0x0000bfe5) c.j     pc - 8
core   0: 3 0x8000bb4e (0xbfe5)
core   0: 0x8000bb46 (0x00004f17) auipc   t5, 0x4
core   0: 3 0x8000bb46 (0x00004f17) x30 0x8000fb46
core   0: 0x8000bb4a (0x4a3f2d23) sw      gp, 1210(t5)
core   0: 3 0x8000bb4a (0x4a3f2d23) mem 0x80010000 0x00000001
core   0: 0x8000bb4e (0x0000bfe5) c.j     pc - 8
core   0: 3 0x8000bb4e (0xbfe5)
core   0: 0x8000bb46 (0x00004f17) auipc   t5, 0x4
core   0: 3 0x8000bb46 (0x00004f17) x30 0x8000fb46
core   0: 0x8000bb4a (0x4a3f2d23) sw      gp, 1210(t5)
core   0: 3 0x8000bb4a (0x4a3f2d23) mem 0x80010000 0x00000001
core   0: 0x8000bb4e (0x0000bfe5) c.j     pc - 8
core   0: 3 0x8000bb4e (0xbfe5)
core   0: 0x8000bb46 (0x00004f17) auipc   t5, 0x4
core   0: 3 0x8000bb46 (0x00004f17) x30 0x8000fb46
core   0: 0x8000bb4a (0x4a3f2d23) sw      gp, 1210(t5)
core   0: 3 0x8000bb4a (0x4a3f2d23) mem 0x80010000 0x00000001
core   0: 0x8000bb4e (0x0000bfe5) c.j     pc - 8
core   0: 3 0x8000bb4e (0xbfe5)
core   0: 0x8000bb46 (0x00004f17) auipc   t5, 0x4
core   0: 3 0x8000bb46 (0x00004f17) x30 0x8000fb46
core   0: 0x8000bb4a (0x4a3f2d23) sw      gp, 1210(t5)
core   0: 3 0x8000bb4a (0x4a3f2d23) mem 0x80010000 0x00000001
core   0: 0x8000bb4e (0x0000bfe5) c.j     pc - 8
core   0: 3 0x8000bb4e (0xbfe5)
core   0: 0x8000bb46 (0x00004f17) auipc   t5, 0x4
core   0: 3 0x8000bb46 (0x00004f17) x30 0x8000fb46
core   0: 0x8000bb4a (0x4a3f2d23) sw      gp, 1210(t5)
core   0: 3 0x8000bb4a (0x4a3f2d23) mem 0x80010000 0x00000001
core   0: 0x8000bb4e (0x0000bfe5) c.j     pc - 8
core   0: 3 0x8000bb4e (0xbfe5)
core   0: 0x8000bb46 (0x00004f17) auipc   t5, 0x4
core   0: 3 0x8000bb46 (0x00004f17) x30 0x8000fb46
core   0: 0x8000bb4a (0x4a3f2d23) sw      gp, 1210(t5)
core   0: 3 0x8000bb4a (0x4a3f2d23) mem 0x80010000 0x00000001
core   0: 0x8000bb4e (0x0000bfe5) c.j     pc - 8
core   0: 3 0x8000bb4e (0xbfe5)
core   0: 0x8000bb46 (0x00004f17) auipc   t5, 0x4
core   0: 3 0x8000bb46 (0x00004f17) x30 0x8000fb46
core   0: 0x8000bb4a (0x4a3f2d23) sw      gp, 1210(t5)
core   0: 3 0x8000bb4a (0x4a3f2d23) mem 0x80010000 0x00000001
core   0: 0x8000bb4e (0x0000bfe5) c.j     pc - 8
core   0: 3 0x8000bb4e (0xbfe5)
core   0: 0x8000bb46 (0x00004f17) auipc   t5, 0x4
core   0: 3 0x8000bb46 (0x00004f17) x30 0x8000fb46
core   0: 0x8000bb4a (0x4a3f2d23) sw      gp, 1210(t5)
core   0: 3 0x8000bb4a (0x4a3f2d23) mem 0x80010000 0x00000001
core   0: 0x8000bb4e (0x0000bfe5) c.j     pc - 8
core   0: 3 0x8000bb4e (0xbfe5)
core   0: 0x8000bb46 (0x00004f17) auipc   t5, 0x4
core   0: 3 0x8000bb46 (0x00004f17) x30 0x8000fb46
core   0: 0x8000bb4a (0x4a3f2d23) sw      gp, 1210(t5)
core   0: 3 0x8000bb4a (0x4a3f2d23) mem 0x80010000 0x00000001
core   0: 0x8000bb4e (0x0000bfe5) c.j     pc - 8
core   0: 3 0x8000bb4e (0xbfe5)
core   0: 0x8000bb46 (0x00004f17) auipc   t5, 0x4
core   0: 3 0x8000bb46 (0x00004f17) x30 0x8000fb46
core   0: 0x8000bb4a (0x4a3f2d23) sw      gp, 1210(t5)
core   0: 3 0x8000bb4a (0x4a3f2d23) mem 0x80010000 0x00000001
core   0: 0x8000bb4e (0x0000bfe5) c.j     pc - 8
core   0: 3 0x8000bb4e (0xbfe5)
core   0: 0x8000bb46 (0x00004f17) auipc   t5, 0x4
core   0: 3 0x8000bb46 (0x00004f17) x30 0x8000fb46
core   0: 0x8000bb4a (0x4a3f2d23) sw      gp, 1210(t5)
core   0: 3 0x8000bb4a (0x4a3f2d23) mem 0x80010000 0x00000001
core   0: 0x8000bb4e (0x0000bfe5) c.j     pc - 8
core   0: 3 0x8000bb4e (0xbfe5)
core   0: 0x8000bb46 (0x00004f17) auipc   t5, 0x4
core   0: 3 0x8000bb46 (0x00004f17) x30 0x8000fb46
core   0: 0x8000bb4a (0x4a3f2d23) sw      gp, 1210(t5)
core   0: 3 0x8000bb4a (0x4a3f2d23) mem 0x80010000 0x00000001
core   0: 0x8000bb4e (0x0000bfe5) c.j     pc - 8
core   0: 3 0x8000bb4e (0xbfe5)
core   0: 0x8000bb46 (0x00004f17) auipc   t5, 0x4
core   0: 3 0x8000bb46 (0x00004f17) x30 0x8000fb46
core   0: 0x8000bb4a (0x4a3f2d23) sw      gp, 1210(t5)
core   0: 3 0x8000bb4a (0x4a3f2d23) mem 0x80010000 0x00000001
core   0: 0x8000bb4e (0x0000bfe5) c.j     pc - 8
core   0: 3 0x8000bb4e (0xbfe5)
core   0: 0x8000bb46 (0x00004f17) auipc   t5, 0x4
core   0: 3 0x8000bb46 (0x00004f17) x30 0x8000fb46
core   0: 0x8000bb4a (0x4a3f2d23) sw      gp, 1210(t5)
core   0: 3 0x8000bb4a (0x4a3f2d23) mem 0x80010000 0x00000001
core   0: 0x8000bb4e (0x0000bfe5) c.j     pc - 8
core   0: 3 0x8000bb4e (0xbfe5)
core   0: 0x8000bb46 (0x00004f17) auipc   t5, 0x4
core   0: 3 0x8000bb46 (0x00004f17) x30 0x8000fb46
core   0: 0x8000bb4a (0x4a3f2d23) sw      gp, 1210(t5)
core   0: 3 0x8000bb4a (0x4a3f2d23) mem 0x80010000 0x00000001
core   0: 0x8000bb4e (0x0000bfe5) c.j     pc - 8
core   0: 3 0x8000bb4e (0xbfe5)
core   0: 0x8000bb46 (0x00004f17) auipc   t5, 0x4
core   0: 3 0x8000bb46 (0x00004f17) x30 0x8000fb46
core   0: 0x8000bb4a (0x4a3f2d23) sw      gp, 1210(t5)
core   0: 3 0x8000bb4a (0x4a3f2d23) mem 0x80010000 0x00000001
core   0: 0x8000bb4e (0x0000bfe5) c.j     pc - 8
core   0: 3 0x8000bb4e (0xbfe5)
core   0: 0x8000bb46 (0x00004f17) auipc   t5, 0x4
core   0: 3 0x8000bb46 (0x00004f17) x30 0x8000fb46
core   0: 0x8000bb4a (0x4a3f2d23) sw      gp, 1210(t5)
core   0: 3 0x8000bb4a (0x4a3f2d23) mem 0x80010000 0x00000001
core   0: 0x8000bb4e (0x0000bfe5) c.j     pc - 8
core   0: 3 0x8000bb4e (0xbfe5)
core   0: 0x8000bb46 (0x00004f17) auipc   t5, 0x4
core   0: 3 0x8000bb46 (0x00004f17) x30 0x8000fb46
core   0: 0x8000bb4a (0x4a3f2d23) sw      gp, 1210(t5)
core   0: 3 0x8000bb4a (0x4a3f2d23) mem 0x80010000 0x00000001
core   0: 0x8000bb4e (0x0000bfe5) c.j     pc - 8
core   0: 3 0x8000bb4e (0xbfe5)
core   0: 0x8000bb46 (0x00004f17) auipc   t5, 0x4
core   0: 3 0x8000bb46 (0x00004f17) x30 0x8000fb46
core   0: 0x8000bb4a (0x4a3f2d23) sw      gp, 1210(t5)
core   0: 3 0x8000bb4a (0x4a3f2d23) mem 0x80010000 0x00000001
core   0: 0x8000bb4e (0x0000bfe5) c.j     pc - 8
core   0: 3 0x8000bb4e (0xbfe5)
core   0: 0x8000bb46 (0x00004f17) auipc   t5, 0x4
core   0: 3 0x8000bb46 (0x00004f17) x30 0x8000fb46
core   0: 0x8000bb4a (0x4a3f2d23) sw      gp, 1210(t5)
core   0: 3 0x8000bb4a (0x4a3f2d23) mem 0x80010000 0x00000001
core   0: 0x8000bb4e (0x0000bfe5) c.j     pc - 8
core   0: 3 0x8000bb4e (0xbfe5)
core   0: 0x8000bb46 (0x00004f17) auipc   t5, 0x4
core   0: 3 0x8000bb46 (0x00004f17) x30 0x8000fb46
core   0: 0x8000bb4a (0x4a3f2d23) sw      gp, 1210(t5)
core   0: 3 0x8000bb4a (0x4a3f2d23) mem 0x80010000 0x00000001
core   0: 0x8000bb4e (0x0000bfe5) c.j     pc - 8
core   0: 3 0x8000bb4e (0xbfe5)
core   0: 0x8000bb46 (0x00004f17) auipc   t5, 0x4
core   0: 3 0x8000bb46 (0x00004f17) x30 0x8000fb46
core   0: 0x8000bb4a (0x4a3f2d23) sw      gp, 1210(t5)
core   0: 3 0x8000bb4a (0x4a3f2d23) mem 0x80010000 0x00000001
core   0: 0x8000bb4e (0x0000bfe5) c.j     pc - 8
core   0: 3 0x8000bb4e (0xbfe5)
core   0: 0x8000bb46 (0x00004f17) auipc   t5, 0x4
core   0: 3 0x8000bb46 (0x00004f17) x30 0x8000fb46
core   0: 0x8000bb4a (0x4a3f2d23) sw      gp, 1210(t5)
core   0: 3 0x8000bb4a (0x4a3f2d23) mem 0x80010000 0x00000001
core   0: 0x8000bb4e (0x0000bfe5) c.j     pc - 8
core   0: 3 0x8000bb4e (0xbfe5)
core   0: 0x8000bb46 (0x00004f17) auipc   t5, 0x4
core   0: 3 0x8000bb46 (0x00004f17) x30 0x8000fb46
core   0: 0x8000bb4a (0x4a3f2d23) sw      gp, 1210(t5)
core   0: 3 0x8000bb4a (0x4a3f2d23) mem 0x80010000 0x00000001
core   0: 0x8000bb4e (0x0000bfe5) c.j     pc - 8
core   0: 3 0x8000bb4e (0xbfe5)
core   0: 0x8000bb46 (0x00004f17) auipc   t5, 0x4
core   0: 3 0x8000bb46 (0x00004f17) x30 0x8000fb46
core   0: 0x8000bb4a (0x4a3f2d23) sw      gp, 1210(t5)
core   0: 3 0x8000bb4a (0x4a3f2d23) mem 0x80010000 0x00000001
core   0: 0x8000bb4e (0x0000bfe5) c.j     pc - 8
core   0: 3 0x8000bb4e (0xbfe5)
core   0: 0x8000bb46 (0x00004f17) auipc   t5, 0x4
core   0: 3 0x8000bb46 (0x00004f17) x30 0x8000fb46
core   0: 0x8000bb4a (0x4a3f2d23) sw      gp, 1210(t5)
core   0: 3 0x8000bb4a (0x4a3f2d23) mem 0x80010000 0x00000001
core   0: 0x8000bb4e (0x0000bfe5) c.j     pc - 8
core   0: 3 0x8000bb4e (0xbfe5)
core   0: 0x8000bb46 (0x00004f17) auipc   t5, 0x4
core   0: 3 0x8000bb46 (0x00004f17) x30 0x8000fb46
core   0: 0x8000bb4a (0x4a3f2d23) sw      gp, 1210(t5)
core   0: 3 0x8000bb4a (0x4a3f2d23) mem 0x80010000 0x00000001
core   0: 0x8000bb4e (0x0000bfe5) c.j     pc - 8
core   0: 3 0x8000bb4e (0xbfe5)
core   0: 0x8000bb46 (0x00004f17) auipc   t5, 0x4
core   0: 3 0x8000bb46 (0x00004f17) x30 0x8000fb46
core   0: 0x8000bb4a (0x4a3f2d23) sw      gp, 1210(t5)
core   0: 3 0x8000bb4a (0x4a3f2d23) mem 0x80010000 0x00000001
core   0: 0x8000bb4e (0x0000bfe5) c.j     pc - 8
core   0: 3 0x8000bb4e (0xbfe5)
core   0: 0x8000bb46 (0x00004f17) auipc   t5, 0x4
core   0: 3 0x8000bb46 (0x00004f17) x30 0x8000fb46
core   0: 0x8000bb4a (0x4a3f2d23) sw      gp, 1210(t5)
core   0: 3 0x8000bb4a (0x4a3f2d23) mem 0x80010000 0x00000001
core   0: 0x8000bb4e (0x0000bfe5) c.j     pc - 8
core   0: 3 0x8000bb4e (0xbfe5)
core   0: 0x8000bb46 (0x00004f17) auipc   t5, 0x4
core   0: 3 0x8000bb46 (0x00004f17) x30 0x8000fb46
core   0: 0x8000bb4a (0x4a3f2d23) sw      gp, 1210(t5)
core   0: 3 0x8000bb4a (0x4a3f2d23) mem 0x80010000 0x00000001
core   0: 0x8000bb4e (0x0000bfe5) c.j     pc - 8
core   0: 3 0x8000bb4e (0xbfe5)
core   0: 0x8000bb46 (0x00004f17) auipc   t5, 0x4
core   0: 3 0x8000bb46 (0x00004f17) x30 0x8000fb46
core   0: 0x8000bb4a (0x4a3f2d23) sw      gp, 1210(t5)
core   0: 3 0x8000bb4a (0x4a3f2d23) mem 0x80010000 0x00000001
core   0: 0x8000bb4e (0x0000bfe5) c.j     pc - 8
core   0: 3 0x8000bb4e (0xbfe5)
core   0: 0x8000bb46 (0x00004f17) auipc   t5, 0x4
core   0: 3 0x8000bb46 (0x00004f17) x30 0x8000fb46
core   0: 0x8000bb4a (0x4a3f2d23) sw      gp, 1210(t5)
core   0: 3 0x8000bb4a (0x4a3f2d23) mem 0x80010000 0x00000001
core   0: 0x8000bb4e (0x0000bfe5) c.j     pc - 8
core   0: 3 0x8000bb4e (0xbfe5)
core   0: 0x8000bb46 (0x00004f17) auipc   t5, 0x4
core   0: 3 0x8000bb46 (0x00004f17) x30 0x8000fb46
core   0: 0x8000bb4a (0x4a3f2d23) sw      gp, 1210(t5)
core   0: 3 0x8000bb4a (0x4a3f2d23) mem 0x80010000 0x00000001
core   0: 0x8000bb4e (0x0000bfe5) c.j     pc - 8
core   0: 3 0x8000bb4e (0xbfe5)
core   0: 0x8000bb46 (0x00004f17) auipc   t5, 0x4
core   0: 3 0x8000bb46 (0x00004f17) x30 0x8000fb46
core   0: 0x8000bb4a (0x4a3f2d23) sw      gp, 1210(t5)
core   0: 3 0x8000bb4a (0x4a3f2d23) mem 0x80010000 0x00000001
core   0: 0x8000bb4e (0x0000bfe5) c.j     pc - 8
core   0: 3 0x8000bb4e (0xbfe5)
core   0: 0x8000bb46 (0x00004f17) auipc   t5, 0x4
core   0: 3 0x8000bb46 (0x00004f17) x30 0x8000fb46
core   0: 0x8000bb4a (0x4a3f2d23) sw      gp, 1210(t5)
core   0: 3 0x8000bb4a (0x4a3f2d23) mem 0x80010000 0x00000001
core   0: 0x8000bb4e (0x0000bfe5) c.j     pc - 8
core   0: 3 0x8000bb4e (0xbfe5)
core   0: 0x8000bb46 (0x00004f17) auipc   t5, 0x4
core   0: 3 0x8000bb46 (0x00004f17) x30 0x8000fb46
core   0: 0x8000bb4a (0x4a3f2d23) sw      gp, 1210(t5)
core   0: 3 0x8000bb4a (0x4a3f2d23) mem 0x80010000 0x00000001
core   0: 0x8000bb4e (0x0000bfe5) c.j     pc - 8
core   0: 3 0x8000bb4e (0xbfe5)
core   0: 0x8000bb46 (0x00004f17) auipc   t5, 0x4
core   0: 3 0x8000bb46 (0x00004f17) x30 0x8000fb46
core   0: 0x8000bb4a (0x4a3f2d23) sw      gp, 1210(t5)
core   0: 3 0x8000bb4a (0x4a3f2d23) mem 0x80010000 0x00000001
core   0: 0x8000bb4e (0x0000bfe5) c.j     pc - 8
core   0: 3 0x8000bb4e (0xbfe5)
core   0: 0x8000bb46 (0x00004f17) auipc   t5, 0x4
core   0: 3 0x8000bb46 (0x00004f17) x30 0x8000fb46
core   0: 0x8000bb4a (0x4a3f2d23) sw      gp, 1210(t5)
core   0: 3 0x8000bb4a (0x4a3f2d23) mem 0x80010000 0x00000001
core   0: 0x8000bb4e (0x0000bfe5) c.j     pc - 8
core   0: 3 0x8000bb4e (0xbfe5)
core   0: 0x8000bb46 (0x00004f17) auipc   t5, 0x4
core   0: 3 0x8000bb46 (0x00004f17) x30 0x8000fb46
core   0: 0x8000bb4a (0x4a3f2d23) sw      gp, 1210(t5)
core   0: 3 0x8000bb4a (0x4a3f2d23) mem 0x80010000 0x00000001
core   0: 0x8000bb4e (0x0000bfe5) c.j     pc - 8
core   0: 3 0x8000bb4e (0xbfe5)
core   0: 0x8000bb46 (0x00004f17) auipc   t5, 0x4
core   0: 3 0x8000bb46 (0x00004f17) x30 0x8000fb46
core   0: 0x8000bb4a (0x4a3f2d23) sw      gp, 1210(t5)
core   0: 3 0x8000bb4a (0x4a3f2d23) mem 0x80010000 0x00000001
core   0: 0x8000bb4e (0x0000bfe5) c.j     pc - 8
core   0: 3 0x8000bb4e (0xbfe5)
core   0: 0x8000bb46 (0x00004f17) auipc   t5, 0x4
core   0: 3 0x8000bb46 (0x00004f17) x30 0x8000fb46
core   0: 0x8000bb4a (0x4a3f2d23) sw      gp, 1210(t5)
core   0: 3 0x8000bb4a (0x4a3f2d23) mem 0x80010000 0x00000001
core   0: 0x8000bb4e (0x0000bfe5) c.j     pc - 8
core   0: 3 0x8000bb4e (0xbfe5)
core   0: 0x8000bb46 (0x00004f17) auipc   t5, 0x4
core   0: 3 0x8000bb46 (0x00004f17) x30 0x8000fb46
core   0: 0x8000bb4a (0x4a3f2d23) sw      gp, 1210(t5)
core   0: 3 0x8000bb4a (0x4a3f2d23) mem 0x80010000 0x00000001
core   0: 0x8000bb4e (0x0000bfe5) c.j     pc - 8
core   0: 3 0x8000bb4e (0xbfe5)
core   0: 0x8000bb46 (0x00004f17) auipc   t5, 0x4
core   0: 3 0x8000bb46 (0x00004f17) x30 0x8000fb46
core   0: 0x8000bb4a (0x4a3f2d23) sw      gp, 1210(t5)
core   0: 3 0x8000bb4a (0x4a3f2d23) mem 0x80010000 0x00000001
core   0: 0x8000bb4e (0x0000bfe5) c.j     pc - 8
core   0: 3 0x8000bb4e (0xbfe5)
core   0: 0x8000bb46 (0x00004f17) auipc   t5, 0x4
core   0: 3 0x8000bb46 (0x00004f17) x30 0x8000fb46
core   0: 0x8000bb4a (0x4a3f2d23) sw      gp, 1210(t5)
core   0: 3 0x8000bb4a (0x4a3f2d23) mem 0x80010000 0x00000001
core   0: 0x8000bb4e (0x0000bfe5) c.j     pc - 8
core   0: 3 0x8000bb4e (0xbfe5)
core   0: 0x8000bb46 (0x00004f17) auipc   t5, 0x4
core   0: 3 0x8000bb46 (0x00004f17) x30 0x8000fb46
core   0: 0x8000bb4a (0x4a3f2d23) sw      gp, 1210(t5)
core   0: 3 0x8000bb4a (0x4a3f2d23) mem 0x80010000 0x00000001
core   0: 0x8000bb4e (0x0000bfe5) c.j     pc - 8
core   0: 3 0x8000bb4e (0xbfe5)
core   0: 0x8000bb46 (0x00004f17) auipc   t5, 0x4
core   0: 3 0x8000bb46 (0x00004f17) x30 0x8000fb46
core   0: 0x8000bb4a (0x4a3f2d23) sw      gp, 1210(t5)
core   0: 3 0x8000bb4a (0x4a3f2d23) mem 0x80010000 0x00000001
core   0: 0x8000bb4e (0x0000bfe5) c.j     pc - 8
core   0: 3 0x8000bb4e (0xbfe5)
core   0: 0x8000bb46 (0x00004f17) auipc   t5, 0x4
core   0: 3 0x8000bb46 (0x00004f17) x30 0x8000fb46
core   0: 0x8000bb4a (0x4a3f2d23) sw      gp, 1210(t5)
core   0: 3 0x8000bb4a (0x4a3f2d23) mem 0x80010000 0x00000001
core   0: 0x8000bb4e (0x0000bfe5) c.j     pc - 8
core   0: 3 0x8000bb4e (0xbfe5)
core   0: 0x8000bb46 (0x00004f17) auipc   t5, 0x4
core   0: 3 0x8000bb46 (0x00004f17) x30 0x8000fb46
core   0: 0x8000bb4a (0x4a3f2d23) sw      gp, 1210(t5)
core   0: 3 0x8000bb4a (0x4a3f2d23) mem 0x80010000 0x00000001
core   0: 0x8000bb4e (0x0000bfe5) c.j     pc - 8
core   0: 3 0x8000bb4e (0xbfe5)
core   0: 0x8000bb46 (0x00004f17) auipc   t5, 0x4
core   0: 3 0x8000bb46 (0x00004f17) x30 0x8000fb46
core   0: 0x8000bb4a (0x4a3f2d23) sw      gp, 1210(t5)
core   0: 3 0x8000bb4a (0x4a3f2d23) mem 0x80010000 0x00000001
core   0: 0x8000bb4e (0x0000bfe5) c.j     pc - 8
core   0: 3 0x8000bb4e (0xbfe5)
core   0: 0x8000bb46 (0x00004f17) auipc   t5, 0x4
core   0: 3 0x8000bb46 (0x00004f17) x30 0x8000fb46
core   0: 0x8000bb4a (0x4a3f2d23) sw      gp, 1210(t5)
core   0: 3 0x8000bb4a (0x4a3f2d23) mem 0x80010000 0x00000001
core   0: 0x8000bb4e (0x0000bfe5) c.j     pc - 8
core   0: 3 0x8000bb4e (0xbfe5)
core   0: 0x8000bb46 (0x00004f17) auipc   t5, 0x4
core   0: 3 0x8000bb46 (0x00004f17) x30 0x8000fb46
core   0: 0x8000bb4a (0x4a3f2d23) sw      gp, 1210(t5)
core   0: 3 0x8000bb4a (0x4a3f2d23) mem 0x80010000 0x00000001
core   0: 0x8000bb4e (0x0000bfe5) c.j     pc - 8
core   0: 3 0x8000bb4e (0xbfe5)
core   0: 0x8000bb46 (0x00004f17) auipc   t5, 0x4
core   0: 3 0x8000bb46 (0x00004f17) x30 0x8000fb46
core   0: 0x8000bb4a (0x4a3f2d23) sw      gp, 1210(t5)
core   0: 3 0x8000bb4a (0x4a3f2d23) mem 0x80010000 0x00000001
core   0: 0x8000bb4e (0x0000bfe5) c.j     pc - 8
core   0: 3 0x8000bb4e (0xbfe5)
core   0: 0x8000bb46 (0x00004f17) auipc   t5, 0x4
core   0: 3 0x8000bb46 (0x00004f17) x30 0x8000fb46
core   0: 0x8000bb4a (0x4a3f2d23) sw      gp, 1210(t5)
core   0: 3 0x8000bb4a (0x4a3f2d23) mem 0x80010000 0x00000001
core   0: 0x8000bb4e (0x0000bfe5) c.j     pc - 8
core   0: 3 0x8000bb4e (0xbfe5)
core   0: 0x8000bb46 (0x00004f17) auipc   t5, 0x4
core   0: 3 0x8000bb46 (0x00004f17) x30 0x8000fb46
core   0: 0x8000bb4a (0x4a3f2d23) sw      gp, 1210(t5)
core   0: 3 0x8000bb4a (0x4a3f2d23) mem 0x80010000 0x00000001
core   0: 0x8000bb4e (0x0000bfe5) c.j     pc - 8
core   0: 3 0x8000bb4e (0xbfe5)
core   0: 0x8000bb46 (0x00004f17) auipc   t5, 0x4
core   0: 3 0x8000bb46 (0x00004f17) x30 0x8000fb46
core   0: 0x8000bb4a (0x4a3f2d23) sw      gp, 1210(t5)
core   0: 3 0x8000bb4a (0x4a3f2d23) mem 0x80010000 0x00000001
core   0: 0x8000bb4e (0x0000bfe5) c.j     pc - 8
core   0: 3 0x8000bb4e (0xbfe5)
core   0: 0x8000bb46 (0x00004f17) auipc   t5, 0x4
core   0: 3 0x8000bb46 (0x00004f17) x30 0x8000fb46
core   0: 0x8000bb4a (0x4a3f2d23) sw      gp, 1210(t5)
core   0: 3 0x8000bb4a (0x4a3f2d23) mem 0x80010000 0x00000001
core   0: 0x8000bb4e (0x0000bfe5) c.j     pc - 8
core   0: 3 0x8000bb4e (0xbfe5)
core   0: 0x8000bb46 (0x00004f17) auipc   t5, 0x4
core   0: 3 0x8000bb46 (0x00004f17) x30 0x8000fb46
core   0: 0x8000bb4a (0x4a3f2d23) sw      gp, 1210(t5)
core   0: 3 0x8000bb4a (0x4a3f2d23) mem 0x80010000 0x00000001
core   0: 0x8000bb4e (0x0000bfe5) c.j     pc - 8
core   0: 3 0x8000bb4e (0xbfe5)
core   0: 0x8000bb46 (0x00004f17) auipc   t5, 0x4
core   0: 3 0x8000bb46 (0x00004f17) x30 0x8000fb46
core   0: 0x8000bb4a (0x4a3f2d23) sw      gp, 1210(t5)
core   0: 3 0x8000bb4a (0x4a3f2d23) mem 0x80010000 0x00000001
core   0: 0x8000bb4e (0x0000bfe5) c.j     pc - 8
core   0: 3 0x8000bb4e (0xbfe5)
core   0: 0x8000bb46 (0x00004f17) auipc   t5, 0x4
core   0: 3 0x8000bb46 (0x00004f17) x30 0x8000fb46
core   0: 0x8000bb4a (0x4a3f2d23) sw      gp, 1210(t5)
core   0: 3 0x8000bb4a (0x4a3f2d23) mem 0x80010000 0x00000001
core   0: 0x8000bb4e (0x0000bfe5) c.j     pc - 8
core   0: 3 0x8000bb4e (0xbfe5)
core   0: 0x8000bb46 (0x00004f17) auipc   t5, 0x4
core   0: 3 0x8000bb46 (0x00004f17) x30 0x8000fb46
core   0: 0x8000bb4a (0x4a3f2d23) sw      gp, 1210(t5)
core   0: 3 0x8000bb4a (0x4a3f2d23) mem 0x80010000 0x00000001
core   0: 0x8000bb4e (0x0000bfe5) c.j     pc - 8
core   0: 3 0x8000bb4e (0xbfe5)
core   0: 0x8000bb46 (0x00004f17) auipc   t5, 0x4
core   0: 3 0x8000bb46 (0x00004f17) x30 0x8000fb46
core   0: 0x8000bb4a (0x4a3f2d23) sw      gp, 1210(t5)
core   0: 3 0x8000bb4a (0x4a3f2d23) mem 0x80010000 0x00000001
core   0: 0x8000bb4e (0x0000bfe5) c.j     pc - 8
core   0: 3 0x8000bb4e (0xbfe5)
core   0: 0x8000bb46 (0x00004f17) auipc   t5, 0x4
core   0: 3 0x8000bb46 (0x00004f17) x30 0x8000fb46
core   0: 0x8000bb4a (0x4a3f2d23) sw      gp, 1210(t5)
core   0: 3 0x8000bb4a (0x4a3f2d23) mem 0x80010000 0x00000001
core   0: 0x8000bb4e (0x0000bfe5) c.j     pc - 8
core   0: 3 0x8000bb4e (0xbfe5)
core   0: 0x8000bb46 (0x00004f17) auipc   t5, 0x4
core   0: 3 0x8000bb46 (0x00004f17) x30 0x8000fb46
core   0: 0x8000bb4a (0x4a3f2d23) sw      gp, 1210(t5)
core   0: 3 0x8000bb4a (0x4a3f2d23) mem 0x80010000 0x00000001
core   0: 0x8000bb4e (0x0000bfe5) c.j     pc - 8
core   0: 3 0x8000bb4e (0xbfe5)
core   0: 0x8000bb46 (0x00004f17) auipc   t5, 0x4
core   0: 3 0x8000bb46 (0x00004f17) x30 0x8000fb46
core   0: 0x8000bb4a (0x4a3f2d23) sw      gp, 1210(t5)
core   0: 3 0x8000bb4a (0x4a3f2d23) mem 0x80010000 0x00000001
core   0: 0x8000bb4e (0x0000bfe5) c.j     pc - 8
core   0: 3 0x8000bb4e (0xbfe5)
core   0: 0x8000bb46 (0x00004f17) auipc   t5, 0x4
core   0: 3 0x8000bb46 (0x00004f17) x30 0x8000fb46
core   0: 0x8000bb4a (0x4a3f2d23) sw      gp, 1210(t5)
core   0: 3 0x8000bb4a (0x4a3f2d23) mem 0x80010000 0x00000001
core   0: 0x8000bb4e (0x0000bfe5) c.j     pc - 8
core   0: 3 0x8000bb4e (0xbfe5)
core   0: 0x8000bb46 (0x00004f17) auipc   t5, 0x4
core   0: 3 0x8000bb46 (0x00004f17) x30 0x8000fb46
core   0: 0x8000bb4a (0x4a3f2d23) sw      gp, 1210(t5)
core   0: 3 0x8000bb4a (0x4a3f2d23) mem 0x80010000 0x00000001
core   0: 0x8000bb4e (0x0000bfe5) c.j     pc - 8
core   0: 3 0x8000bb4e (0xbfe5)
core   0: 0x8000bb46 (0x00004f17) auipc   t5, 0x4
core   0: 3 0x8000bb46 (0x00004f17) x30 0x8000fb46
core   0: 0x8000bb4a (0x4a3f2d23) sw      gp, 1210(t5)
core   0: 3 0x8000bb4a (0x4a3f2d23) mem 0x80010000 0x00000001
core   0: 0x8000bb4e (0x0000bfe5) c.j     pc - 8
core   0: 3 0x8000bb4e (0xbfe5)
core   0: 0x8000bb46 (0x00004f17) auipc   t5, 0x4
core   0: 3 0x8000bb46 (0x00004f17) x30 0x8000fb46
core   0: 0x8000bb4a (0x4a3f2d23) sw      gp, 1210(t5)
core   0: 3 0x8000bb4a (0x4a3f2d23) mem 0x80010000 0x00000001
core   0: 0x8000bb4e (0x0000bfe5) c.j     pc - 8
core   0: 3 0x8000bb4e (0xbfe5)
core   0: 0x8000bb46 (0x00004f17) auipc   t5, 0x4
core   0: 3 0x8000bb46 (0x00004f17) x30 0x8000fb46
core   0: 0x8000bb4a (0x4a3f2d23) sw      gp, 1210(t5)
core   0: 3 0x8000bb4a (0x4a3f2d23) mem 0x80010000 0x00000001
core   0: 0x8000bb4e (0x0000bfe5) c.j     pc - 8
core   0: 3 0x8000bb4e (0xbfe5)
core   0: 0x8000bb46 (0x00004f17) auipc   t5, 0x4
core   0: 3 0x8000bb46 (0x00004f17) x30 0x8000fb46
core   0: 0x8000bb4a (0x4a3f2d23) sw      gp, 1210(t5)
core   0: 3 0x8000bb4a (0x4a3f2d23) mem 0x80010000 0x00000001
core   0: 0x8000bb4e (0x0000bfe5) c.j     pc - 8
core   0: 3 0x8000bb4e (0xbfe5)
core   0: 0x8000bb46 (0x00004f17) auipc   t5, 0x4
core   0: 3 0x8000bb46 (0x00004f17) x30 0x8000fb46
core   0: 0x8000bb4a (0x4a3f2d23) sw      gp, 1210(t5)
core   0: 3 0x8000bb4a (0x4a3f2d23) mem 0x80010000 0x00000001
core   0: 0x8000bb4e (0x0000bfe5) c.j     pc - 8
core   0: 3 0x8000bb4e (0xbfe5)
core   0: 0x8000bb46 (0x00004f17) auipc   t5, 0x4
core   0: 3 0x8000bb46 (0x00004f17) x30 0x8000fb46
core   0: 0x8000bb4a (0x4a3f2d23) sw      gp, 1210(t5)
core   0: 3 0x8000bb4a (0x4a3f2d23) mem 0x80010000 0x00000001
core   0: 0x8000bb4e (0x0000bfe5) c.j     pc - 8
core   0: 3 0x8000bb4e (0xbfe5)
core   0: 0x8000bb46 (0x00004f17) auipc   t5, 0x4
core   0: 3 0x8000bb46 (0x00004f17) x30 0x8000fb46
core   0: 0x8000bb4a (0x4a3f2d23) sw      gp, 1210(t5)
core   0: 3 0x8000bb4a (0x4a3f2d23) mem 0x80010000 0x00000001
core   0: 0x8000bb4e (0x0000bfe5) c.j     pc - 8
core   0: 3 0x8000bb4e (0xbfe5)
core   0: 0x8000bb46 (0x00004f17) auipc   t5, 0x4
core   0: 3 0x8000bb46 (0x00004f17) x30 0x8000fb46
core   0: 0x8000bb4a (0x4a3f2d23) sw      gp, 1210(t5)
core   0: 3 0x8000bb4a (0x4a3f2d23) mem 0x80010000 0x00000001
core   0: 0x8000bb4e (0x0000bfe5) c.j     pc - 8
core   0: 3 0x8000bb4e (0xbfe5)
core   0: 0x8000bb46 (0x00004f17) auipc   t5, 0x4
core   0: 3 0x8000bb46 (0x00004f17) x30 0x8000fb46
core   0: 0x8000bb4a (0x4a3f2d23) sw      gp, 1210(t5)
core   0: 3 0x8000bb4a (0x4a3f2d23) mem 0x80010000 0x00000001
core   0: 0x8000bb4e (0x0000bfe5) c.j     pc - 8
core   0: 3 0x8000bb4e (0xbfe5)
core   0: 0x8000bb46 (0x00004f17) auipc   t5, 0x4
core   0: 3 0x8000bb46 (0x00004f17) x30 0x8000fb46
core   0: 0x8000bb4a (0x4a3f2d23) sw      gp, 1210(t5)
core   0: 3 0x8000bb4a (0x4a3f2d23) mem 0x80010000 0x00000001
core   0: 0x8000bb4e (0x0000bfe5) c.j     pc - 8
core   0: 3 0x8000bb4e (0xbfe5)
core   0: 0x8000bb46 (0x00004f17) auipc   t5, 0x4
core   0: 3 0x8000bb46 (0x00004f17) x30 0x8000fb46
core   0: 0x8000bb4a (0x4a3f2d23) sw      gp, 1210(t5)
core   0: 3 0x8000bb4a (0x4a3f2d23) mem 0x80010000 0x00000001
core   0: 0x8000bb4e (0x0000bfe5) c.j     pc - 8
core   0: 3 0x8000bb4e (0xbfe5)
core   0: 0x8000bb46 (0x00004f17) auipc   t5, 0x4
core   0: 3 0x8000bb46 (0x00004f17) x30 0x8000fb46
core   0: 0x8000bb4a (0x4a3f2d23) sw      gp, 1210(t5)
core   0: 3 0x8000bb4a (0x4a3f2d23) mem 0x80010000 0x00000001
core   0: 0x8000bb4e (0x0000bfe5) c.j     pc - 8
core   0: 3 0x8000bb4e (0xbfe5)
core   0: 0x8000bb46 (0x00004f17) auipc   t5, 0x4
core   0: 3 0x8000bb46 (0x00004f17) x30 0x8000fb46
core   0: 0x8000bb4a (0x4a3f2d23) sw      gp, 1210(t5)
core   0: 3 0x8000bb4a (0x4a3f2d23) mem 0x80010000 0x00000001
core   0: 0x8000bb4e (0x0000bfe5) c.j     pc - 8
core   0: 3 0x8000bb4e (0xbfe5)
core   0: 0x8000bb46 (0x00004f17) auipc   t5, 0x4
core   0: 3 0x8000bb46 (0x00004f17) x30 0x8000fb46
core   0: 0x8000bb4a (0x4a3f2d23) sw      gp, 1210(t5)
core   0: 3 0x8000bb4a (0x4a3f2d23) mem 0x80010000 0x00000001
core   0: 0x8000bb4e (0x0000bfe5) c.j     pc - 8
core   0: 3 0x8000bb4e (0xbfe5)
core   0: 0x8000bb46 (0x00004f17) auipc   t5, 0x4
core   0: 3 0x8000bb46 (0x00004f17) x30 0x8000fb46
core   0: 0x8000bb4a (0x4a3f2d23) sw      gp, 1210(t5)
core   0: 3 0x8000bb4a (0x4a3f2d23) mem 0x80010000 0x00000001
core   0: 0x8000bb4e (0x0000bfe5) c.j     pc - 8
core   0: 3 0x8000bb4e (0xbfe5)
core   0: 0x8000bb46 (0x00004f17) auipc   t5, 0x4
core   0: 3 0x8000bb46 (0x00004f17) x30 0x8000fb46
core   0: 0x8000bb4a (0x4a3f2d23) sw      gp, 1210(t5)
core   0: 3 0x8000bb4a (0x4a3f2d23) mem 0x80010000 0x00000001
core   0: 0x8000bb4e (0x0000bfe5) c.j     pc - 8
core   0: 3 0x8000bb4e (0xbfe5)
core   0: 0x8000bb46 (0x00004f17) auipc   t5, 0x4
core   0: 3 0x8000bb46 (0x00004f17) x30 0x8000fb46
core   0: 0x8000bb4a (0x4a3f2d23) sw      gp, 1210(t5)
core   0: 3 0x8000bb4a (0x4a3f2d23) mem 0x80010000 0x00000001
core   0: 0x8000bb4e (0x0000bfe5) c.j     pc - 8
core   0: 3 0x8000bb4e (0xbfe5)
core   0: 0x8000bb46 (0x00004f17) auipc   t5, 0x4
core   0: 3 0x8000bb46 (0x00004f17) x30 0x8000fb46
core   0: 0x8000bb4a (0x4a3f2d23) sw      gp, 1210(t5)
core   0: 3 0x8000bb4a (0x4a3f2d23) mem 0x80010000 0x00000001
core   0: 0x8000bb4e (0x0000bfe5) c.j     pc - 8
core   0: 3 0x8000bb4e (0xbfe5)
core   0: 0x8000bb46 (0x00004f17) auipc   t5, 0x4
core   0: 3 0x8000bb46 (0x00004f17) x30 0x8000fb46
core   0: 0x8000bb4a (0x4a3f2d23) sw      gp, 1210(t5)
core   0: 3 0x8000bb4a (0x4a3f2d23) mem 0x80010000 0x00000001
core   0: 0x8000bb4e (0x0000bfe5) c.j     pc - 8
core   0: 3 0x8000bb4e (0xbfe5)
core   0: 0x8000bb46 (0x00004f17) auipc   t5, 0x4
core   0: 3 0x8000bb46 (0x00004f17) x30 0x8000fb46
core   0: 0x8000bb4a (0x4a3f2d23) sw      gp, 1210(t5)
core   0: 3 0x8000bb4a (0x4a3f2d23) mem 0x80010000 0x00000001
core   0: 0x8000bb4e (0x0000bfe5) c.j     pc - 8
core   0: 3 0x8000bb4e (0xbfe5)
core   0: 0x8000bb46 (0x00004f17) auipc   t5, 0x4
core   0: 3 0x8000bb46 (0x00004f17) x30 0x8000fb46
core   0: 0x8000bb4a (0x4a3f2d23) sw      gp, 1210(t5)
core   0: 3 0x8000bb4a (0x4a3f2d23) mem 0x80010000 0x00000001
core   0: 0x8000bb4e (0x0000bfe5) c.j     pc - 8
core   0: 3 0x8000bb4e (0xbfe5)
core   0: 0x8000bb46 (0x00004f17) auipc   t5, 0x4
core   0: 3 0x8000bb46 (0x00004f17) x30 0x8000fb46
core   0: 0x8000bb4a (0x4a3f2d23) sw      gp, 1210(t5)
core   0: 3 0x8000bb4a (0x4a3f2d23) mem 0x80010000 0x00000001
core   0: 0x8000bb4e (0x0000bfe5) c.j     pc - 8
core   0: 3 0x8000bb4e (0xbfe5)
core   0: 0x8000bb46 (0x00004f17) auipc   t5, 0x4
core   0: 3 0x8000bb46 (0x00004f17) x30 0x8000fb46
core   0: 0x8000bb4a (0x4a3f2d23) sw      gp, 1210(t5)
core   0: 3 0x8000bb4a (0x4a3f2d23) mem 0x80010000 0x00000001
core   0: 0x8000bb4e (0x0000bfe5) c.j     pc - 8
core   0: 3 0x8000bb4e (0xbfe5)
core   0: 0x8000bb46 (0x00004f17) auipc   t5, 0x4
core   0: 3 0x8000bb46 (0x00004f17) x30 0x8000fb46
core   0: 0x8000bb4a (0x4a3f2d23) sw      gp, 1210(t5)
core   0: 3 0x8000bb4a (0x4a3f2d23) mem 0x80010000 0x00000001
core   0: 0x8000bb4e (0x0000bfe5) c.j     pc - 8
core   0: 3 0x8000bb4e (0xbfe5)
core   0: 0x8000bb46 (0x00004f17) auipc   t5, 0x4
core   0: 3 0x8000bb46 (0x00004f17) x30 0x8000fb46
core   0: 0x8000bb4a (0x4a3f2d23) sw      gp, 1210(t5)
core   0: 3 0x8000bb4a (0x4a3f2d23) mem 0x80010000 0x00000001
core   0: 0x8000bb4e (0x0000bfe5) c.j     pc - 8
core   0: 3 0x8000bb4e (0xbfe5)
core   0: 0x8000bb46 (0x00004f17) auipc   t5, 0x4
core   0: 3 0x8000bb46 (0x00004f17) x30 0x8000fb46
core   0: 0x8000bb4a (0x4a3f2d23) sw      gp, 1210(t5)
core   0: 3 0x8000bb4a (0x4a3f2d23) mem 0x80010000 0x00000001
core   0: 0x8000bb4e (0x0000bfe5) c.j     pc - 8
core   0: 3 0x8000bb4e (0xbfe5)
core   0: 0x8000bb46 (0x00004f17) auipc   t5, 0x4
core   0: 3 0x8000bb46 (0x00004f17) x30 0x8000fb46
core   0: 0x8000bb4a (0x4a3f2d23) sw      gp, 1210(t5)
core   0: 3 0x8000bb4a (0x4a3f2d23) mem 0x80010000 0x00000001
core   0: 0x8000bb4e (0x0000bfe5) c.j     pc - 8
core   0: 3 0x8000bb4e (0xbfe5)
core   0: 0x8000bb46 (0x00004f17) auipc   t5, 0x4
core   0: 3 0x8000bb46 (0x00004f17) x30 0x8000fb46
core   0: 0x8000bb4a (0x4a3f2d23) sw      gp, 1210(t5)
core   0: 3 0x8000bb4a (0x4a3f2d23) mem 0x80010000 0x00000001
core   0: 0x8000bb4e (0x0000bfe5) c.j     pc - 8
core   0: 3 0x8000bb4e (0xbfe5)
core   0: 0x8000bb46 (0x00004f17) auipc   t5, 0x4
core   0: 3 0x8000bb46 (0x00004f17) x30 0x8000fb46
core   0: 0x8000bb4a (0x4a3f2d23) sw      gp, 1210(t5)
core   0: 3 0x8000bb4a (0x4a3f2d23) mem 0x80010000 0x00000001
core   0: 0x8000bb4e (0x0000bfe5) c.j     pc - 8
core   0: 3 0x8000bb4e (0xbfe5)
core   0: 0x8000bb46 (0x00004f17) auipc   t5, 0x4
core   0: 3 0x8000bb46 (0x00004f17) x30 0x8000fb46
core   0: 0x8000bb4a (0x4a3f2d23) sw      gp, 1210(t5)
core   0: 3 0x8000bb4a (0x4a3f2d23) mem 0x80010000 0x00000001
core   0: 0x8000bb4e (0x0000bfe5) c.j     pc - 8
core   0: 3 0x8000bb4e (0xbfe5)
core   0: 0x8000bb46 (0x00004f17) auipc   t5, 0x4
core   0: 3 0x8000bb46 (0x00004f17) x30 0x8000fb46
core   0: 0x8000bb4a (0x4a3f2d23) sw      gp, 1210(t5)
core   0: 3 0x8000bb4a (0x4a3f2d23) mem 0x80010000 0x00000001
core   0: 0x8000bb4e (0x0000bfe5) c.j     pc - 8
core   0: 3 0x8000bb4e (0xbfe5)
core   0: 0x8000bb46 (0x00004f17) auipc   t5, 0x4
core   0: 3 0x8000bb46 (0x00004f17) x30 0x8000fb46
core   0: 0x8000bb4a (0x4a3f2d23) sw      gp, 1210(t5)
core   0: 3 0x8000bb4a (0x4a3f2d23) mem 0x80010000 0x00000001
core   0: 0x8000bb4e (0x0000bfe5) c.j     pc - 8
core   0: 3 0x8000bb4e (0xbfe5)
core   0: 0x8000bb46 (0x00004f17) auipc   t5, 0x4
core   0: 3 0x8000bb46 (0x00004f17) x30 0x8000fb46
core   0: 0x8000bb4a (0x4a3f2d23) sw      gp, 1210(t5)
core   0: 3 0x8000bb4a (0x4a3f2d23) mem 0x80010000 0x00000001
core   0: 0x8000bb4e (0x0000bfe5) c.j     pc - 8
core   0: 3 0x8000bb4e (0xbfe5)
core   0: 0x8000bb46 (0x00004f17) auipc   t5, 0x4
core   0: 3 0x8000bb46 (0x00004f17) x30 0x8000fb46
core   0: 0x8000bb4a (0x4a3f2d23) sw      gp, 1210(t5)
core   0: 3 0x8000bb4a (0x4a3f2d23) mem 0x80010000 0x00000001
core   0: 0x8000bb4e (0x0000bfe5) c.j     pc - 8
core   0: 3 0x8000bb4e (0xbfe5)
core   0: 0x8000bb46 (0x00004f17) auipc   t5, 0x4
core   0: 3 0x8000bb46 (0x00004f17) x30 0x8000fb46
core   0: 0x8000bb4a (0x4a3f2d23) sw      gp, 1210(t5)
core   0: 3 0x8000bb4a (0x4a3f2d23) mem 0x80010000 0x00000001
core   0: 0x8000bb4e (0x0000bfe5) c.j     pc - 8
core   0: 3 0x8000bb4e (0xbfe5)
core   0: 0x8000bb46 (0x00004f17) auipc   t5, 0x4
core   0: 3 0x8000bb46 (0x00004f17) x30 0x8000fb46
core   0: 0x8000bb4a (0x4a3f2d23) sw      gp, 1210(t5)
core   0: 3 0x8000bb4a (0x4a3f2d23) mem 0x80010000 0x00000001
core   0: 0x8000bb4e (0x0000bfe5) c.j     pc - 8
core   0: 3 0x8000bb4e (0xbfe5)
core   0: 0x8000bb46 (0x00004f17) auipc   t5, 0x4
core   0: 3 0x8000bb46 (0x00004f17) x30 0x8000fb46
core   0: 0x8000bb4a (0x4a3f2d23) sw      gp, 1210(t5)
core   0: 3 0x8000bb4a (0x4a3f2d23) mem 0x80010000 0x00000001
core   0: 0x8000bb4e (0x0000bfe5) c.j     pc - 8
core   0: 3 0x8000bb4e (0xbfe5)
core   0: 0x8000bb46 (0x00004f17) auipc   t5, 0x4
core   0: 3 0x8000bb46 (0x00004f17) x30 0x8000fb46
core   0: 0x8000bb4a (0x4a3f2d23) sw      gp, 1210(t5)
core   0: 3 0x8000bb4a (0x4a3f2d23) mem 0x80010000 0x00000001
core   0: 0x8000bb4e (0x0000bfe5) c.j     pc - 8
core   0: 3 0x8000bb4e (0xbfe5)
core   0: 0x8000bb46 (0x00004f17) auipc   t5, 0x4
core   0: 3 0x8000bb46 (0x00004f17) x30 0x8000fb46
core   0: 0x8000bb4a (0x4a3f2d23) sw      gp, 1210(t5)
core   0: 3 0x8000bb4a (0x4a3f2d23) mem 0x80010000 0x00000001
core   0: 0x8000bb4e (0x0000bfe5) c.j     pc - 8
core   0: 3 0x8000bb4e (0xbfe5)
core   0: 0x8000bb46 (0x00004f17) auipc   t5, 0x4
core   0: 3 0x8000bb46 (0x00004f17) x30 0x8000fb46
core   0: 0x8000bb4a (0x4a3f2d23) sw      gp, 1210(t5)
core   0: 3 0x8000bb4a (0x4a3f2d23) mem 0x80010000 0x00000001
core   0: 0x8000bb4e (0x0000bfe5) c.j     pc - 8
core   0: 3 0x8000bb4e (0xbfe5)
core   0: 0x8000bb46 (0x00004f17) auipc   t5, 0x4
core   0: 3 0x8000bb46 (0x00004f17) x30 0x8000fb46
core   0: 0x8000bb4a (0x4a3f2d23) sw      gp, 1210(t5)
core   0: 3 0x8000bb4a (0x4a3f2d23) mem 0x80010000 0x00000001
core   0: 0x8000bb4e (0x0000bfe5) c.j     pc - 8
core   0: 3 0x8000bb4e (0xbfe5)
core   0: 0x8000bb46 (0x00004f17) auipc   t5, 0x4
core   0: 3 0x8000bb46 (0x00004f17) x30 0x8000fb46
core   0: 0x8000bb4a (0x4a3f2d23) sw      gp, 1210(t5)
core   0: 3 0x8000bb4a (0x4a3f2d23) mem 0x80010000 0x00000001
core   0: 0x8000bb4e (0x0000bfe5) c.j     pc - 8
core   0: 3 0x8000bb4e (0xbfe5)
core   0: 0x8000bb46 (0x00004f17) auipc   t5, 0x4
core   0: 3 0x8000bb46 (0x00004f17) x30 0x8000fb46
core   0: 0x8000bb4a (0x4a3f2d23) sw      gp, 1210(t5)
core   0: 3 0x8000bb4a (0x4a3f2d23) mem 0x80010000 0x00000001
core   0: 0x8000bb4e (0x0000bfe5) c.j     pc - 8
core   0: 3 0x8000bb4e (0xbfe5)
core   0: 0x8000bb46 (0x00004f17) auipc   t5, 0x4
core   0: 3 0x8000bb46 (0x00004f17) x30 0x8000fb46
core   0: 0x8000bb4a (0x4a3f2d23) sw      gp, 1210(t5)
core   0: 3 0x8000bb4a (0x4a3f2d23) mem 0x80010000 0x00000001
core   0: 0x8000bb4e (0x0000bfe5) c.j     pc - 8
core   0: 3 0x8000bb4e (0xbfe5)
core   0: 0x8000bb46 (0x00004f17) auipc   t5, 0x4
core   0: 3 0x8000bb46 (0x00004f17) x30 0x8000fb46
core   0: 0x8000bb4a (0x4a3f2d23) sw      gp, 1210(t5)
core   0: 3 0x8000bb4a (0x4a3f2d23) mem 0x80010000 0x00000001
core   0: 0x8000bb4e (0x0000bfe5) c.j     pc - 8
core   0: 3 0x8000bb4e (0xbfe5)
core   0: 0x8000bb46 (0x00004f17) auipc   t5, 0x4
core   0: 3 0x8000bb46 (0x00004f17) x30 0x8000fb46
core   0: 0x8000bb4a (0x4a3f2d23) sw      gp, 1210(t5)
core   0: 3 0x8000bb4a (0x4a3f2d23) mem 0x80010000 0x00000001
core   0: 0x8000bb4e (0x0000bfe5) c.j     pc - 8
core   0: 3 0x8000bb4e (0xbfe5)
core   0: 0x8000bb46 (0x00004f17) auipc   t5, 0x4
core   0: 3 0x8000bb46 (0x00004f17) x30 0x8000fb46
core   0: 0x8000bb4a (0x4a3f2d23) sw      gp, 1210(t5)
core   0: 3 0x8000bb4a (0x4a3f2d23) mem 0x80010000 0x00000001
core   0: 0x8000bb4e (0x0000bfe5) c.j     pc - 8
core   0: 3 0x8000bb4e (0xbfe5)
core   0: 0x8000bb46 (0x00004f17) auipc   t5, 0x4
core   0: 3 0x8000bb46 (0x00004f17) x30 0x8000fb46
core   0: 0x8000bb4a (0x4a3f2d23) sw      gp, 1210(t5)
core   0: 3 0x8000bb4a (0x4a3f2d23) mem 0x80010000 0x00000001
core   0: 0x8000bb4e (0x0000bfe5) c.j     pc - 8
core   0: 3 0x8000bb4e (0xbfe5)
core   0: 0x8000bb46 (0x00004f17) auipc   t5, 0x4
core   0: 3 0x8000bb46 (0x00004f17) x30 0x8000fb46
core   0: 0x8000bb4a (0x4a3f2d23) sw      gp, 1210(t5)
core   0: 3 0x8000bb4a (0x4a3f2d23) mem 0x80010000 0x00000001
core   0: 0x8000bb4e (0x0000bfe5) c.j     pc - 8
core   0: 3 0x8000bb4e (0xbfe5)
core   0: 0x8000bb46 (0x00004f17) auipc   t5, 0x4
core   0: 3 0x8000bb46 (0x00004f17) x30 0x8000fb46
core   0: 0x8000bb4a (0x4a3f2d23) sw      gp, 1210(t5)
core   0: 3 0x8000bb4a (0x4a3f2d23) mem 0x80010000 0x00000001
core   0: 0x8000bb4e (0x0000bfe5) c.j     pc - 8
core   0: 3 0x8000bb4e (0xbfe5)
core   0: 0x8000bb46 (0x00004f17) auipc   t5, 0x4
core   0: 3 0x8000bb46 (0x00004f17) x30 0x8000fb46
core   0: 0x8000bb4a (0x4a3f2d23) sw      gp, 1210(t5)
core   0: 3 0x8000bb4a (0x4a3f2d23) mem 0x80010000 0x00000001
core   0: 0x8000bb4e (0x0000bfe5) c.j     pc - 8
core   0: 3 0x8000bb4e (0xbfe5)
core   0: 0x8000bb46 (0x00004f17) auipc   t5, 0x4
core   0: 3 0x8000bb46 (0x00004f17) x30 0x8000fb46
core   0: 0x8000bb4a (0x4a3f2d23) sw      gp, 1210(t5)
core   0: 3 0x8000bb4a (0x4a3f2d23) mem 0x80010000 0x00000001
core   0: 0x8000bb4e (0x0000bfe5) c.j     pc - 8
core   0: 3 0x8000bb4e (0xbfe5)
core   0: 0x8000bb46 (0x00004f17) auipc   t5, 0x4
core   0: 3 0x8000bb46 (0x00004f17) x30 0x8000fb46
core   0: 0x8000bb4a (0x4a3f2d23) sw      gp, 1210(t5)
core   0: 3 0x8000bb4a (0x4a3f2d23) mem 0x80010000 0x00000001
core   0: 0x8000bb4e (0x0000bfe5) c.j     pc - 8
core   0: 3 0x8000bb4e (0xbfe5)
core   0: 0x8000bb46 (0x00004f17) auipc   t5, 0x4
core   0: 3 0x8000bb46 (0x00004f17) x30 0x8000fb46
core   0: 0x8000bb4a (0x4a3f2d23) sw      gp, 1210(t5)
core   0: 3 0x8000bb4a (0x4a3f2d23) mem 0x80010000 0x00000001
core   0: 0x8000bb4e (0x0000bfe5) c.j     pc - 8
core   0: 3 0x8000bb4e (0xbfe5)
core   0: 0x8000bb46 (0x00004f17) auipc   t5, 0x4
core   0: 3 0x8000bb46 (0x00004f17) x30 0x8000fb46
core   0: 0x8000bb4a (0x4a3f2d23) sw      gp, 1210(t5)
core   0: 3 0x8000bb4a (0x4a3f2d23) mem 0x80010000 0x00000001
core   0: 0x8000bb4e (0x0000bfe5) c.j     pc - 8
core   0: 3 0x8000bb4e (0xbfe5)
core   0: 0x8000bb46 (0x00004f17) auipc   t5, 0x4
core   0: 3 0x8000bb46 (0x00004f17) x30 0x8000fb46
core   0: 0x8000bb4a (0x4a3f2d23) sw      gp, 1210(t5)
core   0: 3 0x8000bb4a (0x4a3f2d23) mem 0x80010000 0x00000001
core   0: 0x8000bb4e (0x0000bfe5) c.j     pc - 8
core   0: 3 0x8000bb4e (0xbfe5)
core   0: 0x8000bb46 (0x00004f17) auipc   t5, 0x4
core   0: 3 0x8000bb46 (0x00004f17) x30 0x8000fb46
core   0: 0x8000bb4a (0x4a3f2d23) sw      gp, 1210(t5)
core   0: 3 0x8000bb4a (0x4a3f2d23) mem 0x80010000 0x00000001
core   0: 0x8000bb4e (0x0000bfe5) c.j     pc - 8
core   0: 3 0x8000bb4e (0xbfe5)
core   0: 0x8000bb46 (0x00004f17) auipc   t5, 0x4
core   0: 3 0x8000bb46 (0x00004f17) x30 0x8000fb46
core   0: 0x8000bb4a (0x4a3f2d23) sw      gp, 1210(t5)
core   0: 3 0x8000bb4a (0x4a3f2d23) mem 0x80010000 0x00000001
core   0: 0x8000bb4e (0x0000bfe5) c.j     pc - 8
core   0: 3 0x8000bb4e (0xbfe5)
core   0: 0x8000bb46 (0x00004f17) auipc   t5, 0x4
core   0: 3 0x8000bb46 (0x00004f17) x30 0x8000fb46
core   0: 0x8000bb4a (0x4a3f2d23) sw      gp, 1210(t5)
core   0: 3 0x8000bb4a (0x4a3f2d23) mem 0x80010000 0x00000001
core   0: 0x8000bb4e (0x0000bfe5) c.j     pc - 8
core   0: 3 0x8000bb4e (0xbfe5)
core   0: 0x8000bb46 (0x00004f17) auipc   t5, 0x4
core   0: 3 0x8000bb46 (0x00004f17) x30 0x8000fb46
core   0: 0x8000bb4a (0x4a3f2d23) sw      gp, 1210(t5)
core   0: 3 0x8000bb4a (0x4a3f2d23) mem 0x80010000 0x00000001
core   0: 0x8000bb4e (0x0000bfe5) c.j     pc - 8
core   0: 3 0x8000bb4e (0xbfe5)
core   0: 0x8000bb46 (0x00004f17) auipc   t5, 0x4
core   0: 3 0x8000bb46 (0x00004f17) x30 0x8000fb46
core   0: 0x8000bb4a (0x4a3f2d23) sw      gp, 1210(t5)
core   0: 3 0x8000bb4a (0x4a3f2d23) mem 0x80010000 0x00000001
core   0: 0x8000bb4e (0x0000bfe5) c.j     pc - 8
core   0: 3 0x8000bb4e (0xbfe5)
core   0: 0x8000bb46 (0x00004f17) auipc   t5, 0x4
core   0: 3 0x8000bb46 (0x00004f17) x30 0x8000fb46
core   0: 0x8000bb4a (0x4a3f2d23) sw      gp, 1210(t5)
core   0: 3 0x8000bb4a (0x4a3f2d23) mem 0x80010000 0x00000001
core   0: 0x8000bb4e (0x0000bfe5) c.j     pc - 8
core   0: 3 0x8000bb4e (0xbfe5)
core   0: 0x8000bb46 (0x00004f17) auipc   t5, 0x4
core   0: 3 0x8000bb46 (0x00004f17) x30 0x8000fb46
core   0: 0x8000bb4a (0x4a3f2d23) sw      gp, 1210(t5)
core   0: 3 0x8000bb4a (0x4a3f2d23) mem 0x80010000 0x00000001
core   0: 0x8000bb4e (0x0000bfe5) c.j     pc - 8
core   0: 3 0x8000bb4e (0xbfe5)
core   0: 0x8000bb46 (0x00004f17) auipc   t5, 0x4
core   0: 3 0x8000bb46 (0x00004f17) x30 0x8000fb46
core   0: 0x8000bb4a (0x4a3f2d23) sw      gp, 1210(t5)
core   0: 3 0x8000bb4a (0x4a3f2d23) mem 0x80010000 0x00000001
core   0: 0x8000bb4e (0x0000bfe5) c.j     pc - 8
core   0: 3 0x8000bb4e (0xbfe5)
core   0: 0x8000bb46 (0x00004f17) auipc   t5, 0x4
core   0: 3 0x8000bb46 (0x00004f17) x30 0x8000fb46
core   0: 0x8000bb4a (0x4a3f2d23) sw      gp, 1210(t5)
core   0: 3 0x8000bb4a (0x4a3f2d23) mem 0x80010000 0x00000001
core   0: 0x8000bb4e (0x0000bfe5) c.j     pc - 8
core   0: 3 0x8000bb4e (0xbfe5)
core   0: 0x8000bb46 (0x00004f17) auipc   t5, 0x4
core   0: 3 0x8000bb46 (0x00004f17) x30 0x8000fb46
core   0: 0x8000bb4a (0x4a3f2d23) sw      gp, 1210(t5)
core   0: 3 0x8000bb4a (0x4a3f2d23) mem 0x80010000 0x00000001
core   0: 0x8000bb4e (0x0000bfe5) c.j     pc - 8
core   0: 3 0x8000bb4e (0xbfe5)
core   0: 0x8000bb46 (0x00004f17) auipc   t5, 0x4
core   0: 3 0x8000bb46 (0x00004f17) x30 0x8000fb46
core   0: 0x8000bb4a (0x4a3f2d23) sw      gp, 1210(t5)
core   0: 3 0x8000bb4a (0x4a3f2d23) mem 0x80010000 0x00000001
core   0: 0x8000bb4e (0x0000bfe5) c.j     pc - 8
core   0: 3 0x8000bb4e (0xbfe5)
core   0: 0x8000bb46 (0x00004f17) auipc   t5, 0x4
core   0: 3 0x8000bb46 (0x00004f17) x30 0x8000fb46
core   0: 0x8000bb4a (0x4a3f2d23) sw      gp, 1210(t5)
core   0: 3 0x8000bb4a (0x4a3f2d23) mem 0x80010000 0x00000001
core   0: 0x8000bb4e (0x0000bfe5) c.j     pc - 8
core   0: 3 0x8000bb4e (0xbfe5)
core   0: 0x8000bb46 (0x00004f17) auipc   t5, 0x4
core   0: 3 0x8000bb46 (0x00004f17) x30 0x8000fb46
core   0: 0x8000bb4a (0x4a3f2d23) sw      gp, 1210(t5)
core   0: 3 0x8000bb4a (0x4a3f2d23) mem 0x80010000 0x00000001
core   0: 0x8000bb4e (0x0000bfe5) c.j     pc - 8
core   0: 3 0x8000bb4e (0xbfe5)
core   0: 0x8000bb46 (0x00004f17) auipc   t5, 0x4
core   0: 3 0x8000bb46 (0x00004f17) x30 0x8000fb46
core   0: 0x8000bb4a (0x4a3f2d23) sw      gp, 1210(t5)
core   0: 3 0x8000bb4a (0x4a3f2d23) mem 0x80010000 0x00000001
core   0: 0x8000bb4e (0x0000bfe5) c.j     pc - 8
core   0: 3 0x8000bb4e (0xbfe5)
core   0: 0x8000bb46 (0x00004f17) auipc   t5, 0x4
core   0: 3 0x8000bb46 (0x00004f17) x30 0x8000fb46
core   0: 0x8000bb4a (0x4a3f2d23) sw      gp, 1210(t5)
core   0: 3 0x8000bb4a (0x4a3f2d23) mem 0x80010000 0x00000001
core   0: 0x8000bb4e (0x0000bfe5) c.j     pc - 8
core   0: 3 0x8000bb4e (0xbfe5)
core   0: 0x8000bb46 (0x00004f17) auipc   t5, 0x4
core   0: 3 0x8000bb46 (0x00004f17) x30 0x8000fb46
core   0: 0x8000bb4a (0x4a3f2d23) sw      gp, 1210(t5)
core   0: 3 0x8000bb4a (0x4a3f2d23) mem 0x80010000 0x00000001
core   0: 0x8000bb4e (0x0000bfe5) c.j     pc - 8
core   0: 3 0x8000bb4e (0xbfe5)
core   0: 0x8000bb46 (0x00004f17) auipc   t5, 0x4
core   0: 3 0x8000bb46 (0x00004f17) x30 0x8000fb46
core   0: 0x8000bb4a (0x4a3f2d23) sw      gp, 1210(t5)
core   0: 3 0x8000bb4a (0x4a3f2d23) mem 0x80010000 0x00000001
core   0: 0x8000bb4e (0x0000bfe5) c.j     pc - 8
core   0: 3 0x8000bb4e (0xbfe5)
core   0: 0x8000bb46 (0x00004f17) auipc   t5, 0x4
core   0: 3 0x8000bb46 (0x00004f17) x30 0x8000fb46
core   0: 0x8000bb4a (0x4a3f2d23) sw      gp, 1210(t5)
core   0: 3 0x8000bb4a (0x4a3f2d23) mem 0x80010000 0x00000001
core   0: 0x8000bb4e (0x0000bfe5) c.j     pc - 8
core   0: 3 0x8000bb4e (0xbfe5)
core   0: 0x8000bb46 (0x00004f17) auipc   t5, 0x4
core   0: 3 0x8000bb46 (0x00004f17) x30 0x8000fb46
core   0: 0x8000bb4a (0x4a3f2d23) sw      gp, 1210(t5)
core   0: 3 0x8000bb4a (0x4a3f2d23) mem 0x80010000 0x00000001
core   0: 0x8000bb4e (0x0000bfe5) c.j     pc - 8
core   0: 3 0x8000bb4e (0xbfe5)
core   0: 0x8000bb46 (0x00004f17) auipc   t5, 0x4
core   0: 3 0x8000bb46 (0x00004f17) x30 0x8000fb46
core   0: 0x8000bb4a (0x4a3f2d23) sw      gp, 1210(t5)
core   0: 3 0x8000bb4a (0x4a3f2d23) mem 0x80010000 0x00000001
core   0: 0x8000bb4e (0x0000bfe5) c.j     pc - 8
core   0: 3 0x8000bb4e (0xbfe5)
core   0: 0x8000bb46 (0x00004f17) auipc   t5, 0x4
core   0: 3 0x8000bb46 (0x00004f17) x30 0x8000fb46
core   0: 0x8000bb4a (0x4a3f2d23) sw      gp, 1210(t5)
core   0: 3 0x8000bb4a (0x4a3f2d23) mem 0x80010000 0x00000001
core   0: 0x8000bb4e (0x0000bfe5) c.j     pc - 8
core   0: 3 0x8000bb4e (0xbfe5)
core   0: 0x8000bb46 (0x00004f17) auipc   t5, 0x4
core   0: 3 0x8000bb46 (0x00004f17) x30 0x8000fb46
core   0: 0x8000bb4a (0x4a3f2d23) sw      gp, 1210(t5)
core   0: 3 0x8000bb4a (0x4a3f2d23) mem 0x80010000 0x00000001
core   0: 0x8000bb4e (0x0000bfe5) c.j     pc - 8
core   0: 3 0x8000bb4e (0xbfe5)
core   0: 0x8000bb46 (0x00004f17) auipc   t5, 0x4
core   0: 3 0x8000bb46 (0x00004f17) x30 0x8000fb46
core   0: 0x8000bb4a (0x4a3f2d23) sw      gp, 1210(t5)
core   0: 3 0x8000bb4a (0x4a3f2d23) mem 0x80010000 0x00000001
core   0: 0x8000bb4e (0x0000bfe5) c.j     pc - 8
core   0: 3 0x8000bb4e (0xbfe5)
core   0: 0x8000bb46 (0x00004f17) auipc   t5, 0x4
core   0: 3 0x8000bb46 (0x00004f17) x30 0x8000fb46
core   0: 0x8000bb4a (0x4a3f2d23) sw      gp, 1210(t5)
core   0: 3 0x8000bb4a (0x4a3f2d23) mem 0x80010000 0x00000001
core   0: 0x8000bb4e (0x0000bfe5) c.j     pc - 8
core   0: 3 0x8000bb4e (0xbfe5)
core   0: 0x8000bb46 (0x00004f17) auipc   t5, 0x4
core   0: 3 0x8000bb46 (0x00004f17) x30 0x8000fb46
core   0: 0x8000bb4a (0x4a3f2d23) sw      gp, 1210(t5)
core   0: 3 0x8000bb4a (0x4a3f2d23) mem 0x80010000 0x00000001
core   0: 0x8000bb4e (0x0000bfe5) c.j     pc - 8
core   0: 3 0x8000bb4e (0xbfe5)
core   0: 0x8000bb46 (0x00004f17) auipc   t5, 0x4
core   0: 3 0x8000bb46 (0x00004f17) x30 0x8000fb46
core   0: 0x8000bb4a (0x4a3f2d23) sw      gp, 1210(t5)
core   0: 3 0x8000bb4a (0x4a3f2d23) mem 0x80010000 0x00000001
core   0: 0x8000bb4e (0x0000bfe5) c.j     pc - 8
core   0: 3 0x8000bb4e (0xbfe5)
core   0: 0x8000bb46 (0x00004f17) auipc   t5, 0x4
core   0: 3 0x8000bb46 (0x00004f17) x30 0x8000fb46
core   0: 0x8000bb4a (0x4a3f2d23) sw      gp, 1210(t5)
core   0: 3 0x8000bb4a (0x4a3f2d23) mem 0x80010000 0x00000001
core   0: 0x8000bb4e (0x0000bfe5) c.j     pc - 8
core   0: 3 0x8000bb4e (0xbfe5)
core   0: 0x8000bb46 (0x00004f17) auipc   t5, 0x4
core   0: 3 0x8000bb46 (0x00004f17) x30 0x8000fb46
core   0: 0x8000bb4a (0x4a3f2d23) sw      gp, 1210(t5)
core   0: 3 0x8000bb4a (0x4a3f2d23) mem 0x80010000 0x00000001
core   0: 0x8000bb4e (0x0000bfe5) c.j     pc - 8
core   0: 3 0x8000bb4e (0xbfe5)
core   0: 0x8000bb46 (0x00004f17) auipc   t5, 0x4
core   0: 3 0x8000bb46 (0x00004f17) x30 0x8000fb46
core   0: 0x8000bb4a (0x4a3f2d23) sw      gp, 1210(t5)
core   0: 3 0x8000bb4a (0x4a3f2d23) mem 0x80010000 0x00000001
core   0: 0x8000bb4e (0x0000bfe5) c.j     pc - 8
core   0: 3 0x8000bb4e (0xbfe5)
core   0: 0x8000bb46 (0x00004f17) auipc   t5, 0x4
core   0: 3 0x8000bb46 (0x00004f17) x30 0x8000fb46
core   0: 0x8000bb4a (0x4a3f2d23) sw      gp, 1210(t5)
core   0: 3 0x8000bb4a (0x4a3f2d23) mem 0x80010000 0x00000001
core   0: 0x8000bb4e (0x0000bfe5) c.j     pc - 8
core   0: 3 0x8000bb4e (0xbfe5)
core   0: 0x8000bb46 (0x00004f17) auipc   t5, 0x4
core   0: 3 0x8000bb46 (0x00004f17) x30 0x8000fb46
core   0: 0x8000bb4a (0x4a3f2d23) sw      gp, 1210(t5)
core   0: 3 0x8000bb4a (0x4a3f2d23) mem 0x80010000 0x00000001
core   0: 0x8000bb4e (0x0000bfe5) c.j     pc - 8
core   0: 3 0x8000bb4e (0xbfe5)
core   0: 0x8000bb46 (0x00004f17) auipc   t5, 0x4
core   0: 3 0x8000bb46 (0x00004f17) x30 0x8000fb46
core   0: 0x8000bb4a (0x4a3f2d23) sw      gp, 1210(t5)
core   0: 3 0x8000bb4a (0x4a3f2d23) mem 0x80010000 0x00000001
core   0: 0x8000bb4e (0x0000bfe5) c.j     pc - 8
core   0: 3 0x8000bb4e (0xbfe5)
core   0: 0x8000bb46 (0x00004f17) auipc   t5, 0x4
core   0: 3 0x8000bb46 (0x00004f17) x30 0x8000fb46
core   0: 0x8000bb4a (0x4a3f2d23) sw      gp, 1210(t5)
core   0: 3 0x8000bb4a (0x4a3f2d23) mem 0x80010000 0x00000001
core   0: 0x8000bb4e (0x0000bfe5) c.j     pc - 8
core   0: 3 0x8000bb4e (0xbfe5)
core   0: 0x8000bb46 (0x00004f17) auipc   t5, 0x4
core   0: 3 0x8000bb46 (0x00004f17) x30 0x8000fb46
core   0: 0x8000bb4a (0x4a3f2d23) sw      gp, 1210(t5)
core   0: 3 0x8000bb4a (0x4a3f2d23) mem 0x80010000 0x00000001
core   0: 0x8000bb4e (0x0000bfe5) c.j     pc - 8
core   0: 3 0x8000bb4e (0xbfe5)
core   0: 0x8000bb46 (0x00004f17) auipc   t5, 0x4
core   0: 3 0x8000bb46 (0x00004f17) x30 0x8000fb46
core   0: 0x8000bb4a (0x4a3f2d23) sw      gp, 1210(t5)
core   0: 3 0x8000bb4a (0x4a3f2d23) mem 0x80010000 0x00000001
core   0: 0x8000bb4e (0x0000bfe5) c.j     pc - 8
core   0: 3 0x8000bb4e (0xbfe5)
core   0: 0x8000bb46 (0x00004f17) auipc   t5, 0x4
core   0: 3 0x8000bb46 (0x00004f17) x30 0x8000fb46
core   0: 0x8000bb4a (0x4a3f2d23) sw      gp, 1210(t5)
core   0: 3 0x8000bb4a (0x4a3f2d23) mem 0x80010000 0x00000001
core   0: 0x8000bb4e (0x0000bfe5) c.j     pc - 8
core   0: 3 0x8000bb4e (0xbfe5)
core   0: 0x8000bb46 (0x00004f17) auipc   t5, 0x4
core   0: 3 0x8000bb46 (0x00004f17) x30 0x8000fb46
core   0: 0x8000bb4a (0x4a3f2d23) sw      gp, 1210(t5)
core   0: 3 0x8000bb4a (0x4a3f2d23) mem 0x80010000 0x00000001
core   0: 0x8000bb4e (0x0000bfe5) c.j     pc - 8
core   0: 3 0x8000bb4e (0xbfe5)
core   0: 0x8000bb46 (0x00004f17) auipc   t5, 0x4
core   0: 3 0x8000bb46 (0x00004f17) x30 0x8000fb46
core   0: 0x8000bb4a (0x4a3f2d23) sw      gp, 1210(t5)
core   0: 3 0x8000bb4a (0x4a3f2d23) mem 0x80010000 0x00000001
core   0: 0x8000bb4e (0x0000bfe5) c.j     pc - 8
core   0: 3 0x8000bb4e (0xbfe5)
core   0: 0x8000bb46 (0x00004f17) auipc   t5, 0x4
core   0: 3 0x8000bb46 (0x00004f17) x30 0x8000fb46
core   0: 0x8000bb4a (0x4a3f2d23) sw      gp, 1210(t5)
core   0: 3 0x8000bb4a (0x4a3f2d23) mem 0x80010000 0x00000001
core   0: 0x8000bb4e (0x0000bfe5) c.j     pc - 8
core   0: 3 0x8000bb4e (0xbfe5)
core   0: 0x8000bb46 (0x00004f17) auipc   t5, 0x4
core   0: 3 0x8000bb46 (0x00004f17) x30 0x8000fb46
core   0: 0x8000bb4a (0x4a3f2d23) sw      gp, 1210(t5)
core   0: 3 0x8000bb4a (0x4a3f2d23) mem 0x80010000 0x00000001
core   0: 0x8000bb4e (0x0000bfe5) c.j     pc - 8
core   0: 3 0x8000bb4e (0xbfe5)
core   0: 0x8000bb46 (0x00004f17) auipc   t5, 0x4
core   0: 3 0x8000bb46 (0x00004f17) x30 0x8000fb46
core   0: 0x8000bb4a (0x4a3f2d23) sw      gp, 1210(t5)
core   0: 3 0x8000bb4a (0x4a3f2d23) mem 0x80010000 0x00000001
core   0: 0x8000bb4e (0x0000bfe5) c.j     pc - 8
core   0: 3 0x8000bb4e (0xbfe5)
core   0: 0x8000bb46 (0x00004f17) auipc   t5, 0x4
core   0: 3 0x8000bb46 (0x00004f17) x30 0x8000fb46
core   0: 0x8000bb4a (0x4a3f2d23) sw      gp, 1210(t5)
core   0: 3 0x8000bb4a (0x4a3f2d23) mem 0x80010000 0x00000001
core   0: 0x8000bb4e (0x0000bfe5) c.j     pc - 8
core   0: 3 0x8000bb4e (0xbfe5)
core   0: 0x8000bb46 (0x00004f17) auipc   t5, 0x4
core   0: 3 0x8000bb46 (0x00004f17) x30 0x8000fb46
core   0: 0x8000bb4a (0x4a3f2d23) sw      gp, 1210(t5)
core   0: 3 0x8000bb4a (0x4a3f2d23) mem 0x80010000 0x00000001
core   0: 0x8000bb4e (0x0000bfe5) c.j     pc - 8
core   0: 3 0x8000bb4e (0xbfe5)
core   0: 0x8000bb46 (0x00004f17) auipc   t5, 0x4
core   0: 3 0x8000bb46 (0x00004f17) x30 0x8000fb46
core   0: 0x8000bb4a (0x4a3f2d23) sw      gp, 1210(t5)
core   0: 3 0x8000bb4a (0x4a3f2d23) mem 0x80010000 0x00000001
core   0: 0x8000bb4e (0x0000bfe5) c.j     pc - 8
core   0: 3 0x8000bb4e (0xbfe5)
core   0: 0x8000bb46 (0x00004f17) auipc   t5, 0x4
core   0: 3 0x8000bb46 (0x00004f17) x30 0x8000fb46
core   0: 0x8000bb4a (0x4a3f2d23) sw      gp, 1210(t5)
core   0: 3 0x8000bb4a (0x4a3f2d23) mem 0x80010000 0x00000001
core   0: 0x8000bb4e (0x0000bfe5) c.j     pc - 8
core   0: 3 0x8000bb4e (0xbfe5)
core   0: 0x8000bb46 (0x00004f17) auipc   t5, 0x4
core   0: 3 0x8000bb46 (0x00004f17) x30 0x8000fb46
core   0: 0x8000bb4a (0x4a3f2d23) sw      gp, 1210(t5)
core   0: 3 0x8000bb4a (0x4a3f2d23) mem 0x80010000 0x00000001
core   0: 0x8000bb4e (0x0000bfe5) c.j     pc - 8
core   0: 3 0x8000bb4e (0xbfe5)
core   0: 0x8000bb46 (0x00004f17) auipc   t5, 0x4
core   0: 3 0x8000bb46 (0x00004f17) x30 0x8000fb46
core   0: 0x8000bb4a (0x4a3f2d23) sw      gp, 1210(t5)
core   0: 3 0x8000bb4a (0x4a3f2d23) mem 0x80010000 0x00000001
core   0: 0x8000bb4e (0x0000bfe5) c.j     pc - 8
core   0: 3 0x8000bb4e (0xbfe5)
core   0: 0x8000bb46 (0x00004f17) auipc   t5, 0x4
core   0: 3 0x8000bb46 (0x00004f17) x30 0x8000fb46
core   0: 0x8000bb4a (0x4a3f2d23) sw      gp, 1210(t5)
core   0: 3 0x8000bb4a (0x4a3f2d23) mem 0x80010000 0x00000001
core   0: 0x8000bb4e (0x0000bfe5) c.j     pc - 8
core   0: 3 0x8000bb4e (0xbfe5)
core   0: 0x8000bb46 (0x00004f17) auipc   t5, 0x4
core   0: 3 0x8000bb46 (0x00004f17) x30 0x8000fb46
core   0: 0x8000bb4a (0x4a3f2d23) sw      gp, 1210(t5)
core   0: 3 0x8000bb4a (0x4a3f2d23) mem 0x80010000 0x00000001
core   0: 0x8000bb4e (0x0000bfe5) c.j     pc - 8
core   0: 3 0x8000bb4e (0xbfe5)
core   0: 0x8000bb46 (0x00004f17) auipc   t5, 0x4
core   0: 3 0x8000bb46 (0x00004f17) x30 0x8000fb46
core   0: 0x8000bb4a (0x4a3f2d23) sw      gp, 1210(t5)
core   0: 3 0x8000bb4a (0x4a3f2d23) mem 0x80010000 0x00000001
core   0: 0x8000bb4e (0x0000bfe5) c.j     pc - 8
core   0: 3 0x8000bb4e (0xbfe5)
core   0: 0x8000bb46 (0x00004f17) auipc   t5, 0x4
core   0: 3 0x8000bb46 (0x00004f17) x30 0x8000fb46
core   0: 0x8000bb4a (0x4a3f2d23) sw      gp, 1210(t5)
core   0: 3 0x8000bb4a (0x4a3f2d23) mem 0x80010000 0x00000001
core   0: 0x8000bb4e (0x0000bfe5) c.j     pc - 8
core   0: 3 0x8000bb4e (0xbfe5)
core   0: 0x8000bb46 (0x00004f17) auipc   t5, 0x4
core   0: 3 0x8000bb46 (0x00004f17) x30 0x8000fb46
core   0: 0x8000bb4a (0x4a3f2d23) sw      gp, 1210(t5)
core   0: 3 0x8000bb4a (0x4a3f2d23) mem 0x80010000 0x00000001
core   0: 0x8000bb4e (0x0000bfe5) c.j     pc - 8
core   0: 3 0x8000bb4e (0xbfe5)
core   0: 0x8000bb46 (0x00004f17) auipc   t5, 0x4
core   0: 3 0x8000bb46 (0x00004f17) x30 0x8000fb46
core   0: 0x8000bb4a (0x4a3f2d23) sw      gp, 1210(t5)
core   0: 3 0x8000bb4a (0x4a3f2d23) mem 0x80010000 0x00000001
core   0: 0x8000bb4e (0x0000bfe5) c.j     pc - 8
core   0: 3 0x8000bb4e (0xbfe5)
core   0: 0x8000bb46 (0x00004f17) auipc   t5, 0x4
core   0: 3 0x8000bb46 (0x00004f17) x30 0x8000fb46
core   0: 0x8000bb4a (0x4a3f2d23) sw      gp, 1210(t5)
core   0: 3 0x8000bb4a (0x4a3f2d23) mem 0x80010000 0x00000001
core   0: 0x8000bb4e (0x0000bfe5) c.j     pc - 8
core   0: 3 0x8000bb4e (0xbfe5)
core   0: 0x8000bb46 (0x00004f17) auipc   t5, 0x4
core   0: 3 0x8000bb46 (0x00004f17) x30 0x8000fb46
core   0: 0x8000bb4a (0x4a3f2d23) sw      gp, 1210(t5)
core   0: 3 0x8000bb4a (0x4a3f2d23) mem 0x80010000 0x00000001
core   0: 0x8000bb4e (0x0000bfe5) c.j     pc - 8
core   0: 3 0x8000bb4e (0xbfe5)
core   0: 0x8000bb46 (0x00004f17) auipc   t5, 0x4
core   0: 3 0x8000bb46 (0x00004f17) x30 0x8000fb46
core   0: 0x8000bb4a (0x4a3f2d23) sw      gp, 1210(t5)
core   0: 3 0x8000bb4a (0x4a3f2d23) mem 0x80010000 0x00000001
core   0: 0x8000bb4e (0x0000bfe5) c.j     pc - 8
core   0: 3 0x8000bb4e (0xbfe5)
core   0: 0x8000bb46 (0x00004f17) auipc   t5, 0x4
core   0: 3 0x8000bb46 (0x00004f17) x30 0x8000fb46
core   0: 0x8000bb4a (0x4a3f2d23) sw      gp, 1210(t5)
core   0: 3 0x8000bb4a (0x4a3f2d23) mem 0x80010000 0x00000001
core   0: 0x8000bb4e (0x0000bfe5) c.j     pc - 8
core   0: 3 0x8000bb4e (0xbfe5)
core   0: 0x8000bb46 (0x00004f17) auipc   t5, 0x4
core   0: 3 0x8000bb46 (0x00004f17) x30 0x8000fb46
core   0: 0x8000bb4a (0x4a3f2d23) sw      gp, 1210(t5)
core   0: 3 0x8000bb4a (0x4a3f2d23) mem 0x80010000 0x00000001
core   0: 0x8000bb4e (0x0000bfe5) c.j     pc - 8
core   0: 3 0x8000bb4e (0xbfe5)
core   0: 0x8000bb46 (0x00004f17) auipc   t5, 0x4
core   0: 3 0x8000bb46 (0x00004f17) x30 0x8000fb46
core   0: 0x8000bb4a (0x4a3f2d23) sw      gp, 1210(t5)
core   0: 3 0x8000bb4a (0x4a3f2d23) mem 0x80010000 0x00000001
core   0: 0x8000bb4e (0x0000bfe5) c.j     pc - 8
core   0: 3 0x8000bb4e (0xbfe5)
core   0: 0x8000bb46 (0x00004f17) auipc   t5, 0x4
core   0: 3 0x8000bb46 (0x00004f17) x30 0x8000fb46
core   0: 0x8000bb4a (0x4a3f2d23) sw      gp, 1210(t5)
core   0: 3 0x8000bb4a (0x4a3f2d23) mem 0x80010000 0x00000001
core   0: 0x8000bb4e (0x0000bfe5) c.j     pc - 8
core   0: 3 0x8000bb4e (0xbfe5)
core   0: 0x8000bb46 (0x00004f17) auipc   t5, 0x4
core   0: 3 0x8000bb46 (0x00004f17) x30 0x8000fb46
core   0: 0x8000bb4a (0x4a3f2d23) sw      gp, 1210(t5)
core   0: 3 0x8000bb4a (0x4a3f2d23) mem 0x80010000 0x00000001
core   0: 0x8000bb4e (0x0000bfe5) c.j     pc - 8
core   0: 3 0x8000bb4e (0xbfe5)
core   0: 0x8000bb46 (0x00004f17) auipc   t5, 0x4
core   0: 3 0x8000bb46 (0x00004f17) x30 0x8000fb46
core   0: 0x8000bb4a (0x4a3f2d23) sw      gp, 1210(t5)
core   0: 3 0x8000bb4a (0x4a3f2d23) mem 0x80010000 0x00000001
core   0: 0x8000bb4e (0x0000bfe5) c.j     pc - 8
core   0: 3 0x8000bb4e (0xbfe5)
core   0: 0x8000bb46 (0x00004f17) auipc   t5, 0x4
core   0: 3 0x8000bb46 (0x00004f17) x30 0x8000fb46
core   0: 0x8000bb4a (0x4a3f2d23) sw      gp, 1210(t5)
core   0: 3 0x8000bb4a (0x4a3f2d23) mem 0x80010000 0x00000001
core   0: 0x8000bb4e (0x0000bfe5) c.j     pc - 8
core   0: 3 0x8000bb4e (0xbfe5)
core   0: 0x8000bb46 (0x00004f17) auipc   t5, 0x4
core   0: 3 0x8000bb46 (0x00004f17) x30 0x8000fb46
core   0: 0x8000bb4a (0x4a3f2d23) sw      gp, 1210(t5)
core   0: 3 0x8000bb4a (0x4a3f2d23) mem 0x80010000 0x00000001
core   0: 0x8000bb4e (0x0000bfe5) c.j     pc - 8
core   0: 3 0x8000bb4e (0xbfe5)
core   0: 0x8000bb46 (0x00004f17) auipc   t5, 0x4
core   0: 3 0x8000bb46 (0x00004f17) x30 0x8000fb46
core   0: 0x8000bb4a (0x4a3f2d23) sw      gp, 1210(t5)
core   0: 3 0x8000bb4a (0x4a3f2d23) mem 0x80010000 0x00000001
core   0: 0x8000bb4e (0x0000bfe5) c.j     pc - 8
core   0: 3 0x8000bb4e (0xbfe5)
core   0: 0x8000bb46 (0x00004f17) auipc   t5, 0x4
core   0: 3 0x8000bb46 (0x00004f17) x30 0x8000fb46
core   0: 0x8000bb4a (0x4a3f2d23) sw      gp, 1210(t5)
core   0: 3 0x8000bb4a (0x4a3f2d23) mem 0x80010000 0x00000001
core   0: 0x8000bb4e (0x0000bfe5) c.j     pc - 8
core   0: 3 0x8000bb4e (0xbfe5)
core   0: 0x8000bb46 (0x00004f17) auipc   t5, 0x4
core   0: 3 0x8000bb46 (0x00004f17) x30 0x8000fb46
core   0: 0x8000bb4a (0x4a3f2d23) sw      gp, 1210(t5)
core   0: 3 0x8000bb4a (0x4a3f2d23) mem 0x80010000 0x00000001
core   0: 0x8000bb4e (0x0000bfe5) c.j     pc - 8
core   0: 3 0x8000bb4e (0xbfe5)
core   0: 0x8000bb46 (0x00004f17) auipc   t5, 0x4
core   0: 3 0x8000bb46 (0x00004f17) x30 0x8000fb46
core   0: 0x8000bb4a (0x4a3f2d23) sw      gp, 1210(t5)
core   0: 3 0x8000bb4a (0x4a3f2d23) mem 0x80010000 0x00000001
core   0: 0x8000bb4e (0x0000bfe5) c.j     pc - 8
core   0: 3 0x8000bb4e (0xbfe5)
core   0: 0x8000bb46 (0x00004f17) auipc   t5, 0x4
core   0: 3 0x8000bb46 (0x00004f17) x30 0x8000fb46
core   0: 0x8000bb4a (0x4a3f2d23) sw      gp, 1210(t5)
core   0: 3 0x8000bb4a (0x4a3f2d23) mem 0x80010000 0x00000001
core   0: 0x8000bb4e (0x0000bfe5) c.j     pc - 8
core   0: 3 0x8000bb4e (0xbfe5)
core   0: 0x8000bb46 (0x00004f17) auipc   t5, 0x4
core   0: 3 0x8000bb46 (0x00004f17) x30 0x8000fb46
core   0: 0x8000bb4a (0x4a3f2d23) sw      gp, 1210(t5)
core   0: 3 0x8000bb4a (0x4a3f2d23) mem 0x80010000 0x00000001
core   0: 0x8000bb4e (0x0000bfe5) c.j     pc - 8
core   0: 3 0x8000bb4e (0xbfe5)
core   0: 0x8000bb46 (0x00004f17) auipc   t5, 0x4
core   0: 3 0x8000bb46 (0x00004f17) x30 0x8000fb46
core   0: 0x8000bb4a (0x4a3f2d23) sw      gp, 1210(t5)
core   0: 3 0x8000bb4a (0x4a3f2d23) mem 0x80010000 0x00000001
core   0: 0x8000bb4e (0x0000bfe5) c.j     pc - 8
core   0: 3 0x8000bb4e (0xbfe5)
core   0: 0x8000bb46 (0x00004f17) auipc   t5, 0x4
core   0: 3 0x8000bb46 (0x00004f17) x30 0x8000fb46
core   0: 0x8000bb4a (0x4a3f2d23) sw      gp, 1210(t5)
core   0: 3 0x8000bb4a (0x4a3f2d23) mem 0x80010000 0x00000001
core   0: 0x8000bb4e (0x0000bfe5) c.j     pc - 8
core   0: 3 0x8000bb4e (0xbfe5)
core   0: 0x8000bb46 (0x00004f17) auipc   t5, 0x4
core   0: 3 0x8000bb46 (0x00004f17) x30 0x8000fb46
core   0: 0x8000bb4a (0x4a3f2d23) sw      gp, 1210(t5)
core   0: 3 0x8000bb4a (0x4a3f2d23) mem 0x80010000 0x00000001
core   0: 0x8000bb4e (0x0000bfe5) c.j     pc - 8
core   0: 3 0x8000bb4e (0xbfe5)
core   0: 0x8000bb46 (0x00004f17) auipc   t5, 0x4
core   0: 3 0x8000bb46 (0x00004f17) x30 0x8000fb46
core   0: 0x8000bb4a (0x4a3f2d23) sw      gp, 1210(t5)
core   0: 3 0x8000bb4a (0x4a3f2d23) mem 0x80010000 0x00000001
core   0: 0x8000bb4e (0x0000bfe5) c.j     pc - 8
core   0: 3 0x8000bb4e (0xbfe5)
core   0: 0x8000bb46 (0x00004f17) auipc   t5, 0x4
core   0: 3 0x8000bb46 (0x00004f17) x30 0x8000fb46
core   0: 0x8000bb4a (0x4a3f2d23) sw      gp, 1210(t5)
core   0: 3 0x8000bb4a (0x4a3f2d23) mem 0x80010000 0x00000001
core   0: 0x8000bb4e (0x0000bfe5) c.j     pc - 8
core   0: 3 0x8000bb4e (0xbfe5)
core   0: 0x8000bb46 (0x00004f17) auipc   t5, 0x4
core   0: 3 0x8000bb46 (0x00004f17) x30 0x8000fb46
core   0: 0x8000bb4a (0x4a3f2d23) sw      gp, 1210(t5)
core   0: 3 0x8000bb4a (0x4a3f2d23) mem 0x80010000 0x00000001
core   0: 0x8000bb4e (0x0000bfe5) c.j     pc - 8
core   0: 3 0x8000bb4e (0xbfe5)
core   0: 0x8000bb46 (0x00004f17) auipc   t5, 0x4
core   0: 3 0x8000bb46 (0x00004f17) x30 0x8000fb46
core   0: 0x8000bb4a (0x4a3f2d23) sw      gp, 1210(t5)
core   0: 3 0x8000bb4a (0x4a3f2d23) mem 0x80010000 0x00000001
core   0: 0x8000bb4e (0x0000bfe5) c.j     pc - 8
core   0: 3 0x8000bb4e (0xbfe5)
core   0: 0x8000bb46 (0x00004f17) auipc   t5, 0x4
core   0: 3 0x8000bb46 (0x00004f17) x30 0x8000fb46
core   0: 0x8000bb4a (0x4a3f2d23) sw      gp, 1210(t5)
core   0: 3 0x8000bb4a (0x4a3f2d23) mem 0x80010000 0x00000001
core   0: 0x8000bb4e (0x0000bfe5) c.j     pc - 8
core   0: 3 0x8000bb4e (0xbfe5)
core   0: 0x8000bb46 (0x00004f17) auipc   t5, 0x4
core   0: 3 0x8000bb46 (0x00004f17) x30 0x8000fb46
core   0: 0x8000bb4a (0x4a3f2d23) sw      gp, 1210(t5)
core   0: 3 0x8000bb4a (0x4a3f2d23) mem 0x80010000 0x00000001
core   0: 0x8000bb4e (0x0000bfe5) c.j     pc - 8
core   0: 3 0x8000bb4e (0xbfe5)
core   0: 0x8000bb46 (0x00004f17) auipc   t5, 0x4
core   0: 3 0x8000bb46 (0x00004f17) x30 0x8000fb46
core   0: 0x8000bb4a (0x4a3f2d23) sw      gp, 1210(t5)
core   0: 3 0x8000bb4a (0x4a3f2d23) mem 0x80010000 0x00000001
core   0: 0x8000bb4e (0x0000bfe5) c.j     pc - 8
core   0: 3 0x8000bb4e (0xbfe5)
core   0: 0x8000bb46 (0x00004f17) auipc   t5, 0x4
core   0: 3 0x8000bb46 (0x00004f17) x30 0x8000fb46
core   0: 0x8000bb4a (0x4a3f2d23) sw      gp, 1210(t5)
core   0: 3 0x8000bb4a (0x4a3f2d23) mem 0x80010000 0x00000001
core   0: 0x8000bb4e (0x0000bfe5) c.j     pc - 8
core   0: 3 0x8000bb4e (0xbfe5)
core   0: 0x8000bb46 (0x00004f17) auipc   t5, 0x4
core   0: 3 0x8000bb46 (0x00004f17) x30 0x8000fb46
core   0: 0x8000bb4a (0x4a3f2d23) sw      gp, 1210(t5)
core   0: 3 0x8000bb4a (0x4a3f2d23) mem 0x80010000 0x00000001
core   0: 0x8000bb4e (0x0000bfe5) c.j     pc - 8
core   0: 3 0x8000bb4e (0xbfe5)
core   0: 0x8000bb46 (0x00004f17) auipc   t5, 0x4
core   0: 3 0x8000bb46 (0x00004f17) x30 0x8000fb46
core   0: 0x8000bb4a (0x4a3f2d23) sw      gp, 1210(t5)
core   0: 3 0x8000bb4a (0x4a3f2d23) mem 0x80010000 0x00000001
core   0: 0x8000bb4e (0x0000bfe5) c.j     pc - 8
core   0: 3 0x8000bb4e (0xbfe5)
core   0: 0x8000bb46 (0x00004f17) auipc   t5, 0x4
core   0: 3 0x8000bb46 (0x00004f17) x30 0x8000fb46
core   0: 0x8000bb4a (0x4a3f2d23) sw      gp, 1210(t5)
core   0: 3 0x8000bb4a (0x4a3f2d23) mem 0x80010000 0x00000001
core   0: 0x8000bb4e (0x0000bfe5) c.j     pc - 8
core   0: 3 0x8000bb4e (0xbfe5)
core   0: 0x8000bb46 (0x00004f17) auipc   t5, 0x4
core   0: 3 0x8000bb46 (0x00004f17) x30 0x8000fb46
core   0: 0x8000bb4a (0x4a3f2d23) sw      gp, 1210(t5)
core   0: 3 0x8000bb4a (0x4a3f2d23) mem 0x80010000 0x00000001
core   0: 0x8000bb4e (0x0000bfe5) c.j     pc - 8
core   0: 3 0x8000bb4e (0xbfe5)
core   0: 0x8000bb46 (0x00004f17) auipc   t5, 0x4
core   0: 3 0x8000bb46 (0x00004f17) x30 0x8000fb46
core   0: 0x8000bb4a (0x4a3f2d23) sw      gp, 1210(t5)
core   0: 3 0x8000bb4a (0x4a3f2d23) mem 0x80010000 0x00000001
core   0: 0x8000bb4e (0x0000bfe5) c.j     pc - 8
core   0: 3 0x8000bb4e (0xbfe5)
core   0: 0x8000bb46 (0x00004f17) auipc   t5, 0x4
core   0: 3 0x8000bb46 (0x00004f17) x30 0x8000fb46
core   0: 0x8000bb4a (0x4a3f2d23) sw      gp, 1210(t5)
core   0: 3 0x8000bb4a (0x4a3f2d23) mem 0x80010000 0x00000001
core   0: 0x8000bb4e (0x0000bfe5) c.j     pc - 8
core   0: 3 0x8000bb4e (0xbfe5)
core   0: 0x8000bb46 (0x00004f17) auipc   t5, 0x4
core   0: 3 0x8000bb46 (0x00004f17) x30 0x8000fb46
core   0: 0x8000bb4a (0x4a3f2d23) sw      gp, 1210(t5)
core   0: 3 0x8000bb4a (0x4a3f2d23) mem 0x80010000 0x00000001
core   0: 0x8000bb4e (0x0000bfe5) c.j     pc - 8
core   0: 3 0x8000bb4e (0xbfe5)
core   0: 0x8000bb46 (0x00004f17) auipc   t5, 0x4
core   0: 3 0x8000bb46 (0x00004f17) x30 0x8000fb46
core   0: 0x8000bb4a (0x4a3f2d23) sw      gp, 1210(t5)
core   0: 3 0x8000bb4a (0x4a3f2d23) mem 0x80010000 0x00000001
core   0: 0x8000bb4e (0x0000bfe5) c.j     pc - 8
core   0: 3 0x8000bb4e (0xbfe5)
core   0: 0x8000bb46 (0x00004f17) auipc   t5, 0x4
core   0: 3 0x8000bb46 (0x00004f17) x30 0x8000fb46
core   0: 0x8000bb4a (0x4a3f2d23) sw      gp, 1210(t5)
core   0: 3 0x8000bb4a (0x4a3f2d23) mem 0x80010000 0x00000001
core   0: 0x8000bb4e (0x0000bfe5) c.j     pc - 8
core   0: 3 0x8000bb4e (0xbfe5)
core   0: 0x8000bb46 (0x00004f17) auipc   t5, 0x4
core   0: 3 0x8000bb46 (0x00004f17) x30 0x8000fb46
core   0: 0x8000bb4a (0x4a3f2d23) sw      gp, 1210(t5)
core   0: 3 0x8000bb4a (0x4a3f2d23) mem 0x80010000 0x00000001
core   0: 0x8000bb4e (0x0000bfe5) c.j     pc - 8
core   0: 3 0x8000bb4e (0xbfe5)
core   0: 0x8000bb46 (0x00004f17) auipc   t5, 0x4
core   0: 3 0x8000bb46 (0x00004f17) x30 0x8000fb46
core   0: 0x8000bb4a (0x4a3f2d23) sw      gp, 1210(t5)
core   0: 3 0x8000bb4a (0x4a3f2d23) mem 0x80010000 0x00000001
core   0: 0x8000bb4e (0x0000bfe5) c.j     pc - 8
core   0: 3 0x8000bb4e (0xbfe5)
core   0: 0x8000bb46 (0x00004f17) auipc   t5, 0x4
core   0: 3 0x8000bb46 (0x00004f17) x30 0x8000fb46
core   0: 0x8000bb4a (0x4a3f2d23) sw      gp, 1210(t5)
core   0: 3 0x8000bb4a (0x4a3f2d23) mem 0x80010000 0x00000001
core   0: 0x8000bb4e (0x0000bfe5) c.j     pc - 8
core   0: 3 0x8000bb4e (0xbfe5)
core   0: 0x8000bb46 (0x00004f17) auipc   t5, 0x4
core   0: 3 0x8000bb46 (0x00004f17) x30 0x8000fb46
core   0: 0x8000bb4a (0x4a3f2d23) sw      gp, 1210(t5)
core   0: 3 0x8000bb4a (0x4a3f2d23) mem 0x80010000 0x00000001
core   0: 0x8000bb4e (0x0000bfe5) c.j     pc - 8
core   0: 3 0x8000bb4e (0xbfe5)
core   0: 0x8000bb46 (0x00004f17) auipc   t5, 0x4
core   0: 3 0x8000bb46 (0x00004f17) x30 0x8000fb46
core   0: 0x8000bb4a (0x4a3f2d23) sw      gp, 1210(t5)
core   0: 3 0x8000bb4a (0x4a3f2d23) mem 0x80010000 0x00000001
core   0: 0x8000bb4e (0x0000bfe5) c.j     pc - 8
core   0: 3 0x8000bb4e (0xbfe5)
core   0: 0x8000bb46 (0x00004f17) auipc   t5, 0x4
core   0: 3 0x8000bb46 (0x00004f17) x30 0x8000fb46
core   0: 0x8000bb4a (0x4a3f2d23) sw      gp, 1210(t5)
core   0: 3 0x8000bb4a (0x4a3f2d23) mem 0x80010000 0x00000001
core   0: 0x8000bb4e (0x0000bfe5) c.j     pc - 8
core   0: 3 0x8000bb4e (0xbfe5)
core   0: 0x8000bb46 (0x00004f17) auipc   t5, 0x4
core   0: 3 0x8000bb46 (0x00004f17) x30 0x8000fb46
core   0: 0x8000bb4a (0x4a3f2d23) sw      gp, 1210(t5)
core   0: 3 0x8000bb4a (0x4a3f2d23) mem 0x80010000 0x00000001
core   0: 0x8000bb4e (0x0000bfe5) c.j     pc - 8
core   0: 3 0x8000bb4e (0xbfe5)
core   0: 0x8000bb46 (0x00004f17) auipc   t5, 0x4
core   0: 3 0x8000bb46 (0x00004f17) x30 0x8000fb46
core   0: 0x8000bb4a (0x4a3f2d23) sw      gp, 1210(t5)
core   0: 3 0x8000bb4a (0x4a3f2d23) mem 0x80010000 0x00000001
core   0: 0x8000bb4e (0x0000bfe5) c.j     pc - 8
core   0: 3 0x8000bb4e (0xbfe5)
core   0: 0x8000bb46 (0x00004f17) auipc   t5, 0x4
core   0: 3 0x8000bb46 (0x00004f17) x30 0x8000fb46
core   0: 0x8000bb4a (0x4a3f2d23) sw      gp, 1210(t5)
core   0: 3 0x8000bb4a (0x4a3f2d23) mem 0x80010000 0x00000001
core   0: 0x8000bb4e (0x0000bfe5) c.j     pc - 8
core   0: 3 0x8000bb4e (0xbfe5)
core   0: 0x8000bb46 (0x00004f17) auipc   t5, 0x4
core   0: 3 0x8000bb46 (0x00004f17) x30 0x8000fb46
core   0: 0x8000bb4a (0x4a3f2d23) sw      gp, 1210(t5)
core   0: 3 0x8000bb4a (0x4a3f2d23) mem 0x80010000 0x00000001
core   0: 0x8000bb4e (0x0000bfe5) c.j     pc - 8
core   0: 3 0x8000bb4e (0xbfe5)
core   0: 0x8000bb46 (0x00004f17) auipc   t5, 0x4
core   0: 3 0x8000bb46 (0x00004f17) x30 0x8000fb46
core   0: 0x8000bb4a (0x4a3f2d23) sw      gp, 1210(t5)
core   0: 3 0x8000bb4a (0x4a3f2d23) mem 0x80010000 0x00000001
core   0: 0x8000bb4e (0x0000bfe5) c.j     pc - 8
core   0: 3 0x8000bb4e (0xbfe5)
core   0: 0x8000bb46 (0x00004f17) auipc   t5, 0x4
core   0: 3 0x8000bb46 (0x00004f17) x30 0x8000fb46
core   0: 0x8000bb4a (0x4a3f2d23) sw      gp, 1210(t5)
core   0: 3 0x8000bb4a (0x4a3f2d23) mem 0x80010000 0x00000001
core   0: 0x8000bb4e (0x0000bfe5) c.j     pc - 8
core   0: 3 0x8000bb4e (0xbfe5)
core   0: 0x8000bb46 (0x00004f17) auipc   t5, 0x4
core   0: 3 0x8000bb46 (0x00004f17) x30 0x8000fb46
core   0: 0x8000bb4a (0x4a3f2d23) sw      gp, 1210(t5)
core   0: 3 0x8000bb4a (0x4a3f2d23) mem 0x80010000 0x00000001
core   0: 0x8000bb4e (0x0000bfe5) c.j     pc - 8
core   0: 3 0x8000bb4e (0xbfe5)
core   0: 0x8000bb46 (0x00004f17) auipc   t5, 0x4
core   0: 3 0x8000bb46 (0x00004f17) x30 0x8000fb46
core   0: 0x8000bb4a (0x4a3f2d23) sw      gp, 1210(t5)
core   0: 3 0x8000bb4a (0x4a3f2d23) mem 0x80010000 0x00000001
core   0: 0x8000bb4e (0x0000bfe5) c.j     pc - 8
core   0: 3 0x8000bb4e (0xbfe5)
core   0: 0x8000bb46 (0x00004f17) auipc   t5, 0x4
core   0: 3 0x8000bb46 (0x00004f17) x30 0x8000fb46
core   0: 0x8000bb4a (0x4a3f2d23) sw      gp, 1210(t5)
core   0: 3 0x8000bb4a (0x4a3f2d23) mem 0x80010000 0x00000001
core   0: 0x8000bb4e (0x0000bfe5) c.j     pc - 8
core   0: 3 0x8000bb4e (0xbfe5)
core   0: 0x8000bb46 (0x00004f17) auipc   t5, 0x4
core   0: 3 0x8000bb46 (0x00004f17) x30 0x8000fb46
core   0: 0x8000bb4a (0x4a3f2d23) sw      gp, 1210(t5)
core   0: 3 0x8000bb4a (0x4a3f2d23) mem 0x80010000 0x00000001
core   0: 0x8000bb4e (0x0000bfe5) c.j     pc - 8
core   0: 3 0x8000bb4e (0xbfe5)
core   0: 0x8000bb46 (0x00004f17) auipc   t5, 0x4
core   0: 3 0x8000bb46 (0x00004f17) x30 0x8000fb46
core   0: 0x8000bb4a (0x4a3f2d23) sw      gp, 1210(t5)
core   0: 3 0x8000bb4a (0x4a3f2d23) mem 0x80010000 0x00000001
core   0: 0x8000bb4e (0x0000bfe5) c.j     pc - 8
core   0: 3 0x8000bb4e (0xbfe5)
core   0: 0x8000bb46 (0x00004f17) auipc   t5, 0x4
core   0: 3 0x8000bb46 (0x00004f17) x30 0x8000fb46
core   0: 0x8000bb4a (0x4a3f2d23) sw      gp, 1210(t5)
core   0: 3 0x8000bb4a (0x4a3f2d23) mem 0x80010000 0x00000001
core   0: 0x8000bb4e (0x0000bfe5) c.j     pc - 8
core   0: 3 0x8000bb4e (0xbfe5)
core   0: 0x8000bb46 (0x00004f17) auipc   t5, 0x4
core   0: 3 0x8000bb46 (0x00004f17) x30 0x8000fb46
core   0: 0x8000bb4a (0x4a3f2d23) sw      gp, 1210(t5)
core   0: 3 0x8000bb4a (0x4a3f2d23) mem 0x80010000 0x00000001
core   0: 0x8000bb4e (0x0000bfe5) c.j     pc - 8
core   0: 3 0x8000bb4e (0xbfe5)
core   0: 0x8000bb46 (0x00004f17) auipc   t5, 0x4
core   0: 3 0x8000bb46 (0x00004f17) x30 0x8000fb46
core   0: 0x8000bb4a (0x4a3f2d23) sw      gp, 1210(t5)
core   0: 3 0x8000bb4a (0x4a3f2d23) mem 0x80010000 0x00000001
core   0: 0x8000bb4e (0x0000bfe5) c.j     pc - 8
core   0: 3 0x8000bb4e (0xbfe5)
core   0: 0x8000bb46 (0x00004f17) auipc   t5, 0x4
core   0: 3 0x8000bb46 (0x00004f17) x30 0x8000fb46
core   0: 0x8000bb4a (0x4a3f2d23) sw      gp, 1210(t5)
core   0: 3 0x8000bb4a (0x4a3f2d23) mem 0x80010000 0x00000001
core   0: 0x8000bb4e (0x0000bfe5) c.j     pc - 8
core   0: 3 0x8000bb4e (0xbfe5)
core   0: 0x8000bb46 (0x00004f17) auipc   t5, 0x4
core   0: 3 0x8000bb46 (0x00004f17) x30 0x8000fb46
core   0: 0x8000bb4a (0x4a3f2d23) sw      gp, 1210(t5)
core   0: 3 0x8000bb4a (0x4a3f2d23) mem 0x80010000 0x00000001
core   0: 0x8000bb4e (0x0000bfe5) c.j     pc - 8
core   0: 3 0x8000bb4e (0xbfe5)
core   0: 0x8000bb46 (0x00004f17) auipc   t5, 0x4
core   0: 3 0x8000bb46 (0x00004f17) x30 0x8000fb46
core   0: 0x8000bb4a (0x4a3f2d23) sw      gp, 1210(t5)
core   0: 3 0x8000bb4a (0x4a3f2d23) mem 0x80010000 0x00000001
core   0: 0x8000bb4e (0x0000bfe5) c.j     pc - 8
core   0: 3 0x8000bb4e (0xbfe5)
core   0: 0x8000bb46 (0x00004f17) auipc   t5, 0x4
core   0: 3 0x8000bb46 (0x00004f17) x30 0x8000fb46
core   0: 0x8000bb4a (0x4a3f2d23) sw      gp, 1210(t5)
core   0: 3 0x8000bb4a (0x4a3f2d23) mem 0x80010000 0x00000001
core   0: 0x8000bb4e (0x0000bfe5) c.j     pc - 8
core   0: 3 0x8000bb4e (0xbfe5)
core   0: 0x8000bb46 (0x00004f17) auipc   t5, 0x4
core   0: 3 0x8000bb46 (0x00004f17) x30 0x8000fb46
core   0: 0x8000bb4a (0x4a3f2d23) sw      gp, 1210(t5)
core   0: 3 0x8000bb4a (0x4a3f2d23) mem 0x80010000 0x00000001
core   0: 0x8000bb4e (0x0000bfe5) c.j     pc - 8
core   0: 3 0x8000bb4e (0xbfe5)
core   0: 0x8000bb46 (0x00004f17) auipc   t5, 0x4
core   0: 3 0x8000bb46 (0x00004f17) x30 0x8000fb46
core   0: 0x8000bb4a (0x4a3f2d23) sw      gp, 1210(t5)
core   0: 3 0x8000bb4a (0x4a3f2d23) mem 0x80010000 0x00000001
core   0: 0x8000bb4e (0x0000bfe5) c.j     pc - 8
core   0: 3 0x8000bb4e (0xbfe5)
core   0: 0x8000bb46 (0x00004f17) auipc   t5, 0x4
core   0: 3 0x8000bb46 (0x00004f17) x30 0x8000fb46
core   0: 0x8000bb4a (0x4a3f2d23) sw      gp, 1210(t5)
core   0: 3 0x8000bb4a (0x4a3f2d23) mem 0x80010000 0x00000001
core   0: 0x8000bb4e (0x0000bfe5) c.j     pc - 8
core   0: 3 0x8000bb4e (0xbfe5)
core   0: 0x8000bb46 (0x00004f17) auipc   t5, 0x4
core   0: 3 0x8000bb46 (0x00004f17) x30 0x8000fb46
core   0: 0x8000bb4a (0x4a3f2d23) sw      gp, 1210(t5)
core   0: 3 0x8000bb4a (0x4a3f2d23) mem 0x80010000 0x00000001
core   0: 0x8000bb4e (0x0000bfe5) c.j     pc - 8
core   0: 3 0x8000bb4e (0xbfe5)
core   0: 0x8000bb46 (0x00004f17) auipc   t5, 0x4
core   0: 3 0x8000bb46 (0x00004f17) x30 0x8000fb46
core   0: 0x8000bb4a (0x4a3f2d23) sw      gp, 1210(t5)
core   0: 3 0x8000bb4a (0x4a3f2d23) mem 0x80010000 0x00000001
core   0: 0x8000bb4e (0x0000bfe5) c.j     pc - 8
core   0: 3 0x8000bb4e (0xbfe5)
core   0: 0x8000bb46 (0x00004f17) auipc   t5, 0x4
core   0: 3 0x8000bb46 (0x00004f17) x30 0x8000fb46
core   0: 0x8000bb4a (0x4a3f2d23) sw      gp, 1210(t5)
core   0: 3 0x8000bb4a (0x4a3f2d23) mem 0x80010000 0x00000001
core   0: 0x8000bb4e (0x0000bfe5) c.j     pc - 8
core   0: 3 0x8000bb4e (0xbfe5)
core   0: 0x8000bb46 (0x00004f17) auipc   t5, 0x4
core   0: 3 0x8000bb46 (0x00004f17) x30 0x8000fb46
core   0: 0x8000bb4a (0x4a3f2d23) sw      gp, 1210(t5)
core   0: 3 0x8000bb4a (0x4a3f2d23) mem 0x80010000 0x00000001
core   0: 0x8000bb4e (0x0000bfe5) c.j     pc - 8
core   0: 3 0x8000bb4e (0xbfe5)
core   0: 0x8000bb46 (0x00004f17) auipc   t5, 0x4
core   0: 3 0x8000bb46 (0x00004f17) x30 0x8000fb46
core   0: 0x8000bb4a (0x4a3f2d23) sw      gp, 1210(t5)
core   0: 3 0x8000bb4a (0x4a3f2d23) mem 0x80010000 0x00000001
core   0: 0x8000bb4e (0x0000bfe5) c.j     pc - 8
core   0: 3 0x8000bb4e (0xbfe5)
core   0: 0x8000bb46 (0x00004f17) auipc   t5, 0x4
core   0: 3 0x8000bb46 (0x00004f17) x30 0x8000fb46
core   0: 0x8000bb4a (0x4a3f2d23) sw      gp, 1210(t5)
core   0: 3 0x8000bb4a (0x4a3f2d23) mem 0x80010000 0x00000001
core   0: 0x8000bb4e (0x0000bfe5) c.j     pc - 8
core   0: 3 0x8000bb4e (0xbfe5)
core   0: 0x8000bb46 (0x00004f17) auipc   t5, 0x4
core   0: 3 0x8000bb46 (0x00004f17) x30 0x8000fb46
core   0: 0x8000bb4a (0x4a3f2d23) sw      gp, 1210(t5)
core   0: 3 0x8000bb4a (0x4a3f2d23) mem 0x80010000 0x00000001
core   0: 0x8000bb4e (0x0000bfe5) c.j     pc - 8
core   0: 3 0x8000bb4e (0xbfe5)
core   0: 0x8000bb46 (0x00004f17) auipc   t5, 0x4
core   0: 3 0x8000bb46 (0x00004f17) x30 0x8000fb46
core   0: 0x8000bb4a (0x4a3f2d23) sw      gp, 1210(t5)
core   0: 3 0x8000bb4a (0x4a3f2d23) mem 0x80010000 0x00000001
core   0: 0x8000bb4e (0x0000bfe5) c.j     pc - 8
core   0: 3 0x8000bb4e (0xbfe5)
core   0: 0x8000bb46 (0x00004f17) auipc   t5, 0x4
core   0: 3 0x8000bb46 (0x00004f17) x30 0x8000fb46
core   0: 0x8000bb4a (0x4a3f2d23) sw      gp, 1210(t5)
core   0: 3 0x8000bb4a (0x4a3f2d23) mem 0x80010000 0x00000001
core   0: 0x8000bb4e (0x0000bfe5) c.j     pc - 8
core   0: 3 0x8000bb4e (0xbfe5)
core   0: 0x8000bb46 (0x00004f17) auipc   t5, 0x4
core   0: 3 0x8000bb46 (0x00004f17) x30 0x8000fb46
core   0: 0x8000bb4a (0x4a3f2d23) sw      gp, 1210(t5)
core   0: 3 0x8000bb4a (0x4a3f2d23) mem 0x80010000 0x00000001
core   0: 0x8000bb4e (0x0000bfe5) c.j     pc - 8
core   0: 3 0x8000bb4e (0xbfe5)
core   0: 0x8000bb46 (0x00004f17) auipc   t5, 0x4
core   0: 3 0x8000bb46 (0x00004f17) x30 0x8000fb46
core   0: 0x8000bb4a (0x4a3f2d23) sw      gp, 1210(t5)
core   0: 3 0x8000bb4a (0x4a3f2d23) mem 0x80010000 0x00000001
core   0: 0x8000bb4e (0x0000bfe5) c.j     pc - 8
core   0: 3 0x8000bb4e (0xbfe5)
core   0: 0x8000bb46 (0x00004f17) auipc   t5, 0x4
core   0: 3 0x8000bb46 (0x00004f17) x30 0x8000fb46
core   0: 0x8000bb4a (0x4a3f2d23) sw      gp, 1210(t5)
core   0: 3 0x8000bb4a (0x4a3f2d23) mem 0x80010000 0x00000001
core   0: 0x8000bb4e (0x0000bfe5) c.j     pc - 8
core   0: 3 0x8000bb4e (0xbfe5)
core   0: 0x8000bb46 (0x00004f17) auipc   t5, 0x4
core   0: 3 0x8000bb46 (0x00004f17) x30 0x8000fb46
core   0: 0x8000bb4a (0x4a3f2d23) sw      gp, 1210(t5)
core   0: 3 0x8000bb4a (0x4a3f2d23) mem 0x80010000 0x00000001
core   0: 0x8000bb4e (0x0000bfe5) c.j     pc - 8
core   0: 3 0x8000bb4e (0xbfe5)
core   0: 0x8000bb46 (0x00004f17) auipc   t5, 0x4
core   0: 3 0x8000bb46 (0x00004f17) x30 0x8000fb46
core   0: 0x8000bb4a (0x4a3f2d23) sw      gp, 1210(t5)
core   0: 3 0x8000bb4a (0x4a3f2d23) mem 0x80010000 0x00000001
core   0: 0x8000bb4e (0x0000bfe5) c.j     pc - 8
core   0: 3 0x8000bb4e (0xbfe5)
core   0: 0x8000bb46 (0x00004f17) auipc   t5, 0x4
core   0: 3 0x8000bb46 (0x00004f17) x30 0x8000fb46
core   0: 0x8000bb4a (0x4a3f2d23) sw      gp, 1210(t5)
core   0: 3 0x8000bb4a (0x4a3f2d23) mem 0x80010000 0x00000001
core   0: 0x8000bb4e (0x0000bfe5) c.j     pc - 8
core   0: 3 0x8000bb4e (0xbfe5)
core   0: 0x8000bb46 (0x00004f17) auipc   t5, 0x4
core   0: 3 0x8000bb46 (0x00004f17) x30 0x8000fb46
core   0: 0x8000bb4a (0x4a3f2d23) sw      gp, 1210(t5)
core   0: 3 0x8000bb4a (0x4a3f2d23) mem 0x80010000 0x00000001
core   0: 0x8000bb4e (0x0000bfe5) c.j     pc - 8
core   0: 3 0x8000bb4e (0xbfe5)
core   0: 0x8000bb46 (0x00004f17) auipc   t5, 0x4
core   0: 3 0x8000bb46 (0x00004f17) x30 0x8000fb46
core   0: 0x8000bb4a (0x4a3f2d23) sw      gp, 1210(t5)
core   0: 3 0x8000bb4a (0x4a3f2d23) mem 0x80010000 0x00000001
core   0: 0x8000bb4e (0x0000bfe5) c.j     pc - 8
core   0: 3 0x8000bb4e (0xbfe5)
core   0: 0x8000bb46 (0x00004f17) auipc   t5, 0x4
core   0: 3 0x8000bb46 (0x00004f17) x30 0x8000fb46
core   0: 0x8000bb4a (0x4a3f2d23) sw      gp, 1210(t5)
core   0: 3 0x8000bb4a (0x4a3f2d23) mem 0x80010000 0x00000001
core   0: 0x8000bb4e (0x0000bfe5) c.j     pc - 8
core   0: 3 0x8000bb4e (0xbfe5)
core   0: 0x8000bb46 (0x00004f17) auipc   t5, 0x4
core   0: 3 0x8000bb46 (0x00004f17) x30 0x8000fb46
core   0: 0x8000bb4a (0x4a3f2d23) sw      gp, 1210(t5)
core   0: 3 0x8000bb4a (0x4a3f2d23) mem 0x80010000 0x00000001
core   0: 0x8000bb4e (0x0000bfe5) c.j     pc - 8
core   0: 3 0x8000bb4e (0xbfe5)
core   0: 0x8000bb46 (0x00004f17) auipc   t5, 0x4
core   0: 3 0x8000bb46 (0x00004f17) x30 0x8000fb46
core   0: 0x8000bb4a (0x4a3f2d23) sw      gp, 1210(t5)
core   0: 3 0x8000bb4a (0x4a3f2d23) mem 0x80010000 0x00000001
core   0: 0x8000bb4e (0x0000bfe5) c.j     pc - 8
core   0: 3 0x8000bb4e (0xbfe5)
core   0: 0x8000bb46 (0x00004f17) auipc   t5, 0x4
core   0: 3 0x8000bb46 (0x00004f17) x30 0x8000fb46
core   0: 0x8000bb4a (0x4a3f2d23) sw      gp, 1210(t5)
core   0: 3 0x8000bb4a (0x4a3f2d23) mem 0x80010000 0x00000001
core   0: 0x8000bb4e (0x0000bfe5) c.j     pc - 8
core   0: 3 0x8000bb4e (0xbfe5)
core   0: 0x8000bb46 (0x00004f17) auipc   t5, 0x4
core   0: 3 0x8000bb46 (0x00004f17) x30 0x8000fb46
core   0: 0x8000bb4a (0x4a3f2d23) sw      gp, 1210(t5)
core   0: 3 0x8000bb4a (0x4a3f2d23) mem 0x80010000 0x00000001
core   0: 0x8000bb4e (0x0000bfe5) c.j     pc - 8
core   0: 3 0x8000bb4e (0xbfe5)
core   0: 0x8000bb46 (0x00004f17) auipc   t5, 0x4
core   0: 3 0x8000bb46 (0x00004f17) x30 0x8000fb46
core   0: 0x8000bb4a (0x4a3f2d23) sw      gp, 1210(t5)
core   0: 3 0x8000bb4a (0x4a3f2d23) mem 0x80010000 0x00000001
core   0: 0x8000bb4e (0x0000bfe5) c.j     pc - 8
core   0: 3 0x8000bb4e (0xbfe5)
core   0: 0x8000bb46 (0x00004f17) auipc   t5, 0x4
core   0: 3 0x8000bb46 (0x00004f17) x30 0x8000fb46
core   0: 0x8000bb4a (0x4a3f2d23) sw      gp, 1210(t5)
core   0: 3 0x8000bb4a (0x4a3f2d23) mem 0x80010000 0x00000001
core   0: 0x8000bb4e (0x0000bfe5) c.j     pc - 8
core   0: 3 0x8000bb4e (0xbfe5)
core   0: 0x8000bb46 (0x00004f17) auipc   t5, 0x4
core   0: 3 0x8000bb46 (0x00004f17) x30 0x8000fb46
core   0: 0x8000bb4a (0x4a3f2d23) sw      gp, 1210(t5)
core   0: 3 0x8000bb4a (0x4a3f2d23) mem 0x80010000 0x00000001
core   0: 0x8000bb4e (0x0000bfe5) c.j     pc - 8
core   0: 3 0x8000bb4e (0xbfe5)
core   0: 0x8000bb46 (0x00004f17) auipc   t5, 0x4
core   0: 3 0x8000bb46 (0x00004f17) x30 0x8000fb46
core   0: 0x8000bb4a (0x4a3f2d23) sw      gp, 1210(t5)
core   0: 3 0x8000bb4a (0x4a3f2d23) mem 0x80010000 0x00000001
core   0: 0x8000bb4e (0x0000bfe5) c.j     pc - 8
core   0: 3 0x8000bb4e (0xbfe5)
core   0: 0x8000bb46 (0x00004f17) auipc   t5, 0x4
core   0: 3 0x8000bb46 (0x00004f17) x30 0x8000fb46
core   0: 0x8000bb4a (0x4a3f2d23) sw      gp, 1210(t5)
core   0: 3 0x8000bb4a (0x4a3f2d23) mem 0x80010000 0x00000001
core   0: 0x8000bb4e (0x0000bfe5) c.j     pc - 8
core   0: 3 0x8000bb4e (0xbfe5)
core   0: 0x8000bb46 (0x00004f17) auipc   t5, 0x4
core   0: 3 0x8000bb46 (0x00004f17) x30 0x8000fb46
core   0: 0x8000bb4a (0x4a3f2d23) sw      gp, 1210(t5)
core   0: 3 0x8000bb4a (0x4a3f2d23) mem 0x80010000 0x00000001
core   0: 0x8000bb4e (0x0000bfe5) c.j     pc - 8
core   0: 3 0x8000bb4e (0xbfe5)
core   0: 0x8000bb46 (0x00004f17) auipc   t5, 0x4
core   0: 3 0x8000bb46 (0x00004f17) x30 0x8000fb46
core   0: 0x8000bb4a (0x4a3f2d23) sw      gp, 1210(t5)
core   0: 3 0x8000bb4a (0x4a3f2d23) mem 0x80010000 0x00000001
core   0: 0x8000bb4e (0x0000bfe5) c.j     pc - 8
core   0: 3 0x8000bb4e (0xbfe5)
core   0: 0x8000bb46 (0x00004f17) auipc   t5, 0x4
core   0: 3 0x8000bb46 (0x00004f17) x30 0x8000fb46
core   0: 0x8000bb4a (0x4a3f2d23) sw      gp, 1210(t5)
core   0: 3 0x8000bb4a (0x4a3f2d23) mem 0x80010000 0x00000001
core   0: 0x8000bb4e (0x0000bfe5) c.j     pc - 8
core   0: 3 0x8000bb4e (0xbfe5)
core   0: 0x8000bb46 (0x00004f17) auipc   t5, 0x4
core   0: 3 0x8000bb46 (0x00004f17) x30 0x8000fb46
core   0: 0x8000bb4a (0x4a3f2d23) sw      gp, 1210(t5)
core   0: 3 0x8000bb4a (0x4a3f2d23) mem 0x80010000 0x00000001
core   0: 0x8000bb4e (0x0000bfe5) c.j     pc - 8
core   0: 3 0x8000bb4e (0xbfe5)
core   0: 0x8000bb46 (0x00004f17) auipc   t5, 0x4
core   0: 3 0x8000bb46 (0x00004f17) x30 0x8000fb46
core   0: 0x8000bb4a (0x4a3f2d23) sw      gp, 1210(t5)
core   0: 3 0x8000bb4a (0x4a3f2d23) mem 0x80010000 0x00000001
core   0: 0x8000bb4e (0x0000bfe5) c.j     pc - 8
core   0: 3 0x8000bb4e (0xbfe5)
core   0: 0x8000bb46 (0x00004f17) auipc   t5, 0x4
core   0: 3 0x8000bb46 (0x00004f17) x30 0x8000fb46
core   0: 0x8000bb4a (0x4a3f2d23) sw      gp, 1210(t5)
core   0: 3 0x8000bb4a (0x4a3f2d23) mem 0x80010000 0x00000001
core   0: 0x8000bb4e (0x0000bfe5) c.j     pc - 8
core   0: 3 0x8000bb4e (0xbfe5)
core   0: 0x8000bb46 (0x00004f17) auipc   t5, 0x4
core   0: 3 0x8000bb46 (0x00004f17) x30 0x8000fb46
core   0: 0x8000bb4a (0x4a3f2d23) sw      gp, 1210(t5)
core   0: 3 0x8000bb4a (0x4a3f2d23) mem 0x80010000 0x00000001
core   0: 0x8000bb4e (0x0000bfe5) c.j     pc - 8
core   0: 3 0x8000bb4e (0xbfe5)
core   0: 0x8000bb46 (0x00004f17) auipc   t5, 0x4
core   0: 3 0x8000bb46 (0x00004f17) x30 0x8000fb46
core   0: 0x8000bb4a (0x4a3f2d23) sw      gp, 1210(t5)
core   0: 3 0x8000bb4a (0x4a3f2d23) mem 0x80010000 0x00000001
core   0: 0x8000bb4e (0x0000bfe5) c.j     pc - 8
core   0: 3 0x8000bb4e (0xbfe5)
core   0: 0x8000bb46 (0x00004f17) auipc   t5, 0x4
core   0: 3 0x8000bb46 (0x00004f17) x30 0x8000fb46
core   0: 0x8000bb4a (0x4a3f2d23) sw      gp, 1210(t5)
core   0: 3 0x8000bb4a (0x4a3f2d23) mem 0x80010000 0x00000001
core   0: 0x8000bb4e (0x0000bfe5) c.j     pc - 8
core   0: 3 0x8000bb4e (0xbfe5)
core   0: 0x8000bb46 (0x00004f17) auipc   t5, 0x4
core   0: 3 0x8000bb46 (0x00004f17) x30 0x8000fb46
core   0: 0x8000bb4a (0x4a3f2d23) sw      gp, 1210(t5)
core   0: 3 0x8000bb4a (0x4a3f2d23) mem 0x80010000 0x00000001
core   0: 0x8000bb4e (0x0000bfe5) c.j     pc - 8
core   0: 3 0x8000bb4e (0xbfe5)
core   0: 0x8000bb46 (0x00004f17) auipc   t5, 0x4
core   0: 3 0x8000bb46 (0x00004f17) x30 0x8000fb46
core   0: 0x8000bb4a (0x4a3f2d23) sw      gp, 1210(t5)
core   0: 3 0x8000bb4a (0x4a3f2d23) mem 0x80010000 0x00000001
core   0: 0x8000bb4e (0x0000bfe5) c.j     pc - 8
core   0: 3 0x8000bb4e (0xbfe5)
core   0: 0x8000bb46 (0x00004f17) auipc   t5, 0x4
core   0: 3 0x8000bb46 (0x00004f17) x30 0x8000fb46
core   0: 0x8000bb4a (0x4a3f2d23) sw      gp, 1210(t5)
core   0: 3 0x8000bb4a (0x4a3f2d23) mem 0x80010000 0x00000001
core   0: 0x8000bb4e (0x0000bfe5) c.j     pc - 8
core   0: 3 0x8000bb4e (0xbfe5)
core   0: 0x8000bb46 (0x00004f17) auipc   t5, 0x4
core   0: 3 0x8000bb46 (0x00004f17) x30 0x8000fb46
core   0: 0x8000bb4a (0x4a3f2d23) sw      gp, 1210(t5)
core   0: 3 0x8000bb4a (0x4a3f2d23) mem 0x80010000 0x00000001
core   0: 0x8000bb4e (0x0000bfe5) c.j     pc - 8
core   0: 3 0x8000bb4e (0xbfe5)
core   0: 0x8000bb46 (0x00004f17) auipc   t5, 0x4
core   0: 3 0x8000bb46 (0x00004f17) x30 0x8000fb46
core   0: 0x8000bb4a (0x4a3f2d23) sw      gp, 1210(t5)
core   0: 3 0x8000bb4a (0x4a3f2d23) mem 0x80010000 0x00000001
core   0: 0x8000bb4e (0x0000bfe5) c.j     pc - 8
core   0: 3 0x8000bb4e (0xbfe5)
core   0: 0x8000bb46 (0x00004f17) auipc   t5, 0x4
core   0: 3 0x8000bb46 (0x00004f17) x30 0x8000fb46
core   0: 0x8000bb4a (0x4a3f2d23) sw      gp, 1210(t5)
core   0: 3 0x8000bb4a (0x4a3f2d23) mem 0x80010000 0x00000001
core   0: 0x8000bb4e (0x0000bfe5) c.j     pc - 8
core   0: 3 0x8000bb4e (0xbfe5)
core   0: 0x8000bb46 (0x00004f17) auipc   t5, 0x4
core   0: 3 0x8000bb46 (0x00004f17) x30 0x8000fb46
core   0: 0x8000bb4a (0x4a3f2d23) sw      gp, 1210(t5)
core   0: 3 0x8000bb4a (0x4a3f2d23) mem 0x80010000 0x00000001
core   0: 0x8000bb4e (0x0000bfe5) c.j     pc - 8
core   0: 3 0x8000bb4e (0xbfe5)
core   0: 0x8000bb46 (0x00004f17) auipc   t5, 0x4
core   0: 3 0x8000bb46 (0x00004f17) x30 0x8000fb46
core   0: 0x8000bb4a (0x4a3f2d23) sw      gp, 1210(t5)
core   0: 3 0x8000bb4a (0x4a3f2d23) mem 0x80010000 0x00000001
core   0: 0x8000bb4e (0x0000bfe5) c.j     pc - 8
core   0: 3 0x8000bb4e (0xbfe5)
core   0: 0x8000bb46 (0x00004f17) auipc   t5, 0x4
core   0: 3 0x8000bb46 (0x00004f17) x30 0x8000fb46
core   0: 0x8000bb4a (0x4a3f2d23) sw      gp, 1210(t5)
core   0: 3 0x8000bb4a (0x4a3f2d23) mem 0x80010000 0x00000001
core   0: 0x8000bb4e (0x0000bfe5) c.j     pc - 8
core   0: 3 0x8000bb4e (0xbfe5)
core   0: 0x8000bb46 (0x00004f17) auipc   t5, 0x4
core   0: 3 0x8000bb46 (0x00004f17) x30 0x8000fb46
core   0: 0x8000bb4a (0x4a3f2d23) sw      gp, 1210(t5)
core   0: 3 0x8000bb4a (0x4a3f2d23) mem 0x80010000 0x00000001
core   0: 0x8000bb4e (0x0000bfe5) c.j     pc - 8
core   0: 3 0x8000bb4e (0xbfe5)
core   0: 0x8000bb46 (0x00004f17) auipc   t5, 0x4
core   0: 3 0x8000bb46 (0x00004f17) x30 0x8000fb46
core   0: 0x8000bb4a (0x4a3f2d23) sw      gp, 1210(t5)
core   0: 3 0x8000bb4a (0x4a3f2d23) mem 0x80010000 0x00000001
core   0: 0x8000bb4e (0x0000bfe5) c.j     pc - 8
core   0: 3 0x8000bb4e (0xbfe5)
core   0: 0x8000bb46 (0x00004f17) auipc   t5, 0x4
core   0: 3 0x8000bb46 (0x00004f17) x30 0x8000fb46
core   0: 0x8000bb4a (0x4a3f2d23) sw      gp, 1210(t5)
core   0: 3 0x8000bb4a (0x4a3f2d23) mem 0x80010000 0x00000001
core   0: 0x8000bb4e (0x0000bfe5) c.j     pc - 8
core   0: 3 0x8000bb4e (0xbfe5)
core   0: 0x8000bb46 (0x00004f17) auipc   t5, 0x4
core   0: 3 0x8000bb46 (0x00004f17) x30 0x8000fb46
core   0: 0x8000bb4a (0x4a3f2d23) sw      gp, 1210(t5)
core   0: 3 0x8000bb4a (0x4a3f2d23) mem 0x80010000 0x00000001
core   0: 0x8000bb4e (0x0000bfe5) c.j     pc - 8
core   0: 3 0x8000bb4e (0xbfe5)
core   0: 0x8000bb46 (0x00004f17) auipc   t5, 0x4
core   0: 3 0x8000bb46 (0x00004f17) x30 0x8000fb46
core   0: 0x8000bb4a (0x4a3f2d23) sw      gp, 1210(t5)
core   0: 3 0x8000bb4a (0x4a3f2d23) mem 0x80010000 0x00000001
core   0: 0x8000bb4e (0x0000bfe5) c.j     pc - 8
core   0: 3 0x8000bb4e (0xbfe5)
core   0: 0x8000bb46 (0x00004f17) auipc   t5, 0x4
core   0: 3 0x8000bb46 (0x00004f17) x30 0x8000fb46
core   0: 0x8000bb4a (0x4a3f2d23) sw      gp, 1210(t5)
core   0: 3 0x8000bb4a (0x4a3f2d23) mem 0x80010000 0x00000001
core   0: 0x8000bb4e (0x0000bfe5) c.j     pc - 8
core   0: 3 0x8000bb4e (0xbfe5)
core   0: 0x8000bb46 (0x00004f17) auipc   t5, 0x4
core   0: 3 0x8000bb46 (0x00004f17) x30 0x8000fb46
core   0: 0x8000bb4a (0x4a3f2d23) sw      gp, 1210(t5)
core   0: 3 0x8000bb4a (0x4a3f2d23) mem 0x80010000 0x00000001
core   0: 0x8000bb4e (0x0000bfe5) c.j     pc - 8
core   0: 3 0x8000bb4e (0xbfe5)
core   0: 0x8000bb46 (0x00004f17) auipc   t5, 0x4
core   0: 3 0x8000bb46 (0x00004f17) x30 0x8000fb46
core   0: 0x8000bb4a (0x4a3f2d23) sw      gp, 1210(t5)
core   0: 3 0x8000bb4a (0x4a3f2d23) mem 0x80010000 0x00000001
core   0: 0x8000bb4e (0x0000bfe5) c.j     pc - 8
core   0: 3 0x8000bb4e (0xbfe5)
core   0: 0x8000bb46 (0x00004f17) auipc   t5, 0x4
core   0: 3 0x8000bb46 (0x00004f17) x30 0x8000fb46
core   0: 0x8000bb4a (0x4a3f2d23) sw      gp, 1210(t5)
core   0: 3 0x8000bb4a (0x4a3f2d23) mem 0x80010000 0x00000001
core   0: 0x8000bb4e (0x0000bfe5) c.j     pc - 8
core   0: 3 0x8000bb4e (0xbfe5)
core   0: 0x8000bb46 (0x00004f17) auipc   t5, 0x4
core   0: 3 0x8000bb46 (0x00004f17) x30 0x8000fb46
core   0: 0x8000bb4a (0x4a3f2d23) sw      gp, 1210(t5)
core   0: 3 0x8000bb4a (0x4a3f2d23) mem 0x80010000 0x00000001
core   0: 0x8000bb4e (0x0000bfe5) c.j     pc - 8
core   0: 3 0x8000bb4e (0xbfe5)
core   0: 0x8000bb46 (0x00004f17) auipc   t5, 0x4
core   0: 3 0x8000bb46 (0x00004f17) x30 0x8000fb46
core   0: 0x8000bb4a (0x4a3f2d23) sw      gp, 1210(t5)
core   0: 3 0x8000bb4a (0x4a3f2d23) mem 0x80010000 0x00000001
core   0: 0x8000bb4e (0x0000bfe5) c.j     pc - 8
core   0: 3 0x8000bb4e (0xbfe5)
core   0: 0x8000bb46 (0x00004f17) auipc   t5, 0x4
core   0: 3 0x8000bb46 (0x00004f17) x30 0x8000fb46
core   0: 0x8000bb4a (0x4a3f2d23) sw      gp, 1210(t5)
core   0: 3 0x8000bb4a (0x4a3f2d23) mem 0x80010000 0x00000001
core   0: 0x8000bb4e (0x0000bfe5) c.j     pc - 8
core   0: 3 0x8000bb4e (0xbfe5)
core   0: 0x8000bb46 (0x00004f17) auipc   t5, 0x4
core   0: 3 0x8000bb46 (0x00004f17) x30 0x8000fb46
core   0: 0x8000bb4a (0x4a3f2d23) sw      gp, 1210(t5)
core   0: 3 0x8000bb4a (0x4a3f2d23) mem 0x80010000 0x00000001
core   0: 0x8000bb4e (0x0000bfe5) c.j     pc - 8
core   0: 3 0x8000bb4e (0xbfe5)
core   0: 0x8000bb46 (0x00004f17) auipc   t5, 0x4
core   0: 3 0x8000bb46 (0x00004f17) x30 0x8000fb46
core   0: 0x8000bb4a (0x4a3f2d23) sw      gp, 1210(t5)
core   0: 3 0x8000bb4a (0x4a3f2d23) mem 0x80010000 0x00000001
core   0: 0x8000bb4e (0x0000bfe5) c.j     pc - 8
core   0: 3 0x8000bb4e (0xbfe5)
core   0: 0x8000bb46 (0x00004f17) auipc   t5, 0x4
core   0: 3 0x8000bb46 (0x00004f17) x30 0x8000fb46
core   0: 0x8000bb4a (0x4a3f2d23) sw      gp, 1210(t5)
core   0: 3 0x8000bb4a (0x4a3f2d23) mem 0x80010000 0x00000001
core   0: 0x8000bb4e (0x0000bfe5) c.j     pc - 8
core   0: 3 0x8000bb4e (0xbfe5)
core   0: 0x8000bb46 (0x00004f17) auipc   t5, 0x4
core   0: 3 0x8000bb46 (0x00004f17) x30 0x8000fb46
core   0: 0x8000bb4a (0x4a3f2d23) sw      gp, 1210(t5)
core   0: 3 0x8000bb4a (0x4a3f2d23) mem 0x80010000 0x00000001
core   0: 0x8000bb4e (0x0000bfe5) c.j     pc - 8
core   0: 3 0x8000bb4e (0xbfe5)
core   0: 0x8000bb46 (0x00004f17) auipc   t5, 0x4
core   0: 3 0x8000bb46 (0x00004f17) x30 0x8000fb46
core   0: 0x8000bb4a (0x4a3f2d23) sw      gp, 1210(t5)
core   0: 3 0x8000bb4a (0x4a3f2d23) mem 0x80010000 0x00000001
core   0: 0x8000bb4e (0x0000bfe5) c.j     pc - 8
core   0: 3 0x8000bb4e (0xbfe5)
core   0: 0x8000bb46 (0x00004f17) auipc   t5, 0x4
core   0: 3 0x8000bb46 (0x00004f17) x30 0x8000fb46
core   0: 0x8000bb4a (0x4a3f2d23) sw      gp, 1210(t5)
core   0: 3 0x8000bb4a (0x4a3f2d23) mem 0x80010000 0x00000001
core   0: 0x8000bb4e (0x0000bfe5) c.j     pc - 8
core   0: 3 0x8000bb4e (0xbfe5)
core   0: 0x8000bb46 (0x00004f17) auipc   t5, 0x4
core   0: 3 0x8000bb46 (0x00004f17) x30 0x8000fb46
core   0: 0x8000bb4a (0x4a3f2d23) sw      gp, 1210(t5)
core   0: 3 0x8000bb4a (0x4a3f2d23) mem 0x80010000 0x00000001
core   0: 0x8000bb4e (0x0000bfe5) c.j     pc - 8
core   0: 3 0x8000bb4e (0xbfe5)
core   0: 0x8000bb46 (0x00004f17) auipc   t5, 0x4
core   0: 3 0x8000bb46 (0x00004f17) x30 0x8000fb46
core   0: 0x8000bb4a (0x4a3f2d23) sw      gp, 1210(t5)
core   0: 3 0x8000bb4a (0x4a3f2d23) mem 0x80010000 0x00000001
core   0: 0x8000bb4e (0x0000bfe5) c.j     pc - 8
core   0: 3 0x8000bb4e (0xbfe5)
core   0: 0x8000bb46 (0x00004f17) auipc   t5, 0x4
core   0: 3 0x8000bb46 (0x00004f17) x30 0x8000fb46
core   0: 0x8000bb4a (0x4a3f2d23) sw      gp, 1210(t5)
core   0: 3 0x8000bb4a (0x4a3f2d23) mem 0x80010000 0x00000001
core   0: 0x8000bb4e (0x0000bfe5) c.j     pc - 8
core   0: 3 0x8000bb4e (0xbfe5)
core   0: 0x8000bb46 (0x00004f17) auipc   t5, 0x4
core   0: 3 0x8000bb46 (0x00004f17) x30 0x8000fb46
core   0: 0x8000bb4a (0x4a3f2d23) sw      gp, 1210(t5)
core   0: 3 0x8000bb4a (0x4a3f2d23) mem 0x80010000 0x00000001
core   0: 0x8000bb4e (0x0000bfe5) c.j     pc - 8
core   0: 3 0x8000bb4e (0xbfe5)
core   0: 0x8000bb46 (0x00004f17) auipc   t5, 0x4
core   0: 3 0x8000bb46 (0x00004f17) x30 0x8000fb46
core   0: 0x8000bb4a (0x4a3f2d23) sw      gp, 1210(t5)
core   0: 3 0x8000bb4a (0x4a3f2d23) mem 0x80010000 0x00000001
core   0: 0x8000bb4e (0x0000bfe5) c.j     pc - 8
core   0: 3 0x8000bb4e (0xbfe5)
core   0: 0x8000bb46 (0x00004f17) auipc   t5, 0x4
core   0: 3 0x8000bb46 (0x00004f17) x30 0x8000fb46
core   0: 0x8000bb4a (0x4a3f2d23) sw      gp, 1210(t5)
core   0: 3 0x8000bb4a (0x4a3f2d23) mem 0x80010000 0x00000001
core   0: 0x8000bb4e (0x0000bfe5) c.j     pc - 8
core   0: 3 0x8000bb4e (0xbfe5)
core   0: 0x8000bb46 (0x00004f17) auipc   t5, 0x4
core   0: 3 0x8000bb46 (0x00004f17) x30 0x8000fb46
core   0: 0x8000bb4a (0x4a3f2d23) sw      gp, 1210(t5)
core   0: 3 0x8000bb4a (0x4a3f2d23) mem 0x80010000 0x00000001
core   0: 0x8000bb4e (0x0000bfe5) c.j     pc - 8
core   0: 3 0x8000bb4e (0xbfe5)
core   0: 0x8000bb46 (0x00004f17) auipc   t5, 0x4
core   0: 3 0x8000bb46 (0x00004f17) x30 0x8000fb46
core   0: 0x8000bb4a (0x4a3f2d23) sw      gp, 1210(t5)
core   0: 3 0x8000bb4a (0x4a3f2d23) mem 0x80010000 0x00000001
core   0: 0x8000bb4e (0x0000bfe5) c.j     pc - 8
core   0: 3 0x8000bb4e (0xbfe5)
core   0: 0x8000bb46 (0x00004f17) auipc   t5, 0x4
core   0: 3 0x8000bb46 (0x00004f17) x30 0x8000fb46
core   0: 0x8000bb4a (0x4a3f2d23) sw      gp, 1210(t5)
core   0: 3 0x8000bb4a (0x4a3f2d23) mem 0x80010000 0x00000001
core   0: 0x8000bb4e (0x0000bfe5) c.j     pc - 8
core   0: 3 0x8000bb4e (0xbfe5)
core   0: 0x8000bb46 (0x00004f17) auipc   t5, 0x4
core   0: 3 0x8000bb46 (0x00004f17) x30 0x8000fb46
core   0: 0x8000bb4a (0x4a3f2d23) sw      gp, 1210(t5)
core   0: 3 0x8000bb4a (0x4a3f2d23) mem 0x80010000 0x00000001
core   0: 0x8000bb4e (0x0000bfe5) c.j     pc - 8
core   0: 3 0x8000bb4e (0xbfe5)
core   0: 0x8000bb46 (0x00004f17) auipc   t5, 0x4
core   0: 3 0x8000bb46 (0x00004f17) x30 0x8000fb46
core   0: 0x8000bb4a (0x4a3f2d23) sw      gp, 1210(t5)
core   0: 3 0x8000bb4a (0x4a3f2d23) mem 0x80010000 0x00000001
core   0: 0x8000bb4e (0x0000bfe5) c.j     pc - 8
core   0: 3 0x8000bb4e (0xbfe5)
core   0: 0x8000bb46 (0x00004f17) auipc   t5, 0x4
core   0: 3 0x8000bb46 (0x00004f17) x30 0x8000fb46
core   0: 0x8000bb4a (0x4a3f2d23) sw      gp, 1210(t5)
core   0: 3 0x8000bb4a (0x4a3f2d23) mem 0x80010000 0x00000001
core   0: 0x8000bb4e (0x0000bfe5) c.j     pc - 8
core   0: 3 0x8000bb4e (0xbfe5)
core   0: 0x8000bb46 (0x00004f17) auipc   t5, 0x4
core   0: 3 0x8000bb46 (0x00004f17) x30 0x8000fb46
core   0: 0x8000bb4a (0x4a3f2d23) sw      gp, 1210(t5)
core   0: 3 0x8000bb4a (0x4a3f2d23) mem 0x80010000 0x00000001
core   0: 0x8000bb4e (0x0000bfe5) c.j     pc - 8
core   0: 3 0x8000bb4e (0xbfe5)
core   0: 0x8000bb46 (0x00004f17) auipc   t5, 0x4
core   0: 3 0x8000bb46 (0x00004f17) x30 0x8000fb46
core   0: 0x8000bb4a (0x4a3f2d23) sw      gp, 1210(t5)
core   0: 3 0x8000bb4a (0x4a3f2d23) mem 0x80010000 0x00000001
core   0: 0x8000bb4e (0x0000bfe5) c.j     pc - 8
core   0: 3 0x8000bb4e (0xbfe5)
core   0: 0x8000bb46 (0x00004f17) auipc   t5, 0x4
core   0: 3 0x8000bb46 (0x00004f17) x30 0x8000fb46
core   0: 0x8000bb4a (0x4a3f2d23) sw      gp, 1210(t5)
core   0: 3 0x8000bb4a (0x4a3f2d23) mem 0x80010000 0x00000001
core   0: 0x8000bb4e (0x0000bfe5) c.j     pc - 8
core   0: 3 0x8000bb4e (0xbfe5)
core   0: 0x8000bb46 (0x00004f17) auipc   t5, 0x4
core   0: 3 0x8000bb46 (0x00004f17) x30 0x8000fb46
core   0: 0x8000bb4a (0x4a3f2d23) sw      gp, 1210(t5)
core   0: 3 0x8000bb4a (0x4a3f2d23) mem 0x80010000 0x00000001
core   0: 0x8000bb4e (0x0000bfe5) c.j     pc - 8
core   0: 3 0x8000bb4e (0xbfe5)
core   0: 0x8000bb46 (0x00004f17) auipc   t5, 0x4
core   0: 3 0x8000bb46 (0x00004f17) x30 0x8000fb46
core   0: 0x8000bb4a (0x4a3f2d23) sw      gp, 1210(t5)
core   0: 3 0x8000bb4a (0x4a3f2d23) mem 0x80010000 0x00000001
core   0: 0x8000bb4e (0x0000bfe5) c.j     pc - 8
core   0: 3 0x8000bb4e (0xbfe5)
core   0: 0x8000bb46 (0x00004f17) auipc   t5, 0x4
core   0: 3 0x8000bb46 (0x00004f17) x30 0x8000fb46
core   0: 0x8000bb4a (0x4a3f2d23) sw      gp, 1210(t5)
core   0: 3 0x8000bb4a (0x4a3f2d23) mem 0x80010000 0x00000001
core   0: 0x8000bb4e (0x0000bfe5) c.j     pc - 8
core   0: 3 0x8000bb4e (0xbfe5)
core   0: 0x8000bb46 (0x00004f17) auipc   t5, 0x4
core   0: 3 0x8000bb46 (0x00004f17) x30 0x8000fb46
core   0: 0x8000bb4a (0x4a3f2d23) sw      gp, 1210(t5)
core   0: 3 0x8000bb4a (0x4a3f2d23) mem 0x80010000 0x00000001
core   0: 0x8000bb4e (0x0000bfe5) c.j     pc - 8
core   0: 3 0x8000bb4e (0xbfe5)
core   0: 0x8000bb46 (0x00004f17) auipc   t5, 0x4
core   0: 3 0x8000bb46 (0x00004f17) x30 0x8000fb46
core   0: 0x8000bb4a (0x4a3f2d23) sw      gp, 1210(t5)
core   0: 3 0x8000bb4a (0x4a3f2d23) mem 0x80010000 0x00000001
core   0: 0x8000bb4e (0x0000bfe5) c.j     pc - 8
core   0: 3 0x8000bb4e (0xbfe5)
core   0: 0x8000bb46 (0x00004f17) auipc   t5, 0x4
core   0: 3 0x8000bb46 (0x00004f17) x30 0x8000fb46
core   0: 0x8000bb4a (0x4a3f2d23) sw      gp, 1210(t5)
core   0: 3 0x8000bb4a (0x4a3f2d23) mem 0x80010000 0x00000001
core   0: 0x8000bb4e (0x0000bfe5) c.j     pc - 8
core   0: 3 0x8000bb4e (0xbfe5)
core   0: 0x8000bb46 (0x00004f17) auipc   t5, 0x4
core   0: 3 0x8000bb46 (0x00004f17) x30 0x8000fb46
core   0: 0x8000bb4a (0x4a3f2d23) sw      gp, 1210(t5)
core   0: 3 0x8000bb4a (0x4a3f2d23) mem 0x80010000 0x00000001
core   0: 0x8000bb4e (0x0000bfe5) c.j     pc - 8
core   0: 3 0x8000bb4e (0xbfe5)
core   0: 0x8000bb46 (0x00004f17) auipc   t5, 0x4
core   0: 3 0x8000bb46 (0x00004f17) x30 0x8000fb46
core   0: 0x8000bb4a (0x4a3f2d23) sw      gp, 1210(t5)
core   0: 3 0x8000bb4a (0x4a3f2d23) mem 0x80010000 0x00000001
core   0: 0x8000bb4e (0x0000bfe5) c.j     pc - 8
core   0: 3 0x8000bb4e (0xbfe5)
core   0: 0x8000bb46 (0x00004f17) auipc   t5, 0x4
core   0: 3 0x8000bb46 (0x00004f17) x30 0x8000fb46
core   0: 0x8000bb4a (0x4a3f2d23) sw      gp, 1210(t5)
core   0: 3 0x8000bb4a (0x4a3f2d23) mem 0x80010000 0x00000001
core   0: 0x8000bb4e (0x0000bfe5) c.j     pc - 8
core   0: 3 0x8000bb4e (0xbfe5)
core   0: 0x8000bb46 (0x00004f17) auipc   t5, 0x4
core   0: 3 0x8000bb46 (0x00004f17) x30 0x8000fb46
core   0: 0x8000bb4a (0x4a3f2d23) sw      gp, 1210(t5)
core   0: 3 0x8000bb4a (0x4a3f2d23) mem 0x80010000 0x00000001
core   0: 0x8000bb4e (0x0000bfe5) c.j     pc - 8
core   0: 3 0x8000bb4e (0xbfe5)
core   0: 0x8000bb46 (0x00004f17) auipc   t5, 0x4
core   0: 3 0x8000bb46 (0x00004f17) x30 0x8000fb46
core   0: 0x8000bb4a (0x4a3f2d23) sw      gp, 1210(t5)
core   0: 3 0x8000bb4a (0x4a3f2d23) mem 0x80010000 0x00000001
core   0: 0x8000bb4e (0x0000bfe5) c.j     pc - 8
core   0: 3 0x8000bb4e (0xbfe5)
core   0: 0x8000bb46 (0x00004f17) auipc   t5, 0x4
core   0: 3 0x8000bb46 (0x00004f17) x30 0x8000fb46
core   0: 0x8000bb4a (0x4a3f2d23) sw      gp, 1210(t5)
core   0: 3 0x8000bb4a (0x4a3f2d23) mem 0x80010000 0x00000001
core   0: 0x8000bb4e (0x0000bfe5) c.j     pc - 8
core   0: 3 0x8000bb4e (0xbfe5)
core   0: 0x8000bb46 (0x00004f17) auipc   t5, 0x4
core   0: 3 0x8000bb46 (0x00004f17) x30 0x8000fb46
core   0: 0x8000bb4a (0x4a3f2d23) sw      gp, 1210(t5)
core   0: 3 0x8000bb4a (0x4a3f2d23) mem 0x80010000 0x00000001
core   0: 0x8000bb4e (0x0000bfe5) c.j     pc - 8
core   0: 3 0x8000bb4e (0xbfe5)
core   0: 0x8000bb46 (0x00004f17) auipc   t5, 0x4
core   0: 3 0x8000bb46 (0x00004f17) x30 0x8000fb46
core   0: 0x8000bb4a (0x4a3f2d23) sw      gp, 1210(t5)
core   0: 3 0x8000bb4a (0x4a3f2d23) mem 0x80010000 0x00000001
core   0: 0x8000bb4e (0x0000bfe5) c.j     pc - 8
core   0: 3 0x8000bb4e (0xbfe5)
core   0: 0x8000bb46 (0x00004f17) auipc   t5, 0x4
core   0: 3 0x8000bb46 (0x00004f17) x30 0x8000fb46
core   0: 0x8000bb4a (0x4a3f2d23) sw      gp, 1210(t5)
core   0: 3 0x8000bb4a (0x4a3f2d23) mem 0x80010000 0x00000001
core   0: 0x8000bb4e (0x0000bfe5) c.j     pc - 8
core   0: 3 0x8000bb4e (0xbfe5)
core   0: 0x8000bb46 (0x00004f17) auipc   t5, 0x4
core   0: 3 0x8000bb46 (0x00004f17) x30 0x8000fb46
core   0: 0x8000bb4a (0x4a3f2d23) sw      gp, 1210(t5)
core   0: 3 0x8000bb4a (0x4a3f2d23) mem 0x80010000 0x00000001
core   0: 0x8000bb4e (0x0000bfe5) c.j     pc - 8
core   0: 3 0x8000bb4e (0xbfe5)
core   0: 0x8000bb46 (0x00004f17) auipc   t5, 0x4
core   0: 3 0x8000bb46 (0x00004f17) x30 0x8000fb46
core   0: 0x8000bb4a (0x4a3f2d23) sw      gp, 1210(t5)
core   0: 3 0x8000bb4a (0x4a3f2d23) mem 0x80010000 0x00000001
core   0: 0x8000bb4e (0x0000bfe5) c.j     pc - 8
core   0: 3 0x8000bb4e (0xbfe5)
core   0: 0x8000bb46 (0x00004f17) auipc   t5, 0x4
core   0: 3 0x8000bb46 (0x00004f17) x30 0x8000fb46
core   0: 0x8000bb4a (0x4a3f2d23) sw      gp, 1210(t5)
core   0: 3 0x8000bb4a (0x4a3f2d23) mem 0x80010000 0x00000001
core   0: 0x8000bb4e (0x0000bfe5) c.j     pc - 8
core   0: 3 0x8000bb4e (0xbfe5)
core   0: 0x8000bb46 (0x00004f17) auipc   t5, 0x4
core   0: 3 0x8000bb46 (0x00004f17) x30 0x8000fb46
core   0: 0x8000bb4a (0x4a3f2d23) sw      gp, 1210(t5)
core   0: 3 0x8000bb4a (0x4a3f2d23) mem 0x80010000 0x00000001
core   0: 0x8000bb4e (0x0000bfe5) c.j     pc - 8
core   0: 3 0x8000bb4e (0xbfe5)
core   0: 0x8000bb46 (0x00004f17) auipc   t5, 0x4
core   0: 3 0x8000bb46 (0x00004f17) x30 0x8000fb46
core   0: 0x8000bb4a (0x4a3f2d23) sw      gp, 1210(t5)
core   0: 3 0x8000bb4a (0x4a3f2d23) mem 0x80010000 0x00000001
core   0: 0x8000bb4e (0x0000bfe5) c.j     pc - 8
core   0: 3 0x8000bb4e (0xbfe5)
core   0: 0x8000bb46 (0x00004f17) auipc   t5, 0x4
core   0: 3 0x8000bb46 (0x00004f17) x30 0x8000fb46
core   0: 0x8000bb4a (0x4a3f2d23) sw      gp, 1210(t5)
core   0: 3 0x8000bb4a (0x4a3f2d23) mem 0x80010000 0x00000001
core   0: 0x8000bb4e (0x0000bfe5) c.j     pc - 8
core   0: 3 0x8000bb4e (0xbfe5)
core   0: 0x8000bb46 (0x00004f17) auipc   t5, 0x4
core   0: 3 0x8000bb46 (0x00004f17) x30 0x8000fb46
core   0: 0x8000bb4a (0x4a3f2d23) sw      gp, 1210(t5)
core   0: 3 0x8000bb4a (0x4a3f2d23) mem 0x80010000 0x00000001
core   0: 0x8000bb4e (0x0000bfe5) c.j     pc - 8
core   0: 3 0x8000bb4e (0xbfe5)
core   0: 0x8000bb46 (0x00004f17) auipc   t5, 0x4
core   0: 3 0x8000bb46 (0x00004f17) x30 0x8000fb46
core   0: 0x8000bb4a (0x4a3f2d23) sw      gp, 1210(t5)
core   0: 3 0x8000bb4a (0x4a3f2d23) mem 0x80010000 0x00000001
core   0: 0x8000bb4e (0x0000bfe5) c.j     pc - 8
core   0: 3 0x8000bb4e (0xbfe5)
core   0: 0x8000bb46 (0x00004f17) auipc   t5, 0x4
core   0: 3 0x8000bb46 (0x00004f17) x30 0x8000fb46
core   0: 0x8000bb4a (0x4a3f2d23) sw      gp, 1210(t5)
core   0: 3 0x8000bb4a (0x4a3f2d23) mem 0x80010000 0x00000001
core   0: 0x8000bb4e (0x0000bfe5) c.j     pc - 8
core   0: 3 0x8000bb4e (0xbfe5)
core   0: 0x8000bb46 (0x00004f17) auipc   t5, 0x4
core   0: 3 0x8000bb46 (0x00004f17) x30 0x8000fb46
core   0: 0x8000bb4a (0x4a3f2d23) sw      gp, 1210(t5)
core   0: 3 0x8000bb4a (0x4a3f2d23) mem 0x80010000 0x00000001
core   0: 0x8000bb4e (0x0000bfe5) c.j     pc - 8
core   0: 3 0x8000bb4e (0xbfe5)
core   0: 0x8000bb46 (0x00004f17) auipc   t5, 0x4
core   0: 3 0x8000bb46 (0x00004f17) x30 0x8000fb46
core   0: 0x8000bb4a (0x4a3f2d23) sw      gp, 1210(t5)
core   0: 3 0x8000bb4a (0x4a3f2d23) mem 0x80010000 0x00000001
core   0: 0x8000bb4e (0x0000bfe5) c.j     pc - 8
core   0: 3 0x8000bb4e (0xbfe5)
core   0: 0x8000bb46 (0x00004f17) auipc   t5, 0x4
core   0: 3 0x8000bb46 (0x00004f17) x30 0x8000fb46
core   0: 0x8000bb4a (0x4a3f2d23) sw      gp, 1210(t5)
core   0: 3 0x8000bb4a (0x4a3f2d23) mem 0x80010000 0x00000001
core   0: 0x8000bb4e (0x0000bfe5) c.j     pc - 8
core   0: 3 0x8000bb4e (0xbfe5)
core   0: 0x8000bb46 (0x00004f17) auipc   t5, 0x4
core   0: 3 0x8000bb46 (0x00004f17) x30 0x8000fb46
core   0: 0x8000bb4a (0x4a3f2d23) sw      gp, 1210(t5)
core   0: 3 0x8000bb4a (0x4a3f2d23) mem 0x80010000 0x00000001
core   0: 0x8000bb4e (0x0000bfe5) c.j     pc - 8
core   0: 3 0x8000bb4e (0xbfe5)
core   0: 0x8000bb46 (0x00004f17) auipc   t5, 0x4
core   0: 3 0x8000bb46 (0x00004f17) x30 0x8000fb46
core   0: 0x8000bb4a (0x4a3f2d23) sw      gp, 1210(t5)
core   0: 3 0x8000bb4a (0x4a3f2d23) mem 0x80010000 0x00000001
core   0: 0x8000bb4e (0x0000bfe5) c.j     pc - 8
core   0: 3 0x8000bb4e (0xbfe5)
core   0: 0x8000bb46 (0x00004f17) auipc   t5, 0x4
core   0: 3 0x8000bb46 (0x00004f17) x30 0x8000fb46
core   0: 0x8000bb4a (0x4a3f2d23) sw      gp, 1210(t5)
core   0: 3 0x8000bb4a (0x4a3f2d23) mem 0x80010000 0x00000001
core   0: 0x8000bb4e (0x0000bfe5) c.j     pc - 8
core   0: 3 0x8000bb4e (0xbfe5)
core   0: 0x8000bb46 (0x00004f17) auipc   t5, 0x4
core   0: 3 0x8000bb46 (0x00004f17) x30 0x8000fb46
core   0: 0x8000bb4a (0x4a3f2d23) sw      gp, 1210(t5)
core   0: 3 0x8000bb4a (0x4a3f2d23) mem 0x80010000 0x00000001
core   0: 0x8000bb4e (0x0000bfe5) c.j     pc - 8
core   0: 3 0x8000bb4e (0xbfe5)
core   0: 0x8000bb46 (0x00004f17) auipc   t5, 0x4
core   0: 3 0x8000bb46 (0x00004f17) x30 0x8000fb46
core   0: 0x8000bb4a (0x4a3f2d23) sw      gp, 1210(t5)
core   0: 3 0x8000bb4a (0x4a3f2d23) mem 0x80010000 0x00000001
core   0: 0x8000bb4e (0x0000bfe5) c.j     pc - 8
core   0: 3 0x8000bb4e (0xbfe5)
core   0: 0x8000bb46 (0x00004f17) auipc   t5, 0x4
core   0: 3 0x8000bb46 (0x00004f17) x30 0x8000fb46
core   0: 0x8000bb4a (0x4a3f2d23) sw      gp, 1210(t5)
core   0: 3 0x8000bb4a (0x4a3f2d23) mem 0x80010000 0x00000001
core   0: 0x8000bb4e (0x0000bfe5) c.j     pc - 8
core   0: 3 0x8000bb4e (0xbfe5)
core   0: 0x8000bb46 (0x00004f17) auipc   t5, 0x4
core   0: 3 0x8000bb46 (0x00004f17) x30 0x8000fb46
core   0: 0x8000bb4a (0x4a3f2d23) sw      gp, 1210(t5)
core   0: 3 0x8000bb4a (0x4a3f2d23) mem 0x80010000 0x00000001
core   0: 0x8000bb4e (0x0000bfe5) c.j     pc - 8
core   0: 3 0x8000bb4e (0xbfe5)
core   0: 0x8000bb46 (0x00004f17) auipc   t5, 0x4
core   0: 3 0x8000bb46 (0x00004f17) x30 0x8000fb46
core   0: 0x8000bb4a (0x4a3f2d23) sw      gp, 1210(t5)
core   0: 3 0x8000bb4a (0x4a3f2d23) mem 0x80010000 0x00000001
core   0: 0x8000bb4e (0x0000bfe5) c.j     pc - 8
core   0: 3 0x8000bb4e (0xbfe5)
core   0: 0x8000bb46 (0x00004f17) auipc   t5, 0x4
core   0: 3 0x8000bb46 (0x00004f17) x30 0x8000fb46
core   0: 0x8000bb4a (0x4a3f2d23) sw      gp, 1210(t5)
core   0: 3 0x8000bb4a (0x4a3f2d23) mem 0x80010000 0x00000001
core   0: 0x8000bb4e (0x0000bfe5) c.j     pc - 8
core   0: 3 0x8000bb4e (0xbfe5)
core   0: 0x8000bb46 (0x00004f17) auipc   t5, 0x4
core   0: 3 0x8000bb46 (0x00004f17) x30 0x8000fb46
core   0: 0x8000bb4a (0x4a3f2d23) sw      gp, 1210(t5)
core   0: 3 0x8000bb4a (0x4a3f2d23) mem 0x80010000 0x00000001
core   0: 0x8000bb4e (0x0000bfe5) c.j     pc - 8
core   0: 3 0x8000bb4e (0xbfe5)
core   0: 0x8000bb46 (0x00004f17) auipc   t5, 0x4
core   0: 3 0x8000bb46 (0x00004f17) x30 0x8000fb46
core   0: 0x8000bb4a (0x4a3f2d23) sw      gp, 1210(t5)
core   0: 3 0x8000bb4a (0x4a3f2d23) mem 0x80010000 0x00000001
core   0: 0x8000bb4e (0x0000bfe5) c.j     pc - 8
core   0: 3 0x8000bb4e (0xbfe5)
core   0: 0x8000bb46 (0x00004f17) auipc   t5, 0x4
core   0: 3 0x8000bb46 (0x00004f17) x30 0x8000fb46
core   0: 0x8000bb4a (0x4a3f2d23) sw      gp, 1210(t5)
core   0: 3 0x8000bb4a (0x4a3f2d23) mem 0x80010000 0x00000001
core   0: 0x8000bb4e (0x0000bfe5) c.j     pc - 8
core   0: 3 0x8000bb4e (0xbfe5)
core   0: 0x8000bb46 (0x00004f17) auipc   t5, 0x4
core   0: 3 0x8000bb46 (0x00004f17) x30 0x8000fb46
core   0: 0x8000bb4a (0x4a3f2d23) sw      gp, 1210(t5)
core   0: 3 0x8000bb4a (0x4a3f2d23) mem 0x80010000 0x00000001
core   0: 0x8000bb4e (0x0000bfe5) c.j     pc - 8
core   0: 3 0x8000bb4e (0xbfe5)
core   0: 0x8000bb46 (0x00004f17) auipc   t5, 0x4
core   0: 3 0x8000bb46 (0x00004f17) x30 0x8000fb46
core   0: 0x8000bb4a (0x4a3f2d23) sw      gp, 1210(t5)
core   0: 3 0x8000bb4a (0x4a3f2d23) mem 0x80010000 0x00000001
core   0: 0x8000bb4e (0x0000bfe5) c.j     pc - 8
core   0: 3 0x8000bb4e (0xbfe5)
core   0: 0x8000bb46 (0x00004f17) auipc   t5, 0x4
core   0: 3 0x8000bb46 (0x00004f17) x30 0x8000fb46
core   0: 0x8000bb4a (0x4a3f2d23) sw      gp, 1210(t5)
core   0: 3 0x8000bb4a (0x4a3f2d23) mem 0x80010000 0x00000001
core   0: 0x8000bb4e (0x0000bfe5) c.j     pc - 8
core   0: 3 0x8000bb4e (0xbfe5)
core   0: 0x8000bb46 (0x00004f17) auipc   t5, 0x4
core   0: 3 0x8000bb46 (0x00004f17) x30 0x8000fb46
core   0: 0x8000bb4a (0x4a3f2d23) sw      gp, 1210(t5)
core   0: 3 0x8000bb4a (0x4a3f2d23) mem 0x80010000 0x00000001
core   0: 0x8000bb4e (0x0000bfe5) c.j     pc - 8
core   0: 3 0x8000bb4e (0xbfe5)
core   0: 0x8000bb46 (0x00004f17) auipc   t5, 0x4
core   0: 3 0x8000bb46 (0x00004f17) x30 0x8000fb46
core   0: 0x8000bb4a (0x4a3f2d23) sw      gp, 1210(t5)
core   0: 3 0x8000bb4a (0x4a3f2d23) mem 0x80010000 0x00000001
core   0: 0x8000bb4e (0x0000bfe5) c.j     pc - 8
core   0: 3 0x8000bb4e (0xbfe5)
core   0: 0x8000bb46 (0x00004f17) auipc   t5, 0x4
core   0: 3 0x8000bb46 (0x00004f17) x30 0x8000fb46
core   0: 0x8000bb4a (0x4a3f2d23) sw      gp, 1210(t5)
core   0: 3 0x8000bb4a (0x4a3f2d23) mem 0x80010000 0x00000001
core   0: 0x8000bb4e (0x0000bfe5) c.j     pc - 8
core   0: 3 0x8000bb4e (0xbfe5)
core   0: 0x8000bb46 (0x00004f17) auipc   t5, 0x4
core   0: 3 0x8000bb46 (0x00004f17) x30 0x8000fb46
core   0: 0x8000bb4a (0x4a3f2d23) sw      gp, 1210(t5)
core   0: 3 0x8000bb4a (0x4a3f2d23) mem 0x80010000 0x00000001
core   0: 0x8000bb4e (0x0000bfe5) c.j     pc - 8
core   0: 3 0x8000bb4e (0xbfe5)
core   0: 0x8000bb46 (0x00004f17) auipc   t5, 0x4
core   0: 3 0x8000bb46 (0x00004f17) x30 0x8000fb46
core   0: 0x8000bb4a (0x4a3f2d23) sw      gp, 1210(t5)
core   0: 3 0x8000bb4a (0x4a3f2d23) mem 0x80010000 0x00000001
core   0: 0x8000bb4e (0x0000bfe5) c.j     pc - 8
core   0: 3 0x8000bb4e (0xbfe5)
core   0: 0x8000bb46 (0x00004f17) auipc   t5, 0x4
core   0: 3 0x8000bb46 (0x00004f17) x30 0x8000fb46
core   0: 0x8000bb4a (0x4a3f2d23) sw      gp, 1210(t5)
core   0: 3 0x8000bb4a (0x4a3f2d23) mem 0x80010000 0x00000001
core   0: 0x8000bb4e (0x0000bfe5) c.j     pc - 8
core   0: 3 0x8000bb4e (0xbfe5)
core   0: 0x8000bb46 (0x00004f17) auipc   t5, 0x4
core   0: 3 0x8000bb46 (0x00004f17) x30 0x8000fb46
core   0: 0x8000bb4a (0x4a3f2d23) sw      gp, 1210(t5)
core   0: 3 0x8000bb4a (0x4a3f2d23) mem 0x80010000 0x00000001
core   0: 0x8000bb4e (0x0000bfe5) c.j     pc - 8
core   0: 3 0x8000bb4e (0xbfe5)
core   0: 0x8000bb46 (0x00004f17) auipc   t5, 0x4
core   0: 3 0x8000bb46 (0x00004f17) x30 0x8000fb46
core   0: 0x8000bb4a (0x4a3f2d23) sw      gp, 1210(t5)
core   0: 3 0x8000bb4a (0x4a3f2d23) mem 0x80010000 0x00000001
core   0: 0x8000bb4e (0x0000bfe5) c.j     pc - 8
core   0: 3 0x8000bb4e (0xbfe5)
core   0: 0x8000bb46 (0x00004f17) auipc   t5, 0x4
core   0: 3 0x8000bb46 (0x00004f17) x30 0x8000fb46
core   0: 0x8000bb4a (0x4a3f2d23) sw      gp, 1210(t5)
core   0: 3 0x8000bb4a (0x4a3f2d23) mem 0x80010000 0x00000001
core   0: 0x8000bb4e (0x0000bfe5) c.j     pc - 8
core   0: 3 0x8000bb4e (0xbfe5)
core   0: 0x8000bb46 (0x00004f17) auipc   t5, 0x4
core   0: 3 0x8000bb46 (0x00004f17) x30 0x8000fb46
core   0: 0x8000bb4a (0x4a3f2d23) sw      gp, 1210(t5)
core   0: 3 0x8000bb4a (0x4a3f2d23) mem 0x80010000 0x00000001
core   0: 0x8000bb4e (0x0000bfe5) c.j     pc - 8
core   0: 3 0x8000bb4e (0xbfe5)
core   0: 0x8000bb46 (0x00004f17) auipc   t5, 0x4
core   0: 3 0x8000bb46 (0x00004f17) x30 0x8000fb46
core   0: 0x8000bb4a (0x4a3f2d23) sw      gp, 1210(t5)
core   0: 3 0x8000bb4a (0x4a3f2d23) mem 0x80010000 0x00000001
core   0: 0x8000bb4e (0x0000bfe5) c.j     pc - 8
core   0: 3 0x8000bb4e (0xbfe5)
core   0: 0x8000bb46 (0x00004f17) auipc   t5, 0x4
core   0: 3 0x8000bb46 (0x00004f17) x30 0x8000fb46
core   0: 0x8000bb4a (0x4a3f2d23) sw      gp, 1210(t5)
core   0: 3 0x8000bb4a (0x4a3f2d23) mem 0x80010000 0x00000001
core   0: 0x8000bb4e (0x0000bfe5) c.j     pc - 8
core   0: 3 0x8000bb4e (0xbfe5)
core   0: 0x8000bb46 (0x00004f17) auipc   t5, 0x4
core   0: 3 0x8000bb46 (0x00004f17) x30 0x8000fb46
core   0: 0x8000bb4a (0x4a3f2d23) sw      gp, 1210(t5)
core   0: 3 0x8000bb4a (0x4a3f2d23) mem 0x80010000 0x00000001
core   0: 0x8000bb4e (0x0000bfe5) c.j     pc - 8
core   0: 3 0x8000bb4e (0xbfe5)
core   0: 0x8000bb46 (0x00004f17) auipc   t5, 0x4
core   0: 3 0x8000bb46 (0x00004f17) x30 0x8000fb46
core   0: 0x8000bb4a (0x4a3f2d23) sw      gp, 1210(t5)
core   0: 3 0x8000bb4a (0x4a3f2d23) mem 0x80010000 0x00000001
core   0: 0x8000bb4e (0x0000bfe5) c.j     pc - 8
core   0: 3 0x8000bb4e (0xbfe5)
core   0: 0x8000bb46 (0x00004f17) auipc   t5, 0x4
core   0: 3 0x8000bb46 (0x00004f17) x30 0x8000fb46
core   0: 0x8000bb4a (0x4a3f2d23) sw      gp, 1210(t5)
core   0: 3 0x8000bb4a (0x4a3f2d23) mem 0x80010000 0x00000001
core   0: 0x8000bb4e (0x0000bfe5) c.j     pc - 8
core   0: 3 0x8000bb4e (0xbfe5)
core   0: 0x8000bb46 (0x00004f17) auipc   t5, 0x4
core   0: 3 0x8000bb46 (0x00004f17) x30 0x8000fb46
core   0: 0x8000bb4a (0x4a3f2d23) sw      gp, 1210(t5)
core   0: 3 0x8000bb4a (0x4a3f2d23) mem 0x80010000 0x00000001
core   0: 0x8000bb4e (0x0000bfe5) c.j     pc - 8
core   0: 3 0x8000bb4e (0xbfe5)
core   0: 0x8000bb46 (0x00004f17) auipc   t5, 0x4
core   0: 3 0x8000bb46 (0x00004f17) x30 0x8000fb46
core   0: 0x8000bb4a (0x4a3f2d23) sw      gp, 1210(t5)
core   0: 3 0x8000bb4a (0x4a3f2d23) mem 0x80010000 0x00000001
core   0: 0x8000bb4e (0x0000bfe5) c.j     pc - 8
core   0: 3 0x8000bb4e (0xbfe5)
core   0: 0x8000bb46 (0x00004f17) auipc   t5, 0x4
core   0: 3 0x8000bb46 (0x00004f17) x30 0x8000fb46
core   0: 0x8000bb4a (0x4a3f2d23) sw      gp, 1210(t5)
core   0: 3 0x8000bb4a (0x4a3f2d23) mem 0x80010000 0x00000001
core   0: 0x8000bb4e (0x0000bfe5) c.j     pc - 8
core   0: 3 0x8000bb4e (0xbfe5)
core   0: 0x8000bb46 (0x00004f17) auipc   t5, 0x4
core   0: 3 0x8000bb46 (0x00004f17) x30 0x8000fb46
core   0: 0x8000bb4a (0x4a3f2d23) sw      gp, 1210(t5)
core   0: 3 0x8000bb4a (0x4a3f2d23) mem 0x80010000 0x00000001
core   0: 0x8000bb4e (0x0000bfe5) c.j     pc - 8
core   0: 3 0x8000bb4e (0xbfe5)
core   0: 0x8000bb46 (0x00004f17) auipc   t5, 0x4
core   0: 3 0x8000bb46 (0x00004f17) x30 0x8000fb46
core   0: 0x8000bb4a (0x4a3f2d23) sw      gp, 1210(t5)
core   0: 3 0x8000bb4a (0x4a3f2d23) mem 0x80010000 0x00000001
core   0: 0x8000bb4e (0x0000bfe5) c.j     pc - 8
core   0: 3 0x8000bb4e (0xbfe5)
core   0: 0x8000bb46 (0x00004f17) auipc   t5, 0x4
core   0: 3 0x8000bb46 (0x00004f17) x30 0x8000fb46
core   0: 0x8000bb4a (0x4a3f2d23) sw      gp, 1210(t5)
core   0: 3 0x8000bb4a (0x4a3f2d23) mem 0x80010000 0x00000001
core   0: 0x8000bb4e (0x0000bfe5) c.j     pc - 8
core   0: 3 0x8000bb4e (0xbfe5)
core   0: 0x8000bb46 (0x00004f17) auipc   t5, 0x4
core   0: 3 0x8000bb46 (0x00004f17) x30 0x8000fb46
core   0: 0x8000bb4a (0x4a3f2d23) sw      gp, 1210(t5)
core   0: 3 0x8000bb4a (0x4a3f2d23) mem 0x80010000 0x00000001
core   0: 0x8000bb4e (0x0000bfe5) c.j     pc - 8
core   0: 3 0x8000bb4e (0xbfe5)
core   0: 0x8000bb46 (0x00004f17) auipc   t5, 0x4
core   0: 3 0x8000bb46 (0x00004f17) x30 0x8000fb46
core   0: 0x8000bb4a (0x4a3f2d23) sw      gp, 1210(t5)
core   0: 3 0x8000bb4a (0x4a3f2d23) mem 0x80010000 0x00000001
core   0: 0x8000bb4e (0x0000bfe5) c.j     pc - 8
core   0: 3 0x8000bb4e (0xbfe5)
core   0: 0x8000bb46 (0x00004f17) auipc   t5, 0x4
core   0: 3 0x8000bb46 (0x00004f17) x30 0x8000fb46
core   0: 0x8000bb4a (0x4a3f2d23) sw      gp, 1210(t5)
core   0: 3 0x8000bb4a (0x4a3f2d23) mem 0x80010000 0x00000001
core   0: 0x8000bb4e (0x0000bfe5) c.j     pc - 8
core   0: 3 0x8000bb4e (0xbfe5)
core   0: 0x8000bb46 (0x00004f17) auipc   t5, 0x4
core   0: 3 0x8000bb46 (0x00004f17) x30 0x8000fb46
core   0: 0x8000bb4a (0x4a3f2d23) sw      gp, 1210(t5)
core   0: 3 0x8000bb4a (0x4a3f2d23) mem 0x80010000 0x00000001
core   0: 0x8000bb4e (0x0000bfe5) c.j     pc - 8
core   0: 3 0x8000bb4e (0xbfe5)
core   0: 0x8000bb46 (0x00004f17) auipc   t5, 0x4
core   0: 3 0x8000bb46 (0x00004f17) x30 0x8000fb46
core   0: 0x8000bb4a (0x4a3f2d23) sw      gp, 1210(t5)
core   0: 3 0x8000bb4a (0x4a3f2d23) mem 0x80010000 0x00000001
core   0: 0x8000bb4e (0x0000bfe5) c.j     pc - 8
core   0: 3 0x8000bb4e (0xbfe5)
core   0: 0x8000bb46 (0x00004f17) auipc   t5, 0x4
core   0: 3 0x8000bb46 (0x00004f17) x30 0x8000fb46
core   0: 0x8000bb4a (0x4a3f2d23) sw      gp, 1210(t5)
core   0: 3 0x8000bb4a (0x4a3f2d23) mem 0x80010000 0x00000001
core   0: 0x8000bb4e (0x0000bfe5) c.j     pc - 8
core   0: 3 0x8000bb4e (0xbfe5)
core   0: 0x8000bb46 (0x00004f17) auipc   t5, 0x4
core   0: 3 0x8000bb46 (0x00004f17) x30 0x8000fb46
core   0: 0x8000bb4a (0x4a3f2d23) sw      gp, 1210(t5)
core   0: 3 0x8000bb4a (0x4a3f2d23) mem 0x80010000 0x00000001
core   0: 0x8000bb4e (0x0000bfe5) c.j     pc - 8
core   0: 3 0x8000bb4e (0xbfe5)
core   0: 0x8000bb46 (0x00004f17) auipc   t5, 0x4
core   0: 3 0x8000bb46 (0x00004f17) x30 0x8000fb46
core   0: 0x8000bb4a (0x4a3f2d23) sw      gp, 1210(t5)
core   0: 3 0x8000bb4a (0x4a3f2d23) mem 0x80010000 0x00000001
core   0: 0x8000bb4e (0x0000bfe5) c.j     pc - 8
core   0: 3 0x8000bb4e (0xbfe5)
core   0: 0x8000bb46 (0x00004f17) auipc   t5, 0x4
core   0: 3 0x8000bb46 (0x00004f17) x30 0x8000fb46
core   0: 0x8000bb4a (0x4a3f2d23) sw      gp, 1210(t5)
core   0: 3 0x8000bb4a (0x4a3f2d23) mem 0x80010000 0x00000001
core   0: 0x8000bb4e (0x0000bfe5) c.j     pc - 8
core   0: 3 0x8000bb4e (0xbfe5)
core   0: 0x8000bb46 (0x00004f17) auipc   t5, 0x4
core   0: 3 0x8000bb46 (0x00004f17) x30 0x8000fb46
core   0: 0x8000bb4a (0x4a3f2d23) sw      gp, 1210(t5)
core   0: 3 0x8000bb4a (0x4a3f2d23) mem 0x80010000 0x00000001
core   0: 0x8000bb4e (0x0000bfe5) c.j     pc - 8
core   0: 3 0x8000bb4e (0xbfe5)
core   0: 0x8000bb46 (0x00004f17) auipc   t5, 0x4
core   0: 3 0x8000bb46 (0x00004f17) x30 0x8000fb46
core   0: 0x8000bb4a (0x4a3f2d23) sw      gp, 1210(t5)
core   0: 3 0x8000bb4a (0x4a3f2d23) mem 0x80010000 0x00000001
core   0: 0x8000bb4e (0x0000bfe5) c.j     pc - 8
core   0: 3 0x8000bb4e (0xbfe5)
core   0: 0x8000bb46 (0x00004f17) auipc   t5, 0x4
core   0: 3 0x8000bb46 (0x00004f17) x30 0x8000fb46
core   0: 0x8000bb4a (0x4a3f2d23) sw      gp, 1210(t5)
core   0: 3 0x8000bb4a (0x4a3f2d23) mem 0x80010000 0x00000001
core   0: 0x8000bb4e (0x0000bfe5) c.j     pc - 8
core   0: 3 0x8000bb4e (0xbfe5)
core   0: 0x8000bb46 (0x00004f17) auipc   t5, 0x4
core   0: 3 0x8000bb46 (0x00004f17) x30 0x8000fb46
core   0: 0x8000bb4a (0x4a3f2d23) sw      gp, 1210(t5)
core   0: 3 0x8000bb4a (0x4a3f2d23) mem 0x80010000 0x00000001
core   0: 0x8000bb4e (0x0000bfe5) c.j     pc - 8
core   0: 3 0x8000bb4e (0xbfe5)
core   0: 0x8000bb46 (0x00004f17) auipc   t5, 0x4
core   0: 3 0x8000bb46 (0x00004f17) x30 0x8000fb46
core   0: 0x8000bb4a (0x4a3f2d23) sw      gp, 1210(t5)
core   0: 3 0x8000bb4a (0x4a3f2d23) mem 0x80010000 0x00000001
core   0: 0x8000bb4e (0x0000bfe5) c.j     pc - 8
core   0: 3 0x8000bb4e (0xbfe5)
core   0: 0x8000bb46 (0x00004f17) auipc   t5, 0x4
core   0: 3 0x8000bb46 (0x00004f17) x30 0x8000fb46
core   0: 0x8000bb4a (0x4a3f2d23) sw      gp, 1210(t5)
core   0: 3 0x8000bb4a (0x4a3f2d23) mem 0x80010000 0x00000001
core   0: 0x8000bb4e (0x0000bfe5) c.j     pc - 8
core   0: 3 0x8000bb4e (0xbfe5)
core   0: 0x8000bb46 (0x00004f17) auipc   t5, 0x4
core   0: 3 0x8000bb46 (0x00004f17) x30 0x8000fb46
core   0: 0x8000bb4a (0x4a3f2d23) sw      gp, 1210(t5)
core   0: 3 0x8000bb4a (0x4a3f2d23) mem 0x80010000 0x00000001
core   0: 0x8000bb4e (0x0000bfe5) c.j     pc - 8
core   0: 3 0x8000bb4e (0xbfe5)
core   0: 0x8000bb46 (0x00004f17) auipc   t5, 0x4
core   0: 3 0x8000bb46 (0x00004f17) x30 0x8000fb46
core   0: 0x8000bb4a (0x4a3f2d23) sw      gp, 1210(t5)
core   0: 3 0x8000bb4a (0x4a3f2d23) mem 0x80010000 0x00000001
core   0: 0x8000bb4e (0x0000bfe5) c.j     pc - 8
core   0: 3 0x8000bb4e (0xbfe5)
core   0: 0x8000bb46 (0x00004f17) auipc   t5, 0x4
core   0: 3 0x8000bb46 (0x00004f17) x30 0x8000fb46
core   0: 0x8000bb4a (0x4a3f2d23) sw      gp, 1210(t5)
core   0: 3 0x8000bb4a (0x4a3f2d23) mem 0x80010000 0x00000001
core   0: 0x8000bb4e (0x0000bfe5) c.j     pc - 8
core   0: 3 0x8000bb4e (0xbfe5)
core   0: 0x8000bb46 (0x00004f17) auipc   t5, 0x4
core   0: 3 0x8000bb46 (0x00004f17) x30 0x8000fb46
core   0: 0x8000bb4a (0x4a3f2d23) sw      gp, 1210(t5)
core   0: 3 0x8000bb4a (0x4a3f2d23) mem 0x80010000 0x00000001
core   0: 0x8000bb4e (0x0000bfe5) c.j     pc - 8
core   0: 3 0x8000bb4e (0xbfe5)
core   0: 0x8000bb46 (0x00004f17) auipc   t5, 0x4
core   0: 3 0x8000bb46 (0x00004f17) x30 0x8000fb46
core   0: 0x8000bb4a (0x4a3f2d23) sw      gp, 1210(t5)
core   0: 3 0x8000bb4a (0x4a3f2d23) mem 0x80010000 0x00000001
core   0: 0x8000bb4e (0x0000bfe5) c.j     pc - 8
core   0: 3 0x8000bb4e (0xbfe5)
core   0: 0x8000bb46 (0x00004f17) auipc   t5, 0x4
core   0: 3 0x8000bb46 (0x00004f17) x30 0x8000fb46
core   0: 0x8000bb4a (0x4a3f2d23) sw      gp, 1210(t5)
core   0: 3 0x8000bb4a (0x4a3f2d23) mem 0x80010000 0x00000001
core   0: 0x8000bb4e (0x0000bfe5) c.j     pc - 8
core   0: 3 0x8000bb4e (0xbfe5)
core   0: 0x8000bb46 (0x00004f17) auipc   t5, 0x4
core   0: 3 0x8000bb46 (0x00004f17) x30 0x8000fb46
core   0: 0x8000bb4a (0x4a3f2d23) sw      gp, 1210(t5)
core   0: 3 0x8000bb4a (0x4a3f2d23) mem 0x80010000 0x00000001
core   0: 0x8000bb4e (0x0000bfe5) c.j     pc - 8
core   0: 3 0x8000bb4e (0xbfe5)
core   0: 0x8000bb46 (0x00004f17) auipc   t5, 0x4
core   0: 3 0x8000bb46 (0x00004f17) x30 0x8000fb46
core   0: 0x8000bb4a (0x4a3f2d23) sw      gp, 1210(t5)
core   0: 3 0x8000bb4a (0x4a3f2d23) mem 0x80010000 0x00000001
core   0: 0x8000bb4e (0x0000bfe5) c.j     pc - 8
core   0: 3 0x8000bb4e (0xbfe5)
core   0: 0x8000bb46 (0x00004f17) auipc   t5, 0x4
core   0: 3 0x8000bb46 (0x00004f17) x30 0x8000fb46
core   0: 0x8000bb4a (0x4a3f2d23) sw      gp, 1210(t5)
core   0: 3 0x8000bb4a (0x4a3f2d23) mem 0x80010000 0x00000001
core   0: 0x8000bb4e (0x0000bfe5) c.j     pc - 8
core   0: 3 0x8000bb4e (0xbfe5)
core   0: 0x8000bb46 (0x00004f17) auipc   t5, 0x4
core   0: 3 0x8000bb46 (0x00004f17) x30 0x8000fb46
core   0: 0x8000bb4a (0x4a3f2d23) sw      gp, 1210(t5)
core   0: 3 0x8000bb4a (0x4a3f2d23) mem 0x80010000 0x00000001
core   0: 0x8000bb4e (0x0000bfe5) c.j     pc - 8
core   0: 3 0x8000bb4e (0xbfe5)
core   0: 0x8000bb46 (0x00004f17) auipc   t5, 0x4
core   0: 3 0x8000bb46 (0x00004f17) x30 0x8000fb46
core   0: 0x8000bb4a (0x4a3f2d23) sw      gp, 1210(t5)
core   0: 3 0x8000bb4a (0x4a3f2d23) mem 0x80010000 0x00000001
core   0: 0x8000bb4e (0x0000bfe5) c.j     pc - 8
core   0: 3 0x8000bb4e (0xbfe5)
core   0: 0x8000bb46 (0x00004f17) auipc   t5, 0x4
core   0: 3 0x8000bb46 (0x00004f17) x30 0x8000fb46
core   0: 0x8000bb4a (0x4a3f2d23) sw      gp, 1210(t5)
core   0: 3 0x8000bb4a (0x4a3f2d23) mem 0x80010000 0x00000001
core   0: 0x8000bb4e (0x0000bfe5) c.j     pc - 8
core   0: 3 0x8000bb4e (0xbfe5)
core   0: 0x8000bb46 (0x00004f17) auipc   t5, 0x4
core   0: 3 0x8000bb46 (0x00004f17) x30 0x8000fb46
core   0: 0x8000bb4a (0x4a3f2d23) sw      gp, 1210(t5)
core   0: 3 0x8000bb4a (0x4a3f2d23) mem 0x80010000 0x00000001
core   0: 0x8000bb4e (0x0000bfe5) c.j     pc - 8
core   0: 3 0x8000bb4e (0xbfe5)
core   0: 0x8000bb46 (0x00004f17) auipc   t5, 0x4
core   0: 3 0x8000bb46 (0x00004f17) x30 0x8000fb46
core   0: 0x8000bb4a (0x4a3f2d23) sw      gp, 1210(t5)
core   0: 3 0x8000bb4a (0x4a3f2d23) mem 0x80010000 0x00000001
core   0: 0x8000bb4e (0x0000bfe5) c.j     pc - 8
core   0: 3 0x8000bb4e (0xbfe5)
core   0: 0x8000bb46 (0x00004f17) auipc   t5, 0x4
core   0: 3 0x8000bb46 (0x00004f17) x30 0x8000fb46
core   0: 0x8000bb4a (0x4a3f2d23) sw      gp, 1210(t5)
core   0: 3 0x8000bb4a (0x4a3f2d23) mem 0x80010000 0x00000001
core   0: 0x8000bb4e (0x0000bfe5) c.j     pc - 8
core   0: 3 0x8000bb4e (0xbfe5)
core   0: 0x8000bb46 (0x00004f17) auipc   t5, 0x4
core   0: 3 0x8000bb46 (0x00004f17) x30 0x8000fb46
core   0: 0x8000bb4a (0x4a3f2d23) sw      gp, 1210(t5)
core   0: 3 0x8000bb4a (0x4a3f2d23) mem 0x80010000 0x00000001
core   0: 0x8000bb4e (0x0000bfe5) c.j     pc - 8
core   0: 3 0x8000bb4e (0xbfe5)
core   0: 0x8000bb46 (0x00004f17) auipc   t5, 0x4
core   0: 3 0x8000bb46 (0x00004f17) x30 0x8000fb46
core   0: 0x8000bb4a (0x4a3f2d23) sw      gp, 1210(t5)
core   0: 3 0x8000bb4a (0x4a3f2d23) mem 0x80010000 0x00000001
core   0: 0x8000bb4e (0x0000bfe5) c.j     pc - 8
core   0: 3 0x8000bb4e (0xbfe5)
core   0: 0x8000bb46 (0x00004f17) auipc   t5, 0x4
core   0: 3 0x8000bb46 (0x00004f17) x30 0x8000fb46
core   0: 0x8000bb4a (0x4a3f2d23) sw      gp, 1210(t5)
core   0: 3 0x8000bb4a (0x4a3f2d23) mem 0x80010000 0x00000001
core   0: 0x8000bb4e (0x0000bfe5) c.j     pc - 8
core   0: 3 0x8000bb4e (0xbfe5)
core   0: 0x8000bb46 (0x00004f17) auipc   t5, 0x4
core   0: 3 0x8000bb46 (0x00004f17) x30 0x8000fb46
core   0: 0x8000bb4a (0x4a3f2d23) sw      gp, 1210(t5)
core   0: 3 0x8000bb4a (0x4a3f2d23) mem 0x80010000 0x00000001
core   0: 0x8000bb4e (0x0000bfe5) c.j     pc - 8
core   0: 3 0x8000bb4e (0xbfe5)
core   0: 0x8000bb46 (0x00004f17) auipc   t5, 0x4
core   0: 3 0x8000bb46 (0x00004f17) x30 0x8000fb46
core   0: 0x8000bb4a (0x4a3f2d23) sw      gp, 1210(t5)
core   0: 3 0x8000bb4a (0x4a3f2d23) mem 0x80010000 0x00000001
core   0: 0x8000bb4e (0x0000bfe5) c.j     pc - 8
core   0: 3 0x8000bb4e (0xbfe5)
core   0: 0x8000bb46 (0x00004f17) auipc   t5, 0x4
core   0: 3 0x8000bb46 (0x00004f17) x30 0x8000fb46
core   0: 0x8000bb4a (0x4a3f2d23) sw      gp, 1210(t5)
core   0: 3 0x8000bb4a (0x4a3f2d23) mem 0x80010000 0x00000001
core   0: 0x8000bb4e (0x0000bfe5) c.j     pc - 8
core   0: 3 0x8000bb4e (0xbfe5)
core   0: 0x8000bb46 (0x00004f17) auipc   t5, 0x4
core   0: 3 0x8000bb46 (0x00004f17) x30 0x8000fb46
core   0: 0x8000bb4a (0x4a3f2d23) sw      gp, 1210(t5)
core   0: 3 0x8000bb4a (0x4a3f2d23) mem 0x80010000 0x00000001
core   0: 0x8000bb4e (0x0000bfe5) c.j     pc - 8
core   0: 3 0x8000bb4e (0xbfe5)
core   0: 0x8000bb46 (0x00004f17) auipc   t5, 0x4
core   0: 3 0x8000bb46 (0x00004f17) x30 0x8000fb46
core   0: 0x8000bb4a (0x4a3f2d23) sw      gp, 1210(t5)
core   0: 3 0x8000bb4a (0x4a3f2d23) mem 0x80010000 0x00000001
core   0: 0x8000bb4e (0x0000bfe5) c.j     pc - 8
core   0: 3 0x8000bb4e (0xbfe5)
core   0: 0x8000bb46 (0x00004f17) auipc   t5, 0x4
core   0: 3 0x8000bb46 (0x00004f17) x30 0x8000fb46
core   0: 0x8000bb4a (0x4a3f2d23) sw      gp, 1210(t5)
core   0: 3 0x8000bb4a (0x4a3f2d23) mem 0x80010000 0x00000001
core   0: 0x8000bb4e (0x0000bfe5) c.j     pc - 8
core   0: 3 0x8000bb4e (0xbfe5)
core   0: 0x8000bb46 (0x00004f17) auipc   t5, 0x4
core   0: 3 0x8000bb46 (0x00004f17) x30 0x8000fb46
core   0: 0x8000bb4a (0x4a3f2d23) sw      gp, 1210(t5)
core   0: 3 0x8000bb4a (0x4a3f2d23) mem 0x80010000 0x00000001
core   0: 0x8000bb4e (0x0000bfe5) c.j     pc - 8
core   0: 3 0x8000bb4e (0xbfe5)
core   0: 0x8000bb46 (0x00004f17) auipc   t5, 0x4
core   0: 3 0x8000bb46 (0x00004f17) x30 0x8000fb46
core   0: 0x8000bb4a (0x4a3f2d23) sw      gp, 1210(t5)
core   0: 3 0x8000bb4a (0x4a3f2d23) mem 0x80010000 0x00000001
core   0: 0x8000bb4e (0x0000bfe5) c.j     pc - 8
core   0: 3 0x8000bb4e (0xbfe5)
core   0: 0x8000bb46 (0x00004f17) auipc   t5, 0x4
core   0: 3 0x8000bb46 (0x00004f17) x30 0x8000fb46
core   0: 0x8000bb4a (0x4a3f2d23) sw      gp, 1210(t5)
core   0: 3 0x8000bb4a (0x4a3f2d23) mem 0x80010000 0x00000001
core   0: 0x8000bb4e (0x0000bfe5) c.j     pc - 8
core   0: 3 0x8000bb4e (0xbfe5)
core   0: 0x8000bb46 (0x00004f17) auipc   t5, 0x4
core   0: 3 0x8000bb46 (0x00004f17) x30 0x8000fb46
core   0: 0x8000bb4a (0x4a3f2d23) sw      gp, 1210(t5)
core   0: 3 0x8000bb4a (0x4a3f2d23) mem 0x80010000 0x00000001
core   0: 0x8000bb4e (0x0000bfe5) c.j     pc - 8
core   0: 3 0x8000bb4e (0xbfe5)
core   0: 0x8000bb46 (0x00004f17) auipc   t5, 0x4
core   0: 3 0x8000bb46 (0x00004f17) x30 0x8000fb46
core   0: 0x8000bb4a (0x4a3f2d23) sw      gp, 1210(t5)
core   0: 3 0x8000bb4a (0x4a3f2d23) mem 0x80010000 0x00000001
core   0: 0x8000bb4e (0x0000bfe5) c.j     pc - 8
core   0: 3 0x8000bb4e (0xbfe5)
core   0: 0x8000bb46 (0x00004f17) auipc   t5, 0x4
core   0: 3 0x8000bb46 (0x00004f17) x30 0x8000fb46
core   0: 0x8000bb4a (0x4a3f2d23) sw      gp, 1210(t5)
core   0: 3 0x8000bb4a (0x4a3f2d23) mem 0x80010000 0x00000001
core   0: 0x8000bb4e (0x0000bfe5) c.j     pc - 8
core   0: 3 0x8000bb4e (0xbfe5)
core   0: 0x8000bb46 (0x00004f17) auipc   t5, 0x4
core   0: 3 0x8000bb46 (0x00004f17) x30 0x8000fb46
core   0: 0x8000bb4a (0x4a3f2d23) sw      gp, 1210(t5)
core   0: 3 0x8000bb4a (0x4a3f2d23) mem 0x80010000 0x00000001
core   0: 0x8000bb4e (0x0000bfe5) c.j     pc - 8
core   0: 3 0x8000bb4e (0xbfe5)
core   0: 0x8000bb46 (0x00004f17) auipc   t5, 0x4
core   0: 3 0x8000bb46 (0x00004f17) x30 0x8000fb46
core   0: 0x8000bb4a (0x4a3f2d23) sw      gp, 1210(t5)
core   0: 3 0x8000bb4a (0x4a3f2d23) mem 0x80010000 0x00000001
core   0: 0x8000bb4e (0x0000bfe5) c.j     pc - 8
core   0: 3 0x8000bb4e (0xbfe5)
core   0: 0x8000bb46 (0x00004f17) auipc   t5, 0x4
core   0: 3 0x8000bb46 (0x00004f17) x30 0x8000fb46
core   0: 0x8000bb4a (0x4a3f2d23) sw      gp, 1210(t5)
core   0: 3 0x8000bb4a (0x4a3f2d23) mem 0x80010000 0x00000001
core   0: 0x8000bb4e (0x0000bfe5) c.j     pc - 8
core   0: 3 0x8000bb4e (0xbfe5)
core   0: 0x8000bb46 (0x00004f17) auipc   t5, 0x4
core   0: 3 0x8000bb46 (0x00004f17) x30 0x8000fb46
core   0: 0x8000bb4a (0x4a3f2d23) sw      gp, 1210(t5)
core   0: 3 0x8000bb4a (0x4a3f2d23) mem 0x80010000 0x00000001
core   0: 0x8000bb4e (0x0000bfe5) c.j     pc - 8
core   0: 3 0x8000bb4e (0xbfe5)
core   0: 0x8000bb46 (0x00004f17) auipc   t5, 0x4
core   0: 3 0x8000bb46 (0x00004f17) x30 0x8000fb46
core   0: 0x8000bb4a (0x4a3f2d23) sw      gp, 1210(t5)
core   0: 3 0x8000bb4a (0x4a3f2d23) mem 0x80010000 0x00000001
core   0: 0x8000bb4e (0x0000bfe5) c.j     pc - 8
core   0: 3 0x8000bb4e (0xbfe5)
core   0: 0x8000bb46 (0x00004f17) auipc   t5, 0x4
core   0: 3 0x8000bb46 (0x00004f17) x30 0x8000fb46
core   0: 0x8000bb4a (0x4a3f2d23) sw      gp, 1210(t5)
core   0: 3 0x8000bb4a (0x4a3f2d23) mem 0x80010000 0x00000001
core   0: 0x8000bb4e (0x0000bfe5) c.j     pc - 8
core   0: 3 0x8000bb4e (0xbfe5)
core   0: 0x8000bb46 (0x00004f17) auipc   t5, 0x4
core   0: 3 0x8000bb46 (0x00004f17) x30 0x8000fb46
core   0: 0x8000bb4a (0x4a3f2d23) sw      gp, 1210(t5)
core   0: 3 0x8000bb4a (0x4a3f2d23) mem 0x80010000 0x00000001
core   0: 0x8000bb4e (0x0000bfe5) c.j     pc - 8
core   0: 3 0x8000bb4e (0xbfe5)
core   0: 0x8000bb46 (0x00004f17) auipc   t5, 0x4
core   0: 3 0x8000bb46 (0x00004f17) x30 0x8000fb46
core   0: 0x8000bb4a (0x4a3f2d23) sw      gp, 1210(t5)
core   0: 3 0x8000bb4a (0x4a3f2d23) mem 0x80010000 0x00000001
core   0: 0x8000bb4e (0x0000bfe5) c.j     pc - 8
core   0: 3 0x8000bb4e (0xbfe5)
core   0: 0x8000bb46 (0x00004f17) auipc   t5, 0x4
core   0: 3 0x8000bb46 (0x00004f17) x30 0x8000fb46
core   0: 0x8000bb4a (0x4a3f2d23) sw      gp, 1210(t5)
core   0: 3 0x8000bb4a (0x4a3f2d23) mem 0x80010000 0x00000001
core   0: 0x8000bb4e (0x0000bfe5) c.j     pc - 8
core   0: 3 0x8000bb4e (0xbfe5)
core   0: 0x8000bb46 (0x00004f17) auipc   t5, 0x4
core   0: 3 0x8000bb46 (0x00004f17) x30 0x8000fb46
core   0: 0x8000bb4a (0x4a3f2d23) sw      gp, 1210(t5)
core   0: 3 0x8000bb4a (0x4a3f2d23) mem 0x80010000 0x00000001
core   0: 0x8000bb4e (0x0000bfe5) c.j     pc - 8
core   0: 3 0x8000bb4e (0xbfe5)
core   0: 0x8000bb46 (0x00004f17) auipc   t5, 0x4
core   0: 3 0x8000bb46 (0x00004f17) x30 0x8000fb46
core   0: 0x8000bb4a (0x4a3f2d23) sw      gp, 1210(t5)
core   0: 3 0x8000bb4a (0x4a3f2d23) mem 0x80010000 0x00000001
core   0: 0x8000bb4e (0x0000bfe5) c.j     pc - 8
core   0: 3 0x8000bb4e (0xbfe5)
core   0: 0x8000bb46 (0x00004f17) auipc   t5, 0x4
core   0: 3 0x8000bb46 (0x00004f17) x30 0x8000fb46
core   0: 0x8000bb4a (0x4a3f2d23) sw      gp, 1210(t5)
core   0: 3 0x8000bb4a (0x4a3f2d23) mem 0x80010000 0x00000001
core   0: 0x8000bb4e (0x0000bfe5) c.j     pc - 8
core   0: 3 0x8000bb4e (0xbfe5)
core   0: 0x8000bb46 (0x00004f17) auipc   t5, 0x4
core   0: 3 0x8000bb46 (0x00004f17) x30 0x8000fb46
core   0: 0x8000bb4a (0x4a3f2d23) sw      gp, 1210(t5)
core   0: 3 0x8000bb4a (0x4a3f2d23) mem 0x80010000 0x00000001
core   0: 0x8000bb4e (0x0000bfe5) c.j     pc - 8
core   0: 3 0x8000bb4e (0xbfe5)
core   0: 0x8000bb46 (0x00004f17) auipc   t5, 0x4
core   0: 3 0x8000bb46 (0x00004f17) x30 0x8000fb46
core   0: 0x8000bb4a (0x4a3f2d23) sw      gp, 1210(t5)
core   0: 3 0x8000bb4a (0x4a3f2d23) mem 0x80010000 0x00000001
core   0: 0x8000bb4e (0x0000bfe5) c.j     pc - 8
core   0: 3 0x8000bb4e (0xbfe5)
core   0: 0x8000bb46 (0x00004f17) auipc   t5, 0x4
core   0: 3 0x8000bb46 (0x00004f17) x30 0x8000fb46
core   0: 0x8000bb4a (0x4a3f2d23) sw      gp, 1210(t5)
core   0: 3 0x8000bb4a (0x4a3f2d23) mem 0x80010000 0x00000001
core   0: 0x8000bb4e (0x0000bfe5) c.j     pc - 8
core   0: 3 0x8000bb4e (0xbfe5)
core   0: 0x8000bb46 (0x00004f17) auipc   t5, 0x4
core   0: 3 0x8000bb46 (0x00004f17) x30 0x8000fb46
core   0: 0x8000bb4a (0x4a3f2d23) sw      gp, 1210(t5)
core   0: 3 0x8000bb4a (0x4a3f2d23) mem 0x80010000 0x00000001
core   0: 0x8000bb4e (0x0000bfe5) c.j     pc - 8
core   0: 3 0x8000bb4e (0xbfe5)
core   0: 0x8000bb46 (0x00004f17) auipc   t5, 0x4
core   0: 3 0x8000bb46 (0x00004f17) x30 0x8000fb46
core   0: 0x8000bb4a (0x4a3f2d23) sw      gp, 1210(t5)
core   0: 3 0x8000bb4a (0x4a3f2d23) mem 0x80010000 0x00000001
core   0: 0x8000bb4e (0x0000bfe5) c.j     pc - 8
core   0: 3 0x8000bb4e (0xbfe5)
core   0: 0x8000bb46 (0x00004f17) auipc   t5, 0x4
core   0: 3 0x8000bb46 (0x00004f17) x30 0x8000fb46
core   0: 0x8000bb4a (0x4a3f2d23) sw      gp, 1210(t5)
core   0: 3 0x8000bb4a (0x4a3f2d23) mem 0x80010000 0x00000001
core   0: 0x8000bb4e (0x0000bfe5) c.j     pc - 8
core   0: 3 0x8000bb4e (0xbfe5)
core   0: 0x8000bb46 (0x00004f17) auipc   t5, 0x4
core   0: 3 0x8000bb46 (0x00004f17) x30 0x8000fb46
core   0: 0x8000bb4a (0x4a3f2d23) sw      gp, 1210(t5)
core   0: 3 0x8000bb4a (0x4a3f2d23) mem 0x80010000 0x00000001
core   0: 0x8000bb4e (0x0000bfe5) c.j     pc - 8
core   0: 3 0x8000bb4e (0xbfe5)
core   0: 0x8000bb46 (0x00004f17) auipc   t5, 0x4
core   0: 3 0x8000bb46 (0x00004f17) x30 0x8000fb46
core   0: 0x8000bb4a (0x4a3f2d23) sw      gp, 1210(t5)
core   0: 3 0x8000bb4a (0x4a3f2d23) mem 0x80010000 0x00000001
core   0: 0x8000bb4e (0x0000bfe5) c.j     pc - 8
core   0: 3 0x8000bb4e (0xbfe5)
core   0: 0x8000bb46 (0x00004f17) auipc   t5, 0x4
core   0: 3 0x8000bb46 (0x00004f17) x30 0x8000fb46
core   0: 0x8000bb4a (0x4a3f2d23) sw      gp, 1210(t5)
core   0: 3 0x8000bb4a (0x4a3f2d23) mem 0x80010000 0x00000001
core   0: 0x8000bb4e (0x0000bfe5) c.j     pc - 8
core   0: 3 0x8000bb4e (0xbfe5)
core   0: 0x8000bb46 (0x00004f17) auipc   t5, 0x4
core   0: 3 0x8000bb46 (0x00004f17) x30 0x8000fb46
core   0: 0x8000bb4a (0x4a3f2d23) sw      gp, 1210(t5)
core   0: 3 0x8000bb4a (0x4a3f2d23) mem 0x80010000 0x00000001
core   0: 0x8000bb4e (0x0000bfe5) c.j     pc - 8
core   0: 3 0x8000bb4e (0xbfe5)
core   0: 0x8000bb46 (0x00004f17) auipc   t5, 0x4
core   0: 3 0x8000bb46 (0x00004f17) x30 0x8000fb46
core   0: 0x8000bb4a (0x4a3f2d23) sw      gp, 1210(t5)
core   0: 3 0x8000bb4a (0x4a3f2d23) mem 0x80010000 0x00000001
core   0: 0x8000bb4e (0x0000bfe5) c.j     pc - 8
core   0: 3 0x8000bb4e (0xbfe5)
core   0: 0x8000bb46 (0x00004f17) auipc   t5, 0x4
core   0: 3 0x8000bb46 (0x00004f17) x30 0x8000fb46
core   0: 0x8000bb4a (0x4a3f2d23) sw      gp, 1210(t5)
core   0: 3 0x8000bb4a (0x4a3f2d23) mem 0x80010000 0x00000001
core   0: 0x8000bb4e (0x0000bfe5) c.j     pc - 8
core   0: 3 0x8000bb4e (0xbfe5)
core   0: 0x8000bb46 (0x00004f17) auipc   t5, 0x4
core   0: 3 0x8000bb46 (0x00004f17) x30 0x8000fb46
core   0: 0x8000bb4a (0x4a3f2d23) sw      gp, 1210(t5)
core   0: 3 0x8000bb4a (0x4a3f2d23) mem 0x80010000 0x00000001
core   0: 0x8000bb4e (0x0000bfe5) c.j     pc - 8
core   0: 3 0x8000bb4e (0xbfe5)
core   0: 0x8000bb46 (0x00004f17) auipc   t5, 0x4
core   0: 3 0x8000bb46 (0x00004f17) x30 0x8000fb46
core   0: 0x8000bb4a (0x4a3f2d23) sw      gp, 1210(t5)
core   0: 3 0x8000bb4a (0x4a3f2d23) mem 0x80010000 0x00000001
core   0: 0x8000bb4e (0x0000bfe5) c.j     pc - 8
core   0: 3 0x8000bb4e (0xbfe5)
core   0: 0x8000bb46 (0x00004f17) auipc   t5, 0x4
core   0: 3 0x8000bb46 (0x00004f17) x30 0x8000fb46
core   0: 0x8000bb4a (0x4a3f2d23) sw      gp, 1210(t5)
core   0: 3 0x8000bb4a (0x4a3f2d23) mem 0x80010000 0x00000001
core   0: 0x8000bb4e (0x0000bfe5) c.j     pc - 8
core   0: 3 0x8000bb4e (0xbfe5)
core   0: 0x8000bb46 (0x00004f17) auipc   t5, 0x4
core   0: 3 0x8000bb46 (0x00004f17) x30 0x8000fb46
core   0: 0x8000bb4a (0x4a3f2d23) sw      gp, 1210(t5)
core   0: 3 0x8000bb4a (0x4a3f2d23) mem 0x80010000 0x00000001
core   0: 0x8000bb4e (0x0000bfe5) c.j     pc - 8
core   0: 3 0x8000bb4e (0xbfe5)
core   0: 0x8000bb46 (0x00004f17) auipc   t5, 0x4
core   0: 3 0x8000bb46 (0x00004f17) x30 0x8000fb46
core   0: 0x8000bb4a (0x4a3f2d23) sw      gp, 1210(t5)
core   0: 3 0x8000bb4a (0x4a3f2d23) mem 0x80010000 0x00000001
core   0: 0x8000bb4e (0x0000bfe5) c.j     pc - 8
core   0: 3 0x8000bb4e (0xbfe5)
core   0: 0x8000bb46 (0x00004f17) auipc   t5, 0x4
core   0: 3 0x8000bb46 (0x00004f17) x30 0x8000fb46
core   0: 0x8000bb4a (0x4a3f2d23) sw      gp, 1210(t5)
core   0: 3 0x8000bb4a (0x4a3f2d23) mem 0x80010000 0x00000001
core   0: 0x8000bb4e (0x0000bfe5) c.j     pc - 8
core   0: 3 0x8000bb4e (0xbfe5)
core   0: 0x8000bb46 (0x00004f17) auipc   t5, 0x4
core   0: 3 0x8000bb46 (0x00004f17) x30 0x8000fb46
core   0: 0x8000bb4a (0x4a3f2d23) sw      gp, 1210(t5)
core   0: 3 0x8000bb4a (0x4a3f2d23) mem 0x80010000 0x00000001
core   0: 0x8000bb4e (0x0000bfe5) c.j     pc - 8
core   0: 3 0x8000bb4e (0xbfe5)
core   0: 0x8000bb46 (0x00004f17) auipc   t5, 0x4
core   0: 3 0x8000bb46 (0x00004f17) x30 0x8000fb46
core   0: 0x8000bb4a (0x4a3f2d23) sw      gp, 1210(t5)
core   0: 3 0x8000bb4a (0x4a3f2d23) mem 0x80010000 0x00000001
core   0: 0x8000bb4e (0x0000bfe5) c.j     pc - 8
core   0: 3 0x8000bb4e (0xbfe5)
core   0: 0x8000bb46 (0x00004f17) auipc   t5, 0x4
core   0: 3 0x8000bb46 (0x00004f17) x30 0x8000fb46
core   0: 0x8000bb4a (0x4a3f2d23) sw      gp, 1210(t5)
core   0: 3 0x8000bb4a (0x4a3f2d23) mem 0x80010000 0x00000001
core   0: 0x8000bb4e (0x0000bfe5) c.j     pc - 8
core   0: 3 0x8000bb4e (0xbfe5)
core   0: 0x8000bb46 (0x00004f17) auipc   t5, 0x4
core   0: 3 0x8000bb46 (0x00004f17) x30 0x8000fb46
core   0: 0x8000bb4a (0x4a3f2d23) sw      gp, 1210(t5)
core   0: 3 0x8000bb4a (0x4a3f2d23) mem 0x80010000 0x00000001
core   0: 0x8000bb4e (0x0000bfe5) c.j     pc - 8
core   0: 3 0x8000bb4e (0xbfe5)
core   0: 0x8000bb46 (0x00004f17) auipc   t5, 0x4
core   0: 3 0x8000bb46 (0x00004f17) x30 0x8000fb46
core   0: 0x8000bb4a (0x4a3f2d23) sw      gp, 1210(t5)
core   0: 3 0x8000bb4a (0x4a3f2d23) mem 0x80010000 0x00000001
core   0: 0x8000bb4e (0x0000bfe5) c.j     pc - 8
core   0: 3 0x8000bb4e (0xbfe5)
core   0: 0x8000bb46 (0x00004f17) auipc   t5, 0x4
core   0: 3 0x8000bb46 (0x00004f17) x30 0x8000fb46
core   0: 0x8000bb4a (0x4a3f2d23) sw      gp, 1210(t5)
core   0: 3 0x8000bb4a (0x4a3f2d23) mem 0x80010000 0x00000001
core   0: 0x8000bb4e (0x0000bfe5) c.j     pc - 8
core   0: 3 0x8000bb4e (0xbfe5)
core   0: 0x8000bb46 (0x00004f17) auipc   t5, 0x4
core   0: 3 0x8000bb46 (0x00004f17) x30 0x8000fb46
core   0: 0x8000bb4a (0x4a3f2d23) sw      gp, 1210(t5)
core   0: 3 0x8000bb4a (0x4a3f2d23) mem 0x80010000 0x00000001
core   0: 0x8000bb4e (0x0000bfe5) c.j     pc - 8
core   0: 3 0x8000bb4e (0xbfe5)
core   0: 0x8000bb46 (0x00004f17) auipc   t5, 0x4
core   0: 3 0x8000bb46 (0x00004f17) x30 0x8000fb46
core   0: 0x8000bb4a (0x4a3f2d23) sw      gp, 1210(t5)
core   0: 3 0x8000bb4a (0x4a3f2d23) mem 0x80010000 0x00000001
core   0: 0x8000bb4e (0x0000bfe5) c.j     pc - 8
core   0: 3 0x8000bb4e (0xbfe5)
core   0: 0x8000bb46 (0x00004f17) auipc   t5, 0x4
core   0: 3 0x8000bb46 (0x00004f17) x30 0x8000fb46
core   0: 0x8000bb4a (0x4a3f2d23) sw      gp, 1210(t5)
core   0: 3 0x8000bb4a (0x4a3f2d23) mem 0x80010000 0x00000001
core   0: 0x8000bb4e (0x0000bfe5) c.j     pc - 8
core   0: 3 0x8000bb4e (0xbfe5)
core   0: 0x8000bb46 (0x00004f17) auipc   t5, 0x4
core   0: 3 0x8000bb46 (0x00004f17) x30 0x8000fb46
core   0: 0x8000bb4a (0x4a3f2d23) sw      gp, 1210(t5)
core   0: 3 0x8000bb4a (0x4a3f2d23) mem 0x80010000 0x00000001
core   0: 0x8000bb4e (0x0000bfe5) c.j     pc - 8
core   0: 3 0x8000bb4e (0xbfe5)
core   0: 0x8000bb46 (0x00004f17) auipc   t5, 0x4
core   0: 3 0x8000bb46 (0x00004f17) x30 0x8000fb46
core   0: 0x8000bb4a (0x4a3f2d23) sw      gp, 1210(t5)
core   0: 3 0x8000bb4a (0x4a3f2d23) mem 0x80010000 0x00000001
core   0: 0x8000bb4e (0x0000bfe5) c.j     pc - 8
core   0: 3 0x8000bb4e (0xbfe5)
core   0: 0x8000bb46 (0x00004f17) auipc   t5, 0x4
core   0: 3 0x8000bb46 (0x00004f17) x30 0x8000fb46
core   0: 0x8000bb4a (0x4a3f2d23) sw      gp, 1210(t5)
core   0: 3 0x8000bb4a (0x4a3f2d23) mem 0x80010000 0x00000001
core   0: 0x8000bb4e (0x0000bfe5) c.j     pc - 8
core   0: 3 0x8000bb4e (0xbfe5)
core   0: 0x8000bb46 (0x00004f17) auipc   t5, 0x4
core   0: 3 0x8000bb46 (0x00004f17) x30 0x8000fb46
core   0: 0x8000bb4a (0x4a3f2d23) sw      gp, 1210(t5)
core   0: 3 0x8000bb4a (0x4a3f2d23) mem 0x80010000 0x00000001
core   0: 0x8000bb4e (0x0000bfe5) c.j     pc - 8
core   0: 3 0x8000bb4e (0xbfe5)
core   0: 0x8000bb46 (0x00004f17) auipc   t5, 0x4
core   0: 3 0x8000bb46 (0x00004f17) x30 0x8000fb46
core   0: 0x8000bb4a (0x4a3f2d23) sw      gp, 1210(t5)
core   0: 3 0x8000bb4a (0x4a3f2d23) mem 0x80010000 0x00000001
core   0: 0x8000bb4e (0x0000bfe5) c.j     pc - 8
core   0: 3 0x8000bb4e (0xbfe5)
core   0: 0x8000bb46 (0x00004f17) auipc   t5, 0x4
core   0: 3 0x8000bb46 (0x00004f17) x30 0x8000fb46
core   0: 0x8000bb4a (0x4a3f2d23) sw      gp, 1210(t5)
core   0: 3 0x8000bb4a (0x4a3f2d23) mem 0x80010000 0x00000001
core   0: 0x8000bb4e (0x0000bfe5) c.j     pc - 8
core   0: 3 0x8000bb4e (0xbfe5)
core   0: 0x8000bb46 (0x00004f17) auipc   t5, 0x4
core   0: 3 0x8000bb46 (0x00004f17) x30 0x8000fb46
core   0: 0x8000bb4a (0x4a3f2d23) sw      gp, 1210(t5)
core   0: 3 0x8000bb4a (0x4a3f2d23) mem 0x80010000 0x00000001
core   0: 0x8000bb4e (0x0000bfe5) c.j     pc - 8
core   0: 3 0x8000bb4e (0xbfe5)
core   0: 0x8000bb46 (0x00004f17) auipc   t5, 0x4
core   0: 3 0x8000bb46 (0x00004f17) x30 0x8000fb46
core   0: 0x8000bb4a (0x4a3f2d23) sw      gp, 1210(t5)
core   0: 3 0x8000bb4a (0x4a3f2d23) mem 0x80010000 0x00000001
core   0: 0x8000bb4e (0x0000bfe5) c.j     pc - 8
core   0: 3 0x8000bb4e (0xbfe5)
core   0: 0x8000bb46 (0x00004f17) auipc   t5, 0x4
core   0: 3 0x8000bb46 (0x00004f17) x30 0x8000fb46
core   0: 0x8000bb4a (0x4a3f2d23) sw      gp, 1210(t5)
core   0: 3 0x8000bb4a (0x4a3f2d23) mem 0x80010000 0x00000001
core   0: 0x8000bb4e (0x0000bfe5) c.j     pc - 8
core   0: 3 0x8000bb4e (0xbfe5)
core   0: 0x8000bb46 (0x00004f17) auipc   t5, 0x4
core   0: 3 0x8000bb46 (0x00004f17) x30 0x8000fb46
core   0: 0x8000bb4a (0x4a3f2d23) sw      gp, 1210(t5)
core   0: 3 0x8000bb4a (0x4a3f2d23) mem 0x80010000 0x00000001
core   0: 0x8000bb4e (0x0000bfe5) c.j     pc - 8
core   0: 3 0x8000bb4e (0xbfe5)
core   0: 0x8000bb46 (0x00004f17) auipc   t5, 0x4
core   0: 3 0x8000bb46 (0x00004f17) x30 0x8000fb46
core   0: 0x8000bb4a (0x4a3f2d23) sw      gp, 1210(t5)
core   0: 3 0x8000bb4a (0x4a3f2d23) mem 0x80010000 0x00000001
core   0: 0x8000bb4e (0x0000bfe5) c.j     pc - 8
core   0: 3 0x8000bb4e (0xbfe5)
core   0: 0x8000bb46 (0x00004f17) auipc   t5, 0x4
core   0: 3 0x8000bb46 (0x00004f17) x30 0x8000fb46
core   0: 0x8000bb4a (0x4a3f2d23) sw      gp, 1210(t5)
core   0: 3 0x8000bb4a (0x4a3f2d23) mem 0x80010000 0x00000001
core   0: 0x8000bb4e (0x0000bfe5) c.j     pc - 8
core   0: 3 0x8000bb4e (0xbfe5)
core   0: 0x8000bb46 (0x00004f17) auipc   t5, 0x4
core   0: 3 0x8000bb46 (0x00004f17) x30 0x8000fb46
core   0: 0x8000bb4a (0x4a3f2d23) sw      gp, 1210(t5)
core   0: 3 0x8000bb4a (0x4a3f2d23) mem 0x80010000 0x00000001
core   0: 0x8000bb4e (0x0000bfe5) c.j     pc - 8
core   0: 3 0x8000bb4e (0xbfe5)
core   0: 0x8000bb46 (0x00004f17) auipc   t5, 0x4
core   0: 3 0x8000bb46 (0x00004f17) x30 0x8000fb46
core   0: 0x8000bb4a (0x4a3f2d23) sw      gp, 1210(t5)
core   0: 3 0x8000bb4a (0x4a3f2d23) mem 0x80010000 0x00000001
core   0: 0x8000bb4e (0x0000bfe5) c.j     pc - 8
core   0: 3 0x8000bb4e (0xbfe5)
core   0: 0x8000bb46 (0x00004f17) auipc   t5, 0x4
core   0: 3 0x8000bb46 (0x00004f17) x30 0x8000fb46
core   0: 0x8000bb4a (0x4a3f2d23) sw      gp, 1210(t5)
core   0: 3 0x8000bb4a (0x4a3f2d23) mem 0x80010000 0x00000001
core   0: 0x8000bb4e (0x0000bfe5) c.j     pc - 8
core   0: 3 0x8000bb4e (0xbfe5)
core   0: 0x8000bb46 (0x00004f17) auipc   t5, 0x4
core   0: 3 0x8000bb46 (0x00004f17) x30 0x8000fb46
core   0: 0x8000bb4a (0x4a3f2d23) sw      gp, 1210(t5)
core   0: 3 0x8000bb4a (0x4a3f2d23) mem 0x80010000 0x00000001
core   0: 0x8000bb4e (0x0000bfe5) c.j     pc - 8
core   0: 3 0x8000bb4e (0xbfe5)
core   0: 0x8000bb46 (0x00004f17) auipc   t5, 0x4
core   0: 3 0x8000bb46 (0x00004f17) x30 0x8000fb46
core   0: 0x8000bb4a (0x4a3f2d23) sw      gp, 1210(t5)
core   0: 3 0x8000bb4a (0x4a3f2d23) mem 0x80010000 0x00000001
core   0: 0x8000bb4e (0x0000bfe5) c.j     pc - 8
core   0: 3 0x8000bb4e (0xbfe5)
core   0: 0x8000bb46 (0x00004f17) auipc   t5, 0x4
core   0: 3 0x8000bb46 (0x00004f17) x30 0x8000fb46
core   0: 0x8000bb4a (0x4a3f2d23) sw      gp, 1210(t5)
core   0: 3 0x8000bb4a (0x4a3f2d23) mem 0x80010000 0x00000001
core   0: 0x8000bb4e (0x0000bfe5) c.j     pc - 8
core   0: 3 0x8000bb4e (0xbfe5)
core   0: 0x8000bb46 (0x00004f17) auipc   t5, 0x4
core   0: 3 0x8000bb46 (0x00004f17) x30 0x8000fb46
core   0: 0x8000bb4a (0x4a3f2d23) sw      gp, 1210(t5)
core   0: 3 0x8000bb4a (0x4a3f2d23) mem 0x80010000 0x00000001
core   0: 0x8000bb4e (0x0000bfe5) c.j     pc - 8
core   0: 3 0x8000bb4e (0xbfe5)
core   0: 0x8000bb46 (0x00004f17) auipc   t5, 0x4
core   0: 3 0x8000bb46 (0x00004f17) x30 0x8000fb46
core   0: 0x8000bb4a (0x4a3f2d23) sw      gp, 1210(t5)
core   0: 3 0x8000bb4a (0x4a3f2d23) mem 0x80010000 0x00000001
core   0: 0x8000bb4e (0x0000bfe5) c.j     pc - 8
core   0: 3 0x8000bb4e (0xbfe5)
core   0: 0x8000bb46 (0x00004f17) auipc   t5, 0x4
core   0: 3 0x8000bb46 (0x00004f17) x30 0x8000fb46
core   0: 0x8000bb4a (0x4a3f2d23) sw      gp, 1210(t5)
core   0: 3 0x8000bb4a (0x4a3f2d23) mem 0x80010000 0x00000001
core   0: 0x8000bb4e (0x0000bfe5) c.j     pc - 8
core   0: 3 0x8000bb4e (0xbfe5)
core   0: 0x8000bb46 (0x00004f17) auipc   t5, 0x4
core   0: 3 0x8000bb46 (0x00004f17) x30 0x8000fb46
core   0: 0x8000bb4a (0x4a3f2d23) sw      gp, 1210(t5)
core   0: 3 0x8000bb4a (0x4a3f2d23) mem 0x80010000 0x00000001
core   0: 0x8000bb4e (0x0000bfe5) c.j     pc - 8
core   0: 3 0x8000bb4e (0xbfe5)
core   0: 0x8000bb46 (0x00004f17) auipc   t5, 0x4
core   0: 3 0x8000bb46 (0x00004f17) x30 0x8000fb46
core   0: 0x8000bb4a (0x4a3f2d23) sw      gp, 1210(t5)
core   0: 3 0x8000bb4a (0x4a3f2d23) mem 0x80010000 0x00000001
core   0: 0x8000bb4e (0x0000bfe5) c.j     pc - 8
core   0: 3 0x8000bb4e (0xbfe5)
core   0: 0x8000bb46 (0x00004f17) auipc   t5, 0x4
core   0: 3 0x8000bb46 (0x00004f17) x30 0x8000fb46
core   0: 0x8000bb4a (0x4a3f2d23) sw      gp, 1210(t5)
core   0: 3 0x8000bb4a (0x4a3f2d23) mem 0x80010000 0x00000001
core   0: 0x8000bb4e (0x0000bfe5) c.j     pc - 8
core   0: 3 0x8000bb4e (0xbfe5)
core   0: 0x8000bb46 (0x00004f17) auipc   t5, 0x4
core   0: 3 0x8000bb46 (0x00004f17) x30 0x8000fb46
core   0: 0x8000bb4a (0x4a3f2d23) sw      gp, 1210(t5)
core   0: 3 0x8000bb4a (0x4a3f2d23) mem 0x80010000 0x00000001
core   0: 0x8000bb4e (0x0000bfe5) c.j     pc - 8
core   0: 3 0x8000bb4e (0xbfe5)
core   0: 0x8000bb46 (0x00004f17) auipc   t5, 0x4
core   0: 3 0x8000bb46 (0x00004f17) x30 0x8000fb46
core   0: 0x8000bb4a (0x4a3f2d23) sw      gp, 1210(t5)
core   0: 3 0x8000bb4a (0x4a3f2d23) mem 0x80010000 0x00000001
core   0: 0x8000bb4e (0x0000bfe5) c.j     pc - 8
core   0: 3 0x8000bb4e (0xbfe5)
core   0: 0x8000bb46 (0x00004f17) auipc   t5, 0x4
core   0: 3 0x8000bb46 (0x00004f17) x30 0x8000fb46
core   0: 0x8000bb4a (0x4a3f2d23) sw      gp, 1210(t5)
core   0: 3 0x8000bb4a (0x4a3f2d23) mem 0x80010000 0x00000001
core   0: 0x8000bb4e (0x0000bfe5) c.j     pc - 8
core   0: 3 0x8000bb4e (0xbfe5)
core   0: 0x8000bb46 (0x00004f17) auipc   t5, 0x4
core   0: 3 0x8000bb46 (0x00004f17) x30 0x8000fb46
core   0: 0x8000bb4a (0x4a3f2d23) sw      gp, 1210(t5)
core   0: 3 0x8000bb4a (0x4a3f2d23) mem 0x80010000 0x00000001
core   0: 0x8000bb4e (0x0000bfe5) c.j     pc - 8
core   0: 3 0x8000bb4e (0xbfe5)
core   0: 0x8000bb46 (0x00004f17) auipc   t5, 0x4
core   0: 3 0x8000bb46 (0x00004f17) x30 0x8000fb46
core   0: 0x8000bb4a (0x4a3f2d23) sw      gp, 1210(t5)
core   0: 3 0x8000bb4a (0x4a3f2d23) mem 0x80010000 0x00000001
core   0: 0x8000bb4e (0x0000bfe5) c.j     pc - 8
core   0: 3 0x8000bb4e (0xbfe5)
core   0: 0x8000bb46 (0x00004f17) auipc   t5, 0x4
core   0: 3 0x8000bb46 (0x00004f17) x30 0x8000fb46
core   0: 0x8000bb4a (0x4a3f2d23) sw      gp, 1210(t5)
core   0: 3 0x8000bb4a (0x4a3f2d23) mem 0x80010000 0x00000001
core   0: 0x8000bb4e (0x0000bfe5) c.j     pc - 8
core   0: 3 0x8000bb4e (0xbfe5)
core   0: 0x8000bb46 (0x00004f17) auipc   t5, 0x4
core   0: 3 0x8000bb46 (0x00004f17) x30 0x8000fb46
core   0: 0x8000bb4a (0x4a3f2d23) sw      gp, 1210(t5)
core   0: 3 0x8000bb4a (0x4a3f2d23) mem 0x80010000 0x00000001
core   0: 0x8000bb4e (0x0000bfe5) c.j     pc - 8
core   0: 3 0x8000bb4e (0xbfe5)
core   0: 0x8000bb46 (0x00004f17) auipc   t5, 0x4
core   0: 3 0x8000bb46 (0x00004f17) x30 0x8000fb46
core   0: 0x8000bb4a (0x4a3f2d23) sw      gp, 1210(t5)
core   0: 3 0x8000bb4a (0x4a3f2d23) mem 0x80010000 0x00000001
core   0: 0x8000bb4e (0x0000bfe5) c.j     pc - 8
core   0: 3 0x8000bb4e (0xbfe5)
core   0: 0x8000bb46 (0x00004f17) auipc   t5, 0x4
core   0: 3 0x8000bb46 (0x00004f17) x30 0x8000fb46
core   0: 0x8000bb4a (0x4a3f2d23) sw      gp, 1210(t5)
core   0: 3 0x8000bb4a (0x4a3f2d23) mem 0x80010000 0x00000001
core   0: 0x8000bb4e (0x0000bfe5) c.j     pc - 8
core   0: 3 0x8000bb4e (0xbfe5)
core   0: 0x8000bb46 (0x00004f17) auipc   t5, 0x4
core   0: 3 0x8000bb46 (0x00004f17) x30 0x8000fb46
core   0: 0x8000bb4a (0x4a3f2d23) sw      gp, 1210(t5)
core   0: 3 0x8000bb4a (0x4a3f2d23) mem 0x80010000 0x00000001
core   0: 0x8000bb4e (0x0000bfe5) c.j     pc - 8
core   0: 3 0x8000bb4e (0xbfe5)
core   0: 0x8000bb46 (0x00004f17) auipc   t5, 0x4
core   0: 3 0x8000bb46 (0x00004f17) x30 0x8000fb46
core   0: 0x8000bb4a (0x4a3f2d23) sw      gp, 1210(t5)
core   0: 3 0x8000bb4a (0x4a3f2d23) mem 0x80010000 0x00000001
core   0: 0x8000bb4e (0x0000bfe5) c.j     pc - 8
core   0: 3 0x8000bb4e (0xbfe5)
core   0: 0x8000bb46 (0x00004f17) auipc   t5, 0x4
core   0: 3 0x8000bb46 (0x00004f17) x30 0x8000fb46
core   0: 0x8000bb4a (0x4a3f2d23) sw      gp, 1210(t5)
core   0: 3 0x8000bb4a (0x4a3f2d23) mem 0x80010000 0x00000001
core   0: 0x8000bb4e (0x0000bfe5) c.j     pc - 8
core   0: 3 0x8000bb4e (0xbfe5)
core   0: 0x8000bb46 (0x00004f17) auipc   t5, 0x4
core   0: 3 0x8000bb46 (0x00004f17) x30 0x8000fb46
core   0: 0x8000bb4a (0x4a3f2d23) sw      gp, 1210(t5)
core   0: 3 0x8000bb4a (0x4a3f2d23) mem 0x80010000 0x00000001
core   0: 0x8000bb4e (0x0000bfe5) c.j     pc - 8
core   0: 3 0x8000bb4e (0xbfe5)
core   0: 0x8000bb46 (0x00004f17) auipc   t5, 0x4
core   0: 3 0x8000bb46 (0x00004f17) x30 0x8000fb46
core   0: 0x8000bb4a (0x4a3f2d23) sw      gp, 1210(t5)
core   0: 3 0x8000bb4a (0x4a3f2d23) mem 0x80010000 0x00000001
core   0: 0x8000bb4e (0x0000bfe5) c.j     pc - 8
core   0: 3 0x8000bb4e (0xbfe5)
core   0: 0x8000bb46 (0x00004f17) auipc   t5, 0x4
core   0: 3 0x8000bb46 (0x00004f17) x30 0x8000fb46
core   0: 0x8000bb4a (0x4a3f2d23) sw      gp, 1210(t5)
core   0: 3 0x8000bb4a (0x4a3f2d23) mem 0x80010000 0x00000001
core   0: 0x8000bb4e (0x0000bfe5) c.j     pc - 8
core   0: 3 0x8000bb4e (0xbfe5)
core   0: 0x8000bb46 (0x00004f17) auipc   t5, 0x4
core   0: 3 0x8000bb46 (0x00004f17) x30 0x8000fb46
core   0: 0x8000bb4a (0x4a3f2d23) sw      gp, 1210(t5)
core   0: 3 0x8000bb4a (0x4a3f2d23) mem 0x80010000 0x00000001
core   0: 0x8000bb4e (0x0000bfe5) c.j     pc - 8
core   0: 3 0x8000bb4e (0xbfe5)
core   0: 0x8000bb46 (0x00004f17) auipc   t5, 0x4
core   0: 3 0x8000bb46 (0x00004f17) x30 0x8000fb46
core   0: 0x8000bb4a (0x4a3f2d23) sw      gp, 1210(t5)
core   0: 3 0x8000bb4a (0x4a3f2d23) mem 0x80010000 0x00000001
core   0: 0x8000bb4e (0x0000bfe5) c.j     pc - 8
core   0: 3 0x8000bb4e (0xbfe5)
core   0: 0x8000bb46 (0x00004f17) auipc   t5, 0x4
core   0: 3 0x8000bb46 (0x00004f17) x30 0x8000fb46
core   0: 0x8000bb4a (0x4a3f2d23) sw      gp, 1210(t5)
core   0: 3 0x8000bb4a (0x4a3f2d23) mem 0x80010000 0x00000001
core   0: 0x8000bb4e (0x0000bfe5) c.j     pc - 8
core   0: 3 0x8000bb4e (0xbfe5)
core   0: 0x8000bb46 (0x00004f17) auipc   t5, 0x4
core   0: 3 0x8000bb46 (0x00004f17) x30 0x8000fb46
core   0: 0x8000bb4a (0x4a3f2d23) sw      gp, 1210(t5)
core   0: 3 0x8000bb4a (0x4a3f2d23) mem 0x80010000 0x00000001
core   0: 0x8000bb4e (0x0000bfe5) c.j     pc - 8
core   0: 3 0x8000bb4e (0xbfe5)
core   0: 0x8000bb46 (0x00004f17) auipc   t5, 0x4
core   0: 3 0x8000bb46 (0x00004f17) x30 0x8000fb46
core   0: 0x8000bb4a (0x4a3f2d23) sw      gp, 1210(t5)
core   0: 3 0x8000bb4a (0x4a3f2d23) mem 0x80010000 0x00000001
core   0: 0x8000bb4e (0x0000bfe5) c.j     pc - 8
core   0: 3 0x8000bb4e (0xbfe5)
core   0: 0x8000bb46 (0x00004f17) auipc   t5, 0x4
core   0: 3 0x8000bb46 (0x00004f17) x30 0x8000fb46
core   0: 0x8000bb4a (0x4a3f2d23) sw      gp, 1210(t5)
core   0: 3 0x8000bb4a (0x4a3f2d23) mem 0x80010000 0x00000001
core   0: 0x8000bb4e (0x0000bfe5) c.j     pc - 8
core   0: 3 0x8000bb4e (0xbfe5)
core   0: 0x8000bb46 (0x00004f17) auipc   t5, 0x4
core   0: 3 0x8000bb46 (0x00004f17) x30 0x8000fb46
core   0: 0x8000bb4a (0x4a3f2d23) sw      gp, 1210(t5)
core   0: 3 0x8000bb4a (0x4a3f2d23) mem 0x80010000 0x00000001
core   0: 0x8000bb4e (0x0000bfe5) c.j     pc - 8
core   0: 3 0x8000bb4e (0xbfe5)
core   0: 0x8000bb46 (0x00004f17) auipc   t5, 0x4
core   0: 3 0x8000bb46 (0x00004f17) x30 0x8000fb46
core   0: 0x8000bb4a (0x4a3f2d23) sw      gp, 1210(t5)
core   0: 3 0x8000bb4a (0x4a3f2d23) mem 0x80010000 0x00000001
core   0: 0x8000bb4e (0x0000bfe5) c.j     pc - 8
core   0: 3 0x8000bb4e (0xbfe5)
core   0: 0x8000bb46 (0x00004f17) auipc   t5, 0x4
core   0: 3 0x8000bb46 (0x00004f17) x30 0x8000fb46
core   0: 0x8000bb4a (0x4a3f2d23) sw      gp, 1210(t5)
core   0: 3 0x8000bb4a (0x4a3f2d23) mem 0x80010000 0x00000001
core   0: 0x8000bb4e (0x0000bfe5) c.j     pc - 8
core   0: 3 0x8000bb4e (0xbfe5)
core   0: 0x8000bb46 (0x00004f17) auipc   t5, 0x4
core   0: 3 0x8000bb46 (0x00004f17) x30 0x8000fb46
core   0: 0x8000bb4a (0x4a3f2d23) sw      gp, 1210(t5)
core   0: 3 0x8000bb4a (0x4a3f2d23) mem 0x80010000 0x00000001
core   0: 0x8000bb4e (0x0000bfe5) c.j     pc - 8
core   0: 3 0x8000bb4e (0xbfe5)
core   0: 0x8000bb46 (0x00004f17) auipc   t5, 0x4
core   0: 3 0x8000bb46 (0x00004f17) x30 0x8000fb46
core   0: 0x8000bb4a (0x4a3f2d23) sw      gp, 1210(t5)
core   0: 3 0x8000bb4a (0x4a3f2d23) mem 0x80010000 0x00000001
core   0: 0x8000bb4e (0x0000bfe5) c.j     pc - 8
core   0: 3 0x8000bb4e (0xbfe5)
core   0: 0x8000bb46 (0x00004f17) auipc   t5, 0x4
core   0: 3 0x8000bb46 (0x00004f17) x30 0x8000fb46
core   0: 0x8000bb4a (0x4a3f2d23) sw      gp, 1210(t5)
core   0: 3 0x8000bb4a (0x4a3f2d23) mem 0x80010000 0x00000001
core   0: 0x8000bb4e (0x0000bfe5) c.j     pc - 8
core   0: 3 0x8000bb4e (0xbfe5)
core   0: 0x8000bb46 (0x00004f17) auipc   t5, 0x4
core   0: 3 0x8000bb46 (0x00004f17) x30 0x8000fb46
core   0: 0x8000bb4a (0x4a3f2d23) sw      gp, 1210(t5)
core   0: 3 0x8000bb4a (0x4a3f2d23) mem 0x80010000 0x00000001
core   0: 0x8000bb4e (0x0000bfe5) c.j     pc - 8
core   0: 3 0x8000bb4e (0xbfe5)
core   0: 0x8000bb46 (0x00004f17) auipc   t5, 0x4
core   0: 3 0x8000bb46 (0x00004f17) x30 0x8000fb46
core   0: 0x8000bb4a (0x4a3f2d23) sw      gp, 1210(t5)
core   0: 3 0x8000bb4a (0x4a3f2d23) mem 0x80010000 0x00000001
core   0: 0x8000bb4e (0x0000bfe5) c.j     pc - 8
core   0: 3 0x8000bb4e (0xbfe5)
core   0: 0x8000bb46 (0x00004f17) auipc   t5, 0x4
core   0: 3 0x8000bb46 (0x00004f17) x30 0x8000fb46
core   0: 0x8000bb4a (0x4a3f2d23) sw      gp, 1210(t5)
core   0: 3 0x8000bb4a (0x4a3f2d23) mem 0x80010000 0x00000001
core   0: 0x8000bb4e (0x0000bfe5) c.j     pc - 8
core   0: 3 0x8000bb4e (0xbfe5)
core   0: 0x8000bb46 (0x00004f17) auipc   t5, 0x4
core   0: 3 0x8000bb46 (0x00004f17) x30 0x8000fb46
core   0: 0x8000bb4a (0x4a3f2d23) sw      gp, 1210(t5)
core   0: 3 0x8000bb4a (0x4a3f2d23) mem 0x80010000 0x00000001
core   0: 0x8000bb4e (0x0000bfe5) c.j     pc - 8
core   0: 3 0x8000bb4e (0xbfe5)
core   0: 0x8000bb46 (0x00004f17) auipc   t5, 0x4
core   0: 3 0x8000bb46 (0x00004f17) x30 0x8000fb46
core   0: 0x8000bb4a (0x4a3f2d23) sw      gp, 1210(t5)
core   0: 3 0x8000bb4a (0x4a3f2d23) mem 0x80010000 0x00000001
core   0: 0x8000bb4e (0x0000bfe5) c.j     pc - 8
core   0: 3 0x8000bb4e (0xbfe5)
core   0: 0x8000bb46 (0x00004f17) auipc   t5, 0x4
core   0: 3 0x8000bb46 (0x00004f17) x30 0x8000fb46
core   0: 0x8000bb4a (0x4a3f2d23) sw      gp, 1210(t5)
core   0: 3 0x8000bb4a (0x4a3f2d23) mem 0x80010000 0x00000001
core   0: 0x8000bb4e (0x0000bfe5) c.j     pc - 8
core   0: 3 0x8000bb4e (0xbfe5)
core   0: 0x8000bb46 (0x00004f17) auipc   t5, 0x4
core   0: 3 0x8000bb46 (0x00004f17) x30 0x8000fb46
core   0: 0x8000bb4a (0x4a3f2d23) sw      gp, 1210(t5)
core   0: 3 0x8000bb4a (0x4a3f2d23) mem 0x80010000 0x00000001
core   0: 0x8000bb4e (0x0000bfe5) c.j     pc - 8
core   0: 3 0x8000bb4e (0xbfe5)
core   0: 0x8000bb46 (0x00004f17) auipc   t5, 0x4
core   0: 3 0x8000bb46 (0x00004f17) x30 0x8000fb46
core   0: 0x8000bb4a (0x4a3f2d23) sw      gp, 1210(t5)
core   0: 3 0x8000bb4a (0x4a3f2d23) mem 0x80010000 0x00000001
core   0: 0x8000bb4e (0x0000bfe5) c.j     pc - 8
core   0: 3 0x8000bb4e (0xbfe5)
core   0: 0x8000bb46 (0x00004f17) auipc   t5, 0x4
core   0: 3 0x8000bb46 (0x00004f17) x30 0x8000fb46
core   0: 0x8000bb4a (0x4a3f2d23) sw      gp, 1210(t5)
core   0: 3 0x8000bb4a (0x4a3f2d23) mem 0x80010000 0x00000001
core   0: 0x8000bb4e (0x0000bfe5) c.j     pc - 8
core   0: 3 0x8000bb4e (0xbfe5)
core   0: 0x8000bb46 (0x00004f17) auipc   t5, 0x4
core   0: 3 0x8000bb46 (0x00004f17) x30 0x8000fb46
core   0: 0x8000bb4a (0x4a3f2d23) sw      gp, 1210(t5)
core   0: 3 0x8000bb4a (0x4a3f2d23) mem 0x80010000 0x00000001
core   0: 0x8000bb4e (0x0000bfe5) c.j     pc - 8
core   0: 3 0x8000bb4e (0xbfe5)
core   0: 0x8000bb46 (0x00004f17) auipc   t5, 0x4
core   0: 3 0x8000bb46 (0x00004f17) x30 0x8000fb46
core   0: 0x8000bb4a (0x4a3f2d23) sw      gp, 1210(t5)
core   0: 3 0x8000bb4a (0x4a3f2d23) mem 0x80010000 0x00000001
core   0: 0x8000bb4e (0x0000bfe5) c.j     pc - 8
core   0: 3 0x8000bb4e (0xbfe5)
core   0: 0x8000bb46 (0x00004f17) auipc   t5, 0x4
core   0: 3 0x8000bb46 (0x00004f17) x30 0x8000fb46
core   0: 0x8000bb4a (0x4a3f2d23) sw      gp, 1210(t5)
core   0: 3 0x8000bb4a (0x4a3f2d23) mem 0x80010000 0x00000001
core   0: 0x8000bb4e (0x0000bfe5) c.j     pc - 8
core   0: 3 0x8000bb4e (0xbfe5)
core   0: 0x8000bb46 (0x00004f17) auipc   t5, 0x4
core   0: 3 0x8000bb46 (0x00004f17) x30 0x8000fb46
core   0: 0x8000bb4a (0x4a3f2d23) sw      gp, 1210(t5)
core   0: 3 0x8000bb4a (0x4a3f2d23) mem 0x80010000 0x00000001
core   0: 0x8000bb4e (0x0000bfe5) c.j     pc - 8
core   0: 3 0x8000bb4e (0xbfe5)
core   0: 0x8000bb46 (0x00004f17) auipc   t5, 0x4
core   0: 3 0x8000bb46 (0x00004f17) x30 0x8000fb46
core   0: 0x8000bb4a (0x4a3f2d23) sw      gp, 1210(t5)
core   0: 3 0x8000bb4a (0x4a3f2d23) mem 0x80010000 0x00000001
core   0: 0x8000bb4e (0x0000bfe5) c.j     pc - 8
core   0: 3 0x8000bb4e (0xbfe5)
core   0: 0x8000bb46 (0x00004f17) auipc   t5, 0x4
core   0: 3 0x8000bb46 (0x00004f17) x30 0x8000fb46
core   0: 0x8000bb4a (0x4a3f2d23) sw      gp, 1210(t5)
core   0: 3 0x8000bb4a (0x4a3f2d23) mem 0x80010000 0x00000001
core   0: 0x8000bb4e (0x0000bfe5) c.j     pc - 8
core   0: 3 0x8000bb4e (0xbfe5)
core   0: 0x8000bb46 (0x00004f17) auipc   t5, 0x4
core   0: 3 0x8000bb46 (0x00004f17) x30 0x8000fb46
core   0: 0x8000bb4a (0x4a3f2d23) sw      gp, 1210(t5)
core   0: 3 0x8000bb4a (0x4a3f2d23) mem 0x80010000 0x00000001
core   0: 0x8000bb4e (0x0000bfe5) c.j     pc - 8
core   0: 3 0x8000bb4e (0xbfe5)
core   0: 0x8000bb46 (0x00004f17) auipc   t5, 0x4
core   0: 3 0x8000bb46 (0x00004f17) x30 0x8000fb46
core   0: 0x8000bb4a (0x4a3f2d23) sw      gp, 1210(t5)
core   0: 3 0x8000bb4a (0x4a3f2d23) mem 0x80010000 0x00000001
core   0: 0x8000bb4e (0x0000bfe5) c.j     pc - 8
core   0: 3 0x8000bb4e (0xbfe5)
core   0: 0x8000bb46 (0x00004f17) auipc   t5, 0x4
core   0: 3 0x8000bb46 (0x00004f17) x30 0x8000fb46
core   0: 0x8000bb4a (0x4a3f2d23) sw      gp, 1210(t5)
core   0: 3 0x8000bb4a (0x4a3f2d23) mem 0x80010000 0x00000001
core   0: 0x8000bb4e (0x0000bfe5) c.j     pc - 8
core   0: 3 0x8000bb4e (0xbfe5)
core   0: 0x8000bb46 (0x00004f17) auipc   t5, 0x4
core   0: 3 0x8000bb46 (0x00004f17) x30 0x8000fb46
core   0: 0x8000bb4a (0x4a3f2d23) sw      gp, 1210(t5)
core   0: 3 0x8000bb4a (0x4a3f2d23) mem 0x80010000 0x00000001
core   0: 0x8000bb4e (0x0000bfe5) c.j     pc - 8
core   0: 3 0x8000bb4e (0xbfe5)
core   0: 0x8000bb46 (0x00004f17) auipc   t5, 0x4
core   0: 3 0x8000bb46 (0x00004f17) x30 0x8000fb46
core   0: 0x8000bb4a (0x4a3f2d23) sw      gp, 1210(t5)
core   0: 3 0x8000bb4a (0x4a3f2d23) mem 0x80010000 0x00000001
core   0: 0x8000bb4e (0x0000bfe5) c.j     pc - 8
core   0: 3 0x8000bb4e (0xbfe5)
core   0: 0x8000bb46 (0x00004f17) auipc   t5, 0x4
core   0: 3 0x8000bb46 (0x00004f17) x30 0x8000fb46
core   0: 0x8000bb4a (0x4a3f2d23) sw      gp, 1210(t5)
core   0: 3 0x8000bb4a (0x4a3f2d23) mem 0x80010000 0x00000001
core   0: 0x8000bb4e (0x0000bfe5) c.j     pc - 8
core   0: 3 0x8000bb4e (0xbfe5)
core   0: 0x8000bb46 (0x00004f17) auipc   t5, 0x4
core   0: 3 0x8000bb46 (0x00004f17) x30 0x8000fb46
core   0: 0x8000bb4a (0x4a3f2d23) sw      gp, 1210(t5)
core   0: 3 0x8000bb4a (0x4a3f2d23) mem 0x80010000 0x00000001
core   0: 0x8000bb4e (0x0000bfe5) c.j     pc - 8
core   0: 3 0x8000bb4e (0xbfe5)
core   0: 0x8000bb46 (0x00004f17) auipc   t5, 0x4
core   0: 3 0x8000bb46 (0x00004f17) x30 0x8000fb46
core   0: 0x8000bb4a (0x4a3f2d23) sw      gp, 1210(t5)
core   0: 3 0x8000bb4a (0x4a3f2d23) mem 0x80010000 0x00000001
core   0: 0x8000bb4e (0x0000bfe5) c.j     pc - 8
core   0: 3 0x8000bb4e (0xbfe5)
core   0: 0x8000bb46 (0x00004f17) auipc   t5, 0x4
core   0: 3 0x8000bb46 (0x00004f17) x30 0x8000fb46
core   0: 0x8000bb4a (0x4a3f2d23) sw      gp, 1210(t5)
core   0: 3 0x8000bb4a (0x4a3f2d23) mem 0x80010000 0x00000001
core   0: 0x8000bb4e (0x0000bfe5) c.j     pc - 8
core   0: 3 0x8000bb4e (0xbfe5)
core   0: 0x8000bb46 (0x00004f17) auipc   t5, 0x4
core   0: 3 0x8000bb46 (0x00004f17) x30 0x8000fb46
core   0: 0x8000bb4a (0x4a3f2d23) sw      gp, 1210(t5)
core   0: 3 0x8000bb4a (0x4a3f2d23) mem 0x80010000 0x00000001
core   0: 0x8000bb4e (0x0000bfe5) c.j     pc - 8
core   0: 3 0x8000bb4e (0xbfe5)
core   0: 0x8000bb46 (0x00004f17) auipc   t5, 0x4
core   0: 3 0x8000bb46 (0x00004f17) x30 0x8000fb46
core   0: 0x8000bb4a (0x4a3f2d23) sw      gp, 1210(t5)
core   0: 3 0x8000bb4a (0x4a3f2d23) mem 0x80010000 0x00000001
core   0: 0x8000bb4e (0x0000bfe5) c.j     pc - 8
core   0: 3 0x8000bb4e (0xbfe5)
core   0: 0x8000bb46 (0x00004f17) auipc   t5, 0x4
core   0: 3 0x8000bb46 (0x00004f17) x30 0x8000fb46
core   0: 0x8000bb4a (0x4a3f2d23) sw      gp, 1210(t5)
core   0: 3 0x8000bb4a (0x4a3f2d23) mem 0x80010000 0x00000001
core   0: 0x8000bb4e (0x0000bfe5) c.j     pc - 8
core   0: 3 0x8000bb4e (0xbfe5)
core   0: 0x8000bb46 (0x00004f17) auipc   t5, 0x4
core   0: 3 0x8000bb46 (0x00004f17) x30 0x8000fb46
core   0: 0x8000bb4a (0x4a3f2d23) sw      gp, 1210(t5)
core   0: 3 0x8000bb4a (0x4a3f2d23) mem 0x80010000 0x00000001
core   0: 0x8000bb4e (0x0000bfe5) c.j     pc - 8
core   0: 3 0x8000bb4e (0xbfe5)
core   0: 0x8000bb46 (0x00004f17) auipc   t5, 0x4
core   0: 3 0x8000bb46 (0x00004f17) x30 0x8000fb46
core   0: 0x8000bb4a (0x4a3f2d23) sw      gp, 1210(t5)
core   0: 3 0x8000bb4a (0x4a3f2d23) mem 0x80010000 0x00000001
core   0: 0x8000bb4e (0x0000bfe5) c.j     pc - 8
core   0: 3 0x8000bb4e (0xbfe5)
core   0: 0x8000bb46 (0x00004f17) auipc   t5, 0x4
core   0: 3 0x8000bb46 (0x00004f17) x30 0x8000fb46
core   0: 0x8000bb4a (0x4a3f2d23) sw      gp, 1210(t5)
core   0: 3 0x8000bb4a (0x4a3f2d23) mem 0x80010000 0x00000001
core   0: 0x8000bb4e (0x0000bfe5) c.j     pc - 8
core   0: 3 0x8000bb4e (0xbfe5)
core   0: 0x8000bb46 (0x00004f17) auipc   t5, 0x4
core   0: 3 0x8000bb46 (0x00004f17) x30 0x8000fb46
core   0: 0x8000bb4a (0x4a3f2d23) sw      gp, 1210(t5)
core   0: 3 0x8000bb4a (0x4a3f2d23) mem 0x80010000 0x00000001
core   0: 0x8000bb4e (0x0000bfe5) c.j     pc - 8
core   0: 3 0x8000bb4e (0xbfe5)
core   0: 0x8000bb46 (0x00004f17) auipc   t5, 0x4
core   0: 3 0x8000bb46 (0x00004f17) x30 0x8000fb46
core   0: 0x8000bb4a (0x4a3f2d23) sw      gp, 1210(t5)
core   0: 3 0x8000bb4a (0x4a3f2d23) mem 0x80010000 0x00000001
core   0: 0x8000bb4e (0x0000bfe5) c.j     pc - 8
core   0: 3 0x8000bb4e (0xbfe5)
core   0: 0x8000bb46 (0x00004f17) auipc   t5, 0x4
core   0: 3 0x8000bb46 (0x00004f17) x30 0x8000fb46
core   0: 0x8000bb4a (0x4a3f2d23) sw      gp, 1210(t5)
core   0: 3 0x8000bb4a (0x4a3f2d23) mem 0x80010000 0x00000001
core   0: 0x8000bb4e (0x0000bfe5) c.j     pc - 8
core   0: 3 0x8000bb4e (0xbfe5)
core   0: 0x8000bb46 (0x00004f17) auipc   t5, 0x4
core   0: 3 0x8000bb46 (0x00004f17) x30 0x8000fb46
core   0: 0x8000bb4a (0x4a3f2d23) sw      gp, 1210(t5)
core   0: 3 0x8000bb4a (0x4a3f2d23) mem 0x80010000 0x00000001
core   0: 0x8000bb4e (0x0000bfe5) c.j     pc - 8
core   0: 3 0x8000bb4e (0xbfe5)
core   0: 0x8000bb46 (0x00004f17) auipc   t5, 0x4
core   0: 3 0x8000bb46 (0x00004f17) x30 0x8000fb46
core   0: 0x8000bb4a (0x4a3f2d23) sw      gp, 1210(t5)
core   0: 3 0x8000bb4a (0x4a3f2d23) mem 0x80010000 0x00000001
core   0: 0x8000bb4e (0x0000bfe5) c.j     pc - 8
core   0: 3 0x8000bb4e (0xbfe5)
core   0: 0x8000bb46 (0x00004f17) auipc   t5, 0x4
core   0: 3 0x8000bb46 (0x00004f17) x30 0x8000fb46
core   0: 0x8000bb4a (0x4a3f2d23) sw      gp, 1210(t5)
core   0: 3 0x8000bb4a (0x4a3f2d23) mem 0x80010000 0x00000001
core   0: 0x8000bb4e (0x0000bfe5) c.j     pc - 8
core   0: 3 0x8000bb4e (0xbfe5)
core   0: 0x8000bb46 (0x00004f17) auipc   t5, 0x4
core   0: 3 0x8000bb46 (0x00004f17) x30 0x8000fb46
core   0: 0x8000bb4a (0x4a3f2d23) sw      gp, 1210(t5)
core   0: 3 0x8000bb4a (0x4a3f2d23) mem 0x80010000 0x00000001
core   0: 0x8000bb4e (0x0000bfe5) c.j     pc - 8
core   0: 3 0x8000bb4e (0xbfe5)
core   0: 0x8000bb46 (0x00004f17) auipc   t5, 0x4
core   0: 3 0x8000bb46 (0x00004f17) x30 0x8000fb46
core   0: 0x8000bb4a (0x4a3f2d23) sw      gp, 1210(t5)
core   0: 3 0x8000bb4a (0x4a3f2d23) mem 0x80010000 0x00000001
core   0: 0x8000bb4e (0x0000bfe5) c.j     pc - 8
core   0: 3 0x8000bb4e (0xbfe5)
core   0: 0x8000bb46 (0x00004f17) auipc   t5, 0x4
core   0: 3 0x8000bb46 (0x00004f17) x30 0x8000fb46
core   0: 0x8000bb4a (0x4a3f2d23) sw      gp, 1210(t5)
core   0: 3 0x8000bb4a (0x4a3f2d23) mem 0x80010000 0x00000001
core   0: 0x8000bb4e (0x0000bfe5) c.j     pc - 8
core   0: 3 0x8000bb4e (0xbfe5)
core   0: 0x8000bb46 (0x00004f17) auipc   t5, 0x4
core   0: 3 0x8000bb46 (0x00004f17) x30 0x8000fb46
core   0: 0x8000bb4a (0x4a3f2d23) sw      gp, 1210(t5)
core   0: 3 0x8000bb4a (0x4a3f2d23) mem 0x80010000 0x00000001
core   0: 0x8000bb4e (0x0000bfe5) c.j     pc - 8
core   0: 3 0x8000bb4e (0xbfe5)
core   0: 0x8000bb46 (0x00004f17) auipc   t5, 0x4
core   0: 3 0x8000bb46 (0x00004f17) x30 0x8000fb46
core   0: 0x8000bb4a (0x4a3f2d23) sw      gp, 1210(t5)
core   0: 3 0x8000bb4a (0x4a3f2d23) mem 0x80010000 0x00000001
core   0: 0x8000bb4e (0x0000bfe5) c.j     pc - 8
core   0: 3 0x8000bb4e (0xbfe5)
core   0: 0x8000bb46 (0x00004f17) auipc   t5, 0x4
core   0: 3 0x8000bb46 (0x00004f17) x30 0x8000fb46
core   0: 0x8000bb4a (0x4a3f2d23) sw      gp, 1210(t5)
core   0: 3 0x8000bb4a (0x4a3f2d23) mem 0x80010000 0x00000001
core   0: 0x8000bb4e (0x0000bfe5) c.j     pc - 8
core   0: 3 0x8000bb4e (0xbfe5)
core   0: 0x8000bb46 (0x00004f17) auipc   t5, 0x4
core   0: 3 0x8000bb46 (0x00004f17) x30 0x8000fb46
core   0: 0x8000bb4a (0x4a3f2d23) sw      gp, 1210(t5)
core   0: 3 0x8000bb4a (0x4a3f2d23) mem 0x80010000 0x00000001
core   0: 0x8000bb4e (0x0000bfe5) c.j     pc - 8
core   0: 3 0x8000bb4e (0xbfe5)
core   0: 0x8000bb46 (0x00004f17) auipc   t5, 0x4
core   0: 3 0x8000bb46 (0x00004f17) x30 0x8000fb46
core   0: 0x8000bb4a (0x4a3f2d23) sw      gp, 1210(t5)
core   0: 3 0x8000bb4a (0x4a3f2d23) mem 0x80010000 0x00000001
core   0: 0x8000bb4e (0x0000bfe5) c.j     pc - 8
core   0: 3 0x8000bb4e (0xbfe5)
core   0: 0x8000bb46 (0x00004f17) auipc   t5, 0x4
core   0: 3 0x8000bb46 (0x00004f17) x30 0x8000fb46
core   0: 0x8000bb4a (0x4a3f2d23) sw      gp, 1210(t5)
core   0: 3 0x8000bb4a (0x4a3f2d23) mem 0x80010000 0x00000001
core   0: 0x8000bb4e (0x0000bfe5) c.j     pc - 8
core   0: 3 0x8000bb4e (0xbfe5)
core   0: 0x8000bb46 (0x00004f17) auipc   t5, 0x4
core   0: 3 0x8000bb46 (0x00004f17) x30 0x8000fb46
core   0: 0x8000bb4a (0x4a3f2d23) sw      gp, 1210(t5)
core   0: 3 0x8000bb4a (0x4a3f2d23) mem 0x80010000 0x00000001
core   0: 0x8000bb4e (0x0000bfe5) c.j     pc - 8
core   0: 3 0x8000bb4e (0xbfe5)
core   0: 0x8000bb46 (0x00004f17) auipc   t5, 0x4
core   0: 3 0x8000bb46 (0x00004f17) x30 0x8000fb46
core   0: 0x8000bb4a (0x4a3f2d23) sw      gp, 1210(t5)
core   0: 3 0x8000bb4a (0x4a3f2d23) mem 0x80010000 0x00000001
core   0: 0x8000bb4e (0x0000bfe5) c.j     pc - 8
core   0: 3 0x8000bb4e (0xbfe5)
core   0: 0x8000bb46 (0x00004f17) auipc   t5, 0x4
core   0: 3 0x8000bb46 (0x00004f17) x30 0x8000fb46
core   0: 0x8000bb4a (0x4a3f2d23) sw      gp, 1210(t5)
core   0: 3 0x8000bb4a (0x4a3f2d23) mem 0x80010000 0x00000001
core   0: 0x8000bb4e (0x0000bfe5) c.j     pc - 8
core   0: 3 0x8000bb4e (0xbfe5)
core   0: 0x8000bb46 (0x00004f17) auipc   t5, 0x4
core   0: 3 0x8000bb46 (0x00004f17) x30 0x8000fb46
core   0: 0x8000bb4a (0x4a3f2d23) sw      gp, 1210(t5)
core   0: 3 0x8000bb4a (0x4a3f2d23) mem 0x80010000 0x00000001
core   0: 0x8000bb4e (0x0000bfe5) c.j     pc - 8
core   0: 3 0x8000bb4e (0xbfe5)
core   0: 0x8000bb46 (0x00004f17) auipc   t5, 0x4
core   0: 3 0x8000bb46 (0x00004f17) x30 0x8000fb46
core   0: 0x8000bb4a (0x4a3f2d23) sw      gp, 1210(t5)
core   0: 3 0x8000bb4a (0x4a3f2d23) mem 0x80010000 0x00000001
core   0: 0x8000bb4e (0x0000bfe5) c.j     pc - 8
core   0: 3 0x8000bb4e (0xbfe5)
core   0: 0x8000bb46 (0x00004f17) auipc   t5, 0x4
core   0: 3 0x8000bb46 (0x00004f17) x30 0x8000fb46
core   0: 0x8000bb4a (0x4a3f2d23) sw      gp, 1210(t5)
core   0: 3 0x8000bb4a (0x4a3f2d23) mem 0x80010000 0x00000001
core   0: 0x8000bb4e (0x0000bfe5) c.j     pc - 8
core   0: 3 0x8000bb4e (0xbfe5)
core   0: 0x8000bb46 (0x00004f17) auipc   t5, 0x4
core   0: 3 0x8000bb46 (0x00004f17) x30 0x8000fb46
core   0: 0x8000bb4a (0x4a3f2d23) sw      gp, 1210(t5)
core   0: 3 0x8000bb4a (0x4a3f2d23) mem 0x80010000 0x00000001
core   0: 0x8000bb4e (0x0000bfe5) c.j     pc - 8
core   0: 3 0x8000bb4e (0xbfe5)
core   0: 0x8000bb46 (0x00004f17) auipc   t5, 0x4
core   0: 3 0x8000bb46 (0x00004f17) x30 0x8000fb46
core   0: 0x8000bb4a (0x4a3f2d23) sw      gp, 1210(t5)
core   0: 3 0x8000bb4a (0x4a3f2d23) mem 0x80010000 0x00000001
core   0: 0x8000bb4e (0x0000bfe5) c.j     pc - 8
core   0: 3 0x8000bb4e (0xbfe5)
core   0: 0x8000bb46 (0x00004f17) auipc   t5, 0x4
core   0: 3 0x8000bb46 (0x00004f17) x30 0x8000fb46
core   0: 0x8000bb4a (0x4a3f2d23) sw      gp, 1210(t5)
core   0: 3 0x8000bb4a (0x4a3f2d23) mem 0x80010000 0x00000001
core   0: 0x8000bb4e (0x0000bfe5) c.j     pc - 8
core   0: 3 0x8000bb4e (0xbfe5)
core   0: 0x8000bb46 (0x00004f17) auipc   t5, 0x4
core   0: 3 0x8000bb46 (0x00004f17) x30 0x8000fb46
core   0: 0x8000bb4a (0x4a3f2d23) sw      gp, 1210(t5)
core   0: 3 0x8000bb4a (0x4a3f2d23) mem 0x80010000 0x00000001
core   0: 0x8000bb4e (0x0000bfe5) c.j     pc - 8
core   0: 3 0x8000bb4e (0xbfe5)
core   0: 0x8000bb46 (0x00004f17) auipc   t5, 0x4
core   0: 3 0x8000bb46 (0x00004f17) x30 0x8000fb46
core   0: 0x8000bb4a (0x4a3f2d23) sw      gp, 1210(t5)
core   0: 3 0x8000bb4a (0x4a3f2d23) mem 0x80010000 0x00000001
core   0: 0x8000bb4e (0x0000bfe5) c.j     pc - 8
core   0: 3 0x8000bb4e (0xbfe5)
core   0: 0x8000bb46 (0x00004f17) auipc   t5, 0x4
core   0: 3 0x8000bb46 (0x00004f17) x30 0x8000fb46
core   0: 0x8000bb4a (0x4a3f2d23) sw      gp, 1210(t5)
core   0: 3 0x8000bb4a (0x4a3f2d23) mem 0x80010000 0x00000001
core   0: 0x8000bb4e (0x0000bfe5) c.j     pc - 8
core   0: 3 0x8000bb4e (0xbfe5)
core   0: 0x8000bb46 (0x00004f17) auipc   t5, 0x4
core   0: 3 0x8000bb46 (0x00004f17) x30 0x8000fb46
core   0: 0x8000bb4a (0x4a3f2d23) sw      gp, 1210(t5)
core   0: 3 0x8000bb4a (0x4a3f2d23) mem 0x80010000 0x00000001
core   0: 0x8000bb4e (0x0000bfe5) c.j     pc - 8
core   0: 3 0x8000bb4e (0xbfe5)
core   0: 0x8000bb46 (0x00004f17) auipc   t5, 0x4
core   0: 3 0x8000bb46 (0x00004f17) x30 0x8000fb46
core   0: 0x8000bb4a (0x4a3f2d23) sw      gp, 1210(t5)
core   0: 3 0x8000bb4a (0x4a3f2d23) mem 0x80010000 0x00000001
core   0: 0x8000bb4e (0x0000bfe5) c.j     pc - 8
core   0: 3 0x8000bb4e (0xbfe5)
core   0: 0x8000bb46 (0x00004f17) auipc   t5, 0x4
core   0: 3 0x8000bb46 (0x00004f17) x30 0x8000fb46
core   0: 0x8000bb4a (0x4a3f2d23) sw      gp, 1210(t5)
core   0: 3 0x8000bb4a (0x4a3f2d23) mem 0x80010000 0x00000001
core   0: 0x8000bb4e (0x0000bfe5) c.j     pc - 8
core   0: 3 0x8000bb4e (0xbfe5)
core   0: 0x8000bb46 (0x00004f17) auipc   t5, 0x4
core   0: 3 0x8000bb46 (0x00004f17) x30 0x8000fb46
core   0: 0x8000bb4a (0x4a3f2d23) sw      gp, 1210(t5)
core   0: 3 0x8000bb4a (0x4a3f2d23) mem 0x80010000 0x00000001
core   0: 0x8000bb4e (0x0000bfe5) c.j     pc - 8
core   0: 3 0x8000bb4e (0xbfe5)
core   0: 0x8000bb46 (0x00004f17) auipc   t5, 0x4
core   0: 3 0x8000bb46 (0x00004f17) x30 0x8000fb46
core   0: 0x8000bb4a (0x4a3f2d23) sw      gp, 1210(t5)
core   0: 3 0x8000bb4a (0x4a3f2d23) mem 0x80010000 0x00000001
core   0: 0x8000bb4e (0x0000bfe5) c.j     pc - 8
core   0: 3 0x8000bb4e (0xbfe5)
core   0: 0x8000bb46 (0x00004f17) auipc   t5, 0x4
core   0: 3 0x8000bb46 (0x00004f17) x30 0x8000fb46
core   0: 0x8000bb4a (0x4a3f2d23) sw      gp, 1210(t5)
core   0: 3 0x8000bb4a (0x4a3f2d23) mem 0x80010000 0x00000001
core   0: 0x8000bb4e (0x0000bfe5) c.j     pc - 8
core   0: 3 0x8000bb4e (0xbfe5)
core   0: 0x8000bb46 (0x00004f17) auipc   t5, 0x4
core   0: 3 0x8000bb46 (0x00004f17) x30 0x8000fb46
core   0: 0x8000bb4a (0x4a3f2d23) sw      gp, 1210(t5)
core   0: 3 0x8000bb4a (0x4a3f2d23) mem 0x80010000 0x00000001
core   0: 0x8000bb4e (0x0000bfe5) c.j     pc - 8
core   0: 3 0x8000bb4e (0xbfe5)
core   0: 0x8000bb46 (0x00004f17) auipc   t5, 0x4
core   0: 3 0x8000bb46 (0x00004f17) x30 0x8000fb46
core   0: 0x8000bb4a (0x4a3f2d23) sw      gp, 1210(t5)
core   0: 3 0x8000bb4a (0x4a3f2d23) mem 0x80010000 0x00000001
core   0: 0x8000bb4e (0x0000bfe5) c.j     pc - 8
core   0: 3 0x8000bb4e (0xbfe5)
core   0: 0x8000bb46 (0x00004f17) auipc   t5, 0x4
core   0: 3 0x8000bb46 (0x00004f17) x30 0x8000fb46
core   0: 0x8000bb4a (0x4a3f2d23) sw      gp, 1210(t5)
core   0: 3 0x8000bb4a (0x4a3f2d23) mem 0x80010000 0x00000001
core   0: 0x8000bb4e (0x0000bfe5) c.j     pc - 8
core   0: 3 0x8000bb4e (0xbfe5)
core   0: 0x8000bb46 (0x00004f17) auipc   t5, 0x4
core   0: 3 0x8000bb46 (0x00004f17) x30 0x8000fb46
core   0: 0x8000bb4a (0x4a3f2d23) sw      gp, 1210(t5)
core   0: 3 0x8000bb4a (0x4a3f2d23) mem 0x80010000 0x00000001
core   0: 0x8000bb4e (0x0000bfe5) c.j     pc - 8
core   0: 3 0x8000bb4e (0xbfe5)
core   0: 0x8000bb46 (0x00004f17) auipc   t5, 0x4
core   0: 3 0x8000bb46 (0x00004f17) x30 0x8000fb46
core   0: 0x8000bb4a (0x4a3f2d23) sw      gp, 1210(t5)
core   0: 3 0x8000bb4a (0x4a3f2d23) mem 0x80010000 0x00000001
core   0: 0x8000bb4e (0x0000bfe5) c.j     pc - 8
core   0: 3 0x8000bb4e (0xbfe5)
core   0: 0x8000bb46 (0x00004f17) auipc   t5, 0x4
core   0: 3 0x8000bb46 (0x00004f17) x30 0x8000fb46
core   0: 0x8000bb4a (0x4a3f2d23) sw      gp, 1210(t5)
core   0: 3 0x8000bb4a (0x4a3f2d23) mem 0x80010000 0x00000001
core   0: 0x8000bb4e (0x0000bfe5) c.j     pc - 8
core   0: 3 0x8000bb4e (0xbfe5)
core   0: 0x8000bb46 (0x00004f17) auipc   t5, 0x4
core   0: 3 0x8000bb46 (0x00004f17) x30 0x8000fb46
core   0: 0x8000bb4a (0x4a3f2d23) sw      gp, 1210(t5)
core   0: 3 0x8000bb4a (0x4a3f2d23) mem 0x80010000 0x00000001
core   0: 0x8000bb4e (0x0000bfe5) c.j     pc - 8
core   0: 3 0x8000bb4e (0xbfe5)
core   0: 0x8000bb46 (0x00004f17) auipc   t5, 0x4
core   0: 3 0x8000bb46 (0x00004f17) x30 0x8000fb46
core   0: 0x8000bb4a (0x4a3f2d23) sw      gp, 1210(t5)
core   0: 3 0x8000bb4a (0x4a3f2d23) mem 0x80010000 0x00000001
core   0: 0x8000bb4e (0x0000bfe5) c.j     pc - 8
core   0: 3 0x8000bb4e (0xbfe5)
core   0: 0x8000bb46 (0x00004f17) auipc   t5, 0x4
core   0: 3 0x8000bb46 (0x00004f17) x30 0x8000fb46
core   0: 0x8000bb4a (0x4a3f2d23) sw      gp, 1210(t5)
core   0: 3 0x8000bb4a (0x4a3f2d23) mem 0x80010000 0x00000001
core   0: 0x8000bb4e (0x0000bfe5) c.j     pc - 8
core   0: 3 0x8000bb4e (0xbfe5)
core   0: 0x8000bb46 (0x00004f17) auipc   t5, 0x4
core   0: 3 0x8000bb46 (0x00004f17) x30 0x8000fb46
core   0: 0x8000bb4a (0x4a3f2d23) sw      gp, 1210(t5)
core   0: 3 0x8000bb4a (0x4a3f2d23) mem 0x80010000 0x00000001
core   0: 0x8000bb4e (0x0000bfe5) c.j     pc - 8
core   0: 3 0x8000bb4e (0xbfe5)
core   0: 0x8000bb46 (0x00004f17) auipc   t5, 0x4
core   0: 3 0x8000bb46 (0x00004f17) x30 0x8000fb46
core   0: 0x8000bb4a (0x4a3f2d23) sw      gp, 1210(t5)
core   0: 3 0x8000bb4a (0x4a3f2d23) mem 0x80010000 0x00000001
core   0: 0x8000bb4e (0x0000bfe5) c.j     pc - 8
core   0: 3 0x8000bb4e (0xbfe5)
core   0: 0x8000bb46 (0x00004f17) auipc   t5, 0x4
core   0: 3 0x8000bb46 (0x00004f17) x30 0x8000fb46
core   0: 0x8000bb4a (0x4a3f2d23) sw      gp, 1210(t5)
core   0: 3 0x8000bb4a (0x4a3f2d23) mem 0x80010000 0x00000001
core   0: 0x8000bb4e (0x0000bfe5) c.j     pc - 8
core   0: 3 0x8000bb4e (0xbfe5)
core   0: 0x8000bb46 (0x00004f17) auipc   t5, 0x4
core   0: 3 0x8000bb46 (0x00004f17) x30 0x8000fb46
core   0: 0x8000bb4a (0x4a3f2d23) sw      gp, 1210(t5)
core   0: 3 0x8000bb4a (0x4a3f2d23) mem 0x80010000 0x00000001
core   0: 0x8000bb4e (0x0000bfe5) c.j     pc - 8
core   0: 3 0x8000bb4e (0xbfe5)
core   0: 0x8000bb46 (0x00004f17) auipc   t5, 0x4
core   0: 3 0x8000bb46 (0x00004f17) x30 0x8000fb46
core   0: 0x8000bb4a (0x4a3f2d23) sw      gp, 1210(t5)
core   0: 3 0x8000bb4a (0x4a3f2d23) mem 0x80010000 0x00000001
core   0: 0x8000bb4e (0x0000bfe5) c.j     pc - 8
core   0: 3 0x8000bb4e (0xbfe5)
core   0: 0x8000bb46 (0x00004f17) auipc   t5, 0x4
core   0: 3 0x8000bb46 (0x00004f17) x30 0x8000fb46
core   0: 0x8000bb4a (0x4a3f2d23) sw      gp, 1210(t5)
core   0: 3 0x8000bb4a (0x4a3f2d23) mem 0x80010000 0x00000001
core   0: 0x8000bb4e (0x0000bfe5) c.j     pc - 8
core   0: 3 0x8000bb4e (0xbfe5)
core   0: 0x8000bb46 (0x00004f17) auipc   t5, 0x4
core   0: 3 0x8000bb46 (0x00004f17) x30 0x8000fb46
core   0: 0x8000bb4a (0x4a3f2d23) sw      gp, 1210(t5)
core   0: 3 0x8000bb4a (0x4a3f2d23) mem 0x80010000 0x00000001
core   0: 0x8000bb4e (0x0000bfe5) c.j     pc - 8
core   0: 3 0x8000bb4e (0xbfe5)
core   0: 0x8000bb46 (0x00004f17) auipc   t5, 0x4
core   0: 3 0x8000bb46 (0x00004f17) x30 0x8000fb46
core   0: 0x8000bb4a (0x4a3f2d23) sw      gp, 1210(t5)
core   0: 3 0x8000bb4a (0x4a3f2d23) mem 0x80010000 0x00000001
core   0: 0x8000bb4e (0x0000bfe5) c.j     pc - 8
core   0: 3 0x8000bb4e (0xbfe5)
core   0: 0x8000bb46 (0x00004f17) auipc   t5, 0x4
core   0: 3 0x8000bb46 (0x00004f17) x30 0x8000fb46
core   0: 0x8000bb4a (0x4a3f2d23) sw      gp, 1210(t5)
core   0: 3 0x8000bb4a (0x4a3f2d23) mem 0x80010000 0x00000001
core   0: 0x8000bb4e (0x0000bfe5) c.j     pc - 8
core   0: 3 0x8000bb4e (0xbfe5)
core   0: 0x8000bb46 (0x00004f17) auipc   t5, 0x4
core   0: 3 0x8000bb46 (0x00004f17) x30 0x8000fb46
core   0: 0x8000bb4a (0x4a3f2d23) sw      gp, 1210(t5)
core   0: 3 0x8000bb4a (0x4a3f2d23) mem 0x80010000 0x00000001
core   0: 0x8000bb4e (0x0000bfe5) c.j     pc - 8
core   0: 3 0x8000bb4e (0xbfe5)
core   0: 0x8000bb46 (0x00004f17) auipc   t5, 0x4
core   0: 3 0x8000bb46 (0x00004f17) x30 0x8000fb46
core   0: 0x8000bb4a (0x4a3f2d23) sw      gp, 1210(t5)
core   0: 3 0x8000bb4a (0x4a3f2d23) mem 0x80010000 0x00000001
core   0: 0x8000bb4e (0x0000bfe5) c.j     pc - 8
core   0: 3 0x8000bb4e (0xbfe5)
core   0: 0x8000bb46 (0x00004f17) auipc   t5, 0x4
core   0: 3 0x8000bb46 (0x00004f17) x30 0x8000fb46
core   0: 0x8000bb4a (0x4a3f2d23) sw      gp, 1210(t5)
core   0: 3 0x8000bb4a (0x4a3f2d23) mem 0x80010000 0x00000001
core   0: 0x8000bb4e (0x0000bfe5) c.j     pc - 8
core   0: 3 0x8000bb4e (0xbfe5)
core   0: 0x8000bb46 (0x00004f17) auipc   t5, 0x4
core   0: 3 0x8000bb46 (0x00004f17) x30 0x8000fb46
core   0: 0x8000bb4a (0x4a3f2d23) sw      gp, 1210(t5)
core   0: 3 0x8000bb4a (0x4a3f2d23) mem 0x80010000 0x00000001
core   0: 0x8000bb4e (0x0000bfe5) c.j     pc - 8
core   0: 3 0x8000bb4e (0xbfe5)
core   0: 0x8000bb46 (0x00004f17) auipc   t5, 0x4
core   0: 3 0x8000bb46 (0x00004f17) x30 0x8000fb46
core   0: 0x8000bb4a (0x4a3f2d23) sw      gp, 1210(t5)
core   0: 3 0x8000bb4a (0x4a3f2d23) mem 0x80010000 0x00000001
core   0: 0x8000bb4e (0x0000bfe5) c.j     pc - 8
core   0: 3 0x8000bb4e (0xbfe5)
core   0: 0x8000bb46 (0x00004f17) auipc   t5, 0x4
core   0: 3 0x8000bb46 (0x00004f17) x30 0x8000fb46
core   0: 0x8000bb4a (0x4a3f2d23) sw      gp, 1210(t5)
core   0: 3 0x8000bb4a (0x4a3f2d23) mem 0x80010000 0x00000001
core   0: 0x8000bb4e (0x0000bfe5) c.j     pc - 8
core   0: 3 0x8000bb4e (0xbfe5)
core   0: 0x8000bb46 (0x00004f17) auipc   t5, 0x4
core   0: 3 0x8000bb46 (0x00004f17) x30 0x8000fb46
core   0: 0x8000bb4a (0x4a3f2d23) sw      gp, 1210(t5)
core   0: 3 0x8000bb4a (0x4a3f2d23) mem 0x80010000 0x00000001
core   0: 0x8000bb4e (0x0000bfe5) c.j     pc - 8
core   0: 3 0x8000bb4e (0xbfe5)
core   0: 0x8000bb46 (0x00004f17) auipc   t5, 0x4
core   0: 3 0x8000bb46 (0x00004f17) x30 0x8000fb46
core   0: 0x8000bb4a (0x4a3f2d23) sw      gp, 1210(t5)
core   0: 3 0x8000bb4a (0x4a3f2d23) mem 0x80010000 0x00000001
core   0: 0x8000bb4e (0x0000bfe5) c.j     pc - 8
core   0: 3 0x8000bb4e (0xbfe5)
core   0: 0x8000bb46 (0x00004f17) auipc   t5, 0x4
core   0: 3 0x8000bb46 (0x00004f17) x30 0x8000fb46
core   0: 0x8000bb4a (0x4a3f2d23) sw      gp, 1210(t5)
core   0: 3 0x8000bb4a (0x4a3f2d23) mem 0x80010000 0x00000001
core   0: 0x8000bb4e (0x0000bfe5) c.j     pc - 8
core   0: 3 0x8000bb4e (0xbfe5)
core   0: 0x8000bb46 (0x00004f17) auipc   t5, 0x4
core   0: 3 0x8000bb46 (0x00004f17) x30 0x8000fb46
core   0: 0x8000bb4a (0x4a3f2d23) sw      gp, 1210(t5)
core   0: 3 0x8000bb4a (0x4a3f2d23) mem 0x80010000 0x00000001
core   0: 0x8000bb4e (0x0000bfe5) c.j     pc - 8
core   0: 3 0x8000bb4e (0xbfe5)
core   0: 0x8000bb46 (0x00004f17) auipc   t5, 0x4
core   0: 3 0x8000bb46 (0x00004f17) x30 0x8000fb46
core   0: 0x8000bb4a (0x4a3f2d23) sw      gp, 1210(t5)
core   0: 3 0x8000bb4a (0x4a3f2d23) mem 0x80010000 0x00000001
core   0: 0x8000bb4e (0x0000bfe5) c.j     pc - 8
core   0: 3 0x8000bb4e (0xbfe5)
core   0: 0x8000bb46 (0x00004f17) auipc   t5, 0x4
core   0: 3 0x8000bb46 (0x00004f17) x30 0x8000fb46
core   0: 0x8000bb4a (0x4a3f2d23) sw      gp, 1210(t5)
core   0: 3 0x8000bb4a (0x4a3f2d23) mem 0x80010000 0x00000001
core   0: 0x8000bb4e (0x0000bfe5) c.j     pc - 8
core   0: 3 0x8000bb4e (0xbfe5)
core   0: 0x8000bb46 (0x00004f17) auipc   t5, 0x4
core   0: 3 0x8000bb46 (0x00004f17) x30 0x8000fb46
core   0: 0x8000bb4a (0x4a3f2d23) sw      gp, 1210(t5)
core   0: 3 0x8000bb4a (0x4a3f2d23) mem 0x80010000 0x00000001
core   0: 0x8000bb4e (0x0000bfe5) c.j     pc - 8
core   0: 3 0x8000bb4e (0xbfe5)
core   0: 0x8000bb46 (0x00004f17) auipc   t5, 0x4
core   0: 3 0x8000bb46 (0x00004f17) x30 0x8000fb46
core   0: 0x8000bb4a (0x4a3f2d23) sw      gp, 1210(t5)
core   0: 3 0x8000bb4a (0x4a3f2d23) mem 0x80010000 0x00000001
core   0: 0x8000bb4e (0x0000bfe5) c.j     pc - 8
core   0: 3 0x8000bb4e (0xbfe5)
core   0: 0x8000bb46 (0x00004f17) auipc   t5, 0x4
core   0: 3 0x8000bb46 (0x00004f17) x30 0x8000fb46
core   0: 0x8000bb4a (0x4a3f2d23) sw      gp, 1210(t5)
core   0: 3 0x8000bb4a (0x4a3f2d23) mem 0x80010000 0x00000001
core   0: 0x8000bb4e (0x0000bfe5) c.j     pc - 8
core   0: 3 0x8000bb4e (0xbfe5)
core   0: 0x8000bb46 (0x00004f17) auipc   t5, 0x4
core   0: 3 0x8000bb46 (0x00004f17) x30 0x8000fb46
core   0: 0x8000bb4a (0x4a3f2d23) sw      gp, 1210(t5)
core   0: 3 0x8000bb4a (0x4a3f2d23) mem 0x80010000 0x00000001
core   0: 0x8000bb4e (0x0000bfe5) c.j     pc - 8
core   0: 3 0x8000bb4e (0xbfe5)
core   0: 0x8000bb46 (0x00004f17) auipc   t5, 0x4
core   0: 3 0x8000bb46 (0x00004f17) x30 0x8000fb46
core   0: 0x8000bb4a (0x4a3f2d23) sw      gp, 1210(t5)
core   0: 3 0x8000bb4a (0x4a3f2d23) mem 0x80010000 0x00000001
core   0: 0x8000bb4e (0x0000bfe5) c.j     pc - 8
core   0: 3 0x8000bb4e (0xbfe5)
core   0: 0x8000bb46 (0x00004f17) auipc   t5, 0x4
core   0: 3 0x8000bb46 (0x00004f17) x30 0x8000fb46
core   0: 0x8000bb4a (0x4a3f2d23) sw      gp, 1210(t5)
core   0: 3 0x8000bb4a (0x4a3f2d23) mem 0x80010000 0x00000001
core   0: 0x8000bb4e (0x0000bfe5) c.j     pc - 8
core   0: 3 0x8000bb4e (0xbfe5)
core   0: 0x8000bb46 (0x00004f17) auipc   t5, 0x4
core   0: 3 0x8000bb46 (0x00004f17) x30 0x8000fb46
core   0: 0x8000bb4a (0x4a3f2d23) sw      gp, 1210(t5)
core   0: 3 0x8000bb4a (0x4a3f2d23) mem 0x80010000 0x00000001
core   0: 0x8000bb4e (0x0000bfe5) c.j     pc - 8
core   0: 3 0x8000bb4e (0xbfe5)
core   0: 0x8000bb46 (0x00004f17) auipc   t5, 0x4
core   0: 3 0x8000bb46 (0x00004f17) x30 0x8000fb46
core   0: 0x8000bb4a (0x4a3f2d23) sw      gp, 1210(t5)
core   0: 3 0x8000bb4a (0x4a3f2d23) mem 0x80010000 0x00000001
core   0: 0x8000bb4e (0x0000bfe5) c.j     pc - 8
core   0: 3 0x8000bb4e (0xbfe5)
core   0: 0x8000bb46 (0x00004f17) auipc   t5, 0x4
core   0: 3 0x8000bb46 (0x00004f17) x30 0x8000fb46
core   0: 0x8000bb4a (0x4a3f2d23) sw      gp, 1210(t5)
core   0: 3 0x8000bb4a (0x4a3f2d23) mem 0x80010000 0x00000001
core   0: 0x8000bb4e (0x0000bfe5) c.j     pc - 8
core   0: 3 0x8000bb4e (0xbfe5)
core   0: 0x8000bb46 (0x00004f17) auipc   t5, 0x4
core   0: 3 0x8000bb46 (0x00004f17) x30 0x8000fb46
core   0: 0x8000bb4a (0x4a3f2d23) sw      gp, 1210(t5)
core   0: 3 0x8000bb4a (0x4a3f2d23) mem 0x80010000 0x00000001
core   0: 0x8000bb4e (0x0000bfe5) c.j     pc - 8
core   0: 3 0x8000bb4e (0xbfe5)
core   0: 0x8000bb46 (0x00004f17) auipc   t5, 0x4
core   0: 3 0x8000bb46 (0x00004f17) x30 0x8000fb46
core   0: 0x8000bb4a (0x4a3f2d23) sw      gp, 1210(t5)
core   0: 3 0x8000bb4a (0x4a3f2d23) mem 0x80010000 0x00000001
core   0: 0x8000bb4e (0x0000bfe5) c.j     pc - 8
core   0: 3 0x8000bb4e (0xbfe5)
core   0: 0x8000bb46 (0x00004f17) auipc   t5, 0x4
core   0: 3 0x8000bb46 (0x00004f17) x30 0x8000fb46
core   0: 0x8000bb4a (0x4a3f2d23) sw      gp, 1210(t5)
core   0: 3 0x8000bb4a (0x4a3f2d23) mem 0x80010000 0x00000001
core   0: 0x8000bb4e (0x0000bfe5) c.j     pc - 8
core   0: 3 0x8000bb4e (0xbfe5)
core   0: 0x8000bb46 (0x00004f17) auipc   t5, 0x4
core   0: 3 0x8000bb46 (0x00004f17) x30 0x8000fb46
core   0: 0x8000bb4a (0x4a3f2d23) sw      gp, 1210(t5)
core   0: 3 0x8000bb4a (0x4a3f2d23) mem 0x80010000 0x00000001
core   0: 0x8000bb4e (0x0000bfe5) c.j     pc - 8
core   0: 3 0x8000bb4e (0xbfe5)
core   0: 0x8000bb46 (0x00004f17) auipc   t5, 0x4
core   0: 3 0x8000bb46 (0x00004f17) x30 0x8000fb46
core   0: 0x8000bb4a (0x4a3f2d23) sw      gp, 1210(t5)
core   0: 3 0x8000bb4a (0x4a3f2d23) mem 0x80010000 0x00000001
core   0: 0x8000bb4e (0x0000bfe5) c.j     pc - 8
core   0: 3 0x8000bb4e (0xbfe5)
core   0: 0x8000bb46 (0x00004f17) auipc   t5, 0x4
core   0: 3 0x8000bb46 (0x00004f17) x30 0x8000fb46
core   0: 0x8000bb4a (0x4a3f2d23) sw      gp, 1210(t5)
core   0: 3 0x8000bb4a (0x4a3f2d23) mem 0x80010000 0x00000001
core   0: 0x8000bb4e (0x0000bfe5) c.j     pc - 8
core   0: 3 0x8000bb4e (0xbfe5)
core   0: 0x8000bb46 (0x00004f17) auipc   t5, 0x4
core   0: 3 0x8000bb46 (0x00004f17) x30 0x8000fb46
core   0: 0x8000bb4a (0x4a3f2d23) sw      gp, 1210(t5)
core   0: 3 0x8000bb4a (0x4a3f2d23) mem 0x80010000 0x00000001
core   0: 0x8000bb4e (0x0000bfe5) c.j     pc - 8
core   0: 3 0x8000bb4e (0xbfe5)
core   0: 0x8000bb46 (0x00004f17) auipc   t5, 0x4
core   0: 3 0x8000bb46 (0x00004f17) x30 0x8000fb46
core   0: 0x8000bb4a (0x4a3f2d23) sw      gp, 1210(t5)
core   0: 3 0x8000bb4a (0x4a3f2d23) mem 0x80010000 0x00000001
core   0: 0x8000bb4e (0x0000bfe5) c.j     pc - 8
core   0: 3 0x8000bb4e (0xbfe5)
core   0: 0x8000bb46 (0x00004f17) auipc   t5, 0x4
core   0: 3 0x8000bb46 (0x00004f17) x30 0x8000fb46
core   0: 0x8000bb4a (0x4a3f2d23) sw      gp, 1210(t5)
core   0: 3 0x8000bb4a (0x4a3f2d23) mem 0x80010000 0x00000001
core   0: 0x8000bb4e (0x0000bfe5) c.j     pc - 8
core   0: 3 0x8000bb4e (0xbfe5)
core   0: 0x8000bb46 (0x00004f17) auipc   t5, 0x4
core   0: 3 0x8000bb46 (0x00004f17) x30 0x8000fb46
core   0: 0x8000bb4a (0x4a3f2d23) sw      gp, 1210(t5)
core   0: 3 0x8000bb4a (0x4a3f2d23) mem 0x80010000 0x00000001
core   0: 0x8000bb4e (0x0000bfe5) c.j     pc - 8
core   0: 3 0x8000bb4e (0xbfe5)
core   0: 0x8000bb46 (0x00004f17) auipc   t5, 0x4
core   0: 3 0x8000bb46 (0x00004f17) x30 0x8000fb46
core   0: 0x8000bb4a (0x4a3f2d23) sw      gp, 1210(t5)
core   0: 3 0x8000bb4a (0x4a3f2d23) mem 0x80010000 0x00000001
core   0: 0x8000bb4e (0x0000bfe5) c.j     pc - 8
core   0: 3 0x8000bb4e (0xbfe5)
core   0: 0x8000bb46 (0x00004f17) auipc   t5, 0x4
core   0: 3 0x8000bb46 (0x00004f17) x30 0x8000fb46
core   0: 0x8000bb4a (0x4a3f2d23) sw      gp, 1210(t5)
core   0: 3 0x8000bb4a (0x4a3f2d23) mem 0x80010000 0x00000001
core   0: 0x8000bb4e (0x0000bfe5) c.j     pc - 8
core   0: 3 0x8000bb4e (0xbfe5)
core   0: 0x8000bb46 (0x00004f17) auipc   t5, 0x4
core   0: 3 0x8000bb46 (0x00004f17) x30 0x8000fb46
core   0: 0x8000bb4a (0x4a3f2d23) sw      gp, 1210(t5)
core   0: 3 0x8000bb4a (0x4a3f2d23) mem 0x80010000 0x00000001
core   0: 0x8000bb4e (0x0000bfe5) c.j     pc - 8
core   0: 3 0x8000bb4e (0xbfe5)
core   0: 0x8000bb46 (0x00004f17) auipc   t5, 0x4
core   0: 3 0x8000bb46 (0x00004f17) x30 0x8000fb46
core   0: 0x8000bb4a (0x4a3f2d23) sw      gp, 1210(t5)
core   0: 3 0x8000bb4a (0x4a3f2d23) mem 0x80010000 0x00000001
core   0: 0x8000bb4e (0x0000bfe5) c.j     pc - 8
core   0: 3 0x8000bb4e (0xbfe5)
core   0: 0x8000bb46 (0x00004f17) auipc   t5, 0x4
core   0: 3 0x8000bb46 (0x00004f17) x30 0x8000fb46
core   0: 0x8000bb4a (0x4a3f2d23) sw      gp, 1210(t5)
core   0: 3 0x8000bb4a (0x4a3f2d23) mem 0x80010000 0x00000001
core   0: 0x8000bb4e (0x0000bfe5) c.j     pc - 8
core   0: 3 0x8000bb4e (0xbfe5)
core   0: 0x8000bb46 (0x00004f17) auipc   t5, 0x4
core   0: 3 0x8000bb46 (0x00004f17) x30 0x8000fb46
core   0: 0x8000bb4a (0x4a3f2d23) sw      gp, 1210(t5)
core   0: 3 0x8000bb4a (0x4a3f2d23) mem 0x80010000 0x00000001
core   0: 0x8000bb4e (0x0000bfe5) c.j     pc - 8
core   0: 3 0x8000bb4e (0xbfe5)
core   0: 0x8000bb46 (0x00004f17) auipc   t5, 0x4
core   0: 3 0x8000bb46 (0x00004f17) x30 0x8000fb46
core   0: 0x8000bb4a (0x4a3f2d23) sw      gp, 1210(t5)
core   0: 3 0x8000bb4a (0x4a3f2d23) mem 0x80010000 0x00000001
core   0: 0x8000bb4e (0x0000bfe5) c.j     pc - 8
core   0: 3 0x8000bb4e (0xbfe5)
core   0: 0x8000bb46 (0x00004f17) auipc   t5, 0x4
core   0: 3 0x8000bb46 (0x00004f17) x30 0x8000fb46
core   0: 0x8000bb4a (0x4a3f2d23) sw      gp, 1210(t5)
core   0: 3 0x8000bb4a (0x4a3f2d23) mem 0x80010000 0x00000001
core   0: 0x8000bb4e (0x0000bfe5) c.j     pc - 8
core   0: 3 0x8000bb4e (0xbfe5)
core   0: 0x8000bb46 (0x00004f17) auipc   t5, 0x4
core   0: 3 0x8000bb46 (0x00004f17) x30 0x8000fb46
core   0: 0x8000bb4a (0x4a3f2d23) sw      gp, 1210(t5)
core   0: 3 0x8000bb4a (0x4a3f2d23) mem 0x80010000 0x00000001
core   0: 0x8000bb4e (0x0000bfe5) c.j     pc - 8
core   0: 3 0x8000bb4e (0xbfe5)
core   0: 0x8000bb46 (0x00004f17) auipc   t5, 0x4
core   0: 3 0x8000bb46 (0x00004f17) x30 0x8000fb46
core   0: 0x8000bb4a (0x4a3f2d23) sw      gp, 1210(t5)
core   0: 3 0x8000bb4a (0x4a3f2d23) mem 0x80010000 0x00000001
core   0: 0x8000bb4e (0x0000bfe5) c.j     pc - 8
core   0: 3 0x8000bb4e (0xbfe5)
core   0: 0x8000bb46 (0x00004f17) auipc   t5, 0x4
core   0: 3 0x8000bb46 (0x00004f17) x30 0x8000fb46
core   0: 0x8000bb4a (0x4a3f2d23) sw      gp, 1210(t5)
core   0: 3 0x8000bb4a (0x4a3f2d23) mem 0x80010000 0x00000001
core   0: 0x8000bb4e (0x0000bfe5) c.j     pc - 8
core   0: 3 0x8000bb4e (0xbfe5)
core   0: 0x8000bb46 (0x00004f17) auipc   t5, 0x4
core   0: 3 0x8000bb46 (0x00004f17) x30 0x8000fb46
core   0: 0x8000bb4a (0x4a3f2d23) sw      gp, 1210(t5)
core   0: 3 0x8000bb4a (0x4a3f2d23) mem 0x80010000 0x00000001
core   0: 0x8000bb4e (0x0000bfe5) c.j     pc - 8
core   0: 3 0x8000bb4e (0xbfe5)
core   0: 0x8000bb46 (0x00004f17) auipc   t5, 0x4
core   0: 3 0x8000bb46 (0x00004f17) x30 0x8000fb46
core   0: 0x8000bb4a (0x4a3f2d23) sw      gp, 1210(t5)
core   0: 3 0x8000bb4a (0x4a3f2d23) mem 0x80010000 0x00000001
core   0: 0x8000bb4e (0x0000bfe5) c.j     pc - 8
core   0: 3 0x8000bb4e (0xbfe5)
core   0: 0x8000bb46 (0x00004f17) auipc   t5, 0x4
core   0: 3 0x8000bb46 (0x00004f17) x30 0x8000fb46
core   0: 0x8000bb4a (0x4a3f2d23) sw      gp, 1210(t5)
core   0: 3 0x8000bb4a (0x4a3f2d23) mem 0x80010000 0x00000001
core   0: 0x8000bb4e (0x0000bfe5) c.j     pc - 8
core   0: 3 0x8000bb4e (0xbfe5)
core   0: 0x8000bb46 (0x00004f17) auipc   t5, 0x4
core   0: 3 0x8000bb46 (0x00004f17) x30 0x8000fb46
core   0: 0x8000bb4a (0x4a3f2d23) sw      gp, 1210(t5)
core   0: 3 0x8000bb4a (0x4a3f2d23) mem 0x80010000 0x00000001
core   0: 0x8000bb4e (0x0000bfe5) c.j     pc - 8
core   0: 3 0x8000bb4e (0xbfe5)
core   0: 0x8000bb46 (0x00004f17) auipc   t5, 0x4
core   0: 3 0x8000bb46 (0x00004f17) x30 0x8000fb46
core   0: 0x8000bb4a (0x4a3f2d23) sw      gp, 1210(t5)
core   0: 3 0x8000bb4a (0x4a3f2d23) mem 0x80010000 0x00000001
core   0: 0x8000bb4e (0x0000bfe5) c.j     pc - 8
core   0: 3 0x8000bb4e (0xbfe5)
core   0: 0x8000bb46 (0x00004f17) auipc   t5, 0x4
core   0: 3 0x8000bb46 (0x00004f17) x30 0x8000fb46
core   0: 0x8000bb4a (0x4a3f2d23) sw      gp, 1210(t5)
core   0: 3 0x8000bb4a (0x4a3f2d23) mem 0x80010000 0x00000001
core   0: 0x8000bb4e (0x0000bfe5) c.j     pc - 8
core   0: 3 0x8000bb4e (0xbfe5)
core   0: 0x8000bb46 (0x00004f17) auipc   t5, 0x4
core   0: 3 0x8000bb46 (0x00004f17) x30 0x8000fb46
core   0: 0x8000bb4a (0x4a3f2d23) sw      gp, 1210(t5)
core   0: 3 0x8000bb4a (0x4a3f2d23) mem 0x80010000 0x00000001
core   0: 0x8000bb4e (0x0000bfe5) c.j     pc - 8
core   0: 3 0x8000bb4e (0xbfe5)
core   0: 0x8000bb46 (0x00004f17) auipc   t5, 0x4
core   0: 3 0x8000bb46 (0x00004f17) x30 0x8000fb46
core   0: 0x8000bb4a (0x4a3f2d23) sw      gp, 1210(t5)
core   0: 3 0x8000bb4a (0x4a3f2d23) mem 0x80010000 0x00000001
core   0: 0x8000bb4e (0x0000bfe5) c.j     pc - 8
core   0: 3 0x8000bb4e (0xbfe5)
core   0: 0x8000bb46 (0x00004f17) auipc   t5, 0x4
core   0: 3 0x8000bb46 (0x00004f17) x30 0x8000fb46
core   0: 0x8000bb4a (0x4a3f2d23) sw      gp, 1210(t5)
core   0: 3 0x8000bb4a (0x4a3f2d23) mem 0x80010000 0x00000001
core   0: 0x8000bb4e (0x0000bfe5) c.j     pc - 8
core   0: 3 0x8000bb4e (0xbfe5)
core   0: 0x8000bb46 (0x00004f17) auipc   t5, 0x4
core   0: 3 0x8000bb46 (0x00004f17) x30 0x8000fb46
core   0: 0x8000bb4a (0x4a3f2d23) sw      gp, 1210(t5)
core   0: 3 0x8000bb4a (0x4a3f2d23) mem 0x80010000 0x00000001
core   0: 0x8000bb4e (0x0000bfe5) c.j     pc - 8
core   0: 3 0x8000bb4e (0xbfe5)
core   0: 0x8000bb46 (0x00004f17) auipc   t5, 0x4
core   0: 3 0x8000bb46 (0x00004f17) x30 0x8000fb46
core   0: 0x8000bb4a (0x4a3f2d23) sw      gp, 1210(t5)
core   0: 3 0x8000bb4a (0x4a3f2d23) mem 0x80010000 0x00000001
core   0: 0x8000bb4e (0x0000bfe5) c.j     pc - 8
core   0: 3 0x8000bb4e (0xbfe5)
core   0: 0x8000bb46 (0x00004f17) auipc   t5, 0x4
core   0: 3 0x8000bb46 (0x00004f17) x30 0x8000fb46
core   0: 0x8000bb4a (0x4a3f2d23) sw      gp, 1210(t5)
core   0: 3 0x8000bb4a (0x4a3f2d23) mem 0x80010000 0x00000001
core   0: 0x8000bb4e (0x0000bfe5) c.j     pc - 8
core   0: 3 0x8000bb4e (0xbfe5)
core   0: 0x8000bb46 (0x00004f17) auipc   t5, 0x4
core   0: 3 0x8000bb46 (0x00004f17) x30 0x8000fb46
core   0: 0x8000bb4a (0x4a3f2d23) sw      gp, 1210(t5)
core   0: 3 0x8000bb4a (0x4a3f2d23) mem 0x80010000 0x00000001
core   0: 0x8000bb4e (0x0000bfe5) c.j     pc - 8
core   0: 3 0x8000bb4e (0xbfe5)
core   0: 0x8000bb46 (0x00004f17) auipc   t5, 0x4
core   0: 3 0x8000bb46 (0x00004f17) x30 0x8000fb46
core   0: 0x8000bb4a (0x4a3f2d23) sw      gp, 1210(t5)
core   0: 3 0x8000bb4a (0x4a3f2d23) mem 0x80010000 0x00000001
core   0: 0x8000bb4e (0x0000bfe5) c.j     pc - 8
core   0: 3 0x8000bb4e (0xbfe5)
core   0: 0x8000bb46 (0x00004f17) auipc   t5, 0x4
core   0: 3 0x8000bb46 (0x00004f17) x30 0x8000fb46
core   0: 0x8000bb4a (0x4a3f2d23) sw      gp, 1210(t5)
core   0: 3 0x8000bb4a (0x4a3f2d23) mem 0x80010000 0x00000001
core   0: 0x8000bb4e (0x0000bfe5) c.j     pc - 8
core   0: 3 0x8000bb4e (0xbfe5)
core   0: 0x8000bb46 (0x00004f17) auipc   t5, 0x4
core   0: 3 0x8000bb46 (0x00004f17) x30 0x8000fb46
core   0: 0x8000bb4a (0x4a3f2d23) sw      gp, 1210(t5)
core   0: 3 0x8000bb4a (0x4a3f2d23) mem 0x80010000 0x00000001
core   0: 0x8000bb4e (0x0000bfe5) c.j     pc - 8
core   0: 3 0x8000bb4e (0xbfe5)
core   0: 0x8000bb46 (0x00004f17) auipc   t5, 0x4
core   0: 3 0x8000bb46 (0x00004f17) x30 0x8000fb46
core   0: 0x8000bb4a (0x4a3f2d23) sw      gp, 1210(t5)
core   0: 3 0x8000bb4a (0x4a3f2d23) mem 0x80010000 0x00000001
core   0: 0x8000bb4e (0x0000bfe5) c.j     pc - 8
core   0: 3 0x8000bb4e (0xbfe5)
core   0: 0x8000bb46 (0x00004f17) auipc   t5, 0x4
core   0: 3 0x8000bb46 (0x00004f17) x30 0x8000fb46
core   0: 0x8000bb4a (0x4a3f2d23) sw      gp, 1210(t5)
core   0: 3 0x8000bb4a (0x4a3f2d23) mem 0x80010000 0x00000001
core   0: 0x8000bb4e (0x0000bfe5) c.j     pc - 8
core   0: 3 0x8000bb4e (0xbfe5)
core   0: 0x8000bb46 (0x00004f17) auipc   t5, 0x4
core   0: 3 0x8000bb46 (0x00004f17) x30 0x8000fb46
core   0: 0x8000bb4a (0x4a3f2d23) sw      gp, 1210(t5)
core   0: 3 0x8000bb4a (0x4a3f2d23) mem 0x80010000 0x00000001
core   0: 0x8000bb4e (0x0000bfe5) c.j     pc - 8
core   0: 3 0x8000bb4e (0xbfe5)
core   0: 0x8000bb46 (0x00004f17) auipc   t5, 0x4
core   0: 3 0x8000bb46 (0x00004f17) x30 0x8000fb46
core   0: 0x8000bb4a (0x4a3f2d23) sw      gp, 1210(t5)
core   0: 3 0x8000bb4a (0x4a3f2d23) mem 0x80010000 0x00000001
core   0: 0x8000bb4e (0x0000bfe5) c.j     pc - 8
core   0: 3 0x8000bb4e (0xbfe5)
core   0: 0x8000bb46 (0x00004f17) auipc   t5, 0x4
core   0: 3 0x8000bb46 (0x00004f17) x30 0x8000fb46
core   0: 0x8000bb4a (0x4a3f2d23) sw      gp, 1210(t5)
core   0: 3 0x8000bb4a (0x4a3f2d23) mem 0x80010000 0x00000001
core   0: 0x8000bb4e (0x0000bfe5) c.j     pc - 8
core   0: 3 0x8000bb4e (0xbfe5)
core   0: 0x8000bb46 (0x00004f17) auipc   t5, 0x4
core   0: 3 0x8000bb46 (0x00004f17) x30 0x8000fb46
core   0: 0x8000bb4a (0x4a3f2d23) sw      gp, 1210(t5)
core   0: 3 0x8000bb4a (0x4a3f2d23) mem 0x80010000 0x00000001
core   0: 0x8000bb4e (0x0000bfe5) c.j     pc - 8
core   0: 3 0x8000bb4e (0xbfe5)
core   0: 0x8000bb46 (0x00004f17) auipc   t5, 0x4
core   0: 3 0x8000bb46 (0x00004f17) x30 0x8000fb46
core   0: 0x8000bb4a (0x4a3f2d23) sw      gp, 1210(t5)
core   0: 3 0x8000bb4a (0x4a3f2d23) mem 0x80010000 0x00000001
core   0: 0x8000bb4e (0x0000bfe5) c.j     pc - 8
core   0: 3 0x8000bb4e (0xbfe5)
core   0: 0x8000bb46 (0x00004f17) auipc   t5, 0x4
core   0: 3 0x8000bb46 (0x00004f17) x30 0x8000fb46
core   0: 0x8000bb4a (0x4a3f2d23) sw      gp, 1210(t5)
core   0: 3 0x8000bb4a (0x4a3f2d23) mem 0x80010000 0x00000001
core   0: 0x8000bb4e (0x0000bfe5) c.j     pc - 8
core   0: 3 0x8000bb4e (0xbfe5)
core   0: 0x8000bb46 (0x00004f17) auipc   t5, 0x4
core   0: 3 0x8000bb46 (0x00004f17) x30 0x8000fb46
core   0: 0x8000bb4a (0x4a3f2d23) sw      gp, 1210(t5)
core   0: 3 0x8000bb4a (0x4a3f2d23) mem 0x80010000 0x00000001
core   0: 0x8000bb4e (0x0000bfe5) c.j     pc - 8
core   0: 3 0x8000bb4e (0xbfe5)
core   0: 0x8000bb46 (0x00004f17) auipc   t5, 0x4
core   0: 3 0x8000bb46 (0x00004f17) x30 0x8000fb46
core   0: 0x8000bb4a (0x4a3f2d23) sw      gp, 1210(t5)
core   0: 3 0x8000bb4a (0x4a3f2d23) mem 0x80010000 0x00000001
core   0: 0x8000bb4e (0x0000bfe5) c.j     pc - 8
core   0: 3 0x8000bb4e (0xbfe5)
core   0: 0x8000bb46 (0x00004f17) auipc   t5, 0x4
core   0: 3 0x8000bb46 (0x00004f17) x30 0x8000fb46
core   0: 0x8000bb4a (0x4a3f2d23) sw      gp, 1210(t5)
core   0: 3 0x8000bb4a (0x4a3f2d23) mem 0x80010000 0x00000001
core   0: 0x8000bb4e (0x0000bfe5) c.j     pc - 8
core   0: 3 0x8000bb4e (0xbfe5)
core   0: 0x8000bb46 (0x00004f17) auipc   t5, 0x4
core   0: 3 0x8000bb46 (0x00004f17) x30 0x8000fb46
core   0: 0x8000bb4a (0x4a3f2d23) sw      gp, 1210(t5)
core   0: 3 0x8000bb4a (0x4a3f2d23) mem 0x80010000 0x00000001
core   0: 0x8000bb4e (0x0000bfe5) c.j     pc - 8
core   0: 3 0x8000bb4e (0xbfe5)
core   0: 0x8000bb46 (0x00004f17) auipc   t5, 0x4
core   0: 3 0x8000bb46 (0x00004f17) x30 0x8000fb46
core   0: 0x8000bb4a (0x4a3f2d23) sw      gp, 1210(t5)
core   0: 3 0x8000bb4a (0x4a3f2d23) mem 0x80010000 0x00000001
core   0: 0x8000bb4e (0x0000bfe5) c.j     pc - 8
core   0: 3 0x8000bb4e (0xbfe5)
core   0: 0x8000bb46 (0x00004f17) auipc   t5, 0x4
core   0: 3 0x8000bb46 (0x00004f17) x30 0x8000fb46
core   0: 0x8000bb4a (0x4a3f2d23) sw      gp, 1210(t5)
core   0: 3 0x8000bb4a (0x4a3f2d23) mem 0x80010000 0x00000001
core   0: 0x8000bb4e (0x0000bfe5) c.j     pc - 8
core   0: 3 0x8000bb4e (0xbfe5)
core   0: 0x8000bb46 (0x00004f17) auipc   t5, 0x4
core   0: 3 0x8000bb46 (0x00004f17) x30 0x8000fb46
core   0: 0x8000bb4a (0x4a3f2d23) sw      gp, 1210(t5)
core   0: 3 0x8000bb4a (0x4a3f2d23) mem 0x80010000 0x00000001
core   0: 0x8000bb4e (0x0000bfe5) c.j     pc - 8
core   0: 3 0x8000bb4e (0xbfe5)
core   0: 0x8000bb46 (0x00004f17) auipc   t5, 0x4
core   0: 3 0x8000bb46 (0x00004f17) x30 0x8000fb46
core   0: 0x8000bb4a (0x4a3f2d23) sw      gp, 1210(t5)
core   0: 3 0x8000bb4a (0x4a3f2d23) mem 0x80010000 0x00000001
core   0: 0x8000bb4e (0x0000bfe5) c.j     pc - 8
core   0: 3 0x8000bb4e (0xbfe5)
core   0: 0x8000bb46 (0x00004f17) auipc   t5, 0x4
core   0: 3 0x8000bb46 (0x00004f17) x30 0x8000fb46
core   0: 0x8000bb4a (0x4a3f2d23) sw      gp, 1210(t5)
core   0: 3 0x8000bb4a (0x4a3f2d23) mem 0x80010000 0x00000001
core   0: 0x8000bb4e (0x0000bfe5) c.j     pc - 8
core   0: 3 0x8000bb4e (0xbfe5)
core   0: 0x8000bb46 (0x00004f17) auipc   t5, 0x4
core   0: 3 0x8000bb46 (0x00004f17) x30 0x8000fb46
core   0: 0x8000bb4a (0x4a3f2d23) sw      gp, 1210(t5)
core   0: 3 0x8000bb4a (0x4a3f2d23) mem 0x80010000 0x00000001
core   0: 0x8000bb4e (0x0000bfe5) c.j     pc - 8
core   0: 3 0x8000bb4e (0xbfe5)
core   0: 0x8000bb46 (0x00004f17) auipc   t5, 0x4
core   0: 3 0x8000bb46 (0x00004f17) x30 0x8000fb46
core   0: 0x8000bb4a (0x4a3f2d23) sw      gp, 1210(t5)
core   0: 3 0x8000bb4a (0x4a3f2d23) mem 0x80010000 0x00000001
core   0: 0x8000bb4e (0x0000bfe5) c.j     pc - 8
core   0: 3 0x8000bb4e (0xbfe5)
core   0: 0x8000bb46 (0x00004f17) auipc   t5, 0x4
core   0: 3 0x8000bb46 (0x00004f17) x30 0x8000fb46
core   0: 0x8000bb4a (0x4a3f2d23) sw      gp, 1210(t5)
core   0: 3 0x8000bb4a (0x4a3f2d23) mem 0x80010000 0x00000001
core   0: 0x8000bb4e (0x0000bfe5) c.j     pc - 8
core   0: 3 0x8000bb4e (0xbfe5)
core   0: 0x8000bb46 (0x00004f17) auipc   t5, 0x4
core   0: 3 0x8000bb46 (0x00004f17) x30 0x8000fb46
core   0: 0x8000bb4a (0x4a3f2d23) sw      gp, 1210(t5)
core   0: 3 0x8000bb4a (0x4a3f2d23) mem 0x80010000 0x00000001
core   0: 0x8000bb4e (0x0000bfe5) c.j     pc - 8
core   0: 3 0x8000bb4e (0xbfe5)
core   0: 0x8000bb46 (0x00004f17) auipc   t5, 0x4
core   0: 3 0x8000bb46 (0x00004f17) x30 0x8000fb46
core   0: 0x8000bb4a (0x4a3f2d23) sw      gp, 1210(t5)
core   0: 3 0x8000bb4a (0x4a3f2d23) mem 0x80010000 0x00000001
core   0: 0x8000bb4e (0x0000bfe5) c.j     pc - 8
core   0: 3 0x8000bb4e (0xbfe5)
core   0: 0x8000bb46 (0x00004f17) auipc   t5, 0x4
core   0: 3 0x8000bb46 (0x00004f17) x30 0x8000fb46
core   0: 0x8000bb4a (0x4a3f2d23) sw      gp, 1210(t5)
core   0: 3 0x8000bb4a (0x4a3f2d23) mem 0x80010000 0x00000001
core   0: 0x8000bb4e (0x0000bfe5) c.j     pc - 8
core   0: 3 0x8000bb4e (0xbfe5)
core   0: 0x8000bb46 (0x00004f17) auipc   t5, 0x4
core   0: 3 0x8000bb46 (0x00004f17) x30 0x8000fb46
core   0: 0x8000bb4a (0x4a3f2d23) sw      gp, 1210(t5)
core   0: 3 0x8000bb4a (0x4a3f2d23) mem 0x80010000 0x00000001
core   0: 0x8000bb4e (0x0000bfe5) c.j     pc - 8
core   0: 3 0x8000bb4e (0xbfe5)
core   0: 0x8000bb46 (0x00004f17) auipc   t5, 0x4
core   0: 3 0x8000bb46 (0x00004f17) x30 0x8000fb46
core   0: 0x8000bb4a (0x4a3f2d23) sw      gp, 1210(t5)
core   0: 3 0x8000bb4a (0x4a3f2d23) mem 0x80010000 0x00000001
core   0: 0x8000bb4e (0x0000bfe5) c.j     pc - 8
core   0: 3 0x8000bb4e (0xbfe5)
core   0: 0x8000bb46 (0x00004f17) auipc   t5, 0x4
core   0: 3 0x8000bb46 (0x00004f17) x30 0x8000fb46
core   0: 0x8000bb4a (0x4a3f2d23) sw      gp, 1210(t5)
core   0: 3 0x8000bb4a (0x4a3f2d23) mem 0x80010000 0x00000001
core   0: 0x8000bb4e (0x0000bfe5) c.j     pc - 8
core   0: 3 0x8000bb4e (0xbfe5)
core   0: 0x8000bb46 (0x00004f17) auipc   t5, 0x4
core   0: 3 0x8000bb46 (0x00004f17) x30 0x8000fb46
core   0: 0x8000bb4a (0x4a3f2d23) sw      gp, 1210(t5)
core   0: 3 0x8000bb4a (0x4a3f2d23) mem 0x80010000 0x00000001
core   0: 0x8000bb4e (0x0000bfe5) c.j     pc - 8
core   0: 3 0x8000bb4e (0xbfe5)
core   0: 0x8000bb46 (0x00004f17) auipc   t5, 0x4
core   0: 3 0x8000bb46 (0x00004f17) x30 0x8000fb46
core   0: 0x8000bb4a (0x4a3f2d23) sw      gp, 1210(t5)
core   0: 3 0x8000bb4a (0x4a3f2d23) mem 0x80010000 0x00000001
core   0: 0x8000bb4e (0x0000bfe5) c.j     pc - 8
core   0: 3 0x8000bb4e (0xbfe5)
core   0: 0x8000bb46 (0x00004f17) auipc   t5, 0x4
core   0: 3 0x8000bb46 (0x00004f17) x30 0x8000fb46
core   0: 0x8000bb4a (0x4a3f2d23) sw      gp, 1210(t5)
core   0: 3 0x8000bb4a (0x4a3f2d23) mem 0x80010000 0x00000001
core   0: 0x8000bb4e (0x0000bfe5) c.j     pc - 8
core   0: 3 0x8000bb4e (0xbfe5)
core   0: 0x8000bb46 (0x00004f17) auipc   t5, 0x4
core   0: 3 0x8000bb46 (0x00004f17) x30 0x8000fb46
core   0: 0x8000bb4a (0x4a3f2d23) sw      gp, 1210(t5)
core   0: 3 0x8000bb4a (0x4a3f2d23) mem 0x80010000 0x00000001
core   0: 0x8000bb4e (0x0000bfe5) c.j     pc - 8
core   0: 3 0x8000bb4e (0xbfe5)
core   0: 0x8000bb46 (0x00004f17) auipc   t5, 0x4
core   0: 3 0x8000bb46 (0x00004f17) x30 0x8000fb46
core   0: 0x8000bb4a (0x4a3f2d23) sw      gp, 1210(t5)
core   0: 3 0x8000bb4a (0x4a3f2d23) mem 0x80010000 0x00000001
core   0: 0x8000bb4e (0x0000bfe5) c.j     pc - 8
core   0: 3 0x8000bb4e (0xbfe5)
core   0: 0x8000bb46 (0x00004f17) auipc   t5, 0x4
core   0: 3 0x8000bb46 (0x00004f17) x30 0x8000fb46
core   0: 0x8000bb4a (0x4a3f2d23) sw      gp, 1210(t5)
core   0: 3 0x8000bb4a (0x4a3f2d23) mem 0x80010000 0x00000001
core   0: 0x8000bb4e (0x0000bfe5) c.j     pc - 8
core   0: 3 0x8000bb4e (0xbfe5)
core   0: 0x8000bb46 (0x00004f17) auipc   t5, 0x4
core   0: 3 0x8000bb46 (0x00004f17) x30 0x8000fb46
core   0: 0x8000bb4a (0x4a3f2d23) sw      gp, 1210(t5)
core   0: 3 0x8000bb4a (0x4a3f2d23) mem 0x80010000 0x00000001
core   0: 0x8000bb4e (0x0000bfe5) c.j     pc - 8
core   0: 3 0x8000bb4e (0xbfe5)
core   0: 0x8000bb46 (0x00004f17) auipc   t5, 0x4
core   0: 3 0x8000bb46 (0x00004f17) x30 0x8000fb46
core   0: 0x8000bb4a (0x4a3f2d23) sw      gp, 1210(t5)
core   0: 3 0x8000bb4a (0x4a3f2d23) mem 0x80010000 0x00000001
core   0: 0x8000bb4e (0x0000bfe5) c.j     pc - 8
core   0: 3 0x8000bb4e (0xbfe5)
core   0: 0x8000bb46 (0x00004f17) auipc   t5, 0x4
core   0: 3 0x8000bb46 (0x00004f17) x30 0x8000fb46
core   0: 0x8000bb4a (0x4a3f2d23) sw      gp, 1210(t5)
core   0: 3 0x8000bb4a (0x4a3f2d23) mem 0x80010000 0x00000001
core   0: 0x8000bb4e (0x0000bfe5) c.j     pc - 8
core   0: 3 0x8000bb4e (0xbfe5)
core   0: 0x8000bb46 (0x00004f17) auipc   t5, 0x4
core   0: 3 0x8000bb46 (0x00004f17) x30 0x8000fb46
core   0: 0x8000bb4a (0x4a3f2d23) sw      gp, 1210(t5)
core   0: 3 0x8000bb4a (0x4a3f2d23) mem 0x80010000 0x00000001
core   0: 0x8000bb4e (0x0000bfe5) c.j     pc - 8
core   0: 3 0x8000bb4e (0xbfe5)
core   0: 0x8000bb46 (0x00004f17) auipc   t5, 0x4
core   0: 3 0x8000bb46 (0x00004f17) x30 0x8000fb46
core   0: 0x8000bb4a (0x4a3f2d23) sw      gp, 1210(t5)
core   0: 3 0x8000bb4a (0x4a3f2d23) mem 0x80010000 0x00000001
core   0: 0x8000bb4e (0x0000bfe5) c.j     pc - 8
core   0: 3 0x8000bb4e (0xbfe5)
core   0: 0x8000bb46 (0x00004f17) auipc   t5, 0x4
core   0: 3 0x8000bb46 (0x00004f17) x30 0x8000fb46
core   0: 0x8000bb4a (0x4a3f2d23) sw      gp, 1210(t5)
core   0: 3 0x8000bb4a (0x4a3f2d23) mem 0x80010000 0x00000001
core   0: 0x8000bb4e (0x0000bfe5) c.j     pc - 8
core   0: 3 0x8000bb4e (0xbfe5)
core   0: 0x8000bb46 (0x00004f17) auipc   t5, 0x4
core   0: 3 0x8000bb46 (0x00004f17) x30 0x8000fb46
core   0: 0x8000bb4a (0x4a3f2d23) sw      gp, 1210(t5)
core   0: 3 0x8000bb4a (0x4a3f2d23) mem 0x80010000 0x00000001
core   0: 0x8000bb4e (0x0000bfe5) c.j     pc - 8
core   0: 3 0x8000bb4e (0xbfe5)
core   0: 0x8000bb46 (0x00004f17) auipc   t5, 0x4
core   0: 3 0x8000bb46 (0x00004f17) x30 0x8000fb46
core   0: 0x8000bb4a (0x4a3f2d23) sw      gp, 1210(t5)
core   0: 3 0x8000bb4a (0x4a3f2d23) mem 0x80010000 0x00000001
core   0: 0x8000bb4e (0x0000bfe5) c.j     pc - 8
core   0: 3 0x8000bb4e (0xbfe5)
core   0: 0x8000bb46 (0x00004f17) auipc   t5, 0x4
core   0: 3 0x8000bb46 (0x00004f17) x30 0x8000fb46
core   0: 0x8000bb4a (0x4a3f2d23) sw      gp, 1210(t5)
core   0: 3 0x8000bb4a (0x4a3f2d23) mem 0x80010000 0x00000001
core   0: 0x8000bb4e (0x0000bfe5) c.j     pc - 8
core   0: 3 0x8000bb4e (0xbfe5)
core   0: 0x8000bb46 (0x00004f17) auipc   t5, 0x4
core   0: 3 0x8000bb46 (0x00004f17) x30 0x8000fb46
core   0: 0x8000bb4a (0x4a3f2d23) sw      gp, 1210(t5)
core   0: 3 0x8000bb4a (0x4a3f2d23) mem 0x80010000 0x00000001
core   0: 0x8000bb4e (0x0000bfe5) c.j     pc - 8
core   0: 3 0x8000bb4e (0xbfe5)
core   0: 0x8000bb46 (0x00004f17) auipc   t5, 0x4
core   0: 3 0x8000bb46 (0x00004f17) x30 0x8000fb46
core   0: 0x8000bb4a (0x4a3f2d23) sw      gp, 1210(t5)
core   0: 3 0x8000bb4a (0x4a3f2d23) mem 0x80010000 0x00000001
core   0: 0x8000bb4e (0x0000bfe5) c.j     pc - 8
core   0: 3 0x8000bb4e (0xbfe5)
core   0: 0x8000bb46 (0x00004f17) auipc   t5, 0x4
core   0: 3 0x8000bb46 (0x00004f17) x30 0x8000fb46
core   0: 0x8000bb4a (0x4a3f2d23) sw      gp, 1210(t5)
core   0: 3 0x8000bb4a (0x4a3f2d23) mem 0x80010000 0x00000001
core   0: 0x8000bb4e (0x0000bfe5) c.j     pc - 8
core   0: 3 0x8000bb4e (0xbfe5)
core   0: 0x8000bb46 (0x00004f17) auipc   t5, 0x4
core   0: 3 0x8000bb46 (0x00004f17) x30 0x8000fb46
core   0: 0x8000bb4a (0x4a3f2d23) sw      gp, 1210(t5)
core   0: 3 0x8000bb4a (0x4a3f2d23) mem 0x80010000 0x00000001
core   0: 0x8000bb4e (0x0000bfe5) c.j     pc - 8
core   0: 3 0x8000bb4e (0xbfe5)
core   0: 0x8000bb46 (0x00004f17) auipc   t5, 0x4
core   0: 3 0x8000bb46 (0x00004f17) x30 0x8000fb46
core   0: 0x8000bb4a (0x4a3f2d23) sw      gp, 1210(t5)
core   0: 3 0x8000bb4a (0x4a3f2d23) mem 0x80010000 0x00000001
core   0: 0x8000bb4e (0x0000bfe5) c.j     pc - 8
core   0: 3 0x8000bb4e (0xbfe5)
core   0: 0x8000bb46 (0x00004f17) auipc   t5, 0x4
core   0: 3 0x8000bb46 (0x00004f17) x30 0x8000fb46
core   0: 0x8000bb4a (0x4a3f2d23) sw      gp, 1210(t5)
core   0: 3 0x8000bb4a (0x4a3f2d23) mem 0x80010000 0x00000001
core   0: 0x8000bb4e (0x0000bfe5) c.j     pc - 8
core   0: 3 0x8000bb4e (0xbfe5)
core   0: 0x8000bb46 (0x00004f17) auipc   t5, 0x4
core   0: 3 0x8000bb46 (0x00004f17) x30 0x8000fb46
core   0: 0x8000bb4a (0x4a3f2d23) sw      gp, 1210(t5)
core   0: 3 0x8000bb4a (0x4a3f2d23) mem 0x80010000 0x00000001
core   0: 0x8000bb4e (0x0000bfe5) c.j     pc - 8
core   0: 3 0x8000bb4e (0xbfe5)
core   0: 0x8000bb46 (0x00004f17) auipc   t5, 0x4
core   0: 3 0x8000bb46 (0x00004f17) x30 0x8000fb46
core   0: 0x8000bb4a (0x4a3f2d23) sw      gp, 1210(t5)
core   0: 3 0x8000bb4a (0x4a3f2d23) mem 0x80010000 0x00000001
core   0: 0x8000bb4e (0x0000bfe5) c.j     pc - 8
core   0: 3 0x8000bb4e (0xbfe5)
core   0: 0x8000bb46 (0x00004f17) auipc   t5, 0x4
core   0: 3 0x8000bb46 (0x00004f17) x30 0x8000fb46
core   0: 0x8000bb4a (0x4a3f2d23) sw      gp, 1210(t5)
core   0: 3 0x8000bb4a (0x4a3f2d23) mem 0x80010000 0x00000001
core   0: 0x8000bb4e (0x0000bfe5) c.j     pc - 8
core   0: 3 0x8000bb4e (0xbfe5)
core   0: 0x8000bb46 (0x00004f17) auipc   t5, 0x4
core   0: 3 0x8000bb46 (0x00004f17) x30 0x8000fb46
core   0: 0x8000bb4a (0x4a3f2d23) sw      gp, 1210(t5)
core   0: 3 0x8000bb4a (0x4a3f2d23) mem 0x80010000 0x00000001
core   0: 0x8000bb4e (0x0000bfe5) c.j     pc - 8
core   0: 3 0x8000bb4e (0xbfe5)
core   0: 0x8000bb46 (0x00004f17) auipc   t5, 0x4
core   0: 3 0x8000bb46 (0x00004f17) x30 0x8000fb46
core   0: 0x8000bb4a (0x4a3f2d23) sw      gp, 1210(t5)
core   0: 3 0x8000bb4a (0x4a3f2d23) mem 0x80010000 0x00000001
core   0: 0x8000bb4e (0x0000bfe5) c.j     pc - 8
core   0: 3 0x8000bb4e (0xbfe5)
core   0: 0x8000bb46 (0x00004f17) auipc   t5, 0x4
core   0: 3 0x8000bb46 (0x00004f17) x30 0x8000fb46
core   0: 0x8000bb4a (0x4a3f2d23) sw      gp, 1210(t5)
core   0: 3 0x8000bb4a (0x4a3f2d23) mem 0x80010000 0x00000001
core   0: 0x8000bb4e (0x0000bfe5) c.j     pc - 8
core   0: 3 0x8000bb4e (0xbfe5)
core   0: 0x8000bb46 (0x00004f17) auipc   t5, 0x4
core   0: 3 0x8000bb46 (0x00004f17) x30 0x8000fb46
core   0: 0x8000bb4a (0x4a3f2d23) sw      gp, 1210(t5)
core   0: 3 0x8000bb4a (0x4a3f2d23) mem 0x80010000 0x00000001
core   0: 0x8000bb4e (0x0000bfe5) c.j     pc - 8
core   0: 3 0x8000bb4e (0xbfe5)
core   0: 0x8000bb46 (0x00004f17) auipc   t5, 0x4
core   0: 3 0x8000bb46 (0x00004f17) x30 0x8000fb46
core   0: 0x8000bb4a (0x4a3f2d23) sw      gp, 1210(t5)
core   0: 3 0x8000bb4a (0x4a3f2d23) mem 0x80010000 0x00000001
core   0: 0x8000bb4e (0x0000bfe5) c.j     pc - 8
core   0: 3 0x8000bb4e (0xbfe5)
core   0: 0x8000bb46 (0x00004f17) auipc   t5, 0x4
core   0: 3 0x8000bb46 (0x00004f17) x30 0x8000fb46
core   0: 0x8000bb4a (0x4a3f2d23) sw      gp, 1210(t5)
core   0: 3 0x8000bb4a (0x4a3f2d23) mem 0x80010000 0x00000001
core   0: 0x8000bb4e (0x0000bfe5) c.j     pc - 8
core   0: 3 0x8000bb4e (0xbfe5)
core   0: 0x8000bb46 (0x00004f17) auipc   t5, 0x4
core   0: 3 0x8000bb46 (0x00004f17) x30 0x8000fb46
core   0: 0x8000bb4a (0x4a3f2d23) sw      gp, 1210(t5)
core   0: 3 0x8000bb4a (0x4a3f2d23) mem 0x80010000 0x00000001
core   0: 0x8000bb4e (0x0000bfe5) c.j     pc - 8
core   0: 3 0x8000bb4e (0xbfe5)
core   0: 0x8000bb46 (0x00004f17) auipc   t5, 0x4
core   0: 3 0x8000bb46 (0x00004f17) x30 0x8000fb46
core   0: 0x8000bb4a (0x4a3f2d23) sw      gp, 1210(t5)
core   0: 3 0x8000bb4a (0x4a3f2d23) mem 0x80010000 0x00000001
core   0: 0x8000bb4e (0x0000bfe5) c.j     pc - 8
core   0: 3 0x8000bb4e (0xbfe5)
core   0: 0x8000bb46 (0x00004f17) auipc   t5, 0x4
core   0: 3 0x8000bb46 (0x00004f17) x30 0x8000fb46
core   0: 0x8000bb4a (0x4a3f2d23) sw      gp, 1210(t5)
core   0: 3 0x8000bb4a (0x4a3f2d23) mem 0x80010000 0x00000001
core   0: 0x8000bb4e (0x0000bfe5) c.j     pc - 8
core   0: 3 0x8000bb4e (0xbfe5)
core   0: 0x8000bb46 (0x00004f17) auipc   t5, 0x4
core   0: 3 0x8000bb46 (0x00004f17) x30 0x8000fb46
core   0: 0x8000bb4a (0x4a3f2d23) sw      gp, 1210(t5)
core   0: 3 0x8000bb4a (0x4a3f2d23) mem 0x80010000 0x00000001
core   0: 0x8000bb4e (0x0000bfe5) c.j     pc - 8
core   0: 3 0x8000bb4e (0xbfe5)
core   0: 0x8000bb46 (0x00004f17) auipc   t5, 0x4
core   0: 3 0x8000bb46 (0x00004f17) x30 0x8000fb46
core   0: 0x8000bb4a (0x4a3f2d23) sw      gp, 1210(t5)
core   0: 3 0x8000bb4a (0x4a3f2d23) mem 0x80010000 0x00000001
core   0: 0x8000bb4e (0x0000bfe5) c.j     pc - 8
core   0: 3 0x8000bb4e (0xbfe5)
core   0: 0x8000bb46 (0x00004f17) auipc   t5, 0x4
core   0: 3 0x8000bb46 (0x00004f17) x30 0x8000fb46
core   0: 0x8000bb4a (0x4a3f2d23) sw      gp, 1210(t5)
core   0: 3 0x8000bb4a (0x4a3f2d23) mem 0x80010000 0x00000001
core   0: 0x8000bb4e (0x0000bfe5) c.j     pc - 8
core   0: 3 0x8000bb4e (0xbfe5)
core   0: 0x8000bb46 (0x00004f17) auipc   t5, 0x4
core   0: 3 0x8000bb46 (0x00004f17) x30 0x8000fb46
core   0: 0x8000bb4a (0x4a3f2d23) sw      gp, 1210(t5)
core   0: 3 0x8000bb4a (0x4a3f2d23) mem 0x80010000 0x00000001
core   0: 0x8000bb4e (0x0000bfe5) c.j     pc - 8
core   0: 3 0x8000bb4e (0xbfe5)
core   0: 0x8000bb46 (0x00004f17) auipc   t5, 0x4
core   0: 3 0x8000bb46 (0x00004f17) x30 0x8000fb46
core   0: 0x8000bb4a (0x4a3f2d23) sw      gp, 1210(t5)
core   0: 3 0x8000bb4a (0x4a3f2d23) mem 0x80010000 0x00000001
core   0: 0x8000bb4e (0x0000bfe5) c.j     pc - 8
core   0: 3 0x8000bb4e (0xbfe5)
core   0: 0x8000bb46 (0x00004f17) auipc   t5, 0x4
core   0: 3 0x8000bb46 (0x00004f17) x30 0x8000fb46
core   0: 0x8000bb4a (0x4a3f2d23) sw      gp, 1210(t5)
core   0: 3 0x8000bb4a (0x4a3f2d23) mem 0x80010000 0x00000001
core   0: 0x8000bb4e (0x0000bfe5) c.j     pc - 8
core   0: 3 0x8000bb4e (0xbfe5)
core   0: 0x8000bb46 (0x00004f17) auipc   t5, 0x4
core   0: 3 0x8000bb46 (0x00004f17) x30 0x8000fb46
core   0: 0x8000bb4a (0x4a3f2d23) sw      gp, 1210(t5)
core   0: 3 0x8000bb4a (0x4a3f2d23) mem 0x80010000 0x00000001
core   0: 0x8000bb4e (0x0000bfe5) c.j     pc - 8
core   0: 3 0x8000bb4e (0xbfe5)
core   0: 0x8000bb46 (0x00004f17) auipc   t5, 0x4
core   0: 3 0x8000bb46 (0x00004f17) x30 0x8000fb46
core   0: 0x8000bb4a (0x4a3f2d23) sw      gp, 1210(t5)
core   0: 3 0x8000bb4a (0x4a3f2d23) mem 0x80010000 0x00000001
core   0: 0x8000bb4e (0x0000bfe5) c.j     pc - 8
core   0: 3 0x8000bb4e (0xbfe5)
core   0: 0x8000bb46 (0x00004f17) auipc   t5, 0x4
core   0: 3 0x8000bb46 (0x00004f17) x30 0x8000fb46
core   0: 0x8000bb4a (0x4a3f2d23) sw      gp, 1210(t5)
core   0: 3 0x8000bb4a (0x4a3f2d23) mem 0x80010000 0x00000001
core   0: 0x8000bb4e (0x0000bfe5) c.j     pc - 8
core   0: 3 0x8000bb4e (0xbfe5)
core   0: 0x8000bb46 (0x00004f17) auipc   t5, 0x4
core   0: 3 0x8000bb46 (0x00004f17) x30 0x8000fb46
core   0: 0x8000bb4a (0x4a3f2d23) sw      gp, 1210(t5)
core   0: 3 0x8000bb4a (0x4a3f2d23) mem 0x80010000 0x00000001
core   0: 0x8000bb4e (0x0000bfe5) c.j     pc - 8
core   0: 3 0x8000bb4e (0xbfe5)
core   0: 0x8000bb46 (0x00004f17) auipc   t5, 0x4
core   0: 3 0x8000bb46 (0x00004f17) x30 0x8000fb46
core   0: 0x8000bb4a (0x4a3f2d23) sw      gp, 1210(t5)
core   0: 3 0x8000bb4a (0x4a3f2d23) mem 0x80010000 0x00000001
core   0: 0x8000bb4e (0x0000bfe5) c.j     pc - 8
core   0: 3 0x8000bb4e (0xbfe5)
core   0: 0x8000bb46 (0x00004f17) auipc   t5, 0x4
core   0: 3 0x8000bb46 (0x00004f17) x30 0x8000fb46
core   0: 0x8000bb4a (0x4a3f2d23) sw      gp, 1210(t5)
core   0: 3 0x8000bb4a (0x4a3f2d23) mem 0x80010000 0x00000001
core   0: 0x8000bb4e (0x0000bfe5) c.j     pc - 8
core   0: 3 0x8000bb4e (0xbfe5)
core   0: 0x8000bb46 (0x00004f17) auipc   t5, 0x4
core   0: 3 0x8000bb46 (0x00004f17) x30 0x8000fb46
core   0: 0x8000bb4a (0x4a3f2d23) sw      gp, 1210(t5)
core   0: 3 0x8000bb4a (0x4a3f2d23) mem 0x80010000 0x00000001
core   0: 0x8000bb4e (0x0000bfe5) c.j     pc - 8
core   0: 3 0x8000bb4e (0xbfe5)
core   0: 0x8000bb46 (0x00004f17) auipc   t5, 0x4
core   0: 3 0x8000bb46 (0x00004f17) x30 0x8000fb46
core   0: 0x8000bb4a (0x4a3f2d23) sw      gp, 1210(t5)
core   0: 3 0x8000bb4a (0x4a3f2d23) mem 0x80010000 0x00000001
core   0: 0x8000bb4e (0x0000bfe5) c.j     pc - 8
core   0: 3 0x8000bb4e (0xbfe5)
core   0: 0x8000bb46 (0x00004f17) auipc   t5, 0x4
core   0: 3 0x8000bb46 (0x00004f17) x30 0x8000fb46
core   0: 0x8000bb4a (0x4a3f2d23) sw      gp, 1210(t5)
core   0: 3 0x8000bb4a (0x4a3f2d23) mem 0x80010000 0x00000001
core   0: 0x8000bb4e (0x0000bfe5) c.j     pc - 8
core   0: 3 0x8000bb4e (0xbfe5)
core   0: 0x8000bb46 (0x00004f17) auipc   t5, 0x4
core   0: 3 0x8000bb46 (0x00004f17) x30 0x8000fb46
core   0: 0x8000bb4a (0x4a3f2d23) sw      gp, 1210(t5)
core   0: 3 0x8000bb4a (0x4a3f2d23) mem 0x80010000 0x00000001
core   0: 0x8000bb4e (0x0000bfe5) c.j     pc - 8
core   0: 3 0x8000bb4e (0xbfe5)
core   0: 0x8000bb46 (0x00004f17) auipc   t5, 0x4
core   0: 3 0x8000bb46 (0x00004f17) x30 0x8000fb46
core   0: 0x8000bb4a (0x4a3f2d23) sw      gp, 1210(t5)
core   0: 3 0x8000bb4a (0x4a3f2d23) mem 0x80010000 0x00000001
core   0: 0x8000bb4e (0x0000bfe5) c.j     pc - 8
core   0: 3 0x8000bb4e (0xbfe5)
core   0: 0x8000bb46 (0x00004f17) auipc   t5, 0x4
core   0: 3 0x8000bb46 (0x00004f17) x30 0x8000fb46
core   0: 0x8000bb4a (0x4a3f2d23) sw      gp, 1210(t5)
core   0: 3 0x8000bb4a (0x4a3f2d23) mem 0x80010000 0x00000001
core   0: 0x8000bb4e (0x0000bfe5) c.j     pc - 8
core   0: 3 0x8000bb4e (0xbfe5)
core   0: 0x8000bb46 (0x00004f17) auipc   t5, 0x4
core   0: 3 0x8000bb46 (0x00004f17) x30 0x8000fb46
core   0: 0x8000bb4a (0x4a3f2d23) sw      gp, 1210(t5)
core   0: 3 0x8000bb4a (0x4a3f2d23) mem 0x80010000 0x00000001
core   0: 0x8000bb4e (0x0000bfe5) c.j     pc - 8
core   0: 3 0x8000bb4e (0xbfe5)
core   0: 0x8000bb46 (0x00004f17) auipc   t5, 0x4
core   0: 3 0x8000bb46 (0x00004f17) x30 0x8000fb46
core   0: 0x8000bb4a (0x4a3f2d23) sw      gp, 1210(t5)
core   0: 3 0x8000bb4a (0x4a3f2d23) mem 0x80010000 0x00000001
core   0: 0x8000bb4e (0x0000bfe5) c.j     pc - 8
core   0: 3 0x8000bb4e (0xbfe5)
core   0: 0x8000bb46 (0x00004f17) auipc   t5, 0x4
core   0: 3 0x8000bb46 (0x00004f17) x30 0x8000fb46
core   0: 0x8000bb4a (0x4a3f2d23) sw      gp, 1210(t5)
core   0: 3 0x8000bb4a (0x4a3f2d23) mem 0x80010000 0x00000001
core   0: 0x8000bb4e (0x0000bfe5) c.j     pc - 8
core   0: 3 0x8000bb4e (0xbfe5)
core   0: 0x8000bb46 (0x00004f17) auipc   t5, 0x4
core   0: 3 0x8000bb46 (0x00004f17) x30 0x8000fb46
core   0: 0x8000bb4a (0x4a3f2d23) sw      gp, 1210(t5)
core   0: 3 0x8000bb4a (0x4a3f2d23) mem 0x80010000 0x00000001
core   0: 0x8000bb4e (0x0000bfe5) c.j     pc - 8
core   0: 3 0x8000bb4e (0xbfe5)
core   0: 0x8000bb46 (0x00004f17) auipc   t5, 0x4
core   0: 3 0x8000bb46 (0x00004f17) x30 0x8000fb46
core   0: 0x8000bb4a (0x4a3f2d23) sw      gp, 1210(t5)
core   0: 3 0x8000bb4a (0x4a3f2d23) mem 0x80010000 0x00000001
core   0: 0x8000bb4e (0x0000bfe5) c.j     pc - 8
core   0: 3 0x8000bb4e (0xbfe5)
core   0: 0x8000bb46 (0x00004f17) auipc   t5, 0x4
core   0: 3 0x8000bb46 (0x00004f17) x30 0x8000fb46
core   0: 0x8000bb4a (0x4a3f2d23) sw      gp, 1210(t5)
core   0: 3 0x8000bb4a (0x4a3f2d23) mem 0x80010000 0x00000001
core   0: 0x8000bb4e (0x0000bfe5) c.j     pc - 8
core   0: 3 0x8000bb4e (0xbfe5)
core   0: 0x8000bb46 (0x00004f17) auipc   t5, 0x4
core   0: 3 0x8000bb46 (0x00004f17) x30 0x8000fb46
core   0: 0x8000bb4a (0x4a3f2d23) sw      gp, 1210(t5)
core   0: 3 0x8000bb4a (0x4a3f2d23) mem 0x80010000 0x00000001
core   0: 0x8000bb4e (0x0000bfe5) c.j     pc - 8
core   0: 3 0x8000bb4e (0xbfe5)
core   0: 0x8000bb46 (0x00004f17) auipc   t5, 0x4
core   0: 3 0x8000bb46 (0x00004f17) x30 0x8000fb46
core   0: 0x8000bb4a (0x4a3f2d23) sw      gp, 1210(t5)
core   0: 3 0x8000bb4a (0x4a3f2d23) mem 0x80010000 0x00000001
core   0: 0x8000bb4e (0x0000bfe5) c.j     pc - 8
core   0: 3 0x8000bb4e (0xbfe5)
core   0: 0x8000bb46 (0x00004f17) auipc   t5, 0x4
core   0: 3 0x8000bb46 (0x00004f17) x30 0x8000fb46
core   0: 0x8000bb4a (0x4a3f2d23) sw      gp, 1210(t5)
core   0: 3 0x8000bb4a (0x4a3f2d23) mem 0x80010000 0x00000001
core   0: 0x8000bb4e (0x0000bfe5) c.j     pc - 8
core   0: 3 0x8000bb4e (0xbfe5)
core   0: 0x8000bb46 (0x00004f17) auipc   t5, 0x4
core   0: 3 0x8000bb46 (0x00004f17) x30 0x8000fb46
core   0: 0x8000bb4a (0x4a3f2d23) sw      gp, 1210(t5)
core   0: 3 0x8000bb4a (0x4a3f2d23) mem 0x80010000 0x00000001
core   0: 0x8000bb4e (0x0000bfe5) c.j     pc - 8
core   0: 3 0x8000bb4e (0xbfe5)
core   0: 0x8000bb46 (0x00004f17) auipc   t5, 0x4
core   0: 3 0x8000bb46 (0x00004f17) x30 0x8000fb46
core   0: 0x8000bb4a (0x4a3f2d23) sw      gp, 1210(t5)
core   0: 3 0x8000bb4a (0x4a3f2d23) mem 0x80010000 0x00000001
core   0: 0x8000bb4e (0x0000bfe5) c.j     pc - 8
core   0: 3 0x8000bb4e (0xbfe5)
core   0: 0x8000bb46 (0x00004f17) auipc   t5, 0x4
core   0: 3 0x8000bb46 (0x00004f17) x30 0x8000fb46
core   0: 0x8000bb4a (0x4a3f2d23) sw      gp, 1210(t5)
core   0: 3 0x8000bb4a (0x4a3f2d23) mem 0x80010000 0x00000001
core   0: 0x8000bb4e (0x0000bfe5) c.j     pc - 8
core   0: 3 0x8000bb4e (0xbfe5)
core   0: 0x8000bb46 (0x00004f17) auipc   t5, 0x4
core   0: 3 0x8000bb46 (0x00004f17) x30 0x8000fb46
core   0: 0x8000bb4a (0x4a3f2d23) sw      gp, 1210(t5)
core   0: 3 0x8000bb4a (0x4a3f2d23) mem 0x80010000 0x00000001
core   0: 0x8000bb4e (0x0000bfe5) c.j     pc - 8
core   0: 3 0x8000bb4e (0xbfe5)
core   0: 0x8000bb46 (0x00004f17) auipc   t5, 0x4
core   0: 3 0x8000bb46 (0x00004f17) x30 0x8000fb46
core   0: 0x8000bb4a (0x4a3f2d23) sw      gp, 1210(t5)
core   0: 3 0x8000bb4a (0x4a3f2d23) mem 0x80010000 0x00000001
core   0: 0x8000bb4e (0x0000bfe5) c.j     pc - 8
core   0: 3 0x8000bb4e (0xbfe5)
core   0: 0x8000bb46 (0x00004f17) auipc   t5, 0x4
core   0: 3 0x8000bb46 (0x00004f17) x30 0x8000fb46
core   0: 0x8000bb4a (0x4a3f2d23) sw      gp, 1210(t5)
core   0: 3 0x8000bb4a (0x4a3f2d23) mem 0x80010000 0x00000001
core   0: 0x8000bb4e (0x0000bfe5) c.j     pc - 8
core   0: 3 0x8000bb4e (0xbfe5)
core   0: 0x8000bb46 (0x00004f17) auipc   t5, 0x4
core   0: 3 0x8000bb46 (0x00004f17) x30 0x8000fb46
core   0: 0x8000bb4a (0x4a3f2d23) sw      gp, 1210(t5)
core   0: 3 0x8000bb4a (0x4a3f2d23) mem 0x80010000 0x00000001
core   0: 0x8000bb4e (0x0000bfe5) c.j     pc - 8
core   0: 3 0x8000bb4e (0xbfe5)
core   0: 0x8000bb46 (0x00004f17) auipc   t5, 0x4
core   0: 3 0x8000bb46 (0x00004f17) x30 0x8000fb46
core   0: 0x8000bb4a (0x4a3f2d23) sw      gp, 1210(t5)
core   0: 3 0x8000bb4a (0x4a3f2d23) mem 0x80010000 0x00000001
core   0: 0x8000bb4e (0x0000bfe5) c.j     pc - 8
core   0: 3 0x8000bb4e (0xbfe5)
core   0: 0x8000bb46 (0x00004f17) auipc   t5, 0x4
core   0: 3 0x8000bb46 (0x00004f17) x30 0x8000fb46
core   0: 0x8000bb4a (0x4a3f2d23) sw      gp, 1210(t5)
core   0: 3 0x8000bb4a (0x4a3f2d23) mem 0x80010000 0x00000001
core   0: 0x8000bb4e (0x0000bfe5) c.j     pc - 8
core   0: 3 0x8000bb4e (0xbfe5)
core   0: 0x8000bb46 (0x00004f17) auipc   t5, 0x4
core   0: 3 0x8000bb46 (0x00004f17) x30 0x8000fb46
core   0: 0x8000bb4a (0x4a3f2d23) sw      gp, 1210(t5)
core   0: 3 0x8000bb4a (0x4a3f2d23) mem 0x80010000 0x00000001
core   0: 0x8000bb4e (0x0000bfe5) c.j     pc - 8
core   0: 3 0x8000bb4e (0xbfe5)
core   0: 0x8000bb46 (0x00004f17) auipc   t5, 0x4
core   0: 3 0x8000bb46 (0x00004f17) x30 0x8000fb46
core   0: 0x8000bb4a (0x4a3f2d23) sw      gp, 1210(t5)
core   0: 3 0x8000bb4a (0x4a3f2d23) mem 0x80010000 0x00000001
core   0: 0x8000bb4e (0x0000bfe5) c.j     pc - 8
core   0: 3 0x8000bb4e (0xbfe5)
core   0: 0x8000bb46 (0x00004f17) auipc   t5, 0x4
core   0: 3 0x8000bb46 (0x00004f17) x30 0x8000fb46
core   0: 0x8000bb4a (0x4a3f2d23) sw      gp, 1210(t5)
core   0: 3 0x8000bb4a (0x4a3f2d23) mem 0x80010000 0x00000001
core   0: 0x8000bb4e (0x0000bfe5) c.j     pc - 8
core   0: 3 0x8000bb4e (0xbfe5)
core   0: 0x8000bb46 (0x00004f17) auipc   t5, 0x4
core   0: 3 0x8000bb46 (0x00004f17) x30 0x8000fb46
core   0: 0x8000bb4a (0x4a3f2d23) sw      gp, 1210(t5)
core   0: 3 0x8000bb4a (0x4a3f2d23) mem 0x80010000 0x00000001
core   0: 0x8000bb4e (0x0000bfe5) c.j     pc - 8
core   0: 3 0x8000bb4e (0xbfe5)
core   0: 0x8000bb46 (0x00004f17) auipc   t5, 0x4
core   0: 3 0x8000bb46 (0x00004f17) x30 0x8000fb46
core   0: 0x8000bb4a (0x4a3f2d23) sw      gp, 1210(t5)
core   0: 3 0x8000bb4a (0x4a3f2d23) mem 0x80010000 0x00000001
core   0: 0x8000bb4e (0x0000bfe5) c.j     pc - 8
core   0: 3 0x8000bb4e (0xbfe5)
core   0: 0x8000bb46 (0x00004f17) auipc   t5, 0x4
core   0: 3 0x8000bb46 (0x00004f17) x30 0x8000fb46
core   0: 0x8000bb4a (0x4a3f2d23) sw      gp, 1210(t5)
core   0: 3 0x8000bb4a (0x4a3f2d23) mem 0x80010000 0x00000001
core   0: 0x8000bb4e (0x0000bfe5) c.j     pc - 8
core   0: 3 0x8000bb4e (0xbfe5)
core   0: 0x8000bb46 (0x00004f17) auipc   t5, 0x4
core   0: 3 0x8000bb46 (0x00004f17) x30 0x8000fb46
core   0: 0x8000bb4a (0x4a3f2d23) sw      gp, 1210(t5)
core   0: 3 0x8000bb4a (0x4a3f2d23) mem 0x80010000 0x00000001
core   0: 0x8000bb4e (0x0000bfe5) c.j     pc - 8
core   0: 3 0x8000bb4e (0xbfe5)
core   0: 0x8000bb46 (0x00004f17) auipc   t5, 0x4
core   0: 3 0x8000bb46 (0x00004f17) x30 0x8000fb46
core   0: 0x8000bb4a (0x4a3f2d23) sw      gp, 1210(t5)
core   0: 3 0x8000bb4a (0x4a3f2d23) mem 0x80010000 0x00000001
core   0: 0x8000bb4e (0x0000bfe5) c.j     pc - 8
core   0: 3 0x8000bb4e (0xbfe5)
core   0: 0x8000bb46 (0x00004f17) auipc   t5, 0x4
core   0: 3 0x8000bb46 (0x00004f17) x30 0x8000fb46
core   0: 0x8000bb4a (0x4a3f2d23) sw      gp, 1210(t5)
core   0: 3 0x8000bb4a (0x4a3f2d23) mem 0x80010000 0x00000001
core   0: 0x8000bb4e (0x0000bfe5) c.j     pc - 8
core   0: 3 0x8000bb4e (0xbfe5)
core   0: 0x8000bb46 (0x00004f17) auipc   t5, 0x4
core   0: 3 0x8000bb46 (0x00004f17) x30 0x8000fb46
core   0: 0x8000bb4a (0x4a3f2d23) sw      gp, 1210(t5)
core   0: 3 0x8000bb4a (0x4a3f2d23) mem 0x80010000 0x00000001
core   0: 0x8000bb4e (0x0000bfe5) c.j     pc - 8
core   0: 3 0x8000bb4e (0xbfe5)
core   0: 0x8000bb46 (0x00004f17) auipc   t5, 0x4
core   0: 3 0x8000bb46 (0x00004f17) x30 0x8000fb46
core   0: 0x8000bb4a (0x4a3f2d23) sw      gp, 1210(t5)
core   0: 3 0x8000bb4a (0x4a3f2d23) mem 0x80010000 0x00000001
core   0: 0x8000bb4e (0x0000bfe5) c.j     pc - 8
core   0: 3 0x8000bb4e (0xbfe5)
core   0: 0x8000bb46 (0x00004f17) auipc   t5, 0x4
core   0: 3 0x8000bb46 (0x00004f17) x30 0x8000fb46
core   0: 0x8000bb4a (0x4a3f2d23) sw      gp, 1210(t5)
core   0: 3 0x8000bb4a (0x4a3f2d23) mem 0x80010000 0x00000001
core   0: 0x8000bb4e (0x0000bfe5) c.j     pc - 8
core   0: 3 0x8000bb4e (0xbfe5)
core   0: 0x8000bb46 (0x00004f17) auipc   t5, 0x4
core   0: 3 0x8000bb46 (0x00004f17) x30 0x8000fb46
core   0: 0x8000bb4a (0x4a3f2d23) sw      gp, 1210(t5)
core   0: 3 0x8000bb4a (0x4a3f2d23) mem 0x80010000 0x00000001
core   0: 0x8000bb4e (0x0000bfe5) c.j     pc - 8
core   0: 3 0x8000bb4e (0xbfe5)
core   0: 0x8000bb46 (0x00004f17) auipc   t5, 0x4
core   0: 3 0x8000bb46 (0x00004f17) x30 0x8000fb46
core   0: 0x8000bb4a (0x4a3f2d23) sw      gp, 1210(t5)
core   0: 3 0x8000bb4a (0x4a3f2d23) mem 0x80010000 0x00000001
core   0: 0x8000bb4e (0x0000bfe5) c.j     pc - 8
core   0: 3 0x8000bb4e (0xbfe5)
core   0: 0x8000bb46 (0x00004f17) auipc   t5, 0x4
core   0: 3 0x8000bb46 (0x00004f17) x30 0x8000fb46
core   0: 0x8000bb4a (0x4a3f2d23) sw      gp, 1210(t5)
core   0: 3 0x8000bb4a (0x4a3f2d23) mem 0x80010000 0x00000001
core   0: 0x8000bb4e (0x0000bfe5) c.j     pc - 8
core   0: 3 0x8000bb4e (0xbfe5)
core   0: 0x8000bb46 (0x00004f17) auipc   t5, 0x4
core   0: 3 0x8000bb46 (0x00004f17) x30 0x8000fb46
core   0: 0x8000bb4a (0x4a3f2d23) sw      gp, 1210(t5)
core   0: 3 0x8000bb4a (0x4a3f2d23) mem 0x80010000 0x00000001
core   0: 0x8000bb4e (0x0000bfe5) c.j     pc - 8
core   0: 3 0x8000bb4e (0xbfe5)
core   0: 0x8000bb46 (0x00004f17) auipc   t5, 0x4
core   0: 3 0x8000bb46 (0x00004f17) x30 0x8000fb46
core   0: 0x8000bb4a (0x4a3f2d23) sw      gp, 1210(t5)
core   0: 3 0x8000bb4a (0x4a3f2d23) mem 0x80010000 0x00000001
core   0: 0x8000bb4e (0x0000bfe5) c.j     pc - 8
core   0: 3 0x8000bb4e (0xbfe5)
core   0: 0x8000bb46 (0x00004f17) auipc   t5, 0x4
core   0: 3 0x8000bb46 (0x00004f17) x30 0x8000fb46
core   0: 0x8000bb4a (0x4a3f2d23) sw      gp, 1210(t5)
core   0: 3 0x8000bb4a (0x4a3f2d23) mem 0x80010000 0x00000001
core   0: 0x8000bb4e (0x0000bfe5) c.j     pc - 8
core   0: 3 0x8000bb4e (0xbfe5)
core   0: 0x8000bb46 (0x00004f17) auipc   t5, 0x4
core   0: 3 0x8000bb46 (0x00004f17) x30 0x8000fb46
core   0: 0x8000bb4a (0x4a3f2d23) sw      gp, 1210(t5)
core   0: 3 0x8000bb4a (0x4a3f2d23) mem 0x80010000 0x00000001
core   0: 0x8000bb4e (0x0000bfe5) c.j     pc - 8
core   0: 3 0x8000bb4e (0xbfe5)
core   0: 0x8000bb46 (0x00004f17) auipc   t5, 0x4
core   0: 3 0x8000bb46 (0x00004f17) x30 0x8000fb46
core   0: 0x8000bb4a (0x4a3f2d23) sw      gp, 1210(t5)
core   0: 3 0x8000bb4a (0x4a3f2d23) mem 0x80010000 0x00000001
core   0: 0x8000bb4e (0x0000bfe5) c.j     pc - 8
core   0: 3 0x8000bb4e (0xbfe5)
core   0: 0x8000bb46 (0x00004f17) auipc   t5, 0x4
core   0: 3 0x8000bb46 (0x00004f17) x30 0x8000fb46
core   0: 0x8000bb4a (0x4a3f2d23) sw      gp, 1210(t5)
core   0: 3 0x8000bb4a (0x4a3f2d23) mem 0x80010000 0x00000001
core   0: 0x8000bb4e (0x0000bfe5) c.j     pc - 8
core   0: 3 0x8000bb4e (0xbfe5)
core   0: 0x8000bb46 (0x00004f17) auipc   t5, 0x4
core   0: 3 0x8000bb46 (0x00004f17) x30 0x8000fb46
core   0: 0x8000bb4a (0x4a3f2d23) sw      gp, 1210(t5)
core   0: 3 0x8000bb4a (0x4a3f2d23) mem 0x80010000 0x00000001
core   0: 0x8000bb4e (0x0000bfe5) c.j     pc - 8
core   0: 3 0x8000bb4e (0xbfe5)
core   0: 0x8000bb46 (0x00004f17) auipc   t5, 0x4
core   0: 3 0x8000bb46 (0x00004f17) x30 0x8000fb46
core   0: 0x8000bb4a (0x4a3f2d23) sw      gp, 1210(t5)
core   0: 3 0x8000bb4a (0x4a3f2d23) mem 0x80010000 0x00000001
core   0: 0x8000bb4e (0x0000bfe5) c.j     pc - 8
core   0: 3 0x8000bb4e (0xbfe5)
core   0: 0x8000bb46 (0x00004f17) auipc   t5, 0x4
core   0: 3 0x8000bb46 (0x00004f17) x30 0x8000fb46
core   0: 0x8000bb4a (0x4a3f2d23) sw      gp, 1210(t5)
core   0: 3 0x8000bb4a (0x4a3f2d23) mem 0x80010000 0x00000001
core   0: 0x8000bb4e (0x0000bfe5) c.j     pc - 8
core   0: 3 0x8000bb4e (0xbfe5)
core   0: 0x8000bb46 (0x00004f17) auipc   t5, 0x4
core   0: 3 0x8000bb46 (0x00004f17) x30 0x8000fb46
core   0: 0x8000bb4a (0x4a3f2d23) sw      gp, 1210(t5)
core   0: 3 0x8000bb4a (0x4a3f2d23) mem 0x80010000 0x00000001
core   0: 0x8000bb4e (0x0000bfe5) c.j     pc - 8
core   0: 3 0x8000bb4e (0xbfe5)
core   0: 0x8000bb46 (0x00004f17) auipc   t5, 0x4
core   0: 3 0x8000bb46 (0x00004f17) x30 0x8000fb46
core   0: 0x8000bb4a (0x4a3f2d23) sw      gp, 1210(t5)
core   0: 3 0x8000bb4a (0x4a3f2d23) mem 0x80010000 0x00000001
core   0: 0x8000bb4e (0x0000bfe5) c.j     pc - 8
core   0: 3 0x8000bb4e (0xbfe5)
core   0: 0x8000bb46 (0x00004f17) auipc   t5, 0x4
core   0: 3 0x8000bb46 (0x00004f17) x30 0x8000fb46
core   0: 0x8000bb4a (0x4a3f2d23) sw      gp, 1210(t5)
core   0: 3 0x8000bb4a (0x4a3f2d23) mem 0x80010000 0x00000001
core   0: 0x8000bb4e (0x0000bfe5) c.j     pc - 8
core   0: 3 0x8000bb4e (0xbfe5)
core   0: 0x8000bb46 (0x00004f17) auipc   t5, 0x4
core   0: 3 0x8000bb46 (0x00004f17) x30 0x8000fb46
core   0: 0x8000bb4a (0x4a3f2d23) sw      gp, 1210(t5)
core   0: 3 0x8000bb4a (0x4a3f2d23) mem 0x80010000 0x00000001
core   0: 0x8000bb4e (0x0000bfe5) c.j     pc - 8
core   0: 3 0x8000bb4e (0xbfe5)
core   0: 0x8000bb46 (0x00004f17) auipc   t5, 0x4
core   0: 3 0x8000bb46 (0x00004f17) x30 0x8000fb46
core   0: 0x8000bb4a (0x4a3f2d23) sw      gp, 1210(t5)
core   0: 3 0x8000bb4a (0x4a3f2d23) mem 0x80010000 0x00000001
core   0: 0x8000bb4e (0x0000bfe5) c.j     pc - 8
core   0: 3 0x8000bb4e (0xbfe5)
core   0: 0x8000bb46 (0x00004f17) auipc   t5, 0x4
core   0: 3 0x8000bb46 (0x00004f17) x30 0x8000fb46
core   0: 0x8000bb4a (0x4a3f2d23) sw      gp, 1210(t5)
core   0: 3 0x8000bb4a (0x4a3f2d23) mem 0x80010000 0x00000001
core   0: 0x8000bb4e (0x0000bfe5) c.j     pc - 8
core   0: 3 0x8000bb4e (0xbfe5)
core   0: 0x8000bb46 (0x00004f17) auipc   t5, 0x4
core   0: 3 0x8000bb46 (0x00004f17) x30 0x8000fb46
core   0: 0x8000bb4a (0x4a3f2d23) sw      gp, 1210(t5)
core   0: 3 0x8000bb4a (0x4a3f2d23) mem 0x80010000 0x00000001
core   0: 0x8000bb4e (0x0000bfe5) c.j     pc - 8
core   0: 3 0x8000bb4e (0xbfe5)
core   0: 0x8000bb46 (0x00004f17) auipc   t5, 0x4
core   0: 3 0x8000bb46 (0x00004f17) x30 0x8000fb46
core   0: 0x8000bb4a (0x4a3f2d23) sw      gp, 1210(t5)
core   0: 3 0x8000bb4a (0x4a3f2d23) mem 0x80010000 0x00000001
core   0: 0x8000bb4e (0x0000bfe5) c.j     pc - 8
core   0: 3 0x8000bb4e (0xbfe5)
core   0: 0x8000bb46 (0x00004f17) auipc   t5, 0x4
core   0: 3 0x8000bb46 (0x00004f17) x30 0x8000fb46
core   0: 0x8000bb4a (0x4a3f2d23) sw      gp, 1210(t5)
core   0: 3 0x8000bb4a (0x4a3f2d23) mem 0x80010000 0x00000001
core   0: 0x8000bb4e (0x0000bfe5) c.j     pc - 8
core   0: 3 0x8000bb4e (0xbfe5)
core   0: 0x8000bb46 (0x00004f17) auipc   t5, 0x4
core   0: 3 0x8000bb46 (0x00004f17) x30 0x8000fb46
core   0: 0x8000bb4a (0x4a3f2d23) sw      gp, 1210(t5)
core   0: 3 0x8000bb4a (0x4a3f2d23) mem 0x80010000 0x00000001
core   0: 0x8000bb4e (0x0000bfe5) c.j     pc - 8
core   0: 3 0x8000bb4e (0xbfe5)
core   0: 0x8000bb46 (0x00004f17) auipc   t5, 0x4
core   0: 3 0x8000bb46 (0x00004f17) x30 0x8000fb46
core   0: 0x8000bb4a (0x4a3f2d23) sw      gp, 1210(t5)
core   0: 3 0x8000bb4a (0x4a3f2d23) mem 0x80010000 0x00000001
core   0: 0x8000bb4e (0x0000bfe5) c.j     pc - 8
core   0: 3 0x8000bb4e (0xbfe5)
core   0: 0x8000bb46 (0x00004f17) auipc   t5, 0x4
core   0: 3 0x8000bb46 (0x00004f17) x30 0x8000fb46
core   0: 0x8000bb4a (0x4a3f2d23) sw      gp, 1210(t5)
core   0: 3 0x8000bb4a (0x4a3f2d23) mem 0x80010000 0x00000001
core   0: 0x8000bb4e (0x0000bfe5) c.j     pc - 8
core   0: 3 0x8000bb4e (0xbfe5)
core   0: 0x8000bb46 (0x00004f17) auipc   t5, 0x4
core   0: 3 0x8000bb46 (0x00004f17) x30 0x8000fb46
core   0: 0x8000bb4a (0x4a3f2d23) sw      gp, 1210(t5)
core   0: 3 0x8000bb4a (0x4a3f2d23) mem 0x80010000 0x00000001
core   0: 0x8000bb4e (0x0000bfe5) c.j     pc - 8
core   0: 3 0x8000bb4e (0xbfe5)
core   0: 0x8000bb46 (0x00004f17) auipc   t5, 0x4
core   0: 3 0x8000bb46 (0x00004f17) x30 0x8000fb46
core   0: 0x8000bb4a (0x4a3f2d23) sw      gp, 1210(t5)
core   0: 3 0x8000bb4a (0x4a3f2d23) mem 0x80010000 0x00000001
core   0: 0x8000bb4e (0x0000bfe5) c.j     pc - 8
core   0: 3 0x8000bb4e (0xbfe5)
core   0: 0x8000bb46 (0x00004f17) auipc   t5, 0x4
core   0: 3 0x8000bb46 (0x00004f17) x30 0x8000fb46
core   0: 0x8000bb4a (0x4a3f2d23) sw      gp, 1210(t5)
core   0: 3 0x8000bb4a (0x4a3f2d23) mem 0x80010000 0x00000001
core   0: 0x8000bb4e (0x0000bfe5) c.j     pc - 8
core   0: 3 0x8000bb4e (0xbfe5)
core   0: 0x8000bb46 (0x00004f17) auipc   t5, 0x4
core   0: 3 0x8000bb46 (0x00004f17) x30 0x8000fb46
core   0: 0x8000bb4a (0x4a3f2d23) sw      gp, 1210(t5)
core   0: 3 0x8000bb4a (0x4a3f2d23) mem 0x80010000 0x00000001
core   0: 0x8000bb4e (0x0000bfe5) c.j     pc - 8
core   0: 3 0x8000bb4e (0xbfe5)
core   0: 0x8000bb46 (0x00004f17) auipc   t5, 0x4
core   0: 3 0x8000bb46 (0x00004f17) x30 0x8000fb46
core   0: 0x8000bb4a (0x4a3f2d23) sw      gp, 1210(t5)
core   0: 3 0x8000bb4a (0x4a3f2d23) mem 0x80010000 0x00000001
core   0: 0x8000bb4e (0x0000bfe5) c.j     pc - 8
core   0: 3 0x8000bb4e (0xbfe5)
core   0: 0x8000bb46 (0x00004f17) auipc   t5, 0x4
core   0: 3 0x8000bb46 (0x00004f17) x30 0x8000fb46
core   0: 0x8000bb4a (0x4a3f2d23) sw      gp, 1210(t5)
core   0: 3 0x8000bb4a (0x4a3f2d23) mem 0x80010000 0x00000001
core   0: 0x8000bb4e (0x0000bfe5) c.j     pc - 8
core   0: 3 0x8000bb4e (0xbfe5)
core   0: 0x8000bb46 (0x00004f17) auipc   t5, 0x4
core   0: 3 0x8000bb46 (0x00004f17) x30 0x8000fb46
core   0: 0x8000bb4a (0x4a3f2d23) sw      gp, 1210(t5)
core   0: 3 0x8000bb4a (0x4a3f2d23) mem 0x80010000 0x00000001
core   0: 0x8000bb4e (0x0000bfe5) c.j     pc - 8
core   0: 3 0x8000bb4e (0xbfe5)
core   0: 0x8000bb46 (0x00004f17) auipc   t5, 0x4
core   0: 3 0x8000bb46 (0x00004f17) x30 0x8000fb46
core   0: 0x8000bb4a (0x4a3f2d23) sw      gp, 1210(t5)
core   0: 3 0x8000bb4a (0x4a3f2d23) mem 0x80010000 0x00000001
core   0: 0x8000bb4e (0x0000bfe5) c.j     pc - 8
core   0: 3 0x8000bb4e (0xbfe5)
core   0: 0x8000bb46 (0x00004f17) auipc   t5, 0x4
core   0: 3 0x8000bb46 (0x00004f17) x30 0x8000fb46
core   0: 0x8000bb4a (0x4a3f2d23) sw      gp, 1210(t5)
core   0: 3 0x8000bb4a (0x4a3f2d23) mem 0x80010000 0x00000001
core   0: 0x8000bb4e (0x0000bfe5) c.j     pc - 8
core   0: 3 0x8000bb4e (0xbfe5)
core   0: 0x8000bb46 (0x00004f17) auipc   t5, 0x4
core   0: 3 0x8000bb46 (0x00004f17) x30 0x8000fb46
core   0: 0x8000bb4a (0x4a3f2d23) sw      gp, 1210(t5)
core   0: 3 0x8000bb4a (0x4a3f2d23) mem 0x80010000 0x00000001
core   0: 0x8000bb4e (0x0000bfe5) c.j     pc - 8
core   0: 3 0x8000bb4e (0xbfe5)
core   0: 0x8000bb46 (0x00004f17) auipc   t5, 0x4
core   0: 3 0x8000bb46 (0x00004f17) x30 0x8000fb46
core   0: 0x8000bb4a (0x4a3f2d23) sw      gp, 1210(t5)
core   0: 3 0x8000bb4a (0x4a3f2d23) mem 0x80010000 0x00000001
core   0: 0x8000bb4e (0x0000bfe5) c.j     pc - 8
core   0: 3 0x8000bb4e (0xbfe5)
core   0: 0x8000bb46 (0x00004f17) auipc   t5, 0x4
core   0: 3 0x8000bb46 (0x00004f17) x30 0x8000fb46
core   0: 0x8000bb4a (0x4a3f2d23) sw      gp, 1210(t5)
core   0: 3 0x8000bb4a (0x4a3f2d23) mem 0x80010000 0x00000001
core   0: 0x8000bb4e (0x0000bfe5) c.j     pc - 8
core   0: 3 0x8000bb4e (0xbfe5)
core   0: 0x8000bb46 (0x00004f17) auipc   t5, 0x4
core   0: 3 0x8000bb46 (0x00004f17) x30 0x8000fb46
core   0: 0x8000bb4a (0x4a3f2d23) sw      gp, 1210(t5)
core   0: 3 0x8000bb4a (0x4a3f2d23) mem 0x80010000 0x00000001
core   0: 0x8000bb4e (0x0000bfe5) c.j     pc - 8
core   0: 3 0x8000bb4e (0xbfe5)
core   0: 0x8000bb46 (0x00004f17) auipc   t5, 0x4
core   0: 3 0x8000bb46 (0x00004f17) x30 0x8000fb46
core   0: 0x8000bb4a (0x4a3f2d23) sw      gp, 1210(t5)
core   0: 3 0x8000bb4a (0x4a3f2d23) mem 0x80010000 0x00000001
core   0: 0x8000bb4e (0x0000bfe5) c.j     pc - 8
core   0: 3 0x8000bb4e (0xbfe5)
core   0: 0x8000bb46 (0x00004f17) auipc   t5, 0x4
core   0: 3 0x8000bb46 (0x00004f17) x30 0x8000fb46
core   0: 0x8000bb4a (0x4a3f2d23) sw      gp, 1210(t5)
core   0: 3 0x8000bb4a (0x4a3f2d23) mem 0x80010000 0x00000001
core   0: 0x8000bb4e (0x0000bfe5) c.j     pc - 8
core   0: 3 0x8000bb4e (0xbfe5)
core   0: 0x8000bb46 (0x00004f17) auipc   t5, 0x4
core   0: 3 0x8000bb46 (0x00004f17) x30 0x8000fb46
core   0: 0x8000bb4a (0x4a3f2d23) sw      gp, 1210(t5)
core   0: 3 0x8000bb4a (0x4a3f2d23) mem 0x80010000 0x00000001
core   0: 0x8000bb4e (0x0000bfe5) c.j     pc - 8
core   0: 3 0x8000bb4e (0xbfe5)
core   0: 0x8000bb46 (0x00004f17) auipc   t5, 0x4
core   0: 3 0x8000bb46 (0x00004f17) x30 0x8000fb46
core   0: 0x8000bb4a (0x4a3f2d23) sw      gp, 1210(t5)
core   0: 3 0x8000bb4a (0x4a3f2d23) mem 0x80010000 0x00000001
core   0: 0x8000bb4e (0x0000bfe5) c.j     pc - 8
core   0: 3 0x8000bb4e (0xbfe5)
core   0: 0x8000bb46 (0x00004f17) auipc   t5, 0x4
core   0: 3 0x8000bb46 (0x00004f17) x30 0x8000fb46
core   0: 0x8000bb4a (0x4a3f2d23) sw      gp, 1210(t5)
core   0: 3 0x8000bb4a (0x4a3f2d23) mem 0x80010000 0x00000001
core   0: 0x8000bb4e (0x0000bfe5) c.j     pc - 8
core   0: 3 0x8000bb4e (0xbfe5)
core   0: 0x8000bb46 (0x00004f17) auipc   t5, 0x4
core   0: 3 0x8000bb46 (0x00004f17) x30 0x8000fb46
core   0: 0x8000bb4a (0x4a3f2d23) sw      gp, 1210(t5)
core   0: 3 0x8000bb4a (0x4a3f2d23) mem 0x80010000 0x00000001
core   0: 0x8000bb4e (0x0000bfe5) c.j     pc - 8
core   0: 3 0x8000bb4e (0xbfe5)
core   0: 0x8000bb46 (0x00004f17) auipc   t5, 0x4
core   0: 3 0x8000bb46 (0x00004f17) x30 0x8000fb46
core   0: 0x8000bb4a (0x4a3f2d23) sw      gp, 1210(t5)
core   0: 3 0x8000bb4a (0x4a3f2d23) mem 0x80010000 0x00000001
core   0: 0x8000bb4e (0x0000bfe5) c.j     pc - 8
core   0: 3 0x8000bb4e (0xbfe5)
core   0: 0x8000bb46 (0x00004f17) auipc   t5, 0x4
core   0: 3 0x8000bb46 (0x00004f17) x30 0x8000fb46
core   0: 0x8000bb4a (0x4a3f2d23) sw      gp, 1210(t5)
core   0: 3 0x8000bb4a (0x4a3f2d23) mem 0x80010000 0x00000001
core   0: 0x8000bb4e (0x0000bfe5) c.j     pc - 8
core   0: 3 0x8000bb4e (0xbfe5)
core   0: 0x8000bb46 (0x00004f17) auipc   t5, 0x4
core   0: 3 0x8000bb46 (0x00004f17) x30 0x8000fb46
core   0: 0x8000bb4a (0x4a3f2d23) sw      gp, 1210(t5)
core   0: 3 0x8000bb4a (0x4a3f2d23) mem 0x80010000 0x00000001
core   0: 0x8000bb4e (0x0000bfe5) c.j     pc - 8
core   0: 3 0x8000bb4e (0xbfe5)
core   0: 0x8000bb46 (0x00004f17) auipc   t5, 0x4
core   0: 3 0x8000bb46 (0x00004f17) x30 0x8000fb46
core   0: 0x8000bb4a (0x4a3f2d23) sw      gp, 1210(t5)
core   0: 3 0x8000bb4a (0x4a3f2d23) mem 0x80010000 0x00000001
core   0: 0x8000bb4e (0x0000bfe5) c.j     pc - 8
core   0: 3 0x8000bb4e (0xbfe5)
core   0: 0x8000bb46 (0x00004f17) auipc   t5, 0x4
core   0: 3 0x8000bb46 (0x00004f17) x30 0x8000fb46
core   0: 0x8000bb4a (0x4a3f2d23) sw      gp, 1210(t5)
core   0: 3 0x8000bb4a (0x4a3f2d23) mem 0x80010000 0x00000001
core   0: 0x8000bb4e (0x0000bfe5) c.j     pc - 8
core   0: 3 0x8000bb4e (0xbfe5)
core   0: 0x8000bb46 (0x00004f17) auipc   t5, 0x4
core   0: 3 0x8000bb46 (0x00004f17) x30 0x8000fb46
core   0: 0x8000bb4a (0x4a3f2d23) sw      gp, 1210(t5)
core   0: 3 0x8000bb4a (0x4a3f2d23) mem 0x80010000 0x00000001
core   0: 0x8000bb4e (0x0000bfe5) c.j     pc - 8
core   0: 3 0x8000bb4e (0xbfe5)
core   0: 0x8000bb46 (0x00004f17) auipc   t5, 0x4
core   0: 3 0x8000bb46 (0x00004f17) x30 0x8000fb46
core   0: 0x8000bb4a (0x4a3f2d23) sw      gp, 1210(t5)
core   0: 3 0x8000bb4a (0x4a3f2d23) mem 0x80010000 0x00000001
core   0: 0x8000bb4e (0x0000bfe5) c.j     pc - 8
core   0: 3 0x8000bb4e (0xbfe5)
core   0: 0x8000bb46 (0x00004f17) auipc   t5, 0x4
core   0: 3 0x8000bb46 (0x00004f17) x30 0x8000fb46
core   0: 0x8000bb4a (0x4a3f2d23) sw      gp, 1210(t5)
core   0: 3 0x8000bb4a (0x4a3f2d23) mem 0x80010000 0x00000001
core   0: 0x8000bb4e (0x0000bfe5) c.j     pc - 8
core   0: 3 0x8000bb4e (0xbfe5)
core   0: 0x8000bb46 (0x00004f17) auipc   t5, 0x4
core   0: 3 0x8000bb46 (0x00004f17) x30 0x8000fb46
core   0: 0x8000bb4a (0x4a3f2d23) sw      gp, 1210(t5)
core   0: 3 0x8000bb4a (0x4a3f2d23) mem 0x80010000 0x00000001
core   0: 0x8000bb4e (0x0000bfe5) c.j     pc - 8
core   0: 3 0x8000bb4e (0xbfe5)
core   0: 0x8000bb46 (0x00004f17) auipc   t5, 0x4
core   0: 3 0x8000bb46 (0x00004f17) x30 0x8000fb46
core   0: 0x8000bb4a (0x4a3f2d23) sw      gp, 1210(t5)
core   0: 3 0x8000bb4a (0x4a3f2d23) mem 0x80010000 0x00000001
core   0: 0x8000bb4e (0x0000bfe5) c.j     pc - 8
core   0: 3 0x8000bb4e (0xbfe5)
core   0: 0x8000bb46 (0x00004f17) auipc   t5, 0x4
core   0: 3 0x8000bb46 (0x00004f17) x30 0x8000fb46
core   0: 0x8000bb4a (0x4a3f2d23) sw      gp, 1210(t5)
core   0: 3 0x8000bb4a (0x4a3f2d23) mem 0x80010000 0x00000001
core   0: 0x8000bb4e (0x0000bfe5) c.j     pc - 8
core   0: 3 0x8000bb4e (0xbfe5)
core   0: 0x8000bb46 (0x00004f17) auipc   t5, 0x4
core   0: 3 0x8000bb46 (0x00004f17) x30 0x8000fb46
core   0: 0x8000bb4a (0x4a3f2d23) sw      gp, 1210(t5)
core   0: 3 0x8000bb4a (0x4a3f2d23) mem 0x80010000 0x00000001
core   0: 0x8000bb4e (0x0000bfe5) c.j     pc - 8
core   0: 3 0x8000bb4e (0xbfe5)
core   0: 0x8000bb46 (0x00004f17) auipc   t5, 0x4
core   0: 3 0x8000bb46 (0x00004f17) x30 0x8000fb46
core   0: 0x8000bb4a (0x4a3f2d23) sw      gp, 1210(t5)
core   0: 3 0x8000bb4a (0x4a3f2d23) mem 0x80010000 0x00000001
core   0: 0x8000bb4e (0x0000bfe5) c.j     pc - 8
core   0: 3 0x8000bb4e (0xbfe5)
core   0: 0x8000bb46 (0x00004f17) auipc   t5, 0x4
core   0: 3 0x8000bb46 (0x00004f17) x30 0x8000fb46
core   0: 0x8000bb4a (0x4a3f2d23) sw      gp, 1210(t5)
core   0: 3 0x8000bb4a (0x4a3f2d23) mem 0x80010000 0x00000001
core   0: 0x8000bb4e (0x0000bfe5) c.j     pc - 8
core   0: 3 0x8000bb4e (0xbfe5)
core   0: 0x8000bb46 (0x00004f17) auipc   t5, 0x4
core   0: 3 0x8000bb46 (0x00004f17) x30 0x8000fb46
core   0: 0x8000bb4a (0x4a3f2d23) sw      gp, 1210(t5)
core   0: 3 0x8000bb4a (0x4a3f2d23) mem 0x80010000 0x00000001
core   0: 0x8000bb4e (0x0000bfe5) c.j     pc - 8
core   0: 3 0x8000bb4e (0xbfe5)
core   0: 0x8000bb46 (0x00004f17) auipc   t5, 0x4
core   0: 3 0x8000bb46 (0x00004f17) x30 0x8000fb46
core   0: 0x8000bb4a (0x4a3f2d23) sw      gp, 1210(t5)
core   0: 3 0x8000bb4a (0x4a3f2d23) mem 0x80010000 0x00000001
core   0: 0x8000bb4e (0x0000bfe5) c.j     pc - 8
core   0: 3 0x8000bb4e (0xbfe5)
core   0: 0x8000bb46 (0x00004f17) auipc   t5, 0x4
core   0: 3 0x8000bb46 (0x00004f17) x30 0x8000fb46
core   0: 0x8000bb4a (0x4a3f2d23) sw      gp, 1210(t5)
core   0: 3 0x8000bb4a (0x4a3f2d23) mem 0x80010000 0x00000001
core   0: 0x8000bb4e (0x0000bfe5) c.j     pc - 8
core   0: 3 0x8000bb4e (0xbfe5)
core   0: 0x8000bb46 (0x00004f17) auipc   t5, 0x4
core   0: 3 0x8000bb46 (0x00004f17) x30 0x8000fb46
core   0: 0x8000bb4a (0x4a3f2d23) sw      gp, 1210(t5)
core   0: 3 0x8000bb4a (0x4a3f2d23) mem 0x80010000 0x00000001
core   0: 0x8000bb4e (0x0000bfe5) c.j     pc - 8
core   0: 3 0x8000bb4e (0xbfe5)
core   0: 0x8000bb46 (0x00004f17) auipc   t5, 0x4
core   0: 3 0x8000bb46 (0x00004f17) x30 0x8000fb46
core   0: 0x8000bb4a (0x4a3f2d23) sw      gp, 1210(t5)
core   0: 3 0x8000bb4a (0x4a3f2d23) mem 0x80010000 0x00000001
core   0: 0x8000bb4e (0x0000bfe5) c.j     pc - 8
core   0: 3 0x8000bb4e (0xbfe5)
core   0: 0x8000bb46 (0x00004f17) auipc   t5, 0x4
core   0: 3 0x8000bb46 (0x00004f17) x30 0x8000fb46
core   0: 0x8000bb4a (0x4a3f2d23) sw      gp, 1210(t5)
core   0: 3 0x8000bb4a (0x4a3f2d23) mem 0x80010000 0x00000001
core   0: 0x8000bb4e (0x0000bfe5) c.j     pc - 8
core   0: 3 0x8000bb4e (0xbfe5)
core   0: 0x8000bb46 (0x00004f17) auipc   t5, 0x4
core   0: 3 0x8000bb46 (0x00004f17) x30 0x8000fb46
core   0: 0x8000bb4a (0x4a3f2d23) sw      gp, 1210(t5)
core   0: 3 0x8000bb4a (0x4a3f2d23) mem 0x80010000 0x00000001
core   0: 0x8000bb4e (0x0000bfe5) c.j     pc - 8
core   0: 3 0x8000bb4e (0xbfe5)
core   0: 0x8000bb46 (0x00004f17) auipc   t5, 0x4
core   0: 3 0x8000bb46 (0x00004f17) x30 0x8000fb46
core   0: 0x8000bb4a (0x4a3f2d23) sw      gp, 1210(t5)
core   0: 3 0x8000bb4a (0x4a3f2d23) mem 0x80010000 0x00000001
core   0: 0x8000bb4e (0x0000bfe5) c.j     pc - 8
core   0: 3 0x8000bb4e (0xbfe5)
core   0: 0x8000bb46 (0x00004f17) auipc   t5, 0x4
core   0: 3 0x8000bb46 (0x00004f17) x30 0x8000fb46
core   0: 0x8000bb4a (0x4a3f2d23) sw      gp, 1210(t5)
core   0: 3 0x8000bb4a (0x4a3f2d23) mem 0x80010000 0x00000001
core   0: 0x8000bb4e (0x0000bfe5) c.j     pc - 8
core   0: 3 0x8000bb4e (0xbfe5)
core   0: 0x8000bb46 (0x00004f17) auipc   t5, 0x4
core   0: 3 0x8000bb46 (0x00004f17) x30 0x8000fb46
core   0: 0x8000bb4a (0x4a3f2d23) sw      gp, 1210(t5)
core   0: 3 0x8000bb4a (0x4a3f2d23) mem 0x80010000 0x00000001
core   0: 0x8000bb4e (0x0000bfe5) c.j     pc - 8
core   0: 3 0x8000bb4e (0xbfe5)
core   0: 0x8000bb46 (0x00004f17) auipc   t5, 0x4
core   0: 3 0x8000bb46 (0x00004f17) x30 0x8000fb46
core   0: 0x8000bb4a (0x4a3f2d23) sw      gp, 1210(t5)
core   0: 3 0x8000bb4a (0x4a3f2d23) mem 0x80010000 0x00000001
core   0: 0x8000bb4e (0x0000bfe5) c.j     pc - 8
core   0: 3 0x8000bb4e (0xbfe5)
core   0: 0x8000bb46 (0x00004f17) auipc   t5, 0x4
core   0: 3 0x8000bb46 (0x00004f17) x30 0x8000fb46
core   0: 0x8000bb4a (0x4a3f2d23) sw      gp, 1210(t5)
core   0: 3 0x8000bb4a (0x4a3f2d23) mem 0x80010000 0x00000001
core   0: 0x8000bb4e (0x0000bfe5) c.j     pc - 8
core   0: 3 0x8000bb4e (0xbfe5)
core   0: 0x8000bb46 (0x00004f17) auipc   t5, 0x4
core   0: 3 0x8000bb46 (0x00004f17) x30 0x8000fb46
core   0: 0x8000bb4a (0x4a3f2d23) sw      gp, 1210(t5)
core   0: 3 0x8000bb4a (0x4a3f2d23) mem 0x80010000 0x00000001
core   0: 0x8000bb4e (0x0000bfe5) c.j     pc - 8
core   0: 3 0x8000bb4e (0xbfe5)
core   0: 0x8000bb46 (0x00004f17) auipc   t5, 0x4
core   0: 3 0x8000bb46 (0x00004f17) x30 0x8000fb46
core   0: 0x8000bb4a (0x4a3f2d23) sw      gp, 1210(t5)
core   0: 3 0x8000bb4a (0x4a3f2d23) mem 0x80010000 0x00000001
core   0: 0x8000bb4e (0x0000bfe5) c.j     pc - 8
core   0: 3 0x8000bb4e (0xbfe5)
core   0: 0x8000bb46 (0x00004f17) auipc   t5, 0x4
core   0: 3 0x8000bb46 (0x00004f17) x30 0x8000fb46
core   0: 0x8000bb4a (0x4a3f2d23) sw      gp, 1210(t5)
core   0: 3 0x8000bb4a (0x4a3f2d23) mem 0x80010000 0x00000001
core   0: 0x8000bb4e (0x0000bfe5) c.j     pc - 8
core   0: 3 0x8000bb4e (0xbfe5)
core   0: 0x8000bb46 (0x00004f17) auipc   t5, 0x4
core   0: 3 0x8000bb46 (0x00004f17) x30 0x8000fb46
core   0: 0x8000bb4a (0x4a3f2d23) sw      gp, 1210(t5)
core   0: 3 0x8000bb4a (0x4a3f2d23) mem 0x80010000 0x00000001
core   0: 0x8000bb4e (0x0000bfe5) c.j     pc - 8
core   0: 3 0x8000bb4e (0xbfe5)
core   0: 0x8000bb46 (0x00004f17) auipc   t5, 0x4
core   0: 3 0x8000bb46 (0x00004f17) x30 0x8000fb46
core   0: 0x8000bb4a (0x4a3f2d23) sw      gp, 1210(t5)
core   0: 3 0x8000bb4a (0x4a3f2d23) mem 0x80010000 0x00000001
core   0: 0x8000bb4e (0x0000bfe5) c.j     pc - 8
core   0: 3 0x8000bb4e (0xbfe5)
core   0: 0x8000bb46 (0x00004f17) auipc   t5, 0x4
core   0: 3 0x8000bb46 (0x00004f17) x30 0x8000fb46
core   0: 0x8000bb4a (0x4a3f2d23) sw      gp, 1210(t5)
core   0: 3 0x8000bb4a (0x4a3f2d23) mem 0x80010000 0x00000001
core   0: 0x8000bb4e (0x0000bfe5) c.j     pc - 8
core   0: 3 0x8000bb4e (0xbfe5)
core   0: 0x8000bb46 (0x00004f17) auipc   t5, 0x4
core   0: 3 0x8000bb46 (0x00004f17) x30 0x8000fb46
core   0: 0x8000bb4a (0x4a3f2d23) sw      gp, 1210(t5)
core   0: 3 0x8000bb4a (0x4a3f2d23) mem 0x80010000 0x00000001
core   0: 0x8000bb4e (0x0000bfe5) c.j     pc - 8
core   0: 3 0x8000bb4e (0xbfe5)
core   0: 0x8000bb46 (0x00004f17) auipc   t5, 0x4
core   0: 3 0x8000bb46 (0x00004f17) x30 0x8000fb46
core   0: 0x8000bb4a (0x4a3f2d23) sw      gp, 1210(t5)
core   0: 3 0x8000bb4a (0x4a3f2d23) mem 0x80010000 0x00000001
core   0: 0x8000bb4e (0x0000bfe5) c.j     pc - 8
core   0: 3 0x8000bb4e (0xbfe5)
core   0: 0x8000bb46 (0x00004f17) auipc   t5, 0x4
core   0: 3 0x8000bb46 (0x00004f17) x30 0x8000fb46
core   0: 0x8000bb4a (0x4a3f2d23) sw      gp, 1210(t5)
core   0: 3 0x8000bb4a (0x4a3f2d23) mem 0x80010000 0x00000001
core   0: 0x8000bb4e (0x0000bfe5) c.j     pc - 8
core   0: 3 0x8000bb4e (0xbfe5)
core   0: 0x8000bb46 (0x00004f17) auipc   t5, 0x4
core   0: 3 0x8000bb46 (0x00004f17) x30 0x8000fb46
core   0: 0x8000bb4a (0x4a3f2d23) sw      gp, 1210(t5)
core   0: 3 0x8000bb4a (0x4a3f2d23) mem 0x80010000 0x00000001
core   0: 0x8000bb4e (0x0000bfe5) c.j     pc - 8
core   0: 3 0x8000bb4e (0xbfe5)
core   0: 0x8000bb46 (0x00004f17) auipc   t5, 0x4
core   0: 3 0x8000bb46 (0x00004f17) x30 0x8000fb46
core   0: 0x8000bb4a (0x4a3f2d23) sw      gp, 1210(t5)
core   0: 3 0x8000bb4a (0x4a3f2d23) mem 0x80010000 0x00000001
core   0: 0x8000bb4e (0x0000bfe5) c.j     pc - 8
core   0: 3 0x8000bb4e (0xbfe5)
core   0: 0x8000bb46 (0x00004f17) auipc   t5, 0x4
core   0: 3 0x8000bb46 (0x00004f17) x30 0x8000fb46
core   0: 0x8000bb4a (0x4a3f2d23) sw      gp, 1210(t5)
core   0: 3 0x8000bb4a (0x4a3f2d23) mem 0x80010000 0x00000001
core   0: 0x8000bb4e (0x0000bfe5) c.j     pc - 8
core   0: 3 0x8000bb4e (0xbfe5)
core   0: 0x8000bb46 (0x00004f17) auipc   t5, 0x4
core   0: 3 0x8000bb46 (0x00004f17) x30 0x8000fb46
core   0: 0x8000bb4a (0x4a3f2d23) sw      gp, 1210(t5)
core   0: 3 0x8000bb4a (0x4a3f2d23) mem 0x80010000 0x00000001
core   0: 0x8000bb4e (0x0000bfe5) c.j     pc - 8
core   0: 3 0x8000bb4e (0xbfe5)
core   0: 0x8000bb46 (0x00004f17) auipc   t5, 0x4
core   0: 3 0x8000bb46 (0x00004f17) x30 0x8000fb46
core   0: 0x8000bb4a (0x4a3f2d23) sw      gp, 1210(t5)
core   0: 3 0x8000bb4a (0x4a3f2d23) mem 0x80010000 0x00000001
core   0: 0x8000bb4e (0x0000bfe5) c.j     pc - 8
core   0: 3 0x8000bb4e (0xbfe5)
core   0: 0x8000bb46 (0x00004f17) auipc   t5, 0x4
core   0: 3 0x8000bb46 (0x00004f17) x30 0x8000fb46
core   0: 0x8000bb4a (0x4a3f2d23) sw      gp, 1210(t5)
core   0: 3 0x8000bb4a (0x4a3f2d23) mem 0x80010000 0x00000001
core   0: 0x8000bb4e (0x0000bfe5) c.j     pc - 8
core   0: 3 0x8000bb4e (0xbfe5)
core   0: 0x8000bb46 (0x00004f17) auipc   t5, 0x4
core   0: 3 0x8000bb46 (0x00004f17) x30 0x8000fb46
core   0: 0x8000bb4a (0x4a3f2d23) sw      gp, 1210(t5)
core   0: 3 0x8000bb4a (0x4a3f2d23) mem 0x80010000 0x00000001
core   0: 0x8000bb4e (0x0000bfe5) c.j     pc - 8
core   0: 3 0x8000bb4e (0xbfe5)
core   0: 0x8000bb46 (0x00004f17) auipc   t5, 0x4
core   0: 3 0x8000bb46 (0x00004f17) x30 0x8000fb46
core   0: 0x8000bb4a (0x4a3f2d23) sw      gp, 1210(t5)
core   0: 3 0x8000bb4a (0x4a3f2d23) mem 0x80010000 0x00000001
core   0: 0x8000bb4e (0x0000bfe5) c.j     pc - 8
core   0: 3 0x8000bb4e (0xbfe5)
core   0: 0x8000bb46 (0x00004f17) auipc   t5, 0x4
core   0: 3 0x8000bb46 (0x00004f17) x30 0x8000fb46
core   0: 0x8000bb4a (0x4a3f2d23) sw      gp, 1210(t5)
core   0: 3 0x8000bb4a (0x4a3f2d23) mem 0x80010000 0x00000001
core   0: 0x8000bb4e (0x0000bfe5) c.j     pc - 8
core   0: 3 0x8000bb4e (0xbfe5)
core   0: 0x8000bb46 (0x00004f17) auipc   t5, 0x4
core   0: 3 0x8000bb46 (0x00004f17) x30 0x8000fb46
core   0: 0x8000bb4a (0x4a3f2d23) sw      gp, 1210(t5)
core   0: 3 0x8000bb4a (0x4a3f2d23) mem 0x80010000 0x00000001
core   0: 0x8000bb4e (0x0000bfe5) c.j     pc - 8
core   0: 3 0x8000bb4e (0xbfe5)
core   0: 0x8000bb46 (0x00004f17) auipc   t5, 0x4
core   0: 3 0x8000bb46 (0x00004f17) x30 0x8000fb46
core   0: 0x8000bb4a (0x4a3f2d23) sw      gp, 1210(t5)
core   0: 3 0x8000bb4a (0x4a3f2d23) mem 0x80010000 0x00000001
core   0: 0x8000bb4e (0x0000bfe5) c.j     pc - 8
core   0: 3 0x8000bb4e (0xbfe5)
core   0: 0x8000bb46 (0x00004f17) auipc   t5, 0x4
core   0: 3 0x8000bb46 (0x00004f17) x30 0x8000fb46
core   0: 0x8000bb4a (0x4a3f2d23) sw      gp, 1210(t5)
core   0: 3 0x8000bb4a (0x4a3f2d23) mem 0x80010000 0x00000001
core   0: 0x8000bb4e (0x0000bfe5) c.j     pc - 8
core   0: 3 0x8000bb4e (0xbfe5)
core   0: 0x8000bb46 (0x00004f17) auipc   t5, 0x4
core   0: 3 0x8000bb46 (0x00004f17) x30 0x8000fb46
core   0: 0x8000bb4a (0x4a3f2d23) sw      gp, 1210(t5)
core   0: 3 0x8000bb4a (0x4a3f2d23) mem 0x80010000 0x00000001
core   0: 0x8000bb4e (0x0000bfe5) c.j     pc - 8
core   0: 3 0x8000bb4e (0xbfe5)
core   0: 0x8000bb46 (0x00004f17) auipc   t5, 0x4
core   0: 3 0x8000bb46 (0x00004f17) x30 0x8000fb46
core   0: 0x8000bb4a (0x4a3f2d23) sw      gp, 1210(t5)
core   0: 3 0x8000bb4a (0x4a3f2d23) mem 0x80010000 0x00000001
core   0: 0x8000bb4e (0x0000bfe5) c.j     pc - 8
core   0: 3 0x8000bb4e (0xbfe5)
core   0: 0x8000bb46 (0x00004f17) auipc   t5, 0x4
core   0: 3 0x8000bb46 (0x00004f17) x30 0x8000fb46
core   0: 0x8000bb4a (0x4a3f2d23) sw      gp, 1210(t5)
core   0: 3 0x8000bb4a (0x4a3f2d23) mem 0x80010000 0x00000001
core   0: 0x8000bb4e (0x0000bfe5) c.j     pc - 8
core   0: 3 0x8000bb4e (0xbfe5)
core   0: 0x8000bb46 (0x00004f17) auipc   t5, 0x4
core   0: 3 0x8000bb46 (0x00004f17) x30 0x8000fb46
core   0: 0x8000bb4a (0x4a3f2d23) sw      gp, 1210(t5)
core   0: 3 0x8000bb4a (0x4a3f2d23) mem 0x80010000 0x00000001
core   0: 0x8000bb4e (0x0000bfe5) c.j     pc - 8
core   0: 3 0x8000bb4e (0xbfe5)
core   0: 0x8000bb46 (0x00004f17) auipc   t5, 0x4
core   0: 3 0x8000bb46 (0x00004f17) x30 0x8000fb46
core   0: 0x8000bb4a (0x4a3f2d23) sw      gp, 1210(t5)
core   0: 3 0x8000bb4a (0x4a3f2d23) mem 0x80010000 0x00000001
core   0: 0x8000bb4e (0x0000bfe5) c.j     pc - 8
core   0: 3 0x8000bb4e (0xbfe5)
core   0: 0x8000bb46 (0x00004f17) auipc   t5, 0x4
core   0: 3 0x8000bb46 (0x00004f17) x30 0x8000fb46
core   0: 0x8000bb4a (0x4a3f2d23) sw      gp, 1210(t5)
core   0: 3 0x8000bb4a (0x4a3f2d23) mem 0x80010000 0x00000001
core   0: 0x8000bb4e (0x0000bfe5) c.j     pc - 8
core   0: 3 0x8000bb4e (0xbfe5)
core   0: 0x8000bb46 (0x00004f17) auipc   t5, 0x4
core   0: 3 0x8000bb46 (0x00004f17) x30 0x8000fb46
core   0: 0x8000bb4a (0x4a3f2d23) sw      gp, 1210(t5)
core   0: 3 0x8000bb4a (0x4a3f2d23) mem 0x80010000 0x00000001
core   0: 0x8000bb4e (0x0000bfe5) c.j     pc - 8
core   0: 3 0x8000bb4e (0xbfe5)
core   0: 0x8000bb46 (0x00004f17) auipc   t5, 0x4
core   0: 3 0x8000bb46 (0x00004f17) x30 0x8000fb46
core   0: 0x8000bb4a (0x4a3f2d23) sw      gp, 1210(t5)
core   0: 3 0x8000bb4a (0x4a3f2d23) mem 0x80010000 0x00000001
core   0: 0x8000bb4e (0x0000bfe5) c.j     pc - 8
core   0: 3 0x8000bb4e (0xbfe5)
core   0: 0x8000bb46 (0x00004f17) auipc   t5, 0x4
core   0: 3 0x8000bb46 (0x00004f17) x30 0x8000fb46
core   0: 0x8000bb4a (0x4a3f2d23) sw      gp, 1210(t5)
core   0: 3 0x8000bb4a (0x4a3f2d23) mem 0x80010000 0x00000001
core   0: 0x8000bb4e (0x0000bfe5) c.j     pc - 8
core   0: 3 0x8000bb4e (0xbfe5)
core   0: 0x8000bb46 (0x00004f17) auipc   t5, 0x4
core   0: 3 0x8000bb46 (0x00004f17) x30 0x8000fb46
core   0: 0x8000bb4a (0x4a3f2d23) sw      gp, 1210(t5)
core   0: 3 0x8000bb4a (0x4a3f2d23) mem 0x80010000 0x00000001
core   0: 0x8000bb4e (0x0000bfe5) c.j     pc - 8
core   0: 3 0x8000bb4e (0xbfe5)
core   0: 0x8000bb46 (0x00004f17) auipc   t5, 0x4
core   0: 3 0x8000bb46 (0x00004f17) x30 0x8000fb46
core   0: 0x8000bb4a (0x4a3f2d23) sw      gp, 1210(t5)
core   0: 3 0x8000bb4a (0x4a3f2d23) mem 0x80010000 0x00000001
core   0: 0x8000bb4e (0x0000bfe5) c.j     pc - 8
core   0: 3 0x8000bb4e (0xbfe5)
core   0: 0x8000bb46 (0x00004f17) auipc   t5, 0x4
core   0: 3 0x8000bb46 (0x00004f17) x30 0x8000fb46
core   0: 0x8000bb4a (0x4a3f2d23) sw      gp, 1210(t5)
core   0: 3 0x8000bb4a (0x4a3f2d23) mem 0x80010000 0x00000001
core   0: 0x8000bb4e (0x0000bfe5) c.j     pc - 8
core   0: 3 0x8000bb4e (0xbfe5)
core   0: 0x8000bb46 (0x00004f17) auipc   t5, 0x4
core   0: 3 0x8000bb46 (0x00004f17) x30 0x8000fb46
core   0: 0x8000bb4a (0x4a3f2d23) sw      gp, 1210(t5)
core   0: 3 0x8000bb4a (0x4a3f2d23) mem 0x80010000 0x00000001
core   0: 0x8000bb4e (0x0000bfe5) c.j     pc - 8
core   0: 3 0x8000bb4e (0xbfe5)
core   0: 0x8000bb46 (0x00004f17) auipc   t5, 0x4
core   0: 3 0x8000bb46 (0x00004f17) x30 0x8000fb46
core   0: 0x8000bb4a (0x4a3f2d23) sw      gp, 1210(t5)
core   0: 3 0x8000bb4a (0x4a3f2d23) mem 0x80010000 0x00000001
core   0: 0x8000bb4e (0x0000bfe5) c.j     pc - 8
core   0: 3 0x8000bb4e (0xbfe5)
core   0: 0x8000bb46 (0x00004f17) auipc   t5, 0x4
core   0: 3 0x8000bb46 (0x00004f17) x30 0x8000fb46
core   0: 0x8000bb4a (0x4a3f2d23) sw      gp, 1210(t5)
core   0: 3 0x8000bb4a (0x4a3f2d23) mem 0x80010000 0x00000001
core   0: 0x8000bb4e (0x0000bfe5) c.j     pc - 8
core   0: 3 0x8000bb4e (0xbfe5)
core   0: 0x8000bb46 (0x00004f17) auipc   t5, 0x4
core   0: 3 0x8000bb46 (0x00004f17) x30 0x8000fb46
core   0: 0x8000bb4a (0x4a3f2d23) sw      gp, 1210(t5)
core   0: 3 0x8000bb4a (0x4a3f2d23) mem 0x80010000 0x00000001
core   0: 0x8000bb4e (0x0000bfe5) c.j     pc - 8
core   0: 3 0x8000bb4e (0xbfe5)
core   0: 0x8000bb46 (0x00004f17) auipc   t5, 0x4
core   0: 3 0x8000bb46 (0x00004f17) x30 0x8000fb46
core   0: 0x8000bb4a (0x4a3f2d23) sw      gp, 1210(t5)
core   0: 3 0x8000bb4a (0x4a3f2d23) mem 0x80010000 0x00000001
core   0: 0x8000bb4e (0x0000bfe5) c.j     pc - 8
core   0: 3 0x8000bb4e (0xbfe5)
core   0: 0x8000bb46 (0x00004f17) auipc   t5, 0x4
core   0: 3 0x8000bb46 (0x00004f17) x30 0x8000fb46
core   0: 0x8000bb4a (0x4a3f2d23) sw      gp, 1210(t5)
core   0: 3 0x8000bb4a (0x4a3f2d23) mem 0x80010000 0x00000001
core   0: 0x8000bb4e (0x0000bfe5) c.j     pc - 8
core   0: 3 0x8000bb4e (0xbfe5)
core   0: 0x8000bb46 (0x00004f17) auipc   t5, 0x4
core   0: 3 0x8000bb46 (0x00004f17) x30 0x8000fb46
core   0: 0x8000bb4a (0x4a3f2d23) sw      gp, 1210(t5)
core   0: 3 0x8000bb4a (0x4a3f2d23) mem 0x80010000 0x00000001
core   0: 0x8000bb4e (0x0000bfe5) c.j     pc - 8
core   0: 3 0x8000bb4e (0xbfe5)
core   0: 0x8000bb46 (0x00004f17) auipc   t5, 0x4
core   0: 3 0x8000bb46 (0x00004f17) x30 0x8000fb46
core   0: 0x8000bb4a (0x4a3f2d23) sw      gp, 1210(t5)
core   0: 3 0x8000bb4a (0x4a3f2d23) mem 0x80010000 0x00000001
core   0: 0x8000bb4e (0x0000bfe5) c.j     pc - 8
core   0: 3 0x8000bb4e (0xbfe5)
core   0: 0x8000bb46 (0x00004f17) auipc   t5, 0x4
core   0: 3 0x8000bb46 (0x00004f17) x30 0x8000fb46
core   0: 0x8000bb4a (0x4a3f2d23) sw      gp, 1210(t5)
core   0: 3 0x8000bb4a (0x4a3f2d23) mem 0x80010000 0x00000001
core   0: 0x8000bb4e (0x0000bfe5) c.j     pc - 8
core   0: 3 0x8000bb4e (0xbfe5)
core   0: 0x8000bb46 (0x00004f17) auipc   t5, 0x4
core   0: 3 0x8000bb46 (0x00004f17) x30 0x8000fb46
core   0: 0x8000bb4a (0x4a3f2d23) sw      gp, 1210(t5)
core   0: 3 0x8000bb4a (0x4a3f2d23) mem 0x80010000 0x00000001
core   0: 0x8000bb4e (0x0000bfe5) c.j     pc - 8
core   0: 3 0x8000bb4e (0xbfe5)
core   0: 0x8000bb46 (0x00004f17) auipc   t5, 0x4
core   0: 3 0x8000bb46 (0x00004f17) x30 0x8000fb46
core   0: 0x8000bb4a (0x4a3f2d23) sw      gp, 1210(t5)
core   0: 3 0x8000bb4a (0x4a3f2d23) mem 0x80010000 0x00000001
core   0: 0x8000bb4e (0x0000bfe5) c.j     pc - 8
core   0: 3 0x8000bb4e (0xbfe5)
core   0: 0x8000bb46 (0x00004f17) auipc   t5, 0x4
core   0: 3 0x8000bb46 (0x00004f17) x30 0x8000fb46
core   0: 0x8000bb4a (0x4a3f2d23) sw      gp, 1210(t5)
core   0: 3 0x8000bb4a (0x4a3f2d23) mem 0x80010000 0x00000001
core   0: 0x8000bb4e (0x0000bfe5) c.j     pc - 8
core   0: 3 0x8000bb4e (0xbfe5)
core   0: 0x8000bb46 (0x00004f17) auipc   t5, 0x4
core   0: 3 0x8000bb46 (0x00004f17) x30 0x8000fb46
core   0: 0x8000bb4a (0x4a3f2d23) sw      gp, 1210(t5)
core   0: 3 0x8000bb4a (0x4a3f2d23) mem 0x80010000 0x00000001
core   0: 0x8000bb4e (0x0000bfe5) c.j     pc - 8
core   0: 3 0x8000bb4e (0xbfe5)
core   0: 0x8000bb46 (0x00004f17) auipc   t5, 0x4
core   0: 3 0x8000bb46 (0x00004f17) x30 0x8000fb46
core   0: 0x8000bb4a (0x4a3f2d23) sw      gp, 1210(t5)
core   0: 3 0x8000bb4a (0x4a3f2d23) mem 0x80010000 0x00000001
core   0: 0x8000bb4e (0x0000bfe5) c.j     pc - 8
core   0: 3 0x8000bb4e (0xbfe5)
core   0: 0x8000bb46 (0x00004f17) auipc   t5, 0x4
core   0: 3 0x8000bb46 (0x00004f17) x30 0x8000fb46
core   0: 0x8000bb4a (0x4a3f2d23) sw      gp, 1210(t5)
core   0: 3 0x8000bb4a (0x4a3f2d23) mem 0x80010000 0x00000001
core   0: 0x8000bb4e (0x0000bfe5) c.j     pc - 8
core   0: 3 0x8000bb4e (0xbfe5)
core   0: 0x8000bb46 (0x00004f17) auipc   t5, 0x4
core   0: 3 0x8000bb46 (0x00004f17) x30 0x8000fb46
core   0: 0x8000bb4a (0x4a3f2d23) sw      gp, 1210(t5)
core   0: 3 0x8000bb4a (0x4a3f2d23) mem 0x80010000 0x00000001
core   0: 0x8000bb4e (0x0000bfe5) c.j     pc - 8
core   0: 3 0x8000bb4e (0xbfe5)
core   0: 0x8000bb46 (0x00004f17) auipc   t5, 0x4
core   0: 3 0x8000bb46 (0x00004f17) x30 0x8000fb46
core   0: 0x8000bb4a (0x4a3f2d23) sw      gp, 1210(t5)
core   0: 3 0x8000bb4a (0x4a3f2d23) mem 0x80010000 0x00000001
core   0: 0x8000bb4e (0x0000bfe5) c.j     pc - 8
core   0: 3 0x8000bb4e (0xbfe5)
core   0: 0x8000bb46 (0x00004f17) auipc   t5, 0x4
core   0: 3 0x8000bb46 (0x00004f17) x30 0x8000fb46
core   0: 0x8000bb4a (0x4a3f2d23) sw      gp, 1210(t5)
core   0: 3 0x8000bb4a (0x4a3f2d23) mem 0x80010000 0x00000001
core   0: 0x8000bb4e (0x0000bfe5) c.j     pc - 8
core   0: 3 0x8000bb4e (0xbfe5)
core   0: 0x8000bb46 (0x00004f17) auipc   t5, 0x4
core   0: 3 0x8000bb46 (0x00004f17) x30 0x8000fb46
core   0: 0x8000bb4a (0x4a3f2d23) sw      gp, 1210(t5)
core   0: 3 0x8000bb4a (0x4a3f2d23) mem 0x80010000 0x00000001
core   0: 0x8000bb4e (0x0000bfe5) c.j     pc - 8
core   0: 3 0x8000bb4e (0xbfe5)
core   0: 0x8000bb46 (0x00004f17) auipc   t5, 0x4
core   0: 3 0x8000bb46 (0x00004f17) x30 0x8000fb46
core   0: 0x8000bb4a (0x4a3f2d23) sw      gp, 1210(t5)
core   0: 3 0x8000bb4a (0x4a3f2d23) mem 0x80010000 0x00000001
core   0: 0x8000bb4e (0x0000bfe5) c.j     pc - 8
core   0: 3 0x8000bb4e (0xbfe5)
core   0: 0x8000bb46 (0x00004f17) auipc   t5, 0x4
core   0: 3 0x8000bb46 (0x00004f17) x30 0x8000fb46
core   0: 0x8000bb4a (0x4a3f2d23) sw      gp, 1210(t5)
core   0: 3 0x8000bb4a (0x4a3f2d23) mem 0x80010000 0x00000001
core   0: 0x8000bb4e (0x0000bfe5) c.j     pc - 8
core   0: 3 0x8000bb4e (0xbfe5)
core   0: 0x8000bb46 (0x00004f17) auipc   t5, 0x4
core   0: 3 0x8000bb46 (0x00004f17) x30 0x8000fb46
core   0: 0x8000bb4a (0x4a3f2d23) sw      gp, 1210(t5)
core   0: 3 0x8000bb4a (0x4a3f2d23) mem 0x80010000 0x00000001
core   0: 0x8000bb4e (0x0000bfe5) c.j     pc - 8
core   0: 3 0x8000bb4e (0xbfe5)
core   0: 0x8000bb46 (0x00004f17) auipc   t5, 0x4
core   0: 3 0x8000bb46 (0x00004f17) x30 0x8000fb46
core   0: 0x8000bb4a (0x4a3f2d23) sw      gp, 1210(t5)
core   0: 3 0x8000bb4a (0x4a3f2d23) mem 0x80010000 0x00000001
core   0: 0x8000bb4e (0x0000bfe5) c.j     pc - 8
core   0: 3 0x8000bb4e (0xbfe5)
core   0: 0x8000bb46 (0x00004f17) auipc   t5, 0x4
core   0: 3 0x8000bb46 (0x00004f17) x30 0x8000fb46
core   0: 0x8000bb4a (0x4a3f2d23) sw      gp, 1210(t5)
core   0: 3 0x8000bb4a (0x4a3f2d23) mem 0x80010000 0x00000001
core   0: 0x8000bb4e (0x0000bfe5) c.j     pc - 8
core   0: 3 0x8000bb4e (0xbfe5)
core   0: 0x8000bb46 (0x00004f17) auipc   t5, 0x4
core   0: 3 0x8000bb46 (0x00004f17) x30 0x8000fb46
core   0: 0x8000bb4a (0x4a3f2d23) sw      gp, 1210(t5)
core   0: 3 0x8000bb4a (0x4a3f2d23) mem 0x80010000 0x00000001
core   0: 0x8000bb4e (0x0000bfe5) c.j     pc - 8
core   0: 3 0x8000bb4e (0xbfe5)
core   0: 0x8000bb46 (0x00004f17) auipc   t5, 0x4
core   0: 3 0x8000bb46 (0x00004f17) x30 0x8000fb46
core   0: 0x8000bb4a (0x4a3f2d23) sw      gp, 1210(t5)
core   0: 3 0x8000bb4a (0x4a3f2d23) mem 0x80010000 0x00000001
core   0: 0x8000bb4e (0x0000bfe5) c.j     pc - 8
core   0: 3 0x8000bb4e (0xbfe5)
core   0: 0x8000bb46 (0x00004f17) auipc   t5, 0x4
core   0: 3 0x8000bb46 (0x00004f17) x30 0x8000fb46
core   0: 0x8000bb4a (0x4a3f2d23) sw      gp, 1210(t5)
core   0: 3 0x8000bb4a (0x4a3f2d23) mem 0x80010000 0x00000001
core   0: 0x8000bb4e (0x0000bfe5) c.j     pc - 8
core   0: 3 0x8000bb4e (0xbfe5)
core   0: 0x8000bb46 (0x00004f17) auipc   t5, 0x4
core   0: 3 0x8000bb46 (0x00004f17) x30 0x8000fb46
core   0: 0x8000bb4a (0x4a3f2d23) sw      gp, 1210(t5)
core   0: 3 0x8000bb4a (0x4a3f2d23) mem 0x80010000 0x00000001
core   0: 0x8000bb4e (0x0000bfe5) c.j     pc - 8
core   0: 3 0x8000bb4e (0xbfe5)
core   0: 0x8000bb46 (0x00004f17) auipc   t5, 0x4
core   0: 3 0x8000bb46 (0x00004f17) x30 0x8000fb46
core   0: 0x8000bb4a (0x4a3f2d23) sw      gp, 1210(t5)
core   0: 3 0x8000bb4a (0x4a3f2d23) mem 0x80010000 0x00000001
core   0: 0x8000bb4e (0x0000bfe5) c.j     pc - 8
core   0: 3 0x8000bb4e (0xbfe5)
core   0: 0x8000bb46 (0x00004f17) auipc   t5, 0x4
core   0: 3 0x8000bb46 (0x00004f17) x30 0x8000fb46
core   0: 0x8000bb4a (0x4a3f2d23) sw      gp, 1210(t5)
core   0: 3 0x8000bb4a (0x4a3f2d23) mem 0x80010000 0x00000001
core   0: 0x8000bb4e (0x0000bfe5) c.j     pc - 8
core   0: 3 0x8000bb4e (0xbfe5)
core   0: 0x8000bb46 (0x00004f17) auipc   t5, 0x4
core   0: 3 0x8000bb46 (0x00004f17) x30 0x8000fb46
core   0: 0x8000bb4a (0x4a3f2d23) sw      gp, 1210(t5)
core   0: 3 0x8000bb4a (0x4a3f2d23) mem 0x80010000 0x00000001
core   0: 0x8000bb4e (0x0000bfe5) c.j     pc - 8
core   0: 3 0x8000bb4e (0xbfe5)
core   0: 0x8000bb46 (0x00004f17) auipc   t5, 0x4
core   0: 3 0x8000bb46 (0x00004f17) x30 0x8000fb46
core   0: 0x8000bb4a (0x4a3f2d23) sw      gp, 1210(t5)
core   0: 3 0x8000bb4a (0x4a3f2d23) mem 0x80010000 0x00000001
core   0: 0x8000bb4e (0x0000bfe5) c.j     pc - 8
core   0: 3 0x8000bb4e (0xbfe5)
core   0: 0x8000bb46 (0x00004f17) auipc   t5, 0x4
core   0: 3 0x8000bb46 (0x00004f17) x30 0x8000fb46
core   0: 0x8000bb4a (0x4a3f2d23) sw      gp, 1210(t5)
core   0: 3 0x8000bb4a (0x4a3f2d23) mem 0x80010000 0x00000001
core   0: 0x8000bb4e (0x0000bfe5) c.j     pc - 8
core   0: 3 0x8000bb4e (0xbfe5)
core   0: 0x8000bb46 (0x00004f17) auipc   t5, 0x4
core   0: 3 0x8000bb46 (0x00004f17) x30 0x8000fb46
core   0: 0x8000bb4a (0x4a3f2d23) sw      gp, 1210(t5)
core   0: 3 0x8000bb4a (0x4a3f2d23) mem 0x80010000 0x00000001
core   0: 0x8000bb4e (0x0000bfe5) c.j     pc - 8
core   0: 3 0x8000bb4e (0xbfe5)
core   0: 0x8000bb46 (0x00004f17) auipc   t5, 0x4
core   0: 3 0x8000bb46 (0x00004f17) x30 0x8000fb46
core   0: 0x8000bb4a (0x4a3f2d23) sw      gp, 1210(t5)
core   0: 3 0x8000bb4a (0x4a3f2d23) mem 0x80010000 0x00000001
core   0: 0x8000bb4e (0x0000bfe5) c.j     pc - 8
core   0: 3 0x8000bb4e (0xbfe5)
core   0: 0x8000bb46 (0x00004f17) auipc   t5, 0x4
core   0: 3 0x8000bb46 (0x00004f17) x30 0x8000fb46
core   0: 0x8000bb4a (0x4a3f2d23) sw      gp, 1210(t5)
core   0: 3 0x8000bb4a (0x4a3f2d23) mem 0x80010000 0x00000001
core   0: 0x8000bb4e (0x0000bfe5) c.j     pc - 8
core   0: 3 0x8000bb4e (0xbfe5)
core   0: 0x8000bb46 (0x00004f17) auipc   t5, 0x4
core   0: 3 0x8000bb46 (0x00004f17) x30 0x8000fb46
core   0: 0x8000bb4a (0x4a3f2d23) sw      gp, 1210(t5)
core   0: 3 0x8000bb4a (0x4a3f2d23) mem 0x80010000 0x00000001
core   0: 0x8000bb4e (0x0000bfe5) c.j     pc - 8
core   0: 3 0x8000bb4e (0xbfe5)
core   0: 0x8000bb46 (0x00004f17) auipc   t5, 0x4
core   0: 3 0x8000bb46 (0x00004f17) x30 0x8000fb46
core   0: 0x8000bb4a (0x4a3f2d23) sw      gp, 1210(t5)
core   0: 3 0x8000bb4a (0x4a3f2d23) mem 0x80010000 0x00000001
core   0: 0x8000bb4e (0x0000bfe5) c.j     pc - 8
core   0: 3 0x8000bb4e (0xbfe5)
core   0: 0x8000bb46 (0x00004f17) auipc   t5, 0x4
core   0: 3 0x8000bb46 (0x00004f17) x30 0x8000fb46
core   0: 0x8000bb4a (0x4a3f2d23) sw      gp, 1210(t5)
core   0: 3 0x8000bb4a (0x4a3f2d23) mem 0x80010000 0x00000001
core   0: 0x8000bb4e (0x0000bfe5) c.j     pc - 8
core   0: 3 0x8000bb4e (0xbfe5)
core   0: 0x8000bb46 (0x00004f17) auipc   t5, 0x4
core   0: 3 0x8000bb46 (0x00004f17) x30 0x8000fb46
core   0: 0x8000bb4a (0x4a3f2d23) sw      gp, 1210(t5)
core   0: 3 0x8000bb4a (0x4a3f2d23) mem 0x80010000 0x00000001
core   0: 0x8000bb4e (0x0000bfe5) c.j     pc - 8
core   0: 3 0x8000bb4e (0xbfe5)
core   0: 0x8000bb46 (0x00004f17) auipc   t5, 0x4
core   0: 3 0x8000bb46 (0x00004f17) x30 0x8000fb46
core   0: 0x8000bb4a (0x4a3f2d23) sw      gp, 1210(t5)
core   0: 3 0x8000bb4a (0x4a3f2d23) mem 0x80010000 0x00000001
core   0: 0x8000bb4e (0x0000bfe5) c.j     pc - 8
core   0: 3 0x8000bb4e (0xbfe5)
core   0: 0x8000bb46 (0x00004f17) auipc   t5, 0x4
core   0: 3 0x8000bb46 (0x00004f17) x30 0x8000fb46
core   0: 0x8000bb4a (0x4a3f2d23) sw      gp, 1210(t5)
core   0: 3 0x8000bb4a (0x4a3f2d23) mem 0x80010000 0x00000001
core   0: 0x8000bb4e (0x0000bfe5) c.j     pc - 8
core   0: 3 0x8000bb4e (0xbfe5)
core   0: 0x8000bb46 (0x00004f17) auipc   t5, 0x4
core   0: 3 0x8000bb46 (0x00004f17) x30 0x8000fb46
core   0: 0x8000bb4a (0x4a3f2d23) sw      gp, 1210(t5)
core   0: 3 0x8000bb4a (0x4a3f2d23) mem 0x80010000 0x00000001
core   0: 0x8000bb4e (0x0000bfe5) c.j     pc - 8
core   0: 3 0x8000bb4e (0xbfe5)
core   0: 0x8000bb46 (0x00004f17) auipc   t5, 0x4
core   0: 3 0x8000bb46 (0x00004f17) x30 0x8000fb46
core   0: 0x8000bb4a (0x4a3f2d23) sw      gp, 1210(t5)
core   0: 3 0x8000bb4a (0x4a3f2d23) mem 0x80010000 0x00000001
core   0: 0x8000bb4e (0x0000bfe5) c.j     pc - 8
core   0: 3 0x8000bb4e (0xbfe5)
core   0: 0x8000bb46 (0x00004f17) auipc   t5, 0x4
core   0: 3 0x8000bb46 (0x00004f17) x30 0x8000fb46
core   0: 0x8000bb4a (0x4a3f2d23) sw      gp, 1210(t5)
core   0: 3 0x8000bb4a (0x4a3f2d23) mem 0x80010000 0x00000001
core   0: 0x8000bb4e (0x0000bfe5) c.j     pc - 8
core   0: 3 0x8000bb4e (0xbfe5)
core   0: 0x8000bb46 (0x00004f17) auipc   t5, 0x4
core   0: 3 0x8000bb46 (0x00004f17) x30 0x8000fb46
core   0: 0x8000bb4a (0x4a3f2d23) sw      gp, 1210(t5)
core   0: 3 0x8000bb4a (0x4a3f2d23) mem 0x80010000 0x00000001
core   0: 0x8000bb4e (0x0000bfe5) c.j     pc - 8
core   0: 3 0x8000bb4e (0xbfe5)
core   0: 0x8000bb46 (0x00004f17) auipc   t5, 0x4
core   0: 3 0x8000bb46 (0x00004f17) x30 0x8000fb46
core   0: 0x8000bb4a (0x4a3f2d23) sw      gp, 1210(t5)
core   0: 3 0x8000bb4a (0x4a3f2d23) mem 0x80010000 0x00000001
core   0: 0x8000bb4e (0x0000bfe5) c.j     pc - 8
core   0: 3 0x8000bb4e (0xbfe5)
core   0: 0x8000bb46 (0x00004f17) auipc   t5, 0x4
core   0: 3 0x8000bb46 (0x00004f17) x30 0x8000fb46
core   0: 0x8000bb4a (0x4a3f2d23) sw      gp, 1210(t5)
core   0: 3 0x8000bb4a (0x4a3f2d23) mem 0x80010000 0x00000001
core   0: 0x8000bb4e (0x0000bfe5) c.j     pc - 8
core   0: 3 0x8000bb4e (0xbfe5)
core   0: 0x8000bb46 (0x00004f17) auipc   t5, 0x4
core   0: 3 0x8000bb46 (0x00004f17) x30 0x8000fb46
core   0: 0x8000bb4a (0x4a3f2d23) sw      gp, 1210(t5)
core   0: 3 0x8000bb4a (0x4a3f2d23) mem 0x80010000 0x00000001
core   0: 0x8000bb4e (0x0000bfe5) c.j     pc - 8
core   0: 3 0x8000bb4e (0xbfe5)
core   0: 0x8000bb46 (0x00004f17) auipc   t5, 0x4
core   0: 3 0x8000bb46 (0x00004f17) x30 0x8000fb46
core   0: 0x8000bb4a (0x4a3f2d23) sw      gp, 1210(t5)
core   0: 3 0x8000bb4a (0x4a3f2d23) mem 0x80010000 0x00000001
core   0: 0x8000bb4e (0x0000bfe5) c.j     pc - 8
core   0: 3 0x8000bb4e (0xbfe5)
core   0: 0x8000bb46 (0x00004f17) auipc   t5, 0x4
core   0: 3 0x8000bb46 (0x00004f17) x30 0x8000fb46
core   0: 0x8000bb4a (0x4a3f2d23) sw      gp, 1210(t5)
core   0: 3 0x8000bb4a (0x4a3f2d23) mem 0x80010000 0x00000001
core   0: 0x8000bb4e (0x0000bfe5) c.j     pc - 8
core   0: 3 0x8000bb4e (0xbfe5)
core   0: 0x8000bb46 (0x00004f17) auipc   t5, 0x4
core   0: 3 0x8000bb46 (0x00004f17) x30 0x8000fb46
core   0: 0x8000bb4a (0x4a3f2d23) sw      gp, 1210(t5)
core   0: 3 0x8000bb4a (0x4a3f2d23) mem 0x80010000 0x00000001
core   0: 0x8000bb4e (0x0000bfe5) c.j     pc - 8
core   0: 3 0x8000bb4e (0xbfe5)
core   0: 0x8000bb46 (0x00004f17) auipc   t5, 0x4
core   0: 3 0x8000bb46 (0x00004f17) x30 0x8000fb46
core   0: 0x8000bb4a (0x4a3f2d23) sw      gp, 1210(t5)
core   0: 3 0x8000bb4a (0x4a3f2d23) mem 0x80010000 0x00000001
core   0: 0x8000bb4e (0x0000bfe5) c.j     pc - 8
core   0: 3 0x8000bb4e (0xbfe5)
core   0: 0x8000bb46 (0x00004f17) auipc   t5, 0x4
core   0: 3 0x8000bb46 (0x00004f17) x30 0x8000fb46
core   0: 0x8000bb4a (0x4a3f2d23) sw      gp, 1210(t5)
core   0: 3 0x8000bb4a (0x4a3f2d23) mem 0x80010000 0x00000001
core   0: 0x8000bb4e (0x0000bfe5) c.j     pc - 8
core   0: 3 0x8000bb4e (0xbfe5)
core   0: 0x8000bb46 (0x00004f17) auipc   t5, 0x4
core   0: 3 0x8000bb46 (0x00004f17) x30 0x8000fb46
core   0: 0x8000bb4a (0x4a3f2d23) sw      gp, 1210(t5)
core   0: 3 0x8000bb4a (0x4a3f2d23) mem 0x80010000 0x00000001
core   0: 0x8000bb4e (0x0000bfe5) c.j     pc - 8
core   0: 3 0x8000bb4e (0xbfe5)
core   0: 0x8000bb46 (0x00004f17) auipc   t5, 0x4
core   0: 3 0x8000bb46 (0x00004f17) x30 0x8000fb46
core   0: 0x8000bb4a (0x4a3f2d23) sw      gp, 1210(t5)
core   0: 3 0x8000bb4a (0x4a3f2d23) mem 0x80010000 0x00000001
core   0: 0x8000bb4e (0x0000bfe5) c.j     pc - 8
core   0: 3 0x8000bb4e (0xbfe5)
core   0: 0x8000bb46 (0x00004f17) auipc   t5, 0x4
core   0: 3 0x8000bb46 (0x00004f17) x30 0x8000fb46
core   0: 0x8000bb4a (0x4a3f2d23) sw      gp, 1210(t5)
core   0: 3 0x8000bb4a (0x4a3f2d23) mem 0x80010000 0x00000001
core   0: 0x8000bb4e (0x0000bfe5) c.j     pc - 8
core   0: 3 0x8000bb4e (0xbfe5)
core   0: 0x8000bb46 (0x00004f17) auipc   t5, 0x4
core   0: 3 0x8000bb46 (0x00004f17) x30 0x8000fb46
core   0: 0x8000bb4a (0x4a3f2d23) sw      gp, 1210(t5)
core   0: 3 0x8000bb4a (0x4a3f2d23) mem 0x80010000 0x00000001
core   0: 0x8000bb4e (0x0000bfe5) c.j     pc - 8
core   0: 3 0x8000bb4e (0xbfe5)
core   0: 0x8000bb46 (0x00004f17) auipc   t5, 0x4
core   0: 3 0x8000bb46 (0x00004f17) x30 0x8000fb46
core   0: 0x8000bb4a (0x4a3f2d23) sw      gp, 1210(t5)
core   0: 3 0x8000bb4a (0x4a3f2d23) mem 0x80010000 0x00000001
core   0: 0x8000bb4e (0x0000bfe5) c.j     pc - 8
core   0: 3 0x8000bb4e (0xbfe5)
core   0: 0x8000bb46 (0x00004f17) auipc   t5, 0x4
core   0: 3 0x8000bb46 (0x00004f17) x30 0x8000fb46
core   0: 0x8000bb4a (0x4a3f2d23) sw      gp, 1210(t5)
core   0: 3 0x8000bb4a (0x4a3f2d23) mem 0x80010000 0x00000001
core   0: 0x8000bb4e (0x0000bfe5) c.j     pc - 8
core   0: 3 0x8000bb4e (0xbfe5)
core   0: 0x8000bb46 (0x00004f17) auipc   t5, 0x4
core   0: 3 0x8000bb46 (0x00004f17) x30 0x8000fb46
core   0: 0x8000bb4a (0x4a3f2d23) sw      gp, 1210(t5)
core   0: 3 0x8000bb4a (0x4a3f2d23) mem 0x80010000 0x00000001
core   0: 0x8000bb4e (0x0000bfe5) c.j     pc - 8
core   0: 3 0x8000bb4e (0xbfe5)
core   0: 0x8000bb46 (0x00004f17) auipc   t5, 0x4
core   0: 3 0x8000bb46 (0x00004f17) x30 0x8000fb46
core   0: 0x8000bb4a (0x4a3f2d23) sw      gp, 1210(t5)
core   0: 3 0x8000bb4a (0x4a3f2d23) mem 0x80010000 0x00000001
core   0: 0x8000bb4e (0x0000bfe5) c.j     pc - 8
core   0: 3 0x8000bb4e (0xbfe5)
core   0: 0x8000bb46 (0x00004f17) auipc   t5, 0x4
core   0: 3 0x8000bb46 (0x00004f17) x30 0x8000fb46
core   0: 0x8000bb4a (0x4a3f2d23) sw      gp, 1210(t5)
core   0: 3 0x8000bb4a (0x4a3f2d23) mem 0x80010000 0x00000001
core   0: 0x8000bb4e (0x0000bfe5) c.j     pc - 8
core   0: 3 0x8000bb4e (0xbfe5)
core   0: 0x8000bb46 (0x00004f17) auipc   t5, 0x4
core   0: 3 0x8000bb46 (0x00004f17) x30 0x8000fb46
core   0: 0x8000bb4a (0x4a3f2d23) sw      gp, 1210(t5)
core   0: 3 0x8000bb4a (0x4a3f2d23) mem 0x80010000 0x00000001
core   0: 0x8000bb4e (0x0000bfe5) c.j     pc - 8
core   0: 3 0x8000bb4e (0xbfe5)
core   0: 0x8000bb46 (0x00004f17) auipc   t5, 0x4
core   0: 3 0x8000bb46 (0x00004f17) x30 0x8000fb46
core   0: 0x8000bb4a (0x4a3f2d23) sw      gp, 1210(t5)
core   0: 3 0x8000bb4a (0x4a3f2d23) mem 0x80010000 0x00000001
core   0: 0x8000bb4e (0x0000bfe5) c.j     pc - 8
core   0: 3 0x8000bb4e (0xbfe5)
core   0: 0x8000bb46 (0x00004f17) auipc   t5, 0x4
core   0: 3 0x8000bb46 (0x00004f17) x30 0x8000fb46
core   0: 0x8000bb4a (0x4a3f2d23) sw      gp, 1210(t5)
core   0: 3 0x8000bb4a (0x4a3f2d23) mem 0x80010000 0x00000001
core   0: 0x8000bb4e (0x0000bfe5) c.j     pc - 8
core   0: 3 0x8000bb4e (0xbfe5)
core   0: 0x8000bb46 (0x00004f17) auipc   t5, 0x4
core   0: 3 0x8000bb46 (0x00004f17) x30 0x8000fb46
core   0: 0x8000bb4a (0x4a3f2d23) sw      gp, 1210(t5)
core   0: 3 0x8000bb4a (0x4a3f2d23) mem 0x80010000 0x00000001
core   0: 0x8000bb4e (0x0000bfe5) c.j     pc - 8
core   0: 3 0x8000bb4e (0xbfe5)
core   0: 0x8000bb46 (0x00004f17) auipc   t5, 0x4
core   0: 3 0x8000bb46 (0x00004f17) x30 0x8000fb46
core   0: 0x8000bb4a (0x4a3f2d23) sw      gp, 1210(t5)
core   0: 3 0x8000bb4a (0x4a3f2d23) mem 0x80010000 0x00000001
core   0: 0x8000bb4e (0x0000bfe5) c.j     pc - 8
core   0: 3 0x8000bb4e (0xbfe5)
core   0: 0x8000bb46 (0x00004f17) auipc   t5, 0x4
core   0: 3 0x8000bb46 (0x00004f17) x30 0x8000fb46
core   0: 0x8000bb4a (0x4a3f2d23) sw      gp, 1210(t5)
core   0: 3 0x8000bb4a (0x4a3f2d23) mem 0x80010000 0x00000001
core   0: 0x8000bb4e (0x0000bfe5) c.j     pc - 8
core   0: 3 0x8000bb4e (0xbfe5)
core   0: 0x8000bb46 (0x00004f17) auipc   t5, 0x4
core   0: 3 0x8000bb46 (0x00004f17) x30 0x8000fb46
core   0: 0x8000bb4a (0x4a3f2d23) sw      gp, 1210(t5)
core   0: 3 0x8000bb4a (0x4a3f2d23) mem 0x80010000 0x00000001
core   0: 0x8000bb4e (0x0000bfe5) c.j     pc - 8
core   0: 3 0x8000bb4e (0xbfe5)
core   0: 0x8000bb46 (0x00004f17) auipc   t5, 0x4
core   0: 3 0x8000bb46 (0x00004f17) x30 0x8000fb46
core   0: 0x8000bb4a (0x4a3f2d23) sw      gp, 1210(t5)
core   0: 3 0x8000bb4a (0x4a3f2d23) mem 0x80010000 0x00000001
core   0: 0x8000bb4e (0x0000bfe5) c.j     pc - 8
core   0: 3 0x8000bb4e (0xbfe5)
core   0: 0x8000bb46 (0x00004f17) auipc   t5, 0x4
core   0: 3 0x8000bb46 (0x00004f17) x30 0x8000fb46
core   0: 0x8000bb4a (0x4a3f2d23) sw      gp, 1210(t5)
core   0: 3 0x8000bb4a (0x4a3f2d23) mem 0x80010000 0x00000001
core   0: 0x8000bb4e (0x0000bfe5) c.j     pc - 8
core   0: 3 0x8000bb4e (0xbfe5)
core   0: 0x8000bb46 (0x00004f17) auipc   t5, 0x4
core   0: 3 0x8000bb46 (0x00004f17) x30 0x8000fb46
core   0: 0x8000bb4a (0x4a3f2d23) sw      gp, 1210(t5)
core   0: 3 0x8000bb4a (0x4a3f2d23) mem 0x80010000 0x00000001
core   0: 0x8000bb4e (0x0000bfe5) c.j     pc - 8
core   0: 3 0x8000bb4e (0xbfe5)
core   0: 0x8000bb46 (0x00004f17) auipc   t5, 0x4
core   0: 3 0x8000bb46 (0x00004f17) x30 0x8000fb46
core   0: 0x8000bb4a (0x4a3f2d23) sw      gp, 1210(t5)
core   0: 3 0x8000bb4a (0x4a3f2d23) mem 0x80010000 0x00000001
core   0: 0x8000bb4e (0x0000bfe5) c.j     pc - 8
core   0: 3 0x8000bb4e (0xbfe5)
core   0: 0x8000bb46 (0x00004f17) auipc   t5, 0x4
core   0: 3 0x8000bb46 (0x00004f17) x30 0x8000fb46
core   0: 0x8000bb4a (0x4a3f2d23) sw      gp, 1210(t5)
core   0: 3 0x8000bb4a (0x4a3f2d23) mem 0x80010000 0x00000001
core   0: 0x8000bb4e (0x0000bfe5) c.j     pc - 8
core   0: 3 0x8000bb4e (0xbfe5)
core   0: 0x8000bb46 (0x00004f17) auipc   t5, 0x4
core   0: 3 0x8000bb46 (0x00004f17) x30 0x8000fb46
core   0: 0x8000bb4a (0x4a3f2d23) sw      gp, 1210(t5)
core   0: 3 0x8000bb4a (0x4a3f2d23) mem 0x80010000 0x00000001
core   0: 0x8000bb4e (0x0000bfe5) c.j     pc - 8
core   0: 3 0x8000bb4e (0xbfe5)
core   0: 0x8000bb46 (0x00004f17) auipc   t5, 0x4
core   0: 3 0x8000bb46 (0x00004f17) x30 0x8000fb46
core   0: 0x8000bb4a (0x4a3f2d23) sw      gp, 1210(t5)
core   0: 3 0x8000bb4a (0x4a3f2d23) mem 0x80010000 0x00000001
core   0: 0x8000bb4e (0x0000bfe5) c.j     pc - 8
core   0: 3 0x8000bb4e (0xbfe5)
core   0: 0x8000bb46 (0x00004f17) auipc   t5, 0x4
core   0: 3 0x8000bb46 (0x00004f17) x30 0x8000fb46
core   0: 0x8000bb4a (0x4a3f2d23) sw      gp, 1210(t5)
core   0: 3 0x8000bb4a (0x4a3f2d23) mem 0x80010000 0x00000001
core   0: 0x8000bb4e (0x0000bfe5) c.j     pc - 8
core   0: 3 0x8000bb4e (0xbfe5)
core   0: 0x8000bb46 (0x00004f17) auipc   t5, 0x4
core   0: 3 0x8000bb46 (0x00004f17) x30 0x8000fb46
core   0: 0x8000bb4a (0x4a3f2d23) sw      gp, 1210(t5)
core   0: 3 0x8000bb4a (0x4a3f2d23) mem 0x80010000 0x00000001
core   0: 0x8000bb4e (0x0000bfe5) c.j     pc - 8
core   0: 3 0x8000bb4e (0xbfe5)
core   0: 0x8000bb46 (0x00004f17) auipc   t5, 0x4
core   0: 3 0x8000bb46 (0x00004f17) x30 0x8000fb46
core   0: 0x8000bb4a (0x4a3f2d23) sw      gp, 1210(t5)
core   0: 3 0x8000bb4a (0x4a3f2d23) mem 0x80010000 0x00000001
core   0: 0x8000bb4e (0x0000bfe5) c.j     pc - 8
core   0: 3 0x8000bb4e (0xbfe5)
core   0: 0x8000bb46 (0x00004f17) auipc   t5, 0x4
core   0: 3 0x8000bb46 (0x00004f17) x30 0x8000fb46
core   0: 0x8000bb4a (0x4a3f2d23) sw      gp, 1210(t5)
core   0: 3 0x8000bb4a (0x4a3f2d23) mem 0x80010000 0x00000001
core   0: 0x8000bb4e (0x0000bfe5) c.j     pc - 8
core   0: 3 0x8000bb4e (0xbfe5)
core   0: 0x8000bb46 (0x00004f17) auipc   t5, 0x4
core   0: 3 0x8000bb46 (0x00004f17) x30 0x8000fb46
core   0: 0x8000bb4a (0x4a3f2d23) sw      gp, 1210(t5)
core   0: 3 0x8000bb4a (0x4a3f2d23) mem 0x80010000 0x00000001
core   0: 0x8000bb4e (0x0000bfe5) c.j     pc - 8
core   0: 3 0x8000bb4e (0xbfe5)
core   0: 0x8000bb46 (0x00004f17) auipc   t5, 0x4
core   0: 3 0x8000bb46 (0x00004f17) x30 0x8000fb46
core   0: 0x8000bb4a (0x4a3f2d23) sw      gp, 1210(t5)
core   0: 3 0x8000bb4a (0x4a3f2d23) mem 0x80010000 0x00000001
core   0: 0x8000bb4e (0x0000bfe5) c.j     pc - 8
core   0: 3 0x8000bb4e (0xbfe5)
core   0: 0x8000bb46 (0x00004f17) auipc   t5, 0x4
core   0: 3 0x8000bb46 (0x00004f17) x30 0x8000fb46
core   0: 0x8000bb4a (0x4a3f2d23) sw      gp, 1210(t5)
core   0: 3 0x8000bb4a (0x4a3f2d23) mem 0x80010000 0x00000001
core   0: 0x8000bb4e (0x0000bfe5) c.j     pc - 8
core   0: 3 0x8000bb4e (0xbfe5)
core   0: 0x8000bb46 (0x00004f17) auipc   t5, 0x4
core   0: 3 0x8000bb46 (0x00004f17) x30 0x8000fb46
core   0: 0x8000bb4a (0x4a3f2d23) sw      gp, 1210(t5)
core   0: 3 0x8000bb4a (0x4a3f2d23) mem 0x80010000 0x00000001
core   0: 0x8000bb4e (0x0000bfe5) c.j     pc - 8
core   0: 3 0x8000bb4e (0xbfe5)
core   0: 0x8000bb46 (0x00004f17) auipc   t5, 0x4
core   0: 3 0x8000bb46 (0x00004f17) x30 0x8000fb46
core   0: 0x8000bb4a (0x4a3f2d23) sw      gp, 1210(t5)
core   0: 3 0x8000bb4a (0x4a3f2d23) mem 0x80010000 0x00000001
core   0: 0x8000bb4e (0x0000bfe5) c.j     pc - 8
core   0: 3 0x8000bb4e (0xbfe5)
core   0: 0x8000bb46 (0x00004f17) auipc   t5, 0x4
core   0: 3 0x8000bb46 (0x00004f17) x30 0x8000fb46
core   0: 0x8000bb4a (0x4a3f2d23) sw      gp, 1210(t5)
core   0: 3 0x8000bb4a (0x4a3f2d23) mem 0x80010000 0x00000001
core   0: 0x8000bb4e (0x0000bfe5) c.j     pc - 8
core   0: 3 0x8000bb4e (0xbfe5)
core   0: 0x8000bb46 (0x00004f17) auipc   t5, 0x4
core   0: 3 0x8000bb46 (0x00004f17) x30 0x8000fb46
core   0: 0x8000bb4a (0x4a3f2d23) sw      gp, 1210(t5)
core   0: 3 0x8000bb4a (0x4a3f2d23) mem 0x80010000 0x00000001
core   0: 0x8000bb4e (0x0000bfe5) c.j     pc - 8
core   0: 3 0x8000bb4e (0xbfe5)
core   0: 0x8000bb46 (0x00004f17) auipc   t5, 0x4
core   0: 3 0x8000bb46 (0x00004f17) x30 0x8000fb46
core   0: 0x8000bb4a (0x4a3f2d23) sw      gp, 1210(t5)
core   0: 3 0x8000bb4a (0x4a3f2d23) mem 0x80010000 0x00000001
core   0: 0x8000bb4e (0x0000bfe5) c.j     pc - 8
core   0: 3 0x8000bb4e (0xbfe5)
core   0: 0x8000bb46 (0x00004f17) auipc   t5, 0x4
core   0: 3 0x8000bb46 (0x00004f17) x30 0x8000fb46
core   0: 0x8000bb4a (0x4a3f2d23) sw      gp, 1210(t5)
core   0: 3 0x8000bb4a (0x4a3f2d23) mem 0x80010000 0x00000001
core   0: 0x8000bb4e (0x0000bfe5) c.j     pc - 8
core   0: 3 0x8000bb4e (0xbfe5)
core   0: 0x8000bb46 (0x00004f17) auipc   t5, 0x4
core   0: 3 0x8000bb46 (0x00004f17) x30 0x8000fb46
core   0: 0x8000bb4a (0x4a3f2d23) sw      gp, 1210(t5)
core   0: 3 0x8000bb4a (0x4a3f2d23) mem 0x80010000 0x00000001
core   0: 0x8000bb4e (0x0000bfe5) c.j     pc - 8
core   0: 3 0x8000bb4e (0xbfe5)
core   0: 0x8000bb46 (0x00004f17) auipc   t5, 0x4
core   0: 3 0x8000bb46 (0x00004f17) x30 0x8000fb46
core   0: 0x8000bb4a (0x4a3f2d23) sw      gp, 1210(t5)
core   0: 3 0x8000bb4a (0x4a3f2d23) mem 0x80010000 0x00000001
core   0: 0x8000bb4e (0x0000bfe5) c.j     pc - 8
core   0: 3 0x8000bb4e (0xbfe5)
core   0: 0x8000bb46 (0x00004f17) auipc   t5, 0x4
core   0: 3 0x8000bb46 (0x00004f17) x30 0x8000fb46
core   0: 0x8000bb4a (0x4a3f2d23) sw      gp, 1210(t5)
core   0: 3 0x8000bb4a (0x4a3f2d23) mem 0x80010000 0x00000001
core   0: 0x8000bb4e (0x0000bfe5) c.j     pc - 8
core   0: 3 0x8000bb4e (0xbfe5)
core   0: 0x8000bb46 (0x00004f17) auipc   t5, 0x4
core   0: 3 0x8000bb46 (0x00004f17) x30 0x8000fb46
core   0: 0x8000bb4a (0x4a3f2d23) sw      gp, 1210(t5)
core   0: 3 0x8000bb4a (0x4a3f2d23) mem 0x80010000 0x00000001
core   0: 0x8000bb4e (0x0000bfe5) c.j     pc - 8
core   0: 3 0x8000bb4e (0xbfe5)
core   0: 0x8000bb46 (0x00004f17) auipc   t5, 0x4
core   0: 3 0x8000bb46 (0x00004f17) x30 0x8000fb46
core   0: 0x8000bb4a (0x4a3f2d23) sw      gp, 1210(t5)
core   0: 3 0x8000bb4a (0x4a3f2d23) mem 0x80010000 0x00000001
core   0: 0x8000bb4e (0x0000bfe5) c.j     pc - 8
core   0: 3 0x8000bb4e (0xbfe5)
core   0: 0x8000bb46 (0x00004f17) auipc   t5, 0x4
core   0: 3 0x8000bb46 (0x00004f17) x30 0x8000fb46
core   0: 0x8000bb4a (0x4a3f2d23) sw      gp, 1210(t5)
core   0: 3 0x8000bb4a (0x4a3f2d23) mem 0x80010000 0x00000001
core   0: 0x8000bb4e (0x0000bfe5) c.j     pc - 8
core   0: 3 0x8000bb4e (0xbfe5)
core   0: 0x8000bb46 (0x00004f17) auipc   t5, 0x4
core   0: 3 0x8000bb46 (0x00004f17) x30 0x8000fb46
core   0: 0x8000bb4a (0x4a3f2d23) sw      gp, 1210(t5)
core   0: 3 0x8000bb4a (0x4a3f2d23) mem 0x80010000 0x00000001
core   0: 0x8000bb4e (0x0000bfe5) c.j     pc - 8
core   0: 3 0x8000bb4e (0xbfe5)
core   0: 0x8000bb46 (0x00004f17) auipc   t5, 0x4
core   0: 3 0x8000bb46 (0x00004f17) x30 0x8000fb46
core   0: 0x8000bb4a (0x4a3f2d23) sw      gp, 1210(t5)
core   0: 3 0x8000bb4a (0x4a3f2d23) mem 0x80010000 0x00000001
core   0: 0x8000bb4e (0x0000bfe5) c.j     pc - 8
core   0: 3 0x8000bb4e (0xbfe5)
core   0: 0x8000bb46 (0x00004f17) auipc   t5, 0x4
core   0: 3 0x8000bb46 (0x00004f17) x30 0x8000fb46
core   0: 0x8000bb4a (0x4a3f2d23) sw      gp, 1210(t5)
core   0: 3 0x8000bb4a (0x4a3f2d23) mem 0x80010000 0x00000001
core   0: 0x8000bb4e (0x0000bfe5) c.j     pc - 8
core   0: 3 0x8000bb4e (0xbfe5)
core   0: 0x8000bb46 (0x00004f17) auipc   t5, 0x4
core   0: 3 0x8000bb46 (0x00004f17) x30 0x8000fb46
core   0: 0x8000bb4a (0x4a3f2d23) sw      gp, 1210(t5)
core   0: 3 0x8000bb4a (0x4a3f2d23) mem 0x80010000 0x00000001
core   0: 0x8000bb4e (0x0000bfe5) c.j     pc - 8
core   0: 3 0x8000bb4e (0xbfe5)
core   0: 0x8000bb46 (0x00004f17) auipc   t5, 0x4
core   0: 3 0x8000bb46 (0x00004f17) x30 0x8000fb46
core   0: 0x8000bb4a (0x4a3f2d23) sw      gp, 1210(t5)
core   0: 3 0x8000bb4a (0x4a3f2d23) mem 0x80010000 0x00000001
core   0: 0x8000bb4e (0x0000bfe5) c.j     pc - 8
core   0: 3 0x8000bb4e (0xbfe5)
core   0: 0x8000bb46 (0x00004f17) auipc   t5, 0x4
core   0: 3 0x8000bb46 (0x00004f17) x30 0x8000fb46
core   0: 0x8000bb4a (0x4a3f2d23) sw      gp, 1210(t5)
core   0: 3 0x8000bb4a (0x4a3f2d23) mem 0x80010000 0x00000001
core   0: 0x8000bb4e (0x0000bfe5) c.j     pc - 8
core   0: 3 0x8000bb4e (0xbfe5)
core   0: 0x8000bb46 (0x00004f17) auipc   t5, 0x4
core   0: 3 0x8000bb46 (0x00004f17) x30 0x8000fb46
core   0: 0x8000bb4a (0x4a3f2d23) sw      gp, 1210(t5)
core   0: 3 0x8000bb4a (0x4a3f2d23) mem 0x80010000 0x00000001
core   0: 0x8000bb4e (0x0000bfe5) c.j     pc - 8
core   0: 3 0x8000bb4e (0xbfe5)
core   0: 0x8000bb46 (0x00004f17) auipc   t5, 0x4
core   0: 3 0x8000bb46 (0x00004f17) x30 0x8000fb46
core   0: 0x8000bb4a (0x4a3f2d23) sw      gp, 1210(t5)
core   0: 3 0x8000bb4a (0x4a3f2d23) mem 0x80010000 0x00000001
core   0: 0x8000bb4e (0x0000bfe5) c.j     pc - 8
core   0: 3 0x8000bb4e (0xbfe5)
core   0: 0x8000bb46 (0x00004f17) auipc   t5, 0x4
core   0: 3 0x8000bb46 (0x00004f17) x30 0x8000fb46
core   0: 0x8000bb4a (0x4a3f2d23) sw      gp, 1210(t5)
core   0: 3 0x8000bb4a (0x4a3f2d23) mem 0x80010000 0x00000001
core   0: 0x8000bb4e (0x0000bfe5) c.j     pc - 8
core   0: 3 0x8000bb4e (0xbfe5)
core   0: 0x8000bb46 (0x00004f17) auipc   t5, 0x4
core   0: 3 0x8000bb46 (0x00004f17) x30 0x8000fb46
core   0: 0x8000bb4a (0x4a3f2d23) sw      gp, 1210(t5)
core   0: 3 0x8000bb4a (0x4a3f2d23) mem 0x80010000 0x00000001
core   0: 0x8000bb4e (0x0000bfe5) c.j     pc - 8
core   0: 3 0x8000bb4e (0xbfe5)
core   0: 0x8000bb46 (0x00004f17) auipc   t5, 0x4
core   0: 3 0x8000bb46 (0x00004f17) x30 0x8000fb46
core   0: 0x8000bb4a (0x4a3f2d23) sw      gp, 1210(t5)
core   0: 3 0x8000bb4a (0x4a3f2d23) mem 0x80010000 0x00000001
core   0: 0x8000bb4e (0x0000bfe5) c.j     pc - 8
core   0: 3 0x8000bb4e (0xbfe5)
core   0: 0x8000bb46 (0x00004f17) auipc   t5, 0x4
core   0: 3 0x8000bb46 (0x00004f17) x30 0x8000fb46
core   0: 0x8000bb4a (0x4a3f2d23) sw      gp, 1210(t5)
core   0: 3 0x8000bb4a (0x4a3f2d23) mem 0x80010000 0x00000001
core   0: 0x8000bb4e (0x0000bfe5) c.j     pc - 8
core   0: 3 0x8000bb4e (0xbfe5)
core   0: 0x8000bb46 (0x00004f17) auipc   t5, 0x4
core   0: 3 0x8000bb46 (0x00004f17) x30 0x8000fb46
core   0: 0x8000bb4a (0x4a3f2d23) sw      gp, 1210(t5)
core   0: 3 0x8000bb4a (0x4a3f2d23) mem 0x80010000 0x00000001
core   0: 0x8000bb4e (0x0000bfe5) c.j     pc - 8
core   0: 3 0x8000bb4e (0xbfe5)
core   0: 0x8000bb46 (0x00004f17) auipc   t5, 0x4
core   0: 3 0x8000bb46 (0x00004f17) x30 0x8000fb46
core   0: 0x8000bb4a (0x4a3f2d23) sw      gp, 1210(t5)
core   0: 3 0x8000bb4a (0x4a3f2d23) mem 0x80010000 0x00000001
core   0: 0x8000bb4e (0x0000bfe5) c.j     pc - 8
core   0: 3 0x8000bb4e (0xbfe5)
core   0: 0x8000bb46 (0x00004f17) auipc   t5, 0x4
core   0: 3 0x8000bb46 (0x00004f17) x30 0x8000fb46
core   0: 0x8000bb4a (0x4a3f2d23) sw      gp, 1210(t5)
core   0: 3 0x8000bb4a (0x4a3f2d23) mem 0x80010000 0x00000001
core   0: 0x8000bb4e (0x0000bfe5) c.j     pc - 8
core   0: 3 0x8000bb4e (0xbfe5)
core   0: 0x8000bb46 (0x00004f17) auipc   t5, 0x4
core   0: 3 0x8000bb46 (0x00004f17) x30 0x8000fb46
core   0: 0x8000bb4a (0x4a3f2d23) sw      gp, 1210(t5)
core   0: 3 0x8000bb4a (0x4a3f2d23) mem 0x80010000 0x00000001
core   0: 0x8000bb4e (0x0000bfe5) c.j     pc - 8
core   0: 3 0x8000bb4e (0xbfe5)
core   0: 0x8000bb46 (0x00004f17) auipc   t5, 0x4
core   0: 3 0x8000bb46 (0x00004f17) x30 0x8000fb46
core   0: 0x8000bb4a (0x4a3f2d23) sw      gp, 1210(t5)
core   0: 3 0x8000bb4a (0x4a3f2d23) mem 0x80010000 0x00000001
core   0: 0x8000bb4e (0x0000bfe5) c.j     pc - 8
core   0: 3 0x8000bb4e (0xbfe5)
core   0: 0x8000bb46 (0x00004f17) auipc   t5, 0x4
core   0: 3 0x8000bb46 (0x00004f17) x30 0x8000fb46
core   0: 0x8000bb4a (0x4a3f2d23) sw      gp, 1210(t5)
core   0: 3 0x8000bb4a (0x4a3f2d23) mem 0x80010000 0x00000001
core   0: 0x8000bb4e (0x0000bfe5) c.j     pc - 8
core   0: 3 0x8000bb4e (0xbfe5)
core   0: 0x8000bb46 (0x00004f17) auipc   t5, 0x4
core   0: 3 0x8000bb46 (0x00004f17) x30 0x8000fb46
core   0: 0x8000bb4a (0x4a3f2d23) sw      gp, 1210(t5)
core   0: 3 0x8000bb4a (0x4a3f2d23) mem 0x80010000 0x00000001
core   0: 0x8000bb4e (0x0000bfe5) c.j     pc - 8
core   0: 3 0x8000bb4e (0xbfe5)
core   0: 0x8000bb46 (0x00004f17) auipc   t5, 0x4
core   0: 3 0x8000bb46 (0x00004f17) x30 0x8000fb46
core   0: 0x8000bb4a (0x4a3f2d23) sw      gp, 1210(t5)
core   0: 3 0x8000bb4a (0x4a3f2d23) mem 0x80010000 0x00000001
core   0: 0x8000bb4e (0x0000bfe5) c.j     pc - 8
core   0: 3 0x8000bb4e (0xbfe5)
core   0: 0x8000bb46 (0x00004f17) auipc   t5, 0x4
core   0: 3 0x8000bb46 (0x00004f17) x30 0x8000fb46
core   0: 0x8000bb4a (0x4a3f2d23) sw      gp, 1210(t5)
core   0: 3 0x8000bb4a (0x4a3f2d23) mem 0x80010000 0x00000001
core   0: 0x8000bb4e (0x0000bfe5) c.j     pc - 8
core   0: 3 0x8000bb4e (0xbfe5)
core   0: 0x8000bb46 (0x00004f17) auipc   t5, 0x4
core   0: 3 0x8000bb46 (0x00004f17) x30 0x8000fb46
core   0: 0x8000bb4a (0x4a3f2d23) sw      gp, 1210(t5)
core   0: 3 0x8000bb4a (0x4a3f2d23) mem 0x80010000 0x00000001
core   0: 0x8000bb4e (0x0000bfe5) c.j     pc - 8
core   0: 3 0x8000bb4e (0xbfe5)
core   0: 0x8000bb46 (0x00004f17) auipc   t5, 0x4
core   0: 3 0x8000bb46 (0x00004f17) x30 0x8000fb46
core   0: 0x8000bb4a (0x4a3f2d23) sw      gp, 1210(t5)
core   0: 3 0x8000bb4a (0x4a3f2d23) mem 0x80010000 0x00000001
core   0: 0x8000bb4e (0x0000bfe5) c.j     pc - 8
core   0: 3 0x8000bb4e (0xbfe5)
core   0: 0x8000bb46 (0x00004f17) auipc   t5, 0x4
core   0: 3 0x8000bb46 (0x00004f17) x30 0x8000fb46
core   0: 0x8000bb4a (0x4a3f2d23) sw      gp, 1210(t5)
core   0: 3 0x8000bb4a (0x4a3f2d23) mem 0x80010000 0x00000001
core   0: 0x8000bb4e (0x0000bfe5) c.j     pc - 8
core   0: 3 0x8000bb4e (0xbfe5)
core   0: 0x8000bb46 (0x00004f17) auipc   t5, 0x4
core   0: 3 0x8000bb46 (0x00004f17) x30 0x8000fb46
core   0: 0x8000bb4a (0x4a3f2d23) sw      gp, 1210(t5)
core   0: 3 0x8000bb4a (0x4a3f2d23) mem 0x80010000 0x00000001
core   0: 0x8000bb4e (0x0000bfe5) c.j     pc - 8
core   0: 3 0x8000bb4e (0xbfe5)
core   0: 0x8000bb46 (0x00004f17) auipc   t5, 0x4
core   0: 3 0x8000bb46 (0x00004f17) x30 0x8000fb46
core   0: 0x8000bb4a (0x4a3f2d23) sw      gp, 1210(t5)
core   0: 3 0x8000bb4a (0x4a3f2d23) mem 0x80010000 0x00000001
core   0: 0x8000bb4e (0x0000bfe5) c.j     pc - 8
core   0: 3 0x8000bb4e (0xbfe5)
core   0: 0x8000bb46 (0x00004f17) auipc   t5, 0x4
core   0: 3 0x8000bb46 (0x00004f17) x30 0x8000fb46
core   0: 0x8000bb4a (0x4a3f2d23) sw      gp, 1210(t5)
core   0: 3 0x8000bb4a (0x4a3f2d23) mem 0x80010000 0x00000001
core   0: 0x8000bb4e (0x0000bfe5) c.j     pc - 8
core   0: 3 0x8000bb4e (0xbfe5)
core   0: 0x8000bb46 (0x00004f17) auipc   t5, 0x4
core   0: 3 0x8000bb46 (0x00004f17) x30 0x8000fb46
core   0: 0x8000bb4a (0x4a3f2d23) sw      gp, 1210(t5)
core   0: 3 0x8000bb4a (0x4a3f2d23) mem 0x80010000 0x00000001
core   0: 0x8000bb4e (0x0000bfe5) c.j     pc - 8
core   0: 3 0x8000bb4e (0xbfe5)
core   0: 0x8000bb46 (0x00004f17) auipc   t5, 0x4
core   0: 3 0x8000bb46 (0x00004f17) x30 0x8000fb46
core   0: 0x8000bb4a (0x4a3f2d23) sw      gp, 1210(t5)
core   0: 3 0x8000bb4a (0x4a3f2d23) mem 0x80010000 0x00000001
core   0: 0x8000bb4e (0x0000bfe5) c.j     pc - 8
core   0: 3 0x8000bb4e (0xbfe5)
core   0: 0x8000bb46 (0x00004f17) auipc   t5, 0x4
core   0: 3 0x8000bb46 (0x00004f17) x30 0x8000fb46
core   0: 0x8000bb4a (0x4a3f2d23) sw      gp, 1210(t5)
core   0: 3 0x8000bb4a (0x4a3f2d23) mem 0x80010000 0x00000001
core   0: 0x8000bb4e (0x0000bfe5) c.j     pc - 8
core   0: 3 0x8000bb4e (0xbfe5)
core   0: 0x8000bb46 (0x00004f17) auipc   t5, 0x4
core   0: 3 0x8000bb46 (0x00004f17) x30 0x8000fb46
core   0: 0x8000bb4a (0x4a3f2d23) sw      gp, 1210(t5)
core   0: 3 0x8000bb4a (0x4a3f2d23) mem 0x80010000 0x00000001
core   0: 0x8000bb4e (0x0000bfe5) c.j     pc - 8
core   0: 3 0x8000bb4e (0xbfe5)
core   0: 0x8000bb46 (0x00004f17) auipc   t5, 0x4
core   0: 3 0x8000bb46 (0x00004f17) x30 0x8000fb46
core   0: 0x8000bb4a (0x4a3f2d23) sw      gp, 1210(t5)
core   0: 3 0x8000bb4a (0x4a3f2d23) mem 0x80010000 0x00000001
core   0: 0x8000bb4e (0x0000bfe5) c.j     pc - 8
core   0: 3 0x8000bb4e (0xbfe5)
core   0: 0x8000bb46 (0x00004f17) auipc   t5, 0x4
core   0: 3 0x8000bb46 (0x00004f17) x30 0x8000fb46
core   0: 0x8000bb4a (0x4a3f2d23) sw      gp, 1210(t5)
core   0: 3 0x8000bb4a (0x4a3f2d23) mem 0x80010000 0x00000001
core   0: 0x8000bb4e (0x0000bfe5) c.j     pc - 8
core   0: 3 0x8000bb4e (0xbfe5)
core   0: 0x8000bb46 (0x00004f17) auipc   t5, 0x4
core   0: 3 0x8000bb46 (0x00004f17) x30 0x8000fb46
core   0: 0x8000bb4a (0x4a3f2d23) sw      gp, 1210(t5)
core   0: 3 0x8000bb4a (0x4a3f2d23) mem 0x80010000 0x00000001
core   0: 0x8000bb4e (0x0000bfe5) c.j     pc - 8
core   0: 3 0x8000bb4e (0xbfe5)
core   0: 0x8000bb46 (0x00004f17) auipc   t5, 0x4
core   0: 3 0x8000bb46 (0x00004f17) x30 0x8000fb46
core   0: 0x8000bb4a (0x4a3f2d23) sw      gp, 1210(t5)
core   0: 3 0x8000bb4a (0x4a3f2d23) mem 0x80010000 0x00000001
core   0: 0x8000bb4e (0x0000bfe5) c.j     pc - 8
core   0: 3 0x8000bb4e (0xbfe5)
core   0: 0x8000bb46 (0x00004f17) auipc   t5, 0x4
core   0: 3 0x8000bb46 (0x00004f17) x30 0x8000fb46
core   0: 0x8000bb4a (0x4a3f2d23) sw      gp, 1210(t5)
core   0: 3 0x8000bb4a (0x4a3f2d23) mem 0x80010000 0x00000001
core   0: 0x8000bb4e (0x0000bfe5) c.j     pc - 8
core   0: 3 0x8000bb4e (0xbfe5)
core   0: 0x8000bb46 (0x00004f17) auipc   t5, 0x4
core   0: 3 0x8000bb46 (0x00004f17) x30 0x8000fb46
core   0: 0x8000bb4a (0x4a3f2d23) sw      gp, 1210(t5)
core   0: 3 0x8000bb4a (0x4a3f2d23) mem 0x80010000 0x00000001
core   0: 0x8000bb4e (0x0000bfe5) c.j     pc - 8
core   0: 3 0x8000bb4e (0xbfe5)
core   0: 0x8000bb46 (0x00004f17) auipc   t5, 0x4
core   0: 3 0x8000bb46 (0x00004f17) x30 0x8000fb46
core   0: 0x8000bb4a (0x4a3f2d23) sw      gp, 1210(t5)
core   0: 3 0x8000bb4a (0x4a3f2d23) mem 0x80010000 0x00000001
core   0: 0x8000bb4e (0x0000bfe5) c.j     pc - 8
core   0: 3 0x8000bb4e (0xbfe5)
core   0: 0x8000bb46 (0x00004f17) auipc   t5, 0x4
core   0: 3 0x8000bb46 (0x00004f17) x30 0x8000fb46
core   0: 0x8000bb4a (0x4a3f2d23) sw      gp, 1210(t5)
core   0: 3 0x8000bb4a (0x4a3f2d23) mem 0x80010000 0x00000001
core   0: 0x8000bb4e (0x0000bfe5) c.j     pc - 8
core   0: 3 0x8000bb4e (0xbfe5)
core   0: 0x8000bb46 (0x00004f17) auipc   t5, 0x4
core   0: 3 0x8000bb46 (0x00004f17) x30 0x8000fb46
core   0: 0x8000bb4a (0x4a3f2d23) sw      gp, 1210(t5)
core   0: 3 0x8000bb4a (0x4a3f2d23) mem 0x80010000 0x00000001
core   0: 0x8000bb4e (0x0000bfe5) c.j     pc - 8
core   0: 3 0x8000bb4e (0xbfe5)
core   0: 0x8000bb46 (0x00004f17) auipc   t5, 0x4
core   0: 3 0x8000bb46 (0x00004f17) x30 0x8000fb46
core   0: 0x8000bb4a (0x4a3f2d23) sw      gp, 1210(t5)
core   0: 3 0x8000bb4a (0x4a3f2d23) mem 0x80010000 0x00000001
core   0: 0x8000bb4e (0x0000bfe5) c.j     pc - 8
core   0: 3 0x8000bb4e (0xbfe5)
core   0: 0x8000bb46 (0x00004f17) auipc   t5, 0x4
core   0: 3 0x8000bb46 (0x00004f17) x30 0x8000fb46
core   0: 0x8000bb4a (0x4a3f2d23) sw      gp, 1210(t5)
core   0: 3 0x8000bb4a (0x4a3f2d23) mem 0x80010000 0x00000001
core   0: 0x8000bb4e (0x0000bfe5) c.j     pc - 8
core   0: 3 0x8000bb4e (0xbfe5)
core   0: 0x8000bb46 (0x00004f17) auipc   t5, 0x4
core   0: 3 0x8000bb46 (0x00004f17) x30 0x8000fb46
core   0: 0x8000bb4a (0x4a3f2d23) sw      gp, 1210(t5)
core   0: 3 0x8000bb4a (0x4a3f2d23) mem 0x80010000 0x00000001
core   0: 0x8000bb4e (0x0000bfe5) c.j     pc - 8
core   0: 3 0x8000bb4e (0xbfe5)
core   0: 0x8000bb46 (0x00004f17) auipc   t5, 0x4
core   0: 3 0x8000bb46 (0x00004f17) x30 0x8000fb46
core   0: 0x8000bb4a (0x4a3f2d23) sw      gp, 1210(t5)
core   0: 3 0x8000bb4a (0x4a3f2d23) mem 0x80010000 0x00000001
core   0: 0x8000bb4e (0x0000bfe5) c.j     pc - 8
core   0: 3 0x8000bb4e (0xbfe5)
core   0: 0x8000bb46 (0x00004f17) auipc   t5, 0x4
core   0: 3 0x8000bb46 (0x00004f17) x30 0x8000fb46
core   0: 0x8000bb4a (0x4a3f2d23) sw      gp, 1210(t5)
core   0: 3 0x8000bb4a (0x4a3f2d23) mem 0x80010000 0x00000001
core   0: 0x8000bb4e (0x0000bfe5) c.j     pc - 8
core   0: 3 0x8000bb4e (0xbfe5)
core   0: 0x8000bb46 (0x00004f17) auipc   t5, 0x4
core   0: 3 0x8000bb46 (0x00004f17) x30 0x8000fb46
core   0: 0x8000bb4a (0x4a3f2d23) sw      gp, 1210(t5)
core   0: 3 0x8000bb4a (0x4a3f2d23) mem 0x80010000 0x00000001
core   0: 0x8000bb4e (0x0000bfe5) c.j     pc - 8
core   0: 3 0x8000bb4e (0xbfe5)
core   0: 0x8000bb46 (0x00004f17) auipc   t5, 0x4
core   0: 3 0x8000bb46 (0x00004f17) x30 0x8000fb46
core   0: 0x8000bb4a (0x4a3f2d23) sw      gp, 1210(t5)
core   0: 3 0x8000bb4a (0x4a3f2d23) mem 0x80010000 0x00000001
core   0: 0x8000bb4e (0x0000bfe5) c.j     pc - 8
core   0: 3 0x8000bb4e (0xbfe5)
core   0: 0x8000bb46 (0x00004f17) auipc   t5, 0x4
core   0: 3 0x8000bb46 (0x00004f17) x30 0x8000fb46
core   0: 0x8000bb4a (0x4a3f2d23) sw      gp, 1210(t5)
core   0: 3 0x8000bb4a (0x4a3f2d23) mem 0x80010000 0x00000001
core   0: 0x8000bb4e (0x0000bfe5) c.j     pc - 8
core   0: 3 0x8000bb4e (0xbfe5)
core   0: 0x8000bb46 (0x00004f17) auipc   t5, 0x4
core   0: 3 0x8000bb46 (0x00004f17) x30 0x8000fb46
core   0: 0x8000bb4a (0x4a3f2d23) sw      gp, 1210(t5)
core   0: 3 0x8000bb4a (0x4a3f2d23) mem 0x80010000 0x00000001
core   0: 0x8000bb4e (0x0000bfe5) c.j     pc - 8
core   0: 3 0x8000bb4e (0xbfe5)
core   0: 0x8000bb46 (0x00004f17) auipc   t5, 0x4
core   0: 3 0x8000bb46 (0x00004f17) x30 0x8000fb46
core   0: 0x8000bb4a (0x4a3f2d23) sw      gp, 1210(t5)
core   0: 3 0x8000bb4a (0x4a3f2d23) mem 0x80010000 0x00000001
core   0: 0x8000bb4e (0x0000bfe5) c.j     pc - 8
core   0: 3 0x8000bb4e (0xbfe5)
core   0: 0x8000bb46 (0x00004f17) auipc   t5, 0x4
core   0: 3 0x8000bb46 (0x00004f17) x30 0x8000fb46
core   0: 0x8000bb4a (0x4a3f2d23) sw      gp, 1210(t5)
core   0: 3 0x8000bb4a (0x4a3f2d23) mem 0x80010000 0x00000001
core   0: 0x8000bb4e (0x0000bfe5) c.j     pc - 8
core   0: 3 0x8000bb4e (0xbfe5)
core   0: 0x8000bb46 (0x00004f17) auipc   t5, 0x4
core   0: 3 0x8000bb46 (0x00004f17) x30 0x8000fb46
core   0: 0x8000bb4a (0x4a3f2d23) sw      gp, 1210(t5)
core   0: 3 0x8000bb4a (0x4a3f2d23) mem 0x80010000 0x00000001
core   0: 0x8000bb4e (0x0000bfe5) c.j     pc - 8
core   0: 3 0x8000bb4e (0xbfe5)
core   0: 0x8000bb46 (0x00004f17) auipc   t5, 0x4
core   0: 3 0x8000bb46 (0x00004f17) x30 0x8000fb46
core   0: 0x8000bb4a (0x4a3f2d23) sw      gp, 1210(t5)
core   0: 3 0x8000bb4a (0x4a3f2d23) mem 0x80010000 0x00000001
core   0: 0x8000bb4e (0x0000bfe5) c.j     pc - 8
core   0: 3 0x8000bb4e (0xbfe5)
core   0: 0x8000bb46 (0x00004f17) auipc   t5, 0x4
core   0: 3 0x8000bb46 (0x00004f17) x30 0x8000fb46
core   0: 0x8000bb4a (0x4a3f2d23) sw      gp, 1210(t5)
core   0: 3 0x8000bb4a (0x4a3f2d23) mem 0x80010000 0x00000001
core   0: 0x8000bb4e (0x0000bfe5) c.j     pc - 8
core   0: 3 0x8000bb4e (0xbfe5)
core   0: 0x8000bb46 (0x00004f17) auipc   t5, 0x4
core   0: 3 0x8000bb46 (0x00004f17) x30 0x8000fb46
core   0: 0x8000bb4a (0x4a3f2d23) sw      gp, 1210(t5)
core   0: 3 0x8000bb4a (0x4a3f2d23) mem 0x80010000 0x00000001
core   0: 0x8000bb4e (0x0000bfe5) c.j     pc - 8
core   0: 3 0x8000bb4e (0xbfe5)
core   0: 0x8000bb46 (0x00004f17) auipc   t5, 0x4
core   0: 3 0x8000bb46 (0x00004f17) x30 0x8000fb46
core   0: 0x8000bb4a (0x4a3f2d23) sw      gp, 1210(t5)
core   0: 3 0x8000bb4a (0x4a3f2d23) mem 0x80010000 0x00000001
core   0: 0x8000bb4e (0x0000bfe5) c.j     pc - 8
core   0: 3 0x8000bb4e (0xbfe5)
core   0: 0x8000bb46 (0x00004f17) auipc   t5, 0x4
core   0: 3 0x8000bb46 (0x00004f17) x30 0x8000fb46
core   0: 0x8000bb4a (0x4a3f2d23) sw      gp, 1210(t5)
core   0: 3 0x8000bb4a (0x4a3f2d23) mem 0x80010000 0x00000001
core   0: 0x8000bb4e (0x0000bfe5) c.j     pc - 8
core   0: 3 0x8000bb4e (0xbfe5)
core   0: 0x8000bb46 (0x00004f17) auipc   t5, 0x4
core   0: 3 0x8000bb46 (0x00004f17) x30 0x8000fb46
core   0: 0x8000bb4a (0x4a3f2d23) sw      gp, 1210(t5)
core   0: 3 0x8000bb4a (0x4a3f2d23) mem 0x80010000 0x00000001
core   0: 0x8000bb4e (0x0000bfe5) c.j     pc - 8
core   0: 3 0x8000bb4e (0xbfe5)
core   0: 0x8000bb46 (0x00004f17) auipc   t5, 0x4
core   0: 3 0x8000bb46 (0x00004f17) x30 0x8000fb46
core   0: 0x8000bb4a (0x4a3f2d23) sw      gp, 1210(t5)
core   0: 3 0x8000bb4a (0x4a3f2d23) mem 0x80010000 0x00000001
core   0: 0x8000bb4e (0x0000bfe5) c.j     pc - 8
core   0: 3 0x8000bb4e (0xbfe5)
core   0: 0x8000bb46 (0x00004f17) auipc   t5, 0x4
core   0: 3 0x8000bb46 (0x00004f17) x30 0x8000fb46
core   0: 0x8000bb4a (0x4a3f2d23) sw      gp, 1210(t5)
core   0: 3 0x8000bb4a (0x4a3f2d23) mem 0x80010000 0x00000001
core   0: 0x8000bb4e (0x0000bfe5) c.j     pc - 8
core   0: 3 0x8000bb4e (0xbfe5)
core   0: 0x8000bb46 (0x00004f17) auipc   t5, 0x4
core   0: 3 0x8000bb46 (0x00004f17) x30 0x8000fb46
core   0: 0x8000bb4a (0x4a3f2d23) sw      gp, 1210(t5)
core   0: 3 0x8000bb4a (0x4a3f2d23) mem 0x80010000 0x00000001
core   0: 0x8000bb4e (0x0000bfe5) c.j     pc - 8
core   0: 3 0x8000bb4e (0xbfe5)
core   0: 0x8000bb46 (0x00004f17) auipc   t5, 0x4
core   0: 3 0x8000bb46 (0x00004f17) x30 0x8000fb46
core   0: 0x8000bb4a (0x4a3f2d23) sw      gp, 1210(t5)
core   0: 3 0x8000bb4a (0x4a3f2d23) mem 0x80010000 0x00000001
core   0: 0x8000bb4e (0x0000bfe5) c.j     pc - 8
core   0: 3 0x8000bb4e (0xbfe5)
core   0: 0x8000bb46 (0x00004f17) auipc   t5, 0x4
core   0: 3 0x8000bb46 (0x00004f17) x30 0x8000fb46
core   0: 0x8000bb4a (0x4a3f2d23) sw      gp, 1210(t5)
core   0: 3 0x8000bb4a (0x4a3f2d23) mem 0x80010000 0x00000001
core   0: 0x8000bb4e (0x0000bfe5) c.j     pc - 8
core   0: 3 0x8000bb4e (0xbfe5)
core   0: 0x8000bb46 (0x00004f17) auipc   t5, 0x4
core   0: 3 0x8000bb46 (0x00004f17) x30 0x8000fb46
core   0: 0x8000bb4a (0x4a3f2d23) sw      gp, 1210(t5)
core   0: 3 0x8000bb4a (0x4a3f2d23) mem 0x80010000 0x00000001
core   0: 0x8000bb4e (0x0000bfe5) c.j     pc - 8
core   0: 3 0x8000bb4e (0xbfe5)
core   0: 0x8000bb46 (0x00004f17) auipc   t5, 0x4
core   0: 3 0x8000bb46 (0x00004f17) x30 0x8000fb46
core   0: 0x8000bb4a (0x4a3f2d23) sw      gp, 1210(t5)
core   0: 3 0x8000bb4a (0x4a3f2d23) mem 0x80010000 0x00000001
core   0: 0x8000bb4e (0x0000bfe5) c.j     pc - 8
core   0: 3 0x8000bb4e (0xbfe5)
core   0: 0x8000bb46 (0x00004f17) auipc   t5, 0x4
core   0: 3 0x8000bb46 (0x00004f17) x30 0x8000fb46
core   0: 0x8000bb4a (0x4a3f2d23) sw      gp, 1210(t5)
core   0: 3 0x8000bb4a (0x4a3f2d23) mem 0x80010000 0x00000001
core   0: 0x8000bb4e (0x0000bfe5) c.j     pc - 8
core   0: 3 0x8000bb4e (0xbfe5)
core   0: 0x8000bb46 (0x00004f17) auipc   t5, 0x4
core   0: 3 0x8000bb46 (0x00004f17) x30 0x8000fb46
core   0: 0x8000bb4a (0x4a3f2d23) sw      gp, 1210(t5)
core   0: 3 0x8000bb4a (0x4a3f2d23) mem 0x80010000 0x00000001
core   0: 0x8000bb4e (0x0000bfe5) c.j     pc - 8
core   0: 3 0x8000bb4e (0xbfe5)
core   0: 0x8000bb46 (0x00004f17) auipc   t5, 0x4
core   0: 3 0x8000bb46 (0x00004f17) x30 0x8000fb46
core   0: 0x8000bb4a (0x4a3f2d23) sw      gp, 1210(t5)
core   0: 3 0x8000bb4a (0x4a3f2d23) mem 0x80010000 0x00000001
core   0: 0x8000bb4e (0x0000bfe5) c.j     pc - 8
core   0: 3 0x8000bb4e (0xbfe5)
core   0: 0x8000bb46 (0x00004f17) auipc   t5, 0x4
core   0: 3 0x8000bb46 (0x00004f17) x30 0x8000fb46
core   0: 0x8000bb4a (0x4a3f2d23) sw      gp, 1210(t5)
core   0: 3 0x8000bb4a (0x4a3f2d23) mem 0x80010000 0x00000001
core   0: 0x8000bb4e (0x0000bfe5) c.j     pc - 8
core   0: 3 0x8000bb4e (0xbfe5)
core   0: 0x8000bb46 (0x00004f17) auipc   t5, 0x4
core   0: 3 0x8000bb46 (0x00004f17) x30 0x8000fb46
core   0: 0x8000bb4a (0x4a3f2d23) sw      gp, 1210(t5)
core   0: 3 0x8000bb4a (0x4a3f2d23) mem 0x80010000 0x00000001
core   0: 0x8000bb4e (0x0000bfe5) c.j     pc - 8
core   0: 3 0x8000bb4e (0xbfe5)
core   0: 0x8000bb46 (0x00004f17) auipc   t5, 0x4
core   0: 3 0x8000bb46 (0x00004f17) x30 0x8000fb46
core   0: 0x8000bb4a (0x4a3f2d23) sw      gp, 1210(t5)
core   0: 3 0x8000bb4a (0x4a3f2d23) mem 0x80010000 0x00000001
core   0: 0x8000bb4e (0x0000bfe5) c.j     pc - 8
core   0: 3 0x8000bb4e (0xbfe5)
core   0: 0x8000bb46 (0x00004f17) auipc   t5, 0x4
core   0: 3 0x8000bb46 (0x00004f17) x30 0x8000fb46
core   0: 0x8000bb4a (0x4a3f2d23) sw      gp, 1210(t5)
core   0: 3 0x8000bb4a (0x4a3f2d23) mem 0x80010000 0x00000001
core   0: 0x8000bb4e (0x0000bfe5) c.j     pc - 8
core   0: 3 0x8000bb4e (0xbfe5)
core   0: 0x8000bb46 (0x00004f17) auipc   t5, 0x4
core   0: 3 0x8000bb46 (0x00004f17) x30 0x8000fb46
core   0: 0x8000bb4a (0x4a3f2d23) sw      gp, 1210(t5)
core   0: 3 0x8000bb4a (0x4a3f2d23) mem 0x80010000 0x00000001
core   0: 0x8000bb4e (0x0000bfe5) c.j     pc - 8
core   0: 3 0x8000bb4e (0xbfe5)
core   0: 0x8000bb46 (0x00004f17) auipc   t5, 0x4
core   0: 3 0x8000bb46 (0x00004f17) x30 0x8000fb46
core   0: 0x8000bb4a (0x4a3f2d23) sw      gp, 1210(t5)
core   0: 3 0x8000bb4a (0x4a3f2d23) mem 0x80010000 0x00000001
core   0: 0x8000bb4e (0x0000bfe5) c.j     pc - 8
core   0: 3 0x8000bb4e (0xbfe5)
core   0: 0x8000bb46 (0x00004f17) auipc   t5, 0x4
core   0: 3 0x8000bb46 (0x00004f17) x30 0x8000fb46
core   0: 0x8000bb4a (0x4a3f2d23) sw      gp, 1210(t5)
core   0: 3 0x8000bb4a (0x4a3f2d23) mem 0x80010000 0x00000001
core   0: 0x8000bb4e (0x0000bfe5) c.j     pc - 8
core   0: 3 0x8000bb4e (0xbfe5)
core   0: 0x8000bb46 (0x00004f17) auipc   t5, 0x4
core   0: 3 0x8000bb46 (0x00004f17) x30 0x8000fb46
core   0: 0x8000bb4a (0x4a3f2d23) sw      gp, 1210(t5)
core   0: 3 0x8000bb4a (0x4a3f2d23) mem 0x80010000 0x00000001
core   0: 0x8000bb4e (0x0000bfe5) c.j     pc - 8
core   0: 3 0x8000bb4e (0xbfe5)
core   0: 0x8000bb46 (0x00004f17) auipc   t5, 0x4
core   0: 3 0x8000bb46 (0x00004f17) x30 0x8000fb46
core   0: 0x8000bb4a (0x4a3f2d23) sw      gp, 1210(t5)
core   0: 3 0x8000bb4a (0x4a3f2d23) mem 0x80010000 0x00000001
core   0: 0x8000bb4e (0x0000bfe5) c.j     pc - 8
core   0: 3 0x8000bb4e (0xbfe5)
core   0: 0x8000bb46 (0x00004f17) auipc   t5, 0x4
core   0: 3 0x8000bb46 (0x00004f17) x30 0x8000fb46
core   0: 0x8000bb4a (0x4a3f2d23) sw      gp, 1210(t5)
core   0: 3 0x8000bb4a (0x4a3f2d23) mem 0x80010000 0x00000001
core   0: 0x8000bb4e (0x0000bfe5) c.j     pc - 8
core   0: 3 0x8000bb4e (0xbfe5)
core   0: 0x8000bb46 (0x00004f17) auipc   t5, 0x4
core   0: 3 0x8000bb46 (0x00004f17) x30 0x8000fb46
core   0: 0x8000bb4a (0x4a3f2d23) sw      gp, 1210(t5)
core   0: 3 0x8000bb4a (0x4a3f2d23) mem 0x80010000 0x00000001
core   0: 0x8000bb4e (0x0000bfe5) c.j     pc - 8
core   0: 3 0x8000bb4e (0xbfe5)
core   0: 0x8000bb46 (0x00004f17) auipc   t5, 0x4
core   0: 3 0x8000bb46 (0x00004f17) x30 0x8000fb46
core   0: 0x8000bb4a (0x4a3f2d23) sw      gp, 1210(t5)
core   0: 3 0x8000bb4a (0x4a3f2d23) mem 0x80010000 0x00000001
core   0: 0x8000bb4e (0x0000bfe5) c.j     pc - 8
core   0: 3 0x8000bb4e (0xbfe5)
core   0: 0x8000bb46 (0x00004f17) auipc   t5, 0x4
core   0: 3 0x8000bb46 (0x00004f17) x30 0x8000fb46
core   0: 0x8000bb4a (0x4a3f2d23) sw      gp, 1210(t5)
core   0: 3 0x8000bb4a (0x4a3f2d23) mem 0x80010000 0x00000001
core   0: 0x8000bb4e (0x0000bfe5) c.j     pc - 8
core   0: 3 0x8000bb4e (0xbfe5)
core   0: 0x8000bb46 (0x00004f17) auipc   t5, 0x4
core   0: 3 0x8000bb46 (0x00004f17) x30 0x8000fb46
core   0: 0x8000bb4a (0x4a3f2d23) sw      gp, 1210(t5)
core   0: 3 0x8000bb4a (0x4a3f2d23) mem 0x80010000 0x00000001
core   0: 0x8000bb4e (0x0000bfe5) c.j     pc - 8
core   0: 3 0x8000bb4e (0xbfe5)
core   0: 0x8000bb46 (0x00004f17) auipc   t5, 0x4
core   0: 3 0x8000bb46 (0x00004f17) x30 0x8000fb46
core   0: 0x8000bb4a (0x4a3f2d23) sw      gp, 1210(t5)
core   0: 3 0x8000bb4a (0x4a3f2d23) mem 0x80010000 0x00000001
core   0: 0x8000bb4e (0x0000bfe5) c.j     pc - 8
core   0: 3 0x8000bb4e (0xbfe5)
core   0: 0x8000bb46 (0x00004f17) auipc   t5, 0x4
core   0: 3 0x8000bb46 (0x00004f17) x30 0x8000fb46
core   0: 0x8000bb4a (0x4a3f2d23) sw      gp, 1210(t5)
core   0: 3 0x8000bb4a (0x4a3f2d23) mem 0x80010000 0x00000001
core   0: 0x8000bb4e (0x0000bfe5) c.j     pc - 8
core   0: 3 0x8000bb4e (0xbfe5)
core   0: 0x8000bb46 (0x00004f17) auipc   t5, 0x4
core   0: 3 0x8000bb46 (0x00004f17) x30 0x8000fb46
core   0: 0x8000bb4a (0x4a3f2d23) sw      gp, 1210(t5)
core   0: 3 0x8000bb4a (0x4a3f2d23) mem 0x80010000 0x00000001
core   0: 0x8000bb4e (0x0000bfe5) c.j     pc - 8
core   0: 3 0x8000bb4e (0xbfe5)
core   0: 0x8000bb46 (0x00004f17) auipc   t5, 0x4
core   0: 3 0x8000bb46 (0x00004f17) x30 0x8000fb46
core   0: 0x8000bb4a (0x4a3f2d23) sw      gp, 1210(t5)
core   0: 3 0x8000bb4a (0x4a3f2d23) mem 0x80010000 0x00000001
core   0: 0x8000bb4e (0x0000bfe5) c.j     pc - 8
core   0: 3 0x8000bb4e (0xbfe5)
core   0: 0x8000bb46 (0x00004f17) auipc   t5, 0x4
core   0: 3 0x8000bb46 (0x00004f17) x30 0x8000fb46
core   0: 0x8000bb4a (0x4a3f2d23) sw      gp, 1210(t5)
core   0: 3 0x8000bb4a (0x4a3f2d23) mem 0x80010000 0x00000001
core   0: 0x8000bb4e (0x0000bfe5) c.j     pc - 8
core   0: 3 0x8000bb4e (0xbfe5)
core   0: 0x8000bb46 (0x00004f17) auipc   t5, 0x4
core   0: 3 0x8000bb46 (0x00004f17) x30 0x8000fb46
core   0: 0x8000bb4a (0x4a3f2d23) sw      gp, 1210(t5)
core   0: 3 0x8000bb4a (0x4a3f2d23) mem 0x80010000 0x00000001
core   0: 0x8000bb4e (0x0000bfe5) c.j     pc - 8
core   0: 3 0x8000bb4e (0xbfe5)
core   0: 0x8000bb46 (0x00004f17) auipc   t5, 0x4
core   0: 3 0x8000bb46 (0x00004f17) x30 0x8000fb46
core   0: 0x8000bb4a (0x4a3f2d23) sw      gp, 1210(t5)
core   0: 3 0x8000bb4a (0x4a3f2d23) mem 0x80010000 0x00000001
core   0: 0x8000bb4e (0x0000bfe5) c.j     pc - 8
core   0: 3 0x8000bb4e (0xbfe5)
core   0: 0x8000bb46 (0x00004f17) auipc   t5, 0x4
core   0: 3 0x8000bb46 (0x00004f17) x30 0x8000fb46
core   0: 0x8000bb4a (0x4a3f2d23) sw      gp, 1210(t5)
core   0: 3 0x8000bb4a (0x4a3f2d23) mem 0x80010000 0x00000001
core   0: 0x8000bb4e (0x0000bfe5) c.j     pc - 8
core   0: 3 0x8000bb4e (0xbfe5)
core   0: 0x8000bb46 (0x00004f17) auipc   t5, 0x4
core   0: 3 0x8000bb46 (0x00004f17) x30 0x8000fb46
core   0: 0x8000bb4a (0x4a3f2d23) sw      gp, 1210(t5)
core   0: 3 0x8000bb4a (0x4a3f2d23) mem 0x80010000 0x00000001
core   0: 0x8000bb4e (0x0000bfe5) c.j     pc - 8
core   0: 3 0x8000bb4e (0xbfe5)
core   0: 0x8000bb46 (0x00004f17) auipc   t5, 0x4
core   0: 3 0x8000bb46 (0x00004f17) x30 0x8000fb46
core   0: 0x8000bb4a (0x4a3f2d23) sw      gp, 1210(t5)
core   0: 3 0x8000bb4a (0x4a3f2d23) mem 0x80010000 0x00000001
core   0: 0x8000bb4e (0x0000bfe5) c.j     pc - 8
core   0: 3 0x8000bb4e (0xbfe5)
core   0: 0x8000bb46 (0x00004f17) auipc   t5, 0x4
core   0: 3 0x8000bb46 (0x00004f17) x30 0x8000fb46
core   0: 0x8000bb4a (0x4a3f2d23) sw      gp, 1210(t5)
core   0: 3 0x8000bb4a (0x4a3f2d23) mem 0x80010000 0x00000001
core   0: 0x8000bb4e (0x0000bfe5) c.j     pc - 8
core   0: 3 0x8000bb4e (0xbfe5)
core   0: 0x8000bb46 (0x00004f17) auipc   t5, 0x4
core   0: 3 0x8000bb46 (0x00004f17) x30 0x8000fb46
core   0: 0x8000bb4a (0x4a3f2d23) sw      gp, 1210(t5)
core   0: 3 0x8000bb4a (0x4a3f2d23) mem 0x80010000 0x00000001
core   0: 0x8000bb4e (0x0000bfe5) c.j     pc - 8
core   0: 3 0x8000bb4e (0xbfe5)
core   0: 0x8000bb46 (0x00004f17) auipc   t5, 0x4
core   0: 3 0x8000bb46 (0x00004f17) x30 0x8000fb46
core   0: 0x8000bb4a (0x4a3f2d23) sw      gp, 1210(t5)
core   0: 3 0x8000bb4a (0x4a3f2d23) mem 0x80010000 0x00000001
core   0: 0x8000bb4e (0x0000bfe5) c.j     pc - 8
core   0: 3 0x8000bb4e (0xbfe5)
core   0: 0x8000bb46 (0x00004f17) auipc   t5, 0x4
core   0: 3 0x8000bb46 (0x00004f17) x30 0x8000fb46
core   0: 0x8000bb4a (0x4a3f2d23) sw      gp, 1210(t5)
core   0: 3 0x8000bb4a (0x4a3f2d23) mem 0x80010000 0x00000001
core   0: 0x8000bb4e (0x0000bfe5) c.j     pc - 8
core   0: 3 0x8000bb4e (0xbfe5)
core   0: 0x8000bb46 (0x00004f17) auipc   t5, 0x4
core   0: 3 0x8000bb46 (0x00004f17) x30 0x8000fb46
core   0: 0x8000bb4a (0x4a3f2d23) sw      gp, 1210(t5)
core   0: 3 0x8000bb4a (0x4a3f2d23) mem 0x80010000 0x00000001
core   0: 0x8000bb4e (0x0000bfe5) c.j     pc - 8
core   0: 3 0x8000bb4e (0xbfe5)
core   0: 0x8000bb46 (0x00004f17) auipc   t5, 0x4
core   0: 3 0x8000bb46 (0x00004f17) x30 0x8000fb46
core   0: 0x8000bb4a (0x4a3f2d23) sw      gp, 1210(t5)
core   0: 3 0x8000bb4a (0x4a3f2d23) mem 0x80010000 0x00000001
core   0: 0x8000bb4e (0x0000bfe5) c.j     pc - 8
core   0: 3 0x8000bb4e (0xbfe5)
core   0: 0x8000bb46 (0x00004f17) auipc   t5, 0x4
core   0: 3 0x8000bb46 (0x00004f17) x30 0x8000fb46
core   0: 0x8000bb4a (0x4a3f2d23) sw      gp, 1210(t5)
core   0: 3 0x8000bb4a (0x4a3f2d23) mem 0x80010000 0x00000001
core   0: 0x8000bb4e (0x0000bfe5) c.j     pc - 8
core   0: 3 0x8000bb4e (0xbfe5)
core   0: 0x8000bb46 (0x00004f17) auipc   t5, 0x4
core   0: 3 0x8000bb46 (0x00004f17) x30 0x8000fb46
core   0: 0x8000bb4a (0x4a3f2d23) sw      gp, 1210(t5)
core   0: 3 0x8000bb4a (0x4a3f2d23) mem 0x80010000 0x00000001
core   0: 0x8000bb4e (0x0000bfe5) c.j     pc - 8
core   0: 3 0x8000bb4e (0xbfe5)
core   0: 0x8000bb46 (0x00004f17) auipc   t5, 0x4
core   0: 3 0x8000bb46 (0x00004f17) x30 0x8000fb46
core   0: 0x8000bb4a (0x4a3f2d23) sw      gp, 1210(t5)
core   0: 3 0x8000bb4a (0x4a3f2d23) mem 0x80010000 0x00000001
core   0: 0x8000bb4e (0x0000bfe5) c.j     pc - 8
core   0: 3 0x8000bb4e (0xbfe5)
core   0: 0x8000bb46 (0x00004f17) auipc   t5, 0x4
core   0: 3 0x8000bb46 (0x00004f17) x30 0x8000fb46
core   0: 0x8000bb4a (0x4a3f2d23) sw      gp, 1210(t5)
core   0: 3 0x8000bb4a (0x4a3f2d23) mem 0x80010000 0x00000001
core   0: 0x8000bb4e (0x0000bfe5) c.j     pc - 8
core   0: 3 0x8000bb4e (0xbfe5)
core   0: 0x8000bb46 (0x00004f17) auipc   t5, 0x4
core   0: 3 0x8000bb46 (0x00004f17) x30 0x8000fb46
core   0: 0x8000bb4a (0x4a3f2d23) sw      gp, 1210(t5)
core   0: 3 0x8000bb4a (0x4a3f2d23) mem 0x80010000 0x00000001
core   0: 0x8000bb4e (0x0000bfe5) c.j     pc - 8
core   0: 3 0x8000bb4e (0xbfe5)
core   0: 0x8000bb46 (0x00004f17) auipc   t5, 0x4
core   0: 3 0x8000bb46 (0x00004f17) x30 0x8000fb46
core   0: 0x8000bb4a (0x4a3f2d23) sw      gp, 1210(t5)
core   0: 3 0x8000bb4a (0x4a3f2d23) mem 0x80010000 0x00000001
core   0: 0x8000bb4e (0x0000bfe5) c.j     pc - 8
core   0: 3 0x8000bb4e (0xbfe5)
core   0: 0x8000bb46 (0x00004f17) auipc   t5, 0x4
core   0: 3 0x8000bb46 (0x00004f17) x30 0x8000fb46
core   0: 0x8000bb4a (0x4a3f2d23) sw      gp, 1210(t5)
core   0: 3 0x8000bb4a (0x4a3f2d23) mem 0x80010000 0x00000001
core   0: 0x8000bb4e (0x0000bfe5) c.j     pc - 8
core   0: 3 0x8000bb4e (0xbfe5)
core   0: 0x8000bb46 (0x00004f17) auipc   t5, 0x4
core   0: 3 0x8000bb46 (0x00004f17) x30 0x8000fb46
core   0: 0x8000bb4a (0x4a3f2d23) sw      gp, 1210(t5)
core   0: 3 0x8000bb4a (0x4a3f2d23) mem 0x80010000 0x00000001
core   0: 0x8000bb4e (0x0000bfe5) c.j     pc - 8
core   0: 3 0x8000bb4e (0xbfe5)
core   0: 0x8000bb46 (0x00004f17) auipc   t5, 0x4
core   0: 3 0x8000bb46 (0x00004f17) x30 0x8000fb46
core   0: 0x8000bb4a (0x4a3f2d23) sw      gp, 1210(t5)
core   0: 3 0x8000bb4a (0x4a3f2d23) mem 0x80010000 0x00000001
core   0: 0x8000bb4e (0x0000bfe5) c.j     pc - 8
core   0: 3 0x8000bb4e (0xbfe5)
core   0: 0x8000bb46 (0x00004f17) auipc   t5, 0x4
core   0: 3 0x8000bb46 (0x00004f17) x30 0x8000fb46
core   0: 0x8000bb4a (0x4a3f2d23) sw      gp, 1210(t5)
core   0: 3 0x8000bb4a (0x4a3f2d23) mem 0x80010000 0x00000001
core   0: 0x8000bb4e (0x0000bfe5) c.j     pc - 8
core   0: 3 0x8000bb4e (0xbfe5)
core   0: 0x8000bb46 (0x00004f17) auipc   t5, 0x4
core   0: 3 0x8000bb46 (0x00004f17) x30 0x8000fb46
core   0: 0x8000bb4a (0x4a3f2d23) sw      gp, 1210(t5)
core   0: 3 0x8000bb4a (0x4a3f2d23) mem 0x80010000 0x00000001
core   0: 0x8000bb4e (0x0000bfe5) c.j     pc - 8
core   0: 3 0x8000bb4e (0xbfe5)
core   0: 0x8000bb46 (0x00004f17) auipc   t5, 0x4
core   0: 3 0x8000bb46 (0x00004f17) x30 0x8000fb46
core   0: 0x8000bb4a (0x4a3f2d23) sw      gp, 1210(t5)
core   0: 3 0x8000bb4a (0x4a3f2d23) mem 0x80010000 0x00000001
core   0: 0x8000bb4e (0x0000bfe5) c.j     pc - 8
core   0: 3 0x8000bb4e (0xbfe5)
core   0: 0x8000bb46 (0x00004f17) auipc   t5, 0x4
core   0: 3 0x8000bb46 (0x00004f17) x30 0x8000fb46
core   0: 0x8000bb4a (0x4a3f2d23) sw      gp, 1210(t5)
core   0: 3 0x8000bb4a (0x4a3f2d23) mem 0x80010000 0x00000001
core   0: 0x8000bb4e (0x0000bfe5) c.j     pc - 8
core   0: 3 0x8000bb4e (0xbfe5)
core   0: 0x8000bb46 (0x00004f17) auipc   t5, 0x4
core   0: 3 0x8000bb46 (0x00004f17) x30 0x8000fb46
core   0: 0x8000bb4a (0x4a3f2d23) sw      gp, 1210(t5)
core   0: 3 0x8000bb4a (0x4a3f2d23) mem 0x80010000 0x00000001
core   0: 0x8000bb4e (0x0000bfe5) c.j     pc - 8
core   0: 3 0x8000bb4e (0xbfe5)
core   0: 0x8000bb46 (0x00004f17) auipc   t5, 0x4
core   0: 3 0x8000bb46 (0x00004f17) x30 0x8000fb46
core   0: 0x8000bb4a (0x4a3f2d23) sw      gp, 1210(t5)
core   0: 3 0x8000bb4a (0x4a3f2d23) mem 0x80010000 0x00000001
core   0: 0x8000bb4e (0x0000bfe5) c.j     pc - 8
core   0: 3 0x8000bb4e (0xbfe5)
core   0: 0x8000bb46 (0x00004f17) auipc   t5, 0x4
core   0: 3 0x8000bb46 (0x00004f17) x30 0x8000fb46
core   0: 0x8000bb4a (0x4a3f2d23) sw      gp, 1210(t5)
core   0: 3 0x8000bb4a (0x4a3f2d23) mem 0x80010000 0x00000001
core   0: 0x8000bb4e (0x0000bfe5) c.j     pc - 8
core   0: 3 0x8000bb4e (0xbfe5)
core   0: 0x8000bb46 (0x00004f17) auipc   t5, 0x4
core   0: 3 0x8000bb46 (0x00004f17) x30 0x8000fb46
core   0: 0x8000bb4a (0x4a3f2d23) sw      gp, 1210(t5)
core   0: 3 0x8000bb4a (0x4a3f2d23) mem 0x80010000 0x00000001
core   0: 0x8000bb4e (0x0000bfe5) c.j     pc - 8
core   0: 3 0x8000bb4e (0xbfe5)
core   0: 0x8000bb46 (0x00004f17) auipc   t5, 0x4
core   0: 3 0x8000bb46 (0x00004f17) x30 0x8000fb46
core   0: 0x8000bb4a (0x4a3f2d23) sw      gp, 1210(t5)
core   0: 3 0x8000bb4a (0x4a3f2d23) mem 0x80010000 0x00000001
core   0: 0x8000bb4e (0x0000bfe5) c.j     pc - 8
core   0: 3 0x8000bb4e (0xbfe5)
core   0: 0x8000bb46 (0x00004f17) auipc   t5, 0x4
core   0: 3 0x8000bb46 (0x00004f17) x30 0x8000fb46
core   0: 0x8000bb4a (0x4a3f2d23) sw      gp, 1210(t5)
core   0: 3 0x8000bb4a (0x4a3f2d23) mem 0x80010000 0x00000001
core   0: 0x8000bb4e (0x0000bfe5) c.j     pc - 8
core   0: 3 0x8000bb4e (0xbfe5)
core   0: 0x8000bb46 (0x00004f17) auipc   t5, 0x4
core   0: 3 0x8000bb46 (0x00004f17) x30 0x8000fb46
core   0: 0x8000bb4a (0x4a3f2d23) sw      gp, 1210(t5)
core   0: 3 0x8000bb4a (0x4a3f2d23) mem 0x80010000 0x00000001
core   0: 0x8000bb4e (0x0000bfe5) c.j     pc - 8
core   0: 3 0x8000bb4e (0xbfe5)
core   0: 0x8000bb46 (0x00004f17) auipc   t5, 0x4
core   0: 3 0x8000bb46 (0x00004f17) x30 0x8000fb46
core   0: 0x8000bb4a (0x4a3f2d23) sw      gp, 1210(t5)
core   0: 3 0x8000bb4a (0x4a3f2d23) mem 0x80010000 0x00000001
core   0: 0x8000bb4e (0x0000bfe5) c.j     pc - 8
core   0: 3 0x8000bb4e (0xbfe5)
core   0: 0x8000bb46 (0x00004f17) auipc   t5, 0x4
core   0: 3 0x8000bb46 (0x00004f17) x30 0x8000fb46
core   0: 0x8000bb4a (0x4a3f2d23) sw      gp, 1210(t5)
core   0: 3 0x8000bb4a (0x4a3f2d23) mem 0x80010000 0x00000001
core   0: 0x8000bb4e (0x0000bfe5) c.j     pc - 8
core   0: 3 0x8000bb4e (0xbfe5)
core   0: 0x8000bb46 (0x00004f17) auipc   t5, 0x4
core   0: 3 0x8000bb46 (0x00004f17) x30 0x8000fb46
core   0: 0x8000bb4a (0x4a3f2d23) sw      gp, 1210(t5)
core   0: 3 0x8000bb4a (0x4a3f2d23) mem 0x80010000 0x00000001
core   0: 0x8000bb4e (0x0000bfe5) c.j     pc - 8
core   0: 3 0x8000bb4e (0xbfe5)
core   0: 0x8000bb46 (0x00004f17) auipc   t5, 0x4
core   0: 3 0x8000bb46 (0x00004f17) x30 0x8000fb46
core   0: 0x8000bb4a (0x4a3f2d23) sw      gp, 1210(t5)
core   0: 3 0x8000bb4a (0x4a3f2d23) mem 0x80010000 0x00000001
core   0: 0x8000bb4e (0x0000bfe5) c.j     pc - 8
core   0: 3 0x8000bb4e (0xbfe5)
core   0: 0x8000bb46 (0x00004f17) auipc   t5, 0x4
core   0: 3 0x8000bb46 (0x00004f17) x30 0x8000fb46
core   0: 0x8000bb4a (0x4a3f2d23) sw      gp, 1210(t5)
core   0: 3 0x8000bb4a (0x4a3f2d23) mem 0x80010000 0x00000001
core   0: 0x8000bb4e (0x0000bfe5) c.j     pc - 8
core   0: 3 0x8000bb4e (0xbfe5)
core   0: 0x8000bb46 (0x00004f17) auipc   t5, 0x4
core   0: 3 0x8000bb46 (0x00004f17) x30 0x8000fb46
core   0: 0x8000bb4a (0x4a3f2d23) sw      gp, 1210(t5)
core   0: 3 0x8000bb4a (0x4a3f2d23) mem 0x80010000 0x00000001
core   0: 0x8000bb4e (0x0000bfe5) c.j     pc - 8
core   0: 3 0x8000bb4e (0xbfe5)
core   0: 0x8000bb46 (0x00004f17) auipc   t5, 0x4
core   0: 3 0x8000bb46 (0x00004f17) x30 0x8000fb46
core   0: 0x8000bb4a (0x4a3f2d23) sw      gp, 1210(t5)
core   0: 3 0x8000bb4a (0x4a3f2d23) mem 0x80010000 0x00000001
core   0: 0x8000bb4e (0x0000bfe5) c.j     pc - 8
core   0: 3 0x8000bb4e (0xbfe5)
core   0: 0x8000bb46 (0x00004f17) auipc   t5, 0x4
core   0: 3 0x8000bb46 (0x00004f17) x30 0x8000fb46
core   0: 0x8000bb4a (0x4a3f2d23) sw      gp, 1210(t5)
core   0: 3 0x8000bb4a (0x4a3f2d23) mem 0x80010000 0x00000001
core   0: 0x8000bb4e (0x0000bfe5) c.j     pc - 8
core   0: 3 0x8000bb4e (0xbfe5)
core   0: 0x8000bb46 (0x00004f17) auipc   t5, 0x4
core   0: 3 0x8000bb46 (0x00004f17) x30 0x8000fb46
core   0: 0x8000bb4a (0x4a3f2d23) sw      gp, 1210(t5)
core   0: 3 0x8000bb4a (0x4a3f2d23) mem 0x80010000 0x00000001
core   0: 0x8000bb4e (0x0000bfe5) c.j     pc - 8
core   0: 3 0x8000bb4e (0xbfe5)
core   0: 0x8000bb46 (0x00004f17) auipc   t5, 0x4
core   0: 3 0x8000bb46 (0x00004f17) x30 0x8000fb46
core   0: 0x8000bb4a (0x4a3f2d23) sw      gp, 1210(t5)
core   0: 3 0x8000bb4a (0x4a3f2d23) mem 0x80010000 0x00000001
core   0: 0x8000bb4e (0x0000bfe5) c.j     pc - 8
core   0: 3 0x8000bb4e (0xbfe5)
core   0: 0x8000bb46 (0x00004f17) auipc   t5, 0x4
core   0: 3 0x8000bb46 (0x00004f17) x30 0x8000fb46
core   0: 0x8000bb4a (0x4a3f2d23) sw      gp, 1210(t5)
core   0: 3 0x8000bb4a (0x4a3f2d23) mem 0x80010000 0x00000001
core   0: 0x8000bb4e (0x0000bfe5) c.j     pc - 8
core   0: 3 0x8000bb4e (0xbfe5)
core   0: 0x8000bb46 (0x00004f17) auipc   t5, 0x4
core   0: 3 0x8000bb46 (0x00004f17) x30 0x8000fb46
core   0: 0x8000bb4a (0x4a3f2d23) sw      gp, 1210(t5)
core   0: 3 0x8000bb4a (0x4a3f2d23) mem 0x80010000 0x00000001
core   0: 0x8000bb4e (0x0000bfe5) c.j     pc - 8
core   0: 3 0x8000bb4e (0xbfe5)
core   0: 0x8000bb46 (0x00004f17) auipc   t5, 0x4
core   0: 3 0x8000bb46 (0x00004f17) x30 0x8000fb46
core   0: 0x8000bb4a (0x4a3f2d23) sw      gp, 1210(t5)
core   0: 3 0x8000bb4a (0x4a3f2d23) mem 0x80010000 0x00000001
core   0: 0x8000bb4e (0x0000bfe5) c.j     pc - 8
core   0: 3 0x8000bb4e (0xbfe5)
core   0: 0x8000bb46 (0x00004f17) auipc   t5, 0x4
core   0: 3 0x8000bb46 (0x00004f17) x30 0x8000fb46
core   0: 0x8000bb4a (0x4a3f2d23) sw      gp, 1210(t5)
core   0: 3 0x8000bb4a (0x4a3f2d23) mem 0x80010000 0x00000001
core   0: 0x8000bb4e (0x0000bfe5) c.j     pc - 8
core   0: 3 0x8000bb4e (0xbfe5)
core   0: 0x8000bb46 (0x00004f17) auipc   t5, 0x4
core   0: 3 0x8000bb46 (0x00004f17) x30 0x8000fb46
core   0: 0x8000bb4a (0x4a3f2d23) sw      gp, 1210(t5)
core   0: 3 0x8000bb4a (0x4a3f2d23) mem 0x80010000 0x00000001
core   0: 0x8000bb4e (0x0000bfe5) c.j     pc - 8
core   0: 3 0x8000bb4e (0xbfe5)
core   0: 0x8000bb46 (0x00004f17) auipc   t5, 0x4
core   0: 3 0x8000bb46 (0x00004f17) x30 0x8000fb46
core   0: 0x8000bb4a (0x4a3f2d23) sw      gp, 1210(t5)
core   0: 3 0x8000bb4a (0x4a3f2d23) mem 0x80010000 0x00000001
core   0: 0x8000bb4e (0x0000bfe5) c.j     pc - 8
core   0: 3 0x8000bb4e (0xbfe5)
core   0: 0x8000bb46 (0x00004f17) auipc   t5, 0x4
core   0: 3 0x8000bb46 (0x00004f17) x30 0x8000fb46
core   0: 0x8000bb4a (0x4a3f2d23) sw      gp, 1210(t5)
core   0: 3 0x8000bb4a (0x4a3f2d23) mem 0x80010000 0x00000001
core   0: 0x8000bb4e (0x0000bfe5) c.j     pc - 8
core   0: 3 0x8000bb4e (0xbfe5)
core   0: 0x8000bb46 (0x00004f17) auipc   t5, 0x4
core   0: 3 0x8000bb46 (0x00004f17) x30 0x8000fb46
core   0: 0x8000bb4a (0x4a3f2d23) sw      gp, 1210(t5)
core   0: 3 0x8000bb4a (0x4a3f2d23) mem 0x80010000 0x00000001
core   0: 0x8000bb4e (0x0000bfe5) c.j     pc - 8
core   0: 3 0x8000bb4e (0xbfe5)
core   0: 0x8000bb46 (0x00004f17) auipc   t5, 0x4
core   0: 3 0x8000bb46 (0x00004f17) x30 0x8000fb46
core   0: 0x8000bb4a (0x4a3f2d23) sw      gp, 1210(t5)
core   0: 3 0x8000bb4a (0x4a3f2d23) mem 0x80010000 0x00000001
core   0: 0x8000bb4e (0x0000bfe5) c.j     pc - 8
core   0: 3 0x8000bb4e (0xbfe5)
core   0: 0x8000bb46 (0x00004f17) auipc   t5, 0x4
core   0: 3 0x8000bb46 (0x00004f17) x30 0x8000fb46
core   0: 0x8000bb4a (0x4a3f2d23) sw      gp, 1210(t5)
core   0: 3 0x8000bb4a (0x4a3f2d23) mem 0x80010000 0x00000001
core   0: 0x8000bb4e (0x0000bfe5) c.j     pc - 8
core   0: 3 0x8000bb4e (0xbfe5)
core   0: 0x8000bb46 (0x00004f17) auipc   t5, 0x4
core   0: 3 0x8000bb46 (0x00004f17) x30 0x8000fb46
core   0: 0x8000bb4a (0x4a3f2d23) sw      gp, 1210(t5)
core   0: 3 0x8000bb4a (0x4a3f2d23) mem 0x80010000 0x00000001
core   0: 0x8000bb4e (0x0000bfe5) c.j     pc - 8
core   0: 3 0x8000bb4e (0xbfe5)
core   0: 0x8000bb46 (0x00004f17) auipc   t5, 0x4
core   0: 3 0x8000bb46 (0x00004f17) x30 0x8000fb46
core   0: 0x8000bb4a (0x4a3f2d23) sw      gp, 1210(t5)
core   0: 3 0x8000bb4a (0x4a3f2d23) mem 0x80010000 0x00000001
core   0: 0x8000bb4e (0x0000bfe5) c.j     pc - 8
core   0: 3 0x8000bb4e (0xbfe5)
core   0: 0x8000bb46 (0x00004f17) auipc   t5, 0x4
core   0: 3 0x8000bb46 (0x00004f17) x30 0x8000fb46
core   0: 0x8000bb4a (0x4a3f2d23) sw      gp, 1210(t5)
core   0: 3 0x8000bb4a (0x4a3f2d23) mem 0x80010000 0x00000001
core   0: 0x8000bb4e (0x0000bfe5) c.j     pc - 8
core   0: 3 0x8000bb4e (0xbfe5)
core   0: 0x8000bb46 (0x00004f17) auipc   t5, 0x4
core   0: 3 0x8000bb46 (0x00004f17) x30 0x8000fb46
core   0: 0x8000bb4a (0x4a3f2d23) sw      gp, 1210(t5)
core   0: 3 0x8000bb4a (0x4a3f2d23) mem 0x80010000 0x00000001
core   0: 0x8000bb4e (0x0000bfe5) c.j     pc - 8
core   0: 3 0x8000bb4e (0xbfe5)
core   0: 0x8000bb46 (0x00004f17) auipc   t5, 0x4
core   0: 3 0x8000bb46 (0x00004f17) x30 0x8000fb46
core   0: 0x8000bb4a (0x4a3f2d23) sw      gp, 1210(t5)
core   0: 3 0x8000bb4a (0x4a3f2d23) mem 0x80010000 0x00000001
core   0: 0x8000bb4e (0x0000bfe5) c.j     pc - 8
core   0: 3 0x8000bb4e (0xbfe5)
core   0: 0x8000bb46 (0x00004f17) auipc   t5, 0x4
core   0: 3 0x8000bb46 (0x00004f17) x30 0x8000fb46
core   0: 0x8000bb4a (0x4a3f2d23) sw      gp, 1210(t5)
core   0: 3 0x8000bb4a (0x4a3f2d23) mem 0x80010000 0x00000001
core   0: 0x8000bb4e (0x0000bfe5) c.j     pc - 8
core   0: 3 0x8000bb4e (0xbfe5)
core   0: 0x8000bb46 (0x00004f17) auipc   t5, 0x4
core   0: 3 0x8000bb46 (0x00004f17) x30 0x8000fb46
core   0: 0x8000bb4a (0x4a3f2d23) sw      gp, 1210(t5)
core   0: 3 0x8000bb4a (0x4a3f2d23) mem 0x80010000 0x00000001
core   0: 0x8000bb4e (0x0000bfe5) c.j     pc - 8
core   0: 3 0x8000bb4e (0xbfe5)
core   0: 0x8000bb46 (0x00004f17) auipc   t5, 0x4
core   0: 3 0x8000bb46 (0x00004f17) x30 0x8000fb46
core   0: 0x8000bb4a (0x4a3f2d23) sw      gp, 1210(t5)
core   0: 3 0x8000bb4a (0x4a3f2d23) mem 0x80010000 0x00000001
core   0: 0x8000bb4e (0x0000bfe5) c.j     pc - 8
core   0: 3 0x8000bb4e (0xbfe5)
core   0: 0x8000bb46 (0x00004f17) auipc   t5, 0x4
core   0: 3 0x8000bb46 (0x00004f17) x30 0x8000fb46
core   0: 0x8000bb4a (0x4a3f2d23) sw      gp, 1210(t5)
core   0: 3 0x8000bb4a (0x4a3f2d23) mem 0x80010000 0x00000001
core   0: 0x8000bb4e (0x0000bfe5) c.j     pc - 8
core   0: 3 0x8000bb4e (0xbfe5)
core   0: 0x8000bb46 (0x00004f17) auipc   t5, 0x4
core   0: 3 0x8000bb46 (0x00004f17) x30 0x8000fb46
core   0: 0x8000bb4a (0x4a3f2d23) sw      gp, 1210(t5)
core   0: 3 0x8000bb4a (0x4a3f2d23) mem 0x80010000 0x00000001
core   0: 0x8000bb4e (0x0000bfe5) c.j     pc - 8
core   0: 3 0x8000bb4e (0xbfe5)
core   0: 0x8000bb46 (0x00004f17) auipc   t5, 0x4
core   0: 3 0x8000bb46 (0x00004f17) x30 0x8000fb46
core   0: 0x8000bb4a (0x4a3f2d23) sw      gp, 1210(t5)
core   0: 3 0x8000bb4a (0x4a3f2d23) mem 0x80010000 0x00000001
core   0: 0x8000bb4e (0x0000bfe5) c.j     pc - 8
core   0: 3 0x8000bb4e (0xbfe5)
core   0: 0x8000bb46 (0x00004f17) auipc   t5, 0x4
core   0: 3 0x8000bb46 (0x00004f17) x30 0x8000fb46
core   0: 0x8000bb4a (0x4a3f2d23) sw      gp, 1210(t5)
core   0: 3 0x8000bb4a (0x4a3f2d23) mem 0x80010000 0x00000001
core   0: 0x8000bb4e (0x0000bfe5) c.j     pc - 8
core   0: 3 0x8000bb4e (0xbfe5)
core   0: 0x8000bb46 (0x00004f17) auipc   t5, 0x4
core   0: 3 0x8000bb46 (0x00004f17) x30 0x8000fb46
core   0: 0x8000bb4a (0x4a3f2d23) sw      gp, 1210(t5)
core   0: 3 0x8000bb4a (0x4a3f2d23) mem 0x80010000 0x00000001
core   0: 0x8000bb4e (0x0000bfe5) c.j     pc - 8
core   0: 3 0x8000bb4e (0xbfe5)
core   0: 0x8000bb46 (0x00004f17) auipc   t5, 0x4
core   0: 3 0x8000bb46 (0x00004f17) x30 0x8000fb46
core   0: 0x8000bb4a (0x4a3f2d23) sw      gp, 1210(t5)
core   0: 3 0x8000bb4a (0x4a3f2d23) mem 0x80010000 0x00000001
core   0: 0x8000bb4e (0x0000bfe5) c.j     pc - 8
core   0: 3 0x8000bb4e (0xbfe5)
core   0: 0x8000bb46 (0x00004f17) auipc   t5, 0x4
core   0: 3 0x8000bb46 (0x00004f17) x30 0x8000fb46
core   0: 0x8000bb4a (0x4a3f2d23) sw      gp, 1210(t5)
core   0: 3 0x8000bb4a (0x4a3f2d23) mem 0x80010000 0x00000001
core   0: 0x8000bb4e (0x0000bfe5) c.j     pc - 8
core   0: 3 0x8000bb4e (0xbfe5)
core   0: 0x8000bb46 (0x00004f17) auipc   t5, 0x4
core   0: 3 0x8000bb46 (0x00004f17) x30 0x8000fb46
core   0: 0x8000bb4a (0x4a3f2d23) sw      gp, 1210(t5)
core   0: 3 0x8000bb4a (0x4a3f2d23) mem 0x80010000 0x00000001
core   0: 0x8000bb4e (0x0000bfe5) c.j     pc - 8
core   0: 3 0x8000bb4e (0xbfe5)
core   0: 0x8000bb46 (0x00004f17) auipc   t5, 0x4
core   0: 3 0x8000bb46 (0x00004f17) x30 0x8000fb46
core   0: 0x8000bb4a (0x4a3f2d23) sw      gp, 1210(t5)
core   0: 3 0x8000bb4a (0x4a3f2d23) mem 0x80010000 0x00000001
core   0: 0x8000bb4e (0x0000bfe5) c.j     pc - 8
core   0: 3 0x8000bb4e (0xbfe5)
core   0: 0x8000bb46 (0x00004f17) auipc   t5, 0x4
core   0: 3 0x8000bb46 (0x00004f17) x30 0x8000fb46
core   0: 0x8000bb4a (0x4a3f2d23) sw      gp, 1210(t5)
core   0: 3 0x8000bb4a (0x4a3f2d23) mem 0x80010000 0x00000001
core   0: 0x8000bb4e (0x0000bfe5) c.j     pc - 8
core   0: 3 0x8000bb4e (0xbfe5)
core   0: 0x8000bb46 (0x00004f17) auipc   t5, 0x4
core   0: 3 0x8000bb46 (0x00004f17) x30 0x8000fb46
core   0: 0x8000bb4a (0x4a3f2d23) sw      gp, 1210(t5)
core   0: 3 0x8000bb4a (0x4a3f2d23) mem 0x80010000 0x00000001
core   0: 0x8000bb4e (0x0000bfe5) c.j     pc - 8
core   0: 3 0x8000bb4e (0xbfe5)
core   0: 0x8000bb46 (0x00004f17) auipc   t5, 0x4
core   0: 3 0x8000bb46 (0x00004f17) x30 0x8000fb46
core   0: 0x8000bb4a (0x4a3f2d23) sw      gp, 1210(t5)
core   0: 3 0x8000bb4a (0x4a3f2d23) mem 0x80010000 0x00000001
core   0: 0x8000bb4e (0x0000bfe5) c.j     pc - 8
core   0: 3 0x8000bb4e (0xbfe5)
core   0: 0x8000bb46 (0x00004f17) auipc   t5, 0x4
core   0: 3 0x8000bb46 (0x00004f17) x30 0x8000fb46
core   0: 0x8000bb4a (0x4a3f2d23) sw      gp, 1210(t5)
core   0: 3 0x8000bb4a (0x4a3f2d23) mem 0x80010000 0x00000001
core   0: 0x8000bb4e (0x0000bfe5) c.j     pc - 8
core   0: 3 0x8000bb4e (0xbfe5)
core   0: 0x8000bb46 (0x00004f17) auipc   t5, 0x4
core   0: 3 0x8000bb46 (0x00004f17) x30 0x8000fb46
core   0: 0x8000bb4a (0x4a3f2d23) sw      gp, 1210(t5)
core   0: 3 0x8000bb4a (0x4a3f2d23) mem 0x80010000 0x00000001
core   0: 0x8000bb4e (0x0000bfe5) c.j     pc - 8
core   0: 3 0x8000bb4e (0xbfe5)
core   0: 0x8000bb46 (0x00004f17) auipc   t5, 0x4
core   0: 3 0x8000bb46 (0x00004f17) x30 0x8000fb46
core   0: 0x8000bb4a (0x4a3f2d23) sw      gp, 1210(t5)
core   0: 3 0x8000bb4a (0x4a3f2d23) mem 0x80010000 0x00000001
core   0: 0x8000bb4e (0x0000bfe5) c.j     pc - 8
core   0: 3 0x8000bb4e (0xbfe5)
core   0: 0x8000bb46 (0x00004f17) auipc   t5, 0x4
core   0: 3 0x8000bb46 (0x00004f17) x30 0x8000fb46
core   0: 0x8000bb4a (0x4a3f2d23) sw      gp, 1210(t5)
core   0: 3 0x8000bb4a (0x4a3f2d23) mem 0x80010000 0x00000001
core   0: 0x8000bb4e (0x0000bfe5) c.j     pc - 8
core   0: 3 0x8000bb4e (0xbfe5)
core   0: 0x8000bb46 (0x00004f17) auipc   t5, 0x4
core   0: 3 0x8000bb46 (0x00004f17) x30 0x8000fb46
core   0: 0x8000bb4a (0x4a3f2d23) sw      gp, 1210(t5)
core   0: 3 0x8000bb4a (0x4a3f2d23) mem 0x80010000 0x00000001
core   0: 0x8000bb4e (0x0000bfe5) c.j     pc - 8
core   0: 3 0x8000bb4e (0xbfe5)
core   0: 0x8000bb46 (0x00004f17) auipc   t5, 0x4
core   0: 3 0x8000bb46 (0x00004f17) x30 0x8000fb46
core   0: 0x8000bb4a (0x4a3f2d23) sw      gp, 1210(t5)
core   0: 3 0x8000bb4a (0x4a3f2d23) mem 0x80010000 0x00000001
core   0: 0x8000bb4e (0x0000bfe5) c.j     pc - 8
core   0: 3 0x8000bb4e (0xbfe5)
core   0: 0x8000bb46 (0x00004f17) auipc   t5, 0x4
core   0: 3 0x8000bb46 (0x00004f17) x30 0x8000fb46
core   0: 0x8000bb4a (0x4a3f2d23) sw      gp, 1210(t5)
core   0: 3 0x8000bb4a (0x4a3f2d23) mem 0x80010000 0x00000001
core   0: 0x8000bb4e (0x0000bfe5) c.j     pc - 8
core   0: 3 0x8000bb4e (0xbfe5)
core   0: 0x8000bb46 (0x00004f17) auipc   t5, 0x4
core   0: 3 0x8000bb46 (0x00004f17) x30 0x8000fb46
core   0: 0x8000bb4a (0x4a3f2d23) sw      gp, 1210(t5)
core   0: 3 0x8000bb4a (0x4a3f2d23) mem 0x80010000 0x00000001
core   0: 0x8000bb4e (0x0000bfe5) c.j     pc - 8
core   0: 3 0x8000bb4e (0xbfe5)
core   0: 0x8000bb46 (0x00004f17) auipc   t5, 0x4
core   0: 3 0x8000bb46 (0x00004f17) x30 0x8000fb46
core   0: 0x8000bb4a (0x4a3f2d23) sw      gp, 1210(t5)
core   0: 3 0x8000bb4a (0x4a3f2d23) mem 0x80010000 0x00000001
core   0: 0x8000bb4e (0x0000bfe5) c.j     pc - 8
core   0: 3 0x8000bb4e (0xbfe5)
core   0: 0x8000bb46 (0x00004f17) auipc   t5, 0x4
core   0: 3 0x8000bb46 (0x00004f17) x30 0x8000fb46
core   0: 0x8000bb4a (0x4a3f2d23) sw      gp, 1210(t5)
core   0: 3 0x8000bb4a (0x4a3f2d23) mem 0x80010000 0x00000001
core   0: 0x8000bb4e (0x0000bfe5) c.j     pc - 8
core   0: 3 0x8000bb4e (0xbfe5)
core   0: 0x8000bb46 (0x00004f17) auipc   t5, 0x4
core   0: 3 0x8000bb46 (0x00004f17) x30 0x8000fb46
core   0: 0x8000bb4a (0x4a3f2d23) sw      gp, 1210(t5)
core   0: 3 0x8000bb4a (0x4a3f2d23) mem 0x80010000 0x00000001
core   0: 0x8000bb4e (0x0000bfe5) c.j     pc - 8
core   0: 3 0x8000bb4e (0xbfe5)
core   0: 0x8000bb46 (0x00004f17) auipc   t5, 0x4
core   0: 3 0x8000bb46 (0x00004f17) x30 0x8000fb46
core   0: 0x8000bb4a (0x4a3f2d23) sw      gp, 1210(t5)
core   0: 3 0x8000bb4a (0x4a3f2d23) mem 0x80010000 0x00000001
core   0: 0x8000bb4e (0x0000bfe5) c.j     pc - 8
core   0: 3 0x8000bb4e (0xbfe5)
core   0: 0x8000bb46 (0x00004f17) auipc   t5, 0x4
core   0: 3 0x8000bb46 (0x00004f17) x30 0x8000fb46
core   0: 0x8000bb4a (0x4a3f2d23) sw      gp, 1210(t5)
core   0: 3 0x8000bb4a (0x4a3f2d23) mem 0x80010000 0x00000001
core   0: 0x8000bb4e (0x0000bfe5) c.j     pc - 8
core   0: 3 0x8000bb4e (0xbfe5)
core   0: 0x8000bb46 (0x00004f17) auipc   t5, 0x4
core   0: 3 0x8000bb46 (0x00004f17) x30 0x8000fb46
core   0: 0x8000bb4a (0x4a3f2d23) sw      gp, 1210(t5)
core   0: 3 0x8000bb4a (0x4a3f2d23) mem 0x80010000 0x00000001
core   0: 0x8000bb4e (0x0000bfe5) c.j     pc - 8
core   0: 3 0x8000bb4e (0xbfe5)
core   0: 0x8000bb46 (0x00004f17) auipc   t5, 0x4
core   0: 3 0x8000bb46 (0x00004f17) x30 0x8000fb46
core   0: 0x8000bb4a (0x4a3f2d23) sw      gp, 1210(t5)
core   0: 3 0x8000bb4a (0x4a3f2d23) mem 0x80010000 0x00000001
core   0: 0x8000bb4e (0x0000bfe5) c.j     pc - 8
core   0: 3 0x8000bb4e (0xbfe5)
core   0: 0x8000bb46 (0x00004f17) auipc   t5, 0x4
core   0: 3 0x8000bb46 (0x00004f17) x30 0x8000fb46
core   0: 0x8000bb4a (0x4a3f2d23) sw      gp, 1210(t5)
core   0: 3 0x8000bb4a (0x4a3f2d23) mem 0x80010000 0x00000001
core   0: 0x8000bb4e (0x0000bfe5) c.j     pc - 8
core   0: 3 0x8000bb4e (0xbfe5)
core   0: 0x8000bb46 (0x00004f17) auipc   t5, 0x4
core   0: 3 0x8000bb46 (0x00004f17) x30 0x8000fb46
core   0: 0x8000bb4a (0x4a3f2d23) sw      gp, 1210(t5)
core   0: 3 0x8000bb4a (0x4a3f2d23) mem 0x80010000 0x00000001
core   0: 0x8000bb4e (0x0000bfe5) c.j     pc - 8
core   0: 3 0x8000bb4e (0xbfe5)
core   0: 0x8000bb46 (0x00004f17) auipc   t5, 0x4
core   0: 3 0x8000bb46 (0x00004f17) x30 0x8000fb46
core   0: 0x8000bb4a (0x4a3f2d23) sw      gp, 1210(t5)
core   0: 3 0x8000bb4a (0x4a3f2d23) mem 0x80010000 0x00000001
core   0: 0x8000bb4e (0x0000bfe5) c.j     pc - 8
core   0: 3 0x8000bb4e (0xbfe5)
core   0: 0x8000bb46 (0x00004f17) auipc   t5, 0x4
core   0: 3 0x8000bb46 (0x00004f17) x30 0x8000fb46
core   0: 0x8000bb4a (0x4a3f2d23) sw      gp, 1210(t5)
core   0: 3 0x8000bb4a (0x4a3f2d23) mem 0x80010000 0x00000001
core   0: 0x8000bb4e (0x0000bfe5) c.j     pc - 8
core   0: 3 0x8000bb4e (0xbfe5)
core   0: 0x8000bb46 (0x00004f17) auipc   t5, 0x4
core   0: 3 0x8000bb46 (0x00004f17) x30 0x8000fb46
core   0: 0x8000bb4a (0x4a3f2d23) sw      gp, 1210(t5)
core   0: 3 0x8000bb4a (0x4a3f2d23) mem 0x80010000 0x00000001
core   0: 0x8000bb4e (0x0000bfe5) c.j     pc - 8
core   0: 3 0x8000bb4e (0xbfe5)
core   0: 0x8000bb46 (0x00004f17) auipc   t5, 0x4
core   0: 3 0x8000bb46 (0x00004f17) x30 0x8000fb46
core   0: 0x8000bb4a (0x4a3f2d23) sw      gp, 1210(t5)
core   0: 3 0x8000bb4a (0x4a3f2d23) mem 0x80010000 0x00000001
core   0: 0x8000bb4e (0x0000bfe5) c.j     pc - 8
core   0: 3 0x8000bb4e (0xbfe5)
core   0: 0x8000bb46 (0x00004f17) auipc   t5, 0x4
core   0: 3 0x8000bb46 (0x00004f17) x30 0x8000fb46
core   0: 0x8000bb4a (0x4a3f2d23) sw      gp, 1210(t5)
core   0: 3 0x8000bb4a (0x4a3f2d23) mem 0x80010000 0x00000001
core   0: 0x8000bb4e (0x0000bfe5) c.j     pc - 8
core   0: 3 0x8000bb4e (0xbfe5)
core   0: 0x8000bb46 (0x00004f17) auipc   t5, 0x4
core   0: 3 0x8000bb46 (0x00004f17) x30 0x8000fb46
core   0: 0x8000bb4a (0x4a3f2d23) sw      gp, 1210(t5)
core   0: 3 0x8000bb4a (0x4a3f2d23) mem 0x80010000 0x00000001
core   0: 0x8000bb4e (0x0000bfe5) c.j     pc - 8
core   0: 3 0x8000bb4e (0xbfe5)
core   0: 0x8000bb46 (0x00004f17) auipc   t5, 0x4
core   0: 3 0x8000bb46 (0x00004f17) x30 0x8000fb46
core   0: 0x8000bb4a (0x4a3f2d23) sw      gp, 1210(t5)
core   0: 3 0x8000bb4a (0x4a3f2d23) mem 0x80010000 0x00000001
core   0: 0x8000bb4e (0x0000bfe5) c.j     pc - 8
core   0: 3 0x8000bb4e (0xbfe5)
core   0: 0x8000bb46 (0x00004f17) auipc   t5, 0x4
core   0: 3 0x8000bb46 (0x00004f17) x30 0x8000fb46
core   0: 0x8000bb4a (0x4a3f2d23) sw      gp, 1210(t5)
core   0: 3 0x8000bb4a (0x4a3f2d23) mem 0x80010000 0x00000001
core   0: 0x8000bb4e (0x0000bfe5) c.j     pc - 8
core   0: 3 0x8000bb4e (0xbfe5)
core   0: 0x8000bb46 (0x00004f17) auipc   t5, 0x4
core   0: 3 0x8000bb46 (0x00004f17) x30 0x8000fb46
core   0: 0x8000bb4a (0x4a3f2d23) sw      gp, 1210(t5)
core   0: 3 0x8000bb4a (0x4a3f2d23) mem 0x80010000 0x00000001
core   0: 0x8000bb4e (0x0000bfe5) c.j     pc - 8
core   0: 3 0x8000bb4e (0xbfe5)
core   0: 0x8000bb46 (0x00004f17) auipc   t5, 0x4
core   0: 3 0x8000bb46 (0x00004f17) x30 0x8000fb46
core   0: 0x8000bb4a (0x4a3f2d23) sw      gp, 1210(t5)
core   0: 3 0x8000bb4a (0x4a3f2d23) mem 0x80010000 0x00000001
core   0: 0x8000bb4e (0x0000bfe5) c.j     pc - 8
core   0: 3 0x8000bb4e (0xbfe5)
core   0: 0x8000bb46 (0x00004f17) auipc   t5, 0x4
core   0: 3 0x8000bb46 (0x00004f17) x30 0x8000fb46
core   0: 0x8000bb4a (0x4a3f2d23) sw      gp, 1210(t5)
core   0: 3 0x8000bb4a (0x4a3f2d23) mem 0x80010000 0x00000001
core   0: 0x8000bb4e (0x0000bfe5) c.j     pc - 8
core   0: 3 0x8000bb4e (0xbfe5)
core   0: 0x8000bb46 (0x00004f17) auipc   t5, 0x4
core   0: 3 0x8000bb46 (0x00004f17) x30 0x8000fb46
core   0: 0x8000bb4a (0x4a3f2d23) sw      gp, 1210(t5)
core   0: 3 0x8000bb4a (0x4a3f2d23) mem 0x80010000 0x00000001
core   0: 0x8000bb4e (0x0000bfe5) c.j     pc - 8
core   0: 3 0x8000bb4e (0xbfe5)
core   0: 0x8000bb46 (0x00004f17) auipc   t5, 0x4
core   0: 3 0x8000bb46 (0x00004f17) x30 0x8000fb46
core   0: 0x8000bb4a (0x4a3f2d23) sw      gp, 1210(t5)
core   0: 3 0x8000bb4a (0x4a3f2d23) mem 0x80010000 0x00000001
core   0: 0x8000bb4e (0x0000bfe5) c.j     pc - 8
core   0: 3 0x8000bb4e (0xbfe5)
core   0: 0x8000bb46 (0x00004f17) auipc   t5, 0x4
core   0: 3 0x8000bb46 (0x00004f17) x30 0x8000fb46
core   0: 0x8000bb4a (0x4a3f2d23) sw      gp, 1210(t5)
core   0: 3 0x8000bb4a (0x4a3f2d23) mem 0x80010000 0x00000001
core   0: 0x8000bb4e (0x0000bfe5) c.j     pc - 8
core   0: 3 0x8000bb4e (0xbfe5)
core   0: 0x8000bb46 (0x00004f17) auipc   t5, 0x4
core   0: 3 0x8000bb46 (0x00004f17) x30 0x8000fb46
core   0: 0x8000bb4a (0x4a3f2d23) sw      gp, 1210(t5)
core   0: 3 0x8000bb4a (0x4a3f2d23) mem 0x80010000 0x00000001
core   0: 0x8000bb4e (0x0000bfe5) c.j     pc - 8
core   0: 3 0x8000bb4e (0xbfe5)
core   0: 0x8000bb46 (0x00004f17) auipc   t5, 0x4
core   0: 3 0x8000bb46 (0x00004f17) x30 0x8000fb46
core   0: 0x8000bb4a (0x4a3f2d23) sw      gp, 1210(t5)
core   0: 3 0x8000bb4a (0x4a3f2d23) mem 0x80010000 0x00000001
core   0: 0x8000bb4e (0x0000bfe5) c.j     pc - 8
core   0: 3 0x8000bb4e (0xbfe5)
core   0: 0x8000bb46 (0x00004f17) auipc   t5, 0x4
core   0: 3 0x8000bb46 (0x00004f17) x30 0x8000fb46
core   0: 0x8000bb4a (0x4a3f2d23) sw      gp, 1210(t5)
core   0: 3 0x8000bb4a (0x4a3f2d23) mem 0x80010000 0x00000001
core   0: 0x8000bb4e (0x0000bfe5) c.j     pc - 8
core   0: 3 0x8000bb4e (0xbfe5)
core   0: 0x8000bb46 (0x00004f17) auipc   t5, 0x4
core   0: 3 0x8000bb46 (0x00004f17) x30 0x8000fb46
core   0: 0x8000bb4a (0x4a3f2d23) sw      gp, 1210(t5)
core   0: 3 0x8000bb4a (0x4a3f2d23) mem 0x80010000 0x00000001
core   0: 0x8000bb4e (0x0000bfe5) c.j     pc - 8
core   0: 3 0x8000bb4e (0xbfe5)
core   0: 0x8000bb46 (0x00004f17) auipc   t5, 0x4
core   0: 3 0x8000bb46 (0x00004f17) x30 0x8000fb46
core   0: 0x8000bb4a (0x4a3f2d23) sw      gp, 1210(t5)
core   0: 3 0x8000bb4a (0x4a3f2d23) mem 0x80010000 0x00000001
core   0: 0x8000bb4e (0x0000bfe5) c.j     pc - 8
core   0: 3 0x8000bb4e (0xbfe5)
core   0: 0x8000bb46 (0x00004f17) auipc   t5, 0x4
core   0: 3 0x8000bb46 (0x00004f17) x30 0x8000fb46
core   0: 0x8000bb4a (0x4a3f2d23) sw      gp, 1210(t5)
core   0: 3 0x8000bb4a (0x4a3f2d23) mem 0x80010000 0x00000001
core   0: 0x8000bb4e (0x0000bfe5) c.j     pc - 8
core   0: 3 0x8000bb4e (0xbfe5)
core   0: 0x8000bb46 (0x00004f17) auipc   t5, 0x4
core   0: 3 0x8000bb46 (0x00004f17) x30 0x8000fb46
core   0: 0x8000bb4a (0x4a3f2d23) sw      gp, 1210(t5)
core   0: 3 0x8000bb4a (0x4a3f2d23) mem 0x80010000 0x00000001
core   0: 0x8000bb4e (0x0000bfe5) c.j     pc - 8
core   0: 3 0x8000bb4e (0xbfe5)
core   0: 0x8000bb46 (0x00004f17) auipc   t5, 0x4
core   0: 3 0x8000bb46 (0x00004f17) x30 0x8000fb46
core   0: 0x8000bb4a (0x4a3f2d23) sw      gp, 1210(t5)
core   0: 3 0x8000bb4a (0x4a3f2d23) mem 0x80010000 0x00000001
core   0: 0x8000bb4e (0x0000bfe5) c.j     pc - 8
core   0: 3 0x8000bb4e (0xbfe5)
core   0: 0x8000bb46 (0x00004f17) auipc   t5, 0x4
core   0: 3 0x8000bb46 (0x00004f17) x30 0x8000fb46
core   0: 0x8000bb4a (0x4a3f2d23) sw      gp, 1210(t5)
core   0: 3 0x8000bb4a (0x4a3f2d23) mem 0x80010000 0x00000001
core   0: 0x8000bb4e (0x0000bfe5) c.j     pc - 8
core   0: 3 0x8000bb4e (0xbfe5)
core   0: 0x8000bb46 (0x00004f17) auipc   t5, 0x4
core   0: 3 0x8000bb46 (0x00004f17) x30 0x8000fb46
core   0: 0x8000bb4a (0x4a3f2d23) sw      gp, 1210(t5)
core   0: 3 0x8000bb4a (0x4a3f2d23) mem 0x80010000 0x00000001
core   0: 0x8000bb4e (0x0000bfe5) c.j     pc - 8
core   0: 3 0x8000bb4e (0xbfe5)
core   0: 0x8000bb46 (0x00004f17) auipc   t5, 0x4
core   0: 3 0x8000bb46 (0x00004f17) x30 0x8000fb46
core   0: 0x8000bb4a (0x4a3f2d23) sw      gp, 1210(t5)
core   0: 3 0x8000bb4a (0x4a3f2d23) mem 0x80010000 0x00000001
core   0: 0x8000bb4e (0x0000bfe5) c.j     pc - 8
core   0: 3 0x8000bb4e (0xbfe5)
core   0: 0x8000bb46 (0x00004f17) auipc   t5, 0x4
core   0: 3 0x8000bb46 (0x00004f17) x30 0x8000fb46
core   0: 0x8000bb4a (0x4a3f2d23) sw      gp, 1210(t5)
core   0: 3 0x8000bb4a (0x4a3f2d23) mem 0x80010000 0x00000001
core   0: 0x8000bb4e (0x0000bfe5) c.j     pc - 8
core   0: 3 0x8000bb4e (0xbfe5)
core   0: 0x8000bb46 (0x00004f17) auipc   t5, 0x4
core   0: 3 0x8000bb46 (0x00004f17) x30 0x8000fb46
core   0: 0x8000bb4a (0x4a3f2d23) sw      gp, 1210(t5)
core   0: 3 0x8000bb4a (0x4a3f2d23) mem 0x80010000 0x00000001
core   0: 0x8000bb4e (0x0000bfe5) c.j     pc - 8
core   0: 3 0x8000bb4e (0xbfe5)
core   0: 0x8000bb46 (0x00004f17) auipc   t5, 0x4
core   0: 3 0x8000bb46 (0x00004f17) x30 0x8000fb46
core   0: 0x8000bb4a (0x4a3f2d23) sw      gp, 1210(t5)
core   0: 3 0x8000bb4a (0x4a3f2d23) mem 0x80010000 0x00000001
core   0: 0x8000bb4e (0x0000bfe5) c.j     pc - 8
core   0: 3 0x8000bb4e (0xbfe5)
core   0: 0x8000bb46 (0x00004f17) auipc   t5, 0x4
core   0: 3 0x8000bb46 (0x00004f17) x30 0x8000fb46
core   0: 0x8000bb4a (0x4a3f2d23) sw      gp, 1210(t5)
core   0: 3 0x8000bb4a (0x4a3f2d23) mem 0x80010000 0x00000001
core   0: 0x8000bb4e (0x0000bfe5) c.j     pc - 8
core   0: 3 0x8000bb4e (0xbfe5)
core   0: 0x8000bb46 (0x00004f17) auipc   t5, 0x4
core   0: 3 0x8000bb46 (0x00004f17) x30 0x8000fb46
core   0: 0x8000bb4a (0x4a3f2d23) sw      gp, 1210(t5)
core   0: 3 0x8000bb4a (0x4a3f2d23) mem 0x80010000 0x00000001
core   0: 0x8000bb4e (0x0000bfe5) c.j     pc - 8
core   0: 3 0x8000bb4e (0xbfe5)
core   0: 0x8000bb46 (0x00004f17) auipc   t5, 0x4
core   0: 3 0x8000bb46 (0x00004f17) x30 0x8000fb46
core   0: 0x8000bb4a (0x4a3f2d23) sw      gp, 1210(t5)
core   0: 3 0x8000bb4a (0x4a3f2d23) mem 0x80010000 0x00000001
core   0: 0x8000bb4e (0x0000bfe5) c.j     pc - 8
core   0: 3 0x8000bb4e (0xbfe5)
core   0: 0x8000bb46 (0x00004f17) auipc   t5, 0x4
core   0: 3 0x8000bb46 (0x00004f17) x30 0x8000fb46
core   0: 0x8000bb4a (0x4a3f2d23) sw      gp, 1210(t5)
core   0: 3 0x8000bb4a (0x4a3f2d23) mem 0x80010000 0x00000001
core   0: 0x8000bb4e (0x0000bfe5) c.j     pc - 8
core   0: 3 0x8000bb4e (0xbfe5)
core   0: 0x8000bb46 (0x00004f17) auipc   t5, 0x4
core   0: 3 0x8000bb46 (0x00004f17) x30 0x8000fb46
core   0: 0x8000bb4a (0x4a3f2d23) sw      gp, 1210(t5)
core   0: 3 0x8000bb4a (0x4a3f2d23) mem 0x80010000 0x00000001
core   0: 0x8000bb4e (0x0000bfe5) c.j     pc - 8
core   0: 3 0x8000bb4e (0xbfe5)
core   0: 0x8000bb46 (0x00004f17) auipc   t5, 0x4
core   0: 3 0x8000bb46 (0x00004f17) x30 0x8000fb46
core   0: 0x8000bb4a (0x4a3f2d23) sw      gp, 1210(t5)
core   0: 3 0x8000bb4a (0x4a3f2d23) mem 0x80010000 0x00000001
core   0: 0x8000bb4e (0x0000bfe5) c.j     pc - 8
core   0: 3 0x8000bb4e (0xbfe5)
core   0: 0x8000bb46 (0x00004f17) auipc   t5, 0x4
core   0: 3 0x8000bb46 (0x00004f17) x30 0x8000fb46
core   0: 0x8000bb4a (0x4a3f2d23) sw      gp, 1210(t5)
core   0: 3 0x8000bb4a (0x4a3f2d23) mem 0x80010000 0x00000001
core   0: 0x8000bb4e (0x0000bfe5) c.j     pc - 8
core   0: 3 0x8000bb4e (0xbfe5)
core   0: 0x8000bb46 (0x00004f17) auipc   t5, 0x4
core   0: 3 0x8000bb46 (0x00004f17) x30 0x8000fb46
core   0: 0x8000bb4a (0x4a3f2d23) sw      gp, 1210(t5)
core   0: 3 0x8000bb4a (0x4a3f2d23) mem 0x80010000 0x00000001
core   0: 0x8000bb4e (0x0000bfe5) c.j     pc - 8
core   0: 3 0x8000bb4e (0xbfe5)
core   0: 0x8000bb46 (0x00004f17) auipc   t5, 0x4
core   0: 3 0x8000bb46 (0x00004f17) x30 0x8000fb46
core   0: 0x8000bb4a (0x4a3f2d23) sw      gp, 1210(t5)
core   0: 3 0x8000bb4a (0x4a3f2d23) mem 0x80010000 0x00000001
core   0: 0x8000bb4e (0x0000bfe5) c.j     pc - 8
core   0: 3 0x8000bb4e (0xbfe5)
core   0: 0x8000bb46 (0x00004f17) auipc   t5, 0x4
core   0: 3 0x8000bb46 (0x00004f17) x30 0x8000fb46
core   0: 0x8000bb4a (0x4a3f2d23) sw      gp, 1210(t5)
core   0: 3 0x8000bb4a (0x4a3f2d23) mem 0x80010000 0x00000001
core   0: 0x8000bb4e (0x0000bfe5) c.j     pc - 8
core   0: 3 0x8000bb4e (0xbfe5)
core   0: 0x8000bb46 (0x00004f17) auipc   t5, 0x4
core   0: 3 0x8000bb46 (0x00004f17) x30 0x8000fb46
core   0: 0x8000bb4a (0x4a3f2d23) sw      gp, 1210(t5)
core   0: 3 0x8000bb4a (0x4a3f2d23) mem 0x80010000 0x00000001
core   0: 0x8000bb4e (0x0000bfe5) c.j     pc - 8
core   0: 3 0x8000bb4e (0xbfe5)
core   0: 0x8000bb46 (0x00004f17) auipc   t5, 0x4
core   0: 3 0x8000bb46 (0x00004f17) x30 0x8000fb46
core   0: 0x8000bb4a (0x4a3f2d23) sw      gp, 1210(t5)
core   0: 3 0x8000bb4a (0x4a3f2d23) mem 0x80010000 0x00000001
core   0: 0x8000bb4e (0x0000bfe5) c.j     pc - 8
core   0: 3 0x8000bb4e (0xbfe5)
core   0: 0x8000bb46 (0x00004f17) auipc   t5, 0x4
core   0: 3 0x8000bb46 (0x00004f17) x30 0x8000fb46
core   0: 0x8000bb4a (0x4a3f2d23) sw      gp, 1210(t5)
core   0: 3 0x8000bb4a (0x4a3f2d23) mem 0x80010000 0x00000001
core   0: 0x8000bb4e (0x0000bfe5) c.j     pc - 8
core   0: 3 0x8000bb4e (0xbfe5)
core   0: 0x8000bb46 (0x00004f17) auipc   t5, 0x4
core   0: 3 0x8000bb46 (0x00004f17) x30 0x8000fb46
core   0: 0x8000bb4a (0x4a3f2d23) sw      gp, 1210(t5)
core   0: 3 0x8000bb4a (0x4a3f2d23) mem 0x80010000 0x00000001
core   0: 0x8000bb4e (0x0000bfe5) c.j     pc - 8
core   0: 3 0x8000bb4e (0xbfe5)
core   0: 0x8000bb46 (0x00004f17) auipc   t5, 0x4
core   0: 3 0x8000bb46 (0x00004f17) x30 0x8000fb46
core   0: 0x8000bb4a (0x4a3f2d23) sw      gp, 1210(t5)
core   0: 3 0x8000bb4a (0x4a3f2d23) mem 0x80010000 0x00000001
core   0: 0x8000bb4e (0x0000bfe5) c.j     pc - 8
core   0: 3 0x8000bb4e (0xbfe5)
core   0: 0x8000bb46 (0x00004f17) auipc   t5, 0x4
core   0: 3 0x8000bb46 (0x00004f17) x30 0x8000fb46
core   0: 0x8000bb4a (0x4a3f2d23) sw      gp, 1210(t5)
core   0: 3 0x8000bb4a (0x4a3f2d23) mem 0x80010000 0x00000001
core   0: 0x8000bb4e (0x0000bfe5) c.j     pc - 8
core   0: 3 0x8000bb4e (0xbfe5)
core   0: 0x8000bb46 (0x00004f17) auipc   t5, 0x4
core   0: 3 0x8000bb46 (0x00004f17) x30 0x8000fb46
core   0: 0x8000bb4a (0x4a3f2d23) sw      gp, 1210(t5)
core   0: 3 0x8000bb4a (0x4a3f2d23) mem 0x80010000 0x00000001
core   0: 0x8000bb4e (0x0000bfe5) c.j     pc - 8
core   0: 3 0x8000bb4e (0xbfe5)
core   0: 0x8000bb46 (0x00004f17) auipc   t5, 0x4
core   0: 3 0x8000bb46 (0x00004f17) x30 0x8000fb46
core   0: 0x8000bb4a (0x4a3f2d23) sw      gp, 1210(t5)
core   0: 3 0x8000bb4a (0x4a3f2d23) mem 0x80010000 0x00000001
core   0: 0x8000bb4e (0x0000bfe5) c.j     pc - 8
core   0: 3 0x8000bb4e (0xbfe5)
core   0: 0x8000bb46 (0x00004f17) auipc   t5, 0x4
core   0: 3 0x8000bb46 (0x00004f17) x30 0x8000fb46
core   0: 0x8000bb4a (0x4a3f2d23) sw      gp, 1210(t5)
core   0: 3 0x8000bb4a (0x4a3f2d23) mem 0x80010000 0x00000001
core   0: 0x8000bb4e (0x0000bfe5) c.j     pc - 8
core   0: 3 0x8000bb4e (0xbfe5)
core   0: 0x8000bb46 (0x00004f17) auipc   t5, 0x4
core   0: 3 0x8000bb46 (0x00004f17) x30 0x8000fb46
core   0: 0x8000bb4a (0x4a3f2d23) sw      gp, 1210(t5)
core   0: 3 0x8000bb4a (0x4a3f2d23) mem 0x80010000 0x00000001
core   0: 0x8000bb4e (0x0000bfe5) c.j     pc - 8
core   0: 3 0x8000bb4e (0xbfe5)
core   0: 0x8000bb46 (0x00004f17) auipc   t5, 0x4
core   0: 3 0x8000bb46 (0x00004f17) x30 0x8000fb46
core   0: 0x8000bb4a (0x4a3f2d23) sw      gp, 1210(t5)
core   0: 3 0x8000bb4a (0x4a3f2d23) mem 0x80010000 0x00000001
core   0: 0x8000bb4e (0x0000bfe5) c.j     pc - 8
core   0: 3 0x8000bb4e (0xbfe5)
core   0: 0x8000bb46 (0x00004f17) auipc   t5, 0x4
core   0: 3 0x8000bb46 (0x00004f17) x30 0x8000fb46
core   0: 0x8000bb4a (0x4a3f2d23) sw      gp, 1210(t5)
core   0: 3 0x8000bb4a (0x4a3f2d23) mem 0x80010000 0x00000001
core   0: 0x8000bb4e (0x0000bfe5) c.j     pc - 8
core   0: 3 0x8000bb4e (0xbfe5)
core   0: 0x8000bb46 (0x00004f17) auipc   t5, 0x4
core   0: 3 0x8000bb46 (0x00004f17) x30 0x8000fb46
core   0: 0x8000bb4a (0x4a3f2d23) sw      gp, 1210(t5)
core   0: 3 0x8000bb4a (0x4a3f2d23) mem 0x80010000 0x00000001
core   0: 0x8000bb4e (0x0000bfe5) c.j     pc - 8
core   0: 3 0x8000bb4e (0xbfe5)
core   0: 0x8000bb46 (0x00004f17) auipc   t5, 0x4
core   0: 3 0x8000bb46 (0x00004f17) x30 0x8000fb46
core   0: 0x8000bb4a (0x4a3f2d23) sw      gp, 1210(t5)
core   0: 3 0x8000bb4a (0x4a3f2d23) mem 0x80010000 0x00000001
core   0: 0x8000bb4e (0x0000bfe5) c.j     pc - 8
core   0: 3 0x8000bb4e (0xbfe5)
core   0: 0x8000bb46 (0x00004f17) auipc   t5, 0x4
core   0: 3 0x8000bb46 (0x00004f17) x30 0x8000fb46
core   0: 0x8000bb4a (0x4a3f2d23) sw      gp, 1210(t5)
core   0: 3 0x8000bb4a (0x4a3f2d23) mem 0x80010000 0x00000001
core   0: 0x8000bb4e (0x0000bfe5) c.j     pc - 8
core   0: 3 0x8000bb4e (0xbfe5)
core   0: 0x8000bb46 (0x00004f17) auipc   t5, 0x4
core   0: 3 0x8000bb46 (0x00004f17) x30 0x8000fb46
core   0: 0x8000bb4a (0x4a3f2d23) sw      gp, 1210(t5)
core   0: 3 0x8000bb4a (0x4a3f2d23) mem 0x80010000 0x00000001
core   0: 0x8000bb4e (0x0000bfe5) c.j     pc - 8
core   0: 3 0x8000bb4e (0xbfe5)
core   0: 0x8000bb46 (0x00004f17) auipc   t5, 0x4
core   0: 3 0x8000bb46 (0x00004f17) x30 0x8000fb46
core   0: 0x8000bb4a (0x4a3f2d23) sw      gp, 1210(t5)
core   0: 3 0x8000bb4a (0x4a3f2d23) mem 0x80010000 0x00000001
core   0: 0x8000bb4e (0x0000bfe5) c.j     pc - 8
core   0: 3 0x8000bb4e (0xbfe5)
core   0: 0x8000bb46 (0x00004f17) auipc   t5, 0x4
core   0: 3 0x8000bb46 (0x00004f17) x30 0x8000fb46
core   0: 0x8000bb4a (0x4a3f2d23) sw      gp, 1210(t5)
core   0: 3 0x8000bb4a (0x4a3f2d23) mem 0x80010000 0x00000001
core   0: 0x8000bb4e (0x0000bfe5) c.j     pc - 8
core   0: 3 0x8000bb4e (0xbfe5)
core   0: 0x8000bb46 (0x00004f17) auipc   t5, 0x4
core   0: 3 0x8000bb46 (0x00004f17) x30 0x8000fb46
core   0: 0x8000bb4a (0x4a3f2d23) sw      gp, 1210(t5)
core   0: 3 0x8000bb4a (0x4a3f2d23) mem 0x80010000 0x00000001
core   0: 0x8000bb4e (0x0000bfe5) c.j     pc - 8
core   0: 3 0x8000bb4e (0xbfe5)
core   0: 0x8000bb46 (0x00004f17) auipc   t5, 0x4
core   0: 3 0x8000bb46 (0x00004f17) x30 0x8000fb46
core   0: 0x8000bb4a (0x4a3f2d23) sw      gp, 1210(t5)
core   0: 3 0x8000bb4a (0x4a3f2d23) mem 0x80010000 0x00000001
core   0: 0x8000bb4e (0x0000bfe5) c.j     pc - 8
core   0: 3 0x8000bb4e (0xbfe5)
core   0: 0x8000bb46 (0x00004f17) auipc   t5, 0x4
core   0: 3 0x8000bb46 (0x00004f17) x30 0x8000fb46
core   0: 0x8000bb4a (0x4a3f2d23) sw      gp, 1210(t5)
core   0: 3 0x8000bb4a (0x4a3f2d23) mem 0x80010000 0x00000001
core   0: 0x8000bb4e (0x0000bfe5) c.j     pc - 8
core   0: 3 0x8000bb4e (0xbfe5)
core   0: 0x8000bb46 (0x00004f17) auipc   t5, 0x4
core   0: 3 0x8000bb46 (0x00004f17) x30 0x8000fb46
core   0: 0x8000bb4a (0x4a3f2d23) sw      gp, 1210(t5)
core   0: 3 0x8000bb4a (0x4a3f2d23) mem 0x80010000 0x00000001
core   0: 0x8000bb4e (0x0000bfe5) c.j     pc - 8
core   0: 3 0x8000bb4e (0xbfe5)
core   0: 0x8000bb46 (0x00004f17) auipc   t5, 0x4
core   0: 3 0x8000bb46 (0x00004f17) x30 0x8000fb46
core   0: 0x8000bb4a (0x4a3f2d23) sw      gp, 1210(t5)
core   0: 3 0x8000bb4a (0x4a3f2d23) mem 0x80010000 0x00000001
core   0: 0x8000bb4e (0x0000bfe5) c.j     pc - 8
core   0: 3 0x8000bb4e (0xbfe5)
core   0: 0x8000bb46 (0x00004f17) auipc   t5, 0x4
core   0: 3 0x8000bb46 (0x00004f17) x30 0x8000fb46
core   0: 0x8000bb4a (0x4a3f2d23) sw      gp, 1210(t5)
core   0: 3 0x8000bb4a (0x4a3f2d23) mem 0x80010000 0x00000001
core   0: 0x8000bb4e (0x0000bfe5) c.j     pc - 8
core   0: 3 0x8000bb4e (0xbfe5)
core   0: 0x8000bb46 (0x00004f17) auipc   t5, 0x4
core   0: 3 0x8000bb46 (0x00004f17) x30 0x8000fb46
core   0: 0x8000bb4a (0x4a3f2d23) sw      gp, 1210(t5)
core   0: 3 0x8000bb4a (0x4a3f2d23) mem 0x80010000 0x00000001
core   0: 0x8000bb4e (0x0000bfe5) c.j     pc - 8
core   0: 3 0x8000bb4e (0xbfe5)
core   0: 0x8000bb46 (0x00004f17) auipc   t5, 0x4
core   0: 3 0x8000bb46 (0x00004f17) x30 0x8000fb46
core   0: 0x8000bb4a (0x4a3f2d23) sw      gp, 1210(t5)
core   0: 3 0x8000bb4a (0x4a3f2d23) mem 0x80010000 0x00000001
core   0: 0x8000bb4e (0x0000bfe5) c.j     pc - 8
core   0: 3 0x8000bb4e (0xbfe5)
core   0: 0x8000bb46 (0x00004f17) auipc   t5, 0x4
core   0: 3 0x8000bb46 (0x00004f17) x30 0x8000fb46
core   0: 0x8000bb4a (0x4a3f2d23) sw      gp, 1210(t5)
core   0: 3 0x8000bb4a (0x4a3f2d23) mem 0x80010000 0x00000001
core   0: 0x8000bb4e (0x0000bfe5) c.j     pc - 8
core   0: 3 0x8000bb4e (0xbfe5)
core   0: 0x8000bb46 (0x00004f17) auipc   t5, 0x4
core   0: 3 0x8000bb46 (0x00004f17) x30 0x8000fb46
core   0: 0x8000bb4a (0x4a3f2d23) sw      gp, 1210(t5)
core   0: 3 0x8000bb4a (0x4a3f2d23) mem 0x80010000 0x00000001
core   0: 0x8000bb4e (0x0000bfe5) c.j     pc - 8
core   0: 3 0x8000bb4e (0xbfe5)
core   0: 0x8000bb46 (0x00004f17) auipc   t5, 0x4
core   0: 3 0x8000bb46 (0x00004f17) x30 0x8000fb46
core   0: 0x8000bb4a (0x4a3f2d23) sw      gp, 1210(t5)
core   0: 3 0x8000bb4a (0x4a3f2d23) mem 0x80010000 0x00000001
core   0: 0x8000bb4e (0x0000bfe5) c.j     pc - 8
core   0: 3 0x8000bb4e (0xbfe5)
core   0: 0x8000bb46 (0x00004f17) auipc   t5, 0x4
core   0: 3 0x8000bb46 (0x00004f17) x30 0x8000fb46
core   0: 0x8000bb4a (0x4a3f2d23) sw      gp, 1210(t5)
core   0: 3 0x8000bb4a (0x4a3f2d23) mem 0x80010000 0x00000001
core   0: 0x8000bb4e (0x0000bfe5) c.j     pc - 8
core   0: 3 0x8000bb4e (0xbfe5)
core   0: 0x8000bb46 (0x00004f17) auipc   t5, 0x4
core   0: 3 0x8000bb46 (0x00004f17) x30 0x8000fb46
core   0: 0x8000bb4a (0x4a3f2d23) sw      gp, 1210(t5)
core   0: 3 0x8000bb4a (0x4a3f2d23) mem 0x80010000 0x00000001
core   0: 0x8000bb4e (0x0000bfe5) c.j     pc - 8
core   0: 3 0x8000bb4e (0xbfe5)
core   0: 0x8000bb46 (0x00004f17) auipc   t5, 0x4
core   0: 3 0x8000bb46 (0x00004f17) x30 0x8000fb46
core   0: 0x8000bb4a (0x4a3f2d23) sw      gp, 1210(t5)
core   0: 3 0x8000bb4a (0x4a3f2d23) mem 0x80010000 0x00000001
core   0: 0x8000bb4e (0x0000bfe5) c.j     pc - 8
core   0: 3 0x8000bb4e (0xbfe5)
core   0: 0x8000bb46 (0x00004f17) auipc   t5, 0x4
core   0: 3 0x8000bb46 (0x00004f17) x30 0x8000fb46
core   0: 0x8000bb4a (0x4a3f2d23) sw      gp, 1210(t5)
core   0: 3 0x8000bb4a (0x4a3f2d23) mem 0x80010000 0x00000001
core   0: 0x8000bb4e (0x0000bfe5) c.j     pc - 8
core   0: 3 0x8000bb4e (0xbfe5)
core   0: 0x8000bb46 (0x00004f17) auipc   t5, 0x4
core   0: 3 0x8000bb46 (0x00004f17) x30 0x8000fb46
core   0: 0x8000bb4a (0x4a3f2d23) sw      gp, 1210(t5)
core   0: 3 0x8000bb4a (0x4a3f2d23) mem 0x80010000 0x00000001
core   0: 0x8000bb4e (0x0000bfe5) c.j     pc - 8
core   0: 3 0x8000bb4e (0xbfe5)
core   0: 0x8000bb46 (0x00004f17) auipc   t5, 0x4
core   0: 3 0x8000bb46 (0x00004f17) x30 0x8000fb46
core   0: 0x8000bb4a (0x4a3f2d23) sw      gp, 1210(t5)
core   0: 3 0x8000bb4a (0x4a3f2d23) mem 0x80010000 0x00000001
core   0: 0x8000bb4e (0x0000bfe5) c.j     pc - 8
core   0: 3 0x8000bb4e (0xbfe5)
core   0: 0x8000bb46 (0x00004f17) auipc   t5, 0x4
core   0: 3 0x8000bb46 (0x00004f17) x30 0x8000fb46
core   0: 0x8000bb4a (0x4a3f2d23) sw      gp, 1210(t5)
core   0: 3 0x8000bb4a (0x4a3f2d23) mem 0x80010000 0x00000001
core   0: 0x8000bb4e (0x0000bfe5) c.j     pc - 8
core   0: 3 0x8000bb4e (0xbfe5)
core   0: 0x8000bb46 (0x00004f17) auipc   t5, 0x4
core   0: 3 0x8000bb46 (0x00004f17) x30 0x8000fb46
core   0: 0x8000bb4a (0x4a3f2d23) sw      gp, 1210(t5)
core   0: 3 0x8000bb4a (0x4a3f2d23) mem 0x80010000 0x00000001
core   0: 0x8000bb4e (0x0000bfe5) c.j     pc - 8
core   0: 3 0x8000bb4e (0xbfe5)
core   0: 0x8000bb46 (0x00004f17) auipc   t5, 0x4
core   0: 3 0x8000bb46 (0x00004f17) x30 0x8000fb46
core   0: 0x8000bb4a (0x4a3f2d23) sw      gp, 1210(t5)
core   0: 3 0x8000bb4a (0x4a3f2d23) mem 0x80010000 0x00000001
core   0: 0x8000bb4e (0x0000bfe5) c.j     pc - 8
core   0: 3 0x8000bb4e (0xbfe5)
core   0: 0x8000bb46 (0x00004f17) auipc   t5, 0x4
core   0: 3 0x8000bb46 (0x00004f17) x30 0x8000fb46
core   0: 0x8000bb4a (0x4a3f2d23) sw      gp, 1210(t5)
core   0: 3 0x8000bb4a (0x4a3f2d23) mem 0x80010000 0x00000001
core   0: 0x8000bb4e (0x0000bfe5) c.j     pc - 8
core   0: 3 0x8000bb4e (0xbfe5)
core   0: 0x8000bb46 (0x00004f17) auipc   t5, 0x4
core   0: 3 0x8000bb46 (0x00004f17) x30 0x8000fb46
core   0: 0x8000bb4a (0x4a3f2d23) sw      gp, 1210(t5)
core   0: 3 0x8000bb4a (0x4a3f2d23) mem 0x80010000 0x00000001
core   0: 0x8000bb4e (0x0000bfe5) c.j     pc - 8
core   0: 3 0x8000bb4e (0xbfe5)
core   0: 0x8000bb46 (0x00004f17) auipc   t5, 0x4
core   0: 3 0x8000bb46 (0x00004f17) x30 0x8000fb46
core   0: 0x8000bb4a (0x4a3f2d23) sw      gp, 1210(t5)
core   0: 3 0x8000bb4a (0x4a3f2d23) mem 0x80010000 0x00000001
core   0: 0x8000bb4e (0x0000bfe5) c.j     pc - 8
core   0: 3 0x8000bb4e (0xbfe5)
core   0: 0x8000bb46 (0x00004f17) auipc   t5, 0x4
core   0: 3 0x8000bb46 (0x00004f17) x30 0x8000fb46
core   0: 0x8000bb4a (0x4a3f2d23) sw      gp, 1210(t5)
core   0: 3 0x8000bb4a (0x4a3f2d23) mem 0x80010000 0x00000001
core   0: 0x8000bb4e (0x0000bfe5) c.j     pc - 8
core   0: 3 0x8000bb4e (0xbfe5)
core   0: 0x8000bb46 (0x00004f17) auipc   t5, 0x4
core   0: 3 0x8000bb46 (0x00004f17) x30 0x8000fb46
core   0: 0x8000bb4a (0x4a3f2d23) sw      gp, 1210(t5)
core   0: 3 0x8000bb4a (0x4a3f2d23) mem 0x80010000 0x00000001
core   0: 0x8000bb4e (0x0000bfe5) c.j     pc - 8
core   0: 3 0x8000bb4e (0xbfe5)
core   0: 0x8000bb46 (0x00004f17) auipc   t5, 0x4
core   0: 3 0x8000bb46 (0x00004f17) x30 0x8000fb46
core   0: 0x8000bb4a (0x4a3f2d23) sw      gp, 1210(t5)
core   0: 3 0x8000bb4a (0x4a3f2d23) mem 0x80010000 0x00000001
core   0: 0x8000bb4e (0x0000bfe5) c.j     pc - 8
core   0: 3 0x8000bb4e (0xbfe5)
core   0: 0x8000bb46 (0x00004f17) auipc   t5, 0x4
core   0: 3 0x8000bb46 (0x00004f17) x30 0x8000fb46
core   0: 0x8000bb4a (0x4a3f2d23) sw      gp, 1210(t5)
core   0: 3 0x8000bb4a (0x4a3f2d23) mem 0x80010000 0x00000001
core   0: 0x8000bb4e (0x0000bfe5) c.j     pc - 8
core   0: 3 0x8000bb4e (0xbfe5)
core   0: 0x8000bb46 (0x00004f17) auipc   t5, 0x4
core   0: 3 0x8000bb46 (0x00004f17) x30 0x8000fb46
core   0: 0x8000bb4a (0x4a3f2d23) sw      gp, 1210(t5)
core   0: 3 0x8000bb4a (0x4a3f2d23) mem 0x80010000 0x00000001
core   0: 0x8000bb4e (0x0000bfe5) c.j     pc - 8
core   0: 3 0x8000bb4e (0xbfe5)
core   0: 0x8000bb46 (0x00004f17) auipc   t5, 0x4
core   0: 3 0x8000bb46 (0x00004f17) x30 0x8000fb46
core   0: 0x8000bb4a (0x4a3f2d23) sw      gp, 1210(t5)
core   0: 3 0x8000bb4a (0x4a3f2d23) mem 0x80010000 0x00000001
core   0: 0x8000bb4e (0x0000bfe5) c.j     pc - 8
core   0: 3 0x8000bb4e (0xbfe5)
core   0: 0x8000bb46 (0x00004f17) auipc   t5, 0x4
core   0: 3 0x8000bb46 (0x00004f17) x30 0x8000fb46
core   0: 0x8000bb4a (0x4a3f2d23) sw      gp, 1210(t5)
core   0: 3 0x8000bb4a (0x4a3f2d23) mem 0x80010000 0x00000001
core   0: 0x8000bb4e (0x0000bfe5) c.j     pc - 8
core   0: 3 0x8000bb4e (0xbfe5)
core   0: 0x8000bb46 (0x00004f17) auipc   t5, 0x4
core   0: 3 0x8000bb46 (0x00004f17) x30 0x8000fb46
core   0: 0x8000bb4a (0x4a3f2d23) sw      gp, 1210(t5)
core   0: 3 0x8000bb4a (0x4a3f2d23) mem 0x80010000 0x00000001
core   0: 0x8000bb4e (0x0000bfe5) c.j     pc - 8
core   0: 3 0x8000bb4e (0xbfe5)
core   0: 0x8000bb46 (0x00004f17) auipc   t5, 0x4
core   0: 3 0x8000bb46 (0x00004f17) x30 0x8000fb46
core   0: 0x8000bb4a (0x4a3f2d23) sw      gp, 1210(t5)
core   0: 3 0x8000bb4a (0x4a3f2d23) mem 0x80010000 0x00000001
core   0: 0x8000bb4e (0x0000bfe5) c.j     pc - 8
core   0: 3 0x8000bb4e (0xbfe5)
core   0: 0x8000bb46 (0x00004f17) auipc   t5, 0x4
core   0: 3 0x8000bb46 (0x00004f17) x30 0x8000fb46
core   0: 0x8000bb4a (0x4a3f2d23) sw      gp, 1210(t5)
core   0: 3 0x8000bb4a (0x4a3f2d23) mem 0x80010000 0x00000001
core   0: 0x8000bb4e (0x0000bfe5) c.j     pc - 8
core   0: 3 0x8000bb4e (0xbfe5)
core   0: 0x8000bb46 (0x00004f17) auipc   t5, 0x4
core   0: 3 0x8000bb46 (0x00004f17) x30 0x8000fb46
core   0: 0x8000bb4a (0x4a3f2d23) sw      gp, 1210(t5)
core   0: 3 0x8000bb4a (0x4a3f2d23) mem 0x80010000 0x00000001
core   0: 0x8000bb4e (0x0000bfe5) c.j     pc - 8
core   0: 3 0x8000bb4e (0xbfe5)
core   0: 0x8000bb46 (0x00004f17) auipc   t5, 0x4
core   0: 3 0x8000bb46 (0x00004f17) x30 0x8000fb46
core   0: 0x8000bb4a (0x4a3f2d23) sw      gp, 1210(t5)
core   0: 3 0x8000bb4a (0x4a3f2d23) mem 0x80010000 0x00000001
core   0: 0x8000bb4e (0x0000bfe5) c.j     pc - 8
core   0: 3 0x8000bb4e (0xbfe5)
core   0: 0x8000bb46 (0x00004f17) auipc   t5, 0x4
core   0: 3 0x8000bb46 (0x00004f17) x30 0x8000fb46
core   0: 0x8000bb4a (0x4a3f2d23) sw      gp, 1210(t5)
core   0: 3 0x8000bb4a (0x4a3f2d23) mem 0x80010000 0x00000001
core   0: 0x8000bb4e (0x0000bfe5) c.j     pc - 8
core   0: 3 0x8000bb4e (0xbfe5)
core   0: 0x8000bb46 (0x00004f17) auipc   t5, 0x4
core   0: 3 0x8000bb46 (0x00004f17) x30 0x8000fb46
core   0: 0x8000bb4a (0x4a3f2d23) sw      gp, 1210(t5)
core   0: 3 0x8000bb4a (0x4a3f2d23) mem 0x80010000 0x00000001
core   0: 0x8000bb4e (0x0000bfe5) c.j     pc - 8
core   0: 3 0x8000bb4e (0xbfe5)
core   0: 0x8000bb46 (0x00004f17) auipc   t5, 0x4
core   0: 3 0x8000bb46 (0x00004f17) x30 0x8000fb46
core   0: 0x8000bb4a (0x4a3f2d23) sw      gp, 1210(t5)
core   0: 3 0x8000bb4a (0x4a3f2d23) mem 0x80010000 0x00000001
core   0: 0x8000bb4e (0x0000bfe5) c.j     pc - 8
core   0: 3 0x8000bb4e (0xbfe5)
core   0: 0x8000bb46 (0x00004f17) auipc   t5, 0x4
core   0: 3 0x8000bb46 (0x00004f17) x30 0x8000fb46
core   0: 0x8000bb4a (0x4a3f2d23) sw      gp, 1210(t5)
core   0: 3 0x8000bb4a (0x4a3f2d23) mem 0x80010000 0x00000001
core   0: 0x8000bb4e (0x0000bfe5) c.j     pc - 8
core   0: 3 0x8000bb4e (0xbfe5)
core   0: 0x8000bb46 (0x00004f17) auipc   t5, 0x4
core   0: 3 0x8000bb46 (0x00004f17) x30 0x8000fb46
core   0: 0x8000bb4a (0x4a3f2d23) sw      gp, 1210(t5)
core   0: 3 0x8000bb4a (0x4a3f2d23) mem 0x80010000 0x00000001
core   0: 0x8000bb4e (0x0000bfe5) c.j     pc - 8
core   0: 3 0x8000bb4e (0xbfe5)
core   0: 0x8000bb46 (0x00004f17) auipc   t5, 0x4
core   0: 3 0x8000bb46 (0x00004f17) x30 0x8000fb46
core   0: 0x8000bb4a (0x4a3f2d23) sw      gp, 1210(t5)
core   0: 3 0x8000bb4a (0x4a3f2d23) mem 0x80010000 0x00000001
core   0: 0x8000bb4e (0x0000bfe5) c.j     pc - 8
core   0: 3 0x8000bb4e (0xbfe5)
core   0: 0x8000bb46 (0x00004f17) auipc   t5, 0x4
core   0: 3 0x8000bb46 (0x00004f17) x30 0x8000fb46
core   0: 0x8000bb4a (0x4a3f2d23) sw      gp, 1210(t5)
core   0: 3 0x8000bb4a (0x4a3f2d23) mem 0x80010000 0x00000001
core   0: 0x8000bb4e (0x0000bfe5) c.j     pc - 8
core   0: 3 0x8000bb4e (0xbfe5)
core   0: 0x8000bb46 (0x00004f17) auipc   t5, 0x4
core   0: 3 0x8000bb46 (0x00004f17) x30 0x8000fb46
core   0: 0x8000bb4a (0x4a3f2d23) sw      gp, 1210(t5)
core   0: 3 0x8000bb4a (0x4a3f2d23) mem 0x80010000 0x00000001
core   0: 0x8000bb4e (0x0000bfe5) c.j     pc - 8
core   0: 3 0x8000bb4e (0xbfe5)
core   0: 0x8000bb46 (0x00004f17) auipc   t5, 0x4
core   0: 3 0x8000bb46 (0x00004f17) x30 0x8000fb46
core   0: 0x8000bb4a (0x4a3f2d23) sw      gp, 1210(t5)
core   0: 3 0x8000bb4a (0x4a3f2d23) mem 0x80010000 0x00000001
core   0: 0x8000bb4e (0x0000bfe5) c.j     pc - 8
core   0: 3 0x8000bb4e (0xbfe5)
core   0: 0x8000bb46 (0x00004f17) auipc   t5, 0x4
core   0: 3 0x8000bb46 (0x00004f17) x30 0x8000fb46
core   0: 0x8000bb4a (0x4a3f2d23) sw      gp, 1210(t5)
core   0: 3 0x8000bb4a (0x4a3f2d23) mem 0x80010000 0x00000001
core   0: 0x8000bb4e (0x0000bfe5) c.j     pc - 8
core   0: 3 0x8000bb4e (0xbfe5)
core   0: 0x8000bb46 (0x00004f17) auipc   t5, 0x4
core   0: 3 0x8000bb46 (0x00004f17) x30 0x8000fb46
core   0: 0x8000bb4a (0x4a3f2d23) sw      gp, 1210(t5)
core   0: 3 0x8000bb4a (0x4a3f2d23) mem 0x80010000 0x00000001
core   0: 0x8000bb4e (0x0000bfe5) c.j     pc - 8
core   0: 3 0x8000bb4e (0xbfe5)
core   0: 0x8000bb46 (0x00004f17) auipc   t5, 0x4
core   0: 3 0x8000bb46 (0x00004f17) x30 0x8000fb46
core   0: 0x8000bb4a (0x4a3f2d23) sw      gp, 1210(t5)
core   0: 3 0x8000bb4a (0x4a3f2d23) mem 0x80010000 0x00000001
core   0: 0x8000bb4e (0x0000bfe5) c.j     pc - 8
core   0: 3 0x8000bb4e (0xbfe5)
core   0: 0x8000bb46 (0x00004f17) auipc   t5, 0x4
core   0: 3 0x8000bb46 (0x00004f17) x30 0x8000fb46
core   0: 0x8000bb4a (0x4a3f2d23) sw      gp, 1210(t5)
core   0: 3 0x8000bb4a (0x4a3f2d23) mem 0x80010000 0x00000001
core   0: 0x8000bb4e (0x0000bfe5) c.j     pc - 8
core   0: 3 0x8000bb4e (0xbfe5)
core   0: 0x8000bb46 (0x00004f17) auipc   t5, 0x4
core   0: 3 0x8000bb46 (0x00004f17) x30 0x8000fb46
core   0: 0x8000bb4a (0x4a3f2d23) sw      gp, 1210(t5)
core   0: 3 0x8000bb4a (0x4a3f2d23) mem 0x80010000 0x00000001
core   0: 0x8000bb4e (0x0000bfe5) c.j     pc - 8
core   0: 3 0x8000bb4e (0xbfe5)
core   0: 0x8000bb46 (0x00004f17) auipc   t5, 0x4
core   0: 3 0x8000bb46 (0x00004f17) x30 0x8000fb46
core   0: 0x8000bb4a (0x4a3f2d23) sw      gp, 1210(t5)
core   0: 3 0x8000bb4a (0x4a3f2d23) mem 0x80010000 0x00000001
core   0: 0x8000bb4e (0x0000bfe5) c.j     pc - 8
core   0: 3 0x8000bb4e (0xbfe5)
core   0: 0x8000bb46 (0x00004f17) auipc   t5, 0x4
core   0: 3 0x8000bb46 (0x00004f17) x30 0x8000fb46
core   0: 0x8000bb4a (0x4a3f2d23) sw      gp, 1210(t5)
core   0: 3 0x8000bb4a (0x4a3f2d23) mem 0x80010000 0x00000001
core   0: 0x8000bb4e (0x0000bfe5) c.j     pc - 8
core   0: 3 0x8000bb4e (0xbfe5)
core   0: 0x8000bb46 (0x00004f17) auipc   t5, 0x4
core   0: 3 0x8000bb46 (0x00004f17) x30 0x8000fb46
core   0: 0x8000bb4a (0x4a3f2d23) sw      gp, 1210(t5)
core   0: 3 0x8000bb4a (0x4a3f2d23) mem 0x80010000 0x00000001
core   0: 0x8000bb4e (0x0000bfe5) c.j     pc - 8
core   0: 3 0x8000bb4e (0xbfe5)
core   0: 0x8000bb46 (0x00004f17) auipc   t5, 0x4
core   0: 3 0x8000bb46 (0x00004f17) x30 0x8000fb46
core   0: 0x8000bb4a (0x4a3f2d23) sw      gp, 1210(t5)
core   0: 3 0x8000bb4a (0x4a3f2d23) mem 0x80010000 0x00000001
core   0: 0x8000bb4e (0x0000bfe5) c.j     pc - 8
core   0: 3 0x8000bb4e (0xbfe5)
core   0: 0x8000bb46 (0x00004f17) auipc   t5, 0x4
core   0: 3 0x8000bb46 (0x00004f17) x30 0x8000fb46
core   0: 0x8000bb4a (0x4a3f2d23) sw      gp, 1210(t5)
core   0: 3 0x8000bb4a (0x4a3f2d23) mem 0x80010000 0x00000001
core   0: 0x8000bb4e (0x0000bfe5) c.j     pc - 8
core   0: 3 0x8000bb4e (0xbfe5)
core   0: 0x8000bb46 (0x00004f17) auipc   t5, 0x4
core   0: 3 0x8000bb46 (0x00004f17) x30 0x8000fb46
core   0: 0x8000bb4a (0x4a3f2d23) sw      gp, 1210(t5)
core   0: 3 0x8000bb4a (0x4a3f2d23) mem 0x80010000 0x00000001
core   0: 0x8000bb4e (0x0000bfe5) c.j     pc - 8
core   0: 3 0x8000bb4e (0xbfe5)
core   0: 0x8000bb46 (0x00004f17) auipc   t5, 0x4
core   0: 3 0x8000bb46 (0x00004f17) x30 0x8000fb46
core   0: 0x8000bb4a (0x4a3f2d23) sw      gp, 1210(t5)
core   0: 3 0x8000bb4a (0x4a3f2d23) mem 0x80010000 0x00000001
core   0: 0x8000bb4e (0x0000bfe5) c.j     pc - 8
core   0: 3 0x8000bb4e (0xbfe5)
core   0: 0x8000bb46 (0x00004f17) auipc   t5, 0x4
core   0: 3 0x8000bb46 (0x00004f17) x30 0x8000fb46
core   0: 0x8000bb4a (0x4a3f2d23) sw      gp, 1210(t5)
core   0: 3 0x8000bb4a (0x4a3f2d23) mem 0x80010000 0x00000001
core   0: 0x8000bb4e (0x0000bfe5) c.j     pc - 8
core   0: 3 0x8000bb4e (0xbfe5)
core   0: 0x8000bb46 (0x00004f17) auipc   t5, 0x4
core   0: 3 0x8000bb46 (0x00004f17) x30 0x8000fb46
core   0: 0x8000bb4a (0x4a3f2d23) sw      gp, 1210(t5)
core   0: 3 0x8000bb4a (0x4a3f2d23) mem 0x80010000 0x00000001
core   0: 0x8000bb4e (0x0000bfe5) c.j     pc - 8
core   0: 3 0x8000bb4e (0xbfe5)
core   0: 0x8000bb46 (0x00004f17) auipc   t5, 0x4
core   0: 3 0x8000bb46 (0x00004f17) x30 0x8000fb46
core   0: 0x8000bb4a (0x4a3f2d23) sw      gp, 1210(t5)
core   0: 3 0x8000bb4a (0x4a3f2d23) mem 0x80010000 0x00000001
core   0: 0x8000bb4e (0x0000bfe5) c.j     pc - 8
core   0: 3 0x8000bb4e (0xbfe5)
core   0: 0x8000bb46 (0x00004f17) auipc   t5, 0x4
core   0: 3 0x8000bb46 (0x00004f17) x30 0x8000fb46
core   0: 0x8000bb4a (0x4a3f2d23) sw      gp, 1210(t5)
core   0: 3 0x8000bb4a (0x4a3f2d23) mem 0x80010000 0x00000001
core   0: 0x8000bb4e (0x0000bfe5) c.j     pc - 8
core   0: 3 0x8000bb4e (0xbfe5)
core   0: 0x8000bb46 (0x00004f17) auipc   t5, 0x4
core   0: 3 0x8000bb46 (0x00004f17) x30 0x8000fb46
core   0: 0x8000bb4a (0x4a3f2d23) sw      gp, 1210(t5)
core   0: 3 0x8000bb4a (0x4a3f2d23) mem 0x80010000 0x00000001
core   0: 0x8000bb4e (0x0000bfe5) c.j     pc - 8
core   0: 3 0x8000bb4e (0xbfe5)
core   0: 0x8000bb46 (0x00004f17) auipc   t5, 0x4
core   0: 3 0x8000bb46 (0x00004f17) x30 0x8000fb46
core   0: 0x8000bb4a (0x4a3f2d23) sw      gp, 1210(t5)
core   0: 3 0x8000bb4a (0x4a3f2d23) mem 0x80010000 0x00000001
core   0: 0x8000bb4e (0x0000bfe5) c.j     pc - 8
core   0: 3 0x8000bb4e (0xbfe5)
core   0: 0x8000bb46 (0x00004f17) auipc   t5, 0x4
core   0: 3 0x8000bb46 (0x00004f17) x30 0x8000fb46
core   0: 0x8000bb4a (0x4a3f2d23) sw      gp, 1210(t5)
core   0: 3 0x8000bb4a (0x4a3f2d23) mem 0x80010000 0x00000001
core   0: 0x8000bb4e (0x0000bfe5) c.j     pc - 8
core   0: 3 0x8000bb4e (0xbfe5)
core   0: 0x8000bb46 (0x00004f17) auipc   t5, 0x4
core   0: 3 0x8000bb46 (0x00004f17) x30 0x8000fb46
core   0: 0x8000bb4a (0x4a3f2d23) sw      gp, 1210(t5)
core   0: 3 0x8000bb4a (0x4a3f2d23) mem 0x80010000 0x00000001
core   0: 0x8000bb4e (0x0000bfe5) c.j     pc - 8
core   0: 3 0x8000bb4e (0xbfe5)
core   0: 0x8000bb46 (0x00004f17) auipc   t5, 0x4
core   0: 3 0x8000bb46 (0x00004f17) x30 0x8000fb46
core   0: 0x8000bb4a (0x4a3f2d23) sw      gp, 1210(t5)
core   0: 3 0x8000bb4a (0x4a3f2d23) mem 0x80010000 0x00000001
core   0: 0x8000bb4e (0x0000bfe5) c.j     pc - 8
core   0: 3 0x8000bb4e (0xbfe5)
core   0: 0x8000bb46 (0x00004f17) auipc   t5, 0x4
core   0: 3 0x8000bb46 (0x00004f17) x30 0x8000fb46
core   0: 0x8000bb4a (0x4a3f2d23) sw      gp, 1210(t5)
core   0: 3 0x8000bb4a (0x4a3f2d23) mem 0x80010000 0x00000001
core   0: 0x8000bb4e (0x0000bfe5) c.j     pc - 8
core   0: 3 0x8000bb4e (0xbfe5)
core   0: 0x8000bb46 (0x00004f17) auipc   t5, 0x4
core   0: 3 0x8000bb46 (0x00004f17) x30 0x8000fb46
core   0: 0x8000bb4a (0x4a3f2d23) sw      gp, 1210(t5)
core   0: 3 0x8000bb4a (0x4a3f2d23) mem 0x80010000 0x00000001
core   0: 0x8000bb4e (0x0000bfe5) c.j     pc - 8
core   0: 3 0x8000bb4e (0xbfe5)
core   0: 0x8000bb46 (0x00004f17) auipc   t5, 0x4
core   0: 3 0x8000bb46 (0x00004f17) x30 0x8000fb46
core   0: 0x8000bb4a (0x4a3f2d23) sw      gp, 1210(t5)
core   0: 3 0x8000bb4a (0x4a3f2d23) mem 0x80010000 0x00000001
core   0: 0x8000bb4e (0x0000bfe5) c.j     pc - 8
core   0: 3 0x8000bb4e (0xbfe5)
core   0: 0x8000bb46 (0x00004f17) auipc   t5, 0x4
core   0: 3 0x8000bb46 (0x00004f17) x30 0x8000fb46
core   0: 0x8000bb4a (0x4a3f2d23) sw      gp, 1210(t5)
core   0: 3 0x8000bb4a (0x4a3f2d23) mem 0x80010000 0x00000001
core   0: 0x8000bb4e (0x0000bfe5) c.j     pc - 8
core   0: 3 0x8000bb4e (0xbfe5)
core   0: 0x8000bb46 (0x00004f17) auipc   t5, 0x4
core   0: 3 0x8000bb46 (0x00004f17) x30 0x8000fb46
core   0: 0x8000bb4a (0x4a3f2d23) sw      gp, 1210(t5)
core   0: 3 0x8000bb4a (0x4a3f2d23) mem 0x80010000 0x00000001
core   0: 0x8000bb4e (0x0000bfe5) c.j     pc - 8
core   0: 3 0x8000bb4e (0xbfe5)
core   0: 0x8000bb46 (0x00004f17) auipc   t5, 0x4
core   0: 3 0x8000bb46 (0x00004f17) x30 0x8000fb46
core   0: 0x8000bb4a (0x4a3f2d23) sw      gp, 1210(t5)
core   0: 3 0x8000bb4a (0x4a3f2d23) mem 0x80010000 0x00000001
core   0: 0x8000bb4e (0x0000bfe5) c.j     pc - 8
core   0: 3 0x8000bb4e (0xbfe5)
core   0: 0x8000bb46 (0x00004f17) auipc   t5, 0x4
core   0: 3 0x8000bb46 (0x00004f17) x30 0x8000fb46
core   0: 0x8000bb4a (0x4a3f2d23) sw      gp, 1210(t5)
core   0: 3 0x8000bb4a (0x4a3f2d23) mem 0x80010000 0x00000001
core   0: 0x8000bb4e (0x0000bfe5) c.j     pc - 8
core   0: 3 0x8000bb4e (0xbfe5)
core   0: 0x8000bb46 (0x00004f17) auipc   t5, 0x4
core   0: 3 0x8000bb46 (0x00004f17) x30 0x8000fb46
core   0: 0x8000bb4a (0x4a3f2d23) sw      gp, 1210(t5)
core   0: 3 0x8000bb4a (0x4a3f2d23) mem 0x80010000 0x00000001
core   0: 0x8000bb4e (0x0000bfe5) c.j     pc - 8
core   0: 3 0x8000bb4e (0xbfe5)
core   0: 0x8000bb46 (0x00004f17) auipc   t5, 0x4
core   0: 3 0x8000bb46 (0x00004f17) x30 0x8000fb46
core   0: 0x8000bb4a (0x4a3f2d23) sw      gp, 1210(t5)
core   0: 3 0x8000bb4a (0x4a3f2d23) mem 0x80010000 0x00000001
