core   0: 0x00001000 (0x00000297) auipc   t0, 0x0
core   0: 3 0x00001000 (0x00000297) x5  0x00001000
core   0: 0x00001004 (0x02028593) addi    a1, t0, 32
core   0: 3 0x00001004 (0x02028593) x11 0x00001020
core   0: 0x00001008 (0xf1402573) csrr    a0, mhartid
core   0: 3 0x00001008 (0xf1402573) x10 0x00000000
core   0: 0x0000100c (0x0182a283) lw      t0, 24(t0)
core   0: 3 0x0000100c (0x0182a283) x5  0x80000000 mem 0x00001018
core   0: 0x00001010 (0x00028067) jr      t0
core   0: 3 0x00001010 (0x00028067)
core   0: 0x80000000 (0xf14022f3) csrr    t0, mhartid
core   0: 3 0x80000000 (0xf14022f3) x5  0x00000000
core   0: 0x80000004 (0x00004301) c.li    t1, 0
core   0: 3 0x80000004 (0x4301) x6  0x00000000
core   0: 0x80000006 (0x00628263) beq     t0, t1, pc + 4
core   0: 3 0x80000006 (0x00628263)
core   0: 0x8000000a (0x00000417) auipc   s0, 0x0
core   0: 3 0x8000000a (0x00000417) x8  0x8000000a
core   0: 0x8000000e (0x00c40413) addi    s0, s0, 12
core   0: 3 0x8000000e (0x00c40413) x8  0x80000016
core   0: 0x80000012 (0x00040067) jr      s0
core   0: 3 0x80000012 (0x00040067)
core   0: 0x80000016 (0x400019b7) lui     s3, 0x40001
core   0: 3 0x80000016 (0x400019b7) x19 0x40001000
core   0: 0x8000001a (0x10598993) addi    s3, s3, 261
core   0: 3 0x8000001a (0x10598993) x19 0x40001105
core   0: 0x8000001e (0x30199073) csrw    misa, s3
core   0: 3 0x8000001e (0x30199073) c769_misa 0x40141105
core   0: 0x80000022 (0x0002ae97) auipc   t4, 0x2a
core   0: 3 0x80000022 (0x0002ae97) x29 0x8002a022
core   0: 0x80000026 (0xd02e8e93) addi    t4, t4, -766
core   0: 3 0x80000026 (0xd02e8e93) x29 0x80029d24
core   0: 0x8000002a (0x0000c997) auipc   s3, 0xc
core   0: 3 0x8000002a (0x0000c997) x19 0x8000c02a
core   0: 0x8000002e (0x1a698993) addi    s3, s3, 422
core   0: 3 0x8000002e (0x1a698993) x19 0x8000c1d0
core   0: 0x80000032 (0x0019e993) ori     s3, s3, 1
core   0: 3 0x80000032 (0x0019e993) x19 0x8000c1d1
core   0: 0x80000036 (0x30599073) csrw    mtvec, s3
core   0: 3 0x80000036 (0x30599073) c773_mtvec 0x8000c1d1
core   0: 0x8000003a (0x00000997) auipc   s3, 0x0
core   0: 3 0x8000003a (0x00000997) x19 0x8000003a
core   0: 0x8000003e (0x02298993) addi    s3, s3, 34
core   0: 3 0x8000003e (0x02298993) x19 0x8000005c
core   0: 0x80000042 (0x34199073) csrw    mepc, s3
core   0: 3 0x80000042 (0x34199073) c833_mepc 0x8000005c
core   0: 0x80000046 (0x00000001) c.nop
core   0: 3 0x80000046 (0x0001)
core   0: 0x80000048 (0x00006989) c.lui   s3, 0x2
core   0: 3 0x80000048 (0x6989) x19 0x00002000
core   0: 0x8000004a (0x80098993) addi    s3, s3, -2048
core   0: 3 0x8000004a (0x80098993) x19 0x00001800
core   0: 0x8000004e (0x30099073) csrw    mstatus, s3
core   0: 3 0x8000004e (0x30099073) c768_mstatus 0x00001800
core   0: 0x80000052 (0x00004981) c.li    s3, 0
core   0: 3 0x80000052 (0x4981) x19 0x00000000
core   0: 0x80000054 (0x30499073) csrw    mie, s3
core   0: 3 0x80000054 (0x30499073) c772_mie 0x00000000
core   0: 0x80000058 (0x30200073) mret
core   0: 3 0x80000058 (0x30200073) c784_mstatush 0x00000000 c768_mstatus 0x00000080
core   0: >>>>  init
core   0: 0x8000005c (0xe6a64037) lui     zero, 0xe6a64
core   0: 3 0x8000005c (0xe6a64037)
core   0: 0x80000060 (0x8dd00013) li      zero, -1827
core   0: 3 0x80000060 (0x8dd00013)
core   0: 0x80000064 (0x00004081) c.li    ra, 0
core   0: 3 0x80000064 (0x4081) x1  0x00000000
core   0: 0x80000066 (0x0000410d) c.li    sp, 3
core   0: 3 0x80000066 (0x410d) x2  0x00000003
core   0: 0x80000068 (0x00004181) c.li    gp, 0
core   0: 3 0x80000068 (0x4181) x3  0x00000000
core   0: 0x8000006a (0x00004205) c.li    tp, 1
core   0: 3 0x8000006a (0x4205) x4  0x00000001
core   0: 0x8000006c (0xfb5f52b7) lui     t0, 0xfb5f5
core   0: 3 0x8000006c (0xfb5f52b7) x5  0xfb5f5000
core   0: 0x80000070 (0xd1628293) addi    t0, t0, -746
core   0: 3 0x80000070 (0xd1628293) x5  0xfb5f4d16
core   0: 0x80000074 (0xce85c337) lui     t1, 0xce85c
core   0: 3 0x80000074 (0xce85c337) x6  0xce85c000
core   0: 0x80000078 (0x4ad30313) addi    t1, t1, 1197
core   0: 3 0x80000078 (0x4ad30313) x6  0xce85c4ad
core   0: 0x8000007c (0x1b0433b7) lui     t2, 0x1b043
core   0: 3 0x8000007c (0x1b0433b7) x7  0x1b043000
core   0: 0x80000080 (0x74638393) addi    t2, t2, 1862
core   0: 3 0x80000080 (0x74638393) x7  0x1b043746
core   0: 0x80000084 (0xf0a6f437) lui     s0, 0xf0a6f
core   0: 3 0x80000084 (0xf0a6f437) x8  0xf0a6f000
core   0: 0x80000088 (0xfc140413) addi    s0, s0, -63
core   0: 3 0x80000088 (0xfc140413) x8  0xf0a6efc1
core   0: 0x8000008c (0xf5f304b7) lui     s1, 0xf5f30
core   0: 3 0x8000008c (0xf5f304b7) x9  0xf5f30000
core   0: 0x80000090 (0x44b48493) addi    s1, s1, 1099
core   0: 3 0x80000090 (0x44b48493) x9  0xf5f3044b
core   0: 0x80000094 (0x00004501) c.li    a0, 0
core   0: 3 0x80000094 (0x4501) x10 0x00000000
core   0: 0x80000096 (0x000045a1) c.li    a1, 8
core   0: 3 0x80000096 (0x45a1) x11 0x00000008
core   0: 0x80000098 (0xffaac637) lui     a2, 0xffaac
core   0: 3 0x80000098 (0xffaac637) x12 0xffaac000
core   0: 0x8000009c (0xcff60613) addi    a2, a2, -769
core   0: 3 0x8000009c (0xcff60613) x12 0xffaabcff
core   0: 0x800000a0 (0xf38c66b7) lui     a3, 0xf38c6
core   0: 3 0x800000a0 (0xf38c66b7) x13 0xf38c6000
core   0: 0x800000a4 (0x50768693) addi    a3, a3, 1287
core   0: 3 0x800000a4 (0x50768693) x13 0xf38c6507
core   0: 0x800000a8 (0x00004701) c.li    a4, 0
core   0: 3 0x800000a8 (0x4701) x14 0x00000000
core   0: 0x800000aa (0x800007b7) lui     a5, 0x80000
core   0: 3 0x800000aa (0x800007b7) x15 0x80000000
core   0: 0x800000ae (0x00004821) c.li    a6, 8
core   0: 3 0x800000ae (0x4821) x16 0x00000008
core   0: 0x800000b0 (0x6baef8b7) lui     a7, 0x6baef
core   0: 3 0x800000b0 (0x6baef8b7) x17 0x6baef000
core   0: 0x800000b4 (0x9e788893) addi    a7, a7, -1561
core   0: 3 0x800000b4 (0x9e788893) x17 0x6baee9e7
core   0: 0x800000b8 (0x80000937) lui     s2, 0x80000
core   0: 3 0x800000b8 (0x80000937) x18 0x80000000
core   0: 0x800000bc (0x00004991) c.li    s3, 4
core   0: 3 0x800000bc (0x4991) x19 0x00000004
core   0: 0x800000be (0x00004a2d) c.li    s4, 11
core   0: 3 0x800000be (0x4a2d) x20 0x0000000b
core   0: 0x800000c0 (0x00004a81) c.li    s5, 0
core   0: 3 0x800000c0 (0x4a81) x21 0x00000000
core   0: 0x800000c2 (0x00004b01) c.li    s6, 0
core   0: 3 0x800000c2 (0x4b01) x22 0x00000000
core   0: 0x800000c4 (0x00004b81) c.li    s7, 0
core   0: 3 0x800000c4 (0x4b81) x23 0x00000000
core   0: 0x800000c6 (0x80000cb7) lui     s9, 0x80000
core   0: 3 0x800000c6 (0x80000cb7) x25 0x80000000
core   0: 0x800000ca (0x80000d37) lui     s10, 0x80000
core   0: 3 0x800000ca (0x80000d37) x26 0x80000000
core   0: 0x800000ce (0xf0606db7) lui     s11, 0xf0606
core   0: 3 0x800000ce (0xf0606db7) x27 0xf0606000
core   0: 0x800000d2 (0xf60d8d93) addi    s11, s11, -160
core   0: 3 0x800000d2 (0xf60d8d93) x27 0xf0605f60
core   0: 0x800000d6 (0x00004e21) c.li    t3, 8
core   0: 3 0x800000d6 (0x4e21) x28 0x00000008
core   0: 0x800000d8 (0xf741cf37) lui     t5, 0xf741c
core   0: 3 0x800000d8 (0xf741cf37) x30 0xf741c000
core   0: 0x800000dc (0x2eef0f13) addi    t5, t5, 750
core   0: 3 0x800000dc (0x2eef0f13) x30 0xf741c2ee
core   0: 0x800000e0 (0x80000fb7) lui     t6, 0x80000
core   0: 3 0x800000e0 (0x80000fb7) x31 0x80000000
core   0: 0x800000e4 (0x00026c17) auipc   s8, 0x26
core   0: 3 0x800000e4 (0x00026c17) x24 0x800260e4
core   0: 0x800000e8 (0xdc0c0c13) addi    s8, s8, -576
core   0: 3 0x800000e8 (0xdc0c0c13) x24 0x80025ea4
core   0: 0x800000ec (0x00011d97) auipc   s11, 0x11
core   0: 3 0x800000ec (0x00011d97) x27 0x800110ec
core   0: 0x800000f0 (0xa19d8d93) addi    s11, s11, -1511
core   0: 3 0x800000f0 (0xa19d8d93) x27 0x80010b05
core   0: 0x800000f4 (0xfdcd99a3) sh      t3, -45(s11)
core   0: 3 0x800000f4 (0xfdcd99a3) mem 0x80010ad8 0x0008
core   0: 0x800000f8 (0xfe9d8283) lb      t0, -23(s11)
core   0: 3 0x800000f8 (0xfe9d8283) x5  0x00000000 mem 0x80010aee
core   0: 0x800000fc (0x00008689) c.srai  a3, 2
core   0: 3 0x800000fc (0x8689) x13 0xfce31941
core   0: 0x800000fe (0x00bd8a03) lb      s4, 11(s11)
core   0: 3 0x800000fe (0x00bd8a03) x20 0x00000000 mem 0x80010b10
core   0: 0x80000102 (0x034e8ab3) mul     s5, t4, s4
core   0: 3 0x80000102 (0x034e8ab3) x21 0x00000000
core   0: 0x80000106 (0x02ed8603) lb      a2, 46(s11)
core   0: 3 0x80000106 (0x02ed8603) x12 0x00000000 mem 0x80010b33
core   0: 0x8000010a (0x00001b7d) c.addi  s6, -1
core   0: 3 0x8000010a (0x1b7d) x22 0xffffffff
core   0: 0x8000010c (0x6fdd2cb7) lui     s9, 0x6fdd2
core   0: 3 0x8000010c (0x6fdd2cb7) x25 0x6fdd2000
core   0: 0x80000110 (0x019dada3) sw      s9, 27(s11)
core   0: 3 0x80000110 (0x019dada3) mem 0x80010b20 0x6fdd2000
core   0: 0x80000114 (0xfecdc283) lbu     t0, -20(s11)
core   0: 3 0x80000114 (0xfecdc283) x5  0x00000000 mem 0x80010af1
core   0: 0x80000118 (0x02adc883) lbu     a7, 42(s11)
core   0: 3 0x80000118 (0x02adc883) x17 0x00000000 mem 0x80010b2f
core   0: 0x8000011c (0x340032f3) csrrc   t0, mscratch, zero
core   0: 3 0x8000011c (0x340032f3) x5  0x00000000
core   0: 0x80000120 (0x00000001) c.nop
core   0: 3 0x80000120 (0x0001)
core   0: 0x80000122 (0x000013fd) c.addi  t2, -1
core   0: 3 0x80000122 (0x13fd) x7  0x1b043745
core   0: 0x80000124 (0x00008e41) c.or    a2, s0
core   0: 3 0x80000124 (0x8e41) x12 0xf0a6efc1
core   0: 0x80000126 (0x021d9383) lh      t2, 33(s11)
core   0: 3 0x80000126 (0x021d9383) x7  0x00000000 mem 0x80010b26
core   0: 0x8000012a (0x0055c233) xor     tp, a1, t0
core   0: 3 0x8000012a (0x0055c233) x4  0x00000008
core   0: 0x8000012e (0x015d8b83) lb      s7, 21(s11)
core   0: 3 0x8000012e (0x015d8b83) x23 0x00000000 mem 0x80010b1a
core   0: 0x80000132 (0x017b9693) slli    a3, s7, 23
core   0: 3 0x80000132 (0x017b9693) x13 0x00000000
core   0: 0x80000136 (0x0ff0000f) fence   iorw,iorw
core   0: 3 0x80000136 (0x0ff0000f)
core   0: 0x8000013a (0x413d5633) sra     a2, s10, s3
core   0: 3 0x8000013a (0x413d5633) x12 0xf8000000
core   0: 0x8000013e (0xfd4d8423) sb      s4, -56(s11)
core   0: 3 0x8000013e (0xfd4d8423) mem 0x80010acd 0x00
core   0: 0x80000142 (0xfd1d8223) sb      a7, -60(s11)
core   0: 3 0x80000142 (0xfd1d8223) mem 0x80010ac9 0x00
core   0: 0x80000146 (0xfdcdcc83) lbu     s9, -36(s11)
core   0: 3 0x80000146 (0xfdcdcc83) x25 0x00000000 mem 0x80010ae1
core   0: 0x8000014a (0x015e1513) slli    a0, t3, 21
core   0: 3 0x8000014a (0x015e1513) x10 0x01000000
core   0: 0x8000014e (0x340fb1f3) csrrc   gp, mscratch, t6
core   0: 3 0x8000014e (0x340fb1f3) x3  0x00000000 c832_mscratch 0x00000000
core   0: 0x80000152 (0x00000121) c.addi  sp, 8
core   0: 3 0x80000152 (0x0121) x2  0x0000000b
core   0: 0x80000154 (0xfd2d8083) lb      ra, -46(s11)
core   0: 3 0x80000154 (0xfd2d8083) x1  0x00000000 mem 0x80010ad7
core   0: 0x80000158 (0x00000001) c.nop
core   0: 3 0x80000158 (0x0001)
core   0: 0x8000015a (0x0000833e) c.mv    t1, a5
core   0: 3 0x8000015a (0x833e) x6  0x80000000
core   0: 0x8000015c (0x038cd933) divu    s2, s9, s8
core   0: 3 0x8000015c (0x038cd933) x18 0x00000000
core   0: 0x80000160 (0x0000100f) fence.i
core   0: 3 0x80000160 (0x0000100f)
core   0: 0x80000164 (0x016c1a13) slli    s4, s8, 22
core   0: 3 0x80000164 (0x016c1a13) x20 0xa9000000
core   0: 0x80000168 (0x00000ff2) c.slli  t6, 28
core   0: 3 0x80000168 (0x0ff2) x31 0x00000000
core   0: 0x8000016a (0x00bd8b03) lb      s6, 11(s11)
core   0: 3 0x8000016a (0x00bd8b03) x22 0x00000000 mem 0x80010b10
core   0: 0x8000016e (0x02ed8e23) sb      a4, 60(s11)
core   0: 3 0x8000016e (0x02ed8e23) mem 0x80010b41 0x00
core   0: 0x80000172 (0xfc0dc803) lbu     a6, -64(s11)
core   0: 3 0x80000172 (0xfc0dc803) x16 0x00000000 mem 0x80010ac5
core   0: 0x80000176 (0xfdfd82a3) sb      t6, -59(s11)
core   0: 3 0x80000176 (0xfdfd82a3) mem 0x80010aca 0x00
core   0: 0x8000017a (0xfdfd8103) lb      sp, -33(s11)
core   0: 3 0x8000017a (0xfdfd8103) x2  0x00000000 mem 0x80010ae4
core   0: 0x8000017e (0xfffd9803) lh      a6, -1(s11)
core   0: 3 0x8000017e (0xfffd9803) x16 0x00000000 mem 0x80010b04
core   0: 0x80000182 (0x00010117) auipc   sp, 0x10
core   0: 3 0x80000182 (0x00010117) x2  0x80010182
core   0: 0x80000186 (0x5db10113) addi    sp, sp, 1499
core   0: 3 0x80000186 (0x5db10113) x2  0x8001075d
core   0: 0x8000018a (0xf2d113a3) sh      a3, -217(sp)
core   0: 3 0x8000018a (0xf2d113a3) mem 0x80010684 0x0000
core   0: 0x8000018e (0x000004b6) c.slli  s1, 13
core   0: 3 0x8000018e (0x04b6) x9  0x60896000
core   0: 0x80000190 (0x340024f3) csrr    s1, mscratch
core   0: 3 0x80000190 (0x340024f3) x9  0x00000000
core   0: 0x80000194 (0x02453d93) sltiu   s11, a0, 36
core   0: 3 0x80000194 (0x02453d93) x27 0x00000000
core   0: 0x80000198 (0xe7105a97) auipc   s5, 0xe7105
core   0: 3 0x80000198 (0xe7105a97) x21 0x67105198
core   0: 0x8000019c (0xf38114a3) sh      s8, -215(sp)
core   0: 3 0x8000019c (0xf38114a3) mem 0x80010686 0x5ea4
core   0: 0x800001a0 (0xf485fc93) andi    s9, a1, -184
core   0: 3 0x800001a0 (0xf485fc93) x25 0x00000008
core   0: 0x800001a4 (0x0065fdb3) and     s11, a1, t1
core   0: 3 0x800001a4 (0x0065fdb3) x27 0x00000000
core   0: 0x800001a8 (0x08414183) lbu     gp, 132(sp)
core   0: 3 0x800001a8 (0x08414183) x3  0x00000000 mem 0x800107e1
core   0: 0x800001ac (0x00008e71) c.and   a2, a2
core   0: 3 0x800001ac (0x8e71) x12 0xf8000000
core   0: 0x800001ae (0x01156e33) or      t3, a0, a7
core   0: 3 0x800001ae (0x01156e33) x28 0x01000000
core   0: 0x800001b2 (0xfc714d83) lbu     s11, -57(sp)
core   0: 3 0x800001b2 (0xfc714d83) x27 0x00000000 mem 0x80010724
core   0: 0x800001b6 (0x00a10003) lb      zero, 10(sp)
core   0: 3 0x800001b6 (0x00a10003) mem 0x80010767
core   0: 0x800001ba (0x052127a3) sw      s2, 79(sp)
core   0: 3 0x800001ba (0x052127a3) mem 0x800107ac 0x00000000
core   0: 0x800001be (0xfda10083) lb      ra, -38(sp)
core   0: 3 0x800001be (0xfda10083) x1  0x00000000 mem 0x80010737
core   0: 0x800001c2 (0x00009a6a) c.add   s4, s10
core   0: 3 0x800001c2 (0x9a6a) x20 0x29000000
core   0: 0x800001c4 (0x0362b333) mulhu   t1, t0, s6
core   0: 3 0x800001c4 (0x0362b333) x6  0x00000000
core   0: 0x800001c8 (0x013b1c93) slli    s9, s6, 19
core   0: 3 0x800001c8 (0x013b1c93) x25 0x00000000
core   0: 0x800001cc (0x00008189) c.srli  a1, 2
core   0: 3 0x800001cc (0x8189) x11 0x00000002
core   0: 0x800001ce (0xf1810123) sb      s8, -254(sp)
core   0: 3 0x800001ce (0xf1810123) mem 0x8001065f 0xa4
core   0: 0x800001d2 (0x00006e11) c.lui   t3, 0x4
core   0: 3 0x800001d2 (0x6e11) x28 0x00004000
core   0: 0x800001d4 (0x01704bb3) xor     s7, zero, s7
core   0: 3 0x800001d4 (0x01704bb3) x23 0x00000000
core   0: 0x800001d8 (0x000089f1) c.andi  a1, 28
core   0: 3 0x800001d8 (0x89f1) x11 0x00000000
core   0: 0x800001da (0x03810d03) lb      s10, 56(sp)
core   0: 3 0x800001da (0x03810d03) x26 0x00000000 mem 0x80010795
core   0: 0x800001de (0x04814e03) lbu     t3, 72(sp)
core   0: 3 0x800001de (0x04814e03) x28 0x00000000 mem 0x800107a5
core   0: 0x800001e2 (0x00008351) c.srli  a4, 20
core   0: 3 0x800001e2 (0x8351) x14 0x00000000
core   0: 0x800001e4 (0x0eb10b23) sb      a1, 246(sp)
core   0: 3 0x800001e4 (0x0eb10b23) mem 0x80010853 0x00
core   0: 0x800001e8 (0x41598633) sub     a2, s3, s5
core   0: 3 0x800001e8 (0x41598633) x12 0x98efae6c
core   0: 0x800001ec (0xf3510fa3) sb      s5, -193(sp)
core   0: 3 0x800001ec (0xf3510fa3) mem 0x8001069c 0x98
core   0: 0x800001f0 (0x34075573) csrrwi  a0, mscratch, 14
core   0: 3 0x800001f0 (0x34075573) x10 0x00000000 c832_mscratch 0x0000000e
core   0: 0x800001f4 (0x000089fd) c.andi  a1, 31
core   0: 3 0x800001f4 (0x89fd) x11 0x00000000
core   0: 0x800001f6 (0x08a10d03) lb      s10, 138(sp)
core   0: 3 0x800001f6 (0x08a10d03) x26 0x00000000 mem 0x800107e7
core   0: 0x800001fa (0x00000001) c.nop
core   0: 3 0x800001fa (0x0001)
core   0: 0x800001fc (0x003156b3) srl     a3, sp, gp
core   0: 3 0x800001fc (0x003156b3) x13 0x8001075d
core   0: 0x80000200 (0x01c266b3) or      a3, tp, t3
core   0: 3 0x80000200 (0x01c266b3) x13 0x00000008
core   0: 0x80000204 (0xf0e10e03) lb      t3, -242(sp)
core   0: 3 0x80000204 (0xf0e10e03) x28 0x00000000 mem 0x8001066b
core   0: 0x80000208 (0xff5e2a13) slti    s4, t3, -11
core   0: 3 0x80000208 (0xff5e2a13) x20 0x00000000
core   0: 0x8000020c (0x72d92e13) slti    t3, s2, 1837
core   0: 3 0x8000020c (0x72d92e13) x28 0x00000001
core   0: 0x80000210 (0x25bb7293) andi    t0, s6, 603
core   0: 3 0x80000210 (0x25bb7293) x5  0x00000000
core   0: 0x80000214 (0x0b4125a3) sw      s4, 171(sp)
core   0: 3 0x80000214 (0x0b4125a3) mem 0x80010808 0x00000000
core   0: 0x80000218 (0xf5410da3) sb      s4, -165(sp)
core   0: 3 0x80000218 (0xf5410da3) mem 0x800106b8 0x00
core   0: 0x8000021c (0x000001ca) c.slli  gp, 18
core   0: 3 0x8000021c (0x01ca) x3  0x00000000
core   0: 0x8000021e (0x02bd7733) remu    a4, s10, a1
core   0: 3 0x8000021e (0x02bd7733) x14 0x00000000
core   0: 0x80000222 (0x340b1873) csrrw   a6, mscratch, s6
core   0: 3 0x80000222 (0x340b1873) x16 0x0000000e c832_mscratch 0x00000000
core   0: 0x80000226 (0xf7911603) lh      a2, -135(sp)
core   0: 3 0x80000226 (0xf7911603) x12 0x00000000 mem 0x800106d6
core   0: 0x8000022a (0x04c14983) lbu     s3, 76(sp)
core   0: 3 0x8000022a (0x04c14983) x19 0x00000000 mem 0x800107a9
core   0: 0x8000022e (0x00000d8a) c.slli  s11, 2
core   0: 3 0x8000022e (0x0d8a) x27 0x00000000
core   0: 0x80000230 (0xfcf10f83) lb      t6, -49(sp)
core   0: 3 0x80000230 (0xfcf10f83) x31 0x00000000 mem 0x8001072c
core   0: 0x80000234 (0x00008eb5) c.xor   a3, a3
core   0: 3 0x80000234 (0x8eb5) x13 0x00000000
core   0: 0x80000236 (0x05110423) sb      a7, 72(sp)
core   0: 3 0x80000236 (0x05110423) mem 0x800107a5 0x00
core   0: 0x8000023a (0x0001e117) auipc   sp, 0x1e
core   0: 3 0x8000023a (0x0001e117) x2  0x8001e23a
core   0: 0x8000023e (0xb3010113) addi    sp, sp, -1232
core   0: 3 0x8000023e (0xb3010113) x2  0x8001dd6a
core   0: 0x80000242 (0x00a11603) lh      a2, 10(sp)
core   0: 3 0x80000242 (0x00a11603) x12 0x00000000 mem 0x8001dd74
core   0: 0x80000246 (0xff514a03) lbu     s4, -11(sp)
core   0: 3 0x80000246 (0xff514a03) x20 0x00000000 mem 0x8001dd5f
core   0: 0x8000024a (0x4173dcb3) sra     s9, t2, s7
core   0: 3 0x8000024a (0x4173dcb3) x25 0x00000000
core   0: 0x8000024e (0x00008115) c.srli  a0, 5
core   0: 3 0x8000024e (0x8115) x10 0x00000000
core   0: 0x80000250 (0x5720a913) slti    s2, ra, 1394
core   0: 3 0x80000250 (0x5720a913) x18 0x00000001
core   0: 0x80000254 (0x02a18633) mul     a2, gp, a0
core   0: 3 0x80000254 (0x02a18633) x12 0x00000000
core   0: 0x80000258 (0x00008e81) c.sub   a3, s0
core   0: 3 0x80000258 (0x8e81) x13 0x0f59103f
core   0: 0x8000025a (0xff910ea3) sb      s9, -3(sp)
core   0: 3 0x8000025a (0xff910ea3) mem 0x8001dd67 0x00
core   0: 0x8000025e (0x718011b7) lui     gp, 0x71801
core   0: 3 0x8000025e (0x718011b7) x3  0x71801000
core   0: 0x80000262 (0xbc200593) li      a1, -1086
core   0: 3 0x80000262 (0xbc200593) x11 0xfffffbc2
core   0: 0x80000266 (0x00e10b03) lb      s6, 14(sp)
core   0: 3 0x80000266 (0x00e10b03) x22 0x00000000 mem 0x8001dd78
core   0: 0x8000026a (0x03162333) mulhsu  t1, a2, a7
core   0: 3 0x8000026a (0x03162333) x6  0x00000000
core   0: 0x8000026e (0x00008d39) c.xor   a0, a4
core   0: 3 0x8000026e (0x8d39) x10 0x00000000
core   0: 0x80000270 (0x00000905) c.addi  s2, 1
core   0: 3 0x80000270 (0x0905) x18 0x00000002
core   0: 0x80000272 (0x00008e16) c.mv    t3, t0
core   0: 3 0x80000272 (0x8e16) x28 0x00000000
core   0: 0x80000274 (0x00910803) lb      a6, 9(sp)
core   0: 3 0x80000274 (0x00910803) x16 0x00000000 mem 0x8001dd73
core   0: 0x80000278 (0x0000100f) fence.i
core   0: 3 0x80000278 (0x0000100f)
core   0: 0x8000027c (0x02a97e33) remu    t3, s2, a0
core   0: 3 0x8000027c (0x02a97e33) x28 0x00000002
core   0: 0x80000280 (0xff110083) lb      ra, -15(sp)
core   0: 3 0x80000280 (0xff110083) x1  0x00000000 mem 0x8001dd5b
core   0: 0x80000284 (0x00df5093) srli    ra, t5, 13
core   0: 3 0x80000284 (0x00df5093) x1  0x0007ba0e
core   0: 0x80000288 (0xf5362bb7) lui     s7, 0xf5362
core   0: 3 0x80000288 (0xf5362bb7) x23 0xf5362000
core   0: 0x8000028c (0x01015e03) lhu     t3, 16(sp)
core   0: 3 0x8000028c (0x01015e03) x28 0x00000000 mem 0x8001dd7a
core   0: 0x80000290 (0x340078f3) csrrci  a7, mscratch, 0
core   0: 3 0x80000290 (0x340078f3) x17 0x00000000
core   0: 0x80000294 (0x00000dda) c.slli  s11, 22
core   0: 3 0x80000294 (0x0dda) x27 0x00000000
core   0: 0x80000296 (0x00615183) lhu     gp, 6(sp)
core   0: 3 0x80000296 (0x00615183) x3  0x00000000 mem 0x8001dd70
core   0: 0x8000029a (0x001150b3) srl     ra, sp, ra
core   0: 3 0x8000029a (0x001150b3) x1  0x00020007
core   0: 0x8000029e (0x00006cdd) c.lui   s9, 0x17
core   0: 3 0x8000029e (0x6cdd) x25 0x00017000
core   0: 0x800002a0 (0x0095f8b3) and     a7, a1, s1
core   0: 3 0x800002a0 (0x0095f8b3) x17 0x00000000
core   0: 0x800002a4 (0x6c4dce13) xori    t3, s11, 1732
core   0: 3 0x800002a4 (0x6c4dce13) x28 0x000006c4
core   0: 0x800002a8 (0x00009afd) c.andi  a3, -1
core   0: 3 0x800002a8 (0x9afd) x13 0x0f59103f
core   0: 0x800002aa (0x0198fa33) and     s4, a7, s9
core   0: 3 0x800002aa (0x0198fa33) x20 0x00000000
core   0: 0x800002ae (0x0d3d0c93) addi    s9, s10, 211
core   0: 3 0x800002ae (0x0d3d0c93) x25 0x000000d3
core   0: 0x800002b2 (0x41258ab3) sub     s5, a1, s2
core   0: 3 0x800002b2 (0x41258ab3) x21 0xfffffbc0
core   0: 0x800002b6 (0x00d44333) xor     t1, s0, a3
core   0: 3 0x800002b6 (0x00d44333) x6  0xfffffffe
core   0: 0x800002ba (0xffe10b03) lb      s6, -2(sp)
core   0: 3 0x800002ba (0xffe10b03) x22 0x00000000 mem 0x8001dd68
core   0: 0x800002be (0x0ff0000f) fence   iorw,iorw
core   0: 3 0x800002be (0x0ff0000f)
core   0: 0x800002c2 (0x00d14a83) lbu     s5, 13(sp)
core   0: 3 0x800002c2 (0x00d14a83) x21 0x00000000 mem 0x8001dd77
core   0: 0x800002c6 (0x00010217) auipc   tp, 0x10
core   0: 3 0x800002c6 (0x00010217) x4  0x800102c6
core   0: 0x800002ca (0x1ad20213) addi    tp, tp, 429
core   0: 3 0x800002ca (0x1ad20213) x4  0x80010473
core   0: 0x800002ce (0x0cf20d23) sb      a5, 218(tp)
core   0: 3 0x800002ce (0x0cf20d23) mem 0x8001054d 0x00
core   0: 0x800002d2 (0x0c824883) lbu     a7, 200(tp)
core   0: 3 0x800002d2 (0x0c824883) x17 0x00000000 mem 0x8001053b
core   0: 0x800002d6 (0x56c1a313) slti    t1, gp, 1388
core   0: 3 0x800002d6 (0x56c1a313) x6  0x00000001
core   0: 0x800002da (0x0d220923) sb      s2, 210(tp)
core   0: 3 0x800002da (0x0d220923) mem 0x80010545 0x02
core   0: 0x800002de (0xfa321583) lh      a1, -93(tp)
core   0: 3 0x800002de (0xfa321583) x11 0x00000000 mem 0x80010416
core   0: 0x800002e2 (0x07620503) lb      a0, 118(tp)
core   0: 3 0x800002e2 (0x07620503) x10 0x00000000 mem 0x800104e9
core   0: 0x800002e6 (0x00000001) c.nop
core   0: 3 0x800002e6 (0x0001)
core   0: 0x800002e8 (0x04321303) lh      t1, 67(tp)
core   0: 3 0x800002e8 (0x04321303) x6  0x00000000 mem 0x800104b6
core   0: 0x800002ec (0x0fe24a83) lbu     s5, 254(tp)
core   0: 3 0x800002ec (0x0fe24a83) x21 0x00000000 mem 0x80010571
core   0: 0x800002f0 (0xf2620583) lb      a1, -218(tp)
core   0: 3 0x800002f0 (0xf2620583) x11 0x00000000 mem 0x80010399
core   0: 0x800002f4 (0x05920d83) lb      s11, 89(tp)
core   0: 3 0x800002f4 (0x05920d83) x27 0x00000000 mem 0x800104cc
core   0: 0x800002f8 (0x034a6633) rem     a2, s4, s4
core   0: 3 0x800002f8 (0x034a6633) x12 0x00000000
core   0: 0x800002fc (0x039c75b3) remu    a1, s8, s9
core   0: 3 0x800002fc (0x039c75b3) x11 0x00000087
core   0: 0x80000300 (0x0bf24f83) lbu     t6, 191(tp)
core   0: 3 0x80000300 (0x0bf24f83) x31 0x00000000 mem 0x80010532
core   0: 0x80000304 (0x08a220a3) sw      a0, 129(tp)
core   0: 3 0x80000304 (0x08a220a3) mem 0x800104f4 0x00000000
core   0: 0x80000308 (0x0e3220a3) sw      gp, 225(tp)
core   0: 3 0x80000308 (0x0e3220a3) mem 0x80010554 0x00000000
core   0: 0x8000030c (0xfce20e23) sb      a4, -36(tp)
core   0: 3 0x8000030c (0xfce20e23) mem 0x8001044f 0x00
core   0: 0x80000310 (0x235e7793) andi    a5, t3, 565
core   0: 3 0x80000310 (0x235e7793) x15 0x00000204
core   0: 0x80000314 (0x029de133) rem     sp, s11, s1
core   0: 3 0x80000314 (0x029de133) x2  0x00000000
core   0: 0x80000318 (0x0bf20723) sb      t6, 174(tp)
core   0: 3 0x80000318 (0x0bf20723) mem 0x80010521 0x00
core   0: 0x8000031c (0x08220923) sb      sp, 146(tp)
core   0: 3 0x8000031c (0x08220923) mem 0x80010505 0x00
core   0: 0x80000320 (0x00009afd) c.andi  a3, -1
core   0: 3 0x80000320 (0x9afd) x13 0x0f59103f
core   0: 0x80000322 (0x086213a3) sh      t1, 135(tp)
core   0: 3 0x80000322 (0x086213a3) mem 0x800104fa 0x0000
core   0: 0x80000326 (0x02be86b3) mul     a3, t4, a1
core   0: 3 0x80000326 (0x02be86b3) x13 0x8160ddfc
core   0: 0x8000032a (0xfe620a23) sb      t1, -12(tp)
core   0: 3 0x8000032a (0xfe620a23) mem 0x80010467 0x00
core   0: 0x8000032e (0xf2920323) sb      s1, -218(tp)
core   0: 3 0x8000032e (0xf2920323) mem 0x80010399 0x00
core   0: 0x80000332 (0xf5925103) lhu     sp, -167(tp)
core   0: 3 0x80000332 (0xf5925103) x2  0x00000000 mem 0x800103cc
core   0: 0x80000336 (0x0ef220a3) sw      a5, 225(tp)
core   0: 3 0x80000336 (0x0ef220a3) mem 0x80010554 0x00000204
core   0: 0x8000033a (0x001ece33) xor     t3, t4, ra
core   0: 3 0x8000033a (0x001ece33) x28 0x80009d23
core   0: 0x8000033e (0xf8d21583) lh      a1, -115(tp)
core   0: 3 0x8000033e (0xf8d21583) x11 0x00000000 mem 0x80010400
core   0: 0x80000342 (0xf0124003) lbu     zero, -255(tp)
core   0: 3 0x80000342 (0xf0124003) mem 0x80010374
core   0: 0x80000346 (0x0ce20f83) lb      t6, 206(tp)
core   0: 3 0x80000346 (0x0ce20f83) x31 0x00000000 mem 0x80010541
core   0: 0x8000034a (0x2e133b97) auipc   s7, 0x2e133
core   0: 3 0x8000034a (0x2e133b97) x23 0xae13334a
core   0: 0x8000034e (0x0069a133) slt     sp, s3, t1
core   0: 3 0x8000034e (0x0069a133) x2  0x00000000
core   0: 0x80000352 (0x0d120023) sb      a7, 192(tp)
core   0: 3 0x80000352 (0x0d120023) mem 0x80010533 0x00
core   0: 0x80000356 (0xf7624003) lbu     zero, -138(tp)
core   0: 3 0x80000356 (0xf7624003) mem 0x800103e9
core   0: 0x8000035a (0x00018117) auipc   sp, 0x18
core   0: 3 0x8000035a (0x00018117) x2  0x8001835a
core   0: 0x8000035e (0x4d410113) addi    sp, sp, 1236
core   0: 3 0x8000035e (0x4d410113) x2  0x8001882e
core   0: 0x80000362 (0x01eeb6b3) sltu    a3, t4, t5
core   0: 3 0x80000362 (0x01eeb6b3) x13 0x00000001
core   0: 0x80000366 (0xff411b23) sh      s4, -10(sp)
core   0: 3 0x80000366 (0xff411b23) mem 0x80018824 0x0000
core   0: 0x8000036a (0xff110583) lb      a1, -15(sp)
core   0: 3 0x8000036a (0xff110583) x11 0x00000000 mem 0x8001881f
core   0: 0x8000036e (0x027233b3) mulhu   t2, tp, t2
core   0: 3 0x8000036e (0x027233b3) x7  0x00000000
core   0: 0x80000372 (0x03314003) lbu     zero, 51(sp)
core   0: 3 0x80000372 (0x03314003) mem 0x80018861
core   0: 0x80000376 (0x008385b3) add     a1, t2, s0
core   0: 3 0x80000376 (0x008385b3) x11 0xf0a6efc1
core   0: 0x8000037a (0x03810823) sb      s8, 48(sp)
core   0: 3 0x8000037a (0x03810823) mem 0x8001885e 0xa4
core   0: 0x8000037e (0x00006f5d) c.lui   t5, 0x17
core   0: 3 0x8000037e (0x6f5d) x30 0x00017000
core   0: 0x80000380 (0x00004859) c.li    a6, 22
core   0: 3 0x80000380 (0x4859) x16 0x00000016
core   0: 0x80000382 (0x00b14f03) lbu     t5, 11(sp)
core   0: 3 0x80000382 (0x00b14f03) x30 0x00000000 mem 0x80018839
core   0: 0x80000386 (0x0000100f) fence.i
core   0: 3 0x80000386 (0x0000100f)
core   0: 0x8000038a (0xfda14f03) lbu     t5, -38(sp)
core   0: 3 0x8000038a (0xfda14f03) x30 0x00000000 mem 0x80018808
core   0: 0x8000038e (0x024561b3) rem     gp, a0, tp
core   0: 3 0x8000038e (0x024561b3) x3  0x00000000
core   0: 0x80000392 (0xfdd10203) lb      tp, -35(sp)
core   0: 3 0x80000392 (0xfdd10203) x4  0x00000000 mem 0x8001880b
core   0: 0x80000396 (0xffc100a3) sb      t3, -31(sp)
core   0: 3 0x80000396 (0xffc100a3) mem 0x8001880f 0x23
core   0: 0x8000039a (0x00006f85) c.lui   t6, 0x1
core   0: 3 0x8000039a (0x6f85) x31 0x00001000
core   0: 0x8000039c (0x000005c6) c.slli  a1, 17
core   0: 3 0x8000039c (0x05c6) x11 0xdf820000
core   0: 0x8000039e (0xfc710883) lb      a7, -57(sp)
core   0: 3 0x8000039e (0xfc710883) x17 0x00000000 mem 0x800187f5
core   0: 0x800003a2 (0xfc014583) lbu     a1, -64(sp)
core   0: 3 0x800003a2 (0xfc014583) x11 0x00000000 mem 0x800187ee
core   0: 0x800003a6 (0x3407a2f3) csrrs   t0, mscratch, a5
core   0: 3 0x800003a6 (0x3407a2f3) x5  0x00000000 c832_mscratch 0x00000204
core   0: 0x800003aa (0xff914a83) lbu     s5, -7(sp)
core   0: 3 0x800003aa (0xff914a83) x21 0x00000000 mem 0x80018827
core   0: 0x800003ae (0x34071073) csrw    mscratch, a4
core   0: 3 0x800003ae (0x34071073) c832_mscratch 0x00000000
core   0: 0x800003b2 (0x03044db3) div     s11, s0, a6
core   0: 3 0x800003b2 (0x03044db3) x27 0xff4d67fe
core   0: 0x800003b6 (0x00ce9833) sll     a6, t4, a2
core   0: 3 0x800003b6 (0x00ce9833) x16 0x80029d24
core   0: 0x800003ba (0x03a15e03) lhu     t3, 58(sp)
core   0: 3 0x800003ba (0x03a15e03) x28 0x00000000 mem 0x80018868
core   0: 0x800003be (0x000000b9) c.addi  ra, 14
core   0: 3 0x800003be (0x00b9) x1  0x00020015
core   0: 0x800003c0 (0xfd215d83) lhu     s11, -46(sp)
core   0: 3 0x800003c0 (0xfd215d83) x27 0x00000000 mem 0x80018800
core   0: 0x800003c4 (0x020109a3) sb      zero, 51(sp)
core   0: 3 0x800003c4 (0x020109a3) mem 0x80018861 0x00
core   0: 0x800003c8 (0x02342bb3) mulhsu  s7, s0, gp
core   0: 3 0x800003c8 (0x02342bb3) x23 0x00000000
core   0: 0x800003cc (0x0000696d) c.lui   s2, 0x1b
core   0: 3 0x800003cc (0x696d) x18 0x0001b000
core   0: 0x800003ce (0x02414003) lbu     zero, 36(sp)
core   0: 3 0x800003ce (0x02414003) mem 0x80018852
core   0: 0x800003d2 (0x03810383) lb      t2, 56(sp)
core   0: 3 0x800003d2 (0x03810383) x7  0x00000000 mem 0x80018866
core   0: 0x800003d6 (0xfc714e03) lbu     t3, -57(sp)
core   0: 3 0x800003d6 (0xfc714e03) x28 0x00000000 mem 0x800187f5
core   0: 0x800003da (0x00008e29) c.xor   a2, a0
core   0: 3 0x800003da (0x8e29) x12 0x00000000
core   0: 0x800003dc (0xff611303) lh      t1, -10(sp)
core   0: 3 0x800003dc (0xff611303) x6  0x00000000 mem 0x80018824
core   0: 0x800003e0 (0x01514003) lbu     zero, 21(sp)
core   0: 3 0x800003e0 (0x01514003) mem 0x80018843
core   0: 0x800003e4 (0x00c105a3) sb      a2, 11(sp)
core   0: 3 0x800003e4 (0x00c105a3) mem 0x80018839 0x00
core   0: 0x800003e8 (0x01839bb3) sll     s7, t2, s8
core   0: 3 0x800003e8 (0x01839bb3) x23 0x00000000
core   0: 0x800003ec (0x0270a233) mulhsu  tp, ra, t2
core   0: 3 0x800003ec (0x0270a233) x4  0x00000000
core   0: 0x800003f0 (0x00009a86) c.add   s5, ra
core   0: 3 0x800003f0 (0x9a86) x21 0x00020015
core   0: 0x800003f2 (0xfcc12d23) sw      a2, -38(sp)
core   0: 3 0x800003f2 (0xfcc12d23) mem 0x80018808 0x00000000
core   0: 0x800003f6 (0x00011117) auipc   sp, 0x11
core   0: 3 0x800003f6 (0x00011117) x2  0x800113f6
core   0: 0x800003fa (0x8e210113) addi    sp, sp, -1822
core   0: 3 0x800003fa (0x8e210113) x2  0x80010cd8
core   0: 0x800003fe (0x00008eb9) c.xor   a3, a4
core   0: 3 0x800003fe (0x8eb9) x13 0x00000001
core   0: 0x80000400 (0x027481b3) mul     gp, s1, t2
core   0: 3 0x80000400 (0x027481b3) x3  0x00000000
core   0: 0x80000404 (0x00b14983) lbu     s3, 11(sp)
core   0: 3 0x80000404 (0x00b14983) x19 0x00000000 mem 0x80010ce3
core   0: 0x80000408 (0x34075ff3) csrrwi  t6, mscratch, 14
core   0: 3 0x80000408 (0x34075ff3) x31 0x00000000 c832_mscratch 0x0000000e
core   0: 0x8000040c (0xff110a83) lb      s5, -15(sp)
core   0: 3 0x8000040c (0xff110a83) x21 0x00000000 mem 0x80010cc9
core   0: 0x80000410 (0x412f56b3) sra     a3, t5, s2
core   0: 3 0x80000410 (0x412f56b3) x13 0x00000000
core   0: 0x80000414 (0x024b6033) rem     zero, s6, tp
core   0: 3 0x80000414 (0x024b6033)
core   0: 0x80000418 (0x015103a3) sb      s5, 7(sp)
core   0: 3 0x80000418 (0x015103a3) mem 0x80010cdf 0x00
core   0: 0x8000041c (0x00a14583) lbu     a1, 10(sp)
core   0: 3 0x8000041c (0x00a14583) x11 0x00000000 mem 0x80010ce2
core   0: 0x80000420 (0x0340a033) mulhsu  zero, ra, s4
core   0: 3 0x80000420 (0x0340a033)
core   0: 0x80000424 (0x00000001) c.nop
core   0: 3 0x80000424 (0x0001)
core   0: 0x80000426 (0x9ff2e017) auipc   zero, 0x9ff2e
core   0: 3 0x80000426 (0x9ff2e017)
core   0: 0x8000042a (0xff215003) lhu     zero, -14(sp)
core   0: 3 0x8000042a (0xff215003) mem 0x80010cca
core   0: 0x8000042e (0x802ac913) xori    s2, s5, -2046
core   0: 3 0x8000042e (0x802ac913) x18 0xfffff802
core   0: 0x80000432 (0x0000980e) c.add   a6, gp
core   0: 3 0x80000432 (0x980e) x16 0x80029d24
core   0: 0x80000434 (0xffd108a3) sb      t4, -15(sp)
core   0: 3 0x80000434 (0xffd108a3) mem 0x80010cc9 0x24
core   0: 0x80000438 (0x340d5073) csrwi   mscratch, 26
core   0: 3 0x80000438 (0x340d5073) c832_mscratch 0x0000001a
core   0: 0x8000043c (0x00004992) c.lwsp  s3, 4(sp)
core   0: 3 0x8000043c (0x4992) x19 0x00000000 mem 0x80010cdc
core   0: 0x8000043e (0x89b52f93) slti    t6, a0, -1893
core   0: 3 0x8000043e (0x89b52f93) x31 0x00000000
core   0: 0x80000442 (0x0000557d) c.li    a0, -1
core   0: 3 0x80000442 (0x557d) x10 0xffffffff
core   0: 0x80000444 (0x2fd61e37) lui     t3, 0x2fd61
core   0: 3 0x80000444 (0x2fd61e37) x28 0x2fd61000
core   0: 0x80000448 (0x00f9ef33) or      t5, s3, a5
core   0: 3 0x80000448 (0x00f9ef33) x30 0x00000204
core   0: 0x8000044c (0x00000001) c.nop
core   0: 3 0x8000044c (0x0001)
core   0: 0x8000044e (0xfed10fa3) sb      a3, -1(sp)
core   0: 3 0x8000044e (0xfed10fa3) mem 0x80010cd7 0x00
core   0: 0x80000452 (0xac2fe513) ori     a0, t6, -1342
core   0: 3 0x80000452 (0xac2fe513) x10 0xfffffac2
core   0: 0x80000456 (0x00b14d03) lbu     s10, 11(sp)
core   0: 3 0x80000456 (0x00b14d03) x26 0x00000000 mem 0x80010ce3
core   0: 0x8000045a (0x0022f5b3) and     a1, t0, sp
core   0: 3 0x8000045a (0x0022f5b3) x11 0x00000000
core   0: 0x8000045e (0x00910a03) lb      s4, 9(sp)
core   0: 3 0x8000045e (0x00910a03) x20 0x00000000 mem 0x80010ce1
core   0: 0x80000462 (0x00210083) lb      ra, 2(sp)
core   0: 3 0x80000462 (0x00210083) x1  0x00000000 mem 0x80010cda
core   0: 0x80000466 (0xff214983) lbu     s3, -14(sp)
core   0: 3 0x80000466 (0xff214983) x19 0x00000000 mem 0x80010cca
core   0: 0x8000046a (0xff610183) lb      gp, -10(sp)
core   0: 3 0x8000046a (0xff610183) x3  0x00000000 mem 0x80010cce
core   0: 0x8000046e (0x00614203) lbu     tp, 6(sp)
core   0: 3 0x8000046e (0x00614203) x4  0x00000000 mem 0x80010cde
core   0: 0x80000472 (0x03876833) rem     a6, a4, s8
core   0: 3 0x80000472 (0x03876833) x16 0x00000000
core   0: 0x80000476 (0x01f51e13) slli    t3, a0, 31
core   0: 3 0x80000476 (0x01f51e13) x28 0x00000000
core   0: 0x8000047a (0xfff14f03) lbu     t5, -1(sp)
core   0: 3 0x8000047a (0xfff14f03) x30 0x00000000 mem 0x80010cd7
core   0: 0x8000047e (0x78a31517) auipc   a0, 0x78a31
core   0: 3 0x8000047e (0x78a31517) x10 0xf8a3147e
core   0: 0x80000482 (0x00a101a3) sb      a0, 3(sp)
core   0: 3 0x80000482 (0x00a101a3) mem 0x80010cdb 0x7e
core   0: 0x80000486 (0x003e1633) sll     a2, t3, gp
core   0: 3 0x80000486 (0x003e1633) x12 0x00000000
core   0: 0x8000048a (0x00000001) c.nop
core   0: 3 0x8000048a (0x0001)
core   0: 0x8000048c (0x00008d51) c.or    a0, a2
core   0: 3 0x8000048c (0x8d51) x10 0xf8a3147e
core   0: 0x8000048e (0x0000c256) c.swsp  s5, 4(sp)
core   0: 3 0x8000048e (0xc256) mem 0x80010cdc 0x00000000
core   0: 0x80000490 (0x014ea1b3) slt     gp, t4, s4
core   0: 3 0x80000490 (0x014ea1b3) x3  0x00000001
core   0: 0x80000494 (0x00004792) c.lwsp  a5, 4(sp)
core   0: 3 0x80000494 (0x4792) x15 0x00000000 mem 0x80010cdc
core   0: 0x80000496 (0xffd14303) lbu     t1, -3(sp)
core   0: 3 0x80000496 (0xffd14303) x6  0x00000000 mem 0x80010cd5
core   0: 0x8000049a (0x39c6ac97) auipc   s9, 0x39c6a
core   0: 3 0x8000049a (0x39c6ac97) x25 0xb9c6a49a
core   0: 0x8000049e (0x00000001) c.nop
core   0: 3 0x8000049e (0x0001)
core   0: 0x800004a0 (0x03f5acb3) mulhsu  s9, a1, t6
core   0: 3 0x800004a0 (0x03f5acb3) x25 0x00000000
core   0: 0x800004a4 (0x02bf06b3) mul     a3, t5, a1
core   0: 3 0x800004a4 (0x02bf06b3) x13 0x00000000
core   0: 0x800004a8 (0x00d107a3) sb      a3, 15(sp)
core   0: 3 0x800004a8 (0x00d107a3) mem 0x80010ce7 0x00
core   0: 0x800004ac (0xff714503) lbu     a0, -9(sp)
core   0: 3 0x800004ac (0xff714503) x10 0x00000000 mem 0x80010ccf
core   0: 0x800004b0 (0x340d3973) csrrc   s2, mscratch, s10
core   0: 3 0x800004b0 (0x340d3973) x18 0x0000001a c832_mscratch 0x0000001a
core   0: 0x800004b4 (0xfe312823) sw      gp, -16(sp)
core   0: 3 0x800004b4 (0xfe312823) mem 0x80010cc8 0x00000001
core   0: 0x800004b8 (0x00310303) lb      t1, 3(sp)
core   0: 3 0x800004b8 (0x00310303) x6  0x0000007e mem 0x80010cdb
core   0: 0x800004bc (0x00011d97) auipc   s11, 0x11
core   0: 3 0x800004bc (0x00011d97) x27 0x800114bc
core   0: 0x800004c0 (0xa6dd8d93) addi    s11, s11, -1427
core   0: 3 0x800004c0 (0xa6dd8d93) x27 0x80010f29
core   0: 0x800004c4 (0x03151fb3) mulh    t6, a0, a7
core   0: 3 0x800004c4 (0x03151fb3) x31 0x00000000
core   0: 0x800004c8 (0x03444b33) div     s6, s0, s4
core   0: 3 0x800004c8 (0x03444b33) x22 0xffffffff
core   0: 0x800004cc (0x7ce03697) auipc   a3, 0x7ce03
core   0: 3 0x800004cc (0x7ce03697) x13 0xfce034cc
core   0: 0x800004d0 (0x9e5d9e03) lh      t3, -1563(s11)
core   0: 3 0x800004d0 (0x9e5d9e03) x28 0x00000000 mem 0x8001090e
core   0: 0x800004d4 (0x870dca03) lbu     s4, -1936(s11)
core   0: 3 0x800004d4 (0x870dca03) x20 0x00000000 mem 0x80010799
core   0: 0x800004d8 (0x340293f3) csrrw   t2, mscratch, t0
core   0: 3 0x800004d8 (0x340293f3) x7  0x0000001a c832_mscratch 0x00000000
core   0: 0x800004dc (0x00469c93) slli    s9, a3, 4
core   0: 3 0x800004dc (0x00469c93) x25 0xce034cc0
core   0: 0x800004e0 (0xcb0d8003) lb      zero, -848(s11)
core   0: 3 0x800004e0 (0xcb0d8003) mem 0x80010bd9
core   0: 0x800004e4 (0xe35d8f83) lb      t6, -459(s11)
core   0: 3 0x800004e4 (0xe35d8f83) x31 0x00000000 mem 0x80010d5e
core   0: 0x800004e8 (0xf0cd8703) lb      a4, -244(s11)
core   0: 3 0x800004e8 (0xf0cd8703) x14 0x00000000 mem 0x80010e35
core   0: 0x800004ec (0xa72dcc83) lbu     s9, -1422(s11)
core   0: 3 0x800004ec (0xa72dcc83) x25 0x00000000 mem 0x8001099b
core   0: 0x800004f0 (0xb9dd8da3) sb      t4, -1125(s11)
core   0: 3 0x800004f0 (0xb9dd8da3) mem 0x80010ac4 0x24
core   0: 0x800004f4 (0x0000100f) fence.i
core   0: 3 0x800004f4 (0x0000100f)
core   0: 0x800004f8 (0x00000784) c.addi4spn s1, sp, 960
core   0: 3 0x800004f8 (0x0784) x9  0x80011098
core   0: 0x800004fa (0x00009792) c.add   a5, tp
core   0: 3 0x800004fa (0x9792) x15 0x00000000
core   0: 0x800004fc (0x03e935b3) mulhu   a1, s2, t5
core   0: 3 0x800004fc (0x03e935b3) x11 0x00000000
core   0: 0x80000500 (0x038ea933) mulhsu  s2, t4, s8
core   0: 3 0x80000500 (0x038ea933) x18 0xc0001f46
core   0: 0x80000504 (0x93ddd303) lhu     t1, -1731(s11)
core   0: 3 0x80000504 (0x93ddd303) x6  0x00000000 mem 0x80010866
core   0: 0x80000508 (0x00008e31) c.xor   a2, a2
core   0: 3 0x80000508 (0x8e31) x12 0x00000000
core   0: 0x8000050a (0x340392f3) csrrw   t0, mscratch, t2
core   0: 3 0x8000050a (0x340392f3) x5  0x00000000 c832_mscratch 0x0000001a
core   0: 0x8000050e (0xd36dc603) lbu     a2, -714(s11)
core   0: 3 0x8000050e (0xd36dc603) x12 0x00000000 mem 0x80010c5f
core   0: 0x80000512 (0x54a27893) andi    a7, tp, 1354
core   0: 3 0x80000512 (0x54a27893) x17 0x00000000
core   0: 0x80000516 (0xa53da9a3) sw      s3, -1453(s11)
core   0: 3 0x80000516 (0xa53da9a3) mem 0x8001097c 0x00000000
core   0: 0x8000051a (0x0000951e) c.add   a0, t2
core   0: 3 0x8000051a (0x951e) x10 0x0000001a
core   0: 0x8000051c (0xf2ad8d23) sb      a0, -198(s11)
core   0: 3 0x8000051c (0xf2ad8d23) mem 0x80010e63 0x1a
core   0: 0x80000520 (0xaebdd103) lhu     sp, -1301(s11)
core   0: 3 0x80000520 (0xaebdd103) x2  0x00000000 mem 0x80010a14
core   0: 0x80000524 (0x00008fd1) c.or    a5, a2
core   0: 3 0x80000524 (0x8fd1) x15 0x00000000
core   0: 0x80000526 (0xe4cd8683) lb      a3, -436(s11)
core   0: 3 0x80000526 (0xe4cd8683) x13 0x00000000 mem 0x80010d75
core   0: 0x8000052a (0x027ad033) divu    zero, s5, t2
core   0: 3 0x8000052a (0x027ad033)
core   0: 0x8000052e (0xa5cd8623) sb      t3, -1460(s11)
core   0: 3 0x8000052e (0xa5cd8623) mem 0x80010975 0x00
core   0: 0x80000532 (0x00008f79) c.and   a4, a4
core   0: 3 0x80000532 (0x8f79) x14 0x00000000
core   0: 0x80000534 (0x00009a8e) c.add   s5, gp
core   0: 3 0x80000534 (0x9a8e) x21 0x00000001
core   0: 0x80000536 (0x87ddc583) lbu     a1, -1923(s11)
core   0: 3 0x80000536 (0x87ddc583) x11 0x00000000 mem 0x800107a6
core   0: 0x8000053a (0x0015c5b3) xor     a1, a1, ra
core   0: 3 0x8000053a (0x0015c5b3) x11 0x00000000
core   0: 0x8000053e (0xa06d8803) lb      a6, -1530(s11)
core   0: 3 0x8000053e (0xa06d8803) x16 0x00000000 mem 0x8001092f
core   0: 0x80000542 (0xc65dc003) lbu     zero, -923(s11)
core   0: 3 0x80000542 (0xc65dc003) mem 0x80010b8e
core   0: 0x80000546 (0xe57d8a83) lb      s5, -425(s11)
core   0: 3 0x80000546 (0xe57d8a83) x21 0x00000000 mem 0x80010d80
core   0: 0x8000054a (0x16637937) lui     s2, 0x16637
core   0: 3 0x8000054a (0x16637937) x18 0x16637000
core   0: 0x8000054e (0x2b9c7013) andi    zero, s8, 697
core   0: 3 0x8000054e (0x2b9c7013)
core   0: 0x80000552 (0x00885093) srli    ra, a6, 8
core   0: 3 0x80000552 (0x00885093) x1  0x00000000
core   0: 0x80000556 (0x939d92a3) sh      s9, -1755(s11)
core   0: 3 0x80000556 (0x939d92a3) mem 0x8001084e 0x0000
core   0: 0x8000055a (0x00cc0cb3) add     s9, s8, a2
core   0: 3 0x8000055a (0x00cc0cb3) x25 0x80025ea4
core   0: 0x8000055e (0x64548f13) addi    t5, s1, 1605
core   0: 3 0x8000055e (0x64548f13) x30 0x800116dd
core   0: 0x80000562 (0x7c19f893) andi    a7, s3, 1985
core   0: 3 0x80000562 (0x7c19f893) x17 0x00000000
core   0: 0x80000566 (0x00008edd) c.or    a3, a5
core   0: 3 0x80000566 (0x8edd) x13 0x00000000
core   0: 0x80000568 (0x40e95913) srai    s2, s2, 14
core   0: 3 0x80000568 (0x40e95913) x18 0x0000598d
core   0: 0x8000056c (0x843d84a3) sb      gp, -1975(s11)
core   0: 3 0x8000056c (0x843d84a3) mem 0x80010772 0x01
core   0: 0x80000570 (0x0201e8b3) rem     a7, gp, zero
core   0: 3 0x80000570 (0x0201e8b3) x17 0x00000001
core   0: 0x80000574 (0x91ddd983) lhu     s3, -1763(s11)
core   0: 3 0x80000574 (0x91ddd983) x19 0x00000000 mem 0x80010846
core   0: 0x80000578 (0xfabd8683) lb      a3, -85(s11)
core   0: 3 0x80000578 (0xfabd8683) x13 0x00000000 mem 0x80010ed4
core   0: 0x8000057c (0x850d8903) lb      s2, -1968(s11)
core   0: 3 0x8000057c (0x850d8903) x18 0x00000000 mem 0x80010779
core   0: 0x80000580 (0x00013117) auipc   sp, 0x13
core   0: 3 0x80000580 (0x00013117) x2  0x80013580
core   0: 0x80000584 (0x1cf10113) addi    sp, sp, 463
core   0: 3 0x80000584 (0x1cf10113) x2  0x8001374f
core   0: 0x80000588 (0x00210723) sb      sp, 14(sp)
core   0: 3 0x80000588 (0x00210723) mem 0x8001375d 0x4f
core   0: 0x8000058c (0xff111ba3) sh      a7, -9(sp)
core   0: 3 0x8000058c (0xff111ba3) mem 0x80013746 0x0001
core   0: 0x80000590 (0x0220cd33) div     s10, ra, sp
core   0: 3 0x80000590 (0x0220cd33) x26 0x00000000
core   0: 0x80000594 (0x02ee3cb3) mulhu   s9, t3, a4
core   0: 3 0x80000594 (0x02ee3cb3) x25 0x00000000
core   0: 0x80000598 (0x41bf03b3) sub     t2, t5, s11
core   0: 3 0x80000598 (0x41bf03b3) x7  0x000007b4
core   0: 0x8000059c (0xff814a83) lbu     s5, -8(sp)
core   0: 3 0x8000059c (0xff814a83) x21 0x00000000 mem 0x80013747
core   0: 0x800005a0 (0x00001d7d) c.addi  s10, -1
core   0: 3 0x800005a0 (0x1d7d) x26 0xffffffff
core   0: 0x800005a2 (0x01c10003) lb      zero, 28(sp)
core   0: 3 0x800005a2 (0x01c10003) mem 0x8001376b
core   0: 0x800005a6 (0xfcb14283) lbu     t0, -53(sp)
core   0: 3 0x800005a6 (0xfcb14283) x5  0x00000000 mem 0x8001371a
core   0: 0x800005aa (0x00000d59) c.addi  s10, 22
core   0: 3 0x800005aa (0x0d59) x26 0x00000015
core   0: 0x800005ac (0xfd210183) lb      gp, -46(sp)
core   0: 3 0x800005ac (0xfd210183) x3  0x00000000 mem 0x80013721
core   0: 0x800005b0 (0xfff14603) lbu     a2, -1(sp)
core   0: 3 0x800005b0 (0xfff14603) x12 0x00000000 mem 0x8001374e
core   0: 0x800005b4 (0x03814d83) lbu     s11, 56(sp)
core   0: 3 0x800005b4 (0x03814d83) x27 0x00000000 mem 0x80013787
core   0: 0x800005b8 (0xfff11d03) lh      s10, -1(sp)
core   0: 3 0x800005b8 (0xfff11d03) x26 0x00000000 mem 0x8001374e
core   0: 0x800005bc (0x000088dd) c.andi  s1, 23
core   0: 3 0x800005bc (0x88dd) x9  0x00000010
core   0: 0x800005be (0x00e10b23) sb      a4, 22(sp)
core   0: 3 0x800005be (0x00e10b23) mem 0x80013765 0x00
core   0: 0x800005c2 (0x03f67d33) remu    s10, a2, t6
core   0: 3 0x800005c2 (0x03f67d33) x26 0x00000000
core   0: 0x800005c6 (0x01515c83) lhu     s9, 21(sp)
core   0: 3 0x800005c6 (0x01515c83) x25 0x00000000 mem 0x80013764
core   0: 0x800005ca (0x340cb9f3) csrrc   s3, mscratch, s9
core   0: 3 0x800005ca (0x340cb9f3) x19 0x0000001a c832_mscratch 0x0000001a
core   0: 0x800005ce (0x00112803) lw      a6, 1(sp)
core   0: 3 0x800005ce (0x00112803) x16 0x00000000 mem 0x80013750
core   0: 0x800005d2 (0x02610f03) lb      t5, 38(sp)
core   0: 3 0x800005d2 (0x02610f03) x30 0x00000000 mem 0x80013775
core   0: 0x800005d6 (0x02b15b83) lhu     s7, 43(sp)
core   0: 3 0x800005d6 (0x02b15b83) x23 0x00000000 mem 0x8001377a
core   0: 0x800005da (0x0000187d) c.addi  a6, -1
core   0: 3 0x800005da (0x187d) x16 0xffffffff
core   0: 0x800005dc (0xfd014d83) lbu     s11, -48(sp)
core   0: 3 0x800005dc (0xfd014d83) x27 0x00000000 mem 0x8001371f
core   0: 0x800005e0 (0x0ff0000f) fence   iorw,iorw
core   0: 3 0x800005e0 (0x0ff0000f)
core   0: 0x800005e4 (0x00aafa33) and     s4, s5, a0
core   0: 3 0x800005e4 (0x00aafa33) x20 0x00000000
core   0: 0x800005e8 (0xfe115583) lhu     a1, -31(sp)
core   0: 3 0x800005e8 (0xfe115583) x11 0x00000000 mem 0x80013730
core   0: 0x800005ec (0x00010117) auipc   sp, 0x10
core   0: 3 0x800005ec (0x00010117) x2  0x800105ec
core   0: 0x800005f0 (0x08d10113) addi    sp, sp, 141
core   0: 3 0x800005f0 (0x08d10113) x2  0x80010679
core   0: 0x800005f4 (0x02e101a3) sb      a4, 35(sp)
core   0: 3 0x800005f4 (0x02e101a3) mem 0x8001069c 0x00
core   0: 0x800005f8 (0x413f88b3) sub     a7, t6, s3
core   0: 3 0x800005f8 (0x413f88b3) x17 0xffffffe6
core   0: 0x800005fc (0xfe411ca3) sh      tp, -7(sp)
core   0: 3 0x800005fc (0xfe411ca3) mem 0x80010672 0x0000
core   0: 0x80000600 (0x411c5e13) srai    t3, s8, 17
core   0: 3 0x80000600 (0x411c5e13) x28 0xffffc001
core   0: 0x80000604 (0x00008d69) c.and   a0, a0
core   0: 3 0x80000604 (0x8d69) x10 0x0000001a
core   0: 0x80000606 (0xfd410c83) lb      s9, -44(sp)
core   0: 3 0x80000606 (0xfd410c83) x25 0x00000000 mem 0x8001064d
core   0: 0x8000060a (0x0000864e) c.mv    a2, s3
core   0: 3 0x8000060a (0x864e) x12 0x0000001a
core   0: 0x8000060c (0x02014d83) lbu     s11, 32(sp)
core   0: 3 0x8000060c (0x02014d83) x27 0x00000000 mem 0x80010699
core   0: 0x80000610 (0x01c14d83) lbu     s11, 28(sp)
core   0: 3 0x80000610 (0x01c14d83) x27 0x00000000 mem 0x80010695
core   0: 0x80000614 (0x006110a3) sh      t1, 1(sp)
core   0: 3 0x80000614 (0x006110a3) mem 0x8001067a 0x0000
core   0: 0x80000618 (0x00008bc9) c.andi  a5, 18
core   0: 3 0x80000618 (0x8bc9) x15 0x00000000
core   0: 0x8000061a (0x67b70893) addi    a7, a4, 1659
core   0: 3 0x8000061a (0x67b70893) x17 0x0000067b
core   0: 0x8000061e (0x00b6c733) xor     a4, a3, a1
core   0: 3 0x8000061e (0x00b6c733) x14 0x00000000
core   0: 0x80000622 (0x03a14f03) lbu     t5, 58(sp)
core   0: 3 0x80000622 (0x03a14f03) x30 0x00000000 mem 0x800106b3
core   0: 0x80000626 (0x02114a83) lbu     s5, 33(sp)
core   0: 3 0x80000626 (0x02114a83) x21 0x00000000 mem 0x8001069a
core   0: 0x8000062a (0x03e481b3) mul     gp, s1, t5
core   0: 3 0x8000062a (0x03e481b3) x3  0x00000000
core   0: 0x8000062e (0xfee10123) sb      a4, -30(sp)
core   0: 3 0x8000062e (0xfee10123) mem 0x8001065b 0x00
core   0: 0x80000632 (0x00008f29) c.xor   a4, a0
core   0: 3 0x80000632 (0x8f29) x14 0x0000001a
core   0: 0x80000634 (0x01114803) lbu     a6, 17(sp)
core   0: 3 0x80000634 (0x01114803) x16 0x00000000 mem 0x8001068a
core   0: 0x80000638 (0x3403d4f3) csrrwi  s1, mscratch, 7
core   0: 3 0x80000638 (0x3403d4f3) x9  0x0000001a c832_mscratch 0x00000007
core   0: 0x8000063c (0x02f16933) rem     s2, sp, a5
core   0: 3 0x8000063c (0x02f16933) x18 0x80010679
core   0: 0x80000640 (0x00000001) c.nop
core   0: 3 0x80000640 (0x0001)
core   0: 0x80000642 (0xffd15603) lhu     a2, -3(sp)
core   0: 3 0x80000642 (0xffd15603) x12 0x00000000 mem 0x80010676
core   0: 0x80000646 (0x00011a17) auipc   s4, 0x11
core   0: 3 0x80000646 (0x00011a17) x20 0x80011646
core   0: 0x8000064a (0x8b2a0a13) addi    s4, s4, -1870
core   0: 3 0x8000064a (0x8b2a0a13) x20 0x80010ef8
core   0: 0x8000064e (0xffca5783) lhu     a5, -4(s4)
core   0: 3 0x8000064e (0xffca5783) x15 0x00000000 mem 0x80010ef4
core   0: 0x80000652 (0x000a1c23) sh      zero, 24(s4)
core   0: 3 0x80000652 (0x000a1c23) mem 0x80010f10 0x0000
core   0: 0x80000656 (0x00006119) c.addi16sp sp, 384
core   0: 3 0x80000656 (0x6119) x2  0x800107f9
core   0: 0x80000658 (0x34037b73) csrrci  s6, mscratch, 6
core   0: 3 0x80000658 (0x34037b73) x22 0x00000007 c832_mscratch 0x00000001
core   0: 0x8000065c (0xfe0a0ea3) sb      zero, -3(s4)
core   0: 3 0x8000065c (0xfe0a0ea3) mem 0x80010ef5 0x00
core   0: 0x80000660 (0xfcea0783) lb      a5, -50(s4)
core   0: 3 0x80000660 (0xfcea0783) x15 0x00000000 mem 0x80010ec6
core   0: 0x80000664 (0xd7606837) lui     a6, 0xd7606
core   0: 3 0x80000664 (0xd7606837) x16 0xd7606000
core   0: 0x80000668 (0x0263dab3) divu    s5, t2, t1
core   0: 3 0x80000668 (0x0263dab3) x21 0xffffffff
core   0: 0x8000066c (0x41245733) sra     a4, s0, s2
core   0: 3 0x8000066c (0x41245733) x14 0xfffffff8
core   0: 0x80000670 (0x00008db1) c.xor   a1, a2
core   0: 3 0x80000670 (0x8db1) x11 0x00000000
core   0: 0x80000672 (0xfcda2423) sw      a3, -56(s4)
core   0: 3 0x80000672 (0xfcda2423) mem 0x80010ec0 0x00000000
core   0: 0x80000676 (0xfeda0423) sb      a3, -24(s4)
core   0: 3 0x80000676 (0xfeda0423) mem 0x80010ee0 0x00
core   0: 0x8000067a (0x478d6893) ori     a7, s10, 1144
core   0: 3 0x8000067a (0x478d6893) x17 0x00000478
core   0: 0x8000067e (0xfc5a0c23) sb      t0, -40(s4)
core   0: 3 0x8000067e (0xfc5a0c23) mem 0x80010ed0 0x00
core   0: 0x80000682 (0x000086b1) c.srai  a3, 12
core   0: 3 0x80000682 (0x86b1) x13 0x00000000
core   0: 0x80000684 (0x02ba02a3) sb      a1, 37(s4)
core   0: 3 0x80000684 (0x02ba02a3) mem 0x80010f1d 0x00
core   0: 0x80000688 (0x033a4583) lbu     a1, 51(s4)
core   0: 3 0x80000688 (0x033a4583) x11 0x00000000 mem 0x80010f2b
core   0: 0x8000068c (0x0207e633) rem     a2, a5, zero
core   0: 3 0x8000068c (0x0207e633) x12 0x00000000
core   0: 0x80000690 (0x013a2e23) sw      s3, 28(s4)
core   0: 3 0x80000690 (0x013a2e23) mem 0x80010f14 0x0000001a
core   0: 0x80000694 (0x636aa193) slti    gp, s5, 1590
core   0: 3 0x80000694 (0x636aa193) x3  0x00000001
core   0: 0x80000698 (0xc38c4313) xori    t1, s8, -968
core   0: 3 0x80000698 (0xc38c4313) x6  0x7ffda29c
core   0: 0x8000069c (0x029c34b3) mulhu   s1, s8, s1
core   0: 3 0x8000069c (0x029c34b3) x9  0x0000000d
core   0: 0x800006a0 (0x340216f3) csrrw   a3, mscratch, tp
core   0: 3 0x800006a0 (0x340216f3) x13 0x00000001 c832_mscratch 0x00000000
core   0: 0x800006a4 (0x00000001) c.nop
core   0: 3 0x800006a4 (0x0001)
core   0: 0x800006a6 (0x00da0703) lb      a4, 13(s4)
core   0: 3 0x800006a6 (0x00da0703) x14 0x00000000 mem 0x80010f05
core   0: 0x800006aa (0xfdea1b83) lh      s7, -34(s4)
core   0: 3 0x800006aa (0xfdea1b83) x23 0x00000000 mem 0x80010ed6
core   0: 0x800006ae (0x030a07a3) sb      a6, 47(s4)
core   0: 3 0x800006ae (0x030a07a3) mem 0x80010f27 0x00
core   0: 0x800006b2 (0x01ca2003) lw      zero, 28(s4)
core   0: 3 0x800006b2 (0x01ca2003) mem 0x80010f14
core   0: 0x800006b6 (0xfffa4f83) lbu     t6, -1(s4)
core   0: 3 0x800006b6 (0xfffa4f83) x31 0x00000000 mem 0x80010ef7
core   0: 0x800006ba (0x00016217) auipc   tp, 0x16
core   0: 3 0x800006ba (0x00016217) x4  0x800166ba
core   0: 0x800006be (0x2f420213) addi    tp, tp, 756
core   0: 3 0x800006be (0x2f420213) x4  0x800169ae
core   0: 0x800006c2 (0xffb20da3) sb      s11, -5(tp)
core   0: 3 0x800006c2 (0xffb20da3) mem 0x800169a9 0x00
core   0: 0x800006c6 (0x02370fb3) mul     t6, a4, gp
core   0: 3 0x800006c6 (0x02370fb3) x31 0x00000000
core   0: 0x800006ca (0xfff20f23) sb      t6, -2(tp)
core   0: 3 0x800006ca (0xfff20f23) mem 0x800169ac 0x00
core   0: 0x800006ce (0xffb20383) lb      t2, -5(tp)
core   0: 3 0x800006ce (0xffb20383) x7  0x00000000 mem 0x800169a9
core   0: 0x800006d2 (0x00008e51) c.or    a2, a2
core   0: 3 0x800006d2 (0x8e51) x12 0x00000000
core   0: 0x800006d4 (0x0000100f) fence.i
core   0: 3 0x800006d4 (0x0000100f)
core   0: 0x800006d8 (0x2bd6ba93) sltiu   s5, a3, 701
core   0: 3 0x800006d8 (0x2bd6ba93) x21 0x00000001
core   0: 0x800006dc (0x00f20a03) lb      s4, 15(tp)
core   0: 3 0x800006dc (0x00f20a03) x20 0x00000000 mem 0x800169bd
core   0: 0x800006e0 (0x00920a03) lb      s4, 9(tp)
core   0: 3 0x800006e0 (0x00920a03) x20 0x00000000 mem 0x800169b7
core   0: 0x800006e4 (0x0000100f) fence.i
core   0: 3 0x800006e4 (0x0000100f)
core   0: 0x800006e8 (0xff520e03) lb      t3, -11(tp)
core   0: 3 0x800006e8 (0xff520e03) x28 0x00000000 mem 0x800169a3
core   0: 0x800006ec (0x00c25303) lhu     t1, 12(tp)
core   0: 3 0x800006ec (0x00c25303) x6  0x00000000 mem 0x800169ba
core   0: 0x800006f0 (0x01e20223) sb      t5, 4(tp)
core   0: 3 0x800006f0 (0x01e20223) mem 0x800169b2 0x00
core   0: 0x800006f4 (0x00c20723) sb      a2, 14(tp)
core   0: 3 0x800006f4 (0x00c20723) mem 0x800169bc 0x00
core   0: 0x800006f8 (0xff524f03) lbu     t5, -11(tp)
core   0: 3 0x800006f8 (0xff524f03) x30 0x00000000 mem 0x800169a3
core   0: 0x800006fc (0x00008b0d) c.andi  a4, 3
core   0: 3 0x800006fc (0x8b0d) x14 0x00000000
core   0: 0x800006fe (0x02deba33) mulhu   s4, t4, a3
core   0: 3 0x800006fe (0x02deba33) x20 0x00000000
core   0: 0x80000702 (0x0014af33) slt     t5, s1, ra
core   0: 3 0x80000702 (0x0014af33) x30 0x00000000
core   0: 0x80000706 (0x00000f2e) c.slli  t5, 11
core   0: 3 0x80000706 (0x0f2e) x30 0x00000000
core   0: 0x80000708 (0x000003d1) c.addi  t2, 20
core   0: 3 0x80000708 (0x03d1) x7  0x00000014
core   0: 0x8000070a (0xfe220ca3) sb      sp, -7(tp)
core   0: 3 0x8000070a (0xfe220ca3) mem 0x800169a7 0xf9
core   0: 0x8000070e (0xd2cf4117) auipc   sp, 0xd2cf4
core   0: 3 0x8000070e (0xd2cf4117) x2  0x52cf470e
core   0: 0x80000712 (0x00000884) c.addi4spn s1, sp, 80
core   0: 3 0x80000712 (0x0884) x9  0x52cf475e
core   0: 0x80000714 (0x00008d55) c.or    a0, a3
core   0: 3 0x80000714 (0x8d55) x10 0x0000001b
core   0: 0x80000716 (0x00425883) lhu     a7, 4(tp)
core   0: 3 0x80000716 (0x00425883) x17 0x00000000 mem 0x800169b2
core   0: 0x8000071a (0x0001f117) auipc   sp, 0x1f
core   0: 3 0x8000071a (0x0001f117) x2  0x8001f71a
core   0: 0x8000071e (0x73f10113) addi    sp, sp, 1855
core   0: 3 0x8000071e (0x73f10113) x2  0x8001fe59
core   0: 0x80000722 (0x01319713) slli    a4, gp, 19
core   0: 3 0x80000722 (0x01319713) x14 0x00080000
core   0: 0x80000726 (0x03810b83) lb      s7, 56(sp)
core   0: 3 0x80000726 (0x03810b83) x23 0x00000000 mem 0x8001fe91
core   0: 0x8000072a (0x0177afb3) slt     t6, a5, s7
core   0: 3 0x8000072a (0x0177afb3) x31 0x00000000
core   0: 0x8000072e (0x007aecb3) or      s9, s5, t2
core   0: 3 0x8000072e (0x007aecb3) x25 0x00000015
core   0: 0x80000732 (0x032955b3) divu    a1, s2, s2
core   0: 3 0x80000732 (0x032955b3) x11 0x00000001
core   0: 0x80000736 (0x00006dc5) c.lui   s11, 0x11
core   0: 3 0x80000736 (0x6dc5) x27 0x00011000
core   0: 0x80000738 (0xafe10703) lb      a4, -1282(sp)
core   0: 3 0x80000738 (0xafe10703) x14 0x00000000 mem 0x8001f957
core   0: 0x8000073c (0x03ba26b3) mulhsu  a3, s4, s11
core   0: 3 0x8000073c (0x03ba26b3) x13 0x00000000
core   0: 0x80000740 (0x89111383) lh      t2, -1903(sp)
core   0: 3 0x80000740 (0x89111383) x7  0x00000000 mem 0x8001f6ea
core   0: 0x80000744 (0x01264d33) xor     s10, a2, s2
core   0: 3 0x80000744 (0x01264d33) x26 0x80010679
core   0: 0x80000748 (0xdd010a83) lb      s5, -560(sp)
core   0: 3 0x80000748 (0xdd010a83) x21 0x00000000 mem 0x8001fc29
core   0: 0x8000074c (0xa4110423) sb      ra, -1464(sp)
core   0: 3 0x8000074c (0xa4110423) mem 0x8001f8a1 0x00
core   0: 0x80000750 (0xd87511b7) lui     gp, 0xd8751
core   0: 3 0x80000750 (0xd87511b7) x3  0xd8751000
core   0: 0x80000754 (0x0ff0000f) fence   iorw,iorw
core   0: 3 0x80000754 (0x0ff0000f)
core   0: 0x80000758 (0x25c10503) lb      a0, 604(sp)
core   0: 3 0x80000758 (0x25c10503) x10 0x00000000 mem 0x800200b5
core   0: 0x8000075c (0x6ce10123) sb      a4, 1730(sp)
core   0: 3 0x8000075c (0x6ce10123) mem 0x8002051b 0x00
core   0: 0x80000760 (0x34007bf3) csrrci  s7, mscratch, 0
core   0: 3 0x80000760 (0x34007bf3) x23 0x00000000
core   0: 0x80000764 (0x01241693) slli    a3, s0, 18
core   0: 3 0x80000764 (0x01241693) x13 0xbf040000
core   0: 0x80000768 (0x0000527d) c.li    tp, -1
core   0: 3 0x80000768 (0x527d) x4  0xffffffff
core   0: 0x8000076a (0x04e64f13) xori    t5, a2, 78
core   0: 3 0x8000076a (0x04e64f13) x30 0x0000004e
core   0: 0x8000076e (0x238121a3) sw      s8, 547(sp)
core   0: 3 0x8000076e (0x238121a3) mem 0x8002007c 0x80025ea4
core   0: 0x80000772 (0x25e6bb37) lui     s6, 0x25e6b
core   0: 3 0x80000772 (0x25e6bb37) x22 0x25e6b000
core   0: 0x80000776 (0x340c5bf3) csrrwi  s7, mscratch, 24
core   0: 3 0x80000776 (0x340c5bf3) x23 0x00000000 c832_mscratch 0x00000018
core   0: 0x8000077a (0x340064f3) csrrsi  s1, mscratch, 0
core   0: 3 0x8000077a (0x340064f3) x9  0x00000018
core   0: 0x8000077e (0x81e10a23) sb      t5, -2028(sp)
core   0: 3 0x8000077e (0x81e10a23) mem 0x8001f66d 0x4e
core   0: 0x80000782 (0x0069d833) srl     a6, s3, t1
core   0: 3 0x80000782 (0x0069d833) x16 0x0000001a
core   0: 0x80000786 (0x00000001) c.nop
core   0: 3 0x80000786 (0x0001)
core   0: 0x80000788 (0x00b19b93) slli    s7, gp, 11
core   0: 3 0x80000788 (0x00b19b93) x23 0xa8800000
core   0: 0x8000078c (0x00009bfd) c.andi  a5, -1
core   0: 3 0x8000078c (0x9bfd) x15 0x00000000
core   0: 0x8000078e (0x44f10483) lb      s1, 1103(sp)
core   0: 3 0x8000078e (0x44f10483) x9  0x00000000 mem 0x800202a8
core   0: 0x80000792 (0x00b97bb3) and     s7, s2, a1
core   0: 3 0x80000792 (0x00b97bb3) x23 0x00000001
core   0: 0x80000796 (0x34003b73) csrrc   s6, mscratch, zero
core   0: 3 0x80000796 (0x34003b73) x22 0x00000018
core   0: 0x8000079a (0x63078313) addi    t1, a5, 1584
core   0: 3 0x8000079a (0x63078313) x6  0x00000630
core   0: 0x8000079e (0x34051e73) csrrw   t3, mscratch, a0
core   0: 3 0x8000079e (0x34051e73) x28 0x00000018 c832_mscratch 0x00000000
core   0: 0x800007a2 (0x33610f83) lb      t6, 822(sp)
core   0: 3 0x800007a2 (0x33610f83) x31 0x00000000 mem 0x8002018f
core   0: 0x800007a6 (0x4c514f83) lbu     t6, 1221(sp)
core   0: 3 0x800007a6 (0x4c514f83) x31 0x00000000 mem 0x8002031e
core   0: 0x800007aa (0x80314c83) lbu     s9, -2045(sp)
core   0: 3 0x800007aa (0x80314c83) x25 0x00000000 mem 0x8001f65c
core   0: 0x800007ae (0x20e10a03) lb      s4, 526(sp)
core   0: 3 0x800007ae (0x20e10a03) x20 0x00000000 mem 0x80020067
core   0: 0x800007b2 (0x3a910b23) sb      s1, 950(sp)
core   0: 3 0x800007b2 (0x3a910b23) mem 0x8002020f 0x00
core   0: 0x800007b6 (0x41b14183) lbu     gp, 1051(sp)
core   0: 3 0x800007b6 (0x41b14183) x3  0x00000000 mem 0x80020274
core   0: 0x800007ba (0x02f6df33) divu    t5, a3, a5
core   0: 3 0x800007ba (0x02f6df33) x30 0xffffffff
core   0: 0x800007be (0x00d27533) and     a0, tp, a3
core   0: 3 0x800007be (0x00d27533) x10 0xbf040000
core   0: 0x800007c2 (0xa8f14383) lbu     t2, -1393(sp)
core   0: 3 0x800007c2 (0xa8f14383) x7  0x00000000 mem 0x8001f8e8
core   0: 0x800007c6 (0x03b2d033) divu    zero, t0, s11
core   0: 3 0x800007c6 (0x03b2d033)
core   0: 0x800007ca (0x000082ae) c.mv    t0, a1
core   0: 3 0x800007ca (0x82ae) x5  0x00000001
core   0: 0x800007cc (0x28c10b23) sb      a2, 662(sp)
core   0: 3 0x800007cc (0x28c10b23) mem 0x800200ef 0x00
core   0: 0x800007d0 (0xf4b14c83) lbu     s9, -181(sp)
core   0: 3 0x800007d0 (0xf4b14c83) x25 0x00000000 mem 0x8001fda4
core   0: 0x800007d4 (0x50d10a23) sb      a3, 1300(sp)
core   0: 3 0x800007d4 (0x50d10a23) mem 0x8002036d 0x00
core   0: 0x800007d8 (0xb4412da3) sw      tp, -1189(sp)
core   0: 3 0x800007d8 (0xb4412da3) mem 0x8001f9b4 0xffffffff
core   0: 0x800007dc (0x64f10c23) sb      a5, 1624(sp)
core   0: 3 0x800007dc (0x64f10c23) mem 0x800204b1 0x00
core   0: 0x800007e0 (0x4bd27a93) andi    s5, tp, 1213
core   0: 3 0x800007e0 (0x4bd27a93) x21 0x000004bd
core   0: 0x800007e4 (0xe6d11a83) lh      s5, -403(sp)
core   0: 3 0x800007e4 (0xe6d11a83) x21 0x00000000 mem 0x8001fcc6
core   0: 0x800007e8 (0xd7610623) sb      s6, -660(sp)
core   0: 3 0x800007e8 (0xd7610623) mem 0x8001fbc5 0x18
core   0: 0x800007ec (0x00010d97) auipc   s11, 0x10
core   0: 3 0x800007ec (0x00010d97) x27 0x800107ec
core   0: 0x800007f0 (0x628d8d93) addi    s11, s11, 1576
core   0: 3 0x800007f0 (0x628d8d93) x27 0x80010e14
core   0: 0x800007f4 (0x9f4dd483) lhu     s1, -1548(s11)
core   0: 3 0x800007f4 (0x9f4dd483) x9  0x00000000 mem 0x80010808
core   0: 0x800007f8 (0x8c0dca83) lbu     s5, -1856(s11)
core   0: 3 0x800007f8 (0x8c0dca83) x21 0x00000000 mem 0x800106d4
core   0: 0x800007fc (0x40bff193) andi    gp, t6, 1035
core   0: 3 0x800007fc (0x40bff193) x3  0x00000000
core   0: 0x80000800 (0x0669b813) sltiu   a6, s3, 102
core   0: 3 0x80000800 (0x0669b813) x16 0x00000001
core   0: 0x80000804 (0x01d1bb33) sltu    s6, gp, t4
core   0: 3 0x80000804 (0x01d1bb33) x22 0x00000001
core   0: 0x80000808 (0x00008c81) c.sub   s1, s0
core   0: 3 0x80000808 (0x8c81) x9  0x0f59103f
core   0: 0x8000080a (0x00006f41) c.lui   t5, 0x10
core   0: 3 0x8000080a (0x6f41) x30 0x00010000
core   0: 0x8000080c (0x340ab6f3) csrrc   a3, mscratch, s5
core   0: 3 0x8000080c (0x340ab6f3) x13 0x00000000 c832_mscratch 0x00000000
core   0: 0x80000810 (0x0dfd86a3) sb      t6, 205(s11)
core   0: 3 0x80000810 (0x0dfd86a3) mem 0x80010ee1 0x00
core   0: 0x80000814 (0x900da383) lw      t2, -1792(s11)
core   0: 3 0x80000814 (0x900da383) x7  0x00000000 mem 0x80010714
core   0: 0x80000818 (0x00bfacb3) slt     s9, t6, a1
core   0: 3 0x80000818 (0x00bfacb3) x25 0x00000001
core   0: 0x8000081c (0xe8cd9803) lh      a6, -372(s11)
core   0: 3 0x8000081c (0xe8cd9803) x16 0x00000000 mem 0x80010ca0
core   0: 0x80000820 (0x15cdd483) lhu     s1, 348(s11)
core   0: 3 0x80000820 (0x15cdd483) x9  0x00000000 mem 0x80010f70
core   0: 0x80000824 (0x9e3d8103) lb      sp, -1565(s11)
core   0: 3 0x80000824 (0x9e3d8103) x2  0x00000000 mem 0x800107f7
core   0: 0x80000828 (0x03c40fb3) mul     t6, s0, t3
core   0: 3 0x80000828 (0x03c40fb3) x31 0x8fa67a18
core   0: 0x8000082c (0x27eef713) andi    a4, t4, 638
core   0: 3 0x8000082c (0x27eef713) x14 0x00000024
core   0: 0x80000830 (0xd83d8d23) sb      gp, -614(s11)
core   0: 3 0x80000830 (0xd83d8d23) mem 0x80010bae 0x00
core   0: 0x80000834 (0x02652533) mulhsu  a0, a0, t1
core   0: 3 0x80000834 (0x02652533) x10 0xfffffe6d
core   0: 0x80000838 (0x340a5573) csrrwi  a0, mscratch, 20
core   0: 3 0x80000838 (0x340a5573) x10 0x00000000 c832_mscratch 0x00000014
core   0: 0x8000083c (0x000056fd) c.li    a3, -1
core   0: 3 0x8000083c (0x56fd) x13 0xffffffff
core   0: 0x8000083e (0x032f1933) mulh    s2, t5, s2
core   0: 3 0x8000083e (0x032f1933) x18 0xffff8001
core   0: 0x80000842 (0xa20d9203) lh      tp, -1504(s11)
core   0: 3 0x80000842 (0xa20d9203) x4  0x00000000 mem 0x80010834
core   0: 0x80000846 (0xb96dc103) lbu     sp, -1130(s11)
core   0: 3 0x80000846 (0xb96dc103) x2  0x00000000 mem 0x800109aa
core   0: 0x8000084a (0xaf6d8023) sb      s6, -1312(s11)
core   0: 3 0x8000084a (0xaf6d8023) mem 0x800108f4 0x01
core   0: 0x8000084e (0x0e9d89a3) sb      s1, 243(s11)
core   0: 3 0x8000084e (0x0e9d89a3) mem 0x80010f07 0x00
core   0: 0x80000852 (0xaa7dcd03) lbu     s10, -1369(s11)
core   0: 3 0x80000852 (0xaa7dcd03) x26 0x00000000 mem 0x800108bb
core   0: 0x80000856 (0x00bb9133) sll     sp, s7, a1
core   0: 3 0x80000856 (0x00bb9133) x2  0x00000002
core   0: 0x8000085a (0x855d9923) sh      s5, -1966(s11)
core   0: 3 0x8000085a (0x855d9923) mem 0x80010666 0x0000
core   0: 0x8000085e (0x00010a17) auipc   s4, 0x10
core   0: 3 0x8000085e (0x00010a17) x20 0x8001085e
core   0: 0x80000862 (0x081a0a13) addi    s4, s4, 129
core   0: 3 0x80000862 (0x081a0a13) x20 0x800108df
core   0: 0x80000866 (0x022a0833) mul     a6, s4, sp
core   0: 3 0x80000866 (0x022a0833) x16 0x000211be
core   0: 0x8000086a (0x000083d9) c.srli  a5, 22
core   0: 3 0x8000086a (0x83d9) x15 0x00000000
core   0: 0x8000086c (0x003b16b3) sll     a3, s6, gp
core   0: 3 0x8000086c (0x003b16b3) x13 0x00000001
core   0: 0x80000870 (0x8ec14913) xori    s2, sp, -1812
core   0: 3 0x80000870 (0x8ec14913) x18 0xfffff8ee
core   0: 0x80000874 (0x008a0d03) lb      s10, 8(s4)
core   0: 3 0x80000874 (0x008a0d03) x26 0x00000000 mem 0x800108e7
core   0: 0x80000878 (0xff6a0a23) sb      s6, -12(s4)
core   0: 3 0x80000878 (0xff6a0a23) mem 0x800108d3 0x01
core   0: 0x8000087c (0x020cd133) divu    sp, s9, zero
core   0: 3 0x8000087c (0x020cd133) x2  0xffffffff
core   0: 0x80000880 (0x015a0023) sb      s5, 0(s4)
core   0: 3 0x80000880 (0x015a0023) mem 0x800108df 0x00
core   0: 0x80000884 (0xf3ded5b7) lui     a1, 0xf3ded
core   0: 3 0x80000884 (0xf3ded5b7) x11 0xf3ded000
core   0: 0x80000888 (0x006a04a3) sb      t1, 9(s4)
core   0: 3 0x80000888 (0x006a04a3) mem 0x800108e8 0x30
core   0: 0x8000088c (0xff6a0683) lb      a3, -10(s4)
core   0: 3 0x8000088c (0xff6a0683) x13 0x00000000 mem 0x800108d5
core   0: 0x80000890 (0x340f9ff3) csrrw   t6, mscratch, t6
core   0: 3 0x80000890 (0x340f9ff3) x31 0x00000014 c832_mscratch 0x8fa67a18
core   0: 0x80000894 (0xb5af0b13) addi    s6, t5, -1190
core   0: 3 0x80000894 (0xb5af0b13) x22 0x0000fb5a
core   0: 0x80000898 (0xff6a4f83) lbu     t6, -10(s4)
core   0: 3 0x80000898 (0xff6a4f83) x31 0x00000000 mem 0x800108d5
core   0: 0x8000089c (0xfffa5283) lhu     t0, -1(s4)
core   0: 3 0x8000089c (0xfffa5283) x5  0x00000000 mem 0x800108de
core   0: 0x800008a0 (0x0226b233) mulhu   tp, a3, sp
core   0: 3 0x800008a0 (0x0226b233) x4  0x00000000
core   0: 0x800008a4 (0x0271d333) divu    t1, gp, t2
core   0: 3 0x800008a4 (0x0271d333) x6  0xffffffff
core   0: 0x800008a8 (0x0114f833) and     a6, s1, a7
core   0: 3 0x800008a8 (0x0114f833) x16 0x00000000
core   0: 0x800008ac (0xff9a4d03) lbu     s10, -7(s4)
core   0: 3 0x800008ac (0xff9a4d03) x26 0x00000000 mem 0x800108d8
core   0: 0x800008b0 (0xfefa0c23) sb      a5, -8(s4)
core   0: 3 0x800008b0 (0xfefa0c23) mem 0x800108d7 0x00
core   0: 0x800008b4 (0x01d64833) xor     a6, a2, t4
core   0: 3 0x800008b4 (0x01d64833) x16 0x80029d24
core   0: 0x800008b8 (0x00ba5883) lhu     a7, 11(s4)
core   0: 3 0x800008b8 (0x00ba5883) x17 0x00000000 mem 0x800108ea
core   0: 0x800008bc (0x007a4503) lbu     a0, 7(s4)
core   0: 3 0x800008bc (0x007a4503) x10 0x00000000 mem 0x800108e6
core   0: 0x800008c0 (0x004a0103) lb      sp, 4(s4)
core   0: 3 0x800008c0 (0x004a0103) x2  0x00000000 mem 0x800108e3
core   0: 0x800008c4 (0xffda1aa3) sh      t4, -11(s4)
core   0: 3 0x800008c4 (0xffda1aa3) mem 0x800108d4 0x9d24
core   0: 0x800008c8 (0x037903b3) mul     t2, s2, s7
core   0: 3 0x800008c8 (0x037903b3) x7  0xfffff8ee
core   0: 0x800008cc (0x005999b3) sll     s3, s3, t0
core   0: 3 0x800008cc (0x005999b3) x19 0x0000001a
core   0: 0x800008d0 (0x00000bd2) c.slli  s7, 20
core   0: 3 0x800008d0 (0x0bd2) x23 0x00100000
core   0: 0x800008d2 (0x000b49b3) xor     s3, s6, zero
core   0: 3 0x800008d2 (0x000b49b3) x19 0x0000fb5a
core   0: 0x800008d6 (0x00fac233) xor     tp, s5, a5
core   0: 3 0x800008d6 (0x00fac233) x4  0x00000000
core   0: 0x800008da (0x40e85633) sra     a2, a6, a4
core   0: 3 0x800008da (0x40e85633) x12 0xf80029d2
core   0: 0x800008de (0x340f3f73) csrrc   t5, mscratch, t5
core   0: 3 0x800008de (0x340f3f73) x30 0x8fa67a18 c832_mscratch 0x8fa67a18
core   0: 0x800008e2 (0x0000023a) c.slli  tp, 14
core   0: 3 0x800008e2 (0x023a) x4  0x00000000
core   0: 0x800008e4 (0x00006175) c.addi16sp sp, 368
core   0: 3 0x800008e4 (0x6175) x2  0x00000170
core   0: 0x800008e6 (0xff3a4783) lbu     a5, -13(s4)
core   0: 3 0x800008e6 (0xff3a4783) x15 0x00000000 mem 0x800108d2
core   0: 0x800008ea (0x00ea0483) lb      s1, 14(s4)
core   0: 3 0x800008ea (0x00ea0483) x9  0x00000000 mem 0x800108ed
core   0: 0x800008ee (0x340e5ff3) csrrwi  t6, mscratch, 28
core   0: 3 0x800008ee (0x340e5ff3) x31 0x8fa67a18 c832_mscratch 0x0000001c
core   0: 0x800008f2 (0x001a5583) lhu     a1, 1(s4)
core   0: 3 0x800008f2 (0x001a5583) x11 0x00000000 mem 0x800108e0
core   0: 0x800008f6 (0x18518093) addi    ra, gp, 389
core   0: 3 0x800008f6 (0x18518093) x1  0x00000185
core   0: 0x800008fa (0x00009ba6) c.add   s7, s1
core   0: 3 0x800008fa (0x9ba6) x23 0x00100000
core   0: 0x800008fc (0x01b527b3) slt     a5, a0, s11
core   0: 3 0x800008fc (0x01b527b3) x15 0x00000000
core   0: 0x80000900 (0x00000001) c.nop
core   0: 3 0x80000900 (0x0001)
core   0: 0x80000902 (0xffda1603) lh      a2, -3(s4)
core   0: 3 0x80000902 (0xffda1603) x12 0x00000000 mem 0x800108dc
core   0: 0x80000906 (0x02a5e0b3) rem     ra, a1, a0
core   0: 3 0x80000906 (0x02a5e0b3) x1  0x00000000
core   0: 0x8000090a (0x0153c2b3) xor     t0, t2, s5
core   0: 3 0x8000090a (0x0153c2b3) x5  0xfffff8ee
core   0: 0x8000090e (0x000a0c83) lb      s9, 0(s4)
core   0: 3 0x8000090e (0x000a0c83) x25 0x00000000 mem 0x800108df
core   0: 0x80000912 (0x006a0583) lb      a1, 6(s4)
core   0: 3 0x80000912 (0x006a0583) x11 0x00000000 mem 0x800108e5
core   0: 0x80000916 (0x00013117) auipc   sp, 0x13
core   0: 3 0x80000916 (0x00013117) x2  0x80013916
core   0: 0x8000091a (0x40c10113) addi    sp, sp, 1036
core   0: 3 0x8000091a (0x40c10113) x2  0x80013d22
core   0: 0x8000091e (0x00008f89) c.sub   a5, a0
core   0: 3 0x8000091e (0x8f89) x15 0x00000000
core   0: 0x80000920 (0x00000a7d) c.addi  s4, 31
core   0: 3 0x80000920 (0x0a7d) x20 0x800108fe
core   0: 0x80000922 (0xe956ec93) ori     s9, a3, -363
core   0: 3 0x80000922 (0xe956ec93) x25 0xfffffe95
core   0: 0x80000926 (0x01a434b3) sltu    s1, s0, s10
core   0: 3 0x80000926 (0x01a434b3) x9  0x00000000
core   0: 0x8000092a (0xfd710183) lb      gp, -41(sp)
core   0: 3 0x8000092a (0xfd710183) x3  0x00000000 mem 0x80013cf9
core   0: 0x8000092e (0x0ff0000f) fence   iorw,iorw
core   0: 3 0x8000092e (0x0ff0000f)
core   0: 0x80000932 (0x012b9793) slli    a5, s7, 18
core   0: 3 0x80000932 (0x012b9793) x15 0x00000000
core   0: 0x80000936 (0xfea11023) sh      a0, -32(sp)
core   0: 3 0x80000936 (0xfea11023) mem 0x80013d02 0x0000
core   0: 0x8000093a (0x00000001) c.nop
core   0: 3 0x8000093a (0x0001)
core   0: 0x8000093c (0xfef14883) lbu     a7, -17(sp)
core   0: 3 0x8000093c (0xfef14883) x17 0x00000000 mem 0x80013d11
core   0: 0x80000940 (0x0296f233) remu    tp, a3, s1
core   0: 3 0x80000940 (0x0296f233) x4  0x00000000
core   0: 0x80000944 (0x82312193) slti    gp, sp, -2013
core   0: 3 0x80000944 (0x82312193) x3  0x00000001
core   0: 0x80000948 (0xfd110303) lb      t1, -47(sp)
core   0: 3 0x80000948 (0xfd110303) x6  0x00000000 mem 0x80013cf3
core   0: 0x8000094c (0x02815683) lhu     a3, 40(sp)
core   0: 3 0x8000094c (0x02815683) x13 0x00000000 mem 0x80013d4a
core   0: 0x80000950 (0x003c88b3) add     a7, s9, gp
core   0: 3 0x80000950 (0x003c88b3) x17 0xfffffe96
core   0: 0x80000954 (0x03a5d2b3) divu    t0, a1, s10
core   0: 3 0x80000954 (0x03a5d2b3) x5  0xffffffff
core   0: 0x80000958 (0x00c15003) lhu     zero, 12(sp)
core   0: 3 0x80000958 (0x00c15003) mem 0x80013d2e
core   0: 0x8000095c (0x03811283) lh      t0, 56(sp)
core   0: 3 0x8000095c (0x03811283) x5  0x00000000 mem 0x80013d5a
core   0: 0x80000960 (0xffb14383) lbu     t2, -5(sp)
core   0: 3 0x80000960 (0xffb14383) x7  0x00000000 mem 0x80013d1d
core   0: 0x80000964 (0x000083a1) c.srli  a5, 8
core   0: 3 0x80000964 (0x83a1) x15 0x00000000
core   0: 0x80000966 (0x01214f83) lbu     t6, 18(sp)
core   0: 3 0x80000966 (0x01214f83) x31 0x00000000 mem 0x80013d34
core   0: 0x8000096a (0x00000dde) c.slli  s11, 23
core   0: 3 0x8000096a (0x0dde) x27 0x0a000000
core   0: 0x8000096c (0x00008531) c.srai  a0, 12
core   0: 3 0x8000096c (0x8531) x10 0x00000000
core   0: 0x8000096e (0x340e91f3) csrrw   gp, mscratch, t4
core   0: 3 0x8000096e (0x340e91f3) x3  0x0000001c c832_mscratch 0x80029d24
core   0: 0x80000972 (0x02f2ef33) rem     t5, t0, a5
core   0: 3 0x80000972 (0x02f2ef33) x30 0x00000000
core   0: 0x80000976 (0xfd9106a3) sb      s9, -51(sp)
core   0: 3 0x80000976 (0xfd9106a3) mem 0x80013cef 0x95
core   0: 0x8000097a (0x000066ed) c.lui   a3, 0x1b
core   0: 3 0x8000097a (0x66ed) x13 0x0001b000
core   0: 0x8000097c (0x35444d13) xori    s10, s0, 852
core   0: 3 0x8000097c (0x35444d13) x26 0xf0a6ec95
core   0: 0x80000980 (0x00769993) slli    s3, a3, 7
core   0: 3 0x80000980 (0x00769993) x19 0x00d80000
core   0: 0x80000984 (0xff812323) sw      s8, -26(sp)
core   0: 3 0x80000984 (0xff812323) mem 0x80013d08 0x80025ea4
core   0: 0x80000988 (0x34049bf3) csrrw   s7, mscratch, s1
core   0: 3 0x80000988 (0x34049bf3) x23 0x80029d24 c832_mscratch 0x00000000
core   0: 0x8000098c (0x029105a3) sb      s1, 43(sp)
core   0: 3 0x8000098c (0x029105a3) mem 0x80013d4d 0x00
core   0: 0x80000990 (0x014011b3) sll     gp, zero, s4
core   0: 3 0x80000990 (0x014011b3) x3  0x00000000
core   0: 0x80000994 (0x03a3ab33) mulhsu  s6, t2, s10
core   0: 3 0x80000994 (0x03a3ab33) x22 0x00000000
core   0: 0x80000998 (0x13d57913) andi    s2, a0, 317
core   0: 3 0x80000998 (0x13d57913) x18 0x00000000
core   0: 0x8000099c (0xfca10a23) sb      a0, -44(sp)
core   0: 3 0x8000099c (0xfca10a23) mem 0x80013cf6 0x00
core   0: 0x800009a0 (0xd74a0313) addi    t1, s4, -652
core   0: 3 0x800009a0 (0xd74a0313) x6  0x80010672
core   0: 0x800009a4 (0x01211223) sh      s2, 4(sp)
core   0: 3 0x800009a4 (0x01211223) mem 0x80013d26 0x0000
core   0: 0x800009a8 (0xff910f23) sb      s9, -2(sp)
core   0: 3 0x800009a8 (0xff910f23) mem 0x80013d20 0x95
core   0: 0x800009ac (0xfca104a3) sb      a0, -55(sp)
core   0: 3 0x800009ac (0xfca104a3) mem 0x80013ceb 0x00
core   0: 0x800009b0 (0xb33967b7) lui     a5, 0xb3396
core   0: 3 0x800009b0 (0xb33967b7) x15 0xb3396000
core   0: 0x800009b4 (0x033a9e33) mulh    t3, s5, s3
core   0: 3 0x800009b4 (0x033a9e33) x28 0x00000000
core   0: 0x800009b8 (0x002a0cb3) add     s9, s4, sp
core   0: 3 0x800009b8 (0x002a0cb3) x25 0x00024620
core   0: 0x800009bc (0xff411923) sh      s4, -14(sp)
core   0: 3 0x800009bc (0xff411923) mem 0x80013d14 0x08fe
core   0: 0x800009c0 (0x00013117) auipc   sp, 0x13
core   0: 3 0x800009c0 (0x00013117) x2  0x800139c0
core   0: 0x800009c4 (0xa2a10113) addi    sp, sp, -1494
core   0: 3 0x800009c4 (0xa2a10113) x2  0x800133ea
core   0: 0x800009c8 (0xe0110923) sb      ra, -494(sp)
core   0: 3 0x800009c8 (0xe0110923) mem 0x800131fc 0x00
core   0: 0x800009cc (0xda810383) lb      t2, -600(sp)
core   0: 3 0x800009cc (0xda810383) x7  0x00000000 mem 0x80013192
core   0: 0x800009d0 (0xa1811e23) sh      s8, -1508(sp)
core   0: 3 0x800009d0 (0xa1811e23) mem 0x80012e06 0x5ea4
core   0: 0x800009d4 (0x5ef14383) lbu     t2, 1519(sp)
core   0: 3 0x800009d4 (0x5ef14383) x7  0x00000000 mem 0x800139d9
core   0: 0x800009d8 (0xbdd10423) sb      t4, -1080(sp)
core   0: 3 0x800009d8 (0xbdd10423) mem 0x80012fb2 0x24
core   0: 0x800009dc (0x02794233) div     tp, s2, t2
core   0: 3 0x800009dc (0x02794233) x4  0xffffffff
core   0: 0x800009e0 (0x78011423) sh      zero, 1928(sp)
core   0: 3 0x800009e0 (0x78011423) mem 0x80013b72 0x0000
core   0: 0x800009e4 (0xf5314383) lbu     t2, -173(sp)
core   0: 3 0x800009e4 (0xf5314383) x7  0x00000000 mem 0x8001333d
core   0: 0x800009e8 (0x5cb10203) lb      tp, 1483(sp)
core   0: 3 0x800009e8 (0x5cb10203) x4  0x00000000 mem 0x800139b5
core   0: 0x800009ec (0xf03b4a13) xori    s4, s6, -253
core   0: 3 0x800009ec (0xf03b4a13) x20 0xffffff03
core   0: 0x800009f0 (0x40665913) srai    s2, a2, 6
core   0: 3 0x800009f0 (0x40665913) x18 0x00000000
core   0: 0x800009f4 (0xe7510e03) lb      t3, -395(sp)
core   0: 3 0x800009f4 (0xe7510e03) x28 0x00000000 mem 0x8001325f
core   0: 0x800009f8 (0x0000587d) c.li    a6, -1
core   0: 3 0x800009f8 (0x587d) x16 0xffffffff
core   0: 0x800009fa (0x88710883) lb      a7, -1913(sp)
core   0: 3 0x800009fa (0x88710883) x17 0x00000000 mem 0x80012c71
core   0: 0x800009fe (0x3401b8f3) csrrc   a7, mscratch, gp
core   0: 3 0x800009fe (0x3401b8f3) x17 0x00000000 c832_mscratch 0x00000000
core   0: 0x80000a02 (0x5d710203) lb      tp, 1495(sp)
core   0: 3 0x80000a02 (0x5d710203) x4  0x00000000 mem 0x800139c1
core   0: 0x80000a06 (0x007fb033) sltu    zero, t6, t2
core   0: 3 0x80000a06 (0x007fb033)
core   0: 0x80000a0a (0x32bb6913) ori     s2, s6, 811
core   0: 3 0x80000a0a (0x32bb6913) x18 0x0000032b
core   0: 0x80000a0e (0x00008ee1) c.and   a3, s0
core   0: 3 0x80000a0e (0x8ee1) x13 0x0000a000
core   0: 0x80000a10 (0x00197cb3) and     s9, s2, ra
core   0: 3 0x80000a10 (0x00197cb3) x25 0x00000000
core   0: 0x80000a14 (0x4bb10a83) lb      s5, 1211(sp)
core   0: 3 0x80000a14 (0x4bb10a83) x21 0x00000000 mem 0x800138a5
core   0: 0x80000a18 (0x66212203) lw      tp, 1634(sp)
core   0: 3 0x80000a18 (0x66212203) x4  0x00000000 mem 0x80013a4c
core   0: 0x80000a1c (0x340dbff3) csrrc   t6, mscratch, s11
core   0: 3 0x80000a1c (0x340dbff3) x31 0x00000000 c832_mscratch 0x00000000
core   0: 0x80000a20 (0x03262733) mulhsu  a4, a2, s2
core   0: 3 0x80000a20 (0x03262733) x14 0x00000000
core   0: 0x80000a24 (0x0000933a) c.add   t1, a4
core   0: 3 0x80000a24 (0x933a) x6  0x80010672
core   0: 0x80000a26 (0x41710583) lb      a1, 1047(sp)
core   0: 3 0x80000a26 (0x41710583) x11 0x00000000 mem 0x80013801
core   0: 0x80000a2a (0xf7215483) lhu     s1, -142(sp)
core   0: 3 0x80000a2a (0xf7215483) x9  0x00000000 mem 0x8001335c
core   0: 0x80000a2e (0x34007df3) csrrci  s11, mscratch, 0
core   0: 3 0x80000a2e (0x34007df3) x27 0x00000000
core   0: 0x80000a32 (0x6c610483) lb      s1, 1734(sp)
core   0: 3 0x80000a32 (0x6c610483) x9  0x00000000 mem 0x80013ab0
core   0: 0x80000a36 (0xce610397) auipc   t2, 0xce610
core   0: 3 0x80000a36 (0xce610397) x7  0x4e610a36
core   0: 0x80000a3a (0x00008ff1) c.and   a5, a2
core   0: 3 0x80000a3a (0x8ff1) x15 0x00000000
core   0: 0x80000a3c (0x66ed4193) xori    gp, s10, 1646
core   0: 3 0x80000a3c (0x66ed4193) x3  0xf0a6eafb
core   0: 0x80000a40 (0x99710703) lb      a4, -1641(sp)
core   0: 3 0x80000a40 (0x99710703) x14 0x00000000 mem 0x80012d81
core   0: 0x80000a44 (0x0b510da3) sb      s5, 187(sp)
core   0: 3 0x80000a44 (0x0b510da3) mem 0x800134a5 0x00
core   0: 0x80000a48 (0x06c11b83) lh      s7, 108(sp)
core   0: 3 0x80000a48 (0x06c11b83) x23 0x00000000 mem 0x80013456
core   0: 0x80000a4c (0x00eb7333) and     t1, s6, a4
core   0: 3 0x80000a4c (0x00eb7333) x6  0x00000000
core   0: 0x80000a50 (0x00009762) c.add   a4, s8
core   0: 3 0x80000a50 (0x9762) x14 0x80025ea4
core   0: 0x80000a52 (0x7e415683) lhu     a3, 2020(sp)
core   0: 3 0x80000a52 (0x7e415683) x13 0x00000000 mem 0x80013bce
core   0: 0x80000a56 (0x67c11f83) lh      t6, 1660(sp)
core   0: 3 0x80000a56 (0x67c11f83) x31 0x00000000 mem 0x80013a66
core   0: 0x80000a5a (0xe1f10883) lb      a7, -481(sp)
core   0: 3 0x80000a5a (0xe1f10883) x17 0x00000000 mem 0x80013209
core   0: 0x80000a5e (0x653104a3) sb      s3, 1609(sp)
core   0: 3 0x80000a5e (0x653104a3) mem 0x80013a33 0x00
core   0: 0x80000a62 (0xa5110583) lb      a1, -1455(sp)
core   0: 3 0x80000a62 (0xa5110583) x11 0x00000000 mem 0x80012e3b
core   0: 0x80000a66 (0x0000f317) auipc   t1, 0xf
core   0: 3 0x80000a66 (0x0000f317) x6  0x8000fa66
core   0: 0x80000a6a (0x71130313) addi    t1, t1, 1809
core   0: 3 0x80000a6a (0x71130313) x6  0x80010177
core   0: 0x80000a6e (0xfd8314a3) sh      s8, -55(t1)
core   0: 3 0x80000a6e (0xfd8314a3) mem 0x80010140 0x5ea4
core   0: 0x80000a72 (0xfce322a3) sw      a4, -59(t1)
core   0: 3 0x80000a72 (0xfce322a3) mem 0x8001013c 0x80025ea4
core   0: 0x80000a76 (0x007311a3) sh      t2, 3(t1)
core   0: 3 0x80000a76 (0x007311a3) mem 0x8001017a 0x0a36
core   0: 0x80000a7a (0x00925cb3) srl     s9, tp, s1
core   0: 3 0x80000a7a (0x00925cb3) x25 0x00000000
core   0: 0x80000a7e (0xfd4314a3) sh      s4, -55(t1)
core   0: 3 0x80000a7e (0xfd4314a3) mem 0x80010140 0xff03
core   0: 0x80000a82 (0xdc398fb7) lui     t6, 0xdc398
core   0: 3 0x80000a82 (0xdc398fb7) x31 0xdc398000
core   0: 0x80000a86 (0x34006673) csrrsi  a2, mscratch, 0
core   0: 3 0x80000a86 (0x34006673) x12 0x00000000
core   0: 0x80000a8a (0x000080b1) c.srli  s1, 12
core   0: 3 0x80000a8a (0x80b1) x9  0x00000000
core   0: 0x80000a8c (0x03f30483) lb      s1, 63(t1)
core   0: 3 0x80000a8c (0x03f30483) x9  0x00000000 mem 0x800101b6
core   0: 0x80000a90 (0x03277133) remu    sp, a4, s2
core   0: 3 0x80000a90 (0x03277133) x2  0x0000028c
core   0: 0x80000a94 (0x03c6fcb3) remu    s9, a3, t3
core   0: 3 0x80000a94 (0x03c6fcb3) x25 0x00000000
core   0: 0x80000a98 (0x0000818d) c.srli  a1, 3
core   0: 3 0x80000a98 (0x818d) x11 0x00000000
core   0: 0x80000a9a (0x00008a6a) c.mv    s4, s10
core   0: 3 0x80000a9a (0x8a6a) x20 0xf0a6ec95
core   0: 0x80000a9c (0xfce34983) lbu     s3, -50(t1)
core   0: 3 0x80000a9c (0xfce34983) x19 0x00000000 mem 0x80010145
core   0: 0x80000aa0 (0x41dc0633) sub     a2, s8, t4
core   0: 3 0x80000aa0 (0x41dc0633) x12 0xffffc180
core   0: 0x80000aa4 (0x01734d83) lbu     s11, 23(t1)
core   0: 3 0x80000aa4 (0x01734d83) x27 0x00000000 mem 0x8001018e
core   0: 0x80000aa8 (0x03fb5733) divu    a4, s6, t6
core   0: 3 0x80000aa8 (0x03fb5733) x14 0x00000000
core   0: 0x80000aac (0x01e83e33) sltu    t3, a6, t5
core   0: 3 0x80000aac (0x01e83e33) x28 0x00000000
core   0: 0x80000ab0 (0x6fd5bd13) sltiu   s10, a1, 1789
core   0: 3 0x80000ab0 (0x6fd5bd13) x26 0x00000001
core   0: 0x80000ab4 (0x34002b73) csrr    s6, mscratch
core   0: 3 0x80000ab4 (0x34002b73) x22 0x00000000
core   0: 0x80000ab8 (0xfd830603) lb      a2, -40(t1)
core   0: 3 0x80000ab8 (0xfd830603) x12 0x00000000 mem 0x8001014f
core   0: 0x80000abc (0x00000001) c.nop
core   0: 3 0x80000abc (0x0001)
core   0: 0x80000abe (0x0000100f) fence.i
core   0: 3 0x80000abe (0x0000100f)
core   0: 0x80000ac2 (0xfc331203) lh      tp, -61(t1)
core   0: 3 0x80000ac2 (0xfc331203) x4  0x00000000 mem 0x8001013a
core   0: 0x80000ac6 (0x0000100f) fence.i
core   0: 3 0x80000ac6 (0x0000100f)
core   0: 0x80000aca (0x03d8ed33) rem     s10, a7, t4
core   0: 3 0x80000aca (0x03d8ed33) x26 0x00000000
core   0: 0x80000ace (0x03c34b03) lbu     s6, 60(t1)
core   0: 3 0x80000ace (0x03c34b03) x22 0x00000000 mem 0x800101b3
core   0: 0x80000ad2 (0x00010117) auipc   sp, 0x10
core   0: 3 0x80000ad2 (0x00010117) x2  0x80010ad2
core   0: 0x80000ad6 (0x48810113) addi    sp, sp, 1160
core   0: 3 0x80000ad6 (0x48810113) x2  0x80010f5a
core   0: 0x80000ada (0xffa14203) lbu     tp, -6(sp)
core   0: 3 0x80000ada (0xffa14203) x4  0x00000000 mem 0x80010f54
core   0: 0x80000ade (0x00008d4d) c.or    a0, a1
core   0: 3 0x80000ade (0x8d4d) x10 0x00000000
core   0: 0x80000ae0 (0xffb14503) lbu     a0, -5(sp)
core   0: 3 0x80000ae0 (0xffb14503) x10 0x00000000 mem 0x80010f55
core   0: 0x80000ae4 (0x00c14703) lbu     a4, 12(sp)
core   0: 3 0x80000ae4 (0x00c14703) x14 0x00000000 mem 0x80010f66
core   0: 0x80000ae8 (0x7f32f8b7) lui     a7, 0x7f32f
core   0: 3 0x80000ae8 (0x7f32f8b7) x17 0x7f32f000
core   0: 0x80000aec (0x00d10603) lb      a2, 13(sp)
core   0: 3 0x80000aec (0x00d10603) x12 0x00000000 mem 0x80010f67
core   0: 0x80000af0 (0x00212d83) lw      s11, 2(sp)
core   0: 3 0x80000af0 (0x00212d83) x27 0x00000000 mem 0x80010f5c
core   0: 0x80000af4 (0x03fa53b3) divu    t2, s4, t6
core   0: 3 0x80000af4 (0x03fa53b3) x7  0x00000001
core   0: 0x80000af8 (0x00f05813) srli    a6, zero, 15
core   0: 3 0x80000af8 (0x00f05813) x16 0x00000000
core   0: 0x80000afc (0xff910d03) lb      s10, -7(sp)
core   0: 3 0x80000afc (0xff910d03) x26 0x00000000 mem 0x80010f53
core   0: 0x80000b00 (0x000080c9) c.srli  s1, 18
core   0: 3 0x80000b00 (0x80c9) x9  0x00000000
core   0: 0x80000b02 (0x02e9a033) mulhsu  zero, s3, a4
core   0: 3 0x80000b02 (0x02e9a033)
core   0: 0x80000b06 (0x011a7633) and     a2, s4, a7
core   0: 3 0x80000b06 (0x011a7633) x12 0x7022e000
core   0: 0x80000b0a (0x40570cb3) sub     s9, a4, t0
core   0: 3 0x80000b0a (0x40570cb3) x25 0x00000000
core   0: 0x80000b0e (0x01f107a3) sb      t6, 15(sp)
core   0: 3 0x80000b0e (0x01f107a3) mem 0x80010f69 0x00
core   0: 0x80000b12 (0xffc10203) lb      tp, -4(sp)
core   0: 3 0x80000b12 (0xffc10203) x4  0x00000000 mem 0x80010f56
core   0: 0x80000b16 (0x00a10503) lb      a0, 10(sp)
core   0: 3 0x80000b16 (0x00a10503) x10 0x00000000 mem 0x80010f64
core   0: 0x80000b1a (0x00714c83) lbu     s9, 7(sp)
core   0: 3 0x80000b1a (0x00714c83) x25 0x00000000 mem 0x80010f61
core   0: 0x80000b1e (0x00008f86) c.mv    t6, ra
core   0: 3 0x80000b1e (0x8f86) x31 0x00000000
core   0: 0x80000b20 (0x00008cf9) c.and   s1, a4
core   0: 3 0x80000b20 (0x8cf9) x9  0x00000000
core   0: 0x80000b22 (0x34005373) csrrwi  t1, mscratch, 0
core   0: 3 0x80000b22 (0x34005373) x6  0x00000000 c832_mscratch 0x00000000
core   0: 0x80000b26 (0xffd10a03) lb      s4, -3(sp)
core   0: 3 0x80000b26 (0xffd10a03) x20 0x00000000 mem 0x80010f57
core   0: 0x80000b2a (0x01e10423) sb      t5, 8(sp)
core   0: 3 0x80000b2a (0x01e10423) mem 0x80010f62 0x00
core   0: 0x80000b2e (0x00b14003) lbu     zero, 11(sp)
core   0: 3 0x80000b2e (0x00b14003) mem 0x80010f65
core   0: 0x80000b32 (0x0086c0b3) xor     ra, a3, s0
core   0: 3 0x80000b32 (0x0086c0b3) x1  0xf0a6efc1
core   0: 0x80000b36 (0x00005cfd) c.li    s9, -1
core   0: 3 0x80000b36 (0x5cfd) x25 0xffffffff
core   0: 0x80000b38 (0x340910f3) csrrw   ra, mscratch, s2
core   0: 3 0x80000b38 (0x340910f3) x1  0x00000000 c832_mscratch 0x0000032b
core   0: 0x80000b3c (0x7cf39297) auipc   t0, 0x7cf39
core   0: 3 0x80000b3c (0x7cf39297) x5  0xfcf39b3c
core   0: 0x80000b40 (0x41630533) sub     a0, t1, s6
core   0: 3 0x80000b40 (0x41630533) x10 0x00000000
core   0: 0x80000b44 (0x016102a3) sb      s6, 5(sp)
core   0: 3 0x80000b44 (0x016102a3) mem 0x80010f5f 0x00
core   0: 0x80000b48 (0x007100a3) sb      t2, 1(sp)
core   0: 3 0x80000b48 (0x007100a3) mem 0x80010f5b 0x01
core   0: 0x80000b4c (0x00015817) auipc   a6, 0x15
core   0: 3 0x80000b4c (0x00015817) x16 0x80015b4c
core   0: 0x80000b50 (0x2da80813) addi    a6, a6, 730
core   0: 3 0x80000b50 (0x2da80813) x16 0x80015e26
core   0: 0x80000b54 (0x008801a3) sb      s0, 3(a6)
core   0: 3 0x80000b54 (0x008801a3) mem 0x80015e29 0xc1
core   0: 0x80000b58 (0x34099673) csrrw   a2, mscratch, s3
core   0: 3 0x80000b58 (0x34099673) x12 0x0000032b c832_mscratch 0x00000000
core   0: 0x80000b5c (0x0000567d) c.li    a2, -1
core   0: 3 0x80000b5c (0x567d) x12 0xffffffff
core   0: 0x80000b5e (0x00009ce2) c.add   s9, s8
core   0: 3 0x80000b5e (0x9ce2) x25 0x80025ea3
core   0: 0x80000b60 (0x029bdfb3) divu    t6, s7, s1
core   0: 3 0x80000b60 (0x029bdfb3) x31 0xffffffff
core   0: 0x80000b64 (0x415a8ab3) sub     s5, s5, s5
core   0: 3 0x80000b64 (0x415a8ab3) x21 0x00000000
core   0: 0x80000b68 (0x00000001) c.nop
core   0: 3 0x80000b68 (0x0001)
core   0: 0x80000b6a (0xd8dee593) ori     a1, t4, -627
core   0: 3 0x80000b6a (0xd8dee593) x11 0xfffffdad
core   0: 0x80000b6e (0x00f84d03) lbu     s10, 15(a6)
core   0: 3 0x80000b6e (0x00f84d03) x26 0x00000000 mem 0x80015e35
core   0: 0x80000b72 (0x00980d03) lb      s10, 9(a6)
core   0: 3 0x80000b72 (0x00980d03) x26 0x00000000 mem 0x80015e2f
core   0: 0x80000b76 (0x00084a03) lbu     s4, 0(a6)
core   0: 3 0x80000b76 (0x00084a03) x20 0x00000000 mem 0x80015e26
core   0: 0x80000b7a (0x5b1cb013) sltiu   zero, s9, 1457
core   0: 3 0x80000b7a (0x5b1cb013)
core   0: 0x80000b7e (0xfe780aa3) sb      t2, -11(a6)
core   0: 3 0x80000b7e (0xfe780aa3) mem 0x80015e1b 0x01
core   0: 0x80000b82 (0x01028733) add     a4, t0, a6
core   0: 3 0x80000b82 (0x01028733) x14 0x7cf4f962
core   0: 0x80000b86 (0x00784203) lbu     tp, 7(a6)
core   0: 3 0x80000b86 (0x00784203) x4  0x00000000 mem 0x80015e2d
core   0: 0x80000b8a (0x4033dd33) sra     s10, t2, gp
core   0: 3 0x80000b8a (0x4033dd33) x26 0x00000000
core   0: 0x80000b8e (0x00f800a3) sb      a5, 1(a6)
core   0: 3 0x80000b8e (0x00f800a3) mem 0x80015e27 0x00
core   0: 0x80000b92 (0x3403fb73) csrrci  s6, mscratch, 7
core   0: 3 0x80000b92 (0x3403fb73) x22 0x00000000 c832_mscratch 0x00000000
core   0: 0x80000b96 (0x00925213) srli    tp, tp, 9
core   0: 3 0x80000b96 (0x00925213) x4  0x00000000
core   0: 0x80000b9a (0x47454d17) auipc   s10, 0x47454
core   0: 3 0x80000b9a (0x47454d17) x26 0xc7454b9a
core   0: 0x80000b9e (0x00008f7d) c.and   a4, a5
core   0: 3 0x80000b9e (0x8f7d) x14 0x00000000
core   0: 0x80000ba0 (0xffe82f03) lw      t5, -2(a6)
core   0: 3 0x80000ba0 (0xffe82f03) x30 0x00000000 mem 0x80015e24
core   0: 0x80000ba4 (0xffc80003) lb      zero, -4(a6)
core   0: 3 0x80000ba4 (0xffc80003) mem 0x80015e22
core   0: 0x80000ba8 (0x029c9fb3) mulh    t6, s9, s1
core   0: 3 0x80000ba8 (0x029c9fb3) x31 0x00000000
core   0: 0x80000bac (0x71ffbe13) sltiu   t3, t6, 1823
core   0: 3 0x80000bac (0x71ffbe13) x28 0x00000001
core   0: 0x80000bb0 (0x00184103) lbu     sp, 1(a6)
core   0: 3 0x80000bb0 (0x00184103) x2  0x00000000 mem 0x80015e27
core   0: 0x80000bb4 (0x00684c83) lbu     s9, 6(a6)
core   0: 3 0x80000bb4 (0x00684c83) x25 0x00000000 mem 0x80015e2c
core   0: 0x80000bb8 (0xff281383) lh      t2, -14(a6)
core   0: 3 0x80000bb8 (0xff281383) x7  0x00000000 mem 0x80015e18
core   0: 0x80000bbc (0x0000557d) c.li    a0, -1
core   0: 3 0x80000bbc (0x557d) x10 0xffffffff
core   0: 0x80000bbe (0x0ff0000f) fence   iorw,iorw
core   0: 3 0x80000bbe (0x0ff0000f)
core   0: 0x80000bc2 (0x00000366) c.slli  t1, 25
core   0: 3 0x80000bc2 (0x0366) x6  0x00000000
core   0: 0x80000bc4 (0x00c85383) lhu     t2, 12(a6)
core   0: 3 0x80000bc4 (0x00c85383) x7  0x00000000 mem 0x80015e32
core   0: 0x80000bc8 (0x00008edd) c.or    a3, a5
core   0: 3 0x80000bc8 (0x8edd) x13 0x00000000
core   0: 0x80000bca (0x00006959) c.lui   s2, 0x16
core   0: 3 0x80000bca (0x6959) x18 0x00016000
core   0: 0x80000bcc (0x0000823a) c.mv    tp, a4
core   0: 3 0x80000bcc (0x823a) x4  0x00000000
core   0: 0x80000bce (0x34027073) csrci   mscratch, 4
core   0: 3 0x80000bce (0x34027073) c832_mscratch 0x00000000
core   0: 0x80000bd2 (0x01b801a3) sb      s11, 3(a6)
core   0: 3 0x80000bd2 (0x01b801a3) mem 0x80015e29 0x00
core   0: 0x80000bd6 (0xefe86713) ori     a4, a6, -258
core   0: 3 0x80000bd6 (0xefe86713) x14 0xfffffefe
core   0: 0x80000bda (0x40c10133) sub     sp, sp, a2
core   0: 3 0x80000bda (0x40c10133) x2  0x00000001
core   0: 0x80000bde (0xfec82b23) sw      a2, -10(a6)
core   0: 3 0x80000bde (0xfec82b23) mem 0x80015e1c 0xffffffff
core   0: 0x80000be2 (0x41605233) sra     tp, zero, s6
core   0: 3 0x80000be2 (0x41605233) x4  0x00000000
core   0: 0x80000be6 (0x00280823) sb      sp, 16(a6)
core   0: 3 0x80000be6 (0x00280823) mem 0x80015e36 0x01
core   0: 0x80000bea (0x3403a3f3) csrrs   t2, mscratch, t2
core   0: 3 0x80000bea (0x3403a3f3) x7  0x00000000 c832_mscratch 0x00000000
core   0: 0x80000bee (0x0000961a) c.add   a2, t1
core   0: 3 0x80000bee (0x961a) x12 0xffffffff
core   0: 0x80000bf0 (0x016805a3) sb      s6, 11(a6)
core   0: 3 0x80000bf0 (0x016805a3) mem 0x80015e31 0x00
core   0: 0x80000bf4 (0x00010117) auipc   sp, 0x10
core   0: 3 0x80000bf4 (0x00010117) x2  0x80010bf4
core   0: 0x80000bf8 (0x24f10113) addi    sp, sp, 591
core   0: 3 0x80000bf8 (0x24f10113) x2  0x80010e43
core   0: 0x80000bfc (0x01f170b3) and     ra, sp, t6
core   0: 3 0x80000bfc (0x01f170b3) x1  0x00000000
core   0: 0x80000c00 (0x40dcdc93) srai    s9, s9, 13
core   0: 3 0x80000c00 (0x40dcdc93) x25 0x00000000
core   0: 0x80000c04 (0xec410a83) lb      s5, -316(sp)
core   0: 3 0x80000c04 (0xec410a83) x21 0x00000000 mem 0x80010d07
core   0: 0x80000c08 (0x14314383) lbu     t2, 323(sp)
core   0: 3 0x80000c08 (0x14314383) x7  0x00000000 mem 0x80010f86
core   0: 0x80000c0c (0x00008ea1) c.xor   a3, s0
core   0: 3 0x80000c0c (0x8ea1) x13 0xf0a6efc1
core   0: 0x80000c0e (0x40a25bb3) sra     s7, tp, a0
core   0: 3 0x80000c0e (0x40a25bb3) x23 0x00000000
core   0: 0x80000c12 (0x0000937e) c.add   t1, t6
core   0: 3 0x80000c12 (0x937e) x6  0x00000000
core   0: 0x80000c14 (0x0ef14c83) lbu     s9, 239(sp)
core   0: 3 0x80000c14 (0x0ef14c83) x25 0x00000000 mem 0x80010f32
core   0: 0x80000c18 (0x000088cd) c.andi  s1, 19
core   0: 3 0x80000c18 (0x88cd) x9  0x00000000
core   0: 0x80000c1a (0x00000001) c.nop
core   0: 3 0x80000c1a (0x0001)
core   0: 0x80000c1c (0x95310683) lb      a3, -1709(sp)
core   0: 3 0x80000c1c (0x95310683) x13 0x00000000 mem 0x80010796
core   0: 0x80000c20 (0x000051fd) c.li    gp, -1
core   0: 3 0x80000c20 (0x51fd) x3  0xffffffff
core   0: 0x80000c22 (0xeca34a93) xori    s5, t1, -310
core   0: 3 0x80000c22 (0xeca34a93) x21 0xfffffeca
core   0: 0x80000c26 (0x12115583) lhu     a1, 289(sp)
core   0: 3 0x80000c26 (0x12115583) x11 0x00000000 mem 0x80010f64
core   0: 0x80000c2a (0x403f5593) srai    a1, t5, 3
core   0: 3 0x80000c2a (0x403f5593) x11 0x00000000
core   0: 0x80000c2e (0x02715e03) lhu     t3, 39(sp)
core   0: 3 0x80000c2e (0x02715e03) x28 0x00000000 mem 0x80010e6a
core   0: 0x80000c32 (0x0153d933) srl     s2, t2, s5
core   0: 3 0x80000c32 (0x0153d933) x18 0x00000000
core   0: 0x80000c36 (0x00008ab9) c.andi  a3, 14
core   0: 3 0x80000c36 (0x8ab9) x13 0x00000000
core   0: 0x80000c38 (0x0ec10583) lb      a1, 236(sp)
core   0: 3 0x80000c38 (0x0ec10583) x11 0x00000000 mem 0x80010f2f
core   0: 0x80000c3c (0x033dea33) rem     s4, s11, s3
core   0: 3 0x80000c3c (0x033dea33) x20 0x00000000
core   0: 0x80000c40 (0x00008ce1) c.and   s1, s0
core   0: 3 0x80000c40 (0x8ce1) x9  0x00000000
core   0: 0x80000c42 (0x0ff0000f) fence   iorw,iorw
core   0: 3 0x80000c42 (0x0ff0000f)
core   0: 0x80000c46 (0xc7414b83) lbu     s7, -908(sp)
core   0: 3 0x80000c46 (0xc7414b83) x23 0x00000000 mem 0x80010ab7
core   0: 0x80000c4a (0x0000821d) c.srli  a2, 7
core   0: 3 0x80000c4a (0x821d) x12 0x01ffffff
core   0: 0x80000c4c (0x14010623) sb      zero, 332(sp)
core   0: 3 0x80000c4c (0x14010623) mem 0x80010f8f 0x00
core   0: 0x80000c50 (0xdd5108a3) sb      s5, -559(sp)
core   0: 3 0x80000c50 (0xdd5108a3) mem 0x80010c14 0xca
core   0: 0x80000c54 (0x0000100f) fence.i
core   0: 3 0x80000c54 (0x0000100f)
core   0: 0x80000c58 (0x013ba233) slt     tp, s7, s3
core   0: 3 0x80000c58 (0x013ba233) x4  0x00000000
core   0: 0x80000c5c (0x000085dd) c.srai  a1, 23
core   0: 3 0x80000c5c (0x85dd) x11 0x00000000
core   0: 0x80000c5e (0x0217cbb3) div     s7, a5, ra
core   0: 3 0x80000c5e (0x0217cbb3) x23 0xffffffff
core   0: 0x80000c62 (0x41c75213) srai    tp, a4, 28
core   0: 3 0x80000c62 (0x41c75213) x4  0xffffffff
core   0: 0x80000c66 (0xb3714703) lbu     a4, -1225(sp)
core   0: 3 0x80000c66 (0xb3714703) x14 0x00000000 mem 0x8001097a
core   0: 0x80000c6a (0x84c14983) lbu     s3, -1972(sp)
core   0: 3 0x80000c6a (0x84c14983) x19 0x00000000 mem 0x8001068f
core   0: 0x80000c6e (0xdafd0b13) addi    s6, s10, -593
core   0: 3 0x80000c6e (0xdafd0b13) x22 0xc7454949
core   0: 0x80000c72 (0x03be4233) div     tp, t3, s11
core   0: 3 0x80000c72 (0x03be4233) x4  0xffffffff
core   0: 0x80000c76 (0x41bf5913) srai    s2, t5, 27
core   0: 3 0x80000c76 (0x41bf5913) x18 0x00000000
core   0: 0x80000c7a (0x00260d33) add     s10, a2, sp
core   0: 3 0x80000c7a (0x00260d33) x26 0x82010e42
core   0: 0x80000c7e (0x01dc5313) srli    t1, s8, 29
core   0: 3 0x80000c7e (0x01dc5313) x6  0x00000004
core   0: 0x80000c82 (0x0ff0000f) fence   iorw,iorw
core   0: 3 0x80000c82 (0x0ff0000f)
core   0: 0x80000c86 (0x03c10703) lb      a4, 60(sp)
core   0: 3 0x80000c86 (0x03c10703) x14 0x00000000 mem 0x80010e7f
core   0: 0x80000c8a (0x00008e05) c.sub   a2, s1
core   0: 3 0x80000c8a (0x8e05) x12 0x01ffffff
core   0: 0x80000c8c (0x3400e4f3) csrrsi  s1, mscratch, 1
core   0: 3 0x80000c8c (0x3400e4f3) x9  0x00000000 c832_mscratch 0x00000001
core   0: 0x80000c90 (0x40a95a93) srai    s5, s2, 10
core   0: 3 0x80000c90 (0x40a95a93) x21 0x00000000
core   0: 0x80000c94 (0x95515783) lhu     a5, -1707(sp)
core   0: 3 0x80000c94 (0x95515783) x15 0x00000000 mem 0x80010798
core   0: 0x80000c98 (0x00018117) auipc   sp, 0x18
core   0: 3 0x80000c98 (0x00018117) x2  0x80018c98
core   0: 0x80000c9c (0xbe010113) addi    sp, sp, -1056
core   0: 3 0x80000c9c (0xbe010113) x2  0x80018878
core   0: 0x80000ca0 (0x0af10ea3) sb      a5, 189(sp)
core   0: 3 0x80000ca0 (0x0af10ea3) mem 0x80018935 0x00
core   0: 0x80000ca4 (0x00005fe6) c.lwsp  t6, 120(sp)
core   0: 3 0x80000ca4 (0x5fe6) x31 0x00000000 mem 0x800188f0
core   0: 0x80000ca6 (0x00008db9) c.xor   a1, a4
core   0: 3 0x80000ca6 (0x8db9) x11 0x00000000
core   0: 0x80000ca8 (0x00710723) sb      t2, 14(sp)
core   0: 3 0x80000ca8 (0x00710723) mem 0x80018886 0x00
core   0: 0x80000cac (0x34007673) csrrci  a2, mscratch, 0
core   0: 3 0x80000cac (0x34007673) x12 0x00000001
core   0: 0x80000cb0 (0x000094c6) c.add   s1, a7
core   0: 3 0x80000cb0 (0x94c6) x9  0x7f32f000
core   0: 0x80000cb2 (0xff410283) lb      t0, -12(sp)
core   0: 3 0x80000cb2 (0xff410283) x5  0x00000000 mem 0x8001886c
core   0: 0x80000cb6 (0xf78109a3) sb      s8, -141(sp)
core   0: 3 0x80000cb6 (0xf78109a3) mem 0x800187eb 0xa4
core   0: 0x80000cba (0xfa310803) lb      a6, -93(sp)
core   0: 3 0x80000cba (0xfa310803) x16 0x00000000 mem 0x8001881b
core   0: 0x80000cbe (0xfc612823) sw      t1, -48(sp)
core   0: 3 0x80000cbe (0xfc612823) mem 0x80018848 0x00000004
core   0: 0x80000cc2 (0xf8510283) lb      t0, -123(sp)
core   0: 3 0x80000cc2 (0xf8510283) x5  0x00000000 mem 0x800187fd
core   0: 0x80000cc6 (0x34011df3) csrrw   s11, mscratch, sp
core   0: 3 0x80000cc6 (0x34011df3) x27 0x00000001 c832_mscratch 0x80018878
core   0: 0x80000cca (0x34007973) csrrci  s2, mscratch, 0
core   0: 3 0x80000cca (0x34007973) x18 0x80018878
core   0: 0x80000cce (0x0000081a) c.slli  a6, 6
core   0: 3 0x80000cce (0x081a) x16 0x00000000
core   0: 0x80000cd0 (0x00005b92) c.lwsp  s7, 36(sp)
core   0: 3 0x80000cd0 (0x5b92) x23 0x00000000 mem 0x8001889c
core   0: 0x80000cd2 (0xf4211023) sh      sp, -192(sp)
core   0: 3 0x80000cd2 (0xf4211023) mem 0x800187b8 0x8878
core   0: 0x80000cd6 (0x65986093) ori     ra, a6, 1625
core   0: 3 0x80000cd6 (0x65986093) x1  0x00000659
core   0: 0x80000cda (0xfe714703) lbu     a4, -25(sp)
core   0: 3 0x80000cda (0xfe714703) x14 0x00000000 mem 0x8001885f
core   0: 0x80000cde (0xf1e10583) lb      a1, -226(sp)
core   0: 3 0x80000cde (0xf1e10583) x11 0x00000000 mem 0x80018796
core   0: 0x80000ce2 (0xfec10903) lb      s2, -20(sp)
core   0: 3 0x80000ce2 (0xfec10903) x18 0x00000000 mem 0x80018864
core   0: 0x80000ce6 (0x00008d49) c.or    a0, a0
core   0: 3 0x80000ce6 (0x8d49) x10 0xffffffff
core   0: 0x80000ce8 (0x01079033) sll     zero, a5, a6
core   0: 3 0x80000ce8 (0x01079033)
core   0: 0x80000cec (0xfff14a03) lbu     s4, -1(sp)
core   0: 3 0x80000cec (0xfff14a03) x20 0x00000000 mem 0x80018877
core   0: 0x80000cf0 (0xfa410e03) lb      t3, -92(sp)
core   0: 3 0x80000cf0 (0xfa410e03) x28 0x00000000 mem 0x8001881c
core   0: 0x80000cf4 (0x025855b3) divu    a1, a6, t0
core   0: 3 0x80000cf4 (0x025855b3) x11 0xffffffff
core   0: 0x80000cf8 (0xc40c6f13) ori     t5, s8, -960
core   0: 3 0x80000cf8 (0xc40c6f13) x30 0xfffffee4
core   0: 0x80000cfc (0x05510283) lb      t0, 85(sp)
core   0: 3 0x80000cfc (0x05510283) x5  0x00000000 mem 0x800188cd
core   0: 0x80000d00 (0xf0c11d23) sh      a2, -230(sp)
core   0: 3 0x80000d00 (0xf0c11d23) mem 0x80018792 0x0001
core   0: 0x80000d04 (0xf1610b03) lb      s6, -234(sp)
core   0: 3 0x80000d04 (0xf1610b03) x22 0x00000000 mem 0x8001878e
core   0: 0x80000d08 (0xf5211683) lh      a3, -174(sp)
core   0: 3 0x80000d08 (0xf5211683) x13 0x00000000 mem 0x800187ca
core   0: 0x80000d0c (0x06b10283) lb      t0, 107(sp)
core   0: 3 0x80000d0c (0x06b10283) x5  0x00000000 mem 0x800188e3
core   0: 0x80000d10 (0xf9014183) lbu     gp, -112(sp)
core   0: 3 0x80000d10 (0xf9014183) x3  0x00000000 mem 0x80018808
core   0: 0x80000d14 (0x00004d11) c.li    s10, 4
core   0: 3 0x80000d14 (0x4d11) x26 0x00000004
core   0: 0x80000d16 (0x0f610b83) lb      s7, 246(sp)
core   0: 3 0x80000d16 (0x0f610b83) x23 0x00000000 mem 0x8001896e
core   0: 0x80000d1a (0x0ff0000f) fence   iorw,iorw
core   0: 3 0x80000d1a (0x0ff0000f)
core   0: 0x80000d1e (0x00d4d713) srli    a4, s1, 13
core   0: 3 0x80000d1e (0x00d4d713) x14 0x0003f997
core   0: 0x80000d22 (0xf6b10a03) lb      s4, -149(sp)
core   0: 3 0x80000d22 (0xf6b10a03) x20 0x00000000 mem 0x800187e3
core   0: 0x80000d26 (0x0fd14383) lbu     t2, 253(sp)
core   0: 3 0x80000d26 (0x0fd14383) x7  0x00000000 mem 0x80018975
core   0: 0x80000d2a (0x000085f9) c.srai  a1, 30
core   0: 3 0x80000d2a (0x85f9) x11 0xffffffff
core   0: 0x80000d2c (0x0ff0000f) fence   iorw,iorw
core   0: 3 0x80000d2c (0x0ff0000f)
core   0: 0x80000d30 (0xf7c10523) sb      t3, -150(sp)
core   0: 3 0x80000d30 (0xf7c10523) mem 0x800187e2 0x00
core   0: 0x80000d34 (0x00014297) auipc   t0, 0x14
core   0: 3 0x80000d34 (0x00014297) x5  0x80014d34
core   0: 0x80000d38 (0x73f28293) addi    t0, t0, 1855
core   0: 3 0x80000d38 (0x73f28293) x5  0x80015473
core   0: 0x80000d3c (0x3a0283a3) sb      zero, 935(t0)
core   0: 3 0x80000d3c (0x3a0283a3) mem 0x8001581a 0x00
core   0: 0x80000d40 (0x01be1013) slli    zero, t3, 27
core   0: 3 0x80000d40 (0x01be1013)
core   0: 0x80000d44 (0xae42cd03) lbu     s10, -1308(t0)
core   0: 3 0x80000d44 (0xae42cd03) x26 0x00000000 mem 0x80014f57
core   0: 0x80000d48 (0x1632c983) lbu     s3, 355(t0)
core   0: 3 0x80000d48 (0x1632c983) x19 0x00000000 mem 0x800155d6
core   0: 0x80000d4c (0xe2929683) lh      a3, -471(t0)
core   0: 3 0x80000d4c (0xe2929683) x13 0x00000000 mem 0x8001529c
core   0: 0x80000d50 (0x9a52a183) lw      gp, -1627(t0)
core   0: 3 0x80000d50 (0x9a52a183) x3  0x00000000 mem 0x80014e18
core   0: 0x80000d54 (0xf5728a23) sb      s7, -172(t0)
core   0: 3 0x80000d54 (0xf5728a23) mem 0x800153c7 0x00
core   0: 0x80000d58 (0x0000537d) c.li    t1, -1
core   0: 3 0x80000d58 (0x537d) x6  0xffffffff
core   0: 0x80000d5a (0x340f21f3) csrrs   gp, mscratch, t5
core   0: 3 0x80000d5a (0x340f21f3) x3  0x80018878 c832_mscratch 0xfffffefc
core   0: 0x80000d5e (0x79828023) sb      s8, 1920(t0)
core   0: 3 0x80000d5e (0x79828023) mem 0x80015bf3 0xa4
core   0: 0x80000d62 (0x00000001) c.nop
core   0: 3 0x80000d62 (0x0001)
core   0: 0x80000d64 (0xaeb0a313) slti    t1, ra, -1301
core   0: 3 0x80000d64 (0xaeb0a313) x6  0x00000000
core   0: 0x80000d68 (0x0ff0000f) fence   iorw,iorw
core   0: 3 0x80000d68 (0x0ff0000f)
core   0: 0x80000d6c (0x97f2c883) lbu     a7, -1665(t0)
core   0: 3 0x80000d6c (0x97f2c883) x17 0x00000000 mem 0x80014df2
core   0: 0x80000d70 (0x022493b3) mulh    t2, s1, sp
core   0: 3 0x80000d70 (0x022493b3) x7  0xc0674b01
core   0: 0x80000d74 (0xd2e28903) lb      s2, -722(t0)
core   0: 3 0x80000d74 (0xd2e28903) x18 0x00000000 mem 0x800151a1
core   0: 0x80000d78 (0x81e28523) sb      t5, -2038(t0)
core   0: 3 0x80000d78 (0x81e28523) mem 0x80014c7d 0xe4
core   0: 0x80000d7c (0x6692aca3) sw      s1, 1657(t0)
core   0: 3 0x80000d7c (0x6692aca3) mem 0x80015aec 0x7f32f000
core   0: 0x80000d80 (0x4152c383) lbu     t2, 1045(t0)
core   0: 3 0x80000d80 (0x4152c383) x7  0x00000000 mem 0x80015888
core   0: 0x80000d84 (0x99b29683) lh      a3, -1637(t0)
core   0: 3 0x80000d84 (0x99b29683) x13 0x00000000 mem 0x80014e0e
core   0: 0x80000d88 (0x00000485) c.addi  s1, 1
core   0: 3 0x80000d88 (0x0485) x9  0x7f32f001
core   0: 0x80000d8a (0x1754c713) xori    a4, s1, 373
core   0: 3 0x80000d8a (0x1754c713) x14 0x7f32f174
core   0: 0x80000d8e (0x62729503) lh      a0, 1575(t0)
core   0: 3 0x80000d8e (0x62729503) x10 0x00000000 mem 0x80015a9a
core   0: 0x80000d92 (0x001308b3) add     a7, t1, ra
core   0: 3 0x80000d92 (0x001308b3) x17 0x00000659
core   0: 0x80000d96 (0x000065d9) c.lui   a1, 0x16
core   0: 3 0x80000d96 (0x65d9) x11 0x00016000
core   0: 0x80000d98 (0x006cf833) and     a6, s9, t1
core   0: 3 0x80000d98 (0x006cf833) x16 0x00000000
core   0: 0x80000d9c (0x3407a5f3) csrrs   a1, mscratch, a5
core   0: 3 0x80000d9c (0x3407a5f3) x11 0xfffffefc c832_mscratch 0xfffffefc
core   0: 0x80000da0 (0x1852d003) lhu     zero, 389(t0)
core   0: 3 0x80000da0 (0x1852d003) mem 0x800155f8
core   0: 0x80000da4 (0xa7129503) lh      a0, -1423(t0)
core   0: 3 0x80000da4 (0xa7129503) x10 0x00000000 mem 0x80014ee4
core   0: 0x80000da8 (0x00012a17) auipc   s4, 0x12
core   0: 3 0x80000da8 (0x00012a17) x20 0x80012da8
core   0: 0x80000dac (0x27ba0a13) addi    s4, s4, 635
core   0: 3 0x80000dac (0x27ba0a13) x20 0x80013023
core   0: 0x80000db0 (0xffda28a3) sw      t4, -15(s4)
core   0: 3 0x80000db0 (0xffda28a3) mem 0x80013014 0x80029d24
core   0: 0x80000db4 (0x02887933) remu    s2, a6, s0
core   0: 3 0x80000db4 (0x02887933) x18 0x00000000
core   0: 0x80000db8 (0xff2a0083) lb      ra, -14(s4)
core   0: 3 0x80000db8 (0xff2a0083) x1  0xffffff9d mem 0x80013015
core   0: 0x80000dbc (0x011a0423) sb      a7, 8(s4)
core   0: 3 0x80000dbc (0x011a0423) mem 0x8001302b 0x59
core   0: 0x80000dc0 (0x0000110c) c.addi4spn a1, sp, 160
core   0: 3 0x80000dc0 (0x110c) x11 0x80018918
core   0: 0x80000dc2 (0x00f922b3) slt     t0, s2, a5
core   0: 3 0x80000dc2 (0x00f922b3) x5  0x00000000
core   0: 0x80000dc6 (0x006a4d83) lbu     s11, 6(s4)
core   0: 3 0x80000dc6 (0x006a4d83) x27 0x00000000 mem 0x80013029
core   0: 0x80000dca (0xff4a0823) sb      s4, -16(s4)
core   0: 3 0x80000dca (0xff4a0823) mem 0x80013013 0x23
core   0: 0x80000dce (0xf7fa4213) xori    tp, s4, -129
core   0: 3 0x80000dce (0xf7fa4213) x4  0x7ffecf5c
core   0: 0x80000dd2 (0x012748b3) xor     a7, a4, s2
core   0: 3 0x80000dd2 (0x012748b3) x17 0x7f32f174
core   0: 0x80000dd6 (0x016c5213) srli    tp, s8, 22
core   0: 3 0x80000dd6 (0x016c5213) x4  0x00000200
core   0: 0x80000dda (0x012a10a3) sh      s2, 1(s4)
core   0: 3 0x80000dda (0x012a10a3) mem 0x80013024 0x0000
core   0: 0x80000dde (0x340354f3) csrrwi  s1, mscratch, 6
core   0: 3 0x80000dde (0x340354f3) x9  0xfffffefc c832_mscratch 0x00000006
core   0: 0x80000de2 (0x00da1803) lh      a6, 13(s4)
core   0: 3 0x80000de2 (0x00da1803) x16 0x00000000 mem 0x80013030
core   0: 0x80000de6 (0xffba4083) lbu     ra, -5(s4)
core   0: 3 0x80000de6 (0xffba4083) x1  0x00000000 mem 0x8001301e
core   0: 0x80000dea (0x000005ee) c.slli  a1, 27
core   0: 3 0x80000dea (0x05ee) x11 0xc0000000
core   0: 0x80000dec (0x00000108) c.addi4spn a0, sp, 128
core   0: 3 0x80000dec (0x0108) x10 0x800188f8
core   0: 0x80000dee (0x00006779) c.lui   a4, 0x1e
core   0: 3 0x80000dee (0x6779) x14 0x0001e000
core   0: 0x80000df0 (0x77224893) xori    a7, tp, 1906
core   0: 3 0x80000df0 (0x77224893) x17 0x00000572
core   0: 0x80000df4 (0x002a0083) lb      ra, 2(s4)
core   0: 3 0x80000df4 (0x002a0083) x1  0x00000000 mem 0x80013025
core   0: 0x80000df8 (0x015a0423) sb      s5, 8(s4)
core   0: 3 0x80000df8 (0x015a0423) mem 0x8001302b 0x00
core   0: 0x80000dfc (0x006a4983) lbu     s3, 6(s4)
core   0: 3 0x80000dfc (0x006a4983) x19 0x00000000 mem 0x80013029
core   0: 0x80000e00 (0xff8a4b03) lbu     s6, -8(s4)
core   0: 3 0x80000e00 (0xff8a4b03) x22 0x00000000 mem 0x8001301b
core   0: 0x80000e04 (0x028c5db3) divu    s11, s8, s0
core   0: 3 0x80000e04 (0x028c5db3) x27 0x00000000
core   0: 0x80000e08 (0x0000100f) fence.i
core   0: 3 0x80000e08 (0x0000100f)
core   0: 0x80000e0c (0x006a4f03) lbu     t5, 6(s4)
core   0: 3 0x80000e0c (0x006a4f03) x30 0x00000000 mem 0x80013029
core   0: 0x80000e10 (0x039041b3) div     gp, zero, s9
core   0: 3 0x80000e10 (0x039041b3) x3  0xffffffff
core   0: 0x80000e14 (0x002a4803) lbu     a6, 2(s4)
core   0: 3 0x80000e14 (0x002a4803) x16 0x00000000 mem 0x80013025
core   0: 0x80000e18 (0x00006129) c.addi16sp sp, 192
core   0: 3 0x80000e18 (0x6129) x2  0x80018938
core   0: 0x80000e1a (0xffda0923) sb      t4, -14(s4)
core   0: 3 0x80000e1a (0xffda0923) mem 0x80013015 0x24
core   0: 0x80000e1e (0x40e606b3) sub     a3, a2, a4
core   0: 3 0x80000e1e (0x40e606b3) x13 0xfffe2001
core   0: 0x80000e22 (0xff9a4783) lbu     a5, -7(s4)
core   0: 3 0x80000e22 (0xff9a4783) x15 0x00000000 mem 0x8001301c
core   0: 0x80000e26 (0x0032b2b3) sltu    t0, t0, gp
core   0: 3 0x80000e26 (0x0032b2b3) x5  0x00000001
core   0: 0x80000e2a (0x40490d33) sub     s10, s2, tp
core   0: 3 0x80000e2a (0x40490d33) x26 0xfffffe00
core   0: 0x80000e2e (0x010ffab3) and     s5, t6, a6
core   0: 3 0x80000e2e (0x010ffab3) x21 0x00000000
core   0: 0x80000e32 (0x00008125) c.srli  a0, 9
core   0: 3 0x80000e32 (0x8125) x10 0x004000c4
core   0: 0x80000e34 (0x01ea0023) sb      t5, 0(s4)
core   0: 3 0x80000e34 (0x01ea0023) mem 0x80013023 0x00
core   0: 0x80000e38 (0x004a4683) lbu     a3, 4(s4)
core   0: 3 0x80000e38 (0x004a4683) x13 0x00000000 mem 0x80013027
core   0: 0x80000e3c (0x0152fd33) and     s10, t0, s5
core   0: 3 0x80000e3c (0x0152fd33) x26 0x00000000
core   0: 0x80000e40 (0xfffa0fa3) sb      t6, -1(s4)
core   0: 3 0x80000e40 (0xfffa0fa3) mem 0x80013022 0x00
core   0: 0x80000e44 (0x00000a84) c.addi4spn s1, sp, 336
core   0: 3 0x80000e44 (0x0a84) x9  0x80018a88
core   0: 0x80000e46 (0x007a0003) lb      zero, 7(s4)
core   0: 3 0x80000e46 (0x007a0003) mem 0x8001302a
core   0: 0x80000e4a (0xffca0e03) lb      t3, -4(s4)
core   0: 3 0x80000e4a (0xffca0e03) x28 0x00000000 mem 0x8001301f
core   0: 0x80000e4e (0x00006161) c.addi16sp sp, 80
core   0: 3 0x80000e4e (0x6161) x2  0x80018988
core   0: 0x80000e50 (0xff1a5e03) lhu     t3, -15(s4)
core   0: 3 0x80000e50 (0xff1a5e03) x28 0x00002424 mem 0x80013014
core   0: 0x80000e54 (0xffca0c23) sb      t3, -8(s4)
core   0: 3 0x80000e54 (0xffca0c23) mem 0x8001301b 0x24
core   0: 0x80000e58 (0x0001b117) auipc   sp, 0x1b
core   0: 3 0x80000e58 (0x0001b117) x2  0x8001be58
core   0: 0x80000e5c (0xfd710113) addi    sp, sp, -41
core   0: 3 0x80000e5c (0xfd710113) x2  0x8001be2f
core   0: 0x80000e60 (0xff810aa3) sb      s8, -11(sp)
core   0: 3 0x80000e60 (0xff810aa3) mem 0x8001be24 0xa4
core   0: 0x80000e64 (0x6110c397) auipc   t2, 0x6110c
core   0: 3 0x80000e64 (0x6110c397) x7  0xe110ce64
core   0: 0x80000e68 (0xff210fa3) sb      s2, -1(sp)
core   0: 3 0x80000e68 (0xff210fa3) mem 0x8001be2e 0x00
core   0: 0x80000e6c (0x01674ab3) xor     s5, a4, s6
core   0: 3 0x80000e6c (0x01674ab3) x21 0x0001e000
core   0: 0x80000e70 (0x00008e29) c.xor   a2, a0
core   0: 3 0x80000e70 (0x8e29) x12 0x004000c5
core   0: 0x80000e72 (0x007109a3) sb      t2, 19(sp)
core   0: 3 0x80000e72 (0x007109a3) mem 0x8001be42 0x64
core   0: 0x80000e76 (0x03710683) lb      a3, 55(sp)
core   0: 3 0x80000e76 (0x03710683) x13 0x00000000 mem 0x8001be66
core   0: 0x80000e7a (0x000061a1) c.lui   gp, 0x8
core   0: 3 0x80000e7a (0x61a1) x3  0x00008000
core   0: 0x80000e7c (0x340a92f3) csrrw   t0, mscratch, s5
core   0: 3 0x80000e7c (0x340a92f3) x5  0x00000006 c832_mscratch 0x0001e000
core   0: 0x80000e80 (0xfde10c83) lb      s9, -34(sp)
core   0: 3 0x80000e80 (0xfde10c83) x25 0x00000000 mem 0x8001be0d
core   0: 0x80000e84 (0x00009bfd) c.andi  a5, -1
core   0: 3 0x80000e84 (0x9bfd) x15 0x00000000
core   0: 0x80000e86 (0x024ecb33) div     s6, t4, tp
core   0: 3 0x80000e86 (0x024ecb33) x22 0xffc0014f
core   0: 0x80000e8a (0x02d3e333) rem     t1, t2, a3
core   0: 3 0x80000e8a (0x02d3e333) x6  0xe110ce64
core   0: 0x80000e8e (0x02510683) lb      a3, 37(sp)
core   0: 3 0x80000e8e (0x02510683) x13 0x00000000 mem 0x8001be54
core   0: 0x80000e92 (0x0ff0000f) fence   iorw,iorw
core   0: 3 0x80000e92 (0x0ff0000f)
core   0: 0x80000e96 (0xfcb11983) lh      s3, -53(sp)
core   0: 3 0x80000e96 (0xfcb11983) x19 0x00000000 mem 0x8001bdfa
core   0: 0x80000e9a (0x0000997d) c.andi  a0, -1
core   0: 3 0x80000e9a (0x997d) x10 0x004000c4
core   0: 0x80000e9c (0x000096b6) c.add   a3, a3
core   0: 3 0x80000e9c (0x96b6) x13 0x00000000
core   0: 0x80000e9e (0x00000001) c.nop
core   0: 3 0x80000e9e (0x0001)
core   0: 0x80000ea0 (0xfec10fa3) sb      a2, -1(sp)
core   0: 3 0x80000ea0 (0xfec10fa3) mem 0x8001be2e 0xc5
core   0: 0x80000ea4 (0x03010a03) lb      s4, 48(sp)
core   0: 3 0x80000ea4 (0x03010a03) x20 0x00000000 mem 0x8001be5f
core   0: 0x80000ea8 (0x01111283) lh      t0, 17(sp)
core   0: 3 0x80000ea8 (0x01111283) x5  0x00000000 mem 0x8001be40
core   0: 0x80000eac (0x004982b3) add     t0, s3, tp
core   0: 3 0x80000eac (0x004982b3) x5  0x00000200
core   0: 0x80000eb0 (0x0ff0000f) fence   iorw,iorw
core   0: 3 0x80000eb0 (0x0ff0000f)
core   0: 0x80000eb4 (0x340074f3) csrrci  s1, mscratch, 0
core   0: 3 0x80000eb4 (0x340074f3) x9  0x0001e000
core   0: 0x80000eb8 (0xfcd113a3) sh      a3, -57(sp)
core   0: 3 0x80000eb8 (0xfcd113a3) mem 0x8001bdf6 0x0000
core   0: 0x80000ebc (0x01410c23) sb      s4, 24(sp)
core   0: 3 0x80000ebc (0x01410c23) mem 0x8001be47 0x00
core   0: 0x80000ec0 (0x0000f197) auipc   gp, 0xf
core   0: 3 0x80000ec0 (0x0000f197) x3  0x8000fec0
core   0: 0x80000ec4 (0x20f18193) addi    gp, gp, 527
core   0: 3 0x80000ec4 (0x20f18193) x3  0x800100cf
core   0: 0x80000ec8 (0x0f11a703) lw      a4, 241(gp)
core   0: 3 0x80000ec8 (0x0f11a703) x14 0x00000000 mem 0x800101c0
core   0: 0x80000ecc (0x00a2a133) slt     sp, t0, a0
core   0: 3 0x80000ecc (0x00a2a133) x2  0x00000001
core   0: 0x80000ed0 (0x00005afd) c.li    s5, -1
core   0: 3 0x80000ed0 (0x5afd) x21 0xffffffff
core   0: 0x80000ed2 (0x34081073) csrw    mscratch, a6
core   0: 3 0x80000ed2 (0x34081073) c832_mscratch 0x00000000
core   0: 0x80000ed6 (0x0191c283) lbu     t0, 25(gp)
core   0: 3 0x80000ed6 (0x0191c283) x5  0x00000000 mem 0x800100e8
core   0: 0x80000eda (0x0e3195a3) sh      gp, 235(gp)
core   0: 3 0x80000eda (0x0e3195a3) mem 0x800101ba 0x00cf
core   0: 0x80000ede (0xfe11a383) lw      t2, -31(gp)
core   0: 3 0x80000ede (0xfe11a383) x7  0x00000000 mem 0x800100b0
core   0: 0x80000ee2 (0x00000001) c.nop
core   0: 3 0x80000ee2 (0x0001)
core   0: 0x80000ee4 (0xfc118523) sb      ra, -54(gp)
core   0: 3 0x80000ee4 (0xfc118523) mem 0x80010099 0x00
core   0: 0x80000ee8 (0xfa818f83) lb      t6, -88(gp)
core   0: 3 0x80000ee8 (0xfa818f83) x31 0x00000000 mem 0x80010077
core   0: 0x80000eec (0x0000093a) c.slli  s2, 14
core   0: 3 0x80000eec (0x093a) x18 0x00000000
core   0: 0x80000eee (0xfd218703) lb      a4, -46(gp)
core   0: 3 0x80000eee (0xfd218703) x14 0x00000000 mem 0x800100a1
core   0: 0x80000ef2 (0x0011c983) lbu     s3, 1(gp)
core   0: 3 0x80000ef2 (0x0011c983) x19 0x00000000 mem 0x800100d0
core   0: 0x80000ef6 (0x000069c5) c.lui   s3, 0x11
core   0: 3 0x80000ef6 (0x69c5) x19 0x00011000
core   0: 0x80000ef8 (0x00000001) c.nop
core   0: 3 0x80000ef8 (0x0001)
core   0: 0x80000efa (0x08618423) sb      t1, 136(gp)
core   0: 3 0x80000efa (0x08618423) mem 0x80010157 0x64
core   0: 0x80000efe (0x00049533) sll     a0, s1, zero
core   0: 3 0x80000efe (0x00049533) x10 0x0001e000
core   0: 0x80000f02 (0x0ff0000f) fence   iorw,iorw
core   0: 3 0x80000f02 (0x0ff0000f)
core   0: 0x80000f06 (0xfc518223) sb      t0, -60(gp)
core   0: 3 0x80000f06 (0xfc518223) mem 0x80010093 0x00
core   0: 0x80000f0a (0xf8218003) lb      zero, -126(gp)
core   0: 3 0x80000f0a (0xf8218003) mem 0x80010051
core   0: 0x80000f0e (0x000000c2) c.slli  ra, 16
core   0: 3 0x80000f0e (0x00c2) x1  0x00000000
core   0: 0x80000f10 (0x34007173) csrrci  sp, mscratch, 0
core   0: 3 0x80000f10 (0x34007173) x2  0x00000000
core   0: 0x80000f14 (0x09118223) sb      a7, 132(gp)
core   0: 3 0x80000f14 (0x09118223) mem 0x80010153 0x72
core   0: 0x80000f18 (0xfeb196a3) sh      a1, -19(gp)
core   0: 3 0x80000f18 (0xfeb196a3) mem 0x800100bc 0x0000
core   0: 0x80000f1c (0x0f8189a3) sb      s8, 243(gp)
core   0: 3 0x80000f1c (0x0f8189a3) mem 0x800101c2 0xa4
core   0: 0x80000f20 (0x00db16b3) sll     a3, s6, a3
core   0: 3 0x80000f20 (0x00db16b3) x13 0xffc0014f
core   0: 0x80000f24 (0x00001290) c.addi4spn a2, sp, 352
core   0: 3 0x80000f24 (0x1290) x12 0x00000160
core   0: 0x80000f26 (0x00000001) c.nop
core   0: 3 0x80000f26 (0x0001)
core   0: 0x80000f28 (0x023ef7b3) remu    a5, t4, gp
core   0: 3 0x80000f28 (0x023ef7b3) x15 0x00019c55
core   0: 0x80000f2c (0x00008ee5) c.and   a3, s1
core   0: 3 0x80000f2c (0x8ee5) x13 0x00000000
core   0: 0x80000f2e (0x05e19ea3) sh      t5, 93(gp)
core   0: 3 0x80000f2e (0x05e19ea3) mem 0x8001012c 0x0000
core   0: 0x80000f32 (0xfa618b03) lb      s6, -90(gp)
core   0: 3 0x80000f32 (0xfa618b03) x22 0x00000000 mem 0x80010075
core   0: 0x80000f36 (0x08719c83) lh      s9, 135(gp)
core   0: 3 0x80000f36 (0x08719c83) x25 0x00006400 mem 0x80010156
core   0: 0x80000f3a (0x34007673) csrrci  a2, mscratch, 0
core   0: 3 0x80000f3a (0x34007673) x12 0x00000000
core   0: 0x80000f3e (0xfc51d083) lhu     ra, -59(gp)
core   0: 3 0x80000f3e (0xfc51d083) x1  0x00000000 mem 0x80010094
core   0: 0x80000f42 (0x000004a6) c.slli  s1, 9
core   0: 3 0x80000f42 (0x04a6) x9  0x03c00000
core   0: 0x80000f44 (0x0ff0000f) fence   iorw,iorw
core   0: 3 0x80000f44 (0x0ff0000f)
core   0: 0x80000f48 (0xf8c18983) lb      s3, -116(gp)
core   0: 3 0x80000f48 (0xf8c18983) x19 0x00000000 mem 0x8001005b
core   0: 0x80000f4c (0x00008fb1) c.xor   a5, a2
core   0: 3 0x80000f4c (0x8fb1) x15 0x00019c55
core   0: 0x80000f4e (0x01d4c8b3) xor     a7, s1, t4
core   0: 3 0x80000f4e (0x01d4c8b3) x17 0x83c29d24
core   0: 0x80000f52 (0x010e7fb3) and     t6, t3, a6
core   0: 3 0x80000f52 (0x010e7fb3) x31 0x00000000
core   0: 0x80000f56 (0xfd11d383) lhu     t2, -47(gp)
core   0: 3 0x80000f56 (0xfd11d383) x7  0x00000000 mem 0x800100a0
core   0: 0x80000f5a (0x00001e1c) c.addi4spn a5, sp, 816
core   0: 3 0x80000f5a (0x1e1c) x15 0x00000330
core   0: 0x80000f5c (0x0b11c803) lbu     a6, 177(gp)
core   0: 3 0x80000f5c (0x0b11c803) x16 0x00000000 mem 0x80010180
core   0: 0x80000f60 (0x0ff18fa3) sb      t6, 255(gp)
core   0: 3 0x80000f60 (0x0ff18fa3) mem 0x800101ce 0x00
core   0: 0x80000f64 (0x00001f0c) c.addi4spn a1, sp, 944
core   0: 3 0x80000f64 (0x1f0c) x11 0x000003b0
core   0: 0x80000f66 (0x00008d15) c.sub   a0, a3
core   0: 3 0x80000f66 (0x8d15) x10 0x0001e000
core   0: 0x80000f68 (0x1744c337) lui     t1, 0x1744c
core   0: 3 0x80000f68 (0x1744c337) x6  0x1744c000
core   0: 0x80000f6c (0x05e18583) lb      a1, 94(gp)
core   0: 3 0x80000f6c (0x05e18583) x11 0x00000000 mem 0x8001012d
core   0: 0x80000f70 (0x0058bd33) sltu    s10, a7, t0
core   0: 3 0x80000f70 (0x0058bd33) x26 0x00000000
core   0: 0x80000f74 (0x70382937) lui     s2, 0x70382
core   0: 3 0x80000f74 (0x70382937) x18 0x70382000
core   0: 0x80000f78 (0x0df18783) lb      a5, 223(gp)
core   0: 3 0x80000f78 (0x0df18783) x15 0x00000000 mem 0x800101ae
core   0: 0x80000f7c (0x02b06133) rem     sp, zero, a1
core   0: 3 0x80000f7c (0x02b06133) x2  0x00000000
core   0: 0x80000f80 (0xfe31c983) lbu     s3, -29(gp)
core   0: 3 0x80000f80 (0xfe31c983) x19 0x00000000 mem 0x800100b2
core   0: 0x80000f84 (0x00018697) auipc   a3, 0x18
core   0: 3 0x80000f84 (0x00018697) x13 0x80018f84
core   0: 0x80000f88 (0x02c68693) addi    a3, a3, 44
core   0: 3 0x80000f88 (0x02c68693) x13 0x80018fb0
core   0: 0x80000f8c (0x61669a83) lh      s5, 1558(a3)
core   0: 3 0x80000f8c (0x61669a83) x21 0x00000000 mem 0x800195c6
core   0: 0x80000f90 (0x00001b0c) c.addi4spn a1, sp, 432
core   0: 3 0x80000f90 (0x1b0c) x11 0x000001b0
core   0: 0x80000f92 (0x1d26d883) lhu     a7, 466(a3)
core   0: 3 0x80000f92 (0x1d26d883) x17 0x00000000 mem 0x80019182
core   0: 0x80000f96 (0x75c68203) lb      tp, 1884(a3)
core   0: 3 0x80000f96 (0x75c68203) x4  0x00000000 mem 0x8001970c
core   0: 0x80000f9a (0xbb7682a3) sb      s7, -1115(a3)
core   0: 3 0x80000f9a (0xbb7682a3) mem 0x80018b55 0x00
core   0: 0x80000f9e (0xfa668623) sb      t1, -84(a3)
core   0: 3 0x80000f9e (0xfa668623) mem 0x80018f5c 0x00
core   0: 0x80000fa2 (0x00008f6d) c.and   a4, a1
core   0: 3 0x80000fa2 (0x8f6d) x14 0x00000000
core   0: 0x80000fa4 (0x00009e66) c.add   t3, s9
core   0: 3 0x80000fa4 (0x9e66) x28 0x00008824
core   0: 0x80000fa6 (0x020ae3b3) rem     t2, s5, zero
core   0: 3 0x80000fa6 (0x020ae3b3) x7  0x00000000
core   0: 0x80000faa (0x00000001) c.nop
core   0: 3 0x80000faa (0x0001)
core   0: 0x80000fac (0x00008cdd) c.or    s1, a5
core   0: 3 0x80000fac (0x8cdd) x9  0x03c00000
core   0: 0x80000fae (0x00006115) c.addi16sp sp, 288
core   0: 3 0x80000fae (0x6115) x2  0x00000120
core   0: 0x80000fb0 (0x0000577d) c.li    a4, -1
core   0: 3 0x80000fb0 (0x577d) x14 0xffffffff
core   0: 0x80000fb2 (0xb5b344b7) lui     s1, 0xb5b34
core   0: 3 0x80000fb2 (0xb5b344b7) x9  0xb5b34000
core   0: 0x80000fb6 (0x0ff0000f) fence   iorw,iorw
core   0: 3 0x80000fb6 (0x0ff0000f)
core   0: 0x80000fba (0x00009ba6) c.add   s7, s1
core   0: 3 0x80000fba (0x9ba6) x23 0xb5b34000
core   0: 0x80000fbc (0x5ef6ca03) lbu     s4, 1519(a3)
core   0: 3 0x80000fbc (0x5ef6ca03) x20 0x00000000 mem 0x8001959f
core   0: 0x80000fc0 (0x6ee6c603) lbu     a2, 1774(a3)
core   0: 3 0x80000fc0 (0x6ee6c603) x12 0x00000000 mem 0x8001969e
core   0: 0x80000fc4 (0x009fff33) and     t5, t6, s1
core   0: 3 0x80000fc4 (0x009fff33) x30 0x00000000
core   0: 0x80000fc8 (0xd958cb97) auipc   s7, 0xd958c
core   0: 3 0x80000fc8 (0xd958cb97) x23 0x5958cfc8
core   0: 0x80000fcc (0x0e468203) lb      tp, 228(a3)
core   0: 3 0x80000fcc (0x0e468203) x4  0x00000000 mem 0x80019094
core   0: 0x80000fd0 (0x0000935e) c.add   t1, s7
core   0: 3 0x80000fd0 (0x935e) x6  0x709d8fc8
core   0: 0x80000fd2 (0x01e4efb3) or      t6, s1, t5
core   0: 3 0x80000fd2 (0x01e4efb3) x31 0xb5b34000
core   0: 0x80000fd6 (0xf486a803) lw      a6, -184(a3)
core   0: 3 0x80000fd6 (0xf486a803) x16 0x00000000 mem 0x80018ef8
core   0: 0x80000fda (0x0000100f) fence.i
core   0: 3 0x80000fda (0x0000100f)
core   0: 0x80000fde (0x95f68d03) lb      s10, -1697(a3)
core   0: 3 0x80000fde (0x95f68d03) x26 0x00000000 mem 0x8001890f
core   0: 0x80000fe2 (0x1d26c583) lbu     a1, 466(a3)
core   0: 3 0x80000fe2 (0x1d26c583) x11 0x00000000 mem 0x80019182
core   0: 0x80000fe6 (0xb4656113) ori     sp, a0, -1210
core   0: 3 0x80000fe6 (0xb4656113) x2  0xfffffb46
core   0: 0x80000fea (0x011792b3) sll     t0, a5, a7
core   0: 3 0x80000fea (0x011792b3) x5  0x00000000
core   0: 0x80000fee (0x0000100f) fence.i
core   0: 3 0x80000fee (0x0000100f)
core   0: 0x80000ff2 (0x8a36c603) lbu     a2, -1885(a3)
core   0: 3 0x80000ff2 (0x8a36c603) x12 0x00000000 mem 0x80018853
core   0: 0x80000ff6 (0x0000f897) auipc   a7, 0xf
core   0: 3 0x80000ff6 (0x0000f897) x17 0x8000fff6
core   0: 0x80000ffa (0x20888893) addi    a7, a7, 520
core   0: 3 0x80000ffa (0x20888893) x17 0x800101fe
core   0: 0x80000ffe (0xff08ca03) lbu     s4, -16(a7)
core   0: 3 0x80000ffe (0xff08ca03) x20 0x00000000 mem 0x800101ee
core   0: 0x80001002 (0xff388a23) sb      s3, -12(a7)
core   0: 3 0x80001002 (0xff388a23) mem 0x800101f2 0x00
core   0: 0x80001006 (0x00000001) c.nop
core   0: 3 0x80001006 (0x0001)
core   0: 0x80001008 (0x7ece6e13) ori     t3, t3, 2028
core   0: 3 0x80001008 (0x7ece6e13) x28 0x00008fec
core   0: 0x8000100c (0xfff888a3) sb      t6, -15(a7)
core   0: 3 0x8000100c (0xfff888a3) mem 0x800101ef 0x00
core   0: 0x80001010 (0x0088db03) lhu     s6, 8(a7)
core   0: 3 0x80001010 (0x0088db03) x22 0x00000000 mem 0x80010206
core   0: 0x80001014 (0x00b88f03) lb      t5, 11(a7)
core   0: 3 0x80001014 (0x00b88f03) x30 0x00000000 mem 0x80010209
core   0: 0x80001018 (0xfe388ba3) sb      gp, -9(a7)
core   0: 3 0x80001018 (0xfe388ba3) mem 0x800101f5 0xcf
core   0: 0x8000101c (0x00188523) sb      ra, 10(a7)
core   0: 3 0x8000101c (0x00188523) mem 0x80010208 0x00
core   0: 0x80001020 (0x01d88023) sb      t4, 0(a7)
core   0: 3 0x80001020 (0x01d88023) mem 0x800101fe 0x24
core   0: 0x80001024 (0xfeb89f23) sh      a1, -2(a7)
core   0: 3 0x80001024 (0xfeb89f23) mem 0x800101fc 0x0000
core   0: 0x80001028 (0x00008e89) c.sub   a3, a0
core   0: 3 0x80001028 (0x8e89) x13 0x7fffafb0
core   0: 0x8000102a (0x00488483) lb      s1, 4(a7)
core   0: 3 0x8000102a (0x00488483) x9  0x00000000 mem 0x80010202
core   0: 0x8000102e (0xff88c203) lbu     tp, -8(a7)
core   0: 3 0x8000102e (0xff88c203) x4  0x00000000 mem 0x800101f6
core   0: 0x80001032 (0xfff8c683) lbu     a3, -1(a7)
core   0: 3 0x80001032 (0xfff8c683) x13 0x00000000 mem 0x800101fd
core   0: 0x80001036 (0xfff8c783) lbu     a5, -1(a7)
core   0: 3 0x80001036 (0xfff8c783) x15 0x00000000 mem 0x800101fd
core   0: 0x8000103a (0xff08d183) lhu     gp, -16(a7)
core   0: 3 0x8000103a (0xff08d183) x3  0x00000000 mem 0x800101ee
core   0: 0x8000103e (0x000056fd) c.li    a3, -1
core   0: 3 0x8000103e (0x56fd) x13 0xffffffff
core   0: 0x80001040 (0xfe488a23) sb      tp, -12(a7)
core   0: 3 0x80001040 (0xfe488a23) mem 0x800101f2 0x00
core   0: 0x80001044 (0xd632ae13) slti    t3, t0, -669
core   0: 3 0x80001044 (0xd632ae13) x28 0x00000000
core   0: 0x80001048 (0x023952b3) divu    t0, s2, gp
core   0: 3 0x80001048 (0x023952b3) x5  0xffffffff
core   0: 0x8000104c (0x70486197) auipc   gp, 0x70486
core   0: 3 0x8000104c (0x70486197) x3  0xf048704c
core   0: 0x80001050 (0x0048c983) lbu     s3, 4(a7)
core   0: 3 0x80001050 (0x0048c983) x19 0x00000000 mem 0x80010202
core   0: 0x80001054 (0x5fa9ae17) auipc   t3, 0x5fa9a
core   0: 3 0x80001054 (0x5fa9ae17) x28 0xdfa9b054
core   0: 0x80001058 (0x00eade13) srli    t3, s5, 14
core   0: 3 0x80001058 (0x00eade13) x28 0x00000000
core   0: 0x8000105c (0x4039d613) srai    a2, s3, 3
core   0: 3 0x8000105c (0x4039d613) x12 0x00000000
core   0: 0x80001060 (0x00000a85) c.addi  s5, 1
core   0: 3 0x80001060 (0x0a85) x21 0x00000001
core   0: 0x80001062 (0x00b886a3) sb      a1, 13(a7)
core   0: 3 0x80001062 (0x00b886a3) mem 0x8001020b 0x00
core   0: 0x80001066 (0xea65ab17) auipc   s6, 0xea65a
core   0: 3 0x80001066 (0xea65ab17) x22 0x6a65b066
core   0: 0x8000106a (0xff13e997) auipc   s3, 0xff13e
core   0: 3 0x8000106a (0xff13e997) x19 0x7f13f06a
core   0: 0x8000106e (0x0ff0000f) fence   iorw,iorw
core   0: 3 0x8000106e (0x0ff0000f)
core   0: 0x80001072 (0xff089003) lh      zero, -16(a7)
core   0: 3 0x80001072 (0xff089003) mem 0x800101ee
core   0: 0x80001076 (0xffc89503) lh      a0, -4(a7)
core   0: 3 0x80001076 (0xffc89503) x10 0x00000000 mem 0x800101fa
core   0: 0x8000107a (0x036003b3) mul     t2, zero, s6
core   0: 3 0x8000107a (0x036003b3) x7  0x00000000
core   0: 0x8000107e (0x0058c503) lbu     a0, 5(a7)
core   0: 3 0x8000107e (0x0058c503) x10 0x00000000 mem 0x80010203
core   0: 0x80001082 (0x0ff0000f) fence   iorw,iorw
core   0: 3 0x80001082 (0x0ff0000f)
core   0: 0x80001086 (0xffa8d103) lhu     sp, -6(a7)
core   0: 3 0x80001086 (0xffa8d103) x2  0x00000000 mem 0x800101f8
core   0: 0x8000108a (0x632be993) ori     s3, s7, 1586
core   0: 3 0x8000108a (0x632be993) x19 0x5958cffa
core   0: 0x8000108e (0x0038c183) lbu     gp, 3(a7)
core   0: 3 0x8000108e (0x0038c183) x3  0x00000000 mem 0x80010201
core   0: 0x80001092 (0x34003e73) csrrc   t3, mscratch, zero
core   0: 3 0x80001092 (0x34003e73) x28 0x00000000
core   0: 0x80001096 (0x0028dc83) lhu     s9, 2(a7)
core   0: 3 0x80001096 (0x0028dc83) x25 0x00000000 mem 0x80010200
core   0: 0x8000109a (0x000089c1) c.andi  a1, 16
core   0: 3 0x8000109a (0x89c1) x11 0x00000000
core   0: 0x8000109c (0x0746fa93) andi    s5, a3, 116
core   0: 3 0x8000109c (0x0746fa93) x21 0x00000074
core   0: 0x800010a0 (0x0098c603) lbu     a2, 9(a7)
core   0: 3 0x800010a0 (0x0098c603) x12 0x00000000 mem 0x80010207
core   0: 0x800010a4 (0x00008a2e) c.mv    s4, a1
core   0: 3 0x800010a4 (0x8a2e) x20 0x00000000
core   0: 0x800010a6 (0x00f88083) lb      ra, 15(a7)
core   0: 3 0x800010a6 (0x00f88083) x1  0x00000000 mem 0x8001020d
core   0: 0x800010aa (0x00008c8d) c.sub   s1, a1
core   0: 3 0x800010aa (0x8c8d) x9  0x00000000
core   0: 0x800010ac (0x0008d803) lhu     a6, 0(a7)
core   0: 3 0x800010ac (0x0008d803) x16 0x00000024 mem 0x800101fe
core   0: 0x800010b0 (0x00689483) lh      s1, 6(a7)
core   0: 3 0x800010b0 (0x00689483) x9  0x00000000 mem 0x80010204
core   0: 0x800010b4 (0x00088823) sb      zero, 16(a7)
core   0: 3 0x800010b4 (0x00088823) mem 0x8001020e 0x00
core   0: 0x800010b8 (0x00020d17) auipc   s10, 0x20
core   0: 3 0x800010b8 (0x00020d17) x26 0x800210b8
core   0: 0x800010bc (0x8cbd0d13) addi    s10, s10, -1845
core   0: 3 0x800010bc (0x8cbd0d13) x26 0x80020983
core   0: 0x800010c0 (0x00cd4103) lbu     sp, 12(s10)
core   0: 3 0x800010c0 (0x00cd4103) x2  0x00000000 mem 0x8002098f
core   0: 0x800010c4 (0x027d6ab3) rem     s5, s10, t2
core   0: 3 0x800010c4 (0x027d6ab3) x21 0x80020983
core   0: 0x800010c8 (0x9dabe713) ori     a4, s7, -1574
core   0: 3 0x800010c8 (0x9dabe713) x14 0xffffffda
core   0: 0x800010cc (0x00008ccd) c.or    s1, a1
core   0: 3 0x800010cc (0x8ccd) x9  0x00000000
core   0: 0x800010ce (0x0000717d) c.addi16sp sp, -16
core   0: 3 0x800010ce (0x717d) x2  0xfffffff0
core   0: 0x800010d0 (0x002349b3) xor     s3, t1, sp
core   0: 3 0x800010d0 (0x002349b3) x19 0x8f627038
core   0: 0x800010d4 (0xff1d4583) lbu     a1, -15(s10)
core   0: 3 0x800010d4 (0xff1d4583) x11 0x00000000 mem 0x80020974
core   0: 0x800010d8 (0xff4d0703) lb      a4, -12(s10)
core   0: 3 0x800010d8 (0xff4d0703) x14 0x00000000 mem 0x80020977
core   0: 0x800010dc (0x40b489b3) sub     s3, s1, a1
core   0: 3 0x800010dc (0x40b489b3) x19 0x00000000
core   0: 0x800010e0 (0x00cd4b03) lbu     s6, 12(s10)
core   0: 3 0x800010e0 (0x00cd4b03) x22 0x00000000 mem 0x8002098f
core   0: 0x800010e4 (0xffdd0d23) sb      t4, -6(s10)
core   0: 3 0x800010e4 (0xffdd0d23) mem 0x8002097d 0x24
core   0: 0x800010e8 (0xff9d0e03) lb      t3, -7(s10)
core   0: 3 0x800010e8 (0xff9d0e03) x28 0x00000000 mem 0x8002097c
core   0: 0x800010ec (0x004d0c83) lb      s9, 4(s10)
core   0: 3 0x800010ec (0x004d0c83) x25 0x00000000 mem 0x80020987
core   0: 0x800010f0 (0xff7d5b83) lhu     s7, -9(s10)
core   0: 3 0x800010f0 (0xff7d5b83) x23 0x00000000 mem 0x8002097a
core   0: 0x800010f4 (0x00223e33) sltu    t3, tp, sp
core   0: 3 0x800010f4 (0x00223e33) x28 0x00000001
core   0: 0x800010f8 (0xfefd0fa3) sb      a5, -1(s10)
core   0: 3 0x800010f8 (0xfefd0fa3) mem 0x80020982 0x00
core   0: 0x800010fc (0x001d5f03) lhu     t5, 1(s10)
core   0: 3 0x800010fc (0x001d5f03) x30 0x00000000 mem 0x80020984
core   0: 0x80001100 (0x004d0303) lb      t1, 4(s10)
core   0: 3 0x80001100 (0x004d0303) x6  0x00000000 mem 0x80020987
core   0: 0x80001104 (0x00ed4903) lbu     s2, 14(s10)
core   0: 3 0x80001104 (0x00ed4903) x18 0x00000000 mem 0x80020991
core   0: 0x80001108 (0x01ef0833) add     a6, t5, t5
core   0: 3 0x80001108 (0x01ef0833) x16 0x00000000
core   0: 0x8000110c (0xffad0f03) lb      t5, -6(s10)
core   0: 3 0x8000110c (0xffad0f03) x30 0x00000024 mem 0x8002097d
core   0: 0x80001110 (0x005d0023) sb      t0, 0(s10)
core   0: 3 0x80001110 (0x005d0023) mem 0x80020983 0xff
core   0: 0x80001114 (0x007d4183) lbu     gp, 7(s10)
core   0: 3 0x80001114 (0x007d4183) x3  0x00000000 mem 0x8002098a
core   0: 0x80001118 (0x000d0b03) lb      s6, 0(s10)
core   0: 3 0x80001118 (0x000d0b03) x22 0xffffffff mem 0x80020983
core   0: 0x8000111c (0x035752b3) divu    t0, a4, s5
core   0: 3 0x8000111c (0x035752b3) x5  0x00000000
core   0: 0x80001120 (0x00ad0603) lb      a2, 10(s10)
core   0: 3 0x80001120 (0x00ad0603) x12 0x00000000 mem 0x8002098d
core   0: 0x80001124 (0xff0d0003) lb      zero, -16(s10)
core   0: 3 0x80001124 (0xff0d0003) mem 0x80020973
core   0: 0x80001128 (0x00000001) c.nop
core   0: 3 0x80001128 (0x0001)
core   0: 0x8000112a (0xffad4f83) lbu     t6, -6(s10)
core   0: 3 0x8000112a (0xffad4f83) x31 0x00000024 mem 0x8002097d
core   0: 0x8000112e (0x000d4003) lbu     zero, 0(s10)
core   0: 3 0x8000112e (0x000d4003) mem 0x80020983
core   0: 0x80001132 (0xfedd0923) sb      a3, -14(s10)
core   0: 3 0x80001132 (0xfedd0923) mem 0x80020975 0xff
core   0: 0x80001136 (0x019d01a3) sb      s9, 3(s10)
core   0: 3 0x80001136 (0x019d01a3) mem 0x80020986 0x00
core   0: 0x8000113a (0x002d0223) sb      sp, 4(s10)
core   0: 3 0x8000113a (0x002d0223) mem 0x80020987 0xf0
core   0: 0x8000113e (0x0317f2b3) remu    t0, a5, a7
core   0: 3 0x8000113e (0x0317f2b3) x5  0x00000000
core   0: 0x80001142 (0xfe1d1ba3) sh      ra, -9(s10)
core   0: 3 0x80001142 (0xfe1d1ba3) mem 0x8002097a 0x0000
core   0: 0x80001146 (0x010cf8b3) and     a7, s9, a6
core   0: 3 0x80001146 (0x010cf8b3) x17 0x00000000
core   0: 0x8000114a (0x02a72fb3) mulhsu  t6, a4, a0
core   0: 3 0x8000114a (0x02a72fb3) x31 0x00000000
core   0: 0x8000114e (0x0bf32593) slti    a1, t1, 191
core   0: 3 0x8000114e (0x0bf32593) x11 0x00000001
core   0: 0x80001152 (0xffed0903) lb      s2, -2(s10)
core   0: 3 0x80001152 (0xffed0903) x18 0x00000000 mem 0x80020981
core   0: 0x80001156 (0x340b7af3) csrrci  s5, mscratch, 22
core   0: 3 0x80001156 (0x340b7af3) x21 0x00000000 c832_mscratch 0x00000000
core   0: 0x8000115a (0x72903717) auipc   a4, 0x72903
core   0: 3 0x8000115a (0x72903717) x14 0xf290415a
core   0: 0x8000115e (0x00ed4683) lbu     a3, 14(s10)
core   0: 3 0x8000115e (0x00ed4683) x13 0x00000000 mem 0x80020991
core   0: 0x80001162 (0x40445a93) srai    s5, s0, 4
core   0: 3 0x80001162 (0x40445a93) x21 0xff0a6efc
core   0: 0x80001166 (0x0000028e) c.slli  t0, 3
core   0: 3 0x80001166 (0x028e) x5  0x00000000
core   0: 0x80001168 (0x00008745) c.srai  a4, 17
core   0: 3 0x80001168 (0x8745) x14 0xfffff948
core   0: 0x8000116a (0x00fd17a3) sh      a5, 15(s10)
core   0: 3 0x8000116a (0x00fd17a3) mem 0x80020992 0x0000
core   0: 0x8000116e (0x0353b4b3) mulhu   s1, t2, s5
core   0: 3 0x8000116e (0x0353b4b3) x9  0x00000000
core   0: 0x80001172 (0x00dd5283) lhu     t0, 13(s10)
core   0: 3 0x80001172 (0x00dd5283) x5  0x00000000 mem 0x80020990
core   0: 0x80001176 (0x000095b2) c.add   a1, a2
core   0: 3 0x80001176 (0x95b2) x11 0x00000001
core   0: 0x80001178 (0x00cd0883) lb      a7, 12(s10)
core   0: 3 0x80001178 (0x00cd0883) x17 0x00000000 mem 0x8002098f
core   0: 0x8000117c (0x00000001) c.nop
core   0: 3 0x8000117c (0x0001)
core   0: 0x8000117e (0xff1d1503) lh      a0, -15(s10)
core   0: 3 0x8000117e (0xff1d1503) x10 0xffffff00 mem 0x80020974
core   0: 0x80001182 (0x00010717) auipc   a4, 0x10
core   0: 3 0x80001182 (0x00010717) x14 0x80011182
core   0: 0x80001186 (0xa8270713) addi    a4, a4, -1406
core   0: 3 0x80001186 (0xa8270713) x14 0x80010c04
core   0: 0x8000118a (0x1b7c5897) auipc   a7, 0x1b7c5
core   0: 3 0x8000118a (0x1b7c5897) x17 0x9b7c618a
core   0: 0x8000118e (0x5830c493) xori    s1, ra, 1411
core   0: 3 0x8000118e (0x5830c493) x9  0x00000583
core   0: 0x80001192 (0xfe870523) sb      s0, -22(a4)
core   0: 3 0x80001192 (0xfe870523) mem 0x80010bee 0xc1
core   0: 0x80001196 (0x00574a03) lbu     s4, 5(a4)
core   0: 3 0x80001196 (0x00574a03) x20 0x00000000 mem 0x80010c09
core   0: 0x8000119a (0x0000c31c) c.sw    a5, 0(a4)
core   0: 3 0x8000119a (0xc31c) mem 0x80010c04 0x00000000
core   0: 0x8000119c (0xffe702a3) sb      t5, -27(a4)
core   0: 3 0x8000119c (0xffe702a3) mem 0x80010be9 0x24
core   0: 0x800011a0 (0x000083f1) c.srli  a5, 28
core   0: 3 0x800011a0 (0x83f1) x15 0x00000000
core   0: 0x800011a2 (0x00370ba3) sb      gp, 23(a4)
core   0: 3 0x800011a2 (0x00370ba3) mem 0x80010c1b 0x00
core   0: 0x800011a6 (0x340ad2f3) csrrwi  t0, mscratch, 21
core   0: 3 0x800011a6 (0x340ad2f3) x5  0x00000000 c832_mscratch 0x00000015
core   0: 0x800011aa (0x032676b3) remu    a3, a2, s2
core   0: 3 0x800011aa (0x032676b3) x13 0x00000000
core   0: 0x800011ae (0xff670603) lb      a2, -10(a4)
core   0: 3 0x800011ae (0xff670603) x12 0x00000000 mem 0x80010bfa
core   0: 0x800011b2 (0x00f70903) lb      s2, 15(a4)
core   0: 3 0x800011b2 (0x00f70903) x18 0x00000000 mem 0x80010c13
core   0: 0x800011b6 (0x7d6b2313) slti    t1, s6, 2006
core   0: 3 0x800011b6 (0x7d6b2313) x6  0x00000001
core   0: 0x800011ba (0xfc272023) sw      sp, -64(a4)
core   0: 3 0x800011ba (0xfc272023) mem 0x80010bc4 0xfffffff0
core   0: 0x800011be (0xfcb71b23) sh      a1, -42(a4)
core   0: 3 0x800011be (0xfcb71b23) mem 0x80010bda 0x0001
core   0: 0x800011c2 (0x00008891) c.andi  s1, 4
core   0: 3 0x800011c2 (0x8891) x9  0x00000000
core   0: 0x800011c4 (0xffd70f23) sb      t4, -2(a4)
core   0: 3 0x800011c4 (0xffd70f23) mem 0x80010c02 0x24
core   0: 0x800011c8 (0x00a703a3) sb      a0, 7(a4)
core   0: 3 0x800011c8 (0x00a703a3) mem 0x80010c0b 0x00
core   0: 0x800011cc (0x00b70483) lb      s1, 11(a4)
core   0: 3 0x800011cc (0x00b70483) x9  0x00000000 mem 0x80010c0f
core   0: 0x800011d0 (0x02075d83) lhu     s11, 32(a4)
core   0: 3 0x800011d0 (0x02075d83) x27 0x00000000 mem 0x80010c24
core   0: 0x800011d4 (0x00006555) c.lui   a0, 0x15
core   0: 3 0x800011d4 (0x6555) x10 0x00015000
core   0: 0x800011d6 (0x03f74b03) lbu     s6, 63(a4)
core   0: 3 0x800011d6 (0x03f74b03) x22 0x00000000 mem 0x80010c43
core   0: 0x800011da (0x03374803) lbu     a6, 51(a4)
core   0: 3 0x800011da (0x03374803) x16 0x00000000 mem 0x80010c37
core   0: 0x800011de (0xff470123) sb      s4, -30(a4)
core   0: 3 0x800011de (0xff470123) mem 0x80010be6 0x00
core   0: 0x800011e2 (0x024b7fb3) remu    t6, s6, tp
core   0: 3 0x800011e2 (0x024b7fb3) x31 0x00000000
core   0: 0x800011e6 (0xfc774283) lbu     t0, -57(a4)
core   0: 3 0x800011e6 (0xfc774283) x5  0x00000000 mem 0x80010bcb
core   0: 0x800011ea (0xfda704a3) sb      s10, -55(a4)
core   0: 3 0x800011ea (0xfda704a3) mem 0x80010bcd 0x83
core   0: 0x800011ee (0xffd70fa3) sb      t4, -1(a4)
core   0: 3 0x800011ee (0xffd70fa3) mem 0x80010c03 0x24
core   0: 0x800011f2 (0x9ca97513) andi    a0, s2, -1590
core   0: 3 0x800011f2 (0x9ca97513) x10 0x00000000
core   0: 0x800011f6 (0x03275503) lhu     a0, 50(a4)
core   0: 3 0x800011f6 (0x03275503) x10 0x00000000 mem 0x80010c36
core   0: 0x800011fa (0x00174e03) lbu     t3, 1(a4)
core   0: 3 0x800011fa (0x00174e03) x28 0x00000000 mem 0x80010c05
core   0: 0x800011fe (0x02071a83) lh      s5, 32(a4)
core   0: 3 0x800011fe (0x02071a83) x21 0x00000000 mem 0x80010c24
core   0: 0x80001202 (0x00010297) auipc   t0, 0x10
core   0: 3 0x80001202 (0x00010297) x5  0x80011202
core   0: 0x80001206 (0xbf628293) addi    t0, t0, -1034
core   0: 3 0x80001206 (0xbf628293) x5  0x80010df8
core   0: 0x8000120a (0xe4752493) slti    s1, a0, -441
core   0: 3 0x8000120a (0xe4752493) x9  0x00000000
core   0: 0x8000120e (0xfee2cb03) lbu     s6, -18(t0)
core   0: 3 0x8000120e (0xfee2cb03) x22 0x00000000 mem 0x80010de6
core   0: 0x80001212 (0x025d06b3) mul     a3, s10, t0
core   0: 3 0x80001212 (0x025d06b3) x13 0xa5f7dde8
core   0: 0x80001216 (0x34003af3) csrrc   s5, mscratch, zero
core   0: 3 0x80001216 (0x34003af3) x21 0x00000015
core   0: 0x8000121a (0x0327ee33) rem     t3, a5, s2
core   0: 3 0x8000121a (0x0327ee33) x28 0x00000000
core   0: 0x8000121e (0x01a2d983) lhu     s3, 26(t0)
core   0: 3 0x8000121e (0x01a2d983) x19 0x00000000 mem 0x80010e12
core   0: 0x80001222 (0x000083ee) c.mv    t2, s11
core   0: 3 0x80001222 (0x83ee) x7  0x00000000
core   0: 0x80001224 (0x00c72733) slt     a4, a4, a2
core   0: 3 0x80001224 (0x00c72733) x14 0x00000001
core   0: 0x80001228 (0x0000475d) c.li    a4, 23
core   0: 3 0x80001228 (0x475d) x14 0x00000017
core   0: 0x8000122a (0xfd828923) sb      s8, -46(t0)
core   0: 3 0x8000122a (0xfd828923) mem 0x80010dca 0xa4
core   0: 0x8000122e (0xfdb2c383) lbu     t2, -37(t0)
core   0: 3 0x8000122e (0xfdb2c383) x7  0x00000000 mem 0x80010dd3
core   0: 0x80001232 (0x00008ce1) c.and   s1, s0
core   0: 3 0x80001232 (0x8ce1) x9  0x00000000
core   0: 0x80001234 (0x95322713) slti    a4, tp, -1709
core   0: 3 0x80001234 (0x95322713) x14 0x00000000
core   0: 0x80001238 (0x0000717d) c.addi16sp sp, -16
core   0: 3 0x80001238 (0x717d) x2  0xffffffe0
core   0: 0x8000123a (0x40ca5a93) srai    s5, s4, 12
core   0: 3 0x8000123a (0x40ca5a93) x21 0x00000000
core   0: 0x8000123e (0x0000100f) fence.i
core   0: 3 0x8000123e (0x0000100f)
core   0: 0x80001242 (0x01dbe133) or      sp, s7, t4
core   0: 3 0x80001242 (0x01dbe133) x2  0x80029d24
core   0: 0x80001246 (0x00008e39) c.xor   a2, a4
core   0: 3 0x80001246 (0x8e39) x12 0x00000000
core   0: 0x80001248 (0xfd42a703) lw      a4, -44(t0)
core   0: 3 0x80001248 (0xfd42a703) x14 0x00000000 mem 0x80010dcc
core   0: 0x8000124c (0x01329f23) sh      s3, 30(t0)
core   0: 3 0x8000124c (0x01329f23) mem 0x80010e16 0x0000
core   0: 0x80001250 (0xfcc2c783) lbu     a5, -52(t0)
core   0: 3 0x80001250 (0xfcc2c783) x15 0x00000000 mem 0x80010dc4
core   0: 0x80001254 (0x026f3333) mulhu   t1, t5, t1
core   0: 3 0x80001254 (0x026f3333) x6  0x00000000
core   0: 0x80001258 (0xfeb2c083) lbu     ra, -21(t0)
core   0: 3 0x80001258 (0xfeb2c083) x1  0x00000000 mem 0x80010de3
core   0: 0x8000125c (0x0022d603) lhu     a2, 2(t0)
core   0: 3 0x8000125c (0x0022d603) x12 0x00000000 mem 0x80010dfa
core   0: 0x80001260 (0x012284a3) sb      s2, 9(t0)
core   0: 3 0x80001260 (0x012284a3) mem 0x80010e01 0x00
core   0: 0x80001264 (0xfd22d383) lhu     t2, -46(t0)
core   0: 3 0x80001264 (0xfd22d383) x7  0x000000a4 mem 0x80010dca
core   0: 0x80001268 (0x0342cd03) lbu     s10, 52(t0)
core   0: 3 0x80001268 (0x0342cd03) x26 0x00000000 mem 0x80010e2c
core   0: 0x8000126c (0x03924cb3) div     s9, tp, s9
core   0: 3 0x8000126c (0x03924cb3) x25 0xffffffff
core   0: 0x80001270 (0x02b9dd33) divu    s10, s3, a1
core   0: 3 0x80001270 (0x02b9dd33) x26 0x00000000
core   0: 0x80001274 (0x0191df93) srli    t6, gp, 25
core   0: 3 0x80001274 (0x0191df93) x31 0x00000000
core   0: 0x80001278 (0xfe5287a3) sb      t0, -17(t0)
core   0: 3 0x80001278 (0xfe5287a3) mem 0x80010de7 0xf8
core   0: 0x8000127c (0x00009d3e) c.add   s10, a5
core   0: 3 0x8000127c (0x9d3e) x26 0x00000000
core   0: 0x8000127e (0x03328823) sb      s3, 48(t0)
core   0: 3 0x8000127e (0x03328823) mem 0x80010e28 0x00
core   0: 0x80001282 (0x00b2b5b3) sltu    a1, t0, a1
core   0: 3 0x80001282 (0x00b2b5b3) x11 0x00000000
core   0: 0x80001286 (0x000066dd) c.lui   a3, 0x17
core   0: 3 0x80001286 (0x66dd) x13 0x00017000
core   0: 0x80001288 (0x0282ce03) lbu     t3, 40(t0)
core   0: 3 0x80001288 (0x0282ce03) x28 0x00000000 mem 0x80010e20
core   0: 0x8000128c (0x03c29a83) lh      s5, 60(t0)
core   0: 3 0x8000128c (0x03c29a83) x21 0x00000000 mem 0x80010e34
core   0: 0x80001290 (0xffb28423) sb      s11, -24(t0)
core   0: 3 0x80001290 (0xffb28423) mem 0x80010de0 0x00
core   0: 0x80001294 (0x00000001) c.nop
core   0: 3 0x80001294 (0x0001)
core   0: 0x80001296 (0x00009496) c.add   s1, t0
core   0: 3 0x80001296 (0x9496) x9  0x80010df8
core   0: 0x80001298 (0x0000420d) c.li    tp, 3
core   0: 3 0x80001298 (0x420d) x4  0x00000003
core   0: 0x8000129a (0x34056173) csrrsi  sp, mscratch, 10
core   0: 3 0x8000129a (0x34056173) x2  0x00000015 c832_mscratch 0x0000001f
core   0: 0x8000129e (0x01d45933) srl     s2, s0, t4
core   0: 3 0x8000129e (0x01d45933) x18 0x0f0a6efc
core   0: 0x800012a2 (0x40095733) sra     a4, s2, zero
core   0: 3 0x800012a2 (0x40095733) x14 0x0f0a6efc
core   0: 0x800012a6 (0x00006fed) c.lui   t6, 0x1b
core   0: 3 0x800012a6 (0x6fed) x31 0x0001b000
core   0: 0x800012a8 (0x01229f03) lh      t5, 18(t0)
core   0: 3 0x800012a8 (0x01229f03) x30 0x00000000 mem 0x80010e0a
core   0: 0x800012ac (0x0092ca83) lbu     s5, 9(t0)
core   0: 3 0x800012ac (0x0092ca83) x21 0x00000000 mem 0x80010e01
core   0: 0x800012b0 (0x02f28103) lb      sp, 47(t0)
core   0: 3 0x800012b0 (0x02f28103) x2  0x00000000 mem 0x80010e27
core   0: 0x800012b4 (0x00000001) c.nop
core   0: 3 0x800012b4 (0x0001)
core   0: 0x800012b6 (0xfd328603) lb      a2, -45(t0)
core   0: 3 0x800012b6 (0xfd328603) x12 0x00000000 mem 0x80010dcb
core   0: 0x800012ba (0x0222c383) lbu     t2, 34(t0)
core   0: 3 0x800012ba (0x0222c383) x7  0x00000000 mem 0x80010e1a
core   0: 0x800012be (0x75b0f213) andi    tp, ra, 1883
core   0: 3 0x800012be (0x75b0f213) x4  0x00000000
core   0: 0x800012c2 (0xfdb28523) sb      s11, -54(t0)
core   0: 3 0x800012c2 (0xfdb28523) mem 0x80010dc2 0x00
core   0: 0x800012c6 (0x0001b117) auipc   sp, 0x1b
core   0: 3 0x800012c6 (0x0001b117) x2  0x8001c2c6
core   0: 0x800012ca (0x38010113) addi    sp, sp, 896
core   0: 3 0x800012ca (0x38010113) x2  0x8001c646
core   0: 0x800012ce (0x00008f25) c.xor   a4, s1
core   0: 3 0x800012ce (0x8f25) x14 0x8f0b6304
core   0: 0x800012d0 (0x00910223) sb      s1, 4(sp)
core   0: 3 0x800012d0 (0x00910223) mem 0x8001c64a 0xf8
core   0: 0x800012d4 (0x0ff0000f) fence   iorw,iorw
core   0: 3 0x800012d4 (0x0ff0000f)
core   0: 0x800012d8 (0xc4fe2197) auipc   gp, 0xc4fe2
core   0: 3 0x800012d8 (0xc4fe2197) x3  0x44fe32d8
core   0: 0x800012dc (0x01b11223) sh      s11, 4(sp)
core   0: 3 0x800012dc (0x01b11223) mem 0x8001c64a 0x0000
core   0: 0x800012e0 (0x340a3673) csrrc   a2, mscratch, s4
core   0: 3 0x800012e0 (0x340a3673) x12 0x0000001f c832_mscratch 0x0000001f
core   0: 0x800012e4 (0x020088b3) mul     a7, ra, zero
core   0: 3 0x800012e4 (0x020088b3) x17 0x00000000
core   0: 0x800012e8 (0x03924d33) div     s10, tp, s9
core   0: 3 0x800012e8 (0x03924d33) x26 0x00000000
core   0: 0x800012ec (0x02dc44b3) div     s1, s8, a3
core   0: 3 0x800012ec (0x02dc44b3) x9  0xffffa6f7
core   0: 0x800012f0 (0x00c11983) lh      s3, 12(sp)
core   0: 3 0x800012f0 (0x00c11983) x19 0x00000000 mem 0x8001c652
core   0: 0x800012f4 (0x095df493) andi    s1, s11, 149
core   0: 3 0x800012f4 (0x095df493) x9  0x00000000
core   0: 0x800012f8 (0x00e11323) sh      a4, 6(sp)
core   0: 3 0x800012f8 (0x00e11323) mem 0x8001c64c 0x6304
core   0: 0x800012fc (0xffd14503) lbu     a0, -3(sp)
core   0: 3 0x800012fc (0xffd14503) x10 0x00000000 mem 0x8001c643
core   0: 0x80001300 (0xffd14503) lbu     a0, -3(sp)
core   0: 3 0x80001300 (0xffd14503) x10 0x00000000 mem 0x8001c643
core   0: 0x80001304 (0xffa11603) lh      a2, -6(sp)
core   0: 3 0x80001304 (0xffa11603) x12 0x00000000 mem 0x8001c640
core   0: 0x80001308 (0xff514f03) lbu     t5, -11(sp)
core   0: 3 0x80001308 (0xff514f03) x30 0x00000000 mem 0x8001c63b
core   0: 0x8000130c (0x00b105a3) sb      a1, 11(sp)
core   0: 3 0x8000130c (0x00b105a3) mem 0x8001c651 0x00
core   0: 0x80001310 (0x415b5233) sra     tp, s6, s5
core   0: 3 0x80001310 (0x415b5233) x4  0x00000000
core   0: 0x80001314 (0x030880b3) mul     ra, a7, a6
core   0: 3 0x80001314 (0x030880b3) x1  0x00000000
core   0: 0x80001318 (0xff615503) lhu     a0, -10(sp)
core   0: 3 0x80001318 (0xff615503) x10 0x00000000 mem 0x8001c63c
core   0: 0x8000131c (0x340077f3) csrrci  a5, mscratch, 0
core   0: 3 0x8000131c (0x340077f3) x15 0x0000001f
core   0: 0x80001320 (0x00008cb2) c.mv    s9, a2
core   0: 3 0x80001320 (0x8cb2) x25 0x00000000
core   0: 0x80001322 (0x0259bf33) mulhu   t5, s3, t0
core   0: 3 0x80001322 (0x0259bf33) x30 0x00000000
core   0: 0x80001326 (0x00a12583) lw      a1, 10(sp)
core   0: 3 0x80001326 (0x00a12583) x11 0x00000000 mem 0x8001c650
core   0: 0x8000132a (0x000bdd33) srl     s10, s7, zero
core   0: 3 0x8000132a (0x000bdd33) x26 0x00000000
core   0: 0x8000132e (0x00e99e13) slli    t3, s3, 14
core   0: 3 0x8000132e (0x00e99e13) x28 0x00000000
core   0: 0x80001332 (0x00000001) c.nop
core   0: 3 0x80001332 (0x0001)
core   0: 0x80001334 (0x026451b3) divu    gp, s0, t1
core   0: 3 0x80001334 (0x026451b3) x3  0xffffffff
core   0: 0x80001338 (0x025d8633) mul     a2, s11, t0
core   0: 3 0x80001338 (0x025d8633) x12 0x00000000
core   0: 0x8000133c (0x00110303) lb      t1, 1(sp)
core   0: 3 0x8000133c (0x00110303) x6  0x00000000 mem 0x8001c647
core   0: 0x80001340 (0x00008335) c.srli  a4, 13
core   0: 3 0x80001340 (0x8335) x14 0x0004785b
core   0: 0x80001342 (0x8e432c93) slti    s9, t1, -1820
core   0: 3 0x80001342 (0x8e432c93) x25 0x00000000
core   0: 0x80001346 (0x02133d33) mulhu   s10, t1, ra
core   0: 3 0x80001346 (0x02133d33) x26 0x00000000
core   0: 0x8000134a (0x0000100f) fence.i
core   0: 3 0x8000134a (0x0000100f)
core   0: 0x8000134e (0xff914903) lbu     s2, -7(sp)
core   0: 3 0x8000134e (0xff914903) x18 0x00000000 mem 0x8001c63f
core   0: 0x80001352 (0x0000187d) c.addi  a6, -1
core   0: 3 0x80001352 (0x187d) x16 0xffffffff
core   0: 0x80001354 (0x409501b3) sub     gp, a0, s1
core   0: 3 0x80001354 (0x409501b3) x3  0x00000000
core   0: 0x80001358 (0x01c105a3) sb      t3, 11(sp)
core   0: 3 0x80001358 (0x01c105a3) mem 0x8001c651 0x00
core   0: 0x8000135c (0x0001e117) auipc   sp, 0x1e
core   0: 3 0x8000135c (0x0001e117) x2  0x8001f35c
core   0: 0x80001360 (0x82310113) addi    sp, sp, -2013
core   0: 3 0x80001360 (0x82310113) x2  0x8001eb7f
core   0: 0x80001364 (0xdf500493) li      s1, -523
core   0: 3 0x80001364 (0xdf500493) x9  0xfffffdf5
core   0: 0x80001368 (0xfff14583) lbu     a1, -1(sp)
core   0: 3 0x80001368 (0xfff14583) x11 0x00000000 mem 0x8001eb7e
core   0: 0x8000136c (0x01509313) slli    t1, ra, 21
core   0: 3 0x8000136c (0x01509313) x6  0x00000000
core   0: 0x80001370 (0x00711b03) lh      s6, 7(sp)
core   0: 3 0x80001370 (0x00711b03) x22 0x00000000 mem 0x8001eb86
core   0: 0x80001374 (0x00314603) lbu     a2, 3(sp)
core   0: 3 0x80001374 (0x00314603) x12 0x00000000 mem 0x8001eb82
core   0: 0x80001378 (0x340e1f73) csrrw   t5, mscratch, t3
core   0: 3 0x80001378 (0x340e1f73) x30 0x0000001f c832_mscratch 0x00000000
core   0: 0x8000137c (0x40b209b3) sub     s3, tp, a1
core   0: 3 0x8000137c (0x40b209b3) x19 0x00000000
core   0: 0x80001380 (0x00e14a83) lbu     s5, 14(sp)
core   0: 3 0x80001380 (0x00e14a83) x21 0x00000000 mem 0x8001eb8d
core   0: 0x80001384 (0x00008ec1) c.or    a3, s0
core   0: 3 0x80001384 (0x8ec1) x13 0xf0a7ffc1
core   0: 0x80001386 (0xff810903) lb      s2, -8(sp)
core   0: 3 0x80001386 (0xff810903) x18 0x00000000 mem 0x8001eb77
core   0: 0x8000138a (0x00008145) c.srli  a0, 17
core   0: 3 0x8000138a (0x8145) x10 0x00000000
core   0: 0x8000138c (0x012120a3) sw      s2, 1(sp)
core   0: 3 0x8000138c (0x012120a3) mem 0x8001eb80 0x00000000
core   0: 0x80001390 (0x0000869d) c.srai  a3, 7
core   0: 3 0x80001390 (0x869d) x13 0xffe14fff
core   0: 0x80001392 (0x00810683) lb      a3, 8(sp)
core   0: 3 0x80001392 (0x00810683) x13 0x00000000 mem 0x8001eb87
core   0: 0x80001396 (0x02383db3) mulhu   s11, a6, gp
core   0: 3 0x80001396 (0x02383db3) x27 0x00000000
core   0: 0x8000139a (0x00e14983) lbu     s3, 14(sp)
core   0: 3 0x8000139a (0x00e14983) x19 0x00000000 mem 0x8001eb8d
core   0: 0x8000139e (0x41115333) sra     t1, sp, a7
core   0: 3 0x8000139e (0x41115333) x6  0x8001eb7f
core   0: 0x800013a2 (0x340b2073) csrs    mscratch, s6
core   0: 3 0x800013a2 (0x340b2073) c832_mscratch 0x00000000
core   0: 0x800013a6 (0xff510e23) sb      s5, -4(sp)
core   0: 3 0x800013a6 (0xff510e23) mem 0x8001eb7b 0x00
core   0: 0x800013aa (0x00711e03) lh      t3, 7(sp)
core   0: 3 0x800013aa (0x00711e03) x28 0x00000000 mem 0x8001eb86
core   0: 0x800013ae (0x00d11f83) lh      t6, 13(sp)
core   0: 3 0x800013ae (0x00d11f83) x31 0x00000000 mem 0x8001eb8c
core   0: 0x800013b2 (0xff812ca3) sw      s8, -7(sp)
core   0: 3 0x800013b2 (0xff812ca3) mem 0x8001eb78 0x80025ea4
core   0: 0x800013b6 (0xfef10da3) sb      a5, -5(sp)
core   0: 3 0x800013b6 (0xfef10da3) mem 0x8001eb7a 0x1f
core   0: 0x800013ba (0x00911e03) lh      t3, 9(sp)
core   0: 3 0x800013ba (0x00911e03) x28 0x00000000 mem 0x8001eb88
core   0: 0x800013be (0x00c10d83) lb      s11, 12(sp)
core   0: 3 0x800013be (0x00c10d83) x27 0x00000000 mem 0x8001eb8b
core   0: 0x800013c2 (0x00510783) lb      a5, 5(sp)
core   0: 3 0x800013c2 (0x00510783) x15 0x00000000 mem 0x8001eb84
core   0: 0x800013c6 (0xffd14f83) lbu     t6, -3(sp)
core   0: 3 0x800013c6 (0xffd14f83) x31 0x00000000 mem 0x8001eb7c
core   0: 0x800013ca (0xff010003) lb      zero, -16(sp)
core   0: 3 0x800013ca (0xff010003) mem 0x8001eb6f
core   0: 0x800013ce (0xfeb10f23) sb      a1, -2(sp)
core   0: 3 0x800013ce (0xfeb10f23) mem 0x8001eb7d 0x00
core   0: 0x800013d2 (0x00008522) c.mv    a0, s0
core   0: 3 0x800013d2 (0x8522) x10 0xf0a6efc1
core   0: 0x800013d4 (0x340459f3) csrrwi  s3, mscratch, 8
core   0: 3 0x800013d4 (0x340459f3) x19 0x00000000 c832_mscratch 0x00000008
core   0: 0x800013d8 (0x00810a03) lb      s4, 8(sp)
core   0: 3 0x800013d8 (0x00810a03) x20 0x00000000 mem 0x8001eb87
core   0: 0x800013dc (0x00010117) auipc   sp, 0x10
core   0: 3 0x800013dc (0x00010117) x2  0x800113dc
core   0: 0x800013e0 (0x58110113) addi    sp, sp, 1409
core   0: 3 0x800013e0 (0x58110113) x2  0x8001195d
core   0: 0x800013e4 (0xae77b493) sltiu   s1, a5, -1305
core   0: 3 0x800013e4 (0xae77b493) x9  0x00000001
core   0: 0x800013e8 (0xff4113a3) sh      s4, -25(sp)
core   0: 3 0x800013e8 (0xff4113a3) mem 0x80011944 0x0000
core   0: 0x800013ec (0x787f2a93) slti    s5, t5, 1927
core   0: 3 0x800013ec (0x787f2a93) x21 0x00000001
core   0: 0x800013f0 (0xfcf10623) sb      a5, -52(sp)
core   0: 3 0x800013f0 (0xfcf10623) mem 0x80011929 0x00
core   0: 0x800013f4 (0xff715483) lhu     s1, -9(sp)
core   0: 3 0x800013f4 (0xff715483) x9  0x00000000 mem 0x80011954
core   0: 0x800013f8 (0x01d11ba3) sh      t4, 23(sp)
core   0: 3 0x800013f8 (0x01d11ba3) mem 0x80011974 0x9d24
core   0: 0x800013fc (0x01014b03) lbu     s6, 16(sp)
core   0: 3 0x800013fc (0x01014b03) x22 0x00000000 mem 0x8001196d
core   0: 0x80001400 (0xff315203) lhu     tp, -13(sp)
core   0: 3 0x80001400 (0xff315203) x4  0x00000000 mem 0x80011950
core   0: 0x80001404 (0x00000c96) c.slli  s9, 5
core   0: 3 0x80001404 (0x0c96) x25 0x00000000
core   0: 0x80001406 (0x036916b3) mulh    a3, s2, s6
core   0: 3 0x80001406 (0x036916b3) x13 0x00000000
core   0: 0x8000140a (0x02e14c83) lbu     s9, 46(sp)
core   0: 3 0x8000140a (0x02e14c83) x25 0x00000000 mem 0x8001198b
core   0: 0x8000140e (0xfec10a03) lb      s4, -20(sp)
core   0: 3 0x8000140e (0xfec10a03) x20 0x00000000 mem 0x80011949
core   0: 0x80001412 (0x01f15fb3) srl     t6, sp, t6
core   0: 3 0x80001412 (0x01f15fb3) x31 0x8001195d
core   0: 0x80001416 (0x024afa33) remu    s4, s5, tp
core   0: 3 0x80001416 (0x024afa33) x20 0x00000001
core   0: 0x8000141a (0x00ab80b3) add     ra, s7, a0
core   0: 3 0x8000141a (0x00ab80b3) x1  0xf0a6efc1
core   0: 0x8000141e (0xfcb10823) sb      a1, -48(sp)
core   0: 3 0x8000141e (0xfcb10823) mem 0x8001192d 0x00
core   0: 0x80001422 (0x340091f3) csrrw   gp, mscratch, ra
core   0: 3 0x80001422 (0x340091f3) x3  0x00000008 c832_mscratch 0xf0a6efc1
core   0: 0x80001426 (0xffa10083) lb      ra, -6(sp)
core   0: 3 0x80001426 (0xffa10083) x1  0x00000000 mem 0x80011957
core   0: 0x8000142a (0x00414983) lbu     s3, 4(sp)
core   0: 3 0x8000142a (0x00414983) x19 0x00000000 mem 0x80011961
core   0: 0x8000142e (0x3409f573) csrrci  a0, mscratch, 19
core   0: 3 0x8000142e (0x3409f573) x10 0xf0a6efc1 c832_mscratch 0xf0a6efc0
core   0: 0x80001432 (0x178db717) auipc   a4, 0x178db
core   0: 3 0x80001432 (0x178db717) x14 0x978dc432
core   0: 0x80001436 (0x01566733) or      a4, a2, s5
core   0: 3 0x80001436 (0x01566733) x14 0x00000001
core   0: 0x8000143a (0x03b2ad33) mulhsu  s10, t0, s11
core   0: 3 0x8000143a (0x03b2ad33) x26 0x00000000
core   0: 0x8000143e (0x00008e59) c.or    a2, a4
core   0: 3 0x8000143e (0x8e59) x12 0x00000001
core   0: 0x80001440 (0xfd010223) sb      a6, -60(sp)
core   0: 3 0x80001440 (0xfd010223) mem 0x80011921 0xff
core   0: 0x80001444 (0x00008ce1) c.and   s1, s0
core   0: 3 0x80001444 (0x8ce1) x9  0x00000000
core   0: 0x80001446 (0x3402b2f3) csrrc   t0, mscratch, t0
core   0: 3 0x80001446 (0x3402b2f3) x5  0xf0a6efc0 c832_mscratch 0x70a6e200
core   0: 0x8000144a (0x03f2ce33) div     t3, t0, t6
core   0: 3 0x8000144a (0x03f2ce33) x28 0x00000000
core   0: 0x8000144e (0x00a10083) lb      ra, 10(sp)
core   0: 3 0x8000144e (0x00a10083) x1  0x00000000 mem 0x80011967
core   0: 0x80001452 (0x00008f25) c.xor   a4, s1
core   0: 3 0x80001452 (0x8f25) x14 0x00000001
core   0: 0x80001454 (0xfc915303) lhu     t1, -55(sp)
core   0: 3 0x80001454 (0xfc915303) x6  0x00000000 mem 0x80011926
core   0: 0x80001458 (0x023c3833) mulhu   a6, s8, gp
core   0: 3 0x80001458 (0x023c3833) x16 0x00000004
core   0: 0x8000145c (0xfff15383) lhu     t2, -1(sp)
core   0: 3 0x8000145c (0xfff15383) x7  0x00000000 mem 0x8001195c
core   0: 0x80001460 (0xfe210b23) sb      sp, -10(sp)
core   0: 3 0x80001460 (0xfe210b23) mem 0x80011953 0x5d
core   0: 0x80001464 (0xfd2104a3) sb      s2, -55(sp)
core   0: 3 0x80001464 (0xfd2104a3) mem 0x80011926 0x00
core   0: 0x80001468 (0xfed10183) lb      gp, -19(sp)
core   0: 3 0x80001468 (0xfed10183) x3  0x00000000 mem 0x8001194a
core   0: 0x8000146c (0xb058b097) auipc   ra, 0xb058b
core   0: 3 0x8000146c (0xb058b097) x1  0x3058c46c
core   0: 0x80001470 (0x29b7fb13) andi    s6, a5, 667
core   0: 3 0x80001470 (0x29b7fb13) x22 0x00000000
core   0: 0x80001474 (0x00008de9) c.and   a1, a0
core   0: 3 0x80001474 (0x8de9) x11 0x00000000
core   0: 0x80001476 (0x00210f83) lb      t6, 2(sp)
core   0: 3 0x80001476 (0x00210f83) x31 0x00000000 mem 0x8001195f
core   0: 0x8000147a (0x0000f117) auipc   sp, 0xf
core   0: 3 0x8000147a (0x0000f117) x2  0x8001047a
core   0: 0x8000147e (0xce210113) addi    sp, sp, -798
core   0: 3 0x8000147e (0xce210113) x2  0x8001015c
core   0: 0x80001482 (0x7bb108a3) sb      s11, 1969(sp)
core   0: 3 0x80001482 (0x7bb108a3) mem 0x8001090d 0x00
core   0: 0x80001486 (0x44815303) lhu     t1, 1096(sp)
core   0: 3 0x80001486 (0x44815303) x6  0x00000000 mem 0x800105a4
core   0: 0x8000148a (0x3c310283) lb      t0, 963(sp)
core   0: 3 0x8000148a (0x3c310283) x5  0x00000000 mem 0x8001051f
core   0: 0x8000148e (0x69d10183) lb      gp, 1693(sp)
core   0: 3 0x8000148e (0x69d10183) x3  0x00000000 mem 0x800107f9
core   0: 0x80001492 (0x0000074a) c.slli  a4, 18
core   0: 3 0x80001492 (0x074a) x14 0x00040000
core   0: 0x80001494 (0x4d910ea3) sb      s9, 1245(sp)
core   0: 3 0x80001494 (0x4d910ea3) mem 0x80010639 0x00
core   0: 0x80001498 (0x7b910a03) lb      s4, 1977(sp)
core   0: 3 0x80001498 (0x7b910a03) x20 0x00000000 mem 0x80010915
core   0: 0x8000149c (0x26411f03) lh      t5, 612(sp)
core   0: 3 0x8000149c (0x26411f03) x30 0x00000000 mem 0x800103c0
core   0: 0x800014a0 (0x026b19b3) mulh    s3, s6, t1
core   0: 3 0x800014a0 (0x026b19b3) x19 0x00000000
core   0: 0x800014a4 (0xf9d10fa3) sb      t4, -97(sp)
core   0: 3 0x800014a4 (0xf9d10fa3) mem 0x800100fb 0x24
core   0: 0x800014a8 (0x00004b56) c.lwsp  s6, 84(sp)
core   0: 3 0x800014a8 (0x4b56) x22 0x00000000 mem 0x800101b0
core   0: 0x800014aa (0x1ff10583) lb      a1, 511(sp)
core   0: 3 0x800014aa (0x1ff10583) x11 0x00000000 mem 0x8001035b
core   0: 0x800014ae (0x40a10503) lb      a0, 1034(sp)
core   0: 3 0x800014ae (0x40a10503) x10 0x00000000 mem 0x80010566
core   0: 0x800014b2 (0x35510803) lb      a6, 853(sp)
core   0: 3 0x800014b2 (0x35510803) x16 0x00000000 mem 0x800104b1
core   0: 0x800014b6 (0x0ff0000f) fence   iorw,iorw
core   0: 3 0x800014b6 (0x0ff0000f)
core   0: 0x800014ba (0x23714803) lbu     a6, 567(sp)
core   0: 3 0x800014ba (0x23714803) x16 0x00000000 mem 0x80010393
core   0: 0x800014be (0x340035f3) csrrc   a1, mscratch, zero
core   0: 3 0x800014be (0x340035f3) x11 0x70a6e200
core   0: 0x800014c2 (0x03b52633) mulhsu  a2, a0, s11
core   0: 3 0x800014c2 (0x03b52633) x12 0x00000000
core   0: 0x800014c6 (0x00006ff5) c.lui   t6, 0x1d
core   0: 3 0x800014c6 (0x6ff5) x31 0x0001d000
core   0: 0x800014c8 (0x00995493) srli    s1, s2, 9
core   0: 3 0x800014c8 (0x00995493) x9  0x00000000
core   0: 0x800014cc (0x6be10d23) sb      t5, 1722(sp)
core   0: 3 0x800014cc (0x6be10d23) mem 0x80010816 0x00
core   0: 0x800014d0 (0x36e10aa3) sb      a4, 885(sp)
core   0: 3 0x800014d0 (0x36e10aa3) mem 0x800104d1 0x00
core   0: 0x800014d4 (0x01a5fcb3) and     s9, a1, s10
core   0: 3 0x800014d4 (0x01a5fcb3) x25 0x00000000
core   0: 0x800014d8 (0xf8e10d03) lb      s10, -114(sp)
core   0: 3 0x800014d8 (0xf8e10d03) x26 0x00000000 mem 0x800100ea
core   0: 0x800014dc (0x38514383) lbu     t2, 901(sp)
core   0: 3 0x800014dc (0x38514383) x7  0x00000000 mem 0x800104e1
core   0: 0x800014e0 (0xeb177d97) auipc   s11, 0xeb177
core   0: 3 0x800014e0 (0xeb177d97) x27 0x6b1784e0
core   0: 0x800014e4 (0x7c6103a3) sb      t1, 1991(sp)
core   0: 3 0x800014e4 (0x7c6103a3) mem 0x80010923 0x00
core   0: 0x800014e8 (0x0331ca33) div     s4, gp, s3
core   0: 3 0x800014e8 (0x0331ca33) x20 0xffffffff
core   0: 0x800014ec (0x0c210523) sb      sp, 202(sp)
core   0: 3 0x800014ec (0x0c210523) mem 0x80010226 0x5c
core   0: 0x800014f0 (0x064103a3) sb      tp, 103(sp)
core   0: 3 0x800014f0 (0x064103a3) mem 0x800101c3 0x00
core   0: 0x800014f4 (0x02d732b3) mulhu   t0, a4, a3
core   0: 3 0x800014f4 (0x02d732b3) x5  0x00000000
core   0: 0x800014f8 (0x41ca03b3) sub     t2, s4, t3
core   0: 3 0x800014f8 (0x41ca03b3) x7  0xffffffff
core   0: 0x800014fc (0x3378f037) lui     zero, 0x3378f
core   0: 3 0x800014fc (0x3378f037)
core   0: 0x80001500 (0x4d611b23) sh      s6, 1238(sp)
core   0: 3 0x80001500 (0x4d611b23) mem 0x80010632 0x0000
core   0: 0x80001504 (0x60310d83) lb      s11, 1539(sp)
core   0: 3 0x80001504 (0x60310d83) x27 0x00000000 mem 0x8001075f
core   0: 0x80001508 (0x0c610603) lb      a2, 198(sp)
core   0: 3 0x80001508 (0x0c610603) x12 0x00000000 mem 0x80010222
core   0: 0x8000150c (0x23710f23) sb      s7, 574(sp)
core   0: 3 0x8000150c (0x23710f23) mem 0x8001039a 0x00
core   0: 0x80001510 (0xf47108a3) sb      t2, -175(sp)
core   0: 3 0x80001510 (0xf47108a3) mem 0x800100ad 0xff
core   0: 0x80001514 (0x7fb10203) lb      tp, 2043(sp)
core   0: 3 0x80001514 (0x7fb10203) x4  0x00000000 mem 0x80010957
core   0: 0x80001518 (0x0b9100a3) sb      s9, 161(sp)
core   0: 3 0x80001518 (0x0b9100a3) mem 0x800101fd 0x00
core   0: 0x8000151c (0x26408393) addi    t2, ra, 612
core   0: 3 0x8000151c (0x26408393) x7  0x3058c6d0
core   0: 0x80001520 (0x029c5033) divu    zero, s8, s1
core   0: 3 0x80001520 (0x029c5033)
core   0: 0x80001524 (0x6d211683) lh      a3, 1746(sp)
core   0: 3 0x80001524 (0x6d211683) x13 0x00000000 mem 0x8001082e
core   0: 0x80001528 (0x0000f197) auipc   gp, 0xf
core   0: 3 0x80001528 (0x0000f197) x3  0x80010528
core   0: 0x8000152c (0x67a18193) addi    gp, gp, 1658
core   0: 3 0x8000152c (0x67a18193) x3  0x80010ba2
core   0: 0x80001530 (0x34006773) csrrsi  a4, mscratch, 0
core   0: 3 0x80001530 (0x34006773) x14 0x70a6e200
core   0: 0x80001534 (0xfe11cc83) lbu     s9, -31(gp)
core   0: 3 0x80001534 (0xfe11cc83) x25 0x00000000 mem 0x80010b83
core   0: 0x80001538 (0x767e6a93) ori     s5, t3, 1895
core   0: 3 0x80001538 (0x767e6a93) x21 0x00000767
core   0: 0x8000153c (0x7832ef13) ori     t5, t0, 1923
core   0: 3 0x8000153c (0x7832ef13) x30 0x00000783
core   0: 0x80001540 (0xfcb18483) lb      s1, -53(gp)
core   0: 3 0x80001540 (0xfcb18483) x9  0x00000000 mem 0x80010b6d
core   0: 0x80001544 (0x0000717d) c.addi16sp sp, -16
core   0: 3 0x80001544 (0x717d) x2  0x8001014c
core   0: 0x80001546 (0xfc41d483) lhu     s1, -60(gp)
core   0: 3 0x80001546 (0xfc41d483) x9  0x00000000 mem 0x80010b66
core   0: 0x8000154a (0xfd31c483) lbu     s1, -45(gp)
core   0: 3 0x8000154a (0xfd31c483) x9  0x00000000 mem 0x80010b75
core   0: 0x8000154e (0x0000969e) c.add   a3, t2
core   0: 3 0x8000154e (0x969e) x13 0x3058c6d0
core   0: 0x80001550 (0x00fee533) or      a0, t4, a5
core   0: 3 0x80001550 (0x00fee533) x10 0x80029d24
core   0: 0x80001554 (0xfce18603) lb      a2, -50(gp)
core   0: 3 0x80001554 (0xfce18603) x12 0x00000000 mem 0x80010b70
core   0: 0x80001558 (0xfdc1d503) lhu     a0, -36(gp)
core   0: 3 0x80001558 (0xfdc1d503) x10 0x00000000 mem 0x80010b7e
core   0: 0x8000155c (0x00059313) slli    t1, a1, 0
core   0: 3 0x8000155c (0x00059313) x6  0x70a6e200
core   0: 0x80001560 (0x000083e9) c.srli  a5, 26
core   0: 3 0x80001560 (0x83e9) x15 0x00000000
core   0: 0x80001562 (0x001f4d33) xor     s10, t5, ra
core   0: 3 0x80001562 (0x001f4d33) x26 0x3058c3ef
core   0: 0x80001566 (0x037c98b3) mulh    a7, s9, s7
core   0: 3 0x80001566 (0x037c98b3) x17 0x00000000
core   0: 0x8000156a (0xfc518e03) lb      t3, -59(gp)
core   0: 3 0x8000156a (0xfc518e03) x28 0x00000000 mem 0x80010b67
core   0: 0x8000156e (0x340029f3) csrr    s3, mscratch
core   0: 3 0x8000156e (0x340029f3) x19 0x70a6e200
core   0: 0x80001572 (0x0108ae33) slt     t3, a7, a6
core   0: 3 0x80001572 (0x0108ae33) x28 0x00000000
core   0: 0x80001576 (0x0221c583) lbu     a1, 34(gp)
core   0: 3 0x80001576 (0x0221c583) x11 0x000000f0 mem 0x80010bc4
core   0: 0x8000157a (0x34075e73) csrrwi  t3, mscratch, 14
core   0: 3 0x8000157a (0x34075e73) x28 0x70a6e200 c832_mscratch 0x0000000e
core   0: 0x8000157e (0x000067e5) c.lui   a5, 0x19
core   0: 3 0x8000157e (0x67e5) x15 0x00019000
core   0: 0x80001580 (0xfd019a23) sh      a6, -44(gp)
core   0: 3 0x80001580 (0xfd019a23) mem 0x80010b76 0x0000
core   0: 0x80001584 (0x00b183a3) sb      a1, 7(gp)
core   0: 3 0x80001584 (0x00b183a3) mem 0x80010ba9 0xf0
core   0: 0x80001588 (0x4031de13) srai    t3, gp, 3
core   0: 3 0x80001588 (0x4031de13) x28 0xf0002174
core   0: 0x8000158c (0x0178e533) or      a0, a7, s7
core   0: 3 0x8000158c (0x0178e533) x10 0x00000000
core   0: 0x80001590 (0xb7aa6737) lui     a4, 0xb7aa6
core   0: 3 0x80001590 (0xb7aa6737) x14 0xb7aa6000
core   0: 0x80001594 (0xfc3182a3) sb      gp, -59(gp)
core   0: 3 0x80001594 (0xfc3182a3) mem 0x80010b67 0xa2
core   0: 0x80001598 (0x012e7533) and     a0, t3, s2
core   0: 3 0x80001598 (0x012e7533) x10 0x00000000
core   0: 0x8000159c (0x340038f3) csrrc   a7, mscratch, zero
core   0: 3 0x8000159c (0x340038f3) x17 0x0000000e
core   0: 0x800015a0 (0x0321c483) lbu     s1, 50(gp)
core   0: 3 0x800015a0 (0x0321c483) x9  0x00000000 mem 0x80010bd4
core   0: 0x800015a4 (0xfcf18da3) sb      a5, -37(gp)
core   0: 3 0x800015a4 (0xfcf18da3) mem 0x80010b7d 0x00
core   0: 0x800015a8 (0x01618e23) sb      s6, 28(gp)
core   0: 3 0x800015a8 (0x01618e23) mem 0x80010bbe 0x00
core   0: 0x800015ac (0xfdb1c703) lbu     a4, -37(gp)
core   0: 3 0x800015ac (0xfdb1c703) x14 0x00000000 mem 0x80010b7d
core   0: 0x800015b0 (0x03b1c903) lbu     s2, 59(gp)
core   0: 3 0x800015b0 (0x03b1c903) x18 0x00000000 mem 0x80010bdd
core   0: 0x800015b4 (0xfef18ba3) sb      a5, -9(gp)
core   0: 3 0x800015b4 (0xfef18ba3) mem 0x80010b99 0x00
core   0: 0x800015b8 (0x000063c9) c.lui   t2, 0x12
core   0: 3 0x800015b8 (0x63c9) x7  0x00012000
core   0: 0x800015ba (0x02818903) lb      s2, 40(gp)
core   0: 3 0x800015ba (0x02818903) x18 0x00000000 mem 0x80010bca
core   0: 0x800015be (0x000090ca) c.add   ra, s2
core   0: 3 0x800015be (0x90ca) x1  0x3058c46c
core   0: 0x800015c0 (0xfc518d03) lb      s10, -59(gp)
core   0: 3 0x800015c0 (0xfc518d03) x26 0xffffffa2 mem 0x80010b67
core   0: 0x800015c4 (0x01818ba3) sb      s8, 23(gp)
core   0: 3 0x800015c4 (0x01818ba3) mem 0x80010bb9 0xa4
core   0: 0x800015c8 (0xfde19483) lh      s1, -34(gp)
core   0: 3 0x800015c8 (0xfde19483) x9  0x00000000 mem 0x80010b80
core   0: 0x800015cc (0x3404d273) csrrwi  tp, mscratch, 9
core   0: 3 0x800015cc (0x3404d273) x4  0x0000000e c832_mscratch 0x00000009
core   0: 0x800015d0 (0x14324093) xori    ra, tp, 323
core   0: 3 0x800015d0 (0x14324093) x1  0x0000014d
core   0: 0x800015d4 (0xbbe93113) sltiu   sp, s2, -1090
core   0: 3 0x800015d4 (0xbbe93113) x2  0x00000001
core   0: 0x800015d8 (0x165fa537) lui     a0, 0x165fa
core   0: 3 0x800015d8 (0x165fa537) x10 0x165fa000
core   0: 0x800015dc (0x02718083) lb      ra, 39(gp)
core   0: 3 0x800015dc (0x02718083) x1  0x00000000 mem 0x80010bc9
core   0: 0x800015e0 (0x016a9293) slli    t0, s5, 22
core   0: 3 0x800015e0 (0x016a9293) x5  0xd9c00000
core   0: 0x800015e4 (0x03d18e03) lb      t3, 61(gp)
core   0: 3 0x800015e4 (0x03d18e03) x28 0x00000000 mem 0x80010bdf
core   0: 0x800015e8 (0xfc118883) lb      a7, -63(gp)
core   0: 3 0x800015e8 (0xfc118883) x17 0x00000000 mem 0x80010b63
core   0: 0x800015ec (0x00016897) auipc   a7, 0x16
core   0: 3 0x800015ec (0x00016897) x17 0x800175ec
core   0: 0x800015f0 (0x11488893) addi    a7, a7, 276
core   0: 3 0x800015f0 (0x11488893) x17 0x80017700
core   0: 0x800015f4 (0x09988783) lb      a5, 153(a7)
core   0: 3 0x800015f4 (0x09988783) x15 0x00000000 mem 0x80017799
core   0: 0x800015f8 (0x340b64f3) csrrsi  s1, mscratch, 22
core   0: 3 0x800015f8 (0x340b64f3) x9  0x00000009 c832_mscratch 0x0000001f
core   0: 0x800015fc (0xfc489a03) lh      s4, -60(a7)
core   0: 3 0x800015fc (0xfc489a03) x20 0x00000000 mem 0x800176c4
core   0: 0x80001600 (0xf038cd83) lbu     s11, -253(a7)
core   0: 3 0x80001600 (0xf038cd83) x27 0x00000000 mem 0x80017603
core   0: 0x80001604 (0xfbd8ce03) lbu     t3, -67(a7)
core   0: 3 0x80001604 (0xfbd8ce03) x28 0x00000000 mem 0x800176bd
core   0: 0x80001608 (0xfd688d03) lb      s10, -42(a7)
core   0: 3 0x80001608 (0xfd688d03) x26 0x00000000 mem 0x800176d6
core   0: 0x8000160c (0xfbc89e23) sh      t3, -68(a7)
core   0: 3 0x8000160c (0xfbc89e23) mem 0x800176bc 0x0000
core   0: 0x80001610 (0x1333e193) ori     gp, t2, 307
core   0: 3 0x80001610 (0x1333e193) x3  0x00012133
core   0: 0x80001614 (0x0a28ce03) lbu     t3, 162(a7)
core   0: 3 0x80001614 (0x0a28ce03) x28 0x00000000 mem 0x800177a2
core   0: 0x80001618 (0xf3588a03) lb      s4, -203(a7)
core   0: 3 0x80001618 (0xf3588a03) x20 0x00000000 mem 0x80017635
core   0: 0x8000161c (0x38c07b93) andi    s7, zero, 908
core   0: 3 0x8000161c (0x38c07b93) x23 0x00000000
core   0: 0x80001620 (0x05988283) lb      t0, 89(a7)
core   0: 3 0x80001620 (0x05988283) x5  0x00000000 mem 0x80017759
core   0: 0x80001624 (0x82414513) xori    a0, sp, -2012
core   0: 3 0x80001624 (0x82414513) x10 0xfffff825
core   0: 0x80001628 (0x00008149) c.srli  a0, 18
core   0: 3 0x80001628 (0x8149) x10 0x00003fff
core   0: 0x8000162a (0xfc8883a3) sb      s0, -57(a7)
core   0: 3 0x8000162a (0xfc8883a3) mem 0x800176c7 0xc1
core   0: 0x8000162e (0x0f788183) lb      gp, 247(a7)
core   0: 3 0x8000162e (0x0f788183) x3  0x00000000 mem 0x800177f7
core   0: 0x80001632 (0x0000100f) fence.i
core   0: 3 0x80001632 (0x0000100f)
core   0: 0x80001636 (0xf5f8a823) sw      t6, -176(a7)
core   0: 3 0x80001636 (0xf5f8a823) mem 0x80017650 0x0001d000
core   0: 0x8000163a (0xf5f886a3) sb      t6, -179(a7)
core   0: 3 0x8000163a (0xf5f886a3) mem 0x8001764d 0x00
core   0: 0x8000163e (0xf5388ea3) sb      s3, -163(a7)
core   0: 3 0x8000163e (0xf5388ea3) mem 0x8001765d 0x00
core   0: 0x80001642 (0x00008119) c.srli  a0, 6
core   0: 3 0x80001642 (0x8119) x10 0x000000ff
core   0: 0x80001644 (0x04288ca3) sb      sp, 89(a7)
core   0: 3 0x80001644 (0x04288ca3) mem 0x80017759 0x01
core   0: 0x80001648 (0x0244fe33) remu    t3, s1, tp
core   0: 3 0x80001648 (0x0244fe33) x28 0x00000009
core   0: 0x8000164c (0x00000ace) c.slli  s5, 19
core   0: 3 0x8000164c (0x0ace) x21 0x3b380000
core   0: 0x8000164e (0x0000100f) fence.i
core   0: 3 0x8000164e (0x0000100f)
core   0: 0x80001652 (0x0000178c) c.addi4spn a1, sp, 992
core   0: 3 0x80001652 (0x178c) x11 0x000003e1
core   0: 0x80001654 (0xf7e8d783) lhu     a5, -130(a7)
core   0: 3 0x80001654 (0xf7e8d783) x15 0x00000000 mem 0x8001767e
core   0: 0x80001658 (0x06f89c23) sh      a5, 120(a7)
core   0: 3 0x80001658 (0x06f89c23) mem 0x80017778 0x0000
core   0: 0x8000165c (0xf8189923) sh      ra, -110(a7)
core   0: 3 0x8000165c (0xf8189923) mem 0x80017692 0x0000
core   0: 0x80001660 (0xf9389323) sh      s3, -122(a7)
core   0: 3 0x80001660 (0xf9389323) mem 0x80017686 0xe200
core   0: 0x80001664 (0x02805fb3) divu    t6, zero, s0
core   0: 3 0x80001664 (0x02805fb3) x31 0x00000000
core   0: 0x80001668 (0x00006365) c.lui   t1, 0x19
core   0: 3 0x80001668 (0x6365) x6  0x00019000
core   0: 0x8000166a (0x02e886a3) sb      a4, 45(a7)
core   0: 3 0x8000166a (0x02e886a3) mem 0x8001772d 0x00
core   0: 0x8000166e (0x05588623) sb      s5, 76(a7)
core   0: 3 0x8000166e (0x05588623) mem 0x8001774c 0x00
core   0: 0x80001672 (0x0798c303) lbu     t1, 121(a7)
core   0: 3 0x80001672 (0x0798c303) x6  0x00000000 mem 0x80017779
core   0: 0x80001676 (0xf7d88a83) lb      s5, -131(a7)
core   0: 3 0x80001676 (0xf7d88a83) x21 0x00000000 mem 0x8001767d
core   0: 0x8000167a (0x0f589323) sh      s5, 230(a7)
core   0: 3 0x8000167a (0x0f589323) mem 0x800177e6 0x0000
core   0: 0x8000167e (0x261c6213) ori     tp, s8, 609
core   0: 3 0x8000167e (0x261c6213) x4  0x80025ee5
core   0: 0x80001682 (0x02cb6d33) rem     s10, s6, a2
core   0: 3 0x80001682 (0x02cb6d33) x26 0x00000000
core   0: 0x80001686 (0x0aa89d23) sh      a0, 186(a7)
core   0: 3 0x80001686 (0x0aa89d23) mem 0x800177ba 0x00ff
core   0: 0x8000168a (0x017360b3) or      ra, t1, s7
core   0: 3 0x8000168a (0x017360b3) x1  0x00000000
core   0: 0x8000168e (0xc060c693) xori    a3, ra, -1018
core   0: 3 0x8000168e (0xc060c693) x13 0xfffffc06
core   0: 0x80001692 (0xf4788683) lb      a3, -185(a7)
core   0: 3 0x80001692 (0xf4788683) x13 0x00000000 mem 0x80017647
core   0: 0x80001696 (0x00e88c23) sb      a4, 24(a7)
core   0: 3 0x80001696 (0x00e88c23) mem 0x80017718 0x00
core   0: 0x8000169a (0x00010497) auipc   s1, 0x10
core   0: 3 0x8000169a (0x00010497) x9  0x8001169a
core   0: 0x8000169e (0x83748493) addi    s1, s1, -1993
core   0: 3 0x8000169e (0x83748493) x9  0x80010ed1
core   0: 0x800016a2 (0x00e481a3) sb      a4, 3(s1)
core   0: 3 0x800016a2 (0x00e481a3) mem 0x80010ed4 0x00
core   0: 0x800016a6 (0x0304c003) lbu     zero, 48(s1)
core   0: 3 0x800016a6 (0x0304c003) mem 0x80010f01
core   0: 0x800016aa (0x02549d03) lh      s10, 37(s1)
core   0: 3 0x800016aa (0x02549d03) x26 0x00000000 mem 0x80010ef6
core   0: 0x800016ae (0x01a48183) lb      gp, 26(s1)
core   0: 3 0x800016ae (0x01a48183) x3  0x00000000 mem 0x80010eeb
core   0: 0x800016b2 (0x41f856b3) sra     a3, a6, t6
core   0: 3 0x800016b2 (0x41f856b3) x13 0x00000000
core   0: 0x800016b6 (0xfd54cb83) lbu     s7, -43(s1)
core   0: 3 0x800016b6 (0xfd54cb83) x23 0x00000000 mem 0x80010ea6
core   0: 0x800016ba (0xa37f6597) auipc   a1, 0xa37f6
core   0: 3 0x800016ba (0xa37f6597) x11 0x237f76ba
core   0: 0x800016be (0x000002d5) c.addi  t0, 21
core   0: 3 0x800016be (0x02d5) x5  0x00000015
core   0: 0x800016c0 (0x0210a333) mulhsu  t1, ra, ra
core   0: 3 0x800016c0 (0x0210a333) x6  0x00000000
core   0: 0x800016c4 (0x2ffcba93) sltiu   s5, s9, 767
core   0: 3 0x800016c4 (0x2ffcba93) x21 0x00000001
core   0: 0x800016c8 (0xfc548503) lb      a0, -59(s1)
core   0: 3 0x800016c8 (0xfc548503) x10 0x00000000 mem 0x80010e96
core   0: 0x800016cc (0x03d4a9a3) sw      t4, 51(s1)
core   0: 3 0x800016cc (0x03d4a9a3) mem 0x80010f04 0x80029d24
core   0: 0x800016d0 (0x96f9a893) slti    a7, s3, -1681
core   0: 3 0x800016d0 (0x96f9a893) x17 0x00000000
core   0: 0x800016d4 (0x00000001) c.nop
core   0: 3 0x800016d4 (0x0001)
core   0: 0x800016d6 (0x03648423) sb      s6, 40(s1)
core   0: 3 0x800016d6 (0x03648423) mem 0x80010ef9 0x00
core   0: 0x800016da (0x00887cb3) and     s9, a6, s0
core   0: 3 0x800016da (0x00887cb3) x25 0x00000000
core   0: 0x800016de (0xff648883) lb      a7, -10(s1)
core   0: 3 0x800016de (0xff648883) x17 0x00000000 mem 0x80010ec7
core   0: 0x800016e2 (0x00000001) c.nop
core   0: 3 0x800016e2 (0x0001)
core   0: 0x800016e4 (0xfdf48523) sb      t6, -54(s1)
core   0: 3 0x800016e4 (0xfdf48523) mem 0x80010e9b 0x00
core   0: 0x800016e8 (0xfd24cd03) lbu     s10, -46(s1)
core   0: 3 0x800016e8 (0xfd24cd03) x26 0x00000000 mem 0x80010ea3
core   0: 0x800016ec (0xfce48a03) lb      s4, -50(s1)
core   0: 3 0x800016ec (0xfce48a03) x20 0x00000000 mem 0x80010e9f
core   0: 0x800016f0 (0x00848723) sb      s0, 14(s1)
core   0: 3 0x800016f0 (0x00848723) mem 0x80010edf 0xc1
core   0: 0x800016f4 (0x0074c583) lbu     a1, 7(s1)
core   0: 3 0x800016f4 (0x0074c583) x11 0x00000000 mem 0x80010ed8
core   0: 0x800016f8 (0x00e48e23) sb      a4, 28(s1)
core   0: 3 0x800016f8 (0x00e48e23) mem 0x80010eed 0x00
core   0: 0x800016fc (0xff548583) lb      a1, -11(s1)
core   0: 3 0x800016fc (0xff548583) x11 0x00000000 mem 0x80010ec6
core   0: 0x80001700 (0x26297813) andi    a6, s2, 610
core   0: 3 0x80001700 (0x26297813) x16 0x00000000
core   0: 0x80001704 (0x00a48c83) lb      s9, 10(s1)
core   0: 3 0x80001704 (0x00a48c83) x25 0x00000000 mem 0x80010edb
core   0: 0x80001708 (0x02d4cab3) div     s5, s1, a3
core   0: 3 0x80001708 (0x02d4cab3) x21 0xffffffff
core   0: 0x8000170c (0x000065b1) c.lui   a1, 0xc
core   0: 3 0x8000170c (0x65b1) x11 0x0000c000
core   0: 0x8000170e (0x00048183) lb      gp, 0(s1)
core   0: 3 0x8000170e (0x00048183) x3  0x00000000 mem 0x80010ed1
core   0: 0x80001712 (0x02b4a103) lw      sp, 43(s1)
core   0: 3 0x80001712 (0x02b4a103) x2  0x00000000 mem 0x80010efc
core   0: 0x80001716 (0x0001a917) auipc   s2, 0x1a
core   0: 3 0x80001716 (0x0001a917) x18 0x8001b716
core   0: 0x8000171a (0x7dd90913) addi    s2, s2, 2013
core   0: 3 0x8000171a (0x7dd90913) x18 0x8001bef3
core   0: 0x8000171e (0x018fd013) srli    zero, t6, 24
core   0: 3 0x8000171e (0x018fd013)
core   0: 0x80001722 (0x02090683) lb      a3, 32(s2)
core   0: 3 0x80001722 (0x02090683) x13 0x00000000 mem 0x8001bf13
core   0: 0x80001726 (0x01d91203) lh      tp, 29(s2)
core   0: 3 0x80001726 (0x01d91203) x4  0x00000000 mem 0x8001bf10
core   0: 0x8000172a (0xfd290e03) lb      t3, -46(s2)
core   0: 3 0x8000172a (0xfd290e03) x28 0x00000000 mem 0x8001bec5
core   0: 0x8000172e (0xfd1907a3) sb      a7, -49(s2)
core   0: 3 0x8000172e (0xfd1907a3) mem 0x8001bec2 0x00
core   0: 0x80001732 (0x01fdb333) sltu    t1, s11, t6
core   0: 3 0x80001732 (0x01fdb333) x6  0x00000000
core   0: 0x80001736 (0x294c8113) addi    sp, s9, 660
core   0: 3 0x80001736 (0x294c8113) x2  0x00000294
core   0: 0x8000173a (0x00290103) lb      sp, 2(s2)
core   0: 3 0x8000173a (0x00290103) x2  0x00000000 mem 0x8001bef5
core   0: 0x8000173e (0x03990b83) lb      s7, 57(s2)
core   0: 3 0x8000173e (0x03990b83) x23 0x00000000 mem 0x8001bf2c
core   0: 0x80001742 (0x01471513) slli    a0, a4, 20
core   0: 3 0x80001742 (0x01471513) x10 0x00000000
core   0: 0x80001746 (0xfe894e03) lbu     t3, -24(s2)
core   0: 3 0x80001746 (0xfe894e03) x28 0x00000000 mem 0x8001bedb
core   0: 0x8000174a (0x02091aa3) sh      zero, 53(s2)
core   0: 3 0x8000174a (0x02091aa3) mem 0x8001bf28 0x0000
core   0: 0x8000174e (0xff094803) lbu     a6, -16(s2)
core   0: 3 0x8000174e (0xff094803) x16 0x00000000 mem 0x8001bee3
core   0: 0x80001752 (0xe643bd13) sltiu   s10, t2, -412
core   0: 3 0x80001752 (0xe643bd13) x26 0x00000001
core   0: 0x80001756 (0x000099fd) c.andi  a1, -1
core   0: 3 0x80001756 (0x99fd) x11 0x0000c000
core   0: 0x80001758 (0x000043f1) c.li    t2, 28
core   0: 3 0x80001758 (0x43f1) x7  0x0000001c
core   0: 0x8000175a (0x018dd333) srl     t1, s11, s8
core   0: 3 0x8000175a (0x018dd333) x6  0x00000000
core   0: 0x8000175e (0x00694e03) lbu     t3, 6(s2)
core   0: 3 0x8000175e (0x00694e03) x28 0x00000000 mem 0x8001bef9
core   0: 0x80001762 (0x41a4df93) srai    t6, s1, 26
core   0: 3 0x80001762 (0x41a4df93) x31 0xffffffe0
core   0: 0x80001766 (0x038e3133) mulhu   sp, t3, s8
core   0: 3 0x80001766 (0x038e3133) x2  0x00000000
core   0: 0x8000176a (0x00d912a3) sh      a3, 5(s2)
core   0: 3 0x8000176a (0x00d912a3) mem 0x8001bef8 0x0000
core   0: 0x8000176e (0x00494b03) lbu     s6, 4(s2)
core   0: 3 0x8000176e (0x00494b03) x22 0x00000000 mem 0x8001bef7
core   0: 0x80001772 (0xfd690283) lb      t0, -42(s2)
core   0: 3 0x80001772 (0xfd690283) x5  0x00000000 mem 0x8001bec9
core   0: 0x80001776 (0x03c94303) lbu     t1, 60(s2)
core   0: 3 0x80001776 (0x03c94303) x6  0x00000000 mem 0x8001bf2f
core   0: 0x8000177a (0x005f19b3) sll     s3, t5, t0
core   0: 3 0x8000177a (0x005f19b3) x19 0x00000783
core   0: 0x8000177e (0x0000924a) c.add   tp, s2
core   0: 3 0x8000177e (0x924a) x4  0x8001bef3
core   0: 0x80001780 (0x00009fa2) c.add   t6, s0
core   0: 3 0x80001780 (0x9fa2) x31 0xf0a6efa1
core   0: 0x80001782 (0x404e5db3) sra     s11, t3, tp
core   0: 3 0x80001782 (0x404e5db3) x27 0x00000000
core   0: 0x80001786 (0x0000567d) c.li    a2, -1
core   0: 3 0x80001786 (0x567d) x12 0xffffffff
core   0: 0x80001788 (0x022ec0b3) div     ra, t4, sp
core   0: 3 0x80001788 (0x022ec0b3) x1  0xffffffff
core   0: 0x8000178c (0x00006871) c.lui   a6, 0x1c
core   0: 3 0x8000178c (0x6871) x16 0x0001c000
core   0: 0x8000178e (0xfd990983) lb      s3, -39(s2)
core   0: 3 0x8000178e (0xfd990983) x19 0x00000000 mem 0x8001becc
core   0: 0x80001792 (0xfc694483) lbu     s1, -58(s2)
core   0: 3 0x80001792 (0xfc694483) x9  0x00000000 mem 0x8001beb9
core   0: 0x80001796 (0x00008cf1) c.and   s1, a2
core   0: 3 0x80001796 (0x8cf1) x9  0x00000000
core   0: 0x80001798 (0x03e94b03) lbu     s6, 62(s2)
core   0: 3 0x80001798 (0x03e94b03) x22 0x00000000 mem 0x8001bf31
core   0: 0x8000179c (0x02e94583) lbu     a1, 46(s2)
core   0: 3 0x8000179c (0x02e94583) x11 0x00000000 mem 0x8001bf21
core   0: 0x800017a0 (0x0184db13) srli    s6, s1, 24
core   0: 3 0x800017a0 (0x0184db13) x22 0x00000000
core   0: 0x800017a4 (0xfdb91b83) lh      s7, -37(s2)
core   0: 3 0x800017a4 (0xfdb91b83) x23 0x00000000 mem 0x8001bece
core   0: 0x800017a8 (0x00001a7d) c.addi  s4, -1
core   0: 3 0x800017a8 (0x1a7d) x20 0xffffffff
core   0: 0x800017aa (0x019915a3) sh      s9, 11(s2)
core   0: 3 0x800017aa (0x019915a3) mem 0x8001befe 0x0000
core   0: 0x800017ae (0x00b907a3) sb      a1, 15(s2)
core   0: 3 0x800017ae (0x00b907a3) mem 0x8001bf02 0x00
core   0: 0x800017b2 (0x29f1d817) auipc   a6, 0x29f1d
core   0: 3 0x800017b2 (0x29f1d817) x16 0xa9f1e7b2
core   0: 0x800017b6 (0x01290f83) lb      t6, 18(s2)
core   0: 3 0x800017b6 (0x01290f83) x31 0x00000000 mem 0x8001bf05
core   0: 0x800017ba (0x03509fb3) mulh    t6, ra, s5
core   0: 3 0x800017ba (0x03509fb3) x31 0x00000000
core   0: 0x800017be (0xfcd90da3) sb      a3, -37(s2)
core   0: 3 0x800017be (0xfcd90da3) mem 0x8001bece 0x00
core   0: 0x800017c2 (0xff595d83) lhu     s11, -11(s2)
core   0: 3 0x800017c2 (0xff595d83) x27 0x00000000 mem 0x8001bee8
core   0: 0x800017c6 (0x0001ab17) auipc   s6, 0x1a
core   0: 3 0x800017c6 (0x0001ab17) x22 0x8001b7c6
core   0: 0x800017ca (0x903b0b13) addi    s6, s6, -1789
core   0: 3 0x800017ca (0x903b0b13) x22 0x8001b0c9
core   0: 0x800017ce (0x03795e33) divu    t3, s2, s7
core   0: 3 0x800017ce (0x03795e33) x28 0xffffffff
core   0: 0x800017d2 (0x00db1103) lh      sp, 13(s6)
core   0: 3 0x800017d2 (0x00db1103) x2  0x00000000 mem 0x8001b0d6
core   0: 0x800017d6 (0x00004995) c.li    s3, 5
core   0: 3 0x800017d6 (0x4995) x19 0x00000005
core   0: 0x800017d8 (0xff1b4f83) lbu     t6, -15(s6)
core   0: 3 0x800017d8 (0xff1b4f83) x31 0x00000000 mem 0x8001b0ba
core   0: 0x800017dc (0x02de24b3) mulhsu  s1, t3, a3
core   0: 3 0x800017dc (0x02de24b3) x9  0x00000000
core   0: 0x800017e0 (0x007b11a3) sh      t2, 3(s6)
core   0: 3 0x800017e0 (0x007b11a3) mem 0x8001b0cc 0x001c
core   0: 0x800017e4 (0xfe9b0f23) sb      s1, -2(s6)
core   0: 3 0x800017e4 (0xfe9b0f23) mem 0x8001b0c7 0x00
core   0: 0x800017e8 (0xff1b1383) lh      t2, -15(s6)
core   0: 3 0x800017e8 (0xff1b1383) x7  0x00000000 mem 0x8001b0ba
core   0: 0x800017ec (0x00008fad) c.xor   a5, a1
core   0: 3 0x800017ec (0x8fad) x15 0x00000000
core   0: 0x800017ee (0x00cb0983) lb      s3, 12(s6)
core   0: 3 0x800017ee (0x00cb0983) x19 0x00000000 mem 0x8001b0d5
core   0: 0x800017f2 (0x084f7593) andi    a1, t5, 132
core   0: 3 0x800017f2 (0x084f7593) x11 0x00000080
core   0: 0x800017f6 (0xff5b0da3) sb      s5, -5(s6)
core   0: 3 0x800017f6 (0xff5b0da3) mem 0x8001b0c4 0xff
core   0: 0x800017fa (0x010b0683) lb      a3, 16(s6)
core   0: 3 0x800017fa (0x010b0683) x13 0x00000000 mem 0x8001b0d9
core   0: 0x800017fe (0xff2b0d83) lb      s11, -14(s6)
core   0: 3 0x800017fe (0xff2b0d83) x27 0x00000000 mem 0x8001b0bb
core   0: 0x80001802 (0xa9bbfe13) andi    t3, s7, -1381
core   0: 3 0x80001802 (0xa9bbfe13) x28 0x00000000
core   0: 0x80001806 (0x419f5fb3) sra     t6, t5, s9
core   0: 3 0x80001806 (0x419f5fb3) x31 0x00000783
core   0: 0x8000180a (0x000080d6) c.mv    ra, s5
core   0: 3 0x8000180a (0x80d6) x1  0xffffffff
core   0: 0x8000180c (0xfe6b29a3) sw      t1, -13(s6)
core   0: 3 0x8000180c (0xfe6b29a3) mem 0x8001b0bc 0x00000000
core   0: 0x80001810 (0x000098fd) c.andi  s1, -1
core   0: 3 0x80001810 (0x98fd) x9  0x00000000
core   0: 0x80001812 (0x340e9673) csrrw   a2, mscratch, t4
core   0: 3 0x80001812 (0x340e9673) x12 0x0000001f c832_mscratch 0x80029d24
core   0: 0x80001816 (0x9a437313) andi    t1, t1, -1628
core   0: 3 0x80001816 (0x9a437313) x6  0x00000000
core   0: 0x8000181a (0xfe9b0e23) sb      s1, -4(s6)
core   0: 3 0x8000181a (0xfe9b0e23) mem 0x8001b0c5 0x00
core   0: 0x8000181e (0x005b0c83) lb      s9, 5(s6)
core   0: 3 0x8000181e (0x005b0c83) x25 0x00000000 mem 0x8001b0ce
core   0: 0x80001822 (0xffdb4883) lbu     a7, -3(s6)
core   0: 3 0x80001822 (0xffdb4883) x17 0x00000000 mem 0x8001b0c6
core   0: 0x80001826 (0x00017517) auipc   a0, 0x17
core   0: 3 0x80001826 (0x00017517) x10 0x80018826
core   0: 0x8000182a (0x44250513) addi    a0, a0, 1090
core   0: 3 0x8000182a (0x44250513) x10 0x80018c68
core   0: 0x8000182e (0x00008e89) c.sub   a3, a0
core   0: 3 0x8000182e (0x8e89) x13 0x7ffe7398
core   0: 0x80001830 (0x03550923) sb      s5, 50(a0)
core   0: 3 0x80001830 (0x03550923) mem 0x80018c9a 0xff
core   0: 0x80001834 (0x03350a83) lb      s5, 51(a0)
core   0: 3 0x80001834 (0x03350a83) x21 0x00000000 mem 0x80018c9b
core   0: 0x80001838 (0x0000060a) c.slli  a2, 2
core   0: 3 0x80001838 (0x060a) x12 0x0000007c
core   0: 0x8000183a (0x00000d86) c.slli  s11, 1
core   0: 3 0x8000183a (0x0d86) x27 0x00000000
core   0: 0x8000183c (0x01051f23) sh      a6, 30(a0)
core   0: 3 0x8000183c (0x01051f23) mem 0x80018c86 0xe7b2
core   0: 0x80001840 (0x00008ef1) c.and   a3, a2
core   0: 3 0x80001840 (0x8ef1) x13 0x00000018
core   0: 0x80001842 (0xfec504a3) sb      a2, -23(a0)
core   0: 3 0x80001842 (0xfec504a3) mem 0x80018c51 0x7c
core   0: 0x80001846 (0x00008fa9) c.xor   a5, a0
core   0: 3 0x80001846 (0x8fa9) x15 0x80018c68
core   0: 0x80001848 (0x0ff0000f) fence   iorw,iorw
core   0: 3 0x80001848 (0x0ff0000f)
core   0: 0x8000184c (0xfca50aa3) sb      a0, -43(a0)
core   0: 3 0x8000184c (0xfca50aa3) mem 0x80018c3d 0x68
core   0: 0x80001850 (0x03250283) lb      t0, 50(a0)
core   0: 3 0x80001850 (0x03250283) x5  0xffffffff mem 0x80018c9a
core   0: 0x80001854 (0x41955f13) srai    t5, a0, 25
core   0: 3 0x80001854 (0x41955f13) x30 0xffffffc0
core   0: 0x80001858 (0xfd7508a3) sb      s7, -47(a0)
core   0: 3 0x80001858 (0xfd7508a3) mem 0x80018c39 0x00
core   0: 0x8000185c (0x03254603) lbu     a2, 50(a0)
core   0: 3 0x8000185c (0x03254603) x12 0x000000ff mem 0x80018c9a
core   0: 0x80001860 (0xfd554083) lbu     ra, -43(a0)
core   0: 3 0x80001860 (0xfd554083) x1  0x00000068 mem 0x80018c3d
core   0: 0x80001864 (0x02655983) lhu     s3, 38(a0)
core   0: 3 0x80001864 (0x02655983) x19 0x00000000 mem 0x80018c8e
core   0: 0x80001868 (0xfc8506a3) sb      s0, -51(a0)
core   0: 3 0x80001868 (0xfc8506a3) mem 0x80018c35 0xc1
core   0: 0x8000186c (0x015bbe33) sltu    t3, s7, s5
core   0: 3 0x8000186c (0x015bbe33) x28 0x00000000
core   0: 0x80001870 (0x03250123) sb      s2, 34(a0)
core   0: 3 0x80001870 (0x03250123) mem 0x80018c8a 0xf3
core   0: 0x80001874 (0xffa500a3) sb      s10, -31(a0)
core   0: 3 0x80001874 (0xffa500a3) mem 0x80018c49 0x01
core   0: 0x80001878 (0x0000982a) c.add   a6, a0
core   0: 3 0x80001878 (0x982a) x16 0x29f3741a
core   0: 0x8000187a (0xfe950223) sb      s1, -28(a0)
core   0: 3 0x8000187a (0xfe950223) mem 0x80018c4c 0x00
core   0: 0x8000187e (0x405e5493) srai    s1, t3, 5
core   0: 3 0x8000187e (0x405e5493) x9  0x00000000
core   0: 0x80001882 (0x00008ed9) c.or    a3, a4
core   0: 3 0x80001882 (0x8ed9) x13 0x00000018
core   0: 0x80001884 (0xfe351623) sh      gp, -20(a0)
core   0: 3 0x80001884 (0xfe351623) mem 0x80018c54 0x0000
core   0: 0x80001888 (0x00006159) c.addi16sp sp, 400
core   0: 3 0x80001888 (0x6159) x2  0x00000190
core   0: 0x8000188a (0xfd455483) lhu     s1, -44(a0)
core   0: 3 0x8000188a (0xfd455483) x9  0x00006800 mem 0x80018c3c
core   0: 0x8000188e (0x03154d83) lbu     s11, 49(a0)
core   0: 3 0x8000188e (0x03154d83) x27 0x00000000 mem 0x80018c99
core   0: 0x80001892 (0x00008265) c.srli  a2, 25
core   0: 3 0x80001892 (0x8265) x12 0x00000000
core   0: 0x80001894 (0x005a14b3) sll     s1, s4, t0
core   0: 3 0x80001894 (0x005a14b3) x9  0x80000000
core   0: 0x80001898 (0x02350683) lb      a3, 35(a0)
core   0: 3 0x80001898 (0x02350683) x13 0x00000000 mem 0x80018c8b
core   0: 0x8000189c (0x0000691d) c.lui   s2, 0x7
core   0: 3 0x8000189c (0x691d) x18 0x00007000
core   0: 0x8000189e (0x02250083) lb      ra, 34(a0)
core   0: 3 0x8000189e (0x02250083) x1  0xfffffff3 mem 0x80018c8a
core   0: 0x800018a2 (0x02151123) sh      ra, 34(a0)
core   0: 3 0x800018a2 (0x02151123) mem 0x80018c8a 0xfff3
core   0: 0x800018a6 (0x34075773) csrrwi  a4, mscratch, 14
core   0: 3 0x800018a6 (0x34075773) x14 0x80029d24 c832_mscratch 0x0000000e
core   0: 0x800018aa (0xfd754083) lbu     ra, -41(a0)
core   0: 3 0x800018aa (0xfd754083) x1  0x00000000 mem 0x80018c3f
core   0: 0x800018ae (0x8eb42013) slti    zero, s0, -1813
core   0: 3 0x800018ae (0x8eb42013)
core   0: 0x800018b2 (0x00581a33) sll     s4, a6, t0
core   0: 3 0x800018b2 (0x00581a33) x20 0x00000000
core   0: 0x800018b6 (0xfd2501a3) sb      s2, -61(a0)
core   0: 3 0x800018b6 (0xfd2501a3) mem 0x80018c2b 0x00
core   0: 0x800018ba (0x7f600f13) li      t5, 2038
core   0: 3 0x800018ba (0x7f600f13) x30 0x000007f6
core   0: 0x800018be (0x036506a3) sb      s6, 45(a0)
core   0: 3 0x800018be (0x036506a3) mem 0x80018c95 0xc9
core   0: 0x800018c2 (0xfc154483) lbu     s1, -63(a0)
core   0: 3 0x800018c2 (0xfc154483) x9  0x00000000 mem 0x80018c29
core   0: 0x800018c6 (0x0000f917) auipc   s2, 0xf
core   0: 3 0x800018c6 (0x0000f917) x18 0x800108c6
core   0: 0x800018ca (0xf0b90913) addi    s2, s2, -245
core   0: 3 0x800018ca (0xf0b90913) x18 0x800107d1
core   0: 0x800018ce (0xfff94603) lbu     a2, -1(s2)
core   0: 3 0x800018ce (0xfff94603) x12 0x00000000 mem 0x800107d0
core   0: 0x800018d2 (0x00190d83) lb      s11, 1(s2)
core   0: 3 0x800018d2 (0x00190d83) x27 0x00000000 mem 0x800107d2
core   0: 0x800018d6 (0x00794183) lbu     gp, 7(s2)
core   0: 3 0x800018d6 (0x00794183) x3  0x00000000 mem 0x800107d8
core   0: 0x800018da (0x340b9ff3) csrrw   t6, mscratch, s7
core   0: 3 0x800018da (0x340b9ff3) x31 0x0000000e c832_mscratch 0x00000000
core   0: 0x800018de (0x00294b03) lbu     s6, 2(s2)
core   0: 3 0x800018de (0x00294b03) x22 0x00000000 mem 0x800107d3
core   0: 0x800018e2 (0x01d0d533) srl     a0, ra, t4
core   0: 3 0x800018e2 (0x01d0d533) x10 0x00000000
core   0: 0x800018e6 (0x00390823) sb      gp, 16(s2)
core   0: 3 0x800018e6 (0x00390823) mem 0x800107e1 0x00
core   0: 0x800018ea (0x00290c83) lb      s9, 2(s2)
core   0: 3 0x800018ea (0x00290c83) x25 0x00000000 mem 0x800107d3
core   0: 0x800018ee (0xffd91ea3) sh      t4, -3(s2)
core   0: 3 0x800018ee (0xffd91ea3) mem 0x800107ce 0x9d24
core   0: 0x800018f2 (0x000087e1) c.srai  a5, 24
core   0: 3 0x800018f2 (0x87e1) x15 0xffffff80
core   0: 0x800018f4 (0xff691ea3) sh      s6, -3(s2)
core   0: 3 0x800018f4 (0xff691ea3) mem 0x800107ce 0x0000
core   0: 0x800018f8 (0xffe94203) lbu     tp, -2(s2)
core   0: 3 0x800018f8 (0xffe94203) x4  0x00000000 mem 0x800107cf
core   0: 0x800018fc (0x03612633) mulhsu  a2, sp, s6
core   0: 3 0x800018fc (0x03612633) x12 0x00000000
core   0: 0x80001900 (0xffd90003) lb      zero, -3(s2)
core   0: 3 0x80001900 (0xffd90003) mem 0x800107ce
core   0: 0x80001904 (0xff490a23) sb      s4, -12(s2)
core   0: 3 0x80001904 (0xff490a23) mem 0x800107c5 0x00
core   0: 0x80001908 (0x00590483) lb      s1, 5(s2)
core   0: 3 0x80001908 (0x00590483) x9  0x00000000 mem 0x800107d6
core   0: 0x8000190c (0x00355233) srl     tp, a0, gp
core   0: 3 0x8000190c (0x00355233) x4  0x00000000
core   0: 0x80001910 (0xfe991fa3) sh      s1, -1(s2)
core   0: 3 0x80001910 (0xfe991fa3) mem 0x800107d0 0x0000
core   0: 0x80001914 (0xff094c83) lbu     s9, -16(s2)
core   0: 3 0x80001914 (0xff094c83) x25 0x00000000 mem 0x800107c1
core   0: 0x80001918 (0x413086b3) sub     a3, ra, s3
core   0: 3 0x80001918 (0x413086b3) x13 0x00000000
core   0: 0x8000191c (0x00c90003) lb      zero, 12(s2)
core   0: 3 0x8000191c (0x00c90003) mem 0x800107dd
core   0: 0x80001920 (0x00094003) lbu     zero, 0(s2)
core   0: 3 0x80001920 (0x00094003) mem 0x800107d1
core   0: 0x80001924 (0x000054fd) c.li    s1, -1
core   0: 3 0x80001924 (0x54fd) x9  0xffffffff
core   0: 0x80001926 (0xfee90ca3) sb      a4, -7(s2)
core   0: 3 0x80001926 (0xfee90ca3) mem 0x800107ca 0x24
core   0: 0x8000192a (0x0000100f) fence.i
core   0: 3 0x8000192a (0x0000100f)
core   0: 0x8000192e (0x00d92233) slt     tp, s2, a3
core   0: 3 0x8000192e (0x00d92233) x4  0x00000001
core   0: 0x80001932 (0x00b90283) lb      t0, 11(s2)
core   0: 3 0x80001932 (0x00b90283) x5  0x00000000 mem 0x800107dc
core   0: 0x80001936 (0x01c914a3) sh      t3, 9(s2)
core   0: 3 0x80001936 (0x01c914a3) mem 0x800107da 0x0000
core   0: 0x8000193a (0x340e9073) csrw    mscratch, t4
core   0: 3 0x8000193a (0x340e9073) c832_mscratch 0x80029d24
core   0: 0x8000193e (0xff594303) lbu     t1, -11(s2)
core   0: 3 0x8000193e (0xff594303) x6  0x00000000 mem 0x800107c6
core   0: 0x80001942 (0xff490003) lb      zero, -12(s2)
core   0: 3 0x80001942 (0xff490003) mem 0x800107c5
core   0: 0x80001946 (0x02c1a533) mulhsu  a0, gp, a2
core   0: 3 0x80001946 (0x02c1a533) x10 0x00000000
core   0: 0x8000194a (0x01790523) sb      s7, 10(s2)
core   0: 3 0x8000194a (0x01790523) mem 0x800107db 0x00
core   0: 0x8000194e (0xffa92da3) sw      s10, -5(s2)
core   0: 3 0x8000194e (0xffa92da3) mem 0x800107cc 0x00000001
core   0: 0x80001952 (0x0000e117) auipc   sp, 0xe
core   0: 3 0x80001952 (0x0000e117) x2  0x8000f952
core   0: 0x80001956 (0x73910113) addi    sp, sp, 1849
core   0: 3 0x80001956 (0x73910113) x2  0x8001008b
core   0: 0x8000195a (0x412b0bb3) sub     s7, s6, s2
core   0: 3 0x8000195a (0x412b0bb3) x23 0x7ffef82f
core   0: 0x8000195e (0x7ec10283) lb      t0, 2028(sp)
core   0: 3 0x8000195e (0x7ec10283) x5  0x00000000 mem 0x80010877
core   0: 0x80001962 (0x05311603) lh      a2, 83(sp)
core   0: 3 0x80001962 (0x05311603) x12 0x00000000 mem 0x800100de
core   0: 0x80001966 (0x02edffb3) remu    t6, s11, a4
core   0: 3 0x80001966 (0x02edffb3) x31 0x00000000
core   0: 0x8000196a (0xdf448a93) addi    s5, s1, -524
core   0: 3 0x8000196a (0xdf448a93) x21 0xfffffdf3
core   0: 0x8000196e (0x036784b3) mul     s1, a5, s6
core   0: 3 0x8000196e (0x036784b3) x9  0x00000000
core   0: 0x80001972 (0x1c610da3) sb      t1, 475(sp)
core   0: 3 0x80001972 (0x1c610da3) mem 0x80010266 0x00
core   0: 0x80001976 (0x15a10803) lb      a6, 346(sp)
core   0: 3 0x80001976 (0x15a10803) x16 0x00000000 mem 0x800101e5
core   0: 0x8000197a (0x00fb9f33) sll     t5, s7, a5
core   0: 3 0x8000197a (0x00fb9f33) x30 0x7ffef82f
core   0: 0x8000197e (0x00004721) c.li    a4, 8
core   0: 3 0x8000197e (0x4721) x14 0x00000008
core   0: 0x80001980 (0x6bf14e03) lbu     t3, 1727(sp)
core   0: 3 0x80001980 (0x6bf14e03) x28 0x00000000 mem 0x8001074a
core   0: 0x80001984 (0x64610183) lb      gp, 1606(sp)
core   0: 3 0x80001984 (0x64610183) x3  0x00000000 mem 0x800106d1
core   0: 0x80001988 (0x48915b03) lhu     s6, 1161(sp)
core   0: 3 0x80001988 (0x48915b03) x22 0x00000000 mem 0x80010514
core   0: 0x8000198c (0x60814903) lbu     s2, 1544(sp)
core   0: 3 0x8000198c (0x60814903) x18 0x00000000 mem 0x80010693
core   0: 0x80001990 (0x44a14783) lbu     a5, 1098(sp)
core   0: 3 0x80001990 (0x44a14783) x15 0x00000000 mem 0x800104d5
core   0: 0x80001994 (0x00891693) slli    a3, s2, 8
core   0: 3 0x80001994 (0x00891693) x13 0x00000000
core   0: 0x80001998 (0x00008ff9) c.and   a5, a4
core   0: 3 0x80001998 (0x8ff9) x15 0x00000000
core   0: 0x8000199a (0x280105a3) sb      zero, 651(sp)
core   0: 3 0x8000199a (0x280105a3) mem 0x80010316 0x00
core   0: 0x8000199e (0x0367fb33) remu    s6, a5, s6
core   0: 3 0x8000199e (0x0367fb33) x22 0x00000000
core   0: 0x800019a2 (0x0dd10423) sb      t4, 200(sp)
core   0: 3 0x800019a2 (0x0dd10423) mem 0x80010153 0x24
core   0: 0x800019a6 (0x00510603) lb      a2, 5(sp)
core   0: 3 0x800019a6 (0x00510603) x12 0x00000000 mem 0x80010090
core   0: 0x800019aa (0x40911aa3) sh      s1, 1045(sp)
core   0: 3 0x800019aa (0x40911aa3) mem 0x800104a0 0x0000
core   0: 0x800019ae (0x5c810d23) sb      s0, 1498(sp)
core   0: 3 0x800019ae (0x5c810d23) mem 0x80010665 0xc1
core   0: 0x800019b2 (0x4ab15083) lhu     ra, 1195(sp)
core   0: 3 0x800019b2 (0x4ab15083) x1  0x00000000 mem 0x80010536
core   0: 0x800019b6 (0x2f214783) lbu     a5, 754(sp)
core   0: 3 0x800019b6 (0x2f214783) x15 0x00000000 mem 0x8001037d
core   0: 0x800019ba (0x6ea14803) lbu     a6, 1770(sp)
core   0: 3 0x800019ba (0x6ea14803) x16 0x00000000 mem 0x80010775
core   0: 0x800019be (0x01c8a6b3) slt     a3, a7, t3
core   0: 3 0x800019be (0x01c8a6b3) x13 0x00000000
core   0: 0x800019c2 (0x0e8122a3) sw      s0, 229(sp)
core   0: 3 0x800019c2 (0x0e8122a3) mem 0x80010170 0xf0a6efc1
core   0: 0x800019c6 (0x02b10023) sb      a1, 32(sp)
core   0: 3 0x800019c6 (0x02b10023) mem 0x800100ab 0x80
core   0: 0x800019ca (0x05010d23) sb      a6, 90(sp)
core   0: 3 0x800019ca (0x05010d23) mem 0x800100e5 0x00
core   0: 0x800019ce (0x00681733) sll     a4, a6, t1
core   0: 3 0x800019ce (0x00681733) x14 0x00000000
core   0: 0x800019d2 (0x29f15f83) lhu     t6, 671(sp)
core   0: 3 0x800019d2 (0x29f15f83) x31 0x00000000 mem 0x8001032a
core   0: 0x800019d6 (0x036db4b3) mulhu   s1, s11, s6
core   0: 3 0x800019d6 (0x036db4b3) x9  0x00000000
core   0: 0x800019da (0x0120c933) xor     s2, ra, s2
core   0: 3 0x800019da (0x0120c933) x18 0x00000000
core   0: 0x800019de (0x5c614203) lbu     tp, 1478(sp)
core   0: 3 0x800019de (0x5c614203) x4  0x00000000 mem 0x80010651
core   0: 0x800019e2 (0x0000e297) auipc   t0, 0xe
core   0: 3 0x800019e2 (0x0000e297) x5  0x8000f9e2
core   0: 0x800019e6 (0x76028293) addi    t0, t0, 1888
core   0: 3 0x800019e6 (0x76028293) x5  0x80010142
core   0: 0x800019ea (0xf8028b03) lb      s6, -128(t0)
core   0: 3 0x800019ea (0xf8028b03) x22 0x00000000 mem 0x800100c2
core   0: 0x800019ee (0x57ec7a93) andi    s5, s8, 1406
core   0: 3 0x800019ee (0x57ec7a93) x21 0x00000424
core   0: 0x800019f2 (0x41595813) srai    a6, s2, 21
core   0: 3 0x800019f2 (0x41595813) x16 0x00000000
core   0: 0x800019f6 (0x02f0be33) mulhu   t3, ra, a5
core   0: 3 0x800019f6 (0x02f0be33) x28 0x00000000
core   0: 0x800019fa (0x03ba6133) rem     sp, s4, s11
core   0: 3 0x800019fa (0x03ba6133) x2  0x00000000
core   0: 0x800019fe (0x417d5793) srai    a5, s10, 23
core   0: 3 0x800019fe (0x417d5793) x15 0x00000000
core   0: 0x80001a02 (0xf752cb03) lbu     s6, -139(t0)
core   0: 3 0x80001a02 (0xf752cb03) x22 0x00000000 mem 0x800100b7
core   0: 0x80001a06 (0x18363f13) sltiu   t5, a2, 387
core   0: 3 0x80001a06 (0x18363f13) x30 0x00000001
core   0: 0x80001a0a (0x34002d73) csrr    s10, mscratch
core   0: 3 0x80001a0a (0x34002d73) x26 0x80029d24
core   0: 0x80001a0e (0x00000001) c.nop
core   0: 3 0x80001a0e (0x0001)
core   0: 0x80001a10 (0x01c2c583) lbu     a1, 28(t0)
core   0: 3 0x80001a10 (0x01c2c583) x11 0x00000000 mem 0x8001015e
core   0: 0x80001a14 (0x09128f03) lb      t5, 145(t0)
core   0: 3 0x80001a14 (0x09128f03) x30 0x00000000 mem 0x800101d3
core   0: 0x80001a18 (0x40d35393) srai    t2, t1, 13
core   0: 3 0x80001a18 (0x40d35393) x7  0x00000000
core   0: 0x80001a1c (0xfaa282a3) sb      a0, -91(t0)
core   0: 3 0x80001a1c (0xfaa282a3) mem 0x800100e7 0x00
core   0: 0x80001a20 (0x003513b3) sll     t2, a0, gp
core   0: 3 0x80001a20 (0x003513b3) x7  0x00000000
core   0: 0x80001a24 (0xf6e284a3) sb      a4, -151(t0)
core   0: 3 0x80001a24 (0xf6e284a3) mem 0x800100ab 0x00
core   0: 0x80001a28 (0x0000100f) fence.i
core   0: 3 0x80001a28 (0x0000100f)
core   0: 0x80001a2c (0x02adae33) mulhsu  t3, s11, a0
core   0: 3 0x80001a2c (0x02adae33) x28 0x00000000
core   0: 0x80001a30 (0x0183b3b3) sltu    t2, t2, s8
core   0: 3 0x80001a30 (0x0183b3b3) x7  0x00000001
core   0: 0x80001a34 (0xfb4282a3) sb      s4, -91(t0)
core   0: 3 0x80001a34 (0xfb4282a3) mem 0x800100e7 0x00
core   0: 0x80001a38 (0xf672c883) lbu     a7, -153(t0)
core   0: 3 0x80001a38 (0xf672c883) x17 0x00000000 mem 0x800100a9
core   0: 0x80001a3c (0x0c42c103) lbu     sp, 196(t0)
core   0: 3 0x80001a3c (0x0c42c103) x2  0x00000000 mem 0x80010206
core   0: 0x80001a40 (0x0c328c83) lb      s9, 195(t0)
core   0: 3 0x80001a40 (0x0c328c83) x25 0x00000000 mem 0x80010205
core   0: 0x80001a44 (0xf972cc83) lbu     s9, -105(t0)
core   0: 3 0x80001a44 (0xf972cc83) x25 0x00000000 mem 0x800100d9
core   0: 0x80001a48 (0x0e32cd83) lbu     s11, 227(t0)
core   0: 3 0x80001a48 (0x0e32cd83) x27 0x00000000 mem 0x80010225
core   0: 0x80001a4c (0x00e6cd33) xor     s10, a3, a4
core   0: 3 0x80001a4c (0x00e6cd33) x26 0x00000000
core   0: 0x80001a50 (0x0b52c983) lbu     s3, 181(t0)
core   0: 3 0x80001a50 (0x0b52c983) x19 0x00000000 mem 0x800101f7
core   0: 0x80001a54 (0x0000f117) auipc   sp, 0xf
core   0: 3 0x80001a54 (0x0000f117) x2  0x80010a54
core   0: 0x80001a58 (0x17510113) addi    sp, sp, 373
core   0: 3 0x80001a58 (0x17510113) x2  0x80010bc9
core   0: 0x80001a5c (0x00000001) c.nop
core   0: 3 0x80001a5c (0x0001)
core   0: 0x80001a5e (0xff515d03) lhu     s10, -11(sp)
core   0: 3 0x80001a5e (0xff515d03) x26 0x00000000 mem 0x80010bbe
core   0: 0x80001a62 (0x00915a83) lhu     s5, 9(sp)
core   0: 3 0x80001a62 (0x00915a83) x21 0x00000000 mem 0x80010bd2
core   0: 0x80001a66 (0x0000100f) fence.i
core   0: 3 0x80001a66 (0x0000100f)
core   0: 0x80001a6a (0x03f74db3) div     s11, a4, t6
core   0: 3 0x80001a6a (0x03f74db3) x27 0xffffffff
core   0: 0x80001a6e (0x038ea333) mulhsu  t1, t4, s8
core   0: 3 0x80001a6e (0x038ea333) x6  0xc0001f46
core   0: 0x80001a72 (0x340f39f3) csrrc   s3, mscratch, t5
core   0: 3 0x80001a72 (0x340f39f3) x19 0x80029d24 c832_mscratch 0x80029d24
core   0: 0x80001a76 (0x0000100f) fence.i
core   0: 3 0x80001a76 (0x0000100f)
core   0: 0x80001a7a (0x010af233) and     tp, s5, a6
core   0: 3 0x80001a7a (0x010af233) x4  0x00000000
core   0: 0x80001a7e (0x41e70833) sub     a6, a4, t5
core   0: 3 0x80001a7e (0x41e70833) x16 0x00000000
core   0: 0x80001a82 (0x00f12c83) lw      s9, 15(sp)
core   0: 3 0x80001a82 (0x00f12c83) x25 0x00010000 mem 0x80010bd8
core   0: 0x80001a86 (0x00008d61) c.and   a0, s0
core   0: 3 0x80001a86 (0x8d61) x10 0x00000000
core   0: 0x80001a88 (0x00a08f33) add     t5, ra, a0
core   0: 3 0x80001a88 (0x00a08f33) x30 0x00000000
core   0: 0x80001a8c (0x02e504b3) mul     s1, a0, a4
core   0: 3 0x80001a8c (0x02e504b3) x9  0x00000000
core   0: 0x80001a90 (0x00214803) lbu     a6, 2(sp)
core   0: 3 0x80001a90 (0x00214803) x16 0x00000000 mem 0x80010bcb
core   0: 0x80001a94 (0x0214fab3) remu    s5, s1, ra
core   0: 3 0x80001a94 (0x0214fab3) x21 0x00000000
core   0: 0x80001a98 (0x005111a3) sh      t0, 3(sp)
core   0: 3 0x80001a98 (0x005111a3) mem 0x80010bcc 0x0142
core   0: 0x80001a9c (0xff910a23) sb      s9, -12(sp)
core   0: 3 0x80001a9c (0xff910a23) mem 0x80010bbd 0x00
core   0: 0x80001aa0 (0x00000001) c.nop
core   0: 3 0x80001aa0 (0x0001)
core   0: 0x80001aa2 (0x00000991) c.addi  s3, 4
core   0: 3 0x80001aa2 (0x0991) x19 0x80029d28
core   0: 0x80001aa4 (0x000000f6) c.slli  ra, 29
core   0: 3 0x80001aa4 (0x00f6) x1  0x00000000
core   0: 0x80001aa6 (0xff911e03) lh      t3, -7(sp)
core   0: 3 0x80001aa6 (0xff911e03) x28 0x00000000 mem 0x80010bc2
core   0: 0x80001aaa (0xfee10c23) sb      a4, -8(sp)
core   0: 3 0x80001aaa (0xfee10c23) mem 0x80010bc1 0x00
core   0: 0x80001aae (0x4099a317) auipc   t1, 0x4099a
core   0: 3 0x80001aae (0x4099a317) x6  0xc099baae
core   0: 0x80001ab2 (0xfe811da3) sh      s0, -5(sp)
core   0: 3 0x80001ab2 (0xfe811da3) mem 0x80010bc4 0xefc1
core   0: 0x80001ab6 (0x00911003) lh      zero, 9(sp)
core   0: 3 0x80001ab6 (0x00911003) mem 0x80010bd2
core   0: 0x80001aba (0x00515503) lhu     a0, 5(sp)
core   0: 3 0x80001aba (0x00515503) x10 0x00000000 mem 0x80010bce
core   0: 0x80001abe (0x00019797) auipc   a5, 0x19
core   0: 3 0x80001abe (0x00019797) x15 0x8001aabe
core   0: 0x80001ac2 (0xb6078793) addi    a5, a5, -1184
core   0: 3 0x80001ac2 (0xb6078793) x15 0x8001a61e
core   0: 0x80001ac6 (0x01a78283) lb      t0, 26(a5)
core   0: 3 0x80001ac6 (0x01a78283) x5  0x00000000 mem 0x8001a638
core   0: 0x80001aca (0x34049573) csrrw   a0, mscratch, s1
core   0: 3 0x80001aca (0x34049573) x10 0x80029d24 c832_mscratch 0x00000000
core   0: 0x80001ace (0x0ca7a283) lw      t0, 202(a5)
core   0: 3 0x80001ace (0x0ca7a283) x5  0x00000000 mem 0x8001a6e8
core   0: 0x80001ad2 (0x032f5db3) divu    s11, t5, s2
core   0: 3 0x80001ad2 (0x032f5db3) x27 0xffffffff
core   0: 0x80001ad6 (0x000052fd) c.li    t0, -1
core   0: 3 0x80001ad6 (0x52fd) x5  0xffffffff
core   0: 0x80001ad8 (0xfa478623) sb      tp, -84(a5)
core   0: 3 0x80001ad8 (0xfa478623) mem 0x8001a5ca 0x00
core   0: 0x80001adc (0x34029373) csrrw   t1, mscratch, t0
core   0: 3 0x80001adc (0x34029373) x6  0x00000000 c832_mscratch 0xffffffff
core   0: 0x80001ae0 (0x00000001) c.nop
core   0: 3 0x80001ae0 (0x0001)
core   0: 0x80001ae2 (0x0b578ea3) sb      s5, 189(a5)
core   0: 3 0x80001ae2 (0x0b578ea3) mem 0x8001a6db 0x00
core   0: 0x80001ae6 (0xf7e7af23) sw      t5, -130(a5)
core   0: 3 0x80001ae6 (0xf7e7af23) mem 0x8001a59c 0x00000000
core   0: 0x80001aea (0x01d92733) slt     a4, s2, t4
core   0: 3 0x80001aea (0x01d92733) x14 0x00000000
core   0: 0x80001aee (0xf6378a83) lb      s5, -157(a5)
core   0: 3 0x80001aee (0xf6378a83) x21 0x00000000 mem 0x8001a581
core   0: 0x80001af2 (0xf1a7a903) lw      s2, -230(a5)
core   0: 3 0x80001af2 (0xf1a7a903) x18 0x00000000 mem 0x8001a538
core   0: 0x80001af6 (0x0a678aa3) sb      t1, 181(a5)
core   0: 3 0x80001af6 (0x0a678aa3) mem 0x8001a6d3 0x00
core   0: 0x80001afa (0x02616733) rem     a4, sp, t1
core   0: 3 0x80001afa (0x02616733) x14 0x80010bc9
core   0: 0x80001afe (0x01eaba33) sltu    s4, s5, t5
core   0: 3 0x80001afe (0x01eaba33) x20 0x00000000
core   0: 0x80001b02 (0x03288733) mul     a4, a7, s2
core   0: 3 0x80001b02 (0x03288733) x14 0x00000000
core   0: 0x80001b06 (0x34002f73) csrr    t5, mscratch
core   0: 3 0x80001b06 (0x34002f73) x30 0xffffffff
core   0: 0x80001b0a (0x0bd78423) sb      t4, 168(a5)
core   0: 3 0x80001b0a (0x0bd78423) mem 0x8001a6c6 0x24
core   0: 0x80001b0e (0x01e79923) sh      t5, 18(a5)
core   0: 3 0x80001b0e (0x01e79923) mem 0x8001a630 0xffff
core   0: 0x80001b12 (0xebb72213) slti    tp, a4, -325
core   0: 3 0x80001b12 (0xebb72213) x4  0x00000000
core   0: 0x80001b16 (0x01a78b03) lb      s6, 26(a5)
core   0: 3 0x80001b16 (0x01a78b03) x22 0x00000000 mem 0x8001a638
core   0: 0x80001b1a (0x340068f3) csrrsi  a7, mscratch, 0
core   0: 3 0x80001b1a (0x340068f3) x17 0xffffffff
core   0: 0x80001b1e (0x00008e46) c.mv    t3, a7
core   0: 3 0x80001b1e (0x8e46) x28 0xffffffff
core   0: 0x80001b20 (0x000051fd) c.li    gp, -1
core   0: 3 0x80001b20 (0x51fd) x3  0xffffffff
core   0: 0x80001b22 (0xf7b784a3) sb      s11, -151(a5)
core   0: 3 0x80001b22 (0xf7b784a3) mem 0x8001a587 0xff
core   0: 0x80001b26 (0x03278ca3) sb      s2, 57(a5)
core   0: 3 0x80001b26 (0x03278ca3) mem 0x8001a657 0x00
core   0: 0x80001b2a (0x03e784a3) sb      t5, 41(a5)
core   0: 3 0x80001b2a (0x03e784a3) mem 0x8001a647 0xff
core   0: 0x80001b2e (0x34006df3) csrrsi  s11, mscratch, 0
core   0: 3 0x80001b2e (0x34006df3) x27 0xffffffff
core   0: 0x80001b32 (0x033bf033) remu    zero, s7, s3
core   0: 3 0x80001b32 (0x033bf033)
core   0: 0x80001b36 (0x0000853d) c.srai  a0, 15
core   0: 3 0x80001b36 (0x853d) x10 0xffff0005
core   0: 0x80001b38 (0x000082a5) c.srli  a3, 9
core   0: 3 0x80001b38 (0x82a5) x13 0x00000000
core   0: 0x80001b3a (0x0355b3b3) mulhu   t2, a1, s5
core   0: 3 0x80001b3a (0x0355b3b3) x7  0x00000000
core   0: 0x80001b3e (0x0ac79423) sh      a2, 168(a5)
core   0: 3 0x80001b3e (0x0ac79423) mem 0x8001a6c6 0x0000
core   0: 0x80001b42 (0x00008d99) c.sub   a1, a4
core   0: 3 0x80001b42 (0x8d99) x11 0x00000000
core   0: 0x80001b44 (0xf757c083) lbu     ra, -139(a5)
core   0: 3 0x80001b44 (0xf757c083) x1  0x00000000 mem 0x8001a593
core   0: 0x80001b48 (0xf9978903) lb      s2, -103(a5)
core   0: 3 0x80001b48 (0xf9978903) x18 0x00000000 mem 0x8001a5b7
core   0: 0x80001b4c (0xf277c803) lbu     a6, -217(a5)
core   0: 3 0x80001b4c (0xf277c803) x16 0x00000000 mem 0x8001a545
core   0: 0x80001b50 (0x0eb7c503) lbu     a0, 235(a5)
core   0: 3 0x80001b50 (0x0eb7c503) x10 0x00000000 mem 0x8001a709
core   0: 0x80001b54 (0x020784a3) sb      zero, 41(a5)
core   0: 3 0x80001b54 (0x020784a3) mem 0x8001a647 0x00
core   0: 0x80001b58 (0x00000c84) c.addi4spn s1, sp, 592
core   0: 3 0x80001b58 (0x0c84) x9  0x80010e19
core   0: 0x80001b5a (0xf527ab23) sw      s2, -170(a5)
core   0: 3 0x80001b5a (0xf527ab23) mem 0x8001a574 0x00000000
core   0: 0x80001b5e (0x03e78c83) lb      s9, 62(a5)
core   0: 3 0x80001b5e (0x03e78c83) x25 0x00000000 mem 0x8001a65c
core   0: 0x80001b62 (0x40c8d393) srai    t2, a7, 12
core   0: 3 0x80001b62 (0x40c8d393) x7  0xffffffff
core   0: 0x80001b66 (0x07978d23) sb      s9, 122(a5)
core   0: 3 0x80001b66 (0x07978d23) mem 0x8001a698 0x00
core   0: 0x80001b6a (0x00879683) lh      a3, 8(a5)
core   0: 3 0x80001b6a (0x00879683) x13 0x00000000 mem 0x8001a626
core   0: 0x80001b6e (0x0000049e) c.slli  s1, 7
core   0: 3 0x80001b6e (0x049e) x9  0x00870c80
core   0: 0x80001b70 (0x0bc7cf03) lbu     t5, 188(a5)
core   0: 3 0x80001b70 (0x0bc7cf03) x30 0x00000000 mem 0x8001a6da
core   0: 0x80001b74 (0x0000187d) c.addi  a6, -1
core   0: 3 0x80001b74 (0x187d) x16 0xffffffff
core   0: 0x80001b76 (0xf267a903) lw      s2, -218(a5)
core   0: 3 0x80001b76 (0xf267a903) x18 0x00000000 mem 0x8001a544
core   0: 0x80001b7a (0x00017297) auipc   t0, 0x17
core   0: 3 0x80001b7a (0x00017297) x5  0x80018b7a
core   0: 0x80001b7e (0x1d528293) addi    t0, t0, 469
core   0: 3 0x80001b7e (0x1d528293) x5  0x80018d4f
core   0: 0x80001b82 (0x025006b3) mul     a3, zero, t0
core   0: 3 0x80001b82 (0x025006b3) x13 0x00000000
core   0: 0x80001b86 (0x60228d03) lb      s10, 1538(t0)
core   0: 3 0x80001b86 (0x60228d03) x26 0x00000000 mem 0x80019351
core   0: 0x80001b8a (0x8ea2cd03) lbu     s10, -1814(t0)
core   0: 3 0x80001b8a (0x8ea2cd03) x26 0x00000000 mem 0x80018639
core   0: 0x80001b8e (0x001bebb3) or      s7, s7, ra
core   0: 3 0x80001b8e (0x001bebb3) x23 0x7ffef82f
core   0: 0x80001b92 (0x00008e7a) c.mv    t3, t5
core   0: 3 0x80001b92 (0x8e7a) x28 0x00000000
core   0: 0x80001b94 (0xbb428ba3) sb      s4, -1097(t0)
core   0: 3 0x80001b94 (0xbb428ba3) mem 0x80018906 0x00
core   0: 0x80001b98 (0xdcb29783) lh      a5, -565(t0)
core   0: 3 0x80001b98 (0xdcb29783) x15 0x00000000 mem 0x80018b1a
core   0: 0x80001b9c (0x82f29083) lh      ra, -2001(t0)
core   0: 3 0x80001b9c (0x82f29083) x1  0x00000000 mem 0x8001857e
core   0: 0x80001ba0 (0xf1c2a0a3) sw      t3, -255(t0)
core   0: 3 0x80001ba0 (0xf1c2a0a3) mem 0x80018c50 0x00000000
core   0: 0x80001ba4 (0x59728123) sb      s7, 1410(t0)
core   0: 3 0x80001ba4 (0x59728123) mem 0x800192d1 0x2f
core   0: 0x80001ba8 (0xafb2ca83) lbu     s5, -1285(t0)
core   0: 3 0x80001ba8 (0xafb2ca83) x21 0x00000000 mem 0x8001884a
core   0: 0x80001bac (0x89a2ca83) lbu     s5, -1894(t0)
core   0: 3 0x80001bac (0x89a2ca83) x21 0x00000000 mem 0x800185e9
core   0: 0x80001bb0 (0xa8828ea3) sb      s0, -1379(t0)
core   0: 3 0x80001bb0 (0xa8828ea3) mem 0x800187ec 0xc1
core   0: 0x80001bb4 (0xb372d083) lhu     ra, -1225(t0)
core   0: 3 0x80001bb4 (0xb372d083) x1  0x00000000 mem 0x80018886
core   0: 0x80001bb8 (0x00008e21) c.xor   a2, s0
core   0: 3 0x80001bb8 (0x8e21) x12 0xf0a6efc1
core   0: 0x80001bba (0x03a5eab3) rem     s5, a1, s10
core   0: 3 0x80001bba (0x03a5eab3) x21 0x00000000
core   0: 0x80001bbe (0x93328703) lb      a4, -1741(t0)
core   0: 3 0x80001bbe (0x93328703) x14 0x00000000 mem 0x80018682
core   0: 0x80001bc2 (0x3d028383) lb      t2, 976(t0)
core   0: 3 0x80001bc2 (0x3d028383) x7  0x00000000 mem 0x8001911f
core   0: 0x80001bc6 (0x00000001) c.nop
core   0: 3 0x80001bc6 (0x0001)
core   0: 0x80001bc8 (0x81129f83) lh      t6, -2031(t0)
core   0: 3 0x80001bc8 (0x81129f83) x31 0x00000000 mem 0x80018560
core   0: 0x80001bcc (0x4af29603) lh      a2, 1199(t0)
core   0: 3 0x80001bcc (0x4af29603) x12 0x00000000 mem 0x800191fe
core   0: 0x80001bd0 (0x34047e73) csrrci  t3, mscratch, 8
core   0: 3 0x80001bd0 (0x34047e73) x28 0xffffffff c832_mscratch 0xfffffff7
core   0: 0x80001bd4 (0x5f728d23) sb      s7, 1530(t0)
core   0: 3 0x80001bd4 (0x5f728d23) mem 0x80019349 0x2f
core   0: 0x80001bd8 (0x5f82cc83) lbu     s9, 1528(t0)
core   0: 3 0x80001bd8 (0x5f82cc83) x25 0x00000000 mem 0x80019347
core   0: 0x80001bdc (0x00000001) c.nop
core   0: 3 0x80001bdc (0x0001)
core   0: 0x80001bde (0x00004259) c.li    tp, 22
core   0: 3 0x80001bde (0x4259) x4  0x00000016
core   0: 0x80001be0 (0xe3228983) lb      s3, -462(t0)
core   0: 3 0x80001be0 (0xe3228983) x19 0x00000000 mem 0x80018b81
core   0: 0x80001be4 (0x3ee2ca83) lbu     s5, 1006(t0)
core   0: 3 0x80001be4 (0x3ee2ca83) x21 0x00000000 mem 0x8001913d
core   0: 0x80001be8 (0x2b32cf03) lbu     t5, 691(t0)
core   0: 3 0x80001be8 (0x2b32cf03) x30 0x00000000 mem 0x80019002
core   0: 0x80001bec (0xaa228e03) lb      t3, -1374(t0)
core   0: 3 0x80001bec (0xaa228e03) x28 0x00000000 mem 0x800187f1
core   0: 0x80001bf0 (0x52e282a3) sb      a4, 1317(t0)
core   0: 3 0x80001bf0 (0x52e282a3) mem 0x80019274 0x00
core   0: 0x80001bf4 (0xd8c2c983) lbu     s3, -628(t0)
core   0: 3 0x80001bf4 (0xd8c2c983) x19 0x00000000 mem 0x80018adb
core   0: 0x80001bf8 (0xb8e28c23) sb      a4, -1128(t0)
core   0: 3 0x80001bf8 (0xb8e28c23) mem 0x800188e7 0x00
core   0: 0x80001bfc (0x9c72ca83) lbu     s5, -1593(t0)
core   0: 3 0x80001bfc (0x9c72ca83) x21 0x00000000 mem 0x80018716
core   0: 0x80001c00 (0x8cb2d783) lhu     a5, -1845(t0)
core   0: 3 0x80001c00 (0x8cb2d783) x15 0x00000000 mem 0x8001861a
core   0: 0x80001c04 (0xf432d683) lhu     a3, -189(t0)
core   0: 3 0x80001c04 (0xf432d683) x13 0x00000000 mem 0x80018c92
core   0: 0x80001c08 (0x02be37b3) mulhu   a5, t3, a1
core   0: 3 0x80001c08 (0x02be37b3) x15 0x00000000
core   0: 0x80001c0c (0x00f134b3) sltu    s1, sp, a5
core   0: 3 0x80001c0c (0x00f134b3) x9  0x00000000
core   0: 0x80001c10 (0x1d62c083) lbu     ra, 470(t0)
core   0: 3 0x80001c10 (0x1d62c083) x1  0x00000000 mem 0x80018f25
core   0: 0x80001c14 (0x00016117) auipc   sp, 0x16
core   0: 3 0x80001c14 (0x00016117) x2  0x80017c14
core   0: 0x80001c18 (0xf4910113) addi    sp, sp, -183
core   0: 3 0x80001c18 (0xf4910113) x2  0x80017b5d
core   0: 0x80001c1c (0x00b11a03) lh      s4, 11(sp)
core   0: 3 0x80001c1c (0x00b11a03) x20 0x00000000 mem 0x80017b68
core   0: 0x80001c20 (0x00075033) srl     zero, a4, zero
core   0: 3 0x80001c20 (0x00075033)
core   0: 0x80001c24 (0x000005de) c.slli  a1, 23
core   0: 3 0x80001c24 (0x05de) x11 0x00000000
core   0: 0x80001c26 (0x00715683) lhu     a3, 7(sp)
core   0: 3 0x80001c26 (0x00715683) x13 0x00000000 mem 0x80017b64
core   0: 0x80001c2a (0x00814c83) lbu     s9, 8(sp)
core   0: 3 0x80001c2a (0x00814c83) x25 0x00000000 mem 0x80017b65
core   0: 0x80001c2e (0xff110e23) sb      a7, -4(sp)
core   0: 3 0x80001c2e (0xff110e23) mem 0x80017b59 0xff
core   0: 0x80001c32 (0xff714b03) lbu     s6, -9(sp)
core   0: 3 0x80001c32 (0xff714b03) x22 0x00000000 mem 0x80017b54
core   0: 0x80001c36 (0x01014b83) lbu     s7, 16(sp)
core   0: 3 0x80001c36 (0x01014b83) x23 0x00000000 mem 0x80017b6d
core   0: 0x80001c3a (0xfe012fa3) sw      zero, -1(sp)
core   0: 3 0x80001c3a (0xfe012fa3) mem 0x80017b5c 0x00000000
core   0: 0x80001c3e (0x00115383) lhu     t2, 1(sp)
core   0: 3 0x80001c3e (0x00115383) x7  0x00000000 mem 0x80017b5e
core   0: 0x80001c42 (0x00009a62) c.add   s4, s8
core   0: 3 0x80001c42 (0x9a62) x20 0x80025ea4
core   0: 0x80001c44 (0x340fddf3) csrrwi  s11, mscratch, 31
core   0: 3 0x80001c44 (0x340fddf3) x27 0xfffffff7 c832_mscratch 0x0000001f
core   0: 0x80001c48 (0x0000197d) c.addi  s2, -1
core   0: 3 0x80001c48 (0x197d) x18 0xffffffff
core   0: 0x80001c4a (0x00010583) lb      a1, 0(sp)
core   0: 3 0x80001c4a (0x00010583) x11 0x00000000 mem 0x80017b5d
core   0: 0x80001c4e (0x01014b03) lbu     s6, 16(sp)
core   0: 3 0x80001c4e (0x01014b03) x22 0x00000000 mem 0x80017b6d
core   0: 0x80001c52 (0x00d3a5b3) slt     a1, t2, a3
core   0: 3 0x80001c52 (0x00d3a5b3) x11 0x00000000
core   0: 0x80001c56 (0x01db5793) srli    a5, s6, 29
core   0: 3 0x80001c56 (0x01db5793) x15 0x00000000
core   0: 0x80001c5a (0x00008d71) c.and   a0, a2
core   0: 3 0x80001c5a (0x8d71) x10 0x00000000
core   0: 0x80001c5c (0x340c7873) csrrci  a6, mscratch, 24
core   0: 3 0x80001c5c (0x340c7873) x16 0x0000001f c832_mscratch 0x00000007
core   0: 0x80001c60 (0x00914c83) lbu     s9, 9(sp)
core   0: 3 0x80001c60 (0x00914c83) x25 0x00000000 mem 0x80017b66
core   0: 0x80001c64 (0x01110323) sb      a7, 6(sp)
core   0: 3 0x80001c64 (0x01110323) mem 0x80017b63 0xff
core   0: 0x80001c68 (0x0ff0000f) fence   iorw,iorw
core   0: 3 0x80001c68 (0x0ff0000f)
core   0: 0x80001c6c (0xff814603) lbu     a2, -8(sp)
core   0: 3 0x80001c6c (0xff814603) x12 0x00000000 mem 0x80017b55
core   0: 0x80001c70 (0x00410b83) lb      s7, 4(sp)
core   0: 3 0x80001c70 (0x00410b83) x23 0x00000000 mem 0x80017b61
core   0: 0x80001c74 (0x00712503) lw      a0, 7(sp)
core   0: 3 0x80001c74 (0x00712503) x10 0x00000000 mem 0x80017b64
core   0: 0x80001c78 (0xff314983) lbu     s3, -13(sp)
core   0: 3 0x80001c78 (0xff314983) x19 0x00000000 mem 0x80017b50
core   0: 0x80001c7c (0x0000464d) c.li    a2, 19
core   0: 3 0x80001c7c (0x464d) x12 0x00000013
core   0: 0x80001c7e (0xffb10383) lb      t2, -5(sp)
core   0: 3 0x80001c7e (0xffb10383) x7  0x00000000 mem 0x80017b58
core   0: 0x80001c82 (0xea88bcb7) lui     s9, 0xea88b
core   0: 3 0x80001c82 (0xea88bcb7) x25 0xea88b000
core   0: 0x80001c86 (0x9157a713) slti    a4, a5, -1771
core   0: 3 0x80001c86 (0x9157a713) x14 0x00000000
core   0: 0x80001c8a (0x012125a3) sw      s2, 11(sp)
core   0: 3 0x80001c8a (0x012125a3) mem 0x80017b68 0xffffffff
core   0: 0x80001c8e (0x00008ea5) c.xor   a3, s1
core   0: 3 0x80001c8e (0x8ea5) x13 0x00000000
core   0: 0x80001c90 (0x01f102a3) sb      t6, 5(sp)
core   0: 3 0x80001c90 (0x01f102a3) mem 0x80017b62 0x00
core   0: 0x80001c94 (0xfff10823) sb      t6, -16(sp)
core   0: 3 0x80001c94 (0xfff10823) mem 0x80017b4d 0x00
core   0: 0x80001c98 (0x00414d03) lbu     s10, 4(sp)
core   0: 3 0x80001c98 (0x00414d03) x26 0x00000000 mem 0x80017b61
core   0: 0x80001c9c (0x00514583) lbu     a1, 5(sp)
core   0: 3 0x80001c9c (0x00514583) x11 0x00000000 mem 0x80017b62
core   0: 0x80001ca0 (0x00ce1833) sll     a6, t3, a2
core   0: 3 0x80001ca0 (0x00ce1833) x16 0x00000000
core   0: 0x80001ca4 (0xff612fa3) sw      s6, -1(sp)
core   0: 3 0x80001ca4 (0xff612fa3) mem 0x80017b5c 0x00000000
core   0: 0x80001ca8 (0xff111f83) lh      t6, -15(sp)
core   0: 3 0x80001ca8 (0xff111f83) x31 0x00000000 mem 0x80017b4e
core   0: 0x80001cac (0x00008391) c.srli  a5, 4
core   0: 3 0x80001cac (0x8391) x15 0x00000000
core   0: 0x80001cae (0x01610223) sb      s6, 4(sp)
core   0: 3 0x80001cae (0x01610223) mem 0x80017b61 0x00
core   0: 0x80001cb2 (0xff110923) sb      a7, -14(sp)
core   0: 3 0x80001cb2 (0xff110923) mem 0x80017b4f 0xff
core   0: 0x80001cb6 (0x00e10b83) lb      s7, 14(sp)
core   0: 3 0x80001cb6 (0x00e10b83) x23 0xffffffff mem 0x80017b6b
core   0: 0x80001cba (0xffc10683) lb      a3, -4(sp)
core   0: 3 0x80001cba (0xffc10683) x13 0xffffffff mem 0x80017b59
core   0: 0x80001cbe (0x0000049a) c.slli  s1, 6
core   0: 3 0x80001cbe (0x049a) x9  0x00000000
core   0: 0x80001cc0 (0x3c5e2f37) lui     t5, 0x3c5e2
core   0: 3 0x80001cc0 (0x3c5e2f37) x30 0x3c5e2000
core   0: 0x80001cc4 (0xff010d03) lb      s10, -16(sp)
core   0: 3 0x80001cc4 (0xff010d03) x26 0x00000000 mem 0x80017b4d
core   0: 0x80001cc8 (0xff814883) lbu     a7, -8(sp)
core   0: 3 0x80001cc8 (0xff814883) x17 0x00000000 mem 0x80017b55
core   0: 0x80001ccc (0x0000e117) auipc   sp, 0xe
core   0: 3 0x80001ccc (0x0000e117) x2  0x8000fccc
core   0: 0x80001cd0 (0x57810113) addi    sp, sp, 1400
core   0: 3 0x80001cd0 (0x57810113) x2  0x80010244
core   0: 0x80001cd4 (0x000099b2) c.add   s3, a2
core   0: 3 0x80001cd4 (0x99b2) x19 0x00000013
core   0: 0x80001cd6 (0x0000648d) c.lui   s1, 0x3
core   0: 3 0x80001cd6 (0x648d) x9  0x00003000
core   0: 0x80001cd8 (0x0000c02e) c.swsp  a1, 0(sp)
core   0: 3 0x80001cd8 (0xc02e) mem 0x80010244 0x00000000
core   0: 0x80001cda (0x00008cb1) c.xor   s1, a2
core   0: 3 0x80001cda (0x8cb1) x9  0x00003013
core   0: 0x80001cdc (0x00310b03) lb      s6, 3(sp)
core   0: 3 0x80001cdc (0x00310b03) x22 0x00000000 mem 0x80010247
core   0: 0x80001ce0 (0xffd10083) lb      ra, -3(sp)
core   0: 3 0x80001ce0 (0xffd10083) x1  0x00000000 mem 0x80010241
core   0: 0x80001ce4 (0x03163e33) mulhu   t3, a2, a7
core   0: 3 0x80001ce4 (0x03163e33) x28 0x00000000
core   0: 0x80001ce8 (0xffb11b23) sh      s11, -10(sp)
core   0: 3 0x80001ce8 (0xffb11b23) mem 0x8001023a 0xfff7
core   0: 0x80001cec (0x0000c24a) c.swsp  s2, 4(sp)
core   0: 3 0x80001cec (0xc24a) mem 0x80010248 0xffffffff
core   0: 0x80001cee (0xff710083) lb      ra, -9(sp)
core   0: 3 0x80001cee (0xff710083) x1  0xffffffff mem 0x8001023b
core   0: 0x80001cf2 (0x034f20b3) mulhsu  ra, t5, s4
core   0: 3 0x80001cf2 (0x034f20b3) x1  0x1e2f9f0d
core   0: 0x80001cf6 (0x00701d33) sll     s10, zero, t2
core   0: 3 0x80001cf6 (0x00701d33) x26 0x00000000
core   0: 0x80001cfa (0x00310183) lb      gp, 3(sp)
core   0: 3 0x80001cfa (0x00310183) x3  0x00000000 mem 0x80010247
core   0: 0x80001cfe (0x01bd4fb3) xor     t6, s10, s11
core   0: 3 0x80001cfe (0x01bd4fb3) x31 0xfffffff7
core   0: 0x80001d02 (0x012b1593) slli    a1, s6, 18
core   0: 3 0x80001d02 (0x012b1593) x11 0x00000000
core   0: 0x80001d06 (0x0000c63e) c.swsp  a5, 12(sp)
core   0: 3 0x80001d06 (0xc63e) mem 0x80010250 0x00000000
core   0: 0x80001d08 (0xff415283) lhu     t0, -12(sp)
core   0: 3 0x80001d08 (0xff415283) x5  0x00000000 mem 0x80010238
core   0: 0x80001d0c (0x00cea733) slt     a4, t4, a2
core   0: 3 0x80001d0c (0x00cea733) x14 0x00000001
core   0: 0x80001d10 (0x000083ed) c.srli  a5, 27
core   0: 3 0x80001d10 (0x83ed) x15 0x00000000
core   0: 0x80001d12 (0xfe010c23) sb      zero, -8(sp)
core   0: 3 0x80001d12 (0xfe010c23) mem 0x8001023c 0x00
core   0: 0x80001d16 (0xfef10823) sb      a5, -16(sp)
core   0: 3 0x80001d16 (0xfef10823) mem 0x80010234 0x00
core   0: 0x80001d1a (0x3403d9f3) csrrwi  s3, mscratch, 7
core   0: 3 0x80001d1a (0x3403d9f3) x19 0x00000007 c832_mscratch 0x00000007
core   0: 0x80001d1e (0x40728033) sub     zero, t0, t2
core   0: 3 0x80001d1e (0x40728033)
core   0: 0x80001d22 (0x00914203) lbu     tp, 9(sp)
core   0: 3 0x80001d22 (0x00914203) x4  0x00000000 mem 0x8001024d
core   0: 0x80001d26 (0xff012703) lw      a4, -16(sp)
core   0: 3 0x80001d26 (0xff012703) x14 0x00000000 mem 0x80010234
core   0: 0x80001d2a (0xff514003) lbu     zero, -11(sp)
core   0: 3 0x80001d2a (0xff514003) mem 0x80010239
core   0: 0x80001d2e (0xff510303) lb      t1, -11(sp)
core   0: 3 0x80001d2e (0xff510303) x6  0x00000000 mem 0x80010239
core   0: 0x80001d32 (0x017cdb13) srli    s6, s9, 23
core   0: 3 0x80001d32 (0x017cdb13) x22 0x000001d5
core   0: 0x80001d36 (0xff114383) lbu     t2, -15(sp)
core   0: 3 0x80001d36 (0xff114383) x7  0x00000000 mem 0x80010235
core   0: 0x80001d3a (0x0272d2b3) divu    t0, t0, t2
core   0: 3 0x80001d3a (0x0272d2b3) x5  0xffffffff
core   0: 0x80001d3e (0x002103a3) sb      sp, 7(sp)
core   0: 3 0x80001d3e (0x002103a3) mem 0x8001024b 0x44
core   0: 0x80001d42 (0x02d31333) mulh    t1, t1, a3
core   0: 3 0x80001d42 (0x02d31333) x6  0x00000000
core   0: 0x80001d46 (0x00000001) c.nop
core   0: 3 0x80001d46 (0x0001)
core   0: 0x80001d48 (0x340fda73) csrrwi  s4, mscratch, 31
core   0: 3 0x80001d48 (0x340fda73) x20 0x00000007 c832_mscratch 0x0000001f
core   0: 0x80001d4c (0x00614e03) lbu     t3, 6(sp)
core   0: 3 0x80001d4c (0x00614e03) x28 0x000000ff mem 0x8001024a
core   0: 0x80001d50 (0x004105a3) sb      tp, 11(sp)
core   0: 3 0x80001d50 (0x004105a3) mem 0x8001024f 0x00
core   0: 0x80001d54 (0x00a11803) lh      a6, 10(sp)
core   0: 3 0x80001d54 (0x00a11803) x16 0x00000000 mem 0x8001024e
core   0: 0x80001d58 (0xff314883) lbu     a7, -13(sp)
core   0: 3 0x80001d58 (0xff314883) x17 0x00000000 mem 0x80010237
core   0: 0x80001d5c (0x000040fd) c.li    ra, 31
core   0: 3 0x80001d5c (0x40fd) x1  0x0000001f
core   0: 0x80001d5e (0x0000c80e) c.swsp  gp, 16(sp)
core   0: 3 0x80001d5e (0xc80e) mem 0x80010254 0x00000000
core   0: 0x80001d60 (0xff310203) lb      tp, -13(sp)
core   0: 3 0x80001d60 (0xff310203) x4  0x00000000 mem 0x80010237
core   0: 0x80001d64 (0x00000b7a) c.slli  s6, 30
core   0: 3 0x80001d64 (0x0b7a) x22 0x40000000
core   0: 0x80001d66 (0x0129dd93) srli    s11, s3, 18
core   0: 3 0x80001d66 (0x0129dd93) x27 0x00000000
core   0: 0x80001d6a (0x0204f933) remu    s2, s1, zero
core   0: 3 0x80001d6a (0x0204f933) x18 0x00003013
core   0: 0x80001d6e (0x340bd973) csrrwi  s2, mscratch, 23
core   0: 3 0x80001d6e (0x340bd973) x18 0x0000001f c832_mscratch 0x00000017
core   0: 0x80001d72 (0x019d1193) slli    gp, s10, 25
core   0: 3 0x80001d72 (0x019d1193) x3  0x00000000
core   0: 0x80001d76 (0x00311523) sh      gp, 10(sp)
core   0: 3 0x80001d76 (0x00311523) mem 0x8001024e 0x0000
core   0: 0x80001d7a (0x00f14c83) lbu     s9, 15(sp)
core   0: 3 0x80001d7a (0x00f14c83) x25 0x00000000 mem 0x80010253
core   0: 0x80001d7e (0x34006df3) csrrsi  s11, mscratch, 0
core   0: 3 0x80001d7e (0x34006df3) x27 0x00000017
core   0: 0x80001d82 (0x0390f833) remu    a6, ra, s9
core   0: 3 0x80001d82 (0x0390f833) x16 0x0000001f
core   0: 0x80001d86 (0xffd10ba3) sb      t4, -9(sp)
core   0: 3 0x80001d86 (0xffd10ba3) mem 0x8001023b 0x24
core   0: 0x80001d8a (0x8abf2893) slti    a7, t5, -1877
core   0: 3 0x80001d8a (0x8abf2893) x17 0x00000000
core   0: 0x80001d8e (0x401f84b3) sub     s1, t6, ra
core   0: 3 0x80001d8e (0x401f84b3) x9  0xffffffd8
core   0: 0x80001d92 (0x00e106a3) sb      a4, 13(sp)
core   0: 3 0x80001d92 (0x00e106a3) mem 0x80010251 0x00
core   0: 0x80001d96 (0xff910d03) lb      s10, -7(sp)
core   0: 3 0x80001d96 (0xff910d03) x26 0x00000000 mem 0x8001023d
core   0: 0x80001d9a (0x0000f117) auipc   sp, 0xf
core   0: 3 0x80001d9a (0x0000f117) x2  0x80010d9a
core   0: 0x80001d9e (0xd9a10113) addi    sp, sp, -614
core   0: 3 0x80001d9e (0xd9a10113) x2  0x80010b34
core   0: 0x80001da2 (0x00000001) c.nop
core   0: 3 0x80001da2 (0x0001)
core   0: 0x80001da4 (0x01eda9b3) slt     s3, s11, t5
core   0: 3 0x80001da4 (0x01eda9b3) x19 0x00000001
core   0: 0x80001da8 (0x13ad7313) andi    t1, s10, 314
core   0: 3 0x80001da8 (0x13ad7313) x6  0x00000000
core   0: 0x80001dac (0x5f9ec513) xori    a0, t4, 1529
core   0: 3 0x80001dac (0x5f9ec513) x10 0x800298dd
core   0: 0x80001db0 (0x01c105a3) sb      t3, 11(sp)
core   0: 3 0x80001db0 (0x01c105a3) mem 0x80010b3f 0xff
core   0: 0x80001db4 (0x0000587d) c.li    a6, -1
core   0: 3 0x80001db4 (0x587d) x16 0xffffffff
core   0: 0x80001db6 (0x00766733) or      a4, a2, t2
core   0: 3 0x80001db6 (0x00766733) x14 0x00000013
core   0: 0x80001dba (0x34002273) csrr    tp, mscratch
core   0: 3 0x80001dba (0x34002273) x4  0x00000017
core   0: 0x80001dbe (0xd6a7e513) ori     a0, a5, -662
core   0: 3 0x80001dbe (0xd6a7e513) x10 0xfffffd6a
core   0: 0x80001dc2 (0x000481b3) add     gp, s1, zero
core   0: 3 0x80001dc2 (0x000481b3) x3  0xffffffd8
core   0: 0x80001dc6 (0xff010da3) sb      a6, -5(sp)
core   0: 3 0x80001dc6 (0xff010da3) mem 0x80010b2f 0xff
core   0: 0x80001dca (0x0000c84a) c.swsp  s2, 16(sp)
core   0: 3 0x80001dca (0xc84a) mem 0x80010b44 0x0000001f
core   0: 0x80001dcc (0x003476b3) and     a3, s0, gp
core   0: 3 0x80001dcc (0x003476b3) x13 0xf0a6efc0
core   0: 0x80001dd0 (0xff210203) lb      tp, -14(sp)
core   0: 3 0x80001dd0 (0xff210203) x4  0x00000000 mem 0x80010b26
core   0: 0x80001dd4 (0xff910283) lb      t0, -7(sp)
core   0: 3 0x80001dd4 (0xff910283) x5  0x00000000 mem 0x80010b2d
core   0: 0x80001dd8 (0x037c2333) mulhsu  t1, s8, s7
core   0: 3 0x80001dd8 (0x037c2333) x6  0x80025ea4
core   0: 0x80001ddc (0xa2fe4f93) xori    t6, t3, -1489
core   0: 3 0x80001ddc (0xa2fe4f93) x31 0xfffffad0
core   0: 0x80001de0 (0x00510c83) lb      s9, 5(sp)
core   0: 3 0x80001de0 (0x00510c83) x25 0x00000000 mem 0x80010b39
core   0: 0x80001de4 (0x98b92637) lui     a2, 0x98b92
core   0: 3 0x80001de4 (0x98b92637) x12 0x98b92000
core   0: 0x80001de8 (0x00008eed) c.and   a3, a1
core   0: 3 0x80001de8 (0x8eed) x13 0x00000000
core   0: 0x80001dea (0xffa11c83) lh      s9, -6(sp)
core   0: 3 0x80001dea (0xffa11c83) x25 0xffffff00 mem 0x80010b2e
core   0: 0x80001dee (0x03f51d33) mulh    s10, a0, t6
core   0: 3 0x80001dee (0x03f51d33) x26 0x00000000
core   0: 0x80001df2 (0xff914703) lbu     a4, -7(sp)
core   0: 3 0x80001df2 (0xff914703) x14 0x00000000 mem 0x80010b2d
core   0: 0x80001df6 (0xff210fa3) sb      s2, -1(sp)
core   0: 3 0x80001df6 (0xff210fa3) mem 0x80010b33 0x1f
core   0: 0x80001dfa (0x00310a83) lb      s5, 3(sp)
core   0: 3 0x80001dfa (0x00310a83) x21 0x00000000 mem 0x80010b37
core   0: 0x80001dfe (0x34003673) csrrc   a2, mscratch, zero
core   0: 3 0x80001dfe (0x34003673) x12 0x00000017
core   0: 0x80001e02 (0x00e11383) lh      t2, 14(sp)
core   0: 3 0x80001e02 (0x00e11383) x7  0x00000000 mem 0x80010b42
core   0: 0x80001e06 (0xff314f03) lbu     t5, -13(sp)
core   0: 3 0x80001e06 (0xff314f03) x30 0x00000000 mem 0x80010b27
core   0: 0x80001e0a (0x34006973) csrrsi  s2, mscratch, 0
core   0: 3 0x80001e0a (0x34006973) x18 0x00000017
core   0: 0x80001e0e (0xfff10aa3) sb      t6, -11(sp)
core   0: 3 0x80001e0e (0xfff10aa3) mem 0x80010b29 0xd0
core   0: 0x80001e12 (0xfff14583) lbu     a1, -1(sp)
core   0: 3 0x80001e12 (0xfff14583) x11 0x0000001f mem 0x80010b33
core   0: 0x80001e16 (0x40ccd1b3) sra     gp, s9, a2
core   0: 3 0x80001e16 (0x40ccd1b3) x3  0xffffffff
core   0: 0x80001e1a (0xff812e23) sw      s8, -4(sp)
core   0: 3 0x80001e1a (0xff812e23) mem 0x80010b30 0x80025ea4
core   0: 0x80001e1e (0x00ece1b3) or      gp, s9, a4
core   0: 3 0x80001e1e (0x00ece1b3) x3  0xffffff00
core   0: 0x80001e22 (0xfec11d23) sh      a2, -6(sp)
core   0: 3 0x80001e22 (0xfec11d23) mem 0x80010b2e 0x0017
core   0: 0x80001e26 (0x01f104a3) sb      t6, 9(sp)
core   0: 3 0x80001e26 (0x01f104a3) mem 0x80010b3d 0xd0
core   0: 0x80001e2a (0x34007bf3) csrrci  s7, mscratch, 0
core   0: 3 0x80001e2a (0x34007bf3) x23 0x00000017
core   0: 0x80001e2e (0x00f10783) lb      a5, 15(sp)
core   0: 3 0x80001e2e (0x00f10783) x15 0x00000000 mem 0x80010b43
core   0: 0x80001e32 (0xfe310ca3) sb      gp, -7(sp)
core   0: 3 0x80001e32 (0xfe310ca3) mem 0x80010b2d 0x00
core   0: 0x80001e36 (0x00e11d83) lh      s11, 14(sp)
core   0: 3 0x80001e36 (0x00e11d83) x27 0x00000000 mem 0x80010b42
core   0: 0x80001e3a (0xae87e093) ori     ra, a5, -1304
core   0: 3 0x80001e3a (0xae87e093) x1  0xfffffae8
core   0: 0x80001e3e (0x00710f83) lb      t6, 7(sp)
core   0: 3 0x80001e3e (0x00710f83) x31 0x00000000 mem 0x80010b3b
core   0: 0x80001e42 (0xff810583) lb      a1, -8(sp)
core   0: 3 0x80001e42 (0xff810583) x11 0x00000000 mem 0x80010b2c
core   0: 0x80001e46 (0x0000100f) fence.i
core   0: 3 0x80001e46 (0x0000100f)
core   0: 0x80001e4a (0x00e11303) lh      t1, 14(sp)
core   0: 3 0x80001e4a (0x00e11303) x6  0x00000000 mem 0x80010b42
core   0: 0x80001e4e (0x1cfefa93) andi    s5, t4, 463
core   0: 3 0x80001e4e (0x1cfefa93) x21 0x00000104
core   0: 0x80001e52 (0xffe15783) lhu     a5, -2(sp)
core   0: 3 0x80001e52 (0xffe15783) x15 0x00008002 mem 0x80010b32
core   0: 0x80001e56 (0x34001573) csrrw   a0, mscratch, zero
core   0: 3 0x80001e56 (0x34001573) x10 0x00000017 c832_mscratch 0x00000000
core   0: 0x80001e5a (0x0b692713) slti    a4, s2, 182
core   0: 3 0x80001e5a (0x0b692713) x14 0x00000001
core   0: 0x80001e5e (0x00008599) c.srai  a1, 6
core   0: 3 0x80001e5e (0x8599) x11 0x00000000
core   0: 0x80001e60 (0xff310603) lb      a2, -13(sp)
core   0: 3 0x80001e60 (0xff310603) x12 0x00000000 mem 0x80010b27
core   0: 0x80001e64 (0xff510183) lb      gp, -11(sp)
core   0: 3 0x80001e64 (0xff510183) x3  0xffffffd0 mem 0x80010b29
core   0: 0x80001e68 (0xff914203) lbu     tp, -7(sp)
core   0: 3 0x80001e68 (0xff914203) x4  0x00000000 mem 0x80010b2d
core   0: 0x80001e6c (0xfff10e03) lb      t3, -1(sp)
core   0: 3 0x80001e6c (0xfff10e03) x28 0xffffff80 mem 0x80010b33
core   0: 0x80001e70 (0x00015b17) auipc   s6, 0x15
core   0: 3 0x80001e70 (0x00015b17) x22 0x80016e70
core   0: 0x80001e74 (0xe44b0b13) addi    s6, s6, -444
core   0: 3 0x80001e74 (0xe44b0b13) x22 0x80016cb4
core   0: 0x80001e78 (0x0041f633) and     a2, gp, tp
core   0: 3 0x80001e78 (0x0041f633) x12 0x00000000
core   0: 0x80001e7c (0x340ff5f3) csrrci  a1, mscratch, 31
core   0: 3 0x80001e7c (0x340ff5f3) x11 0x00000000 c832_mscratch 0x00000000
core   0: 0x80001e80 (0x00fb4183) lbu     gp, 15(s6)
core   0: 3 0x80001e80 (0x00fb4183) x3  0x00000000 mem 0x80016cc3
core   0: 0x80001e84 (0x0194dbb3) srl     s7, s1, s9
core   0: 3 0x80001e84 (0x0194dbb3) x23 0xffffffd8
core   0: 0x80001e88 (0x40ea5493) srai    s1, s4, 14
core   0: 3 0x80001e88 (0x40ea5493) x9  0x00000000
core   0: 0x80001e8c (0x00008cbd) c.xor   s1, a5
core   0: 3 0x80001e8c (0x8cbd) x9  0x00008002
core   0: 0x80001e8e (0x03027fb3) remu    t6, tp, a6
core   0: 3 0x80001e8e (0x03027fb3) x31 0x00000000
core   0: 0x80001e92 (0xffdb4603) lbu     a2, -3(s6)
core   0: 3 0x80001e92 (0xffdb4603) x12 0x00000000 mem 0x80016cb1
core   0: 0x80001e96 (0xffdb0d83) lb      s11, -3(s6)
core   0: 3 0x80001e96 (0xffdb0d83) x27 0x00000000 mem 0x80016cb1
core   0: 0x80001e9a (0x00e0ffb3) and     t6, ra, a4
core   0: 3 0x80001e9a (0x00e0ffb3) x31 0x00000000
core   0: 0x80001e9e (0x02f54e33) div     t3, a0, a5
core   0: 3 0x80001e9e (0x02f54e33) x28 0x00000000
core   0: 0x80001ea2 (0x02cb6cb3) rem     s9, s6, a2
core   0: 3 0x80001ea2 (0x02cb6cb3) x25 0x80016cb4
core   0: 0x80001ea6 (0x01b8da93) srli    s5, a7, 27
core   0: 3 0x80001ea6 (0x01b8da93) x21 0x00000000
core   0: 0x80001eaa (0xff2b1f03) lh      t5, -14(s6)
core   0: 3 0x80001eaa (0xff2b1f03) x30 0x00000000 mem 0x80016ca6
core   0: 0x80001eae (0x00009bf6) c.add   s7, t4
core   0: 3 0x80001eae (0x9bf6) x23 0x80029cfc
core   0: 0x80001eb0 (0x03c59a33) mulh    s4, a1, t3
core   0: 3 0x80001eb0 (0x03c59a33) x20 0x00000000
core   0: 0x80001eb4 (0x000064e1) c.lui   s1, 0x18
core   0: 3 0x80001eb4 (0x64e1) x9  0x00018000
core   0: 0x80001eb6 (0x01eb1323) sh      t5, 6(s6)
core   0: 3 0x80001eb6 (0x01eb1323) mem 0x80016cba 0x0000
core   0: 0x80001eba (0x00006169) c.addi16sp sp, 208
core   0: 3 0x80001eba (0x6169) x2  0x80010c04
core   0: 0x80001ebc (0x9064b893) sltiu   a7, s1, -1786
core   0: 3 0x80001ebc (0x9064b893) x17 0x00000001
core   0: 0x80001ec0 (0x00005afd) c.li    s5, -1
core   0: 3 0x80001ec0 (0x5afd) x21 0xffffffff
core   0: 0x80001ec2 (0x41a5d893) srai    a7, a1, 26
core   0: 3 0x80001ec2 (0x41a5d893) x17 0x00000000
core   0: 0x80001ec6 (0xff2b1d83) lh      s11, -14(s6)
core   0: 3 0x80001ec6 (0xff2b1d83) x27 0x00000000 mem 0x80016ca6
core   0: 0x80001eca (0x0000834d) c.srli  a4, 19
core   0: 3 0x80001eca (0x834d) x14 0x00000000
core   0: 0x80001ecc (0xff0b0ca3) sb      a6, -7(s6)
core   0: 3 0x80001ecc (0xff0b0ca3) mem 0x80016cad 0xff
core   0: 0x80001ed0 (0x0000932e) c.add   t1, a1
core   0: 3 0x80001ed0 (0x932e) x6  0x00000000
core   0: 0x80001ed2 (0x03c02833) mulhsu  a6, zero, t3
core   0: 3 0x80001ed2 (0x03c02833) x16 0x00000000
core   0: 0x80001ed6 (0x3409de73) csrrwi  t3, mscratch, 19
core   0: 3 0x80001ed6 (0x3409de73) x28 0x00000000 c832_mscratch 0x00000013
core   0: 0x80001eda (0x00008f15) c.sub   a4, a3
core   0: 3 0x80001eda (0x8f15) x14 0x00000000
core   0: 0x80001edc (0x0279fbb3) remu    s7, s3, t2
core   0: 3 0x80001edc (0x0279fbb3) x23 0x00000001
core   0: 0x80001ee0 (0x00008d5d) c.or    a0, a5
core   0: 3 0x80001ee0 (0x8d5d) x10 0x00008017
core   0: 0x80001ee2 (0x007b0f83) lb      t6, 7(s6)
core   0: 3 0x80001ee2 (0x007b0f83) x31 0x00000000 mem 0x80016cbb
core   0: 0x80001ee6 (0x0184dd13) srli    s10, s1, 24
core   0: 3 0x80001ee6 (0x0184dd13) x26 0x00000000
core   0: 0x80001eea (0x00008ac5) c.andi  a3, 17
core   0: 3 0x80001eea (0x8ac5) x13 0x00000000
core   0: 0x80001eec (0x00cb5703) lhu     a4, 12(s6)
core   0: 3 0x80001eec (0x00cb5703) x14 0x00000000 mem 0x80016cc0
core   0: 0x80001ef0 (0x018d40b3) xor     ra, s10, s8
core   0: 3 0x80001ef0 (0x018d40b3) x1  0x80025ea4
core   0: 0x80001ef4 (0x1fa64093) xori    ra, a2, 506
core   0: 3 0x80001ef4 (0x1fa64093) x1  0x000001fa
core   0: 0x80001ef8 (0x34062973) csrrs   s2, mscratch, a2
core   0: 3 0x80001ef8 (0x34062973) x18 0x00000013 c832_mscratch 0x00000013
core   0: 0x80001efc (0xff4b0923) sb      s4, -14(s6)
core   0: 3 0x80001efc (0xff4b0923) mem 0x80016ca6 0x00
core   0: 0x80001f00 (0x003b4a83) lbu     s5, 3(s6)
core   0: 3 0x80001f00 (0x003b4a83) x21 0x00000000 mem 0x80016cb7
core   0: 0x80001f04 (0xffbb4d83) lbu     s11, -5(s6)
core   0: 3 0x80001f04 (0xffbb4d83) x27 0x00000000 mem 0x80016caf
core   0: 0x80001f08 (0xc02aed13) ori     s10, s5, -1022
core   0: 3 0x80001f08 (0xc02aed13) x26 0xfffffc02
core   0: 0x80001f0c (0x010b1a03) lh      s4, 16(s6)
core   0: 3 0x80001f0c (0x010b1a03) x20 0x00000000 mem 0x80016cc4
core   0: 0x80001f10 (0x003b4f83) lbu     t6, 3(s6)
core   0: 3 0x80001f10 (0x003b4f83) x31 0x00000000 mem 0x80016cb7
core   0: 0x80001f14 (0x0001c117) auipc   sp, 0x1c
core   0: 3 0x80001f14 (0x0001c117) x2  0x8001df14
core   0: 0x80001f18 (0x0f010113) addi    sp, sp, 240
core   0: 3 0x80001f18 (0x0f010113) x2  0x8001e004
core   0: 0x80001f1c (0x09714b03) lbu     s6, 151(sp)
core   0: 3 0x80001f1c (0x09714b03) x22 0x00000000 mem 0x8001e09b
core   0: 0x80001f20 (0x00d0a9b3) slt     s3, ra, a3
core   0: 3 0x80001f20 (0x00d0a9b3) x19 0x00000000
core   0: 0x80001f24 (0x8e6fd637) lui     a2, 0x8e6fd
core   0: 3 0x80001f24 (0x8e6fd637) x12 0x8e6fd000
core   0: 0x80001f28 (0x03610123) sb      s6, 34(sp)
core   0: 3 0x80001f28 (0x03610123) mem 0x8001e026 0x00
core   0: 0x80001f2c (0xf7d10aa3) sb      t4, -139(sp)
core   0: 3 0x80001f2c (0xf7d10aa3) mem 0x8001df79 0x24
core   0: 0x80001f30 (0x07710903) lb      s2, 119(sp)
core   0: 3 0x80001f30 (0x07710903) x18 0x00000000 mem 0x8001e07b
core   0: 0x80001f34 (0x0f5107a3) sb      s5, 239(sp)
core   0: 3 0x80001f34 (0x0f5107a3) mem 0x8001e0f3 0x00
core   0: 0x80001f38 (0xf3e104a3) sb      t5, -215(sp)
core   0: 3 0x80001f38 (0xf3e104a3) mem 0x8001df2d 0x00
core   0: 0x80001f3c (0xf0615e03) lhu     t3, -250(sp)
core   0: 3 0x80001f3c (0xf0615e03) x28 0x00000000 mem 0x8001df0a
core   0: 0x80001f40 (0x00000001) c.nop
core   0: 3 0x80001f40 (0x0001)
core   0: 0x80001f42 (0x05e14b83) lbu     s7, 94(sp)
core   0: 3 0x80001f42 (0x05e14b83) x23 0x00000000 mem 0x8001e062
core   0: 0x80001f46 (0x00006f31) c.lui   t5, 0xc
core   0: 3 0x80001f46 (0x6f31) x30 0x0000c000
core   0: 0x80001f48 (0xf1812c83) lw      s9, -232(sp)
core   0: 3 0x80001f48 (0xf1812c83) x25 0x00000000 mem 0x8001df1c
core   0: 0x80001f4c (0x0b215903) lhu     s2, 178(sp)
core   0: 3 0x80001f4c (0x0b215903) x18 0x00000000 mem 0x8001e0b6
core   0: 0x80001f50 (0x0000c71e) c.swsp  t2, 140(sp)
core   0: 3 0x80001f50 (0xc71e) mem 0x8001e090 0x00000000
core   0: 0x80001f52 (0x05914803) lbu     a6, 89(sp)
core   0: 3 0x80001f52 (0x05914803) x16 0x00000000 mem 0x8001e05d
core   0: 0x80001f56 (0x00c76333) or      t1, a4, a2
core   0: 3 0x80001f56 (0x00c76333) x6  0x8e6fd000
core   0: 0x80001f5a (0x00000001) c.nop
core   0: 3 0x80001f5a (0x0001)
core   0: 0x80001f5c (0xf4110f83) lb      t6, -191(sp)
core   0: 3 0x80001f5c (0xf4110f83) x31 0x00000000 mem 0x8001df45
core   0: 0x80001f60 (0x0156f633) and     a2, a3, s5
core   0: 3 0x80001f60 (0x0156f633) x12 0x00000000
core   0: 0x80001f64 (0x340991f3) csrrw   gp, mscratch, s3
core   0: 3 0x80001f64 (0x340991f3) x3  0x00000013 c832_mscratch 0x00000000
core   0: 0x80001f68 (0x59854893) xori    a7, a0, 1432
core   0: 3 0x80001f68 (0x59854893) x17 0x0000858f
core   0: 0x80001f6c (0x37c47617) auipc   a2, 0x37c47
core   0: 3 0x80001f6c (0x37c47617) x12 0xb7c48f6c
core   0: 0x80001f70 (0x00008ffd) c.and   a5, a5
core   0: 3 0x80001f70 (0x8ffd) x15 0x00008002
core   0: 0x80001f72 (0x000084a9) c.srai  s1, 10
core   0: 3 0x80001f72 (0x84a9) x9  0x00000060
core   0: 0x80001f74 (0x07d14883) lbu     a7, 125(sp)
core   0: 3 0x80001f74 (0x07d14883) x17 0x00000000 mem 0x8001e081
core   0: 0x80001f78 (0x00019317) auipc   t1, 0x19
core   0: 3 0x80001f78 (0x00019317) x6  0x8001af78
core   0: 0x80001f7c (0x4a230313) addi    t1, t1, 1186
core   0: 3 0x80001f7c (0x4a230313) x6  0x8001b41a
core   0: 0x80001f80 (0x024901b3) mul     gp, s2, tp
core   0: 3 0x80001f80 (0x024901b3) x3  0x00000000
core   0: 0x80001f84 (0x02031203) lh      tp, 32(t1)
core   0: 3 0x80001f84 (0x02031203) x4  0x00000000 mem 0x8001b43a
core   0: 0x80001f88 (0x340cad73) csrrs   s10, mscratch, s9
core   0: 3 0x80001f88 (0x340cad73) x26 0x00000000 c832_mscratch 0x00000000
core   0: 0x80001f8c (0xfdc31783) lh      a5, -36(t1)
core   0: 3 0x80001f8c (0xfdc31783) x15 0x00000000 mem 0x8001b3f6
core   0: 0x80001f90 (0x002308a3) sb      sp, 17(t1)
core   0: 3 0x80001f90 (0x002308a3) mem 0x8001b42b 0x04
core   0: 0x80001f94 (0x001766b3) or      a3, a4, ra
core   0: 3 0x80001f94 (0x001766b3) x13 0x000001fa
core   0: 0x80001f98 (0x340ef1f3) csrrci  gp, mscratch, 29
core   0: 3 0x80001f98 (0x340ef1f3) x3  0x00000000 c832_mscratch 0x00000000
core   0: 0x80001f9c (0x00008e91) c.sub   a3, a2
core   0: 3 0x80001f9c (0x8e91) x13 0x483b728e
core   0: 0x80001f9e (0x01ff7a33) and     s4, t5, t6
core   0: 3 0x80001f9e (0x01ff7a33) x20 0x00000000
core   0: 0x80001fa2 (0x01519bb3) sll     s7, gp, s5
core   0: 3 0x80001fa2 (0x01519bb3) x23 0x00000000
core   0: 0x80001fa6 (0xff1306a3) sb      a7, -19(t1)
core   0: 3 0x80001fa6 (0xff1306a3) mem 0x8001b407 0x00
core   0: 0x80001faa (0x00132523) sw      ra, 10(t1)
core   0: 3 0x80001faa (0x00132523) mem 0x8001b424 0x000001fa
core   0: 0x80001fae (0xfcb34003) lbu     zero, -53(t1)
core   0: 3 0x80001fae (0xfcb34003) mem 0x8001b3e5
core   0: 0x80001fb2 (0x41515c93) srai    s9, sp, 21
core   0: 3 0x80001fb2 (0x41515c93) x25 0xfffffc00
core   0: 0x80001fb6 (0x00531a23) sh      t0, 20(t1)
core   0: 3 0x80001fb6 (0x00531a23) mem 0x8001b42e 0x0000
core   0: 0x80001fba (0x00730723) sb      t2, 14(t1)
core   0: 3 0x80001fba (0x00730723) mem 0x8001b428 0x00
core   0: 0x80001fbe (0xff2306a3) sb      s2, -19(t1)
core   0: 3 0x80001fbe (0xff2306a3) mem 0x8001b407 0x00
core   0: 0x80001fc2 (0xfe730603) lb      a2, -25(t1)
core   0: 3 0x80001fc2 (0xfe730603) x12 0x00000000 mem 0x8001b401
core   0: 0x80001fc6 (0xff334f03) lbu     t5, -13(t1)
core   0: 3 0x80001fc6 (0xff334f03) x30 0x00000000 mem 0x8001b40d
core   0: 0x80001fca (0xfdf30b03) lb      s6, -33(t1)
core   0: 3 0x80001fca (0xfdf30b03) x22 0x00000000 mem 0x8001b3f9
core   0: 0x80001fce (0x0000100f) fence.i
core   0: 3 0x80001fce (0x0000100f)
core   0: 0x80001fd2 (0x340a90f3) csrrw   ra, mscratch, s5
core   0: 3 0x80001fd2 (0x340a90f3) x1  0x00000000 c832_mscratch 0x00000000
core   0: 0x80001fd6 (0x4aa4cb93) xori    s7, s1, 1194
core   0: 3 0x80001fd6 (0x4aa4cb93) x23 0x000004ca
core   0: 0x80001fda (0x2d1a3393) sltiu   t2, s4, 721
core   0: 3 0x80001fda (0x2d1a3393) x7  0x00000001
core   0: 0x80001fde (0x00008e4d) c.or    a2, a1
core   0: 3 0x80001fde (0x8e4d) x12 0x00000000
core   0: 0x80001fe0 (0x019307a3) sb      s9, 15(t1)
core   0: 3 0x80001fe0 (0x019307a3) mem 0x8001b429 0x00
core   0: 0x80001fe4 (0x40fe3293) sltiu   t0, t3, 1039
core   0: 3 0x80001fe4 (0x40fe3293) x5  0x00000001
core   0: 0x80001fe8 (0xff330d23) sb      s3, -6(t1)
core   0: 3 0x80001fe8 (0xff330d23) mem 0x8001b414 0x00
core   0: 0x80001fec (0x8032cf13) xori    t5, t0, -2045
core   0: 3 0x80001fec (0x8032cf13) x30 0xfffff802
core   0: 0x80001ff0 (0xfd430fa3) sb      s4, -33(t1)
core   0: 3 0x80001ff0 (0xfd430fa3) mem 0x8001b3f9 0x00
core   0: 0x80001ff4 (0x00016e17) auipc   t3, 0x16
core   0: 3 0x80001ff4 (0x00016e17) x28 0x80017ff4
core   0: 0x80001ff8 (0x82ae0e13) addi    t3, t3, -2006
core   0: 3 0x80001ff8 (0x82ae0e13) x28 0x8001781e
core   0: 0x80001ffc (0x00d6a6b3) slt     a3, a3, a3
core   0: 3 0x80001ffc (0x00d6a6b3) x13 0x00000000
core   0: 0x80002000 (0x37ce5b83) lhu     s7, 892(t3)
core   0: 3 0x80002000 (0x37ce5b83) x23 0x00000000 mem 0x80017b9a
core   0: 0x80002004 (0x00006179) c.addi16sp sp, 464
core   0: 3 0x80002004 (0x6179) x2  0x8001e1d4
core   0: 0x80002006 (0x00009d76) c.add   s10, t4
core   0: 3 0x80002006 (0x9d76) x26 0x80029d24
core   0: 0x80002008 (0xa83e4003) lbu     zero, -1405(t3)
core   0: 3 0x80002008 (0xa83e4003) mem 0x800172a1
core   0: 0x8000200c (0x34007373) csrrci  t1, mscratch, 0
core   0: 3 0x8000200c (0x34007373) x6  0x00000000
core   0: 0x80002010 (0x4b9e4b83) lbu     s7, 1209(t3)
core   0: 3 0x80002010 (0x4b9e4b83) x23 0x00000000 mem 0x80017cd7
core   0: 0x80002014 (0xbe5e4483) lbu     s1, -1051(t3)
core   0: 3 0x80002014 (0xbe5e4483) x9  0x00000000 mem 0x80017403
core   0: 0x80002018 (0x00008f85) c.sub   a5, s1
core   0: 3 0x80002018 (0x8f85) x15 0x00000000
core   0: 0x8000201a (0x0ff0000f) fence   iorw,iorw
core   0: 3 0x8000201a (0x0ff0000f)
core   0: 0x8000201e (0x2dce0e23) sb      t3, 732(t3)
core   0: 3 0x8000201e (0x2dce0e23) mem 0x80017afa 0x1e
core   0: 0x80002022 (0x0afe0d83) lb      s11, 175(t3)
core   0: 3 0x80002022 (0x0afe0d83) x27 0x00000000 mem 0x800178cd
core   0: 0x80002026 (0x5b9237b7) lui     a5, 0x5b923
core   0: 3 0x80002026 (0x5b9237b7) x15 0x5b923000
core   0: 0x8000202a (0x03e33f33) mulhu   t5, t1, t5
core   0: 3 0x8000202a (0x03e33f33) x30 0x00000000
core   0: 0x8000202e (0x5eae0383) lb      t2, 1514(t3)
core   0: 3 0x8000202e (0x5eae0383) x7  0x00000000 mem 0x80017e08
core   0: 0x80002032 (0x000064e1) c.lui   s1, 0x18
core   0: 3 0x80002032 (0x64e1) x9  0x00018000
core   0: 0x80002034 (0x845e0903) lb      s2, -1979(t3)
core   0: 3 0x80002034 (0x845e0903) x18 0x00000000 mem 0x80017063
core   0: 0x80002038 (0x4002dcb3) sra     s9, t0, zero
core   0: 3 0x80002038 (0x4002dcb3) x25 0x00000001
core   0: 0x8000203c (0x0ff0000f) fence   iorw,iorw
core   0: 3 0x8000203c (0x0ff0000f)
core   0: 0x80002040 (0x340066f3) csrrsi  a3, mscratch, 0
core   0: 3 0x80002040 (0x340066f3) x13 0x00000000
core   0: 0x80002044 (0x00009626) c.add   a2, s1
core   0: 3 0x80002044 (0x9626) x12 0x00018000
core   0: 0x80002046 (0x98be0623) sb      a1, -1652(t3)
core   0: 3 0x80002046 (0x98be0623) mem 0x800171aa 0x00
core   0: 0x8000204a (0x00000001) c.nop
core   0: 3 0x8000204a (0x0001)
core   0: 0x8000204c (0xf76e2323) sw      s6, -154(t3)
core   0: 3 0x8000204c (0xf76e2323) mem 0x80017784 0x00000000
core   0: 0x80002050 (0x0000997d) c.andi  a0, -1
core   0: 3 0x80002050 (0x997d) x10 0x00008017
core   0: 0x80002052 (0xa0ce1103) lh      sp, -1524(t3)
core   0: 3 0x80002052 (0xa0ce1103) x2  0x00000000 mem 0x8001722a
core   0: 0x80002056 (0xc300c693) xori    a3, ra, -976
core   0: 3 0x80002056 (0xc300c693) x13 0xfffffc30
core   0: 0x8000205a (0x991e0603) lb      a2, -1647(t3)
core   0: 3 0x8000205a (0x991e0603) x12 0x00000000 mem 0x800171af
core   0: 0x8000205e (0xd80e05a3) sb      zero, -629(t3)
core   0: 3 0x8000205e (0xd80e05a3) mem 0x800175a9 0x00
core   0: 0x80002062 (0x730e03a3) sb      a6, 1831(t3)
core   0: 3 0x80002062 (0x730e03a3) mem 0x80017f45 0x00
core   0: 0x80002066 (0x00008e91) c.sub   a3, a2
core   0: 3 0x80002066 (0x8e91) x13 0xfffffc30
core   0: 0x80002068 (0x4a0e4683) lbu     a3, 1184(t3)
core   0: 3 0x80002068 (0x4a0e4683) x13 0x00000000 mem 0x80017cbe
core   0: 0x8000206c (0x00006221) c.lui   tp, 0x8
core   0: 3 0x8000206c (0x6221) x4  0x00008000
core   0: 0x8000206e (0x00009d6a) c.add   s10, s10
core   0: 3 0x8000206e (0x9d6a) x26 0x00053a48
core   0: 0x80002070 (0x000095d6) c.add   a1, s5
core   0: 3 0x80002070 (0x95d6) x11 0x00000000
core   0: 0x80002072 (0x00005afd) c.li    s5, -1
core   0: 3 0x80002072 (0x5afd) x21 0xffffffff
core   0: 0x80002074 (0xb29e0d83) lb      s11, -1239(t3)
core   0: 3 0x80002074 (0xb29e0d83) x27 0x00000000 mem 0x80017347
core   0: 0x80002078 (0xfcbe0c83) lb      s9, -53(t3)
core   0: 3 0x80002078 (0xfcbe0c83) x25 0x00000000 mem 0x800177e9
core   0: 0x8000207c (0x340038f3) csrrc   a7, mscratch, zero
core   0: 3 0x8000207c (0x340038f3) x17 0x00000000
core   0: 0x80002080 (0x668e1983) lh      s3, 1640(t3)
core   0: 3 0x80002080 (0x668e1983) x19 0x00000000 mem 0x80017e86
core   0: 0x80002084 (0x19fe1823) sh      t6, 400(t3)
core   0: 3 0x80002084 (0x19fe1823) mem 0x800179ae 0x0000
core   0: 0x80002088 (0x03057733) remu    a4, a0, a6
core   0: 3 0x80002088 (0x03057733) x14 0x00008017
core   0: 0x8000208c (0x340074f3) csrrci  s1, mscratch, 0
core   0: 3 0x8000208c (0x340074f3) x9  0x00000000
core   0: 0x80002090 (0x0000997d) c.andi  a0, -1
core   0: 3 0x80002090 (0x997d) x10 0x00008017
core   0: 0x80002092 (0xc93e0883) lb      a7, -877(t3)
core   0: 3 0x80002092 (0xc93e0883) x17 0x00000000 mem 0x800174b1
core   0: 0x80002096 (0xa00e1103) lh      sp, -1536(t3)
core   0: 3 0x80002096 (0xa00e1103) x2  0x00000000 mem 0x8001721e
core   0: 0x8000209a (0xf1ce0823) sb      t3, -240(t3)
core   0: 3 0x8000209a (0xf1ce0823) mem 0x8001772e 0x1e
core   0: 0x8000209e (0xd8fe0ba3) sb      a5, -617(t3)
core   0: 3 0x8000209e (0xd8fe0ba3) mem 0x800175b5 0x00
core   0: 0x800020a2 (0xef4e0e23) sb      s4, -260(t3)
core   0: 3 0x800020a2 (0xef4e0e23) mem 0x8001771a 0x00
core   0: 0x800020a6 (0x0000ed97) auipc   s11, 0xe
core   0: 3 0x800020a6 (0x0000ed97) x27 0x800100a6
core   0: 0x800020aa (0x42bd8d93) addi    s11, s11, 1067
core   0: 3 0x800020aa (0x42bd8d93) x27 0x800104d1
core   0: 0x800020ae (0x400d5a13) srai    s4, s10, 0
core   0: 3 0x800020ae (0x400d5a13) x20 0x00053a48
core   0: 0x800020b2 (0x00006159) c.addi16sp sp, 400
core   0: 3 0x800020b2 (0x6159) x2  0x00000190
core   0: 0x800020b4 (0x00006d6d) c.lui   s10, 0x1b
core   0: 3 0x800020b4 (0x6d6d) x26 0x0001b000
core   0: 0x800020b6 (0x0000100f) fence.i
core   0: 3 0x800020b6 (0x0000100f)
core   0: 0x800020ba (0x00bd94a3) sh      a1, 9(s11)
core   0: 3 0x800020ba (0x00bd94a3) mem 0x800104da 0x0000
core   0: 0x800020be (0x0000810d) c.srli  a0, 3
core   0: 3 0x800020be (0x810d) x10 0x00001002
core   0: 0x800020c0 (0x02562633) mulhsu  a2, a2, t0
core   0: 3 0x800020c0 (0x02562633) x12 0x00000000
core   0: 0x800020c4 (0x34002cf3) csrr    s9, mscratch
core   0: 3 0x800020c4 (0x34002cf3) x25 0x00000000
core   0: 0x800020c8 (0x00cd8803) lb      a6, 12(s11)
core   0: 3 0x800020c8 (0x00cd8803) x16 0x00000000 mem 0x800104dd
core   0: 0x800020cc (0x00c286b3) add     a3, t0, a2
core   0: 3 0x800020cc (0x00c286b3) x13 0x00000001
core   0: 0x800020d0 (0xffcd8103) lb      sp, -4(s11)
core   0: 3 0x800020d0 (0xffcd8103) x2  0x00000000 mem 0x800104cd
core   0: 0x800020d4 (0xff3d8003) lb      zero, -13(s11)
core   0: 3 0x800020d4 (0xff3d8003) mem 0x800104c4
core   0: 0x800020d8 (0xff8d8c83) lb      s9, -8(s11)
core   0: 3 0x800020d8 (0xff8d8c83) x25 0x00000000 mem 0x800104c9
core   0: 0x800020dc (0xff5dcd03) lbu     s10, -11(s11)
core   0: 3 0x800020dc (0xff5dcd03) x26 0x00000000 mem 0x800104c6
core   0: 0x800020e0 (0x0000197d) c.addi  s2, -1
core   0: 3 0x800020e0 (0x197d) x18 0xffffffff
core   0: 0x800020e2 (0x0077eb33) or      s6, a5, t2
core   0: 3 0x800020e2 (0x0077eb33) x22 0x5b923000
core   0: 0x800020e6 (0xfecd8e23) sb      a2, -4(s11)
core   0: 3 0x800020e6 (0xfecd8e23) mem 0x800104cd 0x00
core   0: 0x800020ea (0xffad8f83) lb      t6, -6(s11)
core   0: 3 0x800020ea (0xffad8f83) x31 0x00000000 mem 0x800104cb
core   0: 0x800020ee (0x019d8323) sb      s9, 6(s11)
core   0: 3 0x800020ee (0x019d8323) mem 0x800104d7 0x00
core   0: 0x800020f2 (0x003d8e03) lb      t3, 3(s11)
core   0: 3 0x800020f2 (0x003d8e03) x28 0x00000000 mem 0x800104d4
core   0: 0x800020f6 (0x41b60e33) sub     t3, a2, s11
core   0: 3 0x800020f6 (0x41b60e33) x28 0x7ffefb2f
core   0: 0x800020fa (0x01363bb3) sltu    s7, a2, s3
core   0: 3 0x800020fa (0x01363bb3) x23 0x00000000
core   0: 0x800020fe (0xfebd8923) sb      a1, -14(s11)
core   0: 3 0x800020fe (0xfebd8923) mem 0x800104c3 0x00
core   0: 0x80002102 (0x007d9f83) lh      t6, 7(s11)
core   0: 3 0x80002102 (0x007d9f83) x31 0x00000000 mem 0x800104d8
core   0: 0x80002106 (0x006d86a3) sb      t1, 13(s11)
core   0: 3 0x80002106 (0x006d86a3) mem 0x800104de 0x00
core   0: 0x8000210a (0xd4a4f993) andi    s3, s1, -694
core   0: 3 0x8000210a (0xd4a4f993) x19 0x00000000
core   0: 0x8000210e (0xff8dcf83) lbu     t6, -8(s11)
core   0: 3 0x8000210e (0xff8dcf83) x31 0x00000000 mem 0x800104c9
core   0: 0x80002112 (0xfecd88a3) sb      a2, -15(s11)
core   0: 3 0x80002112 (0xfecd88a3) mem 0x800104c2 0x00
core   0: 0x80002116 (0x00006821) c.lui   a6, 0x8
core   0: 3 0x80002116 (0x6821) x16 0x00008000
core   0: 0x80002118 (0xff6d8d03) lb      s10, -10(s11)
core   0: 3 0x80002118 (0xff6d8d03) x26 0x00000000 mem 0x800104c7
core   0: 0x8000211c (0xffcdcb83) lbu     s7, -4(s11)
core   0: 3 0x8000211c (0xffcdcb83) x23 0x00000000 mem 0x800104cd
core   0: 0x80002120 (0x0000e117) auipc   sp, 0xe
core   0: 3 0x80002120 (0x0000e117) x2  0x80010120
core   0: 0x80002124 (0x0af10113) addi    sp, sp, 175
core   0: 3 0x80002124 (0x0af10113) x2  0x800101cf
core   0: 0x80002128 (0x340f6cf3) csrrsi  s9, mscratch, 30
core   0: 3 0x80002128 (0x340f6cf3) x25 0x00000000 c832_mscratch 0x0000001e
core   0: 0x8000212c (0x0f214d83) lbu     s11, 242(sp)
core   0: 3 0x8000212c (0x0f214d83) x27 0x00000000 mem 0x800102c1
core   0: 0x80002130 (0x09911f83) lh      t6, 153(sp)
core   0: 3 0x80002130 (0x09911f83) x31 0x00000000 mem 0x80010268
core   0: 0x80002134 (0x01cbc4b3) xor     s1, s7, t3
core   0: 3 0x80002134 (0x01cbc4b3) x9  0x7ffefb2f
core   0: 0x80002138 (0x02497e33) remu    t3, s2, tp
core   0: 3 0x80002138 (0x02497e33) x28 0x00007fff
core   0: 0x8000213c (0xff110223) sb      a7, -28(sp)
core   0: 3 0x8000213c (0xff110223) mem 0x800101b3 0x00
core   0: 0x80002140 (0x01f68a33) add     s4, a3, t6
core   0: 3 0x80002140 (0x01f68a33) x20 0x00000001
core   0: 0x80002144 (0x02010883) lb      a7, 32(sp)
core   0: 3 0x80002144 (0x02010883) x17 0x00000000 mem 0x800101ef
core   0: 0x80002148 (0x039285b3) mul     a1, t0, s9
core   0: 3 0x80002148 (0x039285b3) x11 0x00000000
core   0: 0x8000214c (0x0bd10383) lb      t2, 189(sp)
core   0: 3 0x8000214c (0x0bd10383) x7  0x00000000 mem 0x8001028c
core   0: 0x80002150 (0x01cbfab3) and     s5, s7, t3
core   0: 3 0x80002150 (0x01cbfab3) x21 0x00000000
core   0: 0x80002154 (0x010b4733) xor     a4, s6, a6
core   0: 3 0x80002154 (0x010b4733) x14 0x5b92b000
core   0: 0x80002158 (0x078101a3) sb      s8, 99(sp)
core   0: 3 0x80002158 (0x078101a3) mem 0x80010232 0xa4
core   0: 0x8000215c (0x00008149) c.srli  a0, 18
core   0: 3 0x8000215c (0x8149) x10 0x00000000
core   0: 0x8000215e (0x01099c93) slli    s9, s3, 16
core   0: 3 0x8000215e (0x01099c93) x25 0x00000000
core   0: 0x80002162 (0x34006873) csrrsi  a6, mscratch, 0
core   0: 3 0x80002162 (0x34006873) x16 0x0000001e
core   0: 0x80002166 (0x00f47bb3) and     s7, s0, a5
core   0: 3 0x80002166 (0x00f47bb3) x23 0x50822000
core   0: 0x8000216a (0xf4c10723) sb      a2, -178(sp)
core   0: 3 0x8000216a (0xf4c10723) mem 0x8001011d 0x00
core   0: 0x8000216e (0xf7d11703) lh      a4, -131(sp)
core   0: 3 0x8000216e (0xf7d11703) x14 0x00000000 mem 0x8001014c
core   0: 0x80002172 (0x0ff0000f) fence   iorw,iorw
core   0: 3 0x80002172 (0x0ff0000f)
core   0: 0x80002176 (0x00b10f23) sb      a1, 30(sp)
core   0: 3 0x80002176 (0x00b10f23) mem 0x800101ed 0x00
core   0: 0x8000217a (0x40eb5c93) srai    s9, s6, 14
core   0: 3 0x8000217a (0x40eb5c93) x25 0x00016e48
core   0: 0x8000217e (0x00414483) lbu     s1, 4(sp)
core   0: 3 0x8000217e (0x00414483) x9  0x00000000 mem 0x800101d3
core   0: 0x80002182 (0x00004d79) c.li    s10, 30
core   0: 3 0x80002182 (0x4d79) x26 0x0000001e
core   0: 0x80002184 (0x0b414c83) lbu     s9, 180(sp)
core   0: 3 0x80002184 (0x0b414c83) x25 0x00000000 mem 0x80010283
core   0: 0x80002188 (0x03514003) lbu     zero, 53(sp)
core   0: 3 0x80002188 (0x03514003) mem 0x80010204
core   0: 0x8000218c (0x00b9ccb3) xor     s9, s3, a1
core   0: 3 0x8000218c (0x00b9ccb3) x25 0x00000000
core   0: 0x80002190 (0xf4510fa3) sb      t0, -161(sp)
core   0: 3 0x80002190 (0xf4510fa3) mem 0x8001012e 0x01
core   0: 0x80002194 (0x00000fe9) c.addi  t6, 26
core   0: 3 0x80002194 (0x0fe9) x31 0x0000001a
core   0: 0x80002196 (0x3400a0f3) csrrs   ra, mscratch, ra
core   0: 3 0x80002196 (0x3400a0f3) x1  0x0000001e c832_mscratch 0x0000001e
core   0: 0x8000219a (0xf7714883) lbu     a7, -137(sp)
core   0: 3 0x8000219a (0xf7714883) x17 0x00000000 mem 0x80010146
core   0: 0x8000219e (0x000119a3) sh      zero, 19(sp)
core   0: 3 0x8000219e (0x000119a3) mem 0x800101e2 0x0000
core   0: 0x800021a2 (0x0000824d) c.srli  a2, 19
core   0: 3 0x800021a2 (0x824d) x12 0x00000000
core   0: 0x800021a4 (0xf35105a3) sb      s5, -213(sp)
core   0: 3 0x800021a4 (0xf35105a3) mem 0x800100fa 0x00
core   0: 0x800021a8 (0x41f85193) srai    gp, a6, 31
core   0: 3 0x800021a8 (0x41f85193) x3  0x00000000
core   0: 0x800021ac (0x012b5093) srli    ra, s6, 18
core   0: 3 0x800021ac (0x012b5093) x1  0x000016e4
core   0: 0x800021b0 (0x00959533) sll     a0, a1, s1
core   0: 3 0x800021b0 (0x00959533) x10 0x00000000
core   0: 0x800021b4 (0x0a410183) lb      gp, 164(sp)
core   0: 3 0x800021b4 (0x0a410183) x3  0x00000000 mem 0x80010273
core   0: 0x800021b8 (0x8d2cf397) auipc   t2, 0x8d2cf
core   0: 3 0x800021b8 (0x8d2cf397) x7  0x0d2d11b8
core   0: 0x800021bc (0x00008ce1) c.and   s1, s0
core   0: 3 0x800021bc (0x8ce1) x9  0x00000000
core   0: 0x800021be (0x02a10423) sb      a0, 40(sp)
core   0: 3 0x800021be (0x02a10423) mem 0x800101f7 0x00
core   0: 0x800021c2 (0x0001c117) auipc   sp, 0x1c
core   0: 3 0x800021c2 (0x0001c117) x2  0x8001e1c2
core   0: 0x800021c6 (0x47510113) addi    sp, sp, 1141
core   0: 3 0x800021c6 (0x47510113) x2  0x8001e637
core   0: 0x800021ca (0x400fd333) sra     t1, t6, zero
core   0: 3 0x800021ca (0x400fd333) x6  0x0000001a
core   0: 0x800021ce (0xbc710423) sb      t2, -1080(sp)
core   0: 3 0x800021ce (0xbc710423) mem 0x8001e1ff 0xb8
core   0: 0x800021d2 (0x34006ff3) csrrsi  t6, mscratch, 0
core   0: 3 0x800021d2 (0x34006ff3) x31 0x0000001e
core   0: 0x800021d6 (0x00008cbd) c.xor   s1, a5
core   0: 3 0x800021d6 (0x8cbd) x9  0x5b923000
core   0: 0x800021d8 (0x13711f83) lh      t6, 311(sp)
core   0: 3 0x800021d8 (0x13711f83) x31 0x00000000 mem 0x8001e76e
core   0: 0x800021dc (0xe40c4337) lui     t1, 0xe40c4
core   0: 3 0x800021dc (0xe40c4337) x6  0xe40c4000
core   0: 0x800021e0 (0xeb614f03) lbu     t5, -330(sp)
core   0: 3 0x800021e0 (0xeb614f03) x30 0x00000000 mem 0x8001e4ed
core   0: 0x800021e4 (0x00004391) c.li    t2, 4
core   0: 3 0x800021e4 (0x4391) x7  0x00000004
core   0: 0x800021e6 (0xfd911503) lh      a0, -39(sp)
core   0: 3 0x800021e6 (0xfd911503) x10 0x00000000 mem 0x8001e610
core   0: 0x800021ea (0x015f7633) and     a2, t5, s5
core   0: 3 0x800021ea (0x015f7633) x12 0x00000000
core   0: 0x800021ee (0x340020f3) csrr    ra, mscratch
core   0: 3 0x800021ee (0x340020f3) x1  0x0000001e
core   0: 0x800021f2 (0xb7a10483) lb      s1, -1158(sp)
core   0: 3 0x800021f2 (0xb7a10483) x9  0x00000000 mem 0x8001e1b1
core   0: 0x800021f6 (0x01e2f4b3) and     s1, t0, t5
core   0: 3 0x800021f6 (0x01e2f4b3) x9  0x00000000
core   0: 0x800021fa (0x00000626) c.slli  a2, 9
core   0: 3 0x800021fa (0x0626) x12 0x00000000
core   0: 0x800021fc (0x00cc46b3) xor     a3, s8, a2
core   0: 3 0x800021fc (0x00cc46b3) x13 0x80025ea4
core   0: 0x80002200 (0xcaf11f03) lh      t5, -849(sp)
core   0: 3 0x80002200 (0xcaf11f03) x30 0x00000000 mem 0x8001e2e6
core   0: 0x80002204 (0x0749e013) ori     zero, s3, 116
core   0: 3 0x80002204 (0x0749e013)
core   0: 0x80002208 (0xd4eb4f13) xori    t5, s6, -690
core   0: 3 0x80002208 (0xd4eb4f13) x30 0xa46dcd4e
core   0: 0x8000220c (0x0ae101a3) sb      a4, 163(sp)
core   0: 3 0x8000220c (0x0ae101a3) mem 0x8001e6da 0x00
core   0: 0x80002210 (0x00e76fb3) or      t6, a4, a4
core   0: 3 0x80002210 (0x00e76fb3) x31 0x00000000
core   0: 0x80002214 (0x8bc8ac97) auipc   s9, 0x8bc8a
core   0: 3 0x80002214 (0x8bc8ac97) x25 0x0bc8c214
core   0: 0x80002218 (0xcd210923) sb      s2, -814(sp)
core   0: 3 0x80002218 (0xcd210923) mem 0x8001e309 0xff
core   0: 0x8000221c (0x2c510e23) sb      t0, 732(sp)
core   0: 3 0x8000221c (0x2c510e23) mem 0x8001e913 0x01
core   0: 0x80002220 (0x22210623) sb      sp, 556(sp)
core   0: 3 0x80002220 (0x22210623) mem 0x8001e863 0x37
core   0: 0x80002224 (0x54e10503) lb      a0, 1358(sp)
core   0: 3 0x80002224 (0x54e10503) x10 0x00000000 mem 0x8001eb85
core   0: 0x80002228 (0x03b84533) div     a0, a6, s11
core   0: 3 0x80002228 (0x03b84533) x10 0xffffffff
core   0: 0x8000222c (0x7b011da3) sh      a6, 1979(sp)
core   0: 3 0x8000222c (0x7b011da3) mem 0x8001edf2 0x001e
core   0: 0x80002230 (0xf1d11883) lh      a7, -227(sp)
core   0: 3 0x80002230 (0xf1d11883) x17 0x00000000 mem 0x8001e554
core   0: 0x80002234 (0x6b111b83) lh      s7, 1713(sp)
core   0: 3 0x80002234 (0x6b111b83) x23 0x00000000 mem 0x8001ece8
core   0: 0x80002238 (0xcea14003) lbu     zero, -790(sp)
core   0: 3 0x80002238 (0xcea14003) mem 0x8001e321
core   0: 0x8000223c (0xe27124a3) sw      t2, -471(sp)
core   0: 3 0x8000223c (0xe27124a3) mem 0x8001e460 0x00000004
core   0: 0x80002240 (0xabf10903) lb      s2, -1345(sp)
core   0: 3 0x80002240 (0xabf10903) x18 0x00000000 mem 0x8001e0f6
core   0: 0x80002244 (0x96911c83) lh      s9, -1687(sp)
core   0: 3 0x80002244 (0x96911c83) x25 0x00000000 mem 0x8001dfa0
core   0: 0x80002248 (0x66710b23) sb      t2, 1654(sp)
core   0: 3 0x80002248 (0x66710b23) mem 0x8001ecad 0x04
core   0: 0x8000224c (0x4a614603) lbu     a2, 1190(sp)
core   0: 3 0x8000224c (0x4a614603) x12 0x00000000 mem 0x8001eadd
core   0: 0x80002250 (0x0000100f) fence.i
core   0: 3 0x80002250 (0x0000100f)
core   0: 0x80002254 (0xc8c10923) sb      a2, -878(sp)
core   0: 3 0x80002254 (0xc8c10923) mem 0x8001e2c9 0x00
core   0: 0x80002258 (0xf6911f03) lh      t5, -151(sp)
core   0: 3 0x80002258 (0xf6911f03) x30 0x00000000 mem 0x8001e5a0
core   0: 0x8000225c (0x00a104a3) sb      a0, 9(sp)
core   0: 3 0x8000225c (0x00a104a3) mem 0x8001e640 0xff
core   0: 0x80002260 (0x49010603) lb      a2, 1168(sp)
core   0: 3 0x80002260 (0x49010603) x12 0x00000000 mem 0x8001eac7
core   0: 0x80002264 (0x80a52013) slti    zero, a0, -2038
core   0: 3 0x80002264 (0x80a52013)
core   0: 0x80002268 (0x4c414783) lbu     a5, 1220(sp)
core   0: 3 0x80002268 (0x4c414783) x15 0x00000000 mem 0x8001eafb
core   0: 0x8000226c (0x93110c83) lb      s9, -1743(sp)
core   0: 3 0x8000226c (0x93110c83) x25 0x00000000 mem 0x8001df68
core   0: 0x80002270 (0xffc10a23) sb      t3, -12(sp)
core   0: 3 0x80002270 (0xffc10a23) mem 0x8001e62b 0xff
core   0: 0x80002274 (0x6f910683) lb      a3, 1785(sp)
core   0: 3 0x80002274 (0x6f910683) x13 0x00000000 mem 0x8001ed30
core   0: 0x80002278 (0x0000e397) auipc   t2, 0xe
core   0: 3 0x80002278 (0x0000e397) x7  0x80010278
core   0: 0x8000227c (0x6c138393) addi    t2, t2, 1729
core   0: 3 0x8000227c (0x6c138393) x7  0x80010939
core   0: 0x80002280 (0x037a7133) remu    sp, s4, s7
core   0: 3 0x80002280 (0x037a7133) x2  0x00000001
core   0: 0x80002284 (0xfeb38a23) sb      a1, -12(t2)
core   0: 3 0x80002284 (0xfeb38a23) mem 0x8001092d 0x00
core   0: 0x80002288 (0x34003973) csrrc   s2, mscratch, zero
core   0: 3 0x80002288 (0x34003973) x18 0x0000001e
core   0: 0x8000228c (0xffd39183) lh      gp, -3(t2)
core   0: 3 0x8000228c (0xffd39183) x3  0x00000000 mem 0x80010936
core   0: 0x80002290 (0x40eb80b3) sub     ra, s7, a4
core   0: 3 0x80002290 (0x40eb80b3) x1  0x00000000
core   0: 0x80002294 (0x00f39303) lh      t1, 15(t2)
core   0: 3 0x80002294 (0x00f39303) x6  0x00000000 mem 0x80010948
core   0: 0x80002298 (0x00008ca1) c.xor   s1, s0
core   0: 3 0x80002298 (0x8ca1) x9  0xf0a6efc1
core   0: 0x8000229a (0x340026f3) csrr    a3, mscratch
core   0: 3 0x8000229a (0x340026f3) x13 0x0000001e
core   0: 0x8000229e (0xfff39203) lh      tp, -1(t2)
core   0: 3 0x8000229e (0xfff39203) x4  0x00000000 mem 0x80010938
core   0: 0x800022a2 (0xff33a683) lw      a3, -13(t2)
core   0: 3 0x800022a2 (0xff33a683) x13 0x00000000 mem 0x8001092c
core   0: 0x800022a6 (0xfbd47e13) andi    t3, s0, -67
core   0: 3 0x800022a6 (0xfbd47e13) x28 0xf0a6ef81
core   0: 0x800022aa (0x00000918) c.addi4spn a4, sp, 144
core   0: 3 0x800022aa (0x0918) x14 0x00000091
core   0: 0x800022ac (0xff93d083) lhu     ra, -7(t2)
core   0: 3 0x800022ac (0xff93d083) x1  0x00000000 mem 0x80010932
core   0: 0x800022b0 (0xffa39da3) sh      s10, -5(t2)
core   0: 3 0x800022b0 (0xffa39da3) mem 0x80010934 0x001e
core   0: 0x800022b4 (0x00438683) lb      a3, 4(t2)
core   0: 3 0x800022b4 (0x00438683) x13 0x00000000 mem 0x8001093d
core   0: 0x800022b8 (0x011a1133) sll     sp, s4, a7
core   0: 3 0x800022b8 (0x011a1133) x2  0x00000001
core   0: 0x800022bc (0xff03c783) lbu     a5, -16(t2)
core   0: 3 0x800022bc (0xff03c783) x15 0x00000000 mem 0x80010929
core   0: 0x800022c0 (0xff63c003) lbu     zero, -10(t2)
core   0: 3 0x800022c0 (0xff63c003) mem 0x8001092f
core   0: 0x800022c4 (0x00238d83) lb      s11, 2(t2)
core   0: 3 0x800022c4 (0x00238d83) x27 0x00000000 mem 0x8001093b
core   0: 0x800022c8 (0x3400a7f3) csrrs   a5, mscratch, ra
core   0: 3 0x800022c8 (0x3400a7f3) x15 0x0000001e c832_mscratch 0x0000001e
core   0: 0x800022cc (0x0000100f) fence.i
core   0: 3 0x800022cc (0x0000100f)
core   0: 0x800022d0 (0xffa3c883) lbu     a7, -6(t2)
core   0: 3 0x800022d0 (0xffa3c883) x17 0x00000000 mem 0x80010933
core   0: 0x800022d4 (0xfee39ba3) sh      a4, -9(t2)
core   0: 3 0x800022d4 (0xfee39ba3) mem 0x80010930 0x0091
core   0: 0x800022d8 (0x0033c903) lbu     s2, 3(t2)
core   0: 3 0x800022d8 (0x0033c903) x18 0x00000000 mem 0x8001093c
core   0: 0x800022dc (0x00008322) c.mv    t1, s0
core   0: 3 0x800022dc (0x8322) x6  0xf0a6efc1
core   0: 0x800022de (0x00275093) srli    ra, a4, 2
core   0: 3 0x800022de (0x00275093) x1  0x00000024
core   0: 0x800022e2 (0x0023c803) lbu     a6, 2(t2)
core   0: 3 0x800022e2 (0x0023c803) x16 0x00000000 mem 0x8001093b
core   0: 0x800022e6 (0xfeb38c23) sb      a1, -8(t2)
core   0: 3 0x800022e6 (0xfeb38c23) mem 0x80010931 0x00
core   0: 0x800022ea (0x34057873) csrrci  a6, mscratch, 10
core   0: 3 0x800022ea (0x34057873) x16 0x0000001e c832_mscratch 0x00000014
core   0: 0x800022ee (0x0043c103) lbu     sp, 4(t2)
core   0: 3 0x800022ee (0x0043c103) x2  0x00000000 mem 0x8001093d
core   0: 0x800022f2 (0xff33c983) lbu     s3, -13(t2)
core   0: 3 0x800022f2 (0xff33c983) x19 0x00000000 mem 0x8001092c
core   0: 0x800022f6 (0x0003c003) lbu     zero, 0(t2)
core   0: 3 0x800022f6 (0x0003c003) mem 0x80010939
core   0: 0x800022fa (0x0000e997) auipc   s3, 0xe
core   0: 3 0x800022fa (0x0000e997) x19 0x800102fa
core   0: 0x800022fe (0x1e698993) addi    s3, s3, 486
core   0: 3 0x800022fe (0x1e698993) x19 0x800104e0
core   0: 0x80002302 (0x00006c89) c.lui   s9, 0x2
core   0: 3 0x80002302 (0x6c89) x25 0x00002000
core   0: 0x80002304 (0x3270fd17) auipc   s10, 0x3270f
core   0: 3 0x80002304 (0x3270fd17) x26 0xb2711304
core   0: 0x80002308 (0x01a55213) srli    tp, a0, 26
core   0: 3 0x80002308 (0x01a55213) x4  0x0000003f
core   0: 0x8000230c (0x03e70fb3) mul     t6, a4, t5
core   0: 3 0x8000230c (0x03e70fb3) x31 0x00000000
core   0: 0x80002310 (0xfd09cf83) lbu     t6, -48(s3)
core   0: 3 0x80002310 (0xfd09cf83) x31 0x00000000 mem 0x800104b0
core   0: 0x80002314 (0x02b98683) lb      a3, 43(s3)
core   0: 3 0x80002314 (0x02b98683) x13 0x00000000 mem 0x8001050b
core   0: 0x80002318 (0x0000199c) c.addi4spn a5, sp, 240
core   0: 3 0x80002318 (0x199c) x15 0x000000f0
core   0: 0x8000231a (0x3eb4b193) sltiu   gp, s1, 1003
core   0: 3 0x8000231a (0x3eb4b193) x3  0x00000000
core   0: 0x8000231e (0xfe398003) lb      zero, -29(s3)
core   0: 3 0x8000231e (0xfe398003) mem 0x800104c3
core   0: 0x80002322 (0xcbc3a217) auipc   tp, 0xcbc3a
core   0: 3 0x80002322 (0xcbc3a217) x4  0x4bc3c322
core   0: 0x80002326 (0xfec99a23) sh      a2, -12(s3)
core   0: 3 0x80002326 (0xfec99a23) mem 0x800104d4 0x0000
core   0: 0x8000232a (0x00000914) c.addi4spn a3, sp, 144
core   0: 3 0x8000232a (0x0914) x13 0x00000090
core   0: 0x8000232c (0x03fe5033) divu    zero, t3, t6
core   0: 3 0x8000232c (0x03fe5033)
core   0: 0x80002330 (0x00008d7d) c.and   a0, a5
core   0: 3 0x80002330 (0x8d7d) x10 0x000000f0
core   0: 0x80002332 (0x02f9c303) lbu     t1, 47(s3)
core   0: 3 0x80002332 (0x02f9c303) x6  0x00000000 mem 0x8001050f
core   0: 0x80002336 (0x0f688513) addi    a0, a7, 246
core   0: 3 0x80002336 (0x0f688513) x10 0x000000f6
core   0: 0x8000233a (0x0369db83) lhu     s7, 54(s3)
core   0: 3 0x8000233a (0x0369db83) x23 0x00000000 mem 0x80010516
core   0: 0x8000233e (0x40d183b3) sub     t2, gp, a3
core   0: 3 0x8000233e (0x40d183b3) x7  0xffffff70
core   0: 0x80002342 (0x00000001) c.nop
core   0: 3 0x80002342 (0x0001)
core   0: 0x80002344 (0xff69d603) lhu     a2, -10(s3)
core   0: 3 0x80002344 (0xff69d603) x12 0x00000000 mem 0x800104d6
core   0: 0x80002348 (0x0000829a) c.mv    t0, t1
core   0: 3 0x80002348 (0x829a) x5  0x00000000
core   0: 0x8000234a (0x00006139) c.addi16sp sp, 448
core   0: 3 0x8000234a (0x6139) x2  0x000001c0
core   0: 0x8000234c (0x0000666d) c.lui   a2, 0x1b
core   0: 3 0x8000234c (0x666d) x12 0x0001b000
core   0: 0x8000234e (0x000081d1) c.srli  a1, 20
core   0: 3 0x8000234e (0x81d1) x11 0x00000000
core   0: 0x80002350 (0xbfe3af13) slti    t5, t2, -1026
core   0: 3 0x80002350 (0xbfe3af13) x30 0x00000000
core   0: 0x80002354 (0x00798503) lb      a0, 7(s3)
core   0: 3 0x80002354 (0x00798503) x10 0x00000000 mem 0x800104e7
core   0: 0x80002358 (0xfea98d23) sb      a0, -6(s3)
core   0: 3 0x80002358 (0xfea98d23) mem 0x800104da 0x00
core   0: 0x8000235c (0x0000717d) c.addi16sp sp, -16
core   0: 3 0x8000235c (0x717d) x2  0x000001b0
core   0: 0x8000235e (0x0f75ab93) slti    s7, a1, 247
core   0: 3 0x8000235e (0x0f75ab93) x23 0x00000001
core   0: 0x80002362 (0x03b75333) divu    t1, a4, s11
core   0: 3 0x80002362 (0x03b75333) x6  0xffffffff
core   0: 0x80002366 (0x02ee0833) mul     a6, t3, a4
core   0: 3 0x80002366 (0x02ee0833) x16 0x4e8da811
core   0: 0x8000236a (0x4003d8b3) sra     a7, t2, zero
core   0: 3 0x8000236a (0x4003d8b3) x17 0xffffff70
core   0: 0x8000236e (0x41a60bb3) sub     s7, a2, s10
core   0: 3 0x8000236e (0x41a60bb3) x23 0x4d909cfc
core   0: 0x80002372 (0x03b9c103) lbu     sp, 59(s3)
core   0: 3 0x80002372 (0x03b9c103) x2  0x00000000 mem 0x8001051b
core   0: 0x80002376 (0x00008872) c.mv    a6, t3
core   0: 3 0x80002376 (0x8872) x16 0xf0a6ef81
core   0: 0x80002378 (0x025b1fb3) mulh    t6, s6, t0
core   0: 3 0x80002378 (0x025b1fb3) x31 0x00000000
core   0: 0x8000237c (0xfdb98703) lb      a4, -37(s3)
core   0: 3 0x8000237c (0xfdb98703) x14 0x00000000 mem 0x800104bb
core   0: 0x80002380 (0x340064f3) csrrsi  s1, mscratch, 0
core   0: 3 0x80002380 (0x340064f3) x9  0x00000014
core   0: 0x80002384 (0x34003373) csrrc   t1, mscratch, zero
core   0: 3 0x80002384 (0x34003373) x6  0x00000014
core   0: 0x80002388 (0x4ac52c93) slti    s9, a0, 1196
core   0: 3 0x80002388 (0x4ac52c93) x25 0x00000001
core   0: 0x8000238c (0x02d7c463) blt     a5, a3, pc + 40
core   0: 3 0x8000238c (0x02d7c463)
core   0: 0x80002390 (0x340c5073) csrwi   mscratch, 24
core   0: 3 0x80002390 (0x340c5073) c832_mscratch 0x00000018
core   0: 0x80002394 (0x00bd1e33) sll     t3, s10, a1
core   0: 3 0x80002394 (0x00bd1e33) x28 0xb2711304
core   0: 0x80002398 (0x00009d62) c.add   s10, s8
core   0: 3 0x80002398 (0x9d62) x26 0x327371a8
core   0: 0x8000239a (0x03249e63) bne     s1, s2, pc + 60
core   0: 3 0x8000239a (0x03249e63)
core   0: 0x800023d6 (0x00006145) c.addi16sp sp, 48
core   0: 3 0x800023d6 (0x6145) x2  0x00000030
core   0: 0x800023d8 (0x00008116) c.mv    sp, t0
core   0: 3 0x800023d8 (0x8116) x2  0x00000000
core   0: 0x800023da (0x0000997d) c.andi  a0, -1
core   0: 3 0x800023da (0x997d) x10 0x00000000
core   0: 0x800023dc (0x02978db3) mul     s11, a5, s1
core   0: 3 0x800023dc (0x02978db3) x27 0x000012c0
core   0: 0x800023e0 (0x00051ab3) sll     s5, a0, zero
core   0: 3 0x800023e0 (0x00051ab3) x21 0x00000000
core   0: 0x800023e4 (0x02b68033) mul     zero, a3, a1
core   0: 3 0x800023e4 (0x02b68033)
core   0: 0x800023e8 (0x00001408) c.addi4spn a0, sp, 544
core   0: 3 0x800023e8 (0x1408) x10 0x00000220
core   0: 0x800023ea (0x00008395) c.srli  a5, 5
core   0: 3 0x800023ea (0x8395) x15 0x00000007
core   0: 0x800023ec (0x02344763) blt     s0, gp, pc + 46
core   0: 3 0x800023ec (0x02344763)
core   0: 0x8000241a (0x00c999b3) sll     s3, s3, a2
core   0: 3 0x8000241a (0x00c999b3) x19 0x800104e0
core   0: 0x8000241e (0x033abe33) mulhu   t3, s5, s3
core   0: 3 0x8000241e (0x033abe33) x28 0x00000000
core   0: 0x80002422 (0x0000c615) c.beqz  a2, pc + 44
core   0: 3 0x80002422 (0xc615)
core   0: 0x80002424 (0x34003b73) csrrc   s6, mscratch, zero
core   0: 3 0x80002424 (0x34003b73) x22 0x00000018
core   0: 0x80002428 (0x00552db3) slt     s11, a0, t0
core   0: 3 0x80002428 (0x00552db3) x27 0x00000000
core   0: 0x8000242c (0x7263a513) slti    a0, t2, 1830
core   0: 3 0x8000242c (0x7263a513) x10 0x00000001
core   0: 0x80002430 (0x00531263) bne     t1, t0, pc + 4
core   0: 3 0x80002430 (0x00531263)
core   0: 0x80002434 (0x03c69963) bne     a3, t3, pc + 50
core   0: 3 0x80002434 (0x03c69963)
core   0: 0x80002466 (0x0000cb09) c.beqz  a4, pc + 18
core   0: 3 0x80002466 (0xcb09)
core   0: 0x80002478 (0x02887033) remu    zero, a6, s0
core   0: 3 0x80002478 (0x02887033)
core   0: 0x8000247c (0x00000001) c.nop
core   0: 3 0x8000247c (0x0001)
core   0: 0x8000247e (0x3408d873) csrrwi  a6, mscratch, 17
core   0: 3 0x8000247e (0x3408d873) x16 0x00000018 c832_mscratch 0x00000011
core   0: 0x80002482 (0xb1f31e17) auipc   t3, 0xb1f31
core   0: 3 0x80002482 (0xb1f31e17) x28 0x31f33482
core   0: 0x80002486 (0x340dd1f3) csrrwi  gp, mscratch, 27
core   0: 3 0x80002486 (0x340dd1f3) x3  0x00000011 c832_mscratch 0x0000001b
core   0: 0x8000248a (0x01224e33) xor     t3, tp, s2
core   0: 3 0x8000248a (0x01224e33) x28 0x4bc3c322
core   0: 0x8000248e (0x00008da5) c.xor   a1, s1
core   0: 3 0x8000248e (0x8da5) x11 0x00000014
core   0: 0x80002490 (0x000095fe) c.add   a1, t6
core   0: 3 0x80002490 (0x95fe) x11 0x00000014
core   0: 0x80002492 (0x01359393) slli    t2, a1, 19
core   0: 3 0x80002492 (0x01359393) x7  0x00a00000
core   0: 0x80002496 (0x007405b3) add     a1, s0, t2
core   0: 3 0x80002496 (0x007405b3) x11 0xf146efc1
core   0: 0x8000249a (0x10608863) beq     ra, t1, pc + 272
core   0: 3 0x8000249a (0x10608863)
core   0: 0x8000249e (0xc19ee813) ori     a6, t4, -999
core   0: 3 0x8000249e (0xc19ee813) x16 0xfffffd3d
core   0: 0x800024a2 (0x401e5733) sra     a4, t3, ra
core   0: 3 0x800024a2 (0x401e5733) x14 0x04bc3c32
core   0: 0x800024a6 (0x0000997d) c.andi  a0, -1
core   0: 3 0x800024a6 (0x997d) x10 0x00000001
core   0: 0x800024a8 (0x00008351) c.srli  a4, 20
core   0: 3 0x800024a8 (0x8351) x14 0x0000004b
core   0: 0x800024aa (0x10cfc663) blt     t6, a2, pc + 268
core   0: 3 0x800024aa (0x10cfc663)
core   0: 0x800025b6 (0xb1046e13) ori     t3, s0, -1264
core   0: 3 0x800025b6 (0xb1046e13) x28 0xffffffd1
core   0: 0x800025ba (0x012dd863) bge     s11, s2, pc + 16
core   0: 3 0x800025ba (0x012dd863)
core   0: 0x800025ca (0x0000081c) c.addi4spn a5, sp, 16
core   0: 3 0x800025ca (0x081c) x15 0x00000010
core   0: 0x800025cc (0x17d76cb7) lui     s9, 0x17d76
core   0: 3 0x800025cc (0x17d76cb7) x25 0x17d76000
core   0: 0x800025d0 (0x5badb313) sltiu   t1, s11, 1466
core   0: 3 0x800025d0 (0x5badb313) x6  0x00000001
core   0: 0x800025d4 (0x0e33ec93) ori     s9, t2, 227
core   0: 3 0x800025d4 (0x0e33ec93) x25 0x00a000e3
core   0: 0x800025d8 (0x0ff0000f) fence   iorw,iorw
core   0: 3 0x800025d8 (0x0ff0000f)
core   0: 0x800025dc (0x00000b6d) c.addi  s6, 27
core   0: 3 0x800025dc (0x0b6d) x22 0x00000033
core   0: 0x800025de (0x0334f033) remu    zero, s1, s3
core   0: 3 0x800025de (0x0334f033)
core   0: 0x800025e2 (0x00cb7a33) and     s4, s6, a2
core   0: 3 0x800025e2 (0x00cb7a33) x20 0x00000000
core   0: 0x800025e6 (0x418f5933) sra     s2, t5, s8
core   0: 3 0x800025e6 (0x418f5933) x18 0x00000000
core   0: 0x800025ea (0x033f0363) beq     t5, s3, pc + 38
core   0: 3 0x800025ea (0x033f0363)
core   0: 0x800025ee (0x00000001) c.nop
core   0: 3 0x800025ee (0x0001)
core   0: 0x800025f0 (0x00008651) c.srai  a2, 20
core   0: 3 0x800025f0 (0x8651) x12 0x00000000
core   0: 0x800025f2 (0x01dfd313) srli    t1, t6, 29
core   0: 3 0x800025f2 (0x01dfd313) x6  0x00000000
core   0: 0x800025f6 (0x00000001) c.nop
core   0: 3 0x800025f6 (0x0001)
core   0: 0x800025f8 (0x028549b3) div     s3, a0, s0
core   0: 3 0x800025f8 (0x028549b3) x19 0x00000000
core   0: 0x800025fc (0xb84d6913) ori     s2, s10, -1148
core   0: 3 0x800025fc (0xb84d6913) x18 0xfffffbac
core   0: 0x80002600 (0x40395213) srai    tp, s2, 3
core   0: 3 0x80002600 (0x40395213) x4  0xffffff75
core   0: 0x80002604 (0x00008ee1) c.and   a3, s0
core   0: 3 0x80002604 (0x8ee1) x13 0x00000080
core   0: 0x80002606 (0x0000100f) fence.i
core   0: 3 0x80002606 (0x0000100f)
core   0: 0x8000260a (0x000a6ab3) or      s5, s4, zero
core   0: 3 0x8000260a (0x000a6ab3) x21 0x00000000
core   0: 0x8000260e (0x00000326) c.slli  t1, 9
core   0: 3 0x8000260e (0x0326) x6  0x00000000
core   0: 0x80002610 (0x00000a32) c.slli  s4, 12
core   0: 3 0x80002610 (0x0a32) x20 0x00000000
core   0: 0x80002612 (0x0000141c) c.addi4spn a5, sp, 544
core   0: 3 0x80002612 (0x141c) x15 0x00000220
core   0: 0x80002614 (0x00d37533) and     a0, t1, a3
core   0: 3 0x80002614 (0x00d37533) x10 0x00000000
core   0: 0x80002618 (0x0000167d) c.addi  a2, -1
core   0: 3 0x80002618 (0x167d) x12 0xffffffff
core   0: 0x8000261a (0x03034363) blt     t1, a6, pc + 38
core   0: 3 0x8000261a (0x03034363)
core   0: 0x8000261e (0xce24a713) slti    a4, s1, -798
core   0: 3 0x8000261e (0xce24a713) x14 0x00000000
core   0: 0x80002622 (0x00008e5d) c.or    a2, a5
core   0: 3 0x80002622 (0x8e5d) x12 0xffffffff
core   0: 0x80002624 (0x00001a94) c.addi4spn a3, sp, 368
core   0: 3 0x80002624 (0x1a94) x13 0x00000170
core   0: 0x80002626 (0x00000001) c.nop
core   0: 3 0x80002626 (0x0001)
core   0: 0x80002628 (0x00006209) c.lui   tp, 0x2
core   0: 3 0x80002628 (0x6209) x4  0x00002000
core   0: 0x8000262a (0x00123933) sltu    s2, tp, ra
core   0: 3 0x8000262a (0x00123933) x18 0x00000000
core   0: 0x8000262e (0x016b56b3) srl     a3, s6, s6
core   0: 3 0x8000262e (0x016b56b3) x13 0x00000000
core   0: 0x80002632 (0x4021dd93) srai    s11, gp, 2
core   0: 3 0x80002632 (0x4021dd93) x27 0x00000004
core   0: 0x80002636 (0x00ae5463) bge     t3, a0, pc + 8
core   0: 3 0x80002636 (0x00ae5463)
core   0: 0x8000263a (0x408c5d13) srai    s10, s8, 8
core   0: 3 0x8000263a (0x408c5d13) x26 0xff80025e
core   0: 0x8000263e (0x0000c689) c.beqz  a3, pc + 10
core   0: 3 0x8000263e (0xc689)
core   0: 0x80002648 (0x0160d8b3) srl     a7, ra, s6
core   0: 3 0x80002648 (0x0160d8b3) x17 0x00000000
core   0: 0x8000264c (0x013dfb33) and     s6, s11, s3
core   0: 3 0x8000264c (0x013dfb33) x22 0x00000000
core   0: 0x80002650 (0x340b26f3) csrrs   a3, mscratch, s6
core   0: 3 0x80002650 (0x340b26f3) x13 0x0000001b c832_mscratch 0x0000001b
core   0: 0x80002654 (0x01b059b3) srl     s3, zero, s11
core   0: 3 0x80002654 (0x01b059b3) x19 0x00000000
core   0: 0x80002658 (0x00008ae9) c.andi  a3, 26
core   0: 3 0x80002658 (0x8ae9) x13 0x0000001a
core   0: 0x8000265a (0x03073033) mulhu   zero, a4, a6
core   0: 3 0x8000265a (0x03073033)
core   0: 0x8000265e (0x015b7293) andi    t0, s6, 21
core   0: 3 0x8000265e (0x015b7293) x5  0x00000000
core   0: 0x80002662 (0x0255c633) div     a2, a1, t0
core   0: 3 0x80002662 (0x0255c633) x12 0xffffffff
core   0: 0x80002666 (0x00009a7d) c.andi  a2, -1
core   0: 3 0x80002666 (0x9a7d) x12 0xffffffff
core   0: 0x80002668 (0x03721a33) mulh    s4, tp, s7
core   0: 3 0x80002668 (0x03721a33) x20 0x000009b2
core   0: 0x8000266c (0x00008d19) c.sub   a0, a4
core   0: 3 0x8000266c (0x8d19) x10 0x00000000
core   0: 0x8000266e (0x34003573) csrrc   a0, mscratch, zero
core   0: 3 0x8000266e (0x34003573) x10 0x0000001b
core   0: 0x80002672 (0x340ff2f3) csrrci  t0, mscratch, 31
core   0: 3 0x80002672 (0x340ff2f3) x5  0x0000001b c832_mscratch 0x00000000
core   0: 0x80002676 (0x0279adb3) mulhsu  s11, s3, t2
core   0: 3 0x80002676 (0x0279adb3) x27 0x00000000
core   0: 0x8000267a (0x02aa9fb3) mulh    t6, s5, a0
core   0: 3 0x8000267a (0x02aa9fb3) x31 0x00000000
core   0: 0x8000267e (0x00bc6c63) bltu    s8, a1, pc + 24
core   0: 3 0x8000267e (0x00bc6c63)
core   0: 0x80002696 (0x0000eb81) c.bnez  a5, pc + 16
core   0: 3 0x80002696 (0xeb81)
core   0: 0x800026a6 (0x0286e833) rem     a6, a3, s0
core   0: 3 0x800026a6 (0x0286e833) x16 0x0000001a
core   0: 0x800026aa (0x02a44fb3) div     t6, s0, a0
core   0: 3 0x800026aa (0x02a44fb3) x31 0xff6e7aa9
core   0: 0x800026ae (0x0000100f) fence.i
core   0: 3 0x800026ae (0x0000100f)
core   0: 0x800026b2 (0x00009a86) c.add   s5, ra
core   0: 3 0x800026b2 (0x9a86) x21 0x00000024
core   0: 0x800026b4 (0x030a4b33) div     s6, s4, a6
core   0: 3 0x800026b4 (0x030a4b33) x22 0x0000005f
core   0: 0x800026b8 (0x00000001) c.nop
core   0: 3 0x800026b8 (0x0001)
core   0: 0x800026ba (0x017e8663) beq     t4, s7, pc + 12
core   0: 3 0x800026ba (0x017e8663)
core   0: 0x800026be (0x3400dbf3) csrrwi  s7, mscratch, 1
core   0: 3 0x800026be (0x3400dbf3) x23 0x00000000 c832_mscratch 0x00000001
core   0: 0x800026c2 (0x01dc5a33) srl     s4, s8, t4
core   0: 3 0x800026c2 (0x01dc5a33) x20 0x080025ea
core   0: 0x800026c6 (0x41848f33) sub     t5, s1, s8
core   0: 3 0x800026c6 (0x41848f33) x30 0x7ffda170
core   0: 0x800026ca (0x00008c99) c.sub   s1, a4
core   0: 3 0x800026ca (0x8c99) x9  0x00000014
core   0: 0x800026cc (0x00008df1) c.and   a1, a2
core   0: 3 0x800026cc (0x8df1) x11 0xf146efc1
core   0: 0x800026ce (0x00009a7d) c.andi  a2, -1
core   0: 3 0x800026ce (0x9a7d) x12 0xffffffff
core   0: 0x800026d0 (0x9f707913) andi    s2, zero, -1545
core   0: 3 0x800026d0 (0x9f707913) x18 0x00000000
core   0: 0x800026d4 (0x340d12f3) csrrw   t0, mscratch, s10
core   0: 3 0x800026d4 (0x340d12f3) x5  0x00000001 c832_mscratch 0xff80025e
core   0: 0x800026d8 (0x00009ab2) c.add   s5, a2
core   0: 3 0x800026d8 (0x9ab2) x21 0x00000023
core   0: 0x800026da (0x00e7a033) slt     zero, a5, a4
core   0: 3 0x800026da (0x00e7a033)
core   0: 0x800026de (0xbc9ae897) auipc   a7, 0xbc9ae
core   0: 3 0x800026de (0xbc9ae897) x17 0x3c9b06de
core   0: 0x800026e2 (0x016f1d33) sll     s10, t5, s6
core   0: 3 0x800026e2 (0x016f1d33) x26 0x00000000
core   0: 0x800026e6 (0xddb97813) andi    a6, s2, -549
core   0: 3 0x800026e6 (0xddb97813) x16 0x00000000
core   0: 0x800026ea (0x01e51813) slli    a6, a0, 30
core   0: 3 0x800026ea (0x01e51813) x16 0xc0000000
core   0: 0x800026ee (0x00009f5e) c.add   t5, s7
core   0: 3 0x800026ee (0x9f5e) x30 0x7ffda170
core   0: 0x800026f0 (0x02eefcb3) remu    s9, t4, a4
core   0: 3 0x800026f0 (0x02eefcb3) x25 0x80029d24
core   0: 0x800026f4 (0x0101cd33) xor     s10, gp, a6
core   0: 3 0x800026f4 (0x0101cd33) x26 0xc0000011
core   0: 0x800026f8 (0xafbdfd93) andi    s11, s11, -1285
core   0: 3 0x800026f8 (0xafbdfd93) x27 0x00000000
core   0: 0x800026fc (0x4171dcb3) sra     s9, gp, s7
core   0: 3 0x800026fc (0x4171dcb3) x25 0x00000011
core   0: 0x80002700 (0x00005e7d) c.li    t3, -1
core   0: 3 0x80002700 (0x5e7d) x28 0xffffffff
core   0: 0x80002702 (0x99277c93) andi    s9, a4, -1646
core   0: 3 0x80002702 (0x99277c93) x25 0x00000000
core   0: 0x80002706 (0x00008ec1) c.or    a3, s0
core   0: 3 0x80002706 (0x8ec1) x13 0xf0a6efdb
core   0: 0x80002708 (0x340ed6f3) csrrwi  a3, mscratch, 29
core   0: 3 0x80002708 (0x340ed6f3) x13 0xff80025e c832_mscratch 0x0000001d
core   0: 0x8000270c (0x3402aff3) csrrs   t6, mscratch, t0
core   0: 3 0x8000270c (0x3402aff3) x31 0x0000001d c832_mscratch 0x0000001d
core   0: 0x80002710 (0x0000717d) c.addi16sp sp, -16
core   0: 3 0x80002710 (0x717d) x2  0xfffffff0
core   0: 0x80002712 (0x000081ae) c.mv    gp, a1
core   0: 3 0x80002712 (0x81ae) x3  0xf146efc1
core   0: 0x80002714 (0x00000001) c.nop
core   0: 3 0x80002714 (0x0001)
core   0: 0x80002716 (0x00006165) c.addi16sp sp, 112
core   0: 3 0x80002716 (0x6165) x2  0x00000060
core   0: 0x80002718 (0x40e5d713) srai    a4, a1, 14
core   0: 3 0x80002718 (0x40e5d713) x14 0xffffc51b
core   0: 0x8000271c (0x02986d63) bltu    a6, s1, pc + 58
core   0: 3 0x8000271c (0x02986d63)
core   0: 0x80002720 (0xa485f893) andi    a7, a1, -1464
core   0: 3 0x80002720 (0xa485f893) x17 0xf146ea40
core   0: 0x80002724 (0x64912997) auipc   s3, 0x64912
core   0: 3 0x80002724 (0x64912997) x19 0xe4914724
core   0: 0x80002728 (0x340c3ff3) csrrc   t6, mscratch, s8
core   0: 3 0x80002728 (0x340c3ff3) x31 0x0000001d c832_mscratch 0x00000019
core   0: 0x8000272c (0x0120b533) sltu    a0, ra, s2
core   0: 3 0x8000272c (0x0120b533) x10 0x00000000
core   0: 0x80002730 (0x55d96a93) ori     s5, s2, 1373
core   0: 3 0x80002730 (0x55d96a93) x21 0x0000055d
core   0: 0x80002734 (0x0a657393) andi    t2, a0, 166
core   0: 3 0x80002734 (0x0a657393) x7  0x00000000
core   0: 0x80002738 (0x00c69613) slli    a2, a3, 12
core   0: 3 0x80002738 (0x00c69613) x12 0x0025e000
core   0: 0x8000273c (0x3897ec93) ori     s9, a5, 905
core   0: 3 0x8000273c (0x3897ec93) x25 0x000003a9
core   0: 0x80002740 (0x0000100f) fence.i
core   0: 3 0x80002740 (0x0000100f)
core   0: 0x80002744 (0x00009a7d) c.andi  a2, -1
core   0: 3 0x80002744 (0x9a7d) x12 0x0025e000
core   0: 0x80002746 (0x00008e1d) c.sub   a2, a5
core   0: 3 0x80002746 (0x8e1d) x12 0x0025dde0
core   0: 0x80002748 (0x0ff0000f) fence   iorw,iorw
core   0: 3 0x80002748 (0x0ff0000f)
core   0: 0x8000274c (0x000093aa) c.add   t2, a0
core   0: 3 0x8000274c (0x93aa) x7  0x00000000
core   0: 0x8000274e (0x340066f3) csrrsi  a3, mscratch, 0
core   0: 3 0x8000274e (0x340066f3) x13 0x00000019
core   0: 0x80002752 (0x4197db33) sra     s6, a5, s9
core   0: 3 0x80002752 (0x4197db33) x22 0x00000001
core   0: 0x80002756 (0x038f6a33) rem     s4, t5, s8
core   0: 3 0x80002756 (0x038f6a33) x20 0x00000014
core   0: 0x8000275a (0x0001d497) auipc   s1, 0x1d
core   0: 3 0x8000275a (0x0001d497) x9  0x8001f75a
core   0: 0x8000275e (0x59e48493) addi    s1, s1, 1438
core   0: 3 0x8000275e (0x59e48493) x9  0x8001fcf8
core   0: 0x80002762 (0x03160733) mul     a4, a2, a7
core   0: 3 0x80002762 (0x03160733) x14 0x31863800
core   0: 0x80002766 (0x0ee487a3) sb      a4, 239(s1)
core   0: 3 0x80002766 (0x0ee487a3) mem 0x8001fde7 0x00
core   0: 0x8000276a (0x02ae0033) mul     zero, t3, a0
core   0: 3 0x8000276a (0x02ae0033)
core   0: 0x8000276e (0x02a98e33) mul     t3, s3, a0
core   0: 3 0x8000276e (0x02a98e33) x28 0x00000000
core   0: 0x80002772 (0xfaa48aa3) sb      a0, -75(s1)
core   0: 3 0x80002772 (0xfaa48aa3) mem 0x8001fcad 0x00
core   0: 0x80002776 (0x0097e9b3) or      s3, a5, s1
core   0: 3 0x80002776 (0x0097e9b3) x19 0x8001fef8
core   0: 0x8000277a (0xf914ce03) lbu     t3, -111(s1)
core   0: 3 0x8000277a (0xf914ce03) x28 0x00000000 mem 0x8001fc89
core   0: 0x8000277e (0x00000001) c.nop
core   0: 3 0x8000277e (0x0001)
core   0: 0x80002780 (0x8e577997) auipc   s3, 0x8e577
core   0: 3 0x80002780 (0x8e577997) x19 0x0e579780
core   0: 0x80002784 (0x0dc480a3) sb      t3, 193(s1)
core   0: 3 0x80002784 (0x0dc480a3) mem 0x8001fdb9 0x00
core   0: 0x80002788 (0xf9149e23) sh      a7, -100(s1)
core   0: 3 0x80002788 (0xf9149e23) mem 0x8001fc94 0xea40
core   0: 0x8000278c (0x00000f08) c.addi4spn a0, sp, 912
core   0: 3 0x8000278c (0x0f08) x10 0x000003f0
core   0: 0x8000278e (0x0a748da3) sb      t2, 187(s1)
core   0: 3 0x8000278e (0x0a748da3) mem 0x8001fdb3 0x00
core   0: 0x80002792 (0xf0b48c83) lb      s9, -245(s1)
core   0: 3 0x80002792 (0xf0b48c83) x25 0x00000000 mem 0x8001fc03
core   0: 0x80002796 (0x0d348703) lb      a4, 211(s1)
core   0: 3 0x80002796 (0x0d348703) x14 0x00000000 mem 0x8001fdcb
core   0: 0x8000279a (0x0000100f) fence.i
core   0: 3 0x8000279a (0x0000100f)
core   0: 0x8000279e (0x03e08cb3) mul     s9, ra, t5
core   0: 3 0x8000279e (0x03e08cb3) x25 0xffaab3c0
core   0: 0x800027a2 (0x7a620f13) addi    t5, tp, 1958
core   0: 3 0x800027a2 (0x7a620f13) x30 0x000027a6
core   0: 0x800027a6 (0x34047a73) csrrci  s4, mscratch, 8
core   0: 3 0x800027a6 (0x34047a73) x20 0x00000019 c832_mscratch 0x00000011
core   0: 0x800027aa (0xfd548503) lb      a0, -43(s1)
core   0: 3 0x800027aa (0xfd548503) x10 0x00000000 mem 0x8001fccd
core   0: 0x800027ae (0x01795333) srl     t1, s2, s7
core   0: 3 0x800027ae (0x01795333) x6  0x00000000
core   0: 0x800027b2 (0xf3e48ea3) sb      t5, -195(s1)
core   0: 3 0x800027b2 (0xf3e48ea3) mem 0x8001fc35 0xa6
core   0: 0x800027b6 (0x3402d673) csrrwi  a2, mscratch, 5
core   0: 3 0x800027b6 (0x3402d673) x12 0x00000011 c832_mscratch 0x00000005
core   0: 0x800027ba (0x0d24de03) lhu     t3, 210(s1)
core   0: 3 0x800027ba (0x0d24de03) x28 0x00000000 mem 0x8001fdca
core   0: 0x800027be (0x76eb2f13) slti    t5, s6, 1902
core   0: 3 0x800027be (0x76eb2f13) x30 0x00000001
core   0: 0x800027c2 (0xfb248503) lb      a0, -78(s1)
core   0: 3 0x800027c2 (0xfb248503) x10 0x00000000 mem 0x8001fcaa
core   0: 0x800027c6 (0xf9348303) lb      t1, -109(s1)
core   0: 3 0x800027c6 (0xf9348303) x6  0x00000000 mem 0x8001fc8b
core   0: 0x800027ca (0x05019363) bne     gp, a6, pc + 70
core   0: 3 0x800027ca (0x05019363)
core   0: 0x80002810 (0x002da1b3) slt     gp, s11, sp
core   0: 3 0x80002810 (0x002da1b3) x3  0x00000001
core   0: 0x80002814 (0xf9813793) sltiu   a5, sp, -104
core   0: 3 0x80002814 (0xf9813793) x15 0x00000001
core   0: 0x80002818 (0x34042373) csrrs   t1, mscratch, s0
core   0: 3 0x80002818 (0x34042373) x6  0x00000005 c832_mscratch 0xf0a6efc5
core   0: 0x8000281c (0x03948163) beq     s1, s9, pc + 34
core   0: 3 0x8000281c (0x03948163)
core   0: 0x80002820 (0x022835b3) mulhu   a1, a6, sp
core   0: 3 0x80002820 (0x022835b3) x11 0x00000048
core   0: 0x80002824 (0x41d3de13) srai    t3, t2, 29
core   0: 3 0x80002824 (0x41d3de13) x28 0x00000000
core   0: 0x80002828 (0x00c99713) slli    a4, s3, 12
core   0: 3 0x80002828 (0x00c99713) x14 0x79780000
core   0: 0x8000282c (0x34051173) csrrw   sp, mscratch, a0
core   0: 3 0x8000282c (0x34051173) x2  0xf0a6efc5 c832_mscratch 0x00000000
core   0: 0x80002830 (0x02888b33) mul     s6, a7, s0
core   0: 3 0x80002830 (0x02888b33) x22 0x00a85a40
core   0: 0x80002834 (0x01b016b3) sll     a3, zero, s11
core   0: 3 0x80002834 (0x01b016b3) x13 0x00000000
core   0: 0x80002838 (0x00008c99) c.sub   s1, a4
core   0: 3 0x80002838 (0x8c99) x9  0x0689fcf8
core   0: 0x8000283a (0x7b4ea2b7) lui     t0, 0x7b4ea
core   0: 3 0x8000283a (0x7b4ea2b7) x5  0x7b4ea000
core   0: 0x8000283e (0x3406d8f3) csrrwi  a7, mscratch, 13
core   0: 3 0x8000283e (0x3406d8f3) x17 0x00000000 c832_mscratch 0x0000000d
core   0: 0x80002842 (0x34007d73) csrrci  s10, mscratch, 0
core   0: 3 0x80002842 (0x34007d73) x26 0x0000000d
core   0: 0x80002846 (0x013b9333) sll     t1, s7, s3
core   0: 3 0x80002846 (0x013b9333) x6  0x00000000
core   0: 0x8000284a (0x021e7563) bgeu    t3, ra, pc + 42
core   0: 3 0x8000284a (0x021e7563)
core   0: 0x8000284e (0x73f0f893) andi    a7, ra, 1855
core   0: 3 0x8000284e (0x73f0f893) x17 0x00000024
core   0: 0x80002852 (0x00008da5) c.xor   a1, s1
core   0: 3 0x80002852 (0x8da5) x11 0x0689fcb0
core   0: 0x80002854 (0x0222f863) bgeu    t0, sp, pc + 48
core   0: 3 0x80002854 (0x0222f863)
core   0: 0x80002858 (0x00969e33) sll     t3, a3, s1
core   0: 3 0x80002858 (0x00969e33) x28 0x00000000
core   0: 0x8000285c (0x41a05293) srai    t0, zero, 26
core   0: 3 0x8000285c (0x41a05293) x5  0x00000000
core   0: 0x80002860 (0x0000717d) c.addi16sp sp, -16
core   0: 3 0x80002860 (0x717d) x2  0xf0a6efb5
core   0: 0x80002862 (0x0141d263) bge     gp, s4, pc + 4
core   0: 3 0x80002862 (0x0141d263)
core   0: 0x80002866 (0x00008c81) c.sub   s1, s0
core   0: 3 0x80002866 (0x8c81) x9  0x15e30d37
core   0: 0x80002868 (0x0017e133) or      sp, a5, ra
core   0: 3 0x80002868 (0x0017e133) x2  0x00000025
core   0: 0x8000286c (0x340022f3) csrr    t0, mscratch
core   0: 3 0x8000286c (0x340022f3) x5  0x0000000d
core   0: 0x80002870 (0x03115c63) bge     sp, a7, pc + 56
core   0: 3 0x80002870 (0x03115c63)
core   0: 0x800028a8 (0x7dfb0d93) addi    s11, s6, 2015
core   0: 3 0x800028a8 (0x7dfb0d93) x27 0x00a8621f
core   0: 0x800028ac (0x00008e2d) c.xor   a2, a1
core   0: 3 0x800028ac (0x8e2d) x12 0x0689fca1
core   0: 0x800028ae (0x03b84b63) blt     a6, s11, pc + 54
core   0: 3 0x800028ae (0x03b84b63)
core   0: 0x800028e4 (0x00f8e2b3) or      t0, a7, a5
core   0: 3 0x800028e4 (0x00f8e2b3) x5  0x00000025
core   0: 0x800028e8 (0x0000e709) c.bnez  a4, pc + 10
core   0: 3 0x800028e8 (0xe709)
core   0: 0x800028f2 (0x000092b2) c.add   t0, a2
core   0: 3 0x800028f2 (0x92b2) x5  0x0689fcc6
core   0: 0x800028f4 (0x00000001) c.nop
core   0: 3 0x800028f4 (0x0001)
core   0: 0x800028f6 (0x01f1b333) sltu    t1, gp, t6
core   0: 3 0x800028f6 (0x01f1b333) x6  0x00000001
core   0: 0x800028fa (0x3400b173) csrrc   sp, mscratch, ra
core   0: 3 0x800028fa (0x3400b173) x2  0x0000000d c832_mscratch 0x00000009
core   0: 0x800028fe (0x00009806) c.add   a6, ra
core   0: 3 0x800028fe (0x9806) x16 0xc0000024
core   0: 0x80002900 (0x01666863) bltu    a2, s6, pc + 16
core   0: 3 0x80002900 (0x01666863)
core   0: 0x80002904 (0x34032173) csrrs   sp, mscratch, t1
core   0: 3 0x80002904 (0x34032173) x2  0x00000009 c832_mscratch 0x00000009
core   0: 0x80002908 (0x03f2a3b3) mulhsu  t2, t0, t6
core   0: 3 0x80002908 (0x03f2a3b3) x7  0x00000000
core   0: 0x8000290c (0xbf737913) andi    s2, t1, -1033
core   0: 3 0x8000290c (0xbf737913) x18 0x00000001
core   0: 0x80002910 (0x0000517d) c.li    sp, -1
core   0: 3 0x80002910 (0x517d) x2  0xffffffff
core   0: 0x80002912 (0x34006bf3) csrrsi  s7, mscratch, 0
core   0: 3 0x80002912 (0x34006bf3) x23 0x00000009
core   0: 0x80002916 (0x6611ff93) andi    t6, gp, 1633
core   0: 3 0x80002916 (0x6611ff93) x31 0x00000001
core   0: 0x8000291a (0x02c63db3) mulhu   s11, a2, a2
core   0: 3 0x8000291a (0x02c63db3) x27 0x002ac237
core   0: 0x8000291e (0x00001918) c.addi4spn a4, sp, 176
core   0: 3 0x8000291e (0x1918) x14 0x000000af
core   0: 0x80002920 (0x0000100f) fence.i
core   0: 3 0x80002920 (0x0000100f)
core   0: 0x80002924 (0x00000722) c.slli  a4, 8
core   0: 3 0x80002924 (0x0722) x14 0x0000af00
core   0: 0x80002926 (0x3402f2f3) csrrci  t0, mscratch, 5
core   0: 3 0x80002926 (0x3402f2f3) x5  0x00000009 c832_mscratch 0x00000008
core   0: 0x8000292a (0x029bdfb3) divu    t6, s7, s1
core   0: 3 0x8000292a (0x029bdfb3) x31 0x00000000
core   0: 0x8000292e (0x00008cd9) c.or    s1, a4
core   0: 3 0x8000292e (0x8cd9) x9  0x15e3af37
core   0: 0x80002930 (0x000082a5) c.srli  a3, 9
core   0: 3 0x80002930 (0x82a5) x13 0x00000000
core   0: 0x80002932 (0xd0088937) lui     s2, 0xd0088
core   0: 3 0x80002932 (0xd0088937) x18 0xd0088000
core   0: 0x80002936 (0x340510f3) csrrw   ra, mscratch, a0
core   0: 3 0x80002936 (0x340510f3) x1  0x00000008 c832_mscratch 0x00000000
core   0: 0x8000293a (0x00833233) sltu    tp, t1, s0
core   0: 3 0x8000293a (0x00833233) x4  0x00000001
core   0: 0x8000293e (0x340079f3) csrrci  s3, mscratch, 0
core   0: 3 0x8000293e (0x340079f3) x19 0x00000000
core   0: 0x80002942 (0x410a5db3) sra     s11, s4, a6
core   0: 3 0x80002942 (0x410a5db3) x27 0x00000001
core   0: 0x80002946 (0x00875633) srl     a2, a4, s0
core   0: 3 0x80002946 (0x00875633) x12 0x00005780
core   0: 0x8000294a (0x00df0fb3) add     t6, t5, a3
core   0: 3 0x8000294a (0x00df0fb3) x31 0x00000001
core   0: 0x8000294e (0x3409d0f3) csrrwi  ra, mscratch, 19
core   0: 3 0x8000294e (0x3409d0f3) x1  0x00000000 c832_mscratch 0x00000013
core   0: 0x80002952 (0x00000f18) c.addi4spn a4, sp, 912
core   0: 3 0x80002952 (0x0f18) x14 0x0000038f
core   0: 0x80002954 (0x018d1b13) slli    s6, s10, 24
core   0: 3 0x80002954 (0x018d1b13) x22 0x0d000000
core   0: 0x80002958 (0x03be8b33) mul     s6, t4, s11
core   0: 3 0x80002958 (0x03be8b33) x22 0x80029d24
core   0: 0x8000295c (0x00008e2d) c.xor   a2, a1
core   0: 3 0x8000295c (0x8e2d) x12 0x0689ab30
core   0: 0x8000295e (0x9790af93) slti    t6, ra, -1671
core   0: 3 0x8000295e (0x9790af93) x31 0x00000000
core   0: 0x80002962 (0x00000536) c.slli  a0, 13
core   0: 3 0x80002962 (0x0536) x10 0x00000000
core   0: 0x80002964 (0x33201617) auipc   a2, 0x33201
core   0: 3 0x80002964 (0x33201617) x12 0xb3203964
core   0: 0x80002968 (0x00365db3) srl     s11, a2, gp
core   0: 3 0x80002968 (0x00365db3) x27 0x59901cb2
core   0: 0x8000296c (0x033898b3) mulh    a7, a7, s3
core   0: 3 0x8000296c (0x033898b3) x17 0x00000000
core   0: 0x80002970 (0x030dfcb3) remu    s9, s11, a6
core   0: 3 0x80002970 (0x030dfcb3) x25 0x59901cb2
core   0: 0x80002974 (0x00001a1c) c.addi4spn a5, sp, 304
core   0: 3 0x80002974 (0x1a1c) x15 0x0000012f
core   0: 0x80002976 (0x0000e30d) c.bnez  a4, pc + 34
core   0: 3 0x80002976 (0xe30d)
core   0: 0x80002998 (0x02f96cb3) rem     s9, s2, a5
core   0: 3 0x80002998 (0x02f96cb3) x25 0xffffff9e
core   0: 0x8000299c (0x026fffb3) remu    t6, t6, t1
core   0: 3 0x8000299c (0x026fffb3) x31 0x00000000
core   0: 0x800029a0 (0x00b5e133) or      sp, a1, a1
core   0: 3 0x800029a0 (0x00b5e133) x2  0x0689fcb0
core   0: 0x800029a4 (0x00000001) c.nop
core   0: 3 0x800029a4 (0x0001)
core   0: 0x800029a6 (0x40810cb3) sub     s9, sp, s0
core   0: 3 0x800029a6 (0x40810cb3) x25 0x15e30cef
core   0: 0x800029aa (0x04505463) bge     zero, t0, pc + 72
core   0: 3 0x800029aa (0x04505463)
core   0: 0x800029ae (0x0ff0000f) fence   iorw,iorw
core   0: 3 0x800029ae (0x0ff0000f)
core   0: 0x800029b2 (0x01657933) and     s2, a0, s6
core   0: 3 0x800029b2 (0x01657933) x18 0x00000000
core   0: 0x800029b6 (0x02c26e33) rem     t3, tp, a2
core   0: 3 0x800029b6 (0x02c26e33) x28 0x00000001
core   0: 0x800029ba (0x00bff3b3) and     t2, t6, a1
core   0: 3 0x800029ba (0x00bff3b3) x7  0x00000000
core   0: 0x800029be (0x0226e4b3) rem     s1, a3, sp
core   0: 3 0x800029be (0x0226e4b3) x9  0x00000000
core   0: 0x800029c2 (0x00008ade) c.mv    s5, s7
core   0: 3 0x800029c2 (0x8ade) x21 0x00000009
core   0: 0x800029c4 (0x413f5e33) sra     t3, t5, s3
core   0: 3 0x800029c4 (0x413f5e33) x28 0x00000001
core   0: 0x800029c8 (0xba28ae13) slti    t3, a7, -1118
core   0: 3 0x800029c8 (0xba28ae13) x28 0x00000000
core   0: 0x800029cc (0x03250bb3) mul     s7, a0, s2
core   0: 3 0x800029cc (0x03250bb3) x23 0x00000000
core   0: 0x800029d0 (0x03dd0e63) beq     s10, t4, pc + 60
core   0: 3 0x800029d0 (0x03dd0e63)
core   0: 0x800029d4 (0x000098fd) c.andi  s1, -1
core   0: 3 0x800029d4 (0x98fd) x9  0x00000000
core   0: 0x800029d6 (0x00a91cb3) sll     s9, s2, a0
core   0: 3 0x800029d6 (0x00a91cb3) x25 0x00000000
core   0: 0x800029da (0xf34d7617) auipc   a2, 0xf34d7
core   0: 3 0x800029da (0xf34d7617) x12 0x734d99da
core   0: 0x800029de (0x03f6db33) divu    s6, a3, t6
core   0: 3 0x800029de (0x03f6db33) x22 0xffffffff
core   0: 0x800029e2 (0x00f15033) srl     zero, sp, a5
core   0: 3 0x800029e2 (0x00f15033)
core   0: 0x800029e6 (0xdc2ed617) auipc   a2, 0xdc2ed
core   0: 3 0x800029e6 (0xdc2ed617) x12 0x5c2ef9e6
core   0: 0x800029ea (0x30d7fd93) andi    s11, a5, 781
core   0: 3 0x800029ea (0x30d7fd93) x27 0x0000010d
core   0: 0x800029ee (0x0aff6613) ori     a2, t5, 175
core   0: 3 0x800029ee (0x0aff6613) x12 0x000000af
core   0: 0x800029f2 (0x01208bb3) add     s7, ra, s2
core   0: 3 0x800029f2 (0x01208bb3) x23 0x00000000
core   0: 0x800029f6 (0x037248b3) div     a7, tp, s7
core   0: 3 0x800029f6 (0x037248b3) x17 0xffffffff
core   0: 0x800029fa (0x05277063) bgeu    a4, s2, pc + 64
core   0: 3 0x800029fa (0x05277063)
core   0: 0x80002a3a (0x00008d75) c.and   a0, a3
core   0: 3 0x80002a3a (0x8d75) x10 0x00000000
core   0: 0x80002a3c (0x01d87a63) bgeu    a6, t4, pc + 20
core   0: 3 0x80002a3c (0x01d87a63)
core   0: 0x80002a50 (0x00000991) c.addi  s3, 4
core   0: 3 0x80002a50 (0x0991) x19 0x00000004
core   0: 0x80002a52 (0x00008c8d) c.sub   s1, a1
core   0: 3 0x80002a52 (0x8c8d) x9  0xf9760350
core   0: 0x80002a54 (0x00d39a93) slli    s5, t2, 13
core   0: 3 0x80002a54 (0x00d39a93) x21 0x00000000
core   0: 0x80002a58 (0x0000c315) c.beqz  a4, pc + 36
core   0: 3 0x80002a58 (0xc315)
core   0: 0x80002a5a (0x00000001) c.nop
core   0: 3 0x80002a5a (0x0001)
core   0: 0x80002a5c (0x4169db93) srai    s7, s3, 22
core   0: 3 0x80002a5c (0x4169db93) x23 0x00000000
core   0: 0x80002a60 (0x018a49b3) xor     s3, s4, s8
core   0: 3 0x80002a60 (0x018a49b3) x19 0x80025ebd
core   0: 0x80002a64 (0x01d9eab3) or      s5, s3, t4
core   0: 3 0x80002a64 (0x01d9eab3) x21 0x8002dfbd
core   0: 0x80002a68 (0x00008c99) c.sub   s1, a4
core   0: 3 0x80002a68 (0x8c99) x9  0xf975ffc1
core   0: 0x80002a6a (0x034e3e33) mulhu   t3, t3, s4
core   0: 3 0x80002a6a (0x034e3e33) x28 0x00000000
core   0: 0x80002a6e (0x7f780993) addi    s3, a6, 2039
core   0: 3 0x80002a6e (0x7f780993) x19 0xc000081b
core   0: 0x80002a72 (0x00000aad) c.addi  s5, 11
core   0: 3 0x80002a72 (0x0aad) x21 0x8002dfc8
core   0: 0x80002a74 (0x46a33713) sltiu   a4, t1, 1130
core   0: 3 0x80002a74 (0x46a33713) x14 0x00000001
core   0: 0x80002a78 (0x9ffd6493) ori     s1, s10, -1537
core   0: 3 0x80002a78 (0x9ffd6493) x9  0xfffff9ff
core   0: 0x80002a7c (0x00008d91) c.sub   a1, a2
core   0: 3 0x80002a7c (0x8d91) x11 0x0689fc01
core   0: 0x80002a7e (0x026fe9b3) rem     s3, t6, t1
core   0: 3 0x80002a7e (0x026fe9b3) x19 0x00000000
core   0: 0x80002a82 (0x00008f51) c.or    a4, a2
core   0: 3 0x80002a82 (0x8f51) x14 0x000000af
core   0: 0x80002a84 (0x34007973) csrrci  s2, mscratch, 0
core   0: 3 0x80002a84 (0x34007973) x18 0x00000013
core   0: 0x80002a88 (0x00000392) c.slli  t2, 4
core   0: 3 0x80002a88 (0x0392) x7  0x00000000
core   0: 0x80002a8a (0x00009e0a) c.add   t3, sp
core   0: 3 0x80002a8a (0x9e0a) x28 0x0689fcb0
core   0: 0x80002a8c (0x02c61733) mulh    a4, a2, a2
core   0: 3 0x80002a8c (0x02c61733) x14 0x00000000
core   0: 0x80002a90 (0x00004a8d) c.li    s5, 3
core   0: 3 0x80002a90 (0x4a8d) x21 0x00000003
core   0: 0x80002a92 (0x79574913) xori    s2, a4, 1941
core   0: 3 0x80002a92 (0x79574913) x18 0x00000795
core   0: 0x80002a96 (0x0372be33) mulhu   t3, t0, s7
core   0: 3 0x80002a96 (0x0372be33) x28 0x00000000
core   0: 0x80002a9a (0x00008d89) c.sub   a1, a0
core   0: 3 0x80002a9a (0x8d89) x11 0x0689fc01
core   0: 0x80002a9c (0x000e7663) bgeu    t3, zero, pc + 12
core   0: 3 0x80002a9c (0x000e7663)
core   0: 0x80002aa8 (0x00008c81) c.sub   s1, s0
core   0: 3 0x80002aa8 (0x8c81) x9  0x0f590a3e
core   0: 0x80002aaa (0x0000851d) c.srai  a0, 7
core   0: 3 0x80002aaa (0x851d) x10 0x00000000
core   0: 0x80002aac (0x340e1a73) csrrw   s4, mscratch, t3
core   0: 3 0x80002aac (0x340e1a73) x20 0x00000013 c832_mscratch 0x00000000
core   0: 0x80002ab0 (0x0061f1b3) and     gp, gp, t1
core   0: 3 0x80002ab0 (0x0061f1b3) x3  0x00000001
core   0: 0x80002ab4 (0x03bc97b3) mulh    a5, s9, s11
core   0: 3 0x80002ab4 (0x03bc97b3) x15 0x00000000
core   0: 0x80002ab8 (0x2ead7913) andi    s2, s10, 746
core   0: 3 0x80002ab8 (0x2ead7913) x18 0x00000008
core   0: 0x80002abc (0x00008f55) c.or    a4, a3
core   0: 3 0x80002abc (0x8f55) x14 0x00000000
core   0: 0x80002abe (0x03777263) bgeu    a4, s7, pc + 36
core   0: 3 0x80002abe (0x03777263)
core   0: 0x80002ae2 (0x01dbd9b3) srl     s3, s7, t4
core   0: 3 0x80002ae2 (0x01dbd9b3) x19 0x00000000
core   0: 0x80002ae6 (0x013b92b3) sll     t0, s7, s3
core   0: 3 0x80002ae6 (0x013b92b3) x5  0x00000000
core   0: 0x80002aea (0x03b025b3) mulhsu  a1, zero, s11
core   0: 3 0x80002aea (0x03b025b3) x11 0x00000000
core   0: 0x80002aee (0x00f2abb3) slt     s7, t0, a5
core   0: 3 0x80002aee (0x00f2abb3) x23 0x00000000
core   0: 0x80002af2 (0x010659b3) srl     s3, a2, a6
core   0: 3 0x80002af2 (0x010659b3) x19 0x0000000a
core   0: 0x80002af6 (0x00008fad) c.xor   a5, a1
core   0: 3 0x80002af6 (0x8fad) x15 0x00000000
core   0: 0x80002af8 (0x00195f63) bge     s2, ra, pc + 30
core   0: 3 0x80002af8 (0x00195f63)
core   0: 0x80002b16 (0x093afd17) auipc   s10, 0x93af
core   0: 3 0x80002b16 (0x093afd17) x26 0x893b1b16
core   0: 0x80002b1a (0x79011617) auipc   a2, 0x79011
core   0: 3 0x80002b1a (0x79011617) x12 0xf9013b1a
core   0: 0x80002b1e (0x34007773) csrrci  a4, mscratch, 0
core   0: 3 0x80002b1e (0x34007773) x14 0x00000000
core   0: 0x80002b22 (0x00df1db3) sll     s11, t5, a3
core   0: 3 0x80002b22 (0x00df1db3) x27 0x00000001
core   0: 0x80002b26 (0x360dc913) xori    s2, s11, 864
core   0: 3 0x80002b26 (0x360dc913) x18 0x00000361
core   0: 0x80002b2a (0x0000100f) fence.i
core   0: 3 0x80002b2a (0x0000100f)
core   0: 0x80002b2e (0x41305713) srai    a4, zero, 19
core   0: 3 0x80002b2e (0x41305713) x14 0x00000000
core   0: 0x80002b32 (0x0000815d) c.srli  a0, 23
core   0: 3 0x80002b32 (0x815d) x10 0x00000000
core   0: 0x80002b34 (0x340859f3) csrrwi  s3, mscratch, 16
core   0: 3 0x80002b34 (0x340859f3) x19 0x00000000 c832_mscratch 0x00000010
core   0: 0x80002b38 (0x34007b73) csrrci  s6, mscratch, 0
core   0: 3 0x80002b38 (0x34007b73) x22 0x00000010
core   0: 0x80002b3c (0x00000001) c.nop
core   0: 3 0x80002b3c (0x0001)
core   0: 0x80002b3e (0xcc794013) xori    zero, s2, -825
core   0: 3 0x80002b3e (0xcc794013)
core   0: 0x80002b42 (0xd65ba213) slti    tp, s7, -667
core   0: 3 0x80002b42 (0xd65ba213) x4  0x00000000
core   0: 0x80002b46 (0x340dd6f3) csrrwi  a3, mscratch, 27
core   0: 3 0x80002b46 (0x340dd6f3) x13 0x00000010 c832_mscratch 0x0000001b
core   0: 0x80002b4a (0x01737d33) and     s10, t1, s7
core   0: 3 0x80002b4a (0x01737d33) x26 0x00000000
core   0: 0x80002b4e (0x004fc0b3) xor     ra, t6, tp
core   0: 3 0x80002b4e (0x004fc0b3) x1  0x00000000
core   0: 0x80002b52 (0x5e9f7c93) andi    s9, t5, 1513
core   0: 3 0x80002b52 (0x5e9f7c93) x25 0x00000001
core   0: 0x80002b56 (0x027124b3) mulhsu  s1, sp, t2
core   0: 3 0x80002b56 (0x027124b3) x9  0x00000000
core   0: 0x80002b5a (0x0029ecb3) or      s9, s3, sp
core   0: 3 0x80002b5a (0x0029ecb3) x25 0x0689fcb0
core   0: 0x80002b5e (0x023373b3) remu    t2, t1, gp
core   0: 3 0x80002b5e (0x023373b3) x7  0x00000000
core   0: 0x80002b62 (0x0000100f) fence.i
core   0: 3 0x80002b62 (0x0000100f)
core   0: 0x80002b66 (0x0000c119) c.beqz  a0, pc + 6
core   0: 3 0x80002b66 (0xc119)
core   0: 0x80002b6c (0x00001f08) c.addi4spn a0, sp, 944
core   0: 3 0x80002b6c (0x1f08) x10 0x068a0060
core   0: 0x80002b6e (0x1ddf6e13) ori     t3, t5, 477
core   0: 3 0x80002b6e (0x1ddf6e13) x28 0x000001dd
core   0: 0x80002b72 (0x00009a7d) c.andi  a2, -1
core   0: 3 0x80002b72 (0x9a7d) x12 0xf9013b1a
core   0: 0x80002b74 (0x0309f9b3) remu    s3, s3, a6
core   0: 3 0x80002b74 (0x0309f9b3) x19 0x00000000
core   0: 0x80002b78 (0x00033a33) sltu    s4, t1, zero
core   0: 3 0x80002b78 (0x00033a33) x20 0x00000000
core   0: 0x80002b7c (0x039c38b3) mulhu   a7, s8, s9
core   0: 3 0x80002b7c (0x039c38b3) x17 0x03450dd6
core   0: 0x80002b80 (0x0000827a) c.mv    tp, t5
core   0: 3 0x80002b80 (0x827a) x4  0x00000001
core   0: 0x80002b82 (0x025714b3) mulh    s1, a4, t0
core   0: 3 0x80002b82 (0x025714b3) x9  0x00000000
core   0: 0x80002b86 (0x00d682b3) add     t0, a3, a3
core   0: 3 0x80002b86 (0x00d682b3) x5  0x00000020
core   0: 0x80002b8a (0x34003073) csrc    mscratch, zero
core   0: 3 0x80002b8a (0x34003073)
core   0: 0x80002b8e (0x00000001) c.nop
core   0: 3 0x80002b8e (0x0001)
core   0: 0x80002b90 (0x00000001) c.nop
core   0: 3 0x80002b90 (0x0001)
core   0: 0x80002b92 (0xb49ceb13) ori     s6, s9, -1207
core   0: 3 0x80002b92 (0xb49ceb13) x22 0xfffffff9
core   0: 0x80002b96 (0x02120633) mul     a2, tp, ra
core   0: 3 0x80002b96 (0x02120633) x12 0x00000000
core   0: 0x80002b9a (0x0000968a) c.add   a3, sp
core   0: 3 0x80002b9a (0x968a) x13 0x0689fcc0
core   0: 0x80002b9c (0x01895633) srl     a2, s2, s8
core   0: 3 0x80002b9c (0x01895633) x12 0x00000036
core   0: 0x80002ba0 (0x00001c94) c.addi4spn a3, sp, 624
core   0: 3 0x80002ba0 (0x1c94) x13 0x0689ff20
core   0: 0x80002ba2 (0x40b58fb3) sub     t6, a1, a1
core   0: 3 0x80002ba2 (0x40b58fb3) x31 0x00000000
core   0: 0x80002ba6 (0x034b1333) mulh    t1, s6, s4
core   0: 3 0x80002ba6 (0x034b1333) x6  0x00000000
core   0: 0x80002baa (0x02443933) mulhu   s2, s0, tp
core   0: 3 0x80002baa (0x02443933) x18 0x00000000
core   0: 0x80002bae (0x34002af3) csrr    s5, mscratch
core   0: 3 0x80002bae (0x34002af3) x21 0x0000001b
core   0: 0x80002bb2 (0x41c35913) srai    s2, t1, 28
core   0: 3 0x80002bb2 (0x41c35913) x18 0x00000000
core   0: 0x80002bb6 (0x02698d33) mul     s10, s3, t1
core   0: 3 0x80002bb6 (0x02698d33) x26 0x00000000
core   0: 0x80002bba (0x007c5c93) srli    s9, s8, 7
core   0: 3 0x80002bba (0x007c5c93) x25 0x010004bd
core   0: 0x80002bbe (0x25fe7b93) andi    s7, t3, 607
core   0: 3 0x80002bbe (0x25fe7b93) x23 0x0000005d
core   0: 0x80002bc2 (0x67908d13) addi    s10, ra, 1657
core   0: 3 0x80002bc2 (0x67908d13) x26 0x00000679
core   0: 0x80002bc6 (0x01ae40b3) xor     ra, t3, s10
core   0: 3 0x80002bc6 (0x01ae40b3) x1  0x000007a4
core   0: 0x80002bca (0x0000e31d) c.bnez  a4, pc + 38
core   0: 3 0x80002bca (0xe31d)
core   0: 0x80002bcc (0x002dd7b3) srl     a5, s11, sp
core   0: 3 0x80002bcc (0x002dd7b3) x15 0x00000000
core   0: 0x80002bd0 (0x0000717d) c.addi16sp sp, -16
core   0: 3 0x80002bd0 (0x717d) x2  0x0689fca0
core   0: 0x80002bd2 (0x0ff0000f) fence   iorw,iorw
core   0: 3 0x80002bd2 (0x0ff0000f)
core   0: 0x80002bd6 (0x00008325) c.srli  a4, 9
core   0: 3 0x80002bd6 (0x8325) x14 0x00000000
core   0: 0x80002bd8 (0x02b137b3) mulhu   a5, sp, a1
core   0: 3 0x80002bd8 (0x02b137b3) x15 0x00000000
core   0: 0x80002bdc (0x000085d5) c.srai  a1, 21
core   0: 3 0x80002bdc (0x85d5) x11 0x00000000
core   0: 0x80002bde (0x017472b3) and     t0, s0, s7
core   0: 3 0x80002bde (0x017472b3) x5  0x00000041
core   0: 0x80002be2 (0x00d81a13) slli    s4, a6, 13
core   0: 3 0x80002be2 (0x00d81a13) x20 0x00048000
core   0: 0x80002be6 (0x00008d69) c.and   a0, a0
core   0: 3 0x80002be6 (0x8d69) x10 0x068a0060
core   0: 0x80002be8 (0x0248cf63) blt     a7, tp, pc + 62
core   0: 3 0x80002be8 (0x0248cf63)
core   0: 0x80002bec (0x340bd873) csrrwi  a6, mscratch, 23
core   0: 3 0x80002bec (0x340bd873) x16 0x0000001b c832_mscratch 0x00000017
core   0: 0x80002bf0 (0x0000618d) c.lui   gp, 0x3
core   0: 3 0x80002bf0 (0x618d) x3  0x00003000
core   0: 0x80002bf2 (0x00008ab9) c.andi  a3, 14
core   0: 3 0x80002bf2 (0x8ab9) x13 0x00000000
core   0: 0x80002bf4 (0x0000624d) c.lui   tp, 0x13
core   0: 3 0x80002bf4 (0x624d) x4  0x00013000
core   0: 0x80002bf6 (0x01d048b3) xor     a7, zero, t4
core   0: 3 0x80002bf6 (0x01d048b3) x17 0x80029d24
core   0: 0x80002bfa (0x02673f33) mulhu   t5, a4, t1
core   0: 3 0x80002bfa (0x02673f33) x30 0x00000000
core   0: 0x80002bfe (0x0014c263) blt     s1, ra, pc + 4
core   0: 3 0x80002bfe (0x0014c263)
core   0: 0x80002c02 (0x0000eb9d) c.bnez  a5, pc + 54
core   0: 3 0x80002c02 (0xeb9d)
core   0: 0x80002c04 (0x00008cf1) c.and   s1, a2
core   0: 3 0x80002c04 (0x8cf1) x9  0x00000000
core   0: 0x80002c06 (0x34007a73) csrrci  s4, mscratch, 0
core   0: 3 0x80002c06 (0x34007a73) x20 0x00000017
core   0: 0x80002c0a (0x03cfca33) div     s4, t6, t3
core   0: 3 0x80002c0a (0x03cfca33) x20 0x00000000
core   0: 0x80002c0e (0x030e58b3) divu    a7, t3, a6
core   0: 3 0x80002c0e (0x030e58b3) x17 0x00000011
core   0: 0x80002c12 (0x01722ab3) slt     s5, tp, s7
core   0: 3 0x80002c12 (0x01722ab3) x21 0x00000000
core   0: 0x80002c16 (0x00006cc9) c.lui   s9, 0x12
core   0: 3 0x80002c16 (0x6cc9) x25 0x00012000
core   0: 0x80002c18 (0x02f9f833) remu    a6, s3, a5
core   0: 3 0x80002c18 (0x02f9f833) x16 0x00000000
core   0: 0x80002c1c (0x01965663) bge     a2, s9, pc + 12
core   0: 3 0x80002c1c (0x01965663)
core   0: 0x80002c20 (0x340020f3) csrr    ra, mscratch
core   0: 3 0x80002c20 (0x340020f3) x1  0x00000017
core   0: 0x80002c24 (0x00008f01) c.sub   a4, s0
core   0: 3 0x80002c24 (0x8f01) x14 0x0f59103f
core   0: 0x80002c26 (0x00009e52) c.add   t3, s4
core   0: 3 0x80002c26 (0x9e52) x28 0x000001dd
core   0: 0x80002c28 (0x025b37b3) mulhu   a5, s6, t0
core   0: 3 0x80002c28 (0x025b37b3) x15 0x00000040
core   0: 0x80002c2c (0x340f9d73) csrrw   s10, mscratch, t6
core   0: 3 0x80002c2c (0x340f9d73) x26 0x00000017 c832_mscratch 0x00000000
core   0: 0x80002c30 (0x01285a63) bge     a6, s2, pc + 20
core   0: 3 0x80002c30 (0x01285a63)
core   0: 0x80002c44 (0x590d0d13) addi    s10, s10, 1424
core   0: 3 0x80002c44 (0x590d0d13) x26 0x000005a7
core   0: 0x80002c48 (0x34003673) csrrc   a2, mscratch, zero
core   0: 3 0x80002c48 (0x34003673) x12 0x00000000
core   0: 0x80002c4c (0x01b19863) bne     gp, s11, pc + 16
core   0: 3 0x80002c4c (0x01b19863)
core   0: 0x80002c5c (0x00008f71) c.and   a4, a2
core   0: 3 0x80002c5c (0x8f71) x14 0x00000000
core   0: 0x80002c5e (0x419bd033) sra     zero, s7, s9
core   0: 3 0x80002c5e (0x419bd033)
core   0: 0x80002c62 (0x4229ce13) xori    t3, s3, 1058
core   0: 3 0x80002c62 (0x4229ce13) x28 0x00000422
core   0: 0x80002c66 (0x008cfd63) bgeu    s9, s0, pc + 26
core   0: 3 0x80002c66 (0x008cfd63)
core   0: 0x80002c6a (0x00009cfa) c.add   s9, t5
core   0: 3 0x80002c6a (0x9cfa) x25 0x00012000
core   0: 0x80002c6c (0x00008f0d) c.sub   a4, a1
core   0: 3 0x80002c6c (0x8f0d) x14 0x00000000
core   0: 0x80002c6e (0x00000884) c.addi4spn s1, sp, 80
core   0: 3 0x80002c6e (0x0884) x9  0x0689fcf0
core   0: 0x80002c70 (0x00008f95) c.sub   a5, a3
core   0: 3 0x80002c70 (0x8f95) x15 0x00000040
core   0: 0x80002c72 (0x00009afd) c.andi  a3, -1
core   0: 3 0x80002c72 (0x9afd) x13 0x00000000
core   0: 0x80002c74 (0x033b0663) beq     s6, s3, pc + 44
core   0: 3 0x80002c74 (0x033b0663)
core   0: 0x80002c78 (0x01ab5b13) srli    s6, s6, 26
core   0: 3 0x80002c78 (0x01ab5b13) x22 0x0000003f
core   0: 0x80002c7c (0x40f15fb3) sra     t6, sp, a5
core   0: 3 0x80002c7c (0x40f15fb3) x31 0x0689fca0
core   0: 0x80002c80 (0x046e8263) beq     t4, t1, pc + 68
core   0: 3 0x80002c80 (0x046e8263)
core   0: 0x80002c84 (0x0000100f) fence.i
core   0: 3 0x80002c84 (0x0000100f)
core   0: 0x80002c88 (0x00008f5a) c.mv    t5, s6
core   0: 3 0x80002c88 (0x8f5a) x30 0x0000003f
core   0: 0x80002c8a (0x0000100f) fence.i
core   0: 3 0x80002c8a (0x0000100f)
core   0: 0x80002c8e (0x02c1a033) mulhsu  zero, gp, a2
core   0: 3 0x80002c8e (0x02c1a033)
core   0: 0x80002c92 (0x035d4ab3) div     s5, s10, s5
core   0: 3 0x80002c92 (0x035d4ab3) x21 0xffffffff
core   0: 0x80002c96 (0x0330f863) bgeu    ra, s3, pc + 48
core   0: 3 0x80002c96 (0x0330f863)
core   0: 0x80002cc6 (0xf1266893) ori     a7, a2, -238
core   0: 3 0x80002cc6 (0xf1266893) x17 0xffffff12
core   0: 0x80002cca (0x00017117) auipc   sp, 0x17
core   0: 3 0x80002cca (0x00017117) x2  0x80019cca
core   0: 0x80002cce (0xcb110113) addi    sp, sp, -847
core   0: 3 0x80002cce (0xcb110113) x2  0x8001997b
core   0: 0x80002cd2 (0x01014503) lbu     a0, 16(sp)
core   0: 3 0x80002cd2 (0x01014503) x10 0x00000000 mem 0x8001998b
core   0: 0x80002cd6 (0xffc10b83) lb      s7, -4(sp)
core   0: 3 0x80002cd6 (0xffc10b83) x23 0x00000000 mem 0x80019977
core   0: 0x80002cda (0x85f1af97) auipc   t6, 0x85f1a
core   0: 3 0x80002cda (0x85f1af97) x31 0x05f1ccda
core   0: 0x80002cde (0x01fc9bb3) sll     s7, s9, t6
core   0: 3 0x80002cde (0x01fc9bb3) x23 0x00000000
core   0: 0x80002ce2 (0x00159633) sll     a2, a1, ra
core   0: 3 0x80002ce2 (0x00159633) x12 0x00000000
core   0: 0x80002ce6 (0x00f10323) sb      a5, 6(sp)
core   0: 3 0x80002ce6 (0x00f10323) mem 0x80019981 0x40
core   0: 0x80002cea (0x4d16b213) sltiu   tp, a3, 1233
core   0: 3 0x80002cea (0x4d16b213) x4  0x00000001
core   0: 0x80002cee (0xff410f03) lb      t5, -12(sp)
core   0: 3 0x80002cee (0xff410f03) x30 0x00000000 mem 0x8001996f
core   0: 0x80002cf2 (0xff410983) lb      s3, -12(sp)
core   0: 3 0x80002cf2 (0xff410983) x19 0x00000000 mem 0x8001996f
core   0: 0x80002cf6 (0x940f6213) ori     tp, t5, -1728
core   0: 3 0x80002cf6 (0x940f6213) x4  0xfffff940
core   0: 0x80002cfa (0x0000825d) c.srli  a2, 23
core   0: 3 0x80002cfa (0x825d) x12 0x00000000
core   0: 0x80002cfc (0x01207f33) and     t5, zero, s2
core   0: 3 0x80002cfc (0x01207f33) x30 0x00000000
core   0: 0x80002d00 (0x00008505) c.srai  a0, 1
core   0: 3 0x80002d00 (0x8505) x10 0x00000000
core   0: 0x80002d02 (0xff3119a3) sh      s3, -13(sp)
core   0: 3 0x80002d02 (0xff3119a3) mem 0x8001996e 0x0000
core   0: 0x80002d06 (0x00a10083) lb      ra, 10(sp)
core   0: 3 0x80002d06 (0x00a10083) x1  0x00000000 mem 0x80019985
core   0: 0x80002d0a (0xffb10883) lb      a7, -5(sp)
core   0: 3 0x80002d0a (0xffb10883) x17 0x00000000 mem 0x80019976
core   0: 0x80002d0e (0x340e3373) csrrc   t1, mscratch, t3
core   0: 3 0x80002d0e (0x340e3373) x6  0x00000000 c832_mscratch 0x00000000
core   0: 0x80002d12 (0xff315883) lhu     a7, -13(sp)
core   0: 3 0x80002d12 (0xff315883) x17 0x00000000 mem 0x8001996e
core   0: 0x80002d16 (0x00009a7d) c.andi  a2, -1
core   0: 3 0x80002d16 (0x9a7d) x12 0x00000000
core   0: 0x80002d18 (0x000068b5) c.lui   a7, 0xd
core   0: 3 0x80002d18 (0x68b5) x17 0x0000d000
core   0: 0x80002d1a (0xffd10da3) sb      t4, -5(sp)
core   0: 3 0x80002d1a (0xffd10da3) mem 0x80019976 0x24
core   0: 0x80002d1e (0xffa14583) lbu     a1, -6(sp)
core   0: 3 0x80002d1e (0xffa14583) x11 0x00000000 mem 0x80019975
core   0: 0x80002d22 (0x34002d73) csrr    s10, mscratch
core   0: 3 0x80002d22 (0x34002d73) x26 0x00000000
core   0: 0x80002d26 (0x01210423) sb      s2, 8(sp)
core   0: 3 0x80002d26 (0x01210423) mem 0x80019983 0x00
core   0: 0x80002d2a (0xffe10fa3) sb      t5, -1(sp)
core   0: 3 0x80002d2a (0xffe10fa3) mem 0x8001997a 0x00
core   0: 0x80002d2e (0x340a9cf3) csrrw   s9, mscratch, s5
core   0: 3 0x80002d2e (0x340a9cf3) x25 0x00000000 c832_mscratch 0xffffffff
core   0: 0x80002d32 (0x00008e8d) c.sub   a3, a1
core   0: 3 0x80002d32 (0x8e8d) x13 0x00000000
core   0: 0x80002d34 (0x02550233) mul     tp, a0, t0
core   0: 3 0x80002d34 (0x02550233) x4  0x00000000
core   0: 0x80002d38 (0x00114a03) lbu     s4, 1(sp)
core   0: 3 0x80002d38 (0x00114a03) x20 0x00000000 mem 0x8001997c
core   0: 0x80002d3c (0x00000001) c.nop
core   0: 3 0x80002d3c (0x0001)
core   0: 0x80002d3e (0x00008ed9) c.or    a3, a4
core   0: 3 0x80002d3e (0x8ed9) x13 0x00000000
core   0: 0x80002d40 (0x006100a3) sb      t1, 1(sp)
core   0: 3 0x80002d40 (0x006100a3) mem 0x8001997c 0x00
core   0: 0x80002d44 (0x8360a293) slti    t0, ra, -1994
core   0: 3 0x80002d44 (0x8360a293) x5  0x00000000
core   0: 0x80002d48 (0x40900633) sub     a2, zero, s1
core   0: 3 0x80002d48 (0x40900633) x12 0xf9760310
core   0: 0x80002d4c (0xfeb10b23) sb      a1, -10(sp)
core   0: 3 0x80002d4c (0xfeb10b23) mem 0x80019971 0x00
core   0: 0x80002d50 (0x010e13b3) sll     t2, t3, a6
core   0: 3 0x80002d50 (0x010e13b3) x7  0x00000422
core   0: 0x80002d54 (0x41a3dfb3) sra     t6, t2, s10
core   0: 3 0x80002d54 (0x41a3dfb3) x31 0x00000422
core   0: 0x80002d58 (0x00d14283) lbu     t0, 13(sp)
core   0: 3 0x80002d58 (0x00d14283) x5  0x00000000 mem 0x80019988
core   0: 0x80002d5c (0x419c0a33) sub     s4, s8, s9
core   0: 3 0x80002d5c (0x419c0a33) x20 0x80025ea4
core   0: 0x80002d60 (0x34037273) csrrci  tp, mscratch, 6
core   0: 3 0x80002d60 (0x34037273) x4  0xffffffff c832_mscratch 0xfffffff9
core   0: 0x80002d64 (0x02db9933) mulh    s2, s7, a3
core   0: 3 0x80002d64 (0x02db9933) x18 0x00000000
core   0: 0x80002d68 (0x000006e5) c.addi  a3, 25
core   0: 3 0x80002d68 (0x06e5) x13 0x00000019
core   0: 0x80002d6a (0x0388e8b3) rem     a7, a7, s8
core   0: 3 0x80002d6a (0x0388e8b3) x17 0x0000d000
core   0: 0x80002d6e (0x00008c95) c.sub   s1, a3
core   0: 3 0x80002d6e (0x8c95) x9  0x0689fcd7
core   0: 0x80002d70 (0x01710623) sb      s7, 12(sp)
core   0: 3 0x80002d70 (0x01710623) mem 0x80019987 0x00
core   0: 0x80002d74 (0x0000837d) c.srli  a4, 31
core   0: 3 0x80002d74 (0x837d) x14 0x00000000
core   0: 0x80002d76 (0x340f5b73) csrrwi  s6, mscratch, 30
core   0: 3 0x80002d76 (0x340f5b73) x22 0xfffffff9 c832_mscratch 0x0000001e
core   0: 0x80002d7a (0x0000c185) c.beqz  a1, pc + 32
core   0: 3 0x80002d7a (0xc185)
core   0: 0x80002d9a (0x02d8c363) blt     a7, a3, pc + 38
core   0: 3 0x80002d9a (0x02d8c363)
core   0: 0x80002d9e (0x0000e515) c.bnez  a0, pc + 44
core   0: 3 0x80002d9e (0xe515)
core   0: 0x80002da0 (0x021c84b3) mul     s1, s9, ra
core   0: 3 0x80002da0 (0x021c84b3) x9  0x00000000
core   0: 0x80002da4 (0x000063ad) c.lui   t2, 0xb
core   0: 3 0x80002da4 (0x63ad) x7  0x0000b000
core   0: 0x80002da6 (0x01144563) blt     s0, a7, pc + 10
core   0: 3 0x80002da6 (0x01144563)
core   0: 0x80002db0 (0x00b3f533) and     a0, t2, a1
core   0: 3 0x80002db0 (0x00b3f533) x10 0x00000000
core   0: 0x80002db4 (0x00008f8a) c.mv    t6, sp
core   0: 3 0x80002db4 (0x8f8a) x31 0x8001997b
core   0: 0x80002db6 (0x01623f33) sltu    t5, tp, s6
core   0: 3 0x80002db6 (0x01623f33) x30 0x00000000
core   0: 0x80002dba (0x025cce33) div     t3, s9, t0
core   0: 3 0x80002dba (0x025cce33) x28 0xffffffff
core   0: 0x80002dbe (0x0000eb9d) c.bnez  a5, pc + 54
core   0: 3 0x80002dbe (0xeb9d)
core   0: 0x80002df4 (0x34007d73) csrrci  s10, mscratch, 0
core   0: 3 0x80002df4 (0x34007d73) x26 0x0000001e
core   0: 0x80002df8 (0x01926a63) bltu    tp, s9, pc + 20
core   0: 3 0x80002df8 (0x01926a63)
core   0: 0x80002dfc (0x3406d373) csrrwi  t1, mscratch, 13
core   0: 3 0x80002dfc (0x3406d373) x6  0x0000001e c832_mscratch 0x0000000d
core   0: 0x80002e00 (0x00008089) c.srli  s1, 2
core   0: 3 0x80002e00 (0x8089) x9  0x00000000
core   0: 0x80002e02 (0x0196aab3) slt     s5, a3, s9
core   0: 3 0x80002e02 (0x0196aab3) x21 0x00000000
core   0: 0x80002e06 (0x34007273) csrrci  tp, mscratch, 0
core   0: 3 0x80002e06 (0x34007273) x4  0x0000000d
core   0: 0x80002e0a (0x000009ae) c.slli  s3, 11
core   0: 3 0x80002e0a (0x09ae) x19 0x00000000
core   0: 0x80002e0c (0x004e9933) sll     s2, t4, tp
core   0: 3 0x80002e0c (0x004e9933) x18 0x53a48000
core   0: 0x80002e10 (0x009824b3) slt     s1, a6, s1
core   0: 3 0x80002e10 (0x009824b3) x9  0x00000000
core   0: 0x80002e14 (0x000060e9) c.lui   ra, 0x1a
core   0: 3 0x80002e14 (0x60e9) x1  0x0001a000
core   0: 0x80002e16 (0x03b106b3) mul     a3, sp, s11
core   0: 3 0x80002e16 (0x03b106b3) x13 0x8001997b
core   0: 0x80002e1a (0x000098fd) c.andi  s1, -1
core   0: 3 0x80002e1a (0x98fd) x9  0x00000000
core   0: 0x80002e1c (0x02c811b3) mulh    gp, a6, a2
core   0: 3 0x80002e1c (0x02c811b3) x3  0x00000000
core   0: 0x80002e20 (0x028b7463) bgeu    s6, s0, pc + 40
core   0: 3 0x80002e20 (0x028b7463)
core   0: 0x80002e48 (0x014bf033) and     zero, s7, s4
core   0: 3 0x80002e48 (0x014bf033)
core   0: 0x80002e4c (0x00f19013) slli    zero, gp, 15
core   0: 3 0x80002e4c (0x00f19013)
core   0: 0x80002e50 (0x011d9313) slli    t1, s11, 17
core   0: 3 0x80002e50 (0x011d9313) x6  0x00020000
core   0: 0x80002e54 (0x0371cfb3) div     t6, gp, s7
core   0: 3 0x80002e54 (0x0371cfb3) x31 0xffffffff
core   0: 0x80002e58 (0x07bc0663) beq     s8, s11, pc + 108
core   0: 3 0x80002e58 (0x07bc0663)
core   0: 0x80002e5c (0x00006121) c.addi16sp sp, 64
core   0: 3 0x80002e5c (0x6121) x2  0x800199bb
core   0: 0x80002e5e (0x00000b85) c.addi  s7, 1
core   0: 3 0x80002e5e (0x0b85) x23 0x00000001
core   0: 0x80002e60 (0x00008517) auipc   a0, 0x8
core   0: 3 0x80002e60 (0x00008517) x10 0x8000ae60
core   0: 0x80002e64 (0x6e650513) addi    a0, a0, 1766
core   0: 3 0x80002e64 (0x6e650513) x10 0x8000b546
core   0: 0x80002e68 (0x340f2b73) csrrs   s6, mscratch, t5
core   0: 3 0x80002e68 (0x340f2b73) x22 0x0000000d c832_mscratch 0x0000000d
core   0: 0x80002e6c (0xab876f13) ori     t5, a4, -1352
core   0: 3 0x80002e6c (0xab876f13) x30 0xfffffab8
core   0: 0x80002e70 (0x026558b3) divu    a7, a0, t1
core   0: 3 0x80002e70 (0x026558b3) x17 0x00004000
core   0: 0x80002e74 (0x36a50513) addi    a0, a0, 874
core   0: 3 0x80002e74 (0x36a50513) x10 0x8000b8b0
core   0: 0x80002e78 (0x019ca833) slt     a6, s9, s9
core   0: 3 0x80002e78 (0x019ca833) x16 0x00000000
core   0: 0x80002e7c (0x0000100f) fence.i
core   0: 3 0x80002e7c (0x0000100f)
core   0: 0x80002e80 (0xc9750fe7) jalr    t6, a0, -873
core   0: 3 0x80002e80 (0xc9750fe7) x31 0x80002e84
core   0: 0x8000b546 (0x0000987a) c.add   a6, t5
core   0: 3 0x8000b546 (0x987a) x16 0xfffffab8
core   0: 0x8000b548 (0x01795663) bge     s2, s7, pc + 12
core   0: 3 0x8000b548 (0x01795663)
core   0: 0x8000b554 (0x00001c51) c.addi  s8, -12
core   0: 3 0x8000b554 (0x1c51) x24 0x80025e98
core   0: 0x8000b556 (0x018deb33) or      s6, s11, s8
core   0: 3 0x8000b556 (0x018deb33) x22 0x80025e99
core   0: 0x8000b55a (0x020be533) rem     a0, s7, zero
core   0: 3 0x8000b55a (0x020be533) x10 0x00000001
core   0: 0x8000b55e (0x01fc2223) sw      t6, 4(s8)
core   0: 3 0x8000b55e (0x01fc2223) mem 0x80025e9c 0x80002e84
core   0: 0x8000b562 (0x34002cf3) csrr    s9, mscratch
core   0: 3 0x8000b562 (0x34002cf3) x25 0x0000000d
core   0: 0x8000b566 (0x407bd613) srai    a2, s7, 7
core   0: 3 0x8000b566 (0x407bd613) x12 0x00000000
core   0: 0x8000b56a (0x00008e0d) c.sub   a2, a1
core   0: 3 0x8000b56a (0x8e0d) x12 0x00000000
core   0: 0x8000b56c (0x3e60e837) lui     a6, 0x3e60e
core   0: 3 0x8000b56c (0x3e60e837) x16 0x3e60e000
core   0: 0x8000b570 (0x00009d26) c.add   s10, s1
core   0: 3 0x8000b570 (0x9d26) x26 0x0000001e
core   0: 0x8000b572 (0x018ec963) blt     t4, s8, pc + 18
core   0: 3 0x8000b572 (0x018ec963)
core   0: 0x8000b576 (0x01051a33) sll     s4, a0, a6
core   0: 3 0x8000b576 (0x01051a33) x20 0x00000001
core   0: 0x8000b57a (0x028d1033) mulh    zero, s10, s0
core   0: 3 0x8000b57a (0x028d1033)
core   0: 0x8000b57e (0x0217ff33) remu    t5, a5, ra
core   0: 3 0x8000b57e (0x0217ff33) x30 0x00000040
core   0: 0x8000b582 (0x000089f5) c.andi  a1, 29
core   0: 3 0x8000b582 (0x89f5) x11 0x00000000
core   0: 0x8000b584 (0xb83fffef) jal     t6, pc - 0x47e
core   0: 3 0x8000b584 (0xb83fffef) x31 0x8000b588
core   0: 0x8000b106 (0x34081373) csrrw   t1, mscratch, a6
core   0: 3 0x8000b106 (0x34081373) x6  0x0000000d c832_mscratch 0x3e60e000
core   0: 0x8000b10a (0x0000e601) c.bnez  a2, pc + 8
core   0: 3 0x8000b10a (0xe601)
core   0: 0x8000b10c (0x00000736) c.slli  a4, 13
core   0: 3 0x8000b10c (0x0736) x14 0x00000000
core   0: 0x8000b10e (0x340957f3) csrrwi  a5, mscratch, 18
core   0: 3 0x8000b10e (0x340957f3) x15 0x3e60e000 c832_mscratch 0x00000012
core   0: 0x8000b112 (0x00001c31) c.addi  s8, -20
core   0: 3 0x8000b112 (0x1c31) x24 0x80025e84
core   0: 0x8000b114 (0x0ff0000f) fence   iorw,iorw
core   0: 3 0x8000b114 (0x0ff0000f)
core   0: 0x8000b118 (0x01fc2223) sw      t6, 4(s8)
core   0: 3 0x8000b118 (0x01fc2223) mem 0x80025e88 0x8000b588
core   0: 0x8000b11c (0x00004afd) c.li    s5, 31
core   0: 3 0x8000b11c (0x4afd) x21 0x0000001f
core   0: 0x8000b11e (0x0000100f) fence.i
core   0: 3 0x8000b11e (0x0000100f)
core   0: 0x8000b122 (0x00000e04) c.addi4spn s1, sp, 784
core   0: 3 0x8000b122 (0x0e04) x9  0x80019ccb
core   0: 0x8000b124 (0x00000001) c.nop
core   0: 3 0x8000b124 (0x0001)
core   0: 0x8000b126 (0x340934f3) csrrc   s1, mscratch, s2
core   0: 3 0x8000b126 (0x340934f3) x9  0x00000012 c832_mscratch 0x00000012
core   0: 0x8000b12a (0x0ff0000f) fence   iorw,iorw
core   0: 3 0x8000b12a (0x0ff0000f)
core   0: 0x8000b12e (0x010cf463) bgeu    s9, a6, pc + 8
core   0: 3 0x8000b12e (0x010cf463)
core   0: 0x8000b132 (0x00d224b3) slt     s1, tp, a3
core   0: 3 0x8000b132 (0x00d224b3) x9  0x00000000
core   0: 0x8000b136 (0x52e00fef) jal     t6, pc + 0x52e
core   0: 3 0x8000b136 (0x52e00fef) x31 0x8000b13a
core   0: 0x8000b664 (0x00008e2d) c.xor   a2, a1
core   0: 3 0x8000b664 (0x8e2d) x12 0x00000000
core   0: 0x8000b666 (0x340069f3) csrrsi  s3, mscratch, 0
core   0: 3 0x8000b666 (0x340069f3) x19 0x00000012
core   0: 0x8000b66a (0x004e5663) bge     t3, tp, pc + 12
core   0: 3 0x8000b66a (0x004e5663)
core   0: 0x8000b66e (0x005ef633) and     a2, t4, t0
core   0: 3 0x8000b66e (0x005ef633) x12 0x00000000
core   0: 0x8000b672 (0x340079f3) csrrci  s3, mscratch, 0
core   0: 3 0x8000b672 (0x340079f3) x19 0x00000012
core   0: 0x8000b676 (0x00001c31) c.addi  s8, -20
core   0: 3 0x8000b676 (0x1c31) x24 0x80025e70
core   0: 0x8000b678 (0x01fc2223) sw      t6, 4(s8)
core   0: 3 0x8000b678 (0x01fc2223) mem 0x80025e74 0x8000b13a
core   0: 0x8000b67c (0x3403f373) csrrci  t1, mscratch, 7
core   0: 3 0x8000b67c (0x3403f373) x6  0x00000012 c832_mscratch 0x00000010
core   0: 0x8000b680 (0x03d2a1b3) mulhsu  gp, t0, t4
core   0: 3 0x8000b680 (0x03d2a1b3) x3  0x00000000
core   0: 0x8000b684 (0x03102633) mulhsu  a2, zero, a7
core   0: 3 0x8000b684 (0x03102633) x12 0x00000000
core   0: 0x8000b688 (0x40eedf33) sra     t5, t4, a4
core   0: 3 0x8000b688 (0x40eedf33) x30 0x80029d24
core   0: 0x8000b68c (0x003ce6b3) or      a3, s9, gp
core   0: 3 0x8000b68c (0x003ce6b3) x13 0x0000000d
core   0: 0x8000b690 (0x340029f3) csrr    s3, mscratch
core   0: 3 0x8000b690 (0x340029f3) x19 0x00000010
core   0: 0x8000b694 (0x000002a5) c.addi  t0, 9
core   0: 3 0x8000b694 (0x02a5) x5  0x00000009
core   0: 0x8000b696 (0x026198b3) mulh    a7, gp, t1
core   0: 3 0x8000b696 (0x026198b3) x17 0x00000000
core   0: 0x8000b69a (0x01a8c633) xor     a2, a7, s10
core   0: 3 0x8000b69a (0x01a8c633) x12 0x0000001e
core   0: 0x8000b69e (0x00001188) c.addi4spn a0, sp, 224
core   0: 3 0x8000b69e (0x1188) x10 0x80019a9b
core   0: 0x8000b6a0 (0x000094ae) c.add   s1, a1
core   0: 3 0x8000b6a0 (0x94ae) x9  0x00000000
core   0: 0x8000b6a2 (0x7426bb17) auipc   s6, 0x7426b
core   0: 3 0x8000b6a2 (0x7426bb17) x22 0xf42766a2
core   0: 0x8000b6a6 (0x00008e79) c.and   a2, a4
core   0: 3 0x8000b6a6 (0x8e79) x12 0x00000000
core   0: 0x8000b6a8 (0x0000c099) c.beqz  s1, pc + 6
core   0: 3 0x8000b6a8 (0xc099)
core   0: 0x8000b6ae (0x017337b3) sltu    a5, t1, s7
core   0: 3 0x8000b6ae (0x017337b3) x15 0x00000000
core   0: 0x8000b6b2 (0x0000100f) fence.i
core   0: 3 0x8000b6b2 (0x0000100f)
core   0: 0x8000b6b6 (0x000080a1) c.srli  s1, 8
core   0: 3 0x8000b6b6 (0x80a1) x9  0x00000000
core   0: 0x8000b6b8 (0x004c2f83) lw      t6, 4(s8)
core   0: 3 0x8000b6b8 (0x004c2f83) x31 0x8000b13a mem 0x80025e74
core   0: 0x8000b6bc (0x00000c51) c.addi  s8, 20
core   0: 3 0x8000b6bc (0x0c51) x24 0x80025e84
core   0: 0x8000b6be (0x000082a1) c.srli  a3, 8
core   0: 3 0x8000b6be (0x82a1) x13 0x00000000
core   0: 0x8000b6c0 (0x001f8b13) addi    s6, t6, 1
core   0: 3 0x8000b6c0 (0x001f8b13) x22 0x8000b13b
core   0: 0x8000b6c4 (0x00009b02) c.jalr  s6
core   0: 3 0x8000b6c4 (0x9b02) x1  0x8000b6c6
core   0: 0x8000b13a (0xfafb28b7) lui     a7, 0xfafb2
core   0: 3 0x8000b13a (0xfafb28b7) x17 0xfafb2000
core   0: 0x8000b13e (0x0153dab3) srl     s5, t2, s5
core   0: 3 0x8000b13e (0x0153dab3) x21 0x00000000
core   0: 0x8000b142 (0x0000140c) c.addi4spn a1, sp, 544
core   0: 3 0x8000b142 (0x140c) x11 0x80019bdb
core   0: 0x8000b144 (0x00009cce) c.add   s9, s3
core   0: 3 0x8000b144 (0x9cce) x25 0x0000001d
core   0: 0x8000b146 (0x0ff0000f) fence   iorw,iorw
core   0: 3 0x8000b146 (0x0ff0000f)
core   0: 0x8000b14a (0x340690f3) csrrw   ra, mscratch, a3
core   0: 3 0x8000b14a (0x340690f3) x1  0x00000010 c832_mscratch 0x00000000
core   0: 0x8000b14e (0x00000997) auipc   s3, 0x0
core   0: 3 0x8000b14e (0x00000997) x19 0x8000b14e
core   0: 0x8000b152 (0x09e98993) addi    s3, s3, 158
core   0: 3 0x8000b152 (0x09e98993) x19 0x8000b1ec
core   0: 0x8000b156 (0xe5a98993) addi    s3, s3, -422
core   0: 3 0x8000b156 (0xe5a98993) x19 0x8000b046
core   0: 0x8000b15a (0x41830033) sub     zero, t1, s8
core   0: 3 0x8000b15a (0x41830033)
core   0: 0x8000b15e (0x000000dd) c.addi  ra, 23
core   0: 3 0x8000b15e (0x00dd) x1  0x00000027
core   0: 0x8000b160 (0x0f71fe13) andi    t3, gp, 247
core   0: 3 0x8000b160 (0x0f71fe13) x28 0x00000000
core   0: 0x8000b164 (0x4f5c0113) addi    sp, s8, 1269
core   0: 3 0x8000b164 (0x4f5c0113) x2  0x80026379
core   0: 0x8000b168 (0x1a698fe7) jalr    t6, s3, 422
core   0: 3 0x8000b168 (0x1a698fe7) x31 0x8000b16c
core   0: 0x8000b1ec (0x0000889d) c.andi  s1, 7
core   0: 3 0x8000b1ec (0x889d) x9  0x00000000
core   0: 0x8000b1ee (0x03291133) mulh    sp, s2, s2
core   0: 3 0x8000b1ee (0x03291133) x2  0x1b5414b4
core   0: 0x8000b1f2 (0x00008dad) c.xor   a1, a1
core   0: 3 0x8000b1f2 (0x8dad) x11 0x00000000
core   0: 0x8000b1f4 (0x0000e119) c.bnez  a0, pc + 6
core   0: 3 0x8000b1f4 (0xe119)
core   0: 0x8000b1fa (0x00001c01) c.addi  s8, -32
core   0: 3 0x8000b1fa (0x1c01) x24 0x80025e64
core   0: 0x8000b1fc (0x00008495) c.srai  s1, 5
core   0: 3 0x8000b1fc (0x8495) x9  0x00000000
core   0: 0x8000b1fe (0x34003bf3) csrrc   s7, mscratch, zero
core   0: 3 0x8000b1fe (0x34003bf3) x23 0x00000000
core   0: 0x8000b202 (0x00000001) c.nop
core   0: 3 0x8000b202 (0x0001)
core   0: 0x8000b204 (0x01fc2223) sw      t6, 4(s8)
core   0: 3 0x8000b204 (0x01fc2223) mem 0x80025e68 0x8000b16c
core   0: 0x8000b208 (0x4ac66c93) ori     s9, a2, 1196
core   0: 3 0x8000b208 (0x4ac66c93) x25 0x000004ac
core   0: 0x8000b20c (0x01ae67b3) or      a5, t3, s10
core   0: 3 0x8000b20c (0x01ae67b3) x15 0x0000001e
core   0: 0x8000b210 (0x0071da93) srli    s5, gp, 7
core   0: 3 0x8000b210 (0x0071da93) x21 0x00000000
core   0: 0x8000b214 (0x00395113) srli    sp, s2, 3
core   0: 3 0x8000b214 (0x00395113) x2  0x0a749000
core   0: 0x8000b218 (0x0000c231) c.beqz  a2, pc + 68
core   0: 3 0x8000b218 (0xc231)
core   0: 0x8000b25c (0x025b1533) mulh    a0, s6, t0
core   0: 3 0x8000b25c (0x025b1533) x10 0xfffffffb
core   0: 0x8000b260 (0x03169ab3) mulh    s5, a3, a7
core   0: 3 0x8000b260 (0x03169ab3) x21 0x00000000
core   0: 0x8000b264 (0x00000965) c.addi  s2, 25
core   0: 3 0x8000b264 (0x0965) x18 0x53a48019
core   0: 0x8000b266 (0x005a8d33) add     s10, s5, t0
core   0: 3 0x8000b266 (0x005a8d33) x26 0x00000009
core   0: 0x8000b26a (0x025d5763) bge     s10, t0, pc + 46
core   0: 3 0x8000b26a (0x025d5763)
core   0: 0x8000b298 (0xb7848393) addi    t2, s1, -1160
core   0: 3 0x8000b298 (0xb7848393) x7  0xfffffb78
core   0: 0x8000b29c (0x016d30b3) sltu    ra, s10, s6
core   0: 3 0x8000b29c (0x016d30b3) x1  0x00000001
core   0: 0x8000b2a0 (0xc3fef613) andi    a2, t4, -961
core   0: 3 0x8000b2a0 (0xc3fef613) x12 0x80029c24
core   0: 0x8000b2a4 (0x00544b33) xor     s6, s0, t0
core   0: 3 0x8000b2a4 (0x00544b33) x22 0xf0a6efc8
core   0: 0x8000b2a8 (0x00006705) c.lui   a4, 0x1
core   0: 3 0x8000b2a8 (0x6705) x14 0x00001000
core   0: 0x8000b2aa (0x03ed7db3) remu    s11, s10, t5
core   0: 3 0x8000b2aa (0x03ed7db3) x27 0x00000009
core   0: 0x8000b2ae (0x406a0533) sub     a0, s4, t1
core   0: 3 0x8000b2ae (0x406a0533) x10 0xffffffef
core   0: 0x8000b2b2 (0x00000895) c.addi  a7, 5
core   0: 3 0x8000b2b2 (0x0895) x17 0xfafb2005
core   0: 0x8000b2b4 (0x03e95bb3) divu    s7, s2, t5
core   0: 3 0x8000b2b4 (0x03e95bb3) x23 0x00000000
core   0: 0x8000b2b8 (0x00008125) c.srli  a0, 9
core   0: 3 0x8000b2b8 (0x8125) x10 0x007fffff
core   0: 0x8000b2ba (0x34007cf3) csrrci  s9, mscratch, 0
core   0: 3 0x8000b2ba (0x34007cf3) x25 0x00000000
core   0: 0x8000b2be (0x004c2f83) lw      t6, 4(s8)
core   0: 3 0x8000b2be (0x004c2f83) x31 0x8000b16c mem 0x80025e68
core   0: 0x8000b2c2 (0x4123d793) srai    a5, t2, 18
core   0: 3 0x8000b2c2 (0x4123d793) x15 0xffffffff
core   0: 0x8000b2c6 (0x03a51833) mulh    a6, a0, s10
core   0: 3 0x8000b2c6 (0x03a51833) x16 0x00000000
core   0: 0x8000b2ca (0x020c0c13) addi    s8, s8, 32
core   0: 3 0x8000b2ca (0x020c0c13) x24 0x80025e84
core   0: 0x8000b2ce (0x00cada13) srli    s4, s5, 12
core   0: 3 0x8000b2ce (0x00cada13) x20 0x00000000
core   0: 0x8000b2d2 (0x000f8893) mv      a7, t6
core   0: 3 0x8000b2d2 (0x000f8893) x17 0x8000b16c
core   0: 0x8000b2d6 (0x00008882) c.jr    a7
core   0: 3 0x8000b2d6 (0x8882)
core   0: 0x8000b16c (0x00000001) c.nop
core   0: 3 0x8000b16c (0x0001)
core   0: 0x8000b16e (0x000009e9) c.addi  s3, 26
core   0: 3 0x8000b16e (0x09e9) x19 0x8000b060
core   0: 0x8000b170 (0x340da9f3) csrrs   s3, mscratch, s11
core   0: 3 0x8000b170 (0x340da9f3) x19 0x00000000 c832_mscratch 0x00000009
core   0: 0x8000b174 (0x41a1dfb3) sra     t6, gp, s10
core   0: 3 0x8000b174 (0x41a1dfb3) x31 0x00000000
core   0: 0x8000b178 (0x00008dc1) c.or    a1, s0
core   0: 3 0x8000b178 (0x8dc1) x11 0xf0a6efc1
core   0: 0x8000b17a (0x018a06b3) add     a3, s4, s8
core   0: 3 0x8000b17a (0x018a06b3) x13 0x80025e84
core   0: 0x8000b17e (0x01397e33) and     t3, s2, s3
core   0: 3 0x8000b17e (0x01397e33) x28 0x00000000
core   0: 0x8000b182 (0x15600fef) jal     t6, pc + 0x156
core   0: 3 0x8000b182 (0x15600fef) x31 0x8000b186
core   0: 0x8000b2d8 (0x02e282b3) mul     t0, t0, a4
core   0: 3 0x8000b2d8 (0x02e282b3) x5  0x00009000
core   0: 0x8000b2dc (0x003e4663) blt     t3, gp, pc + 12
core   0: 3 0x8000b2dc (0x003e4663)
core   0: 0x8000b2e0 (0x00008a39) c.andi  a2, 14
core   0: 3 0x8000b2e0 (0x8a39) x12 0x00000004
core   0: 0x8000b2e2 (0x000042a5) c.li    t0, 9
core   0: 3 0x8000b2e2 (0x42a5) x5  0x00000009
core   0: 0x8000b2e4 (0x00a94733) xor     a4, s2, a0
core   0: 3 0x8000b2e4 (0x00a94733) x14 0x53db7fe6
core   0: 0x8000b2e8 (0xfd4c0c13) addi    s8, s8, -44
core   0: 3 0x8000b2e8 (0xfd4c0c13) x24 0x80025e58
core   0: 0x8000b2ec (0x0000717d) c.addi16sp sp, -16
core   0: 3 0x8000b2ec (0x717d) x2  0x0a748ff0
core   0: 0x8000b2ee (0x038a7db3) remu    s11, s4, s8
core   0: 3 0x8000b2ee (0x038a7db3) x27 0x00000000
core   0: 0x8000b2f2 (0x02540cb3) mul     s9, s0, t0
core   0: 3 0x8000b2f2 (0x02540cb3) x25 0x75de6dc9
core   0: 0x8000b2f6 (0x01fc2223) sw      t6, 4(s8)
core   0: 3 0x8000b2f6 (0x01fc2223) mem 0x80025e5c 0x8000b186
core   0: 0x8000b2fa (0x34003973) csrrc   s2, mscratch, zero
core   0: 3 0x8000b2fa (0x34003973) x18 0x00000009
core   0: 0x8000b2fe (0x013ce733) or      a4, s9, s3
core   0: 3 0x8000b2fe (0x013ce733) x14 0x75de6dc9
core   0: 0x8000b302 (0x340bad73) csrrs   s10, mscratch, s7
core   0: 3 0x8000b302 (0x340bad73) x26 0x00000009 c832_mscratch 0x00000009
core   0: 0x8000b306 (0x01192833) slt     a6, s2, a7
core   0: 3 0x8000b306 (0x01192833) x16 0x00000000
core   0: 0x8000b30a (0x340062f3) csrrsi  t0, mscratch, 0
core   0: 3 0x8000b30a (0x340062f3) x5  0x00000009
core   0: 0x8000b30e (0x00000797) auipc   a5, 0x0
core   0: 3 0x8000b30e (0x00000797) x15 0x8000b30e
core   0: 0x8000b312 (0x3b878793) addi    a5, a5, 952
core   0: 3 0x8000b312 (0x3b878793) x15 0x8000b6c6
core   0: 0x8000b316 (0x00008d59) c.or    a0, a4
core   0: 3 0x8000b316 (0x8d59) x10 0x75ffffff
core   0: 0x8000b318 (0xfd678793) addi    a5, a5, -42
core   0: 3 0x8000b318 (0xfd678793) x15 0x8000b69c
core   0: 0x8000b31c (0x02199e33) mulh    t3, s3, ra
core   0: 3 0x8000b31c (0x02199e33) x28 0x00000000
core   0: 0x8000b320 (0x01924463) blt     tp, s9, pc + 8
core   0: 3 0x8000b320 (0x01924463)
core   0: 0x8000b328 (0x02a78fe7) jalr    t6, a5, 42
core   0: 3 0x8000b328 (0x02a78fe7) x31 0x8000b32c
core   0: 0x8000b6c6 (0x00001c51) c.addi  s8, -12
core   0: 3 0x8000b6c6 (0x1c51) x24 0x80025e4c
core   0: 0x8000b6c8 (0xedf9a813) slti    a6, s3, -289
core   0: 3 0x8000b6c8 (0xedf9a813) x16 0x00000000
core   0: 0x8000b6cc (0x978b2113) slti    sp, s6, -1672
core   0: 3 0x8000b6cc (0x978b2113) x2  0x00000001
core   0: 0x8000b6d0 (0x0000893e) c.mv    s2, a5
core   0: 3 0x8000b6d0 (0x893e) x18 0x8000b69c
core   0: 0x8000b6d2 (0x01fc2223) sw      t6, 4(s8)
core   0: 3 0x8000b6d2 (0x01fc2223) mem 0x80025e50 0x8000b32c
core   0: 0x8000b6d6 (0x340fd073) csrwi   mscratch, 31
core   0: 3 0x8000b6d6 (0x340fd073) c832_mscratch 0x0000001f
core   0: 0x8000b6da (0x41c35493) srai    s1, t1, 28
core   0: 3 0x8000b6da (0x41c35493) x9  0x00000000
core   0: 0x8000b6de (0x00000001) c.nop
core   0: 3 0x8000b6de (0x0001)
core   0: 0x8000b6e0 (0x00000516) c.slli  a0, 5
core   0: 3 0x8000b6e0 (0x0516) x10 0xbfffffe0
core   0: 0x8000b6e2 (0x02456db3) rem     s11, a0, tp
core   0: 3 0x8000b6e2 (0x02456db3) x27 0xfffffffb
core   0: 0x8000b6e6 (0x035480b3) mul     ra, s1, s5
core   0: 3 0x8000b6e6 (0x035480b3) x1  0x00000000
core   0: 0x8000b6ea (0x00000517) auipc   a0, 0x0
core   0: 3 0x8000b6ea (0x00000517) x10 0x8000b6ea
core   0: 0x8000b6ee (0xef650513) addi    a0, a0, -266
core   0: 3 0x8000b6ee (0xef650513) x10 0x8000b5e0
core   0: 0x8000b6f2 (0x34085673) csrrwi  a2, mscratch, 16
core   0: 3 0x8000b6f2 (0x34085673) x12 0x0000001f c832_mscratch 0x00000010
core   0: 0x8000b6f6 (0x00000001) c.nop
core   0: 3 0x8000b6f6 (0x0001)
core   0: 0x8000b6f8 (0x03502033) mulhsu  zero, zero, s5
core   0: 3 0x8000b6f8 (0x03502033)
core   0: 0x8000b6fc (0xe7d50513) addi    a0, a0, -387
core   0: 3 0x8000b6fc (0xe7d50513) x10 0x8000b45d
core   0: 0x8000b700 (0x00008669) c.srai  a2, 26
core   0: 3 0x8000b700 (0x8669) x12 0x00000000
core   0: 0x8000b702 (0x00b5fc63) bgeu    a1, a1, pc + 24
core   0: 3 0x8000b702 (0x00b5fc63)
core   0: 0x8000b71a (0x18350fe7) jalr    t6, a0, 387
core   0: 3 0x8000b71a (0x18350fe7) x31 0x8000b71e
core   0: 0x8000b5e0 (0xab04e693) ori     a3, s1, -1360
core   0: 3 0x8000b5e0 (0xab04e693) x13 0xfffffab0
core   0: 0x8000b5e4 (0xfc8c0c13) addi    s8, s8, -56
core   0: 3 0x8000b5e4 (0xfc8c0c13) x24 0x80025e14
core   0: 0x8000b5e8 (0x0371a4b3) mulhsu  s1, gp, s7
core   0: 3 0x8000b5e8 (0x0371a4b3) x9  0x00000000
core   0: 0x8000b5ec (0x00000001) c.nop
core   0: 3 0x8000b5ec (0x0001)
core   0: 0x8000b5ee (0xf191f213) andi    tp, gp, -231
core   0: 3 0x8000b5ee (0xf191f213) x4  0x00000000
core   0: 0x8000b5f2 (0x01586d33) or      s10, a6, s5
core   0: 3 0x8000b5f2 (0x01586d33) x26 0x00000000
core   0: 0x8000b5f6 (0x01fc2223) sw      t6, 4(s8)
core   0: 3 0x8000b5f6 (0x01fc2223) mem 0x80025e18 0x8000b71e
core   0: 0x8000b5fa (0x6f67d537) lui     a0, 0x6f67d
core   0: 3 0x8000b5fa (0x6f67d537) x10 0x6f67d000
core   0: 0x8000b5fe (0x62d30993) addi    s3, t1, 1581
core   0: 3 0x8000b5fe (0x62d30993) x19 0x0000063f
core   0: 0x8000b602 (0x032b00b3) mul     ra, s6, s2
core   0: 3 0x8000b602 (0x032b00b3) x1  0x54324de0
core   0: 0x8000b606 (0x00001688) c.addi4spn a0, sp, 864
core   0: 3 0x8000b606 (0x1688) x10 0x00000361
core   0: 0x8000b608 (0x0ff0000f) fence   iorw,iorw
core   0: 3 0x8000b608 (0x0ff0000f)
core   0: 0x8000b60c (0x009533b3) sltu    t2, a0, s1
core   0: 3 0x8000b60c (0x009533b3) x7  0x00000000
core   0: 0x8000b610 (0x024f74b3) remu    s1, t5, tp
core   0: 3 0x8000b610 (0x024f74b3) x9  0x80029d24
core   0: 0x8000b614 (0x01f42533) slt     a0, s0, t6
core   0: 3 0x8000b614 (0x01f42533) x10 0x00000000
core   0: 0x8000b618 (0x0ff0000f) fence   iorw,iorw
core   0: 3 0x8000b618 (0x0ff0000f)
core   0: 0x8000b61c (0x0000871d) c.srai  a4, 7
core   0: 3 0x8000b61c (0x871d) x14 0x00ebbcdb
core   0: 0x8000b61e (0x02a85133) divu    sp, a6, a0
core   0: 3 0x8000b61e (0x02a85133) x2  0xffffffff
core   0: 0x8000b622 (0x01ea46b3) xor     a3, s4, t5
core   0: 3 0x8000b622 (0x01ea46b3) x13 0x80029d24
core   0: 0x8000b626 (0x00001614) c.addi4spn a3, sp, 800
core   0: 3 0x8000b626 (0x1614) x13 0x0000031f
core   0: 0x8000b628 (0x34006e73) csrrsi  t3, mscratch, 0
core   0: 3 0x8000b628 (0x34006e73) x28 0x00000010
core   0: 0x8000b62c (0xdd23bf93) sltiu   t6, t2, -558
core   0: 3 0x8000b62c (0xdd23bf93) x31 0x00000001
core   0: 0x8000b630 (0x037d9cb3) mulh    s9, s11, s7
core   0: 3 0x8000b630 (0x037d9cb3) x25 0x00000000
core   0: 0x8000b634 (0x0310f133) remu    sp, ra, a7
core   0: 3 0x8000b634 (0x0310f133) x2  0x54324de0
core   0: 0x8000b638 (0x00008fd9) c.or    a5, a4
core   0: 3 0x8000b638 (0x8fd9) x15 0x80ebbedf
core   0: 0x8000b63a (0x019687b3) add     a5, a3, s9
core   0: 3 0x8000b63a (0x019687b3) x15 0x0000031f
core   0: 0x8000b63e (0x3401bbf3) csrrc   s7, mscratch, gp
core   0: 3 0x8000b63e (0x3401bbf3) x23 0x00000010 c832_mscratch 0x00000010
core   0: 0x8000b642 (0xc7410d93) addi    s11, sp, -908
core   0: 3 0x8000b642 (0xc7410d93) x27 0x54324a54
core   0: 0x8000b646 (0xf1baa693) slti    a3, s5, -229
core   0: 3 0x8000b646 (0xf1baa693) x13 0x00000000
core   0: 0x8000b64a (0x0147ad33) slt     s10, a5, s4
core   0: 3 0x8000b64a (0x0147ad33) x26 0x00000000
core   0: 0x8000b64e (0x03fd44b3) div     s1, s10, t6
core   0: 3 0x8000b64e (0x03fd44b3) x9  0x00000000
core   0: 0x8000b652 (0x004c2f83) lw      t6, 4(s8)
core   0: 3 0x8000b652 (0x004c2f83) x31 0x8000b71e mem 0x80025e18
core   0: 0x8000b656 (0x038c0c13) addi    s8, s8, 56
core   0: 3 0x8000b656 (0x038c0c13) x24 0x80025e4c
core   0: 0x8000b65a (0x00890333) add     t1, s2, s0
core   0: 3 0x8000b65a (0x00890333) x6  0x70a7a65d
core   0: 0x8000b65e (0x001f8293) addi    t0, t6, 1
core   0: 3 0x8000b65e (0x001f8293) x5  0x8000b71f
core   0: 0x8000b662 (0x00009282) c.jalr  t0
core   0: 3 0x8000b662 (0x9282) x1  0x8000b664
core   0: 0x8000b71e (0x0ff0000f) fence   iorw,iorw
core   0: 3 0x8000b71e (0x0ff0000f)
core   0: 0x8000b722 (0x0b692713) slti    a4, s2, 182
core   0: 3 0x8000b722 (0x0b692713) x14 0x00000001
core   0: 0x8000b726 (0x340c96f3) csrrw   a3, mscratch, s9
core   0: 3 0x8000b726 (0x340c96f3) x13 0x00000010 c832_mscratch 0x00000000
core   0: 0x8000b72a (0x00001e08) c.addi4spn a0, sp, 816
core   0: 3 0x8000b72a (0x1e08) x10 0x54325110
core   0: 0x8000b72c (0x40ee0633) sub     a2, t3, a4
core   0: 3 0x8000b72c (0x40ee0633) x12 0x0000000f
core   0: 0x8000b730 (0x34097873) csrrci  a6, mscratch, 18
core   0: 3 0x8000b730 (0x34097873) x16 0x00000000 c832_mscratch 0x00000000
core   0: 0x8000b734 (0x03a2ab33) mulhsu  s6, t0, s10
core   0: 3 0x8000b734 (0x03a2ab33) x22 0x00000000
core   0: 0x8000b738 (0xbc8c4f13) xori    t5, s8, -1080
core   0: 3 0x8000b738 (0xbc8c4f13) x30 0x7ffda584
core   0: 0x8000b73c (0x5382c193) xori    gp, t0, 1336
core   0: 3 0x8000b73c (0x5382c193) x3  0x8000b227
core   0: 0x8000b740 (0xd97fffef) jal     t6, pc - 0x26a
core   0: 3 0x8000b740 (0xd97fffef) x31 0x8000b744
core   0: 0x8000b4d6 (0x0000c691) c.beqz  a3, pc + 12
core   0: 3 0x8000b4d6 (0xc691)
core   0: 0x8000b4d8 (0x5be58493) addi    s1, a1, 1470
core   0: 3 0x8000b4d8 (0x5be58493) x9  0xf0a6f57f
core   0: 0x8000b4dc (0x00006b65) c.lui   s6, 0x19
core   0: 3 0x8000b4dc (0x6b65) x22 0x00019000
core   0: 0x8000b4de (0x000053fd) c.li    t2, -1
core   0: 3 0x8000b4de (0x53fd) x7  0xffffffff
core   0: 0x8000b4e0 (0x000059fd) c.li    s3, -1
core   0: 3 0x8000b4e0 (0x59fd) x19 0xffffffff
core   0: 0x8000b4e2 (0xfc8c0c13) addi    s8, s8, -56
core   0: 3 0x8000b4e2 (0xfc8c0c13) x24 0x80025e14
core   0: 0x8000b4e6 (0x00008ce9) c.and   s1, a0
core   0: 3 0x8000b4e6 (0x8ce9) x9  0x50225110
core   0: 0x8000b4e8 (0x01fc2223) sw      t6, 4(s8)
core   0: 3 0x8000b4e8 (0x01fc2223) mem 0x80025e18 0x8000b744
core   0: 0x8000b4ec (0x00825213) srli    tp, tp, 8
core   0: 3 0x8000b4ec (0x00825213) x4  0x00000000
core   0: 0x8000b4f0 (0x9a39f193) andi    gp, s3, -1629
core   0: 3 0x8000b4f0 (0x9a39f193) x3  0xfffff9a3
core   0: 0x8000b4f4 (0x00008d91) c.sub   a1, a2
core   0: 3 0x8000b4f4 (0x8d91) x11 0xf0a6efb2
core   0: 0x8000b4f6 (0x01775a33) srl     s4, a4, s7
core   0: 3 0x8000b4f6 (0x01775a33) x20 0x00000000
core   0: 0x8000b4fa (0x0000030a) c.slli  t1, 2
core   0: 3 0x8000b4fa (0x030a) x6  0xc29e9974
core   0: 0x8000b4fc (0x018f6d33) or      s10, t5, s8
core   0: 3 0x8000b4fc (0x018f6d33) x26 0xffffff94
core   0: 0x8000b500 (0x0128fa63) bgeu    a7, s2, pc + 20
core   0: 3 0x8000b500 (0x0128fa63)
core   0: 0x8000b504 (0x03058a33) mul     s4, a1, a6
core   0: 3 0x8000b504 (0x03058a33) x20 0x00000000
core   0: 0x8000b508 (0x00008cf1) c.and   s1, a2
core   0: 3 0x8000b508 (0x8cf1) x9  0x00000000
core   0: 0x8000b50a (0x0800c097) auipc   ra, 0x800c
core   0: 3 0x8000b50a (0x0800c097) x1  0x8801750a
core   0: 0x8000b50e (0x00009be6) c.add   s7, s9
core   0: 3 0x8000b50e (0x9be6) x23 0x00000010
core   0: 0x8000b510 (0x0006e9b3) or      s3, a3, zero
core   0: 3 0x8000b510 (0x0006e9b3) x19 0x00000010
core   0: 0x8000b514 (0x85aa6b93) ori     s7, s4, -1958
core   0: 3 0x8000b514 (0x85aa6b93) x23 0xfffff85a
core   0: 0x8000b518 (0x3405b973) csrrc   s2, mscratch, a1
core   0: 3 0x8000b518 (0x3405b973) x18 0x00000000 c832_mscratch 0x00000000
core   0: 0x8000b51c (0xe755c893) xori    a7, a1, -395
core   0: 3 0x8000b51c (0xe755c893) x17 0x0f5911c7
core   0: 0x8000b520 (0x004c2f83) lw      t6, 4(s8)
core   0: 3 0x8000b520 (0x004c2f83) x31 0x8000b744 mem 0x80025e18
core   0: 0x8000b524 (0x340061f3) csrrsi  gp, mscratch, 0
core   0: 3 0x8000b524 (0x340061f3) x3  0x00000000
core   0: 0x8000b528 (0x00001090) c.addi4spn a2, sp, 96
core   0: 3 0x8000b528 (0x1090) x12 0x54324e40
core   0: 0x8000b52a (0x00008cad) c.xor   s1, a1
core   0: 3 0x8000b52a (0x8cad) x9  0xf0a6efb2
core   0: 0x8000b52c (0x00000001) c.nop
core   0: 3 0x8000b52c (0x0001)
core   0: 0x8000b52e (0x407886b3) sub     a3, a7, t2
core   0: 3 0x8000b52e (0x407886b3) x13 0x0f5911c8
core   0: 0x8000b532 (0x038c0c13) addi    s8, s8, 56
core   0: 3 0x8000b532 (0x038c0c13) x24 0x80025e4c
core   0: 0x8000b536 (0x020f5ab3) divu    s5, t5, zero
core   0: 3 0x8000b536 (0x020f5ab3) x21 0xffffffff
core   0: 0x8000b53a (0x00008d91) c.sub   a1, a2
core   0: 3 0x8000b53a (0x8d91) x11 0x9c74a172
core   0: 0x8000b53c (0x76d60913) addi    s2, a2, 1901
core   0: 3 0x8000b53c (0x76d60913) x18 0x543255ad
core   0: 0x8000b540 (0x001f8e13) addi    t3, t6, 1
core   0: 3 0x8000b540 (0x001f8e13) x28 0x8000b745
core   0: 0x8000b544 (0x00009e02) c.jalr  t3
core   0: 3 0x8000b544 (0x9e02) x1  0x8000b546
core   0: 0x8000b744 (0x340b1a73) csrrw   s4, mscratch, s6
core   0: 3 0x8000b744 (0x340b1a73) x20 0x00000000 c832_mscratch 0x00019000
core   0: 0x8000b748 (0x00000917) auipc   s2, 0x0
core   0: 3 0x8000b748 (0x00000917) x18 0x8000b748
core   0: 0x8000b74c (0xe9890913) addi    s2, s2, -360
core   0: 3 0x8000b74c (0xe9890913) x18 0x8000b5e0
core   0: 0x8000b750 (0x009e47b3) xor     a5, t3, s1
core   0: 3 0x8000b750 (0x009e47b3) x15 0x70a658f7
core   0: 0x8000b754 (0x00009dee) c.add   s11, s11
core   0: 3 0x8000b754 (0x9dee) x27 0xa86494a8
core   0: 0x8000b756 (0x03bfe2b3) rem     t0, t6, s11
core   0: 3 0x8000b756 (0x03bfe2b3) x5  0xd79c229c
core   0: 0x8000b75a (0x340079f3) csrrci  s3, mscratch, 0
core   0: 3 0x8000b75a (0x340079f3) x19 0x00019000
core   0: 0x8000b75e (0xe5590913) addi    s2, s2, -427
core   0: 3 0x8000b75e (0xe5590913) x18 0x8000b435
core   0: 0x8000b762 (0x00581513) slli    a0, a6, 5
core   0: 3 0x8000b762 (0x00581513) x10 0x00000000
core   0: 0x8000b766 (0x000083c1) c.srli  a5, 16
core   0: 3 0x8000b766 (0x83c1) x15 0x000070a6
core   0: 0x8000b768 (0x01925463) bge     tp, s9, pc + 8
core   0: 3 0x8000b768 (0x01925463)
core   0: 0x8000b770 (0x1ac90fe7) jalr    t6, s2, 428
core   0: 3 0x8000b770 (0x1ac90fe7) x31 0x8000b774
core   0: 0x8000b5e0 (0xab04e693) ori     a3, s1, -1360
core   0: 3 0x8000b5e0 (0xab04e693) x13 0xffffffb2
core   0: 0x8000b5e4 (0xfc8c0c13) addi    s8, s8, -56
core   0: 3 0x8000b5e4 (0xfc8c0c13) x24 0x80025e14
core   0: 0x8000b5e8 (0x0371a4b3) mulhsu  s1, gp, s7
core   0: 3 0x8000b5e8 (0x0371a4b3) x9  0x00000000
core   0: 0x8000b5ec (0x00000001) c.nop
core   0: 3 0x8000b5ec (0x0001)
core   0: 0x8000b5ee (0xf191f213) andi    tp, gp, -231
core   0: 3 0x8000b5ee (0xf191f213) x4  0x00000000
core   0: 0x8000b5f2 (0x01586d33) or      s10, a6, s5
core   0: 3 0x8000b5f2 (0x01586d33) x26 0xffffffff
core   0: 0x8000b5f6 (0x01fc2223) sw      t6, 4(s8)
core   0: 3 0x8000b5f6 (0x01fc2223) mem 0x80025e18 0x8000b774
core   0: 0x8000b5fa (0x6f67d537) lui     a0, 0x6f67d
core   0: 3 0x8000b5fa (0x6f67d537) x10 0x6f67d000
core   0: 0x8000b5fe (0x62d30993) addi    s3, t1, 1581
core   0: 3 0x8000b5fe (0x62d30993) x19 0xc29e9fa1
core   0: 0x8000b602 (0x032b00b3) mul     ra, s6, s2
core   0: 3 0x8000b602 (0x032b00b3) x1  0x1992d000
core   0: 0x8000b606 (0x00001688) c.addi4spn a0, sp, 864
core   0: 3 0x8000b606 (0x1688) x10 0x54325140
core   0: 0x8000b608 (0x0ff0000f) fence   iorw,iorw
core   0: 3 0x8000b608 (0x0ff0000f)
core   0: 0x8000b60c (0x009533b3) sltu    t2, a0, s1
core   0: 3 0x8000b60c (0x009533b3) x7  0x00000000
core   0: 0x8000b610 (0x024f74b3) remu    s1, t5, tp
core   0: 3 0x8000b610 (0x024f74b3) x9  0x7ffda584
core   0: 0x8000b614 (0x01f42533) slt     a0, s0, t6
core   0: 3 0x8000b614 (0x01f42533) x10 0x00000000
core   0: 0x8000b618 (0x0ff0000f) fence   iorw,iorw
core   0: 3 0x8000b618 (0x0ff0000f)
core   0: 0x8000b61c (0x0000871d) c.srai  a4, 7
core   0: 3 0x8000b61c (0x871d) x14 0x00000000
core   0: 0x8000b61e (0x02a85133) divu    sp, a6, a0
core   0: 3 0x8000b61e (0x02a85133) x2  0xffffffff
core   0: 0x8000b622 (0x01ea46b3) xor     a3, s4, t5
core   0: 3 0x8000b622 (0x01ea46b3) x13 0x7ffda584
core   0: 0x8000b626 (0x00001614) c.addi4spn a3, sp, 800
core   0: 3 0x8000b626 (0x1614) x13 0x0000031f
core   0: 0x8000b628 (0x34006e73) csrrsi  t3, mscratch, 0
core   0: 3 0x8000b628 (0x34006e73) x28 0x00019000
core   0: 0x8000b62c (0xdd23bf93) sltiu   t6, t2, -558
core   0: 3 0x8000b62c (0xdd23bf93) x31 0x00000001
core   0: 0x8000b630 (0x037d9cb3) mulh    s9, s11, s7
core   0: 3 0x8000b630 (0x037d9cb3) x25 0x0000029e
core   0: 0x8000b634 (0x0310f133) remu    sp, ra, a7
core   0: 3 0x8000b634 (0x0310f133) x2  0x0a39be39
core   0: 0x8000b638 (0x00008fd9) c.or    a5, a4
core   0: 3 0x8000b638 (0x8fd9) x15 0x000070a6
core   0: 0x8000b63a (0x019687b3) add     a5, a3, s9
core   0: 3 0x8000b63a (0x019687b3) x15 0x000005bd
core   0: 0x8000b63e (0x3401bbf3) csrrc   s7, mscratch, gp
core   0: 3 0x8000b63e (0x3401bbf3) x23 0x00019000 c832_mscratch 0x00019000
core   0: 0x8000b642 (0xc7410d93) addi    s11, sp, -908
core   0: 3 0x8000b642 (0xc7410d93) x27 0x0a39baad
core   0: 0x8000b646 (0xf1baa693) slti    a3, s5, -229
core   0: 3 0x8000b646 (0xf1baa693) x13 0x00000000
core   0: 0x8000b64a (0x0147ad33) slt     s10, a5, s4
core   0: 3 0x8000b64a (0x0147ad33) x26 0x00000000
core   0: 0x8000b64e (0x03fd44b3) div     s1, s10, t6
core   0: 3 0x8000b64e (0x03fd44b3) x9  0x00000000
core   0: 0x8000b652 (0x004c2f83) lw      t6, 4(s8)
core   0: 3 0x8000b652 (0x004c2f83) x31 0x8000b774 mem 0x80025e18
core   0: 0x8000b656 (0x038c0c13) addi    s8, s8, 56
core   0: 3 0x8000b656 (0x038c0c13) x24 0x80025e4c
core   0: 0x8000b65a (0x00890333) add     t1, s2, s0
core   0: 3 0x8000b65a (0x00890333) x6  0x70a7a3f6
core   0: 0x8000b65e (0x001f8293) addi    t0, t6, 1
core   0: 3 0x8000b65e (0x001f8293) x5  0x8000b775
core   0: 0x8000b662 (0x00009282) c.jalr  t0
core   0: 3 0x8000b662 (0x9282) x1  0x8000b664
core   0: 0x8000b774 (0x05d17063) bgeu    sp, t4, pc + 64
core   0: 3 0x8000b774 (0x05d17063)
core   0: 0x8000b778 (0x00009dd6) c.add   s11, s5
core   0: 3 0x8000b778 (0x9dd6) x27 0x0a39baac
core   0: 0x8000b77a (0x02b8d8b3) divu    a7, a7, a1
core   0: 3 0x8000b77a (0x02b8d8b3) x17 0x00000000
core   0: 0x8000b77e (0x00008fa9) c.xor   a5, a0
core   0: 3 0x8000b77e (0x8fa9) x15 0x000005bd
core   0: 0x8000b780 (0x013a73b3) and     t2, s4, s3
core   0: 3 0x8000b780 (0x013a73b3) x7  0x00000000
core   0: 0x8000b784 (0x419b5513) srai    a0, s6, 25
core   0: 3 0x8000b784 (0x419b5513) x10 0x00000000
core   0: 0x8000b788 (0x029e0133) mul     sp, t3, s1
core   0: 3 0x8000b788 (0x029e0133) x2  0x00000000
core   0: 0x8000b78c (0x0272afb3) mulhsu  t6, t0, t2
core   0: 3 0x8000b78c (0x0272afb3) x31 0x00000000
core   0: 0x8000b790 (0x02609263) bne     ra, t1, pc + 36
core   0: 3 0x8000b790 (0x02609263)
core   0: 0x8000b7b4 (0x012d5263) bge     s10, s2, pc + 4
core   0: 3 0x8000b7b4 (0x012d5263)
core   0: 0x8000b7b8 (0x34081d73) csrrw   s10, mscratch, a6
core   0: 3 0x8000b7b8 (0x34081d73) x26 0x00019000 c832_mscratch 0x00000000
core   0: 0x8000b7bc (0x00006841) c.lui   a6, 0x10
core   0: 3 0x8000b7bc (0x6841) x16 0x00010000
core   0: 0x8000b7be (0x036ef6b3) remu    a3, t4, s6
core   0: 3 0x8000b7be (0x036ef6b3) x13 0x00004d24
core   0: 0x8000b7c2 (0x004c2f83) lw      t6, 4(s8)
core   0: 3 0x8000b7c2 (0x004c2f83) x31 0x8000b32c mem 0x80025e50
core   0: 0x8000b7c6 (0x033468b3) rem     a7, s0, s3
core   0: 3 0x8000b7c6 (0x033468b3) x17 0xf0a6efc1
core   0: 0x8000b7ca (0x00000c31) c.addi  s8, 12
core   0: 3 0x8000b7ca (0x0c31) x24 0x80025e58
core   0: 0x8000b7cc (0x0ff0000f) fence   iorw,iorw
core   0: 3 0x8000b7cc (0x0ff0000f)
core   0: 0x8000b7d0 (0x001f8313) addi    t1, t6, 1
core   0: 3 0x8000b7d0 (0x001f8313) x6  0x8000b32d
core   0: 0x8000b7d4 (0x00009302) c.jalr  t1
core   0: 3 0x8000b7d4 (0x9302) x1  0x8000b7d6
core   0: 0x8000b32c (0x34662b93) slti    s7, a2, 838
core   0: 3 0x8000b32c (0x34662b93) x23 0x00000000
core   0: 0x8000b330 (0x34093cf3) csrrc   s9, mscratch, s2
core   0: 3 0x8000b330 (0x34093cf3) x25 0x00000000 c832_mscratch 0x00000000
core   0: 0x8000b334 (0x00000a17) auipc   s4, 0x0
core   0: 3 0x8000b334 (0x00000a17) x20 0x8000b334
core   0: 0x8000b338 (0x110a0a13) addi    s4, s4, 272
core   0: 3 0x8000b338 (0x110a0a13) x20 0x8000b444
core   0: 0x8000b33c (0x00000bfe) c.slli  s7, 31
core   0: 3 0x8000b33c (0x0bfe) x23 0x00000000
core   0: 0x8000b33e (0x00008249) c.srli  a2, 18
core   0: 3 0x8000b33e (0x8249) x12 0x0000150c
core   0: 0x8000b340 (0xf21a0a13) addi    s4, s4, -223
core   0: 3 0x8000b340 (0xf21a0a13) x20 0x8000b365
core   0: 0x8000b344 (0x02072333) mulhsu  t1, a4, zero
core   0: 3 0x8000b344 (0x02072333) x6  0x00000000
core   0: 0x8000b348 (0x0ff0000f) fence   iorw,iorw
core   0: 3 0x8000b348 (0x0ff0000f)
core   0: 0x8000b34c (0x020f30b3) mulhu   ra, t5, zero
core   0: 3 0x8000b34c (0x020f30b3) x1  0x00000000
core   0: 0x8000b350 (0x01382133) slt     sp, a6, s3
core   0: 3 0x8000b350 (0x01382133) x2  0x00000000
core   0: 0x8000b354 (0x00ea0563) beq     s4, a4, pc + 10
core   0: 3 0x8000b354 (0x00ea0563)
core   0: 0x8000b358 (0x00009da2) c.add   s11, s0
core   0: 3 0x8000b358 (0x9da2) x27 0xfae0aa6d
core   0: 0x8000b35a (0x00122fb3) slt     t6, tp, ra
core   0: 3 0x8000b35a (0x00122fb3) x31 0x00000000
core   0: 0x8000b35e (0x0dfa0fe7) jalr    t6, s4, 223
core   0: 3 0x8000b35e (0x0dfa0fe7) x31 0x8000b362
core   0: 0x8000b444 (0x019b0f33) add     t5, s6, s9
core   0: 3 0x8000b444 (0x019b0f33) x30 0x00019000
core   0: 0x8000b448 (0x012b2733) slt     a4, s6, s2
core   0: 3 0x8000b448 (0x012b2733) x14 0x00000000
core   0: 0x8000b44c (0x00008cd1) c.or    s1, a2
core   0: 3 0x8000b44c (0x8cd1) x9  0x0000150c
core   0: 0x8000b44e (0x00000001) c.nop
core   0: 3 0x8000b44e (0x0001)
core   0: 0x8000b450 (0x00008f8d) c.sub   a5, a1
core   0: 3 0x8000b450 (0x8f8d) x15 0x638b644b
core   0: 0x8000b452 (0x00001c31) c.addi  s8, -20
core   0: 3 0x8000b452 (0x1c31) x24 0x80025e44
core   0: 0x8000b454 (0x01fc2223) sw      t6, 4(s8)
core   0: 3 0x8000b454 (0x01fc2223) mem 0x80025e48 0x8000b362
core   0: 0x8000b458 (0x0161d313) srli    t1, gp, 22
core   0: 3 0x8000b458 (0x0161d313) x6  0x00000000
core   0: 0x8000b45c (0xe27da213) slti    tp, s11, -473
core   0: 3 0x8000b45c (0xe27da213) x4  0x00000001
core   0: 0x8000b460 (0x00008275) c.srli  a2, 29
core   0: 3 0x8000b460 (0x8275) x12 0x00000000
core   0: 0x8000b462 (0x0061b7b3) sltu    a5, gp, t1
core   0: 3 0x8000b462 (0x0061b7b3) x15 0x00000000
core   0: 0x8000b466 (0x0000717d) c.addi16sp sp, -16
core   0: 3 0x8000b466 (0x717d) x2  0xfffffff0
core   0: 0x8000b468 (0x0000100f) fence.i
core   0: 3 0x8000b468 (0x0000100f)
core   0: 0x8000b46c (0x00009d2a) c.add   s10, a0
core   0: 3 0x8000b46c (0x9d2a) x26 0x00019000
core   0: 0x8000b46e (0x03c90a63) beq     s2, t3, pc + 52
core   0: 3 0x8000b46e (0x03c90a63)
core   0: 0x8000b472 (0x00000f14) c.addi4spn a3, sp, 912
core   0: 3 0x8000b472 (0x0f14) x13 0x00000380
core   0: 0x8000b474 (0x02146233) rem     tp, s0, ra
core   0: 3 0x8000b474 (0x02146233) x4  0xf0a6efc1
core   0: 0x8000b478 (0x4083db33) sra     s6, t2, s0
core   0: 3 0x8000b478 (0x4083db33) x22 0x00000000
core   0: 0x8000b47c (0x00c48963) beq     s1, a2, pc + 18
core   0: 3 0x8000b47c (0x00c48963)
core   0: 0x8000b480 (0x000084dd) c.srai  s1, 23
core   0: 3 0x8000b480 (0x84dd) x9  0x00000000
core   0: 0x8000b482 (0x00008cf5) c.and   s1, a3
core   0: 3 0x8000b482 (0x8cf5) x9  0x00000000
core   0: 0x8000b484 (0xed04ea13) ori     s4, s1, -304
core   0: 3 0x8000b484 (0xed04ea13) x20 0xfffffed0
core   0: 0x8000b488 (0x340af673) csrrci  a2, mscratch, 21
core   0: 3 0x8000b488 (0x340af673) x12 0x00000000 c832_mscratch 0x00000000
core   0: 0x8000b48c (0x0000e30d) c.bnez  a4, pc + 34
core   0: 3 0x8000b48c (0xe30d)
core   0: 0x8000b48e (0x02d78063) beq     a5, a3, pc + 32
core   0: 3 0x8000b48e (0x02d78063)
core   0: 0x8000b492 (0x0000858d) c.srai  a1, 3
core   0: 3 0x8000b492 (0x858d) x11 0xf38e942e
core   0: 0x8000b494 (0x00000284) c.addi4spn s1, sp, 320
core   0: 3 0x8000b494 (0x0284) x9  0x00000130
core   0: 0x8000b496 (0x020541b3) div     gp, a0, zero
core   0: 3 0x8000b496 (0x020541b3) x3  0xffffffff
core   0: 0x8000b49a (0x03e52a33) mulhsu  s4, a0, t5
core   0: 3 0x8000b49a (0x03e52a33) x20 0x00000000
core   0: 0x8000b49e (0x01c3ce33) xor     t3, t2, t3
core   0: 3 0x8000b49e (0x01c3ce33) x28 0x00019000
core   0: 0x8000b4a2 (0x408682b3) sub     t0, a3, s0
core   0: 3 0x8000b4a2 (0x408682b3) x5  0x0f5913bf
core   0: 0x8000b4a6 (0x00008f8d) c.sub   a5, a1
core   0: 3 0x8000b4a6 (0x8f8d) x15 0x0c716bd2
core   0: 0x8000b4a8 (0x00008611) c.srai  a2, 4
core   0: 3 0x8000b4a8 (0x8611) x12 0x00000000
core   0: 0x8000b4aa (0x029869b3) rem     s3, a6, s1
core   0: 3 0x8000b4aa (0x029869b3) x19 0x000000b0
core   0: 0x8000b4ae (0x018115b3) sll     a1, sp, s8
core   0: 3 0x8000b4ae (0x018115b3) x11 0xffffff00
core   0: 0x8000b4b2 (0x00000f55) c.addi  t5, 21
core   0: 3 0x8000b4b2 (0x0f55) x30 0x00019015
core   0: 0x8000b4b4 (0x00ba5e33) srl     t3, s4, a1
core   0: 3 0x8000b4b4 (0x00ba5e33) x28 0x00000000
core   0: 0x8000b4b8 (0x0338eab3) rem     s5, a7, s3
core   0: 3 0x8000b4b8 (0x0338eab3) x21 0xffffffc1
core   0: 0x8000b4bc (0x00008f5e) c.mv    t5, s7
core   0: 3 0x8000b4bc (0x8f5e) x30 0x00000000
core   0: 0x8000b4be (0x000044d1) c.li    s1, 20
core   0: 3 0x8000b4be (0x44d1) x9  0x00000014
core   0: 0x8000b4c0 (0x004c2f83) lw      t6, 4(s8)
core   0: 3 0x8000b4c0 (0x004c2f83) x31 0x8000b362 mem 0x80025e48
core   0: 0x8000b4c4 (0x00000c51) c.addi  s8, 20
core   0: 3 0x8000b4c4 (0x0c51) x24 0x80025e58
core   0: 0x8000b4c6 (0x01762033) slt     zero, a2, s7
core   0: 3 0x8000b4c6 (0x01762033)
core   0: 0x8000b4ca (0x340d5573) csrrwi  a0, mscratch, 26
core   0: 3 0x8000b4ca (0x340d5573) x10 0x00000000 c832_mscratch 0x0000001a
core   0: 0x8000b4ce (0x001f8a13) addi    s4, t6, 1
core   0: 3 0x8000b4ce (0x001f8a13) x20 0x8000b363
core   0: 0x8000b4d2 (0x000a0a67) jalr    s4, s4, 0
core   0: 3 0x8000b4d2 (0x000a0a67) x20 0x8000b4d6
core   0: 0x8000b362 (0x00000001) c.nop
core   0: 3 0x8000b362 (0x0001)
core   0: 0x8000b364 (0x34006273) csrrsi  tp, mscratch, 0
core   0: 3 0x8000b364 (0x34006273) x4  0x0000001a
core   0: 0x8000b368 (0x03b2e063) bltu    t0, s11, pc + 32
core   0: 3 0x8000b368 (0x03b2e063)
core   0: 0x8000b388 (0x0354e333) rem     t1, s1, s5
core   0: 3 0x8000b388 (0x0354e333) x6  0x00000014
core   0: 0x8000b38c (0x01b983b3) add     t2, s3, s11
core   0: 3 0x8000b38c (0x01b983b3) x7  0xfae0ab1d
core   0: 0x8000b390 (0x02d56733) rem     a4, a0, a3
core   0: 3 0x8000b390 (0x02d56733) x14 0x00000000
core   0: 0x8000b394 (0x000057fd) c.li    a5, -1
core   0: 3 0x8000b394 (0x57fd) x15 0xffffffff
core   0: 0x8000b396 (0x00001e0c) c.addi4spn a1, sp, 816
core   0: 3 0x8000b396 (0x1e0c) x11 0x00000320
core   0: 0x8000b398 (0x000009da) c.slli  s3, 22
core   0: 3 0x8000b398 (0x09da) x19 0x2c000000
core   0: 0x8000b39a (0x00d88fb3) add     t6, a7, a3
core   0: 3 0x8000b39a (0x00d88fb3) x31 0xf0a6f341
core   0: 0x8000b39e (0x026f8cb3) mul     s9, t6, t1
core   0: 3 0x8000b39e (0x026f8cb3) x25 0xcd0b0114
core   0: 0x8000b3a2 (0x340f1e73) csrrw   t3, mscratch, t5
core   0: 3 0x8000b3a2 (0x340f1e73) x28 0x0000001a c832_mscratch 0x00000000
core   0: 0x8000b3a6 (0x333d4e13) xori    t3, s10, 819
core   0: 3 0x8000b3a6 (0x333d4e13) x28 0x00019333
core   0: 0x8000b3aa (0x00008e15) c.sub   a2, a3
core   0: 3 0x8000b3aa (0x8e15) x12 0xfffffc80
core   0: 0x8000b3ac (0x0264f033) remu    zero, s1, t1
core   0: 3 0x8000b3ac (0x0264f033)
core   0: 0x8000b3b0 (0xadb3a213) slti    tp, t2, -1317
core   0: 3 0x8000b3b0 (0xadb3a213) x4  0x00000001
core   0: 0x8000b3b4 (0x01591e33) sll     t3, s2, s5
core   0: 3 0x8000b3b4 (0x01591e33) x28 0x0001686a
core   0: 0x8000b3b8 (0x00008371) c.srli  a4, 28
core   0: 3 0x8000b3b8 (0x8371) x14 0x00000000
core   0: 0x8000b3ba (0x340021f3) csrr    gp, mscratch
core   0: 3 0x8000b3ba (0x340021f3) x3  0x00000000
core   0: 0x8000b3be (0xe8b47597) auipc   a1, 0xe8b47
core   0: 3 0x8000b3be (0xe8b47597) x11 0x68b523be
core   0: 0x8000b3c2 (0x000083aa) c.mv    t2, a0
core   0: 3 0x8000b3c2 (0x83aa) x7  0x00000000
core   0: 0x8000b3c4 (0x40d104b3) sub     s1, sp, a3
core   0: 3 0x8000b3c4 (0x40d104b3) x9  0xfffffc70
core   0: 0x8000b3c8 (0x41205e13) srai    t3, zero, 18
core   0: 3 0x8000b3c8 (0x41205e13) x28 0x00000000
core   0: 0x8000b3cc (0x0438f463) bgeu    a7, gp, pc + 72
core   0: 3 0x8000b3cc (0x0438f463)
core   0: 0x8000b414 (0x0000c291) c.beqz  a3, pc + 4
core   0: 3 0x8000b414 (0xc291)
core   0: 0x8000b416 (0x0000e209) c.bnez  a2, pc + 2
core   0: 3 0x8000b416 (0xe209)
core   0: 0x8000b418 (0x029246b3) div     a3, tp, s1
core   0: 3 0x8000b418 (0x029246b3) x13 0x00000000
core   0: 0x8000b41c (0x004c2f83) lw      t6, 4(s8)
core   0: 3 0x8000b41c (0x004c2f83) x31 0x8000b186 mem 0x80025e5c
core   0: 0x8000b420 (0x033815b3) mulh    a1, a6, s3
core   0: 3 0x8000b420 (0x033815b3) x11 0x00002c00
core   0: 0x8000b424 (0x02cc0c13) addi    s8, s8, 44
core   0: 3 0x8000b424 (0x02cc0c13) x24 0x80025e84
core   0: 0x8000b428 (0x000063ed) c.lui   t2, 0x1b
core   0: 3 0x8000b428 (0x63ed) x7  0x0001b000
core   0: 0x8000b42a (0x00006185) c.lui   gp, 0x1
core   0: 3 0x8000b42a (0x6185) x3  0x00001000
core   0: 0x8000b42c (0x9cd33a93) sltiu   s5, t1, -1587
core   0: 3 0x8000b42c (0x9cd33a93) x21 0x00000001
core   0: 0x8000b430 (0x03f478b3) remu    a7, s0, t6
core   0: 3 0x8000b430 (0x03f478b3) x17 0x70a63e3b
core   0: 0x8000b434 (0x41e34517) auipc   a0, 0x41e34
core   0: 3 0x8000b434 (0x41e34517) x10 0xc1e3f434
core   0: 0x8000b438 (0x00008615) c.srai  a2, 5
core   0: 3 0x8000b438 (0x8615) x12 0xffffffe4
core   0: 0x8000b43a (0xc305ef13) ori     t5, a1, -976
core   0: 3 0x8000b43a (0xc305ef13) x30 0xfffffc30
core   0: 0x8000b43e (0x000f8e13) mv      t3, t6
core   0: 3 0x8000b43e (0x000f8e13) x28 0x8000b186
core   0: 0x8000b442 (0x00009e02) c.jalr  t3
core   0: 3 0x8000b442 (0x9e02) x1  0x8000b444
core   0: 0x8000b186 (0x0ff0000f) fence   iorw,iorw
core   0: 3 0x8000b186 (0x0ff0000f)
core   0: 0x8000b18a (0x0000030c) c.addi4spn a1, sp, 384
core   0: 3 0x8000b18a (0x030c) x11 0x00000170
core   0: 0x8000b18c (0x0000100f) fence.i
core   0: 3 0x8000b18c (0x0000100f)
core   0: 0x8000b190 (0x02e9c133) div     sp, s3, a4
core   0: 3 0x8000b190 (0x02e9c133) x2  0xffffffff
core   0: 0x8000b194 (0x01a1b233) sltu    tp, gp, s10
core   0: 3 0x8000b194 (0x01a1b233) x4  0x00000001
core   0: 0x8000b198 (0x00008d62) c.mv    s10, s8
core   0: 3 0x8000b198 (0x8d62) x26 0x80025e84
core   0: 0x8000b19a (0x0ff0000f) fence   iorw,iorw
core   0: 3 0x8000b19a (0x0ff0000f)
core   0: 0x8000b19e (0x021cc133) div     sp, s9, ra
core   0: 3 0x8000b19e (0x021cc133) x2  0x00000000
core   0: 0x8000b1a2 (0x00000f5d) c.addi  t5, 23
core   0: 3 0x8000b1a2 (0x0f5d) x30 0xfffffc47
core   0: 0x8000b1a4 (0x020be4b3) rem     s1, s7, zero
core   0: 3 0x8000b1a4 (0x020be4b3) x9  0x00000000
core   0: 0x8000b1a8 (0x01a6aab3) slt     s5, a3, s10
core   0: 3 0x8000b1a8 (0x01a6aab3) x21 0x00000000
core   0: 0x8000b1ac (0x02a48f33) mul     t5, s1, a0
core   0: 3 0x8000b1ac (0x02a48f33) x30 0x00000000
core   0: 0x8000b1b0 (0x0135d6b3) srl     a3, a1, s3
core   0: 3 0x8000b1b0 (0x0135d6b3) x13 0x00000170
core   0: 0x8000b1b4 (0x0000034d) c.addi  t1, 19
core   0: 3 0x8000b1b4 (0x034d) x6  0x00000027
core   0: 0x8000b1b6 (0x0107cd33) xor     s10, a5, a6
core   0: 3 0x8000b1b6 (0x0107cd33) x26 0xfffeffff
core   0: 0x8000b1ba (0x030271b3) remu    gp, tp, a6
core   0: 3 0x8000b1ba (0x030271b3) x3  0x00000001
core   0: 0x8000b1be (0x010e76b3) and     a3, t3, a6
core   0: 3 0x8000b1be (0x010e76b3) x13 0x00000000
core   0: 0x8000b1c2 (0x00005dfd) c.li    s11, -1
core   0: 3 0x8000b1c2 (0x5dfd) x27 0xffffffff
core   0: 0x8000b1c4 (0x004c2f83) lw      t6, 4(s8)
core   0: 3 0x8000b1c4 (0x004c2f83) x31 0x8000b588 mem 0x80025e88
core   0: 0x8000b1c8 (0x6712fe13) andi    t3, t0, 1649
core   0: 3 0x8000b1c8 (0x6712fe13) x28 0x00000231
core   0: 0x8000b1cc (0x0276d833) divu    a6, a3, t2
core   0: 3 0x8000b1cc (0x0276d833) x16 0x00000000
core   0: 0x8000b1d0 (0xaebf6a13) ori     s4, t5, -1301
core   0: 3 0x8000b1d0 (0xaebf6a13) x20 0xfffffaeb
core   0: 0x8000b1d4 (0x40165813) srai    a6, a2, 1
core   0: 3 0x8000b1d4 (0x40165813) x16 0xfffffff2
core   0: 0x8000b1d8 (0x00000c51) c.addi  s8, 20
core   0: 3 0x8000b1d8 (0x0c51) x24 0x80025e98
core   0: 0x8000b1da (0x00008ca9) c.xor   s1, a0
core   0: 3 0x8000b1da (0x8ca9) x9  0xc1e3f434
core   0: 0x8000b1dc (0x00006611) c.lui   a2, 0x4
core   0: 3 0x8000b1dc (0x6611) x12 0x00004000
core   0: 0x8000b1de (0xbe64ab93) slti    s7, s1, -1050
core   0: 3 0x8000b1de (0xbe64ab93) x23 0x00000001
core   0: 0x8000b1e2 (0x452be693) ori     a3, s7, 1106
core   0: 3 0x8000b1e2 (0x452be693) x13 0x00000453
core   0: 0x8000b1e6 (0x001f8113) addi    sp, t6, 1
core   0: 3 0x8000b1e6 (0x001f8113) x2  0x8000b589
core   0: 0x8000b1ea (0x00009102) c.jalr  sp
core   0: 3 0x8000b1ea (0x9102) x1  0x8000b1ec
core   0: 0x8000b588 (0x340add73) csrrwi  s10, mscratch, 21
core   0: 3 0x8000b588 (0x340add73) x26 0x00000000 c832_mscratch 0x00000015
core   0: 0x8000b58c (0x01e58a63) beq     a1, t5, pc + 20
core   0: 3 0x8000b58c (0x01e58a63)
core   0: 0x8000b590 (0x037dbe33) mulhu   t3, s11, s7
core   0: 3 0x8000b590 (0x037dbe33) x28 0x00000000
core   0: 0x8000b594 (0x00008239) c.srli  a2, 14
core   0: 3 0x8000b594 (0x8239) x12 0x00000001
core   0: 0x8000b596 (0x00000001) c.nop
core   0: 3 0x8000b596 (0x0001)
core   0: 0x8000b598 (0x0000cb11) c.beqz  a4, pc + 20
core   0: 3 0x8000b598 (0xcb11)
core   0: 0x8000b5ac (0x6b778613) addi    a2, a5, 1719
core   0: 3 0x8000b5ac (0x6b778613) x12 0x000006b6
core   0: 0x8000b5b0 (0x34007bf3) csrrci  s7, mscratch, 0
core   0: 3 0x8000b5b0 (0x34007bf3) x23 0x00000015
core   0: 0x8000b5b4 (0x67b94017) auipc   zero, 0x67b94
core   0: 3 0x8000b5b4 (0x67b94017)
core   0: 0x8000b5b8 (0x004c2f83) lw      t6, 4(s8)
core   0: 3 0x8000b5b8 (0x004c2f83) x31 0x80002e84 mem 0x80025e9c
core   0: 0x8000b5bc (0x0ff0000f) fence   iorw,iorw
core   0: 3 0x8000b5bc (0x0ff0000f)
core   0: 0x8000b5c0 (0xe9934613) xori    a2, t1, -359
core   0: 3 0x8000b5c0 (0xe9934613) x12 0xfffffebe
core   0: 0x8000b5c4 (0x8c5e0893) addi    a7, t3, -1851
core   0: 3 0x8000b5c4 (0x8c5e0893) x17 0xfffff8c5
core   0: 0x8000b5c8 (0x00001404) c.addi4spn s1, sp, 544
core   0: 3 0x8000b5c8 (0x1404) x9  0x8000b7a9
core   0: 0x8000b5ca (0x014df633) and     a2, s11, s4
core   0: 3 0x8000b5ca (0x014df633) x12 0xfffffaeb
core   0: 0x8000b5ce (0x00611013) slli    zero, sp, 6
core   0: 3 0x8000b5ce (0x00611013)
core   0: 0x8000b5d2 (0x00000c31) c.addi  s8, 12
core   0: 3 0x8000b5d2 (0x0c31) x24 0x80025ea4
core   0: 0x8000b5d4 (0x038e9bb3) mulh    s7, t4, s8
core   0: 3 0x8000b5d4 (0x038e9bb3) x23 0x3ffd8222
core   0: 0x8000b5d8 (0x000f8b93) mv      s7, t6
core   0: 3 0x8000b5d8 (0x000f8b93) x23 0x80002e84
core   0: 0x8000b5dc (0x000b8be7) jalr    s7, s7, 0
core   0: 3 0x8000b5dc (0x000b8be7) x23 0x8000b5e0
core   0: 0x80002e84 (0x00008ff1) c.and   a5, a2
core   0: 3 0x80002e84 (0x8ff1) x15 0xfffffaeb
core   0: 0x80002e86 (0x008acd33) xor     s10, s5, s0
core   0: 3 0x80002e86 (0x008acd33) x26 0xf0a6efc1
core   0: 0x80002e8a (0x021d7ab3) remu    s5, s10, ra
core   0: 3 0x80002e8a (0x021d7ab3) x21 0x70a63dd5
core   0: 0x80002e8e (0x6b144d93) xori    s11, s0, 1713
core   0: 3 0x80002e8e (0x6b144d93) x27 0xf0a6e970
core   0: 0x80002e92 (0x028a6b33) rem     s6, s4, s0
core   0: 3 0x80002e92 (0x028a6b33) x22 0xfffffaeb
core   0: 0x80002e96 (0x00256cb3) or      s9, a0, sp
core   0: 3 0x80002e96 (0x00256cb3) x25 0xc1e3f5bd
core   0: 0x80002e9a (0x009c8533) add     a0, s9, s1
core   0: 3 0x80002e9a (0x009c8533) x10 0x41e4ad66
core   0: 0x80002e9e (0x00008111) c.srli  a0, 4
core   0: 3 0x80002e9e (0x8111) x10 0x041e4ad6
core   0: 0x80002ea0 (0x00f49a13) slli    s4, s1, 15
core   0: 3 0x80002ea0 (0x00f49a13) x20 0x5bd48000
core   0: 0x80002ea4 (0x01f030b3) snez    ra, t6
core   0: 3 0x80002ea4 (0x01f030b3) x1  0x00000001
core   0: 0x80002ea8 (0x3405ef73) csrrsi  t5, mscratch, 11
core   0: 3 0x80002ea8 (0x3405ef73) x30 0x00000015 c832_mscratch 0x0000001f
core   0: 0x80002eac (0x00006145) c.addi16sp sp, 48
core   0: 3 0x80002eac (0x6145) x2  0x8000b5b9
core   0: 0x80002eae (0x000085d5) c.srai  a1, 21
core   0: 3 0x80002eae (0x85d5) x11 0x00000000
core   0: 0x80002eb0 (0x481e4793) xori    a5, t3, 1153
core   0: 3 0x80002eb0 (0x481e4793) x15 0x00000481
core   0: 0x80002eb4 (0x000011fd) c.addi  gp, -1
core   0: 3 0x80002eb4 (0x11fd) x3  0x00000000
core   0: 0x80002eb6 (0x029d4533) div     a0, s10, s1
core   0: 3 0x80002eb6 (0x029d4533) x10 0x00000000
core   0: 0x80002eba (0x0000898e) c.mv    s3, gp
core   0: 3 0x80002eba (0x898e) x19 0x00000000
core   0: 0x80002ebc (0x404a86b3) sub     a3, s5, tp
core   0: 3 0x80002ebc (0x404a86b3) x13 0x70a63dd4
core   0: 0x80002ec0 (0xf4333113) sltiu   sp, t1, -189
core   0: 3 0x80002ec0 (0xf4333113) x2  0x00000001
core   0: 0x80002ec4 (0x00008c9d) c.sub   s1, a5
core   0: 3 0x80002ec4 (0x8c9d) x9  0x8000b328
core   0: 0x80002ec6 (0x340b6af3) csrrsi  s5, mscratch, 22
core   0: 3 0x80002ec6 (0x340b6af3) x21 0x0000001f c832_mscratch 0x0000001f
core   0: 0x80002eca (0x00008aea) c.mv    s5, s10
core   0: 3 0x80002eca (0x8aea) x21 0xf0a6efc1
core   0: 0x80002ecc (0x01bae633) or      a2, s5, s11
core   0: 3 0x80002ecc (0x01bae633) x12 0xf0a6eff1
core   0: 0x80002ed0 (0x34006df3) csrrsi  s11, mscratch, 0
core   0: 3 0x80002ed0 (0x34006df3) x27 0x0000001f
core   0: 0x80002ed4 (0x00ffd593) srli    a1, t6, 15
core   0: 3 0x80002ed4 (0x00ffd593) x11 0x00010000
core   0: 0x80002ed8 (0x0066d993) srli    s3, a3, 6
core   0: 3 0x80002ed8 (0x0066d993) x19 0x01c298f7
core   0: 0x80002edc (0x5c91b713) sltiu   a4, gp, 1481
core   0: 3 0x80002edc (0x5c91b713) x14 0x00000001
core   0: 0x80002ee0 (0x0ff0000f) fence   iorw,iorw
core   0: 3 0x80002ee0 (0x0ff0000f)
core   0: 0x80002ee4 (0x41b44a93) xori    s5, s0, 1051
core   0: 3 0x80002ee4 (0x41b44a93) x21 0xf0a6ebda
core   0: 0x80002ee8 (0x40e65193) srai    gp, a2, 14
core   0: 3 0x80002ee8 (0x40e65193) x3  0xffffc29b
core   0: 0x80002eec (0xcc104f93) xori    t6, zero, -831
core   0: 3 0x80002eec (0xcc104f93) x31 0xfffffcc1
core   0: 0x80002ef0 (0x01fa6c63) bltu    s4, t6, pc + 24
core   0: 3 0x80002ef0 (0x01fa6c63)
core   0: 0x80002f08 (0x00000ae5) c.addi  s5, 25
core   0: 3 0x80002f08 (0x0ae5) x21 0xf0a6ebf3
core   0: 0x80002f0a (0x00cbbbb3) sltu    s7, s7, a2
core   0: 3 0x80002f0a (0x00cbbbb3) x23 0x00000001
core   0: 0x80002f0e (0x02930b63) beq     t1, s1, pc + 54
core   0: 3 0x80002f0e (0x02930b63)
core   0: 0x80002f12 (0x00008f0d) c.sub   a4, a1
core   0: 3 0x80002f12 (0x8f0d) x14 0xffff0001
core   0: 0x80002f14 (0x00001bfd) c.addi  s7, -1
core   0: 3 0x80002f14 (0x1bfd) x23 0x00000000
core   0: 0x80002f16 (0x7a6b4993) xori    s3, s6, 1958
core   0: 3 0x80002f16 (0x7a6b4993) x19 0xfffffd4d
core   0: 0x80002f1a (0x57fd19b7) lui     s3, 0x57fd1
core   0: 3 0x80002f1a (0x57fd19b7) x19 0x57fd1000
core   0: 0x80002f1e (0x417f8833) sub     a6, t6, s7
core   0: 3 0x80002f1e (0x417f8833) x16 0xfffffcc1
core   0: 0x80002f22 (0x000057fd) c.li    a5, -1
core   0: 3 0x80002f22 (0x57fd) x15 0xffffffff
core   0: 0x80002f24 (0x00af24b3) slt     s1, t5, a0
core   0: 3 0x80002f24 (0x00af24b3) x9  0x00000000
core   0: 0x80002f28 (0x00bb9f13) slli    t5, s7, 11
core   0: 3 0x80002f28 (0x00bb9f13) x30 0x00000000
core   0: 0x80002f2c (0xd5690897) auipc   a7, 0xd5690
core   0: 3 0x80002f2c (0xd5690897) x17 0x55692f2c
core   0: 0x80002f30 (0x825bb717) auipc   a4, 0x825bb
core   0: 3 0x80002f30 (0x825bb717) x14 0x025bdf30
core   0: 0x80002f34 (0x00278863) beq     a5, sp, pc + 16
core   0: 3 0x80002f34 (0x00278863)
core   0: 0x80002f38 (0x00008135) c.srli  a0, 13
core   0: 3 0x80002f38 (0x8135) x10 0x00000000
core   0: 0x80002f3a (0x40e85db3) sra     s11, a6, a4
core   0: 3 0x80002f3a (0x40e85db3) x27 0xffffffff
core   0: 0x80002f3e (0x00009bfd) c.andi  a5, -1
core   0: 3 0x80002f3e (0x9bfd) x15 0xffffffff
core   0: 0x80002f40 (0x00a1fe33) and     t3, gp, a0
core   0: 3 0x80002f40 (0x00a1fe33) x28 0x00000000
core   0: 0x80002f44 (0x03e7bdb3) mulhu   s11, a5, t5
core   0: 3 0x80002f44 (0x03e7bdb3) x27 0x00000000
core   0: 0x80002f48 (0x02f594b3) mulh    s1, a1, a5
core   0: 3 0x80002f48 (0x02f594b3) x9  0xffffffff
core   0: 0x80002f4c (0x0000e105) c.bnez  a0, pc + 32
core   0: 3 0x80002f4c (0xe105)
core   0: 0x80002f4e (0x727712b7) lui     t0, 0x72771
core   0: 3 0x80002f4e (0x727712b7) x5  0x72771000
core   0: 0x80002f52 (0x0350c1b3) div     gp, ra, s5
core   0: 3 0x80002f52 (0x0350c1b3) x3  0x00000000
core   0: 0x80002f56 (0x3cb9af13) slti    t5, s3, 971
core   0: 3 0x80002f56 (0x3cb9af13) x30 0x00000000
core   0: 0x80002f5a (0x002ba933) slt     s2, s7, sp
core   0: 3 0x80002f5a (0x002ba933) x18 0x00000001
core   0: 0x80002f5e (0x000084b9) c.srai  s1, 14
core   0: 3 0x80002f5e (0x84b9) x9  0xffffffff
core   0: 0x80002f60 (0x0000100f) fence.i
core   0: 3 0x80002f60 (0x0000100f)
core   0: 0x80002f64 (0x19627b13) andi    s6, tp, 406
core   0: 3 0x80002f64 (0x19627b13) x22 0x00000000
core   0: 0x80002f68 (0x001e5663) bge     t3, ra, pc + 12
core   0: 3 0x80002f68 (0x001e5663)
core   0: 0x80002f6c (0x02494833) div     a6, s2, tp
core   0: 3 0x80002f6c (0x02494833) x16 0x00000001
core   0: 0x80002f70 (0x40b68d33) sub     s10, a3, a1
core   0: 3 0x80002f70 (0x40b68d33) x26 0x70a53dd4
core   0: 0x80002f74 (0x000080c5) c.srli  s1, 17
core   0: 3 0x80002f74 (0x80c5) x9  0x00007fff
core   0: 0x80002f76 (0x01f9c463) blt     s3, t6, pc + 8
core   0: 3 0x80002f76 (0x01f9c463)
core   0: 0x80002f7a (0x01740633) add     a2, s0, s7
core   0: 3 0x80002f7a (0x01740633) x12 0xf0a6efc1
core   0: 0x80002f7e (0x021abcb3) mulhu   s9, s5, ra
core   0: 3 0x80002f7e (0x021abcb3) x25 0x00000000
core   0: 0x80002f82 (0x00000001) c.nop
core   0: 3 0x80002f82 (0x0001)
core   0: 0x80002f84 (0x0ff0000f) fence   iorw,iorw
core   0: 3 0x80002f84 (0x0ff0000f)
core   0: 0x80002f88 (0x01771993) slli    s3, a4, 23
core   0: 3 0x80002f88 (0x01771993) x19 0x98000000
core   0: 0x80002f8c (0x41ebd933) sra     s2, s7, t5
core   0: 3 0x80002f8c (0x41ebd933) x18 0x00000000
core   0: 0x80002f90 (0x00d580b3) add     ra, a1, a3
core   0: 3 0x80002f90 (0x00d580b3) x1  0x70a73dd4
core   0: 0x80002f94 (0x34003573) csrrc   a0, mscratch, zero
core   0: 3 0x80002f94 (0x34003573) x10 0x0000001f
core   0: 0x80002f98 (0x340e56f3) csrrwi  a3, mscratch, 28
core   0: 3 0x80002f98 (0x340e56f3) x13 0x0000001f c832_mscratch 0x0000001c
core   0: 0x80002f9c (0x839e6c93) ori     s9, t3, -1991
core   0: 3 0x80002f9c (0x839e6c93) x25 0xfffff839
core   0: 0x80002fa0 (0x019de133) or      sp, s11, s9
core   0: 3 0x80002fa0 (0x019de133) x2  0xfffff839
core   0: 0x80002fa4 (0x01e4dc93) srli    s9, s1, 30
core   0: 3 0x80002fa4 (0x01e4dc93) x25 0x00000000
core   0: 0x80002fa8 (0xebb2c793) xori    a5, t0, -325
core   0: 3 0x80002fa8 (0xebb2c793) x15 0x8d88eebb
core   0: 0x80002fac (0x00000001) c.nop
core   0: 3 0x80002fac (0x0001)
core   0: 0x80002fae (0x03045233) divu    tp, s0, a6
core   0: 3 0x80002fae (0x03045233) x4  0xf0a6efc1
core   0: 0x80002fb2 (0x417954b3) sra     s1, s2, s7
core   0: 3 0x80002fb2 (0x417954b3) x9  0x00000000
core   0: 0x80002fb6 (0x0000717d) c.addi16sp sp, -16
core   0: 3 0x80002fb6 (0x717d) x2  0xfffff829
core   0: 0x80002fb8 (0x0077ddb3) srl     s11, a5, t2
core   0: 3 0x80002fb8 (0x0077ddb3) x27 0x8d88eebb
core   0: 0x80002fbc (0x00001a98) c.addi4spn a4, sp, 368
core   0: 3 0x80002fbc (0x1a98) x14 0xfffff999
core   0: 0x80002fbe (0x02130863) beq     t1, ra, pc + 48
core   0: 3 0x80002fbe (0x02130863)
core   0: 0x80002fc2 (0x0000e085) c.bnez  s1, pc + 32
core   0: 3 0x80002fc2 (0xe085)
core   0: 0x80002fc4 (0x180d7c93) andi    s9, s10, 384
core   0: 3 0x80002fc4 (0x180d7c93) x25 0x00000180
core   0: 0x80002fc8 (0x01430733) add     a4, t1, s4
core   0: 3 0x80002fc8 (0x01430733) x14 0x5bd48027
core   0: 0x80002fcc (0x34007073) csrci   mscratch, 0
core   0: 3 0x80002fcc (0x34007073)
core   0: 0x80002fd0 (0xd51b3813) sltiu   a6, s6, -687
core   0: 3 0x80002fd0 (0xd51b3813) x16 0x00000001
core   0: 0x80002fd4 (0x01fc3833) sltu    a6, s8, t6
core   0: 3 0x80002fd4 (0x01fc3833) x16 0x00000001
core   0: 0x80002fd8 (0x000086a6) c.mv    a3, s1
core   0: 3 0x80002fd8 (0x86a6) x13 0x00000000
core   0: 0x80002fda (0x03735b33) divu    s6, t1, s7
core   0: 3 0x80002fda (0x03735b33) x22 0xffffffff
core   0: 0x80002fde (0x02d0a8b3) mulhsu  a7, ra, a3
core   0: 3 0x80002fde (0x02d0a8b3) x17 0x00000000
core   0: 0x80002fe2 (0x00000212) c.slli  tp, 4
core   0: 3 0x80002fe2 (0x0212) x4  0x0a6efc10
core   0: 0x80002fe4 (0x00000001) c.nop
core   0: 3 0x80002fe4 (0x0001)
core   0: 0x80002fe6 (0x01d168b3) or      a7, sp, t4
core   0: 3 0x80002fe6 (0x01d168b3) x17 0xfffffd2d
core   0: 0x80002fea (0x3401d373) csrrwi  t1, mscratch, 3
core   0: 3 0x80002fea (0x3401d373) x6  0x0000001c c832_mscratch 0x00000003
core   0: 0x80002fee (0x019990b3) sll     ra, s3, s9
core   0: 3 0x80002fee (0x019990b3) x1  0x98000000
core   0: 0x80002ff2 (0xe95bad17) auipc   s10, 0xe95ba
core   0: 3 0x80002ff2 (0xe95bad17) x26 0x695bcff2
core   0: 0x80002ff6 (0x00009646) c.add   a2, a7
core   0: 3 0x80002ff6 (0x9646) x12 0xf0a6ecee
core   0: 0x80002ff8 (0x01a80233) add     tp, a6, s10
core   0: 3 0x80002ff8 (0x01a80233) x4  0x695bcff3
core   0: 0x80002ffc (0x00008495) c.srai  s1, 5
core   0: 3 0x80002ffc (0x8495) x9  0x00000000
core   0: 0x80002ffe (0x005fc033) xor     zero, t6, t0
core   0: 3 0x80002ffe (0x005fc033)
core   0: 0x80003002 (0x01675b63) bge     a4, s6, pc + 22
core   0: 3 0x80003002 (0x01675b63)
core   0: 0x80003018 (0x01ed2233) slt     tp, s10, t5
core   0: 3 0x80003018 (0x01ed2233) x4  0x00000000
core   0: 0x8000301c (0x03897d63) bgeu    s2, s8, pc + 58
core   0: 3 0x8000301c (0x03897d63)
core   0: 0x80003020 (0x00319593) slli    a1, gp, 3
core   0: 3 0x80003020 (0x00319593) x11 0x00000000
core   0: 0x80003024 (0x0000717d) c.addi16sp sp, -16
core   0: 3 0x80003024 (0x717d) x2  0xfffff819
core   0: 0x80003026 (0x340651f3) csrrwi  gp, mscratch, 12
core   0: 3 0x80003026 (0x340651f3) x3  0x00000003 c832_mscratch 0x0000000c
core   0: 0x8000302a (0x018c1663) bne     s8, s8, pc + 12
core   0: 3 0x8000302a (0x018c1663)
core   0: 0x8000302e (0x0000067e) c.slli  a2, 31
core   0: 3 0x8000302e (0x067e) x12 0x00000000
core   0: 0x80003030 (0x340ad973) csrrwi  s2, mscratch, 21
core   0: 3 0x80003030 (0x340ad973) x18 0x0000000c c832_mscratch 0x00000015
core   0: 0x80003034 (0x00008642) c.mv    a2, a6
core   0: 3 0x80003034 (0x8642) x12 0x00000001
core   0: 0x80003036 (0x0351da63) bge     gp, s5, pc + 52
core   0: 3 0x80003036 (0x0351da63)
core   0: 0x8000306a (0x0199e463) bltu    s3, s9, pc + 8
core   0: 3 0x8000306a (0x0199e463)
core   0: 0x8000306e (0x3403a573) csrrs   a0, mscratch, t2
core   0: 3 0x8000306e (0x3403a573) x10 0x00000015 c832_mscratch 0x0001b015
core   0: 0x80003072 (0x0000e481) c.bnez  s1, pc + 8
core   0: 3 0x80003072 (0xe481)
core   0: 0x80003074 (0x02a33bb3) mulhu   s7, t1, a0
core   0: 3 0x80003074 (0x02a33bb3) x23 0x00000000
core   0: 0x80003078 (0x00009932) c.add   s2, a2
core   0: 3 0x80003078 (0x9932) x18 0x0000000d
core   0: 0x8000307a (0x0000717d) c.addi16sp sp, -16
core   0: 3 0x8000307a (0x717d) x2  0xfffff809
core   0: 0x8000307c (0x00001918) c.addi4spn a4, sp, 176
core   0: 3 0x8000307c (0x1918) x14 0xfffff8b9
core   0: 0x8000307e (0x000082cd) c.srli  a3, 19
core   0: 3 0x8000307e (0x82cd) x13 0x00000000
core   0: 0x80003080 (0x0000577d) c.li    a4, -1
core   0: 3 0x80003080 (0x577d) x14 0xffffffff
core   0: 0x80003082 (0x01e0c1b3) xor     gp, ra, t5
core   0: 3 0x80003082 (0x01e0c1b3) x3  0x98000000
core   0: 0x80003086 (0x05096063) bltu    s2, a6, pc + 64
core   0: 3 0x80003086 (0x05096063)
core   0: 0x8000308a (0x031e1d33) mulh    s10, t3, a7
core   0: 3 0x8000308a (0x031e1d33) x26 0x00000000
core   0: 0x8000308e (0x00008ee9) c.and   a3, a0
core   0: 3 0x8000308e (0x8ee9) x13 0x00000000
core   0: 0x80003090 (0x00008a95) c.andi  a3, 5
core   0: 3 0x80003090 (0x8a95) x13 0x00000000
core   0: 0x80003092 (0x00ea8033) add     zero, s5, a4
core   0: 3 0x80003092 (0x00ea8033)
core   0: 0x80003096 (0x02c72633) mulhsu  a2, a4, a2
core   0: 3 0x80003096 (0x02c72633) x12 0xffffffff
core   0: 0x8000309a (0x03e52533) mulhsu  a0, a0, t5
core   0: 3 0x8000309a (0x03e52533) x10 0x00000000
core   0: 0x8000309e (0x0c8e3c93) sltiu   s9, t3, 200
core   0: 3 0x8000309e (0x0c8e3c93) x25 0x00000001
core   0: 0x800030a2 (0x340b3a73) csrrc   s4, mscratch, s6
core   0: 3 0x800030a2 (0x340b3a73) x20 0x0001b015 c832_mscratch 0x00000000
core   0: 0x800030a6 (0x02da8133) mul     sp, s5, a3
core   0: 3 0x800030a6 (0x02da8133) x2  0x00000000
core   0: 0x800030aa (0x00001f84) c.addi4spn s1, sp, 1008
core   0: 3 0x800030aa (0x1f84) x9  0x000003f0
core   0: 0x800030ac (0x02b54233) div     tp, a0, a1
core   0: 3 0x800030ac (0x02b54233) x4  0xffffffff
core   0: 0x800030b0 (0x033cc633) div     a2, s9, s3
core   0: 3 0x800030b0 (0x033cc633) x12 0x00000000
core   0: 0x800030b4 (0x025d14b3) mulh    s1, s10, t0
core   0: 3 0x800030b4 (0x025d14b3) x9  0x00000000
core   0: 0x800030b8 (0x00008c91) c.sub   s1, a2
core   0: 3 0x800030b8 (0x8c91) x9  0x00000000
core   0: 0x800030ba (0x00000fca) c.slli  t6, 18
core   0: 3 0x800030ba (0x0fca) x31 0xf3040000
core   0: 0x800030bc (0x05b97463) bgeu    s2, s11, pc + 72
core   0: 3 0x800030bc (0x05b97463)
core   0: 0x800030c0 (0x032f01b3) mul     gp, t5, s2
core   0: 3 0x800030c0 (0x032f01b3) x3  0x00000000
core   0: 0x800030c4 (0x0000817d) c.srli  a0, 31
core   0: 3 0x800030c4 (0x817d) x10 0x00000000
core   0: 0x800030c6 (0x000099ba) c.add   s3, a4
core   0: 3 0x800030c6 (0x99ba) x19 0x97ffffff
core   0: 0x800030c8 (0xa8480093) addi    ra, a6, -1404
core   0: 3 0x800030c8 (0xa8480093) x1  0xfffffa85
core   0: 0x800030cc (0x3e142a37) lui     s4, 0x3e142
core   0: 3 0x800030cc (0x3e142a37) x20 0x3e142000
core   0: 0x800030d0 (0x00008689) c.srai  a3, 2
core   0: 3 0x800030d0 (0x8689) x13 0x00000000
core   0: 0x800030d2 (0x023cfa33) remu    s4, s9, gp
core   0: 3 0x800030d2 (0x023cfa33) x20 0x00000001
core   0: 0x800030d6 (0xddf00213) li      tp, -545
core   0: 3 0x800030d6 (0xddf00213) x4  0xfffffddf
core   0: 0x800030da (0x0132a6b3) slt     a3, t0, s3
core   0: 3 0x800030da (0x0132a6b3) x13 0x00000000
core   0: 0x800030de (0x00008dfd) c.and   a1, a5
core   0: 3 0x800030de (0x8dfd) x11 0x00000000
core   0: 0x800030e0 (0x340020f3) csrr    ra, mscratch
core   0: 3 0x800030e0 (0x340020f3) x1  0x00000000
core   0: 0x800030e4 (0x01fe6533) or      a0, t3, t6
core   0: 3 0x800030e4 (0x01fe6533) x10 0xf3040000
core   0: 0x800030e8 (0x00241693) slli    a3, s0, 2
core   0: 3 0x800030e8 (0x00241693) x13 0xc29bbf04
core   0: 0x800030ec (0x01a21c93) slli    s9, tp, 26
core   0: 3 0x800030ec (0x01a21c93) x25 0x7c000000
core   0: 0x800030f0 (0x01045693) srli    a3, s0, 16
core   0: 3 0x800030f0 (0x01045693) x13 0x0000f0a6
core   0: 0x800030f4 (0x34007df3) csrrci  s11, mscratch, 0
core   0: 3 0x800030f4 (0x34007df3) x27 0x00000000
core   0: 0x800030f8 (0x6f8e6013) ori     zero, t3, 1784
core   0: 3 0x800030f8 (0x6f8e6013)
core   0: 0x800030fc (0x02a36863) bltu    t1, a0, pc + 48
core   0: 3 0x800030fc (0x02a36863)
core   0: 0x8000312c (0x91ddb913) sltiu   s2, s11, -1763
core   0: 3 0x8000312c (0x91ddb913) x18 0x00000001
core   0: 0x80003130 (0x4111d633) sra     a2, gp, a7
core   0: 3 0x80003130 (0x4111d633) x12 0x00000000
core   0: 0x80003134 (0x340068f3) csrrsi  a7, mscratch, 0
core   0: 3 0x80003134 (0x340068f3) x17 0x00000000
core   0: 0x80003138 (0x00008cdd) c.or    s1, a5
core   0: 3 0x80003138 (0x8cdd) x9  0x8d88eebb
core   0: 0x8000313a (0x038b8933) mul     s2, s7, s8
core   0: 3 0x8000313a (0x038b8933) x18 0x00000000
core   0: 0x8000313e (0x30b0a713) slti    a4, ra, 779
core   0: 3 0x8000313e (0x30b0a713) x14 0x00000001
core   0: 0x80003142 (0xde8afb93) andi    s7, s5, -536
core   0: 3 0x80003142 (0xde8afb93) x23 0xf0a6e9e0
core   0: 0x80003146 (0x00d02b33) slt     s6, zero, a3
core   0: 3 0x80003146 (0x00d02b33) x22 0x00000001
core   0: 0x8000314a (0x01671cb3) sll     s9, a4, s6
core   0: 3 0x8000314a (0x01671cb3) x25 0x00000002
core   0: 0x8000314e (0x03e69f33) mulh    t5, a3, t5
core   0: 3 0x8000314e (0x03e69f33) x30 0x00000000
core   0: 0x80003152 (0x021c9363) bne     s9, ra, pc + 38
core   0: 3 0x80003152 (0x021c9363)
core   0: 0x80003178 (0x017d1f93) slli    t6, s10, 23
core   0: 3 0x80003178 (0x017d1f93) x31 0x00000000
core   0: 0x8000317c (0xd50dff93) andi    t6, s11, -688
core   0: 3 0x8000317c (0xd50dff93) x31 0x00000000
core   0: 0x80003180 (0x00008d89) c.sub   a1, a0
core   0: 3 0x80003180 (0x8d89) x11 0x0cfc0000
core   0: 0x80003182 (0x00d5de13) srli    t3, a1, 13
core   0: 3 0x80003182 (0x00d5de13) x28 0x000067e0
core   0: 0x80003186 (0x0215fa33) remu    s4, a1, ra
core   0: 3 0x80003186 (0x0215fa33) x20 0x0cfc0000
core   0: 0x8000318a (0x77e13013) sltiu   zero, sp, 1918
core   0: 3 0x8000318a (0x77e13013)
core   0: 0x8000318e (0x411ed213) srai    tp, t4, 17
core   0: 3 0x8000318e (0x411ed213) x4  0xffffc001
core   0: 0x80003192 (0x02064bb3) div     s7, a2, zero
core   0: 3 0x80003192 (0x02064bb3) x23 0xffffffff
core   0: 0x80003196 (0x00001b10) c.addi4spn a2, sp, 432
core   0: 3 0x80003196 (0x1b10) x12 0x000001b0
core   0: 0x80003198 (0x01802ab3) slt     s5, zero, s8
core   0: 3 0x80003198 (0x01802ab3) x21 0x00000000
core   0: 0x8000319c (0x00000aa6) c.slli  s5, 9
core   0: 3 0x8000319c (0x0aa6) x21 0x00000000
core   0: 0x8000319e (0x03ba6233) rem     tp, s4, s11
core   0: 3 0x8000319e (0x03ba6233) x4  0x0cfc0000
core   0: 0x800031a2 (0x03994363) blt     s2, s9, pc + 38
core   0: 3 0x800031a2 (0x03994363)
core   0: 0x800031c8 (0x0000117d) c.addi  sp, -1
core   0: 3 0x800031c8 (0x117d) x2  0xffffffff
core   0: 0x800031ca (0x03959a33) mulh    s4, a1, s9
core   0: 3 0x800031ca (0x03959a33) x20 0x00000000
core   0: 0x800031ce (0x41fd5213) srai    tp, s10, 31
core   0: 3 0x800031ce (0x41fd5213) x4  0x00000000
core   0: 0x800031d2 (0x0000717d) c.addi16sp sp, -16
core   0: 3 0x800031d2 (0x717d) x2  0xffffffef
core   0: 0x800031d4 (0x0000ee8d) c.bnez  a3, pc + 58
core   0: 3 0x800031d4 (0xee8d)
core   0: 0x8000320e (0x0000c509) c.beqz  a0, pc + 10
core   0: 3 0x8000320e (0xc509)
core   0: 0x80003210 (0x40005b93) srai    s7, zero, 0
core   0: 3 0x80003210 (0x40005b93) x23 0x00000000
core   0: 0x80003214 (0x0258f633) remu    a2, a7, t0
core   0: 3 0x80003214 (0x0258f633) x12 0x00000000
core   0: 0x80003218 (0x0000100f) fence.i
core   0: 3 0x80003218 (0x0000100f)
core   0: 0x8000321c (0x02467663) bgeu    a2, tp, pc + 44
core   0: 3 0x8000321c (0x02467663)
core   0: 0x80003248 (0x00004691) c.li    a3, 4
core   0: 3 0x80003248 (0x4691) x13 0x00000004
core   0: 0x8000324a (0x00006aa5) c.lui   s5, 0x9
core   0: 3 0x8000324a (0x6aa5) x21 0x00009000
core   0: 0x8000324c (0x407452b3) sra     t0, s0, t2
core   0: 3 0x8000324c (0x407452b3) x5  0xf0a6efc1
core   0: 0x80003250 (0x2fb06713) ori     a4, zero, 763
core   0: 3 0x80003250 (0x2fb06713) x14 0x000002fb
core   0: 0x80003254 (0x4069d533) sra     a0, s3, t1
core   0: 3 0x80003254 (0x4069d533) x10 0xfffffff9
core   0: 0x80003258 (0x22e72193) slti    gp, a4, 558
core   0: 3 0x80003258 (0x22e72193) x3  0x00000000
core   0: 0x8000325c (0x0000871d) c.srai  a4, 7
core   0: 3 0x8000325c (0x871d) x14 0x00000005
core   0: 0x8000325e (0x00008761) c.srai  a4, 24
core   0: 3 0x8000325e (0x8761) x14 0x00000000
core   0: 0x80003260 (0x00009b7d) c.andi  a4, -1
core   0: 3 0x80003260 (0x9b7d) x14 0x00000000
core   0: 0x80003262 (0x00001218) c.addi4spn a4, sp, 288
core   0: 3 0x80003262 (0x1218) x14 0x0000010f
core   0: 0x80003264 (0x010b0563) beq     s6, a6, pc + 10
core   0: 3 0x80003264 (0x010b0563)
core   0: 0x8000326e (0x02b426b3) mulhsu  a3, s0, a1
core   0: 3 0x8000326e (0x02b426b3) x13 0xff38b791
core   0: 0x80003272 (0x0000634d) c.lui   t1, 0x13
core   0: 3 0x80003272 (0x634d) x6  0x00013000
core   0: 0x80003274 (0x40c48cb3) sub     s9, s1, a2
core   0: 3 0x80003274 (0x40c48cb3) x25 0x8d88eebb
core   0: 0x80003278 (0x34077573) csrrci  a0, mscratch, 14
core   0: 3 0x80003278 (0x34077573) x10 0x00000000 c832_mscratch 0x00000000
core   0: 0x8000327c (0x3406bbf3) csrrc   s7, mscratch, a3
core   0: 3 0x8000327c (0x3406bbf3) x23 0x00000000 c832_mscratch 0x00000000
core   0: 0x80003280 (0x00008cc1) c.or    s1, s0
core   0: 3 0x80003280 (0x8cc1) x9  0xfdaeeffb
core   0: 0x80003282 (0x0ff0000f) fence   iorw,iorw
core   0: 3 0x80003282 (0x0ff0000f)
core   0: 0x80003286 (0x00983b33) sltu    s6, a6, s1
core   0: 3 0x80003286 (0x00983b33) x22 0x00000001
core   0: 0x8000328a (0x340026f3) csrr    a3, mscratch
core   0: 3 0x8000328a (0x340026f3) x13 0x00000000
core   0: 0x8000328e (0x00008cd5) c.or    s1, a3
core   0: 3 0x8000328e (0x8cd5) x9  0xfdaeeffb
core   0: 0x80003290 (0x012af2b3) and     t0, s5, s2
core   0: 3 0x80003290 (0x012af2b3) x5  0x00000000
core   0: 0x80003294 (0x340c2af3) csrrs   s5, mscratch, s8
core   0: 3 0x80003294 (0x340c2af3) x21 0x00000000 c832_mscratch 0x80025ea4
core   0: 0x80003298 (0x03aed6b3) divu    a3, t4, s10
core   0: 3 0x80003298 (0x03aed6b3) x13 0xffffffff
core   0: 0x8000329c (0x013b5ab3) srl     s5, s6, s3
core   0: 3 0x8000329c (0x013b5ab3) x21 0x00000000
core   0: 0x800032a0 (0x34007873) csrrci  a6, mscratch, 0
core   0: 3 0x800032a0 (0x34007873) x16 0x80025ea4
core   0: 0x800032a4 (0x04656263) bltu    a0, t1, pc + 68
core   0: 3 0x800032a4 (0x04656263)
core   0: 0x800032e8 (0x6c24ea97) auipc   s5, 0x6c24e
core   0: 3 0x800032e8 (0x6c24ea97) x21 0xec2512e8
core   0: 0x800032ec (0xb0de41b7) lui     gp, 0xb0de4
core   0: 3 0x800032ec (0xb0de41b7) x3  0xb0de4000
core   0: 0x800032f0 (0x415f06b3) sub     a3, t5, s5
core   0: 3 0x800032f0 (0x415f06b3) x13 0x13daed18
core   0: 0x800032f4 (0x55250d13) addi    s10, a0, 1362
core   0: 3 0x800032f4 (0x55250d13) x26 0x00000552
core   0: 0x800032f8 (0x0ff0000f) fence   iorw,iorw
core   0: 3 0x800032f8 (0x0ff0000f)
core   0: 0x800032fc (0x00008ce9) c.and   s1, a0
core   0: 3 0x800032fc (0x8ce9) x9  0x00000000
core   0: 0x800032fe (0x00d3efb3) or      t6, t2, a3
core   0: 3 0x800032fe (0x00d3efb3) x31 0x13dbfd18
core   0: 0x80003302 (0x02fb9033) mulh    zero, s7, a5
core   0: 3 0x80003302 (0x02fb9033)
core   0: 0x80003306 (0xa76f7913) andi    s2, t5, -1418
core   0: 3 0x80003306 (0xa76f7913) x18 0x00000000
core   0: 0x8000330a (0x00d797b3) sll     a5, a5, a3
core   0: 3 0x8000330a (0x00d797b3) x15 0xbb000000
core   0: 0x8000330e (0x00008e81) c.sub   a3, s0
core   0: 3 0x8000330e (0x8e81) x13 0x2333fd57
core   0: 0x80003310 (0x34007df3) csrrci  s11, mscratch, 0
core   0: 3 0x80003310 (0x34007df3) x27 0x80025ea4
core   0: 0x80003314 (0x000061f5) c.lui   gp, 0x1d
core   0: 3 0x80003314 (0x61f5) x3  0x0001d000
core   0: 0x80003316 (0x00008ce5) c.and   s1, s1
core   0: 3 0x80003316 (0x8ce5) x9  0x00000000
core   0: 0x80003318 (0x00008939) c.andi  a0, 14
core   0: 3 0x80003318 (0x8939) x10 0x00000000
core   0: 0x8000331a (0x00009a32) c.add   s4, a2
core   0: 3 0x8000331a (0x9a32) x20 0x00000000
core   0: 0x8000331c (0x0099f0b3) and     ra, s3, s1
core   0: 3 0x8000331c (0x0099f0b3) x1  0x00000000
core   0: 0x80003320 (0x00000f42) c.slli  t5, 16
core   0: 3 0x80003320 (0x0f42) x30 0x00000000
core   0: 0x80003322 (0x00006119) c.addi16sp sp, 384
core   0: 3 0x80003322 (0x6119) x2  0x0000016f
core   0: 0x80003324 (0x7db7c613) xori    a2, a5, 2011
core   0: 3 0x80003324 (0x7db7c613) x12 0xbb0007db
core   0: 0x80003328 (0x0ff0000f) fence   iorw,iorw
core   0: 3 0x80003328 (0x0ff0000f)
core   0: 0x8000332c (0x0000892e) c.mv    s2, a1
core   0: 3 0x8000332c (0x892e) x18 0x0cfc0000
core   0: 0x8000332e (0x0000917a) c.add   sp, t5
core   0: 3 0x8000332e (0x917a) x2  0x0000016f
core   0: 0x80003330 (0x00008d25) c.xor   a0, s1
core   0: 3 0x80003330 (0x8d25) x10 0x00000000
core   0: 0x80003332 (0x033f39b3) mulhu   s3, t5, s3
core   0: 3 0x80003332 (0x033f39b3) x19 0x00000000
core   0: 0x80003336 (0x000082e5) c.srli  a3, 25
core   0: 3 0x80003336 (0x82e5) x13 0x00000011
core   0: 0x80003338 (0x02248933) mul     s2, s1, sp
core   0: 3 0x80003338 (0x02248933) x18 0x00000000
core   0: 0x8000333c (0x03279663) bne     a5, s2, pc + 44
core   0: 3 0x8000333c (0x03279663)
core   0: 0x80003368 (0x00008535) c.srai  a0, 13
core   0: 3 0x80003368 (0x8535) x10 0x00000000
core   0: 0x8000336a (0x00130263) beq     t1, ra, pc + 4
core   0: 3 0x8000336a (0x00130263)
core   0: 0x8000336e (0x02795563) bge     s2, t2, pc + 42
core   0: 3 0x8000336e (0x02795563)
core   0: 0x80003372 (0x019328b3) slt     a7, t1, s9
core   0: 3 0x80003372 (0x019328b3) x17 0x00000000
core   0: 0x80003376 (0x001adfb3) srl     t6, s5, ra
core   0: 3 0x80003376 (0x001adfb3) x31 0xec2512e8
core   0: 0x8000337a (0x4113d293) srai    t0, t2, 17
core   0: 3 0x8000337a (0x4113d293) x5  0x00000000
core   0: 0x8000337e (0x0121c663) blt     gp, s2, pc + 12
core   0: 3 0x8000337e (0x0121c663)
core   0: 0x80003382 (0xb2207013) andi    zero, zero, -1246
core   0: 3 0x80003382 (0xb2207013)
core   0: 0x80003386 (0xe8f4ddb7) lui     s11, 0xe8f4d
core   0: 3 0x80003386 (0xe8f4ddb7) x27 0xe8f4d000
core   0: 0x8000338a (0x00008d59) c.or    a0, a4
core   0: 3 0x8000338a (0x8d59) x10 0x0000010f
core   0: 0x8000338c (0x02ca4fb3) div     t6, s4, a2
core   0: 3 0x8000338c (0x02ca4fb3) x31 0x00000000
core   0: 0x80003390 (0x00e7d9b3) srl     s3, a5, a4
core   0: 3 0x80003390 (0x00e7d9b3) x19 0x00017600
core   0: 0x80003394 (0x01ce5f33) srl     t5, t3, t3
core   0: 3 0x80003394 (0x01ce5f33) x30 0x000067e0
core   0: 0x80003398 (0x0000717d) c.addi16sp sp, -16
core   0: 3 0x80003398 (0x717d) x2  0x0000015f
core   0: 0x8000339a (0x02a33233) mulhu   tp, t1, a0
core   0: 3 0x8000339a (0x02a33233) x4  0x00000000
core   0: 0x8000339e (0xdfc10b37) lui     s6, 0xdfc10
core   0: 3 0x8000339e (0xdfc10b37) x22 0xdfc10000
core   0: 0x800033a2 (0x00001f7d) c.addi  t5, -1
core   0: 3 0x800033a2 (0x1f7d) x30 0x000067df
core   0: 0x800033a4 (0xbdbf1a17) auipc   s4, 0xbdbf1
core   0: 3 0x800033a4 (0xbdbf1a17) x20 0x3dbf43a4
core   0: 0x800033a8 (0x0ff0000f) fence   iorw,iorw
core   0: 3 0x800033a8 (0x0ff0000f)
core   0: 0x800033ac (0x13abb317) auipc   t1, 0x13abb
core   0: 3 0x800033ac (0x13abb317) x6  0x93abe3ac
core   0: 0x800033b0 (0x0251d663) bge     gp, t0, pc + 44
core   0: 3 0x800033b0 (0x0251d663)
core   0: 0x800033dc (0x03590533) mul     a0, s2, s5
core   0: 3 0x800033dc (0x03590533) x10 0x00000000
core   0: 0x800033e0 (0x00ff1933) sll     s2, t5, a5
core   0: 3 0x800033e0 (0x00ff1933) x18 0x000067df
core   0: 0x800033e4 (0x0000100f) fence.i
core   0: 3 0x800033e4 (0x0000100f)
core   0: 0x800033e8 (0x509d3497) auipc   s1, 0x509d3
core   0: 3 0x800033e8 (0x509d3497) x9  0xd09d63e8
core   0: 0x800033ec (0x34075a73) csrrwi  s4, mscratch, 14
core   0: 3 0x800033ec (0x34075a73) x20 0x80025ea4 c832_mscratch 0x0000000e
core   0: 0x800033f0 (0x01f761b3) or      gp, a4, t6
core   0: 3 0x800033f0 (0x01f761b3) x3  0x0000010f
core   0: 0x800033f4 (0x00008d29) c.xor   a0, a0
core   0: 3 0x800033f4 (0x8d29) x10 0x00000000
core   0: 0x800033f6 (0x00e89a63) bne     a7, a4, pc + 20
core   0: 3 0x800033f6 (0x00e89a63)
core   0: 0x8000340a (0x8545a893) slti    a7, a1, -1964
core   0: 3 0x8000340a (0x8545a893) x17 0x00000000
core   0: 0x8000340e (0x00f8d233) srl     tp, a7, a5
core   0: 3 0x8000340e (0x00f8d233) x4  0x00000000
core   0: 0x80003412 (0x41005a93) srai    s5, zero, 16
core   0: 3 0x80003412 (0x41005a93) x21 0x00000000
core   0: 0x80003416 (0x340937f3) csrrc   a5, mscratch, s2
core   0: 3 0x80003416 (0x340937f3) x15 0x0000000e c832_mscratch 0x00000000
core   0: 0x8000341a (0x00006ad5) c.lui   s5, 0x15
core   0: 3 0x8000341a (0x6ad5) x21 0x00015000
core   0: 0x8000341c (0x0032c7b3) xor     a5, t0, gp
core   0: 3 0x8000341c (0x0032c7b3) x15 0x0000010f
core   0: 0x80003420 (0x00b09033) sll     zero, ra, a1
core   0: 3 0x80003420 (0x00b09033)
core   0: 0x80003424 (0x03ca6c63) bltu    s4, t3, pc + 56
core   0: 3 0x80003424 (0x03ca6c63)
core   0: 0x80003428 (0x000057fd) c.li    a5, -1
core   0: 3 0x80003428 (0x57fd) x15 0xffffffff
core   0: 0x8000342a (0x0000137d) c.addi  t1, -1
core   0: 3 0x8000342a (0x137d) x6  0x93abe3ab
core   0: 0x8000342c (0x00008ce6) c.mv    s9, s9
core   0: 3 0x8000342c (0x8ce6) x25 0x8d88eebb
core   0: 0x8000342e (0x038ed263) bge     t4, s8, pc + 36
core   0: 3 0x8000342e (0x038ed263)
core   0: 0x80003452 (0x00000001) c.nop
core   0: 3 0x80003452 (0x0001)
core   0: 0x80003454 (0x0000c88d) c.beqz  s1, pc + 50
core   0: 3 0x80003454 (0xc88d)
core   0: 0x80003456 (0x0125e333) or      t1, a1, s2
core   0: 3 0x80003456 (0x0125e333) x6  0x0cfc67df
core   0: 0x8000345a (0x0000ea15) c.bnez  a2, pc + 52
core   0: 3 0x8000345a (0xea15)
core   0: 0x8000348e (0x00008ec5) c.or    a3, s1
core   0: 3 0x8000348e (0x8ec5) x13 0xd09d63f9
core   0: 0x80003490 (0x0ff0000f) fence   iorw,iorw
core   0: 3 0x80003490 (0x0ff0000f)
core   0: 0x80003494 (0x00000fad) c.addi  t6, 11
core   0: 3 0x80003494 (0x0fad) x31 0x0000000b
core   0: 0x80003496 (0x40f68a33) sub     s4, a3, a5
core   0: 3 0x80003496 (0x40f68a33) x20 0xd09d63fa
core   0: 0x8000349a (0x010485b3) add     a1, s1, a6
core   0: 3 0x8000349a (0x010485b3) x11 0x509fc28c
core   0: 0x8000349e (0x0001cab3) xor     s5, gp, zero
core   0: 3 0x8000349e (0x0001cab3) x21 0x0000010f
core   0: 0x800034a2 (0x0000100f) fence.i
core   0: 3 0x800034a2 (0x0000100f)
core   0: 0x800034a6 (0x34045273) csrrwi  tp, mscratch, 8
core   0: 3 0x800034a6 (0x34045273) x4  0x00000000 c832_mscratch 0x00000008
core   0: 0x800034aa (0x9280c893) xori    a7, ra, -1752
core   0: 3 0x800034aa (0x9280c893) x17 0xfffff928
core   0: 0x800034ae (0x40715f93) srai    t6, sp, 7
core   0: 3 0x800034ae (0x40715f93) x31 0x00000002
core   0: 0x800034b2 (0x00b7cbb3) xor     s7, a5, a1
core   0: 3 0x800034b2 (0x00b7cbb3) x23 0xaf603d73
core   0: 0x800034b6 (0x00b060b3) or      ra, zero, a1
core   0: 3 0x800034b6 (0x00b060b3) x1  0x509fc28c
core   0: 0x800034ba (0x03fe5663) bge     t3, t6, pc + 44
core   0: 3 0x800034ba (0x03fe5663)
core   0: 0x800034e6 (0x00008a56) c.mv    s4, s5
core   0: 3 0x800034e6 (0x8a56) x20 0x0000010f
core   0: 0x800034e8 (0x015dfc63) bgeu    s11, s5, pc + 24
core   0: 3 0x800034e8 (0x015dfc63)
core   0: 0x80003500 (0x00008e49) c.or    a2, a0
core   0: 3 0x80003500 (0x8e49) x12 0xbb0007db
core   0: 0x80003502 (0x3401eff3) csrrsi  t6, mscratch, 3
core   0: 3 0x80003502 (0x3401eff3) x31 0x00000008 c832_mscratch 0x0000000b
core   0: 0x80003506 (0x03d44e63) blt     s0, t4, pc + 60
core   0: 3 0x80003506 (0x03d44e63)
core   0: 0x8000350a (0x00008eb5) c.xor   a3, a3
core   0: 3 0x8000350a (0x8eb5) x13 0x00000000
core   0: 0x8000350c (0x0ff0000f) fence   iorw,iorw
core   0: 3 0x8000350c (0x0ff0000f)
core   0: 0x80003510 (0x00008b1d) c.andi  a4, 7
core   0: 3 0x80003510 (0x8b1d) x14 0x00000007
core   0: 0x80003512 (0x022cea33) rem     s4, s9, sp
core   0: 3 0x80003512 (0x022cea33) x20 0xffffff12
core   0: 0x80003516 (0x00905133) srl     sp, zero, s1
core   0: 3 0x80003516 (0x00905133) x2  0x00000000
core   0: 0x8000351a (0x02e0fc63) bgeu    ra, a4, pc + 56
core   0: 3 0x8000351a (0x02e0fc63)
core   0: 0x80003552 (0xd8377b93) andi    s7, a4, -637
core   0: 3 0x80003552 (0xd8377b93) x23 0x00000003
core   0: 0x80003556 (0x00000116) c.slli  sp, 5
core   0: 3 0x80003556 (0x0116) x2  0x00000000
core   0: 0x80003558 (0x00012117) auipc   sp, 0x12
core   0: 3 0x80003558 (0x00012117) x2  0x80015558
core   0: 0x8000355c (0xaf910113) addi    sp, sp, -1287
core   0: 3 0x8000355c (0xaf910113) x2  0x80015051
core   0: 0x80003560 (0xad3107a3) sb      s3, -1329(sp)
core   0: 3 0x80003560 (0xad3107a3) mem 0x80014b20 0x00
core   0: 0x80003564 (0x86d10d03) lb      s10, -1939(sp)
core   0: 3 0x80003564 (0x86d10d03) x26 0x00000000 mem 0x800148be
core   0: 0x80003568 (0x00000001) c.nop
core   0: 3 0x80003568 (0x0001)
core   0: 0x8000356a (0x00006f5d) c.lui   t5, 0x17
core   0: 3 0x8000356a (0x6f5d) x30 0x00017000
core   0: 0x8000356c (0xac814203) lbu     tp, -1336(sp)
core   0: 3 0x8000356c (0xac814203) x4  0x00000000 mem 0x80014b19
core   0: 0x80003570 (0xeee14203) lbu     tp, -274(sp)
core   0: 3 0x80003570 (0xeee14203) x4  0x00000000 mem 0x80014f3f
core   0: 0x80003574 (0x0118d833) srl     a6, a7, a7
core   0: 3 0x80003574 (0x0118d833) x16 0x00fffff9
core   0: 0x80003578 (0xa7a10683) lb      a3, -1414(sp)
core   0: 3 0x80003578 (0xa7a10683) x13 0x00000000 mem 0x80014acb
core   0: 0x8000357c (0x00000715) c.addi  a4, 5
core   0: 3 0x8000357c (0x0715) x14 0x0000000c
core   0: 0x8000357e (0x000062e5) c.lui   t0, 0x19
core   0: 3 0x8000357e (0x62e5) x5  0x00019000
core   0: 0x80003580 (0x6ac68693) addi    a3, a3, 1708
core   0: 3 0x80003580 (0x6ac68693) x13 0x000006ac
core   0: 0x80003584 (0x01820bb3) add     s7, tp, s8
core   0: 3 0x80003584 (0x01820bb3) x23 0x80025ea4
core   0: 0x80003588 (0x01941d33) sll     s10, s0, s9
core   0: 3 0x80003588 (0x01941d33) x26 0x08000000
core   0: 0x8000358c (0x340c69f3) csrrsi  s3, mscratch, 24
core   0: 3 0x8000358c (0x340c69f3) x19 0x0000000b c832_mscratch 0x0000001b
core   0: 0x80003590 (0x0000100f) fence.i
core   0: 3 0x80003590 (0x0000100f)
core   0: 0x80003594 (0xf9410b83) lb      s7, -108(sp)
core   0: 3 0x80003594 (0xf9410b83) x23 0x00000000 mem 0x80014fe5
core   0: 0x80003598 (0xfd511aa3) sh      s5, -43(sp)
core   0: 3 0x80003598 (0xfd511aa3) mem 0x80015026 0x010f
core   0: 0x8000359c (0x36e10b23) sb      a4, 886(sp)
core   0: 3 0x8000359c (0x36e10b23) mem 0x800153c7 0x0c
core   0: 0x800035a0 (0x77b15783) lhu     a5, 1915(sp)
core   0: 3 0x800035a0 (0x77b15783) x15 0x00000000 mem 0x800157cc
core   0: 0x800035a4 (0x67f12483) lw      s1, 1663(sp)
core   0: 3 0x800035a4 (0x67f12483) x9  0x00000000 mem 0x800156d0
core   0: 0x800035a8 (0x9ce11ba3) sh      a4, -1577(sp)
core   0: 3 0x800035a8 (0x9ce11ba3) mem 0x80014a28 0x000c
core   0: 0x800035ac (0x41115983) lhu     s3, 1041(sp)
core   0: 3 0x800035ac (0x41115983) x19 0x00000000 mem 0x80015462
core   0: 0x800035b0 (0xda810a83) lb      s5, -600(sp)
core   0: 3 0x800035b0 (0xda810a83) x21 0x00000000 mem 0x80014df9
core   0: 0x800035b4 (0x02632db3) mulhsu  s11, t1, t1
core   0: 3 0x800035b4 (0x02632db3) x27 0x00a8a299
core   0: 0x800035b8 (0x00000001) c.nop
core   0: 3 0x800035b8 (0x0001)
core   0: 0x800035ba (0x2137a613) slti    a2, a5, 531
core   0: 3 0x800035ba (0x2137a613) x12 0x00000001
core   0: 0x800035be (0xf2c14683) lbu     a3, -212(sp)
core   0: 3 0x800035be (0xf2c14683) x13 0x00000000 mem 0x80014f7d
core   0: 0x800035c2 (0x000006f6) c.slli  a3, 29
core   0: 3 0x800035c2 (0x06f6) x13 0x00000000
core   0: 0x800035c4 (0x03cab233) mulhu   tp, s5, t3
core   0: 3 0x800035c4 (0x03cab233) x4  0x00000000
core   0: 0x800035c8 (0x10310483) lb      s1, 259(sp)
core   0: 3 0x800035c8 (0x10310483) x9  0x00000000 mem 0x80015154
core   0: 0x800035cc (0x340a17f3) csrrw   a5, mscratch, s4
core   0: 3 0x800035cc (0x340a17f3) x15 0x0000001b c832_mscratch 0xffffff12
core   0: 0x800035d0 (0x57712483) lw      s1, 1399(sp)
core   0: 3 0x800035d0 (0x57712483) x9  0x00000000 mem 0x800155c8
core   0: 0x800035d4 (0xae247a13) andi    s4, s0, -1310
core   0: 3 0x800035d4 (0xae247a13) x20 0xf0a6eac0
core   0: 0x800035d8 (0x8df10323) sb      t6, -1850(sp)
core   0: 3 0x800035d8 (0x8df10323) mem 0x80014917 0x08
core   0: 0x800035dc (0x52710503) lb      a0, 1319(sp)
core   0: 3 0x800035dc (0x52710503) x10 0x00000000 mem 0x80015578
core   0: 0x800035e0 (0x000080f1) c.srli  s1, 28
core   0: 3 0x800035e0 (0x80f1) x9  0x00000000
core   0: 0x800035e2 (0x00ee04b3) add     s1, t3, a4
core   0: 3 0x800035e2 (0x00ee04b3) x9  0x000067ec
core   0: 0x800035e6 (0x00008fc2) c.mv    t6, a6
core   0: 3 0x800035e6 (0x8fc2) x31 0x00fffff9
core   0: 0x800035e8 (0x5f914803) lbu     a6, 1529(sp)
core   0: 3 0x800035e8 (0x5f914803) x16 0x00000000 mem 0x8001564a
core   0: 0x800035ec (0x7bc14183) lbu     gp, 1980(sp)
core   0: 3 0x800035ec (0x7bc14183) x3  0x00000000 mem 0x8001580d
core   0: 0x800035f0 (0x403bda93) srai    s5, s7, 3
core   0: 3 0x800035f0 (0x403bda93) x21 0x00000000
core   0: 0x800035f4 (0x01ed9393) slli    t2, s11, 30
core   0: 3 0x800035f4 (0x01ed9393) x7  0x40000000
core   0: 0x800035f8 (0x03618033) mul     zero, gp, s6
core   0: 3 0x800035f8 (0x03618033)
core   0: 0x800035fc (0x03e24733) div     a4, tp, t5
core   0: 3 0x800035fc (0x03e24733) x14 0x00000000
core   0: 0x80003600 (0x340492f3) csrrw   t0, mscratch, s1
core   0: 3 0x80003600 (0x340492f3) x5  0xffffff12 c832_mscratch 0x000067ec
core   0: 0x80003604 (0x0187dd13) srli    s10, a5, 24
core   0: 3 0x80003604 (0x0187dd13) x26 0x00000000
core   0: 0x80003608 (0x0000197d) c.addi  s2, -1
core   0: 3 0x80003608 (0x197d) x18 0x000067de
core   0: 0x8000360a (0x41805c93) srai    s9, zero, 24
core   0: 3 0x8000360a (0x41805c93) x25 0x00000000
core   0: 0x8000360e (0x0000c089) c.beqz  s1, pc + 2
core   0: 3 0x8000360e (0xc089)
core   0: 0x80003610 (0x010934b3) sltu    s1, s2, a6
core   0: 3 0x80003610 (0x010934b3) x9  0x00000000
core   0: 0x80003614 (0x017c39b3) sltu    s3, s8, s7
core   0: 3 0x80003614 (0x017c39b3) x19 0x00000000
core   0: 0x80003618 (0x00000001) c.nop
core   0: 3 0x80003618 (0x0001)
core   0: 0x8000361a (0x1498b6b7) lui     a3, 0x1498b
core   0: 3 0x8000361a (0x1498b6b7) x13 0x1498b000
core   0: 0x8000361e (0x00000ca6) c.slli  s9, 9
core   0: 3 0x8000361e (0x0ca6) x25 0x00000000
core   0: 0x80003620 (0x00000001) c.nop
core   0: 3 0x80003620 (0x0001)
core   0: 0x80003622 (0x0f37b513) sltiu   a0, a5, 243
core   0: 3 0x80003622 (0x0f37b513) x10 0x00000001
core   0: 0x80003626 (0x01cb80b3) add     ra, s7, t3
core   0: 3 0x80003626 (0x01cb80b3) x1  0x000067e0
core   0: 0x8000362a (0x032cd533) divu    a0, s9, s2
core   0: 3 0x8000362a (0x032cd533) x10 0x00000000
core   0: 0x8000362e (0x340076f3) csrrci  a3, mscratch, 0
core   0: 3 0x8000362e (0x340076f3) x13 0x000067ec
core   0: 0x80003632 (0x029f7d33) remu    s10, t5, s1
core   0: 3 0x80003632 (0x029f7d33) x26 0x00017000
core   0: 0x80003636 (0x00bbee63) bltu    s7, a1, pc + 28
core   0: 3 0x80003636 (0x00bbee63)
core   0: 0x80003652 (0x3406f173) csrrci  sp, mscratch, 13
core   0: 3 0x80003652 (0x3406f173) x2  0x000067ec c832_mscratch 0x000067e0
core   0: 0x80003656 (0x0000c589) c.beqz  a1, pc + 10
core   0: 3 0x80003656 (0xc589)
core   0: 0x80003658 (0x0384e6b3) rem     a3, s1, s8
core   0: 3 0x80003658 (0x0384e6b3) x13 0x00000000
core   0: 0x8000365c (0xf5a9e693) ori     a3, s3, -166
core   0: 3 0x8000365c (0xf5a9e693) x13 0xffffff5a
core   0: 0x80003660 (0x00b2c7b3) xor     a5, t0, a1
core   0: 3 0x80003660 (0x00b2c7b3) x15 0xaf603d9e
core   0: 0x80003664 (0x00008ca5) c.xor   s1, s1
core   0: 3 0x80003664 (0x8ca5) x9  0x00000000
core   0: 0x80003666 (0xa7e15037) lui     zero, 0xa7e15
core   0: 3 0x80003666 (0xa7e15037)
core   0: 0x8000366a (0x000046fd) c.li    a3, 31
core   0: 3 0x8000366a (0x46fd) x13 0x0000001f
core   0: 0x8000366c (0x00009b7d) c.andi  a4, -1
core   0: 3 0x8000366c (0x9b7d) x14 0x00000000
core   0: 0x8000366e (0x00008f0d) c.sub   a4, a1
core   0: 3 0x8000366e (0x8f0d) x14 0xaf603d74
core   0: 0x80003670 (0xeaa77293) andi    t0, a4, -342
core   0: 3 0x80003670 (0xeaa77293) x5  0xaf603c20
core   0: 0x80003674 (0x024233b3) mulhu   t2, tp, tp
core   0: 3 0x80003674 (0x024233b3) x7  0x00000000
core   0: 0x80003678 (0x340bb4f3) csrrc   s1, mscratch, s7
core   0: 3 0x80003678 (0x340bb4f3) x9  0x000067e0 c832_mscratch 0x000067e0
core   0: 0x8000367c (0x00000001) c.nop
core   0: 3 0x8000367c (0x0001)
core   0: 0x8000367e (0x04511063) bne     sp, t0, pc + 64
core   0: 3 0x8000367e (0x04511063)
core   0: 0x800036be (0x00008ace) c.mv    s5, s3
core   0: 3 0x800036be (0x8ace) x21 0x00000000
core   0: 0x800036c0 (0x02974a33) div     s4, a4, s1
core   0: 3 0x800036c0 (0x02974a33) x20 0xffff394e
core   0: 0x800036c4 (0x02cfdab3) divu    s5, t6, a2
core   0: 3 0x800036c4 (0x02cfdab3) x21 0x00fffff9
core   0: 0x800036c8 (0x000085b5) c.srai  a1, 13
core   0: 3 0x800036c8 (0x85b5) x11 0x000284fe
core   0: 0x800036ca (0x00009dfe) c.add   s11, t6
core   0: 3 0x800036ca (0x9dfe) x27 0x01a8a292
core   0: 0x800036cc (0x00008d01) c.sub   a0, s0
core   0: 3 0x800036cc (0x8d01) x10 0x0f59103f
core   0: 0x800036ce (0x01449633) sll     a2, s1, s4
core   0: 3 0x800036ce (0x01449633) x12 0x19f80000
core   0: 0x800036d2 (0x3404ab73) csrrs   s6, mscratch, s1
core   0: 3 0x800036d2 (0x3404ab73) x22 0x000067e0 c832_mscratch 0x000067e0
core   0: 0x800036d6 (0x0000825d) c.srli  a2, 23
core   0: 3 0x800036d6 (0x825d) x12 0x00000033
core   0: 0x800036d8 (0x00006129) c.addi16sp sp, 192
core   0: 3 0x800036d8 (0x6129) x2  0x000068ac
core   0: 0x800036da (0x00009a7d) c.andi  a2, -1
core   0: 3 0x800036da (0x9a7d) x12 0x00000033
core   0: 0x800036dc (0x03a3acb3) mulhsu  s9, t2, s10
core   0: 3 0x800036dc (0x03a3acb3) x25 0x00000000
core   0: 0x800036e0 (0x02c81a63) bne     a6, a2, pc + 52
core   0: 3 0x800036e0 (0x02c81a63)
core   0: 0x80003714 (0x34055173) csrrwi  sp, mscratch, 10
core   0: 3 0x80003714 (0x34055173) x2  0x000067e0 c832_mscratch 0x0000000a
core   0: 0x80003718 (0x40c88cb3) sub     s9, a7, a2
core   0: 3 0x80003718 (0x40c88cb3) x25 0xfffff8f5
core   0: 0x8000371c (0x0ff0000f) fence   iorw,iorw
core   0: 3 0x8000371c (0x0ff0000f)
core   0: 0x80003720 (0x002299b3) sll     s3, t0, sp
core   0: 3 0x80003720 (0x002299b3) x19 0xaf603c20
core   0: 0x80003724 (0x014faab3) slt     s5, t6, s4
core   0: 3 0x80003724 (0x014faab3) x21 0x00000000
core   0: 0x80003728 (0x013c9ab3) sll     s5, s9, s3
core   0: 3 0x80003728 (0x013c9ab3) x21 0xfffff8f5
core   0: 0x8000372c (0x000041a5) c.li    gp, 9
core   0: 3 0x8000372c (0x41a5) x3  0x00000009
core   0: 0x8000372e (0x0b188693) addi    a3, a7, 177
core   0: 3 0x8000372e (0x0b188693) x13 0xfffff9d9
core   0: 0x80003732 (0x000b6033) or      zero, s6, zero
core   0: 3 0x80003732 (0x000b6033)
core   0: 0x80003736 (0x00000551) c.addi  a0, 20
core   0: 3 0x80003736 (0x0551) x10 0x0f591053
core   0: 0x80003738 (0x00008e3a) c.mv    t3, a4
core   0: 3 0x80003738 (0x8e3a) x28 0xaf603d74
core   0: 0x8000373a (0x018f5913) srli    s2, t5, 24
core   0: 3 0x8000373a (0x018f5913) x18 0x00000000
core   0: 0x8000373e (0x0000100f) fence.i
core   0: 3 0x8000373e (0x0000100f)
core   0: 0x80003742 (0x006bab33) slt     s6, s7, t1
core   0: 3 0x80003742 (0x006bab33) x22 0x00000001
core   0: 0x80003746 (0x02ba26b3) mulhsu  a3, s4, a1
core   0: 3 0x80003746 (0x02ba26b3) x13 0xfffffffe
core   0: 0x8000374a (0x000081e9) c.srli  a1, 26
core   0: 3 0x8000374a (0x81e9) x11 0x00000000
core   0: 0x8000374c (0x00000001) c.nop
core   0: 3 0x8000374c (0x0001)
core   0: 0x8000374e (0x01866833) or      a6, a2, s8
core   0: 3 0x8000374e (0x01866833) x16 0x80025eb7
core   0: 0x80003752 (0x031c6833) rem     a6, s8, a7
core   0: 3 0x80003752 (0x031c6833) x16 0xffffffc4
core   0: 0x80003756 (0x042b0063) beq     s6, sp, pc + 64
core   0: 3 0x80003756 (0x042b0063)
core   0: 0x8000375a (0x000054fd) c.li    s1, -1
core   0: 3 0x8000375a (0x54fd) x9  0xffffffff
core   0: 0x8000375c (0x0130f633) and     a2, ra, s3
core   0: 3 0x8000375c (0x0130f633) x12 0x00002420
core   0: 0x80003760 (0x3a3fe913) ori     s2, t6, 931
core   0: 3 0x80003760 (0x3a3fe913) x18 0x00fffffb
core   0: 0x80003764 (0x3256a593) slti    a1, a3, 805
core   0: 3 0x80003764 (0x3256a593) x11 0x00000001
core   0: 0x80003768 (0x00e80663) beq     a6, a4, pc + 12
core   0: 3 0x80003768 (0x00e80663)
core   0: 0x8000376c (0x922a4317) auipc   t1, 0x922a4
core   0: 3 0x8000376c (0x922a4317) x6  0x122a776c
core   0: 0x80003770 (0x035ef833) remu    a6, t4, s5
core   0: 3 0x80003770 (0x035ef833) x16 0x80029d24
core   0: 0x80003774 (0x00008672) c.mv    a2, t3
core   0: 3 0x80003774 (0x8672) x12 0xaf603d74
core   0: 0x80003776 (0x0d4d5617) auipc   a2, 0xd4d5
core   0: 3 0x80003776 (0x0d4d5617) x12 0x8d4d8776
core   0: 0x8000377a (0x02a463b3) rem     t2, s0, a0
core   0: 3 0x8000377a (0x02a463b3) x7  0xf0a6efc1
core   0: 0x8000377e (0x340061f3) csrrsi  gp, mscratch, 0
core   0: 3 0x8000377e (0x340061f3) x3  0x0000000a
core   0: 0x80003782 (0x02cb7e33) remu    t3, s6, a2
core   0: 3 0x80003782 (0x02cb7e33) x28 0x00000001
core   0: 0x80003786 (0x7f342e13) slti    t3, s0, 2035
core   0: 3 0x80003786 (0x7f342e13) x28 0x00000001
core   0: 0x8000378a (0x414cdd93) srai    s11, s9, 20
core   0: 3 0x8000378a (0x414cdd93) x27 0xffffffff
core   0: 0x8000378e (0x340addf3) csrrwi  s11, mscratch, 21
core   0: 3 0x8000378e (0x340addf3) x27 0x0000000a c832_mscratch 0x00000015
core   0: 0x80003792 (0x01fad733) srl     a4, s5, t6
core   0: 3 0x80003792 (0x01fad733) x14 0x0000007f
core   0: 0x80003796 (0x01739863) bne     t2, s7, pc + 16
core   0: 3 0x80003796 (0x01739863)
core   0: 0x800037a6 (0x340062f3) csrrsi  t0, mscratch, 0
core   0: 3 0x800037a6 (0x340062f3) x5  0x00000015
core   0: 0x800037aa (0x7a243793) sltiu   a5, s0, 1954
core   0: 3 0x800037aa (0x7a243793) x15 0x00000000
core   0: 0x800037ae (0x340e5cf3) csrrwi  s9, mscratch, 28
core   0: 3 0x800037ae (0x340e5cf3) x25 0x00000015 c832_mscratch 0x0000001c
core   0: 0x800037b2 (0x340d1073) csrw    mscratch, s10
core   0: 3 0x800037b2 (0x340d1073) c832_mscratch 0x00017000
core   0: 0x800037b6 (0x03d989b3) mul     s3, s3, t4
core   0: 3 0x800037b6 (0x03d989b3) x19 0x26a81480
core   0: 0x800037ba (0x00004af5) c.li    s5, 29
core   0: 3 0x800037ba (0x4af5) x21 0x0000001d
core   0: 0x800037bc (0x7f183713) sltiu   a4, a6, 2033
core   0: 3 0x800037bc (0x7f183713) x14 0x00000000
core   0: 0x800037c0 (0x000064a5) c.lui   s1, 0x9
core   0: 3 0x800037c0 (0x64a5) x9  0x00009000
core   0: 0x800037c2 (0x00008c95) c.sub   s1, a3
core   0: 3 0x800037c2 (0x8c95) x9  0x00009002
core   0: 0x800037c4 (0x00d807b3) add     a5, a6, a3
core   0: 3 0x800037c4 (0x00d807b3) x15 0x80029d22
core   0: 0x800037c8 (0x41b18033) sub     zero, gp, s11
core   0: 3 0x800037c8 (0x41b18033)
core   0: 0x800037cc (0x00000a42) c.slli  s4, 16
core   0: 3 0x800037cc (0x0a42) x20 0x394e0000
core   0: 0x800037ce (0x007459b3) srl     s3, s0, t2
core   0: 3 0x800037ce (0x007459b3) x19 0x785377e0
core   0: 0x800037d2 (0x00001808) c.addi4spn a0, sp, 48
core   0: 3 0x800037d2 (0x1808) x10 0x00006810
core   0: 0x800037d4 (0x00000cd5) c.addi  s9, 21
core   0: 3 0x800037d4 (0x0cd5) x25 0x0000002a
core   0: 0x800037d6 (0x03e6d333) divu    t1, a3, t5
core   0: 3 0x800037d6 (0x03e6d333) x6  0x0000b216
core   0: 0x800037da (0x34069073) csrw    mscratch, a3
core   0: 3 0x800037da (0x34069073) c832_mscratch 0xfffffffe
core   0: 0x800037de (0x00009b7d) c.andi  a4, -1
core   0: 3 0x800037de (0x9b7d) x14 0x00000000
core   0: 0x800037e0 (0x002cda13) srli    s4, s9, 2
core   0: 3 0x800037e0 (0x002cda13) x20 0x0000000a
core   0: 0x800037e4 (0x00175963) bge     a4, ra, pc + 18
core   0: 3 0x800037e4 (0x00175963)
core   0: 0x800037e8 (0x95bbb793) sltiu   a5, s7, -1701
core   0: 3 0x800037e8 (0x95bbb793) x15 0x00000001
core   0: 0x800037ec (0x0000075a) c.slli  a4, 22
core   0: 3 0x800037ec (0x075a) x14 0x00000000
core   0: 0x800037ee (0x0ff0000f) fence   iorw,iorw
core   0: 3 0x800037ee (0x0ff0000f)
core   0: 0x800037f2 (0x000019fd) c.addi  s3, -1
core   0: 3 0x800037f2 (0x19fd) x19 0x785377df
core   0: 0x800037f4 (0x00000c9c) c.addi4spn a5, sp, 592
core   0: 3 0x800037f4 (0x0c9c) x15 0x00006a30
core   0: 0x800037f6 (0x03f6cab3) div     s5, a3, t6
core   0: 3 0x800037f6 (0x03f6cab3) x21 0x00000000
core   0: 0x800037fa (0x02330cb3) mul     s9, t1, gp
core   0: 3 0x800037fa (0x02330cb3) x25 0x0006f4dc
core   0: 0x800037fe (0x009814b3) sll     s1, a6, s1
core   0: 3 0x800037fe (0x009814b3) x9  0x000a7490
core   0: 0x80003802 (0x00000001) c.nop
core   0: 3 0x80003802 (0x0001)
core   0: 0x80003804 (0x0000897e) c.mv    s2, t6
core   0: 3 0x80003804 (0x897e) x18 0x00fffff9
core   0: 0x80003806 (0x00000c9a) c.slli  s9, 6
core   0: 3 0x80003806 (0x0c9a) x25 0x01bd3700
core   0: 0x80003808 (0x010a9663) bne     s5, a6, pc + 12
core   0: 3 0x80003808 (0x010a9663)
core   0: 0x80003814 (0x39dd8913) addi    s2, s11, 925
core   0: 3 0x80003814 (0x39dd8913) x18 0x000003a7
core   0: 0x80003818 (0x012e8563) beq     t4, s2, pc + 10
core   0: 3 0x80003818 (0x012e8563)
core   0: 0x8000381c (0x0ff0000f) fence   iorw,iorw
core   0: 3 0x8000381c (0x0ff0000f)
core   0: 0x80003820 (0x00008ea5) c.xor   a3, s1
core   0: 3 0x80003820 (0x8ea5) x13 0xfff58b6e
core   0: 0x80003822 (0x3406ae73) csrrs   t3, mscratch, a3
core   0: 3 0x80003822 (0x3406ae73) x28 0xfffffffe c832_mscratch 0xfffffffe
core   0: 0x80003826 (0x00fd2e33) slt     t3, s10, a5
core   0: 3 0x80003826 (0x00fd2e33) x28 0x00000000
core   0: 0x8000382a (0x0000100f) fence.i
core   0: 3 0x8000382a (0x0000100f)
core   0: 0x8000382e (0x675bae13) slti    t3, s7, 1653
core   0: 3 0x8000382e (0x675bae13) x28 0x00000001
core   0: 0x80003832 (0x00008499) c.srai  s1, 6
core   0: 3 0x80003832 (0x8499) x9  0x000029d2
core   0: 0x80003834 (0x035a6a33) rem     s4, s4, s5
core   0: 3 0x80003834 (0x035a6a33) x20 0x0000000a
core   0: 0x80003838 (0x000054fd) c.li    s1, -1
core   0: 3 0x80003838 (0x54fd) x9  0xffffffff
core   0: 0x8000383a (0x00009312) c.add   t1, tp
core   0: 3 0x8000383a (0x9312) x6  0x0000b216
core   0: 0x8000383c (0x02f7e663) bltu    a5, a5, pc + 44
core   0: 3 0x8000383c (0x02f7e663)
core   0: 0x80003840 (0xa859f013) andi    zero, s3, -1403
core   0: 3 0x80003840 (0xa859f013)
core   0: 0x80003844 (0x00008f0d) c.sub   a4, a1
core   0: 3 0x80003844 (0x8f0d) x14 0xffffffff
core   0: 0x80003846 (0x036136b3) mulhu   a3, sp, s6
core   0: 3 0x80003846 (0x036136b3) x13 0x00000000
core   0: 0x8000384a (0x00008d85) c.sub   a1, s1
core   0: 3 0x8000384a (0x8d85) x11 0x00000002
core   0: 0x8000384c (0x20a8b293) sltiu   t0, a7, 522
core   0: 3 0x8000384c (0x20a8b293) x5  0x00000000
core   0: 0x80003850 (0x00000001) c.nop
core   0: 3 0x80003850 (0x0001)
core   0: 0x80003852 (0x00006165) c.addi16sp sp, 112
core   0: 3 0x80003852 (0x6165) x2  0x00006850
core   0: 0x80003854 (0x00006245) c.lui   tp, 0x11
core   0: 3 0x80003854 (0x6245) x4  0x00011000
core   0: 0x80003856 (0x029e4e33) div     t3, t3, s1
core   0: 3 0x80003856 (0x029e4e33) x28 0xffffffff
core   0: 0x8000385a (0x02c9d463) bge     s3, a2, pc + 40
core   0: 3 0x8000385a (0x02c9d463)
core   0: 0x80003882 (0x01ee0fb3) add     t6, t3, t5
core   0: 3 0x80003882 (0x01ee0fb3) x31 0x00016fff
core   0: 0x80003886 (0x01d85613) srli    a2, a6, 29
core   0: 3 0x80003886 (0x01d85613) x12 0x00000004
core   0: 0x8000388a (0x0000100f) fence.i
core   0: 3 0x8000388a (0x0000100f)
core   0: 0x8000388e (0x00008cd9) c.or    s1, a4
core   0: 3 0x8000388e (0x8cd9) x9  0xffffffff
core   0: 0x80003890 (0x0153f733) and     a4, t2, s5
core   0: 3 0x80003890 (0x0153f733) x14 0x00000000
core   0: 0x80003894 (0x01196bb3) or      s7, s2, a7
core   0: 3 0x80003894 (0x01196bb3) x23 0xfffffbaf
core   0: 0x80003898 (0x00008cad) c.xor   s1, a1
core   0: 3 0x80003898 (0x8cad) x9  0xfffffffd
core   0: 0x8000389a (0x00000e6e) c.slli  t3, 27
core   0: 3 0x8000389a (0x0e6e) x28 0xf8000000
core   0: 0x8000389c (0x00b29b33) sll     s6, t0, a1
core   0: 3 0x8000389c (0x00b29b33) x22 0x00000000
core   0: 0x800038a0 (0x340e10f3) csrrw   ra, mscratch, t3
core   0: 3 0x800038a0 (0x340e10f3) x1  0xfffffffe c832_mscratch 0xf8000000
core   0: 0x800038a4 (0x000007fe) c.slli  a5, 31
core   0: 3 0x800038a4 (0x07fe) x15 0x00000000
core   0: 0x800038a6 (0x0000e199) c.bnez  a1, pc + 6
core   0: 3 0x800038a6 (0xe199)
core   0: 0x800038ac (0x000080a5) c.srli  s1, 9
core   0: 3 0x800038ac (0x80a5) x9  0x007fffff
core   0: 0x800038ae (0x037f6533) rem     a0, t5, s7
core   0: 3 0x800038ae (0x037f6533) x10 0x0000011b
core   0: 0x800038b2 (0x018f6963) bltu    t5, s8, pc + 18
core   0: 3 0x800038b2 (0x018f6963)
core   0: 0x800038c4 (0xe4c37a17) auipc   s4, 0xe4c37
core   0: 3 0x800038c4 (0xe4c37a17) x20 0x64c3a8c4
core   0: 0x800038c8 (0x00000001) c.nop
core   0: 3 0x800038c8 (0x0001)
core   0: 0x800038ca (0xb2f8c913) xori    s2, a7, -1233
core   0: 3 0x800038ca (0xb2f8c913) x18 0x00000207
core   0: 0x800038ce (0x03656a63) bltu    a0, s6, pc + 52
core   0: 3 0x800038ce (0x03656a63)
core   0: 0x800038d2 (0x340f28f3) csrrs   a7, mscratch, t5
core   0: 3 0x800038d2 (0x340f28f3) x17 0xf8000000 c832_mscratch 0xf8017000
core   0: 0x800038d6 (0x01f64533) xor     a0, a2, t6
core   0: 3 0x800038d6 (0x01f64533) x10 0x00016ffb
core   0: 0x800038da (0x00008d25) c.xor   a0, s1
core   0: 3 0x800038da (0x8d25) x10 0x007e9004
core   0: 0x800038dc (0x000083a5) c.srli  a5, 9
core   0: 3 0x800038dc (0x83a5) x15 0x00000000
core   0: 0x800038de (0x00233733) sltu    a4, t1, sp
core   0: 3 0x800038de (0x00233733) x14 0x00000000
core   0: 0x800038e2 (0x340359f3) csrrwi  s3, mscratch, 6
core   0: 3 0x800038e2 (0x340359f3) x19 0xf8017000 c832_mscratch 0x00000006
core   0: 0x800038e6 (0x003fdf33) srl     t5, t6, gp
core   0: 3 0x800038e6 (0x003fdf33) x30 0x0000005b
core   0: 0x800038ea (0x00000365) c.addi  t1, 25
core   0: 3 0x800038ea (0x0365) x6  0x0000b22f
core   0: 0x800038ec (0x000081c5) c.srli  a1, 17
core   0: 3 0x800038ec (0x81c5) x11 0x00000000
core   0: 0x800038ee (0x0476e163) bltu    a3, t2, pc + 66
core   0: 3 0x800038ee (0x0476e163)
core   0: 0x80003930 (0x34003773) csrrc   a4, mscratch, zero
core   0: 3 0x80003930 (0x34003773) x14 0x00000006
core   0: 0x80003934 (0x44f98693) addi    a3, s3, 1103
core   0: 3 0x80003934 (0x44f98693) x13 0xf801744f
core   0: 0x80003938 (0x004b5813) srli    a6, s6, 4
core   0: 3 0x80003938 (0x004b5813) x16 0x00000000
core   0: 0x8000393c (0x012b7663) bgeu    s6, s2, pc + 12
core   0: 3 0x8000393c (0x012b7663)
core   0: 0x80003940 (0x03b87e63) bgeu    a6, s11, pc + 60
core   0: 3 0x80003940 (0x03b87e63)
core   0: 0x80003944 (0x03c44ab3) div     s5, s0, t3
core   0: 3 0x80003944 (0x03c44ab3) x21 0x00000001
core   0: 0x80003948 (0xa207bd37) lui     s10, 0xa207b
core   0: 3 0x80003948 (0xa207bd37) x26 0xa207b000
core   0: 0x8000394c (0x01ce1b33) sll     s6, t3, t3
core   0: 3 0x8000394c (0x01ce1b33) x22 0xf8000000
core   0: 0x80003950 (0x3401b973) csrrc   s2, mscratch, gp
core   0: 3 0x80003950 (0x3401b973) x18 0x00000006 c832_mscratch 0x00000004
core   0: 0x80003954 (0x40335a93) srai    s5, t1, 3
core   0: 3 0x80003954 (0x40335a93) x21 0x00001645
core   0: 0x80003958 (0x00001a1c) c.addi4spn a5, sp, 304
core   0: 3 0x80003958 (0x1a1c) x15 0x00006980
core   0: 0x8000395a (0x0512e063) bltu    t0, a7, pc + 64
core   0: 3 0x8000395a (0x0512e063)
core   0: 0x8000399a (0x017b1463) bne     s6, s7, pc + 8
core   0: 3 0x8000399a (0x017b1463)
core   0: 0x800039a2 (0x34006af3) csrrsi  s5, mscratch, 0
core   0: 3 0x800039a2 (0x34006af3) x21 0x00000004
core   0: 0x800039a6 (0x002b0233) add     tp, s6, sp
core   0: 3 0x800039a6 (0x002b0233) x4  0xf8006850
core   0: 0x800039aa (0x02fb9fb3) mulh    t6, s7, a5
core   0: 3 0x800039aa (0x02fb9fb3) x31 0xffffffff
core   0: 0x800039ae (0x0b976497) auipc   s1, 0xb976
core   0: 3 0x800039ae (0x0b976497) x9  0x8b9799ae
core   0: 0x800039b2 (0x9011e513) ori     a0, gp, -1791
core   0: 3 0x800039b2 (0x9011e513) x10 0xfffff90b
core   0: 0x800039b6 (0x0000836d) c.srli  a4, 27
core   0: 3 0x800039b6 (0x836d) x14 0x00000000
core   0: 0x800039b8 (0x41ab0d93) addi    s11, s6, 1050
core   0: 3 0x800039b8 (0x41ab0d93) x27 0xf800041a
core   0: 0x800039bc (0x40b5de33) sra     t3, a1, a1
core   0: 3 0x800039bc (0x40b5de33) x28 0x00000000
core   0: 0x800039c0 (0x0247dd63) bge     a5, tp, pc + 58
core   0: 3 0x800039c0 (0x0247dd63)
core   0: 0x800039fa (0x00000484) c.addi4spn s1, sp, 576
core   0: 3 0x800039fa (0x0484) x9  0x00006a90
core   0: 0x800039fc (0x0262d2b3) divu    t0, t0, t1
core   0: 3 0x800039fc (0x0262d2b3) x5  0x00000000
core   0: 0x80003a00 (0x340eb1f3) csrrc   gp, mscratch, t4
core   0: 3 0x80003a00 (0x340eb1f3) x3  0x00000004 c832_mscratch 0x00000000
core   0: 0x80003a04 (0x03d1f0b3) remu    ra, gp, t4
core   0: 3 0x80003a04 (0x03d1f0b3) x1  0x00000004
core   0: 0x80003a08 (0x401ddf13) srai    t5, s11, 1
core   0: 3 0x80003a08 (0x401ddf13) x30 0xfc00020d
core   0: 0x80003a0c (0x0000694d) c.lui   s2, 0x13
core   0: 3 0x80003a0c (0x694d) x18 0x00013000
core   0: 0x80003a0e (0x000090c6) c.add   ra, a7
core   0: 3 0x80003a0e (0x90c6) x1  0xf8000004
core   0: 0x80003a10 (0x0000cc85) c.beqz  s1, pc + 56
core   0: 3 0x80003a10 (0xcc85)
core   0: 0x80003a12 (0x03b1c6b3) div     a3, gp, s11
core   0: 3 0x80003a12 (0x03b1c6b3) x13 0x00000000
core   0: 0x80003a16 (0x01bdf3b3) and     t2, s11, s11
core   0: 3 0x80003a16 (0x01bdf3b3) x7  0xf800041a
core   0: 0x80003a1a (0x52f82493) slti    s1, a6, 1327
core   0: 3 0x80003a1a (0x52f82493) x9  0x00000001
core   0: 0x80003a1e (0x00a5cf63) blt     a1, a0, pc + 30
core   0: 3 0x80003a1e (0x00a5cf63)
core   0: 0x80003a22 (0x00000001) c.nop
core   0: 3 0x80003a22 (0x0001)
core   0: 0x80003a24 (0x013ed7b3) srl     a5, t4, s3
core   0: 3 0x80003a24 (0x013ed7b3) x15 0x80029d24
core   0: 0x80003a28 (0x034a86b3) mul     a3, s5, s4
core   0: 3 0x80003a28 (0x034a86b3) x13 0x930ea310
core   0: 0x80003a2c (0x4138d513) srai    a0, a7, 19
core   0: 3 0x80003a2c (0x4138d513) x10 0xffffff00
core   0: 0x80003a30 (0x0ff0000f) fence   iorw,iorw
core   0: 3 0x80003a30 (0x0ff0000f)
core   0: 0x80003a34 (0x00008fc9) c.or    a5, a0
core   0: 3 0x80003a34 (0x8fc9) x15 0xffffff24
core   0: 0x80003a36 (0x00008a35) c.andi  a2, 13
core   0: 3 0x80003a36 (0x8a35) x12 0x00000004
core   0: 0x80003a38 (0x0036a533) slt     a0, a3, gp
core   0: 3 0x80003a38 (0x0036a533) x10 0x00000001
core   0: 0x80003a3c (0x03109a33) mulh    s4, ra, a7
core   0: 3 0x80003a3c (0x03109a33) x20 0x003fffff
core   0: 0x80003a40 (0x030b4763) blt     s6, a6, pc + 46
core   0: 3 0x80003a40 (0x030b4763)
core   0: 0x80003a6e (0x37c92e13) slti    t3, s2, 892
core   0: 3 0x80003a6e (0x37c92e13) x28 0x00000000
core   0: 0x80003a72 (0x0000100f) fence.i
core   0: 3 0x80003a72 (0x0000100f)
core   0: 0x80003a76 (0x41f48bb3) sub     s7, s1, t6
core   0: 3 0x80003a76 (0x41f48bb3) x23 0x00000002
core   0: 0x80003a7a (0x03b40733) mul     a4, s0, s11
core   0: 3 0x80003a7a (0x03b40733) x14 0x04b35d9a
core   0: 0x80003a7e (0x00008329) c.srli  a4, 10
core   0: 3 0x80003a7e (0x8329) x14 0x00012cd7
core   0: 0x80003a80 (0x00008d2d) c.xor   a0, a1
core   0: 3 0x80003a80 (0x8d2d) x10 0x00000001
core   0: 0x80003a82 (0x00001dfd) c.addi  s11, -1
core   0: 3 0x80003a82 (0x1dfd) x27 0xf8000419
core   0: 0x80003a84 (0x340ff4f3) csrrci  s1, mscratch, 31
core   0: 3 0x80003a84 (0x340ff4f3) x9  0x00000000 c832_mscratch 0x00000000
core   0: 0x80003a88 (0x035a6f33) rem     t5, s4, s5
core   0: 3 0x80003a88 (0x035a6f33) x30 0x00000003
core   0: 0x80003a8c (0xbd8c7113) andi    sp, s8, -1064
core   0: 3 0x80003a8c (0xbd8c7113) x2  0x80025a80
core   0: 0x80003a90 (0x03e59233) mulh    tp, a1, t5
core   0: 3 0x80003a90 (0x03e59233) x4  0x00000000
core   0: 0x80003a94 (0x00001f1c) c.addi4spn a5, sp, 944
core   0: 3 0x80003a94 (0x1f1c) x15 0x80025e30
core   0: 0x80003a96 (0x3ec8c193) xori    gp, a7, 1004
core   0: 3 0x80003a96 (0x3ec8c193) x3  0xf80003ec
core   0: 0x80003a9a (0x00000001) c.nop
core   0: 3 0x80003a9a (0x0001)
core   0: 0x80003a9c (0x01796863) bltu    s2, s7, pc + 16
core   0: 3 0x80003a9c (0x01796863)
core   0: 0x80003aa0 (0x6c296c93) ori     s9, s2, 1730
core   0: 3 0x80003aa0 (0x6c296c93) x25 0x000136c2
core   0: 0x80003aa4 (0x00406bb3) or      s7, zero, tp
core   0: 3 0x80003aa4 (0x00406bb3) x23 0x00000000
core   0: 0x80003aa8 (0x34091973) csrrw   s2, mscratch, s2
core   0: 3 0x80003aa8 (0x34091973) x18 0x00000000 c832_mscratch 0x00013000
core   0: 0x80003aac (0x00000001) c.nop
core   0: 3 0x80003aac (0x0001)
core   0: 0x80003aae (0x000086d5) c.srai  a3, 21
core   0: 3 0x80003aae (0x86d5) x13 0xfffffc98
core   0: 0x80003ab0 (0x026bf0b3) remu    ra, s7, t1
core   0: 3 0x80003ab0 (0x026bf0b3) x1  0x00000000
core   0: 0x80003ab4 (0xf7816b17) auipc   s6, 0xf7816
core   0: 3 0x80003ab4 (0xf7816b17) x22 0x77819ab4
core   0: 0x80003ab8 (0x00008de1) c.and   a1, s0
core   0: 3 0x80003ab8 (0x8de1) x11 0x00000000
core   0: 0x80003aba (0x3405faf3) csrrci  s5, mscratch, 11
core   0: 3 0x80003aba (0x3405faf3) x21 0x00013000 c832_mscratch 0x00013000
core   0: 0x80003abe (0x00008e5d) c.or    a2, a5
core   0: 3 0x80003abe (0x8e5d) x12 0x80025e34
core   0: 0x80003ac0 (0x035d9563) bne     s11, s5, pc + 42
core   0: 3 0x80003ac0 (0x035d9563)
core   0: 0x80003aea (0x0000608d) c.lui   ra, 0x3
core   0: 3 0x80003aea (0x608d) x1  0x00003000
core   0: 0x80003aec (0x0ff0000f) fence   iorw,iorw
core   0: 3 0x80003aec (0x0ff0000f)
core   0: 0x80003af0 (0x22b813b7) lui     t2, 0x22b81
core   0: 3 0x80003af0 (0x22b813b7) x7  0x22b81000
core   0: 0x80003af4 (0x412fd533) sra     a0, t6, s2
core   0: 3 0x80003af4 (0x412fd533) x10 0xffffffff
core   0: 0x80003af8 (0x81123893) sltiu   a7, tp, -2031
core   0: 3 0x80003af8 (0x81123893) x17 0x00000001
core   0: 0x80003afc (0x01c68cb3) add     s9, a3, t3
core   0: 3 0x80003afc (0x01c68cb3) x25 0xfffffc98
core   0: 0x80003b00 (0x03721e63) bne     tp, s7, pc + 60
core   0: 3 0x80003b00 (0x03721e63)
core   0: 0x80003b04 (0x0060d593) srli    a1, ra, 6
core   0: 3 0x80003b04 (0x0060d593) x11 0x000000c0
core   0: 0x80003b08 (0xf71f7193) andi    gp, t5, -143
core   0: 3 0x80003b08 (0xf71f7193) x3  0x00000001
core   0: 0x80003b0c (0x025700b3) mul     ra, a4, t0
core   0: 3 0x80003b0c (0x025700b3) x1  0x00000000
core   0: 0x80003b10 (0x09f1f913) andi    s2, gp, 159
core   0: 3 0x80003b10 (0x09f1f913) x18 0x00000001
core   0: 0x80003b14 (0x01d71463) bne     a4, t4, pc + 8
core   0: 3 0x80003b14 (0x01d71463)
core   0: 0x80003b1c (0x01179263) bne     a5, a7, pc + 4
core   0: 3 0x80003b1c (0x01179263)
core   0: 0x80003b20 (0x0000c58d) c.beqz  a1, pc + 42
core   0: 3 0x80003b20 (0xc58d)
core   0: 0x80003b22 (0x008a3033) sltu    zero, s4, s0
core   0: 3 0x80003b22 (0x008a3033)
core   0: 0x80003b26 (0x0000c305) c.beqz  a4, pc + 32
core   0: 3 0x80003b26 (0xc305)
core   0: 0x80003b28 (0x02e52db3) mulhsu  s11, a0, a4
core   0: 3 0x80003b28 (0x02e52db3) x27 0xffffffff
core   0: 0x80003b2c (0x02fbae33) mulhsu  t3, s7, a5
core   0: 3 0x80003b2c (0x02fbae33) x28 0x00000000
core   0: 0x80003b30 (0x006b6133) or      sp, s6, t1
core   0: 3 0x80003b30 (0x006b6133) x2  0x7781babf
core   0: 0x80003b34 (0x406605b3) sub     a1, a2, t1
core   0: 3 0x80003b34 (0x406605b3) x11 0x8001ac05
core   0: 0x80003b38 (0x340a7573) csrrci  a0, mscratch, 20
core   0: 3 0x80003b38 (0x340a7573) x10 0x00013000 c832_mscratch 0x00013000
core   0: 0x80003b3c (0x00000001) c.nop
core   0: 3 0x80003b3c (0x0001)
core   0: 0x80003b3e (0xbc334313) xori    t1, t1, -1085
core   0: 3 0x80003b3e (0xbc334313) x6  0xffff49ec
core   0: 0x80003b42 (0x03343833) mulhu   a6, s0, s3
core   0: 3 0x80003b42 (0x03343833) x16 0xe9231232
core   0: 0x80003b46 (0x02be6937) lui     s2, 0x2be6
core   0: 3 0x80003b46 (0x02be6937) x18 0x02be6000
core   0: 0x80003b4a (0x02295863) bge     s2, sp, pc + 48
core   0: 3 0x80003b4a (0x02295863)
core   0: 0x80003b4e (0x01cf9cb3) sll     s9, t6, t3
core   0: 3 0x80003b4e (0x01cf9cb3) x25 0xffffffff
core   0: 0x80003b52 (0x01b36fb3) or      t6, t1, s11
core   0: 3 0x80003b52 (0x01b36fb3) x31 0xffffffff
core   0: 0x80003b56 (0x0146eab3) or      s5, a3, s4
core   0: 3 0x80003b56 (0x0146eab3) x21 0xffffffff
core   0: 0x80003b5a (0x03e97bb3) remu    s7, s2, t5
core   0: 3 0x80003b5a (0x03e97bb3) x23 0x00000000
core   0: 0x80003b5e (0x340235f3) csrrc   a1, mscratch, tp
core   0: 3 0x80003b5e (0x340235f3) x11 0x00013000 c832_mscratch 0x00013000
core   0: 0x80003b62 (0x024ffb63) bgeu    t6, tp, pc + 54
core   0: 3 0x80003b62 (0x024ffb63)
core   0: 0x80003b98 (0x34006f73) csrrsi  t5, mscratch, 0
core   0: 3 0x80003b98 (0x34006f73) x30 0x00013000
core   0: 0x80003b9c (0x0323ed33) rem     s10, t2, s2
core   0: 3 0x80003b9c (0x0323ed33) x26 0x01cb9000
core   0: 0x80003ba0 (0x0000e601) c.bnez  a2, pc + 8
core   0: 3 0x80003ba0 (0xe601)
core   0: 0x80003ba8 (0x011bfbb3) and     s7, s7, a7
core   0: 3 0x80003ba8 (0x011bfbb3) x23 0x00000000
core   0: 0x80003bac (0x0000997d) c.andi  a0, -1
core   0: 3 0x80003bac (0x997d) x10 0x00013000
core   0: 0x80003bae (0x2810dfb7) lui     t6, 0x2810d
core   0: 3 0x80003bae (0x2810dfb7) x31 0x2810d000
core   0: 0x80003bb2 (0x0ff0000f) fence   iorw,iorw
core   0: 3 0x80003bb2 (0x0ff0000f)
core   0: 0x80003bb6 (0x00008d19) c.sub   a0, a4
core   0: 3 0x80003bb6 (0x8d19) x10 0x00000329
core   0: 0x80003bb8 (0x005edb63) bge     t4, t0, pc + 22
core   0: 3 0x80003bb8 (0x005edb63)
core   0: 0x80003bbc (0x340baff3) csrrs   t6, mscratch, s7
core   0: 3 0x80003bbc (0x340baff3) x31 0x00013000 c832_mscratch 0x00013000
core   0: 0x80003bc0 (0x00735a93) srli    s5, t1, 7
core   0: 3 0x80003bc0 (0x00735a93) x21 0x01fffe93
core   0: 0x80003bc4 (0x00016ab3) or      s5, sp, zero
core   0: 3 0x80003bc4 (0x00016ab3) x21 0x7781babf
core   0: 0x80003bc8 (0x15e73613) sltiu   a2, a4, 350
core   0: 3 0x80003bc8 (0x15e73613) x12 0x00000000
core   0: 0x80003bcc (0x00004a81) c.li    s5, 0
core   0: 3 0x80003bcc (0x4a81) x21 0x00000000
core   0: 0x80003bce (0x3400e3f3) csrrsi  t2, mscratch, 1
core   0: 3 0x80003bce (0x3400e3f3) x7  0x00013000 c832_mscratch 0x00013001
core   0: 0x80003bd2 (0x00009bba) c.add   s7, a4
core   0: 3 0x80003bd2 (0x9bba) x23 0x00012cd7
core   0: 0x80003bd4 (0x04d9d063) bge     s3, a3, pc + 64
core   0: 3 0x80003bd4 (0x04d9d063)
core   0: 0x80003bd8 (0x02e6f833) remu    a6, a3, a4
core   0: 3 0x80003bd8 (0x02e6f833) x16 0x00011507
core   0: 0x80003bdc (0x52b1b393) sltiu   t2, gp, 1323
core   0: 3 0x80003bdc (0x52b1b393) x7  0x00000001
core   0: 0x80003be0 (0x00009a7d) c.andi  a2, -1
core   0: 3 0x80003be0 (0x9a7d) x12 0x00000000
core   0: 0x80003be2 (0x00008dbe) c.mv    s11, a5
core   0: 3 0x80003be2 (0x8dbe) x27 0x80025e30
core   0: 0x80003be4 (0x02bc8e33) mul     t3, s9, a1
core   0: 3 0x80003be4 (0x02bc8e33) x28 0xfffed000
core   0: 0x80003be8 (0x00dc5033) srl     zero, s8, a3
core   0: 3 0x80003be8 (0x00dc5033)
core   0: 0x80003bec (0xa47f6817) auipc   a6, 0xa47f6
core   0: 3 0x80003bec (0xa47f6817) x16 0x247f9bec
core   0: 0x80003bf0 (0x021b1fb3) mulh    t6, s6, ra
core   0: 3 0x80003bf0 (0x021b1fb3) x31 0x00000000
core   0: 0x80003bf4 (0xbb3fd497) auipc   s1, 0xbb3fd
core   0: 3 0x80003bf4 (0xbb3fd497) x9  0x3b400bf4
core   0: 0x80003bf8 (0x0000e089) c.bnez  s1, pc + 2
core   0: 3 0x80003bf8 (0xe089)
core   0: 0x80003bfa (0x41c00133) sub     sp, zero, t3
core   0: 3 0x80003bfa (0x41c00133) x2  0x00013000
core   0: 0x80003bfe (0x01c3d463) bge     t2, t3, pc + 8
core   0: 3 0x80003bfe (0x01c3d463)
core   0: 0x80003c06 (0x000005f9) c.addi  a1, 30
core   0: 3 0x80003c06 (0x05f9) x11 0x0001301e
core   0: 0x80003c08 (0xda2ae113) ori     sp, s5, -606
core   0: 3 0x80003c08 (0xda2ae113) x2  0xfffffda2
core   0: 0x80003c0c (0x00008229) c.srli  a2, 10
core   0: 3 0x80003c0c (0x8229) x12 0x00000000
core   0: 0x80003c0e (0x00009faa) c.add   t6, a0
core   0: 3 0x80003c0e (0x9faa) x31 0x00000329
core   0: 0x80003c10 (0x340513f3) csrrw   t2, mscratch, a0
core   0: 3 0x80003c10 (0x340513f3) x7  0x00013001 c832_mscratch 0x00000329
core   0: 0x80003c14 (0x00b35c93) srli    s9, t1, 11
core   0: 3 0x80003c14 (0x00b35c93) x25 0x001fffe9
core   0: 0x80003c18 (0x340a1873) csrrw   a6, mscratch, s4
core   0: 3 0x80003c18 (0x340a1873) x16 0x00000329 c832_mscratch 0x003fffff
core   0: 0x80003c1c (0x0000827d) c.srli  a2, 31
core   0: 3 0x80003c1c (0x827d) x12 0x00000000
core   0: 0x80003c1e (0x0194d1b3) srl     gp, s1, s9
core   0: 3 0x80003c1e (0x0194d1b3) x3  0x001da005
core   0: 0x80003c22 (0x340a9df3) csrrw   s11, mscratch, s5
core   0: 3 0x80003c22 (0x340a9df3) x27 0x003fffff c832_mscratch 0x00000000
core   0: 0x80003c26 (0x84554a37) lui     s4, 0x84554
core   0: 3 0x80003c26 (0x84554a37) x20 0x84554000
core   0: 0x80003c2a (0x34007e73) csrrci  t3, mscratch, 0
core   0: 3 0x80003c2a (0x34007e73) x28 0x00000000
core   0: 0x80003c2e (0xb0cbfb13) andi    s6, s7, -1268
core   0: 3 0x80003c2e (0xb0cbfb13) x22 0x00012804
core   0: 0x80003c32 (0x02e8b9b3) mulhu   s3, a7, a4
core   0: 3 0x80003c32 (0x02e8b9b3) x19 0x00000000
core   0: 0x80003c36 (0x02428fb3) mul     t6, t0, tp
core   0: 3 0x80003c36 (0x02428fb3) x31 0x00000000
core   0: 0x80003c3a (0x01ecdf13) srli    t5, s9, 30
core   0: 3 0x80003c3a (0x01ecdf13) x30 0x00000000
core   0: 0x80003c3e (0xa7edb737) lui     a4, 0xa7edb
core   0: 3 0x80003c3e (0xa7edb737) x14 0xa7edb000
core   0: 0x80003c42 (0x011dd993) srli    s3, s11, 17
core   0: 3 0x80003c42 (0x011dd993) x19 0x0000001f
core   0: 0x80003c46 (0x0000eb15) c.bnez  a4, pc + 52
core   0: 3 0x80003c46 (0xeb15)
core   0: 0x80003c7a (0x00006b79) c.lui   s6, 0x1e
core   0: 3 0x80003c7a (0x6b79) x22 0x0001e000
core   0: 0x80003c7c (0x029219b3) mulh    s3, tp, s1
core   0: 3 0x80003c7c (0x029219b3) x19 0x00000000
core   0: 0x80003c80 (0x03150d33) mul     s10, a0, a7
core   0: 3 0x80003c80 (0x03150d33) x26 0x00000329
core   0: 0x80003c84 (0x00005b7d) c.li    s6, -1
core   0: 3 0x80003c84 (0x5b7d) x22 0xffffffff
core   0: 0x80003c86 (0x340066f3) csrrsi  a3, mscratch, 0
core   0: 3 0x80003c86 (0x340066f3) x13 0x00000000
core   0: 0x80003c8a (0x00000af2) c.slli  s5, 28
core   0: 3 0x80003c8a (0x0af2) x21 0x00000000
core   0: 0x80003c8c (0x0000100f) fence.i
core   0: 3 0x80003c8c (0x0000100f)
core   0: 0x80003c90 (0x02064a33) div     s4, a2, zero
core   0: 3 0x80003c90 (0x02064a33) x20 0xffffffff
core   0: 0x80003c94 (0x0000055a) c.slli  a0, 22
core   0: 3 0x80003c94 (0x055a) x10 0xca400000
core   0: 0x80003c96 (0x00008de1) c.and   a1, s0
core   0: 3 0x80003c96 (0x8de1) x11 0x00002000
core   0: 0x80003c98 (0x000089a5) c.andi  a1, 9
core   0: 3 0x80003c98 (0x89a5) x11 0x00000000
core   0: 0x80003c9a (0x00ffddb3) srl     s11, t6, a5
core   0: 3 0x80003c9a (0x00ffddb3) x27 0x00000000
core   0: 0x80003c9e (0x00000001) c.nop
core   0: 3 0x80003c9e (0x0001)
core   0: 0x80003ca0 (0x0000ca11) c.beqz  a2, pc + 20
core   0: 3 0x80003ca0 (0xca11)
core   0: 0x80003cb4 (0x01ccdf33) srl     t5, s9, t3
core   0: 3 0x80003cb4 (0x01ccdf33) x30 0x001fffe9
core   0: 0x80003cb8 (0x00008cf5) c.and   s1, a3
core   0: 3 0x80003cb8 (0x8cf5) x9  0x00000000
core   0: 0x80003cba (0x41445213) srai    tp, s0, 20
core   0: 3 0x80003cba (0x41445213) x4  0xffffff0a
core   0: 0x80003cbe (0x603149b7) lui     s3, 0x60314
core   0: 3 0x80003cbe (0x603149b7) x19 0x60314000
core   0: 0x80003cc2 (0x00008369) c.srli  a4, 26
core   0: 3 0x80003cc2 (0x8369) x14 0x00000029
core   0: 0x80003cc4 (0x0000100f) fence.i
core   0: 3 0x80003cc4 (0x0000100f)
core   0: 0x80003cc8 (0x03d722b3) mulhsu  t0, a4, t4
core   0: 3 0x80003cc8 (0x03d722b3) x5  0x00000014
core   0: 0x80003ccc (0x0173c033) xor     zero, t2, s7
core   0: 3 0x80003ccc (0x0173c033)
core   0: 0x80003cd0 (0x0000808e) c.mv    ra, gp
core   0: 3 0x80003cd0 (0x808e) x1  0x001da005
core   0: 0x80003cd2 (0x02facfb3) div     t6, s5, a5
core   0: 3 0x80003cd2 (0x02facfb3) x31 0x00000000
core   0: 0x80003cd6 (0x00fddcb3) srl     s9, s11, a5
core   0: 3 0x80003cd6 (0x00fddcb3) x25 0x00000000
core   0: 0x80003cda (0x01ea9263) bne     s5, t5, pc + 4
core   0: 3 0x80003cda (0x01ea9263)
core   0: 0x80003cde (0x34002673) csrr    a2, mscratch
core   0: 3 0x80003cde (0x34002673) x12 0x00000000
core   0: 0x80003ce2 (0x34093573) csrrc   a0, mscratch, s2
core   0: 3 0x80003ce2 (0x34093573) x10 0x00000000 c832_mscratch 0x00000000
core   0: 0x80003ce6 (0x00ad33b3) sltu    t2, s10, a0
core   0: 3 0x80003ce6 (0x00ad33b3) x7  0x00000000
core   0: 0x80003cea (0x053b8163) beq     s7, s3, pc + 66
core   0: 3 0x80003cea (0x053b8163)
core   0: 0x80003cee (0x03c477b3) remu    a5, s0, t3
core   0: 3 0x80003cee (0x03c477b3) x15 0xf0a6efc1
core   0: 0x80003cf2 (0x0ff0000f) fence   iorw,iorw
core   0: 3 0x80003cf2 (0x0ff0000f)
core   0: 0x80003cf6 (0x00007197) auipc   gp, 0x7
core   0: 3 0x80003cf6 (0x00007197) x3  0x8000acf6
core   0: 0x80003cfa (0x38018193) addi    gp, gp, 896
core   0: 3 0x80003cfa (0x38018193) x3  0x8000b076
core   0: 0x80003cfe (0x0000878e) c.mv    a5, gp
core   0: 3 0x80003cfe (0x878e) x15 0x8000b076
core   0: 0x80003d00 (0xbff26f93) ori     t6, tp, -1025
core   0: 3 0x80003d00 (0xbff26f93) x31 0xffffffff
core   0: 0x80003d04 (0x30d18193) addi    gp, gp, 781
core   0: 3 0x80003d04 (0x30d18193) x3  0x8000b383
core   0: 0x80003d08 (0x00008dc5) c.or    a1, s1
core   0: 3 0x80003d08 (0x8dc5) x11 0x00000000
core   0: 0x80003d0a (0x34006df3) csrrsi  s11, mscratch, 0
core   0: 3 0x80003d0a (0x34006df3) x27 0x00000000
core   0: 0x80003d0e (0x004a5ab3) srl     s5, s4, tp
core   0: 3 0x80003d0e (0x004a5ab3) x21 0x003fffff
core   0: 0x80003d12 (0x010e4763) blt     t3, a6, pc + 14
core   0: 3 0x80003d12 (0x010e4763)
core   0: 0x80003d20 (0xcf418fe7) jalr    t6, gp, -780
core   0: 3 0x80003d20 (0xcf418fe7) x31 0x80003d24
core   0: 0x8000b076 (0x41fd5193) srai    gp, s10, 31
core   0: 3 0x8000b076 (0x41fd5193) x3  0x00000000
core   0: 0x8000b07a (0x0000e319) c.bnez  a4, pc + 6
core   0: 3 0x8000b07a (0xe319)
core   0: 0x8000b080 (0x00001c01) c.addi  s8, -32
core   0: 3 0x8000b080 (0x1c01) x24 0x80025e84
core   0: 0x8000b082 (0x340ff0f3) csrrci  ra, mscratch, 31
core   0: 3 0x8000b082 (0x340ff0f3) x1  0x00000000 c832_mscratch 0x00000000
core   0: 0x8000b086 (0x01fc2223) sw      t6, 4(s8)
core   0: 3 0x8000b086 (0x01fc2223) mem 0x80025e88 0x80003d24
core   0: 0x8000b08a (0x02dc5a33) divu    s4, s8, a3
core   0: 3 0x8000b08a (0x02dc5a33) x20 0xffffffff
core   0: 0x8000b08e (0xcea6a013) slti    zero, a3, -790
core   0: 3 0x8000b08e (0xcea6a013)
core   0: 0x8000b092 (0x00004881) c.li    a7, 0
core   0: 3 0x8000b092 (0x4881) x17 0x00000000
core   0: 0x8000b094 (0x017d5993) srli    s3, s10, 23
core   0: 3 0x8000b094 (0x017d5993) x19 0x00000000
core   0: 0x8000b098 (0x00567d63) bgeu    a2, t0, pc + 26
core   0: 3 0x8000b098 (0x00567d63)
core   0: 0x8000b09c (0x003c1a33) sll     s4, s8, gp
core   0: 3 0x8000b09c (0x003c1a33) x20 0x80025e84
core   0: 0x8000b0a0 (0x34007f73) csrrci  t5, mscratch, 0
core   0: 3 0x8000b0a0 (0x34007f73) x30 0x00000000
core   0: 0x8000b0a4 (0x96f8f013) andi    zero, a7, -1681
core   0: 3 0x8000b0a4 (0x96f8f013)
core   0: 0x8000b0a8 (0x34006ff3) csrrsi  t6, mscratch, 0
core   0: 3 0x8000b0a8 (0x34006ff3) x31 0x00000000
core   0: 0x8000b0ac (0x00ab2a33) slt     s4, s6, a0
core   0: 3 0x8000b0ac (0x00ab2a33) x20 0x00000001
core   0: 0x8000b0b0 (0x000088aa) c.mv    a7, a0
core   0: 3 0x8000b0b0 (0x88aa) x17 0x00000000
core   0: 0x8000b0b2 (0x05400fef) jal     t6, pc + 0x54
core   0: 3 0x8000b0b2 (0x05400fef) x31 0x8000b0b6
core   0: 0x8000b106 (0x34081373) csrrw   t1, mscratch, a6
core   0: 3 0x8000b106 (0x34081373) x6  0x00000000 c832_mscratch 0x00000329
core   0: 0x8000b10a (0x0000e601) c.bnez  a2, pc + 8
core   0: 3 0x8000b10a (0xe601)
core   0: 0x8000b10c (0x00000736) c.slli  a4, 13
core   0: 3 0x8000b10c (0x0736) x14 0x00052000
core   0: 0x8000b10e (0x340957f3) csrrwi  a5, mscratch, 18
core   0: 3 0x8000b10e (0x340957f3) x15 0x00000329 c832_mscratch 0x00000012
core   0: 0x8000b112 (0x00001c31) c.addi  s8, -20
core   0: 3 0x8000b112 (0x1c31) x24 0x80025e70
core   0: 0x8000b114 (0x0ff0000f) fence   iorw,iorw
core   0: 3 0x8000b114 (0x0ff0000f)
core   0: 0x8000b118 (0x01fc2223) sw      t6, 4(s8)
core   0: 3 0x8000b118 (0x01fc2223) mem 0x80025e74 0x8000b0b6
core   0: 0x8000b11c (0x00004afd) c.li    s5, 31
core   0: 3 0x8000b11c (0x4afd) x21 0x0000001f
core   0: 0x8000b11e (0x0000100f) fence.i
core   0: 3 0x8000b11e (0x0000100f)
core   0: 0x8000b122 (0x00000e04) c.addi4spn s1, sp, 784
core   0: 3 0x8000b122 (0x0e04) x9  0x000000b2
core   0: 0x8000b124 (0x00000001) c.nop
core   0: 3 0x8000b124 (0x0001)
core   0: 0x8000b126 (0x340934f3) csrrc   s1, mscratch, s2
core   0: 3 0x8000b126 (0x340934f3) x9  0x00000012 c832_mscratch 0x00000012
core   0: 0x8000b12a (0x0ff0000f) fence   iorw,iorw
core   0: 3 0x8000b12a (0x0ff0000f)
core   0: 0x8000b12e (0x010cf463) bgeu    s9, a6, pc + 8
core   0: 3 0x8000b12e (0x010cf463)
core   0: 0x8000b132 (0x00d224b3) slt     s1, tp, a3
core   0: 3 0x8000b132 (0x00d224b3) x9  0x00000001
core   0: 0x8000b136 (0x52e00fef) jal     t6, pc + 0x52e
core   0: 3 0x8000b136 (0x52e00fef) x31 0x8000b13a
core   0: 0x8000b664 (0x00008e2d) c.xor   a2, a1
core   0: 3 0x8000b664 (0x8e2d) x12 0x00000000
core   0: 0x8000b666 (0x340069f3) csrrsi  s3, mscratch, 0
core   0: 3 0x8000b666 (0x340069f3) x19 0x00000012
core   0: 0x8000b66a (0x004e5663) bge     t3, tp, pc + 12
core   0: 3 0x8000b66a (0x004e5663)
core   0: 0x8000b676 (0x00001c31) c.addi  s8, -20
core   0: 3 0x8000b676 (0x1c31) x24 0x80025e5c
core   0: 0x8000b678 (0x01fc2223) sw      t6, 4(s8)
core   0: 3 0x8000b678 (0x01fc2223) mem 0x80025e60 0x8000b13a
core   0: 0x8000b67c (0x3403f373) csrrci  t1, mscratch, 7
core   0: 3 0x8000b67c (0x3403f373) x6  0x00000012 c832_mscratch 0x00000010
core   0: 0x8000b680 (0x03d2a1b3) mulhsu  gp, t0, t4
core   0: 3 0x8000b680 (0x03d2a1b3) x3  0x0000000a
core   0: 0x8000b684 (0x03102633) mulhsu  a2, zero, a7
core   0: 3 0x8000b684 (0x03102633) x12 0x00000000
core   0: 0x8000b688 (0x40eedf33) sra     t5, t4, a4
core   0: 3 0x8000b688 (0x40eedf33) x30 0x80029d24
core   0: 0x8000b68c (0x003ce6b3) or      a3, s9, gp
core   0: 3 0x8000b68c (0x003ce6b3) x13 0x0000000a
core   0: 0x8000b690 (0x340029f3) csrr    s3, mscratch
core   0: 3 0x8000b690 (0x340029f3) x19 0x00000010
core   0: 0x8000b694 (0x000002a5) c.addi  t0, 9
core   0: 3 0x8000b694 (0x02a5) x5  0x0000001d
core   0: 0x8000b696 (0x026198b3) mulh    a7, gp, t1
core   0: 3 0x8000b696 (0x026198b3) x17 0x00000000
core   0: 0x8000b69a (0x01a8c633) xor     a2, a7, s10
core   0: 3 0x8000b69a (0x01a8c633) x12 0x00000329
core   0: 0x8000b69e (0x00001188) c.addi4spn a0, sp, 224
core   0: 3 0x8000b69e (0x1188) x10 0xfffffe82
core   0: 0x8000b6a0 (0x000094ae) c.add   s1, a1
core   0: 3 0x8000b6a0 (0x94ae) x9  0x00000001
core   0: 0x8000b6a2 (0x7426bb17) auipc   s6, 0x7426b
core   0: 3 0x8000b6a2 (0x7426bb17) x22 0xf42766a2
core   0: 0x8000b6a6 (0x00008e79) c.and   a2, a4
core   0: 3 0x8000b6a6 (0x8e79) x12 0x00000000
core   0: 0x8000b6a8 (0x0000c099) c.beqz  s1, pc + 6
core   0: 3 0x8000b6a8 (0xc099)
core   0: 0x8000b6aa (0x00b35193) srli    gp, t1, 11
core   0: 3 0x8000b6aa (0x00b35193) x3  0x00000000
core   0: 0x8000b6ae (0x017337b3) sltu    a5, t1, s7
core   0: 3 0x8000b6ae (0x017337b3) x15 0x00000001
core   0: 0x8000b6b2 (0x0000100f) fence.i
core   0: 3 0x8000b6b2 (0x0000100f)
core   0: 0x8000b6b6 (0x000080a1) c.srli  s1, 8
core   0: 3 0x8000b6b6 (0x80a1) x9  0x00000000
core   0: 0x8000b6b8 (0x004c2f83) lw      t6, 4(s8)
core   0: 3 0x8000b6b8 (0x004c2f83) x31 0x8000b13a mem 0x80025e60
core   0: 0x8000b6bc (0x00000c51) c.addi  s8, 20
core   0: 3 0x8000b6bc (0x0c51) x24 0x80025e70
core   0: 0x8000b6be (0x000082a1) c.srli  a3, 8
core   0: 3 0x8000b6be (0x82a1) x13 0x00000000
core   0: 0x8000b6c0 (0x001f8b13) addi    s6, t6, 1
core   0: 3 0x8000b6c0 (0x001f8b13) x22 0x8000b13b
core   0: 0x8000b6c4 (0x00009b02) c.jalr  s6
core   0: 3 0x8000b6c4 (0x9b02) x1  0x8000b6c6
core   0: 0x8000b13a (0xfafb28b7) lui     a7, 0xfafb2
core   0: 3 0x8000b13a (0xfafb28b7) x17 0xfafb2000
core   0: 0x8000b13e (0x0153dab3) srl     s5, t2, s5
core   0: 3 0x8000b13e (0x0153dab3) x21 0x00000000
core   0: 0x8000b142 (0x0000140c) c.addi4spn a1, sp, 544
core   0: 3 0x8000b142 (0x140c) x11 0xffffffc2
core   0: 0x8000b144 (0x00009cce) c.add   s9, s3
core   0: 3 0x8000b144 (0x9cce) x25 0x00000010
core   0: 0x8000b146 (0x0ff0000f) fence   iorw,iorw
core   0: 3 0x8000b146 (0x0ff0000f)
core   0: 0x8000b14a (0x340690f3) csrrw   ra, mscratch, a3
core   0: 3 0x8000b14a (0x340690f3) x1  0x00000010 c832_mscratch 0x00000000
core   0: 0x8000b14e (0x00000997) auipc   s3, 0x0
core   0: 3 0x8000b14e (0x00000997) x19 0x8000b14e
core   0: 0x8000b152 (0x09e98993) addi    s3, s3, 158
core   0: 3 0x8000b152 (0x09e98993) x19 0x8000b1ec
core   0: 0x8000b156 (0xe5a98993) addi    s3, s3, -422
core   0: 3 0x8000b156 (0xe5a98993) x19 0x8000b046
core   0: 0x8000b15a (0x41830033) sub     zero, t1, s8
core   0: 3 0x8000b15a (0x41830033)
core   0: 0x8000b15e (0x000000dd) c.addi  ra, 23
core   0: 3 0x8000b15e (0x00dd) x1  0x00000027
core   0: 0x8000b160 (0x0f71fe13) andi    t3, gp, 247
core   0: 3 0x8000b160 (0x0f71fe13) x28 0x00000000
core   0: 0x8000b164 (0x4f5c0113) addi    sp, s8, 1269
core   0: 3 0x8000b164 (0x4f5c0113) x2  0x80026365
core   0: 0x8000b168 (0x1a698fe7) jalr    t6, s3, 422
core   0: 3 0x8000b168 (0x1a698fe7) x31 0x8000b16c
core   0: 0x8000b1ec (0x0000889d) c.andi  s1, 7
core   0: 3 0x8000b1ec (0x889d) x9  0x00000000
core   0: 0x8000b1ee (0x03291133) mulh    sp, s2, s2
core   0: 3 0x8000b1ee (0x03291133) x2  0x00078712
core   0: 0x8000b1f2 (0x00008dad) c.xor   a1, a1
core   0: 3 0x8000b1f2 (0x8dad) x11 0x00000000
core   0: 0x8000b1f4 (0x0000e119) c.bnez  a0, pc + 6
core   0: 3 0x8000b1f4 (0xe119)
core   0: 0x8000b1fa (0x00001c01) c.addi  s8, -32
core   0: 3 0x8000b1fa (0x1c01) x24 0x80025e50
core   0: 0x8000b1fc (0x00008495) c.srai  s1, 5
core   0: 3 0x8000b1fc (0x8495) x9  0x00000000
core   0: 0x8000b1fe (0x34003bf3) csrrc   s7, mscratch, zero
core   0: 3 0x8000b1fe (0x34003bf3) x23 0x00000000
core   0: 0x8000b202 (0x00000001) c.nop
core   0: 3 0x8000b202 (0x0001)
core   0: 0x8000b204 (0x01fc2223) sw      t6, 4(s8)
core   0: 3 0x8000b204 (0x01fc2223) mem 0x80025e54 0x8000b16c
core   0: 0x8000b208 (0x4ac66c93) ori     s9, a2, 1196
core   0: 3 0x8000b208 (0x4ac66c93) x25 0x000004ac
core   0: 0x8000b20c (0x01ae67b3) or      a5, t3, s10
core   0: 3 0x8000b20c (0x01ae67b3) x15 0x00000329
core   0: 0x8000b210 (0x0071da93) srli    s5, gp, 7
core   0: 3 0x8000b210 (0x0071da93) x21 0x00000000
core   0: 0x8000b214 (0x00395113) srli    sp, s2, 3
core   0: 3 0x8000b214 (0x00395113) x2  0x0057cc00
core   0: 0x8000b218 (0x0000c231) c.beqz  a2, pc + 68
core   0: 3 0x8000b218 (0xc231)
core   0: 0x8000b25c (0x025b1533) mulh    a0, s6, t0
core   0: 3 0x8000b25c (0x025b1533) x10 0xfffffff1
core   0: 0x8000b260 (0x03169ab3) mulh    s5, a3, a7
core   0: 3 0x8000b260 (0x03169ab3) x21 0x00000000
core   0: 0x8000b264 (0x00000965) c.addi  s2, 25
core   0: 3 0x8000b264 (0x0965) x18 0x02be6019
core   0: 0x8000b266 (0x005a8d33) add     s10, s5, t0
core   0: 3 0x8000b266 (0x005a8d33) x26 0x0000001d
core   0: 0x8000b26a (0x025d5763) bge     s10, t0, pc + 46
core   0: 3 0x8000b26a (0x025d5763)
core   0: 0x8000b298 (0xb7848393) addi    t2, s1, -1160
core   0: 3 0x8000b298 (0xb7848393) x7  0xfffffb78
core   0: 0x8000b29c (0x016d30b3) sltu    ra, s10, s6
core   0: 3 0x8000b29c (0x016d30b3) x1  0x00000001
core   0: 0x8000b2a0 (0xc3fef613) andi    a2, t4, -961
core   0: 3 0x8000b2a0 (0xc3fef613) x12 0x80029c24
core   0: 0x8000b2a4 (0x00544b33) xor     s6, s0, t0
core   0: 3 0x8000b2a4 (0x00544b33) x22 0xf0a6efdc
core   0: 0x8000b2a8 (0x00006705) c.lui   a4, 0x1
core   0: 3 0x8000b2a8 (0x6705) x14 0x00001000
core   0: 0x8000b2aa (0x03ed7db3) remu    s11, s10, t5
core   0: 3 0x8000b2aa (0x03ed7db3) x27 0x0000001d
core   0: 0x8000b2ae (0x406a0533) sub     a0, s4, t1
core   0: 3 0x8000b2ae (0x406a0533) x10 0xffffffef
core   0: 0x8000b2b2 (0x00000895) c.addi  a7, 5
core   0: 3 0x8000b2b2 (0x0895) x17 0xfafb2005
core   0: 0x8000b2b4 (0x03e95bb3) divu    s7, s2, t5
core   0: 3 0x8000b2b4 (0x03e95bb3) x23 0x00000000
core   0: 0x8000b2b8 (0x00008125) c.srli  a0, 9
core   0: 3 0x8000b2b8 (0x8125) x10 0x007fffff
core   0: 0x8000b2ba (0x34007cf3) csrrci  s9, mscratch, 0
core   0: 3 0x8000b2ba (0x34007cf3) x25 0x00000000
core   0: 0x8000b2be (0x004c2f83) lw      t6, 4(s8)
core   0: 3 0x8000b2be (0x004c2f83) x31 0x8000b16c mem 0x80025e54
core   0: 0x8000b2c2 (0x4123d793) srai    a5, t2, 18
core   0: 3 0x8000b2c2 (0x4123d793) x15 0xffffffff
core   0: 0x8000b2c6 (0x03a51833) mulh    a6, a0, s10
core   0: 3 0x8000b2c6 (0x03a51833) x16 0x00000000
core   0: 0x8000b2ca (0x020c0c13) addi    s8, s8, 32
core   0: 3 0x8000b2ca (0x020c0c13) x24 0x80025e70
core   0: 0x8000b2ce (0x00cada13) srli    s4, s5, 12
core   0: 3 0x8000b2ce (0x00cada13) x20 0x00000000
core   0: 0x8000b2d2 (0x000f8893) mv      a7, t6
core   0: 3 0x8000b2d2 (0x000f8893) x17 0x8000b16c
core   0: 0x8000b2d6 (0x00008882) c.jr    a7
core   0: 3 0x8000b2d6 (0x8882)
core   0: 0x8000b16c (0x00000001) c.nop
core   0: 3 0x8000b16c (0x0001)
core   0: 0x8000b16e (0x000009e9) c.addi  s3, 26
core   0: 3 0x8000b16e (0x09e9) x19 0x8000b060
core   0: 0x8000b170 (0x340da9f3) csrrs   s3, mscratch, s11
core   0: 3 0x8000b170 (0x340da9f3) x19 0x00000000 c832_mscratch 0x0000001d
core   0: 0x8000b174 (0x41a1dfb3) sra     t6, gp, s10
core   0: 3 0x8000b174 (0x41a1dfb3) x31 0x00000000
core   0: 0x8000b178 (0x00008dc1) c.or    a1, s0
core   0: 3 0x8000b178 (0x8dc1) x11 0xf0a6efc1
core   0: 0x8000b17a (0x018a06b3) add     a3, s4, s8
core   0: 3 0x8000b17a (0x018a06b3) x13 0x80025e70
core   0: 0x8000b17e (0x01397e33) and     t3, s2, s3
core   0: 3 0x8000b17e (0x01397e33) x28 0x00000000
core   0: 0x8000b182 (0x15600fef) jal     t6, pc + 0x156
core   0: 3 0x8000b182 (0x15600fef) x31 0x8000b186
core   0: 0x8000b2d8 (0x02e282b3) mul     t0, t0, a4
core   0: 3 0x8000b2d8 (0x02e282b3) x5  0x0001d000
core   0: 0x8000b2dc (0x003e4663) blt     t3, gp, pc + 12
core   0: 3 0x8000b2dc (0x003e4663)
core   0: 0x8000b2e0 (0x00008a39) c.andi  a2, 14
core   0: 3 0x8000b2e0 (0x8a39) x12 0x00000004
core   0: 0x8000b2e2 (0x000042a5) c.li    t0, 9
core   0: 3 0x8000b2e2 (0x42a5) x5  0x00000009
core   0: 0x8000b2e4 (0x00a94733) xor     a4, s2, a0
core   0: 3 0x8000b2e4 (0x00a94733) x14 0x02c19fe6
core   0: 0x8000b2e8 (0xfd4c0c13) addi    s8, s8, -44
core   0: 3 0x8000b2e8 (0xfd4c0c13) x24 0x80025e44
core   0: 0x8000b2ec (0x0000717d) c.addi16sp sp, -16
core   0: 3 0x8000b2ec (0x717d) x2  0x0057cbf0
core   0: 0x8000b2ee (0x038a7db3) remu    s11, s4, s8
core   0: 3 0x8000b2ee (0x038a7db3) x27 0x00000000
core   0: 0x8000b2f2 (0x02540cb3) mul     s9, s0, t0
core   0: 3 0x8000b2f2 (0x02540cb3) x25 0x75de6dc9
core   0: 0x8000b2f6 (0x01fc2223) sw      t6, 4(s8)
core   0: 3 0x8000b2f6 (0x01fc2223) mem 0x80025e48 0x8000b186
core   0: 0x8000b2fa (0x34003973) csrrc   s2, mscratch, zero
core   0: 3 0x8000b2fa (0x34003973) x18 0x0000001d
core   0: 0x8000b2fe (0x013ce733) or      a4, s9, s3
core   0: 3 0x8000b2fe (0x013ce733) x14 0x75de6dc9
core   0: 0x8000b302 (0x340bad73) csrrs   s10, mscratch, s7
core   0: 3 0x8000b302 (0x340bad73) x26 0x0000001d c832_mscratch 0x0000001d
core   0: 0x8000b306 (0x01192833) slt     a6, s2, a7
core   0: 3 0x8000b306 (0x01192833) x16 0x00000000
core   0: 0x8000b30a (0x340062f3) csrrsi  t0, mscratch, 0
core   0: 3 0x8000b30a (0x340062f3) x5  0x0000001d
core   0: 0x8000b30e (0x00000797) auipc   a5, 0x0
core   0: 3 0x8000b30e (0x00000797) x15 0x8000b30e
core   0: 0x8000b312 (0x3b878793) addi    a5, a5, 952
core   0: 3 0x8000b312 (0x3b878793) x15 0x8000b6c6
core   0: 0x8000b316 (0x00008d59) c.or    a0, a4
core   0: 3 0x8000b316 (0x8d59) x10 0x75ffffff
core   0: 0x8000b318 (0xfd678793) addi    a5, a5, -42
core   0: 3 0x8000b318 (0xfd678793) x15 0x8000b69c
core   0: 0x8000b31c (0x02199e33) mulh    t3, s3, ra
core   0: 3 0x8000b31c (0x02199e33) x28 0x00000000
core   0: 0x8000b320 (0x01924463) blt     tp, s9, pc + 8
core   0: 3 0x8000b320 (0x01924463)
core   0: 0x8000b328 (0x02a78fe7) jalr    t6, a5, 42
core   0: 3 0x8000b328 (0x02a78fe7) x31 0x8000b32c
core   0: 0x8000b6c6 (0x00001c51) c.addi  s8, -12
core   0: 3 0x8000b6c6 (0x1c51) x24 0x80025e38
core   0: 0x8000b6c8 (0xedf9a813) slti    a6, s3, -289
core   0: 3 0x8000b6c8 (0xedf9a813) x16 0x00000000
core   0: 0x8000b6cc (0x978b2113) slti    sp, s6, -1672
core   0: 3 0x8000b6cc (0x978b2113) x2  0x00000001
core   0: 0x8000b6d0 (0x0000893e) c.mv    s2, a5
core   0: 3 0x8000b6d0 (0x893e) x18 0x8000b69c
core   0: 0x8000b6d2 (0x01fc2223) sw      t6, 4(s8)
core   0: 3 0x8000b6d2 (0x01fc2223) mem 0x80025e3c 0x8000b32c
core   0: 0x8000b6d6 (0x340fd073) csrwi   mscratch, 31
core   0: 3 0x8000b6d6 (0x340fd073) c832_mscratch 0x0000001f
core   0: 0x8000b6da (0x41c35493) srai    s1, t1, 28
core   0: 3 0x8000b6da (0x41c35493) x9  0x00000000
core   0: 0x8000b6de (0x00000001) c.nop
core   0: 3 0x8000b6de (0x0001)
core   0: 0x8000b6e0 (0x00000516) c.slli  a0, 5
core   0: 3 0x8000b6e0 (0x0516) x10 0xbfffffe0
core   0: 0x8000b6e2 (0x02456db3) rem     s11, a0, tp
core   0: 3 0x8000b6e2 (0x02456db3) x27 0xffffffb8
core   0: 0x8000b6e6 (0x035480b3) mul     ra, s1, s5
core   0: 3 0x8000b6e6 (0x035480b3) x1  0x00000000
core   0: 0x8000b6ea (0x00000517) auipc   a0, 0x0
core   0: 3 0x8000b6ea (0x00000517) x10 0x8000b6ea
core   0: 0x8000b6ee (0xef650513) addi    a0, a0, -266
core   0: 3 0x8000b6ee (0xef650513) x10 0x8000b5e0
core   0: 0x8000b6f2 (0x34085673) csrrwi  a2, mscratch, 16
core   0: 3 0x8000b6f2 (0x34085673) x12 0x0000001f c832_mscratch 0x00000010
core   0: 0x8000b6f6 (0x00000001) c.nop
core   0: 3 0x8000b6f6 (0x0001)
core   0: 0x8000b6f8 (0x03502033) mulhsu  zero, zero, s5
core   0: 3 0x8000b6f8 (0x03502033)
core   0: 0x8000b6fc (0xe7d50513) addi    a0, a0, -387
core   0: 3 0x8000b6fc (0xe7d50513) x10 0x8000b45d
core   0: 0x8000b700 (0x00008669) c.srai  a2, 26
core   0: 3 0x8000b700 (0x8669) x12 0x00000000
core   0: 0x8000b702 (0x00b5fc63) bgeu    a1, a1, pc + 24
core   0: 3 0x8000b702 (0x00b5fc63)
core   0: 0x8000b71a (0x18350fe7) jalr    t6, a0, 387
core   0: 3 0x8000b71a (0x18350fe7) x31 0x8000b71e
core   0: 0x8000b5e0 (0xab04e693) ori     a3, s1, -1360
core   0: 3 0x8000b5e0 (0xab04e693) x13 0xfffffab0
core   0: 0x8000b5e4 (0xfc8c0c13) addi    s8, s8, -56
core   0: 3 0x8000b5e4 (0xfc8c0c13) x24 0x80025e00
core   0: 0x8000b5e8 (0x0371a4b3) mulhsu  s1, gp, s7
core   0: 3 0x8000b5e8 (0x0371a4b3) x9  0x00000000
core   0: 0x8000b5ec (0x00000001) c.nop
core   0: 3 0x8000b5ec (0x0001)
core   0: 0x8000b5ee (0xf191f213) andi    tp, gp, -231
core   0: 3 0x8000b5ee (0xf191f213) x4  0x00000000
core   0: 0x8000b5f2 (0x01586d33) or      s10, a6, s5
core   0: 3 0x8000b5f2 (0x01586d33) x26 0x00000000
core   0: 0x8000b5f6 (0x01fc2223) sw      t6, 4(s8)
core   0: 3 0x8000b5f6 (0x01fc2223) mem 0x80025e04 0x8000b71e
core   0: 0x8000b5fa (0x6f67d537) lui     a0, 0x6f67d
core   0: 3 0x8000b5fa (0x6f67d537) x10 0x6f67d000
core   0: 0x8000b5fe (0x62d30993) addi    s3, t1, 1581
core   0: 3 0x8000b5fe (0x62d30993) x19 0x0000063f
core   0: 0x8000b602 (0x032b00b3) mul     ra, s6, s2
core   0: 3 0x8000b602 (0x032b00b3) x1  0x54409210
core   0: 0x8000b606 (0x00001688) c.addi4spn a0, sp, 864
core   0: 3 0x8000b606 (0x1688) x10 0x00000361
core   0: 0x8000b608 (0x0ff0000f) fence   iorw,iorw
core   0: 3 0x8000b608 (0x0ff0000f)
core   0: 0x8000b60c (0x009533b3) sltu    t2, a0, s1
core   0: 3 0x8000b60c (0x009533b3) x7  0x00000000
core   0: 0x8000b610 (0x024f74b3) remu    s1, t5, tp
core   0: 3 0x8000b610 (0x024f74b3) x9  0x80029d24
core   0: 0x8000b614 (0x01f42533) slt     a0, s0, t6
core   0: 3 0x8000b614 (0x01f42533) x10 0x00000000
core   0: 0x8000b618 (0x0ff0000f) fence   iorw,iorw
core   0: 3 0x8000b618 (0x0ff0000f)
core   0: 0x8000b61c (0x0000871d) c.srai  a4, 7
core   0: 3 0x8000b61c (0x871d) x14 0x00ebbcdb
core   0: 0x8000b61e (0x02a85133) divu    sp, a6, a0
core   0: 3 0x8000b61e (0x02a85133) x2  0xffffffff
core   0: 0x8000b622 (0x01ea46b3) xor     a3, s4, t5
core   0: 3 0x8000b622 (0x01ea46b3) x13 0x80029d24
core   0: 0x8000b626 (0x00001614) c.addi4spn a3, sp, 800
core   0: 3 0x8000b626 (0x1614) x13 0x0000031f
core   0: 0x8000b628 (0x34006e73) csrrsi  t3, mscratch, 0
core   0: 3 0x8000b628 (0x34006e73) x28 0x00000010
core   0: 0x8000b62c (0xdd23bf93) sltiu   t6, t2, -558
core   0: 3 0x8000b62c (0xdd23bf93) x31 0x00000001
core   0: 0x8000b630 (0x037d9cb3) mulh    s9, s11, s7
core   0: 3 0x8000b630 (0x037d9cb3) x25 0x00000000
core   0: 0x8000b634 (0x0310f133) remu    sp, ra, a7
core   0: 3 0x8000b634 (0x0310f133) x2  0x54409210
core   0: 0x8000b638 (0x00008fd9) c.or    a5, a4
core   0: 3 0x8000b638 (0x8fd9) x15 0x80ebbedf
core   0: 0x8000b63a (0x019687b3) add     a5, a3, s9
core   0: 3 0x8000b63a (0x019687b3) x15 0x0000031f
core   0: 0x8000b63e (0x3401bbf3) csrrc   s7, mscratch, gp
core   0: 3 0x8000b63e (0x3401bbf3) x23 0x00000010 c832_mscratch 0x00000010
core   0: 0x8000b642 (0xc7410d93) addi    s11, sp, -908
core   0: 3 0x8000b642 (0xc7410d93) x27 0x54408e84
core   0: 0x8000b646 (0xf1baa693) slti    a3, s5, -229
core   0: 3 0x8000b646 (0xf1baa693) x13 0x00000000
core   0: 0x8000b64a (0x0147ad33) slt     s10, a5, s4
core   0: 3 0x8000b64a (0x0147ad33) x26 0x00000000
core   0: 0x8000b64e (0x03fd44b3) div     s1, s10, t6
core   0: 3 0x8000b64e (0x03fd44b3) x9  0x00000000
core   0: 0x8000b652 (0x004c2f83) lw      t6, 4(s8)
core   0: 3 0x8000b652 (0x004c2f83) x31 0x8000b71e mem 0x80025e04
core   0: 0x8000b656 (0x038c0c13) addi    s8, s8, 56
core   0: 3 0x8000b656 (0x038c0c13) x24 0x80025e38
core   0: 0x8000b65a (0x00890333) add     t1, s2, s0
core   0: 3 0x8000b65a (0x00890333) x6  0x70a7a65d
core   0: 0x8000b65e (0x001f8293) addi    t0, t6, 1
core   0: 3 0x8000b65e (0x001f8293) x5  0x8000b71f
core   0: 0x8000b662 (0x00009282) c.jalr  t0
core   0: 3 0x8000b662 (0x9282) x1  0x8000b664
core   0: 0x8000b71e (0x0ff0000f) fence   iorw,iorw
core   0: 3 0x8000b71e (0x0ff0000f)
core   0: 0x8000b722 (0x0b692713) slti    a4, s2, 182
core   0: 3 0x8000b722 (0x0b692713) x14 0x00000001
core   0: 0x8000b726 (0x340c96f3) csrrw   a3, mscratch, s9
core   0: 3 0x8000b726 (0x340c96f3) x13 0x00000010 c832_mscratch 0x00000000
core   0: 0x8000b72a (0x00001e08) c.addi4spn a0, sp, 816
core   0: 3 0x8000b72a (0x1e08) x10 0x54409540
core   0: 0x8000b72c (0x40ee0633) sub     a2, t3, a4
core   0: 3 0x8000b72c (0x40ee0633) x12 0x0000000f
core   0: 0x8000b730 (0x34097873) csrrci  a6, mscratch, 18
core   0: 3 0x8000b730 (0x34097873) x16 0x00000000 c832_mscratch 0x00000000
core   0: 0x8000b734 (0x03a2ab33) mulhsu  s6, t0, s10
core   0: 3 0x8000b734 (0x03a2ab33) x22 0x00000000
core   0: 0x8000b738 (0xbc8c4f13) xori    t5, s8, -1080
core   0: 3 0x8000b738 (0xbc8c4f13) x30 0x7ffda5f0
core   0: 0x8000b73c (0x5382c193) xori    gp, t0, 1336
core   0: 3 0x8000b73c (0x5382c193) x3  0x8000b227
core   0: 0x8000b740 (0xd97fffef) jal     t6, pc - 0x26a
core   0: 3 0x8000b740 (0xd97fffef) x31 0x8000b744
core   0: 0x8000b4d6 (0x0000c691) c.beqz  a3, pc + 12
core   0: 3 0x8000b4d6 (0xc691)
core   0: 0x8000b4d8 (0x5be58493) addi    s1, a1, 1470
core   0: 3 0x8000b4d8 (0x5be58493) x9  0xf0a6f57f
core   0: 0x8000b4dc (0x00006b65) c.lui   s6, 0x19
core   0: 3 0x8000b4dc (0x6b65) x22 0x00019000
core   0: 0x8000b4de (0x000053fd) c.li    t2, -1
core   0: 3 0x8000b4de (0x53fd) x7  0xffffffff
core   0: 0x8000b4e0 (0x000059fd) c.li    s3, -1
core   0: 3 0x8000b4e0 (0x59fd) x19 0xffffffff
core   0: 0x8000b4e2 (0xfc8c0c13) addi    s8, s8, -56
core   0: 3 0x8000b4e2 (0xfc8c0c13) x24 0x80025e00
core   0: 0x8000b4e6 (0x00008ce9) c.and   s1, a0
core   0: 3 0x8000b4e6 (0x8ce9) x9  0x50009540
core   0: 0x8000b4e8 (0x01fc2223) sw      t6, 4(s8)
core   0: 3 0x8000b4e8 (0x01fc2223) mem 0x80025e04 0x8000b744
core   0: 0x8000b4ec (0x00825213) srli    tp, tp, 8
core   0: 3 0x8000b4ec (0x00825213) x4  0x00000000
core   0: 0x8000b4f0 (0x9a39f193) andi    gp, s3, -1629
core   0: 3 0x8000b4f0 (0x9a39f193) x3  0xfffff9a3
core   0: 0x8000b4f4 (0x00008d91) c.sub   a1, a2
core   0: 3 0x8000b4f4 (0x8d91) x11 0xf0a6efb2
core   0: 0x8000b4f6 (0x01775a33) srl     s4, a4, s7
core   0: 3 0x8000b4f6 (0x01775a33) x20 0x00000000
core   0: 0x8000b4fa (0x0000030a) c.slli  t1, 2
core   0: 3 0x8000b4fa (0x030a) x6  0xc29e9974
core   0: 0x8000b4fc (0x018f6d33) or      s10, t5, s8
core   0: 3 0x8000b4fc (0x018f6d33) x26 0xfffffff0
core   0: 0x8000b500 (0x0128fa63) bgeu    a7, s2, pc + 20
core   0: 3 0x8000b500 (0x0128fa63)
core   0: 0x8000b504 (0x03058a33) mul     s4, a1, a6
core   0: 3 0x8000b504 (0x03058a33) x20 0x00000000
core   0: 0x8000b508 (0x00008cf1) c.and   s1, a2
core   0: 3 0x8000b508 (0x8cf1) x9  0x00000000
core   0: 0x8000b50a (0x0800c097) auipc   ra, 0x800c
core   0: 3 0x8000b50a (0x0800c097) x1  0x8801750a
core   0: 0x8000b50e (0x00009be6) c.add   s7, s9
core   0: 3 0x8000b50e (0x9be6) x23 0x00000010
core   0: 0x8000b510 (0x0006e9b3) or      s3, a3, zero
core   0: 3 0x8000b510 (0x0006e9b3) x19 0x00000010
core   0: 0x8000b514 (0x85aa6b93) ori     s7, s4, -1958
core   0: 3 0x8000b514 (0x85aa6b93) x23 0xfffff85a
core   0: 0x8000b518 (0x3405b973) csrrc   s2, mscratch, a1
core   0: 3 0x8000b518 (0x3405b973) x18 0x00000000 c832_mscratch 0x00000000
core   0: 0x8000b51c (0xe755c893) xori    a7, a1, -395
core   0: 3 0x8000b51c (0xe755c893) x17 0x0f5911c7
core   0: 0x8000b520 (0x004c2f83) lw      t6, 4(s8)
core   0: 3 0x8000b520 (0x004c2f83) x31 0x8000b744 mem 0x80025e04
core   0: 0x8000b524 (0x340061f3) csrrsi  gp, mscratch, 0
core   0: 3 0x8000b524 (0x340061f3) x3  0x00000000
core   0: 0x8000b528 (0x00001090) c.addi4spn a2, sp, 96
core   0: 3 0x8000b528 (0x1090) x12 0x54409270
core   0: 0x8000b52a (0x00008cad) c.xor   s1, a1
core   0: 3 0x8000b52a (0x8cad) x9  0xf0a6efb2
core   0: 0x8000b52c (0x00000001) c.nop
core   0: 3 0x8000b52c (0x0001)
core   0: 0x8000b52e (0x407886b3) sub     a3, a7, t2
core   0: 3 0x8000b52e (0x407886b3) x13 0x0f5911c8
core   0: 0x8000b532 (0x038c0c13) addi    s8, s8, 56
core   0: 3 0x8000b532 (0x038c0c13) x24 0x80025e38
core   0: 0x8000b536 (0x020f5ab3) divu    s5, t5, zero
core   0: 3 0x8000b536 (0x020f5ab3) x21 0xffffffff
core   0: 0x8000b53a (0x00008d91) c.sub   a1, a2
core   0: 3 0x8000b53a (0x8d91) x11 0x9c665d42
core   0: 0x8000b53c (0x76d60913) addi    s2, a2, 1901
core   0: 3 0x8000b53c (0x76d60913) x18 0x544099dd
core   0: 0x8000b540 (0x001f8e13) addi    t3, t6, 1
core   0: 3 0x8000b540 (0x001f8e13) x28 0x8000b745
core   0: 0x8000b544 (0x00009e02) c.jalr  t3
core   0: 3 0x8000b544 (0x9e02) x1  0x8000b546
core   0: 0x8000b744 (0x340b1a73) csrrw   s4, mscratch, s6
core   0: 3 0x8000b744 (0x340b1a73) x20 0x00000000 c832_mscratch 0x00019000
core   0: 0x8000b748 (0x00000917) auipc   s2, 0x0
core   0: 3 0x8000b748 (0x00000917) x18 0x8000b748
core   0: 0x8000b74c (0xe9890913) addi    s2, s2, -360
core   0: 3 0x8000b74c (0xe9890913) x18 0x8000b5e0
core   0: 0x8000b750 (0x009e47b3) xor     a5, t3, s1
core   0: 3 0x8000b750 (0x009e47b3) x15 0x70a658f7
core   0: 0x8000b754 (0x00009dee) c.add   s11, s11
core   0: 3 0x8000b754 (0x9dee) x27 0xa8811d08
core   0: 0x8000b756 (0x03bfe2b3) rem     t0, t6, s11
core   0: 3 0x8000b756 (0x03bfe2b3) x5  0xd77f9a3c
core   0: 0x8000b75a (0x340079f3) csrrci  s3, mscratch, 0
core   0: 3 0x8000b75a (0x340079f3) x19 0x00019000
core   0: 0x8000b75e (0xe5590913) addi    s2, s2, -427
core   0: 3 0x8000b75e (0xe5590913) x18 0x8000b435
core   0: 0x8000b762 (0x00581513) slli    a0, a6, 5
core   0: 3 0x8000b762 (0x00581513) x10 0x00000000
core   0: 0x8000b766 (0x000083c1) c.srli  a5, 16
core   0: 3 0x8000b766 (0x83c1) x15 0x000070a6
core   0: 0x8000b768 (0x01925463) bge     tp, s9, pc + 8
core   0: 3 0x8000b768 (0x01925463)
core   0: 0x8000b770 (0x1ac90fe7) jalr    t6, s2, 428
core   0: 3 0x8000b770 (0x1ac90fe7) x31 0x8000b774
core   0: 0x8000b5e0 (0xab04e693) ori     a3, s1, -1360
core   0: 3 0x8000b5e0 (0xab04e693) x13 0xffffffb2
core   0: 0x8000b5e4 (0xfc8c0c13) addi    s8, s8, -56
core   0: 3 0x8000b5e4 (0xfc8c0c13) x24 0x80025e00
core   0: 0x8000b5e8 (0x0371a4b3) mulhsu  s1, gp, s7
core   0: 3 0x8000b5e8 (0x0371a4b3) x9  0x00000000
core   0: 0x8000b5ec (0x00000001) c.nop
core   0: 3 0x8000b5ec (0x0001)
core   0: 0x8000b5ee (0xf191f213) andi    tp, gp, -231
core   0: 3 0x8000b5ee (0xf191f213) x4  0x00000000
core   0: 0x8000b5f2 (0x01586d33) or      s10, a6, s5
core   0: 3 0x8000b5f2 (0x01586d33) x26 0xffffffff
core   0: 0x8000b5f6 (0x01fc2223) sw      t6, 4(s8)
core   0: 3 0x8000b5f6 (0x01fc2223) mem 0x80025e04 0x8000b774
core   0: 0x8000b5fa (0x6f67d537) lui     a0, 0x6f67d
core   0: 3 0x8000b5fa (0x6f67d537) x10 0x6f67d000
core   0: 0x8000b5fe (0x62d30993) addi    s3, t1, 1581
core   0: 3 0x8000b5fe (0x62d30993) x19 0xc29e9fa1
core   0: 0x8000b602 (0x032b00b3) mul     ra, s6, s2
core   0: 3 0x8000b602 (0x032b00b3) x1  0x1992d000
core   0: 0x8000b606 (0x00001688) c.addi4spn a0, sp, 864
core   0: 3 0x8000b606 (0x1688) x10 0x54409570
core   0: 0x8000b608 (0x0ff0000f) fence   iorw,iorw
core   0: 3 0x8000b608 (0x0ff0000f)
core   0: 0x8000b60c (0x009533b3) sltu    t2, a0, s1
core   0: 3 0x8000b60c (0x009533b3) x7  0x00000000
core   0: 0x8000b610 (0x024f74b3) remu    s1, t5, tp
core   0: 3 0x8000b610 (0x024f74b3) x9  0x7ffda5f0
core   0: 0x8000b614 (0x01f42533) slt     a0, s0, t6
core   0: 3 0x8000b614 (0x01f42533) x10 0x00000000
core   0: 0x8000b618 (0x0ff0000f) fence   iorw,iorw
core   0: 3 0x8000b618 (0x0ff0000f)
core   0: 0x8000b61c (0x0000871d) c.srai  a4, 7
core   0: 3 0x8000b61c (0x871d) x14 0x00000000
core   0: 0x8000b61e (0x02a85133) divu    sp, a6, a0
core   0: 3 0x8000b61e (0x02a85133) x2  0xffffffff
core   0: 0x8000b622 (0x01ea46b3) xor     a3, s4, t5
core   0: 3 0x8000b622 (0x01ea46b3) x13 0x7ffda5f0
core   0: 0x8000b626 (0x00001614) c.addi4spn a3, sp, 800
core   0: 3 0x8000b626 (0x1614) x13 0x0000031f
core   0: 0x8000b628 (0x34006e73) csrrsi  t3, mscratch, 0
core   0: 3 0x8000b628 (0x34006e73) x28 0x00019000
core   0: 0x8000b62c (0xdd23bf93) sltiu   t6, t2, -558
core   0: 3 0x8000b62c (0xdd23bf93) x31 0x00000001
core   0: 0x8000b630 (0x037d9cb3) mulh    s9, s11, s7
core   0: 3 0x8000b630 (0x037d9cb3) x25 0x0000029d
core   0: 0x8000b634 (0x0310f133) remu    sp, ra, a7
core   0: 3 0x8000b634 (0x0310f133) x2  0x0a39be39
core   0: 0x8000b638 (0x00008fd9) c.or    a5, a4
core   0: 3 0x8000b638 (0x8fd9) x15 0x000070a6
core   0: 0x8000b63a (0x019687b3) add     a5, a3, s9
core   0: 3 0x8000b63a (0x019687b3) x15 0x000005bc
core   0: 0x8000b63e (0x3401bbf3) csrrc   s7, mscratch, gp
core   0: 3 0x8000b63e (0x3401bbf3) x23 0x00019000 c832_mscratch 0x00019000
core   0: 0x8000b642 (0xc7410d93) addi    s11, sp, -908
core   0: 3 0x8000b642 (0xc7410d93) x27 0x0a39baad
core   0: 0x8000b646 (0xf1baa693) slti    a3, s5, -229
core   0: 3 0x8000b646 (0xf1baa693) x13 0x00000000
core   0: 0x8000b64a (0x0147ad33) slt     s10, a5, s4
core   0: 3 0x8000b64a (0x0147ad33) x26 0x00000000
core   0: 0x8000b64e (0x03fd44b3) div     s1, s10, t6
core   0: 3 0x8000b64e (0x03fd44b3) x9  0x00000000
core   0: 0x8000b652 (0x004c2f83) lw      t6, 4(s8)
core   0: 3 0x8000b652 (0x004c2f83) x31 0x8000b774 mem 0x80025e04
core   0: 0x8000b656 (0x038c0c13) addi    s8, s8, 56
core   0: 3 0x8000b656 (0x038c0c13) x24 0x80025e38
core   0: 0x8000b65a (0x00890333) add     t1, s2, s0
core   0: 3 0x8000b65a (0x00890333) x6  0x70a7a3f6
core   0: 0x8000b65e (0x001f8293) addi    t0, t6, 1
core   0: 3 0x8000b65e (0x001f8293) x5  0x8000b775
core   0: 0x8000b662 (0x00009282) c.jalr  t0
core   0: 3 0x8000b662 (0x9282) x1  0x8000b664
core   0: 0x8000b774 (0x05d17063) bgeu    sp, t4, pc + 64
core   0: 3 0x8000b774 (0x05d17063)
core   0: 0x8000b778 (0x00009dd6) c.add   s11, s5
core   0: 3 0x8000b778 (0x9dd6) x27 0x0a39baac
core   0: 0x8000b77a (0x02b8d8b3) divu    a7, a7, a1
core   0: 3 0x8000b77a (0x02b8d8b3) x17 0x00000000
core   0: 0x8000b77e (0x00008fa9) c.xor   a5, a0
core   0: 3 0x8000b77e (0x8fa9) x15 0x000005bc
core   0: 0x8000b780 (0x013a73b3) and     t2, s4, s3
core   0: 3 0x8000b780 (0x013a73b3) x7  0x00000000
core   0: 0x8000b784 (0x419b5513) srai    a0, s6, 25
core   0: 3 0x8000b784 (0x419b5513) x10 0x00000000
core   0: 0x8000b788 (0x029e0133) mul     sp, t3, s1
core   0: 3 0x8000b788 (0x029e0133) x2  0x00000000
core   0: 0x8000b78c (0x0272afb3) mulhsu  t6, t0, t2
core   0: 3 0x8000b78c (0x0272afb3) x31 0x00000000
core   0: 0x8000b790 (0x02609263) bne     ra, t1, pc + 36
core   0: 3 0x8000b790 (0x02609263)
core   0: 0x8000b7b4 (0x012d5263) bge     s10, s2, pc + 4
core   0: 3 0x8000b7b4 (0x012d5263)
core   0: 0x8000b7b8 (0x34081d73) csrrw   s10, mscratch, a6
core   0: 3 0x8000b7b8 (0x34081d73) x26 0x00019000 c832_mscratch 0x00000000
core   0: 0x8000b7bc (0x00006841) c.lui   a6, 0x10
core   0: 3 0x8000b7bc (0x6841) x16 0x00010000
core   0: 0x8000b7be (0x036ef6b3) remu    a3, t4, s6
core   0: 3 0x8000b7be (0x036ef6b3) x13 0x00004d24
core   0: 0x8000b7c2 (0x004c2f83) lw      t6, 4(s8)
core   0: 3 0x8000b7c2 (0x004c2f83) x31 0x8000b32c mem 0x80025e3c
core   0: 0x8000b7c6 (0x033468b3) rem     a7, s0, s3
core   0: 3 0x8000b7c6 (0x033468b3) x17 0xf0a6efc1
core   0: 0x8000b7ca (0x00000c31) c.addi  s8, 12
core   0: 3 0x8000b7ca (0x0c31) x24 0x80025e44
core   0: 0x8000b7cc (0x0ff0000f) fence   iorw,iorw
core   0: 3 0x8000b7cc (0x0ff0000f)
core   0: 0x8000b7d0 (0x001f8313) addi    t1, t6, 1
core   0: 3 0x8000b7d0 (0x001f8313) x6  0x8000b32d
core   0: 0x8000b7d4 (0x00009302) c.jalr  t1
core   0: 3 0x8000b7d4 (0x9302) x1  0x8000b7d6
core   0: 0x8000b32c (0x34662b93) slti    s7, a2, 838
core   0: 3 0x8000b32c (0x34662b93) x23 0x00000000
core   0: 0x8000b330 (0x34093cf3) csrrc   s9, mscratch, s2
core   0: 3 0x8000b330 (0x34093cf3) x25 0x00000000 c832_mscratch 0x00000000
core   0: 0x8000b334 (0x00000a17) auipc   s4, 0x0
core   0: 3 0x8000b334 (0x00000a17) x20 0x8000b334
core   0: 0x8000b338 (0x110a0a13) addi    s4, s4, 272
core   0: 3 0x8000b338 (0x110a0a13) x20 0x8000b444
core   0: 0x8000b33c (0x00000bfe) c.slli  s7, 31
core   0: 3 0x8000b33c (0x0bfe) x23 0x00000000
core   0: 0x8000b33e (0x00008249) c.srli  a2, 18
core   0: 3 0x8000b33e (0x8249) x12 0x00001510
core   0: 0x8000b340 (0xf21a0a13) addi    s4, s4, -223
core   0: 3 0x8000b340 (0xf21a0a13) x20 0x8000b365
core   0: 0x8000b344 (0x02072333) mulhsu  t1, a4, zero
core   0: 3 0x8000b344 (0x02072333) x6  0x00000000
core   0: 0x8000b348 (0x0ff0000f) fence   iorw,iorw
core   0: 3 0x8000b348 (0x0ff0000f)
core   0: 0x8000b34c (0x020f30b3) mulhu   ra, t5, zero
core   0: 3 0x8000b34c (0x020f30b3) x1  0x00000000
core   0: 0x8000b350 (0x01382133) slt     sp, a6, s3
core   0: 3 0x8000b350 (0x01382133) x2  0x00000000
core   0: 0x8000b354 (0x00ea0563) beq     s4, a4, pc + 10
core   0: 3 0x8000b354 (0x00ea0563)
core   0: 0x8000b358 (0x00009da2) c.add   s11, s0
core   0: 3 0x8000b358 (0x9da2) x27 0xfae0aa6d
core   0: 0x8000b35a (0x00122fb3) slt     t6, tp, ra
core   0: 3 0x8000b35a (0x00122fb3) x31 0x00000000
core   0: 0x8000b35e (0x0dfa0fe7) jalr    t6, s4, 223
core   0: 3 0x8000b35e (0x0dfa0fe7) x31 0x8000b362
core   0: 0x8000b444 (0x019b0f33) add     t5, s6, s9
core   0: 3 0x8000b444 (0x019b0f33) x30 0x00019000
core   0: 0x8000b448 (0x012b2733) slt     a4, s6, s2
core   0: 3 0x8000b448 (0x012b2733) x14 0x00000000
core   0: 0x8000b44c (0x00008cd1) c.or    s1, a2
core   0: 3 0x8000b44c (0x8cd1) x9  0x00001510
core   0: 0x8000b44e (0x00000001) c.nop
core   0: 3 0x8000b44e (0x0001)
core   0: 0x8000b450 (0x00008f8d) c.sub   a5, a1
core   0: 3 0x8000b450 (0x8f8d) x15 0x6399a87a
core   0: 0x8000b452 (0x00001c31) c.addi  s8, -20
core   0: 3 0x8000b452 (0x1c31) x24 0x80025e30
core   0: 0x8000b454 (0x01fc2223) sw      t6, 4(s8)
core   0: 3 0x8000b454 (0x01fc2223) mem 0x80025e34 0x8000b362
core   0: 0x8000b458 (0x0161d313) srli    t1, gp, 22
core   0: 3 0x8000b458 (0x0161d313) x6  0x00000000
core   0: 0x8000b45c (0xe27da213) slti    tp, s11, -473
core   0: 3 0x8000b45c (0xe27da213) x4  0x00000001
core   0: 0x8000b460 (0x00008275) c.srli  a2, 29
core   0: 3 0x8000b460 (0x8275) x12 0x00000000
core   0: 0x8000b462 (0x0061b7b3) sltu    a5, gp, t1
core   0: 3 0x8000b462 (0x0061b7b3) x15 0x00000000
core   0: 0x8000b466 (0x0000717d) c.addi16sp sp, -16
core   0: 3 0x8000b466 (0x717d) x2  0xfffffff0
core   0: 0x8000b468 (0x0000100f) fence.i
core   0: 3 0x8000b468 (0x0000100f)
core   0: 0x8000b46c (0x00009d2a) c.add   s10, a0
core   0: 3 0x8000b46c (0x9d2a) x26 0x00019000
core   0: 0x8000b46e (0x03c90a63) beq     s2, t3, pc + 52
core   0: 3 0x8000b46e (0x03c90a63)
core   0: 0x8000b472 (0x00000f14) c.addi4spn a3, sp, 912
core   0: 3 0x8000b472 (0x0f14) x13 0x00000380
core   0: 0x8000b474 (0x02146233) rem     tp, s0, ra
core   0: 3 0x8000b474 (0x02146233) x4  0xf0a6efc1
core   0: 0x8000b478 (0x4083db33) sra     s6, t2, s0
core   0: 3 0x8000b478 (0x4083db33) x22 0x00000000
core   0: 0x8000b47c (0x00c48963) beq     s1, a2, pc + 18
core   0: 3 0x8000b47c (0x00c48963)
core   0: 0x8000b480 (0x000084dd) c.srai  s1, 23
core   0: 3 0x8000b480 (0x84dd) x9  0x00000000
core   0: 0x8000b482 (0x00008cf5) c.and   s1, a3
core   0: 3 0x8000b482 (0x8cf5) x9  0x00000000
core   0: 0x8000b484 (0xed04ea13) ori     s4, s1, -304
core   0: 3 0x8000b484 (0xed04ea13) x20 0xfffffed0
core   0: 0x8000b488 (0x340af673) csrrci  a2, mscratch, 21
core   0: 3 0x8000b488 (0x340af673) x12 0x00000000 c832_mscratch 0x00000000
core   0: 0x8000b48c (0x0000e30d) c.bnez  a4, pc + 34
core   0: 3 0x8000b48c (0xe30d)
core   0: 0x8000b48e (0x02d78063) beq     a5, a3, pc + 32
core   0: 3 0x8000b48e (0x02d78063)
core   0: 0x8000b492 (0x0000858d) c.srai  a1, 3
core   0: 3 0x8000b492 (0x858d) x11 0xf38ccba8
core   0: 0x8000b494 (0x00000284) c.addi4spn s1, sp, 320
core   0: 3 0x8000b494 (0x0284) x9  0x00000130
core   0: 0x8000b496 (0x020541b3) div     gp, a0, zero
core   0: 3 0x8000b496 (0x020541b3) x3  0xffffffff
core   0: 0x8000b49a (0x03e52a33) mulhsu  s4, a0, t5
core   0: 3 0x8000b49a (0x03e52a33) x20 0x00000000
core   0: 0x8000b49e (0x01c3ce33) xor     t3, t2, t3
core   0: 3 0x8000b49e (0x01c3ce33) x28 0x00019000
core   0: 0x8000b4a2 (0x408682b3) sub     t0, a3, s0
core   0: 3 0x8000b4a2 (0x408682b3) x5  0x0f5913bf
core   0: 0x8000b4a6 (0x00008f8d) c.sub   a5, a1
core   0: 3 0x8000b4a6 (0x8f8d) x15 0x0c733458
core   0: 0x8000b4a8 (0x00008611) c.srai  a2, 4
core   0: 3 0x8000b4a8 (0x8611) x12 0x00000000
core   0: 0x8000b4aa (0x029869b3) rem     s3, a6, s1
core   0: 3 0x8000b4aa (0x029869b3) x19 0x000000b0
core   0: 0x8000b4ae (0x018115b3) sll     a1, sp, s8
core   0: 3 0x8000b4ae (0x018115b3) x11 0xfff00000
core   0: 0x8000b4b2 (0x00000f55) c.addi  t5, 21
core   0: 3 0x8000b4b2 (0x0f55) x30 0x00019015
core   0: 0x8000b4b4 (0x00ba5e33) srl     t3, s4, a1
core   0: 3 0x8000b4b4 (0x00ba5e33) x28 0x00000000
core   0: 0x8000b4b8 (0x0338eab3) rem     s5, a7, s3
core   0: 3 0x8000b4b8 (0x0338eab3) x21 0xffffffc1
core   0: 0x8000b4bc (0x00008f5e) c.mv    t5, s7
core   0: 3 0x8000b4bc (0x8f5e) x30 0x00000000
core   0: 0x8000b4be (0x000044d1) c.li    s1, 20
core   0: 3 0x8000b4be (0x44d1) x9  0x00000014
core   0: 0x8000b4c0 (0x004c2f83) lw      t6, 4(s8)
core   0: 3 0x8000b4c0 (0x004c2f83) x31 0x8000b362 mem 0x80025e34
core   0: 0x8000b4c4 (0x00000c51) c.addi  s8, 20
core   0: 3 0x8000b4c4 (0x0c51) x24 0x80025e44
core   0: 0x8000b4c6 (0x01762033) slt     zero, a2, s7
core   0: 3 0x8000b4c6 (0x01762033)
core   0: 0x8000b4ca (0x340d5573) csrrwi  a0, mscratch, 26
core   0: 3 0x8000b4ca (0x340d5573) x10 0x00000000 c832_mscratch 0x0000001a
core   0: 0x8000b4ce (0x001f8a13) addi    s4, t6, 1
core   0: 3 0x8000b4ce (0x001f8a13) x20 0x8000b363
core   0: 0x8000b4d2 (0x000a0a67) jalr    s4, s4, 0
core   0: 3 0x8000b4d2 (0x000a0a67) x20 0x8000b4d6
core   0: 0x8000b362 (0x00000001) c.nop
core   0: 3 0x8000b362 (0x0001)
core   0: 0x8000b364 (0x34006273) csrrsi  tp, mscratch, 0
core   0: 3 0x8000b364 (0x34006273) x4  0x0000001a
core   0: 0x8000b368 (0x03b2e063) bltu    t0, s11, pc + 32
core   0: 3 0x8000b368 (0x03b2e063)
core   0: 0x8000b388 (0x0354e333) rem     t1, s1, s5
core   0: 3 0x8000b388 (0x0354e333) x6  0x00000014
core   0: 0x8000b38c (0x01b983b3) add     t2, s3, s11
core   0: 3 0x8000b38c (0x01b983b3) x7  0xfae0ab1d
core   0: 0x8000b390 (0x02d56733) rem     a4, a0, a3
core   0: 3 0x8000b390 (0x02d56733) x14 0x00000000
core   0: 0x8000b394 (0x000057fd) c.li    a5, -1
core   0: 3 0x8000b394 (0x57fd) x15 0xffffffff
core   0: 0x8000b396 (0x00001e0c) c.addi4spn a1, sp, 816
core   0: 3 0x8000b396 (0x1e0c) x11 0x00000320
core   0: 0x8000b398 (0x000009da) c.slli  s3, 22
core   0: 3 0x8000b398 (0x09da) x19 0x2c000000
core   0: 0x8000b39a (0x00d88fb3) add     t6, a7, a3
core   0: 3 0x8000b39a (0x00d88fb3) x31 0xf0a6f341
core   0: 0x8000b39e (0x026f8cb3) mul     s9, t6, t1
core   0: 3 0x8000b39e (0x026f8cb3) x25 0xcd0b0114
core   0: 0x8000b3a2 (0x340f1e73) csrrw   t3, mscratch, t5
core   0: 3 0x8000b3a2 (0x340f1e73) x28 0x0000001a c832_mscratch 0x00000000
core   0: 0x8000b3a6 (0x333d4e13) xori    t3, s10, 819
core   0: 3 0x8000b3a6 (0x333d4e13) x28 0x00019333
core   0: 0x8000b3aa (0x00008e15) c.sub   a2, a3
core   0: 3 0x8000b3aa (0x8e15) x12 0xfffffc80
core   0: 0x8000b3ac (0x0264f033) remu    zero, s1, t1
core   0: 3 0x8000b3ac (0x0264f033)
core   0: 0x8000b3b0 (0xadb3a213) slti    tp, t2, -1317
core   0: 3 0x8000b3b0 (0xadb3a213) x4  0x00000001
core   0: 0x8000b3b4 (0x01591e33) sll     t3, s2, s5
core   0: 3 0x8000b3b4 (0x01591e33) x28 0x0001686a
core   0: 0x8000b3b8 (0x00008371) c.srli  a4, 28
core   0: 3 0x8000b3b8 (0x8371) x14 0x00000000
core   0: 0x8000b3ba (0x340021f3) csrr    gp, mscratch
core   0: 3 0x8000b3ba (0x340021f3) x3  0x00000000
core   0: 0x8000b3be (0xe8b47597) auipc   a1, 0xe8b47
core   0: 3 0x8000b3be (0xe8b47597) x11 0x68b523be
core   0: 0x8000b3c2 (0x000083aa) c.mv    t2, a0
core   0: 3 0x8000b3c2 (0x83aa) x7  0x00000000
core   0: 0x8000b3c4 (0x40d104b3) sub     s1, sp, a3
core   0: 3 0x8000b3c4 (0x40d104b3) x9  0xfffffc70
core   0: 0x8000b3c8 (0x41205e13) srai    t3, zero, 18
core   0: 3 0x8000b3c8 (0x41205e13) x28 0x00000000
core   0: 0x8000b3cc (0x0438f463) bgeu    a7, gp, pc + 72
core   0: 3 0x8000b3cc (0x0438f463)
core   0: 0x8000b414 (0x0000c291) c.beqz  a3, pc + 4
core   0: 3 0x8000b414 (0xc291)
core   0: 0x8000b416 (0x0000e209) c.bnez  a2, pc + 2
core   0: 3 0x8000b416 (0xe209)
core   0: 0x8000b418 (0x029246b3) div     a3, tp, s1
core   0: 3 0x8000b418 (0x029246b3) x13 0x00000000
core   0: 0x8000b41c (0x004c2f83) lw      t6, 4(s8)
core   0: 3 0x8000b41c (0x004c2f83) x31 0x8000b186 mem 0x80025e48
core   0: 0x8000b420 (0x033815b3) mulh    a1, a6, s3
core   0: 3 0x8000b420 (0x033815b3) x11 0x00002c00
core   0: 0x8000b424 (0x02cc0c13) addi    s8, s8, 44
core   0: 3 0x8000b424 (0x02cc0c13) x24 0x80025e70
core   0: 0x8000b428 (0x000063ed) c.lui   t2, 0x1b
core   0: 3 0x8000b428 (0x63ed) x7  0x0001b000
core   0: 0x8000b42a (0x00006185) c.lui   gp, 0x1
core   0: 3 0x8000b42a (0x6185) x3  0x00001000
core   0: 0x8000b42c (0x9cd33a93) sltiu   s5, t1, -1587
core   0: 3 0x8000b42c (0x9cd33a93) x21 0x00000001
core   0: 0x8000b430 (0x03f478b3) remu    a7, s0, t6
core   0: 3 0x8000b430 (0x03f478b3) x17 0x70a63e3b
core   0: 0x8000b434 (0x41e34517) auipc   a0, 0x41e34
core   0: 3 0x8000b434 (0x41e34517) x10 0xc1e3f434
core   0: 0x8000b438 (0x00008615) c.srai  a2, 5
core   0: 3 0x8000b438 (0x8615) x12 0xffffffe4
core   0: 0x8000b43a (0xc305ef13) ori     t5, a1, -976
core   0: 3 0x8000b43a (0xc305ef13) x30 0xfffffc30
core   0: 0x8000b43e (0x000f8e13) mv      t3, t6
core   0: 3 0x8000b43e (0x000f8e13) x28 0x8000b186
core   0: 0x8000b442 (0x00009e02) c.jalr  t3
core   0: 3 0x8000b442 (0x9e02) x1  0x8000b444
core   0: 0x8000b186 (0x0ff0000f) fence   iorw,iorw
core   0: 3 0x8000b186 (0x0ff0000f)
core   0: 0x8000b18a (0x0000030c) c.addi4spn a1, sp, 384
core   0: 3 0x8000b18a (0x030c) x11 0x00000170
core   0: 0x8000b18c (0x0000100f) fence.i
core   0: 3 0x8000b18c (0x0000100f)
core   0: 0x8000b190 (0x02e9c133) div     sp, s3, a4
core   0: 3 0x8000b190 (0x02e9c133) x2  0xffffffff
core   0: 0x8000b194 (0x01a1b233) sltu    tp, gp, s10
core   0: 3 0x8000b194 (0x01a1b233) x4  0x00000001
core   0: 0x8000b198 (0x00008d62) c.mv    s10, s8
core   0: 3 0x8000b198 (0x8d62) x26 0x80025e70
core   0: 0x8000b19a (0x0ff0000f) fence   iorw,iorw
core   0: 3 0x8000b19a (0x0ff0000f)
core   0: 0x8000b19e (0x021cc133) div     sp, s9, ra
core   0: 3 0x8000b19e (0x021cc133) x2  0x00000000
core   0: 0x8000b1a2 (0x00000f5d) c.addi  t5, 23
core   0: 3 0x8000b1a2 (0x0f5d) x30 0xfffffc47
core   0: 0x8000b1a4 (0x020be4b3) rem     s1, s7, zero
core   0: 3 0x8000b1a4 (0x020be4b3) x9  0x00000000
core   0: 0x8000b1a8 (0x01a6aab3) slt     s5, a3, s10
core   0: 3 0x8000b1a8 (0x01a6aab3) x21 0x00000000
core   0: 0x8000b1ac (0x02a48f33) mul     t5, s1, a0
core   0: 3 0x8000b1ac (0x02a48f33) x30 0x00000000
core   0: 0x8000b1b0 (0x0135d6b3) srl     a3, a1, s3
core   0: 3 0x8000b1b0 (0x0135d6b3) x13 0x00000170
core   0: 0x8000b1b4 (0x0000034d) c.addi  t1, 19
core   0: 3 0x8000b1b4 (0x034d) x6  0x00000027
core   0: 0x8000b1b6 (0x0107cd33) xor     s10, a5, a6
core   0: 3 0x8000b1b6 (0x0107cd33) x26 0xfffeffff
core   0: 0x8000b1ba (0x030271b3) remu    gp, tp, a6
core   0: 3 0x8000b1ba (0x030271b3) x3  0x00000001
core   0: 0x8000b1be (0x010e76b3) and     a3, t3, a6
core   0: 3 0x8000b1be (0x010e76b3) x13 0x00000000
core   0: 0x8000b1c2 (0x00005dfd) c.li    s11, -1
core   0: 3 0x8000b1c2 (0x5dfd) x27 0xffffffff
core   0: 0x8000b1c4 (0x004c2f83) lw      t6, 4(s8)
core   0: 3 0x8000b1c4 (0x004c2f83) x31 0x8000b0b6 mem 0x80025e74
core   0: 0x8000b1c8 (0x6712fe13) andi    t3, t0, 1649
core   0: 3 0x8000b1c8 (0x6712fe13) x28 0x00000231
core   0: 0x8000b1cc (0x0276d833) divu    a6, a3, t2
core   0: 3 0x8000b1cc (0x0276d833) x16 0x00000000
core   0: 0x8000b1d0 (0xaebf6a13) ori     s4, t5, -1301
core   0: 3 0x8000b1d0 (0xaebf6a13) x20 0xfffffaeb
core   0: 0x8000b1d4 (0x40165813) srai    a6, a2, 1
core   0: 3 0x8000b1d4 (0x40165813) x16 0xfffffff2
core   0: 0x8000b1d8 (0x00000c51) c.addi  s8, 20
core   0: 3 0x8000b1d8 (0x0c51) x24 0x80025e84
core   0: 0x8000b1da (0x00008ca9) c.xor   s1, a0
core   0: 3 0x8000b1da (0x8ca9) x9  0xc1e3f434
core   0: 0x8000b1dc (0x00006611) c.lui   a2, 0x4
core   0: 3 0x8000b1dc (0x6611) x12 0x00004000
core   0: 0x8000b1de (0xbe64ab93) slti    s7, s1, -1050
core   0: 3 0x8000b1de (0xbe64ab93) x23 0x00000001
core   0: 0x8000b1e2 (0x452be693) ori     a3, s7, 1106
core   0: 3 0x8000b1e2 (0x452be693) x13 0x00000453
core   0: 0x8000b1e6 (0x001f8113) addi    sp, t6, 1
core   0: 3 0x8000b1e6 (0x001f8113) x2  0x8000b0b7
core   0: 0x8000b1ea (0x00009102) c.jalr  sp
core   0: 3 0x8000b1ea (0x9102) x1  0x8000b1ec
core   0: 0x8000b0b6 (0x6e10ed93) ori     s11, ra, 1761
core   0: 3 0x8000b0b6 (0x6e10ed93) x27 0x8000b7ed
core   0: 0x8000b0ba (0x408fd533) sra     a0, t6, s0
core   0: 3 0x8000b0ba (0x408fd533) x10 0xc000585b
core   0: 0x8000b0be (0x75322513) slti    a0, tp, 1875
core   0: 3 0x8000b0be (0x75322513) x10 0x00000001
core   0: 0x8000b0c2 (0x0041d713) srli    a4, gp, 4
core   0: 3 0x8000b0c2 (0x0041d713) x14 0x00000000
core   0: 0x8000b0c6 (0x0395fcb3) remu    s9, a1, s9
core   0: 3 0x8000b0c6 (0x0395fcb3) x25 0x00000170
core   0: 0x8000b0ca (0x0000611d) c.addi16sp sp, 416
core   0: 3 0x8000b0ca (0x611d) x2  0x8000b257
core   0: 0x8000b0cc (0x01b2d563) bge     t0, s11, pc + 10
core   0: 3 0x8000b0cc (0x01b2d563)
core   0: 0x8000b0d6 (0x02c4f6b3) remu    a3, s1, a2
core   0: 3 0x8000b0d6 (0x02c4f6b3) x13 0x00003434
core   0: 0x8000b0da (0x004c2f83) lw      t6, 4(s8)
core   0: 3 0x8000b0da (0x004c2f83) x31 0x80003d24 mem 0x80025e88
core   0: 0x8000b0de (0x008c9e13) slli    t3, s9, 8
core   0: 3 0x8000b0de (0x008c9e13) x28 0x00017000
core   0: 0x8000b0e2 (0xa63e4a13) xori    s4, t3, -1437
core   0: 3 0x8000b0e2 (0xa63e4a13) x20 0xfffe8a63
core   0: 0x8000b0e6 (0x01a71f13) slli    t5, a4, 26
core   0: 3 0x8000b0e6 (0x01a71f13) x30 0x00000000
core   0: 0x8000b0ea (0x87b23e13) sltiu   t3, tp, -1925
core   0: 3 0x8000b0ea (0x87b23e13) x28 0x00000001
core   0: 0x8000b0ee (0x00741b33) sll     s6, s0, t2
core   0: 3 0x8000b0ee (0x00741b33) x22 0xf0a6efc1
core   0: 0x8000b0f2 (0xe978f193) andi    gp, a7, -361
core   0: 3 0x8000b0f2 (0xe978f193) x3  0x70a63e13
core   0: 0x8000b0f6 (0x00008db5) c.xor   a1, a3
core   0: 3 0x8000b0f6 (0x8db5) x11 0x00003544
core   0: 0x8000b0f8 (0x020c0c13) addi    s8, s8, 32
core   0: 3 0x8000b0f8 (0x020c0c13) x24 0x80025ea4
core   0: 0x8000b0fc (0x00006155) c.addi16sp sp, 304
core   0: 3 0x8000b0fc (0x6155) x2  0x8000b387
core   0: 0x8000b0fe (0x000f8a93) mv      s5, t6
core   0: 3 0x8000b0fe (0x000f8a93) x21 0x80003d24
core   0: 0x8000b102 (0x000a8ae7) jalr    s5, s5, 0
core   0: 3 0x8000b102 (0x000a8ae7) x21 0x8000b106
core   0: 0x80003d24 (0x002e5f33) srl     t5, t3, sp
core   0: 3 0x80003d24 (0x002e5f33) x30 0x00000000
core   0: 0x80003d28 (0xd6a18c93) addi    s9, gp, -662
core   0: 3 0x80003d28 (0xd6a18c93) x25 0x70a63b7d
core   0: 0x80003d2c (0x0000100f) fence.i
core   0: 3 0x80003d2c (0x0000100f)
core   0: 0x80003d30 (0x4e9a3d13) sltiu   s10, s4, 1257
core   0: 3 0x80003d30 (0x4e9a3d13) x26 0x00000000
core   0: 0x80003d34 (0x00008515) c.srai  a0, 5
core   0: 3 0x80003d34 (0x8515) x10 0x00000000
core   0: 0x80003d36 (0x000081f5) c.srli  a1, 29
core   0: 3 0x80003d36 (0x81f5) x11 0x00000000
core   0: 0x80003d38 (0x34006173) csrrsi  sp, mscratch, 0
core   0: 3 0x80003d38 (0x34006173) x2  0x00000000
core   0: 0x80003d3c (0x0000009a) c.slli  ra, 6
core   0: 3 0x80003d3c (0x009a) x1  0x002c7b00
core   0: 0x80003d3e (0x03957633) remu    a2, a0, s9
core   0: 3 0x80003d3e (0x03957633) x12 0x00000000
core   0: 0x80003d42 (0x00008c91) c.sub   s1, a2
core   0: 3 0x80003d42 (0x8c91) x9  0xc1e3f434
core   0: 0x80003d44 (0x00008d09) c.sub   a0, a0
core   0: 3 0x80003d44 (0x8d09) x10 0x00000000
core   0: 0x80003d46 (0x00050033) add     zero, a0, zero
core   0: 3 0x80003d46 (0x00050033)
core   0: 0x80003d4a (0x030e8533) mul     a0, t4, a6
core   0: 3 0x80003d4a (0x030e8533) x10 0xffdb6808
core   0: 0x80003d4e (0x000094e2) c.add   s1, s8
core   0: 3 0x80003d4e (0x94e2) x9  0x41e652d8
core   0: 0x80003d50 (0x00557e33) and     t3, a0, t0
core   0: 3 0x80003d50 (0x00557e33) x28 0x0f590008
core   0: 0x80003d54 (0xfb4d8f13) addi    t5, s11, -76
core   0: 3 0x80003d54 (0xfb4d8f13) x30 0x8000b7a1
core   0: 0x80003d58 (0x004ac7b3) xor     a5, s5, tp
core   0: 3 0x80003d58 (0x004ac7b3) x15 0x8000b107
core   0: 0x80003d5c (0x00001114) c.addi4spn a3, sp, 160
core   0: 3 0x80003d5c (0x1114) x13 0x000000a0
core   0: 0x80003d5e (0xa73d4c93) xori    s9, s10, -1421
core   0: 3 0x80003d5e (0xa73d4c93) x25 0xfffffa73
core   0: 0x80003d62 (0x0000717d) c.addi16sp sp, -16
core   0: 3 0x80003d62 (0x717d) x2  0xfffffff0
core   0: 0x80003d64 (0x037d2333) mulhsu  t1, s10, s7
core   0: 3 0x80003d64 (0x037d2333) x6  0x00000000
core   0: 0x80003d68 (0x6decb193) sltiu   gp, s9, 1758
core   0: 3 0x80003d68 (0x6decb193) x3  0x00000000
core   0: 0x80003d6c (0x40275993) srai    s3, a4, 2
core   0: 3 0x80003d6c (0x40275993) x19 0x00000000
core   0: 0x80003d70 (0x00008605) c.srai  a2, 1
core   0: 3 0x80003d70 (0x8605) x12 0x00000000
core   0: 0x80003d72 (0xac3dfb93) andi    s7, s11, -1341
core   0: 3 0x80003d72 (0xac3dfb93) x23 0x8000b2c1
core   0: 0x80003d76 (0x340de973) csrrsi  s2, mscratch, 27
core   0: 3 0x80003d76 (0x340de973) x18 0x00000000 c832_mscratch 0x0000001b
core   0: 0x80003d7a (0x4080db13) srai    s6, ra, 8
core   0: 3 0x80003d7a (0x4080db13) x22 0x00002c7b
core   0: 0x80003d7e (0x03cbae33) mulhsu  t3, s7, t3
core   0: 3 0x80003d7e (0x03cbae33) x28 0xf8538ab3
core   0: 0x80003d82 (0x00001598) c.addi4spn a4, sp, 736
core   0: 3 0x80003d82 (0x1598) x14 0x000002d0
core   0: 0x80003d84 (0x028a7933) remu    s2, s4, s0
core   0: 3 0x80003d84 (0x028a7933) x18 0x0f579aa2
core   0: 0x80003d88 (0x00000bbd) c.addi  s7, 15
core   0: 3 0x80003d88 (0x0bbd) x23 0x8000b2d0
core   0: 0x80003d8a (0x00006a7d) c.lui   s4, 0x1f
core   0: 3 0x80003d8a (0x6a7d) x20 0x0001f000
core   0: 0x80003d8c (0x00008cc9) c.or    s1, a0
core   0: 3 0x80003d8c (0x8cc9) x9  0xffff7ad8
core   0: 0x80003d8e (0x00022e33) slt     t3, tp, zero
core   0: 3 0x80003d8e (0x00022e33) x28 0x00000000
core   0: 0x80003d92 (0x0176e863) bltu    a3, s7, pc + 16
core   0: 3 0x80003d92 (0x0176e863)
core   0: 0x80003da2 (0x34081bf3) csrrw   s7, mscratch, a6
core   0: 3 0x80003da2 (0x34081bf3) x23 0x0000001b c832_mscratch 0xfffffff2
core   0: 0x80003da6 (0x00000d90) c.addi4spn a2, sp, 720
core   0: 3 0x80003da6 (0x0d90) x12 0x000002c0
core   0: 0x80003da8 (0x00008e05) c.sub   a2, s1
core   0: 3 0x80003da8 (0x8e05) x12 0x000087e8
core   0: 0x80003daa (0x34003ff3) csrrc   t6, mscratch, zero
core   0: 3 0x80003daa (0x34003ff3) x31 0xfffffff2
core   0: 0x80003dae (0x0077f7b3) and     a5, a5, t2
core   0: 3 0x80003dae (0x0077f7b3) x15 0x0000b000
core   0: 0x80003db2 (0x953fc693) xori    a3, t6, -1709
core   0: 3 0x80003db2 (0x953fc693) x13 0x000006a1
core   0: 0x80003db6 (0x40c8d2b3) sra     t0, a7, a2
core   0: 3 0x80003db6 (0x40c8d2b3) x5  0x0070a63e
core   0: 0x80003dba (0x4260a713) slti    a4, ra, 1062
core   0: 3 0x80003dba (0x4260a713) x14 0x00000000
core   0: 0x80003dbe (0x14f88f93) addi    t6, a7, 335
core   0: 3 0x80003dbe (0x14f88f93) x31 0x70a63f8a
core   0: 0x80003dc2 (0x0135e4b3) or      s1, a1, s3
core   0: 3 0x80003dc2 (0x0135e4b3) x9  0x00000000
core   0: 0x80003dc6 (0x00d26cb3) or      s9, tp, a3
core   0: 3 0x80003dc6 (0x00d26cb3) x25 0x000006a1
core   0: 0x80003dca (0x0049e633) or      a2, s3, tp
core   0: 3 0x80003dca (0x0049e633) x12 0x00000001
core   0: 0x80003dce (0x02780063) beq     a6, t2, pc + 32
core   0: 3 0x80003dce (0x02780063)
core   0: 0x80003dd2 (0x03aab533) mulhu   a0, s5, s10
core   0: 3 0x80003dd2 (0x03aab533) x10 0x00000000
core   0: 0x80003dd6 (0x97e6a693) slti    a3, a3, -1666
core   0: 3 0x80003dd6 (0x97e6a693) x13 0x00000000
core   0: 0x80003dda (0x000084e5) c.srai  s1, 25
core   0: 3 0x80003dda (0x84e5) x9  0x00000000
core   0: 0x80003ddc (0x00a31293) slli    t0, t1, 10
core   0: 3 0x80003ddc (0x00a31293) x5  0x00000000
core   0: 0x80003de0 (0x00c2b933) sltu    s2, t0, a2
core   0: 3 0x80003de0 (0x00c2b933) x18 0x00000001
core   0: 0x80003de4 (0x037cce33) div     t3, s9, s7
core   0: 3 0x80003de4 (0x037cce33) x28 0x0000003e
core   0: 0x80003de8 (0x00008b2e) c.mv    s6, a1
core   0: 3 0x80003de8 (0x8b2e) x22 0x00000000
core   0: 0x80003dea (0xabf94193) xori    gp, s2, -1345
core   0: 3 0x80003dea (0xabf94193) x3  0xfffffabe
core   0: 0x80003dee (0x00008d19) c.sub   a0, a4
core   0: 3 0x80003dee (0x8d19) x10 0x00000000
core   0: 0x80003df0 (0x000087a5) c.srai  a5, 9
core   0: 3 0x80003df0 (0x87a5) x15 0x00000058
core   0: 0x80003df2 (0x000099c6) c.add   s3, a7
core   0: 3 0x80003df2 (0x99c6) x19 0x70a63e3b
core   0: 0x80003df4 (0x0000ef8d) c.bnez  a5, pc + 58
core   0: 3 0x80003df4 (0xef8d)
core   0: 0x80003e2e (0x00009a7d) c.andi  a2, -1
core   0: 3 0x80003e2e (0x9a7d) x12 0x00000001
core   0: 0x80003e30 (0x00008d51) c.or    a0, a2
core   0: 3 0x80003e30 (0x8d51) x10 0x00000001
core   0: 0x80003e32 (0x00a053b3) srl     t2, zero, a0
core   0: 3 0x80003e32 (0x00a053b3) x7  0x00000000
core   0: 0x80003e36 (0x340a9af3) csrrw   s5, mscratch, s5
core   0: 3 0x80003e36 (0x340a9af3) x21 0xfffffff2 c832_mscratch 0x8000b106
core   0: 0x80003e3a (0xbb9f6e13) ori     t3, t5, -1095
core   0: 3 0x80003e3a (0xbb9f6e13) x28 0xffffffb9
core   0: 0x80003e3e (0x02a32633) mulhsu  a2, t1, a0
core   0: 3 0x80003e3e (0x02a32633) x12 0x00000000
core   0: 0x80003e42 (0x0000071e) c.slli  a4, 7
core   0: 3 0x80003e42 (0x071e) x14 0x00000000
core   0: 0x80003e44 (0x0ff0000f) fence   iorw,iorw
core   0: 3 0x80003e44 (0x0ff0000f)
core   0: 0x80003e48 (0x05fc1163) bne     s8, t6, pc + 66
core   0: 3 0x80003e48 (0x05fc1163)
core   0: 0x80003e8a (0x00008885) c.andi  s1, 1
core   0: 3 0x80003e8a (0x8885) x9  0x00000000
core   0: 0x80003e8c (0x10dbfe13) andi    t3, s7, 269
core   0: 3 0x80003e8c (0x10dbfe13) x28 0x00000009
core   0: 0x80003e90 (0x0000100f) fence.i
core   0: 3 0x80003e90 (0x0000100f)
core   0: 0x80003e94 (0x02f97933) remu    s2, s2, a5
core   0: 3 0x80003e94 (0x02f97933) x18 0x00000001
core   0: 0x80003e98 (0x00000001) c.nop
core   0: 3 0x80003e98 (0x0001)
core   0: 0x80003e9a (0x0210a8b3) mulhsu  a7, ra, ra
core   0: 3 0x80003e9a (0x0210a8b3) x17 0x000007ba
core   0: 0x80003e9e (0x00000001) c.nop
core   0: 3 0x80003e9e (0x0001)
core   0: 0x80003ea0 (0x03fac833) div     a6, s5, t6
core   0: 3 0x80003ea0 (0x03fac833) x16 0x00000000
core   0: 0x80003ea4 (0x0000e68d) c.bnez  a3, pc + 42
core   0: 3 0x80003ea4 (0xe68d)
core   0: 0x80003ea6 (0x00008b36) c.mv    s6, a3
core   0: 3 0x80003ea6 (0x8b36) x22 0x00000000
core   0: 0x80003ea8 (0x009752b3) srl     t0, a4, s1
core   0: 3 0x80003ea8 (0x009752b3) x5  0x00000000
core   0: 0x80003eac (0x414ede13) srai    t3, t4, 20
core   0: 3 0x80003eac (0x414ede13) x28 0xfffff800
core   0: 0x80003eb0 (0x469af213) andi    tp, s5, 1129
core   0: 3 0x80003eb0 (0x469af213) x4  0x00000460
core   0: 0x80003eb4 (0x8c665537) lui     a0, 0x8c665
core   0: 3 0x80003eb4 (0x8c665537) x10 0x8c665000
core   0: 0x80003eb8 (0x034cda33) divu    s4, s9, s4
core   0: 3 0x80003eb8 (0x034cda33) x20 0x00000000
core   0: 0x80003ebc (0x41895033) sra     zero, s2, s8
core   0: 3 0x80003ebc (0x41895033)
core   0: 0x80003ec0 (0x0000100f) fence.i
core   0: 3 0x80003ec0 (0x0000100f)
core   0: 0x80003ec4 (0x74eef693) andi    a3, t4, 1870
core   0: 3 0x80003ec4 (0x74eef693) x13 0x00000504
core   0: 0x80003ec8 (0x00008dee) c.mv    s11, s11
core   0: 3 0x80003ec8 (0x8dee) x27 0x8000b7ed
core   0: 0x80003eca (0x02ddf533) remu    a0, s11, a3
core   0: 3 0x80003eca (0x02ddf533) x10 0x000003a1
core   0: 0x80003ece (0x00008e49) c.or    a2, a0
core   0: 3 0x80003ece (0x8e49) x12 0x000003a1
core   0: 0x80003ed0 (0x414e5493) srai    s1, t3, 20
core   0: 3 0x80003ed0 (0x414e5493) x9  0xffffffff
core   0: 0x80003ed4 (0x55abf717) auipc   a4, 0x55abf
core   0: 3 0x80003ed4 (0x55abf717) x14 0xd5ac2ed4
core   0: 0x80003ed8 (0x01f4d463) bge     s1, t6, pc + 8
core   0: 3 0x80003ed8 (0x01f4d463)
core   0: 0x80003edc (0x0000ca1d) c.beqz  a2, pc + 54
core   0: 3 0x80003edc (0xca1d)
core   0: 0x80003ede (0x0000cd95) c.beqz  a1, pc + 60
core   0: 3 0x80003ede (0xcd95)
core   0: 0x80003f1a (0x0081c1b3) xor     gp, gp, s0
core   0: 3 0x80003f1a (0x0081c1b3) x3  0x0f59157f
core   0: 0x80003f1e (0x00008d19) c.sub   a0, a4
core   0: 3 0x80003f1e (0x8d19) x10 0x2a53d4cd
core   0: 0x80003f20 (0x01959a93) slli    s5, a1, 25
core   0: 3 0x80003f20 (0x01959a93) x21 0x00000000
core   0: 0x80003f24 (0x0000ee89) c.bnez  a3, pc + 26
core   0: 3 0x80003f24 (0xee89)
core   0: 0x80003f3e (0x7d73e893) ori     a7, t2, 2007
core   0: 3 0x80003f3e (0x7d73e893) x17 0x000007d7
core   0: 0x80003f42 (0x0000c4f1) c.beqz  s1, pc + 204
core   0: 3 0x80003f42 (0xc4f1)
core   0: 0x80003f44 (0x00008e09) c.sub   a2, a0
core   0: 3 0x80003f44 (0x8e09) x12 0xd5ac2ed4
core   0: 0x80003f46 (0x0001a397) auipc   t2, 0x1a
core   0: 3 0x80003f46 (0x0001a397) x7  0x8001df46
core   0: 0x80003f4a (0x2a638393) addi    t2, t2, 678
core   0: 3 0x80003f4a (0x2a638393) x7  0x8001e1ec
core   0: 0x80003f4e (0x02239803) lh      a6, 34(t2)
core   0: 3 0x80003f4e (0x02239803) x16 0x00000000 mem 0x8001e20e
core   0: 0x80003f52 (0x1105fd13) andi    s10, a1, 272
core   0: 3 0x80003f52 (0x1105fd13) x26 0x00000000
core   0: 0x80003f56 (0x02b38d03) lb      s10, 43(t2)
core   0: 3 0x80003f56 (0x02b38d03) x26 0x00000000 mem 0x8001e217
core   0: 0x80003f5a (0x00d65693) srli    a3, a2, 13
core   0: 3 0x80003f5a (0x00d65693) x13 0x0006ad61
core   0: 0x80003f5e (0x340079f3) csrrci  s3, mscratch, 0
core   0: 3 0x80003f5e (0x340079f3) x19 0x8000b106
core   0: 0x80003f62 (0xe86c3617) auipc   a2, 0xe86c3
core   0: 3 0x80003f62 (0xe86c3617) x12 0x686c6f62
core   0: 0x80003f66 (0x01138b83) lb      s7, 17(t2)
core   0: 3 0x80003f66 (0x01138b83) x23 0x00000000 mem 0x8001e1fd
core   0: 0x80003f6a (0x011567b3) or      a5, a0, a7
core   0: 3 0x80003f6a (0x011567b3) x15 0x2a53d7df
core   0: 0x80003f6e (0x02338323) sb      gp, 38(t2)
core   0: 3 0x80003f6e (0x02338323) mem 0x8001e212 0x7f
core   0: 0x80003f72 (0x00000001) c.nop
core   0: 3 0x80003f72 (0x0001)
core   0: 0x80003f74 (0xfd838fa3) sb      s8, -33(t2)
core   0: 3 0x80003f74 (0xfd838fa3) mem 0x8001e1cb 0xa4
core   0: 0x80003f78 (0x41e10b33) sub     s6, sp, t5
core   0: 3 0x80003f78 (0x41e10b33) x22 0x7fff484f
core   0: 0x80003f7c (0xfd93c703) lbu     a4, -39(t2)
core   0: 3 0x80003f7c (0xfd93c703) x14 0x00000000 mem 0x8001e1c5
core   0: 0x80003f80 (0x00008ba5) c.andi  a5, 9
core   0: 3 0x80003f80 (0x8ba5) x15 0x00000009
core   0: 0x80003f82 (0x00000b0e) c.slli  s6, 3
core   0: 3 0x80003f82 (0x0b0e) x22 0xfffa4278
core   0: 0x80003f84 (0x00000962) c.slli  s2, 24
core   0: 3 0x80003f84 (0x0962) x18 0x01000000
core   0: 0x80003f86 (0x40950fb3) sub     t6, a0, s1
core   0: 3 0x80003f86 (0x40950fb3) x31 0x2a53d4ce
core   0: 0x80003f8a (0xfc2381a3) sb      sp, -61(t2)
core   0: 3 0x80003f8a (0xfc2381a3) mem 0x8001e1af 0xf0
core   0: 0x80003f8e (0x00009f9e) c.add   t6, t2
core   0: 3 0x80003f8e (0x9f9e) x31 0xaa55b6ba
core   0: 0x80003f90 (0x01e383a3) sb      t5, 7(t2)
core   0: 3 0x80003f90 (0x01e383a3) mem 0x8001e1f3 0xa1
core   0: 0x80003f94 (0x000c0533) add     a0, s8, zero
core   0: 3 0x80003f94 (0x000c0533) x10 0x80025ea4
core   0: 0x80003f98 (0x0000157d) c.addi  a0, -1
core   0: 3 0x80003f98 (0x157d) x10 0x80025ea3
core   0: 0x80003f9a (0x00009dba) c.add   s11, a4
core   0: 3 0x80003f9a (0x9dba) x27 0x8000b7ed
core   0: 0x80003f9c (0x00008ced) c.and   s1, a1
core   0: 3 0x80003f9c (0x8ced) x9  0x00000000
core   0: 0x80003f9e (0x34011673) csrrw   a2, mscratch, sp
core   0: 3 0x80003f9e (0x34011673) x12 0x8000b106 c832_mscratch 0xfffffff0
core   0: 0x80003fa2 (0x02b3b933) mulhu   s2, t2, a1
core   0: 3 0x80003fa2 (0x02b3b933) x18 0x00000000
core   0: 0x80003fa6 (0xb5fc8c93) addi    s9, s9, -1185
core   0: 3 0x80003fa6 (0xb5fc8c93) x25 0x00000200
core   0: 0x80003faa (0x34007d73) csrrci  s10, mscratch, 0
core   0: 3 0x80003faa (0x34007d73) x26 0xfffffff0
core   0: 0x80003fae (0xe912a313) slti    t1, t0, -367
core   0: 3 0x80003fae (0xe912a313) x6  0x00000000
core   0: 0x80003fb2 (0x00a51033) sll     zero, a0, a0
core   0: 3 0x80003fb2 (0x00a51033)
core   0: 0x80003fb6 (0x69d59fb7) lui     t6, 0x69d59
core   0: 3 0x80003fb6 (0x69d59fb7) x31 0x69d59000
core   0: 0x80003fba (0x0123d603) lhu     a2, 18(t2)
core   0: 3 0x80003fba (0x0123d603) x12 0x0000b800 mem 0x8001e1fe
core   0: 0x80003fbe (0x00000001) c.nop
core   0: 3 0x80003fbe (0x0001)
core   0: 0x80003fc0 (0xfcf384a3) sb      a5, -55(t2)
core   0: 3 0x80003fc0 (0xfcf384a3) mem 0x8001e1b5 0x09
core   0: 0x80003fc4 (0x0ff0000f) fence   iorw,iorw
core   0: 3 0x80003fc4 (0x0ff0000f)
core   0: 0x80003fc8 (0x01c3c003) lbu     zero, 28(t2)
core   0: 3 0x80003fc8 (0x01c3c003) mem 0x8001e208
core   0: 0x80003fcc (0x00f97833) and     a6, s2, a5
core   0: 3 0x80003fcc (0x00f97833) x16 0x00000000
core   0: 0x80003fd0 (0x00008665) c.srai  a2, 25
core   0: 3 0x80003fd0 (0x8665) x12 0x00000000
core   0: 0x80003fd2 (0x00008325) c.srli  a4, 9
core   0: 3 0x80003fd2 (0x8325) x14 0x00000000
core   0: 0x80003fd4 (0x03c3cb03) lbu     s6, 60(t2)
core   0: 3 0x80003fd4 (0x03c3cb03) x22 0x00000000 mem 0x8001e228
core   0: 0x80003fd8 (0x02665363) bge     a2, t1, pc + 38
core   0: 3 0x80003fd8 (0x02665363)
core   0: 0x80003ffe (0x00484f33) xor     t5, a6, tp
core   0: 3 0x80003ffe (0x00484f33) x30 0x00000460
core   0: 0x80004002 (0x340030f3) csrrc   ra, mscratch, zero
core   0: 3 0x80004002 (0x340030f3) x1  0xfffffff0
core   0: 0x80004006 (0x002ab633) sltu    a2, s5, sp
core   0: 3 0x80004006 (0x002ab633) x12 0x00000001
core   0: 0x8000400a (0x340b9273) csrrw   tp, mscratch, s7
core   0: 3 0x8000400a (0x340b9273) x4  0xfffffff0 c832_mscratch 0x00000000
core   0: 0x8000400e (0x00008631) c.srai  a2, 12
core   0: 3 0x8000400e (0x8631) x12 0x00000000
core   0: 0x80004010 (0x025876b3) remu    a3, a6, t0
core   0: 3 0x80004010 (0x025876b3) x13 0x00000000
core   0: 0x80004014 (0x02c43b33) mulhu   s6, s0, a2
core   0: 3 0x80004014 (0x02c43b33) x22 0x00000000
core   0: 0x80004018 (0x34071cf3) csrrw   s9, mscratch, a4
core   0: 3 0x80004018 (0x34071cf3) x25 0x00000000 c832_mscratch 0x00000000
core   0: 0x8000401c (0x009e5d93) srli    s11, t3, 9
core   0: 3 0x8000401c (0x009e5d93) x27 0x007ffffc
core   0: 0x80004020 (0x00006ab5) c.lui   s5, 0xd
core   0: 3 0x80004020 (0x6ab5) x21 0x0000d000
core   0: 0x80004022 (0x0307cf33) div     t5, a5, a6
core   0: 3 0x80004022 (0x0307cf33) x30 0xffffffff
core   0: 0x80004026 (0x0548f063) bgeu    a7, s4, pc + 64
core   0: 3 0x80004026 (0x0548f063)
core   0: 0x80004066 (0x038d2033) mulhsu  zero, s10, s8
core   0: 3 0x80004066 (0x038d2033)
core   0: 0x8000406a (0x02ceab33) mulhsu  s6, t4, a2
core   0: 3 0x8000406a (0x02ceab33) x22 0x00000000
core   0: 0x8000406e (0x0000c191) c.beqz  a1, pc + 4
core   0: 3 0x8000406e (0xc191)
core   0: 0x80004072 (0x03d67cb3) remu    s9, a2, t4
core   0: 3 0x80004072 (0x03d67cb3) x25 0x00000000
core   0: 0x80004076 (0x0030da93) srli    s5, ra, 3
core   0: 3 0x80004076 (0x0030da93) x21 0x1ffffffe
core   0: 0x8000407a (0x010dddb3) srl     s11, s11, a6
core   0: 3 0x8000407a (0x010dddb3) x27 0x007ffffc
core   0: 0x8000407e (0x0267e733) rem     a4, a5, t1
core   0: 3 0x8000407e (0x0267e733) x14 0x00000009
core   0: 0x80004082 (0x00009492) c.add   s1, tp
core   0: 3 0x80004082 (0x9492) x9  0xfffffff0
core   0: 0x80004084 (0x0021f563) bgeu    gp, sp, pc + 10
core   0: 3 0x80004084 (0x0021f563)
core   0: 0x80004088 (0x0000ea11) c.bnez  a2, pc + 20
core   0: 3 0x80004088 (0xea11)
core   0: 0x8000408a (0x01069f93) slli    t6, a3, 16
core   0: 3 0x8000408a (0x01069f93) x31 0x00000000
core   0: 0x8000408e (0x0000100f) fence.i
core   0: 3 0x8000408e (0x0000100f)
core   0: 0x80004092 (0x010e0b33) add     s6, t3, a6
core   0: 3 0x80004092 (0x010e0b33) x22 0xfffff800
core   0: 0x80004096 (0x00004941) c.li    s2, 16
core   0: 3 0x80004096 (0x4941) x18 0x00000010
core   0: 0x80004098 (0x411c50b3) sra     ra, s8, a7
core   0: 3 0x80004098 (0x411c50b3) x1  0xffffff00
core   0: 0x8000409c (0x00008dc1) c.or    a1, s0
core   0: 3 0x8000409c (0x8dc1) x11 0xf0a6efc1
core   0: 0x8000409e (0xabd7fa93) andi    s5, a5, -1347
core   0: 3 0x8000409e (0xabd7fa93) x21 0x00000009
core   0: 0x800040a2 (0x024e6133) rem     sp, t3, tp
core   0: 3 0x800040a2 (0x024e6133) x2  0x00000000
core   0: 0x800040a6 (0x41d586b3) sub     a3, a1, t4
core   0: 3 0x800040a6 (0x41d586b3) x13 0x70a4529d
core   0: 0x800040aa (0x34002af3) csrr    s5, mscratch
core   0: 3 0x800040aa (0x34002af3) x21 0x00000000
core   0: 0x800040ae (0x039966b3) rem     a3, s2, s9
core   0: 3 0x800040ae (0x039966b3) x13 0x00000010
core   0: 0x800040b2 (0xc4e3a613) slti    a2, t2, -946
core   0: 3 0x800040b2 (0xc4e3a613) x12 0x00000001
core   0: 0x800040b6 (0x8b9fbc93) sltiu   s9, t6, -1863
core   0: 3 0x800040b6 (0x8b9fbc93) x25 0x00000001
core   0: 0x800040ba (0x34007f73) csrrci  t5, mscratch, 0
core   0: 3 0x800040ba (0x34007f73) x30 0x00000000
core   0: 0x800040be (0x00000818) c.addi4spn a4, sp, 16
core   0: 3 0x800040be (0x0818) x14 0x00000010
core   0: 0x800040c0 (0x0000100f) fence.i
core   0: 3 0x800040c0 (0x0000100f)
core   0: 0x800040c4 (0x032f1563) bne     t5, s2, pc + 42
core   0: 3 0x800040c4 (0x032f1563)
core   0: 0x800040ee (0x000091de) c.add   gp, s7
core   0: 3 0x800040ee (0x91de) x3  0x0f59157f
core   0: 0x800040f0 (0x00000001) c.nop
core   0: 3 0x800040f0 (0x0001)
core   0: 0x800040f2 (0x00008e41) c.or    a2, s0
core   0: 3 0x800040f2 (0x8e41) x12 0xf0a6efc1
core   0: 0x800040f4 (0x340c95f3) csrrw   a1, mscratch, s9
core   0: 3 0x800040f4 (0x340c95f3) x11 0x00000000 c832_mscratch 0x00000001
core   0: 0x800040f8 (0x0000e489) c.bnez  s1, pc + 10
core   0: 3 0x800040f8 (0xe489)
core   0: 0x80004102 (0x3403b573) csrrc   a0, mscratch, t2
core   0: 3 0x80004102 (0x3403b573) x10 0x00000001 c832_mscratch 0x00000001
core   0: 0x80004106 (0x40ca0633) sub     a2, s4, a2
core   0: 3 0x80004106 (0x40ca0633) x12 0x0f59103f
core   0: 0x8000410a (0x00008bd9) c.andi  a5, 22
core   0: 3 0x8000410a (0x8bd9) x15 0x00000000
core   0: 0x8000410c (0x40a00b33) sub     s6, zero, a0
core   0: 3 0x8000410c (0x40a00b33) x22 0xffffffff
core   0: 0x80004110 (0x0000717d) c.addi16sp sp, -16
core   0: 3 0x80004110 (0x717d) x2  0xfffffff0
core   0: 0x80004112 (0x03d2b6b3) mulhu   a3, t0, t4
core   0: 3 0x80004112 (0x03d2b6b3) x13 0x00000000
core   0: 0x80004116 (0x023547b3) div     a5, a0, gp
core   0: 3 0x80004116 (0x023547b3) x15 0x00000000
core   0: 0x8000411a (0x00004a15) c.li    s4, 5
core   0: 3 0x8000411a (0x4a15) x20 0x00000005
core   0: 0x8000411c (0x00000e76) c.slli  t3, 29
core   0: 3 0x8000411c (0x0e76) x28 0x00000000
core   0: 0x8000411e (0x00006611) c.lui   a2, 0x4
core   0: 3 0x8000411e (0x6611) x12 0x00004000
core   0: 0x80004120 (0x000013fd) c.addi  t2, -1
core   0: 3 0x80004120 (0x13fd) x7  0x8001e1eb
core   0: 0x80004122 (0x0000100f) fence.i
core   0: 3 0x80004122 (0x0000100f)
core   0: 0x80004126 (0x033f89b3) mul     s3, t6, s3
core   0: 3 0x80004126 (0x033f89b3) x19 0x00000000
core   0: 0x8000412a (0x07a3b713) sltiu   a4, t2, 122
core   0: 3 0x8000412a (0x07a3b713) x14 0x00000000
core   0: 0x8000412e (0x00000001) c.nop
core   0: 3 0x8000412e (0x0001)
core   0: 0x80004130 (0x340073f3) csrrci  t2, mscratch, 0
core   0: 3 0x80004130 (0x340073f3) x7  0x00000001
core   0: 0x80004134 (0x02efa3b3) mulhsu  t2, t6, a4
core   0: 3 0x80004134 (0x02efa3b3) x7  0x00000000
core   0: 0x80004138 (0x0000717d) c.addi16sp sp, -16
core   0: 3 0x80004138 (0x717d) x2  0xffffffe0
core   0: 0x8000413a (0x031f12b3) mulh    t0, t5, a7
core   0: 3 0x8000413a (0x031f12b3) x5  0x00000000
core   0: 0x8000413e (0x340192f3) csrrw   t0, mscratch, gp
core   0: 3 0x8000413e (0x340192f3) x5  0x00000001 c832_mscratch 0x0f59157f
core   0: 0x80004142 (0x340a1f73) csrrw   t5, mscratch, s4
core   0: 3 0x80004142 (0x340a1f73) x30 0x0f59157f c832_mscratch 0x00000005
core   0: 0x80004146 (0x035a5a63) bge     s4, s5, pc + 52
core   0: 3 0x80004146 (0x035a5a63)
core   0: 0x8000417a (0x00229513) slli    a0, t0, 2
core   0: 3 0x8000417a (0x00229513) x10 0x00000004
core   0: 0x8000417e (0x00008ea9) c.xor   a3, a0
core   0: 3 0x8000417e (0x8ea9) x13 0x00000004
core   0: 0x80004180 (0x00000001) c.nop
core   0: 3 0x80004180 (0x0001)
core   0: 0x80004182 (0x015fdfb3) srl     t6, t6, s5
core   0: 3 0x80004182 (0x015fdfb3) x31 0x00000000
core   0: 0x80004186 (0x02d175b3) remu    a1, sp, a3
core   0: 3 0x80004186 (0x02d175b3) x11 0x00000000
core   0: 0x8000418a (0x00000001) c.nop
core   0: 3 0x8000418a (0x0001)
core   0: 0x8000418c (0x00000b26) c.slli  s6, 9
core   0: 3 0x8000418c (0x0b26) x22 0xfffffe00
core   0: 0x8000418e (0x000082ed) c.srli  a3, 27
core   0: 3 0x8000418e (0x82ed) x13 0x00000000
core   0: 0x80004190 (0x0206f333) remu    t1, a3, zero
core   0: 3 0x80004190 (0x0206f333) x6  0x00000000
core   0: 0x80004194 (0x00009e7a) c.add   t3, t5
core   0: 3 0x80004194 (0x9e7a) x28 0x0f59157f
core   0: 0x80004196 (0x3834b093) sltiu   ra, s1, 899
core   0: 3 0x80004196 (0x3834b093) x1  0x00000000
core   0: 0x8000419a (0x000015fd) c.addi  a1, -1
core   0: 3 0x8000419a (0x15fd) x11 0xffffffff
core   0: 0x8000419c (0x01d802b3) add     t0, a6, t4
core   0: 3 0x8000419c (0x01d802b3) x5  0x80029d24
core   0: 0x800041a0 (0x0b0e9063) bne     t4, a6, pc + 160
core   0: 3 0x800041a0 (0x0b0e9063)
core   0: 0x80004240 (0x00008959) c.andi  a0, 22
core   0: 3 0x80004240 (0x8959) x10 0x00000004
core   0: 0x80004242 (0x00009626) c.add   a2, s1
core   0: 3 0x80004242 (0x9626) x12 0x00003ff0
core   0: 0x80004244 (0xd85e3213) sltiu   tp, t3, -635
core   0: 3 0x80004244 (0xd85e3213) x4  0x00000001
core   0: 0x80004248 (0x41525cb3) sra     s9, tp, s5
core   0: 3 0x80004248 (0x41525cb3) x25 0x00000001
core   0: 0x8000424c (0x73499b37) lui     s6, 0x73499
core   0: 3 0x8000424c (0x73499b37) x22 0x73499000
core   0: 0x80004250 (0x00008ad2) c.mv    s5, s4
core   0: 3 0x80004250 (0x8ad2) x21 0x00000005
core   0: 0x80004252 (0x01dcd793) srli    a5, s9, 29
core   0: 3 0x80004252 (0x01dcd793) x15 0x00000000
core   0: 0x80004256 (0x00001f7d) c.addi  t5, -1
core   0: 3 0x80004256 (0x1f7d) x30 0x0f59157e
core   0: 0x80004258 (0x01055633) srl     a2, a0, a6
core   0: 3 0x80004258 (0x01055633) x12 0x00000004
core   0: 0x8000425c (0x01035293) srli    t0, t1, 16
core   0: 3 0x8000425c (0x01035293) x5  0x00000000
core   0: 0x80004260 (0x34003573) csrrc   a0, mscratch, zero
core   0: 3 0x80004260 (0x34003573) x10 0x00000005
core   0: 0x80004264 (0x0000717d) c.addi16sp sp, -16
core   0: 3 0x80004264 (0x717d) x2  0xffffffd0
core   0: 0x80004266 (0x606a4893) xori    a7, s4, 1542
core   0: 3 0x80004266 (0x606a4893) x17 0x00000603
core   0: 0x8000426a (0x0093da13) srli    s4, t2, 9
core   0: 3 0x8000426a (0x0093da13) x20 0x00000000
core   0: 0x8000426e (0x41f05813) srai    a6, zero, 31
core   0: 3 0x8000426e (0x41f05813) x16 0x00000000
core   0: 0x80004272 (0x3406d8f3) csrrwi  a7, mscratch, 13
core   0: 3 0x80004272 (0x3406d8f3) x17 0x00000005 c832_mscratch 0x0000000d
core   0: 0x80004276 (0x34007cf3) csrrci  s9, mscratch, 0
core   0: 3 0x80004276 (0x34007cf3) x25 0x0000000d
core   0: 0x8000427a (0x00000001) c.nop
core   0: 3 0x8000427a (0x0001)
core   0: 0x8000427c (0xc3647393) andi    t2, s0, -970
core   0: 3 0x8000427c (0xc3647393) x7  0xf0a6ec00
core   0: 0x80004280 (0x00008fbd) c.xor   a5, a5
core   0: 3 0x80004280 (0x8fbd) x15 0x00000000
core   0: 0x80004282 (0x00a5ff63) bgeu    a1, a0, pc + 30
core   0: 3 0x80004282 (0x00a5ff63)
core   0: 0x800042a0 (0x014ce3b3) or      t2, s9, s4
core   0: 3 0x800042a0 (0x014ce3b3) x7  0x0000000d
core   0: 0x800042a4 (0x00001b08) c.addi4spn a0, sp, 432
core   0: 3 0x800042a4 (0x1b08) x10 0x00000180
core   0: 0x800042a6 (0x02de8633) mul     a2, t4, a3
core   0: 3 0x800042a6 (0x02de8633) x12 0x00000000
core   0: 0x800042aa (0x032dd063) bge     s11, s2, pc + 32
core   0: 3 0x800042aa (0x032dd063)
core   0: 0x800042ca (0x340c5b73) csrrwi  s6, mscratch, 24
core   0: 3 0x800042ca (0x340c5b73) x22 0x0000000d c832_mscratch 0x00000018
core   0: 0x800042ce (0x340ed9f3) csrrwi  s3, mscratch, 29
core   0: 3 0x800042ce (0x340ed9f3) x19 0x00000018 c832_mscratch 0x0000001d
core   0: 0x800042d2 (0x0000eb95) c.bnez  a5, pc + 52
core   0: 3 0x800042d2 (0xeb95)
core   0: 0x800042d4 (0x3408adf3) csrrs   s11, mscratch, a7
core   0: 3 0x800042d4 (0x3408adf3) x27 0x0000001d c832_mscratch 0x0000001d
core   0: 0x800042d8 (0x34066273) csrrsi  tp, mscratch, 12
core   0: 3 0x800042d8 (0x34066273) x4  0x0000001d c832_mscratch 0x0000001d
core   0: 0x800042dc (0x0114e663) bltu    s1, a7, pc + 12
core   0: 3 0x800042dc (0x0114e663)
core   0: 0x800042e0 (0x777b8193) addi    gp, s7, 1911
core   0: 3 0x800042e0 (0x777b8193) x3  0x00000777
core   0: 0x800042e4 (0x010e5793) srli    a5, t3, 16
core   0: 3 0x800042e4 (0x010e5793) x15 0x00000f59
core   0: 0x800042e8 (0x340b2073) csrs    mscratch, s6
core   0: 3 0x800042e8 (0x340b2073) c832_mscratch 0x0000001d
core   0: 0x800042ec (0x01930d63) beq     t1, s9, pc + 26
core   0: 3 0x800042ec (0x01930d63)
core   0: 0x800042f0 (0x0000874a) c.mv    a4, s2
core   0: 3 0x800042f0 (0x874a) x14 0x00000010
core   0: 0x800042f2 (0x000086fa) c.mv    a3, t5
core   0: 3 0x800042f2 (0x86fa) x13 0x0f59157e
core   0: 0x800042f4 (0x00008d71) c.and   a0, a2
core   0: 3 0x800042f4 (0x8d71) x10 0x00000000
core   0: 0x800042f6 (0x03a45b33) divu    s6, s0, s10
core   0: 3 0x800042f6 (0x03a45b33) x22 0x00000000
core   0: 0x800042fa (0x00008f75) c.and   a4, a3
core   0: 3 0x800042fa (0x8f75) x14 0x00000010
core   0: 0x800042fc (0x00001d7d) c.addi  s10, -1
core   0: 3 0x800042fc (0x1d7d) x26 0xffffffef
core   0: 0x800042fe (0x00f4a333) slt     t1, s1, a5
core   0: 3 0x800042fe (0x00f4a333) x6  0x00000001
core   0: 0x80004302 (0x0250e463) bltu    ra, t0, pc + 40
core   0: 3 0x80004302 (0x0250e463)
core   0: 0x80004306 (0x00008e75) c.and   a2, a3
core   0: 3 0x80004306 (0x8e75) x12 0x00000000
core   0: 0x80004308 (0x00ffc263) blt     t6, a5, pc + 4
core   0: 3 0x80004308 (0x00ffc263)
core   0: 0x8000430c (0x3407b273) csrrc   tp, mscratch, a5
core   0: 3 0x8000430c (0x3407b273) x4  0x0000001d c832_mscratch 0x00000004
core   0: 0x80004310 (0xaa63e293) ori     t0, t2, -1370
core   0: 3 0x80004310 (0xaa63e293) x5  0xfffffaaf
core   0: 0x80004314 (0x00006969) c.lui   s2, 0x1a
core   0: 3 0x80004314 (0x6969) x18 0x0001a000
core   0: 0x80004316 (0x00008ee1) c.and   a3, s0
core   0: 3 0x80004316 (0x8ee1) x13 0x00000540
core   0: 0x80004318 (0x02bbe0b3) rem     ra, s7, a1
core   0: 3 0x80004318 (0x02bbe0b3) x1  0x00000000
core   0: 0x8000431c (0x0000997d) c.andi  a0, -1
core   0: 3 0x8000431c (0x997d) x10 0x00000000
core   0: 0x8000431e (0x039d5833) divu    a6, s10, s9
core   0: 3 0x8000431e (0x039d5833) x16 0x13b13b12
core   0: 0x80004322 (0x02612533) mulhsu  a0, sp, t1
core   0: 3 0x80004322 (0x02612533) x10 0xffffffff
core   0: 0x80004326 (0x02aa3633) mulhu   a2, s4, a0
core   0: 3 0x80004326 (0x02aa3633) x12 0x00000000
core   0: 0x8000432a (0x00000a3a) c.slli  s4, 14
core   0: 3 0x8000432a (0x0a3a) x20 0x00000000
core   0: 0x8000432c (0x00008ebd) c.xor   a3, a5
core   0: 3 0x8000432c (0x8ebd) x13 0x00000a19
core   0: 0x8000432e (0x106e0897) auipc   a7, 0x106e0
core   0: 3 0x8000432e (0x106e0897) x17 0x906e432e
core   0: 0x80004332 (0x34006573) csrrsi  a0, mscratch, 0
core   0: 3 0x80004332 (0x34006573) x10 0x00000004
core   0: 0x80004336 (0xf3843c93) sltiu   s9, s0, -200
core   0: 3 0x80004336 (0xf3843c93) x25 0x00000001
core   0: 0x8000433a (0x0000ed19) c.bnez  a0, pc + 30
core   0: 3 0x8000433a (0xed19)
core   0: 0x80004358 (0x00000001) c.nop
core   0: 3 0x80004358 (0x0001)
core   0: 0x8000435a (0x004c69b3) or      s3, s8, tp
core   0: 3 0x8000435a (0x004c69b3) x19 0x80025ebd
core   0: 0x8000435e (0x01318963) beq     gp, s3, pc + 18
core   0: 3 0x8000435e (0x01318963)
core   0: 0x80004362 (0x013895b3) sll     a1, a7, s3
core   0: 3 0x80004362 (0x013895b3) x11 0xc0000000
core   0: 0x80004366 (0x0083d833) srl     a6, t2, s0
core   0: 3 0x80004366 (0x0083d833) x16 0x00000006
core   0: 0x8000436a (0x00001afd) c.addi  s5, -1
core   0: 3 0x8000436a (0x1afd) x21 0x00000004
core   0: 0x8000436c (0x04c2d263) bge     t0, a2, pc + 68
core   0: 3 0x8000436c (0x04c2d263)
core   0: 0x80004370 (0x0000717d) c.addi16sp sp, -16
core   0: 3 0x80004370 (0x717d) x2  0xffffffc0
core   0: 0x80004372 (0x027e43b3) div     t2, t3, t2
core   0: 3 0x80004372 (0x027e43b3) x7  0x012e3cbb
core   0: 0x80004376 (0x006bd763) bge     s7, t1, pc + 14
core   0: 3 0x80004376 (0x006bd763)
core   0: 0x8000437a (0x00000752) c.slli  a4, 20
core   0: 3 0x8000437a (0x0752) x14 0x01000000
core   0: 0x8000437c (0x0ff0000f) fence   iorw,iorw
core   0: 3 0x8000437c (0x0ff0000f)
core   0: 0x80004380 (0x340c1b73) csrrw   s6, mscratch, s8
core   0: 3 0x80004380 (0x340c1b73) x22 0x00000004 c832_mscratch 0x80025ea4
core   0: 0x80004384 (0x000098fd) c.andi  s1, -1
core   0: 3 0x80004384 (0x98fd) x9  0xfffffff0
core   0: 0x80004386 (0x00008e61) c.and   a2, s0
core   0: 3 0x80004386 (0x8e61) x12 0x00000000
core   0: 0x80004388 (0x01cc6463) bltu    s8, t3, pc + 8
core   0: 3 0x80004388 (0x01cc6463)
core   0: 0x8000438c (0x4e106a93) ori     s5, zero, 1249
core   0: 3 0x8000438c (0x4e106a93) x21 0x000004e1
core   0: 0x80004390 (0x40a50fb3) sub     t6, a0, a0
core   0: 3 0x80004390 (0x40a50fb3) x31 0x00000000
core   0: 0x80004394 (0x004c9563) bne     s9, tp, pc + 10
core   0: 3 0x80004394 (0x004c9563)
core   0: 0x8000439e (0x00c79ab3) sll     s5, a5, a2
core   0: 3 0x8000439e (0x00c79ab3) x21 0x00000f59
core   0: 0x800043a2 (0x0000877d) c.srai  a4, 31
core   0: 3 0x800043a2 (0x877d) x14 0x00000000
core   0: 0x800043a4 (0xd9bab893) sltiu   a7, s5, -613
core   0: 3 0x800043a4 (0xd9bab893) x17 0x00000001
core   0: 0x800043a8 (0x0223e033) rem     zero, t2, sp
core   0: 3 0x800043a8 (0x0223e033)
core   0: 0x800043ac (0x0302de33) divu    t3, t0, a6
core   0: 3 0x800043ac (0x0302de33) x28 0x2aaaa9c7
core   0: 0x800043b0 (0x023d4db3) div     s11, s10, gp
core   0: 3 0x800043b0 (0x023d4db3) x27 0x00000000
core   0: 0x800043b4 (0x01e65263) bge     a2, t5, pc + 4
core   0: 3 0x800043b4 (0x01e65263)
core   0: 0x800043b8 (0x0000ea9d) c.bnez  a3, pc + 54
core   0: 3 0x800043b8 (0xea9d)
core   0: 0x800043ee (0x00008735) c.srai  a4, 13
core   0: 3 0x800043ee (0x8735) x14 0x00000000
core   0: 0x800043f0 (0x340d3a73) csrrc   s4, mscratch, s10
core   0: 3 0x800043f0 (0x340d3a73) x20 0x80025ea4 c832_mscratch 0x00000000
core   0: 0x800043f4 (0xfa49c313) xori    t1, s3, -92
core   0: 3 0x800043f4 (0xfa49c313) x6  0x7ffda119
core   0: 0x800043f8 (0xe9238513) addi    a0, t2, -366
core   0: 3 0x800043f8 (0xe9238513) x10 0x012e3b4d
core   0: 0x800043fc (0x00000001) c.nop
core   0: 3 0x800043fc (0x0001)
core   0: 0x800043fe (0x00efb8b3) sltu    a7, t6, a4
core   0: 3 0x800043fe (0x00efb8b3) x17 0x00000000
core   0: 0x80004402 (0x035b83b3) mul     t2, s7, s5
core   0: 3 0x80004402 (0x035b83b3) x7  0x00000000
core   0: 0x80004406 (0x340f1073) csrw    mscratch, t5
core   0: 3 0x80004406 (0x340f1073) c832_mscratch 0x0f59157e
core   0: 0x8000440a (0x00008715) c.srai  a4, 5
core   0: 3 0x8000440a (0x8715) x14 0x00000000
core   0: 0x8000440c (0x02685263) bge     a6, t1, pc + 36
core   0: 3 0x8000440c (0x02685263)
core   0: 0x80004410 (0x000082a1) c.srli  a3, 8
core   0: 3 0x80004410 (0x82a1) x13 0x0000000a
core   0: 0x80004412 (0x000081b9) c.srli  a1, 14
core   0: 3 0x80004412 (0x81b9) x11 0x00030000
core   0: 0x80004414 (0xf9577193) andi    gp, a4, -107
core   0: 3 0x80004414 (0xf9577193) x3  0x00000000
core   0: 0x80004418 (0x00005f7d) c.li    t5, -1
core   0: 3 0x80004418 (0x5f7d) x30 0xffffffff
core   0: 0x8000441a (0x0ff0000f) fence   iorw,iorw
core   0: 3 0x8000441a (0x0ff0000f)
core   0: 0x8000441e (0x01c669b3) or      s3, a2, t3
core   0: 3 0x8000441e (0x01c669b3) x19 0x2aaaa9c7
core   0: 0x80004422 (0x00bbc233) xor     tp, s7, a1
core   0: 3 0x80004422 (0x00bbc233) x4  0x00030000
core   0: 0x80004426 (0x0388cb63) blt     a7, s8, pc + 54
core   0: 3 0x80004426 (0x0388cb63)
core   0: 0x8000442a (0x0000960a) c.add   a2, sp
core   0: 3 0x8000442a (0x960a) x12 0xffffffc0
core   0: 0x8000442c (0x01a8df33) srl     t5, a7, s10
core   0: 3 0x8000442c (0x01a8df33) x30 0x00000000
core   0: 0x80004430 (0x8d628493) addi    s1, t0, -1834
core   0: 3 0x80004430 (0x8d628493) x9  0xfffff385
core   0: 0x80004434 (0x000067a1) c.lui   a5, 0x8
core   0: 3 0x80004434 (0x67a1) x15 0x00008000
core   0: 0x80004436 (0x0264a633) mulhsu  a2, s1, t1
core   0: 3 0x80004436 (0x0264a633) x12 0xfffff9c2
core   0: 0x8000443a (0x0000612d) c.addi16sp sp, 224
core   0: 3 0x8000443a (0x612d) x2  0x000000a0
core   0: 0x8000443c (0x9234e993) ori     s3, s1, -1757
core   0: 3 0x8000443c (0x9234e993) x19 0xfffffba7
core   0: 0x80004440 (0x01ad7fb3) and     t6, s10, s10
core   0: 3 0x80004440 (0x01ad7fb3) x31 0xffffffef
core   0: 0x80004444 (0x000084f5) c.srai  s1, 29
core   0: 3 0x80004444 (0x84f5) x9  0xffffffff
core   0: 0x80004446 (0x340cea73) csrrsi  s4, mscratch, 25
core   0: 3 0x80004446 (0x340cea73) x20 0x0f59157e c832_mscratch 0x0f59157f
core   0: 0x8000444a (0x00768b63) beq     a3, t2, pc + 22
core   0: 3 0x8000444a (0x00768b63)
core   0: 0x8000444e (0x016a7db3) and     s11, s4, s6
core   0: 3 0x8000444e (0x016a7db3) x27 0x00000004
core   0: 0x80004452 (0x02ec6d33) rem     s10, s8, a4
core   0: 3 0x80004452 (0x02ec6d33) x26 0x80025ea4
core   0: 0x80004456 (0x34003073) csrc    mscratch, zero
core   0: 3 0x80004456 (0x34003073)
core   0: 0x8000445a (0x0000c099) c.beqz  s1, pc + 6
core   0: 3 0x8000445a (0xc099)
core   0: 0x8000445c (0xa71d8293) addi    t0, s11, -1423
core   0: 3 0x8000445c (0xa71d8293) x5  0xfffffa75
core   0: 0x80004460 (0x00000001) c.nop
core   0: 3 0x80004460 (0x0001)
core   0: 0x80004462 (0x340356f3) csrrwi  a3, mscratch, 6
core   0: 3 0x80004462 (0x340356f3) x13 0x0f59157f c832_mscratch 0x00000006
core   0: 0x80004466 (0x009a5f93) srli    t6, s4, 9
core   0: 3 0x80004466 (0x009a5f93) x31 0x0007ac8a
core   0: 0x8000446a (0x0143d593) srli    a1, t2, 20
core   0: 3 0x8000446a (0x0143d593) x11 0x00000000
core   0: 0x8000446e (0x039fea63) bltu    t6, s9, pc + 52
core   0: 3 0x8000446e (0x039fea63)
core   0: 0x80004472 (0x160c8693) addi    a3, s9, 352
core   0: 3 0x80004472 (0x160c8693) x13 0x00000161
core   0: 0x80004476 (0x022e44b3) div     s1, t3, sp
core   0: 3 0x80004476 (0x022e44b3) x9  0x00444442
core   0: 0x8000447a (0x0294efb3) rem     t6, s1, s1
core   0: 3 0x8000447a (0x0294efb3) x31 0x00000000
core   0: 0x8000447e (0x9a437793) andi    a5, t1, -1628
core   0: 3 0x8000447e (0x9a437793) x15 0x7ffda100
core   0: 0x80004482 (0x01f56833) or      a6, a0, t6
core   0: 3 0x80004482 (0x01f56833) x16 0x012e3b4d
core   0: 0x80004486 (0x34039273) csrrw   tp, mscratch, t2
core   0: 3 0x80004486 (0x34039273) x4  0x00000006 c832_mscratch 0x00000000
core   0: 0x8000448a (0x02879e63) bne     a5, s0, pc + 60
core   0: 3 0x8000448a (0x02879e63)
core   0: 0x800044c6 (0x0282ee33) rem     t3, t0, s0
core   0: 3 0x800044c6 (0x0282ee33) x28 0xfffffa75
core   0: 0x800044ca (0x02bdd363) bge     s11, a1, pc + 38
core   0: 3 0x800044ca (0x02bdd363)
core   0: 0x800044f0 (0x0000100f) fence.i
core   0: 3 0x800044f0 (0x0000100f)
core   0: 0x800044f4 (0x00001d7d) c.addi  s10, -1
core   0: 3 0x800044f4 (0x1d7d) x26 0x80025ea3
core   0: 0x800044f6 (0x000000f1) c.addi  ra, 28
core   0: 3 0x800044f6 (0x00f1) x1  0x0000001c
core   0: 0x800044f8 (0x00d32fb3) slt     t6, t1, a3
core   0: 3 0x800044f8 (0x00d32fb3) x31 0x00000000
core   0: 0x800044fc (0x41ecde33) sra     t3, s9, t5
core   0: 3 0x800044fc (0x41ecde33) x28 0x00000001
core   0: 0x80004500 (0x0000cf89) c.beqz  a5, pc + 26
core   0: 3 0x80004500 (0xcf89)
core   0: 0x80004502 (0x1d8b6493) ori     s1, s6, 472
core   0: 3 0x80004502 (0x1d8b6493) x9  0x000001dc
core   0: 0x80004506 (0x01341533) sll     a0, s0, s3
core   0: 3 0x80004506 (0x01341533) x10 0x5377e080
core   0: 0x8000450a (0x00008916) c.mv    s2, t0
core   0: 3 0x8000450a (0x8916) x18 0xfffffa75
core   0: 0x8000450c (0x03836e63) bltu    t1, s8, pc + 60
core   0: 3 0x8000450c (0x03836e63)
core   0: 0x80004548 (0x00008ca9) c.xor   s1, a0
core   0: 3 0x80004548 (0x8ca9) x9  0x5377e15c
core   0: 0x8000454a (0xe290f193) andi    gp, ra, -471
core   0: 3 0x8000454a (0xe290f193) x3  0x00000008
core   0: 0x8000454e (0x00008ba5) c.andi  a5, 9
core   0: 3 0x8000454e (0x8ba5) x15 0x00000000
core   0: 0x80004550 (0x00006115) c.addi16sp sp, 288
core   0: 3 0x80004550 (0x6115) x2  0x000001c0
core   0: 0x80004552 (0x0000167d) c.addi  a2, -1
core   0: 3 0x80004552 (0x167d) x12 0xfffff9c1
core   0: 0x80004554 (0xddf74393) xori    t2, a4, -545
core   0: 3 0x80004554 (0xddf74393) x7  0xfffffddf
core   0: 0x80004558 (0x0000c295) c.beqz  a3, pc + 36
core   0: 3 0x80004558 (0xc295)
core   0: 0x8000455a (0x000084e5) c.srai  s1, 25
core   0: 3 0x8000455a (0x84e5) x9  0x00000029
core   0: 0x8000455c (0x51098493) addi    s1, s3, 1296
core   0: 3 0x8000455c (0x51098493) x9  0x000000b7
core   0: 0x80004560 (0x000082c2) c.mv    t0, a6
core   0: 3 0x80004560 (0x82c2) x5  0x012e3b4d
core   0: 0x80004562 (0x0000717d) c.addi16sp sp, -16
core   0: 3 0x80004562 (0x717d) x2  0x000001b0
core   0: 0x80004564 (0x02dcf0b3) remu    ra, s9, a3
core   0: 3 0x80004564 (0x02dcf0b3) x1  0x00000001
core   0: 0x80004568 (0x000d2733) slt     a4, s10, zero
core   0: 3 0x80004568 (0x000d2733) x14 0x00000001
core   0: 0x8000456c (0x010e3133) sltu    sp, t3, a6
core   0: 3 0x8000456c (0x010e3133) x2  0x00000001
core   0: 0x80004570 (0x00ddd933) srl     s2, s11, a3
core   0: 3 0x80004570 (0x00ddd933) x18 0x00000002
core   0: 0x80004574 (0x3403de73) csrrwi  t3, mscratch, 7
core   0: 3 0x80004574 (0x3403de73) x28 0x00000000 c832_mscratch 0x00000007
core   0: 0x80004578 (0x3405d573) csrrwi  a0, mscratch, 11
core   0: 3 0x80004578 (0x3405d573) x10 0x00000007 c832_mscratch 0x0000000b
core   0: 0x8000457c (0x0000c481) c.beqz  s1, pc + 8
core   0: 3 0x8000457c (0xc481)
core   0: 0x8000457e (0x02878fb3) mul     t6, a5, s0
core   0: 3 0x8000457e (0x02878fb3) x31 0x00000000
core   0: 0x80004582 (0x00009e32) c.add   t3, a2
core   0: 3 0x80004582 (0x9e32) x28 0xfffff9c1
core   0: 0x80004584 (0x29ea2f97) auipc   t6, 0x29ea2
core   0: 3 0x80004584 (0x29ea2f97) x31 0xa9ea6584
core   0: 0x80004588 (0x0000617d) c.addi16sp sp, 496
core   0: 3 0x80004588 (0x617d) x2  0x000001f1
core   0: 0x8000458a (0x00c8a233) slt     tp, a7, a2
core   0: 3 0x8000458a (0x00c8a233) x4  0x00000000
core   0: 0x8000458e (0x34026cf3) csrrsi  s9, mscratch, 4
core   0: 3 0x8000458e (0x34026cf3) x25 0x0000000b c832_mscratch 0x0000000f
core   0: 0x80004592 (0x34073cf3) csrrc   s9, mscratch, a4
core   0: 3 0x80004592 (0x34073cf3) x25 0x0000000f c832_mscratch 0x0000000e
core   0: 0x80004596 (0x000045a5) c.li    a1, 9
core   0: 3 0x80004596 (0x45a5) x11 0x00000009
core   0: 0x80004598 (0x024bacb3) mulhsu  s9, s7, tp
core   0: 3 0x80004598 (0x024bacb3) x25 0x00000000
core   0: 0x8000459c (0x01fe0b33) add     s6, t3, t6
core   0: 3 0x8000459c (0x01fe0b33) x22 0xa9ea5f45
core   0: 0x800045a0 (0x009c5013) srli    zero, s8, 9
core   0: 3 0x800045a0 (0x009c5013)
core   0: 0x800045a4 (0x017c8133) add     sp, s9, s7
core   0: 3 0x800045a4 (0x017c8133) x2  0x00000000
core   0: 0x800045a8 (0x00c105b3) add     a1, sp, a2
core   0: 3 0x800045a8 (0x00c105b3) x11 0xfffff9c1
core   0: 0x800045ac (0x00000d14) c.addi4spn a3, sp, 656
core   0: 3 0x800045ac (0x0d14) x13 0x00000290
core   0: 0x800045ae (0x8caa7693) andi    a3, s4, -1846
core   0: 3 0x800045ae (0x8caa7693) x13 0x0f59104a
core   0: 0x800045b2 (0x2569f093) andi    ra, s3, 598
core   0: 3 0x800045b2 (0x2569f093) x1  0x00000206
core   0: 0x800045b6 (0xfe870813) addi    a6, a4, -24
core   0: 3 0x800045b6 (0xfe870813) x16 0xffffffe9
core   0: 0x800045ba (0x02798d33) mul     s10, s3, t2
core   0: 3 0x800045ba (0x02798d33) x26 0x00094179
core   0: 0x800045be (0x01605393) srli    t2, zero, 22
core   0: 3 0x800045be (0x01605393) x7  0x00000000
core   0: 0x800045c2 (0x0000e109) c.bnez  a0, pc + 2
core   0: 3 0x800045c2 (0xe109)
core   0: 0x800045c4 (0x00008231) c.srli  a2, 12
core   0: 3 0x800045c4 (0x8231) x12 0x000fffff
core   0: 0x800045c6 (0x005a1b33) sll     s6, s4, t0
core   0: 3 0x800045c6 (0x005a1b33) x22 0x22afc000
core   0: 0x800045ca (0x00000a99) c.addi  s5, 6
core   0: 3 0x800045ca (0x0a99) x21 0x00000f5f
core   0: 0x800045cc (0x00a25d13) srli    s10, tp, 10
core   0: 3 0x800045cc (0x00a25d13) x26 0x00000000
core   0: 0x800045d0 (0x720c4a93) xori    s5, s8, 1824
core   0: 3 0x800045d0 (0x720c4a93) x21 0x80025984
core   0: 0x800045d4 (0x00676833) or      a6, a4, t1
core   0: 3 0x800045d4 (0x00676833) x16 0x7ffda119
core   0: 0x800045d8 (0x00008fad) c.xor   a5, a1
core   0: 3 0x800045d8 (0x8fad) x15 0xfffff9c1
core   0: 0x800045da (0x3406e8f3) csrrsi  a7, mscratch, 13
core   0: 3 0x800045da (0x3406e8f3) x17 0x0000000e c832_mscratch 0x0000000f
core   0: 0x800045de (0x00008cb9) c.xor   s1, a4
core   0: 3 0x800045de (0x8cb9) x9  0x000000b6
core   0: 0x800045e0 (0x000063d9) c.lui   t2, 0x16
core   0: 3 0x800045e0 (0x63d9) x7  0x00016000
core   0: 0x800045e2 (0x03417563) bgeu    sp, s4, pc + 42
core   0: 3 0x800045e2 (0x03417563)
core   0: 0x800045e6 (0x0000c311) c.beqz  a4, pc + 4
core   0: 3 0x800045e6 (0xc311)
core   0: 0x800045e8 (0x00006165) c.addi16sp sp, 112
core   0: 3 0x800045e8 (0x6165) x2  0x00000070
core   0: 0x800045ea (0x00ffd4b3) srl     s1, t6, a5
core   0: 3 0x800045ea (0x00ffd4b3) x9  0x54f532c2
core   0: 0x800045ee (0x07878197) auipc   gp, 0x7878
core   0: 3 0x800045ee (0x07878197) x3  0x8787c5ee
core   0: 0x800045f2 (0x364e0d93) addi    s11, t3, 868
core   0: 3 0x800045f2 (0x364e0d93) x27 0xfffffd25
core   0: 0x800045f6 (0x01ca1333) sll     t1, s4, t3
core   0: 3 0x800045f6 (0x01ca1333) x6  0x1eb22afc
core   0: 0x800045fa (0x00004939) c.li    s2, 14
core   0: 3 0x800045fa (0x4939) x18 0x0000000e
core   0: 0x800045fc (0x02c945b3) div     a1, s2, a2
core   0: 3 0x800045fc (0x02c945b3) x11 0x00000000
core   0: 0x80004600 (0x032b7133) remu    sp, s6, s2
core   0: 3 0x80004600 (0x032b7133) x2  0x00000004
core   0: 0x80004604 (0x2b89c193) xori    gp, s3, 696
core   0: 3 0x80004604 (0x2b89c193) x3  0xfffff91f
core   0: 0x80004608 (0x006a9633) sll     a2, s5, t1
core   0: 3 0x80004608 (0x006a9633) x12 0x40000000
core   0: 0x8000460c (0x00000cc1) c.addi  s9, 16
core   0: 3 0x8000460c (0x0cc1) x25 0x00000010
core   0: 0x8000460e (0x000096d6) c.add   a3, s5
core   0: 3 0x8000460e (0x96d6) x13 0x8f5b69ce
core   0: 0x80004610 (0x000097f2) c.add   a5, t3
core   0: 3 0x80004610 (0x97f2) x15 0xfffff382
core   0: 0x80004612 (0x7cc1c793) xori    a5, gp, 1996
core   0: 3 0x80004612 (0x7cc1c793) x15 0xfffffed3
core   0: 0x80004616 (0x34002ff3) csrr    t6, mscratch
core   0: 3 0x80004616 (0x34002ff3) x31 0x0000000f
core   0: 0x8000461a (0x00008dbd) c.xor   a1, a5
core   0: 3 0x8000461a (0x8dbd) x11 0xfffffed3
core   0: 0x8000461c (0x340039f3) csrrc   s3, mscratch, zero
core   0: 3 0x8000461c (0x340039f3) x19 0x0000000f
core   0: 0x80004620 (0x0000c619) c.beqz  a2, pc + 14
core   0: 3 0x80004620 (0xc619)
core   0: 0x80004622 (0x0000ed85) c.bnez  a1, pc + 56
core   0: 3 0x80004622 (0xed85)
core   0: 0x8000465a (0x000098fd) c.andi  s1, -1
core   0: 3 0x8000465a (0x98fd) x9  0x54f532c2
core   0: 0x8000465c (0x00006e7d) c.lui   t3, 0x1f
core   0: 3 0x8000465c (0x6e7d) x28 0x0001f000
core   0: 0x8000465e (0x00008dee) c.mv    s11, s11
core   0: 3 0x8000465e (0x8dee) x27 0xfffffd25
core   0: 0x80004660 (0x0000080c) c.addi4spn a1, sp, 16
core   0: 3 0x80004660 (0x080c) x11 0x00000014
core   0: 0x80004662 (0xd3eccd93) xori    s11, s9, -706
core   0: 3 0x80004662 (0xd3eccd93) x27 0xfffffd2e
core   0: 0x80004666 (0x00008d11) c.sub   a0, a2
core   0: 3 0x80004666 (0x8d11) x10 0xc0000007
core   0: 0x80004668 (0x03cfb0b3) mulhu   ra, t6, t3
core   0: 3 0x80004668 (0x03cfb0b3) x1  0x00000000
core   0: 0x8000466c (0x00000241) c.addi  tp, 16
core   0: 3 0x8000466c (0x0241) x4  0x00000010
core   0: 0x8000466e (0x0085f833) and     a6, a1, s0
core   0: 3 0x8000466e (0x0085f833) x16 0x00000000
core   0: 0x80004672 (0x00eed663) bge     t4, a4, pc + 12
core   0: 3 0x80004672 (0x00eed663)
core   0: 0x80004676 (0x000069c1) c.lui   s3, 0x10
core   0: 3 0x80004676 (0x69c1) x19 0x00010000
core   0: 0x80004678 (0x025159b3) divu    s3, sp, t0
core   0: 3 0x80004678 (0x025159b3) x19 0x00000000
core   0: 0x8000467c (0x00008eed) c.and   a3, a1
core   0: 3 0x8000467c (0x8eed) x13 0x00000004
core   0: 0x8000467e (0x34002cf3) csrr    s9, mscratch
core   0: 3 0x8000467e (0x34002cf3) x25 0x0000000f
core   0: 0x80004682 (0x34001673) csrrw   a2, mscratch, zero
core   0: 3 0x80004682 (0x34001673) x12 0x0000000f c832_mscratch 0x00000000
core   0: 0x80004686 (0x00016117) auipc   sp, 0x16
core   0: 3 0x80004686 (0x00016117) x2  0x8001a686
core   0: 0x8000468a (0x25c10113) addi    sp, sp, 604
core   0: 3 0x8000468a (0x25c10113) x2  0x8001a8e2
core   0: 0x8000468e (0x64e15d03) lhu     s10, 1614(sp)
core   0: 3 0x8000468e (0x64e15d03) x26 0x00000000 mem 0x8001af30
core   0: 0x80004692 (0xbcd80c93) addi    s9, a6, -1075
core   0: 3 0x80004692 (0xbcd80c93) x25 0xfffffbcd
core   0: 0x80004696 (0x94414483) lbu     s1, -1724(sp)
core   0: 3 0x80004696 (0x94414483) x9  0x00000000 mem 0x8001a226
core   0: 0x8000469a (0x6c210583) lb      a1, 1730(sp)
core   0: 3 0x8000469a (0x6c210583) x11 0x00000000 mem 0x8001afa4
core   0: 0x8000469e (0x05210623) sb      s2, 76(sp)
core   0: 3 0x8000469e (0x05210623) mem 0x8001a92e 0x0e
core   0: 0x800046a2 (0xe4b14a83) lbu     s5, -437(sp)
core   0: 3 0x800046a2 (0xe4b14a83) x21 0x00000000 mem 0x8001a72d
core   0: 0x800046a6 (0x0ac14e03) lbu     t3, 172(sp)
core   0: 3 0x800046a6 (0x0ac14e03) x28 0x00000000 mem 0x8001a98e
core   0: 0x800046aa (0x34007073) csrci   mscratch, 0
core   0: 3 0x800046aa (0x34007073)
core   0: 0x800046ae (0x036437b3) mulhu   a5, s0, s6
core   0: 3 0x800046ae (0x036437b3) x15 0x209b6272
core   0: 0x800046b2 (0xb2112f23) sw      ra, -1218(sp)
core   0: 3 0x800046b2 (0xb2112f23) mem 0x8001a420 0x00000000
core   0: 0x800046b6 (0xfcb10a03) lb      s4, -53(sp)
core   0: 3 0x800046b6 (0xfcb10a03) x20 0x00000000 mem 0x8001a8ad
core   0: 0x800046ba (0x33c10ca3) sb      t3, 825(sp)
core   0: 3 0x800046ba (0x33c10ca3) mem 0x8001ac1b 0x00
core   0: 0x800046be (0x35a12303) lw      t1, 858(sp)
core   0: 3 0x800046be (0x35a12303) x6  0x00000000 mem 0x8001ac3c
core   0: 0x800046c2 (0x000002c2) c.slli  t0, 16
core   0: 3 0x800046c2 (0x02c2) x5  0x3b4d0000
core   0: 0x800046c4 (0x340364f3) csrrsi  s1, mscratch, 6
core   0: 3 0x800046c4 (0x340364f3) x9  0x00000000 c832_mscratch 0x00000006
core   0: 0x800046c8 (0x011e1833) sll     a6, t3, a7
core   0: 3 0x800046c8 (0x011e1833) x16 0x00000000
core   0: 0x800046cc (0x340e18f3) csrrw   a7, mscratch, t3
core   0: 3 0x800046cc (0x340e18f3) x17 0x00000006 c832_mscratch 0x00000000
core   0: 0x800046d0 (0x36910ca3) sb      s1, 889(sp)
core   0: 3 0x800046d0 (0x36910ca3) mem 0x8001ac5b 0x00
core   0: 0x800046d4 (0x09210ba3) sb      s2, 151(sp)
core   0: 3 0x800046d4 (0x09210ba3) mem 0x8001a979 0x0e
core   0: 0x800046d8 (0x17910203) lb      tp, 377(sp)
core   0: 3 0x800046d8 (0x17910203) x4  0x00000000 mem 0x8001aa5b
core   0: 0x800046dc (0x0092a6b3) slt     a3, t0, s1
core   0: 3 0x800046dc (0x0092a6b3) x13 0x00000000
core   0: 0x800046e0 (0x00509693) slli    a3, ra, 5
core   0: 3 0x800046e0 (0x00509693) x13 0x00000000
core   0: 0x800046e4 (0x032a2533) mulhsu  a0, s4, s2
core   0: 3 0x800046e4 (0x032a2533) x10 0x00000000
core   0: 0x800046e8 (0x030065b3) rem     a1, zero, a6
core   0: 3 0x800046e8 (0x030065b3) x11 0x00000000
core   0: 0x800046ec (0xa1a11323) sh      s10, -1530(sp)
core   0: 3 0x800046ec (0xa1a11323) mem 0x8001a2e8 0x0000
core   0: 0x800046f0 (0x35806213) ori     tp, zero, 856
core   0: 3 0x800046f0 (0x35806213) x4  0x00000358
core   0: 0x800046f4 (0x0ff0000f) fence   iorw,iorw
core   0: 3 0x800046f4 (0x0ff0000f)
core   0: 0x800046f8 (0x6ce10323) sb      a4, 1734(sp)
core   0: 3 0x800046f8 (0x6ce10323) mem 0x8001afa8 0x01
core   0: 0x800046fc (0x0327ba33) mulhu   s4, a5, s2
core   0: 3 0x800046fc (0x0327ba33) x20 0x00000001
core   0: 0x80004700 (0x7c215703) lhu     a4, 1986(sp)
core   0: 3 0x80004700 (0x7c215703) x14 0x00000000 mem 0x8001b0a4
core   0: 0x80004704 (0x340532f3) csrrc   t0, mscratch, a0
core   0: 3 0x80004704 (0x340532f3) x5  0x00000000 c832_mscratch 0x00000000
core   0: 0x80004708 (0x000087d6) c.mv    a5, s5
core   0: 3 0x80004708 (0x87d6) x15 0x00000000
core   0: 0x8000470a (0x000083e9) c.srli  a5, 26
core   0: 3 0x8000470a (0x83e9) x15 0x00000000
core   0: 0x8000470c (0x404e5233) sra     tp, t3, tp
core   0: 3 0x8000470c (0x404e5233) x4  0x00000000
core   0: 0x80004710 (0xd82b6913) ori     s2, s6, -638
core   0: 3 0x80004710 (0xd82b6913) x18 0xfffffd82
core   0: 0x80004714 (0x41ff5393) srai    t2, t5, 31
core   0: 3 0x80004714 (0x41ff5393) x7  0x00000000
core   0: 0x80004718 (0x340bd7f3) csrrwi  a5, mscratch, 23
core   0: 3 0x80004718 (0x340bd7f3) x15 0x00000000 c832_mscratch 0x00000017
core   0: 0x8000471c (0x0016ca63) blt     a3, ra, pc + 20
core   0: 3 0x8000471c (0x0016ca63)
core   0: 0x80004720 (0x034bf233) remu    tp, s7, s4
core   0: 3 0x80004720 (0x034bf233) x4  0x00000000
core   0: 0x80004724 (0x028caf33) mulhsu  t5, s9, s0
core   0: 3 0x80004724 (0x028caf33) x30 0xfffffc0d
core   0: 0x80004728 (0x00009afd) c.andi  a3, -1
core   0: 3 0x80004728 (0x9afd) x13 0x00000000
core   0: 0x8000472a (0x02762b33) mulhsu  s6, a2, t2
core   0: 3 0x8000472a (0x02762b33) x22 0x00000000
core   0: 0x8000472e (0x00008a15) c.andi  a2, 5
core   0: 3 0x8000472e (0x8a15) x12 0x00000005
core   0: 0x80004730 (0x000089f9) c.andi  a1, 30
core   0: 3 0x80004730 (0x89f9) x11 0x00000000
core   0: 0x80004732 (0x9fb7a113) slti    sp, a5, -1541
core   0: 3 0x80004732 (0x9fb7a113) x2  0x00000000
core   0: 0x80004736 (0x2dabb593) sltiu   a1, s7, 730
core   0: 3 0x80004736 (0x2dabb593) x11 0x00000001
core   0: 0x8000473a (0xc530f493) andi    s1, ra, -941
core   0: 3 0x8000473a (0xc530f493) x9  0x00000000
core   0: 0x8000473e (0x34003373) csrrc   t1, mscratch, zero
core   0: 3 0x8000473e (0x34003373) x6  0x00000017
core   0: 0x80004742 (0xedd43837) lui     a6, 0xedd43
core   0: 3 0x80004742 (0xedd43837) x16 0xedd43000
core   0: 0x80004746 (0x0128b533) sltu    a0, a7, s2
core   0: 3 0x80004746 (0x0128b533) x10 0x00000001
core   0: 0x8000474a (0xda91f593) andi    a1, gp, -599
core   0: 3 0x8000474a (0xda91f593) x11 0xfffff909
core   0: 0x8000474e (0x000083ca) c.mv    t2, s2
core   0: 3 0x8000474e (0x83ca) x7  0xfffffd82
core   0: 0x80004750 (0x34061bf3) csrrw   s7, mscratch, a2
core   0: 3 0x80004750 (0x34061bf3) x23 0x00000017 c832_mscratch 0x00000005
core   0: 0x80004754 (0x00008249) c.srli  a2, 18
core   0: 3 0x80004754 (0x8249) x12 0x00000000
core   0: 0x80004756 (0x41d58bb3) sub     s7, a1, t4
core   0: 3 0x80004756 (0x41d58bb3) x23 0x7ffd5be5
core   0: 0x8000475a (0x00be25b3) slt     a1, t3, a1
core   0: 3 0x8000475a (0x00be25b3) x11 0x00000000
core   0: 0x8000475e (0x00fe2133) slt     sp, t3, a5
core   0: 3 0x8000475e (0x00fe2133) x2  0x00000000
core   0: 0x80004762 (0x00000001) c.nop
core   0: 3 0x80004762 (0x0001)
core   0: 0x80004764 (0x00008d59) c.or    a0, a4
core   0: 3 0x80004764 (0x8d59) x10 0x00000001
core   0: 0x80004766 (0x01f45d93) srli    s11, s0, 31
core   0: 3 0x80004766 (0x01f45d93) x27 0x00000001
core   0: 0x8000476a (0x02431f63) bne     t1, tp, pc + 62
core   0: 3 0x8000476a (0x02431f63)
core   0: 0x800047a8 (0x34006373) csrrsi  t1, mscratch, 0
core   0: 3 0x800047a8 (0x34006373) x6  0x00000005
core   0: 0x800047ac (0x0000e501) c.bnez  a0, pc + 8
core   0: 3 0x800047ac (0xe501)
core   0: 0x800047b4 (0x00000001) c.nop
core   0: 3 0x800047b4 (0x0001)
core   0: 0x800047b6 (0x0000617d) c.addi16sp sp, 496
core   0: 3 0x800047b6 (0x617d) x2  0x000001f0
core   0: 0x800047b8 (0x000080c5) c.srli  s1, 17
core   0: 3 0x800047b8 (0x80c5) x9  0x00000000
core   0: 0x800047ba (0x00008fd9) c.or    a5, a4
core   0: 3 0x800047ba (0x8fd9) x15 0x00000000
core   0: 0x800047bc (0x01e016b3) sll     a3, zero, t5
core   0: 3 0x800047bc (0x01e016b3) x13 0x00000000
core   0: 0x800047c0 (0x030f99b3) mulh    s3, t6, a6
core   0: 3 0x800047c0 (0x030f99b3) x19 0xfffffffe
core   0: 0x800047c4 (0x0188dd13) srli    s10, a7, 24
core   0: 3 0x800047c4 (0x0188dd13) x26 0x00000000
core   0: 0x800047c8 (0xeec9b993) sltiu   s3, s3, -276
core   0: 3 0x800047c8 (0xeec9b993) x19 0x00000000
core   0: 0x800047cc (0x03dc8fb3) mul     t6, s9, t4
core   0: 3 0x800047cc (0x03dc8fb3) x31 0x750621d4
core   0: 0x800047d0 (0x01451193) slli    gp, a0, 20
core   0: 3 0x800047d0 (0x01451193) x3  0x00100000
core   0: 0x800047d4 (0x0000100f) fence.i
core   0: 3 0x800047d4 (0x0000100f)
core   0: 0x800047d8 (0x34015a73) csrrwi  s4, mscratch, 2
core   0: 3 0x800047d8 (0x34015a73) x20 0x00000005 c832_mscratch 0x00000002
core   0: 0x800047dc (0x0000851e) c.mv    a0, t2
core   0: 3 0x800047dc (0x851e) x10 0xfffffd82
core   0: 0x800047de (0x00000001) c.nop
core   0: 3 0x800047de (0x0001)
core   0: 0x800047e0 (0x00008e29) c.xor   a2, a0
core   0: 3 0x800047e0 (0x8e29) x12 0xfffffd82
core   0: 0x800047e2 (0x5eecbb13) sltiu   s6, s9, 1518
core   0: 3 0x800047e2 (0x5eecbb13) x22 0x00000000
core   0: 0x800047e6 (0x0391b333) mulhu   t1, gp, s9
core   0: 3 0x800047e6 (0x0391b333) x6  0x000fffff
core   0: 0x800047ea (0x00000001) c.nop
core   0: 3 0x800047ea (0x0001)
core   0: 0x800047ec (0x0136e0b3) or      ra, a3, s3
core   0: 3 0x800047ec (0x0136e0b3) x1  0x00000000
core   0: 0x800047f0 (0x00000689) c.addi  a3, 2
core   0: 3 0x800047f0 (0x0689) x13 0x00000002
core   0: 0x800047f2 (0x021a8563) beq     s5, ra, pc + 42
core   0: 3 0x800047f2 (0x021a8563)
core   0: 0x8000481c (0x02d85c63) bge     a6, a3, pc + 56
core   0: 3 0x8000481c (0x02d85c63)
core   0: 0x80004820 (0x00008d06) c.mv    s10, ra
core   0: 3 0x80004820 (0x8d06) x26 0x00000000
core   0: 0x80004822 (0x000083a5) c.srli  a5, 9
core   0: 3 0x80004822 (0x83a5) x15 0x00000000
core   0: 0x80004824 (0x0147db63) bge     a5, s4, pc + 22
core   0: 3 0x80004824 (0x0147db63)
core   0: 0x80004828 (0x02224cb3) div     s9, tp, sp
core   0: 3 0x80004828 (0x02224cb3) x25 0x00000000
core   0: 0x8000482c (0x00000001) c.nop
core   0: 3 0x8000482c (0x0001)
core   0: 0x8000482e (0x3407dcf3) csrrwi  s9, mscratch, 15
core   0: 3 0x8000482e (0x3407dcf3) x25 0x00000002 c832_mscratch 0x0000000f
core   0: 0x80004832 (0x00a61913) slli    s2, a2, 10
core   0: 3 0x80004832 (0x00a61913) x18 0xfff60800
core   0: 0x80004836 (0x03bfe233) rem     tp, t6, s11
core   0: 3 0x80004836 (0x03bfe233) x4  0x00000000
core   0: 0x8000483a (0x0000100f) fence.i
core   0: 3 0x8000483a (0x0000100f)
core   0: 0x8000483e (0x41010e33) sub     t3, sp, a6
core   0: 3 0x8000483e (0x41010e33) x28 0x122bd1f0
core   0: 0x80004842 (0xde56c713) xori    a4, a3, -539
core   0: 3 0x80004842 (0xde56c713) x14 0xfffffde7
core   0: 0x80004846 (0x02d53533) mulhu   a0, a0, a3
core   0: 3 0x80004846 (0x02d53533) x10 0x00000001
core   0: 0x8000484a (0x0000c285) c.beqz  a3, pc + 32
core   0: 3 0x8000484a (0xc285)
core   0: 0x8000484c (0x65557813) andi    a6, a0, 1621
core   0: 3 0x8000484c (0x65557813) x16 0x00000001
core   0: 0x80004850 (0x01328333) add     t1, t0, s3
core   0: 3 0x80004850 (0x01328333) x6  0x00000000
core   0: 0x80004854 (0x016eadb3) slt     s11, t4, s6
core   0: 3 0x80004854 (0x016eadb3) x27 0x00000001
core   0: 0x80004858 (0x01729213) slli    tp, t0, 23
core   0: 3 0x80004858 (0x01729213) x4  0x00000000
core   0: 0x8000485c (0x3d51c293) xori    t0, gp, 981
core   0: 3 0x8000485c (0x3d51c293) x5  0x001003d5
core   0: 0x80004860 (0x340063f3) csrrsi  t2, mscratch, 0
core   0: 3 0x80004860 (0x340063f3) x7  0x0000000f
core   0: 0x80004864 (0x00e26f33) or      t5, tp, a4
core   0: 3 0x80004864 (0x00e26f33) x30 0xfffffde7
core   0: 0x80004868 (0x00000755) c.addi  a4, 21
core   0: 3 0x80004868 (0x0755) x14 0xfffffdfc
core   0: 0x8000486a (0x00001d10) c.addi4spn a2, sp, 688
core   0: 3 0x8000486a (0x1d10) x12 0x000004a0
core   0: 0x8000486c (0x34065173) csrrwi  sp, mscratch, 12
core   0: 3 0x8000486c (0x34065173) x2  0x0000000f c832_mscratch 0x0000000c
core   0: 0x80004870 (0x029f9863) bne     t6, s1, pc + 48
core   0: 3 0x80004870 (0x029f9863)
core   0: 0x800048a0 (0x00008f39) c.xor   a4, a4
core   0: 3 0x800048a0 (0x8f39) x14 0x00000000
core   0: 0x800048a2 (0x3889e393) ori     t2, s3, 904
core   0: 3 0x800048a2 (0x3889e393) x7  0x00000388
core   0: 0x800048a6 (0x0000100f) fence.i
core   0: 3 0x800048a6 (0x0000100f)
core   0: 0x800048aa (0x03e641b3) div     gp, a2, t5
core   0: 3 0x800048aa (0x03e641b3) x3  0xfffffffe
core   0: 0x800048ae (0x03db0563) beq     s6, t4, pc + 42
core   0: 3 0x800048ae (0x03db0563)
core   0: 0x800048b2 (0x030d75b3) remu    a1, s10, a6
core   0: 3 0x800048b2 (0x030d75b3) x11 0x00000000
core   0: 0x800048b6 (0xd3601137) lui     sp, 0xd3601
core   0: 3 0x800048b6 (0xd3601137) x2  0xd3601000
core   0: 0x800048ba (0x00009a7d) c.andi  a2, -1
core   0: 3 0x800048ba (0x9a7d) x12 0x000004a0
core   0: 0x800048bc (0x340a10f3) csrrw   ra, mscratch, s4
core   0: 3 0x800048bc (0x340a10f3) x1  0x0000000c c832_mscratch 0x00000005
core   0: 0x800048c0 (0x340926f3) csrrs   a3, mscratch, s2
core   0: 3 0x800048c0 (0x340926f3) x13 0x00000005 c832_mscratch 0xfff60805
core   0: 0x800048c4 (0x40cc0a33) sub     s4, s8, a2
core   0: 3 0x800048c4 (0x40cc0a33) x20 0x80025a04
core   0: 0x800048c8 (0x02798763) beq     s3, t2, pc + 46
core   0: 3 0x800048c8 (0x02798763)
core   0: 0x800048cc (0x40d1d933) sra     s2, gp, a3
core   0: 3 0x800048cc (0x40d1d933) x18 0xffffffff
core   0: 0x800048d0 (0x0000717d) c.addi16sp sp, -16
core   0: 3 0x800048d0 (0x717d) x2  0xd3600ff0
core   0: 0x800048d2 (0x01abf4b3) and     s1, s7, s10
core   0: 3 0x800048d2 (0x01abf4b3) x9  0x00000000
core   0: 0x800048d6 (0x000010fd) c.addi  ra, -1
core   0: 3 0x800048d6 (0x10fd) x1  0x0000000b
core   0: 0x800048d8 (0x02fb8963) beq     s7, a5, pc + 50
core   0: 3 0x800048d8 (0x02fb8963)
core   0: 0x800048dc (0x02831f63) bne     t1, s0, pc + 62
core   0: 3 0x800048dc (0x02831f63)
core   0: 0x8000491a (0x011c6733) or      a4, s8, a7
core   0: 3 0x8000491a (0x011c6733) x14 0x80025ea6
core   0: 0x8000491e (0x41a481b3) sub     gp, s1, s10
core   0: 3 0x8000491e (0x41a481b3) x3  0x00000000
core   0: 0x80004922 (0x036e1b63) bne     t3, s6, pc + 54
core   0: 3 0x80004922 (0x036e1b63)
core   0: 0x80004958 (0x03100a63) beq     zero, a7, pc + 52
core   0: 3 0x80004958 (0x03100a63)
core   0: 0x8000495c (0x00f4dfb3) srl     t6, s1, a5
core   0: 3 0x8000495c (0x00f4dfb3) x31 0x00000000
core   0: 0x80004960 (0x015db733) sltu    a4, s11, s5
core   0: 3 0x80004960 (0x015db733) x14 0x00000000
core   0: 0x80004964 (0x0000e095) c.bnez  s1, pc + 36
core   0: 3 0x80004964 (0xe095)
core   0: 0x80004966 (0x00d54f33) xor     t5, a0, a3
core   0: 3 0x80004966 (0x00d54f33) x30 0x00000004
core   0: 0x8000496a (0xdec3a393) slti    t2, t2, -532
core   0: 3 0x8000496a (0xdec3a393) x7  0x00000000
core   0: 0x8000496e (0x00a47fb3) and     t6, s0, a0
core   0: 3 0x8000496e (0x00a47fb3) x31 0x00000001
core   0: 0x80004972 (0x00008e09) c.sub   a2, a0
core   0: 3 0x80004972 (0x8e09) x12 0x0000049f
core   0: 0x80004974 (0x00009a76) c.add   s4, t4
core   0: 3 0x80004974 (0x9a76) x20 0x0004f728
core   0: 0x80004976 (0x0000717d) c.addi16sp sp, -16
core   0: 3 0x80004976 (0x717d) x2  0xd3600fe0
core   0: 0x80004978 (0xd72dba13) sltiu   s4, s11, -654
core   0: 3 0x80004978 (0xd72dba13) x20 0x00000001
core   0: 0x8000497c (0x01d5ba33) sltu    s4, a1, t4
core   0: 3 0x8000497c (0x01d5ba33) x20 0x00000001
core   0: 0x80004980 (0x00008e7d) c.and   a2, a5
core   0: 3 0x80004980 (0x8e7d) x12 0x00000000
core   0: 0x80004982 (0x00000704) c.addi4spn s1, sp, 896
core   0: 3 0x80004982 (0x0704) x9  0xd3601360
core   0: 0x80004984 (0x00c9fab3) and     s5, s3, a2
core   0: 3 0x80004984 (0x00c9fab3) x21 0x00000000
core   0: 0x80004988 (0x01ef7533) and     a0, t5, t5
core   0: 3 0x80004988 (0x01ef7533) x10 0x00000004
core   0: 0x8000498c (0x2dab0c93) addi    s9, s6, 730
core   0: 3 0x8000498c (0x2dab0c93) x25 0x000002da
core   0: 0x80004990 (0x02f07e33) remu    t3, zero, a5
core   0: 3 0x80004990 (0x02f07e33) x28 0x00000000
core   0: 0x80004994 (0x0218a733) mulhsu  a4, a7, ra
core   0: 3 0x80004994 (0x0218a733) x14 0x00000000
core   0: 0x80004998 (0x039e48b3) div     a7, t3, s9
core   0: 3 0x80004998 (0x039e48b3) x17 0x00000000
core   0: 0x8000499c (0x02091663) bnez    s2, pc + 44
core   0: 3 0x8000499c (0x02091663)
core   0: 0x800049c8 (0x0000c509) c.beqz  a0, pc + 10
core   0: 3 0x800049c8 (0xc509)
core   0: 0x800049ca (0xf093f613) andi    a2, t2, -247
core   0: 3 0x800049ca (0xf093f613) x12 0x00000000
core   0: 0x800049ce (0x02277a33) remu    s4, a4, sp
core   0: 3 0x800049ce (0x02277a33) x20 0x00000000
core   0: 0x800049d2 (0x0000167d) c.addi  a2, -1
core   0: 3 0x800049d2 (0x167d) x12 0xffffffff
core   0: 0x800049d4 (0x0123a633) slt     a2, t2, s2
core   0: 3 0x800049d4 (0x0123a633) x12 0x00000000
core   0: 0x800049d8 (0xf98d1837) lui     a6, 0xf98d1
core   0: 3 0x800049d8 (0xf98d1837) x16 0xf98d1000
core   0: 0x800049dc (0x0000670d) c.lui   a4, 0x3
core   0: 3 0x800049dc (0x670d) x14 0x00003000
core   0: 0x800049de (0x0076a833) slt     a6, a3, t2
core   0: 3 0x800049de (0x0076a833) x16 0x00000000
core   0: 0x800049e2 (0x3a3a7613) andi    a2, s4, 931
core   0: 3 0x800049e2 (0x3a3a7613) x12 0x00000000
core   0: 0x800049e6 (0x01e6c3b3) xor     t2, a3, t5
core   0: 3 0x800049e6 (0x01e6c3b3) x7  0x00000001
core   0: 0x800049ea (0x03874563) blt     a4, s8, pc + 42
core   0: 3 0x800049ea (0x03874563)
core   0: 0x800049ee (0x03e1c5b3) div     a1, gp, t5
core   0: 3 0x800049ee (0x03e1c5b3) x11 0x00000000
core   0: 0x800049f2 (0x4005de13) srai    t3, a1, 0
core   0: 3 0x800049f2 (0x4005de13) x28 0x00000000
core   0: 0x800049f6 (0x000085f6) c.mv    a1, t4
core   0: 3 0x800049f6 (0x85f6) x11 0x80029d24
core   0: 0x800049f8 (0x014cc1b3) xor     gp, s9, s4
core   0: 3 0x800049f8 (0x014cc1b3) x3  0x000002da
core   0: 0x800049fc (0x03af6ab3) rem     s5, t5, s10
core   0: 3 0x800049fc (0x03af6ab3) x21 0x00000004
core   0: 0x80004a00 (0x000095d6) c.add   a1, s5
core   0: 3 0x80004a00 (0x95d6) x11 0x80029d28
core   0: 0x80004a02 (0x0000100f) fence.i
core   0: 3 0x80004a02 (0x0000100f)
core   0: 0x80004a06 (0x34003873) csrrc   a6, mscratch, zero
core   0: 3 0x80004a06 (0x34003873) x16 0xfff60805
core   0: 0x80004a0a (0x0f94f513) andi    a0, s1, 249
core   0: 3 0x80004a0a (0x0f94f513) x10 0x00000060
core   0: 0x80004a0e (0x00001393) slli    t2, zero, 0
core   0: 3 0x80004a0e (0x00001393) x7  0x00000000
core   0: 0x80004a12 (0x00008f05) c.sub   a4, s1
core   0: 3 0x80004a12 (0x8f05) x14 0x2ca01ca0
core   0: 0x80004a14 (0x34021073) csrw    mscratch, tp
core   0: 3 0x80004a14 (0x34021073) c832_mscratch 0x00000000
core   0: 0x80004a18 (0x0000469d) c.li    a3, 7
core   0: 3 0x80004a18 (0x469d) x13 0x00000007
core   0: 0x80004a1a (0x000092f6) c.add   t0, t4
core   0: 3 0x80004a1a (0x92f6) x5  0x8012a0f9
core   0: 0x80004a1c (0x024596b3) mulh    a3, a1, tp
core   0: 3 0x80004a1c (0x024596b3) x13 0x00000000
core   0: 0x80004a20 (0x00ea5693) srli    a3, s4, 14
core   0: 3 0x80004a20 (0x00ea5693) x13 0x00000000
core   0: 0x80004a24 (0x00001e08) c.addi4spn a0, sp, 816
core   0: 3 0x80004a24 (0x1e08) x10 0xd3601310
core   0: 0x80004a26 (0xe1496993) ori     s3, s2, -492
core   0: 3 0x80004a26 (0xe1496993) x19 0xffffffff
core   0: 0x80004a2a (0x0384c733) div     a4, s1, s8
core   0: 3 0x80004a2a (0x0384c733) x14 0x00000000
core   0: 0x80004a2e (0x0000100f) fence.i
core   0: 3 0x80004a2e (0x0000100f)
core   0: 0x80004a32 (0x92c46297) auipc   t0, 0x92c46
core   0: 3 0x80004a32 (0x92c46297) x5  0x12c4aa32
core   0: 0x80004a36 (0x340027f3) csrr    a5, mscratch
core   0: 3 0x80004a36 (0x340027f3) x15 0x00000000
core   0: 0x80004a3a (0x03da2a33) mulhsu  s4, s4, t4
core   0: 3 0x80004a3a (0x03da2a33) x20 0x00000000
core   0: 0x80004a3e (0x78c6b637) lui     a2, 0x78c6b
core   0: 3 0x80004a3e (0x78c6b637) x12 0x78c6b000
core   0: 0x80004a42 (0x00001afd) c.addi  s5, -1
core   0: 3 0x80004a42 (0x1afd) x21 0x00000003
core   0: 0x80004a44 (0x000019fd) c.addi  s3, -1
core   0: 3 0x80004a44 (0x19fd) x19 0xfffffffe
core   0: 0x80004a46 (0x01529633) sll     a2, t0, s5
core   0: 3 0x80004a46 (0x01529633) x12 0x96255190
core   0: 0x80004a4a (0x04127263) bgeu    tp, ra, pc + 68
core   0: 3 0x80004a4a (0x04127263)
core   0: 0x80004a4e (0x00008a99) c.andi  a3, 6
core   0: 3 0x80004a4e (0x8a99) x13 0x00000000
core   0: 0x80004a50 (0x00008925) c.andi  a0, 9
core   0: 3 0x80004a50 (0x8925) x10 0x00000000
core   0: 0x80004a52 (0x5b56c513) xori    a0, a3, 1461
core   0: 3 0x80004a52 (0x5b56c513) x10 0x000005b5
core   0: 0x80004a56 (0x00008cd1) c.or    s1, a2
core   0: 3 0x80004a56 (0x8cd1) x9  0xd76553f0
core   0: 0x80004a58 (0x003e18b3) sll     a7, t3, gp
core   0: 3 0x80004a58 (0x003e18b3) x17 0x00000000
core   0: 0x80004a5c (0x8a64ff13) andi    t5, s1, -1882
core   0: 3 0x80004a5c (0x8a64ff13) x30 0xd76550a0
core   0: 0x80004a60 (0x013803b3) add     t2, a6, s3
core   0: 3 0x80004a60 (0x013803b3) x7  0xfff60803
core   0: 0x80004a64 (0x34007d73) csrrci  s10, mscratch, 0
core   0: 3 0x80004a64 (0x34007d73) x26 0x00000000
core   0: 0x80004a68 (0x1c07bb13) sltiu   s6, a5, 448
core   0: 3 0x80004a68 (0x1c07bb13) x22 0x00000001
core   0: 0x80004a6c (0x0000c8e9) c.beqz  s1, pc + 210
core   0: 3 0x80004a6c (0xc8e9)
core   0: 0x80004a6e (0x34051b73) csrrw   s6, mscratch, a0
core   0: 3 0x80004a6e (0x34051b73) x22 0x00000000 c832_mscratch 0x000005b5
core   0: 0x80004a72 (0x016bb3b3) sltu    t2, s7, s6
core   0: 3 0x80004a72 (0x016bb3b3) x7  0x00000000
core   0: 0x80004a76 (0x0c8f9463) bne     t6, s0, pc + 200
core   0: 3 0x80004a76 (0x0c8f9463)
core   0: 0x80004b3e (0x032b6e33) rem     t3, s6, s2
core   0: 3 0x80004b3e (0x032b6e33) x28 0x00000000
core   0: 0x80004b42 (0x00008ca1) c.xor   s1, s0
core   0: 3 0x80004b42 (0x8ca1) x9  0x27c3bc31
core   0: 0x80004b44 (0x00008205) c.srli  a2, 1
core   0: 3 0x80004b44 (0x8205) x12 0x4b12a8c8
core   0: 0x80004b46 (0x000088a9) c.andi  s1, 10
core   0: 3 0x80004b46 (0x88a9) x9  0x00000000
core   0: 0x80004b48 (0x00559b13) slli    s6, a1, 5
core   0: 3 0x80004b48 (0x00559b13) x22 0x0053a500
core   0: 0x80004b4c (0x0288c963) blt     a7, s0, pc + 50
core   0: 3 0x80004b4c (0x0288c963)
core   0: 0x80004b50 (0xff257813) andi    a6, a0, -14
core   0: 3 0x80004b50 (0xff257813) x16 0x000005b0
core   0: 0x80004b54 (0x04185363) bge     a6, ra, pc + 70
core   0: 3 0x80004b54 (0x04185363)
core   0: 0x80004b9a (0x00092ab3) slt     s5, s2, zero
core   0: 3 0x80004b9a (0x00092ab3) x21 0x00000001
core   0: 0x80004b9e (0x014e94b3) sll     s1, t4, s4
core   0: 3 0x80004b9e (0x014e94b3) x9  0x80029d24
core   0: 0x80004ba2 (0x4188d913) srai    s2, a7, 24
core   0: 3 0x80004ba2 (0x4188d913) x18 0x00000000
core   0: 0x80004ba6 (0x41f18533) sub     a0, gp, t6
core   0: 3 0x80004ba6 (0x41f18533) x10 0x000002d9
core   0: 0x80004baa (0x63277197) auipc   gp, 0x63277
core   0: 3 0x80004baa (0x63277197) x3  0xe327bbaa
core   0: 0x80004bae (0x028dd833) divu    a6, s11, s0
core   0: 3 0x80004bae (0x028dd833) x16 0x00000000
core   0: 0x80004bb2 (0x0272e4b3) rem     s1, t0, t2
core   0: 3 0x80004bb2 (0x0272e4b3) x9  0x12c4aa32
core   0: 0x80004bb6 (0x02707163) bgeu    zero, t2, pc + 34
core   0: 3 0x80004bb6 (0x02707163)
core   0: 0x80004bd8 (0xecdc7313) andi    t1, s8, -307
core   0: 3 0x80004bd8 (0xecdc7313) x6  0x80025e84
core   0: 0x80004bdc (0x00008ea5) c.xor   a3, s1
core   0: 3 0x80004bdc (0x8ea5) x13 0x12c4aa32
core   0: 0x80004bde (0x5796ae13) slti    t3, a3, 1401
core   0: 3 0x80004bde (0x5796ae13) x28 0x00000000
core   0: 0x80004be2 (0xf3ec6593) ori     a1, s8, -194
core   0: 3 0x80004be2 (0xf3ec6593) x11 0xffffffbe
core   0: 0x80004be6 (0x00af8933) add     s2, t6, a0
core   0: 3 0x80004be6 (0x00af8933) x18 0x000002da
core   0: 0x80004bea (0x000080ea) c.mv    ra, s10
core   0: 3 0x80004bea (0x80ea) x1  0x00000000
core   0: 0x80004bec (0x340076f3) csrrci  a3, mscratch, 0
core   0: 3 0x80004bec (0x340076f3) x13 0x000005b5
core   0: 0x80004bf0 (0x00008d1d) c.sub   a0, a5
core   0: 3 0x80004bf0 (0x8d1d) x10 0x000002d9
core   0: 0x80004bf2 (0x00954fb3) xor     t6, a0, s1
core   0: 3 0x80004bf2 (0x00954fb3) x31 0x12c4a8eb
core   0: 0x80004bf6 (0x340cfff3) csrrci  t6, mscratch, 25
core   0: 3 0x80004bf6 (0x340cfff3) x31 0x000005b5 c832_mscratch 0x000005a4
core   0: 0x80004bfa (0x00008c85) c.sub   s1, s1
core   0: 3 0x80004bfa (0x8c85) x9  0x00000000
core   0: 0x80004bfc (0x01e95963) bge     s2, t5, pc + 18
core   0: 3 0x80004bfc (0x01e95963)
core   0: 0x80004c0e (0x02b81063) bne     a6, a1, pc + 32
core   0: 3 0x80004c0e (0x02b81063)
core   0: 0x80004c2e (0x402089b3) sub     s3, ra, sp
core   0: 3 0x80004c2e (0x402089b3) x19 0x2c9ff020
core   0: 0x80004c32 (0x0ff0000f) fence   iorw,iorw
core   0: 3 0x80004c32 (0x0ff0000f)
core   0: 0x80004c36 (0x0ff0000f) fence   iorw,iorw
core   0: 3 0x80004c36 (0x0ff0000f)
core   0: 0x80004c3a (0x021341b3) div     gp, t1, ra
core   0: 3 0x80004c3a (0x021341b3) x3  0xffffffff
core   0: 0x80004c3e (0x3038b313) sltiu   t1, a7, 771
core   0: 3 0x80004c3e (0x3038b313) x6  0x00000001
core   0: 0x80004c42 (0x00000001) c.nop
core   0: 3 0x80004c42 (0x0001)
core   0: 0x80004c44 (0xb7ac7b13) andi    s6, s8, -1158
core   0: 3 0x80004c44 (0xb7ac7b13) x22 0x80025a20
core   0: 0x80004c48 (0x4b307313) andi    t1, zero, 1203
core   0: 3 0x80004c48 (0x4b307313) x6  0x00000000
core   0: 0x80004c4c (0x00008e81) c.sub   a3, s0
core   0: 3 0x80004c4c (0x8e81) x13 0x0f5915f4
core   0: 0x80004c4e (0x019ad033) srl     zero, s5, s9
core   0: 3 0x80004c4e (0x019ad033)
core   0: 0x80004c52 (0x00aa9013) slli    zero, s5, 10
core   0: 3 0x80004c52 (0x00aa9013)
core   0: 0x80004c56 (0x00008d39) c.xor   a0, a4
core   0: 3 0x80004c56 (0x8d39) x10 0x000002d9
core   0: 0x80004c58 (0x000014fd) c.addi  s1, -1
core   0: 3 0x80004c58 (0x14fd) x9  0xffffffff
core   0: 0x80004c5a (0x01cc8933) add     s2, s9, t3
core   0: 3 0x80004c5a (0x01cc8933) x18 0x000002da
core   0: 0x80004c5e (0x0000675d) c.lui   a4, 0x17
core   0: 3 0x80004c5e (0x675d) x14 0x00017000
core   0: 0x80004c60 (0xf42fc113) xori    sp, t6, -190
core   0: 3 0x80004c60 (0xf42fc113) x2  0xfffffaf7
core   0: 0x80004c64 (0x0ff0000f) fence   iorw,iorw
core   0: 3 0x80004c64 (0x0ff0000f)
core   0: 0x80004c68 (0x01652ab3) slt     s5, a0, s6
core   0: 3 0x80004c68 (0x01652ab3) x21 0x00000000
core   0: 0x80004c6c (0x0000872a) c.mv    a4, a0
core   0: 3 0x80004c6c (0x872a) x14 0x000002d9
core   0: 0x80004c6e (0x027bdd63) bge     s7, t2, pc + 58
core   0: 3 0x80004c6e (0x027bdd63)
core   0: 0x80004ca8 (0x00008e61) c.and   a2, s0
core   0: 3 0x80004ca8 (0x8e61) x12 0x4002a8c0
core   0: 0x80004caa (0x000086e9) c.srai  a3, 26
core   0: 3 0x80004caa (0x86e9) x13 0x00000003
core   0: 0x80004cac (0x0184d993) srli    s3, s1, 24
core   0: 3 0x80004cac (0x0184d993) x19 0x000000ff
core   0: 0x80004cb0 (0x012db1b3) sltu    gp, s11, s2
core   0: 3 0x80004cb0 (0x012db1b3) x3  0x00000001
core   0: 0x80004cb4 (0x3326a313) slti    t1, a3, 818
core   0: 3 0x80004cb4 (0x3326a313) x6  0x00000001
core   0: 0x80004cb8 (0xbe9baa13) slti    s4, s7, -1047
core   0: 3 0x80004cb8 (0xbe9baa13) x20 0x00000000
core   0: 0x80004cbc (0x019e1593) slli    a1, t3, 25
core   0: 3 0x80004cbc (0x019e1593) x11 0x00000000
core   0: 0x80004cc0 (0x401d81b3) sub     gp, s11, ra
core   0: 3 0x80004cc0 (0x401d81b3) x3  0x00000001
core   0: 0x80004cc4 (0x000057fd) c.li    a5, -1
core   0: 3 0x80004cc4 (0x57fd) x15 0xffffffff
core   0: 0x80004cc6 (0x99fffa93) andi    s5, t6, -1633
core   0: 3 0x80004cc6 (0x99fffa93) x21 0x00000195
core   0: 0x80004cca (0x03134133) div     sp, t1, a7
core   0: 3 0x80004cca (0x03134133) x2  0xffffffff
core   0: 0x80004cce (0x02632033) mulhsu  zero, t1, t1
core   0: 3 0x80004cce (0x02632033)
core   0: 0x80004cd2 (0x00008ccd) c.or    s1, a1
core   0: 3 0x80004cd2 (0x8ccd) x9  0xffffffff
core   0: 0x80004cd4 (0xc0be5997) auipc   s3, 0xc0be5
core   0: 3 0x80004cd4 (0xc0be5997) x19 0x40be9cd4
core   0: 0x80004cd8 (0x03f29533) mulh    a0, t0, t6
core   0: 3 0x80004cd8 (0x03f29533) x10 0x0000006b
core   0: 0x80004cdc (0x00008f0d) c.sub   a4, a1
core   0: 3 0x80004cdc (0x8f0d) x14 0x000002d9
core   0: 0x80004cde (0x418b8f33) sub     t5, s7, s8
core   0: 3 0x80004cde (0x418b8f33) x30 0xfffafd41
core   0: 0x80004ce2 (0x021b59b3) divu    s3, s6, ra
core   0: 3 0x80004ce2 (0x021b59b3) x19 0xffffffff
core   0: 0x80004ce6 (0x006020b3) slt     ra, zero, t1
core   0: 3 0x80004ce6 (0x006020b3) x1  0x00000001
core   0: 0x80004cea (0x0030f263) bgeu    ra, gp, pc + 4
core   0: 3 0x80004cea (0x0030f263)
core   0: 0x80004cee (0x00008ce2) c.mv    s9, s8
core   0: 3 0x80004cee (0x8ce2) x25 0x80025ea4
core   0: 0x80004cf0 (0x3407ef73) csrrsi  t5, mscratch, 15
core   0: 3 0x80004cf0 (0x3407ef73) x30 0x000005a4 c832_mscratch 0x000005af
core   0: 0x80004cf4 (0x037be2b3) rem     t0, s7, s7
core   0: 3 0x80004cf4 (0x037be2b3) x5  0x00000000
core   0: 0x80004cf8 (0x340a1ff3) csrrw   t6, mscratch, s4
core   0: 3 0x80004cf8 (0x340a1ff3) x31 0x000005af c832_mscratch 0x00000000
core   0: 0x80004cfc (0x01b27263) bgeu    tp, s11, pc + 4
core   0: 3 0x80004cfc (0x01b27263)
core   0: 0x80004d00 (0x029758b3) divu    a7, a4, s1
core   0: 3 0x80004d00 (0x029758b3) x17 0x00000000
core   0: 0x80004d04 (0x34041cf3) csrrw   s9, mscratch, s0
core   0: 3 0x80004d04 (0x34041cf3) x25 0x00000000 c832_mscratch 0xf0a6efc1
core   0: 0x80004d08 (0x00046363) bltu    s0, zero, pc + 6
core   0: 3 0x80004d08 (0x00046363)
core   0: 0x80004d0c (0x0000c489) c.beqz  s1, pc + 10
core   0: 3 0x80004d0c (0xc489)
core   0: 0x80004d0e (0xa0b26c93) ori     s9, tp, -1525
core   0: 3 0x80004d0e (0xa0b26c93) x25 0xfffffa0b
core   0: 0x80004d12 (0xbec3aa13) slti    s4, t2, -1044
core   0: 3 0x80004d12 (0xbec3aa13) x20 0x00000000
core   0: 0x80004d16 (0x6119fd37) lui     s10, 0x6119f
core   0: 3 0x80004d16 (0x6119fd37) x26 0x6119f000
core   0: 0x80004d1a (0x41fc8e33) sub     t3, s9, t6
core   0: 3 0x80004d1a (0x41fc8e33) x28 0xfffff45c
core   0: 0x80004d1e (0x406e0633) sub     a2, t3, t1
core   0: 3 0x80004d1e (0x406e0633) x12 0xfffff45b
core   0: 0x80004d22 (0x026a2833) mulhsu  a6, s4, t1
core   0: 3 0x80004d22 (0x026a2833) x16 0x00000000
core   0: 0x80004d26 (0x8529fa93) andi    s5, s3, -1966
core   0: 3 0x80004d26 (0x8529fa93) x21 0xfffff852
core   0: 0x80004d2a (0x23636f93) ori     t6, t1, 566
core   0: 3 0x80004d2a (0x23636f93) x31 0x00000237
core   0: 0x80004d2e (0x00009df2) c.add   s11, t3
core   0: 3 0x80004d2e (0x9df2) x27 0xfffff45d
core   0: 0x80004d30 (0x34006273) csrrsi  tp, mscratch, 0
core   0: 3 0x80004d30 (0x34006273) x4  0xf0a6efc1
core   0: 0x80004d34 (0xef5d2893) slti    a7, s10, -267
core   0: 3 0x80004d34 (0xef5d2893) x17 0x00000000
core   0: 0x80004d38 (0x019e7d33) and     s10, t3, s9
core   0: 3 0x80004d38 (0x019e7d33) x26 0xfffff008
core   0: 0x80004d3c (0xf9e6a837) lui     a6, 0xf9e6a
core   0: 3 0x80004d3c (0xf9e6a837) x16 0xf9e6a000
core   0: 0x80004d40 (0xf6270693) addi    a3, a4, -158
core   0: 3 0x80004d40 (0xf6270693) x13 0x0000023b
core   0: 0x80004d44 (0x0000100f) fence.i
core   0: 3 0x80004d44 (0x0000100f)
core   0: 0x80004d48 (0x34007cf3) csrrci  s9, mscratch, 0
core   0: 3 0x80004d48 (0x34007cf3) x25 0xf0a6efc1
core   0: 0x80004d4c (0x02d95833) divu    a6, s2, a3
core   0: 3 0x80004d4c (0x02d95833) x16 0x00000001
core   0: 0x80004d50 (0x40fa5033) sra     zero, s4, a5
core   0: 3 0x80004d50 (0x40fa5033)
core   0: 0x80004d54 (0x00008ead) c.xor   a3, a1
core   0: 3 0x80004d54 (0x8ead) x13 0x0000023b
core   0: 0x80004d56 (0x020fb3b3) mulhu   t2, t6, zero
core   0: 3 0x80004d56 (0x020fb3b3) x7  0x00000000
core   0: 0x80004d5a (0x9cd16693) ori     a3, sp, -1587
core   0: 3 0x80004d5a (0x9cd16693) x13 0xffffffff
core   0: 0x80004d5e (0x038b54b3) divu    s1, s6, s8
core   0: 3 0x80004d5e (0x038b54b3) x9  0x00000000
core   0: 0x80004d62 (0x022bb7b3) mulhu   a5, s7, sp
core   0: 3 0x80004d62 (0x022bb7b3) x15 0x7ffd5be4
core   0: 0x80004d66 (0x340ba173) csrrs   sp, mscratch, s7
core   0: 3 0x80004d66 (0x340ba173) x2  0xf0a6efc1 c832_mscratch 0xffffffe5
core   0: 0x80004d6a (0x0000e2a1) c.bnez  a3, pc + 64
core   0: 3 0x80004d6a (0xe2a1)
core   0: 0x80004daa (0x00004975) c.li    s2, 29
core   0: 3 0x80004daa (0x4975) x18 0x0000001d
core   0: 0x80004dac (0x34006b73) csrrsi  s6, mscratch, 0
core   0: 3 0x80004dac (0x34006b73) x22 0xffffffe5
core   0: 0x80004db0 (0x00000001) c.nop
core   0: 3 0x80004db0 (0x0001)
core   0: 0x80004db2 (0x54c26b93) ori     s7, tp, 1356
core   0: 3 0x80004db2 (0x54c26b93) x23 0xf0a6efcd
core   0: 0x80004db6 (0x0000829e) c.mv    t0, t2
core   0: 3 0x80004db6 (0x829e) x5  0x00000000
core   0: 0x80004db8 (0x03ecfa63) bgeu    s9, t5, pc + 52
core   0: 3 0x80004db8 (0x03ecfa63)
core   0: 0x80004dec (0x9592c313) xori    t1, t0, -1703
core   0: 3 0x80004dec (0x9592c313) x6  0xfffff959
core   0: 0x80004df0 (0x40d2de33) sra     t3, t0, a3
core   0: 3 0x80004df0 (0x40d2de33) x28 0x00000000
core   0: 0x80004df4 (0x00008eb9) c.xor   a3, a4
core   0: 3 0x80004df4 (0x8eb9) x13 0xfffffd26
core   0: 0x80004df6 (0x34095bf3) csrrwi  s7, mscratch, 18
core   0: 3 0x80004df6 (0x34095bf3) x23 0xffffffe5 c832_mscratch 0x00000012
core   0: 0x80004dfa (0x00f36b33) or      s6, t1, a5
core   0: 3 0x80004dfa (0x00f36b33) x22 0xfffffbfd
core   0: 0x80004dfe (0x0000892e) c.mv    s2, a1
core   0: 3 0x80004dfe (0x892e) x18 0x00000000
core   0: 0x80004e00 (0x000051fd) c.li    gp, -1
core   0: 3 0x80004e00 (0x51fd) x3  0xffffffff
core   0: 0x80004e02 (0x59d8ff93) andi    t6, a7, 1437
core   0: 3 0x80004e02 (0x59d8ff93) x31 0x00000000
core   0: 0x80004e06 (0x03ac45b3) div     a1, s8, s10
core   0: 3 0x80004e06 (0x03ac45b3) x11 0x000803dc
core   0: 0x80004e0a (0x00b3c2b3) xor     t0, t2, a1
core   0: 3 0x80004e0a (0x00b3c2b3) x5  0x000803dc
core   0: 0x80004e0e (0x0897cf13) xori    t5, a5, 137
core   0: 3 0x80004e0e (0x0897cf13) x30 0x7ffd5b6d
core   0: 0x80004e12 (0xf823c897) auipc   a7, 0xf823c
core   0: 3 0x80004e12 (0xf823c897) x17 0x78240e12
core   0: 0x80004e16 (0x02514463) blt     sp, t0, pc + 40
core   0: 3 0x80004e16 (0x02514463)
core   0: 0x80004e3e (0x03cfe9b3) rem     s3, t6, t3
core   0: 3 0x80004e3e (0x03cfe9b3) x19 0x00000000
core   0: 0x80004e42 (0x340c9e73) csrrw   t3, mscratch, s9
core   0: 3 0x80004e42 (0x340c9e73) x28 0x00000012 c832_mscratch 0xf0a6efc1
core   0: 0x80004e46 (0x003d1493) slli    s1, s10, 3
core   0: 3 0x80004e46 (0x003d1493) x9  0xffff8040
core   0: 0x80004e4a (0x00006131) c.addi16sp sp, 320
core   0: 3 0x80004e4a (0x6131) x2  0xf0a6f101
core   0: 0x80004e4c (0x00008179) c.srli  a0, 30
core   0: 3 0x80004e4c (0x8179) x10 0x00000000
core   0: 0x80004e4e (0x00008fb5) c.xor   a5, a3
core   0: 3 0x80004e4e (0x8fb5) x15 0x8002a6c2
core   0: 0x80004e50 (0x0ff0000f) fence   iorw,iorw
core   0: 3 0x80004e50 (0x0ff0000f)
core   0: 0x80004e54 (0x11f97d13) andi    s10, s2, 287
core   0: 3 0x80004e54 (0x11f97d13) x26 0x00000000
core   0: 0x80004e58 (0x00008f29) c.xor   a4, a0
core   0: 3 0x80004e58 (0x8f29) x14 0x000002d9
core   0: 0x80004e5a (0x00008c89) c.sub   s1, a0
core   0: 3 0x80004e5a (0x8c89) x9  0xffff8040
core   0: 0x80004e5c (0x41388333) sub     t1, a7, s3
core   0: 3 0x80004e5c (0x41388333) x6  0x78240e12
core   0: 0x80004e60 (0x0000c1a9) c.beqz  a1, pc + 66
core   0: 3 0x80004e60 (0xc1a9)
core   0: 0x80004e62 (0x020146b3) div     a3, sp, zero
core   0: 3 0x80004e62 (0x020146b3) x13 0xffffffff
core   0: 0x80004e66 (0x0014a317) auipc   t1, 0x14a
core   0: 3 0x80004e66 (0x0014a317) x6  0x8014ee66
core   0: 0x80004e6a (0x028c5063) bge     s8, s0, pc + 32
core   0: 3 0x80004e6a (0x028c5063)
core   0: 0x80004e6e (0x000018fd) c.addi  a7, -1
core   0: 3 0x80004e6e (0x18fd) x17 0x78240e11
core   0: 0x80004e70 (0x00891693) slli    a3, s2, 8
core   0: 3 0x80004e70 (0x00891693) x13 0x00000000
core   0: 0x80004e74 (0x00000001) c.nop
core   0: 3 0x80004e74 (0x0001)
core   0: 0x80004e76 (0x0ff0000f) fence   iorw,iorw
core   0: 3 0x80004e76 (0x0ff0000f)
core   0: 0x80004e7a (0x00008e81) c.sub   a3, s0
core   0: 3 0x80004e7a (0x8e81) x13 0x0f59103f
core   0: 0x80004e7c (0x00004d45) c.li    s10, 17
core   0: 3 0x80004e7c (0x4d45) x26 0x00000011
core   0: 0x80004e7e (0x00e252b3) srl     t0, tp, a4
core   0: 3 0x80004e7e (0x00e252b3) x5  0x00000078
core   0: 0x80004e82 (0x34007e73) csrrci  t3, mscratch, 0
core   0: 3 0x80004e82 (0x34007e73) x28 0xf0a6efc1
core   0: 0x80004e86 (0x03cb5b33) divu    s6, s6, t3
core   0: 3 0x80004e86 (0x03cb5b33) x22 0x00000001
core   0: 0x80004e8a (0x4129dbb3) sra     s7, s3, s2
core   0: 3 0x80004e8a (0x4129dbb3) x23 0x00000000
core   0: 0x80004e8e (0x00006815) c.lui   a6, 0x5
core   0: 3 0x80004e8e (0x6815) x16 0x00005000
core   0: 0x80004e90 (0x340c21f3) csrrs   gp, mscratch, s8
core   0: 3 0x80004e90 (0x340c21f3) x3  0xf0a6efc1 c832_mscratch 0xf0a6ffe5
core   0: 0x80004e94 (0x00008f91) c.sub   a5, a2
core   0: 3 0x80004e94 (0x8f91) x15 0x8002b267
core   0: 0x80004e96 (0x340023f3) csrr    t2, mscratch
core   0: 3 0x80004e96 (0x340023f3) x7  0xf0a6ffe5
core   0: 0x80004e9a (0x00454fb3) xor     t6, a0, tp
core   0: 3 0x80004e9a (0x00454fb3) x31 0xf0a6efc1
core   0: 0x80004e9e (0x01bff9b3) and     s3, t6, s11
core   0: 3 0x80004e9e (0x01bff9b3) x19 0xf0a6e441
core   0: 0x80004ea2 (0x340937f3) csrrc   a5, mscratch, s2
core   0: 3 0x80004ea2 (0x340937f3) x15 0xf0a6ffe5 c832_mscratch 0xf0a6ffe5
core   0: 0x80004ea6 (0xdbeb4893) xori    a7, s6, -578
core   0: 3 0x80004ea6 (0xdbeb4893) x17 0xfffffdbf
core   0: 0x80004eaa (0x34089673) csrrw   a2, mscratch, a7
core   0: 3 0x80004eaa (0x34089673) x12 0xf0a6ffe5 c832_mscratch 0xfffffdbf
core   0: 0x80004eae (0x001cb333) sltu    t1, s9, ra
core   0: 3 0x80004eae (0x001cb333) x6  0x00000000
core   0: 0x80004eb2 (0x000062b9) c.lui   t0, 0xe
core   0: 3 0x80004eb2 (0x62b9) x5  0x0000e000
core   0: 0x80004eb4 (0x01129463) bne     t0, a7, pc + 8
core   0: 3 0x80004eb4 (0x01129463)
core   0: 0x80004ebc (0xe41abab7) lui     s5, 0xe41ab
core   0: 3 0x80004ebc (0xe41abab7) x21 0xe41ab000
core   0: 0x80004ec0 (0xbd1d8213) addi    tp, s11, -1071
core   0: 3 0x80004ec0 (0xbd1d8213) x4  0xfffff02e
core   0: 0x80004ec4 (0x00000f26) c.slli  t5, 9
core   0: 3 0x80004ec4 (0x0f26) x30 0xfab6da00
core   0: 0x80004ec6 (0x0000c601) c.beqz  a2, pc + 8
core   0: 3 0x80004ec6 (0xc601)
core   0: 0x80004ec8 (0x000060e9) c.lui   ra, 0x1a
core   0: 3 0x80004ec8 (0x60e9) x1  0x0001a000
core   0: 0x80004eca (0x00d28663) beq     t0, a3, pc + 12
core   0: 3 0x80004eca (0x00d28663)
core   0: 0x80004ece (0x0ff0000f) fence   iorw,iorw
core   0: 3 0x80004ece (0x0ff0000f)
core   0: 0x80004ed2 (0x007ddab3) srl     s5, s11, t2
core   0: 3 0x80004ed2 (0x007ddab3) x21 0x07ffffa2
core   0: 0x80004ed6 (0x00006f65) c.lui   t5, 0x19
core   0: 3 0x80004ed6 (0x6f65) x30 0x00019000
core   0: 0x80004ed8 (0x0310a533) mulhsu  a0, ra, a7
core   0: 3 0x80004ed8 (0x0310a533) x10 0x00019fff
core   0: 0x80004edc (0x0233efb3) rem     t6, t2, gp
core   0: 3 0x80004edc (0x0233efb3) x31 0xf0a6ffe5
core   0: 0x80004ee0 (0x00008089) c.srli  s1, 2
core   0: 3 0x80004ee0 (0x8089) x9  0x3fffe010
core   0: 0x80004ee2 (0x02d4a6b3) mulhsu  a3, s1, a3
core   0: 3 0x80004ee2 (0x02d4a6b3) x13 0x03d64225
core   0: 0x80004ee6 (0x34003b73) csrrc   s6, mscratch, zero
core   0: 3 0x80004ee6 (0x34003b73) x22 0xfffffdbf
core   0: 0x80004eea (0x01a92533) slt     a0, s2, s10
core   0: 3 0x80004eea (0x01a92533) x10 0x00000001
core   0: 0x80004eee (0x003cc033) xor     zero, s9, gp
core   0: 3 0x80004eee (0x003cc033)
core   0: 0x80004ef2 (0x006b5663) bge     s6, t1, pc + 12
core   0: 3 0x80004ef2 (0x006b5663)
core   0: 0x80004ef6 (0x00000001) c.nop
core   0: 3 0x80004ef6 (0x0001)
core   0: 0x80004ef8 (0x00008dcd) c.or    a1, a1
core   0: 3 0x80004ef8 (0x8dcd) x11 0x000803dc
core   0: 0x80004efa (0xcf8f3f93) sltiu   t6, t5, -776
core   0: 3 0x80004efa (0xcf8f3f93) x31 0x00000001
core   0: 0x80004efe (0x340711f3) csrrw   gp, mscratch, a4
core   0: 3 0x80004efe (0x340711f3) x3  0xfffffdbf c832_mscratch 0x000002d9
core   0: 0x80004f02 (0x0000c901) c.beqz  a0, pc + 16
core   0: 3 0x80004f02 (0xc901)
core   0: 0x80004f04 (0x00001c98) c.addi4spn a4, sp, 624
core   0: 3 0x80004f04 (0x1c98) x14 0xf0a6f371
core   0: 0x80004f06 (0x00e060b3) or      ra, zero, a4
core   0: 3 0x80004f06 (0x00e060b3) x1  0xf0a6f371
core   0: 0x80004f0a (0x0ff0000f) fence   iorw,iorw
core   0: 3 0x80004f0a (0x0ff0000f)
core   0: 0x80004f0e (0x03a55633) divu    a2, a0, s10
core   0: 3 0x80004f0e (0x03a55633) x12 0x00000000
core   0: 0x80004f12 (0x000087b6) c.mv    a5, a3
core   0: 3 0x80004f12 (0x87b6) x15 0x03d64225
core   0: 0x80004f14 (0x03277fb3) remu    t6, a4, s2
core   0: 3 0x80004f14 (0x03277fb3) x31 0xf0a6f371
core   0: 0x80004f18 (0x02567a63) bgeu    a2, t0, pc + 52
core   0: 3 0x80004f18 (0x02567a63)
core   0: 0x80004f1c (0x00000bda) c.slli  s7, 22
core   0: 3 0x80004f1c (0x0bda) x23 0x00000000
core   0: 0x80004f1e (0x00008d61) c.and   a0, s0
core   0: 3 0x80004f1e (0x8d61) x10 0x00000001
core   0: 0x80004f20 (0x030c9533) mulh    a0, s9, a6
core   0: 3 0x80004f20 (0x030c9533) x10 0xfffffb34
core   0: 0x80004f24 (0x340451f3) csrrwi  gp, mscratch, 8
core   0: 3 0x80004f24 (0x340451f3) x3  0x000002d9 c832_mscratch 0x00000008
core   0: 0x80004f28 (0xc8547537) lui     a0, 0xc8547
core   0: 3 0x80004f28 (0xc8547537) x10 0xc8547000
core   0: 0x80004f2c (0x00e1d093) srli    ra, gp, 14
core   0: 3 0x80004f2c (0x00e1d093) x1  0x00000000
core   0: 0x80004f30 (0x0276c1b3) div     gp, a3, t2
core   0: 3 0x80004f30 (0x0276c1b3) x3  0x00000000
core   0: 0x80004f34 (0x00006f49) c.lui   t5, 0x12
core   0: 3 0x80004f34 (0x6f49) x30 0x00012000
core   0: 0x80004f36 (0x409ed533) sra     a0, t4, s1
core   0: 3 0x80004f36 (0x409ed533) x10 0xffff8002
core   0: 0x80004f3a (0x00008235) c.srli  a2, 13
core   0: 3 0x80004f3a (0x8235) x12 0x00000000
core   0: 0x80004f3c (0x00008d22) c.mv    s10, s0
core   0: 3 0x80004f3c (0x8d22) x26 0xf0a6efc1
core   0: 0x80004f3e (0x03e773b3) remu    t2, a4, t5
core   0: 3 0x80004f3e (0x03e773b3) x7  0x0000d371
core   0: 0x80004f42 (0x34002573) csrr    a0, mscratch
core   0: 3 0x80004f42 (0x34002573) x10 0x00000008
core   0: 0x80004f46 (0x0000872a) c.mv    a4, a0
core   0: 3 0x80004f46 (0x872a) x14 0x00000008
core   0: 0x80004f48 (0x01b45533) srl     a0, s0, s11
core   0: 3 0x80004f48 (0x01b45533) x10 0x00000007
core   0: 0x80004f4c (0x000000fe) c.slli  ra, 31
core   0: 3 0x80004f4c (0x00fe) x1  0x00000000
core   0: 0x80004f4e (0x05b54363) blt     a0, s11, pc + 70
core   0: 3 0x80004f4e (0x05b54363)
core   0: 0x80004f52 (0x03b5c933) div     s2, a1, s11
core   0: 3 0x80004f52 (0x03b5c933) x18 0xffffff50
core   0: 0x80004f56 (0x8b076893) ori     a7, a4, -1872
core   0: 3 0x80004f56 (0x8b076893) x17 0xfffff8b8
core   0: 0x80004f5a (0x02693233) mulhu   tp, s2, t1
core   0: 3 0x80004f5a (0x02693233) x4  0x00000000
core   0: 0x80004f5e (0x41868933) sub     s2, a3, s8
core   0: 3 0x80004f5e (0x41868933) x18 0x83d3e381
core   0: 0x80004f62 (0x025c9cb3) mulh    s9, s9, t0
core   0: 3 0x80004f62 (0x025c9cb3) x25 0xfffff292
core   0: 0x80004f66 (0x34002073) csrr    zero, mscratch
core   0: 3 0x80004f66 (0x34002073)
core   0: 0x80004f6a (0xd3602a13) slti    s4, zero, -714
core   0: 3 0x80004f6a (0xd3602a13) x20 0x00000000
core   0: 0x80004f6e (0x3408bbf3) csrrc   s7, mscratch, a7
core   0: 3 0x80004f6e (0x3408bbf3) x23 0x00000008 c832_mscratch 0x00000000
core   0: 0x80004f72 (0x00008f3d) c.xor   a4, a5
core   0: 3 0x80004f72 (0x8f3d) x14 0x03d6422d
core   0: 0x80004f74 (0x0380da63) bge     ra, s8, pc + 52
core   0: 3 0x80004f74 (0x0380da63)
core   0: 0x80004fa8 (0x0000e119) c.bnez  a0, pc + 6
core   0: 3 0x80004fa8 (0xe119)
core   0: 0x80004fae (0x00930733) add     a4, t1, s1
core   0: 3 0x80004fae (0x00930733) x14 0x3fffe010
core   0: 0x80004fb2 (0x0000c51d) c.beqz  a0, pc + 46
core   0: 3 0x80004fb2 (0xc51d)
core   0: 0x80004fb4 (0x41fe0133) sub     sp, t3, t6
core   0: 3 0x80004fb4 (0x41fe0133) x2  0xfffffc50
core   0: 0x80004fb8 (0x01baa5b3) slt     a1, s5, s11
core   0: 3 0x80004fb8 (0x01baa5b3) x11 0x00000000
core   0: 0x80004fbc (0x02687e33) remu    t3, a6, t1
core   0: 3 0x80004fbc (0x02687e33) x28 0x00005000
core   0: 0x80004fc0 (0x02b07863) bgeu    zero, a1, pc + 48
core   0: 3 0x80004fc0 (0x02b07863)
core   0: 0x80004ff0 (0x00008db1) c.xor   a1, a2
core   0: 3 0x80004ff0 (0x8db1) x11 0x00000000
core   0: 0x80004ff2 (0x00000001) c.nop
core   0: 3 0x80004ff2 (0x0001)
core   0: 0x80004ff4 (0x00009d72) c.add   s10, t3
core   0: 3 0x80004ff4 (0x9d72) x26 0xf0a73fc1
core   0: 0x80004ff6 (0x03680263) beq     a6, s6, pc + 36
core   0: 3 0x80004ff6 (0x03680263)
core   0: 0x80004ffa (0x00008615) c.srai  a2, 5
core   0: 3 0x80004ffa (0x8615) x12 0x00000000
core   0: 0x80004ffc (0x0243c363) blt     t2, tp, pc + 38
core   0: 3 0x80004ffc (0x0243c363)
core   0: 0x80005000 (0x02785563) bge     a6, t2, pc + 42
core   0: 3 0x80005000 (0x02785563)
core   0: 0x80005004 (0x02b17863) bgeu    sp, a1, pc + 48
core   0: 3 0x80005004 (0x02b17863)
core   0: 0x80005034 (0xaf11c013) xori    zero, gp, -1295
core   0: 3 0x80005034 (0xaf11c013)
core   0: 0x80005038 (0x340c92f3) csrrw   t0, mscratch, s9
core   0: 3 0x80005038 (0x340c92f3) x5  0x00000000 c832_mscratch 0xfffff292
core   0: 0x8000503c (0x01033e33) sltu    t3, t1, a6
core   0: 3 0x8000503c (0x01033e33) x28 0x00000001
core   0: 0x80005040 (0x000069a1) c.lui   s3, 0x8
core   0: 3 0x80005040 (0x69a1) x19 0x00008000
core   0: 0x80005042 (0x033dc063) blt     s11, s3, pc + 32
core   0: 3 0x80005042 (0x033dc063)
core   0: 0x80005062 (0x0217f633) remu    a2, a5, ra
core   0: 3 0x80005062 (0x0217f633) x12 0x03d64225
core   0: 0x80005066 (0x011694b3) sll     s1, a3, a7
core   0: 3 0x80005066 (0x011694b3) x9  0x25000000
core   0: 0x8000506a (0x02c5bfb3) mulhu   t6, a1, a2
core   0: 3 0x8000506a (0x02c5bfb3) x31 0x00000000
core   0: 0x8000506e (0x00009aa6) c.add   s5, s1
core   0: 3 0x8000506e (0x9aa6) x21 0x2cffffa2
core   0: 0x80005070 (0x02882e33) mulhsu  t3, a6, s0
core   0: 3 0x80005070 (0x02882e33) x28 0x00004b34
core   0: 0x80005074 (0x34003cf3) csrrc   s9, mscratch, zero
core   0: 3 0x80005074 (0x34003cf3) x25 0xfffff292
core   0: 0x80005078 (0x340debf3) csrrsi  s7, mscratch, 27
core   0: 3 0x80005078 (0x340debf3) x23 0xfffff292 c832_mscratch 0xfffff29b
core   0: 0x8000507c (0x00011117) auipc   sp, 0x11
core   0: 3 0x8000507c (0x00011117) x2  0x8001607c
core   0: 0x80005080 (0xce210113) addi    sp, sp, -798
core   0: 3 0x80005080 (0xce210113) x2  0x80015d5e
core   0: 0x80005084 (0x00c11a23) sh      a2, 20(sp)
core   0: 3 0x80005084 (0x00c11a23) mem 0x80015d72 0x4225
core   0: 0x80005088 (0xff810fa3) sb      s8, -1(sp)
core   0: 3 0x80005088 (0xff810fa3) mem 0x80015d5d 0xa4
core   0: 0x8000508c (0x00510d03) lb      s10, 5(sp)
core   0: 3 0x8000508c (0x00510d03) x26 0x00000000 mem 0x80015d63
core   0: 0x80005090 (0x03123333) mulhu   t1, tp, a7
core   0: 3 0x80005090 (0x03123333) x6  0x00000000
core   0: 0x80005094 (0xfda12d03) lw      s10, -38(sp)
core   0: 3 0x80005094 (0xfda12d03) x26 0x00000000 mem 0x80015d38
core   0: 0x80005098 (0x02941ab3) mulh    s5, s0, s1
core   0: 3 0x80005098 (0x02941ab3) x21 0xfdc820a6
core   0: 0x8000509c (0xffb10ba3) sb      s11, -9(sp)
core   0: 3 0x8000509c (0xffb10ba3) mem 0x80015d55 0x5d
core   0: 0x800050a0 (0x34003073) csrc    mscratch, zero
core   0: 3 0x800050a0 (0x34003073)
core   0: 0x800050a4 (0x03510f83) lb      t6, 53(sp)
core   0: 3 0x800050a4 (0x03510f83) x31 0x00000000 mem 0x80015d93
core   0: 0x800050a8 (0x03714f83) lbu     t6, 55(sp)
core   0: 3 0x800050a8 (0x03714f83) x31 0x00000000 mem 0x80015d95
core   0: 0x800050ac (0x0ff0000f) fence   iorw,iorw
core   0: 3 0x800050ac (0x0ff0000f)
core   0: 0x800050b0 (0x5533f393) andi    t2, t2, 1363
core   0: 3 0x800050b0 (0x5533f393) x7  0x00000151
core   0: 0x800050b4 (0x01415203) lhu     tp, 20(sp)
core   0: 3 0x800050b4 (0x01415203) x4  0x00004225 mem 0x80015d72
core   0: 0x800050b8 (0x00008cc1) c.or    s1, s0
core   0: 3 0x800050b8 (0x8cc1) x9  0xf5a6efc1
core   0: 0x800050ba (0x0197cfb3) xor     t6, a5, s9
core   0: 3 0x800050ba (0x0197cfb3) x31 0xfc29b0b7
core   0: 0x800050be (0x01b2ffb3) and     t6, t0, s11
core   0: 3 0x800050be (0x01b2ffb3) x31 0x00000000
core   0: 0x800050c2 (0xfdf10e03) lb      t3, -33(sp)
core   0: 3 0x800050c2 (0xfdf10e03) x28 0x00000000 mem 0x80015d3d
core   0: 0x800050c6 (0x04311023) sh      gp, 64(sp)
core   0: 3 0x800050c6 (0x04311023) mem 0x80015d9e 0x0000
core   0: 0x800050ca (0x418ddfb3) sra     t6, s11, s8
core   0: 3 0x800050ca (0x418ddfb3) x31 0xffffff45
core   0: 0x800050ce (0x00008615) c.srai  a2, 5
core   0: 3 0x800050ce (0x8615) x12 0x001eb211
core   0: 0x800050d0 (0xfd510623) sb      s5, -52(sp)
core   0: 3 0x800050d0 (0xfd510623) mem 0x80015d2a 0xa6
core   0: 0x800050d4 (0x00008739) c.srai  a4, 14
core   0: 3 0x800050d4 (0x8739) x14 0x0000ffff
core   0: 0x800050d6 (0x00000fae) c.slli  t6, 11
core   0: 3 0x800050d6 (0x0fae) x31 0xfffa2800
core   0: 0x800050d8 (0x01b10483) lb      s1, 27(sp)
core   0: 3 0x800050d8 (0x01b10483) x9  0x00000000 mem 0x80015d79
core   0: 0x800050dc (0x40965193) srai    gp, a2, 9
core   0: 3 0x800050dc (0x40965193) x3  0x00000f59
core   0: 0x800050e0 (0x03310623) sb      s3, 44(sp)
core   0: 3 0x800050e0 (0x03310623) mem 0x80015d8a 0x00
core   0: 0x800050e4 (0x015d1b33) sll     s6, s10, s5
core   0: 3 0x800050e4 (0x015d1b33) x22 0x00000000
core   0: 0x800050e8 (0x00008bed) c.andi  a5, 27
core   0: 3 0x800050e8 (0x8bed) x15 0x00000001
core   0: 0x800050ea (0x00e14003) lbu     zero, 14(sp)
core   0: 3 0x800050ea (0x00e14003) mem 0x80015d6c
core   0: 0x800050ee (0xff615f83) lhu     t6, -10(sp)
core   0: 3 0x800050ee (0xff615f83) x31 0x00005d00 mem 0x80015d54
core   0: 0x800050f2 (0x00008d4d) c.or    a0, a1
core   0: 3 0x800050f2 (0x8d4d) x10 0x00000007
core   0: 0x800050f4 (0x00814a03) lbu     s4, 8(sp)
core   0: 3 0x800050f4 (0x00814a03) x20 0x00000000 mem 0x80015d66
core   0: 0x800050f8 (0x017102a3) sb      s7, 5(sp)
core   0: 3 0x800050f8 (0x017102a3) mem 0x80015d63 0x92
core   0: 0x800050fc (0x02b54f33) div     t5, a0, a1
core   0: 3 0x800050fc (0x02b54f33) x30 0xffffffff
core   0: 0x80005100 (0xff510ba3) sb      s5, -9(sp)
core   0: 3 0x80005100 (0xff510ba3) mem 0x80015d55 0xa6
core   0: 0x80005104 (0xfd910503) lb      a0, -39(sp)
core   0: 3 0x80005104 (0xfd910503) x10 0x00000000 mem 0x80015d37
core   0: 0x80005108 (0x00e11703) lh      a4, 14(sp)
core   0: 3 0x80005108 (0x00e11703) x14 0x00000000 mem 0x80015d6c
core   0: 0x8000510c (0xfff10a83) lb      s5, -1(sp)
core   0: 3 0x8000510c (0xfff10a83) x21 0xffffffa4 mem 0x80015d5d
core   0: 0x80005110 (0x00008edd) c.or    a3, a5
core   0: 3 0x80005110 (0x8edd) x13 0x03d64225
core   0: 0x80005112 (0xfe914483) lbu     s1, -23(sp)
core   0: 3 0x80005112 (0xfe914483) x9  0x00000000 mem 0x80015d47
core   0: 0x80005116 (0x340f1573) csrrw   a0, mscratch, t5
core   0: 3 0x80005116 (0x340f1573) x10 0xfffff29b c832_mscratch 0xffffffff
core   0: 0x8000511a (0x03510a03) lb      s4, 53(sp)
core   0: 3 0x8000511a (0x03510a03) x20 0x00000000 mem 0x80015d93
core   0: 0x8000511e (0xfeb11a23) sh      a1, -12(sp)
core   0: 3 0x8000511e (0xfeb11a23) mem 0x80015d52 0x0000
core   0: 0x80005122 (0x7a4ba197) auipc   gp, 0x7a4ba
core   0: 3 0x80005122 (0x7a4ba197) x3  0xfa4bf122
core   0: 0x80005126 (0x00005d7d) c.li    s10, -1
core   0: 3 0x80005126 (0x5d7d) x26 0xffffffff
core   0: 0x80005128 (0x340f2073) csrs    mscratch, t5
core   0: 3 0x80005128 (0x340f2073) c832_mscratch 0xffffffff
core   0: 0x8000512c (0x8be2cf93) xori    t6, t0, -1858
core   0: 3 0x8000512c (0x8be2cf93) x31 0xfffff8be
core   0: 0x80005130 (0x59eaa9b7) lui     s3, 0x59eaa
core   0: 3 0x80005130 (0x59eaa9b7) x19 0x59eaa000
core   0: 0x80005134 (0x340030f3) csrrc   ra, mscratch, zero
core   0: 3 0x80005134 (0x340030f3) x1  0xffffffff
core   0: 0x80005138 (0x340391f3) csrrw   gp, mscratch, t2
core   0: 3 0x80005138 (0x340391f3) x3  0xffffffff c832_mscratch 0x00000151
core   0: 0x8000513c (0x01410483) lb      s1, 20(sp)
core   0: 3 0x8000513c (0x01410483) x9  0x00000025 mem 0x80015d72
core   0: 0x80005140 (0x01714803) lbu     a6, 23(sp)
core   0: 3 0x80005140 (0x01714803) x16 0x00000000 mem 0x80015d75
core   0: 0x80005144 (0x0000857d) c.srai  a0, 31
core   0: 3 0x80005144 (0x857d) x10 0xffffffff
core   0: 0x80005146 (0x34017373) csrrci  t1, mscratch, 2
core   0: 3 0x80005146 (0x34017373) x6  0x00000151 c832_mscratch 0x00000151
core   0: 0x8000514a (0x000013fd) c.addi  t2, -1
core   0: 3 0x8000514a (0x13fd) x7  0x00000150
core   0: 0x8000514c (0x0000823e) c.mv    tp, a5
core   0: 3 0x8000514c (0x823e) x4  0x00000001
core   0: 0x8000514e (0x00f1ddb3) srl     s11, gp, a5
core   0: 3 0x8000514e (0x00f1ddb3) x27 0x7fffffff
core   0: 0x80005152 (0x41ba5b33) sra     s6, s4, s11
core   0: 3 0x80005152 (0x41ba5b33) x22 0x00000000
core   0: 0x80005156 (0x02be5533) divu    a0, t3, a1
core   0: 3 0x80005156 (0x02be5533) x10 0xffffffff
core   0: 0x8000515a (0x41185ab3) sra     s5, a6, a7
core   0: 3 0x8000515a (0x41185ab3) x21 0x00000000
core   0: 0x8000515e (0x0122e663) bltu    t0, s2, pc + 12
core   0: 3 0x8000515e (0x0122e663)
core   0: 0x8000516a (0x03c10a33) mul     s4, sp, t3
core   0: 3 0x8000516a (0x03c10a33) x20 0x00000000
core   0: 0x8000516e (0x0000ce0d) c.beqz  a2, pc + 58
core   0: 3 0x8000516e (0xce0d)
core   0: 0x80005170 (0x00000001) c.nop
core   0: 3 0x80005170 (0x0001)
core   0: 0x80005172 (0x0165f363) bgeu    a1, s6, pc + 6
core   0: 3 0x80005172 (0x0165f363)
core   0: 0x80005178 (0x40fd0d33) sub     s10, s10, a5
core   0: 3 0x80005178 (0x40fd0d33) x26 0xfffffffe
core   0: 0x8000517c (0x00008e41) c.or    a2, s0
core   0: 3 0x8000517c (0x8e41) x12 0xf0beffd1
core   0: 0x8000517e (0x012ad363) bge     s5, s2, pc + 6
core   0: 3 0x8000517e (0x012ad363)
core   0: 0x80005184 (0x022dd963) bge     s11, sp, pc + 50
core   0: 3 0x80005184 (0x022dd963)
core   0: 0x800051b6 (0x045ff163) bgeu    t6, t0, pc + 66
core   0: 3 0x800051b6 (0x045ff163)
core   0: 0x800051f8 (0x340ed173) csrrwi  sp, mscratch, 29
core   0: 3 0x800051f8 (0x340ed173) x2  0x00000151 c832_mscratch 0x0000001d
core   0: 0x800051fc (0x01ce50b3) srl     ra, t3, t3
core   0: 3 0x800051fc (0x01ce50b3) x1  0x00000000
core   0: 0x80005200 (0x3407f673) csrrci  a2, mscratch, 15
core   0: 3 0x80005200 (0x3407f673) x12 0x0000001d c832_mscratch 0x00000010
core   0: 0x80005204 (0x00000f04) c.addi4spn s1, sp, 912
core   0: 3 0x80005204 (0x0f04) x9  0x000004e1
core   0: 0x80005206 (0x41898fb3) sub     t6, s3, s8
core   0: 3 0x80005206 (0x41898fb3) x31 0xd9e8415c
core   0: 0x8000520a (0x4059d633) sra     a2, s3, t0
core   0: 3 0x8000520a (0x4059d633) x12 0x59eaa000
core   0: 0x8000520e (0x2e723893) sltiu   a7, tp, 743
core   0: 3 0x8000520e (0x2e723893) x17 0x00000001
core   0: 0x80005212 (0x00000001) c.nop
core   0: 3 0x80005212 (0x0001)
core   0: 0x80005214 (0xb309a537) lui     a0, 0xb309a
core   0: 3 0x80005214 (0xb309a537) x10 0xb309a000
core   0: 0x80005218 (0x0ff0000f) fence   iorw,iorw
core   0: 3 0x80005218 (0x0ff0000f)
core   0: 0x8000521c (0x050b6163) bltu    s6, a6, pc + 66
core   0: 3 0x8000521c (0x050b6163)
core   0: 0x80005220 (0x02f6f863) bgeu    a3, a5, pc + 48
core   0: 3 0x80005220 (0x02f6f863)
core   0: 0x80005250 (0x01cab9b3) sltu    s3, s5, t3
core   0: 3 0x80005250 (0x01cab9b3) x19 0x00000000
core   0: 0x80005254 (0x016bc7b3) xor     a5, s7, s6
core   0: 3 0x80005254 (0x016bc7b3) x15 0xfffff292
core   0: 0x80005258 (0x00000001) c.nop
core   0: 3 0x80005258 (0x0001)
core   0: 0x8000525a (0x009c0f33) add     t5, s8, s1
core   0: 3 0x8000525a (0x009c0f33) x30 0x80026385
core   0: 0x8000525e (0x40825833) sra     a6, tp, s0
core   0: 3 0x8000525e (0x40825833) x16 0x00000000
core   0: 0x80005262 (0x00006125) c.addi16sp sp, 96
core   0: 3 0x80005262 (0x6125) x2  0x000001b1
core   0: 0x80005264 (0x3400d073) csrwi   mscratch, 1
core   0: 3 0x80005264 (0x3400d073) c832_mscratch 0x00000001
core   0: 0x80005268 (0x40ae5713) srai    a4, t3, 10
core   0: 3 0x80005268 (0x40ae5713) x14 0x00000000
core   0: 0x8000526c (0x02a502b3) mul     t0, a0, a0
core   0: 3 0x8000526c (0x02a502b3) x5  0xa4000000
core   0: 0x80005270 (0x417e5f93) srai    t6, t3, 23
core   0: 3 0x80005270 (0x417e5f93) x31 0x00000000
core   0: 0x80005274 (0x40395d13) srai    s10, s2, 3
core   0: 3 0x80005274 (0x40395d13) x26 0xf07a7c70
core   0: 0x80005278 (0x0219f033) remu    zero, s3, ra
core   0: 3 0x80005278 (0x0219f033)
core   0: 0x8000527c (0x01cc6a33) or      s4, s8, t3
core   0: 3 0x8000527c (0x01cc6a33) x20 0x80025ea4
core   0: 0x80005280 (0x00818933) add     s2, gp, s0
core   0: 3 0x80005280 (0x00818933) x18 0xf0a6efc0
core   0: 0x80005284 (0x03d46933) rem     s2, s0, t4
core   0: 3 0x80005284 (0x03d46933) x18 0xf0a6efc1
core   0: 0x80005288 (0x11c92093) slti    ra, s2, 284
core   0: 3 0x80005288 (0x11c92093) x1  0x00000001
core   0: 0x8000528c (0x00000001) c.nop
core   0: 3 0x8000528c (0x0001)
core   0: 0x8000528e (0x01848933) add     s2, s1, s8
core   0: 3 0x8000528e (0x01848933) x18 0x80026385
core   0: 0x80005292 (0x00008d4d) c.or    a0, a1
core   0: 3 0x80005292 (0x8d4d) x10 0xb309a000
core   0: 0x80005294 (0x020dc1b3) div     gp, s11, zero
core   0: 3 0x80005294 (0x020dc1b3) x3  0xffffffff
core   0: 0x80005298 (0x8b06a593) slti    a1, a3, -1872
core   0: 3 0x80005298 (0x8b06a593) x11 0x00000000
core   0: 0x8000529c (0x00008ccd) c.or    s1, a1
core   0: 3 0x8000529c (0x8ccd) x9  0x000004e1
core   0: 0x8000529e (0x0227c833) div     a6, a5, sp
core   0: 3 0x8000529e (0x0227c833) x16 0xfffffff9
core   0: 0x800052a2 (0x00000835) c.addi  a6, 13
core   0: 3 0x800052a2 (0x0835) x16 0x00000006
core   0: 0x800052a4 (0x0000717d) c.addi16sp sp, -16
core   0: 3 0x800052a4 (0x717d) x2  0x000001a1
core   0: 0x800052a6 (0x34002b73) csrr    s6, mscratch
core   0: 3 0x800052a6 (0x34002b73) x22 0x00000001
core   0: 0x800052aa (0x00008f41) c.or    a4, s0
core   0: 3 0x800052aa (0x8f41) x14 0xf0a6efc1
core   0: 0x800052ac (0x00187533) and     a0, a6, ra
core   0: 3 0x800052ac (0x00187533) x10 0x00000000
core   0: 0x800052b0 (0x025ed5b3) divu    a1, t4, t0
core   0: 3 0x800052b0 (0x025ed5b3) x11 0x00000000
core   0: 0x800052b4 (0x73d0e093) ori     ra, ra, 1853
core   0: 3 0x800052b4 (0x73d0e093) x1  0x0000073d
core   0: 0x800052b8 (0x00f34a33) xor     s4, t1, a5
core   0: 3 0x800052b8 (0x00f34a33) x20 0xfffff3c3
core   0: 0x800052bc (0x00000001) c.nop
core   0: 3 0x800052bc (0x0001)
core   0: 0x800052be (0x008b10b3) sll     ra, s6, s0
core   0: 3 0x800052be (0x008b10b3) x1  0x00000002
core   0: 0x800052c2 (0x01459213) slli    tp, a1, 20
core   0: 3 0x800052c2 (0x01459213) x4  0x00000000
core   0: 0x800052c6 (0x3403ee73) csrrsi  t3, mscratch, 7
core   0: 3 0x800052c6 (0x3403ee73) x28 0x00000001 c832_mscratch 0x00000007
core   0: 0x800052ca (0x340fd6f3) csrrwi  a3, mscratch, 31
core   0: 3 0x800052ca (0x340fd6f3) x13 0x00000007 c832_mscratch 0x0000001f
core   0: 0x800052ce (0x34003273) csrrc   tp, mscratch, zero
core   0: 3 0x800052ce (0x34003273) x4  0x0000001f
core   0: 0x800052d2 (0x0000717d) c.addi16sp sp, -16
core   0: 3 0x800052d2 (0x717d) x2  0x00000191
core   0: 0x800052d4 (0x00d64033) xor     zero, a2, a3
core   0: 3 0x800052d4 (0x00d64033)
core   0: 0x800052d8 (0x02c1f733) remu    a4, gp, a2
core   0: 3 0x800052d8 (0x02c1f733) x14 0x4c2abfff
core   0: 0x800052dc (0x0000100f) fence.i
core   0: 3 0x800052dc (0x0000100f)
core   0: 0x800052e0 (0xa9a46493) ori     s1, s0, -1382
core   0: 3 0x800052e0 (0xa9a46493) x9  0xffffffdb
core   0: 0x800052e4 (0x340498f3) csrrw   a7, mscratch, s1
core   0: 3 0x800052e4 (0x340498f3) x17 0x0000001f c832_mscratch 0xffffffdb
core   0: 0x800052e8 (0x340d5cf3) csrrwi  s9, mscratch, 26
core   0: 3 0x800052e8 (0x340d5cf3) x25 0xffffffdb c832_mscratch 0x0000001a
core   0: 0x800052ec (0x00008cc9) c.or    s1, a0
core   0: 3 0x800052ec (0x8cc9) x9  0xffffffdb
core   0: 0x800052ee (0x03039d63) bne     t2, a6, pc + 58
core   0: 3 0x800052ee (0x03039d63)
core   0: 0x80005328 (0x02785233) divu    tp, a6, t2
core   0: 3 0x80005328 (0x02785233) x4  0x00000000
core   0: 0x8000532c (0x0000100f) fence.i
core   0: 3 0x8000532c (0x0000100f)
core   0: 0x80005330 (0x017d5833) srl     a6, s10, s7
core   0: 3 0x80005330 (0x017d5833) x16 0x00003c1e
core   0: 0x80005334 (0xce29ea13) ori     s4, s3, -798
core   0: 3 0x80005334 (0xce29ea13) x20 0xfffffce2
core   0: 0x80005338 (0x0000100f) fence.i
core   0: 3 0x80005338 (0x0000100f)
core   0: 0x8000533c (0x007a5733) srl     a4, s4, t2
core   0: 3 0x8000533c (0x007a5733) x14 0x0000ffff
core   0: 0x80005340 (0x0000887a) c.mv    a6, t5
core   0: 3 0x80005340 (0x887a) x16 0x80026385
core   0: 0x80005342 (0x027f14b3) mulh    s1, t5, t2
core   0: 3 0x80005342 (0x027f14b3) x9  0xffffff58
core   0: 0x80005346 (0x9c358697) auipc   a3, 0x9c358
core   0: 3 0x80005346 (0x9c358697) x13 0x1c35d346
core   0: 0x8000534a (0x00f91a33) sll     s4, s2, a5
core   0: 3 0x8000534a (0x00f91a33) x20 0x8e140000
core   0: 0x8000534e (0x02f9f3b3) remu    t2, s3, a5
core   0: 3 0x8000534e (0x02f9f3b3) x7  0x00000000
core   0: 0x80005352 (0x340fd6f3) csrrwi  a3, mscratch, 31
core   0: 3 0x80005352 (0x340fd6f3) x13 0x0000001a c832_mscratch 0x0000001f
core   0: 0x80005356 (0x00008d59) c.or    a0, a4
core   0: 3 0x80005356 (0x8d59) x10 0x0000ffff
core   0: 0x80005358 (0x340378f3) csrrci  a7, mscratch, 6
core   0: 3 0x80005358 (0x340378f3) x17 0x0000001f c832_mscratch 0x00000019
core   0: 0x8000535c (0x000084e5) c.srai  s1, 25
core   0: 3 0x8000535c (0x84e5) x9  0xffffffff
core   0: 0x8000535e (0x034026b3) mulhsu  a3, zero, s4
core   0: 3 0x8000535e (0x034026b3) x13 0x00000000
core   0: 0x80005362 (0x02fb1263) bne     s6, a5, pc + 36
core   0: 3 0x80005362 (0x02fb1263)
core   0: 0x80005386 (0x411fd493) srai    s1, t6, 17
core   0: 3 0x80005386 (0x411fd493) x9  0x00000000
core   0: 0x8000538a (0x34059e73) csrrw   t3, mscratch, a1
core   0: 3 0x8000538a (0x34059e73) x28 0x00000019 c832_mscratch 0x00000000
core   0: 0x8000538e (0x0380e563) bltu    ra, s8, pc + 42
core   0: 3 0x8000538e (0x0380e563)
core   0: 0x800053b8 (0x411357b3) sra     a5, t1, a7
core   0: 3 0x800053b8 (0x411357b3) x15 0x00000000
core   0: 0x800053bc (0x035a8563) beq     s5, s5, pc + 42
core   0: 3 0x800053bc (0x035a8563)
core   0: 0x800053e6 (0x087ac163) blt     s5, t2, pc + 130
core   0: 3 0x800053e6 (0x087ac163)
core   0: 0x800053ea (0x0000b117) auipc   sp, 0xb
core   0: 3 0x800053ea (0x0000b117) x2  0x800103ea
core   0: 0x800053ee (0x46910113) addi    sp, sp, 1129
core   0: 3 0x800053ee (0x46910113) x2  0x80010853
core   0: 0x800053f2 (0x0c710003) lb      zero, 199(sp)
core   0: 3 0x800053f2 (0x0c710003) mem 0x8001091a
core   0: 0x800053f6 (0x008ed833) srl     a6, t4, s0
core   0: 3 0x800053f6 (0x008ed833) x16 0x40014e92
core   0: 0x800053fa (0x0e910523) sb      s1, 234(sp)
core   0: 3 0x800053fa (0x0e910523) mem 0x8001093d 0x00
core   0: 0x800053fe (0x00008ffe) c.mv    t6, t6
core   0: 3 0x800053fe (0x8ffe) x31 0x00000000
core   0: 0x80005400 (0xf2610883) lb      a7, -218(sp)
core   0: 3 0x80005400 (0xf2610883) x17 0x00000000 mem 0x80010779
core   0: 0x80005404 (0x05c14483) lbu     s1, 92(sp)
core   0: 3 0x80005404 (0x05c14483) x9  0x00000000 mem 0x800108af
core   0: 0x80005408 (0xfed15903) lhu     s2, -19(sp)
core   0: 3 0x80005408 (0xfed15903) x18 0x00000000 mem 0x80010840
core   0: 0x8000540c (0x00be0633) add     a2, t3, a1
core   0: 3 0x8000540c (0x00be0633) x12 0x00000019
core   0: 0x80005410 (0x01d9acb3) slt     s9, s3, t4
core   0: 3 0x80005410 (0x01d9acb3) x25 0x00000000
core   0: 0x80005414 (0x01614b03) lbu     s6, 22(sp)
core   0: 3 0x80005414 (0x01614b03) x22 0x00000000 mem 0x80010869
core   0: 0x80005418 (0x000086cd) c.srai  a3, 19
core   0: 3 0x80005418 (0x86cd) x13 0x00000000
core   0: 0x8000541a (0x0cb112a3) sh      a1, 197(sp)
core   0: 3 0x8000541a (0x0cb112a3) mem 0x80010918 0x0000
core   0: 0x8000541e (0x00008d95) c.sub   a1, a3
core   0: 3 0x8000541e (0x8d95) x11 0x00000000
core   0: 0x80005420 (0xa5b60e13) addi    t3, a2, -1445
core   0: 3 0x80005420 (0xa5b60e13) x28 0xfffffa74
core   0: 0x80005424 (0xfd014303) lbu     t1, -48(sp)
core   0: 3 0x80005424 (0xfd014303) x6  0x00000000 mem 0x80010823
core   0: 0x80005428 (0x00008cd5) c.or    s1, a3
core   0: 3 0x80005428 (0x8cd5) x9  0x00000000
core   0: 0x8000542a (0x00000001) c.nop
core   0: 3 0x8000542a (0x0001)
core   0: 0x8000542c (0x0d210803) lb      a6, 210(sp)
core   0: 3 0x8000542c (0x0d210803) x16 0x00000000 mem 0x80010925
core   0: 0x80005430 (0x3246fe13) andi    t3, a3, 804
core   0: 3 0x80005430 (0x3246fe13) x28 0x00000000
core   0: 0x80005434 (0x05911ba3) sh      s9, 87(sp)
core   0: 3 0x80005434 (0x05911ba3) mem 0x800108aa 0x0000
core   0: 0x80005438 (0x017ab033) sltu    zero, s5, s7
core   0: 3 0x80005438 (0x017ab033)
core   0: 0x8000543c (0x02f11d83) lh      s11, 47(sp)
core   0: 3 0x8000543c (0x02f11d83) x27 0x00000000 mem 0x80010882
core   0: 0x80005440 (0x000089e6) c.mv    s3, s9
core   0: 3 0x80005440 (0x89e6) x19 0x00000000
core   0: 0x80005442 (0x00008f4a) c.mv    t5, s2
core   0: 3 0x80005442 (0x8f4a) x30 0x00000000
core   0: 0x80005444 (0x00f45093) srli    ra, s0, 15
core   0: 3 0x80005444 (0x00f45093) x1  0x0001e14d
core   0: 0x80005448 (0x08d11aa3) sh      a3, 149(sp)
core   0: 3 0x80005448 (0x08d11aa3) mem 0x800108e8 0x0000
core   0: 0x8000544c (0x00000001) c.nop
core   0: 3 0x8000544c (0x0001)
core   0: 0x8000544e (0x000040bd) c.li    ra, 15
core   0: 3 0x8000544e (0x40bd) x1  0x0000000f
core   0: 0x80005450 (0xf7411ea3) sh      s4, -131(sp)
core   0: 3 0x80005450 (0xf7411ea3) mem 0x800107d0 0x0000
core   0: 0x80005454 (0x71a74b13) xori    s6, a4, 1818
core   0: 3 0x80005454 (0x71a74b13) x22 0x0000f8e5
core   0: 0x80005458 (0x017789b3) add     s3, a5, s7
core   0: 3 0x80005458 (0x017789b3) x19 0xfffff292
core   0: 0x8000545c (0x00ea80b3) add     ra, s5, a4
core   0: 3 0x8000545c (0x00ea80b3) x1  0x0000ffff
core   0: 0x80005460 (0xf6414083) lbu     ra, -156(sp)
core   0: 3 0x80005460 (0xf6414083) x1  0x00000000 mem 0x800107b7
core   0: 0x80005464 (0x41385c93) srai    s9, a6, 19
core   0: 3 0x80005464 (0x41385c93) x25 0x00000000
core   0: 0x80005468 (0x340c5cf3) csrrwi  s9, mscratch, 24
core   0: 3 0x80005468 (0x340c5cf3) x25 0x00000000 c832_mscratch 0x00000018
core   0: 0x8000546c (0x9dc50693) addi    a3, a0, -1572
core   0: 3 0x8000546c (0x9dc50693) x13 0x0000f9db
core   0: 0x80005470 (0xe9f48393) addi    t2, s1, -353
core   0: 3 0x80005470 (0xe9f48393) x7  0xfffffe9f
core   0: 0x80005474 (0x00001804) c.addi4spn s1, sp, 48
core   0: 3 0x80005474 (0x1804) x9  0x80010883
core   0: 0x80005476 (0x34007d73) csrrci  s10, mscratch, 0
core   0: 3 0x80005476 (0x34007d73) x26 0x00000018
core   0: 0x8000547a (0x3409f3f3) csrrci  t2, mscratch, 19
core   0: 3 0x8000547a (0x3409f3f3) x7  0x00000018 c832_mscratch 0x00000008
core   0: 0x8000547e (0x00000b9a) c.slli  s7, 6
core   0: 3 0x8000547e (0x0b9a) x23 0xfffca480
core   0: 0x80005480 (0x029b0863) beq     s6, s1, pc + 48
core   0: 3 0x80005480 (0x029b0863)
core   0: 0x80005484 (0x3404a6f3) csrrs   a3, mscratch, s1
core   0: 3 0x80005484 (0x3404a6f3) x13 0x00000008 c832_mscratch 0x8001088b
core   0: 0x80005488 (0x05644163) blt     s0, s6, pc + 66
core   0: 3 0x80005488 (0x05644163)
core   0: 0x800054ca (0x01abd9b3) srl     s3, s7, s10
core   0: 3 0x800054ca (0x01abd9b3) x19 0x000000ff
core   0: 0x800054ce (0x03f23033) mulhu   zero, tp, t6
core   0: 3 0x800054ce (0x03f23033)
core   0: 0x800054d2 (0x34025cf3) csrrwi  s9, mscratch, 4
core   0: 3 0x800054d2 (0x34025cf3) x25 0x8001088b c832_mscratch 0x00000004
core   0: 0x800054d6 (0x9065ac93) slti    s9, a1, -1786
core   0: 3 0x800054d6 (0x9065ac93) x25 0x00000000
core   0: 0x800054da (0x0370f1b3) remu    gp, ra, s7
core   0: 3 0x800054da (0x0370f1b3) x3  0x00000000
core   0: 0x800054de (0x00008cd5) c.or    s1, a3
core   0: 3 0x800054de (0x8cd5) x9  0x8001088b
core   0: 0x800054e0 (0x340064f3) csrrsi  s1, mscratch, 0
core   0: 3 0x800054e0 (0x340064f3) x9  0x00000004
core   0: 0x800054e4 (0x002c1d13) slli    s10, s8, 2
core   0: 3 0x800054e4 (0x002c1d13) x26 0x00097a90
core   0: 0x800054e8 (0x4150d933) sra     s2, ra, s5
core   0: 3 0x800054e8 (0x4150d933) x18 0x00000000
core   0: 0x800054ec (0x00000b0c) c.addi4spn a1, sp, 400
core   0: 3 0x800054ec (0x0b0c) x11 0x800109e3
core   0: 0x800054ee (0xd3e12f13) slti    t5, sp, -706
core   0: 3 0x800054ee (0xd3e12f13) x30 0x00000001
core   0: 0x800054f2 (0x000016fd) c.addi  a3, -1
core   0: 3 0x800054f2 (0x16fd) x13 0x00000007
core   0: 0x800054f4 (0x011c18b3) sll     a7, s8, a7
core   0: 3 0x800054f4 (0x011c18b3) x17 0x80025ea4
core   0: 0x800054f8 (0x028e8fb3) mul     t6, t4, s0
core   0: 3 0x800054f8 (0x028e8fb3) x31 0x98051424
core   0: 0x800054fc (0x00000001) c.nop
core   0: 3 0x800054fc (0x0001)
core   0: 0x800054fe (0x00000001) c.nop
core   0: 3 0x800054fe (0x0001)
core   0: 0x80005500 (0x1e956713) ori     a4, a0, 489
core   0: 3 0x80005500 (0x1e956713) x14 0x0000ffff
core   0: 0x80005504 (0x0424d463) bge     s1, sp, pc + 72
core   0: 3 0x80005504 (0x0424d463)
core   0: 0x8000554c (0x00d71e33) sll     t3, a4, a3
core   0: 3 0x8000554c (0x00d71e33) x28 0x007fff80
core   0: 0x80005550 (0x0202dfb3) divu    t6, t0, zero
core   0: 3 0x80005550 (0x0202dfb3) x31 0xffffffff
core   0: 0x80005554 (0x0000ce9d) c.beqz  a3, pc + 62
core   0: 3 0x80005554 (0xce9d)
core   0: 0x80005556 (0x03c66db3) rem     s11, a2, t3
core   0: 3 0x80005556 (0x03c66db3) x27 0x00000019
core   0: 0x8000555a (0x00000001) c.nop
core   0: 3 0x8000555a (0x0001)
core   0: 0x8000555c (0x0373d533) divu    a0, t2, s7
core   0: 3 0x8000555c (0x0373d533) x10 0x00000000
core   0: 0x80005560 (0x00000c08) c.addi4spn a0, sp, 528
core   0: 3 0x80005560 (0x0c08) x10 0x80010a63
core   0: 0x80005562 (0x0ff0000f) fence   iorw,iorw
core   0: 3 0x80005562 (0x0ff0000f)
core   0: 0x80005566 (0x41c284b3) sub     s1, t0, t3
core   0: 3 0x80005566 (0x41c284b3) x9  0xa3800080
core   0: 0x8000556a (0x007972b3) and     t0, s2, t2
core   0: 3 0x8000556a (0x007972b3) x5  0x00000000
core   0: 0x8000556e (0x035dcf33) div     t5, s11, s5
core   0: 3 0x8000556e (0x035dcf33) x30 0xffffffff
core   0: 0x80005572 (0x00008c99) c.sub   s1, a4
core   0: 3 0x80005572 (0x8c99) x9  0xa37f0081
core   0: 0x80005574 (0x00008f6d) c.and   a4, a1
core   0: 3 0x80005574 (0x8f6d) x14 0x000009e3
core   0: 0x80005576 (0x0000e095) c.bnez  s1, pc + 36
core   0: 3 0x80005576 (0xe095)
core   0: 0x8000559a (0x003e94b3) sll     s1, t4, gp
core   0: 3 0x8000559a (0x003e94b3) x9  0x80029d24
core   0: 0x8000559e (0x00008f75) c.and   a4, a3
core   0: 3 0x8000559e (0x8f75) x14 0x00000003
core   0: 0x800055a0 (0x009efd63) bgeu    t4, s1, pc + 26
core   0: 3 0x800055a0 (0x009efd63)
core   0: 0x800055ba (0x00000001) c.nop
core   0: 3 0x800055ba (0x0001)
core   0: 0x800055bc (0x02655963) bge     a0, t1, pc + 50
core   0: 3 0x800055bc (0x02655963)
core   0: 0x800055c0 (0x0000100f) fence.i
core   0: 3 0x800055c0 (0x0000100f)
core   0: 0x800055c4 (0x02c435b3) mulhu   a1, s0, a2
core   0: 3 0x800055c4 (0x02c435b3) x11 0x00000017
core   0: 0x800055c8 (0x000083dd) c.srli  a5, 23
core   0: 3 0x800055c8 (0x83dd) x15 0x00000000
core   0: 0x800055ca (0x340350f3) csrrwi  ra, mscratch, 6
core   0: 3 0x800055ca (0x340350f3) x1  0x00000004 c832_mscratch 0x00000006
core   0: 0x800055ce (0x878dbe13) sltiu   t3, s11, -1928
core   0: 3 0x800055ce (0x878dbe13) x28 0x00000001
core   0: 0x800055d2 (0x04337463) bgeu    t1, gp, pc + 72
core   0: 3 0x800055d2 (0x04337463)
core   0: 0x8000561a (0x0000ca09) c.beqz  a2, pc + 18
core   0: 3 0x8000561a (0xca09)
core   0: 0x8000561c (0x0000662d) c.lui   a2, 0xb
core   0: 3 0x8000561c (0x662d) x12 0x0000b000
core   0: 0x8000561e (0x01cb26b3) slt     a3, s6, t3
core   0: 3 0x8000561e (0x01cb26b3) x13 0x00000000
core   0: 0x80005622 (0x01e87f33) and     t5, a6, t5
core   0: 3 0x80005622 (0x01e87f33) x30 0x00000000
core   0: 0x80005626 (0x20e6ab17) auipc   s6, 0x20e6a
core   0: 3 0x80005626 (0x20e6ab17) x22 0xa0e6f626
core   0: 0x8000562a (0x0000717d) c.addi16sp sp, -16
core   0: 3 0x8000562a (0x717d) x2  0x80010843
core   0: 0x8000562c (0x01c65763) bge     a2, t3, pc + 14
core   0: 3 0x8000562c (0x01c65763)
core   0: 0x8000563a (0x00006cb9) c.lui   s9, 0xe
core   0: 3 0x8000563a (0x6cb9) x25 0x0000e000
core   0: 0x8000563c (0x3405d2f3) csrrwi  t0, mscratch, 11
core   0: 3 0x8000563c (0x3405d2f3) x5  0x00000006 c832_mscratch 0x0000000b
core   0: 0x80005640 (0x01f6e733) or      a4, a3, t6
core   0: 3 0x80005640 (0x01f6e733) x14 0xffffffff
core   0: 0x80005644 (0x0000c905) c.beqz  a0, pc + 48
core   0: 3 0x80005644 (0xc905)
core   0: 0x80005646 (0x0000412d) c.li    sp, 11
core   0: 3 0x80005646 (0x412d) x2  0x0000000b
core   0: 0x80005648 (0xc3377293) andi    t0, a4, -973
core   0: 3 0x80005648 (0xc3377293) x5  0xfffffc33
core   0: 0x8000564c (0x00009d5e) c.add   s10, s7
core   0: 3 0x8000564c (0x9d5e) x26 0x00061f10
core   0: 0x8000564e (0x00006ced) c.lui   s9, 0x1b
core   0: 3 0x8000564e (0x6ced) x25 0x0001b000
core   0: 0x80005650 (0x34006573) csrrsi  a0, mscratch, 0
core   0: 3 0x80005650 (0x34006573) x10 0x0000000b
core   0: 0x80005654 (0x116c3d13) sltiu   s10, s8, 278
core   0: 3 0x80005654 (0x116c3d13) x26 0x00000000
core   0: 0x80005658 (0x007e7563) bgeu    t3, t2, pc + 10
core   0: 3 0x80005658 (0x007e7563)
core   0: 0x8000565c (0x000048f5) c.li    a7, 29
core   0: 3 0x8000565c (0x48f5) x17 0x0000001d
core   0: 0x8000565e (0x01a37e33) and     t3, t1, s10
core   0: 3 0x8000565e (0x01a37e33) x28 0x00000000
core   0: 0x80005662 (0x0033c133) xor     sp, t2, gp
core   0: 3 0x80005662 (0x0033c133) x2  0x00000018
core   0: 0x80005666 (0x0000537d) c.li    t1, -1
core   0: 3 0x80005666 (0x537d) x6  0xffffffff
core   0: 0x80005668 (0x02a61333) mulh    t1, a2, a0
core   0: 3 0x80005668 (0x02a61333) x6  0x00000000
core   0: 0x8000566c (0x3400e273) csrrsi  tp, mscratch, 1
core   0: 3 0x8000566c (0x3400e273) x4  0x0000000b c832_mscratch 0x0000000b
core   0: 0x80005670 (0x00008251) c.srli  a2, 20
core   0: 3 0x80005670 (0x8251) x12 0x00000000
core   0: 0x80005672 (0x0000e609) c.bnez  a2, pc + 10
core   0: 3 0x80005672 (0xe609)
core   0: 0x80005674 (0x03639163) bne     t2, s6, pc + 34
core   0: 3 0x80005674 (0x03639163)
core   0: 0x80005696 (0x00738533) add     a0, t2, t2
core   0: 3 0x80005696 (0x00738533) x10 0x00000030
core   0: 0x8000569a (0x055c9463) bne     s9, s5, pc + 72
core   0: 3 0x8000569a (0x055c9463)
core   0: 0x800056e2 (0x037c03b3) mul     t2, s8, s7
core   0: 3 0x800056e2 (0x037c03b3) x7  0x0b406200
core   0: 0x800056e6 (0x036afdb3) remu    s11, s5, s6
core   0: 3 0x800056e6 (0x036afdb3) x27 0x00000000
core   0: 0x800056ea (0x34051bf3) csrrw   s7, mscratch, a0
core   0: 3 0x800056ea (0x34051bf3) x23 0x0000000b c832_mscratch 0x00000030
core   0: 0x800056ee (0x000000da) c.slli  ra, 22
core   0: 3 0x800056ee (0x00da) x1  0x01000000
core   0: 0x800056f0 (0x00000001) c.nop
core   0: 3 0x800056f0 (0x0001)
core   0: 0x800056f2 (0x01b35993) srli    s3, t1, 27
core   0: 3 0x800056f2 (0x01b35993) x19 0x00000000
core   0: 0x800056f6 (0x03515e33) divu    t3, sp, s5
core   0: 3 0x800056f6 (0x03515e33) x28 0xffffffff
core   0: 0x800056fa (0x00000001) c.nop
core   0: 3 0x800056fa (0x0001)
core   0: 0x800056fc (0x34021073) csrw    mscratch, tp
core   0: 3 0x800056fc (0x34021073) c832_mscratch 0x0000000b
core   0: 0x80005700 (0x00000545) c.addi  a0, 17
core   0: 3 0x80005700 (0x0545) x10 0x00000041
core   0: 0x80005702 (0x01a19663) bne     gp, s10, pc + 12
core   0: 3 0x80005702 (0x01a19663)
core   0: 0x80005706 (0x93cbf313) andi    t1, s7, -1732
core   0: 3 0x80005706 (0x93cbf313) x6  0x00000008
core   0: 0x8000570a (0x00228633) add     a2, t0, sp
core   0: 3 0x8000570a (0x00228633) x12 0xfffffc4b
core   0: 0x8000570e (0x034b77b3) remu    a5, s6, s4
core   0: 3 0x8000570e (0x034b77b3) x15 0x12d2f626
core   0: 0x80005712 (0x02747bb3) remu    s7, s0, t2
core   0: 3 0x80005712 (0x02747bb3) x23 0x045ee5c1
core   0: 0x80005716 (0x00008e49) c.or    a2, a0
core   0: 3 0x80005716 (0x8e49) x12 0xfffffc4b
core   0: 0x80005718 (0x0055d633) srl     a2, a1, t0
core   0: 3 0x80005718 (0x0055d633) x12 0x00000000
core   0: 0x8000571c (0x01a45133) srl     sp, s0, s10
core   0: 3 0x8000571c (0x01a45133) x2  0xf0a6efc1
core   0: 0x80005720 (0x0000100f) fence.i
core   0: 3 0x80005720 (0x0000100f)
core   0: 0x80005724 (0x02e2d5b3) divu    a1, t0, a4
core   0: 3 0x80005724 (0x02e2d5b3) x11 0x00000000
core   0: 0x80005728 (0x00008ec9) c.or    a3, a0
core   0: 3 0x80005728 (0x8ec9) x13 0x00000041
core   0: 0x8000572a (0x340f26f3) csrrs   a3, mscratch, t5
core   0: 3 0x8000572a (0x340f26f3) x13 0x0000000b c832_mscratch 0x0000000b
core   0: 0x8000572e (0x00008d75) c.and   a0, a3
core   0: 3 0x8000572e (0x8d75) x10 0x00000001
core   0: 0x80005730 (0x00000001) c.nop
core   0: 3 0x80005730 (0x0001)
core   0: 0x80005732 (0x0016fb63) bgeu    a3, ra, pc + 22
core   0: 3 0x80005732 (0x0016fb63)
core   0: 0x80005736 (0x005fbe33) sltu    t3, t6, t0
core   0: 3 0x80005736 (0x005fbe33) x28 0x00000000
core   0: 0x8000573a (0x037e2bb3) mulhsu  s7, t3, s7
core   0: 3 0x8000573a (0x037e2bb3) x23 0x00000000
core   0: 0x8000573e (0x00005e7d) c.li    t3, -1
core   0: 3 0x8000573e (0x5e7d) x28 0xffffffff
core   0: 0x80005740 (0x034e5cb3) divu    s9, t3, s4
core   0: 3 0x80005740 (0x034e5cb3) x25 0x00000001
core   0: 0x80005744 (0x00f57833) and     a6, a0, a5
core   0: 3 0x80005744 (0x00f57833) x16 0x00000000
core   0: 0x80005748 (0x01435893) srli    a7, t1, 20
core   0: 3 0x80005748 (0x01435893) x17 0x00000000
core   0: 0x8000574c (0x0000e389) c.bnez  a5, pc + 2
core   0: 3 0x8000574c (0xe389)
core   0: 0x8000574e (0x40b4d313) srai    t1, s1, 11
core   0: 3 0x8000574e (0x40b4d313) x6  0xfff00053
core   0: 0x80005752 (0x0226dcb3) divu    s9, a3, sp
core   0: 3 0x80005752 (0x0226dcb3) x25 0x00000000
core   0: 0x80005756 (0x0189d5b3) srl     a1, s3, s8
core   0: 3 0x80005756 (0x0189d5b3) x11 0x00000000
core   0: 0x8000575a (0x0000026a) c.slli  tp, 26
core   0: 3 0x8000575a (0x026a) x4  0x2c000000
core   0: 0x8000575c (0x00000001) c.nop
core   0: 3 0x8000575c (0x0001)
core   0: 0x8000575e (0x4053d533) sra     a0, t2, t0
core   0: 3 0x8000575e (0x4053d533) x10 0x00000168
core   0: 0x80005762 (0x020a8533) mul     a0, s5, zero
core   0: 3 0x80005762 (0x020a8533) x10 0x00000000
core   0: 0x80005766 (0x34006373) csrrsi  t1, mscratch, 0
core   0: 3 0x80005766 (0x34006373) x6  0x0000000b
core   0: 0x8000576a (0x03171533) mulh    a0, a4, a7
core   0: 3 0x8000576a (0x03171533) x10 0x00000000
core   0: 0x8000576e (0x340b1b73) csrrw   s6, mscratch, s6
core   0: 3 0x8000576e (0x340b1b73) x22 0x0000000b c832_mscratch 0xa0e6f626
core   0: 0x80005772 (0x0000ed1d) c.bnez  a0, pc + 62
core   0: 3 0x80005772 (0xed1d)
core   0: 0x80005774 (0x00e8d563) bge     a7, a4, pc + 10
core   0: 3 0x80005774 (0x00e8d563)
core   0: 0x8000577e (0x0097e6b3) or      a3, a5, s1
core   0: 3 0x8000577e (0x0097e6b3) x13 0x92d2ff26
core   0: 0x80005782 (0x21d4c517) auipc   a0, 0x21d4c
core   0: 3 0x80005782 (0x21d4c517) x10 0xa1d51782
core   0: 0x80005786 (0x000096de) c.add   a3, s7
core   0: 3 0x80005786 (0x96de) x13 0x92d2ff26
core   0: 0x80005788 (0x008a2e33) slt     t3, s4, s0
core   0: 3 0x80005788 (0x008a2e33) x28 0x00000001
core   0: 0x8000578c (0x0197bfb3) sltu    t6, a5, s9
core   0: 3 0x8000578c (0x0197bfb3) x31 0x00000000
core   0: 0x80005790 (0x0000c885) c.beqz  s1, pc + 48
core   0: 3 0x80005790 (0xc885)
core   0: 0x80005792 (0x00000f84) c.addi4spn s1, sp, 976
core   0: 3 0x80005792 (0x0f84) x9  0xf0a6f391
core   0: 0x80005794 (0x00006a55) c.lui   s4, 0x15
core   0: 3 0x80005794 (0x6a55) x20 0x00015000
core   0: 0x80005796 (0x0000077e) c.slli  a4, 31
core   0: 3 0x80005796 (0x077e) x14 0x80000000
core   0: 0x80005798 (0x0000100f) fence.i
core   0: 3 0x80005798 (0x0000100f)
core   0: 0x8000579c (0x79b84713) xori    a4, a6, 1947
core   0: 3 0x8000579c (0x79b84713) x14 0x0000079b
core   0: 0x800057a0 (0x0ff0000f) fence   iorw,iorw
core   0: 3 0x800057a0 (0x0ff0000f)
core   0: 0x800057a4 (0x0051abb3) slt     s7, gp, t0
core   0: 3 0x800057a4 (0x0051abb3) x23 0x00000000
core   0: 0x800057a8 (0x03e79663) bne     a5, t5, pc + 44
core   0: 3 0x800057a8 (0x03e79663)
core   0: 0x800057d4 (0x340b6073) csrsi   mscratch, 22
core   0: 3 0x800057d4 (0x340b6073) c832_mscratch 0xa0e6f636
core   0: 0x800057d8 (0x9d4ccf13) xori    t5, s9, -1580
core   0: 3 0x800057d8 (0x9d4ccf13) x30 0xfffff9d4
core   0: 0x800057dc (0x00005b7d) c.li    s6, -1
core   0: 3 0x800057dc (0x5b7d) x22 0xffffffff
core   0: 0x800057de (0x0000c90d) c.beqz  a0, pc + 50
core   0: 3 0x800057de (0xc90d)
core   0: 0x800057e0 (0x02bac1b3) div     gp, s5, a1
core   0: 3 0x800057e0 (0x02bac1b3) x3  0xffffffff
core   0: 0x800057e4 (0x40c25d93) srai    s11, tp, 12
core   0: 3 0x800057e4 (0x40c25d93) x27 0x0002c000
core   0: 0x800057e8 (0x340a1973) csrrw   s2, mscratch, s4
core   0: 3 0x800057e8 (0x340a1973) x18 0xa0e6f636 c832_mscratch 0x00015000
core   0: 0x800057ec (0x02cee3b3) rem     t2, t4, a2
core   0: 3 0x800057ec (0x02cee3b3) x7  0x80029d24
core   0: 0x800057f0 (0x000092e2) c.add   t0, s8
core   0: 3 0x800057f0 (0x92e2) x5  0x80025ad7
core   0: 0x800057f2 (0xebcd7713) andi    a4, s10, -324
core   0: 3 0x800057f2 (0xebcd7713) x14 0x00000000
core   0: 0x800057f6 (0x0000cc9d) c.beqz  s1, pc + 62
core   0: 3 0x800057f6 (0xcc9d)
core   0: 0x800057f8 (0x008a0463) beq     s4, s0, pc + 8
core   0: 3 0x800057f8 (0x008a0463)
core   0: 0x800057fc (0x015b5d93) srli    s11, s6, 21
core   0: 3 0x800057fc (0x015b5d93) x27 0x000007ff
core   0: 0x80005800 (0x010582b3) add     t0, a1, a6
core   0: 3 0x80005800 (0x010582b3) x5  0x00000000
core   0: 0x80005804 (0x01a3dd93) srli    s11, t2, 26
core   0: 3 0x80005804 (0x01a3dd93) x27 0x00000020
core   0: 0x80005808 (0x0ff0000f) fence   iorw,iorw
core   0: 3 0x80005808 (0x0ff0000f)
core   0: 0x8000580c (0x418b8d33) sub     s10, s7, s8
core   0: 3 0x8000580c (0x418b8d33) x26 0x7ffda15c
core   0: 0x80005810 (0x00da4333) xor     t1, s4, a3
core   0: 3 0x80005810 (0x00da4333) x6  0x92d3af26
core   0: 0x80005814 (0x00d5e863) bltu    a1, a3, pc + 16
core   0: 3 0x80005814 (0x00d5e863)
core   0: 0x80005824 (0x033bafb3) mulhsu  t6, s7, s3
core   0: 3 0x80005824 (0x033bafb3) x31 0x00000000
core   0: 0x80005828 (0x0447f063) bgeu    a5, tp, pc + 64
core   0: 3 0x80005828 (0x0447f063)
core   0: 0x8000582c (0x00d74b33) xor     s6, a4, a3
core   0: 3 0x8000582c (0x00d74b33) x22 0x92d2ff26
core   0: 0x80005830 (0x0211c563) blt     gp, ra, pc + 42
core   0: 3 0x80005830 (0x0211c563)
core   0: 0x8000585a (0x0000cd09) c.beqz  a0, pc + 26
core   0: 3 0x8000585a (0xcd09)
core   0: 0x8000585c (0x00008c89) c.sub   s1, a0
core   0: 3 0x8000585c (0x8c89) x9  0x4ed1dc0f
core   0: 0x8000585e (0x02d374b3) remu    s1, t1, a3
core   0: 3 0x8000585e (0x02d374b3) x9  0x0000b000
core   0: 0x80005862 (0x0000ea0d) c.bnez  a2, pc + 50
core   0: 3 0x80005862 (0xea0d)
core   0: 0x80005864 (0x02584db3) div     s11, a6, t0
core   0: 3 0x80005864 (0x02584db3) x27 0xffffffff
core   0: 0x80005868 (0x00008f15) c.sub   a4, a3
core   0: 3 0x80005868 (0x8f15) x14 0x6d2d00da
core   0: 0x8000586a (0x000c1013) slli    zero, s8, 0
core   0: 3 0x8000586a (0x000c1013)
core   0: 0x8000586e (0x41548cb3) sub     s9, s1, s5
core   0: 3 0x8000586e (0x41548cb3) x25 0x0000b000
core   0: 0x80005872 (0x00008591) c.srai  a1, 4
core   0: 3 0x80005872 (0x8591) x11 0x00000000
core   0: 0x80005874 (0x0237d463) bge     a5, gp, pc + 40
core   0: 3 0x80005874 (0x0237d463)
core   0: 0x8000589c (0x008d7bb3) and     s7, s10, s0
core   0: 3 0x8000589c (0x008d7bb3) x23 0x70a4a140
core   0: 0x800058a0 (0x028bcfb3) div     t6, s7, s0
core   0: 3 0x800058a0 (0x028bcfb3) x31 0xfffffff9
core   0: 0x800058a4 (0x02216ab3) rem     s5, sp, sp
core   0: 3 0x800058a4 (0x02216ab3) x21 0x00000000
core   0: 0x800058a8 (0x00006cbd) c.lui   s9, 0xf
core   0: 3 0x800058a8 (0x6cbd) x25 0x0000f000
core   0: 0x800058aa (0x0000e209) c.bnez  a2, pc + 2
core   0: 3 0x800058aa (0xe209)
core   0: 0x800058ac (0x1ff40613) addi    a2, s0, 511
core   0: 3 0x800058ac (0x1ff40613) x12 0xf0a6f1c0
core   0: 0x800058b0 (0x053a8063) beq     s5, s3, pc + 64
core   0: 3 0x800058b0 (0x053a8063)
core   0: 0x800058f0 (0x039e6363) bltu    t3, s9, pc + 38
core   0: 3 0x800058f0 (0x039e6363)
core   0: 0x80005916 (0x6e33ae13) slti    t3, t2, 1763
core   0: 3 0x80005916 (0x6e33ae13) x28 0x00000001
core   0: 0x8000591a (0x00008e51) c.or    a2, a2
core   0: 3 0x8000591a (0x8e51) x12 0xf0a6f1c0
core   0: 0x8000591c (0x01912cb3) slt     s9, sp, s9
core   0: 3 0x8000591c (0x01912cb3) x25 0x00000001
core   0: 0x80005920 (0x02c44a63) blt     s0, a2, pc + 52
core   0: 3 0x80005920 (0x02c44a63)
core   0: 0x80005954 (0x05c44163) blt     s0, t3, pc + 66
core   0: 3 0x80005954 (0x05c44163)
core   0: 0x80005996 (0x00cae563) bltu    s5, a2, pc + 10
core   0: 3 0x80005996 (0x00cae563)
core   0: 0x800059a0 (0x002a5f33) srl     t5, s4, sp
core   0: 3 0x800059a0 (0x002a5f33) x30 0x0000a800
core   0: 0x800059a4 (0x00009a7d) c.andi  a2, -1
core   0: 3 0x800059a4 (0x9a7d) x12 0xf0a6f1c0
core   0: 0x800059a6 (0x416ad313) srai    t1, s5, 22
core   0: 3 0x800059a6 (0x416ad313) x6  0x00000000
core   0: 0x800059aa (0x03127963) bgeu    tp, a7, pc + 50
core   0: 3 0x800059aa (0x03127963)
core   0: 0x800059dc (0x00000001) c.nop
core   0: 3 0x800059dc (0x0001)
core   0: 0x800059de (0x00008cd6) c.mv    s9, s5
core   0: 3 0x800059de (0x8cd6) x25 0x00000000
core   0: 0x800059e0 (0x01e8f9b3) and     s3, a7, t5
core   0: 3 0x800059e0 (0x01e8f9b3) x19 0x00000000
core   0: 0x800059e4 (0x00008755) c.srai  a4, 21
core   0: 3 0x800059e4 (0x8755) x14 0x00000369
core   0: 0x800059e6 (0x0000c71d) c.beqz  a4, pc + 46
core   0: 3 0x800059e6 (0xc71d)
core   0: 0x800059e8 (0x00008ffe) c.mv    t6, t6
core   0: 3 0x800059e8 (0x8ffe) x31 0xfffffff9
core   0: 0x800059ea (0x00008a5a) c.mv    s4, s6
core   0: 3 0x800059ea (0x8a5a) x20 0x92d2ff26
core   0: 0x800059ec (0x027b9563) bne     s7, t2, pc + 42
core   0: 3 0x800059ec (0x027b9563)
core   0: 0x80005a16 (0xce4ba5b7) lui     a1, 0xce4ba
core   0: 3 0x80005a16 (0xce4ba5b7) x11 0xce4ba000
core   0: 0x80005a1a (0x03e2cc63) blt     t0, t5, pc + 56
core   0: 3 0x80005a1a (0x03e2cc63)
core   0: 0x80005a52 (0x0ff0000f) fence   iorw,iorw
core   0: 3 0x80005a52 (0x0ff0000f)
core   0: 0x80005a56 (0x00cc7e33) and     t3, s8, a2
core   0: 3 0x80005a56 (0x00cc7e33) x28 0x80025080
core   0: 0x80005a5a (0x000053fd) c.li    t2, -1
core   0: 3 0x80005a5a (0x53fd) x7  0xffffffff
core   0: 0x80005a5c (0x00584263) blt     a6, t0, pc + 4
core   0: 3 0x80005a5c (0x00584263)
core   0: 0x80005a60 (0x340c2673) csrrs   a2, mscratch, s8
core   0: 3 0x80005a60 (0x340c2673) x12 0x00015000 c832_mscratch 0x80035ea4
core   0: 0x80005a64 (0x406102b3) sub     t0, sp, t1
core   0: 3 0x80005a64 (0x406102b3) x5  0xf0a6efc1
core   0: 0x80005a68 (0x000015fd) c.addi  a1, -1
core   0: 3 0x80005a68 (0x15fd) x11 0xce4b9fff
core   0: 0x80005a6a (0x020473b3) remu    t2, s0, zero
core   0: 3 0x80005a6a (0x020473b3) x7  0xf0a6efc1
core   0: 0x80005a6e (0x00008545) c.srai  a0, 17
core   0: 3 0x80005a6e (0x8545) x10 0xffffd0ea
core   0: 0x80005a70 (0x00001d14) c.addi4spn a3, sp, 688
core   0: 3 0x80005a70 (0x1d14) x13 0xf0a6f271
core   0: 0x80005a72 (0x02239533) mulh    a0, t2, sp
core   0: 3 0x80005a72 (0x02239533) x10 0x00eb8ee3
core   0: 0x80005a76 (0x020953b3) divu    t2, s2, zero
core   0: 3 0x80005a76 (0x020953b3) x7  0xffffffff
core   0: 0x80005a7a (0x96ec4d13) xori    s10, s8, -1682
core   0: 3 0x80005a7a (0x96ec4d13) x26 0x7ffda7ca
core   0: 0x80005a7e (0x01b87b63) bgeu    a6, s11, pc + 22
core   0: 3 0x80005a7e (0x01b87b63)
core   0: 0x80005a82 (0x26305fb7) lui     t6, 0x26305
core   0: 3 0x80005a82 (0x26305fb7) x31 0x26305000
core   0: 0x80005a86 (0x0000860d) c.srai  a2, 3
core   0: 3 0x80005a86 (0x860d) x12 0x00002a00
core   0: 0x80005a88 (0x0072b3b3) sltu    t2, t0, t2
core   0: 3 0x80005a88 (0x0072b3b3) x7  0x00000001
core   0: 0x80005a8c (0x340de673) csrrsi  a2, mscratch, 27
core   0: 3 0x80005a8c (0x340de673) x12 0x80035ea4 c832_mscratch 0x80035ebf
core   0: 0x80005a90 (0x02923e33) mulhu   t3, tp, s1
core   0: 3 0x80005a90 (0x02923e33) x28 0x00001e40
core   0: 0x80005a94 (0x0000813d) c.srli  a0, 15
core   0: 3 0x80005a94 (0x813d) x10 0x000001d7
core   0: 0x80005a96 (0x00000bb6) c.slli  s7, 13
core   0: 3 0x80005a96 (0x0bb6) x23 0x94280000
core   0: 0x80005a98 (0x00801763) bne     zero, s0, pc + 14
core   0: 3 0x80005a98 (0x00801763)
core   0: 0x80005aa6 (0x41245293) srai    t0, s0, 18
core   0: 3 0x80005aa6 (0x41245293) x5  0xfffffc29
core   0: 0x80005aaa (0x0ff0000f) fence   iorw,iorw
core   0: 3 0x80005aaa (0x0ff0000f)
core   0: 0x80005aae (0x0000100f) fence.i
core   0: 3 0x80005aae (0x0000100f)
core   0: 0x80005ab2 (0x00008ce1) c.and   s1, s0
core   0: 3 0x80005ab2 (0x8ce1) x9  0x0000a000
core   0: 0x80005ab4 (0x0f39b093) sltiu   ra, s3, 243
core   0: 3 0x80005ab4 (0x0f39b093) x1  0x00000001
core   0: 0x80005ab8 (0x00008e35) c.xor   a2, a3
core   0: 3 0x80005ab8 (0x8e35) x12 0x70a5acd5
core   0: 0x80005aba (0x01ac7263) bgeu    s8, s10, pc + 4
core   0: 3 0x80005aba (0x01ac7263)
core   0: 0x80005abe (0x0000587d) c.li    a6, -1
core   0: 3 0x80005abe (0x587d) x16 0xffffffff
core   0: 0x80005ac0 (0x00000b1a) c.slli  s6, 6
core   0: 3 0x80005ac0 (0x0b1a) x22 0xb4bfc980
core   0: 0x80005ac2 (0x005199b3) sll     s3, gp, t0
core   0: 3 0x80005ac2 (0x005199b3) x19 0xfffffe00
core   0: 0x80005ac6 (0x34006973) csrrsi  s2, mscratch, 0
core   0: 3 0x80005ac6 (0x34006973) x18 0x80035ebf
core   0: 0x80005aca (0x03c5ef63) bltu    a1, t3, pc + 62
core   0: 3 0x80005aca (0x03c5ef63)
core   0: 0x80005ace (0x035c6233) rem     tp, s8, s5
core   0: 3 0x80005ace (0x035c6233) x4  0x80025ea4
core   0: 0x80005ad2 (0x340b7cf3) csrrci  s9, mscratch, 22
core   0: 3 0x80005ad2 (0x340b7cf3) x25 0x80035ebf c832_mscratch 0x80035ea9
core   0: 0x80005ad6 (0x029a5e63) bge     s4, s1, pc + 60
core   0: 3 0x80005ad6 (0x029a5e63)
core   0: 0x80005ada (0x18eac917) auipc   s2, 0x18eac
core   0: 3 0x80005ada (0x18eac917) x18 0x98eb1ada
core   0: 0x80005ade (0x0000100f) fence.i
core   0: 3 0x80005ade (0x0000100f)
core   0: 0x80005ae2 (0x011e0ab3) add     s5, t3, a7
core   0: 3 0x80005ae2 (0x011e0ab3) x21 0x00001e40
core   0: 0x80005ae6 (0x03841633) mulh    a2, s0, s8
core   0: 3 0x80005ae6 (0x03841633) x12 0x07ac63c0
core   0: 0x80005aea (0x03d95033) divu    zero, s2, t4
core   0: 3 0x80005aea (0x03d95033)
core   0: 0x80005aee (0x1b5a3393) sltiu   t2, s4, 437
core   0: 3 0x80005aee (0x1b5a3393) x7  0x00000000
core   0: 0x80005af2 (0x00008a9e) c.mv    s5, t2
core   0: 3 0x80005af2 (0x8a9e) x21 0x00000000
core   0: 0x80005af4 (0x34002f73) csrr    t5, mscratch
core   0: 3 0x80005af4 (0x34002f73) x30 0x80035ea9
core   0: 0x80005af8 (0xf1646e13) ori     t3, s0, -234
core   0: 3 0x80005af8 (0xf1646e13) x28 0xffffffd7
core   0: 0x80005afc (0x000087ce) c.mv    a5, s3
core   0: 3 0x80005afc (0x87ce) x15 0xfffffe00
core   0: 0x80005afe (0x02c73db3) mulhu   s11, a4, a2
core   0: 3 0x80005afe (0x02c73db3) x27 0x0000001a
core   0: 0x80005b02 (0x00000001) c.nop
core   0: 3 0x80005b02 (0x0001)
core   0: 0x80005b04 (0x0090d563) bge     ra, s1, pc + 10
core   0: 3 0x80005b04 (0x0090d563)
core   0: 0x80005b08 (0x00005afd) c.li    s5, -1
core   0: 3 0x80005b08 (0x5afd) x21 0xffffffff
core   0: 0x80005b0a (0x0ff0000f) fence   iorw,iorw
core   0: 3 0x80005b0a (0x0ff0000f)
core   0: 0x80005b0e (0x4c218113) addi    sp, gp, 1218
core   0: 3 0x80005b0e (0x4c218113) x2  0x000004c1
core   0: 0x80005b12 (0x00c81833) sll     a6, a6, a2
core   0: 3 0x80005b12 (0x00c81833) x16 0xffffffff
core   0: 0x80005b16 (0x000093d6) c.add   t2, s5
core   0: 3 0x80005b16 (0x93d6) x7  0xffffffff
core   0: 0x80005b18 (0x340951f3) csrrwi  gp, mscratch, 18
core   0: 3 0x80005b18 (0x340951f3) x3  0x80035ea9 c832_mscratch 0x00000012
core   0: 0x80005b1c (0x00000f9c) c.addi4spn a5, sp, 976
core   0: 3 0x80005b1c (0x0f9c) x15 0x00000891
core   0: 0x80005b1e (0x02ab1133) mulh    sp, s6, a0
core   0: 3 0x80005b1e (0x02ab1133) x2  0xffffff75
core   0: 0x80005b22 (0x05f97563) bgeu    s2, t6, pc + 74
core   0: 3 0x80005b22 (0x05f97563)
core   0: 0x80005b6c (0x34086573) csrrsi  a0, mscratch, 16
core   0: 3 0x80005b6c (0x34086573) x10 0x00000012 c832_mscratch 0x00000012
core   0: 0x80005b70 (0x019bf533) and     a0, s7, s9
core   0: 3 0x80005b70 (0x019bf533) x10 0x80000000
core   0: 0x80005b74 (0x00000001) c.nop
core   0: 3 0x80005b74 (0x0001)
core   0: 0x80005b76 (0x34003d73) csrrc   s10, mscratch, zero
core   0: 3 0x80005b76 (0x34003d73) x26 0x00000012
core   0: 0x80005b7a (0x00f40e33) add     t3, s0, a5
core   0: 3 0x80005b7a (0x00f40e33) x28 0xf0a6f852
core   0: 0x80005b7e (0x02ee4633) div     a2, t3, a4
core   0: 3 0x80005b7e (0x02ee4633) x12 0xfffb7fd9
core   0: 0x80005b82 (0x0000082a) c.slli  a6, 10
core   0: 3 0x80005b82 (0x082a) x16 0xfffffc00
core   0: 0x80005b84 (0x340f12f3) csrrw   t0, mscratch, t5
core   0: 3 0x80005b84 (0x340f12f3) x5  0x00000012 c832_mscratch 0x80035ea9
core   0: 0x80005b88 (0x00008f69) c.and   a4, a0
core   0: 3 0x80005b88 (0x8f69) x14 0x00000000
core   0: 0x80005b8a (0x00008fdd) c.or    a5, a5
core   0: 3 0x80005b8a (0x8fdd) x15 0x00000891
core   0: 0x80005b8c (0x0000100f) fence.i
core   0: 3 0x80005b8c (0x0000100f)
core   0: 0x80005b90 (0x004570b3) and     ra, a0, tp
core   0: 3 0x80005b90 (0x004570b3) x1  0x80000000
core   0: 0x80005b94 (0x000057fd) c.li    a5, -1
core   0: 3 0x80005b94 (0x57fd) x15 0xffffffff
core   0: 0x80005b96 (0xe0bff993) andi    s3, t6, -501
core   0: 3 0x80005b96 (0xe0bff993) x19 0x26305000
core   0: 0x80005b9a (0x905e8c93) addi    s9, t4, -1787
core   0: 3 0x80005b9a (0x905e8c93) x25 0x80029629
core   0: 0x80005b9e (0x019c2fb3) slt     t6, s8, s9
core   0: 3 0x80005b9e (0x019c2fb3) x31 0x00000001
core   0: 0x80005ba2 (0x28a5b493) sltiu   s1, a1, 650
core   0: 3 0x80005ba2 (0x28a5b493) x9  0x00000000
core   0: 0x80005ba6 (0x00008da5) c.xor   a1, s1
core   0: 3 0x80005ba6 (0x8da5) x11 0xce4b9fff
core   0: 0x80005ba8 (0x01d6e4b3) or      s1, a3, t4
core   0: 3 0x80005ba8 (0x01d6e4b3) x9  0xf0a6ff75
core   0: 0x80005bac (0x6e979c97) auipc   s9, 0x6e979
core   0: 3 0x80005bac (0x6e979c97) x25 0xee97ebac
core   0: 0x80005bb0 (0x000084ad) c.srai  s1, 11
core   0: 3 0x80005bb0 (0x84ad) x9  0xfffe14df
core   0: 0x80005bb2 (0x02e334b3) mulhu   s1, t1, a4
core   0: 3 0x80005bb2 (0x02e334b3) x9  0x00000000
core   0: 0x80005bb6 (0x03ccdf33) divu    t5, s9, t3
core   0: 3 0x80005bb6 (0x03ccdf33) x30 0x00000000
core   0: 0x80005bba (0x41a55d33) sra     s10, a0, s10
core   0: 3 0x80005bba (0x41a55d33) x26 0xffffe000
core   0: 0x80005bbe (0x017fdd13) srli    s10, t6, 23
core   0: 3 0x80005bbe (0x017fdd13) x26 0x00000000
core   0: 0x80005bc2 (0x031f70b3) remu    ra, t5, a7
core   0: 3 0x80005bc2 (0x031f70b3) x1  0x00000000
core   0: 0x80005bc6 (0x003f1493) slli    s1, t5, 3
core   0: 3 0x80005bc6 (0x003f1493) x9  0x00000000
core   0: 0x80005bca (0x0004fbb3) and     s7, s1, zero
core   0: 3 0x80005bca (0x0004fbb3) x23 0x00000000
core   0: 0x80005bce (0x34003173) csrrc   sp, mscratch, zero
core   0: 3 0x80005bce (0x34003173) x2  0x80035ea9
core   0: 0x80005bd2 (0x00000001) c.nop
core   0: 3 0x80005bd2 (0x0001)
core   0: 0x80005bd4 (0x03535cb3) divu    s9, t1, s5
core   0: 3 0x80005bd4 (0x03535cb3) x25 0x00000000
core   0: 0x80005bd8 (0x05a4e063) bltu    s1, s10, pc + 64
core   0: 3 0x80005bd8 (0x05a4e063)
core   0: 0x80005bdc (0x037c69b3) rem     s3, s8, s7
core   0: 3 0x80005bdc (0x037c69b3) x19 0x80025ea4
core   0: 0x80005be0 (0x340028f3) csrr    a7, mscratch
core   0: 3 0x80005be0 (0x340028f3) x17 0x80035ea9
core   0: 0x80005be4 (0x00540d33) add     s10, s0, t0
core   0: 3 0x80005be4 (0x00540d33) x26 0xf0a6efd3
core   0: 0x80005be8 (0x00000001) c.nop
core   0: 3 0x80005be8 (0x0001)
core   0: 0x80005bea (0x03d11f33) mulh    t5, sp, t4
core   0: 3 0x80005bea (0x03d11f33) x30 0x3ffd0222
core   0: 0x80005bee (0x000aa733) slt     a4, s5, zero
core   0: 3 0x80005bee (0x000aa733) x14 0x00000001
core   0: 0x80005bf2 (0x000002ad) c.addi  t0, 11
core   0: 3 0x80005bf2 (0x02ad) x5  0x0000001d
core   0: 0x80005bf4 (0x01601d93) slli    s11, zero, 22
core   0: 3 0x80005bf4 (0x01601d93) x27 0x00000000
core   0: 0x80005bf8 (0x03e2dfb3) divu    t6, t0, t5
core   0: 3 0x80005bf8 (0x03e2dfb3) x31 0x00000000
core   0: 0x80005bfc (0x04fb1163) bne     s6, a5, pc + 66
core   0: 3 0x80005bfc (0x04fb1163)
core   0: 0x80005c3e (0x01a3b733) sltu    a4, t2, s10
core   0: 3 0x80005c3e (0x01a3b733) x14 0x00000000
core   0: 0x80005c42 (0x41ae5293) srai    t0, t3, 26
core   0: 3 0x80005c42 (0x41ae5293) x5  0xfffffffc
core   0: 0x80005c46 (0x15f33213) sltiu   tp, t1, 351
core   0: 3 0x80005c46 (0x15f33213) x4  0x00000001
core   0: 0x80005c4a (0x0000100f) fence.i
core   0: 3 0x80005c4a (0x0000100f)
core   0: 0x80005c4e (0x1fd33493) sltiu   s1, t1, 509
core   0: 3 0x80005c4e (0x1fd33493) x9  0x00000001
core   0: 0x80005c52 (0x00000c8d) c.addi  s9, 3
core   0: 3 0x80005c52 (0x0c8d) x25 0x00000003
core   0: 0x80005c54 (0x004fb733) sltu    a4, t6, tp
core   0: 3 0x80005c54 (0x004fb733) x14 0x00000001
core   0: 0x80005c58 (0xabf47393) andi    t2, s0, -1345
core   0: 3 0x80005c58 (0xabf47393) x7  0xf0a6ea81
core   0: 0x80005c5c (0x036a5633) divu    a2, s4, s6
core   0: 3 0x80005c5c (0x036a5633) x12 0x00000000
core   0: 0x80005c60 (0x01771963) bne     a4, s7, pc + 18
core   0: 3 0x80005c60 (0x01771963)
core   0: 0x80005c72 (0x0000093e) c.slli  s2, 15
core   0: 3 0x80005c72 (0x093e) x18 0x8d6d0000
core   0: 0x80005c74 (0x02477963) bgeu    a4, tp, pc + 50
core   0: 3 0x80005c74 (0x02477963)
core   0: 0x80005ca6 (0x340fecf3) csrrsi  s9, mscratch, 31
core   0: 3 0x80005ca6 (0x340fecf3) x25 0x80035ea9 c832_mscratch 0x80035ebf
core   0: 0x80005caa (0x02d521b3) mulhsu  gp, a0, a3
core   0: 3 0x80005caa (0x02d521b3) x3  0x87ac86c7
core   0: 0x80005cae (0x00009cfe) c.add   s9, t6
core   0: 3 0x80005cae (0x9cfe) x25 0x80035ea9
core   0: 0x80005cb0 (0x416e88b3) sub     a7, t4, s6
core   0: 3 0x80005cb0 (0x416e88b3) x17 0xcb42d3a4
core   0: 0x80005cb4 (0x00008d81) c.sub   a1, s0
core   0: 3 0x80005cb4 (0x8d81) x11 0xdda4b03e
core   0: 0x80005cb6 (0x34003bf3) csrrc   s7, mscratch, zero
core   0: 3 0x80005cb6 (0x34003bf3) x23 0x80035ebf
core   0: 0x80005cba (0x01491fb3) sll     t6, s2, s4
core   0: 3 0x80005cba (0x01491fb3) x31 0x5b400000
core   0: 0x80005cbe (0x872db3b7) lui     t2, 0x872db
core   0: 3 0x80005cbe (0x872db3b7) x7  0x872db000
core   0: 0x80005cc2 (0x0ff0000f) fence   iorw,iorw
core   0: 3 0x80005cc2 (0x0ff0000f)
core   0: 0x80005cc6 (0x0350be33) mulhu   t3, ra, s5
core   0: 3 0x80005cc6 (0x0350be33) x28 0x00000000
core   0: 0x80005cca (0x412380b3) sub     ra, t2, s2
core   0: 3 0x80005cca (0x412380b3) x1  0xf9c0b000
core   0: 0x80005cce (0x34061973) csrrw   s2, mscratch, a2
core   0: 3 0x80005cce (0x34061973) x18 0x80035ebf c832_mscratch 0x00000000
core   0: 0x80005cd2 (0x00e50263) beq     a0, a4, pc + 4
core   0: 3 0x80005cd2 (0x00e50263)
core   0: 0x80005cd6 (0x0ff0000f) fence   iorw,iorw
core   0: 3 0x80005cd6 (0x0ff0000f)
core   0: 0x80005cda (0x406e5393) srai    t2, t3, 6
core   0: 3 0x80005cda (0x406e5393) x7  0x00000000
core   0: 0x80005cde (0x34006373) csrrsi  t1, mscratch, 0
core   0: 3 0x80005cde (0x34006373) x6  0x00000000
core   0: 0x80005ce2 (0x0000e50d) c.bnez  a0, pc + 42
core   0: 3 0x80005ce2 (0xe50d)
core   0: 0x80005d0c (0x01039d33) sll     s10, t2, a6
core   0: 3 0x80005d0c (0x01039d33) x26 0x00000000
core   0: 0x80005d10 (0x00006795) c.lui   a5, 0x5
core   0: 3 0x80005d10 (0x6795) x15 0x00005000
core   0: 0x80005d12 (0x03af6533) rem     a0, t5, s10
core   0: 3 0x80005d12 (0x03af6533) x10 0x3ffd0222
core   0: 0x80005d16 (0x01407463) bgeu    zero, s4, pc + 8
core   0: 3 0x80005d16 (0x01407463)
core   0: 0x80005d1a (0xa8b60013) addi    zero, a2, -1397
core   0: 3 0x80005d1a (0xa8b60013)
core   0: 0x80005d1e (0x000051fd) c.li    gp, -1
core   0: 3 0x80005d1e (0x51fd) x3  0xffffffff
core   0: 0x80005d20 (0x02d40633) mul     a2, s0, a3
core   0: 3 0x80005d20 (0x02d40633) x12 0x6f7a4631
core   0: 0x80005d24 (0x02dc25b3) mulhsu  a1, s8, a3
core   0: 3 0x80005d24 (0x02dc25b3) x11 0x87aec10c
core   0: 0x80005d28 (0x40795e13) srai    t3, s2, 7
core   0: 3 0x80005d28 (0x40795e13) x28 0xff0006bd
core   0: 0x80005d2c (0x00008521) c.srai  a0, 8
core   0: 3 0x80005d2c (0x8521) x10 0x003ffd02
core   0: 0x80005d2e (0x7ecce213) ori     tp, s9, 2028
core   0: 3 0x80005d2e (0x7ecce213) x4  0x80035fed
core   0: 0x80005d32 (0x6f953d13) sltiu   s10, a0, 1785
core   0: 3 0x80005d32 (0x6f953d13) x26 0x00000000
core   0: 0x80005d36 (0x340fa1f3) csrrs   gp, mscratch, t6
core   0: 3 0x80005d36 (0x340fa1f3) x3  0x00000000 c832_mscratch 0x5b400000
core   0: 0x80005d3a (0x00dc6133) or      sp, s8, a3
core   0: 3 0x80005d3a (0x00dc6133) x2  0xf0a6fef5
core   0: 0x80005d3e (0x00595693) srli    a3, s2, 5
core   0: 3 0x80005d3e (0x00595693) x13 0x04001af5
core   0: 0x80005d42 (0x340f5573) csrrwi  a0, mscratch, 30
core   0: 3 0x80005d42 (0x340f5573) x10 0x5b400000 c832_mscratch 0x0000001e
core   0: 0x80005d46 (0x00ad7563) bgeu    s10, a0, pc + 10
core   0: 3 0x80005d46 (0x00ad7563)
core   0: 0x80005d4a (0x34006873) csrrsi  a6, mscratch, 0
core   0: 3 0x80005d4a (0x34006873) x16 0x0000001e
core   0: 0x80005d4e (0x0000088c) c.addi4spn a1, sp, 80
core   0: 3 0x80005d4e (0x088c) x11 0xf0a6ff45
core   0: 0x80005d50 (0x00365513) srli    a0, a2, 3
core   0: 3 0x80005d50 (0x00365513) x10 0x0def48c6
core   0: 0x80005d54 (0x0000c701) c.beqz  a4, pc + 8
core   0: 3 0x80005d54 (0xc701)
core   0: 0x80005d56 (0x03b94363) blt     s2, s11, pc + 38
core   0: 3 0x80005d56 (0x03b94363)
core   0: 0x80005d7c (0x418c80b3) sub     ra, s9, s8
core   0: 3 0x80005d7c (0x418c80b3) x1  0x00010005
core   0: 0x80005d80 (0x83167993) andi    s3, a2, -1999
core   0: 3 0x80005d80 (0x83167993) x19 0x6f7a4031
core   0: 0x80005d84 (0x340ad673) csrrwi  a2, mscratch, 21
core   0: 3 0x80005d84 (0x340ad673) x12 0x0000001e c832_mscratch 0x00000015
core   0: 0x80005d88 (0x0301a133) mulhsu  sp, gp, a6
core   0: 3 0x80005d88 (0x0301a133) x2  0x00000000
core   0: 0x80005d8c (0x406a5293) srai    t0, s4, 6
core   0: 3 0x80005d8c (0x406a5293) x5  0xfe4b4bfc
core   0: 0x80005d90 (0x9b7d7113) andi    sp, s10, -1609
core   0: 3 0x80005d90 (0x9b7d7113) x2  0x00000000
core   0: 0x80005d94 (0x000000a6) c.slli  ra, 9
core   0: 3 0x80005d94 (0x00a6) x1  0x02000a00
core   0: 0x80005d96 (0x0304f3b3) remu    t2, s1, a6
core   0: 3 0x80005d96 (0x0304f3b3) x7  0x00000001
core   0: 0x80005d9a (0x000093d6) c.add   t2, s5
core   0: 3 0x80005d9a (0x93d6) x7  0x00000000
core   0: 0x80005d9c (0x0349d863) bge     s3, s4, pc + 48
core   0: 3 0x80005d9c (0x0349d863)
core   0: 0x80005dcc (0x3405b773) csrrc   a4, mscratch, a1
core   0: 3 0x80005dcc (0x3405b773) x14 0x00000015 c832_mscratch 0x00000010
core   0: 0x80005dd0 (0x00008656) c.mv    a2, s5
core   0: 3 0x80005dd0 (0x8656) x12 0xffffffff
core   0: 0x80005dd2 (0x03831363) bne     t1, s8, pc + 38
core   0: 3 0x80005dd2 (0x03831363)
core   0: 0x80005df8 (0x01d19313) slli    t1, gp, 29
core   0: 3 0x80005df8 (0x01d19313) x6  0x00000000
core   0: 0x80005dfc (0x00f21563) bne     tp, a5, pc + 10
core   0: 3 0x80005dfc (0x00f21563)
core   0: 0x80005e06 (0x03ab9f63) bne     s7, s10, pc + 62
core   0: 3 0x80005e06 (0x03ab9f63)
core   0: 0x80005e44 (0x7aa48513) addi    a0, s1, 1962
core   0: 3 0x80005e44 (0x7aa48513) x10 0x000007ab
core   0: 0x80005e48 (0x02a86db3) rem     s11, a6, a0
core   0: 3 0x80005e48 (0x02a86db3) x27 0x0000001e
core   0: 0x80005e4c (0x00008709) c.srai  a4, 2
core   0: 3 0x80005e4c (0x8709) x14 0x00000005
core   0: 0x80005e4e (0x01029b33) sll     s6, t0, a6
core   0: 3 0x80005e4e (0x01029b33) x22 0x00000000
core   0: 0x80005e52 (0x9a778d13) addi    s10, a5, -1625
core   0: 3 0x80005e52 (0x9a778d13) x26 0x000049a7
core   0: 0x80005e56 (0x002568b3) or      a7, a0, sp
core   0: 3 0x80005e56 (0x002568b3) x17 0x000007ab
core   0: 0x80005e5a (0x40f9d693) srai    a3, s3, 15
core   0: 3 0x80005e5a (0x40f9d693) x13 0x0000def4
core   0: 0x80005e5e (0x9a597d13) andi    s10, s2, -1627
core   0: 3 0x80005e5e (0x9a597d13) x26 0x800358a5
core   0: 0x80005e62 (0x00c22d33) slt     s10, tp, a2
core   0: 3 0x80005e62 (0x00c22d33) x26 0x00000001
core   0: 0x80005e66 (0x00008491) c.srai  s1, 4
core   0: 3 0x80005e66 (0x8491) x9  0x00000000
core   0: 0x80005e68 (0x0248edb3) rem     s11, a7, tp
core   0: 3 0x80005e68 (0x0248edb3) x27 0x000007ab
core   0: 0x80005e6c (0x019f28b3) slt     a7, t5, s9
core   0: 3 0x80005e6c (0x019f28b3) x17 0x00000000
core   0: 0x80005e70 (0x0ab3e793) ori     a5, t2, 171
core   0: 3 0x80005e70 (0x0ab3e793) x15 0x000000ab
core   0: 0x80005e74 (0x02f3cf63) blt     t2, a5, pc + 62
core   0: 3 0x80005e74 (0x02f3cf63)
core   0: 0x80005eb2 (0x40620bb3) sub     s7, tp, t1
core   0: 3 0x80005eb2 (0x40620bb3) x23 0x80035fed
core   0: 0x80005eb6 (0x000084d5) c.srai  s1, 21
core   0: 3 0x80005eb6 (0x84d5) x9  0x00000000
core   0: 0x80005eb8 (0x0151c663) blt     gp, s5, pc + 12
core   0: 3 0x80005eb8 (0x0151c663)
core   0: 0x80005ebc (0x04614363) blt     sp, t1, pc + 70
core   0: 3 0x80005ebc (0x04614363)
core   0: 0x80005ec0 (0x02c53bb3) mulhu   s7, a0, a2
core   0: 3 0x80005ec0 (0x02c53bb3) x23 0x000007aa
core   0: 0x80005ec4 (0x04604213) xori    tp, zero, 70
core   0: 3 0x80005ec4 (0x04604213) x4  0x00000046
core   0: 0x80005ec8 (0x02b564b3) rem     s1, a0, a1
core   0: 3 0x80005ec8 (0x02b564b3) x9  0x000007ab
core   0: 0x80005ecc (0x00008e41) c.or    a2, s0
core   0: 3 0x80005ecc (0x8e41) x12 0xffffffff
core   0: 0x80005ece (0x40848533) sub     a0, s1, s0
core   0: 3 0x80005ece (0x40848533) x10 0x0f5917ea
core   0: 0x80005ed2 (0x0146f263) bgeu    a3, s4, pc + 4
core   0: 3 0x80005ed2 (0x0146f263)
core   0: 0x80005ed6 (0x036cd333) divu    t1, s9, s6
core   0: 3 0x80005ed6 (0x036cd333) x6  0xffffffff
core   0: 0x80005eda (0x0ff0000f) fence   iorw,iorw
core   0: 3 0x80005eda (0x0ff0000f)
core   0: 0x80005ede (0x01a36ab3) or      s5, t1, s10
core   0: 3 0x80005ede (0x01a36ab3) x21 0xffffffff
core   0: 0x80005ee2 (0x00880a33) add     s4, a6, s0
core   0: 3 0x80005ee2 (0x00880a33) x20 0xf0a6efdf
core   0: 0x80005ee6 (0x000094aa) c.add   s1, a0
core   0: 3 0x80005ee6 (0x94aa) x9  0x0f591f95
core   0: 0x80005ee8 (0x00179213) slli    tp, a5, 1
core   0: 3 0x80005ee8 (0x00179213) x4  0x00000156
core   0: 0x80005eec (0x01fc3533) sltu    a0, s8, t6
core   0: 3 0x80005eec (0x01fc3533) x10 0x00000000
core   0: 0x80005ef0 (0x0000ca09) c.beqz  a2, pc + 18
core   0: 3 0x80005ef0 (0xca09)
core   0: 0x80005ef2 (0x000091de) c.add   gp, s7
core   0: 3 0x80005ef2 (0x91de) x3  0x000007aa
core   0: 0x80005ef4 (0xa4682d13) slti    s10, a6, -1466
core   0: 3 0x80005ef4 (0xa4682d13) x26 0x00000000
core   0: 0x80005ef8 (0x000098be) c.add   a7, a5
core   0: 3 0x80005ef8 (0x98be) x17 0x000000ab
core   0: 0x80005efa (0x01436533) or      a0, t1, s4
core   0: 3 0x80005efa (0x01436533) x10 0xffffffff
core   0: 0x80005efe (0x00eb9463) bne     s7, a4, pc + 8
core   0: 3 0x80005efe (0x00eb9463)
core   0: 0x80005f06 (0x0211eb63) bltu    gp, ra, pc + 54
core   0: 3 0x80005f06 (0x0211eb63)
core   0: 0x80005f3c (0x0005c963) bltz    a1, pc + 18
core   0: 3 0x80005f3c (0x0005c963)
core   0: 0x80005f4e (0x03bf1233) mulh    tp, t5, s11
core   0: 3 0x80005f4e (0x03bf1233) x4  0x000001ea
core   0: 0x80005f52 (0x00008f29) c.xor   a4, a0
core   0: 3 0x80005f52 (0x8f29) x14 0xfffffffa
core   0: 0x80005f54 (0x03f13f33) mulhu   t5, sp, t6
core   0: 3 0x80005f54 (0x03f13f33) x30 0x00000000
core   0: 0x80005f58 (0x03f025b3) mulhsu  a1, zero, t6
core   0: 3 0x80005f58 (0x03f025b3) x11 0x00000000
core   0: 0x80005f5c (0x41040db3) sub     s11, s0, a6
core   0: 3 0x80005f5c (0x41040db3) x27 0xf0a6efa3
core   0: 0x80005f60 (0x340d7df3) csrrci  s11, mscratch, 26
core   0: 3 0x80005f60 (0x340d7df3) x27 0x00000010 c832_mscratch 0x00000000
core   0: 0x80005f64 (0x695c4993) xori    s3, s8, 1685
core   0: 3 0x80005f64 (0x695c4993) x19 0x80025831
core   0: 0x80005f68 (0x01839113) slli    sp, t2, 24
core   0: 3 0x80005f68 (0x01839113) x2  0x00000000
core   0: 0x80005f6c (0xa3f40e13) addi    t3, s0, -1473
core   0: 3 0x80005f6c (0xa3f40e13) x28 0xf0a6ea00
core   0: 0x80005f70 (0x00008d05) c.sub   a0, s1
core   0: 3 0x80005f70 (0x8d05) x10 0xf0a6e06a
core   0: 0x80005f72 (0x4155d813) srai    a6, a1, 21
core   0: 3 0x80005f72 (0x4155d813) x16 0x00000000
core   0: 0x80005f76 (0x340f5cf3) csrrwi  s9, mscratch, 30
core   0: 3 0x80005f76 (0x340f5cf3) x25 0x00000000 c832_mscratch 0x0000001e
core   0: 0x80005f7a (0x01de77b3) and     a5, t3, t4
core   0: 3 0x80005f7a (0x01de77b3) x15 0x80028800
core   0: 0x80005f7e (0x02791033) mulh    zero, s2, t2
core   0: 3 0x80005f7e (0x02791033)
core   0: 0x80005f82 (0x0000e481) c.bnez  s1, pc + 8
core   0: 3 0x80005f82 (0xe481)
core   0: 0x80005f8a (0x34006273) csrrsi  tp, mscratch, 0
core   0: 3 0x80005f8a (0x34006273) x4  0x0000001e
core   0: 0x80005f8e (0x01910d33) add     s10, sp, s9
core   0: 3 0x80005f8e (0x01910d33) x26 0x00000000
core   0: 0x80005f92 (0x001b4bb3) xor     s7, s6, ra
core   0: 3 0x80005f92 (0x001b4bb3) x23 0x02000a00
core   0: 0x80005f96 (0x02142e33) mulhsu  t3, s0, ra
core   0: 3 0x80005f96 (0x02142e33) x28 0xffe14d46
core   0: 0x80005f9a (0x00919593) slli    a1, gp, 9
core   0: 3 0x80005f9a (0x00919593) x11 0x000f5400
core   0: 0x80005f9e (0x0000e309) c.bnez  a4, pc + 2
core   0: 3 0x80005f9e (0xe309)
core   0: 0x80005fa0 (0x41f157b3) sra     a5, sp, t6
core   0: 3 0x80005fa0 (0x41f157b3) x15 0x00000000
core   0: 0x80005fa4 (0x00349a13) slli    s4, s1, 3
core   0: 3 0x80005fa4 (0x00349a13) x20 0x7ac8fca8
core   0: 0x80005fa8 (0x0000079e) c.slli  a5, 7
core   0: 3 0x80005fa8 (0x079e) x15 0x00000000
core   0: 0x80005faa (0x0042ddb3) srl     s11, t0, tp
core   0: 3 0x80005faa (0x0042ddb3) x27 0x00000003
core   0: 0x80005fae (0x00006635) c.lui   a2, 0xd
core   0: 3 0x80005fae (0x6635) x12 0x0000d000
core   0: 0x80005fb0 (0xdc558313) addi    t1, a1, -571
core   0: 3 0x80005fb0 (0xdc558313) x6  0x000f51c5
core   0: 0x80005fb4 (0x47236317) auipc   t1, 0x47236
core   0: 3 0x80005fb4 (0x47236317) x6  0xc723bfb4
core   0: 0x80005fb8 (0xeecf6b13) ori     s6, t5, -276
core   0: 3 0x80005fb8 (0xeecf6b13) x22 0xfffffeec
core   0: 0x80005fbc (0x03bd0163) beq     s10, s11, pc + 34
core   0: 3 0x80005fbc (0x03bd0163)
core   0: 0x80005fc0 (0x01489a13) slli    s4, a7, 20
core   0: 3 0x80005fc0 (0x01489a13) x20 0x0ab00000
core   0: 0x80005fc4 (0x000084c6) c.mv    s1, a7
core   0: 3 0x80005fc4 (0x84c6) x9  0x000000ab
core   0: 0x80005fc6 (0x00008d5d) c.or    a0, a5
core   0: 3 0x80005fc6 (0x8d5d) x10 0xf0a6e06a
core   0: 0x80005fc8 (0x01a416b3) sll     a3, s0, s10
core   0: 3 0x80005fc8 (0x01a416b3) x13 0xf0a6efc1
core   0: 0x80005fcc (0x13cd2013) slti    zero, s10, 316
core   0: 3 0x80005fcc (0x13cd2013)
core   0: 0x80005fd0 (0x015ac463) blt     s5, s5, pc + 8
core   0: 3 0x80005fd0 (0x015ac463)
core   0: 0x80005fd4 (0x00a66e63) bltu    a2, a0, pc + 28
core   0: 3 0x80005fd4 (0x00a66e63)
core   0: 0x80005ff0 (0x3404d4f3) csrrwi  s1, mscratch, 9
core   0: 3 0x80005ff0 (0x3404d4f3) x9  0x0000001e c832_mscratch 0x00000009
core   0: 0x80005ff4 (0x000086ba) c.mv    a3, a4
core   0: 3 0x80005ff4 (0x86ba) x13 0xfffffffa
core   0: 0x80005ff6 (0x00000001) c.nop
core   0: 3 0x80005ff6 (0x0001)
core   0: 0x80005ff8 (0x000089fd) c.andi  a1, 31
core   0: 3 0x80005ff8 (0x89fd) x11 0x00000000
core   0: 0x80005ffa (0x0373fb63) bgeu    t2, s7, pc + 54
core   0: 3 0x80005ffa (0x0373fb63)
core   0: 0x80005ffe (0x40805fb3) sra     t6, zero, s0
core   0: 3 0x80005ffe (0x40805fb3) x31 0x00000000
core   0: 0x80006002 (0x0343c663) blt     t2, s4, pc + 44
core   0: 3 0x80006002 (0x0343c663)
core   0: 0x8000602e (0x00008f2d) c.xor   a4, a1
core   0: 3 0x8000602e (0x8f2d) x14 0xfffffffa
core   0: 0x80006030 (0x00008965) c.andi  a0, 25
core   0: 3 0x80006030 (0x8965) x10 0x00000008
core   0: 0x80006032 (0x01c20fb3) add     t6, tp, t3
core   0: 3 0x80006032 (0x01c20fb3) x31 0xffe14d64
core   0: 0x80006036 (0x00000001) c.nop
core   0: 3 0x80006036 (0x0001)
core   0: 0x80006038 (0x3d93fc93) andi    s9, t2, 985
core   0: 3 0x80006038 (0x3d93fc93) x25 0x00000000
core   0: 0x8000603c (0x0788fa13) andi    s4, a7, 120
core   0: 3 0x8000603c (0x0788fa13) x20 0x00000028
core   0: 0x80006040 (0x00488a63) beq     a7, tp, pc + 20
core   0: 3 0x80006040 (0x00488a63)
core   0: 0x80006044 (0x7fe36b13) ori     s6, t1, 2046
core   0: 3 0x80006044 (0x7fe36b13) x22 0xc723bffe
core   0: 0x80006048 (0x011c0cb3) add     s9, s8, a7
core   0: 3 0x80006048 (0x011c0cb3) x25 0x80025f4f
core   0: 0x8000604c (0x48ac3a93) sltiu   s5, s8, 1162
core   0: 3 0x8000604c (0x48ac3a93) x21 0x00000000
core   0: 0x80006050 (0x00008fed) c.and   a5, a1
core   0: 3 0x80006050 (0x8fed) x15 0x00000000
core   0: 0x80006052 (0x0000629d) c.lui   t0, 0x7
core   0: 3 0x80006052 (0x629d) x5  0x00007000
core   0: 0x80006054 (0xb937f113) andi    sp, a5, -1133
core   0: 3 0x80006054 (0xb937f113) x2  0x00000000
core   0: 0x80006058 (0x0154a333) slt     t1, s1, s5
core   0: 3 0x80006058 (0x0154a333) x6  0x00000000
core   0: 0x8000605c (0x03207b33) remu    s6, zero, s2
core   0: 3 0x8000605c (0x03207b33) x22 0x00000000
core   0: 0x80006060 (0x03039963) bne     t2, a6, pc + 50
core   0: 3 0x80006060 (0x03039963)
core   0: 0x80006064 (0xcc8c3493) sltiu   s1, s8, -824
core   0: 3 0x80006064 (0xcc8c3493) x9  0x00000001
core   0: 0x80006068 (0x0248afb3) mulhsu  t6, a7, tp
core   0: 3 0x80006068 (0x0248afb3) x31 0x00000000
core   0: 0x8000606c (0x00008862) c.mv    a6, s8
core   0: 3 0x8000606c (0x8862) x16 0x80025ea4
core   0: 0x8000606e (0x00009266) c.add   tp, s9
core   0: 3 0x8000606e (0x9266) x4  0x80025f6d
core   0: 0x80006070 (0x34007e73) csrrci  t3, mscratch, 0
core   0: 3 0x80006070 (0x34007e73) x28 0x00000009
core   0: 0x80006074 (0x016d3e33) sltu    t3, s10, s6
core   0: 3 0x80006074 (0x016d3e33) x28 0x00000000
core   0: 0x80006078 (0xea51a513) slti    a0, gp, -347
core   0: 3 0x80006078 (0xea51a513) x10 0x00000000
core   0: 0x8000607c (0x029f20b3) mulhsu  ra, t5, s1
core   0: 3 0x8000607c (0x029f20b3) x1  0x00000000
core   0: 0x80006080 (0x2747ce37) lui     t3, 0x2747c
core   0: 3 0x80006080 (0x2747ce37) x28 0x2747c000
core   0: 0x80006084 (0x00000001) c.nop
core   0: 3 0x80006084 (0x0001)
core   0: 0x80006086 (0x006bdd93) srli    s11, s7, 6
core   0: 3 0x80006086 (0x006bdd93) x27 0x00080028
core   0: 0x8000608a (0x00ddd7b3) srl     a5, s11, a3
core   0: 3 0x8000608a (0x00ddd7b3) x15 0x00000000
core   0: 0x8000608e (0x021e2f33) mulhsu  t5, t3, ra
core   0: 3 0x8000608e (0x021e2f33) x30 0x00000000
core   0: 0x80006092 (0x001cd663) bge     s9, ra, pc + 12
core   0: 3 0x80006092 (0x001cd663)
core   0: 0x80006096 (0x000041d9) c.li    gp, 22
core   0: 3 0x80006096 (0x41d9) x3  0x00000016
core   0: 0x80006098 (0x00008f6d) c.and   a4, a1
core   0: 3 0x80006098 (0x8f6d) x14 0x00000000
core   0: 0x8000609a (0x01429b93) slli    s7, t0, 20
core   0: 3 0x8000609a (0x01429b93) x23 0x00000000
core   0: 0x8000609e (0x000082a9) c.srli  a3, 10
core   0: 3 0x8000609e (0x82a9) x13 0x003fffff
core   0: 0x800060a0 (0x00000398) c.addi4spn a4, sp, 448
core   0: 3 0x800060a0 (0x0398) x14 0x000001c0
core   0: 0x800060a2 (0x00008dcd) c.or    a1, a1
core   0: 3 0x800060a2 (0x8dcd) x11 0x00000000
core   0: 0x800060a4 (0x0ff0000f) fence   iorw,iorw
core   0: 3 0x800060a4 (0x0ff0000f)
core   0: 0x800060a8 (0x02961e33) mulh    t3, a2, s1
core   0: 3 0x800060a8 (0x02961e33) x28 0x00000000
core   0: 0x800060ac (0x00eb00b3) add     ra, s6, a4
core   0: 3 0x800060ac (0x00eb00b3) x1  0x000001c0
core   0: 0x800060b0 (0x001f0563) beq     t5, ra, pc + 10
core   0: 3 0x800060b0 (0x001f0563)
core   0: 0x800060b4 (0x00257d33) and     s10, a0, sp
core   0: 3 0x800060b4 (0x00257d33) x26 0x00000000
core   0: 0x800060b8 (0x00008d01) c.sub   a0, s0
core   0: 3 0x800060b8 (0x8d01) x10 0x0f59103f
core   0: 0x800060ba (0x34003d73) csrrc   s10, mscratch, zero
core   0: 3 0x800060ba (0x34003d73) x26 0x00000009
core   0: 0x800060be (0x01e3b0b3) sltu    ra, t2, t5
core   0: 3 0x800060be (0x01e3b0b3) x1  0x00000000
core   0: 0x800060c2 (0x40a456b3) sra     a3, s0, a0
core   0: 3 0x800060c2 (0x40a456b3) x13 0xffffffff
core   0: 0x800060c6 (0x00008e25) c.xor   a2, s1
core   0: 3 0x800060c6 (0x8e25) x12 0x0000d001
core   0: 0x800060c8 (0x003b9f13) slli    t5, s7, 3
core   0: 3 0x800060c8 (0x003b9f13) x30 0x00000000
core   0: 0x800060cc (0x00008c85) c.sub   s1, s1
core   0: 3 0x800060cc (0x8c85) x9  0x00000000
core   0: 0x800060ce (0x0000100f) fence.i
core   0: 3 0x800060ce (0x0000100f)
core   0: 0x800060d2 (0x000089b5) c.andi  a1, 13
core   0: 3 0x800060d2 (0x89b5) x11 0x00000000
core   0: 0x800060d4 (0x000083f1) c.srli  a5, 28
core   0: 3 0x800060d4 (0x83f1) x15 0x00000000
core   0: 0x800060d6 (0x340c1973) csrrw   s2, mscratch, s8
core   0: 3 0x800060d6 (0x340c1973) x18 0x00000009 c832_mscratch 0x80025ea4
core   0: 0x800060da (0x403cdd13) srai    s10, s9, 3
core   0: 3 0x800060da (0x403cdd13) x26 0xf0004be9
core   0: 0x800060de (0x9146d737) lui     a4, 0x9146d
core   0: 3 0x800060de (0x9146d737) x14 0x9146d000
core   0: 0x800060e2 (0x036c9763) bne     s9, s6, pc + 46
core   0: 3 0x800060e2 (0x036c9763)
core   0: 0x80006110 (0x00000392) c.slli  t2, 4
core   0: 3 0x80006110 (0x0392) x7  0x00000000
core   0: 0x80006112 (0x000083a9) c.srli  a5, 10
core   0: 3 0x80006112 (0x83a9) x15 0x00000000
core   0: 0x80006114 (0x0000587d) c.li    a6, -1
core   0: 3 0x80006114 (0x587d) x16 0xffffffff
core   0: 0x80006116 (0x028e6363) bltu    t3, s0, pc + 38
core   0: 3 0x80006116 (0x028e6363)
core   0: 0x8000613c (0x00000001) c.nop
core   0: 3 0x8000613c (0x0001)
core   0: 0x8000613e (0x00000abd) c.addi  s5, 15
core   0: 3 0x8000613e (0x0abd) x21 0x0000000f
core   0: 0x80006140 (0x4007d533) sra     a0, a5, zero
core   0: 3 0x80006140 (0x4007d533) x10 0x00000000
core   0: 0x80006144 (0x34075a73) csrrwi  s4, mscratch, 14
core   0: 3 0x80006144 (0x34075a73) x20 0x80025ea4 c832_mscratch 0x0000000e
core   0: 0x80006148 (0x012417b3) sll     a5, s0, s2
core   0: 3 0x80006148 (0x012417b3) x15 0x4ddf8200
core   0: 0x8000614c (0x02550963) beq     a0, t0, pc + 50
core   0: 3 0x8000614c (0x02550963)
core   0: 0x80006150 (0x4df5ff93) andi    t6, a1, 1247
core   0: 3 0x80006150 (0x4df5ff93) x31 0x00000000
core   0: 0x80006154 (0x340024f3) csrr    s1, mscratch
core   0: 3 0x80006154 (0x340024f3) x9  0x0000000e
core   0: 0x80006158 (0x0000167d) c.addi  a2, -1
core   0: 3 0x80006158 (0x167d) x12 0x0000d000
core   0: 0x8000615a (0x34003673) csrrc   a2, mscratch, zero
core   0: 3 0x8000615a (0x34003673) x12 0x0000000e
core   0: 0x8000615e (0x00000f0e) c.slli  t5, 3
core   0: 3 0x8000615e (0x0f0e) x30 0x00000000
core   0: 0x80006160 (0x34002d73) csrr    s10, mscratch
core   0: 3 0x80006160 (0x34002d73) x26 0x0000000e
core   0: 0x80006164 (0x000068e1) c.lui   a7, 0x18
core   0: 3 0x80006164 (0x68e1) x17 0x00018000
core   0: 0x80006166 (0x00516633) or      a2, sp, t0
core   0: 3 0x80006166 (0x00516633) x12 0x00007000
core   0: 0x8000616a (0xcea20293) addi    t0, tp, -790
core   0: 3 0x8000616a (0xcea20293) x5  0x80025c57
core   0: 0x8000616e (0x027ccb33) div     s6, s9, t2
core   0: 3 0x8000616e (0x027ccb33) x22 0xffffffff
core   0: 0x80006172 (0x0e03f263) bgeu    t2, zero, pc + 228
core   0: 3 0x80006172 (0x0e03f263)
core   0: 0x80006256 (0x02f843b3) div     t2, a6, a5
core   0: 3 0x80006256 (0x02f843b3) x7  0x00000000
core   0: 0x8000625a (0x03688c63) beq     a7, s6, pc + 56
core   0: 3 0x8000625a (0x03688c63)
core   0: 0x8000625e (0x03683cb3) mulhu   s9, a6, s6
core   0: 3 0x8000625e (0x03683cb3) x25 0xfffffffe
core   0: 0x80006262 (0x00ecd2b3) srl     t0, s9, a4
core   0: 3 0x80006262 (0x00ecd2b3) x5  0xfffffffe
core   0: 0x80006266 (0x012f4563) blt     t5, s2, pc + 10
core   0: 3 0x80006266 (0x012f4563)
core   0: 0x80006270 (0x018e1563) bne     t3, s8, pc + 10
core   0: 3 0x80006270 (0x018e1563)
core   0: 0x8000627a (0x975c4893) xori    a7, s8, -1675
core   0: 3 0x8000627a (0x975c4893) x17 0x7ffda7d1
core   0: 0x8000627e (0x00008e71) c.and   a2, a2
core   0: 3 0x8000627e (0x8e71) x12 0x00007000
core   0: 0x80006280 (0x34007573) csrrci  a0, mscratch, 0
core   0: 3 0x80006280 (0x34007573) x10 0x0000000e
core   0: 0x80006284 (0x40acd033) sra     zero, s9, a0
core   0: 3 0x80006284 (0x40acd033)
core   0: 0x80006288 (0x00000001) c.nop
core   0: 3 0x80006288 (0x0001)
core   0: 0x8000628a (0x340afb73) csrrci  s6, mscratch, 21
core   0: 3 0x8000628a (0x340afb73) x22 0x0000000e c832_mscratch 0x0000000a
core   0: 0x8000628e (0x34003df3) csrrc   s11, mscratch, zero
core   0: 3 0x8000628e (0x34003df3) x27 0x0000000a
core   0: 0x80006292 (0x03ffdbb3) divu    s7, t6, t6
core   0: 3 0x80006292 (0x03ffdbb3) x23 0xffffffff
core   0: 0x80006296 (0x03603333) mulhu   t1, zero, s6
core   0: 3 0x80006296 (0x03603333) x6  0x00000000
core   0: 0x8000629a (0x7318aa93) slti    s5, a7, 1841
core   0: 3 0x8000629a (0x7318aa93) x21 0x00000000
core   0: 0x8000629e (0x00008cc9) c.or    s1, a0
core   0: 3 0x8000629e (0x8cc9) x9  0x0000000e
core   0: 0x800062a0 (0x025f7f33) remu    t5, t5, t0
core   0: 3 0x800062a0 (0x025f7f33) x30 0x00000000
core   0: 0x800062a4 (0x419a8833) sub     a6, s5, s9
core   0: 3 0x800062a4 (0x419a8833) x16 0x00000002
core   0: 0x800062a8 (0x00009842) c.add   a6, a6
core   0: 3 0x800062a8 (0x9842) x16 0x00000004
core   0: 0x800062aa (0x0029aa33) slt     s4, s3, sp
core   0: 3 0x800062aa (0x0029aa33) x20 0x00000001
core   0: 0x800062ae (0x62256337) lui     t1, 0x62256
core   0: 3 0x800062ae (0x62256337) x6  0x62256000
core   0: 0x800062b2 (0x137a8313) addi    t1, s5, 311
core   0: 3 0x800062b2 (0x137a8313) x6  0x00000137
core   0: 0x800062b6 (0x00bd3a33) sltu    s4, s10, a1
core   0: 3 0x800062b6 (0x00bd3a33) x20 0x00000000
core   0: 0x800062ba (0x00008c99) c.sub   s1, a4
core   0: 3 0x800062ba (0x8c99) x9  0x6eb9300e
core   0: 0x800062bc (0xadd8bf93) sltiu   t6, a7, -1315
core   0: 3 0x800062bc (0xadd8bf93) x31 0x00000001
core   0: 0x800062c0 (0x000080b1) c.srli  s1, 12
core   0: 3 0x800062c0 (0x80b1) x9  0x0006eb93
core   0: 0x800062c2 (0x00b9e763) bltu    s3, a1, pc + 14
core   0: 3 0x800062c2 (0x00b9e763)
core   0: 0x800062c6 (0x00008f89) c.sub   a5, a0
core   0: 3 0x800062c6 (0x8f89) x15 0x4ddf81f2
core   0: 0x800062c8 (0x02cf6263) bltu    t5, a2, pc + 36
core   0: 3 0x800062c8 (0x02cf6263)
core   0: 0x800062ec (0x0137e263) bltu    a5, s3, pc + 4
core   0: 3 0x800062ec (0x0137e263)
core   0: 0x800062f0 (0xd6fff697) auipc   a3, 0xd6fff
core   0: 3 0x800062f0 (0xd6fff697) x13 0x570052f0
core   0: 0x800062f4 (0x667de013) ori     zero, s11, 1639
core   0: 3 0x800062f4 (0x667de013)
core   0: 0x800062f8 (0x34086ff3) csrrsi  t6, mscratch, 16
core   0: 3 0x800062f8 (0x34086ff3) x31 0x0000000a c832_mscratch 0x0000001a
core   0: 0x800062fc (0xb3682e13) slti    t3, a6, -1226
core   0: 3 0x800062fc (0xb3682e13) x28 0x00000000
core   0: 0x80006300 (0x000066c1) c.lui   a3, 0x10
core   0: 3 0x80006300 (0x66c1) x13 0x00010000
core   0: 0x80006302 (0x00009a7d) c.andi  a2, -1
core   0: 3 0x80006302 (0x9a7d) x12 0x00007000
core   0: 0x80006304 (0x413753b3) sra     t2, a4, s3
core   0: 3 0x80006304 (0x413753b3) x7  0xffffc8a3
core   0: 0x80006308 (0x00000818) c.addi4spn a4, sp, 16
core   0: 3 0x80006308 (0x0818) x14 0x00000010
core   0: 0x8000630a (0x013c7fb3) and     t6, s8, s3
core   0: 3 0x8000630a (0x013c7fb3) x31 0x80025820
core   0: 0x8000630e (0x0066aa33) slt     s4, a3, t1
core   0: 3 0x8000630e (0x0066aa33) x20 0x00000000
core   0: 0x80006312 (0x00008e49) c.or    a2, a0
core   0: 3 0x80006312 (0x8e49) x12 0x0000700e
core   0: 0x80006314 (0x0000717d) c.addi16sp sp, -16
core   0: 3 0x80006314 (0x717d) x2  0xfffffff0
core   0: 0x80006316 (0x00706533) or      a0, zero, t2
core   0: 3 0x80006316 (0x00706533) x10 0xffffc8a3
core   0: 0x8000631a (0x00008559) c.srai  a0, 22
core   0: 3 0x8000631a (0x8559) x10 0xffffffff
core   0: 0x8000631c (0x00001d88) c.addi4spn a0, sp, 752
core   0: 3 0x8000631c (0x1d88) x10 0x000002e0
core   0: 0x8000631e (0x0000cd91) c.beqz  a1, pc + 28
core   0: 3 0x8000631e (0xcd91)
core   0: 0x8000633a (0x00a5b833) sltu    a6, a1, a0
core   0: 3 0x8000633a (0x00a5b833) x16 0x00000001
core   0: 0x8000633e (0x00009e7a) c.add   t3, t5
core   0: 3 0x8000633e (0x9e7a) x28 0x00000000
core   0: 0x80006340 (0x34061173) csrrw   sp, mscratch, a2
core   0: 3 0x80006340 (0x34061173) x2  0x0000001a c832_mscratch 0x0000700e
core   0: 0x80006344 (0x0154a1b3) slt     gp, s1, s5
core   0: 3 0x80006344 (0x0154a1b3) x3  0x00000000
core   0: 0x80006348 (0x028911b3) mulh    gp, s2, s0
core   0: 3 0x80006348 (0x028911b3) x3  0xffffffff
core   0: 0x8000634c (0x4098d1b3) sra     gp, a7, s1
core   0: 3 0x8000634c (0x4098d1b3) x3  0x00000fff
core   0: 0x80006350 (0x0205cdb3) div     s11, a1, zero
core   0: 3 0x80006350 (0x0205cdb3) x27 0xffffffff
core   0: 0x80006354 (0x00978263) beq     a5, s1, pc + 4
core   0: 3 0x80006354 (0x00978263)
core   0: 0x80006358 (0x00008e69) c.and   a2, a0
core   0: 3 0x80006358 (0x8e69) x12 0x00000000
core   0: 0x8000635a (0x340de873) csrrsi  a6, mscratch, 27
core   0: 3 0x8000635a (0x340de873) x16 0x0000700e c832_mscratch 0x0000701f
core   0: 0x8000635e (0x00e59893) slli    a7, a1, 14
core   0: 3 0x8000635e (0x00e59893) x17 0x00000000
core   0: 0x80006362 (0x026b7fb3) remu    t6, s6, t1
core   0: 3 0x80006362 (0x026b7fb3) x31 0x0000000e
core   0: 0x80006366 (0x024b4d33) div     s10, s6, tp
core   0: 3 0x80006366 (0x024b4d33) x26 0x00000000
core   0: 0x8000636a (0x00008759) c.srai  a4, 22
core   0: 3 0x8000636a (0x8759) x14 0x00000000
core   0: 0x8000636c (0x3400d673) csrrwi  a2, mscratch, 1
core   0: 3 0x8000636c (0x3400d673) x12 0x0000701f c832_mscratch 0x00000001
core   0: 0x80006370 (0xc1044393) xori    t2, s0, -1008
core   0: 3 0x80006370 (0xc1044393) x7  0x0f5913d1
core   0: 0x80006374 (0x0ff0000f) fence   iorw,iorw
core   0: 3 0x80006374 (0x0ff0000f)
core   0: 0x80006378 (0x34079273) csrrw   tp, mscratch, a5
core   0: 3 0x80006378 (0x34079273) x4  0x00000001 c832_mscratch 0x4ddf81f2
core   0: 0x8000637c (0x34035e73) csrrwi  t3, mscratch, 6
core   0: 3 0x8000637c (0x34035e73) x28 0x4ddf81f2 c832_mscratch 0x00000006
core   0: 0x80006380 (0x00008db1) c.xor   a1, a2
core   0: 3 0x80006380 (0x8db1) x11 0x0000701f
core   0: 0x80006382 (0x01bdecb3) or      s9, s11, s11
core   0: 3 0x80006382 (0x01bdecb3) x25 0xffffffff
core   0: 0x80006386 (0x340c5973) csrrwi  s2, mscratch, 24
core   0: 3 0x80006386 (0x340c5973) x18 0x00000006 c832_mscratch 0x00000018
core   0: 0x8000638a (0x340bd973) csrrwi  s2, mscratch, 23
core   0: 3 0x8000638a (0x340bd973) x18 0x00000018 c832_mscratch 0x00000017
core   0: 0x8000638e (0x00008d55) c.or    a0, a3
core   0: 3 0x8000638e (0x8d55) x10 0x000102e0
core   0: 0x80006390 (0x00000001) c.nop
core   0: 3 0x80006390 (0x0001)
core   0: 0x80006392 (0x01689313) slli    t1, a7, 22
core   0: 3 0x80006392 (0x01689313) x6  0x00000000
core   0: 0x80006396 (0x355a3d97) auipc   s11, 0x355a3
core   0: 3 0x80006396 (0x355a3d97) x27 0xb55a9396
core   0: 0x8000639a (0x00004951) c.li    s2, 20
core   0: 3 0x8000639a (0x4951) x18 0x00000014
core   0: 0x8000639c (0x00008b3e) c.mv    s6, a5
core   0: 3 0x8000639c (0x8b3e) x22 0x4ddf81f2
core   0: 0x8000639e (0x00000a8c) c.addi4spn a1, sp, 336
core   0: 3 0x8000639e (0x0a8c) x11 0x0000016a
core   0: 0x800063a0 (0x00006131) c.addi16sp sp, 320
core   0: 3 0x800063a0 (0x6131) x2  0x0000015a
core   0: 0x800063a2 (0x03fc6033) rem     zero, s8, t6
core   0: 3 0x800063a2 (0x03fc6033)
core   0: 0x800063a6 (0x62bb4913) xori    s2, s6, 1579
core   0: 3 0x800063a6 (0x62bb4913) x18 0x4ddf87d9
core   0: 0x800063aa (0x00008d11) c.sub   a0, a2
core   0: 3 0x800063aa (0x8d11) x10 0x000092c1
core   0: 0x800063ac (0x00000001) c.nop
core   0: 3 0x800063ac (0x0001)
core   0: 0x800063ae (0x000080a5) c.srli  s1, 9
core   0: 3 0x800063ae (0x80a5) x9  0x00000375
core   0: 0x800063b0 (0x00bd6b33) or      s6, s10, a1
core   0: 3 0x800063b0 (0x00bd6b33) x22 0x0000016a
core   0: 0x800063b4 (0x03b02033) mulhsu  zero, zero, s11
core   0: 3 0x800063b4 (0x03b02033)
core   0: 0x800063b8 (0x00000001) c.nop
core   0: 3 0x800063b8 (0x0001)
core   0: 0x800063ba (0x00000290) c.addi4spn a2, sp, 320
core   0: 3 0x800063ba (0x0290) x12 0x0000029a
core   0: 0x800063bc (0x03700cb3) mul     s9, zero, s7
core   0: 3 0x800063bc (0x03700cb3) x25 0x00000000
core   0: 0x800063c0 (0xd6a42a13) slti    s4, s0, -662
core   0: 3 0x800063c0 (0xd6a42a13) x20 0x00000001
core   0: 0x800063c4 (0x00008d09) c.sub   a0, a0
core   0: 3 0x800063c4 (0x8d09) x10 0x00000000
core   0: 0x800063c6 (0x34007bf3) csrrci  s7, mscratch, 0
core   0: 3 0x800063c6 (0x34007bf3) x23 0x00000017
core   0: 0x800063ca (0x00009a7d) c.andi  a2, -1
core   0: 3 0x800063ca (0x9a7d) x12 0x0000029a
core   0: 0x800063cc (0x00001c18) c.addi4spn a4, sp, 560
core   0: 3 0x800063cc (0x1c18) x14 0x0000038a
core   0: 0x800063ce (0x03847e33) remu    t3, s0, s8
core   0: 3 0x800063ce (0x03847e33) x28 0x70a4911d
core   0: 0x800063d2 (0x02d28633) mul     a2, t0, a3
core   0: 3 0x800063d2 (0x02d28633) x12 0xfffe0000
core   0: 0x800063d6 (0x00008e99) c.sub   a3, a4
core   0: 3 0x800063d6 (0x8e99) x13 0x0000fc76
core   0: 0x800063d8 (0x056bc163) blt     s7, s6, pc + 66
core   0: 3 0x800063d8 (0x056bc163)
core   0: 0x8000641a (0x0000100f) fence.i
core   0: 3 0x8000641a (0x0000100f)
core   0: 0x8000641e (0x3409d2f3) csrrwi  t0, mscratch, 19
core   0: 3 0x8000641e (0x3409d2f3) x5  0x00000017 c832_mscratch 0x00000013
core   0: 0x80006422 (0x01ec5593) srli    a1, s8, 30
core   0: 3 0x80006422 (0x01ec5593) x11 0x00000002
core   0: 0x80006426 (0x0000717d) c.addi16sp sp, -16
core   0: 3 0x80006426 (0x717d) x2  0x0000014a
core   0: 0x80006428 (0x0000e211) c.bnez  a2, pc + 4
core   0: 3 0x80006428 (0xe211)
core   0: 0x8000642c (0x02c8cfb3) div     t6, a7, a2
core   0: 3 0x8000642c (0x02c8cfb3) x31 0x00000000
core   0: 0x80006430 (0x032c3b33) mulhu   s6, s8, s2
core   0: 3 0x80006430 (0x032c3b33) x22 0x26f07c75
core   0: 0x80006434 (0x000086fd) c.srai  a3, 31
core   0: 3 0x80006434 (0x86fd) x13 0x00000000
core   0: 0x80006436 (0x34006173) csrrsi  sp, mscratch, 0
core   0: 3 0x80006436 (0x34006173) x2  0x00000013
core   0: 0x8000643a (0x000011fd) c.addi  gp, -1
core   0: 3 0x8000643a (0x11fd) x3  0x00000ffe
core   0: 0x8000643c (0x056d5563) bge     s10, s6, pc + 74
core   0: 3 0x8000643c (0x056d5563)
core   0: 0x80006440 (0x340db873) csrrc   a6, mscratch, s11
core   0: 3 0x80006440 (0x340db873) x16 0x00000013 c832_mscratch 0x00000001
core   0: 0x80006444 (0x340aecf3) csrrsi  s9, mscratch, 21
core   0: 3 0x80006444 (0x340aecf3) x25 0x00000001 c832_mscratch 0x00000015
core   0: 0x80006448 (0x00000088) c.addi4spn a0, sp, 64
core   0: 3 0x80006448 (0x0088) x10 0x00000053
core   0: 0x8000644a (0x34006673) csrrsi  a2, mscratch, 0
core   0: 3 0x8000644a (0x34006673) x12 0x00000015
core   0: 0x8000644e (0x409bd033) sra     zero, s7, s1
core   0: 3 0x8000644e (0x409bd033)
core   0: 0x80006452 (0x02b28033) mul     zero, t0, a1
core   0: 3 0x80006452 (0x02b28033)
core   0: 0x80006456 (0x3083cb13) xori    s6, t2, 776
core   0: 3 0x80006456 (0x3083cb13) x22 0x0f5910d9
core   0: 0x8000645a (0xae996013) ori     zero, s2, -1303
core   0: 3 0x8000645a (0xae996013)
core   0: 0x8000645e (0x3401e273) csrrsi  tp, mscratch, 3
core   0: 3 0x8000645e (0x3401e273) x4  0x00000015 c832_mscratch 0x00000017
core   0: 0x80006462 (0x00104833) xor     a6, zero, ra
core   0: 3 0x80006462 (0x00104833) x16 0x00000000
core   0: 0x80006466 (0x0ff0000f) fence   iorw,iorw
core   0: 3 0x80006466 (0x0ff0000f)
core   0: 0x8000646a (0x7dcf8693) addi    a3, t6, 2012
core   0: 3 0x8000646a (0x7dcf8693) x13 0x000007dc
core   0: 0x8000646e (0x01a491b3) sll     gp, s1, s10
core   0: 3 0x8000646e (0x01a491b3) x3  0x00000375
core   0: 0x80006472 (0x405800b3) sub     ra, a6, t0
core   0: 3 0x80006472 (0x405800b3) x1  0xffffffe9
core   0: 0x80006476 (0x0239cab3) div     s5, s3, gp
core   0: 3 0x80006476 (0x0239cab3) x21 0xffdafa07
core   0: 0x8000647a (0x0364fc63) bgeu    s1, s6, pc + 56
core   0: 3 0x8000647a (0x0364fc63)
core   0: 0x8000647e (0x00008f81) c.sub   a5, s0
core   0: 3 0x8000647e (0x8f81) x15 0x5d389231
core   0: 0x80006480 (0x02890963) beq     s2, s0, pc + 50
core   0: 3 0x80006480 (0x02890963)
core   0: 0x80006484 (0x0000860d) c.srai  a2, 3
core   0: 3 0x80006484 (0x860d) x12 0x00000002
core   0: 0x80006486 (0x014bf633) and     a2, s7, s4
core   0: 3 0x80006486 (0x014bf633) x12 0x00000001
core   0: 0x8000648a (0x0000c285) c.beqz  a3, pc + 32
core   0: 3 0x8000648a (0xc285)
core   0: 0x8000648c (0x01cf0ab3) add     s5, t5, t3
core   0: 3 0x8000648c (0x01cf0ab3) x21 0x70a4911d
core   0: 0x80006490 (0x340ee4f3) csrrsi  s1, mscratch, 29
core   0: 3 0x80006490 (0x340ee4f3) x9  0x00000017 c832_mscratch 0x0000001f
core   0: 0x80006494 (0x03037e33) remu    t3, t1, a6
core   0: 3 0x80006494 (0x03037e33) x28 0x00000000
core   0: 0x80006498 (0x01a20463) beq     tp, s10, pc + 8
core   0: 3 0x80006498 (0x01a20463)
core   0: 0x8000649c (0x01a736b3) sltu    a3, a4, s10
core   0: 3 0x8000649c (0x01a736b3) x13 0x00000000
core   0: 0x800064a0 (0x0bb83893) sltiu   a7, a6, 187
core   0: 3 0x800064a0 (0x0bb83893) x17 0x00000001
core   0: 0x800064a4 (0x000089b6) c.mv    s3, a3
core   0: 3 0x800064a4 (0x89b6) x19 0x00000000
core   0: 0x800064a6 (0x01e2ae33) slt     t3, t0, t5
core   0: 3 0x800064a6 (0x01e2ae33) x28 0x00000000
core   0: 0x800064aa (0x03f92633) mulhsu  a2, s2, t6
core   0: 3 0x800064aa (0x03f92633) x12 0x00000000
core   0: 0x800064ae (0x340075f3) csrrci  a1, mscratch, 0
core   0: 3 0x800064ae (0x340075f3) x11 0x0000001f
core   0: 0x800064b2 (0x34003af3) csrrc   s5, mscratch, zero
core   0: 3 0x800064b2 (0x34003af3) x21 0x0000001f
core   0: 0x800064b6 (0x03b44533) div     a0, s0, s11
core   0: 3 0x800064b6 (0x03b44533) x10 0x00000000
core   0: 0x800064ba (0x01065763) bge     a2, a6, pc + 14
core   0: 3 0x800064ba (0x01065763)
core   0: 0x800064c8 (0x00008ef1) c.and   a3, a2
core   0: 3 0x800064c8 (0x8ef1) x13 0x00000000
core   0: 0x800064ca (0x0000e601) c.bnez  a2, pc + 8
core   0: 3 0x800064ca (0xe601)
core   0: 0x800064cc (0x0000c905) c.beqz  a0, pc + 48
core   0: 3 0x800064cc (0xc905)
core   0: 0x800064fc (0x00008f55) c.or    a4, a3
core   0: 3 0x800064fc (0x8f55) x14 0x0000038a
core   0: 0x800064fe (0x03cdf763) bgeu    s11, t3, pc + 46
core   0: 3 0x800064fe (0x03cdf763)
core   0: 0x8000652c (0x0000e515) c.bnez  a0, pc + 44
core   0: 3 0x8000652c (0xe515)
core   0: 0x8000652e (0x49d06b97) auipc   s7, 0x49d06
core   0: 3 0x8000652e (0x49d06b97) x23 0xc9d0c52e
core   0: 0x80006532 (0x02ef2133) mulhsu  sp, t5, a4
core   0: 3 0x80006532 (0x02ef2133) x2  0x00000000
core   0: 0x80006536 (0x34039f73) csrrw   t5, mscratch, t2
core   0: 3 0x80006536 (0x34039f73) x30 0x0000001f c832_mscratch 0x0f5913d1
core   0: 0x8000653a (0x01404b33) xor     s6, zero, s4
core   0: 3 0x8000653a (0x01404b33) x22 0x00000001
core   0: 0x8000653e (0x407c0ab3) sub     s5, s8, t2
core   0: 3 0x8000653e (0x407c0ab3) x21 0x70a94ad3
core   0: 0x80006542 (0x0000100f) fence.i
core   0: 3 0x80006542 (0x0000100f)
core   0: 0x80006546 (0x01f39d33) sll     s10, t2, t6
core   0: 3 0x80006546 (0x01f39d33) x26 0x0f5913d1
core   0: 0x8000654a (0x00462e33) slt     t3, a2, tp
core   0: 3 0x8000654a (0x00462e33) x28 0x00000001
core   0: 0x8000654e (0x00009fd6) c.add   t6, s5
core   0: 3 0x8000654e (0x9fd6) x31 0x70a94ad3
core   0: 0x80006550 (0x34026d73) csrrsi  s10, mscratch, 4
core   0: 3 0x80006550 (0x34026d73) x26 0x0f5913d1 c832_mscratch 0x0f5913d5
core   0: 0x80006554 (0x03a1e333) rem     t1, gp, s10
core   0: 3 0x80006554 (0x03a1e333) x6  0x00000375
core   0: 0x80006558 (0x035c5bb3) divu    s7, s8, s5
core   0: 3 0x80006558 (0x035c5bb3) x23 0x00000001
core   0: 0x8000655c (0x029a2ab3) mulhsu  s5, s4, s1
core   0: 3 0x8000655c (0x029a2ab3) x21 0x00000000
core   0: 0x80006560 (0x022f88b3) mul     a7, t6, sp
core   0: 3 0x80006560 (0x022f88b3) x17 0x00000000
core   0: 0x80006564 (0x00000001) c.nop
core   0: 3 0x80006564 (0x0001)
core   0: 0x80006566 (0x00005dfd) c.li    s11, -1
core   0: 3 0x80006566 (0x5dfd) x27 0xffffffff
core   0: 0x80006568 (0x000003f6) c.slli  t2, 29
core   0: 3 0x80006568 (0x03f6) x7  0x20000000
core   0: 0x8000656a (0x00008e85) c.sub   a3, s1
core   0: 3 0x8000656a (0x8e85) x13 0xffffffe9
core   0: 0x8000656c (0x68568b93) addi    s7, a3, 1669
core   0: 3 0x8000656c (0x68568b93) x23 0x0000066e
core   0: 0x80006570 (0x34003573) csrrc   a0, mscratch, zero
core   0: 3 0x80006570 (0x34003573) x10 0x0f5913d5
core   0: 0x80006574 (0xc748e393) ori     t2, a7, -908
core   0: 3 0x80006574 (0xc748e393) x7  0xfffffc74
core   0: 0x80006578 (0x00008e79) c.and   a2, a4
core   0: 3 0x80006578 (0x8e79) x12 0x00000000
core   0: 0x8000657a (0x025132b3) mulhu   t0, sp, t0
core   0: 3 0x8000657a (0x025132b3) x5  0x00000000
core   0: 0x8000657e (0x007e76b3) and     a3, t3, t2
core   0: 3 0x8000657e (0x007e76b3) x13 0x00000000
core   0: 0x80006582 (0x7a74d837) lui     a6, 0x7a74d
core   0: 3 0x80006582 (0x7a74d837) x16 0x7a74d000
core   0: 0x80006586 (0x0000e111) c.bnez  a0, pc + 4
core   0: 3 0x80006586 (0xe111)
core   0: 0x8000658a (0x00008f19) c.sub   a4, a4
core   0: 3 0x8000658a (0x8f19) x14 0x00000000
core   0: 0x8000658c (0x0294c9b3) div     s3, s1, s1
core   0: 3 0x8000658c (0x0294c9b3) x19 0x00000001
core   0: 0x80006590 (0x02120a63) beq     tp, ra, pc + 52
core   0: 3 0x80006590 (0x02120a63)
core   0: 0x80006594 (0x0000977e) c.add   a4, t6
core   0: 3 0x80006594 (0x977e) x14 0x70a94ad3
core   0: 0x80006596 (0x01a241b3) xor     gp, tp, s10
core   0: 3 0x80006596 (0x01a241b3) x3  0x0f5913c4
core   0: 0x8000659a (0x3406d8f3) csrrwi  a7, mscratch, 13
core   0: 3 0x8000659a (0x3406d8f3) x17 0x0f5913d5 c832_mscratch 0x0000000d
core   0: 0x8000659e (0x01137633) and     a2, t1, a7
core   0: 3 0x8000659e (0x01137633) x12 0x00000355
core   0: 0x800065a2 (0x00008da1) c.xor   a1, s0
core   0: 3 0x800065a2 (0x8da1) x11 0xf0a6efde
core   0: 0x800065a4 (0x00001b7d) c.addi  s6, -1
core   0: 3 0x800065a4 (0x1b7d) x22 0x00000000
core   0: 0x800065a6 (0x000000ee) c.slli  ra, 27
core   0: 3 0x800065a6 (0x00ee) x1  0x48000000
core   0: 0x800065a8 (0xc863d817) auipc   a6, 0xc863d
core   0: 3 0x800065a8 (0xc863d817) x16 0x486435a8
core   0: 0x800065ac (0x00005f7d) c.li    t5, -1
core   0: 3 0x800065ac (0x5f7d) x30 0xffffffff
core   0: 0x800065ae (0x00008ec9) c.or    a3, a0
core   0: 3 0x800065ae (0x8ec9) x13 0x0f5913d5
core   0: 0x800065b0 (0x00008172) c.mv    sp, t3
core   0: 3 0x800065b0 (0x8172) x2  0x00000001
core   0: 0x800065b2 (0x00008539) c.srai  a0, 14
core   0: 3 0x800065b2 (0x8539) x10 0x00003d64
core   0: 0x800065b4 (0x00006915) c.lui   s2, 0x5
core   0: 3 0x800065b4 (0x6915) x18 0x00005000
core   0: 0x800065b6 (0x34007f73) csrrci  t5, mscratch, 0
core   0: 3 0x800065b6 (0x34007f73) x30 0x0000000d
core   0: 0x800065ba (0x00000001) c.nop
core   0: 3 0x800065ba (0x0001)
core   0: 0x800065bc (0x0000c49d) c.beqz  s1, pc + 46
core   0: 3 0x800065bc (0xc49d)
core   0: 0x800065be (0xc8442c93) slti    s9, s0, -892
core   0: 3 0x800065be (0xc8442c93) x25 0x00000001
core   0: 0x800065c2 (0x00000001) c.nop
core   0: 3 0x800065c2 (0x0001)
core   0: 0x800065c4 (0x2b3da913) slti    s2, s11, 691
core   0: 3 0x800065c4 (0x2b3da913) x18 0x00000001
core   0: 0x800065c8 (0x0000885a) c.mv    a6, s6
core   0: 3 0x800065c8 (0x885a) x16 0x00000000
core   0: 0x800065ca (0x34003773) csrrc   a4, mscratch, zero
core   0: 3 0x800065ca (0x34003773) x14 0x0000000d
core   0: 0x800065ce (0x025857b3) divu    a5, a6, t0
core   0: 3 0x800065ce (0x025857b3) x15 0xffffffff
core   0: 0x800065d2 (0x00000186) c.slli  gp, 1
core   0: 3 0x800065d2 (0x0186) x3  0x1eb22788
core   0: 0x800065d4 (0x00008dc5) c.or    a1, s1
core   0: 3 0x800065d4 (0x8dc5) x11 0xf0a6efdf
core   0: 0x800065d6 (0x0000997d) c.andi  a0, -1
core   0: 3 0x800065d6 (0x997d) x10 0x00003d64
core   0: 0x800065d8 (0x000093e2) c.add   t2, s8
core   0: 3 0x800065d8 (0x93e2) x7  0x80025b18
core   0: 0x800065da (0x0130d093) srli    ra, ra, 19
core   0: 3 0x800065da (0x0130d093) x1  0x00000900
core   0: 0x800065de (0x00008f85) c.sub   a5, s1
core   0: 3 0x800065de (0x8f85) x15 0xffffffe8
core   0: 0x800065e0 (0x003afb63) bgeu    s5, gp, pc + 22
core   0: 3 0x800065e0 (0x003afb63)
core   0: 0x800065e4 (0x02db18b3) mulh    a7, s6, a3
core   0: 3 0x800065e4 (0x02db18b3) x17 0x00000000
core   0: 0x800065e8 (0x00008cbd) c.xor   s1, a5
core   0: 3 0x800065e8 (0x8cbd) x9  0xffffffff
core   0: 0x800065ea (0x00e044b3) xor     s1, zero, a4
core   0: 3 0x800065ea (0x00e044b3) x9  0x0000000d
core   0: 0x800065ee (0x0ff0000f) fence   iorw,iorw
core   0: 3 0x800065ee (0x0ff0000f)
core   0: 0x800065f2 (0x0000100f) fence.i
core   0: 3 0x800065f2 (0x0000100f)
core   0: 0x800065f6 (0xca0ad7b7) lui     a5, 0xca0ad
core   0: 3 0x800065f6 (0xca0ad7b7) x15 0xca0ad000
core   0: 0x800065fa (0x083ef013) andi    zero, t4, 131
core   0: 3 0x800065fa (0x083ef013)
core   0: 0x800065fe (0x0171bdb3) sltu    s11, gp, s7
core   0: 3 0x800065fe (0x0171bdb3) x27 0x00000000
core   0: 0x80006602 (0x00008939) c.andi  a0, 14
core   0: 3 0x80006602 (0x8939) x10 0x00000004
core   0: 0x80006604 (0x034629b3) mulhsu  s3, a2, s4
core   0: 3 0x80006604 (0x034629b3) x19 0x00000000
core   0: 0x80006608 (0x0326d633) divu    a2, a3, s2
core   0: 3 0x80006608 (0x0326d633) x12 0x0f5913d5
core   0: 0x8000660c (0x02ce72b3) remu    t0, t3, a2
core   0: 3 0x8000660c (0x02ce72b3) x5  0x00000001
core   0: 0x80006610 (0xa2a82313) slti    t1, a6, -1494
core   0: 3 0x80006610 (0xa2a82313) x6  0x00000000
core   0: 0x80006614 (0x03a2cab3) div     s5, t0, s10
core   0: 3 0x80006614 (0x03a2cab3) x21 0x00000000
core   0: 0x80006618 (0x0000e089) c.bnez  s1, pc + 2
core   0: 3 0x80006618 (0xe089)
core   0: 0x8000661a (0x3408daf3) csrrwi  s5, mscratch, 17
core   0: 3 0x8000661a (0x3408daf3) x21 0x0000000d c832_mscratch 0x00000011
core   0: 0x8000661e (0x01731cb3) sll     s9, t1, s7
core   0: 3 0x8000661e (0x01731cb3) x25 0x00000000
core   0: 0x80006622 (0xeacb0f13) addi    t5, s6, -340
core   0: 3 0x80006622 (0xeacb0f13) x30 0xfffffeac
core   0: 0x80006626 (0x00008289) c.srli  a3, 2
core   0: 3 0x80006626 (0x8289) x13 0x03d644f5
core   0: 0x80006628 (0x0000e205) c.bnez  a2, pc + 32
core   0: 3 0x80006628 (0xe205)
core   0: 0x80006648 (0x00000001) c.nop
core   0: 3 0x80006648 (0x0001)
core   0: 0x8000664a (0x000099fa) c.add   s3, t5
core   0: 3 0x8000664a (0x99fa) x19 0xfffffeac
core   0: 0x8000664c (0x403bd5b3) sra     a1, s7, gp
core   0: 3 0x8000664c (0x403bd5b3) x11 0x00000006
core   0: 0x80006650 (0x0014d263) bge     s1, ra, pc + 4
core   0: 3 0x80006650 (0x0014d263)
core   0: 0x80006654 (0x340717f3) csrrw   a5, mscratch, a4
core   0: 3 0x80006654 (0x340717f3) x15 0x00000011 c832_mscratch 0x0000000d
core   0: 0x80006658 (0x000064c5) c.lui   s1, 0x11
core   0: 3 0x80006658 (0x64c5) x9  0x00011000
core   0: 0x8000665a (0x00009bee) c.add   s7, s11
core   0: 3 0x8000665a (0x9bee) x23 0x0000066e
core   0: 0x8000665c (0x033e9a63) bne     t4, s3, pc + 52
core   0: 3 0x8000665c (0x033e9a63)
core   0: 0x80006690 (0x028ba133) mulhsu  sp, s7, s0
core   0: 3 0x80006690 (0x028ba133) x2  0x0000060b
core   0: 0x80006694 (0x4231aa93) slti    s5, gp, 1059
core   0: 3 0x80006694 (0x4231aa93) x21 0x00000000
core   0: 0x80006698 (0x0000c139) c.beqz  a0, pc + 70
core   0: 3 0x80006698 (0xc139)
core   0: 0x8000669a (0x038f0cb3) mul     s9, t5, s8
core   0: 3 0x8000669a (0x038f0cb3) x25 0xfcda4e30
core   0: 0x8000669e (0x40005113) srai    sp, zero, 0
core   0: 3 0x8000669e (0x40005113) x2  0x00000000
core   0: 0x800066a2 (0x032d8563) beq     s11, s2, pc + 42
core   0: 3 0x800066a2 (0x032d8563)
core   0: 0x800066a6 (0x006ef663) bgeu    t4, t1, pc + 12
core   0: 3 0x800066a6 (0x006ef663)
core   0: 0x800066b2 (0xd0f19617) auipc   a2, 0xd0f19
core   0: 3 0x800066b2 (0xd0f19617) x12 0x50f1f6b2
core   0: 0x800066b6 (0x000094b2) c.add   s1, a2
core   0: 3 0x800066b6 (0x94b2) x9  0x50f306b2
core   0: 0x800066b8 (0xc981c213) xori    tp, gp, -872
core   0: 3 0x800066b8 (0xc981c213) x4  0xe14ddb10
core   0: 0x800066bc (0x01c875b3) and     a1, a6, t3
core   0: 3 0x800066bc (0x01c875b3) x11 0x00000000
core   0: 0x800066c0 (0x00279513) slli    a0, a5, 2
core   0: 3 0x800066c0 (0x00279513) x10 0x00000044
core   0: 0x800066c4 (0x400e5fb3) sra     t6, t3, zero
core   0: 3 0x800066c4 (0x400e5fb3) x31 0x00000001
core   0: 0x800066c8 (0x00706ab3) or      s5, zero, t2
core   0: 3 0x800066c8 (0x00706ab3) x21 0x80025b18
core   0: 0x800066cc (0x0ff0000f) fence   iorw,iorw
core   0: 3 0x800066cc (0x0ff0000f)
core   0: 0x800066d0 (0x340a36f3) csrrc   a3, mscratch, s4
core   0: 3 0x800066d0 (0x340a36f3) x13 0x0000000d c832_mscratch 0x0000000c
core   0: 0x800066d4 (0xf8452517) auipc   a0, 0xf8452
core   0: 3 0x800066d4 (0xf8452517) x10 0x784586d4
core   0: 0x800066d8 (0x000063a1) c.lui   t2, 0x8
core   0: 3 0x800066d8 (0x63a1) x7  0x00008000
core   0: 0x800066da (0x34006b73) csrrsi  s6, mscratch, 0
core   0: 3 0x800066da (0x34006b73) x22 0x0000000c
core   0: 0x800066de (0x00008fa1) c.xor   a5, s0
core   0: 3 0x800066de (0x8fa1) x15 0xf0a6efd0
core   0: 0x800066e0 (0xbcf13913) sltiu   s2, sp, -1073
core   0: 3 0x800066e0 (0xbcf13913) x18 0x00000001
core   0: 0x800066e4 (0x035c0b63) beq     s8, s5, pc + 54
core   0: 3 0x800066e4 (0x035c0b63)
core   0: 0x800066e8 (0x10d90cb7) lui     s9, 0x10d90
core   0: 3 0x800066e8 (0x10d90cb7) x25 0x10d90000
core   0: 0x800066ec (0x02b38bb3) mul     s7, t2, a1
core   0: 3 0x800066ec (0x02b38bb3) x23 0x00000000
core   0: 0x800066f0 (0x01f510b3) sll     ra, a0, t6
core   0: 3 0x800066f0 (0x01f510b3) x1  0xf08b0da8
core   0: 0x800066f4 (0x34081b73) csrrw   s6, mscratch, a6
core   0: 3 0x800066f4 (0x34081b73) x22 0x0000000c c832_mscratch 0x00000000
core   0: 0x800066f8 (0x0000e399) c.bnez  a5, pc + 6
core   0: 3 0x800066f8 (0xe399)
core   0: 0x800066fe (0xfa990b13) addi    s6, s2, -87
core   0: 3 0x800066fe (0xfa990b13) x22 0xffffffaa
core   0: 0x80006702 (0x34075073) csrwi   mscratch, 14
core   0: 3 0x80006702 (0x34075073) c832_mscratch 0x0000000e
core   0: 0x80006706 (0x02a68db3) mul     s11, a3, a0
core   0: 3 0x80006706 (0x02a68db3) x27 0x1b87d8c4
core   0: 0x8000670a (0x00b10863) beq     sp, a1, pc + 16
core   0: 3 0x8000670a (0x00b10863)
core   0: 0x8000671a (0x03baf863) bgeu    s5, s11, pc + 48
core   0: 3 0x8000671a (0x03baf863)
core   0: 0x8000674a (0x7aa9f493) andi    s1, s3, 1962
core   0: 3 0x8000674a (0x7aa9f493) x9  0x000006a8
core   0: 0x8000674e (0x039e24b3) mulhsu  s1, t3, s9
core   0: 3 0x8000674e (0x039e24b3) x9  0x00000000
core   0: 0x80006752 (0x340028f3) csrr    a7, mscratch
core   0: 3 0x80006752 (0x340028f3) x17 0x0000000e
core   0: 0x80006756 (0x01966e33) or      t3, a2, s9
core   0: 3 0x80006756 (0x01966e33) x28 0x50f9f6b2
core   0: 0x8000675a (0x017fd533) srl     a0, t6, s7
core   0: 3 0x8000675a (0x017fd533) x10 0x00000001
core   0: 0x8000675e (0x6b7f6613) ori     a2, t5, 1719
core   0: 3 0x8000675e (0x6b7f6613) x12 0xfffffebf
core   0: 0x80006762 (0x00000b69) c.addi  s6, 26
core   0: 3 0x80006762 (0x0b69) x22 0xffffffc4
core   0: 0x80006764 (0x000b8463) beqz    s7, pc + 8
core   0: 3 0x80006764 (0x000b8463)
core   0: 0x8000676c (0x03ce9e33) mulh    t3, t4, t3
core   0: 3 0x8000676c (0x03ce9e33) x28 0xd783d84f
core   0: 0x80006770 (0x00005bfd) c.li    s7, -1
core   0: 3 0x80006770 (0x5bfd) x23 0xffffffff
core   0: 0x80006772 (0x00125e33) srl     t3, tp, ra
core   0: 3 0x80006772 (0x00125e33) x28 0x00e14ddb
core   0: 0x80006776 (0xdb102813) slti    a6, zero, -591
core   0: 3 0x80006776 (0xdb102813) x16 0x00000000
core   0: 0x8000677a (0xcebba293) slti    t0, s7, -789
core   0: 3 0x8000677a (0xcebba293) x5  0x00000000
core   0: 0x8000677e (0x014fbb33) sltu    s6, t6, s4
core   0: 3 0x8000677e (0x014fbb33) x22 0x00000000
core   0: 0x80006782 (0x00feea33) or      s4, t4, a5
core   0: 3 0x80006782 (0x00feea33) x20 0xf0a6fff4
core   0: 0x80006786 (0x000003f5) c.addi  t2, 29
core   0: 3 0x80006786 (0x03f5) x7  0x0000801d
core   0: 0x80006788 (0x00ae3d33) sltu    s10, t3, a0
core   0: 3 0x80006788 (0x00ae3d33) x26 0x00000000
core   0: 0x8000678c (0x002c0563) beq     s8, sp, pc + 10
core   0: 3 0x8000678c (0x002c0563)
core   0: 0x80006790 (0x5fc57913) andi    s2, a0, 1532
core   0: 3 0x80006790 (0x5fc57913) x18 0x00000000
core   0: 0x80006794 (0x00000caa) c.slli  s9, 10
core   0: 3 0x80006794 (0x0caa) x25 0x64000000
core   0: 0x80006796 (0x00000001) c.nop
core   0: 3 0x80006796 (0x0001)
core   0: 0x80006798 (0x00008db2) c.mv    s11, a2
core   0: 3 0x80006798 (0x8db2) x27 0xfffffebf
core   0: 0x8000679a (0x02db4833) div     a6, s6, a3
core   0: 3 0x8000679a (0x02db4833) x16 0x00000000
core   0: 0x8000679e (0xecaf4213) xori    tp, t5, -310
core   0: 3 0x8000679e (0xecaf4213) x4  0x00000066
core   0: 0x800067a2 (0xc43c8e13) addi    t3, s9, -957
core   0: 3 0x800067a2 (0xc43c8e13) x28 0x63fffc43
core   0: 0x800067a6 (0x02dee633) rem     a2, t4, a3
core   0: 3 0x800067a6 (0x02dee633) x12 0xfffffff4
core   0: 0x800067aa (0x4197da13) srai    s4, a5, 25
core   0: 3 0x800067aa (0x4197da13) x20 0xfffffff8
core   0: 0x800067ae (0x0000c705) c.beqz  a4, pc + 40
core   0: 3 0x800067ae (0xc705)
core   0: 0x800067b0 (0x02aceb33) rem     s6, s9, a0
core   0: 3 0x800067b0 (0x02aceb33) x22 0x00000000
core   0: 0x800067b4 (0x01c2f263) bgeu    t0, t3, pc + 4
core   0: 3 0x800067b4 (0x01c2f263)
core   0: 0x800067b8 (0x4153df13) srai    t5, t2, 21
core   0: 3 0x800067b8 (0x4153df13) x30 0x00000000
core   0: 0x800067bc (0x02d08533) mul     a0, ra, a3
core   0: 3 0x800067bc (0x02d08533) x10 0x370fb188
core   0: 0x800067c0 (0x00008589) c.srai  a1, 2
core   0: 3 0x800067c0 (0x8589) x11 0x00000000
core   0: 0x800067c2 (0x008ad393) srli    t2, s5, 8
core   0: 3 0x800067c2 (0x008ad393) x7  0x0080025b
core   0: 0x800067c6 (0x3403f973) csrrci  s2, mscratch, 7
core   0: 3 0x800067c6 (0x3403f973) x18 0x0000000e c832_mscratch 0x00000008
core   0: 0x800067ca (0x0ff0000f) fence   iorw,iorw
core   0: 3 0x800067ca (0x0ff0000f)
core   0: 0x800067ce (0x0047dbb3) srl     s7, a5, tp
core   0: 3 0x800067ce (0x0047dbb3) x23 0x03c29bbf
core   0: 0x800067d2 (0x34003cf3) csrrc   s9, mscratch, zero
core   0: 3 0x800067d2 (0x34003cf3) x25 0x00000008
core   0: 0x800067d6 (0x00006921) c.lui   s2, 0x8
core   0: 3 0x800067d6 (0x6921) x18 0x00008000
core   0: 0x800067d8 (0x00000542) c.slli  a0, 16
core   0: 3 0x800067d8 (0x0542) x10 0xb1880000
core   0: 0x800067da (0x34006cf3) csrrsi  s9, mscratch, 0
core   0: 3 0x800067da (0x34006cf3) x25 0x00000008
core   0: 0x800067de (0x00008135) c.srli  a0, 13
core   0: 3 0x800067de (0x8135) x10 0x00058c40
core   0: 0x800067e0 (0x05a09163) bne     ra, s10, pc + 66
core   0: 3 0x800067e0 (0x05a09163)
core   0: 0x80006822 (0x41ccd493) srai    s1, s9, 28
core   0: 3 0x80006822 (0x41ccd493) x9  0x00000000
core   0: 0x80006826 (0x340518f3) csrrw   a7, mscratch, a0
core   0: 3 0x80006826 (0x340518f3) x17 0x00000008 c832_mscratch 0x00058c40
core   0: 0x8000682a (0x025087b3) mul     a5, ra, t0
core   0: 3 0x8000682a (0x025087b3) x15 0x00000000
core   0: 0x8000682e (0x0081b933) sltu    s2, gp, s0
core   0: 3 0x8000682e (0x0081b933) x18 0x00000001
core   0: 0x80006832 (0x340f64f3) csrrsi  s1, mscratch, 30
core   0: 3 0x80006832 (0x340f64f3) x9  0x00058c40 c832_mscratch 0x00058c5e
core   0: 0x80006836 (0x000e4e33) xor     t3, t3, zero
core   0: 3 0x80006836 (0x000e4e33) x28 0x63fffc43
core   0: 0x8000683a (0x02d8eb33) rem     s6, a7, a3
core   0: 3 0x8000683a (0x02d8eb33) x22 0x00000008
core   0: 0x8000683e (0x012115b3) sll     a1, sp, s2
core   0: 3 0x8000683e (0x012115b3) x11 0x00000000
core   0: 0x80006842 (0x14c53a93) sltiu   s5, a0, 332
core   0: 3 0x80006842 (0x14c53a93) x21 0x00000000
core   0: 0x80006846 (0xa8d0ae37) lui     t3, 0xa8d0a
core   0: 3 0x80006846 (0xa8d0ae37) x28 0xa8d0a000
core   0: 0x8000684a (0x0077f3b3) and     t2, a5, t2
core   0: 3 0x8000684a (0x0077f3b3) x7  0x00000000
core   0: 0x8000684e (0x01b9b233) sltu    tp, s3, s11
core   0: 3 0x8000684e (0x01b9b233) x4  0x00000001
core   0: 0x80006852 (0x340078f3) csrrci  a7, mscratch, 0
core   0: 3 0x80006852 (0x340078f3) x17 0x00058c5e
core   0: 0x80006856 (0x00000f4e) c.slli  t5, 19
core   0: 3 0x80006856 (0x0f4e) x30 0x00000000
core   0: 0x80006858 (0x03e7f133) remu    sp, a5, t5
core   0: 3 0x80006858 (0x03e7f133) x2  0x00000000
core   0: 0x8000685c (0x0364aab3) mulhsu  s5, s1, s6
core   0: 3 0x8000685c (0x0364aab3) x21 0x00000000
core   0: 0x80006860 (0x01b6cf33) xor     t5, a3, s11
core   0: 3 0x80006860 (0x01b6cf33) x30 0xfffffeb2
core   0: 0x80006864 (0x01a4fd33) and     s10, s1, s10
core   0: 3 0x80006864 (0x01a4fd33) x26 0x00000000
core   0: 0x80006868 (0x03ec2633) mulhsu  a2, s8, t5
core   0: 3 0x80006868 (0x03ec2633) x12 0x80025f4a
core   0: 0x8000686c (0x038601b3) mul     gp, a2, s8
core   0: 3 0x8000686c (0x038601b3) x3  0x9f163768
core   0: 0x80006870 (0x94c33d13) sltiu   s10, t1, -1716
core   0: 3 0x80006870 (0x94c33d13) x26 0x00000001
core   0: 0x80006874 (0x03a12a33) mulhsu  s4, sp, s10
core   0: 3 0x80006874 (0x03a12a33) x20 0x00000000
core   0: 0x80006878 (0x34003673) csrrc   a2, mscratch, zero
core   0: 3 0x80006878 (0x34003673) x12 0x00058c5e
core   0: 0x8000687c (0x0000cf0d) c.beqz  a4, pc + 58
core   0: 3 0x8000687c (0xcf0d)
core   0: 0x8000687e (0x021f4833) div     a6, t5, ra
core   0: 3 0x8000687e (0x021f4833) x16 0x00000000
core   0: 0x80006882 (0x0147a7b3) slt     a5, a5, s4
core   0: 3 0x80006882 (0x0147a7b3) x15 0x00000000
core   0: 0x80006886 (0x41b1d713) srai    a4, gp, 27
core   0: 3 0x80006886 (0x41b1d713) x14 0xfffffff3
core   0: 0x8000688a (0x40efdcb3) sra     s9, t6, a4
core   0: 3 0x8000688a (0x40efdcb3) x25 0x00000000
core   0: 0x8000688e (0x0380ecb3) rem     s9, ra, s8
core   0: 3 0x8000688e (0x0380ecb3) x25 0xf08b0da8
core   0: 0x80006892 (0x3401d773) csrrwi  a4, mscratch, 3
core   0: 3 0x80006892 (0x3401d773) x14 0x00058c5e c832_mscratch 0x00000003
core   0: 0x80006896 (0x00f0d533) srl     a0, ra, a5
core   0: 3 0x80006896 (0x00f0d533) x10 0xf08b0da8
core   0: 0x8000689a (0x34061173) csrrw   sp, mscratch, a2
core   0: 3 0x8000689a (0x34061173) x2  0x00000003 c832_mscratch 0x00058c5e
core   0: 0x8000689e (0x031b7e33) remu    t3, s6, a7
core   0: 3 0x8000689e (0x031b7e33) x28 0x00000008
core   0: 0x800068a2 (0x02366fb3) rem     t6, a2, gp
core   0: 3 0x800068a2 (0x02366fb3) x31 0x00058c5e
core   0: 0x800068a6 (0x0000ea81) c.bnez  a3, pc + 16
core   0: 3 0x800068a6 (0xea81)
core   0: 0x800068b6 (0xf6c93993) sltiu   s3, s2, -148
core   0: 3 0x800068b6 (0xf6c93993) x19 0x00000001
core   0: 0x800068ba (0x340d9b73) csrrw   s6, mscratch, s11
core   0: 3 0x800068ba (0x340d9b73) x22 0x00058c5e c832_mscratch 0xfffffebf
core   0: 0x800068be (0x00009a9e) c.add   s5, t2
core   0: 3 0x800068be (0x9a9e) x21 0x00000000
core   0: 0x800068c0 (0x0000e799) c.bnez  a5, pc + 14
core   0: 3 0x800068c0 (0xe799)
core   0: 0x800068c2 (0x340063f3) csrrsi  t2, mscratch, 0
core   0: 3 0x800068c2 (0x340063f3) x7  0xfffffebf
core   0: 0x800068c6 (0x014145b3) xor     a1, sp, s4
core   0: 3 0x800068c6 (0x014145b3) x11 0x00000003
core   0: 0x800068ca (0x40abd293) srai    t0, s7, 10
core   0: 3 0x800068ca (0x40abd293) x5  0x0000f0a6
core   0: 0x800068ce (0x0355e8b3) rem     a7, a1, s5
core   0: 3 0x800068ce (0x0355e8b3) x17 0x00000003
core   0: 0x800068d2 (0x000060dd) c.lui   ra, 0x17
core   0: 3 0x800068d2 (0x60dd) x1  0x00017000
core   0: 0x800068d4 (0x00008f09) c.sub   a4, a0
core   0: 3 0x800068d4 (0x8f09) x14 0x0f7a7eb6
core   0: 0x800068d6 (0x022c9833) mulh    a6, s9, sp
core   0: 3 0x800068d6 (0x022c9833) x16 0xffffffff
core   0: 0x800068da (0x42aded13) ori     s10, s11, 1066
core   0: 3 0x800068da (0x42aded13) x26 0xfffffebf
core   0: 0x800068de (0x41515b93) srai    s7, sp, 21
core   0: 3 0x800068de (0x41515b93) x23 0x00000000
core   0: 0x800068e2 (0x000007ba) c.slli  a5, 14
core   0: 3 0x800068e2 (0x07ba) x15 0x00000000
core   0: 0x800068e4 (0x01daf563) bgeu    s5, t4, pc + 10
core   0: 3 0x800068e4 (0x01daf563)
core   0: 0x800068e8 (0x00212533) slt     a0, sp, sp
core   0: 3 0x800068e8 (0x00212533) x10 0x00000000
core   0: 0x800068ec (0x00006ac9) c.lui   s5, 0x12
core   0: 3 0x800068ec (0x6ac9) x21 0x00012000
core   0: 0x800068ee (0x030a07b3) mul     a5, s4, a6
core   0: 3 0x800068ee (0x030a07b3) x15 0x00000000
core   0: 0x800068f2 (0x00008b75) c.andi  a4, 29
core   0: 3 0x800068f2 (0x8b75) x14 0x00000014
core   0: 0x800068f4 (0x00005b7d) c.li    s6, -1
core   0: 3 0x800068f4 (0x5b7d) x22 0xffffffff
core   0: 0x800068f6 (0x0000953a) c.add   a0, a4
core   0: 3 0x800068f6 (0x953a) x10 0x00000014
core   0: 0x800068f8 (0x01024533) xor     a0, tp, a6
core   0: 3 0x800068f8 (0x01024533) x10 0xfffffffe
core   0: 0x800068fc (0x34007373) csrrci  t1, mscratch, 0
core   0: 3 0x800068fc (0x34007373) x6  0xfffffebf
core   0: 0x80006900 (0x00001694) c.addi4spn a3, sp, 864
core   0: 3 0x80006900 (0x1694) x13 0x00000363
core   0: 0x80006902 (0x00000b16) c.slli  s6, 5
core   0: 3 0x80006902 (0x0b16) x22 0xffffffe0
core   0: 0x80006904 (0x0096e533) or      a0, a3, s1
core   0: 3 0x80006904 (0x0096e533) x10 0x00058f63
core   0: 0x80006908 (0x40f005b3) sub     a1, zero, a5
core   0: 3 0x80006908 (0x40f005b3) x11 0x00000000
core   0: 0x8000690c (0x0000eb95) c.bnez  a5, pc + 52
core   0: 3 0x8000690c (0xeb95)
core   0: 0x8000690e (0x863df913) andi    s2, s11, -1949
core   0: 3 0x8000690e (0x863df913) x18 0xfffff823
core   0: 0x80006912 (0x01211f33) sll     t5, sp, s2
core   0: 3 0x80006912 (0x01211f33) x30 0x00000018
core   0: 0x80006916 (0x012c7ab3) and     s5, s8, s2
core   0: 3 0x80006916 (0x012c7ab3) x21 0x80025820
core   0: 0x8000691a (0x9880b993) sltiu   s3, ra, -1656
core   0: 3 0x8000691a (0x9880b993) x19 0x00000001
core   0: 0x8000691e (0x019d34b3) sltu    s1, s10, s9
core   0: 3 0x8000691e (0x019d34b3) x9  0x00000000
core   0: 0x80006922 (0x0092da33) srl     s4, t0, s1
core   0: 3 0x80006922 (0x0092da33) x20 0x0000f0a6
core   0: 0x80006926 (0x41895013) srai    zero, s2, 24
core   0: 3 0x80006926 (0x41895013)
core   0: 0x8000692a (0x0307b933) mulhu   s2, a5, a6
core   0: 3 0x8000692a (0x0307b933) x18 0x00000000
core   0: 0x8000692e (0x00a82ab3) slt     s5, a6, a0
core   0: 3 0x8000692e (0x00a82ab3) x21 0x00000001
core   0: 0x80006932 (0x00c2d013) srli    zero, t0, 12
core   0: 3 0x80006932 (0x00c2d013)
core   0: 0x80006936 (0x032bdbb3) divu    s7, s7, s2
core   0: 3 0x80006936 (0x032bdbb3) x23 0xffffffff
core   0: 0x8000693a (0x0000100f) fence.i
core   0: 3 0x8000693a (0x0000100f)
core   0: 0x8000693e (0x00008946) c.mv    s2, a7
core   0: 3 0x8000693e (0x8946) x18 0x00000003
core   0: 0x80006940 (0x02b645b3) div     a1, a2, a1
core   0: 3 0x80006940 (0x02b645b3) x11 0xffffffff
core   0: 0x80006944 (0x40f1d013) srai    zero, gp, 15
core   0: 3 0x80006944 (0x40f1d013)
core   0: 0x80006948 (0x0158be33) sltu    t3, a7, s5
core   0: 3 0x80006948 (0x0158be33) x28 0x00000000
core   0: 0x8000694c (0x404d82b3) sub     t0, s11, tp
core   0: 3 0x8000694c (0x404d82b3) x5  0xfffffebe
core   0: 0x80006950 (0x0ff0000f) fence   iorw,iorw
core   0: 3 0x80006950 (0x0ff0000f)
core   0: 0x80006954 (0x340834f3) csrrc   s1, mscratch, a6
core   0: 3 0x80006954 (0x340834f3) x9  0xfffffebf c832_mscratch 0x00000000
core   0: 0x80006958 (0x029f2633) mulhsu  a2, t5, s1
core   0: 3 0x80006958 (0x029f2633) x12 0x00000017
core   0: 0x8000695c (0x038995b3) mulh    a1, s3, s8
core   0: 3 0x8000695c (0x038995b3) x11 0xffffffff
core   0: 0x80006960 (0x0000c0b1) c.beqz  s1, pc + 68
core   0: 3 0x80006960 (0xc0b1)
core   0: 0x80006962 (0x0000100f) fence.i
core   0: 3 0x80006962 (0x0000100f)
core   0: 0x80006966 (0x0000121c) c.addi4spn a5, sp, 288
core   0: 3 0x80006966 (0x121c) x15 0x00000123
core   0: 0x80006968 (0x21ef8993) addi    s3, t6, 542
core   0: 3 0x80006968 (0x21ef8993) x19 0x00058e7c
core   0: 0x8000696c (0x0376d933) divu    s2, a3, s7
core   0: 3 0x8000696c (0x0376d933) x18 0x00000000
core   0: 0x80006970 (0x34002df3) csrr    s11, mscratch
core   0: 3 0x80006970 (0x34002df3) x27 0x00000000
core   0: 0x80006974 (0x008a1f13) slli    t5, s4, 8
core   0: 3 0x80006974 (0x008a1f13) x30 0x00f0a600
core   0: 0x80006978 (0x77242693) slti    a3, s0, 1906
core   0: 3 0x80006978 (0x77242693) x13 0x00000001
core   0: 0x8000697c (0x0102d013) srli    zero, t0, 16
core   0: 3 0x8000697c (0x0102d013)
core   0: 0x80006980 (0x3404bd73) csrrc   s10, mscratch, s1
core   0: 3 0x80006980 (0x3404bd73) x26 0x00000000 c832_mscratch 0x00000000
core   0: 0x80006984 (0x129a3a37) lui     s4, 0x129a3
core   0: 3 0x80006984 (0x129a3a37) x20 0x129a3000
core   0: 0x80006988 (0x40a60fb3) sub     t6, a2, a0
core   0: 3 0x80006988 (0x40a60fb3) x31 0xfffa70b4
core   0: 0x8000698c (0x00008fad) c.xor   a5, a1
core   0: 3 0x8000698c (0x8fad) x15 0xfffffedc
core   0: 0x8000698e (0x00e68833) add     a6, a3, a4
core   0: 3 0x8000698e (0x00e68833) x16 0x00000015
core   0: 0x80006992 (0x03fe5d63) bge     t3, t6, pc + 58
core   0: 3 0x80006992 (0x03fe5d63)
core   0: 0x800069cc (0x000045f1) c.li    a1, 28
core   0: 3 0x800069cc (0x45f1) x11 0x0000001c
core   0: 0x800069ce (0x01ce0563) beq     t3, t3, pc + 10
core   0: 3 0x800069ce (0x01ce0563)
core   0: 0x800069d8 (0x03f7c033) div     zero, a5, t6
core   0: 3 0x800069d8 (0x03f7c033)
core   0: 0x800069dc (0x018e9913) slli    s2, t4, 24
core   0: 3 0x800069dc (0x018e9913) x18 0x24000000
core   0: 0x800069e0 (0x010ce033) or      zero, s9, a6
core   0: 3 0x800069e0 (0x010ce033)
core   0: 0x800069e4 (0x029728b3) mulhsu  a7, a4, s1
core   0: 3 0x800069e4 (0x029728b3) x17 0x00000013
core   0: 0x800069e8 (0x00000cae) c.slli  s9, 11
core   0: 3 0x800069e8 (0x0cae) x25 0x586d4000
core   0: 0x800069ea (0x00009b7d) c.andi  a4, -1
core   0: 3 0x800069ea (0x9b7d) x14 0x00000014
core   0: 0x800069ec (0x00009bfd) c.andi  a5, -1
core   0: 3 0x800069ec (0x9bfd) x15 0xfffffedc
core   0: 0x800069ee (0x0167a233) slt     tp, a5, s6
core   0: 3 0x800069ee (0x0167a233) x4  0x00000001
core   0: 0x800069f2 (0x000099de) c.add   s3, s7
core   0: 3 0x800069f2 (0x99de) x19 0x00058e7b
core   0: 0x800069f4 (0x01f4f0b3) and     ra, s1, t6
core   0: 3 0x800069f4 (0x01f4f0b3) x1  0xfffa70b4
core   0: 0x800069f8 (0x24802913) slti    s2, zero, 584
core   0: 3 0x800069f8 (0x24802913) x18 0x00000001
core   0: 0x800069fc (0x00000001) c.nop
core   0: 3 0x800069fc (0x0001)
core   0: 0x800069fe (0x000094d2) c.add   s1, s4
core   0: 3 0x800069fe (0x94d2) x9  0x129a2ebf
core   0: 0x80006a00 (0x00008e0d) c.sub   a2, a1
core   0: 3 0x80006a00 (0x8e0d) x12 0xfffffffb
core   0: 0x80006a02 (0x02eb34b3) mulhu   s1, s6, a4
core   0: 3 0x80006a02 (0x02eb34b3) x9  0x00000013
core   0: 0x80006a06 (0x00008dfd) c.and   a1, a5
core   0: 3 0x80006a06 (0x8dfd) x11 0x0000001c
core   0: 0x80006a08 (0xfb926113) ori     sp, tp, -71
core   0: 3 0x80006a08 (0xfb926113) x2  0xffffffb9
core   0: 0x80006a0c (0x037bb833) mulhu   a6, s7, s7
core   0: 3 0x80006a0c (0x037bb833) x16 0xfffffffe
core   0: 0x80006a10 (0x01e0fe63) bgeu    ra, t5, pc + 28
core   0: 3 0x80006a10 (0x01e0fe63)
core   0: 0x80006a2c (0x00008d1d) c.sub   a0, a5
core   0: 3 0x80006a2c (0x8d1d) x10 0x00059087
core   0: 0x80006a2e (0x031e74b3) remu    s1, t3, a7
core   0: 3 0x80006a2e (0x031e74b3) x9  0x00000000
core   0: 0x80006a32 (0x00006d25) c.lui   s10, 0x9
core   0: 3 0x80006a32 (0x6d25) x26 0x00009000
core   0: 0x80006a34 (0x004cedb3) or      s11, s9, tp
core   0: 3 0x80006a34 (0x004cedb3) x27 0x586d4001
core   0: 0x80006a38 (0x270e2b13) slti    s6, t3, 624
core   0: 3 0x80006a38 (0x270e2b13) x22 0x00000001
core   0: 0x80006a3c (0x0ff0000f) fence   iorw,iorw
core   0: 3 0x80006a3c (0x0ff0000f)
core   0: 0x80006a40 (0x00000bf1) c.addi  s7, 28
core   0: 3 0x80006a40 (0x0bf1) x23 0x0000001b
core   0: 0x80006a42 (0x403ed513) srai    a0, t4, 3
core   0: 3 0x80006a42 (0x403ed513) x10 0xf00053a4
core   0: 0x80006a46 (0x85aa7e13) andi    t3, s4, -1958
core   0: 3 0x80006a46 (0x85aa7e13) x28 0x129a3000
core   0: 0x80006a4a (0x2e001137) lui     sp, 0x2e001
core   0: 3 0x80006a4a (0x2e001137) x2  0x2e001000
core   0: 0x80006a4e (0x0000eb9d) c.bnez  a5, pc + 54
core   0: 3 0x80006a4e (0xeb9d)
core   0: 0x80006a84 (0x3405d5f3) csrrwi  a1, mscratch, 11
core   0: 3 0x80006a84 (0x3405d5f3) x11 0x00000000 c832_mscratch 0x0000000b
core   0: 0x80006a88 (0x0ff0000f) fence   iorw,iorw
core   0: 3 0x80006a88 (0x0ff0000f)
core   0: 0x80006a8c (0x32e64913) xori    s2, a2, 814
core   0: 3 0x80006a8c (0x32e64913) x18 0xfffffcd5
core   0: 0x80006a90 (0x012aa633) slt     a2, s5, s2
core   0: 3 0x80006a90 (0x012aa633) x12 0x00000000
core   0: 0x80006a94 (0xa6fda913) slti    s2, s11, -1425
core   0: 3 0x80006a94 (0xa6fda913) x18 0x00000000
core   0: 0x80006a98 (0x02c73bb3) mulhu   s7, a4, a2
core   0: 3 0x80006a98 (0x02c73bb3) x23 0x00000000
core   0: 0x80006a9c (0x00008c81) c.sub   s1, s0
core   0: 3 0x80006a9c (0x8c81) x9  0x0f59103f
core   0: 0x80006a9e (0x00008185) c.srli  a1, 1
core   0: 3 0x80006a9e (0x8185) x11 0x00000000
core   0: 0x80006aa0 (0x026177b3) remu    a5, sp, t1
core   0: 3 0x80006aa0 (0x026177b3) x15 0x2e001000
core   0: 0x80006aa4 (0x240d8397) auipc   t2, 0x240d8
core   0: 3 0x80006aa4 (0x240d8397) x7  0xa40deaa4
core   0: 0x80006aa8 (0x34007073) csrci   mscratch, 0
core   0: 3 0x80006aa8 (0x34007073)
core   0: 0x80006aac (0x4110d1b3) sra     gp, ra, a7
core   0: 3 0x80006aac (0x4110d1b3) x3  0xffffffff
core   0: 0x80006ab0 (0x0000100f) fence.i
core   0: 3 0x80006ab0 (0x0000100f)
core   0: 0x80006ab4 (0x340c3b73) csrrc   s6, mscratch, s8
core   0: 3 0x80006ab4 (0x340c3b73) x22 0x0000000b c832_mscratch 0x0000000b
core   0: 0x80006ab8 (0x031f1533) mulh    a0, t5, a7
core   0: 3 0x80006ab8 (0x031f1533) x10 0x00000000
core   0: 0x80006abc (0x03f0f3b3) remu    t2, ra, t6
core   0: 3 0x80006abc (0x03f0f3b3) x7  0x00000000
core   0: 0x80006ac0 (0x00008e11) c.sub   a2, a2
core   0: 3 0x80006ac0 (0x8e11) x12 0x00000000
core   0: 0x80006ac2 (0x00000001) c.nop
core   0: 3 0x80006ac2 (0x0001)
core   0: 0x80006ac4 (0x00000d11) c.addi  s10, 4
core   0: 3 0x80006ac4 (0x0d11) x26 0x00009004
core   0: 0x80006ac6 (0x35a1c013) xori    zero, gp, 858
core   0: 3 0x80006ac6 (0x35a1c013)
core   0: 0x80006aca (0x00009bfd) c.andi  a5, -1
core   0: 3 0x80006aca (0x9bfd) x15 0x2e001000
core   0: 0x80006acc (0x40bd5193) srai    gp, s10, 11
core   0: 3 0x80006acc (0x40bd5193) x3  0x00000012
core   0: 0x80006ad0 (0x022bdfb3) divu    t6, s7, sp
core   0: 3 0x80006ad0 (0x022bdfb3) x31 0x00000000
core   0: 0x80006ad4 (0x4a4e8813) addi    a6, t4, 1188
core   0: 3 0x80006ad4 (0x4a4e8813) x16 0x8002a1c8
core   0: 0x80006ad8 (0x01831c93) slli    s9, t1, 24
core   0: 3 0x80006ad8 (0x01831c93) x25 0xbf000000
core   0: 0x80006adc (0x70c286b7) lui     a3, 0x70c28
core   0: 3 0x80006adc (0x70c286b7) x13 0x70c28000
core   0: 0x80006ae0 (0x00fbb633) sltu    a2, s7, a5
core   0: 3 0x80006ae0 (0x00fbb633) x12 0x00000001
core   0: 0x80006ae4 (0x7fba9937) lui     s2, 0x7fba9
core   0: 3 0x80006ae4 (0x7fba9937) x18 0x7fba9000
core   0: 0x80006ae8 (0x6422b4b7) lui     s1, 0x6422b
core   0: 3 0x80006ae8 (0x6422b4b7) x9  0x6422b000
core   0: 0x80006aec (0x00008932) c.mv    s2, a2
core   0: 3 0x80006aec (0x8932) x18 0x00000001
core   0: 0x80006aee (0x02e66633) rem     a2, a2, a4
core   0: 3 0x80006aee (0x02e66633) x12 0x00000001
core   0: 0x80006af2 (0x34003673) csrrc   a2, mscratch, zero
core   0: 3 0x80006af2 (0x34003673) x12 0x0000000b
core   0: 0x80006af6 (0x00521a13) slli    s4, tp, 5
core   0: 3 0x80006af6 (0x00521a13) x20 0x00000020
core   0: 0x80006afa (0xe3d68213) addi    tp, a3, -451
core   0: 3 0x80006afa (0xe3d68213) x4  0x70c27e3d
core   0: 0x80006afe (0x00527db3) and     s11, tp, t0
core   0: 3 0x80006afe (0x00527db3) x27 0x70c27e3c
core   0: 0x80006b02 (0x0215d4b3) divu    s1, a1, ra
core   0: 3 0x80006b02 (0x0215d4b3) x9  0x00000000
core   0: 0x80006b06 (0x00008fd1) c.or    a5, a2
core   0: 3 0x80006b06 (0x8fd1) x15 0x2e00100b
core   0: 0x80006b08 (0x000083da) c.mv    t2, s6
core   0: 3 0x80006b08 (0x83da) x7  0x0000000b
core   0: 0x80006b0a (0x01c59c63) bne     a1, t3, pc + 24
core   0: 3 0x80006b0a (0x01c59c63)
core   0: 0x80006b22 (0x019db033) sltu    zero, s11, s9
core   0: 3 0x80006b22 (0x019db033)
core   0: 0x80006b26 (0x000064ad) c.lui   s1, 0xb
core   0: 3 0x80006b26 (0x64ad) x9  0x0000b000
core   0: 0x80006b28 (0x34007d73) csrrci  s10, mscratch, 0
core   0: 3 0x80006b28 (0x34007d73) x26 0x0000000b
core   0: 0x80006b2c (0x000019fd) c.addi  s3, -1
core   0: 3 0x80006b2c (0x19fd) x19 0x00058e7a
core   0: 0x80006b2e (0x0000c51d) c.beqz  a0, pc + 46
core   0: 3 0x80006b2e (0xc51d)
core   0: 0x80006b5c (0x02130e33) mul     t3, t1, ra
core   0: 3 0x80006b5c (0x02130e33) x28 0x06f8ae4c
core   0: 0x80006b60 (0x34006ff3) csrrsi  t6, mscratch, 0
core   0: 3 0x80006b60 (0x34006ff3) x31 0x0000000b
core   0: 0x80006b64 (0xe45d9717) auipc   a4, 0xe45d9
core   0: 3 0x80006b64 (0xe45d9717) x14 0x645dfb64
core   0: 0x80006b68 (0x00008e0d) c.sub   a2, a1
core   0: 3 0x80006b68 (0x8e0d) x12 0x0000000b
core   0: 0x80006b6a (0x0150b0b3) sltu    ra, ra, s5
core   0: 3 0x80006b6a (0x0150b0b3) x1  0x00000000
core   0: 0x80006b6e (0x00006131) c.addi16sp sp, 320
core   0: 3 0x80006b6e (0x6131) x2  0x2e001140
core   0: 0x80006b70 (0x34006573) csrrsi  a0, mscratch, 0
core   0: 3 0x80006b70 (0x34006573) x10 0x0000000b
core   0: 0x80006b74 (0xb2d28013) addi    zero, t0, -1235
core   0: 3 0x80006b74 (0xb2d28013)
core   0: 0x80006b78 (0x0000ef1d) c.bnez  a4, pc + 62
core   0: 3 0x80006b78 (0xef1d)
core   0: 0x80006bb6 (0x00000001) c.nop
core   0: 3 0x80006bb6 (0x0001)
core   0: 0x80006bb8 (0x340036f3) csrrc   a3, mscratch, zero
core   0: 3 0x80006bb8 (0x340036f3) x13 0x0000000b
core   0: 0x80006bbc (0x0000085e) c.slli  a6, 23
core   0: 3 0x80006bbc (0x085e) x16 0xe4000000
core   0: 0x80006bbe (0x00000001) c.nop
core   0: 3 0x80006bbe (0x0001)
core   0: 0x80006bc0 (0x02193233) mulhu   tp, s2, ra
core   0: 3 0x80006bc0 (0x02193233) x4  0x00000000
core   0: 0x80006bc4 (0x0ff0000f) fence   iorw,iorw
core   0: 3 0x80006bc4 (0x0ff0000f)
core   0: 0x80006bc8 (0x21f04493) xori    s1, zero, 543
core   0: 3 0x80006bc8 (0x21f04493) x9  0x0000021f
core   0: 0x80006bcc (0x005199b3) sll     s3, gp, t0
core   0: 3 0x80006bcc (0x005199b3) x19 0x80000000
core   0: 0x80006bd0 (0x4065d913) srai    s2, a1, 6
core   0: 3 0x80006bd0 (0x4065d913) x18 0x00000000
core   0: 0x80006bd4 (0x04b38263) beq     t2, a1, pc + 68
core   0: 3 0x80006bd4 (0x04b38263)
core   0: 0x80006bd8 (0x0036be33) sltu    t3, a3, gp
core   0: 3 0x80006bd8 (0x0036be33) x28 0x00000001
core   0: 0x80006bdc (0x01f05263) bge     zero, t6, pc + 4
core   0: 3 0x80006bdc (0x01f05263)
core   0: 0x80006be0 (0x020d0163) beqz    s10, pc + 34
core   0: 3 0x80006be0 (0x020d0163)
core   0: 0x80006be4 (0x02c6cb63) blt     a3, a2, pc + 54
core   0: 3 0x80006be4 (0x02c6cb63)
core   0: 0x80006be8 (0x02d97563) bgeu    s2, a3, pc + 42
core   0: 3 0x80006be8 (0x02d97563)
core   0: 0x80006bec (0x020de363) bltu    s11, zero, pc + 38
core   0: 3 0x80006bec (0x020de363)
core   0: 0x80006bf0 (0x01b663b3) or      t2, a2, s11
core   0: 3 0x80006bf0 (0x01b663b3) x7  0x70c27e3f
core   0: 0x80006bf4 (0x03c48033) mul     zero, s1, t3
core   0: 3 0x80006bf4 (0x03c48033)
core   0: 0x80006bf8 (0x5e72a613) slti    a2, t0, 1511
core   0: 3 0x80006bf8 (0x5e72a613) x12 0x00000001
core   0: 0x80006bfc (0x340067f3) csrrsi  a5, mscratch, 0
core   0: 3 0x80006bfc (0x340067f3) x15 0x0000000b
core   0: 0x80006c00 (0x00006f09) c.lui   t5, 0x2
core   0: 3 0x80006c00 (0x6f09) x30 0x00002000
core   0: 0x80006c02 (0x00006d19) c.lui   s10, 0x6
core   0: 3 0x80006c02 (0x6d19) x26 0x00006000
core   0: 0x80006c04 (0xaa0be893) ori     a7, s7, -1376
core   0: 3 0x80006c04 (0xaa0be893) x17 0xfffffaa0
core   0: 0x80006c08 (0x00f6e563) bltu    a3, a5, pc + 10
core   0: 3 0x80006c08 (0x00f6e563)
core   0: 0x80006c0c (0x0000100f) fence.i
core   0: 3 0x80006c0c (0x0000100f)
core   0: 0x80006c10 (0x000089c1) c.andi  a1, 16
core   0: 3 0x80006c10 (0x89c1) x11 0x00000000
core   0: 0x80006c12 (0x00008125) c.srli  a0, 9
core   0: 3 0x80006c12 (0x8125) x10 0x00000000
core   0: 0x80006c14 (0x024440b3) div     ra, s0, tp
core   0: 3 0x80006c14 (0x024440b3) x1  0xffffffff
core   0: 0x80006c18 (0x00000545) c.addi  a0, 17
core   0: 3 0x80006c18 (0x0545) x10 0x00000011
core   0: 0x80006c1a (0x02aa5e33) divu    t3, s4, a0
core   0: 3 0x80006c1a (0x02aa5e33) x28 0x00000001
core   0: 0x80006c1e (0x00001b7d) c.addi  s6, -1
core   0: 3 0x80006c1e (0x1b7d) x22 0x0000000a
core   0: 0x80006c20 (0x02821b33) mulh    s6, tp, s0
core   0: 3 0x80006c20 (0x02821b33) x22 0x00000000
core   0: 0x80006c24 (0x0029da93) srli    s5, s3, 2
core   0: 3 0x80006c24 (0x0029da93) x21 0x20000000
core   0: 0x80006c28 (0x00029fb3) sll     t6, t0, zero
core   0: 3 0x80006c28 (0x00029fb3) x31 0xfffffebe
core   0: 0x80006c2c (0xfd323293) sltiu   t0, tp, -45
core   0: 3 0x80006c2c (0xfd323293) x5  0x00000001
core   0: 0x80006c30 (0x00008d5d) c.or    a0, a5
core   0: 3 0x80006c30 (0x8d5d) x10 0x0000001b
core   0: 0x80006c32 (0x0000100f) fence.i
core   0: 3 0x80006c32 (0x0000100f)
core   0: 0x80006c36 (0x00006add) c.lui   s5, 0x17
core   0: 3 0x80006c36 (0x6add) x21 0x00017000
core   0: 0x80006c38 (0x41d9da13) srai    s4, s3, 29
core   0: 3 0x80006c38 (0x41d9da13) x20 0xfffffffc
core   0: 0x80006c3c (0x03c8f133) remu    sp, a7, t3
core   0: 3 0x80006c3c (0x03c8f133) x2  0x00000000
core   0: 0x80006c40 (0x02709833) mulh    a6, ra, t2
core   0: 3 0x80006c40 (0x02709833) x16 0xffffffff
core   0: 0x80006c44 (0x0000ca0d) c.beqz  a2, pc + 50
core   0: 3 0x80006c44 (0xca0d)
core   0: 0x80006c46 (0x029163b3) rem     t2, sp, s1
core   0: 3 0x80006c46 (0x029163b3) x7  0x00000000
core   0: 0x80006c4a (0x02581033) mulh    zero, a6, t0
core   0: 3 0x80006c4a (0x02581033)
core   0: 0x80006c4e (0x00e61333) sll     t1, a2, a4
core   0: 3 0x80006c4e (0x00e61333) x6  0x00000010
core   0: 0x80006c52 (0x006da9b3) slt     s3, s11, t1
core   0: 3 0x80006c52 (0x006da9b3) x19 0x00000000
core   0: 0x80006c56 (0x8f368e13) addi    t3, a3, -1805
core   0: 3 0x80006c56 (0x8f368e13) x28 0xfffff8fe
core   0: 0x80006c5a (0x00009d92) c.add   s11, tp
core   0: 3 0x80006c5a (0x9d92) x27 0x70c27e3c
core   0: 0x80006c5c (0x03f111b3) mulh    gp, sp, t6
core   0: 3 0x80006c5c (0x03f111b3) x3  0x00000000
core   0: 0x80006c60 (0x000c01b3) add     gp, s8, zero
core   0: 3 0x80006c60 (0x000c01b3) x3  0x80025ea4
core   0: 0x80006c64 (0x00008dbd) c.xor   a1, a5
core   0: 3 0x80006c64 (0x8dbd) x11 0x0000000b
core   0: 0x80006c66 (0x00000671) c.addi  a2, 28
core   0: 3 0x80006c66 (0x0671) x12 0x0000001d
core   0: 0x80006c68 (0x000098fd) c.andi  s1, -1
core   0: 3 0x80006c68 (0x98fd) x9  0x0000021f
core   0: 0x80006c6a (0x86082913) slti    s2, a6, -1952
core   0: 3 0x80006c6a (0x86082913) x18 0x00000000
core   0: 0x80006c6e (0x03844113) xori    sp, s0, 56
core   0: 3 0x80006c6e (0x03844113) x2  0xf0a6eff9
core   0: 0x80006c72 (0x00000d4e) c.slli  s10, 19
core   0: 3 0x80006c72 (0x0d4e) x26 0x00000000
core   0: 0x80006c74 (0x00009dca) c.add   s11, s2
core   0: 3 0x80006c74 (0x9dca) x27 0x70c27e3c
core   0: 0x80006c76 (0x022ee733) rem     a4, t4, sp
core   0: 3 0x80006c76 (0x022ee733) x14 0xfacb1d5c
core   0: 0x80006c7a (0x030fd833) divu    a6, t6, a6
core   0: 3 0x80006c7a (0x030fd833) x16 0x00000000
core   0: 0x80006c7e (0x000067dd) c.lui   a5, 0x17
core   0: 3 0x80006c7e (0x67dd) x15 0x00017000
core   0: 0x80006c80 (0x00000511) c.addi  a0, 4
core   0: 3 0x80006c80 (0x0511) x10 0x0000001f
core   0: 0x80006c82 (0x0000867d) c.srai  a2, 31
core   0: 3 0x80006c82 (0x867d) x12 0x00000000
core   0: 0x80006c84 (0x00001584) c.addi4spn s1, sp, 736
core   0: 3 0x80006c84 (0x1584) x9  0xf0a6f2d9
core   0: 0x80006c86 (0x0484e363) bltu    s1, s0, pc + 70
core   0: 3 0x80006c86 (0x0484e363)
core   0: 0x80006c8a (0x028f80b3) mul     ra, t6, s0
core   0: 3 0x80006c8a (0x028f80b3) x1  0x4e066f3e
core   0: 0x80006c8e (0x03ef1bb3) mulh    s7, t5, t5
core   0: 3 0x80006c8e (0x03ef1bb3) x23 0x00000000
core   0: 0x80006c92 (0x3409f673) csrrci  a2, mscratch, 19
core   0: 3 0x80006c92 (0x3409f673) x12 0x0000000b c832_mscratch 0x00000008
core   0: 0x80006c96 (0x01098d33) add     s10, s3, a6
core   0: 3 0x80006c96 (0x01098d33) x26 0x00000000
core   0: 0x80006c9a (0x0000014e) c.slli  sp, 19
core   0: 3 0x80006c9a (0x014e) x2  0x7fc80000
core   0: 0x80006c9c (0x003c0363) beq     s8, gp, pc + 6
core   0: 3 0x80006c9c (0x003c0363)
core   0: 0x80006ca2 (0x00008b9e) c.mv    s7, t2
core   0: 3 0x80006ca2 (0x8b9e) x23 0x00000000
core   0: 0x80006ca4 (0x00000001) c.nop
core   0: 3 0x80006ca4 (0x0001)
core   0: 0x80006ca6 (0x3406a573) csrrs   a0, mscratch, a3
core   0: 3 0x80006ca6 (0x3406a573) x10 0x00000008 c832_mscratch 0x0000000b
core   0: 0x80006caa (0x013f6033) or      zero, t5, s3
core   0: 3 0x80006caa (0x013f6033)
core   0: 0x80006cae (0x01d57cb3) and     s9, a0, t4
core   0: 3 0x80006cae (0x01d57cb3) x25 0x00000000
core   0: 0x80006cb2 (0x41bcd9b3) sra     s3, s9, s11
core   0: 3 0x80006cb2 (0x41bcd9b3) x19 0x00000000
core   0: 0x80006cb6 (0x018ad863) bge     s5, s8, pc + 16
core   0: 3 0x80006cb6 (0x018ad863)
core   0: 0x80006cc6 (0x01daefb3) or      t6, s5, t4
core   0: 3 0x80006cc6 (0x01daefb3) x31 0x8003fd24
core   0: 0x80006cca (0x00000232) c.slli  tp, 12
core   0: 3 0x80006cca (0x0232) x4  0x00000000
core   0: 0x80006ccc (0x07b36897) auipc   a7, 0x7b36
core   0: 3 0x80006ccc (0x07b36897) x17 0x87b3cccc
core   0: 0x80006cd0 (0x01059293) slli    t0, a1, 16
core   0: 3 0x80006cd0 (0x01059293) x5  0x000b0000
core   0: 0x80006cd4 (0x002fe733) or      a4, t6, sp
core   0: 3 0x80006cd4 (0x002fe733) x14 0xffcbfd24
core   0: 0x80006cd8 (0x0335e933) rem     s2, a1, s3
core   0: 3 0x80006cd8 (0x0335e933) x18 0x0000000b
core   0: 0x80006cdc (0x005545b3) xor     a1, a0, t0
core   0: 3 0x80006cdc (0x005545b3) x11 0x000b0008
core   0: 0x80006ce0 (0x02f69d33) mulh    s10, a3, a5
core   0: 3 0x80006ce0 (0x02f69d33) x26 0x00000000
core   0: 0x80006ce4 (0xd4d30793) addi    a5, t1, -691
core   0: 3 0x80006ce4 (0xd4d30793) x15 0xfffffd5d
core   0: 0x80006ce8 (0x007bfab3) and     s5, s7, t2
core   0: 3 0x80006ce8 (0x007bfab3) x21 0x00000000
core   0: 0x80006cec (0x00000001) c.nop
core   0: 3 0x80006cec (0x0001)
core   0: 0x80006cee (0x0000100f) fence.i
core   0: 3 0x80006cee (0x0000100f)
core   0: 0x80006cf2 (0x028dc763) blt     s11, s0, pc + 46
core   0: 3 0x80006cf2 (0x028dc763)
core   0: 0x80006cf6 (0x02bd9463) bne     s11, a1, pc + 40
core   0: 3 0x80006cf6 (0x02bd9463)
core   0: 0x80006d1e (0x00000b9e) c.slli  s7, 7
core   0: 3 0x80006d1e (0x0b9e) x23 0x00000000
core   0: 0x80006d20 (0x9a424237) lui     tp, 0x9a424
core   0: 3 0x80006d20 (0x9a424237) x4  0x9a424000
core   0: 0x80006d24 (0x340ee2f3) csrrsi  t0, mscratch, 29
core   0: 3 0x80006d24 (0x340ee2f3) x5  0x0000000b c832_mscratch 0x0000001f
core   0: 0x80006d28 (0x0345af33) mulhsu  t5, a1, s4
core   0: 3 0x80006d28 (0x0345af33) x30 0x000b0007
core   0: 0x80006d2c (0x01c55b33) srl     s6, a0, t3
core   0: 3 0x80006d2c (0x01c55b33) x22 0x00000000
core   0: 0x80006d30 (0x00000790) c.addi4spn a2, sp, 960
core   0: 3 0x80006d30 (0x0790) x12 0x7fc803c0
core   0: 0x80006d32 (0x00006105) c.addi16sp sp, 32
core   0: 3 0x80006d32 (0x6105) x2  0x7fc80020
core   0: 0x80006d34 (0x013f8133) add     sp, t6, s3
core   0: 3 0x80006d34 (0x013f8133) x2  0x8003fd24
core   0: 0x80006d38 (0x014e5513) srli    a0, t3, 20
core   0: 3 0x80006d38 (0x014e5513) x10 0x00000fff
core   0: 0x80006d3c (0x3406f6f3) csrrci  a3, mscratch, 13
core   0: 3 0x80006d3c (0x3406f6f3) x13 0x0000001f c832_mscratch 0x00000012
core   0: 0x80006d40 (0x000003f2) c.slli  t2, 28
core   0: 3 0x80006d40 (0x03f2) x7  0x00000000
core   0: 0x80006d42 (0x0000961a) c.add   a2, t1
core   0: 3 0x80006d42 (0x961a) x12 0x7fc803d0
core   0: 0x80006d44 (0x00006159) c.addi16sp sp, 400
core   0: 3 0x80006d44 (0x6159) x2  0x8003feb4
core   0: 0x80006d46 (0x340df873) csrrci  a6, mscratch, 27
core   0: 3 0x80006d46 (0x340df873) x16 0x00000012 c832_mscratch 0x00000000
core   0: 0x80006d4a (0x000085b9) c.srai  a1, 14
core   0: 3 0x80006d4a (0x85b9) x11 0x0000002c
core   0: 0x80006d4c (0x01be58b3) srl     a7, t3, s11
core   0: 3 0x80006d4c (0x01be58b3) x17 0x0000000f
core   0: 0x80006d50 (0x5393c113) xori    sp, t2, 1337
core   0: 3 0x80006d50 (0x5393c113) x2  0x00000539
core   0: 0x80006d54 (0x0000c991) c.beqz  a1, pc + 20
core   0: 3 0x80006d54 (0xc991)
core   0: 0x80006d56 (0x03c267b3) rem     a5, tp, t3
core   0: 3 0x80006d56 (0x03c267b3) x15 0xfffffd58
core   0: 0x80006d5a (0x340a17f3) csrrw   a5, mscratch, s4
core   0: 3 0x80006d5a (0x340a17f3) x15 0x00000000 c832_mscratch 0xfffffffc
core   0: 0x80006d5e (0x017bee63) bltu    s7, s7, pc + 28
core   0: 3 0x80006d5e (0x017bee63)
core   0: 0x80006d62 (0x00405963) bge     zero, tp, pc + 18
core   0: 3 0x80006d62 (0x00405963)
core   0: 0x80006d74 (0x00008f55) c.or    a4, a3
core   0: 3 0x80006d74 (0x8f55) x14 0xffcbfd3f
core   0: 0x80006d76 (0x018d9f93) slli    t6, s11, 24
core   0: 3 0x80006d76 (0x018d9f93) x31 0x3c000000
core   0: 0x80006d7a (0x02d88333) mul     t1, a7, a3
core   0: 3 0x80006d7a (0x02d88333) x6  0x000001d1
core   0: 0x80006d7e (0x340070f3) csrrci  ra, mscratch, 0
core   0: 3 0x80006d7e (0x340070f3) x1  0xfffffffc
core   0: 0x80006d82 (0x00000001) c.nop
core   0: 3 0x80006d82 (0x0001)
core   0: 0x80006d84 (0x014b9d13) slli    s10, s7, 20
core   0: 3 0x80006d84 (0x014b9d13) x26 0x00000000
core   0: 0x80006d88 (0x01ab3cb3) sltu    s9, s6, s10
core   0: 3 0x80006d88 (0x01ab3cb3) x25 0x00000000
core   0: 0x80006d8c (0x3fed2593) slti    a1, s10, 1022
core   0: 3 0x80006d8c (0x3fed2593) x11 0x00000001
core   0: 0x80006d90 (0xf52d3193) sltiu   gp, s10, -174
core   0: 3 0x80006d90 (0xf52d3193) x3  0x00000001
core   0: 0x80006d94 (0x14a7c717) auipc   a4, 0x14a7c
core   0: 3 0x80006d94 (0x14a7c717) x14 0x94a82d94
core   0: 0x80006d98 (0xf3d7ad93) slti    s11, a5, -195
core   0: 3 0x80006d98 (0xf3d7ad93) x27 0x00000000
core   0: 0x80006d9c (0x00008e45) c.or    a2, s1
core   0: 3 0x80006d9c (0x8e45) x12 0xffeef3d9
core   0: 0x80006d9e (0x000f07b3) add     a5, t5, zero
core   0: 3 0x80006d9e (0x000f07b3) x15 0x000b0007
core   0: 0x80006da2 (0x0000c49d) c.beqz  s1, pc + 46
core   0: 3 0x80006da2 (0xc49d)
core   0: 0x80006da4 (0x405b8cb3) sub     s9, s7, t0
core   0: 3 0x80006da4 (0x405b8cb3) x25 0xfffffff5
core   0: 0x80006da8 (0x017fc5b3) xor     a1, t6, s7
core   0: 3 0x80006da8 (0x017fc5b3) x11 0x3c000000
core   0: 0x80006dac (0x00000665) c.addi  a2, 25
core   0: 3 0x80006dac (0x0665) x12 0xffeef3f2
core   0: 0x80006dae (0x40028633) sub     a2, t0, zero
core   0: 3 0x80006dae (0x40028633) x12 0x0000000b
core   0: 0x80006db2 (0x05c51163) bne     a0, t3, pc + 66
core   0: 3 0x80006db2 (0x05c51163)
core   0: 0x80006df4 (0x014deb33) or      s6, s11, s4
core   0: 3 0x80006df4 (0x014deb33) x22 0xfffffffc
core   0: 0x80006df8 (0xd53ca793) slti    a5, s9, -685
core   0: 3 0x80006df8 (0xd53ca793) x15 0x00000000
core   0: 0x80006dfc (0x00006a61) c.lui   s4, 0x18
core   0: 3 0x80006dfc (0x6a61) x20 0x00018000
core   0: 0x80006dfe (0x419904b3) sub     s1, s2, s9
core   0: 3 0x80006dfe (0x419904b3) x9  0x00000016
core   0: 0x80006e02 (0x0087d093) srli    ra, a5, 8
core   0: 3 0x80006e02 (0x0087d093) x1  0x00000000
core   0: 0x80006e06 (0x41f58f33) sub     t5, a1, t6
core   0: 3 0x80006e06 (0x41f58f33) x30 0x00000000
core   0: 0x80006e0a (0x40435d13) srai    s10, t1, 4
core   0: 3 0x80006e0a (0x40435d13) x26 0x0000001d
core   0: 0x80006e0e (0xc9ae0693) addi    a3, t3, -870
core   0: 3 0x80006e0e (0xc9ae0693) x13 0xfffff598
core   0: 0x80006e12 (0xbc186313) ori     t1, a6, -1087
core   0: 3 0x80006e12 (0xbc186313) x6  0xfffffbd3
core   0: 0x80006e16 (0x4167dd13) srai    s10, a5, 22
core   0: 3 0x80006e16 (0x4167dd13) x26 0x00000000
core   0: 0x80006e1a (0x340bd073) csrwi   mscratch, 23
core   0: 3 0x80006e1a (0x340bd073) c832_mscratch 0x00000017
core   0: 0x80006e1e (0x03c8fe63) bgeu    a7, t3, pc + 60
core   0: 3 0x80006e1e (0x03c8fe63)
core   0: 0x80006e22 (0x03e47233) remu    tp, s0, t5
core   0: 3 0x80006e22 (0x03e47233) x4  0xf0a6efc1
core   0: 0x80006e26 (0x340067f3) csrrsi  a5, mscratch, 0
core   0: 3 0x80006e26 (0x340067f3) x15 0x00000017
core   0: 0x80006e2a (0x00000001) c.nop
core   0: 3 0x80006e2a (0x0001)
core   0: 0x80006e2c (0x0362bab3) mulhu   s5, t0, s6
core   0: 3 0x80006e2c (0x0362bab3) x21 0x0000000a
core   0: 0x80006e30 (0x00008d62) c.mv    s10, s8
core   0: 3 0x80006e30 (0x8d62) x26 0x80025ea4
core   0: 0x80006e32 (0x009f92b3) sll     t0, t6, s1
core   0: 3 0x80006e32 (0x009f92b3) x5  0x00000000
core   0: 0x80006e36 (0x01bd1933) sll     s2, s10, s11
core   0: 3 0x80006e36 (0x01bd1933) x18 0x80025ea4
core   0: 0x80006e3a (0x340062f3) csrrsi  t0, mscratch, 0
core   0: 3 0x80006e3a (0x340062f3) x5  0x00000017
core   0: 0x80006e3e (0xef1d6513) ori     a0, s10, -271
core   0: 3 0x80006e3e (0xef1d6513) x10 0xfffffef5
core   0: 0x80006e42 (0x0266bab3) mulhu   s5, a3, t1
core   0: 3 0x80006e42 (0x0266bab3) x21 0xfffff16b
core   0: 0x80006e46 (0xc8c07013) andi    zero, zero, -884
core   0: 3 0x80006e46 (0xc8c07013)
core   0: 0x80006e4a (0x406401b3) sub     gp, s0, t1
core   0: 3 0x80006e4a (0x406401b3) x3  0xf0a6f3ee
core   0: 0x80006e4e (0x401705b3) sub     a1, a4, ra
core   0: 3 0x80006e4e (0x401705b3) x11 0x94a82d94
core   0: 0x80006e52 (0x0107d233) srl     tp, a5, a6
core   0: 3 0x80006e52 (0x0107d233) x4  0x00000000
core   0: 0x80006e56 (0x02a30b63) beq     t1, a0, pc + 54
core   0: 3 0x80006e56 (0x02a30b63)
core   0: 0x80006e5a (0x000080cd) c.srli  s1, 19
core   0: 3 0x80006e5a (0x80cd) x9  0x00000000
core   0: 0x80006e5c (0x03b7b933) mulhu   s2, a5, s11
core   0: 3 0x80006e5c (0x03b7b933) x18 0x00000000
core   0: 0x80006e60 (0x00000001) c.nop
core   0: 3 0x80006e60 (0x0001)
core   0: 0x80006e62 (0x41fed913) srai    s2, t4, 31
core   0: 3 0x80006e62 (0x41fed913) x18 0xffffffff
core   0: 0x80006e66 (0x340ca2f3) csrrs   t0, mscratch, s9
core   0: 3 0x80006e66 (0x340ca2f3) x5  0x00000017 c832_mscratch 0xfffffff7
core   0: 0x80006e6a (0x00008cdd) c.or    s1, a5
core   0: 3 0x80006e6a (0x8cdd) x9  0x00000017
core   0: 0x80006e6c (0x00661563) bne     a2, t1, pc + 10
core   0: 3 0x80006e6c (0x00661563)
core   0: 0x80006e76 (0x34007cf3) csrrci  s9, mscratch, 0
core   0: 3 0x80006e76 (0x34007cf3) x25 0xfffffff7
core   0: 0x80006e7a (0x0000717d) c.addi16sp sp, -16
core   0: 3 0x80006e7a (0x717d) x2  0x00000529
core   0: 0x80006e7c (0x3407bcf3) csrrc   s9, mscratch, a5
core   0: 3 0x80006e7c (0x3407bcf3) x25 0xfffffff7 c832_mscratch 0xffffffe0
core   0: 0x80006e80 (0x40198233) sub     tp, s3, ra
core   0: 3 0x80006e80 (0x40198233) x4  0x00000000
core   0: 0x80006e84 (0x0000814d) c.srli  a0, 19
core   0: 3 0x80006e84 (0x814d) x10 0x00001fff
core   0: 0x80006e86 (0xa0189c97) auipc   s9, 0xa0189
core   0: 3 0x80006e86 (0xa0189c97) x25 0x2018fe86
core   0: 0x80006e8a (0x000050fd) c.li    ra, -1
core   0: 3 0x80006e8a (0x50fd) x1  0xffffffff
core   0: 0x80006e8c (0x2002f493) andi    s1, t0, 512
core   0: 3 0x80006e8c (0x2002f493) x9  0x00000000
core   0: 0x80006e90 (0xf3b2e093) ori     ra, t0, -197
core   0: 3 0x80006e90 (0xf3b2e093) x1  0xffffff3f
core   0: 0x80006e94 (0x419a8733) sub     a4, s5, s9
core   0: 3 0x80006e94 (0x419a8733) x14 0xdfe6f2e5
core   0: 0x80006e98 (0xc60aa593) slti    a1, s5, -928
core   0: 3 0x80006e98 (0xc60aa593) x11 0x00000001
core   0: 0x80006e9c (0x000083f5) c.srli  a5, 29
core   0: 3 0x80006e9c (0x83f5) x15 0x00000000
core   0: 0x80006e9e (0xcde44393) xori    t2, s0, -802
core   0: 3 0x80006e9e (0xcde44393) x7  0x0f59131f
core   0: 0x80006ea2 (0x679ab193) sltiu   gp, s5, 1657
core   0: 3 0x80006ea2 (0x679ab193) x3  0x00000000
core   0: 0x80006ea6 (0x02d1c9b3) div     s3, gp, a3
core   0: 3 0x80006ea6 (0x02d1c9b3) x19 0x00000000
core   0: 0x80006eaa (0x00195a93) srli    s5, s2, 1
core   0: 3 0x80006eaa (0x00195a93) x21 0x7fffffff
core   0: 0x80006eae (0x40a9dab3) sra     s5, s3, a0
core   0: 3 0x80006eae (0x40a9dab3) x21 0x00000000
core   0: 0x80006eb2 (0x0173f563) bgeu    t2, s7, pc + 10
core   0: 3 0x80006eb2 (0x0173f563)
core   0: 0x80006ebc (0x332cae13) slti    t3, s9, 818
core   0: 3 0x80006ebc (0x332cae13) x28 0x00000000
core   0: 0x80006ec0 (0x1f0edb97) auipc   s7, 0x1f0ed
core   0: 3 0x80006ec0 (0x1f0edb97) x23 0x9f0f3ec0
core   0: 0x80006ec4 (0x00fda033) slt     zero, s11, a5
core   0: 3 0x80006ec4 (0x00fda033)
core   0: 0x80006ec8 (0x000051fd) c.li    gp, -1
core   0: 3 0x80006ec8 (0x51fd) x3  0xffffffff
core   0: 0x80006eca (0x4c02b9b7) lui     s3, 0x4c02b
core   0: 3 0x80006eca (0x4c02b9b7) x19 0x4c02b000
core   0: 0x80006ece (0x401c5833) sra     a6, s8, ra
core   0: 3 0x80006ece (0x401c5833) x16 0xffffffff
core   0: 0x80006ed2 (0x0b45a213) slti    tp, a1, 180
core   0: 3 0x80006ed2 (0x0b45a213) x4  0x00000001
core   0: 0x80006ed6 (0x00fac6b3) xor     a3, s5, a5
core   0: 3 0x80006ed6 (0x00fac6b3) x13 0x00000000
core   0: 0x80006eda (0x03dd26b3) mulhsu  a3, s10, t4
core   0: 3 0x80006eda (0x03dd26b3) x13 0xbfffe0c6
core   0: 0x80006ede (0x34002373) csrr    t1, mscratch
core   0: 3 0x80006ede (0x34002373) x6  0xffffffe0
core   0: 0x80006ee2 (0xd6efc393) xori    t2, t6, -658
core   0: 3 0x80006ee2 (0xd6efc393) x7  0xc3fffd6e
core   0: 0x80006ee6 (0x009ab0b3) sltu    ra, s5, s1
core   0: 3 0x80006ee6 (0x009ab0b3) x1  0x00000000
core   0: 0x80006eea (0x01f0c4b3) xor     s1, ra, t6
core   0: 3 0x80006eea (0x01f0c4b3) x9  0x3c000000
core   0: 0x80006eee (0x0088e0b3) or      ra, a7, s0
core   0: 3 0x80006eee (0x0088e0b3) x1  0xf0a6efcf
core   0: 0x80006ef2 (0x03c31663) bne     t1, t3, pc + 44
core   0: 3 0x80006ef2 (0x03c31663)
core   0: 0x80006f1e (0x4074d9b3) sra     s3, s1, t2
core   0: 3 0x80006f1e (0x4074d9b3) x19 0x0000f000
core   0: 0x80006f22 (0x023906b3) mul     a3, s2, gp
core   0: 3 0x80006f22 (0x023906b3) x13 0x00000001
core   0: 0x80006f26 (0xe63ae737) lui     a4, 0xe63ae
core   0: 3 0x80006f26 (0xe63ae737) x14 0xe63ae000
core   0: 0x80006f2a (0x03828763) beq     t0, s8, pc + 46
core   0: 3 0x80006f2a (0x03828763)
core   0: 0x80006f2e (0x0000971e) c.add   a4, t2
core   0: 3 0x80006f2e (0x971e) x14 0xaa3add6e
core   0: 0x80006f30 (0x00001bfd) c.addi  s7, -1
core   0: 3 0x80006f30 (0x1bfd) x23 0x9f0f3ebf
core   0: 0x80006f32 (0x00000001) c.nop
core   0: 3 0x80006f32 (0x0001)
core   0: 0x80006f34 (0x00008e7d) c.and   a2, a5
core   0: 3 0x80006f34 (0x8e7d) x12 0x00000000
core   0: 0x80006f36 (0x0000878d) c.srai  a5, 3
core   0: 3 0x80006f36 (0x878d) x15 0x00000000
core   0: 0x80006f38 (0x003c1813) slli    a6, s8, 3
core   0: 3 0x80006f38 (0x003c1813) x16 0x0012f520
core   0: 0x80006f3c (0x0000ca95) c.beqz  a3, pc + 52
core   0: 3 0x80006f3c (0xca95)
core   0: 0x80006f3e (0x0000026e) c.slli  tp, 27
core   0: 3 0x80006f3e (0x026e) x4  0x08000000
core   0: 0x80006f40 (0x684ba313) slti    t1, s7, 1668
core   0: 3 0x80006f40 (0x684ba313) x6  0x00000001
core   0: 0x80006f44 (0x00000001) c.nop
core   0: 3 0x80006f44 (0x0001)
core   0: 0x80006f46 (0x03357063) bgeu    a0, s3, pc + 32
core   0: 3 0x80006f46 (0x03357063)
core   0: 0x80006f4a (0x00000704) c.addi4spn s1, sp, 896
core   0: 3 0x80006f4a (0x0704) x9  0x000008a9
core   0: 0x80006f4c (0x05905163) bge     zero, s9, pc + 66
core   0: 3 0x80006f4c (0x05905163)
core   0: 0x80006f50 (0x0034a1b3) slt     gp, s1, gp
core   0: 3 0x80006f50 (0x0034a1b3) x3  0x00000000
core   0: 0x80006f54 (0x00dbe8b3) or      a7, s7, a3
core   0: 3 0x80006f54 (0x00dbe8b3) x17 0x9f0f3ebf
core   0: 0x80006f58 (0x340022f3) csrr    t0, mscratch
core   0: 3 0x80006f58 (0x340022f3) x5  0xffffffe0
core   0: 0x80006f5c (0x0000c789) c.beqz  a5, pc + 10
core   0: 3 0x80006f5c (0xc789)
core   0: 0x80006f66 (0x01625e63) bge     tp, s6, pc + 28
core   0: 3 0x80006f66 (0x01625e63)
core   0: 0x80006f82 (0x00008d6d) c.and   a0, a1
core   0: 3 0x80006f82 (0x8d6d) x10 0x00000001
core   0: 0x80006f84 (0x0000717d) c.addi16sp sp, -16
core   0: 3 0x80006f84 (0x717d) x2  0x00000519
core   0: 0x80006f86 (0x0ff0000f) fence   iorw,iorw
core   0: 3 0x80006f86 (0x0ff0000f)
core   0: 0x80006f8a (0x0368bdb3) mulhu   s11, a7, s6
core   0: 3 0x80006f8a (0x0368bdb3) x27 0x9f0f3ebc
core   0: 0x80006f8e (0x0000cd91) c.beqz  a1, pc + 28
core   0: 3 0x80006f8e (0xcd91)
core   0: 0x80006f90 (0x00009e16) c.add   t3, t0
core   0: 3 0x80006f90 (0x9e16) x28 0xffffffe0
core   0: 0x80006f92 (0x0000c89d) c.beqz  s1, pc + 54
core   0: 3 0x80006f92 (0xc89d)
core   0: 0x80006f94 (0x0000100f) fence.i
core   0: 3 0x80006f94 (0x0000100f)
core   0: 0x80006f98 (0x3403a9f3) csrrs   s3, mscratch, t2
core   0: 3 0x80006f98 (0x3403a9f3) x19 0xffffffe0 c832_mscratch 0xffffffee
core   0: 0x80006f9c (0xe7300993) li      s3, -397
core   0: 3 0x80006f9c (0xe7300993) x19 0xfffffe73
core   0: 0x80006fa0 (0x00008f91) c.sub   a5, a2
core   0: 3 0x80006fa0 (0x8f91) x15 0x00000000
core   0: 0x80006fa2 (0x00008521) c.srai  a0, 8
core   0: 3 0x80006fa2 (0x8521) x10 0x00000000
core   0: 0x80006fa4 (0x000080dd) c.srli  s1, 23
core   0: 3 0x80006fa4 (0x80dd) x9  0x00000000
core   0: 0x80006fa6 (0x00b01fb3) sll     t6, zero, a1
core   0: 3 0x80006fa6 (0x00b01fb3) x31 0x00000000
core   0: 0x80006faa (0x00000001) c.nop
core   0: 3 0x80006faa (0x0001)
core   0: 0x80006fac (0x29578213) addi    tp, a5, 661
core   0: 3 0x80006fac (0x29578213) x4  0x00000295
core   0: 0x80006fb0 (0x00008f9d) c.sub   a5, a5
core   0: 3 0x80006fb0 (0x8f9d) x15 0x00000000
core   0: 0x80006fb2 (0x34065573) csrrwi  a0, mscratch, 12
core   0: 3 0x80006fb2 (0x34065573) x10 0xffffffee c832_mscratch 0x0000000c
core   0: 0x80006fb6 (0x01fc9493) slli    s1, s9, 31
core   0: 3 0x80006fb6 (0x01fc9493) x9  0x00000000
core   0: 0x80006fba (0x007f1563) bne     t5, t2, pc + 10
core   0: 3 0x80006fba (0x007f1563)
core   0: 0x80006fc4 (0x0ff0000f) fence   iorw,iorw
core   0: 3 0x80006fc4 (0x0ff0000f)
core   0: 0x80006fc8 (0x000086fa) c.mv    a3, t5
core   0: 3 0x80006fc8 (0x86fa) x13 0x00000000
core   0: 0x80006fca (0x0043c563) blt     t2, tp, pc + 10
core   0: 3 0x80006fca (0x0043c563)
core   0: 0x80006fd4 (0x65ceccb7) lui     s9, 0x65cec
core   0: 3 0x80006fd4 (0x65ceccb7) x25 0x65cec000
core   0: 0x80006fd8 (0x01f54733) xor     a4, a0, t6
core   0: 3 0x80006fd8 (0x01f54733) x14 0xffffffee
core   0: 0x80006fdc (0xd57ae113) ori     sp, s5, -681
core   0: 3 0x80006fdc (0xd57ae113) x2  0xfffffd57
core   0: 0x80006fe0 (0x00006091) c.lui   ra, 0x4
core   0: 3 0x80006fe0 (0x6091) x1  0x00004000
core   0: 0x80006fe2 (0x616bf497) auipc   s1, 0x616bf
core   0: 3 0x80006fe2 (0x616bf497) x9  0xe16c5fe2
core   0: 0x80006fe6 (0x34002af3) csrr    s5, mscratch
core   0: 3 0x80006fe6 (0x34002af3) x21 0x0000000c
core   0: 0x80006fea (0x00008e45) c.or    a2, s1
core   0: 3 0x80006fea (0x8e45) x12 0xe16c5fe2
core   0: 0x80006fec (0x00000001) c.nop
core   0: 3 0x80006fec (0x0001)
core   0: 0x80006fee (0x41be8ab3) sub     s5, t4, s11
core   0: 3 0x80006fee (0x41be8ab3) x21 0xe0f35e68
core   0: 0x80006ff2 (0x00008899) c.andi  s1, 6
core   0: 3 0x80006ff2 (0x8899) x9  0x00000002
core   0: 0x80006ff4 (0x34092273) csrrs   tp, mscratch, s2
core   0: 3 0x80006ff4 (0x34092273) x4  0x0000000c c832_mscratch 0xffffffff
core   0: 0x80006ff8 (0x02b88633) mul     a2, a7, a1
core   0: 3 0x80006ff8 (0x02b88633) x12 0x9f0f3ebf
core   0: 0x80006ffc (0x016524b3) slt     s1, a0, s6
core   0: 3 0x80006ffc (0x016524b3) x9  0x00000001
core   0: 0x80007000 (0x00006169) c.addi16sp sp, 208
core   0: 3 0x80007000 (0x6169) x2  0xfffffe27
core   0: 0x80007002 (0x00909763) bne     ra, s1, pc + 14
core   0: 3 0x80007002 (0x00909763)
core   0: 0x80007010 (0xdf9c7397) auipc   t2, 0xdf9c7
core   0: 3 0x80007010 (0xdf9c7397) x7  0x5f9ce010
core   0: 0x80007014 (0x000084dd) c.srai  s1, 23
core   0: 3 0x80007014 (0x84dd) x9  0x00000000
core   0: 0x80007016 (0x02989633) mulh    a2, a7, s1
core   0: 3 0x80007016 (0x02989633) x12 0x00000000
core   0: 0x8000701a (0x03467b33) remu    s6, a2, s4
core   0: 3 0x8000701a (0x03467b33) x22 0x00000000
core   0: 0x8000701e (0x0000c48d) c.beqz  s1, pc + 42
core   0: 3 0x8000701e (0xc48d)
core   0: 0x80007048 (0x0ff0000f) fence   iorw,iorw
core   0: 3 0x80007048 (0x0ff0000f)
core   0: 0x8000704c (0x40e30833) sub     a6, t1, a4
core   0: 3 0x8000704c (0x40e30833) x16 0x00000013
core   0: 0x80007050 (0x033b0863) beq     s6, s3, pc + 48
core   0: 3 0x80007050 (0x033b0863)
core   0: 0x80007054 (0x41d2d013) srai    zero, t0, 29
core   0: 3 0x80007054 (0x41d2d013)
core   0: 0x80007058 (0x0000100f) fence.i
core   0: 3 0x80007058 (0x0000100f)
core   0: 0x8000705c (0x00009b86) c.add   s7, ra
core   0: 3 0x8000705c (0x9b86) x23 0x9f0f7ebf
core   0: 0x8000705e (0xd0fda013) slti    zero, s11, -753
core   0: 3 0x8000705e (0xd0fda013)
core   0: 0x80007062 (0x00006125) c.addi16sp sp, 96
core   0: 3 0x80007062 (0x6125) x2  0xfffffe87
core   0: 0x80007064 (0x6bd68b17) auipc   s6, 0x6bd68
core   0: 3 0x80007064 (0x6bd68b17) x22 0xebd6f064
core   0: 0x80007068 (0x00008d01) c.sub   a0, s0
core   0: 3 0x80007068 (0x8d01) x10 0x0f59102d
core   0: 0x8000706a (0x02fbe1b3) rem     gp, s7, a5
core   0: 3 0x8000706a (0x02fbe1b3) x3  0x9f0f7ebf
core   0: 0x8000706e (0x340c6cf3) csrrsi  s9, mscratch, 24
core   0: 3 0x8000706e (0x340c6cf3) x25 0xffffffff c832_mscratch 0xffffffff
core   0: 0x80007072 (0x00803833) snez    a6, s0
core   0: 3 0x80007072 (0x00803833) x16 0x00000001
core   0: 0x80007076 (0x014cb933) sltu    s2, s9, s4
core   0: 3 0x80007076 (0x014cb933) x18 0x00000000
core   0: 0x8000707a (0x0000c089) c.beqz  s1, pc + 2
core   0: 3 0x8000707a (0xc089)
core   0: 0x8000707c (0x023d9db3) mulh    s11, s11, gp
core   0: 3 0x8000707c (0x023d9db3) x27 0x24b55b20
core   0: 0x80007080 (0x6446e913) ori     s2, a3, 1604
core   0: 3 0x80007080 (0x6446e913) x18 0x00000644
core   0: 0x80007084 (0x878db813) sltiu   a6, s11, -1928
core   0: 3 0x80007084 (0x878db813) x16 0x00000001
core   0: 0x80007088 (0x02a0d3b3) divu    t2, ra, a0
core   0: 3 0x80007088 (0x02a0d3b3) x7  0x00000000
core   0: 0x8000708c (0x02082db3) mulhsu  s11, a6, zero
core   0: 3 0x8000708c (0x02082db3) x27 0x00000000
core   0: 0x80007090 (0x00000f7d) c.addi  t5, 31
core   0: 3 0x80007090 (0x0f7d) x30 0x0000001f
core   0: 0x80007092 (0x02cb0333) mul     t1, s6, a2
core   0: 3 0x80007092 (0x02cb0333) x6  0x00000000
core   0: 0x80007096 (0x000013fd) c.addi  t2, -1
core   0: 3 0x80007096 (0x13fd) x7  0xffffffff
core   0: 0x80007098 (0x41ea0f33) sub     t5, s4, t5
core   0: 3 0x80007098 (0x41ea0f33) x30 0x00017fe1
core   0: 0x8000709c (0x401a5613) srai    a2, s4, 1
core   0: 3 0x8000709c (0x401a5613) x12 0x0000c000
core   0: 0x800070a0 (0x02829fb3) mulh    t6, t0, s0
core   0: 3 0x800070a0 (0x02829fb3) x31 0x00000001
core   0: 0x800070a4 (0x03eb98b3) mulh    a7, s7, t5
core   0: 3 0x800070a4 (0x03eb98b3) x17 0xffff6ea2
core   0: 0x800070a8 (0x0001df93) srli    t6, gp, 0
core   0: 3 0x800070a8 (0x0001df93) x31 0x9f0f7ebf
core   0: 0x800070ac (0x340215f3) csrrw   a1, mscratch, tp
core   0: 3 0x800070ac (0x340215f3) x11 0xffffffff c832_mscratch 0x0000000c
core   0: 0x800070b0 (0x0000e319) c.bnez  a4, pc + 6
core   0: 3 0x800070b0 (0xe319)
core   0: 0x800070b6 (0xef1f4d37) lui     s10, 0xef1f4
core   0: 3 0x800070b6 (0xef1f4d37) x26 0xef1f4000
core   0: 0x800070ba (0x0000889a) c.mv    a7, t1
core   0: 3 0x800070ba (0x889a) x17 0x00000000
core   0: 0x800070bc (0x0154cd33) xor     s10, s1, s5
core   0: 3 0x800070bc (0x0154cd33) x26 0xe0f35e68
core   0: 0x800070c0 (0xd3fbb393) sltiu   t2, s7, -705
core   0: 3 0x800070c0 (0xd3fbb393) x7  0x00000001
core   0: 0x800070c4 (0x50953613) sltiu   a2, a0, 1289
core   0: 3 0x800070c4 (0x50953613) x12 0x00000000
core   0: 0x800070c8 (0x020516b3) mulh    a3, a0, zero
core   0: 3 0x800070c8 (0x020516b3) x13 0x00000000
core   0: 0x800070cc (0x00000001) c.nop
core   0: 3 0x800070cc (0x0001)
core   0: 0x800070ce (0x000083e9) c.srli  a5, 26
core   0: 3 0x800070ce (0x83e9) x15 0x00000000
core   0: 0x800070d0 (0x003cca33) xor     s4, s9, gp
core   0: 3 0x800070d0 (0x003cca33) x20 0x60f08140
core   0: 0x800070d4 (0x00008561) c.srai  a0, 24
core   0: 3 0x800070d4 (0x8561) x10 0x0000000f
core   0: 0x800070d6 (0x000083ad) c.srli  a5, 11
core   0: 3 0x800070d6 (0x83ad) x15 0x00000000
core   0: 0x800070d8 (0x7cff6637) lui     a2, 0x7cff6
core   0: 3 0x800070d8 (0x7cff6637) x12 0x7cff6000
core   0: 0x800070dc (0x00009f0a) c.add   t5, sp
core   0: 3 0x800070dc (0x9f0a) x30 0x00017e68
core   0: 0x800070de (0x03b5fa33) remu    s4, a1, s11
core   0: 3 0x800070de (0x03b5fa33) x20 0xffffffff
core   0: 0x800070e2 (0x0071d013) srli    zero, gp, 7
core   0: 3 0x800070e2 (0x0071d013)
core   0: 0x800070e6 (0x00cdd213) srli    tp, s11, 12
core   0: 3 0x800070e6 (0x00cdd213) x4  0x00000000
core   0: 0x800070ea (0x02da0863) beq     s4, a3, pc + 48
core   0: 3 0x800070ea (0x02da0863)
core   0: 0x800070ee (0x340f22f3) csrrs   t0, mscratch, t5
core   0: 3 0x800070ee (0x340f22f3) x5  0x0000000c c832_mscratch 0x00017e6c
core   0: 0x800070f2 (0x00008cfd) c.and   s1, a5
core   0: 3 0x800070f2 (0x8cfd) x9  0x00000000
core   0: 0x800070f4 (0x00481b33) sll     s6, a6, tp
core   0: 3 0x800070f4 (0x00481b33) x22 0x00000001
core   0: 0x800070f8 (0x00000810) c.addi4spn a2, sp, 16
core   0: 3 0x800070f8 (0x0810) x12 0xfffffe97
core   0: 0x800070fa (0x340c9df3) csrrw   s11, mscratch, s9
core   0: 3 0x800070fa (0x340c9df3) x27 0x00017e6c c832_mscratch 0xffffffff
core   0: 0x800070fe (0x0238ea63) bltu    a7, gp, pc + 52
core   0: 3 0x800070fe (0x0238ea63)
core   0: 0x80007132 (0x00000b18) c.addi4spn a4, sp, 400
core   0: 3 0x80007132 (0x0b18) x14 0x00000017
core   0: 0x80007134 (0xb8ff7293) andi    t0, t5, -1137
core   0: 3 0x80007134 (0xb8ff7293) x5  0x00017a08
core   0: 0x80007138 (0x36a92297) auipc   t0, 0x36a92
core   0: 3 0x80007138 (0x36a92297) x5  0xb6a99138
core   0: 0x8000713c (0x00000001) c.nop
core   0: 3 0x8000713c (0x0001)
core   0: 0x8000713e (0x41615013) srai    zero, sp, 22
core   0: 3 0x8000713e (0x41615013)
core   0: 0x80007142 (0x003b39b3) sltu    s3, s6, gp
core   0: 3 0x80007142 (0x003b39b3) x19 0x00000001
core   0: 0x80007146 (0x0ff0000f) fence   iorw,iorw
core   0: 3 0x80007146 (0x0ff0000f)
core   0: 0x8000714a (0x00004fed) c.li    t6, 27
core   0: 3 0x8000714a (0x4fed) x31 0x0000001b
core   0: 0x8000714c (0x01e05213) srli    tp, zero, 30
core   0: 3 0x8000714c (0x01e05213) x4  0x00000000
core   0: 0x80007150 (0x0000e21d) c.bnez  a2, pc + 38
core   0: 3 0x80007150 (0xe21d)
core   0: 0x80007176 (0x00aee2b3) or      t0, t4, a0
core   0: 3 0x80007176 (0x00aee2b3) x5  0x80029d2f
core   0: 0x8000717a (0x0000010e) c.slli  sp, 3
core   0: 3 0x8000717a (0x010e) x2  0xfffff438
core   0: 0x8000717c (0x00000001) c.nop
core   0: 3 0x8000717c (0x0001)
core   0: 0x8000717e (0x03765d63) bge     a2, s7, pc + 58
core   0: 3 0x8000717e (0x03765d63)
core   0: 0x800071b8 (0x0039c263) blt     s3, gp, pc + 4
core   0: 3 0x800071b8 (0x0039c263)
core   0: 0x800071bc (0x00000001) c.nop
core   0: 3 0x800071bc (0x0001)
core   0: 0x800071be (0x00006169) c.addi16sp sp, 208
core   0: 3 0x800071be (0x6169) x2  0xfffff508
core   0: 0x800071c0 (0xff95fb13) andi    s6, a1, -7
core   0: 3 0x800071c0 (0xff95fb13) x22 0xfffffff9
core   0: 0x800071c4 (0x00000001) c.nop
core   0: 3 0x800071c4 (0x0001)
core   0: 0x800071c6 (0x032ee3b3) rem     t2, t4, s2
core   0: 3 0x800071c6 (0x032ee3b3) x7  0xfffffd70
core   0: 0x800071ca (0xf066cc93) xori    s9, a3, -250
core   0: 3 0x800071ca (0xf066cc93) x25 0xffffff06
core   0: 0x800071ce (0x000083ee) c.mv    t2, s11
core   0: 3 0x800071ce (0x83ee) x7  0x00017e6c
core   0: 0x800071d0 (0x035898b3) mulh    a7, a7, s5
core   0: 3 0x800071d0 (0x035898b3) x17 0x00000000
core   0: 0x800071d4 (0x01b2fb63) bgeu    t0, s11, pc + 22
core   0: 3 0x800071d4 (0x01b2fb63)
core   0: 0x800071ea (0x01e83333) sltu    t1, a6, t5
core   0: 3 0x800071ea (0x01e83333) x6  0x00000001
core   0: 0x800071ee (0x03386833) rem     a6, a6, s3
core   0: 3 0x800071ee (0x03386833) x16 0x00000000
core   0: 0x800071f2 (0x0213a633) mulhsu  a2, t2, ra
core   0: 3 0x800071f2 (0x0213a633) x12 0x00000000
core   0: 0x800071f6 (0x03b76733) rem     a4, a4, s11
core   0: 3 0x800071f6 (0x03b76733) x14 0x00000017
core   0: 0x800071fa (0x02d903b3) mul     t2, s2, a3
core   0: 3 0x800071fa (0x02d903b3) x7  0x00000000
core   0: 0x800071fe (0x8eedf093) andi    ra, s11, -1810
core   0: 3 0x800071fe (0x8eedf093) x1  0x0001786c
core   0: 0x80007202 (0x02d09733) mulh    a4, ra, a3
core   0: 3 0x80007202 (0x02d09733) x14 0x00000000
core   0: 0x80007206 (0x00ade4b3) or      s1, s11, a0
core   0: 3 0x80007206 (0x00ade4b3) x9  0x00017e6f
core   0: 0x8000720a (0x00008fb5) c.xor   a5, a3
core   0: 3 0x8000720a (0x8fb5) x15 0x00000000
core   0: 0x8000720c (0x02e304b3) mul     s1, t1, a4
core   0: 3 0x8000720c (0x02e304b3) x9  0x00000000
core   0: 0x80007210 (0x0000100f) fence.i
core   0: 3 0x80007210 (0x0000100f)
core   0: 0x80007214 (0x02ff8e63) beq     t6, a5, pc + 60
core   0: 3 0x80007214 (0x02ff8e63)
core   0: 0x80007218 (0x00000001) c.nop
core   0: 3 0x80007218 (0x0001)
core   0: 0x8000721a (0x71c9fc93) andi    s9, s3, 1820
core   0: 3 0x8000721a (0x71c9fc93) x25 0x00000000
core   0: 0x8000721e (0x0000990a) c.add   s2, sp
core   0: 3 0x8000721e (0x990a) x18 0xfffffb4c
core   0: 0x80007220 (0x400f8ab3) sub     s5, t6, zero
core   0: 3 0x80007220 (0x400f8ab3) x21 0x0000001b
core   0: 0x80007224 (0x000092d2) c.add   t0, s4
core   0: 3 0x80007224 (0x92d2) x5  0x80029d2e
core   0: 0x80007226 (0x00008b51) c.andi  a4, 20
core   0: 3 0x80007226 (0x8b51) x14 0x00000000
core   0: 0x80007228 (0x0179a733) slt     a4, s3, s7
core   0: 3 0x80007228 (0x0179a733) x14 0x00000000
core   0: 0x8000722c (0x00000001) c.nop
core   0: 3 0x8000722c (0x0001)
core   0: 0x8000722e (0x00cd2db3) slt     s11, s10, a2
core   0: 3 0x8000722e (0x00cd2db3) x27 0x00000001
core   0: 0x80007232 (0x0ff0000f) fence   iorw,iorw
core   0: 3 0x80007232 (0x0ff0000f)
core   0: 0x80007236 (0x023626b3) mulhsu  a3, a2, gp
core   0: 3 0x80007236 (0x023626b3) x13 0x00000000
core   0: 0x8000723a (0x41b15ab3) sra     s5, sp, s11
core   0: 3 0x8000723a (0x41b15ab3) x21 0xfffffa84
core   0: 0x8000723e (0x0000100f) fence.i
core   0: 3 0x8000723e (0x0000100f)
core   0: 0x80007242 (0x00000226) c.slli  tp, 9
core   0: 3 0x80007242 (0x0226) x4  0x00000000
core   0: 0x80007244 (0x00008d21) c.xor   a0, s0
core   0: 3 0x80007244 (0x8d21) x10 0xf0a6efce
core   0: 0x80007246 (0x340a2bf3) csrrs   s7, mscratch, s4
core   0: 3 0x80007246 (0x340a2bf3) x23 0xffffffff c832_mscratch 0xffffffff
core   0: 0x8000724a (0x023dd463) bge     s11, gp, pc + 40
core   0: 3 0x8000724a (0x023dd463)
core   0: 0x80007272 (0x0000c119) c.beqz  a0, pc + 6
core   0: 3 0x80007272 (0xc119)
core   0: 0x80007274 (0x0098edb3) or      s11, a7, s1
core   0: 3 0x80007274 (0x0098edb3) x27 0x00000000
core   0: 0x80007278 (0xd2e37613) andi    a2, t1, -722
core   0: 3 0x80007278 (0xd2e37613) x12 0x00000000
core   0: 0x8000727c (0x00051893) slli    a7, a0, 0
core   0: 3 0x8000727c (0x00051893) x17 0xf0a6efce
core   0: 0x80007280 (0x00009bfd) c.andi  a5, -1
core   0: 3 0x80007280 (0x9bfd) x15 0x00000000
core   0: 0x80007282 (0x00000b10) c.addi4spn a2, sp, 400
core   0: 3 0x80007282 (0x0b10) x12 0xfffff698
core   0: 0x80007284 (0x34002cf3) csrr    s9, mscratch
core   0: 3 0x80007284 (0x34002cf3) x25 0xffffffff
core   0: 0x80007288 (0x1dd88713) addi    a4, a7, 477
core   0: 3 0x80007288 (0x1dd88713) x14 0xf0a6f1ab
core   0: 0x8000728c (0x417ad3b3) sra     t2, s5, s7
core   0: 3 0x8000728c (0x417ad3b3) x7  0xffffffff
core   0: 0x80007290 (0x001928b3) slt     a7, s2, ra
core   0: 3 0x80007290 (0x001928b3) x17 0x00000001
core   0: 0x80007294 (0x015298b3) sll     a7, t0, s5
core   0: 3 0x80007294 (0x015298b3) x17 0x0029d2e0
core   0: 0x80007298 (0x011a1463) bne     s4, a7, pc + 8
core   0: 3 0x80007298 (0x011a1463)
core   0: 0x800072a0 (0x011ae0b3) or      ra, s5, a7
core   0: 3 0x800072a0 (0x011ae0b3) x1  0xfffffae4
core   0: 0x800072a4 (0x0000986a) c.add   a6, s10
core   0: 3 0x800072a4 (0x986a) x16 0xe0f35e68
core   0: 0x800072a6 (0x0314e333) rem     t1, s1, a7
core   0: 3 0x800072a6 (0x0314e333) x6  0x00000000
core   0: 0x800072aa (0x340594f3) csrrw   s1, mscratch, a1
core   0: 3 0x800072aa (0x340594f3) x9  0xffffffff c832_mscratch 0xffffffff
core   0: 0x800072ae (0x00000001) c.nop
core   0: 3 0x800072ae (0x0001)
core   0: 0x800072b0 (0x000056fd) c.li    a3, -1
core   0: 3 0x800072b0 (0x56fd) x13 0xffffffff
core   0: 0x800072b2 (0x02c3ccb3) div     s9, t2, a2
core   0: 3 0x800072b2 (0x02c3ccb3) x25 0x00000000
core   0: 0x800072b6 (0x00006829) c.lui   a6, 0xa
core   0: 3 0x800072b6 (0x6829) x16 0x0000a000
core   0: 0x800072b8 (0x00008fb9) c.xor   a5, a4
core   0: 3 0x800072b8 (0x8fb9) x15 0xf0a6f1ab
core   0: 0x800072ba (0x00c64db3) xor     s11, a2, a2
core   0: 3 0x800072ba (0x00c64db3) x27 0x00000000
core   0: 0x800072be (0x340f7373) csrrci  t1, mscratch, 30
core   0: 3 0x800072be (0x340f7373) x6  0xffffffff c832_mscratch 0xffffffe1
core   0: 0x800072c2 (0x018650b3) srl     ra, a2, s8
core   0: 3 0x800072c2 (0x018650b3) x1  0x0fffff69
core   0: 0x800072c6 (0x00000129) c.addi  sp, 10
core   0: 3 0x800072c6 (0x0129) x2  0xfffff512
core   0: 0x800072c8 (0x41dc8533) sub     a0, s9, t4
core   0: 3 0x800072c8 (0x41dc8533) x10 0x7ffd62dc
core   0: 0x800072cc (0x02899733) mulh    a4, s3, s0
core   0: 3 0x800072cc (0x02899733) x14 0xffffffff
core   0: 0x800072d0 (0x3403fff3) csrrci  t6, mscratch, 7
core   0: 3 0x800072d0 (0x3403fff3) x31 0xffffffe1 c832_mscratch 0xffffffe0
core   0: 0x800072d4 (0x0aec5837) lui     a6, 0xaec5
core   0: 3 0x800072d4 (0x0aec5837) x16 0x0aec5000
core   0: 0x800072d8 (0xd7c04a93) xori    s5, zero, -644
core   0: 3 0x800072d8 (0xd7c04a93) x21 0xfffffd7c
core   0: 0x800072dc (0x00c53e33) sltu    t3, a0, a2
core   0: 3 0x800072dc (0x00c53e33) x28 0x00000001
core   0: 0x800072e0 (0x00008e95) c.sub   a3, a3
core   0: 3 0x800072e0 (0x8e95) x13 0x00000000
core   0: 0x800072e2 (0x5ded9197) auipc   gp, 0x5ded9
core   0: 3 0x800072e2 (0x5ded9197) x3  0xddee02e2
core   0: 0x800072e6 (0x34075573) csrrwi  a0, mscratch, 14
core   0: 3 0x800072e6 (0x34075573) x10 0xffffffe0 c832_mscratch 0x0000000e
core   0: 0x800072ea (0x00008d4d) c.or    a0, a1
core   0: 3 0x800072ea (0x8d4d) x10 0xffffffff
core   0: 0x800072ec (0x00000a10) c.addi4spn a2, sp, 272
core   0: 3 0x800072ec (0x0a10) x12 0xfffff622
core   0: 0x800072ee (0x000004c2) c.slli  s1, 16
core   0: 3 0x800072ee (0x04c2) x9  0xffff0000
core   0: 0x800072f0 (0x41815893) srai    a7, sp, 24
core   0: 3 0x800072f0 (0x41815893) x17 0xffffffff
core   0: 0x800072f4 (0x0000678d) c.lui   a5, 0x3
core   0: 3 0x800072f4 (0x678d) x15 0x00003000
core   0: 0x800072f6 (0x00008e7d) c.and   a2, a5
core   0: 3 0x800072f6 (0x8e7d) x12 0x00003000
core   0: 0x800072f8 (0x0000100f) fence.i
core   0: 3 0x800072f8 (0x0000100f)
core   0: 0x800072fc (0x34026273) csrrsi  tp, mscratch, 4
core   0: 3 0x800072fc (0x34026273) x4  0x0000000e c832_mscratch 0x0000000e
core   0: 0x80007300 (0x02b21a33) mulh    s4, tp, a1
core   0: 3 0x80007300 (0x02b21a33) x20 0xffffffff
core   0: 0x80007304 (0x0259df33) divu    t5, s3, t0
core   0: 3 0x80007304 (0x0259df33) x30 0x00000000
core   0: 0x80007308 (0x3403f073) csrci   mscratch, 7
core   0: 3 0x80007308 (0x3403f073) c832_mscratch 0x00000008
core   0: 0x8000730c (0x00d5c663) blt     a1, a3, pc + 12
core   0: 3 0x8000730c (0x00d5c663)
core   0: 0x80007318 (0x00000001) c.nop
core   0: 3 0x80007318 (0x0001)
core   0: 0x8000731a (0x02967b63) bgeu    a2, s1, pc + 54
core   0: 3 0x8000731a (0x02967b63)
core   0: 0x8000731e (0x31ba5e17) auipc   t3, 0x31ba5
core   0: 3 0x8000731e (0x31ba5e17) x28 0xb1bac31e
core   0: 0x80007322 (0x00751a63) bne     a0, t2, pc + 20
core   0: 3 0x80007322 (0x00751a63)
core   0: 0x80007326 (0x00008ce1) c.and   s1, s0
core   0: 3 0x80007326 (0x8ce1) x9  0xf0a60000
core   0: 0x80007328 (0x00006111) c.addi16sp sp, 256
core   0: 3 0x80007328 (0x6111) x2  0xfffff612
core   0: 0x8000732a (0x0023a333) slt     t1, t2, sp
core   0: 3 0x8000732a (0x0023a333) x6  0x00000000
core   0: 0x8000732e (0x410cd013) srai    zero, s9, 16
core   0: 3 0x8000732e (0x410cd013)
core   0: 0x80007332 (0xe861ac93) slti    s9, gp, -378
core   0: 3 0x80007332 (0xe861ac93) x25 0x00000001
core   0: 0x80007336 (0x02eb42b3) div     t0, s6, a4
core   0: 3 0x80007336 (0x02eb42b3) x5  0x00000007
core   0: 0x8000733a (0x00008615) c.srai  a2, 5
core   0: 3 0x8000733a (0x8615) x12 0x00000180
core   0: 0x8000733c (0x340770f3) csrrci  ra, mscratch, 14
core   0: 3 0x8000733c (0x340770f3) x1  0x00000008 c832_mscratch 0x00000000
core   0: 0x80007340 (0x000085dd) c.srai  a1, 23
core   0: 3 0x80007340 (0x85dd) x11 0xffffffff
core   0: 0x80007342 (0x000085f5) c.srai  a1, 29
core   0: 3 0x80007342 (0x85f5) x11 0xffffffff
core   0: 0x80007344 (0x007d01b3) add     gp, s10, t2
core   0: 3 0x80007344 (0x007d01b3) x3  0xe0f35e67
core   0: 0x80007348 (0x01e63133) sltu    sp, a2, t5
core   0: 3 0x80007348 (0x01e63133) x2  0x00000000
core   0: 0x8000734c (0x032a6263) bltu    s4, s2, pc + 36
core   0: 3 0x8000734c (0x032a6263)
core   0: 0x80007350 (0x03bf2fb3) mulhsu  t6, t5, s11
core   0: 3 0x80007350 (0x03bf2fb3) x31 0x00000000
core   0: 0x80007354 (0x036b9a33) mulh    s4, s7, s6
core   0: 3 0x80007354 (0x036b9a33) x20 0x00000000
core   0: 0x80007358 (0x03ba9733) mulh    a4, s5, s11
core   0: 3 0x80007358 (0x03ba9733) x14 0x00000000
core   0: 0x8000735c (0x4e9de017) auipc   zero, 0x4e9de
core   0: 3 0x8000735c (0x4e9de017)
core   0: 0x80007360 (0x000086ad) c.srai  a3, 11
core   0: 3 0x80007360 (0x86ad) x13 0x00000000
core   0: 0x80007362 (0x000001be) c.slli  gp, 15
core   0: 3 0x80007362 (0x01be) x3  0xaf338000
core   0: 0x80007364 (0x02bf2833) mulhsu  a6, t5, a1
core   0: 3 0x80007364 (0x02bf2833) x16 0x00000000
core   0: 0x80007368 (0x0000180c) c.addi4spn a1, sp, 48
core   0: 3 0x80007368 (0x180c) x11 0x00000030
core   0: 0x8000736a (0x00008ce1) c.and   s1, s0
core   0: 3 0x8000736a (0x8ce1) x9  0xf0a60000
core   0: 0x8000736c (0x0340d363) bge     ra, s4, pc + 38
core   0: 3 0x8000736c (0x0340d363)
core   0: 0x80007392 (0x34007873) csrrci  a6, mscratch, 0
core   0: 3 0x80007392 (0x34007873) x16 0x00000000
core   0: 0x80007396 (0x3404fa73) csrrci  s4, mscratch, 9
core   0: 3 0x80007396 (0x3404fa73) x20 0x00000000 c832_mscratch 0x00000000
core   0: 0x8000739a (0x017dd393) srli    t2, s11, 23
core   0: 3 0x8000739a (0x017dd393) x7  0x00000000
core   0: 0x8000739e (0x008b6133) or      sp, s6, s0
core   0: 3 0x8000739e (0x008b6133) x2  0xfffffff9
core   0: 0x800073a2 (0x016e4ab3) xor     s5, t3, s6
core   0: 3 0x800073a2 (0x016e4ab3) x21 0x4e453ce7
core   0: 0x800073a6 (0x0000ed1d) c.bnez  a0, pc + 62
core   0: 3 0x800073a6 (0xed1d)
core   0: 0x800073e4 (0x02a093b3) mulh    t2, ra, a0
core   0: 3 0x800073e4 (0x02a093b3) x7  0xffffffff
core   0: 0x800073e8 (0x014696b3) sll     a3, a3, s4
core   0: 3 0x800073e8 (0x014696b3) x13 0x00000000
core   0: 0x800073ec (0x340464f3) csrrsi  s1, mscratch, 8
core   0: 3 0x800073ec (0x340464f3) x9  0x00000000 c832_mscratch 0x00000008
core   0: 0x800073f0 (0x00001908) c.addi4spn a0, sp, 176
core   0: 3 0x800073f0 (0x1908) x10 0x000000a9
core   0: 0x800073f2 (0x0278da33) divu    s4, a7, t2
core   0: 3 0x800073f2 (0x0278da33) x20 0x00000001
core   0: 0x800073f6 (0x00009d26) c.add   s10, s1
core   0: 3 0x800073f6 (0x9d26) x26 0xe0f35e68
core   0: 0x800073f8 (0x7f918293) addi    t0, gp, 2041
core   0: 3 0x800073f8 (0x7f918293) x5  0xaf3387f9
core   0: 0x800073fc (0x00008c8a) c.mv    s9, sp
core   0: 3 0x800073fc (0x8c8a) x25 0xfffffff9
core   0: 0x800073fe (0x340d16f3) csrrw   a3, mscratch, s10
core   0: 3 0x800073fe (0x340d16f3) x13 0x00000008 c832_mscratch 0xe0f35e68
core   0: 0x80007402 (0x000086d1) c.srai  a3, 20
core   0: 3 0x80007402 (0x86d1) x13 0x00000000
core   0: 0x80007404 (0x3403e373) csrrsi  t1, mscratch, 7
core   0: 3 0x80007404 (0x3403e373) x6  0xe0f35e68 c832_mscratch 0xe0f35e6f
core   0: 0x80007408 (0x03166833) rem     a6, a2, a7
core   0: 3 0x80007408 (0x03166833) x16 0x00000000
core   0: 0x8000740c (0x0b1fa893) slti    a7, t6, 177
core   0: 3 0x8000740c (0x0b1fa893) x17 0x00000001
core   0: 0x80007410 (0x00001f08) c.addi4spn a0, sp, 944
core   0: 3 0x80007410 (0x1f08) x10 0x000003a9
core   0: 0x80007412 (0x00008e29) c.xor   a2, a0
core   0: 3 0x80007412 (0x8e29) x12 0x00000229
core   0: 0x80007414 (0x02759563) bne     a1, t2, pc + 42
core   0: 3 0x80007414 (0x02759563)
core   0: 0x8000743e (0x00fef033) and     zero, t4, a5
core   0: 3 0x8000743e (0x00fef033)
core   0: 0x80007442 (0x34003573) csrrc   a0, mscratch, zero
core   0: 3 0x80007442 (0x34003573) x10 0xe0f35e6f
core   0: 0x80007446 (0x34002f73) csrr    t5, mscratch
core   0: 3 0x80007446 (0x34002f73) x30 0xe0f35e6f
core   0: 0x8000744a (0x000019fd) c.addi  s3, -1
core   0: 3 0x8000744a (0x19fd) x19 0x00000000
core   0: 0x8000744c (0x01f793b3) sll     t2, a5, t6
core   0: 3 0x8000744c (0x01f793b3) x7  0x00003000
core   0: 0x80007450 (0x340062f3) csrrsi  t0, mscratch, 0
core   0: 3 0x80007450 (0x340062f3) x5  0xe0f35e6f
core   0: 0x80007454 (0x000089f9) c.andi  a1, 30
core   0: 3 0x80007454 (0x89f9) x11 0x00000010
core   0: 0x80007456 (0x0000850e) c.mv    a0, gp
core   0: 3 0x80007456 (0x850e) x10 0xaf338000
core   0: 0x80007458 (0x0000c621) c.beqz  a2, pc + 72
core   0: 3 0x80007458 (0xc621)
core   0: 0x8000745a (0x0ff0000f) fence   iorw,iorw
core   0: 3 0x8000745a (0x0ff0000f)
core   0: 0x8000745e (0x01d44bb3) xor     s7, s0, t4
core   0: 3 0x8000745e (0x01d44bb3) x23 0x70a472e5
core   0: 0x80007462 (0x000005d6) c.slli  a1, 21
core   0: 3 0x80007462 (0x05d6) x11 0x02000000
core   0: 0x80007464 (0x030dc063) blt     s11, a6, pc + 32
core   0: 3 0x80007464 (0x030dc063)
core   0: 0x80007468 (0x0000717d) c.addi16sp sp, -16
core   0: 3 0x80007468 (0x717d) x2  0xffffffe9
core   0: 0x8000746a (0x03fc1633) mulh    a2, s8, t6
core   0: 3 0x8000746a (0x03fc1633) x12 0x00000000
core   0: 0x8000746e (0x00008f41) c.or    a4, s0
core   0: 3 0x8000746e (0x8f41) x14 0xf0a6efc1
core   0: 0x80007470 (0x023c0a63) beq     s8, gp, pc + 52
core   0: 3 0x80007470 (0x023c0a63)
core   0: 0x80007474 (0x41ea05b3) sub     a1, s4, t5
core   0: 3 0x80007474 (0x41ea05b3) x11 0x1f0ca192
core   0: 0x80007478 (0x02a89bb3) mulh    s7, a7, a0
core   0: 3 0x80007478 (0x02a89bb3) x23 0xffffffff
core   0: 0x8000747c (0x47f2f497) auipc   s1, 0x47f2f
core   0: 3 0x8000747c (0x47f2f497) x9  0xc7f3647c
core   0: 0x80007480 (0x34002f73) csrr    t5, mscratch
core   0: 3 0x80007480 (0x34002f73) x30 0xe0f35e6f
core   0: 0x80007484 (0x00881193) slli    gp, a6, 8
core   0: 3 0x80007484 (0x00881193) x3  0x00000000
core   0: 0x80007488 (0x00f19e33) sll     t3, gp, a5
core   0: 3 0x80007488 (0x00f19e33) x28 0x00000000
core   0: 0x8000748c (0x34057ff3) csrrci  t6, mscratch, 10
core   0: 3 0x8000748c (0x34057ff3) x31 0xe0f35e6f c832_mscratch 0xe0f35e65
core   0: 0x80007490 (0x8d218f97) auipc   t6, 0x8d218
core   0: 3 0x80007490 (0x8d218f97) x31 0x0d21f490
core   0: 0x80007494 (0x03dea633) mulhsu  a2, t4, t4
core   0: 3 0x80007494 (0x03dea633) x12 0xc0000006
core   0: 0x80007498 (0x4118d913) srai    s2, a7, 17
core   0: 3 0x80007498 (0x4118d913) x18 0x00000000
core   0: 0x8000749c (0x02515163) bge     sp, t0, pc + 34
core   0: 3 0x8000749c (0x02515163)
core   0: 0x800074be (0x00009abe) c.add   s5, a5
core   0: 3 0x800074be (0x9abe) x21 0x4e456ce7
core   0: 0x800074c0 (0x009b5f93) srli    t6, s6, 9
core   0: 3 0x800074c0 (0x009b5f93) x31 0x007fffff
core   0: 0x800074c4 (0x030b66b3) rem     a3, s6, a6
core   0: 3 0x800074c4 (0x030b66b3) x13 0xfffffff9
core   0: 0x800074c8 (0x340021f3) csrr    gp, mscratch
core   0: 3 0x800074c8 (0x340021f3) x3  0xe0f35e65
core   0: 0x800074cc (0x340e9b73) csrrw   s6, mscratch, t4
core   0: 3 0x800074cc (0x340e9b73) x22 0xe0f35e65 c832_mscratch 0x80029d24
core   0: 0x800074d0 (0x0000982e) c.add   a6, a1
core   0: 3 0x800074d0 (0x982e) x16 0x1f0ca192
core   0: 0x800074d2 (0xaadfc193) xori    gp, t6, -1363
core   0: 3 0x800074d2 (0xaadfc193) x3  0xff800552
core   0: 0x800074d6 (0x00a6dd93) srli    s11, a3, 10
core   0: 3 0x800074d6 (0x00a6dd93) x27 0x003fffff
core   0: 0x800074da (0x88aba4b7) lui     s1, 0x88aba
core   0: 3 0x800074da (0x88aba4b7) x9  0x88aba000
core   0: 0x800074de (0x1445fd93) andi    s11, a1, 324
core   0: 3 0x800074de (0x1445fd93) x27 0x00000100
core   0: 0x800074e2 (0x0000e79d) c.bnez  a5, pc + 46
core   0: 3 0x800074e2 (0xe79d)
core   0: 0x80007510 (0xc3d67b13) andi    s6, a2, -963
core   0: 3 0x80007510 (0xc3d67b13) x22 0xc0000004
core   0: 0x80007514 (0x015d36b3) sltu    a3, s10, s5
core   0: 3 0x80007514 (0x015d36b3) x13 0x00000000
core   0: 0x80007518 (0x0037c863) blt     a5, gp, pc + 16
core   0: 3 0x80007518 (0x0037c863)
core   0: 0x8000751c (0xc4a48b93) addi    s7, s1, -950
core   0: 3 0x8000751c (0xc4a48b93) x23 0x88ab9c4a
core   0: 0x80007520 (0x00a04a33) xor     s4, zero, a0
core   0: 3 0x80007520 (0x00a04a33) x20 0xaf338000
core   0: 0x80007524 (0x0000100f) fence.i
core   0: 3 0x80007524 (0x0000100f)
core   0: 0x80007528 (0x00008dfd) c.and   a1, a5
core   0: 3 0x80007528 (0x8dfd) x11 0x00002000
core   0: 0x8000752a (0xab6bed93) ori     s11, s7, -1354
core   0: 3 0x8000752a (0xab6bed93) x27 0xfffffefe
core   0: 0x8000752e (0x0000717d) c.addi16sp sp, -16
core   0: 3 0x8000752e (0x717d) x2  0xffffffd9
core   0: 0x80007530 (0x0ff0000f) fence   iorw,iorw
core   0: 3 0x80007530 (0x0ff0000f)
core   0: 0x80007534 (0x000080d9) c.srli  s1, 22
core   0: 3 0x80007534 (0x80d9) x9  0x00000222
core   0: 0x80007536 (0x017b8263) beq     s7, s7, pc + 4
core   0: 3 0x80007536 (0x017b8263)
core   0: 0x8000753a (0x00001ffd) c.addi  t6, -1
core   0: 3 0x8000753a (0x1ffd) x31 0x007ffffe
core   0: 0x8000753c (0x03868db3) mul     s11, a3, s8
core   0: 3 0x8000753c (0x03868db3) x27 0x00000000
core   0: 0x80007540 (0x01acc733) xor     a4, s9, s10
core   0: 3 0x80007540 (0x01acc733) x14 0x1f0ca191
core   0: 0x80007544 (0x0000100f) fence.i
core   0: 3 0x80007544 (0x0000100f)
core   0: 0x80007548 (0x0042b3b3) sltu    t2, t0, tp
core   0: 3 0x80007548 (0x0042b3b3) x7  0x00000000
core   0: 0x8000754c (0xb0aa4797) auipc   a5, 0xb0aa4
core   0: 3 0x8000754c (0xb0aa4797) x15 0x30aab54c
core   0: 0x80007550 (0x000069b5) c.lui   s3, 0xd
core   0: 3 0x80007550 (0x69b5) x19 0x0000d000
core   0: 0x80007552 (0x0209e833) rem     a6, s3, zero
core   0: 3 0x80007552 (0x0209e833) x16 0x0000d000
core   0: 0x80007556 (0x01235963) bge     t1, s2, pc + 18
core   0: 3 0x80007556 (0x01235963)
core   0: 0x8000755a (0x00008135) c.srli  a0, 13
core   0: 3 0x8000755a (0x8135) x10 0x0005799c
core   0: 0x8000755c (0x000091da) c.add   gp, s6
core   0: 3 0x8000755c (0x91da) x3  0xbf800556
core   0: 0x8000755e (0x0ff0000f) fence   iorw,iorw
core   0: 3 0x8000755e (0x0ff0000f)
core   0: 0x80007562 (0x00001b7d) c.addi  s6, -1
core   0: 3 0x80007562 (0x1b7d) x22 0xc0000003
core   0: 0x80007564 (0x02686a33) rem     s4, a6, t1
core   0: 3 0x80007564 (0x02686a33) x20 0x0000d000
core   0: 0x80007568 (0x00001f7d) c.addi  t5, -1
core   0: 3 0x80007568 (0x1f7d) x30 0xe0f35e6e
core   0: 0x8000756a (0x418852b3) sra     t0, a6, s8
core   0: 3 0x8000756a (0x418852b3) x5  0x00000d00
core   0: 0x8000756e (0x2ecdc113) xori    sp, s11, 748
core   0: 3 0x8000756e (0x2ecdc113) x2  0x000002ec
core   0: 0x80007572 (0x03e433b3) mulhu   t2, s0, t5
core   0: 3 0x80007572 (0x03e433b3) x7  0xd376d903
core   0: 0x80007576 (0x03110933) mul     s2, sp, a7
core   0: 3 0x80007576 (0x03110933) x18 0x000002ec
core   0: 0x8000757a (0x010b0e33) add     t3, s6, a6
core   0: 3 0x8000757a (0x010b0e33) x28 0xc000d003
core   0: 0x8000757e (0x00008151) c.srli  a0, 20
core   0: 3 0x8000757e (0x8151) x10 0x00000000
core   0: 0x80007580 (0x001dd533) srl     a0, s11, ra
core   0: 3 0x80007580 (0x001dd533) x10 0x00000000
core   0: 0x80007584 (0x00000001) c.nop
core   0: 3 0x80007584 (0x0001)
core   0: 0x80007586 (0x00000001) c.nop
core   0: 3 0x80007586 (0x0001)
core   0: 0x80007588 (0x40d9d033) sra     zero, s3, a3
core   0: 3 0x80007588 (0x40d9d033)
core   0: 0x8000758c (0x02a4cab3) div     s5, s1, a0
core   0: 3 0x8000758c (0x02a4cab3) x21 0xffffffff
core   0: 0x80007590 (0x012b89b3) add     s3, s7, s2
core   0: 3 0x80007590 (0x012b89b3) x19 0x88ab9f36
core   0: 0x80007594 (0x017eccb3) xor     s9, t4, s7
core   0: 3 0x80007594 (0x017eccb3) x25 0x08a9016e
core   0: 0x80007598 (0x340856f3) csrrwi  a3, mscratch, 16
core   0: 3 0x80007598 (0x340856f3) x13 0x80029d24 c832_mscratch 0x00000010
core   0: 0x8000759c (0x502b2a13) slti    s4, s6, 1282
core   0: 3 0x8000759c (0x502b2a13) x20 0x00000001
core   0: 0x800075a0 (0x0219dc63) bge     s3, ra, pc + 56
core   0: 3 0x800075a0 (0x0219dc63)
core   0: 0x800075a4 (0x3409d0f3) csrrwi  ra, mscratch, 19
core   0: 3 0x800075a4 (0x3409d0f3) x1  0x00000010 c832_mscratch 0x00000013
core   0: 0x800075a8 (0x0000100f) fence.i
core   0: 3 0x800075a8 (0x0000100f)
core   0: 0x800075ac (0x00008d11) c.sub   a0, a2
core   0: 3 0x800075ac (0x8d11) x10 0x3ffffffa
core   0: 0x800075ae (0x0324cdb3) div     s11, s1, s2
core   0: 3 0x800075ae (0x0324cdb3) x27 0x00000000
core   0: 0x800075b2 (0x340562f3) csrrsi  t0, mscratch, 10
core   0: 3 0x800075b2 (0x340562f3) x5  0x00000013 c832_mscratch 0x0000001b
core   0: 0x800075b6 (0x00001088) c.addi4spn a0, sp, 96
core   0: 3 0x800075b6 (0x1088) x10 0x0000034c
core   0: 0x800075b8 (0x00008179) c.srli  a0, 30
core   0: 3 0x800075b8 (0x8179) x10 0x00000000
core   0: 0x800075ba (0x00008e3d) c.xor   a2, a5
core   0: 3 0x800075ba (0x8e3d) x12 0xf0aab54a
core   0: 0x800075bc (0x0000100f) fence.i
core   0: 3 0x800075bc (0x0000100f)
core   0: 0x800075c0 (0x01b8f663) bgeu    a7, s11, pc + 12
core   0: 3 0x800075c0 (0x01b8f663)
core   0: 0x800075cc (0x009ffa63) bgeu    t6, s1, pc + 20
core   0: 3 0x800075cc (0x009ffa63)
core   0: 0x800075e0 (0x34003e73) csrrc   t3, mscratch, zero
core   0: 3 0x800075e0 (0x34003e73) x28 0x0000001b
core   0: 0x800075e4 (0x01c40263) beq     s0, t3, pc + 4
core   0: 3 0x800075e4 (0x01c40263)
core   0: 0x800075e8 (0x000083aa) c.mv    t2, a0
core   0: 3 0x800075e8 (0x83aa) x7  0x00000000
core   0: 0x800075ea (0x0119a833) slt     a6, s3, a7
core   0: 3 0x800075ea (0x0119a833) x16 0x00000001
core   0: 0x800075ee (0x00008e69) c.and   a2, a0
core   0: 3 0x800075ee (0x8e69) x12 0x00000000
core   0: 0x800075f0 (0x00008e8d) c.sub   a3, a1
core   0: 3 0x800075f0 (0x8e8d) x13 0x80027d24
core   0: 0x800075f2 (0x0000717d) c.addi16sp sp, -16
core   0: 3 0x800075f2 (0x717d) x2  0x000002dc
core   0: 0x800075f4 (0x0000cd95) c.beqz  a1, pc + 60
core   0: 3 0x800075f4 (0xcd95)
core   0: 0x800075f6 (0x018c24b3) slt     s1, s8, s8
core   0: 3 0x800075f6 (0x018c24b3) x9  0x00000000
core   0: 0x800075fa (0x00008f15) c.sub   a4, a3
core   0: 3 0x800075fa (0x8f15) x14 0x9f0a246d
core   0: 0x800075fc (0x340c1e73) csrrw   t3, mscratch, s8
core   0: 3 0x800075fc (0x340c1e73) x28 0x0000001b c832_mscratch 0x80025ea4
core   0: 0x80007600 (0x0ff0000f) fence   iorw,iorw
core   0: 3 0x80007600 (0x0ff0000f)
core   0: 0x80007604 (0x00ea5d93) srli    s11, s4, 14
core   0: 3 0x80007604 (0x00ea5d93) x27 0x00000000
core   0: 0x80007608 (0x010ac933) xor     s2, s5, a6
core   0: 3 0x80007608 (0x010ac933) x18 0xfffffffe
core   0: 0x8000760c (0x00008d49) c.or    a0, a0
core   0: 3 0x8000760c (0x8d49) x10 0x00000000
core   0: 0x8000760e (0x00000001) c.nop
core   0: 3 0x8000760e (0x0001)
core   0: 0x80007610 (0x02214933) div     s2, sp, sp
core   0: 3 0x80007610 (0x02214933) x18 0x00000001
core   0: 0x80007614 (0xbb996213) ori     tp, s2, -1095
core   0: 3 0x80007614 (0xbb996213) x4  0xfffffbb9
core   0: 0x80007618 (0x00008df1) c.and   a1, a2
core   0: 3 0x80007618 (0x8df1) x11 0x00000000
core   0: 0x8000761a (0x58dd3913) sltiu   s2, s10, 1421
core   0: 3 0x8000761a (0x58dd3913) x18 0x00000000
core   0: 0x8000761e (0x00000001) c.nop
core   0: 3 0x8000761e (0x0001)
core   0: 0x80007620 (0x0290a8b3) mulhsu  a7, ra, s1
core   0: 3 0x80007620 (0x0290a8b3) x17 0x00000000
core   0: 0x80007624 (0x0000ce91) c.beqz  a3, pc + 28
core   0: 3 0x80007624 (0xce91)
core   0: 0x80007626 (0x477430b7) lui     ra, 0x47743
core   0: 3 0x80007626 (0x477430b7) x1  0x47743000
core   0: 0x8000762a (0x00008975) c.andi  a0, 29
core   0: 3 0x8000762a (0x8975) x10 0x00000000
core   0: 0x8000762c (0x65a06693) ori     a3, zero, 1626
core   0: 3 0x8000762c (0x65a06693) x13 0x0000065a
core   0: 0x80007630 (0x00008506) c.mv    a0, ra
core   0: 3 0x80007630 (0x8506) x10 0x47743000
core   0: 0x80007632 (0x74c7bf93) sltiu   t6, a5, 1868
core   0: 3 0x80007632 (0x74c7bf93) x31 0x00000000
core   0: 0x80007636 (0x8b38cf93) xori    t6, a7, -1869
core   0: 3 0x80007636 (0x8b38cf93) x31 0xfffff8b3
core   0: 0x8000763a (0x00008d16) c.mv    s10, t0
core   0: 3 0x8000763a (0x8d16) x26 0x00000013
core   0: 0x8000763c (0x406e02b3) sub     t0, t3, t1
core   0: 3 0x8000763c (0x406e02b3) x5  0x1f0ca1b3
core   0: 0x80007640 (0xf7e0e913) ori     s2, ra, -130
core   0: 3 0x80007640 (0xf7e0e913) x18 0xffffff7e
core   0: 0x80007644 (0x017bd333) srl     t1, s7, s7
core   0: 3 0x80007644 (0x017bd333) x6  0x00222ae7
core   0: 0x80007648 (0x340cd9f3) csrrwi  s3, mscratch, 25
core   0: 3 0x80007648 (0x340cd9f3) x19 0x80025ea4 c832_mscratch 0x00000019
core   0: 0x8000764c (0x00000001) c.nop
core   0: 3 0x8000764c (0x0001)
core   0: 0x8000764e (0x000085e2) c.mv    a1, s8
core   0: 3 0x8000764e (0x85e2) x11 0x80025ea4
core   0: 0x80007650 (0x011c7b33) and     s6, s8, a7
core   0: 3 0x80007650 (0x011c7b33) x22 0x00000000
core   0: 0x80007654 (0xd17db593) sltiu   a1, s11, -745
core   0: 3 0x80007654 (0xd17db593) x11 0x00000001
core   0: 0x80007658 (0x02471033) mulh    zero, a4, tp
core   0: 3 0x80007658 (0x02471033)
core   0: 0x8000765c (0x409c8633) sub     a2, s9, s1
core   0: 3 0x8000765c (0x409c8633) x12 0x08a9016e
core   0: 0x80007660 (0x00006e71) c.lui   t3, 0x1c
core   0: 3 0x80007660 (0x6e71) x28 0x0001c000
core   0: 0x80007662 (0x1569a813) slti    a6, s3, 342
core   0: 3 0x80007662 (0x1569a813) x16 0x00000001
core   0: 0x80007666 (0x0000c781) c.beqz  a5, pc + 8
core   0: 3 0x80007666 (0xc781)
core   0: 0x80007668 (0x000097a2) c.add   a5, s0
core   0: 3 0x80007668 (0x97a2) x15 0x2151a50d
core   0: 0x8000766a (0x03f0f733) remu    a4, ra, t6
core   0: 3 0x8000766a (0x03f0f733) x14 0x47743000
core   0: 0x8000766e (0x0305bbb3) mulhu   s7, a1, a6
core   0: 3 0x8000766e (0x0305bbb3) x23 0x00000000
core   0: 0x80007672 (0x00fe0263) beq     t3, a5, pc + 4
core   0: 3 0x80007672 (0x00fe0263)
core   0: 0x80007676 (0x03182bb3) mulhsu  s7, a6, a7
core   0: 3 0x80007676 (0x03182bb3) x23 0x00000000
core   0: 0x8000767a (0x00008cfd) c.and   s1, a5
core   0: 3 0x8000767a (0x8cfd) x9  0x00000000
core   0: 0x8000767c (0x043f8063) beq     t6, gp, pc + 64
core   0: 3 0x8000767c (0x043f8063)
core   0: 0x80007680 (0x00006121) c.addi16sp sp, 64
core   0: 3 0x80007680 (0x6121) x2  0x0000031c
core   0: 0x80007682 (0x0ff0000f) fence   iorw,iorw
core   0: 3 0x80007682 (0x0ff0000f)
core   0: 0x80007686 (0x03bab6b3) mulhu   a3, s5, s11
core   0: 3 0x80007686 (0x03bab6b3) x13 0x00000000
core   0: 0x8000768a (0x000080f5) c.srli  s1, 29
core   0: 3 0x8000768a (0x80f5) x9  0x00000000
core   0: 0x8000768c (0x0000067e) c.slli  a2, 31
core   0: 3 0x8000768c (0x067e) x12 0x00000000
core   0: 0x8000768e (0x00fc79b3) and     s3, s8, a5
core   0: 3 0x8000768e (0x00fc79b3) x19 0x00000404
core   0: 0x80007692 (0x58584713) xori    a4, a6, 1413
core   0: 3 0x80007692 (0x58584713) x14 0x00000584
core   0: 0x80007696 (0x0000808d) c.srli  s1, 3
core   0: 3 0x80007696 (0x808d) x9  0x00000000
core   0: 0x80007698 (0x00008d85) c.sub   a1, s1
core   0: 3 0x80007698 (0x8d85) x11 0x00000001
core   0: 0x8000769a (0x03d61563) bne     a2, t4, pc + 42
core   0: 3 0x8000769a (0x03d61563)
core   0: 0x800076c4 (0x71c26d13) ori     s10, tp, 1820
core   0: 3 0x800076c4 (0x71c26d13) x26 0xffffffbd
core   0: 0x800076c8 (0x0000810d) c.srli  a0, 3
core   0: 3 0x800076c8 (0x810d) x10 0x08ee8600
core   0: 0x800076ca (0x00000af9) c.addi  s5, 30
core   0: 3 0x800076ca (0x0af9) x21 0x0000001d
core   0: 0x800076cc (0x016a09b3) add     s3, s4, s6
core   0: 3 0x800076cc (0x016a09b3) x19 0x00000001
core   0: 0x800076d0 (0x000084a5) c.srai  s1, 9
core   0: 3 0x800076d0 (0x84a5) x9  0x00000000
core   0: 0x800076d2 (0x00008dbd) c.xor   a1, a5
core   0: 3 0x800076d2 (0x8dbd) x11 0x2151a50c
core   0: 0x800076d4 (0x0085f863) bgeu    a1, s0, pc + 16
core   0: 3 0x800076d4 (0x0085f863)
core   0: 0x800076d8 (0xe2646f13) ori     t5, s0, -474
core   0: 3 0x800076d8 (0xe2646f13) x30 0xffffffe7
core   0: 0x800076dc (0x008476b3) and     a3, s0, s0
core   0: 3 0x800076dc (0x008476b3) x13 0xf0a6efc1
core   0: 0x800076e0 (0x0082d963) bge     t0, s0, pc + 18
core   0: 3 0x800076e0 (0x0082d963)
core   0: 0x800076f2 (0x3404ecf3) csrrsi  s9, mscratch, 9
core   0: 3 0x800076f2 (0x3404ecf3) x25 0x00000019 c832_mscratch 0x00000019
core   0: 0x800076f6 (0x000081c2) c.mv    gp, a6
core   0: 3 0x800076f6 (0x81c2) x3  0x00000001
core   0: 0x800076f8 (0x0000871d) c.srai  a4, 7
core   0: 3 0x800076f8 (0x871d) x14 0x0000000b
core   0: 0x800076fa (0xbe2fb813) sltiu   a6, t6, -1054
core   0: 3 0x800076fa (0xbe2fb813) x16 0x00000001
core   0: 0x800076fe (0xebce25b7) lui     a1, 0xebce2
core   0: 3 0x800076fe (0xebce25b7) x11 0xebce2000
core   0: 0x80007702 (0x039a4fb3) div     t6, s4, s9
core   0: 3 0x80007702 (0x039a4fb3) x31 0x00000000
core   0: 0x80007706 (0x02427763) bgeu    tp, tp, pc + 46
core   0: 3 0x80007706 (0x02427763)
core   0: 0x80007734 (0x0000717d) c.addi16sp sp, -16
core   0: 3 0x80007734 (0x717d) x2  0x0000030c
core   0: 0x80007736 (0x373f2313) slti    t1, t5, 883
core   0: 3 0x80007736 (0x373f2313) x6  0x00000001
core   0: 0x8000773a (0x03005733) divu    a4, zero, a6
core   0: 3 0x8000773a (0x03005733) x14 0x00000000
core   0: 0x8000773e (0x00008545) c.srai  a0, 17
core   0: 3 0x8000773e (0x8545) x10 0x00000477
core   0: 0x80007740 (0x02bb9463) bne     s7, a1, pc + 40
core   0: 3 0x80007740 (0x02bb9463)
core   0: 0x80007768 (0x000050fd) c.li    ra, -1
core   0: 3 0x80007768 (0x50fd) x1  0xffffffff
core   0: 0x8000776a (0x00008f65) c.and   a4, s1
core   0: 3 0x8000776a (0x8f65) x14 0x00000000
core   0: 0x8000776c (0x0000c91d) c.beqz  a0, pc + 54
core   0: 3 0x8000776c (0xc91d)
core   0: 0x8000776e (0x03f8a533) mulhsu  a0, a7, t6
core   0: 3 0x8000776e (0x03f8a533) x10 0x00000000
core   0: 0x80007772 (0x0000577d) c.li    a4, -1
core   0: 3 0x80007772 (0x577d) x14 0xffffffff
core   0: 0x80007774 (0x00a87ab3) and     s5, a6, a0
core   0: 3 0x80007774 (0x00a87ab3) x21 0x00000000
core   0: 0x80007778 (0x000002e9) c.addi  t0, 26
core   0: 3 0x80007778 (0x02e9) x5  0x1f0ca1cd
core   0: 0x8000777a (0x31280a93) addi    s5, a6, 786
core   0: 3 0x8000777a (0x31280a93) x21 0x00000313
core   0: 0x8000777e (0x03e35033) divu    zero, t1, t5
core   0: 3 0x8000777e (0x03e35033)
core   0: 0x80007782 (0x0875f793) andi    a5, a1, 135
core   0: 3 0x80007782 (0x0875f793) x15 0x00000000
core   0: 0x80007786 (0x340cb2f3) csrrc   t0, mscratch, s9
core   0: 3 0x80007786 (0x340cb2f3) x5  0x00000019 c832_mscratch 0x00000000
core   0: 0x8000778a (0x340e92f3) csrrw   t0, mscratch, t4
core   0: 3 0x8000778a (0x340e92f3) x5  0x00000000 c832_mscratch 0x80029d24
core   0: 0x8000778e (0x00008786) c.mv    a5, ra
core   0: 3 0x8000778e (0x8786) x15 0xffffffff
core   0: 0x80007790 (0x0297eb63) bltu    a5, s1, pc + 54
core   0: 3 0x80007790 (0x0297eb63)
core   0: 0x80007794 (0x01a3ca33) xor     s4, t2, s10
core   0: 3 0x80007794 (0x01a3ca33) x20 0xffffffbd
core   0: 0x80007798 (0x0000010a) c.slli  sp, 2
core   0: 3 0x80007798 (0x010a) x2  0x00000c30
core   0: 0x8000779a (0x026a9963) bne     s5, t1, pc + 50
core   0: 3 0x8000779a (0x026a9963)
core   0: 0x800077cc (0x001d9a63) bne     s11, ra, pc + 20
core   0: 3 0x800077cc (0x001d9a63)
core   0: 0x800077e0 (0x34007873) csrrci  a6, mscratch, 0
core   0: 3 0x800077e0 (0x34007873) x16 0x80029d24
core   0: 0x800077e4 (0x0338d4b3) divu    s1, a7, s3
core   0: 3 0x800077e4 (0x0338d4b3) x9  0x00000000
core   0: 0x800077e8 (0x408401b3) sub     gp, s0, s0
core   0: 3 0x800077e8 (0x408401b3) x3  0x00000000
core   0: 0x800077ec (0x0ff0000f) fence   iorw,iorw
core   0: 3 0x800077ec (0x0ff0000f)
core   0: 0x800077f0 (0x00006f25) c.lui   t5, 0x9
core   0: 3 0x800077f0 (0x6f25) x30 0x00009000
core   0: 0x800077f2 (0x01933cb3) sltu    s9, t1, s9
core   0: 3 0x800077f2 (0x01933cb3) x25 0x00000001
core   0: 0x800077f6 (0x00006115) c.addi16sp sp, 288
core   0: 3 0x800077f6 (0x6115) x2  0x00000d50
core   0: 0x800077f8 (0x00008db9) c.xor   a1, a4
core   0: 3 0x800077f8 (0x8db9) x11 0x1431dfff
core   0: 0x800077fa (0x01565093) srli    ra, a2, 21
core   0: 3 0x800077fa (0x01565093) x1  0x00000000
core   0: 0x800077fe (0x00000001) c.nop
core   0: 3 0x800077fe (0x0001)
core   0: 0x80007800 (0x01290233) add     tp, s2, s2
core   0: 3 0x80007800 (0x01290233) x4  0xfffffefc
core   0: 0x80007804 (0x00d7a6b3) slt     a3, a5, a3
core   0: 3 0x80007804 (0x00d7a6b3) x13 0x00000000
core   0: 0x80007808 (0x00008cd9) c.or    s1, a4
core   0: 3 0x80007808 (0x8cd9) x9  0xffffffff
core   0: 0x8000780a (0x0000100f) fence.i
core   0: 3 0x8000780a (0x0000100f)
core   0: 0x8000780e (0x03e31763) bne     t1, t5, pc + 46
core   0: 3 0x8000780e (0x03e31763)
core   0: 0x8000783c (0x355aa393) slti    t2, s5, 853
core   0: 3 0x8000783c (0x355aa393) x7  0x00000001
core   0: 0x80007840 (0x0ff0000f) fence   iorw,iorw
core   0: 3 0x80007840 (0x0ff0000f)
core   0: 0x80007844 (0x0052c8b3) xor     a7, t0, t0
core   0: 3 0x80007844 (0x0052c8b3) x17 0x00000000
core   0: 0x80007848 (0x02fe6533) rem     a0, t3, a5
core   0: 3 0x80007848 (0x02fe6533) x10 0x00000000
core   0: 0x8000784c (0x03c5e0b3) rem     ra, a1, t3
core   0: 3 0x8000784c (0x03c5e0b3) x1  0x00005fff
core   0: 0x80007850 (0x406b0bb3) sub     s7, s6, t1
core   0: 3 0x80007850 (0x406b0bb3) x23 0xffffffff
core   0: 0x80007854 (0x00000001) c.nop
core   0: 3 0x80007854 (0x0001)
core   0: 0x80007856 (0x0450d563) bge     ra, t0, pc + 74
core   0: 3 0x80007856 (0x0450d563)
core   0: 0x800078a0 (0x01d5ca63) blt     a1, t4, pc + 20
core   0: 3 0x800078a0 (0x01d5ca63)
core   0: 0x800078a4 (0x3409d873) csrrwi  a6, mscratch, 19
core   0: 3 0x800078a4 (0x3409d873) x16 0x80029d24 c832_mscratch 0x00000013
core   0: 0x800078a8 (0x00b41463) bne     s0, a1, pc + 8
core   0: 3 0x800078a8 (0x00b41463)
core   0: 0x800078b0 (0x412ad933) sra     s2, s5, s2
core   0: 3 0x800078b0 (0x412ad933) x18 0x00000000
core   0: 0x800078b4 (0x00004669) c.li    a2, 26
core   0: 3 0x800078b4 (0x4669) x12 0x0000001a
core   0: 0x800078b6 (0x08b20f93) addi    t6, tp, 139
core   0: 3 0x800078b6 (0x08b20f93) x31 0xffffff87
core   0: 0x800078ba (0x00008b09) c.andi  a4, 2
core   0: 3 0x800078ba (0x8b09) x14 0x00000002
core   0: 0x800078bc (0x7c5be813) ori     a6, s7, 1989
core   0: 3 0x800078bc (0x7c5be813) x16 0xffffffff
core   0: 0x800078c0 (0x03b19733) mulh    a4, gp, s11
core   0: 3 0x800078c0 (0x03b19733) x14 0x00000000
core   0: 0x800078c4 (0x0000853d) c.srai  a0, 15
core   0: 3 0x800078c4 (0x853d) x10 0x00000000
core   0: 0x800078c6 (0x00a14033) xor     zero, sp, a0
core   0: 3 0x800078c6 (0x00a14033)
core   0: 0x800078ca (0x0000e505) c.bnez  a0, pc + 40
core   0: 3 0x800078ca (0xe505)
core   0: 0x800078cc (0x03f008b3) mul     a7, zero, t6
core   0: 3 0x800078cc (0x03f008b3) x17 0x00000000
core   0: 0x800078d0 (0x043c1163) bne     s8, gp, pc + 66
core   0: 3 0x800078d0 (0x043c1163)
core   0: 0x80007912 (0x0169a5b3) slt     a1, s3, s6
core   0: 3 0x80007912 (0x0169a5b3) x11 0x00000000
core   0: 0x80007916 (0x03b8e8b3) rem     a7, a7, s11
core   0: 3 0x80007916 (0x03b8e8b3) x17 0x00000000
core   0: 0x8000791a (0x34001973) csrrw   s2, mscratch, zero
core   0: 3 0x8000791a (0x34001973) x18 0x00000013 c832_mscratch 0x00000000
core   0: 0x8000791e (0x340075f3) csrrci  a1, mscratch, 0
core   0: 3 0x8000791e (0x340075f3) x11 0x00000000
core   0: 0x80007922 (0x00008e05) c.sub   a2, s1
core   0: 3 0x80007922 (0x8e05) x12 0x0000001b
core   0: 0x80007924 (0x00006159) c.addi16sp sp, 400
core   0: 3 0x80007924 (0x6159) x2  0x00000ee0
core   0: 0x80007926 (0x0003c963) bltz    t2, pc + 18
core   0: 3 0x80007926 (0x0003c963)
core   0: 0x8000792a (0x02c2bcb3) mulhu   s9, t0, a2
core   0: 3 0x8000792a (0x02c2bcb3) x25 0x00000000
core   0: 0x8000792e (0xbf08ed13) ori     s10, a7, -1040
core   0: 3 0x8000792e (0xbf08ed13) x26 0xfffffbf0
core   0: 0x80007932 (0x0000717d) c.addi16sp sp, -16
core   0: 3 0x80007932 (0x717d) x2  0x00000ed0
core   0: 0x80007934 (0x34066373) csrrsi  t1, mscratch, 12
core   0: 3 0x80007934 (0x34066373) x6  0x00000000 c832_mscratch 0x0000000c
core   0: 0x80007938 (0x123b7913) andi    s2, s6, 291
core   0: 3 0x80007938 (0x123b7913) x18 0x00000000
core   0: 0x8000793c (0x403656b3) sra     a3, a2, gp
core   0: 3 0x8000793c (0x403656b3) x13 0x0000001b
core   0: 0x80007940 (0x01696463) bltu    s2, s6, pc + 8
core   0: 3 0x80007940 (0x01696463)
core   0: 0x80007944 (0xa0a86213) ori     tp, a6, -1526
core   0: 3 0x80007944 (0xa0a86213) x4  0xffffffff
core   0: 0x80007948 (0x34002e73) csrr    t3, mscratch
core   0: 3 0x80007948 (0x34002e73) x28 0x0000000c
core   0: 0x8000794c (0x00008e3d) c.xor   a2, a5
core   0: 3 0x8000794c (0x8e3d) x12 0xffffffe4
core   0: 0x8000794e (0x340f5cf3) csrrwi  s9, mscratch, 30
core   0: 3 0x8000794e (0x340f5cf3) x25 0x0000000c c832_mscratch 0x0000001e
core   0: 0x80007952 (0x34046ff3) csrrsi  t6, mscratch, 8
core   0: 3 0x80007952 (0x34046ff3) x31 0x0000001e c832_mscratch 0x0000001e
core   0: 0x80007956 (0x00495a93) srli    s5, s2, 4
core   0: 3 0x80007956 (0x00495a93) x21 0x00000000
core   0: 0x8000795a (0x00009f96) c.add   t6, t0
core   0: 3 0x8000795a (0x9f96) x31 0x0000001e
core   0: 0x8000795c (0x0000717d) c.addi16sp sp, -16
core   0: 3 0x8000795c (0x717d) x2  0x00000ec0
core   0: 0x8000795e (0x0231e663) bltu    gp, gp, pc + 44
core   0: 3 0x8000795e (0x0231e663)
core   0: 0x80007962 (0x4046d713) srai    a4, a3, 4
core   0: 3 0x80007962 (0x4046d713) x14 0x00000001
core   0: 0x80007966 (0x01035313) srli    t1, t1, 16
core   0: 3 0x80007966 (0x01035313) x6  0x00000000
core   0: 0x8000796a (0xcbb07793) andi    a5, zero, -837
core   0: 3 0x8000796a (0xcbb07793) x15 0x00000000
core   0: 0x8000796e (0x002374b3) and     s1, t1, sp
core   0: 3 0x8000796e (0x002374b3) x9  0x00000000
core   0: 0x80007972 (0x00008f21) c.xor   a4, s0
core   0: 3 0x80007972 (0x8f21) x14 0xf0a6efc0
core   0: 0x80007974 (0x00008e1d) c.sub   a2, a5
core   0: 3 0x80007974 (0x8e1d) x12 0xffffffe4
core   0: 0x80007976 (0x9b3d2c93) slti    s9, s10, -1613
core   0: 3 0x80007976 (0x9b3d2c93) x25 0x00000000
core   0: 0x8000797a (0x41835213) srai    tp, t1, 24
core   0: 3 0x8000797a (0x41835213) x4  0x00000000
core   0: 0x8000797e (0x0000100f) fence.i
core   0: 3 0x8000797e (0x0000100f)
core   0: 0x80007982 (0x50244993) xori    s3, s0, 1282
core   0: 3 0x80007982 (0x50244993) x19 0xf0a6eac3
core   0: 0x80007986 (0x340076f3) csrrci  a3, mscratch, 0
core   0: 3 0x80007986 (0x340076f3) x13 0x0000001e
core   0: 0x8000798a (0x02a48fb3) mul     t6, s1, a0
core   0: 3 0x8000798a (0x02a48fb3) x31 0x00000000
core   0: 0x8000798e (0x53903493) sltiu   s1, zero, 1337
core   0: 3 0x8000798e (0x53903493) x9  0x00000001
core   0: 0x80007992 (0x0100c263) blt     ra, a6, pc + 4
core   0: 3 0x80007992 (0x0100c263)
core   0: 0x80007996 (0x00006121) c.addi16sp sp, 64
core   0: 3 0x80007996 (0x6121) x2  0x00000f00
core   0: 0x80007998 (0x000084b9) c.srai  s1, 14
core   0: 3 0x80007998 (0x84b9) x9  0x00000000
core   0: 0x8000799a (0x12b2b013) sltiu   zero, t0, 299
core   0: 3 0x8000799a (0x12b2b013)
core   0: 0x8000799e (0x00008ed9) c.or    a3, a4
core   0: 3 0x8000799e (0x8ed9) x13 0xf0a6efde
core   0: 0x800079a0 (0x00008a86) c.mv    s5, ra
core   0: 3 0x800079a0 (0x8a86) x21 0x00005fff
core   0: 0x800079a2 (0x71d13493) sltiu   s1, sp, 1821
core   0: 3 0x800079a2 (0x71d13493) x9  0x00000000
core   0: 0x800079a6 (0x00000196) c.slli  gp, 5
core   0: 3 0x800079a6 (0x0196) x3  0x00000000
core   0: 0x800079a8 (0x01c87ab3) and     s5, a6, t3
core   0: 3 0x800079a8 (0x01c87ab3) x21 0x0000000c
core   0: 0x800079ac (0x00008d51) c.or    a0, a2
core   0: 3 0x800079ac (0x8d51) x10 0xffffffe4
core   0: 0x800079ae (0x02eb5ab3) divu    s5, s6, a4
core   0: 3 0x800079ae (0x02eb5ab3) x21 0x00000000
core   0: 0x800079b2 (0x00008d35) c.xor   a0, a3
core   0: 3 0x800079b2 (0x8d35) x10 0x0f59103a
core   0: 0x800079b4 (0x00008d2d) c.xor   a0, a1
core   0: 3 0x800079b4 (0x8d2d) x10 0x0f59103a
core   0: 0x800079b6 (0x0000997d) c.andi  a0, -1
core   0: 3 0x800079b6 (0x997d) x10 0x0f59103a
core   0: 0x800079b8 (0x00009bfd) c.andi  a5, -1
core   0: 3 0x800079b8 (0x9bfd) x15 0x00000000
core   0: 0x800079ba (0x000052fd) c.li    t0, -1
core   0: 3 0x800079ba (0x52fd) x5  0xffffffff
core   0: 0x800079bc (0xa437af93) slti    t6, a5, -1469
core   0: 3 0x800079bc (0xa437af93) x31 0x00000000
core   0: 0x800079c0 (0x00008fb1) c.xor   a5, a2
core   0: 3 0x800079c0 (0x8fb1) x15 0xffffffe4
core   0: 0x800079c2 (0xb1846f13) ori     t5, s0, -1256
core   0: 3 0x800079c2 (0xb1846f13) x30 0xffffffd9
core   0: 0x800079c6 (0x00ffb9b3) sltu    s3, t6, a5
core   0: 3 0x800079c6 (0x00ffb9b3) x19 0x00000001
core   0: 0x800079ca (0x000085f5) c.srai  a1, 29
core   0: 3 0x800079ca (0x85f5) x11 0x00000000
core   0: 0x800079cc (0x017f7fb3) and     t6, t5, s7
core   0: 3 0x800079cc (0x017f7fb3) x31 0xffffffd9
core   0: 0x800079d0 (0x34002a73) csrr    s4, mscratch
core   0: 3 0x800079d0 (0x34002a73) x20 0x0000001e
core   0: 0x800079d4 (0xbe682693) slti    a3, a6, -1050
core   0: 3 0x800079d4 (0xbe682693) x13 0x00000000
core   0: 0x800079d8 (0x03e4e8b3) rem     a7, s1, t5
core   0: 3 0x800079d8 (0x03e4e8b3) x17 0x00000000
core   0: 0x800079dc (0x0000100f) fence.i
core   0: 3 0x800079dc (0x0000100f)
core   0: 0x800079e0 (0xc3a8b793) sltiu   a5, a7, -966
core   0: 3 0x800079e0 (0xc3a8b793) x15 0x00000001
core   0: 0x800079e4 (0x01c59313) slli    t1, a1, 28
core   0: 3 0x800079e4 (0x01c59313) x6  0x00000000
core   0: 0x800079e8 (0x0200ee63) bltu    ra, zero, pc + 60
core   0: 3 0x800079e8 (0x0200ee63)
core   0: 0x800079ec (0x00000956) c.slli  s2, 21
core   0: 3 0x800079ec (0x0956) x18 0x00000000
core   0: 0x800079ee (0x019f1463) bne     t5, s9, pc + 8
core   0: 3 0x800079ee (0x019f1463)
core   0: 0x800079f6 (0x53f05737) lui     a4, 0x53f05
core   0: 3 0x800079f6 (0x53f05737) x14 0x53f05000
core   0: 0x800079fa (0x3407ff73) csrrci  t5, mscratch, 15
core   0: 3 0x800079fa (0x3407ff73) x30 0x0000001e c832_mscratch 0x00000010
core   0: 0x800079fe (0x00008e45) c.or    a2, s1
core   0: 3 0x800079fe (0x8e45) x12 0xffffffe4
core   0: 0x80007a00 (0x02e3da63) bge     t2, a4, pc + 52
core   0: 3 0x80007a00 (0x02e3da63)
core   0: 0x80007a04 (0x022a0263) beq     s4, sp, pc + 36
core   0: 3 0x80007a04 (0x022a0263)
core   0: 0x80007a08 (0x00006175) c.addi16sp sp, 368
core   0: 3 0x80007a08 (0x6175) x2  0x00001070
core   0: 0x80007a0a (0x0000100f) fence.i
core   0: 3 0x80007a0a (0x0000100f)
core   0: 0x80007a0e (0x0050e2b3) or      t0, ra, t0
core   0: 3 0x80007a0e (0x0050e2b3) x5  0xffffffff
core   0: 0x80007a12 (0x1db2f013) andi    zero, t0, 475
core   0: 3 0x80007a12 (0x1db2f013)
core   0: 0x80007a16 (0x02dc71b3) remu    gp, s8, a3
core   0: 3 0x80007a16 (0x02dc71b3) x3  0x80025ea4
core   0: 0x80007a1a (0x00000001) c.nop
core   0: 3 0x80007a1a (0x0001)
core   0: 0x80007a1c (0x023c40b3) div     ra, s8, gp
core   0: 3 0x80007a1c (0x023c40b3) x1  0x00000001
core   0: 0x80007a20 (0x038f11b3) mulh    gp, t5, s8
core   0: 3 0x80007a20 (0x038f11b3) x3  0xfffffff1
core   0: 0x80007a24 (0x340024f3) csrr    s1, mscratch
core   0: 3 0x80007a24 (0x340024f3) x9  0x00000010
core   0: 0x80007a28 (0x01dd5bb3) srl     s7, s10, t4
core   0: 3 0x80007a28 (0x01dd5bb3) x23 0x0fffffbf
core   0: 0x80007a2c (0x340a3273) csrrc   tp, mscratch, s4
core   0: 3 0x80007a2c (0x340a3273) x4  0x00000010 c832_mscratch 0x00000000
core   0: 0x80007a30 (0x03740033) mul     zero, s0, s7
core   0: 3 0x80007a30 (0x03740033)
core   0: 0x80007a34 (0x41105e33) sra     t3, zero, a7
core   0: 3 0x80007a34 (0x41105e33) x28 0x00000000
core   0: 0x80007a38 (0x01cad333) srl     t1, s5, t3
core   0: 3 0x80007a38 (0x01cad333) x6  0x00000000
core   0: 0x80007a3c (0x024e5b33) divu    s6, t3, tp
core   0: 3 0x80007a3c (0x024e5b33) x22 0x00000000
core   0: 0x80007a40 (0x8440ea13) ori     s4, ra, -1980
core   0: 3 0x80007a40 (0x8440ea13) x20 0xfffff845
core   0: 0x80007a44 (0x66e9b737) lui     a4, 0x66e9b
core   0: 3 0x80007a44 (0x66e9b737) x14 0x66e9b000
core   0: 0x80007a48 (0x000062dd) c.lui   t0, 0x17
core   0: 3 0x80007a48 (0x62dd) x5  0x00017000
core   0: 0x80007a4a (0x34036673) csrrsi  a2, mscratch, 6
core   0: 3 0x80007a4a (0x34036673) x12 0x00000000 c832_mscratch 0x00000006
core   0: 0x80007a4e (0x00000add) c.addi  s5, 23
core   0: 3 0x80007a4e (0x0add) x21 0x00000017
core   0: 0x80007a50 (0xcfb03e13) sltiu   t3, zero, -773
core   0: 3 0x80007a50 (0xcfb03e13) x28 0x00000001
core   0: 0x80007a54 (0xd228cf93) xori    t6, a7, -734
core   0: 3 0x80007a54 (0xd228cf93) x31 0xfffffd22
core   0: 0x80007a58 (0x34021e73) csrrw   t3, mscratch, tp
core   0: 3 0x80007a58 (0x34021e73) x28 0x00000006 c832_mscratch 0x00000010
core   0: 0x80007a5c (0x0000100f) fence.i
core   0: 3 0x80007a5c (0x0000100f)
core   0: 0x80007a60 (0x0000e215) c.bnez  a2, pc + 36
core   0: 3 0x80007a60 (0xe215)
core   0: 0x80007a62 (0x008a5813) srli    a6, s4, 8
core   0: 3 0x80007a62 (0x008a5813) x16 0x00fffff8
core   0: 0x80007a66 (0x34003073) csrc    mscratch, zero
core   0: 3 0x80007a66 (0x34003073)
core   0: 0x80007a6a (0x004eca63) blt     t4, tp, pc + 20
core   0: 3 0x80007a6a (0x004eca63)
core   0: 0x80007a7e (0x00008f8d) c.sub   a5, a1
core   0: 3 0x80007a7e (0x8f8d) x15 0x00000001
core   0: 0x80007a80 (0x00000001) c.nop
core   0: 3 0x80007a80 (0x0001)
core   0: 0x80007a82 (0x000098fd) c.andi  s1, -1
core   0: 3 0x80007a82 (0x98fd) x9  0x00000010
core   0: 0x80007a84 (0xc35ae013) ori     zero, s5, -971
core   0: 3 0x80007a84 (0xc35ae013)
core   0: 0x80007a88 (0x01c26833) or      a6, tp, t3
core   0: 3 0x80007a88 (0x01c26833) x16 0x00000016
core   0: 0x80007a8c (0x00546db3) or      s11, s0, t0
core   0: 3 0x80007a8c (0x00546db3) x27 0xf0a7ffc1
core   0: 0x80007a90 (0x00008229) c.srli  a2, 10
core   0: 3 0x80007a90 (0x8229) x12 0x00000000
core   0: 0x80007a92 (0x01ff4633) xor     a2, t5, t6
core   0: 3 0x80007a92 (0x01ff4633) x12 0xfffffd3c
core   0: 0x80007a96 (0x02b756b3) divu    a3, a4, a1
core   0: 3 0x80007a96 (0x02b756b3) x13 0xffffffff
core   0: 0x80007a9a (0x00008aa2) c.mv    s5, s0
core   0: 3 0x80007a9a (0x8aa2) x21 0xf0a6efc1
core   0: 0x80007a9c (0x035e68b3) rem     a7, t3, s5
core   0: 3 0x80007a9c (0x035e68b3) x17 0x00000006
core   0: 0x80007aa0 (0x00000001) c.nop
core   0: 3 0x80007aa0 (0x0001)
core   0: 0x80007aa2 (0x0279cc63) blt     s3, t2, pc + 56
core   0: 3 0x80007aa2 (0x0279cc63)
core   0: 0x80007aa6 (0x40e4d613) srai    a2, s1, 14
core   0: 3 0x80007aa6 (0x40e4d613) x12 0x00000000
core   0: 0x80007aaa (0x00000001) c.nop
core   0: 3 0x80007aaa (0x0001)
core   0: 0x80007aac (0x34033af3) csrrc   s5, mscratch, t1
core   0: 3 0x80007aac (0x34033af3) x21 0x00000010 c832_mscratch 0x00000010
core   0: 0x80007ab0 (0x004799b3) sll     s3, a5, tp
core   0: 3 0x80007ab0 (0x004799b3) x19 0x00010000
core   0: 0x80007ab4 (0x03faf033) remu    zero, s5, t6
core   0: 3 0x80007ab4 (0x03faf033)
core   0: 0x80007ab8 (0x00d2e663) bltu    t0, a3, pc + 12
core   0: 3 0x80007ab8 (0x00d2e663)
core   0: 0x80007ac4 (0x029c8963) beq     s9, s1, pc + 50
core   0: 3 0x80007ac4 (0x029c8963)
core   0: 0x80007ac8 (0x02470e63) beq     a4, tp, pc + 60
core   0: 3 0x80007ac8 (0x02470e63)
core   0: 0x80007acc (0x00000001) c.nop
core   0: 3 0x80007acc (0x0001)
core   0: 0x80007ace (0x00008215) c.srli  a2, 5
core   0: 3 0x80007ace (0x8215) x12 0x00000000
core   0: 0x80007ad0 (0x001f9913) slli    s2, t6, 1
core   0: 3 0x80007ad0 (0x001f9913) x18 0xfffffa44
core   0: 0x80007ad4 (0x02b9c5b3) div     a1, s3, a1
core   0: 3 0x80007ad4 (0x02b9c5b3) x11 0xffffffff
core   0: 0x80007ad8 (0x00000001) c.nop
core   0: 3 0x80007ad8 (0x0001)
core   0: 0x80007ada (0x00008ea5) c.xor   a3, s1
core   0: 3 0x80007ada (0x8ea5) x13 0xffffffef
core   0: 0x80007adc (0x00008d71) c.and   a0, a2
core   0: 3 0x80007adc (0x8d71) x10 0x00000000
core   0: 0x80007ade (0x00543bb3) sltu    s7, s0, t0
core   0: 3 0x80007ade (0x00543bb3) x23 0x00000000
core   0: 0x80007ae2 (0x25ffe613) ori     a2, t6, 607
core   0: 3 0x80007ae2 (0x25ffe613) x12 0xffffff7f
core   0: 0x80007ae6 (0x01ab0f63) beq     s6, s10, pc + 30
core   0: 3 0x80007ae6 (0x01ab0f63)
core   0: 0x80007aea (0x34089673) csrrw   a2, mscratch, a7
core   0: 3 0x80007aea (0x34089673) x12 0x00000010 c832_mscratch 0x00000006
core   0: 0x80007aee (0x033e3033) mulhu   zero, t3, s3
core   0: 3 0x80007aee (0x033e3033)
core   0: 0x80007af2 (0x00008a69) c.andi  a2, 26
core   0: 3 0x80007af2 (0x8a69) x12 0x00000010
core   0: 0x80007af4 (0x00008cfd) c.and   s1, a5
core   0: 3 0x80007af4 (0x8cfd) x9  0x00000000
core   0: 0x80007af6 (0x3409f2f3) csrrci  t0, mscratch, 19
core   0: 3 0x80007af6 (0x3409f2f3) x5  0x00000006 c832_mscratch 0x00000004
core   0: 0x80007afa (0x34006d73) csrrsi  s10, mscratch, 0
core   0: 3 0x80007afa (0x34006d73) x26 0x00000004
core   0: 0x80007afe (0x0000025d) c.addi  tp, 23
core   0: 3 0x80007afe (0x025d) x4  0x00000027
core   0: 0x80007b00 (0x340d19f3) csrrw   s3, mscratch, s10
core   0: 3 0x80007b00 (0x340d19f3) x19 0x00000004 c832_mscratch 0x00000004
core   0: 0x80007b04 (0x5a77cf13) xori    t5, a5, 1447
core   0: 3 0x80007b04 (0x5a77cf13) x30 0x000005a6
core   0: 0x80007b08 (0x00000001) c.nop
core   0: 3 0x80007b08 (0x0001)
core   0: 0x80007b0a (0x000090ea) c.add   ra, s10
core   0: 3 0x80007b0a (0x90ea) x1  0x00000005
core   0: 0x80007b0c (0x01a94663) blt     s2, s10, pc + 12
core   0: 3 0x80007b0c (0x01a94663)
core   0: 0x80007b18 (0x02f5ea63) bltu    a1, a5, pc + 52
core   0: 3 0x80007b18 (0x02f5ea63)
core   0: 0x80007b1c (0x340a73f3) csrrci  t2, mscratch, 20
core   0: 3 0x80007b1c (0x340a73f3) x7  0x00000004 c832_mscratch 0x00000000
core   0: 0x80007b20 (0x03f66c63) bltu    a2, t6, pc + 56
core   0: 3 0x80007b20 (0x03f66c63)
core   0: 0x80007b58 (0x00000e08) c.addi4spn a0, sp, 784
core   0: 3 0x80007b58 (0x0e08) x10 0x00001380
core   0: 0x80007b5a (0x03e65d63) bge     a2, t5, pc + 58
core   0: 3 0x80007b5a (0x03e65d63)
core   0: 0x80007b5e (0x351c09b7) lui     s3, 0x351c0
core   0: 3 0x80007b5e (0x351c09b7) x19 0x351c0000
core   0: 0x80007b62 (0x0000100f) fence.i
core   0: 3 0x80007b62 (0x0000100f)
core   0: 0x80007b66 (0x031585b3) mul     a1, a1, a7
core   0: 3 0x80007b66 (0x031585b3) x11 0xfffffffa
core   0: 0x80007b6a (0x03b11f33) mulh    t5, sp, s11
core   0: 3 0x80007b6a (0x03b11f33) x30 0xffffff03
core   0: 0x80007b6e (0x0000810d) c.srli  a0, 3
core   0: 3 0x80007b6e (0x810d) x10 0x00000270
core   0: 0x80007b70 (0x01531213) slli    tp, t1, 21
core   0: 3 0x80007b70 (0x01531213) x4  0x00000000
core   0: 0x80007b74 (0x01535513) srli    a0, t1, 21
core   0: 3 0x80007b74 (0x01535513) x10 0x00000000
core   0: 0x80007b78 (0x000098fd) c.andi  s1, -1
core   0: 3 0x80007b78 (0x98fd) x9  0x00000000
core   0: 0x80007b7a (0x4172d293) srai    t0, t0, 23
core   0: 3 0x80007b7a (0x4172d293) x5  0x00000000
core   0: 0x80007b7e (0x0000717d) c.addi16sp sp, -16
core   0: 3 0x80007b7e (0x717d) x2  0x00001060
core   0: 0x80007b80 (0x00b86f33) or      t5, a6, a1
core   0: 3 0x80007b80 (0x00b86f33) x30 0xfffffffe
core   0: 0x80007b84 (0x00008309) c.srli  a4, 2
core   0: 3 0x80007b84 (0x8309) x14 0x19ba6c00
core   0: 0x80007b86 (0x0017aab3) slt     s5, a5, ra
core   0: 3 0x80007b86 (0x0017aab3) x21 0x00000001
core   0: 0x80007b8a (0x34006cf3) csrrsi  s9, mscratch, 0
core   0: 3 0x80007b8a (0x34006cf3) x25 0x00000000
core   0: 0x80007b8e (0x50552513) slti    a0, a0, 1285
core   0: 3 0x80007b8e (0x50552513) x10 0x00000001
core   0: 0x80007b92 (0x0000811d) c.srli  a0, 7
core   0: 3 0x80007b92 (0x811d) x10 0x00000000
core   0: 0x80007b94 (0x3406ecf3) csrrsi  s9, mscratch, 13
core   0: 3 0x80007b94 (0x3406ecf3) x25 0x00000000 c832_mscratch 0x0000000d
core   0: 0x80007b98 (0x0000717d) c.addi16sp sp, -16
core   0: 3 0x80007b98 (0x717d) x2  0x00001050
core   0: 0x80007b9a (0x3405a073) csrs    mscratch, a1
core   0: 3 0x80007b9a (0x3405a073) c832_mscratch 0xffffffff
core   0: 0x80007b9e (0x012d16b3) sll     a3, s10, s2
core   0: 3 0x80007b9e (0x012d16b3) x13 0x00000040
core   0: 0x80007ba2 (0x0000187d) c.addi  a6, -1
core   0: 3 0x80007ba2 (0x187d) x16 0x00000015
core   0: 0x80007ba4 (0x00001588) c.addi4spn a0, sp, 736
core   0: 3 0x80007ba4 (0x1588) x10 0x00001330
core   0: 0x80007ba6 (0x0000891a) c.mv    s2, t1
core   0: 3 0x80007ba6 (0x891a) x18 0x00000000
core   0: 0x80007ba8 (0x007f8bb3) add     s7, t6, t2
core   0: 3 0x80007ba8 (0x007f8bb3) x23 0xfffffd26
core   0: 0x80007bac (0x01ec3333) sltu    t1, s8, t5
core   0: 3 0x80007bac (0x01ec3333) x6  0x00000001
core   0: 0x80007bb0 (0x7ca33613) sltiu   a2, t1, 1994
core   0: 3 0x80007bb0 (0x7ca33613) x12 0x00000001
core   0: 0x80007bb4 (0xc1e63313) sltiu   t1, a2, -994
core   0: 3 0x80007bb4 (0xc1e63313) x6  0x00000001
core   0: 0x80007bb8 (0x0331c633) div     a2, gp, s3
core   0: 3 0x80007bb8 (0x0331c633) x12 0x00000000
core   0: 0x80007bbc (0x34085df3) csrrwi  s11, mscratch, 16
core   0: 3 0x80007bbc (0x34085df3) x27 0xffffffff c832_mscratch 0x00000010
core   0: 0x80007bc0 (0x000002ee) c.slli  t0, 27
core   0: 3 0x80007bc0 (0x02ee) x5  0x00000000
core   0: 0x80007bc2 (0x011e7733) and     a4, t3, a7
core   0: 3 0x80007bc2 (0x011e7733) x14 0x00000006
core   0: 0x80007bc6 (0x0ff0000f) fence   iorw,iorw
core   0: 3 0x80007bc6 (0x0ff0000f)
core   0: 0x80007bca (0x00008f61) c.and   a4, s0
core   0: 3 0x80007bca (0x8f61) x14 0x00000000
core   0: 0x80007bcc (0x00000e4e) c.slli  t3, 19
core   0: 3 0x80007bcc (0x0e4e) x28 0x00300000
core   0: 0x80007bce (0x0000955e) c.add   a0, s7
core   0: 3 0x80007bce (0x955e) x10 0x00001056
core   0: 0x80007bd0 (0x023bb8b3) mulhu   a7, s7, gp
core   0: 3 0x80007bd0 (0x023bb8b3) x17 0xfffffd17
core   0: 0x80007bd4 (0x0ff0000f) fence   iorw,iorw
core   0: 3 0x80007bd4 (0x0ff0000f)
core   0: 0x80007bd8 (0x03950f63) beq     a0, s9, pc + 62
core   0: 3 0x80007bd8 (0x03950f63)
core   0: 0x80007bdc (0x0000c681) c.beqz  a3, pc + 8
core   0: 3 0x80007bdc (0xc681)
core   0: 0x80007bde (0x011aee63) bltu    s5, a7, pc + 28
core   0: 3 0x80007bde (0x011aee63)
core   0: 0x80007bfa (0x00008ddd) c.or    a1, a5
core   0: 3 0x80007bfa (0x8ddd) x11 0xfffffffb
core   0: 0x80007bfc (0x031915b3) mulh    a1, s2, a7
core   0: 3 0x80007bfc (0x031915b3) x11 0x00000000
core   0: 0x80007c00 (0x00008f39) c.xor   a4, a4
core   0: 3 0x80007c00 (0x8f39) x14 0x00000000
core   0: 0x80007c02 (0x0000717d) c.addi16sp sp, -16
core   0: 3 0x80007c02 (0x717d) x2  0x00001040
core   0: 0x80007c04 (0x000068c5) c.lui   a7, 0x11
core   0: 3 0x80007c04 (0x68c5) x17 0x00011000
core   0: 0x80007c06 (0x01b0bd33) sltu    s10, ra, s11
core   0: 3 0x80007c06 (0x01b0bd33) x26 0x00000001
core   0: 0x80007c0a (0x412609b3) sub     s3, a2, s2
core   0: 3 0x80007c0a (0x412609b3) x19 0x00000000
core   0: 0x80007c0e (0xc4cf3a93) sltiu   s5, t5, -948
core   0: 3 0x80007c0e (0xc4cf3a93) x21 0x00000000
core   0: 0x80007c12 (0xba51a213) slti    tp, gp, -1115
core   0: 3 0x80007c12 (0xba51a213) x4  0x00000000
core   0: 0x80007c16 (0x00008f45) c.or    a4, s1
core   0: 3 0x80007c16 (0x8f45) x14 0x00000000
core   0: 0x80007c18 (0x00006399) c.lui   t2, 0x6
core   0: 3 0x80007c18 (0x6399) x7  0x00006000
core   0: 0x80007c1a (0x02848833) mul     a6, s1, s0
core   0: 3 0x80007c1a (0x02848833) x16 0x00000000
core   0: 0x80007c1e (0x00000001) c.nop
core   0: 3 0x80007c1e (0x0001)
core   0: 0x80007c20 (0x00448b63) beq     s1, tp, pc + 22
core   0: 3 0x80007c20 (0x00448b63)
core   0: 0x80007c36 (0x03c2e563) bltu    t0, t3, pc + 42
core   0: 3 0x80007c36 (0x03c2e563)
core   0: 0x80007c60 (0xc2311b97) auipc   s7, 0xc2311
core   0: 3 0x80007c60 (0xc2311b97) x23 0x42318c60
core   0: 0x80007c64 (0x000098fd) c.andi  s1, -1
core   0: 3 0x80007c64 (0x98fd) x9  0x00000000
core   0: 0x80007c66 (0x34011073) csrw    mscratch, sp
core   0: 3 0x80007c66 (0x34011073) c832_mscratch 0x00001040
core   0: 0x80007c6a (0x00001ffd) c.addi  t6, -1
core   0: 3 0x80007c6a (0x1ffd) x31 0xfffffd21
core   0: 0x80007c6c (0x340077f3) csrrci  a5, mscratch, 0
core   0: 3 0x80007c6c (0x340077f3) x15 0x00001040
core   0: 0x80007c70 (0x007934b3) sltu    s1, s2, t2
core   0: 3 0x80007c70 (0x007934b3) x9  0x00000001
core   0: 0x80007c74 (0x00000001) c.nop
core   0: 3 0x80007c74 (0x0001)
core   0: 0x80007c76 (0x0000717d) c.addi16sp sp, -16
core   0: 3 0x80007c76 (0x717d) x2  0x00001030
core   0: 0x80007c78 (0x0000834a) c.mv    t1, s2
core   0: 3 0x80007c78 (0x834a) x6  0x00000000
core   0: 0x80007c7a (0x3407b3f3) csrrc   t2, mscratch, a5
core   0: 3 0x80007c7a (0x3407b3f3) x7  0x00001040 c832_mscratch 0x00000000
core   0: 0x80007c7e (0x00008ed5) c.or    a3, a3
core   0: 3 0x80007c7e (0x8ed5) x13 0x00000040
core   0: 0x80007c80 (0x00006261) c.lui   tp, 0x18
core   0: 3 0x80007c80 (0x6261) x4  0x00018000
core   0: 0x80007c82 (0x02f7fa63) bgeu    a5, a5, pc + 52
core   0: 3 0x80007c82 (0x02f7fa63)
core   0: 0x80007cb6 (0x03d79663) bne     a5, t4, pc + 44
core   0: 3 0x80007cb6 (0x03d79663)
core   0: 0x80007ce2 (0x0389bf33) mulhu   t5, s3, s8
core   0: 3 0x80007ce2 (0x0389bf33) x30 0x00000000
core   0: 0x80007ce6 (0x00008f85) c.sub   a5, s1
core   0: 3 0x80007ce6 (0x8f85) x15 0x0000103f
core   0: 0x80007ce8 (0x00008759) c.srai  a4, 22
core   0: 3 0x80007ce8 (0x8759) x14 0x00000000
core   0: 0x80007cea (0x340b7f73) csrrci  t5, mscratch, 22
core   0: 3 0x80007cea (0x340b7f73) x30 0x00000000 c832_mscratch 0x00000000
core   0: 0x80007cee (0x00008dc5) c.or    a1, s1
core   0: 3 0x80007cee (0x8dc5) x11 0x00000001
core   0: 0x80007cf0 (0x0285eb63) bltu    a1, s0, pc + 54
core   0: 3 0x80007cf0 (0x0285eb63)
core   0: 0x80007d26 (0x0d910d63) beq     sp, s9, pc + 218
core   0: 3 0x80007d26 (0x0d910d63)
core   0: 0x80007d2a (0x3401eb73) csrrsi  s6, mscratch, 3
core   0: 3 0x80007d2a (0x3401eb73) x22 0x00000000 c832_mscratch 0x00000003
core   0: 0x80007d2e (0x000084a5) c.srai  s1, 9
core   0: 3 0x80007d2e (0x84a5) x9  0x00000000
core   0: 0x80007d30 (0x0000e899) c.bnez  s1, pc + 22
core   0: 3 0x80007d30 (0xe899)
core   0: 0x80007d32 (0x0000100f) fence.i
core   0: 3 0x80007d32 (0x0000100f)
core   0: 0x80007d36 (0x03b55ab3) divu    s5, a0, s11
core   0: 3 0x80007d36 (0x03b55ab3) x21 0x00000000
core   0: 0x80007d3a (0x002dc863) blt     s11, sp, pc + 16
core   0: 3 0x80007d3a (0x002dc863)
core   0: 0x80007d4a (0x00008cb9) c.xor   s1, a4
core   0: 3 0x80007d4a (0x8cb9) x9  0x00000000
core   0: 0x80007d4c (0x14981663) bne     a6, s1, pc + 332
core   0: 3 0x80007d4c (0x14981663)
core   0: 0x80007d50 (0x4a0160b7) lui     ra, 0x4a016
core   0: 3 0x80007d50 (0x4a0160b7) x1  0x4a016000
core   0: 0x80007d54 (0xdb7b8397) auipc   t2, 0xdb7b8
core   0: 3 0x80007d54 (0xdb7b8397) x7  0x5b7bfd54
core   0: 0x80007d58 (0x000082cd) c.srli  a3, 19
core   0: 3 0x80007d58 (0x82cd) x13 0x00000000
core   0: 0x80007d5a (0x00009117) auipc   sp, 0x9
core   0: 3 0x80007d5a (0x00009117) x2  0x80010d5a
core   0: 0x80007d5e (0xd4b10113) addi    sp, sp, -693
core   0: 3 0x80007d5e (0xd4b10113) x2  0x80010aa5
core   0: 0x80007d62 (0x00bc7933) and     s2, s8, a1
core   0: 3 0x80007d62 (0x00bc7933) x18 0x00000000
core   0: 0x80007d66 (0x012123a3) sw      s2, 7(sp)
core   0: 3 0x80007d66 (0x012123a3) mem 0x80010aac 0x00000000
core   0: 0x80007d6a (0x00244ab3) xor     s5, s0, sp
core   0: 3 0x80007d6a (0x00244ab3) x21 0x70a7e564
core   0: 0x80007d6e (0x00000001) c.nop
core   0: 3 0x80007d6e (0x0001)
core   0: 0x80007d70 (0x000083cd) c.srli  a5, 19
core   0: 3 0x80007d70 (0x83cd) x15 0x00000000
core   0: 0x80007d72 (0x00000001) c.nop
core   0: 3 0x80007d72 (0x0001)
core   0: 0x80007d74 (0xfe310aa3) sb      gp, -11(sp)
core   0: 3 0x80007d74 (0xfe310aa3) mem 0x80010a9a 0xf1
core   0: 0x80007d78 (0x0118a333) slt     t1, a7, a7
core   0: 3 0x80007d78 (0x0118a333) x6  0x00000000
core   0: 0x80007d7c (0xd9f52b93) slti    s7, a0, -609
core   0: 3 0x80007d7c (0xd9f52b93) x23 0x00000000
core   0: 0x80007d80 (0x000005f6) c.slli  a1, 29
core   0: 3 0x80007d80 (0x05f6) x11 0x20000000
core   0: 0x80007d82 (0x01e125a3) sw      t5, 11(sp)
core   0: 3 0x80007d82 (0x01e125a3) mem 0x80010ab0 0x00000000
core   0: 0x80007d86 (0x03b9a633) mulhsu  a2, s3, s11
core   0: 3 0x80007d86 (0x03b9a633) x12 0x00000000
core   0: 0x80007d8a (0xff814a83) lbu     s5, -8(sp)
core   0: 3 0x80007d8a (0xff814a83) x21 0x00000000 mem 0x80010a9d
core   0: 0x80007d8e (0xfea10d23) sb      a0, -6(sp)
core   0: 3 0x80007d8e (0xfea10d23) mem 0x80010a9f 0x56
core   0: 0x80007d92 (0xff110823) sb      a7, -16(sp)
core   0: 3 0x80007d92 (0xff110823) mem 0x80010a95 0x00
core   0: 0x80007d96 (0x0200b933) mulhu   s2, ra, zero
core   0: 3 0x80007d96 (0x0200b933) x18 0x00000000
core   0: 0x80007d9a (0x007115b3) sll     a1, sp, t2
core   0: 3 0x80007d9a (0x007115b3) x11 0xaa500000
core   0: 0x80007d9e (0x005114a3) sh      t0, 9(sp)
core   0: 3 0x80007d9e (0x005114a3) mem 0x80010aae 0x0000
core   0: 0x80007da2 (0x00d10603) lb      a2, 13(sp)
core   0: 3 0x80007da2 (0x00d10603) x12 0x00000000 mem 0x80010ab2
core   0: 0x80007da6 (0x0c78bb93) sltiu   s7, a7, 199
core   0: 3 0x80007da6 (0x0c78bb93) x23 0x00000000
core   0: 0x80007daa (0x00000001) c.nop
core   0: 3 0x80007daa (0x0001)
core   0: 0x80007dac (0x0218bfb3) mulhu   t6, a7, ra
core   0: 3 0x80007dac (0x0218bfb3) x31 0x00004ea1
core   0: 0x80007db0 (0x00f10023) sb      a5, 0(sp)
core   0: 3 0x80007db0 (0x00f10023) mem 0x80010aa5 0x00
core   0: 0x80007db4 (0x000081e1) c.srli  a1, 24
core   0: 3 0x80007db4 (0x81e1) x11 0x000000aa
core   0: 0x80007db6 (0x00111783) lh      a5, 1(sp)
core   0: 3 0x80007db6 (0x00111783) x15 0x00000000 mem 0x80010aa6
core   0: 0x80007dba (0x00714803) lbu     a6, 7(sp)
core   0: 3 0x80007dba (0x00714803) x16 0x00000000 mem 0x80010aac
core   0: 0x80007dbe (0x005b4833) xor     a6, s6, t0
core   0: 3 0x80007dbe (0x005b4833) x16 0x00000000
core   0: 0x80007dc2 (0xffe14e03) lbu     t3, -2(sp)
core   0: 3 0x80007dc2 (0xffe14e03) x28 0x00000000 mem 0x80010aa3
core   0: 0x80007dc6 (0x00008161) c.srli  a0, 24
core   0: 3 0x80007dc6 (0x8161) x10 0x00000000
core   0: 0x80007dc8 (0x00110823) sb      ra, 16(sp)
core   0: 3 0x80007dc8 (0x00110823) mem 0x80010ab5 0x00
core   0: 0x80007dcc (0x00214c83) lbu     s9, 2(sp)
core   0: 3 0x80007dcc (0x00214c83) x25 0x00000000 mem 0x80010aa7
core   0: 0x80007dd0 (0xfe610ea3) sb      t1, -3(sp)
core   0: 3 0x80007dd0 (0xfe610ea3) mem 0x80010aa2 0x00
core   0: 0x80007dd4 (0x00511c83) lh      s9, 5(sp)
core   0: 3 0x80007dd4 (0x00511c83) x25 0x00000000 mem 0x80010aaa
core   0: 0x80007dd8 (0xffa119a3) sh      s10, -13(sp)
core   0: 3 0x80007dd8 (0xffa119a3) mem 0x80010a98 0x0001
core   0: 0x80007ddc (0x41f684b3) sub     s1, a3, t6
core   0: 3 0x80007ddc (0x41f684b3) x9  0xffffb15f
core   0: 0x80007de0 (0xffc14f83) lbu     t6, -4(sp)
core   0: 3 0x80007de0 (0xffc14f83) x31 0x00000000 mem 0x80010aa1
core   0: 0x80007de4 (0x023099b3) mulh    s3, ra, gp
core   0: 3 0x80007de4 (0x023099b3) x19 0xfffffffb
core   0: 0x80007de8 (0x00311503) lh      a0, 3(sp)
core   0: 3 0x80007de8 (0x00311503) x10 0x00000000 mem 0x80010aa8
core   0: 0x80007dec (0xc1504d13) xori    s10, zero, -1003
core   0: 3 0x80007dec (0xc1504d13) x26 0xfffffc15
core   0: 0x80007df0 (0xff210a83) lb      s5, -14(sp)
core   0: 3 0x80007df0 (0xff210a83) x21 0x00000000 mem 0x80010a97
core   0: 0x80007df4 (0x00712183) lw      gp, 7(sp)
core   0: 3 0x80007df4 (0x00712183) x3  0x00000000 mem 0x80010aac
core   0: 0x80007df8 (0xffd11783) lh      a5, -3(sp)
core   0: 3 0x80007df8 (0xffd11783) x15 0x00000000 mem 0x80010aa2
core   0: 0x80007dfc (0x024bf133) remu    sp, s7, tp
core   0: 3 0x80007dfc (0x024bf133) x2  0x00000000
core   0: 0x80007e00 (0x340ee273) csrrsi  tp, mscratch, 29
core   0: 3 0x80007e00 (0x340ee273) x4  0x00000003 c832_mscratch 0x0000001f
core   0: 0x80007e04 (0x2aa07593) andi    a1, zero, 682
core   0: 3 0x80007e04 (0x2aa07593) x11 0x00000000
core   0: 0x80007e08 (0x34003b73) csrrc   s6, mscratch, zero
core   0: 3 0x80007e08 (0x34003b73) x22 0x0000001f
core   0: 0x80007e0c (0x0000610d) c.addi16sp sp, 160
core   0: 3 0x80007e0c (0x610d) x2  0x000000a0
core   0: 0x80007e0e (0x340033f3) csrrc   t2, mscratch, zero
core   0: 3 0x80007e0e (0x340033f3) x7  0x0000001f
core   0: 0x80007e12 (0x9f600d93) li      s11, -1546
core   0: 3 0x80007e12 (0x9f600d93) x27 0xfffff9f6
core   0: 0x80007e16 (0x34081df3) csrrw   s11, mscratch, a6
core   0: 3 0x80007e16 (0x34081df3) x27 0x0000001f c832_mscratch 0x00000000
core   0: 0x80007e1a (0x00011117) auipc   sp, 0x11
core   0: 3 0x80007e1a (0x00011117) x2  0x80018e1a
core   0: 0x80007e1e (0xc1e10113) addi    sp, sp, -994
core   0: 3 0x80007e1e (0xc1e10113) x2  0x80018a38
core   0: 0x80007e22 (0x14514f03) lbu     t5, 325(sp)
core   0: 3 0x80007e22 (0x14514f03) x30 0x00000000 mem 0x80018b7d
core   0: 0x80007e26 (0x024f9db3) mulh    s11, t6, tp
core   0: 3 0x80007e26 (0x024f9db3) x27 0x00000000
core   0: 0x80007e2a (0x039136b3) mulhu   a3, sp, s9
core   0: 3 0x80007e2a (0x039136b3) x13 0x00000000
core   0: 0x80007e2e (0x000089ca) c.mv    s3, s2
core   0: 3 0x80007e2e (0x89ca) x19 0x00000000
core   0: 0x80007e30 (0xacb10ea3) sb      a1, -1315(sp)
core   0: 3 0x80007e30 (0xacb10ea3) mem 0x80018515 0x00
core   0: 0x80007e34 (0x01b95b13) srli    s6, s2, 27
core   0: 3 0x80007e34 (0x01b95b13) x22 0x00000000
core   0: 0x80007e38 (0x3400dcf3) csrrwi  s9, mscratch, 1
core   0: 3 0x80007e38 (0x3400dcf3) x25 0x00000000 c832_mscratch 0x00000001
core   0: 0x80007e3c (0x035f3633) mulhu   a2, t5, s5
core   0: 3 0x80007e3c (0x035f3633) x12 0x00000000
core   0: 0x80007e40 (0x34007073) csrci   mscratch, 0
core   0: 3 0x80007e40 (0x34007073)
core   0: 0x80007e44 (0x19a10f03) lb      t5, 410(sp)
core   0: 3 0x80007e44 (0x19a10f03) x30 0x00000000 mem 0x80018bd2
core   0: 0x80007e48 (0x00008619) c.srai  a2, 6
core   0: 3 0x80007e48 (0x8619) x12 0x00000000
core   0: 0x80007e4a (0xcfec7313) andi    t1, s8, -770
core   0: 3 0x80007e4a (0xcfec7313) x6  0x80025ca4
core   0: 0x80007e4e (0x000064dd) c.lui   s1, 0x17
core   0: 3 0x80007e4e (0x64dd) x9  0x00017000
core   0: 0x80007e50 (0x9d310783) lb      a5, -1581(sp)
core   0: 3 0x80007e50 (0x9d310783) x15 0x00000000 mem 0x8001840b
core   0: 0x80007e54 (0x7f614b03) lbu     s6, 2038(sp)
core   0: 3 0x80007e54 (0x7f614b03) x22 0x00000000 mem 0x8001922e
core   0: 0x80007e58 (0x034101a3) sb      s4, 35(sp)
core   0: 3 0x80007e58 (0x034101a3) mem 0x80018a5b 0x45
core   0: 0x80007e5c (0x003c9a13) slli    s4, s9, 3
core   0: 3 0x80007e5c (0x003c9a13) x20 0x00000000
core   0: 0x80007e60 (0x00f93ab3) sltu    s5, s2, a5
core   0: 3 0x80007e60 (0x00f93ab3) x21 0x00000000
core   0: 0x80007e64 (0xbb914683) lbu     a3, -1095(sp)
core   0: 3 0x80007e64 (0xbb914683) x13 0x00000000 mem 0x800185f1
core   0: 0x80007e68 (0x4198f493) andi    s1, a7, 1049
core   0: 3 0x80007e68 (0x4198f493) x9  0x00000000
core   0: 0x80007e6c (0x9ed14183) lbu     gp, -1555(sp)
core   0: 3 0x80007e6c (0x9ed14183) x3  0x00000000 mem 0x80018425
core   0: 0x80007e70 (0x1f3102a3) sb      s3, 485(sp)
core   0: 3 0x80007e70 (0x1f3102a3) mem 0x80018c1d 0x00
core   0: 0x80007e74 (0x00008cfd) c.and   s1, a5
core   0: 3 0x80007e74 (0x8cfd) x9  0x00000000
core   0: 0x80007e76 (0xcc114503) lbu     a0, -831(sp)
core   0: 3 0x80007e76 (0xcc114503) x10 0x00000000 mem 0x800186f9
core   0: 0x80007e7a (0x0000863e) c.mv    a2, a5
core   0: 3 0x80007e7a (0x863e) x12 0x00000000
core   0: 0x80007e7c (0x00db78b3) and     a7, s6, a3
core   0: 3 0x80007e7c (0x00db78b3) x17 0x00000000
core   0: 0x80007e80 (0x02d14233) div     tp, sp, a3
core   0: 3 0x80007e80 (0x02d14233) x4  0xffffffff
core   0: 0x80007e84 (0x79b14703) lbu     a4, 1947(sp)
core   0: 3 0x80007e84 (0x79b14703) x14 0x00000000 mem 0x800191d3
core   0: 0x80007e88 (0xada11a23) sh      s10, -1324(sp)
core   0: 3 0x80007e88 (0xada11a23) mem 0x8001850c 0xfc15
core   0: 0x80007e8c (0x00006131) c.addi16sp sp, 320
core   0: 3 0x80007e8c (0x6131) x2  0x80018b78
core   0: 0x80007e8e (0x00d0dd13) srli    s10, ra, 13
core   0: 3 0x80007e8e (0x00d0dd13) x26 0x0002500b
core   0: 0x80007e92 (0x00009bfd) c.andi  a5, -1
core   0: 3 0x80007e92 (0x9bfd) x15 0x00000000
core   0: 0x80007e94 (0x40d5dfb3) sra     t6, a1, a3
core   0: 3 0x80007e94 (0x40d5dfb3) x31 0x00000000
core   0: 0x80007e98 (0x340afb73) csrrci  s6, mscratch, 21
core   0: 3 0x80007e98 (0x340afb73) x22 0x00000001 c832_mscratch 0x00000000
core   0: 0x80007e9c (0x34095d73) csrrwi  s10, mscratch, 18
core   0: 3 0x80007e9c (0x34095d73) x26 0x00000000 c832_mscratch 0x00000012
core   0: 0x80007ea0 (0x02c33bb3) mulhu   s7, t1, a2
core   0: 3 0x80007ea0 (0x02c33bb3) x23 0x00000000
core   0: 0x80007ea4 (0x000058fd) c.li    a7, -1
core   0: 3 0x80007ea4 (0x58fd) x17 0xffffffff
core   0: 0x80007ea6 (0x00000001) c.nop
core   0: 3 0x80007ea6 (0x0001)
core   0: 0x80007ea8 (0x00000001) c.nop
core   0: 3 0x80007ea8 (0x0001)
core   0: 0x80007eaa (0x0000822d) c.srli  a2, 11
core   0: 3 0x80007eaa (0x822d) x12 0x00000000
core   0: 0x80007eac (0x010d9513) slli    a0, s11, 16
core   0: 3 0x80007eac (0x010d9513) x10 0x00000000
core   0: 0x80007eb0 (0x02dd87b3) mul     a5, s11, a3
core   0: 3 0x80007eb0 (0x02dd87b3) x15 0x00000000
core   0: 0x80007eb4 (0x00008dbd) c.xor   a1, a5
core   0: 3 0x80007eb4 (0x8dbd) x11 0x00000000
core   0: 0x80007eb6 (0x4049da93) srai    s5, s3, 4
core   0: 3 0x80007eb6 (0x4049da93) x21 0x00000000
core   0: 0x80007eba (0x000085c5) c.srai  a1, 17
core   0: 3 0x80007eba (0x85c5) x11 0x00000000
core   0: 0x80007ebc (0x0000e20d) c.bnez  a2, pc + 34
core   0: 3 0x80007ebc (0xe20d)
core   0: 0x80007ebe (0x410654b3) sra     s1, a2, a6
core   0: 3 0x80007ebe (0x410654b3) x9  0x00000000
core   0: 0x80007ec2 (0x0000717d) c.addi16sp sp, -16
core   0: 3 0x80007ec2 (0x717d) x2  0x80018b68
core   0: 0x80007ec4 (0x00001b1c) c.addi4spn a5, sp, 432
core   0: 3 0x80007ec4 (0x1b1c) x15 0x80018d18
core   0: 0x80007ec6 (0x01ac20b3) slt     ra, s8, s10
core   0: 3 0x80007ec6 (0x01ac20b3) x1  0x00000001
core   0: 0x80007eca (0x03e76f33) rem     t5, a4, t5
core   0: 3 0x80007eca (0x03e76f33) x30 0x00000000
core   0: 0x80007ece (0x000006be) c.slli  a3, 15
core   0: 3 0x80007ece (0x06be) x13 0x00000000
core   0: 0x80007ed0 (0x00008531) c.srai  a0, 12
core   0: 3 0x80007ed0 (0x8531) x10 0x00000000
core   0: 0x80007ed2 (0x000089f1) c.andi  a1, 28
core   0: 3 0x80007ed2 (0x89f1) x11 0x00000000
core   0: 0x80007ed4 (0x016bce33) xor     t3, s7, s6
core   0: 3 0x80007ed4 (0x016bce33) x28 0x00000001
core   0: 0x80007ed8 (0x02a9f5b3) remu    a1, s3, a0
core   0: 3 0x80007ed8 (0x02a9f5b3) x11 0x00000000
core   0: 0x80007edc (0x0000613d) c.addi16sp sp, 480
core   0: 3 0x80007edc (0x613d) x2  0x80018d48
core   0: 0x80007ede (0x01737333) and     t1, t1, s7
core   0: 3 0x80007ede (0x01737333) x6  0x00000000
core   0: 0x80007ee2 (0xadf8c793) xori    a5, a7, -1313
core   0: 3 0x80007ee2 (0xadf8c793) x15 0x00000520
core   0: 0x80007ee6 (0x00000814) c.addi4spn a3, sp, 16
core   0: 3 0x80007ee6 (0x0814) x13 0x80018d58
core   0: 0x80007ee8 (0x03d30db3) mul     s11, t1, t4
core   0: 3 0x80007ee8 (0x03d30db3) x27 0x00000000
core   0: 0x80007eec (0x02d14663) blt     sp, a3, pc + 44
core   0: 3 0x80007eec (0x02d14663)
core   0: 0x80007f18 (0x34b7c393) xori    t2, a5, 843
core   0: 3 0x80007f18 (0x34b7c393) x7  0x0000066b
core   0: 0x80007f1c (0x3406df73) csrrwi  t5, mscratch, 13
core   0: 3 0x80007f1c (0x3406df73) x30 0x00000012 c832_mscratch 0x0000000d
core   0: 0x80007f20 (0x34006873) csrrsi  a6, mscratch, 0
core   0: 3 0x80007f20 (0x34006873) x16 0x0000000d
core   0: 0x80007f24 (0x00000001) c.nop
core   0: 3 0x80007f24 (0x0001)
core   0: 0x80007f26 (0x026a70b3) remu    ra, s4, t1
core   0: 3 0x80007f26 (0x026a70b3) x1  0x00000000
core   0: 0x80007f2a (0x0000e129) c.bnez  a0, pc + 66
core   0: 3 0x80007f2a (0xe129)
core   0: 0x80007f2c (0x12ea6013) ori     zero, s4, 302
core   0: 3 0x80007f2c (0x12ea6013)
core   0: 0x80007f30 (0x026f6533) rem     a0, t5, t1
core   0: 3 0x80007f30 (0x026f6533) x10 0x00000012
core   0: 0x80007f34 (0x007d5963) bge     s10, t2, pc + 18
core   0: 3 0x80007f34 (0x007d5963)
core   0: 0x80007f38 (0x3400f273) csrrci  tp, mscratch, 1
core   0: 3 0x80007f38 (0x3400f273) x4  0x0000000d c832_mscratch 0x0000000c
core   0: 0x80007f3c (0x0000e18d) c.bnez  a1, pc + 34
core   0: 3 0x80007f3c (0xe18d)
core   0: 0x80007f3e (0x01e4f2b3) and     t0, s1, t5
core   0: 3 0x80007f3e (0x01e4f2b3) x5  0x00000000
core   0: 0x80007f42 (0x4163d813) srai    a6, t2, 22
core   0: 3 0x80007f42 (0x4163d813) x16 0x00000000
core   0: 0x80007f46 (0x00004f1d) c.li    t5, 7
core   0: 3 0x80007f46 (0x4f1d) x30 0x00000007
core   0: 0x80007f48 (0x036cf6b3) remu    a3, s9, s6
core   0: 3 0x80007f48 (0x036cf6b3) x13 0x00000000
core   0: 0x80007f4c (0x00a9c463) blt     s3, a0, pc + 8
core   0: 3 0x80007f4c (0x00a9c463)
core   0: 0x80007f54 (0x01ecf833) and     a6, s9, t5
core   0: 3 0x80007f54 (0x01ecf833) x16 0x00000000
core   0: 0x80007f58 (0x00008349) c.srli  a4, 18
core   0: 3 0x80007f58 (0x8349) x14 0x00000000
core   0: 0x80007f5a (0x02229833) mulh    a6, t0, sp
core   0: 3 0x80007f5a (0x02229833) x16 0x00000000
core   0: 0x80007f5e (0x0ff0000f) fence   iorw,iorw
core   0: 3 0x80007f5e (0x0ff0000f)
core   0: 0x80007f62 (0x0000efe9) c.bnez  a5, pc + 218
core   0: 3 0x80007f62 (0xefe9)
core   0: 0x8000803c (0x3406f873) csrrci  a6, mscratch, 13
core   0: 3 0x8000803c (0x3406f873) x16 0x0000000c c832_mscratch 0x00000000
core   0: 0x80008040 (0x00001884) c.addi4spn s1, sp, 112
core   0: 3 0x80008040 (0x1884) x9  0x80018db8
core   0: 0x80008042 (0x00008c89) c.sub   s1, a0
core   0: 3 0x80008042 (0x8c89) x9  0x80018da6
core   0: 0x80008044 (0x00008e65) c.and   a2, s1
core   0: 3 0x80008044 (0x8e65) x12 0x00000000
core   0: 0x80008046 (0x011c71b3) and     gp, s8, a7
core   0: 3 0x80008046 (0x011c71b3) x3  0x80025ea4
core   0: 0x8000804a (0x02b81cb3) mulh    s9, a6, a1
core   0: 3 0x8000804a (0x02b81cb3) x25 0x00000000
core   0: 0x8000804e (0x038717b3) mulh    a5, a4, s8
core   0: 3 0x8000804e (0x038717b3) x15 0x00000000
core   0: 0x80008052 (0x34012773) csrrs   a4, mscratch, sp
core   0: 3 0x80008052 (0x34012773) x14 0x00000000 c832_mscratch 0x80018d48
core   0: 0x80008056 (0x02179063) bne     a5, ra, pc + 32
core   0: 3 0x80008056 (0x02179063)
core   0: 0x8000805a (0x0000ce85) c.beqz  a3, pc + 56
core   0: 3 0x8000805a (0xce85)
core   0: 0x80008092 (0x340e1b73) csrrw   s6, mscratch, t3
core   0: 3 0x80008092 (0x340e1b73) x22 0x80018d48 c832_mscratch 0x00000001
core   0: 0x80008096 (0x0285c7b3) div     a5, a1, s0
core   0: 3 0x80008096 (0x0285c7b3) x15 0x00000000
core   0: 0x8000809a (0x01efd593) srli    a1, t6, 30
core   0: 3 0x8000809a (0x01efd593) x11 0x00000000
core   0: 0x8000809e (0x01c670b3) and     ra, a2, t3
core   0: 3 0x8000809e (0x01c670b3) x1  0x00000000
core   0: 0x800080a2 (0x87d94b13) xori    s6, s2, -1923
core   0: 3 0x800080a2 (0x87d94b13) x22 0xfffff87d
core   0: 0x800080a6 (0x340faff3) csrrs   t6, mscratch, t6
core   0: 3 0x800080a6 (0x340faff3) x31 0x00000001 c832_mscratch 0x00000001
core   0: 0x800080aa (0x007fa8b3) slt     a7, t6, t2
core   0: 3 0x800080aa (0x007fa8b3) x17 0x00000001
core   0: 0x800080ae (0x50568313) addi    t1, a3, 1285
core   0: 3 0x800080ae (0x50568313) x6  0x00000505
core   0: 0x800080b2 (0x000001ee) c.slli  gp, 27
core   0: 3 0x800080b2 (0x01ee) x3  0x20000000
core   0: 0x800080b4 (0x0190a6b3) slt     a3, ra, s9
core   0: 3 0x800080b4 (0x0190a6b3) x13 0x00000000
core   0: 0x800080b8 (0x0088f033) and     zero, a7, s0
core   0: 3 0x800080b8 (0x0088f033)
core   0: 0x800080bc (0x014b8c63) beq     s7, s4, pc + 24
core   0: 3 0x800080bc (0x014b8c63)
core   0: 0x800080d4 (0x340b14f3) csrrw   s1, mscratch, s6
core   0: 3 0x800080d4 (0x340b14f3) x9  0x00000001 c832_mscratch 0xfffff87d
core   0: 0x800080d8 (0x000012fd) c.addi  t0, -1
core   0: 3 0x800080d8 (0x12fd) x5  0xffffffff
core   0: 0x800080da (0x039a0fb3) mul     t6, s4, s9
core   0: 3 0x800080da (0x039a0fb3) x31 0x00000000
core   0: 0x800080de (0x34091f73) csrrw   t5, mscratch, s2
core   0: 3 0x800080de (0x34091f73) x30 0xfffff87d c832_mscratch 0x00000000
core   0: 0x800080e2 (0x00008fb5) c.xor   a5, a3
core   0: 3 0x800080e2 (0x8fb5) x15 0x00000000
core   0: 0x800080e4 (0x01cd36b3) sltu    a3, s10, t3
core   0: 3 0x800080e4 (0x01cd36b3) x13 0x00000001
core   0: 0x800080e8 (0x00008a6e) c.mv    s4, s11
core   0: 3 0x800080e8 (0x8a6e) x20 0x00000000
core   0: 0x800080ea (0x03b36b63) bltu    t1, s11, pc + 54
core   0: 3 0x800080ea (0x03b36b63)
core   0: 0x800080ee (0x03e05833) divu    a6, zero, t5
core   0: 3 0x800080ee (0x03e05833) x16 0x00000000
core   0: 0x800080f2 (0x0334cfb3) div     t6, s1, s3
core   0: 3 0x800080f2 (0x0334cfb3) x31 0xffffffff
core   0: 0x800080f6 (0x006a8263) beq     s5, t1, pc + 4
core   0: 3 0x800080f6 (0x006a8263)
core   0: 0x800080fa (0x000080b1) c.srli  s1, 12
core   0: 3 0x800080fa (0x80b1) x9  0x00000000
core   0: 0x800080fc (0x00c2f133) and     sp, t0, a2
core   0: 3 0x800080fc (0x00c2f133) x2  0x00000000
core   0: 0x80008100 (0x03a21e63) bne     tp, s10, pc + 60
core   0: 3 0x80008100 (0x03a21e63)
core   0: 0x8000813c (0x00008ccd) c.or    s1, a1
core   0: 3 0x8000813c (0x8ccd) x9  0x00000000
core   0: 0x8000813e (0x03d47e33) remu    t3, s0, t4
core   0: 3 0x8000813e (0x03d47e33) x28 0x70a4529d
core   0: 0x80008142 (0x0000eb1d) c.bnez  a4, pc + 54
core   0: 3 0x80008142 (0xeb1d)
core   0: 0x80008144 (0x0000849a) c.mv    s1, t1
core   0: 3 0x80008144 (0x849a) x9  0x00000505
core   0: 0x80008146 (0x002279b3) and     s3, tp, sp
core   0: 3 0x80008146 (0x002279b3) x19 0x00000000
core   0: 0x8000814a (0x05c2e363) bltu    t0, t3, pc + 70
core   0: 3 0x8000814a (0x05c2e363)
core   0: 0x8000814e (0x00008e5d) c.or    a2, a5
core   0: 3 0x8000814e (0x8e5d) x12 0x00000000
core   0: 0x80008150 (0x006b5d33) srl     s10, s6, t1
core   0: 3 0x80008150 (0x006b5d33) x26 0x07ffffc3
core   0: 0x80008154 (0x9d920813) addi    a6, tp, -1575
core   0: 3 0x80008154 (0x9d920813) x16 0xfffff9e6
core   0: 0x80008158 (0x0019a3b3) slt     t2, s3, ra
core   0: 3 0x80008158 (0x0019a3b3) x7  0x00000000
core   0: 0x8000815c (0x00805f33) srl     t5, zero, s0
core   0: 3 0x8000815c (0x00805f33) x30 0x00000000
core   0: 0x80008160 (0x00008b0d) c.andi  a4, 3
core   0: 3 0x80008160 (0x8b0d) x14 0x00000000
core   0: 0x80008162 (0x411282b3) sub     t0, t0, a7
core   0: 3 0x80008162 (0x411282b3) x5  0xfffffffe
core   0: 0x80008166 (0xdb58ff13) andi    t5, a7, -587
core   0: 3 0x80008166 (0xdb58ff13) x30 0x00000001
core   0: 0x8000816a (0x05ab3b13) sltiu   s6, s6, 90
core   0: 3 0x8000816a (0x05ab3b13) x22 0x00000000
core   0: 0x8000816e (0x02611463) bne     sp, t1, pc + 40
core   0: 3 0x8000816e (0x02611463)
core   0: 0x80008196 (0x409adb13) srai    s6, s5, 9
core   0: 3 0x80008196 (0x409adb13) x22 0x00000000
core   0: 0x8000819a (0x340075f3) csrrci  a1, mscratch, 0
core   0: 3 0x8000819a (0x340075f3) x11 0x00000000
core   0: 0x8000819e (0x0370d563) bge     ra, s7, pc + 42
core   0: 3 0x8000819e (0x0370d563)
core   0: 0x800081c8 (0x00009b7d) c.andi  a4, -1
core   0: 3 0x800081c8 (0x9b7d) x14 0x00000000
core   0: 0x800081ca (0x400485b3) sub     a1, s1, zero
core   0: 3 0x800081ca (0x400485b3) x11 0x00000505
core   0: 0x800081ce (0x004c0f33) add     t5, s8, tp
core   0: 3 0x800081ce (0x004c0f33) x30 0x80025eb1
core   0: 0x800081d2 (0x00938e33) add     t3, t2, s1
core   0: 3 0x800081d2 (0x00938e33) x28 0x00000505
core   0: 0x800081d6 (0x013dd233) srl     tp, s11, s3
core   0: 3 0x800081d6 (0x013dd233) x4  0x00000000
core   0: 0x800081da (0x02307a33) remu    s4, zero, gp
core   0: 3 0x800081da (0x02307a33) x20 0x00000000
core   0: 0x800081de (0x039a0f33) mul     t5, s4, s9
core   0: 3 0x800081de (0x039a0f33) x30 0x00000000
core   0: 0x800081e2 (0x000059fd) c.li    s3, -1
core   0: 3 0x800081e2 (0x59fd) x19 0xffffffff
core   0: 0x800081e4 (0x000046dd) c.li    a3, 23
core   0: 3 0x800081e4 (0x46dd) x13 0x00000017
core   0: 0x800081e6 (0x003b9593) slli    a1, s7, 3
core   0: 3 0x800081e6 (0x003b9593) x11 0x00000000
core   0: 0x800081ea (0xafe46993) ori     s3, s0, -1282
core   0: 3 0x800081ea (0xafe46993) x19 0xffffffff
core   0: 0x800081ee (0x000061e1) c.lui   gp, 0x18
core   0: 3 0x800081ee (0x61e1) x3  0x00018000
core   0: 0x800081f0 (0x40465993) srai    s3, a2, 4
core   0: 3 0x800081f0 (0x40465993) x19 0x00000000
core   0: 0x800081f4 (0x0000ce15) c.beqz  a2, pc + 60
core   0: 3 0x800081f4 (0xce15)
core   0: 0x80008230 (0x03a26763) bltu    tp, s10, pc + 46
core   0: 3 0x80008230 (0x03a26763)
core   0: 0x8000825e (0x34003f73) csrrc   t5, mscratch, zero
core   0: 3 0x8000825e (0x34003f73) x30 0x00000000
core   0: 0x80008262 (0x006258b3) srl     a7, tp, t1
core   0: 3 0x80008262 (0x006258b3) x17 0x00000000
core   0: 0x80008266 (0x01a721b3) slt     gp, a4, s10
core   0: 3 0x80008266 (0x01a721b3) x3  0x00000001
core   0: 0x8000826a (0x01ad1793) slli    a5, s10, 26
core   0: 3 0x8000826a (0x01ad1793) x15 0x0c000000
core   0: 0x8000826e (0x01bf7e33) and     t3, t5, s11
core   0: 3 0x8000826e (0x01bf7e33) x28 0x00000000
core   0: 0x80008272 (0x01d42ab3) slt     s5, s0, t4
core   0: 3 0x80008272 (0x01d42ab3) x21 0x00000000
core   0: 0x80008276 (0x00f88ab3) add     s5, a7, a5
core   0: 3 0x80008276 (0x00f88ab3) x21 0x0c000000
core   0: 0x8000827a (0x00a928b3) slt     a7, s2, a0
core   0: 3 0x8000827a (0x00a928b3) x17 0x00000001
core   0: 0x8000827e (0x000084ad) c.srai  s1, 11
core   0: 3 0x8000827e (0x84ad) x9  0x00000000
core   0: 0x80008280 (0x016c8ab3) add     s5, s9, s6
core   0: 3 0x80008280 (0x016c8ab3) x21 0x00000000
core   0: 0x80008284 (0x00008fe5) c.and   a5, s1
core   0: 3 0x80008284 (0x8fe5) x15 0x00000000
core   0: 0x80008286 (0x026ddd33) divu    s10, s11, t1
core   0: 3 0x80008286 (0x026ddd33) x26 0x00000000
core   0: 0x8000828a (0x94ff4e13) xori    t3, t5, -1713
core   0: 3 0x8000828a (0x94ff4e13) x28 0xfffff94f
core   0: 0x8000828e (0x00001d94) c.addi4spn a3, sp, 752
core   0: 3 0x8000828e (0x1d94) x13 0x000002f0
core   0: 0x80008290 (0x000006a6) c.slli  a3, 9
core   0: 3 0x80008290 (0x06a6) x13 0x0005e000
core   0: 0x80008292 (0xb8588117) auipc   sp, 0xb8588
core   0: 3 0x80008292 (0xb8588117) x2  0x38590292
core   0: 0x80008296 (0x00009f72) c.add   t5, t3
core   0: 3 0x80008296 (0x9f72) x30 0xfffff94f
core   0: 0x80008298 (0x03591cb3) mulh    s9, s2, s5
core   0: 3 0x80008298 (0x03591cb3) x25 0x00000000
core   0: 0x8000829c (0x00000001) c.nop
core   0: 3 0x8000829c (0x0001)
core   0: 0x8000829e (0x70476313) ori     t1, a4, 1796
core   0: 3 0x8000829e (0x70476313) x6  0x00000704
core   0: 0x800082a2 (0x00000891) c.addi  a7, 4
core   0: 3 0x800082a2 (0x0891) x17 0x00000005
core   0: 0x800082a4 (0x00008d5d) c.or    a0, a5
core   0: 3 0x800082a4 (0x8d5d) x10 0x00000012
core   0: 0x800082a6 (0x34007cf3) csrrci  s9, mscratch, 0
core   0: 3 0x800082a6 (0x34007cf3) x25 0x00000000
core   0: 0x800082aa (0x03fcabb3) mulhsu  s7, s9, t6
core   0: 3 0x800082aa (0x03fcabb3) x23 0x00000000
core   0: 0x800082ae (0x00801833) sll     a6, zero, s0
core   0: 3 0x800082ae (0x00801833) x16 0x00000000
core   0: 0x800082b2 (0x03f209b3) mul     s3, tp, t6
core   0: 3 0x800082b2 (0x03f209b3) x19 0x00000000
core   0: 0x800082b6 (0xe7a83093) sltiu   ra, a6, -390
core   0: 3 0x800082b6 (0xe7a83093) x1  0x00000001
core   0: 0x800082ba (0x030cd033) divu    zero, s9, a6
core   0: 3 0x800082ba (0x030cd033)
core   0: 0x800082be (0xf79f3f13) sltiu   t5, t5, -135
core   0: 3 0x800082be (0xf79f3f13) x30 0x00000001
core   0: 0x800082c2 (0xfe848093) addi    ra, s1, -24
core   0: 3 0x800082c2 (0xfe848093) x1  0xffffffe8
core   0: 0x800082c6 (0x00000001) c.nop
core   0: 3 0x800082c6 (0x0001)
core   0: 0x800082c8 (0x34055573) csrrwi  a0, mscratch, 10
core   0: 3 0x800082c8 (0x34055573) x10 0x00000000 c832_mscratch 0x0000000a
core   0: 0x800082cc (0x03cd83b3) mul     t2, s11, t3
core   0: 3 0x800082cc (0x03cd83b3) x7  0x00000000
core   0: 0x800082d0 (0x00006f85) c.lui   t6, 0x1
core   0: 3 0x800082d0 (0x6f85) x31 0x00001000
core   0: 0x800082d2 (0xabf94893) xori    a7, s2, -1345
core   0: 3 0x800082d2 (0xabf94893) x17 0xfffffabf
core   0: 0x800082d6 (0x000015fd) c.addi  a1, -1
core   0: 3 0x800082d6 (0x15fd) x11 0xffffffff
core   0: 0x800082d8 (0x402ed9b3) sra     s3, t4, sp
core   0: 3 0x800082d8 (0x402ed9b3) x19 0xffffe000
core   0: 0x800082dc (0x02ce70b3) remu    ra, t3, a2
core   0: 3 0x800082dc (0x02ce70b3) x1  0xfffff94f
core   0: 0x800082e0 (0x0000100f) fence.i
core   0: 3 0x800082e0 (0x0000100f)
core   0: 0x800082e4 (0x3ad03313) sltiu   t1, zero, 941
core   0: 3 0x800082e4 (0x3ad03313) x6  0x00000001
core   0: 0x800082e8 (0x01b79b13) slli    s6, a5, 27
core   0: 3 0x800082e8 (0x01b79b13) x22 0x00000000
core   0: 0x800082ec (0xc268b993) sltiu   s3, a7, -986
core   0: 3 0x800082ec (0xc268b993) x19 0x00000001
core   0: 0x800082f0 (0x000001b6) c.slli  gp, 13
core   0: 3 0x800082f0 (0x01b6) x3  0x00002000
core   0: 0x800082f2 (0x03542d33) mulhsu  s10, s0, s5
core   0: 3 0x800082f2 (0x03542d33) x26 0x00000000
core   0: 0x800082f6 (0x00109663) bne     ra, ra, pc + 12
core   0: 3 0x800082f6 (0x00109663)
core   0: 0x800082fa (0x01607cb3) and     s9, zero, s6
core   0: 3 0x800082fa (0x01607cb3) x25 0x00000000
core   0: 0x800082fe (0x02dc13b3) mulh    t2, s8, a3
core   0: 3 0x800082fe (0x02dc13b3) x7  0xfffd100d
core   0: 0x80008302 (0x0217ebb3) rem     s7, a5, ra
core   0: 3 0x80008302 (0x0217ebb3) x23 0x00000000
core   0: 0x80008306 (0x02860cb3) mul     s9, a2, s0
core   0: 3 0x80008306 (0x02860cb3) x25 0x00000000
core   0: 0x8000830a (0x00000001) c.nop
core   0: 3 0x8000830a (0x0001)
core   0: 0x8000830c (0x00008fbd) c.xor   a5, a5
core   0: 3 0x8000830c (0x8fbd) x15 0x00000000
core   0: 0x8000830e (0x019c4863) blt     s8, s9, pc + 16
core   0: 3 0x8000830e (0x019c4863)
core   0: 0x8000831e (0x00008dd1) c.or    a1, a2
core   0: 3 0x8000831e (0x8dd1) x11 0xffffffff
core   0: 0x80008320 (0x00008e11) c.sub   a2, a2
core   0: 3 0x80008320 (0x8e11) x12 0x00000000
core   0: 0x80008322 (0x0000c789) c.beqz  a5, pc + 10
core   0: 3 0x80008322 (0xc789)
core   0: 0x8000832c (0x00866ab3) or      s5, a2, s0
core   0: 3 0x8000832c (0x00866ab3) x21 0xf0a6efc1
core   0: 0x80008330 (0x0000717d) c.addi16sp sp, -16
core   0: 3 0x80008330 (0x717d) x2  0x38590282
core   0: 0x80008332 (0x017d6a63) bltu    s10, s7, pc + 20
core   0: 3 0x80008332 (0x017d6a63)
core   0: 0x80008336 (0x037416b3) mulh    a3, s0, s7
core   0: 3 0x80008336 (0x037416b3) x13 0x00000000
core   0: 0x8000833a (0x6818c213) xori    tp, a7, 1665
core   0: 3 0x8000833a (0x6818c213) x4  0xfffffc3e
core   0: 0x8000833e (0x02396a63) bltu    s2, gp, pc + 52
core   0: 3 0x8000833e (0x02396a63)
core   0: 0x80008372 (0x20337817) auipc   a6, 0x20337
core   0: 3 0x80008372 (0x20337817) x16 0xa033f372
core   0: 0x80008376 (0x00008d95) c.sub   a1, a3
core   0: 3 0x80008376 (0x8d95) x11 0xffffffff
core   0: 0x80008378 (0x0000ca8d) c.beqz  a3, pc + 50
core   0: 3 0x80008378 (0xca8d)
core   0: 0x800083aa (0x34031e73) csrrw   t3, mscratch, t1
core   0: 3 0x800083aa (0x34031e73) x28 0x0000000a c832_mscratch 0x00000001
core   0: 0x800083ae (0x0000100f) fence.i
core   0: 3 0x800083ae (0x0000100f)
core   0: 0x800083b2 (0x00000961) c.addi  s2, 24
core   0: 3 0x800083b2 (0x0961) x18 0x00000018
core   0: 0x800083b4 (0x00009693) slli    a3, ra, 0
core   0: 3 0x800083b4 (0x00009693) x13 0xfffff94f
core   0: 0x800083b8 (0x40328833) sub     a6, t0, gp
core   0: 3 0x800083b8 (0x40328833) x16 0xffffdffe
core   0: 0x800083bc (0x7d604337) lui     t1, 0x7d604
core   0: 3 0x800083bc (0x7d604337) x6  0x7d604000
core   0: 0x800083c0 (0x000005b2) c.slli  a1, 12
core   0: 3 0x800083c0 (0x05b2) x11 0xfffff000
core   0: 0x800083c2 (0x02d310b3) mulh    ra, t1, a3
core   0: 3 0x800083c2 (0x02d310b3) x1  0xfffffcb9
core   0: 0x800083c6 (0x00006141) c.addi16sp sp, 16
core   0: 3 0x800083c6 (0x6141) x2  0x38590292
core   0: 0x800083c8 (0x05617263) bgeu    sp, s6, pc + 68
core   0: 3 0x800083c8 (0x05617263)
core   0: 0x8000840c (0x0031e263) bltu    gp, gp, pc + 4
core   0: 3 0x8000840c (0x0031e263)
core   0: 0x80008410 (0x035772b3) remu    t0, a4, s5
core   0: 3 0x80008410 (0x035772b3) x5  0x00000000
core   0: 0x80008414 (0x41f258b3) sra     a7, tp, t6
core   0: 3 0x80008414 (0x41f258b3) x17 0xfffffc3e
core   0: 0x80008418 (0x0f9c7663) bgeu    s8, s9, pc + 236
core   0: 3 0x80008418 (0x0f9c7663)
core   0: 0x80008504 (0x01ead233) srl     tp, s5, t5
core   0: 3 0x80008504 (0x01ead233) x4  0x785377e0
core   0: 0x80008508 (0x010a6133) or      sp, s4, a6
core   0: 3 0x80008508 (0x010a6133) x2  0xffffdffe
core   0: 0x8000850c (0x59ba16b7) lui     a3, 0x59ba1
core   0: 3 0x8000850c (0x59ba16b7) x13 0x59ba1000
core   0: 0x80008510 (0x00009b7d) c.andi  a4, -1
core   0: 3 0x80008510 (0x9b7d) x14 0x00000000
core   0: 0x80008512 (0x0c6a8493) addi    s1, s5, 198
core   0: 3 0x80008512 (0x0c6a8493) x9  0xf0a6f087
core   0: 0x80008516 (0x340d32f3) csrrc   t0, mscratch, s10
core   0: 3 0x80008516 (0x340d32f3) x5  0x00000001 c832_mscratch 0x00000001
core   0: 0x8000851a (0x000087c9) c.srai  a5, 18
core   0: 3 0x8000851a (0x87c9) x15 0x00000000
core   0: 0x8000851c (0x02e249b3) div     s3, tp, a4
core   0: 3 0x8000851c (0x02e249b3) x19 0xffffffff
core   0: 0x80008520 (0xda05ae13) slti    t3, a1, -608
core   0: 3 0x80008520 (0xda05ae13) x28 0x00000001
core   0: 0x80008524 (0x01dd84b3) add     s1, s11, t4
core   0: 3 0x80008524 (0x01dd84b3) x9  0x80029d24
core   0: 0x80008528 (0x00185993) srli    s3, a6, 1
core   0: 3 0x80008528 (0x00185993) x19 0x7fffefff
core   0: 0x8000852c (0xba4d7113) andi    sp, s10, -1116
core   0: 3 0x8000852c (0xba4d7113) x2  0x00000000
core   0: 0x80008530 (0x00000232) c.slli  tp, 12
core   0: 3 0x80008530 (0x0232) x4  0x377e0000
core   0: 0x80008532 (0x4078dab3) sra     s5, a7, t2
core   0: 3 0x80008532 (0x4078dab3) x21 0xffffffff
core   0: 0x80008536 (0x41e85ab3) sra     s5, a6, t5
core   0: 3 0x80008536 (0x41e85ab3) x21 0xffffefff
core   0: 0x8000853a (0x007895b3) sll     a1, a7, t2
core   0: 3 0x8000853a (0x007895b3) x11 0xff87c000
core   0: 0x8000853e (0x00008542) c.mv    a0, a6
core   0: 3 0x8000853e (0x8542) x10 0xffffdffe
core   0: 0x80008540 (0x0309acb3) mulhsu  s9, s3, a6
core   0: 3 0x80008540 (0x0309acb3) x25 0x7fffdffe
core   0: 0x80008544 (0x00006e31) c.lui   t3, 0xc
core   0: 3 0x80008544 (0x6e31) x28 0x0000c000
core   0: 0x80008546 (0x00001710) c.addi4spn a2, sp, 928
core   0: 3 0x80008546 (0x1710) x12 0x000003a0
core   0: 0x80008548 (0x00009bfd) c.andi  a5, -1
core   0: 3 0x80008548 (0x9bfd) x15 0x00000000
core   0: 0x8000854a (0x037284b3) mul     s1, t0, s7
core   0: 3 0x8000854a (0x037284b3) x9  0x00000000
core   0: 0x8000854e (0x000093a6) c.add   t2, s1
core   0: 3 0x8000854e (0x93a6) x7  0xfffd100d
core   0: 0x80008550 (0x0017ee33) or      t3, a5, ra
core   0: 3 0x80008550 (0x0017ee33) x28 0xfffffcb9
core   0: 0x80008554 (0xb214af93) slti    t6, s1, -1247
core   0: 3 0x80008554 (0xb214af93) x31 0x00000000
core   0: 0x80008558 (0xb840af13) slti    t5, ra, -1148
core   0: 3 0x80008558 (0xb840af13) x30 0x00000000
core   0: 0x8000855c (0x39fdfa93) andi    s5, s11, 927
core   0: 3 0x8000855c (0x39fdfa93) x21 0x00000000
core   0: 0x80008560 (0x418f00b3) sub     ra, t5, s8
core   0: 3 0x80008560 (0x418f00b3) x1  0x7ffda15c
core   0: 0x80008564 (0x34002573) csrr    a0, mscratch
core   0: 3 0x80008564 (0x34002573) x10 0x00000001
core   0: 0x80008568 (0x02a7fab3) remu    s5, a5, a0
core   0: 3 0x80008568 (0x02a7fab3) x21 0x00000000
core   0: 0x8000856c (0x0000cb01) c.beqz  a4, pc + 16
core   0: 3 0x8000856c (0xcb01)
core   0: 0x8000857c (0x01619ab3) sll     s5, gp, s6
core   0: 3 0x8000857c (0x01619ab3) x21 0x00002000
core   0: 0x80008580 (0xd11a3013) sltiu   zero, s4, -751
core   0: 3 0x80008580 (0xd11a3013)
core   0: 0x80008584 (0x015cebb3) or      s7, s9, s5
core   0: 3 0x80008584 (0x015cebb3) x23 0x7ffffffe
core   0: 0x80008588 (0x0000c515) c.beqz  a0, pc + 44
core   0: 3 0x80008588 (0xc515)
core   0: 0x8000858a (0x0000167d) c.addi  a2, -1
core   0: 3 0x8000858a (0x167d) x12 0x0000039f
core   0: 0x8000858c (0x67b29637) lui     a2, 0x67b29
core   0: 3 0x8000858c (0x67b29637) x12 0x67b29000
core   0: 0x80008590 (0x000015fd) c.addi  a1, -1
core   0: 3 0x80008590 (0x15fd) x11 0xff87bfff
core   0: 0x80008592 (0x00c79633) sll     a2, a5, a2
core   0: 3 0x80008592 (0x00c79633) x12 0x00000000
core   0: 0x80008596 (0x00008de1) c.and   a1, s0
core   0: 3 0x80008596 (0x8de1) x11 0xf086afc1
core   0: 0x80008598 (0x00008746) c.mv    a4, a7
core   0: 3 0x80008598 (0x8746) x14 0xfffffc3e
core   0: 0x8000859a (0x0000e109) c.bnez  a0, pc + 2
core   0: 3 0x8000859a (0xe109)
core   0: 0x8000859c (0x34061cf3) csrrw   s9, mscratch, a2
core   0: 3 0x8000859c (0x34061cf3) x25 0x00000001 c832_mscratch 0x00000000
core   0: 0x800085a0 (0x0000cb8d) c.beqz  a5, pc + 50
core   0: 3 0x800085a0 (0xcb8d)
core   0: 0x800085d2 (0x035d7833) remu    a6, s10, s5
core   0: 3 0x800085d2 (0x035d7833) x16 0x00000000
core   0: 0x800085d6 (0x00009dd6) c.add   s11, s5
core   0: 3 0x800085d6 (0x9dd6) x27 0x00002000
core   0: 0x800085d8 (0x02f5ddb3) divu    s11, a1, a5
core   0: 3 0x800085d8 (0x02f5ddb3) x27 0xffffffff
core   0: 0x800085dc (0x0208ec63) bltu    a7, zero, pc + 56
core   0: 3 0x800085dc (0x0208ec63)
core   0: 0x800085e0 (0x00009626) c.add   a2, s1
core   0: 3 0x800085e0 (0x9626) x12 0x00000000
core   0: 0x800085e2 (0xb53fa393) slti    t2, t6, -1197
core   0: 3 0x800085e2 (0xb53fa393) x7  0x00000000
core   0: 0x800085e6 (0x00008d49) c.or    a0, a0
core   0: 3 0x800085e6 (0x8d49) x10 0x00000001
core   0: 0x800085e8 (0xa903ea13) ori     s4, t2, -1392
core   0: 3 0x800085e8 (0xa903ea13) x20 0xfffffa90
core   0: 0x800085ec (0x0225ebb3) rem     s7, a1, sp
core   0: 3 0x800085ec (0x0225ebb3) x23 0xf086afc1
core   0: 0x800085f0 (0x01b26033) or      zero, tp, s11
core   0: 3 0x800085f0 (0x01b26033)
core   0: 0x800085f4 (0x40ac00b3) sub     ra, s8, a0
core   0: 3 0x800085f4 (0x40ac00b3) x1  0x80025ea3
core   0: 0x800085f8 (0x013edb93) srli    s7, t4, 19
core   0: 3 0x800085f8 (0x013edb93) x23 0x00001000
core   0: 0x800085fc (0x00000001) c.nop
core   0: 3 0x800085fc (0x0001)
core   0: 0x800085fe (0x00009572) c.add   a0, t3
core   0: 3 0x800085fe (0x9572) x10 0xfffffcba
core   0: 0x80008600 (0x02a88db3) mul     s11, a7, a0
core   0: 3 0x80008600 (0x02a88db3) x27 0x000c4d0c
core   0: 0x80008604 (0x0170c263) blt     ra, s7, pc + 4
core   0: 3 0x80008604 (0x0170c263)
core   0: 0x80008608 (0x4159d9b3) sra     s3, s3, s5
core   0: 3 0x80008608 (0x4159d9b3) x19 0x7fffefff
core   0: 0x8000860c (0x00000001) c.nop
core   0: 3 0x8000860c (0x0001)
core   0: 0x8000860e (0x025f0763) beq     t5, t0, pc + 46
core   0: 3 0x8000860e (0x025f0763)
core   0: 0x80008612 (0x00008da1) c.xor   a1, s0
core   0: 3 0x80008612 (0x8da1) x11 0x00204000
core   0: 0x80008614 (0x00902cb3) slt     s9, zero, s1
core   0: 3 0x80008614 (0x00902cb3) x25 0x00000000
core   0: 0x80008618 (0x00bccbb3) xor     s7, s9, a1
core   0: 3 0x80008618 (0x00bccbb3) x23 0x00204000
core   0: 0x8000861c (0x0000ec95) c.bnez  s1, pc + 60
core   0: 3 0x8000861c (0xec95)
core   0: 0x8000861e (0x29ba5cb7) lui     s9, 0x29ba5
core   0: 3 0x8000861e (0x29ba5cb7) x25 0x29ba5000
core   0: 0x80008622 (0x00afe933) or      s2, t6, a0
core   0: 3 0x80008622 (0x00afe933) x18 0xfffffcba
core   0: 0x80008626 (0x009e0933) add     s2, t3, s1
core   0: 3 0x80008626 (0x009e0933) x18 0xfffffcb9
core   0: 0x8000862a (0x34039f73) csrrw   t5, mscratch, t2
core   0: 3 0x8000862a (0x34039f73) x30 0x00000000 c832_mscratch 0x00000000
core   0: 0x8000862e (0x34093a73) csrrc   s4, mscratch, s2
core   0: 3 0x8000862e (0x34093a73) x20 0x00000000 c832_mscratch 0x00000000
core   0: 0x80008632 (0x000003da) c.slli  t2, 22
core   0: 3 0x80008632 (0x03da) x7  0x00000000
core   0: 0x80008634 (0x00000001) c.nop
core   0: 3 0x80008634 (0x0001)
core   0: 0x80008636 (0x0000ea15) c.bnez  a2, pc + 52
core   0: 3 0x80008636 (0xea15)
core   0: 0x80008638 (0x5c854d13) xori    s10, a0, 1480
core   0: 3 0x80008638 (0x5c854d13) x26 0xfffff972
core   0: 0x8000863c (0x0000ee11) c.bnez  a2, pc + 28
core   0: 3 0x8000863c (0xee11)
core   0: 0x8000863e (0x34002b73) csrr    s6, mscratch
core   0: 3 0x8000863e (0x34002b73) x22 0x00000000
core   0: 0x80008642 (0x0ff0000f) fence   iorw,iorw
core   0: 3 0x80008642 (0x0ff0000f)
core   0: 0x80008646 (0x00000184) c.addi4spn s1, sp, 192
core   0: 3 0x80008646 (0x0184) x9  0x000000c0
core   0: 0x80008648 (0x00000001) c.nop
core   0: 3 0x80008648 (0x0001)
core   0: 0x8000864a (0x53cfa993) slti    s3, t6, 1340
core   0: 3 0x8000864a (0x53cfa993) x19 0x00000001
core   0: 0x8000864e (0x02da74b3) remu    s1, s4, a3
core   0: 3 0x8000864e (0x02da74b3) x9  0x00000000
core   0: 0x80008652 (0x0000c615) c.beqz  a2, pc + 44
core   0: 3 0x80008652 (0xc615)
core   0: 0x8000867e (0x01475ab3) srl     s5, a4, s4
core   0: 3 0x8000867e (0x01475ab3) x21 0xfffffc3e
core   0: 0x80008682 (0x6d03a213) slti    tp, t2, 1744
core   0: 3 0x80008682 (0x6d03a213) x4  0x00000001
core   0: 0x80008686 (0x03567063) bgeu    a2, s5, pc + 32
core   0: 3 0x80008686 (0x03567063)
core   0: 0x8000868a (0x0000e321) c.bnez  a4, pc + 64
core   0: 3 0x8000868a (0xe321)
core   0: 0x800086ca (0x0205d0b3) divu    ra, a1, zero
core   0: 3 0x800086ca (0x0205d0b3) x1  0xffffffff
core   0: 0x800086ce (0xfb477613) andi    a2, a4, -76
core   0: 3 0x800086ce (0xfb477613) x12 0xfffffc34
core   0: 0x800086d2 (0x00e07263) bgeu    zero, a4, pc + 4
core   0: 3 0x800086d2 (0x00e07263)
core   0: 0x800086d6 (0x01211a63) bne     sp, s2, pc + 20
core   0: 3 0x800086d6 (0x01211a63)
core   0: 0x800086ea (0x0000100f) fence.i
core   0: 3 0x800086ea (0x0000100f)
core   0: 0x800086ee (0x483c7f13) andi    t5, s8, 1155
core   0: 3 0x800086ee (0x483c7f13) x30 0x00000480
core   0: 0x800086f2 (0x0ff0000f) fence   iorw,iorw
core   0: 3 0x800086f2 (0x0ff0000f)
core   0: 0x800086f6 (0x0000886a) c.mv    a6, s10
core   0: 3 0x800086f6 (0x886a) x16 0xfffff972
core   0: 0x800086f8 (0x0103f3b3) and     t2, t2, a6
core   0: 3 0x800086f8 (0x0103f3b3) x7  0x00000000
core   0: 0x800086fc (0x01731d33) sll     s10, t1, s7
core   0: 3 0x800086fc (0x01731d33) x26 0x7d604000
core   0: 0x80008700 (0x01fcd893) srli    a7, s9, 31
core   0: 3 0x80008700 (0x01fcd893) x17 0x00000000
core   0: 0x80008704 (0x0353ee63) bltu    t2, s5, pc + 60
core   0: 3 0x80008704 (0x0353ee63)
core   0: 0x80008740 (0x0060f0b3) and     ra, ra, t1
core   0: 3 0x80008740 (0x0060f0b3) x1  0x7d604000
core   0: 0x80008744 (0x00000cbe) c.slli  s9, 15
core   0: 3 0x80008744 (0x0cbe) x25 0x28000000
core   0: 0x80008746 (0x42b43237) lui     tp, 0x42b43
core   0: 3 0x80008746 (0x42b43237) x4  0x42b43000
core   0: 0x8000874a (0xb384eb93) ori     s7, s1, -1224
core   0: 3 0x8000874a (0xb384eb93) x23 0xfffffb38
core   0: 0x8000874e (0x03256763) bltu    a0, s2, pc + 46
core   0: 3 0x8000874e (0x03256763)
core   0: 0x80008752 (0x00008db1) c.xor   a1, a2
core   0: 3 0x80008752 (0x8db1) x11 0xffdfbc34
core   0: 0x80008754 (0x11090893) addi    a7, s2, 272
core   0: 3 0x80008754 (0x11090893) x17 0xfffffdc9
core   0: 0x80008758 (0x03f6de33) divu    t3, a3, t6
core   0: 3 0x80008758 (0x03f6de33) x28 0xffffffff
core   0: 0x8000875c (0x01ba9f13) slli    t5, s5, 27
core   0: 3 0x8000875c (0x01ba9f13) x30 0xf0000000
core   0: 0x80008760 (0x02791463) bne     s2, t2, pc + 40
core   0: 3 0x80008760 (0x02791463)
core   0: 0x80008788 (0x0345edb3) rem     s11, a1, s4
core   0: 3 0x80008788 (0x0345edb3) x27 0xffdfbc34
core   0: 0x8000878c (0x0000100f) fence.i
core   0: 3 0x8000878c (0x0000100f)
core   0: 0x80008790 (0x02a47ab3) remu    s5, s0, a0
core   0: 3 0x80008790 (0x02a47ab3) x21 0xf0a6efc1
core   0: 0x80008794 (0x00000d6a) c.slli  s10, 26
core   0: 3 0x80008794 (0x0d6a) x26 0x00000000
core   0: 0x80008796 (0x34071773) csrrw   a4, mscratch, a4
core   0: 3 0x80008796 (0x34071773) x14 0x00000000 c832_mscratch 0xfffffc3e
core   0: 0x8000879a (0x01842333) slt     t1, s0, s8
core   0: 3 0x8000879a (0x01842333) x6  0x00000000
core   0: 0x8000879e (0x02574563) blt     a4, t0, pc + 42
core   0: 3 0x8000879e (0x02574563)
core   0: 0x800087c8 (0x01fb4db3) xor     s11, s6, t6
core   0: 3 0x800087c8 (0x01fb4db3) x27 0x00000000
core   0: 0x800087cc (0xaedea313) slti    t1, t4, -1299
core   0: 3 0x800087cc (0xaedea313) x6  0x00000001
core   0: 0x800087d0 (0x34043d73) csrrc   s10, mscratch, s0
core   0: 3 0x800087d0 (0x34043d73) x26 0xfffffc3e c832_mscratch 0x0f59103e
core   0: 0x800087d4 (0x021de933) rem     s2, s11, ra
core   0: 3 0x800087d4 (0x021de933) x18 0x00000000
core   0: 0x800087d8 (0x033c7e33) remu    t3, s8, s3
core   0: 3 0x800087d8 (0x033c7e33) x28 0x00000000
core   0: 0x800087dc (0x5879ab97) auipc   s7, 0x5879a
core   0: 3 0x800087dc (0x5879ab97) x23 0xd87a27dc
core   0: 0x800087e0 (0x01202517) auipc   a0, 0x1202
core   0: 3 0x800087e0 (0x01202517) x10 0x8120a7e0
core   0: 0x800087e4 (0x0011d763) bge     gp, ra, pc + 14
core   0: 3 0x800087e4 (0x0011d763)
core   0: 0x800087e8 (0x034ff2b3) remu    t0, t6, s4
core   0: 3 0x800087e8 (0x034ff2b3) x5  0x00000000
core   0: 0x800087ec (0x0333ff33) remu    t5, t2, s3
core   0: 3 0x800087ec (0x0333ff33) x30 0x00000000
core   0: 0x800087f0 (0x0000597d) c.li    s2, -1
core   0: 3 0x800087f0 (0x597d) x18 0xffffffff
core   0: 0x800087f2 (0x404158b3) sra     a7, sp, tp
core   0: 3 0x800087f2 (0x404158b3) x17 0x00000000
core   0: 0x800087f6 (0x03d57763) bgeu    a0, t4, pc + 46
core   0: 3 0x800087f6 (0x03d57763)
core   0: 0x80008824 (0x72517293) andi    t0, sp, 1829
core   0: 3 0x80008824 (0x72517293) x5  0x00000000
core   0: 0x80008828 (0x0000100f) fence.i
core   0: 3 0x80008828 (0x0000100f)
core   0: 0x8000882c (0x01f41013) slli    zero, s0, 31
core   0: 3 0x8000882c (0x01f41013)
core   0: 0x80008830 (0x01939e13) slli    t3, t2, 25
core   0: 3 0x80008830 (0x01939e13) x28 0x00000000
core   0: 0x80008834 (0x0000c915) c.beqz  a0, pc + 52
core   0: 3 0x80008834 (0xc915)
core   0: 0x80008836 (0x00000001) c.nop
core   0: 3 0x80008836 (0x0001)
core   0: 0x80008838 (0x00008e25) c.xor   a2, s1
core   0: 3 0x80008838 (0x8e25) x12 0xfffffc34
core   0: 0x8000883a (0x02efd133) divu    sp, t6, a4
core   0: 3 0x8000883a (0x02efd133) x2  0xffffffff
core   0: 0x8000883e (0x00001918) c.addi4spn a4, sp, 176
core   0: 3 0x8000883e (0x1918) x14 0x000000af
core   0: 0x80008840 (0x00eb68b3) or      a7, s6, a4
core   0: 3 0x80008840 (0x00eb68b3) x17 0x000000af
core   0: 0x80008844 (0x0ff0000f) fence   iorw,iorw
core   0: 3 0x80008844 (0x0ff0000f)
core   0: 0x80008848 (0x00008e6d) c.and   a2, a1
core   0: 3 0x80008848 (0x8e6d) x12 0xffdfbc34
core   0: 0x8000884a (0x02cac663) blt     s5, a2, pc + 44
core   0: 3 0x8000884a (0x02cac663)
core   0: 0x80008876 (0x0ff0000f) fence   iorw,iorw
core   0: 3 0x80008876 (0x0ff0000f)
core   0: 0x8000887a (0x00008d0d) c.sub   a0, a1
core   0: 3 0x8000887a (0x8d0d) x10 0x8140ebac
core   0: 0x8000887c (0x014aa933) slt     s2, s5, s4
core   0: 3 0x8000887c (0x014aa933) x18 0x00000001
core   0: 0x80008880 (0x0000c089) c.beqz  s1, pc + 2
core   0: 3 0x80008880 (0xc089)
core   0: 0x80008882 (0x03367733) remu    a4, a2, s3
core   0: 3 0x80008882 (0x03367733) x14 0x00000000
core   0: 0x80008886 (0x419b5a33) sra     s4, s6, s9
core   0: 3 0x80008886 (0x419b5a33) x20 0x00000000
core   0: 0x8000888a (0x00382333) slt     t1, a6, gp
core   0: 3 0x8000888a (0x00382333) x6  0x00000001
core   0: 0x8000888e (0x00008e19) c.sub   a2, a4
core   0: 3 0x8000888e (0x8e19) x12 0xffdfbc34
core   0: 0x80008890 (0x03b09163) bne     ra, s11, pc + 34
core   0: 3 0x80008890 (0x03b09163)
core   0: 0x800088b2 (0x0ff0000f) fence   iorw,iorw
core   0: 3 0x800088b2 (0x0ff0000f)
core   0: 0x800088b6 (0x4ca78493) addi    s1, a5, 1226
core   0: 3 0x800088b6 (0x4ca78493) x9  0x000004ca
core   0: 0x800088ba (0xf24a7193) andi    gp, s4, -220
core   0: 3 0x800088ba (0xf24a7193) x3  0x00000000
core   0: 0x800088be (0x00008e85) c.sub   a3, s1
core   0: 3 0x800088be (0x8e85) x13 0x59ba0b36
core   0: 0x800088c0 (0x00950d33) add     s10, a0, s1
core   0: 3 0x800088c0 (0x00950d33) x26 0x8140f076
core   0: 0x800088c4 (0x00009bfd) c.andi  a5, -1
core   0: 3 0x800088c4 (0x9bfd) x15 0x00000000
core   0: 0x800088c6 (0x011d6bb3) or      s7, s10, a7
core   0: 3 0x800088c6 (0x011d6bb3) x23 0x8140f0ff
core   0: 0x800088ca (0x011e0b33) add     s6, t3, a7
core   0: 3 0x800088ca (0x011e0b33) x22 0x000000af
core   0: 0x800088ce (0x00d3a8b3) slt     a7, t2, a3
core   0: 3 0x800088ce (0x00d3a8b3) x17 0x00000001
core   0: 0x800088d2 (0x039c09b3) mul     s3, s8, s9
core   0: 3 0x800088d2 (0x039c09b3) x19 0xa0000000
core   0: 0x800088d6 (0x40345693) srai    a3, s0, 3
core   0: 3 0x800088d6 (0x40345693) x13 0xfe14ddf8
core   0: 0x800088da (0x016c9933) sll     s2, s9, s6
core   0: 3 0x800088da (0x016c9933) x18 0x00000000
core   0: 0x800088de (0x00008a11) c.andi  a2, 4
core   0: 3 0x800088de (0x8a11) x12 0x00000004
core   0: 0x800088e0 (0x37761117) auipc   sp, 0x37761
core   0: 3 0x800088e0 (0x37761117) x2  0xb77698e0
core   0: 0x800088e4 (0x73f3fa13) andi    s4, t2, 1855
core   0: 3 0x800088e4 (0x73f3fa13) x20 0x00000000
core   0: 0x800088e8 (0x00000001) c.nop
core   0: 3 0x800088e8 (0x0001)
core   0: 0x800088ea (0x340d3673) csrrc   a2, mscratch, s10
core   0: 3 0x800088ea (0x340d3673) x12 0x0f59103e c832_mscratch 0x0e190008
core   0: 0x800088ee (0x000089a1) c.andi  a1, 8
core   0: 3 0x800088ee (0x89a1) x11 0x00000000
core   0: 0x800088f0 (0x00008d65) c.and   a0, s1
core   0: 3 0x800088f0 (0x8d65) x10 0x00000088
core   0: 0x800088f2 (0x0000997d) c.andi  a0, -1
core   0: 3 0x800088f2 (0x997d) x10 0x00000088
core   0: 0x800088f4 (0x00401933) sll     s2, zero, tp
core   0: 3 0x800088f4 (0x00401933) x18 0x00000000
core   0: 0x800088f8 (0x01121f93) slli    t6, tp, 17
core   0: 3 0x800088f8 (0x01121f93) x31 0x60000000
core   0: 0x800088fc (0x340598f3) csrrw   a7, mscratch, a1
core   0: 3 0x800088fc (0x340598f3) x17 0x0e190008 c832_mscratch 0x00000000
core   0: 0x80008900 (0x000089ae) c.mv    s3, a1
core   0: 3 0x80008900 (0x89ae) x19 0x00000000
core   0: 0x80008902 (0x413cdb13) srai    s6, s9, 19
core   0: 3 0x80008902 (0x413cdb13) x22 0x00000500
core   0: 0x80008906 (0x4101d993) srai    s3, gp, 16
core   0: 3 0x80008906 (0x4101d993) x19 0x00000000
core   0: 0x8000890a (0x007e01b3) add     gp, t3, t2
core   0: 3 0x8000890a (0x007e01b3) x3  0x00000000
core   0: 0x8000890e (0xe9120213) addi    tp, tp, -367
core   0: 3 0x8000890e (0xe9120213) x4  0x42b42e91
core   0: 0x80008912 (0x01773733) sltu    a4, a4, s7
core   0: 3 0x80008912 (0x01773733) x14 0x00000001
core   0: 0x80008916 (0x0048dd33) srl     s10, a7, tp
core   0: 3 0x80008916 (0x0048dd33) x26 0x0000070c
core   0: 0x8000891a (0x00001810) c.addi4spn a2, sp, 48
core   0: 3 0x8000891a (0x1810) x12 0xb7769910
core   0: 0x8000891c (0x00001e04) c.addi4spn s1, sp, 816
core   0: 3 0x8000891c (0x1e04) x9  0xb7769c10
core   0: 0x8000891e (0x00000e1c) c.addi4spn a5, sp, 784
core   0: 3 0x8000891e (0x0e1c) x15 0xb7769bf0
core   0: 0x80008920 (0x00000001) c.nop
core   0: 3 0x80008920 (0x0001)
core   0: 0x80008922 (0x00008ec9) c.or    a3, a0
core   0: 3 0x80008922 (0x8ec9) x13 0xfe14ddf8
core   0: 0x80008924 (0x5b092093) slti    ra, s2, 1456
core   0: 3 0x80008924 (0x5b092093) x1  0x00000001
core   0: 0x80008928 (0x0021d263) bge     gp, sp, pc + 4
core   0: 3 0x80008928 (0x0021d263)
core   0: 0x8000892c (0x02a692b3) mulh    t0, a3, a0
core   0: 3 0x8000892c (0x02a692b3) x5  0xfffffffe
core   0: 0x80008930 (0x00008d09) c.sub   a0, a0
core   0: 3 0x80008930 (0x8d09) x10 0x00000000
core   0: 0x80008932 (0x00000001) c.nop
core   0: 3 0x80008932 (0x0001)
core   0: 0x80008934 (0x01319d13) slli    s10, gp, 19
core   0: 3 0x80008934 (0x01319d13) x26 0x00000000
core   0: 0x80008938 (0x34007af3) csrrci  s5, mscratch, 0
core   0: 3 0x80008938 (0x34007af3) x21 0x00000000
core   0: 0x8000893c (0x00008e01) c.sub   a2, s0
core   0: 3 0x8000893c (0x8e01) x12 0xc6cfa94f
core   0: 0x8000893e (0x01c096b3) sll     a3, ra, t3
core   0: 3 0x8000893e (0x01c096b3) x13 0x00000001
core   0: 0x80008942 (0x6f46c813) xori    a6, a3, 1780
core   0: 3 0x80008942 (0x6f46c813) x16 0x000006f5
core   0: 0x80008946 (0x2c05cf93) xori    t6, a1, 704
core   0: 3 0x80008946 (0x2c05cf93) x31 0x000002c0
core   0: 0x8000894a (0x007f9133) sll     sp, t6, t2
core   0: 3 0x8000894a (0x007f9133) x2  0x000002c0
core   0: 0x8000894e (0x34007773) csrrci  a4, mscratch, 0
core   0: 3 0x8000894e (0x34007773) x14 0x00000000
core   0: 0x80008952 (0x00008fd1) c.or    a5, a2
core   0: 3 0x80008952 (0x8fd1) x15 0xf7ffbbff
core   0: 0x80008954 (0x03760233) mul     tp, a2, s7
core   0: 3 0x80008954 (0x03760233) x4  0xda53b5b1
core   0: 0x80008958 (0x01454933) xor     s2, a0, s4
core   0: 3 0x80008958 (0x01454933) x18 0x00000000
core   0: 0x8000895c (0x34066073) csrsi   mscratch, 12
core   0: 3 0x8000895c (0x34066073) c832_mscratch 0x0000000c
core   0: 0x80008960 (0x00cd39b3) sltu    s3, s10, a2
core   0: 3 0x80008960 (0x00cd39b3) x19 0x00000001
core   0: 0x80008964 (0x3405bcf3) csrrc   s9, mscratch, a1
core   0: 3 0x80008964 (0x3405bcf3) x25 0x0000000c c832_mscratch 0x0000000c
core   0: 0x80008968 (0x4e4abd93) sltiu   s11, s5, 1252
core   0: 3 0x80008968 (0x4e4abd93) x27 0x00000001
core   0: 0x8000896c (0x000089ad) c.andi  a1, 11
core   0: 3 0x8000896c (0x89ad) x11 0x00000000
core   0: 0x8000896e (0x418c06b3) sub     a3, s8, s8
core   0: 3 0x8000896e (0x418c06b3) x13 0x00000000
core   0: 0x80008972 (0x000086c1) c.srai  a3, 16
core   0: 3 0x80008972 (0x86c1) x13 0x00000000
core   0: 0x80008974 (0x000008ba) c.slli  a7, 14
core   0: 3 0x80008974 (0x08ba) x17 0x40020000
core   0: 0x80008976 (0x00420fb3) add     t6, tp, tp
core   0: 3 0x80008976 (0x00420fb3) x31 0xb4a76b62
core   0: 0x8000897a (0x0000c601) c.beqz  a2, pc + 8
core   0: 3 0x8000897a (0xc601)
core   0: 0x8000897c (0x2bbf1ab7) lui     s5, 0x2bbf1
core   0: 3 0x8000897c (0x2bbf1ab7) x21 0x2bbf1000
core   0: 0x80008980 (0x00008cc9) c.or    s1, a0
core   0: 3 0x80008980 (0x8cc9) x9  0xb7769c10
core   0: 0x80008982 (0x01115a63) bge     sp, a7, pc + 20
core   0: 3 0x80008982 (0x01115a63)
core   0: 0x80008986 (0x00004a41) c.li    s4, 16
core   0: 3 0x80008986 (0x4a41) x20 0x00000010
core   0: 0x80008988 (0x0389b7b3) mulhu   a5, s3, s8
core   0: 3 0x80008988 (0x0389b7b3) x15 0x00000000
core   0: 0x8000898c (0x0ff0000f) fence   iorw,iorw
core   0: 3 0x8000898c (0x0ff0000f)
core   0: 0x80008990 (0x00005e7d) c.li    t3, -1
core   0: 3 0x80008990 (0x5e7d) x28 0xffffffff
core   0: 0x80008992 (0x007fd313) srli    t1, t6, 7
core   0: 3 0x80008992 (0x007fd313) x6  0x01694ed6
core   0: 0x80008996 (0x0000188c) c.addi4spn a1, sp, 112
core   0: 3 0x80008996 (0x188c) x11 0x00000330
core   0: 0x80008998 (0x022d8763) beq     s11, sp, pc + 46
core   0: 3 0x80008998 (0x022d8763)
core   0: 0x8000899c (0x017a8333) add     t1, s5, s7
core   0: 3 0x8000899c (0x017a8333) x6  0xad0000ff
core   0: 0x800089a0 (0x340839f3) csrrc   s3, mscratch, a6
core   0: 3 0x800089a0 (0x340839f3) x19 0x0000000c c832_mscratch 0x00000008
core   0: 0x800089a4 (0x031c0db3) mul     s11, s8, a7
core   0: 3 0x800089a4 (0x031c0db3) x27 0xbd480000
core   0: 0x800089a8 (0x00008e4d) c.or    a2, a1
core   0: 3 0x800089a8 (0x8e4d) x12 0xc6cfab7f
core   0: 0x800089aa (0x183eac93) slti    s9, t4, 387
core   0: 3 0x800089aa (0x183eac93) x25 0x00000001
core   0: 0x800089ae (0x027d9333) mulh    t1, s11, t2
core   0: 3 0x800089ae (0x027d9333) x6  0x00000000
core   0: 0x800089b2 (0x4102de33) sra     t3, t0, a6
core   0: 3 0x800089b2 (0x4102de33) x28 0xffffffff
core   0: 0x800089b6 (0x01e934b3) sltu    s1, s2, t5
core   0: 3 0x800089b6 (0x01e934b3) x9  0x00000000
core   0: 0x800089ba (0x01940733) add     a4, s0, s9
core   0: 3 0x800089ba (0x01940733) x14 0xf0a6efc2
core   0: 0x800089be (0x02465463) bge     a2, tp, pc + 40
core   0: 3 0x800089be (0x02465463)
core   0: 0x800089c2 (0xafe3a793) slti    a5, t2, -1282
core   0: 3 0x800089c2 (0xafe3a793) x15 0x00000000
core   0: 0x800089c6 (0x02f64233) div     tp, a2, a5
core   0: 3 0x800089c6 (0x02f64233) x4  0xffffffff
core   0: 0x800089ca (0x00008a91) c.andi  a3, 4
core   0: 3 0x800089ca (0x8a91) x13 0x00000000
core   0: 0x800089cc (0x000086e5) c.srai  a3, 25
core   0: 3 0x800089cc (0x86e5) x13 0x00000000
core   0: 0x800089ce (0x025b4033) div     zero, s6, t0
core   0: 3 0x800089ce (0x025b4033)
core   0: 0x800089d2 (0x012487b3) add     a5, s1, s2
core   0: 3 0x800089d2 (0x012487b3) x15 0x00000000
core   0: 0x800089d6 (0x340aef73) csrrsi  t5, mscratch, 21
core   0: 3 0x800089d6 (0x340aef73) x30 0x00000008 c832_mscratch 0x0000001d
core   0: 0x800089da (0xb35c7693) andi    a3, s8, -1227
core   0: 3 0x800089da (0xb35c7693) x13 0x80025a24
core   0: 0x800089de (0x0000e891) c.bnez  s1, pc + 20
core   0: 3 0x800089de (0xe891)
core   0: 0x800089e0 (0x0000e71d) c.bnez  a4, pc + 46
core   0: 3 0x800089e0 (0xe71d)
core   0: 0x80008a0e (0x01b95663) bge     s2, s11, pc + 12
core   0: 3 0x80008a0e (0x01b95663)
core   0: 0x80008a1a (0x0214d8b3) divu    a7, s1, ra
core   0: 3 0x80008a1a (0x0214d8b3) x17 0x00000000
core   0: 0x80008a1e (0x03376db3) rem     s11, a4, s3
core   0: 3 0x80008a1e (0x03376db3) x27 0xfffffffe
core   0: 0x80008a22 (0x00008ce1) c.and   s1, s0
core   0: 3 0x80008a22 (0x8ce1) x9  0x00000000
core   0: 0x80008a24 (0x34006df3) csrrsi  s11, mscratch, 0
core   0: 3 0x80008a24 (0x34006df3) x27 0x0000001d
core   0: 0x80008a28 (0x00000001) c.nop
core   0: 3 0x80008a28 (0x0001)
core   0: 0x80008a2a (0x0000c789) c.beqz  a5, pc + 10
core   0: 3 0x80008a2a (0xc789)
core   0: 0x80008a34 (0x00000001) c.nop
core   0: 3 0x80008a34 (0x0001)
core   0: 0x80008a36 (0x340773f3) csrrci  t2, mscratch, 14
core   0: 3 0x80008a36 (0x340773f3) x7  0x0000001d c832_mscratch 0x00000011
core   0: 0x80008a3a (0x0ff0000f) fence   iorw,iorw
core   0: 3 0x80008a3a (0x0ff0000f)
core   0: 0x80008a3e (0x0029e533) or      a0, s3, sp
core   0: 3 0x80008a3e (0x0029e533) x10 0x000002cc
core   0: 0x80008a42 (0x056a5463) bge     s4, s6, pc + 72
core   0: 3 0x80008a42 (0x056a5463)
core   0: 0x80008a46 (0x41d9da33) sra     s4, s3, t4
core   0: 3 0x80008a46 (0x41d9da33) x20 0x00000000
core   0: 0x80008a4a (0x02148363) beq     s1, ra, pc + 38
core   0: 3 0x80008a4a (0x02148363)
core   0: 0x80008a4e (0xe62b4713) xori    a4, s6, -414
core   0: 3 0x80008a4e (0xe62b4713) x14 0xfffffb62
core   0: 0x80008a52 (0x013bcfb3) xor     t6, s7, s3
core   0: 3 0x80008a52 (0x013bcfb3) x31 0x8140f0f3
core   0: 0x80008a56 (0x01d75833) srl     a6, a4, t4
core   0: 3 0x80008a56 (0x01d75833) x16 0x0fffffb6
core   0: 0x80008a5a (0x0ff0000f) fence   iorw,iorw
core   0: 3 0x80008a5a (0x0ff0000f)
core   0: 0x80008a5e (0x03988063) beq     a7, s9, pc + 32
core   0: 3 0x80008a5e (0x03988063)
core   0: 0x80008a62 (0x03bf0a63) beq     t5, s11, pc + 52
core   0: 3 0x80008a62 (0x03bf0a63)
core   0: 0x80008a66 (0x00008dcd) c.or    a1, a1
core   0: 3 0x80008a66 (0x8dcd) x11 0x00000330
core   0: 0x80008a68 (0x8c386393) ori     t2, a6, -1853
core   0: 3 0x80008a68 (0x8c386393) x7  0xfffffff7
core   0: 0x80008a6c (0x0169e033) or      zero, s3, s6
core   0: 3 0x80008a6c (0x0169e033)
core   0: 0x80008a70 (0x00008f6d) c.and   a4, a1
core   0: 3 0x80008a70 (0x8f6d) x14 0x00000320
core   0: 0x80008a72 (0x024b4133) div     sp, s6, tp
core   0: 3 0x80008a72 (0x024b4133) x2  0xfffffb00
core   0: 0x80008a76 (0x00abfa63) bgeu    s7, a0, pc + 20
core   0: 3 0x80008a76 (0x00abfa63)
core   0: 0x80008a8a (0x0ff0000f) fence   iorw,iorw
core   0: 3 0x80008a8a (0x0ff0000f)
core   0: 0x80008a8e (0x00f90463) beq     s2, a5, pc + 8
core   0: 3 0x80008a8e (0x00f90463)
core   0: 0x80008a96 (0xa2372f13) slti    t5, a4, -1501
core   0: 3 0x80008a96 (0xa2372f13) x30 0x00000000
core   0: 0x80008a9a (0x00000001) c.nop
core   0: 3 0x80008a9a (0x0001)
core   0: 0x80008a9c (0x34012673) csrrs   a2, mscratch, sp
core   0: 3 0x80008a9c (0x34012673) x12 0x00000011 c832_mscratch 0xfffffb11
core   0: 0x80008aa0 (0x388e6513) ori     a0, t3, 904
core   0: 3 0x80008aa0 (0x388e6513) x10 0xffffffff
core   0: 0x80008aa4 (0x00433333) sltu    t1, t1, tp
core   0: 3 0x80008aa4 (0x00433333) x6  0x00000001
core   0: 0x80008aa8 (0x00bc6863) bltu    s8, a1, pc + 16
core   0: 3 0x80008aa8 (0x00bc6863)
core   0: 0x80008aac (0x012bddb3) srl     s11, s7, s2
core   0: 3 0x80008aac (0x012bddb3) x27 0x8140f0ff
core   0: 0x80008ab0 (0x02152a33) mulhsu  s4, a0, ra
core   0: 3 0x80008ab0 (0x02152a33) x20 0xffffffff
core   0: 0x80008ab4 (0xc07c6493) ori     s1, s8, -1017
core   0: 3 0x80008ab4 (0xc07c6493) x9  0xfffffea7
core   0: 0x80008ab8 (0x000064e1) c.lui   s1, 0x18
core   0: 3 0x80008ab8 (0x64e1) x9  0x00018000
core   0: 0x80008aba (0x01810563) beq     sp, s8, pc + 10
core   0: 3 0x80008aba (0x01810563)
core   0: 0x80008abe (0x0ff0000f) fence   iorw,iorw
core   0: 3 0x80008abe (0x0ff0000f)
core   0: 0x80008ac2 (0x000011fd) c.addi  gp, -1
core   0: 3 0x80008ac2 (0x11fd) x3  0xffffffff
core   0: 0x80008ac4 (0x0000e089) c.bnez  s1, pc + 2
core   0: 3 0x80008ac4 (0xe089)
core   0: 0x80008ac6 (0x6d8039b7) lui     s3, 0x6d803
core   0: 3 0x80008ac6 (0x6d8039b7) x19 0x6d803000
core   0: 0x80008aca (0x34007ff3) csrrci  t6, mscratch, 0
core   0: 3 0x80008aca (0x34007ff3) x31 0xfffffb11
core   0: 0x80008ace (0x00008ea9) c.xor   a3, a0
core   0: 3 0x80008ace (0x8ea9) x13 0x7ffda5db
core   0: 0x80008ad0 (0x00000001) c.nop
core   0: 3 0x80008ad0 (0x0001)
core   0: 0x80008ad2 (0x340bb573) csrrc   a0, mscratch, s7
core   0: 3 0x80008ad2 (0x340bb573) x10 0xfffffb11 c832_mscratch 0x7ebf0b00
core   0: 0x80008ad6 (0x03990d63) beq     s2, s9, pc + 58
core   0: 3 0x80008ad6 (0x03990d63)
core   0: 0x80008ada (0x3401fe73) csrrci  t3, mscratch, 3
core   0: 3 0x80008ada (0x3401fe73) x28 0x7ebf0b00 c832_mscratch 0x7ebf0b00
core   0: 0x80008ade (0x40000fb3) sub     t6, zero, zero
core   0: 3 0x80008ade (0x40000fb3) x31 0x00000000
core   0: 0x80008ae2 (0x340ab1f3) csrrc   gp, mscratch, s5
core   0: 3 0x80008ae2 (0x340ab1f3) x3  0x7ebf0b00 c832_mscratch 0x54000b00
core   0: 0x80008ae6 (0x00008e45) c.or    a2, s1
core   0: 3 0x80008ae6 (0x8e45) x12 0x00018011
core   0: 0x80008ae8 (0x34743a13) sltiu   s4, s0, 839
core   0: 3 0x80008ae8 (0x34743a13) x20 0x00000000
core   0: 0x80008aec (0x00fa5263) bge     s4, a5, pc + 4
core   0: 3 0x80008aec (0x00fa5263)
core   0: 0x80008af0 (0x0000100f) fence.i
core   0: 3 0x80008af0 (0x0000100f)
core   0: 0x80008af4 (0x00b19563) bne     gp, a1, pc + 10
core   0: 3 0x80008af4 (0x00b19563)
core   0: 0x80008afe (0x00008d6d) c.and   a0, a1
core   0: 3 0x80008afe (0x8d6d) x10 0x00000310
core   0: 0x80008b00 (0x0142ab33) slt     s6, t0, s4
core   0: 3 0x80008b00 (0x0142ab33) x22 0x00000001
core   0: 0x80008b04 (0xaaf69037) lui     zero, 0xaaf69
core   0: 3 0x80008b04 (0xaaf69037)
core   0: 0x80008b08 (0x00e367b3) or      a5, t1, a4
core   0: 3 0x80008b08 (0x00e367b3) x15 0x00000321
core   0: 0x80008b0c (0x34002df3) csrr    s11, mscratch
core   0: 3 0x80008b0c (0x34002df3) x27 0x54000b00
core   0: 0x80008b10 (0x340659f3) csrrwi  s3, mscratch, 12
core   0: 3 0x80008b10 (0x340659f3) x19 0x54000b00 c832_mscratch 0x0000000c
core   0: 0x80008b14 (0x34037973) csrrci  s2, mscratch, 6
core   0: 3 0x80008b14 (0x34037973) x18 0x0000000c c832_mscratch 0x00000008
core   0: 0x80008b18 (0x035b91b3) mulh    gp, s7, s5
core   0: 3 0x80008b18 (0x035b91b3) x3  0xea575002
core   0: 0x80008b1c (0x34046af3) csrrsi  s5, mscratch, 8
core   0: 3 0x80008b1c (0x34046af3) x21 0x00000008 c832_mscratch 0x00000008
core   0: 0x80008b20 (0x00004a45) c.li    s4, 17
core   0: 3 0x80008b20 (0x4a45) x20 0x00000011
core   0: 0x80008b22 (0xad7978b7) lui     a7, 0xad797
core   0: 3 0x80008b22 (0xad7978b7) x17 0xad797000
core   0: 0x80008b26 (0xf9762593) slti    a1, a2, -105
core   0: 3 0x80008b26 (0xf9762593) x11 0x00000000
core   0: 0x80008b2a (0x00995863) bge     s2, s1, pc + 16
core   0: 3 0x80008b2a (0x00995863)
core   0: 0x80008b2e (0x0316e1b3) rem     gp, a3, a7
core   0: 3 0x80008b2e (0x0316e1b3) x3  0x2d7715db
core   0: 0x80008b32 (0x000085fe) c.mv    a1, t6
core   0: 3 0x80008b32 (0x85fe) x11 0x00000000
core   0: 0x80008b34 (0x00000001) c.nop
core   0: 3 0x80008b34 (0x0001)
core   0: 0x80008b36 (0x0214f163) bgeu    s1, ra, pc + 34
core   0: 3 0x80008b36 (0x0214f163)
core   0: 0x80008b58 (0x0000100f) fence.i
core   0: 3 0x80008b58 (0x0000100f)
core   0: 0x80008b5c (0x02697563) bgeu    s2, t1, pc + 42
core   0: 3 0x80008b5c (0x02697563)
core   0: 0x80008b86 (0x03ef6ab3) rem     s5, t5, t5
core   0: 3 0x80008b86 (0x03ef6ab3) x21 0x00000000
core   0: 0x80008b8a (0x03034d63) blt     t1, a6, pc + 58
core   0: 3 0x80008b8a (0x03034d63)
core   0: 0x80008bc4 (0x00a1cb33) xor     s6, gp, a0
core   0: 3 0x80008bc4 (0x00a1cb33) x22 0x2d7716cb
core   0: 0x80008bc8 (0x00009a7d) c.andi  a2, -1
core   0: 3 0x80008bc8 (0x9a7d) x12 0x00018011
core   0: 0x80008bca (0x41b4d393) srai    t2, s1, 27
core   0: 3 0x80008bca (0x41b4d393) x7  0x00000000
core   0: 0x80008bce (0x0ff0000f) fence   iorw,iorw
core   0: 3 0x80008bce (0x0ff0000f)
core   0: 0x80008bd2 (0x011e68b3) or      a7, t3, a7
core   0: 3 0x80008bd2 (0x011e68b3) x17 0xffff7b00
core   0: 0x80008bd6 (0x00008751) c.srai  a4, 20
core   0: 3 0x80008bd6 (0x8751) x14 0x00000000
core   0: 0x80008bd8 (0x3405ed73) csrrsi  s10, mscratch, 11
core   0: 3 0x80008bd8 (0x3405ed73) x26 0x00000008 c832_mscratch 0x0000000b
core   0: 0x80008bdc (0x00008fc6) c.mv    t6, a7
core   0: 3 0x80008bdc (0x8fc6) x31 0xffff7b00
core   0: 0x80008bde (0x00008ee9) c.and   a3, a0
core   0: 3 0x80008bde (0x8ee9) x13 0x00000110
core   0: 0x80008be0 (0x00000001) c.nop
core   0: 3 0x80008be0 (0x0001)
core   0: 0x80008be2 (0x000088bd) c.andi  s1, 15
core   0: 3 0x80008be2 (0x88bd) x9  0x00000000
core   0: 0x80008be4 (0x00000490) c.addi4spn a2, sp, 576
core   0: 3 0x80008be4 (0x0490) x12 0xfffffd40
core   0: 0x80008be6 (0x0000e489) c.bnez  s1, pc + 10
core   0: 3 0x80008be6 (0xe489)
core   0: 0x80008be8 (0x02185763) bge     a6, ra, pc + 46
core   0: 3 0x80008be8 (0x02185763)
core   0: 0x80008c16 (0x01ba9333) sll     t1, s5, s11
core   0: 3 0x80008c16 (0x01ba9333) x6  0x00000000
core   0: 0x80008c1a (0xe7ef6a93) ori     s5, t5, -386
core   0: 3 0x80008c1a (0xe7ef6a93) x21 0xfffffe7e
core   0: 0x80008c1e (0x02b75e33) divu    t3, a4, a1
core   0: 3 0x80008c1e (0x02b75e33) x28 0xffffffff
core   0: 0x80008c22 (0x00008ea1) c.xor   a3, s0
core   0: 3 0x80008c22 (0x8ea1) x13 0xf0a6eed1
core   0: 0x80008c24 (0x002863b3) or      t2, a6, sp
core   0: 3 0x80008c24 (0x002863b3) x7  0xffffffb6
core   0: 0x80008c28 (0x0000997d) c.andi  a0, -1
core   0: 3 0x80008c28 (0x997d) x10 0x00000310
core   0: 0x80008c2a (0x000086b1) c.srai  a3, 12
core   0: 3 0x80008c2a (0x86b1) x13 0xffff0a6e
core   0: 0x80008c2c (0xaf3570b7) lui     ra, 0xaf357
core   0: 3 0x80008c2c (0xaf3570b7) x1  0xaf357000
core   0: 0x80008c30 (0x00008e79) c.and   a2, a4
core   0: 3 0x80008c30 (0x8e79) x12 0x00000000
core   0: 0x80008c32 (0x34026073) csrsi   mscratch, 4
core   0: 3 0x80008c32 (0x34026073) c832_mscratch 0x0000000f
core   0: 0x80008c36 (0x0214d463) bge     s1, ra, pc + 40
core   0: 3 0x80008c36 (0x0214d463)
core   0: 0x80008c5e (0x0048d793) srli    a5, a7, 4
core   0: 3 0x80008c5e (0x0048d793) x15 0x0ffff7b0
core   0: 0x80008c62 (0x01034ab3) xor     s5, t1, a6
core   0: 3 0x80008c62 (0x01034ab3) x21 0x0fffffb6
core   0: 0x80008c66 (0x03d5dd33) divu    s10, a1, t4
core   0: 3 0x80008c66 (0x03d5dd33) x26 0x00000000
core   0: 0x80008c6a (0x00009bee) c.add   s7, s11
core   0: 3 0x80008c6a (0x9bee) x23 0xd540fbff
core   0: 0x80008c6c (0x00324463) blt     tp, gp, pc + 8
core   0: 3 0x80008c6c (0x00324463)
core   0: 0x80008c74 (0x684caf93) slti    t6, s9, 1668
core   0: 3 0x80008c74 (0x684caf93) x31 0x00000001
core   0: 0x80008c78 (0x00008595) c.srai  a1, 5
core   0: 3 0x80008c78 (0x8595) x11 0x00000000
core   0: 0x80008c7a (0x34046773) csrrsi  a4, mscratch, 8
core   0: 3 0x80008c7a (0x34046773) x14 0x0000000f c832_mscratch 0x0000000f
core   0: 0x80008c7e (0x024a0f33) mul     t5, s4, tp
core   0: 3 0x80008c7e (0x024a0f33) x30 0xffffffef
core   0: 0x80008c82 (0x0132ef63) bltu    t0, s3, pc + 30
core   0: 3 0x80008c82 (0x0132ef63)
core   0: 0x80008c86 (0x34003073) csrc    mscratch, zero
core   0: 3 0x80008c86 (0x34003073)
core   0: 0x80008c8a (0x00820b33) add     s6, tp, s0
core   0: 3 0x80008c8a (0x00820b33) x22 0xf0a6efc0
core   0: 0x80008c8e (0x0000cc85) c.beqz  s1, pc + 56
core   0: 3 0x80008c8e (0xcc85)
core   0: 0x80008cc6 (0x0000810d) c.srli  a0, 3
core   0: 3 0x80008cc6 (0x810d) x10 0x00000062
core   0: 0x80008cc8 (0x34041df3) csrrw   s11, mscratch, s0
core   0: 3 0x80008cc8 (0x34041df3) x27 0x0000000f c832_mscratch 0xf0a6efc1
core   0: 0x80008ccc (0x00001b7d) c.addi  s6, -1
core   0: 3 0x80008ccc (0x1b7d) x22 0xf0a6efbf
core   0: 0x80008cce (0x02685033) divu    zero, a6, t1
core   0: 3 0x80008cce (0x02685033)
core   0: 0x80008cd2 (0x00004b31) c.li    s6, 12
core   0: 3 0x80008cd2 (0x4b31) x22 0x0000000c
core   0: 0x80008cd4 (0x34002073) csrr    zero, mscratch
core   0: 3 0x80008cd4 (0x34002073)
core   0: 0x80008cd8 (0x0000118c) c.addi4spn a1, sp, 224
core   0: 3 0x80008cd8 (0x118c) x11 0xfffffbe0
core   0: 0x80008cda (0x030d1263) bne     s10, a6, pc + 36
core   0: 3 0x80008cda (0x030d1263)
core   0: 0x80008cfe (0x00b60663) beq     a2, a1, pc + 12
core   0: 3 0x80008cfe (0x00b60663)
core   0: 0x80008d02 (0xd57d8113) addi    sp, s11, -681
core   0: 3 0x80008d02 (0xd57d8113) x2  0xfffffd66
core   0: 0x80008d06 (0x05de9263) bne     t4, t4, pc + 68
core   0: 3 0x80008d06 (0x05de9263)
core   0: 0x80008d0a (0x4060dcb3) sra     s9, ra, t1
core   0: 3 0x80008d0a (0x4060dcb3) x25 0xaf357000
core   0: 0x80008d0e (0x05e3d063) bge     t2, t5, pc + 64
core   0: 3 0x80008d0e (0x05e3d063)
core   0: 0x80008d12 (0x34007b73) csrrci  s6, mscratch, 0
core   0: 3 0x80008d12 (0x34007b73) x22 0xf0a6efc1
core   0: 0x80008d16 (0x00000001) c.nop
core   0: 3 0x80008d16 (0x0001)
core   0: 0x80008d18 (0x7fe47293) andi    t0, s0, 2046
core   0: 3 0x80008d18 (0x7fe47293) x5  0x000007c0
core   0: 0x80008d1c (0x00fd42b3) xor     t0, s10, a5
core   0: 3 0x80008d1c (0x00fd42b3) x5  0x0ffff7b0
core   0: 0x80008d20 (0x00008cd9) c.or    s1, a4
core   0: 3 0x80008d20 (0x8cd9) x9  0x0000000f
core   0: 0x80008d22 (0x00000001) c.nop
core   0: 3 0x80008d22 (0x0001)
core   0: 0x80008d24 (0x0000628d) c.lui   t0, 0x3
core   0: 3 0x80008d24 (0x628d) x5  0x00003000
core   0: 0x80008d26 (0x036f9a33) mulh    s4, t6, s6
core   0: 3 0x80008d26 (0x036f9a33) x20 0xffffffff
core   0: 0x80008d2a (0x02f17733) remu    a4, sp, a5
core   0: 3 0x80008d2a (0x02f17733) x14 0x00008266
core   0: 0x80008d2e (0x34005af3) csrrwi  s5, mscratch, 0
core   0: 3 0x80008d2e (0x34005af3) x21 0xf0a6efc1 c832_mscratch 0x00000000
core   0: 0x80008d32 (0x80f2ce13) xori    t3, t0, -2033
core   0: 3 0x80008d32 (0x80f2ce13) x28 0xffffc80f
core   0: 0x80008d36 (0x000088c1) c.andi  s1, 16
core   0: 3 0x80008d36 (0x88c1) x9  0x00000000
core   0: 0x80008d38 (0x013cd8b3) srl     a7, s9, s3
core   0: 3 0x80008d38 (0x013cd8b3) x17 0xaf357000
core   0: 0x80008d3c (0x00c2cb33) xor     s6, t0, a2
core   0: 3 0x80008d3c (0x00c2cb33) x22 0x00003000
core   0: 0x80008d40 (0x00008d7d) c.and   a0, a5
core   0: 3 0x80008d40 (0x8d7d) x10 0x00000020
core   0: 0x80008d42 (0x84f48fb7) lui     t6, 0x84f48
core   0: 3 0x80008d42 (0x84f48fb7) x31 0x84f48000
core   0: 0x80008d46 (0x41e95093) srai    ra, s2, 30
core   0: 3 0x80008d46 (0x41e95093) x1  0x00000000
core   0: 0x80008d4a (0x0b8eb337) lui     t1, 0xb8eb
core   0: 3 0x80008d4a (0x0b8eb337) x6  0x0b8eb000
core   0: 0x80008d4e (0x01965333) srl     t1, a2, s9
core   0: 3 0x80008d4e (0x01965333) x6  0x00000000
core   0: 0x80008d52 (0x019f1b13) slli    s6, t5, 25
core   0: 3 0x80008d52 (0x019f1b13) x22 0xde000000
core   0: 0x80008d56 (0x00000da6) c.slli  s11, 9
core   0: 3 0x80008d56 (0x0da6) x27 0x00001e00
core   0: 0x80008d58 (0x00001404) c.addi4spn s1, sp, 544
core   0: 3 0x80008d58 (0x1404) x9  0xffffff86
core   0: 0x80008d5a (0x3400f773) csrrci  a4, mscratch, 1
core   0: 3 0x80008d5a (0x3400f773) x14 0x00000000 c832_mscratch 0x00000000
core   0: 0x80008d5e (0x41375a33) sra     s4, a4, s3
core   0: 3 0x80008d5e (0x41375a33) x20 0x00000000
core   0: 0x80008d62 (0x0000675d) c.lui   a4, 0x17
core   0: 3 0x80008d62 (0x675d) x14 0x00017000
core   0: 0x80008d64 (0x0000096e) c.slli  s2, 27
core   0: 3 0x80008d64 (0x096e) x18 0x60000000
core   0: 0x80008d66 (0x00000001) c.nop
core   0: 3 0x80008d66 (0x0001)
core   0: 0x80008d68 (0x00008e19) c.sub   a2, a4
core   0: 3 0x80008d68 (0x8e19) x12 0xfffe9000
core   0: 0x80008d6a (0xdc9f4117) auipc   sp, 0xdc9f4
core   0: 3 0x80008d6a (0xdc9f4117) x2  0x5c9fcd6a
core   0: 0x80008d6e (0x00daf0b3) and     ra, s5, a3
core   0: 3 0x80008d6e (0x00daf0b3) x1  0xf0a60a40
core   0: 0x80008d72 (0x7bb95db7) lui     s11, 0x7bb95
core   0: 3 0x80008d72 (0x7bb95db7) x27 0x7bb95000
core   0: 0x80008d76 (0x0000e38d) c.bnez  a5, pc + 34
core   0: 3 0x80008d76 (0xe38d)
core   0: 0x80008d98 (0x01bb00b3) add     ra, s6, s11
core   0: 3 0x80008d98 (0x01bb00b3) x1  0x59b95000
core   0: 0x80008d9c (0x00c05613) srli    a2, zero, 12
core   0: 3 0x80008d9c (0x00c05613) x12 0x00000000
core   0: 0x80008da0 (0x01dcd863) bge     s9, t4, pc + 16
core   0: 3 0x80008da0 (0x01dcd863)
core   0: 0x80008db0 (0x0019e693) ori     a3, s3, 1
core   0: 3 0x80008db0 (0x0019e693) x13 0x54000b01
core   0: 0x80008db4 (0x340d12f3) csrrw   t0, mscratch, s10
core   0: 3 0x80008db4 (0x340d12f3) x5  0x00000000 c832_mscratch 0x00000000
core   0: 0x80008db8 (0x00000001) c.nop
core   0: 3 0x80008db8 (0x0001)
core   0: 0x80008dba (0x00000001) c.nop
core   0: 3 0x80008dba (0x0001)
core   0: 0x80008dbc (0x020b36b3) mulhu   a3, s6, zero
core   0: 3 0x80008dbc (0x020b36b3) x13 0x00000000
core   0: 0x80008dc0 (0x34003cf3) csrrc   s9, mscratch, zero
core   0: 3 0x80008dc0 (0x34003cf3) x25 0x00000000
core   0: 0x80008dc4 (0x40575793) srai    a5, a4, 5
core   0: 3 0x80008dc4 (0x40575793) x15 0x00000b80
core   0: 0x80008dc8 (0x0000984a) c.add   a6, s2
core   0: 3 0x80008dc8 (0x984a) x16 0x6fffffb6
core   0: 0x80008dca (0x01cbd1b3) srl     gp, s7, t3
core   0: 3 0x80008dca (0x01cbd1b3) x3  0x0001aa81
core   0: 0x80008dce (0x00008e35) c.xor   a2, a3
core   0: 3 0x80008dce (0x8e35) x12 0x00000000
core   0: 0x80008dd0 (0x0000865d) c.srai  a2, 23
core   0: 3 0x80008dd0 (0x865d) x12 0x00000000
core   0: 0x80008dd2 (0x03201963) bne     zero, s2, pc + 50
core   0: 3 0x80008dd2 (0x03201963)
core   0: 0x80008e04 (0x40d0d8b3) sra     a7, ra, a3
core   0: 3 0x80008e04 (0x40d0d8b3) x17 0x59b95000
core   0: 0x80008e08 (0x012864b3) or      s1, a6, s2
core   0: 3 0x80008e08 (0x012864b3) x9  0x6fffffb6
core   0: 0x80008e0c (0x004dd913) srli    s2, s11, 4
core   0: 3 0x80008e0c (0x004dd913) x18 0x07bb9500
core   0: 0x80008e10 (0x028caf33) mulhsu  t5, s9, s0
core   0: 3 0x80008e10 (0x028caf33) x30 0x00000000
core   0: 0x80008e14 (0x018b02b3) add     t0, s6, s8
core   0: 3 0x80008e14 (0x018b02b3) x5  0x5e025ea4
core   0: 0x80008e18 (0x01228033) add     zero, t0, s2
core   0: 3 0x80008e18 (0x01228033)
core   0: 0x80008e1c (0x00000001) c.nop
core   0: 3 0x80008e1c (0x0001)
core   0: 0x80008e1e (0x01765ab3) srl     s5, a2, s7
core   0: 3 0x80008e1e (0x01765ab3) x21 0x00000000
core   0: 0x80008e22 (0x00008a5e) c.mv    s4, s7
core   0: 3 0x80008e22 (0x8a5e) x20 0xd540fbff
core   0: 0x80008e24 (0x0000966a) c.add   a2, s10
core   0: 3 0x80008e24 (0x966a) x12 0x00000000
core   0: 0x80008e26 (0x00d79813) slli    a6, a5, 13
core   0: 3 0x80008e26 (0x00d79813) x16 0x01700000
core   0: 0x80008e2a (0x0000e709) c.bnez  a4, pc + 10
core   0: 3 0x80008e2a (0xe709)
core   0: 0x80008e34 (0x035abcb3) mulhu   s9, s5, s5
core   0: 3 0x80008e34 (0x035abcb3) x25 0x00000000
core   0: 0x80008e38 (0x9f447137) lui     sp, 0x9f447
core   0: 3 0x80008e38 (0x9f447137) x2  0x9f447000
core   0: 0x80008e3c (0x02701cb3) mulh    s9, zero, t2
core   0: 3 0x80008e3c (0x02701cb3) x25 0x00000000
core   0: 0x80008e40 (0x01451a13) slli    s4, a0, 20
core   0: 3 0x80008e40 (0x01451a13) x20 0x02000000
core   0: 0x80008e44 (0x02667033) remu    zero, a2, t1
core   0: 3 0x80008e44 (0x02667033)
core   0: 0x80008e48 (0x00000d4a) c.slli  s10, 18
core   0: 3 0x80008e48 (0x0d4a) x26 0x00000000
core   0: 0x80008e4a (0x340ed573) csrrwi  a0, mscratch, 29
core   0: 3 0x80008e4a (0x340ed573) x10 0x00000000 c832_mscratch 0x0000001d
core   0: 0x80008e4e (0x03c93133) mulhu   sp, s2, t3
core   0: 3 0x80008e4e (0x03c93133) x2  0x07bb934f
core   0: 0x80008e52 (0x028d4b63) blt     s10, s0, pc + 54
core   0: 3 0x80008e52 (0x028d4b63)
core   0: 0x80008e56 (0x00008e15) c.sub   a2, a3
core   0: 3 0x80008e56 (0x8e15) x12 0x00000000
core   0: 0x80008e58 (0x00000f14) c.addi4spn a3, sp, 912
core   0: 3 0x80008e58 (0x0f14) x13 0x07bb96df
core   0: 0x80008e5a (0x00008489) c.srai  s1, 2
core   0: 3 0x80008e5a (0x8489) x9  0x1bffffed
core   0: 0x80008e5c (0x01247263) bgeu    s0, s2, pc + 4
core   0: 3 0x80008e5c (0x01247263)
core   0: 0x80008e60 (0x2e366713) ori     a4, a2, 739
core   0: 3 0x80008e60 (0x2e366713) x14 0x000002e3
core   0: 0x80008e64 (0x03ff0e63) beq     t5, t6, pc + 60
core   0: 3 0x80008e64 (0x03ff0e63)
core   0: 0x80008e68 (0x0000676d) c.lui   a4, 0x1b
core   0: 3 0x80008e68 (0x676d) x14 0x0001b000
core   0: 0x80008e6a (0x007d0ab3) add     s5, s10, t2
core   0: 3 0x80008e6a (0x007d0ab3) x21 0xffffffb6
core   0: 0x80008e6e (0x01c6e733) or      a4, a3, t3
core   0: 3 0x80008e6e (0x01c6e733) x14 0xffffdedf
core   0: 0x80008e72 (0x00e62f33) slt     t5, a2, a4
core   0: 3 0x80008e72 (0x00e62f33) x30 0x00000000
core   0: 0x80008e76 (0x01caf963) bgeu    s5, t3, pc + 18
core   0: 3 0x80008e76 (0x01caf963)
core   0: 0x80008e88 (0x00585533) srl     a0, a6, t0
core   0: 3 0x80008e88 (0x00585533) x10 0x00170000
core   0: 0x80008e8c (0x9761c913) xori    s2, gp, -1674
core   0: 3 0x80008e8c (0x9761c913) x18 0xfffe53f7
core   0: 0x80008e90 (0x40e45293) srai    t0, s0, 14
core   0: 3 0x80008e90 (0x40e45293) x5  0xffffc29b
core   0: 0x80008e94 (0x00008a8d) c.andi  a3, 3
core   0: 3 0x80008e94 (0x8a8d) x13 0x00000003
core   0: 0x80008e96 (0x000052fd) c.li    t0, -1
core   0: 3 0x80008e96 (0x52fd) x5  0xffffffff
core   0: 0x80008e98 (0x3405f8f3) csrrci  a7, mscratch, 11
core   0: 3 0x80008e98 (0x3405f8f3) x17 0x0000001d c832_mscratch 0x00000014
core   0: 0x80008e9c (0x023fe463) bltu    t6, gp, pc + 40
core   0: 3 0x80008e9c (0x023fe463)
core   0: 0x80008ea0 (0x00006aad) c.lui   s5, 0xb
core   0: 3 0x80008ea0 (0x6aad) x21 0x0000b000
core   0: 0x80008ea2 (0x1530fa17) auipc   s4, 0x1530f
core   0: 3 0x80008ea2 (0x1530fa17) x20 0x95317ea2
core   0: 0x80008ea6 (0x0000c50d) c.beqz  a0, pc + 42
core   0: 3 0x80008ea6 (0xc50d)
core   0: 0x80008ea8 (0x0000100f) fence.i
core   0: 3 0x80008ea8 (0x0000100f)
core   0: 0x80008eac (0x0000c085) c.beqz  s1, pc + 32
core   0: 3 0x80008eac (0xc085)
core   0: 0x80008eae (0x00008272) c.mv    tp, t3
core   0: 3 0x80008eae (0x8272) x4  0xffffc80f
core   0: 0x80008eb0 (0x0ff0000f) fence   iorw,iorw
core   0: 3 0x80008eb0 (0x0ff0000f)
core   0: 0x80008eb4 (0x41ded8b3) sra     a7, t4, t4
core   0: 3 0x80008eb4 (0x41ded8b3) x17 0xf80029d2
core   0: 0x80008eb8 (0x03e03f33) mulhu   t5, zero, t5
core   0: 3 0x80008eb8 (0x03e03f33) x30 0x00000000
core   0: 0x80008ebc (0xb0bc0113) addi    sp, s8, -1269
core   0: 3 0x80008ebc (0xb0bc0113) x2  0x800259af
core   0: 0x80008ec0 (0x340e33f3) csrrc   t2, mscratch, t3
core   0: 3 0x80008ec0 (0x340e33f3) x7  0x00000014 c832_mscratch 0x00000010
core   0: 0x80008ec4 (0x0ff0000f) fence   iorw,iorw
core   0: 3 0x80008ec4 (0x0ff0000f)
core   0: 0x80008ec8 (0x00858663) beq     a1, s0, pc + 12
core   0: 3 0x80008ec8 (0x00858663)
core   0: 0x80008ecc (0x0323d2b3) divu    t0, t2, s2
core   0: 3 0x80008ecc (0x0323d2b3) x5  0x00000000
core   0: 0x80008ed0 (0x02cc5633) divu    a2, s8, a2
core   0: 3 0x80008ed0 (0x02cc5633) x12 0xffffffff
core   0: 0x80008ed4 (0x004d3a93) sltiu   s5, s10, 4
core   0: 3 0x80008ed4 (0x004d3a93) x21 0x00000001
core   0: 0x80008ed8 (0xcddaa313) slti    t1, s5, -803
core   0: 3 0x80008ed8 (0xcddaa313) x6  0x00000000
core   0: 0x80008edc (0x01207db3) and     s11, zero, s2
core   0: 3 0x80008edc (0x01207db3) x27 0x00000000
core   0: 0x80008ee0 (0x0000100f) fence.i
core   0: 3 0x80008ee0 (0x0000100f)
core   0: 0x80008ee4 (0x0000c391) c.beqz  a5, pc + 4
core   0: 3 0x80008ee4 (0xc391)
core   0: 0x80008ee6 (0x00000001) c.nop
core   0: 3 0x80008ee6 (0x0001)
core   0: 0x80008ee8 (0x340175f3) csrrci  a1, mscratch, 2
core   0: 3 0x80008ee8 (0x340175f3) x11 0x00000010 c832_mscratch 0x00000010
core   0: 0x80008eec (0x403850b3) sra     ra, a6, gp
core   0: 3 0x80008eec (0x403850b3) x1  0x00b80000
core   0: 0x80008ef0 (0x0178c263) blt     a7, s7, pc + 4
core   0: 3 0x80008ef0 (0x0178c263)
core   0: 0x80008ef4 (0x05956563) bltu    a0, s9, pc + 74
core   0: 3 0x80008ef4 (0x05956563)
core   0: 0x80008ef8 (0x04bb7363) bgeu    s6, a1, pc + 70
core   0: 3 0x80008ef8 (0x04bb7363)
core   0: 0x80008f3e (0x02db93b3) mulh    t2, s7, a3
core   0: 3 0x80008f3e (0x02db93b3) x7  0xffffffff
core   0: 0x80008f42 (0x000083bd) c.srli  a5, 15
core   0: 3 0x80008f42 (0x83bd) x15 0x00000000
core   0: 0x80008f44 (0x03ebc833) div     a6, s7, t5
core   0: 3 0x80008f44 (0x03ebc833) x16 0xffffffff
core   0: 0x80008f48 (0x00008bda) c.mv    s7, s6
core   0: 3 0x80008f48 (0x8bda) x23 0xde000000
core   0: 0x80008f4a (0x0000c099) c.beqz  s1, pc + 6
core   0: 3 0x80008f4a (0xc099)
core   0: 0x80008f4c (0x029edcb3) divu    s9, t4, s1
core   0: 3 0x80008f4c (0x029edcb3) x25 0x00000004
core   0: 0x80008f50 (0x000094ba) c.add   s1, a4
core   0: 3 0x80008f50 (0x94ba) x9  0x1bffdecc
core   0: 0x80008f52 (0x95e46613) ori     a2, s0, -1698
core   0: 3 0x80008f52 (0x95e46613) x12 0xffffffdf
core   0: 0x80008f56 (0x000041e5) c.li    gp, 25
core   0: 3 0x80008f56 (0x41e5) x3  0x00000019
core   0: 0x80008f58 (0x013e2833) slt     a6, t3, s3
core   0: 3 0x80008f58 (0x013e2833) x16 0x00000001
core   0: 0x80008f5c (0x00ee3bb3) sltu    s7, t3, a4
core   0: 3 0x80008f5c (0x00ee3bb3) x23 0x00000001
core   0: 0x80008f60 (0x03d37533) remu    a0, t1, t4
core   0: 3 0x80008f60 (0x03d37533) x10 0x00000000
core   0: 0x80008f64 (0x0334fb63) bgeu    s1, s3, pc + 54
core   0: 3 0x80008f64 (0x0334fb63)
core   0: 0x80008f68 (0x00000001) c.nop
core   0: 3 0x80008f68 (0x0001)
core   0: 0x80008f6a (0x00004d8d) c.li    s11, 3
core   0: 3 0x80008f6a (0x4d8d) x27 0x00000003
core   0: 0x80008f6c (0x0000141c) c.addi4spn a5, sp, 544
core   0: 3 0x80008f6c (0x141c) x15 0x80025bcf
core   0: 0x80008f6e (0x023e1c63) bne     t3, gp, pc + 56
core   0: 3 0x80008f6e (0x023e1c63)
core   0: 0x80008fa6 (0x0000613d) c.addi16sp sp, 480
core   0: 3 0x80008fa6 (0x613d) x2  0x80025b8f
core   0: 0x80008fa8 (0x010517b3) sll     a5, a0, a6
core   0: 3 0x80008fa8 (0x010517b3) x15 0x00000000
core   0: 0x80008fac (0x0000883e) c.mv    a6, a5
core   0: 3 0x80008fac (0x883e) x16 0x00000000
core   0: 0x80008fae (0x00008099) c.srli  s1, 6
core   0: 3 0x80008fae (0x8099) x9  0x006fff7b
core   0: 0x80008fb0 (0x00000576) c.slli  a0, 29
core   0: 3 0x80008fb0 (0x0576) x10 0x00000000
core   0: 0x80008fb2 (0x41335533) sra     a0, t1, s3
core   0: 3 0x80008fb2 (0x41335533) x10 0x00000000
core   0: 0x80008fb6 (0x02fe8563) beq     t4, a5, pc + 42
core   0: 3 0x80008fb6 (0x02fe8563)
core   0: 0x80008fba (0x927eb313) sltiu   t1, t4, -1753
core   0: 3 0x80008fba (0x927eb313) x6  0x00000001
core   0: 0x80008fbe (0x02453ab3) mulhu   s5, a0, tp
core   0: 3 0x80008fbe (0x02453ab3) x21 0x00000000
core   0: 0x80008fc2 (0x01c68b63) beq     a3, t3, pc + 22
core   0: 3 0x80008fc2 (0x01c68b63)
core   0: 0x80008fc6 (0x34002273) csrr    tp, mscratch
core   0: 3 0x80008fc6 (0x34002273) x4  0x00000010
core   0: 0x80008fca (0x039cf8b3) remu    a7, s9, s9
core   0: 3 0x80008fca (0x039cf8b3) x17 0x00000000
core   0: 0x80008fce (0x0000857d) c.srai  a0, 31
core   0: 3 0x80008fce (0x857d) x10 0x00000000
core   0: 0x80008fd0 (0x02ee5633) divu    a2, t3, a4
core   0: 3 0x80008fd0 (0x02ee5633) x12 0x00000000
core   0: 0x80008fd4 (0xe4197537) lui     a0, 0xe4197
core   0: 3 0x80008fd4 (0xe4197537) x10 0xe4197000
core   0: 0x80008fd8 (0x414a5893) srai    a7, s4, 20
core   0: 3 0x80008fd8 (0x414a5893) x17 0xfffff953
core   0: 0x80008fdc (0x34006773) csrrsi  a4, mscratch, 0
core   0: 3 0x80008fdc (0x34006773) x14 0x00000010
core   0: 0x80008fe0 (0x0351ab33) mulhsu  s6, gp, s5
core   0: 3 0x80008fe0 (0x0351ab33) x22 0x00000000
core   0: 0x80008fe4 (0x029ac733) div     a4, s5, s1
core   0: 3 0x80008fe4 (0x029ac733) x14 0x00000000
core   0: 0x80008fe8 (0x00000001) c.nop
core   0: 3 0x80008fe8 (0x0001)
core   0: 0x80008fea (0x0259a8b3) mulhsu  a7, s3, t0
core   0: 3 0x80008fea (0x0259a8b3) x17 0x00000000
core   0: 0x80008fee (0x00009bfd) c.andi  a5, -1
core   0: 3 0x80008fee (0x9bfd) x15 0x00000000
core   0: 0x80008ff0 (0x02dca1b3) mulhsu  gp, s9, a3
core   0: 3 0x80008ff0 (0x02dca1b3) x3  0x00000000
core   0: 0x80008ff4 (0x0000717d) c.addi16sp sp, -16
core   0: 3 0x80008ff4 (0x717d) x2  0x80025b7f
core   0: 0x80008ff6 (0x00008cc9) c.or    s1, a0
core   0: 3 0x80008ff6 (0x8cc9) x9  0xe47fff7b
core   0: 0x80008ff8 (0x40295633) sra     a2, s2, sp
core   0: 3 0x80008ff8 (0x40295633) x12 0xffffffff
core   0: 0x80008ffc (0x03b9c063) blt     s3, s11, pc + 32
core   0: 3 0x80008ffc (0x03b9c063)
core   0: 0x80009000 (0x00008e39) c.xor   a2, a4
core   0: 3 0x80009000 (0x8e39) x12 0xffffffff
core   0: 0x80009002 (0x026eda37) lui     s4, 0x26ed
core   0: 3 0x80009002 (0x026eda37) x20 0x026ed000
core   0: 0x80009006 (0x3400baf3) csrrc   s5, mscratch, ra
core   0: 3 0x80009006 (0x3400baf3) x21 0x00000010 c832_mscratch 0x00000010
core   0: 0x8000900a (0x407d8db3) sub     s11, s11, t2
core   0: 3 0x8000900a (0x407d8db3) x27 0x00000004
core   0: 0x8000900e (0x0000873a) c.mv    a4, a4
core   0: 3 0x8000900e (0x873a) x14 0x00000000
core   0: 0x80009010 (0x34006073) csrsi   mscratch, 0
core   0: 3 0x80009010 (0x34006073)
core   0: 0x80009014 (0x02819bb3) mulh    s7, gp, s0
core   0: 3 0x80009014 (0x02819bb3) x23 0x00000000
core   0: 0x80009018 (0x00b43cb3) sltu    s9, s0, a1
core   0: 3 0x80009018 (0x00b43cb3) x25 0x00000000
core   0: 0x8000901c (0x00b40263) beq     s0, a1, pc + 4
core   0: 3 0x8000901c (0x00b40263)
core   0: 0x80009020 (0x0003c333) xor     t1, t2, zero
core   0: 3 0x80009020 (0x0003c333) x6  0xffffffff
core   0: 0x80009024 (0x00981613) slli    a2, a6, 9
core   0: 3 0x80009024 (0x00981613) x12 0x00000000
core   0: 0x80009028 (0x40310233) sub     tp, sp, gp
core   0: 3 0x80009028 (0x40310233) x4  0x80025b7f
core   0: 0x8000902c (0x02bf7033) remu    zero, t5, a1
core   0: 3 0x8000902c (0x02bf7033)
core   0: 0x80009030 (0x00008d19) c.sub   a0, a4
core   0: 3 0x80009030 (0x8d19) x10 0xe4197000
core   0: 0x80009032 (0x00000001) c.nop
core   0: 3 0x80009032 (0x0001)
core   0: 0x80009034 (0x0000e231) c.bnez  a2, pc + 68
core   0: 3 0x80009034 (0xe231)
core   0: 0x80009036 (0x40c4da33) sra     s4, s1, a2
core   0: 3 0x80009036 (0x40c4da33) x20 0xe47fff7b
core   0: 0x8000903a (0x0000c39d) c.beqz  a5, pc + 38
core   0: 3 0x8000903a (0xc39d)
core   0: 0x80009060 (0x340066f3) csrrsi  a3, mscratch, 0
core   0: 3 0x80009060 (0x340066f3) x13 0x00000010
core   0: 0x80009064 (0x035cda63) bge     s9, s5, pc + 52
core   0: 3 0x80009064 (0x035cda63)
core   0: 0x80009068 (0x41bc8333) sub     t1, s9, s11
core   0: 3 0x80009068 (0x41bc8333) x6  0xfffffffc
core   0: 0x8000906c (0x41620633) sub     a2, tp, s6
core   0: 3 0x8000906c (0x41620633) x12 0x80025b7f
core   0: 0x80009070 (0x0098abb3) slt     s7, a7, s1
core   0: 3 0x80009070 (0x0098abb3) x23 0x00000000
core   0: 0x80009074 (0x340691f3) csrrw   gp, mscratch, a3
core   0: 3 0x80009074 (0x340691f3) x3  0x00000010 c832_mscratch 0x00000010
core   0: 0x80009078 (0x000086cd) c.srai  a3, 19
core   0: 3 0x80009078 (0x86cd) x13 0x00000000
core   0: 0x8000907a (0x02125733) divu    a4, tp, ra
core   0: 3 0x8000907a (0x02125733) x14 0x000000b2
core   0: 0x8000907e (0x016e73b3) and     t2, t3, s6
core   0: 3 0x8000907e (0x016e73b3) x7  0x00000000
core   0: 0x80009082 (0x03c086b3) mul     a3, ra, t3
core   0: 3 0x80009082 (0x03c086b3) x13 0xcac80000
core   0: 0x80009086 (0x00b89a13) slli    s4, a7, 11
core   0: 3 0x80009086 (0x00b89a13) x20 0x00000000
core   0: 0x8000908a (0x03a06763) bltu    zero, s10, pc + 46
core   0: 3 0x8000908a (0x03a06763)
core   0: 0x8000908e (0x00006105) c.addi16sp sp, 32
core   0: 3 0x8000908e (0x6105) x2  0x80025b9f
core   0: 0x80009090 (0x01fe84b3) add     s1, t4, t6
core   0: 3 0x80009090 (0x01fe84b3) x9  0x04f71d24
core   0: 0x80009094 (0x016836b3) sltu    a3, a6, s6
core   0: 3 0x80009094 (0x016836b3) x13 0x00000000
core   0: 0x80009098 (0x0000e219) c.bnez  a2, pc + 6
core   0: 3 0x80009098 (0xe219)
core   0: 0x8000909e (0x0314dd33) divu    s10, s1, a7
core   0: 3 0x8000909e (0x0314dd33) x26 0xffffffff
core   0: 0x800090a2 (0x00000001) c.nop
core   0: 3 0x800090a2 (0x0001)
core   0: 0x800090a4 (0x00004145) c.li    sp, 17
core   0: 3 0x800090a4 (0x4145) x2  0x00000011
core   0: 0x800090a6 (0x336f6513) ori     a0, t5, 822
core   0: 3 0x800090a6 (0x336f6513) x10 0x00000336
core   0: 0x800090aa (0xeaa71497) auipc   s1, 0xeaa71
core   0: 3 0x800090aa (0xeaa71497) x9  0x6aa7a0aa
core   0: 0x800090ae (0x000084d1) c.srai  s1, 20
core   0: 3 0x800090ae (0x84d1) x9  0x000006aa
core   0: 0x800090b0 (0x00008e89) c.sub   a3, a0
core   0: 3 0x800090b0 (0x8e89) x13 0xfffffcca
core   0: 0x800090b2 (0x00000875) c.addi  a6, 29
core   0: 3 0x800090b2 (0x0875) x16 0x0000001d
core   0: 0x800090b4 (0x00008f35) c.xor   a4, a3
core   0: 3 0x800090b4 (0x8f35) x14 0xfffffc78
core   0: 0x800090b6 (0x00009f92) c.add   t6, tp
core   0: 3 0x800090b6 (0x9f92) x31 0x04f6db7f
core   0: 0x800090b8 (0x00008e2d) c.xor   a2, a1
core   0: 3 0x800090b8 (0x8e2d) x12 0x80025b6f
core   0: 0x800090ba (0x08700693) li      a3, 135
core   0: 3 0x800090ba (0x08700693) x13 0x00000087
core   0: 0x800090be (0x340271f3) csrrci  gp, mscratch, 4
core   0: 3 0x800090be (0x340271f3) x3  0x00000010 c832_mscratch 0x00000010
core   0: 0x800090c2 (0x01ad7263) bgeu    s10, s10, pc + 4
core   0: 3 0x800090c2 (0x01ad7263)
core   0: 0x800090c6 (0x0074a333) slt     t1, s1, t2
core   0: 3 0x800090c6 (0x0074a333) x6  0x00000000
core   0: 0x800090ca (0x000080f9) c.srli  s1, 30
core   0: 3 0x800090ca (0x80f9) x9  0x00000000
core   0: 0x800090cc (0x00008925) c.andi  a0, 9
core   0: 3 0x800090cc (0x8925) x10 0x00000000
core   0: 0x800090ce (0x01ae6fb3) or      t6, t3, s10
core   0: 3 0x800090ce (0x01ae6fb3) x31 0xffffffff
core   0: 0x800090d2 (0x00008571) c.srai  a0, 28
core   0: 3 0x800090d2 (0x8571) x10 0x00000000
core   0: 0x800090d4 (0x003e8c63) beq     t4, gp, pc + 24
core   0: 3 0x800090d4 (0x003e8c63)
core   0: 0x800090d8 (0x1c8c2013) slti    zero, s8, 456
core   0: 3 0x800090d8 (0x1c8c2013)
core   0: 0x800090dc (0x6fc0ed93) ori     s11, ra, 1788
core   0: 3 0x800090dc (0x6fc0ed93) x27 0x00b806fc
core   0: 0x800090e0 (0x01b5b133) sltu    sp, a1, s11
core   0: 3 0x800090e0 (0x01b5b133) x2  0x00000001
core   0: 0x800090e4 (0x04637063) bgeu    t1, t1, pc + 64
core   0: 3 0x800090e4 (0x04637063)
core   0: 0x80009124 (0x00008e0d) c.sub   a2, a1
core   0: 3 0x80009124 (0x8e0d) x12 0x80025b5f
core   0: 0x80009126 (0x00004d31) c.li    s10, 12
core   0: 3 0x80009126 (0x4d31) x26 0x0000000c
core   0: 0x80009128 (0x0240d1b3) divu    gp, ra, tp
core   0: 3 0x80009128 (0x0240d1b3) x3  0x00000000
core   0: 0x8000912c (0x03ed5ab3) divu    s5, s10, t5
core   0: 3 0x8000912c (0x03ed5ab3) x21 0xffffffff
core   0: 0x80009130 (0x028dc4b3) div     s1, s11, s0
core   0: 3 0x80009130 (0x028dc4b3) x9  0x00000000
core   0: 0x80009134 (0x00000ded) c.addi  s11, 27
core   0: 3 0x80009134 (0x0ded) x27 0x00b80717
core   0: 0x80009136 (0x00fb64b3) or      s1, s6, a5
core   0: 3 0x80009136 (0x00fb64b3) x9  0x00000000
core   0: 0x8000913a (0x03acf463) bgeu    s9, s10, pc + 40
core   0: 3 0x8000913a (0x03acf463)
core   0: 0x8000913e (0x0000081e) c.slli  a6, 7
core   0: 3 0x8000913e (0x081e) x16 0x00000e80
core   0: 0x80009140 (0x0117a7b3) slt     a5, a5, a7
core   0: 3 0x80009140 (0x0117a7b3) x15 0x00000000
core   0: 0x80009144 (0x0362e833) rem     a6, t0, s6
core   0: 3 0x80009144 (0x0362e833) x16 0x00000000
core   0: 0x80009148 (0x03ed69b3) rem     s3, s10, t5
core   0: 3 0x80009148 (0x03ed69b3) x19 0x0000000c
core   0: 0x8000914c (0x00000001) c.nop
core   0: 3 0x8000914c (0x0001)
core   0: 0x8000914e (0x89552213) slti    tp, a0, -1899
core   0: 3 0x8000914e (0x89552213) x4  0x00000000
core   0: 0x80009152 (0xc7e06113) ori     sp, zero, -898
core   0: 3 0x80009152 (0xc7e06113) x2  0xfffffc7e
core   0: 0x80009156 (0x000041e5) c.li    gp, 25
core   0: 3 0x80009156 (0x41e5) x3  0x00000019
core   0: 0x80009158 (0x4f2766b7) lui     a3, 0x4f276
core   0: 3 0x80009158 (0x4f2766b7) x13 0x4f276000
core   0: 0x8000915c (0xd3998237) lui     tp, 0xd3998
core   0: 3 0x8000915c (0xd3998237) x4  0xd3998000
core   0: 0x80009160 (0x000084ba) c.mv    s1, a4
core   0: 3 0x80009160 (0x84ba) x9  0xfffffc78
core   0: 0x80009162 (0x00008ba5) c.andi  a5, 9
core   0: 3 0x80009162 (0x8ba5) x15 0x00000000
core   0: 0x80009164 (0x014547b3) xor     a5, a0, s4
core   0: 3 0x80009164 (0x014547b3) x15 0x00000000
core   0: 0x80009168 (0x00000584) c.addi4spn s1, sp, 704
core   0: 3 0x80009168 (0x0584) x9  0xffffff3e
core   0: 0x8000916a (0x000089ed) c.andi  a1, 27
core   0: 3 0x8000916a (0x89ed) x11 0x00000010
core   0: 0x8000916c (0x0093e963) bltu    t2, s1, pc + 18
core   0: 3 0x8000916c (0x0093e963)
core   0: 0x8000917e (0x000005a1) c.addi  a1, 8
core   0: 3 0x8000917e (0x05a1) x11 0x00000018
core   0: 0x80009180 (0x00000001) c.nop
core   0: 3 0x80009180 (0x0001)
core   0: 0x80009182 (0x00006909) c.lui   s2, 0x2
core   0: 3 0x80009182 (0x6909) x18 0x00002000
core   0: 0x80009184 (0x00ee13b3) sll     t2, t3, a4
core   0: 3 0x80009184 (0x00ee13b3) x7  0x0f000000
core   0: 0x80009188 (0x00ffe233) or      tp, t6, a5
core   0: 3 0x80009188 (0x00ffe233) x4  0xffffffff
core   0: 0x8000918c (0x3401a9f3) csrrs   s3, mscratch, gp
core   0: 3 0x8000918c (0x3401a9f3) x19 0x00000010 c832_mscratch 0x00000019
core   0: 0x80009190 (0x00006575) c.lui   a0, 0x1d
core   0: 3 0x80009190 (0x6575) x10 0x0001d000
core   0: 0x80009192 (0x00000001) c.nop
core   0: 3 0x80009192 (0x0001)
core   0: 0x80009194 (0x00008fb5) c.xor   a5, a3
core   0: 3 0x80009194 (0x8fb5) x15 0x4f276000
core   0: 0x80009196 (0x0000808a) c.mv    ra, sp
core   0: 3 0x80009196 (0x808a) x1  0xfffffc7e
core   0: 0x80009198 (0x00006cfd) c.lui   s9, 0x1f
core   0: 3 0x80009198 (0x6cfd) x25 0x0001f000
core   0: 0x8000919a (0x34002073) csrr    zero, mscratch
core   0: 3 0x8000919a (0x34002073)
core   0: 0x8000919e (0x80d88d93) addi    s11, a7, -2035
core   0: 3 0x8000919e (0x80d88d93) x27 0xfffff80d
core   0: 0x800091a2 (0x00008db5) c.xor   a1, a3
core   0: 3 0x800091a2 (0x8db5) x11 0x4f276018
core   0: 0x800091a4 (0x02dd8733) mul     a4, s11, a3
core   0: 3 0x800091a4 (0x02dd8733) x14 0xc9ffe000
core   0: 0x800091a8 (0x340766f3) csrrsi  a3, mscratch, 14
core   0: 3 0x800091a8 (0x340766f3) x13 0x00000019 c832_mscratch 0x0000001f
core   0: 0x800091ac (0x00000d8c) c.addi4spn a1, sp, 720
core   0: 3 0x800091ac (0x0d8c) x11 0xffffff4e
core   0: 0x800091ae (0x009f5593) srli    a1, t5, 9
core   0: 3 0x800091ae (0x009f5593) x11 0x00000000
core   0: 0x800091b2 (0x00004da1) c.li    s11, 8
core   0: 3 0x800091b2 (0x4da1) x27 0x00000008
core   0: 0x800091b4 (0x340559f3) csrrwi  s3, mscratch, 10
core   0: 3 0x800091b4 (0x340559f3) x19 0x0000001f c832_mscratch 0x0000000a
core   0: 0x800091b8 (0x0000616d) c.addi16sp sp, 240
core   0: 3 0x800091b8 (0x616d) x2  0xfffffd6e
core   0: 0x800091ba (0x00001e7d) c.addi  t3, -1
core   0: 3 0x800091ba (0x1e7d) x28 0xffffc80e
core   0: 0x800091bc (0x015b2533) slt     a0, s6, s5
core   0: 3 0x800091bc (0x015b2533) x10 0x00000000
core   0: 0x800091c0 (0x00009f0a) c.add   t5, sp
core   0: 3 0x800091c0 (0x9f0a) x30 0xfffffd6e
core   0: 0x800091c2 (0xe0e5d837) lui     a6, 0xe0e5d
core   0: 3 0x800091c2 (0xe0e5d837) x16 0xe0e5d000
core   0: 0x800091c6 (0x00000f72) c.slli  t5, 28
core   0: 3 0x800091c6 (0x0f72) x30 0xe0000000
core   0: 0x800091c8 (0x34025bf3) csrrwi  s7, mscratch, 4
core   0: 3 0x800091c8 (0x34025bf3) x23 0x0000000a c832_mscratch 0x00000004
core   0: 0x800091cc (0x340376f3) csrrci  a3, mscratch, 6
core   0: 3 0x800091cc (0x340376f3) x13 0x00000004 c832_mscratch 0x00000000
core   0: 0x800091d0 (0x340833f3) csrrc   t2, mscratch, a6
core   0: 3 0x800091d0 (0x340833f3) x7  0x00000000 c832_mscratch 0x00000000
core   0: 0x800091d4 (0x00008ef5) c.and   a3, a3
core   0: 3 0x800091d4 (0x8ef5) x13 0x00000004
core   0: 0x800091d6 (0x34059173) csrrw   sp, mscratch, a1
core   0: 3 0x800091d6 (0x34059173) x2  0x00000000 c832_mscratch 0x00000000
core   0: 0x800091da (0x00008edd) c.or    a3, a5
core   0: 3 0x800091da (0x8edd) x13 0x4f276004
core   0: 0x800091dc (0x01b06f63) bltu    zero, s11, pc + 30
core   0: 3 0x800091dc (0x01b06f63)
core   0: 0x800091fa (0x0000100f) fence.i
core   0: 3 0x800091fa (0x0000100f)
core   0: 0x800091fe (0x00187db3) and     s11, a6, ra
core   0: 3 0x800091fe (0x00187db3) x27 0xe0e5d000
core   0: 0x80009202 (0x03d6e733) rem     a4, a3, t4
core   0: 3 0x80009202 (0x03d6e733) x14 0x4f276004
core   0: 0x80009206 (0x00008fc5) c.or    a5, s1
core   0: 3 0x80009206 (0x8fc5) x15 0xffffff3e
core   0: 0x80009208 (0x0044fc63) bgeu    s1, tp, pc + 24
core   0: 3 0x80009208 (0x0044fc63)
core   0: 0x8000920c (0x006ad663) bge     s5, t1, pc + 12
core   0: 3 0x8000920c (0x006ad663)
core   0: 0x80009210 (0x0388b4b3) mulhu   s1, a7, s8
core   0: 3 0x80009210 (0x0388b4b3) x9  0x00000000
core   0: 0x80009214 (0x34003973) csrrc   s2, mscratch, zero
core   0: 3 0x80009214 (0x34003973) x18 0x00000000
core   0: 0x80009218 (0x02d0c9b3) div     s3, ra, a3
core   0: 3 0x80009218 (0x02d0c9b3) x19 0x00000000
core   0: 0x8000921c (0x022c83b3) mul     t2, s9, sp
core   0: 3 0x8000921c (0x022c83b3) x7  0x00000000
core   0: 0x80009220 (0x02ea85b3) mul     a1, s5, a4
core   0: 3 0x80009220 (0x02ea85b3) x11 0xb0d89ffc
core   0: 0x80009224 (0x00a30bb3) add     s7, t1, a0
core   0: 3 0x80009224 (0x00a30bb3) x23 0x00000000
core   0: 0x80009228 (0x6a2a6513) ori     a0, s4, 1698
core   0: 3 0x80009228 (0x6a2a6513) x10 0x000006a2
core   0: 0x8000922c (0x038ce733) rem     a4, s9, s8
core   0: 3 0x8000922c (0x038ce733) x14 0x0001f000
core   0: 0x80009230 (0x013ec733) xor     a4, t4, s3
core   0: 3 0x80009230 (0x013ec733) x14 0x80029d24
core   0: 0x80009234 (0x0000100f) fence.i
core   0: 3 0x80009234 (0x0000100f)
core   0: 0x80009238 (0x00b4d893) srli    a7, s1, 11
core   0: 3 0x80009238 (0x00b4d893) x17 0x00000000
core   0: 0x8000923c (0x00000001) c.nop
core   0: 3 0x8000923c (0x0001)
core   0: 0x8000923e (0x00000642) c.slli  a2, 16
core   0: 3 0x8000923e (0x0642) x12 0x5b5f0000
core   0: 0x80009240 (0x0000c58d) c.beqz  a1, pc + 42
core   0: 3 0x80009240 (0xc58d)
core   0: 0x80009242 (0x00008de9) c.and   a1, a0
core   0: 3 0x80009242 (0x8de9) x11 0x000006a0
core   0: 0x80009244 (0xe6b9f493) andi    s1, s3, -405
core   0: 3 0x80009244 (0xe6b9f493) x9  0x00000000
core   0: 0x80009248 (0x0000cb1d) c.beqz  a4, pc + 54
core   0: 3 0x80009248 (0xcb1d)
core   0: 0x8000924a (0x0000ea15) c.bnez  a2, pc + 52
core   0: 3 0x8000924a (0xea15)
core   0: 0x8000927e (0x02318c63) beq     gp, gp, pc + 56
core   0: 3 0x8000927e (0x02318c63)
core   0: 0x800092b6 (0x00000001) c.nop
core   0: 3 0x800092b6 (0x0001)
core   0: 0x800092b8 (0x00008ff5) c.and   a5, a3
core   0: 3 0x800092b8 (0x8ff5) x15 0x4f276004
core   0: 0x800092ba (0x0000c615) c.beqz  a2, pc + 44
core   0: 3 0x800092ba (0xc615)
core   0: 0x800092bc (0x0000e091) c.bnez  s1, pc + 4
core   0: 3 0x800092bc (0xe091)
core   0: 0x800092be (0x00008d35) c.xor   a0, a3
core   0: 3 0x800092be (0x8d35) x10 0x4f2766a6
core   0: 0x800092c0 (0x41c60bb3) sub     s7, a2, t3
core   0: 3 0x800092c0 (0x41c60bb3) x23 0x5b5f37f2
core   0: 0x800092c4 (0x00006831) c.lui   a6, 0xc
core   0: 3 0x800092c4 (0x6831) x16 0x0000c000
core   0: 0x800092c6 (0x00fb53b3) srl     t2, s6, a5
core   0: 3 0x800092c6 (0x00fb53b3) x7  0x00000000
core   0: 0x800092ca (0x01679f93) slli    t6, a5, 22
core   0: 3 0x800092ca (0x01679f93) x31 0x01000000
core   0: 0x800092ce (0x000092fa) c.add   t0, t5
core   0: 3 0x800092ce (0x92fa) x5  0xe0000000
core   0: 0x800092d0 (0x017c66b3) or      a3, s8, s7
core   0: 3 0x800092d0 (0x017c66b3) x13 0xdb5f7ff6
core   0: 0x800092d4 (0x8c32bc97) auipc   s9, 0x8c32b
core   0: 3 0x800092d4 (0x8c32bc97) x25 0x0c3342d4
core   0: 0x800092d8 (0x025cbfb3) mulhu   t6, s9, t0
core   0: 3 0x800092d8 (0x025cbfb3) x31 0x0aacda79
core   0: 0x800092dc (0x41e804b3) sub     s1, a6, t5
core   0: 3 0x800092dc (0x41e804b3) x9  0x2000c000
core   0: 0x800092e0 (0x01e09533) sll     a0, ra, t5
core   0: 3 0x800092e0 (0x01e09533) x10 0xfffffc7e
core   0: 0x800092e4 (0x000082a1) c.srli  a3, 8
core   0: 3 0x800092e4 (0x82a1) x13 0x00db5f7f
core   0: 0x800092e6 (0x02bc6033) rem     zero, s8, a1
core   0: 3 0x800092e6 (0x02bc6033)
core   0: 0x800092ea (0x0ff0000f) fence   iorw,iorw
core   0: 3 0x800092ea (0x0ff0000f)
core   0: 0x800092ee (0x41d25533) sra     a0, tp, t4
core   0: 3 0x800092ee (0x41d25533) x10 0xffffffff
core   0: 0x800092f2 (0x02fd8a33) mul     s4, s11, a5
core   0: 3 0x800092f2 (0x02fd8a33) x20 0x61974000
core   0: 0x800092f6 (0x0000eb85) c.bnez  a5, pc + 48
core   0: 3 0x800092f6 (0xeb85)
core   0: 0x80009326 (0x0000597d) c.li    s2, -1
core   0: 3 0x80009326 (0x597d) x18 0xffffffff
core   0: 0x80009328 (0x01407d33) and     s10, zero, s4
core   0: 3 0x80009328 (0x01407d33) x26 0x00000000
core   0: 0x8000932c (0x00000249) c.addi  tp, 18
core   0: 3 0x8000932c (0x0249) x4  0x00000011
core   0: 0x8000932e (0x023f34b3) mulhu   s1, t5, gp
core   0: 3 0x8000932e (0x023f34b3) x9  0x00000015
core   0: 0x80009332 (0x00008915) c.andi  a0, 5
core   0: 3 0x80009332 (0x8915) x10 0x00000005
core   0: 0x80009334 (0x000087d1) c.srai  a5, 20
core   0: 3 0x80009334 (0x87d1) x15 0x000004f2
core   0: 0x80009336 (0x00000836) c.slli  a6, 13
core   0: 3 0x80009336 (0x0836) x16 0x18000000
core   0: 0x80009338 (0x0000100f) fence.i
core   0: 3 0x80009338 (0x0000100f)
core   0: 0x8000933c (0x03da8633) mul     a2, s5, t4
core   0: 3 0x8000933c (0x03da8633) x12 0x7ffd62dc
core   0: 0x80009340 (0x6885ff93) andi    t6, a1, 1672
core   0: 3 0x80009340 (0x6885ff93) x31 0x00000680
core   0: 0x80009344 (0x03d03bb3) mulhu   s7, zero, t4
core   0: 3 0x80009344 (0x03d03bb3) x23 0x00000000
core   0: 0x80009348 (0x018a1e33) sll     t3, s4, s8
core   0: 3 0x80009348 (0x018a1e33) x28 0x19740000
core   0: 0x8000934c (0x3405db73) csrrwi  s6, mscratch, 11
core   0: 3 0x8000934c (0x3405db73) x22 0x00000000 c832_mscratch 0x0000000b
core   0: 0x80009350 (0x0cf1c363) blt     gp, a5, pc + 198
core   0: 3 0x80009350 (0x0cf1c363)
core   0: 0x80009416 (0x0000948a) c.add   s1, sp
core   0: 3 0x80009416 (0x948a) x9  0x00000015
core   0: 0x80009418 (0x340c7673) csrrci  a2, mscratch, 24
core   0: 3 0x80009418 (0x340c7673) x12 0x0000000b c832_mscratch 0x00000003
core   0: 0x8000941c (0x6ead5997) auipc   s3, 0x6ead5
core   0: 3 0x8000941c (0x6ead5997) x19 0xeeade41c
core   0: 0x80009420 (0x00742f33) slt     t5, s0, t2
core   0: 3 0x80009420 (0x00742f33) x30 0x00000001
core   0: 0x80009424 (0x0000587d) c.li    a6, -1
core   0: 3 0x80009424 (0x587d) x16 0xffffffff
core   0: 0x80009426 (0x00001494) c.addi4spn a3, sp, 608
core   0: 3 0x80009426 (0x1494) x13 0x00000260
core   0: 0x80009428 (0x039508b3) mul     a7, a0, s9
core   0: 3 0x80009428 (0x039508b3) x17 0x3d004e24
core   0: 0x8000942c (0x04766263) bltu    a2, t2, pc + 68
core   0: 3 0x8000942c (0x04766263)
core   0: 0x80009430 (0x00009b6a) c.add   s6, s10
core   0: 3 0x80009430 (0x9b6a) x22 0x00000000
core   0: 0x80009432 (0x022f0bb3) mul     s7, t5, sp
core   0: 3 0x80009432 (0x022f0bb3) x23 0x00000000
core   0: 0x80009436 (0x3401ecf3) csrrsi  s9, mscratch, 3
core   0: 3 0x80009436 (0x3401ecf3) x25 0x00000003 c832_mscratch 0x00000003
core   0: 0x8000943a (0x0000171c) c.addi4spn a5, sp, 928
core   0: 3 0x8000943a (0x171c) x15 0x000003a0
core   0: 0x8000943c (0x0ff0000f) fence   iorw,iorw
core   0: 3 0x8000943c (0x0ff0000f)
core   0: 0x80009440 (0x34003273) csrrc   tp, mscratch, zero
core   0: 3 0x80009440 (0x34003273) x4  0x00000003
core   0: 0x80009444 (0x03528e63) beq     t0, s5, pc + 60
core   0: 3 0x80009444 (0x03528e63)
core   0: 0x80009448 (0x03334063) blt     t1, s3, pc + 32
core   0: 3 0x80009448 (0x03334063)
core   0: 0x8000944c (0x01b64463) blt     a2, s11, pc + 8
core   0: 3 0x8000944c (0x01b64463)
core   0: 0x80009450 (0x02897e33) remu    t3, s2, s0
core   0: 3 0x80009450 (0x02897e33) x28 0x0f59103e
core   0: 0x80009454 (0x41785f93) srai    t6, a6, 23
core   0: 3 0x80009454 (0x41785f93) x31 0xffffffff
core   0: 0x80009458 (0x00345793) srli    a5, s0, 3
core   0: 3 0x80009458 (0x00345793) x15 0x1e14ddf8
core   0: 0x8000945c (0x00d9f6b3) and     a3, s3, a3
core   0: 3 0x8000945c (0x00d9f6b3) x13 0x00000000
core   0: 0x80009460 (0x05586163) bltu    a6, s5, pc + 66
core   0: 3 0x80009460 (0x05586163)
core   0: 0x80009464 (0x0000e909) c.bnez  a0, pc + 18
core   0: 3 0x80009464 (0xe909)
core   0: 0x80009476 (0x340030f3) csrrc   ra, mscratch, zero
core   0: 3 0x80009476 (0x340030f3) x1  0x00000003
core   0: 0x8000947a (0x00000001) c.nop
core   0: 3 0x8000947a (0x0001)
core   0: 0x8000947c (0x001d8c63) beq     s11, ra, pc + 24
core   0: 3 0x8000947c (0x001d8c63)
core   0: 0x80009480 (0x036b5ab3) divu    s5, s6, s6
core   0: 3 0x80009480 (0x036b5ab3) x21 0xffffffff
core   0: 0x80009484 (0x03afb4b3) mulhu   s1, t6, s10
core   0: 3 0x80009484 (0x03afb4b3) x9  0x00000000
core   0: 0x80009488 (0x0072cab3) xor     s5, t0, t2
core   0: 3 0x80009488 (0x0072cab3) x21 0xe0000000
core   0: 0x8000948c (0x01131e13) slli    t3, t1, 17
core   0: 3 0x8000948c (0x01131e13) x28 0x00000000
core   0: 0x80009490 (0x000f1563) bnez    t5, pc + 10
core   0: 3 0x80009490 (0x000f1563)
core   0: 0x8000949a (0x65214013) xori    zero, sp, 1618
core   0: 3 0x8000949a (0x65214013)
core   0: 0x8000949e (0x00008159) c.srli  a0, 22
core   0: 3 0x8000949e (0x8159) x10 0x00000000
core   0: 0x800094a0 (0x00008ce5) c.and   s1, s1
core   0: 3 0x800094a0 (0x8ce5) x9  0x00000000
core   0: 0x800094a2 (0x00000696) c.slli  a3, 5
core   0: 3 0x800094a2 (0x0696) x13 0x00000000
core   0: 0x800094a4 (0x340ea2f3) csrrs   t0, mscratch, t4
core   0: 3 0x800094a4 (0x340ea2f3) x5  0x00000003 c832_mscratch 0x80029d27
core   0: 0x800094a8 (0x0153cab3) xor     s5, t2, s5
core   0: 3 0x800094a8 (0x0153cab3) x21 0xe0000000
core   0: 0x800094ac (0x0000c109) c.beqz  a0, pc + 2
core   0: 3 0x800094ac (0xc109)
core   0: 0x800094ae (0x4ae9ba93) sltiu   s5, s3, 1198
core   0: 3 0x800094ae (0x4ae9ba93) x21 0x00000000
core   0: 0x800094b2 (0x03449833) mulh    a6, s1, s4
core   0: 3 0x800094b2 (0x03449833) x16 0x00000000
core   0: 0x800094b6 (0x0000c601) c.beqz  a2, pc + 8
core   0: 3 0x800094b6 (0xc601)
core   0: 0x800094b8 (0x0000858d) c.srai  a1, 3
core   0: 3 0x800094b8 (0x858d) x11 0x000000d4
core   0: 0x800094ba (0x05515163) bge     sp, s5, pc + 66
core   0: 3 0x800094ba (0x05515163)
core   0: 0x800094fc (0x00001f04) c.addi4spn s1, sp, 944
core   0: 3 0x800094fc (0x1f04) x9  0x000003b0
core   0: 0x800094fe (0x02bd9733) mulh    a4, s11, a1
core   0: 3 0x800094fe (0x02bd9733) x14 0xffffffe6
core   0: 0x80009502 (0x4188de13) srai    t3, a7, 24
core   0: 3 0x80009502 (0x4188de13) x28 0x0000003d
core   0: 0x80009506 (0xce3ebe13) sltiu   t3, t4, -797
core   0: 3 0x80009506 (0xce3ebe13) x28 0x00000001
core   0: 0x8000950a (0x0000616d) c.addi16sp sp, 240
core   0: 3 0x8000950a (0x616d) x2  0x000000f0
core   0: 0x8000950c (0x03961363) bne     a2, s9, pc + 38
core   0: 3 0x8000950c (0x03961363)
core   0: 0x80009532 (0x00008e89) c.sub   a3, a0
core   0: 3 0x80009532 (0x8e89) x13 0x00000000
core   0: 0x80009534 (0x008a0e33) add     t3, s4, s0
core   0: 3 0x80009534 (0x008a0e33) x28 0x523e2fc1
core   0: 0x80009538 (0x340435f3) csrrc   a1, mscratch, s0
core   0: 3 0x80009538 (0x340435f3) x11 0x80029d27 c832_mscratch 0x00001026
core   0: 0x8000953c (0x852dbb93) sltiu   s7, s11, -1966
core   0: 3 0x8000953c (0x852dbb93) x23 0x00000001
core   0: 0x80009540 (0x02b55e33) divu    t3, a0, a1
core   0: 3 0x80009540 (0x02b55e33) x28 0x00000000
core   0: 0x80009544 (0x417b5e33) sra     t3, s6, s7
core   0: 3 0x80009544 (0x417b5e33) x28 0x00000000
core   0: 0x80009548 (0x0296cdb3) div     s11, a3, s1
core   0: 3 0x80009548 (0x0296cdb3) x27 0x00000000
core   0: 0x8000954c (0x0032f033) and     zero, t0, gp
core   0: 3 0x8000954c (0x0032f033)
core   0: 0x80009550 (0x000090c6) c.add   ra, a7
core   0: 3 0x80009550 (0x90c6) x1  0x3d004e27
core   0: 0x80009552 (0x6276e797) auipc   a5, 0x6276e
core   0: 3 0x80009552 (0x6276e797) x15 0xe2777552
core   0: 0x80009556 (0x02422133) mulhsu  sp, tp, tp
core   0: 3 0x80009556 (0x02422133) x2  0x00000000
core   0: 0x8000955a (0x00008f71) c.and   a4, a2
core   0: 3 0x8000955a (0x8f71) x14 0x00000002
core   0: 0x8000955c (0x02d81263) bne     a6, a3, pc + 36
core   0: 3 0x8000955c (0x02d81263)
core   0: 0x80009560 (0xf72ce713) ori     a4, s9, -142
core   0: 3 0x80009560 (0xf72ce713) x14 0xffffff73
core   0: 0x80009564 (0x7deecd13) xori    s10, t4, 2014
core   0: 3 0x80009564 (0x7deecd13) x26 0x80029afa
core   0: 0x80009568 (0x00008e75) c.and   a2, a3
core   0: 3 0x80009568 (0x8e75) x12 0x00000000
core   0: 0x8000956a (0x2e0d8813) addi    a6, s11, 736
core   0: 3 0x8000956a (0x2e0d8813) x16 0x000002e0
core   0: 0x8000956e (0x014406b3) add     a3, s0, s4
core   0: 3 0x8000956e (0x014406b3) x13 0x523e2fc1
core   0: 0x80009572 (0x019ef533) and     a0, t4, s9
core   0: 3 0x80009572 (0x019ef533) x10 0x00000000
core   0: 0x80009576 (0x34077973) csrrci  s2, mscratch, 14
core   0: 3 0x80009576 (0x34077973) x18 0x00001026 c832_mscratch 0x00001020
core   0: 0x8000957a (0x00000001) c.nop
core   0: 3 0x8000957a (0x0001)
core   0: 0x8000957c (0x022aa3b3) mulhsu  t2, s5, sp
core   0: 3 0x8000957c (0x022aa3b3) x7  0x00000000
core   0: 0x80009580 (0x00008276) c.mv    tp, t4
core   0: 3 0x80009580 (0x8276) x4  0x80029d24
core   0: 0x80009582 (0x03d427b3) mulhsu  a5, s0, t4
core   0: 3 0x80009582 (0x03d427b3) x15 0xf8534fc2
core   0: 0x80009586 (0x00008db1) c.xor   a1, a2
core   0: 3 0x80009586 (0x8db1) x11 0x80029d27
core   0: 0x80009588 (0x0116b0b3) sltu    ra, a3, a7
core   0: 3 0x80009588 (0x0116b0b3) x1  0x00000000
core   0: 0x8000958c (0x00008da1) c.xor   a1, s0
core   0: 3 0x8000958c (0x8da1) x11 0x70a472e6
core   0: 0x8000958e (0x02a87863) bgeu    a6, a0, pc + 48
core   0: 3 0x8000958e (0x02a87863)
core   0: 0x800095be (0xa1663f93) sltiu   t6, a2, -1514
core   0: 3 0x800095be (0xa1663f93) x31 0x00000001
core   0: 0x800095c2 (0x716cfb13) andi    s6, s9, 1814
core   0: 3 0x800095c2 (0x716cfb13) x22 0x00000002
core   0: 0x800095c6 (0x00eb6033) or      zero, s6, a4
core   0: 3 0x800095c6 (0x00eb6033)
core   0: 0x800095ca (0x02d5d363) bge     a1, a3, pc + 38
core   0: 3 0x800095ca (0x02d5d363)
core   0: 0x800095f0 (0x34007cf3) csrrci  s9, mscratch, 0
core   0: 3 0x800095f0 (0x34007cf3) x25 0x00001020
core   0: 0x800095f4 (0x01330b33) add     s6, t1, s3
core   0: 3 0x800095f4 (0x01330b33) x22 0xeeade41c
core   0: 0x800095f8 (0x00000001) c.nop
core   0: 3 0x800095f8 (0x0001)
core   0: 0x800095fa (0x411453b3) sra     t2, s0, a7
core   0: 3 0x800095fa (0x411453b3) x7  0xff0a6efc
core   0: 0x800095fe (0x7a5d6013) ori     zero, s10, 1957
core   0: 3 0x800095fe (0x7a5d6013)
core   0: 0x80009602 (0x291d3a93) sltiu   s5, s10, 657
core   0: 3 0x80009602 (0x291d3a93) x21 0x00000000
core   0: 0x80009606 (0x03fa5f63) bge     s4, t6, pc + 62
core   0: 3 0x80009606 (0x03fa5f63)
core   0: 0x80009644 (0x01234263) blt     t1, s2, pc + 4
core   0: 3 0x80009644 (0x01234263)
core   0: 0x80009648 (0x00004215) c.li    tp, 5
core   0: 3 0x80009648 (0x4215) x4  0x00000005
core   0: 0x8000964a (0x00008d51) c.or    a0, a2
core   0: 3 0x8000964a (0x8d51) x10 0x00000000
core   0: 0x8000964c (0x00008e71) c.and   a2, a2
core   0: 3 0x8000964c (0x8e71) x12 0x00000000
core   0: 0x8000964e (0x34007af3) csrrci  s5, mscratch, 0
core   0: 3 0x8000964e (0x34007af3) x21 0x00001020
core   0: 0x80009652 (0x96a80993) addi    s3, a6, -1686
core   0: 3 0x80009652 (0x96a80993) x19 0xfffffc4a
core   0: 0x80009656 (0x00008d59) c.or    a0, a4
core   0: 3 0x80009656 (0x8d59) x10 0xffffff73
core   0: 0x80009658 (0x01601113) slli    sp, zero, 22
core   0: 3 0x80009658 (0x01601113) x2  0x00000000
core   0: 0x8000965c (0x028c4d33) div     s10, s8, s0
core   0: 3 0x8000965c (0x028c4d33) x26 0x00000008
core   0: 0x80009660 (0x34007df3) csrrci  s11, mscratch, 0
core   0: 3 0x80009660 (0x34007df3) x27 0x00001020
core   0: 0x80009664 (0x40275933) sra     s2, a4, sp
core   0: 3 0x80009664 (0x40275933) x18 0xffffff73
core   0: 0x80009668 (0xeafc7013) andi    zero, s8, -337
core   0: 3 0x80009668 (0xeafc7013)
core   0: 0x8000966c (0x00008e95) c.sub   a3, a3
core   0: 3 0x8000966c (0x8e95) x13 0x00000000
core   0: 0x8000966e (0x035c17b3) mulh    a5, s8, s5
core   0: 3 0x8000966e (0x035c17b3) x15 0xfffff7f0
core   0: 0x80009672 (0x00000bf1) c.addi  s7, 28
core   0: 3 0x80009672 (0x0bf1) x23 0x0000001d
core   0: 0x80009674 (0x0000c911) c.beqz  a0, pc + 20
core   0: 3 0x80009674 (0xc911)
core   0: 0x80009676 (0x41f085b3) sub     a1, ra, t6
core   0: 3 0x80009676 (0x41f085b3) x11 0xffffffff
core   0: 0x8000967a (0x0ff0000f) fence   iorw,iorw
core   0: 3 0x8000967a (0x0ff0000f)
core   0: 0x8000967e (0x013c3e33) sltu    t3, s8, s3
core   0: 3 0x8000967e (0x013c3e33) x28 0x00000001
core   0: 0x80009682 (0x0145f533) and     a0, a1, s4
core   0: 3 0x80009682 (0x0145f533) x10 0x61974000
core   0: 0x80009686 (0x00009fe2) c.add   t6, s8
core   0: 3 0x80009686 (0x9fe2) x31 0x80025ea5
core   0: 0x80009688 (0x019df863) bgeu    s11, s9, pc + 16
core   0: 3 0x80009688 (0x019df863)
core   0: 0x80009698 (0x340e35f3) csrrc   a1, mscratch, t3
core   0: 3 0x80009698 (0x340e35f3) x11 0x00001020 c832_mscratch 0x00001020
core   0: 0x8000969c (0x032ca333) mulhsu  t1, s9, s2
core   0: 3 0x8000969c (0x032ca333) x6  0x0000101f
core   0: 0x800096a0 (0xa471b993) sltiu   s3, gp, -1465
core   0: 3 0x800096a0 (0xa471b993) x19 0x00000001
core   0: 0x800096a4 (0x41acdbb3) sra     s7, s9, s10
core   0: 3 0x800096a4 (0x41acdbb3) x23 0x00000010
core   0: 0x800096a8 (0x00008c99) c.sub   s1, a4
core   0: 3 0x800096a8 (0x8c99) x9  0x0000043d
core   0: 0x800096aa (0x04bb2213) slti    tp, s6, 75
core   0: 3 0x800096aa (0x04bb2213) x4  0x00000001
core   0: 0x800096ae (0x00007e17) auipc   t3, 0x7
core   0: 3 0x800096ae (0x00007e17) x28 0x800106ae
core   0: 0x800096b2 (0x65ee0e13) addi    t3, t3, 1630
core   0: 3 0x800096b2 (0x65ee0e13) x28 0x80010d0c
core   0: 0x800096b6 (0x0065d033) srl     zero, a1, t1
core   0: 3 0x800096b6 (0x0065d033)
core   0: 0x800096ba (0x0eee1c83) lh      s9, 238(t3)
core   0: 3 0x800096ba (0x0eee1c83) x25 0x00000000 mem 0x80010dfa
core   0: 0x800096be (0x0d6e4483) lbu     s1, 214(t3)
core   0: 3 0x800096be (0x0d6e4483) x9  0x00000000 mem 0x80010de2
core   0: 0x800096c2 (0xfe3e0f23) sb      gp, -2(t3)
core   0: 3 0x800096c2 (0xfe3e0f23) mem 0x80010d0a 0x19
core   0: 0x800096c6 (0x034e5183) lhu     gp, 52(t3)
core   0: 3 0x800096c6 (0x034e5183) x3  0x00000000 mem 0x80010d40
core   0: 0x800096ca (0x0b2e1803) lh      a6, 178(t3)
core   0: 3 0x800096ca (0x0b2e1803) x16 0x00000000 mem 0x80010dbe
core   0: 0x800096ce (0x000084c5) c.srai  s1, 17
core   0: 3 0x800096ce (0x84c5) x9  0x00000000
core   0: 0x800096d0 (0xfb7e0d83) lb      s11, -73(t3)
core   0: 3 0x800096d0 (0xfb7e0d83) x27 0x00000000 mem 0x80010cc3
core   0: 0x800096d4 (0x4c2e14b7) lui     s1, 0x4c2e1
core   0: 3 0x800096d4 (0x4c2e14b7) x9  0x4c2e1000
core   0: 0x800096d8 (0xdd2c8137) lui     sp, 0xdd2c8
core   0: 3 0x800096d8 (0xdd2c8137) x2  0xdd2c8000
core   0: 0x800096dc (0xfc6e0aa3) sb      t1, -43(t3)
core   0: 3 0x800096dc (0xfc6e0aa3) mem 0x80010ce1 0x1f
core   0: 0x800096e0 (0xf3172293) slti    t0, a4, -207
core   0: 3 0x800096e0 (0xf3172293) x5  0x00000000
core   0: 0x800096e4 (0xf97e0a23) sb      s7, -108(t3)
core   0: 3 0x800096e4 (0xf97e0a23) mem 0x80010ca0 0x10
core   0: 0x800096e8 (0xfc9e0183) lb      gp, -55(t3)
core   0: 3 0x800096e8 (0xfc9e0183) x3  0x00000000 mem 0x80010cd5
core   0: 0x800096ec (0xb02fe713) ori     a4, t6, -1278
core   0: 3 0x800096ec (0xb02fe713) x14 0xffffffa7
core   0: 0x800096f0 (0x03f6cb33) div     s6, a3, t6
core   0: 3 0x800096f0 (0x03f6cb33) x22 0x00000000
core   0: 0x800096f4 (0xfdfe4483) lbu     s1, -33(t3)
core   0: 3 0x800096f4 (0xfdfe4483) x9  0x00000000 mem 0x80010ceb
core   0: 0x800096f8 (0x049e0203) lb      tp, 73(t3)
core   0: 3 0x800096f8 (0x049e0203) x4  0x00000000 mem 0x80010d55
core   0: 0x800096fc (0x00008ce9) c.and   s1, a0
core   0: 3 0x800096fc (0x8ce9) x9  0x00000000
core   0: 0x800096fe (0xf34e5a03) lhu     s4, -204(t3)
core   0: 3 0x800096fe (0xf34e5a03) x20 0x00000000 mem 0x80010c40
core   0: 0x80009702 (0x01be4d83) lbu     s11, 27(t3)
core   0: 3 0x80009702 (0x01be4d83) x27 0x00000000 mem 0x80010d27
core   0: 0x80009706 (0x402a87b3) sub     a5, s5, sp
core   0: 3 0x80009706 (0x402a87b3) x15 0x22d39020
core   0: 0x8000970a (0x00de0c83) lb      s9, 13(t3)
core   0: 3 0x8000970a (0x00de0c83) x25 0x00000000 mem 0x80010d19
core   0: 0x8000970e (0xf79e4683) lbu     a3, -135(t3)
core   0: 3 0x8000970e (0xf79e4683) x13 0x00000000 mem 0x80010c85
core   0: 0x80009712 (0x0000982a) c.add   a6, a0
core   0: 3 0x80009712 (0x982a) x16 0x61974000
core   0: 0x80009714 (0x0c6e5383) lhu     t2, 198(t3)
core   0: 3 0x80009714 (0x0c6e5383) x7  0x00000000 mem 0x80010dd2
core   0: 0x80009718 (0x0e7e0703) lb      a4, 231(t3)
core   0: 3 0x80009718 (0x0e7e0703) x14 0x00000000 mem 0x80010df3
core   0: 0x8000971c (0x0ade4203) lbu     tp, 173(t3)
core   0: 3 0x8000971c (0x0ade4203) x4  0x00000000 mem 0x80010db9
core   0: 0x80009720 (0x0227efb3) rem     t6, a5, sp
core   0: 3 0x80009720 (0x0227efb3) x31 0x00001020
core   0: 0x80009724 (0x010e2783) lw      a5, 16(t3)
core   0: 3 0x80009724 (0x010e2783) x15 0x00000000 mem 0x80010d1c
core   0: 0x80009728 (0xff7e4483) lbu     s1, -9(t3)
core   0: 3 0x80009728 (0xff7e4483) x9  0x00000000 mem 0x80010d03
core   0: 0x8000972c (0x000051fd) c.li    gp, -1
core   0: 3 0x8000972c (0x51fd) x3  0xffffffff
core   0: 0x8000972e (0x030e67b3) rem     a5, t3, a6
core   0: 3 0x8000972e (0x030e67b3) x15 0xe1984d0c
core   0: 0x80009732 (0x05ce5b03) lhu     s6, 92(t3)
core   0: 3 0x80009732 (0x05ce5b03) x22 0x00000000 mem 0x80010d68
core   0: 0x80009736 (0x000059fd) c.li    s3, -1
core   0: 3 0x80009736 (0x59fd) x19 0xffffffff
core   0: 0x80009738 (0xf3be0183) lb      gp, -197(t3)
core   0: 3 0x80009738 (0xf3be0183) x3  0x00000000 mem 0x80010c47
core   0: 0x8000973c (0x00006ab5) c.lui   s5, 0xd
core   0: 3 0x8000973c (0x6ab5) x21 0x0000d000
core   0: 0x8000973e (0xf51e4383) lbu     t2, -175(t3)
core   0: 3 0x8000973e (0xf51e4383) x7  0x00000000 mem 0x80010c5d
core   0: 0x80009742 (0xfc2e4d83) lbu     s11, -62(t3)
core   0: 3 0x80009742 (0xfc2e4d83) x27 0x00000000 mem 0x80010cce
core   0: 0x80009746 (0xf8be4783) lbu     a5, -117(t3)
core   0: 3 0x80009746 (0xf8be4783) x15 0x00000000 mem 0x80010c97
core   0: 0x8000974a (0x0000100f) fence.i
core   0: 3 0x8000974a (0x0000100f)
core   0: 0x8000974e (0x0f5e4603) lbu     a2, 245(t3)
core   0: 3 0x8000974e (0x0f5e4603) x12 0x00000000 mem 0x80010e01
core   0: 0x80009752 (0x0a4e0aa3) sb      tp, 181(t3)
core   0: 3 0x80009752 (0x0a4e0aa3) mem 0x80010dc1 0x00
core   0: 0x80009756 (0xffee0b23) sb      t5, -10(t3)
core   0: 3 0x80009756 (0xffee0b23) mem 0x80010d02 0x01
core   0: 0x8000975a (0x411eddb3) sra     s11, t4, a7
core   0: 3 0x8000975a (0x411eddb3) x27 0xf80029d2
core   0: 0x8000975e (0x0000889d) c.andi  s1, 7
core   0: 3 0x8000975e (0x889d) x9  0x00000000
core   0: 0x80009760 (0x00009b7d) c.andi  a4, -1
core   0: 3 0x80009760 (0x9b7d) x14 0x00000000
core   0: 0x80009762 (0x03386333) rem     t1, a6, s3
core   0: 3 0x80009762 (0x03386333) x6  0x00000000
core   0: 0x80009766 (0x000059fd) c.li    s3, -1
core   0: 3 0x80009766 (0x59fd) x19 0xffffffff
core   0: 0x80009768 (0x00000001) c.nop
core   0: 3 0x80009768 (0x0001)
core   0: 0x8000976a (0x340212f3) csrrw   t0, mscratch, tp
core   0: 3 0x8000976a (0x340212f3) x5  0x00001020 c832_mscratch 0x00000000
core   0: 0x8000976e (0x00008981) c.andi  a1, 0
core   0: 3 0x8000976e (0x8981) x11 0x00000000
core   0: 0x80009770 (0x40200133) sub     sp, zero, sp
core   0: 3 0x80009770 (0x40200133) x2  0x22d38000
core   0: 0x80009774 (0x00008551) c.srai  a0, 20
core   0: 3 0x80009774 (0x8551) x10 0x00000619
core   0: 0x80009776 (0x033f2933) mulhsu  s2, t5, s3
core   0: 3 0x80009776 (0x033f2933) x18 0x00000000
core   0: 0x8000977a (0x668ae6b7) lui     a3, 0x668ae
core   0: 3 0x8000977a (0x668ae6b7) x13 0x668ae000
core   0: 0x8000977e (0x00008fdd) c.or    a5, a5
core   0: 3 0x8000977e (0x8fdd) x15 0x00000000
core   0: 0x80009780 (0x0000c915) c.beqz  a0, pc + 52
core   0: 3 0x80009780 (0xc915)
core   0: 0x80009782 (0x02751533) mulh    a0, a0, t2
core   0: 3 0x80009782 (0x02751533) x10 0x00000000
core   0: 0x80009786 (0x02b0e033) rem     zero, ra, a1
core   0: 3 0x80009786 (0x02b0e033)
core   0: 0x8000978a (0x02d46263) bltu    s0, a3, pc + 36
core   0: 3 0x8000978a (0x02d46263)
core   0: 0x8000978e (0x03c4d3b3) divu    t2, s1, t3
core   0: 3 0x8000978e (0x03c4d3b3) x7  0x00000000
core   0: 0x80009792 (0x0000100f) fence.i
core   0: 3 0x80009792 (0x0000100f)
core   0: 0x80009796 (0x002f1013) slli    zero, t5, 2
core   0: 3 0x80009796 (0x002f1013)
core   0: 0x8000979a (0x4093d293) srai    t0, t2, 9
core   0: 3 0x8000979a (0x4093d293) x5  0x00000000
core   0: 0x8000979e (0x00006e15) c.lui   t3, 0x5
core   0: 3 0x8000979e (0x6e15) x28 0x00005000
core   0: 0x800097a0 (0x000081a6) c.mv    gp, s1
core   0: 3 0x800097a0 (0x81a6) x3  0x00000000
core   0: 0x800097a2 (0x00001490) c.addi4spn a2, sp, 608
core   0: 3 0x800097a2 (0x1490) x12 0x22d38260
core   0: 0x800097a4 (0x0000717d) c.addi16sp sp, -16
core   0: 3 0x800097a4 (0x717d) x2  0x22d37ff0
core   0: 0x800097a6 (0x789fb917) auipc   s2, 0x789fb
core   0: 3 0x800097a6 (0x789fb917) x18 0xf8a047a6
core   0: 0x800097aa (0x03c97563) bgeu    s2, t3, pc + 42
core   0: 3 0x800097aa (0x03c97563)
core   0: 0x800097d4 (0x340851f3) csrrwi  gp, mscratch, 16
core   0: 3 0x800097d4 (0x340851f3) x3  0x00000000 c832_mscratch 0x00000010
core   0: 0x800097d8 (0x3408b7f3) csrrc   a5, mscratch, a7
core   0: 3 0x800097d8 (0x3408b7f3) x15 0x00000010 c832_mscratch 0x00000010
core   0: 0x800097dc (0x0000cf89) c.beqz  a5, pc + 26
core   0: 3 0x800097dc (0xcf89)
core   0: 0x800097de (0x01d604b3) add     s1, a2, t4
core   0: 3 0x800097de (0x01d604b3) x9  0xa2d61f84
core   0: 0x800097e2 (0x00000290) c.addi4spn a2, sp, 320
core   0: 3 0x800097e2 (0x0290) x12 0x22d38130
core   0: 0x800097e4 (0x0000682d) c.lui   a6, 0xb
core   0: 3 0x800097e4 (0x682d) x16 0x0000b000
core   0: 0x800097e6 (0x00008d15) c.sub   a0, a3
core   0: 3 0x800097e6 (0x8d15) x10 0x99752000
core   0: 0x800097e8 (0x0226f533) remu    a0, a3, sp
core   0: 3 0x800097e8 (0x0226f533) x10 0x20e3e020
core   0: 0x800097ec (0x0232c1b3) div     gp, t0, gp
core   0: 3 0x800097ec (0x0232c1b3) x3  0xffffffff
core   0: 0x800097f0 (0x00295913) srli    s2, s2, 2
core   0: 3 0x800097f0 (0x00295913) x18 0x3e2811e9
core   0: 0x800097f4 (0x00000001) c.nop
core   0: 3 0x800097f4 (0x0001)
core   0: 0x800097f6 (0x3402d9f3) csrrwi  s3, mscratch, 5
core   0: 3 0x800097f6 (0x3402d9f3) x19 0x00000010 c832_mscratch 0x00000005
core   0: 0x800097fa (0x03c56f33) rem     t5, a0, t3
core   0: 3 0x800097fa (0x03c56f33) x30 0x00003020
core   0: 0x800097fe (0x00008d1d) c.sub   a0, a5
core   0: 3 0x800097fe (0x8d1d) x10 0x20e3e010
core   0: 0x80009800 (0x00008e7e) c.mv    t3, t6
core   0: 3 0x80009800 (0x8e7e) x28 0x00001020
core   0: 0x80009802 (0x03899b63) bne     s3, s8, pc + 54
core   0: 3 0x80009802 (0x03899b63)
core   0: 0x80009838 (0x54930093) addi    ra, t1, 1353
core   0: 3 0x80009838 (0x54930093) x1  0x00000549
core   0: 0x8000983c (0x401bd893) srai    a7, s7, 1
core   0: 3 0x8000983c (0x401bd893) x17 0x00000008
core   0: 0x80009840 (0x02bca1b3) mulhsu  gp, s9, a1
core   0: 3 0x80009840 (0x02bca1b3) x3  0x00000000
core   0: 0x80009844 (0x00009dce) c.add   s11, s3
core   0: 3 0x80009844 (0x9dce) x27 0xf80029e2
core   0: 0x80009846 (0x02b79ab3) mulh    s5, a5, a1
core   0: 3 0x80009846 (0x02b79ab3) x21 0x00000000
core   0: 0x8000984a (0x00008205) c.srli  a2, 1
core   0: 3 0x8000984a (0x8205) x12 0x1169c098
core   0: 0x8000984c (0x03ec0763) beq     s8, t5, pc + 46
core   0: 3 0x8000984c (0x03ec0763)
core   0: 0x80009850 (0x00008e89) c.sub   a3, a0
core   0: 3 0x80009850 (0x8e89) x13 0x45a6fff0
core   0: 0x80009852 (0x0164d363) bge     s1, s6, pc + 6
core   0: 3 0x80009852 (0x0164d363)
core   0: 0x80009856 (0x00008dcd) c.or    a1, a1
core   0: 3 0x80009856 (0x8dcd) x11 0x00000000
core   0: 0x80009858 (0x00a9d993) srli    s3, s3, 10
core   0: 3 0x80009858 (0x00a9d993) x19 0x00000000
core   0: 0x8000985c (0x02556033) rem     zero, a0, t0
core   0: 3 0x8000985c (0x02556033)
core   0: 0x80009860 (0x0000e889) c.bnez  s1, pc + 18
core   0: 3 0x80009860 (0xe889)
core   0: 0x80009872 (0x3407ba73) csrrc   s4, mscratch, a5
core   0: 3 0x80009872 (0x3407ba73) x20 0x00000005 c832_mscratch 0x00000005
core   0: 0x80009876 (0x012edbb3) srl     s7, t4, s2
core   0: 3 0x80009876 (0x012edbb3) x23 0x0040014e
core   0: 0x8000987a (0x0121ab33) slt     s6, gp, s2
core   0: 3 0x8000987a (0x0121ab33) x22 0x00000001
core   0: 0x8000987e (0x00008596) c.mv    a1, t0
core   0: 3 0x8000987e (0x8596) x11 0x00000000
core   0: 0x80009880 (0x00008f6d) c.and   a4, a1
core   0: 3 0x80009880 (0x8f6d) x14 0x00000000
core   0: 0x80009882 (0x021a6cb3) rem     s9, s4, ra
core   0: 3 0x80009882 (0x021a6cb3) x25 0x00000005
core   0: 0x80009886 (0xef850e13) addi    t3, a0, -264
core   0: 3 0x80009886 (0xef850e13) x28 0x20e3df08
core   0: 0x8000988a (0x03369733) mulh    a4, a3, s3
core   0: 3 0x8000988a (0x03369733) x14 0x00000000
core   0: 0x8000988e (0x0000031c) c.addi4spn a5, sp, 384
core   0: 3 0x8000988e (0x031c) x15 0x22d38170
core   0: 0x80009890 (0x3402ba73) csrrc   s4, mscratch, t0
core   0: 3 0x80009890 (0x3402ba73) x20 0x00000005 c832_mscratch 0x00000005
core   0: 0x80009894 (0xfc8bcf97) auipc   t6, 0xfc8bc
core   0: 3 0x80009894 (0xfc8bcf97) x31 0x7c8c5894
core   0: 0x80009898 (0x0269c0b3) div     ra, s3, t1
core   0: 3 0x80009898 (0x0269c0b3) x1  0xffffffff
core   0: 0x8000989c (0x3404b873) csrrc   a6, mscratch, s1
core   0: 3 0x8000989c (0x3404b873) x16 0x00000005 c832_mscratch 0x00000001
core   0: 0x800098a0 (0x0039a633) slt     a2, s3, gp
core   0: 3 0x800098a0 (0x0039a633) x12 0x00000000
core   0: 0x800098a4 (0x000005fe) c.slli  a1, 31
core   0: 3 0x800098a4 (0x05fe) x11 0x00000000
core   0: 0x800098a6 (0x40aa5cb3) sra     s9, s4, a0
core   0: 3 0x800098a6 (0x40aa5cb3) x25 0x00000000
core   0: 0x800098aa (0x02ff5533) divu    a0, t5, a5
core   0: 3 0x800098aa (0x02ff5533) x10 0x00000000
core   0: 0x800098ae (0x02ab1963) bne     s6, a0, pc + 50
core   0: 3 0x800098ae (0x02ab1963)
core   0: 0x800098e0 (0x00000f10) c.addi4spn a2, sp, 912
core   0: 3 0x800098e0 (0x0f10) x12 0x22d38380
core   0: 0x800098e2 (0x0205c863) bltz    a1, pc + 48
core   0: 3 0x800098e2 (0x0205c863)
core   0: 0x800098e6 (0x00094563) bltz    s2, pc + 10
core   0: 3 0x800098e6 (0x00094563)
core   0: 0x800098ea (0x0000100f) fence.i
core   0: 3 0x800098ea (0x0000100f)
core   0: 0x800098ee (0x00008569) c.srai  a0, 26
core   0: 3 0x800098ee (0x8569) x10 0x00000000
core   0: 0x800098f0 (0x00000001) c.nop
core   0: 3 0x800098f0 (0x0001)
core   0: 0x800098f2 (0xee374813) xori    a6, a4, -285
core   0: 3 0x800098f2 (0xee374813) x16 0xfffffee3
core   0: 0x800098f6 (0x00ed1313) slli    t1, s10, 14
core   0: 3 0x800098f6 (0x00ed1313) x6  0x00020000
core   0: 0x800098fa (0x00000001) c.nop
core   0: 3 0x800098fa (0x0001)
core   0: 0x800098fc (0x00000001) c.nop
core   0: 3 0x800098fc (0x0001)
core   0: 0x800098fe (0x01a88833) add     a6, a7, s10
core   0: 3 0x800098fe (0x01a88833) x16 0x00000010
core   0: 0x80009902 (0x41d40db3) sub     s11, s0, t4
core   0: 3 0x80009902 (0x41d40db3) x27 0x70a4529d
core   0: 0x80009906 (0xe05df293) andi    t0, s11, -507
core   0: 3 0x80009906 (0xe05df293) x5  0x70a45205
core   0: 0x8000990a (0x02771063) bne     a4, t2, pc + 32
core   0: 3 0x8000990a (0x02771063)
core   0: 0x8000990e (0xc91abe17) auipc   t3, 0xc91ab
core   0: 3 0x8000990e (0xc91abe17) x28 0x491b490e
core   0: 0x80009912 (0x01228e63) beq     t0, s2, pc + 28
core   0: 3 0x80009912 (0x01228e63)
core   0: 0x80009916 (0x0000100f) fence.i
core   0: 3 0x80009916 (0x0000100f)
core   0: 0x8000991a (0x0000100f) fence.i
core   0: 3 0x8000991a (0x0000100f)
core   0: 0x8000991e (0x0000717d) c.addi16sp sp, -16
core   0: 3 0x8000991e (0x717d) x2  0x22d37fe0
core   0: 0x80009920 (0x0000993e) c.add   s2, a5
core   0: 3 0x80009920 (0x993e) x18 0x60fb9359
core   0: 0x80009922 (0x00008ccd) c.or    s1, a1
core   0: 3 0x80009922 (0x8ccd) x9  0xa2d61f84
core   0: 0x80009924 (0x0085a1b3) slt     gp, a1, s0
core   0: 3 0x80009924 (0x0085a1b3) x3  0x00000000
core   0: 0x80009928 (0x000051fd) c.li    gp, -1
core   0: 3 0x80009928 (0x51fd) x3  0xffffffff
core   0: 0x8000992a (0x01977733) and     a4, a4, s9
core   0: 3 0x8000992a (0x01977733) x14 0x00000000
core   0: 0x8000992e (0x00008d39) c.xor   a0, a4
core   0: 3 0x8000992e (0x8d39) x10 0x00000000
core   0: 0x80009930 (0x01c42833) slt     a6, s0, t3
core   0: 3 0x80009930 (0x01c42833) x16 0x00000001
core   0: 0x80009934 (0x00001bfd) c.addi  s7, -1
core   0: 3 0x80009934 (0x1bfd) x23 0x0040014d
core   0: 0x80009936 (0x6e23b993) sltiu   s3, t2, 1762
core   0: 3 0x80009936 (0x6e23b993) x19 0x00000001
core   0: 0x8000993a (0x0000473d) c.li    a4, 15
core   0: 3 0x8000993a (0x473d) x14 0x0000000f
core   0: 0x8000993c (0x023106b3) mul     a3, sp, gp
core   0: 3 0x8000993c (0x023106b3) x13 0xdd2c8020
core   0: 0x80009940 (0x0ff0000f) fence   iorw,iorw
core   0: 3 0x80009940 (0x0ff0000f)
core   0: 0x80009944 (0x0000717d) c.addi16sp sp, -16
core   0: 3 0x80009944 (0x717d) x2  0x22d37fd0
core   0: 0x80009946 (0x00f51b63) bne     a0, a5, pc + 22
core   0: 3 0x80009946 (0x00f51b63)
core   0: 0x8000995c (0x00008675) c.srai  a2, 29
core   0: 3 0x8000995c (0x8675) x12 0x00000001
core   0: 0x8000995e (0x03f03ab3) mulhu   s5, zero, t6
core   0: 3 0x8000995e (0x03f03ab3) x21 0x00000000
core   0: 0x80009962 (0x03156733) rem     a4, a0, a7
core   0: 3 0x80009962 (0x03156733) x14 0x00000000
core   0: 0x80009966 (0x41afdd93) srai    s11, t6, 26
core   0: 3 0x80009966 (0x41afdd93) x27 0x0000001f
core   0: 0x8000996a (0x00e4c0b3) xor     ra, s1, a4
core   0: 3 0x8000996a (0x00e4c0b3) x1  0xa2d61f84
core   0: 0x8000996e (0x340c3d73) csrrc   s10, mscratch, s8
core   0: 3 0x8000996e (0x340c3d73) x26 0x00000001 c832_mscratch 0x00000001
core   0: 0x80009972 (0x34006cf3) csrrsi  s9, mscratch, 0
core   0: 3 0x80009972 (0x34006cf3) x25 0x00000001
core   0: 0x80009976 (0x0000997d) c.andi  a0, -1
core   0: 3 0x80009976 (0x997d) x10 0x00000000
core   0: 0x80009978 (0x34039ff3) csrrw   t6, mscratch, t2
core   0: 3 0x80009978 (0x34039ff3) x31 0x00000001 c832_mscratch 0x00000000
core   0: 0x8000997c (0x00a60cb3) add     s9, a2, a0
core   0: 3 0x8000997c (0x00a60cb3) x25 0x00000001
core   0: 0x80009980 (0x0000c215) c.beqz  a2, pc + 36
core   0: 3 0x80009980 (0xc215)
core   0: 0x80009982 (0x00dad613) srli    a2, s5, 13
core   0: 3 0x80009982 (0x00dad613) x12 0x00000000
core   0: 0x80009986 (0xffe26f93) ori     t6, tp, -2
core   0: 3 0x80009986 (0xffe26f93) x31 0xfffffffe
core   0: 0x8000998a (0x00008cb5) c.xor   s1, a3
core   0: 3 0x8000998a (0x8cb5) x9  0x7ffa9fa4
core   0: 0x8000998c (0x000086ee) c.mv    a3, s11
core   0: 3 0x8000998c (0x86ee) x13 0x0000001f
core   0: 0x8000998e (0x3400de73) csrrwi  t3, mscratch, 1
core   0: 3 0x8000998e (0x3400de73) x28 0x00000000 c832_mscratch 0x00000001
core   0: 0x80009992 (0x41625693) srai    a3, tp, 22
core   0: 3 0x80009992 (0x41625693) x13 0x00000000
core   0: 0x80009996 (0x00008175) c.srli  a0, 29
core   0: 3 0x80009996 (0x8175) x10 0x00000000
core   0: 0x80009998 (0x00000001) c.nop
core   0: 3 0x80009998 (0x0001)
core   0: 0x8000999a (0x000005de) c.slli  a1, 23
core   0: 3 0x8000999a (0x05de) x11 0x00000000
core   0: 0x8000999c (0x340a6b73) csrrsi  s6, mscratch, 20
core   0: 3 0x8000999c (0x340a6b73) x22 0x00000001 c832_mscratch 0x00000015
core   0: 0x800099a0 (0x00dbb8b3) sltu    a7, s7, a3
core   0: 3 0x800099a0 (0x00dbb8b3) x17 0x00000000
core   0: 0x800099a4 (0x039a57b3) divu    a5, s4, s9
core   0: 3 0x800099a4 (0x039a57b3) x15 0x00000005
core   0: 0x800099a8 (0x0000885a) c.mv    a6, s6
core   0: 3 0x800099a8 (0x885a) x16 0x00000001
core   0: 0x800099aa (0x006396b3) sll     a3, t2, t1
core   0: 3 0x800099aa (0x006396b3) x13 0x00000000
core   0: 0x800099ae (0x01f1b533) sltu    a0, gp, t6
core   0: 3 0x800099ae (0x01f1b533) x10 0x00000000
core   0: 0x800099b2 (0x00008116) c.mv    sp, t0
core   0: 3 0x800099b2 (0x8116) x2  0x70a45205
core   0: 0x800099b4 (0x0000100f) fence.i
core   0: 3 0x800099b4 (0x0000100f)
core   0: 0x800099b8 (0x0ff0000f) fence   iorw,iorw
core   0: 3 0x800099b8 (0x0ff0000f)
core   0: 0x800099bc (0x03f8de33) divu    t3, a7, t6
core   0: 3 0x800099bc (0x03f8de33) x28 0x00000000
core   0: 0x800099c0 (0x0000158c) c.addi4spn a1, sp, 736
core   0: 3 0x800099c0 (0x158c) x11 0x70a454e5
core   0: 0x800099c2 (0x000083ba) c.mv    t2, a4
core   0: 3 0x800099c2 (0x83ba) x7  0x00000000
core   0: 0x800099c4 (0x00004681) c.li    a3, 0
core   0: 3 0x800099c4 (0x4681) x13 0x00000000
core   0: 0x800099c6 (0x340a23f3) csrrs   t2, mscratch, s4
core   0: 3 0x800099c6 (0x340a23f3) x7  0x00000015 c832_mscratch 0x00000015
core   0: 0x800099ca (0x000088d9) c.andi  s1, 22
core   0: 3 0x800099ca (0x88d9) x9  0x00000004
core   0: 0x800099cc (0x340dff73) csrrci  t5, mscratch, 27
core   0: 3 0x800099cc (0x340dff73) x30 0x00000015 c832_mscratch 0x00000004
core   0: 0x800099d0 (0x00000001) c.nop
core   0: 3 0x800099d0 (0x0001)
core   0: 0x800099d2 (0x00004cd9) c.li    s9, 22
core   0: 3 0x800099d2 (0x4cd9) x25 0x00000016
core   0: 0x800099d4 (0x00000001) c.nop
core   0: 3 0x800099d4 (0x0001)
core   0: 0x800099d6 (0x03c07ab3) remu    s5, zero, t3
core   0: 3 0x800099d6 (0x03c07ab3) x21 0x00000000
core   0: 0x800099da (0x340251f3) csrrwi  gp, mscratch, 4
core   0: 3 0x800099da (0x340251f3) x3  0x00000004 c832_mscratch 0x00000004
core   0: 0x800099de (0x4b642537) lui     a0, 0x4b642
core   0: 3 0x800099de (0x4b642537) x10 0x4b642000
core   0: 0x800099e2 (0x340868f3) csrrsi  a7, mscratch, 16
core   0: 3 0x800099e2 (0x340868f3) x17 0x00000004 c832_mscratch 0x00000014
core   0: 0x800099e6 (0x02f133b3) mulhu   t2, sp, a5
core   0: 3 0x800099e6 (0x02f133b3) x7  0x00000002
core   0: 0x800099ea (0x0521c163) blt     gp, s2, pc + 66
core   0: 3 0x800099ea (0x0521c163)
core   0: 0x80009a2c (0x000088a1) c.andi  s1, 8
core   0: 3 0x80009a2c (0x88a1) x9  0x00000000
core   0: 0x80009a2e (0x012499b3) sll     s3, s1, s2
core   0: 3 0x80009a2e (0x012499b3) x19 0x00000000
core   0: 0x80009a32 (0x01c94233) xor     tp, s2, t3
core   0: 3 0x80009a32 (0x01c94233) x4  0x60fb9359
core   0: 0x80009a36 (0x0ff0000f) fence   iorw,iorw
core   0: 3 0x80009a36 (0x0ff0000f)
core   0: 0x80009a3a (0x0000834d) c.srli  a4, 19
core   0: 3 0x80009a3a (0x834d) x14 0x00000000
core   0: 0x80009a3c (0x000080b5) c.srli  s1, 13
core   0: 3 0x80009a3c (0x80b5) x9  0x00000000
core   0: 0x80009a3e (0x35a6eb13) ori     s6, a3, 858
core   0: 3 0x80009a3e (0x35a6eb13) x22 0x0000035a
core   0: 0x80009a42 (0x00008545) c.srai  a0, 17
core   0: 3 0x80009a42 (0x8545) x10 0x000025b2
core   0: 0x80009a44 (0x40397e13) andi    t3, s2, 1027
core   0: 3 0x80009a44 (0x40397e13) x28 0x00000001
core   0: 0x80009a48 (0x00008521) c.srai  a0, 8
core   0: 3 0x80009a48 (0x8521) x10 0x00000025
core   0: 0x80009a4a (0x414c8333) sub     t1, s9, s4
core   0: 3 0x80009a4a (0x414c8333) x6  0x00000011
core   0: 0x80009a4e (0x0249e033) rem     zero, s3, tp
core   0: 3 0x80009a4e (0x0249e033)
core   0: 0x80009a52 (0x03bcdcb3) divu    s9, s9, s11
core   0: 3 0x80009a52 (0x03bcdcb3) x25 0x00000000
core   0: 0x80009a56 (0x7953ea93) ori     s5, t2, 1941
core   0: 3 0x80009a56 (0x7953ea93) x21 0x00000797
core   0: 0x80009a5a (0x6f03cf93) xori    t6, t2, 1776
core   0: 3 0x80009a5a (0x6f03cf93) x31 0x000006f2
core   0: 0x80009a5e (0x000c5693) srli    a3, s8, 0
core   0: 3 0x80009a5e (0x000c5693) x13 0x80025ea4
core   0: 0x80009a62 (0x006bdd33) srl     s10, s7, t1
core   0: 3 0x80009a62 (0x006bdd33) x26 0x00000020
core   0: 0x80009a66 (0x00539d13) slli    s10, t2, 5
core   0: 3 0x80009a66 (0x00539d13) x26 0x00000040
core   0: 0x80009a6a (0x340250f3) csrrwi  ra, mscratch, 4
core   0: 3 0x80009a6a (0x340250f3) x1  0x00000014 c832_mscratch 0x00000004
core   0: 0x80009a6e (0x0000cb05) c.beqz  a4, pc + 48
core   0: 3 0x80009a6e (0xcb05)
core   0: 0x80009a9e (0x000084fd) c.srai  s1, 31
core   0: 3 0x80009a9e (0x84fd) x9  0x00000000
core   0: 0x80009aa0 (0x014c06b3) add     a3, s8, s4
core   0: 3 0x80009aa0 (0x014c06b3) x13 0x80025ea9
core   0: 0x80009aa4 (0x033b0933) mul     s2, s6, s3
core   0: 3 0x80009aa4 (0x033b0933) x18 0x00000000
core   0: 0x80009aa8 (0x3404db73) csrrwi  s6, mscratch, 9
core   0: 3 0x80009aa8 (0x3404db73) x22 0x00000004 c832_mscratch 0x00000009
core   0: 0x80009aac (0x34002b73) csrr    s6, mscratch
core   0: 3 0x80009aac (0x34002b73) x22 0x00000009
core   0: 0x80009ab0 (0x013ee233) or      tp, t4, s3
core   0: 3 0x80009ab0 (0x013ee233) x4  0x80029d24
core   0: 0x80009ab4 (0x01dd1cb3) sll     s9, s10, t4
core   0: 3 0x80009ab4 (0x01dd1cb3) x25 0x00000400
core   0: 0x80009ab8 (0x0000029c) c.addi4spn a5, sp, 320
core   0: 3 0x80009ab8 (0x029c) x15 0x70a45345
core   0: 0x80009aba (0x40a95833) sra     a6, s2, a0
core   0: 3 0x80009aba (0x40a95833) x16 0x00000000
core   0: 0x80009abe (0x00008585) c.srai  a1, 1
core   0: 3 0x80009abe (0x8585) x11 0x38522a72
core   0: 0x80009ac0 (0x006c5893) srli    a7, s8, 6
core   0: 3 0x80009ac0 (0x006c5893) x17 0x0200097a
core   0: 0x80009ac4 (0x036d0963) beq     s10, s6, pc + 50
core   0: 3 0x80009ac4 (0x036d0963)
core   0: 0x80009ac8 (0x000269b3) or      s3, tp, zero
core   0: 3 0x80009ac8 (0x000269b3) x19 0x80029d24
core   0: 0x80009acc (0x00008149) c.srli  a0, 18
core   0: 3 0x80009acc (0x8149) x10 0x00000000
core   0: 0x80009ace (0x00008591) c.srai  a1, 4
core   0: 3 0x80009ace (0x8591) x11 0x038522a7
core   0: 0x80009ad0 (0x0256a9b3) mulhsu  s3, a3, t0
core   0: 3 0x80009ad0 (0x0256a9b3) x19 0xc7aee1ec
core   0: 0x80009ad4 (0x0000100f) fence.i
core   0: 3 0x80009ad4 (0x0000100f)
core   0: 0x80009ad8 (0x000083bd) c.srli  a5, 15
core   0: 3 0x80009ad8 (0x83bd) x15 0x0000e148
core   0: 0x80009ada (0x031a61b3) rem     gp, s4, a7
core   0: 3 0x80009ada (0x031a61b3) x3  0x00000005
core   0: 0x80009ade (0x0000ef95) c.bnez  a5, pc + 60
core   0: 3 0x80009ade (0xef95)
core   0: 0x80009b1a (0x000067a9) c.lui   a5, 0xa
core   0: 3 0x80009b1a (0x67a9) x15 0x0000a000
core   0: 0x80009b1c (0x0000082e) c.slli  a6, 11
core   0: 3 0x80009b1c (0x082e) x16 0x00000000
core   0: 0x80009b1e (0x0114ed33) or      s10, s1, a7
core   0: 3 0x80009b1e (0x0114ed33) x26 0x0200097a
core   0: 0x80009b22 (0x02931ab3) mulh    s5, t1, s1
core   0: 3 0x80009b22 (0x02931ab3) x21 0x00000000
core   0: 0x80009b26 (0x02377733) remu    a4, a4, gp
core   0: 3 0x80009b26 (0x02377733) x14 0x00000000
core   0: 0x80009b2a (0x34002873) csrr    a6, mscratch
core   0: 3 0x80009b2a (0x34002873) x16 0x00000009
core   0: 0x80009b2e (0x00008236) c.mv    tp, a3
core   0: 3 0x80009b2e (0x8236) x4  0x80025ea9
core   0: 0x80009b30 (0x0000159c) c.addi4spn a5, sp, 736
core   0: 3 0x80009b30 (0x159c) x15 0x70a454e5
core   0: 0x80009b32 (0x00000001) c.nop
core   0: 3 0x80009b32 (0x0001)
core   0: 0x80009b34 (0x01189263) bne     a7, a7, pc + 4
core   0: 3 0x80009b34 (0x01189263)
core   0: 0x80009b38 (0x3402dcf3) csrrwi  s9, mscratch, 5
core   0: 3 0x80009b38 (0x3402dcf3) x25 0x00000009 c832_mscratch 0x00000005
core   0: 0x80009b3c (0x40ce8833) sub     a6, t4, a2
core   0: 3 0x80009b3c (0x40ce8833) x16 0x80029d24
core   0: 0x80009b40 (0x00429a93) slli    s5, t0, 4
core   0: 3 0x80009b40 (0x00429a93) x21 0x0a452050
core   0: 0x80009b44 (0x0000c88d) c.beqz  s1, pc + 50
core   0: 3 0x80009b44 (0xc88d)
core   0: 0x80009b76 (0x01980963) beq     a6, s9, pc + 18
core   0: 3 0x80009b76 (0x01980963)
core   0: 0x80009b7a (0x000084ad) c.srai  s1, 11
core   0: 3 0x80009b7a (0x84ad) x9  0x00000000
core   0: 0x80009b7c (0x0180be33) sltu    t3, ra, s8
core   0: 3 0x80009b7c (0x0180be33) x28 0x00000001
core   0: 0x80009b80 (0x02c5b333) mulhu   t1, a1, a2
core   0: 3 0x80009b80 (0x02c5b333) x6  0x00000000
core   0: 0x80009b84 (0x0000100f) fence.i
core   0: 3 0x80009b84 (0x0000100f)
core   0: 0x80009b88 (0x00008561) c.srai  a0, 24
core   0: 3 0x80009b88 (0x8561) x10 0x00000000
core   0: 0x80009b8a (0x03cfd5b3) divu    a1, t6, t3
core   0: 3 0x80009b8a (0x03cfd5b3) x11 0x000006f2
core   0: 0x80009b8e (0x009ed563) bge     t4, s1, pc + 10
core   0: 3 0x80009b8e (0x009ed563)
core   0: 0x80009b92 (0x00fc8333) add     t1, s9, a5
core   0: 3 0x80009b92 (0x00fc8333) x6  0x70a454ee
core   0: 0x80009b96 (0x00009b7e) c.add   s6, t6
core   0: 3 0x80009b96 (0x9b7e) x22 0x000006fb
core   0: 0x80009b98 (0x03bd76b3) remu    a3, s10, s11
core   0: 3 0x80009b98 (0x03bd76b3) x13 0x00000009
core   0: 0x80009b9c (0x340075f3) csrrci  a1, mscratch, 0
core   0: 3 0x80009b9c (0x340075f3) x11 0x00000005
core   0: 0x80009ba0 (0x0000997d) c.andi  a0, -1
core   0: 3 0x80009ba0 (0x997d) x10 0x00000000
core   0: 0x80009ba2 (0x00701a93) slli    s5, zero, 7
core   0: 3 0x80009ba2 (0x00701a93) x21 0x00000000
core   0: 0x80009ba6 (0x0334dbb3) divu    s7, s1, s3
core   0: 3 0x80009ba6 (0x0334dbb3) x23 0x00000000
core   0: 0x80009baa (0x0000100f) fence.i
core   0: 3 0x80009baa (0x0000100f)
core   0: 0x80009bae (0x00008ccd) c.or    s1, a1
core   0: 3 0x80009bae (0x8ccd) x9  0x00000005
core   0: 0x80009bb0 (0x00006f35) c.lui   t5, 0xd
core   0: 3 0x80009bb0 (0x6f35) x30 0x0000d000
core   0: 0x80009bb2 (0x01388663) beq     a7, s3, pc + 12
core   0: 3 0x80009bb2 (0x01388663)
core   0: 0x80009bb6 (0x004a8d33) add     s10, s5, tp
core   0: 3 0x80009bb6 (0x004a8d33) x26 0x80025ea9
core   0: 0x80009bba (0x3402ecf3) csrrsi  s9, mscratch, 5
core   0: 3 0x80009bba (0x3402ecf3) x25 0x00000005 c832_mscratch 0x00000005
core   0: 0x80009bbe (0x39c8e917) auipc   s2, 0x39c8e
core   0: 3 0x80009bbe (0x39c8e917) x18 0xb9c97bbe
core   0: 0x80009bc2 (0x00008fa5) c.xor   a5, s1
core   0: 3 0x80009bc2 (0x8fa5) x15 0x70a454e0
core   0: 0x80009bc4 (0x0000100c) c.addi4spn a1, sp, 32
core   0: 3 0x80009bc4 (0x100c) x11 0x70a45225
core   0: 0x80009bc6 (0x024ffb63) bgeu    t6, tp, pc + 54
core   0: 3 0x80009bc6 (0x024ffb63)
core   0: 0x80009bca (0x34083af3) csrrc   s5, mscratch, a6
core   0: 3 0x80009bca (0x34083af3) x21 0x00000005 c832_mscratch 0x00000001
core   0: 0x80009bce (0x40d0d2b3) sra     t0, ra, a3
core   0: 3 0x80009bce (0x40d0d2b3) x5  0x00000000
core   0: 0x80009bd2 (0xa5d83093) sltiu   ra, a6, -1443
core   0: 3 0x80009bd2 (0xa5d83093) x1  0x00000001
core   0: 0x80009bd6 (0x41f8d3b3) sra     t2, a7, t6
core   0: 3 0x80009bd6 (0x41f8d3b3) x7  0x00000080
core   0: 0x80009bda (0x01ed4633) xor     a2, s10, t5
core   0: 3 0x80009bda (0x01ed4633) x12 0x80028ea9
core   0: 0x80009bde (0x0035f4b3) and     s1, a1, gp
core   0: 3 0x80009bde (0x0035f4b3) x9  0x00000005
core   0: 0x80009be2 (0x34056b73) csrrsi  s6, mscratch, 10
core   0: 3 0x80009be2 (0x34056b73) x22 0x00000001 c832_mscratch 0x0000000b
core   0: 0x80009be6 (0x03a7eb63) bltu    a5, s10, pc + 54
core   0: 3 0x80009be6 (0x03a7eb63)
core   0: 0x80009c1c (0x00009662) c.add   a2, s8
core   0: 3 0x80009c1c (0x9662) x12 0x0004ed4d
core   0: 0x80009c1e (0x5c2ea793) slti    a5, t4, 1474
core   0: 3 0x80009c1e (0x5c2ea793) x15 0x00000001
core   0: 0x80009c22 (0x0000189c) c.addi4spn a5, sp, 112
core   0: 3 0x80009c22 (0x189c) x15 0x70a45275
core   0: 0x80009c24 (0x00006a15) c.lui   s4, 0x5
core   0: 3 0x80009c24 (0x6a15) x20 0x00005000
core   0: 0x80009c26 (0xe710b893) sltiu   a7, ra, -399
core   0: 3 0x80009c26 (0xe710b893) x17 0x00000001
core   0: 0x80009c2a (0x00008f9d) c.sub   a5, a5
core   0: 3 0x80009c2a (0x8f9d) x15 0x00000000
core   0: 0x80009c2c (0x036f5763) bge     t5, s6, pc + 46
core   0: 3 0x80009c2c (0x036f5763)
core   0: 0x80009c5a (0x00000a2a) c.slli  s4, 10
core   0: 3 0x80009c5a (0x0a2a) x20 0x01400000
core   0: 0x80009c5c (0x27cb4e17) auipc   t3, 0x27cb4
core   0: 3 0x80009c5c (0x27cb4e17) x28 0xa7cbdc5c
core   0: 0x80009c60 (0x00aa6633) or      a2, s4, a0
core   0: 3 0x80009c60 (0x00aa6633) x12 0x01400000
core   0: 0x80009c64 (0x982a3037) lui     zero, 0x982a3
core   0: 3 0x80009c64 (0x982a3037)
core   0: 0x80009c68 (0x01e22333) slt     t1, tp, t5
core   0: 3 0x80009c68 (0x01e22333) x6  0x00000001
core   0: 0x80009c6c (0x2d08d817) auipc   a6, 0x2d08d
core   0: 3 0x80009c6c (0x2d08d817) x16 0xad096c6c
core   0: 0x80009c70 (0x00008ee5) c.and   a3, s1
core   0: 3 0x80009c70 (0x8ee5) x13 0x00000001
core   0: 0x80009c72 (0x011327b3) slt     a5, t1, a7
core   0: 3 0x80009c72 (0x011327b3) x15 0x00000000
core   0: 0x80009c76 (0x29498113) addi    sp, s3, 660
core   0: 3 0x80009c76 (0x29498113) x2  0xc7aee480
core   0: 0x80009c7a (0x014df5b3) and     a1, s11, s4
core   0: 3 0x80009c7a (0x014df5b3) x11 0x00000000
core   0: 0x80009c7e (0x00000001) c.nop
core   0: 3 0x80009c7e (0x0001)
core   0: 0x80009c80 (0x00e763b3) or      t2, a4, a4
core   0: 3 0x80009c80 (0x00e763b3) x7  0x00000000
core   0: 0x80009c84 (0x0000c095) c.beqz  s1, pc + 36
core   0: 3 0x80009c84 (0xc095)
core   0: 0x80009c86 (0x00000001) c.nop
core   0: 3 0x80009c86 (0x0001)
core   0: 0x80009c88 (0x022701b3) mul     gp, a4, sp
core   0: 3 0x80009c88 (0x022701b3) x3  0x00000000
core   0: 0x80009c8c (0x005d9f13) slli    t5, s11, 5
core   0: 3 0x80009c8c (0x005d9f13) x30 0x000003e0
core   0: 0x80009c90 (0x000081bd) c.srli  a1, 15
core   0: 3 0x80009c90 (0x81bd) x11 0x00000000
core   0: 0x80009c92 (0x00008e6d) c.and   a2, a1
core   0: 3 0x80009c92 (0x8e6d) x12 0x00000000
core   0: 0x80009c94 (0x02570bb3) mul     s7, a4, t0
core   0: 3 0x80009c94 (0x02570bb3) x23 0x00000000
core   0: 0x80009c98 (0x00008231) c.srli  a2, 12
core   0: 3 0x80009c98 (0x8231) x12 0x00000000
core   0: 0x80009c9a (0x00008689) c.srai  a3, 2
core   0: 3 0x80009c9a (0x8689) x13 0x00000000
core   0: 0x80009c9c (0x016b8233) add     tp, s7, s6
core   0: 3 0x80009c9c (0x016b8233) x4  0x00000001
core   0: 0x80009ca0 (0x0000100f) fence.i
core   0: 3 0x80009ca0 (0x0000100f)
core   0: 0x80009ca4 (0x03339033) mulh    zero, t2, s3
core   0: 3 0x80009ca4 (0x03339033)
core   0: 0x80009ca8 (0x0178b033) sltu    zero, a7, s7
core   0: 3 0x80009ca8 (0x0178b033)
core   0: 0x80009cac (0x00008f2e) c.mv    t5, a1
core   0: 3 0x80009cac (0x8f2e) x30 0x00000000
core   0: 0x80009cae (0x409a0533) sub     a0, s4, s1
core   0: 3 0x80009cae (0x409a0533) x10 0x013ffffb
core   0: 0x80009cb2 (0x03e266b3) rem     a3, tp, t5
core   0: 3 0x80009cb2 (0x03e266b3) x13 0x00000001
core   0: 0x80009cb6 (0x00000001) c.nop
core   0: 3 0x80009cb6 (0x0001)
core   0: 0x80009cb8 (0x4079f097) auipc   ra, 0x4079f
core   0: 3 0x80009cb8 (0x4079f097) x1  0xc07a8cb8
core   0: 0x80009cbc (0x0000c817) auipc   a6, 0xc
core   0: 3 0x80009cbc (0x0000c817) x16 0x80015cbc
core   0: 0x80009cc0 (0xb0a80813) addi    a6, a6, -1270
core   0: 3 0x80009cc0 (0xb0a80813) x16 0x800157c6
core   0: 0x80009cc4 (0x7d984883) lbu     a7, 2009(a6)
core   0: 3 0x80009cc4 (0x7d984883) x17 0x00000000 mem 0x80015f9f
core   0: 0x80009cc8 (0x0000137d) c.addi  t1, -1
core   0: 3 0x80009cc8 (0x137d) x6  0x00000000
core   0: 0x80009cca (0x95880ea3) sb      s8, -1699(a6)
core   0: 3 0x80009cca (0x95880ea3) mem 0x80015123 0xa4
core   0: 0x80009cce (0x00008361) c.srli  a4, 24
core   0: 3 0x80009cce (0x8361) x14 0x00000000
core   0: 0x80009cd0 (0x5d580c83) lb      s9, 1493(a6)
core   0: 3 0x80009cd0 (0x5d580c83) x25 0x00000000 mem 0x80015d9b
core   0: 0x80009cd4 (0x9b780823) sb      s7, -1616(a6)
core   0: 3 0x80009cd4 (0x9b780823) mem 0x80015176 0x00
core   0: 0x80009cd8 (0xe0780003) lb      zero, -505(a6)
core   0: 3 0x80009cd8 (0xe0780003) mem 0x800155cd
core   0: 0x80009cdc (0x401d5613) srai    a2, s10, 1
core   0: 3 0x80009cdc (0x401d5613) x12 0xc0012f54
core   0: 0x80009ce0 (0xdf681983) lh      s3, -522(a6)
core   0: 3 0x80009ce0 (0xdf681983) x19 0x00000000 mem 0x800155bc
core   0: 0x80009ce4 (0xe8a85683) lhu     a3, -374(a6)
core   0: 3 0x80009ce4 (0xe8a85683) x13 0x00000000 mem 0x80015650
core   0: 0x80009ce8 (0x0a7804a3) sb      t2, 169(a6)
core   0: 3 0x80009ce8 (0x0a7804a3) mem 0x8001586f 0x00
core   0: 0x80009cec (0x7a181023) sh      ra, 1952(a6)
core   0: 3 0x80009cec (0x7a181023) mem 0x80015f66 0x8cb8
core   0: 0x80009cf0 (0x02a778b3) remu    a7, a4, a0
core   0: 3 0x80009cf0 (0x02a778b3) x17 0x00000000
core   0: 0x80009cf4 (0x00e80923) sb      a4, 18(a6)
core   0: 3 0x80009cf4 (0x00e80923) mem 0x800157d8 0x00
core   0: 0x80009cf8 (0x340bee73) csrrsi  t3, mscratch, 23
core   0: 3 0x80009cf8 (0x340bee73) x28 0x0000000b c832_mscratch 0x0000001f
core   0: 0x80009cfc (0x40d20cb3) sub     s9, tp, a3
core   0: 3 0x80009cfc (0x40d20cb3) x25 0x00000001
core   0: 0x80009d00 (0x48f80983) lb      s3, 1167(a6)
core   0: 3 0x80009d00 (0x48f80983) x19 0x00000000 mem 0x80015c55
core   0: 0x80009d04 (0x0d6804a3) sb      s6, 201(a6)
core   0: 3 0x80009d04 (0x0d6804a3) mem 0x8001588f 0x01
core   0: 0x80009d08 (0xe6b0a013) slti    zero, ra, -405
core   0: 3 0x80009d08 (0xe6b0a013)
core   0: 0x80009d0c (0x00009a32) c.add   s4, a2
core   0: 3 0x80009d0c (0x9a32) x20 0xc1412f54
core   0: 0x80009d0e (0x90e82b83) lw      s7, -1778(a6)
core   0: 3 0x80009d0e (0x90e82b83) x23 0x00000000 mem 0x800150d4
core   0: 0x80009d12 (0xfc480603) lb      a2, -60(a6)
core   0: 3 0x80009d12 (0xfc480603) x12 0x00000000 mem 0x8001578a
core   0: 0x80009d16 (0xf1184683) lbu     a3, -239(a6)
core   0: 3 0x80009d16 (0xf1184683) x13 0x00000000 mem 0x800156d7
core   0: 0x80009d1a (0xf2580683) lb      a3, -219(a6)
core   0: 3 0x80009d1a (0xf2580683) x13 0x00000000 mem 0x800156eb
core   0: 0x80009d1e (0x48a80423) sb      a0, 1160(a6)
core   0: 3 0x80009d1e (0x48a80423) mem 0x80015c4e 0xfb
core   0: 0x80009d22 (0x0102d933) srl     s2, t0, a6
core   0: 3 0x80009d22 (0x0102d933) x18 0x00000000
core   0: 0x80009d26 (0x0000948a) c.add   s1, sp
core   0: 3 0x80009d26 (0x948a) x9  0xc7aee485
core   0: 0x80009d28 (0x02f80ca3) sb      a5, 57(a6)
core   0: 3 0x80009d28 (0x02f80ca3) mem 0x800157ff 0x00
core   0: 0x80009d2c (0x00008ced) c.and   s1, a1
core   0: 3 0x80009d2c (0x8ced) x9  0x00000000
core   0: 0x80009d2e (0x00000001) c.nop
core   0: 3 0x80009d2e (0x0001)
core   0: 0x80009d30 (0xa69806a3) sb      s1, -1427(a6)
core   0: 3 0x80009d30 (0xa69806a3) mem 0x80015233 0x00
core   0: 0x80009d34 (0x8eefca93) xori    s5, t6, -1810
core   0: 3 0x80009d34 (0x8eefca93) x21 0xfffffe1c
core   0: 0x80009d38 (0x00000001) c.nop
core   0: 3 0x80009d38 (0x0001)
core   0: 0x80009d3a (0x3408e7f3) csrrsi  a5, mscratch, 17
core   0: 3 0x80009d3a (0x3408e7f3) x15 0x0000001f c832_mscratch 0x0000001f
core   0: 0x80009d3e (0x4128d613) srai    a2, a7, 18
core   0: 3 0x80009d3e (0x4128d613) x12 0x00000000
core   0: 0x80009d42 (0x0000e495) c.bnez  s1, pc + 44
core   0: 3 0x80009d42 (0xe495)
core   0: 0x80009d44 (0x423ccc93) xori    s9, s9, 1059
core   0: 3 0x80009d44 (0x423ccc93) x25 0x00000422
core   0: 0x80009d48 (0x020475b3) remu    a1, s0, zero
core   0: 3 0x80009d48 (0x020475b3) x11 0xf0a6efc1
core   0: 0x80009d4c (0x1dede493) ori     s1, s11, 478
core   0: 3 0x80009d4c (0x1dede493) x9  0x000001df
core   0: 0x80009d50 (0x037a9933) mulh    s2, s5, s7
core   0: 3 0x80009d50 (0x037a9933) x18 0x00000000
core   0: 0x80009d54 (0x403afd37) lui     s10, 0x403af
core   0: 3 0x80009d54 (0x403afd37) x26 0x403af000
core   0: 0x80009d58 (0x00108963) beq     ra, ra, pc + 18
core   0: 3 0x80009d58 (0x00108963)
core   0: 0x80009d6a (0x0000100f) fence.i
core   0: 3 0x80009d6a (0x0000100f)
core   0: 0x80009d6e (0x340ea573) csrrs   a0, mscratch, t4
core   0: 3 0x80009d6e (0x340ea573) x10 0x0000001f c832_mscratch 0x80029d3f
core   0: 0x80009d72 (0x0187e9b3) or      s3, a5, s8
core   0: 3 0x80009d72 (0x0187e9b3) x19 0x80025ebf
core   0: 0x80009d76 (0x340024f3) csrr    s1, mscratch
core   0: 3 0x80009d76 (0x340024f3) x9  0x80029d3f
core   0: 0x80009d7a (0x0096dd63) bge     a3, s1, pc + 26
core   0: 3 0x80009d7a (0x0096dd63)
core   0: 0x80009d94 (0x01d75513) srli    a0, a4, 29
core   0: 3 0x80009d94 (0x01d75513) x10 0x00000000
core   0: 0x80009d98 (0x897b8e13) addi    t3, s7, -1897
core   0: 3 0x80009d98 (0x897b8e13) x28 0xfffff897
core   0: 0x80009d9c (0x01659293) slli    t0, a1, 22
core   0: 3 0x80009d9c (0x01659293) x5  0xf0400000
core   0: 0x80009da0 (0x401a0a33) sub     s4, s4, ra
core   0: 3 0x80009da0 (0x401a0a33) x20 0x00c6a29c
core   0: 0x80009da4 (0x00000001) c.nop
core   0: 3 0x80009da4 (0x0001)
core   0: 0x80009da6 (0x000003f5) c.addi  t2, 29
core   0: 3 0x80009da6 (0x03f5) x7  0x0000001d
core   0: 0x80009da8 (0x88332e13) slti    t3, t1, -1917
core   0: 3 0x80009da8 (0x88332e13) x28 0x00000000
core   0: 0x80009dac (0x7ff7b513) sltiu   a0, a5, 2047
core   0: 3 0x80009dac (0x7ff7b513) x10 0x00000001
core   0: 0x80009db0 (0x60f07993) andi    s3, zero, 1551
core   0: 3 0x80009db0 (0x60f07993) x19 0x00000000
core   0: 0x80009db4 (0x00008652) c.mv    a2, s4
core   0: 3 0x80009db4 (0x8652) x12 0x00c6a29c
core   0: 0x80009db6 (0x0000615d) c.addi16sp sp, 432
core   0: 3 0x80009db6 (0x615d) x2  0xc7aee630
core   0: 0x80009db8 (0x01f25b33) srl     s6, tp, t6
core   0: 3 0x80009db8 (0x01f25b33) x22 0x00000000
core   0: 0x80009dbc (0x000084de) c.mv    s1, s7
core   0: 3 0x80009dbc (0x84de) x9  0x00000000
core   0: 0x80009dbe (0x0000158c) c.addi4spn a1, sp, 736
core   0: 3 0x80009dbe (0x158c) x11 0xc7aee910
core   0: 0x80009dc0 (0x038c0763) beq     s8, s8, pc + 46
core   0: 3 0x80009dc0 (0x038c0763)
core   0: 0x80009dee (0x00399533) sll     a0, s3, gp
core   0: 3 0x80009dee (0x00399533) x10 0x00000000
core   0: 0x80009df2 (0x34009673) csrrw   a2, mscratch, ra
core   0: 3 0x80009df2 (0x34009673) x12 0x80029d3f c832_mscratch 0xc07a8cb8
core   0: 0x80009df6 (0x340dd173) csrrwi  sp, mscratch, 27
core   0: 3 0x80009df6 (0x340dd173) x2  0xc07a8cb8 c832_mscratch 0x0000001b
core   0: 0x80009dfa (0x0000614d) c.addi16sp sp, 176
core   0: 3 0x80009dfa (0x614d) x2  0xc07a8d68
core   0: 0x80009dfc (0x01a30833) add     a6, t1, s10
core   0: 3 0x80009dfc (0x01a30833) x16 0x403af000
core   0: 0x80009e00 (0x41580b33) sub     s6, a6, s5
core   0: 3 0x80009e00 (0x41580b33) x22 0x403af1e4
core   0: 0x80009e04 (0x00ead363) bge     s5, a4, pc + 6
core   0: 3 0x80009e04 (0x00ead363)
core   0: 0x80009e08 (0x00000001) c.nop
core   0: 3 0x80009e08 (0x0001)
core   0: 0x80009e0a (0x00045333) srl     t1, s0, zero
core   0: 3 0x80009e0a (0x00045333) x6  0xf0a6efc1
core   0: 0x80009e0e (0x0000632d) c.lui   t1, 0xb
core   0: 3 0x80009e0e (0x632d) x6  0x0000b000
core   0: 0x80009e10 (0x00000001) c.nop
core   0: 3 0x80009e10 (0x0001)
core   0: 0x80009e12 (0x03fe7033) remu    zero, t3, t6
core   0: 3 0x80009e12 (0x03fe7033)
core   0: 0x80009e16 (0x01364333) xor     t1, a2, s3
core   0: 3 0x80009e16 (0x01364333) x6  0x80029d3f
core   0: 0x80009e1a (0x00008cd9) c.or    s1, a4
core   0: 3 0x80009e1a (0x8cd9) x9  0x00000000
core   0: 0x80009e1c (0x0ff0000f) fence   iorw,iorw
core   0: 3 0x80009e1c (0x0ff0000f)
core   0: 0x80009e20 (0x009a1d63) bne     s4, s1, pc + 26
core   0: 3 0x80009e20 (0x009a1d63)
core   0: 0x80009e3a (0x035841b3) div     gp, a6, s5
core   0: 3 0x80009e3a (0x035841b3) x3  0xffde06e9
core   0: 0x80009e3e (0x03742933) mulhsu  s2, s0, s7
core   0: 3 0x80009e3e (0x03742933) x18 0x00000000
core   0: 0x80009e42 (0x340e20f3) csrrs   ra, mscratch, t3
core   0: 3 0x80009e42 (0x340e20f3) x1  0x0000001b c832_mscratch 0x0000001b
core   0: 0x80009e46 (0x413dd693) srai    a3, s11, 19
core   0: 3 0x80009e46 (0x413dd693) x13 0x00000000
core   0: 0x80009e4a (0x025ec563) blt     t4, t0, pc + 42
core   0: 3 0x80009e4a (0x025ec563)
core   0: 0x80009e74 (0x007cd9b3) srl     s3, s9, t2
core   0: 3 0x80009e74 (0x007cd9b3) x19 0x00000000
core   0: 0x80009e78 (0x4768cc97) auipc   s9, 0x4768c
core   0: 3 0x80009e78 (0x4768cc97) x25 0xc7695e78
core   0: 0x80009e7c (0x002afc63) bgeu    s5, sp, pc + 24
core   0: 3 0x80009e7c (0x002afc63)
core   0: 0x80009e94 (0x00008ef9) c.and   a3, a4
core   0: 3 0x80009e94 (0x8ef9) x13 0x00000000
core   0: 0x80009e96 (0x024626b3) mulhsu  a3, a2, tp
core   0: 3 0x80009e96 (0x024626b3) x13 0xffffffff
core   0: 0x80009e9a (0x00325463) bge     tp, gp, pc + 8
core   0: 3 0x80009e9a (0x00325463)
core   0: 0x80009ea2 (0x41fad733) sra     a4, s5, t6
core   0: 3 0x80009ea2 (0x41fad733) x14 0xffffffff
core   0: 0x80009ea6 (0x9a8b7d97) auipc   s11, 0x9a8b7
core   0: 3 0x80009ea6 (0x9a8b7d97) x27 0x1a8c0ea6
core   0: 0x80009eaa (0x47557d13) andi    s10, a0, 1141
core   0: 3 0x80009eaa (0x47557d13) x26 0x00000000
core   0: 0x80009eae (0x03ccea33) rem     s4, s9, t3
core   0: 3 0x80009eae (0x03ccea33) x20 0xc7695e78
core   0: 0x80009eb2 (0x009ce5b3) or      a1, s9, s1
core   0: 3 0x80009eb2 (0x009ce5b3) x11 0xc7695e78
core   0: 0x80009eb6 (0x03c3ef63) bltu    t2, t3, pc + 62
core   0: 3 0x80009eb6 (0x03c3ef63)
core   0: 0x80009eba (0x00000001) c.nop
core   0: 3 0x80009eba (0x0001)
core   0: 0x80009ebc (0x21253337) lui     t1, 0x21253
core   0: 3 0x80009ebc (0x21253337) x6  0x21253000
core   0: 0x80009ec0 (0x00000001) c.nop
core   0: 3 0x80009ec0 (0x0001)
core   0: 0x80009ec2 (0x34002e73) csrr    t3, mscratch
core   0: 3 0x80009ec2 (0x34002e73) x28 0x0000001b
core   0: 0x80009ec6 (0x41560e33) sub     t3, a2, s5
core   0: 3 0x80009ec6 (0x41560e33) x28 0x80029f23
core   0: 0x80009eca (0x03e62733) mulhsu  a4, a2, t5
core   0: 3 0x80009eca (0x03e62733) x14 0x00000000
core   0: 0x80009ece (0x340118f3) csrrw   a7, mscratch, sp
core   0: 3 0x80009ece (0x340118f3) x17 0x0000001b c832_mscratch 0xc07a8d68
core   0: 0x80009ed2 (0x03bb28b3) mulhsu  a7, s6, s11
core   0: 3 0x80009ed2 (0x03bb28b3) x17 0x06a9207a
core   0: 0x80009ed6 (0x0000157d) c.addi  a0, -1
core   0: 3 0x80009ed6 (0x157d) x10 0xffffffff
core   0: 0x80009ed8 (0x0317eb63) bltu    a5, a7, pc + 54
core   0: 3 0x80009ed8 (0x0317eb63)
core   0: 0x80009f0e (0x00000b59) c.addi  s6, 22
core   0: 3 0x80009f0e (0x0b59) x22 0x403af1fa
core   0: 0x80009f10 (0x00008d55) c.or    a0, a3
core   0: 3 0x80009f10 (0x8d55) x10 0xffffffff
core   0: 0x80009f12 (0x03af94b3) mulh    s1, t6, s10
core   0: 3 0x80009f12 (0x03af94b3) x9  0x00000000
core   0: 0x80009f16 (0x413cd7b3) sra     a5, s9, s3
core   0: 3 0x80009f16 (0x413cd7b3) x15 0xc7695e78
core   0: 0x80009f1a (0x0000e19d) c.bnez  a1, pc + 38
core   0: 3 0x80009f1a (0xe19d)
core   0: 0x80009f40 (0x00000001) c.nop
core   0: 3 0x80009f40 (0x0001)
core   0: 0x80009f42 (0x340e6cf3) csrrsi  s9, mscratch, 28
core   0: 3 0x80009f42 (0x340e6cf3) x25 0xc07a8d68 c832_mscratch 0xc07a8d7c
core   0: 0x80009f46 (0x030994b3) mulh    s1, s3, a6
core   0: 3 0x80009f46 (0x030994b3) x9  0x00000000
core   0: 0x80009f4a (0x02de8833) mul     a6, t4, a3
core   0: 3 0x80009f4a (0x02de8833) x16 0x7ffd62dc
core   0: 0x80009f4e (0x000088a5) c.andi  s1, 9
core   0: 3 0x80009f4e (0x88a5) x9  0x00000000
core   0: 0x80009f50 (0x00008d85) c.sub   a1, s1
core   0: 3 0x80009f50 (0x8d85) x11 0xc7695e78
core   0: 0x80009f52 (0x00f2f8b3) and     a7, t0, a5
core   0: 3 0x80009f52 (0x00f2f8b3) x17 0xc0400000
core   0: 0x80009f56 (0x0ff0000f) fence   iorw,iorw
core   0: 3 0x80009f56 (0x0ff0000f)
core   0: 0x80009f5a (0x00008b76) c.mv    s6, t4
core   0: 3 0x80009f5a (0x8b76) x22 0x80029d24
core   0: 0x80009f5c (0x01cd9563) bne     s11, t3, pc + 10
core   0: 3 0x80009f5c (0x01cd9563)
core   0: 0x80009f66 (0x418b5d33) sra     s10, s6, s8
core   0: 3 0x80009f66 (0x418b5d33) x26 0xf80029d2
core   0: 0x80009f6a (0x00006165) c.addi16sp sp, 112
core   0: 3 0x80009f6a (0x6165) x2  0xc07a8dd8
core   0: 0x80009f6c (0x009962b3) or      t0, s2, s1
core   0: 3 0x80009f6c (0x009962b3) x5  0x00000000
core   0: 0x80009f70 (0x0000e789) c.bnez  a5, pc + 10
core   0: 3 0x80009f70 (0xe789)
core   0: 0x80009f7a (0x018a6f33) or      t5, s4, s8
core   0: 3 0x80009f7a (0x018a6f33) x30 0xc76b5efc
core   0: 0x80009f7e (0x02b39b63) bne     t2, a1, pc + 54
core   0: 3 0x80009f7e (0x02b39b63)
core   0: 0x80009fb4 (0x0fc68193) addi    gp, a3, 252
core   0: 3 0x80009fb4 (0x0fc68193) x3  0x000000fb
core   0: 0x80009fb8 (0x03ba1033) mulh    zero, s4, s11
core   0: 3 0x80009fb8 (0x03ba1033)
core   0: 0x80009fbc (0x00008ec9) c.or    a3, a0
core   0: 3 0x80009fbc (0x8ec9) x13 0xffffffff
core   0: 0x80009fbe (0x016b9663) bne     s7, s6, pc + 12
core   0: 3 0x80009fbe (0x016b9663)
core   0: 0x80009fca (0x00008fc1) c.or    a5, s0
core   0: 3 0x80009fca (0x8fc1) x15 0xf7effff9
core   0: 0x80009fcc (0x00008fd1) c.or    a5, a2
core   0: 3 0x80009fcc (0x8fd1) x15 0xf7efffff
core   0: 0x80009fce (0x00000001) c.nop
core   0: 3 0x80009fce (0x0001)
core   0: 0x80009fd0 (0x49c4f213) andi    tp, s1, 1180
core   0: 3 0x80009fd0 (0x49c4f213) x4  0x00000000
core   0: 0x80009fd4 (0x0000197d) c.addi  s2, -1
core   0: 3 0x80009fd4 (0x197d) x18 0xffffffff
core   0: 0x80009fd6 (0x002858b3) srl     a7, a6, sp
core   0: 3 0x80009fd6 (0x002858b3) x17 0x0000007f
core   0: 0x80009fda (0x0000100f) fence.i
core   0: 3 0x80009fda (0x0000100f)
core   0: 0x80009fde (0x027d7c63) bgeu    s10, t2, pc + 56
core   0: 3 0x80009fde (0x027d7c63)
core   0: 0x8000a016 (0x0000cd1d) c.beqz  a0, pc + 62
core   0: 3 0x8000a016 (0xcd1d)
core   0: 0x8000a018 (0x03dff763) bgeu    t6, t4, pc + 46
core   0: 3 0x8000a018 (0x03dff763)
core   0: 0x8000a01c (0x021d94b3) mulh    s1, s11, ra
core   0: 3 0x8000a01c (0x021d94b3) x9  0x00000002
core   0: 0x8000a020 (0x411b59b3) sra     s3, s6, a7
core   0: 3 0x8000a020 (0x411b59b3) x19 0xffffffff
core   0: 0x8000a024 (0x00aadbb7) lui     s7, 0xaad
core   0: 3 0x8000a024 (0x00aadbb7) x23 0x00aad000
core   0: 0x8000a028 (0x00275793) srli    a5, a4, 2
core   0: 3 0x8000a028 (0x00275793) x15 0x00000000
core   0: 0x8000a02c (0x00b61263) bne     a2, a1, pc + 4
core   0: 3 0x8000a02c (0x00b61263)
core   0: 0x8000a030 (0x34061df3) csrrw   s11, mscratch, a2
core   0: 3 0x8000a030 (0x34061df3) x27 0xc07a8d7c c832_mscratch 0x80029d3f
core   0: 0x8000a034 (0x02cd9e63) bne     s11, a2, pc + 60
core   0: 3 0x8000a034 (0x02cd9e63)
core   0: 0x8000a070 (0x02ec5a63) bge     s8, a4, pc + 52
core   0: 3 0x8000a070 (0x02ec5a63)
core   0: 0x8000a074 (0x0145ed33) or      s10, a1, s4
core   0: 3 0x8000a074 (0x0145ed33) x26 0xc7695e78
core   0: 0x8000a078 (0x016fd593) srli    a1, t6, 22
core   0: 3 0x8000a078 (0x016fd593) x11 0x00000000
core   0: 0x8000a07c (0x40e9d0b3) sra     ra, s3, a4
core   0: 3 0x8000a07c (0x40e9d0b3) x1  0xffffffff
core   0: 0x8000a080 (0x020a8333) mul     t1, s5, zero
core   0: 3 0x8000a080 (0x020a8333) x6  0x00000000
core   0: 0x8000a084 (0x00008cc9) c.or    s1, a0
core   0: 3 0x8000a084 (0x8cc9) x9  0xffffffff
core   0: 0x8000a086 (0x00008e31) c.xor   a2, a2
core   0: 3 0x8000a086 (0x8e31) x12 0x00000000
core   0: 0x8000a088 (0x014c5633) srl     a2, s8, s4
core   0: 3 0x8000a088 (0x014c5633) x12 0x00000080
core   0: 0x8000a08c (0x0000171c) c.addi4spn a5, sp, 928
core   0: 3 0x8000a08c (0x171c) x15 0xc07a9178
core   0: 0x8000a08e (0xe48dc693) xori    a3, s11, -440
core   0: 3 0x8000a08e (0xe48dc693) x13 0x3f857334
core   0: 0x8000a092 (0x00008e79) c.and   a2, a4
core   0: 3 0x8000a092 (0x8e79) x12 0x00000000
core   0: 0x8000a094 (0x00008b6a) c.mv    s6, s10
core   0: 3 0x8000a094 (0x8b6a) x22 0xc7695e78
core   0: 0x8000a096 (0x68696513) ori     a0, s2, 1670
core   0: 3 0x8000a096 (0x68696513) x10 0xffffffff
core   0: 0x8000a09a (0x000067dd) c.lui   a5, 0x17
core   0: 3 0x8000a09a (0x67dd) x15 0x00017000
core   0: 0x8000a09c (0x00a8cab3) xor     s5, a7, a0
core   0: 3 0x8000a09c (0x00a8cab3) x21 0xffffff80
core   0: 0x8000a0a0 (0x0241f633) remu    a2, gp, tp
core   0: 3 0x8000a0a0 (0x0241f633) x12 0x000000fb
core   0: 0x8000a0a4 (0x34003273) csrrc   tp, mscratch, zero
core   0: 3 0x8000a0a4 (0x34003273) x4  0x80029d3f
core   0: 0x8000a0a8 (0x0ad92f93) slti    t6, s2, 173
core   0: 3 0x8000a0a8 (0x0ad92f93) x31 0x00000001
core   0: 0x8000a0ac (0x0383ed33) rem     s10, t2, s8
core   0: 3 0x8000a0ac (0x0383ed33) x26 0x0000001d
core   0: 0x8000a0b0 (0x026c1ab3) mulh    s5, s8, t1
core   0: 3 0x8000a0b0 (0x026c1ab3) x21 0x00000000
core   0: 0x8000a0b4 (0x00f3cdb3) xor     s11, t2, a5
core   0: 3 0x8000a0b4 (0x00f3cdb3) x27 0x0001701d
core   0: 0x8000a0b8 (0x021e7d33) remu    s10, t3, ra
core   0: 3 0x8000a0b8 (0x021e7d33) x26 0x80029f23
core   0: 0x8000a0bc (0x03abf5b3) remu    a1, s7, s10
core   0: 3 0x8000a0bc (0x03abf5b3) x11 0x00aad000
core   0: 0x8000a0c0 (0x4f738793) addi    a5, t2, 1271
core   0: 3 0x8000a0c0 (0x4f738793) x15 0x00000514
core   0: 0x8000a0c4 (0x00000d42) c.slli  s10, 16
core   0: 3 0x8000a0c4 (0x0d42) x26 0x9f230000
core   0: 0x8000a0c6 (0xba0af897) auipc   a7, 0xba0af
core   0: 3 0x8000a0c6 (0xba0af897) x17 0x3a0b90c6
core   0: 0x8000a0ca (0x00c2e263) bltu    t0, a2, pc + 4
core   0: 3 0x8000a0ca (0x00c2e263)
core   0: 0x8000a0ce (0x0000e505) c.bnez  a0, pc + 40
core   0: 3 0x8000a0ce (0xe505)
core   0: 0x8000a0f6 (0x00b37f63) bgeu    t1, a1, pc + 30
core   0: 3 0x8000a0f6 (0x00b37f63)
core   0: 0x8000a0fa (0x00009a7d) c.andi  a2, -1
core   0: 3 0x8000a0fa (0x9a7d) x12 0x000000fb
core   0: 0x8000a0fc (0x007ddd63) bge     s11, t2, pc + 26
core   0: 3 0x8000a0fc (0x007ddd63)
core   0: 0x8000a116 (0x01769b33) sll     s6, a3, s7
core   0: 3 0x8000a116 (0x01769b33) x22 0x3f857334
core   0: 0x8000a11a (0x02a81733) mulh    a4, a6, a0
core   0: 3 0x8000a11a (0x02a81733) x14 0xffffffff
core   0: 0x8000a11e (0x03acee33) rem     t3, s9, s10
core   0: 3 0x8000a11e (0x03acee33) x28 0xc07a8d68
core   0: 0x8000a122 (0x00004c91) c.li    s9, 4
core   0: 3 0x8000a122 (0x4c91) x25 0x00000004
core   0: 0x8000a124 (0x5764ac93) slti    s9, s1, 1398
core   0: 3 0x8000a124 (0x5764ac93) x25 0x00000001
core   0: 0x8000a128 (0x340f33f3) csrrc   t2, mscratch, t5
core   0: 3 0x8000a128 (0x340f33f3) x7  0x80029d3f c832_mscratch 0x00008103
core   0: 0x8000a12c (0x0000082a) c.slli  a6, 10
core   0: 3 0x8000a12c (0x082a) x16 0xf58b7000
core   0: 0x8000a12e (0xd351a993) slti    s3, gp, -715
core   0: 3 0x8000a12e (0xd351a993) x19 0x00000000
core   0: 0x8000a132 (0x00008e11) c.sub   a2, a2
core   0: 3 0x8000a132 (0x8e11) x12 0x00000000
core   0: 0x8000a134 (0x00008b3a) c.mv    s6, a4
core   0: 3 0x8000a134 (0x8b3a) x22 0xffffffff
core   0: 0x8000a136 (0x403a5db3) sra     s11, s4, gp
core   0: 3 0x8000a136 (0x403a5db3) x27 0xfffffff8
core   0: 0x8000a13a (0x01fb5313) srli    t1, s6, 31
core   0: 3 0x8000a13a (0x01fb5313) x6  0x00000001
core   0: 0x8000a13e (0x039ed663) bge     t4, s9, pc + 44
core   0: 3 0x8000a13e (0x039ed663)
core   0: 0x8000a142 (0x00009b6a) c.add   s6, s10
core   0: 3 0x8000a142 (0x9b6a) x22 0x9f22ffff
core   0: 0x8000a144 (0xe5933a93) sltiu   s5, t1, -423
core   0: 3 0x8000a144 (0xe5933a93) x21 0x00000001
core   0: 0x8000a148 (0x014839b3) sltu    s3, a6, s4
core   0: 3 0x8000a148 (0x014839b3) x19 0x00000000
core   0: 0x8000a14c (0x000003b9) c.addi  t2, 14
core   0: 3 0x8000a14c (0x03b9) x7  0x80029d4d
core   0: 0x8000a14e (0x020b9163) bnez    s7, pc + 34
core   0: 3 0x8000a14e (0x020b9163)
core   0: 0x8000a170 (0x340b50f3) csrrwi  ra, mscratch, 22
core   0: 3 0x8000a170 (0x340b50f3) x1  0x00008103 c832_mscratch 0x00000016
core   0: 0x8000a174 (0x02ca46b3) div     a3, s4, a2
core   0: 3 0x8000a174 (0x02ca46b3) x13 0xffffffff
core   0: 0x8000a178 (0x000080c2) c.mv    ra, a6
core   0: 3 0x8000a178 (0x80c2) x1  0xf58b7000
core   0: 0x8000a17a (0x00008d6d) c.and   a0, a1
core   0: 3 0x8000a17a (0x8d6d) x10 0x00aad000
core   0: 0x8000a17c (0x032cfc63) bgeu    s9, s2, pc + 56
core   0: 3 0x8000a17c (0x032cfc63)
core   0: 0x8000a180 (0x00008639) c.srai  a2, 14
core   0: 3 0x8000a180 (0x8639) x12 0x00000000
core   0: 0x8000a182 (0x03b90b33) mul     s6, s2, s11
core   0: 3 0x8000a182 (0x03b90b33) x22 0x00000008
core   0: 0x8000a186 (0x00008d05) c.sub   a0, s1
core   0: 3 0x8000a186 (0x8d05) x10 0x00aad001
core   0: 0x8000a188 (0x00009126) c.add   sp, s1
core   0: 3 0x8000a188 (0x9126) x2  0xc07a8dd7
core   0: 0x8000a18a (0x05cee563) bltu    t4, t3, pc + 74
core   0: 3 0x8000a18a (0x05cee563)
core   0: 0x8000a1d4 (0x0000997d) c.andi  a0, -1
core   0: 3 0x8000a1d4 (0x997d) x10 0x00aad001
core   0: 0x8000a1d6 (0x00006cbd) c.lui   s9, 0xf
core   0: 3 0x8000a1d6 (0x6cbd) x25 0x0000f000
core   0: 0x8000a1d8 (0x03e7afb3) mulhsu  t6, a5, t5
core   0: 3 0x8000a1d8 (0x03e7afb3) x31 0x000003f4
core   0: 0x8000a1dc (0x340e37f3) csrrc   a5, mscratch, t3
core   0: 3 0x8000a1dc (0x340e37f3) x15 0x00000016 c832_mscratch 0x00000016
core   0: 0x8000a1e0 (0x00008e36) c.mv    t3, a3
core   0: 3 0x8000a1e0 (0x8e36) x28 0xffffffff
core   0: 0x8000a1e2 (0x00fa0633) add     a2, s4, a5
core   0: 3 0x8000a1e2 (0x00fa0633) x12 0xc7695e8e
core   0: 0x8000a1e6 (0x035e9c63) bne     t4, s5, pc + 56
core   0: 3 0x8000a1e6 (0x035e9c63)
core   0: 0x8000a21e (0x0336ca33) div     s4, a3, s3
core   0: 3 0x8000a21e (0x0336ca33) x20 0xffffffff
core   0: 0x8000a222 (0x00008cf9) c.and   s1, a4
core   0: 3 0x8000a222 (0x8cf9) x9  0xffffffff
core   0: 0x8000a224 (0x0000127d) c.addi  tp, -1
core   0: 3 0x8000a224 (0x127d) x4  0x80029d3e
core   0: 0x8000a226 (0x00008f29) c.xor   a4, a0
core   0: 3 0x8000a226 (0x8f29) x14 0xff552ffe
core   0: 0x8000a228 (0x98670c93) addi    s9, a4, -1658
core   0: 3 0x8000a228 (0x98670c93) x25 0xff552984
core   0: 0x8000a22c (0x00008f61) c.and   a4, s0
core   0: 3 0x8000a22c (0x8f61) x14 0xf0042fc0
core   0: 0x8000a22e (0xc2e2fcb7) lui     s9, 0xc2e2f
core   0: 3 0x8000a22e (0xc2e2fcb7) x25 0xc2e2f000
core   0: 0x8000a232 (0x40940213) addi    tp, s0, 1033
core   0: 3 0x8000a232 (0x40940213) x4  0xf0a6f3ca
core   0: 0x8000a236 (0x03a89d63) bne     a7, s10, pc + 58
core   0: 3 0x8000a236 (0x03a89d63)
core   0: 0x8000a270 (0x00008196) c.mv    gp, t0
core   0: 3 0x8000a270 (0x8196) x3  0x00000000
core   0: 0x8000a272 (0x01608663) beq     ra, s6, pc + 12
core   0: 3 0x8000a272 (0x01608663)
core   0: 0x8000a276 (0x0340f1b3) remu    gp, ra, s4
core   0: 3 0x8000a276 (0x0340f1b3) x3  0xf58b7000
core   0: 0x8000a27a (0x000096e6) c.add   a3, s9
core   0: 3 0x8000a27a (0x96e6) x13 0xc2e2efff
core   0: 0x8000a27c (0x00000562) c.slli  a0, 24
core   0: 3 0x8000a27c (0x0562) x10 0x01000000
core   0: 0x8000a27e (0x34003873) csrrc   a6, mscratch, zero
core   0: 3 0x8000a27e (0x34003873) x16 0x00000016
core   0: 0x8000a282 (0x0387d733) divu    a4, a5, s8
core   0: 3 0x8000a282 (0x0387d733) x14 0x00000000
core   0: 0x8000a286 (0x7eb86c97) auipc   s9, 0x7eb86
core   0: 3 0x8000a286 (0x7eb86c97) x25 0xfeb90286
core   0: 0x8000a28a (0x00001004) c.addi4spn s1, sp, 32
core   0: 3 0x8000a28a (0x1004) x9  0xc07a8df7
core   0: 0x8000a28c (0x0ff0000f) fence   iorw,iorw
core   0: 3 0x8000a28c (0x0ff0000f)
core   0: 0x8000a290 (0x0000100f) fence.i
core   0: 3 0x8000a290 (0x0000100f)
core   0: 0x8000a294 (0x340f6273) csrrsi  tp, mscratch, 30
core   0: 3 0x8000a294 (0x340f6273) x4  0x00000016 c832_mscratch 0x0000001e
core   0: 0x8000a298 (0x00d55733) srl     a4, a0, a3
core   0: 3 0x8000a298 (0x00d55733) x14 0x00000000
core   0: 0x8000a29c (0x01979cb3) sll     s9, a5, s9
core   0: 3 0x8000a29c (0x01979cb3) x25 0x00000580
core   0: 0x8000a2a0 (0x00000001) c.nop
core   0: 3 0x8000a2a0 (0x0001)
core   0: 0x8000a2a2 (0x01e04663) blt     zero, t5, pc + 12
core   0: 3 0x8000a2a2 (0x01e04663)
core   0: 0x8000a2a6 (0x01e20663) beq     tp, t5, pc + 12
core   0: 3 0x8000a2a6 (0x01e20663)
core   0: 0x8000a2aa (0x10488c93) addi    s9, a7, 260
core   0: 3 0x8000a2aa (0x10488c93) x25 0x3a0b91ca
core   0: 0x8000a2ae (0x0263cf33) div     t5, t2, t1
core   0: 3 0x8000a2ae (0x0263cf33) x30 0x80029d4d
core   0: 0x8000a2b2 (0x00619033) sll     zero, gp, t1
core   0: 3 0x8000a2b2 (0x00619033)
core   0: 0x8000a2b6 (0x00008f99) c.sub   a5, a4
core   0: 3 0x8000a2b6 (0x8f99) x15 0x00000016
core   0: 0x8000a2b8 (0x00006ff5) c.lui   t6, 0x1d
core   0: 3 0x8000a2b8 (0x6ff5) x31 0x0001d000
core   0: 0x8000a2ba (0x3403a073) csrs    mscratch, t2
core   0: 3 0x8000a2ba (0x3403a073) c832_mscratch 0x80029d5f
core   0: 0x8000a2be (0x02c164b3) rem     s1, sp, a2
core   0: 3 0x8000a2be (0x02c164b3) x9  0xf9112f49
core   0: 0x8000a2c2 (0x00000001) c.nop
core   0: 3 0x8000a2c2 (0x0001)
core   0: 0x8000a2c4 (0x00495a33) srl     s4, s2, tp
core   0: 3 0x8000a2c4 (0x00495a33) x20 0x000003ff
core   0: 0x8000a2c8 (0x03609bb3) mulh    s7, ra, s6
core   0: 3 0x8000a2c8 (0x03609bb3) x23 0xffffffff
core   0: 0x8000a2cc (0x46ab26b7) lui     a3, 0x46ab2
core   0: 3 0x8000a2cc (0x46ab26b7) x13 0x46ab2000
core   0: 0x8000a2d0 (0x340e1cf3) csrrw   s9, mscratch, t3
core   0: 3 0x8000a2d0 (0x340e1cf3) x25 0x80029d5f c832_mscratch 0xffffffff
core   0: 0x8000a2d4 (0x03c967b3) rem     a5, s2, t3
core   0: 3 0x8000a2d4 (0x03c967b3) x15 0x00000000
core   0: 0x8000a2d8 (0x01767833) and     a6, a2, s7
core   0: 3 0x8000a2d8 (0x01767833) x16 0xc7695e8e
core   0: 0x8000a2dc (0x00000001) c.nop
core   0: 3 0x8000a2dc (0x0001)
core   0: 0x8000a2de (0x0000187d) c.addi  a6, -1
core   0: 3 0x8000a2de (0x187d) x16 0xc7695e8d
core   0: 0x8000a2e0 (0x00008711) c.srai  a4, 4
core   0: 3 0x8000a2e0 (0x8711) x14 0x00000000
core   0: 0x8000a2e2 (0x41a75133) sra     sp, a4, s10
core   0: 3 0x8000a2e2 (0x41a75133) x2  0x00000000
core   0: 0x8000a2e6 (0x340371f3) csrrci  gp, mscratch, 6
core   0: 3 0x8000a2e6 (0x340371f3) x3  0xffffffff c832_mscratch 0xfffffff9
core   0: 0x8000a2ea (0xdb880e13) addi    t3, a6, -584
core   0: 3 0x8000a2ea (0xdb880e13) x28 0xc7695c45
core   0: 0x8000a2ee (0xd6cc2217) auipc   tp, 0xd6cc2
core   0: 3 0x8000a2ee (0xd6cc2217) x4  0x56ccc2ee
core   0: 0x8000a2f2 (0x00001508) c.addi4spn a0, sp, 672
core   0: 3 0x8000a2f2 (0x1508) x10 0x000002a0
core   0: 0x8000a2f4 (0x00010817) auipc   a6, 0x10
core   0: 3 0x8000a2f4 (0x00010817) x16 0x8001a2f4
core   0: 0x8000a2f8 (0xa8880813) addi    a6, a6, -1400
core   0: 3 0x8000a2f8 (0xa8880813) x16 0x80019d7c
core   0: 0x8000a2fc (0x028dcbb3) div     s7, s11, s0
core   0: 3 0x8000a2fc (0x028dcbb3) x23 0x00000000
core   0: 0x8000a300 (0x03086fb3) rem     t6, a6, a6
core   0: 3 0x8000a300 (0x03086fb3) x31 0x00000000
core   0: 0x8000a304 (0xaffe7f13) andi    t5, t3, -1281
core   0: 3 0x8000a304 (0xaffe7f13) x30 0xc7695845
core   0: 0x8000a308 (0x00f84f03) lbu     t5, 15(a6)
core   0: 3 0x8000a308 (0x00f84f03) x30 0x00000000 mem 0x80019d8b
core   0: 0x8000a30c (0x340021f3) csrr    gp, mscratch
core   0: 3 0x8000a30c (0x340021f3) x3  0xfffffff9
core   0: 0x8000a310 (0xffa80183) lb      gp, -6(a6)
core   0: 3 0x8000a310 (0xffa80183) x3  0x00000000 mem 0x80019d76
core   0: 0x8000a314 (0x340564f3) csrrsi  s1, mscratch, 10
core   0: 3 0x8000a314 (0x340564f3) x9  0xfffffff9 c832_mscratch 0xfffffffb
core   0: 0x8000a318 (0x00480103) lb      sp, 4(a6)
core   0: 3 0x8000a318 (0x00480103) x2  0x00000000 mem 0x80019d80
core   0: 0x8000a31c (0xff685d03) lhu     s10, -10(a6)
core   0: 3 0x8000a31c (0xff685d03) x26 0x00000000 mem 0x80019d72
core   0: 0x8000a320 (0x01f82223) sw      t6, 4(a6)
core   0: 3 0x8000a320 (0x01f82223) mem 0x80019d80 0x00000000
core   0: 0x8000a324 (0x01280223) sb      s2, 4(a6)
core   0: 3 0x8000a324 (0x01280223) mem 0x80019d80 0xff
core   0: 0x8000a328 (0x69d0a993) slti    s3, ra, 1693
core   0: 3 0x8000a328 (0x69d0a993) x19 0x00000001
core   0: 0x8000a32c (0x00883633) sltu    a2, a6, s0
core   0: 3 0x8000a32c (0x00883633) x12 0x00000001
core   0: 0x8000a330 (0x00180123) sb      ra, 2(a6)
core   0: 3 0x8000a330 (0x00180123) mem 0x80019d7e 0x00
core   0: 0x8000a334 (0xffe80e03) lb      t3, -2(a6)
core   0: 3 0x8000a334 (0xffe80e03) x28 0x00000000 mem 0x80019d7a
core   0: 0x8000a338 (0x00984503) lbu     a0, 9(a6)
core   0: 3 0x8000a338 (0x00984503) x10 0x00000000 mem 0x80019d85
core   0: 0x8000a33c (0xfe881b23) sh      s0, -10(a6)
core   0: 3 0x8000a33c (0xfe881b23) mem 0x80019d72 0xefc1
core   0: 0x8000a340 (0x0043df93) srli    t6, t2, 4
core   0: 3 0x8000a340 (0x0043df93) x31 0x080029d4
core   0: 0x8000a344 (0xffb80683) lb      a3, -5(a6)
core   0: 3 0x8000a344 (0xffb80683) x13 0x00000000 mem 0x80019d77
core   0: 0x8000a348 (0x24812f37) lui     t5, 0x24812
core   0: 3 0x8000a348 (0x24812f37) x30 0x24812000
core   0: 0x8000a34c (0x01e81523) sh      t5, 10(a6)
core   0: 3 0x8000a34c (0x01e81523) mem 0x80019d86 0x2000
core   0: 0x8000a350 (0x0000100f) fence.i
core   0: 3 0x8000a350 (0x0000100f)
core   0: 0x8000a354 (0x004806a3) sb      tp, 13(a6)
core   0: 3 0x8000a354 (0x004806a3) mem 0x80019d89 0xee
core   0: 0x8000a358 (0xffd80203) lb      tp, -3(a6)
core   0: 3 0x8000a358 (0xffd80203) x4  0x00000000 mem 0x80019d79
core   0: 0x8000a35c (0x04597013) andi    zero, s2, 69
core   0: 3 0x8000a35c (0x04597013)
core   0: 0x8000a360 (0x9d793f93) sltiu   t6, s2, -1577
core   0: 3 0x8000a360 (0x9d793f93) x31 0x00000000
core   0: 0x8000a364 (0xff480a03) lb      s4, -12(a6)
core   0: 3 0x8000a364 (0xff480a03) x20 0x00000000 mem 0x80019d70
core   0: 0x8000a368 (0xff980ba3) sb      s9, -9(a6)
core   0: 3 0x8000a368 (0xff980ba3) mem 0x80019d73 0x5f
core   0: 0x8000a36c (0x4005dcb3) sra     s9, a1, zero
core   0: 3 0x8000a36c (0x4005dcb3) x25 0x00aad000
core   0: 0x8000a370 (0xa375f213) andi    tp, a1, -1481
core   0: 3 0x8000a370 (0xa375f213) x4  0x00aad000
core   0: 0x8000a374 (0xfe880ca3) sb      s0, -7(a6)
core   0: 3 0x8000a374 (0xfe880ca3) mem 0x80019d75 0xc1
core   0: 0x8000a378 (0x00b80003) lb      zero, 11(a6)
core   0: 3 0x8000a378 (0x00b80003) mem 0x80019d87
core   0: 0x8000a37c (0xffa84383) lbu     t2, -6(a6)
core   0: 3 0x8000a37c (0xffa84383) x7  0x00000000 mem 0x80019d76
core   0: 0x8000a380 (0x340029f3) csrr    s3, mscratch
core   0: 3 0x8000a380 (0x340029f3) x19 0xfffffffb
core   0: 0x8000a384 (0x01583d33) sltu    s10, a6, s5
core   0: 3 0x8000a384 (0x01583d33) x26 0x00000000
core   0: 0x8000a388 (0x011807a3) sb      a7, 15(a6)
core   0: 3 0x8000a388 (0x011807a3) mem 0x80019d8b 0xc6
core   0: 0x8000a38c (0x34001bf3) csrrw   s7, mscratch, zero
core   0: 3 0x8000a38c (0x34001bf3) x23 0xfffffffb c832_mscratch 0x00000000
core   0: 0x8000a390 (0x01f996b3) sll     a3, s3, t6
core   0: 3 0x8000a390 (0x01f996b3) x13 0xfffffffb
core   0: 0x8000a394 (0x006d5913) srli    s2, s10, 6
core   0: 3 0x8000a394 (0x006d5913) x18 0x00000000
core   0: 0x8000a398 (0x41a20033) sub     zero, tp, s10
core   0: 3 0x8000a398 (0x41a20033)
core   0: 0x8000a39c (0x00a18363) beq     gp, a0, pc + 6
core   0: 3 0x8000a39c (0x00a18363)
core   0: 0x8000a3a2 (0x2ad43b17) auipc   s6, 0x2ad43
core   0: 3 0x8000a3a2 (0x2ad43b17) x22 0xaad4d3a2
core   0: 0x8000a3a6 (0x340419f3) csrrw   s3, mscratch, s0
core   0: 3 0x8000a3a6 (0x340419f3) x19 0x00000000 c832_mscratch 0xf0a6efc1
core   0: 0x8000a3aa (0x67667a37) lui     s4, 0x67667
core   0: 3 0x8000a3aa (0x67667a37) x20 0x67667000
core   0: 0x8000a3ae (0x20fbc613) xori    a2, s7, 527
core   0: 3 0x8000a3ae (0x20fbc613) x12 0xfffffdf4
core   0: 0x8000a3b2 (0x0000864d) c.srai  a2, 19
core   0: 3 0x8000a3b2 (0x864d) x12 0xffffffff
core   0: 0x8000a3b4 (0x66875b97) auipc   s7, 0x66875
core   0: 3 0x8000a3b4 (0x66875b97) x23 0xe687f3b4
core   0: 0x8000a3b8 (0x00006121) c.addi16sp sp, 64
core   0: 3 0x8000a3b8 (0x6121) x2  0x00000040
core   0: 0x8000a3ba (0x34002cf3) csrr    s9, mscratch
core   0: 3 0x8000a3ba (0x34002cf3) x25 0xf0a6efc1
core   0: 0x8000a3be (0x0000537d) c.li    t1, -1
core   0: 3 0x8000a3be (0x537d) x6  0xffffffff
core   0: 0x8000a3c0 (0x40c78233) sub     tp, a5, a2
core   0: 3 0x8000a3c0 (0x40c78233) x4  0x00000001
core   0: 0x8000a3c4 (0x0070e233) or      tp, ra, t2
core   0: 3 0x8000a3c4 (0x0070e233) x4  0xf58b7000
core   0: 0x8000a3c8 (0x00000d7e) c.slli  s10, 31
core   0: 3 0x8000a3c8 (0x0d7e) x26 0x00000000
core   0: 0x8000a3ca (0x3664c713) xori    a4, s1, 870
core   0: 3 0x8000a3ca (0x3664c713) x14 0xfffffc9f
core   0: 0x8000a3ce (0x0ff0000f) fence   iorw,iorw
core   0: 3 0x8000a3ce (0x0ff0000f)
core   0: 0x8000a3d2 (0x340a67f3) csrrsi  a5, mscratch, 20
core   0: 3 0x8000a3d2 (0x340a67f3) x15 0xf0a6efc1 c832_mscratch 0xf0a6efd5
core   0: 0x8000a3d6 (0x40760533) sub     a0, a2, t2
core   0: 3 0x8000a3d6 (0x40760533) x10 0xffffffff
core   0: 0x8000a3da (0x00009336) c.add   t1, a3
core   0: 3 0x8000a3da (0x9336) x6  0xfffffffa
core   0: 0x8000a3dc (0x00a6da63) bge     a3, a0, pc + 20
core   0: 3 0x8000a3dc (0x00a6da63)
core   0: 0x8000a3e0 (0x41b28ab3) sub     s5, t0, s11
core   0: 3 0x8000a3e0 (0x41b28ab3) x21 0x00000008
core   0: 0x8000a3e4 (0x000086ae) c.mv    a3, a1
core   0: 3 0x8000a3e4 (0x86ae) x13 0x00aad000
core   0: 0x8000a3e6 (0x00e4ed33) or      s10, s1, a4
core   0: 3 0x8000a3e6 (0x00e4ed33) x26 0xffffffff
core   0: 0x8000a3ea (0x00005d7d) c.li    s10, -1
core   0: 3 0x8000a3ea (0x5d7d) x26 0xffffffff
core   0: 0x8000a3ec (0x007e6d63) bltu    t3, t2, pc + 26
core   0: 3 0x8000a3ec (0x007e6d63)
core   0: 0x8000a3f0 (0x0000c10d) c.beqz  a0, pc + 34
core   0: 3 0x8000a3f0 (0xc10d)
core   0: 0x8000a3f2 (0x00001998) c.addi4spn a4, sp, 240
core   0: 3 0x8000a3f2 (0x1998) x14 0x00000130
core   0: 0x8000a3f4 (0x02e88633) mul     a2, a7, a4
core   0: 3 0x8000a3f4 (0x02e88633) x12 0xedbbeb20
core   0: 0x8000a3f8 (0x00009cda) c.add   s9, s6
core   0: 3 0x8000a3f8 (0x9cda) x25 0x9b7bc363
core   0: 0x8000a3fa (0x00000001) c.nop
core   0: 3 0x8000a3fa (0x0001)
core   0: 0x8000a3fc (0x02cec363) blt     t4, a2, pc + 38
core   0: 3 0x8000a3fc (0x02cec363)
core   0: 0x8000a422 (0x41340133) sub     sp, s0, s3
core   0: 3 0x8000a422 (0x41340133) x2  0xf0a6efc1
core   0: 0x8000a426 (0x02fe9063) bne     t4, a5, pc + 32
core   0: 3 0x8000a426 (0x02fe9063)
core   0: 0x8000a446 (0x340cb6f3) csrrc   a3, mscratch, s9
core   0: 3 0x8000a446 (0x340cb6f3) x13 0xf0a6efd5 c832_mscratch 0x60842c94
core   0: 0x8000a44a (0x0ff0000f) fence   iorw,iorw
core   0: 3 0x8000a44a (0x0ff0000f)
core   0: 0x8000a44e (0x00008cbd) c.xor   s1, a5
core   0: 3 0x8000a44e (0x8cbd) x9  0x0f591038
core   0: 0x8000a450 (0x03c6a633) mulhsu  a2, a3, t3
core   0: 3 0x8000a450 (0x03c6a633) x12 0x00000000
core   0: 0x8000a454 (0x01ae1b93) slli    s7, t3, 26
core   0: 3 0x8000a454 (0x01ae1b93) x23 0x00000000
core   0: 0x8000a458 (0x0000956a) c.add   a0, s10
core   0: 3 0x8000a458 (0x956a) x10 0xfffffffe
core   0: 0x8000a45a (0x02eefb33) remu    s6, t4, a4
core   0: 3 0x8000a45a (0x02eefb33) x22 0x00000084
core   0: 0x8000a45e (0x00db8233) add     tp, s7, a3
core   0: 3 0x8000a45e (0x00db8233) x4  0xf0a6efd5
core   0: 0x8000a462 (0x0000100f) fence.i
core   0: 3 0x8000a462 (0x0000100f)
core   0: 0x8000a466 (0x0000717d) c.addi16sp sp, -16
core   0: 3 0x8000a466 (0x717d) x2  0xf0a6efb1
core   0: 0x8000a468 (0x000098a6) c.add   a7, s1
core   0: 3 0x8000a468 (0x98a6) x17 0x4964a0fe
core   0: 0x8000a46a (0x028af4b3) remu    s1, s5, s0
core   0: 3 0x8000a46a (0x028af4b3) x9  0x00000008
core   0: 0x8000a46e (0x00001ffd) c.addi  t6, -1
core   0: 3 0x8000a46e (0x1ffd) x31 0xffffffff
core   0: 0x8000a470 (0x340feaf3) csrrsi  s5, mscratch, 31
core   0: 3 0x8000a470 (0x340feaf3) x21 0x60842c94 c832_mscratch 0x60842c9f
core   0: 0x8000a474 (0x00004571) c.li    a0, 28
core   0: 3 0x8000a474 (0x4571) x10 0x0000001c
core   0: 0x8000a476 (0x00000001) c.nop
core   0: 3 0x8000a476 (0x0001)
core   0: 0x8000a478 (0x0000086e) c.slli  a6, 27
core   0: 3 0x8000a478 (0x086e) x16 0xe0000000
core   0: 0x8000a47a (0x00ca74b3) and     s1, s4, a2
core   0: 3 0x8000a47a (0x00ca74b3) x9  0x00000000
core   0: 0x8000a47e (0x00e25563) bge     tp, a4, pc + 10
core   0: 3 0x8000a47e (0x00e25563)
core   0: 0x8000a482 (0x00008f05) c.sub   a4, s1
core   0: 3 0x8000a482 (0x8f05) x14 0x00000130
core   0: 0x8000a484 (0x07d2fd13) andi    s10, t0, 125
core   0: 3 0x8000a484 (0x07d2fd13) x26 0x00000000
core   0: 0x8000a488 (0x340857f3) csrrwi  a5, mscratch, 16
core   0: 3 0x8000a488 (0x340857f3) x15 0x60842c9f c832_mscratch 0x00000010
core   0: 0x8000a48c (0xe6f30e13) addi    t3, t1, -401
core   0: 3 0x8000a48c (0xe6f30e13) x28 0xfffffe69
core   0: 0x8000a490 (0x0000100f) fence.i
core   0: 3 0x8000a490 (0x0000100f)
core   0: 0x8000a494 (0xdecf7493) andi    s1, t5, -532
core   0: 3 0x8000a494 (0xdecf7493) x9  0x24812000
core   0: 0x8000a498 (0x340029f3) csrr    s3, mscratch
core   0: 3 0x8000a498 (0x340029f3) x19 0x00000010
core   0: 0x8000a49c (0x340a12f3) csrrw   t0, mscratch, s4
core   0: 3 0x8000a49c (0x340a12f3) x5  0x00000010 c832_mscratch 0x67667000
core   0: 0x8000a4a0 (0x032a8e33) mul     t3, s5, s2
core   0: 3 0x8000a4a0 (0x032a8e33) x28 0x00000000
core   0: 0x8000a4a4 (0x026df663) bgeu    s11, t1, pc + 44
core   0: 3 0x8000a4a4 (0x026df663)
core   0: 0x8000a4a8 (0x00008391) c.srli  a5, 4
core   0: 3 0x8000a4a8 (0x8391) x15 0x060842c9
core   0: 0x8000a4aa (0x00f5e1b3) or      gp, a1, a5
core   0: 3 0x8000a4aa (0x00f5e1b3) x3  0x06aad2c9
core   0: 0x8000a4ae (0xce7c2813) slti    a6, s8, -793
core   0: 3 0x8000a4ae (0xce7c2813) x16 0x00000001
core   0: 0x8000a4b2 (0x00522933) slt     s2, tp, t0
core   0: 3 0x8000a4b2 (0x00522933) x18 0x00000001
core   0: 0x8000a4b6 (0x00000001) c.nop
core   0: 3 0x8000a4b6 (0x0001)
core   0: 0x8000a4b8 (0x02e746b3) div     a3, a4, a4
core   0: 3 0x8000a4b8 (0x02e746b3) x13 0x00000001
core   0: 0x8000a4bc (0x00008cdd) c.or    s1, a5
core   0: 3 0x8000a4bc (0x8cdd) x9  0x268962c9
core   0: 0x8000a4be (0x0ff0000f) fence   iorw,iorw
core   0: 3 0x8000a4be (0x0ff0000f)
core   0: 0x8000a4c2 (0x03dc19b3) mulh    s3, s8, t4
core   0: 3 0x8000a4c2 (0x03dc19b3) x19 0x3ffd8222
core   0: 0x8000a4c6 (0x0000c581) c.beqz  a1, pc + 8
core   0: 3 0x8000a4c6 (0xc581)
core   0: 0x8000a4c8 (0x0000834d) c.srli  a4, 19
core   0: 3 0x8000a4c8 (0x834d) x14 0x00000000
core   0: 0x8000a4ca (0x401a8b33) sub     s6, s5, ra
core   0: 3 0x8000a4ca (0x401a8b33) x22 0x6af8bc94
core   0: 0x8000a4ce (0x00008dad) c.xor   a1, a1
core   0: 3 0x8000a4ce (0x8dad) x11 0x00000000
core   0: 0x8000a4d0 (0x00008542) c.mv    a0, a6
core   0: 3 0x8000a4d0 (0x8542) x10 0x00000001
core   0: 0x8000a4d2 (0x02e42233) mulhsu  tp, s0, a4
core   0: 3 0x8000a4d2 (0x02e42233) x4  0x00000000
core   0: 0x8000a4d6 (0x340473f3) csrrci  t2, mscratch, 8
core   0: 3 0x8000a4d6 (0x340473f3) x7  0x67667000 c832_mscratch 0x67667000
core   0: 0x8000a4da (0x00096a13) ori     s4, s2, 0
core   0: 3 0x8000a4da (0x00096a13) x20 0x00000001
core   0: 0x8000a4de (0x3f220197) auipc   gp, 0x3f220
core   0: 3 0x8000a4de (0x3f220197) x3  0xbf22a4de
core   0: 0x8000a4e2 (0x0314f763) bgeu    s1, a7, pc + 46
core   0: 3 0x8000a4e2 (0x0314f763)
core   0: 0x8000a4e6 (0x00000508) c.addi4spn a0, sp, 640
core   0: 3 0x8000a4e6 (0x0508) x10 0xf0a6f231
core   0: 0x8000a4e8 (0x00009892) c.add   a7, tp
core   0: 3 0x8000a4e8 (0x9892) x17 0x4964a0fe
core   0: 0x8000a4ea (0x01d79533) sll     a0, a5, t4
core   0: 3 0x8000a4ea (0x01d79533) x10 0x60842c90
core   0: 0x8000a4ee (0x028bc633) div     a2, s7, s0
core   0: 3 0x8000a4ee (0x028bc633) x12 0x00000000
core   0: 0x8000a4f2 (0x02e030b3) mulhu   ra, zero, a4
core   0: 3 0x8000a4f2 (0x02e030b3) x1  0x00000000
core   0: 0x8000a4f6 (0x0ff0000f) fence   iorw,iorw
core   0: 3 0x8000a4f6 (0x0ff0000f)
core   0: 0x8000a4fa (0x4056da13) srai    s4, a3, 5
core   0: 3 0x8000a4fa (0x4056da13) x20 0x00000000
core   0: 0x8000a4fe (0x00f37033) and     zero, t1, a5
core   0: 3 0x8000a4fe (0x00f37033)
core   0: 0x8000a502 (0x00009842) c.add   a6, a6
core   0: 3 0x8000a502 (0x9842) x16 0x00000002
core   0: 0x8000a504 (0x00000001) c.nop
core   0: 3 0x8000a504 (0x0001)
core   0: 0x8000a506 (0x02eb4233) div     tp, s6, a4
core   0: 3 0x8000a506 (0x02eb4233) x4  0xffffffff
core   0: 0x8000a50a (0x34095773) csrrwi  a4, mscratch, 18
core   0: 3 0x8000a50a (0x34095773) x14 0x67667000 c832_mscratch 0x00000012
core   0: 0x8000a50e (0x00008e29) c.xor   a2, a0
core   0: 3 0x8000a50e (0x8e29) x12 0x60842c90
core   0: 0x8000a510 (0x40d2d713) srai    a4, t0, 13
core   0: 3 0x8000a510 (0x40d2d713) x14 0x00000000
core   0: 0x8000a514 (0x3408e3f3) csrrsi  t2, mscratch, 17
core   0: 3 0x8000a514 (0x3408e3f3) x7  0x00000012 c832_mscratch 0x00000013
core   0: 0x8000a518 (0x194fab93) slti    s7, t6, 404
core   0: 3 0x8000a518 (0x194fab93) x23 0x00000001
core   0: 0x8000a51c (0x00a49733) sll     a4, s1, a0
core   0: 3 0x8000a51c (0x00a49733) x14 0x62c90000
core   0: 0x8000a520 (0x41deddb3) sra     s11, t4, t4
core   0: 3 0x8000a520 (0x41deddb3) x27 0xf80029d2
core   0: 0x8000a524 (0x000093aa) c.add   t2, a0
core   0: 3 0x8000a524 (0x93aa) x7  0x60842ca2
core   0: 0x8000a526 (0x7adf2a13) slti    s4, t5, 1965
core   0: 3 0x8000a526 (0x7adf2a13) x20 0x00000000
core   0: 0x8000a52a (0x00008f6d) c.and   a4, a1
core   0: 3 0x8000a52a (0x8f6d) x14 0x00000000
core   0: 0x8000a52c (0x15996013) ori     zero, s2, 345
core   0: 3 0x8000a52c (0x15996013)
core   0: 0x8000a530 (0x032abb33) mulhu   s6, s5, s2
core   0: 3 0x8000a530 (0x032abb33) x22 0x00000000
core   0: 0x8000a534 (0x02df5933) divu    s2, t5, a3
core   0: 3 0x8000a534 (0x02df5933) x18 0x24812000
core   0: 0x8000a538 (0x02303633) mulhu   a2, zero, gp
core   0: 3 0x8000a538 (0x02303633) x12 0x00000000
core   0: 0x8000a53c (0x34061573) csrrw   a0, mscratch, a2
core   0: 3 0x8000a53c (0x34061573) x10 0x00000013 c832_mscratch 0x00000000
core   0: 0x8000a540 (0x04e21363) bne     tp, a4, pc + 70
core   0: 3 0x8000a540 (0x04e21363)
core   0: 0x8000a586 (0x013f6033) or      zero, t5, s3
core   0: 3 0x8000a586 (0x013f6033)
core   0: 0x8000a58a (0x40ec8e33) sub     t3, s9, a4
core   0: 3 0x8000a58a (0x40ec8e33) x28 0x9b7bc363
core   0: 0x8000a58e (0x00008ce1) c.and   s1, s0
core   0: 3 0x8000a58e (0x8ce1) x9  0x208062c1
core   0: 0x8000a590 (0x000009d2) c.slli  s3, 20
core   0: 3 0x8000a590 (0x09d2) x19 0x22200000
core   0: 0x8000a592 (0x000086e9) c.srai  a3, 26
core   0: 3 0x8000a592 (0x86e9) x13 0x00000000
core   0: 0x8000a594 (0x00a4be33) sltu    t3, s1, a0
core   0: 3 0x8000a594 (0x00a4be33) x28 0x00000000
core   0: 0x8000a598 (0x34021373) csrrw   t1, mscratch, tp
core   0: 3 0x8000a598 (0x34021373) x6  0x00000000 c832_mscratch 0xffffffff
core   0: 0x8000a59c (0x0093f463) bgeu    t2, s1, pc + 8
core   0: 3 0x8000a59c (0x0093f463)
core   0: 0x8000a5a4 (0xedee7493) andi    s1, t3, -290
core   0: 3 0x8000a5a4 (0xedee7493) x9  0x00000000
core   0: 0x8000a5a8 (0x3408b5f3) csrrc   a1, mscratch, a7
core   0: 3 0x8000a5a8 (0x3408b5f3) x11 0xffffffff c832_mscratch 0xb69b5f01
core   0: 0x8000a5ac (0x000082d1) c.srli  a3, 20
core   0: 3 0x8000a5ac (0x82d1) x13 0x00000000
core   0: 0x8000a5ae (0x0ff0000f) fence   iorw,iorw
core   0: 3 0x8000a5ae (0x0ff0000f)
core   0: 0x8000a5b2 (0x00008c95) c.sub   s1, a3
core   0: 3 0x8000a5b2 (0x8c95) x9  0x00000000
core   0: 0x8000a5b4 (0x016b5f13) srli    t5, s6, 22
core   0: 3 0x8000a5b4 (0x016b5f13) x30 0x00000000
core   0: 0x8000a5b8 (0x0000e321) c.bnez  a4, pc + 64
core   0: 3 0x8000a5b8 (0xe321)
core   0: 0x8000a5ba (0x02c17663) bgeu    sp, a2, pc + 44
core   0: 3 0x8000a5ba (0x02c17663)
core   0: 0x8000a5e6 (0x00006155) c.addi16sp sp, 304
core   0: 3 0x8000a5e6 (0x6155) x2  0xf0a6f0e1
core   0: 0x8000a5e8 (0x00008515) c.srai  a0, 5
core   0: 3 0x8000a5e8 (0x8515) x10 0x00000000
core   0: 0x8000a5ea (0x001970b3) and     ra, s2, ra
core   0: 3 0x8000a5ea (0x001970b3) x1  0x00000000
core   0: 0x8000a5ee (0x0000e1a9) c.bnez  a1, pc + 66
core   0: 3 0x8000a5ee (0xe1a9)
core   0: 0x8000a630 (0x00000001) c.nop
core   0: 3 0x8000a630 (0x0001)
core   0: 0x8000a632 (0x0222f7b3) remu    a5, t0, sp
core   0: 3 0x8000a632 (0x0222f7b3) x15 0x00000010
core   0: 0x8000a636 (0x00b3dd13) srli    s10, t2, 11
core   0: 3 0x8000a636 (0x00b3dd13) x26 0x000c1085
core   0: 0x8000a63a (0x00006b97) auipc   s7, 0x6
core   0: 3 0x8000a63a (0x00006b97) x23 0x8001063a
core   0: 0x8000a63e (0xf56b8b93) addi    s7, s7, -170
core   0: 3 0x8000a63e (0xf56b8b93) x23 0x80010590
core   0: 0x8000a642 (0x02a6ff33) remu    t5, a3, a0
core   0: 3 0x8000a642 (0x02a6ff33) x30 0x00000000
core   0: 0x8000a646 (0x41a25cb3) sra     s9, tp, s10
core   0: 3 0x8000a646 (0x41a25cb3) x25 0xffffffff
core   0: 0x8000a64a (0x01e77a33) and     s4, a4, t5
core   0: 3 0x8000a64a (0x01e77a33) x20 0x00000000
core   0: 0x8000a64e (0xfecb9523) sh      a2, -22(s7)
core   0: 3 0x8000a64e (0xfecb9523) mem 0x8001057a 0x0000
core   0: 0x8000a652 (0xfd2b9423) sh      s2, -56(s7)
core   0: 3 0x8000a652 (0xfd2b9423) mem 0x80010558 0x2000
core   0: 0x8000a656 (0xf83b82a3) sb      gp, -123(s7)
core   0: 3 0x8000a656 (0xf83b82a3) mem 0x80010515 0xde
core   0: 0x8000a65a (0x02f918b3) mulh    a7, s2, a5
core   0: 3 0x8000a65a (0x02f918b3) x17 0x00000002
core   0: 0x8000a65e (0xf60b83a3) sb      zero, -153(s7)
core   0: 3 0x8000a65e (0xf60b83a3) mem 0x800104f7 0x00
core   0: 0x8000a662 (0x000059fd) c.li    s3, -1
core   0: 3 0x8000a662 (0x59fd) x19 0xffffffff
core   0: 0x8000a664 (0x0123d833) srl     a6, t2, s2
core   0: 3 0x8000a664 (0x0123d833) x16 0x60842ca2
core   0: 0x8000a668 (0x34002073) csrr    zero, mscratch
core   0: 3 0x8000a668 (0x34002073)
core   0: 0x8000a66c (0x0217f6b3) remu    a3, a5, ra
core   0: 3 0x8000a66c (0x0217f6b3) x13 0x00000010
core   0: 0x8000a670 (0xe46ceb13) ori     s6, s9, -442
core   0: 3 0x8000a670 (0xe46ceb13) x22 0xffffffff
core   0: 0x8000a674 (0xfc0b9983) lh      s3, -64(s7)
core   0: 3 0x8000a674 (0xfc0b9983) x19 0x00000000 mem 0x80010550
core   0: 0x8000a678 (0x03ab9303) lh      t1, 58(s7)
core   0: 3 0x8000a678 (0x03ab9303) x6  0x00000000 mem 0x800105ca
core   0: 0x8000a67c (0xfefbc903) lbu     s2, -17(s7)
core   0: 3 0x8000a67c (0xfefbc903) x18 0x00000000 mem 0x8001057f
core   0: 0x8000a680 (0x0ff0000f) fence   iorw,iorw
core   0: 3 0x8000a680 (0x0ff0000f)
core   0: 0x8000a684 (0x09db82a3) sb      t4, 133(s7)
core   0: 3 0x8000a684 (0x09db82a3) mem 0x80010615 0x24
core   0: 0x8000a688 (0x00008e7d) c.and   a2, a5
core   0: 3 0x8000a688 (0x8e7d) x12 0x00000000
core   0: 0x8000a68a (0x9919f213) andi    tp, s3, -1647
core   0: 3 0x8000a68a (0x9919f213) x4  0x00000000
core   0: 0x8000a68e (0x9aeff913) andi    s2, t6, -1618
core   0: 3 0x8000a68e (0x9aeff913) x18 0xfffff9ae
core   0: 0x8000a692 (0x059b8d03) lb      s10, 89(s7)
core   0: 3 0x8000a692 (0x059b8d03) x26 0x00000000 mem 0x800105e9
core   0: 0x8000a696 (0x00151093) slli    ra, a0, 1
core   0: 3 0x8000a696 (0x00151093) x1  0x00000000
core   0: 0x8000a69a (0xf98b9103) lh      sp, -104(s7)
core   0: 3 0x8000a69a (0xf98b9103) x2  0x00000000 mem 0x80010528
core   0: 0x8000a69e (0x0000188c) c.addi4spn a1, sp, 112
core   0: 3 0x8000a69e (0x188c) x11 0x00000070
core   0: 0x8000a6a0 (0x008be0b3) or      ra, s7, s0
core   0: 3 0x8000a6a0 (0x008be0b3) x1  0xf0a7efd1
core   0: 0x8000a6a4 (0x34001ff3) csrrw   t6, mscratch, zero
core   0: 3 0x8000a6a4 (0x34001ff3) x31 0xb69b5f01 c832_mscratch 0x00000000
core   0: 0x8000a6a8 (0x0000100f) fence.i
core   0: 3 0x8000a6a8 (0x0000100f)
core   0: 0x8000a6ac (0x000080a9) c.srli  s1, 10
core   0: 3 0x8000a6ac (0x80a9) x9  0x00000000
core   0: 0x8000a6ae (0x01f2ea33) or      s4, t0, t6
core   0: 3 0x8000a6ae (0x01f2ea33) x20 0xb69b5f11
core   0: 0x8000a6b2 (0x34003673) csrrc   a2, mscratch, zero
core   0: 3 0x8000a6b2 (0x34003673) x12 0x00000000
core   0: 0x8000a6b6 (0x000080ca) c.mv    ra, s2
core   0: 3 0x8000a6b6 (0x80ca) x1  0xfffff9ae
core   0: 0x8000a6b8 (0x01c55593) srli    a1, a0, 28
core   0: 3 0x8000a6b8 (0x01c55593) x11 0x00000000
core   0: 0x8000a6bc (0x010c72b3) and     t0, s8, a6
core   0: 3 0x8000a6bc (0x010c72b3) x5  0x00000ca0
core   0: 0x8000a6c0 (0x00004321) c.li    t1, 8
core   0: 3 0x8000a6c0 (0x4321) x6  0x00000008
core   0: 0x8000a6c2 (0xc83c8b93) addi    s7, s9, -893
core   0: 3 0x8000a6c2 (0xc83c8b93) x23 0xfffffc82
core   0: 0x8000a6c6 (0x012794b3) sll     s1, a5, s2
core   0: 3 0x8000a6c6 (0x012794b3) x9  0x00040000
core   0: 0x8000a6ca (0x00006c9d) c.lui   s9, 0x7
core   0: 3 0x8000a6ca (0x6c9d) x25 0x00007000
core   0: 0x8000a6cc (0x0000100f) fence.i
core   0: 3 0x8000a6cc (0x0000100f)
core   0: 0x8000a6d0 (0x03638933) mul     s2, t2, s6
core   0: 3 0x8000a6d0 (0x03638933) x18 0x9f7bd35e
core   0: 0x8000a6d4 (0x00006109) c.addi16sp sp, 128
core   0: 3 0x8000a6d4 (0x6109) x2  0x00000080
core   0: 0x8000a6d6 (0x0225d1b3) divu    gp, a1, sp
core   0: 3 0x8000a6d6 (0x0225d1b3) x3  0x00000000
core   0: 0x8000a6da (0x340d5cf3) csrrwi  s9, mscratch, 26
core   0: 3 0x8000a6da (0x340d5cf3) x25 0x00000000 c832_mscratch 0x0000001a
core   0: 0x8000a6de (0x02d60363) beq     a2, a3, pc + 38
core   0: 3 0x8000a6de (0x02d60363)
core   0: 0x8000a6e2 (0x00d692b3) sll     t0, a3, a3
core   0: 3 0x8000a6e2 (0x00d692b3) x5  0x00100000
core   0: 0x8000a6e6 (0x00000001) c.nop
core   0: 3 0x8000a6e6 (0x0001)
core   0: 0x8000a6e8 (0x000005fe) c.slli  a1, 31
core   0: 3 0x8000a6e8 (0x05fe) x11 0x00000000
core   0: 0x8000a6ea (0x02472533) mulhsu  a0, a4, tp
core   0: 3 0x8000a6ea (0x02472533) x10 0x00000000
core   0: 0x8000a6ee (0x00a65b33) srl     s6, a2, a0
core   0: 3 0x8000a6ee (0x00a65b33) x22 0x00000000
core   0: 0x8000a6f2 (0x00006e5d) c.lui   t3, 0x17
core   0: 3 0x8000a6f2 (0x6e5d) x28 0x00017000
core   0: 0x8000a6f4 (0x036b9f33) mulh    t5, s7, s6
core   0: 3 0x8000a6f4 (0x036b9f33) x30 0x00000000
core   0: 0x8000a6f8 (0x00000b90) c.addi4spn a2, sp, 464
core   0: 3 0x8000a6f8 (0x0b90) x12 0x00000250
core   0: 0x8000a6fa (0x0000c509) c.beqz  a0, pc + 10
core   0: 3 0x8000a6fa (0xc509)
core   0: 0x8000a704 (0x00434b33) xor     s6, t1, tp
core   0: 3 0x8000a704 (0x00434b33) x22 0x00000008
core   0: 0x8000a708 (0x021e7d63) bgeu    t3, ra, pc + 58
core   0: 3 0x8000a708 (0x021e7d63)
core   0: 0x8000a70c (0x0ff0000f) fence   iorw,iorw
core   0: 3 0x8000a70c (0x0ff0000f)
core   0: 0x8000a710 (0x727a6e17) auipc   t3, 0x727a6
core   0: 3 0x8000a710 (0x727a6e17) x28 0xf27b0710
core   0: 0x8000a714 (0x01899bb3) sll     s7, s3, s8
core   0: 3 0x8000a714 (0x01899bb3) x23 0x00000000
core   0: 0x8000a718 (0x01a56d33) or      s10, a0, s10
core   0: 3 0x8000a718 (0x01a56d33) x26 0x00000000
core   0: 0x8000a71c (0xbf61a793) slti    a5, gp, -1034
core   0: 3 0x8000a71c (0xbf61a793) x15 0x00000000
core   0: 0x8000a720 (0x00000001) c.nop
core   0: 3 0x8000a720 (0x0001)
core   0: 0x8000a722 (0x02dfcc63) blt     t6, a3, pc + 56
core   0: 3 0x8000a722 (0x02dfcc63)
core   0: 0x8000a75a (0x021bccb3) div     s9, s7, ra
core   0: 3 0x8000a75a (0x021bccb3) x25 0x00000000
core   0: 0x8000a75e (0x005ef933) and     s2, t4, t0
core   0: 3 0x8000a75e (0x005ef933) x18 0x00000000
core   0: 0x8000a762 (0x0000980e) c.add   a6, gp
core   0: 3 0x8000a762 (0x980e) x16 0x60842ca2
core   0: 0x8000a764 (0x00000001) c.nop
core   0: 3 0x8000a764 (0x0001)
core   0: 0x8000a766 (0x3408a073) csrs    mscratch, a7
core   0: 3 0x8000a766 (0x3408a073) c832_mscratch 0x0000001a
core   0: 0x8000a76a (0x00006129) c.addi16sp sp, 192
core   0: 3 0x8000a76a (0x6129) x2  0x00000140
core   0: 0x8000a76c (0x039b22b3) mulhsu  t0, s6, s9
core   0: 3 0x8000a76c (0x039b22b3) x5  0x00000000
core   0: 0x8000a770 (0x000080e9) c.srli  s1, 26
core   0: 3 0x8000a770 (0x80e9) x9  0x00000000
core   0: 0x8000a772 (0x0076b533) sltu    a0, a3, t2
core   0: 3 0x8000a772 (0x0076b533) x10 0x00000001
core   0: 0x8000a776 (0x00000001) c.nop
core   0: 3 0x8000a776 (0x0001)
core   0: 0x8000a778 (0x02c25763) bge     tp, a2, pc + 46
core   0: 3 0x8000a778 (0x02c25763)
core   0: 0x8000a77c (0x01cba313) slti    t1, s7, 28
core   0: 3 0x8000a77c (0x01cba313) x6  0x00000001
core   0: 0x8000a780 (0x000083bd) c.srli  a5, 15
core   0: 3 0x8000a780 (0x83bd) x15 0x00000000
core   0: 0x8000a782 (0x340cf7f3) csrrci  a5, mscratch, 25
core   0: 3 0x8000a782 (0x340cf7f3) x15 0x0000001a c832_mscratch 0x00000002
core   0: 0x8000a786 (0x00008cf5) c.and   s1, a3
core   0: 3 0x8000a786 (0x8cf5) x9  0x00000000
core   0: 0x8000a788 (0x41655233) sra     tp, a0, s6
core   0: 3 0x8000a788 (0x41655233) x4  0x00000000
core   0: 0x8000a78c (0x34001073) csrw    mscratch, zero
core   0: 3 0x8000a78c (0x34001073) c832_mscratch 0x00000000
core   0: 0x8000a790 (0xc4dd3b93) sltiu   s7, s10, -947
core   0: 3 0x8000a790 (0xc4dd3b93) x23 0x00000001
core   0: 0x8000a794 (0x00008d11) c.sub   a0, a2
core   0: 3 0x8000a794 (0x8d11) x10 0xfffffdb1
core   0: 0x8000a796 (0x02d3ddb3) divu    s11, t2, a3
core   0: 3 0x8000a796 (0x02d3ddb3) x27 0x060842ca
core   0: 0x8000a79a (0xe5730893) addi    a7, t1, -425
core   0: 3 0x8000a79a (0xe5730893) x17 0xfffffe58
core   0: 0x8000a79e (0x00008f5d) c.or    a4, a5
core   0: 3 0x8000a79e (0x8f5d) x14 0x0000001a
core   0: 0x8000a7a0 (0x340b1b73) csrrw   s6, mscratch, s6
core   0: 3 0x8000a7a0 (0x340b1b73) x22 0x00000000 c832_mscratch 0x00000008
core   0: 0x8000a7a4 (0x0000825d) c.srli  a2, 23
core   0: 3 0x8000a7a4 (0x825d) x12 0x00000000
core   0: 0x8000a7a6 (0x34061773) csrrw   a4, mscratch, a2
core   0: 3 0x8000a7a6 (0x34061773) x14 0x00000008 c832_mscratch 0x00000000
core   0: 0x8000a7aa (0x01ec5663) bge     s8, t5, pc + 12
core   0: 3 0x8000a7aa (0x01ec5663)
core   0: 0x8000a7ae (0xaf736d13) ori     s10, t1, -1289
core   0: 3 0x8000a7ae (0xaf736d13) x26 0xfffffaf7
core   0: 0x8000a7b2 (0x3405fff3) csrrci  t6, mscratch, 11
core   0: 3 0x8000a7b2 (0x3405fff3) x31 0x00000000 c832_mscratch 0x00000000
core   0: 0x8000a7b6 (0x409dbbb7) lui     s7, 0x409db
core   0: 3 0x8000a7b6 (0x409dbbb7) x23 0x409db000
core   0: 0x8000a7ba (0x340222f3) csrrs   t0, mscratch, tp
core   0: 3 0x8000a7ba (0x340222f3) x5  0x00000000 c832_mscratch 0x00000000
core   0: 0x8000a7be (0x01ddc2b3) xor     t0, s11, t4
core   0: 3 0x8000a7be (0x01ddc2b3) x5  0x860adfee
core   0: 0x8000a7c2 (0x0000100f) fence.i
core   0: 3 0x8000a7c2 (0x0000100f)
core   0: 0x8000a7c6 (0x00008275) c.srli  a2, 29
core   0: 3 0x8000a7c6 (0x8275) x12 0x00000000
core   0: 0x8000a7c8 (0xcbbefe37) lui     t3, 0xcbbef
core   0: 3 0x8000a7c8 (0xcbbefe37) x28 0xcbbef000
core   0: 0x8000a7cc (0x340db873) csrrc   a6, mscratch, s11
core   0: 3 0x8000a7cc (0x340db873) x16 0x00000000 c832_mscratch 0x00000000
core   0: 0x8000a7d0 (0x00000b91) c.addi  s7, 4
core   0: 3 0x8000a7d0 (0x0b91) x23 0x409db004
core   0: 0x8000a7d2 (0x34086f73) csrrsi  t5, mscratch, 16
core   0: 3 0x8000a7d2 (0x34086f73) x30 0x00000000 c832_mscratch 0x00000010
core   0: 0x8000a7d6 (0x01f4e463) bltu    s1, t6, pc + 8
core   0: 3 0x8000a7d6 (0x01f4e463)
core   0: 0x8000a7da (0x34099d73) csrrw   s10, mscratch, s3
core   0: 3 0x8000a7da (0x34099d73) x26 0x00000010 c832_mscratch 0x00000000
core   0: 0x8000a7de (0x020b8c63) beqz    s7, pc + 56
core   0: 3 0x8000a7de (0x020b8c63)
core   0: 0x8000a7e2 (0x0046cdb3) xor     s11, a3, tp
core   0: 3 0x8000a7e2 (0x0046cdb3) x27 0x00000010
core   0: 0x8000a7e6 (0x004239b3) sltu    s3, tp, tp
core   0: 3 0x8000a7e6 (0x004239b3) x19 0x00000000
core   0: 0x8000a7ea (0x00008d56) c.mv    s10, s5
core   0: 3 0x8000a7ea (0x8d56) x26 0x60842c94
core   0: 0x8000a7ec (0x00023db3) sltu    s11, tp, zero
core   0: 3 0x8000a7ec (0x00023db3) x27 0x00000000
core   0: 0x8000a7f0 (0x00008895) c.andi  s1, 5
core   0: 3 0x8000a7f0 (0x8895) x9  0x00000000
core   0: 0x8000a7f2 (0x0207c463) bltz    a5, pc + 40
core   0: 3 0x8000a7f2 (0x0207c463)
core   0: 0x8000a7f6 (0x0185e663) bltu    a1, s8, pc + 12
core   0: 3 0x8000a7f6 (0x0185e663)
core   0: 0x8000a802 (0xc46a3217) auipc   tp, 0xc46a3
core   0: 3 0x8000a802 (0xc46a3217) x4  0x446ad802
core   0: 0x8000a806 (0x00008d99) c.sub   a1, a4
core   0: 3 0x8000a806 (0x8d99) x11 0xfffffff8
core   0: 0x8000a808 (0x024e1e33) mulh    t3, t3, tp
core   0: 3 0x8000a808 (0x024e1e33) x28 0xf208e8b8
core   0: 0x8000a80c (0x015b2fb3) slt     t6, s6, s5
core   0: 3 0x8000a80c (0x015b2fb3) x31 0x00000001
core   0: 0x8000a810 (0xf5217613) andi    a2, sp, -174
core   0: 3 0x8000a810 (0xf5217613) x12 0x00000140
core   0: 0x8000a814 (0x00001604) c.addi4spn s1, sp, 800
core   0: 3 0x8000a814 (0x1604) x9  0x00000460
core   0: 0x8000a816 (0x34003b73) csrrc   s6, mscratch, zero
core   0: 3 0x8000a816 (0x34003b73) x22 0x00000000
core   0: 0x8000a81a (0x3403f373) csrrci  t1, mscratch, 7
core   0: 3 0x8000a81a (0x3403f373) x6  0x00000000 c832_mscratch 0x00000000
core   0: 0x8000a81e (0x0000090a) c.slli  s2, 2
core   0: 3 0x8000a81e (0x090a) x18 0x00000000
core   0: 0x8000a820 (0x0ff0000f) fence   iorw,iorw
core   0: 3 0x8000a820 (0x0ff0000f)
core   0: 0x8000a824 (0x00008d91) c.sub   a1, a2
core   0: 3 0x8000a824 (0x8d91) x11 0xfffffeb8
core   0: 0x8000a826 (0x0000c209) c.beqz  a2, pc + 2
core   0: 3 0x8000a826 (0xc209)
core   0: 0x8000a828 (0x34059373) csrrw   t1, mscratch, a1
core   0: 3 0x8000a828 (0x34059373) x6  0x00000000 c832_mscratch 0xfffffeb8
core   0: 0x8000a82c (0x017157b3) srl     a5, sp, s7
core   0: 3 0x8000a82c (0x017157b3) x15 0x00000014
core   0: 0x8000a830 (0x3402f573) csrrci  a0, mscratch, 5
core   0: 3 0x8000a830 (0x3402f573) x10 0xfffffeb8 c832_mscratch 0xfffffeb8
core   0: 0x8000a834 (0x037c9533) mulh    a0, s9, s7
core   0: 3 0x8000a834 (0x037c9533) x10 0x00000000
core   0: 0x8000a838 (0x0000e091) c.bnez  s1, pc + 4
core   0: 3 0x8000a838 (0xe091)
core   0: 0x8000a83c (0x006154b3) srl     s1, sp, t1
core   0: 3 0x8000a83c (0x006154b3) x9  0x00000140
core   0: 0x8000a840 (0x00855313) srli    t1, a0, 8
core   0: 3 0x8000a840 (0x00855313) x6  0x00000000
core   0: 0x8000a844 (0x5628ab93) slti    s7, a7, 1378
core   0: 3 0x8000a844 (0x5628ab93) x23 0x00000001
core   0: 0x8000a848 (0x7e61f693) andi    a3, gp, 2022
core   0: 3 0x8000a848 (0x7e61f693) x13 0x00000000
core   0: 0x8000a84c (0x18113d13) sltiu   s10, sp, 385
core   0: 3 0x8000a84c (0x18113d13) x26 0x00000001
core   0: 0x8000a850 (0x340039f3) csrrc   s3, mscratch, zero
core   0: 3 0x8000a850 (0x340039f3) x19 0xfffffeb8
core   0: 0x8000a854 (0x23a88e13) addi    t3, a7, 570
core   0: 3 0x8000a854 (0x23a88e13) x28 0x00000092
core   0: 0x8000a858 (0x340853f3) csrrwi  t2, mscratch, 16
core   0: 3 0x8000a858 (0x340853f3) x7  0xfffffeb8 c832_mscratch 0x00000010
core   0: 0x8000a85c (0x41a0df33) sra     t5, ra, s10
core   0: 3 0x8000a85c (0x41a0df33) x30 0xfffffcd7
core   0: 0x8000a860 (0x013bc563) blt     s7, s3, pc + 10
core   0: 3 0x8000a860 (0x013bc563)
core   0: 0x8000a864 (0x0000c791) c.beqz  a5, pc + 12
core   0: 3 0x8000a864 (0xc791)
core   0: 0x8000a866 (0x01863bb3) sltu    s7, a2, s8
core   0: 3 0x8000a866 (0x01863bb3) x23 0x00000001
core   0: 0x8000a86a (0x0000995a) c.add   s2, s6
core   0: 3 0x8000a86a (0x995a) x18 0x00000000
core   0: 0x8000a86c (0x01db0f63) beq     s6, t4, pc + 30
core   0: 3 0x8000a86c (0x01db0f63)
core   0: 0x8000a870 (0x01189093) slli    ra, a7, 17
core   0: 3 0x8000a870 (0x01189093) x1  0xfcb00000
core   0: 0x8000a874 (0x00000584) c.addi4spn s1, sp, 704
core   0: 3 0x8000a874 (0x0584) x9  0x00000400
core   0: 0x8000a876 (0x41ac8e33) sub     t3, s9, s10
core   0: 3 0x8000a876 (0x41ac8e33) x28 0xffffffff
core   0: 0x8000a87a (0x00000876) c.slli  a6, 29
core   0: 3 0x8000a87a (0x0876) x16 0x00000000
core   0: 0x8000a87c (0x00000001) c.nop
core   0: 3 0x8000a87c (0x0001)
core   0: 0x8000a87e (0x91c0c013) xori    zero, ra, -1764
core   0: 3 0x8000a87e (0x91c0c013)
core   0: 0x8000a882 (0x03d43fb3) mulhu   t6, s0, t4
core   0: 3 0x8000a882 (0x03d43fb3) x31 0x7855ece6
core   0: 0x8000a886 (0x34045d73) csrrwi  s10, mscratch, 8
core   0: 3 0x8000a886 (0x34045d73) x26 0x00000010 c832_mscratch 0x00000008
core   0: 0x8000a88a (0xde14f293) andi    t0, s1, -543
core   0: 3 0x8000a88a (0xde14f293) x5  0x00000400
core   0: 0x8000a88e (0x0000100f) fence.i
core   0: 3 0x8000a88e (0x0000100f)
core   0: 0x8000a892 (0x018880b3) add     ra, a7, s8
core   0: 3 0x8000a892 (0x018880b3) x1  0x80025cfc
core   0: 0x8000a896 (0xc88c8f13) addi    t5, s9, -888
core   0: 3 0x8000a896 (0xc88c8f13) x30 0xfffffc88
core   0: 0x8000a89a (0x002b9333) sll     t1, s7, sp
core   0: 3 0x8000a89a (0x002b9333) x6  0x00000001
core   0: 0x8000a89e (0x00008885) c.andi  s1, 1
core   0: 3 0x8000a89e (0x8885) x9  0x00000000
core   0: 0x8000a8a0 (0x9e1f6b13) ori     s6, t5, -1567
core   0: 3 0x8000a8a0 (0x9e1f6b13) x22 0xfffffde9
core   0: 0x8000a8a4 (0x9b016213) ori     tp, sp, -1616
core   0: 3 0x8000a8a4 (0x9b016213) x4  0xfffff9f0
core   0: 0x8000a8a8 (0x01f9b9b3) sltu    s3, s3, t6
core   0: 3 0x8000a8a8 (0x01f9b9b3) x19 0x00000000
core   0: 0x8000a8ac (0x00008de5) c.and   a1, s1
core   0: 3 0x8000a8ac (0x8de5) x11 0x00000000
core   0: 0x8000a8ae (0x3405b2f3) csrrc   t0, mscratch, a1
core   0: 3 0x8000a8ae (0x3405b2f3) x5  0x00000008 c832_mscratch 0x00000008
core   0: 0x8000a8b2 (0x00004d6d) c.li    s10, 27
core   0: 3 0x8000a8b2 (0x4d6d) x26 0x0000001b
core   0: 0x8000a8b4 (0x00000001) c.nop
core   0: 3 0x8000a8b4 (0x0001)
core   0: 0x8000a8b6 (0x01079313) slli    t1, a5, 16
core   0: 3 0x8000a8b6 (0x01079313) x6  0x00140000
core   0: 0x8000a8ba (0x0139c263) blt     s3, s3, pc + 4
core   0: 3 0x8000a8ba (0x0139c263)
core   0: 0x8000a8be (0x02ff4733) div     a4, t5, a5
core   0: 3 0x8000a8be (0x02ff4733) x14 0xffffffd4
core   0: 0x8000a8c2 (0x00008cb9) c.xor   s1, a4
core   0: 3 0x8000a8c2 (0x8cb9) x9  0xffffffd4
core   0: 0x8000a8c4 (0x00008da1) c.xor   a1, s0
core   0: 3 0x8000a8c4 (0x8da1) x11 0xf0a6efc1
core   0: 0x8000a8c6 (0x00006125) c.addi16sp sp, 96
core   0: 3 0x8000a8c6 (0x6125) x2  0x000001a0
core   0: 0x8000a8c8 (0x0000717d) c.addi16sp sp, -16
core   0: 3 0x8000a8c8 (0x717d) x2  0x00000190
core   0: 0x8000a8ca (0xebbcaa93) slti    s5, s9, -325
core   0: 3 0x8000a8ca (0xebbcaa93) x21 0x00000000
core   0: 0x8000a8ce (0x00a74d33) xor     s10, a4, a0
core   0: 3 0x8000a8ce (0x00a74d33) x26 0xffffffd4
core   0: 0x8000a8d2 (0x024f9233) mulh    tp, t6, tp
core   0: 3 0x8000a8d2 (0x024f9233) x4  0xfffffd26
core   0: 0x8000a8d6 (0x00000242) c.slli  tp, 16
core   0: 3 0x8000a8d6 (0x0242) x4  0xfd260000
core   0: 0x8000a8d8 (0x04015463) bgez    sp, pc + 72
core   0: 3 0x8000a8d8 (0x04015463)
core   0: 0x8000a920 (0x00001f98) c.addi4spn a4, sp, 1008
core   0: 3 0x8000a920 (0x1f98) x14 0x00000580
core   0: 0x8000a922 (0x417a5f33) sra     t5, s4, s7
core   0: 3 0x8000a922 (0x417a5f33) x30 0xdb4daf88
core   0: 0x8000a926 (0x00c58a63) beq     a1, a2, pc + 20
core   0: 3 0x8000a926 (0x00c58a63)
core   0: 0x8000a92a (0x00001afd) c.addi  s5, -1
core   0: 3 0x8000a92a (0x1afd) x21 0xffffffff
core   0: 0x8000a92c (0x00000b04) c.addi4spn s1, sp, 400
core   0: 3 0x8000a92c (0x0b04) x9  0x00000320
core   0: 0x8000a92e (0x02ccd133) divu    sp, s9, a2
core   0: 3 0x8000a92e (0x02ccd133) x2  0x00000000
core   0: 0x8000a932 (0x02fd9cb7) lui     s9, 0x2fd9
core   0: 3 0x8000a932 (0x02fd9cb7) x25 0x02fd9000
core   0: 0x8000a936 (0x002405b3) add     a1, s0, sp
core   0: 3 0x8000a936 (0x002405b3) x11 0xf0a6efc1
core   0: 0x8000a93a (0x00004df5) c.li    s11, 29
core   0: 3 0x8000a93a (0x4df5) x27 0x0000001d
core   0: 0x8000a93c (0x00141ab3) sll     s5, s0, ra
core   0: 3 0x8000a93c (0x00141ab3) x21 0x10000000
core   0: 0x8000a940 (0x02710763) beq     sp, t2, pc + 46
core   0: 3 0x8000a940 (0x02710763)
core   0: 0x8000a944 (0x34007273) csrrci  tp, mscratch, 0
core   0: 3 0x8000a944 (0x34007273) x4  0x00000008
core   0: 0x8000a948 (0x668b6a13) ori     s4, s6, 1640
core   0: 3 0x8000a948 (0x668b6a13) x20 0xffffffe9
core   0: 0x8000a94c (0x021d05b3) mul     a1, s10, ra
core   0: 3 0x8000a94c (0x021d05b3) x11 0xff9804b0
core   0: 0x8000a950 (0x0007c5b3) xor     a1, a5, zero
core   0: 3 0x8000a950 (0x0007c5b3) x11 0x00000014
core   0: 0x8000a954 (0x1ed90c93) addi    s9, s2, 493
core   0: 3 0x8000a954 (0x1ed90c93) x25 0x000001ed
core   0: 0x8000a958 (0x340027f3) csrr    a5, mscratch
core   0: 3 0x8000a958 (0x340027f3) x15 0x00000008
core   0: 0x8000a95c (0x5fdd4913) xori    s2, s10, 1533
core   0: 3 0x8000a95c (0x5fdd4913) x18 0xfffffa29
core   0: 0x8000a960 (0x000006f2) c.slli  a3, 28
core   0: 3 0x8000a960 (0x06f2) x13 0x00000000
core   0: 0x8000a962 (0x01907f33) and     t5, zero, s9
core   0: 3 0x8000a962 (0x01907f33) x30 0x00000000
core   0: 0x8000a966 (0x03f81833) mulh    a6, a6, t6
core   0: 3 0x8000a966 (0x03f81833) x16 0x00000000
core   0: 0x8000a96a (0x0000100f) fence.i
core   0: 3 0x8000a96a (0x0000100f)
core   0: 0x8000a96e (0x0018f2b3) and     t0, a7, ra
core   0: 3 0x8000a96e (0x0018f2b3) x5  0x80025c58
core   0: 0x8000a972 (0x02db4e33) div     t3, s6, a3
core   0: 3 0x8000a972 (0x02db4e33) x28 0xffffffff
core   0: 0x8000a976 (0x0000c989) c.beqz  a1, pc + 18
core   0: 3 0x8000a976 (0xc989)
core   0: 0x8000a978 (0x0000026a) c.slli  tp, 26
core   0: 3 0x8000a978 (0x026a) x4  0x20000000
core   0: 0x8000a97a (0x00008fa9) c.xor   a5, a0
core   0: 3 0x8000a97a (0x8fa9) x15 0x00000008
core   0: 0x8000a97c (0x00dfc863) blt     t6, a3, pc + 16
core   0: 3 0x8000a97c (0x00dfc863)
core   0: 0x8000a980 (0x0004cd33) xor     s10, s1, zero
core   0: 3 0x8000a980 (0x0004cd33) x26 0x00000320
core   0: 0x8000a984 (0x0015ff33) and     t5, a1, ra
core   0: 3 0x8000a984 (0x0015ff33) x30 0x00000014
core   0: 0x8000a988 (0x00008fd1) c.or    a5, a2
core   0: 3 0x8000a988 (0x8fd1) x15 0x00000148
core   0: 0x8000a98a (0x000008c6) c.slli  a7, 17
core   0: 3 0x8000a98a (0x08c6) x17 0xfcb00000
core   0: 0x8000a98c (0x00008e1a) c.mv    t3, t1
core   0: 3 0x8000a98c (0x8e1a) x28 0x00140000
core   0: 0x8000a98e (0x00008fa5) c.xor   a5, s1
core   0: 3 0x8000a98e (0x8fa5) x15 0x00000268
core   0: 0x8000a990 (0x02ffadb3) mulhsu  s11, t6, a5
core   0: 3 0x8000a990 (0x02ffadb3) x27 0x00000121
core   0: 0x8000a994 (0x017d6933) or      s2, s10, s7
core   0: 3 0x8000a994 (0x017d6933) x18 0x00000321
core   0: 0x8000a998 (0x340750f3) csrrwi  ra, mscratch, 14
core   0: 3 0x8000a998 (0x340750f3) x1  0x00000008 c832_mscratch 0x0000000e
core   0: 0x8000a99c (0x00008ff1) c.and   a5, a2
core   0: 3 0x8000a99c (0x8ff1) x15 0x00000040
core   0: 0x8000a99e (0x00000001) c.nop
core   0: 3 0x8000a99e (0x0001)
core   0: 0x8000a9a0 (0x00e222b3) slt     t0, tp, a4
core   0: 3 0x8000a9a0 (0x00e222b3) x5  0x00000000
core   0: 0x8000a9a4 (0x34099073) csrw    mscratch, s3
core   0: 3 0x8000a9a4 (0x34099073) c832_mscratch 0x00000000
core   0: 0x8000a9a8 (0x019aee13) ori     t3, s5, 25
core   0: 3 0x8000a9a8 (0x019aee13) x28 0x10000019
core   0: 0x8000a9ac (0x026b4863) blt     s6, t1, pc + 48
core   0: 3 0x8000a9ac (0x026b4863)
core   0: 0x8000a9dc (0x03e95963) bge     s2, t5, pc + 50
core   0: 3 0x8000a9dc (0x03e95963)
core   0: 0x8000aa0e (0x0365d633) divu    a2, a1, s6
core   0: 3 0x8000aa0e (0x0365d633) x12 0x00000000
core   0: 0x8000aa12 (0x01685093) srli    ra, a6, 22
core   0: 3 0x8000aa12 (0x01685093) x1  0x00000000
core   0: 0x8000aa16 (0x00000001) c.nop
core   0: 3 0x8000aa16 (0x0001)
core   0: 0x8000aa18 (0x00f65513) srli    a0, a2, 15
core   0: 3 0x8000aa18 (0x00f65513) x10 0x00000000
core   0: 0x8000aa1c (0x340a12f3) csrrw   t0, mscratch, s4
core   0: 3 0x8000aa1c (0x340a12f3) x5  0x00000000 c832_mscratch 0xffffffe9
core   0: 0x8000aa20 (0x416dd533) sra     a0, s11, s6
core   0: 3 0x8000aa20 (0x416dd533) x10 0x00000000
core   0: 0x8000aa24 (0x0ff0000f) fence   iorw,iorw
core   0: 3 0x8000aa24 (0x0ff0000f)
core   0: 0x8000aa28 (0x34007673) csrrci  a2, mscratch, 0
core   0: 3 0x8000aa28 (0x34007673) x12 0xffffffe9
core   0: 0x8000aa2c (0x00000d7a) c.slli  s10, 30
core   0: 3 0x8000aa2c (0x0d7a) x26 0x00000000
core   0: 0x8000aa2e (0x0374c533) div     a0, s1, s7
core   0: 3 0x8000aa2e (0x0374c533) x10 0x00000320
core   0: 0x8000aa32 (0x01eab633) sltu    a2, s5, t5
core   0: 3 0x8000aa32 (0x01eab633) x12 0x00000000
core   0: 0x8000aa36 (0x027c7a63) bgeu    s8, t2, pc + 52
core   0: 3 0x8000aa36 (0x027c7a63)
core   0: 0x8000aa3a (0x0000924e) c.add   tp, s3
core   0: 3 0x8000aa3a (0x924e) x4  0x20000000
core   0: 0x8000aa3c (0x000097b2) c.add   a5, a2
core   0: 3 0x8000aa3c (0x97b2) x15 0x00000040
core   0: 0x8000aa3e (0x90926c93) ori     s9, tp, -1783
core   0: 3 0x8000aa3e (0x90926c93) x25 0xfffff909
core   0: 0x8000aa42 (0x34007d73) csrrci  s10, mscratch, 0
core   0: 3 0x8000aa42 (0x34007d73) x26 0xffffffe9
core   0: 0x8000aa46 (0x01fe5663) bge     t3, t6, pc + 12
core   0: 3 0x8000aa46 (0x01fe5663)
core   0: 0x8000aa4a (0x03767fb3) remu    t6, a2, s7
core   0: 3 0x8000aa4a (0x03767fb3) x31 0x00000000
core   0: 0x8000aa4e (0x01f15233) srl     tp, sp, t6
core   0: 3 0x8000aa4e (0x01f15233) x4  0x00000000
core   0: 0x8000aa52 (0x00008dbd) c.xor   a1, a5
core   0: 3 0x8000aa52 (0x8dbd) x11 0x00000054
core   0: 0x8000aa54 (0x00d4bbb3) sltu    s7, s1, a3
core   0: 3 0x8000aa54 (0x00d4bbb3) x23 0x00000000
core   0: 0x8000aa58 (0x0000eb1d) c.bnez  a4, pc + 54
core   0: 3 0x8000aa58 (0xeb1d)
core   0: 0x8000aa8e (0x00008fcd) c.or    a5, a1
core   0: 3 0x8000aa8e (0x8fcd) x15 0x00000054
core   0: 0x8000aa90 (0x000096ca) c.add   a3, s2
core   0: 3 0x8000aa90 (0x96ca) x13 0x00000321
core   0: 0x8000aa92 (0x415c00b3) sub     ra, s8, s5
core   0: 3 0x8000aa92 (0x415c00b3) x1  0x70025ea4
core   0: 0x8000aa96 (0x0000c095) c.beqz  s1, pc + 36
core   0: 3 0x8000aa96 (0xc095)
core   0: 0x8000aa98 (0x0165d833) srl     a6, a1, s6
core   0: 3 0x8000aa98 (0x0165d833) x16 0x00000000
core   0: 0x8000aa9c (0x00000ffd) c.addi  t6, 31
core   0: 3 0x8000aa9c (0x0ffd) x31 0x0000001f
core   0: 0x8000aa9e (0x0000078e) c.slli  a5, 3
core   0: 3 0x8000aa9e (0x078e) x15 0x000002a0
core   0: 0x8000aaa0 (0x000050fd) c.li    ra, -1
core   0: 3 0x8000aaa0 (0x50fd) x1  0xffffffff
core   0: 0x8000aaa2 (0x02801d33) mulh    s10, zero, s0
core   0: 3 0x8000aaa2 (0x02801d33) x26 0x00000000
core   0: 0x8000aaa6 (0x000001ce) c.slli  gp, 19
core   0: 3 0x8000aaa6 (0x01ce) x3  0x00000000
core   0: 0x8000aaa8 (0x0000100f) fence.i
core   0: 3 0x8000aaa8 (0x0000100f)
core   0: 0x8000aaac (0x005e9733) sll     a4, t4, t0
core   0: 3 0x8000aaac (0x005e9733) x14 0x80029d24
core   0: 0x8000aab0 (0x03b920b3) mulhsu  ra, s2, s11
core   0: 3 0x8000aab0 (0x03b920b3) x1  0x00000000
core   0: 0x8000aab4 (0x0000617d) c.addi16sp sp, 496
core   0: 3 0x8000aab4 (0x617d) x2  0x000001f0
core   0: 0x8000aab6 (0x340b9f73) csrrw   t5, mscratch, s7
core   0: 3 0x8000aab6 (0x340b9f73) x30 0xffffffe9 c832_mscratch 0x00000000
core   0: 0x8000aaba (0x009e4ab3) xor     s5, t3, s1
core   0: 3 0x8000aaba (0x009e4ab3) x21 0x10000339
core   0: 0x8000aabe (0x00008caa) c.mv    s9, a0
core   0: 3 0x8000aabe (0x8caa) x25 0x00000320
core   0: 0x8000aac0 (0x00000001) c.nop
core   0: 3 0x8000aac0 (0x0001)
core   0: 0x8000aac2 (0x00008d89) c.sub   a1, a0
core   0: 3 0x8000aac2 (0x8d89) x11 0xfffffd34
core   0: 0x8000aac4 (0x34006e73) csrrsi  t3, mscratch, 0
core   0: 3 0x8000aac4 (0x34006e73) x28 0x00000000
core   0: 0x8000aac8 (0x00006235) c.lui   tp, 0xd
core   0: 3 0x8000aac8 (0x6235) x4  0x0000d000
core   0: 0x8000aaca (0x34006173) csrrsi  sp, mscratch, 0
core   0: 3 0x8000aaca (0x34006173) x2  0x00000000
core   0: 0x8000aace (0x000014fd) c.addi  s1, -1
core   0: 3 0x8000aace (0x14fd) x9  0x0000031f
core   0: 0x8000aad0 (0x00000f8a) c.slli  t6, 2
core   0: 3 0x8000aad0 (0x0f8a) x31 0x0000007c
core   0: 0x8000aad2 (0x4158d813) srai    a6, a7, 21
core   0: 3 0x8000aad2 (0x4158d813) x16 0xffffffe5
core   0: 0x8000aad6 (0x340026f3) csrr    a3, mscratch
core   0: 3 0x8000aad6 (0x340026f3) x13 0x00000000
core   0: 0x8000aada (0x00001b9c) c.addi4spn a5, sp, 496
core   0: 3 0x8000aada (0x1b9c) x15 0x000001f0
core   0: 0x8000aadc (0xa98c4993) xori    s3, s8, -1384
core   0: 3 0x8000aadc (0xa98c4993) x19 0x7ffda43c
core   0: 0x8000aae0 (0x03f0aab3) mulhsu  s5, ra, t6
core   0: 3 0x8000aae0 (0x03f0aab3) x21 0x00000000
core   0: 0x8000aae4 (0x0ff0000f) fence   iorw,iorw
core   0: 3 0x8000aae4 (0x0ff0000f)
core   0: 0x8000aae8 (0x01b2c933) xor     s2, t0, s11
core   0: 3 0x8000aae8 (0x01b2c933) x18 0x00000121
core   0: 0x8000aaec (0x340063f3) csrrsi  t2, mscratch, 0
core   0: 3 0x8000aaec (0x340063f3) x7  0x00000000
core   0: 0x8000aaf0 (0x340af573) csrrci  a0, mscratch, 21
core   0: 3 0x8000aaf0 (0x340af573) x10 0x00000000 c832_mscratch 0x00000000
core   0: 0x8000aaf4 (0x02290233) mul     tp, s2, sp
core   0: 3 0x8000aaf4 (0x02290233) x4  0x00000000
core   0: 0x8000aaf8 (0x411e5233) sra     tp, t3, a7
core   0: 3 0x8000aaf8 (0x411e5233) x4  0x00000000
core   0: 0x8000aafc (0x0000ef9d) c.bnez  a5, pc + 62
core   0: 3 0x8000aafc (0xef9d)
core   0: 0x8000ab3a (0x0263b4b3) mulhu   s1, t2, t1
core   0: 3 0x8000ab3a (0x0263b4b3) x9  0x00000000
core   0: 0x8000ab3e (0x0033d663) bge     t2, gp, pc + 12
core   0: 3 0x8000ab3e (0x0033d663)
core   0: 0x8000ab4a (0x00000bbd) c.addi  s7, 15
core   0: 3 0x8000ab4a (0x0bbd) x23 0x0000000f
core   0: 0x8000ab4c (0x632b6593) ori     a1, s6, 1586
core   0: 3 0x8000ab4c (0x632b6593) x11 0xfffffffb
core   0: 0x8000ab50 (0x00996b63) bltu    s2, s1, pc + 22
core   0: 3 0x8000ab50 (0x00996b63)
core   0: 0x8000ab54 (0x007eedb3) or      s11, t4, t2
core   0: 3 0x8000ab54 (0x007eedb3) x27 0x80029d24
core   0: 0x8000ab58 (0x020defb3) rem     t6, s11, zero
core   0: 3 0x8000ab58 (0x020defb3) x31 0x80029d24
core   0: 0x8000ab5c (0x3405e873) csrrsi  a6, mscratch, 11
core   0: 3 0x8000ab5c (0x3405e873) x16 0x00000000 c832_mscratch 0x0000000b
core   0: 0x8000ab60 (0x0000880e) c.mv    a6, gp
core   0: 3 0x8000ab60 (0x880e) x16 0x00000000
core   0: 0x8000ab62 (0x1950f813) andi    a6, ra, 405
core   0: 3 0x8000ab62 (0x1950f813) x16 0x00000000
core   0: 0x8000ab66 (0x340897f3) csrrw   a5, mscratch, a7
core   0: 3 0x8000ab66 (0x340897f3) x15 0x0000000b c832_mscratch 0xfcb00000
core   0: 0x8000ab6a (0x000081a2) c.mv    gp, s0
core   0: 3 0x8000ab6a (0x81a2) x3  0xf0a6efc1
core   0: 0x8000ab6c (0x9b920b93) addi    s7, tp, -1607
core   0: 3 0x8000ab6c (0x9b920b93) x23 0xfffff9b9
core   0: 0x8000ab70 (0x00008376) c.mv    t1, t4
core   0: 3 0x8000ab70 (0x8376) x6  0x80029d24
core   0: 0x8000ab72 (0x03d57cb3) remu    s9, a0, t4
core   0: 3 0x8000ab72 (0x03d57cb3) x25 0x00000000
core   0: 0x8000ab76 (0x023ee3b3) rem     t2, t4, gp
core   0: 3 0x8000ab76 (0x023ee3b3) x7  0xfacb1f1c
core   0: 0x8000ab7a (0x0377e8b3) rem     a7, a5, s7
core   0: 3 0x8000ab7a (0x0377e8b3) x17 0x0000000b
core   0: 0x8000ab7e (0x02aadb33) divu    s6, s5, a0
core   0: 3 0x8000ab7e (0x02aadb33) x22 0xffffffff
core   0: 0x8000ab82 (0x01c31793) slli    a5, t1, 28
core   0: 3 0x8000ab82 (0x01c31793) x15 0x40000000
core   0: 0x8000ab86 (0x00000001) c.nop
core   0: 3 0x8000ab86 (0x0001)
core   0: 0x8000ab88 (0x00008d79) c.and   a0, a4
core   0: 3 0x8000ab88 (0x8d79) x10 0x00000000
core   0: 0x8000ab8a (0xa2744d13) xori    s10, s0, -1497
core   0: 3 0x8000ab8a (0xa2744d13) x26 0x0f5915e6
core   0: 0x8000ab8e (0x03c76963) bltu    a4, t3, pc + 50
core   0: 3 0x8000ab8e (0x03c76963)
core   0: 0x8000ab92 (0x00008da5) c.xor   a1, s1
core   0: 3 0x8000ab92 (0x8da5) x11 0xfffffffb
core   0: 0x8000ab94 (0xa4e13593) sltiu   a1, sp, -1458
core   0: 3 0x8000ab94 (0xa4e13593) x11 0x00000001
core   0: 0x8000ab98 (0x01509113) slli    sp, ra, 21
core   0: 3 0x8000ab98 (0x01509113) x2  0x00000000
core   0: 0x8000ab9c (0x3407d0f3) csrrwi  ra, mscratch, 15
core   0: 3 0x8000ab9c (0x3407d0f3) x1  0xfcb00000 c832_mscratch 0x0000000f
core   0: 0x8000aba0 (0x008275b3) and     a1, tp, s0
core   0: 3 0x8000aba0 (0x008275b3) x11 0x00000000
core   0: 0x8000aba4 (0x00006751) c.lui   a4, 0x14
core   0: 3 0x8000aba4 (0x6751) x14 0x00014000
core   0: 0x8000aba6 (0x0000ed9d) c.bnez  a1, pc + 62
core   0: 3 0x8000aba6 (0xed9d)
core   0: 0x8000aba8 (0x01c443b3) xor     t2, s0, t3
core   0: 3 0x8000aba8 (0x01c443b3) x7  0xf0a6efc1
core   0: 0x8000abac (0x09766a13) ori     s4, a2, 151
core   0: 3 0x8000abac (0x09766a13) x20 0x00000097
core   0: 0x8000abb0 (0xa56c2893) slti    a7, s8, -1450
core   0: 3 0x8000abb0 (0xa56c2893) x17 0x00000001
core   0: 0x8000abb4 (0x01dc8db3) add     s11, s9, t4
core   0: 3 0x8000abb4 (0x01dc8db3) x27 0x80029d24
core   0: 0x8000abb8 (0x3406fbf3) csrrci  s7, mscratch, 13
core   0: 3 0x8000abb8 (0x3406fbf3) x23 0x0000000f c832_mscratch 0x00000002
core   0: 0x8000abbc (0x01c57563) bgeu    a0, t3, pc + 10
core   0: 3 0x8000abbc (0x01c57563)
core   0: 0x8000abc6 (0x00008c99) c.sub   s1, a4
core   0: 3 0x8000abc6 (0x8c99) x9  0xfffec000
core   0: 0x8000abc8 (0x00008205) c.srli  a2, 1
core   0: 3 0x8000abc8 (0x8205) x12 0x00000000
core   0: 0x8000abca (0x401ad4b3) sra     s1, s5, ra
core   0: 3 0x8000abca (0x401ad4b3) x9  0x00000000
core   0: 0x8000abce (0x0000952e) c.add   a0, a1
core   0: 3 0x8000abce (0x952e) x10 0x00000000
core   0: 0x8000abd0 (0xf859eb13) ori     s6, s3, -123
core   0: 3 0x8000abd0 (0xf859eb13) x22 0xffffffbd
core   0: 0x8000abd4 (0xd5f3ef93) ori     t6, t2, -673
core   0: 3 0x8000abd4 (0xd5f3ef93) x31 0xffffffdf
core   0: 0x8000abd8 (0x006e0563) beq     t3, t1, pc + 10
core   0: 3 0x8000abd8 (0x006e0563)
core   0: 0x8000abdc (0x0000100f) fence.i
core   0: 3 0x8000abdc (0x0000100f)
core   0: 0x8000abe0 (0x00008489) c.srai  s1, 2
core   0: 3 0x8000abe0 (0x8489) x9  0x00000000
core   0: 0x8000abe2 (0x000098fd) c.andi  s1, -1
core   0: 3 0x8000abe2 (0x98fd) x9  0x00000000
core   0: 0x8000abe4 (0x03649363) bne     s1, s6, pc + 38
core   0: 3 0x8000abe4 (0x03649363)
core   0: 0x8000ac0a (0x089c18b7) lui     a7, 0x89c1
core   0: 3 0x8000ac0a (0x089c18b7) x17 0x089c1000
core   0: 0x8000ac0e (0x340069f3) csrrsi  s3, mscratch, 0
core   0: 3 0x8000ac0e (0x340069f3) x19 0x00000002
core   0: 0x8000ac12 (0x014c5663) bge     s8, s4, pc + 12
core   0: 3 0x8000ac12 (0x014c5663)
core   0: 0x8000ac16 (0x00008fe5) c.and   a5, s1
core   0: 3 0x8000ac16 (0x8fe5) x15 0x00000000
core   0: 0x8000ac18 (0x000099fd) c.andi  a1, -1
core   0: 3 0x8000ac18 (0x99fd) x11 0x00000000
core   0: 0x8000ac1a (0x01028a33) add     s4, t0, a6
core   0: 3 0x8000ac1a (0x01028a33) x20 0x00000000
core   0: 0x8000ac1e (0x2a429f37) lui     t5, 0x2a429
core   0: 3 0x8000ac1e (0x2a429f37) x30 0x2a429000
core   0: 0x8000ac22 (0x0000100f) fence.i
core   0: 3 0x8000ac22 (0x0000100f)
core   0: 0x8000ac26 (0x0000062d) c.addi  a2, 11
core   0: 3 0x8000ac26 (0x062d) x12 0x0000000b
core   0: 0x8000ac28 (0x89b28f93) addi    t6, t0, -1893
core   0: 3 0x8000ac28 (0x89b28f93) x31 0xfffff89b
core   0: 0x8000ac2c (0x00008fd5) c.or    a5, a3
core   0: 3 0x8000ac2c (0x8fd5) x15 0x00000000
core   0: 0x8000ac2e (0x34006ff3) csrrsi  t6, mscratch, 0
core   0: 3 0x8000ac2e (0x34006ff3) x31 0x00000002
core   0: 0x8000ac32 (0x00000a18) c.addi4spn a4, sp, 272
core   0: 3 0x8000ac32 (0x0a18) x14 0x00000110
core   0: 0x8000ac34 (0x48098113) addi    sp, s3, 1152
core   0: 3 0x8000ac34 (0x48098113) x2  0x00000482
core   0: 0x8000ac38 (0x02845db3) divu    s11, s0, s0
core   0: 3 0x8000ac38 (0x02845db3) x27 0x00000001
core   0: 0x8000ac3c (0x02420163) beq     tp, tp, pc + 34
core   0: 3 0x8000ac3c (0x02420163)
core   0: 0x8000ac5e (0x03388fb3) mul     t6, a7, s3
core   0: 3 0x8000ac5e (0x03388fb3) x31 0x11382000
core   0: 0x8000ac62 (0x340e1f73) csrrw   t5, mscratch, t3
core   0: 3 0x8000ac62 (0x340e1f73) x30 0x00000002 c832_mscratch 0x00000000
core   0: 0x8000ac66 (0x00009766) c.add   a4, s9
core   0: 3 0x8000ac66 (0x9766) x14 0x00000110
core   0: 0x8000ac68 (0x013afdb3) and     s11, s5, s3
core   0: 3 0x8000ac68 (0x013afdb3) x27 0x00000000
core   0: 0x8000ac6c (0x34007ff3) csrrci  t6, mscratch, 0
core   0: 3 0x8000ac6c (0x34007ff3) x31 0x00000000
core   0: 0x8000ac70 (0x0312cb63) blt     t0, a7, pc + 54
core   0: 3 0x8000ac70 (0x0312cb63)
core   0: 0x8000aca6 (0x0ff0000f) fence   iorw,iorw
core   0: 3 0x8000aca6 (0x0ff0000f)
core   0: 0x8000acaa (0x0000100f) fence.i
core   0: 3 0x8000acaa (0x0000100f)
core   0: 0x8000acae (0x03005ab3) divu    s5, zero, a6
core   0: 3 0x8000acae (0x03005ab3) x21 0xffffffff
core   0: 0x8000acb2 (0x340afcf3) csrrci  s9, mscratch, 21
core   0: 3 0x8000acb2 (0x340afcf3) x25 0x00000000 c832_mscratch 0x00000000
core   0: 0x8000acb6 (0x033e5b63) bge     t3, s3, pc + 54
core   0: 3 0x8000acb6 (0x033e5b63)
core   0: 0x8000acba (0x340df073) csrci   mscratch, 27
core   0: 3 0x8000acba (0x340df073) c832_mscratch 0x00000000
core   0: 0x8000acbe (0xb86cb113) sltiu   sp, s9, -1146
core   0: 3 0x8000acbe (0xb86cb113) x2  0x00000001
core   0: 0x8000acc2 (0xb910c293) xori    t0, ra, -1135
core   0: 3 0x8000acc2 (0xb910c293) x5  0x034ffb91
core   0: 0x8000acc6 (0x00008f75) c.and   a4, a3
core   0: 3 0x8000acc6 (0x8f75) x14 0x00000000
core   0: 0x8000acc8 (0x007dd363) bge     s11, t2, pc + 6
core   0: 3 0x8000acc8 (0x007dd363)
core   0: 0x8000acce (0x0274cdb3) div     s11, s1, t2
core   0: 3 0x8000acce (0x0274cdb3) x27 0x00000000
core   0: 0x8000acd2 (0x340a1f73) csrrw   t5, mscratch, s4
core   0: 3 0x8000acd2 (0x340a1f73) x30 0x00000000 c832_mscratch 0x00000000
core   0: 0x8000acd6 (0x00000001) c.nop
core   0: 3 0x8000acd6 (0x0001)
core   0: 0x8000acd8 (0x00008541) c.srai  a0, 16
core   0: 3 0x8000acd8 (0x8541) x10 0x00000000
core   0: 0x8000acda (0x8cb88737) lui     a4, 0x8cb88
core   0: 3 0x8000acda (0x8cb88737) x14 0x8cb88000
core   0: 0x8000acde (0x008e5893) srli    a7, t3, 8
core   0: 3 0x8000acde (0x008e5893) x17 0x00000000
core   0: 0x8000ace2 (0x00000001) c.nop
core   0: 3 0x8000ace2 (0x0001)
core   0: 0x8000ace4 (0x00a42db3) slt     s11, s0, a0
core   0: 3 0x8000ace4 (0x00a42db3) x27 0x00000001
core   0: 0x8000ace8 (0x0221d3b3) divu    t2, gp, sp
core   0: 3 0x8000ace8 (0x0221d3b3) x7  0xf0a6efc1
core   0: 0x8000acec (0x65451737) lui     a4, 0x65451
core   0: 3 0x8000acec (0x65451737) x14 0x65451000
core   0: 0x8000acf0 (0x01236db3) or      s11, t1, s2
core   0: 3 0x8000acf0 (0x01236db3) x27 0x80029d25
core   0: 0x8000acf4 (0x402b5093) srai    ra, s6, 2
core   0: 3 0x8000acf4 (0x402b5093) x1  0xffffffef
core   0: 0x8000acf8 (0xfd3fcb13) xori    s6, t6, -45
core   0: 3 0x8000acf8 (0xfd3fcb13) x22 0xffffffd3
core   0: 0x8000acfc (0x00001888) c.addi4spn a0, sp, 112
core   0: 3 0x8000acfc (0x1888) x10 0x00000071
core   0: 0x8000acfe (0x00000001) c.nop
core   0: 3 0x8000acfe (0x0001)
core   0: 0x8000ad00 (0x3402be73) csrrc   t3, mscratch, t0
core   0: 3 0x8000ad00 (0x3402be73) x28 0x00000000 c832_mscratch 0x00000000
core   0: 0x8000ad04 (0x340be4f3) csrrsi  s1, mscratch, 23
core   0: 3 0x8000ad04 (0x340be4f3) x9  0x00000000 c832_mscratch 0x00000017
core   0: 0x8000ad08 (0x00009242) c.add   tp, a6
core   0: 3 0x8000ad08 (0x9242) x4  0x00000000
core   0: 0x8000ad0a (0x03598e63) beq     s3, s5, pc + 60
core   0: 3 0x8000ad0a (0x03598e63)
core   0: 0x8000ad0e (0x00000001) c.nop
core   0: 3 0x8000ad0e (0x0001)
core   0: 0x8000ad10 (0x03020e63) beq     tp, a6, pc + 60
core   0: 3 0x8000ad10 (0x03020e63)
core   0: 0x8000ad4c (0x3650a293) slti    t0, ra, 869
core   0: 3 0x8000ad4c (0x3650a293) x5  0x00000001
core   0: 0x8000ad50 (0x0000028d) c.addi  t0, 3
core   0: 3 0x8000ad50 (0x028d) x5  0x00000004
core   0: 0x8000ad52 (0x00006129) c.addi16sp sp, 192
core   0: 3 0x8000ad52 (0x6129) x2  0x000000c1
core   0: 0x8000ad54 (0x0000857d) c.srai  a0, 31
core   0: 3 0x8000ad54 (0x857d) x10 0x00000000
core   0: 0x8000ad56 (0x0177bd33) sltu    s10, a5, s7
core   0: 3 0x8000ad56 (0x0177bd33) x26 0x00000001
core   0: 0x8000ad5a (0x022b7d33) remu    s10, s6, sp
core   0: 3 0x8000ad5a (0x022b7d33) x26 0x0000003f
core   0: 0x8000ad5e (0x00f861b3) or      gp, a6, a5
core   0: 3 0x8000ad5e (0x00f861b3) x3  0x00000000
core   0: 0x8000ad62 (0x00004859) c.li    a6, 22
core   0: 3 0x8000ad62 (0x4859) x16 0x00000016
core   0: 0x8000ad64 (0x00008ff5) c.and   a5, a3
core   0: 3 0x8000ad64 (0x8ff5) x15 0x00000000
core   0: 0x8000ad66 (0x01007733) and     a4, zero, a6
core   0: 3 0x8000ad66 (0x01007733) x14 0x00000000
core   0: 0x8000ad6a (0x0390ffb3) remu    t6, ra, s9
core   0: 3 0x8000ad6a (0x0390ffb3) x31 0xffffffef
core   0: 0x8000ad6e (0x0000cd11) c.beqz  a0, pc + 28
core   0: 3 0x8000ad6e (0xcd11)
core   0: 0x8000ad8a (0x01f53933) sltu    s2, a0, t6
core   0: 3 0x8000ad8a (0x01f53933) x18 0x00000001
core   0: 0x8000ad8e (0x00001a7d) c.addi  s4, -1
core   0: 3 0x8000ad8e (0x1a7d) x20 0xffffffff
core   0: 0x8000ad90 (0x032391b3) mulh    gp, t2, s2
core   0: 3 0x8000ad90 (0x032391b3) x3  0xffffffff
core   0: 0x8000ad94 (0x01937e33) and     t3, t1, s9
core   0: 3 0x8000ad94 (0x01937e33) x28 0x00000000
core   0: 0x8000ad98 (0x00000d0c) c.addi4spn a1, sp, 656
core   0: 3 0x8000ad98 (0x0d0c) x11 0x00000351
core   0: 0x8000ad9a (0x00fd5963) bge     s10, a5, pc + 18
core   0: 3 0x8000ad9a (0x00fd5963)
core   0: 0x8000adac (0x00008fc5) c.or    a5, s1
core   0: 3 0x8000adac (0x8fc5) x15 0x00000000
core   0: 0x8000adae (0x09a40d13) addi    s10, s0, 154
core   0: 3 0x8000adae (0x09a40d13) x26 0xf0a6f05b
core   0: 0x8000adb2 (0x030ca3b3) mulhsu  t2, s9, a6
core   0: 3 0x8000adb2 (0x030ca3b3) x7  0x00000000
core   0: 0x8000adb6 (0x003fb633) sltu    a2, t6, gp
core   0: 3 0x8000adb6 (0x003fb633) x12 0x00000001
core   0: 0x8000adba (0x00eaf3b3) and     t2, s5, a4
core   0: 3 0x8000adba (0x00eaf3b3) x7  0x00000000
core   0: 0x8000adbe (0x154b8593) addi    a1, s7, 340
core   0: 3 0x8000adbe (0x154b8593) x11 0x00000163
core   0: 0x8000adc2 (0x9df8a213) slti    tp, a7, -1569
core   0: 3 0x8000adc2 (0x9df8a213) x4  0x00000000
core   0: 0x8000adc6 (0x3406d2f3) csrrwi  t0, mscratch, 13
core   0: 3 0x8000adc6 (0x3406d2f3) x5  0x00000017 c832_mscratch 0x0000000d
core   0: 0x8000adca (0x00a28263) beq     t0, a0, pc + 4
core   0: 3 0x8000adca (0x00a28263)
core   0: 0x8000adce (0x01d21033) sll     zero, tp, t4
core   0: 3 0x8000adce (0x01d21033)
core   0: 0x8000add2 (0x00006709) c.lui   a4, 0x2
core   0: 3 0x8000add2 (0x6709) x14 0x00002000
core   0: 0x8000add4 (0x03ee7633) remu    a2, t3, t5
core   0: 3 0x8000add4 (0x03ee7633) x12 0x00000000
core   0: 0x8000add8 (0x01c55e33) srl     t3, a0, t3
core   0: 3 0x8000add8 (0x01c55e33) x28 0x00000000
core   0: 0x8000addc (0x018807b3) add     a5, a6, s8
core   0: 3 0x8000addc (0x018807b3) x15 0x80025eba
core   0: 0x8000ade0 (0x644d8213) addi    tp, s11, 1604
core   0: 3 0x8000ade0 (0x644d8213) x4  0x8002a369
core   0: 0x8000ade4 (0x03717863) bgeu    sp, s7, pc + 48
core   0: 3 0x8000ade4 (0x03717863)
core   0: 0x8000ae14 (0x407edcb3) sra     s9, t4, t2
core   0: 3 0x8000ae14 (0x407edcb3) x25 0x80029d24
core   0: 0x8000ae18 (0x010fd863) bge     t6, a6, pc + 16
core   0: 3 0x8000ae18 (0x010fd863)
core   0: 0x8000ae1c (0x90798f13) addi    t5, s3, -1785
core   0: 3 0x8000ae1c (0x90798f13) x30 0xfffff909
core   0: 0x8000ae20 (0x340751f3) csrrwi  gp, mscratch, 14
core   0: 3 0x8000ae20 (0x340751f3) x3  0x0000000d c832_mscratch 0x0000000e
core   0: 0x8000ae24 (0x00377f33) and     t5, a4, gp
core   0: 3 0x8000ae24 (0x00377f33) x30 0x00000000
core   0: 0x8000ae28 (0x03c6ed63) bltu    a3, t3, pc + 58
core   0: 3 0x8000ae28 (0x03c6ed63)
core   0: 0x8000ae2c (0xf196f813) andi    a6, a3, -231
core   0: 3 0x8000ae2c (0xf196f813) x16 0x00000000
core   0: 0x8000ae30 (0x34007373) csrrci  t1, mscratch, 0
core   0: 3 0x8000ae30 (0x34007373) x6  0x0000000e
core   0: 0x8000ae34 (0x00008225) c.srli  a2, 9
core   0: 3 0x8000ae34 (0x8225) x12 0x00000000
core   0: 0x8000ae36 (0x02e2cf33) div     t5, t0, a4
core   0: 3 0x8000ae36 (0x02e2cf33) x30 0x00000000
core   0: 0x8000ae3a (0x00edbd33) sltu    s10, s11, a4
core   0: 3 0x8000ae3a (0x00edbd33) x26 0x00000000
core   0: 0x8000ae3e (0x01ca9d13) slli    s10, s5, 28
core   0: 3 0x8000ae3e (0x01ca9d13) x26 0xf0000000
core   0: 0x8000ae42 (0x00008e29) c.xor   a2, a0
core   0: 3 0x8000ae42 (0x8e29) x12 0x00000000
core   0: 0x8000ae44 (0x03160833) mul     a6, a2, a7
core   0: 3 0x8000ae44 (0x03160833) x16 0x00000000
core   0: 0x8000ae48 (0x9012fc93) andi    s9, t0, -1791
core   0: 3 0x8000ae48 (0x9012fc93) x25 0x00000001
core   0: 0x8000ae4c (0x000010fd) c.addi  ra, -1
core   0: 3 0x8000ae4c (0x10fd) x1  0xffffffee
core   0: 0x8000ae4e (0x00008e31) c.xor   a2, a2
core   0: 3 0x8000ae4e (0x8e31) x12 0x00000000
core   0: 0x8000ae50 (0x00ac0b33) add     s6, s8, a0
core   0: 3 0x8000ae50 (0x00ac0b33) x22 0x80025ea4
core   0: 0x8000ae54 (0x413e5c93) srai    s9, t3, 19
core   0: 3 0x8000ae54 (0x413e5c93) x25 0x00000000
core   0: 0x8000ae58 (0x00008a11) c.andi  a2, 4
core   0: 3 0x8000ae58 (0x8a11) x12 0x00000000
core   0: 0x8000ae5a (0xd17daf93) slti    t6, s11, -745
core   0: 3 0x8000ae5a (0xd17daf93) x31 0x00000001
core   0: 0x8000ae5e (0x05d01463) bne     zero, t4, pc + 72
core   0: 3 0x8000ae5e (0x05d01463)
core   0: 0x8000aea6 (0x00008dad) c.xor   a1, a1
core   0: 3 0x8000aea6 (0x8dad) x11 0x00000000
core   0: 0x8000aea8 (0x0252c463) blt     t0, t0, pc + 40
core   0: 3 0x8000aea8 (0x0252c463)
core   0: 0x8000aeac (0x00008e11) c.sub   a2, a2
core   0: 3 0x8000aeac (0x8e11) x12 0x00000000
core   0: 0x8000aeae (0x4d436f13) ori     t5, t1, 1236
core   0: 3 0x8000aeae (0x4d436f13) x30 0x000004de
core   0: 0x8000aeb2 (0xfbe0ed13) ori     s10, ra, -66
core   0: 3 0x8000aeb2 (0xfbe0ed13) x26 0xfffffffe
core   0: 0x8000aeb6 (0x00008e31) c.xor   a2, a2
core   0: 3 0x8000aeb6 (0x8e31) x12 0x00000000
core   0: 0x8000aeb8 (0x0251e833) rem     a6, gp, t0
core   0: 3 0x8000aeb8 (0x0251e833) x16 0x0000000d
core   0: 0x8000aebc (0x02666a63) bltu    a2, t1, pc + 52
core   0: 3 0x8000aebc (0x02666a63)
core   0: 0x8000aef0 (0x7c9afe13) andi    t3, s5, 1993
core   0: 3 0x8000aef0 (0x7c9afe13) x28 0x000007c9
core   0: 0x8000aef4 (0xe81ca537) lui     a0, 0xe81ca
core   0: 3 0x8000aef4 (0xe81ca537) x10 0xe81ca000
core   0: 0x8000aef8 (0x01cef1b3) and     gp, t4, t3
core   0: 3 0x8000aef8 (0x01cef1b3) x3  0x00000500
core   0: 0x8000aefc (0x034c9f63) bne     s9, s4, pc + 62
core   0: 3 0x8000aefc (0x034c9f63)
core   0: 0x8000af3a (0x01d61b93) slli    s7, a2, 29
core   0: 3 0x8000af3a (0x01d61b93) x23 0x00000000
core   0: 0x8000af3e (0x01b31e13) slli    t3, t1, 27
core   0: 3 0x8000af3e (0x01b31e13) x28 0x70000000
core   0: 0x8000af42 (0x00f24333) xor     t1, tp, a5
core   0: 3 0x8000af42 (0x00f24333) x6  0x0000fdd3
core   0: 0x8000af46 (0x00008549) c.srai  a0, 18
core   0: 3 0x8000af46 (0x8549) x10 0xfffffa07
core   0: 0x8000af48 (0x41065333) sra     t1, a2, a6
core   0: 3 0x8000af48 (0x41065333) x6  0x00000000
core   0: 0x8000af4c (0x035e7933) remu    s2, t3, s5
core   0: 3 0x8000af4c (0x035e7933) x18 0x70000000
core   0: 0x8000af50 (0x000061b5) c.lui   gp, 0xd
core   0: 3 0x8000af50 (0x61b5) x3  0x0000d000
core   0: 0x8000af52 (0x00008e66) c.mv    t3, s9
core   0: 3 0x8000af52 (0x8e66) x28 0x00000000
core   0: 0x8000af54 (0x03987f33) remu    t5, a6, s9
core   0: 3 0x8000af54 (0x03987f33) x30 0x0000000d
core   0: 0x8000af58 (0x340dfb73) csrrci  s6, mscratch, 27
core   0: 3 0x8000af58 (0x340dfb73) x22 0x0000000e c832_mscratch 0x00000004
core   0: 0x8000af5c (0x01cc0fb3) add     t6, s8, t3
core   0: 3 0x8000af5c (0x01cc0fb3) x31 0x80025ea4
core   0: 0x8000af60 (0x006b34b3) sltu    s1, s6, t1
core   0: 3 0x8000af60 (0x006b34b3) x9  0x00000000
core   0: 0x8000af64 (0x81010f13) addi    t5, sp, -2032
core   0: 3 0x8000af64 (0x81010f13) x30 0xfffff8d1
core   0: 0x8000af68 (0x01cc4ab3) xor     s5, s8, t3
core   0: 3 0x8000af68 (0x01cc4ab3) x21 0x80025ea4
core   0: 0x8000af6c (0x00009332) c.add   t1, a2
core   0: 3 0x8000af6c (0x9332) x6  0x00000000
core   0: 0x8000af6e (0x0000ca1d) c.beqz  a2, pc + 54
core   0: 3 0x8000af6e (0xca1d)
core   0: 0x8000afa4 (0xaae491b7) lui     gp, 0xaae49
core   0: 3 0x8000afa4 (0xaae491b7) x3  0xaae49000
core   0: 0x8000afa8 (0x3409ecf3) csrrsi  s9, mscratch, 19
core   0: 3 0x8000afa8 (0x3409ecf3) x25 0x00000004 c832_mscratch 0x00000017
core   0: 0x8000afac (0x2f066f93) ori     t6, a2, 752
core   0: 3 0x8000afac (0x2f066f93) x31 0x000002f0
core   0: 0x8000afb0 (0x000015fd) c.addi  a1, -1
core   0: 3 0x8000afb0 (0x15fd) x11 0xffffffff
core   0: 0x8000afb2 (0x415b5b33) sra     s6, s6, s5
core   0: 3 0x8000afb2 (0x415b5b33) x22 0x00000000
core   0: 0x8000afb6 (0x0000615d) c.addi16sp sp, 432
core   0: 3 0x8000afb6 (0x615d) x2  0x00000271
core   0: 0x8000afb8 (0x00008ef1) c.and   a3, a2
core   0: 3 0x8000afb8 (0x8ef1) x13 0x00000000
core   0: 0x8000afba (0x00008ff1) c.and   a5, a2
core   0: 3 0x8000afba (0x8ff1) x15 0x00000000
core   0: 0x8000afbc (0x3406a073) csrs    mscratch, a3
core   0: 3 0x8000afbc (0x3406a073) c832_mscratch 0x00000017
core   0: 0x8000afc0 (0x75ffef97) auipc   t6, 0x75ffe
core   0: 3 0x8000afc0 (0x75ffef97) x31 0xf6008fc0
core   0: 0x8000afc4 (0x02c00663) beq     zero, a2, pc + 44
core   0: 3 0x8000afc4 (0x02c00663)
core   0: 0x8000aff0 (0x000098fd) c.andi  s1, -1
core   0: 3 0x8000aff0 (0x98fd) x9  0x00000000
core   0: 0x8000aff2 (0xfbe9ea13) ori     s4, s3, -66
core   0: 3 0x8000aff2 (0xfbe9ea13) x20 0xffffffbe
core   0: 0x8000aff6 (0x0323d163) bge     t2, s2, pc + 34
core   0: 3 0x8000aff6 (0x0323d163)
core   0: 0x8000affa (0x00008fed) c.and   a5, a1
core   0: 3 0x8000affa (0x8fed) x15 0x00000000
core   0: 0x8000affc (0x000085f9) c.srai  a1, 30
core   0: 3 0x8000affc (0x85f9) x11 0xffffffff
core   0: 0x8000affe (0x00000904) c.addi4spn s1, sp, 144
core   0: 3 0x8000affe (0x0904) x9  0x00000301
core   0: 0x8000b000 (0x340064f3) csrrsi  s1, mscratch, 0
core   0: 3 0x8000b000 (0x340064f3) x9  0x00000017
core   0: 0x8000b004 (0x005f8563) beq     t6, t0, pc + 10
core   0: 3 0x8000b004 (0x005f8563)
core   0: 0x8000b008 (0x00008dc1) c.or    a1, s0
core   0: 3 0x8000b008 (0x8dc1) x11 0xffffffff
core   0: 0x8000b00a (0x025669b3) rem     s3, a2, t0
core   0: 3 0x8000b00a (0x025669b3) x19 0x00000000
core   0: 0x8000b00e (0x03e059b3) divu    s3, zero, t5
core   0: 3 0x8000b00e (0x03e059b3) x19 0x00000000
core   0: 0x8000b012 (0x00006385) c.lui   t2, 0x1
core   0: 3 0x8000b012 (0x6385) x7  0x00001000
core   0: 0x8000b014 (0x01f72fb3) slt     t6, a4, t6
core   0: 3 0x8000b014 (0x01f72fb3) x31 0x00000000
core   0: 0x8000b018 (0x036a72b3) remu    t0, s4, s6
core   0: 3 0x8000b018 (0x036a72b3) x5  0xffffffbe
core   0: 0x8000b01c (0x00000735) c.addi  a4, 13
core   0: 3 0x8000b01c (0x0735) x14 0x0000200d
core   0: 0x8000b01e (0x021f2db3) mulhsu  s11, t5, ra
core   0: 3 0x8000b01e (0x021f2db3) x27 0xfffff8d1
core   0: 0x8000b022 (0x34035e73) csrrwi  t3, mscratch, 6
core   0: 3 0x8000b022 (0x34035e73) x28 0x00000017 c832_mscratch 0x00000006
core   0: 0x8000b026 (0xb240fd17) auipc   s10, 0xb240f
core   0: 3 0x8000b026 (0xb240fd17) x26 0x3241a026
core   0: 0x8000b02a (0x000084a9) c.srai  s1, 10
core   0: 3 0x8000b02a (0x84a9) x9  0x00000000
core   0: 0x8000b02c (0x028b11b3) mulh    gp, s6, s0
core   0: 3 0x8000b02c (0x028b11b3) x3  0x00000000
core   0: 0x8000b030 (0x00eae263) bltu    s5, a4, pc + 4
core   0: 3 0x8000b030 (0x00eae263)
core   0: 0x8000b034 (0x02e885b3) mul     a1, a7, a4
core   0: 3 0x8000b034 (0x02e885b3) x11 0x00000000
core   0: 0x8000b038 (0x01b776b3) and     a3, a4, s11
core   0: 3 0x8000b038 (0x01b776b3) x13 0x00002001
core   0: 0x8000b03c (0x34019173) csrrw   sp, mscratch, gp
core   0: 3 0x8000b03c (0x34019173) x2  0x00000006 c832_mscratch 0x00000000
core   0: 0x8000b040 (0x4189d813) srai    a6, s3, 24
core   0: 3 0x8000b040 (0x4189d813) x16 0x00000000
core   0: 0x8000b044 (0x00008ef9) c.and   a3, a4
core   0: 3 0x8000b044 (0x8ef9) x13 0x00002001
core   0: 0x8000b046 (0x03907533) remu    a0, zero, s9
core   0: 3 0x8000b046 (0x03907533) x10 0x00000000
core   0: 0x8000b04a (0x000009aa) c.slli  s3, 10
core   0: 3 0x8000b04a (0x09aa) x19 0x00000000
core   0: 0x8000b04c (0x00d97a63) bgeu    s2, a3, pc + 20
core   0: 3 0x8000b04c (0x00d97a63)
core   0: 0x8000b060 (0x02131533) mulh    a0, t1, ra
core   0: 3 0x8000b060 (0x02131533) x10 0x00000000
core   0: 0x8000b064 (0x00000417) auipc   s0, 0x0
core   0: 3 0x8000b064 (0x00000417) x8  0x8000b064
core   0: 0x8000b068 (0x00c40413) addi    s0, s0, 12
core   0: 3 0x8000b068 (0x00c40413) x8  0x8000b070
core   0: 0x8000b06c (0x00040067) jr      s0
core   0: 3 0x8000b06c (0x00040067)
core   0: 0x8000b070 (0x00004185) c.li    gp, 1
core   0: 3 0x8000b070 (0x4185) x3  0x00000001
core   0: 0x8000b072 (0x00000073) ecall
core   0: exception trap_machine_ecall, epc 0x8000b072
core   0: >>>>  mtvec_handler
core   0: 0x8000c1d0 (0x0400006f) j       pc + 0x40
core   0: 3 0x8000c1d0 (0x0400006f)
core   0: 0x8000c210 (0x00001ef1) c.addi  t4, -4
core   0: 3 0x8000c210 (0x1ef1) x29 0x80029d20
core   0: 0x8000c212 (0x018ea023) sw      s8, 0(t4)
core   0: 3 0x8000c212 (0x018ea023) mem 0x80029d20 0x80025ea4
core   0: 0x8000c216 (0x000e8c33) add     s8, t4, zero
core   0: 3 0x8000c216 (0x000e8c33) x24 0x80029d20
core   0: 0x8000c21a (0xf80c0c13) addi    s8, s8, -128
core   0: 3 0x8000c21a (0xf80c0c13) x24 0x80029ca0
core   0: 0x8000c21e (0x001c2223) sw      ra, 4(s8)
core   0: 3 0x8000c21e (0x001c2223) mem 0x80029ca4 0xffffffee
core   0: 0x8000c222 (0x002c2423) sw      sp, 8(s8)
core   0: 3 0x8000c222 (0x002c2423) mem 0x80029ca8 0x00000006
core   0: 0x8000c226 (0x003c2623) sw      gp, 12(s8)
core   0: 3 0x8000c226 (0x003c2623) mem 0x80029cac 0x00000001
core   0: 0x8000c22a (0x004c2823) sw      tp, 16(s8)
core   0: 3 0x8000c22a (0x004c2823) mem 0x80029cb0 0x8002a369
core   0: 0x8000c22e (0x005c2a23) sw      t0, 20(s8)
core   0: 3 0x8000c22e (0x005c2a23) mem 0x80029cb4 0xffffffbe
core   0: 0x8000c232 (0x006c2c23) sw      t1, 24(s8)
core   0: 3 0x8000c232 (0x006c2c23) mem 0x80029cb8 0x00000000
core   0: 0x8000c236 (0x007c2e23) sw      t2, 28(s8)
core   0: 3 0x8000c236 (0x007c2e23) mem 0x80029cbc 0x00001000
core   0: 0x8000c23a (0x028c2023) sw      s0, 32(s8)
core   0: 3 0x8000c23a (0x028c2023) mem 0x80029cc0 0x8000b070
core   0: 0x8000c23e (0x029c2223) sw      s1, 36(s8)
core   0: 3 0x8000c23e (0x029c2223) mem 0x80029cc4 0x00000000
core   0: 0x8000c242 (0x02ac2423) sw      a0, 40(s8)
core   0: 3 0x8000c242 (0x02ac2423) mem 0x80029cc8 0x00000000
core   0: 0x8000c246 (0x02bc2623) sw      a1, 44(s8)
core   0: 3 0x8000c246 (0x02bc2623) mem 0x80029ccc 0x00000000
core   0: 0x8000c24a (0x02cc2823) sw      a2, 48(s8)
core   0: 3 0x8000c24a (0x02cc2823) mem 0x80029cd0 0x00000000
core   0: 0x8000c24e (0x02dc2a23) sw      a3, 52(s8)
core   0: 3 0x8000c24e (0x02dc2a23) mem 0x80029cd4 0x00002001
core   0: 0x8000c252 (0x02ec2c23) sw      a4, 56(s8)
core   0: 3 0x8000c252 (0x02ec2c23) mem 0x80029cd8 0x0000200d
core   0: 0x8000c256 (0x02fc2e23) sw      a5, 60(s8)
core   0: 3 0x8000c256 (0x02fc2e23) mem 0x80029cdc 0x00000000
core   0: 0x8000c25a (0x050c2023) sw      a6, 64(s8)
core   0: 3 0x8000c25a (0x050c2023) mem 0x80029ce0 0x00000000
core   0: 0x8000c25e (0x051c2223) sw      a7, 68(s8)
core   0: 3 0x8000c25e (0x051c2223) mem 0x80029ce4 0x00000000
core   0: 0x8000c262 (0x052c2423) sw      s2, 72(s8)
core   0: 3 0x8000c262 (0x052c2423) mem 0x80029ce8 0x70000000
core   0: 0x8000c266 (0x053c2623) sw      s3, 76(s8)
core   0: 3 0x8000c266 (0x053c2623) mem 0x80029cec 0x00000000
core   0: 0x8000c26a (0x054c2823) sw      s4, 80(s8)
core   0: 3 0x8000c26a (0x054c2823) mem 0x80029cf0 0xffffffbe
core   0: 0x8000c26e (0x055c2a23) sw      s5, 84(s8)
core   0: 3 0x8000c26e (0x055c2a23) mem 0x80029cf4 0x80025ea4
core   0: 0x8000c272 (0x056c2c23) sw      s6, 88(s8)
core   0: 3 0x8000c272 (0x056c2c23) mem 0x80029cf8 0x00000000
core   0: 0x8000c276 (0x057c2e23) sw      s7, 92(s8)
core   0: 3 0x8000c276 (0x057c2e23) mem 0x80029cfc 0x00000000
core   0: 0x8000c27a (0x078c2023) sw      s8, 96(s8)
core   0: 3 0x8000c27a (0x078c2023) mem 0x80029d00 0x80029ca0
core   0: 0x8000c27e (0x079c2223) sw      s9, 100(s8)
core   0: 3 0x8000c27e (0x079c2223) mem 0x80029d04 0x00000004
core   0: 0x8000c282 (0x07ac2423) sw      s10, 104(s8)
core   0: 3 0x8000c282 (0x07ac2423) mem 0x80029d08 0x3241a026
core   0: 0x8000c286 (0x07bc2623) sw      s11, 108(s8)
core   0: 3 0x8000c286 (0x07bc2623) mem 0x80029d0c 0xfffff8d1
core   0: 0x8000c28a (0x07cc2823) sw      t3, 112(s8)
core   0: 3 0x8000c28a (0x07cc2823) mem 0x80029d10 0x00000017
core   0: 0x8000c28e (0x07dc2a23) sw      t4, 116(s8)
core   0: 3 0x8000c28e (0x07dc2a23) mem 0x80029d14 0x80029d20
core   0: 0x8000c292 (0x07ec2c23) sw      t5, 120(s8)
core   0: 3 0x8000c292 (0x07ec2c23) mem 0x80029d18 0xfffff8d1
core   0: 0x8000c296 (0x07fc2e23) sw      t6, 124(s8)
core   0: 3 0x8000c296 (0x07fc2e23) mem 0x80029d1c 0x00000000
core   0: 0x8000c29a (0x000c0eb3) add     t4, s8, zero
core   0: 3 0x8000c29a (0x000c0eb3) x29 0x80029ca0
core   0: 0x8000c29e (0x341029f3) csrr    s3, mepc
core   0: 3 0x8000c29e (0x341029f3) x19 0x8000b072
core   0: 0x8000c2a2 (0x342029f3) csrr    s3, mcause
core   0: 3 0x8000c2a2 (0x342029f3) x19 0x0000000b
core   0: 0x8000c2a6 (0x00004d8d) c.li    s11, 3
core   0: 3 0x8000c2a6 (0x4d8d) x27 0x00000003
core   0: 0x8000c2a8 (0x29b98d63) beq     s3, s11, pc + 666
core   0: 3 0x8000c2a8 (0x29b98d63)
core   0: 0x8000c2ac (0x00004da1) c.li    s11, 8
core   0: 3 0x8000c2ac (0x4da1) x27 0x00000008
core   0: 0x8000c2ae (0x05b98563) beq     s3, s11, pc + 74
core   0: 3 0x8000c2ae (0x05b98563)
core   0: 0x8000c2b2 (0x00004da5) c.li    s11, 9
core   0: 3 0x8000c2b2 (0x4da5) x27 0x00000009
core   0: 0x8000c2b4 (0x05b98263) beq     s3, s11, pc + 68
core   0: 3 0x8000c2b4 (0x05b98263)
core   0: 0x8000c2b8 (0x00004dad) c.li    s11, 11
core   0: 3 0x8000c2b8 (0x4dad) x27 0x0000000b
core   0: 0x8000c2ba (0x03b98f63) beq     s3, s11, pc + 62
core   0: 3 0x8000c2ba (0x03b98f63)
core   0: 0x8000c2f8 (0xffff4997) auipc   s3, 0xffff4
core   0: 3 0x8000c2f8 (0xffff4997) x19 0x800002f8
core   0: 0x8000c2fc (0xd0898993) addi    s3, s3, -760
core   0: 3 0x8000c2fc (0xd0898993) x19 0x80000000
core   0: 0x8000c300 (0x0009a023) sw      zero, 0(s3)
core   0: 3 0x8000c300 (0x0009a023) mem 0x80000000 0x00000000
core   0: 0x8000c304 (0x0019a223) sw      ra, 4(s3)
core   0: 3 0x8000c304 (0x0019a223) mem 0x80000004 0xffffffee
core   0: 0x8000c308 (0x0029a423) sw      sp, 8(s3)
core   0: 3 0x8000c308 (0x0029a423) mem 0x80000008 0x00000006
core   0: 0x8000c30c (0x0039a623) sw      gp, 12(s3)
core   0: 3 0x8000c30c (0x0039a623) mem 0x8000000c 0x00000001
core   0: 0x8000c310 (0x0049a823) sw      tp, 16(s3)
core   0: 3 0x8000c310 (0x0049a823) mem 0x80000010 0x8002a369
core   0: 0x8000c314 (0x0059aa23) sw      t0, 20(s3)
core   0: 3 0x8000c314 (0x0059aa23) mem 0x80000014 0xffffffbe
core   0: 0x8000c318 (0x0069ac23) sw      t1, 24(s3)
core   0: 3 0x8000c318 (0x0069ac23) mem 0x80000018 0x00000000
core   0: 0x8000c31c (0x0079ae23) sw      t2, 28(s3)
core   0: 3 0x8000c31c (0x0079ae23) mem 0x8000001c 0x00001000
core   0: 0x8000c320 (0x0289a023) sw      s0, 32(s3)
core   0: 3 0x8000c320 (0x0289a023) mem 0x80000020 0x8000b070
core   0: 0x8000c324 (0x0299a223) sw      s1, 36(s3)
core   0: 3 0x8000c324 (0x0299a223) mem 0x80000024 0x00000000
core   0: 0x8000c328 (0x02a9a423) sw      a0, 40(s3)
core   0: 3 0x8000c328 (0x02a9a423) mem 0x80000028 0x00000000
core   0: 0x8000c32c (0x02b9a623) sw      a1, 44(s3)
core   0: 3 0x8000c32c (0x02b9a623) mem 0x8000002c 0x00000000
core   0: 0x8000c330 (0x02c9a823) sw      a2, 48(s3)
core   0: 3 0x8000c330 (0x02c9a823) mem 0x80000030 0x00000000
core   0: 0x8000c334 (0x02d9aa23) sw      a3, 52(s3)
core   0: 3 0x8000c334 (0x02d9aa23) mem 0x80000034 0x00002001
core   0: 0x8000c338 (0x02e9ac23) sw      a4, 56(s3)
core   0: 3 0x8000c338 (0x02e9ac23) mem 0x80000038 0x0000200d
core   0: 0x8000c33c (0x02f9ae23) sw      a5, 60(s3)
core   0: 3 0x8000c33c (0x02f9ae23) mem 0x8000003c 0x00000000
core   0: 0x8000c340 (0x0509a023) sw      a6, 64(s3)
core   0: 3 0x8000c340 (0x0509a023) mem 0x80000040 0x00000000
core   0: 0x8000c344 (0x0519a223) sw      a7, 68(s3)
core   0: 3 0x8000c344 (0x0519a223) mem 0x80000044 0x00000000
core   0: 0x8000c348 (0x0529a423) sw      s2, 72(s3)
core   0: 3 0x8000c348 (0x0529a423) mem 0x80000048 0x70000000
core   0: 0x8000c34c (0x0539a623) sw      s3, 76(s3)
core   0: 3 0x8000c34c (0x0539a623) mem 0x8000004c 0x80000000
core   0: 0x8000c350 (0x0549a823) sw      s4, 80(s3)
core   0: 3 0x8000c350 (0x0549a823) mem 0x80000050 0xffffffbe
core   0: 0x8000c354 (0x0559aa23) sw      s5, 84(s3)
core   0: 3 0x8000c354 (0x0559aa23) mem 0x80000054 0x80025ea4
core   0: 0x8000c358 (0x0569ac23) sw      s6, 88(s3)
core   0: 3 0x8000c358 (0x0569ac23) mem 0x80000058 0x00000000
core   0: 0x8000c35c (0x0579ae23) sw      s7, 92(s3)
core   0: 3 0x8000c35c (0x0579ae23) mem 0x8000005c 0x00000000
core   0: 0x8000c360 (0x0789a023) sw      s8, 96(s3)
core   0: 3 0x8000c360 (0x0789a023) mem 0x80000060 0x80029ca0
core   0: 0x8000c364 (0x0799a223) sw      s9, 100(s3)
core   0: 3 0x8000c364 (0x0799a223) mem 0x80000064 0x00000004
core   0: 0x8000c368 (0x07a9a423) sw      s10, 104(s3)
core   0: 3 0x8000c368 (0x07a9a423) mem 0x80000068 0x3241a026
core   0: 0x8000c36c (0x07b9a623) sw      s11, 108(s3)
core   0: 3 0x8000c36c (0x07b9a623) mem 0x8000006c 0x0000000b
core   0: 0x8000c370 (0x07c9a823) sw      t3, 112(s3)
core   0: 3 0x8000c370 (0x07c9a823) mem 0x80000070 0x00000017
core   0: 0x8000c374 (0x07d9aa23) sw      t4, 116(s3)
core   0: 3 0x8000c374 (0x07d9aa23) mem 0x80000074 0x80029ca0
core   0: 0x8000c378 (0x07e9ac23) sw      t5, 120(s3)
core   0: 3 0x8000c378 (0x07e9ac23) mem 0x80000078 0xfffff8d1
core   0: 0x8000c37c (0x07f9ae23) sw      t6, 124(s3)
core   0: 3 0x8000c37c (0x07f9ae23) mem 0x8000007c 0x00000000
core   0: 0x8000c380 (0xfffff417) auipc   s0, 0xfffff
core   0: 3 0x8000c380 (0xfffff417) x8  0x8000b380
core   0: 0x8000c384 (0x45640413) addi    s0, s0, 1110
core   0: 3 0x8000c384 (0x45640413) x8  0x8000b7d6
core   0: 0x8000c388 (0x00040067) jr      s0
core   0: 3 0x8000c388 (0x00040067)
core   0: 0x8000b7d6 (0x00005f17) auipc   t5, 0x5
core   0: 3 0x8000b7d6 (0x00005f17) x30 0x800107d6
core   0: 0x8000b7da (0x823f2523) sw      gp, -2006(t5)
core   0: 3 0x8000b7da (0x823f2523) mem 0x80010000 0x00000001
core   0: 0x8000b7de (0x0000bfe5) c.j     pc - 8
core   0: 3 0x8000b7de (0xbfe5)
core   0: 0x8000b7d6 (0x00005f17) auipc   t5, 0x5
core   0: 3 0x8000b7d6 (0x00005f17) x30 0x800107d6
core   0: 0x8000b7da (0x823f2523) sw      gp, -2006(t5)
core   0: 3 0x8000b7da (0x823f2523) mem 0x80010000 0x00000001
core   0: 0x8000b7de (0x0000bfe5) c.j     pc - 8
core   0: 3 0x8000b7de (0xbfe5)
core   0: 0x8000b7d6 (0x00005f17) auipc   t5, 0x5
core   0: 3 0x8000b7d6 (0x00005f17) x30 0x800107d6
core   0: 0x8000b7da (0x823f2523) sw      gp, -2006(t5)
core   0: 3 0x8000b7da (0x823f2523) mem 0x80010000 0x00000001
core   0: 0x8000b7de (0x0000bfe5) c.j     pc - 8
core   0: 3 0x8000b7de (0xbfe5)
core   0: 0x8000b7d6 (0x00005f17) auipc   t5, 0x5
core   0: 3 0x8000b7d6 (0x00005f17) x30 0x800107d6
core   0: 0x8000b7da (0x823f2523) sw      gp, -2006(t5)
core   0: 3 0x8000b7da (0x823f2523) mem 0x80010000 0x00000001
core   0: 0x8000b7de (0x0000bfe5) c.j     pc - 8
core   0: 3 0x8000b7de (0xbfe5)
core   0: 0x8000b7d6 (0x00005f17) auipc   t5, 0x5
core   0: 3 0x8000b7d6 (0x00005f17) x30 0x800107d6
core   0: 0x8000b7da (0x823f2523) sw      gp, -2006(t5)
core   0: 3 0x8000b7da (0x823f2523) mem 0x80010000 0x00000001
core   0: 0x8000b7de (0x0000bfe5) c.j     pc - 8
core   0: 3 0x8000b7de (0xbfe5)
core   0: 0x8000b7d6 (0x00005f17) auipc   t5, 0x5
core   0: 3 0x8000b7d6 (0x00005f17) x30 0x800107d6
core   0: 0x8000b7da (0x823f2523) sw      gp, -2006(t5)
core   0: 3 0x8000b7da (0x823f2523) mem 0x80010000 0x00000001
core   0: 0x8000b7de (0x0000bfe5) c.j     pc - 8
core   0: 3 0x8000b7de (0xbfe5)
core   0: 0x8000b7d6 (0x00005f17) auipc   t5, 0x5
core   0: 3 0x8000b7d6 (0x00005f17) x30 0x800107d6
core   0: 0x8000b7da (0x823f2523) sw      gp, -2006(t5)
core   0: 3 0x8000b7da (0x823f2523) mem 0x80010000 0x00000001
core   0: 0x8000b7de (0x0000bfe5) c.j     pc - 8
core   0: 3 0x8000b7de (0xbfe5)
core   0: 0x8000b7d6 (0x00005f17) auipc   t5, 0x5
core   0: 3 0x8000b7d6 (0x00005f17) x30 0x800107d6
core   0: 0x8000b7da (0x823f2523) sw      gp, -2006(t5)
core   0: 3 0x8000b7da (0x823f2523) mem 0x80010000 0x00000001
core   0: 0x8000b7de (0x0000bfe5) c.j     pc - 8
core   0: 3 0x8000b7de (0xbfe5)
core   0: 0x8000b7d6 (0x00005f17) auipc   t5, 0x5
core   0: 3 0x8000b7d6 (0x00005f17) x30 0x800107d6
core   0: 0x8000b7da (0x823f2523) sw      gp, -2006(t5)
core   0: 3 0x8000b7da (0x823f2523) mem 0x80010000 0x00000001
core   0: 0x8000b7de (0x0000bfe5) c.j     pc - 8
core   0: 3 0x8000b7de (0xbfe5)
core   0: 0x8000b7d6 (0x00005f17) auipc   t5, 0x5
core   0: 3 0x8000b7d6 (0x00005f17) x30 0x800107d6
core   0: 0x8000b7da (0x823f2523) sw      gp, -2006(t5)
core   0: 3 0x8000b7da (0x823f2523) mem 0x80010000 0x00000001
core   0: 0x8000b7de (0x0000bfe5) c.j     pc - 8
core   0: 3 0x8000b7de (0xbfe5)
core   0: 0x8000b7d6 (0x00005f17) auipc   t5, 0x5
core   0: 3 0x8000b7d6 (0x00005f17) x30 0x800107d6
core   0: 0x8000b7da (0x823f2523) sw      gp, -2006(t5)
core   0: 3 0x8000b7da (0x823f2523) mem 0x80010000 0x00000001
core   0: 0x8000b7de (0x0000bfe5) c.j     pc - 8
core   0: 3 0x8000b7de (0xbfe5)
core   0: 0x8000b7d6 (0x00005f17) auipc   t5, 0x5
core   0: 3 0x8000b7d6 (0x00005f17) x30 0x800107d6
core   0: 0x8000b7da (0x823f2523) sw      gp, -2006(t5)
core   0: 3 0x8000b7da (0x823f2523) mem 0x80010000 0x00000001
core   0: 0x8000b7de (0x0000bfe5) c.j     pc - 8
core   0: 3 0x8000b7de (0xbfe5)
core   0: 0x8000b7d6 (0x00005f17) auipc   t5, 0x5
core   0: 3 0x8000b7d6 (0x00005f17) x30 0x800107d6
core   0: 0x8000b7da (0x823f2523) sw      gp, -2006(t5)
core   0: 3 0x8000b7da (0x823f2523) mem 0x80010000 0x00000001
core   0: 0x8000b7de (0x0000bfe5) c.j     pc - 8
core   0: 3 0x8000b7de (0xbfe5)
core   0: 0x8000b7d6 (0x00005f17) auipc   t5, 0x5
core   0: 3 0x8000b7d6 (0x00005f17) x30 0x800107d6
core   0: 0x8000b7da (0x823f2523) sw      gp, -2006(t5)
core   0: 3 0x8000b7da (0x823f2523) mem 0x80010000 0x00000001
core   0: 0x8000b7de (0x0000bfe5) c.j     pc - 8
core   0: 3 0x8000b7de (0xbfe5)
core   0: 0x8000b7d6 (0x00005f17) auipc   t5, 0x5
core   0: 3 0x8000b7d6 (0x00005f17) x30 0x800107d6
core   0: 0x8000b7da (0x823f2523) sw      gp, -2006(t5)
core   0: 3 0x8000b7da (0x823f2523) mem 0x80010000 0x00000001
core   0: 0x8000b7de (0x0000bfe5) c.j     pc - 8
core   0: 3 0x8000b7de (0xbfe5)
core   0: 0x8000b7d6 (0x00005f17) auipc   t5, 0x5
core   0: 3 0x8000b7d6 (0x00005f17) x30 0x800107d6
core   0: 0x8000b7da (0x823f2523) sw      gp, -2006(t5)
core   0: 3 0x8000b7da (0x823f2523) mem 0x80010000 0x00000001
core   0: 0x8000b7de (0x0000bfe5) c.j     pc - 8
core   0: 3 0x8000b7de (0xbfe5)
core   0: 0x8000b7d6 (0x00005f17) auipc   t5, 0x5
core   0: 3 0x8000b7d6 (0x00005f17) x30 0x800107d6
core   0: 0x8000b7da (0x823f2523) sw      gp, -2006(t5)
core   0: 3 0x8000b7da (0x823f2523) mem 0x80010000 0x00000001
core   0: 0x8000b7de (0x0000bfe5) c.j     pc - 8
core   0: 3 0x8000b7de (0xbfe5)
core   0: 0x8000b7d6 (0x00005f17) auipc   t5, 0x5
core   0: 3 0x8000b7d6 (0x00005f17) x30 0x800107d6
core   0: 0x8000b7da (0x823f2523) sw      gp, -2006(t5)
core   0: 3 0x8000b7da (0x823f2523) mem 0x80010000 0x00000001
core   0: 0x8000b7de (0x0000bfe5) c.j     pc - 8
core   0: 3 0x8000b7de (0xbfe5)
core   0: 0x8000b7d6 (0x00005f17) auipc   t5, 0x5
core   0: 3 0x8000b7d6 (0x00005f17) x30 0x800107d6
core   0: 0x8000b7da (0x823f2523) sw      gp, -2006(t5)
core   0: 3 0x8000b7da (0x823f2523) mem 0x80010000 0x00000001
core   0: 0x8000b7de (0x0000bfe5) c.j     pc - 8
core   0: 3 0x8000b7de (0xbfe5)
core   0: 0x8000b7d6 (0x00005f17) auipc   t5, 0x5
core   0: 3 0x8000b7d6 (0x00005f17) x30 0x800107d6
core   0: 0x8000b7da (0x823f2523) sw      gp, -2006(t5)
core   0: 3 0x8000b7da (0x823f2523) mem 0x80010000 0x00000001
core   0: 0x8000b7de (0x0000bfe5) c.j     pc - 8
core   0: 3 0x8000b7de (0xbfe5)
core   0: 0x8000b7d6 (0x00005f17) auipc   t5, 0x5
core   0: 3 0x8000b7d6 (0x00005f17) x30 0x800107d6
core   0: 0x8000b7da (0x823f2523) sw      gp, -2006(t5)
core   0: 3 0x8000b7da (0x823f2523) mem 0x80010000 0x00000001
core   0: 0x8000b7de (0x0000bfe5) c.j     pc - 8
core   0: 3 0x8000b7de (0xbfe5)
core   0: 0x8000b7d6 (0x00005f17) auipc   t5, 0x5
core   0: 3 0x8000b7d6 (0x00005f17) x30 0x800107d6
core   0: 0x8000b7da (0x823f2523) sw      gp, -2006(t5)
core   0: 3 0x8000b7da (0x823f2523) mem 0x80010000 0x00000001
core   0: 0x8000b7de (0x0000bfe5) c.j     pc - 8
core   0: 3 0x8000b7de (0xbfe5)
core   0: 0x8000b7d6 (0x00005f17) auipc   t5, 0x5
core   0: 3 0x8000b7d6 (0x00005f17) x30 0x800107d6
core   0: 0x8000b7da (0x823f2523) sw      gp, -2006(t5)
core   0: 3 0x8000b7da (0x823f2523) mem 0x80010000 0x00000001
core   0: 0x8000b7de (0x0000bfe5) c.j     pc - 8
core   0: 3 0x8000b7de (0xbfe5)
core   0: 0x8000b7d6 (0x00005f17) auipc   t5, 0x5
core   0: 3 0x8000b7d6 (0x00005f17) x30 0x800107d6
core   0: 0x8000b7da (0x823f2523) sw      gp, -2006(t5)
core   0: 3 0x8000b7da (0x823f2523) mem 0x80010000 0x00000001
core   0: 0x8000b7de (0x0000bfe5) c.j     pc - 8
core   0: 3 0x8000b7de (0xbfe5)
core   0: 0x8000b7d6 (0x00005f17) auipc   t5, 0x5
core   0: 3 0x8000b7d6 (0x00005f17) x30 0x800107d6
core   0: 0x8000b7da (0x823f2523) sw      gp, -2006(t5)
core   0: 3 0x8000b7da (0x823f2523) mem 0x80010000 0x00000001
core   0: 0x8000b7de (0x0000bfe5) c.j     pc - 8
core   0: 3 0x8000b7de (0xbfe5)
core   0: 0x8000b7d6 (0x00005f17) auipc   t5, 0x5
core   0: 3 0x8000b7d6 (0x00005f17) x30 0x800107d6
core   0: 0x8000b7da (0x823f2523) sw      gp, -2006(t5)
core   0: 3 0x8000b7da (0x823f2523) mem 0x80010000 0x00000001
core   0: 0x8000b7de (0x0000bfe5) c.j     pc - 8
core   0: 3 0x8000b7de (0xbfe5)
core   0: 0x8000b7d6 (0x00005f17) auipc   t5, 0x5
core   0: 3 0x8000b7d6 (0x00005f17) x30 0x800107d6
core   0: 0x8000b7da (0x823f2523) sw      gp, -2006(t5)
core   0: 3 0x8000b7da (0x823f2523) mem 0x80010000 0x00000001
core   0: 0x8000b7de (0x0000bfe5) c.j     pc - 8
core   0: 3 0x8000b7de (0xbfe5)
core   0: 0x8000b7d6 (0x00005f17) auipc   t5, 0x5
core   0: 3 0x8000b7d6 (0x00005f17) x30 0x800107d6
core   0: 0x8000b7da (0x823f2523) sw      gp, -2006(t5)
core   0: 3 0x8000b7da (0x823f2523) mem 0x80010000 0x00000001
core   0: 0x8000b7de (0x0000bfe5) c.j     pc - 8
core   0: 3 0x8000b7de (0xbfe5)
core   0: 0x8000b7d6 (0x00005f17) auipc   t5, 0x5
core   0: 3 0x8000b7d6 (0x00005f17) x30 0x800107d6
core   0: 0x8000b7da (0x823f2523) sw      gp, -2006(t5)
core   0: 3 0x8000b7da (0x823f2523) mem 0x80010000 0x00000001
core   0: 0x8000b7de (0x0000bfe5) c.j     pc - 8
core   0: 3 0x8000b7de (0xbfe5)
core   0: 0x8000b7d6 (0x00005f17) auipc   t5, 0x5
core   0: 3 0x8000b7d6 (0x00005f17) x30 0x800107d6
core   0: 0x8000b7da (0x823f2523) sw      gp, -2006(t5)
core   0: 3 0x8000b7da (0x823f2523) mem 0x80010000 0x00000001
core   0: 0x8000b7de (0x0000bfe5) c.j     pc - 8
core   0: 3 0x8000b7de (0xbfe5)
core   0: 0x8000b7d6 (0x00005f17) auipc   t5, 0x5
core   0: 3 0x8000b7d6 (0x00005f17) x30 0x800107d6
core   0: 0x8000b7da (0x823f2523) sw      gp, -2006(t5)
core   0: 3 0x8000b7da (0x823f2523) mem 0x80010000 0x00000001
core   0: 0x8000b7de (0x0000bfe5) c.j     pc - 8
core   0: 3 0x8000b7de (0xbfe5)
core   0: 0x8000b7d6 (0x00005f17) auipc   t5, 0x5
core   0: 3 0x8000b7d6 (0x00005f17) x30 0x800107d6
core   0: 0x8000b7da (0x823f2523) sw      gp, -2006(t5)
core   0: 3 0x8000b7da (0x823f2523) mem 0x80010000 0x00000001
core   0: 0x8000b7de (0x0000bfe5) c.j     pc - 8
core   0: 3 0x8000b7de (0xbfe5)
core   0: 0x8000b7d6 (0x00005f17) auipc   t5, 0x5
core   0: 3 0x8000b7d6 (0x00005f17) x30 0x800107d6
core   0: 0x8000b7da (0x823f2523) sw      gp, -2006(t5)
core   0: 3 0x8000b7da (0x823f2523) mem 0x80010000 0x00000001
core   0: 0x8000b7de (0x0000bfe5) c.j     pc - 8
core   0: 3 0x8000b7de (0xbfe5)
core   0: 0x8000b7d6 (0x00005f17) auipc   t5, 0x5
core   0: 3 0x8000b7d6 (0x00005f17) x30 0x800107d6
core   0: 0x8000b7da (0x823f2523) sw      gp, -2006(t5)
core   0: 3 0x8000b7da (0x823f2523) mem 0x80010000 0x00000001
core   0: 0x8000b7de (0x0000bfe5) c.j     pc - 8
core   0: 3 0x8000b7de (0xbfe5)
core   0: 0x8000b7d6 (0x00005f17) auipc   t5, 0x5
core   0: 3 0x8000b7d6 (0x00005f17) x30 0x800107d6
core   0: 0x8000b7da (0x823f2523) sw      gp, -2006(t5)
core   0: 3 0x8000b7da (0x823f2523) mem 0x80010000 0x00000001
core   0: 0x8000b7de (0x0000bfe5) c.j     pc - 8
core   0: 3 0x8000b7de (0xbfe5)
core   0: 0x8000b7d6 (0x00005f17) auipc   t5, 0x5
core   0: 3 0x8000b7d6 (0x00005f17) x30 0x800107d6
core   0: 0x8000b7da (0x823f2523) sw      gp, -2006(t5)
core   0: 3 0x8000b7da (0x823f2523) mem 0x80010000 0x00000001
core   0: 0x8000b7de (0x0000bfe5) c.j     pc - 8
core   0: 3 0x8000b7de (0xbfe5)
core   0: 0x8000b7d6 (0x00005f17) auipc   t5, 0x5
core   0: 3 0x8000b7d6 (0x00005f17) x30 0x800107d6
core   0: 0x8000b7da (0x823f2523) sw      gp, -2006(t5)
core   0: 3 0x8000b7da (0x823f2523) mem 0x80010000 0x00000001
core   0: 0x8000b7de (0x0000bfe5) c.j     pc - 8
core   0: 3 0x8000b7de (0xbfe5)
core   0: 0x8000b7d6 (0x00005f17) auipc   t5, 0x5
core   0: 3 0x8000b7d6 (0x00005f17) x30 0x800107d6
core   0: 0x8000b7da (0x823f2523) sw      gp, -2006(t5)
core   0: 3 0x8000b7da (0x823f2523) mem 0x80010000 0x00000001
core   0: 0x8000b7de (0x0000bfe5) c.j     pc - 8
core   0: 3 0x8000b7de (0xbfe5)
core   0: 0x8000b7d6 (0x00005f17) auipc   t5, 0x5
core   0: 3 0x8000b7d6 (0x00005f17) x30 0x800107d6
core   0: 0x8000b7da (0x823f2523) sw      gp, -2006(t5)
core   0: 3 0x8000b7da (0x823f2523) mem 0x80010000 0x00000001
core   0: 0x8000b7de (0x0000bfe5) c.j     pc - 8
core   0: 3 0x8000b7de (0xbfe5)
core   0: 0x8000b7d6 (0x00005f17) auipc   t5, 0x5
core   0: 3 0x8000b7d6 (0x00005f17) x30 0x800107d6
core   0: 0x8000b7da (0x823f2523) sw      gp, -2006(t5)
core   0: 3 0x8000b7da (0x823f2523) mem 0x80010000 0x00000001
core   0: 0x8000b7de (0x0000bfe5) c.j     pc - 8
core   0: 3 0x8000b7de (0xbfe5)
core   0: 0x8000b7d6 (0x00005f17) auipc   t5, 0x5
core   0: 3 0x8000b7d6 (0x00005f17) x30 0x800107d6
core   0: 0x8000b7da (0x823f2523) sw      gp, -2006(t5)
core   0: 3 0x8000b7da (0x823f2523) mem 0x80010000 0x00000001
core   0: 0x8000b7de (0x0000bfe5) c.j     pc - 8
core   0: 3 0x8000b7de (0xbfe5)
core   0: 0x8000b7d6 (0x00005f17) auipc   t5, 0x5
core   0: 3 0x8000b7d6 (0x00005f17) x30 0x800107d6
core   0: 0x8000b7da (0x823f2523) sw      gp, -2006(t5)
core   0: 3 0x8000b7da (0x823f2523) mem 0x80010000 0x00000001
core   0: 0x8000b7de (0x0000bfe5) c.j     pc - 8
core   0: 3 0x8000b7de (0xbfe5)
core   0: 0x8000b7d6 (0x00005f17) auipc   t5, 0x5
core   0: 3 0x8000b7d6 (0x00005f17) x30 0x800107d6
core   0: 0x8000b7da (0x823f2523) sw      gp, -2006(t5)
core   0: 3 0x8000b7da (0x823f2523) mem 0x80010000 0x00000001
core   0: 0x8000b7de (0x0000bfe5) c.j     pc - 8
core   0: 3 0x8000b7de (0xbfe5)
core   0: 0x8000b7d6 (0x00005f17) auipc   t5, 0x5
core   0: 3 0x8000b7d6 (0x00005f17) x30 0x800107d6
core   0: 0x8000b7da (0x823f2523) sw      gp, -2006(t5)
core   0: 3 0x8000b7da (0x823f2523) mem 0x80010000 0x00000001
core   0: 0x8000b7de (0x0000bfe5) c.j     pc - 8
core   0: 3 0x8000b7de (0xbfe5)
core   0: 0x8000b7d6 (0x00005f17) auipc   t5, 0x5
core   0: 3 0x8000b7d6 (0x00005f17) x30 0x800107d6
core   0: 0x8000b7da (0x823f2523) sw      gp, -2006(t5)
core   0: 3 0x8000b7da (0x823f2523) mem 0x80010000 0x00000001
core   0: 0x8000b7de (0x0000bfe5) c.j     pc - 8
core   0: 3 0x8000b7de (0xbfe5)
core   0: 0x8000b7d6 (0x00005f17) auipc   t5, 0x5
core   0: 3 0x8000b7d6 (0x00005f17) x30 0x800107d6
core   0: 0x8000b7da (0x823f2523) sw      gp, -2006(t5)
core   0: 3 0x8000b7da (0x823f2523) mem 0x80010000 0x00000001
core   0: 0x8000b7de (0x0000bfe5) c.j     pc - 8
core   0: 3 0x8000b7de (0xbfe5)
core   0: 0x8000b7d6 (0x00005f17) auipc   t5, 0x5
core   0: 3 0x8000b7d6 (0x00005f17) x30 0x800107d6
core   0: 0x8000b7da (0x823f2523) sw      gp, -2006(t5)
core   0: 3 0x8000b7da (0x823f2523) mem 0x80010000 0x00000001
core   0: 0x8000b7de (0x0000bfe5) c.j     pc - 8
core   0: 3 0x8000b7de (0xbfe5)
core   0: 0x8000b7d6 (0x00005f17) auipc   t5, 0x5
core   0: 3 0x8000b7d6 (0x00005f17) x30 0x800107d6
core   0: 0x8000b7da (0x823f2523) sw      gp, -2006(t5)
core   0: 3 0x8000b7da (0x823f2523) mem 0x80010000 0x00000001
core   0: 0x8000b7de (0x0000bfe5) c.j     pc - 8
core   0: 3 0x8000b7de (0xbfe5)
core   0: 0x8000b7d6 (0x00005f17) auipc   t5, 0x5
core   0: 3 0x8000b7d6 (0x00005f17) x30 0x800107d6
core   0: 0x8000b7da (0x823f2523) sw      gp, -2006(t5)
core   0: 3 0x8000b7da (0x823f2523) mem 0x80010000 0x00000001
core   0: 0x8000b7de (0x0000bfe5) c.j     pc - 8
core   0: 3 0x8000b7de (0xbfe5)
core   0: 0x8000b7d6 (0x00005f17) auipc   t5, 0x5
core   0: 3 0x8000b7d6 (0x00005f17) x30 0x800107d6
core   0: 0x8000b7da (0x823f2523) sw      gp, -2006(t5)
core   0: 3 0x8000b7da (0x823f2523) mem 0x80010000 0x00000001
core   0: 0x8000b7de (0x0000bfe5) c.j     pc - 8
core   0: 3 0x8000b7de (0xbfe5)
core   0: 0x8000b7d6 (0x00005f17) auipc   t5, 0x5
core   0: 3 0x8000b7d6 (0x00005f17) x30 0x800107d6
core   0: 0x8000b7da (0x823f2523) sw      gp, -2006(t5)
core   0: 3 0x8000b7da (0x823f2523) mem 0x80010000 0x00000001
core   0: 0x8000b7de (0x0000bfe5) c.j     pc - 8
core   0: 3 0x8000b7de (0xbfe5)
core   0: 0x8000b7d6 (0x00005f17) auipc   t5, 0x5
core   0: 3 0x8000b7d6 (0x00005f17) x30 0x800107d6
core   0: 0x8000b7da (0x823f2523) sw      gp, -2006(t5)
core   0: 3 0x8000b7da (0x823f2523) mem 0x80010000 0x00000001
core   0: 0x8000b7de (0x0000bfe5) c.j     pc - 8
core   0: 3 0x8000b7de (0xbfe5)
core   0: 0x8000b7d6 (0x00005f17) auipc   t5, 0x5
core   0: 3 0x8000b7d6 (0x00005f17) x30 0x800107d6
core   0: 0x8000b7da (0x823f2523) sw      gp, -2006(t5)
core   0: 3 0x8000b7da (0x823f2523) mem 0x80010000 0x00000001
core   0: 0x8000b7de (0x0000bfe5) c.j     pc - 8
core   0: 3 0x8000b7de (0xbfe5)
core   0: 0x8000b7d6 (0x00005f17) auipc   t5, 0x5
core   0: 3 0x8000b7d6 (0x00005f17) x30 0x800107d6
core   0: 0x8000b7da (0x823f2523) sw      gp, -2006(t5)
core   0: 3 0x8000b7da (0x823f2523) mem 0x80010000 0x00000001
core   0: 0x8000b7de (0x0000bfe5) c.j     pc - 8
core   0: 3 0x8000b7de (0xbfe5)
core   0: 0x8000b7d6 (0x00005f17) auipc   t5, 0x5
core   0: 3 0x8000b7d6 (0x00005f17) x30 0x800107d6
core   0: 0x8000b7da (0x823f2523) sw      gp, -2006(t5)
core   0: 3 0x8000b7da (0x823f2523) mem 0x80010000 0x00000001
core   0: 0x8000b7de (0x0000bfe5) c.j     pc - 8
core   0: 3 0x8000b7de (0xbfe5)
core   0: 0x8000b7d6 (0x00005f17) auipc   t5, 0x5
core   0: 3 0x8000b7d6 (0x00005f17) x30 0x800107d6
core   0: 0x8000b7da (0x823f2523) sw      gp, -2006(t5)
core   0: 3 0x8000b7da (0x823f2523) mem 0x80010000 0x00000001
core   0: 0x8000b7de (0x0000bfe5) c.j     pc - 8
core   0: 3 0x8000b7de (0xbfe5)
core   0: 0x8000b7d6 (0x00005f17) auipc   t5, 0x5
core   0: 3 0x8000b7d6 (0x00005f17) x30 0x800107d6
core   0: 0x8000b7da (0x823f2523) sw      gp, -2006(t5)
core   0: 3 0x8000b7da (0x823f2523) mem 0x80010000 0x00000001
core   0: 0x8000b7de (0x0000bfe5) c.j     pc - 8
core   0: 3 0x8000b7de (0xbfe5)
core   0: 0x8000b7d6 (0x00005f17) auipc   t5, 0x5
core   0: 3 0x8000b7d6 (0x00005f17) x30 0x800107d6
core   0: 0x8000b7da (0x823f2523) sw      gp, -2006(t5)
core   0: 3 0x8000b7da (0x823f2523) mem 0x80010000 0x00000001
core   0: 0x8000b7de (0x0000bfe5) c.j     pc - 8
core   0: 3 0x8000b7de (0xbfe5)
core   0: 0x8000b7d6 (0x00005f17) auipc   t5, 0x5
core   0: 3 0x8000b7d6 (0x00005f17) x30 0x800107d6
core   0: 0x8000b7da (0x823f2523) sw      gp, -2006(t5)
core   0: 3 0x8000b7da (0x823f2523) mem 0x80010000 0x00000001
core   0: 0x8000b7de (0x0000bfe5) c.j     pc - 8
core   0: 3 0x8000b7de (0xbfe5)
core   0: 0x8000b7d6 (0x00005f17) auipc   t5, 0x5
core   0: 3 0x8000b7d6 (0x00005f17) x30 0x800107d6
core   0: 0x8000b7da (0x823f2523) sw      gp, -2006(t5)
core   0: 3 0x8000b7da (0x823f2523) mem 0x80010000 0x00000001
core   0: 0x8000b7de (0x0000bfe5) c.j     pc - 8
core   0: 3 0x8000b7de (0xbfe5)
core   0: 0x8000b7d6 (0x00005f17) auipc   t5, 0x5
core   0: 3 0x8000b7d6 (0x00005f17) x30 0x800107d6
core   0: 0x8000b7da (0x823f2523) sw      gp, -2006(t5)
core   0: 3 0x8000b7da (0x823f2523) mem 0x80010000 0x00000001
core   0: 0x8000b7de (0x0000bfe5) c.j     pc - 8
core   0: 3 0x8000b7de (0xbfe5)
core   0: 0x8000b7d6 (0x00005f17) auipc   t5, 0x5
core   0: 3 0x8000b7d6 (0x00005f17) x30 0x800107d6
core   0: 0x8000b7da (0x823f2523) sw      gp, -2006(t5)
core   0: 3 0x8000b7da (0x823f2523) mem 0x80010000 0x00000001
core   0: 0x8000b7de (0x0000bfe5) c.j     pc - 8
core   0: 3 0x8000b7de (0xbfe5)
core   0: 0x8000b7d6 (0x00005f17) auipc   t5, 0x5
core   0: 3 0x8000b7d6 (0x00005f17) x30 0x800107d6
core   0: 0x8000b7da (0x823f2523) sw      gp, -2006(t5)
core   0: 3 0x8000b7da (0x823f2523) mem 0x80010000 0x00000001
core   0: 0x8000b7de (0x0000bfe5) c.j     pc - 8
core   0: 3 0x8000b7de (0xbfe5)
core   0: 0x8000b7d6 (0x00005f17) auipc   t5, 0x5
core   0: 3 0x8000b7d6 (0x00005f17) x30 0x800107d6
core   0: 0x8000b7da (0x823f2523) sw      gp, -2006(t5)
core   0: 3 0x8000b7da (0x823f2523) mem 0x80010000 0x00000001
core   0: 0x8000b7de (0x0000bfe5) c.j     pc - 8
core   0: 3 0x8000b7de (0xbfe5)
core   0: 0x8000b7d6 (0x00005f17) auipc   t5, 0x5
core   0: 3 0x8000b7d6 (0x00005f17) x30 0x800107d6
core   0: 0x8000b7da (0x823f2523) sw      gp, -2006(t5)
core   0: 3 0x8000b7da (0x823f2523) mem 0x80010000 0x00000001
core   0: 0x8000b7de (0x0000bfe5) c.j     pc - 8
core   0: 3 0x8000b7de (0xbfe5)
core   0: 0x8000b7d6 (0x00005f17) auipc   t5, 0x5
core   0: 3 0x8000b7d6 (0x00005f17) x30 0x800107d6
core   0: 0x8000b7da (0x823f2523) sw      gp, -2006(t5)
core   0: 3 0x8000b7da (0x823f2523) mem 0x80010000 0x00000001
core   0: 0x8000b7de (0x0000bfe5) c.j     pc - 8
core   0: 3 0x8000b7de (0xbfe5)
core   0: 0x8000b7d6 (0x00005f17) auipc   t5, 0x5
core   0: 3 0x8000b7d6 (0x00005f17) x30 0x800107d6
core   0: 0x8000b7da (0x823f2523) sw      gp, -2006(t5)
core   0: 3 0x8000b7da (0x823f2523) mem 0x80010000 0x00000001
core   0: 0x8000b7de (0x0000bfe5) c.j     pc - 8
core   0: 3 0x8000b7de (0xbfe5)
core   0: 0x8000b7d6 (0x00005f17) auipc   t5, 0x5
core   0: 3 0x8000b7d6 (0x00005f17) x30 0x800107d6
core   0: 0x8000b7da (0x823f2523) sw      gp, -2006(t5)
core   0: 3 0x8000b7da (0x823f2523) mem 0x80010000 0x00000001
core   0: 0x8000b7de (0x0000bfe5) c.j     pc - 8
core   0: 3 0x8000b7de (0xbfe5)
core   0: 0x8000b7d6 (0x00005f17) auipc   t5, 0x5
core   0: 3 0x8000b7d6 (0x00005f17) x30 0x800107d6
core   0: 0x8000b7da (0x823f2523) sw      gp, -2006(t5)
core   0: 3 0x8000b7da (0x823f2523) mem 0x80010000 0x00000001
core   0: 0x8000b7de (0x0000bfe5) c.j     pc - 8
core   0: 3 0x8000b7de (0xbfe5)
core   0: 0x8000b7d6 (0x00005f17) auipc   t5, 0x5
core   0: 3 0x8000b7d6 (0x00005f17) x30 0x800107d6
core   0: 0x8000b7da (0x823f2523) sw      gp, -2006(t5)
core   0: 3 0x8000b7da (0x823f2523) mem 0x80010000 0x00000001
core   0: 0x8000b7de (0x0000bfe5) c.j     pc - 8
core   0: 3 0x8000b7de (0xbfe5)
core   0: 0x8000b7d6 (0x00005f17) auipc   t5, 0x5
core   0: 3 0x8000b7d6 (0x00005f17) x30 0x800107d6
core   0: 0x8000b7da (0x823f2523) sw      gp, -2006(t5)
core   0: 3 0x8000b7da (0x823f2523) mem 0x80010000 0x00000001
core   0: 0x8000b7de (0x0000bfe5) c.j     pc - 8
core   0: 3 0x8000b7de (0xbfe5)
core   0: 0x8000b7d6 (0x00005f17) auipc   t5, 0x5
core   0: 3 0x8000b7d6 (0x00005f17) x30 0x800107d6
core   0: 0x8000b7da (0x823f2523) sw      gp, -2006(t5)
core   0: 3 0x8000b7da (0x823f2523) mem 0x80010000 0x00000001
core   0: 0x8000b7de (0x0000bfe5) c.j     pc - 8
core   0: 3 0x8000b7de (0xbfe5)
core   0: 0x8000b7d6 (0x00005f17) auipc   t5, 0x5
core   0: 3 0x8000b7d6 (0x00005f17) x30 0x800107d6
core   0: 0x8000b7da (0x823f2523) sw      gp, -2006(t5)
core   0: 3 0x8000b7da (0x823f2523) mem 0x80010000 0x00000001
core   0: 0x8000b7de (0x0000bfe5) c.j     pc - 8
core   0: 3 0x8000b7de (0xbfe5)
core   0: 0x8000b7d6 (0x00005f17) auipc   t5, 0x5
core   0: 3 0x8000b7d6 (0x00005f17) x30 0x800107d6
core   0: 0x8000b7da (0x823f2523) sw      gp, -2006(t5)
core   0: 3 0x8000b7da (0x823f2523) mem 0x80010000 0x00000001
core   0: 0x8000b7de (0x0000bfe5) c.j     pc - 8
core   0: 3 0x8000b7de (0xbfe5)
core   0: 0x8000b7d6 (0x00005f17) auipc   t5, 0x5
core   0: 3 0x8000b7d6 (0x00005f17) x30 0x800107d6
core   0: 0x8000b7da (0x823f2523) sw      gp, -2006(t5)
core   0: 3 0x8000b7da (0x823f2523) mem 0x80010000 0x00000001
core   0: 0x8000b7de (0x0000bfe5) c.j     pc - 8
core   0: 3 0x8000b7de (0xbfe5)
core   0: 0x8000b7d6 (0x00005f17) auipc   t5, 0x5
core   0: 3 0x8000b7d6 (0x00005f17) x30 0x800107d6
core   0: 0x8000b7da (0x823f2523) sw      gp, -2006(t5)
core   0: 3 0x8000b7da (0x823f2523) mem 0x80010000 0x00000001
core   0: 0x8000b7de (0x0000bfe5) c.j     pc - 8
core   0: 3 0x8000b7de (0xbfe5)
core   0: 0x8000b7d6 (0x00005f17) auipc   t5, 0x5
core   0: 3 0x8000b7d6 (0x00005f17) x30 0x800107d6
core   0: 0x8000b7da (0x823f2523) sw      gp, -2006(t5)
core   0: 3 0x8000b7da (0x823f2523) mem 0x80010000 0x00000001
core   0: 0x8000b7de (0x0000bfe5) c.j     pc - 8
core   0: 3 0x8000b7de (0xbfe5)
core   0: 0x8000b7d6 (0x00005f17) auipc   t5, 0x5
core   0: 3 0x8000b7d6 (0x00005f17) x30 0x800107d6
core   0: 0x8000b7da (0x823f2523) sw      gp, -2006(t5)
core   0: 3 0x8000b7da (0x823f2523) mem 0x80010000 0x00000001
core   0: 0x8000b7de (0x0000bfe5) c.j     pc - 8
core   0: 3 0x8000b7de (0xbfe5)
core   0: 0x8000b7d6 (0x00005f17) auipc   t5, 0x5
core   0: 3 0x8000b7d6 (0x00005f17) x30 0x800107d6
core   0: 0x8000b7da (0x823f2523) sw      gp, -2006(t5)
core   0: 3 0x8000b7da (0x823f2523) mem 0x80010000 0x00000001
core   0: 0x8000b7de (0x0000bfe5) c.j     pc - 8
core   0: 3 0x8000b7de (0xbfe5)
core   0: 0x8000b7d6 (0x00005f17) auipc   t5, 0x5
core   0: 3 0x8000b7d6 (0x00005f17) x30 0x800107d6
core   0: 0x8000b7da (0x823f2523) sw      gp, -2006(t5)
core   0: 3 0x8000b7da (0x823f2523) mem 0x80010000 0x00000001
core   0: 0x8000b7de (0x0000bfe5) c.j     pc - 8
core   0: 3 0x8000b7de (0xbfe5)
core   0: 0x8000b7d6 (0x00005f17) auipc   t5, 0x5
core   0: 3 0x8000b7d6 (0x00005f17) x30 0x800107d6
core   0: 0x8000b7da (0x823f2523) sw      gp, -2006(t5)
core   0: 3 0x8000b7da (0x823f2523) mem 0x80010000 0x00000001
core   0: 0x8000b7de (0x0000bfe5) c.j     pc - 8
core   0: 3 0x8000b7de (0xbfe5)
core   0: 0x8000b7d6 (0x00005f17) auipc   t5, 0x5
core   0: 3 0x8000b7d6 (0x00005f17) x30 0x800107d6
core   0: 0x8000b7da (0x823f2523) sw      gp, -2006(t5)
core   0: 3 0x8000b7da (0x823f2523) mem 0x80010000 0x00000001
core   0: 0x8000b7de (0x0000bfe5) c.j     pc - 8
core   0: 3 0x8000b7de (0xbfe5)
core   0: 0x8000b7d6 (0x00005f17) auipc   t5, 0x5
core   0: 3 0x8000b7d6 (0x00005f17) x30 0x800107d6
core   0: 0x8000b7da (0x823f2523) sw      gp, -2006(t5)
core   0: 3 0x8000b7da (0x823f2523) mem 0x80010000 0x00000001
core   0: 0x8000b7de (0x0000bfe5) c.j     pc - 8
core   0: 3 0x8000b7de (0xbfe5)
core   0: 0x8000b7d6 (0x00005f17) auipc   t5, 0x5
core   0: 3 0x8000b7d6 (0x00005f17) x30 0x800107d6
core   0: 0x8000b7da (0x823f2523) sw      gp, -2006(t5)
core   0: 3 0x8000b7da (0x823f2523) mem 0x80010000 0x00000001
core   0: 0x8000b7de (0x0000bfe5) c.j     pc - 8
core   0: 3 0x8000b7de (0xbfe5)
core   0: 0x8000b7d6 (0x00005f17) auipc   t5, 0x5
core   0: 3 0x8000b7d6 (0x00005f17) x30 0x800107d6
core   0: 0x8000b7da (0x823f2523) sw      gp, -2006(t5)
core   0: 3 0x8000b7da (0x823f2523) mem 0x80010000 0x00000001
core   0: 0x8000b7de (0x0000bfe5) c.j     pc - 8
core   0: 3 0x8000b7de (0xbfe5)
core   0: 0x8000b7d6 (0x00005f17) auipc   t5, 0x5
core   0: 3 0x8000b7d6 (0x00005f17) x30 0x800107d6
core   0: 0x8000b7da (0x823f2523) sw      gp, -2006(t5)
core   0: 3 0x8000b7da (0x823f2523) mem 0x80010000 0x00000001
core   0: 0x8000b7de (0x0000bfe5) c.j     pc - 8
core   0: 3 0x8000b7de (0xbfe5)
core   0: 0x8000b7d6 (0x00005f17) auipc   t5, 0x5
core   0: 3 0x8000b7d6 (0x00005f17) x30 0x800107d6
core   0: 0x8000b7da (0x823f2523) sw      gp, -2006(t5)
core   0: 3 0x8000b7da (0x823f2523) mem 0x80010000 0x00000001
core   0: 0x8000b7de (0x0000bfe5) c.j     pc - 8
core   0: 3 0x8000b7de (0xbfe5)
core   0: 0x8000b7d6 (0x00005f17) auipc   t5, 0x5
core   0: 3 0x8000b7d6 (0x00005f17) x30 0x800107d6
core   0: 0x8000b7da (0x823f2523) sw      gp, -2006(t5)
core   0: 3 0x8000b7da (0x823f2523) mem 0x80010000 0x00000001
core   0: 0x8000b7de (0x0000bfe5) c.j     pc - 8
core   0: 3 0x8000b7de (0xbfe5)
core   0: 0x8000b7d6 (0x00005f17) auipc   t5, 0x5
core   0: 3 0x8000b7d6 (0x00005f17) x30 0x800107d6
core   0: 0x8000b7da (0x823f2523) sw      gp, -2006(t5)
core   0: 3 0x8000b7da (0x823f2523) mem 0x80010000 0x00000001
core   0: 0x8000b7de (0x0000bfe5) c.j     pc - 8
core   0: 3 0x8000b7de (0xbfe5)
core   0: 0x8000b7d6 (0x00005f17) auipc   t5, 0x5
core   0: 3 0x8000b7d6 (0x00005f17) x30 0x800107d6
core   0: 0x8000b7da (0x823f2523) sw      gp, -2006(t5)
core   0: 3 0x8000b7da (0x823f2523) mem 0x80010000 0x00000001
core   0: 0x8000b7de (0x0000bfe5) c.j     pc - 8
core   0: 3 0x8000b7de (0xbfe5)
core   0: 0x8000b7d6 (0x00005f17) auipc   t5, 0x5
core   0: 3 0x8000b7d6 (0x00005f17) x30 0x800107d6
core   0: 0x8000b7da (0x823f2523) sw      gp, -2006(t5)
core   0: 3 0x8000b7da (0x823f2523) mem 0x80010000 0x00000001
core   0: 0x8000b7de (0x0000bfe5) c.j     pc - 8
core   0: 3 0x8000b7de (0xbfe5)
core   0: 0x8000b7d6 (0x00005f17) auipc   t5, 0x5
core   0: 3 0x8000b7d6 (0x00005f17) x30 0x800107d6
core   0: 0x8000b7da (0x823f2523) sw      gp, -2006(t5)
core   0: 3 0x8000b7da (0x823f2523) mem 0x80010000 0x00000001
core   0: 0x8000b7de (0x0000bfe5) c.j     pc - 8
core   0: 3 0x8000b7de (0xbfe5)
core   0: 0x8000b7d6 (0x00005f17) auipc   t5, 0x5
core   0: 3 0x8000b7d6 (0x00005f17) x30 0x800107d6
core   0: 0x8000b7da (0x823f2523) sw      gp, -2006(t5)
core   0: 3 0x8000b7da (0x823f2523) mem 0x80010000 0x00000001
core   0: 0x8000b7de (0x0000bfe5) c.j     pc - 8
core   0: 3 0x8000b7de (0xbfe5)
core   0: 0x8000b7d6 (0x00005f17) auipc   t5, 0x5
core   0: 3 0x8000b7d6 (0x00005f17) x30 0x800107d6
core   0: 0x8000b7da (0x823f2523) sw      gp, -2006(t5)
core   0: 3 0x8000b7da (0x823f2523) mem 0x80010000 0x00000001
core   0: 0x8000b7de (0x0000bfe5) c.j     pc - 8
core   0: 3 0x8000b7de (0xbfe5)
core   0: 0x8000b7d6 (0x00005f17) auipc   t5, 0x5
core   0: 3 0x8000b7d6 (0x00005f17) x30 0x800107d6
core   0: 0x8000b7da (0x823f2523) sw      gp, -2006(t5)
core   0: 3 0x8000b7da (0x823f2523) mem 0x80010000 0x00000001
core   0: 0x8000b7de (0x0000bfe5) c.j     pc - 8
core   0: 3 0x8000b7de (0xbfe5)
core   0: 0x8000b7d6 (0x00005f17) auipc   t5, 0x5
core   0: 3 0x8000b7d6 (0x00005f17) x30 0x800107d6
core   0: 0x8000b7da (0x823f2523) sw      gp, -2006(t5)
core   0: 3 0x8000b7da (0x823f2523) mem 0x80010000 0x00000001
core   0: 0x8000b7de (0x0000bfe5) c.j     pc - 8
core   0: 3 0x8000b7de (0xbfe5)
core   0: 0x8000b7d6 (0x00005f17) auipc   t5, 0x5
core   0: 3 0x8000b7d6 (0x00005f17) x30 0x800107d6
core   0: 0x8000b7da (0x823f2523) sw      gp, -2006(t5)
core   0: 3 0x8000b7da (0x823f2523) mem 0x80010000 0x00000001
core   0: 0x8000b7de (0x0000bfe5) c.j     pc - 8
core   0: 3 0x8000b7de (0xbfe5)
core   0: 0x8000b7d6 (0x00005f17) auipc   t5, 0x5
core   0: 3 0x8000b7d6 (0x00005f17) x30 0x800107d6
core   0: 0x8000b7da (0x823f2523) sw      gp, -2006(t5)
core   0: 3 0x8000b7da (0x823f2523) mem 0x80010000 0x00000001
core   0: 0x8000b7de (0x0000bfe5) c.j     pc - 8
core   0: 3 0x8000b7de (0xbfe5)
core   0: 0x8000b7d6 (0x00005f17) auipc   t5, 0x5
core   0: 3 0x8000b7d6 (0x00005f17) x30 0x800107d6
core   0: 0x8000b7da (0x823f2523) sw      gp, -2006(t5)
core   0: 3 0x8000b7da (0x823f2523) mem 0x80010000 0x00000001
core   0: 0x8000b7de (0x0000bfe5) c.j     pc - 8
core   0: 3 0x8000b7de (0xbfe5)
core   0: 0x8000b7d6 (0x00005f17) auipc   t5, 0x5
core   0: 3 0x8000b7d6 (0x00005f17) x30 0x800107d6
core   0: 0x8000b7da (0x823f2523) sw      gp, -2006(t5)
core   0: 3 0x8000b7da (0x823f2523) mem 0x80010000 0x00000001
core   0: 0x8000b7de (0x0000bfe5) c.j     pc - 8
core   0: 3 0x8000b7de (0xbfe5)
core   0: 0x8000b7d6 (0x00005f17) auipc   t5, 0x5
core   0: 3 0x8000b7d6 (0x00005f17) x30 0x800107d6
core   0: 0x8000b7da (0x823f2523) sw      gp, -2006(t5)
core   0: 3 0x8000b7da (0x823f2523) mem 0x80010000 0x00000001
core   0: 0x8000b7de (0x0000bfe5) c.j     pc - 8
core   0: 3 0x8000b7de (0xbfe5)
core   0: 0x8000b7d6 (0x00005f17) auipc   t5, 0x5
core   0: 3 0x8000b7d6 (0x00005f17) x30 0x800107d6
core   0: 0x8000b7da (0x823f2523) sw      gp, -2006(t5)
core   0: 3 0x8000b7da (0x823f2523) mem 0x80010000 0x00000001
core   0: 0x8000b7de (0x0000bfe5) c.j     pc - 8
core   0: 3 0x8000b7de (0xbfe5)
core   0: 0x8000b7d6 (0x00005f17) auipc   t5, 0x5
core   0: 3 0x8000b7d6 (0x00005f17) x30 0x800107d6
core   0: 0x8000b7da (0x823f2523) sw      gp, -2006(t5)
core   0: 3 0x8000b7da (0x823f2523) mem 0x80010000 0x00000001
core   0: 0x8000b7de (0x0000bfe5) c.j     pc - 8
core   0: 3 0x8000b7de (0xbfe5)
core   0: 0x8000b7d6 (0x00005f17) auipc   t5, 0x5
core   0: 3 0x8000b7d6 (0x00005f17) x30 0x800107d6
core   0: 0x8000b7da (0x823f2523) sw      gp, -2006(t5)
core   0: 3 0x8000b7da (0x823f2523) mem 0x80010000 0x00000001
core   0: 0x8000b7de (0x0000bfe5) c.j     pc - 8
core   0: 3 0x8000b7de (0xbfe5)
core   0: 0x8000b7d6 (0x00005f17) auipc   t5, 0x5
core   0: 3 0x8000b7d6 (0x00005f17) x30 0x800107d6
core   0: 0x8000b7da (0x823f2523) sw      gp, -2006(t5)
core   0: 3 0x8000b7da (0x823f2523) mem 0x80010000 0x00000001
core   0: 0x8000b7de (0x0000bfe5) c.j     pc - 8
core   0: 3 0x8000b7de (0xbfe5)
core   0: 0x8000b7d6 (0x00005f17) auipc   t5, 0x5
core   0: 3 0x8000b7d6 (0x00005f17) x30 0x800107d6
core   0: 0x8000b7da (0x823f2523) sw      gp, -2006(t5)
core   0: 3 0x8000b7da (0x823f2523) mem 0x80010000 0x00000001
core   0: 0x8000b7de (0x0000bfe5) c.j     pc - 8
core   0: 3 0x8000b7de (0xbfe5)
core   0: 0x8000b7d6 (0x00005f17) auipc   t5, 0x5
core   0: 3 0x8000b7d6 (0x00005f17) x30 0x800107d6
core   0: 0x8000b7da (0x823f2523) sw      gp, -2006(t5)
core   0: 3 0x8000b7da (0x823f2523) mem 0x80010000 0x00000001
core   0: 0x8000b7de (0x0000bfe5) c.j     pc - 8
core   0: 3 0x8000b7de (0xbfe5)
core   0: 0x8000b7d6 (0x00005f17) auipc   t5, 0x5
core   0: 3 0x8000b7d6 (0x00005f17) x30 0x800107d6
core   0: 0x8000b7da (0x823f2523) sw      gp, -2006(t5)
core   0: 3 0x8000b7da (0x823f2523) mem 0x80010000 0x00000001
core   0: 0x8000b7de (0x0000bfe5) c.j     pc - 8
core   0: 3 0x8000b7de (0xbfe5)
core   0: 0x8000b7d6 (0x00005f17) auipc   t5, 0x5
core   0: 3 0x8000b7d6 (0x00005f17) x30 0x800107d6
core   0: 0x8000b7da (0x823f2523) sw      gp, -2006(t5)
core   0: 3 0x8000b7da (0x823f2523) mem 0x80010000 0x00000001
core   0: 0x8000b7de (0x0000bfe5) c.j     pc - 8
core   0: 3 0x8000b7de (0xbfe5)
core   0: 0x8000b7d6 (0x00005f17) auipc   t5, 0x5
core   0: 3 0x8000b7d6 (0x00005f17) x30 0x800107d6
core   0: 0x8000b7da (0x823f2523) sw      gp, -2006(t5)
core   0: 3 0x8000b7da (0x823f2523) mem 0x80010000 0x00000001
core   0: 0x8000b7de (0x0000bfe5) c.j     pc - 8
core   0: 3 0x8000b7de (0xbfe5)
core   0: 0x8000b7d6 (0x00005f17) auipc   t5, 0x5
core   0: 3 0x8000b7d6 (0x00005f17) x30 0x800107d6
core   0: 0x8000b7da (0x823f2523) sw      gp, -2006(t5)
core   0: 3 0x8000b7da (0x823f2523) mem 0x80010000 0x00000001
core   0: 0x8000b7de (0x0000bfe5) c.j     pc - 8
core   0: 3 0x8000b7de (0xbfe5)
core   0: 0x8000b7d6 (0x00005f17) auipc   t5, 0x5
core   0: 3 0x8000b7d6 (0x00005f17) x30 0x800107d6
core   0: 0x8000b7da (0x823f2523) sw      gp, -2006(t5)
core   0: 3 0x8000b7da (0x823f2523) mem 0x80010000 0x00000001
core   0: 0x8000b7de (0x0000bfe5) c.j     pc - 8
core   0: 3 0x8000b7de (0xbfe5)
core   0: 0x8000b7d6 (0x00005f17) auipc   t5, 0x5
core   0: 3 0x8000b7d6 (0x00005f17) x30 0x800107d6
core   0: 0x8000b7da (0x823f2523) sw      gp, -2006(t5)
core   0: 3 0x8000b7da (0x823f2523) mem 0x80010000 0x00000001
core   0: 0x8000b7de (0x0000bfe5) c.j     pc - 8
core   0: 3 0x8000b7de (0xbfe5)
core   0: 0x8000b7d6 (0x00005f17) auipc   t5, 0x5
core   0: 3 0x8000b7d6 (0x00005f17) x30 0x800107d6
core   0: 0x8000b7da (0x823f2523) sw      gp, -2006(t5)
core   0: 3 0x8000b7da (0x823f2523) mem 0x80010000 0x00000001
core   0: 0x8000b7de (0x0000bfe5) c.j     pc - 8
core   0: 3 0x8000b7de (0xbfe5)
core   0: 0x8000b7d6 (0x00005f17) auipc   t5, 0x5
core   0: 3 0x8000b7d6 (0x00005f17) x30 0x800107d6
core   0: 0x8000b7da (0x823f2523) sw      gp, -2006(t5)
core   0: 3 0x8000b7da (0x823f2523) mem 0x80010000 0x00000001
core   0: 0x8000b7de (0x0000bfe5) c.j     pc - 8
core   0: 3 0x8000b7de (0xbfe5)
core   0: 0x8000b7d6 (0x00005f17) auipc   t5, 0x5
core   0: 3 0x8000b7d6 (0x00005f17) x30 0x800107d6
core   0: 0x8000b7da (0x823f2523) sw      gp, -2006(t5)
core   0: 3 0x8000b7da (0x823f2523) mem 0x80010000 0x00000001
core   0: 0x8000b7de (0x0000bfe5) c.j     pc - 8
core   0: 3 0x8000b7de (0xbfe5)
core   0: 0x8000b7d6 (0x00005f17) auipc   t5, 0x5
core   0: 3 0x8000b7d6 (0x00005f17) x30 0x800107d6
core   0: 0x8000b7da (0x823f2523) sw      gp, -2006(t5)
core   0: 3 0x8000b7da (0x823f2523) mem 0x80010000 0x00000001
core   0: 0x8000b7de (0x0000bfe5) c.j     pc - 8
core   0: 3 0x8000b7de (0xbfe5)
core   0: 0x8000b7d6 (0x00005f17) auipc   t5, 0x5
core   0: 3 0x8000b7d6 (0x00005f17) x30 0x800107d6
core   0: 0x8000b7da (0x823f2523) sw      gp, -2006(t5)
core   0: 3 0x8000b7da (0x823f2523) mem 0x80010000 0x00000001
core   0: 0x8000b7de (0x0000bfe5) c.j     pc - 8
core   0: 3 0x8000b7de (0xbfe5)
core   0: 0x8000b7d6 (0x00005f17) auipc   t5, 0x5
core   0: 3 0x8000b7d6 (0x00005f17) x30 0x800107d6
core   0: 0x8000b7da (0x823f2523) sw      gp, -2006(t5)
core   0: 3 0x8000b7da (0x823f2523) mem 0x80010000 0x00000001
core   0: 0x8000b7de (0x0000bfe5) c.j     pc - 8
core   0: 3 0x8000b7de (0xbfe5)
core   0: 0x8000b7d6 (0x00005f17) auipc   t5, 0x5
core   0: 3 0x8000b7d6 (0x00005f17) x30 0x800107d6
core   0: 0x8000b7da (0x823f2523) sw      gp, -2006(t5)
core   0: 3 0x8000b7da (0x823f2523) mem 0x80010000 0x00000001
core   0: 0x8000b7de (0x0000bfe5) c.j     pc - 8
core   0: 3 0x8000b7de (0xbfe5)
core   0: 0x8000b7d6 (0x00005f17) auipc   t5, 0x5
core   0: 3 0x8000b7d6 (0x00005f17) x30 0x800107d6
core   0: 0x8000b7da (0x823f2523) sw      gp, -2006(t5)
core   0: 3 0x8000b7da (0x823f2523) mem 0x80010000 0x00000001
core   0: 0x8000b7de (0x0000bfe5) c.j     pc - 8
core   0: 3 0x8000b7de (0xbfe5)
core   0: 0x8000b7d6 (0x00005f17) auipc   t5, 0x5
core   0: 3 0x8000b7d6 (0x00005f17) x30 0x800107d6
core   0: 0x8000b7da (0x823f2523) sw      gp, -2006(t5)
core   0: 3 0x8000b7da (0x823f2523) mem 0x80010000 0x00000001
core   0: 0x8000b7de (0x0000bfe5) c.j     pc - 8
core   0: 3 0x8000b7de (0xbfe5)
core   0: 0x8000b7d6 (0x00005f17) auipc   t5, 0x5
core   0: 3 0x8000b7d6 (0x00005f17) x30 0x800107d6
core   0: 0x8000b7da (0x823f2523) sw      gp, -2006(t5)
core   0: 3 0x8000b7da (0x823f2523) mem 0x80010000 0x00000001
core   0: 0x8000b7de (0x0000bfe5) c.j     pc - 8
core   0: 3 0x8000b7de (0xbfe5)
core   0: 0x8000b7d6 (0x00005f17) auipc   t5, 0x5
core   0: 3 0x8000b7d6 (0x00005f17) x30 0x800107d6
core   0: 0x8000b7da (0x823f2523) sw      gp, -2006(t5)
core   0: 3 0x8000b7da (0x823f2523) mem 0x80010000 0x00000001
core   0: 0x8000b7de (0x0000bfe5) c.j     pc - 8
core   0: 3 0x8000b7de (0xbfe5)
core   0: 0x8000b7d6 (0x00005f17) auipc   t5, 0x5
core   0: 3 0x8000b7d6 (0x00005f17) x30 0x800107d6
core   0: 0x8000b7da (0x823f2523) sw      gp, -2006(t5)
core   0: 3 0x8000b7da (0x823f2523) mem 0x80010000 0x00000001
core   0: 0x8000b7de (0x0000bfe5) c.j     pc - 8
core   0: 3 0x8000b7de (0xbfe5)
core   0: 0x8000b7d6 (0x00005f17) auipc   t5, 0x5
core   0: 3 0x8000b7d6 (0x00005f17) x30 0x800107d6
core   0: 0x8000b7da (0x823f2523) sw      gp, -2006(t5)
core   0: 3 0x8000b7da (0x823f2523) mem 0x80010000 0x00000001
core   0: 0x8000b7de (0x0000bfe5) c.j     pc - 8
core   0: 3 0x8000b7de (0xbfe5)
core   0: 0x8000b7d6 (0x00005f17) auipc   t5, 0x5
core   0: 3 0x8000b7d6 (0x00005f17) x30 0x800107d6
core   0: 0x8000b7da (0x823f2523) sw      gp, -2006(t5)
core   0: 3 0x8000b7da (0x823f2523) mem 0x80010000 0x00000001
core   0: 0x8000b7de (0x0000bfe5) c.j     pc - 8
core   0: 3 0x8000b7de (0xbfe5)
core   0: 0x8000b7d6 (0x00005f17) auipc   t5, 0x5
core   0: 3 0x8000b7d6 (0x00005f17) x30 0x800107d6
core   0: 0x8000b7da (0x823f2523) sw      gp, -2006(t5)
core   0: 3 0x8000b7da (0x823f2523) mem 0x80010000 0x00000001
core   0: 0x8000b7de (0x0000bfe5) c.j     pc - 8
core   0: 3 0x8000b7de (0xbfe5)
core   0: 0x8000b7d6 (0x00005f17) auipc   t5, 0x5
core   0: 3 0x8000b7d6 (0x00005f17) x30 0x800107d6
core   0: 0x8000b7da (0x823f2523) sw      gp, -2006(t5)
core   0: 3 0x8000b7da (0x823f2523) mem 0x80010000 0x00000001
core   0: 0x8000b7de (0x0000bfe5) c.j     pc - 8
core   0: 3 0x8000b7de (0xbfe5)
core   0: 0x8000b7d6 (0x00005f17) auipc   t5, 0x5
core   0: 3 0x8000b7d6 (0x00005f17) x30 0x800107d6
core   0: 0x8000b7da (0x823f2523) sw      gp, -2006(t5)
core   0: 3 0x8000b7da (0x823f2523) mem 0x80010000 0x00000001
core   0: 0x8000b7de (0x0000bfe5) c.j     pc - 8
core   0: 3 0x8000b7de (0xbfe5)
core   0: 0x8000b7d6 (0x00005f17) auipc   t5, 0x5
core   0: 3 0x8000b7d6 (0x00005f17) x30 0x800107d6
core   0: 0x8000b7da (0x823f2523) sw      gp, -2006(t5)
core   0: 3 0x8000b7da (0x823f2523) mem 0x80010000 0x00000001
core   0: 0x8000b7de (0x0000bfe5) c.j     pc - 8
core   0: 3 0x8000b7de (0xbfe5)
core   0: 0x8000b7d6 (0x00005f17) auipc   t5, 0x5
core   0: 3 0x8000b7d6 (0x00005f17) x30 0x800107d6
core   0: 0x8000b7da (0x823f2523) sw      gp, -2006(t5)
core   0: 3 0x8000b7da (0x823f2523) mem 0x80010000 0x00000001
core   0: 0x8000b7de (0x0000bfe5) c.j     pc - 8
core   0: 3 0x8000b7de (0xbfe5)
core   0: 0x8000b7d6 (0x00005f17) auipc   t5, 0x5
core   0: 3 0x8000b7d6 (0x00005f17) x30 0x800107d6
core   0: 0x8000b7da (0x823f2523) sw      gp, -2006(t5)
core   0: 3 0x8000b7da (0x823f2523) mem 0x80010000 0x00000001
core   0: 0x8000b7de (0x0000bfe5) c.j     pc - 8
core   0: 3 0x8000b7de (0xbfe5)
core   0: 0x8000b7d6 (0x00005f17) auipc   t5, 0x5
core   0: 3 0x8000b7d6 (0x00005f17) x30 0x800107d6
core   0: 0x8000b7da (0x823f2523) sw      gp, -2006(t5)
core   0: 3 0x8000b7da (0x823f2523) mem 0x80010000 0x00000001
core   0: 0x8000b7de (0x0000bfe5) c.j     pc - 8
core   0: 3 0x8000b7de (0xbfe5)
core   0: 0x8000b7d6 (0x00005f17) auipc   t5, 0x5
core   0: 3 0x8000b7d6 (0x00005f17) x30 0x800107d6
core   0: 0x8000b7da (0x823f2523) sw      gp, -2006(t5)
core   0: 3 0x8000b7da (0x823f2523) mem 0x80010000 0x00000001
core   0: 0x8000b7de (0x0000bfe5) c.j     pc - 8
core   0: 3 0x8000b7de (0xbfe5)
core   0: 0x8000b7d6 (0x00005f17) auipc   t5, 0x5
core   0: 3 0x8000b7d6 (0x00005f17) x30 0x800107d6
core   0: 0x8000b7da (0x823f2523) sw      gp, -2006(t5)
core   0: 3 0x8000b7da (0x823f2523) mem 0x80010000 0x00000001
core   0: 0x8000b7de (0x0000bfe5) c.j     pc - 8
core   0: 3 0x8000b7de (0xbfe5)
core   0: 0x8000b7d6 (0x00005f17) auipc   t5, 0x5
core   0: 3 0x8000b7d6 (0x00005f17) x30 0x800107d6
core   0: 0x8000b7da (0x823f2523) sw      gp, -2006(t5)
core   0: 3 0x8000b7da (0x823f2523) mem 0x80010000 0x00000001
core   0: 0x8000b7de (0x0000bfe5) c.j     pc - 8
core   0: 3 0x8000b7de (0xbfe5)
core   0: 0x8000b7d6 (0x00005f17) auipc   t5, 0x5
core   0: 3 0x8000b7d6 (0x00005f17) x30 0x800107d6
core   0: 0x8000b7da (0x823f2523) sw      gp, -2006(t5)
core   0: 3 0x8000b7da (0x823f2523) mem 0x80010000 0x00000001
core   0: 0x8000b7de (0x0000bfe5) c.j     pc - 8
core   0: 3 0x8000b7de (0xbfe5)
core   0: 0x8000b7d6 (0x00005f17) auipc   t5, 0x5
core   0: 3 0x8000b7d6 (0x00005f17) x30 0x800107d6
core   0: 0x8000b7da (0x823f2523) sw      gp, -2006(t5)
core   0: 3 0x8000b7da (0x823f2523) mem 0x80010000 0x00000001
core   0: 0x8000b7de (0x0000bfe5) c.j     pc - 8
core   0: 3 0x8000b7de (0xbfe5)
core   0: 0x8000b7d6 (0x00005f17) auipc   t5, 0x5
core   0: 3 0x8000b7d6 (0x00005f17) x30 0x800107d6
core   0: 0x8000b7da (0x823f2523) sw      gp, -2006(t5)
core   0: 3 0x8000b7da (0x823f2523) mem 0x80010000 0x00000001
core   0: 0x8000b7de (0x0000bfe5) c.j     pc - 8
core   0: 3 0x8000b7de (0xbfe5)
core   0: 0x8000b7d6 (0x00005f17) auipc   t5, 0x5
core   0: 3 0x8000b7d6 (0x00005f17) x30 0x800107d6
core   0: 0x8000b7da (0x823f2523) sw      gp, -2006(t5)
core   0: 3 0x8000b7da (0x823f2523) mem 0x80010000 0x00000001
core   0: 0x8000b7de (0x0000bfe5) c.j     pc - 8
core   0: 3 0x8000b7de (0xbfe5)
core   0: 0x8000b7d6 (0x00005f17) auipc   t5, 0x5
core   0: 3 0x8000b7d6 (0x00005f17) x30 0x800107d6
core   0: 0x8000b7da (0x823f2523) sw      gp, -2006(t5)
core   0: 3 0x8000b7da (0x823f2523) mem 0x80010000 0x00000001
core   0: 0x8000b7de (0x0000bfe5) c.j     pc - 8
core   0: 3 0x8000b7de (0xbfe5)
core   0: 0x8000b7d6 (0x00005f17) auipc   t5, 0x5
core   0: 3 0x8000b7d6 (0x00005f17) x30 0x800107d6
core   0: 0x8000b7da (0x823f2523) sw      gp, -2006(t5)
core   0: 3 0x8000b7da (0x823f2523) mem 0x80010000 0x00000001
core   0: 0x8000b7de (0x0000bfe5) c.j     pc - 8
core   0: 3 0x8000b7de (0xbfe5)
core   0: 0x8000b7d6 (0x00005f17) auipc   t5, 0x5
core   0: 3 0x8000b7d6 (0x00005f17) x30 0x800107d6
core   0: 0x8000b7da (0x823f2523) sw      gp, -2006(t5)
core   0: 3 0x8000b7da (0x823f2523) mem 0x80010000 0x00000001
core   0: 0x8000b7de (0x0000bfe5) c.j     pc - 8
core   0: 3 0x8000b7de (0xbfe5)
core   0: 0x8000b7d6 (0x00005f17) auipc   t5, 0x5
core   0: 3 0x8000b7d6 (0x00005f17) x30 0x800107d6
core   0: 0x8000b7da (0x823f2523) sw      gp, -2006(t5)
core   0: 3 0x8000b7da (0x823f2523) mem 0x80010000 0x00000001
core   0: 0x8000b7de (0x0000bfe5) c.j     pc - 8
core   0: 3 0x8000b7de (0xbfe5)
core   0: 0x8000b7d6 (0x00005f17) auipc   t5, 0x5
core   0: 3 0x8000b7d6 (0x00005f17) x30 0x800107d6
core   0: 0x8000b7da (0x823f2523) sw      gp, -2006(t5)
core   0: 3 0x8000b7da (0x823f2523) mem 0x80010000 0x00000001
core   0: 0x8000b7de (0x0000bfe5) c.j     pc - 8
core   0: 3 0x8000b7de (0xbfe5)
core   0: 0x8000b7d6 (0x00005f17) auipc   t5, 0x5
core   0: 3 0x8000b7d6 (0x00005f17) x30 0x800107d6
core   0: 0x8000b7da (0x823f2523) sw      gp, -2006(t5)
core   0: 3 0x8000b7da (0x823f2523) mem 0x80010000 0x00000001
core   0: 0x8000b7de (0x0000bfe5) c.j     pc - 8
core   0: 3 0x8000b7de (0xbfe5)
core   0: 0x8000b7d6 (0x00005f17) auipc   t5, 0x5
core   0: 3 0x8000b7d6 (0x00005f17) x30 0x800107d6
core   0: 0x8000b7da (0x823f2523) sw      gp, -2006(t5)
core   0: 3 0x8000b7da (0x823f2523) mem 0x80010000 0x00000001
core   0: 0x8000b7de (0x0000bfe5) c.j     pc - 8
core   0: 3 0x8000b7de (0xbfe5)
core   0: 0x8000b7d6 (0x00005f17) auipc   t5, 0x5
core   0: 3 0x8000b7d6 (0x00005f17) x30 0x800107d6
core   0: 0x8000b7da (0x823f2523) sw      gp, -2006(t5)
core   0: 3 0x8000b7da (0x823f2523) mem 0x80010000 0x00000001
core   0: 0x8000b7de (0x0000bfe5) c.j     pc - 8
core   0: 3 0x8000b7de (0xbfe5)
core   0: 0x8000b7d6 (0x00005f17) auipc   t5, 0x5
core   0: 3 0x8000b7d6 (0x00005f17) x30 0x800107d6
core   0: 0x8000b7da (0x823f2523) sw      gp, -2006(t5)
core   0: 3 0x8000b7da (0x823f2523) mem 0x80010000 0x00000001
core   0: 0x8000b7de (0x0000bfe5) c.j     pc - 8
core   0: 3 0x8000b7de (0xbfe5)
core   0: 0x8000b7d6 (0x00005f17) auipc   t5, 0x5
core   0: 3 0x8000b7d6 (0x00005f17) x30 0x800107d6
core   0: 0x8000b7da (0x823f2523) sw      gp, -2006(t5)
core   0: 3 0x8000b7da (0x823f2523) mem 0x80010000 0x00000001
core   0: 0x8000b7de (0x0000bfe5) c.j     pc - 8
core   0: 3 0x8000b7de (0xbfe5)
core   0: 0x8000b7d6 (0x00005f17) auipc   t5, 0x5
core   0: 3 0x8000b7d6 (0x00005f17) x30 0x800107d6
core   0: 0x8000b7da (0x823f2523) sw      gp, -2006(t5)
core   0: 3 0x8000b7da (0x823f2523) mem 0x80010000 0x00000001
core   0: 0x8000b7de (0x0000bfe5) c.j     pc - 8
core   0: 3 0x8000b7de (0xbfe5)
core   0: 0x8000b7d6 (0x00005f17) auipc   t5, 0x5
core   0: 3 0x8000b7d6 (0x00005f17) x30 0x800107d6
core   0: 0x8000b7da (0x823f2523) sw      gp, -2006(t5)
core   0: 3 0x8000b7da (0x823f2523) mem 0x80010000 0x00000001
core   0: 0x8000b7de (0x0000bfe5) c.j     pc - 8
core   0: 3 0x8000b7de (0xbfe5)
core   0: 0x8000b7d6 (0x00005f17) auipc   t5, 0x5
core   0: 3 0x8000b7d6 (0x00005f17) x30 0x800107d6
core   0: 0x8000b7da (0x823f2523) sw      gp, -2006(t5)
core   0: 3 0x8000b7da (0x823f2523) mem 0x80010000 0x00000001
core   0: 0x8000b7de (0x0000bfe5) c.j     pc - 8
core   0: 3 0x8000b7de (0xbfe5)
core   0: 0x8000b7d6 (0x00005f17) auipc   t5, 0x5
core   0: 3 0x8000b7d6 (0x00005f17) x30 0x800107d6
core   0: 0x8000b7da (0x823f2523) sw      gp, -2006(t5)
core   0: 3 0x8000b7da (0x823f2523) mem 0x80010000 0x00000001
core   0: 0x8000b7de (0x0000bfe5) c.j     pc - 8
core   0: 3 0x8000b7de (0xbfe5)
core   0: 0x8000b7d6 (0x00005f17) auipc   t5, 0x5
core   0: 3 0x8000b7d6 (0x00005f17) x30 0x800107d6
core   0: 0x8000b7da (0x823f2523) sw      gp, -2006(t5)
core   0: 3 0x8000b7da (0x823f2523) mem 0x80010000 0x00000001
core   0: 0x8000b7de (0x0000bfe5) c.j     pc - 8
core   0: 3 0x8000b7de (0xbfe5)
core   0: 0x8000b7d6 (0x00005f17) auipc   t5, 0x5
core   0: 3 0x8000b7d6 (0x00005f17) x30 0x800107d6
core   0: 0x8000b7da (0x823f2523) sw      gp, -2006(t5)
core   0: 3 0x8000b7da (0x823f2523) mem 0x80010000 0x00000001
core   0: 0x8000b7de (0x0000bfe5) c.j     pc - 8
core   0: 3 0x8000b7de (0xbfe5)
core   0: 0x8000b7d6 (0x00005f17) auipc   t5, 0x5
core   0: 3 0x8000b7d6 (0x00005f17) x30 0x800107d6
core   0: 0x8000b7da (0x823f2523) sw      gp, -2006(t5)
core   0: 3 0x8000b7da (0x823f2523) mem 0x80010000 0x00000001
core   0: 0x8000b7de (0x0000bfe5) c.j     pc - 8
core   0: 3 0x8000b7de (0xbfe5)
core   0: 0x8000b7d6 (0x00005f17) auipc   t5, 0x5
core   0: 3 0x8000b7d6 (0x00005f17) x30 0x800107d6
core   0: 0x8000b7da (0x823f2523) sw      gp, -2006(t5)
core   0: 3 0x8000b7da (0x823f2523) mem 0x80010000 0x00000001
core   0: 0x8000b7de (0x0000bfe5) c.j     pc - 8
core   0: 3 0x8000b7de (0xbfe5)
core   0: 0x8000b7d6 (0x00005f17) auipc   t5, 0x5
core   0: 3 0x8000b7d6 (0x00005f17) x30 0x800107d6
core   0: 0x8000b7da (0x823f2523) sw      gp, -2006(t5)
core   0: 3 0x8000b7da (0x823f2523) mem 0x80010000 0x00000001
core   0: 0x8000b7de (0x0000bfe5) c.j     pc - 8
core   0: 3 0x8000b7de (0xbfe5)
core   0: 0x8000b7d6 (0x00005f17) auipc   t5, 0x5
core   0: 3 0x8000b7d6 (0x00005f17) x30 0x800107d6
core   0: 0x8000b7da (0x823f2523) sw      gp, -2006(t5)
core   0: 3 0x8000b7da (0x823f2523) mem 0x80010000 0x00000001
core   0: 0x8000b7de (0x0000bfe5) c.j     pc - 8
core   0: 3 0x8000b7de (0xbfe5)
core   0: 0x8000b7d6 (0x00005f17) auipc   t5, 0x5
core   0: 3 0x8000b7d6 (0x00005f17) x30 0x800107d6
core   0: 0x8000b7da (0x823f2523) sw      gp, -2006(t5)
core   0: 3 0x8000b7da (0x823f2523) mem 0x80010000 0x00000001
core   0: 0x8000b7de (0x0000bfe5) c.j     pc - 8
core   0: 3 0x8000b7de (0xbfe5)
core   0: 0x8000b7d6 (0x00005f17) auipc   t5, 0x5
core   0: 3 0x8000b7d6 (0x00005f17) x30 0x800107d6
core   0: 0x8000b7da (0x823f2523) sw      gp, -2006(t5)
core   0: 3 0x8000b7da (0x823f2523) mem 0x80010000 0x00000001
core   0: 0x8000b7de (0x0000bfe5) c.j     pc - 8
core   0: 3 0x8000b7de (0xbfe5)
core   0: 0x8000b7d6 (0x00005f17) auipc   t5, 0x5
core   0: 3 0x8000b7d6 (0x00005f17) x30 0x800107d6
core   0: 0x8000b7da (0x823f2523) sw      gp, -2006(t5)
core   0: 3 0x8000b7da (0x823f2523) mem 0x80010000 0x00000001
core   0: 0x8000b7de (0x0000bfe5) c.j     pc - 8
core   0: 3 0x8000b7de (0xbfe5)
core   0: 0x8000b7d6 (0x00005f17) auipc   t5, 0x5
core   0: 3 0x8000b7d6 (0x00005f17) x30 0x800107d6
core   0: 0x8000b7da (0x823f2523) sw      gp, -2006(t5)
core   0: 3 0x8000b7da (0x823f2523) mem 0x80010000 0x00000001
core   0: 0x8000b7de (0x0000bfe5) c.j     pc - 8
core   0: 3 0x8000b7de (0xbfe5)
core   0: 0x8000b7d6 (0x00005f17) auipc   t5, 0x5
core   0: 3 0x8000b7d6 (0x00005f17) x30 0x800107d6
core   0: 0x8000b7da (0x823f2523) sw      gp, -2006(t5)
core   0: 3 0x8000b7da (0x823f2523) mem 0x80010000 0x00000001
core   0: 0x8000b7de (0x0000bfe5) c.j     pc - 8
core   0: 3 0x8000b7de (0xbfe5)
core   0: 0x8000b7d6 (0x00005f17) auipc   t5, 0x5
core   0: 3 0x8000b7d6 (0x00005f17) x30 0x800107d6
core   0: 0x8000b7da (0x823f2523) sw      gp, -2006(t5)
core   0: 3 0x8000b7da (0x823f2523) mem 0x80010000 0x00000001
core   0: 0x8000b7de (0x0000bfe5) c.j     pc - 8
core   0: 3 0x8000b7de (0xbfe5)
core   0: 0x8000b7d6 (0x00005f17) auipc   t5, 0x5
core   0: 3 0x8000b7d6 (0x00005f17) x30 0x800107d6
core   0: 0x8000b7da (0x823f2523) sw      gp, -2006(t5)
core   0: 3 0x8000b7da (0x823f2523) mem 0x80010000 0x00000001
core   0: 0x8000b7de (0x0000bfe5) c.j     pc - 8
core   0: 3 0x8000b7de (0xbfe5)
core   0: 0x8000b7d6 (0x00005f17) auipc   t5, 0x5
core   0: 3 0x8000b7d6 (0x00005f17) x30 0x800107d6
core   0: 0x8000b7da (0x823f2523) sw      gp, -2006(t5)
core   0: 3 0x8000b7da (0x823f2523) mem 0x80010000 0x00000001
core   0: 0x8000b7de (0x0000bfe5) c.j     pc - 8
core   0: 3 0x8000b7de (0xbfe5)
core   0: 0x8000b7d6 (0x00005f17) auipc   t5, 0x5
core   0: 3 0x8000b7d6 (0x00005f17) x30 0x800107d6
core   0: 0x8000b7da (0x823f2523) sw      gp, -2006(t5)
core   0: 3 0x8000b7da (0x823f2523) mem 0x80010000 0x00000001
core   0: 0x8000b7de (0x0000bfe5) c.j     pc - 8
core   0: 3 0x8000b7de (0xbfe5)
core   0: 0x8000b7d6 (0x00005f17) auipc   t5, 0x5
core   0: 3 0x8000b7d6 (0x00005f17) x30 0x800107d6
core   0: 0x8000b7da (0x823f2523) sw      gp, -2006(t5)
core   0: 3 0x8000b7da (0x823f2523) mem 0x80010000 0x00000001
core   0: 0x8000b7de (0x0000bfe5) c.j     pc - 8
core   0: 3 0x8000b7de (0xbfe5)
core   0: 0x8000b7d6 (0x00005f17) auipc   t5, 0x5
core   0: 3 0x8000b7d6 (0x00005f17) x30 0x800107d6
core   0: 0x8000b7da (0x823f2523) sw      gp, -2006(t5)
core   0: 3 0x8000b7da (0x823f2523) mem 0x80010000 0x00000001
core   0: 0x8000b7de (0x0000bfe5) c.j     pc - 8
core   0: 3 0x8000b7de (0xbfe5)
core   0: 0x8000b7d6 (0x00005f17) auipc   t5, 0x5
core   0: 3 0x8000b7d6 (0x00005f17) x30 0x800107d6
core   0: 0x8000b7da (0x823f2523) sw      gp, -2006(t5)
core   0: 3 0x8000b7da (0x823f2523) mem 0x80010000 0x00000001
core   0: 0x8000b7de (0x0000bfe5) c.j     pc - 8
core   0: 3 0x8000b7de (0xbfe5)
core   0: 0x8000b7d6 (0x00005f17) auipc   t5, 0x5
core   0: 3 0x8000b7d6 (0x00005f17) x30 0x800107d6
core   0: 0x8000b7da (0x823f2523) sw      gp, -2006(t5)
core   0: 3 0x8000b7da (0x823f2523) mem 0x80010000 0x00000001
core   0: 0x8000b7de (0x0000bfe5) c.j     pc - 8
core   0: 3 0x8000b7de (0xbfe5)
core   0: 0x8000b7d6 (0x00005f17) auipc   t5, 0x5
core   0: 3 0x8000b7d6 (0x00005f17) x30 0x800107d6
core   0: 0x8000b7da (0x823f2523) sw      gp, -2006(t5)
core   0: 3 0x8000b7da (0x823f2523) mem 0x80010000 0x00000001
core   0: 0x8000b7de (0x0000bfe5) c.j     pc - 8
core   0: 3 0x8000b7de (0xbfe5)
core   0: 0x8000b7d6 (0x00005f17) auipc   t5, 0x5
core   0: 3 0x8000b7d6 (0x00005f17) x30 0x800107d6
core   0: 0x8000b7da (0x823f2523) sw      gp, -2006(t5)
core   0: 3 0x8000b7da (0x823f2523) mem 0x80010000 0x00000001
core   0: 0x8000b7de (0x0000bfe5) c.j     pc - 8
core   0: 3 0x8000b7de (0xbfe5)
core   0: 0x8000b7d6 (0x00005f17) auipc   t5, 0x5
core   0: 3 0x8000b7d6 (0x00005f17) x30 0x800107d6
core   0: 0x8000b7da (0x823f2523) sw      gp, -2006(t5)
core   0: 3 0x8000b7da (0x823f2523) mem 0x80010000 0x00000001
core   0: 0x8000b7de (0x0000bfe5) c.j     pc - 8
core   0: 3 0x8000b7de (0xbfe5)
core   0: 0x8000b7d6 (0x00005f17) auipc   t5, 0x5
core   0: 3 0x8000b7d6 (0x00005f17) x30 0x800107d6
core   0: 0x8000b7da (0x823f2523) sw      gp, -2006(t5)
core   0: 3 0x8000b7da (0x823f2523) mem 0x80010000 0x00000001
core   0: 0x8000b7de (0x0000bfe5) c.j     pc - 8
core   0: 3 0x8000b7de (0xbfe5)
core   0: 0x8000b7d6 (0x00005f17) auipc   t5, 0x5
core   0: 3 0x8000b7d6 (0x00005f17) x30 0x800107d6
core   0: 0x8000b7da (0x823f2523) sw      gp, -2006(t5)
core   0: 3 0x8000b7da (0x823f2523) mem 0x80010000 0x00000001
core   0: 0x8000b7de (0x0000bfe5) c.j     pc - 8
core   0: 3 0x8000b7de (0xbfe5)
core   0: 0x8000b7d6 (0x00005f17) auipc   t5, 0x5
core   0: 3 0x8000b7d6 (0x00005f17) x30 0x800107d6
core   0: 0x8000b7da (0x823f2523) sw      gp, -2006(t5)
core   0: 3 0x8000b7da (0x823f2523) mem 0x80010000 0x00000001
core   0: 0x8000b7de (0x0000bfe5) c.j     pc - 8
core   0: 3 0x8000b7de (0xbfe5)
core   0: 0x8000b7d6 (0x00005f17) auipc   t5, 0x5
core   0: 3 0x8000b7d6 (0x00005f17) x30 0x800107d6
core   0: 0x8000b7da (0x823f2523) sw      gp, -2006(t5)
core   0: 3 0x8000b7da (0x823f2523) mem 0x80010000 0x00000001
core   0: 0x8000b7de (0x0000bfe5) c.j     pc - 8
core   0: 3 0x8000b7de (0xbfe5)
core   0: 0x8000b7d6 (0x00005f17) auipc   t5, 0x5
core   0: 3 0x8000b7d6 (0x00005f17) x30 0x800107d6
core   0: 0x8000b7da (0x823f2523) sw      gp, -2006(t5)
core   0: 3 0x8000b7da (0x823f2523) mem 0x80010000 0x00000001
core   0: 0x8000b7de (0x0000bfe5) c.j     pc - 8
core   0: 3 0x8000b7de (0xbfe5)
core   0: 0x8000b7d6 (0x00005f17) auipc   t5, 0x5
core   0: 3 0x8000b7d6 (0x00005f17) x30 0x800107d6
core   0: 0x8000b7da (0x823f2523) sw      gp, -2006(t5)
core   0: 3 0x8000b7da (0x823f2523) mem 0x80010000 0x00000001
core   0: 0x8000b7de (0x0000bfe5) c.j     pc - 8
core   0: 3 0x8000b7de (0xbfe5)
core   0: 0x8000b7d6 (0x00005f17) auipc   t5, 0x5
core   0: 3 0x8000b7d6 (0x00005f17) x30 0x800107d6
core   0: 0x8000b7da (0x823f2523) sw      gp, -2006(t5)
core   0: 3 0x8000b7da (0x823f2523) mem 0x80010000 0x00000001
core   0: 0x8000b7de (0x0000bfe5) c.j     pc - 8
core   0: 3 0x8000b7de (0xbfe5)
core   0: 0x8000b7d6 (0x00005f17) auipc   t5, 0x5
core   0: 3 0x8000b7d6 (0x00005f17) x30 0x800107d6
core   0: 0x8000b7da (0x823f2523) sw      gp, -2006(t5)
core   0: 3 0x8000b7da (0x823f2523) mem 0x80010000 0x00000001
core   0: 0x8000b7de (0x0000bfe5) c.j     pc - 8
core   0: 3 0x8000b7de (0xbfe5)
core   0: 0x8000b7d6 (0x00005f17) auipc   t5, 0x5
core   0: 3 0x8000b7d6 (0x00005f17) x30 0x800107d6
core   0: 0x8000b7da (0x823f2523) sw      gp, -2006(t5)
core   0: 3 0x8000b7da (0x823f2523) mem 0x80010000 0x00000001
core   0: 0x8000b7de (0x0000bfe5) c.j     pc - 8
core   0: 3 0x8000b7de (0xbfe5)
core   0: 0x8000b7d6 (0x00005f17) auipc   t5, 0x5
core   0: 3 0x8000b7d6 (0x00005f17) x30 0x800107d6
core   0: 0x8000b7da (0x823f2523) sw      gp, -2006(t5)
core   0: 3 0x8000b7da (0x823f2523) mem 0x80010000 0x00000001
core   0: 0x8000b7de (0x0000bfe5) c.j     pc - 8
core   0: 3 0x8000b7de (0xbfe5)
core   0: 0x8000b7d6 (0x00005f17) auipc   t5, 0x5
core   0: 3 0x8000b7d6 (0x00005f17) x30 0x800107d6
core   0: 0x8000b7da (0x823f2523) sw      gp, -2006(t5)
core   0: 3 0x8000b7da (0x823f2523) mem 0x80010000 0x00000001
core   0: 0x8000b7de (0x0000bfe5) c.j     pc - 8
core   0: 3 0x8000b7de (0xbfe5)
core   0: 0x8000b7d6 (0x00005f17) auipc   t5, 0x5
core   0: 3 0x8000b7d6 (0x00005f17) x30 0x800107d6
core   0: 0x8000b7da (0x823f2523) sw      gp, -2006(t5)
core   0: 3 0x8000b7da (0x823f2523) mem 0x80010000 0x00000001
core   0: 0x8000b7de (0x0000bfe5) c.j     pc - 8
core   0: 3 0x8000b7de (0xbfe5)
core   0: 0x8000b7d6 (0x00005f17) auipc   t5, 0x5
core   0: 3 0x8000b7d6 (0x00005f17) x30 0x800107d6
core   0: 0x8000b7da (0x823f2523) sw      gp, -2006(t5)
core   0: 3 0x8000b7da (0x823f2523) mem 0x80010000 0x00000001
core   0: 0x8000b7de (0x0000bfe5) c.j     pc - 8
core   0: 3 0x8000b7de (0xbfe5)
core   0: 0x8000b7d6 (0x00005f17) auipc   t5, 0x5
core   0: 3 0x8000b7d6 (0x00005f17) x30 0x800107d6
core   0: 0x8000b7da (0x823f2523) sw      gp, -2006(t5)
core   0: 3 0x8000b7da (0x823f2523) mem 0x80010000 0x00000001
core   0: 0x8000b7de (0x0000bfe5) c.j     pc - 8
core   0: 3 0x8000b7de (0xbfe5)
core   0: 0x8000b7d6 (0x00005f17) auipc   t5, 0x5
core   0: 3 0x8000b7d6 (0x00005f17) x30 0x800107d6
core   0: 0x8000b7da (0x823f2523) sw      gp, -2006(t5)
core   0: 3 0x8000b7da (0x823f2523) mem 0x80010000 0x00000001
core   0: 0x8000b7de (0x0000bfe5) c.j     pc - 8
core   0: 3 0x8000b7de (0xbfe5)
core   0: 0x8000b7d6 (0x00005f17) auipc   t5, 0x5
core   0: 3 0x8000b7d6 (0x00005f17) x30 0x800107d6
core   0: 0x8000b7da (0x823f2523) sw      gp, -2006(t5)
core   0: 3 0x8000b7da (0x823f2523) mem 0x80010000 0x00000001
core   0: 0x8000b7de (0x0000bfe5) c.j     pc - 8
core   0: 3 0x8000b7de (0xbfe5)
core   0: 0x8000b7d6 (0x00005f17) auipc   t5, 0x5
core   0: 3 0x8000b7d6 (0x00005f17) x30 0x800107d6
core   0: 0x8000b7da (0x823f2523) sw      gp, -2006(t5)
core   0: 3 0x8000b7da (0x823f2523) mem 0x80010000 0x00000001
core   0: 0x8000b7de (0x0000bfe5) c.j     pc - 8
core   0: 3 0x8000b7de (0xbfe5)
core   0: 0x8000b7d6 (0x00005f17) auipc   t5, 0x5
core   0: 3 0x8000b7d6 (0x00005f17) x30 0x800107d6
core   0: 0x8000b7da (0x823f2523) sw      gp, -2006(t5)
core   0: 3 0x8000b7da (0x823f2523) mem 0x80010000 0x00000001
core   0: 0x8000b7de (0x0000bfe5) c.j     pc - 8
core   0: 3 0x8000b7de (0xbfe5)
core   0: 0x8000b7d6 (0x00005f17) auipc   t5, 0x5
core   0: 3 0x8000b7d6 (0x00005f17) x30 0x800107d6
core   0: 0x8000b7da (0x823f2523) sw      gp, -2006(t5)
core   0: 3 0x8000b7da (0x823f2523) mem 0x80010000 0x00000001
core   0: 0x8000b7de (0x0000bfe5) c.j     pc - 8
core   0: 3 0x8000b7de (0xbfe5)
core   0: 0x8000b7d6 (0x00005f17) auipc   t5, 0x5
core   0: 3 0x8000b7d6 (0x00005f17) x30 0x800107d6
core   0: 0x8000b7da (0x823f2523) sw      gp, -2006(t5)
core   0: 3 0x8000b7da (0x823f2523) mem 0x80010000 0x00000001
core   0: 0x8000b7de (0x0000bfe5) c.j     pc - 8
core   0: 3 0x8000b7de (0xbfe5)
core   0: 0x8000b7d6 (0x00005f17) auipc   t5, 0x5
core   0: 3 0x8000b7d6 (0x00005f17) x30 0x800107d6
core   0: 0x8000b7da (0x823f2523) sw      gp, -2006(t5)
core   0: 3 0x8000b7da (0x823f2523) mem 0x80010000 0x00000001
core   0: 0x8000b7de (0x0000bfe5) c.j     pc - 8
core   0: 3 0x8000b7de (0xbfe5)
core   0: 0x8000b7d6 (0x00005f17) auipc   t5, 0x5
core   0: 3 0x8000b7d6 (0x00005f17) x30 0x800107d6
core   0: 0x8000b7da (0x823f2523) sw      gp, -2006(t5)
core   0: 3 0x8000b7da (0x823f2523) mem 0x80010000 0x00000001
core   0: 0x8000b7de (0x0000bfe5) c.j     pc - 8
core   0: 3 0x8000b7de (0xbfe5)
core   0: 0x8000b7d6 (0x00005f17) auipc   t5, 0x5
core   0: 3 0x8000b7d6 (0x00005f17) x30 0x800107d6
core   0: 0x8000b7da (0x823f2523) sw      gp, -2006(t5)
core   0: 3 0x8000b7da (0x823f2523) mem 0x80010000 0x00000001
core   0: 0x8000b7de (0x0000bfe5) c.j     pc - 8
core   0: 3 0x8000b7de (0xbfe5)
core   0: 0x8000b7d6 (0x00005f17) auipc   t5, 0x5
core   0: 3 0x8000b7d6 (0x00005f17) x30 0x800107d6
core   0: 0x8000b7da (0x823f2523) sw      gp, -2006(t5)
core   0: 3 0x8000b7da (0x823f2523) mem 0x80010000 0x00000001
core   0: 0x8000b7de (0x0000bfe5) c.j     pc - 8
core   0: 3 0x8000b7de (0xbfe5)
core   0: 0x8000b7d6 (0x00005f17) auipc   t5, 0x5
core   0: 3 0x8000b7d6 (0x00005f17) x30 0x800107d6
core   0: 0x8000b7da (0x823f2523) sw      gp, -2006(t5)
core   0: 3 0x8000b7da (0x823f2523) mem 0x80010000 0x00000001
core   0: 0x8000b7de (0x0000bfe5) c.j     pc - 8
core   0: 3 0x8000b7de (0xbfe5)
core   0: 0x8000b7d6 (0x00005f17) auipc   t5, 0x5
core   0: 3 0x8000b7d6 (0x00005f17) x30 0x800107d6
core   0: 0x8000b7da (0x823f2523) sw      gp, -2006(t5)
core   0: 3 0x8000b7da (0x823f2523) mem 0x80010000 0x00000001
core   0: 0x8000b7de (0x0000bfe5) c.j     pc - 8
core   0: 3 0x8000b7de (0xbfe5)
core   0: 0x8000b7d6 (0x00005f17) auipc   t5, 0x5
core   0: 3 0x8000b7d6 (0x00005f17) x30 0x800107d6
core   0: 0x8000b7da (0x823f2523) sw      gp, -2006(t5)
core   0: 3 0x8000b7da (0x823f2523) mem 0x80010000 0x00000001
core   0: 0x8000b7de (0x0000bfe5) c.j     pc - 8
core   0: 3 0x8000b7de (0xbfe5)
core   0: 0x8000b7d6 (0x00005f17) auipc   t5, 0x5
core   0: 3 0x8000b7d6 (0x00005f17) x30 0x800107d6
core   0: 0x8000b7da (0x823f2523) sw      gp, -2006(t5)
core   0: 3 0x8000b7da (0x823f2523) mem 0x80010000 0x00000001
core   0: 0x8000b7de (0x0000bfe5) c.j     pc - 8
core   0: 3 0x8000b7de (0xbfe5)
core   0: 0x8000b7d6 (0x00005f17) auipc   t5, 0x5
core   0: 3 0x8000b7d6 (0x00005f17) x30 0x800107d6
core   0: 0x8000b7da (0x823f2523) sw      gp, -2006(t5)
core   0: 3 0x8000b7da (0x823f2523) mem 0x80010000 0x00000001
core   0: 0x8000b7de (0x0000bfe5) c.j     pc - 8
core   0: 3 0x8000b7de (0xbfe5)
core   0: 0x8000b7d6 (0x00005f17) auipc   t5, 0x5
core   0: 3 0x8000b7d6 (0x00005f17) x30 0x800107d6
core   0: 0x8000b7da (0x823f2523) sw      gp, -2006(t5)
core   0: 3 0x8000b7da (0x823f2523) mem 0x80010000 0x00000001
core   0: 0x8000b7de (0x0000bfe5) c.j     pc - 8
core   0: 3 0x8000b7de (0xbfe5)
core   0: 0x8000b7d6 (0x00005f17) auipc   t5, 0x5
core   0: 3 0x8000b7d6 (0x00005f17) x30 0x800107d6
core   0: 0x8000b7da (0x823f2523) sw      gp, -2006(t5)
core   0: 3 0x8000b7da (0x823f2523) mem 0x80010000 0x00000001
core   0: 0x8000b7de (0x0000bfe5) c.j     pc - 8
core   0: 3 0x8000b7de (0xbfe5)
core   0: 0x8000b7d6 (0x00005f17) auipc   t5, 0x5
core   0: 3 0x8000b7d6 (0x00005f17) x30 0x800107d6
core   0: 0x8000b7da (0x823f2523) sw      gp, -2006(t5)
core   0: 3 0x8000b7da (0x823f2523) mem 0x80010000 0x00000001
core   0: 0x8000b7de (0x0000bfe5) c.j     pc - 8
core   0: 3 0x8000b7de (0xbfe5)
core   0: 0x8000b7d6 (0x00005f17) auipc   t5, 0x5
core   0: 3 0x8000b7d6 (0x00005f17) x30 0x800107d6
core   0: 0x8000b7da (0x823f2523) sw      gp, -2006(t5)
core   0: 3 0x8000b7da (0x823f2523) mem 0x80010000 0x00000001
core   0: 0x8000b7de (0x0000bfe5) c.j     pc - 8
core   0: 3 0x8000b7de (0xbfe5)
core   0: 0x8000b7d6 (0x00005f17) auipc   t5, 0x5
core   0: 3 0x8000b7d6 (0x00005f17) x30 0x800107d6
core   0: 0x8000b7da (0x823f2523) sw      gp, -2006(t5)
core   0: 3 0x8000b7da (0x823f2523) mem 0x80010000 0x00000001
core   0: 0x8000b7de (0x0000bfe5) c.j     pc - 8
core   0: 3 0x8000b7de (0xbfe5)
core   0: 0x8000b7d6 (0x00005f17) auipc   t5, 0x5
core   0: 3 0x8000b7d6 (0x00005f17) x30 0x800107d6
core   0: 0x8000b7da (0x823f2523) sw      gp, -2006(t5)
core   0: 3 0x8000b7da (0x823f2523) mem 0x80010000 0x00000001
core   0: 0x8000b7de (0x0000bfe5) c.j     pc - 8
core   0: 3 0x8000b7de (0xbfe5)
core   0: 0x8000b7d6 (0x00005f17) auipc   t5, 0x5
core   0: 3 0x8000b7d6 (0x00005f17) x30 0x800107d6
core   0: 0x8000b7da (0x823f2523) sw      gp, -2006(t5)
core   0: 3 0x8000b7da (0x823f2523) mem 0x80010000 0x00000001
core   0: 0x8000b7de (0x0000bfe5) c.j     pc - 8
core   0: 3 0x8000b7de (0xbfe5)
core   0: 0x8000b7d6 (0x00005f17) auipc   t5, 0x5
core   0: 3 0x8000b7d6 (0x00005f17) x30 0x800107d6
core   0: 0x8000b7da (0x823f2523) sw      gp, -2006(t5)
core   0: 3 0x8000b7da (0x823f2523) mem 0x80010000 0x00000001
core   0: 0x8000b7de (0x0000bfe5) c.j     pc - 8
core   0: 3 0x8000b7de (0xbfe5)
core   0: 0x8000b7d6 (0x00005f17) auipc   t5, 0x5
core   0: 3 0x8000b7d6 (0x00005f17) x30 0x800107d6
core   0: 0x8000b7da (0x823f2523) sw      gp, -2006(t5)
core   0: 3 0x8000b7da (0x823f2523) mem 0x80010000 0x00000001
core   0: 0x8000b7de (0x0000bfe5) c.j     pc - 8
core   0: 3 0x8000b7de (0xbfe5)
core   0: 0x8000b7d6 (0x00005f17) auipc   t5, 0x5
core   0: 3 0x8000b7d6 (0x00005f17) x30 0x800107d6
core   0: 0x8000b7da (0x823f2523) sw      gp, -2006(t5)
core   0: 3 0x8000b7da (0x823f2523) mem 0x80010000 0x00000001
core   0: 0x8000b7de (0x0000bfe5) c.j     pc - 8
core   0: 3 0x8000b7de (0xbfe5)
core   0: 0x8000b7d6 (0x00005f17) auipc   t5, 0x5
core   0: 3 0x8000b7d6 (0x00005f17) x30 0x800107d6
core   0: 0x8000b7da (0x823f2523) sw      gp, -2006(t5)
core   0: 3 0x8000b7da (0x823f2523) mem 0x80010000 0x00000001
core   0: 0x8000b7de (0x0000bfe5) c.j     pc - 8
core   0: 3 0x8000b7de (0xbfe5)
core   0: 0x8000b7d6 (0x00005f17) auipc   t5, 0x5
core   0: 3 0x8000b7d6 (0x00005f17) x30 0x800107d6
core   0: 0x8000b7da (0x823f2523) sw      gp, -2006(t5)
core   0: 3 0x8000b7da (0x823f2523) mem 0x80010000 0x00000001
core   0: 0x8000b7de (0x0000bfe5) c.j     pc - 8
core   0: 3 0x8000b7de (0xbfe5)
core   0: 0x8000b7d6 (0x00005f17) auipc   t5, 0x5
core   0: 3 0x8000b7d6 (0x00005f17) x30 0x800107d6
core   0: 0x8000b7da (0x823f2523) sw      gp, -2006(t5)
core   0: 3 0x8000b7da (0x823f2523) mem 0x80010000 0x00000001
core   0: 0x8000b7de (0x0000bfe5) c.j     pc - 8
core   0: 3 0x8000b7de (0xbfe5)
core   0: 0x8000b7d6 (0x00005f17) auipc   t5, 0x5
core   0: 3 0x8000b7d6 (0x00005f17) x30 0x800107d6
core   0: 0x8000b7da (0x823f2523) sw      gp, -2006(t5)
core   0: 3 0x8000b7da (0x823f2523) mem 0x80010000 0x00000001
core   0: 0x8000b7de (0x0000bfe5) c.j     pc - 8
core   0: 3 0x8000b7de (0xbfe5)
core   0: 0x8000b7d6 (0x00005f17) auipc   t5, 0x5
core   0: 3 0x8000b7d6 (0x00005f17) x30 0x800107d6
core   0: 0x8000b7da (0x823f2523) sw      gp, -2006(t5)
core   0: 3 0x8000b7da (0x823f2523) mem 0x80010000 0x00000001
core   0: 0x8000b7de (0x0000bfe5) c.j     pc - 8
core   0: 3 0x8000b7de (0xbfe5)
core   0: 0x8000b7d6 (0x00005f17) auipc   t5, 0x5
core   0: 3 0x8000b7d6 (0x00005f17) x30 0x800107d6
core   0: 0x8000b7da (0x823f2523) sw      gp, -2006(t5)
core   0: 3 0x8000b7da (0x823f2523) mem 0x80010000 0x00000001
core   0: 0x8000b7de (0x0000bfe5) c.j     pc - 8
core   0: 3 0x8000b7de (0xbfe5)
core   0: 0x8000b7d6 (0x00005f17) auipc   t5, 0x5
core   0: 3 0x8000b7d6 (0x00005f17) x30 0x800107d6
core   0: 0x8000b7da (0x823f2523) sw      gp, -2006(t5)
core   0: 3 0x8000b7da (0x823f2523) mem 0x80010000 0x00000001
core   0: 0x8000b7de (0x0000bfe5) c.j     pc - 8
core   0: 3 0x8000b7de (0xbfe5)
core   0: 0x8000b7d6 (0x00005f17) auipc   t5, 0x5
core   0: 3 0x8000b7d6 (0x00005f17) x30 0x800107d6
core   0: 0x8000b7da (0x823f2523) sw      gp, -2006(t5)
core   0: 3 0x8000b7da (0x823f2523) mem 0x80010000 0x00000001
core   0: 0x8000b7de (0x0000bfe5) c.j     pc - 8
core   0: 3 0x8000b7de (0xbfe5)
core   0: 0x8000b7d6 (0x00005f17) auipc   t5, 0x5
core   0: 3 0x8000b7d6 (0x00005f17) x30 0x800107d6
core   0: 0x8000b7da (0x823f2523) sw      gp, -2006(t5)
core   0: 3 0x8000b7da (0x823f2523) mem 0x80010000 0x00000001
core   0: 0x8000b7de (0x0000bfe5) c.j     pc - 8
core   0: 3 0x8000b7de (0xbfe5)
core   0: 0x8000b7d6 (0x00005f17) auipc   t5, 0x5
core   0: 3 0x8000b7d6 (0x00005f17) x30 0x800107d6
core   0: 0x8000b7da (0x823f2523) sw      gp, -2006(t5)
core   0: 3 0x8000b7da (0x823f2523) mem 0x80010000 0x00000001
core   0: 0x8000b7de (0x0000bfe5) c.j     pc - 8
core   0: 3 0x8000b7de (0xbfe5)
core   0: 0x8000b7d6 (0x00005f17) auipc   t5, 0x5
core   0: 3 0x8000b7d6 (0x00005f17) x30 0x800107d6
core   0: 0x8000b7da (0x823f2523) sw      gp, -2006(t5)
core   0: 3 0x8000b7da (0x823f2523) mem 0x80010000 0x00000001
core   0: 0x8000b7de (0x0000bfe5) c.j     pc - 8
core   0: 3 0x8000b7de (0xbfe5)
core   0: 0x8000b7d6 (0x00005f17) auipc   t5, 0x5
core   0: 3 0x8000b7d6 (0x00005f17) x30 0x800107d6
core   0: 0x8000b7da (0x823f2523) sw      gp, -2006(t5)
core   0: 3 0x8000b7da (0x823f2523) mem 0x80010000 0x00000001
core   0: 0x8000b7de (0x0000bfe5) c.j     pc - 8
core   0: 3 0x8000b7de (0xbfe5)
core   0: 0x8000b7d6 (0x00005f17) auipc   t5, 0x5
core   0: 3 0x8000b7d6 (0x00005f17) x30 0x800107d6
core   0: 0x8000b7da (0x823f2523) sw      gp, -2006(t5)
core   0: 3 0x8000b7da (0x823f2523) mem 0x80010000 0x00000001
core   0: 0x8000b7de (0x0000bfe5) c.j     pc - 8
core   0: 3 0x8000b7de (0xbfe5)
core   0: 0x8000b7d6 (0x00005f17) auipc   t5, 0x5
core   0: 3 0x8000b7d6 (0x00005f17) x30 0x800107d6
core   0: 0x8000b7da (0x823f2523) sw      gp, -2006(t5)
core   0: 3 0x8000b7da (0x823f2523) mem 0x80010000 0x00000001
core   0: 0x8000b7de (0x0000bfe5) c.j     pc - 8
core   0: 3 0x8000b7de (0xbfe5)
core   0: 0x8000b7d6 (0x00005f17) auipc   t5, 0x5
core   0: 3 0x8000b7d6 (0x00005f17) x30 0x800107d6
core   0: 0x8000b7da (0x823f2523) sw      gp, -2006(t5)
core   0: 3 0x8000b7da (0x823f2523) mem 0x80010000 0x00000001
core   0: 0x8000b7de (0x0000bfe5) c.j     pc - 8
core   0: 3 0x8000b7de (0xbfe5)
core   0: 0x8000b7d6 (0x00005f17) auipc   t5, 0x5
core   0: 3 0x8000b7d6 (0x00005f17) x30 0x800107d6
core   0: 0x8000b7da (0x823f2523) sw      gp, -2006(t5)
core   0: 3 0x8000b7da (0x823f2523) mem 0x80010000 0x00000001
core   0: 0x8000b7de (0x0000bfe5) c.j     pc - 8
core   0: 3 0x8000b7de (0xbfe5)
core   0: 0x8000b7d6 (0x00005f17) auipc   t5, 0x5
core   0: 3 0x8000b7d6 (0x00005f17) x30 0x800107d6
core   0: 0x8000b7da (0x823f2523) sw      gp, -2006(t5)
core   0: 3 0x8000b7da (0x823f2523) mem 0x80010000 0x00000001
core   0: 0x8000b7de (0x0000bfe5) c.j     pc - 8
core   0: 3 0x8000b7de (0xbfe5)
core   0: 0x8000b7d6 (0x00005f17) auipc   t5, 0x5
core   0: 3 0x8000b7d6 (0x00005f17) x30 0x800107d6
core   0: 0x8000b7da (0x823f2523) sw      gp, -2006(t5)
core   0: 3 0x8000b7da (0x823f2523) mem 0x80010000 0x00000001
core   0: 0x8000b7de (0x0000bfe5) c.j     pc - 8
core   0: 3 0x8000b7de (0xbfe5)
core   0: 0x8000b7d6 (0x00005f17) auipc   t5, 0x5
core   0: 3 0x8000b7d6 (0x00005f17) x30 0x800107d6
core   0: 0x8000b7da (0x823f2523) sw      gp, -2006(t5)
core   0: 3 0x8000b7da (0x823f2523) mem 0x80010000 0x00000001
core   0: 0x8000b7de (0x0000bfe5) c.j     pc - 8
core   0: 3 0x8000b7de (0xbfe5)
core   0: 0x8000b7d6 (0x00005f17) auipc   t5, 0x5
core   0: 3 0x8000b7d6 (0x00005f17) x30 0x800107d6
core   0: 0x8000b7da (0x823f2523) sw      gp, -2006(t5)
core   0: 3 0x8000b7da (0x823f2523) mem 0x80010000 0x00000001
core   0: 0x8000b7de (0x0000bfe5) c.j     pc - 8
core   0: 3 0x8000b7de (0xbfe5)
core   0: 0x8000b7d6 (0x00005f17) auipc   t5, 0x5
core   0: 3 0x8000b7d6 (0x00005f17) x30 0x800107d6
core   0: 0x8000b7da (0x823f2523) sw      gp, -2006(t5)
core   0: 3 0x8000b7da (0x823f2523) mem 0x80010000 0x00000001
core   0: 0x8000b7de (0x0000bfe5) c.j     pc - 8
core   0: 3 0x8000b7de (0xbfe5)
core   0: 0x8000b7d6 (0x00005f17) auipc   t5, 0x5
core   0: 3 0x8000b7d6 (0x00005f17) x30 0x800107d6
core   0: 0x8000b7da (0x823f2523) sw      gp, -2006(t5)
core   0: 3 0x8000b7da (0x823f2523) mem 0x80010000 0x00000001
core   0: 0x8000b7de (0x0000bfe5) c.j     pc - 8
core   0: 3 0x8000b7de (0xbfe5)
core   0: 0x8000b7d6 (0x00005f17) auipc   t5, 0x5
core   0: 3 0x8000b7d6 (0x00005f17) x30 0x800107d6
core   0: 0x8000b7da (0x823f2523) sw      gp, -2006(t5)
core   0: 3 0x8000b7da (0x823f2523) mem 0x80010000 0x00000001
core   0: 0x8000b7de (0x0000bfe5) c.j     pc - 8
core   0: 3 0x8000b7de (0xbfe5)
core   0: 0x8000b7d6 (0x00005f17) auipc   t5, 0x5
core   0: 3 0x8000b7d6 (0x00005f17) x30 0x800107d6
core   0: 0x8000b7da (0x823f2523) sw      gp, -2006(t5)
core   0: 3 0x8000b7da (0x823f2523) mem 0x80010000 0x00000001
core   0: 0x8000b7de (0x0000bfe5) c.j     pc - 8
core   0: 3 0x8000b7de (0xbfe5)
core   0: 0x8000b7d6 (0x00005f17) auipc   t5, 0x5
core   0: 3 0x8000b7d6 (0x00005f17) x30 0x800107d6
core   0: 0x8000b7da (0x823f2523) sw      gp, -2006(t5)
core   0: 3 0x8000b7da (0x823f2523) mem 0x80010000 0x00000001
core   0: 0x8000b7de (0x0000bfe5) c.j     pc - 8
core   0: 3 0x8000b7de (0xbfe5)
core   0: 0x8000b7d6 (0x00005f17) auipc   t5, 0x5
core   0: 3 0x8000b7d6 (0x00005f17) x30 0x800107d6
core   0: 0x8000b7da (0x823f2523) sw      gp, -2006(t5)
core   0: 3 0x8000b7da (0x823f2523) mem 0x80010000 0x00000001
core   0: 0x8000b7de (0x0000bfe5) c.j     pc - 8
core   0: 3 0x8000b7de (0xbfe5)
core   0: 0x8000b7d6 (0x00005f17) auipc   t5, 0x5
core   0: 3 0x8000b7d6 (0x00005f17) x30 0x800107d6
core   0: 0x8000b7da (0x823f2523) sw      gp, -2006(t5)
core   0: 3 0x8000b7da (0x823f2523) mem 0x80010000 0x00000001
core   0: 0x8000b7de (0x0000bfe5) c.j     pc - 8
core   0: 3 0x8000b7de (0xbfe5)
core   0: 0x8000b7d6 (0x00005f17) auipc   t5, 0x5
core   0: 3 0x8000b7d6 (0x00005f17) x30 0x800107d6
core   0: 0x8000b7da (0x823f2523) sw      gp, -2006(t5)
core   0: 3 0x8000b7da (0x823f2523) mem 0x80010000 0x00000001
core   0: 0x8000b7de (0x0000bfe5) c.j     pc - 8
core   0: 3 0x8000b7de (0xbfe5)
core   0: 0x8000b7d6 (0x00005f17) auipc   t5, 0x5
core   0: 3 0x8000b7d6 (0x00005f17) x30 0x800107d6
core   0: 0x8000b7da (0x823f2523) sw      gp, -2006(t5)
core   0: 3 0x8000b7da (0x823f2523) mem 0x80010000 0x00000001
core   0: 0x8000b7de (0x0000bfe5) c.j     pc - 8
core   0: 3 0x8000b7de (0xbfe5)
core   0: 0x8000b7d6 (0x00005f17) auipc   t5, 0x5
core   0: 3 0x8000b7d6 (0x00005f17) x30 0x800107d6
core   0: 0x8000b7da (0x823f2523) sw      gp, -2006(t5)
core   0: 3 0x8000b7da (0x823f2523) mem 0x80010000 0x00000001
core   0: 0x8000b7de (0x0000bfe5) c.j     pc - 8
core   0: 3 0x8000b7de (0xbfe5)
core   0: 0x8000b7d6 (0x00005f17) auipc   t5, 0x5
core   0: 3 0x8000b7d6 (0x00005f17) x30 0x800107d6
core   0: 0x8000b7da (0x823f2523) sw      gp, -2006(t5)
core   0: 3 0x8000b7da (0x823f2523) mem 0x80010000 0x00000001
core   0: 0x8000b7de (0x0000bfe5) c.j     pc - 8
core   0: 3 0x8000b7de (0xbfe5)
core   0: 0x8000b7d6 (0x00005f17) auipc   t5, 0x5
core   0: 3 0x8000b7d6 (0x00005f17) x30 0x800107d6
core   0: 0x8000b7da (0x823f2523) sw      gp, -2006(t5)
core   0: 3 0x8000b7da (0x823f2523) mem 0x80010000 0x00000001
core   0: 0x8000b7de (0x0000bfe5) c.j     pc - 8
core   0: 3 0x8000b7de (0xbfe5)
core   0: 0x8000b7d6 (0x00005f17) auipc   t5, 0x5
core   0: 3 0x8000b7d6 (0x00005f17) x30 0x800107d6
core   0: 0x8000b7da (0x823f2523) sw      gp, -2006(t5)
core   0: 3 0x8000b7da (0x823f2523) mem 0x80010000 0x00000001
core   0: 0x8000b7de (0x0000bfe5) c.j     pc - 8
core   0: 3 0x8000b7de (0xbfe5)
core   0: 0x8000b7d6 (0x00005f17) auipc   t5, 0x5
core   0: 3 0x8000b7d6 (0x00005f17) x30 0x800107d6
core   0: 0x8000b7da (0x823f2523) sw      gp, -2006(t5)
core   0: 3 0x8000b7da (0x823f2523) mem 0x80010000 0x00000001
core   0: 0x8000b7de (0x0000bfe5) c.j     pc - 8
core   0: 3 0x8000b7de (0xbfe5)
core   0: 0x8000b7d6 (0x00005f17) auipc   t5, 0x5
core   0: 3 0x8000b7d6 (0x00005f17) x30 0x800107d6
core   0: 0x8000b7da (0x823f2523) sw      gp, -2006(t5)
core   0: 3 0x8000b7da (0x823f2523) mem 0x80010000 0x00000001
core   0: 0x8000b7de (0x0000bfe5) c.j     pc - 8
core   0: 3 0x8000b7de (0xbfe5)
core   0: 0x8000b7d6 (0x00005f17) auipc   t5, 0x5
core   0: 3 0x8000b7d6 (0x00005f17) x30 0x800107d6
core   0: 0x8000b7da (0x823f2523) sw      gp, -2006(t5)
core   0: 3 0x8000b7da (0x823f2523) mem 0x80010000 0x00000001
core   0: 0x8000b7de (0x0000bfe5) c.j     pc - 8
core   0: 3 0x8000b7de (0xbfe5)
core   0: 0x8000b7d6 (0x00005f17) auipc   t5, 0x5
core   0: 3 0x8000b7d6 (0x00005f17) x30 0x800107d6
core   0: 0x8000b7da (0x823f2523) sw      gp, -2006(t5)
core   0: 3 0x8000b7da (0x823f2523) mem 0x80010000 0x00000001
core   0: 0x8000b7de (0x0000bfe5) c.j     pc - 8
core   0: 3 0x8000b7de (0xbfe5)
core   0: 0x8000b7d6 (0x00005f17) auipc   t5, 0x5
core   0: 3 0x8000b7d6 (0x00005f17) x30 0x800107d6
core   0: 0x8000b7da (0x823f2523) sw      gp, -2006(t5)
core   0: 3 0x8000b7da (0x823f2523) mem 0x80010000 0x00000001
core   0: 0x8000b7de (0x0000bfe5) c.j     pc - 8
core   0: 3 0x8000b7de (0xbfe5)
core   0: 0x8000b7d6 (0x00005f17) auipc   t5, 0x5
core   0: 3 0x8000b7d6 (0x00005f17) x30 0x800107d6
core   0: 0x8000b7da (0x823f2523) sw      gp, -2006(t5)
core   0: 3 0x8000b7da (0x823f2523) mem 0x80010000 0x00000001
core   0: 0x8000b7de (0x0000bfe5) c.j     pc - 8
core   0: 3 0x8000b7de (0xbfe5)
core   0: 0x8000b7d6 (0x00005f17) auipc   t5, 0x5
core   0: 3 0x8000b7d6 (0x00005f17) x30 0x800107d6
core   0: 0x8000b7da (0x823f2523) sw      gp, -2006(t5)
core   0: 3 0x8000b7da (0x823f2523) mem 0x80010000 0x00000001
core   0: 0x8000b7de (0x0000bfe5) c.j     pc - 8
core   0: 3 0x8000b7de (0xbfe5)
core   0: 0x8000b7d6 (0x00005f17) auipc   t5, 0x5
core   0: 3 0x8000b7d6 (0x00005f17) x30 0x800107d6
core   0: 0x8000b7da (0x823f2523) sw      gp, -2006(t5)
core   0: 3 0x8000b7da (0x823f2523) mem 0x80010000 0x00000001
core   0: 0x8000b7de (0x0000bfe5) c.j     pc - 8
core   0: 3 0x8000b7de (0xbfe5)
core   0: 0x8000b7d6 (0x00005f17) auipc   t5, 0x5
core   0: 3 0x8000b7d6 (0x00005f17) x30 0x800107d6
core   0: 0x8000b7da (0x823f2523) sw      gp, -2006(t5)
core   0: 3 0x8000b7da (0x823f2523) mem 0x80010000 0x00000001
core   0: 0x8000b7de (0x0000bfe5) c.j     pc - 8
core   0: 3 0x8000b7de (0xbfe5)
core   0: 0x8000b7d6 (0x00005f17) auipc   t5, 0x5
core   0: 3 0x8000b7d6 (0x00005f17) x30 0x800107d6
core   0: 0x8000b7da (0x823f2523) sw      gp, -2006(t5)
core   0: 3 0x8000b7da (0x823f2523) mem 0x80010000 0x00000001
core   0: 0x8000b7de (0x0000bfe5) c.j     pc - 8
core   0: 3 0x8000b7de (0xbfe5)
core   0: 0x8000b7d6 (0x00005f17) auipc   t5, 0x5
core   0: 3 0x8000b7d6 (0x00005f17) x30 0x800107d6
core   0: 0x8000b7da (0x823f2523) sw      gp, -2006(t5)
core   0: 3 0x8000b7da (0x823f2523) mem 0x80010000 0x00000001
core   0: 0x8000b7de (0x0000bfe5) c.j     pc - 8
core   0: 3 0x8000b7de (0xbfe5)
core   0: 0x8000b7d6 (0x00005f17) auipc   t5, 0x5
core   0: 3 0x8000b7d6 (0x00005f17) x30 0x800107d6
core   0: 0x8000b7da (0x823f2523) sw      gp, -2006(t5)
core   0: 3 0x8000b7da (0x823f2523) mem 0x80010000 0x00000001
core   0: 0x8000b7de (0x0000bfe5) c.j     pc - 8
core   0: 3 0x8000b7de (0xbfe5)
core   0: 0x8000b7d6 (0x00005f17) auipc   t5, 0x5
core   0: 3 0x8000b7d6 (0x00005f17) x30 0x800107d6
core   0: 0x8000b7da (0x823f2523) sw      gp, -2006(t5)
core   0: 3 0x8000b7da (0x823f2523) mem 0x80010000 0x00000001
core   0: 0x8000b7de (0x0000bfe5) c.j     pc - 8
core   0: 3 0x8000b7de (0xbfe5)
core   0: 0x8000b7d6 (0x00005f17) auipc   t5, 0x5
core   0: 3 0x8000b7d6 (0x00005f17) x30 0x800107d6
core   0: 0x8000b7da (0x823f2523) sw      gp, -2006(t5)
core   0: 3 0x8000b7da (0x823f2523) mem 0x80010000 0x00000001
core   0: 0x8000b7de (0x0000bfe5) c.j     pc - 8
core   0: 3 0x8000b7de (0xbfe5)
core   0: 0x8000b7d6 (0x00005f17) auipc   t5, 0x5
core   0: 3 0x8000b7d6 (0x00005f17) x30 0x800107d6
core   0: 0x8000b7da (0x823f2523) sw      gp, -2006(t5)
core   0: 3 0x8000b7da (0x823f2523) mem 0x80010000 0x00000001
core   0: 0x8000b7de (0x0000bfe5) c.j     pc - 8
core   0: 3 0x8000b7de (0xbfe5)
core   0: 0x8000b7d6 (0x00005f17) auipc   t5, 0x5
core   0: 3 0x8000b7d6 (0x00005f17) x30 0x800107d6
core   0: 0x8000b7da (0x823f2523) sw      gp, -2006(t5)
core   0: 3 0x8000b7da (0x823f2523) mem 0x80010000 0x00000001
core   0: 0x8000b7de (0x0000bfe5) c.j     pc - 8
core   0: 3 0x8000b7de (0xbfe5)
core   0: 0x8000b7d6 (0x00005f17) auipc   t5, 0x5
core   0: 3 0x8000b7d6 (0x00005f17) x30 0x800107d6
core   0: 0x8000b7da (0x823f2523) sw      gp, -2006(t5)
core   0: 3 0x8000b7da (0x823f2523) mem 0x80010000 0x00000001
core   0: 0x8000b7de (0x0000bfe5) c.j     pc - 8
core   0: 3 0x8000b7de (0xbfe5)
core   0: 0x8000b7d6 (0x00005f17) auipc   t5, 0x5
core   0: 3 0x8000b7d6 (0x00005f17) x30 0x800107d6
core   0: 0x8000b7da (0x823f2523) sw      gp, -2006(t5)
core   0: 3 0x8000b7da (0x823f2523) mem 0x80010000 0x00000001
core   0: 0x8000b7de (0x0000bfe5) c.j     pc - 8
core   0: 3 0x8000b7de (0xbfe5)
core   0: 0x8000b7d6 (0x00005f17) auipc   t5, 0x5
core   0: 3 0x8000b7d6 (0x00005f17) x30 0x800107d6
core   0: 0x8000b7da (0x823f2523) sw      gp, -2006(t5)
core   0: 3 0x8000b7da (0x823f2523) mem 0x80010000 0x00000001
core   0: 0x8000b7de (0x0000bfe5) c.j     pc - 8
core   0: 3 0x8000b7de (0xbfe5)
core   0: 0x8000b7d6 (0x00005f17) auipc   t5, 0x5
core   0: 3 0x8000b7d6 (0x00005f17) x30 0x800107d6
core   0: 0x8000b7da (0x823f2523) sw      gp, -2006(t5)
core   0: 3 0x8000b7da (0x823f2523) mem 0x80010000 0x00000001
core   0: 0x8000b7de (0x0000bfe5) c.j     pc - 8
core   0: 3 0x8000b7de (0xbfe5)
core   0: 0x8000b7d6 (0x00005f17) auipc   t5, 0x5
core   0: 3 0x8000b7d6 (0x00005f17) x30 0x800107d6
core   0: 0x8000b7da (0x823f2523) sw      gp, -2006(t5)
core   0: 3 0x8000b7da (0x823f2523) mem 0x80010000 0x00000001
core   0: 0x8000b7de (0x0000bfe5) c.j     pc - 8
core   0: 3 0x8000b7de (0xbfe5)
core   0: 0x8000b7d6 (0x00005f17) auipc   t5, 0x5
core   0: 3 0x8000b7d6 (0x00005f17) x30 0x800107d6
core   0: 0x8000b7da (0x823f2523) sw      gp, -2006(t5)
core   0: 3 0x8000b7da (0x823f2523) mem 0x80010000 0x00000001
core   0: 0x8000b7de (0x0000bfe5) c.j     pc - 8
core   0: 3 0x8000b7de (0xbfe5)
core   0: 0x8000b7d6 (0x00005f17) auipc   t5, 0x5
core   0: 3 0x8000b7d6 (0x00005f17) x30 0x800107d6
core   0: 0x8000b7da (0x823f2523) sw      gp, -2006(t5)
core   0: 3 0x8000b7da (0x823f2523) mem 0x80010000 0x00000001
core   0: 0x8000b7de (0x0000bfe5) c.j     pc - 8
core   0: 3 0x8000b7de (0xbfe5)
core   0: 0x8000b7d6 (0x00005f17) auipc   t5, 0x5
core   0: 3 0x8000b7d6 (0x00005f17) x30 0x800107d6
core   0: 0x8000b7da (0x823f2523) sw      gp, -2006(t5)
core   0: 3 0x8000b7da (0x823f2523) mem 0x80010000 0x00000001
core   0: 0x8000b7de (0x0000bfe5) c.j     pc - 8
core   0: 3 0x8000b7de (0xbfe5)
core   0: 0x8000b7d6 (0x00005f17) auipc   t5, 0x5
core   0: 3 0x8000b7d6 (0x00005f17) x30 0x800107d6
core   0: 0x8000b7da (0x823f2523) sw      gp, -2006(t5)
core   0: 3 0x8000b7da (0x823f2523) mem 0x80010000 0x00000001
core   0: 0x8000b7de (0x0000bfe5) c.j     pc - 8
core   0: 3 0x8000b7de (0xbfe5)
core   0: 0x8000b7d6 (0x00005f17) auipc   t5, 0x5
core   0: 3 0x8000b7d6 (0x00005f17) x30 0x800107d6
core   0: 0x8000b7da (0x823f2523) sw      gp, -2006(t5)
core   0: 3 0x8000b7da (0x823f2523) mem 0x80010000 0x00000001
core   0: 0x8000b7de (0x0000bfe5) c.j     pc - 8
core   0: 3 0x8000b7de (0xbfe5)
core   0: 0x8000b7d6 (0x00005f17) auipc   t5, 0x5
core   0: 3 0x8000b7d6 (0x00005f17) x30 0x800107d6
core   0: 0x8000b7da (0x823f2523) sw      gp, -2006(t5)
core   0: 3 0x8000b7da (0x823f2523) mem 0x80010000 0x00000001
core   0: 0x8000b7de (0x0000bfe5) c.j     pc - 8
core   0: 3 0x8000b7de (0xbfe5)
core   0: 0x8000b7d6 (0x00005f17) auipc   t5, 0x5
core   0: 3 0x8000b7d6 (0x00005f17) x30 0x800107d6
core   0: 0x8000b7da (0x823f2523) sw      gp, -2006(t5)
core   0: 3 0x8000b7da (0x823f2523) mem 0x80010000 0x00000001
core   0: 0x8000b7de (0x0000bfe5) c.j     pc - 8
core   0: 3 0x8000b7de (0xbfe5)
core   0: 0x8000b7d6 (0x00005f17) auipc   t5, 0x5
core   0: 3 0x8000b7d6 (0x00005f17) x30 0x800107d6
core   0: 0x8000b7da (0x823f2523) sw      gp, -2006(t5)
core   0: 3 0x8000b7da (0x823f2523) mem 0x80010000 0x00000001
core   0: 0x8000b7de (0x0000bfe5) c.j     pc - 8
core   0: 3 0x8000b7de (0xbfe5)
core   0: 0x8000b7d6 (0x00005f17) auipc   t5, 0x5
core   0: 3 0x8000b7d6 (0x00005f17) x30 0x800107d6
core   0: 0x8000b7da (0x823f2523) sw      gp, -2006(t5)
core   0: 3 0x8000b7da (0x823f2523) mem 0x80010000 0x00000001
core   0: 0x8000b7de (0x0000bfe5) c.j     pc - 8
core   0: 3 0x8000b7de (0xbfe5)
core   0: 0x8000b7d6 (0x00005f17) auipc   t5, 0x5
core   0: 3 0x8000b7d6 (0x00005f17) x30 0x800107d6
core   0: 0x8000b7da (0x823f2523) sw      gp, -2006(t5)
core   0: 3 0x8000b7da (0x823f2523) mem 0x80010000 0x00000001
core   0: 0x8000b7de (0x0000bfe5) c.j     pc - 8
core   0: 3 0x8000b7de (0xbfe5)
core   0: 0x8000b7d6 (0x00005f17) auipc   t5, 0x5
core   0: 3 0x8000b7d6 (0x00005f17) x30 0x800107d6
core   0: 0x8000b7da (0x823f2523) sw      gp, -2006(t5)
core   0: 3 0x8000b7da (0x823f2523) mem 0x80010000 0x00000001
core   0: 0x8000b7de (0x0000bfe5) c.j     pc - 8
core   0: 3 0x8000b7de (0xbfe5)
core   0: 0x8000b7d6 (0x00005f17) auipc   t5, 0x5
core   0: 3 0x8000b7d6 (0x00005f17) x30 0x800107d6
core   0: 0x8000b7da (0x823f2523) sw      gp, -2006(t5)
core   0: 3 0x8000b7da (0x823f2523) mem 0x80010000 0x00000001
core   0: 0x8000b7de (0x0000bfe5) c.j     pc - 8
core   0: 3 0x8000b7de (0xbfe5)
core   0: 0x8000b7d6 (0x00005f17) auipc   t5, 0x5
core   0: 3 0x8000b7d6 (0x00005f17) x30 0x800107d6
core   0: 0x8000b7da (0x823f2523) sw      gp, -2006(t5)
core   0: 3 0x8000b7da (0x823f2523) mem 0x80010000 0x00000001
core   0: 0x8000b7de (0x0000bfe5) c.j     pc - 8
core   0: 3 0x8000b7de (0xbfe5)
core   0: 0x8000b7d6 (0x00005f17) auipc   t5, 0x5
core   0: 3 0x8000b7d6 (0x00005f17) x30 0x800107d6
core   0: 0x8000b7da (0x823f2523) sw      gp, -2006(t5)
core   0: 3 0x8000b7da (0x823f2523) mem 0x80010000 0x00000001
core   0: 0x8000b7de (0x0000bfe5) c.j     pc - 8
core   0: 3 0x8000b7de (0xbfe5)
core   0: 0x8000b7d6 (0x00005f17) auipc   t5, 0x5
core   0: 3 0x8000b7d6 (0x00005f17) x30 0x800107d6
core   0: 0x8000b7da (0x823f2523) sw      gp, -2006(t5)
core   0: 3 0x8000b7da (0x823f2523) mem 0x80010000 0x00000001
core   0: 0x8000b7de (0x0000bfe5) c.j     pc - 8
core   0: 3 0x8000b7de (0xbfe5)
core   0: 0x8000b7d6 (0x00005f17) auipc   t5, 0x5
core   0: 3 0x8000b7d6 (0x00005f17) x30 0x800107d6
core   0: 0x8000b7da (0x823f2523) sw      gp, -2006(t5)
core   0: 3 0x8000b7da (0x823f2523) mem 0x80010000 0x00000001
core   0: 0x8000b7de (0x0000bfe5) c.j     pc - 8
core   0: 3 0x8000b7de (0xbfe5)
core   0: 0x8000b7d6 (0x00005f17) auipc   t5, 0x5
core   0: 3 0x8000b7d6 (0x00005f17) x30 0x800107d6
core   0: 0x8000b7da (0x823f2523) sw      gp, -2006(t5)
core   0: 3 0x8000b7da (0x823f2523) mem 0x80010000 0x00000001
core   0: 0x8000b7de (0x0000bfe5) c.j     pc - 8
core   0: 3 0x8000b7de (0xbfe5)
core   0: 0x8000b7d6 (0x00005f17) auipc   t5, 0x5
core   0: 3 0x8000b7d6 (0x00005f17) x30 0x800107d6
core   0: 0x8000b7da (0x823f2523) sw      gp, -2006(t5)
core   0: 3 0x8000b7da (0x823f2523) mem 0x80010000 0x00000001
core   0: 0x8000b7de (0x0000bfe5) c.j     pc - 8
core   0: 3 0x8000b7de (0xbfe5)
core   0: 0x8000b7d6 (0x00005f17) auipc   t5, 0x5
core   0: 3 0x8000b7d6 (0x00005f17) x30 0x800107d6
core   0: 0x8000b7da (0x823f2523) sw      gp, -2006(t5)
core   0: 3 0x8000b7da (0x823f2523) mem 0x80010000 0x00000001
core   0: 0x8000b7de (0x0000bfe5) c.j     pc - 8
core   0: 3 0x8000b7de (0xbfe5)
core   0: 0x8000b7d6 (0x00005f17) auipc   t5, 0x5
core   0: 3 0x8000b7d6 (0x00005f17) x30 0x800107d6
core   0: 0x8000b7da (0x823f2523) sw      gp, -2006(t5)
core   0: 3 0x8000b7da (0x823f2523) mem 0x80010000 0x00000001
core   0: 0x8000b7de (0x0000bfe5) c.j     pc - 8
core   0: 3 0x8000b7de (0xbfe5)
core   0: 0x8000b7d6 (0x00005f17) auipc   t5, 0x5
core   0: 3 0x8000b7d6 (0x00005f17) x30 0x800107d6
core   0: 0x8000b7da (0x823f2523) sw      gp, -2006(t5)
core   0: 3 0x8000b7da (0x823f2523) mem 0x80010000 0x00000001
core   0: 0x8000b7de (0x0000bfe5) c.j     pc - 8
core   0: 3 0x8000b7de (0xbfe5)
core   0: 0x8000b7d6 (0x00005f17) auipc   t5, 0x5
core   0: 3 0x8000b7d6 (0x00005f17) x30 0x800107d6
core   0: 0x8000b7da (0x823f2523) sw      gp, -2006(t5)
core   0: 3 0x8000b7da (0x823f2523) mem 0x80010000 0x00000001
core   0: 0x8000b7de (0x0000bfe5) c.j     pc - 8
core   0: 3 0x8000b7de (0xbfe5)
core   0: 0x8000b7d6 (0x00005f17) auipc   t5, 0x5
core   0: 3 0x8000b7d6 (0x00005f17) x30 0x800107d6
core   0: 0x8000b7da (0x823f2523) sw      gp, -2006(t5)
core   0: 3 0x8000b7da (0x823f2523) mem 0x80010000 0x00000001
core   0: 0x8000b7de (0x0000bfe5) c.j     pc - 8
core   0: 3 0x8000b7de (0xbfe5)
core   0: 0x8000b7d6 (0x00005f17) auipc   t5, 0x5
core   0: 3 0x8000b7d6 (0x00005f17) x30 0x800107d6
core   0: 0x8000b7da (0x823f2523) sw      gp, -2006(t5)
core   0: 3 0x8000b7da (0x823f2523) mem 0x80010000 0x00000001
core   0: 0x8000b7de (0x0000bfe5) c.j     pc - 8
core   0: 3 0x8000b7de (0xbfe5)
core   0: 0x8000b7d6 (0x00005f17) auipc   t5, 0x5
core   0: 3 0x8000b7d6 (0x00005f17) x30 0x800107d6
core   0: 0x8000b7da (0x823f2523) sw      gp, -2006(t5)
core   0: 3 0x8000b7da (0x823f2523) mem 0x80010000 0x00000001
core   0: 0x8000b7de (0x0000bfe5) c.j     pc - 8
core   0: 3 0x8000b7de (0xbfe5)
core   0: 0x8000b7d6 (0x00005f17) auipc   t5, 0x5
core   0: 3 0x8000b7d6 (0x00005f17) x30 0x800107d6
core   0: 0x8000b7da (0x823f2523) sw      gp, -2006(t5)
core   0: 3 0x8000b7da (0x823f2523) mem 0x80010000 0x00000001
core   0: 0x8000b7de (0x0000bfe5) c.j     pc - 8
core   0: 3 0x8000b7de (0xbfe5)
core   0: 0x8000b7d6 (0x00005f17) auipc   t5, 0x5
core   0: 3 0x8000b7d6 (0x00005f17) x30 0x800107d6
core   0: 0x8000b7da (0x823f2523) sw      gp, -2006(t5)
core   0: 3 0x8000b7da (0x823f2523) mem 0x80010000 0x00000001
core   0: 0x8000b7de (0x0000bfe5) c.j     pc - 8
core   0: 3 0x8000b7de (0xbfe5)
core   0: 0x8000b7d6 (0x00005f17) auipc   t5, 0x5
core   0: 3 0x8000b7d6 (0x00005f17) x30 0x800107d6
core   0: 0x8000b7da (0x823f2523) sw      gp, -2006(t5)
core   0: 3 0x8000b7da (0x823f2523) mem 0x80010000 0x00000001
core   0: 0x8000b7de (0x0000bfe5) c.j     pc - 8
core   0: 3 0x8000b7de (0xbfe5)
core   0: 0x8000b7d6 (0x00005f17) auipc   t5, 0x5
core   0: 3 0x8000b7d6 (0x00005f17) x30 0x800107d6
core   0: 0x8000b7da (0x823f2523) sw      gp, -2006(t5)
core   0: 3 0x8000b7da (0x823f2523) mem 0x80010000 0x00000001
core   0: 0x8000b7de (0x0000bfe5) c.j     pc - 8
core   0: 3 0x8000b7de (0xbfe5)
core   0: 0x8000b7d6 (0x00005f17) auipc   t5, 0x5
core   0: 3 0x8000b7d6 (0x00005f17) x30 0x800107d6
core   0: 0x8000b7da (0x823f2523) sw      gp, -2006(t5)
core   0: 3 0x8000b7da (0x823f2523) mem 0x80010000 0x00000001
core   0: 0x8000b7de (0x0000bfe5) c.j     pc - 8
core   0: 3 0x8000b7de (0xbfe5)
core   0: 0x8000b7d6 (0x00005f17) auipc   t5, 0x5
core   0: 3 0x8000b7d6 (0x00005f17) x30 0x800107d6
core   0: 0x8000b7da (0x823f2523) sw      gp, -2006(t5)
core   0: 3 0x8000b7da (0x823f2523) mem 0x80010000 0x00000001
core   0: 0x8000b7de (0x0000bfe5) c.j     pc - 8
core   0: 3 0x8000b7de (0xbfe5)
core   0: 0x8000b7d6 (0x00005f17) auipc   t5, 0x5
core   0: 3 0x8000b7d6 (0x00005f17) x30 0x800107d6
core   0: 0x8000b7da (0x823f2523) sw      gp, -2006(t5)
core   0: 3 0x8000b7da (0x823f2523) mem 0x80010000 0x00000001
core   0: 0x8000b7de (0x0000bfe5) c.j     pc - 8
core   0: 3 0x8000b7de (0xbfe5)
core   0: 0x8000b7d6 (0x00005f17) auipc   t5, 0x5
core   0: 3 0x8000b7d6 (0x00005f17) x30 0x800107d6
core   0: 0x8000b7da (0x823f2523) sw      gp, -2006(t5)
core   0: 3 0x8000b7da (0x823f2523) mem 0x80010000 0x00000001
core   0: 0x8000b7de (0x0000bfe5) c.j     pc - 8
core   0: 3 0x8000b7de (0xbfe5)
core   0: 0x8000b7d6 (0x00005f17) auipc   t5, 0x5
core   0: 3 0x8000b7d6 (0x00005f17) x30 0x800107d6
core   0: 0x8000b7da (0x823f2523) sw      gp, -2006(t5)
core   0: 3 0x8000b7da (0x823f2523) mem 0x80010000 0x00000001
core   0: 0x8000b7de (0x0000bfe5) c.j     pc - 8
core   0: 3 0x8000b7de (0xbfe5)
core   0: 0x8000b7d6 (0x00005f17) auipc   t5, 0x5
core   0: 3 0x8000b7d6 (0x00005f17) x30 0x800107d6
core   0: 0x8000b7da (0x823f2523) sw      gp, -2006(t5)
core   0: 3 0x8000b7da (0x823f2523) mem 0x80010000 0x00000001
core   0: 0x8000b7de (0x0000bfe5) c.j     pc - 8
core   0: 3 0x8000b7de (0xbfe5)
core   0: 0x8000b7d6 (0x00005f17) auipc   t5, 0x5
core   0: 3 0x8000b7d6 (0x00005f17) x30 0x800107d6
core   0: 0x8000b7da (0x823f2523) sw      gp, -2006(t5)
core   0: 3 0x8000b7da (0x823f2523) mem 0x80010000 0x00000001
core   0: 0x8000b7de (0x0000bfe5) c.j     pc - 8
core   0: 3 0x8000b7de (0xbfe5)
core   0: 0x8000b7d6 (0x00005f17) auipc   t5, 0x5
core   0: 3 0x8000b7d6 (0x00005f17) x30 0x800107d6
core   0: 0x8000b7da (0x823f2523) sw      gp, -2006(t5)
core   0: 3 0x8000b7da (0x823f2523) mem 0x80010000 0x00000001
core   0: 0x8000b7de (0x0000bfe5) c.j     pc - 8
core   0: 3 0x8000b7de (0xbfe5)
core   0: 0x8000b7d6 (0x00005f17) auipc   t5, 0x5
core   0: 3 0x8000b7d6 (0x00005f17) x30 0x800107d6
core   0: 0x8000b7da (0x823f2523) sw      gp, -2006(t5)
core   0: 3 0x8000b7da (0x823f2523) mem 0x80010000 0x00000001
core   0: 0x8000b7de (0x0000bfe5) c.j     pc - 8
core   0: 3 0x8000b7de (0xbfe5)
core   0: 0x8000b7d6 (0x00005f17) auipc   t5, 0x5
core   0: 3 0x8000b7d6 (0x00005f17) x30 0x800107d6
core   0: 0x8000b7da (0x823f2523) sw      gp, -2006(t5)
core   0: 3 0x8000b7da (0x823f2523) mem 0x80010000 0x00000001
core   0: 0x8000b7de (0x0000bfe5) c.j     pc - 8
core   0: 3 0x8000b7de (0xbfe5)
core   0: 0x8000b7d6 (0x00005f17) auipc   t5, 0x5
core   0: 3 0x8000b7d6 (0x00005f17) x30 0x800107d6
core   0: 0x8000b7da (0x823f2523) sw      gp, -2006(t5)
core   0: 3 0x8000b7da (0x823f2523) mem 0x80010000 0x00000001
core   0: 0x8000b7de (0x0000bfe5) c.j     pc - 8
core   0: 3 0x8000b7de (0xbfe5)
core   0: 0x8000b7d6 (0x00005f17) auipc   t5, 0x5
core   0: 3 0x8000b7d6 (0x00005f17) x30 0x800107d6
core   0: 0x8000b7da (0x823f2523) sw      gp, -2006(t5)
core   0: 3 0x8000b7da (0x823f2523) mem 0x80010000 0x00000001
core   0: 0x8000b7de (0x0000bfe5) c.j     pc - 8
core   0: 3 0x8000b7de (0xbfe5)
core   0: 0x8000b7d6 (0x00005f17) auipc   t5, 0x5
core   0: 3 0x8000b7d6 (0x00005f17) x30 0x800107d6
core   0: 0x8000b7da (0x823f2523) sw      gp, -2006(t5)
core   0: 3 0x8000b7da (0x823f2523) mem 0x80010000 0x00000001
core   0: 0x8000b7de (0x0000bfe5) c.j     pc - 8
core   0: 3 0x8000b7de (0xbfe5)
core   0: 0x8000b7d6 (0x00005f17) auipc   t5, 0x5
core   0: 3 0x8000b7d6 (0x00005f17) x30 0x800107d6
core   0: 0x8000b7da (0x823f2523) sw      gp, -2006(t5)
core   0: 3 0x8000b7da (0x823f2523) mem 0x80010000 0x00000001
core   0: 0x8000b7de (0x0000bfe5) c.j     pc - 8
core   0: 3 0x8000b7de (0xbfe5)
core   0: 0x8000b7d6 (0x00005f17) auipc   t5, 0x5
core   0: 3 0x8000b7d6 (0x00005f17) x30 0x800107d6
core   0: 0x8000b7da (0x823f2523) sw      gp, -2006(t5)
core   0: 3 0x8000b7da (0x823f2523) mem 0x80010000 0x00000001
core   0: 0x8000b7de (0x0000bfe5) c.j     pc - 8
core   0: 3 0x8000b7de (0xbfe5)
core   0: 0x8000b7d6 (0x00005f17) auipc   t5, 0x5
core   0: 3 0x8000b7d6 (0x00005f17) x30 0x800107d6
core   0: 0x8000b7da (0x823f2523) sw      gp, -2006(t5)
core   0: 3 0x8000b7da (0x823f2523) mem 0x80010000 0x00000001
core   0: 0x8000b7de (0x0000bfe5) c.j     pc - 8
core   0: 3 0x8000b7de (0xbfe5)
core   0: 0x8000b7d6 (0x00005f17) auipc   t5, 0x5
core   0: 3 0x8000b7d6 (0x00005f17) x30 0x800107d6
core   0: 0x8000b7da (0x823f2523) sw      gp, -2006(t5)
core   0: 3 0x8000b7da (0x823f2523) mem 0x80010000 0x00000001
core   0: 0x8000b7de (0x0000bfe5) c.j     pc - 8
core   0: 3 0x8000b7de (0xbfe5)
core   0: 0x8000b7d6 (0x00005f17) auipc   t5, 0x5
core   0: 3 0x8000b7d6 (0x00005f17) x30 0x800107d6
core   0: 0x8000b7da (0x823f2523) sw      gp, -2006(t5)
core   0: 3 0x8000b7da (0x823f2523) mem 0x80010000 0x00000001
core   0: 0x8000b7de (0x0000bfe5) c.j     pc - 8
core   0: 3 0x8000b7de (0xbfe5)
core   0: 0x8000b7d6 (0x00005f17) auipc   t5, 0x5
core   0: 3 0x8000b7d6 (0x00005f17) x30 0x800107d6
core   0: 0x8000b7da (0x823f2523) sw      gp, -2006(t5)
core   0: 3 0x8000b7da (0x823f2523) mem 0x80010000 0x00000001
core   0: 0x8000b7de (0x0000bfe5) c.j     pc - 8
core   0: 3 0x8000b7de (0xbfe5)
core   0: 0x8000b7d6 (0x00005f17) auipc   t5, 0x5
core   0: 3 0x8000b7d6 (0x00005f17) x30 0x800107d6
core   0: 0x8000b7da (0x823f2523) sw      gp, -2006(t5)
core   0: 3 0x8000b7da (0x823f2523) mem 0x80010000 0x00000001
core   0: 0x8000b7de (0x0000bfe5) c.j     pc - 8
core   0: 3 0x8000b7de (0xbfe5)
core   0: 0x8000b7d6 (0x00005f17) auipc   t5, 0x5
core   0: 3 0x8000b7d6 (0x00005f17) x30 0x800107d6
core   0: 0x8000b7da (0x823f2523) sw      gp, -2006(t5)
core   0: 3 0x8000b7da (0x823f2523) mem 0x80010000 0x00000001
core   0: 0x8000b7de (0x0000bfe5) c.j     pc - 8
core   0: 3 0x8000b7de (0xbfe5)
core   0: 0x8000b7d6 (0x00005f17) auipc   t5, 0x5
core   0: 3 0x8000b7d6 (0x00005f17) x30 0x800107d6
core   0: 0x8000b7da (0x823f2523) sw      gp, -2006(t5)
core   0: 3 0x8000b7da (0x823f2523) mem 0x80010000 0x00000001
core   0: 0x8000b7de (0x0000bfe5) c.j     pc - 8
core   0: 3 0x8000b7de (0xbfe5)
core   0: 0x8000b7d6 (0x00005f17) auipc   t5, 0x5
core   0: 3 0x8000b7d6 (0x00005f17) x30 0x800107d6
core   0: 0x8000b7da (0x823f2523) sw      gp, -2006(t5)
core   0: 3 0x8000b7da (0x823f2523) mem 0x80010000 0x00000001
core   0: 0x8000b7de (0x0000bfe5) c.j     pc - 8
core   0: 3 0x8000b7de (0xbfe5)
core   0: 0x8000b7d6 (0x00005f17) auipc   t5, 0x5
core   0: 3 0x8000b7d6 (0x00005f17) x30 0x800107d6
core   0: 0x8000b7da (0x823f2523) sw      gp, -2006(t5)
core   0: 3 0x8000b7da (0x823f2523) mem 0x80010000 0x00000001
core   0: 0x8000b7de (0x0000bfe5) c.j     pc - 8
core   0: 3 0x8000b7de (0xbfe5)
core   0: 0x8000b7d6 (0x00005f17) auipc   t5, 0x5
core   0: 3 0x8000b7d6 (0x00005f17) x30 0x800107d6
core   0: 0x8000b7da (0x823f2523) sw      gp, -2006(t5)
core   0: 3 0x8000b7da (0x823f2523) mem 0x80010000 0x00000001
core   0: 0x8000b7de (0x0000bfe5) c.j     pc - 8
core   0: 3 0x8000b7de (0xbfe5)
core   0: 0x8000b7d6 (0x00005f17) auipc   t5, 0x5
core   0: 3 0x8000b7d6 (0x00005f17) x30 0x800107d6
core   0: 0x8000b7da (0x823f2523) sw      gp, -2006(t5)
core   0: 3 0x8000b7da (0x823f2523) mem 0x80010000 0x00000001
core   0: 0x8000b7de (0x0000bfe5) c.j     pc - 8
core   0: 3 0x8000b7de (0xbfe5)
core   0: 0x8000b7d6 (0x00005f17) auipc   t5, 0x5
core   0: 3 0x8000b7d6 (0x00005f17) x30 0x800107d6
core   0: 0x8000b7da (0x823f2523) sw      gp, -2006(t5)
core   0: 3 0x8000b7da (0x823f2523) mem 0x80010000 0x00000001
core   0: 0x8000b7de (0x0000bfe5) c.j     pc - 8
core   0: 3 0x8000b7de (0xbfe5)
core   0: 0x8000b7d6 (0x00005f17) auipc   t5, 0x5
core   0: 3 0x8000b7d6 (0x00005f17) x30 0x800107d6
core   0: 0x8000b7da (0x823f2523) sw      gp, -2006(t5)
core   0: 3 0x8000b7da (0x823f2523) mem 0x80010000 0x00000001
core   0: 0x8000b7de (0x0000bfe5) c.j     pc - 8
core   0: 3 0x8000b7de (0xbfe5)
core   0: 0x8000b7d6 (0x00005f17) auipc   t5, 0x5
core   0: 3 0x8000b7d6 (0x00005f17) x30 0x800107d6
core   0: 0x8000b7da (0x823f2523) sw      gp, -2006(t5)
core   0: 3 0x8000b7da (0x823f2523) mem 0x80010000 0x00000001
core   0: 0x8000b7de (0x0000bfe5) c.j     pc - 8
core   0: 3 0x8000b7de (0xbfe5)
core   0: 0x8000b7d6 (0x00005f17) auipc   t5, 0x5
core   0: 3 0x8000b7d6 (0x00005f17) x30 0x800107d6
core   0: 0x8000b7da (0x823f2523) sw      gp, -2006(t5)
core   0: 3 0x8000b7da (0x823f2523) mem 0x80010000 0x00000001
core   0: 0x8000b7de (0x0000bfe5) c.j     pc - 8
core   0: 3 0x8000b7de (0xbfe5)
core   0: 0x8000b7d6 (0x00005f17) auipc   t5, 0x5
core   0: 3 0x8000b7d6 (0x00005f17) x30 0x800107d6
core   0: 0x8000b7da (0x823f2523) sw      gp, -2006(t5)
core   0: 3 0x8000b7da (0x823f2523) mem 0x80010000 0x00000001
core   0: 0x8000b7de (0x0000bfe5) c.j     pc - 8
core   0: 3 0x8000b7de (0xbfe5)
core   0: 0x8000b7d6 (0x00005f17) auipc   t5, 0x5
core   0: 3 0x8000b7d6 (0x00005f17) x30 0x800107d6
core   0: 0x8000b7da (0x823f2523) sw      gp, -2006(t5)
core   0: 3 0x8000b7da (0x823f2523) mem 0x80010000 0x00000001
core   0: 0x8000b7de (0x0000bfe5) c.j     pc - 8
core   0: 3 0x8000b7de (0xbfe5)
core   0: 0x8000b7d6 (0x00005f17) auipc   t5, 0x5
core   0: 3 0x8000b7d6 (0x00005f17) x30 0x800107d6
core   0: 0x8000b7da (0x823f2523) sw      gp, -2006(t5)
core   0: 3 0x8000b7da (0x823f2523) mem 0x80010000 0x00000001
core   0: 0x8000b7de (0x0000bfe5) c.j     pc - 8
core   0: 3 0x8000b7de (0xbfe5)
core   0: 0x8000b7d6 (0x00005f17) auipc   t5, 0x5
core   0: 3 0x8000b7d6 (0x00005f17) x30 0x800107d6
core   0: 0x8000b7da (0x823f2523) sw      gp, -2006(t5)
core   0: 3 0x8000b7da (0x823f2523) mem 0x80010000 0x00000001
core   0: 0x8000b7de (0x0000bfe5) c.j     pc - 8
core   0: 3 0x8000b7de (0xbfe5)
core   0: 0x8000b7d6 (0x00005f17) auipc   t5, 0x5
core   0: 3 0x8000b7d6 (0x00005f17) x30 0x800107d6
core   0: 0x8000b7da (0x823f2523) sw      gp, -2006(t5)
core   0: 3 0x8000b7da (0x823f2523) mem 0x80010000 0x00000001
core   0: 0x8000b7de (0x0000bfe5) c.j     pc - 8
core   0: 3 0x8000b7de (0xbfe5)
core   0: 0x8000b7d6 (0x00005f17) auipc   t5, 0x5
core   0: 3 0x8000b7d6 (0x00005f17) x30 0x800107d6
core   0: 0x8000b7da (0x823f2523) sw      gp, -2006(t5)
core   0: 3 0x8000b7da (0x823f2523) mem 0x80010000 0x00000001
core   0: 0x8000b7de (0x0000bfe5) c.j     pc - 8
core   0: 3 0x8000b7de (0xbfe5)
core   0: 0x8000b7d6 (0x00005f17) auipc   t5, 0x5
core   0: 3 0x8000b7d6 (0x00005f17) x30 0x800107d6
core   0: 0x8000b7da (0x823f2523) sw      gp, -2006(t5)
core   0: 3 0x8000b7da (0x823f2523) mem 0x80010000 0x00000001
core   0: 0x8000b7de (0x0000bfe5) c.j     pc - 8
core   0: 3 0x8000b7de (0xbfe5)
core   0: 0x8000b7d6 (0x00005f17) auipc   t5, 0x5
core   0: 3 0x8000b7d6 (0x00005f17) x30 0x800107d6
core   0: 0x8000b7da (0x823f2523) sw      gp, -2006(t5)
core   0: 3 0x8000b7da (0x823f2523) mem 0x80010000 0x00000001
core   0: 0x8000b7de (0x0000bfe5) c.j     pc - 8
core   0: 3 0x8000b7de (0xbfe5)
core   0: 0x8000b7d6 (0x00005f17) auipc   t5, 0x5
core   0: 3 0x8000b7d6 (0x00005f17) x30 0x800107d6
core   0: 0x8000b7da (0x823f2523) sw      gp, -2006(t5)
core   0: 3 0x8000b7da (0x823f2523) mem 0x80010000 0x00000001
core   0: 0x8000b7de (0x0000bfe5) c.j     pc - 8
core   0: 3 0x8000b7de (0xbfe5)
core   0: 0x8000b7d6 (0x00005f17) auipc   t5, 0x5
core   0: 3 0x8000b7d6 (0x00005f17) x30 0x800107d6
core   0: 0x8000b7da (0x823f2523) sw      gp, -2006(t5)
core   0: 3 0x8000b7da (0x823f2523) mem 0x80010000 0x00000001
core   0: 0x8000b7de (0x0000bfe5) c.j     pc - 8
core   0: 3 0x8000b7de (0xbfe5)
core   0: 0x8000b7d6 (0x00005f17) auipc   t5, 0x5
core   0: 3 0x8000b7d6 (0x00005f17) x30 0x800107d6
core   0: 0x8000b7da (0x823f2523) sw      gp, -2006(t5)
core   0: 3 0x8000b7da (0x823f2523) mem 0x80010000 0x00000001
core   0: 0x8000b7de (0x0000bfe5) c.j     pc - 8
core   0: 3 0x8000b7de (0xbfe5)
core   0: 0x8000b7d6 (0x00005f17) auipc   t5, 0x5
core   0: 3 0x8000b7d6 (0x00005f17) x30 0x800107d6
core   0: 0x8000b7da (0x823f2523) sw      gp, -2006(t5)
core   0: 3 0x8000b7da (0x823f2523) mem 0x80010000 0x00000001
core   0: 0x8000b7de (0x0000bfe5) c.j     pc - 8
core   0: 3 0x8000b7de (0xbfe5)
core   0: 0x8000b7d6 (0x00005f17) auipc   t5, 0x5
core   0: 3 0x8000b7d6 (0x00005f17) x30 0x800107d6
core   0: 0x8000b7da (0x823f2523) sw      gp, -2006(t5)
core   0: 3 0x8000b7da (0x823f2523) mem 0x80010000 0x00000001
core   0: 0x8000b7de (0x0000bfe5) c.j     pc - 8
core   0: 3 0x8000b7de (0xbfe5)
core   0: 0x8000b7d6 (0x00005f17) auipc   t5, 0x5
core   0: 3 0x8000b7d6 (0x00005f17) x30 0x800107d6
core   0: 0x8000b7da (0x823f2523) sw      gp, -2006(t5)
core   0: 3 0x8000b7da (0x823f2523) mem 0x80010000 0x00000001
core   0: 0x8000b7de (0x0000bfe5) c.j     pc - 8
core   0: 3 0x8000b7de (0xbfe5)
core   0: 0x8000b7d6 (0x00005f17) auipc   t5, 0x5
core   0: 3 0x8000b7d6 (0x00005f17) x30 0x800107d6
core   0: 0x8000b7da (0x823f2523) sw      gp, -2006(t5)
core   0: 3 0x8000b7da (0x823f2523) mem 0x80010000 0x00000001
core   0: 0x8000b7de (0x0000bfe5) c.j     pc - 8
core   0: 3 0x8000b7de (0xbfe5)
core   0: 0x8000b7d6 (0x00005f17) auipc   t5, 0x5
core   0: 3 0x8000b7d6 (0x00005f17) x30 0x800107d6
core   0: 0x8000b7da (0x823f2523) sw      gp, -2006(t5)
core   0: 3 0x8000b7da (0x823f2523) mem 0x80010000 0x00000001
core   0: 0x8000b7de (0x0000bfe5) c.j     pc - 8
core   0: 3 0x8000b7de (0xbfe5)
core   0: 0x8000b7d6 (0x00005f17) auipc   t5, 0x5
core   0: 3 0x8000b7d6 (0x00005f17) x30 0x800107d6
core   0: 0x8000b7da (0x823f2523) sw      gp, -2006(t5)
core   0: 3 0x8000b7da (0x823f2523) mem 0x80010000 0x00000001
core   0: 0x8000b7de (0x0000bfe5) c.j     pc - 8
core   0: 3 0x8000b7de (0xbfe5)
core   0: 0x8000b7d6 (0x00005f17) auipc   t5, 0x5
core   0: 3 0x8000b7d6 (0x00005f17) x30 0x800107d6
core   0: 0x8000b7da (0x823f2523) sw      gp, -2006(t5)
core   0: 3 0x8000b7da (0x823f2523) mem 0x80010000 0x00000001
core   0: 0x8000b7de (0x0000bfe5) c.j     pc - 8
core   0: 3 0x8000b7de (0xbfe5)
core   0: 0x8000b7d6 (0x00005f17) auipc   t5, 0x5
core   0: 3 0x8000b7d6 (0x00005f17) x30 0x800107d6
core   0: 0x8000b7da (0x823f2523) sw      gp, -2006(t5)
core   0: 3 0x8000b7da (0x823f2523) mem 0x80010000 0x00000001
core   0: 0x8000b7de (0x0000bfe5) c.j     pc - 8
core   0: 3 0x8000b7de (0xbfe5)
core   0: 0x8000b7d6 (0x00005f17) auipc   t5, 0x5
core   0: 3 0x8000b7d6 (0x00005f17) x30 0x800107d6
core   0: 0x8000b7da (0x823f2523) sw      gp, -2006(t5)
core   0: 3 0x8000b7da (0x823f2523) mem 0x80010000 0x00000001
core   0: 0x8000b7de (0x0000bfe5) c.j     pc - 8
core   0: 3 0x8000b7de (0xbfe5)
core   0: 0x8000b7d6 (0x00005f17) auipc   t5, 0x5
core   0: 3 0x8000b7d6 (0x00005f17) x30 0x800107d6
core   0: 0x8000b7da (0x823f2523) sw      gp, -2006(t5)
core   0: 3 0x8000b7da (0x823f2523) mem 0x80010000 0x00000001
core   0: 0x8000b7de (0x0000bfe5) c.j     pc - 8
core   0: 3 0x8000b7de (0xbfe5)
core   0: 0x8000b7d6 (0x00005f17) auipc   t5, 0x5
core   0: 3 0x8000b7d6 (0x00005f17) x30 0x800107d6
core   0: 0x8000b7da (0x823f2523) sw      gp, -2006(t5)
core   0: 3 0x8000b7da (0x823f2523) mem 0x80010000 0x00000001
core   0: 0x8000b7de (0x0000bfe5) c.j     pc - 8
core   0: 3 0x8000b7de (0xbfe5)
core   0: 0x8000b7d6 (0x00005f17) auipc   t5, 0x5
core   0: 3 0x8000b7d6 (0x00005f17) x30 0x800107d6
core   0: 0x8000b7da (0x823f2523) sw      gp, -2006(t5)
core   0: 3 0x8000b7da (0x823f2523) mem 0x80010000 0x00000001
core   0: 0x8000b7de (0x0000bfe5) c.j     pc - 8
core   0: 3 0x8000b7de (0xbfe5)
core   0: 0x8000b7d6 (0x00005f17) auipc   t5, 0x5
core   0: 3 0x8000b7d6 (0x00005f17) x30 0x800107d6
core   0: 0x8000b7da (0x823f2523) sw      gp, -2006(t5)
core   0: 3 0x8000b7da (0x823f2523) mem 0x80010000 0x00000001
core   0: 0x8000b7de (0x0000bfe5) c.j     pc - 8
core   0: 3 0x8000b7de (0xbfe5)
core   0: 0x8000b7d6 (0x00005f17) auipc   t5, 0x5
core   0: 3 0x8000b7d6 (0x00005f17) x30 0x800107d6
core   0: 0x8000b7da (0x823f2523) sw      gp, -2006(t5)
core   0: 3 0x8000b7da (0x823f2523) mem 0x80010000 0x00000001
core   0: 0x8000b7de (0x0000bfe5) c.j     pc - 8
core   0: 3 0x8000b7de (0xbfe5)
core   0: 0x8000b7d6 (0x00005f17) auipc   t5, 0x5
core   0: 3 0x8000b7d6 (0x00005f17) x30 0x800107d6
core   0: 0x8000b7da (0x823f2523) sw      gp, -2006(t5)
core   0: 3 0x8000b7da (0x823f2523) mem 0x80010000 0x00000001
core   0: 0x8000b7de (0x0000bfe5) c.j     pc - 8
core   0: 3 0x8000b7de (0xbfe5)
core   0: 0x8000b7d6 (0x00005f17) auipc   t5, 0x5
core   0: 3 0x8000b7d6 (0x00005f17) x30 0x800107d6
core   0: 0x8000b7da (0x823f2523) sw      gp, -2006(t5)
core   0: 3 0x8000b7da (0x823f2523) mem 0x80010000 0x00000001
core   0: 0x8000b7de (0x0000bfe5) c.j     pc - 8
core   0: 3 0x8000b7de (0xbfe5)
core   0: 0x8000b7d6 (0x00005f17) auipc   t5, 0x5
core   0: 3 0x8000b7d6 (0x00005f17) x30 0x800107d6
core   0: 0x8000b7da (0x823f2523) sw      gp, -2006(t5)
core   0: 3 0x8000b7da (0x823f2523) mem 0x80010000 0x00000001
core   0: 0x8000b7de (0x0000bfe5) c.j     pc - 8
core   0: 3 0x8000b7de (0xbfe5)
core   0: 0x8000b7d6 (0x00005f17) auipc   t5, 0x5
core   0: 3 0x8000b7d6 (0x00005f17) x30 0x800107d6
core   0: 0x8000b7da (0x823f2523) sw      gp, -2006(t5)
core   0: 3 0x8000b7da (0x823f2523) mem 0x80010000 0x00000001
core   0: 0x8000b7de (0x0000bfe5) c.j     pc - 8
core   0: 3 0x8000b7de (0xbfe5)
core   0: 0x8000b7d6 (0x00005f17) auipc   t5, 0x5
core   0: 3 0x8000b7d6 (0x00005f17) x30 0x800107d6
core   0: 0x8000b7da (0x823f2523) sw      gp, -2006(t5)
core   0: 3 0x8000b7da (0x823f2523) mem 0x80010000 0x00000001
core   0: 0x8000b7de (0x0000bfe5) c.j     pc - 8
core   0: 3 0x8000b7de (0xbfe5)
core   0: 0x8000b7d6 (0x00005f17) auipc   t5, 0x5
core   0: 3 0x8000b7d6 (0x00005f17) x30 0x800107d6
core   0: 0x8000b7da (0x823f2523) sw      gp, -2006(t5)
core   0: 3 0x8000b7da (0x823f2523) mem 0x80010000 0x00000001
core   0: 0x8000b7de (0x0000bfe5) c.j     pc - 8
core   0: 3 0x8000b7de (0xbfe5)
core   0: 0x8000b7d6 (0x00005f17) auipc   t5, 0x5
core   0: 3 0x8000b7d6 (0x00005f17) x30 0x800107d6
core   0: 0x8000b7da (0x823f2523) sw      gp, -2006(t5)
core   0: 3 0x8000b7da (0x823f2523) mem 0x80010000 0x00000001
core   0: 0x8000b7de (0x0000bfe5) c.j     pc - 8
core   0: 3 0x8000b7de (0xbfe5)
core   0: 0x8000b7d6 (0x00005f17) auipc   t5, 0x5
core   0: 3 0x8000b7d6 (0x00005f17) x30 0x800107d6
core   0: 0x8000b7da (0x823f2523) sw      gp, -2006(t5)
core   0: 3 0x8000b7da (0x823f2523) mem 0x80010000 0x00000001
core   0: 0x8000b7de (0x0000bfe5) c.j     pc - 8
core   0: 3 0x8000b7de (0xbfe5)
core   0: 0x8000b7d6 (0x00005f17) auipc   t5, 0x5
core   0: 3 0x8000b7d6 (0x00005f17) x30 0x800107d6
core   0: 0x8000b7da (0x823f2523) sw      gp, -2006(t5)
core   0: 3 0x8000b7da (0x823f2523) mem 0x80010000 0x00000001
core   0: 0x8000b7de (0x0000bfe5) c.j     pc - 8
core   0: 3 0x8000b7de (0xbfe5)
core   0: 0x8000b7d6 (0x00005f17) auipc   t5, 0x5
core   0: 3 0x8000b7d6 (0x00005f17) x30 0x800107d6
core   0: 0x8000b7da (0x823f2523) sw      gp, -2006(t5)
core   0: 3 0x8000b7da (0x823f2523) mem 0x80010000 0x00000001
core   0: 0x8000b7de (0x0000bfe5) c.j     pc - 8
core   0: 3 0x8000b7de (0xbfe5)
core   0: 0x8000b7d6 (0x00005f17) auipc   t5, 0x5
core   0: 3 0x8000b7d6 (0x00005f17) x30 0x800107d6
core   0: 0x8000b7da (0x823f2523) sw      gp, -2006(t5)
core   0: 3 0x8000b7da (0x823f2523) mem 0x80010000 0x00000001
core   0: 0x8000b7de (0x0000bfe5) c.j     pc - 8
core   0: 3 0x8000b7de (0xbfe5)
core   0: 0x8000b7d6 (0x00005f17) auipc   t5, 0x5
core   0: 3 0x8000b7d6 (0x00005f17) x30 0x800107d6
core   0: 0x8000b7da (0x823f2523) sw      gp, -2006(t5)
core   0: 3 0x8000b7da (0x823f2523) mem 0x80010000 0x00000001
core   0: 0x8000b7de (0x0000bfe5) c.j     pc - 8
core   0: 3 0x8000b7de (0xbfe5)
core   0: 0x8000b7d6 (0x00005f17) auipc   t5, 0x5
core   0: 3 0x8000b7d6 (0x00005f17) x30 0x800107d6
core   0: 0x8000b7da (0x823f2523) sw      gp, -2006(t5)
core   0: 3 0x8000b7da (0x823f2523) mem 0x80010000 0x00000001
core   0: 0x8000b7de (0x0000bfe5) c.j     pc - 8
core   0: 3 0x8000b7de (0xbfe5)
core   0: 0x8000b7d6 (0x00005f17) auipc   t5, 0x5
core   0: 3 0x8000b7d6 (0x00005f17) x30 0x800107d6
core   0: 0x8000b7da (0x823f2523) sw      gp, -2006(t5)
core   0: 3 0x8000b7da (0x823f2523) mem 0x80010000 0x00000001
core   0: 0x8000b7de (0x0000bfe5) c.j     pc - 8
core   0: 3 0x8000b7de (0xbfe5)
core   0: 0x8000b7d6 (0x00005f17) auipc   t5, 0x5
core   0: 3 0x8000b7d6 (0x00005f17) x30 0x800107d6
core   0: 0x8000b7da (0x823f2523) sw      gp, -2006(t5)
core   0: 3 0x8000b7da (0x823f2523) mem 0x80010000 0x00000001
core   0: 0x8000b7de (0x0000bfe5) c.j     pc - 8
core   0: 3 0x8000b7de (0xbfe5)
core   0: 0x8000b7d6 (0x00005f17) auipc   t5, 0x5
core   0: 3 0x8000b7d6 (0x00005f17) x30 0x800107d6
core   0: 0x8000b7da (0x823f2523) sw      gp, -2006(t5)
core   0: 3 0x8000b7da (0x823f2523) mem 0x80010000 0x00000001
core   0: 0x8000b7de (0x0000bfe5) c.j     pc - 8
core   0: 3 0x8000b7de (0xbfe5)
core   0: 0x8000b7d6 (0x00005f17) auipc   t5, 0x5
core   0: 3 0x8000b7d6 (0x00005f17) x30 0x800107d6
core   0: 0x8000b7da (0x823f2523) sw      gp, -2006(t5)
core   0: 3 0x8000b7da (0x823f2523) mem 0x80010000 0x00000001
core   0: 0x8000b7de (0x0000bfe5) c.j     pc - 8
core   0: 3 0x8000b7de (0xbfe5)
core   0: 0x8000b7d6 (0x00005f17) auipc   t5, 0x5
core   0: 3 0x8000b7d6 (0x00005f17) x30 0x800107d6
core   0: 0x8000b7da (0x823f2523) sw      gp, -2006(t5)
core   0: 3 0x8000b7da (0x823f2523) mem 0x80010000 0x00000001
core   0: 0x8000b7de (0x0000bfe5) c.j     pc - 8
core   0: 3 0x8000b7de (0xbfe5)
core   0: 0x8000b7d6 (0x00005f17) auipc   t5, 0x5
core   0: 3 0x8000b7d6 (0x00005f17) x30 0x800107d6
core   0: 0x8000b7da (0x823f2523) sw      gp, -2006(t5)
core   0: 3 0x8000b7da (0x823f2523) mem 0x80010000 0x00000001
core   0: 0x8000b7de (0x0000bfe5) c.j     pc - 8
core   0: 3 0x8000b7de (0xbfe5)
core   0: 0x8000b7d6 (0x00005f17) auipc   t5, 0x5
core   0: 3 0x8000b7d6 (0x00005f17) x30 0x800107d6
core   0: 0x8000b7da (0x823f2523) sw      gp, -2006(t5)
core   0: 3 0x8000b7da (0x823f2523) mem 0x80010000 0x00000001
core   0: 0x8000b7de (0x0000bfe5) c.j     pc - 8
core   0: 3 0x8000b7de (0xbfe5)
core   0: 0x8000b7d6 (0x00005f17) auipc   t5, 0x5
core   0: 3 0x8000b7d6 (0x00005f17) x30 0x800107d6
core   0: 0x8000b7da (0x823f2523) sw      gp, -2006(t5)
core   0: 3 0x8000b7da (0x823f2523) mem 0x80010000 0x00000001
core   0: 0x8000b7de (0x0000bfe5) c.j     pc - 8
core   0: 3 0x8000b7de (0xbfe5)
core   0: 0x8000b7d6 (0x00005f17) auipc   t5, 0x5
core   0: 3 0x8000b7d6 (0x00005f17) x30 0x800107d6
core   0: 0x8000b7da (0x823f2523) sw      gp, -2006(t5)
core   0: 3 0x8000b7da (0x823f2523) mem 0x80010000 0x00000001
core   0: 0x8000b7de (0x0000bfe5) c.j     pc - 8
core   0: 3 0x8000b7de (0xbfe5)
core   0: 0x8000b7d6 (0x00005f17) auipc   t5, 0x5
core   0: 3 0x8000b7d6 (0x00005f17) x30 0x800107d6
core   0: 0x8000b7da (0x823f2523) sw      gp, -2006(t5)
core   0: 3 0x8000b7da (0x823f2523) mem 0x80010000 0x00000001
core   0: 0x8000b7de (0x0000bfe5) c.j     pc - 8
core   0: 3 0x8000b7de (0xbfe5)
core   0: 0x8000b7d6 (0x00005f17) auipc   t5, 0x5
core   0: 3 0x8000b7d6 (0x00005f17) x30 0x800107d6
core   0: 0x8000b7da (0x823f2523) sw      gp, -2006(t5)
core   0: 3 0x8000b7da (0x823f2523) mem 0x80010000 0x00000001
core   0: 0x8000b7de (0x0000bfe5) c.j     pc - 8
core   0: 3 0x8000b7de (0xbfe5)
core   0: 0x8000b7d6 (0x00005f17) auipc   t5, 0x5
core   0: 3 0x8000b7d6 (0x00005f17) x30 0x800107d6
core   0: 0x8000b7da (0x823f2523) sw      gp, -2006(t5)
core   0: 3 0x8000b7da (0x823f2523) mem 0x80010000 0x00000001
core   0: 0x8000b7de (0x0000bfe5) c.j     pc - 8
core   0: 3 0x8000b7de (0xbfe5)
core   0: 0x8000b7d6 (0x00005f17) auipc   t5, 0x5
core   0: 3 0x8000b7d6 (0x00005f17) x30 0x800107d6
core   0: 0x8000b7da (0x823f2523) sw      gp, -2006(t5)
core   0: 3 0x8000b7da (0x823f2523) mem 0x80010000 0x00000001
core   0: 0x8000b7de (0x0000bfe5) c.j     pc - 8
core   0: 3 0x8000b7de (0xbfe5)
core   0: 0x8000b7d6 (0x00005f17) auipc   t5, 0x5
core   0: 3 0x8000b7d6 (0x00005f17) x30 0x800107d6
core   0: 0x8000b7da (0x823f2523) sw      gp, -2006(t5)
core   0: 3 0x8000b7da (0x823f2523) mem 0x80010000 0x00000001
core   0: 0x8000b7de (0x0000bfe5) c.j     pc - 8
core   0: 3 0x8000b7de (0xbfe5)
core   0: 0x8000b7d6 (0x00005f17) auipc   t5, 0x5
core   0: 3 0x8000b7d6 (0x00005f17) x30 0x800107d6
core   0: 0x8000b7da (0x823f2523) sw      gp, -2006(t5)
core   0: 3 0x8000b7da (0x823f2523) mem 0x80010000 0x00000001
core   0: 0x8000b7de (0x0000bfe5) c.j     pc - 8
core   0: 3 0x8000b7de (0xbfe5)
core   0: 0x8000b7d6 (0x00005f17) auipc   t5, 0x5
core   0: 3 0x8000b7d6 (0x00005f17) x30 0x800107d6
core   0: 0x8000b7da (0x823f2523) sw      gp, -2006(t5)
core   0: 3 0x8000b7da (0x823f2523) mem 0x80010000 0x00000001
core   0: 0x8000b7de (0x0000bfe5) c.j     pc - 8
core   0: 3 0x8000b7de (0xbfe5)
core   0: 0x8000b7d6 (0x00005f17) auipc   t5, 0x5
core   0: 3 0x8000b7d6 (0x00005f17) x30 0x800107d6
core   0: 0x8000b7da (0x823f2523) sw      gp, -2006(t5)
core   0: 3 0x8000b7da (0x823f2523) mem 0x80010000 0x00000001
core   0: 0x8000b7de (0x0000bfe5) c.j     pc - 8
core   0: 3 0x8000b7de (0xbfe5)
core   0: 0x8000b7d6 (0x00005f17) auipc   t5, 0x5
core   0: 3 0x8000b7d6 (0x00005f17) x30 0x800107d6
core   0: 0x8000b7da (0x823f2523) sw      gp, -2006(t5)
core   0: 3 0x8000b7da (0x823f2523) mem 0x80010000 0x00000001
core   0: 0x8000b7de (0x0000bfe5) c.j     pc - 8
core   0: 3 0x8000b7de (0xbfe5)
core   0: 0x8000b7d6 (0x00005f17) auipc   t5, 0x5
core   0: 3 0x8000b7d6 (0x00005f17) x30 0x800107d6
core   0: 0x8000b7da (0x823f2523) sw      gp, -2006(t5)
core   0: 3 0x8000b7da (0x823f2523) mem 0x80010000 0x00000001
core   0: 0x8000b7de (0x0000bfe5) c.j     pc - 8
core   0: 3 0x8000b7de (0xbfe5)
core   0: 0x8000b7d6 (0x00005f17) auipc   t5, 0x5
core   0: 3 0x8000b7d6 (0x00005f17) x30 0x800107d6
core   0: 0x8000b7da (0x823f2523) sw      gp, -2006(t5)
core   0: 3 0x8000b7da (0x823f2523) mem 0x80010000 0x00000001
core   0: 0x8000b7de (0x0000bfe5) c.j     pc - 8
core   0: 3 0x8000b7de (0xbfe5)
core   0: 0x8000b7d6 (0x00005f17) auipc   t5, 0x5
core   0: 3 0x8000b7d6 (0x00005f17) x30 0x800107d6
core   0: 0x8000b7da (0x823f2523) sw      gp, -2006(t5)
core   0: 3 0x8000b7da (0x823f2523) mem 0x80010000 0x00000001
core   0: 0x8000b7de (0x0000bfe5) c.j     pc - 8
core   0: 3 0x8000b7de (0xbfe5)
core   0: 0x8000b7d6 (0x00005f17) auipc   t5, 0x5
core   0: 3 0x8000b7d6 (0x00005f17) x30 0x800107d6
core   0: 0x8000b7da (0x823f2523) sw      gp, -2006(t5)
core   0: 3 0x8000b7da (0x823f2523) mem 0x80010000 0x00000001
core   0: 0x8000b7de (0x0000bfe5) c.j     pc - 8
core   0: 3 0x8000b7de (0xbfe5)
core   0: 0x8000b7d6 (0x00005f17) auipc   t5, 0x5
core   0: 3 0x8000b7d6 (0x00005f17) x30 0x800107d6
core   0: 0x8000b7da (0x823f2523) sw      gp, -2006(t5)
core   0: 3 0x8000b7da (0x823f2523) mem 0x80010000 0x00000001
core   0: 0x8000b7de (0x0000bfe5) c.j     pc - 8
core   0: 3 0x8000b7de (0xbfe5)
core   0: 0x8000b7d6 (0x00005f17) auipc   t5, 0x5
core   0: 3 0x8000b7d6 (0x00005f17) x30 0x800107d6
core   0: 0x8000b7da (0x823f2523) sw      gp, -2006(t5)
core   0: 3 0x8000b7da (0x823f2523) mem 0x80010000 0x00000001
core   0: 0x8000b7de (0x0000bfe5) c.j     pc - 8
core   0: 3 0x8000b7de (0xbfe5)
core   0: 0x8000b7d6 (0x00005f17) auipc   t5, 0x5
core   0: 3 0x8000b7d6 (0x00005f17) x30 0x800107d6
core   0: 0x8000b7da (0x823f2523) sw      gp, -2006(t5)
core   0: 3 0x8000b7da (0x823f2523) mem 0x80010000 0x00000001
core   0: 0x8000b7de (0x0000bfe5) c.j     pc - 8
core   0: 3 0x8000b7de (0xbfe5)
core   0: 0x8000b7d6 (0x00005f17) auipc   t5, 0x5
core   0: 3 0x8000b7d6 (0x00005f17) x30 0x800107d6
core   0: 0x8000b7da (0x823f2523) sw      gp, -2006(t5)
core   0: 3 0x8000b7da (0x823f2523) mem 0x80010000 0x00000001
core   0: 0x8000b7de (0x0000bfe5) c.j     pc - 8
core   0: 3 0x8000b7de (0xbfe5)
core   0: 0x8000b7d6 (0x00005f17) auipc   t5, 0x5
core   0: 3 0x8000b7d6 (0x00005f17) x30 0x800107d6
core   0: 0x8000b7da (0x823f2523) sw      gp, -2006(t5)
core   0: 3 0x8000b7da (0x823f2523) mem 0x80010000 0x00000001
core   0: 0x8000b7de (0x0000bfe5) c.j     pc - 8
core   0: 3 0x8000b7de (0xbfe5)
core   0: 0x8000b7d6 (0x00005f17) auipc   t5, 0x5
core   0: 3 0x8000b7d6 (0x00005f17) x30 0x800107d6
core   0: 0x8000b7da (0x823f2523) sw      gp, -2006(t5)
core   0: 3 0x8000b7da (0x823f2523) mem 0x80010000 0x00000001
core   0: 0x8000b7de (0x0000bfe5) c.j     pc - 8
core   0: 3 0x8000b7de (0xbfe5)
core   0: 0x8000b7d6 (0x00005f17) auipc   t5, 0x5
core   0: 3 0x8000b7d6 (0x00005f17) x30 0x800107d6
core   0: 0x8000b7da (0x823f2523) sw      gp, -2006(t5)
core   0: 3 0x8000b7da (0x823f2523) mem 0x80010000 0x00000001
core   0: 0x8000b7de (0x0000bfe5) c.j     pc - 8
core   0: 3 0x8000b7de (0xbfe5)
core   0: 0x8000b7d6 (0x00005f17) auipc   t5, 0x5
core   0: 3 0x8000b7d6 (0x00005f17) x30 0x800107d6
core   0: 0x8000b7da (0x823f2523) sw      gp, -2006(t5)
core   0: 3 0x8000b7da (0x823f2523) mem 0x80010000 0x00000001
core   0: 0x8000b7de (0x0000bfe5) c.j     pc - 8
core   0: 3 0x8000b7de (0xbfe5)
core   0: 0x8000b7d6 (0x00005f17) auipc   t5, 0x5
core   0: 3 0x8000b7d6 (0x00005f17) x30 0x800107d6
core   0: 0x8000b7da (0x823f2523) sw      gp, -2006(t5)
core   0: 3 0x8000b7da (0x823f2523) mem 0x80010000 0x00000001
core   0: 0x8000b7de (0x0000bfe5) c.j     pc - 8
core   0: 3 0x8000b7de (0xbfe5)
core   0: 0x8000b7d6 (0x00005f17) auipc   t5, 0x5
core   0: 3 0x8000b7d6 (0x00005f17) x30 0x800107d6
core   0: 0x8000b7da (0x823f2523) sw      gp, -2006(t5)
core   0: 3 0x8000b7da (0x823f2523) mem 0x80010000 0x00000001
core   0: 0x8000b7de (0x0000bfe5) c.j     pc - 8
core   0: 3 0x8000b7de (0xbfe5)
core   0: 0x8000b7d6 (0x00005f17) auipc   t5, 0x5
core   0: 3 0x8000b7d6 (0x00005f17) x30 0x800107d6
core   0: 0x8000b7da (0x823f2523) sw      gp, -2006(t5)
core   0: 3 0x8000b7da (0x823f2523) mem 0x80010000 0x00000001
core   0: 0x8000b7de (0x0000bfe5) c.j     pc - 8
core   0: 3 0x8000b7de (0xbfe5)
core   0: 0x8000b7d6 (0x00005f17) auipc   t5, 0x5
core   0: 3 0x8000b7d6 (0x00005f17) x30 0x800107d6
core   0: 0x8000b7da (0x823f2523) sw      gp, -2006(t5)
core   0: 3 0x8000b7da (0x823f2523) mem 0x80010000 0x00000001
core   0: 0x8000b7de (0x0000bfe5) c.j     pc - 8
core   0: 3 0x8000b7de (0xbfe5)
core   0: 0x8000b7d6 (0x00005f17) auipc   t5, 0x5
core   0: 3 0x8000b7d6 (0x00005f17) x30 0x800107d6
core   0: 0x8000b7da (0x823f2523) sw      gp, -2006(t5)
core   0: 3 0x8000b7da (0x823f2523) mem 0x80010000 0x00000001
core   0: 0x8000b7de (0x0000bfe5) c.j     pc - 8
core   0: 3 0x8000b7de (0xbfe5)
core   0: 0x8000b7d6 (0x00005f17) auipc   t5, 0x5
core   0: 3 0x8000b7d6 (0x00005f17) x30 0x800107d6
core   0: 0x8000b7da (0x823f2523) sw      gp, -2006(t5)
core   0: 3 0x8000b7da (0x823f2523) mem 0x80010000 0x00000001
core   0: 0x8000b7de (0x0000bfe5) c.j     pc - 8
core   0: 3 0x8000b7de (0xbfe5)
core   0: 0x8000b7d6 (0x00005f17) auipc   t5, 0x5
core   0: 3 0x8000b7d6 (0x00005f17) x30 0x800107d6
core   0: 0x8000b7da (0x823f2523) sw      gp, -2006(t5)
core   0: 3 0x8000b7da (0x823f2523) mem 0x80010000 0x00000001
core   0: 0x8000b7de (0x0000bfe5) c.j     pc - 8
core   0: 3 0x8000b7de (0xbfe5)
core   0: 0x8000b7d6 (0x00005f17) auipc   t5, 0x5
core   0: 3 0x8000b7d6 (0x00005f17) x30 0x800107d6
core   0: 0x8000b7da (0x823f2523) sw      gp, -2006(t5)
core   0: 3 0x8000b7da (0x823f2523) mem 0x80010000 0x00000001
core   0: 0x8000b7de (0x0000bfe5) c.j     pc - 8
core   0: 3 0x8000b7de (0xbfe5)
core   0: 0x8000b7d6 (0x00005f17) auipc   t5, 0x5
core   0: 3 0x8000b7d6 (0x00005f17) x30 0x800107d6
core   0: 0x8000b7da (0x823f2523) sw      gp, -2006(t5)
core   0: 3 0x8000b7da (0x823f2523) mem 0x80010000 0x00000001
core   0: 0x8000b7de (0x0000bfe5) c.j     pc - 8
core   0: 3 0x8000b7de (0xbfe5)
core   0: 0x8000b7d6 (0x00005f17) auipc   t5, 0x5
core   0: 3 0x8000b7d6 (0x00005f17) x30 0x800107d6
core   0: 0x8000b7da (0x823f2523) sw      gp, -2006(t5)
core   0: 3 0x8000b7da (0x823f2523) mem 0x80010000 0x00000001
core   0: 0x8000b7de (0x0000bfe5) c.j     pc - 8
core   0: 3 0x8000b7de (0xbfe5)
core   0: 0x8000b7d6 (0x00005f17) auipc   t5, 0x5
core   0: 3 0x8000b7d6 (0x00005f17) x30 0x800107d6
core   0: 0x8000b7da (0x823f2523) sw      gp, -2006(t5)
core   0: 3 0x8000b7da (0x823f2523) mem 0x80010000 0x00000001
core   0: 0x8000b7de (0x0000bfe5) c.j     pc - 8
core   0: 3 0x8000b7de (0xbfe5)
core   0: 0x8000b7d6 (0x00005f17) auipc   t5, 0x5
core   0: 3 0x8000b7d6 (0x00005f17) x30 0x800107d6
core   0: 0x8000b7da (0x823f2523) sw      gp, -2006(t5)
core   0: 3 0x8000b7da (0x823f2523) mem 0x80010000 0x00000001
core   0: 0x8000b7de (0x0000bfe5) c.j     pc - 8
core   0: 3 0x8000b7de (0xbfe5)
core   0: 0x8000b7d6 (0x00005f17) auipc   t5, 0x5
core   0: 3 0x8000b7d6 (0x00005f17) x30 0x800107d6
core   0: 0x8000b7da (0x823f2523) sw      gp, -2006(t5)
core   0: 3 0x8000b7da (0x823f2523) mem 0x80010000 0x00000001
core   0: 0x8000b7de (0x0000bfe5) c.j     pc - 8
core   0: 3 0x8000b7de (0xbfe5)
core   0: 0x8000b7d6 (0x00005f17) auipc   t5, 0x5
core   0: 3 0x8000b7d6 (0x00005f17) x30 0x800107d6
core   0: 0x8000b7da (0x823f2523) sw      gp, -2006(t5)
core   0: 3 0x8000b7da (0x823f2523) mem 0x80010000 0x00000001
core   0: 0x8000b7de (0x0000bfe5) c.j     pc - 8
core   0: 3 0x8000b7de (0xbfe5)
core   0: 0x8000b7d6 (0x00005f17) auipc   t5, 0x5
core   0: 3 0x8000b7d6 (0x00005f17) x30 0x800107d6
core   0: 0x8000b7da (0x823f2523) sw      gp, -2006(t5)
core   0: 3 0x8000b7da (0x823f2523) mem 0x80010000 0x00000001
core   0: 0x8000b7de (0x0000bfe5) c.j     pc - 8
core   0: 3 0x8000b7de (0xbfe5)
core   0: 0x8000b7d6 (0x00005f17) auipc   t5, 0x5
core   0: 3 0x8000b7d6 (0x00005f17) x30 0x800107d6
core   0: 0x8000b7da (0x823f2523) sw      gp, -2006(t5)
core   0: 3 0x8000b7da (0x823f2523) mem 0x80010000 0x00000001
core   0: 0x8000b7de (0x0000bfe5) c.j     pc - 8
core   0: 3 0x8000b7de (0xbfe5)
core   0: 0x8000b7d6 (0x00005f17) auipc   t5, 0x5
core   0: 3 0x8000b7d6 (0x00005f17) x30 0x800107d6
core   0: 0x8000b7da (0x823f2523) sw      gp, -2006(t5)
core   0: 3 0x8000b7da (0x823f2523) mem 0x80010000 0x00000001
core   0: 0x8000b7de (0x0000bfe5) c.j     pc - 8
core   0: 3 0x8000b7de (0xbfe5)
core   0: 0x8000b7d6 (0x00005f17) auipc   t5, 0x5
core   0: 3 0x8000b7d6 (0x00005f17) x30 0x800107d6
core   0: 0x8000b7da (0x823f2523) sw      gp, -2006(t5)
core   0: 3 0x8000b7da (0x823f2523) mem 0x80010000 0x00000001
core   0: 0x8000b7de (0x0000bfe5) c.j     pc - 8
core   0: 3 0x8000b7de (0xbfe5)
core   0: 0x8000b7d6 (0x00005f17) auipc   t5, 0x5
core   0: 3 0x8000b7d6 (0x00005f17) x30 0x800107d6
core   0: 0x8000b7da (0x823f2523) sw      gp, -2006(t5)
core   0: 3 0x8000b7da (0x823f2523) mem 0x80010000 0x00000001
core   0: 0x8000b7de (0x0000bfe5) c.j     pc - 8
core   0: 3 0x8000b7de (0xbfe5)
core   0: 0x8000b7d6 (0x00005f17) auipc   t5, 0x5
core   0: 3 0x8000b7d6 (0x00005f17) x30 0x800107d6
core   0: 0x8000b7da (0x823f2523) sw      gp, -2006(t5)
core   0: 3 0x8000b7da (0x823f2523) mem 0x80010000 0x00000001
core   0: 0x8000b7de (0x0000bfe5) c.j     pc - 8
core   0: 3 0x8000b7de (0xbfe5)
core   0: 0x8000b7d6 (0x00005f17) auipc   t5, 0x5
core   0: 3 0x8000b7d6 (0x00005f17) x30 0x800107d6
core   0: 0x8000b7da (0x823f2523) sw      gp, -2006(t5)
core   0: 3 0x8000b7da (0x823f2523) mem 0x80010000 0x00000001
core   0: 0x8000b7de (0x0000bfe5) c.j     pc - 8
core   0: 3 0x8000b7de (0xbfe5)
core   0: 0x8000b7d6 (0x00005f17) auipc   t5, 0x5
core   0: 3 0x8000b7d6 (0x00005f17) x30 0x800107d6
core   0: 0x8000b7da (0x823f2523) sw      gp, -2006(t5)
core   0: 3 0x8000b7da (0x823f2523) mem 0x80010000 0x00000001
core   0: 0x8000b7de (0x0000bfe5) c.j     pc - 8
core   0: 3 0x8000b7de (0xbfe5)
core   0: 0x8000b7d6 (0x00005f17) auipc   t5, 0x5
core   0: 3 0x8000b7d6 (0x00005f17) x30 0x800107d6
core   0: 0x8000b7da (0x823f2523) sw      gp, -2006(t5)
core   0: 3 0x8000b7da (0x823f2523) mem 0x80010000 0x00000001
core   0: 0x8000b7de (0x0000bfe5) c.j     pc - 8
core   0: 3 0x8000b7de (0xbfe5)
core   0: 0x8000b7d6 (0x00005f17) auipc   t5, 0x5
core   0: 3 0x8000b7d6 (0x00005f17) x30 0x800107d6
core   0: 0x8000b7da (0x823f2523) sw      gp, -2006(t5)
core   0: 3 0x8000b7da (0x823f2523) mem 0x80010000 0x00000001
core   0: 0x8000b7de (0x0000bfe5) c.j     pc - 8
core   0: 3 0x8000b7de (0xbfe5)
core   0: 0x8000b7d6 (0x00005f17) auipc   t5, 0x5
core   0: 3 0x8000b7d6 (0x00005f17) x30 0x800107d6
core   0: 0x8000b7da (0x823f2523) sw      gp, -2006(t5)
core   0: 3 0x8000b7da (0x823f2523) mem 0x80010000 0x00000001
core   0: 0x8000b7de (0x0000bfe5) c.j     pc - 8
core   0: 3 0x8000b7de (0xbfe5)
core   0: 0x8000b7d6 (0x00005f17) auipc   t5, 0x5
core   0: 3 0x8000b7d6 (0x00005f17) x30 0x800107d6
core   0: 0x8000b7da (0x823f2523) sw      gp, -2006(t5)
core   0: 3 0x8000b7da (0x823f2523) mem 0x80010000 0x00000001
core   0: 0x8000b7de (0x0000bfe5) c.j     pc - 8
core   0: 3 0x8000b7de (0xbfe5)
core   0: 0x8000b7d6 (0x00005f17) auipc   t5, 0x5
core   0: 3 0x8000b7d6 (0x00005f17) x30 0x800107d6
core   0: 0x8000b7da (0x823f2523) sw      gp, -2006(t5)
core   0: 3 0x8000b7da (0x823f2523) mem 0x80010000 0x00000001
core   0: 0x8000b7de (0x0000bfe5) c.j     pc - 8
core   0: 3 0x8000b7de (0xbfe5)
core   0: 0x8000b7d6 (0x00005f17) auipc   t5, 0x5
core   0: 3 0x8000b7d6 (0x00005f17) x30 0x800107d6
core   0: 0x8000b7da (0x823f2523) sw      gp, -2006(t5)
core   0: 3 0x8000b7da (0x823f2523) mem 0x80010000 0x00000001
core   0: 0x8000b7de (0x0000bfe5) c.j     pc - 8
core   0: 3 0x8000b7de (0xbfe5)
core   0: 0x8000b7d6 (0x00005f17) auipc   t5, 0x5
core   0: 3 0x8000b7d6 (0x00005f17) x30 0x800107d6
core   0: 0x8000b7da (0x823f2523) sw      gp, -2006(t5)
core   0: 3 0x8000b7da (0x823f2523) mem 0x80010000 0x00000001
core   0: 0x8000b7de (0x0000bfe5) c.j     pc - 8
core   0: 3 0x8000b7de (0xbfe5)
core   0: 0x8000b7d6 (0x00005f17) auipc   t5, 0x5
core   0: 3 0x8000b7d6 (0x00005f17) x30 0x800107d6
core   0: 0x8000b7da (0x823f2523) sw      gp, -2006(t5)
core   0: 3 0x8000b7da (0x823f2523) mem 0x80010000 0x00000001
core   0: 0x8000b7de (0x0000bfe5) c.j     pc - 8
core   0: 3 0x8000b7de (0xbfe5)
core   0: 0x8000b7d6 (0x00005f17) auipc   t5, 0x5
core   0: 3 0x8000b7d6 (0x00005f17) x30 0x800107d6
core   0: 0x8000b7da (0x823f2523) sw      gp, -2006(t5)
core   0: 3 0x8000b7da (0x823f2523) mem 0x80010000 0x00000001
core   0: 0x8000b7de (0x0000bfe5) c.j     pc - 8
core   0: 3 0x8000b7de (0xbfe5)
core   0: 0x8000b7d6 (0x00005f17) auipc   t5, 0x5
core   0: 3 0x8000b7d6 (0x00005f17) x30 0x800107d6
core   0: 0x8000b7da (0x823f2523) sw      gp, -2006(t5)
core   0: 3 0x8000b7da (0x823f2523) mem 0x80010000 0x00000001
core   0: 0x8000b7de (0x0000bfe5) c.j     pc - 8
core   0: 3 0x8000b7de (0xbfe5)
core   0: 0x8000b7d6 (0x00005f17) auipc   t5, 0x5
core   0: 3 0x8000b7d6 (0x00005f17) x30 0x800107d6
core   0: 0x8000b7da (0x823f2523) sw      gp, -2006(t5)
core   0: 3 0x8000b7da (0x823f2523) mem 0x80010000 0x00000001
core   0: 0x8000b7de (0x0000bfe5) c.j     pc - 8
core   0: 3 0x8000b7de (0xbfe5)
core   0: 0x8000b7d6 (0x00005f17) auipc   t5, 0x5
core   0: 3 0x8000b7d6 (0x00005f17) x30 0x800107d6
core   0: 0x8000b7da (0x823f2523) sw      gp, -2006(t5)
core   0: 3 0x8000b7da (0x823f2523) mem 0x80010000 0x00000001
core   0: 0x8000b7de (0x0000bfe5) c.j     pc - 8
core   0: 3 0x8000b7de (0xbfe5)
core   0: 0x8000b7d6 (0x00005f17) auipc   t5, 0x5
core   0: 3 0x8000b7d6 (0x00005f17) x30 0x800107d6
core   0: 0x8000b7da (0x823f2523) sw      gp, -2006(t5)
core   0: 3 0x8000b7da (0x823f2523) mem 0x80010000 0x00000001
core   0: 0x8000b7de (0x0000bfe5) c.j     pc - 8
core   0: 3 0x8000b7de (0xbfe5)
core   0: 0x8000b7d6 (0x00005f17) auipc   t5, 0x5
core   0: 3 0x8000b7d6 (0x00005f17) x30 0x800107d6
core   0: 0x8000b7da (0x823f2523) sw      gp, -2006(t5)
core   0: 3 0x8000b7da (0x823f2523) mem 0x80010000 0x00000001
core   0: 0x8000b7de (0x0000bfe5) c.j     pc - 8
core   0: 3 0x8000b7de (0xbfe5)
core   0: 0x8000b7d6 (0x00005f17) auipc   t5, 0x5
core   0: 3 0x8000b7d6 (0x00005f17) x30 0x800107d6
core   0: 0x8000b7da (0x823f2523) sw      gp, -2006(t5)
core   0: 3 0x8000b7da (0x823f2523) mem 0x80010000 0x00000001
core   0: 0x8000b7de (0x0000bfe5) c.j     pc - 8
core   0: 3 0x8000b7de (0xbfe5)
core   0: 0x8000b7d6 (0x00005f17) auipc   t5, 0x5
core   0: 3 0x8000b7d6 (0x00005f17) x30 0x800107d6
core   0: 0x8000b7da (0x823f2523) sw      gp, -2006(t5)
core   0: 3 0x8000b7da (0x823f2523) mem 0x80010000 0x00000001
core   0: 0x8000b7de (0x0000bfe5) c.j     pc - 8
core   0: 3 0x8000b7de (0xbfe5)
core   0: 0x8000b7d6 (0x00005f17) auipc   t5, 0x5
core   0: 3 0x8000b7d6 (0x00005f17) x30 0x800107d6
core   0: 0x8000b7da (0x823f2523) sw      gp, -2006(t5)
core   0: 3 0x8000b7da (0x823f2523) mem 0x80010000 0x00000001
core   0: 0x8000b7de (0x0000bfe5) c.j     pc - 8
core   0: 3 0x8000b7de (0xbfe5)
core   0: 0x8000b7d6 (0x00005f17) auipc   t5, 0x5
core   0: 3 0x8000b7d6 (0x00005f17) x30 0x800107d6
core   0: 0x8000b7da (0x823f2523) sw      gp, -2006(t5)
core   0: 3 0x8000b7da (0x823f2523) mem 0x80010000 0x00000001
core   0: 0x8000b7de (0x0000bfe5) c.j     pc - 8
core   0: 3 0x8000b7de (0xbfe5)
core   0: 0x8000b7d6 (0x00005f17) auipc   t5, 0x5
core   0: 3 0x8000b7d6 (0x00005f17) x30 0x800107d6
core   0: 0x8000b7da (0x823f2523) sw      gp, -2006(t5)
core   0: 3 0x8000b7da (0x823f2523) mem 0x80010000 0x00000001
core   0: 0x8000b7de (0x0000bfe5) c.j     pc - 8
core   0: 3 0x8000b7de (0xbfe5)
core   0: 0x8000b7d6 (0x00005f17) auipc   t5, 0x5
core   0: 3 0x8000b7d6 (0x00005f17) x30 0x800107d6
core   0: 0x8000b7da (0x823f2523) sw      gp, -2006(t5)
core   0: 3 0x8000b7da (0x823f2523) mem 0x80010000 0x00000001
core   0: 0x8000b7de (0x0000bfe5) c.j     pc - 8
core   0: 3 0x8000b7de (0xbfe5)
core   0: 0x8000b7d6 (0x00005f17) auipc   t5, 0x5
core   0: 3 0x8000b7d6 (0x00005f17) x30 0x800107d6
core   0: 0x8000b7da (0x823f2523) sw      gp, -2006(t5)
core   0: 3 0x8000b7da (0x823f2523) mem 0x80010000 0x00000001
core   0: 0x8000b7de (0x0000bfe5) c.j     pc - 8
core   0: 3 0x8000b7de (0xbfe5)
core   0: 0x8000b7d6 (0x00005f17) auipc   t5, 0x5
core   0: 3 0x8000b7d6 (0x00005f17) x30 0x800107d6
core   0: 0x8000b7da (0x823f2523) sw      gp, -2006(t5)
core   0: 3 0x8000b7da (0x823f2523) mem 0x80010000 0x00000001
core   0: 0x8000b7de (0x0000bfe5) c.j     pc - 8
core   0: 3 0x8000b7de (0xbfe5)
core   0: 0x8000b7d6 (0x00005f17) auipc   t5, 0x5
core   0: 3 0x8000b7d6 (0x00005f17) x30 0x800107d6
core   0: 0x8000b7da (0x823f2523) sw      gp, -2006(t5)
core   0: 3 0x8000b7da (0x823f2523) mem 0x80010000 0x00000001
core   0: 0x8000b7de (0x0000bfe5) c.j     pc - 8
core   0: 3 0x8000b7de (0xbfe5)
core   0: 0x8000b7d6 (0x00005f17) auipc   t5, 0x5
core   0: 3 0x8000b7d6 (0x00005f17) x30 0x800107d6
core   0: 0x8000b7da (0x823f2523) sw      gp, -2006(t5)
core   0: 3 0x8000b7da (0x823f2523) mem 0x80010000 0x00000001
core   0: 0x8000b7de (0x0000bfe5) c.j     pc - 8
core   0: 3 0x8000b7de (0xbfe5)
core   0: 0x8000b7d6 (0x00005f17) auipc   t5, 0x5
core   0: 3 0x8000b7d6 (0x00005f17) x30 0x800107d6
core   0: 0x8000b7da (0x823f2523) sw      gp, -2006(t5)
core   0: 3 0x8000b7da (0x823f2523) mem 0x80010000 0x00000001
core   0: 0x8000b7de (0x0000bfe5) c.j     pc - 8
core   0: 3 0x8000b7de (0xbfe5)
core   0: 0x8000b7d6 (0x00005f17) auipc   t5, 0x5
core   0: 3 0x8000b7d6 (0x00005f17) x30 0x800107d6
core   0: 0x8000b7da (0x823f2523) sw      gp, -2006(t5)
core   0: 3 0x8000b7da (0x823f2523) mem 0x80010000 0x00000001
core   0: 0x8000b7de (0x0000bfe5) c.j     pc - 8
core   0: 3 0x8000b7de (0xbfe5)
core   0: 0x8000b7d6 (0x00005f17) auipc   t5, 0x5
core   0: 3 0x8000b7d6 (0x00005f17) x30 0x800107d6
core   0: 0x8000b7da (0x823f2523) sw      gp, -2006(t5)
core   0: 3 0x8000b7da (0x823f2523) mem 0x80010000 0x00000001
core   0: 0x8000b7de (0x0000bfe5) c.j     pc - 8
core   0: 3 0x8000b7de (0xbfe5)
core   0: 0x8000b7d6 (0x00005f17) auipc   t5, 0x5
core   0: 3 0x8000b7d6 (0x00005f17) x30 0x800107d6
core   0: 0x8000b7da (0x823f2523) sw      gp, -2006(t5)
core   0: 3 0x8000b7da (0x823f2523) mem 0x80010000 0x00000001
core   0: 0x8000b7de (0x0000bfe5) c.j     pc - 8
core   0: 3 0x8000b7de (0xbfe5)
core   0: 0x8000b7d6 (0x00005f17) auipc   t5, 0x5
core   0: 3 0x8000b7d6 (0x00005f17) x30 0x800107d6
core   0: 0x8000b7da (0x823f2523) sw      gp, -2006(t5)
core   0: 3 0x8000b7da (0x823f2523) mem 0x80010000 0x00000001
core   0: 0x8000b7de (0x0000bfe5) c.j     pc - 8
core   0: 3 0x8000b7de (0xbfe5)
core   0: 0x8000b7d6 (0x00005f17) auipc   t5, 0x5
core   0: 3 0x8000b7d6 (0x00005f17) x30 0x800107d6
core   0: 0x8000b7da (0x823f2523) sw      gp, -2006(t5)
core   0: 3 0x8000b7da (0x823f2523) mem 0x80010000 0x00000001
core   0: 0x8000b7de (0x0000bfe5) c.j     pc - 8
core   0: 3 0x8000b7de (0xbfe5)
core   0: 0x8000b7d6 (0x00005f17) auipc   t5, 0x5
core   0: 3 0x8000b7d6 (0x00005f17) x30 0x800107d6
core   0: 0x8000b7da (0x823f2523) sw      gp, -2006(t5)
core   0: 3 0x8000b7da (0x823f2523) mem 0x80010000 0x00000001
core   0: 0x8000b7de (0x0000bfe5) c.j     pc - 8
core   0: 3 0x8000b7de (0xbfe5)
core   0: 0x8000b7d6 (0x00005f17) auipc   t5, 0x5
core   0: 3 0x8000b7d6 (0x00005f17) x30 0x800107d6
core   0: 0x8000b7da (0x823f2523) sw      gp, -2006(t5)
core   0: 3 0x8000b7da (0x823f2523) mem 0x80010000 0x00000001
core   0: 0x8000b7de (0x0000bfe5) c.j     pc - 8
core   0: 3 0x8000b7de (0xbfe5)
core   0: 0x8000b7d6 (0x00005f17) auipc   t5, 0x5
core   0: 3 0x8000b7d6 (0x00005f17) x30 0x800107d6
core   0: 0x8000b7da (0x823f2523) sw      gp, -2006(t5)
core   0: 3 0x8000b7da (0x823f2523) mem 0x80010000 0x00000001
core   0: 0x8000b7de (0x0000bfe5) c.j     pc - 8
core   0: 3 0x8000b7de (0xbfe5)
core   0: 0x8000b7d6 (0x00005f17) auipc   t5, 0x5
core   0: 3 0x8000b7d6 (0x00005f17) x30 0x800107d6
core   0: 0x8000b7da (0x823f2523) sw      gp, -2006(t5)
core   0: 3 0x8000b7da (0x823f2523) mem 0x80010000 0x00000001
core   0: 0x8000b7de (0x0000bfe5) c.j     pc - 8
core   0: 3 0x8000b7de (0xbfe5)
core   0: 0x8000b7d6 (0x00005f17) auipc   t5, 0x5
core   0: 3 0x8000b7d6 (0x00005f17) x30 0x800107d6
core   0: 0x8000b7da (0x823f2523) sw      gp, -2006(t5)
core   0: 3 0x8000b7da (0x823f2523) mem 0x80010000 0x00000001
core   0: 0x8000b7de (0x0000bfe5) c.j     pc - 8
core   0: 3 0x8000b7de (0xbfe5)
core   0: 0x8000b7d6 (0x00005f17) auipc   t5, 0x5
core   0: 3 0x8000b7d6 (0x00005f17) x30 0x800107d6
core   0: 0x8000b7da (0x823f2523) sw      gp, -2006(t5)
core   0: 3 0x8000b7da (0x823f2523) mem 0x80010000 0x00000001
core   0: 0x8000b7de (0x0000bfe5) c.j     pc - 8
core   0: 3 0x8000b7de (0xbfe5)
core   0: 0x8000b7d6 (0x00005f17) auipc   t5, 0x5
core   0: 3 0x8000b7d6 (0x00005f17) x30 0x800107d6
core   0: 0x8000b7da (0x823f2523) sw      gp, -2006(t5)
core   0: 3 0x8000b7da (0x823f2523) mem 0x80010000 0x00000001
core   0: 0x8000b7de (0x0000bfe5) c.j     pc - 8
core   0: 3 0x8000b7de (0xbfe5)
core   0: 0x8000b7d6 (0x00005f17) auipc   t5, 0x5
core   0: 3 0x8000b7d6 (0x00005f17) x30 0x800107d6
core   0: 0x8000b7da (0x823f2523) sw      gp, -2006(t5)
core   0: 3 0x8000b7da (0x823f2523) mem 0x80010000 0x00000001
core   0: 0x8000b7de (0x0000bfe5) c.j     pc - 8
core   0: 3 0x8000b7de (0xbfe5)
core   0: 0x8000b7d6 (0x00005f17) auipc   t5, 0x5
core   0: 3 0x8000b7d6 (0x00005f17) x30 0x800107d6
core   0: 0x8000b7da (0x823f2523) sw      gp, -2006(t5)
core   0: 3 0x8000b7da (0x823f2523) mem 0x80010000 0x00000001
core   0: 0x8000b7de (0x0000bfe5) c.j     pc - 8
core   0: 3 0x8000b7de (0xbfe5)
core   0: 0x8000b7d6 (0x00005f17) auipc   t5, 0x5
core   0: 3 0x8000b7d6 (0x00005f17) x30 0x800107d6
core   0: 0x8000b7da (0x823f2523) sw      gp, -2006(t5)
core   0: 3 0x8000b7da (0x823f2523) mem 0x80010000 0x00000001
core   0: 0x8000b7de (0x0000bfe5) c.j     pc - 8
core   0: 3 0x8000b7de (0xbfe5)
core   0: 0x8000b7d6 (0x00005f17) auipc   t5, 0x5
core   0: 3 0x8000b7d6 (0x00005f17) x30 0x800107d6
core   0: 0x8000b7da (0x823f2523) sw      gp, -2006(t5)
core   0: 3 0x8000b7da (0x823f2523) mem 0x80010000 0x00000001
core   0: 0x8000b7de (0x0000bfe5) c.j     pc - 8
core   0: 3 0x8000b7de (0xbfe5)
core   0: 0x8000b7d6 (0x00005f17) auipc   t5, 0x5
core   0: 3 0x8000b7d6 (0x00005f17) x30 0x800107d6
core   0: 0x8000b7da (0x823f2523) sw      gp, -2006(t5)
core   0: 3 0x8000b7da (0x823f2523) mem 0x80010000 0x00000001
core   0: 0x8000b7de (0x0000bfe5) c.j     pc - 8
core   0: 3 0x8000b7de (0xbfe5)
core   0: 0x8000b7d6 (0x00005f17) auipc   t5, 0x5
core   0: 3 0x8000b7d6 (0x00005f17) x30 0x800107d6
core   0: 0x8000b7da (0x823f2523) sw      gp, -2006(t5)
core   0: 3 0x8000b7da (0x823f2523) mem 0x80010000 0x00000001
core   0: 0x8000b7de (0x0000bfe5) c.j     pc - 8
core   0: 3 0x8000b7de (0xbfe5)
core   0: 0x8000b7d6 (0x00005f17) auipc   t5, 0x5
core   0: 3 0x8000b7d6 (0x00005f17) x30 0x800107d6
core   0: 0x8000b7da (0x823f2523) sw      gp, -2006(t5)
core   0: 3 0x8000b7da (0x823f2523) mem 0x80010000 0x00000001
core   0: 0x8000b7de (0x0000bfe5) c.j     pc - 8
core   0: 3 0x8000b7de (0xbfe5)
core   0: 0x8000b7d6 (0x00005f17) auipc   t5, 0x5
core   0: 3 0x8000b7d6 (0x00005f17) x30 0x800107d6
core   0: 0x8000b7da (0x823f2523) sw      gp, -2006(t5)
core   0: 3 0x8000b7da (0x823f2523) mem 0x80010000 0x00000001
core   0: 0x8000b7de (0x0000bfe5) c.j     pc - 8
core   0: 3 0x8000b7de (0xbfe5)
core   0: 0x8000b7d6 (0x00005f17) auipc   t5, 0x5
core   0: 3 0x8000b7d6 (0x00005f17) x30 0x800107d6
core   0: 0x8000b7da (0x823f2523) sw      gp, -2006(t5)
core   0: 3 0x8000b7da (0x823f2523) mem 0x80010000 0x00000001
core   0: 0x8000b7de (0x0000bfe5) c.j     pc - 8
core   0: 3 0x8000b7de (0xbfe5)
core   0: 0x8000b7d6 (0x00005f17) auipc   t5, 0x5
core   0: 3 0x8000b7d6 (0x00005f17) x30 0x800107d6
core   0: 0x8000b7da (0x823f2523) sw      gp, -2006(t5)
core   0: 3 0x8000b7da (0x823f2523) mem 0x80010000 0x00000001
core   0: 0x8000b7de (0x0000bfe5) c.j     pc - 8
core   0: 3 0x8000b7de (0xbfe5)
core   0: 0x8000b7d6 (0x00005f17) auipc   t5, 0x5
core   0: 3 0x8000b7d6 (0x00005f17) x30 0x800107d6
core   0: 0x8000b7da (0x823f2523) sw      gp, -2006(t5)
core   0: 3 0x8000b7da (0x823f2523) mem 0x80010000 0x00000001
core   0: 0x8000b7de (0x0000bfe5) c.j     pc - 8
core   0: 3 0x8000b7de (0xbfe5)
core   0: 0x8000b7d6 (0x00005f17) auipc   t5, 0x5
core   0: 3 0x8000b7d6 (0x00005f17) x30 0x800107d6
core   0: 0x8000b7da (0x823f2523) sw      gp, -2006(t5)
core   0: 3 0x8000b7da (0x823f2523) mem 0x80010000 0x00000001
core   0: 0x8000b7de (0x0000bfe5) c.j     pc - 8
core   0: 3 0x8000b7de (0xbfe5)
core   0: 0x8000b7d6 (0x00005f17) auipc   t5, 0x5
core   0: 3 0x8000b7d6 (0x00005f17) x30 0x800107d6
core   0: 0x8000b7da (0x823f2523) sw      gp, -2006(t5)
core   0: 3 0x8000b7da (0x823f2523) mem 0x80010000 0x00000001
core   0: 0x8000b7de (0x0000bfe5) c.j     pc - 8
core   0: 3 0x8000b7de (0xbfe5)
core   0: 0x8000b7d6 (0x00005f17) auipc   t5, 0x5
core   0: 3 0x8000b7d6 (0x00005f17) x30 0x800107d6
core   0: 0x8000b7da (0x823f2523) sw      gp, -2006(t5)
core   0: 3 0x8000b7da (0x823f2523) mem 0x80010000 0x00000001
core   0: 0x8000b7de (0x0000bfe5) c.j     pc - 8
core   0: 3 0x8000b7de (0xbfe5)
core   0: 0x8000b7d6 (0x00005f17) auipc   t5, 0x5
core   0: 3 0x8000b7d6 (0x00005f17) x30 0x800107d6
core   0: 0x8000b7da (0x823f2523) sw      gp, -2006(t5)
core   0: 3 0x8000b7da (0x823f2523) mem 0x80010000 0x00000001
core   0: 0x8000b7de (0x0000bfe5) c.j     pc - 8
core   0: 3 0x8000b7de (0xbfe5)
core   0: 0x8000b7d6 (0x00005f17) auipc   t5, 0x5
core   0: 3 0x8000b7d6 (0x00005f17) x30 0x800107d6
core   0: 0x8000b7da (0x823f2523) sw      gp, -2006(t5)
core   0: 3 0x8000b7da (0x823f2523) mem 0x80010000 0x00000001
core   0: 0x8000b7de (0x0000bfe5) c.j     pc - 8
core   0: 3 0x8000b7de (0xbfe5)
core   0: 0x8000b7d6 (0x00005f17) auipc   t5, 0x5
core   0: 3 0x8000b7d6 (0x00005f17) x30 0x800107d6
core   0: 0x8000b7da (0x823f2523) sw      gp, -2006(t5)
core   0: 3 0x8000b7da (0x823f2523) mem 0x80010000 0x00000001
core   0: 0x8000b7de (0x0000bfe5) c.j     pc - 8
core   0: 3 0x8000b7de (0xbfe5)
core   0: 0x8000b7d6 (0x00005f17) auipc   t5, 0x5
core   0: 3 0x8000b7d6 (0x00005f17) x30 0x800107d6
core   0: 0x8000b7da (0x823f2523) sw      gp, -2006(t5)
core   0: 3 0x8000b7da (0x823f2523) mem 0x80010000 0x00000001
core   0: 0x8000b7de (0x0000bfe5) c.j     pc - 8
core   0: 3 0x8000b7de (0xbfe5)
core   0: 0x8000b7d6 (0x00005f17) auipc   t5, 0x5
core   0: 3 0x8000b7d6 (0x00005f17) x30 0x800107d6
core   0: 0x8000b7da (0x823f2523) sw      gp, -2006(t5)
core   0: 3 0x8000b7da (0x823f2523) mem 0x80010000 0x00000001
core   0: 0x8000b7de (0x0000bfe5) c.j     pc - 8
core   0: 3 0x8000b7de (0xbfe5)
core   0: 0x8000b7d6 (0x00005f17) auipc   t5, 0x5
core   0: 3 0x8000b7d6 (0x00005f17) x30 0x800107d6
core   0: 0x8000b7da (0x823f2523) sw      gp, -2006(t5)
core   0: 3 0x8000b7da (0x823f2523) mem 0x80010000 0x00000001
core   0: 0x8000b7de (0x0000bfe5) c.j     pc - 8
core   0: 3 0x8000b7de (0xbfe5)
core   0: 0x8000b7d6 (0x00005f17) auipc   t5, 0x5
core   0: 3 0x8000b7d6 (0x00005f17) x30 0x800107d6
core   0: 0x8000b7da (0x823f2523) sw      gp, -2006(t5)
core   0: 3 0x8000b7da (0x823f2523) mem 0x80010000 0x00000001
core   0: 0x8000b7de (0x0000bfe5) c.j     pc - 8
core   0: 3 0x8000b7de (0xbfe5)
core   0: 0x8000b7d6 (0x00005f17) auipc   t5, 0x5
core   0: 3 0x8000b7d6 (0x00005f17) x30 0x800107d6
core   0: 0x8000b7da (0x823f2523) sw      gp, -2006(t5)
core   0: 3 0x8000b7da (0x823f2523) mem 0x80010000 0x00000001
core   0: 0x8000b7de (0x0000bfe5) c.j     pc - 8
core   0: 3 0x8000b7de (0xbfe5)
core   0: 0x8000b7d6 (0x00005f17) auipc   t5, 0x5
core   0: 3 0x8000b7d6 (0x00005f17) x30 0x800107d6
core   0: 0x8000b7da (0x823f2523) sw      gp, -2006(t5)
core   0: 3 0x8000b7da (0x823f2523) mem 0x80010000 0x00000001
core   0: 0x8000b7de (0x0000bfe5) c.j     pc - 8
core   0: 3 0x8000b7de (0xbfe5)
core   0: 0x8000b7d6 (0x00005f17) auipc   t5, 0x5
core   0: 3 0x8000b7d6 (0x00005f17) x30 0x800107d6
core   0: 0x8000b7da (0x823f2523) sw      gp, -2006(t5)
core   0: 3 0x8000b7da (0x823f2523) mem 0x80010000 0x00000001
core   0: 0x8000b7de (0x0000bfe5) c.j     pc - 8
core   0: 3 0x8000b7de (0xbfe5)
core   0: 0x8000b7d6 (0x00005f17) auipc   t5, 0x5
core   0: 3 0x8000b7d6 (0x00005f17) x30 0x800107d6
core   0: 0x8000b7da (0x823f2523) sw      gp, -2006(t5)
core   0: 3 0x8000b7da (0x823f2523) mem 0x80010000 0x00000001
core   0: 0x8000b7de (0x0000bfe5) c.j     pc - 8
core   0: 3 0x8000b7de (0xbfe5)
core   0: 0x8000b7d6 (0x00005f17) auipc   t5, 0x5
core   0: 3 0x8000b7d6 (0x00005f17) x30 0x800107d6
core   0: 0x8000b7da (0x823f2523) sw      gp, -2006(t5)
core   0: 3 0x8000b7da (0x823f2523) mem 0x80010000 0x00000001
core   0: 0x8000b7de (0x0000bfe5) c.j     pc - 8
core   0: 3 0x8000b7de (0xbfe5)
core   0: 0x8000b7d6 (0x00005f17) auipc   t5, 0x5
core   0: 3 0x8000b7d6 (0x00005f17) x30 0x800107d6
core   0: 0x8000b7da (0x823f2523) sw      gp, -2006(t5)
core   0: 3 0x8000b7da (0x823f2523) mem 0x80010000 0x00000001
core   0: 0x8000b7de (0x0000bfe5) c.j     pc - 8
core   0: 3 0x8000b7de (0xbfe5)
core   0: 0x8000b7d6 (0x00005f17) auipc   t5, 0x5
core   0: 3 0x8000b7d6 (0x00005f17) x30 0x800107d6
core   0: 0x8000b7da (0x823f2523) sw      gp, -2006(t5)
core   0: 3 0x8000b7da (0x823f2523) mem 0x80010000 0x00000001
core   0: 0x8000b7de (0x0000bfe5) c.j     pc - 8
core   0: 3 0x8000b7de (0xbfe5)
core   0: 0x8000b7d6 (0x00005f17) auipc   t5, 0x5
core   0: 3 0x8000b7d6 (0x00005f17) x30 0x800107d6
core   0: 0x8000b7da (0x823f2523) sw      gp, -2006(t5)
core   0: 3 0x8000b7da (0x823f2523) mem 0x80010000 0x00000001
core   0: 0x8000b7de (0x0000bfe5) c.j     pc - 8
core   0: 3 0x8000b7de (0xbfe5)
core   0: 0x8000b7d6 (0x00005f17) auipc   t5, 0x5
core   0: 3 0x8000b7d6 (0x00005f17) x30 0x800107d6
core   0: 0x8000b7da (0x823f2523) sw      gp, -2006(t5)
core   0: 3 0x8000b7da (0x823f2523) mem 0x80010000 0x00000001
core   0: 0x8000b7de (0x0000bfe5) c.j     pc - 8
core   0: 3 0x8000b7de (0xbfe5)
core   0: 0x8000b7d6 (0x00005f17) auipc   t5, 0x5
core   0: 3 0x8000b7d6 (0x00005f17) x30 0x800107d6
core   0: 0x8000b7da (0x823f2523) sw      gp, -2006(t5)
core   0: 3 0x8000b7da (0x823f2523) mem 0x80010000 0x00000001
core   0: 0x8000b7de (0x0000bfe5) c.j     pc - 8
core   0: 3 0x8000b7de (0xbfe5)
core   0: 0x8000b7d6 (0x00005f17) auipc   t5, 0x5
core   0: 3 0x8000b7d6 (0x00005f17) x30 0x800107d6
core   0: 0x8000b7da (0x823f2523) sw      gp, -2006(t5)
core   0: 3 0x8000b7da (0x823f2523) mem 0x80010000 0x00000001
core   0: 0x8000b7de (0x0000bfe5) c.j     pc - 8
core   0: 3 0x8000b7de (0xbfe5)
core   0: 0x8000b7d6 (0x00005f17) auipc   t5, 0x5
core   0: 3 0x8000b7d6 (0x00005f17) x30 0x800107d6
core   0: 0x8000b7da (0x823f2523) sw      gp, -2006(t5)
core   0: 3 0x8000b7da (0x823f2523) mem 0x80010000 0x00000001
core   0: 0x8000b7de (0x0000bfe5) c.j     pc - 8
core   0: 3 0x8000b7de (0xbfe5)
core   0: 0x8000b7d6 (0x00005f17) auipc   t5, 0x5
core   0: 3 0x8000b7d6 (0x00005f17) x30 0x800107d6
core   0: 0x8000b7da (0x823f2523) sw      gp, -2006(t5)
core   0: 3 0x8000b7da (0x823f2523) mem 0x80010000 0x00000001
core   0: 0x8000b7de (0x0000bfe5) c.j     pc - 8
core   0: 3 0x8000b7de (0xbfe5)
core   0: 0x8000b7d6 (0x00005f17) auipc   t5, 0x5
core   0: 3 0x8000b7d6 (0x00005f17) x30 0x800107d6
core   0: 0x8000b7da (0x823f2523) sw      gp, -2006(t5)
core   0: 3 0x8000b7da (0x823f2523) mem 0x80010000 0x00000001
core   0: 0x8000b7de (0x0000bfe5) c.j     pc - 8
core   0: 3 0x8000b7de (0xbfe5)
core   0: 0x8000b7d6 (0x00005f17) auipc   t5, 0x5
core   0: 3 0x8000b7d6 (0x00005f17) x30 0x800107d6
core   0: 0x8000b7da (0x823f2523) sw      gp, -2006(t5)
core   0: 3 0x8000b7da (0x823f2523) mem 0x80010000 0x00000001
core   0: 0x8000b7de (0x0000bfe5) c.j     pc - 8
core   0: 3 0x8000b7de (0xbfe5)
core   0: 0x8000b7d6 (0x00005f17) auipc   t5, 0x5
core   0: 3 0x8000b7d6 (0x00005f17) x30 0x800107d6
core   0: 0x8000b7da (0x823f2523) sw      gp, -2006(t5)
core   0: 3 0x8000b7da (0x823f2523) mem 0x80010000 0x00000001
core   0: 0x8000b7de (0x0000bfe5) c.j     pc - 8
core   0: 3 0x8000b7de (0xbfe5)
core   0: 0x8000b7d6 (0x00005f17) auipc   t5, 0x5
core   0: 3 0x8000b7d6 (0x00005f17) x30 0x800107d6
core   0: 0x8000b7da (0x823f2523) sw      gp, -2006(t5)
core   0: 3 0x8000b7da (0x823f2523) mem 0x80010000 0x00000001
core   0: 0x8000b7de (0x0000bfe5) c.j     pc - 8
core   0: 3 0x8000b7de (0xbfe5)
core   0: 0x8000b7d6 (0x00005f17) auipc   t5, 0x5
core   0: 3 0x8000b7d6 (0x00005f17) x30 0x800107d6
core   0: 0x8000b7da (0x823f2523) sw      gp, -2006(t5)
core   0: 3 0x8000b7da (0x823f2523) mem 0x80010000 0x00000001
core   0: 0x8000b7de (0x0000bfe5) c.j     pc - 8
core   0: 3 0x8000b7de (0xbfe5)
core   0: 0x8000b7d6 (0x00005f17) auipc   t5, 0x5
core   0: 3 0x8000b7d6 (0x00005f17) x30 0x800107d6
core   0: 0x8000b7da (0x823f2523) sw      gp, -2006(t5)
core   0: 3 0x8000b7da (0x823f2523) mem 0x80010000 0x00000001
core   0: 0x8000b7de (0x0000bfe5) c.j     pc - 8
core   0: 3 0x8000b7de (0xbfe5)
core   0: 0x8000b7d6 (0x00005f17) auipc   t5, 0x5
core   0: 3 0x8000b7d6 (0x00005f17) x30 0x800107d6
core   0: 0x8000b7da (0x823f2523) sw      gp, -2006(t5)
core   0: 3 0x8000b7da (0x823f2523) mem 0x80010000 0x00000001
core   0: 0x8000b7de (0x0000bfe5) c.j     pc - 8
core   0: 3 0x8000b7de (0xbfe5)
core   0: 0x8000b7d6 (0x00005f17) auipc   t5, 0x5
core   0: 3 0x8000b7d6 (0x00005f17) x30 0x800107d6
core   0: 0x8000b7da (0x823f2523) sw      gp, -2006(t5)
core   0: 3 0x8000b7da (0x823f2523) mem 0x80010000 0x00000001
core   0: 0x8000b7de (0x0000bfe5) c.j     pc - 8
core   0: 3 0x8000b7de (0xbfe5)
core   0: 0x8000b7d6 (0x00005f17) auipc   t5, 0x5
core   0: 3 0x8000b7d6 (0x00005f17) x30 0x800107d6
core   0: 0x8000b7da (0x823f2523) sw      gp, -2006(t5)
core   0: 3 0x8000b7da (0x823f2523) mem 0x80010000 0x00000001
core   0: 0x8000b7de (0x0000bfe5) c.j     pc - 8
core   0: 3 0x8000b7de (0xbfe5)
core   0: 0x8000b7d6 (0x00005f17) auipc   t5, 0x5
core   0: 3 0x8000b7d6 (0x00005f17) x30 0x800107d6
core   0: 0x8000b7da (0x823f2523) sw      gp, -2006(t5)
core   0: 3 0x8000b7da (0x823f2523) mem 0x80010000 0x00000001
core   0: 0x8000b7de (0x0000bfe5) c.j     pc - 8
core   0: 3 0x8000b7de (0xbfe5)
core   0: 0x8000b7d6 (0x00005f17) auipc   t5, 0x5
core   0: 3 0x8000b7d6 (0x00005f17) x30 0x800107d6
core   0: 0x8000b7da (0x823f2523) sw      gp, -2006(t5)
core   0: 3 0x8000b7da (0x823f2523) mem 0x80010000 0x00000001
core   0: 0x8000b7de (0x0000bfe5) c.j     pc - 8
core   0: 3 0x8000b7de (0xbfe5)
core   0: 0x8000b7d6 (0x00005f17) auipc   t5, 0x5
core   0: 3 0x8000b7d6 (0x00005f17) x30 0x800107d6
core   0: 0x8000b7da (0x823f2523) sw      gp, -2006(t5)
core   0: 3 0x8000b7da (0x823f2523) mem 0x80010000 0x00000001
core   0: 0x8000b7de (0x0000bfe5) c.j     pc - 8
core   0: 3 0x8000b7de (0xbfe5)
core   0: 0x8000b7d6 (0x00005f17) auipc   t5, 0x5
core   0: 3 0x8000b7d6 (0x00005f17) x30 0x800107d6
core   0: 0x8000b7da (0x823f2523) sw      gp, -2006(t5)
core   0: 3 0x8000b7da (0x823f2523) mem 0x80010000 0x00000001
core   0: 0x8000b7de (0x0000bfe5) c.j     pc - 8
core   0: 3 0x8000b7de (0xbfe5)
core   0: 0x8000b7d6 (0x00005f17) auipc   t5, 0x5
core   0: 3 0x8000b7d6 (0x00005f17) x30 0x800107d6
core   0: 0x8000b7da (0x823f2523) sw      gp, -2006(t5)
core   0: 3 0x8000b7da (0x823f2523) mem 0x80010000 0x00000001
core   0: 0x8000b7de (0x0000bfe5) c.j     pc - 8
core   0: 3 0x8000b7de (0xbfe5)
core   0: 0x8000b7d6 (0x00005f17) auipc   t5, 0x5
core   0: 3 0x8000b7d6 (0x00005f17) x30 0x800107d6
core   0: 0x8000b7da (0x823f2523) sw      gp, -2006(t5)
core   0: 3 0x8000b7da (0x823f2523) mem 0x80010000 0x00000001
core   0: 0x8000b7de (0x0000bfe5) c.j     pc - 8
core   0: 3 0x8000b7de (0xbfe5)
core   0: 0x8000b7d6 (0x00005f17) auipc   t5, 0x5
core   0: 3 0x8000b7d6 (0x00005f17) x30 0x800107d6
core   0: 0x8000b7da (0x823f2523) sw      gp, -2006(t5)
core   0: 3 0x8000b7da (0x823f2523) mem 0x80010000 0x00000001
core   0: 0x8000b7de (0x0000bfe5) c.j     pc - 8
core   0: 3 0x8000b7de (0xbfe5)
core   0: 0x8000b7d6 (0x00005f17) auipc   t5, 0x5
core   0: 3 0x8000b7d6 (0x00005f17) x30 0x800107d6
core   0: 0x8000b7da (0x823f2523) sw      gp, -2006(t5)
core   0: 3 0x8000b7da (0x823f2523) mem 0x80010000 0x00000001
core   0: 0x8000b7de (0x0000bfe5) c.j     pc - 8
core   0: 3 0x8000b7de (0xbfe5)
core   0: 0x8000b7d6 (0x00005f17) auipc   t5, 0x5
core   0: 3 0x8000b7d6 (0x00005f17) x30 0x800107d6
core   0: 0x8000b7da (0x823f2523) sw      gp, -2006(t5)
core   0: 3 0x8000b7da (0x823f2523) mem 0x80010000 0x00000001
core   0: 0x8000b7de (0x0000bfe5) c.j     pc - 8
core   0: 3 0x8000b7de (0xbfe5)
core   0: 0x8000b7d6 (0x00005f17) auipc   t5, 0x5
core   0: 3 0x8000b7d6 (0x00005f17) x30 0x800107d6
core   0: 0x8000b7da (0x823f2523) sw      gp, -2006(t5)
core   0: 3 0x8000b7da (0x823f2523) mem 0x80010000 0x00000001
core   0: 0x8000b7de (0x0000bfe5) c.j     pc - 8
core   0: 3 0x8000b7de (0xbfe5)
core   0: 0x8000b7d6 (0x00005f17) auipc   t5, 0x5
core   0: 3 0x8000b7d6 (0x00005f17) x30 0x800107d6
core   0: 0x8000b7da (0x823f2523) sw      gp, -2006(t5)
core   0: 3 0x8000b7da (0x823f2523) mem 0x80010000 0x00000001
core   0: 0x8000b7de (0x0000bfe5) c.j     pc - 8
core   0: 3 0x8000b7de (0xbfe5)
core   0: 0x8000b7d6 (0x00005f17) auipc   t5, 0x5
core   0: 3 0x8000b7d6 (0x00005f17) x30 0x800107d6
core   0: 0x8000b7da (0x823f2523) sw      gp, -2006(t5)
core   0: 3 0x8000b7da (0x823f2523) mem 0x80010000 0x00000001
core   0: 0x8000b7de (0x0000bfe5) c.j     pc - 8
core   0: 3 0x8000b7de (0xbfe5)
core   0: 0x8000b7d6 (0x00005f17) auipc   t5, 0x5
core   0: 3 0x8000b7d6 (0x00005f17) x30 0x800107d6
core   0: 0x8000b7da (0x823f2523) sw      gp, -2006(t5)
core   0: 3 0x8000b7da (0x823f2523) mem 0x80010000 0x00000001
core   0: 0x8000b7de (0x0000bfe5) c.j     pc - 8
core   0: 3 0x8000b7de (0xbfe5)
core   0: 0x8000b7d6 (0x00005f17) auipc   t5, 0x5
core   0: 3 0x8000b7d6 (0x00005f17) x30 0x800107d6
core   0: 0x8000b7da (0x823f2523) sw      gp, -2006(t5)
core   0: 3 0x8000b7da (0x823f2523) mem 0x80010000 0x00000001
core   0: 0x8000b7de (0x0000bfe5) c.j     pc - 8
core   0: 3 0x8000b7de (0xbfe5)
core   0: 0x8000b7d6 (0x00005f17) auipc   t5, 0x5
core   0: 3 0x8000b7d6 (0x00005f17) x30 0x800107d6
core   0: 0x8000b7da (0x823f2523) sw      gp, -2006(t5)
core   0: 3 0x8000b7da (0x823f2523) mem 0x80010000 0x00000001
core   0: 0x8000b7de (0x0000bfe5) c.j     pc - 8
core   0: 3 0x8000b7de (0xbfe5)
core   0: 0x8000b7d6 (0x00005f17) auipc   t5, 0x5
core   0: 3 0x8000b7d6 (0x00005f17) x30 0x800107d6
core   0: 0x8000b7da (0x823f2523) sw      gp, -2006(t5)
core   0: 3 0x8000b7da (0x823f2523) mem 0x80010000 0x00000001
core   0: 0x8000b7de (0x0000bfe5) c.j     pc - 8
core   0: 3 0x8000b7de (0xbfe5)
core   0: 0x8000b7d6 (0x00005f17) auipc   t5, 0x5
core   0: 3 0x8000b7d6 (0x00005f17) x30 0x800107d6
core   0: 0x8000b7da (0x823f2523) sw      gp, -2006(t5)
core   0: 3 0x8000b7da (0x823f2523) mem 0x80010000 0x00000001
core   0: 0x8000b7de (0x0000bfe5) c.j     pc - 8
core   0: 3 0x8000b7de (0xbfe5)
core   0: 0x8000b7d6 (0x00005f17) auipc   t5, 0x5
core   0: 3 0x8000b7d6 (0x00005f17) x30 0x800107d6
core   0: 0x8000b7da (0x823f2523) sw      gp, -2006(t5)
core   0: 3 0x8000b7da (0x823f2523) mem 0x80010000 0x00000001
core   0: 0x8000b7de (0x0000bfe5) c.j     pc - 8
core   0: 3 0x8000b7de (0xbfe5)
core   0: 0x8000b7d6 (0x00005f17) auipc   t5, 0x5
core   0: 3 0x8000b7d6 (0x00005f17) x30 0x800107d6
core   0: 0x8000b7da (0x823f2523) sw      gp, -2006(t5)
core   0: 3 0x8000b7da (0x823f2523) mem 0x80010000 0x00000001
core   0: 0x8000b7de (0x0000bfe5) c.j     pc - 8
core   0: 3 0x8000b7de (0xbfe5)
core   0: 0x8000b7d6 (0x00005f17) auipc   t5, 0x5
core   0: 3 0x8000b7d6 (0x00005f17) x30 0x800107d6
core   0: 0x8000b7da (0x823f2523) sw      gp, -2006(t5)
core   0: 3 0x8000b7da (0x823f2523) mem 0x80010000 0x00000001
core   0: 0x8000b7de (0x0000bfe5) c.j     pc - 8
core   0: 3 0x8000b7de (0xbfe5)
core   0: 0x8000b7d6 (0x00005f17) auipc   t5, 0x5
core   0: 3 0x8000b7d6 (0x00005f17) x30 0x800107d6
core   0: 0x8000b7da (0x823f2523) sw      gp, -2006(t5)
core   0: 3 0x8000b7da (0x823f2523) mem 0x80010000 0x00000001
core   0: 0x8000b7de (0x0000bfe5) c.j     pc - 8
core   0: 3 0x8000b7de (0xbfe5)
core   0: 0x8000b7d6 (0x00005f17) auipc   t5, 0x5
core   0: 3 0x8000b7d6 (0x00005f17) x30 0x800107d6
core   0: 0x8000b7da (0x823f2523) sw      gp, -2006(t5)
core   0: 3 0x8000b7da (0x823f2523) mem 0x80010000 0x00000001
core   0: 0x8000b7de (0x0000bfe5) c.j     pc - 8
core   0: 3 0x8000b7de (0xbfe5)
core   0: 0x8000b7d6 (0x00005f17) auipc   t5, 0x5
core   0: 3 0x8000b7d6 (0x00005f17) x30 0x800107d6
core   0: 0x8000b7da (0x823f2523) sw      gp, -2006(t5)
core   0: 3 0x8000b7da (0x823f2523) mem 0x80010000 0x00000001
core   0: 0x8000b7de (0x0000bfe5) c.j     pc - 8
core   0: 3 0x8000b7de (0xbfe5)
core   0: 0x8000b7d6 (0x00005f17) auipc   t5, 0x5
core   0: 3 0x8000b7d6 (0x00005f17) x30 0x800107d6
core   0: 0x8000b7da (0x823f2523) sw      gp, -2006(t5)
core   0: 3 0x8000b7da (0x823f2523) mem 0x80010000 0x00000001
core   0: 0x8000b7de (0x0000bfe5) c.j     pc - 8
core   0: 3 0x8000b7de (0xbfe5)
core   0: 0x8000b7d6 (0x00005f17) auipc   t5, 0x5
core   0: 3 0x8000b7d6 (0x00005f17) x30 0x800107d6
core   0: 0x8000b7da (0x823f2523) sw      gp, -2006(t5)
core   0: 3 0x8000b7da (0x823f2523) mem 0x80010000 0x00000001
core   0: 0x8000b7de (0x0000bfe5) c.j     pc - 8
core   0: 3 0x8000b7de (0xbfe5)
core   0: 0x8000b7d6 (0x00005f17) auipc   t5, 0x5
core   0: 3 0x8000b7d6 (0x00005f17) x30 0x800107d6
core   0: 0x8000b7da (0x823f2523) sw      gp, -2006(t5)
core   0: 3 0x8000b7da (0x823f2523) mem 0x80010000 0x00000001
core   0: 0x8000b7de (0x0000bfe5) c.j     pc - 8
core   0: 3 0x8000b7de (0xbfe5)
core   0: 0x8000b7d6 (0x00005f17) auipc   t5, 0x5
core   0: 3 0x8000b7d6 (0x00005f17) x30 0x800107d6
core   0: 0x8000b7da (0x823f2523) sw      gp, -2006(t5)
core   0: 3 0x8000b7da (0x823f2523) mem 0x80010000 0x00000001
core   0: 0x8000b7de (0x0000bfe5) c.j     pc - 8
core   0: 3 0x8000b7de (0xbfe5)
core   0: 0x8000b7d6 (0x00005f17) auipc   t5, 0x5
core   0: 3 0x8000b7d6 (0x00005f17) x30 0x800107d6
core   0: 0x8000b7da (0x823f2523) sw      gp, -2006(t5)
core   0: 3 0x8000b7da (0x823f2523) mem 0x80010000 0x00000001
core   0: 0x8000b7de (0x0000bfe5) c.j     pc - 8
core   0: 3 0x8000b7de (0xbfe5)
core   0: 0x8000b7d6 (0x00005f17) auipc   t5, 0x5
core   0: 3 0x8000b7d6 (0x00005f17) x30 0x800107d6
core   0: 0x8000b7da (0x823f2523) sw      gp, -2006(t5)
core   0: 3 0x8000b7da (0x823f2523) mem 0x80010000 0x00000001
core   0: 0x8000b7de (0x0000bfe5) c.j     pc - 8
core   0: 3 0x8000b7de (0xbfe5)
core   0: 0x8000b7d6 (0x00005f17) auipc   t5, 0x5
core   0: 3 0x8000b7d6 (0x00005f17) x30 0x800107d6
core   0: 0x8000b7da (0x823f2523) sw      gp, -2006(t5)
core   0: 3 0x8000b7da (0x823f2523) mem 0x80010000 0x00000001
core   0: 0x8000b7de (0x0000bfe5) c.j     pc - 8
core   0: 3 0x8000b7de (0xbfe5)
core   0: 0x8000b7d6 (0x00005f17) auipc   t5, 0x5
core   0: 3 0x8000b7d6 (0x00005f17) x30 0x800107d6
core   0: 0x8000b7da (0x823f2523) sw      gp, -2006(t5)
core   0: 3 0x8000b7da (0x823f2523) mem 0x80010000 0x00000001
core   0: 0x8000b7de (0x0000bfe5) c.j     pc - 8
core   0: 3 0x8000b7de (0xbfe5)
core   0: 0x8000b7d6 (0x00005f17) auipc   t5, 0x5
core   0: 3 0x8000b7d6 (0x00005f17) x30 0x800107d6
core   0: 0x8000b7da (0x823f2523) sw      gp, -2006(t5)
core   0: 3 0x8000b7da (0x823f2523) mem 0x80010000 0x00000001
core   0: 0x8000b7de (0x0000bfe5) c.j     pc - 8
core   0: 3 0x8000b7de (0xbfe5)
core   0: 0x8000b7d6 (0x00005f17) auipc   t5, 0x5
core   0: 3 0x8000b7d6 (0x00005f17) x30 0x800107d6
core   0: 0x8000b7da (0x823f2523) sw      gp, -2006(t5)
core   0: 3 0x8000b7da (0x823f2523) mem 0x80010000 0x00000001
core   0: 0x8000b7de (0x0000bfe5) c.j     pc - 8
core   0: 3 0x8000b7de (0xbfe5)
core   0: 0x8000b7d6 (0x00005f17) auipc   t5, 0x5
core   0: 3 0x8000b7d6 (0x00005f17) x30 0x800107d6
core   0: 0x8000b7da (0x823f2523) sw      gp, -2006(t5)
core   0: 3 0x8000b7da (0x823f2523) mem 0x80010000 0x00000001
core   0: 0x8000b7de (0x0000bfe5) c.j     pc - 8
core   0: 3 0x8000b7de (0xbfe5)
core   0: 0x8000b7d6 (0x00005f17) auipc   t5, 0x5
core   0: 3 0x8000b7d6 (0x00005f17) x30 0x800107d6
core   0: 0x8000b7da (0x823f2523) sw      gp, -2006(t5)
core   0: 3 0x8000b7da (0x823f2523) mem 0x80010000 0x00000001
core   0: 0x8000b7de (0x0000bfe5) c.j     pc - 8
core   0: 3 0x8000b7de (0xbfe5)
core   0: 0x8000b7d6 (0x00005f17) auipc   t5, 0x5
core   0: 3 0x8000b7d6 (0x00005f17) x30 0x800107d6
core   0: 0x8000b7da (0x823f2523) sw      gp, -2006(t5)
core   0: 3 0x8000b7da (0x823f2523) mem 0x80010000 0x00000001
core   0: 0x8000b7de (0x0000bfe5) c.j     pc - 8
core   0: 3 0x8000b7de (0xbfe5)
core   0: 0x8000b7d6 (0x00005f17) auipc   t5, 0x5
core   0: 3 0x8000b7d6 (0x00005f17) x30 0x800107d6
core   0: 0x8000b7da (0x823f2523) sw      gp, -2006(t5)
core   0: 3 0x8000b7da (0x823f2523) mem 0x80010000 0x00000001
core   0: 0x8000b7de (0x0000bfe5) c.j     pc - 8
core   0: 3 0x8000b7de (0xbfe5)
core   0: 0x8000b7d6 (0x00005f17) auipc   t5, 0x5
core   0: 3 0x8000b7d6 (0x00005f17) x30 0x800107d6
core   0: 0x8000b7da (0x823f2523) sw      gp, -2006(t5)
core   0: 3 0x8000b7da (0x823f2523) mem 0x80010000 0x00000001
core   0: 0x8000b7de (0x0000bfe5) c.j     pc - 8
core   0: 3 0x8000b7de (0xbfe5)
core   0: 0x8000b7d6 (0x00005f17) auipc   t5, 0x5
core   0: 3 0x8000b7d6 (0x00005f17) x30 0x800107d6
core   0: 0x8000b7da (0x823f2523) sw      gp, -2006(t5)
core   0: 3 0x8000b7da (0x823f2523) mem 0x80010000 0x00000001
core   0: 0x8000b7de (0x0000bfe5) c.j     pc - 8
core   0: 3 0x8000b7de (0xbfe5)
core   0: 0x8000b7d6 (0x00005f17) auipc   t5, 0x5
core   0: 3 0x8000b7d6 (0x00005f17) x30 0x800107d6
core   0: 0x8000b7da (0x823f2523) sw      gp, -2006(t5)
core   0: 3 0x8000b7da (0x823f2523) mem 0x80010000 0x00000001
core   0: 0x8000b7de (0x0000bfe5) c.j     pc - 8
core   0: 3 0x8000b7de (0xbfe5)
core   0: 0x8000b7d6 (0x00005f17) auipc   t5, 0x5
core   0: 3 0x8000b7d6 (0x00005f17) x30 0x800107d6
core   0: 0x8000b7da (0x823f2523) sw      gp, -2006(t5)
core   0: 3 0x8000b7da (0x823f2523) mem 0x80010000 0x00000001
core   0: 0x8000b7de (0x0000bfe5) c.j     pc - 8
core   0: 3 0x8000b7de (0xbfe5)
core   0: 0x8000b7d6 (0x00005f17) auipc   t5, 0x5
core   0: 3 0x8000b7d6 (0x00005f17) x30 0x800107d6
core   0: 0x8000b7da (0x823f2523) sw      gp, -2006(t5)
core   0: 3 0x8000b7da (0x823f2523) mem 0x80010000 0x00000001
core   0: 0x8000b7de (0x0000bfe5) c.j     pc - 8
core   0: 3 0x8000b7de (0xbfe5)
core   0: 0x8000b7d6 (0x00005f17) auipc   t5, 0x5
core   0: 3 0x8000b7d6 (0x00005f17) x30 0x800107d6
core   0: 0x8000b7da (0x823f2523) sw      gp, -2006(t5)
core   0: 3 0x8000b7da (0x823f2523) mem 0x80010000 0x00000001
core   0: 0x8000b7de (0x0000bfe5) c.j     pc - 8
core   0: 3 0x8000b7de (0xbfe5)
core   0: 0x8000b7d6 (0x00005f17) auipc   t5, 0x5
core   0: 3 0x8000b7d6 (0x00005f17) x30 0x800107d6
core   0: 0x8000b7da (0x823f2523) sw      gp, -2006(t5)
core   0: 3 0x8000b7da (0x823f2523) mem 0x80010000 0x00000001
core   0: 0x8000b7de (0x0000bfe5) c.j     pc - 8
core   0: 3 0x8000b7de (0xbfe5)
core   0: 0x8000b7d6 (0x00005f17) auipc   t5, 0x5
core   0: 3 0x8000b7d6 (0x00005f17) x30 0x800107d6
core   0: 0x8000b7da (0x823f2523) sw      gp, -2006(t5)
core   0: 3 0x8000b7da (0x823f2523) mem 0x80010000 0x00000001
core   0: 0x8000b7de (0x0000bfe5) c.j     pc - 8
core   0: 3 0x8000b7de (0xbfe5)
core   0: 0x8000b7d6 (0x00005f17) auipc   t5, 0x5
core   0: 3 0x8000b7d6 (0x00005f17) x30 0x800107d6
core   0: 0x8000b7da (0x823f2523) sw      gp, -2006(t5)
core   0: 3 0x8000b7da (0x823f2523) mem 0x80010000 0x00000001
core   0: 0x8000b7de (0x0000bfe5) c.j     pc - 8
core   0: 3 0x8000b7de (0xbfe5)
core   0: 0x8000b7d6 (0x00005f17) auipc   t5, 0x5
core   0: 3 0x8000b7d6 (0x00005f17) x30 0x800107d6
core   0: 0x8000b7da (0x823f2523) sw      gp, -2006(t5)
core   0: 3 0x8000b7da (0x823f2523) mem 0x80010000 0x00000001
core   0: 0x8000b7de (0x0000bfe5) c.j     pc - 8
core   0: 3 0x8000b7de (0xbfe5)
core   0: 0x8000b7d6 (0x00005f17) auipc   t5, 0x5
core   0: 3 0x8000b7d6 (0x00005f17) x30 0x800107d6
core   0: 0x8000b7da (0x823f2523) sw      gp, -2006(t5)
core   0: 3 0x8000b7da (0x823f2523) mem 0x80010000 0x00000001
core   0: 0x8000b7de (0x0000bfe5) c.j     pc - 8
core   0: 3 0x8000b7de (0xbfe5)
core   0: 0x8000b7d6 (0x00005f17) auipc   t5, 0x5
core   0: 3 0x8000b7d6 (0x00005f17) x30 0x800107d6
core   0: 0x8000b7da (0x823f2523) sw      gp, -2006(t5)
core   0: 3 0x8000b7da (0x823f2523) mem 0x80010000 0x00000001
core   0: 0x8000b7de (0x0000bfe5) c.j     pc - 8
core   0: 3 0x8000b7de (0xbfe5)
core   0: 0x8000b7d6 (0x00005f17) auipc   t5, 0x5
core   0: 3 0x8000b7d6 (0x00005f17) x30 0x800107d6
core   0: 0x8000b7da (0x823f2523) sw      gp, -2006(t5)
core   0: 3 0x8000b7da (0x823f2523) mem 0x80010000 0x00000001
core   0: 0x8000b7de (0x0000bfe5) c.j     pc - 8
core   0: 3 0x8000b7de (0xbfe5)
core   0: 0x8000b7d6 (0x00005f17) auipc   t5, 0x5
core   0: 3 0x8000b7d6 (0x00005f17) x30 0x800107d6
core   0: 0x8000b7da (0x823f2523) sw      gp, -2006(t5)
core   0: 3 0x8000b7da (0x823f2523) mem 0x80010000 0x00000001
core   0: 0x8000b7de (0x0000bfe5) c.j     pc - 8
core   0: 3 0x8000b7de (0xbfe5)
core   0: 0x8000b7d6 (0x00005f17) auipc   t5, 0x5
core   0: 3 0x8000b7d6 (0x00005f17) x30 0x800107d6
core   0: 0x8000b7da (0x823f2523) sw      gp, -2006(t5)
core   0: 3 0x8000b7da (0x823f2523) mem 0x80010000 0x00000001
core   0: 0x8000b7de (0x0000bfe5) c.j     pc - 8
core   0: 3 0x8000b7de (0xbfe5)
core   0: 0x8000b7d6 (0x00005f17) auipc   t5, 0x5
core   0: 3 0x8000b7d6 (0x00005f17) x30 0x800107d6
core   0: 0x8000b7da (0x823f2523) sw      gp, -2006(t5)
core   0: 3 0x8000b7da (0x823f2523) mem 0x80010000 0x00000001
core   0: 0x8000b7de (0x0000bfe5) c.j     pc - 8
core   0: 3 0x8000b7de (0xbfe5)
core   0: 0x8000b7d6 (0x00005f17) auipc   t5, 0x5
core   0: 3 0x8000b7d6 (0x00005f17) x30 0x800107d6
core   0: 0x8000b7da (0x823f2523) sw      gp, -2006(t5)
core   0: 3 0x8000b7da (0x823f2523) mem 0x80010000 0x00000001
core   0: 0x8000b7de (0x0000bfe5) c.j     pc - 8
core   0: 3 0x8000b7de (0xbfe5)
core   0: 0x8000b7d6 (0x00005f17) auipc   t5, 0x5
core   0: 3 0x8000b7d6 (0x00005f17) x30 0x800107d6
core   0: 0x8000b7da (0x823f2523) sw      gp, -2006(t5)
core   0: 3 0x8000b7da (0x823f2523) mem 0x80010000 0x00000001
core   0: 0x8000b7de (0x0000bfe5) c.j     pc - 8
core   0: 3 0x8000b7de (0xbfe5)
core   0: 0x8000b7d6 (0x00005f17) auipc   t5, 0x5
core   0: 3 0x8000b7d6 (0x00005f17) x30 0x800107d6
core   0: 0x8000b7da (0x823f2523) sw      gp, -2006(t5)
core   0: 3 0x8000b7da (0x823f2523) mem 0x80010000 0x00000001
core   0: 0x8000b7de (0x0000bfe5) c.j     pc - 8
core   0: 3 0x8000b7de (0xbfe5)
core   0: 0x8000b7d6 (0x00005f17) auipc   t5, 0x5
core   0: 3 0x8000b7d6 (0x00005f17) x30 0x800107d6
core   0: 0x8000b7da (0x823f2523) sw      gp, -2006(t5)
core   0: 3 0x8000b7da (0x823f2523) mem 0x80010000 0x00000001
core   0: 0x8000b7de (0x0000bfe5) c.j     pc - 8
core   0: 3 0x8000b7de (0xbfe5)
core   0: 0x8000b7d6 (0x00005f17) auipc   t5, 0x5
core   0: 3 0x8000b7d6 (0x00005f17) x30 0x800107d6
core   0: 0x8000b7da (0x823f2523) sw      gp, -2006(t5)
core   0: 3 0x8000b7da (0x823f2523) mem 0x80010000 0x00000001
core   0: 0x8000b7de (0x0000bfe5) c.j     pc - 8
core   0: 3 0x8000b7de (0xbfe5)
core   0: 0x8000b7d6 (0x00005f17) auipc   t5, 0x5
core   0: 3 0x8000b7d6 (0x00005f17) x30 0x800107d6
core   0: 0x8000b7da (0x823f2523) sw      gp, -2006(t5)
core   0: 3 0x8000b7da (0x823f2523) mem 0x80010000 0x00000001
core   0: 0x8000b7de (0x0000bfe5) c.j     pc - 8
core   0: 3 0x8000b7de (0xbfe5)
core   0: 0x8000b7d6 (0x00005f17) auipc   t5, 0x5
core   0: 3 0x8000b7d6 (0x00005f17) x30 0x800107d6
core   0: 0x8000b7da (0x823f2523) sw      gp, -2006(t5)
core   0: 3 0x8000b7da (0x823f2523) mem 0x80010000 0x00000001
core   0: 0x8000b7de (0x0000bfe5) c.j     pc - 8
core   0: 3 0x8000b7de (0xbfe5)
core   0: 0x8000b7d6 (0x00005f17) auipc   t5, 0x5
core   0: 3 0x8000b7d6 (0x00005f17) x30 0x800107d6
core   0: 0x8000b7da (0x823f2523) sw      gp, -2006(t5)
core   0: 3 0x8000b7da (0x823f2523) mem 0x80010000 0x00000001
core   0: 0x8000b7de (0x0000bfe5) c.j     pc - 8
core   0: 3 0x8000b7de (0xbfe5)
core   0: 0x8000b7d6 (0x00005f17) auipc   t5, 0x5
core   0: 3 0x8000b7d6 (0x00005f17) x30 0x800107d6
core   0: 0x8000b7da (0x823f2523) sw      gp, -2006(t5)
core   0: 3 0x8000b7da (0x823f2523) mem 0x80010000 0x00000001
core   0: 0x8000b7de (0x0000bfe5) c.j     pc - 8
core   0: 3 0x8000b7de (0xbfe5)
core   0: 0x8000b7d6 (0x00005f17) auipc   t5, 0x5
core   0: 3 0x8000b7d6 (0x00005f17) x30 0x800107d6
core   0: 0x8000b7da (0x823f2523) sw      gp, -2006(t5)
core   0: 3 0x8000b7da (0x823f2523) mem 0x80010000 0x00000001
core   0: 0x8000b7de (0x0000bfe5) c.j     pc - 8
core   0: 3 0x8000b7de (0xbfe5)
core   0: 0x8000b7d6 (0x00005f17) auipc   t5, 0x5
core   0: 3 0x8000b7d6 (0x00005f17) x30 0x800107d6
core   0: 0x8000b7da (0x823f2523) sw      gp, -2006(t5)
core   0: 3 0x8000b7da (0x823f2523) mem 0x80010000 0x00000001
core   0: 0x8000b7de (0x0000bfe5) c.j     pc - 8
core   0: 3 0x8000b7de (0xbfe5)
core   0: 0x8000b7d6 (0x00005f17) auipc   t5, 0x5
core   0: 3 0x8000b7d6 (0x00005f17) x30 0x800107d6
core   0: 0x8000b7da (0x823f2523) sw      gp, -2006(t5)
core   0: 3 0x8000b7da (0x823f2523) mem 0x80010000 0x00000001
core   0: 0x8000b7de (0x0000bfe5) c.j     pc - 8
core   0: 3 0x8000b7de (0xbfe5)
core   0: 0x8000b7d6 (0x00005f17) auipc   t5, 0x5
core   0: 3 0x8000b7d6 (0x00005f17) x30 0x800107d6
core   0: 0x8000b7da (0x823f2523) sw      gp, -2006(t5)
core   0: 3 0x8000b7da (0x823f2523) mem 0x80010000 0x00000001
core   0: 0x8000b7de (0x0000bfe5) c.j     pc - 8
core   0: 3 0x8000b7de (0xbfe5)
core   0: 0x8000b7d6 (0x00005f17) auipc   t5, 0x5
core   0: 3 0x8000b7d6 (0x00005f17) x30 0x800107d6
core   0: 0x8000b7da (0x823f2523) sw      gp, -2006(t5)
core   0: 3 0x8000b7da (0x823f2523) mem 0x80010000 0x00000001
core   0: 0x8000b7de (0x0000bfe5) c.j     pc - 8
core   0: 3 0x8000b7de (0xbfe5)
core   0: 0x8000b7d6 (0x00005f17) auipc   t5, 0x5
core   0: 3 0x8000b7d6 (0x00005f17) x30 0x800107d6
core   0: 0x8000b7da (0x823f2523) sw      gp, -2006(t5)
core   0: 3 0x8000b7da (0x823f2523) mem 0x80010000 0x00000001
core   0: 0x8000b7de (0x0000bfe5) c.j     pc - 8
core   0: 3 0x8000b7de (0xbfe5)
core   0: 0x8000b7d6 (0x00005f17) auipc   t5, 0x5
core   0: 3 0x8000b7d6 (0x00005f17) x30 0x800107d6
core   0: 0x8000b7da (0x823f2523) sw      gp, -2006(t5)
core   0: 3 0x8000b7da (0x823f2523) mem 0x80010000 0x00000001
core   0: 0x8000b7de (0x0000bfe5) c.j     pc - 8
core   0: 3 0x8000b7de (0xbfe5)
core   0: 0x8000b7d6 (0x00005f17) auipc   t5, 0x5
core   0: 3 0x8000b7d6 (0x00005f17) x30 0x800107d6
core   0: 0x8000b7da (0x823f2523) sw      gp, -2006(t5)
core   0: 3 0x8000b7da (0x823f2523) mem 0x80010000 0x00000001
core   0: 0x8000b7de (0x0000bfe5) c.j     pc - 8
core   0: 3 0x8000b7de (0xbfe5)
core   0: 0x8000b7d6 (0x00005f17) auipc   t5, 0x5
core   0: 3 0x8000b7d6 (0x00005f17) x30 0x800107d6
core   0: 0x8000b7da (0x823f2523) sw      gp, -2006(t5)
core   0: 3 0x8000b7da (0x823f2523) mem 0x80010000 0x00000001
core   0: 0x8000b7de (0x0000bfe5) c.j     pc - 8
core   0: 3 0x8000b7de (0xbfe5)
core   0: 0x8000b7d6 (0x00005f17) auipc   t5, 0x5
core   0: 3 0x8000b7d6 (0x00005f17) x30 0x800107d6
core   0: 0x8000b7da (0x823f2523) sw      gp, -2006(t5)
core   0: 3 0x8000b7da (0x823f2523) mem 0x80010000 0x00000001
core   0: 0x8000b7de (0x0000bfe5) c.j     pc - 8
core   0: 3 0x8000b7de (0xbfe5)
core   0: 0x8000b7d6 (0x00005f17) auipc   t5, 0x5
core   0: 3 0x8000b7d6 (0x00005f17) x30 0x800107d6
core   0: 0x8000b7da (0x823f2523) sw      gp, -2006(t5)
core   0: 3 0x8000b7da (0x823f2523) mem 0x80010000 0x00000001
core   0: 0x8000b7de (0x0000bfe5) c.j     pc - 8
core   0: 3 0x8000b7de (0xbfe5)
core   0: 0x8000b7d6 (0x00005f17) auipc   t5, 0x5
core   0: 3 0x8000b7d6 (0x00005f17) x30 0x800107d6
core   0: 0x8000b7da (0x823f2523) sw      gp, -2006(t5)
core   0: 3 0x8000b7da (0x823f2523) mem 0x80010000 0x00000001
core   0: 0x8000b7de (0x0000bfe5) c.j     pc - 8
core   0: 3 0x8000b7de (0xbfe5)
core   0: 0x8000b7d6 (0x00005f17) auipc   t5, 0x5
core   0: 3 0x8000b7d6 (0x00005f17) x30 0x800107d6
core   0: 0x8000b7da (0x823f2523) sw      gp, -2006(t5)
core   0: 3 0x8000b7da (0x823f2523) mem 0x80010000 0x00000001
core   0: 0x8000b7de (0x0000bfe5) c.j     pc - 8
core   0: 3 0x8000b7de (0xbfe5)
core   0: 0x8000b7d6 (0x00005f17) auipc   t5, 0x5
core   0: 3 0x8000b7d6 (0x00005f17) x30 0x800107d6
core   0: 0x8000b7da (0x823f2523) sw      gp, -2006(t5)
core   0: 3 0x8000b7da (0x823f2523) mem 0x80010000 0x00000001
core   0: 0x8000b7de (0x0000bfe5) c.j     pc - 8
core   0: 3 0x8000b7de (0xbfe5)
core   0: 0x8000b7d6 (0x00005f17) auipc   t5, 0x5
core   0: 3 0x8000b7d6 (0x00005f17) x30 0x800107d6
core   0: 0x8000b7da (0x823f2523) sw      gp, -2006(t5)
core   0: 3 0x8000b7da (0x823f2523) mem 0x80010000 0x00000001
core   0: 0x8000b7de (0x0000bfe5) c.j     pc - 8
core   0: 3 0x8000b7de (0xbfe5)
core   0: 0x8000b7d6 (0x00005f17) auipc   t5, 0x5
core   0: 3 0x8000b7d6 (0x00005f17) x30 0x800107d6
core   0: 0x8000b7da (0x823f2523) sw      gp, -2006(t5)
core   0: 3 0x8000b7da (0x823f2523) mem 0x80010000 0x00000001
core   0: 0x8000b7de (0x0000bfe5) c.j     pc - 8
core   0: 3 0x8000b7de (0xbfe5)
core   0: 0x8000b7d6 (0x00005f17) auipc   t5, 0x5
core   0: 3 0x8000b7d6 (0x00005f17) x30 0x800107d6
core   0: 0x8000b7da (0x823f2523) sw      gp, -2006(t5)
core   0: 3 0x8000b7da (0x823f2523) mem 0x80010000 0x00000001
core   0: 0x8000b7de (0x0000bfe5) c.j     pc - 8
core   0: 3 0x8000b7de (0xbfe5)
core   0: 0x8000b7d6 (0x00005f17) auipc   t5, 0x5
core   0: 3 0x8000b7d6 (0x00005f17) x30 0x800107d6
core   0: 0x8000b7da (0x823f2523) sw      gp, -2006(t5)
core   0: 3 0x8000b7da (0x823f2523) mem 0x80010000 0x00000001
core   0: 0x8000b7de (0x0000bfe5) c.j     pc - 8
core   0: 3 0x8000b7de (0xbfe5)
core   0: 0x8000b7d6 (0x00005f17) auipc   t5, 0x5
core   0: 3 0x8000b7d6 (0x00005f17) x30 0x800107d6
core   0: 0x8000b7da (0x823f2523) sw      gp, -2006(t5)
core   0: 3 0x8000b7da (0x823f2523) mem 0x80010000 0x00000001
core   0: 0x8000b7de (0x0000bfe5) c.j     pc - 8
core   0: 3 0x8000b7de (0xbfe5)
core   0: 0x8000b7d6 (0x00005f17) auipc   t5, 0x5
core   0: 3 0x8000b7d6 (0x00005f17) x30 0x800107d6
core   0: 0x8000b7da (0x823f2523) sw      gp, -2006(t5)
core   0: 3 0x8000b7da (0x823f2523) mem 0x80010000 0x00000001
core   0: 0x8000b7de (0x0000bfe5) c.j     pc - 8
core   0: 3 0x8000b7de (0xbfe5)
core   0: 0x8000b7d6 (0x00005f17) auipc   t5, 0x5
core   0: 3 0x8000b7d6 (0x00005f17) x30 0x800107d6
core   0: 0x8000b7da (0x823f2523) sw      gp, -2006(t5)
core   0: 3 0x8000b7da (0x823f2523) mem 0x80010000 0x00000001
core   0: 0x8000b7de (0x0000bfe5) c.j     pc - 8
core   0: 3 0x8000b7de (0xbfe5)
core   0: 0x8000b7d6 (0x00005f17) auipc   t5, 0x5
core   0: 3 0x8000b7d6 (0x00005f17) x30 0x800107d6
core   0: 0x8000b7da (0x823f2523) sw      gp, -2006(t5)
core   0: 3 0x8000b7da (0x823f2523) mem 0x80010000 0x00000001
core   0: 0x8000b7de (0x0000bfe5) c.j     pc - 8
core   0: 3 0x8000b7de (0xbfe5)
core   0: 0x8000b7d6 (0x00005f17) auipc   t5, 0x5
core   0: 3 0x8000b7d6 (0x00005f17) x30 0x800107d6
core   0: 0x8000b7da (0x823f2523) sw      gp, -2006(t5)
core   0: 3 0x8000b7da (0x823f2523) mem 0x80010000 0x00000001
core   0: 0x8000b7de (0x0000bfe5) c.j     pc - 8
core   0: 3 0x8000b7de (0xbfe5)
core   0: 0x8000b7d6 (0x00005f17) auipc   t5, 0x5
core   0: 3 0x8000b7d6 (0x00005f17) x30 0x800107d6
core   0: 0x8000b7da (0x823f2523) sw      gp, -2006(t5)
core   0: 3 0x8000b7da (0x823f2523) mem 0x80010000 0x00000001
core   0: 0x8000b7de (0x0000bfe5) c.j     pc - 8
core   0: 3 0x8000b7de (0xbfe5)
core   0: 0x8000b7d6 (0x00005f17) auipc   t5, 0x5
core   0: 3 0x8000b7d6 (0x00005f17) x30 0x800107d6
core   0: 0x8000b7da (0x823f2523) sw      gp, -2006(t5)
core   0: 3 0x8000b7da (0x823f2523) mem 0x80010000 0x00000001
core   0: 0x8000b7de (0x0000bfe5) c.j     pc - 8
core   0: 3 0x8000b7de (0xbfe5)
core   0: 0x8000b7d6 (0x00005f17) auipc   t5, 0x5
core   0: 3 0x8000b7d6 (0x00005f17) x30 0x800107d6
core   0: 0x8000b7da (0x823f2523) sw      gp, -2006(t5)
core   0: 3 0x8000b7da (0x823f2523) mem 0x80010000 0x00000001
core   0: 0x8000b7de (0x0000bfe5) c.j     pc - 8
core   0: 3 0x8000b7de (0xbfe5)
core   0: 0x8000b7d6 (0x00005f17) auipc   t5, 0x5
core   0: 3 0x8000b7d6 (0x00005f17) x30 0x800107d6
core   0: 0x8000b7da (0x823f2523) sw      gp, -2006(t5)
core   0: 3 0x8000b7da (0x823f2523) mem 0x80010000 0x00000001
core   0: 0x8000b7de (0x0000bfe5) c.j     pc - 8
core   0: 3 0x8000b7de (0xbfe5)
core   0: 0x8000b7d6 (0x00005f17) auipc   t5, 0x5
core   0: 3 0x8000b7d6 (0x00005f17) x30 0x800107d6
core   0: 0x8000b7da (0x823f2523) sw      gp, -2006(t5)
core   0: 3 0x8000b7da (0x823f2523) mem 0x80010000 0x00000001
core   0: 0x8000b7de (0x0000bfe5) c.j     pc - 8
core   0: 3 0x8000b7de (0xbfe5)
core   0: 0x8000b7d6 (0x00005f17) auipc   t5, 0x5
core   0: 3 0x8000b7d6 (0x00005f17) x30 0x800107d6
core   0: 0x8000b7da (0x823f2523) sw      gp, -2006(t5)
core   0: 3 0x8000b7da (0x823f2523) mem 0x80010000 0x00000001
core   0: 0x8000b7de (0x0000bfe5) c.j     pc - 8
core   0: 3 0x8000b7de (0xbfe5)
core   0: 0x8000b7d6 (0x00005f17) auipc   t5, 0x5
core   0: 3 0x8000b7d6 (0x00005f17) x30 0x800107d6
core   0: 0x8000b7da (0x823f2523) sw      gp, -2006(t5)
core   0: 3 0x8000b7da (0x823f2523) mem 0x80010000 0x00000001
core   0: 0x8000b7de (0x0000bfe5) c.j     pc - 8
core   0: 3 0x8000b7de (0xbfe5)
core   0: 0x8000b7d6 (0x00005f17) auipc   t5, 0x5
core   0: 3 0x8000b7d6 (0x00005f17) x30 0x800107d6
core   0: 0x8000b7da (0x823f2523) sw      gp, -2006(t5)
core   0: 3 0x8000b7da (0x823f2523) mem 0x80010000 0x00000001
core   0: 0x8000b7de (0x0000bfe5) c.j     pc - 8
core   0: 3 0x8000b7de (0xbfe5)
core   0: 0x8000b7d6 (0x00005f17) auipc   t5, 0x5
core   0: 3 0x8000b7d6 (0x00005f17) x30 0x800107d6
core   0: 0x8000b7da (0x823f2523) sw      gp, -2006(t5)
core   0: 3 0x8000b7da (0x823f2523) mem 0x80010000 0x00000001
core   0: 0x8000b7de (0x0000bfe5) c.j     pc - 8
core   0: 3 0x8000b7de (0xbfe5)
core   0: 0x8000b7d6 (0x00005f17) auipc   t5, 0x5
core   0: 3 0x8000b7d6 (0x00005f17) x30 0x800107d6
core   0: 0x8000b7da (0x823f2523) sw      gp, -2006(t5)
core   0: 3 0x8000b7da (0x823f2523) mem 0x80010000 0x00000001
core   0: 0x8000b7de (0x0000bfe5) c.j     pc - 8
core   0: 3 0x8000b7de (0xbfe5)
core   0: 0x8000b7d6 (0x00005f17) auipc   t5, 0x5
core   0: 3 0x8000b7d6 (0x00005f17) x30 0x800107d6
core   0: 0x8000b7da (0x823f2523) sw      gp, -2006(t5)
core   0: 3 0x8000b7da (0x823f2523) mem 0x80010000 0x00000001
core   0: 0x8000b7de (0x0000bfe5) c.j     pc - 8
core   0: 3 0x8000b7de (0xbfe5)
core   0: 0x8000b7d6 (0x00005f17) auipc   t5, 0x5
core   0: 3 0x8000b7d6 (0x00005f17) x30 0x800107d6
core   0: 0x8000b7da (0x823f2523) sw      gp, -2006(t5)
core   0: 3 0x8000b7da (0x823f2523) mem 0x80010000 0x00000001
core   0: 0x8000b7de (0x0000bfe5) c.j     pc - 8
core   0: 3 0x8000b7de (0xbfe5)
core   0: 0x8000b7d6 (0x00005f17) auipc   t5, 0x5
core   0: 3 0x8000b7d6 (0x00005f17) x30 0x800107d6
core   0: 0x8000b7da (0x823f2523) sw      gp, -2006(t5)
core   0: 3 0x8000b7da (0x823f2523) mem 0x80010000 0x00000001
core   0: 0x8000b7de (0x0000bfe5) c.j     pc - 8
core   0: 3 0x8000b7de (0xbfe5)
core   0: 0x8000b7d6 (0x00005f17) auipc   t5, 0x5
core   0: 3 0x8000b7d6 (0x00005f17) x30 0x800107d6
core   0: 0x8000b7da (0x823f2523) sw      gp, -2006(t5)
core   0: 3 0x8000b7da (0x823f2523) mem 0x80010000 0x00000001
core   0: 0x8000b7de (0x0000bfe5) c.j     pc - 8
core   0: 3 0x8000b7de (0xbfe5)
core   0: 0x8000b7d6 (0x00005f17) auipc   t5, 0x5
core   0: 3 0x8000b7d6 (0x00005f17) x30 0x800107d6
core   0: 0x8000b7da (0x823f2523) sw      gp, -2006(t5)
core   0: 3 0x8000b7da (0x823f2523) mem 0x80010000 0x00000001
core   0: 0x8000b7de (0x0000bfe5) c.j     pc - 8
core   0: 3 0x8000b7de (0xbfe5)
core   0: 0x8000b7d6 (0x00005f17) auipc   t5, 0x5
core   0: 3 0x8000b7d6 (0x00005f17) x30 0x800107d6
core   0: 0x8000b7da (0x823f2523) sw      gp, -2006(t5)
core   0: 3 0x8000b7da (0x823f2523) mem 0x80010000 0x00000001
core   0: 0x8000b7de (0x0000bfe5) c.j     pc - 8
core   0: 3 0x8000b7de (0xbfe5)
core   0: 0x8000b7d6 (0x00005f17) auipc   t5, 0x5
core   0: 3 0x8000b7d6 (0x00005f17) x30 0x800107d6
core   0: 0x8000b7da (0x823f2523) sw      gp, -2006(t5)
core   0: 3 0x8000b7da (0x823f2523) mem 0x80010000 0x00000001
core   0: 0x8000b7de (0x0000bfe5) c.j     pc - 8
core   0: 3 0x8000b7de (0xbfe5)
core   0: 0x8000b7d6 (0x00005f17) auipc   t5, 0x5
core   0: 3 0x8000b7d6 (0x00005f17) x30 0x800107d6
core   0: 0x8000b7da (0x823f2523) sw      gp, -2006(t5)
core   0: 3 0x8000b7da (0x823f2523) mem 0x80010000 0x00000001
core   0: 0x8000b7de (0x0000bfe5) c.j     pc - 8
core   0: 3 0x8000b7de (0xbfe5)
core   0: 0x8000b7d6 (0x00005f17) auipc   t5, 0x5
core   0: 3 0x8000b7d6 (0x00005f17) x30 0x800107d6
core   0: 0x8000b7da (0x823f2523) sw      gp, -2006(t5)
core   0: 3 0x8000b7da (0x823f2523) mem 0x80010000 0x00000001
core   0: 0x8000b7de (0x0000bfe5) c.j     pc - 8
core   0: 3 0x8000b7de (0xbfe5)
core   0: 0x8000b7d6 (0x00005f17) auipc   t5, 0x5
core   0: 3 0x8000b7d6 (0x00005f17) x30 0x800107d6
core   0: 0x8000b7da (0x823f2523) sw      gp, -2006(t5)
core   0: 3 0x8000b7da (0x823f2523) mem 0x80010000 0x00000001
core   0: 0x8000b7de (0x0000bfe5) c.j     pc - 8
core   0: 3 0x8000b7de (0xbfe5)
core   0: 0x8000b7d6 (0x00005f17) auipc   t5, 0x5
core   0: 3 0x8000b7d6 (0x00005f17) x30 0x800107d6
core   0: 0x8000b7da (0x823f2523) sw      gp, -2006(t5)
core   0: 3 0x8000b7da (0x823f2523) mem 0x80010000 0x00000001
core   0: 0x8000b7de (0x0000bfe5) c.j     pc - 8
core   0: 3 0x8000b7de (0xbfe5)
core   0: 0x8000b7d6 (0x00005f17) auipc   t5, 0x5
core   0: 3 0x8000b7d6 (0x00005f17) x30 0x800107d6
core   0: 0x8000b7da (0x823f2523) sw      gp, -2006(t5)
core   0: 3 0x8000b7da (0x823f2523) mem 0x80010000 0x00000001
core   0: 0x8000b7de (0x0000bfe5) c.j     pc - 8
core   0: 3 0x8000b7de (0xbfe5)
core   0: 0x8000b7d6 (0x00005f17) auipc   t5, 0x5
core   0: 3 0x8000b7d6 (0x00005f17) x30 0x800107d6
core   0: 0x8000b7da (0x823f2523) sw      gp, -2006(t5)
core   0: 3 0x8000b7da (0x823f2523) mem 0x80010000 0x00000001
core   0: 0x8000b7de (0x0000bfe5) c.j     pc - 8
core   0: 3 0x8000b7de (0xbfe5)
core   0: 0x8000b7d6 (0x00005f17) auipc   t5, 0x5
core   0: 3 0x8000b7d6 (0x00005f17) x30 0x800107d6
core   0: 0x8000b7da (0x823f2523) sw      gp, -2006(t5)
core   0: 3 0x8000b7da (0x823f2523) mem 0x80010000 0x00000001
core   0: 0x8000b7de (0x0000bfe5) c.j     pc - 8
core   0: 3 0x8000b7de (0xbfe5)
core   0: 0x8000b7d6 (0x00005f17) auipc   t5, 0x5
core   0: 3 0x8000b7d6 (0x00005f17) x30 0x800107d6
core   0: 0x8000b7da (0x823f2523) sw      gp, -2006(t5)
core   0: 3 0x8000b7da (0x823f2523) mem 0x80010000 0x00000001
core   0: 0x8000b7de (0x0000bfe5) c.j     pc - 8
core   0: 3 0x8000b7de (0xbfe5)
core   0: 0x8000b7d6 (0x00005f17) auipc   t5, 0x5
core   0: 3 0x8000b7d6 (0x00005f17) x30 0x800107d6
core   0: 0x8000b7da (0x823f2523) sw      gp, -2006(t5)
core   0: 3 0x8000b7da (0x823f2523) mem 0x80010000 0x00000001
core   0: 0x8000b7de (0x0000bfe5) c.j     pc - 8
core   0: 3 0x8000b7de (0xbfe5)
core   0: 0x8000b7d6 (0x00005f17) auipc   t5, 0x5
core   0: 3 0x8000b7d6 (0x00005f17) x30 0x800107d6
core   0: 0x8000b7da (0x823f2523) sw      gp, -2006(t5)
core   0: 3 0x8000b7da (0x823f2523) mem 0x80010000 0x00000001
core   0: 0x8000b7de (0x0000bfe5) c.j     pc - 8
core   0: 3 0x8000b7de (0xbfe5)
core   0: 0x8000b7d6 (0x00005f17) auipc   t5, 0x5
core   0: 3 0x8000b7d6 (0x00005f17) x30 0x800107d6
core   0: 0x8000b7da (0x823f2523) sw      gp, -2006(t5)
core   0: 3 0x8000b7da (0x823f2523) mem 0x80010000 0x00000001
core   0: 0x8000b7de (0x0000bfe5) c.j     pc - 8
core   0: 3 0x8000b7de (0xbfe5)
core   0: 0x8000b7d6 (0x00005f17) auipc   t5, 0x5
core   0: 3 0x8000b7d6 (0x00005f17) x30 0x800107d6
core   0: 0x8000b7da (0x823f2523) sw      gp, -2006(t5)
core   0: 3 0x8000b7da (0x823f2523) mem 0x80010000 0x00000001
core   0: 0x8000b7de (0x0000bfe5) c.j     pc - 8
core   0: 3 0x8000b7de (0xbfe5)
core   0: 0x8000b7d6 (0x00005f17) auipc   t5, 0x5
core   0: 3 0x8000b7d6 (0x00005f17) x30 0x800107d6
core   0: 0x8000b7da (0x823f2523) sw      gp, -2006(t5)
core   0: 3 0x8000b7da (0x823f2523) mem 0x80010000 0x00000001
core   0: 0x8000b7de (0x0000bfe5) c.j     pc - 8
core   0: 3 0x8000b7de (0xbfe5)
core   0: 0x8000b7d6 (0x00005f17) auipc   t5, 0x5
core   0: 3 0x8000b7d6 (0x00005f17) x30 0x800107d6
core   0: 0x8000b7da (0x823f2523) sw      gp, -2006(t5)
core   0: 3 0x8000b7da (0x823f2523) mem 0x80010000 0x00000001
core   0: 0x8000b7de (0x0000bfe5) c.j     pc - 8
core   0: 3 0x8000b7de (0xbfe5)
core   0: 0x8000b7d6 (0x00005f17) auipc   t5, 0x5
core   0: 3 0x8000b7d6 (0x00005f17) x30 0x800107d6
core   0: 0x8000b7da (0x823f2523) sw      gp, -2006(t5)
core   0: 3 0x8000b7da (0x823f2523) mem 0x80010000 0x00000001
core   0: 0x8000b7de (0x0000bfe5) c.j     pc - 8
core   0: 3 0x8000b7de (0xbfe5)
core   0: 0x8000b7d6 (0x00005f17) auipc   t5, 0x5
core   0: 3 0x8000b7d6 (0x00005f17) x30 0x800107d6
core   0: 0x8000b7da (0x823f2523) sw      gp, -2006(t5)
core   0: 3 0x8000b7da (0x823f2523) mem 0x80010000 0x00000001
core   0: 0x8000b7de (0x0000bfe5) c.j     pc - 8
core   0: 3 0x8000b7de (0xbfe5)
core   0: 0x8000b7d6 (0x00005f17) auipc   t5, 0x5
core   0: 3 0x8000b7d6 (0x00005f17) x30 0x800107d6
core   0: 0x8000b7da (0x823f2523) sw      gp, -2006(t5)
core   0: 3 0x8000b7da (0x823f2523) mem 0x80010000 0x00000001
core   0: 0x8000b7de (0x0000bfe5) c.j     pc - 8
core   0: 3 0x8000b7de (0xbfe5)
core   0: 0x8000b7d6 (0x00005f17) auipc   t5, 0x5
core   0: 3 0x8000b7d6 (0x00005f17) x30 0x800107d6
core   0: 0x8000b7da (0x823f2523) sw      gp, -2006(t5)
core   0: 3 0x8000b7da (0x823f2523) mem 0x80010000 0x00000001
core   0: 0x8000b7de (0x0000bfe5) c.j     pc - 8
core   0: 3 0x8000b7de (0xbfe5)
core   0: 0x8000b7d6 (0x00005f17) auipc   t5, 0x5
core   0: 3 0x8000b7d6 (0x00005f17) x30 0x800107d6
core   0: 0x8000b7da (0x823f2523) sw      gp, -2006(t5)
core   0: 3 0x8000b7da (0x823f2523) mem 0x80010000 0x00000001
core   0: 0x8000b7de (0x0000bfe5) c.j     pc - 8
core   0: 3 0x8000b7de (0xbfe5)
core   0: 0x8000b7d6 (0x00005f17) auipc   t5, 0x5
core   0: 3 0x8000b7d6 (0x00005f17) x30 0x800107d6
core   0: 0x8000b7da (0x823f2523) sw      gp, -2006(t5)
core   0: 3 0x8000b7da (0x823f2523) mem 0x80010000 0x00000001
core   0: 0x8000b7de (0x0000bfe5) c.j     pc - 8
core   0: 3 0x8000b7de (0xbfe5)
core   0: 0x8000b7d6 (0x00005f17) auipc   t5, 0x5
core   0: 3 0x8000b7d6 (0x00005f17) x30 0x800107d6
core   0: 0x8000b7da (0x823f2523) sw      gp, -2006(t5)
core   0: 3 0x8000b7da (0x823f2523) mem 0x80010000 0x00000001
core   0: 0x8000b7de (0x0000bfe5) c.j     pc - 8
core   0: 3 0x8000b7de (0xbfe5)
core   0: 0x8000b7d6 (0x00005f17) auipc   t5, 0x5
core   0: 3 0x8000b7d6 (0x00005f17) x30 0x800107d6
core   0: 0x8000b7da (0x823f2523) sw      gp, -2006(t5)
core   0: 3 0x8000b7da (0x823f2523) mem 0x80010000 0x00000001
core   0: 0x8000b7de (0x0000bfe5) c.j     pc - 8
core   0: 3 0x8000b7de (0xbfe5)
core   0: 0x8000b7d6 (0x00005f17) auipc   t5, 0x5
core   0: 3 0x8000b7d6 (0x00005f17) x30 0x800107d6
core   0: 0x8000b7da (0x823f2523) sw      gp, -2006(t5)
core   0: 3 0x8000b7da (0x823f2523) mem 0x80010000 0x00000001
core   0: 0x8000b7de (0x0000bfe5) c.j     pc - 8
core   0: 3 0x8000b7de (0xbfe5)
core   0: 0x8000b7d6 (0x00005f17) auipc   t5, 0x5
core   0: 3 0x8000b7d6 (0x00005f17) x30 0x800107d6
core   0: 0x8000b7da (0x823f2523) sw      gp, -2006(t5)
core   0: 3 0x8000b7da (0x823f2523) mem 0x80010000 0x00000001
core   0: 0x8000b7de (0x0000bfe5) c.j     pc - 8
core   0: 3 0x8000b7de (0xbfe5)
core   0: 0x8000b7d6 (0x00005f17) auipc   t5, 0x5
core   0: 3 0x8000b7d6 (0x00005f17) x30 0x800107d6
core   0: 0x8000b7da (0x823f2523) sw      gp, -2006(t5)
core   0: 3 0x8000b7da (0x823f2523) mem 0x80010000 0x00000001
core   0: 0x8000b7de (0x0000bfe5) c.j     pc - 8
core   0: 3 0x8000b7de (0xbfe5)
core   0: 0x8000b7d6 (0x00005f17) auipc   t5, 0x5
core   0: 3 0x8000b7d6 (0x00005f17) x30 0x800107d6
core   0: 0x8000b7da (0x823f2523) sw      gp, -2006(t5)
core   0: 3 0x8000b7da (0x823f2523) mem 0x80010000 0x00000001
core   0: 0x8000b7de (0x0000bfe5) c.j     pc - 8
core   0: 3 0x8000b7de (0xbfe5)
core   0: 0x8000b7d6 (0x00005f17) auipc   t5, 0x5
core   0: 3 0x8000b7d6 (0x00005f17) x30 0x800107d6
core   0: 0x8000b7da (0x823f2523) sw      gp, -2006(t5)
core   0: 3 0x8000b7da (0x823f2523) mem 0x80010000 0x00000001
core   0: 0x8000b7de (0x0000bfe5) c.j     pc - 8
core   0: 3 0x8000b7de (0xbfe5)
core   0: 0x8000b7d6 (0x00005f17) auipc   t5, 0x5
core   0: 3 0x8000b7d6 (0x00005f17) x30 0x800107d6
core   0: 0x8000b7da (0x823f2523) sw      gp, -2006(t5)
core   0: 3 0x8000b7da (0x823f2523) mem 0x80010000 0x00000001
core   0: 0x8000b7de (0x0000bfe5) c.j     pc - 8
core   0: 3 0x8000b7de (0xbfe5)
core   0: 0x8000b7d6 (0x00005f17) auipc   t5, 0x5
core   0: 3 0x8000b7d6 (0x00005f17) x30 0x800107d6
core   0: 0x8000b7da (0x823f2523) sw      gp, -2006(t5)
core   0: 3 0x8000b7da (0x823f2523) mem 0x80010000 0x00000001
core   0: 0x8000b7de (0x0000bfe5) c.j     pc - 8
core   0: 3 0x8000b7de (0xbfe5)
core   0: 0x8000b7d6 (0x00005f17) auipc   t5, 0x5
core   0: 3 0x8000b7d6 (0x00005f17) x30 0x800107d6
core   0: 0x8000b7da (0x823f2523) sw      gp, -2006(t5)
core   0: 3 0x8000b7da (0x823f2523) mem 0x80010000 0x00000001
core   0: 0x8000b7de (0x0000bfe5) c.j     pc - 8
core   0: 3 0x8000b7de (0xbfe5)
core   0: 0x8000b7d6 (0x00005f17) auipc   t5, 0x5
core   0: 3 0x8000b7d6 (0x00005f17) x30 0x800107d6
core   0: 0x8000b7da (0x823f2523) sw      gp, -2006(t5)
core   0: 3 0x8000b7da (0x823f2523) mem 0x80010000 0x00000001
core   0: 0x8000b7de (0x0000bfe5) c.j     pc - 8
core   0: 3 0x8000b7de (0xbfe5)
core   0: 0x8000b7d6 (0x00005f17) auipc   t5, 0x5
core   0: 3 0x8000b7d6 (0x00005f17) x30 0x800107d6
core   0: 0x8000b7da (0x823f2523) sw      gp, -2006(t5)
core   0: 3 0x8000b7da (0x823f2523) mem 0x80010000 0x00000001
core   0: 0x8000b7de (0x0000bfe5) c.j     pc - 8
core   0: 3 0x8000b7de (0xbfe5)
core   0: 0x8000b7d6 (0x00005f17) auipc   t5, 0x5
core   0: 3 0x8000b7d6 (0x00005f17) x30 0x800107d6
core   0: 0x8000b7da (0x823f2523) sw      gp, -2006(t5)
core   0: 3 0x8000b7da (0x823f2523) mem 0x80010000 0x00000001
core   0: 0x8000b7de (0x0000bfe5) c.j     pc - 8
core   0: 3 0x8000b7de (0xbfe5)
core   0: 0x8000b7d6 (0x00005f17) auipc   t5, 0x5
core   0: 3 0x8000b7d6 (0x00005f17) x30 0x800107d6
core   0: 0x8000b7da (0x823f2523) sw      gp, -2006(t5)
core   0: 3 0x8000b7da (0x823f2523) mem 0x80010000 0x00000001
core   0: 0x8000b7de (0x0000bfe5) c.j     pc - 8
core   0: 3 0x8000b7de (0xbfe5)
core   0: 0x8000b7d6 (0x00005f17) auipc   t5, 0x5
core   0: 3 0x8000b7d6 (0x00005f17) x30 0x800107d6
core   0: 0x8000b7da (0x823f2523) sw      gp, -2006(t5)
core   0: 3 0x8000b7da (0x823f2523) mem 0x80010000 0x00000001
core   0: 0x8000b7de (0x0000bfe5) c.j     pc - 8
core   0: 3 0x8000b7de (0xbfe5)
core   0: 0x8000b7d6 (0x00005f17) auipc   t5, 0x5
core   0: 3 0x8000b7d6 (0x00005f17) x30 0x800107d6
core   0: 0x8000b7da (0x823f2523) sw      gp, -2006(t5)
core   0: 3 0x8000b7da (0x823f2523) mem 0x80010000 0x00000001
core   0: 0x8000b7de (0x0000bfe5) c.j     pc - 8
core   0: 3 0x8000b7de (0xbfe5)
core   0: 0x8000b7d6 (0x00005f17) auipc   t5, 0x5
core   0: 3 0x8000b7d6 (0x00005f17) x30 0x800107d6
core   0: 0x8000b7da (0x823f2523) sw      gp, -2006(t5)
core   0: 3 0x8000b7da (0x823f2523) mem 0x80010000 0x00000001
core   0: 0x8000b7de (0x0000bfe5) c.j     pc - 8
core   0: 3 0x8000b7de (0xbfe5)
core   0: 0x8000b7d6 (0x00005f17) auipc   t5, 0x5
core   0: 3 0x8000b7d6 (0x00005f17) x30 0x800107d6
core   0: 0x8000b7da (0x823f2523) sw      gp, -2006(t5)
core   0: 3 0x8000b7da (0x823f2523) mem 0x80010000 0x00000001
core   0: 0x8000b7de (0x0000bfe5) c.j     pc - 8
core   0: 3 0x8000b7de (0xbfe5)
core   0: 0x8000b7d6 (0x00005f17) auipc   t5, 0x5
core   0: 3 0x8000b7d6 (0x00005f17) x30 0x800107d6
core   0: 0x8000b7da (0x823f2523) sw      gp, -2006(t5)
core   0: 3 0x8000b7da (0x823f2523) mem 0x80010000 0x00000001
core   0: 0x8000b7de (0x0000bfe5) c.j     pc - 8
core   0: 3 0x8000b7de (0xbfe5)
core   0: 0x8000b7d6 (0x00005f17) auipc   t5, 0x5
core   0: 3 0x8000b7d6 (0x00005f17) x30 0x800107d6
core   0: 0x8000b7da (0x823f2523) sw      gp, -2006(t5)
core   0: 3 0x8000b7da (0x823f2523) mem 0x80010000 0x00000001
core   0: 0x8000b7de (0x0000bfe5) c.j     pc - 8
core   0: 3 0x8000b7de (0xbfe5)
core   0: 0x8000b7d6 (0x00005f17) auipc   t5, 0x5
core   0: 3 0x8000b7d6 (0x00005f17) x30 0x800107d6
core   0: 0x8000b7da (0x823f2523) sw      gp, -2006(t5)
core   0: 3 0x8000b7da (0x823f2523) mem 0x80010000 0x00000001
core   0: 0x8000b7de (0x0000bfe5) c.j     pc - 8
core   0: 3 0x8000b7de (0xbfe5)
core   0: 0x8000b7d6 (0x00005f17) auipc   t5, 0x5
core   0: 3 0x8000b7d6 (0x00005f17) x30 0x800107d6
core   0: 0x8000b7da (0x823f2523) sw      gp, -2006(t5)
core   0: 3 0x8000b7da (0x823f2523) mem 0x80010000 0x00000001
core   0: 0x8000b7de (0x0000bfe5) c.j     pc - 8
core   0: 3 0x8000b7de (0xbfe5)
core   0: 0x8000b7d6 (0x00005f17) auipc   t5, 0x5
core   0: 3 0x8000b7d6 (0x00005f17) x30 0x800107d6
core   0: 0x8000b7da (0x823f2523) sw      gp, -2006(t5)
core   0: 3 0x8000b7da (0x823f2523) mem 0x80010000 0x00000001
core   0: 0x8000b7de (0x0000bfe5) c.j     pc - 8
core   0: 3 0x8000b7de (0xbfe5)
core   0: 0x8000b7d6 (0x00005f17) auipc   t5, 0x5
core   0: 3 0x8000b7d6 (0x00005f17) x30 0x800107d6
core   0: 0x8000b7da (0x823f2523) sw      gp, -2006(t5)
core   0: 3 0x8000b7da (0x823f2523) mem 0x80010000 0x00000001
core   0: 0x8000b7de (0x0000bfe5) c.j     pc - 8
core   0: 3 0x8000b7de (0xbfe5)
core   0: 0x8000b7d6 (0x00005f17) auipc   t5, 0x5
core   0: 3 0x8000b7d6 (0x00005f17) x30 0x800107d6
core   0: 0x8000b7da (0x823f2523) sw      gp, -2006(t5)
core   0: 3 0x8000b7da (0x823f2523) mem 0x80010000 0x00000001
core   0: 0x8000b7de (0x0000bfe5) c.j     pc - 8
core   0: 3 0x8000b7de (0xbfe5)
core   0: 0x8000b7d6 (0x00005f17) auipc   t5, 0x5
core   0: 3 0x8000b7d6 (0x00005f17) x30 0x800107d6
core   0: 0x8000b7da (0x823f2523) sw      gp, -2006(t5)
core   0: 3 0x8000b7da (0x823f2523) mem 0x80010000 0x00000001
core   0: 0x8000b7de (0x0000bfe5) c.j     pc - 8
core   0: 3 0x8000b7de (0xbfe5)
core   0: 0x8000b7d6 (0x00005f17) auipc   t5, 0x5
core   0: 3 0x8000b7d6 (0x00005f17) x30 0x800107d6
core   0: 0x8000b7da (0x823f2523) sw      gp, -2006(t5)
core   0: 3 0x8000b7da (0x823f2523) mem 0x80010000 0x00000001
core   0: 0x8000b7de (0x0000bfe5) c.j     pc - 8
core   0: 3 0x8000b7de (0xbfe5)
core   0: 0x8000b7d6 (0x00005f17) auipc   t5, 0x5
core   0: 3 0x8000b7d6 (0x00005f17) x30 0x800107d6
core   0: 0x8000b7da (0x823f2523) sw      gp, -2006(t5)
core   0: 3 0x8000b7da (0x823f2523) mem 0x80010000 0x00000001
core   0: 0x8000b7de (0x0000bfe5) c.j     pc - 8
core   0: 3 0x8000b7de (0xbfe5)
core   0: 0x8000b7d6 (0x00005f17) auipc   t5, 0x5
core   0: 3 0x8000b7d6 (0x00005f17) x30 0x800107d6
core   0: 0x8000b7da (0x823f2523) sw      gp, -2006(t5)
core   0: 3 0x8000b7da (0x823f2523) mem 0x80010000 0x00000001
core   0: 0x8000b7de (0x0000bfe5) c.j     pc - 8
core   0: 3 0x8000b7de (0xbfe5)
core   0: 0x8000b7d6 (0x00005f17) auipc   t5, 0x5
core   0: 3 0x8000b7d6 (0x00005f17) x30 0x800107d6
core   0: 0x8000b7da (0x823f2523) sw      gp, -2006(t5)
core   0: 3 0x8000b7da (0x823f2523) mem 0x80010000 0x00000001
core   0: 0x8000b7de (0x0000bfe5) c.j     pc - 8
core   0: 3 0x8000b7de (0xbfe5)
core   0: 0x8000b7d6 (0x00005f17) auipc   t5, 0x5
core   0: 3 0x8000b7d6 (0x00005f17) x30 0x800107d6
core   0: 0x8000b7da (0x823f2523) sw      gp, -2006(t5)
core   0: 3 0x8000b7da (0x823f2523) mem 0x80010000 0x00000001
core   0: 0x8000b7de (0x0000bfe5) c.j     pc - 8
core   0: 3 0x8000b7de (0xbfe5)
core   0: 0x8000b7d6 (0x00005f17) auipc   t5, 0x5
core   0: 3 0x8000b7d6 (0x00005f17) x30 0x800107d6
core   0: 0x8000b7da (0x823f2523) sw      gp, -2006(t5)
core   0: 3 0x8000b7da (0x823f2523) mem 0x80010000 0x00000001
core   0: 0x8000b7de (0x0000bfe5) c.j     pc - 8
core   0: 3 0x8000b7de (0xbfe5)
core   0: 0x8000b7d6 (0x00005f17) auipc   t5, 0x5
core   0: 3 0x8000b7d6 (0x00005f17) x30 0x800107d6
core   0: 0x8000b7da (0x823f2523) sw      gp, -2006(t5)
core   0: 3 0x8000b7da (0x823f2523) mem 0x80010000 0x00000001
core   0: 0x8000b7de (0x0000bfe5) c.j     pc - 8
core   0: 3 0x8000b7de (0xbfe5)
core   0: 0x8000b7d6 (0x00005f17) auipc   t5, 0x5
core   0: 3 0x8000b7d6 (0x00005f17) x30 0x800107d6
core   0: 0x8000b7da (0x823f2523) sw      gp, -2006(t5)
core   0: 3 0x8000b7da (0x823f2523) mem 0x80010000 0x00000001
core   0: 0x8000b7de (0x0000bfe5) c.j     pc - 8
core   0: 3 0x8000b7de (0xbfe5)
core   0: 0x8000b7d6 (0x00005f17) auipc   t5, 0x5
core   0: 3 0x8000b7d6 (0x00005f17) x30 0x800107d6
core   0: 0x8000b7da (0x823f2523) sw      gp, -2006(t5)
core   0: 3 0x8000b7da (0x823f2523) mem 0x80010000 0x00000001
core   0: 0x8000b7de (0x0000bfe5) c.j     pc - 8
core   0: 3 0x8000b7de (0xbfe5)
core   0: 0x8000b7d6 (0x00005f17) auipc   t5, 0x5
core   0: 3 0x8000b7d6 (0x00005f17) x30 0x800107d6
core   0: 0x8000b7da (0x823f2523) sw      gp, -2006(t5)
core   0: 3 0x8000b7da (0x823f2523) mem 0x80010000 0x00000001
core   0: 0x8000b7de (0x0000bfe5) c.j     pc - 8
core   0: 3 0x8000b7de (0xbfe5)
core   0: 0x8000b7d6 (0x00005f17) auipc   t5, 0x5
core   0: 3 0x8000b7d6 (0x00005f17) x30 0x800107d6
core   0: 0x8000b7da (0x823f2523) sw      gp, -2006(t5)
core   0: 3 0x8000b7da (0x823f2523) mem 0x80010000 0x00000001
core   0: 0x8000b7de (0x0000bfe5) c.j     pc - 8
core   0: 3 0x8000b7de (0xbfe5)
core   0: 0x8000b7d6 (0x00005f17) auipc   t5, 0x5
core   0: 3 0x8000b7d6 (0x00005f17) x30 0x800107d6
core   0: 0x8000b7da (0x823f2523) sw      gp, -2006(t5)
core   0: 3 0x8000b7da (0x823f2523) mem 0x80010000 0x00000001
core   0: 0x8000b7de (0x0000bfe5) c.j     pc - 8
core   0: 3 0x8000b7de (0xbfe5)
core   0: 0x8000b7d6 (0x00005f17) auipc   t5, 0x5
core   0: 3 0x8000b7d6 (0x00005f17) x30 0x800107d6
core   0: 0x8000b7da (0x823f2523) sw      gp, -2006(t5)
core   0: 3 0x8000b7da (0x823f2523) mem 0x80010000 0x00000001
core   0: 0x8000b7de (0x0000bfe5) c.j     pc - 8
core   0: 3 0x8000b7de (0xbfe5)
core   0: 0x8000b7d6 (0x00005f17) auipc   t5, 0x5
core   0: 3 0x8000b7d6 (0x00005f17) x30 0x800107d6
core   0: 0x8000b7da (0x823f2523) sw      gp, -2006(t5)
core   0: 3 0x8000b7da (0x823f2523) mem 0x80010000 0x00000001
core   0: 0x8000b7de (0x0000bfe5) c.j     pc - 8
core   0: 3 0x8000b7de (0xbfe5)
core   0: 0x8000b7d6 (0x00005f17) auipc   t5, 0x5
core   0: 3 0x8000b7d6 (0x00005f17) x30 0x800107d6
core   0: 0x8000b7da (0x823f2523) sw      gp, -2006(t5)
core   0: 3 0x8000b7da (0x823f2523) mem 0x80010000 0x00000001
core   0: 0x8000b7de (0x0000bfe5) c.j     pc - 8
core   0: 3 0x8000b7de (0xbfe5)
core   0: 0x8000b7d6 (0x00005f17) auipc   t5, 0x5
core   0: 3 0x8000b7d6 (0x00005f17) x30 0x800107d6
core   0: 0x8000b7da (0x823f2523) sw      gp, -2006(t5)
core   0: 3 0x8000b7da (0x823f2523) mem 0x80010000 0x00000001
core   0: 0x8000b7de (0x0000bfe5) c.j     pc - 8
core   0: 3 0x8000b7de (0xbfe5)
core   0: 0x8000b7d6 (0x00005f17) auipc   t5, 0x5
core   0: 3 0x8000b7d6 (0x00005f17) x30 0x800107d6
core   0: 0x8000b7da (0x823f2523) sw      gp, -2006(t5)
core   0: 3 0x8000b7da (0x823f2523) mem 0x80010000 0x00000001
core   0: 0x8000b7de (0x0000bfe5) c.j     pc - 8
core   0: 3 0x8000b7de (0xbfe5)
core   0: 0x8000b7d6 (0x00005f17) auipc   t5, 0x5
core   0: 3 0x8000b7d6 (0x00005f17) x30 0x800107d6
core   0: 0x8000b7da (0x823f2523) sw      gp, -2006(t5)
core   0: 3 0x8000b7da (0x823f2523) mem 0x80010000 0x00000001
core   0: 0x8000b7de (0x0000bfe5) c.j     pc - 8
core   0: 3 0x8000b7de (0xbfe5)
core   0: 0x8000b7d6 (0x00005f17) auipc   t5, 0x5
core   0: 3 0x8000b7d6 (0x00005f17) x30 0x800107d6
core   0: 0x8000b7da (0x823f2523) sw      gp, -2006(t5)
core   0: 3 0x8000b7da (0x823f2523) mem 0x80010000 0x00000001
core   0: 0x8000b7de (0x0000bfe5) c.j     pc - 8
core   0: 3 0x8000b7de (0xbfe5)
core   0: 0x8000b7d6 (0x00005f17) auipc   t5, 0x5
core   0: 3 0x8000b7d6 (0x00005f17) x30 0x800107d6
core   0: 0x8000b7da (0x823f2523) sw      gp, -2006(t5)
core   0: 3 0x8000b7da (0x823f2523) mem 0x80010000 0x00000001
core   0: 0x8000b7de (0x0000bfe5) c.j     pc - 8
core   0: 3 0x8000b7de (0xbfe5)
core   0: 0x8000b7d6 (0x00005f17) auipc   t5, 0x5
core   0: 3 0x8000b7d6 (0x00005f17) x30 0x800107d6
core   0: 0x8000b7da (0x823f2523) sw      gp, -2006(t5)
core   0: 3 0x8000b7da (0x823f2523) mem 0x80010000 0x00000001
core   0: 0x8000b7de (0x0000bfe5) c.j     pc - 8
core   0: 3 0x8000b7de (0xbfe5)
core   0: 0x8000b7d6 (0x00005f17) auipc   t5, 0x5
core   0: 3 0x8000b7d6 (0x00005f17) x30 0x800107d6
core   0: 0x8000b7da (0x823f2523) sw      gp, -2006(t5)
core   0: 3 0x8000b7da (0x823f2523) mem 0x80010000 0x00000001
core   0: 0x8000b7de (0x0000bfe5) c.j     pc - 8
core   0: 3 0x8000b7de (0xbfe5)
core   0: 0x8000b7d6 (0x00005f17) auipc   t5, 0x5
core   0: 3 0x8000b7d6 (0x00005f17) x30 0x800107d6
core   0: 0x8000b7da (0x823f2523) sw      gp, -2006(t5)
core   0: 3 0x8000b7da (0x823f2523) mem 0x80010000 0x00000001
core   0: 0x8000b7de (0x0000bfe5) c.j     pc - 8
core   0: 3 0x8000b7de (0xbfe5)
core   0: 0x8000b7d6 (0x00005f17) auipc   t5, 0x5
core   0: 3 0x8000b7d6 (0x00005f17) x30 0x800107d6
core   0: 0x8000b7da (0x823f2523) sw      gp, -2006(t5)
core   0: 3 0x8000b7da (0x823f2523) mem 0x80010000 0x00000001
core   0: 0x8000b7de (0x0000bfe5) c.j     pc - 8
core   0: 3 0x8000b7de (0xbfe5)
core   0: 0x8000b7d6 (0x00005f17) auipc   t5, 0x5
core   0: 3 0x8000b7d6 (0x00005f17) x30 0x800107d6
core   0: 0x8000b7da (0x823f2523) sw      gp, -2006(t5)
core   0: 3 0x8000b7da (0x823f2523) mem 0x80010000 0x00000001
core   0: 0x8000b7de (0x0000bfe5) c.j     pc - 8
core   0: 3 0x8000b7de (0xbfe5)
core   0: 0x8000b7d6 (0x00005f17) auipc   t5, 0x5
core   0: 3 0x8000b7d6 (0x00005f17) x30 0x800107d6
core   0: 0x8000b7da (0x823f2523) sw      gp, -2006(t5)
core   0: 3 0x8000b7da (0x823f2523) mem 0x80010000 0x00000001
core   0: 0x8000b7de (0x0000bfe5) c.j     pc - 8
core   0: 3 0x8000b7de (0xbfe5)
core   0: 0x8000b7d6 (0x00005f17) auipc   t5, 0x5
core   0: 3 0x8000b7d6 (0x00005f17) x30 0x800107d6
core   0: 0x8000b7da (0x823f2523) sw      gp, -2006(t5)
core   0: 3 0x8000b7da (0x823f2523) mem 0x80010000 0x00000001
core   0: 0x8000b7de (0x0000bfe5) c.j     pc - 8
core   0: 3 0x8000b7de (0xbfe5)
core   0: 0x8000b7d6 (0x00005f17) auipc   t5, 0x5
core   0: 3 0x8000b7d6 (0x00005f17) x30 0x800107d6
core   0: 0x8000b7da (0x823f2523) sw      gp, -2006(t5)
core   0: 3 0x8000b7da (0x823f2523) mem 0x80010000 0x00000001
core   0: 0x8000b7de (0x0000bfe5) c.j     pc - 8
core   0: 3 0x8000b7de (0xbfe5)
core   0: 0x8000b7d6 (0x00005f17) auipc   t5, 0x5
core   0: 3 0x8000b7d6 (0x00005f17) x30 0x800107d6
core   0: 0x8000b7da (0x823f2523) sw      gp, -2006(t5)
core   0: 3 0x8000b7da (0x823f2523) mem 0x80010000 0x00000001
core   0: 0x8000b7de (0x0000bfe5) c.j     pc - 8
core   0: 3 0x8000b7de (0xbfe5)
core   0: 0x8000b7d6 (0x00005f17) auipc   t5, 0x5
core   0: 3 0x8000b7d6 (0x00005f17) x30 0x800107d6
core   0: 0x8000b7da (0x823f2523) sw      gp, -2006(t5)
core   0: 3 0x8000b7da (0x823f2523) mem 0x80010000 0x00000001
core   0: 0x8000b7de (0x0000bfe5) c.j     pc - 8
core   0: 3 0x8000b7de (0xbfe5)
core   0: 0x8000b7d6 (0x00005f17) auipc   t5, 0x5
core   0: 3 0x8000b7d6 (0x00005f17) x30 0x800107d6
core   0: 0x8000b7da (0x823f2523) sw      gp, -2006(t5)
core   0: 3 0x8000b7da (0x823f2523) mem 0x80010000 0x00000001
core   0: 0x8000b7de (0x0000bfe5) c.j     pc - 8
core   0: 3 0x8000b7de (0xbfe5)
core   0: 0x8000b7d6 (0x00005f17) auipc   t5, 0x5
core   0: 3 0x8000b7d6 (0x00005f17) x30 0x800107d6
core   0: 0x8000b7da (0x823f2523) sw      gp, -2006(t5)
core   0: 3 0x8000b7da (0x823f2523) mem 0x80010000 0x00000001
core   0: 0x8000b7de (0x0000bfe5) c.j     pc - 8
core   0: 3 0x8000b7de (0xbfe5)
core   0: 0x8000b7d6 (0x00005f17) auipc   t5, 0x5
core   0: 3 0x8000b7d6 (0x00005f17) x30 0x800107d6
core   0: 0x8000b7da (0x823f2523) sw      gp, -2006(t5)
core   0: 3 0x8000b7da (0x823f2523) mem 0x80010000 0x00000001
core   0: 0x8000b7de (0x0000bfe5) c.j     pc - 8
core   0: 3 0x8000b7de (0xbfe5)
core   0: 0x8000b7d6 (0x00005f17) auipc   t5, 0x5
core   0: 3 0x8000b7d6 (0x00005f17) x30 0x800107d6
core   0: 0x8000b7da (0x823f2523) sw      gp, -2006(t5)
core   0: 3 0x8000b7da (0x823f2523) mem 0x80010000 0x00000001
core   0: 0x8000b7de (0x0000bfe5) c.j     pc - 8
core   0: 3 0x8000b7de (0xbfe5)
core   0: 0x8000b7d6 (0x00005f17) auipc   t5, 0x5
core   0: 3 0x8000b7d6 (0x00005f17) x30 0x800107d6
core   0: 0x8000b7da (0x823f2523) sw      gp, -2006(t5)
core   0: 3 0x8000b7da (0x823f2523) mem 0x80010000 0x00000001
core   0: 0x8000b7de (0x0000bfe5) c.j     pc - 8
core   0: 3 0x8000b7de (0xbfe5)
core   0: 0x8000b7d6 (0x00005f17) auipc   t5, 0x5
core   0: 3 0x8000b7d6 (0x00005f17) x30 0x800107d6
core   0: 0x8000b7da (0x823f2523) sw      gp, -2006(t5)
core   0: 3 0x8000b7da (0x823f2523) mem 0x80010000 0x00000001
core   0: 0x8000b7de (0x0000bfe5) c.j     pc - 8
core   0: 3 0x8000b7de (0xbfe5)
core   0: 0x8000b7d6 (0x00005f17) auipc   t5, 0x5
core   0: 3 0x8000b7d6 (0x00005f17) x30 0x800107d6
core   0: 0x8000b7da (0x823f2523) sw      gp, -2006(t5)
core   0: 3 0x8000b7da (0x823f2523) mem 0x80010000 0x00000001
core   0: 0x8000b7de (0x0000bfe5) c.j     pc - 8
core   0: 3 0x8000b7de (0xbfe5)
core   0: 0x8000b7d6 (0x00005f17) auipc   t5, 0x5
core   0: 3 0x8000b7d6 (0x00005f17) x30 0x800107d6
core   0: 0x8000b7da (0x823f2523) sw      gp, -2006(t5)
core   0: 3 0x8000b7da (0x823f2523) mem 0x80010000 0x00000001
core   0: 0x8000b7de (0x0000bfe5) c.j     pc - 8
core   0: 3 0x8000b7de (0xbfe5)
core   0: 0x8000b7d6 (0x00005f17) auipc   t5, 0x5
core   0: 3 0x8000b7d6 (0x00005f17) x30 0x800107d6
core   0: 0x8000b7da (0x823f2523) sw      gp, -2006(t5)
core   0: 3 0x8000b7da (0x823f2523) mem 0x80010000 0x00000001
core   0: 0x8000b7de (0x0000bfe5) c.j     pc - 8
core   0: 3 0x8000b7de (0xbfe5)
core   0: 0x8000b7d6 (0x00005f17) auipc   t5, 0x5
core   0: 3 0x8000b7d6 (0x00005f17) x30 0x800107d6
core   0: 0x8000b7da (0x823f2523) sw      gp, -2006(t5)
core   0: 3 0x8000b7da (0x823f2523) mem 0x80010000 0x00000001
core   0: 0x8000b7de (0x0000bfe5) c.j     pc - 8
core   0: 3 0x8000b7de (0xbfe5)
core   0: 0x8000b7d6 (0x00005f17) auipc   t5, 0x5
core   0: 3 0x8000b7d6 (0x00005f17) x30 0x800107d6
core   0: 0x8000b7da (0x823f2523) sw      gp, -2006(t5)
core   0: 3 0x8000b7da (0x823f2523) mem 0x80010000 0x00000001
core   0: 0x8000b7de (0x0000bfe5) c.j     pc - 8
core   0: 3 0x8000b7de (0xbfe5)
core   0: 0x8000b7d6 (0x00005f17) auipc   t5, 0x5
core   0: 3 0x8000b7d6 (0x00005f17) x30 0x800107d6
core   0: 0x8000b7da (0x823f2523) sw      gp, -2006(t5)
core   0: 3 0x8000b7da (0x823f2523) mem 0x80010000 0x00000001
core   0: 0x8000b7de (0x0000bfe5) c.j     pc - 8
core   0: 3 0x8000b7de (0xbfe5)
core   0: 0x8000b7d6 (0x00005f17) auipc   t5, 0x5
core   0: 3 0x8000b7d6 (0x00005f17) x30 0x800107d6
core   0: 0x8000b7da (0x823f2523) sw      gp, -2006(t5)
core   0: 3 0x8000b7da (0x823f2523) mem 0x80010000 0x00000001
core   0: 0x8000b7de (0x0000bfe5) c.j     pc - 8
core   0: 3 0x8000b7de (0xbfe5)
core   0: 0x8000b7d6 (0x00005f17) auipc   t5, 0x5
core   0: 3 0x8000b7d6 (0x00005f17) x30 0x800107d6
core   0: 0x8000b7da (0x823f2523) sw      gp, -2006(t5)
core   0: 3 0x8000b7da (0x823f2523) mem 0x80010000 0x00000001
core   0: 0x8000b7de (0x0000bfe5) c.j     pc - 8
core   0: 3 0x8000b7de (0xbfe5)
core   0: 0x8000b7d6 (0x00005f17) auipc   t5, 0x5
core   0: 3 0x8000b7d6 (0x00005f17) x30 0x800107d6
core   0: 0x8000b7da (0x823f2523) sw      gp, -2006(t5)
core   0: 3 0x8000b7da (0x823f2523) mem 0x80010000 0x00000001
core   0: 0x8000b7de (0x0000bfe5) c.j     pc - 8
core   0: 3 0x8000b7de (0xbfe5)
core   0: 0x8000b7d6 (0x00005f17) auipc   t5, 0x5
core   0: 3 0x8000b7d6 (0x00005f17) x30 0x800107d6
core   0: 0x8000b7da (0x823f2523) sw      gp, -2006(t5)
core   0: 3 0x8000b7da (0x823f2523) mem 0x80010000 0x00000001
core   0: 0x8000b7de (0x0000bfe5) c.j     pc - 8
core   0: 3 0x8000b7de (0xbfe5)
core   0: 0x8000b7d6 (0x00005f17) auipc   t5, 0x5
core   0: 3 0x8000b7d6 (0x00005f17) x30 0x800107d6
core   0: 0x8000b7da (0x823f2523) sw      gp, -2006(t5)
core   0: 3 0x8000b7da (0x823f2523) mem 0x80010000 0x00000001
core   0: 0x8000b7de (0x0000bfe5) c.j     pc - 8
core   0: 3 0x8000b7de (0xbfe5)
core   0: 0x8000b7d6 (0x00005f17) auipc   t5, 0x5
core   0: 3 0x8000b7d6 (0x00005f17) x30 0x800107d6
core   0: 0x8000b7da (0x823f2523) sw      gp, -2006(t5)
core   0: 3 0x8000b7da (0x823f2523) mem 0x80010000 0x00000001
core   0: 0x8000b7de (0x0000bfe5) c.j     pc - 8
core   0: 3 0x8000b7de (0xbfe5)
core   0: 0x8000b7d6 (0x00005f17) auipc   t5, 0x5
core   0: 3 0x8000b7d6 (0x00005f17) x30 0x800107d6
core   0: 0x8000b7da (0x823f2523) sw      gp, -2006(t5)
core   0: 3 0x8000b7da (0x823f2523) mem 0x80010000 0x00000001
core   0: 0x8000b7de (0x0000bfe5) c.j     pc - 8
core   0: 3 0x8000b7de (0xbfe5)
core   0: 0x8000b7d6 (0x00005f17) auipc   t5, 0x5
core   0: 3 0x8000b7d6 (0x00005f17) x30 0x800107d6
core   0: 0x8000b7da (0x823f2523) sw      gp, -2006(t5)
core   0: 3 0x8000b7da (0x823f2523) mem 0x80010000 0x00000001
core   0: 0x8000b7de (0x0000bfe5) c.j     pc - 8
core   0: 3 0x8000b7de (0xbfe5)
core   0: 0x8000b7d6 (0x00005f17) auipc   t5, 0x5
core   0: 3 0x8000b7d6 (0x00005f17) x30 0x800107d6
core   0: 0x8000b7da (0x823f2523) sw      gp, -2006(t5)
core   0: 3 0x8000b7da (0x823f2523) mem 0x80010000 0x00000001
core   0: 0x8000b7de (0x0000bfe5) c.j     pc - 8
core   0: 3 0x8000b7de (0xbfe5)
core   0: 0x8000b7d6 (0x00005f17) auipc   t5, 0x5
core   0: 3 0x8000b7d6 (0x00005f17) x30 0x800107d6
core   0: 0x8000b7da (0x823f2523) sw      gp, -2006(t5)
core   0: 3 0x8000b7da (0x823f2523) mem 0x80010000 0x00000001
core   0: 0x8000b7de (0x0000bfe5) c.j     pc - 8
core   0: 3 0x8000b7de (0xbfe5)
core   0: 0x8000b7d6 (0x00005f17) auipc   t5, 0x5
core   0: 3 0x8000b7d6 (0x00005f17) x30 0x800107d6
core   0: 0x8000b7da (0x823f2523) sw      gp, -2006(t5)
core   0: 3 0x8000b7da (0x823f2523) mem 0x80010000 0x00000001
core   0: 0x8000b7de (0x0000bfe5) c.j     pc - 8
core   0: 3 0x8000b7de (0xbfe5)
core   0: 0x8000b7d6 (0x00005f17) auipc   t5, 0x5
core   0: 3 0x8000b7d6 (0x00005f17) x30 0x800107d6
core   0: 0x8000b7da (0x823f2523) sw      gp, -2006(t5)
core   0: 3 0x8000b7da (0x823f2523) mem 0x80010000 0x00000001
core   0: 0x8000b7de (0x0000bfe5) c.j     pc - 8
core   0: 3 0x8000b7de (0xbfe5)
core   0: 0x8000b7d6 (0x00005f17) auipc   t5, 0x5
core   0: 3 0x8000b7d6 (0x00005f17) x30 0x800107d6
core   0: 0x8000b7da (0x823f2523) sw      gp, -2006(t5)
core   0: 3 0x8000b7da (0x823f2523) mem 0x80010000 0x00000001
core   0: 0x8000b7de (0x0000bfe5) c.j     pc - 8
core   0: 3 0x8000b7de (0xbfe5)
core   0: 0x8000b7d6 (0x00005f17) auipc   t5, 0x5
core   0: 3 0x8000b7d6 (0x00005f17) x30 0x800107d6
core   0: 0x8000b7da (0x823f2523) sw      gp, -2006(t5)
core   0: 3 0x8000b7da (0x823f2523) mem 0x80010000 0x00000001
core   0: 0x8000b7de (0x0000bfe5) c.j     pc - 8
core   0: 3 0x8000b7de (0xbfe5)
core   0: 0x8000b7d6 (0x00005f17) auipc   t5, 0x5
core   0: 3 0x8000b7d6 (0x00005f17) x30 0x800107d6
core   0: 0x8000b7da (0x823f2523) sw      gp, -2006(t5)
core   0: 3 0x8000b7da (0x823f2523) mem 0x80010000 0x00000001
core   0: 0x8000b7de (0x0000bfe5) c.j     pc - 8
core   0: 3 0x8000b7de (0xbfe5)
core   0: 0x8000b7d6 (0x00005f17) auipc   t5, 0x5
core   0: 3 0x8000b7d6 (0x00005f17) x30 0x800107d6
core   0: 0x8000b7da (0x823f2523) sw      gp, -2006(t5)
core   0: 3 0x8000b7da (0x823f2523) mem 0x80010000 0x00000001
core   0: 0x8000b7de (0x0000bfe5) c.j     pc - 8
core   0: 3 0x8000b7de (0xbfe5)
core   0: 0x8000b7d6 (0x00005f17) auipc   t5, 0x5
core   0: 3 0x8000b7d6 (0x00005f17) x30 0x800107d6
core   0: 0x8000b7da (0x823f2523) sw      gp, -2006(t5)
core   0: 3 0x8000b7da (0x823f2523) mem 0x80010000 0x00000001
core   0: 0x8000b7de (0x0000bfe5) c.j     pc - 8
core   0: 3 0x8000b7de (0xbfe5)
core   0: 0x8000b7d6 (0x00005f17) auipc   t5, 0x5
core   0: 3 0x8000b7d6 (0x00005f17) x30 0x800107d6
core   0: 0x8000b7da (0x823f2523) sw      gp, -2006(t5)
core   0: 3 0x8000b7da (0x823f2523) mem 0x80010000 0x00000001
core   0: 0x8000b7de (0x0000bfe5) c.j     pc - 8
core   0: 3 0x8000b7de (0xbfe5)
core   0: 0x8000b7d6 (0x00005f17) auipc   t5, 0x5
core   0: 3 0x8000b7d6 (0x00005f17) x30 0x800107d6
core   0: 0x8000b7da (0x823f2523) sw      gp, -2006(t5)
core   0: 3 0x8000b7da (0x823f2523) mem 0x80010000 0x00000001
core   0: 0x8000b7de (0x0000bfe5) c.j     pc - 8
core   0: 3 0x8000b7de (0xbfe5)
core   0: 0x8000b7d6 (0x00005f17) auipc   t5, 0x5
core   0: 3 0x8000b7d6 (0x00005f17) x30 0x800107d6
core   0: 0x8000b7da (0x823f2523) sw      gp, -2006(t5)
core   0: 3 0x8000b7da (0x823f2523) mem 0x80010000 0x00000001
core   0: 0x8000b7de (0x0000bfe5) c.j     pc - 8
core   0: 3 0x8000b7de (0xbfe5)
core   0: 0x8000b7d6 (0x00005f17) auipc   t5, 0x5
core   0: 3 0x8000b7d6 (0x00005f17) x30 0x800107d6
core   0: 0x8000b7da (0x823f2523) sw      gp, -2006(t5)
core   0: 3 0x8000b7da (0x823f2523) mem 0x80010000 0x00000001
core   0: 0x8000b7de (0x0000bfe5) c.j     pc - 8
core   0: 3 0x8000b7de (0xbfe5)
core   0: 0x8000b7d6 (0x00005f17) auipc   t5, 0x5
core   0: 3 0x8000b7d6 (0x00005f17) x30 0x800107d6
core   0: 0x8000b7da (0x823f2523) sw      gp, -2006(t5)
core   0: 3 0x8000b7da (0x823f2523) mem 0x80010000 0x00000001
core   0: 0x8000b7de (0x0000bfe5) c.j     pc - 8
core   0: 3 0x8000b7de (0xbfe5)
core   0: 0x8000b7d6 (0x00005f17) auipc   t5, 0x5
core   0: 3 0x8000b7d6 (0x00005f17) x30 0x800107d6
core   0: 0x8000b7da (0x823f2523) sw      gp, -2006(t5)
core   0: 3 0x8000b7da (0x823f2523) mem 0x80010000 0x00000001
core   0: 0x8000b7de (0x0000bfe5) c.j     pc - 8
core   0: 3 0x8000b7de (0xbfe5)
core   0: 0x8000b7d6 (0x00005f17) auipc   t5, 0x5
core   0: 3 0x8000b7d6 (0x00005f17) x30 0x800107d6
core   0: 0x8000b7da (0x823f2523) sw      gp, -2006(t5)
core   0: 3 0x8000b7da (0x823f2523) mem 0x80010000 0x00000001
core   0: 0x8000b7de (0x0000bfe5) c.j     pc - 8
core   0: 3 0x8000b7de (0xbfe5)
core   0: 0x8000b7d6 (0x00005f17) auipc   t5, 0x5
core   0: 3 0x8000b7d6 (0x00005f17) x30 0x800107d6
core   0: 0x8000b7da (0x823f2523) sw      gp, -2006(t5)
core   0: 3 0x8000b7da (0x823f2523) mem 0x80010000 0x00000001
core   0: 0x8000b7de (0x0000bfe5) c.j     pc - 8
core   0: 3 0x8000b7de (0xbfe5)
core   0: 0x8000b7d6 (0x00005f17) auipc   t5, 0x5
core   0: 3 0x8000b7d6 (0x00005f17) x30 0x800107d6
core   0: 0x8000b7da (0x823f2523) sw      gp, -2006(t5)
core   0: 3 0x8000b7da (0x823f2523) mem 0x80010000 0x00000001
core   0: 0x8000b7de (0x0000bfe5) c.j     pc - 8
core   0: 3 0x8000b7de (0xbfe5)
core   0: 0x8000b7d6 (0x00005f17) auipc   t5, 0x5
core   0: 3 0x8000b7d6 (0x00005f17) x30 0x800107d6
core   0: 0x8000b7da (0x823f2523) sw      gp, -2006(t5)
core   0: 3 0x8000b7da (0x823f2523) mem 0x80010000 0x00000001
core   0: 0x8000b7de (0x0000bfe5) c.j     pc - 8
core   0: 3 0x8000b7de (0xbfe5)
core   0: 0x8000b7d6 (0x00005f17) auipc   t5, 0x5
core   0: 3 0x8000b7d6 (0x00005f17) x30 0x800107d6
core   0: 0x8000b7da (0x823f2523) sw      gp, -2006(t5)
core   0: 3 0x8000b7da (0x823f2523) mem 0x80010000 0x00000001
core   0: 0x8000b7de (0x0000bfe5) c.j     pc - 8
core   0: 3 0x8000b7de (0xbfe5)
core   0: 0x8000b7d6 (0x00005f17) auipc   t5, 0x5
core   0: 3 0x8000b7d6 (0x00005f17) x30 0x800107d6
core   0: 0x8000b7da (0x823f2523) sw      gp, -2006(t5)
core   0: 3 0x8000b7da (0x823f2523) mem 0x80010000 0x00000001
core   0: 0x8000b7de (0x0000bfe5) c.j     pc - 8
core   0: 3 0x8000b7de (0xbfe5)
core   0: 0x8000b7d6 (0x00005f17) auipc   t5, 0x5
core   0: 3 0x8000b7d6 (0x00005f17) x30 0x800107d6
core   0: 0x8000b7da (0x823f2523) sw      gp, -2006(t5)
core   0: 3 0x8000b7da (0x823f2523) mem 0x80010000 0x00000001
core   0: 0x8000b7de (0x0000bfe5) c.j     pc - 8
core   0: 3 0x8000b7de (0xbfe5)
core   0: 0x8000b7d6 (0x00005f17) auipc   t5, 0x5
core   0: 3 0x8000b7d6 (0x00005f17) x30 0x800107d6
core   0: 0x8000b7da (0x823f2523) sw      gp, -2006(t5)
core   0: 3 0x8000b7da (0x823f2523) mem 0x80010000 0x00000001
core   0: 0x8000b7de (0x0000bfe5) c.j     pc - 8
core   0: 3 0x8000b7de (0xbfe5)
core   0: 0x8000b7d6 (0x00005f17) auipc   t5, 0x5
core   0: 3 0x8000b7d6 (0x00005f17) x30 0x800107d6
core   0: 0x8000b7da (0x823f2523) sw      gp, -2006(t5)
core   0: 3 0x8000b7da (0x823f2523) mem 0x80010000 0x00000001
core   0: 0x8000b7de (0x0000bfe5) c.j     pc - 8
core   0: 3 0x8000b7de (0xbfe5)
core   0: 0x8000b7d6 (0x00005f17) auipc   t5, 0x5
core   0: 3 0x8000b7d6 (0x00005f17) x30 0x800107d6
core   0: 0x8000b7da (0x823f2523) sw      gp, -2006(t5)
core   0: 3 0x8000b7da (0x823f2523) mem 0x80010000 0x00000001
core   0: 0x8000b7de (0x0000bfe5) c.j     pc - 8
core   0: 3 0x8000b7de (0xbfe5)
core   0: 0x8000b7d6 (0x00005f17) auipc   t5, 0x5
core   0: 3 0x8000b7d6 (0x00005f17) x30 0x800107d6
core   0: 0x8000b7da (0x823f2523) sw      gp, -2006(t5)
core   0: 3 0x8000b7da (0x823f2523) mem 0x80010000 0x00000001
core   0: 0x8000b7de (0x0000bfe5) c.j     pc - 8
core   0: 3 0x8000b7de (0xbfe5)
core   0: 0x8000b7d6 (0x00005f17) auipc   t5, 0x5
core   0: 3 0x8000b7d6 (0x00005f17) x30 0x800107d6
core   0: 0x8000b7da (0x823f2523) sw      gp, -2006(t5)
core   0: 3 0x8000b7da (0x823f2523) mem 0x80010000 0x00000001
core   0: 0x8000b7de (0x0000bfe5) c.j     pc - 8
core   0: 3 0x8000b7de (0xbfe5)
core   0: 0x8000b7d6 (0x00005f17) auipc   t5, 0x5
core   0: 3 0x8000b7d6 (0x00005f17) x30 0x800107d6
core   0: 0x8000b7da (0x823f2523) sw      gp, -2006(t5)
core   0: 3 0x8000b7da (0x823f2523) mem 0x80010000 0x00000001
core   0: 0x8000b7de (0x0000bfe5) c.j     pc - 8
core   0: 3 0x8000b7de (0xbfe5)
core   0: 0x8000b7d6 (0x00005f17) auipc   t5, 0x5
core   0: 3 0x8000b7d6 (0x00005f17) x30 0x800107d6
core   0: 0x8000b7da (0x823f2523) sw      gp, -2006(t5)
core   0: 3 0x8000b7da (0x823f2523) mem 0x80010000 0x00000001
core   0: 0x8000b7de (0x0000bfe5) c.j     pc - 8
core   0: 3 0x8000b7de (0xbfe5)
core   0: 0x8000b7d6 (0x00005f17) auipc   t5, 0x5
core   0: 3 0x8000b7d6 (0x00005f17) x30 0x800107d6
core   0: 0x8000b7da (0x823f2523) sw      gp, -2006(t5)
core   0: 3 0x8000b7da (0x823f2523) mem 0x80010000 0x00000001
core   0: 0x8000b7de (0x0000bfe5) c.j     pc - 8
core   0: 3 0x8000b7de (0xbfe5)
core   0: 0x8000b7d6 (0x00005f17) auipc   t5, 0x5
core   0: 3 0x8000b7d6 (0x00005f17) x30 0x800107d6
core   0: 0x8000b7da (0x823f2523) sw      gp, -2006(t5)
core   0: 3 0x8000b7da (0x823f2523) mem 0x80010000 0x00000001
core   0: 0x8000b7de (0x0000bfe5) c.j     pc - 8
core   0: 3 0x8000b7de (0xbfe5)
core   0: 0x8000b7d6 (0x00005f17) auipc   t5, 0x5
core   0: 3 0x8000b7d6 (0x00005f17) x30 0x800107d6
core   0: 0x8000b7da (0x823f2523) sw      gp, -2006(t5)
core   0: 3 0x8000b7da (0x823f2523) mem 0x80010000 0x00000001
core   0: 0x8000b7de (0x0000bfe5) c.j     pc - 8
core   0: 3 0x8000b7de (0xbfe5)
core   0: 0x8000b7d6 (0x00005f17) auipc   t5, 0x5
core   0: 3 0x8000b7d6 (0x00005f17) x30 0x800107d6
core   0: 0x8000b7da (0x823f2523) sw      gp, -2006(t5)
core   0: 3 0x8000b7da (0x823f2523) mem 0x80010000 0x00000001
core   0: 0x8000b7de (0x0000bfe5) c.j     pc - 8
core   0: 3 0x8000b7de (0xbfe5)
core   0: 0x8000b7d6 (0x00005f17) auipc   t5, 0x5
core   0: 3 0x8000b7d6 (0x00005f17) x30 0x800107d6
core   0: 0x8000b7da (0x823f2523) sw      gp, -2006(t5)
core   0: 3 0x8000b7da (0x823f2523) mem 0x80010000 0x00000001
core   0: 0x8000b7de (0x0000bfe5) c.j     pc - 8
core   0: 3 0x8000b7de (0xbfe5)
core   0: 0x8000b7d6 (0x00005f17) auipc   t5, 0x5
core   0: 3 0x8000b7d6 (0x00005f17) x30 0x800107d6
core   0: 0x8000b7da (0x823f2523) sw      gp, -2006(t5)
core   0: 3 0x8000b7da (0x823f2523) mem 0x80010000 0x00000001
core   0: 0x8000b7de (0x0000bfe5) c.j     pc - 8
core   0: 3 0x8000b7de (0xbfe5)
core   0: 0x8000b7d6 (0x00005f17) auipc   t5, 0x5
core   0: 3 0x8000b7d6 (0x00005f17) x30 0x800107d6
core   0: 0x8000b7da (0x823f2523) sw      gp, -2006(t5)
core   0: 3 0x8000b7da (0x823f2523) mem 0x80010000 0x00000001
core   0: 0x8000b7de (0x0000bfe5) c.j     pc - 8
core   0: 3 0x8000b7de (0xbfe5)
core   0: 0x8000b7d6 (0x00005f17) auipc   t5, 0x5
core   0: 3 0x8000b7d6 (0x00005f17) x30 0x800107d6
core   0: 0x8000b7da (0x823f2523) sw      gp, -2006(t5)
core   0: 3 0x8000b7da (0x823f2523) mem 0x80010000 0x00000001
core   0: 0x8000b7de (0x0000bfe5) c.j     pc - 8
core   0: 3 0x8000b7de (0xbfe5)
core   0: 0x8000b7d6 (0x00005f17) auipc   t5, 0x5
core   0: 3 0x8000b7d6 (0x00005f17) x30 0x800107d6
core   0: 0x8000b7da (0x823f2523) sw      gp, -2006(t5)
core   0: 3 0x8000b7da (0x823f2523) mem 0x80010000 0x00000001
core   0: 0x8000b7de (0x0000bfe5) c.j     pc - 8
core   0: 3 0x8000b7de (0xbfe5)
core   0: 0x8000b7d6 (0x00005f17) auipc   t5, 0x5
core   0: 3 0x8000b7d6 (0x00005f17) x30 0x800107d6
core   0: 0x8000b7da (0x823f2523) sw      gp, -2006(t5)
core   0: 3 0x8000b7da (0x823f2523) mem 0x80010000 0x00000001
core   0: 0x8000b7de (0x0000bfe5) c.j     pc - 8
core   0: 3 0x8000b7de (0xbfe5)
core   0: 0x8000b7d6 (0x00005f17) auipc   t5, 0x5
core   0: 3 0x8000b7d6 (0x00005f17) x30 0x800107d6
core   0: 0x8000b7da (0x823f2523) sw      gp, -2006(t5)
core   0: 3 0x8000b7da (0x823f2523) mem 0x80010000 0x00000001
core   0: 0x8000b7de (0x0000bfe5) c.j     pc - 8
core   0: 3 0x8000b7de (0xbfe5)
core   0: 0x8000b7d6 (0x00005f17) auipc   t5, 0x5
core   0: 3 0x8000b7d6 (0x00005f17) x30 0x800107d6
core   0: 0x8000b7da (0x823f2523) sw      gp, -2006(t5)
core   0: 3 0x8000b7da (0x823f2523) mem 0x80010000 0x00000001
core   0: 0x8000b7de (0x0000bfe5) c.j     pc - 8
core   0: 3 0x8000b7de (0xbfe5)
core   0: 0x8000b7d6 (0x00005f17) auipc   t5, 0x5
core   0: 3 0x8000b7d6 (0x00005f17) x30 0x800107d6
core   0: 0x8000b7da (0x823f2523) sw      gp, -2006(t5)
core   0: 3 0x8000b7da (0x823f2523) mem 0x80010000 0x00000001
core   0: 0x8000b7de (0x0000bfe5) c.j     pc - 8
core   0: 3 0x8000b7de (0xbfe5)
core   0: 0x8000b7d6 (0x00005f17) auipc   t5, 0x5
core   0: 3 0x8000b7d6 (0x00005f17) x30 0x800107d6
core   0: 0x8000b7da (0x823f2523) sw      gp, -2006(t5)
core   0: 3 0x8000b7da (0x823f2523) mem 0x80010000 0x00000001
core   0: 0x8000b7de (0x0000bfe5) c.j     pc - 8
core   0: 3 0x8000b7de (0xbfe5)
core   0: 0x8000b7d6 (0x00005f17) auipc   t5, 0x5
core   0: 3 0x8000b7d6 (0x00005f17) x30 0x800107d6
core   0: 0x8000b7da (0x823f2523) sw      gp, -2006(t5)
core   0: 3 0x8000b7da (0x823f2523) mem 0x80010000 0x00000001
core   0: 0x8000b7de (0x0000bfe5) c.j     pc - 8
core   0: 3 0x8000b7de (0xbfe5)
core   0: 0x8000b7d6 (0x00005f17) auipc   t5, 0x5
core   0: 3 0x8000b7d6 (0x00005f17) x30 0x800107d6
core   0: 0x8000b7da (0x823f2523) sw      gp, -2006(t5)
core   0: 3 0x8000b7da (0x823f2523) mem 0x80010000 0x00000001
core   0: 0x8000b7de (0x0000bfe5) c.j     pc - 8
core   0: 3 0x8000b7de (0xbfe5)
core   0: 0x8000b7d6 (0x00005f17) auipc   t5, 0x5
core   0: 3 0x8000b7d6 (0x00005f17) x30 0x800107d6
core   0: 0x8000b7da (0x823f2523) sw      gp, -2006(t5)
core   0: 3 0x8000b7da (0x823f2523) mem 0x80010000 0x00000001
core   0: 0x8000b7de (0x0000bfe5) c.j     pc - 8
core   0: 3 0x8000b7de (0xbfe5)
core   0: 0x8000b7d6 (0x00005f17) auipc   t5, 0x5
core   0: 3 0x8000b7d6 (0x00005f17) x30 0x800107d6
core   0: 0x8000b7da (0x823f2523) sw      gp, -2006(t5)
core   0: 3 0x8000b7da (0x823f2523) mem 0x80010000 0x00000001
core   0: 0x8000b7de (0x0000bfe5) c.j     pc - 8
core   0: 3 0x8000b7de (0xbfe5)
core   0: 0x8000b7d6 (0x00005f17) auipc   t5, 0x5
core   0: 3 0x8000b7d6 (0x00005f17) x30 0x800107d6
core   0: 0x8000b7da (0x823f2523) sw      gp, -2006(t5)
core   0: 3 0x8000b7da (0x823f2523) mem 0x80010000 0x00000001
core   0: 0x8000b7de (0x0000bfe5) c.j     pc - 8
core   0: 3 0x8000b7de (0xbfe5)
core   0: 0x8000b7d6 (0x00005f17) auipc   t5, 0x5
core   0: 3 0x8000b7d6 (0x00005f17) x30 0x800107d6
core   0: 0x8000b7da (0x823f2523) sw      gp, -2006(t5)
core   0: 3 0x8000b7da (0x823f2523) mem 0x80010000 0x00000001
core   0: 0x8000b7de (0x0000bfe5) c.j     pc - 8
core   0: 3 0x8000b7de (0xbfe5)
core   0: 0x8000b7d6 (0x00005f17) auipc   t5, 0x5
core   0: 3 0x8000b7d6 (0x00005f17) x30 0x800107d6
core   0: 0x8000b7da (0x823f2523) sw      gp, -2006(t5)
core   0: 3 0x8000b7da (0x823f2523) mem 0x80010000 0x00000001
core   0: 0x8000b7de (0x0000bfe5) c.j     pc - 8
core   0: 3 0x8000b7de (0xbfe5)
core   0: 0x8000b7d6 (0x00005f17) auipc   t5, 0x5
core   0: 3 0x8000b7d6 (0x00005f17) x30 0x800107d6
core   0: 0x8000b7da (0x823f2523) sw      gp, -2006(t5)
core   0: 3 0x8000b7da (0x823f2523) mem 0x80010000 0x00000001
core   0: 0x8000b7de (0x0000bfe5) c.j     pc - 8
core   0: 3 0x8000b7de (0xbfe5)
core   0: 0x8000b7d6 (0x00005f17) auipc   t5, 0x5
core   0: 3 0x8000b7d6 (0x00005f17) x30 0x800107d6
core   0: 0x8000b7da (0x823f2523) sw      gp, -2006(t5)
core   0: 3 0x8000b7da (0x823f2523) mem 0x80010000 0x00000001
core   0: 0x8000b7de (0x0000bfe5) c.j     pc - 8
core   0: 3 0x8000b7de (0xbfe5)
core   0: 0x8000b7d6 (0x00005f17) auipc   t5, 0x5
core   0: 3 0x8000b7d6 (0x00005f17) x30 0x800107d6
core   0: 0x8000b7da (0x823f2523) sw      gp, -2006(t5)
core   0: 3 0x8000b7da (0x823f2523) mem 0x80010000 0x00000001
core   0: 0x8000b7de (0x0000bfe5) c.j     pc - 8
core   0: 3 0x8000b7de (0xbfe5)
core   0: 0x8000b7d6 (0x00005f17) auipc   t5, 0x5
core   0: 3 0x8000b7d6 (0x00005f17) x30 0x800107d6
core   0: 0x8000b7da (0x823f2523) sw      gp, -2006(t5)
core   0: 3 0x8000b7da (0x823f2523) mem 0x80010000 0x00000001
core   0: 0x8000b7de (0x0000bfe5) c.j     pc - 8
core   0: 3 0x8000b7de (0xbfe5)
core   0: 0x8000b7d6 (0x00005f17) auipc   t5, 0x5
core   0: 3 0x8000b7d6 (0x00005f17) x30 0x800107d6
core   0: 0x8000b7da (0x823f2523) sw      gp, -2006(t5)
core   0: 3 0x8000b7da (0x823f2523) mem 0x80010000 0x00000001
core   0: 0x8000b7de (0x0000bfe5) c.j     pc - 8
core   0: 3 0x8000b7de (0xbfe5)
core   0: 0x8000b7d6 (0x00005f17) auipc   t5, 0x5
core   0: 3 0x8000b7d6 (0x00005f17) x30 0x800107d6
core   0: 0x8000b7da (0x823f2523) sw      gp, -2006(t5)
core   0: 3 0x8000b7da (0x823f2523) mem 0x80010000 0x00000001
core   0: 0x8000b7de (0x0000bfe5) c.j     pc - 8
core   0: 3 0x8000b7de (0xbfe5)
core   0: 0x8000b7d6 (0x00005f17) auipc   t5, 0x5
core   0: 3 0x8000b7d6 (0x00005f17) x30 0x800107d6
core   0: 0x8000b7da (0x823f2523) sw      gp, -2006(t5)
core   0: 3 0x8000b7da (0x823f2523) mem 0x80010000 0x00000001
core   0: 0x8000b7de (0x0000bfe5) c.j     pc - 8
core   0: 3 0x8000b7de (0xbfe5)
core   0: 0x8000b7d6 (0x00005f17) auipc   t5, 0x5
core   0: 3 0x8000b7d6 (0x00005f17) x30 0x800107d6
core   0: 0x8000b7da (0x823f2523) sw      gp, -2006(t5)
core   0: 3 0x8000b7da (0x823f2523) mem 0x80010000 0x00000001
core   0: 0x8000b7de (0x0000bfe5) c.j     pc - 8
core   0: 3 0x8000b7de (0xbfe5)
core   0: 0x8000b7d6 (0x00005f17) auipc   t5, 0x5
core   0: 3 0x8000b7d6 (0x00005f17) x30 0x800107d6
core   0: 0x8000b7da (0x823f2523) sw      gp, -2006(t5)
core   0: 3 0x8000b7da (0x823f2523) mem 0x80010000 0x00000001
core   0: 0x8000b7de (0x0000bfe5) c.j     pc - 8
core   0: 3 0x8000b7de (0xbfe5)
core   0: 0x8000b7d6 (0x00005f17) auipc   t5, 0x5
core   0: 3 0x8000b7d6 (0x00005f17) x30 0x800107d6
core   0: 0x8000b7da (0x823f2523) sw      gp, -2006(t5)
core   0: 3 0x8000b7da (0x823f2523) mem 0x80010000 0x00000001
core   0: 0x8000b7de (0x0000bfe5) c.j     pc - 8
core   0: 3 0x8000b7de (0xbfe5)
core   0: 0x8000b7d6 (0x00005f17) auipc   t5, 0x5
core   0: 3 0x8000b7d6 (0x00005f17) x30 0x800107d6
core   0: 0x8000b7da (0x823f2523) sw      gp, -2006(t5)
core   0: 3 0x8000b7da (0x823f2523) mem 0x80010000 0x00000001
core   0: 0x8000b7de (0x0000bfe5) c.j     pc - 8
core   0: 3 0x8000b7de (0xbfe5)
core   0: 0x8000b7d6 (0x00005f17) auipc   t5, 0x5
core   0: 3 0x8000b7d6 (0x00005f17) x30 0x800107d6
core   0: 0x8000b7da (0x823f2523) sw      gp, -2006(t5)
core   0: 3 0x8000b7da (0x823f2523) mem 0x80010000 0x00000001
core   0: 0x8000b7de (0x0000bfe5) c.j     pc - 8
core   0: 3 0x8000b7de (0xbfe5)
core   0: 0x8000b7d6 (0x00005f17) auipc   t5, 0x5
core   0: 3 0x8000b7d6 (0x00005f17) x30 0x800107d6
core   0: 0x8000b7da (0x823f2523) sw      gp, -2006(t5)
core   0: 3 0x8000b7da (0x823f2523) mem 0x80010000 0x00000001
core   0: 0x8000b7de (0x0000bfe5) c.j     pc - 8
core   0: 3 0x8000b7de (0xbfe5)
core   0: 0x8000b7d6 (0x00005f17) auipc   t5, 0x5
core   0: 3 0x8000b7d6 (0x00005f17) x30 0x800107d6
core   0: 0x8000b7da (0x823f2523) sw      gp, -2006(t5)
core   0: 3 0x8000b7da (0x823f2523) mem 0x80010000 0x00000001
core   0: 0x8000b7de (0x0000bfe5) c.j     pc - 8
core   0: 3 0x8000b7de (0xbfe5)
core   0: 0x8000b7d6 (0x00005f17) auipc   t5, 0x5
core   0: 3 0x8000b7d6 (0x00005f17) x30 0x800107d6
core   0: 0x8000b7da (0x823f2523) sw      gp, -2006(t5)
core   0: 3 0x8000b7da (0x823f2523) mem 0x80010000 0x00000001
core   0: 0x8000b7de (0x0000bfe5) c.j     pc - 8
core   0: 3 0x8000b7de (0xbfe5)
core   0: 0x8000b7d6 (0x00005f17) auipc   t5, 0x5
core   0: 3 0x8000b7d6 (0x00005f17) x30 0x800107d6
core   0: 0x8000b7da (0x823f2523) sw      gp, -2006(t5)
core   0: 3 0x8000b7da (0x823f2523) mem 0x80010000 0x00000001
core   0: 0x8000b7de (0x0000bfe5) c.j     pc - 8
core   0: 3 0x8000b7de (0xbfe5)
core   0: 0x8000b7d6 (0x00005f17) auipc   t5, 0x5
core   0: 3 0x8000b7d6 (0x00005f17) x30 0x800107d6
core   0: 0x8000b7da (0x823f2523) sw      gp, -2006(t5)
core   0: 3 0x8000b7da (0x823f2523) mem 0x80010000 0x00000001
core   0: 0x8000b7de (0x0000bfe5) c.j     pc - 8
core   0: 3 0x8000b7de (0xbfe5)
core   0: 0x8000b7d6 (0x00005f17) auipc   t5, 0x5
core   0: 3 0x8000b7d6 (0x00005f17) x30 0x800107d6
core   0: 0x8000b7da (0x823f2523) sw      gp, -2006(t5)
core   0: 3 0x8000b7da (0x823f2523) mem 0x80010000 0x00000001
core   0: 0x8000b7de (0x0000bfe5) c.j     pc - 8
core   0: 3 0x8000b7de (0xbfe5)
core   0: 0x8000b7d6 (0x00005f17) auipc   t5, 0x5
core   0: 3 0x8000b7d6 (0x00005f17) x30 0x800107d6
core   0: 0x8000b7da (0x823f2523) sw      gp, -2006(t5)
core   0: 3 0x8000b7da (0x823f2523) mem 0x80010000 0x00000001
core   0: 0x8000b7de (0x0000bfe5) c.j     pc - 8
core   0: 3 0x8000b7de (0xbfe5)
core   0: 0x8000b7d6 (0x00005f17) auipc   t5, 0x5
core   0: 3 0x8000b7d6 (0x00005f17) x30 0x800107d6
core   0: 0x8000b7da (0x823f2523) sw      gp, -2006(t5)
core   0: 3 0x8000b7da (0x823f2523) mem 0x80010000 0x00000001
core   0: 0x8000b7de (0x0000bfe5) c.j     pc - 8
core   0: 3 0x8000b7de (0xbfe5)
core   0: 0x8000b7d6 (0x00005f17) auipc   t5, 0x5
core   0: 3 0x8000b7d6 (0x00005f17) x30 0x800107d6
core   0: 0x8000b7da (0x823f2523) sw      gp, -2006(t5)
core   0: 3 0x8000b7da (0x823f2523) mem 0x80010000 0x00000001
core   0: 0x8000b7de (0x0000bfe5) c.j     pc - 8
core   0: 3 0x8000b7de (0xbfe5)
core   0: 0x8000b7d6 (0x00005f17) auipc   t5, 0x5
core   0: 3 0x8000b7d6 (0x00005f17) x30 0x800107d6
core   0: 0x8000b7da (0x823f2523) sw      gp, -2006(t5)
core   0: 3 0x8000b7da (0x823f2523) mem 0x80010000 0x00000001
core   0: 0x8000b7de (0x0000bfe5) c.j     pc - 8
core   0: 3 0x8000b7de (0xbfe5)
core   0: 0x8000b7d6 (0x00005f17) auipc   t5, 0x5
core   0: 3 0x8000b7d6 (0x00005f17) x30 0x800107d6
core   0: 0x8000b7da (0x823f2523) sw      gp, -2006(t5)
core   0: 3 0x8000b7da (0x823f2523) mem 0x80010000 0x00000001
core   0: 0x8000b7de (0x0000bfe5) c.j     pc - 8
core   0: 3 0x8000b7de (0xbfe5)
core   0: 0x8000b7d6 (0x00005f17) auipc   t5, 0x5
core   0: 3 0x8000b7d6 (0x00005f17) x30 0x800107d6
core   0: 0x8000b7da (0x823f2523) sw      gp, -2006(t5)
core   0: 3 0x8000b7da (0x823f2523) mem 0x80010000 0x00000001
core   0: 0x8000b7de (0x0000bfe5) c.j     pc - 8
core   0: 3 0x8000b7de (0xbfe5)
core   0: 0x8000b7d6 (0x00005f17) auipc   t5, 0x5
core   0: 3 0x8000b7d6 (0x00005f17) x30 0x800107d6
core   0: 0x8000b7da (0x823f2523) sw      gp, -2006(t5)
core   0: 3 0x8000b7da (0x823f2523) mem 0x80010000 0x00000001
core   0: 0x8000b7de (0x0000bfe5) c.j     pc - 8
core   0: 3 0x8000b7de (0xbfe5)
core   0: 0x8000b7d6 (0x00005f17) auipc   t5, 0x5
core   0: 3 0x8000b7d6 (0x00005f17) x30 0x800107d6
core   0: 0x8000b7da (0x823f2523) sw      gp, -2006(t5)
core   0: 3 0x8000b7da (0x823f2523) mem 0x80010000 0x00000001
core   0: 0x8000b7de (0x0000bfe5) c.j     pc - 8
core   0: 3 0x8000b7de (0xbfe5)
core   0: 0x8000b7d6 (0x00005f17) auipc   t5, 0x5
core   0: 3 0x8000b7d6 (0x00005f17) x30 0x800107d6
core   0: 0x8000b7da (0x823f2523) sw      gp, -2006(t5)
core   0: 3 0x8000b7da (0x823f2523) mem 0x80010000 0x00000001
core   0: 0x8000b7de (0x0000bfe5) c.j     pc - 8
core   0: 3 0x8000b7de (0xbfe5)
core   0: 0x8000b7d6 (0x00005f17) auipc   t5, 0x5
core   0: 3 0x8000b7d6 (0x00005f17) x30 0x800107d6
core   0: 0x8000b7da (0x823f2523) sw      gp, -2006(t5)
core   0: 3 0x8000b7da (0x823f2523) mem 0x80010000 0x00000001
core   0: 0x8000b7de (0x0000bfe5) c.j     pc - 8
core   0: 3 0x8000b7de (0xbfe5)
core   0: 0x8000b7d6 (0x00005f17) auipc   t5, 0x5
core   0: 3 0x8000b7d6 (0x00005f17) x30 0x800107d6
core   0: 0x8000b7da (0x823f2523) sw      gp, -2006(t5)
core   0: 3 0x8000b7da (0x823f2523) mem 0x80010000 0x00000001
core   0: 0x8000b7de (0x0000bfe5) c.j     pc - 8
core   0: 3 0x8000b7de (0xbfe5)
core   0: 0x8000b7d6 (0x00005f17) auipc   t5, 0x5
core   0: 3 0x8000b7d6 (0x00005f17) x30 0x800107d6
core   0: 0x8000b7da (0x823f2523) sw      gp, -2006(t5)
core   0: 3 0x8000b7da (0x823f2523) mem 0x80010000 0x00000001
core   0: 0x8000b7de (0x0000bfe5) c.j     pc - 8
core   0: 3 0x8000b7de (0xbfe5)
core   0: 0x8000b7d6 (0x00005f17) auipc   t5, 0x5
core   0: 3 0x8000b7d6 (0x00005f17) x30 0x800107d6
core   0: 0x8000b7da (0x823f2523) sw      gp, -2006(t5)
core   0: 3 0x8000b7da (0x823f2523) mem 0x80010000 0x00000001
core   0: 0x8000b7de (0x0000bfe5) c.j     pc - 8
core   0: 3 0x8000b7de (0xbfe5)
core   0: 0x8000b7d6 (0x00005f17) auipc   t5, 0x5
core   0: 3 0x8000b7d6 (0x00005f17) x30 0x800107d6
core   0: 0x8000b7da (0x823f2523) sw      gp, -2006(t5)
core   0: 3 0x8000b7da (0x823f2523) mem 0x80010000 0x00000001
core   0: 0x8000b7de (0x0000bfe5) c.j     pc - 8
core   0: 3 0x8000b7de (0xbfe5)
core   0: 0x8000b7d6 (0x00005f17) auipc   t5, 0x5
core   0: 3 0x8000b7d6 (0x00005f17) x30 0x800107d6
core   0: 0x8000b7da (0x823f2523) sw      gp, -2006(t5)
core   0: 3 0x8000b7da (0x823f2523) mem 0x80010000 0x00000001
core   0: 0x8000b7de (0x0000bfe5) c.j     pc - 8
core   0: 3 0x8000b7de (0xbfe5)
core   0: 0x8000b7d6 (0x00005f17) auipc   t5, 0x5
core   0: 3 0x8000b7d6 (0x00005f17) x30 0x800107d6
core   0: 0x8000b7da (0x823f2523) sw      gp, -2006(t5)
core   0: 3 0x8000b7da (0x823f2523) mem 0x80010000 0x00000001
core   0: 0x8000b7de (0x0000bfe5) c.j     pc - 8
core   0: 3 0x8000b7de (0xbfe5)
core   0: 0x8000b7d6 (0x00005f17) auipc   t5, 0x5
core   0: 3 0x8000b7d6 (0x00005f17) x30 0x800107d6
core   0: 0x8000b7da (0x823f2523) sw      gp, -2006(t5)
core   0: 3 0x8000b7da (0x823f2523) mem 0x80010000 0x00000001
core   0: 0x8000b7de (0x0000bfe5) c.j     pc - 8
core   0: 3 0x8000b7de (0xbfe5)
core   0: 0x8000b7d6 (0x00005f17) auipc   t5, 0x5
core   0: 3 0x8000b7d6 (0x00005f17) x30 0x800107d6
core   0: 0x8000b7da (0x823f2523) sw      gp, -2006(t5)
core   0: 3 0x8000b7da (0x823f2523) mem 0x80010000 0x00000001
core   0: 0x8000b7de (0x0000bfe5) c.j     pc - 8
core   0: 3 0x8000b7de (0xbfe5)
core   0: 0x8000b7d6 (0x00005f17) auipc   t5, 0x5
core   0: 3 0x8000b7d6 (0x00005f17) x30 0x800107d6
core   0: 0x8000b7da (0x823f2523) sw      gp, -2006(t5)
core   0: 3 0x8000b7da (0x823f2523) mem 0x80010000 0x00000001
core   0: 0x8000b7de (0x0000bfe5) c.j     pc - 8
core   0: 3 0x8000b7de (0xbfe5)
core   0: 0x8000b7d6 (0x00005f17) auipc   t5, 0x5
core   0: 3 0x8000b7d6 (0x00005f17) x30 0x800107d6
core   0: 0x8000b7da (0x823f2523) sw      gp, -2006(t5)
core   0: 3 0x8000b7da (0x823f2523) mem 0x80010000 0x00000001
core   0: 0x8000b7de (0x0000bfe5) c.j     pc - 8
core   0: 3 0x8000b7de (0xbfe5)
core   0: 0x8000b7d6 (0x00005f17) auipc   t5, 0x5
core   0: 3 0x8000b7d6 (0x00005f17) x30 0x800107d6
core   0: 0x8000b7da (0x823f2523) sw      gp, -2006(t5)
core   0: 3 0x8000b7da (0x823f2523) mem 0x80010000 0x00000001
core   0: 0x8000b7de (0x0000bfe5) c.j     pc - 8
core   0: 3 0x8000b7de (0xbfe5)
core   0: 0x8000b7d6 (0x00005f17) auipc   t5, 0x5
core   0: 3 0x8000b7d6 (0x00005f17) x30 0x800107d6
core   0: 0x8000b7da (0x823f2523) sw      gp, -2006(t5)
core   0: 3 0x8000b7da (0x823f2523) mem 0x80010000 0x00000001
core   0: 0x8000b7de (0x0000bfe5) c.j     pc - 8
core   0: 3 0x8000b7de (0xbfe5)
core   0: 0x8000b7d6 (0x00005f17) auipc   t5, 0x5
core   0: 3 0x8000b7d6 (0x00005f17) x30 0x800107d6
core   0: 0x8000b7da (0x823f2523) sw      gp, -2006(t5)
core   0: 3 0x8000b7da (0x823f2523) mem 0x80010000 0x00000001
core   0: 0x8000b7de (0x0000bfe5) c.j     pc - 8
core   0: 3 0x8000b7de (0xbfe5)
core   0: 0x8000b7d6 (0x00005f17) auipc   t5, 0x5
core   0: 3 0x8000b7d6 (0x00005f17) x30 0x800107d6
core   0: 0x8000b7da (0x823f2523) sw      gp, -2006(t5)
core   0: 3 0x8000b7da (0x823f2523) mem 0x80010000 0x00000001
core   0: 0x8000b7de (0x0000bfe5) c.j     pc - 8
core   0: 3 0x8000b7de (0xbfe5)
core   0: 0x8000b7d6 (0x00005f17) auipc   t5, 0x5
core   0: 3 0x8000b7d6 (0x00005f17) x30 0x800107d6
core   0: 0x8000b7da (0x823f2523) sw      gp, -2006(t5)
core   0: 3 0x8000b7da (0x823f2523) mem 0x80010000 0x00000001
core   0: 0x8000b7de (0x0000bfe5) c.j     pc - 8
core   0: 3 0x8000b7de (0xbfe5)
core   0: 0x8000b7d6 (0x00005f17) auipc   t5, 0x5
core   0: 3 0x8000b7d6 (0x00005f17) x30 0x800107d6
core   0: 0x8000b7da (0x823f2523) sw      gp, -2006(t5)
core   0: 3 0x8000b7da (0x823f2523) mem 0x80010000 0x00000001
core   0: 0x8000b7de (0x0000bfe5) c.j     pc - 8
core   0: 3 0x8000b7de (0xbfe5)
core   0: 0x8000b7d6 (0x00005f17) auipc   t5, 0x5
core   0: 3 0x8000b7d6 (0x00005f17) x30 0x800107d6
core   0: 0x8000b7da (0x823f2523) sw      gp, -2006(t5)
core   0: 3 0x8000b7da (0x823f2523) mem 0x80010000 0x00000001
core   0: 0x8000b7de (0x0000bfe5) c.j     pc - 8
core   0: 3 0x8000b7de (0xbfe5)
core   0: 0x8000b7d6 (0x00005f17) auipc   t5, 0x5
core   0: 3 0x8000b7d6 (0x00005f17) x30 0x800107d6
core   0: 0x8000b7da (0x823f2523) sw      gp, -2006(t5)
core   0: 3 0x8000b7da (0x823f2523) mem 0x80010000 0x00000001
core   0: 0x8000b7de (0x0000bfe5) c.j     pc - 8
core   0: 3 0x8000b7de (0xbfe5)
core   0: 0x8000b7d6 (0x00005f17) auipc   t5, 0x5
core   0: 3 0x8000b7d6 (0x00005f17) x30 0x800107d6
core   0: 0x8000b7da (0x823f2523) sw      gp, -2006(t5)
core   0: 3 0x8000b7da (0x823f2523) mem 0x80010000 0x00000001
core   0: 0x8000b7de (0x0000bfe5) c.j     pc - 8
core   0: 3 0x8000b7de (0xbfe5)
core   0: 0x8000b7d6 (0x00005f17) auipc   t5, 0x5
core   0: 3 0x8000b7d6 (0x00005f17) x30 0x800107d6
core   0: 0x8000b7da (0x823f2523) sw      gp, -2006(t5)
core   0: 3 0x8000b7da (0x823f2523) mem 0x80010000 0x00000001
core   0: 0x8000b7de (0x0000bfe5) c.j     pc - 8
core   0: 3 0x8000b7de (0xbfe5)
core   0: 0x8000b7d6 (0x00005f17) auipc   t5, 0x5
core   0: 3 0x8000b7d6 (0x00005f17) x30 0x800107d6
core   0: 0x8000b7da (0x823f2523) sw      gp, -2006(t5)
core   0: 3 0x8000b7da (0x823f2523) mem 0x80010000 0x00000001
core   0: 0x8000b7de (0x0000bfe5) c.j     pc - 8
core   0: 3 0x8000b7de (0xbfe5)
core   0: 0x8000b7d6 (0x00005f17) auipc   t5, 0x5
core   0: 3 0x8000b7d6 (0x00005f17) x30 0x800107d6
core   0: 0x8000b7da (0x823f2523) sw      gp, -2006(t5)
core   0: 3 0x8000b7da (0x823f2523) mem 0x80010000 0x00000001
core   0: 0x8000b7de (0x0000bfe5) c.j     pc - 8
core   0: 3 0x8000b7de (0xbfe5)
core   0: 0x8000b7d6 (0x00005f17) auipc   t5, 0x5
core   0: 3 0x8000b7d6 (0x00005f17) x30 0x800107d6
core   0: 0x8000b7da (0x823f2523) sw      gp, -2006(t5)
core   0: 3 0x8000b7da (0x823f2523) mem 0x80010000 0x00000001
core   0: 0x8000b7de (0x0000bfe5) c.j     pc - 8
core   0: 3 0x8000b7de (0xbfe5)
core   0: 0x8000b7d6 (0x00005f17) auipc   t5, 0x5
core   0: 3 0x8000b7d6 (0x00005f17) x30 0x800107d6
core   0: 0x8000b7da (0x823f2523) sw      gp, -2006(t5)
core   0: 3 0x8000b7da (0x823f2523) mem 0x80010000 0x00000001
core   0: 0x8000b7de (0x0000bfe5) c.j     pc - 8
core   0: 3 0x8000b7de (0xbfe5)
core   0: 0x8000b7d6 (0x00005f17) auipc   t5, 0x5
core   0: 3 0x8000b7d6 (0x00005f17) x30 0x800107d6
core   0: 0x8000b7da (0x823f2523) sw      gp, -2006(t5)
core   0: 3 0x8000b7da (0x823f2523) mem 0x80010000 0x00000001
core   0: 0x8000b7de (0x0000bfe5) c.j     pc - 8
core   0: 3 0x8000b7de (0xbfe5)
core   0: 0x8000b7d6 (0x00005f17) auipc   t5, 0x5
core   0: 3 0x8000b7d6 (0x00005f17) x30 0x800107d6
core   0: 0x8000b7da (0x823f2523) sw      gp, -2006(t5)
core   0: 3 0x8000b7da (0x823f2523) mem 0x80010000 0x00000001
core   0: 0x8000b7de (0x0000bfe5) c.j     pc - 8
core   0: 3 0x8000b7de (0xbfe5)
core   0: 0x8000b7d6 (0x00005f17) auipc   t5, 0x5
core   0: 3 0x8000b7d6 (0x00005f17) x30 0x800107d6
core   0: 0x8000b7da (0x823f2523) sw      gp, -2006(t5)
core   0: 3 0x8000b7da (0x823f2523) mem 0x80010000 0x00000001
core   0: 0x8000b7de (0x0000bfe5) c.j     pc - 8
core   0: 3 0x8000b7de (0xbfe5)
core   0: 0x8000b7d6 (0x00005f17) auipc   t5, 0x5
core   0: 3 0x8000b7d6 (0x00005f17) x30 0x800107d6
core   0: 0x8000b7da (0x823f2523) sw      gp, -2006(t5)
core   0: 3 0x8000b7da (0x823f2523) mem 0x80010000 0x00000001
core   0: 0x8000b7de (0x0000bfe5) c.j     pc - 8
core   0: 3 0x8000b7de (0xbfe5)
core   0: 0x8000b7d6 (0x00005f17) auipc   t5, 0x5
core   0: 3 0x8000b7d6 (0x00005f17) x30 0x800107d6
core   0: 0x8000b7da (0x823f2523) sw      gp, -2006(t5)
core   0: 3 0x8000b7da (0x823f2523) mem 0x80010000 0x00000001
core   0: 0x8000b7de (0x0000bfe5) c.j     pc - 8
core   0: 3 0x8000b7de (0xbfe5)
core   0: 0x8000b7d6 (0x00005f17) auipc   t5, 0x5
core   0: 3 0x8000b7d6 (0x00005f17) x30 0x800107d6
core   0: 0x8000b7da (0x823f2523) sw      gp, -2006(t5)
core   0: 3 0x8000b7da (0x823f2523) mem 0x80010000 0x00000001
core   0: 0x8000b7de (0x0000bfe5) c.j     pc - 8
core   0: 3 0x8000b7de (0xbfe5)
core   0: 0x8000b7d6 (0x00005f17) auipc   t5, 0x5
core   0: 3 0x8000b7d6 (0x00005f17) x30 0x800107d6
core   0: 0x8000b7da (0x823f2523) sw      gp, -2006(t5)
core   0: 3 0x8000b7da (0x823f2523) mem 0x80010000 0x00000001
core   0: 0x8000b7de (0x0000bfe5) c.j     pc - 8
core   0: 3 0x8000b7de (0xbfe5)
core   0: 0x8000b7d6 (0x00005f17) auipc   t5, 0x5
core   0: 3 0x8000b7d6 (0x00005f17) x30 0x800107d6
core   0: 0x8000b7da (0x823f2523) sw      gp, -2006(t5)
core   0: 3 0x8000b7da (0x823f2523) mem 0x80010000 0x00000001
core   0: 0x8000b7de (0x0000bfe5) c.j     pc - 8
core   0: 3 0x8000b7de (0xbfe5)
core   0: 0x8000b7d6 (0x00005f17) auipc   t5, 0x5
core   0: 3 0x8000b7d6 (0x00005f17) x30 0x800107d6
core   0: 0x8000b7da (0x823f2523) sw      gp, -2006(t5)
core   0: 3 0x8000b7da (0x823f2523) mem 0x80010000 0x00000001
core   0: 0x8000b7de (0x0000bfe5) c.j     pc - 8
core   0: 3 0x8000b7de (0xbfe5)
core   0: 0x8000b7d6 (0x00005f17) auipc   t5, 0x5
core   0: 3 0x8000b7d6 (0x00005f17) x30 0x800107d6
core   0: 0x8000b7da (0x823f2523) sw      gp, -2006(t5)
core   0: 3 0x8000b7da (0x823f2523) mem 0x80010000 0x00000001
core   0: 0x8000b7de (0x0000bfe5) c.j     pc - 8
core   0: 3 0x8000b7de (0xbfe5)
core   0: 0x8000b7d6 (0x00005f17) auipc   t5, 0x5
core   0: 3 0x8000b7d6 (0x00005f17) x30 0x800107d6
core   0: 0x8000b7da (0x823f2523) sw      gp, -2006(t5)
core   0: 3 0x8000b7da (0x823f2523) mem 0x80010000 0x00000001
core   0: 0x8000b7de (0x0000bfe5) c.j     pc - 8
core   0: 3 0x8000b7de (0xbfe5)
core   0: 0x8000b7d6 (0x00005f17) auipc   t5, 0x5
core   0: 3 0x8000b7d6 (0x00005f17) x30 0x800107d6
core   0: 0x8000b7da (0x823f2523) sw      gp, -2006(t5)
core   0: 3 0x8000b7da (0x823f2523) mem 0x80010000 0x00000001
core   0: 0x8000b7de (0x0000bfe5) c.j     pc - 8
core   0: 3 0x8000b7de (0xbfe5)
core   0: 0x8000b7d6 (0x00005f17) auipc   t5, 0x5
core   0: 3 0x8000b7d6 (0x00005f17) x30 0x800107d6
core   0: 0x8000b7da (0x823f2523) sw      gp, -2006(t5)
core   0: 3 0x8000b7da (0x823f2523) mem 0x80010000 0x00000001
core   0: 0x8000b7de (0x0000bfe5) c.j     pc - 8
core   0: 3 0x8000b7de (0xbfe5)
core   0: 0x8000b7d6 (0x00005f17) auipc   t5, 0x5
core   0: 3 0x8000b7d6 (0x00005f17) x30 0x800107d6
core   0: 0x8000b7da (0x823f2523) sw      gp, -2006(t5)
core   0: 3 0x8000b7da (0x823f2523) mem 0x80010000 0x00000001
core   0: 0x8000b7de (0x0000bfe5) c.j     pc - 8
core   0: 3 0x8000b7de (0xbfe5)
core   0: 0x8000b7d6 (0x00005f17) auipc   t5, 0x5
core   0: 3 0x8000b7d6 (0x00005f17) x30 0x800107d6
core   0: 0x8000b7da (0x823f2523) sw      gp, -2006(t5)
core   0: 3 0x8000b7da (0x823f2523) mem 0x80010000 0x00000001
core   0: 0x8000b7de (0x0000bfe5) c.j     pc - 8
core   0: 3 0x8000b7de (0xbfe5)
core   0: 0x8000b7d6 (0x00005f17) auipc   t5, 0x5
core   0: 3 0x8000b7d6 (0x00005f17) x30 0x800107d6
core   0: 0x8000b7da (0x823f2523) sw      gp, -2006(t5)
core   0: 3 0x8000b7da (0x823f2523) mem 0x80010000 0x00000001
core   0: 0x8000b7de (0x0000bfe5) c.j     pc - 8
core   0: 3 0x8000b7de (0xbfe5)
core   0: 0x8000b7d6 (0x00005f17) auipc   t5, 0x5
core   0: 3 0x8000b7d6 (0x00005f17) x30 0x800107d6
core   0: 0x8000b7da (0x823f2523) sw      gp, -2006(t5)
core   0: 3 0x8000b7da (0x823f2523) mem 0x80010000 0x00000001
core   0: 0x8000b7de (0x0000bfe5) c.j     pc - 8
core   0: 3 0x8000b7de (0xbfe5)
core   0: 0x8000b7d6 (0x00005f17) auipc   t5, 0x5
core   0: 3 0x8000b7d6 (0x00005f17) x30 0x800107d6
core   0: 0x8000b7da (0x823f2523) sw      gp, -2006(t5)
core   0: 3 0x8000b7da (0x823f2523) mem 0x80010000 0x00000001
core   0: 0x8000b7de (0x0000bfe5) c.j     pc - 8
core   0: 3 0x8000b7de (0xbfe5)
core   0: 0x8000b7d6 (0x00005f17) auipc   t5, 0x5
core   0: 3 0x8000b7d6 (0x00005f17) x30 0x800107d6
core   0: 0x8000b7da (0x823f2523) sw      gp, -2006(t5)
core   0: 3 0x8000b7da (0x823f2523) mem 0x80010000 0x00000001
core   0: 0x8000b7de (0x0000bfe5) c.j     pc - 8
core   0: 3 0x8000b7de (0xbfe5)
core   0: 0x8000b7d6 (0x00005f17) auipc   t5, 0x5
core   0: 3 0x8000b7d6 (0x00005f17) x30 0x800107d6
core   0: 0x8000b7da (0x823f2523) sw      gp, -2006(t5)
core   0: 3 0x8000b7da (0x823f2523) mem 0x80010000 0x00000001
core   0: 0x8000b7de (0x0000bfe5) c.j     pc - 8
core   0: 3 0x8000b7de (0xbfe5)
core   0: 0x8000b7d6 (0x00005f17) auipc   t5, 0x5
core   0: 3 0x8000b7d6 (0x00005f17) x30 0x800107d6
core   0: 0x8000b7da (0x823f2523) sw      gp, -2006(t5)
core   0: 3 0x8000b7da (0x823f2523) mem 0x80010000 0x00000001
core   0: 0x8000b7de (0x0000bfe5) c.j     pc - 8
core   0: 3 0x8000b7de (0xbfe5)
core   0: 0x8000b7d6 (0x00005f17) auipc   t5, 0x5
core   0: 3 0x8000b7d6 (0x00005f17) x30 0x800107d6
core   0: 0x8000b7da (0x823f2523) sw      gp, -2006(t5)
core   0: 3 0x8000b7da (0x823f2523) mem 0x80010000 0x00000001
core   0: 0x8000b7de (0x0000bfe5) c.j     pc - 8
core   0: 3 0x8000b7de (0xbfe5)
core   0: 0x8000b7d6 (0x00005f17) auipc   t5, 0x5
core   0: 3 0x8000b7d6 (0x00005f17) x30 0x800107d6
core   0: 0x8000b7da (0x823f2523) sw      gp, -2006(t5)
core   0: 3 0x8000b7da (0x823f2523) mem 0x80010000 0x00000001
core   0: 0x8000b7de (0x0000bfe5) c.j     pc - 8
core   0: 3 0x8000b7de (0xbfe5)
core   0: 0x8000b7d6 (0x00005f17) auipc   t5, 0x5
core   0: 3 0x8000b7d6 (0x00005f17) x30 0x800107d6
core   0: 0x8000b7da (0x823f2523) sw      gp, -2006(t5)
core   0: 3 0x8000b7da (0x823f2523) mem 0x80010000 0x00000001
core   0: 0x8000b7de (0x0000bfe5) c.j     pc - 8
core   0: 3 0x8000b7de (0xbfe5)
core   0: 0x8000b7d6 (0x00005f17) auipc   t5, 0x5
core   0: 3 0x8000b7d6 (0x00005f17) x30 0x800107d6
core   0: 0x8000b7da (0x823f2523) sw      gp, -2006(t5)
core   0: 3 0x8000b7da (0x823f2523) mem 0x80010000 0x00000001
core   0: 0x8000b7de (0x0000bfe5) c.j     pc - 8
core   0: 3 0x8000b7de (0xbfe5)
core   0: 0x8000b7d6 (0x00005f17) auipc   t5, 0x5
core   0: 3 0x8000b7d6 (0x00005f17) x30 0x800107d6
core   0: 0x8000b7da (0x823f2523) sw      gp, -2006(t5)
core   0: 3 0x8000b7da (0x823f2523) mem 0x80010000 0x00000001
core   0: 0x8000b7de (0x0000bfe5) c.j     pc - 8
core   0: 3 0x8000b7de (0xbfe5)
core   0: 0x8000b7d6 (0x00005f17) auipc   t5, 0x5
core   0: 3 0x8000b7d6 (0x00005f17) x30 0x800107d6
core   0: 0x8000b7da (0x823f2523) sw      gp, -2006(t5)
core   0: 3 0x8000b7da (0x823f2523) mem 0x80010000 0x00000001
core   0: 0x8000b7de (0x0000bfe5) c.j     pc - 8
core   0: 3 0x8000b7de (0xbfe5)
core   0: 0x8000b7d6 (0x00005f17) auipc   t5, 0x5
core   0: 3 0x8000b7d6 (0x00005f17) x30 0x800107d6
core   0: 0x8000b7da (0x823f2523) sw      gp, -2006(t5)
core   0: 3 0x8000b7da (0x823f2523) mem 0x80010000 0x00000001
core   0: 0x8000b7de (0x0000bfe5) c.j     pc - 8
core   0: 3 0x8000b7de (0xbfe5)
core   0: 0x8000b7d6 (0x00005f17) auipc   t5, 0x5
core   0: 3 0x8000b7d6 (0x00005f17) x30 0x800107d6
core   0: 0x8000b7da (0x823f2523) sw      gp, -2006(t5)
core   0: 3 0x8000b7da (0x823f2523) mem 0x80010000 0x00000001
core   0: 0x8000b7de (0x0000bfe5) c.j     pc - 8
core   0: 3 0x8000b7de (0xbfe5)
core   0: 0x8000b7d6 (0x00005f17) auipc   t5, 0x5
core   0: 3 0x8000b7d6 (0x00005f17) x30 0x800107d6
core   0: 0x8000b7da (0x823f2523) sw      gp, -2006(t5)
core   0: 3 0x8000b7da (0x823f2523) mem 0x80010000 0x00000001
core   0: 0x8000b7de (0x0000bfe5) c.j     pc - 8
core   0: 3 0x8000b7de (0xbfe5)
core   0: 0x8000b7d6 (0x00005f17) auipc   t5, 0x5
core   0: 3 0x8000b7d6 (0x00005f17) x30 0x800107d6
core   0: 0x8000b7da (0x823f2523) sw      gp, -2006(t5)
core   0: 3 0x8000b7da (0x823f2523) mem 0x80010000 0x00000001
core   0: 0x8000b7de (0x0000bfe5) c.j     pc - 8
core   0: 3 0x8000b7de (0xbfe5)
core   0: 0x8000b7d6 (0x00005f17) auipc   t5, 0x5
core   0: 3 0x8000b7d6 (0x00005f17) x30 0x800107d6
core   0: 0x8000b7da (0x823f2523) sw      gp, -2006(t5)
core   0: 3 0x8000b7da (0x823f2523) mem 0x80010000 0x00000001
core   0: 0x8000b7de (0x0000bfe5) c.j     pc - 8
core   0: 3 0x8000b7de (0xbfe5)
core   0: 0x8000b7d6 (0x00005f17) auipc   t5, 0x5
core   0: 3 0x8000b7d6 (0x00005f17) x30 0x800107d6
core   0: 0x8000b7da (0x823f2523) sw      gp, -2006(t5)
core   0: 3 0x8000b7da (0x823f2523) mem 0x80010000 0x00000001
core   0: 0x8000b7de (0x0000bfe5) c.j     pc - 8
core   0: 3 0x8000b7de (0xbfe5)
core   0: 0x8000b7d6 (0x00005f17) auipc   t5, 0x5
core   0: 3 0x8000b7d6 (0x00005f17) x30 0x800107d6
core   0: 0x8000b7da (0x823f2523) sw      gp, -2006(t5)
core   0: 3 0x8000b7da (0x823f2523) mem 0x80010000 0x00000001
core   0: 0x8000b7de (0x0000bfe5) c.j     pc - 8
core   0: 3 0x8000b7de (0xbfe5)
core   0: 0x8000b7d6 (0x00005f17) auipc   t5, 0x5
core   0: 3 0x8000b7d6 (0x00005f17) x30 0x800107d6
core   0: 0x8000b7da (0x823f2523) sw      gp, -2006(t5)
core   0: 3 0x8000b7da (0x823f2523) mem 0x80010000 0x00000001
core   0: 0x8000b7de (0x0000bfe5) c.j     pc - 8
core   0: 3 0x8000b7de (0xbfe5)
core   0: 0x8000b7d6 (0x00005f17) auipc   t5, 0x5
core   0: 3 0x8000b7d6 (0x00005f17) x30 0x800107d6
core   0: 0x8000b7da (0x823f2523) sw      gp, -2006(t5)
core   0: 3 0x8000b7da (0x823f2523) mem 0x80010000 0x00000001
core   0: 0x8000b7de (0x0000bfe5) c.j     pc - 8
core   0: 3 0x8000b7de (0xbfe5)
core   0: 0x8000b7d6 (0x00005f17) auipc   t5, 0x5
core   0: 3 0x8000b7d6 (0x00005f17) x30 0x800107d6
core   0: 0x8000b7da (0x823f2523) sw      gp, -2006(t5)
core   0: 3 0x8000b7da (0x823f2523) mem 0x80010000 0x00000001
core   0: 0x8000b7de (0x0000bfe5) c.j     pc - 8
core   0: 3 0x8000b7de (0xbfe5)
core   0: 0x8000b7d6 (0x00005f17) auipc   t5, 0x5
core   0: 3 0x8000b7d6 (0x00005f17) x30 0x800107d6
core   0: 0x8000b7da (0x823f2523) sw      gp, -2006(t5)
core   0: 3 0x8000b7da (0x823f2523) mem 0x80010000 0x00000001
core   0: 0x8000b7de (0x0000bfe5) c.j     pc - 8
core   0: 3 0x8000b7de (0xbfe5)
core   0: 0x8000b7d6 (0x00005f17) auipc   t5, 0x5
core   0: 3 0x8000b7d6 (0x00005f17) x30 0x800107d6
core   0: 0x8000b7da (0x823f2523) sw      gp, -2006(t5)
core   0: 3 0x8000b7da (0x823f2523) mem 0x80010000 0x00000001
core   0: 0x8000b7de (0x0000bfe5) c.j     pc - 8
core   0: 3 0x8000b7de (0xbfe5)
core   0: 0x8000b7d6 (0x00005f17) auipc   t5, 0x5
core   0: 3 0x8000b7d6 (0x00005f17) x30 0x800107d6
core   0: 0x8000b7da (0x823f2523) sw      gp, -2006(t5)
core   0: 3 0x8000b7da (0x823f2523) mem 0x80010000 0x00000001
core   0: 0x8000b7de (0x0000bfe5) c.j     pc - 8
core   0: 3 0x8000b7de (0xbfe5)
core   0: 0x8000b7d6 (0x00005f17) auipc   t5, 0x5
core   0: 3 0x8000b7d6 (0x00005f17) x30 0x800107d6
core   0: 0x8000b7da (0x823f2523) sw      gp, -2006(t5)
core   0: 3 0x8000b7da (0x823f2523) mem 0x80010000 0x00000001
core   0: 0x8000b7de (0x0000bfe5) c.j     pc - 8
core   0: 3 0x8000b7de (0xbfe5)
core   0: 0x8000b7d6 (0x00005f17) auipc   t5, 0x5
core   0: 3 0x8000b7d6 (0x00005f17) x30 0x800107d6
core   0: 0x8000b7da (0x823f2523) sw      gp, -2006(t5)
core   0: 3 0x8000b7da (0x823f2523) mem 0x80010000 0x00000001
core   0: 0x8000b7de (0x0000bfe5) c.j     pc - 8
core   0: 3 0x8000b7de (0xbfe5)
core   0: 0x8000b7d6 (0x00005f17) auipc   t5, 0x5
core   0: 3 0x8000b7d6 (0x00005f17) x30 0x800107d6
core   0: 0x8000b7da (0x823f2523) sw      gp, -2006(t5)
core   0: 3 0x8000b7da (0x823f2523) mem 0x80010000 0x00000001
core   0: 0x8000b7de (0x0000bfe5) c.j     pc - 8
core   0: 3 0x8000b7de (0xbfe5)
core   0: 0x8000b7d6 (0x00005f17) auipc   t5, 0x5
core   0: 3 0x8000b7d6 (0x00005f17) x30 0x800107d6
core   0: 0x8000b7da (0x823f2523) sw      gp, -2006(t5)
core   0: 3 0x8000b7da (0x823f2523) mem 0x80010000 0x00000001
core   0: 0x8000b7de (0x0000bfe5) c.j     pc - 8
core   0: 3 0x8000b7de (0xbfe5)
core   0: 0x8000b7d6 (0x00005f17) auipc   t5, 0x5
core   0: 3 0x8000b7d6 (0x00005f17) x30 0x800107d6
core   0: 0x8000b7da (0x823f2523) sw      gp, -2006(t5)
core   0: 3 0x8000b7da (0x823f2523) mem 0x80010000 0x00000001
core   0: 0x8000b7de (0x0000bfe5) c.j     pc - 8
core   0: 3 0x8000b7de (0xbfe5)
core   0: 0x8000b7d6 (0x00005f17) auipc   t5, 0x5
core   0: 3 0x8000b7d6 (0x00005f17) x30 0x800107d6
core   0: 0x8000b7da (0x823f2523) sw      gp, -2006(t5)
core   0: 3 0x8000b7da (0x823f2523) mem 0x80010000 0x00000001
core   0: 0x8000b7de (0x0000bfe5) c.j     pc - 8
core   0: 3 0x8000b7de (0xbfe5)
core   0: 0x8000b7d6 (0x00005f17) auipc   t5, 0x5
core   0: 3 0x8000b7d6 (0x00005f17) x30 0x800107d6
core   0: 0x8000b7da (0x823f2523) sw      gp, -2006(t5)
core   0: 3 0x8000b7da (0x823f2523) mem 0x80010000 0x00000001
core   0: 0x8000b7de (0x0000bfe5) c.j     pc - 8
core   0: 3 0x8000b7de (0xbfe5)
core   0: 0x8000b7d6 (0x00005f17) auipc   t5, 0x5
core   0: 3 0x8000b7d6 (0x00005f17) x30 0x800107d6
core   0: 0x8000b7da (0x823f2523) sw      gp, -2006(t5)
core   0: 3 0x8000b7da (0x823f2523) mem 0x80010000 0x00000001
core   0: 0x8000b7de (0x0000bfe5) c.j     pc - 8
core   0: 3 0x8000b7de (0xbfe5)
core   0: 0x8000b7d6 (0x00005f17) auipc   t5, 0x5
core   0: 3 0x8000b7d6 (0x00005f17) x30 0x800107d6
core   0: 0x8000b7da (0x823f2523) sw      gp, -2006(t5)
core   0: 3 0x8000b7da (0x823f2523) mem 0x80010000 0x00000001
core   0: 0x8000b7de (0x0000bfe5) c.j     pc - 8
core   0: 3 0x8000b7de (0xbfe5)
core   0: 0x8000b7d6 (0x00005f17) auipc   t5, 0x5
core   0: 3 0x8000b7d6 (0x00005f17) x30 0x800107d6
core   0: 0x8000b7da (0x823f2523) sw      gp, -2006(t5)
core   0: 3 0x8000b7da (0x823f2523) mem 0x80010000 0x00000001
core   0: 0x8000b7de (0x0000bfe5) c.j     pc - 8
core   0: 3 0x8000b7de (0xbfe5)
core   0: 0x8000b7d6 (0x00005f17) auipc   t5, 0x5
core   0: 3 0x8000b7d6 (0x00005f17) x30 0x800107d6
core   0: 0x8000b7da (0x823f2523) sw      gp, -2006(t5)
core   0: 3 0x8000b7da (0x823f2523) mem 0x80010000 0x00000001
core   0: 0x8000b7de (0x0000bfe5) c.j     pc - 8
core   0: 3 0x8000b7de (0xbfe5)
core   0: 0x8000b7d6 (0x00005f17) auipc   t5, 0x5
core   0: 3 0x8000b7d6 (0x00005f17) x30 0x800107d6
core   0: 0x8000b7da (0x823f2523) sw      gp, -2006(t5)
core   0: 3 0x8000b7da (0x823f2523) mem 0x80010000 0x00000001
core   0: 0x8000b7de (0x0000bfe5) c.j     pc - 8
core   0: 3 0x8000b7de (0xbfe5)
core   0: 0x8000b7d6 (0x00005f17) auipc   t5, 0x5
core   0: 3 0x8000b7d6 (0x00005f17) x30 0x800107d6
core   0: 0x8000b7da (0x823f2523) sw      gp, -2006(t5)
core   0: 3 0x8000b7da (0x823f2523) mem 0x80010000 0x00000001
core   0: 0x8000b7de (0x0000bfe5) c.j     pc - 8
core   0: 3 0x8000b7de (0xbfe5)
core   0: 0x8000b7d6 (0x00005f17) auipc   t5, 0x5
core   0: 3 0x8000b7d6 (0x00005f17) x30 0x800107d6
core   0: 0x8000b7da (0x823f2523) sw      gp, -2006(t5)
core   0: 3 0x8000b7da (0x823f2523) mem 0x80010000 0x00000001
core   0: 0x8000b7de (0x0000bfe5) c.j     pc - 8
core   0: 3 0x8000b7de (0xbfe5)
core   0: 0x8000b7d6 (0x00005f17) auipc   t5, 0x5
core   0: 3 0x8000b7d6 (0x00005f17) x30 0x800107d6
core   0: 0x8000b7da (0x823f2523) sw      gp, -2006(t5)
core   0: 3 0x8000b7da (0x823f2523) mem 0x80010000 0x00000001
core   0: 0x8000b7de (0x0000bfe5) c.j     pc - 8
core   0: 3 0x8000b7de (0xbfe5)
core   0: 0x8000b7d6 (0x00005f17) auipc   t5, 0x5
core   0: 3 0x8000b7d6 (0x00005f17) x30 0x800107d6
core   0: 0x8000b7da (0x823f2523) sw      gp, -2006(t5)
core   0: 3 0x8000b7da (0x823f2523) mem 0x80010000 0x00000001
core   0: 0x8000b7de (0x0000bfe5) c.j     pc - 8
core   0: 3 0x8000b7de (0xbfe5)
core   0: 0x8000b7d6 (0x00005f17) auipc   t5, 0x5
core   0: 3 0x8000b7d6 (0x00005f17) x30 0x800107d6
core   0: 0x8000b7da (0x823f2523) sw      gp, -2006(t5)
core   0: 3 0x8000b7da (0x823f2523) mem 0x80010000 0x00000001
core   0: 0x8000b7de (0x0000bfe5) c.j     pc - 8
core   0: 3 0x8000b7de (0xbfe5)
core   0: 0x8000b7d6 (0x00005f17) auipc   t5, 0x5
core   0: 3 0x8000b7d6 (0x00005f17) x30 0x800107d6
core   0: 0x8000b7da (0x823f2523) sw      gp, -2006(t5)
core   0: 3 0x8000b7da (0x823f2523) mem 0x80010000 0x00000001
core   0: 0x8000b7de (0x0000bfe5) c.j     pc - 8
core   0: 3 0x8000b7de (0xbfe5)
core   0: 0x8000b7d6 (0x00005f17) auipc   t5, 0x5
core   0: 3 0x8000b7d6 (0x00005f17) x30 0x800107d6
core   0: 0x8000b7da (0x823f2523) sw      gp, -2006(t5)
core   0: 3 0x8000b7da (0x823f2523) mem 0x80010000 0x00000001
core   0: 0x8000b7de (0x0000bfe5) c.j     pc - 8
core   0: 3 0x8000b7de (0xbfe5)
core   0: 0x8000b7d6 (0x00005f17) auipc   t5, 0x5
core   0: 3 0x8000b7d6 (0x00005f17) x30 0x800107d6
core   0: 0x8000b7da (0x823f2523) sw      gp, -2006(t5)
core   0: 3 0x8000b7da (0x823f2523) mem 0x80010000 0x00000001
core   0: 0x8000b7de (0x0000bfe5) c.j     pc - 8
core   0: 3 0x8000b7de (0xbfe5)
core   0: 0x8000b7d6 (0x00005f17) auipc   t5, 0x5
core   0: 3 0x8000b7d6 (0x00005f17) x30 0x800107d6
core   0: 0x8000b7da (0x823f2523) sw      gp, -2006(t5)
core   0: 3 0x8000b7da (0x823f2523) mem 0x80010000 0x00000001
core   0: 0x8000b7de (0x0000bfe5) c.j     pc - 8
core   0: 3 0x8000b7de (0xbfe5)
core   0: 0x8000b7d6 (0x00005f17) auipc   t5, 0x5
core   0: 3 0x8000b7d6 (0x00005f17) x30 0x800107d6
core   0: 0x8000b7da (0x823f2523) sw      gp, -2006(t5)
core   0: 3 0x8000b7da (0x823f2523) mem 0x80010000 0x00000001
core   0: 0x8000b7de (0x0000bfe5) c.j     pc - 8
core   0: 3 0x8000b7de (0xbfe5)
core   0: 0x8000b7d6 (0x00005f17) auipc   t5, 0x5
core   0: 3 0x8000b7d6 (0x00005f17) x30 0x800107d6
core   0: 0x8000b7da (0x823f2523) sw      gp, -2006(t5)
core   0: 3 0x8000b7da (0x823f2523) mem 0x80010000 0x00000001
core   0: 0x8000b7de (0x0000bfe5) c.j     pc - 8
core   0: 3 0x8000b7de (0xbfe5)
core   0: 0x8000b7d6 (0x00005f17) auipc   t5, 0x5
core   0: 3 0x8000b7d6 (0x00005f17) x30 0x800107d6
core   0: 0x8000b7da (0x823f2523) sw      gp, -2006(t5)
core   0: 3 0x8000b7da (0x823f2523) mem 0x80010000 0x00000001
core   0: 0x8000b7de (0x0000bfe5) c.j     pc - 8
core   0: 3 0x8000b7de (0xbfe5)
core   0: 0x8000b7d6 (0x00005f17) auipc   t5, 0x5
core   0: 3 0x8000b7d6 (0x00005f17) x30 0x800107d6
core   0: 0x8000b7da (0x823f2523) sw      gp, -2006(t5)
core   0: 3 0x8000b7da (0x823f2523) mem 0x80010000 0x00000001
core   0: 0x8000b7de (0x0000bfe5) c.j     pc - 8
core   0: 3 0x8000b7de (0xbfe5)
core   0: 0x8000b7d6 (0x00005f17) auipc   t5, 0x5
core   0: 3 0x8000b7d6 (0x00005f17) x30 0x800107d6
core   0: 0x8000b7da (0x823f2523) sw      gp, -2006(t5)
core   0: 3 0x8000b7da (0x823f2523) mem 0x80010000 0x00000001
core   0: 0x8000b7de (0x0000bfe5) c.j     pc - 8
core   0: 3 0x8000b7de (0xbfe5)
core   0: 0x8000b7d6 (0x00005f17) auipc   t5, 0x5
core   0: 3 0x8000b7d6 (0x00005f17) x30 0x800107d6
core   0: 0x8000b7da (0x823f2523) sw      gp, -2006(t5)
core   0: 3 0x8000b7da (0x823f2523) mem 0x80010000 0x00000001
core   0: 0x8000b7de (0x0000bfe5) c.j     pc - 8
core   0: 3 0x8000b7de (0xbfe5)
core   0: 0x8000b7d6 (0x00005f17) auipc   t5, 0x5
core   0: 3 0x8000b7d6 (0x00005f17) x30 0x800107d6
core   0: 0x8000b7da (0x823f2523) sw      gp, -2006(t5)
core   0: 3 0x8000b7da (0x823f2523) mem 0x80010000 0x00000001
core   0: 0x8000b7de (0x0000bfe5) c.j     pc - 8
core   0: 3 0x8000b7de (0xbfe5)
core   0: 0x8000b7d6 (0x00005f17) auipc   t5, 0x5
core   0: 3 0x8000b7d6 (0x00005f17) x30 0x800107d6
core   0: 0x8000b7da (0x823f2523) sw      gp, -2006(t5)
core   0: 3 0x8000b7da (0x823f2523) mem 0x80010000 0x00000001
core   0: 0x8000b7de (0x0000bfe5) c.j     pc - 8
core   0: 3 0x8000b7de (0xbfe5)
core   0: 0x8000b7d6 (0x00005f17) auipc   t5, 0x5
core   0: 3 0x8000b7d6 (0x00005f17) x30 0x800107d6
core   0: 0x8000b7da (0x823f2523) sw      gp, -2006(t5)
core   0: 3 0x8000b7da (0x823f2523) mem 0x80010000 0x00000001
core   0: 0x8000b7de (0x0000bfe5) c.j     pc - 8
core   0: 3 0x8000b7de (0xbfe5)
core   0: 0x8000b7d6 (0x00005f17) auipc   t5, 0x5
core   0: 3 0x8000b7d6 (0x00005f17) x30 0x800107d6
core   0: 0x8000b7da (0x823f2523) sw      gp, -2006(t5)
core   0: 3 0x8000b7da (0x823f2523) mem 0x80010000 0x00000001
core   0: 0x8000b7de (0x0000bfe5) c.j     pc - 8
core   0: 3 0x8000b7de (0xbfe5)
core   0: 0x8000b7d6 (0x00005f17) auipc   t5, 0x5
core   0: 3 0x8000b7d6 (0x00005f17) x30 0x800107d6
core   0: 0x8000b7da (0x823f2523) sw      gp, -2006(t5)
core   0: 3 0x8000b7da (0x823f2523) mem 0x80010000 0x00000001
core   0: 0x8000b7de (0x0000bfe5) c.j     pc - 8
core   0: 3 0x8000b7de (0xbfe5)
core   0: 0x8000b7d6 (0x00005f17) auipc   t5, 0x5
core   0: 3 0x8000b7d6 (0x00005f17) x30 0x800107d6
core   0: 0x8000b7da (0x823f2523) sw      gp, -2006(t5)
core   0: 3 0x8000b7da (0x823f2523) mem 0x80010000 0x00000001
core   0: 0x8000b7de (0x0000bfe5) c.j     pc - 8
core   0: 3 0x8000b7de (0xbfe5)
core   0: 0x8000b7d6 (0x00005f17) auipc   t5, 0x5
core   0: 3 0x8000b7d6 (0x00005f17) x30 0x800107d6
core   0: 0x8000b7da (0x823f2523) sw      gp, -2006(t5)
core   0: 3 0x8000b7da (0x823f2523) mem 0x80010000 0x00000001
core   0: 0x8000b7de (0x0000bfe5) c.j     pc - 8
core   0: 3 0x8000b7de (0xbfe5)
core   0: 0x8000b7d6 (0x00005f17) auipc   t5, 0x5
core   0: 3 0x8000b7d6 (0x00005f17) x30 0x800107d6
core   0: 0x8000b7da (0x823f2523) sw      gp, -2006(t5)
core   0: 3 0x8000b7da (0x823f2523) mem 0x80010000 0x00000001
core   0: 0x8000b7de (0x0000bfe5) c.j     pc - 8
core   0: 3 0x8000b7de (0xbfe5)
core   0: 0x8000b7d6 (0x00005f17) auipc   t5, 0x5
core   0: 3 0x8000b7d6 (0x00005f17) x30 0x800107d6
core   0: 0x8000b7da (0x823f2523) sw      gp, -2006(t5)
core   0: 3 0x8000b7da (0x823f2523) mem 0x80010000 0x00000001
core   0: 0x8000b7de (0x0000bfe5) c.j     pc - 8
core   0: 3 0x8000b7de (0xbfe5)
core   0: 0x8000b7d6 (0x00005f17) auipc   t5, 0x5
core   0: 3 0x8000b7d6 (0x00005f17) x30 0x800107d6
core   0: 0x8000b7da (0x823f2523) sw      gp, -2006(t5)
core   0: 3 0x8000b7da (0x823f2523) mem 0x80010000 0x00000001
core   0: 0x8000b7de (0x0000bfe5) c.j     pc - 8
core   0: 3 0x8000b7de (0xbfe5)
core   0: 0x8000b7d6 (0x00005f17) auipc   t5, 0x5
core   0: 3 0x8000b7d6 (0x00005f17) x30 0x800107d6
core   0: 0x8000b7da (0x823f2523) sw      gp, -2006(t5)
core   0: 3 0x8000b7da (0x823f2523) mem 0x80010000 0x00000001
core   0: 0x8000b7de (0x0000bfe5) c.j     pc - 8
core   0: 3 0x8000b7de (0xbfe5)
core   0: 0x8000b7d6 (0x00005f17) auipc   t5, 0x5
core   0: 3 0x8000b7d6 (0x00005f17) x30 0x800107d6
core   0: 0x8000b7da (0x823f2523) sw      gp, -2006(t5)
core   0: 3 0x8000b7da (0x823f2523) mem 0x80010000 0x00000001
core   0: 0x8000b7de (0x0000bfe5) c.j     pc - 8
core   0: 3 0x8000b7de (0xbfe5)
core   0: 0x8000b7d6 (0x00005f17) auipc   t5, 0x5
core   0: 3 0x8000b7d6 (0x00005f17) x30 0x800107d6
core   0: 0x8000b7da (0x823f2523) sw      gp, -2006(t5)
core   0: 3 0x8000b7da (0x823f2523) mem 0x80010000 0x00000001
core   0: 0x8000b7de (0x0000bfe5) c.j     pc - 8
core   0: 3 0x8000b7de (0xbfe5)
core   0: 0x8000b7d6 (0x00005f17) auipc   t5, 0x5
core   0: 3 0x8000b7d6 (0x00005f17) x30 0x800107d6
core   0: 0x8000b7da (0x823f2523) sw      gp, -2006(t5)
core   0: 3 0x8000b7da (0x823f2523) mem 0x80010000 0x00000001
core   0: 0x8000b7de (0x0000bfe5) c.j     pc - 8
core   0: 3 0x8000b7de (0xbfe5)
core   0: 0x8000b7d6 (0x00005f17) auipc   t5, 0x5
core   0: 3 0x8000b7d6 (0x00005f17) x30 0x800107d6
core   0: 0x8000b7da (0x823f2523) sw      gp, -2006(t5)
core   0: 3 0x8000b7da (0x823f2523) mem 0x80010000 0x00000001
core   0: 0x8000b7de (0x0000bfe5) c.j     pc - 8
core   0: 3 0x8000b7de (0xbfe5)
core   0: 0x8000b7d6 (0x00005f17) auipc   t5, 0x5
core   0: 3 0x8000b7d6 (0x00005f17) x30 0x800107d6
core   0: 0x8000b7da (0x823f2523) sw      gp, -2006(t5)
core   0: 3 0x8000b7da (0x823f2523) mem 0x80010000 0x00000001
core   0: 0x8000b7de (0x0000bfe5) c.j     pc - 8
core   0: 3 0x8000b7de (0xbfe5)
core   0: 0x8000b7d6 (0x00005f17) auipc   t5, 0x5
core   0: 3 0x8000b7d6 (0x00005f17) x30 0x800107d6
core   0: 0x8000b7da (0x823f2523) sw      gp, -2006(t5)
core   0: 3 0x8000b7da (0x823f2523) mem 0x80010000 0x00000001
core   0: 0x8000b7de (0x0000bfe5) c.j     pc - 8
core   0: 3 0x8000b7de (0xbfe5)
core   0: 0x8000b7d6 (0x00005f17) auipc   t5, 0x5
core   0: 3 0x8000b7d6 (0x00005f17) x30 0x800107d6
core   0: 0x8000b7da (0x823f2523) sw      gp, -2006(t5)
core   0: 3 0x8000b7da (0x823f2523) mem 0x80010000 0x00000001
core   0: 0x8000b7de (0x0000bfe5) c.j     pc - 8
core   0: 3 0x8000b7de (0xbfe5)
core   0: 0x8000b7d6 (0x00005f17) auipc   t5, 0x5
core   0: 3 0x8000b7d6 (0x00005f17) x30 0x800107d6
core   0: 0x8000b7da (0x823f2523) sw      gp, -2006(t5)
core   0: 3 0x8000b7da (0x823f2523) mem 0x80010000 0x00000001
core   0: 0x8000b7de (0x0000bfe5) c.j     pc - 8
core   0: 3 0x8000b7de (0xbfe5)
core   0: 0x8000b7d6 (0x00005f17) auipc   t5, 0x5
core   0: 3 0x8000b7d6 (0x00005f17) x30 0x800107d6
core   0: 0x8000b7da (0x823f2523) sw      gp, -2006(t5)
core   0: 3 0x8000b7da (0x823f2523) mem 0x80010000 0x00000001
core   0: 0x8000b7de (0x0000bfe5) c.j     pc - 8
core   0: 3 0x8000b7de (0xbfe5)
core   0: 0x8000b7d6 (0x00005f17) auipc   t5, 0x5
core   0: 3 0x8000b7d6 (0x00005f17) x30 0x800107d6
core   0: 0x8000b7da (0x823f2523) sw      gp, -2006(t5)
core   0: 3 0x8000b7da (0x823f2523) mem 0x80010000 0x00000001
core   0: 0x8000b7de (0x0000bfe5) c.j     pc - 8
core   0: 3 0x8000b7de (0xbfe5)
core   0: 0x8000b7d6 (0x00005f17) auipc   t5, 0x5
core   0: 3 0x8000b7d6 (0x00005f17) x30 0x800107d6
core   0: 0x8000b7da (0x823f2523) sw      gp, -2006(t5)
core   0: 3 0x8000b7da (0x823f2523) mem 0x80010000 0x00000001
core   0: 0x8000b7de (0x0000bfe5) c.j     pc - 8
core   0: 3 0x8000b7de (0xbfe5)
core   0: 0x8000b7d6 (0x00005f17) auipc   t5, 0x5
core   0: 3 0x8000b7d6 (0x00005f17) x30 0x800107d6
core   0: 0x8000b7da (0x823f2523) sw      gp, -2006(t5)
core   0: 3 0x8000b7da (0x823f2523) mem 0x80010000 0x00000001
core   0: 0x8000b7de (0x0000bfe5) c.j     pc - 8
core   0: 3 0x8000b7de (0xbfe5)
core   0: 0x8000b7d6 (0x00005f17) auipc   t5, 0x5
core   0: 3 0x8000b7d6 (0x00005f17) x30 0x800107d6
core   0: 0x8000b7da (0x823f2523) sw      gp, -2006(t5)
core   0: 3 0x8000b7da (0x823f2523) mem 0x80010000 0x00000001
core   0: 0x8000b7de (0x0000bfe5) c.j     pc - 8
core   0: 3 0x8000b7de (0xbfe5)
core   0: 0x8000b7d6 (0x00005f17) auipc   t5, 0x5
core   0: 3 0x8000b7d6 (0x00005f17) x30 0x800107d6
core   0: 0x8000b7da (0x823f2523) sw      gp, -2006(t5)
core   0: 3 0x8000b7da (0x823f2523) mem 0x80010000 0x00000001
core   0: 0x8000b7de (0x0000bfe5) c.j     pc - 8
core   0: 3 0x8000b7de (0xbfe5)
core   0: 0x8000b7d6 (0x00005f17) auipc   t5, 0x5
core   0: 3 0x8000b7d6 (0x00005f17) x30 0x800107d6
core   0: 0x8000b7da (0x823f2523) sw      gp, -2006(t5)
core   0: 3 0x8000b7da (0x823f2523) mem 0x80010000 0x00000001
core   0: 0x8000b7de (0x0000bfe5) c.j     pc - 8
core   0: 3 0x8000b7de (0xbfe5)
core   0: 0x8000b7d6 (0x00005f17) auipc   t5, 0x5
core   0: 3 0x8000b7d6 (0x00005f17) x30 0x800107d6
core   0: 0x8000b7da (0x823f2523) sw      gp, -2006(t5)
core   0: 3 0x8000b7da (0x823f2523) mem 0x80010000 0x00000001
core   0: 0x8000b7de (0x0000bfe5) c.j     pc - 8
core   0: 3 0x8000b7de (0xbfe5)
core   0: 0x8000b7d6 (0x00005f17) auipc   t5, 0x5
core   0: 3 0x8000b7d6 (0x00005f17) x30 0x800107d6
core   0: 0x8000b7da (0x823f2523) sw      gp, -2006(t5)
core   0: 3 0x8000b7da (0x823f2523) mem 0x80010000 0x00000001
core   0: 0x8000b7de (0x0000bfe5) c.j     pc - 8
core   0: 3 0x8000b7de (0xbfe5)
core   0: 0x8000b7d6 (0x00005f17) auipc   t5, 0x5
core   0: 3 0x8000b7d6 (0x00005f17) x30 0x800107d6
core   0: 0x8000b7da (0x823f2523) sw      gp, -2006(t5)
core   0: 3 0x8000b7da (0x823f2523) mem 0x80010000 0x00000001
core   0: 0x8000b7de (0x0000bfe5) c.j     pc - 8
core   0: 3 0x8000b7de (0xbfe5)
core   0: 0x8000b7d6 (0x00005f17) auipc   t5, 0x5
core   0: 3 0x8000b7d6 (0x00005f17) x30 0x800107d6
core   0: 0x8000b7da (0x823f2523) sw      gp, -2006(t5)
core   0: 3 0x8000b7da (0x823f2523) mem 0x80010000 0x00000001
core   0: 0x8000b7de (0x0000bfe5) c.j     pc - 8
core   0: 3 0x8000b7de (0xbfe5)
core   0: 0x8000b7d6 (0x00005f17) auipc   t5, 0x5
core   0: 3 0x8000b7d6 (0x00005f17) x30 0x800107d6
core   0: 0x8000b7da (0x823f2523) sw      gp, -2006(t5)
core   0: 3 0x8000b7da (0x823f2523) mem 0x80010000 0x00000001
core   0: 0x8000b7de (0x0000bfe5) c.j     pc - 8
core   0: 3 0x8000b7de (0xbfe5)
core   0: 0x8000b7d6 (0x00005f17) auipc   t5, 0x5
core   0: 3 0x8000b7d6 (0x00005f17) x30 0x800107d6
core   0: 0x8000b7da (0x823f2523) sw      gp, -2006(t5)
core   0: 3 0x8000b7da (0x823f2523) mem 0x80010000 0x00000001
core   0: 0x8000b7de (0x0000bfe5) c.j     pc - 8
core   0: 3 0x8000b7de (0xbfe5)
core   0: 0x8000b7d6 (0x00005f17) auipc   t5, 0x5
core   0: 3 0x8000b7d6 (0x00005f17) x30 0x800107d6
core   0: 0x8000b7da (0x823f2523) sw      gp, -2006(t5)
core   0: 3 0x8000b7da (0x823f2523) mem 0x80010000 0x00000001
core   0: 0x8000b7de (0x0000bfe5) c.j     pc - 8
core   0: 3 0x8000b7de (0xbfe5)
core   0: 0x8000b7d6 (0x00005f17) auipc   t5, 0x5
core   0: 3 0x8000b7d6 (0x00005f17) x30 0x800107d6
core   0: 0x8000b7da (0x823f2523) sw      gp, -2006(t5)
core   0: 3 0x8000b7da (0x823f2523) mem 0x80010000 0x00000001
core   0: 0x8000b7de (0x0000bfe5) c.j     pc - 8
core   0: 3 0x8000b7de (0xbfe5)
core   0: 0x8000b7d6 (0x00005f17) auipc   t5, 0x5
core   0: 3 0x8000b7d6 (0x00005f17) x30 0x800107d6
core   0: 0x8000b7da (0x823f2523) sw      gp, -2006(t5)
core   0: 3 0x8000b7da (0x823f2523) mem 0x80010000 0x00000001
core   0: 0x8000b7de (0x0000bfe5) c.j     pc - 8
core   0: 3 0x8000b7de (0xbfe5)
core   0: 0x8000b7d6 (0x00005f17) auipc   t5, 0x5
core   0: 3 0x8000b7d6 (0x00005f17) x30 0x800107d6
core   0: 0x8000b7da (0x823f2523) sw      gp, -2006(t5)
core   0: 3 0x8000b7da (0x823f2523) mem 0x80010000 0x00000001
core   0: 0x8000b7de (0x0000bfe5) c.j     pc - 8
core   0: 3 0x8000b7de (0xbfe5)
core   0: 0x8000b7d6 (0x00005f17) auipc   t5, 0x5
core   0: 3 0x8000b7d6 (0x00005f17) x30 0x800107d6
core   0: 0x8000b7da (0x823f2523) sw      gp, -2006(t5)
core   0: 3 0x8000b7da (0x823f2523) mem 0x80010000 0x00000001
core   0: 0x8000b7de (0x0000bfe5) c.j     pc - 8
core   0: 3 0x8000b7de (0xbfe5)
core   0: 0x8000b7d6 (0x00005f17) auipc   t5, 0x5
core   0: 3 0x8000b7d6 (0x00005f17) x30 0x800107d6
core   0: 0x8000b7da (0x823f2523) sw      gp, -2006(t5)
core   0: 3 0x8000b7da (0x823f2523) mem 0x80010000 0x00000001
core   0: 0x8000b7de (0x0000bfe5) c.j     pc - 8
core   0: 3 0x8000b7de (0xbfe5)
core   0: 0x8000b7d6 (0x00005f17) auipc   t5, 0x5
core   0: 3 0x8000b7d6 (0x00005f17) x30 0x800107d6
core   0: 0x8000b7da (0x823f2523) sw      gp, -2006(t5)
core   0: 3 0x8000b7da (0x823f2523) mem 0x80010000 0x00000001
core   0: 0x8000b7de (0x0000bfe5) c.j     pc - 8
core   0: 3 0x8000b7de (0xbfe5)
core   0: 0x8000b7d6 (0x00005f17) auipc   t5, 0x5
core   0: 3 0x8000b7d6 (0x00005f17) x30 0x800107d6
core   0: 0x8000b7da (0x823f2523) sw      gp, -2006(t5)
core   0: 3 0x8000b7da (0x823f2523) mem 0x80010000 0x00000001
core   0: 0x8000b7de (0x0000bfe5) c.j     pc - 8
core   0: 3 0x8000b7de (0xbfe5)
core   0: 0x8000b7d6 (0x00005f17) auipc   t5, 0x5
core   0: 3 0x8000b7d6 (0x00005f17) x30 0x800107d6
core   0: 0x8000b7da (0x823f2523) sw      gp, -2006(t5)
core   0: 3 0x8000b7da (0x823f2523) mem 0x80010000 0x00000001
core   0: 0x8000b7de (0x0000bfe5) c.j     pc - 8
core   0: 3 0x8000b7de (0xbfe5)
core   0: 0x8000b7d6 (0x00005f17) auipc   t5, 0x5
core   0: 3 0x8000b7d6 (0x00005f17) x30 0x800107d6
core   0: 0x8000b7da (0x823f2523) sw      gp, -2006(t5)
core   0: 3 0x8000b7da (0x823f2523) mem 0x80010000 0x00000001
core   0: 0x8000b7de (0x0000bfe5) c.j     pc - 8
core   0: 3 0x8000b7de (0xbfe5)
core   0: 0x8000b7d6 (0x00005f17) auipc   t5, 0x5
core   0: 3 0x8000b7d6 (0x00005f17) x30 0x800107d6
core   0: 0x8000b7da (0x823f2523) sw      gp, -2006(t5)
core   0: 3 0x8000b7da (0x823f2523) mem 0x80010000 0x00000001
core   0: 0x8000b7de (0x0000bfe5) c.j     pc - 8
core   0: 3 0x8000b7de (0xbfe5)
core   0: 0x8000b7d6 (0x00005f17) auipc   t5, 0x5
core   0: 3 0x8000b7d6 (0x00005f17) x30 0x800107d6
core   0: 0x8000b7da (0x823f2523) sw      gp, -2006(t5)
core   0: 3 0x8000b7da (0x823f2523) mem 0x80010000 0x00000001
core   0: 0x8000b7de (0x0000bfe5) c.j     pc - 8
core   0: 3 0x8000b7de (0xbfe5)
core   0: 0x8000b7d6 (0x00005f17) auipc   t5, 0x5
core   0: 3 0x8000b7d6 (0x00005f17) x30 0x800107d6
core   0: 0x8000b7da (0x823f2523) sw      gp, -2006(t5)
core   0: 3 0x8000b7da (0x823f2523) mem 0x80010000 0x00000001
core   0: 0x8000b7de (0x0000bfe5) c.j     pc - 8
core   0: 3 0x8000b7de (0xbfe5)
core   0: 0x8000b7d6 (0x00005f17) auipc   t5, 0x5
core   0: 3 0x8000b7d6 (0x00005f17) x30 0x800107d6
core   0: 0x8000b7da (0x823f2523) sw      gp, -2006(t5)
core   0: 3 0x8000b7da (0x823f2523) mem 0x80010000 0x00000001
core   0: 0x8000b7de (0x0000bfe5) c.j     pc - 8
core   0: 3 0x8000b7de (0xbfe5)
core   0: 0x8000b7d6 (0x00005f17) auipc   t5, 0x5
core   0: 3 0x8000b7d6 (0x00005f17) x30 0x800107d6
core   0: 0x8000b7da (0x823f2523) sw      gp, -2006(t5)
core   0: 3 0x8000b7da (0x823f2523) mem 0x80010000 0x00000001
core   0: 0x8000b7de (0x0000bfe5) c.j     pc - 8
core   0: 3 0x8000b7de (0xbfe5)
core   0: 0x8000b7d6 (0x00005f17) auipc   t5, 0x5
core   0: 3 0x8000b7d6 (0x00005f17) x30 0x800107d6
core   0: 0x8000b7da (0x823f2523) sw      gp, -2006(t5)
core   0: 3 0x8000b7da (0x823f2523) mem 0x80010000 0x00000001
core   0: 0x8000b7de (0x0000bfe5) c.j     pc - 8
core   0: 3 0x8000b7de (0xbfe5)
core   0: 0x8000b7d6 (0x00005f17) auipc   t5, 0x5
core   0: 3 0x8000b7d6 (0x00005f17) x30 0x800107d6
core   0: 0x8000b7da (0x823f2523) sw      gp, -2006(t5)
core   0: 3 0x8000b7da (0x823f2523) mem 0x80010000 0x00000001
core   0: 0x8000b7de (0x0000bfe5) c.j     pc - 8
core   0: 3 0x8000b7de (0xbfe5)
core   0: 0x8000b7d6 (0x00005f17) auipc   t5, 0x5
core   0: 3 0x8000b7d6 (0x00005f17) x30 0x800107d6
core   0: 0x8000b7da (0x823f2523) sw      gp, -2006(t5)
core   0: 3 0x8000b7da (0x823f2523) mem 0x80010000 0x00000001
core   0: 0x8000b7de (0x0000bfe5) c.j     pc - 8
core   0: 3 0x8000b7de (0xbfe5)
core   0: 0x8000b7d6 (0x00005f17) auipc   t5, 0x5
core   0: 3 0x8000b7d6 (0x00005f17) x30 0x800107d6
core   0: 0x8000b7da (0x823f2523) sw      gp, -2006(t5)
core   0: 3 0x8000b7da (0x823f2523) mem 0x80010000 0x00000001
core   0: 0x8000b7de (0x0000bfe5) c.j     pc - 8
core   0: 3 0x8000b7de (0xbfe5)
core   0: 0x8000b7d6 (0x00005f17) auipc   t5, 0x5
core   0: 3 0x8000b7d6 (0x00005f17) x30 0x800107d6
core   0: 0x8000b7da (0x823f2523) sw      gp, -2006(t5)
core   0: 3 0x8000b7da (0x823f2523) mem 0x80010000 0x00000001
core   0: 0x8000b7de (0x0000bfe5) c.j     pc - 8
core   0: 3 0x8000b7de (0xbfe5)
core   0: 0x8000b7d6 (0x00005f17) auipc   t5, 0x5
core   0: 3 0x8000b7d6 (0x00005f17) x30 0x800107d6
core   0: 0x8000b7da (0x823f2523) sw      gp, -2006(t5)
core   0: 3 0x8000b7da (0x823f2523) mem 0x80010000 0x00000001
core   0: 0x8000b7de (0x0000bfe5) c.j     pc - 8
core   0: 3 0x8000b7de (0xbfe5)
core   0: 0x8000b7d6 (0x00005f17) auipc   t5, 0x5
core   0: 3 0x8000b7d6 (0x00005f17) x30 0x800107d6
core   0: 0x8000b7da (0x823f2523) sw      gp, -2006(t5)
core   0: 3 0x8000b7da (0x823f2523) mem 0x80010000 0x00000001
core   0: 0x8000b7de (0x0000bfe5) c.j     pc - 8
core   0: 3 0x8000b7de (0xbfe5)
core   0: 0x8000b7d6 (0x00005f17) auipc   t5, 0x5
core   0: 3 0x8000b7d6 (0x00005f17) x30 0x800107d6
core   0: 0x8000b7da (0x823f2523) sw      gp, -2006(t5)
core   0: 3 0x8000b7da (0x823f2523) mem 0x80010000 0x00000001
core   0: 0x8000b7de (0x0000bfe5) c.j     pc - 8
core   0: 3 0x8000b7de (0xbfe5)
core   0: 0x8000b7d6 (0x00005f17) auipc   t5, 0x5
core   0: 3 0x8000b7d6 (0x00005f17) x30 0x800107d6
core   0: 0x8000b7da (0x823f2523) sw      gp, -2006(t5)
core   0: 3 0x8000b7da (0x823f2523) mem 0x80010000 0x00000001
core   0: 0x8000b7de (0x0000bfe5) c.j     pc - 8
core   0: 3 0x8000b7de (0xbfe5)
core   0: 0x8000b7d6 (0x00005f17) auipc   t5, 0x5
core   0: 3 0x8000b7d6 (0x00005f17) x30 0x800107d6
core   0: 0x8000b7da (0x823f2523) sw      gp, -2006(t5)
core   0: 3 0x8000b7da (0x823f2523) mem 0x80010000 0x00000001
core   0: 0x8000b7de (0x0000bfe5) c.j     pc - 8
core   0: 3 0x8000b7de (0xbfe5)
core   0: 0x8000b7d6 (0x00005f17) auipc   t5, 0x5
core   0: 3 0x8000b7d6 (0x00005f17) x30 0x800107d6
core   0: 0x8000b7da (0x823f2523) sw      gp, -2006(t5)
core   0: 3 0x8000b7da (0x823f2523) mem 0x80010000 0x00000001
core   0: 0x8000b7de (0x0000bfe5) c.j     pc - 8
core   0: 3 0x8000b7de (0xbfe5)
core   0: 0x8000b7d6 (0x00005f17) auipc   t5, 0x5
core   0: 3 0x8000b7d6 (0x00005f17) x30 0x800107d6
core   0: 0x8000b7da (0x823f2523) sw      gp, -2006(t5)
core   0: 3 0x8000b7da (0x823f2523) mem 0x80010000 0x00000001
core   0: 0x8000b7de (0x0000bfe5) c.j     pc - 8
core   0: 3 0x8000b7de (0xbfe5)
core   0: 0x8000b7d6 (0x00005f17) auipc   t5, 0x5
core   0: 3 0x8000b7d6 (0x00005f17) x30 0x800107d6
core   0: 0x8000b7da (0x823f2523) sw      gp, -2006(t5)
core   0: 3 0x8000b7da (0x823f2523) mem 0x80010000 0x00000001
core   0: 0x8000b7de (0x0000bfe5) c.j     pc - 8
core   0: 3 0x8000b7de (0xbfe5)
core   0: 0x8000b7d6 (0x00005f17) auipc   t5, 0x5
core   0: 3 0x8000b7d6 (0x00005f17) x30 0x800107d6
core   0: 0x8000b7da (0x823f2523) sw      gp, -2006(t5)
core   0: 3 0x8000b7da (0x823f2523) mem 0x80010000 0x00000001
core   0: 0x8000b7de (0x0000bfe5) c.j     pc - 8
core   0: 3 0x8000b7de (0xbfe5)
core   0: 0x8000b7d6 (0x00005f17) auipc   t5, 0x5
core   0: 3 0x8000b7d6 (0x00005f17) x30 0x800107d6
core   0: 0x8000b7da (0x823f2523) sw      gp, -2006(t5)
core   0: 3 0x8000b7da (0x823f2523) mem 0x80010000 0x00000001
core   0: 0x8000b7de (0x0000bfe5) c.j     pc - 8
core   0: 3 0x8000b7de (0xbfe5)
core   0: 0x8000b7d6 (0x00005f17) auipc   t5, 0x5
core   0: 3 0x8000b7d6 (0x00005f17) x30 0x800107d6
core   0: 0x8000b7da (0x823f2523) sw      gp, -2006(t5)
core   0: 3 0x8000b7da (0x823f2523) mem 0x80010000 0x00000001
core   0: 0x8000b7de (0x0000bfe5) c.j     pc - 8
core   0: 3 0x8000b7de (0xbfe5)
core   0: 0x8000b7d6 (0x00005f17) auipc   t5, 0x5
core   0: 3 0x8000b7d6 (0x00005f17) x30 0x800107d6
core   0: 0x8000b7da (0x823f2523) sw      gp, -2006(t5)
core   0: 3 0x8000b7da (0x823f2523) mem 0x80010000 0x00000001
core   0: 0x8000b7de (0x0000bfe5) c.j     pc - 8
core   0: 3 0x8000b7de (0xbfe5)
core   0: 0x8000b7d6 (0x00005f17) auipc   t5, 0x5
core   0: 3 0x8000b7d6 (0x00005f17) x30 0x800107d6
core   0: 0x8000b7da (0x823f2523) sw      gp, -2006(t5)
core   0: 3 0x8000b7da (0x823f2523) mem 0x80010000 0x00000001
core   0: 0x8000b7de (0x0000bfe5) c.j     pc - 8
core   0: 3 0x8000b7de (0xbfe5)
core   0: 0x8000b7d6 (0x00005f17) auipc   t5, 0x5
core   0: 3 0x8000b7d6 (0x00005f17) x30 0x800107d6
core   0: 0x8000b7da (0x823f2523) sw      gp, -2006(t5)
core   0: 3 0x8000b7da (0x823f2523) mem 0x80010000 0x00000001
core   0: 0x8000b7de (0x0000bfe5) c.j     pc - 8
core   0: 3 0x8000b7de (0xbfe5)
core   0: 0x8000b7d6 (0x00005f17) auipc   t5, 0x5
core   0: 3 0x8000b7d6 (0x00005f17) x30 0x800107d6
core   0: 0x8000b7da (0x823f2523) sw      gp, -2006(t5)
core   0: 3 0x8000b7da (0x823f2523) mem 0x80010000 0x00000001
core   0: 0x8000b7de (0x0000bfe5) c.j     pc - 8
core   0: 3 0x8000b7de (0xbfe5)
core   0: 0x8000b7d6 (0x00005f17) auipc   t5, 0x5
core   0: 3 0x8000b7d6 (0x00005f17) x30 0x800107d6
core   0: 0x8000b7da (0x823f2523) sw      gp, -2006(t5)
core   0: 3 0x8000b7da (0x823f2523) mem 0x80010000 0x00000001
core   0: 0x8000b7de (0x0000bfe5) c.j     pc - 8
core   0: 3 0x8000b7de (0xbfe5)
core   0: 0x8000b7d6 (0x00005f17) auipc   t5, 0x5
core   0: 3 0x8000b7d6 (0x00005f17) x30 0x800107d6
core   0: 0x8000b7da (0x823f2523) sw      gp, -2006(t5)
core   0: 3 0x8000b7da (0x823f2523) mem 0x80010000 0x00000001
core   0: 0x8000b7de (0x0000bfe5) c.j     pc - 8
core   0: 3 0x8000b7de (0xbfe5)
core   0: 0x8000b7d6 (0x00005f17) auipc   t5, 0x5
core   0: 3 0x8000b7d6 (0x00005f17) x30 0x800107d6
core   0: 0x8000b7da (0x823f2523) sw      gp, -2006(t5)
core   0: 3 0x8000b7da (0x823f2523) mem 0x80010000 0x00000001
core   0: 0x8000b7de (0x0000bfe5) c.j     pc - 8
core   0: 3 0x8000b7de (0xbfe5)
core   0: 0x8000b7d6 (0x00005f17) auipc   t5, 0x5
core   0: 3 0x8000b7d6 (0x00005f17) x30 0x800107d6
core   0: 0x8000b7da (0x823f2523) sw      gp, -2006(t5)
core   0: 3 0x8000b7da (0x823f2523) mem 0x80010000 0x00000001
core   0: 0x8000b7de (0x0000bfe5) c.j     pc - 8
core   0: 3 0x8000b7de (0xbfe5)
core   0: 0x8000b7d6 (0x00005f17) auipc   t5, 0x5
core   0: 3 0x8000b7d6 (0x00005f17) x30 0x800107d6
core   0: 0x8000b7da (0x823f2523) sw      gp, -2006(t5)
core   0: 3 0x8000b7da (0x823f2523) mem 0x80010000 0x00000001
core   0: 0x8000b7de (0x0000bfe5) c.j     pc - 8
core   0: 3 0x8000b7de (0xbfe5)
core   0: 0x8000b7d6 (0x00005f17) auipc   t5, 0x5
core   0: 3 0x8000b7d6 (0x00005f17) x30 0x800107d6
core   0: 0x8000b7da (0x823f2523) sw      gp, -2006(t5)
core   0: 3 0x8000b7da (0x823f2523) mem 0x80010000 0x00000001
core   0: 0x8000b7de (0x0000bfe5) c.j     pc - 8
core   0: 3 0x8000b7de (0xbfe5)
core   0: 0x8000b7d6 (0x00005f17) auipc   t5, 0x5
core   0: 3 0x8000b7d6 (0x00005f17) x30 0x800107d6
core   0: 0x8000b7da (0x823f2523) sw      gp, -2006(t5)
core   0: 3 0x8000b7da (0x823f2523) mem 0x80010000 0x00000001
core   0: 0x8000b7de (0x0000bfe5) c.j     pc - 8
core   0: 3 0x8000b7de (0xbfe5)
core   0: 0x8000b7d6 (0x00005f17) auipc   t5, 0x5
core   0: 3 0x8000b7d6 (0x00005f17) x30 0x800107d6
core   0: 0x8000b7da (0x823f2523) sw      gp, -2006(t5)
core   0: 3 0x8000b7da (0x823f2523) mem 0x80010000 0x00000001
core   0: 0x8000b7de (0x0000bfe5) c.j     pc - 8
core   0: 3 0x8000b7de (0xbfe5)
core   0: 0x8000b7d6 (0x00005f17) auipc   t5, 0x5
core   0: 3 0x8000b7d6 (0x00005f17) x30 0x800107d6
core   0: 0x8000b7da (0x823f2523) sw      gp, -2006(t5)
core   0: 3 0x8000b7da (0x823f2523) mem 0x80010000 0x00000001
core   0: 0x8000b7de (0x0000bfe5) c.j     pc - 8
core   0: 3 0x8000b7de (0xbfe5)
core   0: 0x8000b7d6 (0x00005f17) auipc   t5, 0x5
core   0: 3 0x8000b7d6 (0x00005f17) x30 0x800107d6
core   0: 0x8000b7da (0x823f2523) sw      gp, -2006(t5)
core   0: 3 0x8000b7da (0x823f2523) mem 0x80010000 0x00000001
core   0: 0x8000b7de (0x0000bfe5) c.j     pc - 8
core   0: 3 0x8000b7de (0xbfe5)
core   0: 0x8000b7d6 (0x00005f17) auipc   t5, 0x5
core   0: 3 0x8000b7d6 (0x00005f17) x30 0x800107d6
core   0: 0x8000b7da (0x823f2523) sw      gp, -2006(t5)
core   0: 3 0x8000b7da (0x823f2523) mem 0x80010000 0x00000001
core   0: 0x8000b7de (0x0000bfe5) c.j     pc - 8
core   0: 3 0x8000b7de (0xbfe5)
core   0: 0x8000b7d6 (0x00005f17) auipc   t5, 0x5
core   0: 3 0x8000b7d6 (0x00005f17) x30 0x800107d6
core   0: 0x8000b7da (0x823f2523) sw      gp, -2006(t5)
core   0: 3 0x8000b7da (0x823f2523) mem 0x80010000 0x00000001
core   0: 0x8000b7de (0x0000bfe5) c.j     pc - 8
core   0: 3 0x8000b7de (0xbfe5)
core   0: 0x8000b7d6 (0x00005f17) auipc   t5, 0x5
core   0: 3 0x8000b7d6 (0x00005f17) x30 0x800107d6
core   0: 0x8000b7da (0x823f2523) sw      gp, -2006(t5)
core   0: 3 0x8000b7da (0x823f2523) mem 0x80010000 0x00000001
core   0: 0x8000b7de (0x0000bfe5) c.j     pc - 8
core   0: 3 0x8000b7de (0xbfe5)
core   0: 0x8000b7d6 (0x00005f17) auipc   t5, 0x5
core   0: 3 0x8000b7d6 (0x00005f17) x30 0x800107d6
core   0: 0x8000b7da (0x823f2523) sw      gp, -2006(t5)
core   0: 3 0x8000b7da (0x823f2523) mem 0x80010000 0x00000001
core   0: 0x8000b7de (0x0000bfe5) c.j     pc - 8
core   0: 3 0x8000b7de (0xbfe5)
core   0: 0x8000b7d6 (0x00005f17) auipc   t5, 0x5
core   0: 3 0x8000b7d6 (0x00005f17) x30 0x800107d6
core   0: 0x8000b7da (0x823f2523) sw      gp, -2006(t5)
core   0: 3 0x8000b7da (0x823f2523) mem 0x80010000 0x00000001
core   0: 0x8000b7de (0x0000bfe5) c.j     pc - 8
core   0: 3 0x8000b7de (0xbfe5)
core   0: 0x8000b7d6 (0x00005f17) auipc   t5, 0x5
core   0: 3 0x8000b7d6 (0x00005f17) x30 0x800107d6
core   0: 0x8000b7da (0x823f2523) sw      gp, -2006(t5)
core   0: 3 0x8000b7da (0x823f2523) mem 0x80010000 0x00000001
core   0: 0x8000b7de (0x0000bfe5) c.j     pc - 8
core   0: 3 0x8000b7de (0xbfe5)
core   0: 0x8000b7d6 (0x00005f17) auipc   t5, 0x5
core   0: 3 0x8000b7d6 (0x00005f17) x30 0x800107d6
core   0: 0x8000b7da (0x823f2523) sw      gp, -2006(t5)
core   0: 3 0x8000b7da (0x823f2523) mem 0x80010000 0x00000001
core   0: 0x8000b7de (0x0000bfe5) c.j     pc - 8
core   0: 3 0x8000b7de (0xbfe5)
core   0: 0x8000b7d6 (0x00005f17) auipc   t5, 0x5
core   0: 3 0x8000b7d6 (0x00005f17) x30 0x800107d6
core   0: 0x8000b7da (0x823f2523) sw      gp, -2006(t5)
core   0: 3 0x8000b7da (0x823f2523) mem 0x80010000 0x00000001
core   0: 0x8000b7de (0x0000bfe5) c.j     pc - 8
core   0: 3 0x8000b7de (0xbfe5)
core   0: 0x8000b7d6 (0x00005f17) auipc   t5, 0x5
core   0: 3 0x8000b7d6 (0x00005f17) x30 0x800107d6
core   0: 0x8000b7da (0x823f2523) sw      gp, -2006(t5)
core   0: 3 0x8000b7da (0x823f2523) mem 0x80010000 0x00000001
core   0: 0x8000b7de (0x0000bfe5) c.j     pc - 8
core   0: 3 0x8000b7de (0xbfe5)
core   0: 0x8000b7d6 (0x00005f17) auipc   t5, 0x5
core   0: 3 0x8000b7d6 (0x00005f17) x30 0x800107d6
core   0: 0x8000b7da (0x823f2523) sw      gp, -2006(t5)
core   0: 3 0x8000b7da (0x823f2523) mem 0x80010000 0x00000001
core   0: 0x8000b7de (0x0000bfe5) c.j     pc - 8
core   0: 3 0x8000b7de (0xbfe5)
core   0: 0x8000b7d6 (0x00005f17) auipc   t5, 0x5
core   0: 3 0x8000b7d6 (0x00005f17) x30 0x800107d6
core   0: 0x8000b7da (0x823f2523) sw      gp, -2006(t5)
core   0: 3 0x8000b7da (0x823f2523) mem 0x80010000 0x00000001
core   0: 0x8000b7de (0x0000bfe5) c.j     pc - 8
core   0: 3 0x8000b7de (0xbfe5)
core   0: 0x8000b7d6 (0x00005f17) auipc   t5, 0x5
core   0: 3 0x8000b7d6 (0x00005f17) x30 0x800107d6
core   0: 0x8000b7da (0x823f2523) sw      gp, -2006(t5)
core   0: 3 0x8000b7da (0x823f2523) mem 0x80010000 0x00000001
core   0: 0x8000b7de (0x0000bfe5) c.j     pc - 8
core   0: 3 0x8000b7de (0xbfe5)
core   0: 0x8000b7d6 (0x00005f17) auipc   t5, 0x5
core   0: 3 0x8000b7d6 (0x00005f17) x30 0x800107d6
core   0: 0x8000b7da (0x823f2523) sw      gp, -2006(t5)
core   0: 3 0x8000b7da (0x823f2523) mem 0x80010000 0x00000001
core   0: 0x8000b7de (0x0000bfe5) c.j     pc - 8
core   0: 3 0x8000b7de (0xbfe5)
core   0: 0x8000b7d6 (0x00005f17) auipc   t5, 0x5
core   0: 3 0x8000b7d6 (0x00005f17) x30 0x800107d6
core   0: 0x8000b7da (0x823f2523) sw      gp, -2006(t5)
core   0: 3 0x8000b7da (0x823f2523) mem 0x80010000 0x00000001
core   0: 0x8000b7de (0x0000bfe5) c.j     pc - 8
core   0: 3 0x8000b7de (0xbfe5)
core   0: 0x8000b7d6 (0x00005f17) auipc   t5, 0x5
core   0: 3 0x8000b7d6 (0x00005f17) x30 0x800107d6
core   0: 0x8000b7da (0x823f2523) sw      gp, -2006(t5)
core   0: 3 0x8000b7da (0x823f2523) mem 0x80010000 0x00000001
core   0: 0x8000b7de (0x0000bfe5) c.j     pc - 8
core   0: 3 0x8000b7de (0xbfe5)
core   0: 0x8000b7d6 (0x00005f17) auipc   t5, 0x5
core   0: 3 0x8000b7d6 (0x00005f17) x30 0x800107d6
core   0: 0x8000b7da (0x823f2523) sw      gp, -2006(t5)
core   0: 3 0x8000b7da (0x823f2523) mem 0x80010000 0x00000001
core   0: 0x8000b7de (0x0000bfe5) c.j     pc - 8
core   0: 3 0x8000b7de (0xbfe5)
core   0: 0x8000b7d6 (0x00005f17) auipc   t5, 0x5
core   0: 3 0x8000b7d6 (0x00005f17) x30 0x800107d6
core   0: 0x8000b7da (0x823f2523) sw      gp, -2006(t5)
core   0: 3 0x8000b7da (0x823f2523) mem 0x80010000 0x00000001
core   0: 0x8000b7de (0x0000bfe5) c.j     pc - 8
core   0: 3 0x8000b7de (0xbfe5)
core   0: 0x8000b7d6 (0x00005f17) auipc   t5, 0x5
core   0: 3 0x8000b7d6 (0x00005f17) x30 0x800107d6
core   0: 0x8000b7da (0x823f2523) sw      gp, -2006(t5)
core   0: 3 0x8000b7da (0x823f2523) mem 0x80010000 0x00000001
core   0: 0x8000b7de (0x0000bfe5) c.j     pc - 8
core   0: 3 0x8000b7de (0xbfe5)
core   0: 0x8000b7d6 (0x00005f17) auipc   t5, 0x5
core   0: 3 0x8000b7d6 (0x00005f17) x30 0x800107d6
core   0: 0x8000b7da (0x823f2523) sw      gp, -2006(t5)
core   0: 3 0x8000b7da (0x823f2523) mem 0x80010000 0x00000001
core   0: 0x8000b7de (0x0000bfe5) c.j     pc - 8
core   0: 3 0x8000b7de (0xbfe5)
core   0: 0x8000b7d6 (0x00005f17) auipc   t5, 0x5
core   0: 3 0x8000b7d6 (0x00005f17) x30 0x800107d6
core   0: 0x8000b7da (0x823f2523) sw      gp, -2006(t5)
core   0: 3 0x8000b7da (0x823f2523) mem 0x80010000 0x00000001
core   0: 0x8000b7de (0x0000bfe5) c.j     pc - 8
core   0: 3 0x8000b7de (0xbfe5)
core   0: 0x8000b7d6 (0x00005f17) auipc   t5, 0x5
core   0: 3 0x8000b7d6 (0x00005f17) x30 0x800107d6
core   0: 0x8000b7da (0x823f2523) sw      gp, -2006(t5)
core   0: 3 0x8000b7da (0x823f2523) mem 0x80010000 0x00000001
core   0: 0x8000b7de (0x0000bfe5) c.j     pc - 8
core   0: 3 0x8000b7de (0xbfe5)
core   0: 0x8000b7d6 (0x00005f17) auipc   t5, 0x5
core   0: 3 0x8000b7d6 (0x00005f17) x30 0x800107d6
core   0: 0x8000b7da (0x823f2523) sw      gp, -2006(t5)
core   0: 3 0x8000b7da (0x823f2523) mem 0x80010000 0x00000001
core   0: 0x8000b7de (0x0000bfe5) c.j     pc - 8
core   0: 3 0x8000b7de (0xbfe5)
core   0: 0x8000b7d6 (0x00005f17) auipc   t5, 0x5
core   0: 3 0x8000b7d6 (0x00005f17) x30 0x800107d6
core   0: 0x8000b7da (0x823f2523) sw      gp, -2006(t5)
core   0: 3 0x8000b7da (0x823f2523) mem 0x80010000 0x00000001
core   0: 0x8000b7de (0x0000bfe5) c.j     pc - 8
core   0: 3 0x8000b7de (0xbfe5)
core   0: 0x8000b7d6 (0x00005f17) auipc   t5, 0x5
core   0: 3 0x8000b7d6 (0x00005f17) x30 0x800107d6
core   0: 0x8000b7da (0x823f2523) sw      gp, -2006(t5)
core   0: 3 0x8000b7da (0x823f2523) mem 0x80010000 0x00000001
core   0: 0x8000b7de (0x0000bfe5) c.j     pc - 8
core   0: 3 0x8000b7de (0xbfe5)
core   0: 0x8000b7d6 (0x00005f17) auipc   t5, 0x5
core   0: 3 0x8000b7d6 (0x00005f17) x30 0x800107d6
core   0: 0x8000b7da (0x823f2523) sw      gp, -2006(t5)
core   0: 3 0x8000b7da (0x823f2523) mem 0x80010000 0x00000001
core   0: 0x8000b7de (0x0000bfe5) c.j     pc - 8
core   0: 3 0x8000b7de (0xbfe5)
core   0: 0x8000b7d6 (0x00005f17) auipc   t5, 0x5
core   0: 3 0x8000b7d6 (0x00005f17) x30 0x800107d6
core   0: 0x8000b7da (0x823f2523) sw      gp, -2006(t5)
core   0: 3 0x8000b7da (0x823f2523) mem 0x80010000 0x00000001
core   0: 0x8000b7de (0x0000bfe5) c.j     pc - 8
core   0: 3 0x8000b7de (0xbfe5)
core   0: 0x8000b7d6 (0x00005f17) auipc   t5, 0x5
core   0: 3 0x8000b7d6 (0x00005f17) x30 0x800107d6
core   0: 0x8000b7da (0x823f2523) sw      gp, -2006(t5)
core   0: 3 0x8000b7da (0x823f2523) mem 0x80010000 0x00000001
core   0: 0x8000b7de (0x0000bfe5) c.j     pc - 8
core   0: 3 0x8000b7de (0xbfe5)
core   0: 0x8000b7d6 (0x00005f17) auipc   t5, 0x5
core   0: 3 0x8000b7d6 (0x00005f17) x30 0x800107d6
core   0: 0x8000b7da (0x823f2523) sw      gp, -2006(t5)
core   0: 3 0x8000b7da (0x823f2523) mem 0x80010000 0x00000001
core   0: 0x8000b7de (0x0000bfe5) c.j     pc - 8
core   0: 3 0x8000b7de (0xbfe5)
core   0: 0x8000b7d6 (0x00005f17) auipc   t5, 0x5
core   0: 3 0x8000b7d6 (0x00005f17) x30 0x800107d6
core   0: 0x8000b7da (0x823f2523) sw      gp, -2006(t5)
core   0: 3 0x8000b7da (0x823f2523) mem 0x80010000 0x00000001
core   0: 0x8000b7de (0x0000bfe5) c.j     pc - 8
core   0: 3 0x8000b7de (0xbfe5)
core   0: 0x8000b7d6 (0x00005f17) auipc   t5, 0x5
core   0: 3 0x8000b7d6 (0x00005f17) x30 0x800107d6
core   0: 0x8000b7da (0x823f2523) sw      gp, -2006(t5)
core   0: 3 0x8000b7da (0x823f2523) mem 0x80010000 0x00000001
core   0: 0x8000b7de (0x0000bfe5) c.j     pc - 8
core   0: 3 0x8000b7de (0xbfe5)
core   0: 0x8000b7d6 (0x00005f17) auipc   t5, 0x5
core   0: 3 0x8000b7d6 (0x00005f17) x30 0x800107d6
core   0: 0x8000b7da (0x823f2523) sw      gp, -2006(t5)
core   0: 3 0x8000b7da (0x823f2523) mem 0x80010000 0x00000001
core   0: 0x8000b7de (0x0000bfe5) c.j     pc - 8
core   0: 3 0x8000b7de (0xbfe5)
core   0: 0x8000b7d6 (0x00005f17) auipc   t5, 0x5
core   0: 3 0x8000b7d6 (0x00005f17) x30 0x800107d6
core   0: 0x8000b7da (0x823f2523) sw      gp, -2006(t5)
core   0: 3 0x8000b7da (0x823f2523) mem 0x80010000 0x00000001
core   0: 0x8000b7de (0x0000bfe5) c.j     pc - 8
core   0: 3 0x8000b7de (0xbfe5)
core   0: 0x8000b7d6 (0x00005f17) auipc   t5, 0x5
core   0: 3 0x8000b7d6 (0x00005f17) x30 0x800107d6
core   0: 0x8000b7da (0x823f2523) sw      gp, -2006(t5)
core   0: 3 0x8000b7da (0x823f2523) mem 0x80010000 0x00000001
core   0: 0x8000b7de (0x0000bfe5) c.j     pc - 8
core   0: 3 0x8000b7de (0xbfe5)
core   0: 0x8000b7d6 (0x00005f17) auipc   t5, 0x5
core   0: 3 0x8000b7d6 (0x00005f17) x30 0x800107d6
core   0: 0x8000b7da (0x823f2523) sw      gp, -2006(t5)
core   0: 3 0x8000b7da (0x823f2523) mem 0x80010000 0x00000001
core   0: 0x8000b7de (0x0000bfe5) c.j     pc - 8
core   0: 3 0x8000b7de (0xbfe5)
core   0: 0x8000b7d6 (0x00005f17) auipc   t5, 0x5
core   0: 3 0x8000b7d6 (0x00005f17) x30 0x800107d6
core   0: 0x8000b7da (0x823f2523) sw      gp, -2006(t5)
core   0: 3 0x8000b7da (0x823f2523) mem 0x80010000 0x00000001
core   0: 0x8000b7de (0x0000bfe5) c.j     pc - 8
core   0: 3 0x8000b7de (0xbfe5)
core   0: 0x8000b7d6 (0x00005f17) auipc   t5, 0x5
core   0: 3 0x8000b7d6 (0x00005f17) x30 0x800107d6
core   0: 0x8000b7da (0x823f2523) sw      gp, -2006(t5)
core   0: 3 0x8000b7da (0x823f2523) mem 0x80010000 0x00000001
core   0: 0x8000b7de (0x0000bfe5) c.j     pc - 8
core   0: 3 0x8000b7de (0xbfe5)
core   0: 0x8000b7d6 (0x00005f17) auipc   t5, 0x5
core   0: 3 0x8000b7d6 (0x00005f17) x30 0x800107d6
core   0: 0x8000b7da (0x823f2523) sw      gp, -2006(t5)
core   0: 3 0x8000b7da (0x823f2523) mem 0x80010000 0x00000001
core   0: 0x8000b7de (0x0000bfe5) c.j     pc - 8
core   0: 3 0x8000b7de (0xbfe5)
core   0: 0x8000b7d6 (0x00005f17) auipc   t5, 0x5
core   0: 3 0x8000b7d6 (0x00005f17) x30 0x800107d6
core   0: 0x8000b7da (0x823f2523) sw      gp, -2006(t5)
core   0: 3 0x8000b7da (0x823f2523) mem 0x80010000 0x00000001
core   0: 0x8000b7de (0x0000bfe5) c.j     pc - 8
core   0: 3 0x8000b7de (0xbfe5)
core   0: 0x8000b7d6 (0x00005f17) auipc   t5, 0x5
core   0: 3 0x8000b7d6 (0x00005f17) x30 0x800107d6
core   0: 0x8000b7da (0x823f2523) sw      gp, -2006(t5)
core   0: 3 0x8000b7da (0x823f2523) mem 0x80010000 0x00000001
core   0: 0x8000b7de (0x0000bfe5) c.j     pc - 8
core   0: 3 0x8000b7de (0xbfe5)
core   0: 0x8000b7d6 (0x00005f17) auipc   t5, 0x5
core   0: 3 0x8000b7d6 (0x00005f17) x30 0x800107d6
core   0: 0x8000b7da (0x823f2523) sw      gp, -2006(t5)
core   0: 3 0x8000b7da (0x823f2523) mem 0x80010000 0x00000001
core   0: 0x8000b7de (0x0000bfe5) c.j     pc - 8
core   0: 3 0x8000b7de (0xbfe5)
core   0: 0x8000b7d6 (0x00005f17) auipc   t5, 0x5
core   0: 3 0x8000b7d6 (0x00005f17) x30 0x800107d6
core   0: 0x8000b7da (0x823f2523) sw      gp, -2006(t5)
core   0: 3 0x8000b7da (0x823f2523) mem 0x80010000 0x00000001
core   0: 0x8000b7de (0x0000bfe5) c.j     pc - 8
core   0: 3 0x8000b7de (0xbfe5)
core   0: 0x8000b7d6 (0x00005f17) auipc   t5, 0x5
core   0: 3 0x8000b7d6 (0x00005f17) x30 0x800107d6
core   0: 0x8000b7da (0x823f2523) sw      gp, -2006(t5)
core   0: 3 0x8000b7da (0x823f2523) mem 0x80010000 0x00000001
core   0: 0x8000b7de (0x0000bfe5) c.j     pc - 8
core   0: 3 0x8000b7de (0xbfe5)
core   0: 0x8000b7d6 (0x00005f17) auipc   t5, 0x5
core   0: 3 0x8000b7d6 (0x00005f17) x30 0x800107d6
core   0: 0x8000b7da (0x823f2523) sw      gp, -2006(t5)
core   0: 3 0x8000b7da (0x823f2523) mem 0x80010000 0x00000001
core   0: 0x8000b7de (0x0000bfe5) c.j     pc - 8
core   0: 3 0x8000b7de (0xbfe5)
core   0: 0x8000b7d6 (0x00005f17) auipc   t5, 0x5
core   0: 3 0x8000b7d6 (0x00005f17) x30 0x800107d6
core   0: 0x8000b7da (0x823f2523) sw      gp, -2006(t5)
core   0: 3 0x8000b7da (0x823f2523) mem 0x80010000 0x00000001
core   0: 0x8000b7de (0x0000bfe5) c.j     pc - 8
core   0: 3 0x8000b7de (0xbfe5)
core   0: 0x8000b7d6 (0x00005f17) auipc   t5, 0x5
core   0: 3 0x8000b7d6 (0x00005f17) x30 0x800107d6
core   0: 0x8000b7da (0x823f2523) sw      gp, -2006(t5)
core   0: 3 0x8000b7da (0x823f2523) mem 0x80010000 0x00000001
core   0: 0x8000b7de (0x0000bfe5) c.j     pc - 8
core   0: 3 0x8000b7de (0xbfe5)
core   0: 0x8000b7d6 (0x00005f17) auipc   t5, 0x5
core   0: 3 0x8000b7d6 (0x00005f17) x30 0x800107d6
core   0: 0x8000b7da (0x823f2523) sw      gp, -2006(t5)
core   0: 3 0x8000b7da (0x823f2523) mem 0x80010000 0x00000001
core   0: 0x8000b7de (0x0000bfe5) c.j     pc - 8
core   0: 3 0x8000b7de (0xbfe5)
core   0: 0x8000b7d6 (0x00005f17) auipc   t5, 0x5
core   0: 3 0x8000b7d6 (0x00005f17) x30 0x800107d6
core   0: 0x8000b7da (0x823f2523) sw      gp, -2006(t5)
core   0: 3 0x8000b7da (0x823f2523) mem 0x80010000 0x00000001
core   0: 0x8000b7de (0x0000bfe5) c.j     pc - 8
core   0: 3 0x8000b7de (0xbfe5)
core   0: 0x8000b7d6 (0x00005f17) auipc   t5, 0x5
core   0: 3 0x8000b7d6 (0x00005f17) x30 0x800107d6
core   0: 0x8000b7da (0x823f2523) sw      gp, -2006(t5)
core   0: 3 0x8000b7da (0x823f2523) mem 0x80010000 0x00000001
core   0: 0x8000b7de (0x0000bfe5) c.j     pc - 8
core   0: 3 0x8000b7de (0xbfe5)
core   0: 0x8000b7d6 (0x00005f17) auipc   t5, 0x5
core   0: 3 0x8000b7d6 (0x00005f17) x30 0x800107d6
core   0: 0x8000b7da (0x823f2523) sw      gp, -2006(t5)
core   0: 3 0x8000b7da (0x823f2523) mem 0x80010000 0x00000001
core   0: 0x8000b7de (0x0000bfe5) c.j     pc - 8
core   0: 3 0x8000b7de (0xbfe5)
core   0: 0x8000b7d6 (0x00005f17) auipc   t5, 0x5
core   0: 3 0x8000b7d6 (0x00005f17) x30 0x800107d6
core   0: 0x8000b7da (0x823f2523) sw      gp, -2006(t5)
core   0: 3 0x8000b7da (0x823f2523) mem 0x80010000 0x00000001
core   0: 0x8000b7de (0x0000bfe5) c.j     pc - 8
core   0: 3 0x8000b7de (0xbfe5)
core   0: 0x8000b7d6 (0x00005f17) auipc   t5, 0x5
core   0: 3 0x8000b7d6 (0x00005f17) x30 0x800107d6
core   0: 0x8000b7da (0x823f2523) sw      gp, -2006(t5)
core   0: 3 0x8000b7da (0x823f2523) mem 0x80010000 0x00000001
core   0: 0x8000b7de (0x0000bfe5) c.j     pc - 8
core   0: 3 0x8000b7de (0xbfe5)
core   0: 0x8000b7d6 (0x00005f17) auipc   t5, 0x5
core   0: 3 0x8000b7d6 (0x00005f17) x30 0x800107d6
core   0: 0x8000b7da (0x823f2523) sw      gp, -2006(t5)
core   0: 3 0x8000b7da (0x823f2523) mem 0x80010000 0x00000001
core   0: 0x8000b7de (0x0000bfe5) c.j     pc - 8
core   0: 3 0x8000b7de (0xbfe5)
core   0: 0x8000b7d6 (0x00005f17) auipc   t5, 0x5
core   0: 3 0x8000b7d6 (0x00005f17) x30 0x800107d6
core   0: 0x8000b7da (0x823f2523) sw      gp, -2006(t5)
core   0: 3 0x8000b7da (0x823f2523) mem 0x80010000 0x00000001
core   0: 0x8000b7de (0x0000bfe5) c.j     pc - 8
core   0: 3 0x8000b7de (0xbfe5)
core   0: 0x8000b7d6 (0x00005f17) auipc   t5, 0x5
core   0: 3 0x8000b7d6 (0x00005f17) x30 0x800107d6
core   0: 0x8000b7da (0x823f2523) sw      gp, -2006(t5)
core   0: 3 0x8000b7da (0x823f2523) mem 0x80010000 0x00000001
core   0: 0x8000b7de (0x0000bfe5) c.j     pc - 8
core   0: 3 0x8000b7de (0xbfe5)
core   0: 0x8000b7d6 (0x00005f17) auipc   t5, 0x5
core   0: 3 0x8000b7d6 (0x00005f17) x30 0x800107d6
core   0: 0x8000b7da (0x823f2523) sw      gp, -2006(t5)
core   0: 3 0x8000b7da (0x823f2523) mem 0x80010000 0x00000001
core   0: 0x8000b7de (0x0000bfe5) c.j     pc - 8
core   0: 3 0x8000b7de (0xbfe5)
core   0: 0x8000b7d6 (0x00005f17) auipc   t5, 0x5
core   0: 3 0x8000b7d6 (0x00005f17) x30 0x800107d6
core   0: 0x8000b7da (0x823f2523) sw      gp, -2006(t5)
core   0: 3 0x8000b7da (0x823f2523) mem 0x80010000 0x00000001
core   0: 0x8000b7de (0x0000bfe5) c.j     pc - 8
core   0: 3 0x8000b7de (0xbfe5)
core   0: 0x8000b7d6 (0x00005f17) auipc   t5, 0x5
core   0: 3 0x8000b7d6 (0x00005f17) x30 0x800107d6
core   0: 0x8000b7da (0x823f2523) sw      gp, -2006(t5)
core   0: 3 0x8000b7da (0x823f2523) mem 0x80010000 0x00000001
core   0: 0x8000b7de (0x0000bfe5) c.j     pc - 8
core   0: 3 0x8000b7de (0xbfe5)
core   0: 0x8000b7d6 (0x00005f17) auipc   t5, 0x5
core   0: 3 0x8000b7d6 (0x00005f17) x30 0x800107d6
core   0: 0x8000b7da (0x823f2523) sw      gp, -2006(t5)
core   0: 3 0x8000b7da (0x823f2523) mem 0x80010000 0x00000001
core   0: 0x8000b7de (0x0000bfe5) c.j     pc - 8
core   0: 3 0x8000b7de (0xbfe5)
core   0: 0x8000b7d6 (0x00005f17) auipc   t5, 0x5
core   0: 3 0x8000b7d6 (0x00005f17) x30 0x800107d6
core   0: 0x8000b7da (0x823f2523) sw      gp, -2006(t5)
core   0: 3 0x8000b7da (0x823f2523) mem 0x80010000 0x00000001
core   0: 0x8000b7de (0x0000bfe5) c.j     pc - 8
core   0: 3 0x8000b7de (0xbfe5)
core   0: 0x8000b7d6 (0x00005f17) auipc   t5, 0x5
core   0: 3 0x8000b7d6 (0x00005f17) x30 0x800107d6
core   0: 0x8000b7da (0x823f2523) sw      gp, -2006(t5)
core   0: 3 0x8000b7da (0x823f2523) mem 0x80010000 0x00000001
core   0: 0x8000b7de (0x0000bfe5) c.j     pc - 8
core   0: 3 0x8000b7de (0xbfe5)
core   0: 0x8000b7d6 (0x00005f17) auipc   t5, 0x5
core   0: 3 0x8000b7d6 (0x00005f17) x30 0x800107d6
core   0: 0x8000b7da (0x823f2523) sw      gp, -2006(t5)
core   0: 3 0x8000b7da (0x823f2523) mem 0x80010000 0x00000001
core   0: 0x8000b7de (0x0000bfe5) c.j     pc - 8
core   0: 3 0x8000b7de (0xbfe5)
core   0: 0x8000b7d6 (0x00005f17) auipc   t5, 0x5
core   0: 3 0x8000b7d6 (0x00005f17) x30 0x800107d6
core   0: 0x8000b7da (0x823f2523) sw      gp, -2006(t5)
core   0: 3 0x8000b7da (0x823f2523) mem 0x80010000 0x00000001
core   0: 0x8000b7de (0x0000bfe5) c.j     pc - 8
core   0: 3 0x8000b7de (0xbfe5)
core   0: 0x8000b7d6 (0x00005f17) auipc   t5, 0x5
core   0: 3 0x8000b7d6 (0x00005f17) x30 0x800107d6
core   0: 0x8000b7da (0x823f2523) sw      gp, -2006(t5)
core   0: 3 0x8000b7da (0x823f2523) mem 0x80010000 0x00000001
core   0: 0x8000b7de (0x0000bfe5) c.j     pc - 8
core   0: 3 0x8000b7de (0xbfe5)
core   0: 0x8000b7d6 (0x00005f17) auipc   t5, 0x5
core   0: 3 0x8000b7d6 (0x00005f17) x30 0x800107d6
core   0: 0x8000b7da (0x823f2523) sw      gp, -2006(t5)
core   0: 3 0x8000b7da (0x823f2523) mem 0x80010000 0x00000001
core   0: 0x8000b7de (0x0000bfe5) c.j     pc - 8
core   0: 3 0x8000b7de (0xbfe5)
core   0: 0x8000b7d6 (0x00005f17) auipc   t5, 0x5
core   0: 3 0x8000b7d6 (0x00005f17) x30 0x800107d6
core   0: 0x8000b7da (0x823f2523) sw      gp, -2006(t5)
core   0: 3 0x8000b7da (0x823f2523) mem 0x80010000 0x00000001
core   0: 0x8000b7de (0x0000bfe5) c.j     pc - 8
core   0: 3 0x8000b7de (0xbfe5)
core   0: 0x8000b7d6 (0x00005f17) auipc   t5, 0x5
core   0: 3 0x8000b7d6 (0x00005f17) x30 0x800107d6
core   0: 0x8000b7da (0x823f2523) sw      gp, -2006(t5)
core   0: 3 0x8000b7da (0x823f2523) mem 0x80010000 0x00000001
core   0: 0x8000b7de (0x0000bfe5) c.j     pc - 8
core   0: 3 0x8000b7de (0xbfe5)
core   0: 0x8000b7d6 (0x00005f17) auipc   t5, 0x5
core   0: 3 0x8000b7d6 (0x00005f17) x30 0x800107d6
core   0: 0x8000b7da (0x823f2523) sw      gp, -2006(t5)
core   0: 3 0x8000b7da (0x823f2523) mem 0x80010000 0x00000001
core   0: 0x8000b7de (0x0000bfe5) c.j     pc - 8
core   0: 3 0x8000b7de (0xbfe5)
core   0: 0x8000b7d6 (0x00005f17) auipc   t5, 0x5
core   0: 3 0x8000b7d6 (0x00005f17) x30 0x800107d6
core   0: 0x8000b7da (0x823f2523) sw      gp, -2006(t5)
core   0: 3 0x8000b7da (0x823f2523) mem 0x80010000 0x00000001
core   0: 0x8000b7de (0x0000bfe5) c.j     pc - 8
core   0: 3 0x8000b7de (0xbfe5)
core   0: 0x8000b7d6 (0x00005f17) auipc   t5, 0x5
core   0: 3 0x8000b7d6 (0x00005f17) x30 0x800107d6
core   0: 0x8000b7da (0x823f2523) sw      gp, -2006(t5)
core   0: 3 0x8000b7da (0x823f2523) mem 0x80010000 0x00000001
core   0: 0x8000b7de (0x0000bfe5) c.j     pc - 8
core   0: 3 0x8000b7de (0xbfe5)
core   0: 0x8000b7d6 (0x00005f17) auipc   t5, 0x5
core   0: 3 0x8000b7d6 (0x00005f17) x30 0x800107d6
core   0: 0x8000b7da (0x823f2523) sw      gp, -2006(t5)
core   0: 3 0x8000b7da (0x823f2523) mem 0x80010000 0x00000001
core   0: 0x8000b7de (0x0000bfe5) c.j     pc - 8
core   0: 3 0x8000b7de (0xbfe5)
core   0: 0x8000b7d6 (0x00005f17) auipc   t5, 0x5
core   0: 3 0x8000b7d6 (0x00005f17) x30 0x800107d6
core   0: 0x8000b7da (0x823f2523) sw      gp, -2006(t5)
core   0: 3 0x8000b7da (0x823f2523) mem 0x80010000 0x00000001
core   0: 0x8000b7de (0x0000bfe5) c.j     pc - 8
core   0: 3 0x8000b7de (0xbfe5)
core   0: 0x8000b7d6 (0x00005f17) auipc   t5, 0x5
core   0: 3 0x8000b7d6 (0x00005f17) x30 0x800107d6
core   0: 0x8000b7da (0x823f2523) sw      gp, -2006(t5)
core   0: 3 0x8000b7da (0x823f2523) mem 0x80010000 0x00000001
core   0: 0x8000b7de (0x0000bfe5) c.j     pc - 8
core   0: 3 0x8000b7de (0xbfe5)
core   0: 0x8000b7d6 (0x00005f17) auipc   t5, 0x5
core   0: 3 0x8000b7d6 (0x00005f17) x30 0x800107d6
core   0: 0x8000b7da (0x823f2523) sw      gp, -2006(t5)
core   0: 3 0x8000b7da (0x823f2523) mem 0x80010000 0x00000001
core   0: 0x8000b7de (0x0000bfe5) c.j     pc - 8
core   0: 3 0x8000b7de (0xbfe5)
core   0: 0x8000b7d6 (0x00005f17) auipc   t5, 0x5
core   0: 3 0x8000b7d6 (0x00005f17) x30 0x800107d6
core   0: 0x8000b7da (0x823f2523) sw      gp, -2006(t5)
core   0: 3 0x8000b7da (0x823f2523) mem 0x80010000 0x00000001
core   0: 0x8000b7de (0x0000bfe5) c.j     pc - 8
core   0: 3 0x8000b7de (0xbfe5)
core   0: 0x8000b7d6 (0x00005f17) auipc   t5, 0x5
core   0: 3 0x8000b7d6 (0x00005f17) x30 0x800107d6
core   0: 0x8000b7da (0x823f2523) sw      gp, -2006(t5)
core   0: 3 0x8000b7da (0x823f2523) mem 0x80010000 0x00000001
core   0: 0x8000b7de (0x0000bfe5) c.j     pc - 8
core   0: 3 0x8000b7de (0xbfe5)
core   0: 0x8000b7d6 (0x00005f17) auipc   t5, 0x5
core   0: 3 0x8000b7d6 (0x00005f17) x30 0x800107d6
core   0: 0x8000b7da (0x823f2523) sw      gp, -2006(t5)
core   0: 3 0x8000b7da (0x823f2523) mem 0x80010000 0x00000001
core   0: 0x8000b7de (0x0000bfe5) c.j     pc - 8
core   0: 3 0x8000b7de (0xbfe5)
core   0: 0x8000b7d6 (0x00005f17) auipc   t5, 0x5
core   0: 3 0x8000b7d6 (0x00005f17) x30 0x800107d6
core   0: 0x8000b7da (0x823f2523) sw      gp, -2006(t5)
core   0: 3 0x8000b7da (0x823f2523) mem 0x80010000 0x00000001
core   0: 0x8000b7de (0x0000bfe5) c.j     pc - 8
core   0: 3 0x8000b7de (0xbfe5)
core   0: 0x8000b7d6 (0x00005f17) auipc   t5, 0x5
core   0: 3 0x8000b7d6 (0x00005f17) x30 0x800107d6
core   0: 0x8000b7da (0x823f2523) sw      gp, -2006(t5)
core   0: 3 0x8000b7da (0x823f2523) mem 0x80010000 0x00000001
core   0: 0x8000b7de (0x0000bfe5) c.j     pc - 8
core   0: 3 0x8000b7de (0xbfe5)
core   0: 0x8000b7d6 (0x00005f17) auipc   t5, 0x5
core   0: 3 0x8000b7d6 (0x00005f17) x30 0x800107d6
core   0: 0x8000b7da (0x823f2523) sw      gp, -2006(t5)
core   0: 3 0x8000b7da (0x823f2523) mem 0x80010000 0x00000001
core   0: 0x8000b7de (0x0000bfe5) c.j     pc - 8
core   0: 3 0x8000b7de (0xbfe5)
core   0: 0x8000b7d6 (0x00005f17) auipc   t5, 0x5
core   0: 3 0x8000b7d6 (0x00005f17) x30 0x800107d6
core   0: 0x8000b7da (0x823f2523) sw      gp, -2006(t5)
core   0: 3 0x8000b7da (0x823f2523) mem 0x80010000 0x00000001
core   0: 0x8000b7de (0x0000bfe5) c.j     pc - 8
core   0: 3 0x8000b7de (0xbfe5)
core   0: 0x8000b7d6 (0x00005f17) auipc   t5, 0x5
core   0: 3 0x8000b7d6 (0x00005f17) x30 0x800107d6
core   0: 0x8000b7da (0x823f2523) sw      gp, -2006(t5)
core   0: 3 0x8000b7da (0x823f2523) mem 0x80010000 0x00000001
core   0: 0x8000b7de (0x0000bfe5) c.j     pc - 8
core   0: 3 0x8000b7de (0xbfe5)
core   0: 0x8000b7d6 (0x00005f17) auipc   t5, 0x5
core   0: 3 0x8000b7d6 (0x00005f17) x30 0x800107d6
core   0: 0x8000b7da (0x823f2523) sw      gp, -2006(t5)
core   0: 3 0x8000b7da (0x823f2523) mem 0x80010000 0x00000001
core   0: 0x8000b7de (0x0000bfe5) c.j     pc - 8
core   0: 3 0x8000b7de (0xbfe5)
core   0: 0x8000b7d6 (0x00005f17) auipc   t5, 0x5
core   0: 3 0x8000b7d6 (0x00005f17) x30 0x800107d6
core   0: 0x8000b7da (0x823f2523) sw      gp, -2006(t5)
core   0: 3 0x8000b7da (0x823f2523) mem 0x80010000 0x00000001
core   0: 0x8000b7de (0x0000bfe5) c.j     pc - 8
core   0: 3 0x8000b7de (0xbfe5)
core   0: 0x8000b7d6 (0x00005f17) auipc   t5, 0x5
core   0: 3 0x8000b7d6 (0x00005f17) x30 0x800107d6
core   0: 0x8000b7da (0x823f2523) sw      gp, -2006(t5)
core   0: 3 0x8000b7da (0x823f2523) mem 0x80010000 0x00000001
core   0: 0x8000b7de (0x0000bfe5) c.j     pc - 8
core   0: 3 0x8000b7de (0xbfe5)
core   0: 0x8000b7d6 (0x00005f17) auipc   t5, 0x5
core   0: 3 0x8000b7d6 (0x00005f17) x30 0x800107d6
core   0: 0x8000b7da (0x823f2523) sw      gp, -2006(t5)
core   0: 3 0x8000b7da (0x823f2523) mem 0x80010000 0x00000001
core   0: 0x8000b7de (0x0000bfe5) c.j     pc - 8
core   0: 3 0x8000b7de (0xbfe5)
core   0: 0x8000b7d6 (0x00005f17) auipc   t5, 0x5
core   0: 3 0x8000b7d6 (0x00005f17) x30 0x800107d6
core   0: 0x8000b7da (0x823f2523) sw      gp, -2006(t5)
core   0: 3 0x8000b7da (0x823f2523) mem 0x80010000 0x00000001
core   0: 0x8000b7de (0x0000bfe5) c.j     pc - 8
core   0: 3 0x8000b7de (0xbfe5)
core   0: 0x8000b7d6 (0x00005f17) auipc   t5, 0x5
core   0: 3 0x8000b7d6 (0x00005f17) x30 0x800107d6
core   0: 0x8000b7da (0x823f2523) sw      gp, -2006(t5)
core   0: 3 0x8000b7da (0x823f2523) mem 0x80010000 0x00000001
core   0: 0x8000b7de (0x0000bfe5) c.j     pc - 8
core   0: 3 0x8000b7de (0xbfe5)
core   0: 0x8000b7d6 (0x00005f17) auipc   t5, 0x5
core   0: 3 0x8000b7d6 (0x00005f17) x30 0x800107d6
core   0: 0x8000b7da (0x823f2523) sw      gp, -2006(t5)
core   0: 3 0x8000b7da (0x823f2523) mem 0x80010000 0x00000001
core   0: 0x8000b7de (0x0000bfe5) c.j     pc - 8
core   0: 3 0x8000b7de (0xbfe5)
core   0: 0x8000b7d6 (0x00005f17) auipc   t5, 0x5
core   0: 3 0x8000b7d6 (0x00005f17) x30 0x800107d6
core   0: 0x8000b7da (0x823f2523) sw      gp, -2006(t5)
core   0: 3 0x8000b7da (0x823f2523) mem 0x80010000 0x00000001
core   0: 0x8000b7de (0x0000bfe5) c.j     pc - 8
core   0: 3 0x8000b7de (0xbfe5)
core   0: 0x8000b7d6 (0x00005f17) auipc   t5, 0x5
core   0: 3 0x8000b7d6 (0x00005f17) x30 0x800107d6
core   0: 0x8000b7da (0x823f2523) sw      gp, -2006(t5)
core   0: 3 0x8000b7da (0x823f2523) mem 0x80010000 0x00000001
core   0: 0x8000b7de (0x0000bfe5) c.j     pc - 8
core   0: 3 0x8000b7de (0xbfe5)
core   0: 0x8000b7d6 (0x00005f17) auipc   t5, 0x5
core   0: 3 0x8000b7d6 (0x00005f17) x30 0x800107d6
core   0: 0x8000b7da (0x823f2523) sw      gp, -2006(t5)
core   0: 3 0x8000b7da (0x823f2523) mem 0x80010000 0x00000001
core   0: 0x8000b7de (0x0000bfe5) c.j     pc - 8
core   0: 3 0x8000b7de (0xbfe5)
core   0: 0x8000b7d6 (0x00005f17) auipc   t5, 0x5
core   0: 3 0x8000b7d6 (0x00005f17) x30 0x800107d6
core   0: 0x8000b7da (0x823f2523) sw      gp, -2006(t5)
core   0: 3 0x8000b7da (0x823f2523) mem 0x80010000 0x00000001
core   0: 0x8000b7de (0x0000bfe5) c.j     pc - 8
core   0: 3 0x8000b7de (0xbfe5)
core   0: 0x8000b7d6 (0x00005f17) auipc   t5, 0x5
core   0: 3 0x8000b7d6 (0x00005f17) x30 0x800107d6
core   0: 0x8000b7da (0x823f2523) sw      gp, -2006(t5)
core   0: 3 0x8000b7da (0x823f2523) mem 0x80010000 0x00000001
core   0: 0x8000b7de (0x0000bfe5) c.j     pc - 8
core   0: 3 0x8000b7de (0xbfe5)
core   0: 0x8000b7d6 (0x00005f17) auipc   t5, 0x5
core   0: 3 0x8000b7d6 (0x00005f17) x30 0x800107d6
core   0: 0x8000b7da (0x823f2523) sw      gp, -2006(t5)
core   0: 3 0x8000b7da (0x823f2523) mem 0x80010000 0x00000001
core   0: 0x8000b7de (0x0000bfe5) c.j     pc - 8
core   0: 3 0x8000b7de (0xbfe5)
core   0: 0x8000b7d6 (0x00005f17) auipc   t5, 0x5
core   0: 3 0x8000b7d6 (0x00005f17) x30 0x800107d6
core   0: 0x8000b7da (0x823f2523) sw      gp, -2006(t5)
core   0: 3 0x8000b7da (0x823f2523) mem 0x80010000 0x00000001
core   0: 0x8000b7de (0x0000bfe5) c.j     pc - 8
core   0: 3 0x8000b7de (0xbfe5)
core   0: 0x8000b7d6 (0x00005f17) auipc   t5, 0x5
core   0: 3 0x8000b7d6 (0x00005f17) x30 0x800107d6
core   0: 0x8000b7da (0x823f2523) sw      gp, -2006(t5)
core   0: 3 0x8000b7da (0x823f2523) mem 0x80010000 0x00000001
core   0: 0x8000b7de (0x0000bfe5) c.j     pc - 8
core   0: 3 0x8000b7de (0xbfe5)
core   0: 0x8000b7d6 (0x00005f17) auipc   t5, 0x5
core   0: 3 0x8000b7d6 (0x00005f17) x30 0x800107d6
core   0: 0x8000b7da (0x823f2523) sw      gp, -2006(t5)
core   0: 3 0x8000b7da (0x823f2523) mem 0x80010000 0x00000001
core   0: 0x8000b7de (0x0000bfe5) c.j     pc - 8
core   0: 3 0x8000b7de (0xbfe5)
core   0: 0x8000b7d6 (0x00005f17) auipc   t5, 0x5
core   0: 3 0x8000b7d6 (0x00005f17) x30 0x800107d6
core   0: 0x8000b7da (0x823f2523) sw      gp, -2006(t5)
core   0: 3 0x8000b7da (0x823f2523) mem 0x80010000 0x00000001
core   0: 0x8000b7de (0x0000bfe5) c.j     pc - 8
core   0: 3 0x8000b7de (0xbfe5)
core   0: 0x8000b7d6 (0x00005f17) auipc   t5, 0x5
core   0: 3 0x8000b7d6 (0x00005f17) x30 0x800107d6
core   0: 0x8000b7da (0x823f2523) sw      gp, -2006(t5)
core   0: 3 0x8000b7da (0x823f2523) mem 0x80010000 0x00000001
core   0: 0x8000b7de (0x0000bfe5) c.j     pc - 8
core   0: 3 0x8000b7de (0xbfe5)
core   0: 0x8000b7d6 (0x00005f17) auipc   t5, 0x5
core   0: 3 0x8000b7d6 (0x00005f17) x30 0x800107d6
core   0: 0x8000b7da (0x823f2523) sw      gp, -2006(t5)
core   0: 3 0x8000b7da (0x823f2523) mem 0x80010000 0x00000001
core   0: 0x8000b7de (0x0000bfe5) c.j     pc - 8
core   0: 3 0x8000b7de (0xbfe5)
core   0: 0x8000b7d6 (0x00005f17) auipc   t5, 0x5
core   0: 3 0x8000b7d6 (0x00005f17) x30 0x800107d6
core   0: 0x8000b7da (0x823f2523) sw      gp, -2006(t5)
core   0: 3 0x8000b7da (0x823f2523) mem 0x80010000 0x00000001
core   0: 0x8000b7de (0x0000bfe5) c.j     pc - 8
core   0: 3 0x8000b7de (0xbfe5)
core   0: 0x8000b7d6 (0x00005f17) auipc   t5, 0x5
core   0: 3 0x8000b7d6 (0x00005f17) x30 0x800107d6
core   0: 0x8000b7da (0x823f2523) sw      gp, -2006(t5)
core   0: 3 0x8000b7da (0x823f2523) mem 0x80010000 0x00000001
core   0: 0x8000b7de (0x0000bfe5) c.j     pc - 8
core   0: 3 0x8000b7de (0xbfe5)
core   0: 0x8000b7d6 (0x00005f17) auipc   t5, 0x5
core   0: 3 0x8000b7d6 (0x00005f17) x30 0x800107d6
core   0: 0x8000b7da (0x823f2523) sw      gp, -2006(t5)
core   0: 3 0x8000b7da (0x823f2523) mem 0x80010000 0x00000001
core   0: 0x8000b7de (0x0000bfe5) c.j     pc - 8
core   0: 3 0x8000b7de (0xbfe5)
core   0: 0x8000b7d6 (0x00005f17) auipc   t5, 0x5
core   0: 3 0x8000b7d6 (0x00005f17) x30 0x800107d6
core   0: 0x8000b7da (0x823f2523) sw      gp, -2006(t5)
core   0: 3 0x8000b7da (0x823f2523) mem 0x80010000 0x00000001
core   0: 0x8000b7de (0x0000bfe5) c.j     pc - 8
core   0: 3 0x8000b7de (0xbfe5)
core   0: 0x8000b7d6 (0x00005f17) auipc   t5, 0x5
core   0: 3 0x8000b7d6 (0x00005f17) x30 0x800107d6
core   0: 0x8000b7da (0x823f2523) sw      gp, -2006(t5)
core   0: 3 0x8000b7da (0x823f2523) mem 0x80010000 0x00000001
core   0: 0x8000b7de (0x0000bfe5) c.j     pc - 8
core   0: 3 0x8000b7de (0xbfe5)
core   0: 0x8000b7d6 (0x00005f17) auipc   t5, 0x5
core   0: 3 0x8000b7d6 (0x00005f17) x30 0x800107d6
core   0: 0x8000b7da (0x823f2523) sw      gp, -2006(t5)
core   0: 3 0x8000b7da (0x823f2523) mem 0x80010000 0x00000001
core   0: 0x8000b7de (0x0000bfe5) c.j     pc - 8
core   0: 3 0x8000b7de (0xbfe5)
core   0: 0x8000b7d6 (0x00005f17) auipc   t5, 0x5
core   0: 3 0x8000b7d6 (0x00005f17) x30 0x800107d6
core   0: 0x8000b7da (0x823f2523) sw      gp, -2006(t5)
core   0: 3 0x8000b7da (0x823f2523) mem 0x80010000 0x00000001
core   0: 0x8000b7de (0x0000bfe5) c.j     pc - 8
core   0: 3 0x8000b7de (0xbfe5)
core   0: 0x8000b7d6 (0x00005f17) auipc   t5, 0x5
core   0: 3 0x8000b7d6 (0x00005f17) x30 0x800107d6
core   0: 0x8000b7da (0x823f2523) sw      gp, -2006(t5)
core   0: 3 0x8000b7da (0x823f2523) mem 0x80010000 0x00000001
core   0: 0x8000b7de (0x0000bfe5) c.j     pc - 8
core   0: 3 0x8000b7de (0xbfe5)
core   0: 0x8000b7d6 (0x00005f17) auipc   t5, 0x5
core   0: 3 0x8000b7d6 (0x00005f17) x30 0x800107d6
core   0: 0x8000b7da (0x823f2523) sw      gp, -2006(t5)
core   0: 3 0x8000b7da (0x823f2523) mem 0x80010000 0x00000001
core   0: 0x8000b7de (0x0000bfe5) c.j     pc - 8
core   0: 3 0x8000b7de (0xbfe5)
core   0: 0x8000b7d6 (0x00005f17) auipc   t5, 0x5
core   0: 3 0x8000b7d6 (0x00005f17) x30 0x800107d6
core   0: 0x8000b7da (0x823f2523) sw      gp, -2006(t5)
core   0: 3 0x8000b7da (0x823f2523) mem 0x80010000 0x00000001
core   0: 0x8000b7de (0x0000bfe5) c.j     pc - 8
core   0: 3 0x8000b7de (0xbfe5)
core   0: 0x8000b7d6 (0x00005f17) auipc   t5, 0x5
core   0: 3 0x8000b7d6 (0x00005f17) x30 0x800107d6
core   0: 0x8000b7da (0x823f2523) sw      gp, -2006(t5)
core   0: 3 0x8000b7da (0x823f2523) mem 0x80010000 0x00000001
core   0: 0x8000b7de (0x0000bfe5) c.j     pc - 8
core   0: 3 0x8000b7de (0xbfe5)
core   0: 0x8000b7d6 (0x00005f17) auipc   t5, 0x5
core   0: 3 0x8000b7d6 (0x00005f17) x30 0x800107d6
core   0: 0x8000b7da (0x823f2523) sw      gp, -2006(t5)
core   0: 3 0x8000b7da (0x823f2523) mem 0x80010000 0x00000001
core   0: 0x8000b7de (0x0000bfe5) c.j     pc - 8
core   0: 3 0x8000b7de (0xbfe5)
core   0: 0x8000b7d6 (0x00005f17) auipc   t5, 0x5
core   0: 3 0x8000b7d6 (0x00005f17) x30 0x800107d6
core   0: 0x8000b7da (0x823f2523) sw      gp, -2006(t5)
core   0: 3 0x8000b7da (0x823f2523) mem 0x80010000 0x00000001
core   0: 0x8000b7de (0x0000bfe5) c.j     pc - 8
core   0: 3 0x8000b7de (0xbfe5)
core   0: 0x8000b7d6 (0x00005f17) auipc   t5, 0x5
core   0: 3 0x8000b7d6 (0x00005f17) x30 0x800107d6
core   0: 0x8000b7da (0x823f2523) sw      gp, -2006(t5)
core   0: 3 0x8000b7da (0x823f2523) mem 0x80010000 0x00000001
core   0: 0x8000b7de (0x0000bfe5) c.j     pc - 8
core   0: 3 0x8000b7de (0xbfe5)
core   0: 0x8000b7d6 (0x00005f17) auipc   t5, 0x5
core   0: 3 0x8000b7d6 (0x00005f17) x30 0x800107d6
core   0: 0x8000b7da (0x823f2523) sw      gp, -2006(t5)
core   0: 3 0x8000b7da (0x823f2523) mem 0x80010000 0x00000001
core   0: 0x8000b7de (0x0000bfe5) c.j     pc - 8
core   0: 3 0x8000b7de (0xbfe5)
core   0: 0x8000b7d6 (0x00005f17) auipc   t5, 0x5
core   0: 3 0x8000b7d6 (0x00005f17) x30 0x800107d6
core   0: 0x8000b7da (0x823f2523) sw      gp, -2006(t5)
core   0: 3 0x8000b7da (0x823f2523) mem 0x80010000 0x00000001
core   0: 0x8000b7de (0x0000bfe5) c.j     pc - 8
core   0: 3 0x8000b7de (0xbfe5)
core   0: 0x8000b7d6 (0x00005f17) auipc   t5, 0x5
core   0: 3 0x8000b7d6 (0x00005f17) x30 0x800107d6
core   0: 0x8000b7da (0x823f2523) sw      gp, -2006(t5)
core   0: 3 0x8000b7da (0x823f2523) mem 0x80010000 0x00000001
core   0: 0x8000b7de (0x0000bfe5) c.j     pc - 8
core   0: 3 0x8000b7de (0xbfe5)
core   0: 0x8000b7d6 (0x00005f17) auipc   t5, 0x5
core   0: 3 0x8000b7d6 (0x00005f17) x30 0x800107d6
core   0: 0x8000b7da (0x823f2523) sw      gp, -2006(t5)
core   0: 3 0x8000b7da (0x823f2523) mem 0x80010000 0x00000001
core   0: 0x8000b7de (0x0000bfe5) c.j     pc - 8
core   0: 3 0x8000b7de (0xbfe5)
core   0: 0x8000b7d6 (0x00005f17) auipc   t5, 0x5
core   0: 3 0x8000b7d6 (0x00005f17) x30 0x800107d6
core   0: 0x8000b7da (0x823f2523) sw      gp, -2006(t5)
core   0: 3 0x8000b7da (0x823f2523) mem 0x80010000 0x00000001
core   0: 0x8000b7de (0x0000bfe5) c.j     pc - 8
core   0: 3 0x8000b7de (0xbfe5)
core   0: 0x8000b7d6 (0x00005f17) auipc   t5, 0x5
core   0: 3 0x8000b7d6 (0x00005f17) x30 0x800107d6
core   0: 0x8000b7da (0x823f2523) sw      gp, -2006(t5)
core   0: 3 0x8000b7da (0x823f2523) mem 0x80010000 0x00000001
core   0: 0x8000b7de (0x0000bfe5) c.j     pc - 8
core   0: 3 0x8000b7de (0xbfe5)
core   0: 0x8000b7d6 (0x00005f17) auipc   t5, 0x5
core   0: 3 0x8000b7d6 (0x00005f17) x30 0x800107d6
core   0: 0x8000b7da (0x823f2523) sw      gp, -2006(t5)
core   0: 3 0x8000b7da (0x823f2523) mem 0x80010000 0x00000001
core   0: 0x8000b7de (0x0000bfe5) c.j     pc - 8
core   0: 3 0x8000b7de (0xbfe5)
core   0: 0x8000b7d6 (0x00005f17) auipc   t5, 0x5
core   0: 3 0x8000b7d6 (0x00005f17) x30 0x800107d6
core   0: 0x8000b7da (0x823f2523) sw      gp, -2006(t5)
core   0: 3 0x8000b7da (0x823f2523) mem 0x80010000 0x00000001
core   0: 0x8000b7de (0x0000bfe5) c.j     pc - 8
core   0: 3 0x8000b7de (0xbfe5)
core   0: 0x8000b7d6 (0x00005f17) auipc   t5, 0x5
core   0: 3 0x8000b7d6 (0x00005f17) x30 0x800107d6
core   0: 0x8000b7da (0x823f2523) sw      gp, -2006(t5)
core   0: 3 0x8000b7da (0x823f2523) mem 0x80010000 0x00000001
core   0: 0x8000b7de (0x0000bfe5) c.j     pc - 8
core   0: 3 0x8000b7de (0xbfe5)
core   0: 0x8000b7d6 (0x00005f17) auipc   t5, 0x5
core   0: 3 0x8000b7d6 (0x00005f17) x30 0x800107d6
core   0: 0x8000b7da (0x823f2523) sw      gp, -2006(t5)
core   0: 3 0x8000b7da (0x823f2523) mem 0x80010000 0x00000001
core   0: 0x8000b7de (0x0000bfe5) c.j     pc - 8
core   0: 3 0x8000b7de (0xbfe5)
core   0: 0x8000b7d6 (0x00005f17) auipc   t5, 0x5
core   0: 3 0x8000b7d6 (0x00005f17) x30 0x800107d6
core   0: 0x8000b7da (0x823f2523) sw      gp, -2006(t5)
core   0: 3 0x8000b7da (0x823f2523) mem 0x80010000 0x00000001
core   0: 0x8000b7de (0x0000bfe5) c.j     pc - 8
core   0: 3 0x8000b7de (0xbfe5)
core   0: 0x8000b7d6 (0x00005f17) auipc   t5, 0x5
core   0: 3 0x8000b7d6 (0x00005f17) x30 0x800107d6
core   0: 0x8000b7da (0x823f2523) sw      gp, -2006(t5)
core   0: 3 0x8000b7da (0x823f2523) mem 0x80010000 0x00000001
core   0: 0x8000b7de (0x0000bfe5) c.j     pc - 8
core   0: 3 0x8000b7de (0xbfe5)
core   0: 0x8000b7d6 (0x00005f17) auipc   t5, 0x5
core   0: 3 0x8000b7d6 (0x00005f17) x30 0x800107d6
core   0: 0x8000b7da (0x823f2523) sw      gp, -2006(t5)
core   0: 3 0x8000b7da (0x823f2523) mem 0x80010000 0x00000001
core   0: 0x8000b7de (0x0000bfe5) c.j     pc - 8
core   0: 3 0x8000b7de (0xbfe5)
core   0: 0x8000b7d6 (0x00005f17) auipc   t5, 0x5
core   0: 3 0x8000b7d6 (0x00005f17) x30 0x800107d6
core   0: 0x8000b7da (0x823f2523) sw      gp, -2006(t5)
core   0: 3 0x8000b7da (0x823f2523) mem 0x80010000 0x00000001
core   0: 0x8000b7de (0x0000bfe5) c.j     pc - 8
core   0: 3 0x8000b7de (0xbfe5)
core   0: 0x8000b7d6 (0x00005f17) auipc   t5, 0x5
core   0: 3 0x8000b7d6 (0x00005f17) x30 0x800107d6
core   0: 0x8000b7da (0x823f2523) sw      gp, -2006(t5)
core   0: 3 0x8000b7da (0x823f2523) mem 0x80010000 0x00000001
core   0: 0x8000b7de (0x0000bfe5) c.j     pc - 8
core   0: 3 0x8000b7de (0xbfe5)
core   0: 0x8000b7d6 (0x00005f17) auipc   t5, 0x5
core   0: 3 0x8000b7d6 (0x00005f17) x30 0x800107d6
core   0: 0x8000b7da (0x823f2523) sw      gp, -2006(t5)
core   0: 3 0x8000b7da (0x823f2523) mem 0x80010000 0x00000001
core   0: 0x8000b7de (0x0000bfe5) c.j     pc - 8
core   0: 3 0x8000b7de (0xbfe5)
core   0: 0x8000b7d6 (0x00005f17) auipc   t5, 0x5
core   0: 3 0x8000b7d6 (0x00005f17) x30 0x800107d6
core   0: 0x8000b7da (0x823f2523) sw      gp, -2006(t5)
core   0: 3 0x8000b7da (0x823f2523) mem 0x80010000 0x00000001
core   0: 0x8000b7de (0x0000bfe5) c.j     pc - 8
core   0: 3 0x8000b7de (0xbfe5)
core   0: 0x8000b7d6 (0x00005f17) auipc   t5, 0x5
core   0: 3 0x8000b7d6 (0x00005f17) x30 0x800107d6
core   0: 0x8000b7da (0x823f2523) sw      gp, -2006(t5)
core   0: 3 0x8000b7da (0x823f2523) mem 0x80010000 0x00000001
core   0: 0x8000b7de (0x0000bfe5) c.j     pc - 8
core   0: 3 0x8000b7de (0xbfe5)
core   0: 0x8000b7d6 (0x00005f17) auipc   t5, 0x5
core   0: 3 0x8000b7d6 (0x00005f17) x30 0x800107d6
core   0: 0x8000b7da (0x823f2523) sw      gp, -2006(t5)
core   0: 3 0x8000b7da (0x823f2523) mem 0x80010000 0x00000001
core   0: 0x8000b7de (0x0000bfe5) c.j     pc - 8
core   0: 3 0x8000b7de (0xbfe5)
core   0: 0x8000b7d6 (0x00005f17) auipc   t5, 0x5
core   0: 3 0x8000b7d6 (0x00005f17) x30 0x800107d6
core   0: 0x8000b7da (0x823f2523) sw      gp, -2006(t5)
core   0: 3 0x8000b7da (0x823f2523) mem 0x80010000 0x00000001
core   0: 0x8000b7de (0x0000bfe5) c.j     pc - 8
core   0: 3 0x8000b7de (0xbfe5)
core   0: 0x8000b7d6 (0x00005f17) auipc   t5, 0x5
core   0: 3 0x8000b7d6 (0x00005f17) x30 0x800107d6
core   0: 0x8000b7da (0x823f2523) sw      gp, -2006(t5)
core   0: 3 0x8000b7da (0x823f2523) mem 0x80010000 0x00000001
core   0: 0x8000b7de (0x0000bfe5) c.j     pc - 8
core   0: 3 0x8000b7de (0xbfe5)
core   0: 0x8000b7d6 (0x00005f17) auipc   t5, 0x5
core   0: 3 0x8000b7d6 (0x00005f17) x30 0x800107d6
core   0: 0x8000b7da (0x823f2523) sw      gp, -2006(t5)
core   0: 3 0x8000b7da (0x823f2523) mem 0x80010000 0x00000001
core   0: 0x8000b7de (0x0000bfe5) c.j     pc - 8
core   0: 3 0x8000b7de (0xbfe5)
core   0: 0x8000b7d6 (0x00005f17) auipc   t5, 0x5
core   0: 3 0x8000b7d6 (0x00005f17) x30 0x800107d6
core   0: 0x8000b7da (0x823f2523) sw      gp, -2006(t5)
core   0: 3 0x8000b7da (0x823f2523) mem 0x80010000 0x00000001
core   0: 0x8000b7de (0x0000bfe5) c.j     pc - 8
core   0: 3 0x8000b7de (0xbfe5)
core   0: 0x8000b7d6 (0x00005f17) auipc   t5, 0x5
core   0: 3 0x8000b7d6 (0x00005f17) x30 0x800107d6
core   0: 0x8000b7da (0x823f2523) sw      gp, -2006(t5)
core   0: 3 0x8000b7da (0x823f2523) mem 0x80010000 0x00000001
core   0: 0x8000b7de (0x0000bfe5) c.j     pc - 8
core   0: 3 0x8000b7de (0xbfe5)
core   0: 0x8000b7d6 (0x00005f17) auipc   t5, 0x5
core   0: 3 0x8000b7d6 (0x00005f17) x30 0x800107d6
core   0: 0x8000b7da (0x823f2523) sw      gp, -2006(t5)
core   0: 3 0x8000b7da (0x823f2523) mem 0x80010000 0x00000001
core   0: 0x8000b7de (0x0000bfe5) c.j     pc - 8
core   0: 3 0x8000b7de (0xbfe5)
core   0: 0x8000b7d6 (0x00005f17) auipc   t5, 0x5
core   0: 3 0x8000b7d6 (0x00005f17) x30 0x800107d6
core   0: 0x8000b7da (0x823f2523) sw      gp, -2006(t5)
core   0: 3 0x8000b7da (0x823f2523) mem 0x80010000 0x00000001
core   0: 0x8000b7de (0x0000bfe5) c.j     pc - 8
core   0: 3 0x8000b7de (0xbfe5)
core   0: 0x8000b7d6 (0x00005f17) auipc   t5, 0x5
core   0: 3 0x8000b7d6 (0x00005f17) x30 0x800107d6
core   0: 0x8000b7da (0x823f2523) sw      gp, -2006(t5)
core   0: 3 0x8000b7da (0x823f2523) mem 0x80010000 0x00000001
core   0: 0x8000b7de (0x0000bfe5) c.j     pc - 8
core   0: 3 0x8000b7de (0xbfe5)
core   0: 0x8000b7d6 (0x00005f17) auipc   t5, 0x5
core   0: 3 0x8000b7d6 (0x00005f17) x30 0x800107d6
core   0: 0x8000b7da (0x823f2523) sw      gp, -2006(t5)
core   0: 3 0x8000b7da (0x823f2523) mem 0x80010000 0x00000001
core   0: 0x8000b7de (0x0000bfe5) c.j     pc - 8
core   0: 3 0x8000b7de (0xbfe5)
core   0: 0x8000b7d6 (0x00005f17) auipc   t5, 0x5
core   0: 3 0x8000b7d6 (0x00005f17) x30 0x800107d6
core   0: 0x8000b7da (0x823f2523) sw      gp, -2006(t5)
core   0: 3 0x8000b7da (0x823f2523) mem 0x80010000 0x00000001
core   0: 0x8000b7de (0x0000bfe5) c.j     pc - 8
core   0: 3 0x8000b7de (0xbfe5)
core   0: 0x8000b7d6 (0x00005f17) auipc   t5, 0x5
core   0: 3 0x8000b7d6 (0x00005f17) x30 0x800107d6
core   0: 0x8000b7da (0x823f2523) sw      gp, -2006(t5)
core   0: 3 0x8000b7da (0x823f2523) mem 0x80010000 0x00000001
core   0: 0x8000b7de (0x0000bfe5) c.j     pc - 8
core   0: 3 0x8000b7de (0xbfe5)
core   0: 0x8000b7d6 (0x00005f17) auipc   t5, 0x5
core   0: 3 0x8000b7d6 (0x00005f17) x30 0x800107d6
core   0: 0x8000b7da (0x823f2523) sw      gp, -2006(t5)
core   0: 3 0x8000b7da (0x823f2523) mem 0x80010000 0x00000001
core   0: 0x8000b7de (0x0000bfe5) c.j     pc - 8
core   0: 3 0x8000b7de (0xbfe5)
core   0: 0x8000b7d6 (0x00005f17) auipc   t5, 0x5
core   0: 3 0x8000b7d6 (0x00005f17) x30 0x800107d6
core   0: 0x8000b7da (0x823f2523) sw      gp, -2006(t5)
core   0: 3 0x8000b7da (0x823f2523) mem 0x80010000 0x00000001
core   0: 0x8000b7de (0x0000bfe5) c.j     pc - 8
core   0: 3 0x8000b7de (0xbfe5)
core   0: 0x8000b7d6 (0x00005f17) auipc   t5, 0x5
core   0: 3 0x8000b7d6 (0x00005f17) x30 0x800107d6
core   0: 0x8000b7da (0x823f2523) sw      gp, -2006(t5)
core   0: 3 0x8000b7da (0x823f2523) mem 0x80010000 0x00000001
core   0: 0x8000b7de (0x0000bfe5) c.j     pc - 8
core   0: 3 0x8000b7de (0xbfe5)
core   0: 0x8000b7d6 (0x00005f17) auipc   t5, 0x5
core   0: 3 0x8000b7d6 (0x00005f17) x30 0x800107d6
core   0: 0x8000b7da (0x823f2523) sw      gp, -2006(t5)
core   0: 3 0x8000b7da (0x823f2523) mem 0x80010000 0x00000001
core   0: 0x8000b7de (0x0000bfe5) c.j     pc - 8
core   0: 3 0x8000b7de (0xbfe5)
core   0: 0x8000b7d6 (0x00005f17) auipc   t5, 0x5
core   0: 3 0x8000b7d6 (0x00005f17) x30 0x800107d6
core   0: 0x8000b7da (0x823f2523) sw      gp, -2006(t5)
core   0: 3 0x8000b7da (0x823f2523) mem 0x80010000 0x00000001
core   0: 0x8000b7de (0x0000bfe5) c.j     pc - 8
core   0: 3 0x8000b7de (0xbfe5)
core   0: 0x8000b7d6 (0x00005f17) auipc   t5, 0x5
core   0: 3 0x8000b7d6 (0x00005f17) x30 0x800107d6
core   0: 0x8000b7da (0x823f2523) sw      gp, -2006(t5)
core   0: 3 0x8000b7da (0x823f2523) mem 0x80010000 0x00000001
core   0: 0x8000b7de (0x0000bfe5) c.j     pc - 8
core   0: 3 0x8000b7de (0xbfe5)
core   0: 0x8000b7d6 (0x00005f17) auipc   t5, 0x5
core   0: 3 0x8000b7d6 (0x00005f17) x30 0x800107d6
core   0: 0x8000b7da (0x823f2523) sw      gp, -2006(t5)
core   0: 3 0x8000b7da (0x823f2523) mem 0x80010000 0x00000001
core   0: 0x8000b7de (0x0000bfe5) c.j     pc - 8
core   0: 3 0x8000b7de (0xbfe5)
core   0: 0x8000b7d6 (0x00005f17) auipc   t5, 0x5
core   0: 3 0x8000b7d6 (0x00005f17) x30 0x800107d6
core   0: 0x8000b7da (0x823f2523) sw      gp, -2006(t5)
core   0: 3 0x8000b7da (0x823f2523) mem 0x80010000 0x00000001
core   0: 0x8000b7de (0x0000bfe5) c.j     pc - 8
core   0: 3 0x8000b7de (0xbfe5)
core   0: 0x8000b7d6 (0x00005f17) auipc   t5, 0x5
core   0: 3 0x8000b7d6 (0x00005f17) x30 0x800107d6
core   0: 0x8000b7da (0x823f2523) sw      gp, -2006(t5)
core   0: 3 0x8000b7da (0x823f2523) mem 0x80010000 0x00000001
core   0: 0x8000b7de (0x0000bfe5) c.j     pc - 8
core   0: 3 0x8000b7de (0xbfe5)
core   0: 0x8000b7d6 (0x00005f17) auipc   t5, 0x5
core   0: 3 0x8000b7d6 (0x00005f17) x30 0x800107d6
core   0: 0x8000b7da (0x823f2523) sw      gp, -2006(t5)
core   0: 3 0x8000b7da (0x823f2523) mem 0x80010000 0x00000001
core   0: 0x8000b7de (0x0000bfe5) c.j     pc - 8
core   0: 3 0x8000b7de (0xbfe5)
core   0: 0x8000b7d6 (0x00005f17) auipc   t5, 0x5
core   0: 3 0x8000b7d6 (0x00005f17) x30 0x800107d6
core   0: 0x8000b7da (0x823f2523) sw      gp, -2006(t5)
core   0: 3 0x8000b7da (0x823f2523) mem 0x80010000 0x00000001
core   0: 0x8000b7de (0x0000bfe5) c.j     pc - 8
core   0: 3 0x8000b7de (0xbfe5)
core   0: 0x8000b7d6 (0x00005f17) auipc   t5, 0x5
core   0: 3 0x8000b7d6 (0x00005f17) x30 0x800107d6
core   0: 0x8000b7da (0x823f2523) sw      gp, -2006(t5)
core   0: 3 0x8000b7da (0x823f2523) mem 0x80010000 0x00000001
core   0: 0x8000b7de (0x0000bfe5) c.j     pc - 8
core   0: 3 0x8000b7de (0xbfe5)
core   0: 0x8000b7d6 (0x00005f17) auipc   t5, 0x5
core   0: 3 0x8000b7d6 (0x00005f17) x30 0x800107d6
core   0: 0x8000b7da (0x823f2523) sw      gp, -2006(t5)
core   0: 3 0x8000b7da (0x823f2523) mem 0x80010000 0x00000001
core   0: 0x8000b7de (0x0000bfe5) c.j     pc - 8
core   0: 3 0x8000b7de (0xbfe5)
core   0: 0x8000b7d6 (0x00005f17) auipc   t5, 0x5
core   0: 3 0x8000b7d6 (0x00005f17) x30 0x800107d6
core   0: 0x8000b7da (0x823f2523) sw      gp, -2006(t5)
core   0: 3 0x8000b7da (0x823f2523) mem 0x80010000 0x00000001
core   0: 0x8000b7de (0x0000bfe5) c.j     pc - 8
core   0: 3 0x8000b7de (0xbfe5)
core   0: 0x8000b7d6 (0x00005f17) auipc   t5, 0x5
core   0: 3 0x8000b7d6 (0x00005f17) x30 0x800107d6
core   0: 0x8000b7da (0x823f2523) sw      gp, -2006(t5)
core   0: 3 0x8000b7da (0x823f2523) mem 0x80010000 0x00000001
core   0: 0x8000b7de (0x0000bfe5) c.j     pc - 8
core   0: 3 0x8000b7de (0xbfe5)
core   0: 0x8000b7d6 (0x00005f17) auipc   t5, 0x5
core   0: 3 0x8000b7d6 (0x00005f17) x30 0x800107d6
core   0: 0x8000b7da (0x823f2523) sw      gp, -2006(t5)
core   0: 3 0x8000b7da (0x823f2523) mem 0x80010000 0x00000001
core   0: 0x8000b7de (0x0000bfe5) c.j     pc - 8
core   0: 3 0x8000b7de (0xbfe5)
core   0: 0x8000b7d6 (0x00005f17) auipc   t5, 0x5
core   0: 3 0x8000b7d6 (0x00005f17) x30 0x800107d6
core   0: 0x8000b7da (0x823f2523) sw      gp, -2006(t5)
core   0: 3 0x8000b7da (0x823f2523) mem 0x80010000 0x00000001
core   0: 0x8000b7de (0x0000bfe5) c.j     pc - 8
core   0: 3 0x8000b7de (0xbfe5)
core   0: 0x8000b7d6 (0x00005f17) auipc   t5, 0x5
core   0: 3 0x8000b7d6 (0x00005f17) x30 0x800107d6
core   0: 0x8000b7da (0x823f2523) sw      gp, -2006(t5)
core   0: 3 0x8000b7da (0x823f2523) mem 0x80010000 0x00000001
core   0: 0x8000b7de (0x0000bfe5) c.j     pc - 8
core   0: 3 0x8000b7de (0xbfe5)
core   0: 0x8000b7d6 (0x00005f17) auipc   t5, 0x5
core   0: 3 0x8000b7d6 (0x00005f17) x30 0x800107d6
core   0: 0x8000b7da (0x823f2523) sw      gp, -2006(t5)
core   0: 3 0x8000b7da (0x823f2523) mem 0x80010000 0x00000001
core   0: 0x8000b7de (0x0000bfe5) c.j     pc - 8
core   0: 3 0x8000b7de (0xbfe5)
core   0: 0x8000b7d6 (0x00005f17) auipc   t5, 0x5
core   0: 3 0x8000b7d6 (0x00005f17) x30 0x800107d6
core   0: 0x8000b7da (0x823f2523) sw      gp, -2006(t5)
core   0: 3 0x8000b7da (0x823f2523) mem 0x80010000 0x00000001
core   0: 0x8000b7de (0x0000bfe5) c.j     pc - 8
core   0: 3 0x8000b7de (0xbfe5)
core   0: 0x8000b7d6 (0x00005f17) auipc   t5, 0x5
core   0: 3 0x8000b7d6 (0x00005f17) x30 0x800107d6
core   0: 0x8000b7da (0x823f2523) sw      gp, -2006(t5)
core   0: 3 0x8000b7da (0x823f2523) mem 0x80010000 0x00000001
core   0: 0x8000b7de (0x0000bfe5) c.j     pc - 8
core   0: 3 0x8000b7de (0xbfe5)
core   0: 0x8000b7d6 (0x00005f17) auipc   t5, 0x5
core   0: 3 0x8000b7d6 (0x00005f17) x30 0x800107d6
core   0: 0x8000b7da (0x823f2523) sw      gp, -2006(t5)
core   0: 3 0x8000b7da (0x823f2523) mem 0x80010000 0x00000001
core   0: 0x8000b7de (0x0000bfe5) c.j     pc - 8
core   0: 3 0x8000b7de (0xbfe5)
core   0: 0x8000b7d6 (0x00005f17) auipc   t5, 0x5
core   0: 3 0x8000b7d6 (0x00005f17) x30 0x800107d6
core   0: 0x8000b7da (0x823f2523) sw      gp, -2006(t5)
core   0: 3 0x8000b7da (0x823f2523) mem 0x80010000 0x00000001
core   0: 0x8000b7de (0x0000bfe5) c.j     pc - 8
core   0: 3 0x8000b7de (0xbfe5)
core   0: 0x8000b7d6 (0x00005f17) auipc   t5, 0x5
core   0: 3 0x8000b7d6 (0x00005f17) x30 0x800107d6
core   0: 0x8000b7da (0x823f2523) sw      gp, -2006(t5)
core   0: 3 0x8000b7da (0x823f2523) mem 0x80010000 0x00000001
core   0: 0x8000b7de (0x0000bfe5) c.j     pc - 8
core   0: 3 0x8000b7de (0xbfe5)
core   0: 0x8000b7d6 (0x00005f17) auipc   t5, 0x5
core   0: 3 0x8000b7d6 (0x00005f17) x30 0x800107d6
core   0: 0x8000b7da (0x823f2523) sw      gp, -2006(t5)
core   0: 3 0x8000b7da (0x823f2523) mem 0x80010000 0x00000001
core   0: 0x8000b7de (0x0000bfe5) c.j     pc - 8
core   0: 3 0x8000b7de (0xbfe5)
core   0: 0x8000b7d6 (0x00005f17) auipc   t5, 0x5
core   0: 3 0x8000b7d6 (0x00005f17) x30 0x800107d6
core   0: 0x8000b7da (0x823f2523) sw      gp, -2006(t5)
core   0: 3 0x8000b7da (0x823f2523) mem 0x80010000 0x00000001
core   0: 0x8000b7de (0x0000bfe5) c.j     pc - 8
core   0: 3 0x8000b7de (0xbfe5)
core   0: 0x8000b7d6 (0x00005f17) auipc   t5, 0x5
core   0: 3 0x8000b7d6 (0x00005f17) x30 0x800107d6
core   0: 0x8000b7da (0x823f2523) sw      gp, -2006(t5)
core   0: 3 0x8000b7da (0x823f2523) mem 0x80010000 0x00000001
core   0: 0x8000b7de (0x0000bfe5) c.j     pc - 8
core   0: 3 0x8000b7de (0xbfe5)
core   0: 0x8000b7d6 (0x00005f17) auipc   t5, 0x5
core   0: 3 0x8000b7d6 (0x00005f17) x30 0x800107d6
core   0: 0x8000b7da (0x823f2523) sw      gp, -2006(t5)
core   0: 3 0x8000b7da (0x823f2523) mem 0x80010000 0x00000001
core   0: 0x8000b7de (0x0000bfe5) c.j     pc - 8
core   0: 3 0x8000b7de (0xbfe5)
core   0: 0x8000b7d6 (0x00005f17) auipc   t5, 0x5
core   0: 3 0x8000b7d6 (0x00005f17) x30 0x800107d6
core   0: 0x8000b7da (0x823f2523) sw      gp, -2006(t5)
core   0: 3 0x8000b7da (0x823f2523) mem 0x80010000 0x00000001
core   0: 0x8000b7de (0x0000bfe5) c.j     pc - 8
core   0: 3 0x8000b7de (0xbfe5)
core   0: 0x8000b7d6 (0x00005f17) auipc   t5, 0x5
core   0: 3 0x8000b7d6 (0x00005f17) x30 0x800107d6
core   0: 0x8000b7da (0x823f2523) sw      gp, -2006(t5)
core   0: 3 0x8000b7da (0x823f2523) mem 0x80010000 0x00000001
core   0: 0x8000b7de (0x0000bfe5) c.j     pc - 8
core   0: 3 0x8000b7de (0xbfe5)
core   0: 0x8000b7d6 (0x00005f17) auipc   t5, 0x5
core   0: 3 0x8000b7d6 (0x00005f17) x30 0x800107d6
core   0: 0x8000b7da (0x823f2523) sw      gp, -2006(t5)
core   0: 3 0x8000b7da (0x823f2523) mem 0x80010000 0x00000001
core   0: 0x8000b7de (0x0000bfe5) c.j     pc - 8
core   0: 3 0x8000b7de (0xbfe5)
core   0: 0x8000b7d6 (0x00005f17) auipc   t5, 0x5
core   0: 3 0x8000b7d6 (0x00005f17) x30 0x800107d6
core   0: 0x8000b7da (0x823f2523) sw      gp, -2006(t5)
core   0: 3 0x8000b7da (0x823f2523) mem 0x80010000 0x00000001
core   0: 0x8000b7de (0x0000bfe5) c.j     pc - 8
core   0: 3 0x8000b7de (0xbfe5)
core   0: 0x8000b7d6 (0x00005f17) auipc   t5, 0x5
core   0: 3 0x8000b7d6 (0x00005f17) x30 0x800107d6
core   0: 0x8000b7da (0x823f2523) sw      gp, -2006(t5)
core   0: 3 0x8000b7da (0x823f2523) mem 0x80010000 0x00000001
core   0: 0x8000b7de (0x0000bfe5) c.j     pc - 8
core   0: 3 0x8000b7de (0xbfe5)
core   0: 0x8000b7d6 (0x00005f17) auipc   t5, 0x5
core   0: 3 0x8000b7d6 (0x00005f17) x30 0x800107d6
core   0: 0x8000b7da (0x823f2523) sw      gp, -2006(t5)
core   0: 3 0x8000b7da (0x823f2523) mem 0x80010000 0x00000001
core   0: 0x8000b7de (0x0000bfe5) c.j     pc - 8
core   0: 3 0x8000b7de (0xbfe5)
core   0: 0x8000b7d6 (0x00005f17) auipc   t5, 0x5
core   0: 3 0x8000b7d6 (0x00005f17) x30 0x800107d6
core   0: 0x8000b7da (0x823f2523) sw      gp, -2006(t5)
core   0: 3 0x8000b7da (0x823f2523) mem 0x80010000 0x00000001
core   0: 0x8000b7de (0x0000bfe5) c.j     pc - 8
core   0: 3 0x8000b7de (0xbfe5)
core   0: 0x8000b7d6 (0x00005f17) auipc   t5, 0x5
core   0: 3 0x8000b7d6 (0x00005f17) x30 0x800107d6
core   0: 0x8000b7da (0x823f2523) sw      gp, -2006(t5)
core   0: 3 0x8000b7da (0x823f2523) mem 0x80010000 0x00000001
core   0: 0x8000b7de (0x0000bfe5) c.j     pc - 8
core   0: 3 0x8000b7de (0xbfe5)
core   0: 0x8000b7d6 (0x00005f17) auipc   t5, 0x5
core   0: 3 0x8000b7d6 (0x00005f17) x30 0x800107d6
core   0: 0x8000b7da (0x823f2523) sw      gp, -2006(t5)
core   0: 3 0x8000b7da (0x823f2523) mem 0x80010000 0x00000001
core   0: 0x8000b7de (0x0000bfe5) c.j     pc - 8
core   0: 3 0x8000b7de (0xbfe5)
core   0: 0x8000b7d6 (0x00005f17) auipc   t5, 0x5
core   0: 3 0x8000b7d6 (0x00005f17) x30 0x800107d6
core   0: 0x8000b7da (0x823f2523) sw      gp, -2006(t5)
core   0: 3 0x8000b7da (0x823f2523) mem 0x80010000 0x00000001
core   0: 0x8000b7de (0x0000bfe5) c.j     pc - 8
core   0: 3 0x8000b7de (0xbfe5)
core   0: 0x8000b7d6 (0x00005f17) auipc   t5, 0x5
core   0: 3 0x8000b7d6 (0x00005f17) x30 0x800107d6
core   0: 0x8000b7da (0x823f2523) sw      gp, -2006(t5)
core   0: 3 0x8000b7da (0x823f2523) mem 0x80010000 0x00000001
core   0: 0x8000b7de (0x0000bfe5) c.j     pc - 8
core   0: 3 0x8000b7de (0xbfe5)
core   0: 0x8000b7d6 (0x00005f17) auipc   t5, 0x5
core   0: 3 0x8000b7d6 (0x00005f17) x30 0x800107d6
core   0: 0x8000b7da (0x823f2523) sw      gp, -2006(t5)
core   0: 3 0x8000b7da (0x823f2523) mem 0x80010000 0x00000001
core   0: 0x8000b7de (0x0000bfe5) c.j     pc - 8
core   0: 3 0x8000b7de (0xbfe5)
core   0: 0x8000b7d6 (0x00005f17) auipc   t5, 0x5
core   0: 3 0x8000b7d6 (0x00005f17) x30 0x800107d6
core   0: 0x8000b7da (0x823f2523) sw      gp, -2006(t5)
core   0: 3 0x8000b7da (0x823f2523) mem 0x80010000 0x00000001
core   0: 0x8000b7de (0x0000bfe5) c.j     pc - 8
core   0: 3 0x8000b7de (0xbfe5)
core   0: 0x8000b7d6 (0x00005f17) auipc   t5, 0x5
core   0: 3 0x8000b7d6 (0x00005f17) x30 0x800107d6
core   0: 0x8000b7da (0x823f2523) sw      gp, -2006(t5)
core   0: 3 0x8000b7da (0x823f2523) mem 0x80010000 0x00000001
core   0: 0x8000b7de (0x0000bfe5) c.j     pc - 8
core   0: 3 0x8000b7de (0xbfe5)
core   0: 0x8000b7d6 (0x00005f17) auipc   t5, 0x5
core   0: 3 0x8000b7d6 (0x00005f17) x30 0x800107d6
core   0: 0x8000b7da (0x823f2523) sw      gp, -2006(t5)
core   0: 3 0x8000b7da (0x823f2523) mem 0x80010000 0x00000001
core   0: 0x8000b7de (0x0000bfe5) c.j     pc - 8
core   0: 3 0x8000b7de (0xbfe5)
core   0: 0x8000b7d6 (0x00005f17) auipc   t5, 0x5
core   0: 3 0x8000b7d6 (0x00005f17) x30 0x800107d6
core   0: 0x8000b7da (0x823f2523) sw      gp, -2006(t5)
core   0: 3 0x8000b7da (0x823f2523) mem 0x80010000 0x00000001
core   0: 0x8000b7de (0x0000bfe5) c.j     pc - 8
core   0: 3 0x8000b7de (0xbfe5)
core   0: 0x8000b7d6 (0x00005f17) auipc   t5, 0x5
core   0: 3 0x8000b7d6 (0x00005f17) x30 0x800107d6
core   0: 0x8000b7da (0x823f2523) sw      gp, -2006(t5)
core   0: 3 0x8000b7da (0x823f2523) mem 0x80010000 0x00000001
core   0: 0x8000b7de (0x0000bfe5) c.j     pc - 8
core   0: 3 0x8000b7de (0xbfe5)
core   0: 0x8000b7d6 (0x00005f17) auipc   t5, 0x5
core   0: 3 0x8000b7d6 (0x00005f17) x30 0x800107d6
core   0: 0x8000b7da (0x823f2523) sw      gp, -2006(t5)
core   0: 3 0x8000b7da (0x823f2523) mem 0x80010000 0x00000001
core   0: 0x8000b7de (0x0000bfe5) c.j     pc - 8
core   0: 3 0x8000b7de (0xbfe5)
core   0: 0x8000b7d6 (0x00005f17) auipc   t5, 0x5
core   0: 3 0x8000b7d6 (0x00005f17) x30 0x800107d6
core   0: 0x8000b7da (0x823f2523) sw      gp, -2006(t5)
core   0: 3 0x8000b7da (0x823f2523) mem 0x80010000 0x00000001
core   0: 0x8000b7de (0x0000bfe5) c.j     pc - 8
core   0: 3 0x8000b7de (0xbfe5)
core   0: 0x8000b7d6 (0x00005f17) auipc   t5, 0x5
core   0: 3 0x8000b7d6 (0x00005f17) x30 0x800107d6
core   0: 0x8000b7da (0x823f2523) sw      gp, -2006(t5)
core   0: 3 0x8000b7da (0x823f2523) mem 0x80010000 0x00000001
core   0: 0x8000b7de (0x0000bfe5) c.j     pc - 8
core   0: 3 0x8000b7de (0xbfe5)
core   0: 0x8000b7d6 (0x00005f17) auipc   t5, 0x5
core   0: 3 0x8000b7d6 (0x00005f17) x30 0x800107d6
core   0: 0x8000b7da (0x823f2523) sw      gp, -2006(t5)
core   0: 3 0x8000b7da (0x823f2523) mem 0x80010000 0x00000001
core   0: 0x8000b7de (0x0000bfe5) c.j     pc - 8
core   0: 3 0x8000b7de (0xbfe5)
core   0: 0x8000b7d6 (0x00005f17) auipc   t5, 0x5
core   0: 3 0x8000b7d6 (0x00005f17) x30 0x800107d6
core   0: 0x8000b7da (0x823f2523) sw      gp, -2006(t5)
core   0: 3 0x8000b7da (0x823f2523) mem 0x80010000 0x00000001
core   0: 0x8000b7de (0x0000bfe5) c.j     pc - 8
core   0: 3 0x8000b7de (0xbfe5)
core   0: 0x8000b7d6 (0x00005f17) auipc   t5, 0x5
core   0: 3 0x8000b7d6 (0x00005f17) x30 0x800107d6
core   0: 0x8000b7da (0x823f2523) sw      gp, -2006(t5)
core   0: 3 0x8000b7da (0x823f2523) mem 0x80010000 0x00000001
core   0: 0x8000b7de (0x0000bfe5) c.j     pc - 8
core   0: 3 0x8000b7de (0xbfe5)
core   0: 0x8000b7d6 (0x00005f17) auipc   t5, 0x5
core   0: 3 0x8000b7d6 (0x00005f17) x30 0x800107d6
core   0: 0x8000b7da (0x823f2523) sw      gp, -2006(t5)
core   0: 3 0x8000b7da (0x823f2523) mem 0x80010000 0x00000001
core   0: 0x8000b7de (0x0000bfe5) c.j     pc - 8
core   0: 3 0x8000b7de (0xbfe5)
core   0: 0x8000b7d6 (0x00005f17) auipc   t5, 0x5
core   0: 3 0x8000b7d6 (0x00005f17) x30 0x800107d6
core   0: 0x8000b7da (0x823f2523) sw      gp, -2006(t5)
core   0: 3 0x8000b7da (0x823f2523) mem 0x80010000 0x00000001
core   0: 0x8000b7de (0x0000bfe5) c.j     pc - 8
core   0: 3 0x8000b7de (0xbfe5)
core   0: 0x8000b7d6 (0x00005f17) auipc   t5, 0x5
core   0: 3 0x8000b7d6 (0x00005f17) x30 0x800107d6
core   0: 0x8000b7da (0x823f2523) sw      gp, -2006(t5)
core   0: 3 0x8000b7da (0x823f2523) mem 0x80010000 0x00000001
core   0: 0x8000b7de (0x0000bfe5) c.j     pc - 8
core   0: 3 0x8000b7de (0xbfe5)
core   0: 0x8000b7d6 (0x00005f17) auipc   t5, 0x5
core   0: 3 0x8000b7d6 (0x00005f17) x30 0x800107d6
core   0: 0x8000b7da (0x823f2523) sw      gp, -2006(t5)
core   0: 3 0x8000b7da (0x823f2523) mem 0x80010000 0x00000001
core   0: 0x8000b7de (0x0000bfe5) c.j     pc - 8
core   0: 3 0x8000b7de (0xbfe5)
core   0: 0x8000b7d6 (0x00005f17) auipc   t5, 0x5
core   0: 3 0x8000b7d6 (0x00005f17) x30 0x800107d6
core   0: 0x8000b7da (0x823f2523) sw      gp, -2006(t5)
core   0: 3 0x8000b7da (0x823f2523) mem 0x80010000 0x00000001
core   0: 0x8000b7de (0x0000bfe5) c.j     pc - 8
core   0: 3 0x8000b7de (0xbfe5)
core   0: 0x8000b7d6 (0x00005f17) auipc   t5, 0x5
core   0: 3 0x8000b7d6 (0x00005f17) x30 0x800107d6
core   0: 0x8000b7da (0x823f2523) sw      gp, -2006(t5)
core   0: 3 0x8000b7da (0x823f2523) mem 0x80010000 0x00000001
core   0: 0x8000b7de (0x0000bfe5) c.j     pc - 8
core   0: 3 0x8000b7de (0xbfe5)
core   0: 0x8000b7d6 (0x00005f17) auipc   t5, 0x5
core   0: 3 0x8000b7d6 (0x00005f17) x30 0x800107d6
core   0: 0x8000b7da (0x823f2523) sw      gp, -2006(t5)
core   0: 3 0x8000b7da (0x823f2523) mem 0x80010000 0x00000001
core   0: 0x8000b7de (0x0000bfe5) c.j     pc - 8
core   0: 3 0x8000b7de (0xbfe5)
core   0: 0x8000b7d6 (0x00005f17) auipc   t5, 0x5
core   0: 3 0x8000b7d6 (0x00005f17) x30 0x800107d6
core   0: 0x8000b7da (0x823f2523) sw      gp, -2006(t5)
core   0: 3 0x8000b7da (0x823f2523) mem 0x80010000 0x00000001
core   0: 0x8000b7de (0x0000bfe5) c.j     pc - 8
core   0: 3 0x8000b7de (0xbfe5)
core   0: 0x8000b7d6 (0x00005f17) auipc   t5, 0x5
core   0: 3 0x8000b7d6 (0x00005f17) x30 0x800107d6
core   0: 0x8000b7da (0x823f2523) sw      gp, -2006(t5)
core   0: 3 0x8000b7da (0x823f2523) mem 0x80010000 0x00000001
core   0: 0x8000b7de (0x0000bfe5) c.j     pc - 8
core   0: 3 0x8000b7de (0xbfe5)
core   0: 0x8000b7d6 (0x00005f17) auipc   t5, 0x5
core   0: 3 0x8000b7d6 (0x00005f17) x30 0x800107d6
core   0: 0x8000b7da (0x823f2523) sw      gp, -2006(t5)
core   0: 3 0x8000b7da (0x823f2523) mem 0x80010000 0x00000001
core   0: 0x8000b7de (0x0000bfe5) c.j     pc - 8
core   0: 3 0x8000b7de (0xbfe5)
core   0: 0x8000b7d6 (0x00005f17) auipc   t5, 0x5
core   0: 3 0x8000b7d6 (0x00005f17) x30 0x800107d6
core   0: 0x8000b7da (0x823f2523) sw      gp, -2006(t5)
core   0: 3 0x8000b7da (0x823f2523) mem 0x80010000 0x00000001
core   0: 0x8000b7de (0x0000bfe5) c.j     pc - 8
core   0: 3 0x8000b7de (0xbfe5)
core   0: 0x8000b7d6 (0x00005f17) auipc   t5, 0x5
core   0: 3 0x8000b7d6 (0x00005f17) x30 0x800107d6
core   0: 0x8000b7da (0x823f2523) sw      gp, -2006(t5)
core   0: 3 0x8000b7da (0x823f2523) mem 0x80010000 0x00000001
core   0: 0x8000b7de (0x0000bfe5) c.j     pc - 8
core   0: 3 0x8000b7de (0xbfe5)
core   0: 0x8000b7d6 (0x00005f17) auipc   t5, 0x5
core   0: 3 0x8000b7d6 (0x00005f17) x30 0x800107d6
core   0: 0x8000b7da (0x823f2523) sw      gp, -2006(t5)
core   0: 3 0x8000b7da (0x823f2523) mem 0x80010000 0x00000001
core   0: 0x8000b7de (0x0000bfe5) c.j     pc - 8
core   0: 3 0x8000b7de (0xbfe5)
core   0: 0x8000b7d6 (0x00005f17) auipc   t5, 0x5
core   0: 3 0x8000b7d6 (0x00005f17) x30 0x800107d6
core   0: 0x8000b7da (0x823f2523) sw      gp, -2006(t5)
core   0: 3 0x8000b7da (0x823f2523) mem 0x80010000 0x00000001
core   0: 0x8000b7de (0x0000bfe5) c.j     pc - 8
core   0: 3 0x8000b7de (0xbfe5)
core   0: 0x8000b7d6 (0x00005f17) auipc   t5, 0x5
core   0: 3 0x8000b7d6 (0x00005f17) x30 0x800107d6
core   0: 0x8000b7da (0x823f2523) sw      gp, -2006(t5)
core   0: 3 0x8000b7da (0x823f2523) mem 0x80010000 0x00000001
core   0: 0x8000b7de (0x0000bfe5) c.j     pc - 8
core   0: 3 0x8000b7de (0xbfe5)
core   0: 0x8000b7d6 (0x00005f17) auipc   t5, 0x5
core   0: 3 0x8000b7d6 (0x00005f17) x30 0x800107d6
core   0: 0x8000b7da (0x823f2523) sw      gp, -2006(t5)
core   0: 3 0x8000b7da (0x823f2523) mem 0x80010000 0x00000001
core   0: 0x8000b7de (0x0000bfe5) c.j     pc - 8
core   0: 3 0x8000b7de (0xbfe5)
core   0: 0x8000b7d6 (0x00005f17) auipc   t5, 0x5
core   0: 3 0x8000b7d6 (0x00005f17) x30 0x800107d6
core   0: 0x8000b7da (0x823f2523) sw      gp, -2006(t5)
core   0: 3 0x8000b7da (0x823f2523) mem 0x80010000 0x00000001
core   0: 0x8000b7de (0x0000bfe5) c.j     pc - 8
core   0: 3 0x8000b7de (0xbfe5)
core   0: 0x8000b7d6 (0x00005f17) auipc   t5, 0x5
core   0: 3 0x8000b7d6 (0x00005f17) x30 0x800107d6
core   0: 0x8000b7da (0x823f2523) sw      gp, -2006(t5)
core   0: 3 0x8000b7da (0x823f2523) mem 0x80010000 0x00000001
core   0: 0x8000b7de (0x0000bfe5) c.j     pc - 8
core   0: 3 0x8000b7de (0xbfe5)
core   0: 0x8000b7d6 (0x00005f17) auipc   t5, 0x5
core   0: 3 0x8000b7d6 (0x00005f17) x30 0x800107d6
core   0: 0x8000b7da (0x823f2523) sw      gp, -2006(t5)
core   0: 3 0x8000b7da (0x823f2523) mem 0x80010000 0x00000001
core   0: 0x8000b7de (0x0000bfe5) c.j     pc - 8
core   0: 3 0x8000b7de (0xbfe5)
core   0: 0x8000b7d6 (0x00005f17) auipc   t5, 0x5
core   0: 3 0x8000b7d6 (0x00005f17) x30 0x800107d6
core   0: 0x8000b7da (0x823f2523) sw      gp, -2006(t5)
core   0: 3 0x8000b7da (0x823f2523) mem 0x80010000 0x00000001
core   0: 0x8000b7de (0x0000bfe5) c.j     pc - 8
core   0: 3 0x8000b7de (0xbfe5)
core   0: 0x8000b7d6 (0x00005f17) auipc   t5, 0x5
core   0: 3 0x8000b7d6 (0x00005f17) x30 0x800107d6
core   0: 0x8000b7da (0x823f2523) sw      gp, -2006(t5)
core   0: 3 0x8000b7da (0x823f2523) mem 0x80010000 0x00000001
core   0: 0x8000b7de (0x0000bfe5) c.j     pc - 8
core   0: 3 0x8000b7de (0xbfe5)
core   0: 0x8000b7d6 (0x00005f17) auipc   t5, 0x5
core   0: 3 0x8000b7d6 (0x00005f17) x30 0x800107d6
core   0: 0x8000b7da (0x823f2523) sw      gp, -2006(t5)
core   0: 3 0x8000b7da (0x823f2523) mem 0x80010000 0x00000001
core   0: 0x8000b7de (0x0000bfe5) c.j     pc - 8
core   0: 3 0x8000b7de (0xbfe5)
core   0: 0x8000b7d6 (0x00005f17) auipc   t5, 0x5
core   0: 3 0x8000b7d6 (0x00005f17) x30 0x800107d6
core   0: 0x8000b7da (0x823f2523) sw      gp, -2006(t5)
core   0: 3 0x8000b7da (0x823f2523) mem 0x80010000 0x00000001
core   0: 0x8000b7de (0x0000bfe5) c.j     pc - 8
core   0: 3 0x8000b7de (0xbfe5)
core   0: 0x8000b7d6 (0x00005f17) auipc   t5, 0x5
core   0: 3 0x8000b7d6 (0x00005f17) x30 0x800107d6
core   0: 0x8000b7da (0x823f2523) sw      gp, -2006(t5)
core   0: 3 0x8000b7da (0x823f2523) mem 0x80010000 0x00000001
core   0: 0x8000b7de (0x0000bfe5) c.j     pc - 8
core   0: 3 0x8000b7de (0xbfe5)
core   0: 0x8000b7d6 (0x00005f17) auipc   t5, 0x5
core   0: 3 0x8000b7d6 (0x00005f17) x30 0x800107d6
core   0: 0x8000b7da (0x823f2523) sw      gp, -2006(t5)
core   0: 3 0x8000b7da (0x823f2523) mem 0x80010000 0x00000001
core   0: 0x8000b7de (0x0000bfe5) c.j     pc - 8
core   0: 3 0x8000b7de (0xbfe5)
core   0: 0x8000b7d6 (0x00005f17) auipc   t5, 0x5
core   0: 3 0x8000b7d6 (0x00005f17) x30 0x800107d6
core   0: 0x8000b7da (0x823f2523) sw      gp, -2006(t5)
core   0: 3 0x8000b7da (0x823f2523) mem 0x80010000 0x00000001
core   0: 0x8000b7de (0x0000bfe5) c.j     pc - 8
core   0: 3 0x8000b7de (0xbfe5)
core   0: 0x8000b7d6 (0x00005f17) auipc   t5, 0x5
core   0: 3 0x8000b7d6 (0x00005f17) x30 0x800107d6
core   0: 0x8000b7da (0x823f2523) sw      gp, -2006(t5)
core   0: 3 0x8000b7da (0x823f2523) mem 0x80010000 0x00000001
core   0: 0x8000b7de (0x0000bfe5) c.j     pc - 8
core   0: 3 0x8000b7de (0xbfe5)
core   0: 0x8000b7d6 (0x00005f17) auipc   t5, 0x5
core   0: 3 0x8000b7d6 (0x00005f17) x30 0x800107d6
core   0: 0x8000b7da (0x823f2523) sw      gp, -2006(t5)
core   0: 3 0x8000b7da (0x823f2523) mem 0x80010000 0x00000001
core   0: 0x8000b7de (0x0000bfe5) c.j     pc - 8
core   0: 3 0x8000b7de (0xbfe5)
core   0: 0x8000b7d6 (0x00005f17) auipc   t5, 0x5
core   0: 3 0x8000b7d6 (0x00005f17) x30 0x800107d6
core   0: 0x8000b7da (0x823f2523) sw      gp, -2006(t5)
core   0: 3 0x8000b7da (0x823f2523) mem 0x80010000 0x00000001
core   0: 0x8000b7de (0x0000bfe5) c.j     pc - 8
core   0: 3 0x8000b7de (0xbfe5)
core   0: 0x8000b7d6 (0x00005f17) auipc   t5, 0x5
core   0: 3 0x8000b7d6 (0x00005f17) x30 0x800107d6
core   0: 0x8000b7da (0x823f2523) sw      gp, -2006(t5)
core   0: 3 0x8000b7da (0x823f2523) mem 0x80010000 0x00000001
core   0: 0x8000b7de (0x0000bfe5) c.j     pc - 8
core   0: 3 0x8000b7de (0xbfe5)
core   0: 0x8000b7d6 (0x00005f17) auipc   t5, 0x5
core   0: 3 0x8000b7d6 (0x00005f17) x30 0x800107d6
core   0: 0x8000b7da (0x823f2523) sw      gp, -2006(t5)
core   0: 3 0x8000b7da (0x823f2523) mem 0x80010000 0x00000001
core   0: 0x8000b7de (0x0000bfe5) c.j     pc - 8
core   0: 3 0x8000b7de (0xbfe5)
core   0: 0x8000b7d6 (0x00005f17) auipc   t5, 0x5
core   0: 3 0x8000b7d6 (0x00005f17) x30 0x800107d6
core   0: 0x8000b7da (0x823f2523) sw      gp, -2006(t5)
core   0: 3 0x8000b7da (0x823f2523) mem 0x80010000 0x00000001
core   0: 0x8000b7de (0x0000bfe5) c.j     pc - 8
core   0: 3 0x8000b7de (0xbfe5)
core   0: 0x8000b7d6 (0x00005f17) auipc   t5, 0x5
core   0: 3 0x8000b7d6 (0x00005f17) x30 0x800107d6
core   0: 0x8000b7da (0x823f2523) sw      gp, -2006(t5)
core   0: 3 0x8000b7da (0x823f2523) mem 0x80010000 0x00000001
core   0: 0x8000b7de (0x0000bfe5) c.j     pc - 8
core   0: 3 0x8000b7de (0xbfe5)
core   0: 0x8000b7d6 (0x00005f17) auipc   t5, 0x5
core   0: 3 0x8000b7d6 (0x00005f17) x30 0x800107d6
core   0: 0x8000b7da (0x823f2523) sw      gp, -2006(t5)
core   0: 3 0x8000b7da (0x823f2523) mem 0x80010000 0x00000001
core   0: 0x8000b7de (0x0000bfe5) c.j     pc - 8
core   0: 3 0x8000b7de (0xbfe5)
core   0: 0x8000b7d6 (0x00005f17) auipc   t5, 0x5
core   0: 3 0x8000b7d6 (0x00005f17) x30 0x800107d6
core   0: 0x8000b7da (0x823f2523) sw      gp, -2006(t5)
core   0: 3 0x8000b7da (0x823f2523) mem 0x80010000 0x00000001
core   0: 0x8000b7de (0x0000bfe5) c.j     pc - 8
core   0: 3 0x8000b7de (0xbfe5)
core   0: 0x8000b7d6 (0x00005f17) auipc   t5, 0x5
core   0: 3 0x8000b7d6 (0x00005f17) x30 0x800107d6
core   0: 0x8000b7da (0x823f2523) sw      gp, -2006(t5)
core   0: 3 0x8000b7da (0x823f2523) mem 0x80010000 0x00000001
core   0: 0x8000b7de (0x0000bfe5) c.j     pc - 8
core   0: 3 0x8000b7de (0xbfe5)
core   0: 0x8000b7d6 (0x00005f17) auipc   t5, 0x5
core   0: 3 0x8000b7d6 (0x00005f17) x30 0x800107d6
core   0: 0x8000b7da (0x823f2523) sw      gp, -2006(t5)
core   0: 3 0x8000b7da (0x823f2523) mem 0x80010000 0x00000001
core   0: 0x8000b7de (0x0000bfe5) c.j     pc - 8
core   0: 3 0x8000b7de (0xbfe5)
core   0: 0x8000b7d6 (0x00005f17) auipc   t5, 0x5
core   0: 3 0x8000b7d6 (0x00005f17) x30 0x800107d6
core   0: 0x8000b7da (0x823f2523) sw      gp, -2006(t5)
core   0: 3 0x8000b7da (0x823f2523) mem 0x80010000 0x00000001
core   0: 0x8000b7de (0x0000bfe5) c.j     pc - 8
core   0: 3 0x8000b7de (0xbfe5)
core   0: 0x8000b7d6 (0x00005f17) auipc   t5, 0x5
core   0: 3 0x8000b7d6 (0x00005f17) x30 0x800107d6
core   0: 0x8000b7da (0x823f2523) sw      gp, -2006(t5)
core   0: 3 0x8000b7da (0x823f2523) mem 0x80010000 0x00000001
core   0: 0x8000b7de (0x0000bfe5) c.j     pc - 8
core   0: 3 0x8000b7de (0xbfe5)
core   0: 0x8000b7d6 (0x00005f17) auipc   t5, 0x5
core   0: 3 0x8000b7d6 (0x00005f17) x30 0x800107d6
core   0: 0x8000b7da (0x823f2523) sw      gp, -2006(t5)
core   0: 3 0x8000b7da (0x823f2523) mem 0x80010000 0x00000001
core   0: 0x8000b7de (0x0000bfe5) c.j     pc - 8
core   0: 3 0x8000b7de (0xbfe5)
core   0: 0x8000b7d6 (0x00005f17) auipc   t5, 0x5
core   0: 3 0x8000b7d6 (0x00005f17) x30 0x800107d6
core   0: 0x8000b7da (0x823f2523) sw      gp, -2006(t5)
core   0: 3 0x8000b7da (0x823f2523) mem 0x80010000 0x00000001
core   0: 0x8000b7de (0x0000bfe5) c.j     pc - 8
core   0: 3 0x8000b7de (0xbfe5)
core   0: 0x8000b7d6 (0x00005f17) auipc   t5, 0x5
core   0: 3 0x8000b7d6 (0x00005f17) x30 0x800107d6
core   0: 0x8000b7da (0x823f2523) sw      gp, -2006(t5)
core   0: 3 0x8000b7da (0x823f2523) mem 0x80010000 0x00000001
core   0: 0x8000b7de (0x0000bfe5) c.j     pc - 8
core   0: 3 0x8000b7de (0xbfe5)
core   0: 0x8000b7d6 (0x00005f17) auipc   t5, 0x5
core   0: 3 0x8000b7d6 (0x00005f17) x30 0x800107d6
core   0: 0x8000b7da (0x823f2523) sw      gp, -2006(t5)
core   0: 3 0x8000b7da (0x823f2523) mem 0x80010000 0x00000001
core   0: 0x8000b7de (0x0000bfe5) c.j     pc - 8
core   0: 3 0x8000b7de (0xbfe5)
core   0: 0x8000b7d6 (0x00005f17) auipc   t5, 0x5
core   0: 3 0x8000b7d6 (0x00005f17) x30 0x800107d6
core   0: 0x8000b7da (0x823f2523) sw      gp, -2006(t5)
core   0: 3 0x8000b7da (0x823f2523) mem 0x80010000 0x00000001
core   0: 0x8000b7de (0x0000bfe5) c.j     pc - 8
core   0: 3 0x8000b7de (0xbfe5)
core   0: 0x8000b7d6 (0x00005f17) auipc   t5, 0x5
core   0: 3 0x8000b7d6 (0x00005f17) x30 0x800107d6
core   0: 0x8000b7da (0x823f2523) sw      gp, -2006(t5)
core   0: 3 0x8000b7da (0x823f2523) mem 0x80010000 0x00000001
core   0: 0x8000b7de (0x0000bfe5) c.j     pc - 8
core   0: 3 0x8000b7de (0xbfe5)
core   0: 0x8000b7d6 (0x00005f17) auipc   t5, 0x5
core   0: 3 0x8000b7d6 (0x00005f17) x30 0x800107d6
core   0: 0x8000b7da (0x823f2523) sw      gp, -2006(t5)
core   0: 3 0x8000b7da (0x823f2523) mem 0x80010000 0x00000001
core   0: 0x8000b7de (0x0000bfe5) c.j     pc - 8
core   0: 3 0x8000b7de (0xbfe5)
core   0: 0x8000b7d6 (0x00005f17) auipc   t5, 0x5
core   0: 3 0x8000b7d6 (0x00005f17) x30 0x800107d6
core   0: 0x8000b7da (0x823f2523) sw      gp, -2006(t5)
core   0: 3 0x8000b7da (0x823f2523) mem 0x80010000 0x00000001
core   0: 0x8000b7de (0x0000bfe5) c.j     pc - 8
core   0: 3 0x8000b7de (0xbfe5)
core   0: 0x8000b7d6 (0x00005f17) auipc   t5, 0x5
core   0: 3 0x8000b7d6 (0x00005f17) x30 0x800107d6
core   0: 0x8000b7da (0x823f2523) sw      gp, -2006(t5)
core   0: 3 0x8000b7da (0x823f2523) mem 0x80010000 0x00000001
core   0: 0x8000b7de (0x0000bfe5) c.j     pc - 8
core   0: 3 0x8000b7de (0xbfe5)
core   0: 0x8000b7d6 (0x00005f17) auipc   t5, 0x5
core   0: 3 0x8000b7d6 (0x00005f17) x30 0x800107d6
core   0: 0x8000b7da (0x823f2523) sw      gp, -2006(t5)
core   0: 3 0x8000b7da (0x823f2523) mem 0x80010000 0x00000001
core   0: 0x8000b7de (0x0000bfe5) c.j     pc - 8
core   0: 3 0x8000b7de (0xbfe5)
core   0: 0x8000b7d6 (0x00005f17) auipc   t5, 0x5
core   0: 3 0x8000b7d6 (0x00005f17) x30 0x800107d6
core   0: 0x8000b7da (0x823f2523) sw      gp, -2006(t5)
core   0: 3 0x8000b7da (0x823f2523) mem 0x80010000 0x00000001
core   0: 0x8000b7de (0x0000bfe5) c.j     pc - 8
core   0: 3 0x8000b7de (0xbfe5)
core   0: 0x8000b7d6 (0x00005f17) auipc   t5, 0x5
core   0: 3 0x8000b7d6 (0x00005f17) x30 0x800107d6
core   0: 0x8000b7da (0x823f2523) sw      gp, -2006(t5)
core   0: 3 0x8000b7da (0x823f2523) mem 0x80010000 0x00000001
core   0: 0x8000b7de (0x0000bfe5) c.j     pc - 8
core   0: 3 0x8000b7de (0xbfe5)
core   0: 0x8000b7d6 (0x00005f17) auipc   t5, 0x5
core   0: 3 0x8000b7d6 (0x00005f17) x30 0x800107d6
core   0: 0x8000b7da (0x823f2523) sw      gp, -2006(t5)
core   0: 3 0x8000b7da (0x823f2523) mem 0x80010000 0x00000001
core   0: 0x8000b7de (0x0000bfe5) c.j     pc - 8
core   0: 3 0x8000b7de (0xbfe5)
core   0: 0x8000b7d6 (0x00005f17) auipc   t5, 0x5
core   0: 3 0x8000b7d6 (0x00005f17) x30 0x800107d6
core   0: 0x8000b7da (0x823f2523) sw      gp, -2006(t5)
core   0: 3 0x8000b7da (0x823f2523) mem 0x80010000 0x00000001
core   0: 0x8000b7de (0x0000bfe5) c.j     pc - 8
core   0: 3 0x8000b7de (0xbfe5)
core   0: 0x8000b7d6 (0x00005f17) auipc   t5, 0x5
core   0: 3 0x8000b7d6 (0x00005f17) x30 0x800107d6
core   0: 0x8000b7da (0x823f2523) sw      gp, -2006(t5)
core   0: 3 0x8000b7da (0x823f2523) mem 0x80010000 0x00000001
core   0: 0x8000b7de (0x0000bfe5) c.j     pc - 8
core   0: 3 0x8000b7de (0xbfe5)
core   0: 0x8000b7d6 (0x00005f17) auipc   t5, 0x5
core   0: 3 0x8000b7d6 (0x00005f17) x30 0x800107d6
core   0: 0x8000b7da (0x823f2523) sw      gp, -2006(t5)
core   0: 3 0x8000b7da (0x823f2523) mem 0x80010000 0x00000001
core   0: 0x8000b7de (0x0000bfe5) c.j     pc - 8
core   0: 3 0x8000b7de (0xbfe5)
core   0: 0x8000b7d6 (0x00005f17) auipc   t5, 0x5
core   0: 3 0x8000b7d6 (0x00005f17) x30 0x800107d6
core   0: 0x8000b7da (0x823f2523) sw      gp, -2006(t5)
core   0: 3 0x8000b7da (0x823f2523) mem 0x80010000 0x00000001
core   0: 0x8000b7de (0x0000bfe5) c.j     pc - 8
core   0: 3 0x8000b7de (0xbfe5)
core   0: 0x8000b7d6 (0x00005f17) auipc   t5, 0x5
core   0: 3 0x8000b7d6 (0x00005f17) x30 0x800107d6
core   0: 0x8000b7da (0x823f2523) sw      gp, -2006(t5)
core   0: 3 0x8000b7da (0x823f2523) mem 0x80010000 0x00000001
core   0: 0x8000b7de (0x0000bfe5) c.j     pc - 8
core   0: 3 0x8000b7de (0xbfe5)
core   0: 0x8000b7d6 (0x00005f17) auipc   t5, 0x5
core   0: 3 0x8000b7d6 (0x00005f17) x30 0x800107d6
core   0: 0x8000b7da (0x823f2523) sw      gp, -2006(t5)
core   0: 3 0x8000b7da (0x823f2523) mem 0x80010000 0x00000001
core   0: 0x8000b7de (0x0000bfe5) c.j     pc - 8
core   0: 3 0x8000b7de (0xbfe5)
core   0: 0x8000b7d6 (0x00005f17) auipc   t5, 0x5
core   0: 3 0x8000b7d6 (0x00005f17) x30 0x800107d6
core   0: 0x8000b7da (0x823f2523) sw      gp, -2006(t5)
core   0: 3 0x8000b7da (0x823f2523) mem 0x80010000 0x00000001
core   0: 0x8000b7de (0x0000bfe5) c.j     pc - 8
core   0: 3 0x8000b7de (0xbfe5)
core   0: 0x8000b7d6 (0x00005f17) auipc   t5, 0x5
core   0: 3 0x8000b7d6 (0x00005f17) x30 0x800107d6
core   0: 0x8000b7da (0x823f2523) sw      gp, -2006(t5)
core   0: 3 0x8000b7da (0x823f2523) mem 0x80010000 0x00000001
core   0: 0x8000b7de (0x0000bfe5) c.j     pc - 8
core   0: 3 0x8000b7de (0xbfe5)
core   0: 0x8000b7d6 (0x00005f17) auipc   t5, 0x5
core   0: 3 0x8000b7d6 (0x00005f17) x30 0x800107d6
core   0: 0x8000b7da (0x823f2523) sw      gp, -2006(t5)
core   0: 3 0x8000b7da (0x823f2523) mem 0x80010000 0x00000001
core   0: 0x8000b7de (0x0000bfe5) c.j     pc - 8
core   0: 3 0x8000b7de (0xbfe5)
core   0: 0x8000b7d6 (0x00005f17) auipc   t5, 0x5
core   0: 3 0x8000b7d6 (0x00005f17) x30 0x800107d6
core   0: 0x8000b7da (0x823f2523) sw      gp, -2006(t5)
core   0: 3 0x8000b7da (0x823f2523) mem 0x80010000 0x00000001
core   0: 0x8000b7de (0x0000bfe5) c.j     pc - 8
core   0: 3 0x8000b7de (0xbfe5)
core   0: 0x8000b7d6 (0x00005f17) auipc   t5, 0x5
core   0: 3 0x8000b7d6 (0x00005f17) x30 0x800107d6
core   0: 0x8000b7da (0x823f2523) sw      gp, -2006(t5)
core   0: 3 0x8000b7da (0x823f2523) mem 0x80010000 0x00000001
core   0: 0x8000b7de (0x0000bfe5) c.j     pc - 8
core   0: 3 0x8000b7de (0xbfe5)
core   0: 0x8000b7d6 (0x00005f17) auipc   t5, 0x5
core   0: 3 0x8000b7d6 (0x00005f17) x30 0x800107d6
core   0: 0x8000b7da (0x823f2523) sw      gp, -2006(t5)
core   0: 3 0x8000b7da (0x823f2523) mem 0x80010000 0x00000001
core   0: 0x8000b7de (0x0000bfe5) c.j     pc - 8
core   0: 3 0x8000b7de (0xbfe5)
core   0: 0x8000b7d6 (0x00005f17) auipc   t5, 0x5
core   0: 3 0x8000b7d6 (0x00005f17) x30 0x800107d6
core   0: 0x8000b7da (0x823f2523) sw      gp, -2006(t5)
core   0: 3 0x8000b7da (0x823f2523) mem 0x80010000 0x00000001
core   0: 0x8000b7de (0x0000bfe5) c.j     pc - 8
core   0: 3 0x8000b7de (0xbfe5)
core   0: 0x8000b7d6 (0x00005f17) auipc   t5, 0x5
core   0: 3 0x8000b7d6 (0x00005f17) x30 0x800107d6
core   0: 0x8000b7da (0x823f2523) sw      gp, -2006(t5)
core   0: 3 0x8000b7da (0x823f2523) mem 0x80010000 0x00000001
core   0: 0x8000b7de (0x0000bfe5) c.j     pc - 8
core   0: 3 0x8000b7de (0xbfe5)
core   0: 0x8000b7d6 (0x00005f17) auipc   t5, 0x5
core   0: 3 0x8000b7d6 (0x00005f17) x30 0x800107d6
core   0: 0x8000b7da (0x823f2523) sw      gp, -2006(t5)
core   0: 3 0x8000b7da (0x823f2523) mem 0x80010000 0x00000001
core   0: 0x8000b7de (0x0000bfe5) c.j     pc - 8
core   0: 3 0x8000b7de (0xbfe5)
core   0: 0x8000b7d6 (0x00005f17) auipc   t5, 0x5
core   0: 3 0x8000b7d6 (0x00005f17) x30 0x800107d6
core   0: 0x8000b7da (0x823f2523) sw      gp, -2006(t5)
core   0: 3 0x8000b7da (0x823f2523) mem 0x80010000 0x00000001
core   0: 0x8000b7de (0x0000bfe5) c.j     pc - 8
core   0: 3 0x8000b7de (0xbfe5)
core   0: 0x8000b7d6 (0x00005f17) auipc   t5, 0x5
core   0: 3 0x8000b7d6 (0x00005f17) x30 0x800107d6
core   0: 0x8000b7da (0x823f2523) sw      gp, -2006(t5)
core   0: 3 0x8000b7da (0x823f2523) mem 0x80010000 0x00000001
core   0: 0x8000b7de (0x0000bfe5) c.j     pc - 8
core   0: 3 0x8000b7de (0xbfe5)
core   0: 0x8000b7d6 (0x00005f17) auipc   t5, 0x5
core   0: 3 0x8000b7d6 (0x00005f17) x30 0x800107d6
core   0: 0x8000b7da (0x823f2523) sw      gp, -2006(t5)
core   0: 3 0x8000b7da (0x823f2523) mem 0x80010000 0x00000001
core   0: 0x8000b7de (0x0000bfe5) c.j     pc - 8
core   0: 3 0x8000b7de (0xbfe5)
core   0: 0x8000b7d6 (0x00005f17) auipc   t5, 0x5
core   0: 3 0x8000b7d6 (0x00005f17) x30 0x800107d6
core   0: 0x8000b7da (0x823f2523) sw      gp, -2006(t5)
core   0: 3 0x8000b7da (0x823f2523) mem 0x80010000 0x00000001
core   0: 0x8000b7de (0x0000bfe5) c.j     pc - 8
core   0: 3 0x8000b7de (0xbfe5)
core   0: 0x8000b7d6 (0x00005f17) auipc   t5, 0x5
core   0: 3 0x8000b7d6 (0x00005f17) x30 0x800107d6
core   0: 0x8000b7da (0x823f2523) sw      gp, -2006(t5)
core   0: 3 0x8000b7da (0x823f2523) mem 0x80010000 0x00000001
core   0: 0x8000b7de (0x0000bfe5) c.j     pc - 8
core   0: 3 0x8000b7de (0xbfe5)
core   0: 0x8000b7d6 (0x00005f17) auipc   t5, 0x5
core   0: 3 0x8000b7d6 (0x00005f17) x30 0x800107d6
core   0: 0x8000b7da (0x823f2523) sw      gp, -2006(t5)
core   0: 3 0x8000b7da (0x823f2523) mem 0x80010000 0x00000001
core   0: 0x8000b7de (0x0000bfe5) c.j     pc - 8
core   0: 3 0x8000b7de (0xbfe5)
core   0: 0x8000b7d6 (0x00005f17) auipc   t5, 0x5
core   0: 3 0x8000b7d6 (0x00005f17) x30 0x800107d6
core   0: 0x8000b7da (0x823f2523) sw      gp, -2006(t5)
core   0: 3 0x8000b7da (0x823f2523) mem 0x80010000 0x00000001
core   0: 0x8000b7de (0x0000bfe5) c.j     pc - 8
core   0: 3 0x8000b7de (0xbfe5)
core   0: 0x8000b7d6 (0x00005f17) auipc   t5, 0x5
core   0: 3 0x8000b7d6 (0x00005f17) x30 0x800107d6
core   0: 0x8000b7da (0x823f2523) sw      gp, -2006(t5)
core   0: 3 0x8000b7da (0x823f2523) mem 0x80010000 0x00000001
core   0: 0x8000b7de (0x0000bfe5) c.j     pc - 8
core   0: 3 0x8000b7de (0xbfe5)
core   0: 0x8000b7d6 (0x00005f17) auipc   t5, 0x5
core   0: 3 0x8000b7d6 (0x00005f17) x30 0x800107d6
core   0: 0x8000b7da (0x823f2523) sw      gp, -2006(t5)
core   0: 3 0x8000b7da (0x823f2523) mem 0x80010000 0x00000001
core   0: 0x8000b7de (0x0000bfe5) c.j     pc - 8
core   0: 3 0x8000b7de (0xbfe5)
core   0: 0x8000b7d6 (0x00005f17) auipc   t5, 0x5
core   0: 3 0x8000b7d6 (0x00005f17) x30 0x800107d6
core   0: 0x8000b7da (0x823f2523) sw      gp, -2006(t5)
core   0: 3 0x8000b7da (0x823f2523) mem 0x80010000 0x00000001
core   0: 0x8000b7de (0x0000bfe5) c.j     pc - 8
core   0: 3 0x8000b7de (0xbfe5)
core   0: 0x8000b7d6 (0x00005f17) auipc   t5, 0x5
core   0: 3 0x8000b7d6 (0x00005f17) x30 0x800107d6
core   0: 0x8000b7da (0x823f2523) sw      gp, -2006(t5)
core   0: 3 0x8000b7da (0x823f2523) mem 0x80010000 0x00000001
core   0: 0x8000b7de (0x0000bfe5) c.j     pc - 8
core   0: 3 0x8000b7de (0xbfe5)
core   0: 0x8000b7d6 (0x00005f17) auipc   t5, 0x5
core   0: 3 0x8000b7d6 (0x00005f17) x30 0x800107d6
core   0: 0x8000b7da (0x823f2523) sw      gp, -2006(t5)
core   0: 3 0x8000b7da (0x823f2523) mem 0x80010000 0x00000001
core   0: 0x8000b7de (0x0000bfe5) c.j     pc - 8
core   0: 3 0x8000b7de (0xbfe5)
core   0: 0x8000b7d6 (0x00005f17) auipc   t5, 0x5
core   0: 3 0x8000b7d6 (0x00005f17) x30 0x800107d6
core   0: 0x8000b7da (0x823f2523) sw      gp, -2006(t5)
core   0: 3 0x8000b7da (0x823f2523) mem 0x80010000 0x00000001
core   0: 0x8000b7de (0x0000bfe5) c.j     pc - 8
core   0: 3 0x8000b7de (0xbfe5)
core   0: 0x8000b7d6 (0x00005f17) auipc   t5, 0x5
core   0: 3 0x8000b7d6 (0x00005f17) x30 0x800107d6
core   0: 0x8000b7da (0x823f2523) sw      gp, -2006(t5)
core   0: 3 0x8000b7da (0x823f2523) mem 0x80010000 0x00000001
core   0: 0x8000b7de (0x0000bfe5) c.j     pc - 8
core   0: 3 0x8000b7de (0xbfe5)
core   0: 0x8000b7d6 (0x00005f17) auipc   t5, 0x5
core   0: 3 0x8000b7d6 (0x00005f17) x30 0x800107d6
core   0: 0x8000b7da (0x823f2523) sw      gp, -2006(t5)
core   0: 3 0x8000b7da (0x823f2523) mem 0x80010000 0x00000001
core   0: 0x8000b7de (0x0000bfe5) c.j     pc - 8
core   0: 3 0x8000b7de (0xbfe5)
core   0: 0x8000b7d6 (0x00005f17) auipc   t5, 0x5
core   0: 3 0x8000b7d6 (0x00005f17) x30 0x800107d6
core   0: 0x8000b7da (0x823f2523) sw      gp, -2006(t5)
core   0: 3 0x8000b7da (0x823f2523) mem 0x80010000 0x00000001
core   0: 0x8000b7de (0x0000bfe5) c.j     pc - 8
core   0: 3 0x8000b7de (0xbfe5)
core   0: 0x8000b7d6 (0x00005f17) auipc   t5, 0x5
core   0: 3 0x8000b7d6 (0x00005f17) x30 0x800107d6
core   0: 0x8000b7da (0x823f2523) sw      gp, -2006(t5)
core   0: 3 0x8000b7da (0x823f2523) mem 0x80010000 0x00000001
core   0: 0x8000b7de (0x0000bfe5) c.j     pc - 8
core   0: 3 0x8000b7de (0xbfe5)
core   0: 0x8000b7d6 (0x00005f17) auipc   t5, 0x5
core   0: 3 0x8000b7d6 (0x00005f17) x30 0x800107d6
core   0: 0x8000b7da (0x823f2523) sw      gp, -2006(t5)
core   0: 3 0x8000b7da (0x823f2523) mem 0x80010000 0x00000001
core   0: 0x8000b7de (0x0000bfe5) c.j     pc - 8
core   0: 3 0x8000b7de (0xbfe5)
core   0: 0x8000b7d6 (0x00005f17) auipc   t5, 0x5
core   0: 3 0x8000b7d6 (0x00005f17) x30 0x800107d6
core   0: 0x8000b7da (0x823f2523) sw      gp, -2006(t5)
core   0: 3 0x8000b7da (0x823f2523) mem 0x80010000 0x00000001
core   0: 0x8000b7de (0x0000bfe5) c.j     pc - 8
core   0: 3 0x8000b7de (0xbfe5)
core   0: 0x8000b7d6 (0x00005f17) auipc   t5, 0x5
core   0: 3 0x8000b7d6 (0x00005f17) x30 0x800107d6
core   0: 0x8000b7da (0x823f2523) sw      gp, -2006(t5)
core   0: 3 0x8000b7da (0x823f2523) mem 0x80010000 0x00000001
core   0: 0x8000b7de (0x0000bfe5) c.j     pc - 8
core   0: 3 0x8000b7de (0xbfe5)
core   0: 0x8000b7d6 (0x00005f17) auipc   t5, 0x5
core   0: 3 0x8000b7d6 (0x00005f17) x30 0x800107d6
core   0: 0x8000b7da (0x823f2523) sw      gp, -2006(t5)
core   0: 3 0x8000b7da (0x823f2523) mem 0x80010000 0x00000001
core   0: 0x8000b7de (0x0000bfe5) c.j     pc - 8
core   0: 3 0x8000b7de (0xbfe5)
core   0: 0x8000b7d6 (0x00005f17) auipc   t5, 0x5
core   0: 3 0x8000b7d6 (0x00005f17) x30 0x800107d6
core   0: 0x8000b7da (0x823f2523) sw      gp, -2006(t5)
core   0: 3 0x8000b7da (0x823f2523) mem 0x80010000 0x00000001
core   0: 0x8000b7de (0x0000bfe5) c.j     pc - 8
core   0: 3 0x8000b7de (0xbfe5)
core   0: 0x8000b7d6 (0x00005f17) auipc   t5, 0x5
core   0: 3 0x8000b7d6 (0x00005f17) x30 0x800107d6
core   0: 0x8000b7da (0x823f2523) sw      gp, -2006(t5)
core   0: 3 0x8000b7da (0x823f2523) mem 0x80010000 0x00000001
core   0: 0x8000b7de (0x0000bfe5) c.j     pc - 8
core   0: 3 0x8000b7de (0xbfe5)
core   0: 0x8000b7d6 (0x00005f17) auipc   t5, 0x5
core   0: 3 0x8000b7d6 (0x00005f17) x30 0x800107d6
core   0: 0x8000b7da (0x823f2523) sw      gp, -2006(t5)
core   0: 3 0x8000b7da (0x823f2523) mem 0x80010000 0x00000001
core   0: 0x8000b7de (0x0000bfe5) c.j     pc - 8
core   0: 3 0x8000b7de (0xbfe5)
core   0: 0x8000b7d6 (0x00005f17) auipc   t5, 0x5
core   0: 3 0x8000b7d6 (0x00005f17) x30 0x800107d6
core   0: 0x8000b7da (0x823f2523) sw      gp, -2006(t5)
core   0: 3 0x8000b7da (0x823f2523) mem 0x80010000 0x00000001
core   0: 0x8000b7de (0x0000bfe5) c.j     pc - 8
core   0: 3 0x8000b7de (0xbfe5)
core   0: 0x8000b7d6 (0x00005f17) auipc   t5, 0x5
core   0: 3 0x8000b7d6 (0x00005f17) x30 0x800107d6
core   0: 0x8000b7da (0x823f2523) sw      gp, -2006(t5)
core   0: 3 0x8000b7da (0x823f2523) mem 0x80010000 0x00000001
core   0: 0x8000b7de (0x0000bfe5) c.j     pc - 8
core   0: 3 0x8000b7de (0xbfe5)
core   0: 0x8000b7d6 (0x00005f17) auipc   t5, 0x5
core   0: 3 0x8000b7d6 (0x00005f17) x30 0x800107d6
core   0: 0x8000b7da (0x823f2523) sw      gp, -2006(t5)
core   0: 3 0x8000b7da (0x823f2523) mem 0x80010000 0x00000001
core   0: 0x8000b7de (0x0000bfe5) c.j     pc - 8
core   0: 3 0x8000b7de (0xbfe5)
core   0: 0x8000b7d6 (0x00005f17) auipc   t5, 0x5
core   0: 3 0x8000b7d6 (0x00005f17) x30 0x800107d6
core   0: 0x8000b7da (0x823f2523) sw      gp, -2006(t5)
core   0: 3 0x8000b7da (0x823f2523) mem 0x80010000 0x00000001
core   0: 0x8000b7de (0x0000bfe5) c.j     pc - 8
core   0: 3 0x8000b7de (0xbfe5)
core   0: 0x8000b7d6 (0x00005f17) auipc   t5, 0x5
core   0: 3 0x8000b7d6 (0x00005f17) x30 0x800107d6
core   0: 0x8000b7da (0x823f2523) sw      gp, -2006(t5)
core   0: 3 0x8000b7da (0x823f2523) mem 0x80010000 0x00000001
core   0: 0x8000b7de (0x0000bfe5) c.j     pc - 8
core   0: 3 0x8000b7de (0xbfe5)
core   0: 0x8000b7d6 (0x00005f17) auipc   t5, 0x5
core   0: 3 0x8000b7d6 (0x00005f17) x30 0x800107d6
core   0: 0x8000b7da (0x823f2523) sw      gp, -2006(t5)
core   0: 3 0x8000b7da (0x823f2523) mem 0x80010000 0x00000001
core   0: 0x8000b7de (0x0000bfe5) c.j     pc - 8
core   0: 3 0x8000b7de (0xbfe5)
core   0: 0x8000b7d6 (0x00005f17) auipc   t5, 0x5
core   0: 3 0x8000b7d6 (0x00005f17) x30 0x800107d6
core   0: 0x8000b7da (0x823f2523) sw      gp, -2006(t5)
core   0: 3 0x8000b7da (0x823f2523) mem 0x80010000 0x00000001
core   0: 0x8000b7de (0x0000bfe5) c.j     pc - 8
core   0: 3 0x8000b7de (0xbfe5)
core   0: 0x8000b7d6 (0x00005f17) auipc   t5, 0x5
core   0: 3 0x8000b7d6 (0x00005f17) x30 0x800107d6
core   0: 0x8000b7da (0x823f2523) sw      gp, -2006(t5)
core   0: 3 0x8000b7da (0x823f2523) mem 0x80010000 0x00000001
core   0: 0x8000b7de (0x0000bfe5) c.j     pc - 8
core   0: 3 0x8000b7de (0xbfe5)
core   0: 0x8000b7d6 (0x00005f17) auipc   t5, 0x5
core   0: 3 0x8000b7d6 (0x00005f17) x30 0x800107d6
core   0: 0x8000b7da (0x823f2523) sw      gp, -2006(t5)
core   0: 3 0x8000b7da (0x823f2523) mem 0x80010000 0x00000001
core   0: 0x8000b7de (0x0000bfe5) c.j     pc - 8
core   0: 3 0x8000b7de (0xbfe5)
core   0: 0x8000b7d6 (0x00005f17) auipc   t5, 0x5
core   0: 3 0x8000b7d6 (0x00005f17) x30 0x800107d6
core   0: 0x8000b7da (0x823f2523) sw      gp, -2006(t5)
core   0: 3 0x8000b7da (0x823f2523) mem 0x80010000 0x00000001
core   0: 0x8000b7de (0x0000bfe5) c.j     pc - 8
core   0: 3 0x8000b7de (0xbfe5)
core   0: 0x8000b7d6 (0x00005f17) auipc   t5, 0x5
core   0: 3 0x8000b7d6 (0x00005f17) x30 0x800107d6
core   0: 0x8000b7da (0x823f2523) sw      gp, -2006(t5)
core   0: 3 0x8000b7da (0x823f2523) mem 0x80010000 0x00000001
core   0: 0x8000b7de (0x0000bfe5) c.j     pc - 8
core   0: 3 0x8000b7de (0xbfe5)
core   0: 0x8000b7d6 (0x00005f17) auipc   t5, 0x5
core   0: 3 0x8000b7d6 (0x00005f17) x30 0x800107d6
core   0: 0x8000b7da (0x823f2523) sw      gp, -2006(t5)
core   0: 3 0x8000b7da (0x823f2523) mem 0x80010000 0x00000001
core   0: 0x8000b7de (0x0000bfe5) c.j     pc - 8
core   0: 3 0x8000b7de (0xbfe5)
core   0: 0x8000b7d6 (0x00005f17) auipc   t5, 0x5
core   0: 3 0x8000b7d6 (0x00005f17) x30 0x800107d6
core   0: 0x8000b7da (0x823f2523) sw      gp, -2006(t5)
core   0: 3 0x8000b7da (0x823f2523) mem 0x80010000 0x00000001
core   0: 0x8000b7de (0x0000bfe5) c.j     pc - 8
core   0: 3 0x8000b7de (0xbfe5)
core   0: 0x8000b7d6 (0x00005f17) auipc   t5, 0x5
core   0: 3 0x8000b7d6 (0x00005f17) x30 0x800107d6
core   0: 0x8000b7da (0x823f2523) sw      gp, -2006(t5)
core   0: 3 0x8000b7da (0x823f2523) mem 0x80010000 0x00000001
core   0: 0x8000b7de (0x0000bfe5) c.j     pc - 8
core   0: 3 0x8000b7de (0xbfe5)
core   0: 0x8000b7d6 (0x00005f17) auipc   t5, 0x5
core   0: 3 0x8000b7d6 (0x00005f17) x30 0x800107d6
core   0: 0x8000b7da (0x823f2523) sw      gp, -2006(t5)
core   0: 3 0x8000b7da (0x823f2523) mem 0x80010000 0x00000001
core   0: 0x8000b7de (0x0000bfe5) c.j     pc - 8
core   0: 3 0x8000b7de (0xbfe5)
core   0: 0x8000b7d6 (0x00005f17) auipc   t5, 0x5
core   0: 3 0x8000b7d6 (0x00005f17) x30 0x800107d6
core   0: 0x8000b7da (0x823f2523) sw      gp, -2006(t5)
core   0: 3 0x8000b7da (0x823f2523) mem 0x80010000 0x00000001
core   0: 0x8000b7de (0x0000bfe5) c.j     pc - 8
core   0: 3 0x8000b7de (0xbfe5)
core   0: 0x8000b7d6 (0x00005f17) auipc   t5, 0x5
core   0: 3 0x8000b7d6 (0x00005f17) x30 0x800107d6
core   0: 0x8000b7da (0x823f2523) sw      gp, -2006(t5)
core   0: 3 0x8000b7da (0x823f2523) mem 0x80010000 0x00000001
core   0: 0x8000b7de (0x0000bfe5) c.j     pc - 8
core   0: 3 0x8000b7de (0xbfe5)
core   0: 0x8000b7d6 (0x00005f17) auipc   t5, 0x5
core   0: 3 0x8000b7d6 (0x00005f17) x30 0x800107d6
core   0: 0x8000b7da (0x823f2523) sw      gp, -2006(t5)
core   0: 3 0x8000b7da (0x823f2523) mem 0x80010000 0x00000001
core   0: 0x8000b7de (0x0000bfe5) c.j     pc - 8
core   0: 3 0x8000b7de (0xbfe5)
core   0: 0x8000b7d6 (0x00005f17) auipc   t5, 0x5
core   0: 3 0x8000b7d6 (0x00005f17) x30 0x800107d6
core   0: 0x8000b7da (0x823f2523) sw      gp, -2006(t5)
core   0: 3 0x8000b7da (0x823f2523) mem 0x80010000 0x00000001
core   0: 0x8000b7de (0x0000bfe5) c.j     pc - 8
core   0: 3 0x8000b7de (0xbfe5)
core   0: 0x8000b7d6 (0x00005f17) auipc   t5, 0x5
core   0: 3 0x8000b7d6 (0x00005f17) x30 0x800107d6
core   0: 0x8000b7da (0x823f2523) sw      gp, -2006(t5)
core   0: 3 0x8000b7da (0x823f2523) mem 0x80010000 0x00000001
core   0: 0x8000b7de (0x0000bfe5) c.j     pc - 8
core   0: 3 0x8000b7de (0xbfe5)
core   0: 0x8000b7d6 (0x00005f17) auipc   t5, 0x5
core   0: 3 0x8000b7d6 (0x00005f17) x30 0x800107d6
core   0: 0x8000b7da (0x823f2523) sw      gp, -2006(t5)
core   0: 3 0x8000b7da (0x823f2523) mem 0x80010000 0x00000001
core   0: 0x8000b7de (0x0000bfe5) c.j     pc - 8
core   0: 3 0x8000b7de (0xbfe5)
core   0: 0x8000b7d6 (0x00005f17) auipc   t5, 0x5
core   0: 3 0x8000b7d6 (0x00005f17) x30 0x800107d6
core   0: 0x8000b7da (0x823f2523) sw      gp, -2006(t5)
core   0: 3 0x8000b7da (0x823f2523) mem 0x80010000 0x00000001
core   0: 0x8000b7de (0x0000bfe5) c.j     pc - 8
core   0: 3 0x8000b7de (0xbfe5)
core   0: 0x8000b7d6 (0x00005f17) auipc   t5, 0x5
core   0: 3 0x8000b7d6 (0x00005f17) x30 0x800107d6
core   0: 0x8000b7da (0x823f2523) sw      gp, -2006(t5)
core   0: 3 0x8000b7da (0x823f2523) mem 0x80010000 0x00000001
core   0: 0x8000b7de (0x0000bfe5) c.j     pc - 8
core   0: 3 0x8000b7de (0xbfe5)
core   0: 0x8000b7d6 (0x00005f17) auipc   t5, 0x5
core   0: 3 0x8000b7d6 (0x00005f17) x30 0x800107d6
core   0: 0x8000b7da (0x823f2523) sw      gp, -2006(t5)
core   0: 3 0x8000b7da (0x823f2523) mem 0x80010000 0x00000001
core   0: 0x8000b7de (0x0000bfe5) c.j     pc - 8
core   0: 3 0x8000b7de (0xbfe5)
core   0: 0x8000b7d6 (0x00005f17) auipc   t5, 0x5
core   0: 3 0x8000b7d6 (0x00005f17) x30 0x800107d6
core   0: 0x8000b7da (0x823f2523) sw      gp, -2006(t5)
core   0: 3 0x8000b7da (0x823f2523) mem 0x80010000 0x00000001
core   0: 0x8000b7de (0x0000bfe5) c.j     pc - 8
core   0: 3 0x8000b7de (0xbfe5)
core   0: 0x8000b7d6 (0x00005f17) auipc   t5, 0x5
core   0: 3 0x8000b7d6 (0x00005f17) x30 0x800107d6
core   0: 0x8000b7da (0x823f2523) sw      gp, -2006(t5)
core   0: 3 0x8000b7da (0x823f2523) mem 0x80010000 0x00000001
core   0: 0x8000b7de (0x0000bfe5) c.j     pc - 8
core   0: 3 0x8000b7de (0xbfe5)
core   0: 0x8000b7d6 (0x00005f17) auipc   t5, 0x5
core   0: 3 0x8000b7d6 (0x00005f17) x30 0x800107d6
core   0: 0x8000b7da (0x823f2523) sw      gp, -2006(t5)
core   0: 3 0x8000b7da (0x823f2523) mem 0x80010000 0x00000001
core   0: 0x8000b7de (0x0000bfe5) c.j     pc - 8
core   0: 3 0x8000b7de (0xbfe5)
core   0: 0x8000b7d6 (0x00005f17) auipc   t5, 0x5
core   0: 3 0x8000b7d6 (0x00005f17) x30 0x800107d6
core   0: 0x8000b7da (0x823f2523) sw      gp, -2006(t5)
core   0: 3 0x8000b7da (0x823f2523) mem 0x80010000 0x00000001
core   0: 0x8000b7de (0x0000bfe5) c.j     pc - 8
core   0: 3 0x8000b7de (0xbfe5)
core   0: 0x8000b7d6 (0x00005f17) auipc   t5, 0x5
core   0: 3 0x8000b7d6 (0x00005f17) x30 0x800107d6
core   0: 0x8000b7da (0x823f2523) sw      gp, -2006(t5)
core   0: 3 0x8000b7da (0x823f2523) mem 0x80010000 0x00000001
core   0: 0x8000b7de (0x0000bfe5) c.j     pc - 8
core   0: 3 0x8000b7de (0xbfe5)
core   0: 0x8000b7d6 (0x00005f17) auipc   t5, 0x5
core   0: 3 0x8000b7d6 (0x00005f17) x30 0x800107d6
core   0: 0x8000b7da (0x823f2523) sw      gp, -2006(t5)
core   0: 3 0x8000b7da (0x823f2523) mem 0x80010000 0x00000001
core   0: 0x8000b7de (0x0000bfe5) c.j     pc - 8
core   0: 3 0x8000b7de (0xbfe5)
core   0: 0x8000b7d6 (0x00005f17) auipc   t5, 0x5
core   0: 3 0x8000b7d6 (0x00005f17) x30 0x800107d6
core   0: 0x8000b7da (0x823f2523) sw      gp, -2006(t5)
core   0: 3 0x8000b7da (0x823f2523) mem 0x80010000 0x00000001
core   0: 0x8000b7de (0x0000bfe5) c.j     pc - 8
core   0: 3 0x8000b7de (0xbfe5)
core   0: 0x8000b7d6 (0x00005f17) auipc   t5, 0x5
core   0: 3 0x8000b7d6 (0x00005f17) x30 0x800107d6
core   0: 0x8000b7da (0x823f2523) sw      gp, -2006(t5)
core   0: 3 0x8000b7da (0x823f2523) mem 0x80010000 0x00000001
core   0: 0x8000b7de (0x0000bfe5) c.j     pc - 8
core   0: 3 0x8000b7de (0xbfe5)
core   0: 0x8000b7d6 (0x00005f17) auipc   t5, 0x5
core   0: 3 0x8000b7d6 (0x00005f17) x30 0x800107d6
core   0: 0x8000b7da (0x823f2523) sw      gp, -2006(t5)
core   0: 3 0x8000b7da (0x823f2523) mem 0x80010000 0x00000001
core   0: 0x8000b7de (0x0000bfe5) c.j     pc - 8
core   0: 3 0x8000b7de (0xbfe5)
core   0: 0x8000b7d6 (0x00005f17) auipc   t5, 0x5
core   0: 3 0x8000b7d6 (0x00005f17) x30 0x800107d6
core   0: 0x8000b7da (0x823f2523) sw      gp, -2006(t5)
core   0: 3 0x8000b7da (0x823f2523) mem 0x80010000 0x00000001
core   0: 0x8000b7de (0x0000bfe5) c.j     pc - 8
core   0: 3 0x8000b7de (0xbfe5)
core   0: 0x8000b7d6 (0x00005f17) auipc   t5, 0x5
core   0: 3 0x8000b7d6 (0x00005f17) x30 0x800107d6
core   0: 0x8000b7da (0x823f2523) sw      gp, -2006(t5)
core   0: 3 0x8000b7da (0x823f2523) mem 0x80010000 0x00000001
core   0: 0x8000b7de (0x0000bfe5) c.j     pc - 8
core   0: 3 0x8000b7de (0xbfe5)
core   0: 0x8000b7d6 (0x00005f17) auipc   t5, 0x5
core   0: 3 0x8000b7d6 (0x00005f17) x30 0x800107d6
core   0: 0x8000b7da (0x823f2523) sw      gp, -2006(t5)
core   0: 3 0x8000b7da (0x823f2523) mem 0x80010000 0x00000001
core   0: 0x8000b7de (0x0000bfe5) c.j     pc - 8
core   0: 3 0x8000b7de (0xbfe5)
core   0: 0x8000b7d6 (0x00005f17) auipc   t5, 0x5
core   0: 3 0x8000b7d6 (0x00005f17) x30 0x800107d6
core   0: 0x8000b7da (0x823f2523) sw      gp, -2006(t5)
core   0: 3 0x8000b7da (0x823f2523) mem 0x80010000 0x00000001
core   0: 0x8000b7de (0x0000bfe5) c.j     pc - 8
core   0: 3 0x8000b7de (0xbfe5)
core   0: 0x8000b7d6 (0x00005f17) auipc   t5, 0x5
core   0: 3 0x8000b7d6 (0x00005f17) x30 0x800107d6
core   0: 0x8000b7da (0x823f2523) sw      gp, -2006(t5)
core   0: 3 0x8000b7da (0x823f2523) mem 0x80010000 0x00000001
core   0: 0x8000b7de (0x0000bfe5) c.j     pc - 8
core   0: 3 0x8000b7de (0xbfe5)
core   0: 0x8000b7d6 (0x00005f17) auipc   t5, 0x5
core   0: 3 0x8000b7d6 (0x00005f17) x30 0x800107d6
core   0: 0x8000b7da (0x823f2523) sw      gp, -2006(t5)
core   0: 3 0x8000b7da (0x823f2523) mem 0x80010000 0x00000001
core   0: 0x8000b7de (0x0000bfe5) c.j     pc - 8
core   0: 3 0x8000b7de (0xbfe5)
core   0: 0x8000b7d6 (0x00005f17) auipc   t5, 0x5
core   0: 3 0x8000b7d6 (0x00005f17) x30 0x800107d6
core   0: 0x8000b7da (0x823f2523) sw      gp, -2006(t5)
core   0: 3 0x8000b7da (0x823f2523) mem 0x80010000 0x00000001
core   0: 0x8000b7de (0x0000bfe5) c.j     pc - 8
core   0: 3 0x8000b7de (0xbfe5)
core   0: 0x8000b7d6 (0x00005f17) auipc   t5, 0x5
core   0: 3 0x8000b7d6 (0x00005f17) x30 0x800107d6
core   0: 0x8000b7da (0x823f2523) sw      gp, -2006(t5)
core   0: 3 0x8000b7da (0x823f2523) mem 0x80010000 0x00000001
core   0: 0x8000b7de (0x0000bfe5) c.j     pc - 8
core   0: 3 0x8000b7de (0xbfe5)
core   0: 0x8000b7d6 (0x00005f17) auipc   t5, 0x5
core   0: 3 0x8000b7d6 (0x00005f17) x30 0x800107d6
core   0: 0x8000b7da (0x823f2523) sw      gp, -2006(t5)
core   0: 3 0x8000b7da (0x823f2523) mem 0x80010000 0x00000001
core   0: 0x8000b7de (0x0000bfe5) c.j     pc - 8
core   0: 3 0x8000b7de (0xbfe5)
core   0: 0x8000b7d6 (0x00005f17) auipc   t5, 0x5
core   0: 3 0x8000b7d6 (0x00005f17) x30 0x800107d6
core   0: 0x8000b7da (0x823f2523) sw      gp, -2006(t5)
core   0: 3 0x8000b7da (0x823f2523) mem 0x80010000 0x00000001
core   0: 0x8000b7de (0x0000bfe5) c.j     pc - 8
core   0: 3 0x8000b7de (0xbfe5)
core   0: 0x8000b7d6 (0x00005f17) auipc   t5, 0x5
core   0: 3 0x8000b7d6 (0x00005f17) x30 0x800107d6
core   0: 0x8000b7da (0x823f2523) sw      gp, -2006(t5)
core   0: 3 0x8000b7da (0x823f2523) mem 0x80010000 0x00000001
core   0: 0x8000b7de (0x0000bfe5) c.j     pc - 8
core   0: 3 0x8000b7de (0xbfe5)
core   0: 0x8000b7d6 (0x00005f17) auipc   t5, 0x5
core   0: 3 0x8000b7d6 (0x00005f17) x30 0x800107d6
core   0: 0x8000b7da (0x823f2523) sw      gp, -2006(t5)
core   0: 3 0x8000b7da (0x823f2523) mem 0x80010000 0x00000001
core   0: 0x8000b7de (0x0000bfe5) c.j     pc - 8
core   0: 3 0x8000b7de (0xbfe5)
core   0: 0x8000b7d6 (0x00005f17) auipc   t5, 0x5
core   0: 3 0x8000b7d6 (0x00005f17) x30 0x800107d6
core   0: 0x8000b7da (0x823f2523) sw      gp, -2006(t5)
core   0: 3 0x8000b7da (0x823f2523) mem 0x80010000 0x00000001
core   0: 0x8000b7de (0x0000bfe5) c.j     pc - 8
core   0: 3 0x8000b7de (0xbfe5)
core   0: 0x8000b7d6 (0x00005f17) auipc   t5, 0x5
core   0: 3 0x8000b7d6 (0x00005f17) x30 0x800107d6
core   0: 0x8000b7da (0x823f2523) sw      gp, -2006(t5)
core   0: 3 0x8000b7da (0x823f2523) mem 0x80010000 0x00000001
core   0: 0x8000b7de (0x0000bfe5) c.j     pc - 8
core   0: 3 0x8000b7de (0xbfe5)
core   0: 0x8000b7d6 (0x00005f17) auipc   t5, 0x5
core   0: 3 0x8000b7d6 (0x00005f17) x30 0x800107d6
core   0: 0x8000b7da (0x823f2523) sw      gp, -2006(t5)
core   0: 3 0x8000b7da (0x823f2523) mem 0x80010000 0x00000001
core   0: 0x8000b7de (0x0000bfe5) c.j     pc - 8
core   0: 3 0x8000b7de (0xbfe5)
core   0: 0x8000b7d6 (0x00005f17) auipc   t5, 0x5
core   0: 3 0x8000b7d6 (0x00005f17) x30 0x800107d6
core   0: 0x8000b7da (0x823f2523) sw      gp, -2006(t5)
core   0: 3 0x8000b7da (0x823f2523) mem 0x80010000 0x00000001
core   0: 0x8000b7de (0x0000bfe5) c.j     pc - 8
core   0: 3 0x8000b7de (0xbfe5)
core   0: 0x8000b7d6 (0x00005f17) auipc   t5, 0x5
core   0: 3 0x8000b7d6 (0x00005f17) x30 0x800107d6
core   0: 0x8000b7da (0x823f2523) sw      gp, -2006(t5)
core   0: 3 0x8000b7da (0x823f2523) mem 0x80010000 0x00000001
core   0: 0x8000b7de (0x0000bfe5) c.j     pc - 8
core   0: 3 0x8000b7de (0xbfe5)
core   0: 0x8000b7d6 (0x00005f17) auipc   t5, 0x5
core   0: 3 0x8000b7d6 (0x00005f17) x30 0x800107d6
core   0: 0x8000b7da (0x823f2523) sw      gp, -2006(t5)
core   0: 3 0x8000b7da (0x823f2523) mem 0x80010000 0x00000001
core   0: 0x8000b7de (0x0000bfe5) c.j     pc - 8
core   0: 3 0x8000b7de (0xbfe5)
core   0: 0x8000b7d6 (0x00005f17) auipc   t5, 0x5
core   0: 3 0x8000b7d6 (0x00005f17) x30 0x800107d6
core   0: 0x8000b7da (0x823f2523) sw      gp, -2006(t5)
core   0: 3 0x8000b7da (0x823f2523) mem 0x80010000 0x00000001
core   0: 0x8000b7de (0x0000bfe5) c.j     pc - 8
core   0: 3 0x8000b7de (0xbfe5)
core   0: 0x8000b7d6 (0x00005f17) auipc   t5, 0x5
core   0: 3 0x8000b7d6 (0x00005f17) x30 0x800107d6
core   0: 0x8000b7da (0x823f2523) sw      gp, -2006(t5)
core   0: 3 0x8000b7da (0x823f2523) mem 0x80010000 0x00000001
core   0: 0x8000b7de (0x0000bfe5) c.j     pc - 8
core   0: 3 0x8000b7de (0xbfe5)
core   0: 0x8000b7d6 (0x00005f17) auipc   t5, 0x5
core   0: 3 0x8000b7d6 (0x00005f17) x30 0x800107d6
core   0: 0x8000b7da (0x823f2523) sw      gp, -2006(t5)
core   0: 3 0x8000b7da (0x823f2523) mem 0x80010000 0x00000001
core   0: 0x8000b7de (0x0000bfe5) c.j     pc - 8
core   0: 3 0x8000b7de (0xbfe5)
core   0: 0x8000b7d6 (0x00005f17) auipc   t5, 0x5
core   0: 3 0x8000b7d6 (0x00005f17) x30 0x800107d6
core   0: 0x8000b7da (0x823f2523) sw      gp, -2006(t5)
core   0: 3 0x8000b7da (0x823f2523) mem 0x80010000 0x00000001
core   0: 0x8000b7de (0x0000bfe5) c.j     pc - 8
core   0: 3 0x8000b7de (0xbfe5)
core   0: 0x8000b7d6 (0x00005f17) auipc   t5, 0x5
core   0: 3 0x8000b7d6 (0x00005f17) x30 0x800107d6
core   0: 0x8000b7da (0x823f2523) sw      gp, -2006(t5)
core   0: 3 0x8000b7da (0x823f2523) mem 0x80010000 0x00000001
core   0: 0x8000b7de (0x0000bfe5) c.j     pc - 8
core   0: 3 0x8000b7de (0xbfe5)
core   0: 0x8000b7d6 (0x00005f17) auipc   t5, 0x5
core   0: 3 0x8000b7d6 (0x00005f17) x30 0x800107d6
core   0: 0x8000b7da (0x823f2523) sw      gp, -2006(t5)
core   0: 3 0x8000b7da (0x823f2523) mem 0x80010000 0x00000001
core   0: 0x8000b7de (0x0000bfe5) c.j     pc - 8
core   0: 3 0x8000b7de (0xbfe5)
core   0: 0x8000b7d6 (0x00005f17) auipc   t5, 0x5
core   0: 3 0x8000b7d6 (0x00005f17) x30 0x800107d6
core   0: 0x8000b7da (0x823f2523) sw      gp, -2006(t5)
core   0: 3 0x8000b7da (0x823f2523) mem 0x80010000 0x00000001
core   0: 0x8000b7de (0x0000bfe5) c.j     pc - 8
core   0: 3 0x8000b7de (0xbfe5)
core   0: 0x8000b7d6 (0x00005f17) auipc   t5, 0x5
core   0: 3 0x8000b7d6 (0x00005f17) x30 0x800107d6
core   0: 0x8000b7da (0x823f2523) sw      gp, -2006(t5)
core   0: 3 0x8000b7da (0x823f2523) mem 0x80010000 0x00000001
core   0: 0x8000b7de (0x0000bfe5) c.j     pc - 8
core   0: 3 0x8000b7de (0xbfe5)
core   0: 0x8000b7d6 (0x00005f17) auipc   t5, 0x5
core   0: 3 0x8000b7d6 (0x00005f17) x30 0x800107d6
core   0: 0x8000b7da (0x823f2523) sw      gp, -2006(t5)
core   0: 3 0x8000b7da (0x823f2523) mem 0x80010000 0x00000001
core   0: 0x8000b7de (0x0000bfe5) c.j     pc - 8
core   0: 3 0x8000b7de (0xbfe5)
core   0: 0x8000b7d6 (0x00005f17) auipc   t5, 0x5
core   0: 3 0x8000b7d6 (0x00005f17) x30 0x800107d6
core   0: 0x8000b7da (0x823f2523) sw      gp, -2006(t5)
core   0: 3 0x8000b7da (0x823f2523) mem 0x80010000 0x00000001
core   0: 0x8000b7de (0x0000bfe5) c.j     pc - 8
core   0: 3 0x8000b7de (0xbfe5)
core   0: 0x8000b7d6 (0x00005f17) auipc   t5, 0x5
core   0: 3 0x8000b7d6 (0x00005f17) x30 0x800107d6
core   0: 0x8000b7da (0x823f2523) sw      gp, -2006(t5)
core   0: 3 0x8000b7da (0x823f2523) mem 0x80010000 0x00000001
core   0: 0x8000b7de (0x0000bfe5) c.j     pc - 8
core   0: 3 0x8000b7de (0xbfe5)
core   0: 0x8000b7d6 (0x00005f17) auipc   t5, 0x5
core   0: 3 0x8000b7d6 (0x00005f17) x30 0x800107d6
core   0: 0x8000b7da (0x823f2523) sw      gp, -2006(t5)
core   0: 3 0x8000b7da (0x823f2523) mem 0x80010000 0x00000001
core   0: 0x8000b7de (0x0000bfe5) c.j     pc - 8
core   0: 3 0x8000b7de (0xbfe5)
core   0: 0x8000b7d6 (0x00005f17) auipc   t5, 0x5
core   0: 3 0x8000b7d6 (0x00005f17) x30 0x800107d6
core   0: 0x8000b7da (0x823f2523) sw      gp, -2006(t5)
core   0: 3 0x8000b7da (0x823f2523) mem 0x80010000 0x00000001
core   0: 0x8000b7de (0x0000bfe5) c.j     pc - 8
core   0: 3 0x8000b7de (0xbfe5)
core   0: 0x8000b7d6 (0x00005f17) auipc   t5, 0x5
core   0: 3 0x8000b7d6 (0x00005f17) x30 0x800107d6
core   0: 0x8000b7da (0x823f2523) sw      gp, -2006(t5)
core   0: 3 0x8000b7da (0x823f2523) mem 0x80010000 0x00000001
core   0: 0x8000b7de (0x0000bfe5) c.j     pc - 8
core   0: 3 0x8000b7de (0xbfe5)
core   0: 0x8000b7d6 (0x00005f17) auipc   t5, 0x5
core   0: 3 0x8000b7d6 (0x00005f17) x30 0x800107d6
core   0: 0x8000b7da (0x823f2523) sw      gp, -2006(t5)
core   0: 3 0x8000b7da (0x823f2523) mem 0x80010000 0x00000001
core   0: 0x8000b7de (0x0000bfe5) c.j     pc - 8
core   0: 3 0x8000b7de (0xbfe5)
core   0: 0x8000b7d6 (0x00005f17) auipc   t5, 0x5
core   0: 3 0x8000b7d6 (0x00005f17) x30 0x800107d6
core   0: 0x8000b7da (0x823f2523) sw      gp, -2006(t5)
core   0: 3 0x8000b7da (0x823f2523) mem 0x80010000 0x00000001
core   0: 0x8000b7de (0x0000bfe5) c.j     pc - 8
core   0: 3 0x8000b7de (0xbfe5)
core   0: 0x8000b7d6 (0x00005f17) auipc   t5, 0x5
core   0: 3 0x8000b7d6 (0x00005f17) x30 0x800107d6
core   0: 0x8000b7da (0x823f2523) sw      gp, -2006(t5)
core   0: 3 0x8000b7da (0x823f2523) mem 0x80010000 0x00000001
core   0: 0x8000b7de (0x0000bfe5) c.j     pc - 8
core   0: 3 0x8000b7de (0xbfe5)
core   0: 0x8000b7d6 (0x00005f17) auipc   t5, 0x5
core   0: 3 0x8000b7d6 (0x00005f17) x30 0x800107d6
core   0: 0x8000b7da (0x823f2523) sw      gp, -2006(t5)
core   0: 3 0x8000b7da (0x823f2523) mem 0x80010000 0x00000001
core   0: 0x8000b7de (0x0000bfe5) c.j     pc - 8
core   0: 3 0x8000b7de (0xbfe5)
core   0: 0x8000b7d6 (0x00005f17) auipc   t5, 0x5
core   0: 3 0x8000b7d6 (0x00005f17) x30 0x800107d6
core   0: 0x8000b7da (0x823f2523) sw      gp, -2006(t5)
core   0: 3 0x8000b7da (0x823f2523) mem 0x80010000 0x00000001
core   0: 0x8000b7de (0x0000bfe5) c.j     pc - 8
core   0: 3 0x8000b7de (0xbfe5)
core   0: 0x8000b7d6 (0x00005f17) auipc   t5, 0x5
core   0: 3 0x8000b7d6 (0x00005f17) x30 0x800107d6
core   0: 0x8000b7da (0x823f2523) sw      gp, -2006(t5)
core   0: 3 0x8000b7da (0x823f2523) mem 0x80010000 0x00000001
core   0: 0x8000b7de (0x0000bfe5) c.j     pc - 8
core   0: 3 0x8000b7de (0xbfe5)
core   0: 0x8000b7d6 (0x00005f17) auipc   t5, 0x5
core   0: 3 0x8000b7d6 (0x00005f17) x30 0x800107d6
core   0: 0x8000b7da (0x823f2523) sw      gp, -2006(t5)
core   0: 3 0x8000b7da (0x823f2523) mem 0x80010000 0x00000001
core   0: 0x8000b7de (0x0000bfe5) c.j     pc - 8
core   0: 3 0x8000b7de (0xbfe5)
core   0: 0x8000b7d6 (0x00005f17) auipc   t5, 0x5
core   0: 3 0x8000b7d6 (0x00005f17) x30 0x800107d6
core   0: 0x8000b7da (0x823f2523) sw      gp, -2006(t5)
core   0: 3 0x8000b7da (0x823f2523) mem 0x80010000 0x00000001
core   0: 0x8000b7de (0x0000bfe5) c.j     pc - 8
core   0: 3 0x8000b7de (0xbfe5)
core   0: 0x8000b7d6 (0x00005f17) auipc   t5, 0x5
core   0: 3 0x8000b7d6 (0x00005f17) x30 0x800107d6
core   0: 0x8000b7da (0x823f2523) sw      gp, -2006(t5)
core   0: 3 0x8000b7da (0x823f2523) mem 0x80010000 0x00000001
core   0: 0x8000b7de (0x0000bfe5) c.j     pc - 8
core   0: 3 0x8000b7de (0xbfe5)
core   0: 0x8000b7d6 (0x00005f17) auipc   t5, 0x5
core   0: 3 0x8000b7d6 (0x00005f17) x30 0x800107d6
core   0: 0x8000b7da (0x823f2523) sw      gp, -2006(t5)
core   0: 3 0x8000b7da (0x823f2523) mem 0x80010000 0x00000001
core   0: 0x8000b7de (0x0000bfe5) c.j     pc - 8
core   0: 3 0x8000b7de (0xbfe5)
core   0: 0x8000b7d6 (0x00005f17) auipc   t5, 0x5
core   0: 3 0x8000b7d6 (0x00005f17) x30 0x800107d6
core   0: 0x8000b7da (0x823f2523) sw      gp, -2006(t5)
core   0: 3 0x8000b7da (0x823f2523) mem 0x80010000 0x00000001
core   0: 0x8000b7de (0x0000bfe5) c.j     pc - 8
core   0: 3 0x8000b7de (0xbfe5)
core   0: 0x8000b7d6 (0x00005f17) auipc   t5, 0x5
core   0: 3 0x8000b7d6 (0x00005f17) x30 0x800107d6
core   0: 0x8000b7da (0x823f2523) sw      gp, -2006(t5)
core   0: 3 0x8000b7da (0x823f2523) mem 0x80010000 0x00000001
core   0: 0x8000b7de (0x0000bfe5) c.j     pc - 8
core   0: 3 0x8000b7de (0xbfe5)
core   0: 0x8000b7d6 (0x00005f17) auipc   t5, 0x5
core   0: 3 0x8000b7d6 (0x00005f17) x30 0x800107d6
core   0: 0x8000b7da (0x823f2523) sw      gp, -2006(t5)
core   0: 3 0x8000b7da (0x823f2523) mem 0x80010000 0x00000001
core   0: 0x8000b7de (0x0000bfe5) c.j     pc - 8
core   0: 3 0x8000b7de (0xbfe5)
core   0: 0x8000b7d6 (0x00005f17) auipc   t5, 0x5
core   0: 3 0x8000b7d6 (0x00005f17) x30 0x800107d6
core   0: 0x8000b7da (0x823f2523) sw      gp, -2006(t5)
core   0: 3 0x8000b7da (0x823f2523) mem 0x80010000 0x00000001
core   0: 0x8000b7de (0x0000bfe5) c.j     pc - 8
core   0: 3 0x8000b7de (0xbfe5)
core   0: 0x8000b7d6 (0x00005f17) auipc   t5, 0x5
core   0: 3 0x8000b7d6 (0x00005f17) x30 0x800107d6
core   0: 0x8000b7da (0x823f2523) sw      gp, -2006(t5)
core   0: 3 0x8000b7da (0x823f2523) mem 0x80010000 0x00000001
core   0: 0x8000b7de (0x0000bfe5) c.j     pc - 8
core   0: 3 0x8000b7de (0xbfe5)
core   0: 0x8000b7d6 (0x00005f17) auipc   t5, 0x5
core   0: 3 0x8000b7d6 (0x00005f17) x30 0x800107d6
core   0: 0x8000b7da (0x823f2523) sw      gp, -2006(t5)
core   0: 3 0x8000b7da (0x823f2523) mem 0x80010000 0x00000001
core   0: 0x8000b7de (0x0000bfe5) c.j     pc - 8
core   0: 3 0x8000b7de (0xbfe5)
core   0: 0x8000b7d6 (0x00005f17) auipc   t5, 0x5
core   0: 3 0x8000b7d6 (0x00005f17) x30 0x800107d6
core   0: 0x8000b7da (0x823f2523) sw      gp, -2006(t5)
core   0: 3 0x8000b7da (0x823f2523) mem 0x80010000 0x00000001
core   0: 0x8000b7de (0x0000bfe5) c.j     pc - 8
core   0: 3 0x8000b7de (0xbfe5)
core   0: 0x8000b7d6 (0x00005f17) auipc   t5, 0x5
core   0: 3 0x8000b7d6 (0x00005f17) x30 0x800107d6
core   0: 0x8000b7da (0x823f2523) sw      gp, -2006(t5)
core   0: 3 0x8000b7da (0x823f2523) mem 0x80010000 0x00000001
core   0: 0x8000b7de (0x0000bfe5) c.j     pc - 8
core   0: 3 0x8000b7de (0xbfe5)
core   0: 0x8000b7d6 (0x00005f17) auipc   t5, 0x5
core   0: 3 0x8000b7d6 (0x00005f17) x30 0x800107d6
core   0: 0x8000b7da (0x823f2523) sw      gp, -2006(t5)
core   0: 3 0x8000b7da (0x823f2523) mem 0x80010000 0x00000001
core   0: 0x8000b7de (0x0000bfe5) c.j     pc - 8
core   0: 3 0x8000b7de (0xbfe5)
core   0: 0x8000b7d6 (0x00005f17) auipc   t5, 0x5
core   0: 3 0x8000b7d6 (0x00005f17) x30 0x800107d6
core   0: 0x8000b7da (0x823f2523) sw      gp, -2006(t5)
core   0: 3 0x8000b7da (0x823f2523) mem 0x80010000 0x00000001
core   0: 0x8000b7de (0x0000bfe5) c.j     pc - 8
core   0: 3 0x8000b7de (0xbfe5)
core   0: 0x8000b7d6 (0x00005f17) auipc   t5, 0x5
core   0: 3 0x8000b7d6 (0x00005f17) x30 0x800107d6
core   0: 0x8000b7da (0x823f2523) sw      gp, -2006(t5)
core   0: 3 0x8000b7da (0x823f2523) mem 0x80010000 0x00000001
core   0: 0x8000b7de (0x0000bfe5) c.j     pc - 8
core   0: 3 0x8000b7de (0xbfe5)
core   0: 0x8000b7d6 (0x00005f17) auipc   t5, 0x5
core   0: 3 0x8000b7d6 (0x00005f17) x30 0x800107d6
core   0: 0x8000b7da (0x823f2523) sw      gp, -2006(t5)
core   0: 3 0x8000b7da (0x823f2523) mem 0x80010000 0x00000001
core   0: 0x8000b7de (0x0000bfe5) c.j     pc - 8
core   0: 3 0x8000b7de (0xbfe5)
core   0: 0x8000b7d6 (0x00005f17) auipc   t5, 0x5
core   0: 3 0x8000b7d6 (0x00005f17) x30 0x800107d6
core   0: 0x8000b7da (0x823f2523) sw      gp, -2006(t5)
core   0: 3 0x8000b7da (0x823f2523) mem 0x80010000 0x00000001
core   0: 0x8000b7de (0x0000bfe5) c.j     pc - 8
core   0: 3 0x8000b7de (0xbfe5)
core   0: 0x8000b7d6 (0x00005f17) auipc   t5, 0x5
core   0: 3 0x8000b7d6 (0x00005f17) x30 0x800107d6
core   0: 0x8000b7da (0x823f2523) sw      gp, -2006(t5)
core   0: 3 0x8000b7da (0x823f2523) mem 0x80010000 0x00000001
core   0: 0x8000b7de (0x0000bfe5) c.j     pc - 8
core   0: 3 0x8000b7de (0xbfe5)
core   0: 0x8000b7d6 (0x00005f17) auipc   t5, 0x5
core   0: 3 0x8000b7d6 (0x00005f17) x30 0x800107d6
core   0: 0x8000b7da (0x823f2523) sw      gp, -2006(t5)
core   0: 3 0x8000b7da (0x823f2523) mem 0x80010000 0x00000001
core   0: 0x8000b7de (0x0000bfe5) c.j     pc - 8
core   0: 3 0x8000b7de (0xbfe5)
core   0: 0x8000b7d6 (0x00005f17) auipc   t5, 0x5
core   0: 3 0x8000b7d6 (0x00005f17) x30 0x800107d6
core   0: 0x8000b7da (0x823f2523) sw      gp, -2006(t5)
core   0: 3 0x8000b7da (0x823f2523) mem 0x80010000 0x00000001
core   0: 0x8000b7de (0x0000bfe5) c.j     pc - 8
core   0: 3 0x8000b7de (0xbfe5)
core   0: 0x8000b7d6 (0x00005f17) auipc   t5, 0x5
core   0: 3 0x8000b7d6 (0x00005f17) x30 0x800107d6
core   0: 0x8000b7da (0x823f2523) sw      gp, -2006(t5)
core   0: 3 0x8000b7da (0x823f2523) mem 0x80010000 0x00000001
core   0: 0x8000b7de (0x0000bfe5) c.j     pc - 8
core   0: 3 0x8000b7de (0xbfe5)
core   0: 0x8000b7d6 (0x00005f17) auipc   t5, 0x5
core   0: 3 0x8000b7d6 (0x00005f17) x30 0x800107d6
core   0: 0x8000b7da (0x823f2523) sw      gp, -2006(t5)
core   0: 3 0x8000b7da (0x823f2523) mem 0x80010000 0x00000001
core   0: 0x8000b7de (0x0000bfe5) c.j     pc - 8
core   0: 3 0x8000b7de (0xbfe5)
core   0: 0x8000b7d6 (0x00005f17) auipc   t5, 0x5
core   0: 3 0x8000b7d6 (0x00005f17) x30 0x800107d6
core   0: 0x8000b7da (0x823f2523) sw      gp, -2006(t5)
core   0: 3 0x8000b7da (0x823f2523) mem 0x80010000 0x00000001
core   0: 0x8000b7de (0x0000bfe5) c.j     pc - 8
core   0: 3 0x8000b7de (0xbfe5)
core   0: 0x8000b7d6 (0x00005f17) auipc   t5, 0x5
core   0: 3 0x8000b7d6 (0x00005f17) x30 0x800107d6
core   0: 0x8000b7da (0x823f2523) sw      gp, -2006(t5)
core   0: 3 0x8000b7da (0x823f2523) mem 0x80010000 0x00000001
core   0: 0x8000b7de (0x0000bfe5) c.j     pc - 8
core   0: 3 0x8000b7de (0xbfe5)
core   0: 0x8000b7d6 (0x00005f17) auipc   t5, 0x5
core   0: 3 0x8000b7d6 (0x00005f17) x30 0x800107d6
core   0: 0x8000b7da (0x823f2523) sw      gp, -2006(t5)
core   0: 3 0x8000b7da (0x823f2523) mem 0x80010000 0x00000001
core   0: 0x8000b7de (0x0000bfe5) c.j     pc - 8
core   0: 3 0x8000b7de (0xbfe5)
core   0: 0x8000b7d6 (0x00005f17) auipc   t5, 0x5
core   0: 3 0x8000b7d6 (0x00005f17) x30 0x800107d6
core   0: 0x8000b7da (0x823f2523) sw      gp, -2006(t5)
core   0: 3 0x8000b7da (0x823f2523) mem 0x80010000 0x00000001
core   0: 0x8000b7de (0x0000bfe5) c.j     pc - 8
core   0: 3 0x8000b7de (0xbfe5)
core   0: 0x8000b7d6 (0x00005f17) auipc   t5, 0x5
core   0: 3 0x8000b7d6 (0x00005f17) x30 0x800107d6
core   0: 0x8000b7da (0x823f2523) sw      gp, -2006(t5)
core   0: 3 0x8000b7da (0x823f2523) mem 0x80010000 0x00000001
core   0: 0x8000b7de (0x0000bfe5) c.j     pc - 8
core   0: 3 0x8000b7de (0xbfe5)
core   0: 0x8000b7d6 (0x00005f17) auipc   t5, 0x5
core   0: 3 0x8000b7d6 (0x00005f17) x30 0x800107d6
core   0: 0x8000b7da (0x823f2523) sw      gp, -2006(t5)
core   0: 3 0x8000b7da (0x823f2523) mem 0x80010000 0x00000001
core   0: 0x8000b7de (0x0000bfe5) c.j     pc - 8
core   0: 3 0x8000b7de (0xbfe5)
core   0: 0x8000b7d6 (0x00005f17) auipc   t5, 0x5
core   0: 3 0x8000b7d6 (0x00005f17) x30 0x800107d6
core   0: 0x8000b7da (0x823f2523) sw      gp, -2006(t5)
core   0: 3 0x8000b7da (0x823f2523) mem 0x80010000 0x00000001
core   0: 0x8000b7de (0x0000bfe5) c.j     pc - 8
core   0: 3 0x8000b7de (0xbfe5)
core   0: 0x8000b7d6 (0x00005f17) auipc   t5, 0x5
core   0: 3 0x8000b7d6 (0x00005f17) x30 0x800107d6
core   0: 0x8000b7da (0x823f2523) sw      gp, -2006(t5)
core   0: 3 0x8000b7da (0x823f2523) mem 0x80010000 0x00000001
core   0: 0x8000b7de (0x0000bfe5) c.j     pc - 8
core   0: 3 0x8000b7de (0xbfe5)
core   0: 0x8000b7d6 (0x00005f17) auipc   t5, 0x5
core   0: 3 0x8000b7d6 (0x00005f17) x30 0x800107d6
core   0: 0x8000b7da (0x823f2523) sw      gp, -2006(t5)
core   0: 3 0x8000b7da (0x823f2523) mem 0x80010000 0x00000001
core   0: 0x8000b7de (0x0000bfe5) c.j     pc - 8
core   0: 3 0x8000b7de (0xbfe5)
core   0: 0x8000b7d6 (0x00005f17) auipc   t5, 0x5
core   0: 3 0x8000b7d6 (0x00005f17) x30 0x800107d6
core   0: 0x8000b7da (0x823f2523) sw      gp, -2006(t5)
core   0: 3 0x8000b7da (0x823f2523) mem 0x80010000 0x00000001
core   0: 0x8000b7de (0x0000bfe5) c.j     pc - 8
core   0: 3 0x8000b7de (0xbfe5)
core   0: 0x8000b7d6 (0x00005f17) auipc   t5, 0x5
core   0: 3 0x8000b7d6 (0x00005f17) x30 0x800107d6
core   0: 0x8000b7da (0x823f2523) sw      gp, -2006(t5)
core   0: 3 0x8000b7da (0x823f2523) mem 0x80010000 0x00000001
core   0: 0x8000b7de (0x0000bfe5) c.j     pc - 8
core   0: 3 0x8000b7de (0xbfe5)
core   0: 0x8000b7d6 (0x00005f17) auipc   t5, 0x5
core   0: 3 0x8000b7d6 (0x00005f17) x30 0x800107d6
core   0: 0x8000b7da (0x823f2523) sw      gp, -2006(t5)
core   0: 3 0x8000b7da (0x823f2523) mem 0x80010000 0x00000001
core   0: 0x8000b7de (0x0000bfe5) c.j     pc - 8
core   0: 3 0x8000b7de (0xbfe5)
core   0: 0x8000b7d6 (0x00005f17) auipc   t5, 0x5
core   0: 3 0x8000b7d6 (0x00005f17) x30 0x800107d6
core   0: 0x8000b7da (0x823f2523) sw      gp, -2006(t5)
core   0: 3 0x8000b7da (0x823f2523) mem 0x80010000 0x00000001
core   0: 0x8000b7de (0x0000bfe5) c.j     pc - 8
core   0: 3 0x8000b7de (0xbfe5)
core   0: 0x8000b7d6 (0x00005f17) auipc   t5, 0x5
core   0: 3 0x8000b7d6 (0x00005f17) x30 0x800107d6
core   0: 0x8000b7da (0x823f2523) sw      gp, -2006(t5)
core   0: 3 0x8000b7da (0x823f2523) mem 0x80010000 0x00000001
core   0: 0x8000b7de (0x0000bfe5) c.j     pc - 8
core   0: 3 0x8000b7de (0xbfe5)
core   0: 0x8000b7d6 (0x00005f17) auipc   t5, 0x5
core   0: 3 0x8000b7d6 (0x00005f17) x30 0x800107d6
core   0: 0x8000b7da (0x823f2523) sw      gp, -2006(t5)
core   0: 3 0x8000b7da (0x823f2523) mem 0x80010000 0x00000001
core   0: 0x8000b7de (0x0000bfe5) c.j     pc - 8
core   0: 3 0x8000b7de (0xbfe5)
core   0: 0x8000b7d6 (0x00005f17) auipc   t5, 0x5
core   0: 3 0x8000b7d6 (0x00005f17) x30 0x800107d6
core   0: 0x8000b7da (0x823f2523) sw      gp, -2006(t5)
core   0: 3 0x8000b7da (0x823f2523) mem 0x80010000 0x00000001
core   0: 0x8000b7de (0x0000bfe5) c.j     pc - 8
core   0: 3 0x8000b7de (0xbfe5)
core   0: 0x8000b7d6 (0x00005f17) auipc   t5, 0x5
core   0: 3 0x8000b7d6 (0x00005f17) x30 0x800107d6
core   0: 0x8000b7da (0x823f2523) sw      gp, -2006(t5)
core   0: 3 0x8000b7da (0x823f2523) mem 0x80010000 0x00000001
core   0: 0x8000b7de (0x0000bfe5) c.j     pc - 8
core   0: 3 0x8000b7de (0xbfe5)
core   0: 0x8000b7d6 (0x00005f17) auipc   t5, 0x5
core   0: 3 0x8000b7d6 (0x00005f17) x30 0x800107d6
core   0: 0x8000b7da (0x823f2523) sw      gp, -2006(t5)
core   0: 3 0x8000b7da (0x823f2523) mem 0x80010000 0x00000001
core   0: 0x8000b7de (0x0000bfe5) c.j     pc - 8
core   0: 3 0x8000b7de (0xbfe5)
core   0: 0x8000b7d6 (0x00005f17) auipc   t5, 0x5
core   0: 3 0x8000b7d6 (0x00005f17) x30 0x800107d6
core   0: 0x8000b7da (0x823f2523) sw      gp, -2006(t5)
core   0: 3 0x8000b7da (0x823f2523) mem 0x80010000 0x00000001
core   0: 0x8000b7de (0x0000bfe5) c.j     pc - 8
core   0: 3 0x8000b7de (0xbfe5)
core   0: 0x8000b7d6 (0x00005f17) auipc   t5, 0x5
core   0: 3 0x8000b7d6 (0x00005f17) x30 0x800107d6
core   0: 0x8000b7da (0x823f2523) sw      gp, -2006(t5)
core   0: 3 0x8000b7da (0x823f2523) mem 0x80010000 0x00000001
core   0: 0x8000b7de (0x0000bfe5) c.j     pc - 8
core   0: 3 0x8000b7de (0xbfe5)
core   0: 0x8000b7d6 (0x00005f17) auipc   t5, 0x5
core   0: 3 0x8000b7d6 (0x00005f17) x30 0x800107d6
core   0: 0x8000b7da (0x823f2523) sw      gp, -2006(t5)
core   0: 3 0x8000b7da (0x823f2523) mem 0x80010000 0x00000001
core   0: 0x8000b7de (0x0000bfe5) c.j     pc - 8
core   0: 3 0x8000b7de (0xbfe5)
core   0: 0x8000b7d6 (0x00005f17) auipc   t5, 0x5
core   0: 3 0x8000b7d6 (0x00005f17) x30 0x800107d6
core   0: 0x8000b7da (0x823f2523) sw      gp, -2006(t5)
core   0: 3 0x8000b7da (0x823f2523) mem 0x80010000 0x00000001
core   0: 0x8000b7de (0x0000bfe5) c.j     pc - 8
core   0: 3 0x8000b7de (0xbfe5)
core   0: 0x8000b7d6 (0x00005f17) auipc   t5, 0x5
core   0: 3 0x8000b7d6 (0x00005f17) x30 0x800107d6
core   0: 0x8000b7da (0x823f2523) sw      gp, -2006(t5)
core   0: 3 0x8000b7da (0x823f2523) mem 0x80010000 0x00000001
core   0: 0x8000b7de (0x0000bfe5) c.j     pc - 8
core   0: 3 0x8000b7de (0xbfe5)
core   0: 0x8000b7d6 (0x00005f17) auipc   t5, 0x5
core   0: 3 0x8000b7d6 (0x00005f17) x30 0x800107d6
core   0: 0x8000b7da (0x823f2523) sw      gp, -2006(t5)
core   0: 3 0x8000b7da (0x823f2523) mem 0x80010000 0x00000001
core   0: 0x8000b7de (0x0000bfe5) c.j     pc - 8
core   0: 3 0x8000b7de (0xbfe5)
core   0: 0x8000b7d6 (0x00005f17) auipc   t5, 0x5
core   0: 3 0x8000b7d6 (0x00005f17) x30 0x800107d6
core   0: 0x8000b7da (0x823f2523) sw      gp, -2006(t5)
core   0: 3 0x8000b7da (0x823f2523) mem 0x80010000 0x00000001
core   0: 0x8000b7de (0x0000bfe5) c.j     pc - 8
core   0: 3 0x8000b7de (0xbfe5)
core   0: 0x8000b7d6 (0x00005f17) auipc   t5, 0x5
core   0: 3 0x8000b7d6 (0x00005f17) x30 0x800107d6
core   0: 0x8000b7da (0x823f2523) sw      gp, -2006(t5)
core   0: 3 0x8000b7da (0x823f2523) mem 0x80010000 0x00000001
core   0: 0x8000b7de (0x0000bfe5) c.j     pc - 8
core   0: 3 0x8000b7de (0xbfe5)
core   0: 0x8000b7d6 (0x00005f17) auipc   t5, 0x5
core   0: 3 0x8000b7d6 (0x00005f17) x30 0x800107d6
core   0: 0x8000b7da (0x823f2523) sw      gp, -2006(t5)
core   0: 3 0x8000b7da (0x823f2523) mem 0x80010000 0x00000001
core   0: 0x8000b7de (0x0000bfe5) c.j     pc - 8
core   0: 3 0x8000b7de (0xbfe5)
core   0: 0x8000b7d6 (0x00005f17) auipc   t5, 0x5
core   0: 3 0x8000b7d6 (0x00005f17) x30 0x800107d6
core   0: 0x8000b7da (0x823f2523) sw      gp, -2006(t5)
core   0: 3 0x8000b7da (0x823f2523) mem 0x80010000 0x00000001
core   0: 0x8000b7de (0x0000bfe5) c.j     pc - 8
core   0: 3 0x8000b7de (0xbfe5)
core   0: 0x8000b7d6 (0x00005f17) auipc   t5, 0x5
core   0: 3 0x8000b7d6 (0x00005f17) x30 0x800107d6
core   0: 0x8000b7da (0x823f2523) sw      gp, -2006(t5)
core   0: 3 0x8000b7da (0x823f2523) mem 0x80010000 0x00000001
core   0: 0x8000b7de (0x0000bfe5) c.j     pc - 8
core   0: 3 0x8000b7de (0xbfe5)
core   0: 0x8000b7d6 (0x00005f17) auipc   t5, 0x5
core   0: 3 0x8000b7d6 (0x00005f17) x30 0x800107d6
core   0: 0x8000b7da (0x823f2523) sw      gp, -2006(t5)
core   0: 3 0x8000b7da (0x823f2523) mem 0x80010000 0x00000001
core   0: 0x8000b7de (0x0000bfe5) c.j     pc - 8
core   0: 3 0x8000b7de (0xbfe5)
core   0: 0x8000b7d6 (0x00005f17) auipc   t5, 0x5
core   0: 3 0x8000b7d6 (0x00005f17) x30 0x800107d6
core   0: 0x8000b7da (0x823f2523) sw      gp, -2006(t5)
core   0: 3 0x8000b7da (0x823f2523) mem 0x80010000 0x00000001
core   0: 0x8000b7de (0x0000bfe5) c.j     pc - 8
core   0: 3 0x8000b7de (0xbfe5)
core   0: 0x8000b7d6 (0x00005f17) auipc   t5, 0x5
core   0: 3 0x8000b7d6 (0x00005f17) x30 0x800107d6
core   0: 0x8000b7da (0x823f2523) sw      gp, -2006(t5)
core   0: 3 0x8000b7da (0x823f2523) mem 0x80010000 0x00000001
core   0: 0x8000b7de (0x0000bfe5) c.j     pc - 8
core   0: 3 0x8000b7de (0xbfe5)
core   0: 0x8000b7d6 (0x00005f17) auipc   t5, 0x5
core   0: 3 0x8000b7d6 (0x00005f17) x30 0x800107d6
core   0: 0x8000b7da (0x823f2523) sw      gp, -2006(t5)
core   0: 3 0x8000b7da (0x823f2523) mem 0x80010000 0x00000001
core   0: 0x8000b7de (0x0000bfe5) c.j     pc - 8
core   0: 3 0x8000b7de (0xbfe5)
core   0: 0x8000b7d6 (0x00005f17) auipc   t5, 0x5
core   0: 3 0x8000b7d6 (0x00005f17) x30 0x800107d6
core   0: 0x8000b7da (0x823f2523) sw      gp, -2006(t5)
core   0: 3 0x8000b7da (0x823f2523) mem 0x80010000 0x00000001
core   0: 0x8000b7de (0x0000bfe5) c.j     pc - 8
core   0: 3 0x8000b7de (0xbfe5)
core   0: 0x8000b7d6 (0x00005f17) auipc   t5, 0x5
core   0: 3 0x8000b7d6 (0x00005f17) x30 0x800107d6
core   0: 0x8000b7da (0x823f2523) sw      gp, -2006(t5)
core   0: 3 0x8000b7da (0x823f2523) mem 0x80010000 0x00000001
core   0: 0x8000b7de (0x0000bfe5) c.j     pc - 8
core   0: 3 0x8000b7de (0xbfe5)
core   0: 0x8000b7d6 (0x00005f17) auipc   t5, 0x5
core   0: 3 0x8000b7d6 (0x00005f17) x30 0x800107d6
core   0: 0x8000b7da (0x823f2523) sw      gp, -2006(t5)
core   0: 3 0x8000b7da (0x823f2523) mem 0x80010000 0x00000001
core   0: 0x8000b7de (0x0000bfe5) c.j     pc - 8
core   0: 3 0x8000b7de (0xbfe5)
core   0: 0x8000b7d6 (0x00005f17) auipc   t5, 0x5
core   0: 3 0x8000b7d6 (0x00005f17) x30 0x800107d6
core   0: 0x8000b7da (0x823f2523) sw      gp, -2006(t5)
core   0: 3 0x8000b7da (0x823f2523) mem 0x80010000 0x00000001
core   0: 0x8000b7de (0x0000bfe5) c.j     pc - 8
core   0: 3 0x8000b7de (0xbfe5)
core   0: 0x8000b7d6 (0x00005f17) auipc   t5, 0x5
core   0: 3 0x8000b7d6 (0x00005f17) x30 0x800107d6
core   0: 0x8000b7da (0x823f2523) sw      gp, -2006(t5)
core   0: 3 0x8000b7da (0x823f2523) mem 0x80010000 0x00000001
core   0: 0x8000b7de (0x0000bfe5) c.j     pc - 8
core   0: 3 0x8000b7de (0xbfe5)
core   0: 0x8000b7d6 (0x00005f17) auipc   t5, 0x5
core   0: 3 0x8000b7d6 (0x00005f17) x30 0x800107d6
core   0: 0x8000b7da (0x823f2523) sw      gp, -2006(t5)
core   0: 3 0x8000b7da (0x823f2523) mem 0x80010000 0x00000001
core   0: 0x8000b7de (0x0000bfe5) c.j     pc - 8
core   0: 3 0x8000b7de (0xbfe5)
core   0: 0x8000b7d6 (0x00005f17) auipc   t5, 0x5
core   0: 3 0x8000b7d6 (0x00005f17) x30 0x800107d6
core   0: 0x8000b7da (0x823f2523) sw      gp, -2006(t5)
core   0: 3 0x8000b7da (0x823f2523) mem 0x80010000 0x00000001
core   0: 0x8000b7de (0x0000bfe5) c.j     pc - 8
core   0: 3 0x8000b7de (0xbfe5)
core   0: 0x8000b7d6 (0x00005f17) auipc   t5, 0x5
core   0: 3 0x8000b7d6 (0x00005f17) x30 0x800107d6
core   0: 0x8000b7da (0x823f2523) sw      gp, -2006(t5)
core   0: 3 0x8000b7da (0x823f2523) mem 0x80010000 0x00000001
core   0: 0x8000b7de (0x0000bfe5) c.j     pc - 8
core   0: 3 0x8000b7de (0xbfe5)
core   0: 0x8000b7d6 (0x00005f17) auipc   t5, 0x5
core   0: 3 0x8000b7d6 (0x00005f17) x30 0x800107d6
core   0: 0x8000b7da (0x823f2523) sw      gp, -2006(t5)
core   0: 3 0x8000b7da (0x823f2523) mem 0x80010000 0x00000001
core   0: 0x8000b7de (0x0000bfe5) c.j     pc - 8
core   0: 3 0x8000b7de (0xbfe5)
core   0: 0x8000b7d6 (0x00005f17) auipc   t5, 0x5
core   0: 3 0x8000b7d6 (0x00005f17) x30 0x800107d6
core   0: 0x8000b7da (0x823f2523) sw      gp, -2006(t5)
core   0: 3 0x8000b7da (0x823f2523) mem 0x80010000 0x00000001
core   0: 0x8000b7de (0x0000bfe5) c.j     pc - 8
core   0: 3 0x8000b7de (0xbfe5)
core   0: 0x8000b7d6 (0x00005f17) auipc   t5, 0x5
core   0: 3 0x8000b7d6 (0x00005f17) x30 0x800107d6
core   0: 0x8000b7da (0x823f2523) sw      gp, -2006(t5)
core   0: 3 0x8000b7da (0x823f2523) mem 0x80010000 0x00000001
core   0: 0x8000b7de (0x0000bfe5) c.j     pc - 8
core   0: 3 0x8000b7de (0xbfe5)
core   0: 0x8000b7d6 (0x00005f17) auipc   t5, 0x5
core   0: 3 0x8000b7d6 (0x00005f17) x30 0x800107d6
core   0: 0x8000b7da (0x823f2523) sw      gp, -2006(t5)
core   0: 3 0x8000b7da (0x823f2523) mem 0x80010000 0x00000001
core   0: 0x8000b7de (0x0000bfe5) c.j     pc - 8
core   0: 3 0x8000b7de (0xbfe5)
core   0: 0x8000b7d6 (0x00005f17) auipc   t5, 0x5
core   0: 3 0x8000b7d6 (0x00005f17) x30 0x800107d6
core   0: 0x8000b7da (0x823f2523) sw      gp, -2006(t5)
core   0: 3 0x8000b7da (0x823f2523) mem 0x80010000 0x00000001
core   0: 0x8000b7de (0x0000bfe5) c.j     pc - 8
core   0: 3 0x8000b7de (0xbfe5)
core   0: 0x8000b7d6 (0x00005f17) auipc   t5, 0x5
core   0: 3 0x8000b7d6 (0x00005f17) x30 0x800107d6
core   0: 0x8000b7da (0x823f2523) sw      gp, -2006(t5)
core   0: 3 0x8000b7da (0x823f2523) mem 0x80010000 0x00000001
core   0: 0x8000b7de (0x0000bfe5) c.j     pc - 8
core   0: 3 0x8000b7de (0xbfe5)
core   0: 0x8000b7d6 (0x00005f17) auipc   t5, 0x5
core   0: 3 0x8000b7d6 (0x00005f17) x30 0x800107d6
core   0: 0x8000b7da (0x823f2523) sw      gp, -2006(t5)
core   0: 3 0x8000b7da (0x823f2523) mem 0x80010000 0x00000001
core   0: 0x8000b7de (0x0000bfe5) c.j     pc - 8
core   0: 3 0x8000b7de (0xbfe5)
core   0: 0x8000b7d6 (0x00005f17) auipc   t5, 0x5
core   0: 3 0x8000b7d6 (0x00005f17) x30 0x800107d6
core   0: 0x8000b7da (0x823f2523) sw      gp, -2006(t5)
core   0: 3 0x8000b7da (0x823f2523) mem 0x80010000 0x00000001
core   0: 0x8000b7de (0x0000bfe5) c.j     pc - 8
core   0: 3 0x8000b7de (0xbfe5)
core   0: 0x8000b7d6 (0x00005f17) auipc   t5, 0x5
core   0: 3 0x8000b7d6 (0x00005f17) x30 0x800107d6
core   0: 0x8000b7da (0x823f2523) sw      gp, -2006(t5)
core   0: 3 0x8000b7da (0x823f2523) mem 0x80010000 0x00000001
core   0: 0x8000b7de (0x0000bfe5) c.j     pc - 8
core   0: 3 0x8000b7de (0xbfe5)
core   0: 0x8000b7d6 (0x00005f17) auipc   t5, 0x5
core   0: 3 0x8000b7d6 (0x00005f17) x30 0x800107d6
core   0: 0x8000b7da (0x823f2523) sw      gp, -2006(t5)
core   0: 3 0x8000b7da (0x823f2523) mem 0x80010000 0x00000001
core   0: 0x8000b7de (0x0000bfe5) c.j     pc - 8
core   0: 3 0x8000b7de (0xbfe5)
core   0: 0x8000b7d6 (0x00005f17) auipc   t5, 0x5
core   0: 3 0x8000b7d6 (0x00005f17) x30 0x800107d6
core   0: 0x8000b7da (0x823f2523) sw      gp, -2006(t5)
core   0: 3 0x8000b7da (0x823f2523) mem 0x80010000 0x00000001
core   0: 0x8000b7de (0x0000bfe5) c.j     pc - 8
core   0: 3 0x8000b7de (0xbfe5)
core   0: 0x8000b7d6 (0x00005f17) auipc   t5, 0x5
core   0: 3 0x8000b7d6 (0x00005f17) x30 0x800107d6
core   0: 0x8000b7da (0x823f2523) sw      gp, -2006(t5)
core   0: 3 0x8000b7da (0x823f2523) mem 0x80010000 0x00000001
core   0: 0x8000b7de (0x0000bfe5) c.j     pc - 8
core   0: 3 0x8000b7de (0xbfe5)
core   0: 0x8000b7d6 (0x00005f17) auipc   t5, 0x5
core   0: 3 0x8000b7d6 (0x00005f17) x30 0x800107d6
core   0: 0x8000b7da (0x823f2523) sw      gp, -2006(t5)
core   0: 3 0x8000b7da (0x823f2523) mem 0x80010000 0x00000001
core   0: 0x8000b7de (0x0000bfe5) c.j     pc - 8
core   0: 3 0x8000b7de (0xbfe5)
core   0: 0x8000b7d6 (0x00005f17) auipc   t5, 0x5
core   0: 3 0x8000b7d6 (0x00005f17) x30 0x800107d6
core   0: 0x8000b7da (0x823f2523) sw      gp, -2006(t5)
core   0: 3 0x8000b7da (0x823f2523) mem 0x80010000 0x00000001
core   0: 0x8000b7de (0x0000bfe5) c.j     pc - 8
core   0: 3 0x8000b7de (0xbfe5)
core   0: 0x8000b7d6 (0x00005f17) auipc   t5, 0x5
core   0: 3 0x8000b7d6 (0x00005f17) x30 0x800107d6
core   0: 0x8000b7da (0x823f2523) sw      gp, -2006(t5)
core   0: 3 0x8000b7da (0x823f2523) mem 0x80010000 0x00000001
core   0: 0x8000b7de (0x0000bfe5) c.j     pc - 8
core   0: 3 0x8000b7de (0xbfe5)
core   0: 0x8000b7d6 (0x00005f17) auipc   t5, 0x5
core   0: 3 0x8000b7d6 (0x00005f17) x30 0x800107d6
core   0: 0x8000b7da (0x823f2523) sw      gp, -2006(t5)
core   0: 3 0x8000b7da (0x823f2523) mem 0x80010000 0x00000001
core   0: 0x8000b7de (0x0000bfe5) c.j     pc - 8
core   0: 3 0x8000b7de (0xbfe5)
core   0: 0x8000b7d6 (0x00005f17) auipc   t5, 0x5
core   0: 3 0x8000b7d6 (0x00005f17) x30 0x800107d6
core   0: 0x8000b7da (0x823f2523) sw      gp, -2006(t5)
core   0: 3 0x8000b7da (0x823f2523) mem 0x80010000 0x00000001
core   0: 0x8000b7de (0x0000bfe5) c.j     pc - 8
core   0: 3 0x8000b7de (0xbfe5)
core   0: 0x8000b7d6 (0x00005f17) auipc   t5, 0x5
core   0: 3 0x8000b7d6 (0x00005f17) x30 0x800107d6
core   0: 0x8000b7da (0x823f2523) sw      gp, -2006(t5)
core   0: 3 0x8000b7da (0x823f2523) mem 0x80010000 0x00000001
core   0: 0x8000b7de (0x0000bfe5) c.j     pc - 8
core   0: 3 0x8000b7de (0xbfe5)
core   0: 0x8000b7d6 (0x00005f17) auipc   t5, 0x5
core   0: 3 0x8000b7d6 (0x00005f17) x30 0x800107d6
core   0: 0x8000b7da (0x823f2523) sw      gp, -2006(t5)
core   0: 3 0x8000b7da (0x823f2523) mem 0x80010000 0x00000001
core   0: 0x8000b7de (0x0000bfe5) c.j     pc - 8
core   0: 3 0x8000b7de (0xbfe5)
core   0: 0x8000b7d6 (0x00005f17) auipc   t5, 0x5
core   0: 3 0x8000b7d6 (0x00005f17) x30 0x800107d6
core   0: 0x8000b7da (0x823f2523) sw      gp, -2006(t5)
core   0: 3 0x8000b7da (0x823f2523) mem 0x80010000 0x00000001
core   0: 0x8000b7de (0x0000bfe5) c.j     pc - 8
core   0: 3 0x8000b7de (0xbfe5)
core   0: 0x8000b7d6 (0x00005f17) auipc   t5, 0x5
core   0: 3 0x8000b7d6 (0x00005f17) x30 0x800107d6
core   0: 0x8000b7da (0x823f2523) sw      gp, -2006(t5)
core   0: 3 0x8000b7da (0x823f2523) mem 0x80010000 0x00000001
core   0: 0x8000b7de (0x0000bfe5) c.j     pc - 8
core   0: 3 0x8000b7de (0xbfe5)
core   0: 0x8000b7d6 (0x00005f17) auipc   t5, 0x5
core   0: 3 0x8000b7d6 (0x00005f17) x30 0x800107d6
core   0: 0x8000b7da (0x823f2523) sw      gp, -2006(t5)
core   0: 3 0x8000b7da (0x823f2523) mem 0x80010000 0x00000001
core   0: 0x8000b7de (0x0000bfe5) c.j     pc - 8
core   0: 3 0x8000b7de (0xbfe5)
core   0: 0x8000b7d6 (0x00005f17) auipc   t5, 0x5
core   0: 3 0x8000b7d6 (0x00005f17) x30 0x800107d6
core   0: 0x8000b7da (0x823f2523) sw      gp, -2006(t5)
core   0: 3 0x8000b7da (0x823f2523) mem 0x80010000 0x00000001
core   0: 0x8000b7de (0x0000bfe5) c.j     pc - 8
core   0: 3 0x8000b7de (0xbfe5)
core   0: 0x8000b7d6 (0x00005f17) auipc   t5, 0x5
core   0: 3 0x8000b7d6 (0x00005f17) x30 0x800107d6
core   0: 0x8000b7da (0x823f2523) sw      gp, -2006(t5)
core   0: 3 0x8000b7da (0x823f2523) mem 0x80010000 0x00000001
core   0: 0x8000b7de (0x0000bfe5) c.j     pc - 8
core   0: 3 0x8000b7de (0xbfe5)
core   0: 0x8000b7d6 (0x00005f17) auipc   t5, 0x5
core   0: 3 0x8000b7d6 (0x00005f17) x30 0x800107d6
core   0: 0x8000b7da (0x823f2523) sw      gp, -2006(t5)
core   0: 3 0x8000b7da (0x823f2523) mem 0x80010000 0x00000001
core   0: 0x8000b7de (0x0000bfe5) c.j     pc - 8
core   0: 3 0x8000b7de (0xbfe5)
core   0: 0x8000b7d6 (0x00005f17) auipc   t5, 0x5
core   0: 3 0x8000b7d6 (0x00005f17) x30 0x800107d6
core   0: 0x8000b7da (0x823f2523) sw      gp, -2006(t5)
core   0: 3 0x8000b7da (0x823f2523) mem 0x80010000 0x00000001
core   0: 0x8000b7de (0x0000bfe5) c.j     pc - 8
core   0: 3 0x8000b7de (0xbfe5)
core   0: 0x8000b7d6 (0x00005f17) auipc   t5, 0x5
core   0: 3 0x8000b7d6 (0x00005f17) x30 0x800107d6
core   0: 0x8000b7da (0x823f2523) sw      gp, -2006(t5)
core   0: 3 0x8000b7da (0x823f2523) mem 0x80010000 0x00000001
core   0: 0x8000b7de (0x0000bfe5) c.j     pc - 8
core   0: 3 0x8000b7de (0xbfe5)
core   0: 0x8000b7d6 (0x00005f17) auipc   t5, 0x5
core   0: 3 0x8000b7d6 (0x00005f17) x30 0x800107d6
core   0: 0x8000b7da (0x823f2523) sw      gp, -2006(t5)
core   0: 3 0x8000b7da (0x823f2523) mem 0x80010000 0x00000001
core   0: 0x8000b7de (0x0000bfe5) c.j     pc - 8
core   0: 3 0x8000b7de (0xbfe5)
core   0: 0x8000b7d6 (0x00005f17) auipc   t5, 0x5
core   0: 3 0x8000b7d6 (0x00005f17) x30 0x800107d6
core   0: 0x8000b7da (0x823f2523) sw      gp, -2006(t5)
core   0: 3 0x8000b7da (0x823f2523) mem 0x80010000 0x00000001
core   0: 0x8000b7de (0x0000bfe5) c.j     pc - 8
core   0: 3 0x8000b7de (0xbfe5)
core   0: 0x8000b7d6 (0x00005f17) auipc   t5, 0x5
core   0: 3 0x8000b7d6 (0x00005f17) x30 0x800107d6
core   0: 0x8000b7da (0x823f2523) sw      gp, -2006(t5)
core   0: 3 0x8000b7da (0x823f2523) mem 0x80010000 0x00000001
core   0: 0x8000b7de (0x0000bfe5) c.j     pc - 8
core   0: 3 0x8000b7de (0xbfe5)
core   0: 0x8000b7d6 (0x00005f17) auipc   t5, 0x5
core   0: 3 0x8000b7d6 (0x00005f17) x30 0x800107d6
core   0: 0x8000b7da (0x823f2523) sw      gp, -2006(t5)
core   0: 3 0x8000b7da (0x823f2523) mem 0x80010000 0x00000001
core   0: 0x8000b7de (0x0000bfe5) c.j     pc - 8
core   0: 3 0x8000b7de (0xbfe5)
core   0: 0x8000b7d6 (0x00005f17) auipc   t5, 0x5
core   0: 3 0x8000b7d6 (0x00005f17) x30 0x800107d6
core   0: 0x8000b7da (0x823f2523) sw      gp, -2006(t5)
core   0: 3 0x8000b7da (0x823f2523) mem 0x80010000 0x00000001
core   0: 0x8000b7de (0x0000bfe5) c.j     pc - 8
core   0: 3 0x8000b7de (0xbfe5)
core   0: 0x8000b7d6 (0x00005f17) auipc   t5, 0x5
core   0: 3 0x8000b7d6 (0x00005f17) x30 0x800107d6
core   0: 0x8000b7da (0x823f2523) sw      gp, -2006(t5)
core   0: 3 0x8000b7da (0x823f2523) mem 0x80010000 0x00000001
core   0: 0x8000b7de (0x0000bfe5) c.j     pc - 8
core   0: 3 0x8000b7de (0xbfe5)
core   0: 0x8000b7d6 (0x00005f17) auipc   t5, 0x5
core   0: 3 0x8000b7d6 (0x00005f17) x30 0x800107d6
core   0: 0x8000b7da (0x823f2523) sw      gp, -2006(t5)
core   0: 3 0x8000b7da (0x823f2523) mem 0x80010000 0x00000001
core   0: 0x8000b7de (0x0000bfe5) c.j     pc - 8
core   0: 3 0x8000b7de (0xbfe5)
core   0: 0x8000b7d6 (0x00005f17) auipc   t5, 0x5
core   0: 3 0x8000b7d6 (0x00005f17) x30 0x800107d6
core   0: 0x8000b7da (0x823f2523) sw      gp, -2006(t5)
core   0: 3 0x8000b7da (0x823f2523) mem 0x80010000 0x00000001
core   0: 0x8000b7de (0x0000bfe5) c.j     pc - 8
core   0: 3 0x8000b7de (0xbfe5)
core   0: 0x8000b7d6 (0x00005f17) auipc   t5, 0x5
core   0: 3 0x8000b7d6 (0x00005f17) x30 0x800107d6
core   0: 0x8000b7da (0x823f2523) sw      gp, -2006(t5)
core   0: 3 0x8000b7da (0x823f2523) mem 0x80010000 0x00000001
core   0: 0x8000b7de (0x0000bfe5) c.j     pc - 8
core   0: 3 0x8000b7de (0xbfe5)
core   0: 0x8000b7d6 (0x00005f17) auipc   t5, 0x5
core   0: 3 0x8000b7d6 (0x00005f17) x30 0x800107d6
core   0: 0x8000b7da (0x823f2523) sw      gp, -2006(t5)
core   0: 3 0x8000b7da (0x823f2523) mem 0x80010000 0x00000001
core   0: 0x8000b7de (0x0000bfe5) c.j     pc - 8
core   0: 3 0x8000b7de (0xbfe5)
core   0: 0x8000b7d6 (0x00005f17) auipc   t5, 0x5
core   0: 3 0x8000b7d6 (0x00005f17) x30 0x800107d6
core   0: 0x8000b7da (0x823f2523) sw      gp, -2006(t5)
core   0: 3 0x8000b7da (0x823f2523) mem 0x80010000 0x00000001
core   0: 0x8000b7de (0x0000bfe5) c.j     pc - 8
core   0: 3 0x8000b7de (0xbfe5)
core   0: 0x8000b7d6 (0x00005f17) auipc   t5, 0x5
core   0: 3 0x8000b7d6 (0x00005f17) x30 0x800107d6
core   0: 0x8000b7da (0x823f2523) sw      gp, -2006(t5)
core   0: 3 0x8000b7da (0x823f2523) mem 0x80010000 0x00000001
core   0: 0x8000b7de (0x0000bfe5) c.j     pc - 8
core   0: 3 0x8000b7de (0xbfe5)
core   0: 0x8000b7d6 (0x00005f17) auipc   t5, 0x5
core   0: 3 0x8000b7d6 (0x00005f17) x30 0x800107d6
core   0: 0x8000b7da (0x823f2523) sw      gp, -2006(t5)
core   0: 3 0x8000b7da (0x823f2523) mem 0x80010000 0x00000001
core   0: 0x8000b7de (0x0000bfe5) c.j     pc - 8
core   0: 3 0x8000b7de (0xbfe5)
core   0: 0x8000b7d6 (0x00005f17) auipc   t5, 0x5
core   0: 3 0x8000b7d6 (0x00005f17) x30 0x800107d6
core   0: 0x8000b7da (0x823f2523) sw      gp, -2006(t5)
core   0: 3 0x8000b7da (0x823f2523) mem 0x80010000 0x00000001
core   0: 0x8000b7de (0x0000bfe5) c.j     pc - 8
core   0: 3 0x8000b7de (0xbfe5)
core   0: 0x8000b7d6 (0x00005f17) auipc   t5, 0x5
core   0: 3 0x8000b7d6 (0x00005f17) x30 0x800107d6
core   0: 0x8000b7da (0x823f2523) sw      gp, -2006(t5)
core   0: 3 0x8000b7da (0x823f2523) mem 0x80010000 0x00000001
core   0: 0x8000b7de (0x0000bfe5) c.j     pc - 8
core   0: 3 0x8000b7de (0xbfe5)
core   0: 0x8000b7d6 (0x00005f17) auipc   t5, 0x5
core   0: 3 0x8000b7d6 (0x00005f17) x30 0x800107d6
core   0: 0x8000b7da (0x823f2523) sw      gp, -2006(t5)
core   0: 3 0x8000b7da (0x823f2523) mem 0x80010000 0x00000001
core   0: 0x8000b7de (0x0000bfe5) c.j     pc - 8
core   0: 3 0x8000b7de (0xbfe5)
core   0: 0x8000b7d6 (0x00005f17) auipc   t5, 0x5
core   0: 3 0x8000b7d6 (0x00005f17) x30 0x800107d6
core   0: 0x8000b7da (0x823f2523) sw      gp, -2006(t5)
core   0: 3 0x8000b7da (0x823f2523) mem 0x80010000 0x00000001
core   0: 0x8000b7de (0x0000bfe5) c.j     pc - 8
core   0: 3 0x8000b7de (0xbfe5)
core   0: 0x8000b7d6 (0x00005f17) auipc   t5, 0x5
core   0: 3 0x8000b7d6 (0x00005f17) x30 0x800107d6
core   0: 0x8000b7da (0x823f2523) sw      gp, -2006(t5)
core   0: 3 0x8000b7da (0x823f2523) mem 0x80010000 0x00000001
core   0: 0x8000b7de (0x0000bfe5) c.j     pc - 8
core   0: 3 0x8000b7de (0xbfe5)
core   0: 0x8000b7d6 (0x00005f17) auipc   t5, 0x5
core   0: 3 0x8000b7d6 (0x00005f17) x30 0x800107d6
core   0: 0x8000b7da (0x823f2523) sw      gp, -2006(t5)
core   0: 3 0x8000b7da (0x823f2523) mem 0x80010000 0x00000001
core   0: 0x8000b7de (0x0000bfe5) c.j     pc - 8
core   0: 3 0x8000b7de (0xbfe5)
core   0: 0x8000b7d6 (0x00005f17) auipc   t5, 0x5
core   0: 3 0x8000b7d6 (0x00005f17) x30 0x800107d6
core   0: 0x8000b7da (0x823f2523) sw      gp, -2006(t5)
core   0: 3 0x8000b7da (0x823f2523) mem 0x80010000 0x00000001
core   0: 0x8000b7de (0x0000bfe5) c.j     pc - 8
core   0: 3 0x8000b7de (0xbfe5)
core   0: 0x8000b7d6 (0x00005f17) auipc   t5, 0x5
core   0: 3 0x8000b7d6 (0x00005f17) x30 0x800107d6
core   0: 0x8000b7da (0x823f2523) sw      gp, -2006(t5)
core   0: 3 0x8000b7da (0x823f2523) mem 0x80010000 0x00000001
core   0: 0x8000b7de (0x0000bfe5) c.j     pc - 8
core   0: 3 0x8000b7de (0xbfe5)
core   0: 0x8000b7d6 (0x00005f17) auipc   t5, 0x5
core   0: 3 0x8000b7d6 (0x00005f17) x30 0x800107d6
core   0: 0x8000b7da (0x823f2523) sw      gp, -2006(t5)
core   0: 3 0x8000b7da (0x823f2523) mem 0x80010000 0x00000001
core   0: 0x8000b7de (0x0000bfe5) c.j     pc - 8
core   0: 3 0x8000b7de (0xbfe5)
core   0: 0x8000b7d6 (0x00005f17) auipc   t5, 0x5
core   0: 3 0x8000b7d6 (0x00005f17) x30 0x800107d6
core   0: 0x8000b7da (0x823f2523) sw      gp, -2006(t5)
core   0: 3 0x8000b7da (0x823f2523) mem 0x80010000 0x00000001
core   0: 0x8000b7de (0x0000bfe5) c.j     pc - 8
core   0: 3 0x8000b7de (0xbfe5)
core   0: 0x8000b7d6 (0x00005f17) auipc   t5, 0x5
core   0: 3 0x8000b7d6 (0x00005f17) x30 0x800107d6
core   0: 0x8000b7da (0x823f2523) sw      gp, -2006(t5)
core   0: 3 0x8000b7da (0x823f2523) mem 0x80010000 0x00000001
core   0: 0x8000b7de (0x0000bfe5) c.j     pc - 8
core   0: 3 0x8000b7de (0xbfe5)
core   0: 0x8000b7d6 (0x00005f17) auipc   t5, 0x5
core   0: 3 0x8000b7d6 (0x00005f17) x30 0x800107d6
core   0: 0x8000b7da (0x823f2523) sw      gp, -2006(t5)
core   0: 3 0x8000b7da (0x823f2523) mem 0x80010000 0x00000001
core   0: 0x8000b7de (0x0000bfe5) c.j     pc - 8
core   0: 3 0x8000b7de (0xbfe5)
core   0: 0x8000b7d6 (0x00005f17) auipc   t5, 0x5
core   0: 3 0x8000b7d6 (0x00005f17) x30 0x800107d6
core   0: 0x8000b7da (0x823f2523) sw      gp, -2006(t5)
core   0: 3 0x8000b7da (0x823f2523) mem 0x80010000 0x00000001
core   0: 0x8000b7de (0x0000bfe5) c.j     pc - 8
core   0: 3 0x8000b7de (0xbfe5)
core   0: 0x8000b7d6 (0x00005f17) auipc   t5, 0x5
core   0: 3 0x8000b7d6 (0x00005f17) x30 0x800107d6
core   0: 0x8000b7da (0x823f2523) sw      gp, -2006(t5)
core   0: 3 0x8000b7da (0x823f2523) mem 0x80010000 0x00000001
core   0: 0x8000b7de (0x0000bfe5) c.j     pc - 8
core   0: 3 0x8000b7de (0xbfe5)
core   0: 0x8000b7d6 (0x00005f17) auipc   t5, 0x5
core   0: 3 0x8000b7d6 (0x00005f17) x30 0x800107d6
core   0: 0x8000b7da (0x823f2523) sw      gp, -2006(t5)
core   0: 3 0x8000b7da (0x823f2523) mem 0x80010000 0x00000001
core   0: 0x8000b7de (0x0000bfe5) c.j     pc - 8
core   0: 3 0x8000b7de (0xbfe5)
core   0: 0x8000b7d6 (0x00005f17) auipc   t5, 0x5
core   0: 3 0x8000b7d6 (0x00005f17) x30 0x800107d6
core   0: 0x8000b7da (0x823f2523) sw      gp, -2006(t5)
core   0: 3 0x8000b7da (0x823f2523) mem 0x80010000 0x00000001
core   0: 0x8000b7de (0x0000bfe5) c.j     pc - 8
core   0: 3 0x8000b7de (0xbfe5)
core   0: 0x8000b7d6 (0x00005f17) auipc   t5, 0x5
core   0: 3 0x8000b7d6 (0x00005f17) x30 0x800107d6
core   0: 0x8000b7da (0x823f2523) sw      gp, -2006(t5)
core   0: 3 0x8000b7da (0x823f2523) mem 0x80010000 0x00000001
core   0: 0x8000b7de (0x0000bfe5) c.j     pc - 8
core   0: 3 0x8000b7de (0xbfe5)
core   0: 0x8000b7d6 (0x00005f17) auipc   t5, 0x5
core   0: 3 0x8000b7d6 (0x00005f17) x30 0x800107d6
core   0: 0x8000b7da (0x823f2523) sw      gp, -2006(t5)
core   0: 3 0x8000b7da (0x823f2523) mem 0x80010000 0x00000001
core   0: 0x8000b7de (0x0000bfe5) c.j     pc - 8
core   0: 3 0x8000b7de (0xbfe5)
core   0: 0x8000b7d6 (0x00005f17) auipc   t5, 0x5
core   0: 3 0x8000b7d6 (0x00005f17) x30 0x800107d6
core   0: 0x8000b7da (0x823f2523) sw      gp, -2006(t5)
core   0: 3 0x8000b7da (0x823f2523) mem 0x80010000 0x00000001
core   0: 0x8000b7de (0x0000bfe5) c.j     pc - 8
core   0: 3 0x8000b7de (0xbfe5)
core   0: 0x8000b7d6 (0x00005f17) auipc   t5, 0x5
core   0: 3 0x8000b7d6 (0x00005f17) x30 0x800107d6
core   0: 0x8000b7da (0x823f2523) sw      gp, -2006(t5)
core   0: 3 0x8000b7da (0x823f2523) mem 0x80010000 0x00000001
core   0: 0x8000b7de (0x0000bfe5) c.j     pc - 8
core   0: 3 0x8000b7de (0xbfe5)
core   0: 0x8000b7d6 (0x00005f17) auipc   t5, 0x5
core   0: 3 0x8000b7d6 (0x00005f17) x30 0x800107d6
core   0: 0x8000b7da (0x823f2523) sw      gp, -2006(t5)
core   0: 3 0x8000b7da (0x823f2523) mem 0x80010000 0x00000001
core   0: 0x8000b7de (0x0000bfe5) c.j     pc - 8
core   0: 3 0x8000b7de (0xbfe5)
core   0: 0x8000b7d6 (0x00005f17) auipc   t5, 0x5
core   0: 3 0x8000b7d6 (0x00005f17) x30 0x800107d6
core   0: 0x8000b7da (0x823f2523) sw      gp, -2006(t5)
core   0: 3 0x8000b7da (0x823f2523) mem 0x80010000 0x00000001
core   0: 0x8000b7de (0x0000bfe5) c.j     pc - 8
core   0: 3 0x8000b7de (0xbfe5)
core   0: 0x8000b7d6 (0x00005f17) auipc   t5, 0x5
core   0: 3 0x8000b7d6 (0x00005f17) x30 0x800107d6
core   0: 0x8000b7da (0x823f2523) sw      gp, -2006(t5)
core   0: 3 0x8000b7da (0x823f2523) mem 0x80010000 0x00000001
core   0: 0x8000b7de (0x0000bfe5) c.j     pc - 8
core   0: 3 0x8000b7de (0xbfe5)
core   0: 0x8000b7d6 (0x00005f17) auipc   t5, 0x5
core   0: 3 0x8000b7d6 (0x00005f17) x30 0x800107d6
core   0: 0x8000b7da (0x823f2523) sw      gp, -2006(t5)
core   0: 3 0x8000b7da (0x823f2523) mem 0x80010000 0x00000001
core   0: 0x8000b7de (0x0000bfe5) c.j     pc - 8
core   0: 3 0x8000b7de (0xbfe5)
core   0: 0x8000b7d6 (0x00005f17) auipc   t5, 0x5
core   0: 3 0x8000b7d6 (0x00005f17) x30 0x800107d6
core   0: 0x8000b7da (0x823f2523) sw      gp, -2006(t5)
core   0: 3 0x8000b7da (0x823f2523) mem 0x80010000 0x00000001
core   0: 0x8000b7de (0x0000bfe5) c.j     pc - 8
core   0: 3 0x8000b7de (0xbfe5)
core   0: 0x8000b7d6 (0x00005f17) auipc   t5, 0x5
core   0: 3 0x8000b7d6 (0x00005f17) x30 0x800107d6
core   0: 0x8000b7da (0x823f2523) sw      gp, -2006(t5)
core   0: 3 0x8000b7da (0x823f2523) mem 0x80010000 0x00000001
core   0: 0x8000b7de (0x0000bfe5) c.j     pc - 8
core   0: 3 0x8000b7de (0xbfe5)
core   0: 0x8000b7d6 (0x00005f17) auipc   t5, 0x5
core   0: 3 0x8000b7d6 (0x00005f17) x30 0x800107d6
core   0: 0x8000b7da (0x823f2523) sw      gp, -2006(t5)
core   0: 3 0x8000b7da (0x823f2523) mem 0x80010000 0x00000001
core   0: 0x8000b7de (0x0000bfe5) c.j     pc - 8
core   0: 3 0x8000b7de (0xbfe5)
core   0: 0x8000b7d6 (0x00005f17) auipc   t5, 0x5
core   0: 3 0x8000b7d6 (0x00005f17) x30 0x800107d6
core   0: 0x8000b7da (0x823f2523) sw      gp, -2006(t5)
core   0: 3 0x8000b7da (0x823f2523) mem 0x80010000 0x00000001
core   0: 0x8000b7de (0x0000bfe5) c.j     pc - 8
core   0: 3 0x8000b7de (0xbfe5)
core   0: 0x8000b7d6 (0x00005f17) auipc   t5, 0x5
core   0: 3 0x8000b7d6 (0x00005f17) x30 0x800107d6
core   0: 0x8000b7da (0x823f2523) sw      gp, -2006(t5)
core   0: 3 0x8000b7da (0x823f2523) mem 0x80010000 0x00000001
core   0: 0x8000b7de (0x0000bfe5) c.j     pc - 8
core   0: 3 0x8000b7de (0xbfe5)
core   0: 0x8000b7d6 (0x00005f17) auipc   t5, 0x5
core   0: 3 0x8000b7d6 (0x00005f17) x30 0x800107d6
core   0: 0x8000b7da (0x823f2523) sw      gp, -2006(t5)
core   0: 3 0x8000b7da (0x823f2523) mem 0x80010000 0x00000001
core   0: 0x8000b7de (0x0000bfe5) c.j     pc - 8
core   0: 3 0x8000b7de (0xbfe5)
core   0: 0x8000b7d6 (0x00005f17) auipc   t5, 0x5
core   0: 3 0x8000b7d6 (0x00005f17) x30 0x800107d6
core   0: 0x8000b7da (0x823f2523) sw      gp, -2006(t5)
core   0: 3 0x8000b7da (0x823f2523) mem 0x80010000 0x00000001
core   0: 0x8000b7de (0x0000bfe5) c.j     pc - 8
core   0: 3 0x8000b7de (0xbfe5)
core   0: 0x8000b7d6 (0x00005f17) auipc   t5, 0x5
core   0: 3 0x8000b7d6 (0x00005f17) x30 0x800107d6
core   0: 0x8000b7da (0x823f2523) sw      gp, -2006(t5)
core   0: 3 0x8000b7da (0x823f2523) mem 0x80010000 0x00000001
core   0: 0x8000b7de (0x0000bfe5) c.j     pc - 8
core   0: 3 0x8000b7de (0xbfe5)
core   0: 0x8000b7d6 (0x00005f17) auipc   t5, 0x5
core   0: 3 0x8000b7d6 (0x00005f17) x30 0x800107d6
core   0: 0x8000b7da (0x823f2523) sw      gp, -2006(t5)
core   0: 3 0x8000b7da (0x823f2523) mem 0x80010000 0x00000001
core   0: 0x8000b7de (0x0000bfe5) c.j     pc - 8
core   0: 3 0x8000b7de (0xbfe5)
core   0: 0x8000b7d6 (0x00005f17) auipc   t5, 0x5
core   0: 3 0x8000b7d6 (0x00005f17) x30 0x800107d6
core   0: 0x8000b7da (0x823f2523) sw      gp, -2006(t5)
core   0: 3 0x8000b7da (0x823f2523) mem 0x80010000 0x00000001
core   0: 0x8000b7de (0x0000bfe5) c.j     pc - 8
core   0: 3 0x8000b7de (0xbfe5)
core   0: 0x8000b7d6 (0x00005f17) auipc   t5, 0x5
core   0: 3 0x8000b7d6 (0x00005f17) x30 0x800107d6
core   0: 0x8000b7da (0x823f2523) sw      gp, -2006(t5)
core   0: 3 0x8000b7da (0x823f2523) mem 0x80010000 0x00000001
core   0: 0x8000b7de (0x0000bfe5) c.j     pc - 8
core   0: 3 0x8000b7de (0xbfe5)
core   0: 0x8000b7d6 (0x00005f17) auipc   t5, 0x5
core   0: 3 0x8000b7d6 (0x00005f17) x30 0x800107d6
core   0: 0x8000b7da (0x823f2523) sw      gp, -2006(t5)
core   0: 3 0x8000b7da (0x823f2523) mem 0x80010000 0x00000001
core   0: 0x8000b7de (0x0000bfe5) c.j     pc - 8
core   0: 3 0x8000b7de (0xbfe5)
core   0: 0x8000b7d6 (0x00005f17) auipc   t5, 0x5
core   0: 3 0x8000b7d6 (0x00005f17) x30 0x800107d6
core   0: 0x8000b7da (0x823f2523) sw      gp, -2006(t5)
core   0: 3 0x8000b7da (0x823f2523) mem 0x80010000 0x00000001
core   0: 0x8000b7de (0x0000bfe5) c.j     pc - 8
core   0: 3 0x8000b7de (0xbfe5)
core   0: 0x8000b7d6 (0x00005f17) auipc   t5, 0x5
core   0: 3 0x8000b7d6 (0x00005f17) x30 0x800107d6
core   0: 0x8000b7da (0x823f2523) sw      gp, -2006(t5)
core   0: 3 0x8000b7da (0x823f2523) mem 0x80010000 0x00000001
core   0: 0x8000b7de (0x0000bfe5) c.j     pc - 8
core   0: 3 0x8000b7de (0xbfe5)
core   0: 0x8000b7d6 (0x00005f17) auipc   t5, 0x5
core   0: 3 0x8000b7d6 (0x00005f17) x30 0x800107d6
core   0: 0x8000b7da (0x823f2523) sw      gp, -2006(t5)
core   0: 3 0x8000b7da (0x823f2523) mem 0x80010000 0x00000001
core   0: 0x8000b7de (0x0000bfe5) c.j     pc - 8
core   0: 3 0x8000b7de (0xbfe5)
core   0: 0x8000b7d6 (0x00005f17) auipc   t5, 0x5
core   0: 3 0x8000b7d6 (0x00005f17) x30 0x800107d6
core   0: 0x8000b7da (0x823f2523) sw      gp, -2006(t5)
core   0: 3 0x8000b7da (0x823f2523) mem 0x80010000 0x00000001
core   0: 0x8000b7de (0x0000bfe5) c.j     pc - 8
core   0: 3 0x8000b7de (0xbfe5)
core   0: 0x8000b7d6 (0x00005f17) auipc   t5, 0x5
core   0: 3 0x8000b7d6 (0x00005f17) x30 0x800107d6
core   0: 0x8000b7da (0x823f2523) sw      gp, -2006(t5)
core   0: 3 0x8000b7da (0x823f2523) mem 0x80010000 0x00000001
core   0: 0x8000b7de (0x0000bfe5) c.j     pc - 8
core   0: 3 0x8000b7de (0xbfe5)
core   0: 0x8000b7d6 (0x00005f17) auipc   t5, 0x5
core   0: 3 0x8000b7d6 (0x00005f17) x30 0x800107d6
core   0: 0x8000b7da (0x823f2523) sw      gp, -2006(t5)
core   0: 3 0x8000b7da (0x823f2523) mem 0x80010000 0x00000001
core   0: 0x8000b7de (0x0000bfe5) c.j     pc - 8
core   0: 3 0x8000b7de (0xbfe5)
core   0: 0x8000b7d6 (0x00005f17) auipc   t5, 0x5
core   0: 3 0x8000b7d6 (0x00005f17) x30 0x800107d6
core   0: 0x8000b7da (0x823f2523) sw      gp, -2006(t5)
core   0: 3 0x8000b7da (0x823f2523) mem 0x80010000 0x00000001
core   0: 0x8000b7de (0x0000bfe5) c.j     pc - 8
core   0: 3 0x8000b7de (0xbfe5)
core   0: 0x8000b7d6 (0x00005f17) auipc   t5, 0x5
core   0: 3 0x8000b7d6 (0x00005f17) x30 0x800107d6
core   0: 0x8000b7da (0x823f2523) sw      gp, -2006(t5)
core   0: 3 0x8000b7da (0x823f2523) mem 0x80010000 0x00000001
core   0: 0x8000b7de (0x0000bfe5) c.j     pc - 8
core   0: 3 0x8000b7de (0xbfe5)
core   0: 0x8000b7d6 (0x00005f17) auipc   t5, 0x5
core   0: 3 0x8000b7d6 (0x00005f17) x30 0x800107d6
core   0: 0x8000b7da (0x823f2523) sw      gp, -2006(t5)
core   0: 3 0x8000b7da (0x823f2523) mem 0x80010000 0x00000001
core   0: 0x8000b7de (0x0000bfe5) c.j     pc - 8
core   0: 3 0x8000b7de (0xbfe5)
core   0: 0x8000b7d6 (0x00005f17) auipc   t5, 0x5
core   0: 3 0x8000b7d6 (0x00005f17) x30 0x800107d6
core   0: 0x8000b7da (0x823f2523) sw      gp, -2006(t5)
core   0: 3 0x8000b7da (0x823f2523) mem 0x80010000 0x00000001
core   0: 0x8000b7de (0x0000bfe5) c.j     pc - 8
core   0: 3 0x8000b7de (0xbfe5)
core   0: 0x8000b7d6 (0x00005f17) auipc   t5, 0x5
core   0: 3 0x8000b7d6 (0x00005f17) x30 0x800107d6
core   0: 0x8000b7da (0x823f2523) sw      gp, -2006(t5)
core   0: 3 0x8000b7da (0x823f2523) mem 0x80010000 0x00000001
core   0: 0x8000b7de (0x0000bfe5) c.j     pc - 8
core   0: 3 0x8000b7de (0xbfe5)
core   0: 0x8000b7d6 (0x00005f17) auipc   t5, 0x5
core   0: 3 0x8000b7d6 (0x00005f17) x30 0x800107d6
core   0: 0x8000b7da (0x823f2523) sw      gp, -2006(t5)
core   0: 3 0x8000b7da (0x823f2523) mem 0x80010000 0x00000001
core   0: 0x8000b7de (0x0000bfe5) c.j     pc - 8
core   0: 3 0x8000b7de (0xbfe5)
core   0: 0x8000b7d6 (0x00005f17) auipc   t5, 0x5
core   0: 3 0x8000b7d6 (0x00005f17) x30 0x800107d6
core   0: 0x8000b7da (0x823f2523) sw      gp, -2006(t5)
core   0: 3 0x8000b7da (0x823f2523) mem 0x80010000 0x00000001
core   0: 0x8000b7de (0x0000bfe5) c.j     pc - 8
core   0: 3 0x8000b7de (0xbfe5)
core   0: 0x8000b7d6 (0x00005f17) auipc   t5, 0x5
core   0: 3 0x8000b7d6 (0x00005f17) x30 0x800107d6
core   0: 0x8000b7da (0x823f2523) sw      gp, -2006(t5)
core   0: 3 0x8000b7da (0x823f2523) mem 0x80010000 0x00000001
core   0: 0x8000b7de (0x0000bfe5) c.j     pc - 8
core   0: 3 0x8000b7de (0xbfe5)
core   0: 0x8000b7d6 (0x00005f17) auipc   t5, 0x5
core   0: 3 0x8000b7d6 (0x00005f17) x30 0x800107d6
core   0: 0x8000b7da (0x823f2523) sw      gp, -2006(t5)
core   0: 3 0x8000b7da (0x823f2523) mem 0x80010000 0x00000001
core   0: 0x8000b7de (0x0000bfe5) c.j     pc - 8
core   0: 3 0x8000b7de (0xbfe5)
core   0: 0x8000b7d6 (0x00005f17) auipc   t5, 0x5
core   0: 3 0x8000b7d6 (0x00005f17) x30 0x800107d6
core   0: 0x8000b7da (0x823f2523) sw      gp, -2006(t5)
core   0: 3 0x8000b7da (0x823f2523) mem 0x80010000 0x00000001
core   0: 0x8000b7de (0x0000bfe5) c.j     pc - 8
core   0: 3 0x8000b7de (0xbfe5)
core   0: 0x8000b7d6 (0x00005f17) auipc   t5, 0x5
core   0: 3 0x8000b7d6 (0x00005f17) x30 0x800107d6
core   0: 0x8000b7da (0x823f2523) sw      gp, -2006(t5)
core   0: 3 0x8000b7da (0x823f2523) mem 0x80010000 0x00000001
core   0: 0x8000b7de (0x0000bfe5) c.j     pc - 8
core   0: 3 0x8000b7de (0xbfe5)
core   0: 0x8000b7d6 (0x00005f17) auipc   t5, 0x5
core   0: 3 0x8000b7d6 (0x00005f17) x30 0x800107d6
core   0: 0x8000b7da (0x823f2523) sw      gp, -2006(t5)
core   0: 3 0x8000b7da (0x823f2523) mem 0x80010000 0x00000001
core   0: 0x8000b7de (0x0000bfe5) c.j     pc - 8
core   0: 3 0x8000b7de (0xbfe5)
core   0: 0x8000b7d6 (0x00005f17) auipc   t5, 0x5
core   0: 3 0x8000b7d6 (0x00005f17) x30 0x800107d6
core   0: 0x8000b7da (0x823f2523) sw      gp, -2006(t5)
core   0: 3 0x8000b7da (0x823f2523) mem 0x80010000 0x00000001
core   0: 0x8000b7de (0x0000bfe5) c.j     pc - 8
core   0: 3 0x8000b7de (0xbfe5)
core   0: 0x8000b7d6 (0x00005f17) auipc   t5, 0x5
core   0: 3 0x8000b7d6 (0x00005f17) x30 0x800107d6
core   0: 0x8000b7da (0x823f2523) sw      gp, -2006(t5)
core   0: 3 0x8000b7da (0x823f2523) mem 0x80010000 0x00000001
core   0: 0x8000b7de (0x0000bfe5) c.j     pc - 8
core   0: 3 0x8000b7de (0xbfe5)
core   0: 0x8000b7d6 (0x00005f17) auipc   t5, 0x5
core   0: 3 0x8000b7d6 (0x00005f17) x30 0x800107d6
core   0: 0x8000b7da (0x823f2523) sw      gp, -2006(t5)
core   0: 3 0x8000b7da (0x823f2523) mem 0x80010000 0x00000001
core   0: 0x8000b7de (0x0000bfe5) c.j     pc - 8
core   0: 3 0x8000b7de (0xbfe5)
core   0: 0x8000b7d6 (0x00005f17) auipc   t5, 0x5
core   0: 3 0x8000b7d6 (0x00005f17) x30 0x800107d6
core   0: 0x8000b7da (0x823f2523) sw      gp, -2006(t5)
core   0: 3 0x8000b7da (0x823f2523) mem 0x80010000 0x00000001
core   0: 0x8000b7de (0x0000bfe5) c.j     pc - 8
core   0: 3 0x8000b7de (0xbfe5)
core   0: 0x8000b7d6 (0x00005f17) auipc   t5, 0x5
core   0: 3 0x8000b7d6 (0x00005f17) x30 0x800107d6
core   0: 0x8000b7da (0x823f2523) sw      gp, -2006(t5)
core   0: 3 0x8000b7da (0x823f2523) mem 0x80010000 0x00000001
core   0: 0x8000b7de (0x0000bfe5) c.j     pc - 8
core   0: 3 0x8000b7de (0xbfe5)
core   0: 0x8000b7d6 (0x00005f17) auipc   t5, 0x5
core   0: 3 0x8000b7d6 (0x00005f17) x30 0x800107d6
core   0: 0x8000b7da (0x823f2523) sw      gp, -2006(t5)
core   0: 3 0x8000b7da (0x823f2523) mem 0x80010000 0x00000001
core   0: 0x8000b7de (0x0000bfe5) c.j     pc - 8
core   0: 3 0x8000b7de (0xbfe5)
core   0: 0x8000b7d6 (0x00005f17) auipc   t5, 0x5
core   0: 3 0x8000b7d6 (0x00005f17) x30 0x800107d6
core   0: 0x8000b7da (0x823f2523) sw      gp, -2006(t5)
core   0: 3 0x8000b7da (0x823f2523) mem 0x80010000 0x00000001
core   0: 0x8000b7de (0x0000bfe5) c.j     pc - 8
core   0: 3 0x8000b7de (0xbfe5)
core   0: 0x8000b7d6 (0x00005f17) auipc   t5, 0x5
core   0: 3 0x8000b7d6 (0x00005f17) x30 0x800107d6
core   0: 0x8000b7da (0x823f2523) sw      gp, -2006(t5)
core   0: 3 0x8000b7da (0x823f2523) mem 0x80010000 0x00000001
core   0: 0x8000b7de (0x0000bfe5) c.j     pc - 8
core   0: 3 0x8000b7de (0xbfe5)
core   0: 0x8000b7d6 (0x00005f17) auipc   t5, 0x5
core   0: 3 0x8000b7d6 (0x00005f17) x30 0x800107d6
core   0: 0x8000b7da (0x823f2523) sw      gp, -2006(t5)
core   0: 3 0x8000b7da (0x823f2523) mem 0x80010000 0x00000001
core   0: 0x8000b7de (0x0000bfe5) c.j     pc - 8
core   0: 3 0x8000b7de (0xbfe5)
core   0: 0x8000b7d6 (0x00005f17) auipc   t5, 0x5
core   0: 3 0x8000b7d6 (0x00005f17) x30 0x800107d6
core   0: 0x8000b7da (0x823f2523) sw      gp, -2006(t5)
core   0: 3 0x8000b7da (0x823f2523) mem 0x80010000 0x00000001
core   0: 0x8000b7de (0x0000bfe5) c.j     pc - 8
core   0: 3 0x8000b7de (0xbfe5)
core   0: 0x8000b7d6 (0x00005f17) auipc   t5, 0x5
core   0: 3 0x8000b7d6 (0x00005f17) x30 0x800107d6
core   0: 0x8000b7da (0x823f2523) sw      gp, -2006(t5)
core   0: 3 0x8000b7da (0x823f2523) mem 0x80010000 0x00000001
core   0: 0x8000b7de (0x0000bfe5) c.j     pc - 8
core   0: 3 0x8000b7de (0xbfe5)
core   0: 0x8000b7d6 (0x00005f17) auipc   t5, 0x5
core   0: 3 0x8000b7d6 (0x00005f17) x30 0x800107d6
core   0: 0x8000b7da (0x823f2523) sw      gp, -2006(t5)
core   0: 3 0x8000b7da (0x823f2523) mem 0x80010000 0x00000001
core   0: 0x8000b7de (0x0000bfe5) c.j     pc - 8
core   0: 3 0x8000b7de (0xbfe5)
core   0: 0x8000b7d6 (0x00005f17) auipc   t5, 0x5
core   0: 3 0x8000b7d6 (0x00005f17) x30 0x800107d6
core   0: 0x8000b7da (0x823f2523) sw      gp, -2006(t5)
core   0: 3 0x8000b7da (0x823f2523) mem 0x80010000 0x00000001
core   0: 0x8000b7de (0x0000bfe5) c.j     pc - 8
core   0: 3 0x8000b7de (0xbfe5)
core   0: 0x8000b7d6 (0x00005f17) auipc   t5, 0x5
core   0: 3 0x8000b7d6 (0x00005f17) x30 0x800107d6
core   0: 0x8000b7da (0x823f2523) sw      gp, -2006(t5)
core   0: 3 0x8000b7da (0x823f2523) mem 0x80010000 0x00000001
core   0: 0x8000b7de (0x0000bfe5) c.j     pc - 8
core   0: 3 0x8000b7de (0xbfe5)
core   0: 0x8000b7d6 (0x00005f17) auipc   t5, 0x5
core   0: 3 0x8000b7d6 (0x00005f17) x30 0x800107d6
core   0: 0x8000b7da (0x823f2523) sw      gp, -2006(t5)
core   0: 3 0x8000b7da (0x823f2523) mem 0x80010000 0x00000001
core   0: 0x8000b7de (0x0000bfe5) c.j     pc - 8
core   0: 3 0x8000b7de (0xbfe5)
core   0: 0x8000b7d6 (0x00005f17) auipc   t5, 0x5
core   0: 3 0x8000b7d6 (0x00005f17) x30 0x800107d6
core   0: 0x8000b7da (0x823f2523) sw      gp, -2006(t5)
core   0: 3 0x8000b7da (0x823f2523) mem 0x80010000 0x00000001
core   0: 0x8000b7de (0x0000bfe5) c.j     pc - 8
core   0: 3 0x8000b7de (0xbfe5)
core   0: 0x8000b7d6 (0x00005f17) auipc   t5, 0x5
core   0: 3 0x8000b7d6 (0x00005f17) x30 0x800107d6
core   0: 0x8000b7da (0x823f2523) sw      gp, -2006(t5)
core   0: 3 0x8000b7da (0x823f2523) mem 0x80010000 0x00000001
core   0: 0x8000b7de (0x0000bfe5) c.j     pc - 8
core   0: 3 0x8000b7de (0xbfe5)
core   0: 0x8000b7d6 (0x00005f17) auipc   t5, 0x5
core   0: 3 0x8000b7d6 (0x00005f17) x30 0x800107d6
core   0: 0x8000b7da (0x823f2523) sw      gp, -2006(t5)
core   0: 3 0x8000b7da (0x823f2523) mem 0x80010000 0x00000001
core   0: 0x8000b7de (0x0000bfe5) c.j     pc - 8
core   0: 3 0x8000b7de (0xbfe5)
core   0: 0x8000b7d6 (0x00005f17) auipc   t5, 0x5
core   0: 3 0x8000b7d6 (0x00005f17) x30 0x800107d6
core   0: 0x8000b7da (0x823f2523) sw      gp, -2006(t5)
core   0: 3 0x8000b7da (0x823f2523) mem 0x80010000 0x00000001
core   0: 0x8000b7de (0x0000bfe5) c.j     pc - 8
core   0: 3 0x8000b7de (0xbfe5)
core   0: 0x8000b7d6 (0x00005f17) auipc   t5, 0x5
core   0: 3 0x8000b7d6 (0x00005f17) x30 0x800107d6
core   0: 0x8000b7da (0x823f2523) sw      gp, -2006(t5)
core   0: 3 0x8000b7da (0x823f2523) mem 0x80010000 0x00000001
core   0: 0x8000b7de (0x0000bfe5) c.j     pc - 8
core   0: 3 0x8000b7de (0xbfe5)
core   0: 0x8000b7d6 (0x00005f17) auipc   t5, 0x5
core   0: 3 0x8000b7d6 (0x00005f17) x30 0x800107d6
core   0: 0x8000b7da (0x823f2523) sw      gp, -2006(t5)
core   0: 3 0x8000b7da (0x823f2523) mem 0x80010000 0x00000001
core   0: 0x8000b7de (0x0000bfe5) c.j     pc - 8
core   0: 3 0x8000b7de (0xbfe5)
core   0: 0x8000b7d6 (0x00005f17) auipc   t5, 0x5
core   0: 3 0x8000b7d6 (0x00005f17) x30 0x800107d6
core   0: 0x8000b7da (0x823f2523) sw      gp, -2006(t5)
core   0: 3 0x8000b7da (0x823f2523) mem 0x80010000 0x00000001
core   0: 0x8000b7de (0x0000bfe5) c.j     pc - 8
core   0: 3 0x8000b7de (0xbfe5)
core   0: 0x8000b7d6 (0x00005f17) auipc   t5, 0x5
core   0: 3 0x8000b7d6 (0x00005f17) x30 0x800107d6
core   0: 0x8000b7da (0x823f2523) sw      gp, -2006(t5)
core   0: 3 0x8000b7da (0x823f2523) mem 0x80010000 0x00000001
core   0: 0x8000b7de (0x0000bfe5) c.j     pc - 8
core   0: 3 0x8000b7de (0xbfe5)
core   0: 0x8000b7d6 (0x00005f17) auipc   t5, 0x5
core   0: 3 0x8000b7d6 (0x00005f17) x30 0x800107d6
core   0: 0x8000b7da (0x823f2523) sw      gp, -2006(t5)
core   0: 3 0x8000b7da (0x823f2523) mem 0x80010000 0x00000001
core   0: 0x8000b7de (0x0000bfe5) c.j     pc - 8
core   0: 3 0x8000b7de (0xbfe5)
core   0: 0x8000b7d6 (0x00005f17) auipc   t5, 0x5
core   0: 3 0x8000b7d6 (0x00005f17) x30 0x800107d6
core   0: 0x8000b7da (0x823f2523) sw      gp, -2006(t5)
core   0: 3 0x8000b7da (0x823f2523) mem 0x80010000 0x00000001
core   0: 0x8000b7de (0x0000bfe5) c.j     pc - 8
core   0: 3 0x8000b7de (0xbfe5)
core   0: 0x8000b7d6 (0x00005f17) auipc   t5, 0x5
core   0: 3 0x8000b7d6 (0x00005f17) x30 0x800107d6
core   0: 0x8000b7da (0x823f2523) sw      gp, -2006(t5)
core   0: 3 0x8000b7da (0x823f2523) mem 0x80010000 0x00000001
core   0: 0x8000b7de (0x0000bfe5) c.j     pc - 8
core   0: 3 0x8000b7de (0xbfe5)
core   0: 0x8000b7d6 (0x00005f17) auipc   t5, 0x5
core   0: 3 0x8000b7d6 (0x00005f17) x30 0x800107d6
core   0: 0x8000b7da (0x823f2523) sw      gp, -2006(t5)
core   0: 3 0x8000b7da (0x823f2523) mem 0x80010000 0x00000001
core   0: 0x8000b7de (0x0000bfe5) c.j     pc - 8
core   0: 3 0x8000b7de (0xbfe5)
core   0: 0x8000b7d6 (0x00005f17) auipc   t5, 0x5
core   0: 3 0x8000b7d6 (0x00005f17) x30 0x800107d6
core   0: 0x8000b7da (0x823f2523) sw      gp, -2006(t5)
core   0: 3 0x8000b7da (0x823f2523) mem 0x80010000 0x00000001
core   0: 0x8000b7de (0x0000bfe5) c.j     pc - 8
core   0: 3 0x8000b7de (0xbfe5)
core   0: 0x8000b7d6 (0x00005f17) auipc   t5, 0x5
core   0: 3 0x8000b7d6 (0x00005f17) x30 0x800107d6
core   0: 0x8000b7da (0x823f2523) sw      gp, -2006(t5)
core   0: 3 0x8000b7da (0x823f2523) mem 0x80010000 0x00000001
core   0: 0x8000b7de (0x0000bfe5) c.j     pc - 8
core   0: 3 0x8000b7de (0xbfe5)
core   0: 0x8000b7d6 (0x00005f17) auipc   t5, 0x5
core   0: 3 0x8000b7d6 (0x00005f17) x30 0x800107d6
core   0: 0x8000b7da (0x823f2523) sw      gp, -2006(t5)
core   0: 3 0x8000b7da (0x823f2523) mem 0x80010000 0x00000001
core   0: 0x8000b7de (0x0000bfe5) c.j     pc - 8
core   0: 3 0x8000b7de (0xbfe5)
core   0: 0x8000b7d6 (0x00005f17) auipc   t5, 0x5
core   0: 3 0x8000b7d6 (0x00005f17) x30 0x800107d6
core   0: 0x8000b7da (0x823f2523) sw      gp, -2006(t5)
core   0: 3 0x8000b7da (0x823f2523) mem 0x80010000 0x00000001
core   0: 0x8000b7de (0x0000bfe5) c.j     pc - 8
core   0: 3 0x8000b7de (0xbfe5)
core   0: 0x8000b7d6 (0x00005f17) auipc   t5, 0x5
core   0: 3 0x8000b7d6 (0x00005f17) x30 0x800107d6
core   0: 0x8000b7da (0x823f2523) sw      gp, -2006(t5)
core   0: 3 0x8000b7da (0x823f2523) mem 0x80010000 0x00000001
core   0: 0x8000b7de (0x0000bfe5) c.j     pc - 8
core   0: 3 0x8000b7de (0xbfe5)
core   0: 0x8000b7d6 (0x00005f17) auipc   t5, 0x5
core   0: 3 0x8000b7d6 (0x00005f17) x30 0x800107d6
core   0: 0x8000b7da (0x823f2523) sw      gp, -2006(t5)
core   0: 3 0x8000b7da (0x823f2523) mem 0x80010000 0x00000001
core   0: 0x8000b7de (0x0000bfe5) c.j     pc - 8
core   0: 3 0x8000b7de (0xbfe5)
core   0: 0x8000b7d6 (0x00005f17) auipc   t5, 0x5
core   0: 3 0x8000b7d6 (0x00005f17) x30 0x800107d6
core   0: 0x8000b7da (0x823f2523) sw      gp, -2006(t5)
core   0: 3 0x8000b7da (0x823f2523) mem 0x80010000 0x00000001
core   0: 0x8000b7de (0x0000bfe5) c.j     pc - 8
core   0: 3 0x8000b7de (0xbfe5)
core   0: 0x8000b7d6 (0x00005f17) auipc   t5, 0x5
core   0: 3 0x8000b7d6 (0x00005f17) x30 0x800107d6
core   0: 0x8000b7da (0x823f2523) sw      gp, -2006(t5)
core   0: 3 0x8000b7da (0x823f2523) mem 0x80010000 0x00000001
core   0: 0x8000b7de (0x0000bfe5) c.j     pc - 8
core   0: 3 0x8000b7de (0xbfe5)
core   0: 0x8000b7d6 (0x00005f17) auipc   t5, 0x5
core   0: 3 0x8000b7d6 (0x00005f17) x30 0x800107d6
core   0: 0x8000b7da (0x823f2523) sw      gp, -2006(t5)
core   0: 3 0x8000b7da (0x823f2523) mem 0x80010000 0x00000001
core   0: 0x8000b7de (0x0000bfe5) c.j     pc - 8
core   0: 3 0x8000b7de (0xbfe5)
core   0: 0x8000b7d6 (0x00005f17) auipc   t5, 0x5
core   0: 3 0x8000b7d6 (0x00005f17) x30 0x800107d6
core   0: 0x8000b7da (0x823f2523) sw      gp, -2006(t5)
core   0: 3 0x8000b7da (0x823f2523) mem 0x80010000 0x00000001
core   0: 0x8000b7de (0x0000bfe5) c.j     pc - 8
core   0: 3 0x8000b7de (0xbfe5)
core   0: 0x8000b7d6 (0x00005f17) auipc   t5, 0x5
core   0: 3 0x8000b7d6 (0x00005f17) x30 0x800107d6
core   0: 0x8000b7da (0x823f2523) sw      gp, -2006(t5)
core   0: 3 0x8000b7da (0x823f2523) mem 0x80010000 0x00000001
core   0: 0x8000b7de (0x0000bfe5) c.j     pc - 8
core   0: 3 0x8000b7de (0xbfe5)
core   0: 0x8000b7d6 (0x00005f17) auipc   t5, 0x5
core   0: 3 0x8000b7d6 (0x00005f17) x30 0x800107d6
core   0: 0x8000b7da (0x823f2523) sw      gp, -2006(t5)
core   0: 3 0x8000b7da (0x823f2523) mem 0x80010000 0x00000001
core   0: 0x8000b7de (0x0000bfe5) c.j     pc - 8
core   0: 3 0x8000b7de (0xbfe5)
core   0: 0x8000b7d6 (0x00005f17) auipc   t5, 0x5
core   0: 3 0x8000b7d6 (0x00005f17) x30 0x800107d6
core   0: 0x8000b7da (0x823f2523) sw      gp, -2006(t5)
core   0: 3 0x8000b7da (0x823f2523) mem 0x80010000 0x00000001
core   0: 0x8000b7de (0x0000bfe5) c.j     pc - 8
core   0: 3 0x8000b7de (0xbfe5)
core   0: 0x8000b7d6 (0x00005f17) auipc   t5, 0x5
core   0: 3 0x8000b7d6 (0x00005f17) x30 0x800107d6
core   0: 0x8000b7da (0x823f2523) sw      gp, -2006(t5)
core   0: 3 0x8000b7da (0x823f2523) mem 0x80010000 0x00000001
core   0: 0x8000b7de (0x0000bfe5) c.j     pc - 8
core   0: 3 0x8000b7de (0xbfe5)
core   0: 0x8000b7d6 (0x00005f17) auipc   t5, 0x5
core   0: 3 0x8000b7d6 (0x00005f17) x30 0x800107d6
core   0: 0x8000b7da (0x823f2523) sw      gp, -2006(t5)
core   0: 3 0x8000b7da (0x823f2523) mem 0x80010000 0x00000001
core   0: 0x8000b7de (0x0000bfe5) c.j     pc - 8
core   0: 3 0x8000b7de (0xbfe5)
core   0: 0x8000b7d6 (0x00005f17) auipc   t5, 0x5
core   0: 3 0x8000b7d6 (0x00005f17) x30 0x800107d6
core   0: 0x8000b7da (0x823f2523) sw      gp, -2006(t5)
core   0: 3 0x8000b7da (0x823f2523) mem 0x80010000 0x00000001
core   0: 0x8000b7de (0x0000bfe5) c.j     pc - 8
core   0: 3 0x8000b7de (0xbfe5)
core   0: 0x8000b7d6 (0x00005f17) auipc   t5, 0x5
core   0: 3 0x8000b7d6 (0x00005f17) x30 0x800107d6
core   0: 0x8000b7da (0x823f2523) sw      gp, -2006(t5)
core   0: 3 0x8000b7da (0x823f2523) mem 0x80010000 0x00000001
core   0: 0x8000b7de (0x0000bfe5) c.j     pc - 8
core   0: 3 0x8000b7de (0xbfe5)
core   0: 0x8000b7d6 (0x00005f17) auipc   t5, 0x5
core   0: 3 0x8000b7d6 (0x00005f17) x30 0x800107d6
core   0: 0x8000b7da (0x823f2523) sw      gp, -2006(t5)
core   0: 3 0x8000b7da (0x823f2523) mem 0x80010000 0x00000001
core   0: 0x8000b7de (0x0000bfe5) c.j     pc - 8
core   0: 3 0x8000b7de (0xbfe5)
core   0: 0x8000b7d6 (0x00005f17) auipc   t5, 0x5
core   0: 3 0x8000b7d6 (0x00005f17) x30 0x800107d6
core   0: 0x8000b7da (0x823f2523) sw      gp, -2006(t5)
core   0: 3 0x8000b7da (0x823f2523) mem 0x80010000 0x00000001
core   0: 0x8000b7de (0x0000bfe5) c.j     pc - 8
core   0: 3 0x8000b7de (0xbfe5)
core   0: 0x8000b7d6 (0x00005f17) auipc   t5, 0x5
core   0: 3 0x8000b7d6 (0x00005f17) x30 0x800107d6
core   0: 0x8000b7da (0x823f2523) sw      gp, -2006(t5)
core   0: 3 0x8000b7da (0x823f2523) mem 0x80010000 0x00000001
core   0: 0x8000b7de (0x0000bfe5) c.j     pc - 8
core   0: 3 0x8000b7de (0xbfe5)
core   0: 0x8000b7d6 (0x00005f17) auipc   t5, 0x5
core   0: 3 0x8000b7d6 (0x00005f17) x30 0x800107d6
core   0: 0x8000b7da (0x823f2523) sw      gp, -2006(t5)
core   0: 3 0x8000b7da (0x823f2523) mem 0x80010000 0x00000001
core   0: 0x8000b7de (0x0000bfe5) c.j     pc - 8
core   0: 3 0x8000b7de (0xbfe5)
core   0: 0x8000b7d6 (0x00005f17) auipc   t5, 0x5
core   0: 3 0x8000b7d6 (0x00005f17) x30 0x800107d6
core   0: 0x8000b7da (0x823f2523) sw      gp, -2006(t5)
core   0: 3 0x8000b7da (0x823f2523) mem 0x80010000 0x00000001
core   0: 0x8000b7de (0x0000bfe5) c.j     pc - 8
core   0: 3 0x8000b7de (0xbfe5)
core   0: 0x8000b7d6 (0x00005f17) auipc   t5, 0x5
core   0: 3 0x8000b7d6 (0x00005f17) x30 0x800107d6
core   0: 0x8000b7da (0x823f2523) sw      gp, -2006(t5)
core   0: 3 0x8000b7da (0x823f2523) mem 0x80010000 0x00000001
core   0: 0x8000b7de (0x0000bfe5) c.j     pc - 8
core   0: 3 0x8000b7de (0xbfe5)
core   0: 0x8000b7d6 (0x00005f17) auipc   t5, 0x5
core   0: 3 0x8000b7d6 (0x00005f17) x30 0x800107d6
core   0: 0x8000b7da (0x823f2523) sw      gp, -2006(t5)
core   0: 3 0x8000b7da (0x823f2523) mem 0x80010000 0x00000001
core   0: 0x8000b7de (0x0000bfe5) c.j     pc - 8
core   0: 3 0x8000b7de (0xbfe5)
core   0: 0x8000b7d6 (0x00005f17) auipc   t5, 0x5
core   0: 3 0x8000b7d6 (0x00005f17) x30 0x800107d6
core   0: 0x8000b7da (0x823f2523) sw      gp, -2006(t5)
core   0: 3 0x8000b7da (0x823f2523) mem 0x80010000 0x00000001
core   0: 0x8000b7de (0x0000bfe5) c.j     pc - 8
core   0: 3 0x8000b7de (0xbfe5)
core   0: 0x8000b7d6 (0x00005f17) auipc   t5, 0x5
core   0: 3 0x8000b7d6 (0x00005f17) x30 0x800107d6
core   0: 0x8000b7da (0x823f2523) sw      gp, -2006(t5)
core   0: 3 0x8000b7da (0x823f2523) mem 0x80010000 0x00000001
core   0: 0x8000b7de (0x0000bfe5) c.j     pc - 8
core   0: 3 0x8000b7de (0xbfe5)
core   0: 0x8000b7d6 (0x00005f17) auipc   t5, 0x5
core   0: 3 0x8000b7d6 (0x00005f17) x30 0x800107d6
core   0: 0x8000b7da (0x823f2523) sw      gp, -2006(t5)
core   0: 3 0x8000b7da (0x823f2523) mem 0x80010000 0x00000001
core   0: 0x8000b7de (0x0000bfe5) c.j     pc - 8
core   0: 3 0x8000b7de (0xbfe5)
core   0: 0x8000b7d6 (0x00005f17) auipc   t5, 0x5
core   0: 3 0x8000b7d6 (0x00005f17) x30 0x800107d6
core   0: 0x8000b7da (0x823f2523) sw      gp, -2006(t5)
core   0: 3 0x8000b7da (0x823f2523) mem 0x80010000 0x00000001
core   0: 0x8000b7de (0x0000bfe5) c.j     pc - 8
core   0: 3 0x8000b7de (0xbfe5)
core   0: 0x8000b7d6 (0x00005f17) auipc   t5, 0x5
core   0: 3 0x8000b7d6 (0x00005f17) x30 0x800107d6
core   0: 0x8000b7da (0x823f2523) sw      gp, -2006(t5)
core   0: 3 0x8000b7da (0x823f2523) mem 0x80010000 0x00000001
core   0: 0x8000b7de (0x0000bfe5) c.j     pc - 8
core   0: 3 0x8000b7de (0xbfe5)
core   0: 0x8000b7d6 (0x00005f17) auipc   t5, 0x5
core   0: 3 0x8000b7d6 (0x00005f17) x30 0x800107d6
core   0: 0x8000b7da (0x823f2523) sw      gp, -2006(t5)
core   0: 3 0x8000b7da (0x823f2523) mem 0x80010000 0x00000001
core   0: 0x8000b7de (0x0000bfe5) c.j     pc - 8
core   0: 3 0x8000b7de (0xbfe5)
core   0: 0x8000b7d6 (0x00005f17) auipc   t5, 0x5
core   0: 3 0x8000b7d6 (0x00005f17) x30 0x800107d6
core   0: 0x8000b7da (0x823f2523) sw      gp, -2006(t5)
core   0: 3 0x8000b7da (0x823f2523) mem 0x80010000 0x00000001
core   0: 0x8000b7de (0x0000bfe5) c.j     pc - 8
core   0: 3 0x8000b7de (0xbfe5)
core   0: 0x8000b7d6 (0x00005f17) auipc   t5, 0x5
core   0: 3 0x8000b7d6 (0x00005f17) x30 0x800107d6
core   0: 0x8000b7da (0x823f2523) sw      gp, -2006(t5)
core   0: 3 0x8000b7da (0x823f2523) mem 0x80010000 0x00000001
core   0: 0x8000b7de (0x0000bfe5) c.j     pc - 8
core   0: 3 0x8000b7de (0xbfe5)
core   0: 0x8000b7d6 (0x00005f17) auipc   t5, 0x5
core   0: 3 0x8000b7d6 (0x00005f17) x30 0x800107d6
core   0: 0x8000b7da (0x823f2523) sw      gp, -2006(t5)
core   0: 3 0x8000b7da (0x823f2523) mem 0x80010000 0x00000001
core   0: 0x8000b7de (0x0000bfe5) c.j     pc - 8
core   0: 3 0x8000b7de (0xbfe5)
core   0: 0x8000b7d6 (0x00005f17) auipc   t5, 0x5
core   0: 3 0x8000b7d6 (0x00005f17) x30 0x800107d6
core   0: 0x8000b7da (0x823f2523) sw      gp, -2006(t5)
core   0: 3 0x8000b7da (0x823f2523) mem 0x80010000 0x00000001
core   0: 0x8000b7de (0x0000bfe5) c.j     pc - 8
core   0: 3 0x8000b7de (0xbfe5)
core   0: 0x8000b7d6 (0x00005f17) auipc   t5, 0x5
core   0: 3 0x8000b7d6 (0x00005f17) x30 0x800107d6
core   0: 0x8000b7da (0x823f2523) sw      gp, -2006(t5)
core   0: 3 0x8000b7da (0x823f2523) mem 0x80010000 0x00000001
core   0: 0x8000b7de (0x0000bfe5) c.j     pc - 8
core   0: 3 0x8000b7de (0xbfe5)
core   0: 0x8000b7d6 (0x00005f17) auipc   t5, 0x5
core   0: 3 0x8000b7d6 (0x00005f17) x30 0x800107d6
core   0: 0x8000b7da (0x823f2523) sw      gp, -2006(t5)
core   0: 3 0x8000b7da (0x823f2523) mem 0x80010000 0x00000001
core   0: 0x8000b7de (0x0000bfe5) c.j     pc - 8
core   0: 3 0x8000b7de (0xbfe5)
core   0: 0x8000b7d6 (0x00005f17) auipc   t5, 0x5
core   0: 3 0x8000b7d6 (0x00005f17) x30 0x800107d6
core   0: 0x8000b7da (0x823f2523) sw      gp, -2006(t5)
core   0: 3 0x8000b7da (0x823f2523) mem 0x80010000 0x00000001
core   0: 0x8000b7de (0x0000bfe5) c.j     pc - 8
core   0: 3 0x8000b7de (0xbfe5)
core   0: 0x8000b7d6 (0x00005f17) auipc   t5, 0x5
core   0: 3 0x8000b7d6 (0x00005f17) x30 0x800107d6
core   0: 0x8000b7da (0x823f2523) sw      gp, -2006(t5)
core   0: 3 0x8000b7da (0x823f2523) mem 0x80010000 0x00000001
core   0: 0x8000b7de (0x0000bfe5) c.j     pc - 8
core   0: 3 0x8000b7de (0xbfe5)
core   0: 0x8000b7d6 (0x00005f17) auipc   t5, 0x5
core   0: 3 0x8000b7d6 (0x00005f17) x30 0x800107d6
core   0: 0x8000b7da (0x823f2523) sw      gp, -2006(t5)
core   0: 3 0x8000b7da (0x823f2523) mem 0x80010000 0x00000001
core   0: 0x8000b7de (0x0000bfe5) c.j     pc - 8
core   0: 3 0x8000b7de (0xbfe5)
core   0: 0x8000b7d6 (0x00005f17) auipc   t5, 0x5
core   0: 3 0x8000b7d6 (0x00005f17) x30 0x800107d6
core   0: 0x8000b7da (0x823f2523) sw      gp, -2006(t5)
core   0: 3 0x8000b7da (0x823f2523) mem 0x80010000 0x00000001
core   0: 0x8000b7de (0x0000bfe5) c.j     pc - 8
core   0: 3 0x8000b7de (0xbfe5)
core   0: 0x8000b7d6 (0x00005f17) auipc   t5, 0x5
core   0: 3 0x8000b7d6 (0x00005f17) x30 0x800107d6
core   0: 0x8000b7da (0x823f2523) sw      gp, -2006(t5)
core   0: 3 0x8000b7da (0x823f2523) mem 0x80010000 0x00000001
core   0: 0x8000b7de (0x0000bfe5) c.j     pc - 8
core   0: 3 0x8000b7de (0xbfe5)
core   0: 0x8000b7d6 (0x00005f17) auipc   t5, 0x5
core   0: 3 0x8000b7d6 (0x00005f17) x30 0x800107d6
core   0: 0x8000b7da (0x823f2523) sw      gp, -2006(t5)
core   0: 3 0x8000b7da (0x823f2523) mem 0x80010000 0x00000001
core   0: 0x8000b7de (0x0000bfe5) c.j     pc - 8
core   0: 3 0x8000b7de (0xbfe5)
core   0: 0x8000b7d6 (0x00005f17) auipc   t5, 0x5
core   0: 3 0x8000b7d6 (0x00005f17) x30 0x800107d6
core   0: 0x8000b7da (0x823f2523) sw      gp, -2006(t5)
core   0: 3 0x8000b7da (0x823f2523) mem 0x80010000 0x00000001
core   0: 0x8000b7de (0x0000bfe5) c.j     pc - 8
core   0: 3 0x8000b7de (0xbfe5)
core   0: 0x8000b7d6 (0x00005f17) auipc   t5, 0x5
core   0: 3 0x8000b7d6 (0x00005f17) x30 0x800107d6
core   0: 0x8000b7da (0x823f2523) sw      gp, -2006(t5)
core   0: 3 0x8000b7da (0x823f2523) mem 0x80010000 0x00000001
core   0: 0x8000b7de (0x0000bfe5) c.j     pc - 8
core   0: 3 0x8000b7de (0xbfe5)
core   0: 0x8000b7d6 (0x00005f17) auipc   t5, 0x5
core   0: 3 0x8000b7d6 (0x00005f17) x30 0x800107d6
core   0: 0x8000b7da (0x823f2523) sw      gp, -2006(t5)
core   0: 3 0x8000b7da (0x823f2523) mem 0x80010000 0x00000001
core   0: 0x8000b7de (0x0000bfe5) c.j     pc - 8
core   0: 3 0x8000b7de (0xbfe5)
core   0: 0x8000b7d6 (0x00005f17) auipc   t5, 0x5
core   0: 3 0x8000b7d6 (0x00005f17) x30 0x800107d6
core   0: 0x8000b7da (0x823f2523) sw      gp, -2006(t5)
core   0: 3 0x8000b7da (0x823f2523) mem 0x80010000 0x00000001
core   0: 0x8000b7de (0x0000bfe5) c.j     pc - 8
core   0: 3 0x8000b7de (0xbfe5)
core   0: 0x8000b7d6 (0x00005f17) auipc   t5, 0x5
core   0: 3 0x8000b7d6 (0x00005f17) x30 0x800107d6
core   0: 0x8000b7da (0x823f2523) sw      gp, -2006(t5)
core   0: 3 0x8000b7da (0x823f2523) mem 0x80010000 0x00000001
core   0: 0x8000b7de (0x0000bfe5) c.j     pc - 8
core   0: 3 0x8000b7de (0xbfe5)
core   0: 0x8000b7d6 (0x00005f17) auipc   t5, 0x5
core   0: 3 0x8000b7d6 (0x00005f17) x30 0x800107d6
core   0: 0x8000b7da (0x823f2523) sw      gp, -2006(t5)
core   0: 3 0x8000b7da (0x823f2523) mem 0x80010000 0x00000001
core   0: 0x8000b7de (0x0000bfe5) c.j     pc - 8
core   0: 3 0x8000b7de (0xbfe5)
core   0: 0x8000b7d6 (0x00005f17) auipc   t5, 0x5
core   0: 3 0x8000b7d6 (0x00005f17) x30 0x800107d6
core   0: 0x8000b7da (0x823f2523) sw      gp, -2006(t5)
core   0: 3 0x8000b7da (0x823f2523) mem 0x80010000 0x00000001
core   0: 0x8000b7de (0x0000bfe5) c.j     pc - 8
core   0: 3 0x8000b7de (0xbfe5)
core   0: 0x8000b7d6 (0x00005f17) auipc   t5, 0x5
core   0: 3 0x8000b7d6 (0x00005f17) x30 0x800107d6
core   0: 0x8000b7da (0x823f2523) sw      gp, -2006(t5)
core   0: 3 0x8000b7da (0x823f2523) mem 0x80010000 0x00000001
core   0: 0x8000b7de (0x0000bfe5) c.j     pc - 8
core   0: 3 0x8000b7de (0xbfe5)
core   0: 0x8000b7d6 (0x00005f17) auipc   t5, 0x5
core   0: 3 0x8000b7d6 (0x00005f17) x30 0x800107d6
core   0: 0x8000b7da (0x823f2523) sw      gp, -2006(t5)
core   0: 3 0x8000b7da (0x823f2523) mem 0x80010000 0x00000001
core   0: 0x8000b7de (0x0000bfe5) c.j     pc - 8
core   0: 3 0x8000b7de (0xbfe5)
core   0: 0x8000b7d6 (0x00005f17) auipc   t5, 0x5
core   0: 3 0x8000b7d6 (0x00005f17) x30 0x800107d6
core   0: 0x8000b7da (0x823f2523) sw      gp, -2006(t5)
core   0: 3 0x8000b7da (0x823f2523) mem 0x80010000 0x00000001
core   0: 0x8000b7de (0x0000bfe5) c.j     pc - 8
core   0: 3 0x8000b7de (0xbfe5)
core   0: 0x8000b7d6 (0x00005f17) auipc   t5, 0x5
core   0: 3 0x8000b7d6 (0x00005f17) x30 0x800107d6
core   0: 0x8000b7da (0x823f2523) sw      gp, -2006(t5)
core   0: 3 0x8000b7da (0x823f2523) mem 0x80010000 0x00000001
core   0: 0x8000b7de (0x0000bfe5) c.j     pc - 8
core   0: 3 0x8000b7de (0xbfe5)
core   0: 0x8000b7d6 (0x00005f17) auipc   t5, 0x5
core   0: 3 0x8000b7d6 (0x00005f17) x30 0x800107d6
core   0: 0x8000b7da (0x823f2523) sw      gp, -2006(t5)
core   0: 3 0x8000b7da (0x823f2523) mem 0x80010000 0x00000001
core   0: 0x8000b7de (0x0000bfe5) c.j     pc - 8
core   0: 3 0x8000b7de (0xbfe5)
core   0: 0x8000b7d6 (0x00005f17) auipc   t5, 0x5
core   0: 3 0x8000b7d6 (0x00005f17) x30 0x800107d6
core   0: 0x8000b7da (0x823f2523) sw      gp, -2006(t5)
core   0: 3 0x8000b7da (0x823f2523) mem 0x80010000 0x00000001
core   0: 0x8000b7de (0x0000bfe5) c.j     pc - 8
core   0: 3 0x8000b7de (0xbfe5)
core   0: 0x8000b7d6 (0x00005f17) auipc   t5, 0x5
core   0: 3 0x8000b7d6 (0x00005f17) x30 0x800107d6
core   0: 0x8000b7da (0x823f2523) sw      gp, -2006(t5)
core   0: 3 0x8000b7da (0x823f2523) mem 0x80010000 0x00000001
core   0: 0x8000b7de (0x0000bfe5) c.j     pc - 8
core   0: 3 0x8000b7de (0xbfe5)
core   0: 0x8000b7d6 (0x00005f17) auipc   t5, 0x5
core   0: 3 0x8000b7d6 (0x00005f17) x30 0x800107d6
core   0: 0x8000b7da (0x823f2523) sw      gp, -2006(t5)
core   0: 3 0x8000b7da (0x823f2523) mem 0x80010000 0x00000001
core   0: 0x8000b7de (0x0000bfe5) c.j     pc - 8
core   0: 3 0x8000b7de (0xbfe5)
core   0: 0x8000b7d6 (0x00005f17) auipc   t5, 0x5
core   0: 3 0x8000b7d6 (0x00005f17) x30 0x800107d6
core   0: 0x8000b7da (0x823f2523) sw      gp, -2006(t5)
core   0: 3 0x8000b7da (0x823f2523) mem 0x80010000 0x00000001
core   0: 0x8000b7de (0x0000bfe5) c.j     pc - 8
core   0: 3 0x8000b7de (0xbfe5)
core   0: 0x8000b7d6 (0x00005f17) auipc   t5, 0x5
core   0: 3 0x8000b7d6 (0x00005f17) x30 0x800107d6
core   0: 0x8000b7da (0x823f2523) sw      gp, -2006(t5)
core   0: 3 0x8000b7da (0x823f2523) mem 0x80010000 0x00000001
core   0: 0x8000b7de (0x0000bfe5) c.j     pc - 8
core   0: 3 0x8000b7de (0xbfe5)
core   0: 0x8000b7d6 (0x00005f17) auipc   t5, 0x5
core   0: 3 0x8000b7d6 (0x00005f17) x30 0x800107d6
core   0: 0x8000b7da (0x823f2523) sw      gp, -2006(t5)
core   0: 3 0x8000b7da (0x823f2523) mem 0x80010000 0x00000001
core   0: 0x8000b7de (0x0000bfe5) c.j     pc - 8
core   0: 3 0x8000b7de (0xbfe5)
core   0: 0x8000b7d6 (0x00005f17) auipc   t5, 0x5
core   0: 3 0x8000b7d6 (0x00005f17) x30 0x800107d6
core   0: 0x8000b7da (0x823f2523) sw      gp, -2006(t5)
core   0: 3 0x8000b7da (0x823f2523) mem 0x80010000 0x00000001
core   0: 0x8000b7de (0x0000bfe5) c.j     pc - 8
core   0: 3 0x8000b7de (0xbfe5)
core   0: 0x8000b7d6 (0x00005f17) auipc   t5, 0x5
core   0: 3 0x8000b7d6 (0x00005f17) x30 0x800107d6
core   0: 0x8000b7da (0x823f2523) sw      gp, -2006(t5)
core   0: 3 0x8000b7da (0x823f2523) mem 0x80010000 0x00000001
core   0: 0x8000b7de (0x0000bfe5) c.j     pc - 8
core   0: 3 0x8000b7de (0xbfe5)
core   0: 0x8000b7d6 (0x00005f17) auipc   t5, 0x5
core   0: 3 0x8000b7d6 (0x00005f17) x30 0x800107d6
core   0: 0x8000b7da (0x823f2523) sw      gp, -2006(t5)
core   0: 3 0x8000b7da (0x823f2523) mem 0x80010000 0x00000001
core   0: 0x8000b7de (0x0000bfe5) c.j     pc - 8
core   0: 3 0x8000b7de (0xbfe5)
core   0: 0x8000b7d6 (0x00005f17) auipc   t5, 0x5
core   0: 3 0x8000b7d6 (0x00005f17) x30 0x800107d6
core   0: 0x8000b7da (0x823f2523) sw      gp, -2006(t5)
core   0: 3 0x8000b7da (0x823f2523) mem 0x80010000 0x00000001
core   0: 0x8000b7de (0x0000bfe5) c.j     pc - 8
core   0: 3 0x8000b7de (0xbfe5)
core   0: 0x8000b7d6 (0x00005f17) auipc   t5, 0x5
core   0: 3 0x8000b7d6 (0x00005f17) x30 0x800107d6
core   0: 0x8000b7da (0x823f2523) sw      gp, -2006(t5)
core   0: 3 0x8000b7da (0x823f2523) mem 0x80010000 0x00000001
core   0: 0x8000b7de (0x0000bfe5) c.j     pc - 8
core   0: 3 0x8000b7de (0xbfe5)
core   0: 0x8000b7d6 (0x00005f17) auipc   t5, 0x5
core   0: 3 0x8000b7d6 (0x00005f17) x30 0x800107d6
core   0: 0x8000b7da (0x823f2523) sw      gp, -2006(t5)
core   0: 3 0x8000b7da (0x823f2523) mem 0x80010000 0x00000001
core   0: 0x8000b7de (0x0000bfe5) c.j     pc - 8
core   0: 3 0x8000b7de (0xbfe5)
core   0: 0x8000b7d6 (0x00005f17) auipc   t5, 0x5
core   0: 3 0x8000b7d6 (0x00005f17) x30 0x800107d6
core   0: 0x8000b7da (0x823f2523) sw      gp, -2006(t5)
core   0: 3 0x8000b7da (0x823f2523) mem 0x80010000 0x00000001
core   0: 0x8000b7de (0x0000bfe5) c.j     pc - 8
core   0: 3 0x8000b7de (0xbfe5)
core   0: 0x8000b7d6 (0x00005f17) auipc   t5, 0x5
core   0: 3 0x8000b7d6 (0x00005f17) x30 0x800107d6
core   0: 0x8000b7da (0x823f2523) sw      gp, -2006(t5)
core   0: 3 0x8000b7da (0x823f2523) mem 0x80010000 0x00000001
core   0: 0x8000b7de (0x0000bfe5) c.j     pc - 8
core   0: 3 0x8000b7de (0xbfe5)
core   0: 0x8000b7d6 (0x00005f17) auipc   t5, 0x5
core   0: 3 0x8000b7d6 (0x00005f17) x30 0x800107d6
core   0: 0x8000b7da (0x823f2523) sw      gp, -2006(t5)
core   0: 3 0x8000b7da (0x823f2523) mem 0x80010000 0x00000001
core   0: 0x8000b7de (0x0000bfe5) c.j     pc - 8
core   0: 3 0x8000b7de (0xbfe5)
core   0: 0x8000b7d6 (0x00005f17) auipc   t5, 0x5
core   0: 3 0x8000b7d6 (0x00005f17) x30 0x800107d6
core   0: 0x8000b7da (0x823f2523) sw      gp, -2006(t5)
core   0: 3 0x8000b7da (0x823f2523) mem 0x80010000 0x00000001
core   0: 0x8000b7de (0x0000bfe5) c.j     pc - 8
core   0: 3 0x8000b7de (0xbfe5)
core   0: 0x8000b7d6 (0x00005f17) auipc   t5, 0x5
core   0: 3 0x8000b7d6 (0x00005f17) x30 0x800107d6
core   0: 0x8000b7da (0x823f2523) sw      gp, -2006(t5)
core   0: 3 0x8000b7da (0x823f2523) mem 0x80010000 0x00000001
core   0: 0x8000b7de (0x0000bfe5) c.j     pc - 8
core   0: 3 0x8000b7de (0xbfe5)
core   0: 0x8000b7d6 (0x00005f17) auipc   t5, 0x5
core   0: 3 0x8000b7d6 (0x00005f17) x30 0x800107d6
core   0: 0x8000b7da (0x823f2523) sw      gp, -2006(t5)
core   0: 3 0x8000b7da (0x823f2523) mem 0x80010000 0x00000001
core   0: 0x8000b7de (0x0000bfe5) c.j     pc - 8
core   0: 3 0x8000b7de (0xbfe5)
core   0: 0x8000b7d6 (0x00005f17) auipc   t5, 0x5
core   0: 3 0x8000b7d6 (0x00005f17) x30 0x800107d6
core   0: 0x8000b7da (0x823f2523) sw      gp, -2006(t5)
core   0: 3 0x8000b7da (0x823f2523) mem 0x80010000 0x00000001
core   0: 0x8000b7de (0x0000bfe5) c.j     pc - 8
core   0: 3 0x8000b7de (0xbfe5)
core   0: 0x8000b7d6 (0x00005f17) auipc   t5, 0x5
core   0: 3 0x8000b7d6 (0x00005f17) x30 0x800107d6
core   0: 0x8000b7da (0x823f2523) sw      gp, -2006(t5)
core   0: 3 0x8000b7da (0x823f2523) mem 0x80010000 0x00000001
core   0: 0x8000b7de (0x0000bfe5) c.j     pc - 8
core   0: 3 0x8000b7de (0xbfe5)
core   0: 0x8000b7d6 (0x00005f17) auipc   t5, 0x5
core   0: 3 0x8000b7d6 (0x00005f17) x30 0x800107d6
core   0: 0x8000b7da (0x823f2523) sw      gp, -2006(t5)
core   0: 3 0x8000b7da (0x823f2523) mem 0x80010000 0x00000001
core   0: 0x8000b7de (0x0000bfe5) c.j     pc - 8
core   0: 3 0x8000b7de (0xbfe5)
core   0: 0x8000b7d6 (0x00005f17) auipc   t5, 0x5
core   0: 3 0x8000b7d6 (0x00005f17) x30 0x800107d6
core   0: 0x8000b7da (0x823f2523) sw      gp, -2006(t5)
core   0: 3 0x8000b7da (0x823f2523) mem 0x80010000 0x00000001
core   0: 0x8000b7de (0x0000bfe5) c.j     pc - 8
core   0: 3 0x8000b7de (0xbfe5)
core   0: 0x8000b7d6 (0x00005f17) auipc   t5, 0x5
core   0: 3 0x8000b7d6 (0x00005f17) x30 0x800107d6
core   0: 0x8000b7da (0x823f2523) sw      gp, -2006(t5)
core   0: 3 0x8000b7da (0x823f2523) mem 0x80010000 0x00000001
core   0: 0x8000b7de (0x0000bfe5) c.j     pc - 8
core   0: 3 0x8000b7de (0xbfe5)
core   0: 0x8000b7d6 (0x00005f17) auipc   t5, 0x5
core   0: 3 0x8000b7d6 (0x00005f17) x30 0x800107d6
core   0: 0x8000b7da (0x823f2523) sw      gp, -2006(t5)
core   0: 3 0x8000b7da (0x823f2523) mem 0x80010000 0x00000001
core   0: 0x8000b7de (0x0000bfe5) c.j     pc - 8
core   0: 3 0x8000b7de (0xbfe5)
core   0: 0x8000b7d6 (0x00005f17) auipc   t5, 0x5
core   0: 3 0x8000b7d6 (0x00005f17) x30 0x800107d6
core   0: 0x8000b7da (0x823f2523) sw      gp, -2006(t5)
core   0: 3 0x8000b7da (0x823f2523) mem 0x80010000 0x00000001
core   0: 0x8000b7de (0x0000bfe5) c.j     pc - 8
core   0: 3 0x8000b7de (0xbfe5)
core   0: 0x8000b7d6 (0x00005f17) auipc   t5, 0x5
core   0: 3 0x8000b7d6 (0x00005f17) x30 0x800107d6
core   0: 0x8000b7da (0x823f2523) sw      gp, -2006(t5)
core   0: 3 0x8000b7da (0x823f2523) mem 0x80010000 0x00000001
core   0: 0x8000b7de (0x0000bfe5) c.j     pc - 8
core   0: 3 0x8000b7de (0xbfe5)
core   0: 0x8000b7d6 (0x00005f17) auipc   t5, 0x5
core   0: 3 0x8000b7d6 (0x00005f17) x30 0x800107d6
core   0: 0x8000b7da (0x823f2523) sw      gp, -2006(t5)
core   0: 3 0x8000b7da (0x823f2523) mem 0x80010000 0x00000001
core   0: 0x8000b7de (0x0000bfe5) c.j     pc - 8
core   0: 3 0x8000b7de (0xbfe5)
core   0: 0x8000b7d6 (0x00005f17) auipc   t5, 0x5
core   0: 3 0x8000b7d6 (0x00005f17) x30 0x800107d6
core   0: 0x8000b7da (0x823f2523) sw      gp, -2006(t5)
core   0: 3 0x8000b7da (0x823f2523) mem 0x80010000 0x00000001
core   0: 0x8000b7de (0x0000bfe5) c.j     pc - 8
core   0: 3 0x8000b7de (0xbfe5)
core   0: 0x8000b7d6 (0x00005f17) auipc   t5, 0x5
core   0: 3 0x8000b7d6 (0x00005f17) x30 0x800107d6
core   0: 0x8000b7da (0x823f2523) sw      gp, -2006(t5)
core   0: 3 0x8000b7da (0x823f2523) mem 0x80010000 0x00000001
core   0: 0x8000b7de (0x0000bfe5) c.j     pc - 8
core   0: 3 0x8000b7de (0xbfe5)
core   0: 0x8000b7d6 (0x00005f17) auipc   t5, 0x5
core   0: 3 0x8000b7d6 (0x00005f17) x30 0x800107d6
core   0: 0x8000b7da (0x823f2523) sw      gp, -2006(t5)
core   0: 3 0x8000b7da (0x823f2523) mem 0x80010000 0x00000001
core   0: 0x8000b7de (0x0000bfe5) c.j     pc - 8
core   0: 3 0x8000b7de (0xbfe5)
core   0: 0x8000b7d6 (0x00005f17) auipc   t5, 0x5
core   0: 3 0x8000b7d6 (0x00005f17) x30 0x800107d6
core   0: 0x8000b7da (0x823f2523) sw      gp, -2006(t5)
core   0: 3 0x8000b7da (0x823f2523) mem 0x80010000 0x00000001
core   0: 0x8000b7de (0x0000bfe5) c.j     pc - 8
core   0: 3 0x8000b7de (0xbfe5)
core   0: 0x8000b7d6 (0x00005f17) auipc   t5, 0x5
core   0: 3 0x8000b7d6 (0x00005f17) x30 0x800107d6
core   0: 0x8000b7da (0x823f2523) sw      gp, -2006(t5)
core   0: 3 0x8000b7da (0x823f2523) mem 0x80010000 0x00000001
core   0: 0x8000b7de (0x0000bfe5) c.j     pc - 8
core   0: 3 0x8000b7de (0xbfe5)
core   0: 0x8000b7d6 (0x00005f17) auipc   t5, 0x5
core   0: 3 0x8000b7d6 (0x00005f17) x30 0x800107d6
core   0: 0x8000b7da (0x823f2523) sw      gp, -2006(t5)
core   0: 3 0x8000b7da (0x823f2523) mem 0x80010000 0x00000001
core   0: 0x8000b7de (0x0000bfe5) c.j     pc - 8
core   0: 3 0x8000b7de (0xbfe5)
core   0: 0x8000b7d6 (0x00005f17) auipc   t5, 0x5
core   0: 3 0x8000b7d6 (0x00005f17) x30 0x800107d6
core   0: 0x8000b7da (0x823f2523) sw      gp, -2006(t5)
core   0: 3 0x8000b7da (0x823f2523) mem 0x80010000 0x00000001
core   0: 0x8000b7de (0x0000bfe5) c.j     pc - 8
core   0: 3 0x8000b7de (0xbfe5)
core   0: 0x8000b7d6 (0x00005f17) auipc   t5, 0x5
core   0: 3 0x8000b7d6 (0x00005f17) x30 0x800107d6
core   0: 0x8000b7da (0x823f2523) sw      gp, -2006(t5)
core   0: 3 0x8000b7da (0x823f2523) mem 0x80010000 0x00000001
core   0: 0x8000b7de (0x0000bfe5) c.j     pc - 8
core   0: 3 0x8000b7de (0xbfe5)
core   0: 0x8000b7d6 (0x00005f17) auipc   t5, 0x5
core   0: 3 0x8000b7d6 (0x00005f17) x30 0x800107d6
core   0: 0x8000b7da (0x823f2523) sw      gp, -2006(t5)
core   0: 3 0x8000b7da (0x823f2523) mem 0x80010000 0x00000001
core   0: 0x8000b7de (0x0000bfe5) c.j     pc - 8
core   0: 3 0x8000b7de (0xbfe5)
core   0: 0x8000b7d6 (0x00005f17) auipc   t5, 0x5
core   0: 3 0x8000b7d6 (0x00005f17) x30 0x800107d6
core   0: 0x8000b7da (0x823f2523) sw      gp, -2006(t5)
core   0: 3 0x8000b7da (0x823f2523) mem 0x80010000 0x00000001
core   0: 0x8000b7de (0x0000bfe5) c.j     pc - 8
core   0: 3 0x8000b7de (0xbfe5)
core   0: 0x8000b7d6 (0x00005f17) auipc   t5, 0x5
core   0: 3 0x8000b7d6 (0x00005f17) x30 0x800107d6
core   0: 0x8000b7da (0x823f2523) sw      gp, -2006(t5)
core   0: 3 0x8000b7da (0x823f2523) mem 0x80010000 0x00000001
core   0: 0x8000b7de (0x0000bfe5) c.j     pc - 8
core   0: 3 0x8000b7de (0xbfe5)
core   0: 0x8000b7d6 (0x00005f17) auipc   t5, 0x5
core   0: 3 0x8000b7d6 (0x00005f17) x30 0x800107d6
core   0: 0x8000b7da (0x823f2523) sw      gp, -2006(t5)
core   0: 3 0x8000b7da (0x823f2523) mem 0x80010000 0x00000001
core   0: 0x8000b7de (0x0000bfe5) c.j     pc - 8
core   0: 3 0x8000b7de (0xbfe5)
core   0: 0x8000b7d6 (0x00005f17) auipc   t5, 0x5
core   0: 3 0x8000b7d6 (0x00005f17) x30 0x800107d6
core   0: 0x8000b7da (0x823f2523) sw      gp, -2006(t5)
core   0: 3 0x8000b7da (0x823f2523) mem 0x80010000 0x00000001
core   0: 0x8000b7de (0x0000bfe5) c.j     pc - 8
core   0: 3 0x8000b7de (0xbfe5)
core   0: 0x8000b7d6 (0x00005f17) auipc   t5, 0x5
core   0: 3 0x8000b7d6 (0x00005f17) x30 0x800107d6
core   0: 0x8000b7da (0x823f2523) sw      gp, -2006(t5)
core   0: 3 0x8000b7da (0x823f2523) mem 0x80010000 0x00000001
core   0: 0x8000b7de (0x0000bfe5) c.j     pc - 8
core   0: 3 0x8000b7de (0xbfe5)
core   0: 0x8000b7d6 (0x00005f17) auipc   t5, 0x5
core   0: 3 0x8000b7d6 (0x00005f17) x30 0x800107d6
core   0: 0x8000b7da (0x823f2523) sw      gp, -2006(t5)
core   0: 3 0x8000b7da (0x823f2523) mem 0x80010000 0x00000001
core   0: 0x8000b7de (0x0000bfe5) c.j     pc - 8
core   0: 3 0x8000b7de (0xbfe5)
core   0: 0x8000b7d6 (0x00005f17) auipc   t5, 0x5
core   0: 3 0x8000b7d6 (0x00005f17) x30 0x800107d6
core   0: 0x8000b7da (0x823f2523) sw      gp, -2006(t5)
core   0: 3 0x8000b7da (0x823f2523) mem 0x80010000 0x00000001
core   0: 0x8000b7de (0x0000bfe5) c.j     pc - 8
core   0: 3 0x8000b7de (0xbfe5)
core   0: 0x8000b7d6 (0x00005f17) auipc   t5, 0x5
core   0: 3 0x8000b7d6 (0x00005f17) x30 0x800107d6
core   0: 0x8000b7da (0x823f2523) sw      gp, -2006(t5)
core   0: 3 0x8000b7da (0x823f2523) mem 0x80010000 0x00000001
core   0: 0x8000b7de (0x0000bfe5) c.j     pc - 8
core   0: 3 0x8000b7de (0xbfe5)
core   0: 0x8000b7d6 (0x00005f17) auipc   t5, 0x5
core   0: 3 0x8000b7d6 (0x00005f17) x30 0x800107d6
core   0: 0x8000b7da (0x823f2523) sw      gp, -2006(t5)
core   0: 3 0x8000b7da (0x823f2523) mem 0x80010000 0x00000001
core   0: 0x8000b7de (0x0000bfe5) c.j     pc - 8
core   0: 3 0x8000b7de (0xbfe5)
core   0: 0x8000b7d6 (0x00005f17) auipc   t5, 0x5
core   0: 3 0x8000b7d6 (0x00005f17) x30 0x800107d6
core   0: 0x8000b7da (0x823f2523) sw      gp, -2006(t5)
core   0: 3 0x8000b7da (0x823f2523) mem 0x80010000 0x00000001
core   0: 0x8000b7de (0x0000bfe5) c.j     pc - 8
core   0: 3 0x8000b7de (0xbfe5)
core   0: 0x8000b7d6 (0x00005f17) auipc   t5, 0x5
core   0: 3 0x8000b7d6 (0x00005f17) x30 0x800107d6
core   0: 0x8000b7da (0x823f2523) sw      gp, -2006(t5)
core   0: 3 0x8000b7da (0x823f2523) mem 0x80010000 0x00000001
core   0: 0x8000b7de (0x0000bfe5) c.j     pc - 8
core   0: 3 0x8000b7de (0xbfe5)
core   0: 0x8000b7d6 (0x00005f17) auipc   t5, 0x5
core   0: 3 0x8000b7d6 (0x00005f17) x30 0x800107d6
core   0: 0x8000b7da (0x823f2523) sw      gp, -2006(t5)
core   0: 3 0x8000b7da (0x823f2523) mem 0x80010000 0x00000001
core   0: 0x8000b7de (0x0000bfe5) c.j     pc - 8
core   0: 3 0x8000b7de (0xbfe5)
core   0: 0x8000b7d6 (0x00005f17) auipc   t5, 0x5
core   0: 3 0x8000b7d6 (0x00005f17) x30 0x800107d6
core   0: 0x8000b7da (0x823f2523) sw      gp, -2006(t5)
core   0: 3 0x8000b7da (0x823f2523) mem 0x80010000 0x00000001
core   0: 0x8000b7de (0x0000bfe5) c.j     pc - 8
core   0: 3 0x8000b7de (0xbfe5)
core   0: 0x8000b7d6 (0x00005f17) auipc   t5, 0x5
core   0: 3 0x8000b7d6 (0x00005f17) x30 0x800107d6
core   0: 0x8000b7da (0x823f2523) sw      gp, -2006(t5)
core   0: 3 0x8000b7da (0x823f2523) mem 0x80010000 0x00000001
core   0: 0x8000b7de (0x0000bfe5) c.j     pc - 8
core   0: 3 0x8000b7de (0xbfe5)
core   0: 0x8000b7d6 (0x00005f17) auipc   t5, 0x5
core   0: 3 0x8000b7d6 (0x00005f17) x30 0x800107d6
core   0: 0x8000b7da (0x823f2523) sw      gp, -2006(t5)
core   0: 3 0x8000b7da (0x823f2523) mem 0x80010000 0x00000001
core   0: 0x8000b7de (0x0000bfe5) c.j     pc - 8
core   0: 3 0x8000b7de (0xbfe5)
core   0: 0x8000b7d6 (0x00005f17) auipc   t5, 0x5
core   0: 3 0x8000b7d6 (0x00005f17) x30 0x800107d6
core   0: 0x8000b7da (0x823f2523) sw      gp, -2006(t5)
core   0: 3 0x8000b7da (0x823f2523) mem 0x80010000 0x00000001
core   0: 0x8000b7de (0x0000bfe5) c.j     pc - 8
core   0: 3 0x8000b7de (0xbfe5)
core   0: 0x8000b7d6 (0x00005f17) auipc   t5, 0x5
core   0: 3 0x8000b7d6 (0x00005f17) x30 0x800107d6
core   0: 0x8000b7da (0x823f2523) sw      gp, -2006(t5)
core   0: 3 0x8000b7da (0x823f2523) mem 0x80010000 0x00000001
core   0: 0x8000b7de (0x0000bfe5) c.j     pc - 8
core   0: 3 0x8000b7de (0xbfe5)
core   0: 0x8000b7d6 (0x00005f17) auipc   t5, 0x5
core   0: 3 0x8000b7d6 (0x00005f17) x30 0x800107d6
core   0: 0x8000b7da (0x823f2523) sw      gp, -2006(t5)
core   0: 3 0x8000b7da (0x823f2523) mem 0x80010000 0x00000001
core   0: 0x8000b7de (0x0000bfe5) c.j     pc - 8
core   0: 3 0x8000b7de (0xbfe5)
core   0: 0x8000b7d6 (0x00005f17) auipc   t5, 0x5
core   0: 3 0x8000b7d6 (0x00005f17) x30 0x800107d6
core   0: 0x8000b7da (0x823f2523) sw      gp, -2006(t5)
core   0: 3 0x8000b7da (0x823f2523) mem 0x80010000 0x00000001
core   0: 0x8000b7de (0x0000bfe5) c.j     pc - 8
core   0: 3 0x8000b7de (0xbfe5)
core   0: 0x8000b7d6 (0x00005f17) auipc   t5, 0x5
core   0: 3 0x8000b7d6 (0x00005f17) x30 0x800107d6
core   0: 0x8000b7da (0x823f2523) sw      gp, -2006(t5)
core   0: 3 0x8000b7da (0x823f2523) mem 0x80010000 0x00000001
core   0: 0x8000b7de (0x0000bfe5) c.j     pc - 8
core   0: 3 0x8000b7de (0xbfe5)
core   0: 0x8000b7d6 (0x00005f17) auipc   t5, 0x5
core   0: 3 0x8000b7d6 (0x00005f17) x30 0x800107d6
core   0: 0x8000b7da (0x823f2523) sw      gp, -2006(t5)
core   0: 3 0x8000b7da (0x823f2523) mem 0x80010000 0x00000001
core   0: 0x8000b7de (0x0000bfe5) c.j     pc - 8
core   0: 3 0x8000b7de (0xbfe5)
core   0: 0x8000b7d6 (0x00005f17) auipc   t5, 0x5
core   0: 3 0x8000b7d6 (0x00005f17) x30 0x800107d6
core   0: 0x8000b7da (0x823f2523) sw      gp, -2006(t5)
core   0: 3 0x8000b7da (0x823f2523) mem 0x80010000 0x00000001
core   0: 0x8000b7de (0x0000bfe5) c.j     pc - 8
core   0: 3 0x8000b7de (0xbfe5)
core   0: 0x8000b7d6 (0x00005f17) auipc   t5, 0x5
core   0: 3 0x8000b7d6 (0x00005f17) x30 0x800107d6
core   0: 0x8000b7da (0x823f2523) sw      gp, -2006(t5)
core   0: 3 0x8000b7da (0x823f2523) mem 0x80010000 0x00000001
core   0: 0x8000b7de (0x0000bfe5) c.j     pc - 8
core   0: 3 0x8000b7de (0xbfe5)
core   0: 0x8000b7d6 (0x00005f17) auipc   t5, 0x5
core   0: 3 0x8000b7d6 (0x00005f17) x30 0x800107d6
core   0: 0x8000b7da (0x823f2523) sw      gp, -2006(t5)
core   0: 3 0x8000b7da (0x823f2523) mem 0x80010000 0x00000001
core   0: 0x8000b7de (0x0000bfe5) c.j     pc - 8
core   0: 3 0x8000b7de (0xbfe5)
core   0: 0x8000b7d6 (0x00005f17) auipc   t5, 0x5
core   0: 3 0x8000b7d6 (0x00005f17) x30 0x800107d6
core   0: 0x8000b7da (0x823f2523) sw      gp, -2006(t5)
core   0: 3 0x8000b7da (0x823f2523) mem 0x80010000 0x00000001
core   0: 0x8000b7de (0x0000bfe5) c.j     pc - 8
core   0: 3 0x8000b7de (0xbfe5)
core   0: 0x8000b7d6 (0x00005f17) auipc   t5, 0x5
core   0: 3 0x8000b7d6 (0x00005f17) x30 0x800107d6
core   0: 0x8000b7da (0x823f2523) sw      gp, -2006(t5)
core   0: 3 0x8000b7da (0x823f2523) mem 0x80010000 0x00000001
core   0: 0x8000b7de (0x0000bfe5) c.j     pc - 8
core   0: 3 0x8000b7de (0xbfe5)
core   0: 0x8000b7d6 (0x00005f17) auipc   t5, 0x5
core   0: 3 0x8000b7d6 (0x00005f17) x30 0x800107d6
core   0: 0x8000b7da (0x823f2523) sw      gp, -2006(t5)
core   0: 3 0x8000b7da (0x823f2523) mem 0x80010000 0x00000001
core   0: 0x8000b7de (0x0000bfe5) c.j     pc - 8
core   0: 3 0x8000b7de (0xbfe5)
core   0: 0x8000b7d6 (0x00005f17) auipc   t5, 0x5
core   0: 3 0x8000b7d6 (0x00005f17) x30 0x800107d6
core   0: 0x8000b7da (0x823f2523) sw      gp, -2006(t5)
core   0: 3 0x8000b7da (0x823f2523) mem 0x80010000 0x00000001
core   0: 0x8000b7de (0x0000bfe5) c.j     pc - 8
core   0: 3 0x8000b7de (0xbfe5)
core   0: 0x8000b7d6 (0x00005f17) auipc   t5, 0x5
core   0: 3 0x8000b7d6 (0x00005f17) x30 0x800107d6
core   0: 0x8000b7da (0x823f2523) sw      gp, -2006(t5)
core   0: 3 0x8000b7da (0x823f2523) mem 0x80010000 0x00000001
core   0: 0x8000b7de (0x0000bfe5) c.j     pc - 8
core   0: 3 0x8000b7de (0xbfe5)
core   0: 0x8000b7d6 (0x00005f17) auipc   t5, 0x5
core   0: 3 0x8000b7d6 (0x00005f17) x30 0x800107d6
core   0: 0x8000b7da (0x823f2523) sw      gp, -2006(t5)
core   0: 3 0x8000b7da (0x823f2523) mem 0x80010000 0x00000001
core   0: 0x8000b7de (0x0000bfe5) c.j     pc - 8
core   0: 3 0x8000b7de (0xbfe5)
core   0: 0x8000b7d6 (0x00005f17) auipc   t5, 0x5
core   0: 3 0x8000b7d6 (0x00005f17) x30 0x800107d6
core   0: 0x8000b7da (0x823f2523) sw      gp, -2006(t5)
core   0: 3 0x8000b7da (0x823f2523) mem 0x80010000 0x00000001
core   0: 0x8000b7de (0x0000bfe5) c.j     pc - 8
core   0: 3 0x8000b7de (0xbfe5)
core   0: 0x8000b7d6 (0x00005f17) auipc   t5, 0x5
core   0: 3 0x8000b7d6 (0x00005f17) x30 0x800107d6
core   0: 0x8000b7da (0x823f2523) sw      gp, -2006(t5)
core   0: 3 0x8000b7da (0x823f2523) mem 0x80010000 0x00000001
core   0: 0x8000b7de (0x0000bfe5) c.j     pc - 8
core   0: 3 0x8000b7de (0xbfe5)
core   0: 0x8000b7d6 (0x00005f17) auipc   t5, 0x5
core   0: 3 0x8000b7d6 (0x00005f17) x30 0x800107d6
core   0: 0x8000b7da (0x823f2523) sw      gp, -2006(t5)
core   0: 3 0x8000b7da (0x823f2523) mem 0x80010000 0x00000001
core   0: 0x8000b7de (0x0000bfe5) c.j     pc - 8
core   0: 3 0x8000b7de (0xbfe5)
core   0: 0x8000b7d6 (0x00005f17) auipc   t5, 0x5
core   0: 3 0x8000b7d6 (0x00005f17) x30 0x800107d6
core   0: 0x8000b7da (0x823f2523) sw      gp, -2006(t5)
core   0: 3 0x8000b7da (0x823f2523) mem 0x80010000 0x00000001
core   0: 0x8000b7de (0x0000bfe5) c.j     pc - 8
core   0: 3 0x8000b7de (0xbfe5)
core   0: 0x8000b7d6 (0x00005f17) auipc   t5, 0x5
core   0: 3 0x8000b7d6 (0x00005f17) x30 0x800107d6
core   0: 0x8000b7da (0x823f2523) sw      gp, -2006(t5)
core   0: 3 0x8000b7da (0x823f2523) mem 0x80010000 0x00000001
core   0: 0x8000b7de (0x0000bfe5) c.j     pc - 8
core   0: 3 0x8000b7de (0xbfe5)
core   0: 0x8000b7d6 (0x00005f17) auipc   t5, 0x5
core   0: 3 0x8000b7d6 (0x00005f17) x30 0x800107d6
core   0: 0x8000b7da (0x823f2523) sw      gp, -2006(t5)
core   0: 3 0x8000b7da (0x823f2523) mem 0x80010000 0x00000001
core   0: 0x8000b7de (0x0000bfe5) c.j     pc - 8
core   0: 3 0x8000b7de (0xbfe5)
core   0: 0x8000b7d6 (0x00005f17) auipc   t5, 0x5
core   0: 3 0x8000b7d6 (0x00005f17) x30 0x800107d6
core   0: 0x8000b7da (0x823f2523) sw      gp, -2006(t5)
core   0: 3 0x8000b7da (0x823f2523) mem 0x80010000 0x00000001
core   0: 0x8000b7de (0x0000bfe5) c.j     pc - 8
core   0: 3 0x8000b7de (0xbfe5)
core   0: 0x8000b7d6 (0x00005f17) auipc   t5, 0x5
core   0: 3 0x8000b7d6 (0x00005f17) x30 0x800107d6
core   0: 0x8000b7da (0x823f2523) sw      gp, -2006(t5)
core   0: 3 0x8000b7da (0x823f2523) mem 0x80010000 0x00000001
core   0: 0x8000b7de (0x0000bfe5) c.j     pc - 8
core   0: 3 0x8000b7de (0xbfe5)
core   0: 0x8000b7d6 (0x00005f17) auipc   t5, 0x5
core   0: 3 0x8000b7d6 (0x00005f17) x30 0x800107d6
core   0: 0x8000b7da (0x823f2523) sw      gp, -2006(t5)
core   0: 3 0x8000b7da (0x823f2523) mem 0x80010000 0x00000001
core   0: 0x8000b7de (0x0000bfe5) c.j     pc - 8
core   0: 3 0x8000b7de (0xbfe5)
core   0: 0x8000b7d6 (0x00005f17) auipc   t5, 0x5
core   0: 3 0x8000b7d6 (0x00005f17) x30 0x800107d6
core   0: 0x8000b7da (0x823f2523) sw      gp, -2006(t5)
core   0: 3 0x8000b7da (0x823f2523) mem 0x80010000 0x00000001
core   0: 0x8000b7de (0x0000bfe5) c.j     pc - 8
core   0: 3 0x8000b7de (0xbfe5)
core   0: 0x8000b7d6 (0x00005f17) auipc   t5, 0x5
core   0: 3 0x8000b7d6 (0x00005f17) x30 0x800107d6
core   0: 0x8000b7da (0x823f2523) sw      gp, -2006(t5)
core   0: 3 0x8000b7da (0x823f2523) mem 0x80010000 0x00000001
core   0: 0x8000b7de (0x0000bfe5) c.j     pc - 8
core   0: 3 0x8000b7de (0xbfe5)
core   0: 0x8000b7d6 (0x00005f17) auipc   t5, 0x5
core   0: 3 0x8000b7d6 (0x00005f17) x30 0x800107d6
core   0: 0x8000b7da (0x823f2523) sw      gp, -2006(t5)
core   0: 3 0x8000b7da (0x823f2523) mem 0x80010000 0x00000001
core   0: 0x8000b7de (0x0000bfe5) c.j     pc - 8
core   0: 3 0x8000b7de (0xbfe5)
core   0: 0x8000b7d6 (0x00005f17) auipc   t5, 0x5
core   0: 3 0x8000b7d6 (0x00005f17) x30 0x800107d6
core   0: 0x8000b7da (0x823f2523) sw      gp, -2006(t5)
core   0: 3 0x8000b7da (0x823f2523) mem 0x80010000 0x00000001
core   0: 0x8000b7de (0x0000bfe5) c.j     pc - 8
core   0: 3 0x8000b7de (0xbfe5)
core   0: 0x8000b7d6 (0x00005f17) auipc   t5, 0x5
core   0: 3 0x8000b7d6 (0x00005f17) x30 0x800107d6
core   0: 0x8000b7da (0x823f2523) sw      gp, -2006(t5)
core   0: 3 0x8000b7da (0x823f2523) mem 0x80010000 0x00000001
core   0: 0x8000b7de (0x0000bfe5) c.j     pc - 8
core   0: 3 0x8000b7de (0xbfe5)
core   0: 0x8000b7d6 (0x00005f17) auipc   t5, 0x5
core   0: 3 0x8000b7d6 (0x00005f17) x30 0x800107d6
core   0: 0x8000b7da (0x823f2523) sw      gp, -2006(t5)
core   0: 3 0x8000b7da (0x823f2523) mem 0x80010000 0x00000001
core   0: 0x8000b7de (0x0000bfe5) c.j     pc - 8
core   0: 3 0x8000b7de (0xbfe5)
core   0: 0x8000b7d6 (0x00005f17) auipc   t5, 0x5
core   0: 3 0x8000b7d6 (0x00005f17) x30 0x800107d6
core   0: 0x8000b7da (0x823f2523) sw      gp, -2006(t5)
core   0: 3 0x8000b7da (0x823f2523) mem 0x80010000 0x00000001
core   0: 0x8000b7de (0x0000bfe5) c.j     pc - 8
core   0: 3 0x8000b7de (0xbfe5)
core   0: 0x8000b7d6 (0x00005f17) auipc   t5, 0x5
core   0: 3 0x8000b7d6 (0x00005f17) x30 0x800107d6
core   0: 0x8000b7da (0x823f2523) sw      gp, -2006(t5)
core   0: 3 0x8000b7da (0x823f2523) mem 0x80010000 0x00000001
core   0: 0x8000b7de (0x0000bfe5) c.j     pc - 8
core   0: 3 0x8000b7de (0xbfe5)
core   0: 0x8000b7d6 (0x00005f17) auipc   t5, 0x5
core   0: 3 0x8000b7d6 (0x00005f17) x30 0x800107d6
core   0: 0x8000b7da (0x823f2523) sw      gp, -2006(t5)
core   0: 3 0x8000b7da (0x823f2523) mem 0x80010000 0x00000001
core   0: 0x8000b7de (0x0000bfe5) c.j     pc - 8
core   0: 3 0x8000b7de (0xbfe5)
core   0: 0x8000b7d6 (0x00005f17) auipc   t5, 0x5
core   0: 3 0x8000b7d6 (0x00005f17) x30 0x800107d6
core   0: 0x8000b7da (0x823f2523) sw      gp, -2006(t5)
core   0: 3 0x8000b7da (0x823f2523) mem 0x80010000 0x00000001
core   0: 0x8000b7de (0x0000bfe5) c.j     pc - 8
core   0: 3 0x8000b7de (0xbfe5)
core   0: 0x8000b7d6 (0x00005f17) auipc   t5, 0x5
core   0: 3 0x8000b7d6 (0x00005f17) x30 0x800107d6
core   0: 0x8000b7da (0x823f2523) sw      gp, -2006(t5)
core   0: 3 0x8000b7da (0x823f2523) mem 0x80010000 0x00000001
core   0: 0x8000b7de (0x0000bfe5) c.j     pc - 8
core   0: 3 0x8000b7de (0xbfe5)
core   0: 0x8000b7d6 (0x00005f17) auipc   t5, 0x5
core   0: 3 0x8000b7d6 (0x00005f17) x30 0x800107d6
core   0: 0x8000b7da (0x823f2523) sw      gp, -2006(t5)
core   0: 3 0x8000b7da (0x823f2523) mem 0x80010000 0x00000001
core   0: 0x8000b7de (0x0000bfe5) c.j     pc - 8
core   0: 3 0x8000b7de (0xbfe5)
core   0: 0x8000b7d6 (0x00005f17) auipc   t5, 0x5
core   0: 3 0x8000b7d6 (0x00005f17) x30 0x800107d6
core   0: 0x8000b7da (0x823f2523) sw      gp, -2006(t5)
core   0: 3 0x8000b7da (0x823f2523) mem 0x80010000 0x00000001
core   0: 0x8000b7de (0x0000bfe5) c.j     pc - 8
core   0: 3 0x8000b7de (0xbfe5)
core   0: 0x8000b7d6 (0x00005f17) auipc   t5, 0x5
core   0: 3 0x8000b7d6 (0x00005f17) x30 0x800107d6
core   0: 0x8000b7da (0x823f2523) sw      gp, -2006(t5)
core   0: 3 0x8000b7da (0x823f2523) mem 0x80010000 0x00000001
core   0: 0x8000b7de (0x0000bfe5) c.j     pc - 8
core   0: 3 0x8000b7de (0xbfe5)
core   0: 0x8000b7d6 (0x00005f17) auipc   t5, 0x5
core   0: 3 0x8000b7d6 (0x00005f17) x30 0x800107d6
core   0: 0x8000b7da (0x823f2523) sw      gp, -2006(t5)
core   0: 3 0x8000b7da (0x823f2523) mem 0x80010000 0x00000001
core   0: 0x8000b7de (0x0000bfe5) c.j     pc - 8
core   0: 3 0x8000b7de (0xbfe5)
core   0: 0x8000b7d6 (0x00005f17) auipc   t5, 0x5
core   0: 3 0x8000b7d6 (0x00005f17) x30 0x800107d6
core   0: 0x8000b7da (0x823f2523) sw      gp, -2006(t5)
core   0: 3 0x8000b7da (0x823f2523) mem 0x80010000 0x00000001
core   0: 0x8000b7de (0x0000bfe5) c.j     pc - 8
core   0: 3 0x8000b7de (0xbfe5)
core   0: 0x8000b7d6 (0x00005f17) auipc   t5, 0x5
core   0: 3 0x8000b7d6 (0x00005f17) x30 0x800107d6
core   0: 0x8000b7da (0x823f2523) sw      gp, -2006(t5)
core   0: 3 0x8000b7da (0x823f2523) mem 0x80010000 0x00000001
core   0: 0x8000b7de (0x0000bfe5) c.j     pc - 8
core   0: 3 0x8000b7de (0xbfe5)
core   0: 0x8000b7d6 (0x00005f17) auipc   t5, 0x5
core   0: 3 0x8000b7d6 (0x00005f17) x30 0x800107d6
core   0: 0x8000b7da (0x823f2523) sw      gp, -2006(t5)
core   0: 3 0x8000b7da (0x823f2523) mem 0x80010000 0x00000001
core   0: 0x8000b7de (0x0000bfe5) c.j     pc - 8
core   0: 3 0x8000b7de (0xbfe5)
core   0: 0x8000b7d6 (0x00005f17) auipc   t5, 0x5
core   0: 3 0x8000b7d6 (0x00005f17) x30 0x800107d6
core   0: 0x8000b7da (0x823f2523) sw      gp, -2006(t5)
core   0: 3 0x8000b7da (0x823f2523) mem 0x80010000 0x00000001
core   0: 0x8000b7de (0x0000bfe5) c.j     pc - 8
core   0: 3 0x8000b7de (0xbfe5)
core   0: 0x8000b7d6 (0x00005f17) auipc   t5, 0x5
core   0: 3 0x8000b7d6 (0x00005f17) x30 0x800107d6
core   0: 0x8000b7da (0x823f2523) sw      gp, -2006(t5)
core   0: 3 0x8000b7da (0x823f2523) mem 0x80010000 0x00000001
core   0: 0x8000b7de (0x0000bfe5) c.j     pc - 8
core   0: 3 0x8000b7de (0xbfe5)
core   0: 0x8000b7d6 (0x00005f17) auipc   t5, 0x5
core   0: 3 0x8000b7d6 (0x00005f17) x30 0x800107d6
core   0: 0x8000b7da (0x823f2523) sw      gp, -2006(t5)
core   0: 3 0x8000b7da (0x823f2523) mem 0x80010000 0x00000001
core   0: 0x8000b7de (0x0000bfe5) c.j     pc - 8
core   0: 3 0x8000b7de (0xbfe5)
core   0: 0x8000b7d6 (0x00005f17) auipc   t5, 0x5
core   0: 3 0x8000b7d6 (0x00005f17) x30 0x800107d6
core   0: 0x8000b7da (0x823f2523) sw      gp, -2006(t5)
core   0: 3 0x8000b7da (0x823f2523) mem 0x80010000 0x00000001
core   0: 0x8000b7de (0x0000bfe5) c.j     pc - 8
core   0: 3 0x8000b7de (0xbfe5)
core   0: 0x8000b7d6 (0x00005f17) auipc   t5, 0x5
core   0: 3 0x8000b7d6 (0x00005f17) x30 0x800107d6
core   0: 0x8000b7da (0x823f2523) sw      gp, -2006(t5)
core   0: 3 0x8000b7da (0x823f2523) mem 0x80010000 0x00000001
core   0: 0x8000b7de (0x0000bfe5) c.j     pc - 8
core   0: 3 0x8000b7de (0xbfe5)
core   0: 0x8000b7d6 (0x00005f17) auipc   t5, 0x5
core   0: 3 0x8000b7d6 (0x00005f17) x30 0x800107d6
core   0: 0x8000b7da (0x823f2523) sw      gp, -2006(t5)
core   0: 3 0x8000b7da (0x823f2523) mem 0x80010000 0x00000001
core   0: 0x8000b7de (0x0000bfe5) c.j     pc - 8
core   0: 3 0x8000b7de (0xbfe5)
core   0: 0x8000b7d6 (0x00005f17) auipc   t5, 0x5
core   0: 3 0x8000b7d6 (0x00005f17) x30 0x800107d6
core   0: 0x8000b7da (0x823f2523) sw      gp, -2006(t5)
core   0: 3 0x8000b7da (0x823f2523) mem 0x80010000 0x00000001
core   0: 0x8000b7de (0x0000bfe5) c.j     pc - 8
core   0: 3 0x8000b7de (0xbfe5)
core   0: 0x8000b7d6 (0x00005f17) auipc   t5, 0x5
core   0: 3 0x8000b7d6 (0x00005f17) x30 0x800107d6
core   0: 0x8000b7da (0x823f2523) sw      gp, -2006(t5)
core   0: 3 0x8000b7da (0x823f2523) mem 0x80010000 0x00000001
