core   0: 0x00001000 (0x00000297) auipc   t0, 0x0
core   0: 3 0x00001000 (0x00000297) x5  0x00001000
core   0: 0x00001004 (0x02028593) addi    a1, t0, 32
core   0: 3 0x00001004 (0x02028593) x11 0x00001020
core   0: 0x00001008 (0xf1402573) csrr    a0, mhartid
core   0: 3 0x00001008 (0xf1402573) x10 0x00000000
core   0: 0x0000100c (0x0182a283) lw      t0, 24(t0)
core   0: 3 0x0000100c (0x0182a283) x5  0x80000000 mem 0x00001018
core   0: 0x00001010 (0x00028067) jr      t0
core   0: 3 0x00001010 (0x00028067)
core   0: 0x80000000 (0xf14022f3) csrr    t0, mhartid
core   0: 3 0x80000000 (0xf14022f3) x5  0x00000000
core   0: 0x80000004 (0x00004301) c.li    t1, 0
core   0: 3 0x80000004 (0x4301) x6  0x00000000
core   0: 0x80000006 (0x00628263) beq     t0, t1, pc + 4
core   0: 3 0x80000006 (0x00628263)
core   0: 0x8000000a (0x00000a97) auipc   s5, 0x0
core   0: 3 0x8000000a (0x00000a97) x21 0x8000000a
core   0: 0x8000000e (0x00ca8a93) addi    s5, s5, 12
core   0: 3 0x8000000e (0x00ca8a93) x21 0x80000016
core   0: 0x80000012 (0x000a8067) jr      s5
core   0: 3 0x80000012 (0x000a8067)
core   0: 0x80000016 (0x40001337) lui     t1, 0x40001
core   0: 3 0x80000016 (0x40001337) x6  0x40001000
core   0: 0x8000001a (0x10530313) addi    t1, t1, 261
core   0: 3 0x8000001a (0x10530313) x6  0x40001105
core   0: 0x8000001e (0x30131073) csrw    misa, t1
core   0: 3 0x8000001e (0x30131073) c769_misa 0x40141105
core   0: 0x80000022 (0x0002af17) auipc   t5, 0x2a
core   0: 3 0x80000022 (0x0002af17) x30 0x8002a022
core   0: 0x80000026 (0xd02f0f13) addi    t5, t5, -766
core   0: 3 0x80000026 (0xd02f0f13) x30 0x80029d24
core   0: 0x8000002a (0x0000b317) auipc   t1, 0xb
core   0: 3 0x8000002a (0x0000b317) x6  0x8000b02a
core   0: 0x8000002e (0xd4630313) addi    t1, t1, -698
core   0: 3 0x8000002e (0xd4630313) x6  0x8000ad70
core   0: 0x80000032 (0x00136313) ori     t1, t1, 1
core   0: 3 0x80000032 (0x00136313) x6  0x8000ad71
core   0: 0x80000036 (0x30531073) csrw    mtvec, t1
core   0: 3 0x80000036 (0x30531073) c773_mtvec 0x8000ad71
core   0: 0x8000003a (0x00000317) auipc   t1, 0x0
core   0: 3 0x8000003a (0x00000317) x6  0x8000003a
core   0: 0x8000003e (0x02230313) addi    t1, t1, 34
core   0: 3 0x8000003e (0x02230313) x6  0x8000005c
core   0: 0x80000042 (0x34131073) csrw    mepc, t1
core   0: 3 0x80000042 (0x34131073) c833_mepc 0x8000005c
core   0: 0x80000046 (0x00000001) c.nop
core   0: 3 0x80000046 (0x0001)
core   0: 0x80000048 (0x00006309) c.lui   t1, 0x2
core   0: 3 0x80000048 (0x6309) x6  0x00002000
core   0: 0x8000004a (0x80030313) addi    t1, t1, -2048
core   0: 3 0x8000004a (0x80030313) x6  0x00001800
core   0: 0x8000004e (0x30031073) csrw    mstatus, t1
core   0: 3 0x8000004e (0x30031073) c768_mstatus 0x00001800
core   0: 0x80000052 (0x00004301) c.li    t1, 0
core   0: 3 0x80000052 (0x4301) x6  0x00000000
core   0: 0x80000054 (0x30431073) csrw    mie, t1
core   0: 3 0x80000054 (0x30431073) c772_mie 0x00000000
core   0: 0x80000058 (0x30200073) mret
core   0: 3 0x80000058 (0x30200073) c784_mstatush 0x00000000 c768_mstatus 0x00000080
core   0: >>>>  init
core   0: 0x8000005c (0x00500013) li      zero, 5
core   0: 3 0x8000005c (0x00500013)
core   0: 0x80000060 (0xf05070b7) lui     ra, 0xf0507
core   0: 3 0x80000060 (0xf05070b7) x1  0xf0507000
core   0: 0x80000064 (0x8c008093) addi    ra, ra, -1856
core   0: 3 0x80000064 (0x8c008093) x1  0xf05068c0
core   0: 0x80000068 (0xf8e6f137) lui     sp, 0xf8e6f
core   0: 3 0x80000068 (0xf8e6f137) x2  0xf8e6f000
core   0: 0x8000006c (0x19110113) addi    sp, sp, 401
core   0: 3 0x8000006c (0x19110113) x2  0xf8e6f191
core   0: 0x80000070 (0x000041ad) c.li    gp, 11
core   0: 3 0x80000070 (0x41ad) x3  0x0000000b
core   0: 0x80000072 (0x0000422d) c.li    tp, 11
core   0: 3 0x80000072 (0x422d) x4  0x0000000b
core   0: 0x80000074 (0x00004281) c.li    t0, 0
core   0: 3 0x80000074 (0x4281) x5  0x00000000
core   0: 0x80000076 (0x7e161337) lui     t1, 0x7e161
core   0: 3 0x80000076 (0x7e161337) x6  0x7e161000
core   0: 0x8000007a (0x80c30313) addi    t1, t1, -2036
core   0: 3 0x8000007a (0x80c30313) x6  0x7e16080c
core   0: 0x8000007e (0x00004381) c.li    t2, 0
core   0: 3 0x8000007e (0x4381) x7  0x00000000
core   0: 0x80000080 (0x461a5437) lui     s0, 0x461a5
core   0: 3 0x80000080 (0x461a5437) x8  0x461a5000
core   0: 0x80000084 (0x19c40413) addi    s0, s0, 412
core   0: 3 0x80000084 (0x19c40413) x8  0x461a519c
core   0: 0x80000088 (0x00004481) c.li    s1, 0
core   0: 3 0x80000088 (0x4481) x9  0x00000000
core   0: 0x8000008a (0x00004501) c.li    a0, 0
core   0: 3 0x8000008a (0x4501) x10 0x00000000
core   0: 0x8000008c (0x0000459d) c.li    a1, 7
core   0: 3 0x8000008c (0x459d) x11 0x00000007
core   0: 0x8000008e (0xff51b637) lui     a2, 0xff51b
core   0: 3 0x8000008e (0xff51b637) x12 0xff51b000
core   0: 0x80000092 (0xcde60613) addi    a2, a2, -802
core   0: 3 0x80000092 (0xcde60613) x12 0xff51acde
core   0: 0x80000096 (0x0fb0b6b7) lui     a3, 0xfb0b
core   0: 3 0x80000096 (0x0fb0b6b7) x13 0x0fb0b000
core   0: 0x8000009a (0xf1f68693) addi    a3, a3, -225
core   0: 3 0x8000009a (0xf1f68693) x13 0x0fb0af1f
core   0: 0x8000009e (0x00004725) c.li    a4, 9
core   0: 3 0x8000009e (0x4725) x14 0x00000009
core   0: 0x800000a0 (0xf8dab7b7) lui     a5, 0xf8dab
core   0: 3 0x800000a0 (0xf8dab7b7) x15 0xf8dab000
core   0: 0x800000a4 (0x87178793) addi    a5, a5, -1935
core   0: 3 0x800000a4 (0x87178793) x15 0xf8daa871
core   0: 0x800000a8 (0x0000480d) c.li    a6, 3
core   0: 3 0x800000a8 (0x480d) x16 0x00000003
core   0: 0x800000aa (0x5c30d8b7) lui     a7, 0x5c30d
core   0: 3 0x800000aa (0x5c30d8b7) x17 0x5c30d000
core   0: 0x800000ae (0xfc888893) addi    a7, a7, -56
core   0: 3 0x800000ae (0xfc888893) x17 0x5c30cfc8
core   0: 0x800000b2 (0x00004931) c.li    s2, 12
core   0: 3 0x800000b2 (0x4931) x18 0x0000000c
core   0: 0x800000b4 (0x00004981) c.li    s3, 0
core   0: 3 0x800000b4 (0x4981) x19 0x00000000
core   0: 0x800000b6 (0x00004a35) c.li    s4, 13
core   0: 3 0x800000b6 (0x4a35) x20 0x0000000d
core   0: 0x800000b8 (0x00004aa1) c.li    s5, 8
core   0: 3 0x800000b8 (0x4aa1) x21 0x00000008
core   0: 0x800000ba (0xfea4ab37) lui     s6, 0xfea4a
core   0: 3 0x800000ba (0xfea4ab37) x22 0xfea4a000
core   0: 0x800000be (0x07db0b13) addi    s6, s6, 125
core   0: 3 0x800000be (0x07db0b13) x22 0xfea4a07d
core   0: 0x800000c2 (0x80000bb7) lui     s7, 0x80000
core   0: 3 0x800000c2 (0x80000bb7) x23 0x80000000
core   0: 0x800000c6 (0xd476dc37) lui     s8, 0xd476d
core   0: 3 0x800000c6 (0xd476dc37) x24 0xd476d000
core   0: 0x800000ca (0x8b8c0c13) addi    s8, s8, -1864
core   0: 3 0x800000ca (0x8b8c0c13) x24 0xd476c8b8
core   0: 0x800000ce (0x00004c91) c.li    s9, 4
core   0: 3 0x800000ce (0x4c91) x25 0x00000004
core   0: 0x800000d0 (0x00004d01) c.li    s10, 0
core   0: 3 0x800000d0 (0x4d01) x26 0x00000000
core   0: 0x800000d2 (0xd2876db7) lui     s11, 0xd2876
core   0: 3 0x800000d2 (0xd2876db7) x27 0xd2876000
core   0: 0x800000d6 (0x0b5d8d93) addi    s11, s11, 181
core   0: 3 0x800000d6 (0x0b5d8d93) x27 0xd28760b5
core   0: 0x800000da (0xf9ec8e37) lui     t3, 0xf9ec8
core   0: 3 0x800000da (0xf9ec8e37) x28 0xf9ec8000
core   0: 0x800000de (0x093e0e13) addi    t3, t3, 147
core   0: 3 0x800000de (0x093e0e13) x28 0xf9ec8093
core   0: 0x800000e2 (0x024a0fb7) lui     t6, 0x24a0
core   0: 3 0x800000e2 (0x024a0fb7) x31 0x024a0000
core   0: 0x800000e6 (0x504f8f93) addi    t6, t6, 1284
core   0: 3 0x800000e6 (0x504f8f93) x31 0x024a0504
core   0: 0x800000ea (0x00026e97) auipc   t4, 0x26
core   0: 3 0x800000ea (0x00026e97) x29 0x800260ea
core   0: 0x800000ee (0xdbae8e93) addi    t4, t4, -582
core   0: 3 0x800000ee (0xdbae8e93) x29 0x80025ea4
core   0: 0x800000f2 (0x00009b97) auipc   s7, 0x9
core   0: 3 0x800000f2 (0x00009b97) x23 0x800090f2
core   0: 0x800000f6 (0x592b8b93) addi    s7, s7, 1426
core   0: 3 0x800000f6 (0x592b8b93) x23 0x80009684
core   0: 0x800000fa (0x001ecfb3) xor     t6, t4, ra
core   0: 3 0x800000fa (0x001ecfb3) x31 0x70523664
core   0: 0x800000fe (0x007f9933) sll     s2, t6, t2
core   0: 3 0x800000fe (0x007f9933) x18 0x70523664
core   0: 0x80000102 (0x3727a113) slti    sp, a5, 882
core   0: 3 0x80000102 (0x3727a113) x2  0x00000001
core   0: 0x80000106 (0x0145a8b3) slt     a7, a1, s4
core   0: 3 0x80000106 (0x0145a8b3) x17 0x00000001
core   0: 0x8000010a (0xe32b8b93) addi    s7, s7, -462
core   0: 3 0x8000010a (0xe32b8b93) x23 0x800094b6
core   0: 0x8000010e (0x00008801) c.andi  s0, 0
core   0: 3 0x8000010e (0x8801) x8  0x00000000
core   0: 0x80000110 (0x000050fd) c.li    ra, -1
core   0: 3 0x80000110 (0x50fd) x1  0xffffffff
core   0: 0x80000112 (0x00000001) c.nop
core   0: 3 0x80000112 (0x0001)
core   0: 0x80000114 (0x0048c9b3) xor     s3, a7, tp
core   0: 3 0x80000114 (0x0048c9b3) x19 0x0000000a
core   0: 0x80000118 (0x01cd9463) bne     s11, t3, pc + 8
core   0: 3 0x80000118 (0x01cd9463)
core   0: 0x80000120 (0x1cfb80e7) jalr    ra, s7, 463
core   0: 3 0x80000120 (0x1cfb80e7) x1  0x80000124
core   0: 0x80009684 (0x0109bb33) sltu    s6, s3, a6
core   0: 3 0x80009684 (0x0109bb33) x22 0x00000000
core   0: 0x80009688 (0x96602893) slti    a7, zero, -1690
core   0: 3 0x80009688 (0x96602893) x17 0x00000000
core   0: 0x8000968c (0x00001eb1) c.addi  t4, -20
core   0: 3 0x8000968c (0x1eb1) x29 0x80025e90
core   0: 0x8000968e (0x407b8633) sub     a2, s7, t2
core   0: 3 0x8000968e (0x407b8633) x12 0x800094b6
core   0: 0x80009692 (0x001ea223) sw      ra, 4(t4)
core   0: 3 0x80009692 (0x001ea223) mem 0x80025e94 0x80000124
core   0: 0x80009696 (0x41cdd533) sra     a0, s11, t3
core   0: 3 0x80009696 (0x41cdd533) x10 0xfffffa50
core   0: 0x8000969a (0xb944b893) sltiu   a7, s1, -1132
core   0: 3 0x8000969a (0xb944b893) x17 0x00000001
core   0: 0x8000969e (0x000008da) c.slli  a7, 22
core   0: 3 0x8000969e (0x08da) x17 0x00400000
core   0: 0x800096a0 (0x03334e33) div     t3, t1, s3
core   0: 3 0x800096a0 (0x03334e33) x28 0x0c9bcd9a
core   0: 0x800096a4 (0x0123da13) srli    s4, t2, 18
core   0: 3 0x800096a4 (0x0123da13) x20 0x00000000
core   0: 0x800096a8 (0x00c000ef) jal     pc + 0xc
core   0: 3 0x800096a8 (0x00c000ef) x1  0x800096ac
core   0: 0x800096b4 (0x0000bffd) c.j     pc - 2
core   0: 3 0x800096b4 (0xbffd)
core   0: 0x800096b2 (0x00002039) c.jal   pc + 14
core   0: 3 0x800096b2 (0x2039) x1  0x800096b4
core   0: 0x800096c0 (0x00003fdd) c.jal   pc - 10
core   0: 3 0x800096c0 (0x3fdd) x1  0x800096c2
core   0: 0x800096b6 (0x0080036f) jal     t1, pc + 0x8
core   0: 3 0x800096b6 (0x0080036f) x6  0x800096ba
core   0: 0x800096be (0x0000a011) c.j     pc + 4
core   0: 3 0x800096be (0xa011)
core   0: 0x800096c2 (0x000037fd) c.jal   pc - 18
core   0: 3 0x800096c2 (0x37fd) x1  0x800096c4
core   0: 0x800096b0 (0x0000a811) c.j     pc + 20
core   0: 3 0x800096b0 (0xa811)
core   0: 0x800096c4 (0xff7ff0ef) jal     pc - 0xa
core   0: 3 0x800096c4 (0xff7ff0ef) x1  0x800096c8
core   0: 0x800096ba (0x0000a009) c.j     pc + 2
core   0: 3 0x800096ba (0xa009)
core   0: 0x800096bc (0x00002031) c.jal   pc + 12
core   0: 3 0x800096bc (0x2031) x1  0x800096be
core   0: 0x800096c8 (0x0000b7d5) c.j     pc - 28
core   0: 3 0x800096c8 (0xb7d5)
core   0: 0x800096ac (0x01e000ef) jal     pc + 0x1e
core   0: 3 0x800096ac (0x01e000ef) x1  0x800096b0
core   0: 0x800096ca (0x0137c2b3) xor     t0, a5, s3
core   0: 3 0x800096ca (0x0137c2b3) x5  0xf8daa87b
core   0: 0x800096ce (0x00c000ef) jal     pc + 0xc
core   0: 3 0x800096ce (0x00c000ef) x1  0x800096d2
core   0: 0x800096da (0x00003ff5) c.jal   pc - 4
core   0: 3 0x800096da (0x3ff5) x1  0x800096dc
core   0: 0x800096d6 (0xfffff16f) jal     sp, pc - 0x2
core   0: 3 0x800096d6 (0xfffff16f) x2  0x800096da
core   0: 0x800096d4 (0x00002029) c.jal   pc + 10
core   0: 3 0x800096d4 (0x2029) x1  0x800096d6
core   0: 0x800096de (0x0000bfd5) c.j     pc - 12
core   0: 3 0x800096de (0xbfd5)
core   0: 0x800096d2 (0x00002819) c.jal   pc + 22
core   0: 3 0x800096d2 (0x2819) x1  0x800096d4
core   0: 0x800096e8 (0x0000bfd5) c.j     pc - 12
core   0: 3 0x800096e8 (0xbfd5)
core   0: 0x800096dc (0x0000a021) c.j     pc + 8
core   0: 3 0x800096dc (0xa021)
core   0: 0x800096e4 (0xffdff36f) jal     t1, pc - 0x4
core   0: 3 0x800096e4 (0xffdff36f) x6  0x800096e8
core   0: 0x800096e0 (0x0000a009) c.j     pc + 2
core   0: 3 0x800096e0 (0xa009)
core   0: 0x800096e2 (0x0000a021) c.j     pc + 8
core   0: 3 0x800096e2 (0xa021)
core   0: 0x800096ea (0x02bc99b3) mulh    s3, s9, a1
core   0: 3 0x800096ea (0x02bc99b3) x19 0x00000000
core   0: 0x800096ee (0x00008197) auipc   gp, 0x8
core   0: 3 0x800096ee (0x00008197) x3  0x800116ee
core   0: 0x800096f2 (0x90218193) addi    gp, gp, -1790
core   0: 3 0x800096f2 (0x90218193) x3  0x80010ff0
core   0: 0x800096f6 (0x00008f11) c.sub   a4, a2
core   0: 3 0x800096f6 (0x8f11) x14 0x7fff6b53
core   0: 0x800096f8 (0xc8c19003) lh      zero, -884(gp)
core   0: 3 0x800096f8 (0xc8c19003) mem 0x80010c7c
core   0: 0x800096fc (0x00009e32) c.add   t3, a2
core   0: 3 0x800096fc (0x9e32) x28 0x8c9c6250
core   0: 0x800096fe (0xc8c1a883) lw      a7, -884(gp)
core   0: 3 0x800096fe (0xc8c1a883) x17 0x00000000 mem 0x80010c7c
core   0: 0x80009702 (0xc8f1a623) sw      a5, -884(gp)
core   0: 3 0x80009702 (0xc8f1a623) mem 0x80010c7c 0xf8daa871
core   0: 0x80009706 (0x8354eb13) ori     s6, s1, -1995
core   0: 3 0x80009706 (0x8354eb13) x22 0xfffff835
core   0: 0x8000970a (0x0000717d) c.addi16sp sp, -16
core   0: 3 0x8000970a (0x717d) x2  0x800096ca
core   0: 0x8000970c (0xc8d1c203) lbu     tp, -883(gp)
core   0: 3 0x8000970c (0xc8d1c203) x4  0x000000a8 mem 0x80010c7d
core   0: 0x80009710 (0x033a0d33) mul     s10, s4, s3
core   0: 3 0x80009710 (0x033a0d33) x26 0x00000000
core   0: 0x80009714 (0x02e085b3) mul     a1, ra, a4
core   0: 3 0x80009714 (0x02e085b3) x11 0x286782bc
core   0: 0x80009718 (0x03653c33) mulhu   s8, a0, s6
core   0: 3 0x80009718 (0x03653c33) x24 0xfffff285
core   0: 0x8000971c (0xaf518003) lb      zero, -1291(gp)
core   0: 3 0x8000971c (0xaf518003) mem 0x80010ae5
core   0: 0x80009720 (0x8eb189a3) sb      a1, -1805(gp)
core   0: 3 0x80009720 (0x8eb189a3) mem 0x800108e3 0xbc
core   0: 0x80009724 (0x02418d83) lb      s11, 36(gp)
core   0: 3 0x80009724 (0x02418d83) x27 0x00000000 mem 0x80011014
core   0: 0x80009728 (0xe4e18ca3) sb      a4, -423(gp)
core   0: 3 0x80009728 (0xe4e18ca3) mem 0x80010e49 0x53
core   0: 0x8000972c (0xe591cd03) lbu     s10, -423(gp)
core   0: 3 0x8000972c (0xe591cd03) x26 0x00000053 mem 0x80010e49
core   0: 0x80009730 (0xe5918903) lb      s2, -423(gp)
core   0: 3 0x80009730 (0xe5918903) x18 0x00000053 mem 0x80010e49
core   0: 0x80009734 (0x00007b97) auipc   s7, 0x7
core   0: 3 0x80009734 (0x00007b97) x23 0x80010734
core   0: 0x80009738 (0x63cb8b93) addi    s7, s7, 1596
core   0: 3 0x80009738 (0x63cb8b93) x23 0x80010d70
core   0: 0x8000973c (0xfdbb8d23) sb      s11, -38(s7)
core   0: 3 0x8000973c (0xfdbb8d23) mem 0x80010d4a 0x00
core   0: 0x80009740 (0x037b8603) lb      a2, 55(s7)
core   0: 3 0x80009740 (0x037b8603) x12 0x00000000 mem 0x80010da7
core   0: 0x80009744 (0x01dbc603) lbu     a2, 29(s7)
core   0: 3 0x80009744 (0x01dbc603) x12 0x00000000 mem 0x80010d8d
core   0: 0x80009748 (0xff1b86a3) sb      a7, -19(s7)
core   0: 3 0x80009748 (0xff1b86a3) mem 0x80010d5d 0x00
core   0: 0x8000974c (0xfe0b9b23) sh      zero, -10(s7)
core   0: 3 0x8000974c (0xfe0b9b23) mem 0x80010d66 0x0000
core   0: 0x80009750 (0xfe3b8603) lb      a2, -29(s7)
core   0: 3 0x80009750 (0xfe3b8603) x12 0x00000000 mem 0x80010d53
core   0: 0x80009754 (0xfdbb8ea3) sb      s11, -35(s7)
core   0: 3 0x80009754 (0xfdbb8ea3) mem 0x80010d4d 0x00
core   0: 0x80009758 (0xfcfb8883) lb      a7, -49(s7)
core   0: 3 0x80009758 (0xfcfb8883) x17 0x00000000 mem 0x80010d3f
core   0: 0x8000975c (0xfc3b8003) lb      zero, -61(s7)
core   0: 3 0x8000975c (0xfc3b8003) mem 0x80010d33
core   0: 0x80009760 (0xfe0b87a3) sb      zero, -17(s7)
core   0: 3 0x80009760 (0xfe0b87a3) mem 0x80010d5f 0x00
core   0: 0x80009764 (0x03100633) mul     a2, zero, a7
core   0: 3 0x80009764 (0x03100633) x12 0x00000000
core   0: 0x80009768 (0x01081833) sll     a6, a6, a6
core   0: 3 0x80009768 (0x01081833) x16 0x00000018
core   0: 0x8000976c (0xfcab8883) lb      a7, -54(s7)
core   0: 3 0x8000976c (0xfcab8883) x17 0x00000000 mem 0x80010d3a
core   0: 0x80009770 (0xfc0b88a3) sb      zero, -47(s7)
core   0: 3 0x80009770 (0xfc0b88a3) mem 0x80010d41 0x00
core   0: 0x80009774 (0x014bd603) lhu     a2, 20(s7)
core   0: 3 0x80009774 (0x014bd603) x12 0x00000000 mem 0x80010d84
core   0: 0x80009778 (0x5e5dbc93) sltiu   s9, s11, 1509
core   0: 3 0x80009778 (0x5e5dbc93) x25 0x00000001
core   0: 0x8000977c (0xfd2bdd83) lhu     s11, -46(s7)
core   0: 3 0x8000977c (0xfd2bdd83) x27 0x00000000 mem 0x80010d42
core   0: 0x80009780 (0x02c608b3) mul     a7, a2, a2
core   0: 3 0x80009780 (0x02c608b3) x17 0x00000000
core   0: 0x80009784 (0xfcbbcc83) lbu     s9, -53(s7)
core   0: 3 0x80009784 (0xfcbbcc83) x25 0x00000000 mem 0x80010d3b
core   0: 0x80009788 (0x00000605) c.addi  a2, 1
core   0: 3 0x80009788 (0x0605) x12 0x00000001
core   0: 0x8000978a (0xcd903613) sltiu   a2, zero, -807
core   0: 3 0x8000978a (0xcd903613) x12 0x00000001
core   0: 0x8000978e (0x020b8523) sb      zero, 42(s7)
core   0: 3 0x8000978e (0x020b8523) mem 0x80010d9a 0x00
core   0: 0x80009792 (0x00000001) c.nop
core   0: 3 0x80009792 (0x0001)
core   0: 0x80009794 (0x022b8d83) lb      s11, 34(s7)
core   0: 3 0x80009794 (0x022b8d83) x27 0x00000000 mem 0x80010d92
core   0: 0x80009798 (0x00008e31) c.xor   a2, a2
core   0: 3 0x80009798 (0x8e31) x12 0x00000000
core   0: 0x8000979a (0x030d9633) mulh    a2, s11, a6
core   0: 3 0x8000979a (0x030d9633) x12 0x00000000
core   0: 0x8000979e (0x035b8603) lb      a2, 53(s7)
core   0: 3 0x8000979e (0x035b8603) x12 0x00000000 mem 0x80010da5
core   0: 0x800097a2 (0x01004033) xor     zero, zero, a6
core   0: 3 0x800097a2 (0x01004033)
core   0: 0x800097a6 (0x03bbaa23) sw      s11, 52(s7)
core   0: 3 0x800097a6 (0x03bbaa23) mem 0x80010da4 0x00000000
core   0: 0x800097aa (0x00cb9603) lh      a2, 12(s7)
core   0: 3 0x800097aa (0x00cb9603) x12 0x00000000 mem 0x80010d7c
core   0: 0x800097ae (0x0000f117) auipc   sp, 0xf
core   0: 3 0x800097ae (0x0000f117) x2  0x800187ae
core   0: 0x800097b2 (0x1d410113) addi    sp, sp, 468
core   0: 3 0x800097b2 (0x1d410113) x2  0x80018982
core   0: 0x800097b6 (0x32c3f793) andi    a5, t2, 812
core   0: 3 0x800097b6 (0x32c3f793) x15 0x00000000
core   0: 0x800097ba (0x02ea5533) divu    a0, s4, a4
core   0: 3 0x800097ba (0x02ea5533) x10 0x00000000
core   0: 0x800097be (0x00008ea9) c.xor   a3, a0
core   0: 3 0x800097be (0x8ea9) x13 0x0fb0af1f
core   0: 0x800097c0 (0x2a814f83) lbu     t6, 680(sp)
core   0: 3 0x800097c0 (0x2a814f83) x31 0x00000000 mem 0x80018c2a
core   0: 0x800097c4 (0x00000001) c.nop
core   0: 3 0x800097c4 (0x0001)
core   0: 0x800097c6 (0x90b10d83) lb      s11, -1781(sp)
core   0: 3 0x800097c6 (0x90b10d83) x27 0x00000000 mem 0x8001828d
core   0: 0x800097ca (0x000081ad) c.srli  a1, 11
core   0: 3 0x800097ca (0x81ad) x11 0x00050cf0
core   0: 0x800097cc (0x01aa1833) sll     a6, s4, s10
core   0: 3 0x800097cc (0x01aa1833) x16 0x00000000
core   0: 0x800097d0 (0x01156db3) or      s11, a0, a7
core   0: 3 0x800097d0 (0x01156db3) x27 0x00000000
core   0: 0x800097d4 (0xa3eba693) slti    a3, s7, -1474
core   0: 3 0x800097d4 (0xa3eba693) x13 0x00000001
core   0: 0x800097d8 (0x84910ba3) sb      s1, -1961(sp)
core   0: 3 0x800097d8 (0x84910ba3) mem 0x800181d9 0x00
core   0: 0x800097dc (0x15c15283) lhu     t0, 348(sp)
core   0: 3 0x800097dc (0x15c15283) x5  0x00000000 mem 0x80018ade
core   0: 0x800097e0 (0x0302a533) mulhsu  a0, t0, a6
core   0: 3 0x800097e0 (0x0302a533) x10 0x00000000
core   0: 0x800097e4 (0x0015d633) srl     a2, a1, ra
core   0: 3 0x800097e4 (0x0015d633) x12 0x00000000
core   0: 0x800097e8 (0x000099fd) c.andi  a1, -1
core   0: 3 0x800097e8 (0x99fd) x11 0x00050cf0
core   0: 0x800097ea (0x03d9d033) divu    zero, s3, t4
core   0: 3 0x800097ea (0x03d9d033)
core   0: 0x800097ee (0x1b415c03) lhu     s8, 436(sp)
core   0: 3 0x800097ee (0x1b415c03) x24 0x00000000 mem 0x80018b36
core   0: 0x800097f2 (0x32212b03) lw      s6, 802(sp)
core   0: 3 0x800097f2 (0x32212b03) x22 0x00000000 mem 0x80018ca4
core   0: 0x800097f6 (0x87d10fa3) sb      t4, -1921(sp)
core   0: 3 0x800097f6 (0x87d10fa3) mem 0x80018201 0x90
core   0: 0x800097fa (0x03fe9333) mulh    t1, t4, t6
core   0: 3 0x800097fa (0x03fe9333) x6  0x00000000
core   0: 0x800097fe (0x1dc11cb7) lui     s9, 0x1dc11
core   0: 3 0x800097fe (0x1dc11cb7) x25 0x1dc11000
core   0: 0x80009802 (0x55314e03) lbu     t3, 1363(sp)
core   0: 3 0x80009802 (0x55314e03) x28 0x00000000 mem 0x80018ed5
core   0: 0x80009806 (0x02277933) remu    s2, a4, sp
core   0: 3 0x80009806 (0x02277933) x18 0x7fff6b53
core   0: 0x8000980a (0x02675333) divu    t1, a4, t1
core   0: 3 0x8000980a (0x02675333) x6  0xffffffff
core   0: 0x8000980e (0x0047ddb3) srl     s11, a5, tp
core   0: 3 0x8000980e (0x0047ddb3) x27 0x00000000
core   0: 0x80009812 (0x460b6513) ori     a0, s6, 1120
core   0: 3 0x80009812 (0x460b6513) x10 0x00000460
core   0: 0x80009816 (0xfbc14883) lbu     a7, -68(sp)
core   0: 3 0x80009816 (0xfbc14883) x17 0x00000000 mem 0x8001893e
core   0: 0x8000981a (0xcf346613) ori     a2, s0, -781
core   0: 3 0x8000981a (0xcf346613) x12 0xfffffcf3
core   0: 0x8000981e (0x00008d1d) c.sub   a0, a5
core   0: 3 0x8000981e (0x8d1d) x10 0x00000460
core   0: 0x80009820 (0x99110903) lb      s2, -1647(sp)
core   0: 3 0x80009820 (0x99110903) x18 0x00000000 mem 0x80018313
core   0: 0x80009824 (0xef114d83) lbu     s11, -271(sp)
core   0: 3 0x80009824 (0xef114d83) x27 0x00000000 mem 0x80018873
core   0: 0x80009828 (0x04110b83) lb      s7, 65(sp)
core   0: 3 0x80009828 (0x04110b83) x23 0x00000000 mem 0x800189c3
core   0: 0x8000982c (0x01154e33) xor     t3, a0, a7
core   0: 3 0x8000982c (0x01154e33) x28 0x00000460
core   0: 0x80009830 (0x036ed2b3) divu    t0, t4, s6
core   0: 3 0x80009830 (0x036ed2b3) x5  0xffffffff
core   0: 0x80009834 (0x23711923) sh      s7, 562(sp)
core   0: 3 0x80009834 (0x23711923) mem 0x80018bb4 0x0000
core   0: 0x80009838 (0x00007517) auipc   a0, 0x7
core   0: 3 0x80009838 (0x00007517) x10 0x80010838
core   0: 0x8000983c (0x29650513) addi    a0, a0, 662
core   0: 3 0x8000983c (0x29650513) x10 0x80010ace
core   0: 0x80009840 (0xfa850203) lb      tp, -88(a0)
core   0: 3 0x80009840 (0xfa850203) x4  0x00000000 mem 0x80010a76
core   0: 0x80009844 (0x062508a3) sb      sp, 113(a0)
core   0: 3 0x80009844 (0x062508a3) mem 0x80010b3f 0x82
core   0: 0x80009848 (0x028471b3) remu    gp, s0, s0
core   0: 3 0x80009848 (0x028471b3) x3  0x00000000
core   0: 0x8000984c (0x00008d8d) c.sub   a1, a1
core   0: 3 0x8000984c (0x8d8d) x11 0x00000000
core   0: 0x8000984e (0xfb950403) lb      s0, -71(a0)
core   0: 3 0x8000984e (0xfb950403) x8  0x00000000 mem 0x80010a87
core   0: 0x80009852 (0x09050203) lb      tp, 144(a0)
core   0: 3 0x80009852 (0x09050203) x4  0x00000000 mem 0x80010b5e
core   0: 0x80009856 (0x406a5113) srai    sp, s4, 6
core   0: 3 0x80009856 (0x406a5113) x2  0x00000000
core   0: 0x8000985a (0x09f50a03) lb      s4, 159(a0)
core   0: 3 0x8000985a (0x09f50a03) x20 0x00000000 mem 0x80010b6d
core   0: 0x8000985e (0x05855a03) lhu     s4, 88(a0)
core   0: 3 0x8000985e (0x05855a03) x20 0x00000000 mem 0x80010b26
core   0: 0x80009862 (0x00001b0c) c.addi4spn a1, sp, 432
core   0: 3 0x80009862 (0x1b0c) x11 0x000001b0
core   0: 0x80009864 (0xf4d54a03) lbu     s4, -179(a0)
core   0: 3 0x80009864 (0xf4d54a03) x20 0x00000000 mem 0x80010a1b
core   0: 0x80009868 (0x08b508a3) sb      a1, 145(a0)
core   0: 3 0x80009868 (0x08b508a3) mem 0x80010b5f 0xb0
core   0: 0x8000986c (0x55d5a593) slti    a1, a1, 1373
core   0: 3 0x8000986c (0x55d5a593) x11 0x00000001
core   0: 0x80009870 (0x414181b3) sub     gp, gp, s4
core   0: 3 0x80009870 (0x414181b3) x3  0x00000000
core   0: 0x80009874 (0x00008c6d) c.and   s0, a1
core   0: 3 0x80009874 (0x8c6d) x8  0x00000000
core   0: 0x80009876 (0x00000596) c.slli  a1, 5
core   0: 3 0x80009876 (0x0596) x11 0x00000020
core   0: 0x80009878 (0x00359a33) sll     s4, a1, gp
core   0: 3 0x80009878 (0x00359a33) x20 0x00000020
core   0: 0x8000987c (0x40624213) xori    tp, tp, 1030
core   0: 3 0x8000987c (0x40624213) x4  0x00000406
core   0: 0x80009880 (0x00006a5d) c.lui   s4, 0x17
core   0: 3 0x80009880 (0x6a5d) x20 0x00017000
core   0: 0x80009882 (0xeb5a4a13) xori    s4, s4, -331
core   0: 3 0x80009882 (0xeb5a4a13) x20 0xfffe8eb5
core   0: 0x80009886 (0xf1c54203) lbu     tp, -228(a0)
core   0: 3 0x80009886 (0xf1c54203) x4  0x00000000 mem 0x800109ea
core   0: 0x8000988a (0x05854583) lbu     a1, 88(a0)
core   0: 3 0x8000988a (0x05854583) x11 0x00000000 mem 0x80010b26
core   0: 0x8000988e (0xfa454a03) lbu     s4, -92(a0)
core   0: 3 0x8000988e (0xfa454a03) x20 0x00000000 mem 0x80010a72
core   0: 0x80009892 (0x414185b3) sub     a1, gp, s4
core   0: 3 0x80009892 (0x414185b3) x11 0x00000000
core   0: 0x80009896 (0x03454583) lbu     a1, 52(a0)
core   0: 3 0x80009896 (0x03454583) x11 0x00000000 mem 0x80010b02
core   0: 0x8000989a (0x2355fa13) andi    s4, a1, 565
core   0: 3 0x8000989a (0x2355fa13) x20 0x00000000
core   0: 0x8000989e (0xfb651a03) lh      s4, -74(a0)
core   0: 3 0x8000989e (0xfb651a03) x20 0x00000000 mem 0x80010a84
core   0: 0x800098a2 (0x01413133) sltu    sp, sp, s4
core   0: 3 0x800098a2 (0x01413133) x2  0x00000000
core   0: 0x800098a6 (0x003a31b3) sltu    gp, s4, gp
core   0: 3 0x800098a6 (0x003a31b3) x3  0x00000000
core   0: 0x800098aa (0x06550a03) lb      s4, 101(a0)
core   0: 3 0x800098aa (0x06550a03) x20 0x00000000 mem 0x80010b33
core   0: 0x800098ae (0x00005a7d) c.li    s4, -1
core   0: 3 0x800098ae (0x5a7d) x20 0xffffffff
core   0: 0x800098b0 (0x02b451b3) divu    gp, s0, a1
core   0: 3 0x800098b0 (0x02b451b3) x3  0xffffffff
core   0: 0x800098b4 (0x034155b3) divu    a1, sp, s4
core   0: 3 0x800098b4 (0x034155b3) x11 0x00000000
core   0: 0x800098b8 (0x00000001) c.nop
core   0: 3 0x800098b8 (0x0001)
core   0: 0x800098ba (0xf9455103) lhu     sp, -108(a0)
core   0: 3 0x800098ba (0xf9455103) x2  0x00000000 mem 0x80010a62
core   0: 0x800098be (0x0c050583) lb      a1, 192(a0)
core   0: 3 0x800098be (0x0c050583) x11 0x00000000 mem 0x80010b8e
core   0: 0x800098c2 (0xf6652a03) lw      s4, -154(a0)
core   0: 3 0x800098c2 (0xf6652a03) x20 0x00000000 mem 0x80010a34
core   0: 0x800098c6 (0x0ed54583) lbu     a1, 237(a0)
core   0: 3 0x800098c6 (0x0ed54583) x11 0x00000000 mem 0x80010bbb
core   0: 0x800098ca (0x0b050203) lb      tp, 176(a0)
core   0: 3 0x800098ca (0x0b050203) x4  0x00000000 mem 0x80010b7e
core   0: 0x800098ce (0x06a51103) lh      sp, 106(a0)
core   0: 3 0x800098ce (0x06a51103) x2  0x00000000 mem 0x80010b38
core   0: 0x800098d2 (0x00654183) lbu     gp, 6(a0)
core   0: 3 0x800098d2 (0x00654183) x3  0x00000000 mem 0x80010ad4
core   0: 0x800098d6 (0xfcd50583) lb      a1, -51(a0)
core   0: 3 0x800098d6 (0xfcd50583) x11 0x00000000 mem 0x80010a9b
core   0: 0x800098da (0xf2450823) sb      tp, -208(a0)
core   0: 3 0x800098da (0xf2450823) mem 0x800109fe 0x00
core   0: 0x800098de (0x0000717d) c.addi16sp sp, -16
core   0: 3 0x800098de (0x717d) x2  0xfffffff0
core   0: 0x800098e0 (0xf2150a03) lb      s4, -223(a0)
core   0: 3 0x800098e0 (0xf2150a03) x20 0x00000000 mem 0x800109ef
core   0: 0x800098e4 (0x00014597) auipc   a1, 0x14
core   0: 3 0x800098e4 (0x00014597) x11 0x8001d8e4
core   0: 0x800098e8 (0xd7d58593) addi    a1, a1, -643
core   0: 3 0x800098e8 (0xd7d58593) x11 0x8001d661
core   0: 0x800098ec (0x00008d61) c.and   a0, s0
core   0: 3 0x800098ec (0x8d61) x10 0x00000000
core   0: 0x800098ee (0xfd959483) lh      s1, -39(a1)
core   0: 3 0x800098ee (0xfd959483) x9  0x00000000 mem 0x8001d63a
core   0: 0x800098f2 (0x03759283) lh      t0, 55(a1)
core   0: 3 0x800098f2 (0x03759283) x5  0x00000000 mem 0x8001d698
core   0: 0x800098f6 (0xb2d92893) slti    a7, s2, -1235
core   0: 3 0x800098f6 (0xb2d92893) x17 0x00000000
core   0: 0x800098fa (0x00008795) c.srai  a5, 5
core   0: 3 0x800098fa (0x8795) x15 0x00000000
core   0: 0x800098fc (0x027b2e33) mulhsu  t3, s6, t2
core   0: 3 0x800098fc (0x027b2e33) x28 0x00000000
core   0: 0x80009900 (0x02558723) sb      t0, 46(a1)
core   0: 3 0x80009900 (0x02558723) mem 0x8001d68f 0x00
core   0: 0x80009904 (0x00008415) c.srai  s0, 5
core   0: 3 0x80009904 (0x8415) x8  0x00000000
core   0: 0x80009906 (0x00bc4fb3) xor     t6, s8, a1
core   0: 3 0x80009906 (0x00bc4fb3) x31 0x8001d661
core   0: 0x8000990a (0x02541bb3) mulh    s7, s0, t0
core   0: 3 0x8000990a (0x02541bb3) x23 0x00000000
core   0: 0x8000990e (0xed116897) auipc   a7, 0xed116
core   0: 3 0x8000990e (0xed116897) x17 0x6d11f90e
core   0: 0x80009912 (0xfe458e03) lb      t3, -28(a1)
core   0: 3 0x80009912 (0xfe458e03) x28 0x00000000 mem 0x8001d645
core   0: 0x80009916 (0x00c58683) lb      a3, 12(a1)
core   0: 3 0x80009916 (0x00c58683) x13 0x00000000 mem 0x8001d66d
core   0: 0x8000991a (0xa59afe17) auipc   t3, 0xa59af
core   0: 3 0x8000991a (0xa59afe17) x28 0x259b891a
core   0: 0x8000991e (0x40c20133) sub     sp, tp, a2
core   0: 3 0x8000991e (0x40c20133) x2  0x0000030d
core   0: 0x80009922 (0x0360ccb3) div     s9, ra, s6
core   0: 3 0x80009922 (0x0360ccb3) x25 0xffffffff
core   0: 0x80009926 (0x03ebe4b3) rem     s1, s7, t5
core   0: 3 0x80009926 (0x03ebe4b3) x9  0x00000000
core   0: 0x8000992a (0x00ebc033) xor     zero, s7, a4
core   0: 3 0x8000992a (0x00ebc033)
core   0: 0x8000992e (0x01692c33) slt     s8, s2, s6
core   0: 3 0x8000992e (0x01692c33) x24 0x00000000
core   0: 0x80009932 (0x000068fd) c.lui   a7, 0x1f
core   0: 3 0x80009932 (0x68fd) x17 0x0001f000
core   0: 0x80009934 (0x01b666b3) or      a3, a2, s11
core   0: 3 0x80009934 (0x01b666b3) x13 0xfffffcf3
core   0: 0x80009938 (0x00008a2a) c.mv    s4, a0
core   0: 3 0x80009938 (0x8a2a) x20 0x00000000
core   0: 0x8000993a (0x01f5aa03) lw      s4, 31(a1)
core   0: 3 0x8000993a (0x01f5aa03) x20 0x00000000 mem 0x8001d680
core   0: 0x8000993e (0xdf7c7313) andi    t1, s8, -521
core   0: 3 0x8000993e (0xdf7c7313) x6  0x00000000
core   0: 0x80009942 (0x03553cb3) mulhu   s9, a0, s5
core   0: 3 0x80009942 (0x03553cb3) x25 0x00000000
core   0: 0x80009946 (0x4001da13) srai    s4, gp, 0
core   0: 3 0x80009946 (0x4001da13) x20 0x00000000
core   0: 0x8000994a (0x15096713) ori     a4, s2, 336
core   0: 3 0x8000994a (0x15096713) x14 0x00000150
core   0: 0x8000994e (0x03758d03) lb      s10, 55(a1)
core   0: 3 0x8000994e (0x03758d03) x26 0x00000000 mem 0x8001d698
core   0: 0x80009952 (0x0375a5a3) sw      s7, 43(a1)
core   0: 3 0x80009952 (0x0375a5a3) mem 0x8001d68c 0x00000000
core   0: 0x80009956 (0x03b59e03) lh      t3, 59(a1)
core   0: 3 0x80009956 (0x03b59e03) x28 0x00000000 mem 0x8001d69c
core   0: 0x8000995a (0x01133d33) sltu    s10, t1, a7
core   0: 3 0x8000995a (0x01133d33) x26 0x00000001
core   0: 0x8000995e (0x0095c183) lbu     gp, 9(a1)
core   0: 3 0x8000995e (0x0095c183) x3  0x00000000 mem 0x8001d66a
core   0: 0x80009962 (0x017583a3) sb      s7, 7(a1)
core   0: 3 0x80009962 (0x017583a3) mem 0x8001d668 0x00
core   0: 0x80009966 (0x058ac363) blt     s5, s8, pc + 70
core   0: 3 0x80009966 (0x058ac363)
core   0: 0x8000996a (0x41bd5113) srai    sp, s10, 27
core   0: 3 0x8000996a (0x41bd5113) x2  0x00000000
core   0: 0x8000996e (0x00006ca9) c.lui   s9, 0xa
core   0: 3 0x8000996e (0x6ca9) x25 0x0000a000
core   0: 0x80009970 (0xcd33a993) slti    s3, t2, -813
core   0: 3 0x80009970 (0xcd33a993) x19 0x00000000
core   0: 0x80009974 (0x01f7d563) bge     a5, t6, pc + 10
core   0: 3 0x80009974 (0x01f7d563)
core   0: 0x8000997e (0x00008ae1) c.andi  a3, 24
core   0: 3 0x8000997e (0x8ae1) x13 0x00000010
core   0: 0x80009980 (0x03168733) mul     a4, a3, a7
core   0: 3 0x80009980 (0x03168733) x14 0x001f0000
core   0: 0x80009984 (0x03ab97b3) mulh    a5, s7, s10
core   0: 3 0x80009984 (0x03ab97b3) x15 0x00000000
core   0: 0x80009988 (0x004a71b3) and     gp, s4, tp
core   0: 3 0x80009988 (0x004a71b3) x3  0x00000000
core   0: 0x8000998c (0x41340933) sub     s2, s0, s3
core   0: 3 0x8000998c (0x41340933) x18 0x00000000
core   0: 0x80009990 (0x2e82c293) xori    t0, t0, 744
core   0: 3 0x80009990 (0x2e82c293) x5  0x000002e8
core   0: 0x80009994 (0x00531533) sll     a0, t1, t0
core   0: 3 0x80009994 (0x00531533) x10 0x00000000
core   0: 0x80009998 (0x032cc263) blt     s9, s2, pc + 36
core   0: 3 0x80009998 (0x032cc263)
core   0: 0x8000999c (0x41d4d6b3) sra     a3, s1, t4
core   0: 3 0x8000999c (0x41d4d6b3) x13 0x00000000
core   0: 0x800099a0 (0x005762b3) or      t0, a4, t0
core   0: 3 0x800099a0 (0x005762b3) x5  0x001f02e8
core   0: 0x800099a4 (0x018cfe33) and     t3, s9, s8
core   0: 3 0x800099a4 (0x018cfe33) x28 0x00000000
core   0: 0x800099a8 (0x04171263) bne     a4, ra, pc + 68
core   0: 3 0x800099a8 (0x04171263)
core   0: 0x800099ec (0x0000819a) c.mv    gp, t1
core   0: 3 0x800099ec (0x819a) x3  0x00000000
core   0: 0x800099ee (0x00c287b3) add     a5, t0, a2
core   0: 3 0x800099ee (0x00c287b3) x15 0x001effdb
core   0: 0x800099f2 (0x03da3d33) mulhu   s10, s4, t4
core   0: 3 0x800099f2 (0x03da3d33) x26 0x00000000
core   0: 0x800099f6 (0x00008cd1) c.or    s1, a2
core   0: 3 0x800099f6 (0x8cd1) x9  0xfffffcf3
core   0: 0x800099f8 (0x0000157d) c.addi  a0, -1
core   0: 3 0x800099f8 (0x157d) x10 0xffffffff
core   0: 0x800099fa (0x06d66093) ori     ra, a2, 109
core   0: 3 0x800099fa (0x06d66093) x1  0xfffffcff
core   0: 0x800099fe (0x40e86113) ori     sp, a6, 1038
core   0: 3 0x800099fe (0x40e86113) x2  0x0000040e
core   0: 0x80009a02 (0x01633033) sltu    zero, t1, s6
core   0: 3 0x80009a02 (0x01633033)
core   0: 0x80009a06 (0x00dc5493) srli    s1, s8, 13
core   0: 3 0x80009a06 (0x00dc5493) x9  0x00000000
core   0: 0x80009a0a (0x00008c55) c.or    s0, a3
core   0: 3 0x80009a0a (0x8c55) x8  0x00000000
core   0: 0x80009a0c (0xd8d28793) addi    a5, t0, -627
core   0: 3 0x80009a0c (0xd8d28793) x15 0x001f0075
core   0: 0x80009a10 (0xde68f113) andi    sp, a7, -538
core   0: 3 0x80009a10 (0xde68f113) x2  0x0001f000
core   0: 0x80009a14 (0x011d0663) beq     s10, a7, pc + 12
core   0: 3 0x80009a14 (0x011d0663)
core   0: 0x80009a18 (0x04f8d363) bge     a7, a5, pc + 70
core   0: 3 0x80009a18 (0x04f8d363)
core   0: 0x80009a1c (0x004a8133) add     sp, s5, tp
core   0: 3 0x80009a1c (0x004a8133) x2  0x00000008
core   0: 0x80009a20 (0xb547a993) slti    s3, a5, -1196
core   0: 3 0x80009a20 (0xb547a993) x19 0x00000000
core   0: 0x80009a24 (0x045d8d63) beq     s11, t0, pc + 90
core   0: 3 0x80009a24 (0x045d8d63)
core   0: 0x80009a28 (0x6873aa13) slti    s4, t2, 1671
core   0: 3 0x80009a28 (0x6873aa13) x20 0x00000001
core   0: 0x80009a2c (0x00001690) c.addi4spn a2, sp, 864
core   0: 3 0x80009a2c (0x1690) x12 0x00000368
core   0: 0x80009a2e (0x7eec8d13) addi    s10, s9, 2030
core   0: 3 0x80009a2e (0x7eec8d13) x26 0x0000a7ee
core   0: 0x80009a32 (0x00008239) c.srli  a2, 14
core   0: 3 0x80009a32 (0x8239) x12 0x00000000
core   0: 0x80009a34 (0x004c5433) srl     s0, s8, tp
core   0: 3 0x80009a34 (0x004c5433) x8  0x00000000
core   0: 0x80009a38 (0x41845893) srai    a7, s0, 24
core   0: 3 0x80009a38 (0x41845893) x17 0x00000000
core   0: 0x80009a3c (0x02bd16b3) mulh    a3, s10, a1
core   0: 3 0x80009a3c (0x02bd16b3) x13 0xffffac0a
core   0: 0x80009a40 (0x00001d08) c.addi4spn a0, sp, 688
core   0: 3 0x80009a40 (0x1d08) x10 0x000002b8
core   0: 0x80009a42 (0x0000717d) c.addi16sp sp, -16
core   0: 3 0x80009a42 (0x717d) x2  0xfffffff8
core   0: 0x80009a44 (0xe1eb9137) lui     sp, 0xe1eb9
core   0: 3 0x80009a44 (0xe1eb9137) x2  0xe1eb9000
core   0: 0x80009a48 (0xffffc397) auipc   t2, 0xffffc
core   0: 3 0x80009a48 (0xffffc397) x7  0x80005a48
core   0: 0x80009a4c (0xb5238393) addi    t2, t2, -1198
core   0: 3 0x80009a4c (0xb5238393) x7  0x8000559a
core   0: 0x80009a50 (0x0032e8b3) or      a7, t0, gp
core   0: 3 0x80009a50 (0x0032e8b3) x17 0x001f02e8
core   0: 0x80009a54 (0x00038393) mv      t2, t2
core   0: 3 0x80009a54 (0x00038393) x7  0x8000559a
core   0: 0x80009a58 (0x000018fd) c.addi  a7, -1
core   0: 3 0x80009a58 (0x18fd) x17 0x001f02e7
core   0: 0x80009a5a (0x00009382) c.jalr  t2
core   0: 3 0x80009a5a (0x9382) x1  0x80009a5c
core   0: 0x8000559a (0x00008111) c.srli  a0, 4
core   0: 3 0x8000559a (0x8111) x10 0x0000002b
core   0: 0x8000559c (0x000083ad) c.srli  a5, 11
core   0: 3 0x8000559c (0x83ad) x15 0x000003e0
core   0: 0x8000559e (0x000ddd63) bgez    s11, pc + 26
core   0: 3 0x8000559e (0x000ddd63)
core   0: 0x800055b8 (0x00001e91) c.addi  t4, -28
core   0: 3 0x800055b8 (0x1e91) x29 0x80025e74
core   0: 0x800055ba (0x001ea223) sw      ra, 4(t4)
core   0: 3 0x800055ba (0x001ea223) mem 0x80025e78 0x80009a5c
core   0: 0x800055be (0x1fb33193) sltiu   gp, t1, 507
core   0: 3 0x800055be (0x1fb33193) x3  0x00000001
core   0: 0x800055c2 (0x0000f117) auipc   sp, 0xf
core   0: 3 0x800055c2 (0x0000f117) x2  0x800145c2
core   0: 0x800055c6 (0xd1b10113) addi    sp, sp, -741
core   0: 3 0x800055c6 (0xd1b10113) x2  0x800142dd
core   0: 0x800055ca (0x00d117a3) sh      a3, 15(sp)
core   0: 3 0x800055ca (0x00d117a3) mem 0x800142ec 0xac0a
core   0: 0x800055ce (0xff710c03) lb      s8, -9(sp)
core   0: 3 0x800055ce (0xff710c03) x24 0x00000000 mem 0x800142d4
core   0: 0x800055d2 (0xff914c03) lbu     s8, -7(sp)
core   0: 3 0x800055d2 (0xff914c03) x24 0x00000000 mem 0x800142d6
core   0: 0x800055d6 (0x000099ce) c.add   s3, s3
core   0: 3 0x800055d6 (0x99ce) x19 0x00000000
core   0: 0x800055d8 (0xff014c03) lbu     s8, -16(sp)
core   0: 3 0x800055d8 (0xff014c03) x24 0x00000000 mem 0x800142cd
core   0: 0x800055dc (0x00b12983) lw      s3, 11(sp)
core   0: 3 0x800055dc (0x00b12983) x19 0x00000000 mem 0x800142e8
core   0: 0x800055e0 (0x00b12803) lw      a6, 11(sp)
core   0: 3 0x800055e0 (0x00b12803) x16 0x00000000 mem 0x800142e8
core   0: 0x800055e4 (0x02d98c33) mul     s8, s3, a3
core   0: 3 0x800055e4 (0x02d98c33) x24 0x00000000
core   0: 0x800055e8 (0x00f10c03) lb      s8, 15(sp)
core   0: 3 0x800055e8 (0x00f10c03) x24 0x0000000a mem 0x800142ec
core   0: 0x800055ec (0x0119a9b3) slt     s3, s3, a7
core   0: 3 0x800055ec (0x0119a9b3) x19 0x00000001
core   0: 0x800055f0 (0xffd11803) lh      a6, -3(sp)
core   0: 3 0x800055f0 (0xffd11803) x16 0x00000000 mem 0x800142da
core   0: 0x800055f4 (0xff110f23) sb      a7, -2(sp)
core   0: 3 0x800055f4 (0xff110f23) mem 0x800142db 0xe7
core   0: 0x800055f8 (0xffe10c03) lb      s8, -2(sp)
core   0: 3 0x800055f8 (0xffe10c03) x24 0xffffffe7 mem 0x800142db
core   0: 0x800055fc (0x010c69b3) or      s3, s8, a6
core   0: 3 0x800055fc (0x010c69b3) x19 0xffffffe7
core   0: 0x80005600 (0xff910683) lb      a3, -7(sp)
core   0: 3 0x80005600 (0xff910683) x13 0x00000000 mem 0x800142d6
core   0: 0x80005604 (0xff1119a3) sh      a7, -13(sp)
core   0: 3 0x80005604 (0xff1119a3) mem 0x800142d0 0x02e7
core   0: 0x80005608 (0x00c14c03) lbu     s8, 12(sp)
core   0: 3 0x80005608 (0x00c14c03) x24 0x00000000 mem 0x800142e9
core   0: 0x8000560c (0x0000869d) c.srai  a3, 7
core   0: 3 0x8000560c (0x869d) x13 0x00000000
core   0: 0x8000560e (0xff110823) sb      a7, -16(sp)
core   0: 3 0x8000560e (0xff110823) mem 0x800142cd 0xe7
core   0: 0x80005612 (0x033839b3) mulhu   s3, a6, s3
core   0: 3 0x80005612 (0x033839b3) x19 0x00000000
core   0: 0x80005616 (0xff312983) lw      s3, -13(sp)
core   0: 3 0x80005616 (0xff312983) x19 0x000002e7 mem 0x800142d0
core   0: 0x8000561a (0x9c9a9c17) auipc   s8, 0x9c9a9
core   0: 3 0x8000561a (0x9c9a9c17) x24 0x1c9ae61a
core   0: 0x8000561e (0x011c16b3) sll     a3, s8, a7
core   0: 3 0x8000561e (0x011c16b3) x13 0x4d730d00
core   0: 0x80005622 (0x00e10683) lb      a3, 14(sp)
core   0: 3 0x80005622 (0x00e10683) x13 0x00000000 mem 0x800142eb
core   0: 0x80005626 (0x010123a3) sw      a6, 7(sp)
core   0: 3 0x80005626 (0x010123a3) mem 0x800142e4 0x00000000
core   0: 0x8000562a (0x000066e9) c.lui   a3, 0x1a
core   0: 3 0x8000562a (0x66e9) x13 0x0001a000
core   0: 0x8000562c (0x00810683) lb      a3, 8(sp)
core   0: 3 0x8000562c (0x00810683) x13 0x00000000 mem 0x800142e5
core   0: 0x80005630 (0x00b12803) lw      a6, 11(sp)
core   0: 3 0x80005630 (0x00b12803) x16 0x00000000 mem 0x800142e8
core   0: 0x80005634 (0x00000001) c.nop
core   0: 3 0x80005634 (0x0001)
core   0: 0x80005636 (0x00111983) lh      s3, 1(sp)
core   0: 3 0x80005636 (0x00111983) x19 0x00000000 mem 0x800142de
core   0: 0x8000563a (0x00a10c03) lb      s8, 10(sp)
core   0: 3 0x8000563a (0x00a10c03) x24 0x00000000 mem 0x800142e7
core   0: 0x8000563e (0xff010e23) sb      a6, -4(sp)
core   0: 3 0x8000563e (0xff010e23) mem 0x800142d9 0x00
core   0: 0x80005642 (0x00915c03) lhu     s8, 9(sp)
core   0: 3 0x80005642 (0x00915c03) x24 0x00000000 mem 0x800142e6
core   0: 0x80005646 (0xffa10c83) lb      s9, -6(sp)
core   0: 3 0x80005646 (0xffa10c83) x25 0x00000000 mem 0x800142d7
core   0: 0x8000564a (0x1eacd837) lui     a6, 0x1eacd
core   0: 3 0x8000564a (0x1eacd837) x16 0x1eacd000
core   0: 0x8000564e (0x00006c95) c.lui   s9, 0x5
core   0: 3 0x8000564e (0x6c95) x25 0x00005000
core   0: 0x80005650 (0x039868b3) rem     a7, a6, s9
core   0: 3 0x80005650 (0x039868b3) x17 0x00000000
core   0: 0x80005654 (0xff010e23) sb      a6, -4(sp)
core   0: 3 0x80005654 (0xff010e23) mem 0x800142d9 0x00
core   0: 0x80005658 (0x00a10983) lb      s3, 10(sp)
core   0: 3 0x80005658 (0x00a10983) x19 0x00000000 mem 0x800142e7
core   0: 0x8000565c (0x7db9f693) andi    a3, s3, 2011
core   0: 3 0x8000565c (0x7db9f693) x13 0x00000000
core   0: 0x80005660 (0x00008e95) c.sub   a3, a3
core   0: 3 0x80005660 (0x8e95) x13 0x00000000
core   0: 0x80005662 (0x00314983) lbu     s3, 3(sp)
core   0: 3 0x80005662 (0x00314983) x19 0x00000000 mem 0x800142e0
core   0: 0x80005666 (0xff010f23) sb      a6, -2(sp)
core   0: 3 0x80005666 (0xff010f23) mem 0x800142db 0x00
core   0: 0x8000566a (0x016c1993) slli    s3, s8, 22
core   0: 3 0x8000566a (0x016c1993) x19 0x00000000
core   0: 0x8000566e (0x00000cb2) c.slli  s9, 12
core   0: 3 0x8000566e (0x0cb2) x25 0x05000000
core   0: 0x80005670 (0x000082bd) c.srli  a3, 15
core   0: 3 0x80005670 (0x82bd) x13 0x00000000
core   0: 0x80005672 (0x411859b3) sra     s3, a6, a7
core   0: 3 0x80005672 (0x411859b3) x19 0x1eacd000
core   0: 0x80005676 (0x013106a3) sb      s3, 13(sp)
core   0: 3 0x80005676 (0x013106a3) mem 0x800142ea 0x00
core   0: 0x8000567a (0x00a000ef) jal     pc + 0xa
core   0: 3 0x8000567a (0x00a000ef) x1  0x8000567e
core   0: 0x80005684 (0x0000a039) c.j     pc + 14
core   0: 3 0x80005684 (0xa039)
core   0: 0x80005692 (0x012000ef) jal     pc + 0x12
core   0: 3 0x80005692 (0x012000ef) x1  0x80005696
core   0: 0x800056a4 (0x0000bff5) c.j     pc - 4
core   0: 3 0x800056a4 (0xbff5)
core   0: 0x800056a0 (0x0000bff9) c.j     pc - 34
core   0: 3 0x800056a0 (0xbff9)
core   0: 0x8000567e (0x00002025) c.jal   pc + 40
core   0: 3 0x8000567e (0x2025) x1  0x80005680
core   0: 0x800056a6 (0x000037cd) c.jal   pc - 30
core   0: 3 0x800056a6 (0x37cd) x1  0x800056a8
core   0: 0x80005688 (0x006000ef) jal     pc + 0x6
core   0: 3 0x80005688 (0x006000ef) x1  0x8000568c
core   0: 0x8000568e (0x026000ef) jal     pc + 0x26
core   0: 3 0x8000568e (0x026000ef) x1  0x80005692
core   0: 0x800056b4 (0x0000a021) c.j     pc + 8
core   0: 3 0x800056b4 (0xa021)
core   0: 0x800056bc (0x000037c5) c.jal   pc - 32
core   0: 3 0x800056bc (0x37c5) x1  0x800056be
core   0: 0x8000569c (0x01a000ef) jal     pc + 0x1a
core   0: 3 0x8000569c (0x01a000ef) x1  0x800056a0
core   0: 0x800056b6 (0x00003ff5) c.jal   pc - 4
core   0: 3 0x800056b6 (0x3ff5) x1  0x800056b8
core   0: 0x800056b2 (0x0000b7f9) c.j     pc - 50
core   0: 3 0x800056b2 (0xb7f9)
core   0: 0x80005680 (0x00002009) c.jal   pc + 2
core   0: 3 0x80005680 (0x2009) x1  0x80005682
core   0: 0x80005682 (0x0000281d) c.jal   pc + 54
core   0: 3 0x80005682 (0x281d) x1  0x80005684
core   0: 0x800056b8 (0x00003fdd) c.jal   pc - 10
core   0: 3 0x800056b8 (0x3fdd) x1  0x800056ba
core   0: 0x800056ae (0xfe9ff0ef) jal     pc - 0x18
core   0: 3 0x800056ae (0xfe9ff0ef) x1  0x800056b2
core   0: 0x80005696 (0x00c000ef) jal     pc + 0xc
core   0: 3 0x80005696 (0x00c000ef) x1  0x8000569a
core   0: 0x800056a2 (0x00002831) c.jal   pc + 28
core   0: 3 0x800056a2 (0x2831) x1  0x800056a4
core   0: 0x800056be (0x000037f5) c.jal   pc - 20
core   0: 3 0x800056be (0x37f5) x1  0x800056c0
core   0: 0x800056aa (0xfffff0ef) jal     pc - 0x2
core   0: 3 0x800056aa (0xfffff0ef) x1  0x800056ae
core   0: 0x800056a8 (0x00003fcd) c.jal   pc - 14
core   0: 3 0x800056a8 (0x3fcd) x1  0x800056aa
core   0: 0x8000569a (0x0000201d) c.jal   pc + 38
core   0: 3 0x8000569a (0x201d) x1  0x8000569c
core   0: 0x800056c0 (0x0000bfed) c.j     pc - 6
core   0: 3 0x800056c0 (0xbfed)
core   0: 0x800056ba (0x0000b7f1) c.j     pc - 52
core   0: 3 0x800056ba (0xb7f1)
core   0: 0x80005686 (0x00002019) c.jal   pc + 6
core   0: 3 0x80005686 (0x2019) x1  0x80005688
core   0: 0x8000568c (0x0000281d) c.jal   pc + 54
core   0: 3 0x8000568c (0x281d) x1  0x8000568e
core   0: 0x800056c2 (0x030a00b3) mul     ra, s4, a6
core   0: 3 0x800056c2 (0x030a00b3) x1  0x1eacd000
core   0: 0x800056c6 (0x0000b117) auipc   sp, 0xb
core   0: 3 0x800056c6 (0x0000b117) x2  0x800106c6
core   0: 0x800056ca (0xc7e10113) addi    sp, sp, -898
core   0: 3 0x800056ca (0xc7e10113) x2  0x80010344
core   0: 0x800056ce (0x023ce533) rem     a0, s9, gp
core   0: 3 0x800056ce (0x023ce533) x10 0x00000000
core   0: 0x800056d2 (0x68d10183) lb      gp, 1677(sp)
core   0: 3 0x800056d2 (0x68d10183) x3  0x00000000 mem 0x800109d1
core   0: 0x800056d6 (0x39c10f23) sb      t3, 926(sp)
core   0: 3 0x800056d6 (0x39c10f23) mem 0x800106e2 0x00
core   0: 0x800056da (0x4ecc3193) sltiu   gp, s8, 1260
core   0: 3 0x800056da (0x4ecc3193) x3  0x00000001
core   0: 0x800056de (0x6bd10403) lb      s0, 1725(sp)
core   0: 3 0x800056de (0x6bd10403) x8  0x00000000 mem 0x80010a01
core   0: 0x800056e2 (0x28f11e23) sh      a5, 668(sp)
core   0: 3 0x800056e2 (0x28f11e23) mem 0x800105e0 0x03e0
core   0: 0x800056e6 (0x00611b03) lh      s6, 6(sp)
core   0: 3 0x800056e6 (0x00611b03) x22 0x00000000 mem 0x8001034a
core   0: 0x800056ea (0x69411f23) sh      s4, 1694(sp)
core   0: 3 0x800056ea (0x69411f23) mem 0x800109e2 0x0001
core   0: 0x800056ee (0x03611903) lh      s2, 54(sp)
core   0: 3 0x800056ee (0x03611903) x18 0x00000000 mem 0x8001037a
core   0: 0x800056f2 (0x010c30b3) sltu    ra, s8, a6
core   0: 3 0x800056f2 (0x010c30b3) x1  0x00000001
core   0: 0x800056f6 (0xf7310183) lb      gp, -141(sp)
core   0: 3 0x800056f6 (0xf7310183) x3  0x00000000 mem 0x800102b7
core   0: 0x800056fa (0x03cfdfb3) divu    t6, t6, t3
core   0: 3 0x800056fa (0x03cfdfb3) x31 0xffffffff
core   0: 0x800056fe (0x5a110d83) lb      s11, 1441(sp)
core   0: 3 0x800056fe (0x5a110d83) x27 0x00000000 mem 0x800108e5
core   0: 0x80005702 (0xecb10583) lb      a1, -309(sp)
core   0: 3 0x80005702 (0xecb10583) x11 0x00000000 mem 0x8001020f
core   0: 0x80005706 (0x5d310b83) lb      s7, 1491(sp)
core   0: 3 0x80005706 (0x5d310b83) x23 0x00000000 mem 0x80010917
core   0: 0x8000570a (0x2ae14003) lbu     zero, 686(sp)
core   0: 3 0x8000570a (0x2ae14003) mem 0x800105f2
core   0: 0x8000570e (0xec614a03) lbu     s4, -314(sp)
core   0: 3 0x8000570e (0xec614a03) x20 0x00000000 mem 0x8001020a
core   0: 0x80005712 (0xe8611723) sh      t1, -370(sp)
core   0: 3 0x80005712 (0xe8611723) mem 0x800101d2 0x0000
core   0: 0x80005716 (0x01f63a33) sltu    s4, a2, t6
core   0: 3 0x80005716 (0x01f63a33) x20 0x00000001
core   0: 0x8000571a (0x0150b0b3) sltu    ra, ra, s5
core   0: 3 0x8000571a (0x0150b0b3) x1  0x00000001
core   0: 0x8000571e (0x5cb10b03) lb      s6, 1483(sp)
core   0: 3 0x8000571e (0x5cb10b03) x22 0x00000000 mem 0x8001090f
core   0: 0x80005722 (0x0341cb33) div     s6, gp, s4
core   0: 3 0x80005722 (0x0341cb33) x22 0x00000000
core   0: 0x80005726 (0xdf314d03) lbu     s10, -525(sp)
core   0: 3 0x80005726 (0xdf314d03) x26 0x00000000 mem 0x80010137
core   0: 0x8000572a (0xd7c12223) sw      t3, -668(sp)
core   0: 3 0x8000572a (0xd7c12223) mem 0x800100a8 0x00000000
core   0: 0x8000572e (0x027d6733) rem     a4, s10, t2
core   0: 3 0x8000572e (0x027d6733) x14 0x00000000
core   0: 0x80005732 (0x013eb733) sltu    a4, t4, s3
core   0: 3 0x80005732 (0x013eb733) x14 0x00000000
core   0: 0x80005736 (0xed910b83) lb      s7, -295(sp)
core   0: 3 0x80005736 (0xed910b83) x23 0x00000000 mem 0x8001021d
core   0: 0x8000573a (0x6fa105a3) sb      s10, 1771(sp)
core   0: 3 0x8000573a (0x6fa105a3) mem 0x80010a2f 0x00
core   0: 0x8000573e (0x00008119) c.srli  a0, 6
core   0: 3 0x8000573e (0x8119) x10 0x00000000
core   0: 0x80005740 (0x41514983) lbu     s3, 1045(sp)
core   0: 3 0x80005740 (0x41514983) x19 0x00000000 mem 0x80010759
core   0: 0x80005744 (0x0000d517) auipc   a0, 0xd
core   0: 3 0x80005744 (0x0000d517) x10 0x80012744
core   0: 0x80005748 (0x2a650513) addi    a0, a0, 678
core   0: 3 0x80005748 (0x2a650513) x10 0x800129ea
core   0: 0x8000574c (0xea250b83) lb      s7, -350(a0)
core   0: 3 0x8000574c (0xea250b83) x23 0x00000000 mem 0x8001288c
core   0: 0x80005750 (0xea551123) sh      t0, -350(a0)
core   0: 3 0x80005750 (0xea551123) mem 0x8001288c 0x02e8
core   0: 0x80005754 (0xea254983) lbu     s3, -350(a0)
core   0: 3 0x80005754 (0xea254983) x19 0x000000e8 mem 0x8001288c
core   0: 0x80005758 (0xea851123) sh      s0, -350(a0)
core   0: 3 0x80005758 (0xea851123) mem 0x8001288c 0x0000
core   0: 0x8000575c (0xfca51d83) lh      s11, -54(a0)
core   0: 3 0x8000575c (0xfca51d83) x27 0x00000000 mem 0x800129b4
core   0: 0x80005760 (0x89d51023) sh      t4, -1920(a0)
core   0: 3 0x80005760 (0x89d51023) mem 0x8001226a 0x5e74
core   0: 0x80005764 (0x88051e03) lh      t3, -1920(a0)
core   0: 3 0x80005764 (0x88051e03) x28 0x00005e74 mem 0x8001226a
core   0: 0x80005768 (0x523502a3) sb      gp, 1317(a0)
core   0: 3 0x80005768 (0x523502a3) mem 0x80012f0f 0x00
core   0: 0x8000576c (0x1c455603) lhu     a2, 452(a0)
core   0: 3 0x8000576c (0x1c455603) x12 0x00000000 mem 0x80012bae
core   0: 0x80005770 (0x1c450603) lb      a2, 452(a0)
core   0: 3 0x80005770 (0x1c450603) x12 0x00000000 mem 0x80012bae
core   0: 0x80005774 (0xec350c03) lb      s8, -317(a0)
core   0: 3 0x80005774 (0xec350c03) x24 0x00000000 mem 0x800128ad
core   0: 0x80005778 (0xec354403) lbu     s0, -317(a0)
core   0: 3 0x80005778 (0xec354403) x8  0x00000000 mem 0x800128ad
core   0: 0x8000577c (0x01b81493) slli    s1, a6, 27
core   0: 3 0x8000577c (0x01b81493) x9  0x00000000
core   0: 0x80005780 (0xec5501a3) sb      t0, -317(a0)
core   0: 3 0x80005780 (0xec5501a3) mem 0x800128ad 0xe8
core   0: 0x80005784 (0xe8055803) lhu     a6, -384(a0)
core   0: 3 0x80005784 (0xe8055803) x16 0x00000000 mem 0x8001286a
core   0: 0x80005788 (0x000085cd) c.srai  a1, 19
core   0: 3 0x80005788 (0x85cd) x11 0x00000000
core   0: 0x8000578a (0xe8051483) lh      s1, -384(a0)
core   0: 3 0x8000578a (0xe8051483) x9  0x00000000 mem 0x8001286a
core   0: 0x8000578e (0x18e52b83) lw      s7, 398(a0)
core   0: 3 0x8000578e (0x18e52b83) x23 0x00000000 mem 0x80012b78
core   0: 0x80005792 (0x0dd54d83) lbu     s11, 221(a0)
core   0: 3 0x80005792 (0x0dd54d83) x27 0x00000000 mem 0x80012ac7
core   0: 0x80005796 (0x23b502a3) sb      s11, 549(a0)
core   0: 3 0x80005796 (0x23b502a3) mem 0x80012c0f 0x00
core   0: 0x8000579a (0x0000ba17) auipc   s4, 0xb
core   0: 3 0x8000579a (0x0000ba17) x20 0x8001079a
core   0: 0x8000579e (0x0e4a0a13) addi    s4, s4, 228
core   0: 3 0x8000579e (0x0e4a0a13) x20 0x8001087e
core   0: 0x800057a2 (0xfcfa0583) lb      a1, -49(s4)
core   0: 3 0x800057a2 (0xfcfa0583) x11 0x00000000 mem 0x8001084d
core   0: 0x800057a6 (0x40bd8bb3) sub     s7, s11, a1
core   0: 3 0x800057a6 (0x40bd8bb3) x23 0x00000000
core   0: 0x800057aa (0xfcba0603) lb      a2, -53(s4)
core   0: 3 0x800057aa (0xfcba0603) x12 0x00000000 mem 0x80010849
core   0: 0x800057ae (0xff1a4903) lbu     s2, -15(s4)
core   0: 3 0x800057ae (0xff1a4903) x18 0x00000000 mem 0x8001086f
core   0: 0x800057b2 (0x400207b3) sub     a5, tp, zero
core   0: 3 0x800057b2 (0x400207b3) x15 0x00000000
core   0: 0x800057b6 (0x016a08a3) sb      s6, 17(s4)
core   0: 3 0x800057b6 (0x016a08a3) mem 0x8001088f 0x00
core   0: 0x800057ba (0x00000001) c.nop
core   0: 3 0x800057ba (0x0001)
core   0: 0x800057bc (0x000060b9) c.lui   ra, 0xe
core   0: 3 0x800057bc (0x60b9) x1  0x0000e000
core   0: 0x800057be (0x002a4603) lbu     a2, 2(s4)
core   0: 3 0x800057be (0x002a4603) x12 0x00000000 mem 0x80010880
core   0: 0x800057c2 (0x03e31433) mulh    s0, t1, t5
core   0: 3 0x800057c2 (0x03e31433) x8  0x00000000
core   0: 0x800057c6 (0x007a2723) sw      t2, 14(s4)
core   0: 3 0x800057c6 (0x007a2723) mem 0x8001088c 0x8000559a
core   0: 0x800057ca (0x01ba0c83) lb      s9, 27(s4)
core   0: 3 0x800057ca (0x01ba0c83) x25 0x00000000 mem 0x80010899
core   0: 0x800057ce (0xb6565617) auipc   a2, 0xb6565
core   0: 3 0x800057ce (0xb6565617) x12 0x3656a7ce
core   0: 0x800057d2 (0x014179b3) and     s3, sp, s4
core   0: 3 0x800057d2 (0x014179b3) x19 0x80010044
core   0: 0x800057d6 (0x02aa4203) lbu     tp, 42(s4)
core   0: 3 0x800057d6 (0x02aa4203) x4  0x00000000 mem 0x800108a8
core   0: 0x800057da (0xffea0303) lb      t1, -2(s4)
core   0: 3 0x800057da (0xffea0303) x6  0x00000000 mem 0x8001087c
core   0: 0x800057de (0x0a33cb93) xori    s7, t2, 163
core   0: 3 0x800057de (0x0a33cb93) x23 0x80005539
core   0: 0x800057e2 (0x30134013) xori    zero, t1, 769
core   0: 3 0x800057e2 (0x30134013)
core   0: 0x800057e6 (0xff0a5403) lhu     s0, -16(s4)
core   0: 3 0x800057e6 (0xff0a5403) x8  0x00000000 mem 0x8001086e
core   0: 0x800057ea (0x003a0903) lb      s2, 3(s4)
core   0: 3 0x800057ea (0x003a0903) x18 0x00000000 mem 0x80010881
core   0: 0x800057ee (0x006a0aa3) sb      t1, 21(s4)
core   0: 3 0x800057ee (0x006a0aa3) mem 0x80010893 0x00
core   0: 0x800057f2 (0x025a4683) lbu     a3, 37(s4)
core   0: 3 0x800057f2 (0x025a4683) x13 0x00000000 mem 0x800108a3
core   0: 0x800057f6 (0xfdca4003) lbu     zero, -36(s4)
core   0: 3 0x800057f6 (0xfdca4003) mem 0x8001085a
core   0: 0x800057fa (0x0022dd13) srli    s10, t0, 2
core   0: 3 0x800057fa (0x0022dd13) x26 0x0007c0ba
core   0: 0x800057fe (0x00001c90) c.addi4spn a2, sp, 624
core   0: 3 0x800057fe (0x1c90) x12 0x800105b4
core   0: 0x80005800 (0x03da0203) lb      tp, 61(s4)
core   0: 3 0x80005800 (0x03da0203) x4  0x00000000 mem 0x800108bb
core   0: 0x80005804 (0x0153c633) xor     a2, t2, s5
core   0: 3 0x80005804 (0x0153c633) x12 0x80005592
core   0: 0x80005808 (0x00596e33) or      t3, s2, t0
core   0: 3 0x80005808 (0x00596e33) x28 0x001f02e8
core   0: 0x8000580c (0x80d1b013) sltiu   zero, gp, -2035
core   0: 3 0x8000580c (0x80d1b013)
core   0: 0x80005810 (0xfdda2f23) sw      t4, -34(s4)
core   0: 3 0x80005810 (0xfdda2f23) mem 0x8001085c 0x80025e74
core   0: 0x80005814 (0x031a04a3) sb      a7, 41(s4)
core   0: 3 0x80005814 (0x031a04a3) mem 0x800108a7 0x00
core   0: 0x80005818 (0x0000893d) c.andi  a0, 15
core   0: 3 0x80005818 (0x893d) x10 0x0000000a
core   0: 0x8000581a (0x031a4d83) lbu     s11, 49(s4)
core   0: 3 0x8000581a (0x031a4d83) x27 0x00000000 mem 0x800108af
core   0: 0x8000581e (0x03da2323) sw      t4, 38(s4)
core   0: 3 0x8000581e (0x03da2323) mem 0x800108a4 0x80025e74
core   0: 0x80005822 (0x00008d4d) c.or    a0, a1
core   0: 3 0x80005822 (0x8d4d) x10 0x0000000a
core   0: 0x80005824 (0x00004215) c.li    tp, 5
core   0: 3 0x80005824 (0x4215) x4  0x00000005
core   0: 0x80005826 (0xfd3a0e03) lb      t3, -45(s4)
core   0: 3 0x80005826 (0xfd3a0e03) x28 0x00000000 mem 0x80010851
core   0: 0x8000582a (0x028a4d03) lbu     s10, 40(s4)
core   0: 3 0x8000582a (0x028a4d03) x26 0x00000002 mem 0x800108a6
core   0: 0x8000582e (0x0000b317) auipc   t1, 0xb
core   0: 3 0x8000582e (0x0000b317) x6  0x8001082e
core   0: 0x80005832 (0x13c30313) addi    t1, t1, 316
core   0: 3 0x80005832 (0x13c30313) x6  0x8001096a
core   0: 0x80005836 (0x00a31783) lh      a5, 10(t1)
core   0: 3 0x80005836 (0x00a31783) x15 0x00000000 mem 0x80010974
core   0: 0x8000583a (0x01ffac33) slt     s8, t6, t6
core   0: 3 0x8000583a (0x01ffac33) x24 0x00000000
core   0: 0x8000583e (0x00c32923) sw      a2, 18(t1)
core   0: 3 0x8000583e (0x00c32923) mem 0x8001097c 0x80005592
core   0: 0x80005842 (0x00008e7d) c.and   a2, a5
core   0: 3 0x80005842 (0x8e7d) x12 0x00000000
core   0: 0x80005844 (0xa5163b93) sltiu   s7, a2, -1455
core   0: 3 0x80005844 (0xa5163b93) x23 0x00000001
core   0: 0x80005848 (0x02cb9fb3) mulh    t6, s7, a2
core   0: 3 0x80005848 (0x02cb9fb3) x31 0x00000000
core   0: 0x8000584c (0x00cbdfb3) srl     t6, s7, a2
core   0: 3 0x8000584c (0x00cbdfb3) x31 0x00000001
core   0: 0x80005850 (0x03770bb3) mul     s7, a4, s7
core   0: 3 0x80005850 (0x03770bb3) x23 0x00000000
core   0: 0x80005854 (0x01d30603) lb      a2, 29(t1)
core   0: 3 0x80005854 (0x01d30603) x12 0x00000000 mem 0x80010987
core   0: 0x80005858 (0x00fbdbb3) srl     s7, s7, a5
core   0: 3 0x80005858 (0x00fbdbb3) x23 0x00000000
core   0: 0x8000585c (0x00030703) lb      a4, 0(t1)
core   0: 3 0x8000585c (0x00030703) x14 0x00000000 mem 0x8001096a
core   0: 0x80005860 (0xffe34783) lbu     a5, -2(t1)
core   0: 3 0x80005860 (0xffe34783) x15 0x00000000 mem 0x80010968
core   0: 0x80005864 (0x02cfac33) mulhsu  s8, t6, a2
core   0: 3 0x80005864 (0x02cfac33) x24 0x00000000
core   0: 0x80005868 (0x038302a3) sb      s8, 37(t1)
core   0: 3 0x80005868 (0x038302a3) mem 0x8001098f 0x00
core   0: 0x8000586c (0x00000b91) c.addi  s7, 4
core   0: 3 0x8000586c (0x0b91) x23 0x00000004
core   0: 0x8000586e (0x00f306a3) sb      a5, 13(t1)
core   0: 3 0x8000586e (0x00f306a3) mem 0x80010977 0x00
core   0: 0x80005872 (0x00934783) lbu     a5, 9(t1)
core   0: 3 0x80005872 (0x00934783) x15 0x00000000 mem 0x80010973
core   0: 0x80005876 (0xfcb30b83) lb      s7, -53(t1)
core   0: 3 0x80005876 (0xfcb30b83) x23 0x00000000 mem 0x80010935
core   0: 0x8000587a (0x03232b83) lw      s7, 50(t1)
core   0: 3 0x8000587a (0x03232b83) x23 0x00000000 mem 0x8001099c
core   0: 0x8000587e (0x00008e39) c.xor   a2, a4
core   0: 3 0x8000587e (0x8e39) x12 0x00000000
core   0: 0x80005880 (0xfe330603) lb      a2, -29(t1)
core   0: 3 0x80005880 (0xfe330603) x12 0x00000000 mem 0x8001094d
core   0: 0x80005884 (0xff831523) sh      s8, -22(t1)
core   0: 3 0x80005884 (0xff831523) mem 0x80010954 0x0000
core   0: 0x80005888 (0xfeb30783) lb      a5, -21(t1)
core   0: 3 0x80005888 (0xfeb30783) x15 0x00000000 mem 0x80010955
core   0: 0x8000588c (0x00c30623) sb      a2, 12(t1)
core   0: 3 0x8000588c (0x00c30623) mem 0x80010976 0x00
core   0: 0x80005890 (0x00d30b83) lb      s7, 13(t1)
core   0: 3 0x80005890 (0x00d30b83) x23 0x00000000 mem 0x80010977
core   0: 0x80005894 (0x01f63bb3) sltu    s7, a2, t6
core   0: 3 0x80005894 (0x01f63bb3) x23 0x00000001
core   0: 0x80005898 (0xfce34b83) lbu     s7, -50(t1)
core   0: 3 0x80005898 (0xfce34b83) x23 0x00000000 mem 0x80010938
core   0: 0x8000589c (0x01f64c33) xor     s8, a2, t6
core   0: 3 0x8000589c (0x01f64c33) x24 0x00000001
core   0: 0x800058a0 (0x00008662) c.mv    a2, s8
core   0: 3 0x800058a0 (0x8662) x12 0x00000001
core   0: 0x800058a2 (0xfdd34603) lbu     a2, -35(t1)
core   0: 3 0x800058a2 (0xfdd34603) x12 0x00000000 mem 0x80010947
core   0: 0x800058a6 (0x01479c13) slli    s8, a5, 20
core   0: 3 0x800058a6 (0x01479c13) x24 0x00000000
core   0: 0x800058aa (0x02834c03) lbu     s8, 40(t1)
core   0: 3 0x800058aa (0x02834c03) x24 0x00000000 mem 0x80010992
core   0: 0x800058ae (0xfec34c03) lbu     s8, -20(t1)
core   0: 3 0x800058ae (0xfec34c03) x24 0x00000000 mem 0x80010956
core   0: 0x800058b2 (0x03030c03) lb      s8, 48(t1)
core   0: 3 0x800058b2 (0x03030c03) x24 0x00000000 mem 0x8001099a
core   0: 0x800058b6 (0x03776c33) rem     s8, a4, s7
core   0: 3 0x800058b6 (0x03776c33) x24 0x00000000
core   0: 0x800058ba (0x00000ff1) c.addi  t6, 28
core   0: 3 0x800058ba (0x0ff1) x31 0x0000001d
core   0: 0x800058bc (0x000007ee) c.slli  a5, 27
core   0: 3 0x800058bc (0x07ee) x15 0x00000000
core   0: 0x800058be (0x00009bbe) c.add   s7, a5
core   0: 3 0x800058be (0x9bbe) x23 0x00000000
core   0: 0x800058c0 (0x037c7c33) remu    s8, s8, s7
core   0: 3 0x800058c0 (0x037c7c33) x24 0x00000000
core   0: 0x800058c4 (0x02534783) lbu     a5, 37(t1)
core   0: 3 0x800058c4 (0x02534783) x15 0x00000000 mem 0x8001098f
core   0: 0x800058c8 (0x02330703) lb      a4, 35(t1)
core   0: 3 0x800058c8 (0x02330703) x14 0x00000000 mem 0x8001098d
core   0: 0x800058cc (0x00008ff1) c.and   a5, a2
core   0: 3 0x800058cc (0x8ff1) x15 0x00000000
core   0: 0x800058ce (0x00e32f23) sw      a4, 30(t1)
core   0: 3 0x800058ce (0x00e32f23) mem 0x80010988 0x00000000
core   0: 0x800058d2 (0x00008755) c.srai  a4, 21
core   0: 3 0x800058d2 (0x8755) x14 0x00000000
core   0: 0x800058d4 (0x01f31c23) sh      t6, 24(t1)
core   0: 3 0x800058d4 (0x01f31c23) mem 0x80010982 0x001d
core   0: 0x800058d8 (0x01f30c03) lb      s8, 31(t1)
core   0: 3 0x800058d8 (0x01f30c03) x24 0x00000000 mem 0x80010989
core   0: 0x800058dc (0x01a30b83) lb      s7, 26(t1)
core   0: 3 0x800058dc (0x01a30b83) x23 0x00000000 mem 0x80010984
core   0: 0x800058e0 (0x00ebac33) slt     s8, s7, a4
core   0: 3 0x800058e0 (0x00ebac33) x24 0x00000000
core   0: 0x800058e4 (0x005f9c13) slli    s8, t6, 5
core   0: 3 0x800058e4 (0x005f9c13) x24 0x000003a0
core   0: 0x800058e8 (0x00000001) c.nop
core   0: 3 0x800058e8 (0x0001)
core   0: 0x800058ea (0xfdf30523) sb      t6, -54(t1)
core   0: 3 0x800058ea (0xfdf30523) mem 0x80010934 0x1d
core   0: 0x800058ee (0x05731023) sh      s7, 64(t1)
core   0: 3 0x800058ee (0x05731023) mem 0x800109aa 0x0000
core   0: 0x800058f2 (0x00134b83) lbu     s7, 1(t1)
core   0: 3 0x800058f2 (0x00134b83) x23 0x00000000 mem 0x8001096b
core   0: 0x800058f6 (0x017c5733) srl     a4, s8, s7
core   0: 3 0x800058f6 (0x017c5733) x14 0x000003a0
core   0: 0x800058fa (0x00fc5f93) srli    t6, s8, 15
core   0: 3 0x800058fa (0x00fc5f93) x31 0x00000000
core   0: 0x800058fe (0x000087be) c.mv    a5, a5
core   0: 3 0x800058fe (0x87be) x15 0x00000000
core   0: 0x80005900 (0x00009732) c.add   a4, a2
core   0: 3 0x80005900 (0x9732) x14 0x000003a0
core   0: 0x80005902 (0x2c4c3b97) auipc   s7, 0x2c4c3
core   0: 3 0x80005902 (0x2c4c3b97) x23 0xac4c8902
core   0: 0x80005906 (0xbe9c6713) ori     a4, s8, -1047
core   0: 3 0x80005906 (0xbe9c6713) x14 0xfffffbe9
core   0: 0x8000590a (0x04f30023) sb      a5, 64(t1)
core   0: 3 0x8000590a (0x04f30023) mem 0x800109aa 0x00
core   0: 0x8000590e (0x0000f317) auipc   t1, 0xf
core   0: 3 0x8000590e (0x0000f317) x6  0x8001490e
core   0: 0x80005912 (0x1f230313) addi    t1, t1, 498
core   0: 3 0x80005912 (0x1f230313) x6  0x80014b00
core   0: 0x80005916 (0xfe730083) lb      ra, -25(t1)
core   0: 3 0x80005916 (0xfe730083) x1  0x00000000 mem 0x80014ae7
core   0: 0x8000591a (0x00008c29) c.xor   s0, a0
core   0: 3 0x8000591a (0x8c29) x8  0x0000000a
core   0: 0x8000591c (0x01061733) sll     a4, a2, a6
core   0: 3 0x8000591c (0x01061733) x14 0x00000000
core   0: 0x80005920 (0xfd734e03) lbu     t3, -41(t1)
core   0: 3 0x80005920 (0xfd734e03) x28 0x00000000 mem 0x80014ad7
core   0: 0x80005924 (0x02b7ae33) mulhsu  t3, a5, a1
core   0: 3 0x80005924 (0x02b7ae33) x28 0x00000000
core   0: 0x80005928 (0x00000001) c.nop
core   0: 3 0x80005928 (0x0001)
core   0: 0x8000592a (0x407d58b3) sra     a7, s10, t2
core   0: 3 0x8000592a (0x407d58b3) x17 0x00000000
core   0: 0x8000592e (0x00036fb3) or      t6, t1, zero
core   0: 3 0x8000592e (0x00036fb3) x31 0x80014b00
core   0: 0x80005932 (0xffb34083) lbu     ra, -5(t1)
core   0: 3 0x80005932 (0xffb34083) x1  0x00000000 mem 0x80014afb
core   0: 0x80005936 (0x65188a13) addi    s4, a7, 1617
core   0: 3 0x80005936 (0x65188a13) x20 0x00000651
core   0: 0x8000593a (0x01034f83) lbu     t6, 16(t1)
core   0: 3 0x8000593a (0x01034f83) x31 0x00000000 mem 0x80014b10
core   0: 0x8000593e (0x00009d6e) c.add   s10, s11
core   0: 3 0x8000593e (0x9d6e) x26 0x00000002
core   0: 0x80005940 (0x015694b3) sll     s1, a3, s5
core   0: 3 0x80005940 (0x015694b3) x9  0x00000000
core   0: 0x80005944 (0x01c38833) add     a6, t2, t3
core   0: 3 0x80005944 (0x01c38833) x16 0x8000559a
core   0: 0x80005948 (0x0070a113) slti    sp, ra, 7
core   0: 3 0x80005948 (0x0070a113) x2  0x00000001
core   0: 0x8000594c (0x03aef893) andi    a7, t4, 58
core   0: 3 0x8000594c (0x03aef893) x17 0x00000030
core   0: 0x80005950 (0xff931723) sh      s9, -18(t1)
core   0: 3 0x80005950 (0xff931723) mem 0x80014aee 0x0000
core   0: 0x80005954 (0x00008955) c.andi  a0, 21
core   0: 3 0x80005954 (0x8955) x10 0x00000000
core   0: 0x80005956 (0xd8352793) slti    a5, a0, -637
core   0: 3 0x80005956 (0xd8352793) x15 0x00000000
core   0: 0x8000595a (0x00000001) c.nop
core   0: 3 0x8000595a (0x0001)
core   0: 0x8000595c (0x0260f4b3) remu    s1, ra, t1
core   0: 3 0x8000595c (0x0260f4b3) x9  0x00000000
core   0: 0x80005960 (0x00008329) c.srli  a4, 10
core   0: 3 0x80005960 (0x8329) x14 0x00000000
core   0: 0x80005962 (0x000080a9) c.srli  s1, 10
core   0: 3 0x80005962 (0x80a9) x9  0x00000000
core   0: 0x80005964 (0x01eb9013) slli    zero, s7, 30
core   0: 3 0x80005964 (0x01eb9013)
core   0: 0x80005968 (0x02132223) sw      ra, 36(t1)
core   0: 3 0x80005968 (0x02132223) mem 0x80014b24 0x00000000
core   0: 0x8000596c (0xfd132c23) sw      a7, -40(t1)
core   0: 3 0x8000596c (0xfd132c23) mem 0x80014ad8 0x00000030
core   0: 0x80005970 (0x0022ed33) or      s10, t0, sp
core   0: 3 0x80005970 (0x0022ed33) x26 0x001f02e9
core   0: 0x80005974 (0x00008051) c.srli  s0, 20
core   0: 3 0x80005974 (0x8051) x8  0x00000000
core   0: 0x80005976 (0x018303a3) sb      s8, 7(t1)
core   0: 3 0x80005976 (0x018303a3) mem 0x80014b07 0xa0
core   0: 0x8000597a (0x00006161) c.addi16sp sp, 80
core   0: 3 0x8000597a (0x6161) x2  0x00000051
core   0: 0x8000597c (0xfd330d83) lb      s11, -45(t1)
core   0: 3 0x8000597c (0xfd330d83) x27 0x00000000 mem 0x80014ad3
core   0: 0x80005980 (0x000002f6) c.slli  t0, 29
core   0: 3 0x80005980 (0x02f6) x5  0x00000000
core   0: 0x80005982 (0xf9148393) addi    t2, s1, -111
core   0: 3 0x80005982 (0xf9148393) x7  0xffffff91
core   0: 0x80005986 (0x03730803) lb      a6, 55(t1)
core   0: 3 0x80005986 (0x03730803) x16 0x00000000 mem 0x80014b37
core   0: 0x8000598a (0x4fc887b7) lui     a5, 0x4fc88
core   0: 3 0x8000598a (0x4fc887b7) x15 0x4fc88000
core   0: 0x8000598e (0x00009bfd) c.andi  a5, -1
core   0: 3 0x8000598e (0x9bfd) x15 0x4fc88000
core   0: 0x80005990 (0x01015e33) srl     t3, sp, a6
core   0: 3 0x80005990 (0x01015e33) x28 0x00000051
core   0: 0x80005994 (0x000085e5) c.srai  a1, 25
core   0: 3 0x80005994 (0x85e5) x11 0x00000000
core   0: 0x80005996 (0x02aff733) remu    a4, t6, a0
core   0: 3 0x80005996 (0x02aff733) x14 0x00000000
core   0: 0x8000599a (0xfe6305a3) sb      t1, -21(t1)
core   0: 3 0x8000599a (0xfe6305a3) mem 0x80014aeb 0x00
core   0: 0x8000599e (0x018000ef) jal     pc + 0x18
core   0: 3 0x8000599e (0x018000ef) x1  0x800059a2
core   0: 0x800059b6 (0x0000a811) c.j     pc + 20
core   0: 3 0x800059b6 (0xa811)
core   0: 0x800059ca (0xffdff0ef) jal     pc - 0x4
core   0: 3 0x800059ca (0xffdff0ef) x1  0x800059ce
core   0: 0x800059c6 (0xfe5ff56f) jal     a0, pc - 0x1c
core   0: 3 0x800059c6 (0xfe5ff56f) x10 0x800059ca
core   0: 0x800059aa (0x0000201d) c.jal   pc + 38
core   0: 3 0x800059aa (0x201d) x1  0x800059ac
core   0: 0x800059d0 (0x0000a039) c.j     pc + 14
core   0: 3 0x800059d0 (0xa039)
core   0: 0x800059de (0x000037d5) c.jal   pc - 28
core   0: 3 0x800059de (0x37d5) x1  0x800059e0
core   0: 0x800059c2 (0xffdff66f) jal     a2, pc - 0x4
core   0: 3 0x800059c2 (0xffdff66f) x12 0x800059c6
core   0: 0x800059be (0x000037d5) c.jal   pc - 28
core   0: 3 0x800059be (0x37d5) x1  0x800059c0
core   0: 0x800059a2 (0x00002019) c.jal   pc + 6
core   0: 3 0x800059a2 (0x2019) x1  0x800059a4
core   0: 0x800059a8 (0x0000a011) c.j     pc + 4
core   0: 3 0x800059a8 (0xa011)
core   0: 0x800059ac (0x010000ef) jal     pc + 0x10
core   0: 3 0x800059ac (0x010000ef) x1  0x800059b0
core   0: 0x800059bc (0x00003fdd) c.jal   pc - 10
core   0: 3 0x800059bc (0x3fdd) x1  0x800059be
core   0: 0x800059b2 (0x00600c6f) jal     s8, pc + 0x6
core   0: 3 0x800059b2 (0x00600c6f) x24 0x800059b6
core   0: 0x800059b8 (0x008000ef) jal     pc + 0x8
core   0: 3 0x800059b8 (0x008000ef) x1  0x800059bc
core   0: 0x800059c0 (0x00002809) c.jal   pc + 18
core   0: 3 0x800059c0 (0x2809) x1  0x800059c2
core   0: 0x800059d2 (0x00002009) c.jal   pc + 2
core   0: 3 0x800059d2 (0x2009) x1  0x800059d4
core   0: 0x800059d4 (0x00002801) c.jal   pc + 16
core   0: 3 0x800059d4 (0x2801) x1  0x800059d6
core   0: 0x800059e4 (0x00003fdd) c.jal   pc - 10
core   0: 3 0x800059e4 (0x3fdd) x1  0x800059e6
core   0: 0x800059da (0xfcdff0ef) jal     pc - 0x34
core   0: 3 0x800059da (0xfcdff0ef) x1  0x800059de
core   0: 0x800059a6 (0x0000a82d) c.j     pc + 58
core   0: 3 0x800059a6 (0xa82d)
core   0: 0x800059e0 (0xfd1fffef) jal     t6, pc - 0x30
core   0: 3 0x800059e0 (0xfd1fffef) x31 0x800059e4
core   0: 0x800059b0 (0x00003fd5) c.jal   pc - 12
core   0: 3 0x800059b0 (0x3fd5) x1  0x800059b2
core   0: 0x800059a4 (0x0000a80d) c.j     pc + 50
core   0: 3 0x800059a4 (0xa80d)
core   0: 0x800059d6 (0xff9ff46f) jal     s0, pc - 0x8
core   0: 3 0x800059d6 (0xff9ff46f) x8  0x800059da
core   0: 0x800059ce (0x00002821) c.jal   pc + 24
core   0: 3 0x800059ce (0x2821) x1  0x800059d0
core   0: 0x800059e6 (0x00008e99) c.sub   a3, a4
core   0: 3 0x800059e6 (0x8e99) x13 0x00000000
core   0: 0x800059e8 (0x00019217) auipc   tp, 0x19
core   0: 3 0x800059e8 (0x00019217) x4  0x8001e9e8
core   0: 0x800059ec (0xfb220213) addi    tp, tp, -78
core   0: 3 0x800059ec (0xfb220213) x4  0x8001e99a
core   0: 0x800059f0 (0x0ba22683) lw      a3, 186(tp)
core   0: 3 0x800059f0 (0x0ba22683) x13 0x00000000 mem 0x8001ea54
core   0: 0x800059f4 (0x000085fd) c.srai  a1, 31
core   0: 3 0x800059f4 (0x85fd) x11 0x00000000
core   0: 0x800059f6 (0xad414693) xori    a3, sp, -1324
core   0: 3 0x800059f6 (0xad414693) x13 0xfffffa85
core   0: 0x800059fa (0x00000001) c.nop
core   0: 3 0x800059fa (0x0001)
core   0: 0x800059fc (0xf4f24683) lbu     a3, -177(tp)
core   0: 3 0x800059fc (0xf4f24683) x13 0x00000000 mem 0x8001e8e9
core   0: 0x80005a00 (0x34620d83) lb      s11, 838(tp)
core   0: 3 0x80005a00 (0x34620d83) x27 0x00000000 mem 0x8001ece0
core   0: 0x80005a04 (0x0000968a) c.add   a3, sp
core   0: 3 0x80005a04 (0x968a) x13 0x00000051
core   0: 0x80005a06 (0x00008d0d) c.sub   a0, a1
core   0: 3 0x80005a06 (0x8d0d) x10 0x800059ca
core   0: 0x80005a08 (0x14d20683) lb      a3, 333(tp)
core   0: 3 0x80005a08 (0x14d20683) x13 0x00000000 mem 0x8001eae7
core   0: 0x80005a0c (0x03b13533) mulhu   a0, sp, s11
core   0: 3 0x80005a0c (0x03b13533) x10 0x00000000
core   0: 0x80005a10 (0xcbc24103) lbu     sp, -836(tp)
core   0: 3 0x80005a10 (0xcbc24103) x2  0x00000000 mem 0x8001e656
core   0: 0x80005a14 (0x11914113) xori    sp, sp, 281
core   0: 3 0x80005a14 (0x11914113) x2  0x00000119
core   0: 0x80005a18 (0x000095ae) c.add   a1, a1
core   0: 3 0x80005a18 (0x95ae) x11 0x00000000
core   0: 0x80005a1a (0x000006a9) c.addi  a3, 10
core   0: 3 0x80005a1a (0x06a9) x13 0x0000000a
core   0: 0x80005a1c (0x0026b533) sltu    a0, a3, sp
core   0: 3 0x80005a1c (0x0026b533) x10 0x00000001
core   0: 0x80005a20 (0x0055bdb3) sltu    s11, a1, t0
core   0: 3 0x80005a20 (0x0055bdb3) x27 0x00000000
core   0: 0x80005a24 (0x72d201a3) sb      a3, 1827(tp)
core   0: 3 0x80005a24 (0x72d201a3) mem 0x8001f0bd 0x0a
core   0: 0x80005a28 (0x6a8bad97) auipc   s11, 0x6a8ba
core   0: 3 0x80005a28 (0x6a8bad97) x27 0xea8bfa28
core   0: 0x80005a2c (0x7c221523) sh      sp, 1994(tp)
core   0: 3 0x80005a2c (0x7c221523) mem 0x8001f164 0x0119
core   0: 0x80005a30 (0xaf520283) lb      t0, -1291(tp)
core   0: 3 0x80005a30 (0xaf520283) x5  0x00000000 mem 0x8001e48f
core   0: 0x80005a34 (0x01b20d83) lb      s11, 27(tp)
core   0: 3 0x80005a34 (0x01b20d83) x27 0x00000000 mem 0x8001e9b5
core   0: 0x80005a38 (0x02ddf133) remu    sp, s11, a3
core   0: 3 0x80005a38 (0x02ddf133) x2  0x00000000
core   0: 0x80005a3c (0x43f24d83) lbu     s11, 1087(tp)
core   0: 3 0x80005a3c (0x43f24d83) x27 0x00000000 mem 0x8001edd9
core   0: 0x80005a40 (0x41bdd593) srai    a1, s11, 27
core   0: 3 0x80005a40 (0x41bdd593) x11 0x00000000
core   0: 0x80005a44 (0x8ed24d83) lbu     s11, -1811(tp)
core   0: 3 0x80005a44 (0x8ed24d83) x27 0x00000000 mem 0x8001e287
core   0: 0x80005a48 (0x75120683) lb      a3, 1873(tp)
core   0: 3 0x80005a48 (0x75120683) x13 0x00000000 mem 0x8001f0eb
core   0: 0x80005a4c (0x0000811d) c.srli  a0, 7
core   0: 3 0x80005a4c (0x811d) x10 0x00000000
core   0: 0x80005a4e (0x02254db3) div     s11, a0, sp
core   0: 3 0x80005a4e (0x02254db3) x27 0xffffffff
core   0: 0x80005a52 (0x02adf533) remu    a0, s11, a0
core   0: 3 0x80005a52 (0x02adf533) x10 0xffffffff
core   0: 0x80005a56 (0x29124103) lbu     sp, 657(tp)
core   0: 3 0x80005a56 (0x29124103) x2  0x00000000 mem 0x8001ec2b
core   0: 0x80005a5a (0x0000e117) auipc   sp, 0xe
core   0: 3 0x80005a5a (0x0000e117) x2  0x80013a5a
core   0: 0x80005a5e (0xb4110113) addi    sp, sp, -1215
core   0: 3 0x80005a5e (0xb4110113) x2  0x8001359b
core   0: 0x80005a62 (0x8a014b03) lbu     s6, -1888(sp)
core   0: 3 0x80005a62 (0x8a014b03) x22 0x00000000 mem 0x80012e3b
core   0: 0x80005a66 (0x8a014503) lbu     a0, -1888(sp)
core   0: 3 0x80005a66 (0x8a014503) x10 0x00000000 mem 0x80012e3b
core   0: 0x80005a6a (0x8a010503) lb      a0, -1888(sp)
core   0: 3 0x80005a6a (0x8a010503) x10 0x00000000 mem 0x80012e3b
core   0: 0x80005a6e (0x8a014b03) lbu     s6, -1888(sp)
core   0: 3 0x80005a6e (0x8a014b03) x22 0x00000000 mem 0x80012e3b
core   0: 0x80005a72 (0x01371393) slli    t2, a4, 19
core   0: 3 0x80005a72 (0x01371393) x7  0x00000000
core   0: 0x80005a76 (0x8a014b03) lbu     s6, -1888(sp)
core   0: 3 0x80005a76 (0x8a014b03) x22 0x00000000 mem 0x80012e3b
core   0: 0x80005a7a (0x028da5b3) mulhsu  a1, s11, s0
core   0: 3 0x80005a7a (0x028da5b3) x11 0xffffffff
core   0: 0x80005a7e (0xf2f47a13) andi    s4, s0, -209
core   0: 3 0x80005a7e (0xf2f47a13) x20 0x8000590a
core   0: 0x80005a82 (0x8a010683) lb      a3, -1888(sp)
core   0: 3 0x80005a82 (0x8a010683) x13 0x00000000 mem 0x80012e3b
core   0: 0x80005a86 (0x8a010283) lb      t0, -1888(sp)
core   0: 3 0x80005a86 (0x8a010283) x5  0x00000000 mem 0x80012e3b
core   0: 0x80005a8a (0x8bf10023) sb      t6, -1888(sp)
core   0: 3 0x80005a8a (0x8bf10023) mem 0x80012e3b 0xe4
core   0: 0x80005a8e (0x8b410023) sb      s4, -1888(sp)
core   0: 3 0x80005a8e (0x8b410023) mem 0x80012e3b 0x0a
core   0: 0x80005a92 (0x8be10023) sb      t5, -1888(sp)
core   0: 3 0x80005a92 (0x8be10023) mem 0x80012e3b 0x24
core   0: 0x80005a96 (0x8a310023) sb      gp, -1888(sp)
core   0: 3 0x80005a96 (0x8a310023) mem 0x80012e3b 0x00
core   0: 0x80005a9a (0x03115cb3) divu    s9, sp, a7
core   0: 3 0x80005a9a (0x03115cb3) x25 0x02aab11d
core   0: 0x80005a9e (0x8a010003) lb      zero, -1888(sp)
core   0: 3 0x80005a9e (0x8a010003) mem 0x80012e3b
core   0: 0x80005aa2 (0x8a014a03) lbu     s4, -1888(sp)
core   0: 3 0x80005aa2 (0x8a014a03) x20 0x00000000 mem 0x80012e3b
core   0: 0x80005aa6 (0x8a014883) lbu     a7, -1888(sp)
core   0: 3 0x80005aa6 (0x8a014883) x17 0x00000000 mem 0x80012e3b
core   0: 0x80005aaa (0x8b210023) sb      s2, -1888(sp)
core   0: 3 0x80005aaa (0x8b210023) mem 0x80012e3b 0x00
core   0: 0x80005aae (0x8a310023) sb      gp, -1888(sp)
core   0: 3 0x80005aae (0x8a310023) mem 0x80012e3b 0x00
core   0: 0x80005ab2 (0x010000ef) jal     pc + 0x10
core   0: 3 0x80005ab2 (0x010000ef) x1  0x80005ab6
core   0: 0x80005ac2 (0x00003fe5) c.jal   pc - 8
core   0: 3 0x80005ac2 (0x3fe5) x1  0x80005ac4
core   0: 0x80005aba (0x00003ff5) c.jal   pc - 4
core   0: 3 0x80005aba (0x3ff5) x1  0x80005abc
core   0: 0x80005ab6 (0x0000a801) c.j     pc + 16
core   0: 3 0x80005ab6 (0xa801)
core   0: 0x80005ac6 (0x0000a831) c.j     pc + 28
core   0: 3 0x80005ac6 (0xa831)
core   0: 0x80005ae2 (0xfe3ff0ef) jal     pc - 0x1e
core   0: 3 0x80005ae2 (0xfe3ff0ef) x1  0x80005ae6
core   0: 0x80005ac4 (0x0000bfed) c.j     pc - 6
core   0: 3 0x80005ac4 (0xbfed)
core   0: 0x80005abe (0x0000a809) c.j     pc + 18
core   0: 3 0x80005abe (0xa809)
core   0: 0x80005ad0 (0x0040036f) jal     t1, pc + 0x4
core   0: 3 0x80005ad0 (0x0040036f) x6  0x80005ad4
core   0: 0x80005ad4 (0x0000b7e5) c.j     pc - 24
core   0: 3 0x80005ad4 (0xb7e5)
core   0: 0x80005abc (0x00002031) c.jal   pc + 12
core   0: 3 0x80005abc (0x2031) x1  0x80005abe
core   0: 0x80005ac8 (0x00002039) c.jal   pc + 14
core   0: 3 0x80005ac8 (0x2039) x1  0x80005aca
core   0: 0x80005ad6 (0x0000a021) c.j     pc + 8
core   0: 3 0x80005ad6 (0xa021)
core   0: 0x80005ade (0xfffff26f) jal     tp, pc - 0x2
core   0: 3 0x80005ade (0xfffff26f) x4  0x80005ae2
core   0: 0x80005adc (0x0000bff1) c.j     pc - 36
core   0: 3 0x80005adc (0xbff1)
core   0: 0x80005ab8 (0x0000203d) c.jal   pc + 46
core   0: 3 0x80005ab8 (0x203d) x1  0x80005aba
core   0: 0x80005ae6 (0x00003fcd) c.jal   pc - 14
core   0: 3 0x80005ae6 (0x3fcd) x1  0x80005ae8
core   0: 0x80005ad8 (0x0000bfd5) c.j     pc - 12
core   0: 3 0x80005ad8 (0xbfd5)
core   0: 0x80005acc (0xff5ff0ef) jal     pc - 0xc
core   0: 3 0x80005acc (0xff5ff0ef) x1  0x80005ad0
core   0: 0x80005ac0 (0x0000a829) c.j     pc + 26
core   0: 3 0x80005ac0 (0xa829)
core   0: 0x80005ada (0x00003fc5) c.jal   pc - 16
core   0: 3 0x80005ada (0x3fc5) x1  0x80005adc
core   0: 0x80005aca (0x0000a839) c.j     pc + 30
core   0: 3 0x80005aca (0xa839)
core   0: 0x80005ae8 (0x408cd933) sra     s2, s9, s0
core   0: 3 0x80005ae8 (0x408cd933) x18 0x00000000
core   0: 0x80005aec (0x00004381) c.li    t2, 0
core   0: 3 0x80005aec (0x4381) x7  0x00000000
core   0: 0x80005aee (0x00008d19) c.sub   a0, a4
core   0: 3 0x80005aee (0x8d19) x10 0x00000000
core   0: 0x80005af0 (0x415e59b3) sra     s3, t3, s5
core   0: 3 0x80005af0 (0x415e59b3) x19 0x00000000
core   0: 0x80005af4 (0x00004f99) c.li    t6, 6
core   0: 3 0x80005af4 (0x4f99) x31 0x00000006
core   0: 0x80005af6 (0x004236b3) sltu    a3, tp, tp
core   0: 3 0x80005af6 (0x004236b3) x13 0x00000000
core   0: 0x80005afa (0x00008ec5) c.or    a3, s1
core   0: 3 0x80005afa (0x8ec5) x13 0x00000000
core   0: 0x80005afc (0x0246be33) mulhu   t3, a3, tp
core   0: 3 0x80005afc (0x0246be33) x28 0x00000000
core   0: 0x80005b00 (0x0000806d) c.srli  s0, 27
core   0: 3 0x80005b00 (0x806d) x8  0x00000010
core   0: 0x80005b02 (0x030960b3) rem     ra, s2, a6
core   0: 3 0x80005b02 (0x030960b3) x1  0x00000000
core   0: 0x80005b06 (0x00001808) c.addi4spn a0, sp, 48
core   0: 3 0x80005b06 (0x1808) x10 0x800135cb
core   0: 0x80005b08 (0xbb7a3e13) sltiu   t3, s4, -1097
core   0: 3 0x80005b08 (0xbb7a3e13) x28 0x00000001
core   0: 0x80005b0c (0x03dba7b3) mulhsu  a5, s7, t4
core   0: 3 0x80005b0c (0x03dba7b3) x15 0xd6257e38
core   0: 0x80005b10 (0x00000001) c.nop
core   0: 3 0x80005b10 (0x0001)
core   0: 0x80005b12 (0xb5a04213) xori    tp, zero, -1190
core   0: 3 0x80005b12 (0xb5a04213) x4  0xfffffb5a
core   0: 0x80005b16 (0xa5bb4713) xori    a4, s6, -1445
core   0: 3 0x80005b16 (0xa5bb4713) x14 0xfffffa5b
core   0: 0x80005b1a (0x00000399) c.addi  t2, 6
core   0: 3 0x80005b1a (0x0399) x7  0x00000006
core   0: 0x80005b1c (0x01b55093) srli    ra, a0, 27
core   0: 3 0x80005b1c (0x01b55093) x1  0x00000010
core   0: 0x80005b20 (0x000000aa) c.slli  ra, 10
core   0: 3 0x80005b20 (0x00aa) x1  0x00004000
core   0: 0x80005b22 (0x00f6db93) srli    s7, a3, 15
core   0: 3 0x80005b22 (0x00f6db93) x23 0x00000000
core   0: 0x80005b26 (0xfdb0a193) slti    gp, ra, -37
core   0: 3 0x80005b26 (0xfdb0a193) x3  0x00000000
core   0: 0x80005b2a (0x000042a5) c.li    t0, 9
core   0: 3 0x80005b2a (0x42a5) x5  0x00000009
core   0: 0x80005b2c (0x41b3d1b3) sra     gp, t2, s11
core   0: 3 0x80005b2c (0x41b3d1b3) x3  0x00000000
core   0: 0x80005b30 (0x00008251) c.srli  a2, 20
core   0: 3 0x80005b30 (0x8251) x12 0x00000800
core   0: 0x80005b32 (0x000044a1) c.li    s1, 8
core   0: 3 0x80005b32 (0x44a1) x9  0x00000008
core   0: 0x80005b34 (0x00008e49) c.or    a2, a0
core   0: 3 0x80005b34 (0x8e49) x12 0x80013dcb
core   0: 0x80005b36 (0x000049cd) c.li    s3, 19
core   0: 3 0x80005b36 (0x49cd) x19 0x00000013
core   0: 0x80005b38 (0x00008e45) c.or    a2, s1
core   0: 3 0x80005b38 (0x8e45) x12 0x80013dcb
core   0: 0x80005b3a (0x00000001) c.nop
core   0: 3 0x80005b3a (0x0001)
core   0: 0x80005b3c (0x000012e9) c.addi  t0, -6
core   0: 3 0x80005b3c (0x12e9) x5  0x00000003
core   0: 0x80005b3e (0x034729b3) mulhsu  s3, a4, s4
core   0: 3 0x80005b3e (0x034729b3) x19 0x00000000
core   0: 0x80005b42 (0xfe92fbe3) bgeu    t0, s1, pc - 10
core   0: 3 0x80005b42 (0xfe92fbe3)
core   0: 0x80005b46 (0x00006c65) c.lui   s8, 0x19
core   0: 3 0x80005b46 (0x6c65) x24 0x00019000
core   0: 0x80005b48 (0x03637e33) remu    t3, t1, s6
core   0: 3 0x80005b48 (0x03637e33) x28 0x80005ad4
core   0: 0x80005b4c (0xfdf3e3e3) bltu    t2, t6, pc - 58
core   0: 3 0x80005b4c (0xfdf3e3e3)
core   0: 0x80005b50 (0x00008c4d) c.or    s0, a1
core   0: 3 0x80005b50 (0x8c4d) x8  0xffffffff
core   0: 0x80005b52 (0x004c9533) sll     a0, s9, tp
core   0: 3 0x80005b52 (0x004c9533) x10 0x74000000
core   0: 0x80005b56 (0x029a6e33) rem     t3, s4, s1
core   0: 3 0x80005b56 (0x029a6e33) x28 0x00000000
core   0: 0x80005b5a (0xf837a513) slti    a0, a5, -125
core   0: 3 0x80005b5a (0xf837a513) x10 0x00000001
core   0: 0x80005b5e (0x03540b33) mul     s6, s0, s5
core   0: 3 0x80005b5e (0x03540b33) x22 0xfffffff8
core   0: 0x80005b62 (0x01d879b3) and     s3, a6, t4
core   0: 3 0x80005b62 (0x01d879b3) x19 0x00000000
core   0: 0x80005b66 (0x0206b013) sltiu   zero, a3, 32
core   0: 3 0x80005b66 (0x0206b013)
core   0: 0x80005b6a (0x00710c63) beq     sp, t2, pc + 24
core   0: 3 0x80005b6a (0x00710c63)
core   0: 0x80005b6e (0x03a7b533) mulhu   a0, a5, s10
core   0: 3 0x80005b6e (0x03a7b533) x10 0x0019f0f9
core   0: 0x80005b72 (0x00515313) srli    t1, sp, 5
core   0: 3 0x80005b72 (0x00515313) x6  0x040009ac
core   0: 0x80005b76 (0x01d90f63) beq     s2, t4, pc + 30
core   0: 3 0x80005b76 (0x01d90f63)
core   0: 0x80005b7a (0x410e8fb3) sub     t6, t4, a6
core   0: 3 0x80005b7a (0x410e8fb3) x31 0x80025e74
core   0: 0x80005b7e (0x00006cf9) c.lui   s9, 0x1e
core   0: 3 0x80005b7e (0x6cf9) x25 0x0001e000
core   0: 0x80005b80 (0x00006e4d) c.lui   t3, 0x13
core   0: 3 0x80005b80 (0x6e4d) x28 0x00013000
core   0: 0x80005b82 (0x0000874d) c.srai  a4, 19
core   0: 3 0x80005b82 (0x874d) x14 0xffffffff
core   0: 0x80005b84 (0x01151c33) sll     s8, a0, a7
core   0: 3 0x80005b84 (0x01151c33) x24 0x0019f0f9
core   0: 0x80005b88 (0xca6cc013) xori    zero, s9, -858
core   0: 3 0x80005b88 (0xca6cc013)
core   0: 0x80005b8c (0x00b04bb3) xor     s7, zero, a1
core   0: 3 0x80005b8c (0x00b04bb3) x23 0xffffffff
core   0: 0x80005b90 (0x01c25c33) srl     s8, tp, t3
core   0: 3 0x80005b90 (0x01c25c33) x24 0xfffffb5a
core   0: 0x80005b94 (0x03c43e33) mulhu   t3, s0, t3
core   0: 3 0x80005b94 (0x03c43e33) x28 0x00012fff
core   0: 0x80005b98 (0x00008115) c.srli  a0, 5
core   0: 3 0x80005b98 (0x8115) x10 0x0000cf87
core   0: 0x80005b9a (0x01a8df63) bge     a7, s10, pc + 30
core   0: 3 0x80005b9a (0x01a8df63)
core   0: 0x80005b9e (0x89588fb7) lui     t6, 0x89588
core   0: 3 0x80005b9e (0x89588fb7) x31 0x89588000
core   0: 0x80005ba2 (0x030738b3) mulhu   a7, a4, a6
core   0: 3 0x80005ba2 (0x030738b3) x17 0x00000000
core   0: 0x80005ba6 (0x03d80633) mul     a2, a6, t4
core   0: 3 0x80005ba6 (0x03d80633) x12 0x00000000
core   0: 0x80005baa (0x313338b7) lui     a7, 0x31333
core   0: 3 0x80005baa (0x313338b7) x17 0x31333000
core   0: 0x80005bae (0x2701a093) slti    ra, gp, 624
core   0: 3 0x80005bae (0x2701a093) x1  0x00000001
core   0: 0x80005bb2 (0x000086d1) c.srai  a3, 20
core   0: 3 0x80005bb2 (0x86d1) x13 0x00000000
core   0: 0x80005bb4 (0xc43d7393) andi    t2, s10, -957
core   0: 3 0x80005bb4 (0xc43d7393) x7  0x001f0041
core   0: 0x80005bb8 (0xf30bed13) ori     s10, s7, -208
core   0: 3 0x80005bb8 (0xf30bed13) x26 0xffffffff
core   0: 0x80005bbc (0x644fc313) xori    t1, t6, 1604
core   0: 3 0x80005bbc (0x644fc313) x6  0x89588644
core   0: 0x80005bc0 (0x00008c36) c.mv    s8, a3
core   0: 3 0x80005bc0 (0x8c36) x24 0x00000000
core   0: 0x80005bc2 (0x02dd6063) bltu    s10, a3, pc + 32
core   0: 3 0x80005bc2 (0x02dd6063)
core   0: 0x80005bc6 (0x0291dbb3) divu    s7, gp, s1
core   0: 3 0x80005bc6 (0x0291dbb3) x23 0x00000000
core   0: 0x80005bca (0x12b18913) addi    s2, gp, 299
core   0: 3 0x80005bca (0x12b18913) x18 0x0000012b
core   0: 0x80005bce (0x5c91d4b7) lui     s1, 0x5c91d
core   0: 3 0x80005bce (0x5c91d4b7) x9  0x5c91d000
core   0: 0x80005bd2 (0x002640b3) xor     ra, a2, sp
core   0: 3 0x80005bd2 (0x002640b3) x1  0x8001359b
core   0: 0x80005bd6 (0x000081d5) c.srli  a1, 21
core   0: 3 0x80005bd6 (0x81d5) x11 0x000007ff
core   0: 0x80005bd8 (0xe0fad737) lui     a4, 0xe0fad
core   0: 3 0x80005bd8 (0xe0fad737) x14 0xe0fad000
core   0: 0x80005bdc (0x03d8bb33) mulhu   s6, a7, t4
core   0: 3 0x80005bdc (0x03d8bb33) x22 0x189a0c8d
core   0: 0x80005be0 (0x00001d7d) c.addi  s10, -1
core   0: 3 0x80005be0 (0x1d7d) x26 0xfffffffe
core   0: 0x80005be2 (0x01d2e233) or      tp, t0, t4
core   0: 3 0x80005be2 (0x01d2e233) x4  0x80025e77
core   0: 0x80005be6 (0xa0e88913) addi    s2, a7, -1522
core   0: 3 0x80005be6 (0xa0e88913) x18 0x31332a0e
core   0: 0x80005bea (0x033ad463) bge     s5, s3, pc + 40
core   0: 3 0x80005bea (0x033ad463)
core   0: 0x80005c12 (0x02554863) blt     a0, t0, pc + 48
core   0: 3 0x80005c12 (0x02554863)
core   0: 0x80005c16 (0x00008d29) c.xor   a0, a0
core   0: 3 0x80005c16 (0x8d29) x10 0x00000000
core   0: 0x80005c18 (0x402303b3) sub     t2, t1, sp
core   0: 3 0x80005c18 (0x402303b3) x7  0x095750a9
core   0: 0x80005c1c (0xfc3ec413) xori    s0, t4, -61
core   0: 3 0x80005c1c (0xfc3ec413) x8  0x7ffda1b7
core   0: 0x80005c20 (0x00701193) slli    gp, zero, 7
core   0: 3 0x80005c20 (0x00701193) x3  0x00000000
core   0: 0x80005c24 (0x03308233) mul     tp, ra, s3
core   0: 3 0x80005c24 (0x03308233) x4  0x00000000
core   0: 0x80005c28 (0x00008e99) c.sub   a3, a4
core   0: 3 0x80005c28 (0x8e99) x13 0x1f053000
core   0: 0x80005c2a (0x00008f99) c.sub   a5, a4
core   0: 3 0x80005c2a (0x8f99) x15 0xf52aae38
core   0: 0x80005c2c (0x03b21563) bne     tp, s11, pc + 42
core   0: 3 0x80005c2c (0x03b21563)
core   0: 0x80005c56 (0x0fd73d37) lui     s10, 0xfd73
core   0: 3 0x80005c56 (0x0fd73d37) x26 0x0fd73000
core   0: 0x80005c5a (0x00004455) c.li    s0, 21
core   0: 3 0x80005c5a (0x4455) x8  0x00000015
core   0: 0x80005c5c (0x005dae33) slt     t3, s11, t0
core   0: 3 0x80005c5c (0x005dae33) x28 0x00000001
core   0: 0x80005c60 (0x20e70097) auipc   ra, 0x20e70
core   0: 3 0x80005c60 (0x20e70097) x1  0xa0e75c60
core   0: 0x80005c64 (0x03a3d663) bge     t2, s10, pc + 44
core   0: 3 0x80005c64 (0x03a3d663)
core   0: 0x80005c68 (0x00000001) c.nop
core   0: 3 0x80005c68 (0x0001)
core   0: 0x80005c6a (0x00006d95) c.lui   s11, 0x5
core   0: 3 0x80005c6a (0x6d95) x27 0x00005000
core   0: 0x80005c6c (0x0303fd63) bgeu    t2, a6, pc + 58
core   0: 3 0x80005c6c (0x0303fd63)
core   0: 0x80005ca6 (0x00008cf9) c.and   s1, a4
core   0: 3 0x80005ca6 (0x8cf9) x9  0x4090d000
core   0: 0x80005ca8 (0x029ef933) remu    s2, t4, s1
core   0: 3 0x80005ca8 (0x029ef933) x18 0x3f718e74
core   0: 0x80005cac (0x024901b3) mul     gp, s2, tp
core   0: 3 0x80005cac (0x024901b3) x3  0x00000000
core   0: 0x80005cb0 (0x0000ce49) c.beqz  a2, pc + 154
core   0: 3 0x80005cb0 (0xce49)
core   0: 0x80005d4a (0x401cd993) srai    s3, s9, 1
core   0: 3 0x80005d4a (0x401cd993) x19 0x0000f000
core   0: 0x80005d4e (0x08c37f93) andi    t6, t1, 140
core   0: 3 0x80005d4e (0x08c37f93) x31 0x00000004
core   0: 0x80005d52 (0x232eb413) sltiu   s0, t4, 562
core   0: 3 0x80005d52 (0x232eb413) x8  0x00000000
core   0: 0x80005d56 (0x01c431b3) sltu    gp, s0, t3
core   0: 3 0x80005d56 (0x01c431b3) x3  0x00000001
core   0: 0x80005d5a (0x00261593) slli    a1, a2, 2
core   0: 3 0x80005d5a (0x00261593) x11 0x00000000
core   0: 0x80005d5e (0x779e2813) slti    a6, t3, 1913
core   0: 3 0x80005d5e (0x779e2813) x16 0x00000001
core   0: 0x80005d62 (0x039a0133) mul     sp, s4, s9
core   0: 3 0x80005d62 (0x039a0133) x2  0x00000000
core   0: 0x80005d66 (0xad332213) slti    tp, t1, -1325
core   0: 3 0x80005d66 (0xad332213) x4  0x00000001
core   0: 0x80005d6a (0x0119d613) srli    a2, s3, 17
core   0: 3 0x80005d6a (0x0119d613) x12 0x00000000
core   0: 0x80005d6e (0x41985313) srai    t1, a6, 25
core   0: 3 0x80005d6e (0x41985313) x6  0x00000000
core   0: 0x80005d72 (0x0239c9b3) div     s3, s3, gp
core   0: 3 0x80005d72 (0x0239c9b3) x19 0x0000f000
core   0: 0x80005d76 (0x019d38b3) sltu    a7, s10, s9
core   0: 3 0x80005d76 (0x019d38b3) x17 0x00000000
core   0: 0x80005d7a (0x000066f9) c.lui   a3, 0x1e
core   0: 3 0x80005d7a (0x66f9) x13 0x0001e000
core   0: 0x80005d7c (0x01d22b33) slt     s6, tp, t4
core   0: 3 0x80005d7c (0x01d22b33) x22 0x00000000
core   0: 0x80005d80 (0x00988c33) add     s8, a7, s1
core   0: 3 0x80005d80 (0x00988c33) x24 0x4090d000
core   0: 0x80005d84 (0x39544b13) xori    s6, s0, 917
core   0: 3 0x80005d84 (0x39544b13) x22 0x00000395
core   0: 0x80005d88 (0x41935733) sra     a4, t1, s9
core   0: 3 0x80005d88 (0x41935733) x14 0x00000000
core   0: 0x80005d8c (0x03cc1a33) mulh    s4, s8, t3
core   0: 3 0x80005d8c (0x03cc1a33) x20 0x00000000
core   0: 0x80005d90 (0x01bb14b3) sll     s1, s6, s11
core   0: 3 0x80005d90 (0x01bb14b3) x9  0x00000395
core   0: 0x80005d94 (0x00008dc9) c.or    a1, a0
core   0: 3 0x80005d94 (0x8dc9) x11 0x00000000
core   0: 0x80005d96 (0x018e1563) bne     t3, s8, pc + 10
core   0: 3 0x80005d96 (0x018e1563)
core   0: 0x80005da0 (0x009a9813) slli    a6, s5, 9
core   0: 3 0x80005da0 (0x009a9813) x16 0x00001000
core   0: 0x80005da4 (0x05c0ea13) ori     s4, ra, 92
core   0: 3 0x80005da4 (0x05c0ea13) x20 0xa0e75c7c
core   0: 0x80005da8 (0x000081d1) c.srli  a1, 20
core   0: 3 0x80005da8 (0x81d1) x11 0x00000000
core   0: 0x80005daa (0x0220dbb3) divu    s7, ra, sp
core   0: 3 0x80005daa (0x0220dbb3) x23 0xffffffff
core   0: 0x80005dae (0x00000001) c.nop
core   0: 3 0x80005dae (0x0001)
core   0: 0x80005db0 (0x55a9b613) sltiu   a2, s3, 1370
core   0: 3 0x80005db0 (0x55a9b613) x12 0x00000000
core   0: 0x80005db4 (0x00008c2d) c.xor   s0, a1
core   0: 3 0x80005db4 (0x8c2d) x8  0x00000000
core   0: 0x80005db6 (0x00008d59) c.or    a0, a4
core   0: 3 0x80005db6 (0x8d59) x10 0x00000000
core   0: 0x80005db8 (0x03b55963) bge     a0, s11, pc + 50
core   0: 3 0x80005db8 (0x03b55963)
core   0: 0x80005dbc (0x00000001) c.nop
core   0: 3 0x80005dbc (0x0001)
core   0: 0x80005dbe (0x36e1fd93) andi    s11, gp, 878
core   0: 3 0x80005dbe (0x36e1fd93) x27 0x00000000
core   0: 0x80005dc2 (0x00000001) c.nop
core   0: 3 0x80005dc2 (0x0001)
core   0: 0x80005dc4 (0x00009ffa) c.add   t6, t5
core   0: 3 0x80005dc4 (0x9ffa) x31 0x80029d28
core   0: 0x80005dc6 (0x00000084) c.addi4spn s1, sp, 64
core   0: 3 0x80005dc6 (0x0084) x9  0x00000040
core   0: 0x80005dc8 (0x018fb5b3) sltu    a1, t6, s8
core   0: 3 0x80005dc8 (0x018fb5b3) x11 0x00000000
core   0: 0x80005dcc (0x0049b2b3) sltu    t0, s3, tp
core   0: 3 0x80005dcc (0x0049b2b3) x5  0x00000000
core   0: 0x80005dd0 (0x06c57263) bgeu    a0, a2, pc + 100
core   0: 3 0x80005dd0 (0x06c57263)
core   0: 0x80005e34 (0x01076533) or      a0, a4, a6
core   0: 3 0x80005e34 (0x01076533) x10 0x00001000
core   0: 0x80005e38 (0x03e4f163) bgeu    s1, t5, pc + 34
core   0: 3 0x80005e38 (0x03e4f163)
core   0: 0x80005e3c (0xd9d04393) xori    t2, zero, -611
core   0: 3 0x80005e3c (0xd9d04393) x7  0xfffffd9d
core   0: 0x80005e40 (0x02ebd5b3) divu    a1, s7, a4
core   0: 3 0x80005e40 (0x02ebd5b3) x11 0xffffffff
core   0: 0x80005e44 (0x00001714) c.addi4spn a3, sp, 928
core   0: 3 0x80005e44 (0x1714) x13 0x000003a0
core   0: 0x80005e46 (0x0000805d) c.srli  s0, 23
core   0: 3 0x80005e46 (0x805d) x8  0x00000000
core   0: 0x80005e48 (0x03089363) bne     a7, a6, pc + 38
core   0: 3 0x80005e48 (0x03089363)
core   0: 0x80005e6e (0x6ab57c13) andi    s8, a0, 1707
core   0: 3 0x80005e6e (0x6ab57c13) x24 0x00000000
core   0: 0x80005e72 (0x741a0c13) addi    s8, s4, 1857
core   0: 3 0x80005e72 (0x741a0c13) x24 0xa0e763bd
core   0: 0x80005e76 (0x73ee5a17) auipc   s4, 0x73ee5
core   0: 3 0x80005e76 (0x73ee5a17) x20 0xf3eeae76
core   0: 0x80005e7a (0x007e0a63) beq     t3, t2, pc + 20
core   0: 3 0x80005e7a (0x007e0a63)
core   0: 0x80005e7e (0x00000001) c.nop
core   0: 3 0x80005e7e (0x0001)
core   0: 0x80005e80 (0x015f7263) bgeu    t5, s5, pc + 4
core   0: 3 0x80005e80 (0x015f7263)
core   0: 0x80005e84 (0x03f73fb3) mulhu   t6, a4, t6
core   0: 3 0x80005e84 (0x03f73fb3) x31 0x00000000
core   0: 0x80005e88 (0x00008cbd) c.xor   s1, a5
core   0: 3 0x80005e88 (0x8cbd) x9  0xf52aae78
core   0: 0x80005e8a (0x006572b3) and     t0, a0, t1
core   0: 3 0x80005e8a (0x006572b3) x5  0x00000000
core   0: 0x80005e8e (0x46e40693) addi    a3, s0, 1134
core   0: 3 0x80005e8e (0x46e40693) x13 0x0000046e
core   0: 0x80005e92 (0x00009126) c.add   sp, s1
core   0: 3 0x80005e92 (0x9126) x2  0xf52aae78
core   0: 0x80005e94 (0x03ac1833) mulh    a6, s8, s10
core   0: 3 0x80005e94 (0x03ac1833) x16 0xfa1d9f58
core   0: 0x80005e98 (0x039d30b3) mulhu   ra, s10, s9
core   0: 3 0x80005e98 (0x039d30b3) x1  0x00001db3
core   0: 0x80005e9c (0x00008592) c.mv    a1, tp
core   0: 3 0x80005e9c (0x8592) x11 0x00000001
core   0: 0x80005e9e (0x03bd0433) mul     s0, s10, s11
core   0: 3 0x80005e9e (0x03bd0433) x8  0x00000000
core   0: 0x80005ea2 (0x051e0063) beq     t3, a7, pc + 64
core   0: 3 0x80005ea2 (0x051e0063)
core   0: 0x80005ea6 (0x4492c913) xori    s2, t0, 1097
core   0: 3 0x80005ea6 (0x4492c913) x18 0x00000449
core   0: 0x80005eaa (0x022e9e33) mulh    t3, t4, sp
core   0: 3 0x80005eaa (0x022e9e33) x28 0x056a8f1a
core   0: 0x80005eae (0x031209b3) mul     s3, tp, a7
core   0: 3 0x80005eae (0x031209b3) x19 0x00000000
core   0: 0x80005eb2 (0x014768b3) or      a7, a4, s4
core   0: 3 0x80005eb2 (0x014768b3) x17 0xf3eeae76
core   0: 0x80005eb6 (0x00008cf1) c.and   s1, a2
core   0: 3 0x80005eb6 (0x8cf1) x9  0x00000000
core   0: 0x80005eb8 (0x034f2e33) mulhsu  t3, t5, s4
core   0: 3 0x80005eb8 (0x034f2e33) x28 0x860b265e
core   0: 0x80005ebc (0x00c07e63) bgeu    zero, a2, pc + 28
core   0: 3 0x80005ebc (0x00c07e63)
core   0: 0x80005ed8 (0x03772d33) mulhsu  s10, a4, s7
core   0: 3 0x80005ed8 (0x03772d33) x26 0x00000000
core   0: 0x80005edc (0x00008a39) c.andi  a2, 14
core   0: 3 0x80005edc (0x8a39) x12 0x00000000
core   0: 0x80005ede (0x0000717d) c.addi16sp sp, -16
core   0: 3 0x80005ede (0x717d) x2  0xf52aae68
core   0: 0x80005ee0 (0x00008ba9) c.andi  a5, 10
core   0: 3 0x80005ee0 (0x8ba9) x15 0x00000008
core   0: 0x80005ee2 (0x0000864e) c.mv    a2, s3
core   0: 3 0x80005ee2 (0x864e) x12 0x00000000
core   0: 0x80005ee4 (0x088c6393) ori     t2, s8, 136
core   0: 3 0x80005ee4 (0x088c6393) x7  0xa0e763bd
core   0: 0x80005ee8 (0x01eedb63) bge     t4, t5, pc + 22
core   0: 3 0x80005ee8 (0x01eedb63)
core   0: 0x80005eec (0xeb682893) slti    a7, a6, -330
core   0: 3 0x80005eec (0xeb682893) x17 0x00000001
core   0: 0x80005ef0 (0x00000001) c.nop
core   0: 3 0x80005ef0 (0x0001)
core   0: 0x80005ef2 (0x01611693) slli    a3, sp, 22
core   0: 3 0x80005ef2 (0x01611693) x13 0x9a000000
core   0: 0x80005ef6 (0x01bda6b3) slt     a3, s11, s11
core   0: 3 0x80005ef6 (0x01bda6b3) x13 0x00000000
core   0: 0x80005efa (0x03518433) mul     s0, gp, s5
core   0: 3 0x80005efa (0x03518433) x8  0x00000008
core   0: 0x80005efe (0x01cbe733) or      a4, s7, t3
core   0: 3 0x80005efe (0x01cbe733) x14 0xffffffff
core   0: 0x80005f02 (0x41bc8433) sub     s0, s9, s11
core   0: 3 0x80005f02 (0x41bc8433) x8  0x0001e000
core   0: 0x80005f06 (0x037ce2b3) rem     t0, s9, s7
core   0: 3 0x80005f06 (0x037ce2b3) x5  0x00000000
core   0: 0x80005f0a (0xf42e7293) andi    t0, t3, -190
core   0: 3 0x80005f0a (0xf42e7293) x5  0x860b2642
core   0: 0x80005f0e (0x000a1c33) sll     s8, s4, zero
core   0: 3 0x80005f0e (0x000a1c33) x24 0xf3eeae76
core   0: 0x80005f12 (0x00596f63) bltu    s2, t0, pc + 30
core   0: 3 0x80005f12 (0x00596f63)
core   0: 0x80005f30 (0x8f52c293) xori    t0, t0, -1803
core   0: 3 0x80005f30 (0x8f52c293) x5  0x79f4deb7
core   0: 0x80005f34 (0x0000997d) c.andi  a0, -1
core   0: 3 0x80005f34 (0x997d) x10 0x00001000
core   0: 0x80005f36 (0x720c4d13) xori    s10, s8, 1824
core   0: 3 0x80005f36 (0x720c4d13) x26 0xf3eea956
core   0: 0x80005f3a (0x02ab1e33) mulh    t3, s6, a0
core   0: 3 0x80005f3a (0x02ab1e33) x28 0x00000000
core   0: 0x80005f3e (0x0000877a) c.mv    a4, t5
core   0: 3 0x80005f3e (0x877a) x14 0x80029d24
core   0: 0x80005f40 (0x00000412) c.slli  s0, 4
core   0: 3 0x80005f40 (0x0412) x8  0x001e0000
core   0: 0x80005f42 (0x00f4d1b3) srl     gp, s1, a5
core   0: 3 0x80005f42 (0x00f4d1b3) x3  0x00000000
core   0: 0x80005f46 (0x00000dea) c.slli  s11, 26
core   0: 3 0x80005f46 (0x0dea) x27 0x00000000
core   0: 0x80005f48 (0x0367d533) divu    a0, a5, s6
core   0: 3 0x80005f48 (0x0367d533) x10 0x00000000
core   0: 0x80005f4c (0x01e91fb3) sll     t6, s2, t5
core   0: 3 0x80005f4c (0x01e91fb3) x31 0x00004490
core   0: 0x80005f50 (0x00009a7d) c.andi  a2, -1
core   0: 3 0x80005f50 (0x9a7d) x12 0x00000000
core   0: 0x80005f52 (0x00000b72) c.slli  s6, 28
core   0: 3 0x80005f52 (0x0b72) x22 0x50000000
core   0: 0x80005f54 (0x037a8e63) beq     s5, s7, pc + 60
core   0: 3 0x80005f54 (0x037a8e63)
core   0: 0x80005f58 (0x036d3333) mulhu   t1, s10, s6
core   0: 3 0x80005f58 (0x036d3333) x6  0x4c3a94ea
core   0: 0x80005f5c (0x000097b2) c.add   a5, a2
core   0: 3 0x80005f5c (0x97b2) x15 0x00000008
core   0: 0x80005f5e (0x00008af5) c.andi  a3, 29
core   0: 3 0x80005f5e (0x8af5) x13 0x00000000
core   0: 0x80005f60 (0x0133f733) and     a4, t2, s3
core   0: 3 0x80005f60 (0x0133f733) x14 0x00000000
core   0: 0x80005f64 (0x0000071e) c.slli  a4, 7
core   0: 3 0x80005f64 (0x071e) x14 0x00000000
core   0: 0x80005f66 (0x000085b5) c.srai  a1, 13
core   0: 3 0x80005f66 (0x85b5) x11 0x00000000
core   0: 0x80005f68 (0x00129013) slli    zero, t0, 1
core   0: 3 0x80005f68 (0x00129013)
core   0: 0x80005f6c (0x000004c9) c.addi  s1, 18
core   0: 3 0x80005f6c (0x04c9) x9  0x00000012
core   0: 0x80005f6e (0x410ed1b3) sra     gp, t4, a6
core   0: 3 0x80005f6e (0x410ed1b3) x3  0xffffff80
core   0: 0x80005f72 (0x41ca0333) sub     t1, s4, t3
core   0: 3 0x80005f72 (0x41ca0333) x6  0xf3eeae76
core   0: 0x80005f76 (0x00d1be33) sltu    t3, gp, a3
core   0: 3 0x80005f76 (0x00d1be33) x28 0x00000000
core   0: 0x80005f7a (0x0000ca9d) c.beqz  a3, pc + 54
core   0: 3 0x80005f7a (0xca9d)
core   0: 0x80005fb0 (0x000ea2b3) slt     t0, t4, zero
core   0: 3 0x80005fb0 (0x000ea2b3) x5  0x00000001
core   0: 0x80005fb4 (0x00008f59) c.or    a4, a4
core   0: 3 0x80005fb4 (0x8f59) x14 0x00000000
core   0: 0x80005fb6 (0x00000001) c.nop
core   0: 3 0x80005fb6 (0x0001)
core   0: 0x80005fb8 (0x00ef7fb3) and     t6, t5, a4
core   0: 3 0x80005fb8 (0x00ef7fb3) x31 0x00000000
core   0: 0x80005fbc (0x02788e33) mul     t3, a7, t2
core   0: 3 0x80005fbc (0x02788e33) x28 0xa0e763bd
core   0: 0x80005fc0 (0x02c172b3) remu    t0, sp, a2
core   0: 3 0x80005fc0 (0x02c172b3) x5  0xf52aae68
core   0: 0x80005fc4 (0x155b2d17) auipc   s10, 0x155b2
core   0: 3 0x80005fc4 (0x155b2d17) x26 0x955b7fc4
core   0: 0x80005fc8 (0x0232c5b3) div     a1, t0, gp
core   0: 3 0x80005fc8 (0x0232c5b3) x11 0x0015aaa3
core   0: 0x80005fcc (0x02fc1e63) bne     s8, a5, pc + 60
core   0: 3 0x80005fcc (0x02fc1e63)
core   0: 0x80006008 (0x259b2193) slti    gp, s6, 601
core   0: 3 0x80006008 (0x259b2193) x3  0x00000000
core   0: 0x8000600c (0x00001b80) c.addi4spn s0, sp, 496
core   0: 3 0x8000600c (0x1b80) x8  0xf52ab058
core   0: 0x8000600e (0x01695d93) srli    s11, s2, 22
core   0: 3 0x8000600e (0x01695d93) x27 0x00000000
core   0: 0x80006012 (0x0000187d) c.addi  a6, -1
core   0: 3 0x80006012 (0x187d) x16 0xfa1d9f57
core   0: 0x80006014 (0x401957b3) sra     a5, s2, ra
core   0: 3 0x80006014 (0x401957b3) x15 0x00000000
core   0: 0x80006018 (0x00008f0d) c.sub   a4, a1
core   0: 3 0x80006018 (0x8f0d) x14 0xffea555d
core   0: 0x8000601a (0x47099537) lui     a0, 0x47099
core   0: 3 0x8000601a (0x47099537) x10 0x47099000
core   0: 0x8000601e (0x001412b3) sll     t0, s0, ra
core   0: 3 0x8000601e (0x001412b3) x5  0x82c00000
core   0: 0x80006022 (0x0f528013) addi    zero, t0, 245
core   0: 3 0x80006022 (0x0f528013)
core   0: 0x80006026 (0x03760cb3) mul     s9, a2, s7
core   0: 3 0x80006026 (0x03760cb3) x25 0x00000000
core   0: 0x8000602a (0x00000126) c.slli  sp, 9
core   0: 3 0x8000602a (0x0126) x2  0x555cd000
core   0: 0x8000602c (0x00b22933) slt     s2, tp, a1
core   0: 3 0x8000602c (0x00b22933) x18 0x00000001
core   0: 0x80006030 (0x009ad013) srli    zero, s5, 9
core   0: 3 0x80006030 (0x009ad013)
core   0: 0x80006034 (0x00000001) c.nop
core   0: 3 0x80006034 (0x0001)
core   0: 0x80006036 (0x6c070d13) addi    s10, a4, 1728
core   0: 3 0x80006036 (0x6c070d13) x26 0xffea5c1d
core   0: 0x8000603a (0x0000827a) c.mv    tp, t5
core   0: 3 0x8000603a (0x827a) x4  0x80029d24
core   0: 0x8000603c (0x40ebd2b3) sra     t0, s7, a4
core   0: 3 0x8000603c (0x40ebd2b3) x5  0xffffffff
core   0: 0x80006040 (0xacf98e13) addi    t3, s3, -1329
core   0: 3 0x80006040 (0xacf98e13) x28 0xfffffacf
core   0: 0x80006044 (0x4106d2b3) sra     t0, a3, a6
core   0: 3 0x80006044 (0x4106d2b3) x5  0x00000000
core   0: 0x80006048 (0x00008559) c.srai  a0, 22
core   0: 3 0x80006048 (0x8559) x10 0x0000011c
core   0: 0x8000604a (0x000097be) c.add   a5, a5
core   0: 3 0x8000604a (0x97be) x15 0x00000000
core   0: 0x8000604c (0x018708b3) add     a7, a4, s8
core   0: 3 0x8000604c (0x018708b3) x17 0xf3d903d3
core   0: 0x80006050 (0x000002e6) c.slli  t0, 25
core   0: 3 0x80006050 (0x02e6) x5  0x00000000
core   0: 0x80006052 (0x020ddb63) bgez    s11, pc + 54
core   0: 3 0x80006052 (0x020ddb63)
core   0: 0x80006088 (0x0000cf09) c.beqz  a4, pc + 26
core   0: 3 0x80006088 (0xcf09)
core   0: 0x8000608a (0x00971b13) slli    s6, a4, 9
core   0: 3 0x8000608a (0x00971b13) x22 0xd4aaba00
core   0: 0x8000608e (0x0260cf63) blt     ra, t1, pc + 62
core   0: 3 0x8000608e (0x0260cf63)
core   0: 0x80006092 (0x00004325) c.li    t1, 9
core   0: 3 0x80006092 (0x4325) x6  0x00000009
core   0: 0x80006094 (0x037cc4b3) div     s1, s9, s7
core   0: 3 0x80006094 (0x037cc4b3) x9  0x00000000
core   0: 0x80006098 (0x02633633) mulhu   a2, t1, t1
core   0: 3 0x80006098 (0x02633633) x12 0x00000000
core   0: 0x8000609c (0x0000833d) c.srli  a4, 15
core   0: 3 0x8000609c (0x833d) x14 0x0001ffd4
core   0: 0x8000609e (0x004b35b3) sltu    a1, s6, tp
core   0: 3 0x8000609e (0x004b35b3) x11 0x00000000
core   0: 0x800060a2 (0x00b0a933) slt     s2, ra, a1
core   0: 3 0x800060a2 (0x00b0a933) x18 0x00000000
core   0: 0x800060a6 (0x013fc263) blt     t6, s3, pc + 4
core   0: 3 0x800060a6 (0x013fc263)
core   0: 0x800060aa (0x00008ec1) c.or    a3, s0
core   0: 3 0x800060aa (0x8ec1) x13 0xf52ab058
core   0: 0x800060ac (0x00000001) c.nop
core   0: 3 0x800060ac (0x0001)
core   0: 0x800060ae (0x02d8fbb3) remu    s7, a7, a3
core   0: 3 0x800060ae (0x02d8fbb3) x23 0xf3d903d3
core   0: 0x800060b2 (0x0000717d) c.addi16sp sp, -16
core   0: 3 0x800060b2 (0x717d) x2  0x555ccff0
core   0: 0x800060b4 (0x9c232693) slti    a3, t1, -1598
core   0: 3 0x800060b4 (0x9c232693) x13 0x00000000
core   0: 0x800060b8 (0x7c97f893) andi    a7, a5, 1993
core   0: 3 0x800060b8 (0x7c97f893) x17 0x00000000
core   0: 0x800060bc (0x02bc6b33) rem     s6, s8, a1
core   0: 3 0x800060bc (0x02bc6b33) x22 0xf3eeae76
core   0: 0x800060c0 (0x00001cfd) c.addi  s9, -1
core   0: 3 0x800060c0 (0x1cfd) x25 0xffffffff
core   0: 0x800060c2 (0x402c88b3) sub     a7, s9, sp
core   0: 3 0x800060c2 (0x402c88b3) x17 0xaaa3300f
core   0: 0x800060c6 (0x00cbfd63) bgeu    s7, a2, pc + 26
core   0: 3 0x800060c6 (0x00cbfd63)
core   0: 0x800060e0 (0x00008cb5) c.xor   s1, a3
core   0: 3 0x800060e0 (0x8cb5) x9  0x00000000
core   0: 0x800060e2 (0x0000cc01) c.beqz  s0, pc + 24
core   0: 3 0x800060e2 (0xcc01)
core   0: 0x800060e4 (0xf7eee013) ori     zero, t4, -130
core   0: 3 0x800060e4 (0xf7eee013)
core   0: 0x800060e8 (0x40935533) sra     a0, t1, s1
core   0: 3 0x800060e8 (0x40935533) x10 0x00000009
core   0: 0x800060ec (0x01d856b3) srl     a3, a6, t4
core   0: 3 0x800060ec (0x01d856b3) x13 0x00000fa1
core   0: 0x800060f0 (0x020c8963) beqz    s9, pc + 50
core   0: 3 0x800060f0 (0x020c8963)
core   0: 0x800060f4 (0x59138d13) addi    s10, t2, 1425
core   0: 3 0x800060f4 (0x59138d13) x26 0xa0e7694e
core   0: 0x800060f8 (0x0000615d) c.addi16sp sp, 432
core   0: 3 0x800060f8 (0x615d) x2  0x555cd1a0
core   0: 0x800060fa (0x03b006b3) mul     a3, zero, s11
core   0: 3 0x800060fa (0x03b006b3) x13 0x00000000
core   0: 0x800060fe (0x00000001) c.nop
core   0: 3 0x800060fe (0x0001)
core   0: 0x80006100 (0x7569a213) slti    tp, s3, 1878
core   0: 3 0x80006100 (0x7569a213) x4  0x00000001
core   0: 0x80006104 (0x01bc9833) sll     a6, s9, s11
core   0: 3 0x80006104 (0x01bc9833) x16 0xffffffff
core   0: 0x80006108 (0x01f23633) sltu    a2, tp, t6
core   0: 3 0x80006108 (0x01f23633) x12 0x00000000
core   0: 0x8000610c (0x88160b17) auipc   s6, 0x88160
core   0: 3 0x8000610c (0x88160b17) x22 0x0816610c
core   0: 0x80006110 (0x0286c5b3) div     a1, a3, s0
core   0: 3 0x80006110 (0x0286c5b3) x11 0x00000000
core   0: 0x80006114 (0x8d9dca13) xori    s4, s11, -1831
core   0: 3 0x80006114 (0x8d9dca13) x20 0xfffff8d9
core   0: 0x80006118 (0x002c1d97) auipc   s11, 0x2c1
core   0: 3 0x80006118 (0x002c1d97) x27 0x802c7118
core   0: 0x8000611c (0xda3d7d93) andi    s11, s10, -605
core   0: 3 0x8000611c (0xda3d7d93) x27 0xa0e76902
core   0: 0x80006120 (0x00005bfd) c.li    s7, -1
core   0: 3 0x80006120 (0x5bfd) x23 0xffffffff
core   0: 0x80006122 (0x00001718) c.addi4spn a4, sp, 928
core   0: 3 0x80006122 (0x1718) x14 0x555cd540
core   0: 0x80006124 (0x03ed8bb3) mul     s7, s11, t5
core   0: 3 0x80006124 (0x03ed8bb3) x23 0x5df4fe48
core   0: 0x80006128 (0xa8e60913) addi    s2, a2, -1394
core   0: 3 0x80006128 (0xa8e60913) x18 0xfffffa8e
core   0: 0x8000612c (0x407951b3) sra     gp, s2, t2
core   0: 3 0x8000612c (0x407951b3) x3  0xffffffff
core   0: 0x80006130 (0x0000497d) c.li    s2, 31
core   0: 3 0x80006130 (0x497d) x18 0x0000001f
core   0: 0x80006132 (0x00004d99) c.li    s11, 6
core   0: 3 0x80006132 (0x4d99) x27 0x00000006
core   0: 0x80006134 (0x04429063) bne     t0, tp, pc + 64
core   0: 3 0x80006134 (0x04429063)
core   0: 0x80006174 (0x015077b3) and     a5, zero, s5
core   0: 3 0x80006174 (0x015077b3) x15 0x00000000
core   0: 0x80006178 (0x00da5d93) srli    s11, s4, 13
core   0: 3 0x80006178 (0x00da5d93) x27 0x0007ffff
core   0: 0x8000617c (0x000082b9) c.srli  a3, 14
core   0: 3 0x8000617c (0x82b9) x13 0x00000000
core   0: 0x8000617e (0xecb6c7b7) lui     a5, 0xecb6c
core   0: 3 0x8000617e (0xecb6c7b7) x15 0xecb6c000
core   0: 0x80006182 (0x00006c8d) c.lui   s9, 0x3
core   0: 3 0x80006182 (0x6c8d) x25 0x00003000
core   0: 0x80006184 (0x03965bb3) divu    s7, a2, s9
core   0: 3 0x80006184 (0x03965bb3) x23 0x00000000
core   0: 0x80006188 (0x0229c663) blt     s3, sp, pc + 44
core   0: 3 0x80006188 (0x0229c663)
core   0: 0x800061b4 (0x03205763) bge     zero, s2, pc + 46
core   0: 3 0x800061b4 (0x03205763)
core   0: 0x800061b8 (0x00008e51) c.or    a2, a2
core   0: 3 0x800061b8 (0x8e51) x12 0x00000000
core   0: 0x800061ba (0x03364bb3) div     s7, a2, s3
core   0: 3 0x800061ba (0x03364bb3) x23 0xffffffff
core   0: 0x800061be (0x02f198b3) mulh    a7, gp, a5
core   0: 3 0x800061be (0x02f198b3) x17 0x00000000
core   0: 0x800061c2 (0x02bdbb33) mulhu   s6, s11, a1
core   0: 3 0x800061c2 (0x02bdbb33) x22 0x00000000
core   0: 0x800061c6 (0x0302c1b3) div     gp, t0, a6
core   0: 3 0x800061c6 (0x0302c1b3) x3  0x00000000
core   0: 0x800061ca (0x00711bb3) sll     s7, sp, t2
core   0: 3 0x800061ca (0x00711bb3) x23 0x00000000
core   0: 0x800061ce (0x00000001) c.nop
core   0: 3 0x800061ce (0x0001)
core   0: 0x800061d0 (0x001292b3) sll     t0, t0, ra
core   0: 3 0x800061d0 (0x001292b3) x5  0x00000000
core   0: 0x800061d4 (0x0190ce63) blt     ra, s9, pc + 28
core   0: 3 0x800061d4 (0x0190ce63)
core   0: 0x800061f0 (0x43af8013) addi    zero, t6, 1082
core   0: 3 0x800061f0 (0x43af8013)
core   0: 0x800061f4 (0x00009afd) c.andi  a3, -1
core   0: 3 0x800061f4 (0x9afd) x13 0x00000000
core   0: 0x800061f6 (0xa5e62f93) slti    t6, a2, -1442
core   0: 3 0x800061f6 (0xa5e62f93) x31 0x00000000
core   0: 0x800061fa (0x0000cca1) c.beqz  s1, pc + 88
core   0: 3 0x800061fa (0xcca1)
core   0: 0x80006252 (0x00008d19) c.sub   a0, a4
core   0: 3 0x80006252 (0x8d19) x10 0xaaa32ac9
core   0: 0x80006254 (0x009c6833) or      a6, s8, s1
core   0: 3 0x80006254 (0x009c6833) x16 0xf3eeae76
core   0: 0x80006258 (0x0000008c) c.addi4spn a1, sp, 64
core   0: 3 0x80006258 (0x008c) x11 0x555cd1e0
core   0: 0x8000625a (0xa2472313) slti    t1, a4, -1500
core   0: 3 0x8000625a (0xa2472313) x6  0x00000000
core   0: 0x8000625e (0x4623a013) slti    zero, t2, 1122
core   0: 3 0x8000625e (0x4623a013)
core   0: 0x80006262 (0x70135897) auipc   a7, 0x70135
core   0: 3 0x80006262 (0x70135897) x17 0xf013b262
core   0: 0x80006266 (0x0000e999) c.bnez  a1, pc + 22
core   0: 3 0x80006266 (0xe999)
core   0: 0x8000627c (0x027d2c33) mulhsu  s8, s10, t2
core   0: 3 0x8000627c (0x027d2c33) x24 0xc43aad94
core   0: 0x80006280 (0x02c3b233) mulhu   tp, t2, a2
core   0: 3 0x80006280 (0x02c3b233) x4  0x00000000
core   0: 0x80006284 (0xa2e7f537) lui     a0, 0xa2e7f
core   0: 3 0x80006284 (0xa2e7f537) x10 0xa2e7f000
core   0: 0x80006288 (0x028fdc33) divu    s8, t6, s0
core   0: 3 0x80006288 (0x028fdc33) x24 0x00000000
core   0: 0x8000628c (0x00004a21) c.li    s4, 8
core   0: 3 0x8000628c (0x4a21) x20 0x00000008
core   0: 0x8000628e (0x02d8c533) div     a0, a7, a3
core   0: 3 0x8000628e (0x02d8c533) x10 0xffffffff
core   0: 0x80006292 (0x01dddcb3) srl     s9, s11, t4
core   0: 3 0x80006292 (0x01dddcb3) x25 0x00000000
core   0: 0x80006296 (0xd6628e17) auipc   t3, 0xd6628
core   0: 3 0x80006296 (0xd6628e17) x28 0x5662e296
core   0: 0x8000629a (0x0000ef89) c.bnez  a5, pc + 26
core   0: 3 0x8000629a (0xef89)
core   0: 0x800062b4 (0x000069e9) c.lui   s3, 0x1a
core   0: 3 0x800062b4 (0x69e9) x19 0x0001a000
core   0: 0x800062b6 (0x01795c13) srli    s8, s2, 23
core   0: 3 0x800062b6 (0x01795c13) x24 0x00000000
core   0: 0x800062ba (0xcac33e13) sltiu   t3, t1, -852
core   0: 3 0x800062ba (0xcac33e13) x28 0x00000001
core   0: 0x800062be (0x035c8c63) beq     s9, s5, pc + 56
core   0: 3 0x800062be (0x035c8c63)
core   0: 0x800062c2 (0x039a5463) bge     s4, s9, pc + 40
core   0: 3 0x800062c2 (0x039a5463)
core   0: 0x800062ea (0x00008699) c.srai  a3, 6
core   0: 3 0x800062ea (0x8699) x13 0x00000000
core   0: 0x800062ec (0x03d40d63) beq     s0, t4, pc + 58
core   0: 3 0x800062ec (0x03d40d63)
core   0: 0x800062f0 (0x00001514) c.addi4spn a3, sp, 672
core   0: 3 0x800062f0 (0x1514) x13 0x555cd440
core   0: 0x800062f2 (0x963c1897) auipc   a7, 0x963c1
core   0: 3 0x800062f2 (0x963c1897) x17 0x163c72f2
core   0: 0x800062f6 (0x0194ee33) or      t3, s1, s9
core   0: 3 0x800062f6 (0x0194ee33) x28 0x00000000
core   0: 0x800062fa (0xcfc588b7) lui     a7, 0xcfc58
core   0: 3 0x800062fa (0xcfc588b7) x17 0xcfc58000
core   0: 0x800062fe (0x036a0133) mul     sp, s4, s6
core   0: 3 0x800062fe (0x036a0133) x2  0x00000000
core   0: 0x80006302 (0x00781d13) slli    s10, a6, 7
core   0: 3 0x80006302 (0x00781d13) x26 0xf7573b00
core   0: 0x80006306 (0x01b52533) slt     a0, a0, s11
core   0: 3 0x80006306 (0x01b52533) x10 0x00000001
core   0: 0x8000630a (0x00597133) and     sp, s2, t0
core   0: 3 0x8000630a (0x00597133) x2  0x00000000
core   0: 0x8000630e (0x017b6c63) bltu    s6, s7, pc + 24
core   0: 3 0x8000630e (0x017b6c63)
core   0: 0x80006312 (0xe768fe37) lui     t3, 0xe768f
core   0: 3 0x80006312 (0xe768fe37) x28 0xe768f000
core   0: 0x80006316 (0x023396b3) mulh    a3, t2, gp
core   0: 3 0x80006316 (0x023396b3) x13 0x00000000
core   0: 0x8000631a (0x00008e6d) c.and   a2, a1
core   0: 3 0x8000631a (0x8e6d) x12 0x00000000
core   0: 0x8000631c (0x00000001) c.nop
core   0: 3 0x8000631c (0x0001)
core   0: 0x8000631e (0x01c35413) srli    s0, t1, 28
core   0: 3 0x8000631e (0x01c35413) x8  0x00000000
core   0: 0x80006322 (0x41d05533) sra     a0, zero, t4
core   0: 3 0x80006322 (0x41d05533) x10 0x00000000
core   0: 0x80006326 (0x0389bd33) mulhu   s10, s3, s8
core   0: 3 0x80006326 (0x0389bd33) x26 0x00000000
core   0: 0x8000632a (0x02776333) rem     t1, a4, t2
core   0: 3 0x8000632a (0x02776333) x6  0x555cd540
core   0: 0x8000632e (0x121afc93) andi    s9, s5, 289
core   0: 3 0x8000632e (0x121afc93) x25 0x00000000
core   0: 0x80006332 (0x00f7f2b3) and     t0, a5, a5
core   0: 3 0x80006332 (0x00f7f2b3) x5  0xecb6c000
core   0: 0x80006336 (0x00009c46) c.add   s8, a7
core   0: 3 0x80006336 (0x9c46) x24 0xcfc58000
core   0: 0x80006338 (0x04837293) andi    t0, t1, 72
core   0: 3 0x80006338 (0x04837293) x5  0x00000040
core   0: 0x8000633c (0x03630663) beq     t1, s6, pc + 44
core   0: 3 0x8000633c (0x03630663)
core   0: 0x80006340 (0x01fc9a33) sll     s4, s9, t6
core   0: 3 0x80006340 (0x01fc9a33) x20 0x00000000
core   0: 0x80006344 (0x003782b3) add     t0, a5, gp
core   0: 3 0x80006344 (0x003782b3) x5  0xecb6c000
core   0: 0x80006348 (0x50a42313) slti    t1, s0, 1290
core   0: 3 0x80006348 (0x50a42313) x6  0x00000001
core   0: 0x8000634c (0x0000e58d) c.bnez  a1, pc + 42
core   0: 3 0x8000634c (0xe58d)
core   0: 0x80006376 (0x011d4263) blt     s10, a7, pc + 4
core   0: 3 0x80006376 (0x011d4263)
core   0: 0x8000637a (0x02a7d733) divu    a4, a5, a0
core   0: 3 0x8000637a (0x02a7d733) x14 0xffffffff
core   0: 0x8000637e (0x00008079) c.srli  s0, 30
core   0: 3 0x8000637e (0x8079) x8  0x00000000
core   0: 0x80006380 (0x00008c3d) c.xor   s0, a5
core   0: 3 0x80006380 (0x8c3d) x8  0xecb6c000
core   0: 0x80006382 (0x0000e11d) c.bnez  a0, pc + 38
core   0: 3 0x80006382 (0xe11d)
core   0: 0x80006384 (0x010c9993) slli    s3, s9, 16
core   0: 3 0x80006384 (0x010c9993) x19 0x00000000
core   0: 0x80006388 (0x00001dfd) c.addi  s11, -1
core   0: 3 0x80006388 (0x1dfd) x27 0x0007fffe
core   0: 0x8000638a (0x030229b3) mulhsu  s3, tp, a6
core   0: 3 0x8000638a (0x030229b3) x19 0x00000000
core   0: 0x8000638e (0x03a738b3) mulhu   a7, a4, s10
core   0: 3 0x8000638e (0x03a738b3) x17 0x00000000
core   0: 0x80006392 (0x00008eb1) c.xor   a3, a2
core   0: 3 0x80006392 (0x8eb1) x13 0x00000000
core   0: 0x80006394 (0x00f0a9b3) slt     s3, ra, a5
core   0: 3 0x80006394 (0x00f0a9b3) x19 0x00000000
core   0: 0x80006398 (0x02baeb63) bltu    s5, a1, pc + 54
core   0: 3 0x80006398 (0x02baeb63)
core   0: 0x800063ce (0x0000127d) c.addi  tp, -1
core   0: 3 0x800063ce (0x127d) x4  0xffffffff
core   0: 0x800063d0 (0x01db6533) or      a0, s6, t4
core   0: 3 0x800063d0 (0x01db6533) x10 0x80025e74
core   0: 0x800063d4 (0x0429f063) bgeu    s3, sp, pc + 64
core   0: 3 0x800063d4 (0x0429f063)
core   0: 0x80006414 (0x00008411) c.srai  s0, 4
core   0: 3 0x80006414 (0x8411) x8  0xfecb6c00
core   0: 0x80006416 (0x0000177d) c.addi  a4, -1
core   0: 3 0x80006416 (0x177d) x14 0xfffffffe
core   0: 0x80006418 (0x34952b13) slti    s6, a0, 841
core   0: 3 0x80006418 (0x34952b13) x22 0x00000001
core   0: 0x8000641c (0xc5cf8a13) addi    s4, t6, -932
core   0: 3 0x8000641c (0xc5cf8a13) x20 0xfffffc5c
core   0: 0x80006420 (0x01f11c63) bne     sp, t6, pc + 24
core   0: 3 0x80006420 (0x01f11c63)
core   0: 0x80006424 (0x0260cbb3) div     s7, ra, t1
core   0: 3 0x80006424 (0x0260cbb3) x23 0x00001db3
core   0: 0x80006428 (0x01ddfe63) bgeu    s11, t4, pc + 28
core   0: 3 0x80006428 (0x01ddfe63)
core   0: 0x8000642c (0x03b9fcb3) remu    s9, s3, s11
core   0: 3 0x8000642c (0x03b9fcb3) x25 0x00000000
core   0: 0x80006430 (0x0000617d) c.addi16sp sp, 496
core   0: 3 0x80006430 (0x617d) x2  0x000001f0
core   0: 0x80006432 (0x3cc74213) xori    tp, a4, 972
core   0: 3 0x80006432 (0x3cc74213) x4  0xfffffc32
core   0: 0x80006436 (0x0000819d) c.srli  a1, 7
core   0: 3 0x80006436 (0x819d) x11 0x00aab9a3
core   0: 0x80006438 (0x0000613d) c.addi16sp sp, 480
core   0: 3 0x80006438 (0x613d) x2  0x000003d0
core   0: 0x8000643a (0x009ef233) and     tp, t4, s1
core   0: 3 0x8000643a (0x009ef233) x4  0x00000000
core   0: 0x8000643e (0x00004bb1) c.li    s7, 12
core   0: 3 0x8000643e (0x4bb1) x23 0x0000000c
core   0: 0x80006440 (0x40ac5a33) sra     s4, s8, a0
core   0: 3 0x80006440 (0x40ac5a33) x20 0xfffffcfc
core   0: 0x80006444 (0x01ec4133) xor     sp, s8, t5
core   0: 3 0x80006444 (0x01ec4133) x2  0x4fc71d24
core   0: 0x80006448 (0x0000862e) c.mv    a2, a1
core   0: 3 0x80006448 (0x862e) x12 0x00aab9a3
core   0: 0x8000644a (0x02ac2533) mulhsu  a0, s8, a0
core   0: 3 0x8000644a (0x02ac2533) x10 0xe7e24dbf
core   0: 0x8000644e (0xd24a7213) andi    tp, s4, -732
core   0: 3 0x8000644e (0xd24a7213) x4  0xfffffc24
core   0: 0x80006452 (0x02f70563) beq     a4, a5, pc + 42
core   0: 3 0x80006452 (0x02f70563)
core   0: 0x80006456 (0x00006105) c.addi16sp sp, 32
core   0: 3 0x80006456 (0x6105) x2  0x4fc71d44
core   0: 0x80006458 (0x0000e905) c.bnez  a0, pc + 48
core   0: 3 0x80006458 (0xe905)
core   0: 0x80006488 (0x02938c63) beq     t2, s1, pc + 56
core   0: 3 0x80006488 (0x02938c63)
core   0: 0x8000648c (0x00008df5) c.and   a1, a3
core   0: 3 0x8000648c (0x8df5) x11 0x00000000
core   0: 0x8000648e (0x03ead6b3) divu    a3, s5, t5
core   0: 3 0x8000648e (0x03ead6b3) x13 0x00000000
core   0: 0x80006492 (0xad6e3d37) lui     s10, 0xad6e3
core   0: 3 0x80006492 (0xad6e3d37) x26 0xad6e3000
core   0: 0x80006496 (0x00001508) c.addi4spn a0, sp, 672
core   0: 3 0x80006496 (0x1508) x10 0x4fc71fe4
core   0: 0x80006498 (0x00008e49) c.or    a2, a0
core   0: 3 0x80006498 (0x8e49) x12 0x4fefbfe7
core   0: 0x8000649a (0x002bf563) bgeu    s7, sp, pc + 10
core   0: 3 0x8000649a (0x002bf563)
core   0: 0x8000649e (0x0000965a) c.add   a2, s6
core   0: 3 0x8000649e (0x965a) x12 0x4fefbfe8
core   0: 0x800064a0 (0x03528d63) beq     t0, s5, pc + 58
core   0: 3 0x800064a0 (0x03528d63)
core   0: 0x800064a4 (0x408f0933) sub     s2, t5, s0
core   0: 3 0x800064a4 (0x408f0933) x18 0x81373124
core   0: 0x800064a8 (0x00638e63) beq     t2, t1, pc + 28
core   0: 3 0x800064a8 (0x00638e63)
core   0: 0x800064ac (0x3d450293) addi    t0, a0, 980
core   0: 3 0x800064ac (0x3d450293) x5  0x4fc723b8
core   0: 0x800064b0 (0x035c9033) mulh    zero, s9, s5
core   0: 3 0x800064b0 (0x035c9033)
core   0: 0x800064b4 (0x01347b63) bgeu    s0, s3, pc + 22
core   0: 3 0x800064b4 (0x01347b63)
core   0: 0x800064ca (0x00000001) c.nop
core   0: 3 0x800064ca (0x0001)
core   0: 0x800064cc (0x41dfde33) sra     t3, t6, t4
core   0: 3 0x800064cc (0x41dfde33) x28 0x00000000
core   0: 0x800064d0 (0x00008d31) c.xor   a0, a2
core   0: 3 0x800064d0 (0x8d31) x10 0x0028a00c
core   0: 0x800064d2 (0x4cef0313) addi    t1, t5, 1230
core   0: 3 0x800064d2 (0x4cef0313) x6  0x8002a1f2
core   0: 0x800064d6 (0x01d9d313) srli    t1, s3, 29
core   0: 3 0x800064d6 (0x01d9d313) x6  0x00000000
core   0: 0x800064da (0x03e7ed33) rem     s10, a5, t5
core   0: 3 0x800064da (0x03e7ed33) x26 0xecb6c000
core   0: 0x800064de (0x02598bb3) mul     s7, s3, t0
core   0: 3 0x800064de (0x02598bb3) x23 0x00000000
core   0: 0x800064e2 (0x00008f59) c.or    a4, a4
core   0: 3 0x800064e2 (0x8f59) x14 0xfffffffe
core   0: 0x800064e4 (0x00008669) c.srai  a2, 26
core   0: 3 0x800064e4 (0x8669) x12 0x00000013
core   0: 0x800064e6 (0x00009426) c.add   s0, s1
core   0: 3 0x800064e6 (0x9426) x8  0xfecb6c00
core   0: 0x800064e8 (0x000094fe) c.add   s1, t6
core   0: 3 0x800064e8 (0x94fe) x9  0x00000000
core   0: 0x800064ea (0x0000612d) c.addi16sp sp, 224
core   0: 3 0x800064ea (0x612d) x2  0x4fc71e24
core   0: 0x800064ec (0x00008e1d) c.sub   a2, a5
core   0: 3 0x800064ec (0x8e1d) x12 0x13494013
core   0: 0x800064ee (0x00008231) c.srli  a2, 12
core   0: 3 0x800064ee (0x8231) x12 0x00013494
core   0: 0x800064f0 (0x002eca63) blt     t4, sp, pc + 20
core   0: 3 0x800064f0 (0x002eca63)
core   0: 0x80006504 (0x01e0d093) srli    ra, ra, 30
core   0: 3 0x80006504 (0x01e0d093) x1  0x00000000
core   0: 0x80006508 (0x02fd74b3) remu    s1, s10, a5
core   0: 3 0x80006508 (0x02fd74b3) x9  0x00000000
core   0: 0x8000650c (0x00008c91) c.sub   s1, a2
core   0: 3 0x8000650c (0x8c91) x9  0xfffecb6c
core   0: 0x8000650e (0x005dc4b3) xor     s1, s11, t0
core   0: 3 0x8000650e (0x005dc4b3) x9  0x4fc0dc46
core   0: 0x80006512 (0x8045e693) ori     a3, a1, -2044
core   0: 3 0x80006512 (0x8045e693) x13 0xfffff804
core   0: 0x80006516 (0x41c88db3) sub     s11, a7, t3
core   0: 3 0x80006516 (0x41c88db3) x27 0x00000000
core   0: 0x8000651a (0x0000e685) c.bnez  a3, pc + 40
core   0: 3 0x8000651a (0xe685)
core   0: 0x80006542 (0x0000458d) c.li    a1, 3
core   0: 3 0x80006542 (0x458d) x11 0x00000003
core   0: 0x80006544 (0x00008d0d) c.sub   a0, a1
core   0: 3 0x80006544 (0x8d0d) x10 0x0028a009
core   0: 0x80006546 (0x02109f63) bne     ra, ra, pc + 62
core   0: 3 0x80006546 (0x02109f63)
core   0: 0x8000654a (0x04f01163) bne     zero, a5, pc + 66
core   0: 3 0x8000654a (0x04f01163)
core   0: 0x8000658c (0xe69d0393) addi    t2, s10, -407
core   0: 3 0x8000658c (0xe69d0393) x7  0xecb6be69
core   0: 0x80006590 (0x41e5d933) sra     s2, a1, t5
core   0: 3 0x80006590 (0x41e5d933) x18 0x00000000
core   0: 0x80006594 (0x00009b7d) c.andi  a4, -1
core   0: 3 0x80006594 (0x9b7d) x14 0xfffffffe
core   0: 0x80006596 (0x0000717d) c.addi16sp sp, -16
core   0: 3 0x80006596 (0x717d) x2  0x4fc71e14
core   0: 0x80006598 (0x036e08b3) mul     a7, t3, s6
core   0: 3 0x80006598 (0x036e08b3) x17 0x00000000
core   0: 0x8000659c (0x009ef533) and     a0, t4, s1
core   0: 3 0x8000659c (0x009ef533) x10 0x00005c44
core   0: 0x800065a0 (0x05eb6063) bltu    s6, t5, pc + 64
core   0: 3 0x800065a0 (0x05eb6063)
core   0: 0x800065e0 (0x9087fa13) andi    s4, a5, -1784
core   0: 3 0x800065e0 (0x9087fa13) x20 0xecb6c000
core   0: 0x800065e4 (0x01f99413) slli    s0, s3, 31
core   0: 3 0x800065e4 (0x01f99413) x8  0x00000000
core   0: 0x800065e8 (0xa0a9c293) xori    t0, s3, -1526
core   0: 3 0x800065e8 (0xa0a9c293) x5  0xfffffa0a
core   0: 0x800065ec (0x00008b81) c.andi  a5, 0
core   0: 3 0x800065ec (0x8b81) x15 0x00000000
core   0: 0x800065ee (0x4093d8b3) sra     a7, t2, s1
core   0: 3 0x800065ee (0x4093d8b3) x17 0xffb2daf9
core   0: 0x800065f2 (0x00009cfa) c.add   s9, t5
core   0: 3 0x800065f2 (0x9cfa) x25 0x80029d24
core   0: 0x800065f4 (0x02d8e5b3) rem     a1, a7, a3
core   0: 3 0x800065f4 (0x02d8e5b3) x11 0xfffffc55
core   0: 0x800065f8 (0x41aed6b3) sra     a3, t4, s10
core   0: 3 0x800065f8 (0x41aed6b3) x13 0x80025e74
core   0: 0x800065fc (0x72926693) ori     a3, tp, 1833
core   0: 3 0x800065fc (0x72926693) x13 0xffffff2d
core   0: 0x80006600 (0x00008e45) c.or    a2, s1
core   0: 3 0x80006600 (0x8e45) x12 0x4fc1fcd6
core   0: 0x80006602 (0x03ddf863) bgeu    s11, t4, pc + 48
core   0: 3 0x80006602 (0x03ddf863)
core   0: 0x80006606 (0x006dc3b3) xor     t2, s11, t1
core   0: 3 0x80006606 (0x006dc3b3) x7  0x00000000
core   0: 0x8000660a (0x0000806d) c.srli  s0, 27
core   0: 3 0x8000660a (0x806d) x8  0x00000000
core   0: 0x8000660c (0x01c014b3) sll     s1, zero, t3
core   0: 3 0x8000660c (0x01c014b3) x9  0x00000000
core   0: 0x80006610 (0x01e5edb3) or      s11, a1, t5
core   0: 3 0x80006610 (0x01e5edb3) x27 0xfffffd75
core   0: 0x80006614 (0x0000ec89) c.bnez  s1, pc + 26
core   0: 3 0x80006614 (0xec89)
core   0: 0x80006616 (0x031ceb63) bltu    s9, a7, pc + 54
core   0: 3 0x80006616 (0x031ceb63)
core   0: 0x8000664c (0x037db9b3) mulhu   s3, s11, s7
core   0: 3 0x8000664c (0x037db9b3) x19 0x00000000
core   0: 0x80006650 (0x00006171) c.addi16sp sp, 336
core   0: 3 0x80006650 (0x6171) x2  0x4fc71f64
core   0: 0x80006652 (0x0000944a) c.add   s0, s2
core   0: 3 0x80006652 (0x944a) x8  0x00000000
core   0: 0x80006654 (0x000084c1) c.srai  s1, 16
core   0: 3 0x80006654 (0x84c1) x9  0x00000000
core   0: 0x80006656 (0x0103afb3) slt     t6, t2, a6
core   0: 3 0x80006656 (0x0103afb3) x31 0x00000000
core   0: 0x8000665a (0xff57db37) lui     s6, 0xff57d
core   0: 3 0x8000665a (0xff57db37) x22 0xff57d000
core   0: 0x8000665e (0x03ca9e33) mulh    t3, s5, t3
core   0: 3 0x8000665e (0x03ca9e33) x28 0x00000000
core   0: 0x80006662 (0x000013fd) c.addi  t2, -1
core   0: 3 0x80006662 (0x13fd) x7  0xffffffff
core   0: 0x80006664 (0x02176233) rem     tp, a4, ra
core   0: 3 0x80006664 (0x02176233) x4  0xfffffffe
core   0: 0x80006668 (0x05025163) bge     tp, a6, pc + 66
core   0: 3 0x80006668 (0x05025163)
core   0: 0x800066aa (0xbec50f93) addi    t6, a0, -1044
core   0: 3 0x800066aa (0xbec50f93) x31 0x00005830
core   0: 0x800066ae (0x00008372) c.mv    t1, t3
core   0: 3 0x800066ae (0x8372) x6  0x00000000
core   0: 0x800066b0 (0x000000ca) c.slli  ra, 18
core   0: 3 0x800066b0 (0x00ca) x1  0x00000000
core   0: 0x800066b2 (0x40f5d413) srai    s0, a1, 15
core   0: 3 0x800066b2 (0x40f5d413) x8  0xffffffff
core   0: 0x800066b6 (0x00006125) c.addi16sp sp, 96
core   0: 3 0x800066b6 (0x6125) x2  0x4fc71fc4
core   0: 0x800066b8 (0x0167d8b3) srl     a7, a5, s6
core   0: 3 0x800066b8 (0x0167d8b3) x17 0x00000000
core   0: 0x800066bc (0x03466d63) bltu    a2, s4, pc + 58
core   0: 3 0x800066bc (0x03466d63)
core   0: 0x800066f6 (0x010b1913) slli    s2, s6, 16
core   0: 3 0x800066f6 (0x010b1913) x18 0xd0000000
core   0: 0x800066fa (0x0000ce15) c.beqz  a2, pc + 60
core   0: 3 0x800066fa (0xce15)
core   0: 0x800066fc (0x00008edd) c.or    a3, a5
core   0: 3 0x800066fc (0x8edd) x13 0xffffff2d
core   0: 0x800066fe (0x00008fe1) c.and   a5, s0
core   0: 3 0x800066fe (0x8fe1) x15 0x00000000
core   0: 0x80006700 (0x035d7e33) remu    t3, s10, s5
core   0: 3 0x80006700 (0x035d7e33) x28 0x00000000
core   0: 0x80006704 (0x01a3c563) blt     t2, s10, pc + 10
core   0: 3 0x80006704 (0x01a3c563)
core   0: 0x80006708 (0x00783a33) sltu    s4, a6, t2
core   0: 3 0x80006708 (0x00783a33) x20 0x00000001
core   0: 0x8000670c (0x00006485) c.lui   s1, 0x1
core   0: 3 0x8000670c (0x6485) x9  0x00001000
core   0: 0x8000670e (0x01aaf3b3) and     t2, s5, s10
core   0: 3 0x8000670e (0x01aaf3b3) x7  0x00000000
core   0: 0x80006712 (0x01154db3) xor     s11, a0, a7
core   0: 3 0x80006712 (0x01154db3) x27 0x00005c44
core   0: 0x80006716 (0x011c5593) srli    a1, s8, 17
core   0: 3 0x80006716 (0x011c5593) x11 0x000067e2
core   0: 0x8000671a (0x00008c85) c.sub   s1, s1
core   0: 3 0x8000671a (0x8c85) x9  0x00000000
core   0: 0x8000671c (0x00008fc5) c.or    a5, s1
core   0: 3 0x8000671c (0x8fc5) x15 0x00000000
core   0: 0x8000671e (0x79aa3337) lui     t1, 0x79aa3
core   0: 3 0x8000671e (0x79aa3337) x6  0x79aa3000
core   0: 0x80006722 (0x015376b3) and     a3, t1, s5
core   0: 3 0x80006722 (0x015376b3) x13 0x00000000
core   0: 0x80006726 (0x012752b3) srl     t0, a4, s2
core   0: 3 0x80006726 (0x012752b3) x5  0xfffffffe
core   0: 0x8000672a (0x0232de33) divu    t3, t0, gp
core   0: 3 0x8000672a (0x0232de33) x28 0xffffffff
core   0: 0x8000672e (0x030ef5b3) remu    a1, t4, a6
core   0: 3 0x8000672e (0x030ef5b3) x11 0x80025e74
core   0: 0x80006732 (0x038e4133) div     sp, t3, s8
core   0: 3 0x80006732 (0x038e4133) x2  0x00000000
core   0: 0x80006736 (0x02b3abb3) mulhsu  s7, t2, a1
core   0: 3 0x80006736 (0x02b3abb3) x23 0x00000000
core   0: 0x8000673a (0x02d1d363) bge     gp, a3, pc + 38
core   0: 3 0x8000673a (0x02d1d363)
core   0: 0x80006760 (0x7e0f0193) addi    gp, t5, 2016
core   0: 3 0x80006760 (0x7e0f0193) x3  0x8002a504
core   0: 0x80006764 (0x00008f55) c.or    a4, a3
core   0: 3 0x80006764 (0x8f55) x14 0xfffffffe
core   0: 0x80006766 (0x0125dd33) srl     s10, a1, s2
core   0: 3 0x80006766 (0x0125dd33) x26 0x80025e74
core   0: 0x8000676a (0x4b54c613) xori    a2, s1, 1205
core   0: 3 0x8000676a (0x4b54c613) x12 0x000004b5
core   0: 0x8000676e (0x034416b3) mulh    a3, s0, s4
core   0: 3 0x8000676e (0x034416b3) x13 0xffffffff
core   0: 0x80006772 (0x00008f85) c.sub   a5, s1
core   0: 3 0x80006772 (0x8f85) x15 0x00000000
core   0: 0x80006774 (0x00dc9d63) bne     s9, a3, pc + 26
core   0: 3 0x80006774 (0x00dc9d63)
core   0: 0x8000678e (0x00000a62) c.slli  s4, 24
core   0: 3 0x8000678e (0x0a62) x20 0x01000000
core   0: 0x80006790 (0x02f258b3) divu    a7, tp, a5
core   0: 3 0x80006790 (0x02f258b3) x17 0xffffffff
core   0: 0x80006794 (0x0000050a) c.slli  a0, 2
core   0: 3 0x80006794 (0x050a) x10 0x00017110
core   0: 0x80006796 (0x007162b3) or      t0, sp, t2
core   0: 3 0x80006796 (0x007162b3) x5  0x00000000
core   0: 0x8000679a (0x02dd1fb3) mulh    t6, s10, a3
core   0: 3 0x8000679a (0x02dd1fb3) x31 0x00000000
core   0: 0x8000679e (0x00008e65) c.and   a2, s1
core   0: 3 0x8000679e (0x8e65) x12 0x00000000
core   0: 0x800067a0 (0x29cffa13) andi    s4, t6, 668
core   0: 3 0x800067a0 (0x29cffa13) x20 0x00000000
core   0: 0x800067a4 (0x00008d99) c.sub   a1, a4
core   0: 3 0x800067a4 (0x8d99) x11 0x80025e76
core   0: 0x800067a6 (0x0063ce33) xor     t3, t2, t1
core   0: 3 0x800067a6 (0x0063ce33) x28 0x79aa3000
core   0: 0x800067aa (0x44043093) sltiu   ra, s0, 1088
core   0: 3 0x800067aa (0x44043093) x1  0x00000000
core   0: 0x800067ae (0x0000074e) c.slli  a4, 19
core   0: 3 0x800067ae (0x074e) x14 0xfff00000
core   0: 0x800067b0 (0x8bb74d93) xori    s11, a4, -1861
core   0: 3 0x800067b0 (0x8bb74d93) x27 0x000ff8bb
core   0: 0x800067b4 (0x89039d17) auipc   s10, 0x89039
core   0: 3 0x800067b4 (0x89039d17) x26 0x0903f7b4
core   0: 0x800067b8 (0x3f41c197) auipc   gp, 0x3f41c
core   0: 3 0x800067b8 (0x3f41c197) x3  0xbf4227b8
core   0: 0x800067bc (0x00000001) c.nop
core   0: 3 0x800067bc (0x0001)
core   0: 0x800067be (0x0000039e) c.slli  t2, 7
core   0: 3 0x800067be (0x039e) x7  0x00000000
core   0: 0x800067c0 (0x038386b3) mul     a3, t2, s8
core   0: 3 0x800067c0 (0x038386b3) x13 0x00000000
core   0: 0x800067c4 (0x5f406913) ori     s2, zero, 1524
core   0: 3 0x800067c4 (0x5f406913) x18 0x000005f4
core   0: 0x800067c8 (0x00c21333) sll     t1, tp, a2
core   0: 3 0x800067c8 (0x00c21333) x6  0xfffffffe
core   0: 0x800067cc (0x1cb14393) xori    t2, sp, 459
core   0: 3 0x800067cc (0x1cb14393) x7  0x000001cb
core   0: 0x800067d0 (0x0e6000ef) jal     pc + 0xe6
core   0: 3 0x800067d0 (0x0e6000ef) x1  0x800067d4
core   0: 0x800068b6 (0x003ac463) blt     s5, gp, pc + 8
core   0: 3 0x800068b6 (0x003ac463)
core   0: 0x800068ba (0x41ced693) srai    a3, t4, 28
core   0: 3 0x800068ba (0x41ced693) x13 0xfffffff8
core   0: 0x800068be (0xfcce8e93) addi    t4, t4, -52
core   0: 3 0x800068be (0xfcce8e93) x29 0x80025e40
core   0: 0x800068c2 (0x00006b69) c.lui   s6, 0x1a
core   0: 3 0x800068c2 (0x6b69) x22 0x0001a000
core   0: 0x800068c4 (0x7b8e0893) addi    a7, t3, 1976
core   0: 3 0x800068c4 (0x7b8e0893) x17 0x79aa37b8
core   0: 0x800068c8 (0x001ea223) sw      ra, 4(t4)
core   0: 3 0x800068c8 (0x001ea223) mem 0x80025e44 0x800067d4
core   0: 0x800068cc (0x00006131) c.addi16sp sp, 320
core   0: 3 0x800068cc (0x6131) x2  0x00000140
core   0: 0x800068ce (0x00c05a33) srl     s4, zero, a2
core   0: 3 0x800068ce (0x00c05a33) x20 0x00000000
core   0: 0x800068d2 (0x00008299) c.srli  a3, 6
core   0: 3 0x800068d2 (0x8299) x13 0x03ffffff
core   0: 0x800068d4 (0x01f65963) bge     a2, t6, pc + 18
core   0: 3 0x800068d4 (0x01f65963)
core   0: 0x800068e6 (0x425000ef) jal     pc + 0xc24
core   0: 3 0x800068e6 (0x425000ef) x1  0x800068ea
core   0: 0x8000750a (0x00009256) c.add   tp, s5
core   0: 3 0x8000750a (0x9256) x4  0x00000006
core   0: 0x8000750c (0x41835213) srai    tp, t1, 24
core   0: 3 0x8000750c (0x41835213) x4  0xffffffff
core   0: 0x80007510 (0xa4d0ea13) ori     s4, ra, -1459
core   0: 3 0x80007510 (0xa4d0ea13) x20 0xfffffaef
core   0: 0x80007514 (0x02868333) mul     t1, a3, s0
core   0: 3 0x80007514 (0x02868333) x6  0xfc000001
core   0: 0x80007518 (0x00001ea1) c.addi  t4, -24
core   0: 3 0x80007518 (0x1ea1) x29 0x80025e28
core   0: 0x8000751a (0x001ea223) sw      ra, 4(t4)
core   0: 3 0x8000751a (0x001ea223) mem 0x80025e2c 0x800068ea
core   0: 0x8000751e (0x00c42233) slt     tp, s0, a2
core   0: 3 0x8000751e (0x00c42233) x4  0x00000001
core   0: 0x80007522 (0xc6c7a497) auipc   s1, 0xc6c7a
core   0: 3 0x80007522 (0xc6c7a497) x9  0x46c81522
core   0: 0x80007526 (0x02122233) mulhsu  tp, tp, ra
core   0: 3 0x80007526 (0x02122233) x4  0x00000000
core   0: 0x8000752a (0x00004d21) c.li    s10, 8
core   0: 3 0x8000752a (0x4d21) x26 0x00000008
core   0: 0x8000752c (0x000063c5) c.lui   t2, 0x11
core   0: 3 0x8000752c (0x63c5) x7  0x00011000
core   0: 0x8000752e (0x00004b1d) c.li    s6, 7
core   0: 3 0x8000752e (0x4b1d) x22 0x00000007
core   0: 0x80007530 (0x4093d593) srai    a1, t2, 9
core   0: 3 0x80007530 (0x4093d593) x11 0x00000088
core   0: 0x80007534 (0x00008cc9) c.or    s1, a0
core   0: 3 0x80007534 (0x8cc9) x9  0x46c97532
core   0: 0x80007536 (0x00008409) c.srai  s0, 2
core   0: 3 0x80007536 (0x8409) x8  0xffffffff
core   0: 0x80007538 (0x0000614d) c.addi16sp sp, 176
core   0: 3 0x80007538 (0x614d) x2  0x000001f0
core   0: 0x8000753a (0x00001d69) c.addi  s10, -6
core   0: 3 0x8000753a (0x1d69) x26 0x00000002
core   0: 0x8000753c (0xff6d7ce3) bgeu    s10, s6, pc - 8
core   0: 3 0x8000753c (0xff6d7ce3)
core   0: 0x80007540 (0x03954013) xori    zero, a0, 57
core   0: 3 0x80007540 (0x03954013)
core   0: 0x80007544 (0x034000ef) jal     pc + 0x34
core   0: 3 0x80007544 (0x034000ef) x1  0x80007548
core   0: 0x80007578 (0x0000bff1) c.j     pc - 36
core   0: 3 0x80007578 (0xbff1)
core   0: 0x80007554 (0x006000ef) jal     pc + 0x6
core   0: 3 0x80007554 (0x006000ef) x1  0x80007558
core   0: 0x8000755a (0x0000bfdd) c.j     pc - 10
core   0: 3 0x8000755a (0xbfdd)
core   0: 0x80007550 (0x0000bff5) c.j     pc - 4
core   0: 3 0x80007550 (0xbff5)
core   0: 0x8000754c (0x00002829) c.jal   pc + 26
core   0: 3 0x8000754c (0x2829) x1  0x8000754e
core   0: 0x80007566 (0xfe9ff36f) jal     t1, pc - 0x18
core   0: 3 0x80007566 (0xfe9ff36f) x6  0x8000756a
core   0: 0x8000754e (0x0000a005) c.j     pc + 32
core   0: 3 0x8000754e (0xa005)
core   0: 0x8000756e (0x0000a011) c.j     pc + 4
core   0: 3 0x8000756e (0xa011)
core   0: 0x80007572 (0x00002009) c.jal   pc + 2
core   0: 3 0x80007572 (0x2009) x1  0x80007574
core   0: 0x80007574 (0x008000ef) jal     pc + 0x8
core   0: 3 0x80007574 (0x008000ef) x1  0x80007578
core   0: 0x8000757c (0x0000bfd9) c.j     pc - 42
core   0: 3 0x8000757c (0xbfd9)
core   0: 0x80007552 (0x00003fe5) c.jal   pc - 8
core   0: 3 0x80007552 (0x3fe5) x1  0x80007554
core   0: 0x8000754a (0x00002815) c.jal   pc + 52
core   0: 3 0x8000754a (0x2815) x1  0x8000754c
core   0: 0x8000757e (0x0000bff5) c.j     pc - 4
core   0: 3 0x8000757e (0xbff5)
core   0: 0x8000757a (0x0000bfdd) c.j     pc - 10
core   0: 3 0x8000757a (0xbfdd)
core   0: 0x80007570 (0x00003ff5) c.jal   pc - 4
core   0: 3 0x80007570 (0x3ff5) x1  0x80007572
core   0: 0x8000756c (0x0000bfc5) c.j     pc - 16
core   0: 3 0x8000756c (0xbfc5)
core   0: 0x8000755c (0x004000ef) jal     pc + 0x4
core   0: 3 0x8000755c (0x004000ef) x1  0x80007560
core   0: 0x80007560 (0xff9ff0ef) jal     pc - 0x8
core   0: 3 0x80007560 (0xff9ff0ef) x1  0x80007564
core   0: 0x80007558 (0x0000bfc5) c.j     pc - 16
core   0: 3 0x80007558 (0xbfc5)
core   0: 0x80007548 (0x0000a831) c.j     pc + 28
core   0: 3 0x80007548 (0xa831)
core   0: 0x80007564 (0x00002831) c.jal   pc + 28
core   0: 3 0x80007564 (0x2831) x1  0x80007566
core   0: 0x80007580 (0x0000b7ed) c.j     pc - 22
core   0: 3 0x80007580 (0xb7ed)
core   0: 0x8000756a (0x0000a821) c.j     pc + 24
core   0: 3 0x8000756a (0xa821)
core   0: 0x80007582 (0x00009b7d) c.andi  a4, -1
core   0: 3 0x80007582 (0x9b7d) x14 0xfff00000
core   0: 0x80007584 (0x0000a697) auipc   a3, 0xa
core   0: 3 0x80007584 (0x0000a697) x13 0x80011584
core   0: 0x80007588 (0x97568693) addi    a3, a3, -1675
core   0: 3 0x80007588 (0x97568693) x13 0x80010ef9
core   0: 0x8000758c (0x037699a3) sh      s7, 51(a3)
core   0: 3 0x8000758c (0x037699a3) mem 0x80010f2c 0x0000
core   0: 0x80007590 (0x00008351) c.srli  a4, 20
core   0: 3 0x80007590 (0x8351) x14 0x00000fff
core   0: 0x80007592 (0x0252dcb3) divu    s9, t0, t0
core   0: 3 0x80007592 (0x0252dcb3) x25 0xffffffff
core   0: 0x80007596 (0xfdd695a3) sh      t4, -53(a3)
core   0: 3 0x80007596 (0xfdd695a3) mem 0x80010ec4 0x5e28
core   0: 0x8000759a (0x0156b833) sltu    a6, a3, s5
core   0: 3 0x8000759a (0x0156b833) x16 0x00000000
core   0: 0x8000759e (0x00969083) lh      ra, 9(a3)
core   0: 3 0x8000759e (0x00969083) x1  0x00000000 mem 0x80010f02
core   0: 0x800075a2 (0x01a681a3) sb      s10, 3(a3)
core   0: 3 0x800075a2 (0x01a681a3) mem 0x80010efc 0x02
core   0: 0x800075a6 (0xfdc6cd03) lbu     s10, -36(a3)
core   0: 3 0x800075a6 (0xfdc6cd03) x26 0x00000000 mem 0x80010ed5
core   0: 0x800075aa (0x02e68623) sb      a4, 44(a3)
core   0: 3 0x800075aa (0x02e68623) mem 0x80010f25 0xff
core   0: 0x800075ae (0xfe46cc83) lbu     s9, -28(a3)
core   0: 3 0x800075ae (0xfe46cc83) x25 0x00000000 mem 0x80010edd
core   0: 0x800075b2 (0x02268223) sb      sp, 36(a3)
core   0: 3 0x800075b2 (0x02268223) mem 0x80010f1d 0xf0
core   0: 0x800075b6 (0xfee68d03) lb      s10, -18(a3)
core   0: 3 0x800075b6 (0xfee68d03) x26 0x00000000 mem 0x80010ee7
core   0: 0x800075ba (0x00aa1613) slli    a2, s4, 10
core   0: 3 0x800075ba (0x00aa1613) x12 0xffebbc00
core   0: 0x800075be (0xfee6a9a3) sw      a4, -13(a3)
core   0: 3 0x800075be (0xfee6a9a3) mem 0x80010eec 0x00000fff
core   0: 0x800075c2 (0x00e6c403) lbu     s0, 14(a3)
core   0: 3 0x800075c2 (0x00e6c403) x8  0x00000000 mem 0x80010f07
core   0: 0x800075c6 (0x01568c23) sb      s5, 24(a3)
core   0: 3 0x800075c6 (0x01568c23) mem 0x80010f11 0x08
core   0: 0x800075ca (0x02468983) lb      s3, 36(a3)
core   0: 3 0x800075ca (0x02468983) x19 0xfffffff0 mem 0x80010f1d
core   0: 0x800075ce (0xfce683a3) sb      a4, -57(a3)
core   0: 3 0x800075ce (0xfce683a3) mem 0x80010ec0 0xff
core   0: 0x800075d2 (0x00008c85) c.sub   s1, s1
core   0: 3 0x800075d2 (0x8c85) x9  0x00000000
core   0: 0x800075d4 (0x00006261) c.lui   tp, 0x18
core   0: 3 0x800075d4 (0x6261) x4  0x00018000
core   0: 0x800075d6 (0x0000867d) c.srai  a2, 31
core   0: 3 0x800075d6 (0x867d) x12 0xffffffff
core   0: 0x800075d8 (0x02f690a3) sh      a5, 33(a3)
core   0: 3 0x800075d8 (0x02f690a3) mem 0x80010f1a 0x0000
core   0: 0x800075dc (0x01a68983) lb      s3, 26(a3)
core   0: 3 0x800075dc (0x01a68983) x19 0x00000000 mem 0x80010f13
core   0: 0x800075e0 (0xfd868883) lb      a7, -40(a3)
core   0: 3 0x800075e0 (0xfd868883) x17 0x00000000 mem 0x80010ed1
core   0: 0x800075e4 (0xff668523) sb      s6, -22(a3)
core   0: 3 0x800075e4 (0xff668523) mem 0x80010ee3 0x07
core   0: 0x800075e8 (0x00008d79) c.and   a0, a4
core   0: 3 0x800075e8 (0x8d79) x10 0x00000110
core   0: 0x800075ea (0xfff6a703) lw      a4, -1(a3)
core   0: 3 0x800075ea (0xfff6a703) x14 0x00000000 mem 0x80010ef8
core   0: 0x800075ee (0xfff68923) sb      t6, -14(a3)
core   0: 3 0x800075ee (0xfff68923) mem 0x80010eeb 0x00
core   0: 0x800075f2 (0x0086c083) lbu     ra, 8(a3)
core   0: 3 0x800075f2 (0x0086c083) x1  0x00000000 mem 0x80010f01
core   0: 0x800075f6 (0x00008d85) c.sub   a1, s1
core   0: 3 0x800075f6 (0x8d85) x11 0x00000088
core   0: 0x800075f8 (0x022690a3) sh      sp, 33(a3)
core   0: 3 0x800075f8 (0x022690a3) mem 0x80010f1a 0x01f0
core   0: 0x800075fc (0x0346cb03) lbu     s6, 52(a3)
core   0: 3 0x800075fc (0x0346cb03) x22 0x00000000 mem 0x80010f2d
core   0: 0x80007600 (0x00268383) lb      t2, 2(a3)
core   0: 3 0x80007600 (0x00268383) x7  0x00000000 mem 0x80010efb
core   0: 0x80007604 (0x01d49b13) slli    s6, s1, 29
core   0: 3 0x80007604 (0x01d49b13) x22 0x00000000
core   0: 0x80007608 (0x2d5af393) andi    t2, s5, 725
core   0: 3 0x80007608 (0x2d5af393) x7  0x00000000
core   0: 0x8000760c (0xfd268a03) lb      s4, -46(a3)
core   0: 3 0x8000760c (0xfd268a03) x20 0x00000000 mem 0x80010ecb
core   0: 0x80007610 (0xfe268a23) sb      sp, -12(a3)
core   0: 3 0x80007610 (0xfe268a23) mem 0x80010eed 0xf0
core   0: 0x80007614 (0x010512b3) sll     t0, a0, a6
core   0: 3 0x80007614 (0x010512b3) x5  0x00000110
core   0: 0x80007618 (0xfc1680a3) sb      ra, -63(a3)
core   0: 3 0x80007618 (0xfc1680a3) mem 0x80010eba 0x00
core   0: 0x8000761c (0x0086c283) lbu     t0, 8(a3)
core   0: 3 0x8000761c (0x0086c283) x5  0x00000000 mem 0x80010f01
core   0: 0x80007620 (0x427bc293) xori    t0, s7, 1063
core   0: 3 0x80007620 (0x427bc293) x5  0x00000427
core   0: 0x80007624 (0x02e4ba33) mulhu   s4, s1, a4
core   0: 3 0x80007624 (0x02e4ba33) x20 0x00000000
core   0: 0x80007628 (0x02268083) lb      ra, 34(a3)
core   0: 3 0x80007628 (0x02268083) x1  0x00000001 mem 0x80010f1b
core   0: 0x8000762c (0x0206aba3) sw      zero, 55(a3)
core   0: 3 0x8000762c (0x0206aba3) mem 0x80010f30 0x00000000
core   0: 0x80007630 (0x018000ef) jal     pc + 0x18
core   0: 3 0x80007630 (0x018000ef) x1  0x80007634
core   0: 0x80007648 (0x0000bfed) c.j     pc - 6
core   0: 3 0x80007648 (0xbfed)
core   0: 0x80007642 (0x00003ff5) c.jal   pc - 4
core   0: 3 0x80007642 (0x3ff5) x1  0x80007644
core   0: 0x8000763e (0x016000ef) jal     pc + 0x16
core   0: 3 0x8000763e (0x016000ef) x1  0x80007642
core   0: 0x80007654 (0xfe3ff36f) jal     t1, pc - 0x1e
core   0: 3 0x80007654 (0xfe3ff36f) x6  0x80007658
core   0: 0x80007636 (0x0000bffd) c.j     pc - 2
core   0: 3 0x80007636 (0xbffd)
core   0: 0x80007634 (0x0000a021) c.j     pc + 8
core   0: 3 0x80007634 (0xa021)
core   0: 0x8000763c (0x0000bff5) c.j     pc - 4
core   0: 3 0x8000763c (0xbff5)
core   0: 0x80007638 (0x012000ef) jal     pc + 0x12
core   0: 3 0x80007638 (0x012000ef) x1  0x8000763c
core   0: 0x8000764a (0x00003fed) c.jal   pc - 6
core   0: 3 0x8000764a (0x3fed) x1  0x8000764c
core   0: 0x80007644 (0x00002031) c.jal   pc + 12
core   0: 3 0x80007644 (0x2031) x1  0x80007646
core   0: 0x80007650 (0xff7ff0ef) jal     pc - 0xa
core   0: 3 0x80007650 (0xff7ff0ef) x1  0x80007654
core   0: 0x80007646 (0x0000a019) c.j     pc + 6
core   0: 3 0x80007646 (0xa019)
core   0: 0x8000764c (0x0000a009) c.j     pc + 2
core   0: 3 0x8000764c (0xa009)
core   0: 0x8000764e (0x00002029) c.jal   pc + 10
core   0: 3 0x8000764e (0x2029) x1  0x80007650
core   0: 0x80007658 (0xaa432693) slti    a3, t1, -1372
core   0: 3 0x80007658 (0xaa432693) x13 0x00000001
core   0: 0x8000765c (0x00009a17) auipc   s4, 0x9
core   0: 3 0x8000765c (0x00009a17) x20 0x8001065c
core   0: 0x80007660 (0x3eea0a13) addi    s4, s4, 1006
core   0: 3 0x80007660 (0x3eea0a13) x20 0x80010a4a
core   0: 0x80007664 (0x2f9a4383) lbu     t2, 761(s4)
core   0: 3 0x80007664 (0x2f9a4383) x7  0x00000000 mem 0x80010d43
core   0: 0x80007668 (0x01734db3) xor     s11, t1, s7
core   0: 3 0x80007668 (0x01734db3) x27 0x80007658
core   0: 0x8000766c (0x00008e4d) c.or    a2, a1
core   0: 3 0x8000766c (0x8e4d) x12 0xffffffff
core   0: 0x8000766e (0x00008f91) c.sub   a5, a2
core   0: 3 0x8000766e (0x8f91) x15 0x00000001
core   0: 0x80007670 (0x2f9a4c83) lbu     s9, 761(s4)
core   0: 3 0x80007670 (0x2f9a4c83) x25 0x00000000 mem 0x80010d43
core   0: 0x80007674 (0x2f5a0ca3) sb      s5, 761(s4)
core   0: 3 0x80007674 (0x2f5a0ca3) mem 0x80010d43 0x08
core   0: 0x80007678 (0x2f9a0283) lb      t0, 761(s4)
core   0: 3 0x80007678 (0x2f9a0283) x5  0x00000008 mem 0x80010d43
core   0: 0x8000767c (0x2f9a0503) lb      a0, 761(s4)
core   0: 3 0x8000767c (0x2f9a0503) x10 0x00000008 mem 0x80010d43
core   0: 0x80007680 (0x2f9a0b03) lb      s6, 761(s4)
core   0: 3 0x80007680 (0x2f9a0b03) x22 0x00000008 mem 0x80010d43
core   0: 0x80007684 (0x2f9a0003) lb      zero, 761(s4)
core   0: 3 0x80007684 (0x2f9a0003) mem 0x80010d43
core   0: 0x80007688 (0x5fba01a3) sb      s11, 1507(s4)
core   0: 3 0x80007688 (0x5fba01a3) mem 0x8001102d 0x58
core   0: 0x8000768c (0x5eea01a3) sb      a4, 1507(s4)
core   0: 3 0x8000768c (0x5eea01a3) mem 0x8001102d 0x00
core   0: 0x80007690 (0x6f9057b7) lui     a5, 0x6f905
core   0: 3 0x80007690 (0x6f9057b7) x15 0x6f905000
core   0: 0x80007694 (0x00008cfe) c.mv    s9, t6
core   0: 3 0x80007694 (0x8cfe) x25 0x00000000
core   0: 0x80007696 (0x5e3a4283) lbu     t0, 1507(s4)
core   0: 3 0x80007696 (0x5e3a4283) x5  0x00000000 mem 0x8001102d
core   0: 0x8000769a (0x5e3a0783) lb      a5, 1507(s4)
core   0: 3 0x8000769a (0x5e3a0783) x15 0x00000000 mem 0x8001102d
core   0: 0x8000769e (0x82fa1a23) sh      a5, -1996(s4)
core   0: 3 0x8000769e (0x82fa1a23) mem 0x8001027e 0x0000
core   0: 0x800076a2 (0xd5da0c83) lb      s9, -675(s4)
core   0: 3 0x800076a2 (0xd5da0c83) x25 0x00000000 mem 0x800107a7
core   0: 0x800076a6 (0xd5da4003) lbu     zero, -675(s4)
core   0: 3 0x800076a6 (0xd5da4003) mem 0x800107a7
core   0: 0x800076aa (0xb5c0ce13) xori    t3, ra, -1188
core   0: 3 0x800076aa (0xb5c0ce13) x28 0x7fff8d0c
core   0: 0x800076ae (0xd5da4983) lbu     s3, -675(s4)
core   0: 3 0x800076ae (0xd5da4983) x19 0x00000000 mem 0x800107a7
core   0: 0x800076b2 (0xef7a4703) lbu     a4, -265(s4)
core   0: 3 0x800076b2 (0xef7a4703) x14 0x00000000 mem 0x80010941
core   0: 0x800076b6 (0x0000f997) auipc   s3, 0xf
core   0: 3 0x800076b6 (0x0000f997) x19 0x800166b6
core   0: 0x800076ba (0xd9798993) addi    s3, s3, -617
core   0: 3 0x800076ba (0xd9798993) x19 0x8001644d
core   0: 0x800076be (0x00006533) or      a0, zero, zero
core   0: 3 0x800076be (0x00006533) x10 0x00000000
core   0: 0x800076c2 (0x00008d29) c.xor   a0, a0
core   0: 3 0x800076c2 (0x8d29) x10 0x00000000
core   0: 0x800076c4 (0xff79d283) lhu     t0, -9(s3)
core   0: 3 0x800076c4 (0xff79d283) x5  0x00000000 mem 0x80016444
core   0: 0x800076c8 (0x005981a3) sb      t0, 3(s3)
core   0: 3 0x800076c8 (0x005981a3) mem 0x80016450 0x00
core   0: 0x800076cc (0xfe098ca3) sb      zero, -7(s3)
core   0: 3 0x800076cc (0xfe098ca3) mem 0x80016446 0x00
core   0: 0x800076d0 (0x005985a3) sb      t0, 11(s3)
core   0: 3 0x800076d0 (0x005985a3) mem 0x80016458 0x00
core   0: 0x800076d4 (0x000e50b3) srl     ra, t3, zero
core   0: 3 0x800076d4 (0x000e50b3) x1  0x7fff8d0c
core   0: 0x800076d8 (0x00000001) c.nop
core   0: 3 0x800076d8 (0x0001)
core   0: 0x800076da (0x00c98503) lb      a0, 12(s3)
core   0: 3 0x800076da (0x00c98503) x10 0x00000000 mem 0x80016459
core   0: 0x800076de (0xfe5999a3) sh      t0, -13(s3)
core   0: 3 0x800076de (0xfe5999a3) mem 0x80016440 0x0000
core   0: 0x800076e2 (0x0059de03) lhu     t3, 5(s3)
core   0: 3 0x800076e2 (0x0059de03) x28 0x00000000 mem 0x80016452
core   0: 0x800076e6 (0x00898003) lb      zero, 8(s3)
core   0: 3 0x800076e6 (0x00898003) mem 0x80016455
core   0: 0x800076ea (0x00198123) sb      ra, 2(s3)
core   0: 3 0x800076ea (0x00198123) mem 0x8001644f 0x0c
core   0: 0x800076ee (0xfe198c23) sb      ra, -8(s3)
core   0: 3 0x800076ee (0xfe198c23) mem 0x80016445 0x0c
core   0: 0x800076f2 (0xff999c03) lh      s8, -7(s3)
core   0: 3 0x800076f2 (0xff999c03) x24 0x00000000 mem 0x80016446
core   0: 0x800076f6 (0x00f9a283) lw      t0, 15(s3)
core   0: 3 0x800076f6 (0x00f9a283) x5  0x00000000 mem 0x8001645c
core   0: 0x800076fa (0xfe598c23) sb      t0, -8(s3)
core   0: 3 0x800076fa (0xfe598c23) mem 0x80016445 0x00
core   0: 0x800076fe (0x00ac5c33) srl     s8, s8, a0
core   0: 3 0x800076fe (0x00ac5c33) x24 0x00000000
core   0: 0x80007702 (0x0012a0b3) slt     ra, t0, ra
core   0: 3 0x80007702 (0x0012a0b3) x1  0x00000001
core   0: 0x80007706 (0x0150d093) srli    ra, ra, 21
core   0: 3 0x80007706 (0x0150d093) x1  0x00000000
core   0: 0x8000770a (0x6abe4093) xori    ra, t3, 1707
core   0: 3 0x8000770a (0x6abe4093) x1  0x000006ab
core   0: 0x8000770e (0xff898823) sb      s8, -16(s3)
core   0: 3 0x8000770e (0xff898823) mem 0x8001643d 0x00
core   0: 0x80007712 (0xffb9cc03) lbu     s8, -5(s3)
core   0: 3 0x80007712 (0xffb9cc03) x24 0x00000000 mem 0x80016448
core   0: 0x80007716 (0xffe98503) lb      a0, -2(s3)
core   0: 3 0x80007716 (0xffe98503) x10 0x00000000 mem 0x8001644b
core   0: 0x8000771a (0x00398283) lb      t0, 3(s3)
core   0: 3 0x8000771a (0x00398283) x5  0x00000000 mem 0x80016450
core   0: 0x8000771e (0xfe598823) sb      t0, -16(s3)
core   0: 3 0x8000771e (0xfe598823) mem 0x8001643d 0x00
core   0: 0x80007722 (0x0029c083) lbu     ra, 2(s3)
core   0: 3 0x80007722 (0x0029c083) x1  0x0000000c mem 0x8001644f
core   0: 0x80007726 (0xff09c283) lbu     t0, -16(s3)
core   0: 3 0x80007726 (0xff09c283) x5  0x00000000 mem 0x8001643d
core   0: 0x8000772a (0xff098503) lb      a0, -16(s3)
core   0: 3 0x8000772a (0xff098503) x10 0x00000000 mem 0x8001643d
core   0: 0x8000772e (0x00009296) c.add   t0, t0
core   0: 3 0x8000772e (0x9296) x5  0x00000000
core   0: 0x80007730 (0x00001e7d) c.addi  t3, -1
core   0: 3 0x80007730 (0x1e7d) x28 0xffffffff
core   0: 0x80007732 (0x5b834e17) auipc   t3, 0x5b834
core   0: 3 0x80007732 (0x5b834e17) x28 0xdb83b732
core   0: 0x80007736 (0xff498283) lb      t0, -12(s3)
core   0: 3 0x80007736 (0xff498283) x5  0x00000000 mem 0x80016441
core   0: 0x8000773a (0xff498c03) lb      s8, -12(s3)
core   0: 3 0x8000773a (0xff498c03) x24 0x00000000 mem 0x80016441
core   0: 0x8000773e (0x0002b533) sltu    a0, t0, zero
core   0: 3 0x8000773e (0x0002b533) x10 0x00000000
core   0: 0x80007742 (0xffe9cc03) lbu     s8, -2(s3)
core   0: 3 0x80007742 (0xffe9cc03) x24 0x00000000 mem 0x8001644b
core   0: 0x80007746 (0xfea9ada3) sw      a0, -5(s3)
core   0: 3 0x80007746 (0xfea9ada3) mem 0x80016448 0x00000000
core   0: 0x8000774a (0x0069c503) lbu     a0, 6(s3)
core   0: 3 0x8000774a (0x0069c503) x10 0x00000000 mem 0x80016453
core   0: 0x8000774e (0x0250f2b3) remu    t0, ra, t0
core   0: 3 0x8000774e (0x0250f2b3) x5  0x0000000c
core   0: 0x80007752 (0xff49cc03) lbu     s8, -12(s3)
core   0: 3 0x80007752 (0xff49cc03) x24 0x00000000 mem 0x80016441
core   0: 0x80007756 (0x00598283) lb      t0, 5(s3)
core   0: 3 0x80007756 (0x00598283) x5  0x00000000 mem 0x80016452
core   0: 0x8000775a (0x1ed56293) ori     t0, a0, 493
core   0: 3 0x8000775a (0x1ed56293) x5  0x000001ed
core   0: 0x8000775e (0x00006c65) c.lui   s8, 0x19
core   0: 3 0x8000775e (0x6c65) x24 0x00019000
core   0: 0x80007760 (0x020e60b3) rem     ra, t3, zero
core   0: 3 0x80007760 (0x020e60b3) x1  0xdb83b732
core   0: 0x80007764 (0x00d9d503) lhu     a0, 13(s3)
core   0: 3 0x80007764 (0x00d9d503) x10 0x00000000 mem 0x8001645a
core   0: 0x80007768 (0xff89c283) lbu     t0, -8(s3)
core   0: 3 0x80007768 (0xff89c283) x5  0x00000000 mem 0x80016445
core   0: 0x8000776c (0x00009317) auipc   t1, 0x9
core   0: 3 0x8000776c (0x00009317) x6  0x8001076c
core   0: 0x80007770 (0x6d730313) addi    t1, t1, 1751
core   0: 3 0x80007770 (0x6d730313) x6  0x80010e43
core   0: 0x80007774 (0x41ed5133) sra     sp, s10, t5
core   0: 3 0x80007774 (0x41ed5133) x2  0x00000000
core   0: 0x80007778 (0xfef34203) lbu     tp, -17(t1)
core   0: 3 0x80007778 (0xfef34203) x4  0x00000000 mem 0x80010e32
core   0: 0x8000777c (0xfcc30d23) sb      a2, -38(t1)
core   0: 3 0x8000777c (0xfcc30d23) mem 0x80010e1d 0xff
core   0: 0x80007780 (0xfd834083) lbu     ra, -40(t1)
core   0: 3 0x80007780 (0xfd834083) x1  0x00000000 mem 0x80010e1b
core   0: 0x80007784 (0x03330c03) lb      s8, 51(t1)
core   0: 3 0x80007784 (0x03330c03) x24 0x00000000 mem 0x80010e76
core   0: 0x80007788 (0x02d319a3) sh      a3, 51(t1)
core   0: 3 0x80007788 (0x02d319a3) mem 0x80010e76 0x0001
core   0: 0x8000778c (0xffe30c23) sb      t5, -8(t1)
core   0: 3 0x8000778c (0xffe30c23) mem 0x80010e3b 0x24
core   0: 0x80007790 (0xffe30523) sb      t5, -22(t1)
core   0: 3 0x80007790 (0xffe30523) mem 0x80010e2d 0x24
core   0: 0x80007794 (0xfee30523) sb      a4, -22(t1)
core   0: 3 0x80007794 (0xfee30523) mem 0x80010e2d 0x00
core   0: 0x80007798 (0x0053da33) srl     s4, t2, t0
core   0: 3 0x80007798 (0x0053da33) x20 0x00000000
core   0: 0x8000779c (0xfe130b03) lb      s6, -31(t1)
core   0: 3 0x8000779c (0xfe130b03) x22 0x00000000 mem 0x80010e24
core   0: 0x800077a0 (0x000056fd) c.li    a3, -1
core   0: 3 0x800077a0 (0x56fd) x13 0xffffffff
core   0: 0x800077a2 (0xfe131b83) lh      s7, -31(t1)
core   0: 3 0x800077a2 (0xfe131b83) x23 0x00000000 mem 0x80010e24
core   0: 0x800077a6 (0x00013617) auipc   a2, 0x13
core   0: 3 0x800077a6 (0x00013617) x12 0x8001a7a6
core   0: 0x800077aa (0xfd960613) addi    a2, a2, -39
core   0: 3 0x800077aa (0xfd960613) x12 0x8001a77f
core   0: 0x800077ae (0x00296e33) or      t3, s2, sp
core   0: 3 0x800077ae (0x00296e33) x28 0x000005f4
core   0: 0x800077b2 (0xfff65403) lhu     s0, -1(a2)
core   0: 3 0x800077b2 (0xfff65403) x8  0x00000000 mem 0x8001a77e
core   0: 0x800077b6 (0x006ebb33) sltu    s6, t4, t1
core   0: 3 0x800077b6 (0x006ebb33) x22 0x00000000
core   0: 0x800077ba (0x00008331) c.srli  a4, 12
core   0: 3 0x800077ba (0x8331) x14 0x00000000
core   0: 0x800077bc (0x01560c03) lb      s8, 21(a2)
core   0: 3 0x800077bc (0x01560c03) x24 0x00000000 mem 0x8001a794
core   0: 0x800077c0 (0x0067f933) and     s2, a5, t1
core   0: 3 0x800077c0 (0x0067f933) x18 0x00000000
core   0: 0x800077c4 (0x00000001) c.nop
core   0: 3 0x800077c4 (0x0001)
core   0: 0x800077c6 (0x03860403) lb      s0, 56(a2)
core   0: 3 0x800077c6 (0x03860403) x8  0x00000000 mem 0x8001a7b7
core   0: 0x800077ca (0xffa60683) lb      a3, -6(a2)
core   0: 3 0x800077ca (0xffa60683) x13 0x00000000 mem 0x8001a779
core   0: 0x800077ce (0x02961ba3) sh      s1, 55(a2)
core   0: 3 0x800077ce (0x02961ba3) mem 0x8001a7b6 0x0000
core   0: 0x800077d2 (0x01460423) sb      s4, 8(a2)
core   0: 3 0x800077d2 (0x01460423) mem 0x8001a787 0x00
core   0: 0x800077d6 (0x01019db3) sll     s11, gp, a6
core   0: 3 0x800077d6 (0x01019db3) x27 0xbf4227b8
core   0: 0x800077da (0x02e615a3) sh      a4, 43(a2)
core   0: 3 0x800077da (0x02e615a3) mem 0x8001a7aa 0x0000
core   0: 0x800077de (0xfc165c83) lhu     s9, -63(a2)
core   0: 3 0x800077de (0xfc165c83) x25 0x00000000 mem 0x8001a740
core   0: 0x800077e2 (0x02e619a3) sh      a4, 51(a2)
core   0: 3 0x800077e2 (0x02e619a3) mem 0x8001a7b2 0x0000
core   0: 0x800077e6 (0x00e15793) srli    a5, sp, 14
core   0: 3 0x800077e6 (0x00e15793) x15 0x00000000
core   0: 0x800077ea (0x00864c83) lbu     s9, 8(a2)
core   0: 3 0x800077ea (0x00864c83) x25 0x00000000 mem 0x8001a787
core   0: 0x800077ee (0x88407d13) andi    s10, zero, -1916
core   0: 3 0x800077ee (0x88407d13) x26 0x00000000
core   0: 0x800077f2 (0x02a64883) lbu     a7, 42(a2)
core   0: 3 0x800077f2 (0x02a64883) x17 0x00000000 mem 0x8001a7a9
core   0: 0x800077f6 (0x03e64383) lbu     t2, 62(a2)
core   0: 3 0x800077f6 (0x03e64383) x7  0x00000000 mem 0x8001a7bd
core   0: 0x800077fa (0xfd060f83) lb      t6, -48(a2)
core   0: 3 0x800077fa (0xfd060f83) x31 0x00000000 mem 0x8001a74f
core   0: 0x800077fe (0xfd161703) lh      a4, -47(a2)
core   0: 3 0x800077fe (0xfd161703) x14 0x00000000 mem 0x8001a750
core   0: 0x80007802 (0x010614a3) sh      a6, 9(a2)
core   0: 3 0x80007802 (0x010614a3) mem 0x8001a788 0x0000
core   0: 0x80007806 (0x00008a6a) c.mv    s4, s10
core   0: 3 0x80007806 (0x8a6a) x20 0x00000000
core   0: 0x80007808 (0x00d4e233) or      tp, s1, a3
core   0: 3 0x80007808 (0x00d4e233) x4  0x00000000
core   0: 0x8000780c (0x00008f71) c.and   a4, a2
core   0: 3 0x8000780c (0x8f71) x14 0x00000000
core   0: 0x8000780e (0x027d2733) mulhsu  a4, s10, t2
core   0: 3 0x8000780e (0x027d2733) x14 0x00000000
core   0: 0x80007812 (0x03dcf9b3) remu    s3, s9, t4
core   0: 3 0x80007812 (0x03dcf9b3) x19 0x00000000
core   0: 0x80007816 (0x02f64c03) lbu     s8, 47(a2)
core   0: 3 0x80007816 (0x02f64c03) x24 0x00000000 mem 0x8001a7ae
core   0: 0x8000781a (0x03960283) lb      t0, 57(a2)
core   0: 3 0x8000781a (0x03960283) x5  0x00000000 mem 0x8001a7b8
core   0: 0x8000781e (0xfec64403) lbu     s0, -20(a2)
core   0: 3 0x8000781e (0xfec64403) x8  0x00000000 mem 0x8001a76b
core   0: 0x80007822 (0x00008785) c.srai  a5, 1
core   0: 3 0x80007822 (0x8785) x15 0x00000000
core   0: 0x80007824 (0x01064b03) lbu     s6, 16(a2)
core   0: 3 0x80007824 (0x01064b03) x22 0x00000000 mem 0x8001a78f
core   0: 0x80007828 (0x03e680b3) mul     ra, a3, t5
core   0: 3 0x80007828 (0x03e680b3) x1  0x00000000
core   0: 0x8000782c (0xfea60c03) lb      s8, -22(a2)
core   0: 3 0x8000782c (0xfea60c03) x24 0x00000000 mem 0x8001a769
core   0: 0x80007830 (0x021404b3) mul     s1, s0, ra
core   0: 3 0x80007830 (0x021404b3) x9  0x00000000
core   0: 0x80007834 (0x00d60483) lb      s1, 13(a2)
core   0: 3 0x80007834 (0x00d60483) x9  0x00000000 mem 0x8001a78c
core   0: 0x80007838 (0x00764383) lbu     t2, 7(a2)
core   0: 3 0x80007838 (0x00764383) x7  0x00000000 mem 0x8001a786
core   0: 0x8000783c (0x00d35d33) srl     s10, t1, a3
core   0: 3 0x8000783c (0x00d35d33) x26 0x80010e43
core   0: 0x80007840 (0xfe4615a3) sh      tp, -21(a2)
core   0: 3 0x80007840 (0xfe4615a3) mem 0x8001a76a 0x0000
core   0: 0x80007844 (0x95e1a913) slti    s2, gp, -1698
core   0: 3 0x80007844 (0x95e1a913) x18 0x00000001
core   0: 0x80007848 (0xdb8f6713) ori     a4, t5, -584
core   0: 3 0x80007848 (0xdb8f6713) x14 0xfffffdbc
core   0: 0x8000784c (0x01a41a33) sll     s4, s0, s10
core   0: 3 0x8000784c (0x01a41a33) x20 0x00000000
core   0: 0x80007850 (0x02dbd933) divu    s2, s7, a3
core   0: 3 0x80007850 (0x02dbd933) x18 0xffffffff
core   0: 0x80007854 (0xff464683) lbu     a3, -12(a2)
core   0: 3 0x80007854 (0xff464683) x13 0x00000000 mem 0x8001a773
core   0: 0x80007858 (0x03b61083) lh      ra, 59(a2)
core   0: 3 0x80007858 (0x03b61083) x1  0x00000000 mem 0x8001a7ba
core   0: 0x8000785c (0x00009717) auipc   a4, 0x9
core   0: 3 0x8000785c (0x00009717) x14 0x8001085c
core   0: 0x80007860 (0xa7f70713) addi    a4, a4, -1409
core   0: 3 0x80007860 (0xa7f70713) x14 0x800102db
core   0: 0x80007864 (0x05570483) lb      s1, 85(a4)
core   0: 3 0x80007864 (0x05570483) x9  0x00000000 mem 0x80010330
core   0: 0x80007868 (0x02cc77b3) remu    a5, s8, a2
core   0: 3 0x80007868 (0x02cc77b3) x15 0x00000000
core   0: 0x8000786c (0x07a70c03) lb      s8, 122(a4)
core   0: 3 0x8000786c (0x07a70c03) x24 0x00000000 mem 0x80010355
core   0: 0x80007870 (0x08d712a3) sh      a3, 133(a4)
core   0: 3 0x80007870 (0x08d712a3) mem 0x80010360 0x0000
core   0: 0x80007874 (0xf8074683) lbu     a3, -128(a4)
core   0: 3 0x80007874 (0xf8074683) x13 0x00000000 mem 0x8001025b
core   0: 0x80007878 (0xf6674d83) lbu     s11, -154(a4)
core   0: 3 0x80007878 (0xf6674d83) x27 0x00000000 mem 0x80010241
core   0: 0x8000787c (0x08d70c03) lb      s8, 141(a4)
core   0: 3 0x8000787c (0x08d70c03) x24 0x00000000 mem 0x80010368
core   0: 0x80007880 (0xfab74d83) lbu     s11, -85(a4)
core   0: 3 0x80007880 (0xfab74d83) x27 0x00000000 mem 0x80010286
core   0: 0x80007884 (0x01670783) lb      a5, 22(a4)
core   0: 3 0x80007884 (0x01670783) x15 0x00000000 mem 0x800102f1
core   0: 0x80007888 (0x00f62c33) slt     s8, a2, a5
core   0: 3 0x80007888 (0x00f62c33) x24 0x00000001
core   0: 0x8000788c (0x0fc74c03) lbu     s8, 252(a4)
core   0: 3 0x8000788c (0x0fc74c03) x24 0x00000000 mem 0x800103d7
core   0: 0x80007890 (0x0187edb3) or      s11, a5, s8
core   0: 3 0x80007890 (0x0187edb3) x27 0x00000000
core   0: 0x80007894 (0x08971ca3) sh      s1, 153(a4)
core   0: 3 0x80007894 (0x08971ca3) mem 0x80010374 0x0000
core   0: 0x80007898 (0x0d670783) lb      a5, 214(a4)
core   0: 3 0x80007898 (0x0d670783) x15 0x00000000 mem 0x800103b1
core   0: 0x8000789c (0x06b71c03) lh      s8, 107(a4)
core   0: 3 0x8000789c (0x06b71c03) x24 0x00000000 mem 0x80010346
core   0: 0x800078a0 (0x03bdb4b3) mulhu   s1, s11, s11
core   0: 3 0x800078a0 (0x03bdb4b3) x9  0x00000000
core   0: 0x800078a4 (0xf5274683) lbu     a3, -174(a4)
core   0: 3 0x800078a4 (0xf5274683) x13 0x00000000 mem 0x8001022d
core   0: 0x800078a8 (0x7abdfd93) andi    s11, s11, 1963
core   0: 3 0x800078a8 (0x7abdfd93) x27 0x00000000
core   0: 0x800078ac (0xf9b70ba3) sb      s11, -105(a4)
core   0: 3 0x800078ac (0xf9b70ba3) mem 0x80010272 0x00
core   0: 0x800078b0 (0x02474783) lbu     a5, 36(a4)
core   0: 3 0x800078b0 (0x02474783) x15 0x00000000 mem 0x800102ff
core   0: 0x800078b4 (0x02d656b3) divu    a3, a2, a3
core   0: 3 0x800078b4 (0x02d656b3) x13 0xffffffff
core   0: 0x800078b8 (0xf8c71da3) sh      a2, -101(a4)
core   0: 3 0x800078b8 (0xf8c71da3) mem 0x80010276 0xa77f
core   0: 0x800078bc (0xf9f75d83) lhu     s11, -97(a4)
core   0: 3 0x800078bc (0xf9f75d83) x27 0x00000000 mem 0x8001027a
core   0: 0x800078c0 (0x0c074783) lbu     a5, 192(a4)
core   0: 3 0x800078c0 (0x0c074783) x15 0x00000000 mem 0x8001039b
core   0: 0x800078c4 (0x04c704a3) sb      a2, 73(a4)
core   0: 3 0x800078c4 (0x04c704a3) mem 0x80010324 0x7f
core   0: 0x800078c8 (0x00006689) c.lui   a3, 0x2
core   0: 3 0x800078c8 (0x6689) x13 0x00002000
core   0: 0x800078ca (0x0d870fa3) sb      s8, 223(a4)
core   0: 3 0x800078ca (0x0d870fa3) mem 0x800103ba 0x00
core   0: 0x800078ce (0x00d61db3) sll     s11, a2, a3
core   0: 3 0x800078ce (0x00d61db3) x27 0x8001a77f
core   0: 0x800078d2 (0x0c074d83) lbu     s11, 192(a4)
core   0: 3 0x800078d2 (0x0c074d83) x27 0x00000000 mem 0x8001039b
core   0: 0x800078d6 (0x00070683) lb      a3, 0(a4)
core   0: 3 0x800078d6 (0x00070683) x13 0x00000000 mem 0x800102db
core   0: 0x800078da (0x09b715a3) sh      s11, 139(a4)
core   0: 3 0x800078da (0x09b715a3) mem 0x80010366 0x0000
core   0: 0x800078de (0x000087a1) c.srai  a5, 8
core   0: 3 0x800078de (0x87a1) x15 0x00000000
core   0: 0x800078e0 (0x05b70823) sb      s11, 80(a4)
core   0: 3 0x800078e0 (0x05b70823) mem 0x8001032b 0x00
core   0: 0x800078e4 (0xf9070603) lb      a2, -112(a4)
core   0: 3 0x800078e4 (0xf9070603) x12 0x00000000 mem 0x8001026b
core   0: 0x800078e8 (0xf9e70c03) lb      s8, -98(a4)
core   0: 3 0x800078e8 (0xf9e70c03) x24 0x00000000 mem 0x80010279
core   0: 0x800078ec (0x04f712a3) sh      a5, 69(a4)
core   0: 3 0x800078ec (0x04f712a3) mem 0x80010320 0x0000
core   0: 0x800078f0 (0x0ec70623) sb      a2, 236(a4)
core   0: 3 0x800078f0 (0x0ec70623) mem 0x800103c7 0x00
core   0: 0x800078f4 (0x03b6e633) rem     a2, a3, s11
core   0: 3 0x800078f4 (0x03b6e633) x12 0x00000000
core   0: 0x800078f8 (0x0af70e23) sb      a5, 188(a4)
core   0: 3 0x800078f8 (0x0af70e23) mem 0x80010397 0x00
core   0: 0x800078fc (0x00009117) auipc   sp, 0x9
core   0: 3 0x800078fc (0x00009117) x2  0x800108fc
core   0: 0x80007900 (0xf3f10113) addi    sp, sp, -193
core   0: 3 0x80007900 (0xf3f10113) x2  0x8001083b
core   0: 0x80007904 (0x00d9c733) xor     a4, s3, a3
core   0: 3 0x80007904 (0x00d9c733) x14 0x00000000
core   0: 0x80007908 (0xfdb11c83) lh      s9, -37(sp)
core   0: 3 0x80007908 (0xfdb11c83) x25 0x00000000 mem 0x80010816
core   0: 0x8000790c (0xfd211da3) sh      s2, -37(sp)
core   0: 3 0x8000790c (0xfd211da3) mem 0x80010816 0xffff
core   0: 0x80007910 (0x01dc1b93) slli    s7, s8, 29
core   0: 3 0x80007910 (0x01dc1b93) x23 0x00000000
core   0: 0x80007914 (0x0000984e) c.add   a6, s3
core   0: 3 0x80007914 (0x984e) x16 0x00000000
core   0: 0x80007916 (0xfca11da3) sh      a0, -37(sp)
core   0: 3 0x80007916 (0xfca11da3) mem 0x80010816 0x0000
core   0: 0x8000791a (0x02cbd2b3) divu    t0, s7, a2
core   0: 3 0x8000791a (0x02cbd2b3) x5  0xffffffff
core   0: 0x8000791e (0xfc210da3) sb      sp, -37(sp)
core   0: 3 0x8000791e (0xfc210da3) mem 0x80010816 0x3b
core   0: 0x80007922 (0xfc411da3) sh      tp, -37(sp)
core   0: 3 0x80007922 (0xfc411da3) mem 0x80010816 0x0000
core   0: 0x80007926 (0xfd311da3) sh      s3, -37(sp)
core   0: 3 0x80007926 (0xfd311da3) mem 0x80010816 0x0000
core   0: 0x8000792a (0xfdb14403) lbu     s0, -37(sp)
core   0: 3 0x8000792a (0xfdb14403) x8  0x00000000 mem 0x80010816
core   0: 0x8000792e (0xfdb15083) lhu     ra, -37(sp)
core   0: 3 0x8000792e (0xfdb15083) x1  0x00000000 mem 0x80010816
core   0: 0x80007932 (0xfd010da3) sb      a6, -37(sp)
core   0: 3 0x80007932 (0xfd010da3) mem 0x80010816 0x00
core   0: 0x80007936 (0xfc714c83) lbu     s9, -57(sp)
core   0: 3 0x80007936 (0xfc714c83) x25 0x00000000 mem 0x80010802
core   0: 0x8000793a (0x01c14083) lbu     ra, 28(sp)
core   0: 3 0x8000793a (0x01c14083) x1  0x00000000 mem 0x80010857
core   0: 0x8000793e (0x01c10083) lb      ra, 28(sp)
core   0: 3 0x8000793e (0x01c10083) x1  0x00000000 mem 0x80010857
core   0: 0x80007942 (0x0000840a) c.mv    s0, sp
core   0: 3 0x80007942 (0x840a) x8  0x8001083b
core   0: 0x80007944 (0x01cffdb3) and     s11, t6, t3
core   0: 3 0x80007944 (0x01cffdb3) x27 0x00000000
core   0: 0x80007948 (0x01c14d83) lbu     s11, 28(sp)
core   0: 3 0x80007948 (0x01c14d83) x27 0x00000000 mem 0x80010857
core   0: 0x8000794c (0x00910e23) sb      s1, 28(sp)
core   0: 3 0x8000794c (0x00910e23) mem 0x80010857 0x00
core   0: 0x80007950 (0x00910e23) sb      s1, 28(sp)
core   0: 3 0x80007950 (0x00910e23) mem 0x80010857 0x00
core   0: 0x80007954 (0x418f5993) srai    s3, t5, 24
core   0: 3 0x80007954 (0x418f5993) x19 0xffffff80
core   0: 0x80007958 (0x01c10583) lb      a1, 28(sp)
core   0: 3 0x80007958 (0x01c10583) x11 0x00000000 mem 0x80010857
core   0: 0x8000795c (0x01210e23) sb      s2, 28(sp)
core   0: 3 0x8000795c (0x01210e23) mem 0x80010857 0xff
core   0: 0x80007960 (0x01c14d83) lbu     s11, 28(sp)
core   0: 3 0x80007960 (0x01c14d83) x27 0x000000ff mem 0x80010857
core   0: 0x80007964 (0x01710e23) sb      s7, 28(sp)
core   0: 3 0x80007964 (0x01710e23) mem 0x80010857 0x00
core   0: 0x80007968 (0x01c10a03) lb      s4, 28(sp)
core   0: 3 0x80007968 (0x01c10a03) x20 0x00000000 mem 0x80010857
core   0: 0x8000796c (0x00009117) auipc   sp, 0x9
core   0: 3 0x8000796c (0x00009117) x2  0x8001096c
core   0: 0x80007970 (0x2b310113) addi    sp, sp, 691
core   0: 3 0x80007970 (0x2b310113) x2  0x80010c1f
core   0: 0x80007974 (0x40005733) sra     a4, zero, zero
core   0: 3 0x80007974 (0x40005733) x14 0x00000000
core   0: 0x80007978 (0x09d12383) lw      t2, 157(sp)
core   0: 3 0x80007978 (0x09d12383) x7  0x00000000 mem 0x80010cbc
core   0: 0x8000797c (0x00008ded) c.and   a1, a1
core   0: 3 0x8000797c (0x8ded) x11 0x00000000
core   0: 0x8000797e (0x000080fd) c.srli  s1, 31
core   0: 3 0x8000797e (0x80fd) x9  0x00000000
core   0: 0x80007980 (0x003054b3) srl     s1, zero, gp
core   0: 3 0x80007980 (0x003054b3) x9  0x00000000
core   0: 0x80007984 (0x40e1d713) srai    a4, gp, 14
core   0: 3 0x80007984 (0x40e1d713) x14 0xfffefd08
core   0: 0x80007988 (0x0234b033) mulhu   zero, s1, gp
core   0: 3 0x80007988 (0x0234b033)
core   0: 0x8000798c (0x524663b7) lui     t2, 0x52466
core   0: 3 0x8000798c (0x524663b7) x7  0x52466000
core   0: 0x80007990 (0xf6f14183) lbu     gp, -145(sp)
core   0: 3 0x80007990 (0xf6f14183) x3  0x00000000 mem 0x80010b8e
core   0: 0x80007994 (0x0d414003) lbu     zero, 212(sp)
core   0: 3 0x80007994 (0x0d414003) mem 0x80010cf3
core   0: 0x80007998 (0xf1b14003) lbu     zero, -229(sp)
core   0: 3 0x80007998 (0xf1b14003) mem 0x80010b3a
core   0: 0x8000799c (0x0000659d) c.lui   a1, 0x7
core   0: 3 0x8000799c (0x659d) x11 0x00007000
core   0: 0x8000799e (0xfd111383) lh      t2, -47(sp)
core   0: 3 0x8000799e (0xfd111383) x7  0x00000000 mem 0x80010bf0
core   0: 0x800079a2 (0x000064c1) c.lui   s1, 0x10
core   0: 3 0x800079a2 (0x64c1) x9  0x00010000
core   0: 0x800079a4 (0xde504013) xori    zero, zero, -539
core   0: 3 0x800079a4 (0xde504013)
core   0: 0x800079a8 (0x00701013) slli    zero, zero, 7
core   0: 3 0x800079a8 (0x00701013)
core   0: 0x800079ac (0x00008ced) c.and   s1, a1
core   0: 3 0x800079ac (0x8ced) x9  0x00000000
core   0: 0x800079ae (0x040111a3) sh      zero, 67(sp)
core   0: 3 0x800079ae (0x040111a3) mem 0x80010c62 0x0000
core   0: 0x800079b2 (0x4927d3b7) lui     t2, 0x4927d
core   0: 3 0x800079b2 (0x4927d3b7) x7  0x4927d000
core   0: 0x800079b6 (0xfe711da3) sh      t2, -5(sp)
core   0: 3 0x800079b6 (0xfe711da3) mem 0x80010c1a 0xd000
core   0: 0x800079ba (0x00902733) slt     a4, zero, s1
core   0: 3 0x800079ba (0x00902733) x14 0x00000000
core   0: 0x800079be (0x02974033) div     zero, a4, s1
core   0: 3 0x800079be (0x02974033)
core   0: 0x800079c2 (0x000085ae) c.mv    a1, a1
core   0: 3 0x800079c2 (0x85ae) x11 0x00007000
core   0: 0x800079c4 (0xf6f11583) lh      a1, -145(sp)
core   0: 3 0x800079c4 (0xf6f11583) x11 0x00000000 mem 0x80010b8e
core   0: 0x800079c8 (0x05d14383) lbu     t2, 93(sp)
core   0: 3 0x800079c8 (0x05d14383) x7  0x00000071 mem 0x80010c7c
core   0: 0x800079cc (0x0ef14703) lbu     a4, 239(sp)
core   0: 3 0x800079cc (0x0ef14703) x14 0x00000000 mem 0x80010d0e
core   0: 0x800079d0 (0x0cd10583) lb      a1, 205(sp)
core   0: 3 0x800079d0 (0x0cd10583) x11 0x00000000 mem 0x80010cec
core   0: 0x800079d4 (0xad61e593) ori     a1, gp, -1322
core   0: 3 0x800079d4 (0xad61e593) x11 0xfffffad6
core   0: 0x800079d8 (0x000393b3) sll     t2, t2, zero
core   0: 3 0x800079d8 (0x000393b3) x7  0x00000071
core   0: 0x800079dc (0x00008f4d) c.or    a4, a1
core   0: 3 0x800079dc (0x8f4d) x14 0xfffffad6
core   0: 0x800079de (0x00000001) c.nop
core   0: 3 0x800079de (0x0001)
core   0: 0x800079e0 (0x000084b9) c.srai  s1, 14
core   0: 3 0x800079e0 (0x84b9) x9  0x00000000
core   0: 0x800079e2 (0xf5715383) lhu     t2, -169(sp)
core   0: 3 0x800079e2 (0xf5715383) x7  0x00000000 mem 0x80010b76
core   0: 0x800079e6 (0x009753b3) srl     t2, a4, s1
core   0: 3 0x800079e6 (0x009753b3) x7  0xfffffad6
core   0: 0x800079ea (0x09512703) lw      a4, 149(sp)
core   0: 3 0x800079ea (0x09512703) x14 0x00000000 mem 0x80010cb4
core   0: 0x800079ee (0x00a000ef) jal     pc + 0xa
core   0: 3 0x800079ee (0x00a000ef) x1  0x800079f2
core   0: 0x800079f8 (0x010000ef) jal     pc + 0x10
core   0: 3 0x800079f8 (0x010000ef) x1  0x800079fc
core   0: 0x80007a08 (0x0000bfdd) c.j     pc - 10
core   0: 3 0x80007a08 (0xbfdd)
core   0: 0x800079fe (0x006000ef) jal     pc + 0x6
core   0: 3 0x800079fe (0x006000ef) x1  0x80007a02
core   0: 0x80007a04 (0xfffff16f) jal     sp, pc - 0x2
core   0: 3 0x80007a04 (0xfffff16f) x2  0x80007a08
core   0: 0x80007a02 (0x00003fd5) c.jal   pc - 12
core   0: 3 0x80007a02 (0x3fd5) x1  0x80007a04
core   0: 0x800079f6 (0x0000bff5) c.j     pc - 4
core   0: 3 0x800079f6 (0xbff5)
core   0: 0x800079f2 (0x0180036f) jal     t1, pc + 0x18
core   0: 3 0x800079f2 (0x0180036f) x6  0x800079f6
core   0: 0x80007a0a (0x004000ef) jal     pc + 0x4
core   0: 3 0x80007a0a (0x004000ef) x1  0x80007a0e
core   0: 0x80007a0e (0x004000ef) jal     pc + 0x4
core   0: 3 0x80007a0e (0x004000ef) x1  0x80007a12
core   0: 0x80007a12 (0x000037ed) c.jal   pc - 22
core   0: 3 0x80007a12 (0x37ed) x1  0x80007a14
core   0: 0x800079fc (0x0000a821) c.j     pc + 24
core   0: 3 0x800079fc (0xa821)
core   0: 0x80007a14 (0x018ef233) and     tp, t4, s8
core   0: 3 0x80007a14 (0x018ef233) x4  0x00000000
core   0: 0x80007a18 (0x010000ef) jal     pc + 0x10
core   0: 3 0x80007a18 (0x010000ef) x1  0x80007a1c
core   0: 0x80007a28 (0x01a000ef) jal     pc + 0x1a
core   0: 3 0x80007a28 (0x01a000ef) x1  0x80007a2c
core   0: 0x80007a42 (0xfe5ff0ef) jal     pc - 0x1c
core   0: 3 0x80007a42 (0xfe5ff0ef) x1  0x80007a46
core   0: 0x80007a26 (0x0000a00d) c.j     pc + 34
core   0: 3 0x80007a26 (0xa00d)
core   0: 0x80007a48 (0x00003fcd) c.jal   pc - 14
core   0: 3 0x80007a48 (0x3fcd) x1  0x80007a4a
core   0: 0x80007a3a (0xfebff0ef) jal     pc - 0x16
core   0: 3 0x80007a3a (0xfebff0ef) x1  0x80007a3e
core   0: 0x80007a24 (0x00002829) c.jal   pc + 26
core   0: 3 0x80007a24 (0x2829) x1  0x80007a26
core   0: 0x80007a3e (0xff3ff0ef) jal     pc - 0xe
core   0: 3 0x80007a3e (0xff3ff0ef) x1  0x80007a42
core   0: 0x80007a30 (0x0000281d) c.jal   pc + 54
core   0: 3 0x80007a30 (0x281d) x1  0x80007a32
core   0: 0x80007a66 (0x0000b7ed) c.j     pc - 22
core   0: 3 0x80007a66 (0xb7ed)
core   0: 0x80007a50 (0x00c000ef) jal     pc + 0xc
core   0: 3 0x80007a50 (0x00c000ef) x1  0x80007a54
core   0: 0x80007a5c (0x000037d1) c.jal   pc - 60
core   0: 3 0x80007a5c (0x37d1) x1  0x80007a5e
core   0: 0x80007a20 (0x0000201d) c.jal   pc + 38
core   0: 3 0x80007a20 (0x201d) x1  0x80007a22
core   0: 0x80007a46 (0x00002021) c.jal   pc + 8
core   0: 3 0x80007a46 (0x2021) x1  0x80007a48
core   0: 0x80007a4e (0x000037d5) c.jal   pc - 28
core   0: 3 0x80007a4e (0x37d5) x1  0x80007a50
core   0: 0x80007a32 (0x0000a821) c.j     pc + 24
core   0: 3 0x80007a32 (0xa821)
core   0: 0x80007a4a (0x0000a039) c.j     pc + 14
core   0: 3 0x80007a4a (0xa039)
core   0: 0x80007a58 (0x0000a021) c.j     pc + 8
core   0: 3 0x80007a58 (0xa021)
core   0: 0x80007a60 (0x000037f5) c.jal   pc - 20
core   0: 3 0x80007a60 (0x37f5) x1  0x80007a62
core   0: 0x80007a4c (0x00002819) c.jal   pc + 22
core   0: 3 0x80007a4c (0x2819) x1  0x80007a4e
core   0: 0x80007a62 (0x0000bfcd) c.j     pc - 14
core   0: 3 0x80007a62 (0xbfcd)
core   0: 0x80007a54 (0xfe1ff9ef) jal     s3, pc - 0x20
core   0: 3 0x80007a54 (0xfe1ff9ef) x19 0x80007a58
core   0: 0x80007a34 (0x0000b7e5) c.j     pc - 24
core   0: 3 0x80007a34 (0xb7e5)
core   0: 0x80007a1c (0x0000a009) c.j     pc + 2
core   0: 3 0x80007a1c (0xa009)
core   0: 0x80007a1e (0x0000a099) c.j     pc + 70
core   0: 3 0x80007a1e (0xa099)
core   0: 0x80007a64 (0x0000b7e1) c.j     pc - 56
core   0: 3 0x80007a64 (0xb7e1)
core   0: 0x80007a2c (0x00a000ef) jal     pc + 0xa
core   0: 3 0x80007a2c (0x00a000ef) x1  0x80007a30
core   0: 0x80007a36 (0x0240036f) jal     t1, pc + 0x24
core   0: 3 0x80007a36 (0x0240036f) x6  0x80007a3a
core   0: 0x80007a5a (0x000037e1) c.jal   pc - 56
core   0: 3 0x80007a5a (0x37e1) x1  0x80007a5c
core   0: 0x80007a22 (0x00002835) c.jal   pc + 60
core   0: 3 0x80007a22 (0x2835) x1  0x80007a24
core   0: 0x80007a5e (0x0000a029) c.j     pc + 10
core   0: 3 0x80007a5e (0xa029)
core   0: 0x80007a68 (0x01e60233) add     tp, a2, t5
core   0: 3 0x80007a68 (0x01e60233) x4  0x80029d24
core   0: 0x80007a6c (0x00009597) auipc   a1, 0x9
core   0: 3 0x80007a6c (0x00009597) x11 0x80010a6c
core   0: 0x80007a70 (0xd9d58593) addi    a1, a1, -611
core   0: 3 0x80007a70 (0xd9d58593) x11 0x80010809
core   0: 0x80007a74 (0x00000001) c.nop
core   0: 3 0x80007a74 (0x0001)
core   0: 0x80007a76 (0x00490733) add     a4, s2, tp
core   0: 3 0x80007a76 (0x00490733) x14 0x80029d23
core   0: 0x80007a7a (0x00000001) c.nop
core   0: 3 0x80007a7a (0x0001)
core   0: 0x80007a7c (0xe185a7a3) sw      s8, -497(a1)
core   0: 3 0x80007a7c (0xe185a7a3) mem 0x80010618 0x00000000
core   0: 0x80007a80 (0x000091fe) c.add   gp, t6
core   0: 3 0x80007a80 (0x91fe) x3  0x00000000
core   0: 0x80007a82 (0x00000001) c.nop
core   0: 3 0x80007a82 (0x0001)
core   0: 0x80007a84 (0x01038333) add     t1, t2, a6
core   0: 3 0x80007a84 (0x01038333) x6  0xfffffad6
core   0: 0x80007a88 (0x0012ddb3) srl     s11, t0, ra
core   0: 3 0x80007a88 (0x0012ddb3) x27 0x0fffffff
core   0: 0x80007a8c (0x000093ba) c.add   t2, a4
core   0: 3 0x80007a8c (0x93ba) x7  0x800297f9
core   0: 0x80007a8e (0x022a6333) rem     t1, s4, sp
core   0: 3 0x80007a8e (0x022a6333) x6  0x00000000
core   0: 0x80007a92 (0x02a0d933) divu    s2, ra, a0
core   0: 3 0x80007a92 (0x02a0d933) x18 0xffffffff
core   0: 0x80007a96 (0x7765a1a3) sw      s6, 1891(a1)
core   0: 3 0x80007a96 (0x7765a1a3) mem 0x80010f6c 0x00000000
core   0: 0x80007a9a (0x7925ce03) lbu     t3, 1938(a1)
core   0: 3 0x80007a9a (0x7925ce03) x28 0x00000000 mem 0x80010f9b
core   0: 0x80007a9e (0xc19f2113) slti    sp, t5, -999
core   0: 3 0x80007a9e (0xc19f2113) x2  0x00000001
core   0: 0x80007aa2 (0x000083f9) c.srli  a5, 30
core   0: 3 0x80007aa2 (0x83f9) x15 0x00000000
core   0: 0x80007aa4 (0x96a58223) sb      a0, -1692(a1)
core   0: 3 0x80007aa4 (0x96a58223) mem 0x8001016d 0x00
core   0: 0x80007aa8 (0x00807133) and     sp, zero, s0
core   0: 3 0x80007aa8 (0x00807133) x2  0x00000000
core   0: 0x80007aac (0xa465c483) lbu     s1, -1466(a1)
core   0: 3 0x80007aac (0xa465c483) x9  0x00000000 mem 0x8001024f
core   0: 0x80007ab0 (0x62a58a23) sb      a0, 1588(a1)
core   0: 3 0x80007ab0 (0x62a58a23) mem 0x80010e3d 0x00
core   0: 0x80007ab4 (0x1eb5d403) lhu     s0, 491(a1)
core   0: 3 0x80007ab4 (0x1eb5d403) x8  0x00000000 mem 0x800109f4
core   0: 0x80007ab8 (0x1608f613) andi    a2, a7, 352
core   0: 3 0x80007ab8 (0x1608f613) x12 0x00000000
core   0: 0x80007abc (0xba058d83) lb      s11, -1120(a1)
core   0: 3 0x80007abc (0xba058d83) x27 0x00000000 mem 0x800103a9
core   0: 0x80007ac0 (0x55558e23) sb      s5, 1372(a1)
core   0: 3 0x80007ac0 (0x55558e23) mem 0x80010d65 0x08
core   0: 0x80007ac4 (0xf5658b03) lb      s6, -170(a1)
core   0: 3 0x80007ac4 (0xf5658b03) x22 0x00000000 mem 0x8001075f
core   0: 0x80007ac8 (0x00006989) c.lui   s3, 0x2
core   0: 3 0x80007ac8 (0x6989) x19 0x00002000
core   0: 0x80007aca (0x48959b03) lh      s6, 1161(a1)
core   0: 3 0x80007aca (0x48959b03) x22 0x00000000 mem 0x80010c92
core   0: 0x80007ace (0xb895cd83) lbu     s11, -1143(a1)
core   0: 3 0x80007ace (0xb895cd83) x27 0x00000000 mem 0x80010392
core   0: 0x80007ad2 (0x00013117) auipc   sp, 0x13
core   0: 3 0x80007ad2 (0x00013117) x2  0x8001aad2
core   0: 0x80007ad6 (0xf2d10113) addi    sp, sp, -211
core   0: 3 0x80007ad6 (0xf2d10113) x2  0x8001a9ff
core   0: 0x80007ada (0x7ff0c693) xori    a3, ra, 2047
core   0: 3 0x80007ada (0x7ff0c693) x13 0x80007ddb
core   0: 0x80007ade (0xf9275c37) lui     s8, 0xf9275
core   0: 3 0x80007ade (0xf9275c37) x24 0xf9275000
core   0: 0x80007ae2 (0x00a6f433) and     s0, a3, a0
core   0: 3 0x80007ae2 (0x00a6f433) x8  0x00000000
core   0: 0x80007ae6 (0x032a3933) mulhu   s2, s4, s2
core   0: 3 0x80007ae6 (0x032a3933) x18 0x00000000
core   0: 0x80007aea (0x00006c8d) c.lui   s9, 0x3
core   0: 3 0x80007aea (0x6c8d) x25 0x00003000
core   0: 0x80007aec (0x00008d2d) c.xor   a0, a1
core   0: 3 0x80007aec (0x8d2d) x10 0x80010809
core   0: 0x80007aee (0x0b010c23) sb      a6, 184(sp)
core   0: 3 0x80007aee (0x0b010c23) mem 0x8001aab7 0x00
core   0: 0x80007af2 (0x01f3ee33) or      t3, t2, t6
core   0: 3 0x80007af2 (0x01f3ee33) x28 0x800297f9
core   0: 0x80007af6 (0x00008fcd) c.or    a5, a1
core   0: 3 0x80007af6 (0x8fcd) x15 0x80010809
core   0: 0x80007af8 (0x00008baa) c.mv    s7, a0
core   0: 3 0x80007af8 (0x8baa) x23 0x80010809
core   0: 0x80007afa (0xfcc14003) lbu     zero, -52(sp)
core   0: 3 0x80007afa (0xfcc14003) mem 0x8001a9cb
core   0: 0x80007afe (0x01efafb3) slt     t6, t6, t5
core   0: 3 0x80007afe (0x01efafb3) x31 0x00000000
core   0: 0x80007b02 (0x0bf15c83) lhu     s9, 191(sp)
core   0: 3 0x80007b02 (0x0bf15c83) x25 0x00000000 mem 0x8001aabe
core   0: 0x80007b06 (0xf1810b03) lb      s6, -232(sp)
core   0: 3 0x80007b06 (0xf1810b03) x22 0x00000000 mem 0x8001a917
core   0: 0x80007b0a (0x00008de9) c.and   a1, a0
core   0: 3 0x80007b0a (0x8de9) x11 0x80010809
core   0: 0x80007b0c (0x0099d293) srli    t0, s3, 9
core   0: 3 0x80007b0c (0x0099d293) x5  0x00000010
core   0: 0x80007b10 (0xf3810d03) lb      s10, -200(sp)
core   0: 3 0x80007b10 (0xf3810d03) x26 0x00000000 mem 0x8001a937
core   0: 0x80007b14 (0x3a7e6417) auipc   s0, 0x3a7e6
core   0: 3 0x80007b14 (0x3a7e6417) x8  0xba7edb14
core   0: 0x80007b18 (0x003ea333) slt     t1, t4, gp
core   0: 3 0x80007b18 (0x003ea333) x6  0x00000001
core   0: 0x80007b1c (0x00febfb3) sltu    t6, t4, a5
core   0: 3 0x80007b1c (0x00febfb3) x31 0x00000000
core   0: 0x80007b20 (0x09c10f23) sb      t3, 158(sp)
core   0: 3 0x80007b20 (0x09c10f23) mem 0x8001aa9d 0xf9
core   0: 0x80007b24 (0x00008df1) c.and   a1, a2
core   0: 3 0x80007b24 (0x8df1) x11 0x00000000
core   0: 0x80007b26 (0x401bddb3) sra     s11, s7, ra
core   0: 3 0x80007b26 (0x401bddb3) x27 0xf8001080
core   0: 0x80007b2a (0x09c14303) lbu     t1, 156(sp)
core   0: 3 0x80007b2a (0x09c14303) x6  0x00000000 mem 0x8001aa9b
core   0: 0x80007b2e (0x01410183) lb      gp, 20(sp)
core   0: 3 0x80007b2e (0x01410183) x3  0x00000000 mem 0x8001aa13
core   0: 0x80007b32 (0xf0610c03) lb      s8, -250(sp)
core   0: 3 0x80007b32 (0xf0610c03) x24 0x00000000 mem 0x8001a905
core   0: 0x80007b36 (0x00008f59) c.or    a4, a4
core   0: 3 0x80007b36 (0x8f59) x14 0x80029d23
core   0: 0x80007b38 (0x03cbf6b3) remu    a3, s7, t3
core   0: 3 0x80007b38 (0x03cbf6b3) x13 0x80010809
core   0: 0x80007b3c (0xf0214e03) lbu     t3, -254(sp)
core   0: 3 0x80007b3c (0xf0214e03) x28 0x00000000 mem 0x8001a901
core   0: 0x80007b40 (0x00008dc5) c.or    a1, s1
core   0: 3 0x80007b40 (0x8dc5) x11 0x00000000
core   0: 0x80007b42 (0xf3e10323) sb      t5, -218(sp)
core   0: 3 0x80007b42 (0xf3e10323) mem 0x8001a925 0x24
core   0: 0x80007b46 (0x40915413) srai    s0, sp, 9
core   0: 3 0x80007b46 (0x40915413) x8  0xffc000d4
core   0: 0x80007b4a (0xad43d717) auipc   a4, 0xad43d
core   0: 3 0x80007b4a (0xad43d717) x14 0x2d444b4a
core   0: 0x80007b4e (0x03cc2333) mulhsu  t1, s8, t3
core   0: 3 0x80007b4e (0x03cc2333) x6  0x00000000
core   0: 0x80007b52 (0xf5363b13) sltiu   s6, a2, -173
core   0: 3 0x80007b52 (0xf5363b13) x22 0x00000001
core   0: 0x80007b56 (0x003eafb3) slt     t6, t4, gp
core   0: 3 0x80007b56 (0x003eafb3) x31 0x00000001
core   0: 0x80007b5a (0x00000001) c.nop
core   0: 3 0x80007b5a (0x0001)
core   0: 0x80007b5c (0x00008b85) c.andi  a5, 1
core   0: 3 0x80007b5c (0x8b85) x15 0x00000001
core   0: 0x80007b5e (0xfb014603) lbu     a2, -80(sp)
core   0: 3 0x80007b5e (0xfb014603) x12 0x00000000 mem 0x8001a9af
core   0: 0x80007b62 (0xf35104a3) sb      s5, -215(sp)
core   0: 3 0x80007b62 (0xf35104a3) mem 0x8001a928 0x08
core   0: 0x80007b66 (0x00013117) auipc   sp, 0x13
core   0: 3 0x80007b66 (0x00013117) x2  0x8001ab66
core   0: 0x80007b6a (0x62610113) addi    sp, sp, 1574
core   0: 3 0x80007b6a (0x62610113) x2  0x8001b18c
core   0: 0x80007b6e (0x01cd5e33) srl     t3, s10, t3
core   0: 3 0x80007b6e (0x01cd5e33) x28 0x00000000
core   0: 0x80007b72 (0x03c0ae33) mulhsu  t3, ra, t3
core   0: 3 0x80007b72 (0x03c0ae33) x28 0x00000000
core   0: 0x80007b76 (0xfdb10c03) lb      s8, -37(sp)
core   0: 3 0x80007b76 (0xfdb10c03) x24 0x00000000 mem 0x8001b167
core   0: 0x80007b7a (0x00008c85) c.sub   s1, s1
core   0: 3 0x80007b7a (0x8c85) x9  0x00000000
core   0: 0x80007b7c (0x00008c1d) c.sub   s0, a5
core   0: 3 0x80007b7c (0x8c1d) x8  0xffc000d3
core   0: 0x80007b7e (0x7ebb0a13) addi    s4, s6, 2027
core   0: 3 0x80007b7e (0x7ebb0a13) x20 0x000007ec
core   0: 0x80007b82 (0x00000001) c.nop
core   0: 3 0x80007b82 (0x0001)
core   0: 0x80007b84 (0x03d103a3) sb      t4, 39(sp)
core   0: 3 0x80007b84 (0x03d103a3) mem 0x8001b1b3 0x28
core   0: 0x80007b88 (0x01f30b33) add     s6, t1, t6
core   0: 3 0x80007b88 (0x01f30b33) x22 0x00000001
core   0: 0x80007b8c (0x000003ad) c.addi  t2, 11
core   0: 3 0x80007b8c (0x03ad) x7  0x80029804
core   0: 0x80007b8e (0xff812b03) lw      s6, -8(sp)
core   0: 3 0x80007b8e (0xff812b03) x22 0x00000000 mem 0x8001b184
core   0: 0x80007b92 (0x00008515) c.srai  a0, 5
core   0: 3 0x80007b92 (0x8515) x10 0xfc000840
core   0: 0x80007b94 (0xffd14f83) lbu     t6, -3(sp)
core   0: 3 0x80007b94 (0xffd14f83) x31 0x00000000 mem 0x8001b189
core   0: 0x80007b98 (0x01f35413) srli    s0, t1, 31
core   0: 3 0x80007b98 (0x01f35413) x8  0x00000000
core   0: 0x80007b9c (0xfda11123) sh      s10, -62(sp)
core   0: 3 0x80007b9c (0xfda11123) mem 0x8001b14e 0x0000
core   0: 0x80007ba0 (0xfd110f23) sb      a7, -34(sp)
core   0: 3 0x80007ba0 (0xfd110f23) mem 0x8001b16a 0x00
core   0: 0x80007ba4 (0x035b8633) mul     a2, s7, s5
core   0: 3 0x80007ba4 (0x035b8633) x12 0x00084048
core   0: 0x80007ba8 (0xfe211203) lh      tp, -30(sp)
core   0: 3 0x80007ba8 (0xfe211203) x4  0x00000000 mem 0x8001b16e
core   0: 0x80007bac (0xfd812483) lw      s1, -40(sp)
core   0: 3 0x80007bac (0xfd812483) x9  0x00000000 mem 0x8001b164
core   0: 0x80007bb0 (0x00009dde) c.add   s11, s7
core   0: 3 0x80007bb0 (0x9dde) x27 0x78011889
core   0: 0x80007bb2 (0x401d0b33) sub     s6, s10, ra
core   0: 3 0x80007bb2 (0x401d0b33) x22 0x7fff85dc
core   0: 0x80007bb6 (0x0000066e) c.slli  a2, 27
core   0: 3 0x80007bb6 (0x066e) x12 0x40000000
core   0: 0x80007bb8 (0xa612cb93) xori    s7, t0, -1439
core   0: 3 0x80007bb8 (0xa612cb93) x23 0xfffffa71
core   0: 0x80007bbc (0xfcd10283) lb      t0, -51(sp)
core   0: 3 0x80007bbc (0xfcd10283) x5  0x00000000 mem 0x8001b159
core   0: 0x80007bc0 (0x039b3cb3) mulhu   s9, s6, s9
core   0: 3 0x80007bc0 (0x039b3cb3) x25 0x00000000
core   0: 0x80007bc4 (0xfe514f83) lbu     t6, -27(sp)
core   0: 3 0x80007bc4 (0xfe514f83) x31 0x00000000 mem 0x8001b171
core   0: 0x80007bc8 (0x0000c717) auipc   a4, 0xc
core   0: 3 0x80007bc8 (0x0000c717) x14 0x80013bc8
core   0: 0x80007bcc (0x3f170713) addi    a4, a4, 1009
core   0: 3 0x80007bcc (0x3f170713) x14 0x80013fb9
core   0: 0x80007bd0 (0xf5882017) auipc   zero, 0xf5882
core   0: 3 0x80007bd0 (0xf5882017)
core   0: 0x80007bd4 (0x026a1e33) mulh    t3, s4, t1
core   0: 3 0x80007bd4 (0x026a1e33) x28 0x00000000
core   0: 0x80007bd8 (0x031807b3) mul     a5, a6, a7
core   0: 3 0x80007bd8 (0x031807b3) x15 0x00000000
core   0: 0x80007bdc (0x016700a3) sb      s6, 1(a4)
core   0: 3 0x80007bdc (0x016700a3) mem 0x80013fba 0xdc
core   0: 0x80007be0 (0x01a9f333) and     t1, s3, s10
core   0: 3 0x80007be0 (0x01a9f333) x6  0x00000000
core   0: 0x80007be4 (0x00670883) lb      a7, 6(a4)
core   0: 3 0x80007be4 (0x00670883) x17 0x00000000 mem 0x80013fbf
core   0: 0x80007be8 (0x00c53b33) sltu    s6, a0, a2
core   0: 3 0x80007be8 (0x00c53b33) x22 0x00000000
core   0: 0x80007bec (0x009711a3) sh      s1, 3(a4)
core   0: 3 0x80007bec (0x009711a3) mem 0x80013fbc 0x0000
core   0: 0x80007bf0 (0x02c6cfb3) div     t6, a3, a2
core   0: 3 0x80007bf0 (0x02c6cfb3) x31 0xffffffff
core   0: 0x80007bf4 (0x00170203) lb      tp, 1(a4)
core   0: 3 0x80007bf4 (0x00170203) x4  0xffffffdc mem 0x80013fba
core   0: 0x80007bf8 (0x168ab613) sltiu   a2, s5, 360
core   0: 3 0x80007bf8 (0x168ab613) x12 0x00000001
core   0: 0x80007bfc (0x02ac4c33) div     s8, s8, a0
core   0: 3 0x80007bfc (0x02ac4c33) x24 0x00000000
core   0: 0x80007c00 (0xffb75c03) lhu     s8, -5(a4)
core   0: 3 0x80007c00 (0xffb75c03) x24 0x00000000 mem 0x80013fb4
core   0: 0x80007c04 (0x000009ba) c.slli  s3, 14
core   0: 3 0x80007c04 (0x09ba) x19 0x08000000
core   0: 0x80007c06 (0x093d6213) ori     tp, s10, 147
core   0: 3 0x80007c06 (0x093d6213) x4  0x00000093
core   0: 0x80007c0a (0xffc70103) lb      sp, -4(a4)
core   0: 3 0x80007c0a (0xffc70103) x2  0x00000000 mem 0x80013fb5
core   0: 0x80007c0e (0x00474103) lbu     sp, 4(a4)
core   0: 3 0x80007c0e (0x00474103) x2  0x00000000 mem 0x80013fbd
core   0: 0x80007c12 (0x00374183) lbu     gp, 3(a4)
core   0: 3 0x80007c12 (0x00374183) x3  0x00000000 mem 0x80013fbc
core   0: 0x80007c16 (0x00770523) sb      t2, 10(a4)
core   0: 3 0x80007c16 (0x00770523) mem 0x80013fc3 0x04
core   0: 0x80007c1a (0x00008be5) c.andi  a5, 25
core   0: 3 0x80007c1a (0x8be5) x15 0x00000000
core   0: 0x80007c1c (0xff974003) lbu     zero, -7(a4)
core   0: 3 0x80007c1c (0xff974003) mem 0x80013fb2
core   0: 0x80007c20 (0x02a6e333) rem     t1, a3, a0
core   0: 3 0x80007c20 (0x02a6e333) x6  0xfc000849
core   0: 0x80007c24 (0x00e70b83) lb      s7, 14(a4)
core   0: 3 0x80007c24 (0x00e70b83) x23 0x00000000 mem 0x80013fc7
core   0: 0x80007c28 (0x00175203) lhu     tp, 1(a4)
core   0: 3 0x80007c28 (0x00175203) x4  0x000000dc mem 0x80013fba
core   0: 0x80007c2c (0xff971d83) lh      s11, -7(a4)
core   0: 3 0x80007c2c (0xff971d83) x27 0x00000000 mem 0x80013fb2
core   0: 0x80007c30 (0xff575003) lhu     zero, -11(a4)
core   0: 3 0x80007c30 (0xff575003) mem 0x80013fae
core   0: 0x80007c34 (0x00e74d03) lbu     s10, 14(a4)
core   0: 3 0x80007c34 (0x00e74d03) x26 0x00000000 mem 0x80013fc7
core   0: 0x80007c38 (0xfd1b5797) auipc   a5, 0xfd1b5
core   0: 3 0x80007c38 (0xfd1b5797) x15 0x7d1bcc38
core   0: 0x80007c3c (0x00474203) lbu     tp, 4(a4)
core   0: 3 0x80007c3c (0x00474203) x4  0x00000000 mem 0x80013fbd
core   0: 0x80007c40 (0xfff72203) lw      tp, -1(a4)
core   0: 3 0x80007c40 (0xfff72203) x4  0x00dc0000 mem 0x80013fb8
core   0: 0x80007c44 (0x00008c41) c.or    s0, s0
core   0: 3 0x80007c44 (0x8c41) x8  0x00000000
core   0: 0x80007c46 (0x00c70823) sb      a2, 16(a4)
core   0: 3 0x80007c46 (0x00c70823) mem 0x80013fc9 0x01
core   0: 0x80007c4a (0x0142c933) xor     s2, t0, s4
core   0: 3 0x80007c4a (0x0142c933) x18 0x000007ec
core   0: 0x80007c4e (0x00e70903) lb      s2, 14(a4)
core   0: 3 0x80007c4e (0x00e70903) x18 0x00000000 mem 0x80013fc7
core   0: 0x80007c52 (0xff270203) lb      tp, -14(a4)
core   0: 3 0x80007c52 (0xff270203) x4  0x00000000 mem 0x80013fab
core   0: 0x80007c56 (0x000088b5) c.andi  s1, 13
core   0: 3 0x80007c56 (0x88b5) x9  0x00000000
core   0: 0x80007c58 (0x00c74803) lbu     a6, 12(a4)
core   0: 3 0x80007c58 (0x00c74803) x16 0x00000000 mem 0x80013fc5
core   0: 0x80007c5c (0xac2c8213) addi    tp, s9, -1342
core   0: 3 0x80007c5c (0xac2c8213) x4  0xfffffac2
core   0: 0x80007c60 (0xfee70923) sb      a4, -14(a4)
core   0: 3 0x80007c60 (0xfee70923) mem 0x80013fab 0xb9
core   0: 0x80007c64 (0x413dd2b3) sra     t0, s11, s3
core   0: 3 0x80007c64 (0x413dd2b3) x5  0x00000000
core   0: 0x80007c68 (0xff674503) lbu     a0, -10(a4)
core   0: 3 0x80007c68 (0xff674503) x10 0x00000000 mem 0x80013faf
core   0: 0x80007c6c (0x00005b7d) c.li    s6, -1
core   0: 3 0x80007c6c (0x5b7d) x22 0xffffffff
core   0: 0x80007c6e (0x000005fe) c.slli  a1, 31
core   0: 3 0x80007c6e (0x05fe) x11 0x00000000
core   0: 0x80007c70 (0x00008a39) c.andi  a2, 14
core   0: 3 0x80007c70 (0x8a39) x12 0x00000000
core   0: 0x80007c72 (0x00008ac1) c.andi  a3, 16
core   0: 3 0x80007c72 (0x8ac1) x13 0x00000000
core   0: 0x80007c74 (0x020f2bb3) mulhsu  s7, t5, zero
core   0: 3 0x80007c74 (0x020f2bb3) x23 0x00000000
core   0: 0x80007c78 (0x00004d1d) c.li    s10, 7
core   0: 3 0x80007c78 (0x4d1d) x26 0x00000007
core   0: 0x80007c7a (0x4086d293) srai    t0, a3, 8
core   0: 3 0x80007c7a (0x4086d293) x5  0x00000000
core   0: 0x80007c7e (0x02183fb3) mulhu   t6, a6, ra
core   0: 3 0x80007c7e (0x02183fb3) x31 0x00000000
core   0: 0x80007c82 (0x03411bb3) mulh    s7, sp, s4
core   0: 3 0x80007c82 (0x03411bb3) x23 0x00000000
core   0: 0x80007c86 (0x00005e7d) c.li    t3, -1
core   0: 3 0x80007c86 (0x5e7d) x28 0xffffffff
core   0: 0x80007c88 (0x00000b25) c.addi  s6, 9
core   0: 3 0x80007c88 (0x0b25) x22 0x00000008
core   0: 0x80007c8a (0x00008f75) c.and   a4, a3
core   0: 3 0x80007c8a (0x8f75) x14 0x00000000
core   0: 0x80007c8c (0x00004495) c.li    s1, 5
core   0: 3 0x80007c8c (0x4495) x9  0x00000005
core   0: 0x80007c8e (0x01d6c533) xor     a0, a3, t4
core   0: 3 0x80007c8e (0x01d6c533) x10 0x80025e28
core   0: 0x80007c92 (0x00000001) c.nop
core   0: 3 0x80007c92 (0x0001)
core   0: 0x80007c94 (0x0176da13) srli    s4, a3, 23
core   0: 3 0x80007c94 (0x0176da13) x20 0x00000000
core   0: 0x80007c98 (0x00c0a7b3) slt     a5, ra, a2
core   0: 3 0x80007c98 (0x00c0a7b3) x15 0x00000001
core   0: 0x80007c9c (0x7a0c7813) andi    a6, s8, 1952
core   0: 3 0x80007c9c (0x7a0c7813) x16 0x00000000
core   0: 0x80007ca0 (0x0000612d) c.addi16sp sp, 224
core   0: 3 0x80007ca0 (0x612d) x2  0x000000e0
core   0: 0x80007ca2 (0x00000001) c.nop
core   0: 3 0x80007ca2 (0x0001)
core   0: 0x80007ca4 (0x02070133) mul     sp, a4, zero
core   0: 3 0x80007ca4 (0x02070133) x2  0x00000000
core   0: 0x80007ca8 (0x00005a7d) c.li    s4, -1
core   0: 3 0x80007ca8 (0x5a7d) x20 0xffffffff
core   0: 0x80007caa (0x013043b3) xor     t2, zero, s3
core   0: 3 0x80007caa (0x013043b3) x7  0x08000000
core   0: 0x80007cae (0x033e0433) mul     s0, t3, s3
core   0: 3 0x80007cae (0x033e0433) x8  0xf8000000
core   0: 0x80007cb2 (0x000086f2) c.mv    a3, t3
core   0: 3 0x80007cb2 (0x86f2) x13 0xffffffff
core   0: 0x80007cb4 (0x000014ed) c.addi  s1, -5
core   0: 3 0x80007cb4 (0x14ed) x9  0x00000000
core   0: 0x80007cb6 (0x0040f633) and     a2, ra, tp
core   0: 3 0x80007cb6 (0x0040f633) x12 0x80007a00
core   0: 0x80007cba (0xe58a4693) xori    a3, s4, -424
core   0: 3 0x80007cba (0xe58a4693) x13 0x000001a7
core   0: 0x80007cbe (0x011c1e33) sll     t3, s8, a7
core   0: 3 0x80007cbe (0x011c1e33) x28 0x00000000
core   0: 0x80007cc2 (0x03c40233) mul     tp, s0, t3
core   0: 3 0x80007cc2 (0x03c40233) x4  0x00000000
core   0: 0x80007cc6 (0x0000f4f5) c.bnez  s1, pc - 20
core   0: 3 0x80007cc6 (0xf4f5)
core   0: 0x80007cc8 (0x032bc2b3) div     t0, s7, s2
core   0: 3 0x80007cc8 (0x032bc2b3) x5  0xffffffff
core   0: 0x80007ccc (0x01d9c333) xor     t1, s3, t4
core   0: 3 0x80007ccc (0x01d9c333) x6  0x88025e28
core   0: 0x80007cd0 (0xfbab47e3) blt     s6, s10, pc - 82
core   0: 3 0x80007cd0 (0xfbab47e3)
core   0: 0x80007cd4 (0x016b9313) slli    t1, s7, 22
core   0: 3 0x80007cd4 (0x016b9313) x6  0x00000000
core   0: 0x80007cd8 (0x018000ef) jal     pc + 0x18
core   0: 3 0x80007cd8 (0x018000ef) x1  0x80007cdc
core   0: 0x80007cf0 (0xff7ff0ef) jal     pc - 0xa
core   0: 3 0x80007cf0 (0xff7ff0ef) x1  0x80007cf4
core   0: 0x80007ce6 (0x016000ef) jal     pc + 0x16
core   0: 3 0x80007ce6 (0x016000ef) x1  0x80007cea
core   0: 0x80007cfc (0xffbff9ef) jal     s3, pc - 0x6
core   0: 3 0x80007cfc (0xffbff9ef) x19 0x80007d00
core   0: 0x80007cf6 (0x0000bfd5) c.j     pc - 12
core   0: 3 0x80007cf6 (0xbfd5)
core   0: 0x80007cea (0x0000bfdd) c.j     pc - 10
core   0: 3 0x80007cea (0xbfdd)
core   0: 0x80007ce0 (0x0000bff5) c.j     pc - 4
core   0: 3 0x80007ce0 (0xbff5)
core   0: 0x80007cdc (0x018001ef) jal     gp, pc + 0x18
core   0: 3 0x80007cdc (0x018001ef) x3  0x80007ce0
core   0: 0x80007cf4 (0x0000b7fd) c.j     pc - 18
core   0: 3 0x80007cf4 (0xb7fd)
core   0: 0x80007ce2 (0x016000ef) jal     pc + 0x16
core   0: 3 0x80007ce2 (0x016000ef) x1  0x80007ce6
core   0: 0x80007cf8 (0xff7ff76f) jal     a4, pc - 0xa
core   0: 3 0x80007cf8 (0xff7ff76f) x14 0x80007cfc
core   0: 0x80007cee (0x0000bffd) c.j     pc - 2
core   0: 3 0x80007cee (0xbffd)
core   0: 0x80007cec (0x0000a811) c.j     pc + 20
core   0: 3 0x80007cec (0xa811)
core   0: 0x80007d00 (0x00000288) c.addi4spn a0, sp, 320
core   0: 3 0x80007d00 (0x0288) x10 0x00000140
core   0: 0x80007d02 (0x0000c797) auipc   a5, 0xc
core   0: 3 0x80007d02 (0x0000c797) x15 0x80013d02
core   0: 0x80007d06 (0xa0a78793) addi    a5, a5, -1526
core   0: 3 0x80007d06 (0xa0a78793) x15 0x8001370c
core   0: 0x80007d0a (0x01b7c283) lbu     t0, 27(a5)
core   0: 3 0x80007d0a (0x01b7c283) x5  0x00000000 mem 0x80013727
core   0: 0x80007d0e (0x0da79503) lh      a0, 218(a5)
core   0: 3 0x80007d0e (0x0da79503) x10 0x00000000 mem 0x800137e6
core   0: 0x80007d12 (0x0357c083) lbu     ra, 53(a5)
core   0: 3 0x80007d12 (0x0357c083) x1  0x00000000 mem 0x80013741
core   0: 0x80007d16 (0x000085b9) c.srai  a1, 14
core   0: 3 0x80007d16 (0x85b9) x11 0x00000000
core   0: 0x80007d18 (0xf4978503) lb      a0, -183(a5)
core   0: 3 0x80007d18 (0xf4978503) x10 0x00000000 mem 0x80013655
core   0: 0x80007d1c (0xc1557293) andi    t0, a0, -1003
core   0: 3 0x80007d1c (0xc1557293) x5  0x00000000
core   0: 0x80007d20 (0x00655093) srli    ra, a0, 6
core   0: 3 0x80007d20 (0x00655093) x1  0x00000000
core   0: 0x80007d24 (0x000092aa) c.add   t0, a0
core   0: 3 0x80007d24 (0x92aa) x5  0x00000000
core   0: 0x80007d26 (0x02a51cb3) mulh    s9, a0, a0
core   0: 3 0x80007d26 (0x02a51cb3) x25 0x00000000
core   0: 0x80007d2a (0xfba78c83) lb      s9, -70(a5)
core   0: 3 0x80007d2a (0xfba78c83) x25 0x00000000 mem 0x800136c6
core   0: 0x80007d2e (0x00008d0d) c.sub   a0, a1
core   0: 3 0x80007d2e (0x8d0d) x10 0x00000000
core   0: 0x80007d30 (0xf447ac83) lw      s9, -188(a5)
core   0: 3 0x80007d30 (0xf447ac83) x25 0x00000000 mem 0x80013650
core   0: 0x80007d34 (0x021535b3) mulhu   a1, a0, ra
core   0: 3 0x80007d34 (0x021535b3) x11 0x00000000
core   0: 0x80007d38 (0x005783a3) sb      t0, 7(a5)
core   0: 3 0x80007d38 (0x005783a3) mem 0x80013713 0x00
core   0: 0x80007d3c (0x01b7cc83) lbu     s9, 27(a5)
core   0: 3 0x80007d3c (0x01b7cc83) x25 0x00000000 mem 0x80013727
core   0: 0x80007d40 (0x03951cb3) mulh    s9, a0, s9
core   0: 3 0x80007d40 (0x03951cb3) x25 0x00000000
core   0: 0x80007d44 (0x089784a3) sb      s1, 137(a5)
core   0: 3 0x80007d44 (0x089784a3) mem 0x80013795 0x00
core   0: 0x80007d48 (0x00006095) c.lui   ra, 0x5
core   0: 3 0x80007d48 (0x6095) x1  0x00005000
core   0: 0x80007d4a (0xf377c583) lbu     a1, -201(a5)
core   0: 3 0x80007d4a (0xf377c583) x11 0x00000000 mem 0x80013643
core   0: 0x80007d4e (0xf5978aa3) sb      s9, -171(a5)
core   0: 3 0x80007d4e (0xf5978aa3) mem 0x80013661 0x00
core   0: 0x80007d52 (0xf29785a3) sb      s1, -213(a5)
core   0: 3 0x80007d52 (0xf29785a3) mem 0x80013637 0x00
core   0: 0x80007d56 (0x0a9782a3) sb      s1, 165(a5)
core   0: 3 0x80007d56 (0x0a9782a3) mem 0x800137b1 0x00
core   0: 0x80007d5a (0x00000ca6) c.slli  s9, 9
core   0: 3 0x80007d5a (0x0ca6) x25 0x00000000
core   0: 0x80007d5c (0xf937cc83) lbu     s9, -109(a5)
core   0: 3 0x80007d5c (0xf937cc83) x25 0x00000000 mem 0x8001369f
core   0: 0x80007d60 (0x0c87a083) lw      ra, 200(a5)
core   0: 3 0x80007d60 (0x0c87a083) x1  0x00000000 mem 0x800137d4
core   0: 0x80007d64 (0xfb979d23) sh      s9, -70(a5)
core   0: 3 0x80007d64 (0xfb979d23) mem 0x800136c6 0x0000
core   0: 0x80007d68 (0x0092f533) and     a0, t0, s1
core   0: 3 0x80007d68 (0x0092f533) x10 0x00000000
core   0: 0x80007d6c (0x00008089) c.srli  s1, 2
core   0: 3 0x80007d6c (0x8089) x9  0x00000000
core   0: 0x80007d6e (0x04079483) lh      s1, 64(a5)
core   0: 3 0x80007d6e (0x04079483) x9  0x00000000 mem 0x8001374c
core   0: 0x80007d72 (0x405580b3) sub     ra, a1, t0
core   0: 3 0x80007d72 (0x405580b3) x1  0x00000000
core   0: 0x80007d76 (0xf4178c83) lb      s9, -191(a5)
core   0: 3 0x80007d76 (0xf4178c83) x25 0x00000000 mem 0x8001364d
core   0: 0x80007d7a (0xfec79083) lh      ra, -20(a5)
core   0: 3 0x80007d7a (0xfec79083) x1  0x00000000 mem 0x800136f8
core   0: 0x80007d7e (0x06378283) lb      t0, 99(a5)
core   0: 3 0x80007d7e (0x06378283) x5  0x00000000 mem 0x8001376f
core   0: 0x80007d82 (0x04a78483) lb      s1, 74(a5)
core   0: 3 0x80007d82 (0x04a78483) x9  0x00000000 mem 0x80013756
core   0: 0x80007d86 (0xf0279503) lh      a0, -254(a5)
core   0: 3 0x80007d86 (0xf0279503) x10 0x00000000 mem 0x8001360e
core   0: 0x80007d8a (0xf59788a3) sb      s9, -175(a5)
core   0: 3 0x80007d8a (0xf59788a3) mem 0x8001365d 0x00
core   0: 0x80007d8e (0x0194e0b3) or      ra, s1, s9
core   0: 3 0x80007d8e (0x0194e0b3) x1  0x00000000
core   0: 0x80007d92 (0x0137cc83) lbu     s9, 19(a5)
core   0: 3 0x80007d92 (0x0137cc83) x25 0x00000000 mem 0x8001371f
core   0: 0x80007d96 (0xf697c083) lbu     ra, -151(a5)
core   0: 3 0x80007d96 (0xf697c083) x1  0x00000000 mem 0x80013675
core   0: 0x80007d9a (0xf087d583) lhu     a1, -248(a5)
core   0: 3 0x80007d9a (0xf087d583) x11 0x00000000 mem 0x80013614
core   0: 0x80007d9e (0xf937c083) lbu     ra, -109(a5)
core   0: 3 0x80007d9e (0xf937c083) x1  0x00000000 mem 0x8001369f
core   0: 0x80007da2 (0x00000292) c.slli  t0, 4
core   0: 3 0x80007da2 (0x0292) x5  0x00000000
core   0: 0x80007da4 (0xf587dc83) lhu     s9, -168(a5)
core   0: 3 0x80007da4 (0xf587dc83) x25 0x00000000 mem 0x80013664
core   0: 0x80007da8 (0xf3679503) lh      a0, -202(a5)
core   0: 3 0x80007da8 (0xf3679503) x10 0x00000000 mem 0x80013642
core   0: 0x80007dac (0xf817a023) sw      ra, -128(a5)
core   0: 3 0x80007dac (0xf817a023) mem 0x8001368c 0x00000000
core   0: 0x80007db0 (0x0000fc97) auipc   s9, 0xf
core   0: 3 0x80007db0 (0x0000fc97) x25 0x80016db0
core   0: 0x80007db4 (0xfcfc8c93) addi    s9, s9, -49
core   0: 3 0x80007db4 (0xfcfc8c93) x25 0x80016d7f
core   0: 0x80007db8 (0x00015913) srli    s2, sp, 0
core   0: 3 0x80007db8 (0x00015913) x18 0x00000000
core   0: 0x80007dbc (0x00008c0d) c.sub   s0, a1
core   0: 3 0x80007dbc (0x8c0d) x8  0xf8000000
core   0: 0x80007dbe (0x00008fc1) c.or    a5, s0
core   0: 3 0x80007dbe (0x8fc1) x15 0xf801370c
core   0: 0x80007dc0 (0xd44c8583) lb      a1, -700(s9)
core   0: 3 0x80007dc0 (0xd44c8583) x11 0x00000000 mem 0x80016ac3
core   0: 0x80007dc4 (0x40858c33) sub     s8, a1, s0
core   0: 3 0x80007dc4 (0x40858c33) x24 0x08000000
core   0: 0x80007dc8 (0xca2c93a3) sh      sp, -857(s9)
core   0: 3 0x80007dc8 (0xca2c93a3) mem 0x80016a26 0x0000
core   0: 0x80007dcc (0x00b7d7b3) srl     a5, a5, a1
core   0: 3 0x80007dcc (0x00b7d7b3) x15 0xf801370c
core   0: 0x80007dd0 (0x11cc8903) lb      s2, 284(s9)
core   0: 3 0x80007dd0 (0x11cc8903) x18 0x00000000 mem 0x80016e9b
core   0: 0x80007dd4 (0xc0d7b593) sltiu   a1, a5, -1011
core   0: 3 0x80007dd4 (0xc0d7b593) x11 0x00000001
core   0: 0x80007dd8 (0x00b41593) slli    a1, s0, 11
core   0: 3 0x80007dd8 (0x00b41593) x11 0x00000000
core   0: 0x80007ddc (0x000097be) c.add   a5, a5
core   0: 3 0x80007ddc (0x97be) x15 0xf0026e18
core   0: 0x80007dde (0x906c8c03) lb      s8, -1786(s9)
core   0: 3 0x80007dde (0x906c8c03) x24 0x00000000 mem 0x80016685
core   0: 0x80007de2 (0x198ca4a3) sw      s8, 393(s9)
core   0: 3 0x80007de2 (0x198ca4a3) mem 0x80016f08 0x00000000
core   0: 0x80007de6 (0x54d58793) addi    a5, a1, 1357
core   0: 3 0x80007de6 (0x54d58793) x15 0x0000054d
core   0: 0x80007dea (0x00008f9d) c.sub   a5, a5
core   0: 3 0x80007dea (0x8f9d) x15 0x00000000
core   0: 0x80007dec (0xf2bcc783) lbu     a5, -213(s9)
core   0: 3 0x80007dec (0xf2bcc783) x15 0x00000000 mem 0x80016caa
core   0: 0x80007df0 (0x00006151) c.addi16sp sp, 272
core   0: 3 0x80007df0 (0x6151) x2  0x00000110
core   0: 0x80007df2 (0x122c8783) lb      a5, 290(s9)
core   0: 3 0x80007df2 (0x122c8783) x15 0x00000000 mem 0x80016ea1
core   0: 0x80007df6 (0x02296c33) rem     s8, s2, sp
core   0: 3 0x80007df6 (0x02296c33) x24 0x00000000
core   0: 0x80007dfa (0x00008fad) c.xor   a5, a1
core   0: 3 0x80007dfa (0x8fad) x15 0x00000000
core   0: 0x80007dfc (0x8f946793) ori     a5, s0, -1799
core   0: 3 0x80007dfc (0x8f946793) x15 0xfffff8f9
core   0: 0x80007e00 (0x00000001) c.nop
core   0: 3 0x80007e00 (0x0001)
core   0: 0x80007e02 (0xc77cd403) lhu     s0, -905(s9)
core   0: 3 0x80007e02 (0xc77cd403) x8  0x00000000 mem 0x800169f6
core   0: 0x80007e06 (0x00813933) sltu    s2, sp, s0
core   0: 3 0x80007e06 (0x00813933) x18 0x00000000
core   0: 0x80007e0a (0x02258c33) mul     s8, a1, sp
core   0: 3 0x80007e0a (0x02258c33) x24 0x00000000
core   0: 0x80007e0e (0x0287f5b3) remu    a1, a5, s0
core   0: 3 0x80007e0e (0x0287f5b3) x11 0xfffff8f9
core   0: 0x80007e12 (0x0325f433) remu    s0, a1, s2
core   0: 3 0x80007e12 (0x0325f433) x8  0xfffff8f9
core   0: 0x80007e16 (0xcf2c8d23) sb      s2, -774(s9)
core   0: 3 0x80007e16 (0xcf2c8d23) mem 0x80016a79 0x00
core   0: 0x80007e1a (0x01995413) srli    s0, s2, 25
core   0: 3 0x80007e1a (0x01995413) x8  0x00000000
core   0: 0x80007e1e (0x022967b3) rem     a5, s2, sp
core   0: 3 0x80007e1e (0x022967b3) x15 0x00000000
core   0: 0x80007e22 (0xe0fca0a3) sw      a5, -511(s9)
core   0: 3 0x80007e22 (0xe0fca0a3) mem 0x80016b80 0x00000000
core   0: 0x80007e26 (0xc996a5b7) lui     a1, 0xc996a
core   0: 3 0x80007e26 (0xc996a5b7) x11 0xc996a000
core   0: 0x80007e2a (0x06bc8923) sb      a1, 114(s9)
core   0: 3 0x80007e2a (0x06bc8923) mem 0x80016df1 0x00
core   0: 0x80007e2e (0x028c3c33) mulhu   s8, s8, s0
core   0: 3 0x80007e2e (0x028c3c33) x24 0x00000000
core   0: 0x80007e32 (0x00001a1c) c.addi4spn a5, sp, 304
core   0: 3 0x80007e32 (0x1a1c) x15 0x00000240
core   0: 0x80007e34 (0x02f7c7b3) div     a5, a5, a5
core   0: 3 0x80007e34 (0x02f7c7b3) x15 0x00000001
core   0: 0x80007e38 (0x00000001) c.nop
core   0: 3 0x80007e38 (0x0001)
core   0: 0x80007e3a (0x032917b3) mulh    a5, s2, s2
core   0: 3 0x80007e3a (0x032917b3) x15 0x00000000
core   0: 0x80007e3e (0x3abc91a3) sh      a1, 931(s9)
core   0: 3 0x80007e3e (0x3abc91a3) mem 0x80017122 0xa000
core   0: 0x80007e42 (0x804cc903) lbu     s2, -2044(s9)
core   0: 3 0x80007e42 (0x804cc903) x18 0x00000000 mem 0x80016583
core   0: 0x80007e46 (0x4f8c89a3) sb      s8, 1267(s9)
core   0: 3 0x80007e46 (0x4f8c89a3) mem 0x80017272 0x00
core   0: 0x80007e4a (0x0000d997) auipc   s3, 0xd
core   0: 3 0x80007e4a (0x0000d997) x19 0x80014e4a
core   0: 0x80007e4e (0x09c98993) addi    s3, s3, 156
core   0: 3 0x80007e4e (0x09c98993) x19 0x80014ee6
core   0: 0x80007e52 (0xa139c703) lbu     a4, -1517(s3)
core   0: 3 0x80007e52 (0xa139c703) x14 0x00000000 mem 0x800148f9
core   0: 0x80007e56 (0x00009266) c.add   tp, s9
core   0: 3 0x80007e56 (0x9266) x4  0x80016d7f
core   0: 0x80007e58 (0xf499c183) lbu     gp, -183(s3)
core   0: 3 0x80007e58 (0xf499c183) x3  0x00000000 mem 0x80014e2f
core   0: 0x80007e5c (0x0026ebb3) or      s7, a3, sp
core   0: 3 0x80007e5c (0x0026ebb3) x23 0x000001b7
core   0: 0x80007e60 (0x40dd0233) sub     tp, s10, a3
core   0: 3 0x80007e60 (0x40dd0233) x4  0xfffffe60
core   0: 0x80007e64 (0xf47984a3) sb      t2, -183(s3)
core   0: 3 0x80007e64 (0xf47984a3) mem 0x80014e2f 0x00
core   0: 0x80007e68 (0x037000b3) mul     ra, zero, s7
core   0: 3 0x80007e68 (0x037000b3) x1  0x00000000
core   0: 0x80007e6c (0xf4998e03) lb      t3, -183(s3)
core   0: 3 0x80007e6c (0xf4998e03) x28 0x00000000 mem 0x80014e2f
core   0: 0x80007e70 (0xf4b984a3) sb      a1, -183(s3)
core   0: 3 0x80007e70 (0xf4b984a3) mem 0x80014e2f 0x00
core   0: 0x80007e74 (0x00008dd5) c.or    a1, a3
core   0: 3 0x80007e74 (0x8dd5) x11 0xc996a1a7
core   0: 0x80007e76 (0x40b95d13) srai    s10, s2, 11
core   0: 3 0x80007e76 (0x40b95d13) x26 0x00000000
core   0: 0x80007e7a (0x84900313) li      t1, -1975
core   0: 3 0x80007e7a (0x84900313) x6  0xfffff849
core   0: 0x80007e7e (0xf5b984a3) sb      s11, -183(s3)
core   0: 3 0x80007e7e (0xf5b984a3) mem 0x80014e2f 0x00
core   0: 0x80007e82 (0xf4998d03) lb      s10, -183(s3)
core   0: 3 0x80007e82 (0xf4998d03) x26 0x00000000 mem 0x80014e2f
core   0: 0x80007e86 (0xf499cb83) lbu     s7, -183(s3)
core   0: 3 0x80007e86 (0xf499cb83) x23 0x00000000 mem 0x80014e2f
core   0: 0x80007e8a (0xf4998603) lb      a2, -183(s3)
core   0: 3 0x80007e8a (0xf4998603) x12 0x00000000 mem 0x80014e2f
core   0: 0x80007e8e (0x2c69a803) lw      a6, 710(s3)
core   0: 3 0x80007e8e (0x2c69a803) x16 0x00000000 mem 0x800151ac
core   0: 0x80007e92 (0x2c69aa03) lw      s4, 710(s3)
core   0: 3 0x80007e92 (0x2c69aa03) x20 0x00000000 mem 0x800151ac
core   0: 0x80007e96 (0x00004121) c.li    sp, 8
core   0: 3 0x80007e96 (0x4121) x2  0x00000008
core   0: 0x80007e98 (0x00004495) c.li    s1, 5
core   0: 3 0x80007e98 (0x4495) x9  0x00000005
core   0: 0x80007e9a (0x00004935) c.li    s2, 13
core   0: 3 0x80007e9a (0x4935) x18 0x0000000d
core   0: 0x80007e9c (0x00001171) c.addi  sp, -4
core   0: 3 0x80007e9c (0x1171) x2  0x00000004
core   0: 0x80007e9e (0x00005bdd) c.li    s7, -9
core   0: 3 0x80007e9e (0x5bdd) x23 0xfffffff7
core   0: 0x80007ea0 (0x00008fe1) c.and   a5, s0
core   0: 3 0x80007ea0 (0x8fe1) x15 0x00000000
core   0: 0x80007ea2 (0x00004d89) c.li    s11, 2
core   0: 3 0x80007ea2 (0x4d89) x27 0x00000002
core   0: 0x80007ea4 (0x00b5b033) sltu    zero, a1, a1
core   0: 3 0x80007ea4 (0x00b5b033)
core   0: 0x80007ea8 (0x00000ba9) c.addi  s7, 10
core   0: 3 0x80007ea8 (0x0ba9) x23 0x00000001
core   0: 0x80007eaa (0xffbbede3) bltu    s7, s11, pc - 6
core   0: 3 0x80007eaa (0xffbbede3)
core   0: 0x80007ea4 (0x00b5b033) sltu    zero, a1, a1
core   0: 3 0x80007ea4 (0x00b5b033)
core   0: 0x80007ea8 (0x00000ba9) c.addi  s7, 10
core   0: 3 0x80007ea8 (0x0ba9) x23 0x0000000b
core   0: 0x80007eaa (0xffbbede3) bltu    s7, s11, pc - 6
core   0: 3 0x80007eaa (0xffbbede3)
core   0: 0x80007eae (0xfe9176e3) bgeu    sp, s1, pc - 20
core   0: 3 0x80007eae (0xfe9176e3)
core   0: 0x80007eb2 (0x00008dc5) c.or    a1, s1
core   0: 3 0x80007eb2 (0x8dc5) x11 0xc996a1a7
core   0: 0x80007eb4 (0x0000577d) c.li    a4, -1
core   0: 3 0x80007eb4 (0x577d) x14 0xffffffff
core   0: 0x80007eb6 (0x40300333) sub     t1, zero, gp
core   0: 3 0x80007eb6 (0x40300333) x6  0x00000000
core   0: 0x80007eba (0x037e4333) div     t1, t3, s7
core   0: 3 0x80007eba (0x037e4333) x6  0x00000000
core   0: 0x80007ebe (0x000067dd) c.lui   a5, 0x17
core   0: 3 0x80007ebe (0x67dd) x15 0x00017000
core   0: 0x80007ec0 (0x224558b7) lui     a7, 0x22455
core   0: 3 0x80007ec0 (0x224558b7) x17 0x22455000
core   0: 0x80007ec4 (0x00000001) c.nop
core   0: 3 0x80007ec4 (0x0001)
core   0: 0x80007ec6 (0xb367f513) andi    a0, a5, -1226
core   0: 3 0x80007ec6 (0xb367f513) x10 0x00017000
core   0: 0x80007eca (0x00000001) c.nop
core   0: 3 0x80007eca (0x0001)
core   0: 0x80007ecc (0x00000705) c.addi  a4, 1
core   0: 3 0x80007ecc (0x0705) x14 0x00000000
core   0: 0x80007ece (0x016b1613) slli    a2, s6, 22
core   0: 3 0x80007ece (0x016b1613) x12 0x02000000
core   0: 0x80007ed2 (0x03fbd1b3) divu    gp, s7, t6
core   0: 3 0x80007ed2 (0x03fbd1b3) x3  0xffffffff
core   0: 0x80007ed6 (0x00009f86) c.add   t6, ra
core   0: 3 0x80007ed6 (0x9f86) x31 0x00000000
core   0: 0x80007ed8 (0x00000001) c.nop
core   0: 3 0x80007ed8 (0x0001)
core   0: 0x80007eda (0x415856b3) sra     a3, a6, s5
core   0: 3 0x80007eda (0x415856b3) x13 0x00000000
core   0: 0x80007ede (0x0000180c) c.addi4spn a1, sp, 48
core   0: 3 0x80007ede (0x180c) x11 0x00000034
core   0: 0x80007ee0 (0x00000e25) c.addi  t3, 9
core   0: 3 0x80007ee0 (0x0e25) x28 0x00000009
core   0: 0x80007ee2 (0x7640a113) slti    sp, ra, 1892
core   0: 3 0x80007ee2 (0x7640a113) x2  0x00000001
core   0: 0x80007ee6 (0x0000f365) c.bnez  a4, pc - 32
core   0: 3 0x80007ee6 (0xf365)
core   0: 0x80007ee8 (0x00000422) c.slli  s0, 8
core   0: 3 0x80007ee8 (0x0422) x8  0x00000000
core   0: 0x80007eea (0x00009117) auipc   sp, 0x9
core   0: 3 0x80007eea (0x00009117) x2  0x80010eea
core   0: 0x80007eee (0xf1a10113) addi    sp, sp, -230
core   0: 3 0x80007eee (0xf1a10113) x2  0x80010e04
core   0: 0x80007ef2 (0x02e11703) lh      a4, 46(sp)
core   0: 3 0x80007ef2 (0x02e11703) x14 0x00000000 mem 0x80010e32
core   0: 0x80007ef6 (0x022cb0b3) mulhu   ra, s9, sp
core   0: 3 0x80007ef6 (0x022cb0b3) x1  0x40013dc3
core   0: 0x80007efa (0xfc814203) lbu     tp, -56(sp)
core   0: 3 0x80007efa (0xfc814203) x4  0x00000000 mem 0x80010dcc
core   0: 0x80007efe (0x0d74cc93) xori    s9, s1, 215
core   0: 3 0x80007efe (0x0d74cc93) x25 0x000000d2
core   0: 0x80007f02 (0x0085d733) srl     a4, a1, s0
core   0: 3 0x80007f02 (0x0085d733) x14 0x00000034
core   0: 0x80007f06 (0xfc910423) sb      s1, -56(sp)
core   0: 3 0x80007f06 (0xfc910423) mem 0x80010dcc 0x05
core   0: 0x80007f0a (0xfc814683) lbu     a3, -56(sp)
core   0: 3 0x80007f0a (0xfc814683) x13 0x00000005 mem 0x80010dcc
core   0: 0x80007f0e (0x01710ea3) sb      s7, 29(sp)
core   0: 3 0x80007f0e (0x01710ea3) mem 0x80010e21 0x0b
core   0: 0x80007f12 (0xfee106a3) sb      a4, -19(sp)
core   0: 3 0x80007f12 (0xfee106a3) mem 0x80010df1 0x34
core   0: 0x80007f16 (0xfcc11f23) sh      a2, -34(sp)
core   0: 3 0x80007f16 (0xfcc11f23) mem 0x80010de2 0x0000
core   0: 0x80007f1a (0xfdb10f23) sb      s11, -34(sp)
core   0: 3 0x80007f1a (0xfdb10f23) mem 0x80010de2 0x02
core   0: 0x80007f1e (0x00000001) c.nop
core   0: 3 0x80007f1e (0x0001)
core   0: 0x80007f20 (0xfd2101a3) sb      s2, -61(sp)
core   0: 3 0x80007f20 (0xfd2101a3) mem 0x80010dc7 0x0d
core   0: 0x80007f24 (0xe465c013) xori    zero, a1, -442
core   0: 3 0x80007f24 (0xe465c013)
core   0: 0x80007f28 (0x00005682) c.lwsp  a3, 32(sp)
core   0: 3 0x80007f28 (0x5682) x13 0x00000000 mem 0x80010e24
core   0: 0x80007f2a (0x0000d03a) c.swsp  a4, 32(sp)
core   0: 3 0x80007f2a (0xd03a) mem 0x80010e24 0x00000034
core   0: 0x80007f2c (0x0000d07a) c.swsp  t5, 32(sp)
core   0: 3 0x80007f2c (0xd07a) mem 0x80010e24 0x80029d24
core   0: 0x80007f2e (0x00005802) c.lwsp  a6, 32(sp)
core   0: 3 0x80007f2e (0x5802) x16 0x80029d24 mem 0x80010e24
core   0: 0x80007f30 (0x013f06b3) add     a3, t5, s3
core   0: 3 0x80007f30 (0x013f06b3) x13 0x0003ec0a
core   0: 0x80007f34 (0x0000d07a) c.swsp  t5, 32(sp)
core   0: 3 0x80007f34 (0xd07a) mem 0x80010e24 0x80029d24
core   0: 0x80007f36 (0x00004709) c.li    a4, 2
core   0: 3 0x80007f36 (0x4709) x14 0x00000002
core   0: 0x80007f38 (0x00000698) c.addi4spn a4, sp, 832
core   0: 3 0x80007f38 (0x0698) x14 0x80011144
core   0: 0x80007f3a (0x02ac8fb3) mul     t6, s9, a0
core   0: 3 0x80007f3a (0x02ac8fb3) x31 0x012de000
core   0: 0x80007f3e (0x00008c31) c.xor   s0, a2
core   0: 3 0x80007f3e (0x8c31) x8  0x02000000
core   0: 0x80007f40 (0x0000e329) c.bnez  a4, pc + 66
core   0: 3 0x80007f40 (0xe329)
core   0: 0x80007f82 (0x03f85d63) bge     a6, t6, pc + 58
core   0: 3 0x80007f82 (0x03f85d63)
core   0: 0x80007f86 (0x00004875) c.li    a6, 29
core   0: 3 0x80007f86 (0x4875) x16 0x0000001d
core   0: 0x80007f88 (0x00000001) c.nop
core   0: 3 0x80007f88 (0x0001)
core   0: 0x80007f8a (0x00008bbd) c.andi  a5, 15
core   0: 3 0x80007f8a (0x8bbd) x15 0x00000000
core   0: 0x80007f8c (0x3f227293) andi    t0, tp, 1010
core   0: 3 0x80007f8c (0x3f227293) x5  0x00000000
core   0: 0x80007f90 (0x03c47c33) remu    s8, s0, t3
core   0: 3 0x80007f90 (0x03c47c33) x24 0x00000002
core   0: 0x80007f94 (0x0172de63) bge     t0, s7, pc + 28
core   0: 3 0x80007f94 (0x0172de63)
core   0: 0x80007f98 (0x007c27b3) slt     a5, s8, t2
core   0: 3 0x80007f98 (0x007c27b3) x15 0x00000001
core   0: 0x80007f9c (0x00900f63) beq     zero, s1, pc + 30
core   0: 3 0x80007f9c (0x00900f63)
core   0: 0x80007fa0 (0x00008df1) c.and   a1, a2
core   0: 3 0x80007fa0 (0x8df1) x11 0x00000000
core   0: 0x80007fa2 (0x00d59d93) slli    s11, a1, 13
core   0: 3 0x80007fa2 (0x00d59d93) x27 0x00000000
core   0: 0x80007fa6 (0x0000668d) c.lui   a3, 0x3
core   0: 3 0x80007fa6 (0x668d) x13 0x00003000
core   0: 0x80007fa8 (0x00001a7d) c.addi  s4, -1
core   0: 3 0x80007fa8 (0x1a7d) x20 0xffffffff
core   0: 0x80007faa (0x000061b5) c.lui   gp, 0xd
core   0: 3 0x80007faa (0x61b5) x3  0x0000d000
core   0: 0x80007fac (0x02bbd2b3) divu    t0, s7, a1
core   0: 3 0x80007fac (0x02bbd2b3) x5  0xffffffff
core   0: 0x80007fb0 (0x0000978a) c.add   a5, sp
core   0: 3 0x80007fb0 (0x978a) x15 0x80010e05
core   0: 0x80007fb2 (0x03a3b233) mulhu   tp, t2, s10
core   0: 3 0x80007fb2 (0x03a3b233) x4  0x00000000
core   0: 0x80007fb6 (0xc3bdce37) lui     t3, 0xc3bdc
core   0: 3 0x80007fb6 (0xc3bdce37) x28 0xc3bdc000
core   0: 0x80007fba (0x00008cdd) c.or    s1, a5
core   0: 3 0x80007fba (0x8cdd) x9  0x80010e05
core   0: 0x80007fbc (0x032aefb3) rem     t6, s5, s2
core   0: 3 0x80007fbc (0x032aefb3) x31 0x00000008
core   0: 0x80007fc0 (0x628b6617) auipc   a2, 0x628b6
core   0: 3 0x80007fc0 (0x628b6617) x12 0xe28bdfc0
core   0: 0x80007fc4 (0x022dad33) mulhsu  s10, s11, sp
core   0: 3 0x80007fc4 (0x022dad33) x26 0x00000000
core   0: 0x80007fc8 (0x0255ee33) rem     t3, a1, t0
core   0: 3 0x80007fc8 (0x0255ee33) x28 0x00000000
core   0: 0x80007fcc (0x000083c1) c.srli  a5, 16
core   0: 3 0x80007fcc (0x83c1) x15 0x00008001
core   0: 0x80007fce (0x0000987d) c.andi  s0, -1
core   0: 3 0x80007fce (0x987d) x8  0x02000000
core   0: 0x80007fd0 (0x0000975a) c.add   a4, s6
core   0: 3 0x80007fd0 (0x975a) x14 0x8001114c
core   0: 0x80007fd2 (0x015ce963) bltu    s9, s5, pc + 18
core   0: 3 0x80007fd2 (0x015ce963)
core   0: 0x80007fd6 (0x41ac87b3) sub     a5, s9, s10
core   0: 3 0x80007fd6 (0x41ac87b3) x15 0x000000d2
core   0: 0x80007fda (0x00004705) c.li    a4, 1
core   0: 3 0x80007fda (0x4705) x14 0x00000001
core   0: 0x80007fdc (0x000016fd) c.addi  a3, -1
core   0: 3 0x80007fdc (0x16fd) x13 0x00002fff
core   0: 0x80007fde (0x00000001) c.nop
core   0: 3 0x80007fde (0x0001)
core   0: 0x80007fe0 (0x012abe33) sltu    t3, s5, s2
core   0: 3 0x80007fe0 (0x012abe33) x28 0x00000001
core   0: 0x80007fe4 (0xc35a2693) slti    a3, s4, -971
core   0: 3 0x80007fe4 (0xc35a2693) x13 0x00000000
core   0: 0x80007fe8 (0x019620b3) slt     ra, a2, s9
core   0: 3 0x80007fe8 (0x019620b3) x1  0x00000001
core   0: 0x80007fec (0x0000c70d) c.beqz  a4, pc + 42
core   0: 3 0x80007fec (0xc70d)
core   0: 0x80007fee (0x16757613) andi    a2, a0, 359
core   0: 3 0x80007fee (0x16757613) x12 0x00000000
core   0: 0x80007ff2 (0x0183fb33) and     s6, t2, s8
core   0: 3 0x80007ff2 (0x0183fb33) x22 0x00000000
core   0: 0x80007ff6 (0x72ebccb7) lui     s9, 0x72ebc
core   0: 3 0x80007ff6 (0x72ebccb7) x25 0x72ebc000
core   0: 0x80007ffa (0x0000717d) c.addi16sp sp, -16
core   0: 3 0x80007ffa (0x717d) x2  0x80010df4
core   0: 0x80007ffc (0x015da9b3) slt     s3, s11, s5
core   0: 3 0x80007ffc (0x015da9b3) x19 0x00000001
core   0: 0x80008000 (0x03a5ccb3) div     s9, a1, s10
core   0: 3 0x80008000 (0x03a5ccb3) x25 0xffffffff
core   0: 0x80008004 (0x00008f25) c.xor   a4, s1
core   0: 3 0x80008004 (0x8f25) x14 0x80010e04
core   0: 0x80008006 (0x00008fe5) c.and   a5, s1
core   0: 3 0x80008006 (0x8fe5) x15 0x00000000
core   0: 0x80008008 (0x0127cd33) xor     s10, a5, s2
core   0: 3 0x80008008 (0x0127cd33) x26 0x0000000d
core   0: 0x8000800c (0x032676b3) remu    a3, a2, s2
core   0: 3 0x8000800c (0x032676b3) x13 0x00000000
core   0: 0x80008010 (0x132a2293) slti    t0, s4, 306
core   0: 3 0x80008010 (0x132a2293) x5  0x00000001
core   0: 0x80008014 (0x0000042a) c.slli  s0, 10
core   0: 3 0x80008014 (0x042a) x8  0x00000000
core   0: 0x80008016 (0x51c9e713) ori     a4, s3, 1308
core   0: 3 0x80008016 (0x51c9e713) x14 0x0000051d
core   0: 0x8000801a (0x00b238b3) sltu    a7, tp, a1
core   0: 3 0x8000801a (0x00b238b3) x17 0x00000000
core   0: 0x8000801e (0xa23ec093) xori    ra, t4, -1501
core   0: 3 0x8000801e (0xa23ec093) x1  0x7ffda40b
core   0: 0x80008022 (0x0186bc33) sltu    s8, a3, s8
core   0: 3 0x80008022 (0x0186bc33) x24 0x00000001
core   0: 0x80008026 (0x9aaa0f93) addi    t6, s4, -1622
core   0: 3 0x80008026 (0x9aaa0f93) x31 0xfffff9a9
core   0: 0x8000802a (0x9faaa493) slti    s1, s5, -1542
core   0: 3 0x8000802a (0x9faaa493) x9  0x00000000
core   0: 0x8000802e (0x014057b3) srl     a5, zero, s4
core   0: 3 0x8000802e (0x014057b3) x15 0x00000000
core   0: 0x80008032 (0x010a5533) srl     a0, s4, a6
core   0: 3 0x80008032 (0x010a5533) x10 0x00000007
core   0: 0x80008036 (0x00005a7d) c.li    s4, -1
core   0: 3 0x80008036 (0x5a7d) x20 0xffffffff
core   0: 0x80008038 (0x01751e33) sll     t3, a0, s7
core   0: 3 0x80008038 (0x01751e33) x28 0x00003800
core   0: 0x8000803c (0x00a61263) bne     a2, a0, pc + 4
core   0: 3 0x8000803c (0x00a61263)
core   0: 0x80008040 (0x0000e3b9) c.bnez  a5, pc + 70
core   0: 3 0x80008040 (0xe3b9)
core   0: 0x80008042 (0x01fc61b3) or      gp, s8, t6
core   0: 3 0x80008042 (0x01fc61b3) x3  0xfffff9a9
core   0: 0x80008046 (0x0228b333) mulhu   t1, a7, sp
core   0: 3 0x80008046 (0x0228b333) x6  0x00000000
core   0: 0x8000804a (0x00dcf633) and     a2, s9, a3
core   0: 3 0x8000804a (0x00dcf633) x12 0x00000000
core   0: 0x8000804e (0x5a10ed93) ori     s11, ra, 1441
core   0: 3 0x8000804e (0x5a10ed93) x27 0x7ffda5ab
core   0: 0x80008052 (0x0000ea05) c.bnez  a2, pc + 48
core   0: 3 0x80008052 (0xea05)
core   0: 0x80008054 (0x02cbec33) rem     s8, s7, a2
core   0: 3 0x80008054 (0x02cbec33) x24 0x0000000b
core   0: 0x80008058 (0xd544b013) sltiu   zero, s1, -684
core   0: 3 0x80008058 (0xd544b013)
core   0: 0x8000805c (0x0130ec33) or      s8, ra, s3
core   0: 3 0x8000805c (0x0130ec33) x24 0x7ffda40b
core   0: 0x80008060 (0x0000cd11) c.beqz  a0, pc + 28
core   0: 3 0x80008060 (0xcd11)
core   0: 0x80008062 (0x31f1a913) slti    s2, gp, 799
core   0: 3 0x80008062 (0x31f1a913) x18 0x00000001
core   0: 0x80008066 (0x02b1efb3) rem     t6, gp, a1
core   0: 3 0x80008066 (0x02b1efb3) x31 0xfffff9a9
core   0: 0x8000806a (0x00eb9c33) sll     s8, s7, a4
core   0: 3 0x8000806a (0x00eb9c33) x24 0x60000000
core   0: 0x8000806e (0x00000a7a) c.slli  s4, 30
core   0: 3 0x8000806e (0x0a7a) x20 0xc0000000
core   0: 0x80008070 (0x03a5c863) blt     a1, s10, pc + 48
core   0: 3 0x80008070 (0x03a5c863)
core   0: 0x800080a0 (0x027231b3) mulhu   gp, tp, t2
core   0: 3 0x800080a0 (0x027231b3) x3  0x00000000
core   0: 0x800080a4 (0x02f2c063) blt     t0, a5, pc + 32
core   0: 3 0x800080a4 (0x02f2c063)
core   0: 0x800080a8 (0x402cd513) srai    a0, s9, 2
core   0: 3 0x800080a8 (0x402cd513) x10 0xffffffff
core   0: 0x800080ac (0x005b1a13) slli    s4, s6, 5
core   0: 3 0x800080ac (0x005b1a13) x20 0x00000000
core   0: 0x800080b0 (0x00009afd) c.andi  a3, -1
core   0: 3 0x800080b0 (0x9afd) x13 0x00000000
core   0: 0x800080b2 (0x00001314) c.addi4spn a3, sp, 416
core   0: 3 0x800080b2 (0x1314) x13 0x80010f94
core   0: 0x800080b4 (0x009918b3) sll     a7, s2, s1
core   0: 3 0x800080b4 (0x009918b3) x17 0x00000001
core   0: 0x800080b8 (0x016d64b3) or      s1, s10, s6
core   0: 3 0x800080b8 (0x016d64b3) x9  0x0000000d
core   0: 0x800080bc (0x00000705) c.addi  a4, 1
core   0: 3 0x800080bc (0x0705) x14 0x0000051e
core   0: 0x800080be (0x018073b3) and     t2, zero, s8
core   0: 3 0x800080be (0x018073b3) x7  0x00000000
core   0: 0x800080c2 (0x00008385) c.srli  a5, 1
core   0: 3 0x800080c2 (0x8385) x15 0x00000000
core   0: 0x800080c4 (0x40bdd793) srai    a5, s11, 11
core   0: 3 0x800080c4 (0x40bdd793) x15 0x000fffb4
core   0: 0x800080c8 (0x01059b13) slli    s6, a1, 16
core   0: 3 0x800080c8 (0x01059b13) x22 0x00000000
core   0: 0x800080cc (0x01dae563) bltu    s5, t4, pc + 10
core   0: 3 0x800080cc (0x01dae563)
core   0: 0x800080d6 (0x017a6233) or      tp, s4, s7
core   0: 3 0x800080d6 (0x017a6233) x4  0x0000000b
core   0: 0x800080da (0x41b8d513) srai    a0, a7, 27
core   0: 3 0x800080da (0x41b8d513) x10 0x00000000
core   0: 0x800080de (0x00008fdd) c.or    a5, a5
core   0: 3 0x800080de (0x8fdd) x15 0x000fffb4
core   0: 0x800080e0 (0x00532633) slt     a2, t1, t0
core   0: 3 0x800080e0 (0x00532633) x12 0x00000001
core   0: 0x800080e4 (0x02d4a233) mulhsu  tp, s1, a3
core   0: 3 0x800080e4 (0x02d4a233) x4  0x00000006
core   0: 0x800080e8 (0xc12d2613) slti    a2, s10, -1006
core   0: 3 0x800080e8 (0xc12d2613) x12 0x00000000
core   0: 0x800080ec (0x03d8e063) bltu    a7, t4, pc + 32
core   0: 3 0x800080ec (0x03d8e063)
core   0: 0x8000810c (0xc489a993) slti    s3, s3, -952
core   0: 3 0x8000810c (0xc489a993) x19 0x00000000
core   0: 0x80008110 (0x024e6933) rem     s2, t3, tp
core   0: 3 0x80008110 (0x024e6933) x18 0x00000002
core   0: 0x80008114 (0x0000157d) c.addi  a0, -1
core   0: 3 0x80008114 (0x157d) x10 0xffffffff
core   0: 0x80008116 (0x018e09b3) add     s3, t3, s8
core   0: 3 0x80008116 (0x018e09b3) x19 0x60003800
core   0: 0x8000811a (0x000019fd) c.addi  s3, -1
core   0: 3 0x8000811a (0x19fd) x19 0x600037ff
core   0: 0x8000811c (0x009147b3) xor     a5, sp, s1
core   0: 3 0x8000811c (0x009147b3) x15 0x80010df9
core   0: 0x80008120 (0x01e0a733) slt     a4, ra, t5
core   0: 3 0x80008120 (0x01e0a733) x14 0x00000000
core   0: 0x80008124 (0x0000616d) c.addi16sp sp, 240
core   0: 3 0x80008124 (0x616d) x2  0x80010ee4
core   0: 0x80008126 (0x00b83833) sltu    a6, a6, a1
core   0: 3 0x80008126 (0x00b83833) x16 0x00000000
core   0: 0x8000812a (0x02fb8863) beq     s7, a5, pc + 48
core   0: 3 0x8000812a (0x02fb8863)
core   0: 0x8000812e (0x011f1b93) slli    s7, t5, 17
core   0: 3 0x8000812e (0x011f1b93) x23 0x3a480000
core   0: 0x80008132 (0x1d598d13) addi    s10, s3, 469
core   0: 3 0x80008132 (0x1d598d13) x26 0x600039d4
core   0: 0x80008136 (0x000098fd) c.andi  s1, -1
core   0: 3 0x80008136 (0x98fd) x9  0x0000000d
core   0: 0x80008138 (0x00008e15) c.sub   a2, a3
core   0: 3 0x80008138 (0x8e15) x12 0x7ffef06c
core   0: 0x8000813a (0x03be9d33) mulh    s10, t4, s11
core   0: 3 0x8000813a (0x03be9d33) x26 0xc0025c38
core   0: 0x8000813e (0x4172d333) sra     t1, t0, s7
core   0: 3 0x8000813e (0x4172d333) x6  0x00000001
core   0: 0x80008142 (0x000082e1) c.srli  a3, 24
core   0: 3 0x80008142 (0x82e1) x13 0x00000080
core   0: 0x80008144 (0x016193b3) sll     t2, gp, s6
core   0: 3 0x80008144 (0x016193b3) x7  0x00000000
core   0: 0x80008148 (0x00000cc6) c.slli  s9, 17
core   0: 3 0x80008148 (0x0cc6) x25 0xfffe0000
core   0: 0x8000814a (0x000081f5) c.srli  a1, 29
core   0: 3 0x8000814a (0x81f5) x11 0x00000000
core   0: 0x8000814c (0x75a36e13) ori     t3, t1, 1882
core   0: 3 0x8000814c (0x75a36e13) x28 0x0000075b
core   0: 0x80008150 (0x00006165) c.addi16sp sp, 112
core   0: 3 0x80008150 (0x6165) x2  0x80010f54
core   0: 0x80008152 (0x0157b333) sltu    t1, a5, s5
core   0: 3 0x80008152 (0x0157b333) x6  0x00000000
core   0: 0x80008156 (0xb46fc5b7) lui     a1, 0xb46fc
core   0: 3 0x80008156 (0xb46fc5b7) x11 0xb46fc000
core   0: 0x8000815a (0x84447013) andi    zero, s0, -1980
core   0: 3 0x8000815a (0x84447013)
core   0: 0x8000815e (0x02ae5933) divu    s2, t3, a0
core   0: 3 0x8000815e (0x02ae5933) x18 0x00000000
core   0: 0x80008162 (0x02bb8833) mul     a6, s7, a1
core   0: 3 0x80008162 (0x02bb8833) x16 0x00000000
core   0: 0x80008166 (0x0000e625) c.bnez  a2, pc + 104
core   0: 3 0x80008166 (0xe625)
core   0: 0x800081ce (0x00008ead) c.xor   a3, a1
core   0: 3 0x800081ce (0x8ead) x13 0xb46fc080
core   0: 0x800081d0 (0x030aee13) ori     t3, s5, 48
core   0: 3 0x800081d0 (0x030aee13) x28 0x00000038
core   0: 0x800081d4 (0x032617b3) mulh    a5, a2, s2
core   0: 3 0x800081d4 (0x032617b3) x15 0x00000000
core   0: 0x800081d8 (0x03668f63) beq     a3, s6, pc + 62
core   0: 3 0x800081d8 (0x03668f63)
core   0: 0x800081dc (0x0000c481) c.beqz  s1, pc + 8
core   0: 3 0x800081dc (0xc481)
core   0: 0x800081de (0x03e672b3) remu    t0, a2, t5
core   0: 3 0x800081de (0x03e672b3) x5  0x7ffef06c
core   0: 0x800081e2 (0x00008e35) c.xor   a2, a3
core   0: 3 0x800081e2 (0x8e35) x12 0xcb9130ec
core   0: 0x800081e4 (0x403b02b3) sub     t0, s6, gp
core   0: 3 0x800081e4 (0x403b02b3) x5  0x00000000
core   0: 0x800081e8 (0x14faf613) andi    a2, s5, 335
core   0: 3 0x800081e8 (0x14faf613) x12 0x00000008
core   0: 0x800081ec (0x037a9e33) mulh    t3, s5, s7
core   0: 3 0x800081ec (0x037a9e33) x28 0x00000001
core   0: 0x800081f0 (0x8921ca13) xori    s4, gp, -1902
core   0: 3 0x800081f0 (0x8921ca13) x20 0xfffff892
core   0: 0x800081f4 (0x11af6d37) lui     s10, 0x11af6
core   0: 3 0x800081f4 (0x11af6d37) x26 0x11af6000
core   0: 0x800081f8 (0x40add9b3) sra     s3, s11, a0
core   0: 3 0x800081f8 (0x40add9b3) x19 0x00000000
core   0: 0x800081fc (0x41538bb3) sub     s7, t2, s5
core   0: 3 0x800081fc (0x41538bb3) x23 0xfffffff8
core   0: 0x80008200 (0x00009416) c.add   s0, t0
core   0: 3 0x80008200 (0x9416) x8  0x00000000
core   0: 0x80008202 (0x28ac3113) sltiu   sp, s8, 650
core   0: 3 0x80008202 (0x28ac3113) x2  0x00000000
core   0: 0x80008206 (0x0000717d) c.addi16sp sp, -16
core   0: 3 0x80008206 (0x717d) x2  0xfffffff0
core   0: 0x80008208 (0x0000862d) c.srai  a2, 11
core   0: 3 0x80008208 (0x862d) x12 0x00000000
core   0: 0x8000820a (0x0378f833) remu    a6, a7, s7
core   0: 3 0x8000820a (0x0378f833) x16 0x00000001
core   0: 0x8000820e (0x0239cbb3) div     s7, s3, gp
core   0: 3 0x8000820e (0x0239cbb3) x23 0xffffffff
core   0: 0x80008212 (0x03b550b3) divu    ra, a0, s11
core   0: 3 0x80008212 (0x03b550b3) x1  0x00000002
core   0: 0x80008216 (0x00009a7d) c.andi  a2, -1
core   0: 3 0x80008216 (0x9a7d) x12 0x00000000
core   0: 0x80008218 (0x03182193) slti    gp, a6, 49
core   0: 3 0x80008218 (0x03182193) x3  0x00000001
core   0: 0x8000821c (0x2534f493) andi    s1, s1, 595
core   0: 3 0x8000821c (0x2534f493) x9  0x00000001
core   0: 0x80008220 (0x000048f5) c.li    a7, 29
core   0: 3 0x80008220 (0x48f5) x17 0x0000001d
core   0: 0x80008222 (0x00000001) c.nop
core   0: 3 0x80008222 (0x0001)
core   0: 0x80008224 (0x407d0733) sub     a4, s10, t2
core   0: 3 0x80008224 (0x407d0733) x14 0x11af6000
core   0: 0x80008228 (0x000087f5) c.srai  a5, 29
core   0: 3 0x80008228 (0x87f5) x15 0x00000000
core   0: 0x8000822a (0x00008c6d) c.and   s0, a1
core   0: 3 0x8000822a (0x8c6d) x8  0x00000000
core   0: 0x8000822c (0x020b7933) remu    s2, s6, zero
core   0: 3 0x8000822c (0x020b7933) x18 0x00000000
core   0: 0x80008230 (0x007fa5b3) slt     a1, t6, t2
core   0: 3 0x80008230 (0x007fa5b3) x11 0x00000001
core   0: 0x80008234 (0x010dd713) srli    a4, s11, 16
core   0: 3 0x80008234 (0x010dd713) x14 0x00007ffd
core   0: 0x80008238 (0x00aa15b3) sll     a1, s4, a0
core   0: 3 0x80008238 (0x00aa15b3) x11 0x00000000
core   0: 0x8000823c (0x357dd017) auipc   zero, 0x357dd
core   0: 3 0x8000823c (0x357dd017)
core   0: 0x80008240 (0x0480f063) bgeu    ra, s0, pc + 64
core   0: 3 0x80008240 (0x0480f063)
core   0: 0x80008280 (0x03ca2a33) mulhsu  s4, s4, t3
core   0: 3 0x80008280 (0x03ca2a33) x20 0xffffffff
core   0: 0x80008284 (0x0000c329) c.beqz  a4, pc + 66
core   0: 3 0x80008284 (0xc329)
core   0: 0x80008286 (0xdfbcac13) slti    s8, s9, -517
core   0: 3 0x80008286 (0xdfbcac13) x24 0x00000001
core   0: 0x8000828a (0x38b0b393) sltiu   t2, ra, 907
core   0: 3 0x8000828a (0x38b0b393) x7  0x00000001
core   0: 0x8000828e (0x00008cb5) c.xor   s1, a3
core   0: 3 0x8000828e (0x8cb5) x9  0xb46fc081
core   0: 0x80008290 (0x0053d2b3) srl     t0, t2, t0
core   0: 3 0x80008290 (0x0053d2b3) x5  0x00000001
core   0: 0x80008294 (0x04574363) blt     a4, t0, pc + 70
core   0: 3 0x80008294 (0x04574363)
core   0: 0x80008298 (0x0000071c) c.addi4spn a5, sp, 896
core   0: 3 0x80008298 (0x071c) x15 0x00000370
core   0: 0x8000829a (0x20dd8d93) addi    s11, s11, 525
core   0: 3 0x8000829a (0x20dd8d93) x27 0x7ffda7b8
core   0: 0x8000829e (0x00008875) c.andi  s0, 29
core   0: 3 0x8000829e (0x8875) x8  0x00000000
core   0: 0x800082a0 (0x00ea9663) bne     s5, a4, pc + 12
core   0: 3 0x800082a0 (0x00ea9663)
core   0: 0x800082ac (0x01591693) slli    a3, s2, 21
core   0: 3 0x800082ac (0x01591693) x13 0x00000000
core   0: 0x800082b0 (0x01c8b533) sltu    a0, a7, t3
core   0: 3 0x800082b0 (0x01c8b533) x10 0x00000000
core   0: 0x800082b4 (0x02c69663) bne     a3, a2, pc + 44
core   0: 3 0x800082b4 (0x02c69663)
core   0: 0x800082b8 (0x01c944b3) xor     s1, s2, t3
core   0: 3 0x800082b8 (0x01c944b3) x9  0x00000001
core   0: 0x800082bc (0x40e68cb3) sub     s9, a3, a4
core   0: 3 0x800082bc (0x40e68cb3) x25 0xffff8003
core   0: 0x800082c0 (0x00000001) c.nop
core   0: 3 0x800082c0 (0x0001)
core   0: 0x800082c2 (0x00f67e33) and     t3, a2, a5
core   0: 3 0x800082c2 (0x00f67e33) x28 0x00000000
core   0: 0x800082c6 (0x019fdf63) bge     t6, s9, pc + 30
core   0: 3 0x800082c6 (0x019fdf63)
core   0: 0x800082e4 (0x02e10633) mul     a2, sp, a4
core   0: 3 0x800082e4 (0x02e10633) x12 0xfff80030
core   0: 0x800082e8 (0x00000e8c) c.addi4spn a1, sp, 848
core   0: 3 0x800082e8 (0x0e8c) x11 0x00000340
core   0: 0x800082ea (0x00008dbd) c.xor   a1, a5
core   0: 3 0x800082ea (0x8dbd) x11 0x00000030
core   0: 0x800082ec (0x034fd733) divu    a4, t6, s4
core   0: 3 0x800082ec (0x034fd733) x14 0x00000000
core   0: 0x800082f0 (0x0287dd33) divu    s10, a5, s0
core   0: 3 0x800082f0 (0x0287dd33) x26 0xffffffff
core   0: 0x800082f4 (0x0242ba33) mulhu   s4, t0, tp
core   0: 3 0x800082f4 (0x0242ba33) x20 0x00000000
core   0: 0x800082f8 (0x04119263) bne     gp, ra, pc + 68
core   0: 3 0x800082f8 (0x04119263)
core   0: 0x8000833c (0x410b8033) sub     zero, s7, a6
core   0: 3 0x8000833c (0x410b8033)
core   0: 0x80008340 (0x001a98b3) sll     a7, s5, ra
core   0: 3 0x80008340 (0x001a98b3) x17 0x00000020
core   0: 0x80008344 (0x01271033) sll     zero, a4, s2
core   0: 3 0x80008344 (0x01271033)
core   0: 0x80008348 (0x0129c963) blt     s3, s2, pc + 18
core   0: 3 0x80008348 (0x0129c963)
core   0: 0x8000834c (0x00001f04) c.addi4spn s1, sp, 944
core   0: 3 0x8000834c (0x1f04) x9  0x000003a0
core   0: 0x8000834e (0x00000565) c.addi  a0, 25
core   0: 3 0x8000834e (0x0565) x10 0x00000019
core   0: 0x80008350 (0xf8813293) sltiu   t0, sp, -120
core   0: 3 0x80008350 (0xf8813293) x5  0x00000000
core   0: 0x80008354 (0x00000b7a) c.slli  s6, 30
core   0: 3 0x80008354 (0x0b7a) x22 0x00000000
core   0: 0x80008356 (0x278bba13) sltiu   s4, s7, 632
core   0: 3 0x80008356 (0x278bba13) x20 0x00000000
core   0: 0x8000835a (0x00006ca9) c.lui   s9, 0xa
core   0: 3 0x8000835a (0x6ca9) x25 0x0000a000
core   0: 0x8000835c (0x000082b6) c.mv    t0, a3
core   0: 3 0x8000835c (0x82b6) x5  0x00000000
core   0: 0x8000835e (0xfc5ff313) andi    t1, t6, -59
core   0: 3 0x8000835e (0xfc5ff313) x6  0xfffff981
core   0: 0x80008362 (0x00008fcd) c.or    a5, a1
core   0: 3 0x80008362 (0x8fcd) x15 0x00000370
core   0: 0x80008364 (0x038d47b3) div     a5, s10, s8
core   0: 3 0x80008364 (0x038d47b3) x15 0xffffffff
core   0: 0x80008368 (0x01f9e433) or      s0, s3, t6
core   0: 3 0x80008368 (0x01f9e433) x8  0xfffff9a9
core   0: 0x8000836c (0x00008981) c.andi  a1, 0
core   0: 3 0x8000836c (0x8981) x11 0x00000000
core   0: 0x8000836e (0x00008f75) c.and   a4, a3
core   0: 3 0x8000836e (0x8f75) x14 0x00000000
core   0: 0x80008370 (0x000063c5) c.lui   t2, 0x11
core   0: 3 0x80008370 (0x63c5) x7  0x00011000
core   0: 0x80008372 (0x001b8a63) beq     s7, ra, pc + 20
core   0: 3 0x80008372 (0x001b8a63)
core   0: 0x80008376 (0x00000001) c.nop
core   0: 3 0x80008376 (0x0001)
core   0: 0x80008378 (0x011b4fb3) xor     t6, s6, a7
core   0: 3 0x80008378 (0x011b4fb3) x31 0x00000020
core   0: 0x8000837c (0x00004bd1) c.li    s7, 20
core   0: 3 0x8000837c (0x4bd1) x23 0x00000014
core   0: 0x8000837e (0x01642a33) slt     s4, s0, s6
core   0: 3 0x8000837e (0x01642a33) x20 0x00000001
core   0: 0x80008382 (0x40505bb3) sra     s7, zero, t0
core   0: 3 0x80008382 (0x40505bb3) x23 0x00000000
core   0: 0x80008386 (0x000081b1) c.srli  a1, 12
core   0: 3 0x80008386 (0x81b1) x11 0x00000000
core   0: 0x80008388 (0x001f7d63) bgeu    t5, ra, pc + 26
core   0: 3 0x80008388 (0x001f7d63)
core   0: 0x800083a2 (0x02290db3) mul     s11, s2, sp
core   0: 3 0x800083a2 (0x02290db3) x27 0x00000000
core   0: 0x800083a6 (0x6ea67613) andi    a2, a2, 1770
core   0: 3 0x800083a6 (0x6ea67613) x12 0x00000020
core   0: 0x800083aa (0xe6593513) sltiu   a0, s2, -411
core   0: 3 0x800083aa (0xe6593513) x10 0x00000001
core   0: 0x800083ae (0xffc23993) sltiu   s3, tp, -4
core   0: 3 0x800083ae (0xffc23993) x19 0x00000001
core   0: 0x800083b2 (0x00009a6a) c.add   s4, s10
core   0: 3 0x800083b2 (0x9a6a) x20 0x00000000
core   0: 0x800083b4 (0x00c34bb3) xor     s7, t1, a2
core   0: 3 0x800083b4 (0x00c34bb3) x23 0xfffff9a1
core   0: 0x800083b8 (0x4077d513) srai    a0, a5, 7
core   0: 3 0x800083b8 (0x4077d513) x10 0xffffffff
core   0: 0x800083bc (0x0311c063) blt     gp, a7, pc + 32
core   0: 3 0x800083bc (0x0311c063)
core   0: 0x800083dc (0x0000080c) c.addi4spn a1, sp, 16
core   0: 3 0x800083dc (0x080c) x11 0x00000000
core   0: 0x800083de (0x018179b3) and     s3, sp, s8
core   0: 3 0x800083de (0x018179b3) x19 0x00000000
core   0: 0x800083e2 (0x000000c9) c.addi  ra, 18
core   0: 3 0x800083e2 (0x00c9) x1  0x00000014
core   0: 0x800083e4 (0x0179c463) blt     s3, s7, pc + 8
core   0: 3 0x800083e4 (0x0179c463)
core   0: 0x800083e8 (0x035afd63) bgeu    s5, s5, pc + 58
core   0: 3 0x800083e8 (0x035afd63)
core   0: 0x80008422 (0x008a82b3) add     t0, s5, s0
core   0: 3 0x80008422 (0x008a82b3) x5  0xfffff9b1
core   0: 0x80008426 (0x2525f993) andi    s3, a1, 594
core   0: 3 0x80008426 (0x2525f993) x19 0x00000000
core   0: 0x8000842a (0x225b8513) addi    a0, s7, 549
core   0: 3 0x8000842a (0x225b8513) x10 0xfffffbc6
core   0: 0x8000842e (0x00001680) c.addi4spn s0, sp, 864
core   0: 3 0x8000842e (0x1680) x8  0x00000350
core   0: 0x80008430 (0x54b50117) auipc   sp, 0x54b50
core   0: 3 0x80008430 (0x54b50117) x2  0xd4b58430
core   0: 0x80008434 (0x00008c19) c.sub   s0, a4
core   0: 3 0x80008434 (0x8c19) x8  0x00000350
core   0: 0x80008436 (0x0355eb63) bltu    a1, s5, pc + 54
core   0: 3 0x80008436 (0x0355eb63)
core   0: 0x8000846c (0x03d26663) bltu    tp, t4, pc + 44
core   0: 3 0x8000846c (0x03d26663)
core   0: 0x80008498 (0x00006105) c.addi16sp sp, 32
core   0: 3 0x80008498 (0x6105) x2  0xd4b58450
core   0: 0x8000849a (0x000086f1) c.srai  a3, 28
core   0: 3 0x8000849a (0x86f1) x13 0x00000000
core   0: 0x8000849c (0x00005a59) c.li    s4, -10
core   0: 3 0x8000849c (0x5a59) x20 0xfffffff6
core   0: 0x8000849e (0x0000019a) c.slli  gp, 6
core   0: 3 0x8000849e (0x019a) x3  0x00000040
core   0: 0x800084a0 (0xd801d297) auipc   t0, 0xd801d
core   0: 3 0x800084a0 (0xd801d297) x5  0x580254a0
core   0: 0x800084a4 (0x00d6bc33) sltu    s8, a3, a3
core   0: 3 0x800084a4 (0x00d6bc33) x24 0x00000000
core   0: 0x800084a8 (0xde57e113) ori     sp, a5, -539
core   0: 3 0x800084a8 (0xde57e113) x2  0xffffffff
core   0: 0x800084ac (0x5ae9bb93) sltiu   s7, s3, 1454
core   0: 3 0x800084ac (0x5ae9bb93) x23 0x00000001
core   0: 0x800084b0 (0x00005435) c.li    s0, -19
core   0: 3 0x800084b0 (0x5435) x8  0xffffffed
core   0: 0x800084b2 (0x03b93533) mulhu   a0, s2, s11
core   0: 3 0x800084b2 (0x03b93533) x10 0x00000000
core   0: 0x800084b6 (0x001862b3) or      t0, a6, ra
core   0: 3 0x800084b6 (0x001862b3) x5  0x00000015
core   0: 0x800084ba (0x010b9c13) slli    s8, s7, 16
core   0: 3 0x800084ba (0x010b9c13) x24 0x00010000
core   0: 0x800084be (0x0000537d) c.li    t1, -1
core   0: 3 0x800084be (0x537d) x6  0xffffffff
core   0: 0x800084c0 (0x59fdf893) andi    a7, s11, 1439
core   0: 3 0x800084c0 (0x59fdf893) x17 0x00000000
core   0: 0x800084c4 (0x684d65b7) lui     a1, 0x684d6
core   0: 3 0x800084c4 (0x684d65b7) x11 0x684d6000
core   0: 0x800084c8 (0x07508293) addi    t0, ra, 117
core   0: 3 0x800084c8 (0x07508293) x5  0x00000089
core   0: 0x800084cc (0x010680b3) add     ra, a3, a6
core   0: 3 0x800084cc (0x010680b3) x1  0x00000001
core   0: 0x800084d0 (0xcd2d6c93) ori     s9, s10, -814
core   0: 3 0x800084d0 (0xcd2d6c93) x25 0xffffffff
core   0: 0x800084d4 (0x00001a7d) c.addi  s4, -1
core   0: 3 0x800084d4 (0x1a7d) x20 0xfffffff5
core   0: 0x800084d6 (0x00ef4533) xor     a0, t5, a4
core   0: 3 0x800084d6 (0x00ef4533) x10 0x80029d24
core   0: 0x800084da (0x037ae5b3) rem     a1, s5, s7
core   0: 3 0x800084da (0x037ae5b3) x11 0x00000000
core   0: 0x800084de (0x02001333) mulh    t1, zero, zero
core   0: 3 0x800084de (0x02001333) x6  0x00000000
core   0: 0x800084e2 (0x00008cc9) c.or    s1, a0
core   0: 3 0x800084e2 (0x8cc9) x9  0x80029fa4
core   0: 0x800084e4 (0x0000717d) c.addi16sp sp, -16
core   0: 3 0x800084e4 (0x717d) x2  0xffffffef
core   0: 0x800084e6 (0x00009b6e) c.add   s6, s11
core   0: 3 0x800084e6 (0x9b6e) x22 0x00000000
core   0: 0x800084e8 (0x01559133) sll     sp, a1, s5
core   0: 3 0x800084e8 (0x01559133) x2  0x00000000
core   0: 0x800084ec (0x0000826d) c.srli  a2, 27
core   0: 3 0x800084ec (0x826d) x12 0x00000000
core   0: 0x800084ee (0xfc8a14e3) bne     s4, s0, pc - 56
core   0: 3 0x800084ee (0xfc8a14e3)
core   0: 0x800084b6 (0x001862b3) or      t0, a6, ra
core   0: 3 0x800084b6 (0x001862b3) x5  0x00000001
core   0: 0x800084ba (0x010b9c13) slli    s8, s7, 16
core   0: 3 0x800084ba (0x010b9c13) x24 0x00010000
core   0: 0x800084be (0x0000537d) c.li    t1, -1
core   0: 3 0x800084be (0x537d) x6  0xffffffff
core   0: 0x800084c0 (0x59fdf893) andi    a7, s11, 1439
core   0: 3 0x800084c0 (0x59fdf893) x17 0x00000000
core   0: 0x800084c4 (0x684d65b7) lui     a1, 0x684d6
core   0: 3 0x800084c4 (0x684d65b7) x11 0x684d6000
core   0: 0x800084c8 (0x07508293) addi    t0, ra, 117
core   0: 3 0x800084c8 (0x07508293) x5  0x00000076
core   0: 0x800084cc (0x010680b3) add     ra, a3, a6
core   0: 3 0x800084cc (0x010680b3) x1  0x00000001
core   0: 0x800084d0 (0xcd2d6c93) ori     s9, s10, -814
core   0: 3 0x800084d0 (0xcd2d6c93) x25 0xffffffff
core   0: 0x800084d4 (0x00001a7d) c.addi  s4, -1
core   0: 3 0x800084d4 (0x1a7d) x20 0xfffffff4
core   0: 0x800084d6 (0x00ef4533) xor     a0, t5, a4
core   0: 3 0x800084d6 (0x00ef4533) x10 0x80029d24
core   0: 0x800084da (0x037ae5b3) rem     a1, s5, s7
core   0: 3 0x800084da (0x037ae5b3) x11 0x00000000
core   0: 0x800084de (0x02001333) mulh    t1, zero, zero
core   0: 3 0x800084de (0x02001333) x6  0x00000000
core   0: 0x800084e2 (0x00008cc9) c.or    s1, a0
core   0: 3 0x800084e2 (0x8cc9) x9  0x80029fa4
core   0: 0x800084e4 (0x0000717d) c.addi16sp sp, -16
core   0: 3 0x800084e4 (0x717d) x2  0xfffffff0
core   0: 0x800084e6 (0x00009b6e) c.add   s6, s11
core   0: 3 0x800084e6 (0x9b6e) x22 0x00000000
core   0: 0x800084e8 (0x01559133) sll     sp, a1, s5
core   0: 3 0x800084e8 (0x01559133) x2  0x00000000
core   0: 0x800084ec (0x0000826d) c.srli  a2, 27
core   0: 3 0x800084ec (0x826d) x12 0x00000000
core   0: 0x800084ee (0xfc8a14e3) bne     s4, s0, pc - 56
core   0: 3 0x800084ee (0xfc8a14e3)
core   0: 0x800084b6 (0x001862b3) or      t0, a6, ra
core   0: 3 0x800084b6 (0x001862b3) x5  0x00000001
core   0: 0x800084ba (0x010b9c13) slli    s8, s7, 16
core   0: 3 0x800084ba (0x010b9c13) x24 0x00010000
core   0: 0x800084be (0x0000537d) c.li    t1, -1
core   0: 3 0x800084be (0x537d) x6  0xffffffff
core   0: 0x800084c0 (0x59fdf893) andi    a7, s11, 1439
core   0: 3 0x800084c0 (0x59fdf893) x17 0x00000000
core   0: 0x800084c4 (0x684d65b7) lui     a1, 0x684d6
core   0: 3 0x800084c4 (0x684d65b7) x11 0x684d6000
core   0: 0x800084c8 (0x07508293) addi    t0, ra, 117
core   0: 3 0x800084c8 (0x07508293) x5  0x00000076
core   0: 0x800084cc (0x010680b3) add     ra, a3, a6
core   0: 3 0x800084cc (0x010680b3) x1  0x00000001
core   0: 0x800084d0 (0xcd2d6c93) ori     s9, s10, -814
core   0: 3 0x800084d0 (0xcd2d6c93) x25 0xffffffff
core   0: 0x800084d4 (0x00001a7d) c.addi  s4, -1
core   0: 3 0x800084d4 (0x1a7d) x20 0xfffffff3
core   0: 0x800084d6 (0x00ef4533) xor     a0, t5, a4
core   0: 3 0x800084d6 (0x00ef4533) x10 0x80029d24
core   0: 0x800084da (0x037ae5b3) rem     a1, s5, s7
core   0: 3 0x800084da (0x037ae5b3) x11 0x00000000
core   0: 0x800084de (0x02001333) mulh    t1, zero, zero
core   0: 3 0x800084de (0x02001333) x6  0x00000000
core   0: 0x800084e2 (0x00008cc9) c.or    s1, a0
core   0: 3 0x800084e2 (0x8cc9) x9  0x80029fa4
core   0: 0x800084e4 (0x0000717d) c.addi16sp sp, -16
core   0: 3 0x800084e4 (0x717d) x2  0xfffffff0
core   0: 0x800084e6 (0x00009b6e) c.add   s6, s11
core   0: 3 0x800084e6 (0x9b6e) x22 0x00000000
core   0: 0x800084e8 (0x01559133) sll     sp, a1, s5
core   0: 3 0x800084e8 (0x01559133) x2  0x00000000
core   0: 0x800084ec (0x0000826d) c.srli  a2, 27
core   0: 3 0x800084ec (0x826d) x12 0x00000000
core   0: 0x800084ee (0xfc8a14e3) bne     s4, s0, pc - 56
core   0: 3 0x800084ee (0xfc8a14e3)
core   0: 0x800084b6 (0x001862b3) or      t0, a6, ra
core   0: 3 0x800084b6 (0x001862b3) x5  0x00000001
core   0: 0x800084ba (0x010b9c13) slli    s8, s7, 16
core   0: 3 0x800084ba (0x010b9c13) x24 0x00010000
core   0: 0x800084be (0x0000537d) c.li    t1, -1
core   0: 3 0x800084be (0x537d) x6  0xffffffff
core   0: 0x800084c0 (0x59fdf893) andi    a7, s11, 1439
core   0: 3 0x800084c0 (0x59fdf893) x17 0x00000000
core   0: 0x800084c4 (0x684d65b7) lui     a1, 0x684d6
core   0: 3 0x800084c4 (0x684d65b7) x11 0x684d6000
core   0: 0x800084c8 (0x07508293) addi    t0, ra, 117
core   0: 3 0x800084c8 (0x07508293) x5  0x00000076
core   0: 0x800084cc (0x010680b3) add     ra, a3, a6
core   0: 3 0x800084cc (0x010680b3) x1  0x00000001
core   0: 0x800084d0 (0xcd2d6c93) ori     s9, s10, -814
core   0: 3 0x800084d0 (0xcd2d6c93) x25 0xffffffff
core   0: 0x800084d4 (0x00001a7d) c.addi  s4, -1
core   0: 3 0x800084d4 (0x1a7d) x20 0xfffffff2
core   0: 0x800084d6 (0x00ef4533) xor     a0, t5, a4
core   0: 3 0x800084d6 (0x00ef4533) x10 0x80029d24
core   0: 0x800084da (0x037ae5b3) rem     a1, s5, s7
core   0: 3 0x800084da (0x037ae5b3) x11 0x00000000
core   0: 0x800084de (0x02001333) mulh    t1, zero, zero
core   0: 3 0x800084de (0x02001333) x6  0x00000000
core   0: 0x800084e2 (0x00008cc9) c.or    s1, a0
core   0: 3 0x800084e2 (0x8cc9) x9  0x80029fa4
core   0: 0x800084e4 (0x0000717d) c.addi16sp sp, -16
core   0: 3 0x800084e4 (0x717d) x2  0xfffffff0
core   0: 0x800084e6 (0x00009b6e) c.add   s6, s11
core   0: 3 0x800084e6 (0x9b6e) x22 0x00000000
core   0: 0x800084e8 (0x01559133) sll     sp, a1, s5
core   0: 3 0x800084e8 (0x01559133) x2  0x00000000
core   0: 0x800084ec (0x0000826d) c.srli  a2, 27
core   0: 3 0x800084ec (0x826d) x12 0x00000000
core   0: 0x800084ee (0xfc8a14e3) bne     s4, s0, pc - 56
core   0: 3 0x800084ee (0xfc8a14e3)
core   0: 0x800084b6 (0x001862b3) or      t0, a6, ra
core   0: 3 0x800084b6 (0x001862b3) x5  0x00000001
core   0: 0x800084ba (0x010b9c13) slli    s8, s7, 16
core   0: 3 0x800084ba (0x010b9c13) x24 0x00010000
core   0: 0x800084be (0x0000537d) c.li    t1, -1
core   0: 3 0x800084be (0x537d) x6  0xffffffff
core   0: 0x800084c0 (0x59fdf893) andi    a7, s11, 1439
core   0: 3 0x800084c0 (0x59fdf893) x17 0x00000000
core   0: 0x800084c4 (0x684d65b7) lui     a1, 0x684d6
core   0: 3 0x800084c4 (0x684d65b7) x11 0x684d6000
core   0: 0x800084c8 (0x07508293) addi    t0, ra, 117
core   0: 3 0x800084c8 (0x07508293) x5  0x00000076
core   0: 0x800084cc (0x010680b3) add     ra, a3, a6
core   0: 3 0x800084cc (0x010680b3) x1  0x00000001
core   0: 0x800084d0 (0xcd2d6c93) ori     s9, s10, -814
core   0: 3 0x800084d0 (0xcd2d6c93) x25 0xffffffff
core   0: 0x800084d4 (0x00001a7d) c.addi  s4, -1
core   0: 3 0x800084d4 (0x1a7d) x20 0xfffffff1
core   0: 0x800084d6 (0x00ef4533) xor     a0, t5, a4
core   0: 3 0x800084d6 (0x00ef4533) x10 0x80029d24
core   0: 0x800084da (0x037ae5b3) rem     a1, s5, s7
core   0: 3 0x800084da (0x037ae5b3) x11 0x00000000
core   0: 0x800084de (0x02001333) mulh    t1, zero, zero
core   0: 3 0x800084de (0x02001333) x6  0x00000000
core   0: 0x800084e2 (0x00008cc9) c.or    s1, a0
core   0: 3 0x800084e2 (0x8cc9) x9  0x80029fa4
core   0: 0x800084e4 (0x0000717d) c.addi16sp sp, -16
core   0: 3 0x800084e4 (0x717d) x2  0xfffffff0
core   0: 0x800084e6 (0x00009b6e) c.add   s6, s11
core   0: 3 0x800084e6 (0x9b6e) x22 0x00000000
core   0: 0x800084e8 (0x01559133) sll     sp, a1, s5
core   0: 3 0x800084e8 (0x01559133) x2  0x00000000
core   0: 0x800084ec (0x0000826d) c.srli  a2, 27
core   0: 3 0x800084ec (0x826d) x12 0x00000000
core   0: 0x800084ee (0xfc8a14e3) bne     s4, s0, pc - 56
core   0: 3 0x800084ee (0xfc8a14e3)
core   0: 0x800084b6 (0x001862b3) or      t0, a6, ra
core   0: 3 0x800084b6 (0x001862b3) x5  0x00000001
core   0: 0x800084ba (0x010b9c13) slli    s8, s7, 16
core   0: 3 0x800084ba (0x010b9c13) x24 0x00010000
core   0: 0x800084be (0x0000537d) c.li    t1, -1
core   0: 3 0x800084be (0x537d) x6  0xffffffff
core   0: 0x800084c0 (0x59fdf893) andi    a7, s11, 1439
core   0: 3 0x800084c0 (0x59fdf893) x17 0x00000000
core   0: 0x800084c4 (0x684d65b7) lui     a1, 0x684d6
core   0: 3 0x800084c4 (0x684d65b7) x11 0x684d6000
core   0: 0x800084c8 (0x07508293) addi    t0, ra, 117
core   0: 3 0x800084c8 (0x07508293) x5  0x00000076
core   0: 0x800084cc (0x010680b3) add     ra, a3, a6
core   0: 3 0x800084cc (0x010680b3) x1  0x00000001
core   0: 0x800084d0 (0xcd2d6c93) ori     s9, s10, -814
core   0: 3 0x800084d0 (0xcd2d6c93) x25 0xffffffff
core   0: 0x800084d4 (0x00001a7d) c.addi  s4, -1
core   0: 3 0x800084d4 (0x1a7d) x20 0xfffffff0
core   0: 0x800084d6 (0x00ef4533) xor     a0, t5, a4
core   0: 3 0x800084d6 (0x00ef4533) x10 0x80029d24
core   0: 0x800084da (0x037ae5b3) rem     a1, s5, s7
core   0: 3 0x800084da (0x037ae5b3) x11 0x00000000
core   0: 0x800084de (0x02001333) mulh    t1, zero, zero
core   0: 3 0x800084de (0x02001333) x6  0x00000000
core   0: 0x800084e2 (0x00008cc9) c.or    s1, a0
core   0: 3 0x800084e2 (0x8cc9) x9  0x80029fa4
core   0: 0x800084e4 (0x0000717d) c.addi16sp sp, -16
core   0: 3 0x800084e4 (0x717d) x2  0xfffffff0
core   0: 0x800084e6 (0x00009b6e) c.add   s6, s11
core   0: 3 0x800084e6 (0x9b6e) x22 0x00000000
core   0: 0x800084e8 (0x01559133) sll     sp, a1, s5
core   0: 3 0x800084e8 (0x01559133) x2  0x00000000
core   0: 0x800084ec (0x0000826d) c.srli  a2, 27
core   0: 3 0x800084ec (0x826d) x12 0x00000000
core   0: 0x800084ee (0xfc8a14e3) bne     s4, s0, pc - 56
core   0: 3 0x800084ee (0xfc8a14e3)
core   0: 0x800084b6 (0x001862b3) or      t0, a6, ra
core   0: 3 0x800084b6 (0x001862b3) x5  0x00000001
core   0: 0x800084ba (0x010b9c13) slli    s8, s7, 16
core   0: 3 0x800084ba (0x010b9c13) x24 0x00010000
core   0: 0x800084be (0x0000537d) c.li    t1, -1
core   0: 3 0x800084be (0x537d) x6  0xffffffff
core   0: 0x800084c0 (0x59fdf893) andi    a7, s11, 1439
core   0: 3 0x800084c0 (0x59fdf893) x17 0x00000000
core   0: 0x800084c4 (0x684d65b7) lui     a1, 0x684d6
core   0: 3 0x800084c4 (0x684d65b7) x11 0x684d6000
core   0: 0x800084c8 (0x07508293) addi    t0, ra, 117
core   0: 3 0x800084c8 (0x07508293) x5  0x00000076
core   0: 0x800084cc (0x010680b3) add     ra, a3, a6
core   0: 3 0x800084cc (0x010680b3) x1  0x00000001
core   0: 0x800084d0 (0xcd2d6c93) ori     s9, s10, -814
core   0: 3 0x800084d0 (0xcd2d6c93) x25 0xffffffff
core   0: 0x800084d4 (0x00001a7d) c.addi  s4, -1
core   0: 3 0x800084d4 (0x1a7d) x20 0xffffffef
core   0: 0x800084d6 (0x00ef4533) xor     a0, t5, a4
core   0: 3 0x800084d6 (0x00ef4533) x10 0x80029d24
core   0: 0x800084da (0x037ae5b3) rem     a1, s5, s7
core   0: 3 0x800084da (0x037ae5b3) x11 0x00000000
core   0: 0x800084de (0x02001333) mulh    t1, zero, zero
core   0: 3 0x800084de (0x02001333) x6  0x00000000
core   0: 0x800084e2 (0x00008cc9) c.or    s1, a0
core   0: 3 0x800084e2 (0x8cc9) x9  0x80029fa4
core   0: 0x800084e4 (0x0000717d) c.addi16sp sp, -16
core   0: 3 0x800084e4 (0x717d) x2  0xfffffff0
core   0: 0x800084e6 (0x00009b6e) c.add   s6, s11
core   0: 3 0x800084e6 (0x9b6e) x22 0x00000000
core   0: 0x800084e8 (0x01559133) sll     sp, a1, s5
core   0: 3 0x800084e8 (0x01559133) x2  0x00000000
core   0: 0x800084ec (0x0000826d) c.srli  a2, 27
core   0: 3 0x800084ec (0x826d) x12 0x00000000
core   0: 0x800084ee (0xfc8a14e3) bne     s4, s0, pc - 56
core   0: 3 0x800084ee (0xfc8a14e3)
core   0: 0x800084b6 (0x001862b3) or      t0, a6, ra
core   0: 3 0x800084b6 (0x001862b3) x5  0x00000001
core   0: 0x800084ba (0x010b9c13) slli    s8, s7, 16
core   0: 3 0x800084ba (0x010b9c13) x24 0x00010000
core   0: 0x800084be (0x0000537d) c.li    t1, -1
core   0: 3 0x800084be (0x537d) x6  0xffffffff
core   0: 0x800084c0 (0x59fdf893) andi    a7, s11, 1439
core   0: 3 0x800084c0 (0x59fdf893) x17 0x00000000
core   0: 0x800084c4 (0x684d65b7) lui     a1, 0x684d6
core   0: 3 0x800084c4 (0x684d65b7) x11 0x684d6000
core   0: 0x800084c8 (0x07508293) addi    t0, ra, 117
core   0: 3 0x800084c8 (0x07508293) x5  0x00000076
core   0: 0x800084cc (0x010680b3) add     ra, a3, a6
core   0: 3 0x800084cc (0x010680b3) x1  0x00000001
core   0: 0x800084d0 (0xcd2d6c93) ori     s9, s10, -814
core   0: 3 0x800084d0 (0xcd2d6c93) x25 0xffffffff
core   0: 0x800084d4 (0x00001a7d) c.addi  s4, -1
core   0: 3 0x800084d4 (0x1a7d) x20 0xffffffee
core   0: 0x800084d6 (0x00ef4533) xor     a0, t5, a4
core   0: 3 0x800084d6 (0x00ef4533) x10 0x80029d24
core   0: 0x800084da (0x037ae5b3) rem     a1, s5, s7
core   0: 3 0x800084da (0x037ae5b3) x11 0x00000000
core   0: 0x800084de (0x02001333) mulh    t1, zero, zero
core   0: 3 0x800084de (0x02001333) x6  0x00000000
core   0: 0x800084e2 (0x00008cc9) c.or    s1, a0
core   0: 3 0x800084e2 (0x8cc9) x9  0x80029fa4
core   0: 0x800084e4 (0x0000717d) c.addi16sp sp, -16
core   0: 3 0x800084e4 (0x717d) x2  0xfffffff0
core   0: 0x800084e6 (0x00009b6e) c.add   s6, s11
core   0: 3 0x800084e6 (0x9b6e) x22 0x00000000
core   0: 0x800084e8 (0x01559133) sll     sp, a1, s5
core   0: 3 0x800084e8 (0x01559133) x2  0x00000000
core   0: 0x800084ec (0x0000826d) c.srli  a2, 27
core   0: 3 0x800084ec (0x826d) x12 0x00000000
core   0: 0x800084ee (0xfc8a14e3) bne     s4, s0, pc - 56
core   0: 3 0x800084ee (0xfc8a14e3)
core   0: 0x800084b6 (0x001862b3) or      t0, a6, ra
core   0: 3 0x800084b6 (0x001862b3) x5  0x00000001
core   0: 0x800084ba (0x010b9c13) slli    s8, s7, 16
core   0: 3 0x800084ba (0x010b9c13) x24 0x00010000
core   0: 0x800084be (0x0000537d) c.li    t1, -1
core   0: 3 0x800084be (0x537d) x6  0xffffffff
core   0: 0x800084c0 (0x59fdf893) andi    a7, s11, 1439
core   0: 3 0x800084c0 (0x59fdf893) x17 0x00000000
core   0: 0x800084c4 (0x684d65b7) lui     a1, 0x684d6
core   0: 3 0x800084c4 (0x684d65b7) x11 0x684d6000
core   0: 0x800084c8 (0x07508293) addi    t0, ra, 117
core   0: 3 0x800084c8 (0x07508293) x5  0x00000076
core   0: 0x800084cc (0x010680b3) add     ra, a3, a6
core   0: 3 0x800084cc (0x010680b3) x1  0x00000001
core   0: 0x800084d0 (0xcd2d6c93) ori     s9, s10, -814
core   0: 3 0x800084d0 (0xcd2d6c93) x25 0xffffffff
core   0: 0x800084d4 (0x00001a7d) c.addi  s4, -1
core   0: 3 0x800084d4 (0x1a7d) x20 0xffffffed
core   0: 0x800084d6 (0x00ef4533) xor     a0, t5, a4
core   0: 3 0x800084d6 (0x00ef4533) x10 0x80029d24
core   0: 0x800084da (0x037ae5b3) rem     a1, s5, s7
core   0: 3 0x800084da (0x037ae5b3) x11 0x00000000
core   0: 0x800084de (0x02001333) mulh    t1, zero, zero
core   0: 3 0x800084de (0x02001333) x6  0x00000000
core   0: 0x800084e2 (0x00008cc9) c.or    s1, a0
core   0: 3 0x800084e2 (0x8cc9) x9  0x80029fa4
core   0: 0x800084e4 (0x0000717d) c.addi16sp sp, -16
core   0: 3 0x800084e4 (0x717d) x2  0xfffffff0
core   0: 0x800084e6 (0x00009b6e) c.add   s6, s11
core   0: 3 0x800084e6 (0x9b6e) x22 0x00000000
core   0: 0x800084e8 (0x01559133) sll     sp, a1, s5
core   0: 3 0x800084e8 (0x01559133) x2  0x00000000
core   0: 0x800084ec (0x0000826d) c.srli  a2, 27
core   0: 3 0x800084ec (0x826d) x12 0x00000000
core   0: 0x800084ee (0xfc8a14e3) bne     s4, s0, pc - 56
core   0: 3 0x800084ee (0xfc8a14e3)
core   0: 0x800084f2 (0x0368b8b3) mulhu   a7, a7, s6
core   0: 3 0x800084f2 (0x0368b8b3) x17 0x00000000
core   0: 0x800084f6 (0x00008d61) c.and   a0, s0
core   0: 3 0x800084f6 (0x8d61) x10 0x80029d24
core   0: 0x800084f8 (0x01a11e33) sll     t3, sp, s10
core   0: 3 0x800084f8 (0x01a11e33) x28 0x00000000
core   0: 0x800084fc (0x00336cb3) or      s9, t1, gp
core   0: 3 0x800084fc (0x00336cb3) x25 0x00000040
core   0: 0x80008500 (0x03ab7663) bgeu    s6, s10, pc + 44
core   0: 3 0x80008500 (0x03ab7663)
core   0: 0x80008504 (0xe78f8017) auipc   zero, 0xe78f8
core   0: 3 0x80008504 (0xe78f8017)
core   0: 0x80008508 (0x0000881d) c.andi  s0, 7
core   0: 3 0x80008508 (0x881d) x8  0x00000005
core   0: 0x8000850a (0x0000168c) c.addi4spn a1, sp, 864
core   0: 3 0x8000850a (0x168c) x11 0x00000360
core   0: 0x8000850c (0x012f7563) bgeu    t5, s2, pc + 10
core   0: 3 0x8000850c (0x012f7563)
core   0: 0x80008516 (0x02eea033) mulhsu  zero, t4, a4
core   0: 3 0x80008516 (0x02eea033)
core   0: 0x8000851a (0x02069e33) mulh    t3, a3, zero
core   0: 3 0x8000851a (0x02069e33) x28 0x00000000
core   0: 0x8000851e (0x362f2913) slti    s2, t5, 866
core   0: 3 0x8000851e (0x362f2913) x18 0x00000001
core   0: 0x80008522 (0x0000987d) c.andi  s0, -1
core   0: 3 0x80008522 (0x987d) x8  0x00000005
core   0: 0x80008524 (0x02118e33) mul     t3, gp, ra
core   0: 3 0x80008524 (0x02118e33) x28 0x00000040
core   0: 0x80008528 (0x000086d9) c.srai  a3, 22
core   0: 3 0x80008528 (0x86d9) x13 0x00000000
core   0: 0x8000852a (0x0000eee1) c.bnez  a3, pc + 216
core   0: 3 0x8000852a (0xeee1)
core   0: 0x8000852c (0xd063f4b7) lui     s1, 0xd063f
core   0: 3 0x8000852c (0xd063f4b7) x9  0xd063f000
core   0: 0x80008530 (0x408cd513) srai    a0, s9, 8
core   0: 3 0x80008530 (0x408cd513) x10 0x00000000
core   0: 0x80008534 (0x0dfbc463) blt     s7, t6, pc + 200
core   0: 3 0x80008534 (0x0dfbc463)
core   0: 0x800085fc (0x0000091d) c.addi  s2, 7
core   0: 3 0x800085fc (0x091d) x18 0x00000008
core   0: 0x800085fe (0x03c64763) blt     a2, t3, pc + 46
core   0: 3 0x800085fe (0x03c64763)
core   0: 0x8000862c (0x00000c6d) c.addi  s8, 27
core   0: 3 0x8000862c (0x0c6d) x24 0x0001001b
core   0: 0x8000862e (0x03ad34b3) mulhu   s1, s10, s10
core   0: 3 0x8000862e (0x03ad34b3) x9  0xfffffffe
core   0: 0x80008632 (0x03f06263) bltu    zero, t6, pc + 36
core   0: 3 0x80008632 (0x03f06263)
core   0: 0x80008656 (0x41a85933) sra     s2, a6, s10
core   0: 3 0x80008656 (0x41a85933) x18 0x00000000
core   0: 0x8000865a (0xea90cc93) xori    s9, ra, -343
core   0: 3 0x8000865a (0xea90cc93) x25 0xfffffea8
core   0: 0x8000865e (0x0314bdb3) mulhu   s11, s1, a7
core   0: 3 0x8000865e (0x0314bdb3) x27 0x00000000
core   0: 0x80008662 (0x011e9293) slli    t0, t4, 17
core   0: 3 0x80008662 (0x011e9293) x5  0xbc500000
core   0: 0x80008666 (0x032ef6b3) remu    a3, t4, s2
core   0: 3 0x80008666 (0x032ef6b3) x13 0x80025e28
core   0: 0x8000866a (0x0000095e) c.slli  s2, 23
core   0: 3 0x8000866a (0x095e) x18 0x00000000
core   0: 0x8000866c (0x4121dc93) srai    s9, gp, 18
core   0: 3 0x8000866c (0x4121dc93) x25 0x00000000
core   0: 0x80008670 (0x02d7fa33) remu    s4, a5, a3
core   0: 3 0x80008670 (0x02d7fa33) x20 0x7ffda1d7
core   0: 0x80008674 (0x07920e37) lui     t3, 0x7920
core   0: 3 0x80008674 (0x07920e37) x28 0x07920000
core   0: 0x80008678 (0x0067f663) bgeu    a5, t1, pc + 12
core   0: 3 0x80008678 (0x0067f663)
core   0: 0x80008684 (0x0123ae33) slt     t3, t2, s2
core   0: 3 0x80008684 (0x0123ae33) x28 0x00000000
core   0: 0x80008688 (0x000082a9) c.srli  a3, 10
core   0: 3 0x80008688 (0x82a9) x13 0x00200097
core   0: 0x8000868a (0x00008d71) c.and   a0, a2
core   0: 3 0x8000868a (0x8d71) x10 0x00000000
core   0: 0x8000868c (0x037be2b3) rem     t0, s7, s7
core   0: 3 0x8000868c (0x037be2b3) x5  0x00000000
core   0: 0x80008690 (0x01565b93) srli    s7, a2, 21
core   0: 3 0x80008690 (0x01565b93) x23 0x00000000
core   0: 0x80008694 (0x0000882d) c.andi  s0, 11
core   0: 3 0x80008694 (0x882d) x8  0x00000001
core   0: 0x80008696 (0x41f7d4b3) sra     s1, a5, t6
core   0: 3 0x80008696 (0x41f7d4b3) x9  0xffffffff
core   0: 0x8000869a (0x0000717d) c.addi16sp sp, -16
core   0: 3 0x8000869a (0x717d) x2  0xfffffff0
core   0: 0x8000869c (0x034808b3) mul     a7, a6, s4
core   0: 3 0x8000869c (0x034808b3) x17 0x7ffda1d7
core   0: 0x800086a0 (0x000062c5) c.lui   t0, 0x11
core   0: 3 0x800086a0 (0x62c5) x5  0x00011000
core   0: 0x800086a2 (0x00051913) slli    s2, a0, 0
core   0: 3 0x800086a2 (0x00051913) x18 0x00000000
core   0: 0x800086a6 (0x00c31533) sll     a0, t1, a2
core   0: 3 0x800086a6 (0x00c31533) x10 0x00000000
core   0: 0x800086aa (0x00006839) c.lui   a6, 0xe
core   0: 3 0x800086aa (0x6839) x16 0x0000e000
core   0: 0x800086ac (0x00008bdd) c.andi  a5, 23
core   0: 3 0x800086ac (0x8bdd) x15 0x00000017
core   0: 0x800086ae (0x00008dd1) c.or    a1, a2
core   0: 3 0x800086ae (0x8dd1) x11 0x00000360
core   0: 0x800086b0 (0x410e0733) sub     a4, t3, a6
core   0: 3 0x800086b0 (0x410e0733) x14 0xffff2000
core   0: 0x800086b4 (0x19037c97) auipc   s9, 0x19037
core   0: 3 0x800086b4 (0x19037c97) x25 0x9903f6b4
core   0: 0x800086b8 (0x01699b33) sll     s6, s3, s6
core   0: 3 0x800086b8 (0x01699b33) x22 0x00000000
core   0: 0x800086bc (0x02f996b3) mulh    a3, s3, a5
core   0: 3 0x800086bc (0x02f996b3) x13 0x00000000
core   0: 0x800086c0 (0x0265ad33) mulhsu  s10, a1, t1
core   0: 3 0x800086c0 (0x0265ad33) x26 0x00000000
core   0: 0x800086c4 (0x010d7533) and     a0, s10, a6
core   0: 3 0x800086c4 (0x010d7533) x10 0x00000000
core   0: 0x800086c8 (0x3e930f97) auipc   t6, 0x3e930
core   0: 3 0x800086c8 (0x3e930f97) x31 0xbe9386c8
core   0: 0x800086cc (0x084d4e13) xori    t3, s10, 132
core   0: 3 0x800086cc (0x084d4e13) x28 0x00000084
core   0: 0x800086d0 (0x004e0463) beq     t3, tp, pc + 8
core   0: 3 0x800086d0 (0x004e0463)
core   0: 0x800086d4 (0x00756563) bltu    a0, t2, pc + 10
core   0: 3 0x800086d4 (0x00756563)
core   0: 0x800086de (0x00008cc1) c.or    s1, s0
core   0: 3 0x800086de (0x8cc1) x9  0xffffffff
core   0: 0x800086e0 (0x035ae963) bltu    s5, s5, pc + 50
core   0: 3 0x800086e0 (0x035ae963)
core   0: 0x800086e4 (0x9973f793) andi    a5, t2, -1641
core   0: 3 0x800086e4 (0x9973f793) x15 0x00011000
core   0: 0x800086e8 (0x007e6b63) bltu    t3, t2, pc + 22
core   0: 3 0x800086e8 (0x007e6b63)
core   0: 0x800086fe (0x0000137d) c.addi  t1, -1
core   0: 3 0x800086fe (0x137d) x6  0xffffffff
core   0: 0x80008700 (0x01e39e33) sll     t3, t2, t5
core   0: 3 0x80008700 (0x01e39e33) x28 0x00110000
core   0: 0x80008704 (0x00f2ebb3) or      s7, t0, a5
core   0: 3 0x80008704 (0x00f2ebb3) x23 0x00011000
core   0: 0x80008708 (0x00000001) c.nop
core   0: 3 0x80008708 (0x0001)
core   0: 0x8000870a (0x01420433) add     s0, tp, s4
core   0: 3 0x8000870a (0x01420433) x8  0x7ffda1dd
core   0: 0x8000870e (0x41f6d6b3) sra     a3, a3, t6
core   0: 3 0x8000870e (0x41f6d6b3) x13 0x00000000
core   0: 0x80008712 (0x010efb63) bgeu    t4, a6, pc + 22
core   0: 3 0x80008712 (0x010efb63)
core   0: 0x80008728 (0x00008b52) c.mv    s6, s4
core   0: 3 0x80008728 (0x8b52) x22 0x7ffda1d7
core   0: 0x8000872a (0x013d5b33) srl     s6, s10, s3
core   0: 3 0x8000872a (0x013d5b33) x22 0x00000000
core   0: 0x8000872e (0x0000032d) c.addi  t1, 11
core   0: 3 0x8000872e (0x032d) x6  0x0000000a
core   0: 0x80008730 (0x017f12b3) sll     t0, t5, s7
core   0: 3 0x80008730 (0x017f12b3) x5  0x80029d24
core   0: 0x80008734 (0x007f6e33) or      t3, t5, t2
core   0: 3 0x80008734 (0x007f6e33) x28 0x80039d24
core   0: 0x80008738 (0x00008351) c.srli  a4, 20
core   0: 3 0x80008738 (0x8351) x14 0x00000fff
core   0: 0x8000873a (0x40760d33) sub     s10, a2, t2
core   0: 3 0x8000873a (0x40760d33) x26 0xfffef000
core   0: 0x8000873e (0xf0becd13) xori    s10, t4, -245
core   0: 3 0x8000873e (0xf0becd13) x26 0x7ffda123
core   0: 0x80008742 (0x71d28b37) lui     s6, 0x71d28
core   0: 3 0x80008742 (0x71d28b37) x22 0x71d28000
core   0: 0x80008746 (0x0000e1a9) c.bnez  a1, pc + 66
core   0: 3 0x80008746 (0xe1a9)
core   0: 0x80008788 (0x03cb1a33) mulh    s4, s6, t3
core   0: 3 0x80008788 (0x03cb1a33) x20 0xc7185b55
core   0: 0x8000878c (0x412fd433) sra     s0, t6, s2
core   0: 3 0x8000878c (0x412fd433) x8  0xbe9386c8
core   0: 0x80008790 (0x01dd87b3) add     a5, s11, t4
core   0: 3 0x80008790 (0x01dd87b3) x15 0x80025e28
core   0: 0x80008794 (0x0000197d) c.addi  s2, -1
core   0: 3 0x80008794 (0x197d) x18 0xffffffff
core   0: 0x80008796 (0x8193c993) xori    s3, t2, -2023
core   0: 3 0x80008796 (0x8193c993) x19 0xfffee819
core   0: 0x8000879a (0xa0c34213) xori    tp, t1, -1524
core   0: 3 0x8000879a (0xa0c34213) x4  0xfffffa06
core   0: 0x8000879e (0xe0313537) lui     a0, 0xe0313
core   0: 3 0x8000879e (0xe0313537) x10 0xe0313000
core   0: 0x800087a2 (0x02d7dcb3) divu    s9, a5, a3
core   0: 3 0x800087a2 (0x02d7dcb3) x25 0xffffffff
core   0: 0x800087a6 (0x001a1113) slli    sp, s4, 1
core   0: 3 0x800087a6 (0x001a1113) x2  0x8e30b6aa
core   0: 0x800087aa (0x00f7b733) sltu    a4, a5, a5
core   0: 3 0x800087aa (0x00f7b733) x14 0x00000000
core   0: 0x800087ae (0x00008f25) c.xor   a4, s1
core   0: 3 0x800087ae (0x8f25) x14 0xffffffff
core   0: 0x800087b0 (0x405fd813) srai    a6, t6, 5
core   0: 3 0x800087b0 (0x405fd813) x16 0xfdf49c36
core   0: 0x800087b4 (0x00000b18) c.addi4spn a4, sp, 400
core   0: 3 0x800087b4 (0x0b18) x14 0x8e30b83a
core   0: 0x800087b6 (0x03473cb3) mulhu   s9, a4, s4
core   0: 3 0x800087b6 (0x03473cb3) x25 0x6e956680
core   0: 0x800087ba (0x01336263) bltu    t1, s3, pc + 4
core   0: 3 0x800087ba (0x01336263)
core   0: 0x800087be (0x0031c433) xor     s0, gp, gp
core   0: 3 0x800087be (0x0031c433) x8  0x00000000
core   0: 0x800087c2 (0x8a69bb93) sltiu   s7, s3, -1882
core   0: 3 0x800087c2 (0x8a69bb93) x23 0x00000001
core   0: 0x800087c6 (0x00213c33) sltu    s8, sp, sp
core   0: 3 0x800087c6 (0x00213c33) x24 0x00000000
core   0: 0x800087ca (0x0392a233) mulhsu  tp, t0, s9
core   0: 3 0x800087ca (0x0392a233) x4  0xc8b66dcb
core   0: 0x800087ce (0x02621e33) mulh    t3, tp, t1
core   0: 3 0x800087ce (0x02621e33) x28 0xfffffffd
core   0: 0x800087d2 (0x02f176b3) remu    a3, sp, a5
core   0: 3 0x800087d2 (0x02f176b3) x13 0x0e2e5882
core   0: 0x800087d6 (0x00006b41) c.lui   s6, 0x10
core   0: 3 0x800087d6 (0x6b41) x22 0x00010000
core   0: 0x800087d8 (0x41f30633) sub     a2, t1, t6
core   0: 3 0x800087d8 (0x41f30633) x12 0x416c7942
core   0: 0x800087dc (0x0353f433) remu    s0, t2, s5
core   0: 3 0x800087dc (0x0353f433) x8  0x00000000
core   0: 0x800087e0 (0x000088e9) c.andi  s1, 26
core   0: 3 0x800087e0 (0x88e9) x9  0x0000001a
core   0: 0x800087e2 (0x01ed6b63) bltu    s10, t5, pc + 22
core   0: 3 0x800087e2 (0x01ed6b63)
core   0: 0x800087f8 (0x017dc433) xor     s0, s11, s7
core   0: 3 0x800087f8 (0x017dc433) x8  0x00000001
core   0: 0x800087fc (0x00005e7d) c.li    t3, -1
core   0: 3 0x800087fc (0x5e7d) x28 0xffffffff
core   0: 0x800087fe (0x00000912) c.slli  s2, 4
core   0: 3 0x800087fe (0x0912) x18 0xfffffff0
core   0: 0x80008800 (0xbd40b193) sltiu   gp, ra, -1068
core   0: 3 0x80008800 (0xbd40b193) x3  0x00000001
core   0: 0x80008804 (0x00e9de33) srl     t3, s3, a4
core   0: 3 0x80008804 (0x00e9de33) x28 0x0000003f
core   0: 0x80008808 (0x01ab5d13) srli    s10, s6, 26
core   0: 3 0x80008808 (0x01ab5d13) x26 0x00000000
core   0: 0x8000880c (0x40bbdb13) srai    s6, s7, 11
core   0: 3 0x8000880c (0x40bbdb13) x22 0x00000000
core   0: 0x80008810 (0x00008c05) c.sub   s0, s1
core   0: 3 0x80008810 (0x8c05) x8  0xffffffe7
core   0: 0x80008812 (0x014bc133) xor     sp, s7, s4
core   0: 3 0x80008812 (0x014bc133) x2  0xc7185b54
core   0: 0x80008816 (0x00001494) c.addi4spn a3, sp, 608
core   0: 3 0x80008816 (0x1494) x13 0xc7185db4
core   0: 0x80008818 (0x03bda433) mulhsu  s0, s11, s11
core   0: 3 0x80008818 (0x03bda433) x8  0x00000000
core   0: 0x8000881c (0xb0427993) andi    s3, tp, -1276
core   0: 3 0x8000881c (0xb0427993) x19 0xc8b66900
core   0: 0x80008820 (0x0000cb05) c.beqz  a4, pc + 48
core   0: 3 0x80008820 (0xcb05)
core   0: 0x80008822 (0x02238933) mul     s2, t2, sp
core   0: 3 0x80008822 (0x02238933) x18 0xe1094000
core   0: 0x80008826 (0x00006d29) c.lui   s10, 0xa
core   0: 3 0x80008826 (0x6d29) x26 0x0000a000
core   0: 0x80008828 (0x00000804) c.addi4spn s1, sp, 16
core   0: 3 0x80008828 (0x0804) x9  0xc7185b64
core   0: 0x8000882a (0x00009a7d) c.andi  a2, -1
core   0: 3 0x8000882a (0x9a7d) x12 0x416c7942
core   0: 0x8000882c (0x0000840e) c.mv    s0, gp
core   0: 3 0x8000882c (0x840e) x8  0x00000001
core   0: 0x8000882e (0x3fcdc093) xori    ra, s11, 1020
core   0: 3 0x8000882e (0x3fcdc093) x1  0x000003fc
core   0: 0x80008832 (0x00000001) c.nop
core   0: 3 0x80008832 (0x0001)
core   0: 0x80008834 (0x40b65f93) srai    t6, a2, 11
core   0: 3 0x80008834 (0x40b65f93) x31 0x00082d8f
core   0: 0x80008838 (0x0348c713) xori    a4, a7, 52
core   0: 3 0x80008838 (0x0348c713) x14 0x7ffda1e3
core   0: 0x8000883c (0x00000001) c.nop
core   0: 3 0x8000883c (0x0001)
core   0: 0x8000883e (0x0000e18d) c.bnez  a1, pc + 34
core   0: 3 0x8000883e (0xe18d)
core   0: 0x80008860 (0x002c7a33) and     s4, s8, sp
core   0: 3 0x80008860 (0x002c7a33) x20 0x00000000
core   0: 0x80008864 (0x00a1d933) srl     s2, gp, a0
core   0: 3 0x80008864 (0x00a1d933) x18 0x00000001
core   0: 0x80008868 (0x00008fb1) c.xor   a5, a2
core   0: 3 0x80008868 (0x8fb1) x15 0xc16e276a
core   0: 0x8000886a (0x03cd9a33) mulh    s4, s11, t3
core   0: 3 0x8000886a (0x03cd9a33) x20 0x00000000
core   0: 0x8000886e (0x00008151) c.srli  a0, 20
core   0: 3 0x8000886e (0x8151) x10 0x00000e03
core   0: 0x80008870 (0x02594d63) blt     s2, t0, pc + 58
core   0: 3 0x80008870 (0x02594d63)
core   0: 0x80008874 (0x01a196b3) sll     a3, gp, s10
core   0: 3 0x80008874 (0x01a196b3) x13 0x00000001
core   0: 0x80008878 (0x03178fb3) mul     t6, a5, a7
core   0: 3 0x80008878 (0x03178fb3) x31 0x440ec406
core   0: 0x8000887c (0x36b7f093) andi    ra, a5, 875
core   0: 3 0x8000887c (0x36b7f093) x1  0x0000036a
core   0: 0x80008880 (0xd0eca493) slti    s1, s9, -754
core   0: 3 0x80008880 (0xd0eca493) x9  0x00000000
core   0: 0x80008884 (0x40cf5993) srai    s3, t5, 12
core   0: 3 0x80008884 (0x40cf5993) x19 0xfff80029
core   0: 0x80008888 (0x0000984a) c.add   a6, s2
core   0: 3 0x80008888 (0x984a) x16 0xfdf49c37
core   0: 0x8000888a (0x00000001) c.nop
core   0: 3 0x8000888a (0x0001)
core   0: 0x8000888c (0x02677e33) remu    t3, a4, t1
core   0: 3 0x8000888c (0x02677e33) x28 0x00000003
core   0: 0x80008890 (0x00901f93) slli    t6, zero, 9
core   0: 3 0x80008890 (0x00901f93) x31 0x00000000
core   0: 0x80008894 (0x00748b63) beq     s1, t2, pc + 22
core   0: 3 0x80008894 (0x00748b63)
core   0: 0x80008898 (0x0000e891) c.bnez  s1, pc + 20
core   0: 3 0x80008898 (0xe891)
core   0: 0x8000889a (0x00000001) c.nop
core   0: 3 0x8000889a (0x0001)
core   0: 0x8000889c (0xc6e68b93) addi    s7, a3, -914
core   0: 3 0x8000889c (0xc6e68b93) x23 0xfffffc6f
core   0: 0x800088a0 (0x00006cf1) c.lui   s9, 0x1c
core   0: 3 0x800088a0 (0x6cf1) x25 0x0001c000
core   0: 0x800088a2 (0x03ff64b3) rem     s1, t5, t6
core   0: 3 0x800088a2 (0x03ff64b3) x9  0x80029d24
core   0: 0x800088a6 (0x00000001) c.nop
core   0: 3 0x800088a6 (0x0001)
core   0: 0x800088a8 (0x00000001) c.nop
core   0: 3 0x800088a8 (0x0001)
core   0: 0x800088aa (0x00008e25) c.xor   a2, s1
core   0: 3 0x800088aa (0x8e25) x12 0xc16ee466
core   0: 0x800088ac (0x00eaa0b3) slt     ra, s5, a4
core   0: 3 0x800088ac (0x00eaa0b3) x1  0x00000001
core   0: 0x800088b0 (0x0000ed15) c.bnez  a0, pc + 60
core   0: 3 0x800088b0 (0xed15)
core   0: 0x800088ec (0x015b5333) srl     t1, s6, s5
core   0: 3 0x800088ec (0x015b5333) x6  0x00000000
core   0: 0x800088f0 (0x000018fd) c.addi  a7, -1
core   0: 3 0x800088f0 (0x18fd) x17 0x7ffda1d6
core   0: 0x800088f2 (0x00005e7d) c.li    t3, -1
core   0: 3 0x800088f2 (0x5e7d) x28 0xffffffff
core   0: 0x800088f4 (0x0000e585) c.bnez  a1, pc + 40
core   0: 3 0x800088f4 (0xe585)
core   0: 0x8000891c (0xfab7e793) ori     a5, a5, -85
core   0: 3 0x8000891c (0xfab7e793) x15 0xffffffeb
core   0: 0x80008920 (0x00008059) c.srli  s0, 22
core   0: 3 0x80008920 (0x8059) x8  0x00000000
core   0: 0x80008922 (0x02a31f63) bne     t1, a0, pc + 62
core   0: 3 0x80008922 (0x02a31f63)
core   0: 0x80008960 (0x00227d63) bgeu    tp, sp, pc + 26
core   0: 3 0x80008960 (0x00227d63)
core   0: 0x8000897a (0x030a2a33) mulhsu  s4, s4, a6
core   0: 3 0x8000897a (0x030a2a33) x20 0x00000000
core   0: 0x8000897e (0x00001c1c) c.addi4spn a5, sp, 560
core   0: 3 0x8000897e (0x1c1c) x15 0xc7185d84
core   0: 0x80008980 (0x00008ddd) c.or    a1, a5
core   0: 3 0x80008980 (0x8ddd) x11 0xc7185fe4
core   0: 0x80008982 (0x000007ae) c.slli  a5, 11
core   0: 3 0x80008982 (0x07ae) x15 0xc2ec2000
core   0: 0x80008984 (0x0000ec85) c.bnez  s1, pc + 56
core   0: 3 0x80008984 (0xec85)
core   0: 0x800089bc (0x0293f663) bgeu    t2, s1, pc + 44
core   0: 3 0x800089bc (0x0293f663)
core   0: 0x800089c0 (0x01c106b3) add     a3, sp, t3
core   0: 3 0x800089c0 (0x01c106b3) x13 0xc7185b53
core   0: 0x800089c4 (0x405f5293) srai    t0, t5, 5
core   0: 3 0x800089c4 (0x405f5293) x5  0xfc0014e9
core   0: 0x800089c8 (0xdec00293) li      t0, -532
core   0: 3 0x800089c8 (0xdec00293) x5  0xfffffdec
core   0: 0x800089cc (0x00008419) c.srai  s0, 6
core   0: 3 0x800089cc (0x8419) x8  0x00000000
core   0: 0x800089ce (0x00004771) c.li    a4, 28
core   0: 3 0x800089ce (0x4771) x14 0x0000001c
core   0: 0x800089d0 (0x00000d1a) c.slli  s10, 6
core   0: 3 0x800089d0 (0x0d1a) x26 0x00280000
core   0: 0x800089d2 (0x009fd763) bge     t6, s1, pc + 14
core   0: 3 0x800089d2 (0x009fd763)
core   0: 0x800089e0 (0x00daf533) and     a0, s5, a3
core   0: 3 0x800089e0 (0x00daf533) x10 0x00000000
core   0: 0x800089e4 (0x41d80e33) sub     t3, a6, t4
core   0: 3 0x800089e4 (0x41d80e33) x28 0x7df23e0f
core   0: 0x800089e8 (0x00008e9d) c.sub   a3, a5
core   0: 3 0x800089e8 (0x8e9d) x13 0x042c3b53
core   0: 0x800089ea (0x00008c11) c.sub   s0, a2
core   0: 3 0x800089ea (0x8c11) x8  0x3e911b9a
core   0: 0x800089ec (0x08a4ce63) blt     s1, a0, pc + 156
core   0: 3 0x800089ec (0x08a4ce63)
core   0: 0x80008a88 (0x0145a233) slt     tp, a1, s4
core   0: 3 0x80008a88 (0x0145a233) x4  0x00000001
core   0: 0x80008a8c (0x969d8213) addi    tp, s11, -1687
core   0: 3 0x80008a8c (0x969d8213) x4  0xfffff969
core   0: 0x80008a90 (0xdfc18713) addi    a4, gp, -516
core   0: 3 0x80008a90 (0xdfc18713) x14 0xfffffdfd
core   0: 0x80008a94 (0x00008d06) c.mv    s10, ra
core   0: 3 0x80008a94 (0x8d06) x26 0x00000001
core   0: 0x80008a96 (0x1b4dce13) xori    t3, s11, 436
core   0: 3 0x80008a96 (0x1b4dce13) x28 0x000001b4
core   0: 0x80008a9a (0x03b41fb3) mulh    t6, s0, s11
core   0: 3 0x80008a9a (0x03b41fb3) x31 0x00000000
core   0: 0x80008a9e (0x0363ecb3) rem     s9, t2, s6
core   0: 3 0x80008a9e (0x0363ecb3) x25 0x00011000
core   0: 0x80008aa2 (0x01ec6663) bltu    s8, t5, pc + 12
core   0: 3 0x80008aa2 (0x01ec6663)
core   0: 0x80008aae (0x033ac2b3) div     t0, s5, s3
core   0: 3 0x80008aae (0x033ac2b3) x5  0x00000000
core   0: 0x80008ab2 (0x00008c36) c.mv    s8, a3
core   0: 3 0x80008ab2 (0x8c36) x24 0x042c3b53
core   0: 0x80008ab4 (0x00008dbd) c.xor   a1, a5
core   0: 3 0x80008ab4 (0x8dbd) x11 0x05f47fe4
core   0: 0x80008ab6 (0x00000c66) c.slli  s8, 25
core   0: 3 0x80008ab6 (0x0c66) x24 0xa6000000
core   0: 0x80008ab8 (0x03b45263) bge     s0, s11, pc + 36
core   0: 3 0x80008ab8 (0x03b45263)
core   0: 0x80008adc (0x00008c71) c.and   s0, a2
core   0: 3 0x80008adc (0x8c71) x8  0x00000002
core   0: 0x80008ade (0x000098fd) c.andi  s1, -1
core   0: 3 0x80008ade (0x98fd) x9  0x80029d24
core   0: 0x80008ae0 (0x4140dd33) sra     s10, ra, s4
core   0: 3 0x80008ae0 (0x4140dd33) x26 0x00000001
core   0: 0x80008ae4 (0xd9b2fb93) andi    s7, t0, -613
core   0: 3 0x80008ae4 (0xd9b2fb93) x23 0x00000000
core   0: 0x80008ae8 (0x037c8263) beq     s9, s7, pc + 36
core   0: 3 0x80008ae8 (0x037c8263)
core   0: 0x80008aec (0x00008e81) c.sub   a3, s0
core   0: 3 0x80008aec (0x8e81) x13 0x042c3b51
core   0: 0x80008aee (0x00450c63) beq     a0, tp, pc + 24
core   0: 3 0x80008aee (0x00450c63)
core   0: 0x80008af2 (0x03306963) bltu    zero, s3, pc + 50
core   0: 3 0x80008af2 (0x03306963)
core   0: 0x80008b24 (0x01032933) slt     s2, t1, a6
core   0: 3 0x80008b24 (0x01032933) x18 0x00000000
core   0: 0x80008b28 (0x00008e5d) c.or    a2, a5
core   0: 3 0x80008b28 (0x8e5d) x12 0xc3eee466
core   0: 0x80008b2a (0x947b0b13) addi    s6, s6, -1721
core   0: 3 0x80008b2a (0x947b0b13) x22 0xfffff947
core   0: 0x80008b2e (0x000069b1) c.lui   s3, 0xc
core   0: 3 0x80008b2e (0x69b1) x19 0x0000c000
core   0: 0x80008b30 (0x00008d1d) c.sub   a0, a5
core   0: 3 0x80008b30 (0x8d1d) x10 0x3d13e000
core   0: 0x80008b32 (0xd8196497) auipc   s1, 0xd8196
core   0: 3 0x80008b32 (0xd8196497) x9  0x5819eb32
core   0: 0x80008b36 (0x00008cfd) c.and   s1, a5
core   0: 3 0x80008b36 (0x8cfd) x9  0x40082000
core   0: 0x80008b38 (0x00000001) c.nop
core   0: 3 0x80008b38 (0x0001)
core   0: 0x80008b3a (0x41378c33) sub     s8, a5, s3
core   0: 3 0x80008b3a (0x41378c33) x24 0xc2eb6000
core   0: 0x80008b3e (0x000065e9) c.lui   a1, 0x1a
core   0: 3 0x80008b3e (0x65e9) x11 0x0001a000
core   0: 0x80008b40 (0x403180b3) sub     ra, gp, gp
core   0: 3 0x80008b40 (0x403180b3) x1  0x00000000
core   0: 0x80008b44 (0x03a08033) mul     zero, ra, s10
core   0: 3 0x80008b44 (0x03a08033)
core   0: 0x80008b48 (0x018dd593) srli    a1, s11, 24
core   0: 3 0x80008b48 (0x018dd593) x11 0x00000000
core   0: 0x80008b4c (0x03080e63) beq     a6, a6, pc + 60
core   0: 3 0x80008b4c (0x03080e63)
core   0: 0x80008b88 (0x000008d9) c.addi  a7, 22
core   0: 3 0x80008b88 (0x08d9) x17 0x7ffda1ec
core   0: 0x80008b8a (0x00a5b0b3) sltu    ra, a1, a0
core   0: 3 0x80008b8a (0x00a5b0b3) x1  0x00000001
core   0: 0x80008b8e (0x00791d13) slli    s10, s2, 7
core   0: 3 0x80008b8e (0x00791d13) x26 0x00000000
core   0: 0x80008b92 (0x93cde793) ori     a5, s11, -1732
core   0: 3 0x80008b92 (0x93cde793) x15 0xfffff93c
core   0: 0x80008b96 (0x40c4d233) sra     tp, s1, a2
core   0: 3 0x80008b96 (0x40c4d233) x4  0x01002080
core   0: 0x80008b9a (0x7f592b93) slti    s7, s2, 2037
core   0: 3 0x80008b9a (0x7f592b93) x23 0x00000001
core   0: 0x80008b9e (0x00008f61) c.and   a4, s0
core   0: 3 0x80008b9e (0x8f61) x14 0x00000000
core   0: 0x80008ba0 (0x0000e60d) c.bnez  a2, pc + 42
core   0: 3 0x80008ba0 (0xe60d)
core   0: 0x80008bca (0x0305f233) remu    tp, a1, a6
core   0: 3 0x80008bca (0x0305f233) x4  0x00000000
core   0: 0x80008bce (0x01ae5b93) srli    s7, t3, 26
core   0: 3 0x80008bce (0x01ae5b93) x23 0x00000000
core   0: 0x80008bd2 (0x402056b3) sra     a3, zero, sp
core   0: 3 0x80008bd2 (0x402056b3) x13 0x00000000
core   0: 0x80008bd6 (0x0315de33) divu    t3, a1, a7
core   0: 3 0x80008bd6 (0x0315de33) x28 0x00000000
core   0: 0x80008bda (0x03f04e33) div     t3, zero, t6
core   0: 3 0x80008bda (0x03f04e33) x28 0xffffffff
core   0: 0x80008bde (0xc7597797) auipc   a5, 0xc7597
core   0: 3 0x80008bde (0xc7597797) x15 0x4759fbde
core   0: 0x80008be2 (0x0000c019) c.beqz  s0, pc + 6
core   0: 3 0x80008be2 (0xc019)
core   0: 0x80008be4 (0x7a930193) addi    gp, t1, 1961
core   0: 3 0x80008be4 (0x7a930193) x3  0x000007a9
core   0: 0x80008be8 (0x0d844d13) xori    s10, s0, 216
core   0: 3 0x80008be8 (0x0d844d13) x26 0x000000da
core   0: 0x80008bec (0x00720cb3) add     s9, tp, t2
core   0: 3 0x80008bec (0x00720cb3) x25 0x00011000
core   0: 0x80008bf0 (0x15ed2e13) slti    t3, s10, 350
core   0: 3 0x80008bf0 (0x15ed2e13) x28 0x00000001
core   0: 0x80008bf4 (0xc2f36293) ori     t0, t1, -977
core   0: 3 0x80008bf4 (0xc2f36293) x5  0xfffffc2f
core   0: 0x80008bf8 (0x283b6813) ori     a6, s6, 643
core   0: 3 0x80008bf8 (0x283b6813) x16 0xfffffbc7
core   0: 0x80008bfc (0x00125733) srl     a4, tp, ra
core   0: 3 0x80008bfc (0x00125733) x14 0x00000000
core   0: 0x80008c00 (0x40815cb3) sra     s9, sp, s0
core   0: 3 0x80008c00 (0x40815cb3) x25 0xf1c616d5
core   0: 0x80008c04 (0x41358cb3) sub     s9, a1, s3
core   0: 3 0x80008c04 (0x41358cb3) x25 0xffff4000
core   0: 0x80008c08 (0x0001eb63) bltu    gp, zero, pc + 22
core   0: 3 0x80008c08 (0x0001eb63)
core   0: 0x80008c0c (0x0091e233) or      tp, gp, s1
core   0: 3 0x80008c0c (0x0091e233) x4  0x400827a9
core   0: 0x80008c10 (0x00008869) c.andi  s0, 26
core   0: 3 0x80008c10 (0x8869) x8  0x00000002
core   0: 0x80008c12 (0x408506b3) sub     a3, a0, s0
core   0: 3 0x80008c12 (0x408506b3) x13 0x3d13dffe
core   0: 0x80008c16 (0xc6ddcf93) xori    t6, s11, -915
core   0: 3 0x80008c16 (0xc6ddcf93) x31 0xfffffc6d
core   0: 0x80008c1a (0x03f37bb3) remu    s7, t1, t6
core   0: 3 0x80008c1a (0x03f37bb3) x23 0x00000000
core   0: 0x80008c1e (0x011982b3) add     t0, s3, a7
core   0: 3 0x80008c1e (0x011982b3) x5  0x7ffe61ec
core   0: 0x80008c22 (0x0000618d) c.lui   gp, 0x3
core   0: 3 0x80008c22 (0x618d) x3  0x00003000
core   0: 0x80008c24 (0x01036b63) bltu    t1, a6, pc + 22
core   0: 3 0x80008c24 (0x01036b63)
core   0: 0x80008c3a (0x0560d263) bge     ra, s6, pc + 68
core   0: 3 0x80008c3a (0x0560d263)
core   0: 0x80008c7e (0x01b51b63) bne     a0, s11, pc + 22
core   0: 3 0x80008c7e (0x01b51b63)
core   0: 0x80008c94 (0x00008d1d) c.sub   a0, a5
core   0: 3 0x80008c94 (0x8d1d) x10 0xf5b9e422
core   0: 0x80008c96 (0x01d38563) beq     t2, t4, pc + 10
core   0: 3 0x80008c96 (0x01d38563)
core   0: 0x80008c9a (0x00006179) c.addi16sp sp, 464
core   0: 3 0x80008c9a (0x6179) x2  0xc7185d24
core   0: 0x80008c9c (0x015ac263) blt     s5, s5, pc + 4
core   0: 3 0x80008c9c (0x015ac263)
core   0: 0x80008ca0 (0x00830d33) add     s10, t1, s0
core   0: 3 0x80008ca0 (0x00830d33) x26 0x00000002
core   0: 0x80008ca4 (0x00008d4d) c.or    a0, a1
core   0: 3 0x80008ca4 (0x8d4d) x10 0xf5b9e422
core   0: 0x80008ca6 (0x02ba9763) bne     s5, a1, pc + 46
core   0: 3 0x80008ca6 (0x02ba9763)
core   0: 0x80008cd4 (0x0000c1a1) c.beqz  a1, pc + 64
core   0: 3 0x80008cd4 (0xc1a1)
core   0: 0x80008d14 (0x00008a3d) c.andi  a2, 15
core   0: 3 0x80008d14 (0x8a3d) x12 0x00000006
core   0: 0x80008d16 (0x00004e69) c.li    t3, 26
core   0: 3 0x80008d16 (0x4e69) x28 0x0000001a
core   0: 0x80008d18 (0x408d5333) sra     t1, s10, s0
core   0: 3 0x80008d18 (0x408d5333) x6  0x00000000
core   0: 0x80008d1c (0x03c0be33) mulhu   t3, ra, t3
core   0: 3 0x80008d1c (0x03c0be33) x28 0x00000000
core   0: 0x80008d20 (0x41ab8e33) sub     t3, s7, s10
core   0: 3 0x80008d20 (0x41ab8e33) x28 0xfffffffe
core   0: 0x80008d24 (0x0073fcb3) and     s9, t2, t2
core   0: 3 0x80008d24 (0x0073fcb3) x25 0x00011000
core   0: 0x80008d28 (0x00009bfe) c.add   s7, t6
core   0: 3 0x80008d28 (0x9bfe) x23 0xfffffc6d
core   0: 0x80008d2a (0x00008e41) c.or    a2, s0
core   0: 3 0x80008d2a (0x8e41) x12 0x00000006
core   0: 0x80008d2c (0x000006ce) c.slli  a3, 19
core   0: 3 0x80008d2c (0x06ce) x13 0xfff00000
core   0: 0x80008d2e (0x03794063) blt     s2, s7, pc + 32
core   0: 3 0x80008d2e (0x03794063)
core   0: 0x80008d32 (0x03be6033) rem     zero, t3, s11
core   0: 3 0x80008d32 (0x03be6033)
core   0: 0x80008d36 (0x000092ca) c.add   t0, s2
core   0: 3 0x80008d36 (0x92ca) x5  0x7ffe61ec
core   0: 0x80008d38 (0x011a09b3) add     s3, s4, a7
core   0: 3 0x80008d38 (0x011a09b3) x19 0x7ffda1ec
core   0: 0x80008d3c (0x02e13db3) mulhu   s11, sp, a4
core   0: 3 0x80008d3c (0x02e13db3) x27 0x00000000
core   0: 0x80008d40 (0x00008eb1) c.xor   a3, a2
core   0: 3 0x80008d40 (0x8eb1) x13 0xfff00006
core   0: 0x80008d42 (0x006076b3) and     a3, zero, t1
core   0: 3 0x80008d42 (0x006076b3) x13 0x00000000
core   0: 0x80008d46 (0x0295f1b3) remu    gp, a1, s1
core   0: 3 0x80008d46 (0x0295f1b3) x3  0x00000000
core   0: 0x80008d4a (0x00008d95) c.sub   a1, a3
core   0: 3 0x80008d4a (0x8d95) x11 0x00000000
core   0: 0x80008d4c (0x00004775) c.li    a4, 29
core   0: 3 0x80008d4c (0x4775) x14 0x0000001d
core   0: 0x80008d4e (0x00006115) c.addi16sp sp, 288
core   0: 3 0x80008d4e (0x6115) x2  0xc7185e44
core   0: 0x80008d50 (0x01f1d393) srli    t2, gp, 31
core   0: 3 0x80008d50 (0x01f1d393) x7  0x00000000
core   0: 0x80008d54 (0x00a65a33) srl     s4, a2, a0
core   0: 3 0x80008d54 (0x00a65a33) x20 0x00000001
core   0: 0x80008d58 (0x00008e8d) c.sub   a3, a1
core   0: 3 0x80008d58 (0x8e8d) x13 0x00000000
core   0: 0x80008d5a (0x000089ee) c.mv    s3, s11
core   0: 3 0x80008d5a (0x89ee) x19 0x00000000
core   0: 0x80008d5c (0x00009ca6) c.add   s9, s1
core   0: 3 0x80008d5c (0x9ca6) x25 0x40093000
core   0: 0x80008d5e (0x03259c33) mulh    s8, a1, s2
core   0: 3 0x80008d5e (0x03259c33) x24 0x00000000
core   0: 0x80008d62 (0x0a1008b7) lui     a7, 0xa100
core   0: 3 0x80008d62 (0x0a1008b7) x17 0x0a100000
core   0: 0x80008d66 (0x00655133) srl     sp, a0, t1
core   0: 3 0x80008d66 (0x00655133) x2  0xf5b9e422
core   0: 0x80008d6a (0x01c7c8b3) xor     a7, a5, t3
core   0: 3 0x80008d6a (0x01c7c8b3) x17 0xb8a60420
core   0: 0x80008d6e (0x01999b93) slli    s7, s3, 25
core   0: 3 0x80008d6e (0x01999b93) x23 0x00000000
core   0: 0x80008d72 (0x00008c71) c.and   s0, a2
core   0: 3 0x80008d72 (0x8c71) x8  0x00000002
core   0: 0x80008d74 (0x01e74b33) xor     s6, a4, t5
core   0: 3 0x80008d74 (0x01e74b33) x22 0x80029d39
core   0: 0x80008d78 (0x40fd5213) srai    tp, s10, 15
core   0: 3 0x80008d78 (0x40fd5213) x4  0x00000000
core   0: 0x80008d7c (0x03a26c63) bltu    tp, s10, pc + 56
core   0: 3 0x80008d7c (0x03a26c63)
core   0: 0x80008db4 (0x008bd233) srl     tp, s7, s0
core   0: 3 0x80008db4 (0x008bd233) x4  0x00000000
core   0: 0x80008db8 (0xb505ec13) ori     s8, a1, -1200
core   0: 3 0x80008db8 (0xb505ec13) x24 0xfffffb50
core   0: 0x80008dbc (0x261b0613) addi    a2, s6, 609
core   0: 3 0x80008dbc (0x261b0613) x12 0x80029f9a
core   0: 0x80008dc0 (0x024c5633) divu    a2, s8, tp
core   0: 3 0x80008dc0 (0x024c5633) x12 0xffffffff
core   0: 0x80008dc4 (0x03b5cbb3) div     s7, a1, s11
core   0: 3 0x80008dc4 (0x03b5cbb3) x23 0xffffffff
core   0: 0x80008dc8 (0x003a5493) srli    s1, s4, 3
core   0: 3 0x80008dc8 (0x003a5493) x9  0x00000000
core   0: 0x80008dcc (0x03459c63) bne     a1, s4, pc + 56
core   0: 3 0x80008dcc (0x03459c63)
core   0: 0x80008e04 (0x002ae7b3) or      a5, s5, sp
core   0: 3 0x80008e04 (0x002ae7b3) x15 0xf5b9e42a
core   0: 0x80008e08 (0x000086ed) c.srai  a3, 27
core   0: 3 0x80008e08 (0x86ed) x13 0x00000000
core   0: 0x80008e0a (0x95d47613) andi    a2, s0, -1699
core   0: 3 0x80008e0a (0x95d47613) x12 0x00000000
core   0: 0x80008e0e (0x41525f93) srai    t6, tp, 21
core   0: 3 0x80008e0e (0x41525f93) x31 0x00000000
core   0: 0x80008e12 (0x02989263) bne     a7, s1, pc + 36
core   0: 3 0x80008e12 (0x02989263)
core   0: 0x80008e36 (0x00697a63) bgeu    s2, t1, pc + 20
core   0: 3 0x80008e36 (0x00697a63)
core   0: 0x80008e4a (0x00000642) c.slli  a2, 16
core   0: 3 0x80008e4a (0x0642) x12 0x00000000
core   0: 0x80008e4c (0x003224b3) slt     s1, tp, gp
core   0: 3 0x80008e4c (0x003224b3) x9  0x00000000
core   0: 0x80008e50 (0xdad02613) slti    a2, zero, -595
core   0: 3 0x80008e50 (0xdad02613) x12 0x00000000
core   0: 0x80008e54 (0x00008f99) c.sub   a5, a4
core   0: 3 0x80008e54 (0x8f99) x15 0xf5b9e40d
core   0: 0x80008e56 (0x02874863) blt     a4, s0, pc + 48
core   0: 3 0x80008e56 (0x02874863)
core   0: 0x80008e5a (0xf09dba13) sltiu   s4, s11, -247
core   0: 3 0x80008e5a (0xf09dba13) x20 0x00000001
core   0: 0x80008e5e (0x0005c3b3) xor     t2, a1, zero
core   0: 3 0x80008e5e (0x0005c3b3) x7  0x00000000
core   0: 0x80008e62 (0xc97e4893) xori    a7, t3, -873
core   0: 3 0x80008e62 (0xc97e4893) x17 0x00000369
core   0: 0x80008e66 (0x035618b3) mulh    a7, a2, s5
core   0: 3 0x80008e66 (0x035618b3) x17 0x00000000
core   0: 0x80008e6a (0x6c78dfb7) lui     t6, 0x6c78d
core   0: 3 0x80008e6a (0x6c78dfb7) x31 0x6c78d000
core   0: 0x80008e6e (0x000044e9) c.li    s1, 26
core   0: 3 0x80008e6e (0x44e9) x9  0x0000001a
core   0: 0x80008e70 (0x01be2d33) slt     s10, t3, s11
core   0: 3 0x80008e70 (0x01be2d33) x26 0x00000001
core   0: 0x80008e74 (0x00008ab1) c.andi  a3, 12
core   0: 3 0x80008e74 (0x8ab1) x13 0x00000000
core   0: 0x80008e76 (0x64e17713) andi    a4, sp, 1614
core   0: 3 0x80008e76 (0x64e17713) x14 0x00000402
core   0: 0x80008e7a (0x01d024b3) slt     s1, zero, t4
core   0: 3 0x80008e7a (0x01d024b3) x9  0x00000000
core   0: 0x80008e7e (0x02953a33) mulhu   s4, a0, s1
core   0: 3 0x80008e7e (0x02953a33) x20 0x00000000
core   0: 0x80008e82 (0x417e82b3) sub     t0, t4, s7
core   0: 3 0x80008e82 (0x417e82b3) x5  0x80025e29
core   0: 0x80008e86 (0x000087ba) c.mv    a5, a4
core   0: 3 0x80008e86 (0x87ba) x15 0x00000402
core   0: 0x80008e88 (0x0219b0b3) mulhu   ra, s3, ra
core   0: 3 0x80008e88 (0x0219b0b3) x1  0x00000000
core   0: 0x80008e8c (0x0097c433) xor     s0, a5, s1
core   0: 3 0x80008e8c (0x0097c433) x8  0x00000402
core   0: 0x80008e90 (0x00000001) c.nop
core   0: 3 0x80008e90 (0x0001)
core   0: 0x80008e92 (0x02ee7533) remu    a0, t3, a4
core   0: 3 0x80008e92 (0x02ee7533) x10 0x000003e0
core   0: 0x80008e96 (0x0351d0b3) divu    ra, gp, s5
core   0: 3 0x80008e96 (0x0351d0b3) x1  0x00000000
core   0: 0x80008e9a (0x03ec8933) mul     s2, s9, t5
core   0: 3 0x80008e9a (0x03ec8933) x18 0x03bac000
core   0: 0x80008e9e (0x01485a13) srli    s4, a6, 20
core   0: 3 0x80008e9e (0x01485a13) x20 0x00000fff
core   0: 0x80008ea2 (0x0078c833) xor     a6, a7, t2
core   0: 3 0x80008ea2 (0x0078c833) x16 0x00000000
core   0: 0x80008ea6 (0x0000129c) c.addi4spn a5, sp, 352
core   0: 3 0x80008ea6 (0x129c) x15 0xf5b9e582
core   0: 0x80008ea8 (0x01a50863) beq     a0, s10, pc + 16
core   0: 3 0x80008ea8 (0x01a50863)
core   0: 0x80008eac (0x0300e363) bltu    ra, a6, pc + 38
core   0: 3 0x80008eac (0x0300e363)
core   0: 0x80008eb0 (0x00797633) and     a2, s2, t2
core   0: 3 0x80008eb0 (0x00797633) x12 0x00000000
core   0: 0x80008eb4 (0x00d95bb3) srl     s7, s2, a3
core   0: 3 0x80008eb4 (0x00d95bb3) x23 0x03bac000
core   0: 0x80008eb8 (0x40028a33) sub     s4, t0, zero
core   0: 3 0x80008eb8 (0x40028a33) x20 0x80025e29
core   0: 0x80008ebc (0x020d98b3) mulh    a7, s11, zero
core   0: 3 0x80008ebc (0x020d98b3) x17 0x00000000
core   0: 0x80008ec0 (0x00ee0cb3) add     s9, t3, a4
core   0: 3 0x80008ec0 (0x00ee0cb3) x25 0x00000400
core   0: 0x80008ec4 (0x0000e219) c.bnez  a2, pc + 6
core   0: 3 0x80008ec4 (0xe219)
core   0: 0x80008ec6 (0x0349d1b3) divu    gp, s3, s4
core   0: 3 0x80008ec6 (0x0349d1b3) x3  0x00000000
core   0: 0x80008eca (0x02075263) bgez    a4, pc + 36
core   0: 3 0x80008eca (0x02075263)
core   0: 0x80008eee (0x0268b0b3) mulhu   ra, a7, t1
core   0: 3 0x80008eee (0x0268b0b3) x1  0x00000000
core   0: 0x80008ef2 (0x034dba33) mulhu   s4, s11, s4
core   0: 3 0x80008ef2 (0x034dba33) x20 0x00000000
core   0: 0x80008ef6 (0x021802b3) mul     t0, a6, ra
core   0: 3 0x80008ef6 (0x021802b3) x5  0x00000000
core   0: 0x80008efa (0x035c4fb3) div     t6, s8, s5
core   0: 3 0x80008efa (0x035c4fb3) x31 0xffffff6a
core   0: 0x80008efe (0xbae37993) andi    s3, t1, -1106
core   0: 3 0x80008efe (0xbae37993) x19 0x00000000
core   0: 0x80008f02 (0x00d1fcb3) and     s9, gp, a3
core   0: 3 0x80008f02 (0x00d1fcb3) x25 0x00000000
core   0: 0x80008f06 (0x00009e26) c.add   t3, s1
core   0: 3 0x80008f06 (0x9e26) x28 0xfffffffe
core   0: 0x80008f08 (0x0000c389) c.beqz  a5, pc + 2
core   0: 3 0x80008f08 (0xc389)
core   0: 0x80008f0a (0x0000678d) c.lui   a5, 0x3
core   0: 3 0x80008f0a (0x678d) x15 0x00003000
core   0: 0x80008f0c (0x02330fb3) mul     t6, t1, gp
core   0: 3 0x80008f0c (0x02330fb3) x31 0x00000000
core   0: 0x80008f10 (0x00c877b3) and     a5, a6, a2
core   0: 3 0x80008f10 (0x00c877b3) x15 0x00000000
core   0: 0x80008f14 (0x417c89b3) sub     s3, s9, s7
core   0: 3 0x80008f14 (0x417c89b3) x19 0xfc454000
core   0: 0x80008f18 (0x40055db3) sra     s11, a0, zero
core   0: 3 0x80008f18 (0x40055db3) x27 0x000003e0
core   0: 0x80008f1c (0x277bbf93) sltiu   t6, s7, 631
core   0: 3 0x80008f1c (0x277bbf93) x31 0x00000000
core   0: 0x80008f20 (0x00000001) c.nop
core   0: 3 0x80008f20 (0x0001)
core   0: 0x80008f22 (0x01241693) slli    a3, s0, 18
core   0: 3 0x80008f22 (0x01241693) x13 0x10080000
core   0: 0x80008f26 (0xcedb6293) ori     t0, s6, -787
core   0: 3 0x80008f26 (0xcedb6293) x5  0xfffffdfd
core   0: 0x80008f2a (0x0000177d) c.addi  a4, -1
core   0: 3 0x80008f2a (0x177d) x14 0x00000401
core   0: 0x80008f2c (0x41e283b3) sub     t2, t0, t5
core   0: 3 0x80008f2c (0x41e283b3) x7  0x7ffd60d9
core   0: 0x80008f30 (0x04a5f263) bgeu    a1, a0, pc + 68
core   0: 3 0x80008f30 (0x04a5f263)
core   0: 0x80008f34 (0x01e01a33) sll     s4, zero, t5
core   0: 3 0x80008f34 (0x01e01a33) x20 0x00000000
core   0: 0x80008f38 (0x011c5b63) bge     s8, a7, pc + 22
core   0: 3 0x80008f38 (0x011c5b63)
core   0: 0x80008f3c (0x00b93cb3) sltu    s9, s2, a1
core   0: 3 0x80008f3c (0x00b93cb3) x25 0x00000000
core   0: 0x80008f40 (0x6c7e7093) andi    ra, t3, 1735
core   0: 3 0x80008f40 (0x6c7e7093) x1  0x000006c6
core   0: 0x80008f44 (0x41b78833) sub     a6, a5, s11
core   0: 3 0x80008f44 (0x41b78833) x16 0xfffffc20
core   0: 0x80008f48 (0x00008fe1) c.and   a5, s0
core   0: 3 0x80008f48 (0x8fe1) x15 0x00000000
core   0: 0x80008f4a (0x00d9b133) sltu    sp, s3, a3
core   0: 3 0x80008f4a (0x00d9b133) x2  0x00000000
core   0: 0x80008f4e (0x03193d33) mulhu   s10, s2, a7
core   0: 3 0x80008f4e (0x03193d33) x26 0x00000000
core   0: 0x80008f52 (0x02eb6e33) rem     t3, s6, a4
core   0: 3 0x80008f52 (0x02eb6e33) x28 0xfffffc93
core   0: 0x80008f56 (0x5ab5e413) ori     s0, a1, 1451
core   0: 3 0x80008f56 (0x5ab5e413) x8  0x000005ab
core   0: 0x80008f5a (0x00009c5a) c.add   s8, s6
core   0: 3 0x80008f5a (0x9c5a) x24 0x80029889
core   0: 0x80008f5c (0x00008832) c.mv    a6, a2
core   0: 3 0x80008f5c (0x8832) x16 0x00000000
core   0: 0x80008f5e (0x00008e45) c.or    a2, s1
core   0: 3 0x80008f5e (0x8e45) x12 0x00000000
core   0: 0x80008f60 (0x0000c905) c.beqz  a0, pc + 48
core   0: 3 0x80008f60 (0xc905)
core   0: 0x80008f62 (0x01d1f9b3) and     s3, gp, t4
core   0: 3 0x80008f62 (0x01d1f9b3) x19 0x00000000
core   0: 0x80008f66 (0x039a7333) remu    t1, s4, s9
core   0: 3 0x80008f66 (0x039a7333) x6  0x00000000
core   0: 0x80008f6a (0x0000e10d) c.bnez  a0, pc + 34
core   0: 3 0x80008f6a (0xe10d)
core   0: 0x80008f8c (0x00377333) and     t1, a4, gp
core   0: 3 0x80008f8c (0x00377333) x6  0x00000000
core   0: 0x80008f90 (0x01b95d93) srli    s11, s2, 27
core   0: 3 0x80008f90 (0x01b95d93) x27 0x00000000
core   0: 0x80008f94 (0x03574633) div     a2, a4, s5
core   0: 3 0x80008f94 (0x03574633) x12 0x00000080
core   0: 0x80008f98 (0x00000001) c.nop
core   0: 3 0x80008f98 (0x0001)
core   0: 0x80008f9a (0x00000001) c.nop
core   0: 3 0x80008f9a (0x0001)
core   0: 0x80008f9c (0x03821e33) mulh    t3, tp, s8
core   0: 3 0x80008f9c (0x03821e33) x28 0x00000000
core   0: 0x80008fa0 (0x40525233) sra     tp, tp, t0
core   0: 3 0x80008fa0 (0x40525233) x4  0x00000000
core   0: 0x80008fa4 (0x026c88b3) mul     a7, s9, t1
core   0: 3 0x80008fa4 (0x026c88b3) x17 0x00000000
core   0: 0x80008fa8 (0x0000e3a9) c.bnez  a5, pc + 66
core   0: 3 0x80008fa8 (0xe3a9)
core   0: 0x80008faa (0x00627e63) bgeu    tp, t1, pc + 28
core   0: 3 0x80008faa (0x00627e63)
core   0: 0x80008fc6 (0x0000e98d) c.bnez  a1, pc + 50
core   0: 3 0x80008fc6 (0xe98d)
core   0: 0x80008fc8 (0x01695413) srli    s0, s2, 22
core   0: 3 0x80008fc8 (0x01695413) x8  0x0000000e
core   0: 0x80008fcc (0x00a57c63) bgeu    a0, a0, pc + 24
core   0: 3 0x80008fcc (0x00a57c63)
core   0: 0x80008fe4 (0x0000c911) c.beqz  a0, pc + 20
core   0: 3 0x80008fe4 (0xc911)
core   0: 0x80008fe6 (0xba990713) addi    a4, s2, -1111
core   0: 3 0x80008fe6 (0xba990713) x14 0x03babba9
core   0: 0x80008fea (0x000082e9) c.srli  a3, 26
core   0: 3 0x80008fea (0x82e9) x13 0x00000004
core   0: 0x80008fec (0x0276d863) bge     a3, t2, pc + 48
core   0: 3 0x80008fec (0x0276d863)
core   0: 0x80008ff0 (0x00e983b3) add     t2, s3, a4
core   0: 3 0x80008ff0 (0x00e983b3) x7  0x03babba9
core   0: 0x80008ff4 (0x402154b3) sra     s1, sp, sp
core   0: 3 0x80008ff4 (0x402154b3) x9  0x00000000
core   0: 0x80008ff8 (0x0000ca95) c.beqz  a3, pc + 52
core   0: 3 0x80008ff8 (0xca95)
core   0: 0x80008ffa (0x02e91163) bne     s2, a4, pc + 34
core   0: 3 0x80008ffa (0x02e91163)
core   0: 0x8000901c (0x000543b3) xor     t2, a0, zero
core   0: 3 0x8000901c (0x000543b3) x7  0x000003e0
core   0: 0x80009020 (0xa499f293) andi    t0, s3, -1463
core   0: 3 0x80009020 (0xa499f293) x5  0x00000000
core   0: 0x80009024 (0x00c45933) srl     s2, s0, a2
core   0: 3 0x80009024 (0x00c45933) x18 0x0000000e
core   0: 0x80009028 (0x003b58b3) srl     a7, s6, gp
core   0: 3 0x80009028 (0x003b58b3) x17 0x80029d39
core   0: 0x8000902c (0x02596d33) rem     s10, s2, t0
core   0: 3 0x8000902c (0x02596d33) x26 0x0000000e
core   0: 0x80009030 (0x416483b3) sub     t2, s1, s6
core   0: 3 0x80009030 (0x416483b3) x7  0x7ffd62c7
core   0: 0x80009034 (0x0000e601) c.bnez  a2, pc + 8
core   0: 3 0x80009034 (0xe601)
core   0: 0x8000903c (0x043cd263) bge     s9, gp, pc + 68
core   0: 3 0x8000903c (0x043cd263)
core   0: 0x80009080 (0xcbace593) ori     a1, s9, -838
core   0: 3 0x80009080 (0xcbace593) x11 0xfffffcba
core   0: 0x80009084 (0x01e40e63) beq     s0, t5, pc + 28
core   0: 3 0x80009084 (0x01e40e63)
core   0: 0x80009088 (0x039d5233) divu    tp, s10, s9
core   0: 3 0x80009088 (0x039d5233) x4  0xffffffff
core   0: 0x8000908c (0x01b09793) slli    a5, ra, 27
core   0: 3 0x8000908c (0x01b09793) x15 0x30000000
core   0: 0x80009090 (0x0142a1b3) slt     gp, t0, s4
core   0: 3 0x80009090 (0x0142a1b3) x3  0x00000000
core   0: 0x80009094 (0x00008d35) c.xor   a0, a3
core   0: 3 0x80009094 (0x8d35) x10 0x000003e4
core   0: 0x80009096 (0x0156aa33) slt     s4, a3, s5
core   0: 3 0x80009096 (0x0156aa33) x20 0x00000001
core   0: 0x8000909a (0x00388933) add     s2, a7, gp
core   0: 3 0x8000909a (0x00388933) x18 0x80029d39
core   0: 0x8000909e (0x00000bf1) c.addi  s7, 28
core   0: 3 0x8000909e (0x0bf1) x23 0x03bac01c
core   0: 0x800090a0 (0x00006161) c.addi16sp sp, 80
core   0: 3 0x800090a0 (0x6161) x2  0x00000050
core   0: 0x800090a2 (0x020952b3) divu    t0, s2, zero
core   0: 3 0x800090a2 (0x020952b3) x5  0xffffffff
core   0: 0x800090a6 (0x6c9712b7) lui     t0, 0x6c971
core   0: 3 0x800090a6 (0x6c9712b7) x5  0x6c971000
core   0: 0x800090aa (0x036bbe33) mulhu   t3, s7, s6
core   0: 3 0x800090aa (0x036bbe33) x28 0x01dd69cd
core   0: 0x800090ae (0x00008c91) c.sub   s1, a2
core   0: 3 0x800090ae (0x8c91) x9  0xffffff80
core   0: 0x800090b0 (0x00778733) add     a4, a5, t2
core   0: 3 0x800090b0 (0x00778733) x14 0xaffd62c7
core   0: 0x800090b4 (0xb482e693) ori     a3, t0, -1208
core   0: 3 0x800090b4 (0xb482e693) x13 0xfffffb48
core   0: 0x800090b8 (0x01a552b3) srl     t0, a0, s10
core   0: 3 0x800090b8 (0x01a552b3) x5  0x00000000
core   0: 0x800090bc (0x0000cb0d) c.beqz  a4, pc + 50
core   0: 3 0x800090bc (0xcb0d)
core   0: 0x800090be (0x41d6d633) sra     a2, a3, t4
core   0: 3 0x800090be (0x41d6d633) x12 0xfffffffb
core   0: 0x800090c2 (0x00008eb5) c.xor   a3, a3
core   0: 3 0x800090c2 (0x8eb5) x13 0x00000000
core   0: 0x800090c4 (0x00001bfd) c.addi  s7, -1
core   0: 3 0x800090c4 (0x1bfd) x23 0x03bac01b
core   0: 0x800090c6 (0x408bdfb3) sra     t6, s7, s0
core   0: 3 0x800090c6 (0x408bdfb3) x31 0x00000eeb
core   0: 0x800090ca (0x01ca5bb3) srl     s7, s4, t3
core   0: 3 0x800090ca (0x01ca5bb3) x23 0x00000000
core   0: 0x800090ce (0x0063b833) sltu    a6, t2, t1
core   0: 3 0x800090ce (0x0063b833) x16 0x00000000
core   0: 0x800090d2 (0x02f8dd33) divu    s10, a7, a5
core   0: 3 0x800090d2 (0x02f8dd33) x26 0x00000002
core   0: 0x800090d6 (0x00246663) bltu    s0, sp, pc + 12
core   0: 3 0x800090d6 (0x00246663)
core   0: 0x800090e2 (0x8d2352b7) lui     t0, 0x8d235
core   0: 3 0x800090e2 (0x8d2352b7) x5  0x8d235000
core   0: 0x800090e6 (0x00b11db3) sll     s11, sp, a1
core   0: 3 0x800090e6 (0x00b11db3) x27 0x40000000
core   0: 0x800090ea (0x01b238b3) sltu    a7, tp, s11
core   0: 3 0x800090ea (0x01b238b3) x17 0x00000000
core   0: 0x800090ee (0x016bbc33) sltu    s8, s7, s6
core   0: 3 0x800090ee (0x016bbc33) x24 0x00000001
core   0: 0x800090f2 (0x039661b3) rem     gp, a2, s9
core   0: 3 0x800090f2 (0x039661b3) x3  0xfffffffb
core   0: 0x800090f6 (0x00008ee9) c.and   a3, a0
core   0: 3 0x800090f6 (0x8ee9) x13 0x00000000
core   0: 0x800090f8 (0x31375e37) lui     t3, 0x31375
core   0: 3 0x800090f8 (0x31375e37) x28 0x31375000
core   0: 0x800090fc (0x037fe933) rem     s2, t6, s7
core   0: 3 0x800090fc (0x037fe933) x18 0x00000eeb
core   0: 0x80009100 (0x03e41cb3) mulh    s9, s0, t5
core   0: 3 0x80009100 (0x03e41cb3) x25 0xfffffff9
core   0: 0x80009104 (0x00008c49) c.or    s0, a0
core   0: 3 0x80009104 (0x8c49) x8  0x000003ee
core   0: 0x80009106 (0x0163d6b3) srl     a3, t2, s6
core   0: 3 0x80009106 (0x0163d6b3) x13 0x0000003f
core   0: 0x8000910a (0x01ec1193) slli    gp, s8, 30
core   0: 3 0x8000910a (0x01ec1193) x3  0x40000000
core   0: 0x8000910e (0x42aab213) sltiu   tp, s5, 1066
core   0: 3 0x8000910e (0x42aab213) x4  0x00000001
core   0: 0x80009112 (0x02d064b3) rem     s1, zero, a3
core   0: 3 0x80009112 (0x02d064b3) x9  0x00000000
core   0: 0x80009116 (0x00008ce1) c.and   s1, s0
core   0: 3 0x80009116 (0x8ce1) x9  0x00000000
core   0: 0x80009118 (0x4141d433) sra     s0, gp, s4
core   0: 3 0x80009118 (0x4141d433) x8  0x20000000
core   0: 0x8000911c (0x00008d7e) c.mv    s10, t6
core   0: 3 0x8000911c (0x8d7e) x26 0x00000eeb
core   0: 0x8000911e (0x01041c33) sll     s8, s0, a6
core   0: 3 0x8000911e (0x01041c33) x24 0x20000000
core   0: 0x80009122 (0x0000167d) c.addi  a2, -1
core   0: 3 0x80009122 (0x167d) x12 0xfffffffa
core   0: 0x80009124 (0x0000997d) c.andi  a0, -1
core   0: 3 0x80009124 (0x997d) x10 0x000003e4
core   0: 0x80009126 (0x003e06b3) add     a3, t3, gp
core   0: 3 0x80009126 (0x003e06b3) x13 0x71375000
core   0: 0x8000912a (0x84f83c13) sltiu   s8, a6, -1969
core   0: 3 0x8000912a (0x84f83c13) x24 0x00000001
core   0: 0x8000912e (0x0298f863) bgeu    a7, s1, pc + 48
core   0: 3 0x8000912e (0x0298f863)
core   0: 0x8000915e (0x0000c499) c.beqz  s1, pc + 14
core   0: 3 0x8000915e (0xc499)
core   0: 0x8000916c (0xf1916317) auipc   t1, 0xf1916
core   0: 3 0x8000916c (0xf1916317) x6  0x7191f16c
core   0: 0x80009170 (0x03718763) beq     gp, s7, pc + 46
core   0: 3 0x80009170 (0x03718763)
core   0: 0x80009174 (0x02656c33) rem     s8, a0, t1
core   0: 3 0x80009174 (0x02656c33) x24 0x000003e4
core   0: 0x80009178 (0x02f5e5b3) rem     a1, a1, a5
core   0: 3 0x80009178 (0x02f5e5b3) x11 0xfffffcba
core   0: 0x8000917c (0x00b303b3) add     t2, t1, a1
core   0: 3 0x8000917c (0x00b303b3) x7  0x7191ee26
core   0: 0x80009180 (0x00001cfd) c.addi  s9, -1
core   0: 3 0x80009180 (0x1cfd) x25 0xfffffff8
core   0: 0x80009182 (0x00e9da63) bge     s3, a4, pc + 20
core   0: 3 0x80009182 (0x00e9da63)
core   0: 0x80009196 (0x03566863) bltu    a2, s5, pc + 48
core   0: 3 0x80009196 (0x03566863)
core   0: 0x8000919a (0x03be2a33) mulhsu  s4, t3, s11
core   0: 3 0x8000919a (0x03be2a33) x20 0x0c4dd400
core   0: 0x8000919e (0x03063a33) mulhu   s4, a2, a6
core   0: 3 0x8000919e (0x03063a33) x20 0x00000000
core   0: 0x800091a2 (0x0045d213) srli    tp, a1, 4
core   0: 3 0x800091a2 (0x0045d213) x4  0x0fffffcb
core   0: 0x800091a6 (0x49f6fc93) andi    s9, a3, 1183
core   0: 3 0x800091a6 (0x49f6fc93) x25 0x00000000
core   0: 0x800091aa (0x01a9fd33) and     s10, s3, s10
core   0: 3 0x800091aa (0x01a9fd33) x26 0x00000000
core   0: 0x800091ae (0x00008d15) c.sub   a0, a3
core   0: 3 0x800091ae (0x8d15) x10 0x8ec8b3e4
core   0: 0x800091b0 (0x02842cb3) mulhsu  s9, s0, s0
core   0: 3 0x800091b0 (0x02842cb3) x25 0x04000000
core   0: 0x800091b4 (0x00bf4863) blt     t5, a1, pc + 16
core   0: 3 0x800091b4 (0x00bf4863)
core   0: 0x800091c4 (0x00008fb1) c.xor   a5, a2
core   0: 3 0x800091c4 (0x8fb1) x15 0xcffffffa
core   0: 0x800091c6 (0x0158adb3) slt     s11, a7, s5
core   0: 3 0x800091c6 (0x0158adb3) x27 0x00000001
core   0: 0x800091ca (0x00008c15) c.sub   s0, a3
core   0: 3 0x800091ca (0x8c15) x8  0xaec8b000
core   0: 0x800091cc (0x01181c13) slli    s8, a6, 17
core   0: 3 0x800091cc (0x01181c13) x24 0x00000000
core   0: 0x800091d0 (0x0000854d) c.srai  a0, 19
core   0: 3 0x800091d0 (0x854d) x10 0xfffff1d9
core   0: 0x800091d2 (0x02c5bc33) mulhu   s8, a1, a2
core   0: 3 0x800091d2 (0x02c5bc33) x24 0xfffffcb4
core   0: 0x800091d6 (0x000099fd) c.andi  a1, -1
core   0: 3 0x800091d6 (0x99fd) x11 0xfffffcba
core   0: 0x800091d8 (0x5ca67613) andi    a2, a2, 1482
core   0: 3 0x800091d8 (0x5ca67613) x12 0x000005ca
core   0: 0x800091dc (0x033fdc33) divu    s8, t6, s3
core   0: 3 0x800091dc (0x033fdc33) x24 0xffffffff
core   0: 0x800091e0 (0x00112733) slt     a4, sp, ra
core   0: 3 0x800091e0 (0x00112733) x14 0x00000001
core   0: 0x800091e4 (0x000095da) c.add   a1, s6
core   0: 3 0x800091e4 (0x95da) x11 0x800299f3
core   0: 0x800091e6 (0x00000d66) c.slli  s10, 25
core   0: 3 0x800091e6 (0x0d66) x26 0x00000000
core   0: 0x800091e8 (0x0000ed19) c.bnez  a0, pc + 30
core   0: 3 0x800091e8 (0xed19)
core   0: 0x80009206 (0x00c85cb3) srl     s9, a6, a2
core   0: 3 0x80009206 (0x00c85cb3) x25 0x00000000
core   0: 0x8000920a (0x02e351b3) divu    gp, t1, a4
core   0: 3 0x8000920a (0x02e351b3) x3  0x7191f16c
core   0: 0x8000920e (0xc7fff217) auipc   tp, 0xc7fff
core   0: 3 0x8000920e (0xc7fff217) x4  0x4800820e
core   0: 0x80009212 (0x00df9813) slli    a6, t6, 13
core   0: 3 0x80009212 (0x00df9813) x16 0x01dd6000
core   0: 0x80009216 (0x0366de33) divu    t3, a3, s6
core   0: 3 0x80009216 (0x0366de33) x28 0x00000000
core   0: 0x8000921a (0x03cf4363) blt     t5, t3, pc + 38
core   0: 3 0x8000921a (0x03cf4363)
core   0: 0x80009240 (0x00009b96) c.add   s7, t0
core   0: 3 0x80009240 (0x9b96) x23 0x8d235000
core   0: 0x80009242 (0x9e393093) sltiu   ra, s2, -1565
core   0: 3 0x80009242 (0x9e393093) x1  0x00000001
core   0: 0x80009246 (0x0000065a) c.slli  a2, 22
core   0: 3 0x80009246 (0x065a) x12 0x72800000
core   0: 0x80009248 (0x12484bb7) lui     s7, 0x12484
core   0: 3 0x80009248 (0x12484bb7) x23 0x12484000
core   0: 0x8000924c (0x01d5d613) srli    a2, a1, 29
core   0: 3 0x8000924c (0x01d5d613) x12 0x00000004
core   0: 0x80009250 (0x01f7b333) sltu    t1, a5, t6
core   0: 3 0x80009250 (0x01f7b333) x6  0x00000000
core   0: 0x80009254 (0x0077b433) sltu    s0, a5, t2
core   0: 3 0x80009254 (0x0077b433) x8  0x00000000
core   0: 0x80009258 (0x02789e33) mulh    t3, a7, t2
core   0: 3 0x80009258 (0x02789e33) x28 0x00000000
core   0: 0x8000925c (0x021e5cb3) divu    s9, t3, ra
core   0: 3 0x8000925c (0x021e5cb3) x25 0x00000000
core   0: 0x80009260 (0x00009242) c.add   tp, a6
core   0: 3 0x80009260 (0x9242) x4  0x49dde20e
core   0: 0x80009262 (0x0000882e) c.mv    a6, a1
core   0: 3 0x80009262 (0x882e) x16 0x800299f3
core   0: 0x80009264 (0x41985993) srai    s3, a6, 25
core   0: 3 0x80009264 (0x41985993) x19 0xffffffc0
core   0: 0x80009268 (0x7cfb4d17) auipc   s10, 0x7cfb4
core   0: 3 0x80009268 (0x7cfb4d17) x26 0xfcfbd268
core   0: 0x8000926c (0x00009bfd) c.andi  a5, -1
core   0: 3 0x8000926c (0x9bfd) x15 0xcffffffa
core   0: 0x8000926e (0x000093ee) c.add   t2, s11
core   0: 3 0x8000926e (0x93ee) x7  0x7191ee27
core   0: 0x80009270 (0x00000001) c.nop
core   0: 3 0x80009270 (0x0001)
core   0: 0x80009272 (0x9caeb093) sltiu   ra, t4, -1590
core   0: 3 0x80009272 (0x9caeb093) x1  0x00000001
core   0: 0x80009276 (0x0000013e) c.slli  sp, 15
core   0: 3 0x80009276 (0x013e) x2  0x00280000
core   0: 0x80009278 (0x408f09b3) sub     s3, t5, s0
core   0: 3 0x80009278 (0x408f09b3) x19 0x80029d24
core   0: 0x8000927c (0x00f59db3) sll     s11, a1, a5
core   0: 3 0x8000927c (0x00f59db3) x27 0xcc000000
core   0: 0x80009280 (0x00007997) auipc   s3, 0x7
core   0: 3 0x80009280 (0x00007997) x19 0x80010280
core   0: 0x80009284 (0x35798993) addi    s3, s3, 855
core   0: 3 0x80009284 (0x35798993) x19 0x800105d7
core   0: 0x80009288 (0x0ac9c383) lbu     t2, 172(s3)
core   0: 3 0x80009288 (0x0ac9c383) x7  0x00000000 mem 0x80010683
core   0: 0x8000928c (0x0303c4b3) div     s1, t2, a6
core   0: 3 0x8000928c (0x0303c4b3) x9  0x00000000
core   0: 0x80009290 (0x0a898623) sb      s0, 172(s3)
core   0: 3 0x80009290 (0x0a898623) mem 0x80010683 0x00
core   0: 0x80009294 (0xe2133f93) sltiu   t6, t1, -479
core   0: 3 0x80009294 (0xe2133f93) x31 0x00000001
core   0: 0x80009298 (0x00006e2d) c.lui   t3, 0xb
core   0: 3 0x80009298 (0x6e2d) x28 0x0000b000
core   0: 0x8000929a (0x09199e03) lh      t3, 145(s3)
core   0: 3 0x8000929a (0x09199e03) x28 0x00000000 mem 0x80010668
core   0: 0x8000929e (0x0cf99883) lh      a7, 207(s3)
core   0: 3 0x8000929e (0x0cf99883) x17 0x00000000 mem 0x800106a6
core   0: 0x800092a2 (0xfc298b03) lb      s6, -62(s3)
core   0: 3 0x800092a2 (0xfc298b03) x22 0x00000000 mem 0x80010599
core   0: 0x800092a6 (0x00008c09) c.sub   s0, a0
core   0: 3 0x800092a6 (0x8c09) x8  0x00000e27
core   0: 0x800092a8 (0xfc298c03) lb      s8, -62(s3)
core   0: 3 0x800092a8 (0xfc298c03) x24 0x00000000 mem 0x80010599
core   0: 0x800092ac (0x9b278c93) addi    s9, a5, -1614
core   0: 3 0x800092ac (0x9b278c93) x25 0xcffff9ac
core   0: 0x800092b0 (0x07599d03) lh      s10, 117(s3)
core   0: 3 0x800092b0 (0x07599d03) x26 0x00000000 mem 0x8001064c
core   0: 0x800092b4 (0x07599883) lh      a7, 117(s3)
core   0: 3 0x800092b4 (0x07599883) x17 0x00000000 mem 0x8001064c
core   0: 0x800092b8 (0x0759c203) lbu     tp, 117(s3)
core   0: 3 0x800092b8 (0x0759c203) x4  0x00000000 mem 0x8001064c
core   0: 0x800092bc (0x0699aaa3) sw      s1, 117(s3)
core   0: 3 0x800092bc (0x0699aaa3) mem 0x8001064c 0x00000000
core   0: 0x800092c0 (0x0759ab83) lw      s7, 117(s3)
core   0: 3 0x800092c0 (0x0759ab83) x23 0x00000000 mem 0x8001064c
core   0: 0x800092c4 (0x07599203) lh      tp, 117(s3)
core   0: 3 0x800092c4 (0x07599203) x4  0x00000000 mem 0x8001064c
core   0: 0x800092c8 (0x07599903) lh      s2, 117(s3)
core   0: 3 0x800092c8 (0x07599903) x18 0x00000000 mem 0x8001064c
core   0: 0x800092cc (0x08f9d883) lhu     a7, 143(s3)
core   0: 3 0x800092cc (0x08f9d883) x17 0x00000000 mem 0x80010666
core   0: 0x800092d0 (0x0a799903) lh      s2, 167(s3)
core   0: 3 0x800092d0 (0x0a799903) x18 0x00000000 mem 0x8001067e
core   0: 0x800092d4 (0x0a79d703) lhu     a4, 167(s3)
core   0: 3 0x800092d4 (0x0a79d703) x14 0x00000000 mem 0x8001067e
core   0: 0x800092d8 (0x00000001) c.nop
core   0: 3 0x800092d8 (0x0001)
core   0: 0x800092da (0x00bb82b3) add     t0, s7, a1
core   0: 3 0x800092da (0x00bb82b3) x5  0x800299f3
core   0: 0x800092de (0x000ff1b3) and     gp, t6, zero
core   0: 3 0x800092de (0x000ff1b3) x3  0x00000000
core   0: 0x800092e2 (0x0393be33) mulhu   t3, t2, s9
core   0: 3 0x800092e2 (0x0393be33) x28 0x00000000
core   0: 0x800092e6 (0x010b1c33) sll     s8, s6, a6
core   0: 3 0x800092e6 (0x010b1c33) x24 0x00000000
core   0: 0x800092ea (0x0000cc99) c.beqz  s1, pc + 30
core   0: 3 0x800092ea (0xcc99)
core   0: 0x80009308 (0x03e699b3) mulh    s3, a3, t5
core   0: 3 0x80009308 (0x03e699b3) x19 0xc7657fed
core   0: 0x8000930c (0x99dd8493) addi    s1, s11, -1635
core   0: 3 0x8000930c (0x99dd8493) x9  0xcbfff99d
core   0: 0x80009310 (0x00006151) c.addi16sp sp, 272
core   0: 3 0x80009310 (0x6151) x2  0x00280110
core   0: 0x80009312 (0x409a5733) sra     a4, s4, s1
core   0: 3 0x80009312 (0x409a5733) x14 0x00000000
core   0: 0x80009316 (0x0280ca63) blt     ra, s0, pc + 52
core   0: 3 0x80009316 (0x0280ca63)
core   0: 0x8000934a (0x026a54b3) divu    s1, s4, t1
core   0: 3 0x8000934a (0x026a54b3) x9  0xffffffff
core   0: 0x8000934e (0x00000d5e) c.slli  s10, 23
core   0: 3 0x8000934e (0x0d5e) x26 0x00000000
core   0: 0x80009350 (0x0114fb63) bgeu    s1, a7, pc + 22
core   0: 3 0x80009350 (0x0114fb63)
core   0: 0x80009366 (0x000099fa) c.add   s3, t5
core   0: 3 0x80009366 (0x99fa) x19 0x47681d11
core   0: 0x80009368 (0x03afb8b3) mulhu   a7, t6, s10
core   0: 3 0x80009368 (0x03afb8b3) x17 0x00000000
core   0: 0x8000936c (0x0000717d) c.addi16sp sp, -16
core   0: 3 0x8000936c (0x717d) x2  0x00280100
core   0: 0x8000936e (0x008314b3) sll     s1, t1, s0
core   0: 3 0x8000936e (0x008314b3) x9  0x00000000
core   0: 0x80009372 (0x0000612d) c.addi16sp sp, 224
core   0: 3 0x80009372 (0x612d) x2  0x002801e0
core   0: 0x80009374 (0x00190533) add     a0, s2, ra
core   0: 3 0x80009374 (0x00190533) x10 0x00000001
core   0: 0x80009378 (0x406606b3) sub     a3, a2, t1
core   0: 3 0x80009378 (0x406606b3) x13 0x00000004
core   0: 0x8000937c (0x035a00b3) mul     ra, s4, s5
core   0: 3 0x8000937c (0x035a00b3) x1  0x00000000
core   0: 0x80009380 (0x41668db3) sub     s11, a3, s6
core   0: 3 0x80009380 (0x41668db3) x27 0x00000004
core   0: 0x80009384 (0x0000717d) c.addi16sp sp, -16
core   0: 3 0x80009384 (0x717d) x2  0x002801d0
core   0: 0x80009386 (0x00008c9d) c.sub   s1, a5
core   0: 3 0x80009386 (0x8c9d) x9  0x30000006
core   0: 0x80009388 (0xe642a8b7) lui     a7, 0xe642a
core   0: 3 0x80009388 (0xe642a8b7) x17 0xe642a000
core   0: 0x8000938c (0x0000e501) c.bnez  a0, pc + 8
core   0: 3 0x8000938c (0xe501)
core   0: 0x80009394 (0x6bbd8613) addi    a2, s11, 1723
core   0: 3 0x80009394 (0x6bbd8613) x12 0x000006bf
core   0: 0x80009398 (0x0000666d) c.lui   a2, 0x1b
core   0: 3 0x80009398 (0x666d) x12 0x0001b000
core   0: 0x8000939a (0x005fa6b3) slt     a3, t6, t0
core   0: 3 0x8000939a (0x005fa6b3) x13 0x00000000
core   0: 0x8000939e (0x000087b1) c.srai  a5, 12
core   0: 3 0x8000939e (0x87b1) x15 0xfffcffff
core   0: 0x800093a0 (0x0195f6b3) and     a3, a1, s9
core   0: 3 0x800093a0 (0x0195f6b3) x13 0x800299a0
core   0: 0x800093a4 (0x6f1e7f93) andi    t6, t3, 1777
core   0: 3 0x800093a4 (0x6f1e7f93) x31 0x00000000
core   0: 0x800093a8 (0x4d7ffb13) andi    s6, t6, 1239
core   0: 3 0x800093a8 (0x4d7ffb13) x22 0x00000000
core   0: 0x800093ac (0x00001a7d) c.addi  s4, -1
core   0: 3 0x800093ac (0x1a7d) x20 0xffffffff
core   0: 0x800093ae (0x00008759) c.srai  a4, 22
core   0: 3 0x800093ae (0x8759) x14 0x00000000
core   0: 0x800093b0 (0x00272c33) slt     s8, a4, sp
core   0: 3 0x800093b0 (0x00272c33) x24 0x00000001
core   0: 0x800093b4 (0x030a98b3) mulh    a7, s5, a6
core   0: 3 0x800093b4 (0x030a98b3) x17 0xfffffffc
core   0: 0x800093b8 (0x00851393) slli    t2, a0, 8
core   0: 3 0x800093b8 (0x00851393) x7  0x00000100
core   0: 0x800093bc (0x02804a33) div     s4, zero, s0
core   0: 3 0x800093bc (0x02804a33) x20 0x00000000
core   0: 0x800093c0 (0x47392f93) slti    t6, s2, 1139
core   0: 3 0x800093c0 (0x47392f93) x31 0x00000001
core   0: 0x800093c4 (0x0000971a) c.add   a4, t1
core   0: 3 0x800093c4 (0x971a) x14 0x00000000
core   0: 0x800093c6 (0x00f78bb3) add     s7, a5, a5
core   0: 3 0x800093c6 (0x00f78bb3) x23 0xfff9fffe
core   0: 0x800093ca (0x0103b0b3) sltu    ra, t2, a6
core   0: 3 0x800093ca (0x0103b0b3) x1  0x00000001
core   0: 0x800093ce (0x000085c2) c.mv    a1, a6
core   0: 3 0x800093ce (0x85c2) x11 0x800299f3
core   0: 0x800093d0 (0x000062e5) c.lui   t0, 0x19
core   0: 3 0x800093d0 (0x62e5) x5  0x00019000
core   0: 0x800093d2 (0x0000147d) c.addi  s0, -1
core   0: 3 0x800093d2 (0x147d) x8  0x00000e26
core   0: 0x800093d4 (0x019736b3) sltu    a3, a4, s9
core   0: 3 0x800093d4 (0x019736b3) x13 0x00000001
core   0: 0x800093d8 (0xb7ceca17) auipc   s4, 0xb7cec
core   0: 3 0x800093d8 (0xb7ceca17) x20 0x37cf53d8
core   0: 0x800093dc (0x046fd163) bge     t6, t1, pc + 66
core   0: 3 0x800093dc (0x046fd163)
core   0: 0x8000941e (0x0000e421) c.bnez  s0, pc + 72
core   0: 3 0x8000941e (0xe421)
core   0: 0x80009466 (0x0361a3b3) mulhsu  t2, gp, s6
core   0: 3 0x80009466 (0x0361a3b3) x7  0x00000000
core   0: 0x8000946a (0x03931133) mulh    sp, t1, s9
core   0: 3 0x8000946a (0x03931133) x2  0x00000000
core   0: 0x8000946e (0x26cd5a17) auipc   s4, 0x26cd5
core   0: 3 0x8000946e (0x26cd5a17) x20 0xa6cde46e
core   0: 0x80009472 (0x407c5d13) srai    s10, s8, 7
core   0: 3 0x80009472 (0x407c5d13) x26 0x00000000
core   0: 0x80009476 (0x06926297) auipc   t0, 0x6926
core   0: 3 0x80009476 (0x06926297) x5  0x8692f476
core   0: 0x8000947a (0x008f7d33) and     s10, t5, s0
core   0: 3 0x8000947a (0x008f7d33) x26 0x00000c24
core   0: 0x8000947e (0x02ad1263) bne     s10, a0, pc + 36
core   0: 3 0x8000947e (0x02ad1263)
core   0: 0x800094a2 (0x01df5233) srl     tp, t5, t4
core   0: 3 0x800094a2 (0x01df5233) x4  0x0080029d
core   0: 0x800094a6 (0xf2aeb513) sltiu   a0, t4, -214
core   0: 3 0x800094a6 (0xf2aeb513) x10 0x00000001
core   0: 0x800094aa (0x00000dfd) c.addi  s11, 31
core   0: 3 0x800094aa (0x0dfd) x27 0x00000023
core   0: 0x800094ac (0x01ffb6b3) sltu    a3, t6, t6
core   0: 3 0x800094ac (0x01ffb6b3) x13 0x00000000
core   0: 0x800094b0 (0x00afd913) srli    s2, t6, 10
core   0: 3 0x800094b0 (0x00afd913) x18 0x00000000
core   0: 0x800094b4 (0x0000717d) c.addi16sp sp, -16
core   0: 3 0x800094b4 (0x717d) x2  0xfffffff0
core   0: 0x800094b6 (0x026b14b3) mulh    s1, s6, t1
core   0: 3 0x800094b6 (0x026b14b3) x9  0x00000000
core   0: 0x800094ba (0x413d5bb3) sra     s7, s10, s3
core   0: 3 0x800094ba (0x413d5bb3) x23 0x00000000
core   0: 0x800094be (0x00e73133) sltu    sp, a4, a4
core   0: 3 0x800094be (0x00e73133) x2  0x00000000
core   0: 0x800094c2 (0x4092dd93) srai    s11, t0, 9
core   0: 3 0x800094c2 (0x4092dd93) x27 0xffc3497a
core   0: 0x800094c6 (0x00008dc1) c.or    a1, s0
core   0: 3 0x800094c6 (0x8dc1) x11 0x80029ff7
core   0: 0x800094c8 (0x454da017) auipc   zero, 0x454da
core   0: 3 0x800094c8 (0x454da017)
core   0: 0x800094cc (0x40d182b3) sub     t0, gp, a3
core   0: 3 0x800094cc (0x40d182b3) x5  0x00000000
core   0: 0x800094d0 (0x00c85233) srl     tp, a6, a2
core   0: 3 0x800094d0 (0x00c85233) x4  0x800299f3
core   0: 0x800094d4 (0x0b74aa13) slti    s4, s1, 183
core   0: 3 0x800094d4 (0x0b74aa13) x20 0x00000001
core   0: 0x800094d8 (0x000089b9) c.andi  a1, 14
core   0: 3 0x800094d8 (0x89b9) x11 0x00000006
core   0: 0x800094da (0x008c2233) slt     tp, s8, s0
core   0: 3 0x800094da (0x008c2233) x4  0x00000001
core   0: 0x800094de (0x01895213) srli    tp, s2, 24
core   0: 3 0x800094de (0x01895213) x4  0x00000000
core   0: 0x800094e2 (0x00008ea9) c.xor   a3, a0
core   0: 3 0x800094e2 (0x8ea9) x13 0x00000001
core   0: 0x800094e4 (0x00008ff6) c.mv    t6, t4
core   0: 3 0x800094e4 (0x8ff6) x31 0x80025e28
core   0: 0x800094e6 (0x000cfb63) bgeu    s9, zero, pc + 22
core   0: 3 0x800094e6 (0x000cfb63)
core   0: 0x800094fc (0x0000c78d) c.beqz  a5, pc + 42
core   0: 3 0x800094fc (0xc78d)
core   0: 0x800094fe (0x031ec533) div     a0, t4, a7
core   0: 3 0x800094fe (0x031ec533) x10 0x1fff6876
core   0: 0x80009502 (0x019f35b3) sltu    a1, t5, s9
core   0: 3 0x80009502 (0x019f35b3) x11 0x00000001
core   0: 0x80009506 (0x019ef633) and     a2, t4, s9
core   0: 3 0x80009506 (0x019ef633) x12 0x80025828
core   0: 0x8000950a (0x000052fd) c.li    t0, -1
core   0: 3 0x8000950a (0x52fd) x5  0xffffffff
core   0: 0x8000950c (0x024d2633) mulhsu  a2, s10, tp
core   0: 3 0x8000950c (0x024d2633) x12 0x00000000
core   0: 0x80009510 (0x019b1fb3) sll     t6, s6, s9
core   0: 3 0x80009510 (0x019b1fb3) x31 0x00000000
core   0: 0x80009514 (0x00008c01) c.sub   s0, s0
core   0: 3 0x80009514 (0x8c01) x8  0x00000000
core   0: 0x80009516 (0x00000588) c.addi4spn a0, sp, 704
core   0: 3 0x80009516 (0x0588) x10 0x000002c0
core   0: 0x80009518 (0x400f5b93) srai    s7, t5, 0
core   0: 3 0x80009518 (0x400f5b93) x23 0x80029d24
core   0: 0x8000951c (0x00008fe1) c.and   a5, s0
core   0: 3 0x8000951c (0x8fe1) x15 0x00000000
core   0: 0x8000951e (0x03d55c63) bge     a0, t4, pc + 56
core   0: 3 0x8000951e (0x03d55c63)
core   0: 0x80009556 (0xb09fe517) auipc   a0, 0xb09fe
core   0: 3 0x80009556 (0xb09fe517) x10 0x30a07556
core   0: 0x8000955a (0xcac8ccb7) lui     s9, 0xcac8c
core   0: 3 0x8000955a (0xcac8ccb7) x25 0xcac8c000
core   0: 0x8000955e (0x000082cd) c.srli  a3, 19
core   0: 3 0x8000955e (0x82cd) x13 0x00000000
core   0: 0x80009560 (0x008ba233) slt     tp, s7, s0
core   0: 3 0x80009560 (0x008ba233) x4  0x00000001
core   0: 0x80009564 (0x01941d63) bne     s0, s9, pc + 26
core   0: 3 0x80009564 (0x01941d63)
core   0: 0x8000957e (0x00008b69) c.andi  a4, 26
core   0: 3 0x8000957e (0x8b69) x14 0x00000000
core   0: 0x80009580 (0x00001a7d) c.addi  s4, -1
core   0: 3 0x80009580 (0x1a7d) x20 0x00000000
core   0: 0x80009582 (0x6ea4fd93) andi    s11, s1, 1770
core   0: 3 0x80009582 (0x6ea4fd93) x27 0x00000000
core   0: 0x80009586 (0x00006151) c.addi16sp sp, 272
core   0: 3 0x80009586 (0x6151) x2  0x00000110
core   0: 0x80009588 (0x00000146) c.slli  sp, 17
core   0: 3 0x80009588 (0x0146) x2  0x02200000
core   0: 0x8000958a (0x25463713) sltiu   a4, a2, 596
core   0: 3 0x8000958a (0x25463713) x14 0x00000001
core   0: 0x8000958e (0x205473b7) lui     t2, 0x20547
core   0: 3 0x8000958e (0x205473b7) x7  0x20547000
core   0: 0x80009592 (0x03ed9a33) mulh    s4, s11, t5
core   0: 3 0x80009592 (0x03ed9a33) x20 0x00000000
core   0: 0x80009596 (0x00008a0a) c.mv    s4, sp
core   0: 3 0x80009596 (0x8a0a) x20 0x02200000
core   0: 0x80009598 (0x45096b13) ori     s6, s2, 1104
core   0: 3 0x80009598 (0x45096b13) x22 0x00000450
core   0: 0x8000959c (0x00006129) c.addi16sp sp, 192
core   0: 3 0x8000959c (0x6129) x2  0x022000c0
core   0: 0x8000959e (0x037f61b3) rem     gp, t5, s7
core   0: 3 0x8000959e (0x037f61b3) x3  0x00000000
core   0: 0x800095a2 (0x029a8a63) beq     s5, s1, pc + 52
core   0: 3 0x800095a2 (0x029a8a63)
core   0: 0x800095a6 (0x013f73b3) and     t2, t5, s3
core   0: 3 0x800095a6 (0x013f73b3) x7  0x00001d00
core   0: 0x800095aa (0x00005dfd) c.li    s11, -1
core   0: 3 0x800095aa (0x5dfd) x27 0xffffffff
core   0: 0x800095ac (0x0308abb3) mulhsu  s7, a7, a6
core   0: 3 0x800095ac (0x0308abb3) x23 0xfffffffd
core   0: 0x800095b0 (0x009edc93) srli    s9, t4, 9
core   0: 3 0x800095b0 (0x009edc93) x25 0x0040012f
core   0: 0x800095b4 (0x01855a33) srl     s4, a0, s8
core   0: 3 0x800095b4 (0x01855a33) x20 0x18503aab
core   0: 0x800095b8 (0x01f598b3) sll     a7, a1, t6
core   0: 3 0x800095b8 (0x01f598b3) x17 0x00000001
core   0: 0x800095bc (0x417601b3) sub     gp, a2, s7
core   0: 3 0x800095bc (0x417601b3) x3  0x00000003
core   0: 0x800095c0 (0x0000636d) c.lui   t1, 0x1b
core   0: 3 0x800095c0 (0x636d) x6  0x0001b000
core   0: 0x800095c2 (0x41f0d193) srai    gp, ra, 31
core   0: 3 0x800095c2 (0x41f0d193) x3  0x00000000
core   0: 0x800095c6 (0x01de2733) slt     a4, t3, t4
core   0: 3 0x800095c6 (0x01de2733) x14 0x00000000
core   0: 0x800095ca (0x0182a333) slt     t1, t0, s8
core   0: 3 0x800095ca (0x0182a333) x6  0x00000001
core   0: 0x800095ce (0xe22f2993) slti    s3, t5, -478
core   0: 3 0x800095ce (0xe22f2993) x19 0x00000001
core   0: 0x800095d2 (0x00f25293) srli    t0, tp, 15
core   0: 3 0x800095d2 (0x00f25293) x5  0x00000000
core   0: 0x800095d6 (0x0293a833) mulhsu  a6, t2, s1
core   0: 3 0x800095d6 (0x0293a833) x16 0x00000000
core   0: 0x800095da (0xfcc08217) auipc   tp, 0xfcc08
core   0: 3 0x800095da (0xfcc08217) x4  0x7cc115da
core   0: 0x800095de (0x02526b33) rem     s6, tp, t0
core   0: 3 0x800095de (0x02526b33) x22 0x7cc115da
core   0: 0x800095e2 (0x029907b3) mul     a5, s2, s1
core   0: 3 0x800095e2 (0x029907b3) x15 0x00000000
core   0: 0x800095e6 (0x03290033) mul     zero, s2, s2
core   0: 3 0x800095e6 (0x03290033)
core   0: 0x800095ea (0xf9457e37) lui     t3, 0xf9457
core   0: 3 0x800095ea (0xf9457e37) x28 0xf9457000
core   0: 0x800095ee (0x00b84363) blt     a6, a1, pc + 6
core   0: 3 0x800095ee (0x00b84363)
core   0: 0x800095f4 (0x00008e4d) c.or    a2, a1
core   0: 3 0x800095f4 (0x8e4d) x12 0x00000001
core   0: 0x800095f6 (0x02c207b3) mul     a5, tp, a2
core   0: 3 0x800095f6 (0x02c207b3) x15 0x7cc115da
core   0: 0x800095fa (0x004ea083) lw      ra, 4(t4)
core   0: 3 0x800095fa (0x004ea083) x1  0x800068ea mem 0x80025e2c
core   0: 0x800095fe (0x00000ee1) c.addi  t4, 24
core   0: 3 0x800095fe (0x0ee1) x29 0x80025e40
core   0: 0x80009600 (0x00001398) c.addi4spn a4, sp, 480
core   0: 3 0x80009600 (0x1398) x14 0x022002a0
core   0: 0x80009602 (0x01b97333) and     t1, s2, s11
core   0: 3 0x80009602 (0x01b97333) x6  0x00000000
core   0: 0x80009606 (0x00008741) c.srai  a4, 16
core   0: 3 0x80009606 (0x8741) x14 0x00000220
core   0: 0x80009608 (0x00008193) mv      gp, ra
core   0: 3 0x80009608 (0x00008193) x3  0x800068ea
core   0: 0x8000960c (0x00009182) c.jalr  gp
core   0: 3 0x8000960c (0x9182) x1  0x8000960e
core   0: 0x800068ea (0x0000a117) auipc   sp, 0xa
core   0: 3 0x800068ea (0x0000a117) x2  0x800108ea
core   0: 0x800068ee (0x24310113) addi    sp, sp, 579
core   0: 3 0x800068ee (0x24310113) x2  0x80010b2d
core   0: 0x800068f2 (0x00210303) lb      t1, 2(sp)
core   0: 3 0x800068f2 (0x00210303) x6  0x00000000 mem 0x80010b2f
core   0: 0x800068f6 (0x00000001) c.nop
core   0: 3 0x800068f6 (0x0001)
core   0: 0x800068f8 (0xfe510323) sb      t0, -26(sp)
core   0: 3 0x800068f8 (0xfe510323) mem 0x80010b13 0x00
core   0: 0x800068fc (0x01f14283) lbu     t0, 31(sp)
core   0: 3 0x800068fc (0x01f14283) x5  0x00000000 mem 0x80010b4c
core   0: 0x80006900 (0x0118e6b3) or      a3, a7, a7
core   0: 3 0x80006900 (0x0118e6b3) x13 0x00000001
core   0: 0x80006904 (0x00910223) sb      s1, 4(sp)
core   0: 3 0x80006904 (0x00910223) mem 0x80010b31 0x00
core   0: 0x80006908 (0x02d109a3) sb      a3, 51(sp)
core   0: 3 0x80006908 (0x02d109a3) mem 0x80010b60 0x01
core   0: 0x8000690c (0x02f11483) lh      s1, 47(sp)
core   0: 3 0x8000690c (0x02f11483) x9  0x00000000 mem 0x80010b5c
core   0: 0x80006910 (0x0113e3b3) or      t2, t2, a7
core   0: 3 0x80006910 (0x0113e3b3) x7  0x00001d01
core   0: 0x80006914 (0xfd314883) lbu     a7, -45(sp)
core   0: 3 0x80006914 (0xfd314883) x17 0x00000000 mem 0x80010b00
core   0: 0x80006918 (0x00004339) c.li    t1, 14
core   0: 3 0x80006918 (0x4339) x6  0x0000000e
core   0: 0x8000691a (0x7a5348b7) lui     a7, 0x7a534
core   0: 3 0x8000691a (0x7a5348b7) x17 0x7a534000
core   0: 0x8000691e (0xfe711ba3) sh      t2, -9(sp)
core   0: 3 0x8000691e (0xfe711ba3) mem 0x80010b24 0x1d01
core   0: 0x80006922 (0x874a58b7) lui     a7, 0x874a5
core   0: 3 0x80006922 (0x874a58b7) x17 0x874a5000
core   0: 0x80006926 (0xfc712ba3) sw      t2, -41(sp)
core   0: 3 0x80006926 (0xfc712ba3) mem 0x80010b04 0x00001d01
core   0: 0x8000692a (0x000084b9) c.srai  s1, 14
core   0: 3 0x8000692a (0x84b9) x9  0x00000000
core   0: 0x8000692c (0xbf7ce897) auipc   a7, 0xbf7ce
core   0: 3 0x8000692c (0xbf7ce897) x17 0x3f7d492c
core   0: 0x80006930 (0x027102a3) sb      t2, 37(sp)
core   0: 3 0x80006930 (0x027102a3) mem 0x80010b52 0x01
core   0: 0x80006934 (0x000080e9) c.srli  s1, 26
core   0: 3 0x80006934 (0x80e9) x9  0x00000000
core   0: 0x80006936 (0x02e10483) lb      s1, 46(sp)
core   0: 3 0x80006936 (0x02e10483) x9  0x00000000 mem 0x80010b5b
core   0: 0x8000693a (0x0253c8b3) div     a7, t2, t0
core   0: 3 0x8000693a (0x0253c8b3) x17 0xffffffff
core   0: 0x8000693e (0x000096c6) c.add   a3, a7
core   0: 3 0x8000693e (0x96c6) x13 0x00000000
core   0: 0x80006940 (0x00610f23) sb      t1, 30(sp)
core   0: 3 0x80006940 (0x00610f23) mem 0x80010b4b 0x0e
core   0: 0x80006944 (0x05c2f313) andi    t1, t0, 92
core   0: 3 0x80006944 (0x05c2f313) x6  0x00000000
core   0: 0x80006948 (0x00008cc5) c.or    s1, s1
core   0: 3 0x80006948 (0x8cc5) x9  0x00000000
core   0: 0x8000694a (0xfea2b313) sltiu   t1, t0, -22
core   0: 3 0x8000694a (0xfea2b313) x6  0x00000001
core   0: 0x8000694e (0x000068d5) c.lui   a7, 0x15
core   0: 3 0x8000694e (0x68d5) x17 0x00015000
core   0: 0x80006950 (0x025113a3) sh      t0, 39(sp)
core   0: 3 0x80006950 (0x025113a3) mem 0x80010b54 0x0000
core   0: 0x80006954 (0x02748333) mul     t1, s1, t2
core   0: 3 0x80006954 (0x02748333) x6  0x00000000
core   0: 0x80006958 (0x9624f393) andi    t2, s1, -1694
core   0: 3 0x80006958 (0x9624f393) x7  0x00000000
core   0: 0x8000695c (0xf9dba497) auipc   s1, 0xf9dba
core   0: 3 0x8000695c (0xf9dba497) x9  0x79dc095c
core   0: 0x80006960 (0xfd112da3) sw      a7, -37(sp)
core   0: 3 0x80006960 (0xfd112da3) mem 0x80010b08 0x00015000
core   0: 0x80006964 (0xffa10483) lb      s1, -6(sp)
core   0: 3 0x80006964 (0xffa10483) x9  0x00000000 mem 0x80010b27
core   0: 0x80006968 (0x00000001) c.nop
core   0: 3 0x80006968 (0x0001)
core   0: 0x8000696a (0x40488493) addi    s1, a7, 1028
core   0: 3 0x8000696a (0x40488493) x9  0x00015404
core   0: 0x8000696e (0x00008ec5) c.or    a3, s1
core   0: 3 0x8000696e (0x8ec5) x13 0x00015404
core   0: 0x80006970 (0x000098fd) c.andi  s1, -1
core   0: 3 0x80006970 (0x98fd) x9  0x00015404
core   0: 0x80006972 (0x40d288b3) sub     a7, t0, a3
core   0: 3 0x80006972 (0x40d288b3) x17 0xfffeabfc
core   0: 0x80006976 (0xfe910b23) sb      s1, -10(sp)
core   0: 3 0x80006976 (0xfe910b23) mem 0x80010b23 0x04
core   0: 0x8000697a (0x0072b4b3) sltu    s1, t0, t2
core   0: 3 0x8000697a (0x0072b4b3) x9  0x00000000
core   0: 0x8000697e (0x03e10303) lb      t1, 62(sp)
core   0: 3 0x8000697e (0x03e10303) x6  0x00000000 mem 0x80010b6b
core   0: 0x80006982 (0x000062a5) c.lui   t0, 0x9
core   0: 3 0x80006982 (0x62a5) x5  0x00009000
core   0: 0x80006984 (0x02d11da3) sh      a3, 59(sp)
core   0: 3 0x80006984 (0x02d11da3) mem 0x80010b68 0x5404
core   0: 0x80006988 (0xfcf11283) lh      t0, -49(sp)
core   0: 3 0x80006988 (0xfcf11283) x5  0x00000000 mem 0x80010afc
core   0: 0x8000698c (0x00008c85) c.sub   s1, s1
core   0: 3 0x8000698c (0x8c85) x9  0x00000000
core   0: 0x8000698e (0x0000137d) c.addi  t1, -1
core   0: 3 0x8000698e (0x137d) x6  0xffffffff
core   0: 0x80006990 (0x01f11303) lh      t1, 31(sp)
core   0: 3 0x80006990 (0x01f11303) x6  0x00000000 mem 0x80010b4c
core   0: 0x80006994 (0x02c000ef) jal     pc + 0x2c
core   0: 3 0x80006994 (0x02c000ef) x1  0x80006998
core   0: 0x800069c0 (0xfe9ff0ef) jal     pc - 0x18
core   0: 3 0x800069c0 (0xfe9ff0ef) x1  0x800069c4
core   0: 0x800069a8 (0x00c002ef) jal     t0, pc + 0xc
core   0: 3 0x800069a8 (0x00c002ef) x5  0x800069ac
core   0: 0x800069b4 (0x000037d5) c.jal   pc - 28
core   0: 3 0x800069b4 (0x37d5) x1  0x800069b6
core   0: 0x80006998 (0x0000a011) c.j     pc + 4
core   0: 3 0x80006998 (0xa011)
core   0: 0x8000699c (0x00002819) c.jal   pc + 22
core   0: 3 0x8000699c (0x2819) x1  0x8000699e
core   0: 0x800069b2 (0x0000a031) c.j     pc + 12
core   0: 3 0x800069b2 (0xa031)
core   0: 0x800069be (0x00003fcd) c.jal   pc - 14
core   0: 3 0x800069be (0x3fcd) x1  0x800069c0
core   0: 0x800069b0 (0x00002805) c.jal   pc + 48
core   0: 3 0x800069b0 (0x2805) x1  0x800069b2
core   0: 0x800069e0 (0xfbbff36f) jal     t1, pc - 0x46
core   0: 3 0x800069e0 (0xfbbff36f) x6  0x800069e4
core   0: 0x8000699a (0x0000a80d) c.j     pc + 50
core   0: 3 0x8000699a (0xa80d)
core   0: 0x800069cc (0x00002009) c.jal   pc + 2
core   0: 3 0x800069cc (0x2009) x1  0x800069ce
core   0: 0x800069ce (0xff7ff1ef) jal     gp, pc - 0xa
core   0: 3 0x800069ce (0xff7ff1ef) x3  0x800069d2
core   0: 0x800069c4 (0x0000a011) c.j     pc + 4
core   0: 3 0x800069c4 (0xa011)
core   0: 0x800069c8 (0xfe5ff0ef) jal     pc - 0x1c
core   0: 3 0x800069c8 (0xfe5ff0ef) x1  0x800069cc
core   0: 0x800069ac (0xff5ff0ef) jal     pc - 0xc
core   0: 3 0x800069ac (0xff5ff0ef) x1  0x800069b0
core   0: 0x800069a0 (0x0000a80d) c.j     pc + 50
core   0: 3 0x800069a0 (0xa80d)
core   0: 0x800069d2 (0xfe5ff26f) jal     tp, pc - 0x1c
core   0: 3 0x800069d2 (0xfe5ff26f) x4  0x800069d6
core   0: 0x800069b6 (0xfedff0ef) jal     pc - 0x14
core   0: 3 0x800069b6 (0xfedff0ef) x1  0x800069ba
core   0: 0x800069a2 (0x03a00e6f) jal     t3, pc + 0x3a
core   0: 3 0x800069a2 (0x03a00e6f) x28 0x800069a6
core   0: 0x800069dc (0xfebff36f) jal     t1, pc - 0x16
core   0: 3 0x800069dc (0xfebff36f) x6  0x800069e0
core   0: 0x800069c6 (0x0000a801) c.j     pc + 16
core   0: 3 0x800069c6 (0xa801)
core   0: 0x800069d6 (0x0000a009) c.j     pc + 2
core   0: 3 0x800069d6 (0xa009)
core   0: 0x800069d8 (0x0000b7d9) c.j     pc - 58
core   0: 3 0x800069d8 (0xb7d9)
core   0: 0x8000699e (0x00002835) c.jal   pc + 60
core   0: 3 0x8000699e (0x2835) x1  0x800069a0
core   0: 0x800069da (0x000037f1) c.jal   pc - 52
core   0: 3 0x800069da (0x37f1) x1  0x800069dc
core   0: 0x800069a6 (0x0000a811) c.j     pc + 20
core   0: 3 0x800069a6 (0xa811)
core   0: 0x800069ba (0x02a0026f) jal     tp, pc + 0x2a
core   0: 3 0x800069ba (0x02a0026f) x4  0x800069be
core   0: 0x800069e4 (0x01b29233) sll     tp, t0, s11
core   0: 3 0x800069e4 (0x01b29233) x4  0x00000000
core   0: 0x800069e8 (0x00015117) auipc   sp, 0x15
core   0: 3 0x800069e8 (0x00015117) x2  0x8001b9e8
core   0: 0x800069ec (0xcd810113) addi    sp, sp, -808
core   0: 3 0x800069ec (0xcd810113) x2  0x8001b6c0
core   0: 0x800069f0 (0x00008c95) c.sub   s1, a3
core   0: 3 0x800069f0 (0x8c95) x9  0xfffeabfc
core   0: 0x800069f2 (0x00008b59) c.andi  a4, 22
core   0: 3 0x800069f2 (0x8b59) x14 0x00000000
core   0: 0x800069f4 (0x03627433) remu    s0, tp, s6
core   0: 3 0x800069f4 (0x03627433) x8  0x00000000
core   0: 0x800069f8 (0x02914583) lbu     a1, 41(sp)
core   0: 3 0x800069f8 (0x02914583) x11 0x00000000 mem 0x8001b6e9
core   0: 0x800069fc (0x00004452) c.lwsp  s0, 20(sp)
core   0: 3 0x800069fc (0x4452) x8  0x00000000 mem 0x8001b6d4
core   0: 0x800069fe (0xfdb10c23) sb      s11, -40(sp)
core   0: 3 0x800069fe (0xfdb10c23) mem 0x8001b698 0xff
core   0: 0x80006a02 (0x00008f2d) c.xor   a4, a1
core   0: 3 0x80006a02 (0x8f2d) x14 0x00000000
core   0: 0x80006a04 (0x03f14903) lbu     s2, 63(sp)
core   0: 3 0x80006a04 (0x03f14903) x18 0x00000000 mem 0x8001b6ff
core   0: 0x80006a08 (0xfff10b03) lb      s6, -1(sp)
core   0: 3 0x80006a08 (0xfff10b03) x22 0x00000000 mem 0x8001b6bf
core   0: 0x80006a0c (0x02314e03) lbu     t3, 35(sp)
core   0: 3 0x80006a0c (0x02314e03) x28 0x00000000 mem 0x8001b6e3
core   0: 0x80006a10 (0x40b852b3) sra     t0, a6, a1
core   0: 3 0x80006a10 (0x40b852b3) x5  0x00000000
core   0: 0x80006a14 (0x17b12197) auipc   gp, 0x17b12
core   0: 3 0x80006a14 (0x17b12197) x3  0x97b18a14
core   0: 0x80006a18 (0x03eff1b3) remu    gp, t6, t5
core   0: 3 0x80006a18 (0x03eff1b3) x3  0x00000000
core   0: 0x80006a1c (0x00000001) c.nop
core   0: 3 0x80006a1c (0x0001)
core   0: 0x80006a1e (0x01841693) slli    a3, s0, 24
core   0: 3 0x80006a1e (0x01841693) x13 0x00000000
core   0: 0x80006a22 (0x01214a03) lbu     s4, 18(sp)
core   0: 3 0x80006a22 (0x01214a03) x20 0x00000000 mem 0x8001b6d2
core   0: 0x80006a26 (0x3bfbcd13) xori    s10, s7, 959
core   0: 3 0x80006a26 (0x3bfbcd13) x26 0xfffffc42
core   0: 0x80006a2a (0x000008d1) c.addi  a7, 20
core   0: 3 0x80006a2a (0x08d1) x17 0xfffeac10
core   0: 0x80006a2c (0x00006365) c.lui   t1, 0x19
core   0: 3 0x80006a2c (0x6365) x6  0x00019000
core   0: 0x80006a2e (0x000081de) c.mv    gp, s7
core   0: 3 0x80006a2e (0x81de) x3  0xfffffffd
core   0: 0x80006a30 (0xfc910123) sb      s1, -62(sp)
core   0: 3 0x80006a30 (0xfc910123) mem 0x8001b682 0xfc
core   0: 0x80006a34 (0x000083bd) c.srli  a5, 15
core   0: 3 0x80006a34 (0x83bd) x15 0x0000f982
core   0: 0x80006a36 (0x0000d67e) c.swsp  t6, 44(sp)
core   0: 3 0x80006a36 (0xd67e) mem 0x8001b6ec 0x00000000
core   0: 0x80006a38 (0xfc710723) sb      t2, -50(sp)
core   0: 3 0x80006a38 (0xfc710723) mem 0x8001b68e 0x00
core   0: 0x80006a3c (0xa5614313) xori    t1, sp, -1450
core   0: 3 0x80006a3c (0xa5614313) x6  0x7ffe4c96
core   0: 0x80006a40 (0x03e15f83) lhu     t6, 62(sp)
core   0: 3 0x80006a40 (0x03e15f83) x31 0x00000000 mem 0x8001b6fe
core   0: 0x80006a44 (0xfde15383) lhu     t2, -34(sp)
core   0: 3 0x80006a44 (0xfde15383) x7  0x00000000 mem 0x8001b69e
core   0: 0x80006a48 (0x4081d9b3) sra     s3, gp, s0
core   0: 3 0x80006a48 (0x4081d9b3) x19 0xfffffffd
core   0: 0x80006a4c (0x0000053e) c.slli  a0, 15
core   0: 3 0x80006a4c (0x053e) x10 0x3aab0000
core   0: 0x80006a4e (0x02b4e433) rem     s0, s1, a1
core   0: 3 0x80006a4e (0x02b4e433) x8  0xfffeabfc
core   0: 0x80006a52 (0x00000ca2) c.slli  s9, 8
core   0: 3 0x80006a52 (0x0ca2) x25 0x40012f00
core   0: 0x80006a54 (0x000046e2) c.lwsp  a3, 24(sp)
core   0: 3 0x80006a54 (0x46e2) x13 0x00000000 mem 0x8001b6d8
core   0: 0x80006a56 (0x00004505) c.li    a0, 1
core   0: 3 0x80006a56 (0x4505) x10 0x00000001
core   0: 0x80006a58 (0x00006169) c.addi16sp sp, 208
core   0: 3 0x80006a58 (0x6169) x2  0x8001b790
core   0: 0x80006a5a (0x02cb1233) mulh    tp, s6, a2
core   0: 3 0x80006a5a (0x02cb1233) x4  0x00000000
core   0: 0x80006a5e (0x00004a25) c.li    s4, 9
core   0: 3 0x80006a5e (0x4a25) x20 0x00000009
core   0: 0x80006a60 (0x00000b8e) c.slli  s7, 3
core   0: 3 0x80006a60 (0x0b8e) x23 0xffffffe8
core   0: 0x80006a62 (0x00001c94) c.addi4spn a3, sp, 624
core   0: 3 0x80006a62 (0x1c94) x13 0x8001ba00
core   0: 0x80006a64 (0x0c9c6893) ori     a7, s8, 201
core   0: 3 0x80006a64 (0x0c9c6893) x17 0x000000c9
core   0: 0x80006a68 (0x00000001) c.nop
core   0: 3 0x80006a68 (0x0001)
core   0: 0x80006a6a (0x02315633) divu    a2, sp, gp
core   0: 3 0x80006a6a (0x02315633) x12 0x00000000
core   0: 0x80006a6e (0x00008f75) c.and   a4, a3
core   0: 3 0x80006a6e (0x8f75) x14 0x00000000
core   0: 0x80006a70 (0x00008fc9) c.or    a5, a0
core   0: 3 0x80006a70 (0x8fc9) x15 0x0000f983
core   0: 0x80006a72 (0x00000529) c.addi  a0, 10
core   0: 3 0x80006a72 (0x0529) x10 0x0000000b
core   0: 0x80006a74 (0x023d1633) mulh    a2, s10, gp
core   0: 3 0x80006a74 (0x023d1633) x12 0x00000000
core   0: 0x80006a78 (0x00006149) c.addi16sp sp, 144
core   0: 3 0x80006a78 (0x6149) x2  0x8001b820
core   0: 0x80006a7a (0x00004991) c.li    s3, 4
core   0: 3 0x80006a7a (0x4991) x19 0x00000004
core   0: 0x80006a7c (0x402f5d13) srai    s10, t5, 2
core   0: 3 0x80006a7c (0x402f5d13) x26 0xe000a749
core   0: 0x80006a80 (0x002f9b33) sll     s6, t6, sp
core   0: 3 0x80006a80 (0x002f9b33) x22 0x00000000
core   0: 0x80006a84 (0x00008fb5) c.xor   a5, a3
core   0: 3 0x80006a84 (0x8fb5) x15 0x80014383
core   0: 0x80006a86 (0xff4562e3) bltu    a0, s4, pc - 28
core   0: 3 0x80006a86 (0xff4562e3)
core   0: 0x80006a8a (0x02aade33) divu    t3, s5, a0
core   0: 3 0x80006a8a (0x02aade33) x28 0x00000000
core   0: 0x80006a8e (0x0000a317) auipc   t1, 0xa
core   0: 3 0x80006a8e (0x0000a317) x6  0x80010a8e
core   0: 0x80006a92 (0x95030313) addi    t1, t1, -1712
core   0: 3 0x80006a92 (0x95030313) x6  0x800103de
core   0: 0x80006a96 (0x03232f23) sw      s2, 62(t1)
core   0: 3 0x80006a96 (0x03232f23) mem 0x8001041c 0x00000000
core   0: 0x80006a9a (0xfd934703) lbu     a4, -39(t1)
core   0: 3 0x80006a9a (0xfd934703) x14 0x00000000 mem 0x800103b7
core   0: 0x80006a9e (0x00630f83) lb      t6, 6(t1)
core   0: 3 0x80006a9e (0x00630f83) x31 0x00000000 mem 0x800103e4
core   0: 0x80006aa2 (0x01e75f93) srli    t6, a4, 30
core   0: 3 0x80006aa2 (0x01e75f93) x31 0x00000000
core   0: 0x80006aa6 (0xff730903) lb      s2, -9(t1)
core   0: 3 0x80006aa6 (0xff730903) x18 0x00000000 mem 0x800103d5
core   0: 0x80006aaa (0xff031123) sh      a6, -30(t1)
core   0: 3 0x80006aaa (0xff031123) mem 0x800103c0 0x0000
core   0: 0x80006aae (0xfed34f83) lbu     t6, -19(t1)
core   0: 3 0x80006aae (0xfed34f83) x31 0x00000000 mem 0x800103cb
core   0: 0x80006ab2 (0x03f97fb3) remu    t6, s2, t6
core   0: 3 0x80006ab2 (0x03f97fb3) x31 0x00000000
core   0: 0x80006ab6 (0x02d81733) mulh    a4, a6, a3
core   0: 3 0x80006ab6 (0x02d81733) x14 0x00000000
core   0: 0x80006aba (0xff430703) lb      a4, -12(t1)
core   0: 3 0x80006aba (0xff430703) x14 0x00000000 mem 0x800103d2
core   0: 0x80006abe (0xfed32b23) sw      a3, -10(t1)
core   0: 3 0x80006abe (0xfed32b23) mem 0x800103d4 0x8001ba00
core   0: 0x80006ac2 (0xfeb34803) lbu     a6, -21(t1)
core   0: 3 0x80006ac2 (0xfeb34803) x16 0x00000000 mem 0x800103c9
core   0: 0x80006ac6 (0xfe334703) lbu     a4, -29(t1)
core   0: 3 0x80006ac6 (0xfe334703) x14 0x00000000 mem 0x800103c1
core   0: 0x80006aca (0xfcb30703) lb      a4, -53(t1)
core   0: 3 0x80006aca (0xfcb30703) x14 0x00000000 mem 0x800103a9
core   0: 0x80006ace (0x01264933) xor     s2, a2, s2
core   0: 3 0x80006ace (0x01264933) x18 0x00000000
core   0: 0x80006ad2 (0x94d93713) sltiu   a4, s2, -1715
core   0: 3 0x80006ad2 (0x94d93713) x14 0x00000001
core   0: 0x80006ad6 (0x02930603) lb      a2, 41(t1)
core   0: 3 0x80006ad6 (0x02930603) x12 0x00000000 mem 0x80010407
core   0: 0x80006ada (0x03a30f83) lb      t6, 58(t1)
core   0: 3 0x80006ada (0x03a30f83) x31 0x00000000 mem 0x80010418
core   0: 0x80006ade (0xfdf30823) sb      t6, -48(t1)
core   0: 3 0x80006ade (0xfdf30823) mem 0x800103ae 0x00
core   0: 0x80006ae2 (0x0306b833) mulhu   a6, a3, a6
core   0: 3 0x80006ae2 (0x0306b833) x16 0x00000000
core   0: 0x80006ae6 (0x02c307a3) sb      a2, 47(t1)
core   0: 3 0x80006ae6 (0x02c307a3) mem 0x8001040d 0x00
core   0: 0x80006aea (0xfeb34903) lbu     s2, -21(t1)
core   0: 3 0x80006aea (0xfeb34903) x18 0x00000000 mem 0x800103c9
core   0: 0x80006aee (0xfee301a3) sb      a4, -29(t1)
core   0: 3 0x80006aee (0xfee301a3) mem 0x800103c1 0x01
core   0: 0x80006af2 (0xfcb30f83) lb      t6, -53(t1)
core   0: 3 0x80006af2 (0xfcb30f83) x31 0x00000000 mem 0x800103a9
core   0: 0x80006af6 (0x02c94fb3) div     t6, s2, a2
core   0: 3 0x80006af6 (0x02c94fb3) x31 0xffffffff
core   0: 0x80006afa (0x00c96733) or      a4, s2, a2
core   0: 3 0x80006afa (0x00c96733) x14 0x00000000
core   0: 0x80006afe (0x00008736) c.mv    a4, a3
core   0: 3 0x80006afe (0x8736) x14 0x8001ba00
core   0: 0x80006b00 (0x00e93933) sltu    s2, s2, a4
core   0: 3 0x80006b00 (0x00e93933) x18 0x00000001
core   0: 0x80006b04 (0x010fc833) xor     a6, t6, a6
core   0: 3 0x80006b04 (0x010fc833) x16 0xffffffff
core   0: 0x80006b08 (0xfef34803) lbu     a6, -17(t1)
core   0: 3 0x80006b08 (0xfef34803) x16 0x00000000 mem 0x800103cd
core   0: 0x80006b0c (0xffc35903) lhu     s2, -4(t1)
core   0: 3 0x80006b0c (0xffc35903) x18 0x00000000 mem 0x800103da
core   0: 0x80006b10 (0x00008f31) c.xor   a4, a2
core   0: 3 0x80006b10 (0x8f31) x14 0x8001ba00
core   0: 0x80006b12 (0xfc334f83) lbu     t6, -61(t1)
core   0: 3 0x80006b12 (0xfc334f83) x31 0x00000000 mem 0x800103a1
core   0: 0x80006b16 (0xfe632803) lw      a6, -26(t1)
core   0: 3 0x80006b16 (0xfe632803) x16 0x00000000 mem 0x800103c4
core   0: 0x80006b1a (0x02c30323) sb      a2, 38(t1)
core   0: 3 0x80006b1a (0x02c30323) mem 0x80010404 0x00
core   0: 0x80006b1e (0x02f34903) lbu     s2, 47(t1)
core   0: 3 0x80006b1e (0x02f34903) x18 0x00000000 mem 0x8001040d
core   0: 0x80006b22 (0xfc134703) lbu     a4, -63(t1)
core   0: 3 0x80006b22 (0xfc134703) x14 0x00000000 mem 0x8001039f
core   0: 0x80006b26 (0x00f30603) lb      a2, 15(t1)
core   0: 3 0x80006b26 (0x00f30603) x12 0x00000000 mem 0x800103ed
core   0: 0x80006b2a (0x0000a317) auipc   t1, 0xa
core   0: 3 0x80006b2a (0x0000a317) x6  0x80010b2a
core   0: 0x80006b2e (0x8b030313) addi    t1, t1, -1872
core   0: 3 0x80006b2e (0x8b030313) x6  0x800103da
core   0: 0x80006b32 (0xfed34a03) lbu     s4, -19(t1)
core   0: 3 0x80006b32 (0xfed34a03) x20 0x00000000 mem 0x800103c7
core   0: 0x80006b36 (0xfed34d03) lbu     s10, -19(t1)
core   0: 3 0x80006b36 (0xfed34d03) x26 0x00000000 mem 0x800103c7
core   0: 0x80006b3a (0xfed30503) lb      a0, -19(t1)
core   0: 3 0x80006b3a (0xfed30503) x10 0x00000000 mem 0x800103c7
core   0: 0x80006b3e (0xfed30c83) lb      s9, -19(t1)
core   0: 3 0x80006b3e (0xfed30c83) x25 0x00000000 mem 0x800103c7
core   0: 0x80006b42 (0xfec35c03) lhu     s8, -20(t1)
core   0: 3 0x80006b42 (0xfec35c03) x24 0x00000000 mem 0x800103c6
core   0: 0x80006b46 (0xfec31703) lh      a4, -20(t1)
core   0: 3 0x80006b46 (0xfec31703) x14 0x00000000 mem 0x800103c6
core   0: 0x80006b4a (0xff530623) sb      s5, -20(t1)
core   0: 3 0x80006b4a (0xff530623) mem 0x800103c6 0x08
core   0: 0x80006b4e (0xfec30c03) lb      s8, -20(t1)
core   0: 3 0x80006b4e (0xfec30c03) x24 0x00000008 mem 0x800103c6
core   0: 0x80006b52 (0xfec31703) lh      a4, -20(t1)
core   0: 3 0x80006b52 (0xfec31703) x14 0x00000008 mem 0x800103c6
core   0: 0x80006b56 (0xffd30623) sb      t4, -20(t1)
core   0: 3 0x80006b56 (0xffd30623) mem 0x800103c6 0x40
core   0: 0x80006b5a (0x00001f0c) c.addi4spn a1, sp, 944
core   0: 3 0x80006b5a (0x1f0c) x11 0x8001bbd0
core   0: 0x80006b5c (0xff530623) sb      s5, -20(t1)
core   0: 3 0x80006b5c (0xff530623) mem 0x800103c6 0x08
core   0: 0x80006b60 (0xfe331623) sh      gp, -20(t1)
core   0: 3 0x80006b60 (0xfe331623) mem 0x800103c6 0xfffd
core   0: 0x80006b64 (0xfec35c03) lhu     s8, -20(t1)
core   0: 3 0x80006b64 (0xfec35c03) x24 0x0000fffd mem 0x800103c6
core   0: 0x80006b68 (0xfec31e03) lh      t3, -20(t1)
core   0: 3 0x80006b68 (0xfec31e03) x28 0xfffffffd mem 0x800103c6
core   0: 0x80006b6c (0xfe531623) sh      t0, -20(t1)
core   0: 3 0x80006b6c (0xfe531623) mem 0x800103c6 0x0000
core   0: 0x80006b70 (0xff731623) sh      s7, -20(t1)
core   0: 3 0x80006b70 (0xff731623) mem 0x800103c6 0xffe8
core   0: 0x80006b74 (0xcfc77897) auipc   a7, 0xcfc77
core   0: 3 0x80006b74 (0xcfc77897) x17 0x4fc7db74
core   0: 0x80006b78 (0xfec35803) lhu     a6, -20(t1)
core   0: 3 0x80006b78 (0xfec35803) x16 0x0000ffe8 mem 0x800103c6
core   0: 0x80006b7c (0xfec31083) lh      ra, -20(t1)
core   0: 3 0x80006b7c (0xfec31083) x1  0xffffffe8 mem 0x800103c6
core   0: 0x80006b80 (0x00013297) auipc   t0, 0x13
core   0: 3 0x80006b80 (0x00013297) x5  0x80019b80
core   0: 0x80006b84 (0xfc028293) addi    t0, t0, -64
core   0: 3 0x80006b84 (0xfc028293) x5  0x80019b40
core   0: 0x80006b88 (0x02d23fb3) mulhu   t6, tp, a3
core   0: 3 0x80006b88 (0x02d23fb3) x31 0x00000000
core   0: 0x80006b8c (0xf2a28b83) lb      s7, -214(t0)
core   0: 3 0x80006b8c (0xf2a28b83) x23 0x00000000 mem 0x80019a6a
core   0: 0x80006b90 (0x04128803) lb      a6, 65(t0)
core   0: 3 0x80006b90 (0x04128803) x16 0x00000000 mem 0x80019b81
core   0: 0x80006b94 (0x000083f9) c.srli  a5, 30
core   0: 3 0x80006b94 (0x83f9) x15 0x00000002
core   0: 0x80006b96 (0x4040d693) srai    a3, ra, 4
core   0: 3 0x80006b96 (0x4040d693) x13 0xfffffffe
core   0: 0x80006b9a (0x030183b3) mul     t2, gp, a6
core   0: 3 0x80006b9a (0x030183b3) x7  0x00000000
core   0: 0x80006b9e (0xff72c683) lbu     a3, -9(t0)
core   0: 3 0x80006b9e (0xff72c683) x13 0x00000000 mem 0x80019b37
core   0: 0x80006ba2 (0xf7229703) lh      a4, -142(t0)
core   0: 3 0x80006ba2 (0xf7229703) x14 0x00000000 mem 0x80019ab2
core   0: 0x80006ba6 (0x0db40f93) addi    t6, s0, 219
core   0: 3 0x80006ba6 (0x0db40f93) x31 0xfffeacd7
core   0: 0x80006baa (0x04f2c103) lbu     sp, 79(t0)
core   0: 3 0x80006baa (0x04f2c103) x2  0x00000000 mem 0x80019b8f
core   0: 0x80006bae (0x00006105) c.addi16sp sp, 32
core   0: 3 0x80006bae (0x6105) x2  0x00000020
core   0: 0x80006bb0 (0x000080a9) c.srli  s1, 10
core   0: 3 0x80006bb0 (0x80a9) x9  0x003fffaa
core   0: 0x80006bb2 (0x0283a8b3) mulhsu  a7, t2, s0
core   0: 3 0x80006bb2 (0x0283a8b3) x17 0x00000000
core   0: 0x80006bb6 (0x04928823) sb      s1, 80(t0)
core   0: 3 0x80006bb6 (0x04928823) mem 0x80019b90 0xaa
core   0: 0x80006bba (0xf7e28303) lb      t1, -130(t0)
core   0: 3 0x80006bba (0xf7e28303) x6  0x00000000 mem 0x80019abe
core   0: 0x80006bbe (0xf4228ca3) sb      sp, -167(t0)
core   0: 3 0x80006bbe (0xf4228ca3) mem 0x80019a99 0x20
core   0: 0x80006bc2 (0x00008515) c.srai  a0, 5
core   0: 3 0x80006bc2 (0x8515) x10 0x00000000
core   0: 0x80006bc4 (0x00008c19) c.sub   s0, a4
core   0: 3 0x80006bc4 (0x8c19) x8  0xfffeabfc
core   0: 0x80006bc6 (0x00000001) c.nop
core   0: 3 0x80006bc6 (0x0001)
core   0: 0x80006bc8 (0x01267e33) and     t3, a2, s2
core   0: 3 0x80006bc8 (0x01267e33) x28 0x00000000
core   0: 0x80006bcc (0x00a2cf83) lbu     t6, 10(t0)
core   0: 3 0x80006bcc (0x00a2cf83) x31 0x00000000 mem 0x80019b4a
core   0: 0x80006bd0 (0x05e28ea3) sb      t5, 93(t0)
core   0: 3 0x80006bd0 (0x05e28ea3) mem 0x80019b9d 0x24
core   0: 0x80006bd4 (0x0cf289a3) sb      a5, 211(t0)
core   0: 3 0x80006bd4 (0x0cf289a3) mem 0x80019c13 0x02
core   0: 0x80006bd8 (0xf7a2d903) lhu     s2, -134(t0)
core   0: 3 0x80006bd8 (0xf7a2d903) x18 0x00000000 mem 0x80019aba
core   0: 0x80006bdc (0x00008db9) c.xor   a1, a4
core   0: 3 0x80006bdc (0x8db9) x11 0x8001bbd0
core   0: 0x80006bde (0x01028583) lb      a1, 16(t0)
core   0: 3 0x80006bde (0x01028583) x11 0x00000000 mem 0x80019b50
core   0: 0x80006be2 (0x0252c783) lbu     a5, 37(t0)
core   0: 3 0x80006be2 (0x0252c783) x15 0x00000000 mem 0x80019b65
core   0: 0x80006be6 (0x00008d1d) c.sub   a0, a5
core   0: 3 0x80006be6 (0x8d1d) x10 0x00000000
core   0: 0x80006be8 (0xf2d28c83) lb      s9, -211(t0)
core   0: 3 0x80006be8 (0xf2d28c83) x25 0x00000000 mem 0x80019a6d
core   0: 0x80006bec (0x9e35b213) sltiu   tp, a1, -1565
core   0: 3 0x80006bec (0x9e35b213) x4  0x00000001
core   0: 0x80006bf0 (0x0f52c983) lbu     s3, 245(t0)
core   0: 3 0x80006bf0 (0x0f52c983) x19 0x00000000 mem 0x80019c35
core   0: 0x80006bf4 (0xfe729923) sh      t2, -14(t0)
core   0: 3 0x80006bf4 (0xfe729923) mem 0x80019b32 0x0000
core   0: 0x80006bf8 (0xfa829583) lh      a1, -88(t0)
core   0: 3 0x80006bf8 (0xfa829583) x11 0x00000000 mem 0x80019ae8
core   0: 0x80006bfc (0x00001990) c.addi4spn a2, sp, 240
core   0: 3 0x80006bfc (0x1990) x12 0x00000110
core   0: 0x80006bfe (0xf8e28b83) lb      s7, -114(t0)
core   0: 3 0x80006bfe (0xf8e28b83) x23 0x00000000 mem 0x80019ace
core   0: 0x80006c02 (0x030287a3) sb      a6, 47(t0)
core   0: 3 0x80006c02 (0x030287a3) mem 0x80019b6f 0x00
core   0: 0x80006c06 (0x00008e55) c.or    a2, a3
core   0: 3 0x80006c06 (0x8e55) x12 0x00000110
core   0: 0x80006c08 (0x40500cb3) sub     s9, zero, t0
core   0: 3 0x80006c08 (0x40500cb3) x25 0x7ffe64c0
core   0: 0x80006c0c (0x05e2df83) lhu     t6, 94(t0)
core   0: 3 0x80006c0c (0x05e2df83) x31 0x00000000 mem 0x80019b9e
core   0: 0x80006c10 (0x01f99913) slli    s2, s3, 31
core   0: 3 0x80006c10 (0x01f99913) x18 0x00000000
core   0: 0x80006c14 (0x00a2d403) lhu     s0, 10(t0)
core   0: 3 0x80006c14 (0x00a2d403) x8  0x00000000 mem 0x80019b4a
core   0: 0x80006c18 (0x004fa3b3) slt     t2, t6, tp
core   0: 3 0x80006c18 (0x004fa3b3) x7  0x00000001
core   0: 0x80006c1c (0x0b529623) sh      s5, 172(t0)
core   0: 3 0x80006c1c (0x0b529623) mem 0x80019bec 0x0008
core   0: 0x80006c20 (0x000086a2) c.mv    a3, s0
core   0: 3 0x80006c20 (0x86a2) x13 0x00000000
core   0: 0x80006c22 (0x00006111) c.addi16sp sp, 256
core   0: 3 0x80006c22 (0x6111) x2  0x00000120
core   0: 0x80006c24 (0x413adf93) srai    t6, s5, 19
core   0: 3 0x80006c24 (0x413adf93) x31 0x00000000
core   0: 0x80006c28 (0x41fc5933) sra     s2, s8, t6
core   0: 3 0x80006c28 (0x41fc5933) x18 0x0000fffd
core   0: 0x80006c2c (0x00009dd2) c.add   s11, s4
core   0: 3 0x80006c2c (0x9dd2) x27 0xffffffff
core   0: 0x80006c2e (0x0e9280a3) sb      s1, 225(t0)
core   0: 3 0x80006c2e (0x0e9280a3) mem 0x80019c21 0xaa
core   0: 0x80006c32 (0x567f6e17) auipc   t3, 0x567f6
core   0: 3 0x80006c32 (0x567f6e17) x28 0xd67fcc32
core   0: 0x80006c36 (0xfdd28d03) lb      s10, -35(t0)
core   0: 3 0x80006c36 (0xfdd28d03) x26 0x00000000 mem 0x80019b1d
core   0: 0x80006c3a (0x006000ef) jal     pc + 0x6
core   0: 3 0x80006c3a (0x006000ef) x1  0x80006c3e
core   0: 0x80006c40 (0x00002819) c.jal   pc + 22
core   0: 3 0x80006c40 (0x2819) x1  0x80006c42
core   0: 0x80006c56 (0x0000b7e5) c.j     pc - 24
core   0: 3 0x80006c56 (0xb7e5)
core   0: 0x80006c3e (0x0000a819) c.j     pc + 22
core   0: 3 0x80006c3e (0xa819)
core   0: 0x80006c54 (0x0000bff5) c.j     pc - 4
core   0: 3 0x80006c54 (0xbff5)
core   0: 0x80006c50 (0x00003fdd) c.jal   pc - 10
core   0: 3 0x80006c50 (0x3fdd) x1  0x80006c52
core   0: 0x80006c46 (0x012000ef) jal     pc + 0x12
core   0: 3 0x80006c46 (0x012000ef) x1  0x80006c4a
core   0: 0x80006c58 (0xfebff0ef) jal     pc - 0x16
core   0: 3 0x80006c58 (0xfebff0ef) x1  0x80006c5c
core   0: 0x80006c42 (0x010000ef) jal     pc + 0x10
core   0: 3 0x80006c42 (0x010000ef) x1  0x80006c46
core   0: 0x80006c52 (0x0000bfed) c.j     pc - 6
core   0: 3 0x80006c52 (0xbfed)
core   0: 0x80006c4c (0xfffff36f) jal     t1, pc - 0x2
core   0: 3 0x80006c4c (0xfffff36f) x6  0x80006c50
core   0: 0x80006c4a (0x00002809) c.jal   pc + 18
core   0: 3 0x80006c4a (0x2809) x1  0x80006c4c
core   0: 0x80006c5c (0xb3473d13) sltiu   s10, a4, -1228
core   0: 3 0x80006c5c (0xb3473d13) x26 0x00000001
core   0: 0x80006c60 (0x01c1f3b3) and     t2, gp, t3
core   0: 3 0x80006c60 (0x01c1f3b3) x7  0xd67fcc30
core   0: 0x80006c64 (0x3b683f97) auipc   t6, 0x3b683
core   0: 3 0x80006c64 (0x3b683f97) x31 0xbb689c64
core   0: 0x80006c68 (0x00008e01) c.sub   a2, s0
core   0: 3 0x80006c68 (0x8e01) x12 0x00000110
core   0: 0x80006c6a (0x02e29933) mulh    s2, t0, a4
core   0: 3 0x80006c6a (0x02e29933) x18 0x00000000
core   0: 0x80006c6e (0x00006145) c.addi16sp sp, 48
core   0: 3 0x80006c6e (0x6145) x2  0x00000150
core   0: 0x80006c70 (0x034ba0b3) mulhsu  ra, s7, s4
core   0: 3 0x80006c70 (0x034ba0b3) x1  0x00000000
core   0: 0x80006c74 (0x01855c33) srl     s8, a0, s8
core   0: 3 0x80006c74 (0x01855c33) x24 0x00000000
core   0: 0x80006c78 (0x00009bfd) c.andi  a5, -1
core   0: 3 0x80006c78 (0x9bfd) x15 0x00000000
core   0: 0x80006c7a (0x00008fb9) c.xor   a5, a4
core   0: 3 0x80006c7a (0x8fb9) x15 0x00000000
core   0: 0x80006c7c (0x417451b3) sra     gp, s0, s7
core   0: 3 0x80006c7c (0x417451b3) x3  0x00000000
core   0: 0x80006c80 (0x01f2d413) srli    s0, t0, 31
core   0: 3 0x80006c80 (0x01f2d413) x8  0x00000001
core   0: 0x80006c84 (0x0000e489) c.bnez  s1, pc + 10
core   0: 3 0x80006c84 (0xe489)
core   0: 0x80006c8e (0x00008be9) c.andi  a5, 26
core   0: 3 0x80006c8e (0x8be9) x15 0x00000000
core   0: 0x80006c90 (0x01759433) sll     s0, a1, s7
core   0: 3 0x80006c90 (0x01759433) x8  0x00000000
core   0: 0x80006c94 (0x0015a533) slt     a0, a1, ra
core   0: 3 0x80006c94 (0x0015a533) x10 0x00000000
core   0: 0x80006c98 (0x027e4033) div     zero, t3, t2
core   0: 3 0x80006c98 (0x027e4033)
core   0: 0x80006c9c (0x0000030c) c.addi4spn a1, sp, 384
core   0: 3 0x80006c9c (0x030c) x11 0x000002d0
core   0: 0x80006c9e (0x000098fd) c.andi  s1, -1
core   0: 3 0x80006c9e (0x98fd) x9  0x003fffaa
core   0: 0x80006ca0 (0x0000883e) c.mv    a6, a5
core   0: 3 0x80006ca0 (0x883e) x16 0x00000000
core   0: 0x80006ca2 (0xa767c897) auipc   a7, 0xa767c
core   0: 3 0x80006ca2 (0xa767c897) x17 0x27682ca2
core   0: 0x80006ca6 (0x02f2fd33) remu    s10, t0, a5
core   0: 3 0x80006ca6 (0x02f2fd33) x26 0x80019b40
core   0: 0x80006caa (0x0336e733) rem     a4, a3, s3
core   0: 3 0x80006caa (0x0336e733) x14 0x00000000
core   0: 0x80006cae (0x00001a7d) c.addi  s4, -1
core   0: 3 0x80006cae (0x1a7d) x20 0xffffffff
core   0: 0x80006cb0 (0x0000ab97) auipc   s7, 0xa
core   0: 3 0x80006cb0 (0x0000ab97) x23 0x80010cb0
core   0: 0x80006cb4 (0x1e4b8b93) addi    s7, s7, 484
core   0: 3 0x80006cb4 (0x1e4b8b93) x23 0x80010e94
core   0: 0x80006cb8 (0x026bd983) lhu     s3, 38(s7)
core   0: 3 0x80006cb8 (0x026bd983) x19 0x00000000 mem 0x80010eba
core   0: 0x80006cbc (0x029b9323) sh      s1, 38(s7)
core   0: 3 0x80006cbc (0x029b9323) mem 0x80010eba 0xffaa
core   0: 0x80006cc0 (0x041b8003) lb      zero, 65(s7)
core   0: 3 0x80006cc0 (0x041b8003) mem 0x80010ed5
core   0: 0x80006cc4 (0x04db80a3) sb      a3, 65(s7)
core   0: 3 0x80006cc4 (0x04db80a3) mem 0x80010ed5 0x00
core   0: 0x80006cc8 (0x00744fb3) xor     t6, s0, t2
core   0: 3 0x80006cc8 (0x00744fb3) x31 0xd67fcc30
core   0: 0x80006ccc (0x05bb80a3) sb      s11, 65(s7)
core   0: 3 0x80006ccc (0x05bb80a3) mem 0x80010ed5 0xff
core   0: 0x80006cd0 (0x41b8dd13) srai    s10, a7, 27
core   0: 3 0x80006cd0 (0x41b8dd13) x26 0x00000004
core   0: 0x80006cd4 (0x0b9bc903) lbu     s2, 185(s7)
core   0: 3 0x80006cd4 (0x0b9bc903) x18 0x00000000 mem 0x80010f4d
core   0: 0x80006cd8 (0x0b8b8ca3) sb      s8, 185(s7)
core   0: 3 0x80006cd8 (0x0b8b8ca3) mem 0x80010f4d 0x00
core   0: 0x80006cdc (0x0b9b8003) lb      zero, 185(s7)
core   0: 3 0x80006cdc (0x0b9b8003) mem 0x80010f4d
core   0: 0x80006ce0 (0x0a4b8ca3) sb      tp, 185(s7)
core   0: 3 0x80006ce0 (0x0a4b8ca3) mem 0x80010f4d 0x01
core   0: 0x80006ce4 (0x0b4b8ca3) sb      s4, 185(s7)
core   0: 3 0x80006ce4 (0x0b4b8ca3) mem 0x80010f4d 0xff
core   0: 0x80006ce8 (0x0b9b8083) lb      ra, 185(s7)
core   0: 3 0x80006ce8 (0x0b9b8083) x1  0xffffffff mem 0x80010f4d
core   0: 0x80006cec (0x0b9bc283) lbu     t0, 185(s7)
core   0: 3 0x80006cec (0x0b9bc283) x5  0x000000ff mem 0x80010f4d
core   0: 0x80006cf0 (0xfa5baa23) sw      t0, -76(s7)
core   0: 3 0x80006cf0 (0xfa5baa23) mem 0x80010e48 0x000000ff
core   0: 0x80006cf4 (0xfb4bd483) lhu     s1, -76(s7)
core   0: 3 0x80006cf4 (0xfb4bd483) x9  0x000000ff mem 0x80010e48
core   0: 0x80006cf8 (0x079bc703) lbu     a4, 121(s7)
core   0: 3 0x80006cf8 (0x079bc703) x14 0x00000000 mem 0x80010f0d
core   0: 0x80006cfc (0x04fbc883) lbu     a7, 79(s7)
core   0: 3 0x80006cfc (0x04fbc883) x17 0x00000007 mem 0x80010ee3
core   0: 0x80006d00 (0xf8db8c83) lb      s9, -115(s7)
core   0: 3 0x80006d00 (0xf8db8c83) x25 0x0000000b mem 0x80010e21
core   0: 0x80006d04 (0xf8db8203) lb      tp, -115(s7)
core   0: 3 0x80006d04 (0xf8db8203) x4  0x0000000b mem 0x80010e21
core   0: 0x80006d08 (0xfb2b9d23) sh      s2, -70(s7)
core   0: 3 0x80006d08 (0xfb2b9d23) mem 0x80010e4e 0x0000
core   0: 0x80006d0c (0xf3bb9e23) sh      s11, -196(s7)
core   0: 3 0x80006d0c (0xf3bb9e23) mem 0x80010dd0 0xffff
core   0: 0x80006d10 (0x000080a9) c.srli  s1, 10
core   0: 3 0x80006d10 (0x80a9) x9  0x00000000
core   0: 0x80006d12 (0x01b565b3) or      a1, a0, s11
core   0: 3 0x80006d12 (0x01b565b3) x11 0xffffffff
core   0: 0x80006d16 (0x00008742) c.mv    a4, a6
core   0: 3 0x80006d16 (0x8742) x14 0x00000000
core   0: 0x80006d18 (0x000082c1) c.srli  a3, 16
core   0: 3 0x80006d18 (0x82c1) x13 0x00000000
core   0: 0x80006d1a (0x00000001) c.nop
core   0: 3 0x80006d1a (0x0001)
core   0: 0x80006d1c (0x02481263) bne     a6, tp, pc + 36
core   0: 3 0x80006d1c (0x02481263)
core   0: 0x80006d40 (0x01321263) bne     tp, s3, pc + 4
core   0: 3 0x80006d40 (0x01321263)
core   0: 0x80006d44 (0x00000e2d) c.addi  t3, 11
core   0: 3 0x80006d44 (0x0e2d) x28 0xd67fcc3d
core   0: 0x80006d46 (0x00000001) c.nop
core   0: 3 0x80006d46 (0x0001)
core   0: 0x80006d48 (0x03c47db3) remu    s11, s0, t3
core   0: 3 0x80006d48 (0x03c47db3) x27 0x00000000
core   0: 0x80006d4c (0xb66ca893) slti    a7, s9, -1178
core   0: 3 0x80006d4c (0xb66ca893) x17 0x00000000
core   0: 0x80006d50 (0x0374e133) rem     sp, s1, s7
core   0: 3 0x80006d50 (0x0374e133) x2  0x00000000
core   0: 0x80006d54 (0x000001ae) c.slli  gp, 11
core   0: 3 0x80006d54 (0x01ae) x3  0x00000000
core   0: 0x80006d56 (0x0097c433) xor     s0, a5, s1
core   0: 3 0x80006d56 (0x0097c433) x8  0x00000000
core   0: 0x80006d5a (0x01475993) srli    s3, a4, 20
core   0: 3 0x80006d5a (0x01475993) x19 0x00000000
core   0: 0x80006d5e (0x00000001) c.nop
core   0: 3 0x80006d5e (0x0001)
core   0: 0x80006d60 (0x02bd3633) mulhu   a2, s10, a1
core   0: 3 0x80006d60 (0x02bd3633) x12 0x00000003
core   0: 0x80006d64 (0x00006409) c.lui   s0, 0x2
core   0: 3 0x80006d64 (0x6409) x8  0x00002000
core   0: 0x80006d66 (0x00b85b33) srl     s6, a6, a1
core   0: 3 0x80006d66 (0x00b85b33) x22 0x00000000
core   0: 0x80006d6a (0x000089c5) c.andi  a1, 17
core   0: 3 0x80006d6a (0x89c5) x11 0x00000011
core   0: 0x80006d6c (0x000051f9) c.li    gp, -2
core   0: 3 0x80006d6c (0x51f9) x3  0xfffffffe
core   0: 0x80006d6e (0x0010d713) srli    a4, ra, 1
core   0: 3 0x80006d6e (0x0010d713) x14 0x7fffffff
core   0: 0x80006d72 (0x00008375) c.srli  a4, 29
core   0: 3 0x80006d72 (0x8375) x14 0x00000003
core   0: 0x80006d74 (0x86fd4d93) xori    s11, s10, -1937
core   0: 3 0x80006d74 (0x86fd4d93) x27 0xfffff86b
core   0: 0x80006d78 (0x01db6033) or      zero, s6, t4
core   0: 3 0x80006d78 (0x01db6033)
core   0: 0x80006d7c (0x00009bfd) c.andi  a5, -1
core   0: 3 0x80006d7c (0x9bfd) x15 0x00000000
core   0: 0x80006d7e (0x03ad4bb3) div     s7, s10, s10
core   0: 3 0x80006d7e (0x03ad4bb3) x23 0x00000001
core   0: 0x80006d82 (0x00005ffd) c.li    t6, -1
core   0: 3 0x80006d82 (0x5ffd) x31 0xffffffff
core   0: 0x80006d84 (0x70093693) sltiu   a3, s2, 1792
core   0: 3 0x80006d84 (0x70093693) x13 0x00000001
core   0: 0x80006d88 (0x00000199) c.addi  gp, 6
core   0: 3 0x80006d88 (0x0199) x3  0x00000004
core   0: 0x80006d8a (0x418ed493) srai    s1, t4, 24
core   0: 3 0x80006d8a (0x418ed493) x9  0xffffff80
core   0: 0x80006d8e (0xfff1cbe3) blt     gp, t6, pc - 10
core   0: 3 0x80006d8e (0xfff1cbe3)
core   0: 0x80006d92 (0x0000987d) c.andi  s0, -1
core   0: 3 0x80006d92 (0x987d) x8  0x00002000
core   0: 0x80006d94 (0x03c24763) blt     tp, t3, pc + 46
core   0: 3 0x80006d94 (0x03c24763)
core   0: 0x80006d98 (0x00006d79) c.lui   s10, 0x1e
core   0: 3 0x80006d98 (0x6d79) x26 0x0001e000
core   0: 0x80006d9a (0x00000001) c.nop
core   0: 3 0x80006d9a (0x0001)
core   0: 0x80006d9c (0x00d41fb3) sll     t6, s0, a3
core   0: 3 0x80006d9c (0x00d41fb3) x31 0x00004000
core   0: 0x80006da0 (0x41825b13) srai    s6, tp, 24
core   0: 3 0x80006da0 (0x41825b13) x22 0x00000000
core   0: 0x80006da4 (0x01f7cfb3) xor     t6, a5, t6
core   0: 3 0x80006da4 (0x01f7cfb3) x31 0x00004000
core   0: 0x80006da8 (0x00000584) c.addi4spn s1, sp, 704
core   0: 3 0x80006da8 (0x0584) x9  0x000002c0
core   0: 0x80006daa (0x000098fd) c.andi  s1, -1
core   0: 3 0x80006daa (0x98fd) x9  0x000002c0
core   0: 0x80006dac (0x14774313) xori    t1, a4, 327
core   0: 3 0x80006dac (0x14774313) x6  0x00000144
core   0: 0x80006db0 (0x406c09b3) sub     s3, s8, t1
core   0: 3 0x80006db0 (0x406c09b3) x19 0xfffffebc
core   0: 0x80006db4 (0x000062bd) c.lui   t0, 0xf
core   0: 3 0x80006db4 (0x62bd) x5  0x0000f000
core   0: 0x80006db6 (0x00000f1c) c.addi4spn a5, sp, 912
core   0: 3 0x80006db6 (0x0f1c) x15 0x00000390
core   0: 0x80006db8 (0x0378ffb3) remu    t6, a7, s7
core   0: 3 0x80006db8 (0x0378ffb3) x31 0x00000000
core   0: 0x80006dbc (0x00cef7b3) and     a5, t4, a2
core   0: 3 0x80006dbc (0x00cef7b3) x15 0x00000000
core   0: 0x80006dc0 (0x00001810) c.addi4spn a2, sp, 48
core   0: 3 0x80006dc0 (0x1810) x12 0x00000030
core   0: 0x80006dc2 (0x02aa5d33) divu    s10, s4, a0
core   0: 3 0x80006dc2 (0x02aa5d33) x26 0xffffffff
core   0: 0x80006dc6 (0x00006c45) c.lui   s8, 0x11
core   0: 3 0x80006dc6 (0x6c45) x24 0x00011000
core   0: 0x80006dc8 (0x00008c0e) c.mv    s8, gp
core   0: 3 0x80006dc8 (0x8c0e) x24 0x00000004
core   0: 0x80006dca (0x02049e33) mulh    t3, s1, zero
core   0: 3 0x80006dca (0x02049e33) x28 0x00000000
core   0: 0x80006dce (0x019f1793) slli    a5, t5, 25
core   0: 3 0x80006dce (0x019f1793) x15 0x48000000
core   0: 0x80006dd2 (0x00008da2) c.mv    s11, s0
core   0: 3 0x80006dd2 (0x8da2) x27 0x00002000
core   0: 0x80006dd4 (0xecb3f593) andi    a1, t2, -309
core   0: 3 0x80006dd4 (0xecb3f593) x11 0xd67fcc00
core   0: 0x80006dd8 (0x00008e89) c.sub   a3, a0
core   0: 3 0x80006dd8 (0x8e89) x13 0x00000001
core   0: 0x80006dda (0x0000ef95) c.bnez  a5, pc + 60
core   0: 3 0x80006dda (0xef95)
core   0: 0x80006e16 (0x00008eb5) c.xor   a3, a3
core   0: 3 0x80006e16 (0x8eb5) x13 0x00000000
core   0: 0x80006e18 (0x038165b3) rem     a1, sp, s8
core   0: 3 0x80006e18 (0x038165b3) x11 0x00000000
core   0: 0x80006e1c (0x3e79a613) slti    a2, s3, 999
core   0: 3 0x80006e1c (0x3e79a613) x12 0x00000001
core   0: 0x80006e20 (0x0178d563) bge     a7, s7, pc + 10
core   0: 3 0x80006e20 (0x0178d563)
core   0: 0x80006e24 (0x0187df93) srli    t6, a5, 24
core   0: 3 0x80006e24 (0x0187df93) x31 0x00000048
core   0: 0x80006e28 (0x00006dbd) c.lui   s11, 0xf
core   0: 3 0x80006e28 (0x6dbd) x27 0x0000f000
core   0: 0x80006e2a (0x6a3b4513) xori    a0, s6, 1699
core   0: 3 0x80006e2a (0x6a3b4513) x10 0x000006a3
core   0: 0x80006e2e (0x0203c363) bltz    t2, pc + 38
core   0: 3 0x80006e2e (0x0203c363)
core   0: 0x80006e54 (0x000094ca) c.add   s1, s2
core   0: 3 0x80006e54 (0x94ca) x9  0x000002c0
core   0: 0x80006e56 (0xe0676293) ori     t0, a4, -506
core   0: 3 0x80006e56 (0xe0676293) x5  0xfffffe07
core   0: 0x80006e5a (0x030df2b3) remu    t0, s11, a6
core   0: 3 0x80006e5a (0x030df2b3) x5  0x0000f000
core   0: 0x80006e5e (0x01a3e433) or      s0, t2, s10
core   0: 3 0x80006e5e (0x01a3e433) x8  0xffffffff
core   0: 0x80006e62 (0x000014fd) c.addi  s1, -1
core   0: 3 0x80006e62 (0x14fd) x9  0x000002bf
core   0: 0x80006e64 (0xe9107613) andi    a2, zero, -367
core   0: 3 0x80006e64 (0xe9107613) x12 0x00000000
core   0: 0x80006e68 (0x0000ee1d) c.bnez  a2, pc + 62
core   0: 3 0x80006e68 (0xee1d)
core   0: 0x80006e6a (0x05dc8163) beq     s9, t4, pc + 66
core   0: 3 0x80006e6a (0x05dc8163)
core   0: 0x80006e6e (0x0371a2b3) mulhsu  t0, gp, s7
core   0: 3 0x80006e6e (0x0371a2b3) x5  0x00000000
core   0: 0x80006e72 (0x00cfe663) bltu    t6, a2, pc + 12
core   0: 3 0x80006e72 (0x00cfe663)
core   0: 0x80006e76 (0x000054fd) c.li    s1, -1
core   0: 3 0x80006e76 (0x54fd) x9  0xffffffff
core   0: 0x80006e78 (0xa8e66b93) ori     s7, a2, -1394
core   0: 3 0x80006e78 (0xa8e66b93) x23 0xfffffa8e
core   0: 0x80006e7c (0x0000717d) c.addi16sp sp, -16
core   0: 3 0x80006e7c (0x717d) x2  0xfffffff0
core   0: 0x80006e7e (0x5679e393) ori     t2, s3, 1383
core   0: 3 0x80006e7e (0x5679e393) x7  0xffffffff
core   0: 0x80006e82 (0xbb8db493) sltiu   s1, s11, -1096
core   0: 3 0x80006e82 (0xbb8db493) x9  0x00000001
core   0: 0x80006e86 (0x03d6edb3) rem     s11, a3, t4
core   0: 3 0x80006e86 (0x03d6edb3) x27 0x00000000
core   0: 0x80006e8a (0x55b6e693) ori     a3, a3, 1371
core   0: 3 0x80006e8a (0x55b6e693) x13 0x0000055b
core   0: 0x80006e8e (0x00000001) c.nop
core   0: 3 0x80006e8e (0x0001)
core   0: 0x80006e90 (0x03bb1c63) bne     s6, s11, pc + 56
core   0: 3 0x80006e90 (0x03bb1c63)
core   0: 0x80006e94 (0x00008e89) c.sub   a3, a0
core   0: 3 0x80006e94 (0x8e89) x13 0xfffffeb8
core   0: 0x80006e96 (0x035843b3) div     t2, a6, s5
core   0: 3 0x80006e96 (0x035843b3) x7  0x00000000
core   0: 0x80006e9a (0x004757b3) srl     a5, a4, tp
core   0: 3 0x80006e9a (0x004757b3) x15 0x00000000
core   0: 0x80006e9e (0x02220563) beq     tp, sp, pc + 42
core   0: 3 0x80006e9e (0x02220563)
core   0: 0x80006ea2 (0xe446bc13) sltiu   s8, a3, -444
core   0: 3 0x80006ea2 (0xe446bc13) x24 0x00000000
core   0: 0x80006ea6 (0x2268ca13) xori    s4, a7, 550
core   0: 3 0x80006ea6 (0x2268ca13) x20 0x00000226
core   0: 0x80006eaa (0x00006161) c.addi16sp sp, 80
core   0: 3 0x80006eaa (0x6161) x2  0x00000040
core   0: 0x80006eac (0x7185b113) sltiu   sp, a1, 1816
core   0: 3 0x80006eac (0x7185b113) x2  0x00000001
core   0: 0x80006eb0 (0x000061fd) c.lui   gp, 0x1f
core   0: 3 0x80006eb0 (0x61fd) x3  0x0001f000
core   0: 0x80006eb2 (0x41e201b3) sub     gp, tp, t5
core   0: 3 0x80006eb2 (0x41e201b3) x3  0x7ffd62e7
core   0: 0x80006eb6 (0x41b5dc93) srai    s9, a1, 27
core   0: 3 0x80006eb6 (0x41b5dc93) x25 0x00000000
core   0: 0x80006eba (0x66a93a13) sltiu   s4, s2, 1642
core   0: 3 0x80006eba (0x66a93a13) x20 0x00000001
core   0: 0x80006ebe (0x000087a1) c.srai  a5, 8
core   0: 3 0x80006ebe (0x87a1) x15 0x00000000
core   0: 0x80006ec0 (0x00008cfd) c.and   s1, a5
core   0: 3 0x80006ec0 (0x8cfd) x9  0x00000000
core   0: 0x80006ec2 (0x02d1f663) bgeu    gp, a3, pc + 44
core   0: 3 0x80006ec2 (0x02d1f663)
core   0: 0x80006ec6 (0x00000d3d) c.addi  s10, 15
core   0: 3 0x80006ec6 (0x0d3d) x26 0x0000000e
core   0: 0x80006ec8 (0x000092ba) c.add   t0, a4
core   0: 3 0x80006ec8 (0x92ba) x5  0x00000003
core   0: 0x80006eca (0x00000cc6) c.slli  s9, 17
core   0: 3 0x80006eca (0x0cc6) x25 0x00000000
core   0: 0x80006ecc (0x019ee8b3) or      a7, t4, s9
core   0: 3 0x80006ecc (0x019ee8b3) x17 0x80025e40
core   0: 0x80006ed0 (0x00c35633) srl     a2, t1, a2
core   0: 3 0x80006ed0 (0x00c35633) x12 0x00000144
core   0: 0x80006ed4 (0x00008c05) c.sub   s0, s1
core   0: 3 0x80006ed4 (0x8c05) x8  0xffffffff
core   0: 0x80006ed6 (0xb2444693) xori    a3, s0, -1244
core   0: 3 0x80006ed6 (0xb2444693) x13 0x000004db
core   0: 0x80006eda (0x00008c99) c.sub   s1, a4
core   0: 3 0x80006eda (0x8c99) x9  0xfffffffd
core   0: 0x80006edc (0x024640b3) div     ra, a2, tp
core   0: 3 0x80006edc (0x024640b3) x1  0x0000001d
core   0: 0x80006ee0 (0x00000e0c) c.addi4spn a1, sp, 784
core   0: 3 0x80006ee0 (0x0e0c) x11 0x00000311
core   0: 0x80006ee2 (0x409a8e33) sub     t3, s5, s1
core   0: 3 0x80006ee2 (0x409a8e33) x28 0x0000000b
core   0: 0x80006ee6 (0x00849fb3) sll     t6, s1, s0
core   0: 3 0x80006ee6 (0x00849fb3) x31 0x80000000
core   0: 0x80006eea (0x0000ef95) c.bnez  a5, pc + 60
core   0: 3 0x80006eea (0xef95)
core   0: 0x80006eec (0x000008e6) c.slli  a7, 25
core   0: 3 0x80006eec (0x08e6) x17 0x80000000
core   0: 0x80006eee (0x0035f363) bgeu    a1, gp, pc + 6
core   0: 3 0x80006eee (0x0035f363)
core   0: 0x80006ef2 (0x00008dc9) c.or    a1, a0
core   0: 3 0x80006ef2 (0x8dc9) x11 0x000007b3
core   0: 0x80006ef4 (0xd2d67793) andi    a5, a2, -723
core   0: 3 0x80006ef4 (0xd2d67793) x15 0x00000104
core   0: 0x80006ef8 (0x404b5733) sra     a4, s6, tp
core   0: 3 0x80006ef8 (0x404b5733) x14 0x00000000
core   0: 0x80006efc (0x00000001) c.nop
core   0: 3 0x80006efc (0x0001)
core   0: 0x80006efe (0x006e0a33) add     s4, t3, t1
core   0: 3 0x80006efe (0x006e0a33) x20 0x0000014f
core   0: 0x80006f02 (0x00006a19) c.lui   s4, 0x6
core   0: 3 0x80006f02 (0x6a19) x20 0x00006000
core   0: 0x80006f04 (0x008d3bb3) sltu    s7, s10, s0
core   0: 3 0x80006f04 (0x008d3bb3) x23 0x00000001
core   0: 0x80006f08 (0x01e0f033) and     zero, ra, t5
core   0: 3 0x80006f08 (0x01e0f033)
core   0: 0x80006f0c (0x00000c46) c.slli  s8, 17
core   0: 3 0x80006f0c (0x0c46) x24 0x00000000
core   0: 0x80006f0e (0x0000cd11) c.beqz  a0, pc + 28
core   0: 3 0x80006f0e (0xcd11)
core   0: 0x80006f10 (0x01781613) slli    a2, a6, 23
core   0: 3 0x80006f10 (0x01781613) x12 0x00000000
core   0: 0x80006f14 (0x00000001) c.nop
core   0: 3 0x80006f14 (0x0001)
core   0: 0x80006f16 (0x0252bcb3) mulhu   s9, t0, t0
core   0: 3 0x80006f16 (0x0252bcb3) x25 0x00000000
core   0: 0x80006f1a (0x0e523b97) auipc   s7, 0xe523
core   0: 3 0x80006f1a (0x0e523b97) x23 0x8e529f1a
core   0: 0x80006f1e (0x028b2e33) mulhsu  t3, s6, s0
core   0: 3 0x80006f1e (0x028b2e33) x28 0x00000000
core   0: 0x80006f22 (0x008af963) bgeu    s5, s0, pc + 18
core   0: 3 0x80006f22 (0x008af963)
core   0: 0x80006f26 (0x0142a3b3) slt     t2, t0, s4
core   0: 3 0x80006f26 (0x0142a3b3) x7  0x00000001
core   0: 0x80006f2a (0x01bd2433) slt     s0, s10, s11
core   0: 3 0x80006f2a (0x01bd2433) x8  0x00000000
core   0: 0x80006f2e (0x03865e63) bge     a2, s8, pc + 60
core   0: 3 0x80006f2e (0x03865e63)
core   0: 0x80006f6a (0x012737b3) sltu    a5, a4, s2
core   0: 3 0x80006f6a (0x012737b3) x15 0x00000000
core   0: 0x80006f6e (0x0000877e) c.mv    a4, t6
core   0: 3 0x80006f6e (0x877e) x14 0x80000000
core   0: 0x80006f70 (0x000082cd) c.srli  a3, 19
core   0: 3 0x80006f70 (0x82cd) x13 0x00000000
core   0: 0x80006f72 (0xd24da693) slti    a3, s11, -732
core   0: 3 0x80006f72 (0xd24da693) x13 0x00000000
core   0: 0x80006f76 (0x00008c61) c.and   s0, s0
core   0: 3 0x80006f76 (0x8c61) x8  0x00000000
core   0: 0x80006f78 (0x00008f91) c.sub   a5, a2
core   0: 3 0x80006f78 (0x8f91) x15 0x00000000
core   0: 0x80006f7a (0x00001194) c.addi4spn a3, sp, 224
core   0: 3 0x80006f7a (0x1194) x13 0x000000e1
core   0: 0x80006f7c (0x04717163) bgeu    sp, t2, pc + 66
core   0: 3 0x80006f7c (0x04717163)
core   0: 0x80006fbe (0x00006845) c.lui   a6, 0x11
core   0: 3 0x80006fbe (0x6845) x16 0x00011000
core   0: 0x80006fc0 (0x00008e69) c.and   a2, a0
core   0: 3 0x80006fc0 (0x8e69) x12 0x00000000
core   0: 0x80006fc2 (0x01045563) bge     s0, a6, pc + 10
core   0: 3 0x80006fc2 (0x01045563)
core   0: 0x80006fc6 (0x00008d95) c.sub   a1, a3
core   0: 3 0x80006fc6 (0x8d95) x11 0x000006d2
core   0: 0x80006fc8 (0x23cf4513) xori    a0, t5, 572
core   0: 3 0x80006fc8 (0x23cf4513) x10 0x80029f18
core   0: 0x80006fcc (0x02e1c2b3) div     t0, gp, a4
core   0: 3 0x80006fcc (0x02e1c2b3) x5  0x00000000
core   0: 0x80006fd0 (0x2d6a8193) addi    gp, s5, 726
core   0: 3 0x80006fd0 (0x2d6a8193) x3  0x000002de
core   0: 0x80006fd4 (0x00000001) c.nop
core   0: 3 0x80006fd4 (0x0001)
core   0: 0x80006fd6 (0x00000814) c.addi4spn a3, sp, 16
core   0: 3 0x80006fd6 (0x0814) x13 0x00000011
core   0: 0x80006fd8 (0x01c22633) slt     a2, tp, t3
core   0: 3 0x80006fd8 (0x01c22633) x12 0x00000000
core   0: 0x80006fdc (0x5ae8c993) xori    s3, a7, 1454
core   0: 3 0x80006fdc (0x5ae8c993) x19 0x800005ae
core   0: 0x80006fe0 (0x02218cb3) mul     s9, gp, sp
core   0: 3 0x80006fe0 (0x02218cb3) x25 0x000002de
core   0: 0x80006fe4 (0x000080cd) c.srli  s1, 19
core   0: 3 0x80006fe4 (0x80cd) x9  0x00001fff
core   0: 0x80006fe6 (0x405c8fb3) sub     t6, s9, t0
core   0: 3 0x80006fe6 (0x405c8fb3) x31 0x000002de
core   0: 0x80006fea (0x031da7b3) mulhsu  a5, s11, a7
core   0: 3 0x80006fea (0x031da7b3) x15 0x00000000
core   0: 0x80006fee (0x410dd133) sra     sp, s11, a6
core   0: 3 0x80006fee (0x410dd133) x2  0x00000000
core   0: 0x80006ff2 (0x00008dc6) c.mv    s11, a7
core   0: 3 0x80006ff2 (0x8dc6) x27 0x80000000
core   0: 0x80006ff4 (0xa9a3b813) sltiu   a6, t2, -1382
core   0: 3 0x80006ff4 (0xa9a3b813) x16 0x00000001
core   0: 0x80006ff8 (0x00006129) c.addi16sp sp, 192
core   0: 3 0x80006ff8 (0x6129) x2  0x000000c0
core   0: 0x80006ffa (0x00006159) c.addi16sp sp, 400
core   0: 3 0x80006ffa (0x6159) x2  0x00000250
core   0: 0x80006ffc (0x270743b7) lui     t2, 0x27074
core   0: 3 0x80006ffc (0x270743b7) x7  0x27074000
core   0: 0x80007000 (0x034119b3) mulh    s3, sp, s4
core   0: 3 0x80007000 (0x034119b3) x19 0x00000000
core   0: 0x80007004 (0x03c7f2b3) remu    t0, a5, t3
core   0: 3 0x80007004 (0x03c7f2b3) x5  0x00000000
core   0: 0x80007008 (0x010a5e13) srli    t3, s4, 16
core   0: 3 0x80007008 (0x010a5e13) x28 0x00000000
core   0: 0x8000700c (0x008a9e63) bne     s5, s0, pc + 28
core   0: 3 0x8000700c (0x008a9e63)
core   0: 0x80007028 (0x40300433) sub     s0, zero, gp
core   0: 3 0x80007028 (0x40300433) x8  0xfffffd22
core   0: 0x8000702c (0x28192213) slti    tp, s2, 641
core   0: 3 0x8000702c (0x28192213) x4  0x00000001
core   0: 0x80007030 (0x000043b9) c.li    t2, 14
core   0: 3 0x80007030 (0x43b9) x7  0x0000000e
core   0: 0x80007032 (0x41b15d13) srai    s10, sp, 27
core   0: 3 0x80007032 (0x41b15d13) x26 0x00000000
core   0: 0x80007036 (0x01b0b033) sltu    zero, ra, s11
core   0: 3 0x80007036 (0x01b0b033)
core   0: 0x8000703a (0x00fd8933) add     s2, s11, a5
core   0: 3 0x8000703a (0x00fd8933) x18 0x80000000
core   0: 0x8000703e (0x0000717d) c.addi16sp sp, -16
core   0: 3 0x8000703e (0x717d) x2  0x00000240
core   0: 0x80007040 (0x00a85bb3) srl     s7, a6, a0
core   0: 3 0x80007040 (0x00a85bb3) x23 0x00000000
core   0: 0x80007044 (0x412bd293) srai    t0, s7, 18
core   0: 3 0x80007044 (0x412bd293) x5  0x00000000
core   0: 0x80007048 (0x00008ed5) c.or    a3, a3
core   0: 3 0x80007048 (0x8ed5) x13 0x00000011
core   0: 0x8000704a (0x00001b7d) c.addi  s6, -1
core   0: 3 0x8000704a (0x1b7d) x22 0xffffffff
core   0: 0x8000704c (0x00008cc1) c.or    s1, s0
core   0: 3 0x8000704c (0x8cc1) x9  0xffffffff
core   0: 0x8000704e (0x01f95933) srl     s2, s2, t6
core   0: 3 0x8000704e (0x01f95933) x18 0x00000002
core   0: 0x80007052 (0x0000717d) c.addi16sp sp, -16
core   0: 3 0x80007052 (0x717d) x2  0x00000230
core   0: 0x80007054 (0x00008df1) c.and   a1, a2
core   0: 3 0x80007054 (0x8df1) x11 0x00000000
core   0: 0x80007056 (0x03068f63) beq     a3, a6, pc + 62
core   0: 3 0x80007056 (0x03068f63)
core   0: 0x8000705a (0x8c12ab93) slti    s7, t0, -1855
core   0: 3 0x8000705a (0x8c12ab93) x23 0x00000000
core   0: 0x8000705e (0x0000e189) c.bnez  a1, pc + 2
core   0: 3 0x8000705e (0xe189)
core   0: 0x80007060 (0xe2892313) slti    t1, s2, -472
core   0: 3 0x80007060 (0xe2892313) x6  0x00000000
core   0: 0x80007064 (0x40f90533) sub     a0, s2, a5
core   0: 3 0x80007064 (0x40f90533) x10 0x00000002
core   0: 0x80007068 (0x00009bfd) c.andi  a5, -1
core   0: 3 0x80007068 (0x9bfd) x15 0x00000000
core   0: 0x8000706a (0x4179df93) srai    t6, s3, 23
core   0: 3 0x8000706a (0x4179df93) x31 0x00000000
core   0: 0x8000706e (0x00008de5) c.and   a1, s1
core   0: 3 0x8000706e (0x8de5) x11 0x00000000
core   0: 0x80007070 (0x9b660e17) auipc   t3, 0x9b660
core   0: 3 0x80007070 (0x9b660e17) x28 0x1b667070
core   0: 0x80007074 (0x030edfb3) divu    t6, t4, a6
core   0: 3 0x80007074 (0x030edfb3) x31 0x80025e40
core   0: 0x80007078 (0x0318fc63) bgeu    a7, a7, pc + 56
core   0: 3 0x80007078 (0x0318fc63)
core   0: 0x800070b0 (0x0000e309) c.bnez  a4, pc + 2
core   0: 3 0x800070b0 (0xe309)
core   0: 0x800070b2 (0x01ea26b3) slt     a3, s4, t5
core   0: 3 0x800070b2 (0x01ea26b3) x13 0x00000000
core   0: 0x800070b6 (0x02d54763) blt     a0, a3, pc + 46
core   0: 3 0x800070b6 (0x02d54763)
core   0: 0x800070ba (0x00000d00) c.addi4spn s0, sp, 656
core   0: 3 0x800070ba (0x0d00) x8  0x000004c0
core   0: 0x800070bc (0x41c7d693) srai    a3, a5, 28
core   0: 3 0x800070bc (0x41c7d693) x13 0x00000000
core   0: 0x800070c0 (0x00008791) c.srai  a5, 4
core   0: 3 0x800070c0 (0x8791) x15 0x00000000
core   0: 0x800070c2 (0x00009452) c.add   s0, s4
core   0: 3 0x800070c2 (0x9452) x8  0x000064c0
core   0: 0x800070c4 (0x00c68433) add     s0, a3, a2
core   0: 3 0x800070c4 (0x00c68433) x8  0x00000000
core   0: 0x800070c8 (0x0000717d) c.addi16sp sp, -16
core   0: 3 0x800070c8 (0x717d) x2  0x00000220
core   0: 0x800070ca (0x00008745) c.srai  a4, 17
core   0: 3 0x800070ca (0x8745) x14 0xffffc000
core   0: 0x800070cc (0x01c27133) and     sp, tp, t3
core   0: 3 0x800070cc (0x01c27133) x2  0x00000000
core   0: 0x800070d0 (0x03fc29b3) mulhsu  s3, s8, t6
core   0: 3 0x800070d0 (0x03fc29b3) x19 0x00000000
core   0: 0x800070d4 (0x057ff163) bgeu    t6, s7, pc + 66
core   0: 3 0x800070d4 (0x057ff163)
core   0: 0x80007116 (0x83cabb13) sltiu   s6, s5, -1988
core   0: 3 0x80007116 (0x83cabb13) x22 0x00000001
core   0: 0x8000711a (0x622cc797) auipc   a5, 0x622cc
core   0: 3 0x8000711a (0x622cc797) x15 0xe22d311a
core   0: 0x8000711e (0x03424e63) blt     tp, s4, pc + 60
core   0: 3 0x8000711e (0x03424e63)
core   0: 0x8000715a (0x00925e13) srli    t3, tp, 9
core   0: 3 0x8000715a (0x00925e13) x28 0x00000000
core   0: 0x8000715e (0x0385ddb3) divu    s11, a1, s8
core   0: 3 0x8000715e (0x0385ddb3) x27 0xffffffff
core   0: 0x80007162 (0x40885013) srai    zero, a6, 8
core   0: 3 0x80007162 (0x40885013)
core   0: 0x80007166 (0x02955f63) bge     a0, s1, pc + 62
core   0: 3 0x80007166 (0x02955f63)
core   0: 0x800071a4 (0x00008f5d) c.or    a4, a5
core   0: 3 0x800071a4 (0x8f5d) x14 0xfffff11a
core   0: 0x800071a6 (0x00008e2d) c.xor   a2, a1
core   0: 3 0x800071a6 (0x8e2d) x12 0x00000000
core   0: 0x800071a8 (0x02023033) mulhu   zero, tp, zero
core   0: 3 0x800071a8 (0x02023033)
core   0: 0x800071ac (0x009f1593) slli    a1, t5, 9
core   0: 3 0x800071ac (0x009f1593) x11 0x053a4800
core   0: 0x800071b0 (0x00005a7d) c.li    s4, -1
core   0: 3 0x800071b0 (0x5a7d) x20 0xffffffff
core   0: 0x800071b2 (0x0000137d) c.addi  t1, -1
core   0: 3 0x800071b2 (0x137d) x6  0xffffffff
core   0: 0x800071b4 (0x0000465d) c.li    a2, 23
core   0: 3 0x800071b4 (0x465d) x12 0x00000017
core   0: 0x800071b6 (0x00008f19) c.sub   a4, a4
core   0: 3 0x800071b6 (0x8f19) x14 0x00000000
core   0: 0x800071b8 (0xae468b13) addi    s6, a3, -1308
core   0: 3 0x800071b8 (0xae468b13) x22 0xfffffae4
core   0: 0x800071bc (0x0000048c) c.addi4spn a1, sp, 576
core   0: 3 0x800071bc (0x048c) x11 0x00000240
core   0: 0x800071be (0x006c1313) slli    t1, s8, 6
core   0: 3 0x800071be (0x006c1313) x6  0x00000000
core   0: 0x800071c2 (0x00a55fb3) srl     t6, a0, a0
core   0: 3 0x800071c2 (0x00a55fb3) x31 0x00000000
core   0: 0x800071c6 (0x16b30d13) addi    s10, t1, 363
core   0: 3 0x800071c6 (0x16b30d13) x26 0x0000016b
core   0: 0x800071ca (0x002c6a33) or      s4, s8, sp
core   0: 3 0x800071ca (0x002c6a33) x20 0x00000000
core   0: 0x800071ce (0x01f4c2b3) xor     t0, s1, t6
core   0: 3 0x800071ce (0x01f4c2b3) x5  0xffffffff
core   0: 0x800071d2 (0x00006171) c.addi16sp sp, 336
core   0: 3 0x800071d2 (0x6171) x2  0x00000150
core   0: 0x800071d4 (0x0186dcb3) srl     s9, a3, s8
core   0: 3 0x800071d4 (0x0186dcb3) x25 0x00000000
core   0: 0x800071d8 (0x000057fd) c.li    a5, -1
core   0: 3 0x800071d8 (0x57fd) x15 0xffffffff
core   0: 0x800071da (0x00006bdd) c.lui   s7, 0x17
core   0: 3 0x800071da (0x6bdd) x23 0x00017000
core   0: 0x800071dc (0x00d1ecb3) or      s9, gp, a3
core   0: 3 0x800071dc (0x00d1ecb3) x25 0x000002de
core   0: 0x800071e0 (0x027a69b3) rem     s3, s4, t2
core   0: 3 0x800071e0 (0x027a69b3) x19 0x00000000
core   0: 0x800071e4 (0x00edb233) sltu    tp, s11, a4
core   0: 3 0x800071e4 (0x00edb233) x4  0x00000000
core   0: 0x800071e8 (0x00008d7d) c.and   a0, a5
core   0: 3 0x800071e8 (0x8d7d) x10 0x00000002
core   0: 0x800071ea (0x0000717d) c.addi16sp sp, -16
core   0: 3 0x800071ea (0x717d) x2  0x00000140
core   0: 0x800071ec (0x00004b55) c.li    s6, 21
core   0: 3 0x800071ec (0x4b55) x22 0x00000015
core   0: 0x800071ee (0x00bfae33) slt     t3, t6, a1
core   0: 3 0x800071ee (0x00bfae33) x28 0x00000001
core   0: 0x800071f2 (0xa6d49c97) auipc   s9, 0xa6d49
core   0: 3 0x800071f2 (0xa6d49c97) x25 0x26d501f2
core   0: 0x800071f6 (0x1114b113) sltiu   sp, s1, 273
core   0: 3 0x800071f6 (0x1114b113) x2  0x00000000
core   0: 0x800071fa (0x00009336) c.add   t1, a3
core   0: 3 0x800071fa (0x9336) x6  0x00000000
core   0: 0x800071fc (0x00d85033) srl     zero, a6, a3
core   0: 3 0x800071fc (0x00d85033)
core   0: 0x80007200 (0x000092d6) c.add   t0, s5
core   0: 3 0x80007200 (0x92d6) x5  0x00000007
core   0: 0x80007202 (0x00925493) srli    s1, tp, 9
core   0: 3 0x80007202 (0x00925493) x9  0x00000000
core   0: 0x80007206 (0x01269263) bne     a3, s2, pc + 4
core   0: 3 0x80007206 (0x01269263)
core   0: 0x8000720a (0x00008c01) c.sub   s0, s0
core   0: 3 0x8000720a (0x8c01) x8  0x00000000
core   0: 0x8000720c (0x0000e099) c.bnez  s1, pc + 6
core   0: 3 0x8000720c (0xe099)
core   0: 0x8000720e (0x0000c10d) c.beqz  a0, pc + 34
core   0: 3 0x8000720e (0xc10d)
core   0: 0x80007210 (0x00008fc5) c.or    a5, s1
core   0: 3 0x80007210 (0x8fc5) x15 0xffffffff
core   0: 0x80007212 (0x0000839d) c.srli  a5, 7
core   0: 3 0x80007212 (0x839d) x15 0x01ffffff
core   0: 0x80007214 (0x01b05db3) srl     s11, zero, s11
core   0: 3 0x80007214 (0x01b05db3) x27 0x00000000
core   0: 0x80007218 (0x014361b3) or      gp, t1, s4
core   0: 3 0x80007218 (0x014361b3) x3  0x00000000
core   0: 0x8000721c (0x00006149) c.addi16sp sp, 144
core   0: 3 0x8000721c (0x6149) x2  0x00000090
core   0: 0x8000721e (0x000064c9) c.lui   s1, 0x12
core   0: 3 0x8000721e (0x64c9) x9  0x00012000
core   0: 0x80007220 (0x0358c3b3) div     t2, a7, s5
core   0: 3 0x80007220 (0x0358c3b3) x7  0xf0000000
core   0: 0x80007224 (0x41a30e33) sub     t3, t1, s10
core   0: 3 0x80007224 (0x41a30e33) x28 0xfffffe95
core   0: 0x80007228 (0x410989b3) sub     s3, s3, a6
core   0: 3 0x80007228 (0x410989b3) x19 0xffffffff
core   0: 0x8000722c (0x0024f633) and     a2, s1, sp
core   0: 3 0x8000722c (0x0024f633) x12 0x00000000
core   0: 0x80007230 (0x02e58c33) mul     s8, a1, a4
core   0: 3 0x80007230 (0x02e58c33) x24 0x00000000
core   0: 0x80007234 (0x19a4e237) lui     tp, 0x19a4e
core   0: 3 0x80007234 (0x19a4e237) x4  0x19a4e000
core   0: 0x80007238 (0x01515e33) srl     t3, sp, s5
core   0: 3 0x80007238 (0x01515e33) x28 0x00000000
core   0: 0x8000723c (0x1d013a13) sltiu   s4, sp, 464
core   0: 3 0x8000723c (0x1d013a13) x20 0x00000001
core   0: 0x80007240 (0x000089fe) c.mv    s3, t6
core   0: 3 0x80007240 (0x89fe) x19 0x00000000
core   0: 0x80007242 (0x00000001) c.nop
core   0: 3 0x80007242 (0x0001)
core   0: 0x80007244 (0x1050ec37) lui     s8, 0x1050e
core   0: 3 0x80007244 (0x1050ec37) x24 0x1050e000
core   0: 0x80007248 (0x00110b33) add     s6, sp, ra
core   0: 3 0x80007248 (0x00110b33) x22 0x000000ad
core   0: 0x8000724c (0x000009d6) c.slli  s3, 21
core   0: 3 0x8000724c (0x09d6) x19 0x00000000
core   0: 0x8000724e (0x00000001) c.nop
core   0: 3 0x8000724e (0x0001)
core   0: 0x80007250 (0x8cb3fd93) andi    s11, t2, -1845
core   0: 3 0x80007250 (0x8cb3fd93) x27 0xf0000000
core   0: 0x80007254 (0x03913d33) mulhu   s10, sp, s9
core   0: 3 0x80007254 (0x03913d33) x26 0x00000015
core   0: 0x80007258 (0x0159a733) slt     a4, s3, s5
core   0: 3 0x80007258 (0x0159a733) x14 0x00000001
core   0: 0x8000725c (0x01ec21b3) slt     gp, s8, t5
core   0: 3 0x8000725c (0x01ec21b3) x3  0x00000000
core   0: 0x80007260 (0x0172c533) xor     a0, t0, s7
core   0: 3 0x80007260 (0x0172c533) x10 0x00017007
core   0: 0x80007264 (0x000085bd) c.srai  a1, 15
core   0: 3 0x80007264 (0x85bd) x11 0x00000000
core   0: 0x80007266 (0x036e9b63) bne     t4, s6, pc + 54
core   0: 3 0x80007266 (0x036e9b63)
core   0: 0x8000729c (0x00008fe1) c.and   a5, s0
core   0: 3 0x8000729c (0x8fe1) x15 0x00000000
core   0: 0x8000729e (0x006137b3) sltu    a5, sp, t1
core   0: 3 0x8000729e (0x006137b3) x15 0x00000000
core   0: 0x800072a2 (0x02c39e63) bne     t2, a2, pc + 60
core   0: 3 0x800072a2 (0x02c39e63)
core   0: 0x800072de (0x016c30b3) sltu    ra, s8, s6
core   0: 3 0x800072de (0x016c30b3) x1  0x00000000
core   0: 0x800072e2 (0x00000835) c.addi  a6, 13
core   0: 3 0x800072e2 (0x0835) x16 0x0000000e
core   0: 0x800072e4 (0x00008e4d) c.or    a2, a1
core   0: 3 0x800072e4 (0x8e4d) x12 0x00000000
core   0: 0x800072e6 (0x01760433) add     s0, a2, s7
core   0: 3 0x800072e6 (0x01760433) x8  0x00017000
core   0: 0x800072ea (0x03ce9533) mulh    a0, t4, t3
core   0: 3 0x800072ea (0x03ce9533) x10 0x00000000
core   0: 0x800072ee (0x000080e5) c.srli  s1, 25
core   0: 3 0x800072ee (0x80e5) x9  0x00000000
core   0: 0x800072f0 (0x00ee89b3) add     s3, t4, a4
core   0: 3 0x800072f0 (0x00ee89b3) x19 0x80025e41
core   0: 0x800072f4 (0x02728033) mul     zero, t0, t2
core   0: 3 0x800072f4 (0x02728033)
core   0: 0x800072f8 (0x00565433) srl     s0, a2, t0
core   0: 3 0x800072f8 (0x00565433) x8  0x00000000
core   0: 0x800072fc (0x00825263) bge     tp, s0, pc + 4
core   0: 3 0x800072fc (0x00825263)
core   0: 0x80007300 (0x02a90a63) beq     s2, a0, pc + 52
core   0: 3 0x80007300 (0x02a90a63)
core   0: 0x80007304 (0x00008135) c.srli  a0, 13
core   0: 3 0x80007304 (0x8135) x10 0x00000000
core   0: 0x80007306 (0x00008e6a) c.mv    t3, s10
core   0: 3 0x80007306 (0x8e6a) x28 0x00000015
core   0: 0x80007308 (0x6214c113) xori    sp, s1, 1569
core   0: 3 0x80007308 (0x6214c113) x2  0x00000621
core   0: 0x8000730c (0x03355a63) bge     a0, s3, pc + 52
core   0: 3 0x8000730c (0x03355a63)
core   0: 0x80007340 (0x0305a033) mulhsu  zero, a1, a6
core   0: 3 0x80007340 (0x0305a033)
core   0: 0x80007344 (0x00001790) c.addi4spn a2, sp, 992
core   0: 3 0x80007344 (0x1790) x12 0x00000a01
core   0: 0x80007346 (0x01b5e663) bltu    a1, s11, pc + 12
core   0: 3 0x80007346 (0x01b5e663)
core   0: 0x80007352 (0x00008189) c.srli  a1, 2
core   0: 3 0x80007352 (0x8189) x11 0x00000000
core   0: 0x80007354 (0x86b73293) sltiu   t0, a4, -1941
core   0: 3 0x80007354 (0x86b73293) x5  0x00000001
core   0: 0x80007358 (0x039a43b3) div     t2, s4, s9
core   0: 3 0x80007358 (0x039a43b3) x7  0x00000000
core   0: 0x8000735c (0x4cbbc913) xori    s2, s7, 1227
core   0: 3 0x8000735c (0x4cbbc913) x18 0x000174cb
core   0: 0x80007360 (0xa0007fb7) lui     t6, 0xa0007
core   0: 3 0x80007360 (0xa0007fb7) x31 0xa0007000
core   0: 0x80007364 (0x00001c90) c.addi4spn a2, sp, 624
core   0: 3 0x80007364 (0x1c90) x12 0x00000891
core   0: 0x80007366 (0x03235363) bge     t1, s2, pc + 38
core   0: 3 0x80007366 (0x03235363)
core   0: 0x8000736a (0x00006cf1) c.lui   s9, 0x1c
core   0: 3 0x8000736a (0x6cf1) x25 0x0001c000
core   0: 0x8000736c (0x04675163) bge     a4, t1, pc + 66
core   0: 3 0x8000736c (0x04675163)
core   0: 0x800073ae (0x016d7c63) bgeu    s10, s6, pc + 24
core   0: 3 0x800073ae (0x016d7c63)
core   0: 0x800073b2 (0x00008746) c.mv    a4, a7
core   0: 3 0x800073b2 (0x8746) x14 0x80000000
core   0: 0x800073b4 (0x03d66033) rem     zero, a2, t4
core   0: 3 0x800073b4 (0x03d66033)
core   0: 0x800073b8 (0x03b1d363) bge     gp, s11, pc + 38
core   0: 3 0x800073b8 (0x03b1d363)
core   0: 0x800073de (0x0000ed8d) c.bnez  a1, pc + 58
core   0: 3 0x800073de (0xed8d)
core   0: 0x800073e0 (0x02c60633) mul     a2, a2, a2
core   0: 3 0x800073e0 (0x02c60633) x12 0x00496221
core   0: 0x800073e4 (0x0da64913) xori    s2, a2, 218
core   0: 3 0x800073e4 (0x0da64913) x18 0x004962fb
core   0: 0x800073e8 (0x000001c2) c.slli  gp, 16
core   0: 3 0x800073e8 (0x01c2) x3  0x00000000
core   0: 0x800073ea (0x02726233) rem     tp, tp, t2
core   0: 3 0x800073ea (0x02726233) x4  0x19a4e000
core   0: 0x800073ee (0x00008eed) c.and   a3, a1
core   0: 3 0x800073ee (0x8eed) x13 0x00000000
core   0: 0x800073f0 (0x00011563) bnez    sp, pc + 10
core   0: 3 0x800073f0 (0x00011563)
core   0: 0x800073fa (0x0000853d) c.srai  a0, 15
core   0: 3 0x800073fa (0x853d) x10 0x00000000
core   0: 0x800073fc (0x00009a7d) c.andi  a2, -1
core   0: 3 0x800073fc (0x9a7d) x12 0x00496221
core   0: 0x800073fe (0x0000cd19) c.beqz  a0, pc + 30
core   0: 3 0x800073fe (0xcd19)
core   0: 0x8000741c (0x01b8d733) srl     a4, a7, s11
core   0: 3 0x8000741c (0x01b8d733) x14 0x80000000
core   0: 0x80007420 (0x00000001) c.nop
core   0: 3 0x80007420 (0x0001)
core   0: 0x80007422 (0x00005ffd) c.li    t6, -1
core   0: 3 0x80007422 (0x5ffd) x31 0xffffffff
core   0: 0x80007424 (0x00008105) c.srli  a0, 1
core   0: 3 0x80007424 (0x8105) x10 0x00000000
core   0: 0x80007426 (0x0098d113) srli    sp, a7, 9
core   0: 3 0x80007426 (0x0098d113) x2  0x00400000
core   0: 0x8000742a (0x00008c49) c.or    s0, a0
core   0: 3 0x8000742a (0x8c49) x8  0x00000000
core   0: 0x8000742c (0x000088d5) c.andi  s1, 21
core   0: 3 0x8000742c (0x88d5) x9  0x00000000
core   0: 0x8000742e (0x00008db1) c.xor   a1, a2
core   0: 3 0x8000742e (0x8db1) x11 0x00496221
core   0: 0x80007430 (0x00008889) c.andi  s1, 2
core   0: 3 0x80007430 (0x8889) x9  0x00000000
core   0: 0x80007432 (0x00006135) c.addi16sp sp, 352
core   0: 3 0x80007432 (0x6135) x2  0x00400160
core   0: 0x80007434 (0x00002817) auipc   a6, 0x2
core   0: 3 0x80007434 (0x00002817) x16 0x80009434
core   0: 0x80007438 (0x1da80813) addi    a6, a6, 474
core   0: 3 0x80007438 (0x1da80813) x16 0x8000960e
core   0: 0x8000743c (0x00008b12) c.mv    s6, tp
core   0: 3 0x8000743c (0x8b12) x22 0x19a4e000
core   0: 0x8000743e (0x00004e25) c.li    t3, 9
core   0: 3 0x8000743e (0x4e25) x28 0x00000009
core   0: 0x80007440 (0x000a55b3) srl     a1, s4, zero
core   0: 3 0x80007440 (0x000a55b3) x11 0x00000001
core   0: 0x80007444 (0x4189dc13) srai    s8, s3, 24
core   0: 3 0x80007444 (0x4189dc13) x24 0xffffff80
core   0: 0x80007448 (0x33b80813) addi    a6, a6, 827
core   0: 3 0x80007448 (0x33b80813) x16 0x80009949
core   0: 0x8000744c (0x41ca5393) srai    t2, s4, 28
core   0: 3 0x8000744c (0x41ca5393) x7  0x00000000
core   0: 0x80007450 (0xb86af717) auipc   a4, 0xb86af
core   0: 3 0x80007450 (0xb86af717) x14 0x386b6450
core   0: 0x80007454 (0x00006db1) c.lui   s11, 0xc
core   0: 3 0x80007454 (0x6db1) x27 0x0000c000
core   0: 0x80007456 (0x01ed7b33) and     s6, s10, t5
core   0: 3 0x80007456 (0x01ed7b33) x22 0x00000004
core   0: 0x8000745a (0xcc5800e7) jalr    ra, a6, -827
core   0: 3 0x8000745a (0xcc5800e7) x1  0x8000745e
core   0: 0x8000960e (0x0000717d) c.addi16sp sp, -16
core   0: 3 0x8000960e (0x717d) x2  0x00400150
core   0: 0x80009610 (0x00001e91) c.addi  t4, -28
core   0: 3 0x80009610 (0x1e91) x29 0x80025e24
core   0: 0x80009612 (0x0230d1b3) divu    gp, ra, gp
core   0: 3 0x80009612 (0x0230d1b3) x3  0xffffffff
core   0: 0x80009616 (0x001ea223) sw      ra, 4(t4)
core   0: 3 0x80009616 (0x001ea223) mem 0x80025e28 0x8000745e
core   0: 0x8000961a (0x00008fe9) c.and   a5, a0
core   0: 3 0x8000961a (0x8fe9) x15 0x00000000
core   0: 0x8000961c (0x41e78633) sub     a2, a5, t5
core   0: 3 0x8000961c (0x41e78633) x12 0x7ffd62dc
core   0: 0x80009620 (0x000067fd) c.lui   a5, 0x1f
core   0: 3 0x80009620 (0x67fd) x15 0x0001f000
core   0: 0x80009622 (0x02411b63) bne     sp, tp, pc + 54
core   0: 3 0x80009622 (0x02411b63)
core   0: 0x80009658 (0x0000e901) c.bnez  a0, pc + 16
core   0: 3 0x80009658 (0xe901)
core   0: 0x8000965a (0x03c3f833) remu    a6, t2, t3
core   0: 3 0x8000965a (0x03c3f833) x16 0x00000000
core   0: 0x8000965e (0x03780733) mul     a4, a6, s7
core   0: 3 0x8000965e (0x03780733) x14 0x00000000
core   0: 0x80009662 (0x00def363) bgeu    t4, a3, pc + 6
core   0: 3 0x80009662 (0x00def363)
core   0: 0x80009668 (0x004a0cb3) add     s9, s4, tp
core   0: 3 0x80009668 (0x004a0cb3) x25 0x19a4e001
core   0: 0x8000966c (0x0000031c) c.addi4spn a5, sp, 384
core   0: 3 0x8000966c (0x031c) x15 0x004002d0
core   0: 0x8000966e (0x000087e6) c.mv    a5, s9
core   0: 3 0x8000966e (0x87e6) x15 0x19a4e001
core   0: 0x80009670 (0x0285c6b3) div     a3, a1, s0
core   0: 3 0x80009670 (0x0285c6b3) x13 0xffffffff
core   0: 0x80009674 (0x004ea083) lw      ra, 4(t4)
core   0: 3 0x80009674 (0x004ea083) x1  0x8000745e mem 0x80025e28
core   0: 0x80009678 (0x00000ef1) c.addi  t4, 28
core   0: 3 0x80009678 (0x0ef1) x29 0x80025e40
core   0: 0x8000967a (0x000005b6) c.slli  a1, 13
core   0: 3 0x8000967a (0x05b6) x11 0x00002000
core   0: 0x8000967c (0x00108d93) addi    s11, ra, 1
core   0: 3 0x8000967c (0x00108d93) x27 0x8000745f
core   0: 0x80009680 (0x000d8de7) jalr    s11, s11, 0
core   0: 3 0x80009680 (0x000d8de7) x27 0x80009684
core   0: 0x8000745e (0x03ee06b3) mul     a3, t3, t5
core   0: 3 0x8000745e (0x03ee06b3) x13 0x80178644
core   0: 0x80007462 (0x27640e13) addi    t3, s0, 630
core   0: 3 0x80007462 (0x27640e13) x28 0x00000276
core   0: 0x80007466 (0x0197d3b3) srl     t2, a5, s9
core   0: 3 0x80007466 (0x0197d3b3) x7  0x0cd27000
core   0: 0x8000746a (0x030a88b3) mul     a7, s5, a6
core   0: 3 0x8000746a (0x030a88b3) x17 0x00000000
core   0: 0x8000746e (0x016f8963) beq     t6, s6, pc + 18
core   0: 3 0x8000746e (0x016f8963)
core   0: 0x80007472 (0x00004799) c.li    a5, 6
core   0: 3 0x80007472 (0x4799) x15 0x00000006
core   0: 0x80007474 (0x00008fb2) c.mv    t6, a2
core   0: 3 0x80007474 (0x8fb2) x31 0x7ffd62dc
core   0: 0x80007476 (0x00008e95) c.sub   a3, a3
core   0: 3 0x80007476 (0x8e95) x13 0x00000000
core   0: 0x80007478 (0x03f81d63) bne     a6, t6, pc + 58
core   0: 3 0x80007478 (0x03f81d63)
core   0: 0x800074b2 (0x026d3133) mulhu   sp, s10, t1
core   0: 3 0x800074b2 (0x026d3133) x2  0x00000000
core   0: 0x800074b6 (0x031291b3) mulh    gp, t0, a7
core   0: 3 0x800074b6 (0x031291b3) x3  0x00000000
core   0: 0x800074ba (0x018640b3) xor     ra, a2, s8
core   0: 3 0x800074ba (0x018640b3) x1  0x80029d5c
core   0: 0x800074be (0x00989033) sll     zero, a7, s1
core   0: 3 0x800074be (0x00989033)
core   0: 0x800074c2 (0x43a66c13) ori     s8, a2, 1082
core   0: 3 0x800074c2 (0x43a66c13) x24 0x7ffd66fe
core   0: 0x800074c6 (0x00b94c33) xor     s8, s2, a1
core   0: 3 0x800074c6 (0x00b94c33) x24 0x004942fb
core   0: 0x800074ca (0x48d50d13) addi    s10, a0, 1165
core   0: 3 0x800074ca (0x48d50d13) x26 0x0000048d
core   0: 0x800074ce (0x02a5bd33) mulhu   s10, a1, a0
core   0: 3 0x800074ce (0x02a5bd33) x26 0x00000000
core   0: 0x800074d2 (0x41cc57b3) sra     a5, s8, t3
core   0: 3 0x800074d2 (0x41cc57b3) x15 0x00000001
core   0: 0x800074d6 (0x00009f86) c.add   t6, ra
core   0: 3 0x800074d6 (0x9f86) x31 0x00000038
core   0: 0x800074d8 (0x0000717d) c.addi16sp sp, -16
core   0: 3 0x800074d8 (0x717d) x2  0xfffffff0
core   0: 0x800074da (0xae8ca993) slti    s3, s9, -1304
core   0: 3 0x800074da (0xae8ca993) x19 0x00000000
core   0: 0x800074de (0x01d92133) slt     sp, s2, t4
core   0: 3 0x800074de (0x01d92133) x2  0x00000000
core   0: 0x800074e2 (0x9c9ff493) andi    s1, t6, -1591
core   0: 3 0x800074e2 (0x9c9ff493) x9  0x00000008
core   0: 0x800074e6 (0x000061e1) c.lui   gp, 0x18
core   0: 3 0x800074e6 (0x61e1) x3  0x00018000
core   0: 0x800074e8 (0x004ea083) lw      ra, 4(t4)
core   0: 3 0x800074e8 (0x004ea083) x1  0x800067d4 mem 0x80025e44
core   0: 0x800074ec (0x41168233) sub     tp, a3, a7
core   0: 3 0x800074ec (0x41168233) x4  0x00000000
core   0: 0x800074f0 (0x00000001) c.nop
core   0: 3 0x800074f0 (0x0001)
core   0: 0x800074f2 (0x034e8e93) addi    t4, t4, 52
core   0: 3 0x800074f2 (0x034e8e93) x29 0x80025e74
core   0: 0x800074f6 (0x6fcf1fb7) lui     t6, 0x6fcf1
core   0: 3 0x800074f6 (0x6fcf1fb7) x31 0x6fcf1000
core   0: 0x800074fa (0x00008de9) c.and   a1, a0
core   0: 3 0x800074fa (0x8de9) x11 0x00000000
core   0: 0x800074fc (0x00d0ec33) or      s8, ra, a3
core   0: 3 0x800074fc (0x00d0ec33) x24 0x800067d4
core   0: 0x80007500 (0x4363b593) sltiu   a1, t2, 1078
core   0: 3 0x80007500 (0x4363b593) x11 0x00000000
core   0: 0x80007504 (0x00108593) addi    a1, ra, 1
core   0: 3 0x80007504 (0x00108593) x11 0x800067d5
core   0: 0x80007508 (0x00009582) c.jalr  a1
core   0: 3 0x80007508 (0x9582) x1  0x8000750a
core   0: 0x800067d4 (0x00000390) c.addi4spn a2, sp, 448
core   0: 3 0x800067d4 (0x0390) x12 0x000001c0
core   0: 0x800067d6 (0xc8e2e313) ori     t1, t0, -882
core   0: 3 0x800067d6 (0xc8e2e313) x6  0xfffffc8f
core   0: 0x800067da (0xef75f393) andi    t2, a1, -265
core   0: 3 0x800067da (0xef75f393) x7  0x800066d5
core   0: 0x800067de (0x01f4e4b3) or      s1, s1, t6
core   0: 3 0x800067de (0x01f4e4b3) x9  0x6fcf1008
core   0: 0x800067e2 (0x01abbb33) sltu    s6, s7, s10
core   0: 3 0x800067e2 (0x01abbb33) x22 0x00000000
core   0: 0x800067e6 (0x000063b5) c.lui   t2, 0xd
core   0: 3 0x800067e6 (0x63b5) x7  0x0000d000
core   0: 0x800067e8 (0x034d8d63) beq     s11, s4, pc + 58
core   0: 3 0x800067e8 (0x034d8d63)
core   0: 0x800067ec (0x00008db1) c.xor   a1, a2
core   0: 3 0x800067ec (0x8db1) x11 0x80006615
core   0: 0x800067ee (0x00000001) c.nop
core   0: 3 0x800067ee (0x0001)
core   0: 0x800067f0 (0x027d7db3) remu    s11, s10, t2
core   0: 3 0x800067f0 (0x027d7db3) x27 0x00000000
core   0: 0x800067f4 (0x02caba33) mulhu   s4, s5, a2
core   0: 3 0x800067f4 (0x02caba33) x20 0x00000000
core   0: 0x800067f8 (0x0000e905) c.bnez  a0, pc + 48
core   0: 3 0x800067f8 (0xe905)
core   0: 0x800067fa (0x01e79d93) slli    s11, a5, 30
core   0: 3 0x800067fa (0x01e79d93) x27 0x40000000
core   0: 0x800067fe (0x01d8df93) srli    t6, a7, 29
core   0: 3 0x800067fe (0x01d8df93) x31 0x00000000
core   0: 0x80006802 (0x00ed6333) or      t1, s10, a4
core   0: 3 0x80006802 (0x00ed6333) x6  0x00000000
core   0: 0x80006806 (0x04746163) bltu    s0, t2, pc + 66
core   0: 3 0x80006806 (0x04746163)
core   0: 0x80006848 (0x02774433) div     s0, a4, t2
core   0: 3 0x80006848 (0x02774433) x8  0x00000000
core   0: 0x8000684c (0x0000c51d) c.beqz  a0, pc + 46
core   0: 3 0x8000684c (0xc51d)
core   0: 0x8000687a (0x032e8d33) mul     s10, t4, s2
core   0: 3 0x8000687a (0x032e8d33) x26 0x598f03bc
core   0: 0x8000687e (0x1dbdb813) sltiu   a6, s11, 475
core   0: 3 0x8000687e (0x1dbdb813) x16 0x00000000
core   0: 0x80006882 (0x0391fd33) remu    s10, gp, s9
core   0: 3 0x80006882 (0x0391fd33) x26 0x00018000
core   0: 0x80006886 (0x02861233) mulh    tp, a2, s0
core   0: 3 0x80006886 (0x02861233) x4  0x00000000
core   0: 0x8000688a (0x00008f89) c.sub   a5, a0
core   0: 3 0x8000688a (0x8f89) x15 0x00000001
core   0: 0x8000688c (0x03cbae33) mulhsu  t3, s7, t3
core   0: 3 0x8000688c (0x03cbae33) x28 0x00000000
core   0: 0x80006890 (0x011ee563) bltu    t4, a7, pc + 10
core   0: 3 0x80006890 (0x011ee563)
core   0: 0x80006894 (0x01e74e33) xor     t3, a4, t5
core   0: 3 0x80006894 (0x01e74e33) x28 0x80029d24
core   0: 0x80006898 (0x00000001) c.nop
core   0: 3 0x80006898 (0x0001)
core   0: 0x8000689a (0x00009b72) c.add   s6, t3
core   0: 3 0x8000689a (0x9b72) x22 0x80029d24
core   0: 0x8000689c (0x00008c4d) c.or    s0, a1
core   0: 3 0x8000689c (0x8c4d) x8  0x80006615
core   0: 0x8000689e (0x004ea083) lw      ra, 4(t4)
core   0: 3 0x8000689e (0x004ea083) x1  0x80009a5c mem 0x80025e78
core   0: 0x800068a2 (0x00000ef1) c.addi  t4, 28
core   0: 3 0x800068a2 (0x0ef1) x29 0x80025e90
core   0: 0x800068a4 (0x011ed533) srl     a0, t4, a7
core   0: 3 0x800068a4 (0x011ed533) x10 0x80025e90
core   0: 0x800068a8 (0x00725113) srli    sp, tp, 7
core   0: 3 0x800068a8 (0x00725113) x2  0x00000000
core   0: 0x800068ac (0x0375a4b3) mulhsu  s1, a1, s7
core   0: 3 0x800068ac (0x0375a4b3) x9  0xffff4800
core   0: 0x800068b0 (0x00008113) mv      sp, ra
core   0: 3 0x800068b0 (0x00008113) x2  0x80009a5c
core   0: 0x800068b4 (0x00008102) c.jr    sp
core   0: 3 0x800068b4 (0x8102)
core   0: 0x80009a5c (0x00006d05) c.lui   s10, 0x1
core   0: 3 0x80009a5c (0x6d05) x26 0x00001000
core   0: 0x80009a5e (0x02056d63) bltu    a0, zero, pc + 58
core   0: 3 0x80009a5e (0x02056d63)
core   0: 0x80009a62 (0x00008b99) c.andi  a5, 6
core   0: 3 0x80009a62 (0x8b99) x15 0x00000000
core   0: 0x80009a64 (0x00006a69) c.lui   s4, 0x1a
core   0: 3 0x80009a64 (0x6a69) x20 0x0001a000
core   0: 0x80009a66 (0x00d0c463) blt     ra, a3, pc + 8
core   0: 3 0x80009a66 (0x00d0c463)
core   0: 0x80009a6e (0x034adc33) divu    s8, s5, s4
core   0: 3 0x80009a6e (0x034adc33) x24 0x00000000
core   0: 0x80009a72 (0xdf036b93) ori     s7, t1, -528
core   0: 3 0x80009a72 (0xdf036b93) x23 0xfffffdf0
core   0: 0x80009a76 (0x00000090) c.addi4spn a2, sp, 64
core   0: 3 0x80009a76 (0x0090) x12 0x80009a9c
core   0: 0x80009a78 (0x034aa133) mulhsu  sp, s5, s4
core   0: 3 0x80009a78 (0x034aa133) x2  0x00000000
core   0: 0x80009a7c (0x00008685) c.srai  a3, 1
core   0: 3 0x80009a7c (0x8685) x13 0x00000000
core   0: 0x80009a7e (0x000098fd) c.andi  s1, -1
core   0: 3 0x80009a7e (0x98fd) x9  0xffff4800
core   0: 0x80009a80 (0x40f40db3) sub     s11, s0, a5
core   0: 3 0x80009a80 (0x40f40db3) x27 0x80006615
core   0: 0x80009a84 (0x4ab5b613) sltiu   a2, a1, 1195
core   0: 3 0x80009a84 (0x4ab5b613) x12 0x00000000
core   0: 0x80009a88 (0x0000517d) c.li    sp, -1
core   0: 3 0x80009a88 (0x517d) x2  0xffffffff
core   0: 0x80009a8a (0x00008b56) c.mv    s6, s5
core   0: 3 0x80009a8a (0x8b56) x22 0x00000008
core   0: 0x80009a8c (0x000099fd) c.andi  a1, -1
core   0: 3 0x80009a8c (0x99fd) x11 0x80006615
core   0: 0x80009a8e (0x014dce33) xor     t3, s11, s4
core   0: 3 0x80009a8e (0x014dce33) x28 0x8001c615
core   0: 0x80009a92 (0x02137833) remu    a6, t1, ra
core   0: 3 0x80009a92 (0x02137833) x16 0x00000000
core   0: 0x80009a96 (0x0000008d) c.addi  ra, 3
core   0: 3 0x80009a96 (0x008d) x1  0x80009a5f
core   0: 0x80009a98 (0x0000e389) c.bnez  a5, pc + 2
core   0: 3 0x80009a98 (0xe389)
core   0: 0x80009a9a (0x05f01363) bne     zero, t6, pc + 70
core   0: 3 0x80009a9a (0x05f01363)
core   0: 0x80009a9e (0x05b8c163) blt     a7, s11, pc + 66
core   0: 3 0x80009a9e (0x05b8c163)
core   0: 0x80009aa2 (0x01915fb3) srl     t6, sp, s9
core   0: 3 0x80009aa2 (0x01915fb3) x31 0x7fffffff
core   0: 0x80009aa6 (0x00006121) c.addi16sp sp, 64
core   0: 3 0x80009aa6 (0x6121) x2  0x0000003f
core   0: 0x80009aa8 (0x000007b2) c.slli  a5, 12
core   0: 3 0x80009aa8 (0x07b2) x15 0x00000000
core   0: 0x80009aaa (0x00000001) c.nop
core   0: 3 0x80009aaa (0x0001)
core   0: 0x80009aac (0x01750763) beq     a0, s7, pc + 14
core   0: 3 0x80009aac (0x01750763)
core   0: 0x80009ab0 (0x030e2733) mulhsu  a4, t3, a6
core   0: 3 0x80009ab0 (0x030e2733) x14 0x00000000
core   0: 0x80009ab4 (0x00000332) c.slli  t1, 12
core   0: 3 0x80009ab4 (0x0332) x6  0x00000000
core   0: 0x80009ab6 (0x0bdbee13) ori     t3, s7, 189
core   0: 3 0x80009ab6 (0x0bdbee13) x28 0xfffffdfd
core   0: 0x80009aba (0x04adf063) bgeu    s11, a0, pc + 64
core   0: 3 0x80009aba (0x04adf063)
core   0: 0x80009abe (0x009d5133) srl     sp, s10, s1
core   0: 3 0x80009abe (0x009d5133) x2  0x00001000
core   0: 0x80009ac2 (0x00b537b3) sltu    a5, a0, a1
core   0: 3 0x80009ac2 (0x00b537b3) x15 0x00000000
core   0: 0x80009ac6 (0x0000078c) c.addi4spn a1, sp, 960
core   0: 3 0x80009ac6 (0x078c) x11 0x000013c0
core   0: 0x80009ac8 (0xfe747293) andi    t0, s0, -25
core   0: 3 0x80009ac8 (0xfe747293) x5  0x80006605
core   0: 0x80009acc (0xc462e813) ori     a6, t0, -954
core   0: 3 0x80009acc (0xc462e813) x16 0xfffffe47
core   0: 0x80009ad0 (0x41e2d893) srai    a7, t0, 30
core   0: 3 0x80009ad0 (0x41e2d893) x17 0xfffffffe
core   0: 0x80009ad4 (0x01d69f93) slli    t6, a3, 29
core   0: 3 0x80009ad4 (0x01d69f93) x31 0x00000000
core   0: 0x80009ad8 (0x00c7e333) or      t1, a5, a2
core   0: 3 0x80009ad8 (0x00c7e333) x6  0x00000000
core   0: 0x80009adc (0x012ad763) bge     s5, s2, pc + 14
core   0: 3 0x80009adc (0x012ad763)
core   0: 0x80009ae0 (0x00000b92) c.slli  s7, 4
core   0: 3 0x80009ae0 (0x0b92) x23 0xffffdf00
core   0: 0x80009ae2 (0x02b3b233) mulhu   tp, t2, a1
core   0: 3 0x80009ae2 (0x02b3b233) x4  0x00000000
core   0: 0x80009ae6 (0x01bc14b3) sll     s1, s8, s11
core   0: 3 0x80009ae6 (0x01bc14b3) x9  0x00000000
core   0: 0x80009aea (0x2df2a413) slti    s0, t0, 735
core   0: 3 0x80009aea (0x2df2a413) x8  0x00000001
core   0: 0x80009aee (0x807b3613) sltiu   a2, s6, -2041
core   0: 3 0x80009aee (0x807b3613) x12 0x00000001
core   0: 0x80009af2 (0x00008746) c.mv    a4, a7
core   0: 3 0x80009af2 (0x8746) x14 0xfffffffe
core   0: 0x80009af4 (0x000084dd) c.srai  s1, 23
core   0: 3 0x80009af4 (0x84dd) x9  0x00000000
core   0: 0x80009af6 (0x402986b3) sub     a3, s3, sp
core   0: 3 0x80009af6 (0x402986b3) x13 0xfffff000
core   0: 0x80009afa (0x0171c763) blt     gp, s7, pc + 14
core   0: 3 0x80009afa (0x0171c763)
core   0: 0x80009afe (0x40a5d833) sra     a6, a1, a0
core   0: 3 0x80009afe (0x40a5d833) x16 0x00000000
core   0: 0x80009b02 (0x03f76563) bltu    a4, t6, pc + 42
core   0: 3 0x80009b02 (0x03f76563)
core   0: 0x80009b06 (0x00008dc5) c.or    a1, s1
core   0: 3 0x80009b06 (0x8dc5) x11 0x000013c0
core   0: 0x80009b08 (0x013715b3) sll     a1, a4, s3
core   0: 3 0x80009b08 (0x013715b3) x11 0xfffffffe
core   0: 0x80009b0c (0x00001684) c.addi4spn s1, sp, 864
core   0: 3 0x80009b0c (0x1684) x9  0x00001360
core   0: 0x80009b0e (0x0399cb33) div     s6, s3, s9
core   0: 3 0x80009b0e (0x0399cb33) x22 0x00000000
core   0: 0x80009b12 (0x000090ca) c.add   ra, s2
core   0: 3 0x80009b12 (0x90ca) x1  0x8049fd5a
core   0: 0x80009b14 (0xfb5fa493) slti    s1, t6, -75
core   0: 3 0x80009b14 (0xfb5fa493) x9  0x00000000
core   0: 0x80009b18 (0x000083ee) c.mv    t2, s11
core   0: 3 0x80009b18 (0x83ee) x7  0x80006615
core   0: 0x80009b1a (0x0000717d) c.addi16sp sp, -16
core   0: 3 0x80009b1a (0x717d) x2  0x00000ff0
core   0: 0x80009b1c (0x716c8b93) addi    s7, s9, 1814
core   0: 3 0x80009b1c (0x716c8b93) x23 0x19a4e717
core   0: 0x80009b20 (0x01d442b3) xor     t0, s0, t4
core   0: 3 0x80009b20 (0x01d442b3) x5  0x80025e91
core   0: 0x80009b24 (0x01454533) xor     a0, a0, s4
core   0: 3 0x80009b24 (0x01454533) x10 0x8003fe90
core   0: 0x80009b28 (0x41b7db33) sra     s6, a5, s11
core   0: 3 0x80009b28 (0x41b7db33) x22 0x00000000
core   0: 0x80009b2c (0x0000412d) c.li    sp, 11
core   0: 3 0x80009b2c (0x412d) x2  0x0000000b
core   0: 0x80009b2e (0x03d68c33) mul     s8, a3, t4
core   0: 3 0x80009b2e (0x03d68c33) x24 0xda170000
core   0: 0x80009b32 (0x00006105) c.addi16sp sp, 32
core   0: 3 0x80009b32 (0x6105) x2  0x0000002b
core   0: 0x80009b34 (0x4f0ecb97) auipc   s7, 0x4f0ec
core   0: 3 0x80009b34 (0x4f0ecb97) x23 0xcf0f5b34
core   0: 0x80009b38 (0x02bf72b3) remu    t0, t5, a1
core   0: 3 0x80009b38 (0x02bf72b3) x5  0x80029d24
core   0: 0x80009b3c (0x008e5933) srl     s2, t3, s0
core   0: 3 0x80009b3c (0x008e5933) x18 0x7ffffefe
core   0: 0x80009b40 (0x01561193) slli    gp, a2, 21
core   0: 3 0x80009b40 (0x01561193) x3  0x00200000
core   0: 0x80009b44 (0x03528833) mul     a6, t0, s5
core   0: 3 0x80009b44 (0x03528833) x16 0x0014e920
core   0: 0x80009b48 (0xcdc84b93) xori    s7, a6, -804
core   0: 3 0x80009b48 (0xcdc84b93) x23 0xffeb15fc
core   0: 0x80009b4c (0x00005be9) c.li    s7, -6
core   0: 3 0x80009b4c (0x5be9) x23 0xfffffffa
core   0: 0x80009b4e (0x00004389) c.li    t2, 2
core   0: 3 0x80009b4e (0x4389) x7  0x00000002
core   0: 0x80009b50 (0x02016d33) rem     s10, sp, zero
core   0: 3 0x80009b50 (0x02016d33) x26 0x0000002b
core   0: 0x80009b54 (0x00000b85) c.addi  s7, 1
core   0: 3 0x80009b54 (0x0b85) x23 0xfffffffb
core   0: 0x80009b56 (0x00004621) c.li    a2, 8
core   0: 3 0x80009b56 (0x4621) x12 0x00000008
core   0: 0x80009b58 (0x009a06b3) add     a3, s4, s1
core   0: 3 0x80009b58 (0x009a06b3) x13 0x0001a000
core   0: 0x80009b5c (0x0000421d) c.li    tp, 7
core   0: 3 0x80009b5c (0x421d) x4  0x00000007
core   0: 0x80009b5e (0xc21d51b7) lui     gp, 0xc21d5
core   0: 3 0x80009b5e (0xc21d51b7) x3  0xc21d5000
core   0: 0x80009b62 (0x002db9b3) sltu    s3, s11, sp
core   0: 3 0x80009b62 (0x002db9b3) x19 0x00000000
core   0: 0x80009b66 (0x00001671) c.addi  a2, -4
core   0: 3 0x80009b66 (0x1671) x12 0x00000004
core   0: 0x80009b68 (0xfe467de3) bgeu    a2, tp, pc - 6
core   0: 3 0x80009b68 (0xfe467de3)
core   0: 0x80009b6c (0xfe7b82e3) beq     s7, t2, pc - 28
core   0: 3 0x80009b6c (0xfe7b82e3)
core   0: 0x80009b70 (0x00000faa) c.slli  t6, 10
core   0: 3 0x80009b70 (0x0faa) x31 0x00000000
core   0: 0x80009b72 (0x01a67563) bgeu    a2, s10, pc + 10
core   0: 3 0x80009b72 (0x01a67563)
core   0: 0x80009b76 (0x00000001) c.nop
core   0: 3 0x80009b76 (0x0001)
core   0: 0x80009b78 (0x0000717d) c.addi16sp sp, -16
core   0: 3 0x80009b78 (0x717d) x2  0x0000001b
core   0: 0x80009b7a (0x0000171c) c.addi4spn a5, sp, 928
core   0: 3 0x80009b7a (0x171c) x15 0x000003bb
core   0: 0x80009b7c (0x03939bb3) mulh    s7, t2, s9
core   0: 3 0x80009b7c (0x03939bb3) x23 0x00000000
core   0: 0x80009b80 (0x000043e5) c.li    t2, 25
core   0: 3 0x80009b80 (0x43e5) x7  0x00000019
core   0: 0x80009b82 (0x0004e7b3) or      a5, s1, zero
core   0: 3 0x80009b82 (0x0004e7b3) x15 0x00000000
core   0: 0x80009b86 (0x0000e305) c.bnez  a4, pc + 32
core   0: 3 0x80009b86 (0xe305)
core   0: 0x80009ba6 (0x013c84b3) add     s1, s9, s3
core   0: 3 0x80009ba6 (0x013c84b3) x9  0x19a4e001
core   0: 0x80009baa (0xcee73b13) sltiu   s6, a4, -786
core   0: 3 0x80009baa (0xcee73b13) x22 0x00000000
core   0: 0x80009bae (0x00000001) c.nop
core   0: 3 0x80009bae (0x0001)
core   0: 0x80009bb0 (0x0000ce91) c.beqz  a3, pc + 28
core   0: 3 0x80009bb0 (0xce91)
core   0: 0x80009bb2 (0x01076d33) or      s10, a4, a6
core   0: 3 0x80009bb2 (0x01076d33) x26 0xfffffffe
core   0: 0x80009bb6 (0x01b639b3) sltu    s3, a2, s11
core   0: 3 0x80009bb6 (0x01b639b3) x19 0x00000001
core   0: 0x80009bba (0x00b825b3) slt     a1, a6, a1
core   0: 3 0x80009bba (0x00b825b3) x11 0x00000000
core   0: 0x80009bbe (0x0497b113) sltiu   sp, a5, 73
core   0: 3 0x80009bbe (0x0497b113) x2  0x00000001
core   0: 0x80009bc2 (0x037ac1b3) div     gp, s5, s7
core   0: 3 0x80009bc2 (0x037ac1b3) x3  0xffffffff
core   0: 0x80009bc6 (0x014ee4b3) or      s1, t4, s4
core   0: 3 0x80009bc6 (0x014ee4b3) x9  0x8003fe90
core   0: 0x80009bca (0x0000e019) c.bnez  s0, pc + 6
core   0: 3 0x80009bca (0xe019)
core   0: 0x80009bd0 (0x00ba4433) xor     s0, s4, a1
core   0: 3 0x80009bd0 (0x00ba4433) x8  0x0001a000
core   0: 0x80009bd4 (0x000087cd) c.srai  a5, 19
core   0: 3 0x80009bd4 (0x87cd) x15 0x00000000
core   0: 0x80009bd6 (0x4632ec93) ori     s9, t0, 1123
core   0: 3 0x80009bd6 (0x4632ec93) x25 0x80029d67
core   0: 0x80009bda (0x0000717d) c.addi16sp sp, -16
core   0: 3 0x80009bda (0x717d) x2  0xfffffff1
core   0: 0x80009bdc (0x000048a1) c.li    a7, 8
core   0: 3 0x80009bdc (0x48a1) x17 0x00000008
core   0: 0x80009bde (0x02787363) bgeu    a6, t2, pc + 38
core   0: 3 0x80009bde (0x02787363)
core   0: 0x80009c04 (0x034b6933) rem     s2, s6, s4
core   0: 3 0x80009c04 (0x034b6933) x18 0x00000000
core   0: 0x80009c08 (0x01709c13) slli    s8, ra, 23
core   0: 3 0x80009c08 (0x01709c13) x24 0xad000000
core   0: 0x80009c0c (0x00000001) c.nop
core   0: 3 0x80009c0c (0x0001)
core   0: 0x80009c0e (0x000084e5) c.srai  s1, 25
core   0: 3 0x80009c0e (0x84e5) x9  0xffffffc0
core   0: 0x80009c10 (0x00006a2d) c.lui   s4, 0xb
core   0: 3 0x80009c10 (0x6a2d) x20 0x0000b000
core   0: 0x80009c12 (0x000085ae) c.mv    a1, a1
core   0: 3 0x80009c12 (0x85ae) x11 0x00000000
core   0: 0x80009c14 (0x504f7713) andi    a4, t5, 1284
core   0: 3 0x80009c14 (0x504f7713) x14 0x00000504
core   0: 0x80009c18 (0x0239c763) blt     s3, gp, pc + 46
core   0: 3 0x80009c18 (0x0239c763)
core   0: 0x80009c1c (0x036c1233) mulh    tp, s8, s6
core   0: 3 0x80009c1c (0x036c1233) x4  0x00000000
core   0: 0x80009c20 (0x00009a72) c.add   s4, t3
core   0: 3 0x80009c20 (0x9a72) x20 0x0000adfd
core   0: 0x80009c22 (0x00ea2433) slt     s0, s4, a4
core   0: 3 0x80009c22 (0x00ea2433) x8  0x00000000
core   0: 0x80009c26 (0x00006115) c.addi16sp sp, 288
core   0: 3 0x80009c26 (0x6115) x2  0x00000111
core   0: 0x80009c28 (0x00008b71) c.andi  a4, 28
core   0: 3 0x80009c28 (0x8b71) x14 0x00000004
core   0: 0x80009c2a (0x024b4897) auipc   a7, 0x24b4
core   0: 3 0x80009c2a (0x024b4897) x17 0x824bdc2a
core   0: 0x80009c2e (0x020c5663) bgez    s8, pc + 44
core   0: 3 0x80009c2e (0x020c5663)
core   0: 0x80009c32 (0x056afc13) andi    s8, s5, 86
core   0: 3 0x80009c32 (0x056afc13) x24 0x00000000
core   0: 0x80009c36 (0x00c2e8b3) or      a7, t0, a2
core   0: 3 0x80009c36 (0x00c2e8b3) x17 0x80029d24
core   0: 0x80009c3a (0x00787bb3) and     s7, a6, t2
core   0: 3 0x80009c3a (0x00787bb3) x23 0x00000000
core   0: 0x80009c3e (0x41455333) sra     t1, a0, s4
core   0: 3 0x80009c3e (0x41455333) x6  0xfffffffc
core   0: 0x80009c42 (0x000068cd) c.lui   a7, 0x13
core   0: 3 0x80009c42 (0x68cd) x17 0x00013000
core   0: 0x80009c44 (0x00000001) c.nop
core   0: 3 0x80009c44 (0x0001)
core   0: 0x80009c46 (0x00008d85) c.sub   a1, s1
core   0: 3 0x80009c46 (0x8d85) x11 0x00000040
core   0: 0x80009c48 (0x00000001) c.nop
core   0: 3 0x80009c48 (0x0001)
core   0: 0x80009c4a (0xb564a313) slti    t1, s1, -1194
core   0: 3 0x80009c4a (0xb564a313) x6  0x00000000
core   0: 0x80009c4e (0xf7f74313) xori    t1, a4, -129
core   0: 3 0x80009c4e (0xf7f74313) x6  0xffffff7b
core   0: 0x80009c52 (0xd2357393) andi    t2, a0, -733
core   0: 3 0x80009c52 (0xd2357393) x7  0x8003fc00
core   0: 0x80009c56 (0x00000001) c.nop
core   0: 3 0x80009c56 (0x0001)
core   0: 0x80009c58 (0x00008371) c.srli  a4, 28
core   0: 3 0x80009c58 (0x8371) x14 0x00000000
core   0: 0x80009c5a (0x0000e781) c.bnez  a5, pc + 8
core   0: 3 0x80009c5a (0xe781)
core   0: 0x80009c5c (0x009936b3) sltu    a3, s2, s1
core   0: 3 0x80009c5c (0x009936b3) x13 0x00000001
core   0: 0x80009c60 (0x00000001) c.nop
core   0: 3 0x80009c60 (0x0001)
core   0: 0x80009c62 (0x00008d6d) c.and   a0, a1
core   0: 3 0x80009c62 (0x8d6d) x10 0x00000000
core   0: 0x80009c64 (0x0095f533) and     a0, a1, s1
core   0: 3 0x80009c64 (0x0095f533) x10 0x00000040
core   0: 0x80009c68 (0x00dc1263) bne     s8, a3, pc + 4
core   0: 3 0x80009c68 (0x00dc1263)
core   0: 0x80009c6c (0x021d33b3) mulhu   t2, s10, ra
core   0: 3 0x80009c6c (0x021d33b3) x7  0x8049fd58
core   0: 0x80009c70 (0x0005ba33) sltu    s4, a1, zero
core   0: 3 0x80009c70 (0x0005ba33) x20 0x00000000
core   0: 0x80009c74 (0x411c8e33) sub     t3, s9, a7
core   0: 3 0x80009c74 (0x411c8e33) x28 0x80016d67
core   0: 0x80009c78 (0x00000001) c.nop
core   0: 3 0x80009c78 (0x0001)
core   0: 0x80009c7a (0x00008fdd) c.or    a5, a5
core   0: 3 0x80009c7a (0x8fdd) x15 0x00000000
core   0: 0x80009c7c (0x00008e9d) c.sub   a3, a5
core   0: 3 0x80009c7c (0x8e9d) x13 0x00000001
core   0: 0x80009c7e (0x00008559) c.srai  a0, 22
core   0: 3 0x80009c7e (0x8559) x10 0x00000000
core   0: 0x80009c80 (0x0000ef89) c.bnez  a5, pc + 26
core   0: 3 0x80009c80 (0xef89)
core   0: 0x80009c82 (0x00987633) and     a2, a6, s1
core   0: 3 0x80009c82 (0x00987633) x12 0x0014e900
core   0: 0x80009c86 (0x00f91663) bne     s2, a5, pc + 12
core   0: 3 0x80009c86 (0x00f91663)
core   0: 0x80009c8a (0x030754b3) divu    s1, a4, a6
core   0: 3 0x80009c8a (0x030754b3) x9  0x00000000
core   0: 0x80009c8e (0x000059fd) c.li    s3, -1
core   0: 3 0x80009c8e (0x59fd) x19 0xffffffff
core   0: 0x80009c90 (0x00000211) c.addi  tp, 4
core   0: 3 0x80009c90 (0x0211) x4  0x00000004
core   0: 0x80009c92 (0x00000001) c.nop
core   0: 3 0x80009c92 (0x0001)
core   0: 0x80009c94 (0x00008455) c.srai  s0, 21
core   0: 3 0x80009c94 (0x8455) x8  0x00000000
core   0: 0x80009c96 (0x031dcfb3) div     t6, s11, a7
core   0: 3 0x80009c96 (0x031dcfb3) x31 0xffff9437
core   0: 0x80009c9a (0x8ad0a697) auipc   a3, 0x8ad0a
core   0: 3 0x80009c9a (0x8ad0a697) x13 0x0ad13c9a
core   0: 0x80009c9e (0x00009a7d) c.andi  a2, -1
core   0: 3 0x80009c9e (0x9a7d) x12 0x0014e900
core   0: 0x80009ca0 (0x0000815a) c.mv    sp, s6
core   0: 3 0x80009ca0 (0x815a) x2  0x00000000
core   0: 0x80009ca2 (0x02bbebb3) rem     s7, s7, a1
core   0: 3 0x80009ca2 (0x02bbebb3) x23 0x00000000
core   0: 0x80009ca6 (0x05293893) sltiu   a7, s2, 82
core   0: 3 0x80009ca6 (0x05293893) x17 0x00000001
core   0: 0x80009caa (0x03f06733) rem     a4, zero, t6
core   0: 3 0x80009caa (0x03f06733) x14 0x00000000
core   0: 0x80009cae (0x000040f9) c.li    ra, 30
core   0: 3 0x80009cae (0x40f9) x1  0x0000001e
core   0: 0x80009cb0 (0x01d75c13) srli    s8, a4, 29
core   0: 3 0x80009cb0 (0x01d75c13) x24 0x00000000
core   0: 0x80009cb4 (0x1954a413) slti    s0, s1, 405
core   0: 3 0x80009cb4 (0x1954a413) x8  0x00000001
core   0: 0x80009cb8 (0xb9ad9537) lui     a0, 0xb9ad9
core   0: 3 0x80009cb8 (0xb9ad9537) x10 0xb9ad9000
core   0: 0x80009cbc (0x000096fa) c.add   a3, t5
core   0: 3 0x80009cbc (0x96fa) x13 0x8ad3d9be
core   0: 0x80009cbe (0x0000717d) c.addi16sp sp, -16
core   0: 3 0x80009cbe (0x717d) x2  0xfffffff0
core   0: 0x80009cc0 (0x29b36713) ori     a4, t1, 667
core   0: 3 0x80009cc0 (0x29b36713) x14 0xfffffffb
core   0: 0x80009cc4 (0x01a0d833) srl     a6, ra, s10
core   0: 3 0x80009cc4 (0x01a0d833) x16 0x00000000
core   0: 0x80009cc8 (0x2c1e6a17) auipc   s4, 0x2c1e6
core   0: 3 0x80009cc8 (0x2c1e6a17) x20 0xac1efcc8
core   0: 0x80009ccc (0x404f07b3) sub     a5, t5, tp
core   0: 3 0x80009ccc (0x404f07b3) x15 0x80029d20
core   0: 0x80009cd0 (0x0158ac33) slt     s8, a7, s5
core   0: 3 0x80009cd0 (0x0158ac33) x24 0x00000001
core   0: 0x80009cd4 (0x013d34b3) sltu    s1, s10, s3
core   0: 3 0x80009cd4 (0x013d34b3) x9  0x00000001
core   0: 0x80009cd8 (0x02ce7463) bgeu    t3, a2, pc + 40
core   0: 3 0x80009cd8 (0x02ce7463)
core   0: 0x80009d00 (0x20a1f593) andi    a1, gp, 522
core   0: 3 0x80009d00 (0x20a1f593) x11 0x0000020a
core   0: 0x80009d04 (0x036bc433) div     s0, s7, s6
core   0: 3 0x80009d04 (0x036bc433) x8  0xffffffff
core   0: 0x80009d08 (0x53f3b237) lui     tp, 0x53f3b
core   0: 3 0x80009d08 (0x53f3b237) x4  0x53f3b000
core   0: 0x80009d0c (0x00b63733) sltu    a4, a2, a1
core   0: 3 0x80009d0c (0x00b63733) x14 0x00000000
core   0: 0x80009d10 (0x0000c119) c.beqz  a0, pc + 6
core   0: 3 0x80009d10 (0xc119)
core   0: 0x80009d12 (0x018e35b3) sltu    a1, t3, s8
core   0: 3 0x80009d12 (0x018e35b3) x11 0x00000000
core   0: 0x80009d16 (0x5610e437) lui     s0, 0x5610e
core   0: 3 0x80009d16 (0x5610e437) x8  0x5610e000
core   0: 0x80009d1a (0x00008ead) c.xor   a3, a1
core   0: 3 0x80009d1a (0x8ead) x13 0x8ad3d9be
core   0: 0x80009d1c (0x0000717d) c.addi16sp sp, -16
core   0: 3 0x80009d1c (0x717d) x2  0xffffffe0
core   0: 0x80009d1e (0x78d08393) addi    t2, ra, 1933
core   0: 3 0x80009d1e (0x78d08393) x7  0x000007ab
core   0: 0x80009d22 (0x025bf1b3) remu    gp, s7, t0
core   0: 3 0x80009d22 (0x025bf1b3) x3  0x00000000
core   0: 0x80009d26 (0x00008c89) c.sub   s1, a0
core   0: 3 0x80009d26 (0x8c89) x9  0x46527001
core   0: 0x80009d28 (0x01859613) slli    a2, a1, 24
core   0: 3 0x80009d28 (0x01859613) x12 0x00000000
core   0: 0x80009d2c (0x41fcd8b3) sra     a7, s9, t6
core   0: 3 0x80009d2c (0x41fcd8b3) x17 0xffffff00
core   0: 0x80009d30 (0x08e3f793) andi    a5, t2, 142
core   0: 3 0x80009d30 (0x08e3f793) x15 0x0000008a
core   0: 0x80009d34 (0x82ddb013) sltiu   zero, s11, -2003
core   0: 3 0x80009d34 (0x82ddb013)
core   0: 0x80009d38 (0x01944b63) blt     s0, s9, pc + 22
core   0: 3 0x80009d38 (0x01944b63)
core   0: 0x80009d3c (0x00006139) c.addi16sp sp, 448
core   0: 3 0x80009d3c (0x6139) x2  0x000001a0
core   0: 0x80009d3e (0x0000955a) c.add   a0, s6
core   0: 3 0x80009d3e (0x955a) x10 0xb9ad9000
core   0: 0x80009d40 (0x40885e33) sra     t3, a6, s0
core   0: 3 0x80009d40 (0x40885e33) x28 0x00000000
core   0: 0x80009d44 (0x000f0763) beqz    t5, pc + 14
core   0: 3 0x80009d44 (0x000f0763)
core   0: 0x80009d48 (0x014fe533) or      a0, t6, s4
core   0: 3 0x80009d48 (0x014fe533) x10 0xfffffcff
core   0: 0x80009d4c (0x0000157d) c.addi  a0, -1
core   0: 3 0x80009d4c (0x157d) x10 0xfffffcfe
core   0: 0x80009d4e (0x41ca0233) sub     tp, s4, t3
core   0: 3 0x80009d4e (0x41ca0233) x4  0xac1efcc8
core   0: 0x80009d52 (0x03f9b733) mulhu   a4, s3, t6
core   0: 3 0x80009d52 (0x03f9b733) x14 0xffff9436
core   0: 0x80009d56 (0x00009872) c.add   a6, t3
core   0: 3 0x80009d56 (0x9872) x16 0x00000000
core   0: 0x80009d58 (0x17e3ad93) slti    s11, t2, 382
core   0: 3 0x80009d58 (0x17e3ad93) x27 0x00000000
core   0: 0x80009d5c (0x036d1633) mulh    a2, s10, s6
core   0: 3 0x80009d5c (0x036d1633) x12 0x00000000
core   0: 0x80009d60 (0x02f5cd63) blt     a1, a5, pc + 58
core   0: 3 0x80009d60 (0x02f5cd63)
core   0: 0x80009d9a (0x006df9b3) and     s3, s11, t1
core   0: 3 0x80009d9a (0x006df9b3) x19 0x00000000
core   0: 0x80009d9e (0x05dd7263) bgeu    s10, t4, pc + 68
core   0: 3 0x80009d9e (0x05dd7263)
core   0: 0x80009de2 (0x014b9663) bne     s7, s4, pc + 12
core   0: 3 0x80009de2 (0x014b9663)
core   0: 0x80009dee (0x3943d5b7) lui     a1, 0x3943d
core   0: 3 0x80009dee (0x3943d5b7) x11 0x3943d000
core   0: 0x80009df2 (0x0226e2b3) rem     t0, a3, sp
core   0: 3 0x80009df2 (0x0226e2b3) x5  0xffffff9e
core   0: 0x80009df6 (0x03043d33) mulhu   s10, s0, a6
core   0: 3 0x80009df6 (0x03043d33) x26 0x00000000
core   0: 0x80009dfa (0x00008b5a) c.mv    s6, s6
core   0: 3 0x80009dfa (0x8b5a) x22 0x00000000
core   0: 0x80009dfc (0x02639563) bne     t2, t1, pc + 42
core   0: 3 0x80009dfc (0x02639563)
core   0: 0x80009e26 (0x03663bb3) mulhu   s7, a2, s6
core   0: 3 0x80009e26 (0x03663bb3) x23 0x00000000
core   0: 0x80009e2a (0x41a489b3) sub     s3, s1, s10
core   0: 3 0x80009e2a (0x41a489b3) x19 0x46527001
core   0: 0x80009e2e (0x00008cd1) c.or    s1, a2
core   0: 3 0x80009e2e (0x8cd1) x9  0x46527001
core   0: 0x80009e30 (0x02901d33) mulh    s10, zero, s1
core   0: 3 0x80009e30 (0x02901d33) x26 0x00000000
core   0: 0x80009e34 (0x03bf2db3) mulhsu  s11, t5, s11
core   0: 3 0x80009e34 (0x03bf2db3) x27 0x00000000
core   0: 0x80009e38 (0x000062d5) c.lui   t0, 0x15
core   0: 3 0x80009e38 (0x62d5) x5  0x00015000
core   0: 0x80009e3a (0x00391463) bne     s2, gp, pc + 8
core   0: 3 0x80009e3a (0x00391463)
core   0: 0x80009e3e (0x00008179) c.srli  a0, 30
core   0: 3 0x80009e3e (0x8179) x10 0x00000003
core   0: 0x80009e40 (0x0000e491) c.bnez  s1, pc + 12
core   0: 3 0x80009e40 (0xe491)
core   0: 0x80009e4c (0x0000ef89) c.bnez  a5, pc + 26
core   0: 3 0x80009e4c (0xef89)
core   0: 0x80009e66 (0x038668b3) rem     a7, a2, s8
core   0: 3 0x80009e66 (0x038668b3) x17 0x00000000
core   0: 0x80009e6a (0x2a2aa213) slti    tp, s5, 674
core   0: 3 0x80009e6a (0x2a2aa213) x4  0x00000001
core   0: 0x80009e6e (0x00008e45) c.or    a2, s1
core   0: 3 0x80009e6e (0x8e45) x12 0x46527001
core   0: 0x80009e70 (0x0155f733) and     a4, a1, s5
core   0: 3 0x80009e70 (0x0155f733) x14 0x00000000
core   0: 0x80009e74 (0x000002c6) c.slli  t0, 17
core   0: 3 0x80009e74 (0x02c6) x5  0xa0000000
core   0: 0x80009e76 (0xed6b0393) addi    t2, s6, -298
core   0: 3 0x80009e76 (0xed6b0393) x7  0xfffffed6
core   0: 0x80009e7a (0x0000889e) c.mv    a7, t2
core   0: 3 0x80009e7a (0x889e) x17 0xfffffed6
core   0: 0x80009e7c (0x00009b4e) c.add   s6, s3
core   0: 3 0x80009e7c (0x9b4e) x22 0x46527001
core   0: 0x80009e7e (0x00cdd313) srli    t1, s11, 12
core   0: 3 0x80009e7e (0x00cdd313) x6  0x00000000
core   0: 0x80009e82 (0x00008dc1) c.or    a1, s0
core   0: 3 0x80009e82 (0x8dc1) x11 0x7f53f000
core   0: 0x80009e84 (0x010de5b3) or      a1, s11, a6
core   0: 3 0x80009e84 (0x010de5b3) x11 0x00000000
core   0: 0x80009e88 (0x01362733) slt     a4, a2, s3
core   0: 3 0x80009e88 (0x01362733) x14 0x00000000
core   0: 0x80009e8c (0x000059fd) c.li    s3, -1
core   0: 3 0x80009e8c (0x59fd) x19 0xffffffff
core   0: 0x80009e8e (0x00001ffd) c.addi  t6, -1
core   0: 3 0x80009e8e (0x1ffd) x31 0xffff9436
core   0: 0x80009e90 (0x40005633) sra     a2, zero, zero
core   0: 3 0x80009e90 (0x40005633) x12 0x00000000
core   0: 0x80009e94 (0x00008eb1) c.xor   a3, a2
core   0: 3 0x80009e94 (0x8eb1) x13 0x8ad3d9be
core   0: 0x80009e96 (0x010238b3) sltu    a7, tp, a6
core   0: 3 0x80009e96 (0x010238b3) x17 0x00000000
core   0: 0x80009e9a (0x403bd993) srai    s3, s7, 3
core   0: 3 0x80009e9a (0x403bd993) x19 0x00000000
core   0: 0x80009e9e (0x07123393) sltiu   t2, tp, 113
core   0: 3 0x80009e9e (0x07123393) x7  0x00000001
core   0: 0x80009ea2 (0x7883a793) slti    a5, t2, 1928
core   0: 3 0x80009ea2 (0x7883a793) x15 0x00000001
core   0: 0x80009ea6 (0x01be4033) xor     zero, t3, s11
core   0: 3 0x80009ea6 (0x01be4033)
core   0: 0x80009eaa (0x00000001) c.nop
core   0: 3 0x80009eaa (0x0001)
core   0: 0x80009eac (0x031e73b3) remu    t2, t3, a7
core   0: 3 0x80009eac (0x031e73b3) x7  0x00000000
core   0: 0x80009eb0 (0x03ce86b3) mul     a3, t4, t3
core   0: 3 0x80009eb0 (0x03ce86b3) x13 0x00000000
core   0: 0x80009eb4 (0x0000e311) c.bnez  a4, pc + 4
core   0: 3 0x80009eb4 (0xe311)
core   0: 0x80009eb6 (0x000082cd) c.srli  a3, 19
core   0: 3 0x80009eb6 (0x82cd) x13 0x00000000
core   0: 0x80009eb8 (0x00000001) c.nop
core   0: 3 0x80009eb8 (0x0001)
core   0: 0x80009eba (0x003b9a33) sll     s4, s7, gp
core   0: 3 0x80009eba (0x003b9a33) x20 0x00000000
core   0: 0x80009ebe (0x02221763) bne     tp, sp, pc + 46
core   0: 3 0x80009ebe (0x02221763)
core   0: 0x80009eec (0x00009a7d) c.andi  a2, -1
core   0: 3 0x80009eec (0x9a7d) x12 0x00000000
core   0: 0x80009eee (0x00000001) c.nop
core   0: 3 0x80009eee (0x0001)
core   0: 0x80009ef0 (0x00008c71) c.and   s0, a2
core   0: 3 0x80009ef0 (0x8c71) x8  0x00000000
core   0: 0x80009ef2 (0x0000939a) c.add   t2, t1
core   0: 3 0x80009ef2 (0x939a) x7  0x00000000
core   0: 0x80009ef4 (0x0a34e163) bltu    s1, gp, pc + 162
core   0: 3 0x80009ef4 (0x0a34e163)
core   0: 0x80009ef8 (0x00006a11) c.lui   s4, 0x4
core   0: 3 0x80009ef8 (0x6a11) x20 0x00004000
core   0: 0x80009efa (0x00000001) c.nop
core   0: 3 0x80009efa (0x0001)
core   0: 0x80009efc (0x00c75db3) srl     s11, a4, a2
core   0: 3 0x80009efc (0x00c75db3) x27 0x00000000
core   0: 0x80009f00 (0x00009532) c.add   a0, a2
core   0: 3 0x80009f00 (0x9532) x10 0x00000003
core   0: 0x80009f02 (0x00007917) auipc   s2, 0x7
core   0: 3 0x80009f02 (0x00007917) x18 0x80010f02
core   0: 0x80009f06 (0xb8190913) addi    s2, s2, -1151
core   0: 3 0x80009f06 (0xb8190913) x18 0x80010a83
core   0: 0x80009f0a (0xffd909a3) sb      t4, -13(s2)
core   0: 3 0x80009f0a (0xffd909a3) mem 0x80010a76 0x90
core   0: 0x80009f0e (0xff394b83) lbu     s7, -13(s2)
core   0: 3 0x80009f0e (0xff394b83) x23 0x00000090 mem 0x80010a76
core   0: 0x80009f12 (0xffb919a3) sh      s11, -13(s2)
core   0: 3 0x80009f12 (0xffb919a3) mem 0x80010a76 0x0000
core   0: 0x80009f16 (0x01094a03) lbu     s4, 16(s2)
core   0: 3 0x80009f16 (0x01094a03) x20 0x00000000 mem 0x80010a93
core   0: 0x80009f1a (0xffb94f83) lbu     t6, -5(s2)
core   0: 3 0x80009f1a (0xffb94f83) x31 0x00000000 mem 0x80010a7e
core   0: 0x80009f1e (0xfe491da3) sh      tp, -5(s2)
core   0: 3 0x80009f1e (0xfe491da3) mem 0x80010a7e 0x0001
core   0: 0x80009f22 (0xffc94503) lbu     a0, -4(s2)
core   0: 3 0x80009f22 (0xffc94503) x10 0x00000000 mem 0x80010a7f
core   0: 0x80009f26 (0xffc94b03) lbu     s6, -4(s2)
core   0: 3 0x80009f26 (0xffc94b03) x22 0x00000000 mem 0x80010a7f
core   0: 0x80009f2a (0xffc90b03) lb      s6, -4(s2)
core   0: 3 0x80009f2a (0xffc90b03) x22 0x00000000 mem 0x80010a7f
core   0: 0x80009f2e (0xfe292aa3) sw      sp, -11(s2)
core   0: 3 0x80009f2e (0xfe292aa3) mem 0x80010a78 0x000001a0
core   0: 0x80009f32 (0x002712b3) sll     t0, a4, sp
core   0: 3 0x80009f32 (0x002712b3) x5  0x00000000
core   0: 0x80009f36 (0x00494b03) lbu     s6, 4(s2)
core   0: 3 0x80009f36 (0x00494b03) x22 0x00000000 mem 0x80010a87
core   0: 0x80009f3a (0x01d90223) sb      t4, 4(s2)
core   0: 3 0x80009f3a (0x01d90223) mem 0x80010a87 0x90
core   0: 0x80009f3e (0x41dbd493) srai    s1, s7, 29
core   0: 3 0x80009f3e (0x41dbd493) x9  0x00000000
core   0: 0x80009f42 (0x00a90a03) lb      s4, 10(s2)
core   0: 3 0x80009f42 (0x00a90a03) x20 0x00000000 mem 0x80010a8d
core   0: 0x80009f46 (0x01094b83) lbu     s7, 16(s2)
core   0: 3 0x80009f46 (0x01094b83) x23 0x00000000 mem 0x80010a93
core   0: 0x80009f4a (0x00d90823) sb      a3, 16(s2)
core   0: 3 0x80009f4a (0x00d90823) mem 0x80010a93 0x00
core   0: 0x80009f4e (0x01090883) lb      a7, 16(s2)
core   0: 3 0x80009f4e (0x01090883) x17 0x00000000 mem 0x80010a93
core   0: 0x80009f52 (0x00a90503) lb      a0, 10(s2)
core   0: 3 0x80009f52 (0x00a90503) x10 0x00000000 mem 0x80010a8d
core   0: 0x80009f56 (0x00008dd1) c.or    a1, a2
core   0: 3 0x80009f56 (0x8dd1) x11 0x00000000
core   0: 0x80009f58 (0x00894c03) lbu     s8, 8(s2)
core   0: 3 0x80009f58 (0x00894c03) x24 0x00000000 mem 0x80010a8b
core   0: 0x80009f5c (0xffc94503) lbu     a0, -4(s2)
core   0: 3 0x80009f5c (0xffc94503) x10 0x00000000 mem 0x80010a7f
core   0: 0x80009f60 (0xffc90983) lb      s3, -4(s2)
core   0: 3 0x80009f60 (0xffc90983) x19 0x00000000 mem 0x80010a7f
core   0: 0x80009f64 (0x000098fd) c.andi  s1, -1
core   0: 3 0x80009f64 (0x98fd) x9  0x00000000
core   0: 0x80009f66 (0x03b7bd33) mulhu   s10, a5, s11
core   0: 3 0x80009f66 (0x03b7bd33) x26 0x00000000
core   0: 0x80009f6a (0x00000bce) c.slli  s7, 19
core   0: 3 0x80009f6a (0x0bce) x23 0x00000000
core   0: 0x80009f6c (0x023be963) bltu    s7, gp, pc + 50
core   0: 3 0x80009f6c (0x023be963)
core   0: 0x80009f70 (0x0000517d) c.li    sp, -1
core   0: 3 0x80009f70 (0x517d) x2  0xffffffff
core   0: 0x80009f72 (0x02396733) rem     a4, s2, gp
core   0: 3 0x80009f72 (0x02396733) x14 0x80010a83
core   0: 0x80009f76 (0x02c34063) blt     t1, a2, pc + 32
core   0: 3 0x80009f76 (0x02c34063)
core   0: 0x80009f7a (0x03651133) mulh    sp, a0, s6
core   0: 3 0x80009f7a (0x03651133) x2  0x00000000
core   0: 0x80009f7e (0x1d4d4093) xori    ra, s10, 468
core   0: 3 0x80009f7e (0x1d4d4093) x1  0x000001d4
core   0: 0x80009f82 (0xbe096bb7) lui     s7, 0xbe096
core   0: 3 0x80009f82 (0xbe096bb7) x23 0xbe096000
core   0: 0x80009f86 (0xc7987c13) andi    s8, a6, -903
core   0: 3 0x80009f86 (0xc7987c13) x24 0x00000000
core   0: 0x80009f8a (0x015df433) and     s0, s11, s5
core   0: 3 0x80009f8a (0x015df433) x8  0x00000000
core   0: 0x80009f8e (0x02621d63) bne     tp, t1, pc + 58
core   0: 3 0x80009f8e (0x02621d63)
core   0: 0x80009fc8 (0x02c59133) mulh    sp, a1, a2
core   0: 3 0x80009fc8 (0x02c59133) x2  0x00000000
core   0: 0x80009fcc (0x0000527d) c.li    tp, -1
core   0: 3 0x80009fcc (0x527d) x4  0xffffffff
core   0: 0x80009fce (0x44a0df97) auipc   t6, 0x44a0d
core   0: 3 0x80009fce (0x44a0df97) x31 0xc4a16fce
core   0: 0x80009fd2 (0x00fa6d33) or      s10, s4, a5
core   0: 3 0x80009fd2 (0x00fa6d33) x26 0x00000001
core   0: 0x80009fd6 (0x00004c19) c.li    s8, 6
core   0: 3 0x80009fd6 (0x4c19) x24 0x00000006
core   0: 0x80009fd8 (0x000052fd) c.li    t0, -1
core   0: 3 0x80009fd8 (0x52fd) x5  0xffffffff
core   0: 0x80009fda (0x4b474e37) lui     t3, 0x4b474
core   0: 3 0x80009fda (0x4b474e37) x28 0x4b474000
core   0: 0x80009fde (0x34373c93) sltiu   s9, a4, 835
core   0: 3 0x80009fde (0x34373c93) x25 0x00000000
core   0: 0x80009fe2 (0x00001c7d) c.addi  s8, -1
core   0: 3 0x80009fe2 (0x1c7d) x24 0x00000005
core   0: 0x80009fe4 (0x4131d313) srai    t1, gp, 19
core   0: 3 0x80009fe4 (0x4131d313) x6  0x00000000
core   0: 0x80009fe8 (0x00008dd9) c.or    a1, a4
core   0: 3 0x80009fe8 (0x8dd9) x11 0x80010a83
core   0: 0x80009fea (0x00004725) c.li    a4, 9
core   0: 3 0x80009fea (0x4725) x14 0x00000009
core   0: 0x80009fec (0x000055fd) c.li    a1, -1
core   0: 3 0x80009fec (0x55fd) x11 0xffffffff
core   0: 0x80009fee (0x408a5133) sra     sp, s4, s0
core   0: 3 0x80009fee (0x408a5133) x2  0x00000000
core   0: 0x80009ff2 (0x000049b9) c.li    s3, 14
core   0: 3 0x80009ff2 (0x49b9) x19 0x0000000e
core   0: 0x80009ff4 (0x027af233) remu    tp, s5, t2
core   0: 3 0x80009ff4 (0x027af233) x4  0x00000008
core   0: 0x80009ff8 (0x00008fe5) c.and   a5, s1
core   0: 3 0x80009ff8 (0x8fe5) x15 0x00000000
core   0: 0x80009ffa (0x0000071d) c.addi  a4, 7
core   0: 3 0x80009ffa (0x071d) x14 0x00000010
core   0: 0x80009ffc (0xff376ce3) bltu    a4, s3, pc - 8
core   0: 3 0x80009ffc (0xff376ce3)
core   0: 0x8000a000 (0x027395b3) mulh    a1, t2, t2
core   0: 3 0x8000a000 (0x027395b3) x11 0x00000000
core   0: 0x8000a004 (0xfc5c1de3) bne     s8, t0, pc - 38
core   0: 3 0x8000a004 (0xfc5c1de3)
core   0: 0x80009fde (0x34373c93) sltiu   s9, a4, 835
core   0: 3 0x80009fde (0x34373c93) x25 0x00000001
core   0: 0x80009fe2 (0x00001c7d) c.addi  s8, -1
core   0: 3 0x80009fe2 (0x1c7d) x24 0x00000004
core   0: 0x80009fe4 (0x4131d313) srai    t1, gp, 19
core   0: 3 0x80009fe4 (0x4131d313) x6  0x00000000
core   0: 0x80009fe8 (0x00008dd9) c.or    a1, a4
core   0: 3 0x80009fe8 (0x8dd9) x11 0x00000010
core   0: 0x80009fea (0x00004725) c.li    a4, 9
core   0: 3 0x80009fea (0x4725) x14 0x00000009
core   0: 0x80009fec (0x000055fd) c.li    a1, -1
core   0: 3 0x80009fec (0x55fd) x11 0xffffffff
core   0: 0x80009fee (0x408a5133) sra     sp, s4, s0
core   0: 3 0x80009fee (0x408a5133) x2  0x00000000
core   0: 0x80009ff2 (0x000049b9) c.li    s3, 14
core   0: 3 0x80009ff2 (0x49b9) x19 0x0000000e
core   0: 0x80009ff4 (0x027af233) remu    tp, s5, t2
core   0: 3 0x80009ff4 (0x027af233) x4  0x00000008
core   0: 0x80009ff8 (0x00008fe5) c.and   a5, s1
core   0: 3 0x80009ff8 (0x8fe5) x15 0x00000000
core   0: 0x80009ffa (0x0000071d) c.addi  a4, 7
core   0: 3 0x80009ffa (0x071d) x14 0x00000010
core   0: 0x80009ffc (0xff376ce3) bltu    a4, s3, pc - 8
core   0: 3 0x80009ffc (0xff376ce3)
core   0: 0x8000a000 (0x027395b3) mulh    a1, t2, t2
core   0: 3 0x8000a000 (0x027395b3) x11 0x00000000
core   0: 0x8000a004 (0xfc5c1de3) bne     s8, t0, pc - 38
core   0: 3 0x8000a004 (0xfc5c1de3)
core   0: 0x80009fde (0x34373c93) sltiu   s9, a4, 835
core   0: 3 0x80009fde (0x34373c93) x25 0x00000001
core   0: 0x80009fe2 (0x00001c7d) c.addi  s8, -1
core   0: 3 0x80009fe2 (0x1c7d) x24 0x00000003
core   0: 0x80009fe4 (0x4131d313) srai    t1, gp, 19
core   0: 3 0x80009fe4 (0x4131d313) x6  0x00000000
core   0: 0x80009fe8 (0x00008dd9) c.or    a1, a4
core   0: 3 0x80009fe8 (0x8dd9) x11 0x00000010
core   0: 0x80009fea (0x00004725) c.li    a4, 9
core   0: 3 0x80009fea (0x4725) x14 0x00000009
core   0: 0x80009fec (0x000055fd) c.li    a1, -1
core   0: 3 0x80009fec (0x55fd) x11 0xffffffff
core   0: 0x80009fee (0x408a5133) sra     sp, s4, s0
core   0: 3 0x80009fee (0x408a5133) x2  0x00000000
core   0: 0x80009ff2 (0x000049b9) c.li    s3, 14
core   0: 3 0x80009ff2 (0x49b9) x19 0x0000000e
core   0: 0x80009ff4 (0x027af233) remu    tp, s5, t2
core   0: 3 0x80009ff4 (0x027af233) x4  0x00000008
core   0: 0x80009ff8 (0x00008fe5) c.and   a5, s1
core   0: 3 0x80009ff8 (0x8fe5) x15 0x00000000
core   0: 0x80009ffa (0x0000071d) c.addi  a4, 7
core   0: 3 0x80009ffa (0x071d) x14 0x00000010
core   0: 0x80009ffc (0xff376ce3) bltu    a4, s3, pc - 8
core   0: 3 0x80009ffc (0xff376ce3)
core   0: 0x8000a000 (0x027395b3) mulh    a1, t2, t2
core   0: 3 0x8000a000 (0x027395b3) x11 0x00000000
core   0: 0x8000a004 (0xfc5c1de3) bne     s8, t0, pc - 38
core   0: 3 0x8000a004 (0xfc5c1de3)
core   0: 0x80009fde (0x34373c93) sltiu   s9, a4, 835
core   0: 3 0x80009fde (0x34373c93) x25 0x00000001
core   0: 0x80009fe2 (0x00001c7d) c.addi  s8, -1
core   0: 3 0x80009fe2 (0x1c7d) x24 0x00000002
core   0: 0x80009fe4 (0x4131d313) srai    t1, gp, 19
core   0: 3 0x80009fe4 (0x4131d313) x6  0x00000000
core   0: 0x80009fe8 (0x00008dd9) c.or    a1, a4
core   0: 3 0x80009fe8 (0x8dd9) x11 0x00000010
core   0: 0x80009fea (0x00004725) c.li    a4, 9
core   0: 3 0x80009fea (0x4725) x14 0x00000009
core   0: 0x80009fec (0x000055fd) c.li    a1, -1
core   0: 3 0x80009fec (0x55fd) x11 0xffffffff
core   0: 0x80009fee (0x408a5133) sra     sp, s4, s0
core   0: 3 0x80009fee (0x408a5133) x2  0x00000000
core   0: 0x80009ff2 (0x000049b9) c.li    s3, 14
core   0: 3 0x80009ff2 (0x49b9) x19 0x0000000e
core   0: 0x80009ff4 (0x027af233) remu    tp, s5, t2
core   0: 3 0x80009ff4 (0x027af233) x4  0x00000008
core   0: 0x80009ff8 (0x00008fe5) c.and   a5, s1
core   0: 3 0x80009ff8 (0x8fe5) x15 0x00000000
core   0: 0x80009ffa (0x0000071d) c.addi  a4, 7
core   0: 3 0x80009ffa (0x071d) x14 0x00000010
core   0: 0x80009ffc (0xff376ce3) bltu    a4, s3, pc - 8
core   0: 3 0x80009ffc (0xff376ce3)
core   0: 0x8000a000 (0x027395b3) mulh    a1, t2, t2
core   0: 3 0x8000a000 (0x027395b3) x11 0x00000000
core   0: 0x8000a004 (0xfc5c1de3) bne     s8, t0, pc - 38
core   0: 3 0x8000a004 (0xfc5c1de3)
core   0: 0x80009fde (0x34373c93) sltiu   s9, a4, 835
core   0: 3 0x80009fde (0x34373c93) x25 0x00000001
core   0: 0x80009fe2 (0x00001c7d) c.addi  s8, -1
core   0: 3 0x80009fe2 (0x1c7d) x24 0x00000001
core   0: 0x80009fe4 (0x4131d313) srai    t1, gp, 19
core   0: 3 0x80009fe4 (0x4131d313) x6  0x00000000
core   0: 0x80009fe8 (0x00008dd9) c.or    a1, a4
core   0: 3 0x80009fe8 (0x8dd9) x11 0x00000010
core   0: 0x80009fea (0x00004725) c.li    a4, 9
core   0: 3 0x80009fea (0x4725) x14 0x00000009
core   0: 0x80009fec (0x000055fd) c.li    a1, -1
core   0: 3 0x80009fec (0x55fd) x11 0xffffffff
core   0: 0x80009fee (0x408a5133) sra     sp, s4, s0
core   0: 3 0x80009fee (0x408a5133) x2  0x00000000
core   0: 0x80009ff2 (0x000049b9) c.li    s3, 14
core   0: 3 0x80009ff2 (0x49b9) x19 0x0000000e
core   0: 0x80009ff4 (0x027af233) remu    tp, s5, t2
core   0: 3 0x80009ff4 (0x027af233) x4  0x00000008
core   0: 0x80009ff8 (0x00008fe5) c.and   a5, s1
core   0: 3 0x80009ff8 (0x8fe5) x15 0x00000000
core   0: 0x80009ffa (0x0000071d) c.addi  a4, 7
core   0: 3 0x80009ffa (0x071d) x14 0x00000010
core   0: 0x80009ffc (0xff376ce3) bltu    a4, s3, pc - 8
core   0: 3 0x80009ffc (0xff376ce3)
core   0: 0x8000a000 (0x027395b3) mulh    a1, t2, t2
core   0: 3 0x8000a000 (0x027395b3) x11 0x00000000
core   0: 0x8000a004 (0xfc5c1de3) bne     s8, t0, pc - 38
core   0: 3 0x8000a004 (0xfc5c1de3)
core   0: 0x80009fde (0x34373c93) sltiu   s9, a4, 835
core   0: 3 0x80009fde (0x34373c93) x25 0x00000001
core   0: 0x80009fe2 (0x00001c7d) c.addi  s8, -1
core   0: 3 0x80009fe2 (0x1c7d) x24 0x00000000
core   0: 0x80009fe4 (0x4131d313) srai    t1, gp, 19
core   0: 3 0x80009fe4 (0x4131d313) x6  0x00000000
core   0: 0x80009fe8 (0x00008dd9) c.or    a1, a4
core   0: 3 0x80009fe8 (0x8dd9) x11 0x00000010
core   0: 0x80009fea (0x00004725) c.li    a4, 9
core   0: 3 0x80009fea (0x4725) x14 0x00000009
core   0: 0x80009fec (0x000055fd) c.li    a1, -1
core   0: 3 0x80009fec (0x55fd) x11 0xffffffff
core   0: 0x80009fee (0x408a5133) sra     sp, s4, s0
core   0: 3 0x80009fee (0x408a5133) x2  0x00000000
core   0: 0x80009ff2 (0x000049b9) c.li    s3, 14
core   0: 3 0x80009ff2 (0x49b9) x19 0x0000000e
core   0: 0x80009ff4 (0x027af233) remu    tp, s5, t2
core   0: 3 0x80009ff4 (0x027af233) x4  0x00000008
core   0: 0x80009ff8 (0x00008fe5) c.and   a5, s1
core   0: 3 0x80009ff8 (0x8fe5) x15 0x00000000
core   0: 0x80009ffa (0x0000071d) c.addi  a4, 7
core   0: 3 0x80009ffa (0x071d) x14 0x00000010
core   0: 0x80009ffc (0xff376ce3) bltu    a4, s3, pc - 8
core   0: 3 0x80009ffc (0xff376ce3)
core   0: 0x8000a000 (0x027395b3) mulh    a1, t2, t2
core   0: 3 0x8000a000 (0x027395b3) x11 0x00000000
core   0: 0x8000a004 (0xfc5c1de3) bne     s8, t0, pc - 38
core   0: 3 0x8000a004 (0xfc5c1de3)
core   0: 0x80009fde (0x34373c93) sltiu   s9, a4, 835
core   0: 3 0x80009fde (0x34373c93) x25 0x00000001
core   0: 0x80009fe2 (0x00001c7d) c.addi  s8, -1
core   0: 3 0x80009fe2 (0x1c7d) x24 0xffffffff
core   0: 0x80009fe4 (0x4131d313) srai    t1, gp, 19
core   0: 3 0x80009fe4 (0x4131d313) x6  0x00000000
core   0: 0x80009fe8 (0x00008dd9) c.or    a1, a4
core   0: 3 0x80009fe8 (0x8dd9) x11 0x00000010
core   0: 0x80009fea (0x00004725) c.li    a4, 9
core   0: 3 0x80009fea (0x4725) x14 0x00000009
core   0: 0x80009fec (0x000055fd) c.li    a1, -1
core   0: 3 0x80009fec (0x55fd) x11 0xffffffff
core   0: 0x80009fee (0x408a5133) sra     sp, s4, s0
core   0: 3 0x80009fee (0x408a5133) x2  0x00000000
core   0: 0x80009ff2 (0x000049b9) c.li    s3, 14
core   0: 3 0x80009ff2 (0x49b9) x19 0x0000000e
core   0: 0x80009ff4 (0x027af233) remu    tp, s5, t2
core   0: 3 0x80009ff4 (0x027af233) x4  0x00000008
core   0: 0x80009ff8 (0x00008fe5) c.and   a5, s1
core   0: 3 0x80009ff8 (0x8fe5) x15 0x00000000
core   0: 0x80009ffa (0x0000071d) c.addi  a4, 7
core   0: 3 0x80009ffa (0x071d) x14 0x00000010
core   0: 0x80009ffc (0xff376ce3) bltu    a4, s3, pc - 8
core   0: 3 0x80009ffc (0xff376ce3)
core   0: 0x8000a000 (0x027395b3) mulh    a1, t2, t2
core   0: 3 0x8000a000 (0x027395b3) x11 0x00000000
core   0: 0x8000a004 (0xfc5c1de3) bne     s8, t0, pc - 38
core   0: 3 0x8000a004 (0xfc5c1de3)
core   0: 0x8000a008 (0xdd2db013) sltiu   zero, s11, -558
core   0: 3 0x8000a008 (0xdd2db013)
core   0: 0x8000a00c (0x00000001) c.nop
core   0: 3 0x8000a00c (0x0001)
core   0: 0x8000a00e (0x026fd5b3) divu    a1, t6, t1
core   0: 3 0x8000a00e (0x026fd5b3) x11 0xffffffff
core   0: 0x8000a012 (0x00e85413) srli    s0, a6, 14
core   0: 3 0x8000a012 (0x00e85413) x8  0x00000000
core   0: 0x8000a016 (0x00006e29) c.lui   t3, 0xa
core   0: 3 0x8000a016 (0x6e29) x28 0x0000a000
core   0: 0x8000a018 (0x04f26063) bltu    tp, a5, pc + 64
core   0: 3 0x8000a018 (0x04f26063)
core   0: 0x8000a01c (0x00008d49) c.or    a0, a0
core   0: 3 0x8000a01c (0x8d49) x10 0x00000000
core   0: 0x8000a01e (0x02a01033) mulh    zero, zero, a0
core   0: 3 0x8000a01e (0x02a01033)
core   0: 0x8000a022 (0x00000001) c.nop
core   0: 3 0x8000a022 (0x0001)
core   0: 0x8000a024 (0x03f13633) mulhu   a2, sp, t6
core   0: 3 0x8000a024 (0x03f13633) x12 0x00000000
core   0: 0x8000a028 (0x41f302b3) sub     t0, t1, t6
core   0: 3 0x8000a028 (0x41f302b3) x5  0x3b5e9032
core   0: 0x8000a02c (0x003cdc33) srl     s8, s9, gp
core   0: 3 0x8000a02c (0x003cdc33) x24 0x00000001
core   0: 0x8000a030 (0x29622193) slti    gp, tp, 662
core   0: 3 0x8000a030 (0x29622193) x3  0x00000001
core   0: 0x8000a034 (0x0273d4b3) divu    s1, t2, t2
core   0: 3 0x8000a034 (0x0273d4b3) x9  0xffffffff
core   0: 0x8000a038 (0x1ba85517) auipc   a0, 0x1ba85
core   0: 3 0x8000a038 (0x1ba85517) x10 0x9ba8f038
core   0: 0x8000a03c (0x00008b72) c.mv    s6, t3
core   0: 3 0x8000a03c (0x8b72) x22 0x0000a000
core   0: 0x8000a03e (0x0041c663) blt     gp, tp, pc + 12
core   0: 3 0x8000a03e (0x0041c663)
core   0: 0x8000a04a (0x038f6fb3) rem     t6, t5, s8
core   0: 3 0x8000a04a (0x038f6fb3) x31 0x00000000
core   0: 0x8000a04e (0x00006295) c.lui   t0, 0x5
core   0: 3 0x8000a04e (0x6295) x5  0x00005000
core   0: 0x8000a050 (0x00008dc9) c.or    a1, a0
core   0: 3 0x8000a050 (0x8dc9) x11 0xffffffff
core   0: 0x8000a052 (0x00001c08) c.addi4spn a0, sp, 560
core   0: 3 0x8000a052 (0x1c08) x10 0x00000230
core   0: 0x8000a054 (0x0000059c) c.addi4spn a5, sp, 704
core   0: 3 0x8000a054 (0x059c) x15 0x000002c0
core   0: 0x8000a056 (0x00008d21) c.xor   a0, s0
core   0: 3 0x8000a056 (0x8d21) x10 0x00000230
core   0: 0x8000a058 (0x00008cb9) c.xor   s1, a4
core   0: 3 0x8000a058 (0x8cb9) x9  0xffffffef
core   0: 0x8000a05a (0x017c1513) slli    a0, s8, 23
core   0: 3 0x8000a05a (0x017c1513) x10 0x00800000
core   0: 0x8000a05e (0x0000028e) c.slli  t0, 3
core   0: 3 0x8000a05e (0x028e) x5  0x00028000
core   0: 0x8000a060 (0x00009b7d) c.andi  a4, -1
core   0: 3 0x8000a060 (0x9b7d) x14 0x00000010
core   0: 0x8000a062 (0xa10f8313) addi    t1, t6, -1520
core   0: 3 0x8000a062 (0xa10f8313) x6  0xfffffa10
core   0: 0x8000a066 (0x0139cfb3) xor     t6, s3, s3
core   0: 3 0x8000a066 (0x0139cfb3) x31 0x00000000
core   0: 0x8000a06a (0x004f5f63) bge     t5, tp, pc + 30
core   0: 3 0x8000a06a (0x004f5f63)
core   0: 0x8000a06e (0x00337763) bgeu    t1, gp, pc + 14
core   0: 3 0x8000a06e (0x00337763)
core   0: 0x8000a07c (0x00000001) c.nop
core   0: 3 0x8000a07c (0x0001)
core   0: 0x8000a07e (0x00008d7d) c.and   a0, a5
core   0: 3 0x8000a07e (0x8d7d) x10 0x00000000
core   0: 0x8000a080 (0x00000001) c.nop
core   0: 3 0x8000a080 (0x0001)
core   0: 0x8000a082 (0x0000c021) c.beqz  s0, pc + 64
core   0: 3 0x8000a082 (0xc021)
core   0: 0x8000a0c2 (0x00008e75) c.and   a2, a3
core   0: 3 0x8000a0c2 (0x8e75) x12 0x00000000
core   0: 0x8000a0c4 (0xdf57f493) andi    s1, a5, -523
core   0: 3 0x8000a0c4 (0xdf57f493) x9  0x000000c0
core   0: 0x8000a0c8 (0x000099fd) c.andi  a1, -1
core   0: 3 0x8000a0c8 (0x99fd) x11 0xffffffff
core   0: 0x8000a0ca (0x000051fd) c.li    gp, -1
core   0: 3 0x8000a0ca (0x51fd) x3  0xffffffff
core   0: 0x8000a0cc (0x009a1b13) slli    s6, s4, 9
core   0: 3 0x8000a0cc (0x009a1b13) x22 0x00000000
core   0: 0x8000a0d0 (0x0000871e) c.mv    a4, t2
core   0: 3 0x8000a0d0 (0x871e) x14 0x00000000
core   0: 0x8000a0d2 (0x01e475b3) and     a1, s0, t5
core   0: 3 0x8000a0d2 (0x01e475b3) x11 0x00000000
core   0: 0x8000a0d6 (0x025db033) mulhu   zero, s11, t0
core   0: 3 0x8000a0d6 (0x025db033)
core   0: 0x8000a0da (0x02021433) mulh    s0, tp, zero
core   0: 3 0x8000a0da (0x02021433) x8  0x00000000
core   0: 0x8000a0de (0x01384033) xor     zero, a6, s3
core   0: 3 0x8000a0de (0x01384033)
core   0: 0x8000a0e2 (0x0119a1b3) slt     gp, s3, a7
core   0: 3 0x8000a0e2 (0x0119a1b3) x3  0x00000000
core   0: 0x8000a0e6 (0x404a0a33) sub     s4, s4, tp
core   0: 3 0x8000a0e6 (0x404a0a33) x20 0xfffffff8
core   0: 0x8000a0ea (0x00000cde) c.slli  s9, 23
core   0: 3 0x8000a0ea (0x0cde) x25 0x00800000
core   0: 0x8000a0ec (0x00008cdd) c.or    s1, a5
core   0: 3 0x8000a0ec (0x8cdd) x9  0x000002c0
core   0: 0x8000a0ee (0x9e6dec13) ori     s8, s11, -1562
core   0: 3 0x8000a0ee (0x9e6dec13) x24 0xfffff9e6
core   0: 0x8000a0f2 (0x0000997d) c.andi  a0, -1
core   0: 3 0x8000a0f2 (0x997d) x10 0x00000000
core   0: 0x8000a0f4 (0x00001c7d) c.addi  s8, -1
core   0: 3 0x8000a0f4 (0x1c7d) x24 0xfffff9e5
core   0: 0x8000a0f6 (0x18c7be13) sltiu   t3, a5, 396
core   0: 3 0x8000a0f6 (0x18c7be13) x28 0x00000000
core   0: 0x8000a0fa (0x00008d3d) c.xor   a0, a5
core   0: 3 0x8000a0fa (0x8d3d) x10 0x000002c0
core   0: 0x8000a0fc (0x00000001) c.nop
core   0: 3 0x8000a0fc (0x0001)
core   0: 0x8000a0fe (0x00008cf9) c.and   s1, a4
core   0: 3 0x8000a0fe (0x8cf9) x9  0x00000000
core   0: 0x8000a100 (0x00009776) c.add   a4, t4
core   0: 3 0x8000a100 (0x9776) x14 0x80025e90
core   0: 0x8000a102 (0x02a36733) rem     a4, t1, a0
core   0: 3 0x8000a102 (0x02a36733) x14 0xffffff90
core   0: 0x8000a106 (0x025babb3) mulhsu  s7, s7, t0
core   0: 3 0x8000a106 (0x025babb3) x23 0xffff5b17
core   0: 0x8000a10a (0x0000009d) c.addi  ra, 7
core   0: 3 0x8000a10a (0x009d) x1  0x000001db
core   0: 0x8000a10c (0x01d4c633) xor     a2, s1, t4
core   0: 3 0x8000a10c (0x01d4c633) x12 0x80025e90
core   0: 0x8000a110 (0x0000e419) c.bnez  s0, pc + 14
core   0: 3 0x8000a110 (0xe419)
core   0: 0x8000a112 (0xc4e88f93) addi    t6, a7, -946
core   0: 3 0x8000a112 (0xc4e88f93) x31 0xfffffc4e
core   0: 0x8000a116 (0x03dec333) div     t1, t4, t4
core   0: 3 0x8000a116 (0x03dec333) x6  0x00000001
core   0: 0x8000a11a (0x789f8693) addi    a3, t6, 1929
core   0: 3 0x8000a11a (0x789f8693) x13 0x000003d7
core   0: 0x8000a11e (0x4016db93) srai    s7, a3, 1
core   0: 3 0x8000a11e (0x4016db93) x23 0x000001eb
core   0: 0x8000a122 (0xf4a045b7) lui     a1, 0xf4a04
core   0: 3 0x8000a122 (0xf4a045b7) x11 0xf4a04000
core   0: 0x8000a126 (0x006077b3) and     a5, zero, t1
core   0: 3 0x8000a126 (0x006077b3) x15 0x00000000
core   0: 0x8000a12a (0x02971a33) mulh    s4, a4, s1
core   0: 3 0x8000a12a (0x02971a33) x20 0x00000000
core   0: 0x8000a12e (0x023324b3) mulhsu  s1, t1, gp
core   0: 3 0x8000a12e (0x023324b3) x9  0x00000000
core   0: 0x8000a132 (0x0059fd33) and     s10, s3, t0
core   0: 3 0x8000a132 (0x0059fd33) x26 0x00000000
core   0: 0x8000a136 (0x00008c41) c.or    s0, s0
core   0: 3 0x8000a136 (0x8c41) x8  0x00000000
core   0: 0x8000a138 (0x0118f4b3) and     s1, a7, a7
core   0: 3 0x8000a138 (0x0118f4b3) x9  0x00000000
core   0: 0x8000a13c (0x00001014) c.addi4spn a3, sp, 32
core   0: 3 0x8000a13c (0x1014) x13 0x00000020
core   0: 0x8000a13e (0x00000119) c.addi  sp, 6
core   0: 3 0x8000a13e (0x0119) x2  0x00000006
core   0: 0x8000a140 (0x23585617) auipc   a2, 0x23585
core   0: 3 0x8000a140 (0x23585617) x12 0xa358f140
core   0: 0x8000a144 (0x034a3bb3) mulhu   s7, s4, s4
core   0: 3 0x8000a144 (0x034a3bb3) x23 0x00000000
core   0: 0x8000a148 (0x00008fbd) c.xor   a5, a5
core   0: 3 0x8000a148 (0x8fbd) x15 0x00000000
core   0: 0x8000a14a (0x416c5393) srai    t2, s8, 22
core   0: 3 0x8000a14a (0x416c5393) x7  0xffffffff
core   0: 0x8000a14e (0x9e1eb737) lui     a4, 0x9e1eb
core   0: 3 0x8000a14e (0x9e1eb737) x14 0x9e1eb000
core   0: 0x8000a152 (0x008d6c63) bltu    s10, s0, pc + 24
core   0: 3 0x8000a152 (0x008d6c63)
core   0: 0x8000a156 (0x022ac9b3) div     s3, s5, sp
core   0: 3 0x8000a156 (0x022ac9b3) x19 0x00000001
core   0: 0x8000a15a (0x030d4463) blt     s10, a6, pc + 40
core   0: 3 0x8000a15a (0x030d4463)
core   0: 0x8000a15e (0x00008fed) c.and   a5, a1
core   0: 3 0x8000a15e (0x8fed) x15 0x00000000
core   0: 0x8000a160 (0x00006fb5) c.lui   t6, 0xd
core   0: 3 0x8000a160 (0x6fb5) x31 0x0000d000
core   0: 0x8000a162 (0x01635493) srli    s1, t1, 22
core   0: 3 0x8000a162 (0x01635493) x9  0x00000000
core   0: 0x8000a166 (0x00e7d6b3) srl     a3, a5, a4
core   0: 3 0x8000a166 (0x00e7d6b3) x13 0x00000000
core   0: 0x8000a16a (0x0000e319) c.bnez  a4, pc + 6
core   0: 3 0x8000a16a (0xe319)
core   0: 0x8000a170 (0x018bf3b3) and     t2, s7, s8
core   0: 3 0x8000a170 (0x018bf3b3) x7  0x00000000
core   0: 0x8000a174 (0x003c28b3) slt     a7, s8, gp
core   0: 3 0x8000a174 (0x003c28b3) x17 0x00000001
core   0: 0x8000a178 (0x01510763) beq     sp, s5, pc + 14
core   0: 3 0x8000a178 (0x01510763)
core   0: 0x8000a17c (0x00008f81) c.sub   a5, s0
core   0: 3 0x8000a17c (0x8f81) x15 0x00000000
core   0: 0x8000a17e (0x02808533) mul     a0, ra, s0
core   0: 3 0x8000a17e (0x02808533) x10 0x00000000
core   0: 0x8000a182 (0xa1ddb913) sltiu   s2, s11, -1507
core   0: 3 0x8000a182 (0xa1ddb913) x18 0x00000001
core   0: 0x8000a186 (0x41c6d0b3) sra     ra, a3, t3
core   0: 3 0x8000a186 (0x41c6d0b3) x1  0x00000000
core   0: 0x8000a18a (0x0225bb33) mulhu   s6, a1, sp
core   0: 3 0x8000a18a (0x0225bb33) x22 0x00000005
core   0: 0x8000a18e (0x012ff663) bgeu    t6, s2, pc + 12
core   0: 3 0x8000a18e (0x012ff663)
core   0: 0x8000a19a (0x00000001) c.nop
core   0: 3 0x8000a19a (0x0001)
core   0: 0x8000a19c (0xbbacaf93) slti    t6, s9, -1094
core   0: 3 0x8000a19c (0xbbacaf93) x31 0x00000000
core   0: 0x8000a1a0 (0x00008c6d) c.and   s0, a1
core   0: 3 0x8000a1a0 (0x8c6d) x8  0x00000000
core   0: 0x8000a1a2 (0x00f70233) add     tp, a4, a5
core   0: 3 0x8000a1a2 (0x00f70233) x4  0x9e1eb000
core   0: 0x8000a1a6 (0x00000e80) c.addi4spn s0, sp, 848
core   0: 3 0x8000a1a6 (0x0e80) x8  0x00000356
core   0: 0x8000a1a8 (0x00d5b3b3) sltu    t2, a1, a3
core   0: 3 0x8000a1a8 (0x00d5b3b3) x7  0x00000000
core   0: 0x8000a1ac (0x00001a7d) c.addi  s4, -1
core   0: 3 0x8000a1ac (0x1a7d) x20 0xffffffff
core   0: 0x8000a1ae (0x01ed38b3) sltu    a7, s10, t5
core   0: 3 0x8000a1ae (0x01ed38b3) x17 0x00000001
core   0: 0x8000a1b2 (0x8dbcc9b7) lui     s3, 0x8dbcc
core   0: 3 0x8000a1b2 (0x8dbcc9b7) x19 0x8dbcc000
core   0: 0x8000a1b6 (0x00cf8663) beq     t6, a2, pc + 12
core   0: 3 0x8000a1b6 (0x00cf8663)
core   0: 0x8000a1ba (0x0226b3b3) mulhu   t2, a3, sp
core   0: 3 0x8000a1ba (0x0226b3b3) x7  0x00000000
core   0: 0x8000a1be (0x50327c13) andi    s8, tp, 1283
core   0: 3 0x8000a1be (0x50327c13) x24 0x00000000
core   0: 0x8000a1c2 (0x0329acb3) mulhsu  s9, s3, s2
core   0: 3 0x8000a1c2 (0x0329acb3) x25 0xffffffff
core   0: 0x8000a1c6 (0x001359b3) srl     s3, t1, ra
core   0: 3 0x8000a1c6 (0x001359b3) x19 0x00000001
core   0: 0x8000a1ca (0x00008f39) c.xor   a4, a4
core   0: 3 0x8000a1ca (0x8f39) x14 0x00000000
core   0: 0x8000a1cc (0x02e2a5b3) mulhsu  a1, t0, a4
core   0: 3 0x8000a1cc (0x02e2a5b3) x11 0x00000000
core   0: 0x8000a1d0 (0x03ab2c33) mulhsu  s8, s6, s10
core   0: 3 0x8000a1d0 (0x03ab2c33) x24 0x00000000
core   0: 0x8000a1d4 (0x01845933) srl     s2, s0, s8
core   0: 3 0x8000a1d4 (0x01845933) x18 0x00000356
core   0: 0x8000a1d8 (0x011a0263) beq     s4, a7, pc + 4
core   0: 3 0x8000a1d8 (0x011a0263)
core   0: 0x8000a1dc (0x019e4a33) xor     s4, t3, s9
core   0: 3 0x8000a1dc (0x019e4a33) x20 0xffffffff
core   0: 0x8000a1e0 (0x01898033) add     zero, s3, s8
core   0: 3 0x8000a1e0 (0x01898033)
core   0: 0x8000a1e4 (0x00001bfd) c.addi  s7, -1
core   0: 3 0x8000a1e4 (0x1bfd) x23 0xffffffff
core   0: 0x8000a1e6 (0xc8e74293) xori    t0, a4, -882
core   0: 3 0x8000a1e6 (0xc8e74293) x5  0xfffffc8e
core   0: 0x8000a1ea (0x00008619) c.srai  a2, 6
core   0: 3 0x8000a1ea (0x8619) x12 0xfe8d63c5
core   0: 0x8000a1ec (0x03da10b3) mulh    ra, s4, t4
core   0: 3 0x8000a1ec (0x03da10b3) x1  0x00000000
core   0: 0x8000a1f0 (0x00a07733) and     a4, zero, a0
core   0: 3 0x8000a1f0 (0x00a07733) x14 0x00000000
core   0: 0x8000a1f4 (0x00008c79) c.and   s0, a4
core   0: 3 0x8000a1f4 (0x8c79) x8  0x00000000
core   0: 0x8000a1f6 (0x00856763) bltu    a0, s0, pc + 14
core   0: 3 0x8000a1f6 (0x00856763)
core   0: 0x8000a1fa (0x000084e9) c.srai  s1, 26
core   0: 3 0x8000a1fa (0x84e9) x9  0x00000000
core   0: 0x8000a1fc (0x01456663) bltu    a0, s4, pc + 12
core   0: 3 0x8000a1fc (0x01456663)
core   0: 0x8000a208 (0x00910363) beq     sp, s1, pc + 6
core   0: 3 0x8000a208 (0x00910363)
core   0: 0x8000a20c (0x0000e985) c.bnez  a1, pc + 48
core   0: 3 0x8000a20c (0xe985)
core   0: 0x8000a20e (0x00008cb1) c.xor   s1, a2
core   0: 3 0x8000a20e (0x8cb1) x9  0xfe8d63c5
core   0: 0x8000a210 (0x021c2133) mulhsu  sp, s8, ra
core   0: 3 0x8000a210 (0x021c2133) x2  0x00000000
core   0: 0x8000a214 (0x0000610d) c.addi16sp sp, 160
core   0: 3 0x8000a214 (0x610d) x2  0x000000a0
core   0: 0x8000a216 (0x00b3d133) srl     sp, t2, a1
core   0: 3 0x8000a216 (0x00b3d133) x2  0x00000000
core   0: 0x8000a21a (0x40c65193) srai    gp, a2, 12
core   0: 3 0x8000a21a (0x40c65193) x3  0xffffe8d6
core   0: 0x8000a21e (0x0000c239) c.beqz  a2, pc + 70
core   0: 3 0x8000a21e (0xc239)
core   0: 0x8000a220 (0x01ba7533) and     a0, s4, s11
core   0: 3 0x8000a220 (0x01ba7533) x10 0x00000000
core   0: 0x8000a224 (0x50192bb7) lui     s7, 0x50192
core   0: 3 0x8000a224 (0x50192bb7) x23 0x50192000
core   0: 0x8000a228 (0x4ef97593) andi    a1, s2, 1263
core   0: 3 0x8000a228 (0x4ef97593) x11 0x00000046
core   0: 0x8000a22c (0x031febb3) rem     s7, t6, a7
core   0: 3 0x8000a22c (0x031febb3) x23 0x00000000
core   0: 0x8000a230 (0xbb066737) lui     a4, 0xbb066
core   0: 3 0x8000a230 (0xbb066737) x14 0xbb066000
core   0: 0x8000a234 (0x0110cbb3) xor     s7, ra, a7
core   0: 3 0x8000a234 (0x0110cbb3) x23 0x00000001
core   0: 0x8000a238 (0xa2dcda17) auipc   s4, 0xa2dcd
core   0: 3 0x8000a238 (0xa2dcda17) x20 0x22dd7238
core   0: 0x8000a23c (0x0000e401) c.bnez  s0, pc + 8
core   0: 3 0x8000a23c (0xe401)
core   0: 0x8000a23e (0x00000001) c.nop
core   0: 3 0x8000a23e (0x0001)
core   0: 0x8000a240 (0x05351137) lui     sp, 0x5351
core   0: 3 0x8000a240 (0x05351137) x2  0x05351000
core   0: 0x8000a244 (0x00006b39) c.lui   s6, 0xe
core   0: 3 0x8000a244 (0x6b39) x22 0x0000e000
core   0: 0x8000a246 (0x6c493913) sltiu   s2, s2, 1732
core   0: 3 0x8000a246 (0x6c493913) x18 0x00000001
core   0: 0x8000a24a (0x01259c93) slli    s9, a1, 18
core   0: 3 0x8000a24a (0x01259c93) x25 0x01180000
core   0: 0x8000a24e (0x02bb12b3) mulh    t0, s6, a1
core   0: 3 0x8000a24e (0x02bb12b3) x5  0x00000000
core   0: 0x8000a252 (0x00005b7d) c.li    s6, -1
core   0: 3 0x8000a252 (0x5b7d) x22 0xffffffff
core   0: 0x8000a254 (0x022e1e33) mulh    t3, t3, sp
core   0: 3 0x8000a254 (0x022e1e33) x28 0x00000000
core   0: 0x8000a258 (0xd3a1ae13) slti    t3, gp, -710
core   0: 3 0x8000a258 (0xd3a1ae13) x28 0x00000001
core   0: 0x8000a25c (0x7624b113) sltiu   sp, s1, 1890
core   0: 3 0x8000a25c (0x7624b113) x2  0x00000000
core   0: 0x8000a260 (0x03da5133) divu    sp, s4, t4
core   0: 3 0x8000a260 (0x03da5133) x2  0x00000000
core   0: 0x8000a264 (0x00008659) c.srai  a2, 22
core   0: 3 0x8000a264 (0x8659) x12 0xfffffffa
core   0: 0x8000a266 (0x00008d35) c.xor   a0, a3
core   0: 3 0x8000a266 (0x8d35) x10 0x00000000
core   0: 0x8000a268 (0x00008e81) c.sub   a3, s0
core   0: 3 0x8000a268 (0x8e81) x13 0x00000000
core   0: 0x8000a26a (0x00160133) add     sp, a2, ra
core   0: 3 0x8000a26a (0x00160133) x2  0xfffffffa
core   0: 0x8000a26e (0x00008e52) c.mv    t3, s4
core   0: 3 0x8000a26e (0x8e52) x28 0x22dd7238
core   0: 0x8000a270 (0x04316563) bltu    sp, gp, pc + 74
core   0: 3 0x8000a270 (0x04316563)
core   0: 0x8000a274 (0x006b9493) slli    s1, s7, 6
core   0: 3 0x8000a274 (0x006b9493) x9  0x00000040
core   0: 0x8000a278 (0x1f118d13) addi    s10, gp, 497
core   0: 3 0x8000a278 (0x1f118d13) x26 0xffffeac7
core   0: 0x8000a27c (0x01d471b3) and     gp, s0, t4
core   0: 3 0x8000a27c (0x01d471b3) x3  0x00000000
core   0: 0x8000a280 (0x02c1c8b3) div     a7, gp, a2
core   0: 3 0x8000a280 (0x02c1c8b3) x17 0x00000000
core   0: 0x8000a284 (0xa1522793) slti    a5, tp, -1515
core   0: 3 0x8000a284 (0xa1522793) x15 0x00000001
core   0: 0x8000a288 (0x00008d51) c.or    a0, a2
core   0: 3 0x8000a288 (0x8d51) x10 0xfffffffa
core   0: 0x8000a28a (0x02bbec33) rem     s8, s7, a1
core   0: 3 0x8000a28a (0x02bbec33) x24 0x00000001
core   0: 0x8000a28e (0x037670b3) remu    ra, a2, s7
core   0: 3 0x8000a28e (0x037670b3) x1  0x00000000
core   0: 0x8000a292 (0x03484bb3) div     s7, a6, s4
core   0: 3 0x8000a292 (0x03484bb3) x23 0x00000000
core   0: 0x8000a296 (0x00008e89) c.sub   a3, a0
core   0: 3 0x8000a296 (0x8e89) x13 0x00000006
core   0: 0x8000a298 (0x00916533) or      a0, sp, s1
core   0: 3 0x8000a298 (0x00916533) x10 0xfffffffa
core   0: 0x8000a29c (0x01136863) bltu    t1, a7, pc + 16
core   0: 3 0x8000a29c (0x01136863)
core   0: 0x8000a2a0 (0x056d8363) beq     s11, s6, pc + 70
core   0: 3 0x8000a2a0 (0x056d8363)
core   0: 0x8000a2a4 (0x45a54913) xori    s2, a0, 1114
core   0: 3 0x8000a2a4 (0x45a54913) x18 0xfffffba0
core   0: 0x8000a2a8 (0x000b56b3) srl     a3, s6, zero
core   0: 3 0x8000a2a8 (0x000b56b3) x13 0xffffffff
core   0: 0x8000a2ac (0x00008509) c.srai  a0, 2
core   0: 3 0x8000a2ac (0x8509) x10 0xfffffffe
core   0: 0x8000a2ae (0x00ad60b3) or      ra, s10, a0
core   0: 3 0x8000a2ae (0x00ad60b3) x1  0xffffffff
core   0: 0x8000a2b2 (0x8abf8a13) addi    s4, t6, -1877
core   0: 3 0x8000a2b2 (0x8abf8a13) x20 0xfffff8ab
core   0: 0x8000a2b6 (0x41ff89b3) sub     s3, t6, t6
core   0: 3 0x8000a2b6 (0x41ff89b3) x19 0x00000000
core   0: 0x8000a2ba (0x0094b3b3) sltu    t2, s1, s1
core   0: 3 0x8000a2ba (0x0094b3b3) x7  0x00000000
core   0: 0x8000a2be (0x023325b3) mulhsu  a1, t1, gp
core   0: 3 0x8000a2be (0x023325b3) x11 0x00000000
core   0: 0x8000a2c2 (0xbefd3497) auipc   s1, 0xbefd3
core   0: 3 0x8000a2c2 (0xbefd3497) x9  0x3efdd2c2
core   0: 0x8000a2c6 (0x03bdf433) remu    s0, s11, s11
core   0: 3 0x8000a2c6 (0x03bdf433) x8  0x00000000
core   0: 0x8000a2ca (0x00009afd) c.andi  a3, -1
core   0: 3 0x8000a2ca (0x9afd) x13 0xffffffff
core   0: 0x8000a2cc (0x016f9663) bne     t6, s6, pc + 12
core   0: 3 0x8000a2cc (0x016f9663)
core   0: 0x8000a2d8 (0x000001f1) c.addi  gp, 28
core   0: 3 0x8000a2d8 (0x01f1) x3  0x0000001c
core   0: 0x8000a2da (0x008a87b3) add     a5, s5, s0
core   0: 3 0x8000a2da (0x008a87b3) x15 0x00000008
core   0: 0x8000a2de (0x01549413) slli    s0, s1, 21
core   0: 3 0x8000a2de (0x01549413) x8  0x58400000
core   0: 0x8000a2e2 (0x01bc49b3) xor     s3, s8, s11
core   0: 3 0x8000a2e2 (0x01bc49b3) x19 0x00000001
core   0: 0x8000a2e6 (0x00008495) c.srai  s1, 5
core   0: 3 0x8000a2e6 (0x8495) x9  0x01f7ee96
core   0: 0x8000a2e8 (0x41fdd733) sra     a4, s11, t6
core   0: 3 0x8000a2e8 (0x41fdd733) x14 0x00000000
core   0: 0x8000a2ec (0x00000679) c.addi  a2, 30
core   0: 3 0x8000a2ec (0x0679) x12 0x00000018
core   0: 0x8000a2ee (0x0122b4b3) sltu    s1, t0, s2
core   0: 3 0x8000a2ee (0x0122b4b3) x9  0x00000001
core   0: 0x8000a2f2 (0x012e0233) add     tp, t3, s2
core   0: 3 0x8000a2f2 (0x012e0233) x4  0x22dd6dd8
core   0: 0x8000a2f6 (0x0000c1a1) c.beqz  a1, pc + 64
core   0: 3 0x8000a2f6 (0xc1a1)
core   0: 0x8000a336 (0x01069d63) bne     a3, a6, pc + 26
core   0: 3 0x8000a336 (0x01069d63)
core   0: 0x8000a350 (0xeefc3593) sltiu   a1, s8, -273
core   0: 3 0x8000a350 (0xeefc3593) x11 0x00000001
core   0: 0x8000a354 (0x004ea083) lw      ra, 4(t4)
core   0: 3 0x8000a354 (0x004ea083) x1  0x80000124 mem 0x80025e94
core   0: 0x8000a358 (0x03277fb3) remu    t6, a4, s2
core   0: 3 0x8000a358 (0x03277fb3) x31 0x00000000
core   0: 0x8000a35c (0x000089fa) c.mv    s3, t5
core   0: 3 0x8000a35c (0x89fa) x19 0x80029d24
core   0: 0x8000a35e (0x00008f86) c.mv    t6, ra
core   0: 3 0x8000a35e (0x8f86) x31 0x80000124
core   0: 0x8000a360 (0x03e1dd33) divu    s10, gp, t5
core   0: 3 0x8000a360 (0x03e1dd33) x26 0x00000000
core   0: 0x8000a364 (0x00000ed1) c.addi  t4, 20
core   0: 3 0x8000a364 (0x0ed1) x29 0x80025ea4
core   0: 0x8000a366 (0x02f28333) mul     t1, t0, a5
core   0: 3 0x8000a366 (0x02f28333) x6  0x00000000
core   0: 0x8000a36a (0x00108793) addi    a5, ra, 1
core   0: 3 0x8000a36a (0x00108793) x15 0x80000125
core   0: 0x8000a36e (0x00009782) c.jalr  a5
core   0: 3 0x8000a36e (0x9782) x1  0x8000a370
core   0: 0x80000124 (0x00012417) auipc   s0, 0x12
core   0: 3 0x80000124 (0x00012417) x8  0x80012124
core   0: 0x80000128 (0x40a40413) addi    s0, s0, 1034
core   0: 3 0x80000128 (0x40a40413) x8  0x8001252e
core   0: 0x8000012c (0x957e5617) auipc   a2, 0x957e5
core   0: 3 0x8000012c (0x957e5617) x12 0x157e512c
core   0: 0x80000130 (0x09c44803) lbu     a6, 156(s0)
core   0: 3 0x80000130 (0x09c44803) x16 0x00000000 mem 0x800125ca
core   0: 0x80000134 (0x0df40b03) lb      s6, 223(s0)
core   0: 3 0x80000134 (0x0df40b03) x22 0x00000000 mem 0x8001260d
core   0: 0x80000138 (0xfe944183) lbu     gp, -23(s0)
core   0: 3 0x80000138 (0xfe944183) x3  0x00000000 mem 0x80012517
core   0: 0x8000013c (0x08a45803) lhu     a6, 138(s0)
core   0: 3 0x8000013c (0x08a45803) x16 0x00000000 mem 0x800125b8
core   0: 0x80000140 (0x0b640723) sb      s6, 174(s0)
core   0: 3 0x80000140 (0x0b640723) mem 0x800125dc 0x00
core   0: 0x80000144 (0x09744603) lbu     a2, 151(s0)
core   0: 3 0x80000144 (0x09744603) x12 0x00000000 mem 0x800125c5
core   0: 0x80000148 (0xf7640fa3) sb      s6, -129(s0)
core   0: 3 0x80000148 (0xf7640fa3) mem 0x800124ad 0x00
core   0: 0x8000014c (0x04641503) lh      a0, 70(s0)
core   0: 3 0x8000014c (0x04641503) x10 0x00000000 mem 0x80012574
core   0: 0x80000150 (0xfa844803) lbu     a6, -88(s0)
core   0: 3 0x80000150 (0xfa844803) x16 0x00000000 mem 0x800124d6
core   0: 0x80000154 (0xff840183) lb      gp, -8(s0)
core   0: 3 0x80000154 (0xff840183) x3  0x00000000 mem 0x80012526
core   0: 0x80000158 (0x06944803) lbu     a6, 105(s0)
core   0: 3 0x80000158 (0x06944803) x16 0x00000000 mem 0x80012597
core   0: 0x8000015c (0x02a62633) mulhsu  a2, a2, a0
core   0: 3 0x8000015c (0x02a62633) x12 0x00000000
core   0: 0x80000160 (0xfcb40603) lb      a2, -53(s0)
core   0: 3 0x80000160 (0xfcb40603) x12 0x00000000 mem 0x800124f9
core   0: 0x80000164 (0x0c9401a3) sb      s1, 195(s0)
core   0: 3 0x80000164 (0x0c9401a3) mem 0x800125f1 0x01
core   0: 0x80000168 (0xf4841503) lh      a0, -184(s0)
core   0: 3 0x80000168 (0xf4841503) x10 0x00000000 mem 0x80012476
core   0: 0x8000016c (0x06d40603) lb      a2, 109(s0)
core   0: 3 0x8000016c (0x06d40603) x12 0x00000000 mem 0x8001259b
core   0: 0x80000170 (0xfdd40b03) lb      s6, -35(s0)
core   0: 3 0x80000170 (0xfdd40b03) x22 0x00000000 mem 0x8001250b
core   0: 0x80000174 (0xf1640623) sb      s6, -244(s0)
core   0: 3 0x80000174 (0xf1640623) mem 0x8001243a 0x00
core   0: 0x80000178 (0xfec40b23) sb      a2, -10(s0)
core   0: 3 0x80000178 (0xfec40b23) mem 0x80012524 0x00
core   0: 0x8000017c (0x2691a493) slti    s1, gp, 617
core   0: 3 0x8000017c (0x2691a493) x9  0x00000001
core   0: 0x80000180 (0x0d940483) lb      s1, 217(s0)
core   0: 3 0x80000180 (0x0d940483) x9  0x00000000 mem 0x80012607
core   0: 0x80000184 (0x7c4a1b17) auipc   s6, 0x7c4a1
core   0: 3 0x80000184 (0x7c4a1b17) x22 0xfc4a1184
core   0: 0x80000188 (0x04940b03) lb      s6, 73(s0)
core   0: 3 0x80000188 (0x04940b03) x22 0x00000000 mem 0x80012577
core   0: 0x8000018c (0x00008625) c.srai  a2, 9
core   0: 3 0x8000018c (0x8625) x12 0x00000000
core   0: 0x8000018e (0x0000997d) c.andi  a0, -1
core   0: 3 0x8000018e (0x997d) x10 0x00000000
core   0: 0x80000190 (0x00a1c533) xor     a0, gp, a0
core   0: 3 0x80000190 (0x00a1c533) x10 0x00000000
core   0: 0x80000194 (0x052b4813) xori    a6, s6, 82
core   0: 3 0x80000194 (0x052b4813) x16 0x00000052
core   0: 0x80000198 (0x412b5193) srai    gp, s6, 18
core   0: 3 0x80000198 (0x412b5193) x3  0x00000000
core   0: 0x8000019c (0xfe9404a3) sb      s1, -23(s0)
core   0: 3 0x8000019c (0xfe9404a3) mem 0x80012517 0x00
core   0: 0x800001a0 (0xfb140183) lb      gp, -79(s0)
core   0: 3 0x800001a0 (0xfb140183) x3  0x00000000 mem 0x800124df
core   0: 0x800001a4 (0x6e3b7493) andi    s1, s6, 1763
core   0: 3 0x800001a4 (0x6e3b7493) x9  0x00000000
core   0: 0x800001a8 (0x08941023) sh      s1, 128(s0)
core   0: 3 0x800001a8 (0x08941023) mem 0x800125ae 0x0000
core   0: 0x800001ac (0xf9b40183) lb      gp, -101(s0)
core   0: 3 0x800001ac (0xf9b40183) x3  0x00000000 mem 0x800124c9
core   0: 0x800001b0 (0x00008e25) c.xor   a2, s1
core   0: 3 0x800001b0 (0x8e25) x12 0x00000000
core   0: 0x800001b2 (0x000091da) c.add   gp, s6
core   0: 3 0x800001b2 (0x91da) x3  0x00000000
core   0: 0x800001b4 (0x000001e5) c.addi  gp, 25
core   0: 3 0x800001b4 (0x01e5) x3  0x00000019
core   0: 0x800001b6 (0xf0644483) lbu     s1, -250(s0)
core   0: 3 0x800001b6 (0xf0644483) x9  0x00000000 mem 0x80012434
core   0: 0x800001ba (0x00010117) auipc   sp, 0x10
core   0: 3 0x800001ba (0x00010117) x2  0x800101ba
core   0: 0x800001be (0x32110113) addi    sp, sp, 801
core   0: 3 0x800001be (0x32110113) x2  0x800104db
core   0: 0x800001c2 (0x753346b7) lui     a3, 0x75334
core   0: 3 0x800001c2 (0x753346b7) x13 0x75334000
core   0: 0x800001c6 (0x03a0a233) mulhsu  tp, ra, s10
core   0: 3 0x800001c6 (0x03a0a233) x4  0x00000000
core   0: 0x800001ca (0x019224b3) slt     s1, tp, s9
core   0: 3 0x800001ca (0x019224b3) x9  0x00000001
core   0: 0x800001ce (0x8590ff93) andi    t6, ra, -1959
core   0: 3 0x800001ce (0x8590ff93) x31 0x8000a050
core   0: 0x800001d2 (0xfa014803) lbu     a6, -96(sp)
core   0: 3 0x800001d2 (0xfa014803) x16 0x00000000 mem 0x8001047b
core   0: 0x800001d6 (0x269a5e37) lui     t3, 0x269a5
core   0: 3 0x800001d6 (0x269a5e37) x28 0x269a5000
core   0: 0x800001da (0x29211ba3) sh      s2, 663(sp)
core   0: 3 0x800001da (0x29211ba3) mem 0x80010772 0xfba0
core   0: 0x800001de (0x07511ba3) sh      s5, 119(sp)
core   0: 3 0x800001de (0x07511ba3) mem 0x80010552 0x0008
core   0: 0x800001e2 (0x52414d83) lbu     s11, 1316(sp)
core   0: 3 0x800001e2 (0x52414d83) x27 0x00000000 mem 0x800109ff
core   0: 0x800001e6 (0x00000001) c.nop
core   0: 3 0x800001e6 (0x0001)
core   0: 0x800001e8 (0xca318937) lui     s2, 0xca318
core   0: 3 0x800001e8 (0xca318937) x18 0xca318000
core   0: 0x800001ec (0x00e84033) xor     zero, a6, a4
core   0: 3 0x800001ec (0x00e84033)
core   0: 0x800001f0 (0x0e108f97) auipc   t6, 0xe108
core   0: 3 0x800001f0 (0x0e108f97) x31 0x8e1081f0
core   0: 0x800001f4 (0x13110423) sb      a7, 296(sp)
core   0: 3 0x800001f4 (0x13110423) mem 0x80010603 0x00
core   0: 0x800001f8 (0x1a210003) lb      zero, 418(sp)
core   0: 3 0x800001f8 (0x1a210003) mem 0x8001067d
core   0: 0x800001fc (0x00f9ec33) or      s8, s3, a5
core   0: 3 0x800001fc (0x00f9ec33) x24 0x80029d25
core   0: 0x80000200 (0xe3d12a03) lw      s4, -451(sp)
core   0: 3 0x80000200 (0xe3d12a03) x20 0x00000000 mem 0x80010318
core   0: 0x80000204 (0x00f31e13) slli    t3, t1, 15
core   0: 3 0x80000204 (0x00f31e13) x28 0x00000000
core   0: 0x80000208 (0x00e430b3) sltu    ra, s0, a4
core   0: 3 0x80000208 (0x00e430b3) x1  0x00000000
core   0: 0x8000020c (0x2b412ea3) sw      s4, 701(sp)
core   0: 3 0x8000020c (0x2b412ea3) mem 0x80010798 0x00000000
core   0: 0x80000210 (0x1d512383) lw      t2, 469(sp)
core   0: 3 0x80000210 (0x1d512383) x7  0x00000000 mem 0x800106b0
core   0: 0x80000214 (0xc7e10a03) lb      s4, -898(sp)
core   0: 3 0x80000214 (0xc7e10a03) x20 0x00000000 mem 0x80010159
core   0: 0x80000218 (0x000056fd) c.li    a3, -1
core   0: 3 0x80000218 (0x56fd) x13 0xffffffff
core   0: 0x8000021a (0x014d5193) srli    gp, s10, 20
core   0: 3 0x8000021a (0x014d5193) x3  0x00000000
core   0: 0x8000021e (0x5de14c03) lbu     s8, 1502(sp)
core   0: 3 0x8000021e (0x5de14c03) x24 0x00000000 mem 0x80010ab9
core   0: 0x80000222 (0x30511283) lh      t0, 773(sp)
core   0: 3 0x80000222 (0x30511283) x5  0x00000000 mem 0x800107e0
core   0: 0x80000226 (0x013cfdb3) and     s11, s9, s3
core   0: 3 0x80000226 (0x013cfdb3) x27 0x00000000
core   0: 0x8000022a (0x00006fb1) c.lui   t6, 0xc
core   0: 3 0x8000022a (0x6fb1) x31 0x0000c000
core   0: 0x8000022c (0x00001e7d) c.addi  t3, -1
core   0: 3 0x8000022c (0x1e7d) x28 0xffffffff
core   0: 0x8000022e (0x000084f6) c.mv    s1, t4
core   0: 3 0x8000022e (0x84f6) x9  0x80025ea4
core   0: 0x80000230 (0x0000894a) c.mv    s2, s2
core   0: 3 0x80000230 (0x894a) x18 0xca318000
core   0: 0x80000232 (0x19d14a03) lbu     s4, 413(sp)
core   0: 3 0x80000232 (0x19d14a03) x20 0x00000000 mem 0x80010678
core   0: 0x80000236 (0x00a000ef) jal     pc + 0xa
core   0: 3 0x80000236 (0x00a000ef) x1  0x8000023a
core   0: 0x80000240 (0x0000a009) c.j     pc + 2
core   0: 3 0x80000240 (0xa009)
core   0: 0x80000242 (0x0000a029) c.j     pc + 10
core   0: 3 0x80000242 (0xa029)
core   0: 0x8000024c (0x0000bfc5) c.j     pc - 16
core   0: 3 0x8000024c (0xbfc5)
core   0: 0x8000023c (0x0000a811) c.j     pc + 20
core   0: 3 0x8000023c (0xa811)
core   0: 0x80000250 (0x00a0076f) jal     a4, pc + 0xa
core   0: 3 0x80000250 (0x00a0076f) x14 0x80000254
core   0: 0x8000025a (0x01a000ef) jal     pc + 0x1a
core   0: 3 0x8000025a (0x01a000ef) x1  0x8000025e
core   0: 0x80000274 (0xfd5ffbef) jal     s7, pc - 0x2c
core   0: 3 0x80000274 (0xfd5ffbef) x23 0x80000278
core   0: 0x80000248 (0x0000a025) c.j     pc + 40
core   0: 3 0x80000248 (0xa025)
core   0: 0x80000270 (0x0000b7dd) c.j     pc - 26
core   0: 3 0x80000270 (0xb7dd)
core   0: 0x80000256 (0x0000a831) c.j     pc + 28
core   0: 3 0x80000256 (0xa831)
core   0: 0x80000272 (0x00002029) c.jal   pc + 10
core   0: 3 0x80000272 (0x2029) x1  0x80000274
core   0: 0x8000027c (0x00003f7d) c.jal   pc - 66
core   0: 3 0x8000027c (0x3f7d) x1  0x8000027e
core   0: 0x8000023a (0x0000a035) c.j     pc + 44
core   0: 3 0x8000023a (0xa035)
core   0: 0x80000266 (0xfdfff36f) jal     t1, pc - 0x22
core   0: 3 0x80000266 (0xfdfff36f) x6  0x8000026a
core   0: 0x80000244 (0x00a0036f) jal     t1, pc + 0xa
core   0: 3 0x80000244 (0x00a0036f) x6  0x80000248
core   0: 0x8000024e (0x00002801) c.jal   pc + 16
core   0: 3 0x8000024e (0x2801) x1  0x80000250
core   0: 0x8000025e (0x0000a831) c.j     pc + 28
core   0: 3 0x8000025e (0xa831)
core   0: 0x8000027a (0x000037ed) c.jal   pc - 22
core   0: 3 0x8000027a (0x37ed) x1  0x8000027c
core   0: 0x80000264 (0x00002829) c.jal   pc + 26
core   0: 3 0x80000264 (0x2829) x1  0x80000266
core   0: 0x8000027e (0x0000bfd9) c.j     pc - 42
core   0: 3 0x8000027e (0xbfd9)
core   0: 0x80000254 (0x00002819) c.jal   pc + 22
core   0: 3 0x80000254 (0x2819) x1  0x80000256
core   0: 0x8000026a (0x0000b7fd) c.j     pc - 18
core   0: 3 0x8000026a (0xb7fd)
core   0: 0x80000258 (0x0000a811) c.j     pc + 20
core   0: 3 0x80000258 (0xa811)
core   0: 0x8000026c (0x0000bfc9) c.j     pc - 46
core   0: 3 0x8000026c (0xbfc9)
core   0: 0x8000023e (0x0000a82d) c.j     pc + 58
core   0: 3 0x8000023e (0xa82d)
core   0: 0x80000278 (0x00003fc9) c.jal   pc - 46
core   0: 3 0x80000278 (0x3fc9) x1  0x8000027a
core   0: 0x8000024a (0x0000a015) c.j     pc + 36
core   0: 3 0x8000024a (0xa015)
core   0: 0x8000026e (0x00003fcd) c.jal   pc - 14
core   0: 3 0x8000026e (0x3fcd) x1  0x80000270
core   0: 0x80000260 (0x020000ef) jal     pc + 0x20
core   0: 3 0x80000260 (0x020000ef) x1  0x80000264
core   0: 0x80000280 (0x01a067b3) or      a5, zero, s10
core   0: 3 0x80000280 (0x01a067b3) x15 0x00000000
core   0: 0x80000284 (0x00013117) auipc   sp, 0x13
core   0: 3 0x80000284 (0x00013117) x2  0x80013284
core   0: 0x80000288 (0x3c310113) addi    sp, sp, 963
core   0: 3 0x80000288 (0x3c310113) x2  0x80013647
core   0: 0x8000028c (0x00ba0233) add     tp, s4, a1
core   0: 3 0x8000028c (0x00ba0233) x4  0x00000001
core   0: 0x80000290 (0x0b110023) sb      a7, 160(sp)
core   0: 3 0x80000290 (0x0b110023) mem 0x800136e7 0x00
core   0: 0x80000294 (0x02fdee33) rem     t3, s11, a5
core   0: 3 0x80000294 (0x02fdee33) x28 0x00000000
core   0: 0x80000298 (0xf7410683) lb      a3, -140(sp)
core   0: 3 0x80000298 (0xf7410683) x13 0x00000000 mem 0x800135bb
core   0: 0x8000029c (0x00004fc1) c.li    t6, 16
core   0: 3 0x8000029c (0x4fc1) x31 0x00000010
core   0: 0x8000029e (0x8b2a0293) addi    t0, s4, -1870
core   0: 3 0x8000029e (0x8b2a0293) x5  0xfffff8b2
core   0: 0x800002a2 (0x48fdc993) xori    s3, s11, 1167
core   0: 3 0x800002a2 (0x48fdc993) x19 0x0000048f
core   0: 0x800002a6 (0x031e22b3) mulhsu  t0, t3, a7
core   0: 3 0x800002a6 (0x031e22b3) x5  0x00000000
core   0: 0x800002aa (0xf02c7317) auipc   t1, 0xf02c7
core   0: 3 0x800002aa (0xf02c7317) x6  0x702c72aa
core   0: 0x800002ae (0x32926f93) ori     t6, tp, 809
core   0: 3 0x800002ae (0x32926f93) x31 0x00000329
core   0: 0x800002b2 (0x0b214683) lbu     a3, 178(sp)
core   0: 3 0x800002b2 (0x0b214683) x13 0x00000000 mem 0x800136f9
core   0: 0x800002b6 (0x0d912b83) lw      s7, 217(sp)
core   0: 3 0x800002b6 (0x0d912b83) x23 0x00000000 mem 0x80013720
core   0: 0x800002ba (0x000069e9) c.lui   s3, 0x1a
core   0: 3 0x800002ba (0x69e9) x19 0x0001a000
core   0: 0x800002bc (0x013105a3) sb      s3, 11(sp)
core   0: 3 0x800002bc (0x013105a3) mem 0x80013652 0x00
core   0: 0x800002c0 (0x00c10803) lb      a6, 12(sp)
core   0: 3 0x800002c0 (0x00c10803) x16 0x00000000 mem 0x80013653
core   0: 0x800002c4 (0xf9915f83) lhu     t6, -103(sp)
core   0: 3 0x800002c4 (0xf9915f83) x31 0x00000000 mem 0x800135e0
core   0: 0x800002c8 (0x01110a23) sb      a7, 20(sp)
core   0: 3 0x800002c8 (0x01110a23) mem 0x8001365b 0x00
core   0: 0x800002cc (0x0c711903) lh      s2, 199(sp)
core   0: 3 0x800002cc (0x0c711903) x18 0x00000000 mem 0x8001370e
core   0: 0x800002d0 (0x020e18b3) mulh    a7, t3, zero
core   0: 3 0x800002d0 (0x020e18b3) x17 0x00000000
core   0: 0x800002d4 (0xf4214183) lbu     gp, -190(sp)
core   0: 3 0x800002d4 (0xf4214183) x3  0x00000000 mem 0x80013589
core   0: 0x800002d8 (0x381f7013) andi    zero, t5, 897
core   0: 3 0x800002d8 (0x381f7013)
core   0: 0x800002dc (0xf8614483) lbu     s1, -122(sp)
core   0: 3 0x800002dc (0xf8614483) x9  0x00000000 mem 0x800135cd
core   0: 0x800002e0 (0x014000ef) jal     pc + 0x14
core   0: 3 0x800002e0 (0x014000ef) x1  0x800002e4
core   0: 0x800002f4 (0x00003fe5) c.jal   pc - 8
core   0: 3 0x800002f4 (0x3fe5) x1  0x800002f6
core   0: 0x800002ec (0x0180036f) jal     t1, pc + 0x18
core   0: 3 0x800002ec (0x0180036f) x6  0x800002f0
core   0: 0x80000304 (0x0000bfcd) c.j     pc - 14
core   0: 3 0x80000304 (0xbfcd)
core   0: 0x800002f6 (0xfefff0ef) jal     pc - 0x12
core   0: 3 0x800002f6 (0xfefff0ef) x1  0x800002fa
core   0: 0x800002e4 (0x022000ef) jal     pc + 0x22
core   0: 3 0x800002e4 (0x022000ef) x1  0x800002e8
core   0: 0x80000306 (0x0000b7f5) c.j     pc - 20
core   0: 3 0x80000306 (0xb7f5)
core   0: 0x800002f2 (0x0000bfe5) c.j     pc - 8
core   0: 3 0x800002f2 (0xbfe5)
core   0: 0x800002ea (0x00002809) c.jal   pc + 18
core   0: 3 0x800002ea (0x2809) x1  0x800002ec
core   0: 0x800002fc (0x004009ef) jal     s3, pc + 0x4
core   0: 3 0x800002fc (0x004009ef) x19 0x80000300
core   0: 0x80000300 (0xff1ff96f) jal     s2, pc - 0x10
core   0: 3 0x80000300 (0xff1ff96f) x18 0x80000304
core   0: 0x800002f0 (0x0000a029) c.j     pc + 10
core   0: 3 0x800002f0 (0xa029)
core   0: 0x800002fa (0x000037fd) c.jal   pc - 18
core   0: 3 0x800002fa (0x37fd) x1  0x800002fc
core   0: 0x800002e8 (0x00002005) c.jal   pc + 32
core   0: 3 0x800002e8 (0x2005) x1  0x800002ea
core   0: 0x80000308 (0x00000001) c.nop
core   0: 3 0x80000308 (0x0001)
core   0: 0x8000030a (0x028000ef) jal     pc + 0x28
core   0: 3 0x8000030a (0x028000ef) x1  0x8000030e
core   0: 0x80000332 (0x00002029) c.jal   pc + 10
core   0: 3 0x80000332 (0x2029) x1  0x80000334
core   0: 0x8000033c (0x000037f5) c.jal   pc - 20
core   0: 3 0x8000033c (0x37f5) x1  0x8000033e
core   0: 0x80000328 (0xff9ff0ef) jal     pc - 0x8
core   0: 3 0x80000328 (0xff9ff0ef) x1  0x8000032c
core   0: 0x80000320 (0xfffff0ef) jal     pc - 0x2
core   0: 3 0x80000320 (0xfffff0ef) x1  0x80000324
core   0: 0x8000031e (0x00002801) c.jal   pc + 16
core   0: 3 0x8000031e (0x2801) x1  0x80000320
core   0: 0x8000032e (0x006000ef) jal     pc + 0x6
core   0: 3 0x8000032e (0x006000ef) x1  0x80000332
core   0: 0x80000334 (0xff3ff0ef) jal     pc - 0xe
core   0: 3 0x80000334 (0xff3ff0ef) x1  0x80000338
core   0: 0x80000326 (0x00003ffd) c.jal   pc - 2
core   0: 3 0x80000326 (0x3ffd) x1  0x80000328
core   0: 0x80000324 (0x0000a819) c.j     pc + 22
core   0: 3 0x80000324 (0xa819)
core   0: 0x8000033a (0x00002011) c.jal   pc + 4
core   0: 3 0x8000033a (0x2011) x1  0x8000033c
core   0: 0x8000033e (0x0000b7fd) c.j     pc - 18
core   0: 3 0x8000033e (0xb7fd)
core   0: 0x8000032c (0x0000b7ed) c.j     pc - 22
core   0: 3 0x8000032c (0xb7ed)
core   0: 0x80000316 (0xff9ff0ef) jal     pc - 0x8
core   0: 3 0x80000316 (0xff9ff0ef) x1  0x8000031a
core   0: 0x8000030e (0x00e0036f) jal     t1, pc + 0xe
core   0: 3 0x8000030e (0x00e0036f) x6  0x80000312
core   0: 0x8000031c (0x00002831) c.jal   pc + 28
core   0: 3 0x8000031c (0x2831) x1  0x8000031e
core   0: 0x80000338 (0x0000bfe9) c.j     pc - 38
core   0: 3 0x80000338 (0xbfe9)
core   0: 0x80000312 (0x00800cef) jal     s9, pc + 0x8
core   0: 3 0x80000312 (0x00800cef) x25 0x80000316
core   0: 0x8000031a (0x0000201d) c.jal   pc + 38
core   0: 3 0x8000031a (0x201d) x1  0x8000031c
core   0: 0x80000340 (0x000018fd) c.addi  a7, -1
core   0: 3 0x80000340 (0x18fd) x17 0xffffffff
core   0: 0x80000342 (0x00020117) auipc   sp, 0x20
core   0: 3 0x80000342 (0x00020117) x2  0x80020342
core   0: 0x80000346 (0xe4210113) addi    sp, sp, -446
core   0: 3 0x80000346 (0xe4210113) x2  0x80020184
core   0: 0x8000034a (0xf5011483) lh      s1, -176(sp)
core   0: 3 0x8000034a (0xf5011483) x9  0x00000000 mem 0x800200d4
core   0: 0x8000034e (0x00f7ce33) xor     t3, a5, a5
core   0: 3 0x8000034e (0x00f7ce33) x28 0x00000000
core   0: 0x80000352 (0x0c514783) lbu     a5, 197(sp)
core   0: 3 0x80000352 (0x0c514783) x15 0x00000000 mem 0x80020249
core   0: 0x80000356 (0xf0d4f793) andi    a5, s1, -243
core   0: 3 0x80000356 (0xf0d4f793) x15 0x00000000
core   0: 0x8000035a (0x00000001) c.nop
core   0: 3 0x8000035a (0x0001)
core   0: 0x8000035c (0x01ee5493) srli    s1, t3, 30
core   0: 3 0x8000035c (0x01ee5493) x9  0x00000000
core   0: 0x80000360 (0xf7310483) lb      s1, -141(sp)
core   0: 3 0x80000360 (0xf7310483) x9  0x00000000 mem 0x800200f7
core   0: 0x80000364 (0x00004212) c.lwsp  tp, 4(sp)
core   0: 3 0x80000364 (0x4212) x4  0x00000000 mem 0x80020188
core   0: 0x80000366 (0xf2011483) lh      s1, -224(sp)
core   0: 3 0x80000366 (0xf2011483) x9  0x00000000 mem 0x800200a4
core   0: 0x8000036a (0x0107d233) srl     tp, a5, a6
core   0: 3 0x8000036a (0x0107d233) x4  0x00000000
core   0: 0x8000036e (0xfe914e03) lbu     t3, -23(sp)
core   0: 3 0x8000036e (0xfe914e03) x28 0x00000000 mem 0x8002016d
core   0: 0x80000372 (0x13886b93) ori     s7, a6, 312
core   0: 3 0x80000372 (0x13886b93) x23 0x00000138
core   0: 0x80000376 (0xfbb14203) lbu     tp, -69(sp)
core   0: 3 0x80000376 (0xfbb14203) x4  0x00000000 mem 0x8002013f
core   0: 0x8000037a (0x000094f2) c.add   s1, t3
core   0: 3 0x8000037a (0x94f2) x9  0x00000000
core   0: 0x8000037c (0x410bdbb3) sra     s7, s7, a6
core   0: 3 0x8000037c (0x410bdbb3) x23 0x00000138
core   0: 0x80000380 (0xfdb14803) lbu     a6, -37(sp)
core   0: 3 0x80000380 (0xfdb14803) x16 0x00000000 mem 0x8002015f
core   0: 0x80000384 (0x024e0bb3) mul     s7, t3, tp
core   0: 3 0x80000384 (0x024e0bb3) x23 0x00000000
core   0: 0x80000388 (0x41125e13) srai    t3, tp, 17
core   0: 3 0x80000388 (0x41125e13) x28 0x00000000
core   0: 0x8000038c (0xffc15803) lhu     a6, -4(sp)
core   0: 3 0x8000038c (0xffc15803) x16 0x00000000 mem 0x80020180
core   0: 0x80000390 (0x70783813) sltiu   a6, a6, 1799
core   0: 3 0x80000390 (0x70783813) x16 0x00000001
core   0: 0x80000394 (0x0000526e) c.lwsp  tp, 248(sp)
core   0: 3 0x80000394 (0x526e) x4  0x00000000 mem 0x8002027c
core   0: 0x80000396 (0x000087b1) c.srai  a5, 12
core   0: 3 0x80000396 (0x87b1) x15 0x00000000
core   0: 0x80000398 (0x08615483) lhu     s1, 134(sp)
core   0: 3 0x80000398 (0x08615483) x9  0x00000000 mem 0x8002020a
core   0: 0x8000039c (0x00004e09) c.li    t3, 2
core   0: 3 0x8000039c (0x4e09) x28 0x00000002
core   0: 0x8000039e (0x0000d672) c.swsp  t3, 44(sp)
core   0: 3 0x8000039e (0xd672) mem 0x800201b0 0x00000002
core   0: 0x800003a0 (0xf7c10ba3) sb      t3, -137(sp)
core   0: 3 0x800003a0 (0xf7c10ba3) mem 0x800200fb 0x02
core   0: 0x800003a4 (0x0374abb3) mulhsu  s7, s1, s7
core   0: 3 0x800003a4 (0x0374abb3) x23 0x00000000
core   0: 0x800003a8 (0xe2f7e213) ori     tp, a5, -465
core   0: 3 0x800003a8 (0xe2f7e213) x4  0xfffffe2f
core   0: 0x800003ac (0x0000c3be) c.swsp  a5, 196(sp)
core   0: 3 0x800003ac (0xc3be) mem 0x80020248 0x00000000
core   0: 0x800003ae (0x0ee10203) lb      tp, 238(sp)
core   0: 3 0x800003ae (0x0ee10203) x4  0x00000000 mem 0x80020272
core   0: 0x800003b2 (0x00f100a3) sb      a5, 1(sp)
core   0: 3 0x800003b2 (0x00f100a3) mem 0x80020185 0x00
core   0: 0x800003b6 (0xf6e10e03) lb      t3, -146(sp)
core   0: 3 0x800003b6 (0xf6e10e03) x28 0x00000000 mem 0x800200f2
core   0: 0x800003ba (0x0000848d) c.srai  s1, 3
core   0: 3 0x800003ba (0x848d) x9  0x00000000
core   0: 0x800003bc (0x00008f9d) c.sub   a5, a5
core   0: 3 0x800003bc (0x8f9d) x15 0x00000000
core   0: 0x800003be (0x4017db93) srai    s7, a5, 1
core   0: 3 0x800003be (0x4017db93) x23 0x00000000
core   0: 0x800003c2 (0x009b8233) add     tp, s7, s1
core   0: 3 0x800003c2 (0x009b8233) x4  0x00000000
core   0: 0x800003c6 (0x01db9213) slli    tp, s7, 29
core   0: 3 0x800003c6 (0x01db9213) x4  0x00000000
core   0: 0x800003ca (0x0104fe33) and     t3, s1, a6
core   0: 3 0x800003ca (0x0104fe33) x28 0x00000000
core   0: 0x800003ce (0x00f20bb3) add     s7, tp, a5
core   0: 3 0x800003ce (0x00f20bb3) x23 0x00000000
core   0: 0x800003d2 (0xf6f12623) sw      a5, -148(sp)
core   0: 3 0x800003d2 (0xf6f12623) mem 0x800200f0 0x00000000
core   0: 0x800003d6 (0x00009e26) c.add   t3, s1
core   0: 3 0x800003d6 (0x9e26) x28 0x00000000
core   0: 0x800003d8 (0x00000001) c.nop
core   0: 3 0x800003d8 (0x0001)
core   0: 0x800003da (0x00000001) c.nop
core   0: 3 0x800003da (0x0001)
core   0: 0x800003dc (0x0f011023) sh      a6, 224(sp)
core   0: 3 0x800003dc (0x0f011023) mem 0x80020264 0x0001
core   0: 0x800003e0 (0x03783e33) mulhu   t3, a6, s7
core   0: 3 0x800003e0 (0x03783e33) x28 0x00000000
core   0: 0x800003e4 (0xf4910f23) sb      s1, -162(sp)
core   0: 3 0x800003e4 (0xf4910f23) mem 0x800200e2 0x00
core   0: 0x800003e8 (0x0000187d) c.addi  a6, -1
core   0: 3 0x800003e8 (0x187d) x16 0x00000000
core   0: 0x800003ea (0x03cbfbb3) remu    s7, s7, t3
core   0: 3 0x800003ea (0x03cbfbb3) x23 0x00000000
core   0: 0x800003ee (0x1db24493) xori    s1, tp, 475
core   0: 3 0x800003ee (0x1db24493) x9  0x000001db
core   0: 0x800003f2 (0xfa9103a3) sb      s1, -89(sp)
core   0: 3 0x800003f2 (0xfa9103a3) mem 0x8002012b 0xdb
core   0: 0x800003f6 (0x00010117) auipc   sp, 0x10
core   0: 3 0x800003f6 (0x00010117) x2  0x800103f6
core   0: 0x800003fa (0x49510113) addi    sp, sp, 1173
core   0: 3 0x800003fa (0x49510113) x2  0x8001088b
core   0: 0x800003fe (0xffd15203) lhu     tp, -3(sp)
core   0: 3 0x800003fe (0xffd15203) x4  0x00000000 mem 0x80010888
core   0: 0x80000402 (0xffd14c03) lbu     s8, -3(sp)
core   0: 3 0x80000402 (0xffd14c03) x24 0x00000000 mem 0x80010888
core   0: 0x80000406 (0xfee11ea3) sh      a4, -3(sp)
core   0: 3 0x80000406 (0xfee11ea3) mem 0x80010888 0x0254
core   0: 0x8000040a (0x0000074d) c.addi  a4, 19
core   0: 3 0x8000040a (0x074d) x14 0x80000267
core   0: 0x8000040c (0x00008eb5) c.xor   a3, a3
core   0: 3 0x8000040c (0x8eb5) x13 0x00000000
core   0: 0x8000040e (0xffd12483) lw      s1, -3(sp)
core   0: 3 0x8000040e (0xffd12483) x9  0x00000254 mem 0x80010888
core   0: 0x80000412 (0x00414503) lbu     a0, 4(sp)
core   0: 3 0x80000412 (0x00414503) x10 0x00000080 mem 0x8001088f
core   0: 0x80000416 (0x00310223) sb      gp, 4(sp)
core   0: 3 0x80000416 (0x00310223) mem 0x8001088f 0x00
core   0: 0x8000041a (0x00d11283) lh      t0, 13(sp)
core   0: 3 0x8000041a (0x00d11283) x5  0x00000000 mem 0x80010898
core   0: 0x8000041e (0x00d14f83) lbu     t6, 13(sp)
core   0: 3 0x8000041e (0x00d14f83) x31 0x00000000 mem 0x80010898
core   0: 0x80000422 (0x00c126a3) sw      a2, 13(sp)
core   0: 3 0x80000422 (0x00c126a3) mem 0x80010898 0x00000000
core   0: 0x80000426 (0x017126a3) sw      s7, 13(sp)
core   0: 3 0x80000426 (0x017126a3) mem 0x80010898 0x00000000
core   0: 0x8000042a (0x00715983) lhu     s3, 7(sp)
core   0: 3 0x8000042a (0x00715983) x19 0x00000000 mem 0x80010892
core   0: 0x8000042e (0x00018597) auipc   a1, 0x18
core   0: 3 0x8000042e (0x00018597) x11 0x8001842e
core   0: 0x80000432 (0x0a958593) addi    a1, a1, 169
core   0: 3 0x80000432 (0x0a958593) x11 0x800184d7
core   0: 0x80000436 (0x00547b33) and     s6, s0, t0
core   0: 3 0x80000436 (0x00547b33) x22 0x00000000
core   0: 0x8000043a (0xfcf5cb03) lbu     s6, -49(a1)
core   0: 3 0x8000043a (0xfcf5cb03) x22 0x00000000 mem 0x800184a6
core   0: 0x8000043e (0x02cb0433) mul     s0, s6, a2
core   0: 3 0x8000043e (0x02cb0433) x8  0x00000000
core   0: 0x80000442 (0x02058323) sb      zero, 38(a1)
core   0: 3 0x80000442 (0x02058323) mem 0x800184fd 0x00
core   0: 0x80000446 (0x01341713) slli    a4, s0, 19
core   0: 3 0x80000446 (0x01341713) x14 0x00000000
core   0: 0x8000044a (0xfe05a4a3) sw      zero, -23(a1)
core   0: 3 0x8000044a (0xfe05a4a3) mem 0x800184c0 0x00000000
core   0: 0x8000044e (0xfcc58703) lb      a4, -52(a1)
core   0: 3 0x8000044e (0xfcc58703) x14 0x00000000 mem 0x800184a3
core   0: 0x80000452 (0xfe766713) ori     a4, a2, -25
core   0: 3 0x80000452 (0xfe766713) x14 0xffffffe7
core   0: 0x80000456 (0x016b2b33) slt     s6, s6, s6
core   0: 3 0x80000456 (0x016b2b33) x22 0x00000000
core   0: 0x8000045a (0x0395d403) lhu     s0, 57(a1)
core   0: 3 0x8000045a (0x0395d403) x8  0x00000000 mem 0x80018510
core   0: 0x8000045e (0xfe858403) lb      s0, -24(a1)
core   0: 3 0x8000045e (0xfe858403) x8  0x00000000 mem 0x800184bf
core   0: 0x80000462 (0x01729713) slli    a4, t0, 23
core   0: 3 0x80000462 (0x01729713) x14 0x00000000
core   0: 0x80000466 (0x67d2c293) xori    t0, t0, 1661
core   0: 3 0x80000466 (0x67d2c293) x5  0x0000067d
core   0: 0x8000046a (0x00008449) c.srai  s0, 18
core   0: 3 0x8000046a (0x8449) x8  0x00000000
core   0: 0x8000046c (0x02cb7733) remu    a4, s6, a2
core   0: 3 0x8000046c (0x02cb7733) x14 0x00000000
core   0: 0x80000470 (0xfe859da3) sh      s0, -5(a1)
core   0: 3 0x80000470 (0xfe859da3) mem 0x800184d2 0x0000
core   0: 0x80000474 (0xbeb1b417) auipc   s0, 0xbeb1b
core   0: 3 0x80000474 (0xbeb1b417) x8  0x3eb1b474
core   0: 0x80000478 (0x79e3e437) lui     s0, 0x79e3e
core   0: 3 0x80000478 (0x79e3e437) x8  0x79e3e000
core   0: 0x8000047c (0x016b4b33) xor     s6, s6, s6
core   0: 3 0x8000047c (0x016b4b33) x22 0x00000000
core   0: 0x80000480 (0x005b0633) add     a2, s6, t0
core   0: 3 0x80000480 (0x005b0633) x12 0x0000067d
core   0: 0x80000484 (0x00041033) sll     zero, s0, zero
core   0: 3 0x80000484 (0x00041033)
core   0: 0x80000488 (0xfd55d703) lhu     a4, -43(a1)
core   0: 3 0x80000488 (0xfd55d703) x14 0x00000000 mem 0x800184ac
core   0: 0x8000048c (0xfee5c403) lbu     s0, -18(a1)
core   0: 3 0x8000048c (0xfee5c403) x8  0x00000000 mem 0x800184c5
core   0: 0x80000490 (0x00006295) c.lui   t0, 0x5
core   0: 3 0x80000490 (0x6295) x5  0x00005000
core   0: 0x80000492 (0x00008b32) c.mv    s6, a2
core   0: 3 0x80000492 (0x8b32) x22 0x0000067d
core   0: 0x80000494 (0x96003b13) sltiu   s6, zero, -1696
core   0: 3 0x80000494 (0x96003b13) x22 0x00000001
core   0: 0x80000498 (0xfe05c283) lbu     t0, -32(a1)
core   0: 3 0x80000498 (0xfe05c283) x5  0x00000000 mem 0x800184b7
core   0: 0x8000049c (0x000056f5) c.li    a3, -3
core   0: 3 0x8000049c (0x56f5) x13 0xfffffffd
core   0: 0x8000049e (0x00004e19) c.li    t3, 6
core   0: 3 0x8000049e (0x4e19) x28 0x00000006
core   0: 0x800004a0 (0x0075efb3) or      t6, a1, t2
core   0: 3 0x800004a0 (0x0075efb3) x31 0x800184d7
core   0: 0x800004a4 (0x40c70933) sub     s2, a4, a2
core   0: 3 0x800004a4 (0x40c70933) x18 0xfffff983
core   0: 0x800004a8 (0x00714b33) xor     s6, sp, t2
core   0: 3 0x800004a8 (0x00714b33) x22 0x8001088b
core   0: 0x800004ac (0x41a6ddb3) sra     s11, a3, s10
core   0: 3 0x800004ac (0x41a6ddb3) x27 0xfffffffd
core   0: 0x800004b0 (0x6033f493) andi    s1, t2, 1539
core   0: 3 0x800004b0 (0x6033f493) x9  0x00000000
core   0: 0x800004b4 (0x000006a1) c.addi  a3, 8
core   0: 3 0x800004b4 (0x06a1) x13 0x00000005
core   0: 0x800004b6 (0x012ab633) sltu    a2, s5, s2
core   0: 3 0x800004b6 (0x012ab633) x12 0x00000001
core   0: 0x800004ba (0x8473ed93) ori     s11, t2, -1977
core   0: 3 0x800004ba (0x8473ed93) x27 0xfffff847
core   0: 0x800004be (0xa5a9b193) sltiu   gp, s3, -1446
core   0: 3 0x800004be (0xa5a9b193) x3  0x00000001
core   0: 0x800004c2 (0xa828efb7) lui     t6, 0xa828e
core   0: 3 0x800004c2 (0xa828efb7) x31 0xa828e000
core   0: 0x800004c6 (0x000055e1) c.li    a1, -8
core   0: 3 0x800004c6 (0x55e1) x11 0xfffffff8
core   0: 0x800004c8 (0x01e96633) or      a2, s2, t5
core   0: 3 0x800004c8 (0x01e96633) x12 0xfffffda7
core   0: 0x800004cc (0x00000001) c.nop
core   0: 3 0x800004cc (0x0001)
core   0: 0x800004ce (0x032d1c33) mulh    s8, s10, s2
core   0: 3 0x800004ce (0x032d1c33) x24 0x00000000
core   0: 0x800004d2 (0x00001e90) c.addi4spn a2, sp, 880
core   0: 3 0x800004d2 (0x1e90) x12 0x80010bfb
core   0: 0x800004d4 (0x02c86633) rem     a2, a6, a2
core   0: 3 0x800004d4 (0x02c86633) x12 0x00000000
core   0: 0x800004d8 (0x0280ac33) mulhsu  s8, ra, s0
core   0: 3 0x800004d8 (0x0280ac33) x24 0x00000000
core   0: 0x800004dc (0x000005a1) c.addi  a1, 8
core   0: 3 0x800004dc (0x05a1) x11 0x00000000
core   0: 0x800004de (0x0000d9e5) c.beqz  a1, pc - 16
core   0: 3 0x800004de (0xd9e5)
core   0: 0x800004ce (0x032d1c33) mulh    s8, s10, s2
core   0: 3 0x800004ce (0x032d1c33) x24 0x00000000
core   0: 0x800004d2 (0x00001e90) c.addi4spn a2, sp, 880
core   0: 3 0x800004d2 (0x1e90) x12 0x80010bfb
core   0: 0x800004d4 (0x02c86633) rem     a2, a6, a2
core   0: 3 0x800004d4 (0x02c86633) x12 0x00000000
core   0: 0x800004d8 (0x0280ac33) mulhsu  s8, ra, s0
core   0: 3 0x800004d8 (0x0280ac33) x24 0x00000000
core   0: 0x800004dc (0x000005a1) c.addi  a1, 8
core   0: 3 0x800004dc (0x05a1) x11 0x00000008
core   0: 0x800004de (0x0000d9e5) c.beqz  a1, pc - 16
core   0: 3 0x800004de (0xd9e5)
core   0: 0x800004e0 (0x0188a0b3) slt     ra, a7, s8
core   0: 3 0x800004e0 (0x0188a0b3) x1  0x00000001
core   0: 0x800004e4 (0x010a6d33) or      s10, s4, a6
core   0: 3 0x800004e4 (0x010a6d33) x26 0x00000000
core   0: 0x800004e8 (0x00fdd633) srl     a2, s11, a5
core   0: 3 0x800004e8 (0x00fdd633) x12 0xfffff847
core   0: 0x800004ec (0x00008cb9) c.xor   s1, a4
core   0: 3 0x800004ec (0x8cb9) x9  0x00000000
core   0: 0x800004ee (0x015584b3) add     s1, a1, s5
core   0: 3 0x800004ee (0x015584b3) x9  0x00000010
core   0: 0x800004f2 (0xfbc6c9e3) blt     a3, t3, pc - 78
core   0: 3 0x800004f2 (0xfbc6c9e3)
core   0: 0x800004a4 (0x40c70933) sub     s2, a4, a2
core   0: 3 0x800004a4 (0x40c70933) x18 0x000007b9
core   0: 0x800004a8 (0x00714b33) xor     s6, sp, t2
core   0: 3 0x800004a8 (0x00714b33) x22 0x8001088b
core   0: 0x800004ac (0x41a6ddb3) sra     s11, a3, s10
core   0: 3 0x800004ac (0x41a6ddb3) x27 0x00000005
core   0: 0x800004b0 (0x6033f493) andi    s1, t2, 1539
core   0: 3 0x800004b0 (0x6033f493) x9  0x00000000
core   0: 0x800004b4 (0x000006a1) c.addi  a3, 8
core   0: 3 0x800004b4 (0x06a1) x13 0x0000000d
core   0: 0x800004b6 (0x012ab633) sltu    a2, s5, s2
core   0: 3 0x800004b6 (0x012ab633) x12 0x00000001
core   0: 0x800004ba (0x8473ed93) ori     s11, t2, -1977
core   0: 3 0x800004ba (0x8473ed93) x27 0xfffff847
core   0: 0x800004be (0xa5a9b193) sltiu   gp, s3, -1446
core   0: 3 0x800004be (0xa5a9b193) x3  0x00000001
core   0: 0x800004c2 (0xa828efb7) lui     t6, 0xa828e
core   0: 3 0x800004c2 (0xa828efb7) x31 0xa828e000
core   0: 0x800004c6 (0x000055e1) c.li    a1, -8
core   0: 3 0x800004c6 (0x55e1) x11 0xfffffff8
core   0: 0x800004c8 (0x01e96633) or      a2, s2, t5
core   0: 3 0x800004c8 (0x01e96633) x12 0x80029fbd
core   0: 0x800004cc (0x00000001) c.nop
core   0: 3 0x800004cc (0x0001)
core   0: 0x800004ce (0x032d1c33) mulh    s8, s10, s2
core   0: 3 0x800004ce (0x032d1c33) x24 0x00000000
core   0: 0x800004d2 (0x00001e90) c.addi4spn a2, sp, 880
core   0: 3 0x800004d2 (0x1e90) x12 0x80010bfb
core   0: 0x800004d4 (0x02c86633) rem     a2, a6, a2
core   0: 3 0x800004d4 (0x02c86633) x12 0x00000000
core   0: 0x800004d8 (0x0280ac33) mulhsu  s8, ra, s0
core   0: 3 0x800004d8 (0x0280ac33) x24 0x00000000
core   0: 0x800004dc (0x000005a1) c.addi  a1, 8
core   0: 3 0x800004dc (0x05a1) x11 0x00000000
core   0: 0x800004de (0x0000d9e5) c.beqz  a1, pc - 16
core   0: 3 0x800004de (0xd9e5)
core   0: 0x800004ce (0x032d1c33) mulh    s8, s10, s2
core   0: 3 0x800004ce (0x032d1c33) x24 0x00000000
core   0: 0x800004d2 (0x00001e90) c.addi4spn a2, sp, 880
core   0: 3 0x800004d2 (0x1e90) x12 0x80010bfb
core   0: 0x800004d4 (0x02c86633) rem     a2, a6, a2
core   0: 3 0x800004d4 (0x02c86633) x12 0x00000000
core   0: 0x800004d8 (0x0280ac33) mulhsu  s8, ra, s0
core   0: 3 0x800004d8 (0x0280ac33) x24 0x00000000
core   0: 0x800004dc (0x000005a1) c.addi  a1, 8
core   0: 3 0x800004dc (0x05a1) x11 0x00000008
core   0: 0x800004de (0x0000d9e5) c.beqz  a1, pc - 16
core   0: 3 0x800004de (0xd9e5)
core   0: 0x800004e0 (0x0188a0b3) slt     ra, a7, s8
core   0: 3 0x800004e0 (0x0188a0b3) x1  0x00000001
core   0: 0x800004e4 (0x010a6d33) or      s10, s4, a6
core   0: 3 0x800004e4 (0x010a6d33) x26 0x00000000
core   0: 0x800004e8 (0x00fdd633) srl     a2, s11, a5
core   0: 3 0x800004e8 (0x00fdd633) x12 0xfffff847
core   0: 0x800004ec (0x00008cb9) c.xor   s1, a4
core   0: 3 0x800004ec (0x8cb9) x9  0x00000000
core   0: 0x800004ee (0x015584b3) add     s1, a1, s5
core   0: 3 0x800004ee (0x015584b3) x9  0x00000010
core   0: 0x800004f2 (0xfbc6c9e3) blt     a3, t3, pc - 78
core   0: 3 0x800004f2 (0xfbc6c9e3)
core   0: 0x800004f6 (0x000007b2) c.slli  a5, 12
core   0: 3 0x800004f6 (0x07b2) x15 0x00000000
core   0: 0x800004f8 (0x00011117) auipc   sp, 0x11
core   0: 3 0x800004f8 (0x00011117) x2  0x800114f8
core   0: 0x800004fc (0x8bb10113) addi    sp, sp, -1861
core   0: 3 0x800004fc (0x8bb10113) x2  0x80010db3
core   0: 0x80000500 (0xf8d14e03) lbu     t3, -115(sp)
core   0: 3 0x80000500 (0xf8d14e03) x28 0x00000000 mem 0x80010d40
core   0: 0x80000504 (0xf8d10d03) lb      s10, -115(sp)
core   0: 3 0x80000504 (0xf8d10d03) x26 0x00000000 mem 0x80010d40
core   0: 0x80000508 (0x790ab213) sltiu   tp, s5, 1936
core   0: 3 0x80000508 (0x790ab213) x4  0x00000001
core   0: 0x8000050c (0xf85126a3) sw      t0, -115(sp)
core   0: 3 0x8000050c (0xf85126a3) mem 0x80010d40 0x00000000
core   0: 0x80000510 (0xf8d14a03) lbu     s4, -115(sp)
core   0: 3 0x80000510 (0xf8d14a03) x20 0x00000000 mem 0x80010d40
core   0: 0x80000514 (0xf8d14b83) lbu     s7, -115(sp)
core   0: 3 0x80000514 (0xf8d14b83) x23 0x00000000 mem 0x80010d40
core   0: 0x80000518 (0xf94116a3) sh      s4, -115(sp)
core   0: 3 0x80000518 (0xf94116a3) mem 0x80010d40 0x0000
core   0: 0x8000051c (0x02fa77b3) remu    a5, s4, a5
core   0: 3 0x8000051c (0x02fa77b3) x15 0x00000000
core   0: 0x80000520 (0xfcb12aa3) sw      a1, -43(sp)
core   0: 3 0x80000520 (0xfcb12aa3) mem 0x80010d88 0x00000008
core   0: 0x80000524 (0xfdf12aa3) sw      t6, -43(sp)
core   0: 3 0x80000524 (0xfdf12aa3) mem 0x80010d88 0xa828e000
core   0: 0x80000528 (0xabde3493) sltiu   s1, t3, -1347
core   0: 3 0x80000528 (0xabde3493) x9  0x00000001
core   0: 0x8000052c (0x03fe2633) mulhsu  a2, t3, t6
core   0: 3 0x8000052c (0x03fe2633) x12 0x00000000
core   0: 0x80000530 (0x08b11883) lh      a7, 139(sp)
core   0: 3 0x80000530 (0x08b11883) x17 0x00000000 mem 0x80010e3e
core   0: 0x80000534 (0x08b11a03) lh      s4, 139(sp)
core   0: 3 0x80000534 (0x08b11a03) x20 0x00000000 mem 0x80010e3e
core   0: 0x80000538 (0x099115a3) sh      s9, 139(sp)
core   0: 3 0x80000538 (0x099115a3) mem 0x80010e3e 0x0316
core   0: 0x8000053c (0x095105a3) sb      s5, 139(sp)
core   0: 3 0x8000053c (0x095105a3) mem 0x80010e3e 0x08
core   0: 0x80000540 (0x08b10703) lb      a4, 139(sp)
core   0: 3 0x80000540 (0x08b10703) x14 0x00000008 mem 0x80010e3e
core   0: 0x80000544 (0x08a105a3) sb      a0, 139(sp)
core   0: 3 0x80000544 (0x08a105a3) mem 0x80010e3e 0x80
core   0: 0x80000548 (0x08b10b03) lb      s6, 139(sp)
core   0: 3 0x80000548 (0x08b10b03) x22 0xffffff80 mem 0x80010e3e
core   0: 0x8000054c (0x08b10803) lb      a6, 139(sp)
core   0: 3 0x8000054c (0x08b10803) x16 0xffffff80 mem 0x80010e3e
core   0: 0x80000550 (0x09b105a3) sb      s11, 139(sp)
core   0: 3 0x80000550 (0x09b105a3) mem 0x80010e3e 0x47
core   0: 0x80000554 (0x06614d83) lbu     s11, 102(sp)
core   0: 3 0x80000554 (0x06614d83) x27 0x00000000 mem 0x80010e19
core   0: 0x80000558 (0x47a33f93) sltiu   t6, t1, 1146
core   0: 3 0x80000558 (0x47a33f93) x31 0x00000000
core   0: 0x8000055c (0x0000877a) c.mv    a4, t5
core   0: 3 0x8000055c (0x877a) x14 0x80029d24
core   0: 0x8000055e (0x06610703) lb      a4, 102(sp)
core   0: 3 0x8000055e (0x06610703) x14 0x00000000 mem 0x80010e19
core   0: 0x80000562 (0x006000ef) jal     pc + 0x6
core   0: 3 0x80000562 (0x006000ef) x1  0x80000566
core   0: 0x80000568 (0x00002031) c.jal   pc + 12
core   0: 3 0x80000568 (0x2031) x1  0x8000056a
core   0: 0x80000574 (0x00003fdd) c.jal   pc - 10
core   0: 3 0x80000574 (0x3fdd) x1  0x80000576
core   0: 0x8000056a (0x0000a021) c.j     pc + 8
core   0: 3 0x8000056a (0xa021)
core   0: 0x80000572 (0x00003fed) c.jal   pc - 6
core   0: 3 0x80000572 (0x3fed) x1  0x80000574
core   0: 0x8000056c (0x00002029) c.jal   pc + 10
core   0: 3 0x8000056c (0x2029) x1  0x8000056e
core   0: 0x80000576 (0xff9ff0ef) jal     pc - 0x8
core   0: 3 0x80000576 (0xff9ff0ef) x1  0x8000057a
core   0: 0x8000056e (0x00002009) c.jal   pc + 2
core   0: 3 0x8000056e (0x2009) x1  0x80000570
core   0: 0x80000570 (0x0000bfdd) c.j     pc - 10
core   0: 3 0x80000570 (0xbfdd)
core   0: 0x80000566 (0x0000a811) c.j     pc + 20
core   0: 3 0x80000566 (0xa811)
core   0: 0x8000057a (0x004000ef) jal     pc + 0x4
core   0: 3 0x8000057a (0x004000ef) x1  0x8000057e
core   0: 0x8000057e (0xa9c30c93) addi    s9, t1, -1380
core   0: 3 0x8000057e (0xa9c30c93) x25 0x7ffffdae
core   0: 0x80000582 (0x008000ef) jal     pc + 0x8
core   0: 3 0x80000582 (0x008000ef) x1  0x80000586
core   0: 0x8000058a (0x00002811) c.jal   pc + 20
core   0: 3 0x8000058a (0x2811) x1  0x8000058c
core   0: 0x8000059e (0x0000a811) c.j     pc + 20
core   0: 3 0x8000059e (0xa811)
core   0: 0x800005b2 (0xff5ff0ef) jal     pc - 0xc
core   0: 3 0x800005b2 (0xff5ff0ef) x1  0x800005b6
core   0: 0x800005a6 (0x01000c6f) jal     s8, pc + 0x10
core   0: 3 0x800005a6 (0x01000c6f) x24 0x800005aa
core   0: 0x800005b6 (0x00003fe1) c.jal   pc - 40
core   0: 3 0x800005b6 (0x3fe1) x1  0x800005b8
core   0: 0x8000058e (0x0000a00d) c.j     pc + 34
core   0: 3 0x8000058e (0xa00d)
core   0: 0x800005b0 (0x00003fc5) c.jal   pc - 16
core   0: 3 0x800005b0 (0x3fc5) x1  0x800005b2
core   0: 0x800005a0 (0x000037dd) c.jal   pc - 26
core   0: 3 0x800005a0 (0x37dd) x1  0x800005a2
core   0: 0x80000586 (0x0240046f) jal     s0, pc + 0x24
core   0: 3 0x80000586 (0x0240046f) x8  0x8000058a
core   0: 0x800005aa (0xff9fffef) jal     t6, pc - 0x8
core   0: 3 0x800005aa (0xff9fffef) x31 0x800005ae
core   0: 0x800005a2 (0xfebff46f) jal     s0, pc - 0x16
core   0: 3 0x800005a2 (0xfebff46f) x8  0x800005a6
core   0: 0x8000058c (0x0000a00d) c.j     pc + 34
core   0: 3 0x8000058c (0xa00d)
core   0: 0x800005ae (0x000037f5) c.jal   pc - 20
core   0: 3 0x800005ae (0x37f5) x1  0x800005b0
core   0: 0x8000059a (0xffbff0ef) jal     pc - 0x6
core   0: 3 0x8000059a (0xffbff0ef) x1  0x8000059e
core   0: 0x80000594 (0xfffff0ef) jal     pc - 0x2
core   0: 3 0x80000594 (0xfffff0ef) x1  0x80000598
core   0: 0x80000592 (0x0000a019) c.j     pc + 6
core   0: 3 0x80000592 (0xa019)
core   0: 0x80000598 (0x0000bfe5) c.j     pc - 8
core   0: 3 0x80000598 (0xbfe5)
core   0: 0x80000590 (0x00002025) c.jal   pc + 40
core   0: 3 0x80000590 (0x2025) x1  0x80000592
core   0: 0x800005b8 (0x0123e033) or      zero, t2, s2
core   0: 3 0x800005b8 (0x0123e033)
core   0: 0x800005bc (0x000055f9) c.li    a1, -2
core   0: 3 0x800005bc (0x55f9) x11 0xfffffffe
core   0: 0x800005be (0x01d858b3) srl     a7, a6, t4
core   0: 3 0x800005be (0x01d858b3) x17 0x0ffffff8
core   0: 0x800005c2 (0x00004e41) c.li    t3, 16
core   0: 3 0x800005c2 (0x4e41) x28 0x00000010
core   0: 0x800005c4 (0x01021493) slli    s1, tp, 16
core   0: 3 0x800005c4 (0x01021493) x9  0x00010000
core   0: 0x800005c8 (0x00008745) c.srai  a4, 17
core   0: 3 0x800005c8 (0x8745) x14 0x00000000
core   0: 0x800005ca (0x00008ed1) c.or    a3, a2
core   0: 3 0x800005ca (0x8ed1) x13 0x0000000d
core   0: 0x800005cc (0x00178733) add     a4, a5, ra
core   0: 3 0x800005cc (0x00178733) x14 0x80000592
core   0: 0x800005d0 (0x000087ed) c.srai  a5, 27
core   0: 3 0x800005d0 (0x87ed) x15 0x00000000
core   0: 0x800005d2 (0x0343ca33) div     s4, t2, s4
core   0: 3 0x800005d2 (0x0343ca33) x20 0xffffffff
core   0: 0x800005d6 (0x02400bb3) mul     s7, zero, tp
core   0: 3 0x800005d6 (0x02400bb3) x23 0x00000000
core   0: 0x800005da (0x008a21b3) slt     gp, s4, s0
core   0: 3 0x800005da (0x008a21b3) x3  0x00000000
core   0: 0x800005de (0x5e3ccf93) xori    t6, s9, 1507
core   0: 3 0x800005de (0x5e3ccf93) x31 0x7ffff84d
core   0: 0x800005e2 (0x000087f9) c.srai  a5, 30
core   0: 3 0x800005e2 (0x87f9) x15 0x00000000
core   0: 0x800005e4 (0xcdf34393) xori    t2, t1, -801
core   0: 3 0x800005e4 (0xcdf34393) x7  0x7fffffcd
core   0: 0x800005e8 (0x000005a5) c.addi  a1, 9
core   0: 3 0x800005e8 (0x05a5) x11 0x00000007
core   0: 0x800005ea (0x03e4f6b3) remu    a3, s1, t5
core   0: 3 0x800005ea (0x03e4f6b3) x13 0x00010000
core   0: 0x800005ee (0x7af2c893) xori    a7, t0, 1967
core   0: 3 0x800005ee (0x7af2c893) x17 0x000007af
core   0: 0x800005f2 (0x00006811) c.lui   a6, 0x4
core   0: 3 0x800005f2 (0x6811) x16 0x00004000
core   0: 0x800005f4 (0xfdc59fe3) bne     a1, t3, pc - 34
core   0: 3 0x800005f4 (0xfdc59fe3)
core   0: 0x800005d2 (0x0343ca33) div     s4, t2, s4
core   0: 3 0x800005d2 (0x0343ca33) x20 0x80000033
core   0: 0x800005d6 (0x02400bb3) mul     s7, zero, tp
core   0: 3 0x800005d6 (0x02400bb3) x23 0x00000000
core   0: 0x800005da (0x008a21b3) slt     gp, s4, s0
core   0: 3 0x800005da (0x008a21b3) x3  0x00000001
core   0: 0x800005de (0x5e3ccf93) xori    t6, s9, 1507
core   0: 3 0x800005de (0x5e3ccf93) x31 0x7ffff84d
core   0: 0x800005e2 (0x000087f9) c.srai  a5, 30
core   0: 3 0x800005e2 (0x87f9) x15 0x00000000
core   0: 0x800005e4 (0xcdf34393) xori    t2, t1, -801
core   0: 3 0x800005e4 (0xcdf34393) x7  0x7fffffcd
core   0: 0x800005e8 (0x000005a5) c.addi  a1, 9
core   0: 3 0x800005e8 (0x05a5) x11 0x00000010
core   0: 0x800005ea (0x03e4f6b3) remu    a3, s1, t5
core   0: 3 0x800005ea (0x03e4f6b3) x13 0x00010000
core   0: 0x800005ee (0x7af2c893) xori    a7, t0, 1967
core   0: 3 0x800005ee (0x7af2c893) x17 0x000007af
core   0: 0x800005f2 (0x00006811) c.lui   a6, 0x4
core   0: 3 0x800005f2 (0x6811) x16 0x00004000
core   0: 0x800005f4 (0xfdc59fe3) bne     a1, t3, pc - 34
core   0: 3 0x800005f4 (0xfdc59fe3)
core   0: 0x800005f8 (0x40755893) srai    a7, a0, 7
core   0: 3 0x800005f8 (0x40755893) x17 0x00000001
core   0: 0x800005fc (0x02c000ef) jal     pc + 0x2c
core   0: 3 0x800005fc (0x02c000ef) x1  0x80000600
core   0: 0x80000628 (0x00003fe1) c.jal   pc - 40
core   0: 3 0x80000628 (0x3fe1) x1  0x8000062a
core   0: 0x80000600 (0x0000a829) c.j     pc + 26
core   0: 3 0x80000600 (0xa829)
core   0: 0x8000061a (0x0000a019) c.j     pc + 6
core   0: 3 0x8000061a (0xa019)
core   0: 0x80000620 (0x00a000ef) jal     pc + 0xa
core   0: 3 0x80000620 (0x00a000ef) x1  0x80000624
core   0: 0x8000062a (0xfe5ff76f) jal     a4, pc - 0x1c
core   0: 3 0x8000062a (0xfe5ff76f) x14 0x8000062e
core   0: 0x8000060e (0x00003fd5) c.jal   pc - 12
core   0: 3 0x8000060e (0x3fd5) x1  0x80000610
core   0: 0x80000602 (0x0000a009) c.j     pc + 2
core   0: 3 0x80000602 (0xa009)
core   0: 0x80000604 (0x00002809) c.jal   pc + 18
core   0: 3 0x80000604 (0x2809) x1  0x80000606
core   0: 0x80000616 (0x00002039) c.jal   pc + 14
core   0: 3 0x80000616 (0x2039) x1  0x80000618
core   0: 0x80000624 (0x0000a009) c.j     pc + 2
core   0: 3 0x80000624 (0xa009)
core   0: 0x80000626 (0x00003fcd) c.jal   pc - 14
core   0: 3 0x80000626 (0x3fcd) x1  0x80000628
core   0: 0x80000618 (0x00003fe5) c.jal   pc - 8
core   0: 3 0x80000618 (0x3fe5) x1  0x8000061a
core   0: 0x80000610 (0x0000a031) c.j     pc + 12
core   0: 3 0x80000610 (0xa031)
core   0: 0x8000061c (0x00003fc5) c.jal   pc - 16
core   0: 3 0x8000061c (0x3fc5) x1  0x8000061e
core   0: 0x8000060c (0x00002809) c.jal   pc + 18
core   0: 3 0x8000060c (0x2809) x1  0x8000060e
core   0: 0x8000061e (0x0000b7e5) c.j     pc - 24
core   0: 3 0x8000061e (0xb7e5)
core   0: 0x80000606 (0x00c000ef) jal     pc + 0xc
core   0: 3 0x80000606 (0x00c000ef) x1  0x8000060a
core   0: 0x80000612 (0xff9ff36f) jal     t1, pc - 0x8
core   0: 3 0x80000612 (0xff9ff36f) x6  0x80000616
core   0: 0x8000060a (0x00002015) c.jal   pc + 36
core   0: 3 0x8000060a (0x2015) x1  0x8000060c
core   0: 0x8000062e (0x03da45b3) div     a1, s4, t4
core   0: 3 0x8000062e (0x03da45b3) x11 0x00000001
core   0: 0x80000632 (0x00020097) auipc   ra, 0x20
core   0: 3 0x80000632 (0x00020097) x1  0x80020632
core   0: 0x80000636 (0x28808093) addi    ra, ra, 648
core   0: 3 0x80000636 (0x28808093) x1  0x800208ba
core   0: 0x8000063a (0x00108483) lb      s1, 1(ra)
core   0: 3 0x8000063a (0x00108483) x9  0x00000000 mem 0x800208bb
core   0: 0x8000063e (0x6d504513) xori    a0, zero, 1749
core   0: 3 0x8000063e (0x6d504513) x10 0x000006d5
core   0: 0x80000642 (0x00509723) sh      t0, 14(ra)
core   0: 3 0x80000642 (0x00509723) mem 0x800208c8 0x0000
core   0: 0x80000646 (0x00000001) c.nop
core   0: 3 0x80000646 (0x0001)
core   0: 0x80000648 (0x00000001) c.nop
core   0: 3 0x80000648 (0x0001)
core   0: 0x8000064a (0x00008f29) c.xor   a4, a0
core   0: 3 0x8000064a (0x8f29) x14 0x800000fb
core   0: 0x8000064c (0x00000001) c.nop
core   0: 3 0x8000064c (0x0001)
core   0: 0x8000064e (0xff508683) lb      a3, -11(ra)
core   0: 3 0x8000064e (0xff508683) x13 0x00000000 mem 0x800208af
core   0: 0x80000652 (0x00ef0033) add     zero, t5, a4
core   0: 3 0x80000652 (0x00ef0033)
core   0: 0x80000656 (0xffa09703) lh      a4, -6(ra)
core   0: 3 0x80000656 (0xffa09703) x14 0x00000000 mem 0x800208b4
core   0: 0x8000065a (0x00008fa1) c.xor   a5, s0
core   0: 3 0x8000065a (0x8fa1) x15 0x800005a6
core   0: 0x8000065c (0x014a5213) srli    tp, s4, 20
core   0: 3 0x8000065c (0x014a5213) x4  0x00000800
core   0: 0x80000660 (0x00000001) c.nop
core   0: 3 0x80000660 (0x0001)
core   0: 0x80000662 (0x00008c71) c.and   s0, a2
core   0: 3 0x80000662 (0x8c71) x8  0x00000000
core   0: 0x80000664 (0x00408423) sb      tp, 8(ra)
core   0: 3 0x80000664 (0x00408423) mem 0x800208c2 0x00
core   0: 0x80000668 (0x013b5833) srl     a6, s6, s3
core   0: 3 0x80000668 (0x013b5833) x16 0xffffff80
core   0: 0x8000066c (0x009087a3) sb      s1, 15(ra)
core   0: 3 0x8000066c (0x009087a3) mem 0x800208c9 0x00
core   0: 0x80000670 (0x000066d9) c.lui   a3, 0x16
core   0: 3 0x80000670 (0x66d9) x13 0x00016000
core   0: 0x80000672 (0x00008251) c.srli  a2, 20
core   0: 3 0x80000672 (0x8251) x12 0x00000000
core   0: 0x80000674 (0x0000071c) c.addi4spn a5, sp, 896
core   0: 3 0x80000674 (0x071c) x15 0x80011133
core   0: 0x80000676 (0x00008df5) c.and   a1, a3
core   0: 3 0x80000676 (0x8df5) x11 0x00000000
core   0: 0x80000678 (0x00f71733) sll     a4, a4, a5
core   0: 3 0x80000678 (0x00f71733) x14 0x00000000
core   0: 0x8000067c (0x002174b3) and     s1, sp, sp
core   0: 3 0x8000067c (0x002174b3) x9  0x80010db3
core   0: 0x80000680 (0x00000001) c.nop
core   0: 3 0x80000680 (0x0001)
core   0: 0x80000682 (0x0000717d) c.addi16sp sp, -16
core   0: 3 0x80000682 (0x717d) x2  0x80010da3
core   0: 0x80000684 (0x00809603) lh      a2, 8(ra)
core   0: 3 0x80000684 (0x00809603) x12 0x00000000 mem 0x800208c2
core   0: 0x80000688 (0xfe208a23) sb      sp, -12(ra)
core   0: 3 0x80000688 (0xfe208a23) mem 0x800208ae 0xa3
core   0: 0x8000068c (0x00008c05) c.sub   s0, s1
core   0: 3 0x8000068c (0x8c05) x8  0x7ffef24d
core   0: 0x8000068e (0x00008d35) c.xor   a0, a3
core   0: 3 0x8000068e (0x8d35) x10 0x000166d5
core   0: 0x80000690 (0x03d1c633) div     a2, gp, t4
core   0: 3 0x80000690 (0x03d1c633) x12 0x00000000
core   0: 0x80000694 (0x03d2d933) divu    s2, t0, t4
core   0: 3 0x80000694 (0x03d2d933) x18 0x00000000
core   0: 0x80000698 (0x402d5013) srai    zero, s10, 2
core   0: 3 0x80000698 (0x402d5013)
core   0: 0x8000069c (0x419e5033) sra     zero, t3, s9
core   0: 3 0x8000069c (0x419e5033)
core   0: 0x800006a0 (0xff70c883) lbu     a7, -9(ra)
core   0: 3 0x800006a0 (0xff70c883) x17 0x00000000 mem 0x800208b1
core   0: 0x800006a4 (0x01308423) sb      s3, 8(ra)
core   0: 3 0x800006a4 (0x01308423) mem 0x800208c2 0x00
core   0: 0x800006a8 (0x00e0d183) lhu     gp, 14(ra)
core   0: 3 0x800006a8 (0x00e0d183) x3  0x00000000 mem 0x800208c8
core   0: 0x800006ac (0x003082a3) sb      gp, 5(ra)
core   0: 3 0x800006ac (0x003082a3) mem 0x800208bf 0x00
core   0: 0x800006b0 (0x0050cc83) lbu     s9, 5(ra)
core   0: 3 0x800006b0 (0x0050cc83) x25 0x00000000 mem 0x800208bf
core   0: 0x800006b4 (0x00708403) lb      s0, 7(ra)
core   0: 3 0x800006b4 (0x00708403) x8  0x00000000 mem 0x800208c1
core   0: 0x800006b8 (0x00c09183) lh      gp, 12(ra)
core   0: 3 0x800006b8 (0x00c09183) x3  0x00000000 mem 0x800208c6
core   0: 0x800006bc (0x00008ea9) c.xor   a3, a0
core   0: 3 0x800006bc (0x8ea9) x13 0x000006d5
core   0: 0x800006be (0x00c0c983) lbu     s3, 12(ra)
core   0: 3 0x800006be (0x00c0c983) x19 0x00000000 mem 0x800208c6
core   0: 0x800006c2 (0x339b3213) sltiu   tp, s6, 825
core   0: 3 0x800006c2 (0x339b3213) x4  0x00000000
core   0: 0x800006c6 (0x00c66e33) or      t3, a2, a2
core   0: 3 0x800006c6 (0x00c66e33) x28 0x00000000
core   0: 0x800006ca (0xfff0c383) lbu     t2, -1(ra)
core   0: 3 0x800006ca (0xfff0c383) x7  0x00000000 mem 0x800208b9
core   0: 0x800006ce (0x00004621) c.li    a2, 8
core   0: 3 0x800006ce (0x4621) x12 0x00000008
core   0: 0x800006d0 (0x00004791) c.li    a5, 4
core   0: 3 0x800006d0 (0x4791) x15 0x00000004
core   0: 0x800006d2 (0xe7598d13) addi    s10, s3, -395
core   0: 3 0x800006d2 (0xe7598d13) x26 0xfffffe75
core   0: 0x800006d6 (0x35de0113) addi    sp, t3, 861
core   0: 3 0x800006d6 (0x35de0113) x2  0x0000035d
core   0: 0x800006da (0x0000167d) c.addi  a2, -1
core   0: 3 0x800006da (0x167d) x12 0x00000007
core   0: 0x800006dc (0x000056e5) c.li    a3, -7
core   0: 3 0x800006dc (0x56e5) x13 0xfffffff9
core   0: 0x800006de (0x00000001) c.nop
core   0: 3 0x800006de (0x0001)
core   0: 0x800006e0 (0x01ee93b3) sll     t2, t4, t5
core   0: 3 0x800006e0 (0x01ee93b3) x7  0x0025ea40
core   0: 0x800006e4 (0x00008f01) c.sub   a4, s0
core   0: 3 0x800006e4 (0x8f01) x14 0x00000000
core   0: 0x800006e6 (0x0000069d) c.addi  a3, 7
core   0: 3 0x800006e6 (0x069d) x13 0x00000000
core   0: 0x800006e8 (0x00006ce9) c.lui   s9, 0x1a
core   0: 3 0x800006e8 (0x6ce9) x25 0x0001a000
core   0: 0x800006ea (0x0000deed) c.beqz  a3, pc - 6
core   0: 3 0x800006ea (0xdeed)
core   0: 0x800006e4 (0x00008f01) c.sub   a4, s0
core   0: 3 0x800006e4 (0x8f01) x14 0x00000000
core   0: 0x800006e6 (0x0000069d) c.addi  a3, 7
core   0: 3 0x800006e6 (0x069d) x13 0x00000007
core   0: 0x800006e8 (0x00006ce9) c.lui   s9, 0x1a
core   0: 3 0x800006e8 (0x6ce9) x25 0x0001a000
core   0: 0x800006ea (0x0000deed) c.beqz  a3, pc - 6
core   0: 3 0x800006ea (0xdeed)
core   0: 0x800006ec (0xfef605e3) beq     a2, a5, pc - 22
core   0: 3 0x800006ec (0xfef605e3)
core   0: 0x800006f0 (0x00d41893) slli    a7, s0, 13
core   0: 3 0x800006f0 (0x00d41893) x17 0x00000000
core   0: 0x800006f4 (0x00010117) auipc   sp, 0x10
core   0: 3 0x800006f4 (0x00010117) x2  0x800106f4
core   0: 0x800006f8 (0xa2710113) addi    sp, sp, -1497
core   0: 3 0x800006f8 (0xa2710113) x2  0x8001011b
core   0: 0x800006fc (0x6479fd13) andi    s10, s3, 1607
core   0: 3 0x800006fc (0x6479fd13) x26 0x00000000
core   0: 0x80000700 (0x00f10123) sb      a5, 2(sp)
core   0: 3 0x80000700 (0x00f10123) mem 0x8001011d 0x04
core   0: 0x80000704 (0x00214783) lbu     a5, 2(sp)
core   0: 3 0x80000704 (0x00214783) x15 0x00000004 mem 0x8001011d
core   0: 0x80000708 (0x00c10403) lb      s0, 12(sp)
core   0: 3 0x80000708 (0x00c10403) x8  0x00000000 mem 0x80010127
core   0: 0x8000070c (0x00000001) c.nop
core   0: 3 0x8000070c (0x0001)
core   0: 0x8000070e (0x005e14b3) sll     s1, t3, t0
core   0: 3 0x8000070e (0x005e14b3) x9  0x00000000
core   0: 0x80000712 (0x00910623) sb      s1, 12(sp)
core   0: 3 0x80000712 (0x00910623) mem 0x80010127 0x00
core   0: 0x80000716 (0xffb11783) lh      a5, -5(sp)
core   0: 3 0x80000716 (0xffb11783) x15 0x00000000 mem 0x80010116
core   0: 0x8000071a (0x0000147d) c.addi  s0, -1
core   0: 3 0x8000071a (0x147d) x8  0xffffffff
core   0: 0x8000071c (0x01d110a3) sh      t4, 1(sp)
core   0: 3 0x8000071c (0x01d110a3) mem 0x8001011c 0x5ea4
core   0: 0x80000720 (0x00115803) lhu     a6, 1(sp)
core   0: 3 0x80000720 (0x00115803) x16 0x00005ea4 mem 0x8001011c
core   0: 0x80000724 (0x006100a3) sb      t1, 1(sp)
core   0: 3 0x80000724 (0x006100a3) mem 0x8001011c 0x16
core   0: 0x80000728 (0x01b110a3) sh      s11, 1(sp)
core   0: 3 0x80000728 (0x01b110a3) mem 0x8001011c 0x0000
core   0: 0x8000072c (0x00c110a3) sh      a2, 1(sp)
core   0: 3 0x8000072c (0x00c110a3) mem 0x8001011c 0x0007
core   0: 0x80000730 (0xff711383) lh      t2, -9(sp)
core   0: 3 0x80000730 (0xff711383) x7  0x00000000 mem 0x80010112
core   0: 0x80000734 (0xff714c03) lbu     s8, -9(sp)
core   0: 3 0x80000734 (0xff714c03) x24 0x00000000 mem 0x80010112
core   0: 0x80000738 (0xff711483) lh      s1, -9(sp)
core   0: 3 0x80000738 (0xff711483) x9  0x00000000 mem 0x80010112
core   0: 0x8000073c (0xff715883) lhu     a7, -9(sp)
core   0: 3 0x8000073c (0xff715883) x17 0x00000000 mem 0x80010112
core   0: 0x80000740 (0xff710883) lb      a7, -9(sp)
core   0: 3 0x80000740 (0xff710883) x17 0x00000000 mem 0x80010112
core   0: 0x80000744 (0x00004515) c.li    a0, 5
core   0: 3 0x80000744 (0x4515) x10 0x00000005
core   0: 0x80000746 (0x20806293) ori     t0, zero, 520
core   0: 3 0x80000746 (0x20806293) x5  0x00000208
core   0: 0x8000074a (0x00000001) c.nop
core   0: 3 0x8000074a (0x0001)
core   0: 0x8000074c (0x00008c25) c.xor   s0, s1
core   0: 3 0x8000074c (0x8c25) x8  0xffffffff
core   0: 0x8000074e (0x00009bd6) c.add   s7, s5
core   0: 3 0x8000074e (0x9bd6) x23 0x00000008
core   0: 0x80000750 (0x8954ffb7) lui     t6, 0x8954f
core   0: 3 0x80000750 (0x8954ffb7) x31 0x8954f000
core   0: 0x80000754 (0x0000156d) c.addi  a0, -5
core   0: 3 0x80000754 (0x156d) x10 0x00000000
core   0: 0x80000756 (0x013fed33) or      s10, t6, s3
core   0: 3 0x80000756 (0x013fed33) x26 0x8954f000
core   0: 0x8000075a (0x0000717d) c.addi16sp sp, -16
core   0: 3 0x8000075a (0x717d) x2  0x8001010b
core   0: 0x8000075c (0x000081ce) c.mv    gp, s3
core   0: 3 0x8000075c (0x81ce) x3  0x00000000
core   0: 0x8000075e (0x022cffb3) remu    t6, s9, sp
core   0: 3 0x8000075e (0x022cffb3) x31 0x0001a000
core   0: 0x80000762 (0x0321c733) div     a4, gp, s2
core   0: 3 0x80000762 (0x0321c733) x14 0xffffffff
core   0: 0x80000766 (0x038d85b3) mul     a1, s11, s8
core   0: 3 0x80000766 (0x038d85b3) x11 0x00000000
core   0: 0x8000076a (0x40240e33) sub     t3, s0, sp
core   0: 3 0x8000076a (0x40240e33) x28 0x7ffefef4
core   0: 0x8000076e (0x01dca233) slt     tp, s9, t4
core   0: 3 0x8000076e (0x01dca233) x4  0x00000000
core   0: 0x80000772 (0x00000e72) c.slli  t3, 28
core   0: 3 0x80000772 (0x0e72) x28 0x40000000
core   0: 0x80000774 (0xb288b113) sltiu   sp, a7, -1240
core   0: 3 0x80000774 (0xb288b113) x2  0x00000001
core   0: 0x80000778 (0x02b01cb3) mulh    s9, zero, a1
core   0: 3 0x80000778 (0x02b01cb3) x25 0x00000000
core   0: 0x8000077c (0x0000f969) c.bnez  a0, pc - 46
core   0: 3 0x8000077c (0xf969)
core   0: 0x8000077e (0x418e5233) sra     tp, t3, s8
core   0: 3 0x8000077e (0x418e5233) x4  0x40000000
core   0: 0x80000782 (0x00013117) auipc   sp, 0x13
core   0: 3 0x80000782 (0x00013117) x2  0x80013782
core   0: 0x80000786 (0x31110113) addi    sp, sp, 785
core   0: 3 0x80000786 (0x31110113) x2  0x80013a93
core   0: 0x8000078a (0x0183b3b3) sltu    t2, t2, s8
core   0: 3 0x8000078a (0x0183b3b3) x7  0x00000000
core   0: 0x8000078e (0xb41f0a37) lui     s4, 0xb41f0
core   0: 3 0x8000078e (0xb41f0a37) x20 0xb41f0000
core   0: 0x80000792 (0x00b11783) lh      a5, 11(sp)
core   0: 3 0x80000792 (0x00b11783) x15 0x00000000 mem 0x80013a9e
core   0: 0x80000796 (0x00b14303) lbu     t1, 11(sp)
core   0: 3 0x80000796 (0x00b14303) x6  0x00000000 mem 0x80013a9e
core   0: 0x8000079a (0x00b11e03) lh      t3, 11(sp)
core   0: 3 0x8000079a (0x00b11e03) x28 0x00000000 mem 0x80013a9e
core   0: 0x8000079e (0x00714403) lbu     s0, 7(sp)
core   0: 3 0x8000079e (0x00714403) x8  0x00000000 mem 0x80013a9a
core   0: 0x800007a2 (0x00710583) lb      a1, 7(sp)
core   0: 3 0x800007a2 (0x00710583) x11 0x00000000 mem 0x80013a9a
core   0: 0x800007a6 (0x00711b83) lh      s7, 7(sp)
core   0: 3 0x800007a6 (0x00711b83) x23 0x00000000 mem 0x80013a9a
core   0: 0x800007aa (0x00009bfd) c.andi  a5, -1
core   0: 3 0x800007aa (0x9bfd) x15 0x00000000
core   0: 0x800007ac (0xfef118a3) sh      a5, -15(sp)
core   0: 3 0x800007ac (0xfef118a3) mem 0x80013a84 0x0000
core   0: 0x800007b0 (0xff112e03) lw      t3, -15(sp)
core   0: 3 0x800007b0 (0xff112e03) x28 0x00000000 mem 0x80013a84
core   0: 0x800007b4 (0xff112783) lw      a5, -15(sp)
core   0: 3 0x800007b4 (0xff112783) x15 0x00000000 mem 0x80013a84
core   0: 0x800007b8 (0xff115903) lhu     s2, -15(sp)
core   0: 3 0x800007b8 (0xff115903) x18 0x00000000 mem 0x80013a84
core   0: 0x800007bc (0xff111783) lh      a5, -15(sp)
core   0: 3 0x800007bc (0xff111783) x15 0x00000000 mem 0x80013a84
core   0: 0x800007c0 (0xff114c03) lbu     s8, -15(sp)
core   0: 3 0x800007c0 (0xff114c03) x24 0x00000000 mem 0x80013a84
core   0: 0x800007c4 (0xff110503) lb      a0, -15(sp)
core   0: 3 0x800007c4 (0xff110503) x10 0x00000000 mem 0x80013a84
core   0: 0x800007c8 (0xfe6108a3) sb      t1, -15(sp)
core   0: 3 0x800007c8 (0xfe6108a3) mem 0x80013a84 0x00
core   0: 0x800007cc (0xff110403) lb      s0, -15(sp)
core   0: 3 0x800007cc (0xff110403) x8  0x00000000 mem 0x80013a84
core   0: 0x800007d0 (0xffe14f83) lbu     t6, -2(sp)
core   0: 3 0x800007d0 (0xffe14f83) x31 0x00000000 mem 0x80013a91
core   0: 0x800007d4 (0xff0119a3) sh      a6, -13(sp)
core   0: 3 0x800007d4 (0xff0119a3) mem 0x80013a86 0x5ea4
core   0: 0x800007d8 (0xff311583) lh      a1, -13(sp)
core   0: 3 0x800007d8 (0xff311583) x11 0x00005ea4 mem 0x80013a86
core   0: 0x800007dc (0x0001af97) auipc   t6, 0x1a
core   0: 3 0x800007dc (0x0001af97) x31 0x8001a7dc
core   0: 0x800007e0 (0x7bbf8f93) addi    t6, t6, 1979
core   0: 3 0x800007e0 (0x7bbf8f93) x31 0x8001af97
core   0: 0x800007e4 (0x8ffe8e17) auipc   t3, 0x8ffe8
core   0: 3 0x800007e4 (0x8ffe8e17) x28 0x0ffe87e4
core   0: 0x800007e8 (0x00efcd03) lbu     s10, 14(t6)
core   0: 3 0x800007e8 (0x00efcd03) x26 0x00000000 mem 0x8001afa5
core   0: 0x800007ec (0x00cf8783) lb      a5, 12(t6)
core   0: 3 0x800007ec (0x00cf8783) x15 0x00000000 mem 0x8001afa3
core   0: 0x800007f0 (0x010fca03) lbu     s4, 16(t6)
core   0: 3 0x800007f0 (0x010fca03) x20 0x00000000 mem 0x8001afa7
core   0: 0x800007f4 (0x03cea5b3) mulhsu  a1, t4, t3
core   0: 3 0x800007f4 (0x03cea5b3) x11 0xf800e1f4
core   0: 0x800007f8 (0x00000001) c.nop
core   0: 3 0x800007f8 (0x0001)
core   0: 0x800007fa (0x007d5913) srli    s2, s10, 7
core   0: 3 0x800007fa (0x007d5913) x18 0x00000000
core   0: 0x800007fe (0x002d0db3) add     s11, s10, sp
core   0: 3 0x800007fe (0x002d0db3) x27 0x80013a93
core   0: 0x80000802 (0x02554433) div     s0, a0, t0
core   0: 3 0x80000802 (0x02554433) x8  0x00000000
core   0: 0x80000806 (0x00643a33) sltu    s4, s0, t1
core   0: 3 0x80000806 (0x00643a33) x20 0x00000000
core   0: 0x8000080a (0xff6f8a03) lb      s4, -10(t6)
core   0: 3 0x8000080a (0xff6f8a03) x20 0x00000000 mem 0x8001af8d
core   0: 0x8000080e (0x021b60b3) rem     ra, s6, ra
core   0: 3 0x8000080e (0x021b60b3) x1  0xffffff80
core   0: 0x80000812 (0x011f8223) sb      a7, 4(t6)
core   0: 3 0x80000812 (0x011f8223) mem 0x8001af9b 0x00
core   0: 0x80000816 (0xff9f8103) lb      sp, -7(t6)
core   0: 3 0x80000816 (0xff9f8103) x2  0x00000000 mem 0x8001af90
core   0: 0x8000081a (0x007f91a3) sh      t2, 3(t6)
core   0: 3 0x8000081a (0x007f91a3) mem 0x8001af9a 0x0000
core   0: 0x8000081e (0xff8fc903) lbu     s2, -8(t6)
core   0: 3 0x8000081e (0xff8fc903) x18 0x00000000 mem 0x8001af8f
core   0: 0x80000822 (0x00649993) slli    s3, s1, 6
core   0: 3 0x80000822 (0x00649993) x19 0x00000000
core   0: 0x80000826 (0xffcf89a3) sb      t3, -13(t6)
core   0: 3 0x80000826 (0xffcf89a3) mem 0x8001af8a 0xe4
core   0: 0x8000082a (0xff0fcd03) lbu     s10, -16(t6)
core   0: 3 0x8000082a (0xff0fcd03) x26 0x00000000 mem 0x8001af87
core   0: 0x8000082e (0x000045ad) c.li    a1, 11
core   0: 3 0x8000082e (0x45ad) x11 0x0000000b
core   0: 0x80000830 (0x036d71b3) remu    gp, s10, s6
core   0: 3 0x80000830 (0x036d71b3) x3  0x00000000
core   0: 0x80000834 (0x00008f4d) c.or    a4, a1
core   0: 3 0x80000834 (0x8f4d) x14 0xffffffff
core   0: 0x80000836 (0xff5fa703) lw      a4, -11(t6)
core   0: 3 0x80000836 (0xff5fa703) x14 0x00000000 mem 0x8001af8c
core   0: 0x8000083a (0x003fc183) lbu     gp, 3(t6)
core   0: 3 0x8000083a (0x003fc183) x3  0x00000000 mem 0x8001af9a
core   0: 0x8000083e (0xff7f8d23) sb      s7, -6(t6)
core   0: 3 0x8000083e (0xff7f8d23) mem 0x8001af91 0x00
core   0: 0x80000842 (0x00000001) c.nop
core   0: 3 0x80000842 (0x0001)
core   0: 0x80000844 (0x003fdc03) lhu     s8, 3(t6)
core   0: 3 0x80000844 (0x003fdc03) x24 0x00000000 mem 0x8001af9a
core   0: 0x80000848 (0x037ae433) rem     s0, s5, s7
core   0: 3 0x80000848 (0x037ae433) x8  0x00000008
core   0: 0x8000084c (0x905b8317) auipc   t1, 0x905b8
core   0: 3 0x8000084c (0x905b8317) x6  0x105b884c
core   0: 0x80000850 (0x96b2e193) ori     gp, t0, -1685
core   0: 3 0x80000850 (0x96b2e193) x3  0xfffffb6b
core   0: 0x80000854 (0x00000599) c.addi  a1, 6
core   0: 3 0x80000854 (0x0599) x11 0x00000011
core   0: 0x80000856 (0xff3fc383) lbu     t2, -13(t6)
core   0: 3 0x80000856 (0xff3fc383) x7  0x000000e4 mem 0x8001af8a
core   0: 0x8000085a (0x001fc883) lbu     a7, 1(t6)
core   0: 3 0x8000085a (0x001fc883) x17 0x00000000 mem 0x8001af98
core   0: 0x8000085e (0x029d6a33) rem     s4, s10, s1
core   0: 3 0x8000085e (0x029d6a33) x20 0x00000000
core   0: 0x80000862 (0x028f12b3) mulh    t0, t5, s0
core   0: 3 0x80000862 (0x028f12b3) x5  0xfffffffc
core   0: 0x80000866 (0xd59e8b93) addi    s7, t4, -679
core   0: 3 0x80000866 (0xd59e8b93) x23 0x80025bfd
core   0: 0x8000086a (0x000f8183) lb      gp, 0(t6)
core   0: 3 0x8000086a (0x000f8183) x3  0x00000000 mem 0x8001af97
core   0: 0x8000086e (0x01f4b0b3) sltu    ra, s1, t6
core   0: 3 0x8000086e (0x01f4b0b3) x1  0x00000001
core   0: 0x80000872 (0xb68a2893) slti    a7, s4, -1176
core   0: 3 0x80000872 (0xb68a2893) x17 0x00000000
core   0: 0x80000876 (0x011bc5b3) xor     a1, s7, a7
core   0: 3 0x80000876 (0x011bc5b3) x11 0x80025bfd
core   0: 0x8000087a (0x00ef85a3) sb      a4, 11(t6)
core   0: 3 0x8000087a (0x00ef85a3) mem 0x8001afa2 0x00
core   0: 0x8000087e (0x00008d35) c.xor   a0, a3
core   0: 3 0x8000087e (0x8d35) x10 0x00000007
core   0: 0x80000880 (0x007fc903) lbu     s2, 7(t6)
core   0: 3 0x80000880 (0x007fc903) x18 0x00000000 mem 0x8001af9e
core   0: 0x80000884 (0xffdf9303) lh      t1, -3(t6)
core   0: 3 0x80000884 (0xffdf9303) x6  0x00000000 mem 0x8001af94
core   0: 0x80000888 (0xff2f8883) lb      a7, -14(t6)
core   0: 3 0x80000888 (0xff2f8883) x17 0x00000000 mem 0x8001af89
core   0: 0x8000088c (0x008000ef) jal     pc + 0x8
core   0: 3 0x8000088c (0x008000ef) x1  0x80000890
core   0: 0x80000894 (0x020000ef) jal     pc + 0x20
core   0: 3 0x80000894 (0x020000ef) x1  0x80000898
core   0: 0x800008b4 (0x00002021) c.jal   pc + 8
core   0: 3 0x800008b4 (0x2021) x1  0x800008b6
core   0: 0x800008bc (0xfd7ff0ef) jal     pc - 0x2a
core   0: 3 0x800008bc (0xfd7ff0ef) x1  0x800008c0
core   0: 0x80000892 (0x0000a801) c.j     pc + 16
core   0: 3 0x80000892 (0xa801)
core   0: 0x800008a2 (0x0000bfe5) c.j     pc - 8
core   0: 3 0x800008a2 (0xbfe5)
core   0: 0x8000089a (0x0000a821) c.j     pc + 24
core   0: 3 0x8000089a (0xa821)
core   0: 0x800008b2 (0x0000bfcd) c.j     pc - 14
core   0: 3 0x800008b2 (0xbfcd)
core   0: 0x800008a4 (0x00002819) c.jal   pc + 22
core   0: 3 0x800008a4 (0x2819) x1  0x800008a6
core   0: 0x800008ba (0x0000a019) c.j     pc + 6
core   0: 3 0x800008ba (0xa019)
core   0: 0x800008c0 (0x00003fe1) c.jal   pc - 40
core   0: 3 0x800008c0 (0x3fe1) x1  0x800008c2
core   0: 0x80000898 (0x00002839) c.jal   pc + 30
core   0: 3 0x80000898 (0x2839) x1  0x8000089a
core   0: 0x800008b6 (0xfebff0ef) jal     pc - 0x16
core   0: 3 0x800008b6 (0xfebff0ef) x1  0x800008ba
core   0: 0x800008a0 (0x0000bfc5) c.j     pc - 16
core   0: 3 0x800008a0 (0xbfc5)
core   0: 0x80000890 (0x0000a829) c.j     pc + 26
core   0: 3 0x80000890 (0xa829)
core   0: 0x800008aa (0xffdff0ef) jal     pc - 0x4
core   0: 3 0x800008aa (0xffdff0ef) x1  0x800008ae
core   0: 0x800008a6 (0xff7ff0ef) jal     pc - 0xa
core   0: 3 0x800008a6 (0xff7ff0ef) x1  0x800008aa
core   0: 0x8000089c (0x0120036f) jal     t1, pc + 0x12
core   0: 3 0x8000089c (0x0120036f) x6  0x800008a0
core   0: 0x800008ae (0x014000ef) jal     pc + 0x14
core   0: 3 0x800008ae (0x014000ef) x1  0x800008b2
core   0: 0x800008c2 (0x47147293) andi    t0, s0, 1137
core   0: 3 0x800008c2 (0x47147293) x5  0x00000000
core   0: 0x800008c6 (0x008000ef) jal     pc + 0x8
core   0: 3 0x800008c6 (0x008000ef) x1  0x800008ca
core   0: 0x800008ce (0x0000a031) c.j     pc + 12
core   0: 3 0x800008ce (0xa031)
core   0: 0x800008da (0x01a003ef) jal     t2, pc + 0x1a
core   0: 3 0x800008da (0x01a003ef) x7  0x800008de
core   0: 0x800008f4 (0xfe5ff2ef) jal     t0, pc - 0x1c
core   0: 3 0x800008f4 (0xfe5ff2ef) x5  0x800008f8
core   0: 0x800008d8 (0x00002811) c.jal   pc + 20
core   0: 3 0x800008d8 (0x2811) x1  0x800008da
core   0: 0x800008ec (0x0000bfd5) c.j     pc - 12
core   0: 3 0x800008ec (0xbfd5)
core   0: 0x800008e0 (0x0180036f) jal     t1, pc + 0x18
core   0: 3 0x800008e0 (0x0180036f) x6  0x800008e4
core   0: 0x800008f8 (0x000037f5) c.jal   pc - 20
core   0: 3 0x800008f8 (0x37f5) x1  0x800008fa
core   0: 0x800008e4 (0x0000b7dd) c.j     pc - 26
core   0: 3 0x800008e4 (0xb7dd)
core   0: 0x800008ca (0x008000ef) jal     pc + 0x8
core   0: 3 0x800008ca (0x008000ef) x1  0x800008ce
core   0: 0x800008d2 (0x0160036f) jal     t1, pc + 0x16
core   0: 3 0x800008d2 (0x0160036f) x6  0x800008d6
core   0: 0x800008e8 (0xff7ff0ef) jal     pc - 0xa
core   0: 3 0x800008e8 (0xff7ff0ef) x1  0x800008ec
core   0: 0x800008de (0x00002801) c.jal   pc + 16
core   0: 3 0x800008de (0x2801) x1  0x800008e0
core   0: 0x800008ee (0x0100056f) jal     a0, pc + 0x10
core   0: 3 0x800008ee (0x0100056f) x10 0x800008f2
core   0: 0x800008fe (0x0000bfc9) c.j     pc - 46
core   0: 3 0x800008fe (0xbfc9)
core   0: 0x800008d0 (0x00002019) c.jal   pc + 6
core   0: 3 0x800008d0 (0x2019) x1  0x800008d2
core   0: 0x800008d6 (0x0000a801) c.j     pc + 16
core   0: 3 0x800008d6 (0xa801)
core   0: 0x800008e6 (0x0000a031) c.j     pc + 12
core   0: 3 0x800008e6 (0xa031)
core   0: 0x800008f2 (0x00002021) c.jal   pc + 8
core   0: 3 0x800008f2 (0x2021) x1  0x800008f4
core   0: 0x800008fa (0x006000ef) jal     pc + 0x6
core   0: 3 0x800008fa (0x006000ef) x1  0x800008fe
core   0: 0x80000900 (0x490af217) auipc   tp, 0x490af
core   0: 3 0x80000900 (0x490af217) x4  0xc90af900
core   0: 0x80000904 (0x000046a1) c.li    a3, 8
core   0: 3 0x80000904 (0x46a1) x13 0x00000008
core   0: 0x80000906 (0x00b7d533) srl     a0, a5, a1
core   0: 3 0x80000906 (0x00b7d533) x10 0x00000000
core   0: 0x8000090a (0x00000001) c.nop
core   0: 3 0x8000090a (0x0001)
core   0: 0x8000090c (0x000098ca) c.add   a7, s2
core   0: 3 0x8000090c (0x98ca) x17 0x00000000
core   0: 0x8000090e (0x00868fb3) add     t6, a3, s0
core   0: 3 0x8000090e (0x00868fb3) x31 0x00000010
core   0: 0x80000912 (0x00000e08) c.addi4spn a0, sp, 784
core   0: 3 0x80000912 (0x0e08) x10 0x00000310
core   0: 0x80000914 (0x000016e1) c.addi  a3, -8
core   0: 3 0x80000914 (0x16e1) x13 0x00000000
core   0: 0x80000916 (0x0000935e) c.add   t1, s7
core   0: 3 0x80000916 (0x935e) x6  0x000264d3
core   0: 0x80000918 (0x45387413) andi    s0, a6, 1107
core   0: 3 0x80000918 (0x45387413) x8  0x00000400
core   0: 0x8000091c (0x00008dd5) c.or    a1, a3
core   0: 3 0x8000091c (0x8dd5) x11 0x80025bfd
core   0: 0x8000091e (0x9cc92393) slti    t2, s2, -1588
core   0: 3 0x8000091e (0x9cc92393) x7  0x00000000
core   0: 0x80000922 (0x00004b29) c.li    s6, 10
core   0: 3 0x80000922 (0x4b29) x22 0x0000000a
core   0: 0x80000924 (0x00008491) c.srai  s1, 4
core   0: 3 0x80000924 (0x8491) x9  0x00000000
core   0: 0x80000926 (0xfc752713) slti    a4, a0, -57
core   0: 3 0x80000926 (0xfc752713) x14 0x00000000
core   0: 0x8000092a (0xa25d7093) andi    ra, s10, -1499
core   0: 3 0x8000092a (0xa25d7093) x1  0x00000000
core   0: 0x8000092e (0x00008e5d) c.or    a2, a5
core   0: 3 0x8000092e (0x8e5d) x12 0x00000007
core   0: 0x80000930 (0x00008d62) c.mv    s10, s8
core   0: 3 0x80000930 (0x8d62) x26 0x00000000
core   0: 0x80000932 (0x00004c1d) c.li    s8, 7
core   0: 3 0x80000932 (0x4c1d) x24 0x00000007
core   0: 0x80000934 (0x212c6b97) auipc   s7, 0x212c6
core   0: 3 0x80000934 (0x212c6b97) x23 0xa12c6934
core   0: 0x80000938 (0x038973b3) remu    t2, s2, s8
core   0: 3 0x80000938 (0x038973b3) x7  0x00000000
core   0: 0x8000093c (0x00008992) c.mv    s3, tp
core   0: 3 0x8000093c (0x8992) x19 0xc90af900
core   0: 0x8000093e (0x00001b59) c.addi  s6, -10
core   0: 3 0x8000093e (0x1b59) x22 0x00000000
core   0: 0x80000940 (0x000081f5) c.srli  a1, 29
core   0: 3 0x80000940 (0x81f5) x11 0x00000004
core   0: 0x80000942 (0xff8b5de3) bge     s6, s8, pc - 6
core   0: 3 0x80000942 (0xff8b5de3)
core   0: 0x80000946 (0x01c329b3) slt     s3, t1, t3
core   0: 3 0x80000946 (0x01c329b3) x19 0x00000001
core   0: 0x8000094a (0x0263e9b3) rem     s3, t2, t1
core   0: 3 0x8000094a (0x0263e9b3) x19 0x00000000
core   0: 0x8000094e (0x5cc32493) slti    s1, t1, 1484
core   0: 3 0x8000094e (0x5cc32493) x9  0x00000000
core   0: 0x80000952 (0x02a7e1b3) rem     gp, a5, a0
core   0: 3 0x80000952 (0x02a7e1b3) x3  0x00000000
core   0: 0x80000956 (0x0000fed5) c.bnez  a3, pc - 68
core   0: 3 0x80000956 (0xfed5)
core   0: 0x80000958 (0x03a7c633) div     a2, a5, s10
core   0: 3 0x80000958 (0x03a7c633) x12 0xffffffff
core   0: 0x8000095c (0x0001ed17) auipc   s10, 0x1e
core   0: 3 0x8000095c (0x0001ed17) x26 0x8001e95c
core   0: 0x80000960 (0x6b1d0d13) addi    s10, s10, 1713
core   0: 3 0x80000960 (0x6b1d0d13) x26 0x8001f00d
core   0: 0x80000964 (0x0318c7b3) div     a5, a7, a7
core   0: 3 0x80000964 (0x0318c7b3) x15 0xffffffff
core   0: 0x80000968 (0x2b97e893) ori     a7, a5, 697
core   0: 3 0x80000968 (0x2b97e893) x17 0xffffffff
core   0: 0x8000096c (0x034988b3) mul     a7, s3, s4
core   0: 3 0x8000096c (0x034988b3) x17 0x00000000
core   0: 0x80000970 (0x00000001) c.nop
core   0: 3 0x80000970 (0x0001)
core   0: 0x80000972 (0x000d4383) lbu     t2, 0(s10)
core   0: 3 0x80000972 (0x000d4383) x7  0x00000000 mem 0x8001f00d
core   0: 0x80000976 (0x00bd4883) lbu     a7, 11(s10)
core   0: 3 0x80000976 (0x00bd4883) x17 0x00000000 mem 0x8001f018
core   0: 0x8000097a (0x031a39b3) mulhu   s3, s4, a7
core   0: 3 0x8000097a (0x031a39b3) x19 0x00000000
core   0: 0x8000097e (0x000d0e03) lb      t3, 0(s10)
core   0: 3 0x8000097e (0x000d0e03) x28 0x00000000 mem 0x8001f00d
core   0: 0x80000982 (0x013e07b3) add     a5, t3, s3
core   0: 3 0x80000982 (0x013e07b3) x15 0x00000000
core   0: 0x80000986 (0xfd5d0883) lb      a7, -43(s10)
core   0: 3 0x80000986 (0xfd5d0883) x17 0x00000000 mem 0x8001efe2
core   0: 0x8000098a (0xff4d27a3) sw      s4, -17(s10)
core   0: 3 0x8000098a (0xff4d27a3) mem 0x8001effc 0x00000000
core   0: 0x8000098e (0xfeed4a03) lbu     s4, -18(s10)
core   0: 3 0x8000098e (0xfeed4a03) x20 0x00000000 mem 0x8001effb
core   0: 0x80000992 (0x011e1a13) slli    s4, t3, 17
core   0: 3 0x80000992 (0x011e1a13) x20 0x00000000
core   0: 0x80000996 (0xbf2e3993) sltiu   s3, t3, -1038
core   0: 3 0x80000996 (0xbf2e3993) x19 0x00000001
core   0: 0x8000099a (0x005d0e03) lb      t3, 5(s10)
core   0: 3 0x8000099a (0x005d0e03) x28 0x00000000 mem 0x8001f012
core   0: 0x8000099e (0x001d1783) lh      a5, 1(s10)
core   0: 3 0x8000099e (0x001d1783) x15 0x00000000 mem 0x8001f00e
core   0: 0x800009a2 (0x032d0983) lb      s3, 50(s10)
core   0: 3 0x800009a2 (0x032d0983) x19 0x00000000 mem 0x8001f03f
core   0: 0x800009a6 (0x000009fe) c.slli  s3, 31
core   0: 3 0x800009a6 (0x09fe) x19 0x00000000
core   0: 0x800009a8 (0x01bd4a03) lbu     s4, 27(s10)
core   0: 3 0x800009a8 (0x01bd4a03) x20 0x00000000 mem 0x8001f028
core   0: 0x800009ac (0x032d0983) lb      s3, 50(s10)
core   0: 3 0x800009ac (0x032d0983) x19 0x00000000 mem 0x8001f03f
core   0: 0x800009b0 (0x032d4a03) lbu     s4, 50(s10)
core   0: 3 0x800009b0 (0x032d4a03) x20 0x00000000 mem 0x8001f03f
core   0: 0x800009b4 (0x000087a9) c.srai  a5, 10
core   0: 3 0x800009b4 (0x87a9) x15 0x00000000
core   0: 0x800009b6 (0xff4d15a3) sh      s4, -21(s10)
core   0: 3 0x800009b6 (0xff4d15a3) mem 0x8001eff8 0x0000
core   0: 0x800009ba (0x01c9ee33) or      t3, s3, t3
core   0: 3 0x800009ba (0x01c9ee33) x28 0x00000000
core   0: 0x800009be (0x24478997) auipc   s3, 0x24478
core   0: 3 0x800009be (0x24478997) x19 0xa44789be
core   0: 0x800009c2 (0x00008fdd) c.or    a5, a5
core   0: 3 0x800009c2 (0x8fdd) x15 0x00000000
core   0: 0x800009c4 (0x00000001) c.nop
core   0: 3 0x800009c4 (0x0001)
core   0: 0x800009c6 (0xff6d4a03) lbu     s4, -10(s10)
core   0: 3 0x800009c6 (0xff6d4a03) x20 0x00000000 mem 0x8001f003
core   0: 0x800009ca (0x014d4883) lbu     a7, 20(s10)
core   0: 3 0x800009ca (0x014d4883) x17 0x00000000 mem 0x8001f021
core   0: 0x800009ce (0x00008799) c.srai  a5, 6
core   0: 3 0x800009ce (0x8799) x15 0x00000000
core   0: 0x800009d0 (0x00000001) c.nop
core   0: 3 0x800009d0 (0x0001)
core   0: 0x800009d2 (0x028d4983) lbu     s3, 40(s10)
core   0: 3 0x800009d2 (0x028d4983) x19 0x00000000 mem 0x8001f035
core   0: 0x800009d6 (0xfd2d0983) lb      s3, -46(s10)
core   0: 3 0x800009d6 (0xfd2d0983) x19 0x00000000 mem 0x8001efdf
core   0: 0x800009da (0x010d0383) lb      t2, 16(s10)
core   0: 3 0x800009da (0x010d0383) x7  0x00000000 mem 0x8001f01d
core   0: 0x800009de (0x007d16a3) sh      t2, 13(s10)
core   0: 3 0x800009de (0x007d16a3) mem 0x8001f01a 0x0000
core   0: 0x800009e2 (0x014789b3) add     s3, a5, s4
core   0: 3 0x800009e2 (0x014789b3) x19 0x00000000
core   0: 0x800009e6 (0xff0d0983) lb      s3, -16(s10)
core   0: 3 0x800009e6 (0xff0d0983) x19 0x00000000 mem 0x8001effd
core   0: 0x800009ea (0x02ad0883) lb      a7, 42(s10)
core   0: 3 0x800009ea (0x02ad0883) x17 0x00000000 mem 0x8001f037
core   0: 0x800009ee (0xf773f393) andi    t2, t2, -137
core   0: 3 0x800009ee (0xf773f393) x7  0x00000000
core   0: 0x800009f2 (0x828bb8b7) lui     a7, 0x828bb
core   0: 3 0x800009f2 (0x828bb8b7) x17 0x828bb000
core   0: 0x800009f6 (0x758a6793) ori     a5, s4, 1880
core   0: 3 0x800009f6 (0x758a6793) x15 0x00000758
core   0: 0x800009fa (0x00008ffd) c.and   a5, a5
core   0: 3 0x800009fa (0x8ffd) x15 0x00000758
core   0: 0x800009fc (0xfdcd0a23) sb      t3, -44(s10)
core   0: 3 0x800009fc (0xfdcd0a23) mem 0x8001efe1 0x00
core   0: 0x80000a00 (0x03c9e8b3) rem     a7, s3, t3
core   0: 3 0x80000a00 (0x03c9e8b3) x17 0x00000000
core   0: 0x80000a04 (0xfcbd1883) lh      a7, -53(s10)
core   0: 3 0x80000a04 (0xfcbd1883) x17 0x00000000 mem 0x8001efd8
core   0: 0x80000a08 (0x000083c1) c.srli  a5, 16
core   0: 3 0x80000a08 (0x83c1) x15 0x00000000
core   0: 0x80000a0a (0x03ca49b3) div     s3, s4, t3
core   0: 3 0x80000a0a (0x03ca49b3) x19 0xffffffff
core   0: 0x80000a0e (0x011d4883) lbu     a7, 17(s10)
core   0: 3 0x80000a0e (0x011d4883) x17 0x00000000 mem 0x8001f01e
core   0: 0x80000a12 (0x004d4a03) lbu     s4, 4(s10)
core   0: 3 0x80000a12 (0x004d4a03) x20 0x00000000 mem 0x8001f011
core   0: 0x80000a16 (0x0143e3b3) or      t2, t2, s4
core   0: 3 0x80000a16 (0x0143e3b3) x7  0x00000000
core   0: 0x80000a1a (0x9217a393) slti    t2, a5, -1759
core   0: 3 0x80000a1a (0x9217a393) x7  0x00000000
core   0: 0x80000a1e (0xfd3d0123) sb      s3, -62(s10)
core   0: 3 0x80000a1e (0xfd3d0123) mem 0x8001efcf 0xff
core   0: 0x80000a22 (0x011a78b3) and     a7, s4, a7
core   0: 3 0x80000a22 (0x011a78b3) x17 0x00000000
core   0: 0x80000a26 (0xdb7e6393) ori     t2, t3, -585
core   0: 3 0x80000a26 (0xdb7e6393) x7  0xfffffdb7
core   0: 0x80000a2a (0xfd9d0e03) lb      t3, -39(s10)
core   0: 3 0x80000a2a (0xfd9d0e03) x28 0x00000000 mem 0x8001efe6
core   0: 0x80000a2e (0x00004529) c.li    a0, 10
core   0: 3 0x80000a2e (0x4529) x10 0x0000000a
core   0: 0x80000a30 (0x00004b01) c.li    s6, 0
core   0: 3 0x80000a30 (0x4b01) x22 0x00000000
core   0: 0x80000a32 (0x3801a897) auipc   a7, 0x3801a
core   0: 3 0x80000a32 (0x3801a897) x17 0xb801aa32
core   0: 0x80000a36 (0x012fd893) srli    a7, t6, 18
core   0: 3 0x80000a36 (0x012fd893) x17 0x00000000
core   0: 0x80000a3a (0x00001559) c.addi  a0, -10
core   0: 3 0x80000a3a (0x1559) x10 0x00000000
core   0: 0x80000a3c (0x45f18413) addi    s0, gp, 1119
core   0: 3 0x80000a3c (0x45f18413) x8  0x0000045f
core   0: 0x80000a40 (0x00005ddd) c.li    s11, -9
core   0: 3 0x80000a40 (0x5ddd) x27 0xfffffff7
core   0: 0x80000a42 (0x000042a9) c.li    t0, 10
core   0: 3 0x80000a42 (0x42a9) x5  0x0000000a
core   0: 0x80000a44 (0x02bf0233) mul     tp, t5, a1
core   0: 3 0x80000a44 (0x02bf0233) x4  0x000a7490
core   0: 0x80000a48 (0x00000da9) c.addi  s11, 10
core   0: 3 0x80000a48 (0x0da9) x27 0x00000001
core   0: 0x80000a4a (0x00001a7d) c.addi  s4, -1
core   0: 3 0x80000a4a (0x1a7d) x20 0xffffffff
core   0: 0x80000a4c (0xfe5dece3) bltu    s11, t0, pc - 8
core   0: 3 0x80000a4c (0xfe5dece3)
core   0: 0x80000a44 (0x02bf0233) mul     tp, t5, a1
core   0: 3 0x80000a44 (0x02bf0233) x4  0x000a7490
core   0: 0x80000a48 (0x00000da9) c.addi  s11, 10
core   0: 3 0x80000a48 (0x0da9) x27 0x0000000b
core   0: 0x80000a4a (0x00001a7d) c.addi  s4, -1
core   0: 3 0x80000a4a (0x1a7d) x20 0xfffffffe
core   0: 0x80000a4c (0xfe5dece3) bltu    s11, t0, pc - 8
core   0: 3 0x80000a4c (0xfe5dece3)
core   0: 0x80000a50 (0xff6511e3) bne     a0, s6, pc - 30
core   0: 3 0x80000a50 (0xff6511e3)
core   0: 0x80000a54 (0x00006809) c.lui   a6, 0x2
core   0: 3 0x80000a54 (0x6809) x16 0x00002000
core   0: 0x80000a56 (0x00005771) c.li    a4, -4
core   0: 3 0x80000a56 (0x5771) x14 0xfffffffc
core   0: 0x80000a58 (0x00000001) c.nop
core   0: 3 0x80000a58 (0x0001)
core   0: 0x80000a5a (0x0117b533) sltu    a0, a5, a7
core   0: 3 0x80000a5a (0x0117b533) x10 0x00000000
core   0: 0x80000a5e (0x0313c193) xori    gp, t2, 49
core   0: 3 0x80000a5e (0x0313c193) x3  0xfffffd86
core   0: 0x80000a62 (0x00000705) c.addi  a4, 1
core   0: 3 0x80000a62 (0x0705) x14 0xfffffffd
core   0: 0x80000a64 (0x00004929) c.li    s2, 10
core   0: 3 0x80000a64 (0x4929) x18 0x0000000a
core   0: 0x80000a66 (0x000042a5) c.li    t0, 9
core   0: 3 0x80000a66 (0x42a5) x5  0x00000009
core   0: 0x80000a68 (0x00b2c8b3) xor     a7, t0, a1
core   0: 3 0x80000a68 (0x00b2c8b3) x17 0x0000000d
core   0: 0x80000a6c (0x00001975) c.addi  s2, -3
core   0: 3 0x80000a6c (0x1975) x18 0x00000007
core   0: 0x80000a6e (0xfe597de3) bgeu    s2, t0, pc - 6
core   0: 3 0x80000a6e (0xfe597de3)
core   0: 0x80000a72 (0x0000d765) c.beqz  a4, pc - 24
core   0: 3 0x80000a72 (0xd765)
core   0: 0x80000a74 (0x000084b1) c.srai  s1, 12
core   0: 3 0x80000a74 (0x84b1) x9  0x00000000
core   0: 0x80000a76 (0x00010b17) auipc   s6, 0x10
core   0: 3 0x80000a76 (0x00010b17) x22 0x80010a76
core   0: 0x80000a7a (0x894b0b13) addi    s6, s6, -1900
core   0: 3 0x80000a7a (0x894b0b13) x22 0x8001030a
core   0: 0x80000a7e (0x007b4703) lbu     a4, 7(s6)
core   0: 3 0x80000a7e (0x007b4703) x14 0x00000000 mem 0x80010311
core   0: 0x80000a82 (0xff0b1503) lh      a0, -16(s6)
core   0: 3 0x80000a82 (0xff0b1503) x10 0x00000000 mem 0x800102fa
core   0: 0x80000a86 (0xff1b0fa3) sb      a7, -1(s6)
core   0: 3 0x80000a86 (0xff1b0fa3) mem 0x80010309 0x0d
core   0: 0x80000a8a (0x00008b29) c.andi  a4, 10
core   0: 3 0x80000a8a (0x8b29) x14 0x00000000
core   0: 0x80000a8c (0x000099fd) c.andi  a1, -1
core   0: 3 0x80000a8c (0x99fd) x11 0x00000004
core   0: 0x80000a8e (0x00008db9) c.xor   a1, a4
core   0: 3 0x80000a8e (0x8db9) x11 0x00000004
core   0: 0x80000a90 (0x00ea1e13) slli    t3, s4, 14
core   0: 3 0x80000a90 (0x00ea1e13) x28 0xffff8000
core   0: 0x80000a94 (0x00000001) c.nop
core   0: 3 0x80000a94 (0x0001)
core   0: 0x80000a96 (0x014b01a3) sb      s4, 3(s6)
core   0: 3 0x80000a96 (0x014b01a3) mem 0x8001030d 0xfe
core   0: 0x80000a9a (0x00a73e33) sltu    t3, a4, a0
core   0: 3 0x80000a9a (0x00a73e33) x28 0x00000000
core   0: 0x80000a9e (0x02e585b3) mul     a1, a1, a4
core   0: 3 0x80000a9e (0x02e585b3) x11 0x00000000
core   0: 0x80000aa2 (0x00008345) c.srli  a4, 17
core   0: 3 0x80000aa2 (0x8345) x14 0x00000000
core   0: 0x80000aa4 (0xc5576a13) ori     s4, a4, -939
core   0: 3 0x80000aa4 (0xc5576a13) x20 0xfffffc55
core   0: 0x80000aa8 (0x00b77a33) and     s4, a4, a1
core   0: 3 0x80000aa8 (0x00b77a33) x20 0x00000000
core   0: 0x80000aac (0xff5b4583) lbu     a1, -11(s6)
core   0: 3 0x80000aac (0xff5b4583) x11 0x00000000 mem 0x800102ff
core   0: 0x80000ab0 (0xffcb1c23) sh      t3, -8(s6)
core   0: 3 0x80000ab0 (0xffcb1c23) mem 0x80010302 0x0000
core   0: 0x80000ab4 (0x031588b3) mul     a7, a1, a7
core   0: 3 0x80000ab4 (0x031588b3) x17 0x00000000
core   0: 0x80000ab8 (0x00aa45b3) xor     a1, s4, a0
core   0: 3 0x80000ab8 (0x00aa45b3) x11 0x00000000
core   0: 0x80000abc (0x003b4583) lbu     a1, 3(s6)
core   0: 3 0x80000abc (0x003b4583) x11 0x000000fe mem 0x8001030d
core   0: 0x80000ac0 (0x00ab02a3) sb      a0, 5(s6)
core   0: 3 0x80000ac0 (0x00ab02a3) mem 0x8001030f 0x00
core   0: 0x80000ac4 (0x014b2523) sw      s4, 10(s6)
core   0: 3 0x80000ac4 (0x014b2523) mem 0x80010314 0x00000000
core   0: 0x80000ac8 (0x014e4733) xor     a4, t3, s4
core   0: 3 0x80000ac8 (0x014e4733) x14 0x00000000
core   0: 0x80000acc (0x010b1a03) lh      s4, 16(s6)
core   0: 3 0x80000acc (0x010b1a03) x20 0x00000000 mem 0x8001031a
core   0: 0x80000ad0 (0xf8f06e37) lui     t3, 0xf8f06
core   0: 3 0x80000ad0 (0xf8f06e37) x28 0xf8f06000
core   0: 0x80000ad4 (0xff1b0da3) sb      a7, -5(s6)
core   0: 3 0x80000ad4 (0xff1b0da3) mem 0x80010305 0x00
core   0: 0x80000ad8 (0xec8a6e13) ori     t3, s4, -312
core   0: 3 0x80000ad8 (0xec8a6e13) x28 0xfffffec8
core   0: 0x80000adc (0xff0b0e03) lb      t3, -16(s6)
core   0: 3 0x80000adc (0xff0b0e03) x28 0x00000000 mem 0x800102fa
core   0: 0x80000ae0 (0x00ab2883) lw      a7, 10(s6)
core   0: 3 0x80000ae0 (0x00ab2883) x17 0x00000000 mem 0x80010314
core   0: 0x80000ae4 (0x00ab5703) lhu     a4, 10(s6)
core   0: 3 0x80000ae4 (0x00ab5703) x14 0x00000000 mem 0x80010314
core   0: 0x80000ae8 (0x00009a52) c.add   s4, s4
core   0: 3 0x80000ae8 (0x9a52) x20 0x00000000
core   0: 0x80000aea (0xff1b4583) lbu     a1, -15(s6)
core   0: 3 0x80000aea (0xff1b4583) x11 0x00000000 mem 0x800102fb
core   0: 0x80000aee (0x00eb2703) lw      a4, 14(s6)
core   0: 3 0x80000aee (0x00eb2703) x14 0x00000000 mem 0x80010318
core   0: 0x80000af2 (0x00008555) c.srai  a0, 21
core   0: 3 0x80000af2 (0x8555) x10 0x00000000
core   0: 0x80000af4 (0xfebb09a3) sb      a1, -13(s6)
core   0: 3 0x80000af4 (0xfebb09a3) mem 0x800102fd 0x00
core   0: 0x80000af8 (0x00008de9) c.and   a1, a0
core   0: 3 0x80000af8 (0x8de9) x11 0x00000000
core   0: 0x80000afa (0x02b5a533) mulhsu  a0, a1, a1
core   0: 3 0x80000afa (0x02b5a533) x10 0x00000000
core   0: 0x80000afe (0x005b4703) lbu     a4, 5(s6)
core   0: 3 0x80000afe (0x005b4703) x14 0x00000000 mem 0x8001030f
core   0: 0x80000b02 (0xff9b4e03) lbu     t3, -7(s6)
core   0: 3 0x80000b02 (0xff9b4e03) x28 0x00000000 mem 0x80010303
core   0: 0x80000b06 (0x000058fd) c.li    a7, -1
core   0: 3 0x80000b06 (0x58fd) x17 0xffffffff
core   0: 0x80000b08 (0x40be0533) sub     a0, t3, a1
core   0: 3 0x80000b08 (0x40be0533) x10 0x00000000
core   0: 0x80000b0c (0x014a05b3) add     a1, s4, s4
core   0: 3 0x80000b0c (0x014a05b3) x11 0x00000000
core   0: 0x80000b10 (0x00000001) c.nop
core   0: 3 0x80000b10 (0x0001)
core   0: 0x80000b12 (0x000085ad) c.srai  a1, 11
core   0: 3 0x80000b12 (0x85ad) x11 0x00000000
core   0: 0x80000b14 (0x00ea68b3) or      a7, s4, a4
core   0: 3 0x80000b14 (0x00ea68b3) x17 0x00000000
core   0: 0x80000b18 (0x014b06a3) sb      s4, 13(s6)
core   0: 3 0x80000b18 (0x014b06a3) mem 0x80010317 0x00
core   0: 0x80000b1c (0x002b2703) lw      a4, 2(s6)
core   0: 3 0x80000b1c (0x002b2703) x14 0x0000fe00 mem 0x8001030c
core   0: 0x80000b20 (0x011b2723) sw      a7, 14(s6)
core   0: 3 0x80000b20 (0x011b2723) mem 0x80010318 0x00000000
core   0: 0x80000b24 (0x00004129) c.li    sp, 10
core   0: 3 0x80000b24 (0x4129) x2  0x0000000a
core   0: 0x80000b26 (0x00005871) c.li    a6, -4
core   0: 3 0x80000b26 (0x5871) x16 0xfffffffc
core   0: 0x80000b28 (0x03b6f333) remu    t1, a3, s11
core   0: 3 0x80000b28 (0x03b6f333) x6  0x00000000
core   0: 0x80000b2c (0x00001179) c.addi  sp, -2
core   0: 3 0x80000b2c (0x1179) x2  0x00000008
core   0: 0x80000b2e (0xff010de3) beq     sp, a6, pc - 6
core   0: 3 0x80000b2e (0xff010de3)
core   0: 0x80000b32 (0x01dd9c13) slli    s8, s11, 29
core   0: 3 0x80000b32 (0x01dd9c13) x24 0x60000000
core   0: 0x80000b36 (0x00010217) auipc   tp, 0x10
core   0: 3 0x80000b36 (0x00010217) x4  0x80010b36
core   0: 0x80000b3a (0xbb120213) addi    tp, tp, -1103
core   0: 3 0x80000b3a (0xbb120213) x4  0x800106e7
core   0: 0x80000b3e (0xadd24183) lbu     gp, -1315(tp)
core   0: 3 0x80000b3e (0xadd24183) x3  0x00000000 mem 0x800101c4
core   0: 0x80000b42 (0xe4620423) sb      t1, -440(tp)
core   0: 3 0x80000b42 (0xe4620423) mem 0x8001052f 0x00
core   0: 0x80000b46 (0x34725283) lhu     t0, 839(tp)
core   0: 3 0x80000b46 (0x34725283) x5  0x00000000 mem 0x80010a2e
core   0: 0x80000b4a (0x89f22697) auipc   a3, 0x89f22
core   0: 3 0x80000b4a (0x89f22697) x13 0x09f22b4a
core   0: 0x80000b4e (0xb1122083) lw      ra, -1263(tp)
core   0: 3 0x80000b4e (0xb1122083) x1  0x00000000 mem 0x800101f8
core   0: 0x80000b52 (0x9bf24683) lbu     a3, -1601(tp)
core   0: 3 0x80000b52 (0x9bf24683) x13 0x00000000 mem 0x800100a6
core   0: 0x80000b56 (0x1309a613) slti    a2, s3, 304
core   0: 3 0x80000b56 (0x1309a613) x12 0x00000001
core   0: 0x80000b5a (0xb4f24783) lbu     a5, -1201(tp)
core   0: 3 0x80000b5a (0xb4f24783) x15 0x00000000 mem 0x80010236
core   0: 0x80000b5e (0x02420c03) lb      s8, 36(tp)
core   0: 3 0x80000b5e (0x02420c03) x24 0x00000000 mem 0x8001070b
core   0: 0x80000b62 (0x13b208a3) sb      s11, 305(tp)
core   0: 3 0x80000b62 (0x13b208a3) mem 0x80010818 0x0b
core   0: 0x80000b66 (0xc5a20003) lb      zero, -934(tp)
core   0: 3 0x80000b66 (0xc5a20003) mem 0x80010341
core   0: 0x80000b6a (0xb6a20723) sb      a0, -1170(tp)
core   0: 3 0x80000b6a (0xb6a20723) mem 0x80010255 0x00
core   0: 0x80000b6e (0x5ba3f993) andi    s3, t2, 1466
core   0: 3 0x80000b6e (0x5ba3f993) x19 0x000005b2
core   0: 0x80000b72 (0x0000826d) c.srli  a2, 27
core   0: 3 0x80000b72 (0x826d) x12 0x00000000
core   0: 0x80000b74 (0x01431db3) sll     s11, t1, s4
core   0: 3 0x80000b74 (0x01431db3) x27 0x00000000
core   0: 0x80000b78 (0x00008db9) c.xor   a1, a4
core   0: 3 0x80000b78 (0x8db9) x11 0x0000fe00
core   0: 0x80000b7a (0x00220083) lb      ra, 2(tp)
core   0: 3 0x80000b7a (0x00220083) x1  0x00000000 mem 0x800106e9
core   0: 0x80000b7e (0xe0920ba3) sb      s1, -489(tp)
core   0: 3 0x80000b7e (0xe0920ba3) mem 0x800104fe 0x00
core   0: 0x80000b82 (0x015844b3) xor     s1, a6, s5
core   0: 3 0x80000b82 (0x015844b3) x9  0xfffffff4
core   0: 0x80000b86 (0x0181ad33) slt     s10, gp, s8
core   0: 3 0x80000b86 (0x0181ad33) x26 0x00000000
core   0: 0x80000b8a (0x00a0b8b3) sltu    a7, ra, a0
core   0: 3 0x80000b8a (0x00a0b8b3) x17 0x00000000
core   0: 0x80000b8e (0x000003c2) c.slli  t2, 16
core   0: 3 0x80000b8e (0x03c2) x7  0xfdb70000
core   0: 0x80000b90 (0xbec20e03) lb      t3, -1044(tp)
core   0: 3 0x80000b90 (0xbec20e03) x28 0x00000000 mem 0x800102d3
core   0: 0x80000b94 (0x23a20623) sb      s10, 556(tp)
core   0: 3 0x80000b94 (0x23a20623) mem 0x80010913 0x00
core   0: 0x80000b98 (0x000082dd) c.srli  a3, 23
core   0: 3 0x80000b98 (0x82dd) x13 0x00000000
core   0: 0x80000b9a (0x015b92b3) sll     t0, s7, s5
core   0: 3 0x80000b9a (0x015b92b3) x5  0x2c693400
core   0: 0x80000b9e (0x032d82b3) mul     t0, s11, s2
core   0: 3 0x80000b9e (0x032d82b3) x5  0x00000000
core   0: 0x80000ba2 (0xfd2214a3) sh      s2, -55(tp)
core   0: 3 0x80000ba2 (0xfd2214a3) mem 0x800106b0 0x0007
core   0: 0x80000ba6 (0x67a20503) lb      a0, 1658(tp)
core   0: 3 0x80000ba6 (0x67a20503) x10 0x00000000 mem 0x80010d61
core   0: 0x80000baa (0x7c522883) lw      a7, 1989(tp)
core   0: 3 0x80000baa (0x7c522883) x17 0x00000000 mem 0x80010eac
core   0: 0x80000bae (0x039f8933) mul     s2, t6, s9
core   0: 3 0x80000bae (0x039f8933) x18 0x00000000
core   0: 0x80000bb2 (0x0000717d) c.addi16sp sp, -16
core   0: 3 0x80000bb2 (0x717d) x2  0xfffffff8
core   0: 0x80000bb4 (0x6f720323) sb      s7, 1766(tp)
core   0: 3 0x80000bb4 (0x6f720323) mem 0x80010dcd 0x34
core   0: 0x80000bb8 (0x9cd24403) lbu     s0, -1587(tp)
core   0: 3 0x80000bb8 (0x9cd24403) x8  0x00000000 mem 0x800100b4
core   0: 0x80000bbc (0x00009c9e) c.add   s9, t2
core   0: 3 0x80000bbc (0x9c9e) x25 0xfdb70000
core   0: 0x80000bbe (0xa7522403) lw      s0, -1419(tp)
core   0: 3 0x80000bbe (0xa7522403) x8  0x00000000 mem 0x8001015c
core   0: 0x80000bc2 (0x63b25c03) lhu     s8, 1595(tp)
core   0: 3 0x80000bc2 (0x63b25c03) x24 0x00000000 mem 0x80010d22
core   0: 0x80000bc6 (0x000096f2) c.add   a3, t3
core   0: 3 0x80000bc6 (0x96f2) x13 0x00000000
core   0: 0x80000bc8 (0x028ebb33) mulhu   s6, t4, s0
core   0: 3 0x80000bc8 (0x028ebb33) x22 0x00000000
core   0: 0x80000bcc (0xd1b21383) lh      t2, -741(tp)
core   0: 3 0x80000bcc (0xd1b21383) x7  0x00000000 mem 0x80010402
core   0: 0x80000bd0 (0xc2a24703) lbu     a4, -982(tp)
core   0: 3 0x80000bd0 (0xc2a24703) x14 0x00000000 mem 0x80010311
core   0: 0x80000bd4 (0xc19d3493) sltiu   s1, s10, -999
core   0: 3 0x80000bd4 (0xc19d3493) x9  0x00000001
core   0: 0x80000bd8 (0x032625b3) mulhsu  a1, a2, s2
core   0: 3 0x80000bd8 (0x032625b3) x11 0x00000000
core   0: 0x80000bdc (0x0f037413) andi    s0, t1, 240
core   0: 3 0x80000bdc (0x0f037413) x8  0x00000000
core   0: 0x80000be0 (0x00009b7d) c.andi  a4, -1
core   0: 3 0x80000be0 (0x9b7d) x14 0x00000000
core   0: 0x80000be2 (0x018351b3) srl     gp, t1, s8
core   0: 3 0x80000be2 (0x018351b3) x3  0x00000000
core   0: 0x80000be6 (0x0172b033) sltu    zero, t0, s7
core   0: 3 0x80000be6 (0x0172b033)
core   0: 0x80000bea (0x5eb21303) lh      t1, 1515(tp)
core   0: 3 0x80000bea (0x5eb21303) x6  0x00000000 mem 0x80010cd2
core   0: 0x80000bee (0x00013817) auipc   a6, 0x13
core   0: 3 0x80000bee (0x00013817) x16 0x80013bee
core   0: 0x80000bf2 (0x4d680813) addi    a6, a6, 1238
core   0: 3 0x80000bf2 (0x4d680813) x16 0x800140c4
core   0: 0x80000bf6 (0x00008655) c.srai  a2, 21
core   0: 3 0x80000bf6 (0x8655) x12 0x00000000
core   0: 0x80000bf8 (0xf2e805a3) sb      a4, -213(a6)
core   0: 3 0x80000bf8 (0xf2e805a3) mem 0x80013fef 0x00
core   0: 0x80000bfc (0x04b80d03) lb      s10, 75(a6)
core   0: 3 0x80000bfc (0x04b80d03) x26 0x00000000 mem 0x8001410f
core   0: 0x80000c00 (0x02c1a633) mulhsu  a2, gp, a2
core   0: 3 0x80000c00 (0x02c1a633) x12 0x00000000
core   0: 0x80000c04 (0x0c184c83) lbu     s9, 193(a6)
core   0: 3 0x80000c04 (0x0c184c83) x25 0x00000000 mem 0x80014185
core   0: 0x80000c08 (0x40e75333) sra     t1, a4, a4
core   0: 3 0x80000c08 (0x40e75333) x6  0x00000000
core   0: 0x80000c0c (0xf4284603) lbu     a2, -190(a6)
core   0: 3 0x80000c0c (0xf4284603) x12 0x00000000 mem 0x80014006
core   0: 0x80000c10 (0x40e1dd13) srai    s10, gp, 14
core   0: 3 0x80000c10 (0x40e1dd13) x26 0x00000000
core   0: 0x80000c14 (0x92a64613) xori    a2, a2, -1750
core   0: 3 0x80000c14 (0x92a64613) x12 0xfffff92a
core   0: 0x80000c18 (0x41a70cb3) sub     s9, a4, s10
core   0: 3 0x80000c18 (0x41a70cb3) x25 0x00000000
core   0: 0x80000c1c (0x000081ba) c.mv    gp, a4
core   0: 3 0x80000c1c (0x81ba) x3  0x00000000
core   0: 0x80000c1e (0x04184303) lbu     t1, 65(a6)
core   0: 3 0x80000c1e (0x04184303) x6  0x00000000 mem 0x80014105
core   0: 0x80000c22 (0x00009b7d) c.andi  a4, -1
core   0: 3 0x80000c22 (0x9b7d) x14 0x00000000
core   0: 0x80000c24 (0x00cd4d33) xor     s10, s10, a2
core   0: 3 0x80000c24 (0x00cd4d33) x26 0xfffff92a
core   0: 0x80000c28 (0x0000960e) c.add   a2, gp
core   0: 3 0x80000c28 (0x960e) x12 0xfffff92a
core   0: 0x80000c2a (0x02c1d633) divu    a2, gp, a2
core   0: 3 0x80000c2a (0x02c1d633) x12 0x00000000
core   0: 0x80000c2e (0x02c63cb3) mulhu   s9, a2, a2
core   0: 3 0x80000c2e (0x02c63cb3) x25 0x00000000
core   0: 0x80000c32 (0x02cc81b3) mul     gp, s9, a2
core   0: 3 0x80000c32 (0x02cc81b3) x3  0x00000000
core   0: 0x80000c36 (0xf4c81f23) sh      a2, -162(a6)
core   0: 3 0x80000c36 (0xf4c81f23) mem 0x80014022 0x0000
core   0: 0x80000c3a (0x02c601b3) mul     gp, a2, a2
core   0: 3 0x80000c3a (0x02c601b3) x3  0x00000000
core   0: 0x80000c3e (0x00000001) c.nop
core   0: 3 0x80000c3e (0x0001)
core   0: 0x80000c40 (0x01465c93) srli    s9, a2, 20
core   0: 3 0x80000c40 (0x01465c93) x25 0x00000000
core   0: 0x80000c44 (0x406c8633) sub     a2, s9, t1
core   0: 3 0x80000c44 (0x406c8633) x12 0x00000000
core   0: 0x80000c48 (0x026c81b3) mul     gp, s9, t1
core   0: 3 0x80000c48 (0x026c81b3) x3  0x00000000
core   0: 0x80000c4c (0x16350cb7) lui     s9, 0x16350
core   0: 3 0x80000c4c (0x16350cb7) x25 0x16350000
core   0: 0x80000c50 (0x0e880603) lb      a2, 232(a6)
core   0: 3 0x80000c50 (0x0e880603) x12 0x00000000 mem 0x800141ac
core   0: 0x80000c54 (0x01a19cb3) sll     s9, gp, s10
core   0: 3 0x80000c54 (0x01a19cb3) x25 0x00000000
core   0: 0x80000c58 (0x00008f79) c.and   a4, a4
core   0: 3 0x80000c58 (0x8f79) x14 0x00000000
core   0: 0x80000c5a (0x0d750637) lui     a2, 0xd750
core   0: 3 0x80000c5a (0x0d750637) x12 0x0d750000
core   0: 0x80000c5e (0x0f780c83) lb      s9, 247(a6)
core   0: 3 0x80000c5e (0x0f780c83) x25 0x00000000 mem 0x800141bb
core   0: 0x80000c62 (0xfcf80703) lb      a4, -49(a6)
core   0: 3 0x80000c62 (0xfcf80703) x14 0x00000000 mem 0x80014093
core   0: 0x80000c66 (0x00000191) c.addi  gp, 4
core   0: 3 0x80000c66 (0x0191) x3  0x00000004
core   0: 0x80000c68 (0xb15ccd13) xori    s10, s9, -1259
core   0: 3 0x80000c68 (0xb15ccd13) x26 0xfffffb15
core   0: 0x80000c6c (0x00ccd633) srl     a2, s9, a2
core   0: 3 0x80000c6c (0x00ccd633) x12 0x00000000
core   0: 0x80000c70 (0xfd485183) lhu     gp, -44(a6)
core   0: 3 0x80000c70 (0xfd485183) x3  0x00000000 mem 0x80014098
core   0: 0x80000c74 (0xf1a82423) sw      s10, -248(a6)
core   0: 3 0x80000c74 (0xf1a82423) mem 0x80013fcc 0xfffffb15
core   0: 0x80000c78 (0x40c1dcb3) sra     s9, gp, a2
core   0: 3 0x80000c78 (0x40c1dcb3) x25 0x00000000
core   0: 0x80000c7c (0x00cc81b3) add     gp, s9, a2
core   0: 3 0x80000c7c (0x00cc81b3) x3  0x00000000
core   0: 0x80000c80 (0x00008e79) c.and   a2, a4
core   0: 3 0x80000c80 (0x8e79) x12 0x00000000
core   0: 0x80000c82 (0x06380fa3) sb      gp, 127(a6)
core   0: 3 0x80000c82 (0x06380fa3) mem 0x80014143 0x00
core   0: 0x80000c86 (0xfaa80183) lb      gp, -86(a6)
core   0: 3 0x80000c86 (0xfaa80183) x3  0x00000000 mem 0x8001406e
core   0: 0x80000c8a (0x00010917) auipc   s2, 0x10
core   0: 3 0x80000c8a (0x00010917) x18 0x80010c8a
core   0: 0x80000c8e (0xafb90913) addi    s2, s2, -1285
core   0: 3 0x80000c8e (0xafb90913) x18 0x80010785
core   0: 0x80000c92 (0xd8453113) sltiu   sp, a0, -636
core   0: 3 0x80000c92 (0xd8453113) x2  0x00000001
core   0: 0x80000c96 (0x02b90683) lb      a3, 43(s2)
core   0: 3 0x80000c96 (0x02b90683) x13 0x00000000 mem 0x800107b0
core   0: 0x80000c9a (0x03f905a3) sb      t6, 43(s2)
core   0: 3 0x80000c9a (0x03f905a3) mem 0x800107b0 0x10
core   0: 0x80000c9e (0x022905a3) sb      sp, 43(s2)
core   0: 3 0x80000c9e (0x022905a3) mem 0x800107b0 0x01
core   0: 0x80000ca2 (0x02b92483) lw      s1, 43(s2)
core   0: 3 0x80000ca2 (0x02b92483) x9  0x00000001 mem 0x800107b0
core   0: 0x80000ca6 (0x02b92e03) lw      t3, 43(s2)
core   0: 3 0x80000ca6 (0x02b92e03) x28 0x00000001 mem 0x800107b0
core   0: 0x80000caa (0x023925a3) sw      gp, 43(s2)
core   0: 3 0x80000caa (0x023925a3) mem 0x800107b0 0x00000000
core   0: 0x80000cae (0x02b94d03) lbu     s10, 43(s2)
core   0: 3 0x80000cae (0x02b94d03) x26 0x00000000 mem 0x800107b0
core   0: 0x80000cb2 (0x038915a3) sh      s8, 43(s2)
core   0: 3 0x80000cb2 (0x038915a3) mem 0x800107b0 0x0000
core   0: 0x80000cb6 (0x02b95483) lhu     s1, 43(s2)
core   0: 3 0x80000cb6 (0x02b95483) x9  0x00000000 mem 0x800107b0
core   0: 0x80000cba (0xfc694c03) lbu     s8, -58(s2)
core   0: 3 0x80000cba (0xfc694c03) x24 0x00000000 mem 0x8001074b
core   0: 0x80000cbe (0x03716733) rem     a4, sp, s7
core   0: 3 0x80000cbe (0x03716733) x14 0x00000001
core   0: 0x80000cc2 (0xfc490323) sb      tp, -58(s2)
core   0: 3 0x80000cc2 (0xfc490323) mem 0x8001074b 0xe7
core   0: 0x80000cc6 (0x00008ff9) c.and   a5, a4
core   0: 3 0x80000cc6 (0x8ff9) x15 0x00000000
core   0: 0x80000cc8 (0xfc690303) lb      t1, -58(s2)
core   0: 3 0x80000cc8 (0xfc690303) x6  0xffffffe7 mem 0x8001074b
core   0: 0x80000ccc (0x01a90e23) sb      s10, 28(s2)
core   0: 3 0x80000ccc (0x01a90e23) mem 0x800107a1 0x00
core   0: 0x80000cd0 (0x01c90283) lb      t0, 28(s2)
core   0: 3 0x80000cd0 (0x01c90283) x5  0x00000000 mem 0x800107a1
core   0: 0x80000cd4 (0x00010117) auipc   sp, 0x10
core   0: 3 0x80000cd4 (0x00010117) x2  0x80010cd4
core   0: 0x80000cd8 (0x2c410113) addi    sp, sp, 708
core   0: 3 0x80000cd8 (0x2c410113) x2  0x80010f98
core   0: 0x80000cdc (0xf1215183) lhu     gp, -238(sp)
core   0: 3 0x80000cdc (0xf1215183) x3  0x00000000 mem 0x80010eaa
core   0: 0x80000ce0 (0x00008c6d) c.and   s0, a1
core   0: 3 0x80000ce0 (0x8c6d) x8  0x00000000
core   0: 0x80000ce2 (0x00000fe1) c.addi  t6, 24
core   0: 3 0x80000ce2 (0x0fe1) x31 0x00000028
core   0: 0x80000ce4 (0xba411603) lh      a2, -1116(sp)
core   0: 3 0x80000ce4 (0xba411603) x12 0x00000000 mem 0x80010b3c
core   0: 0x80000ce8 (0xe8b10203) lb      tp, -373(sp)
core   0: 3 0x80000ce8 (0xe8b10203) x4  0x00000000 mem 0x80010e23
core   0: 0x80000cec (0xf6705c17) auipc   s8, 0xf6705
core   0: 3 0x80000cec (0xf6705c17) x24 0x76705cec
core   0: 0x80000cf0 (0x000055b2) c.lwsp  a1, 44(sp)
core   0: 3 0x80000cf0 (0x55b2) x11 0x00000000 mem 0x80010fc4
core   0: 0x80000cf2 (0x409b5033) sra     zero, s6, s1
core   0: 3 0x80000cf2 (0x409b5033)
core   0: 0x80000cf6 (0xf7215703) lhu     a4, -142(sp)
core   0: 3 0x80000cf6 (0xf7215703) x14 0x00000000 mem 0x80010f0a
core   0: 0x80000cfa (0x9ab14d03) lbu     s10, -1621(sp)
core   0: 3 0x80000cfa (0x9ab14d03) x26 0x00000000 mem 0x80010943
core   0: 0x80000cfe (0x012b6fb3) or      t6, s6, s2
core   0: 3 0x80000cfe (0x012b6fb3) x31 0x80010785
core   0: 0x80000d02 (0x00008ffa) c.mv    t6, t5
core   0: 3 0x80000d02 (0x8ffa) x31 0x80029d24
core   0: 0x80000d04 (0x0019a8b3) slt     a7, s3, ra
core   0: 3 0x80000d04 (0x0019a8b3) x17 0x00000000
core   0: 0x80000d08 (0x00000a2a) c.slli  s4, 10
core   0: 3 0x80000d08 (0x0a2a) x20 0x00000000
core   0: 0x80000d0a (0x04e11983) lh      s3, 78(sp)
core   0: 3 0x80000d0a (0x04e11983) x19 0x00000000 mem 0x80010fe6
core   0: 0x80000d0e (0x018103a3) sb      s8, 7(sp)
core   0: 3 0x80000d0e (0x018103a3) mem 0x80010f9f 0xec
core   0: 0x80000d12 (0xbcc14603) lbu     a2, -1076(sp)
core   0: 3 0x80000d12 (0xbcc14603) x12 0x00000000 mem 0x80010b64
core   0: 0x80000d16 (0x49c60913) addi    s2, a2, 1180
core   0: 3 0x80000d16 (0x49c60913) x18 0x0000049c
core   0: 0x80000d1a (0x019a9333) sll     t1, s5, s9
core   0: 3 0x80000d1a (0x019a9333) x6  0x00000008
core   0: 0x80000d1e (0x00000e3e) c.slli  t3, 15
core   0: 3 0x80000d1e (0x0e3e) x28 0x00008000
core   0: 0x80000d20 (0x8c611303) lh      t1, -1850(sp)
core   0: 3 0x80000d20 (0x8c611303) x6  0xffff8002 mem 0x8001085e
core   0: 0x80000d24 (0xb9710303) lb      t1, -1129(sp)
core   0: 3 0x80000d24 (0xb9710303) x6  0x00000000 mem 0x80010b2f
core   0: 0x80000d28 (0x9b310ba3) sb      s3, -1609(sp)
core   0: 3 0x80000d28 (0x9b310ba3) mem 0x8001094f 0x00
core   0: 0x80000d2c (0xc1290893) addi    a7, s2, -1006
core   0: 3 0x80000d2c (0xc1290893) x17 0x000000ae
core   0: 0x80000d30 (0x5222b993) sltiu   s3, t0, 1314
core   0: 3 0x80000d30 (0x5222b993) x19 0x00000001
core   0: 0x80000d34 (0x03cdf533) remu    a0, s11, t3
core   0: 3 0x80000d34 (0x03cdf533) x10 0x00000000
core   0: 0x80000d38 (0xf1410aa3) sb      s4, -235(sp)
core   0: 3 0x80000d38 (0xf1410aa3) mem 0x80010ead 0x00
core   0: 0x80000d3c (0xf0b14403) lbu     s0, -245(sp)
core   0: 3 0x80000d3c (0xf0b14403) x8  0x00000000 mem 0x80010ea3
core   0: 0x80000d40 (0x03e41cb3) mulh    s9, s0, t5
core   0: 3 0x80000d40 (0x03e41cb3) x25 0x00000000
core   0: 0x80000d44 (0x00008839) c.andi  s0, 14
core   0: 3 0x80000d44 (0x8839) x8  0x00000000
core   0: 0x80000d46 (0x0305b733) mulhu   a4, a1, a6
core   0: 3 0x80000d46 (0x0305b733) x14 0x00000000
core   0: 0x80000d4a (0x02446293) ori     t0, s0, 36
core   0: 3 0x80000d4a (0x02446293) x5  0x00000024
core   0: 0x80000d4e (0xaa514683) lbu     a3, -1371(sp)
core   0: 3 0x80000d4e (0xaa514683) x13 0x00000000 mem 0x80010a3d
core   0: 0x80000d52 (0x411dda33) sra     s4, s11, a7
core   0: 3 0x80000d52 (0x411dda33) x20 0x00000000
core   0: 0x80000d56 (0x000085d5) c.srai  a1, 21
core   0: 3 0x80000d56 (0x85d5) x11 0x00000000
core   0: 0x80000d58 (0x0209a833) mulhsu  a6, s3, zero
core   0: 3 0x80000d58 (0x0209a833) x16 0x00000000
core   0: 0x80000d5c (0x00008dc6) c.mv    s11, a7
core   0: 3 0x80000d5c (0x8dc6) x27 0x000000ae
core   0: 0x80000d5e (0x00008d45) c.or    a0, s1
core   0: 3 0x80000d5e (0x8d45) x10 0x00000000
core   0: 0x80000d60 (0x40f80e33) sub     t3, a6, a5
core   0: 3 0x80000d60 (0x40f80e33) x28 0x00000000
core   0: 0x80000d64 (0x9a710da3) sb      t2, -1605(sp)
core   0: 3 0x80000d64 (0x9a710da3) mem 0x80010953 0x00
core   0: 0x80000d68 (0x03eedfb3) divu    t6, t4, t5
core   0: 3 0x80000d68 (0x03eedfb3) x31 0x00000000
core   0: 0x80000d6c (0xc8d14503) lbu     a0, -883(sp)
core   0: 3 0x80000d6c (0xc8d14503) x10 0x00000000 mem 0x80010c25
core   0: 0x80000d70 (0x8ba104a3) sb      s10, -1879(sp)
core   0: 3 0x80000d70 (0x8ba104a3) mem 0x80010841 0x00
core   0: 0x80000d74 (0xa9610d23) sb      s6, -1382(sp)
core   0: 3 0x80000d74 (0xa9610d23) mem 0x80010a32 0x00
core   0: 0x80000d78 (0x00a65c33) srl     s8, a2, a0
core   0: 3 0x80000d78 (0x00a65c33) x24 0x00000000
core   0: 0x80000d7c (0xb4815003) lhu     zero, -1208(sp)
core   0: 3 0x80000d7c (0xb4815003) mem 0x80010ae0
core   0: 0x80000d80 (0x83214083) lbu     ra, -1998(sp)
core   0: 3 0x80000d80 (0x83214083) x1  0x00000000 mem 0x800107ca
core   0: 0x80000d84 (0x00008d2d) c.xor   a0, a1
core   0: 3 0x80000d84 (0x8d2d) x10 0x00000000
core   0: 0x80000d86 (0xbfd10183) lb      gp, -1027(sp)
core   0: 3 0x80000d86 (0xbfd10183) x3  0x00000000 mem 0x80010b95
core   0: 0x80000d8a (0x00005b26) c.lwsp  s6, 104(sp)
core   0: 3 0x80000d8a (0x5b26) x22 0x00000000 mem 0x80011000
core   0: 0x80000d8c (0xf0010fa3) sb      zero, -225(sp)
core   0: 3 0x80000d8c (0xf0010fa3) mem 0x80010eb7 0x00
core   0: 0x80000d90 (0x0a914183) lbu     gp, 169(sp)
core   0: 3 0x80000d90 (0x0a914183) x3  0x00000000 mem 0x80011041
core   0: 0x80000d94 (0x8dc11b03) lh      s6, -1828(sp)
core   0: 3 0x80000d94 (0x8dc11b03) x22 0x00000000 mem 0x80010874
core   0: 0x80000d98 (0x8b910823) sb      s9, -1872(sp)
core   0: 3 0x80000d98 (0x8b910823) mem 0x80010848 0x00
core   0: 0x80000d9c (0x84910603) lb      a2, -1975(sp)
core   0: 3 0x80000d9c (0x84910603) x12 0x00000000 mem 0x800107e1
core   0: 0x80000da0 (0x00010497) auipc   s1, 0x10
core   0: 3 0x80000da0 (0x00010497) x9  0x80010da0
core   0: 0x80000da4 (0x68548493) addi    s1, s1, 1669
core   0: 3 0x80000da4 (0x68548493) x9  0x80011425
core   0: 0x80000da8 (0x02c0f2b3) remu    t0, ra, a2
core   0: 3 0x80000da8 (0x02c0f2b3) x5  0x00000000
core   0: 0x80000dac (0x02b49ba3) sh      a1, 55(s1)
core   0: 3 0x80000dac (0x02b49ba3) mem 0x8001145c 0x0000
core   0: 0x80000db0 (0x86c5b613) sltiu   a2, a1, -1940
core   0: 3 0x80000db0 (0x86c5b613) x12 0x00000001
core   0: 0x80000db4 (0xc2d0ab13) slti    s6, ra, -979
core   0: 3 0x80000db4 (0xc2d0ab13) x22 0x00000000
core   0: 0x80000db8 (0x00009a7d) c.andi  a2, -1
core   0: 3 0x80000db8 (0x9a7d) x12 0x00000001
core   0: 0x80000dba (0x87967613) andi    a2, a2, -1927
core   0: 3 0x80000dba (0x87967613) x12 0x00000001
core   0: 0x80000dbe (0x00c48b03) lb      s6, 12(s1)
core   0: 3 0x80000dbe (0x00c48b03) x22 0x00000000 mem 0x80011431
core   0: 0x80000dc2 (0x02c48823) sb      a2, 48(s1)
core   0: 3 0x80000dc2 (0x02c48823) mem 0x80011455 0x01
core   0: 0x80000dc6 (0x00508b33) add     s6, ra, t0
core   0: 3 0x80000dc6 (0x00508b33) x22 0x00000000
core   0: 0x80000dca (0x00cb52b3) srl     t0, s6, a2
core   0: 3 0x80000dca (0x00cb52b3) x5  0x00000000
core   0: 0x80000dce (0x00bb22b3) slt     t0, s6, a1
core   0: 3 0x80000dce (0x00bb22b3) x5  0x00000000
core   0: 0x80000dd2 (0x0139eb33) or      s6, s3, s3
core   0: 3 0x80000dd2 (0x0139eb33) x22 0x00000001
core   0: 0x80000dd6 (0x00248603) lb      a2, 2(s1)
core   0: 3 0x80000dd6 (0x00248603) x12 0x00000000 mem 0x80011427
core   0: 0x80000dda (0x43f0f593) andi    a1, ra, 1087
core   0: 3 0x80000dda (0x43f0f593) x11 0x00000000
core   0: 0x80000dde (0xff949603) lh      a2, -7(s1)
core   0: 3 0x80000dde (0xff949603) x12 0x00000000 mem 0x8001141e
core   0: 0x80000de2 (0x00cb59b3) srl     s3, s6, a2
core   0: 3 0x80000de2 (0x00cb59b3) x19 0x00000001
core   0: 0x80000de6 (0xfd048b03) lb      s6, -48(s1)
core   0: 3 0x80000de6 (0xfd048b03) x22 0x00000000 mem 0x800113f5
core   0: 0x80000dea (0x00008645) c.srai  a2, 17
core   0: 3 0x80000dea (0x8645) x12 0x00000000
core   0: 0x80000dec (0xfcb496a3) sh      a1, -51(s1)
core   0: 3 0x80000dec (0xfcb496a3) mem 0x800113f2 0x0000
core   0: 0x80000df0 (0x000050fd) c.li    ra, -1
core   0: 3 0x80000df0 (0x50fd) x1  0xffffffff
core   0: 0x80000df2 (0x04048983) lb      s3, 64(s1)
core   0: 3 0x80000df2 (0x04048983) x19 0x00000000 mem 0x80011465
core   0: 0x80000df6 (0x03348123) sb      s3, 34(s1)
core   0: 3 0x80000df6 (0x03348123) mem 0x80011447 0x00
core   0: 0x80000dfa (0x00f48b03) lb      s6, 15(s1)
core   0: 3 0x80000dfa (0x00f48b03) x22 0x00000000 mem 0x80011434
core   0: 0x80000dfe (0x005670b3) and     ra, a2, t0
core   0: 3 0x80000dfe (0x005670b3) x1  0x00000000
core   0: 0x80000e02 (0x02e48083) lb      ra, 46(s1)
core   0: 3 0x80000e02 (0x02e48083) x1  0x00000000 mem 0x80011453
core   0: 0x80000e06 (0xfdc4cb03) lbu     s6, -36(s1)
core   0: 3 0x80000e06 (0xfdc4cb03) x22 0x00000000 mem 0x80011401
core   0: 0x80000e0a (0x02a48583) lb      a1, 42(s1)
core   0: 3 0x80000e0a (0x02a48583) x11 0x00000000 mem 0x8001144f
core   0: 0x80000e0e (0xfdc48583) lb      a1, -36(s1)
core   0: 3 0x80000e0e (0xfdc48583) x11 0x00000000 mem 0x80011401
core   0: 0x80000e12 (0x0404c603) lbu     a2, 64(s1)
core   0: 3 0x80000e12 (0x0404c603) x12 0x00000000 mem 0x80011465
core   0: 0x80000e16 (0xff648023) sb      s6, -32(s1)
core   0: 3 0x80000e16 (0xff648023) mem 0x80011405 0x00
core   0: 0x80000e1a (0x01529613) slli    a2, t0, 21
core   0: 3 0x80000e1a (0x01529613) x12 0x00000000
core   0: 0x80000e1e (0x00848983) lb      s3, 8(s1)
core   0: 3 0x80000e1e (0x00848983) x19 0x00000000 mem 0x8001142d
core   0: 0x80000e22 (0x02048083) lb      ra, 32(s1)
core   0: 3 0x80000e22 (0x02048083) x1  0x00000000 mem 0x80011445
core   0: 0x80000e26 (0x01348323) sb      s3, 6(s1)
core   0: 3 0x80000e26 (0x01348323) mem 0x8001142b 0x00
core   0: 0x80000e2a (0x02848b03) lb      s6, 40(s1)
core   0: 3 0x80000e2a (0x02848b03) x22 0x00000000 mem 0x8001144d
core   0: 0x80000e2e (0x4d59f613) andi    a2, s3, 1237
core   0: 3 0x80000e2e (0x4d59f613) x12 0x00000000
core   0: 0x80000e32 (0x0054d603) lhu     a2, 5(s1)
core   0: 3 0x80000e32 (0x0054d603) x12 0x00000000 mem 0x8001142a
core   0: 0x80000e36 (0x005b0633) add     a2, s6, t0
core   0: 3 0x80000e36 (0x005b0633) x12 0x00000000
core   0: 0x80000e3a (0x02d48583) lb      a1, 45(s1)
core   0: 3 0x80000e3a (0x02d48583) x11 0x00000000 mem 0x80011452
core   0: 0x80000e3e (0xb699a613) slti    a2, s3, -1175
core   0: 3 0x80000e3e (0xb699a613) x12 0x00000000
core   0: 0x80000e42 (0x03648283) lb      t0, 54(s1)
core   0: 3 0x80000e42 (0x03648283) x5  0x00000000 mem 0x8001145b
core   0: 0x80000e46 (0x00020b17) auipc   s6, 0x20
core   0: 3 0x80000e46 (0x00020b17) x22 0x80020e46
core   0: 0x80000e4a (0x033b0b13) addi    s6, s6, 51
core   0: 3 0x80000e4a (0x033b0b13) x22 0x80020e79
core   0: 0x80000e4e (0xb8cb1ba3) sh      a2, -1129(s6)
core   0: 3 0x80000e4e (0xb8cb1ba3) mem 0x80020a10 0x0000
core   0: 0x80000e52 (0xb97b2b83) lw      s7, -1129(s6)
core   0: 3 0x80000e52 (0xb97b2b83) x23 0x00000000 mem 0x80020a10
core   0: 0x80000e56 (0xb97b0a03) lb      s4, -1129(s6)
core   0: 3 0x80000e56 (0xb97b0a03) x20 0x00000000 mem 0x80020a10
core   0: 0x80000e5a (0x000090a6) c.add   ra, s1
core   0: 3 0x80000e5a (0x90a6) x1  0x80011425
core   0: 0x80000e5c (0x000084bd) c.srai  s1, 15
core   0: 3 0x80000e5c (0x84bd) x9  0xffff0002
core   0: 0x80000e5e (0xb97b1583) lh      a1, -1129(s6)
core   0: 3 0x80000e5e (0xb97b1583) x11 0x00000000 mem 0x80020a10
core   0: 0x80000e62 (0xb97b0203) lb      tp, -1129(s6)
core   0: 3 0x80000e62 (0xb97b0203) x4  0x00000000 mem 0x80020a10
core   0: 0x80000e66 (0xb8ab2ba3) sw      a0, -1129(s6)
core   0: 3 0x80000e66 (0xb8ab2ba3) mem 0x80020a10 0x00000000
core   0: 0x80000e6a (0xb87b0ba3) sb      t2, -1129(s6)
core   0: 3 0x80000e6a (0xb87b0ba3) mem 0x80020a10 0x00
core   0: 0x80000e6e (0xb97b4283) lbu     t0, -1129(s6)
core   0: 3 0x80000e6e (0xb97b4283) x5  0x00000000 mem 0x80020a10
core   0: 0x80000e72 (0xb9eb0ba3) sb      t5, -1129(s6)
core   0: 3 0x80000e72 (0xb9eb0ba3) mem 0x80020a10 0x24
core   0: 0x80000e76 (0xb97b5c83) lhu     s9, -1129(s6)
core   0: 3 0x80000e76 (0xb97b5c83) x25 0x00000024 mem 0x80020a10
core   0: 0x80000e7a (0xb97b4903) lbu     s2, -1129(s6)
core   0: 3 0x80000e7a (0xb97b4903) x18 0x00000024 mem 0x80020a10
core   0: 0x80000e7e (0xb97b4003) lbu     zero, -1129(s6)
core   0: 3 0x80000e7e (0xb97b4003) mem 0x80020a10
core   0: 0x80000e82 (0xb97b4103) lbu     sp, -1129(s6)
core   0: 3 0x80000e82 (0xb97b4103) x2  0x00000024 mem 0x80020a10
core   0: 0x80000e86 (0xc2fb1c03) lh      s8, -977(s6)
core   0: 3 0x80000e86 (0xc2fb1c03) x24 0x00000000 mem 0x80020aa8
core   0: 0x80000e8a (0xc2fb4783) lbu     a5, -977(s6)
core   0: 3 0x80000e8a (0xc2fb4783) x15 0x00000000 mem 0x80020aa8
core   0: 0x80000e8e (0xc2fb1583) lh      a1, -977(s6)
core   0: 3 0x80000e8e (0xc2fb1583) x11 0x00000000 mem 0x80020aa8
core   0: 0x80000e92 (0xc32b17a3) sh      s2, -977(s6)
core   0: 3 0x80000e92 (0xc32b17a3) mem 0x80020aa8 0x0024
core   0: 0x80000e96 (0xc2fb0e03) lb      t3, -977(s6)
core   0: 3 0x80000e96 (0xc2fb0e03) x28 0x00000024 mem 0x80020aa8
core   0: 0x80000e9a (0xc2eb07a3) sb      a4, -977(s6)
core   0: 3 0x80000e9a (0xc2eb07a3) mem 0x80020aa8 0x00
core   0: 0x80000e9e (0xc2fb0d03) lb      s10, -977(s6)
core   0: 3 0x80000e9e (0xc2fb0d03) x26 0x00000000 mem 0x80020aa8
core   0: 0x80000ea2 (0x00010917) auipc   s2, 0x10
core   0: 3 0x80000ea2 (0x00010917) x18 0x80010ea2
core   0: 0x80000ea6 (0x91890913) addi    s2, s2, -1768
core   0: 3 0x80000ea6 (0x91890913) x18 0x800107ba
core   0: 0x80000eaa (0xfea90b03) lb      s6, -22(s2)
core   0: 3 0x80000eaa (0xfea90b03) x22 0x00000000 mem 0x800107a4
core   0: 0x80000eae (0x00008e8d) c.sub   a3, a1
core   0: 3 0x80000eae (0x8e8d) x13 0x00000000
core   0: 0x80000eb0 (0x00004749) c.li    a4, 18
core   0: 3 0x80000eb0 (0x4749) x14 0x00000012
core   0: 0x80000eb2 (0x01390b83) lb      s7, 19(s2)
core   0: 3 0x80000eb2 (0x01390b83) x23 0x00000000 mem 0x800107cd
core   0: 0x80000eb6 (0x005b1d93) slli    s11, s6, 5
core   0: 3 0x80000eb6 (0x005b1d93) x27 0x00000000
core   0: 0x80000eba (0xfe2905a3) sb      sp, -21(s2)
core   0: 3 0x80000eba (0xfe2905a3) mem 0x800107a5 0x24
core   0: 0x80000ebe (0x00006139) c.addi16sp sp, 448
core   0: 3 0x80000ebe (0x6139) x2  0x000001e4
core   0: 0x80000ec0 (0x00008d4d) c.or    a0, a1
core   0: 3 0x80000ec0 (0x8d4d) x10 0x00000000
core   0: 0x80000ec2 (0x3d204813) xori    a6, zero, 978
core   0: 3 0x80000ec2 (0x3d204813) x16 0x000003d2
core   0: 0x80000ec6 (0x42923093) sltiu   ra, tp, 1065
core   0: 3 0x80000ec6 (0x42923093) x1  0x00000001
core   0: 0x80000eca (0x8898b013) sltiu   zero, a7, -1911
core   0: 3 0x80000eca (0x8898b013)
core   0: 0x80000ece (0xfd091f83) lh      t6, -48(s2)
core   0: 3 0x80000ece (0xfd091f83) x31 0x00000000 mem 0x8001078a
core   0: 0x80000ed2 (0x00449d33) sll     s10, s1, tp
core   0: 3 0x80000ed2 (0x00449d33) x26 0xffff0002
core   0: 0x80000ed6 (0xfc390f23) sb      gp, -34(s2)
core   0: 3 0x80000ed6 (0xfc390f23) mem 0x80010798 0x00
core   0: 0x80000eda (0x00e32333) slt     t1, t1, a4
core   0: 3 0x80000eda (0x00e32333) x6  0x00000001
core   0: 0x80000ede (0xfc586613) ori     a2, a6, -59
core   0: 3 0x80000ede (0xfc586613) x12 0xffffffd7
core   0: 0x80000ee2 (0xfda94983) lbu     s3, -38(s2)
core   0: 3 0x80000ee2 (0xfda94983) x19 0x00000000 mem 0x80010794
core   0: 0x80000ee6 (0x00008fc1) c.or    a5, s0
core   0: 3 0x80000ee6 (0x8fc1) x15 0x00000000
core   0: 0x80000ee8 (0x000086b5) c.srai  a3, 13
core   0: 3 0x80000ee8 (0x86b5) x13 0x00000000
core   0: 0x80000eea (0x0241da33) divu    s4, gp, tp
core   0: 3 0x80000eea (0x0241da33) x20 0xffffffff
core   0: 0x80000eee (0x02d91b23) sh      a3, 54(s2)
core   0: 3 0x80000eee (0x02d91b23) mem 0x800107f0 0x0000
core   0: 0x80000ef2 (0x00fd0db3) add     s11, s10, a5
core   0: 3 0x80000ef2 (0x00fd0db3) x27 0xffff0002
core   0: 0x80000ef6 (0xfd091c83) lh      s9, -48(s2)
core   0: 3 0x80000ef6 (0xfd091c83) x25 0x00000000 mem 0x8001078a
core   0: 0x80000efa (0x9393b893) sltiu   a7, t2, -1735
core   0: 3 0x80000efa (0x9393b893) x17 0x00000001
core   0: 0x80000efe (0x00000480) c.addi4spn s0, sp, 576
core   0: 3 0x80000efe (0x0480) x8  0x00000424
core   0: 0x80000f00 (0x00000562) c.slli  a0, 24
core   0: 3 0x80000f00 (0x0562) x10 0x00000000
core   0: 0x80000f02 (0x000010fd) c.addi  ra, -1
core   0: 3 0x80000f02 (0x10fd) x1  0x00000000
core   0: 0x80000f04 (0x00008349) c.srli  a4, 18
core   0: 3 0x80000f04 (0x8349) x14 0x00000000
core   0: 0x80000f06 (0x00095d83) lhu     s11, 0(s2)
core   0: 3 0x80000f06 (0x00095d83) x27 0x00000000 mem 0x800107ba
core   0: 0x80000f0a (0xfc390c03) lb      s8, -61(s2)
core   0: 3 0x80000f0a (0xfc390c03) x24 0x00000000 mem 0x8001077d
core   0: 0x80000f0e (0x013905a3) sb      s3, 11(s2)
core   0: 3 0x80000f0e (0x013905a3) mem 0x800107c5 0x00
core   0: 0x80000f12 (0x02f2d133) divu    sp, t0, a5
core   0: 3 0x80000f12 (0x02f2d133) x2  0xffffffff
core   0: 0x80000f16 (0x41095493) srai    s1, s2, 16
core   0: 3 0x80000f16 (0x41095493) x9  0xffff8001
core   0: 0x80000f1a (0x000083b6) c.mv    t2, a3
core   0: 3 0x80000f1a (0x83b6) x7  0x00000000
core   0: 0x80000f1c (0x00695883) lhu     a7, 6(s2)
core   0: 3 0x80000f1c (0x00695883) x17 0x00000000 mem 0x800107c0
core   0: 0x80000f20 (0x00000001) c.nop
core   0: 3 0x80000f20 (0x0001)
core   0: 0x80000f22 (0xfd590c83) lb      s9, -43(s2)
core   0: 3 0x80000f22 (0xfd590c83) x25 0x00000000 mem 0x8001078f
core   0: 0x80000f26 (0x00008e09) c.sub   a2, a0
core   0: 3 0x80000f26 (0x8e09) x12 0xffffffd7
core   0: 0x80000f28 (0x72193e13) sltiu   t3, s2, 1825
core   0: 3 0x80000f28 (0x72193e13) x28 0x00000000
core   0: 0x80000f2c (0xf2e631b7) lui     gp, 0xf2e63
core   0: 3 0x80000f2c (0xf2e631b7) x3  0xf2e63000
core   0: 0x80000f30 (0xfc0904a3) sb      zero, -55(s2)
core   0: 3 0x80000f30 (0xfc0904a3) mem 0x80010783 0x00
core   0: 0x80000f34 (0x00000bf5) c.addi  s7, 29
core   0: 3 0x80000f34 (0x0bf5) x23 0x0000001d
core   0: 0x80000f36 (0x004e5d33) srl     s10, t3, tp
core   0: 3 0x80000f36 (0x004e5d33) x26 0x00000000
core   0: 0x80000f3a (0xfdb90a23) sb      s11, -44(s2)
core   0: 3 0x80000f3a (0xfdb90a23) mem 0x8001078e 0x00
core   0: 0x80000f3e (0x02c000ef) jal     pc + 0x2c
core   0: 3 0x80000f3e (0x02c000ef) x1  0x80000f42
core   0: 0x80000f6a (0x000037cd) c.jal   pc - 30
core   0: 3 0x80000f6a (0x37cd) x1  0x80000f6c
core   0: 0x80000f4c (0xffdffcef) jal     s9, pc - 0x4
core   0: 3 0x80000f4c (0xffdffcef) x25 0x80000f50
core   0: 0x80000f48 (0x00002009) c.jal   pc + 2
core   0: 3 0x80000f48 (0x2009) x1  0x80000f4a
core   0: 0x80000f4a (0x00002829) c.jal   pc + 26
core   0: 3 0x80000f4a (0x2829) x1  0x80000f4c
core   0: 0x80000f64 (0x0000bfd5) c.j     pc - 12
core   0: 3 0x80000f64 (0xbfd5)
core   0: 0x80000f58 (0xfffff0ef) jal     pc - 0x2
core   0: 3 0x80000f58 (0xfffff0ef) x1  0x80000f5c
core   0: 0x80000f56 (0x0000b7f5) c.j     pc - 20
core   0: 3 0x80000f56 (0xb7f5)
core   0: 0x80000f42 (0x01e0036f) jal     t1, pc + 0x1e
core   0: 3 0x80000f42 (0x01e0036f) x6  0x80000f46
core   0: 0x80000f60 (0x00002031) c.jal   pc + 12
core   0: 3 0x80000f60 (0x2031) x1  0x80000f62
core   0: 0x80000f6c (0x0000bfdd) c.j     pc - 10
core   0: 3 0x80000f6c (0xbfdd)
core   0: 0x80000f62 (0x0000b7d5) c.j     pc - 28
core   0: 3 0x80000f62 (0xb7d5)
core   0: 0x80000f46 (0x0000a819) c.j     pc + 22
core   0: 3 0x80000f46 (0xa819)
core   0: 0x80000f5c (0xff5ff0ef) jal     pc - 0xc
core   0: 3 0x80000f5c (0xff5ff0ef) x1  0x80000f60
core   0: 0x80000f50 (0x004000ef) jal     pc + 0x4
core   0: 3 0x80000f50 (0x004000ef) x1  0x80000f54
core   0: 0x80000f54 (0x0000a809) c.j     pc + 18
core   0: 3 0x80000f54 (0xa809)
core   0: 0x80000f66 (0x0080036f) jal     t1, pc + 0x8
core   0: 3 0x80000f66 (0x0080036f) x6  0x80000f6a
core   0: 0x80000f6e (0x02446e33) rem     t3, s0, tp
core   0: 3 0x80000f6e (0x02446e33) x28 0x00000424
core   0: 0x80000f72 (0x00012217) auipc   tp, 0x12
core   0: 3 0x80000f72 (0x00012217) x4  0x80012f72
core   0: 0x80000f76 (0x58a20213) addi    tp, tp, 1418
core   0: 3 0x80000f76 (0x58a20213) x4  0x800134fc
core   0: 0x80000f7a (0xd6520623) sb      t0, -660(tp)
core   0: 3 0x80000f7a (0xd6520623) mem 0x80013268 0x00
core   0: 0x80000f7e (0x00008af9) c.andi  a3, 30
core   0: 3 0x80000f7e (0x8af9) x13 0x00000000
core   0: 0x80000f80 (0x019741b3) xor     gp, a4, s9
core   0: 3 0x80000f80 (0x019741b3) x3  0x80000f50
core   0: 0x80000f84 (0x40970cb3) sub     s9, a4, s1
core   0: 3 0x80000f84 (0x40970cb3) x25 0x00007fff
core   0: 0x80000f88 (0x00569cb3) sll     s9, a3, t0
core   0: 3 0x80000f88 (0x00569cb3) x25 0x00000000
core   0: 0x80000f8c (0x1e524c83) lbu     s9, 485(tp)
core   0: 3 0x80000f8c (0x1e524c83) x25 0x00000000 mem 0x800136e1
core   0: 0x80000f90 (0x00009b7d) c.andi  a4, -1
core   0: 3 0x80000f90 (0x9b7d) x14 0x00000000
core   0: 0x80000f92 (0x2355e717) auipc   a4, 0x2355e
core   0: 3 0x80000f92 (0x2355e717) x14 0xa355ef92
core   0: 0x80000f96 (0xe0224283) lbu     t0, -510(tp)
core   0: 3 0x80000f96 (0xe0224283) x5  0x00000000 mem 0x800132fe
core   0: 0x80000f9a (0xcf776713) ori     a4, a4, -777
core   0: 3 0x80000f9a (0xcf776713) x14 0xfffffff7
core   0: 0x80000f9e (0xdf120483) lb      s1, -527(tp)
core   0: 3 0x80000f9e (0xdf120483) x9  0x00000000 mem 0x800132ed
core   0: 0x80000fa2 (0x00000001) c.nop
core   0: 3 0x80000fa2 (0x0001)
core   0: 0x80000fa4 (0x023291b3) mulh    gp, t0, gp
core   0: 3 0x80000fa4 (0x023291b3) x3  0x00000000
core   0: 0x80000fa8 (0x0292e1b3) rem     gp, t0, s1
core   0: 3 0x80000fa8 (0x0292e1b3) x3  0x00000000
core   0: 0x80000fac (0xa9b24283) lbu     t0, -1381(tp)
core   0: 3 0x80000fac (0xa9b24283) x5  0x00000000 mem 0x80012f97
core   0: 0x80000fb0 (0x000002c2) c.slli  t0, 16
core   0: 3 0x80000fb0 (0x02c2) x5  0x00000000
core   0: 0x80000fb2 (0x0000071a) c.slli  a4, 6
core   0: 3 0x80000fb2 (0x071a) x14 0xfffffdc0
core   0: 0x80000fb4 (0xf1420183) lb      gp, -236(tp)
core   0: 3 0x80000fb4 (0xf1420183) x3  0x00000000 mem 0x80013410
core   0: 0x80000fb8 (0x78920b23) sb      s1, 1942(tp)
core   0: 3 0x80000fb8 (0x78920b23) mem 0x80013c92 0x00
core   0: 0x80000fbc (0x32e207a3) sb      a4, 815(tp)
core   0: 3 0x80000fbc (0x32e207a3) mem 0x8001382b 0xc0
core   0: 0x80000fc0 (0x8a61e713) ori     a4, gp, -1882
core   0: 3 0x80000fc0 (0x8a61e713) x14 0xfffff8a6
core   0: 0x80000fc4 (0x92170713) addi    a4, a4, -1759
core   0: 3 0x80000fc4 (0x92170713) x14 0xfffff1c7
core   0: 0x80000fc8 (0x1762f193) andi    gp, t0, 374
core   0: 3 0x80000fc8 (0x1762f193) x3  0x00000000
core   0: 0x80000fcc (0x25824703) lbu     a4, 600(tp)
core   0: 3 0x80000fcc (0x25824703) x14 0x00000000 mem 0x80013754
core   0: 0x80000fd0 (0x00000001) c.nop
core   0: 3 0x80000fd0 (0x0001)
core   0: 0x80000fd2 (0x005734b3) sltu    s1, a4, t0
core   0: 3 0x80000fd2 (0x005734b3) x9  0x00000000
core   0: 0x80000fd6 (0x0052c2b3) xor     t0, t0, t0
core   0: 3 0x80000fd6 (0x0052c2b3) x5  0x00000000
core   0: 0x80000fda (0x9e621183) lh      gp, -1562(tp)
core   0: 3 0x80000fda (0x9e621183) x3  0x00000000 mem 0x80012ee2
core   0: 0x80000fde (0x0000f697) auipc   a3, 0xf
core   0: 3 0x80000fde (0x0000f697) x13 0x8000ffde
core   0: 0x80000fe2 (0x54268693) addi    a3, a3, 1346
core   0: 3 0x80000fe2 (0x54268693) x13 0x80010520
core   0: 0x80000fe6 (0x01e6c783) lbu     a5, 30(a3)
core   0: 3 0x80000fe6 (0x01e6c783) x15 0x00000000 mem 0x8001053e
core   0: 0x80000fea (0x00008485) c.srai  s1, 1
core   0: 3 0x80000fea (0x8485) x9  0x00000000
core   0: 0x80000fec (0x01e68f23) sb      t5, 30(a3)
core   0: 3 0x80000fec (0x01e68f23) mem 0x8001053e 0x24
core   0: 0x80000ff0 (0x0000717d) c.addi16sp sp, -16
core   0: 3 0x80000ff0 (0x717d) x2  0xffffffef
core   0: 0x80000ff2 (0x01f68d03) lb      s10, 31(a3)
core   0: 3 0x80000ff2 (0x01f68d03) x26 0x00000000 mem 0x8001053f
core   0: 0x80000ff6 (0x01e45c33) srl     s8, s0, t5
core   0: 3 0x80000ff6 (0x01e45c33) x24 0x00000042
core   0: 0x80000ffa (0x01aa1713) slli    a4, s4, 26
core   0: 3 0x80000ffa (0x01aa1713) x14 0xfc000000
core   0: 0x80000ffe (0x06368b83) lb      s7, 99(a3)
core   0: 3 0x80000ffe (0x06368b83) x23 0x00000000 mem 0x80010583
core   0: 0x80001002 (0xf6d68003) lb      zero, -147(a3)
core   0: 3 0x80001002 (0xf6d68003) mem 0x8001048d
core   0: 0x80001006 (0xf6d6cd03) lbu     s10, -147(a3)
core   0: 3 0x80001006 (0xf6d6cd03) x26 0x00000000 mem 0x8001048d
core   0: 0x8000100a (0x05869b23) sh      s8, 86(a3)
core   0: 3 0x8000100a (0x05869b23) mem 0x80010576 0x0042
core   0: 0x8000100e (0x04d69b23) sh      a3, 86(a3)
core   0: 3 0x8000100e (0x04d69b23) mem 0x80010576 0x0520
core   0: 0x80001012 (0x00441493) slli    s1, s0, 4
core   0: 3 0x80001012 (0x00441493) x9  0x00004240
core   0: 0x80001016 (0x0000ca94) c.sw    a3, 16(a3)
core   0: 3 0x80001016 (0xca94) mem 0x80010530 0x80010520
core   0: 0x80001018 (0x0186a823) sw      s8, 16(a3)
core   0: 3 0x80001018 (0x0186a823) mem 0x80010530 0x00000042
core   0: 0x8000101c (0xf7b68503) lb      a0, -133(a3)
core   0: 3 0x8000101c (0xf7b68503) x10 0x00000000 mem 0x8001049b
core   0: 0x80001020 (0x0e26d983) lhu     s3, 226(a3)
core   0: 3 0x80001020 (0x0e26d983) x19 0x00000000 mem 0x80010602
core   0: 0x80001024 (0xf1d68083) lb      ra, -227(a3)
core   0: 3 0x80001024 (0xf1d68083) x1  0x00000000 mem 0x8001043d
core   0: 0x80001028 (0x065682a3) sb      t0, 101(a3)
core   0: 3 0x80001028 (0x065682a3) mem 0x80010585 0x00
core   0: 0x8000102c (0x069682a3) sb      s1, 101(a3)
core   0: 3 0x8000102c (0x069682a3) mem 0x80010585 0x40
core   0: 0x80001030 (0x0000f197) auipc   gp, 0xf
core   0: 3 0x80001030 (0x0000f197) x3  0x80010030
core   0: 0x80001034 (0x75418193) addi    gp, gp, 1876
core   0: 3 0x80001034 (0x75418193) x3  0x80010784
core   0: 0x80001038 (0x00008e0a) c.mv    t3, sp
core   0: 3 0x80001038 (0x8e0a) x28 0xffffffef
core   0: 0x8000103a (0x00000001) c.nop
core   0: 3 0x8000103a (0x0001)
core   0: 0x8000103c (0x2cd18b83) lb      s7, 717(gp)
core   0: 3 0x8000103c (0x2cd18b83) x23 0x00000000 mem 0x80010a51
core   0: 0x80001040 (0xfdb16f93) ori     t6, sp, -37
core   0: 3 0x80001040 (0xfdb16f93) x31 0xffffffff
core   0: 0x80001044 (0x3f5f8f93) addi    t6, t6, 1013
core   0: 3 0x80001044 (0x3f5f8f93) x31 0x000003f4
core   0: 0x80001048 (0x02060fb3) mul     t6, a2, zero
core   0: 3 0x80001048 (0x02060fb3) x31 0x00000000
core   0: 0x8000104c (0x0000817e) c.mv    sp, t6
core   0: 3 0x8000104c (0x817e) x2  0x00000000
core   0: 0x8000104e (0x40065e33) sra     t3, a2, zero
core   0: 3 0x8000104e (0x40065e33) x28 0xffffffd7
core   0: 0x80001052 (0x00009e0a) c.add   t3, sp
core   0: 3 0x80001052 (0x9e0a) x28 0xffffffd7
core   0: 0x80001054 (0x00008e71) c.and   a2, a2
core   0: 3 0x80001054 (0x8e71) x12 0xffffffd7
core   0: 0x80001056 (0x00008ff2) c.mv    t6, t3
core   0: 3 0x80001056 (0x8ff2) x31 0xffffffd7
core   0: 0x80001058 (0x40015bb3) sra     s7, sp, zero
core   0: 3 0x80001058 (0x40015bb3) x23 0x00000000
core   0: 0x8000105c (0xe1f18b83) lb      s7, -481(gp)
core   0: 3 0x8000105c (0xe1f18b83) x23 0x00000000 mem 0x800105a3
core   0: 0x80001060 (0x02c03133) mulhu   sp, zero, a2
core   0: 3 0x80001060 (0x02c03133) x2  0x00000000
core   0: 0x80001064 (0x0000910a) c.add   sp, sp
core   0: 3 0x80001064 (0x910a) x2  0x00000000
core   0: 0x80001066 (0x00008e31) c.xor   a2, a2
core   0: 3 0x80001066 (0x8e31) x12 0x00000000
core   0: 0x80001068 (0xf8600113) li      sp, -122
core   0: 3 0x80001068 (0xf8600113) x2  0xffffff86
core   0: 0x8000106c (0x017ffbb3) and     s7, t6, s7
core   0: 3 0x8000106c (0x017ffbb3) x23 0x00000000
core   0: 0x80001070 (0x01f12e33) slt     t3, sp, t6
core   0: 3 0x80001070 (0x01f12e33) x28 0x00000001
core   0: 0x80001074 (0xf5118f83) lb      t6, -175(gp)
core   0: 3 0x80001074 (0xf5118f83) x31 0x00000000 mem 0x800106d5
core   0: 0x80001078 (0xa6e1c003) lbu     zero, -1426(gp)
core   0: 3 0x80001078 (0xa6e1c003) mem 0x800101f2
core   0: 0x8000107c (0xca718e03) lb      t3, -857(gp)
core   0: 3 0x8000107c (0xca718e03) x28 0x00000000 mem 0x8001042b
core   0: 0x80001080 (0x5ec1d103) lhu     sp, 1516(gp)
core   0: 3 0x80001080 (0x5ec1d103) x2  0x00000000 mem 0x80010d70
core   0: 0x80001084 (0xfdc1a103) lw      sp, -36(gp)
core   0: 3 0x80001084 (0xfdc1a103) x2  0x00000000 mem 0x80010760
core   0: 0x80001088 (0x1901cb83) lbu     s7, 400(gp)
core   0: 3 0x80001088 (0x1901cb83) x23 0x00000000 mem 0x80010914
core   0: 0x8000108c (0x00008e71) c.and   a2, a2
core   0: 3 0x8000108c (0x8e71) x12 0x00000000
core   0: 0x8000108e (0x01ff9bb3) sll     s7, t6, t6
core   0: 3 0x8000108e (0x01ff9bb3) x23 0x00000000
core   0: 0x80001092 (0x1f014113) xori    sp, sp, 496
core   0: 3 0x80001092 (0x1f014113) x2  0x000001f0
core   0: 0x80001096 (0x000fefb3) or      t6, t6, zero
core   0: 3 0x80001096 (0x000fefb3) x31 0x00000000
core   0: 0x8000109a (0xdaa19e03) lh      t3, -598(gp)
core   0: 3 0x8000109a (0xdaa19e03) x28 0x00000000 mem 0x8001052e
core   0: 0x8000109e (0x3c218d23) sb      sp, 986(gp)
core   0: 3 0x8000109e (0x3c218d23) mem 0x80010b5e 0xf0
core   0: 0x800010a2 (0x00008629) c.srai  a2, 10
core   0: 3 0x800010a2 (0x8629) x12 0x00000000
core   0: 0x800010a4 (0x59f1ae23) sw      t6, 1436(gp)
core   0: 3 0x800010a4 (0x59f1ae23) mem 0x80010d20 0x00000000
core   0: 0x800010a8 (0xe3f184a3) sb      t6, -471(gp)
core   0: 3 0x800010a8 (0xe3f184a3) mem 0x800105ad 0x00
core   0: 0x800010ac (0x00000bce) c.slli  s7, 19
core   0: 3 0x800010ac (0x0bce) x23 0x00000000
core   0: 0x800010ae (0x3a003b93) sltiu   s7, zero, 928
core   0: 3 0x800010ae (0x3a003b93) x23 0x00000001
core   0: 0x800010b2 (0x02cfd033) divu    zero, t6, a2
core   0: 3 0x800010b2 (0x02cfd033)
core   0: 0x800010b6 (0x74018da3) sb      zero, 1883(gp)
core   0: 3 0x800010b6 (0x74018da3) mem 0x80010edf 0x00
core   0: 0x800010ba (0x000046a1) c.li    a3, 8
core   0: 3 0x800010ba (0x46a1) x13 0x00000008
core   0: 0x800010bc (0x400c03b3) sub     t2, s8, zero
core   0: 3 0x800010bc (0x400c03b3) x7  0x00000042
core   0: 0x800010c0 (0x00008df9) c.and   a1, a4
core   0: 3 0x800010c0 (0x8df9) x11 0x00000000
core   0: 0x800010c2 (0x00000001) c.nop
core   0: 3 0x800010c2 (0x0001)
core   0: 0x800010c4 (0x000057e1) c.li    a5, -8
core   0: 3 0x800010c4 (0x57e1) x15 0xfffffff8
core   0: 0x800010c6 (0x00009b7d) c.andi  a4, -1
core   0: 3 0x800010c6 (0x9b7d) x14 0xfc000000
core   0: 0x800010c8 (0x543dc037) lui     zero, 0x543dc
core   0: 3 0x800010c8 (0x543dc037)
core   0: 0x800010cc (0x018204b3) add     s1, tp, s8
core   0: 3 0x800010cc (0x018204b3) x9  0x8001353e
core   0: 0x800010d0 (0x0320b633) mulhu   a2, ra, s2
core   0: 3 0x800010d0 (0x0320b633) x12 0x00000000
core   0: 0x800010d4 (0x000089c1) c.andi  a1, 16
core   0: 3 0x800010d4 (0x89c1) x11 0x00000000
core   0: 0x800010d6 (0x02f89d33) mulh    s10, a7, a5
core   0: 3 0x800010d6 (0x02f89d33) x26 0x00000000
core   0: 0x800010da (0x8638c413) xori    s0, a7, -1949
core   0: 3 0x800010da (0x8638c413) x8  0xfffff863
core   0: 0x800010de (0x00b06433) or      s0, zero, a1
core   0: 3 0x800010de (0x00b06433) x8  0x00000000
core   0: 0x800010e2 (0x00009596) c.add   a1, t0
core   0: 3 0x800010e2 (0x9596) x11 0x00000000
core   0: 0x800010e4 (0x03077cb3) remu    s9, a4, a6
core   0: 3 0x800010e4 (0x03077cb3) x25 0x0000026a
core   0: 0x800010e8 (0x0000044e) c.slli  s0, 19
core   0: 3 0x800010e8 (0x044e) x8  0x00000000
core   0: 0x800010ea (0x40725833) sra     a6, tp, t2
core   0: 3 0x800010ea (0x40725833) x16 0xe0004d3f
core   0: 0x800010ee (0x03f0b033) mulhu   zero, ra, t6
core   0: 3 0x800010ee (0x03f0b033)
core   0: 0x800010f2 (0x000016e1) c.addi  a3, -8
core   0: 3 0x800010f2 (0x16e1) x13 0x00000000
core   0: 0x800010f4 (0x000002c6) c.slli  t0, 17
core   0: 3 0x800010f4 (0x02c6) x5  0x00000000
core   0: 0x800010f6 (0x018d5213) srli    tp, s10, 24
core   0: 3 0x800010f6 (0x018d5213) x4  0x00000000
core   0: 0x800010fa (0x41bc0cb3) sub     s9, s8, s11
core   0: 3 0x800010fa (0x41bc0cb3) x25 0x00000042
core   0: 0x800010fe (0x030e4b33) div     s6, t3, a6
core   0: 3 0x800010fe (0x030e4b33) x22 0x00000000
core   0: 0x80001102 (0x00cde9b3) or      s3, s11, a2
core   0: 3 0x80001102 (0x00cde9b3) x19 0x00000000
core   0: 0x80001106 (0xfcf681e3) beq     a3, a5, pc - 62
core   0: 3 0x80001106 (0xfcf681e3)
core   0: 0x8000110a (0x0000987d) c.andi  s0, -1
core   0: 3 0x8000110a (0x987d) x8  0x00000000
core   0: 0x8000110c (0x0000490d) c.li    s2, 3
core   0: 3 0x8000110c (0x490d) x18 0x00000003
core   0: 0x8000110e (0x000080f5) c.srli  s1, 29
core   0: 3 0x8000110e (0x80f5) x9  0x00000004
core   0: 0x80001110 (0x00004e11) c.li    t3, 4
core   0: 3 0x80001110 (0x4e11) x28 0x00000004
core   0: 0x80001112 (0x02ad15b3) mulh    a1, s10, a0
core   0: 3 0x80001112 (0x02ad15b3) x11 0x00000000
core   0: 0x80001116 (0xe3f754b7) lui     s1, 0xe3f75
core   0: 3 0x80001116 (0xe3f754b7) x9  0xe3f75000
core   0: 0x8000111a (0xabd8a513) slti    a0, a7, -1347
core   0: 3 0x8000111a (0xabd8a513) x10 0x00000000
core   0: 0x8000111e (0x025e82b3) mul     t0, t4, t0
core   0: 3 0x8000111e (0x025e82b3) x5  0x00000000
core   0: 0x80001122 (0x0000090d) c.addi  s2, 3
core   0: 3 0x80001122 (0x090d) x18 0x00000006
core   0: 0x80001124 (0x00004829) c.li    a6, 10
core   0: 3 0x80001124 (0x4829) x16 0x0000000a
core   0: 0x80001126 (0x00000001) c.nop
core   0: 3 0x80001126 (0x0001)
core   0: 0x80001128 (0x00004fa9) c.li    t6, 10
core   0: 3 0x80001128 (0x4fa9) x31 0x0000000a
core   0: 0x8000112a (0xa9790c93) addi    s9, s2, -1385
core   0: 3 0x8000112a (0xa9790c93) x25 0xfffffa9d
core   0: 0x8000112e (0x0000612d) c.addi16sp sp, 224
core   0: 3 0x8000112e (0x612d) x2  0x000002d0
core   0: 0x80001130 (0x00000001) c.nop
core   0: 3 0x80001130 (0x0001)
core   0: 0x80001132 (0x00008ee1) c.and   a3, s0
core   0: 3 0x80001132 (0x8ee1) x13 0x00000000
core   0: 0x80001134 (0x0000185d) c.addi  a6, -9
core   0: 3 0x80001134 (0x185d) x16 0x00000001
core   0: 0x80001136 (0x00008c01) c.sub   s0, s0
core   0: 3 0x80001136 (0x8c01) x8  0x00000000
core   0: 0x80001138 (0xfff879e3) bgeu    a6, t6, pc - 14
core   0: 3 0x80001138 (0xfff879e3)
core   0: 0x8000113c (0xfdc96de3) bltu    s2, t3, pc - 38
core   0: 3 0x8000113c (0xfdc96de3)
core   0: 0x80001140 (0x0385aa33) mulhsu  s4, a1, s8
core   0: 3 0x80001140 (0x0385aa33) x20 0x00000000
core   0: 0x80001144 (0x00015517) auipc   a0, 0x15
core   0: 3 0x80001144 (0x00015517) x10 0x80016144
core   0: 0x80001148 (0x1f350513) addi    a0, a0, 499
core   0: 3 0x80001148 (0x1f350513) x10 0x80016337
core   0: 0x8000114c (0xff254103) lbu     sp, -14(a0)
core   0: 3 0x8000114c (0xff254103) x2  0x00000000 mem 0x80016329
core   0: 0x80001150 (0x00000a6e) c.slli  s4, 27
core   0: 3 0x80001150 (0x0a6e) x20 0x00000000
core   0: 0x80001152 (0x0000978e) c.add   a5, gp
core   0: 3 0x80001152 (0x978e) x15 0x8001077c
core   0: 0x80001154 (0xff250103) lb      sp, -14(a0)
core   0: 3 0x80001154 (0xff250103) x2  0x00000000 mem 0x80016329
core   0: 0x80001158 (0x00054583) lbu     a1, 0(a0)
core   0: 3 0x80001158 (0x00054583) x11 0x00000000 mem 0x80016337
core   0: 0x8000115c (0x1c0d6d13) ori     s10, s10, 448
core   0: 3 0x8000115c (0x1c0d6d13) x26 0x000001c0
core   0: 0x80001160 (0xd1410d13) addi    s10, sp, -748
core   0: 3 0x80001160 (0xd1410d13) x26 0xfffffd14
core   0: 0x80001164 (0xffe50103) lb      sp, -2(a0)
core   0: 3 0x80001164 (0xffe50103) x2  0x00000000 mem 0x80016335
core   0: 0x80001168 (0xffe50a03) lb      s4, -2(a0)
core   0: 3 0x80001168 (0xffe50a03) x20 0x00000000 mem 0x80016335
core   0: 0x8000116c (0x00005a7d) c.li    s4, -1
core   0: 3 0x8000116c (0x5a7d) x20 0xffffffff
core   0: 0x8000116e (0x023a5a33) divu    s4, s4, gp
core   0: 3 0x8000116e (0x023a5a33) x20 0x00000001
core   0: 0x80001172 (0x000085c9) c.srai  a1, 18
core   0: 3 0x80001172 (0x85c9) x11 0x00000000
core   0: 0x80001174 (0x4031dd13) srai    s10, gp, 3
core   0: 3 0x80001174 (0x4031dd13) x26 0xf00020f0
core   0: 0x80001178 (0x0231c1b3) div     gp, gp, gp
core   0: 3 0x80001178 (0x0231c1b3) x3  0x00000001
core   0: 0x8000117c (0xff750a03) lb      s4, -9(a0)
core   0: 3 0x8000117c (0xff750a03) x20 0x00000000 mem 0x8001632e
core   0: 0x80001180 (0x002a5d13) srli    s10, s4, 2
core   0: 3 0x80001180 (0x002a5d13) x26 0x00000000
core   0: 0x80001184 (0x00b7b5b3) sltu    a1, a5, a1
core   0: 3 0x80001184 (0x00b7b5b3) x11 0x00000000
core   0: 0x80001188 (0x00254a03) lbu     s4, 2(a0)
core   0: 3 0x80001188 (0x00254a03) x20 0x00000000 mem 0x80016339
core   0: 0x8000118c (0xf0217193) andi    gp, sp, -254
core   0: 3 0x8000118c (0xf0217193) x3  0x00000000
core   0: 0x80001190 (0x40f5da33) sra     s4, a1, a5
core   0: 3 0x80001190 (0x40f5da33) x20 0x00000000
core   0: 0x80001194 (0x000005fd) c.addi  a1, 31
core   0: 3 0x80001194 (0x05fd) x11 0x0000001f
core   0: 0x80001196 (0x0000717d) c.addi16sp sp, -16
core   0: 3 0x80001196 (0x717d) x2  0xfffffff0
core   0: 0x80001198 (0x00008f9d) c.sub   a5, a5
core   0: 3 0x80001198 (0x8f9d) x15 0x00000000
core   0: 0x8000119a (0x00000001) c.nop
core   0: 3 0x8000119a (0x0001)
core   0: 0x8000119c (0x0000198c) c.addi4spn a1, sp, 240
core   0: 3 0x8000119c (0x198c) x11 0x000000e0
core   0: 0x8000119e (0x4007dd13) srai    s10, a5, 0
core   0: 3 0x8000119e (0x4007dd13) x26 0x00000000
core   0: 0x800011a2 (0x00fa27b3) slt     a5, s4, a5
core   0: 3 0x800011a2 (0x00fa27b3) x15 0x00000000
core   0: 0x800011a6 (0x00b50623) sb      a1, 12(a0)
core   0: 3 0x800011a6 (0x00b50623) mem 0x80016343 0xe0
core   0: 0x800011aa (0x00250103) lb      sp, 2(a0)
core   0: 3 0x800011aa (0x00250103) x2  0x00000000 mem 0x80016339
core   0: 0x800011ae (0xffa50183) lb      gp, -6(a0)
core   0: 3 0x800011ae (0xffa50183) x3  0x00000000 mem 0x80016331
core   0: 0x800011b2 (0x13f1f193) andi    gp, gp, 319
core   0: 3 0x800011b2 (0x13f1f193) x3  0x00000000
core   0: 0x800011b6 (0x00552783) lw      a5, 5(a0)
core   0: 3 0x800011b6 (0x00552783) x15 0x00000000 mem 0x8001633c
core   0: 0x800011ba (0xfe250923) sb      sp, -14(a0)
core   0: 3 0x800011ba (0xfe250923) mem 0x80016329 0x00
core   0: 0x800011be (0x00a54a03) lbu     s4, 10(a0)
core   0: 3 0x800011be (0x00a54a03) x20 0x00000000 mem 0x80016341
core   0: 0x800011c2 (0x00019297) auipc   t0, 0x19
core   0: 3 0x800011c2 (0x00019297) x5  0x8001a1c2
core   0: 0x800011c6 (0x22e28293) addi    t0, t0, 558
core   0: 3 0x800011c6 (0x22e28293) x5  0x8001a3f0
core   0: 0x800011ca (0x01528ca3) sb      s5, 25(t0)
core   0: 3 0x800011ca (0x01528ca3) mem 0x8001a409 0x08
core   0: 0x800011ce (0x004d48b3) xor     a7, s10, tp
core   0: 3 0x800011ce (0x004d48b3) x17 0x00000000
core   0: 0x800011d2 (0xffe2c203) lbu     tp, -2(t0)
core   0: 3 0x800011d2 (0xffe2c203) x4  0x00000000 mem 0x8001a3ee
core   0: 0x800011d6 (0x012283a3) sb      s2, 7(t0)
core   0: 3 0x800011d6 (0x012283a3) mem 0x8001a3f7 0x06
core   0: 0x800011da (0xfcc29083) lh      ra, -52(t0)
core   0: 3 0x800011da (0xfcc29083) x1  0x00000000 mem 0x8001a3bc
core   0: 0x800011de (0x02628183) lb      gp, 38(t0)
core   0: 3 0x800011de (0x02628183) x3  0x00000000 mem 0x8001a416
core   0: 0x800011e2 (0x0192c903) lbu     s2, 25(t0)
core   0: 3 0x800011e2 (0x0192c903) x18 0x00000008 mem 0x8001a409
core   0: 0x800011e6 (0x03bfa1b3) mulhsu  gp, t6, s11
core   0: 3 0x800011e6 (0x03bfa1b3) x3  0x00000000
core   0: 0x800011ea (0xffa28ba3) sb      s10, -9(t0)
core   0: 3 0x800011ea (0xffa28ba3) mem 0x8001a3e7 0x00
core   0: 0x800011ee (0xfd62a823) sw      s6, -48(t0)
core   0: 3 0x800011ee (0xfd62a823) mem 0x8001a3c0 0x00000000
core   0: 0x800011f2 (0x02a28ea3) sb      a0, 61(t0)
core   0: 3 0x800011f2 (0x02a28ea3) mem 0x8001a42d 0x37
core   0: 0x800011f6 (0x01a29d03) lh      s10, 26(t0)
core   0: 3 0x800011f6 (0x01a29d03) x26 0x00000000 mem 0x8001a40a
core   0: 0x800011fa (0x00728d83) lb      s11, 7(t0)
core   0: 3 0x800011fa (0x00728d83) x27 0x00000006 mem 0x8001a3f7
core   0: 0x800011fe (0xffd29223) sh      t4, -28(t0)
core   0: 3 0x800011fe (0xffd29223) mem 0x8001a3d4 0x5ea4
core   0: 0x80001202 (0xff528ca3) sb      s5, -7(t0)
core   0: 3 0x80001202 (0xff528ca3) mem 0x8001a3e9 0x08
core   0: 0x80001206 (0x01195fb3) srl     t6, s2, a7
core   0: 3 0x80001206 (0x01195fb3) x31 0x00000008
core   0: 0x8000120a (0x01029883) lh      a7, 16(t0)
core   0: 3 0x8000120a (0x01029883) x17 0x00000000 mem 0x8001a400
core   0: 0x8000120e (0x03728023) sb      s7, 32(t0)
core   0: 3 0x8000120e (0x03728023) mem 0x8001a410 0x01
core   0: 0x80001212 (0xfd429b23) sh      s4, -42(t0)
core   0: 3 0x80001212 (0xfd429b23) mem 0x8001a3c6 0x0000
core   0: 0x80001216 (0xfeb28a03) lb      s4, -21(t0)
core   0: 3 0x80001216 (0xfeb28a03) x20 0x00000000 mem 0x8001a3db
core   0: 0x8000121a (0xfef2c203) lbu     tp, -17(t0)
core   0: 3 0x8000121a (0xfef2c203) x4  0x00000000 mem 0x8001a3df
core   0: 0x8000121e (0xfc32ac23) sw      gp, -40(t0)
core   0: 3 0x8000121e (0xfc32ac23) mem 0x8001a3c8 0x00000000
core   0: 0x80001222 (0x408eda13) srai    s4, t4, 8
core   0: 3 0x80001222 (0x408eda13) x20 0xff80025e
core   0: 0x80001226 (0x01728c83) lb      s9, 23(t0)
core   0: 3 0x80001226 (0x01728c83) x25 0x00000000 mem 0x8001a407
core   0: 0x8000122a (0x0000825a) c.mv    tp, s6
core   0: 3 0x8000122a (0x825a) x4  0x00000000
core   0: 0x8000122c (0xfe928003) lb      zero, -23(t0)
core   0: 3 0x8000122c (0xfe928003) mem 0x8001a3d9
core   0: 0x80001230 (0x02a28c83) lb      s9, 42(t0)
core   0: 3 0x80001230 (0x02a28c83) x25 0x00000000 mem 0x8001a41a
core   0: 0x80001234 (0x02229e03) lh      t3, 34(t0)
core   0: 3 0x80001234 (0x02229e03) x28 0x00000000 mem 0x8001a412
core   0: 0x80001238 (0x015b3b33) sltu    s6, s6, s5
core   0: 3 0x80001238 (0x015b3b33) x22 0x00000001
core   0: 0x8000123c (0xaf9d8613) addi    a2, s11, -1287
core   0: 3 0x8000123c (0xaf9d8613) x12 0xfffffaff
core   0: 0x80001240 (0x008283a3) sb      s0, 7(t0)
core   0: 3 0x80001240 (0x008283a3) mem 0x8001a3f7 0x00
core   0: 0x80001244 (0xff12c603) lbu     a2, -15(t0)
core   0: 3 0x80001244 (0xff12c603) x12 0x00000000 mem 0x8001a3e1
core   0: 0x80001248 (0x00c28c83) lb      s9, 12(t0)
core   0: 3 0x80001248 (0x00c28c83) x25 0x00000000 mem 0x8001a3fc
core   0: 0x8000124c (0x015e1913) slli    s2, t3, 21
core   0: 3 0x8000124c (0x015e1913) x18 0x00000000
core   0: 0x80001250 (0x00e25e13) srli    t3, tp, 14
core   0: 3 0x80001250 (0x00e25e13) x28 0x00000000
core   0: 0x80001254 (0x00009cae) c.add   s9, a1
core   0: 3 0x80001254 (0x9cae) x25 0x000000e0
core   0: 0x80001256 (0xfce2cd03) lbu     s10, -50(t0)
core   0: 3 0x80001256 (0xfce2cd03) x26 0x00000000 mem 0x8001a3be
core   0: 0x8000125a (0x0398ea33) rem     s4, a7, s9
core   0: 3 0x8000125a (0x0398ea33) x20 0x00000000
core   0: 0x8000125e (0x0332cf83) lbu     t6, 51(t0)
core   0: 3 0x8000125e (0x0332cf83) x31 0x00000000 mem 0x8001a423
core   0: 0x80001262 (0x00008c61) c.and   s0, s0
core   0: 3 0x80001262 (0x8c61) x8  0x00000000
core   0: 0x80001264 (0xfeb28503) lb      a0, -21(t0)
core   0: 3 0x80001264 (0xfeb28503) x10 0x00000000 mem 0x8001a3db
core   0: 0x80001268 (0x00012117) auipc   sp, 0x12
core   0: 3 0x80001268 (0x00012117) x2  0x80013268
core   0: 0x8000126c (0xc9110113) addi    sp, sp, -879
core   0: 3 0x8000126c (0xc9110113) x2  0x80012ef9
core   0: 0x80001270 (0x58f10883) lb      a7, 1423(sp)
core   0: 3 0x80001270 (0x58f10883) x17 0x00000000 mem 0x80013488
core   0: 0x80001274 (0x597117a3) sh      s7, 1423(sp)
core   0: 3 0x80001274 (0x597117a3) mem 0x80013488 0x0001
core   0: 0x80001278 (0x58f15283) lhu     t0, 1423(sp)
core   0: 3 0x80001278 (0x58f15283) x5  0x00000001 mem 0x80013488
core   0: 0x8000127c (0x019a1593) slli    a1, s4, 25
core   0: 3 0x8000127c (0x019a1593) x11 0x00000000
core   0: 0x80001280 (0x58f11b03) lh      s6, 1423(sp)
core   0: 3 0x80001280 (0x58f11b03) x22 0x00000001 mem 0x80013488
core   0: 0x80001284 (0x58f12803) lw      a6, 1423(sp)
core   0: 3 0x80001284 (0x58f12803) x16 0x00000001 mem 0x80013488
core   0: 0x80001288 (0x597117a3) sh      s7, 1423(sp)
core   0: 3 0x80001288 (0x597117a3) mem 0x80013488 0x0001
core   0: 0x8000128c (0x59b117a3) sh      s11, 1423(sp)
core   0: 3 0x8000128c (0x59b117a3) mem 0x80013488 0x0006
core   0: 0x80001290 (0x00008e21) c.xor   a2, s0
core   0: 3 0x80001290 (0x8e21) x12 0x00000000
core   0: 0x80001292 (0x58c107a3) sb      a2, 1423(sp)
core   0: 3 0x80001292 (0x58c107a3) mem 0x80013488 0x00
core   0: 0x80001296 (0x58f15303) lhu     t1, 1423(sp)
core   0: 3 0x80001296 (0x58f15303) x6  0x00000000 mem 0x80013488
core   0: 0x8000129a (0x58f14903) lbu     s2, 1423(sp)
core   0: 3 0x8000129a (0x58f14903) x18 0x00000000 mem 0x80013488
core   0: 0x8000129e (0x00000001) c.nop
core   0: 3 0x8000129e (0x0001)
core   0: 0x800012a0 (0x58f12d03) lw      s10, 1423(sp)
core   0: 3 0x800012a0 (0x58f12d03) x26 0x00000000 mem 0x80013488
core   0: 0x800012a4 (0x58f11a03) lh      s4, 1423(sp)
core   0: 3 0x800012a4 (0x58f11a03) x20 0x00000000 mem 0x80013488
core   0: 0x800012a8 (0x23514e03) lbu     t3, 565(sp)
core   0: 3 0x800012a8 (0x23514e03) x28 0x00000000 mem 0x8001312e
core   0: 0x800012ac (0xea010c23) sb      zero, -328(sp)
core   0: 3 0x800012ac (0xea010c23) mem 0x80012db1 0x00
core   0: 0x800012b0 (0xeb810a03) lb      s4, -328(sp)
core   0: 3 0x800012b0 (0xeb810a03) x20 0x00000000 mem 0x80012db1
core   0: 0x800012b4 (0xeb814603) lbu     a2, -328(sp)
core   0: 3 0x800012b4 (0xeb814603) x12 0x00000000 mem 0x80012db1
core   0: 0x800012b8 (0x00000001) c.nop
core   0: 3 0x800012b8 (0x0001)
core   0: 0x800012ba (0xeab10c23) sb      a1, -328(sp)
core   0: 3 0x800012ba (0xeab10c23) mem 0x80012db1 0x00
core   0: 0x800012be (0xeba10c23) sb      s10, -328(sp)
core   0: 3 0x800012be (0xeba10c23) mem 0x80012db1 0x00
core   0: 0x800012c2 (0xeb814203) lbu     tp, -328(sp)
core   0: 3 0x800012c2 (0xeb814203) x4  0x00000000 mem 0x80012db1
core   0: 0x800012c6 (0x020000ef) jal     pc + 0x20
core   0: 3 0x800012c6 (0x020000ef) x1  0x800012ca
core   0: 0x800012e6 (0x0000b7fd) c.j     pc - 18
core   0: 3 0x800012e6 (0xb7fd)
core   0: 0x800012d4 (0xff7ff0ef) jal     pc - 0xa
core   0: 3 0x800012d4 (0xff7ff0ef) x1  0x800012d8
core   0: 0x800012ca (0x0000a021) c.j     pc + 8
core   0: 3 0x800012ca (0xa021)
core   0: 0x800012d2 (0x0000a029) c.j     pc + 10
core   0: 3 0x800012d2 (0xa029)
core   0: 0x800012dc (0x00002009) c.jal   pc + 2
core   0: 3 0x800012dc (0x2009) x1  0x800012de
core   0: 0x800012de (0x00003fcd) c.jal   pc - 14
core   0: 3 0x800012de (0x3fcd) x1  0x800012e0
core   0: 0x800012d0 (0x0000bff5) c.j     pc - 4
core   0: 3 0x800012d0 (0xbff5)
core   0: 0x800012cc (0x00c0036f) jal     t1, pc + 0xc
core   0: 3 0x800012cc (0x00c0036f) x6  0x800012d0
core   0: 0x800012d8 (0x008000ef) jal     pc + 0x8
core   0: 3 0x800012d8 (0x008000ef) x1  0x800012dc
core   0: 0x800012e0 (0x00002009) c.jal   pc + 2
core   0: 3 0x800012e0 (0x2009) x1  0x800012e2
core   0: 0x800012e2 (0x006000ef) jal     pc + 0x6
core   0: 3 0x800012e2 (0x006000ef) x1  0x800012e6
core   0: 0x800012e8 (0xbb92c893) xori    a7, t0, -1095
core   0: 3 0x800012e8 (0xbb92c893) x17 0xfffffbb8
core   0: 0x800012ec (0x0000f117) auipc   sp, 0xf
core   0: 3 0x800012ec (0x0000f117) x2  0x800102ec
core   0: 0x800012f0 (0x79610113) addi    sp, sp, 1942
core   0: 3 0x800012f0 (0x79610113) x2  0x80010a82
core   0: 0x800012f4 (0xff411e23) sh      s4, -4(sp)
core   0: 3 0x800012f4 (0xff411e23) mem 0x80010a7e 0x0000
core   0: 0x800012f8 (0x03c14903) lbu     s2, 60(sp)
core   0: 3 0x800012f8 (0x03c14903) x18 0x00000000 mem 0x80010abe
core   0: 0x800012fc (0x03c10603) lb      a2, 60(sp)
core   0: 3 0x800012fc (0x03c10603) x12 0x00000000 mem 0x80010abe
core   0: 0x80001300 (0x01a12883) lw      a7, 26(sp)
core   0: 3 0x80001300 (0x01a12883) x17 0x00000000 mem 0x80010a9c
core   0: 0x80001304 (0x000087f9) c.srai  a5, 30
core   0: 3 0x80001304 (0x87f9) x15 0x00000000
core   0: 0x80001306 (0x02811503) lh      a0, 40(sp)
core   0: 3 0x80001306 (0x02811503) x10 0x00000000 mem 0x80010aaa
core   0: 0x8000130a (0x03d14b03) lbu     s6, 61(sp)
core   0: 3 0x8000130a (0x03d14b03) x22 0x00000000 mem 0x80010abf
core   0: 0x8000130e (0xfc310ea3) sb      gp, -35(sp)
core   0: 3 0x8000130e (0xfc310ea3) mem 0x80010a5f 0x00
core   0: 0x80001312 (0x000086cd) c.srai  a3, 19
core   0: 3 0x80001312 (0x86cd) x13 0x00000000
core   0: 0x80001314 (0xfc410ea3) sb      tp, -35(sp)
core   0: 3 0x80001314 (0xfc410ea3) mem 0x80010a5f 0x00
core   0: 0x80001318 (0xfc210ea3) sb      sp, -35(sp)
core   0: 3 0x80001318 (0xfc210ea3) mem 0x80010a5f 0x82
core   0: 0x8000131c (0xfdd14f83) lbu     t6, -35(sp)
core   0: 3 0x8000131c (0xfdd14f83) x31 0x00000082 mem 0x80010a5f
core   0: 0x80001320 (0xfdd14f83) lbu     t6, -35(sp)
core   0: 3 0x80001320 (0xfdd14f83) x31 0x00000082 mem 0x80010a5f
core   0: 0x80001324 (0x0000ff97) auipc   t6, 0xf
core   0: 3 0x80001324 (0x0000ff97) x31 0x80010324
core   0: 0x80001328 (0x14bf8f93) addi    t6, t6, 331
core   0: 3 0x80001328 (0x14bf8f93) x31 0x8001046f
core   0: 0x8000132c (0x362379b7) lui     s3, 0x36237
core   0: 3 0x8000132c (0x362379b7) x19 0x36237000
core   0: 0x80001330 (0x6bf4f493) andi    s1, s1, 1727
core   0: 3 0x80001330 (0x6bf4f493) x9  0x00000000
core   0: 0x80001334 (0x6fdfd983) lhu     s3, 1789(t6)
core   0: 3 0x80001334 (0x6fdfd983) x19 0x00000000 mem 0x80010b6c
core   0: 0x80001338 (0x0343b333) mulhu   t1, t2, s4
core   0: 3 0x80001338 (0x0343b333) x6  0x00000000
core   0: 0x8000133c (0x17954497) auipc   s1, 0x17954
core   0: 3 0x8000133c (0x17954497) x9  0x9795533c
core   0: 0x80001340 (0x41cfca03) lbu     s4, 1052(t6)
core   0: 3 0x80001340 (0x41cfca03) x20 0x00000000 mem 0x8001088b
core   0: 0x80001344 (0x00000001) c.nop
core   0: 3 0x80001344 (0x0001)
core   0: 0x80001346 (0x4b4f8323) sb      s4, 1190(t6)
core   0: 3 0x80001346 (0x4b4f8323) mem 0x80010915 0x00
core   0: 0x8000134a (0x000093ce) c.add   t2, s3
core   0: 3 0x8000134a (0x93ce) x7  0x00000042
core   0: 0x8000134c (0x515f8783) lb      a5, 1301(t6)
core   0: 3 0x8000134c (0x515f8783) x15 0x00000000 mem 0x80010984
core   0: 0x80001350 (0x709f8623) sb      s1, 1804(t6)
core   0: 3 0x80001350 (0x709f8623) mem 0x80010b7b 0x3c
core   0: 0x80001354 (0x414a03b3) sub     t2, s4, s4
core   0: 3 0x80001354 (0x414a03b3) x7  0x00000000
core   0: 0x80001358 (0x407a59b3) sra     s3, s4, t2
core   0: 3 0x80001358 (0x407a59b3) x19 0x00000000
core   0: 0x8000135c (0x026a57b3) divu    a5, s4, t1
core   0: 3 0x8000135c (0x026a57b3) x15 0xffffffff
core   0: 0x80001360 (0x86b9b993) sltiu   s3, s3, -1941
core   0: 3 0x80001360 (0x86b9b993) x19 0x00000001
core   0: 0x80001364 (0x02f493b3) mulh    t2, s1, a5
core   0: 3 0x80001364 (0x02f493b3) x7  0x00000000
core   0: 0x80001368 (0x006a77b3) and     a5, s4, t1
core   0: 3 0x80001368 (0x006a77b3) x15 0x00000000
core   0: 0x8000136c (0x0344c3b3) div     t2, s1, s4
core   0: 3 0x8000136c (0x0344c3b3) x7  0xffffffff
core   0: 0x80001370 (0x574f8223) sb      s4, 1380(t6)
core   0: 3 0x80001370 (0x574f8223) mem 0x800109d3 0x00
core   0: 0x80001374 (0xe29f8d23) sb      s1, -454(t6)
core   0: 3 0x80001374 (0xe29f8d23) mem 0x800102a9 0x3c
core   0: 0x80001378 (0x9d748493) addi    s1, s1, -1577
core   0: 3 0x80001378 (0x9d748493) x9  0x97954d13
core   0: 0x8000137c (0x0000999e) c.add   s3, t2
core   0: 3 0x8000137c (0x999e) x19 0x00000000
core   0: 0x8000137e (0x00000336) c.slli  t1, 13
core   0: 3 0x8000137e (0x0336) x6  0x00000000
core   0: 0x80001380 (0x00fa5a33) srl     s4, s4, a5
core   0: 3 0x80001380 (0x00fa5a33) x20 0x00000000
core   0: 0x80001384 (0x5a5fa303) lw      t1, 1445(t6)
core   0: 3 0x80001384 (0x5a5fa303) x6  0x00000000 mem 0x80010a14
core   0: 0x80001388 (0x00008cfd) c.and   s1, a5
core   0: 3 0x80001388 (0x8cfd) x9  0x00000000
core   0: 0x8000138a (0xf79f9783) lh      a5, -135(t6)
core   0: 3 0x8000138a (0xf79f9783) x15 0x00000000 mem 0x800103e8
core   0: 0x8000138e (0x02fa74b3) remu    s1, s4, a5
core   0: 3 0x8000138e (0x02fa74b3) x9  0x00000000
core   0: 0x80001392 (0x0274f333) remu    t1, s1, t2
core   0: 3 0x80001392 (0x0274f333) x6  0x00000000
core   0: 0x80001396 (0x00001a7d) c.addi  s4, -1
core   0: 3 0x80001396 (0x1a7d) x20 0xffffffff
core   0: 0x80001398 (0x406a53b3) sra     t2, s4, t1
core   0: 3 0x80001398 (0x406a53b3) x7  0xffffffff
core   0: 0x8000139c (0xf9ef8a03) lb      s4, -98(t6)
core   0: 3 0x8000139c (0xf9ef8a03) x20 0x00000000 mem 0x8001040d
core   0: 0x800013a0 (0xd0303317) auipc   t1, 0xd0303
core   0: 3 0x800013a0 (0xd0303317) x6  0x503043a0
core   0: 0x800013a4 (0x568f8783) lb      a5, 1384(t6)
core   0: 3 0x800013a4 (0x568f8783) x15 0x00000000 mem 0x800109d7
core   0: 0x800013a8 (0x00008fdd) c.or    a5, a5
core   0: 3 0x800013a8 (0x8fdd) x15 0x00000000
core   0: 0x800013aa (0x414309b3) sub     s3, t1, s4
core   0: 3 0x800013aa (0x414309b3) x19 0x503043a0
core   0: 0x800013ae (0x00000001) c.nop
core   0: 3 0x800013ae (0x0001)
core   0: 0x800013b0 (0x000a5313) srli    t1, s4, 0
core   0: 3 0x800013b0 (0x000a5313) x6  0x00000000
core   0: 0x800013b4 (0x300fc303) lbu     t1, 768(t6)
core   0: 3 0x800013b4 (0x300fc303) x6  0x00000000 mem 0x8001076f
core   0: 0x800013b8 (0x54ff85a3) sb      a5, 1355(t6)
core   0: 3 0x800013b8 (0x54ff85a3) mem 0x800109ba 0x00
core   0: 0x800013bc (0x1f4fc383) lbu     t2, 500(t6)
core   0: 3 0x800013bc (0x1f4fc383) x7  0x00000000 mem 0x80010663
core   0: 0x800013c0 (0xfb3f8523) sb      s3, -86(t6)
core   0: 3 0x800013c0 (0xfb3f8523) mem 0x80010419 0xa0
core   0: 0x800013c4 (0x00008cdd) c.or    s1, a5
core   0: 3 0x800013c4 (0x8cdd) x9  0x00000000
core   0: 0x800013c6 (0x518f8a03) lb      s4, 1304(t6)
core   0: 3 0x800013c6 (0x518f8a03) x20 0x00000000 mem 0x80010987
core   0: 0x800013ca (0x00005fd9) c.li    t6, -10
core   0: 3 0x800013ca (0x5fd9) x31 0xfffffff6
core   0: 0x800013cc (0x03ab6e33) rem     t3, s6, s10
core   0: 3 0x800013cc (0x03ab6e33) x28 0x00000000
core   0: 0x800013d0 (0x03c04cb3) div     s9, zero, t3
core   0: 3 0x800013d0 (0x03c04cb3) x25 0xffffffff
core   0: 0x800013d4 (0x006800b3) add     ra, a6, t1
core   0: 3 0x800013d4 (0x006800b3) x1  0x00000001
core   0: 0x800013d8 (0x00000001) c.nop
core   0: 3 0x800013d8 (0x0001)
core   0: 0x800013da (0x03efbdb3) mulhu   s11, t6, t5
core   0: 3 0x800013da (0x03efbdb3) x27 0x80029d1e
core   0: 0x800013de (0x2752ed13) ori     s10, t0, 629
core   0: 3 0x800013de (0x2752ed13) x26 0x00000275
core   0: 0x800013e2 (0x00005245) c.li    tp, -15
core   0: 3 0x800013e2 (0x5245) x4  0xfffffff1
core   0: 0x800013e4 (0x02a6dbb3) divu    s7, a3, a0
core   0: 3 0x800013e4 (0x02a6dbb3) x23 0xffffffff
core   0: 0x800013e8 (0x00006829) c.lui   a6, 0xa
core   0: 3 0x800013e8 (0x6829) x16 0x0000a000
core   0: 0x800013ea (0x03bdae33) mulhsu  t3, s11, s11
core   0: 3 0x800013ea (0x03bdae33) x28 0xc0000006
core   0: 0x800013ee (0xf10e3993) sltiu   s3, t3, -240
core   0: 3 0x800013ee (0xf10e3993) x19 0x00000001
core   0: 0x800013f2 (0x010bf3b3) and     t2, s7, a6
core   0: 3 0x800013f2 (0x010bf3b3) x7  0x0000a000
core   0: 0x800013f6 (0x0000177d) c.addi  a4, -1
core   0: 3 0x800013f6 (0x177d) x14 0xfbffffff
core   0: 0x800013f8 (0x00008d3d) c.xor   a0, a5
core   0: 3 0x800013f8 (0x8d3d) x10 0x00000000
core   0: 0x800013fa (0x00001c7d) c.addi  s8, -1
core   0: 3 0x800013fa (0x1c7d) x24 0x00000041
core   0: 0x800013fc (0x99b10b17) auipc   s6, 0x99b10
core   0: 3 0x800013fc (0x99b10b17) x22 0x19b113fc
core   0: 0x80001400 (0x00001fd9) c.addi  t6, -10
core   0: 3 0x80001400 (0x1fd9) x31 0xffffffec
core   0: 0x80001402 (0xfe4fdce3) bge     t6, tp, pc - 8
core   0: 3 0x80001402 (0xfe4fdce3)
core   0: 0x80001406 (0x000084bd) c.srai  s1, 15
core   0: 3 0x80001406 (0x84bd) x9  0x00000000
core   0: 0x80001408 (0x0000576d) c.li    a4, -5
core   0: 3 0x80001408 (0x576d) x14 0xfffffffb
core   0: 0x8000140a (0x00ac1513) slli    a0, s8, 10
core   0: 3 0x8000140a (0x00ac1513) x10 0x00010400
core   0: 0x8000140e (0x036433b3) mulhu   t2, s0, s6
core   0: 3 0x8000140e (0x036433b3) x7  0x00000000
core   0: 0x80001412 (0x02009333) mulh    t1, ra, zero
core   0: 3 0x80001412 (0x02009333) x6  0x00000000
core   0: 0x80001416 (0x00000001) c.nop
core   0: 3 0x80001416 (0x0001)
core   0: 0x80001418 (0x000085dd) c.srai  a1, 23
core   0: 3 0x80001418 (0x85dd) x11 0x00000000
core   0: 0x8000141a (0x016c7db3) and     s11, s8, s6
core   0: 3 0x8000141a (0x016c7db3) x27 0x00000040
core   0: 0x8000141e (0x000099fd) c.andi  a1, -1
core   0: 3 0x8000141e (0x99fd) x11 0x00000000
core   0: 0x80001420 (0x00008e55) c.or    a2, a3
core   0: 3 0x80001420 (0x8e55) x12 0x00000000
core   0: 0x80001422 (0x03a38c33) mul     s8, t2, s10
core   0: 3 0x80001422 (0x03a38c33) x24 0x00000000
core   0: 0x80001426 (0x00000705) c.addi  a4, 1
core   0: 3 0x80001426 (0x0705) x14 0xfffffffc
core   0: 0x80001428 (0x00cd9633) sll     a2, s11, a2
core   0: 3 0x80001428 (0x00cd9633) x12 0x00000040
core   0: 0x8000142c (0x0000d77d) c.beqz  a4, pc - 18
core   0: 3 0x8000142c (0xd77d)
core   0: 0x8000142e (0x00008646) c.mv    a2, a7
core   0: 3 0x8000142e (0x8646) x12 0x00000000
core   0: 0x80001430 (0x00019297) auipc   t0, 0x19
core   0: 3 0x80001430 (0x00019297) x5  0x8001a430
core   0: 0x80001434 (0xa2528293) addi    t0, t0, -1499
core   0: 3 0x80001434 (0xa2528293) x5  0x80019e55
core   0: 0x80001438 (0x00d9d533) srl     a0, s3, a3
core   0: 3 0x80001438 (0x00d9d533) x10 0x00000001
core   0: 0x8000143c (0xff72cd03) lbu     s10, -9(t0)
core   0: 3 0x8000143c (0xff72cd03) x26 0x00000000 mem 0x80019e4c
core   0: 0x80001440 (0x024b6433) rem     s0, s6, tp
core   0: 3 0x80001440 (0x024b6433) x8  0x00000008
core   0: 0x80001444 (0x00004769) c.li    a4, 26
core   0: 3 0x80001444 (0x4769) x14 0x0000001a
core   0: 0x80001446 (0x00004e59) c.li    t3, 22
core   0: 3 0x80001446 (0x4e59) x28 0x00000016
core   0: 0x80001448 (0x0286d733) divu    a4, a3, s0
core   0: 3 0x80001448 (0x0286d733) x14 0x00000000
core   0: 0x8000144c (0x00f41893) slli    a7, s0, 15
core   0: 3 0x8000144c (0x00f41893) x17 0x00040000
core   0: 0x80001450 (0xffa2c783) lbu     a5, -6(t0)
core   0: 3 0x80001450 (0xffa2c783) x15 0x00000000 mem 0x80019e4f
core   0: 0x80001454 (0xff32a983) lw      s3, -13(t0)
core   0: 3 0x80001454 (0xff32a983) x19 0x00000000 mem 0x80019e48
core   0: 0x80001458 (0x0052d003) lhu     zero, 5(t0)
core   0: 3 0x80001458 (0x0052d003) mem 0x80019e5a
core   0: 0x8000145c (0x01128423) sb      a7, 8(t0)
core   0: 3 0x8000145c (0x01128423) mem 0x80019e5d 0x00
core   0: 0x80001460 (0x403f86b3) sub     a3, t6, gp
core   0: 3 0x80001460 (0x403f86b3) x13 0xffffffec
core   0: 0x80001464 (0xff028b83) lb      s7, -16(t0)
core   0: 3 0x80001464 (0xff028b83) x23 0x00000000 mem 0x80019e45
core   0: 0x80001468 (0x0001c433) xor     s0, gp, zero
core   0: 3 0x80001468 (0x0001c433) x8  0x00000000
core   0: 0x8000146c (0x00008cfd) c.and   s1, a5
core   0: 3 0x8000146c (0x8cfd) x9  0x00000000
core   0: 0x8000146e (0x0050d0b3) srl     ra, ra, t0
core   0: 3 0x8000146e (0x0050d0b3) x1  0x00000000
core   0: 0x80001472 (0x00008ce5) c.and   s1, s1
core   0: 3 0x80001472 (0x8ce5) x9  0x00000000
core   0: 0x80001474 (0xfe3288a3) sb      gp, -15(t0)
core   0: 3 0x80001474 (0xfe3288a3) mem 0x80019e46 0x00
core   0: 0x80001478 (0xffa2c983) lbu     s3, -6(t0)
core   0: 3 0x80001478 (0xffa2c983) x19 0x00000000 mem 0x80019e4f
core   0: 0x8000147c (0x03e8c033) div     zero, a7, t5
core   0: 3 0x8000147c (0x03e8c033)
core   0: 0x80001480 (0xd74d0c13) addi    s8, s10, -652
core   0: 3 0x80001480 (0xd74d0c13) x24 0xfffffd74
core   0: 0x80001484 (0x35ed7393) andi    t2, s10, 862
core   0: 3 0x80001484 (0x35ed7393) x7  0x00000000
core   0: 0x80001488 (0x0000140c) c.addi4spn a1, sp, 544
core   0: 3 0x80001488 (0x140c) x11 0x80010ca2
core   0: 0x8000148a (0xfe228a23) sb      sp, -12(t0)
core   0: 3 0x8000148a (0xfe228a23) mem 0x80019e49 0x82
core   0: 0x8000148e (0x0092c683) lbu     a3, 9(t0)
core   0: 3 0x8000148e (0x0092c683) x13 0x00000000 mem 0x80019e5e
core   0: 0x80001492 (0x00e2cc83) lbu     s9, 14(t0)
core   0: 3 0x80001492 (0x00e2cc83) x25 0x00000000 mem 0x80019e63
core   0: 0x80001496 (0xce2e0813) addi    a6, t3, -798
core   0: 3 0x80001496 (0xce2e0813) x16 0xfffffcf8
core   0: 0x8000149a (0x00c2c683) lbu     a3, 12(t0)
core   0: 3 0x8000149a (0x00c2c683) x13 0x00000000 mem 0x80019e61
core   0: 0x8000149e (0x02f84db3) div     s11, a6, a5
core   0: 3 0x8000149e (0x02f84db3) x27 0xffffffff
core   0: 0x800014a2 (0x3b99ed13) ori     s10, s3, 953
core   0: 3 0x800014a2 (0x3b99ed13) x26 0x000003b9
core   0: 0x800014a6 (0x00c28683) lb      a3, 12(t0)
core   0: 3 0x800014a6 (0x00c28683) x13 0x00000000 mem 0x80019e61
core   0: 0x800014aa (0x00001d7d) c.addi  s10, -1
core   0: 3 0x800014aa (0x1d7d) x26 0x000003b8
core   0: 0x800014ac (0x00529b03) lh      s6, 5(t0)
core   0: 3 0x800014ac (0x00529b03) x22 0x00000000 mem 0x80019e5a
core   0: 0x800014b0 (0x00000bca) c.slli  s7, 18
core   0: 3 0x800014b0 (0x0bca) x23 0x00000000
core   0: 0x800014b2 (0x0022c203) lbu     tp, 2(t0)
core   0: 3 0x800014b2 (0x0022c203) x4  0x00000000 mem 0x80019e57
core   0: 0x800014b6 (0x00001514) c.addi4spn a3, sp, 672
core   0: 3 0x800014b6 (0x1514) x13 0x80010d22
core   0: 0x800014b8 (0xf70fe193) ori     gp, t6, -144
core   0: 3 0x800014b8 (0xf70fe193) x3  0xfffffffc
core   0: 0x800014bc (0x0062c603) lbu     a2, 6(t0)
core   0: 3 0x800014bc (0x0062c603) x12 0x00000000 mem 0x80019e5b
core   0: 0x800014c0 (0x0000f117) auipc   sp, 0xf
core   0: 3 0x800014c0 (0x0000f117) x2  0x800104c0
core   0: 0x800014c4 (0x5fe10113) addi    sp, sp, 1534
core   0: 3 0x800014c4 (0x5fe10113) x2  0x80010abe
core   0: 0x800014c8 (0x00d101a3) sb      a3, 3(sp)
core   0: 3 0x800014c8 (0x00d101a3) mem 0x80010ac1 0x22
core   0: 0x800014cc (0xfea10b23) sb      a0, -10(sp)
core   0: 3 0x800014cc (0xfea10b23) mem 0x80010ab4 0x01
core   0: 0x800014d0 (0xffb14683) lbu     a3, -5(sp)
core   0: 3 0x800014d0 (0xffb14683) x13 0x00000000 mem 0x80010ab9
core   0: 0x800014d4 (0xff614403) lbu     s0, -10(sp)
core   0: 3 0x800014d4 (0xff614403) x8  0x00000001 mem 0x80010ab4
core   0: 0x800014d8 (0x00008179) c.srli  a0, 30
core   0: 3 0x800014d8 (0x8179) x10 0x00000000
core   0: 0x800014da (0x0000829d) c.srli  a3, 7
core   0: 3 0x800014da (0x829d) x13 0x00000000
core   0: 0x800014dc (0x010101a3) sb      a6, 3(sp)
core   0: 3 0x800014dc (0x010101a3) mem 0x80010ac1 0xf8
core   0: 0x800014e0 (0x0000621d) c.lui   tp, 0x7
core   0: 3 0x800014e0 (0x621d) x4  0x00007000
core   0: 0x800014e2 (0xff910f83) lb      t6, -7(sp)
core   0: 3 0x800014e2 (0xff910f83) x31 0x00000000 mem 0x80010ab7
core   0: 0x800014e6 (0x00910603) lb      a2, 9(sp)
core   0: 3 0x800014e6 (0x00910603) x12 0x00000000 mem 0x80010ac7
core   0: 0x800014ea (0x00b46bb3) or      s7, s0, a1
core   0: 3 0x800014ea (0x00b46bb3) x23 0x80010ca3
core   0: 0x800014ee (0x00d14883) lbu     a7, 13(sp)
core   0: 3 0x800014ee (0x00d14883) x17 0x00000000 mem 0x80010acb
core   0: 0x800014f2 (0x010a2033) slt     zero, s4, a6
core   0: 3 0x800014f2 (0x010a2033)
core   0: 0x800014f6 (0xebfa0713) addi    a4, s4, -321
core   0: 3 0x800014f6 (0xebfa0713) x14 0xfffffebf
core   0: 0x800014fa (0xff815083) lhu     ra, -8(sp)
core   0: 3 0x800014fa (0xff815083) x1  0x00000000 mem 0x80010ab6
core   0: 0x800014fe (0xffb14283) lbu     t0, -5(sp)
core   0: 3 0x800014fe (0xffb14283) x5  0x00000000 mem 0x80010ab9
core   0: 0x80001502 (0x01711023) sh      s7, 0(sp)
core   0: 3 0x80001502 (0x01711023) mem 0x80010abe 0x0ca3
core   0: 0x80001506 (0x00d10703) lb      a4, 13(sp)
core   0: 3 0x80001506 (0x00d10703) x14 0x00000000 mem 0x80010acb
core   0: 0x8000150a (0x00215c83) lhu     s9, 2(sp)
core   0: 3 0x8000150a (0x00215c83) x25 0x0000f800 mem 0x80010ac0
core   0: 0x8000150e (0xff011503) lh      a0, -16(sp)
core   0: 3 0x8000150e (0xff011503) x10 0x00000000 mem 0x80010aae
core   0: 0x80001512 (0x00611183) lh      gp, 6(sp)
core   0: 3 0x80001512 (0x00611183) x3  0x00000000 mem 0x80010ac4
core   0: 0x80001516 (0xff710983) lb      s3, -9(sp)
core   0: 3 0x80001516 (0xff710983) x19 0x00000000 mem 0x80010ab5
core   0: 0x8000151a (0xffe15983) lhu     s3, -2(sp)
core   0: 3 0x8000151a (0xffe15983) x19 0x00000000 mem 0x80010abc
core   0: 0x8000151e (0x01710223) sb      s7, 4(sp)
core   0: 3 0x8000151e (0x01710223) mem 0x80010ac2 0xa3
core   0: 0x80001522 (0x02ed7b33) remu    s6, s10, a4
core   0: 3 0x80001522 (0x02ed7b33) x22 0x000003b8
core   0: 0x80001526 (0xfe311823) sh      gp, -16(sp)
core   0: 3 0x80001526 (0xfe311823) mem 0x80010aae 0x0000
core   0: 0x8000152a (0x02a24533) div     a0, tp, a0
core   0: 3 0x8000152a (0x02a24533) x10 0xffffffff
core   0: 0x8000152e (0x00612203) lw      tp, 6(sp)
core   0: 3 0x8000152e (0x00612203) x4  0x00000000 mem 0x80010ac4
core   0: 0x80001532 (0x00310823) sb      gp, 16(sp)
core   0: 3 0x80001532 (0x00310823) mem 0x80010ace 0x00
core   0: 0x80001536 (0x0139a333) slt     t1, s3, s3
core   0: 3 0x80001536 (0x0139a333) x6  0x00000000
core   0: 0x8000153a (0xfe1109a3) sb      ra, -13(sp)
core   0: 3 0x8000153a (0xfe1109a3) mem 0x80010ab1 0x00
core   0: 0x8000153e (0x023c72b3) remu    t0, s8, gp
core   0: 3 0x8000153e (0x023c72b3) x5  0xfffffd74
core   0: 0x80001542 (0x00009fc6) c.add   t6, a7
core   0: 3 0x80001542 (0x9fc6) x31 0x00000000
core   0: 0x80001544 (0x00114983) lbu     s3, 1(sp)
core   0: 3 0x80001544 (0x00114983) x19 0x0000000c mem 0x80010abf
core   0: 0x80001548 (0x010000ef) jal     pc + 0x10
core   0: 3 0x80001548 (0x010000ef) x1  0x8000154c
core   0: 0x80001558 (0x0000a03d) c.j     pc + 46
core   0: 3 0x80001558 (0xa03d)
core   0: 0x80001586 (0x000037ed) c.jal   pc - 22
core   0: 3 0x80001586 (0x37ed) x1  0x80001588
core   0: 0x80001570 (0x008000ef) jal     pc + 0x8
core   0: 3 0x80001570 (0x008000ef) x1  0x80001574
core   0: 0x80001578 (0xfe5ff0ef) jal     pc - 0x1c
core   0: 3 0x80001578 (0xfe5ff0ef) x1  0x8000157c
core   0: 0x8000155c (0x012000ef) jal     pc + 0x12
core   0: 3 0x8000155c (0x012000ef) x1  0x80001560
core   0: 0x8000156e (0x00003ffd) c.jal   pc - 2
core   0: 3 0x8000156e (0x3ffd) x1  0x80001570
core   0: 0x8000156c (0x0000a809) c.j     pc + 18
core   0: 3 0x8000156c (0xa809)
core   0: 0x8000157e (0x0000bfe1) c.j     pc - 40
core   0: 3 0x8000157e (0xbfe1)
core   0: 0x80001556 (0x00003ff5) c.jal   pc - 4
core   0: 3 0x80001556 (0x3ff5) x1  0x80001558
core   0: 0x80001552 (0x00002811) c.jal   pc + 20
core   0: 3 0x80001552 (0x2811) x1  0x80001554
core   0: 0x80001566 (0x000037ed) c.jal   pc - 22
core   0: 3 0x80001566 (0x37ed) x1  0x80001568
core   0: 0x80001550 (0x0000a029) c.j     pc + 10
core   0: 3 0x80001550 (0xa029)
core   0: 0x8000155a (0x0000a019) c.j     pc + 6
core   0: 3 0x8000155a (0xa019)
core   0: 0x80001560 (0x0000a811) c.j     pc + 20
core   0: 3 0x80001560 (0xa811)
core   0: 0x80001574 (0x00c000ef) jal     pc + 0xc
core   0: 3 0x80001574 (0x00c000ef) x1  0x80001578
core   0: 0x80001580 (0x0040026f) jal     tp, pc + 0x4
core   0: 3 0x80001580 (0x0040026f) x4  0x80001584
core   0: 0x80001584 (0x000037dd) c.jal   pc - 26
core   0: 3 0x80001584 (0x37dd) x1  0x80001586
core   0: 0x8000156a (0x00002809) c.jal   pc + 18
core   0: 3 0x8000156a (0x2809) x1  0x8000156c
core   0: 0x8000157c (0x0000a031) c.j     pc + 12
core   0: 3 0x8000157c (0xa031)
core   0: 0x80001588 (0x000037c5) c.jal   pc - 32
core   0: 3 0x80001588 (0x37c5) x1  0x8000158a
core   0: 0x80001568 (0x0000b7dd) c.j     pc - 26
core   0: 3 0x80001568 (0xb7dd)
core   0: 0x8000154e (0x00002835) c.jal   pc + 60
core   0: 3 0x8000154e (0x2835) x1  0x80001550
core   0: 0x8000158a (0xfcbff36f) jal     t1, pc - 0x36
core   0: 3 0x8000158a (0xfcbff36f) x6  0x8000158e
core   0: 0x80001554 (0x00002039) c.jal   pc + 14
core   0: 3 0x80001554 (0x2039) x1  0x80001556
core   0: 0x80001562 (0xfebff0ef) jal     pc - 0x16
core   0: 3 0x80001562 (0xfebff0ef) x1  0x80001566
core   0: 0x8000154c (0x0000a089) c.j     pc + 66
core   0: 3 0x8000154c (0xa089)
core   0: 0x8000158e (0x017a23b3) slt     t2, s4, s7
core   0: 3 0x8000158e (0x017a23b3) x7  0x00000000
core   0: 0x80001592 (0x016000ef) jal     pc + 0x16
core   0: 3 0x80001592 (0x016000ef) x1  0x80001596
core   0: 0x800015a8 (0x004005ef) jal     a1, pc + 0x4
core   0: 3 0x800015a8 (0x004005ef) x11 0x800015ac
core   0: 0x800015ac (0xff7ffe6f) jal     t3, pc - 0xa
core   0: 3 0x800015ac (0xff7ffe6f) x28 0x800015b0
core   0: 0x800015a2 (0x00e000ef) jal     pc + 0xe
core   0: 3 0x800015a2 (0x00e000ef) x1  0x800015a6
core   0: 0x800015b0 (0x0000a009) c.j     pc + 2
core   0: 3 0x800015b0 (0xa009)
core   0: 0x800015b2 (0x0000b7f5) c.j     pc - 20
core   0: 3 0x800015b2 (0xb7f5)
core   0: 0x8000159e (0xffdff0ef) jal     pc - 0x4
core   0: 3 0x8000159e (0xffdff0ef) x1  0x800015a2
core   0: 0x8000159a (0xffdff2ef) jal     t0, pc - 0x4
core   0: 3 0x8000159a (0xffdff2ef) x5  0x8000159e
core   0: 0x80001596 (0x01e000ef) jal     pc + 0x1e
core   0: 3 0x80001596 (0x01e000ef) x1  0x8000159a
core   0: 0x800015b4 (0xff3ff3ef) jal     t2, pc - 0xe
core   0: 3 0x800015b4 (0xff3ff3ef) x7  0x800015b8
core   0: 0x800015a6 (0x0000a809) c.j     pc + 18
core   0: 3 0x800015a6 (0xa809)
core   0: 0x800015b8 (0x028a1333) mulh    t1, s4, s0
core   0: 3 0x800015b8 (0x028a1333) x6  0x00000000
core   0: 0x800015bc (0x00004089) c.li    ra, 2
core   0: 3 0x800015bc (0x4089) x1  0x00000002
core   0: 0x800015be (0x00004fbd) c.li    t6, 15
core   0: 3 0x800015be (0x4fbd) x31 0x0000000f
core   0: 0x800015c0 (0x00000001) c.nop
core   0: 3 0x800015c0 (0x0001)
core   0: 0x800015c2 (0x039b15b3) mulh    a1, s6, s9
core   0: 3 0x800015c2 (0x039b15b3) x11 0x00000000
core   0: 0x800015c6 (0x1b758d13) addi    s10, a1, 439
core   0: 3 0x800015c6 (0x1b758d13) x26 0x000001b7
core   0: 0x800015ca (0x000000a5) c.addi  ra, 9
core   0: 3 0x800015ca (0x00a5) x1  0x0000000b
core   0: 0x800015cc (0x00008efd) c.and   a3, a5
core   0: 3 0x800015cc (0x8efd) x13 0x00000000
core   0: 0x800015ce (0x00005579) c.li    a0, -2
core   0: 3 0x800015ce (0x5579) x10 0xfffffffe
core   0: 0x800015d0 (0x011f1b33) sll     s6, t5, a7
core   0: 3 0x800015d0 (0x011f1b33) x22 0x80029d24
core   0: 0x800015d4 (0x00008c69) c.and   s0, a0
core   0: 3 0x800015d4 (0x8c69) x8  0x00000000
core   0: 0x800015d6 (0x02ec5333) divu    t1, s8, a4
core   0: 3 0x800015d6 (0x02ec5333) x6  0xffffffff
core   0: 0x800015da (0x00000001) c.nop
core   0: 3 0x800015da (0x0001)
core   0: 0x800015dc (0x015a3a33) sltu    s4, s4, s5
core   0: 3 0x800015dc (0x015a3a33) x20 0x00000001
core   0: 0x800015e0 (0x02667433) remu    s0, a2, t1
core   0: 3 0x800015e0 (0x02667433) x8  0x00000000
core   0: 0x800015e4 (0x00008d81) c.sub   a1, s0
core   0: 3 0x800015e4 (0x8d81) x11 0x00000000
core   0: 0x800015e6 (0x1d912693) slti    a3, sp, 473
core   0: 3 0x800015e6 (0x1d912693) x13 0x00000001
core   0: 0x800015ea (0x005a1913) slli    s2, s4, 5
core   0: 3 0x800015ea (0x005a1913) x18 0x00000020
core   0: 0x800015ee (0x00000509) c.addi  a0, 2
core   0: 3 0x800015ee (0x0509) x10 0x00000000
core   0: 0x800015f0 (0x00008372) c.mv    t1, t3
core   0: 3 0x800015f0 (0x8372) x6  0x800015b0
core   0: 0x800015f2 (0x400edb13) srai    s6, t4, 0
core   0: 3 0x800015f2 (0x400edb13) x22 0x80025ea4
core   0: 0x800015f6 (0x0000f965) c.bnez  a0, pc - 16
core   0: 3 0x800015f6 (0xf965)
core   0: 0x800015f8 (0x033c1db3) mulh    s11, s8, s3
core   0: 3 0x800015f8 (0x033c1db3) x27 0xffffffff
core   0: 0x800015fc (0x00829193) slli    gp, t0, 8
core   0: 3 0x800015fc (0x00829193) x3  0x00159e00
core   0: 0x80001600 (0xfdf0c1e3) blt     ra, t6, pc - 62
core   0: 3 0x80001600 (0xfdf0c1e3)
core   0: 0x800015c2 (0x039b15b3) mulh    a1, s6, s9
core   0: 3 0x800015c2 (0x039b15b3) x11 0xffff8402
core   0: 0x800015c6 (0x1b758d13) addi    s10, a1, 439
core   0: 3 0x800015c6 (0x1b758d13) x26 0xffff85b9
core   0: 0x800015ca (0x000000a5) c.addi  ra, 9
core   0: 3 0x800015ca (0x00a5) x1  0x00000014
core   0: 0x800015cc (0x00008efd) c.and   a3, a5
core   0: 3 0x800015cc (0x8efd) x13 0x00000000
core   0: 0x800015ce (0x00005579) c.li    a0, -2
core   0: 3 0x800015ce (0x5579) x10 0xfffffffe
core   0: 0x800015d0 (0x011f1b33) sll     s6, t5, a7
core   0: 3 0x800015d0 (0x011f1b33) x22 0x80029d24
core   0: 0x800015d4 (0x00008c69) c.and   s0, a0
core   0: 3 0x800015d4 (0x8c69) x8  0x00000000
core   0: 0x800015d6 (0x02ec5333) divu    t1, s8, a4
core   0: 3 0x800015d6 (0x02ec5333) x6  0xffffffff
core   0: 0x800015da (0x00000001) c.nop
core   0: 3 0x800015da (0x0001)
core   0: 0x800015dc (0x015a3a33) sltu    s4, s4, s5
core   0: 3 0x800015dc (0x015a3a33) x20 0x00000001
core   0: 0x800015e0 (0x02667433) remu    s0, a2, t1
core   0: 3 0x800015e0 (0x02667433) x8  0x00000000
core   0: 0x800015e4 (0x00008d81) c.sub   a1, s0
core   0: 3 0x800015e4 (0x8d81) x11 0xffff8402
core   0: 0x800015e6 (0x1d912693) slti    a3, sp, 473
core   0: 3 0x800015e6 (0x1d912693) x13 0x00000001
core   0: 0x800015ea (0x005a1913) slli    s2, s4, 5
core   0: 3 0x800015ea (0x005a1913) x18 0x00000020
core   0: 0x800015ee (0x00000509) c.addi  a0, 2
core   0: 3 0x800015ee (0x0509) x10 0x00000000
core   0: 0x800015f0 (0x00008372) c.mv    t1, t3
core   0: 3 0x800015f0 (0x8372) x6  0x800015b0
core   0: 0x800015f2 (0x400edb13) srai    s6, t4, 0
core   0: 3 0x800015f2 (0x400edb13) x22 0x80025ea4
core   0: 0x800015f6 (0x0000f965) c.bnez  a0, pc - 16
core   0: 3 0x800015f6 (0xf965)
core   0: 0x800015f8 (0x033c1db3) mulh    s11, s8, s3
core   0: 3 0x800015f8 (0x033c1db3) x27 0xffffffff
core   0: 0x800015fc (0x00829193) slli    gp, t0, 8
core   0: 3 0x800015fc (0x00829193) x3  0x00159e00
core   0: 0x80001600 (0xfdf0c1e3) blt     ra, t6, pc - 62
core   0: 3 0x80001600 (0xfdf0c1e3)
core   0: 0x80001604 (0x030be4b3) rem     s1, s7, a6
core   0: 3 0x80001604 (0x030be4b3) x9  0xffffff5b
core   0: 0x80001608 (0x00010b17) auipc   s6, 0x10
core   0: 3 0x80001608 (0x00010b17) x22 0x80011608
core   0: 0x8000160c (0x8c4b0b13) addi    s6, s6, -1852
core   0: 3 0x8000160c (0x8c4b0b13) x22 0x80010ecc
core   0: 0x80001610 (0xa1db2823) sw      t4, -1520(s6)
core   0: 3 0x80001610 (0xa1db2823) mem 0x800108dc 0x80025ea4
core   0: 0x80001614 (0xa0fb2823) sw      a5, -1520(s6)
core   0: 3 0x80001614 (0xa0fb2823) mem 0x800108dc 0x00000000
core   0: 0x80001618 (0xa10b2283) lw      t0, -1520(s6)
core   0: 3 0x80001618 (0xa10b2283) x5  0x00000000 mem 0x800108dc
core   0: 0x8000161c (0x0000959e) c.add   a1, t2
core   0: 3 0x8000161c (0x959e) x11 0x7fff99ba
core   0: 0x8000161e (0xa01b2823) sw      ra, -1520(s6)
core   0: 3 0x8000161e (0xa01b2823) mem 0x800108dc 0x00000014
core   0: 0x80001622 (0xa10b4703) lbu     a4, -1520(s6)
core   0: 3 0x80001622 (0xa10b4703) x14 0x00000014 mem 0x800108dc
core   0: 0x80001626 (0x0396f7b3) remu    a5, a3, s9
core   0: 3 0x80001626 (0x0396f7b3) x15 0x00000001
core   0: 0x8000162a (0xa10b1b83) lh      s7, -1520(s6)
core   0: 3 0x8000162a (0xa10b1b83) x23 0x00000014 mem 0x800108dc
core   0: 0x8000162e (0xa10b1183) lh      gp, -1520(s6)
core   0: 3 0x8000162e (0xa10b1183) x3  0x00000014 mem 0x800108dc
core   0: 0x80001632 (0xc92b0423) sb      s2, -888(s6)
core   0: 3 0x80001632 (0xc92b0423) mem 0x80010b54 0x20
core   0: 0x80001636 (0x9a5b0903) lb      s2, -1627(s6)
core   0: 3 0x80001636 (0x9a5b0903) x18 0x00000000 mem 0x80010871
core   0: 0x8000163a (0xc04b4783) lbu     a5, -1020(s6)
core   0: 3 0x8000163a (0xc04b4783) x15 0x00000000 mem 0x80010ad0
core   0: 0x8000163e (0x821b0003) lb      zero, -2015(s6)
core   0: 3 0x8000163e (0x821b0003) mem 0x800106ed
core   0: 0x80001642 (0x82eb00a3) sb      a4, -2015(s6)
core   0: 3 0x80001642 (0x82eb00a3) mem 0x800106ed 0x14
core   0: 0x80001646 (0xbabb0923) sb      a1, -1102(s6)
core   0: 3 0x80001646 (0xbabb0923) mem 0x80010a7e 0xba
core   0: 0x8000164a (0xa39b0fa3) sb      s9, -1473(s6)
core   0: 3 0x8000164a (0xa39b0fa3) mem 0x8001090b 0x00
core   0: 0x8000164e (0xa4eb2a23) sw      a4, -1452(s6)
core   0: 3 0x8000164e (0xa4eb2a23) mem 0x80010920 0x00000014
core   0: 0x80001652 (0xa54b1e03) lh      t3, -1452(s6)
core   0: 3 0x80001652 (0xa54b1e03) x28 0x00000014 mem 0x80010920
core   0: 0x80001656 (0xa54b2303) lw      t1, -1452(s6)
core   0: 3 0x80001656 (0xa54b2303) x6  0x00000014 mem 0x80010920
core   0: 0x8000165a (0x0000f117) auipc   sp, 0xf
core   0: 3 0x8000165a (0x0000f117) x2  0x8001065a
core   0: 0x8000165e (0xf7810113) addi    sp, sp, -136
core   0: 3 0x8000165e (0xf7810113) x2  0x800105d2
core   0: 0x80001662 (0xf4211d03) lh      s10, -190(sp)
core   0: 3 0x80001662 (0xf4211d03) x26 0x00000000 mem 0x80010514
core   0: 0x80001666 (0xf5f10123) sb      t6, -190(sp)
core   0: 3 0x80001666 (0xf5f10123) mem 0x80010514 0x0f
core   0: 0x8000166a (0x000080bd) c.srli  s1, 15
core   0: 3 0x8000166a (0x80bd) x9  0x0001ffff
core   0: 0x8000166c (0x00008d7d) c.and   a0, a5
core   0: 3 0x8000166c (0x8d7d) x10 0x00000000
core   0: 0x8000166e (0x40428433) sub     s0, t0, tp
core   0: 3 0x8000166e (0x40428433) x8  0x7fffea7c
core   0: 0x80001672 (0xf4214583) lbu     a1, -190(sp)
core   0: 3 0x80001672 (0xf4214583) x11 0x0000000f mem 0x80010514
core   0: 0x80001676 (0xe8615d03) lhu     s10, -378(sp)
core   0: 3 0x80001676 (0xe8615d03) x26 0x00000000 mem 0x80010458
core   0: 0x8000167a (0x46214483) lbu     s1, 1122(sp)
core   0: 3 0x8000167a (0x46214483) x9  0x00000000 mem 0x80010a34
core   0: 0x8000167e (0x75910b03) lb      s6, 1881(sp)
core   0: 3 0x8000167e (0x75910b03) x22 0x00000000 mem 0x80010d2b
core   0: 0x80001682 (0x75914f83) lbu     t6, 1881(sp)
core   0: 3 0x80001682 (0x75914f83) x31 0x00000000 mem 0x80010d2b
core   0: 0x80001686 (0x75010ca3) sb      a6, 1881(sp)
core   0: 3 0x80001686 (0x75010ca3) mem 0x80010d2b 0xf8
core   0: 0x8000168a (0x00bb6e33) or      t3, s6, a1
core   0: 3 0x8000168a (0x00bb6e33) x28 0x0000000f
core   0: 0x8000168e (0x75910f83) lb      t6, 1881(sp)
core   0: 3 0x8000168e (0x75910f83) x31 0xfffffff8 mem 0x80010d2b
core   0: 0x80001692 (0x75910b83) lb      s7, 1881(sp)
core   0: 3 0x80001692 (0x75910b83) x23 0xfffffff8 mem 0x80010d2b
core   0: 0x80001696 (0x75910d03) lb      s10, 1881(sp)
core   0: 3 0x80001696 (0x75910d03) x26 0xfffffff8 mem 0x80010d2b
core   0: 0x8000169a (0xd5a15d03) lhu     s10, -678(sp)
core   0: 3 0x8000169a (0xd5a15d03) x26 0x00000000 mem 0x8001032c
core   0: 0x8000169e (0x01950fb3) add     t6, a0, s9
core   0: 3 0x8000169e (0x01950fb3) x31 0x0000f800
core   0: 0x800016a2 (0x71510ca3) sb      s5, 1817(sp)
core   0: 3 0x800016a2 (0x71510ca3) mem 0x80010ceb 0x08
core   0: 0x800016a6 (0x00655993) srli    s3, a0, 6
core   0: 3 0x800016a6 (0x00655993) x19 0x00000000
core   0: 0x800016aa (0x00c4a433) slt     s0, s1, a2
core   0: 3 0x800016aa (0x00c4a433) x8  0x00000000
core   0: 0x800016ae (0x7bf14383) lbu     t2, 1983(sp)
core   0: 3 0x800016ae (0x7bf14383) x7  0x00000000 mem 0x80010d91
core   0: 0x800016b2 (0x010000ef) jal     pc + 0x10
core   0: 3 0x800016b2 (0x010000ef) x1  0x800016b6
core   0: 0x800016c2 (0x00002809) c.jal   pc + 18
core   0: 3 0x800016c2 (0x2809) x1  0x800016c4
core   0: 0x800016d4 (0x0000b7e5) c.j     pc - 24
core   0: 3 0x800016d4 (0xb7e5)
core   0: 0x800016bc (0xffbff0ef) jal     pc - 0x6
core   0: 3 0x800016bc (0xffbff0ef) x1  0x800016c0
core   0: 0x800016b6 (0x0000a821) c.j     pc + 24
core   0: 3 0x800016b6 (0xa821)
core   0: 0x800016ce (0x00400b6f) jal     s6, pc + 0x4
core   0: 3 0x800016ce (0x00400b6f) x22 0x800016d2
core   0: 0x800016d2 (0x0000bfed) c.j     pc - 6
core   0: 3 0x800016d2 (0xbfed)
core   0: 0x800016cc (0x0000bff5) c.j     pc - 4
core   0: 3 0x800016cc (0xbff5)
core   0: 0x800016c8 (0x00e0036f) jal     t1, pc + 0xe
core   0: 3 0x800016c8 (0x00e0036f) x6  0x800016cc
core   0: 0x800016d6 (0x0000b7cd) c.j     pc - 30
core   0: 3 0x800016d6 (0xb7cd)
core   0: 0x800016b8 (0x008000ef) jal     pc + 0x8
core   0: 3 0x800016b8 (0x008000ef) x1  0x800016bc
core   0: 0x800016c0 (0x0000a011) c.j     pc + 4
core   0: 3 0x800016c0 (0xa011)
core   0: 0x800016c4 (0x0140056f) jal     a0, pc + 0x14
core   0: 3 0x800016c4 (0x0140056f) x10 0x800016c8
core   0: 0x800016d8 (0x014acb33) xor     s6, s5, s4
core   0: 3 0x800016d8 (0x014acb33) x22 0x00000009
core   0: 0x800016dc (0x0001ab17) auipc   s6, 0x1a
core   0: 3 0x800016dc (0x0001ab17) x22 0x8001b6dc
core   0: 0x800016e0 (0x735b0b13) addi    s6, s6, 1845
core   0: 3 0x800016e0 (0x735b0b13) x22 0x8001be11
core   0: 0x800016e4 (0x00000001) c.nop
core   0: 3 0x800016e4 (0x0001)
core   0: 0x800016e6 (0xfddb0103) lb      sp, -35(s6)
core   0: 3 0x800016e6 (0xfddb0103) x2  0x00000000 mem 0x8001bdee
core   0: 0x800016ea (0xfdeb4d03) lbu     s10, -34(s6)
core   0: 3 0x800016ea (0xfdeb4d03) x26 0x00000000 mem 0x8001bdef
core   0: 0x800016ee (0xfdeb0983) lb      s3, -34(s6)
core   0: 3 0x800016ee (0xfdeb0983) x19 0x00000000 mem 0x8001bdef
core   0: 0x800016f2 (0xfdeb4c03) lbu     s8, -34(s6)
core   0: 3 0x800016f2 (0xfdeb4c03) x24 0x00000000 mem 0x8001bdef
core   0: 0x800016f6 (0x010cb1b3) sltu    gp, s9, a6
core   0: 3 0x800016f6 (0x010cb1b3) x3  0x00000001
core   0: 0x800016fa (0xfdeb0983) lb      s3, -34(s6)
core   0: 3 0x800016fa (0xfdeb0983) x19 0x00000000 mem 0x8001bdef
core   0: 0x800016fe (0xfdeb0f83) lb      t6, -34(s6)
core   0: 3 0x800016fe (0xfdeb0f83) x31 0x00000000 mem 0x8001bdef
core   0: 0x80001702 (0xfdeb0303) lb      t1, -34(s6)
core   0: 3 0x80001702 (0xfdeb0303) x6  0x00000000 mem 0x8001bdef
core   0: 0x80001706 (0xfc2b0f23) sb      sp, -34(s6)
core   0: 3 0x80001706 (0xfc2b0f23) mem 0x8001bdef 0x00
core   0: 0x8000170a (0xfdeb0103) lb      sp, -34(s6)
core   0: 3 0x8000170a (0xfdeb0103) x2  0x00000000 mem 0x8001bdef
core   0: 0x8000170e (0x033b0fa3) sb      s3, 63(s6)
core   0: 3 0x8000170e (0x033b0fa3) mem 0x8001be50 0x00
core   0: 0x80001712 (0x4097d413) srai    s0, a5, 9
core   0: 3 0x80001712 (0x4097d413) x8  0x00000000
core   0: 0x80001716 (0x033b1fa3) sh      s3, 63(s6)
core   0: 3 0x80001716 (0x033b1fa3) mem 0x8001be50 0x0000
core   0: 0x8000171a (0x00014117) auipc   sp, 0x14
core   0: 3 0x8000171a (0x00014117) x2  0x8001571a
core   0: 0x8000171e (0xdf810113) addi    sp, sp, -520
core   0: 3 0x8000171e (0xdf810113) x2  0x80015512
core   0: 0x80001722 (0x02e30cb3) mul     s9, t1, a4
core   0: 3 0x80001722 (0x02e30cb3) x25 0x00000000
core   0: 0x80001726 (0xfe010da3) sb      zero, -5(sp)
core   0: 3 0x80001726 (0xfe010da3) mem 0x8001550d 0x00
core   0: 0x8000172a (0xfea10fa3) sb      a0, -1(sp)
core   0: 3 0x8000172a (0xfea10fa3) mem 0x80015511 0xc8
core   0: 0x8000172e (0xfc010603) lb      a2, -64(sp)
core   0: 3 0x8000172e (0xfc010603) x12 0x00000000 mem 0x800154d2
core   0: 0x80001732 (0x0002ffb3) and     t6, t0, zero
core   0: 3 0x80001732 (0x0002ffb3) x31 0x00000000
core   0: 0x80001736 (0x03710da3) sb      s7, 59(sp)
core   0: 3 0x80001736 (0x03710da3) mem 0x8001554d 0xf8
core   0: 0x8000173a (0xfc314803) lbu     a6, -61(sp)
core   0: 3 0x8000173a (0xfc314803) x16 0x00000000 mem 0x800154d5
core   0: 0x8000173e (0xff411783) lh      a5, -12(sp)
core   0: 3 0x8000173e (0xff411783) x15 0x00000000 mem 0x80015506
core   0: 0x80001742 (0x1e02a493) slti    s1, t0, 480
core   0: 3 0x80001742 (0x1e02a493) x9  0x00000001
core   0: 0x80001746 (0x005109a3) sb      t0, 19(sp)
core   0: 3 0x80001746 (0x005109a3) mem 0x80015525 0x00
core   0: 0x8000174a (0x0cfbc513) xori    a0, s7, 207
core   0: 3 0x8000174a (0x0cfbc513) x10 0xffffff37
core   0: 0x8000174e (0x00008d21) c.xor   a0, s0
core   0: 3 0x8000174e (0x8d21) x10 0xffffff37
core   0: 0x80001750 (0x72f9fb13) andi    s6, s3, 1839
core   0: 3 0x80001750 (0x72f9fb13) x22 0x00000000
core   0: 0x80001754 (0x03cde0b3) rem     ra, s11, t3
core   0: 3 0x80001754 (0x03cde0b3) x1  0xffffffff
core   0: 0x80001758 (0x03210283) lb      t0, 50(sp)
core   0: 3 0x80001758 (0x03210283) x5  0x00000000 mem 0x80015544
core   0: 0x8000175c (0x02f10e03) lb      t3, 47(sp)
core   0: 3 0x8000175c (0x02f10e03) x28 0x00000000 mem 0x80015541
core   0: 0x80001760 (0x03a104a3) sb      s10, 41(sp)
core   0: 3 0x80001760 (0x03a104a3) mem 0x8001553b 0x00
core   0: 0x80001764 (0x6317ca13) xori    s4, a5, 1585
core   0: 3 0x80001764 (0x6317ca13) x20 0x00000631
core   0: 0x80001768 (0x0264b633) mulhu   a2, s1, t1
core   0: 3 0x80001768 (0x0264b633) x12 0x00000000
core   0: 0x8000176c (0x03710623) sb      s7, 44(sp)
core   0: 3 0x8000176c (0x03710623) mem 0x8001553e 0xf8
core   0: 0x80001770 (0x02714703) lbu     a4, 39(sp)
core   0: 3 0x80001770 (0x02714703) x14 0x00000000 mem 0x80015539
core   0: 0x80001774 (0xfc510d23) sb      t0, -38(sp)
core   0: 3 0x80001774 (0xfc510d23) mem 0x800154ec 0x00
core   0: 0x80001778 (0x03610da3) sb      s6, 59(sp)
core   0: 3 0x80001778 (0x03610da3) mem 0x8001554d 0x00
core   0: 0x8000177c (0x03c461b3) rem     gp, s0, t3
core   0: 3 0x8000177c (0x03c461b3) x3  0x00000000
core   0: 0x80001780 (0x02189cb3) mulh    s9, a7, ra
core   0: 3 0x80001780 (0x02189cb3) x25 0x00000000
core   0: 0x80001784 (0xffa10e03) lb      t3, -6(sp)
core   0: 3 0x80001784 (0xffa10e03) x28 0x00000000 mem 0x8001550c
core   0: 0x80001788 (0xfc814c83) lbu     s9, -56(sp)
core   0: 3 0x80001788 (0xfc814c83) x25 0x00000000 mem 0x800154da
core   0: 0x8000178c (0x000085c5) c.srai  a1, 17
core   0: 3 0x8000178c (0x85c5) x11 0x00000000
core   0: 0x8000178e (0x03714983) lbu     s3, 55(sp)
core   0: 3 0x8000178e (0x03714983) x19 0x00000000 mem 0x80015549
core   0: 0x80001792 (0xfec11923) sh      a2, -14(sp)
core   0: 3 0x80001792 (0xfec11923) mem 0x80015504 0x0000
core   0: 0x80001796 (0xfc414d83) lbu     s11, -60(sp)
core   0: 3 0x80001796 (0xfc414d83) x27 0x00000000 mem 0x800154d6
core   0: 0x8000179a (0x02311023) sh      gp, 32(sp)
core   0: 3 0x8000179a (0x02311023) mem 0x80015532 0x0000
core   0: 0x8000179e (0x00015797) auipc   a5, 0x15
core   0: 3 0x8000179e (0x00015797) x15 0x8001679e
core   0: 0x800017a2 (0x26f78793) addi    a5, a5, 623
core   0: 3 0x800017a2 (0x26f78793) x15 0x80016a0d
core   0: 0x800017a6 (0x0677d603) lhu     a2, 103(a5)
core   0: 3 0x800017a6 (0x0677d603) x12 0x00000000 mem 0x80016a74
core   0: 0x800017aa (0x06b79fa3) sh      a1, 127(a5)
core   0: 3 0x800017aa (0x06b79fa3) mem 0x80016a8c 0x0000
core   0: 0x800017ae (0x00008ec1) c.or    a3, s0
core   0: 3 0x800017ae (0x8ec1) x13 0x00000001
core   0: 0x800017b0 (0xf3179203) lh      tp, -207(a5)
core   0: 3 0x800017b0 (0xf3179203) x4  0x00000000 mem 0x8001693e
core   0: 0x800017b4 (0x01666fb3) or      t6, a2, s6
core   0: 3 0x800017b4 (0x01666fb3) x31 0x00000000
core   0: 0x800017b8 (0x00005ffd) c.li    t6, -1
core   0: 3 0x800017b8 (0x5ffd) x31 0xffffffff
core   0: 0x800017ba (0xf38798a3) sh      s8, -207(a5)
core   0: 3 0x800017ba (0xf38798a3) mem 0x8001693e 0x0000
core   0: 0x800017be (0xf317c203) lbu     tp, -207(a5)
core   0: 3 0x800017be (0xf317c203) x4  0x00000000 mem 0x8001693e
core   0: 0x800017c2 (0x00d13cb3) sltu    s9, sp, a3
core   0: 3 0x800017c2 (0x00d13cb3) x25 0x00000000
core   0: 0x800017c6 (0xf527c083) lbu     ra, -174(a5)
core   0: 3 0x800017c6 (0xf527c083) x1  0x00000000 mem 0x8001695f
core   0: 0x800017ca (0x00370833) add     a6, a4, gp
core   0: 3 0x800017ca (0x00370833) x16 0x00000000
core   0: 0x800017ce (0xf5a78923) sb      s10, -174(a5)
core   0: 3 0x800017ce (0xf5a78923) mem 0x8001695f 0x00
core   0: 0x800017d2 (0xf5a78923) sb      s10, -174(a5)
core   0: 3 0x800017d2 (0xf5a78923) mem 0x8001695f 0x00
core   0: 0x800017d6 (0xff17dd03) lhu     s10, -15(a5)
core   0: 3 0x800017d6 (0xff17dd03) x26 0x00000000 mem 0x800169fe
core   0: 0x800017da (0xfe7798a3) sh      t2, -15(a5)
core   0: 3 0x800017da (0xfe7798a3) mem 0x800169fe 0x0000
core   0: 0x800017de (0xff179103) lh      sp, -15(a5)
core   0: 3 0x800017de (0xff179103) x2  0x00000000 mem 0x800169fe
core   0: 0x800017e2 (0xfe4798a3) sh      tp, -15(a5)
core   0: 3 0x800017e2 (0xfe4798a3) mem 0x800169fe 0x0000
core   0: 0x800017e6 (0x2f29c013) xori    zero, s3, 754
core   0: 3 0x800017e6 (0x2f29c013)
core   0: 0x800017ea (0xffb798a3) sh      s11, -15(a5)
core   0: 3 0x800017ea (0xffb798a3) mem 0x800169fe 0x0000
core   0: 0x800017ee (0x00014817) auipc   a6, 0x14
core   0: 3 0x800017ee (0x00014817) x16 0x800157ee
core   0: 0x800017f2 (0x1d680813) addi    a6, a6, 470
core   0: 3 0x800017f2 (0x1d680813) x16 0x800159c4
core   0: 0x800017f6 (0x01bd7733) and     a4, s10, s11
core   0: 3 0x800017f6 (0x01bd7733) x14 0x00000000
core   0: 0x800017fa (0x0135cd33) xor     s10, a1, s3
core   0: 3 0x800017fa (0x0135cd33) x26 0x00000000
core   0: 0x800017fe (0x07e84283) lbu     t0, 126(a6)
core   0: 3 0x800017fe (0x07e84283) x5  0x00000000 mem 0x80015a42
core   0: 0x80001802 (0x09380ba3) sb      s3, 151(a6)
core   0: 3 0x80001802 (0x09380ba3) mem 0x80015a5b 0x00
core   0: 0x80001806 (0x08285703) lhu     a4, 130(a6)
core   0: 3 0x80001806 (0x08285703) x14 0x00000000 mem 0x80015a46
core   0: 0x8000180a (0xf2482583) lw      a1, -220(a6)
core   0: 3 0x8000180a (0xf2482583) x11 0x00000000 mem 0x800158e8
core   0: 0x8000180e (0x0be81583) lh      a1, 190(a6)
core   0: 3 0x8000180e (0x0be81583) x11 0x00000000 mem 0x80015a82
core   0: 0x80001812 (0xfe580523) sb      t0, -22(a6)
core   0: 3 0x80001812 (0xfe580523) mem 0x800159ae 0x00
core   0: 0x80001816 (0x0ba809a3) sb      s10, 179(a6)
core   0: 3 0x80001816 (0x0ba809a3) mem 0x80015a77 0x00
core   0: 0x8000181a (0x41275293) srai    t0, a4, 18
core   0: 3 0x8000181a (0x41275293) x5  0x00000000
core   0: 0x8000181e (0x3aed8293) addi    t0, s11, 942
core   0: 3 0x8000181e (0x3aed8293) x5  0x000003ae
core   0: 0x80001822 (0x00000001) c.nop
core   0: 3 0x80001822 (0x0001)
core   0: 0x80001824 (0xf4b80d83) lb      s11, -181(a6)
core   0: 3 0x80001824 (0xf4b80d83) x27 0x00000000 mem 0x8001590f
core   0: 0x80001828 (0x3ea5f593) andi    a1, a1, 1002
core   0: 3 0x80001828 (0x3ea5f593) x11 0x00000000
core   0: 0x8000182c (0x00001d7d) c.addi  s10, -1
core   0: 3 0x8000182c (0x1d7d) x26 0xffffffff
core   0: 0x8000182e (0x03a82823) sw      s10, 48(a6)
core   0: 3 0x8000182e (0x03a82823) mem 0x800159f4 0xffffffff
core   0: 0x80001832 (0xfde84283) lbu     t0, -34(a6)
core   0: 3 0x80001832 (0xfde84283) x5  0x00000000 mem 0x800159a2
core   0: 0x80001836 (0x2efd3593) sltiu   a1, s10, 751
core   0: 3 0x80001836 (0x2efd3593) x11 0x00000000
core   0: 0x8000183a (0xf1e81583) lh      a1, -226(a6)
core   0: 3 0x8000183a (0xf1e81583) x11 0x00000000 mem 0x800158e2
core   0: 0x8000183e (0x0b381323) sh      s3, 166(a6)
core   0: 3 0x8000183e (0x0b381323) mem 0x80015a6a 0x0000
core   0: 0x80001842 (0x0aa81583) lh      a1, 170(a6)
core   0: 3 0x80001842 (0x0aa81583) x11 0x00000000 mem 0x80015a6e
core   0: 0x80001846 (0x06b801a3) sb      a1, 99(a6)
core   0: 3 0x80001846 (0x06b801a3) mem 0x80015a27 0x00
core   0: 0x8000184a (0x0f184283) lbu     t0, 241(a6)
core   0: 3 0x8000184a (0x0f184283) x5  0x00000000 mem 0x80015ab5
core   0: 0x8000184e (0x00008ded) c.and   a1, a1
core   0: 3 0x8000184e (0x8ded) x11 0x00000000
core   0: 0x80001850 (0x02184d83) lbu     s11, 33(a6)
core   0: 3 0x80001850 (0x02184d83) x27 0x00000000 mem 0x800159e5
core   0: 0x80001854 (0x08584283) lbu     t0, 133(a6)
core   0: 3 0x80001854 (0x08584283) x5  0x00000000 mem 0x80015a49
core   0: 0x80001858 (0xb2c73993) sltiu   s3, a4, -1236
core   0: 3 0x80001858 (0xb2c73993) x19 0x00000001
core   0: 0x8000185c (0x00000001) c.nop
core   0: 3 0x8000185c (0x0001)
core   0: 0x8000185e (0x0cb84583) lbu     a1, 203(a6)
core   0: 3 0x8000185e (0x0cb84583) x11 0x00000000 mem 0x80015a8f
core   0: 0x80001862 (0xfae81623) sh      a4, -84(a6)
core   0: 3 0x80001862 (0xfae81623) mem 0x80015970 0x0000
core   0: 0x80001866 (0xb962fd13) andi    s10, t0, -1130
core   0: 3 0x80001866 (0xb962fd13) x26 0x00000000
core   0: 0x8000186a (0x0132a2b3) slt     t0, t0, s3
core   0: 3 0x8000186a (0x0132a2b3) x5  0x00000001
core   0: 0x8000186e (0xbb95bd93) sltiu   s11, a1, -1095
core   0: 3 0x8000186e (0xbb95bd93) x27 0x00000001
core   0: 0x80001872 (0xff980583) lb      a1, -7(a6)
core   0: 3 0x80001872 (0xff980583) x11 0x00000000 mem 0x800159bd
core   0: 0x80001876 (0xf7784983) lbu     s3, -137(a6)
core   0: 3 0x80001876 (0xf7784983) x19 0x00000000 mem 0x8001593b
core   0: 0x8000187a (0x02bd79b3) remu    s3, s10, a1
core   0: 3 0x8000187a (0x02bd79b3) x19 0x00000000
core   0: 0x8000187e (0x01b592b3) sll     t0, a1, s11
core   0: 3 0x8000187e (0x01b592b3) x5  0x00000000
core   0: 0x80001882 (0x76a2b713) sltiu   a4, t0, 1898
core   0: 3 0x80001882 (0x76a2b713) x14 0x00000001
core   0: 0x80001886 (0x00009d3a) c.add   s10, a4
core   0: 3 0x80001886 (0x9d3a) x26 0x00000001
core   0: 0x80001888 (0x07285983) lhu     s3, 114(a6)
core   0: 3 0x80001888 (0x07285983) x19 0x00000000 mem 0x80015a36
core   0: 0x8000188c (0x2c8c0997) auipc   s3, 0x2c8c0
core   0: 3 0x8000188c (0x2c8c0997) x19 0xac8c188c
core   0: 0x80001890 (0x0d980583) lb      a1, 217(a6)
core   0: 3 0x80001890 (0x0d980583) x11 0x00000000 mem 0x80015a9d
core   0: 0x80001894 (0x0bb80b23) sb      s11, 182(a6)
core   0: 3 0x80001894 (0x0bb80b23) mem 0x80015a7a 0x01
core   0: 0x80001898 (0x01b72d33) slt     s10, a4, s11
core   0: 3 0x80001898 (0x01b72d33) x26 0x00000000
core   0: 0x8000189c (0xffa84d83) lbu     s11, -6(a6)
core   0: 3 0x8000189c (0xffa84d83) x27 0x00000000 mem 0x800159be
core   0: 0x800018a0 (0x0000972e) c.add   a4, a1
core   0: 3 0x800018a0 (0x972e) x14 0x00000001
core   0: 0x800018a2 (0x000042d5) c.li    t0, 21
core   0: 3 0x800018a2 (0x42d5) x5  0x00000015
core   0: 0x800018a4 (0xfcf80283) lb      t0, -49(a6)
core   0: 3 0x800018a4 (0xfcf80283) x5  0x00000000 mem 0x80015993
core   0: 0x800018a8 (0x00580d83) lb      s11, 5(a6)
core   0: 3 0x800018a8 (0x00580d83) x27 0x00000000 mem 0x800159c9
core   0: 0x800018ac (0x0001fd97) auipc   s11, 0x1f
core   0: 3 0x800018ac (0x0001fd97) x27 0x800208ac
core   0: 0x800018b0 (0x921d8d93) addi    s11, s11, -1759
core   0: 3 0x800018b0 (0x921d8d93) x27 0x800201cd
core   0: 0x800018b4 (0xfecd9ea3) sh      a2, -3(s11)
core   0: 3 0x800018b4 (0xfecd9ea3) mem 0x800201ca 0x0000
core   0: 0x800018b8 (0x006d8c83) lb      s9, 6(s11)
core   0: 3 0x800018b8 (0x006d8c83) x25 0x00000000 mem 0x800201d3
core   0: 0x800018bc (0x01bd8223) sb      s11, 4(s11)
core   0: 3 0x800018bc (0x01bd8223) mem 0x800201d1 0xcd
core   0: 0x800018c0 (0x02c96c33) rem     s8, s2, a2
core   0: 3 0x800018c0 (0x02c96c33) x24 0x00000000
core   0: 0x800018c4 (0x000d8483) lb      s1, 0(s11)
core   0: 3 0x800018c4 (0x000d8483) x9  0x00000000 mem 0x800201cd
core   0: 0x800018c8 (0x02a57933) remu    s2, a0, a0
core   0: 3 0x800018c8 (0x02a57933) x18 0x00000000
core   0: 0x800018cc (0x01ca3133) sltu    sp, s4, t3
core   0: 3 0x800018cc (0x01ca3133) x2  0x00000000
core   0: 0x800018d0 (0xffbdcb83) lbu     s7, -5(s11)
core   0: 3 0x800018d0 (0xffbdcb83) x23 0x00000000 mem 0x800201c8
core   0: 0x800018d4 (0xff1d8ea3) sb      a7, -3(s11)
core   0: 3 0x800018d4 (0xff1d8ea3) mem 0x800201ca 0x00
core   0: 0x800018d8 (0x00ad8503) lb      a0, 10(s11)
core   0: 3 0x800018d8 (0x00ad8503) x10 0x00000000 mem 0x800201d7
core   0: 0x800018dc (0x02052bb3) mulhsu  s7, a0, zero
core   0: 3 0x800018dc (0x02052bb3) x23 0x00000000
core   0: 0x800018e0 (0xda9311b7) lui     gp, 0xda931
core   0: 3 0x800018e0 (0xda9311b7) x3  0xda931000
core   0: 0x800018e4 (0x0805c393) xori    t2, a1, 128
core   0: 3 0x800018e4 (0x0805c393) x7  0x00000080
core   0: 0x800018e8 (0x00cd8523) sb      a2, 10(s11)
core   0: 3 0x800018e8 (0x00cd8523) mem 0x800201d7 0x00
core   0: 0x800018ec (0x000056fd) c.li    a3, -1
core   0: 3 0x800018ec (0x56fd) x13 0xffffffff
core   0: 0x800018ee (0x004dc583) lbu     a1, 4(s11)
core   0: 3 0x800018ee (0x004dc583) x11 0x000000cd mem 0x800201d1
core   0: 0x800018f2 (0x00009fa6) c.add   t6, s1
core   0: 3 0x800018f2 (0x9fa6) x31 0xffffffff
core   0: 0x800018f4 (0x009d8703) lb      a4, 9(s11)
core   0: 3 0x800018f4 (0x009d8703) x14 0x00000000 mem 0x800201d6
core   0: 0x800018f8 (0x414680b3) sub     ra, a3, s4
core   0: 3 0x800018f8 (0x414680b3) x1  0xfffff9ce
core   0: 0x800018fc (0xff4dc683) lbu     a3, -12(s11)
core   0: 3 0x800018fc (0xff4dc683) x13 0x00000000 mem 0x800201c1
core   0: 0x80001900 (0x02faa4b3) mulhsu  s1, s5, a5
core   0: 3 0x80001900 (0x02faa4b3) x9  0x00000004
core   0: 0x80001904 (0x00000001) c.nop
core   0: 3 0x80001904 (0x0001)
core   0: 0x80001906 (0x014980b3) add     ra, s3, s4
core   0: 3 0x80001906 (0x014980b3) x1  0xac8c1ebd
core   0: 0x8000190a (0xff3d8fa3) sb      s3, -1(s11)
core   0: 3 0x8000190a (0xff3d8fa3) mem 0x800201cc 0x8c
core   0: 0x8000190e (0x03ec5a33) divu    s4, s8, t5
core   0: 3 0x8000190e (0x03ec5a33) x20 0x00000000
core   0: 0x80001912 (0x00fda503) lw      a0, 15(s11)
core   0: 3 0x80001912 (0x00fda503) x10 0x00000000 mem 0x800201dc
core   0: 0x80001916 (0x5a9c3913) sltiu   s2, s8, 1449
core   0: 3 0x80001916 (0x5a9c3913) x18 0x00000001
core   0: 0x8000191a (0xfead98a3) sh      a0, -15(s11)
core   0: 3 0x8000191a (0xfead98a3) mem 0x800201be 0x0000
core   0: 0x8000191e (0x0000717d) c.addi16sp sp, -16
core   0: 3 0x8000191e (0x717d) x2  0xfffffff0
core   0: 0x80001920 (0x003dca03) lbu     s4, 3(s11)
core   0: 3 0x80001920 (0x003dca03) x20 0x00000000 mem 0x800201d0
core   0: 0x80001924 (0x00009afd) c.andi  a3, -1
core   0: 3 0x80001924 (0x9afd) x13 0x00000000
core   0: 0x80001926 (0xd8c02c93) slti    s9, zero, -628
core   0: 3 0x80001926 (0xd8c02c93) x25 0x00000000
core   0: 0x8000192a (0x4164de13) srai    t3, s1, 22
core   0: 3 0x8000192a (0x4164de13) x28 0x00000000
core   0: 0x8000192e (0x00008d31) c.xor   a0, a2
core   0: 3 0x8000192e (0x8d31) x10 0x00000000
core   0: 0x80001930 (0xffcd8303) lb      t1, -4(s11)
core   0: 3 0x80001930 (0xffcd8303) x6  0x00000000 mem 0x800201c9
core   0: 0x80001934 (0x013ee7b3) or      a5, t4, s3
core   0: 3 0x80001934 (0x013ee7b3) x15 0xac8e5eac
core   0: 0x80001938 (0x0000875e) c.mv    a4, s7
core   0: 3 0x80001938 (0x875e) x14 0x00000000
core   0: 0x8000193a (0x01da2533) slt     a0, s4, t4
core   0: 3 0x8000193a (0x01da2533) x10 0x00000000
core   0: 0x8000193e (0xffadc783) lbu     a5, -6(s11)
core   0: 3 0x8000193e (0xffadc783) x15 0x00000000 mem 0x800201c7
core   0: 0x80001942 (0xe85a3113) sltiu   sp, s4, -379
core   0: 3 0x80001942 (0xe85a3113) x2  0x00000001
core   0: 0x80001946 (0xe7096c97) auipc   s9, 0xe7096
core   0: 3 0x80001946 (0xe7096c97) x25 0x67097946
core   0: 0x8000194a (0xac4b2237) lui     tp, 0xac4b2
core   0: 3 0x8000194a (0xac4b2237) x4  0xac4b2000
core   0: 0x8000194e (0x40b75313) srai    t1, a4, 11
core   0: 3 0x8000194e (0x40b75313) x6  0x00000000
core   0: 0x80001952 (0x00000001) c.nop
core   0: 3 0x80001952 (0x0001)
core   0: 0x80001954 (0x10e3b513) sltiu   a0, t2, 270
core   0: 3 0x80001954 (0x10e3b513) x10 0x00000001
core   0: 0x80001958 (0x013d8323) sb      s3, 6(s11)
core   0: 3 0x80001958 (0x013d8323) mem 0x800201d3 0x8c
core   0: 0x8000195c (0xfffd8983) lb      s3, -1(s11)
core   0: 3 0x8000195c (0xfffd8983) x19 0xffffff8c mem 0x800201cc
core   0: 0x80001960 (0x00009d32) c.add   s10, a2
core   0: 3 0x80001960 (0x9d32) x26 0x00000000
core   0: 0x80001962 (0x410f5e13) srai    t3, t5, 16
core   0: 3 0x80001962 (0x410f5e13) x28 0xffff8002
core   0: 0x80001966 (0xff8dc683) lbu     a3, -8(s11)
core   0: 3 0x80001966 (0xff8dc683) x13 0x00000000 mem 0x800201c5
core   0: 0x8000196a (0x00013117) auipc   sp, 0x13
core   0: 3 0x8000196a (0x00013117) x2  0x8001496a
core   0: 0x8000196e (0x1dc10113) addi    sp, sp, 476
core   0: 3 0x8000196e (0x1dc10113) x2  0x80014b46
core   0: 0x80001972 (0xf07100a3) sb      t2, -255(sp)
core   0: 3 0x80001972 (0xf07100a3) mem 0x80014a47 0x80
core   0: 0x80001976 (0xf9f11e23) sh      t6, -100(sp)
core   0: 3 0x80001976 (0xf9f11e23) mem 0x80014ae2 0xffff
core   0: 0x8000197a (0x407fd4b3) sra     s1, t6, t2
core   0: 3 0x8000197a (0x407fd4b3) x9  0xffffffff
core   0: 0x8000197e (0x00732533) slt     a0, t1, t2
core   0: 3 0x8000197e (0x00732533) x10 0x00000001
core   0: 0x80001982 (0x00649fb3) sll     t6, s1, t1
core   0: 3 0x80001982 (0x00649fb3) x31 0xffffffff
core   0: 0x80001986 (0x00000001) c.nop
core   0: 3 0x80001986 (0x0001)
core   0: 0x80001988 (0x027193b3) mulh    t2, gp, t2
core   0: 3 0x80001988 (0x027193b3) x7  0xffffffed
core   0: 0x8000198c (0x0031c4b3) xor     s1, gp, gp
core   0: 3 0x8000198c (0x0031c4b3) x9  0x00000000
core   0: 0x80001990 (0x06a107a3) sb      a0, 111(sp)
core   0: 3 0x80001990 (0x06a107a3) mem 0x80014bb5 0x01
core   0: 0x80001994 (0xcf430493) addi    s1, t1, -780
core   0: 3 0x80001994 (0xcf430493) x9  0xfffffcf4
core   0: 0x80001998 (0x006fa1b3) slt     gp, t6, t1
core   0: 3 0x80001998 (0x006fa1b3) x3  0x00000001
core   0: 0x8000199c (0x41f4d333) sra     t1, s1, t6
core   0: 3 0x8000199c (0x41f4d333) x6  0xffffffff
core   0: 0x800019a0 (0x01219313) slli    t1, gp, 18
core   0: 3 0x800019a0 (0x01219313) x6  0x00040000
core   0: 0x800019a4 (0x7f1624b7) lui     s1, 0x7f162
core   0: 3 0x800019a4 (0x7f1624b7) x9  0x7f162000
core   0: 0x800019a8 (0xf23103a3) sb      gp, -217(sp)
core   0: 3 0x800019a8 (0xf23103a3) mem 0x80014a6d 0x01
core   0: 0x800019ac (0x0ef14503) lbu     a0, 239(sp)
core   0: 3 0x800019ac (0x0ef14503) x10 0x00000000 mem 0x80014c35
core   0: 0x800019b0 (0xf4312723) sw      gp, -178(sp)
core   0: 3 0x800019b0 (0xf4312723) mem 0x80014a94 0x00000001
core   0: 0x800019b4 (0x00756533) or      a0, a0, t2
core   0: 3 0x800019b4 (0x00756533) x10 0xffffffed
core   0: 0x800019b8 (0xf6e14f83) lbu     t6, -146(sp)
core   0: 3 0x800019b8 (0xf6e14f83) x31 0x00000000 mem 0x80014ab4
core   0: 0x800019bc (0x95cf8313) addi    t1, t6, -1700
core   0: 3 0x800019bc (0x95cf8313) x6  0xfffff95c
core   0: 0x800019c0 (0x06a12523) sw      a0, 106(sp)
core   0: 3 0x800019c0 (0x06a12523) mem 0x80014bb0 0xffffffed
core   0: 0x800019c4 (0x00008141) c.srli  a0, 16
core   0: 3 0x800019c4 (0x8141) x10 0x0000ffff
core   0: 0x800019c6 (0x0091e333) or      t1, gp, s1
core   0: 3 0x800019c6 (0x0091e333) x6  0x7f162001
core   0: 0x800019ca (0xf3110183) lb      gp, -207(sp)
core   0: 3 0x800019ca (0xf3110183) x3  0x00000000 mem 0x80014a77
core   0: 0x800019ce (0x04110503) lb      a0, 65(sp)
core   0: 3 0x800019ce (0x04110503) x10 0x00000000 mem 0x80014b87
core   0: 0x800019d2 (0x000098fd) c.andi  s1, -1
core   0: 3 0x800019d2 (0x98fd) x9  0x7f162000
core   0: 0x800019d4 (0xf07103a3) sb      t2, -249(sp)
core   0: 3 0x800019d4 (0xf07103a3) mem 0x80014a4d 0xed
core   0: 0x800019d8 (0x00004591) c.li    a1, 4
core   0: 3 0x800019d8 (0x4591) x11 0x00000004
core   0: 0x800019da (0xba95fe13) andi    t3, a1, -1111
core   0: 3 0x800019da (0xba95fe13) x28 0x00000000
core   0: 0x800019de (0x00000dba) c.slli  s11, 14
core   0: 3 0x800019de (0x0dba) x27 0x80734000
core   0: 0x800019e0 (0x418e5893) srai    a7, t3, 24
core   0: 3 0x800019e0 (0x418e5893) x17 0x00000000
core   0: 0x800019e4 (0xbf3dc417) auipc   s0, 0xbf3dc
core   0: 3 0x800019e4 (0xbf3dc417) x8  0x3f3dd9e4
core   0: 0x800019e8 (0x02d2a693) slti    a3, t0, 45
core   0: 3 0x800019e8 (0x02d2a693) x13 0x00000001
core   0: 0x800019ec (0x00000298) c.addi4spn a4, sp, 320
core   0: 3 0x800019ec (0x0298) x14 0x80014c86
core   0: 0x800019ee (0x01b0b233) sltu    tp, ra, s11
core   0: 3 0x800019ee (0x01b0b233) x4  0x00000000
core   0: 0x800019f2 (0x00000ced) c.addi  s9, 27
core   0: 3 0x800019f2 (0x0ced) x25 0x67097961
core   0: 0x800019f4 (0x00004849) c.li    a6, 18
core   0: 3 0x800019f4 (0x4849) x16 0x00000012
core   0: 0x800019f6 (0x406cde13) srai    t3, s9, 6
core   0: 3 0x800019f6 (0x406cde13) x28 0x019c25e5
core   0: 0x800019fa (0x008c62b3) or      t0, s8, s0
core   0: 3 0x800019fa (0x008c62b3) x5  0x3f3dd9e4
core   0: 0x800019fe (0x00008cbd) c.xor   s1, a5
core   0: 3 0x800019fe (0x8cbd) x9  0x7f162000
core   0: 0x80001a00 (0x00000001) c.nop
core   0: 3 0x80001a00 (0x0001)
core   0: 0x80001a02 (0x00008ed9) c.or    a3, a4
core   0: 3 0x80001a02 (0x8ed9) x13 0x80014c87
core   0: 0x80001a04 (0x02eb06b3) mul     a3, s6, a4
core   0: 3 0x80001a04 (0x02eb06b3) x13 0x00000000
core   0: 0x80001a08 (0x00008f91) c.sub   a5, a2
core   0: 3 0x80001a08 (0x8f91) x15 0x00000000
core   0: 0x80001a0a (0x00000001) c.nop
core   0: 3 0x80001a0a (0x0001)
core   0: 0x80001a0c (0x00000585) c.addi  a1, 1
core   0: 3 0x80001a0c (0x0585) x11 0x00000005
core   0: 0x80001a0e (0x01dbecb3) or      s9, s7, t4
core   0: 3 0x80001a0e (0x01dbecb3) x25 0x80025ea4
core   0: 0x80001a12 (0xff0597e3) bne     a1, a6, pc - 18
core   0: 3 0x80001a12 (0xff0597e3)
core   0: 0x80001a00 (0x00000001) c.nop
core   0: 3 0x80001a00 (0x0001)
core   0: 0x80001a02 (0x00008ed9) c.or    a3, a4
core   0: 3 0x80001a02 (0x8ed9) x13 0x80014c86
core   0: 0x80001a04 (0x02eb06b3) mul     a3, s6, a4
core   0: 3 0x80001a04 (0x02eb06b3) x13 0x00000000
core   0: 0x80001a08 (0x00008f91) c.sub   a5, a2
core   0: 3 0x80001a08 (0x8f91) x15 0x00000000
core   0: 0x80001a0a (0x00000001) c.nop
core   0: 3 0x80001a0a (0x0001)
core   0: 0x80001a0c (0x00000585) c.addi  a1, 1
core   0: 3 0x80001a0c (0x0585) x11 0x00000006
core   0: 0x80001a0e (0x01dbecb3) or      s9, s7, t4
core   0: 3 0x80001a0e (0x01dbecb3) x25 0x80025ea4
core   0: 0x80001a12 (0xff0597e3) bne     a1, a6, pc - 18
core   0: 3 0x80001a12 (0xff0597e3)
core   0: 0x80001a00 (0x00000001) c.nop
core   0: 3 0x80001a00 (0x0001)
core   0: 0x80001a02 (0x00008ed9) c.or    a3, a4
core   0: 3 0x80001a02 (0x8ed9) x13 0x80014c86
core   0: 0x80001a04 (0x02eb06b3) mul     a3, s6, a4
core   0: 3 0x80001a04 (0x02eb06b3) x13 0x00000000
core   0: 0x80001a08 (0x00008f91) c.sub   a5, a2
core   0: 3 0x80001a08 (0x8f91) x15 0x00000000
core   0: 0x80001a0a (0x00000001) c.nop
core   0: 3 0x80001a0a (0x0001)
core   0: 0x80001a0c (0x00000585) c.addi  a1, 1
core   0: 3 0x80001a0c (0x0585) x11 0x00000007
core   0: 0x80001a0e (0x01dbecb3) or      s9, s7, t4
core   0: 3 0x80001a0e (0x01dbecb3) x25 0x80025ea4
core   0: 0x80001a12 (0xff0597e3) bne     a1, a6, pc - 18
core   0: 3 0x80001a12 (0xff0597e3)
core   0: 0x80001a00 (0x00000001) c.nop
core   0: 3 0x80001a00 (0x0001)
core   0: 0x80001a02 (0x00008ed9) c.or    a3, a4
core   0: 3 0x80001a02 (0x8ed9) x13 0x80014c86
core   0: 0x80001a04 (0x02eb06b3) mul     a3, s6, a4
core   0: 3 0x80001a04 (0x02eb06b3) x13 0x00000000
core   0: 0x80001a08 (0x00008f91) c.sub   a5, a2
core   0: 3 0x80001a08 (0x8f91) x15 0x00000000
core   0: 0x80001a0a (0x00000001) c.nop
core   0: 3 0x80001a0a (0x0001)
core   0: 0x80001a0c (0x00000585) c.addi  a1, 1
core   0: 3 0x80001a0c (0x0585) x11 0x00000008
core   0: 0x80001a0e (0x01dbecb3) or      s9, s7, t4
core   0: 3 0x80001a0e (0x01dbecb3) x25 0x80025ea4
core   0: 0x80001a12 (0xff0597e3) bne     a1, a6, pc - 18
core   0: 3 0x80001a12 (0xff0597e3)
core   0: 0x80001a00 (0x00000001) c.nop
core   0: 3 0x80001a00 (0x0001)
core   0: 0x80001a02 (0x00008ed9) c.or    a3, a4
core   0: 3 0x80001a02 (0x8ed9) x13 0x80014c86
core   0: 0x80001a04 (0x02eb06b3) mul     a3, s6, a4
core   0: 3 0x80001a04 (0x02eb06b3) x13 0x00000000
core   0: 0x80001a08 (0x00008f91) c.sub   a5, a2
core   0: 3 0x80001a08 (0x8f91) x15 0x00000000
core   0: 0x80001a0a (0x00000001) c.nop
core   0: 3 0x80001a0a (0x0001)
core   0: 0x80001a0c (0x00000585) c.addi  a1, 1
core   0: 3 0x80001a0c (0x0585) x11 0x00000009
core   0: 0x80001a0e (0x01dbecb3) or      s9, s7, t4
core   0: 3 0x80001a0e (0x01dbecb3) x25 0x80025ea4
core   0: 0x80001a12 (0xff0597e3) bne     a1, a6, pc - 18
core   0: 3 0x80001a12 (0xff0597e3)
core   0: 0x80001a00 (0x00000001) c.nop
core   0: 3 0x80001a00 (0x0001)
core   0: 0x80001a02 (0x00008ed9) c.or    a3, a4
core   0: 3 0x80001a02 (0x8ed9) x13 0x80014c86
core   0: 0x80001a04 (0x02eb06b3) mul     a3, s6, a4
core   0: 3 0x80001a04 (0x02eb06b3) x13 0x00000000
core   0: 0x80001a08 (0x00008f91) c.sub   a5, a2
core   0: 3 0x80001a08 (0x8f91) x15 0x00000000
core   0: 0x80001a0a (0x00000001) c.nop
core   0: 3 0x80001a0a (0x0001)
core   0: 0x80001a0c (0x00000585) c.addi  a1, 1
core   0: 3 0x80001a0c (0x0585) x11 0x0000000a
core   0: 0x80001a0e (0x01dbecb3) or      s9, s7, t4
core   0: 3 0x80001a0e (0x01dbecb3) x25 0x80025ea4
core   0: 0x80001a12 (0xff0597e3) bne     a1, a6, pc - 18
core   0: 3 0x80001a12 (0xff0597e3)
core   0: 0x80001a00 (0x00000001) c.nop
core   0: 3 0x80001a00 (0x0001)
core   0: 0x80001a02 (0x00008ed9) c.or    a3, a4
core   0: 3 0x80001a02 (0x8ed9) x13 0x80014c86
core   0: 0x80001a04 (0x02eb06b3) mul     a3, s6, a4
core   0: 3 0x80001a04 (0x02eb06b3) x13 0x00000000
core   0: 0x80001a08 (0x00008f91) c.sub   a5, a2
core   0: 3 0x80001a08 (0x8f91) x15 0x00000000
core   0: 0x80001a0a (0x00000001) c.nop
core   0: 3 0x80001a0a (0x0001)
core   0: 0x80001a0c (0x00000585) c.addi  a1, 1
core   0: 3 0x80001a0c (0x0585) x11 0x0000000b
core   0: 0x80001a0e (0x01dbecb3) or      s9, s7, t4
core   0: 3 0x80001a0e (0x01dbecb3) x25 0x80025ea4
core   0: 0x80001a12 (0xff0597e3) bne     a1, a6, pc - 18
core   0: 3 0x80001a12 (0xff0597e3)
core   0: 0x80001a00 (0x00000001) c.nop
core   0: 3 0x80001a00 (0x0001)
core   0: 0x80001a02 (0x00008ed9) c.or    a3, a4
core   0: 3 0x80001a02 (0x8ed9) x13 0x80014c86
core   0: 0x80001a04 (0x02eb06b3) mul     a3, s6, a4
core   0: 3 0x80001a04 (0x02eb06b3) x13 0x00000000
core   0: 0x80001a08 (0x00008f91) c.sub   a5, a2
core   0: 3 0x80001a08 (0x8f91) x15 0x00000000
core   0: 0x80001a0a (0x00000001) c.nop
core   0: 3 0x80001a0a (0x0001)
core   0: 0x80001a0c (0x00000585) c.addi  a1, 1
core   0: 3 0x80001a0c (0x0585) x11 0x0000000c
core   0: 0x80001a0e (0x01dbecb3) or      s9, s7, t4
core   0: 3 0x80001a0e (0x01dbecb3) x25 0x80025ea4
core   0: 0x80001a12 (0xff0597e3) bne     a1, a6, pc - 18
core   0: 3 0x80001a12 (0xff0597e3)
core   0: 0x80001a00 (0x00000001) c.nop
core   0: 3 0x80001a00 (0x0001)
core   0: 0x80001a02 (0x00008ed9) c.or    a3, a4
core   0: 3 0x80001a02 (0x8ed9) x13 0x80014c86
core   0: 0x80001a04 (0x02eb06b3) mul     a3, s6, a4
core   0: 3 0x80001a04 (0x02eb06b3) x13 0x00000000
core   0: 0x80001a08 (0x00008f91) c.sub   a5, a2
core   0: 3 0x80001a08 (0x8f91) x15 0x00000000
core   0: 0x80001a0a (0x00000001) c.nop
core   0: 3 0x80001a0a (0x0001)
core   0: 0x80001a0c (0x00000585) c.addi  a1, 1
core   0: 3 0x80001a0c (0x0585) x11 0x0000000d
core   0: 0x80001a0e (0x01dbecb3) or      s9, s7, t4
core   0: 3 0x80001a0e (0x01dbecb3) x25 0x80025ea4
core   0: 0x80001a12 (0xff0597e3) bne     a1, a6, pc - 18
core   0: 3 0x80001a12 (0xff0597e3)
core   0: 0x80001a00 (0x00000001) c.nop
core   0: 3 0x80001a00 (0x0001)
core   0: 0x80001a02 (0x00008ed9) c.or    a3, a4
core   0: 3 0x80001a02 (0x8ed9) x13 0x80014c86
core   0: 0x80001a04 (0x02eb06b3) mul     a3, s6, a4
core   0: 3 0x80001a04 (0x02eb06b3) x13 0x00000000
core   0: 0x80001a08 (0x00008f91) c.sub   a5, a2
core   0: 3 0x80001a08 (0x8f91) x15 0x00000000
core   0: 0x80001a0a (0x00000001) c.nop
core   0: 3 0x80001a0a (0x0001)
core   0: 0x80001a0c (0x00000585) c.addi  a1, 1
core   0: 3 0x80001a0c (0x0585) x11 0x0000000e
core   0: 0x80001a0e (0x01dbecb3) or      s9, s7, t4
core   0: 3 0x80001a0e (0x01dbecb3) x25 0x80025ea4
core   0: 0x80001a12 (0xff0597e3) bne     a1, a6, pc - 18
core   0: 3 0x80001a12 (0xff0597e3)
core   0: 0x80001a00 (0x00000001) c.nop
core   0: 3 0x80001a00 (0x0001)
core   0: 0x80001a02 (0x00008ed9) c.or    a3, a4
core   0: 3 0x80001a02 (0x8ed9) x13 0x80014c86
core   0: 0x80001a04 (0x02eb06b3) mul     a3, s6, a4
core   0: 3 0x80001a04 (0x02eb06b3) x13 0x00000000
core   0: 0x80001a08 (0x00008f91) c.sub   a5, a2
core   0: 3 0x80001a08 (0x8f91) x15 0x00000000
core   0: 0x80001a0a (0x00000001) c.nop
core   0: 3 0x80001a0a (0x0001)
core   0: 0x80001a0c (0x00000585) c.addi  a1, 1
core   0: 3 0x80001a0c (0x0585) x11 0x0000000f
core   0: 0x80001a0e (0x01dbecb3) or      s9, s7, t4
core   0: 3 0x80001a0e (0x01dbecb3) x25 0x80025ea4
core   0: 0x80001a12 (0xff0597e3) bne     a1, a6, pc - 18
core   0: 3 0x80001a12 (0xff0597e3)
core   0: 0x80001a00 (0x00000001) c.nop
core   0: 3 0x80001a00 (0x0001)
core   0: 0x80001a02 (0x00008ed9) c.or    a3, a4
core   0: 3 0x80001a02 (0x8ed9) x13 0x80014c86
core   0: 0x80001a04 (0x02eb06b3) mul     a3, s6, a4
core   0: 3 0x80001a04 (0x02eb06b3) x13 0x00000000
core   0: 0x80001a08 (0x00008f91) c.sub   a5, a2
core   0: 3 0x80001a08 (0x8f91) x15 0x00000000
core   0: 0x80001a0a (0x00000001) c.nop
core   0: 3 0x80001a0a (0x0001)
core   0: 0x80001a0c (0x00000585) c.addi  a1, 1
core   0: 3 0x80001a0c (0x0585) x11 0x00000010
core   0: 0x80001a0e (0x01dbecb3) or      s9, s7, t4
core   0: 3 0x80001a0e (0x01dbecb3) x25 0x80025ea4
core   0: 0x80001a12 (0xff0597e3) bne     a1, a6, pc - 18
core   0: 3 0x80001a12 (0xff0597e3)
core   0: 0x80001a00 (0x00000001) c.nop
core   0: 3 0x80001a00 (0x0001)
core   0: 0x80001a02 (0x00008ed9) c.or    a3, a4
core   0: 3 0x80001a02 (0x8ed9) x13 0x80014c86
core   0: 0x80001a04 (0x02eb06b3) mul     a3, s6, a4
core   0: 3 0x80001a04 (0x02eb06b3) x13 0x00000000
core   0: 0x80001a08 (0x00008f91) c.sub   a5, a2
core   0: 3 0x80001a08 (0x8f91) x15 0x00000000
core   0: 0x80001a0a (0x00000001) c.nop
core   0: 3 0x80001a0a (0x0001)
core   0: 0x80001a0c (0x00000585) c.addi  a1, 1
core   0: 3 0x80001a0c (0x0585) x11 0x00000011
core   0: 0x80001a0e (0x01dbecb3) or      s9, s7, t4
core   0: 3 0x80001a0e (0x01dbecb3) x25 0x80025ea4
core   0: 0x80001a12 (0xff0597e3) bne     a1, a6, pc - 18
core   0: 3 0x80001a12 (0xff0597e3)
core   0: 0x80001a00 (0x00000001) c.nop
core   0: 3 0x80001a00 (0x0001)
core   0: 0x80001a02 (0x00008ed9) c.or    a3, a4
core   0: 3 0x80001a02 (0x8ed9) x13 0x80014c86
core   0: 0x80001a04 (0x02eb06b3) mul     a3, s6, a4
core   0: 3 0x80001a04 (0x02eb06b3) x13 0x00000000
core   0: 0x80001a08 (0x00008f91) c.sub   a5, a2
core   0: 3 0x80001a08 (0x8f91) x15 0x00000000
core   0: 0x80001a0a (0x00000001) c.nop
core   0: 3 0x80001a0a (0x0001)
core   0: 0x80001a0c (0x00000585) c.addi  a1, 1
core   0: 3 0x80001a0c (0x0585) x11 0x00000012
core   0: 0x80001a0e (0x01dbecb3) or      s9, s7, t4
core   0: 3 0x80001a0e (0x01dbecb3) x25 0x80025ea4
core   0: 0x80001a12 (0xff0597e3) bne     a1, a6, pc - 18
core   0: 3 0x80001a12 (0xff0597e3)
core   0: 0x80001a16 (0x00000001) c.nop
core   0: 3 0x80001a16 (0x0001)
core   0: 0x80001a18 (0x0000f117) auipc   sp, 0xf
core   0: 3 0x80001a18 (0x0000f117) x2  0x80010a18
core   0: 0x80001a1c (0xd2a10113) addi    sp, sp, -726
core   0: 3 0x80001a1c (0xd2a10113) x2  0x80010742
core   0: 0x80001a20 (0x40ae02b3) sub     t0, t3, a0
core   0: 3 0x80001a20 (0x40ae02b3) x5  0x019c25e5
core   0: 0x80001a24 (0x000093c6) c.add   t2, a7
core   0: 3 0x80001a24 (0x93c6) x7  0xffffffed
core   0: 0x80001a26 (0xc56107a3) sb      s6, -945(sp)
core   0: 3 0x80001a26 (0xc56107a3) mem 0x80010391 0x00
core   0: 0x80001a2a (0x4b2109a3) sb      s2, 1203(sp)
core   0: 3 0x80001a2a (0x4b2109a3) mem 0x80010bf5 0x01
core   0: 0x80001a2e (0x3b310fa3) sb      s3, 959(sp)
core   0: 3 0x80001a2e (0x3b310fa3) mem 0x80010b01 0x8c
core   0: 0x80001a32 (0x1ffc2013) slti    zero, s8, 511
core   0: 3 0x80001a32 (0x1ffc2013)
core   0: 0x80001a36 (0x97211923) sh      s2, -1678(sp)
core   0: 3 0x80001a36 (0x97211923) mem 0x800100b4 0x0001
core   0: 0x80001a3a (0x9a0c3193) sltiu   gp, s8, -1632
core   0: 3 0x80001a3a (0x9a0c3193) x3  0x00000001
core   0: 0x80001a3e (0x4e514d83) lbu     s11, 1253(sp)
core   0: 3 0x80001a3e (0x4e514d83) x27 0x00000000 mem 0x80010c27
core   0: 0x80001a42 (0x9924a193) slti    gp, s1, -1646
core   0: 3 0x80001a42 (0x9924a193) x3  0x00000000
core   0: 0x80001a46 (0x00ba2cb3) slt     s9, s4, a1
core   0: 3 0x80001a46 (0x00ba2cb3) x25 0x00000001
core   0: 0x80001a4a (0x000095a2) c.add   a1, s0
core   0: 3 0x80001a4a (0x95a2) x11 0x3f3dd9f6
core   0: 0x80001a4c (0x03040393) addi    t2, s0, 48
core   0: 3 0x80001a4c (0x03040393) x7  0x3f3dda14
core   0: 0x80001a50 (0xedc15303) lhu     t1, -292(sp)
core   0: 3 0x80001a50 (0xedc15303) x6  0x00000000 mem 0x8001061e
core   0: 0x80001a54 (0x00fd9bb3) sll     s7, s11, a5
core   0: 3 0x80001a54 (0x00fd9bb3) x23 0x00000000
core   0: 0x80001a58 (0xc3710983) lb      s3, -969(sp)
core   0: 3 0x80001a58 (0xc3710983) x19 0x00000000 mem 0x80010379
core   0: 0x80001a5c (0x5ea10b23) sb      a0, 1526(sp)
core   0: 3 0x80001a5c (0x5ea10b23) mem 0x80010d38 0x00
core   0: 0x80001a60 (0x000084d9) c.srai  s1, 22
core   0: 3 0x80001a60 (0x84d9) x9  0x000001fc
core   0: 0x80001a62 (0x10b10ea3) sb      a1, 285(sp)
core   0: 3 0x80001a62 (0x10b10ea3) mem 0x8001085f 0xf6
core   0: 0x80001a66 (0x00000001) c.nop
core   0: 3 0x80001a66 (0x0001)
core   0: 0x80001a68 (0x48534693) xori    a3, t1, 1157
core   0: 3 0x80001a68 (0x48534693) x13 0x00000485
core   0: 0x80001a6c (0xab874813) xori    a6, a4, -1352
core   0: 3 0x80001a6c (0xab874813) x16 0x7ffeb63e
core   0: 0x80001a70 (0x00008c05) c.sub   s0, s1
core   0: 3 0x80001a70 (0x8c05) x8  0x3f3dd7e8
core   0: 0x80001a72 (0xb3f14d03) lbu     s10, -1217(sp)
core   0: 3 0x80001a72 (0xb3f14d03) x26 0x00000000 mem 0x80010281
core   0: 0x80001a76 (0xdbd14983) lbu     s3, -579(sp)
core   0: 3 0x80001a76 (0xdbd14983) x19 0x00000000 mem 0x800104ff
core   0: 0x80001a7a (0x67414203) lbu     tp, 1652(sp)
core   0: 3 0x80001a7a (0x67414203) x4  0x00000000 mem 0x80010db6
core   0: 0x80001a7e (0xad410583) lb      a1, -1324(sp)
core   0: 3 0x80001a7e (0xad410583) x11 0x00000000 mem 0x80010216
core   0: 0x80001a82 (0x39888793) addi    a5, a7, 920
core   0: 3 0x80001a82 (0x39888793) x15 0x00000398
core   0: 0x80001a86 (0x25b103a3) sb      s11, 583(sp)
core   0: 3 0x80001a86 (0x25b103a3) mem 0x80010989 0x00
core   0: 0x80001a8a (0x04411b03) lh      s6, 68(sp)
core   0: 3 0x80001a8a (0x04411b03) x22 0x00000000 mem 0x80010786
core   0: 0x80001a8e (0xf40107a3) sb      zero, -177(sp)
core   0: 3 0x80001a8e (0xf40107a3) mem 0x80010691 0x00
core   0: 0x80001a92 (0x29a11703) lh      a4, 666(sp)
core   0: 3 0x80001a92 (0x29a11703) x14 0x00000000 mem 0x800109dc
core   0: 0x80001a96 (0x00008d09) c.sub   a0, a0
core   0: 3 0x80001a96 (0x8d09) x10 0x00000000
core   0: 0x80001a98 (0x73b10c83) lb      s9, 1851(sp)
core   0: 3 0x80001a98 (0x73b10c83) x25 0x00000000 mem 0x80010e7d
core   0: 0x80001a9c (0x039d6a33) rem     s4, s10, s9
core   0: 3 0x80001a9c (0x039d6a33) x20 0x00000000
core   0: 0x80001aa0 (0x3ca12913) slti    s2, sp, 970
core   0: 3 0x80001aa0 (0x3ca12913) x18 0x00000001
core   0: 0x80001aa4 (0x00008221) c.srli  a2, 8
core   0: 3 0x80001aa4 (0x8221) x12 0x00000000
core   0: 0x80001aa6 (0xa0710ba3) sb      t2, -1513(sp)
core   0: 3 0x80001aa6 (0xa0710ba3) mem 0x80010159 0x14
core   0: 0x80001aaa (0xe7614b83) lbu     s7, -394(sp)
core   0: 3 0x80001aaa (0xe7614b83) x23 0x00000000 mem 0x800105b8
core   0: 0x80001aae (0xefa14503) lbu     a0, -262(sp)
core   0: 3 0x80001aae (0xefa14503) x10 0x00000000 mem 0x8001063c
core   0: 0x80001ab2 (0xc7f14083) lbu     ra, -897(sp)
core   0: 3 0x80001ab2 (0xc7f14083) x1  0x00000001 mem 0x800103c1
core   0: 0x80001ab6 (0x16414d93) xori    s11, sp, 356
core   0: 3 0x80001ab6 (0x16414d93) x27 0x80010626
core   0: 0x80001aba (0x00008e51) c.or    a2, a2
core   0: 3 0x80001aba (0x8e51) x12 0x00000000
core   0: 0x80001abc (0x0067f433) and     s0, a5, t1
core   0: 3 0x80001abc (0x0067f433) x8  0x00000000
core   0: 0x80001ac0 (0x03012723) sw      a6, 46(sp)
core   0: 3 0x80001ac0 (0x03012723) mem 0x80010770 0x7ffeb63e
core   0: 0x80001ac4 (0x02d8c733) div     a4, a7, a3
core   0: 3 0x80001ac4 (0x02d8c733) x14 0x00000000
core   0: 0x80001ac8 (0xe2110a23) sb      ra, -460(sp)
core   0: 3 0x80001ac8 (0xe2110a23) mem 0x80010576 0x01
core   0: 0x80001acc (0x00018217) auipc   tp, 0x18
core   0: 3 0x80001acc (0x00018217) x4  0x80019acc
core   0: 0x80001ad0 (0xf7d20213) addi    tp, tp, -131
core   0: 3 0x80001ad0 (0xf7d20213) x4  0x80019a49
core   0: 0x80001ad4 (0x2b1fa513) slti    a0, t6, 689
core   0: 3 0x80001ad4 (0x2b1fa513) x10 0x00000001
core   0: 0x80001ad8 (0x00009c1e) c.add   s8, t2
core   0: 3 0x80001ad8 (0x9c1e) x24 0x3f3dda14
core   0: 0x80001ada (0xfc424c03) lbu     s8, -60(tp)
core   0: 3 0x80001ada (0xfc424c03) x24 0x00000000 mem 0x80019a0d
core   0: 0x80001ade (0xfe024c03) lbu     s8, -32(tp)
core   0: 3 0x80001ade (0xfe024c03) x24 0x00000000 mem 0x80019a29
core   0: 0x80001ae2 (0x04521d83) lh      s11, 69(tp)
core   0: 3 0x80001ae2 (0x04521d83) x27 0x00000000 mem 0x80019a8e
core   0: 0x80001ae6 (0x08024503) lbu     a0, 128(tp)
core   0: 3 0x80001ae6 (0x08024503) x10 0x00000000 mem 0x80019ac9
core   0: 0x80001aea (0xfe121c03) lh      s8, -31(tp)
core   0: 3 0x80001aea (0xfe121c03) x24 0x00000000 mem 0x80019a2a
core   0: 0x80001aee (0xf4420d83) lb      s11, -188(tp)
core   0: 3 0x80001aee (0xf4420d83) x27 0x00000000 mem 0x8001998d
core   0: 0x80001af2 (0x09e20383) lb      t2, 158(tp)
core   0: 3 0x80001af2 (0x09e20383) x7  0x00000000 mem 0x80019ae7
core   0: 0x80001af6 (0x00efffb3) and     t6, t6, a4
core   0: 3 0x80001af6 (0x00efffb3) x31 0x00000000
core   0: 0x80001afa (0x01bdd3b3) srl     t2, s11, s11
core   0: 3 0x80001afa (0x01bdd3b3) x7  0x00000000
core   0: 0x80001afe (0xfc7212a3) sh      t2, -59(tp)
core   0: 3 0x80001afe (0xfc7212a3) mem 0x80019a0e 0x0000
core   0: 0x80001b02 (0xfd220c03) lb      s8, -46(tp)
core   0: 3 0x80001b02 (0xfd220c03) x24 0x00000000 mem 0x80019a1b
core   0: 0x80001b06 (0xfea24383) lbu     t2, -22(tp)
core   0: 3 0x80001b06 (0xfea24383) x7  0x00000000 mem 0x80019a33
core   0: 0x80001b0a (0x06924503) lbu     a0, 105(tp)
core   0: 3 0x80001b0a (0x06924503) x10 0x00000000 mem 0x80019ab2
core   0: 0x80001b0e (0x038c6db3) rem     s11, s8, s8
core   0: 3 0x80001b0e (0x038c6db3) x27 0x00000000
core   0: 0x80001b12 (0x00009c1e) c.add   s8, t2
core   0: 3 0x80001b12 (0x9c1e) x24 0x00000000
core   0: 0x80001b14 (0xfa321c03) lh      s8, -93(tp)
core   0: 3 0x80001b14 (0xfa321c03) x24 0x00000000 mem 0x800199ec
core   0: 0x80001b18 (0x0b220703) lb      a4, 178(tp)
core   0: 3 0x80001b18 (0x0b220703) x14 0x00000000 mem 0x80019afb
core   0: 0x80001b1c (0xf98208a3) sb      s8, -111(tp)
core   0: 3 0x80001b1c (0xf98208a3) mem 0x800199da 0x00
core   0: 0x80001b20 (0xc3a89717) auipc   a4, 0xc3a89
core   0: 3 0x80001b20 (0xc3a89717) x14 0x43a8ab20
core   0: 0x80001b24 (0xf47208a3) sb      t2, -175(tp)
core   0: 3 0x80001b24 (0xf47208a3) mem 0x8001999a 0x00
core   0: 0x80001b28 (0xf4a218a3) sh      a0, -175(tp)
core   0: 3 0x80001b28 (0xf4a218a3) mem 0x8001999a 0x0000
core   0: 0x80001b2c (0x00005c7d) c.li    s8, -1
core   0: 3 0x80001b2c (0x5c7d) x24 0xffffffff
core   0: 0x80001b2e (0xf3020703) lb      a4, -208(tp)
core   0: 3 0x80001b2e (0xf3020703) x14 0x00000000 mem 0x80019979
core   0: 0x80001b32 (0x00755c33) srl     s8, a0, t2
core   0: 3 0x80001b32 (0x00755c33) x24 0x00000000
core   0: 0x80001b36 (0x06a20323) sb      a0, 102(tp)
core   0: 3 0x80001b36 (0x06a20323) mem 0x80019aaf 0x00
core   0: 0x80001b3a (0x06e24f83) lbu     t6, 110(tp)
core   0: 3 0x80001b3a (0x06e24f83) x31 0x00000000 mem 0x80019ab7
core   0: 0x80001b3e (0x00006d9d) c.lui   s11, 0x7
core   0: 3 0x80001b3e (0x6d9d) x27 0x00007000
core   0: 0x80001b40 (0xfdb20123) sb      s11, -62(tp)
core   0: 3 0x80001b40 (0xfdb20123) mem 0x80019a0b 0x00
core   0: 0x80001b44 (0xf3f20823) sb      t6, -208(tp)
core   0: 3 0x80001b44 (0xf3f20823) mem 0x80019979 0x00
core   0: 0x80001b48 (0xf2820d83) lb      s11, -216(tp)
core   0: 3 0x80001b48 (0xf2820d83) x27 0x00000000 mem 0x80019971
core   0: 0x80001b4c (0x410b8fb3) sub     t6, s7, a6
core   0: 3 0x80001b4c (0x410b8fb3) x31 0x800149c2
core   0: 0x80001b50 (0x0000ca89) c.beqz  a3, pc + 18
core   0: 3 0x80001b50 (0xca89)
core   0: 0x80001b52 (0x000086b1) c.srai  a3, 12
core   0: 3 0x80001b52 (0x86b1) x13 0x00000000
core   0: 0x80001b54 (0x01e8c663) blt     a7, t5, pc + 12
core   0: 3 0x80001b54 (0x01e8c663)
core   0: 0x80001b58 (0x00008e49) c.or    a2, a0
core   0: 3 0x80001b58 (0x8e49) x12 0x00000000
core   0: 0x80001b5a (0x020bae33) mulhsu  t3, s7, zero
core   0: 3 0x80001b5a (0x020bae33) x28 0x00000000
core   0: 0x80001b5e (0x0000717d) c.addi16sp sp, -16
core   0: 3 0x80001b5e (0x717d) x2  0x80010732
core   0: 0x80001b60 (0x00008f51) c.or    a4, a2
core   0: 3 0x80001b60 (0x8f51) x14 0x00000000
core   0: 0x80001b62 (0x00bcaa33) slt     s4, s9, a1
core   0: 3 0x80001b62 (0x00bcaa33) x20 0x00000000
core   0: 0x80001b66 (0x000007a2) c.slli  a5, 8
core   0: 3 0x80001b66 (0x07a2) x15 0x00039800
core   0: 0x80001b68 (0x005d4833) xor     a6, s10, t0
core   0: 3 0x80001b68 (0x005d4833) x16 0x019c25e5
core   0: 0x80001b6c (0x0000c20d) c.beqz  a2, pc + 34
core   0: 3 0x80001b6c (0xc20d)
core   0: 0x80001b8e (0x00008fb5) c.xor   a5, a3
core   0: 3 0x80001b8e (0x8fb5) x15 0x00039800
core   0: 0x80001b90 (0x0178f463) bgeu    a7, s7, pc + 8
core   0: 3 0x80001b90 (0x0178f463)
core   0: 0x80001b98 (0x0203c7b3) div     a5, t2, zero
core   0: 3 0x80001b98 (0x0203c7b3) x15 0xffffffff
core   0: 0x80001b9c (0x032c08b3) mul     a7, s8, s2
core   0: 3 0x80001b9c (0x032c08b3) x17 0x00000000
core   0: 0x80001ba0 (0x00008f1d) c.sub   a4, a5
core   0: 3 0x80001ba0 (0x8f1d) x14 0x00000001
core   0: 0x80001ba2 (0x015f5b93) srli    s7, t5, 21
core   0: 3 0x80001ba2 (0x015f5b93) x23 0x00000400
core   0: 0x80001ba6 (0x0000717d) c.addi16sp sp, -16
core   0: 3 0x80001ba6 (0x717d) x2  0x80010722
core   0: 0x80001ba8 (0x0213afb3) mulhsu  t6, t2, ra
core   0: 3 0x80001ba8 (0x0213afb3) x31 0x00000000
core   0: 0x80001bac (0x399fbb13) sltiu   s6, t6, 921
core   0: 3 0x80001bac (0x399fbb13) x22 0x00000001
core   0: 0x80001bb0 (0x00000001) c.nop
core   0: 3 0x80001bb0 (0x0001)
core   0: 0x80001bb2 (0x00000001) c.nop
core   0: 3 0x80001bb2 (0x0001)
core   0: 0x80001bb4 (0x00000001) c.nop
core   0: 3 0x80001bb4 (0x0001)
core   0: 0x80001bb6 (0x6d03b337) lui     t1, 0x6d03b
core   0: 3 0x80001bb6 (0x6d03b337) x6  0x6d03b000
core   0: 0x80001bba (0x00009916) c.add   s2, t0
core   0: 3 0x80001bba (0x9916) x18 0x019c25e6
core   0: 0x80001bbc (0x016c69b3) or      s3, s8, s6
core   0: 3 0x80001bbc (0x016c69b3) x19 0x00000001
core   0: 0x80001bc0 (0x00008eb9) c.xor   a3, a4
core   0: 3 0x80001bc0 (0x8eb9) x13 0x00000001
core   0: 0x80001bc2 (0x00008ca5) c.xor   s1, s1
core   0: 3 0x80001bc2 (0x8ca5) x9  0x00000000
core   0: 0x80001bc4 (0x00009afd) c.andi  a3, -1
core   0: 3 0x80001bc4 (0x9afd) x13 0x00000001
core   0: 0x80001bc6 (0x012c0c63) beq     s8, s2, pc + 24
core   0: 3 0x80001bc6 (0x012c0c63)
core   0: 0x80001bca (0x024c2333) mulhsu  t1, s8, tp
core   0: 3 0x80001bca (0x024c2333) x6  0x00000000
core   0: 0x80001bce (0x02cb26b3) mulhsu  a3, s6, a2
core   0: 3 0x80001bce (0x02cb26b3) x13 0x00000000
core   0: 0x80001bd2 (0x00bbf263) bgeu    s7, a1, pc + 4
core   0: 3 0x80001bd2 (0x00bbf263)
core   0: 0x80001bd6 (0x40c958b3) sra     a7, s2, a2
core   0: 3 0x80001bd6 (0x40c958b3) x17 0x019c25e6
core   0: 0x80001bda (0x0256afb3) mulhsu  t6, a3, t0
core   0: 3 0x80001bda (0x0256afb3) x31 0x00000000
core   0: 0x80001bde (0x015b2b33) slt     s6, s6, s5
core   0: 3 0x80001bde (0x015b2b33) x22 0x00000001
core   0: 0x80001be2 (0x006ea933) slt     s2, t4, t1
core   0: 3 0x80001be2 (0x006ea933) x18 0x00000001
core   0: 0x80001be6 (0x00008221) c.srli  a2, 8
core   0: 3 0x80001be6 (0x8221) x12 0x00000000
core   0: 0x80001be8 (0x00000001) c.nop
core   0: 3 0x80001be8 (0x0001)
core   0: 0x80001bea (0x00008b75) c.andi  a4, 29
core   0: 3 0x80001bea (0x8b75) x14 0x00000001
core   0: 0x80001bec (0x000056e5) c.li    a3, -7
core   0: 3 0x80001bec (0x56e5) x13 0xfffffff9
core   0: 0x80001bee (0x00008a21) c.andi  a2, 8
core   0: 3 0x80001bee (0x8a21) x12 0x00000000
core   0: 0x80001bf0 (0x0ac90993) addi    s3, s2, 172
core   0: 3 0x80001bf0 (0x0ac90993) x19 0x000000ad
core   0: 0x80001bf4 (0x00008f41) c.or    a4, s0
core   0: 3 0x80001bf4 (0x8f41) x14 0x00000001
core   0: 0x80001bf6 (0x00008a11) c.andi  a2, 4
core   0: 3 0x80001bf6 (0x8a11) x12 0x00000000
core   0: 0x80001bf8 (0x354bb193) sltiu   gp, s7, 852
core   0: 3 0x80001bf8 (0x354bb193) x3  0x00000000
core   0: 0x80001bfc (0x01309bb3) sll     s7, ra, s3
core   0: 3 0x80001bfc (0x01309bb3) x23 0x00002000
core   0: 0x80001c00 (0x00008f25) c.xor   a4, s1
core   0: 3 0x80001c00 (0x8f25) x14 0x00000001
core   0: 0x80001c02 (0x0000516d) c.li    sp, -5
core   0: 3 0x80001c02 (0x516d) x2  0xfffffffb
core   0: 0x80001c04 (0x00d19293) slli    t0, gp, 13
core   0: 3 0x80001c04 (0x00d19293) x5  0x00000000
core   0: 0x80001c08 (0x02ff0e33) mul     t3, t5, a5
core   0: 3 0x80001c08 (0x02ff0e33) x28 0x7ffd62dc
core   0: 0x80001c0c (0x02327c33) remu    s8, tp, gp
core   0: 3 0x80001c0c (0x02327c33) x24 0x80019a49
core   0: 0x80001c10 (0x00009fb6) c.add   t6, a3
core   0: 3 0x80001c10 (0x9fb6) x31 0xfffffff9
core   0: 0x80001c12 (0x00009432) c.add   s0, a2
core   0: 3 0x80001c12 (0x9432) x8  0x00000000
core   0: 0x80001c14 (0x01ce9a13) slli    s4, t4, 28
core   0: 3 0x80001c14 (0x01ce9a13) x20 0x40000000
core   0: 0x80001c18 (0x00001bfd) c.addi  s7, -1
core   0: 3 0x80001c18 (0x1bfd) x23 0x00001fff
core   0: 0x80001c1a (0x00e9dd93) srli    s11, s3, 14
core   0: 3 0x80001c1a (0x00e9dd93) x27 0x00000000
core   0: 0x80001c1e (0x00000689) c.addi  a3, 2
core   0: 3 0x80001c1e (0x0689) x13 0xfffffffb
core   0: 0x80001c20 (0x00902033) slt     zero, zero, s1
core   0: 3 0x80001c20 (0x00902033)
core   0: 0x80001c24 (0x40dbd4b3) sra     s1, s7, a3
core   0: 3 0x80001c24 (0x40dbd4b3) x9  0x00000000
core   0: 0x80001c28 (0x03facd33) div     s10, s5, t6
core   0: 3 0x80001c28 (0x03facd33) x26 0xffffffff
core   0: 0x80001c2c (0x409cd833) sra     a6, s9, s1
core   0: 3 0x80001c2c (0x409cd833) x16 0x00000000
core   0: 0x80001c30 (0x000094f2) c.add   s1, t3
core   0: 3 0x80001c30 (0x94f2) x9  0x7ffd62dc
core   0: 0x80001c32 (0x0000847a) c.mv    s0, t5
core   0: 3 0x80001c32 (0x847a) x8  0x80029d24
core   0: 0x80001c34 (0x2de8e893) ori     a7, a7, 734
core   0: 3 0x80001c34 (0x2de8e893) x17 0x019c27fe
core   0: 0x80001c38 (0x40805913) srai    s2, zero, 8
core   0: 3 0x80001c38 (0x40805913) x18 0x00000000
core   0: 0x80001c3c (0x00986933) or      s2, a6, s1
core   0: 3 0x80001c3c (0x00986933) x18 0x7ffd62dc
core   0: 0x80001c40 (0xfc2694e3) bne     a3, sp, pc - 56
core   0: 3 0x80001c40 (0xfc2694e3)
core   0: 0x80001c44 (0x000052fd) c.li    t0, -1
core   0: 3 0x80001c44 (0x52fd) x5  0xffffffff
core   0: 0x80001c46 (0x0000e789) c.bnez  a5, pc + 10
core   0: 3 0x80001c46 (0xe789)
core   0: 0x80001c50 (0x0120d733) srl     a4, ra, s2
core   0: 3 0x80001c50 (0x0120d733) x14 0x00000000
core   0: 0x80001c54 (0x00559a33) sll     s4, a1, t0
core   0: 3 0x80001c54 (0x00559a33) x20 0x00000000
core   0: 0x80001c58 (0x00008e52) c.mv    t3, s4
core   0: 3 0x80001c58 (0x8e52) x28 0x00000000
core   0: 0x80001c5a (0xfe658c97) auipc   s9, 0xfe658
core   0: 3 0x80001c5a (0xfe658c97) x25 0x7e659c5a
core   0: 0x80001c5e (0x046af463) bgeu    s5, t1, pc + 72
core   0: 3 0x80001c5e (0x046af463)
core   0: 0x80001ca6 (0x9db32b97) auipc   s7, 0x9db32
core   0: 3 0x80001ca6 (0x9db32b97) x23 0x1db33ca6
core   0: 0x80001caa (0x00000001) c.nop
core   0: 3 0x80001caa (0x0001)
core   0: 0x80001cac (0x415304b3) sub     s1, t1, s5
core   0: 3 0x80001cac (0x415304b3) x9  0xfffffff8
core   0: 0x80001cb0 (0x267fce13) xori    t3, t6, 615
core   0: 3 0x80001cb0 (0x267fce13) x28 0xfffffd9e
core   0: 0x80001cb4 (0x0000083e) c.slli  a6, 15
core   0: 3 0x80001cb4 (0x083e) x16 0x00000000
core   0: 0x80001cb6 (0x00be7b33) and     s6, t3, a1
core   0: 3 0x80001cb6 (0x00be7b33) x22 0x00000000
core   0: 0x80001cba (0x00008c51) c.or    s0, a2
core   0: 3 0x80001cba (0x8c51) x8  0x80029d24
core   0: 0x80001cbc (0x0000c30d) c.beqz  a4, pc + 34
core   0: 3 0x80001cbc (0xc30d)
core   0: 0x80001cde (0x00000001) c.nop
core   0: 3 0x80001cde (0x0001)
core   0: 0x80001ce0 (0x001fb733) sltu    a4, t6, ra
core   0: 3 0x80001ce0 (0x001fb733) x14 0x00000000
core   0: 0x80001ce4 (0x0218e4b3) rem     s1, a7, ra
core   0: 3 0x80001ce4 (0x0218e4b3) x9  0x00000000
core   0: 0x80001ce8 (0x02bd97b3) mulh    a5, s11, a1
core   0: 3 0x80001ce8 (0x02bd97b3) x15 0x00000000
core   0: 0x80001cec (0x794e4313) xori    t1, t3, 1940
core   0: 3 0x80001cec (0x794e4313) x6  0xfffffa0a
core   0: 0x80001cf0 (0x24a8c517) auipc   a0, 0x24a8c
core   0: 3 0x80001cf0 (0x24a8c517) x10 0xa4a8dcf0
core   0: 0x80001cf4 (0x03eacf63) blt     s5, t5, pc + 62
core   0: 3 0x80001cf4 (0x03eacf63)
core   0: 0x80001cf8 (0x00008711) c.srai  a4, 4
core   0: 3 0x80001cf8 (0x8711) x14 0x00000000
core   0: 0x80001cfa (0xa5fa6cb7) lui     s9, 0xa5fa6
core   0: 3 0x80001cfa (0xa5fa6cb7) x25 0xa5fa6000
core   0: 0x80001cfe (0x00008fcd) c.or    a5, a1
core   0: 3 0x80001cfe (0x8fcd) x15 0x00000000
core   0: 0x80001d00 (0x01a16633) or      a2, sp, s10
core   0: 3 0x80001d00 (0x01a16633) x12 0xffffffff
core   0: 0x80001d04 (0x01c74733) xor     a4, a4, t3
core   0: 3 0x80001d04 (0x01c74733) x14 0xfffffd9e
core   0: 0x80001d08 (0x016365b3) or      a1, t1, s6
core   0: 3 0x80001d08 (0x016365b3) x11 0xfffffa0a
core   0: 0x80001d0c (0x0000877d) c.srai  a4, 31
core   0: 3 0x80001d0c (0x877d) x14 0xffffffff
core   0: 0x80001d0e (0x03c3f3b3) remu    t2, t2, t3
core   0: 3 0x80001d0e (0x03c3f3b3) x7  0x00000000
core   0: 0x80001d12 (0x00001600) c.addi4spn s0, sp, 800
core   0: 3 0x80001d12 (0x1600) x8  0x0000031b
core   0: 0x80001d14 (0x40d15d93) srai    s11, sp, 13
core   0: 3 0x80001d14 (0x40d15d93) x27 0xffffffff
core   0: 0x80001d18 (0xc16f8613) addi    a2, t6, -1002
core   0: 3 0x80001d18 (0xc16f8613) x12 0xfffffc0f
core   0: 0x80001d1c (0x011cf1b3) and     gp, s9, a7
core   0: 3 0x80001d1c (0x011cf1b3) x3  0x01982000
core   0: 0x80001d20 (0x015af0b3) and     ra, s5, s5
core   0: 3 0x80001d20 (0x015af0b3) x1  0x00000008
core   0: 0x80001d24 (0x006f8033) add     zero, t6, t1
core   0: 3 0x80001d24 (0x006f8033)
core   0: 0x80001d28 (0x4c66e093) ori     ra, a3, 1222
core   0: 3 0x80001d28 (0x4c66e093) x1  0xffffffff
core   0: 0x80001d2c (0x00001208) c.addi4spn a0, sp, 288
core   0: 3 0x80001d2c (0x1208) x10 0x0000011b
core   0: 0x80001d2e (0x0000c28d) c.beqz  a3, pc + 34
core   0: 3 0x80001d2e (0xc28d)
core   0: 0x80001d30 (0x000082b9) c.srli  a3, 14
core   0: 3 0x80001d30 (0x82b9) x13 0x0003ffff
core   0: 0x80001d32 (0x031faa33) mulhsu  s4, t6, a7
core   0: 3 0x80001d32 (0x031faa33) x20 0xffffffff
core   0: 0x80001d36 (0x01a8a7b3) slt     a5, a7, s10
core   0: 3 0x80001d36 (0x01a8a7b3) x15 0x00000000
core   0: 0x80001d3a (0xfb0c6b13) ori     s6, s8, -80
core   0: 3 0x80001d3a (0xfb0c6b13) x22 0xfffffff9
core   0: 0x80001d3e (0x000099be) c.add   s3, a5
core   0: 3 0x80001d3e (0x99be) x19 0x000000ad
core   0: 0x80001d40 (0x000004c6) c.slli  s1, 17
core   0: 3 0x80001d40 (0x04c6) x9  0x00000000
core   0: 0x80001d42 (0x00000001) c.nop
core   0: 3 0x80001d42 (0x0001)
core   0: 0x80001d44 (0x0127e833) or      a6, a5, s2
core   0: 3 0x80001d44 (0x0127e833) x16 0x7ffd62dc
core   0: 0x80001d48 (0x03b06f63) bltu    zero, s11, pc + 62
core   0: 3 0x80001d48 (0x03b06f63)
core   0: 0x80001d86 (0x93002693) slti    a3, zero, -1744
core   0: 3 0x80001d86 (0x93002693) x13 0x00000000
core   0: 0x80001d8a (0x00008d1d) c.sub   a0, a5
core   0: 3 0x80001d8a (0x8d1d) x10 0x0000011b
core   0: 0x80001d8c (0x000018fd) c.addi  a7, -1
core   0: 3 0x80001d8c (0x18fd) x17 0x019c27fd
core   0: 0x80001d8e (0x038827b3) mulhsu  a5, a6, s8
core   0: 3 0x80001d8e (0x038827b3) x15 0x3fff7e8e
core   0: 0x80001d92 (0x000084a5) c.srai  s1, 9
core   0: 3 0x80001d92 (0x84a5) x9  0x00000000
core   0: 0x80001d94 (0x00455693) srli    a3, a0, 4
core   0: 3 0x80001d94 (0x00455693) x13 0x00000011
core   0: 0x80001d98 (0x41df5d33) sra     s10, t5, t4
core   0: 3 0x80001d98 (0x41df5d33) x26 0xf80029d2
core   0: 0x80001d9c (0x00046263) bltu    s0, zero, pc + 4
core   0: 3 0x80001d9c (0x00046263)
core   0: 0x80001da0 (0x019aeb33) or      s6, s5, s9
core   0: 3 0x80001da0 (0x019aeb33) x22 0xa5fa6008
core   0: 0x80001da4 (0x03a14a33) div     s4, sp, s10
core   0: 3 0x80001da4 (0x03a14a33) x20 0x00000000
core   0: 0x80001da8 (0x69e4c813) xori    a6, s1, 1694
core   0: 3 0x80001da8 (0x69e4c813) x16 0x0000069e
core   0: 0x80001dac (0x016d4e33) xor     t3, s10, s6
core   0: 3 0x80001dac (0x016d4e33) x28 0x5dfa49da
core   0: 0x80001db0 (0x0381d633) divu    a2, gp, s8
core   0: 3 0x80001db0 (0x0381d633) x12 0x00000000
core   0: 0x80001db4 (0x00618db3) add     s11, gp, t1
core   0: 3 0x80001db4 (0x00618db3) x27 0x01981a0a
core   0: 0x80001db8 (0x02f8a8b3) mulhsu  a7, a7, a5
core   0: 3 0x80001db8 (0x02f8a8b3) x17 0x0067092e
core   0: 0x80001dbc (0x0000717d) c.addi16sp sp, -16
core   0: 3 0x80001dbc (0x717d) x2  0xffffffeb
core   0: 0x80001dbe (0x00928933) add     s2, t0, s1
core   0: 3 0x80001dbe (0x00928933) x18 0xffffffff
core   0: 0x80001dc2 (0x000065dd) c.lui   a1, 0x17
core   0: 3 0x80001dc2 (0x65dd) x11 0x00017000
core   0: 0x80001dc4 (0x037f9bb3) mulh    s7, t6, s7
core   0: 3 0x80001dc4 (0x037f9bb3) x23 0xffffffff
core   0: 0x80001dc8 (0x014e9db3) sll     s11, t4, s4
core   0: 3 0x80001dc8 (0x014e9db3) x27 0x80025ea4
core   0: 0x80001dcc (0xcf700193) li      gp, -777
core   0: 3 0x80001dcc (0xcf700193) x3  0xfffffcf7
core   0: 0x80001dd0 (0x000062b5) c.lui   t0, 0xd
core   0: 3 0x80001dd0 (0x62b5) x5  0x0000d000
core   0: 0x80001dd2 (0x03477263) bgeu    a4, s4, pc + 36
core   0: 3 0x80001dd2 (0x03477263)
core   0: 0x80001df6 (0x01439633) sll     a2, t2, s4
core   0: 3 0x80001df6 (0x01439633) x12 0x00000000
core   0: 0x80001dfa (0xc6be3b93) sltiu   s7, t3, -917
core   0: 3 0x80001dfa (0xc6be3b93) x23 0x00000001
core   0: 0x80001dfe (0x00008e71) c.and   a2, a2
core   0: 3 0x80001dfe (0x8e71) x12 0x00000000
core   0: 0x80001e00 (0x00008c85) c.sub   s1, s1
core   0: 3 0x80001e00 (0x8c85) x9  0x00000000
core   0: 0x80001e02 (0x9e4e0597) auipc   a1, 0x9e4e0
core   0: 3 0x80001e02 (0x9e4e0597) x11 0x1e4e1e02
core   0: 0x80001e06 (0x0000090e) c.slli  s2, 3
core   0: 3 0x80001e06 (0x090e) x18 0xfffffff8
core   0: 0x80001e08 (0x0000846d) c.srai  s0, 27
core   0: 3 0x80001e08 (0x846d) x8  0x00000000
core   0: 0x80001e0a (0x0053c4b3) xor     s1, t2, t0
core   0: 3 0x80001e0a (0x0053c4b3) x9  0x0000d000
core   0: 0x80001e0e (0x0079f733) and     a4, s3, t2
core   0: 3 0x80001e0e (0x0079f733) x14 0x00000000
core   0: 0x80001e12 (0x6f7f9017) auipc   zero, 0x6f7f9
core   0: 3 0x80001e12 (0x6f7f9017)
core   0: 0x80001e16 (0x04ce9363) bne     t4, a2, pc + 70
core   0: 3 0x80001e16 (0x04ce9363)
core   0: 0x80001e5c (0x03338763) beq     t2, s3, pc + 46
core   0: 3 0x80001e5c (0x03338763)
core   0: 0x80001e60 (0x000c46b3) xor     a3, s8, zero
core   0: 3 0x80001e60 (0x000c46b3) x13 0x80019a49
core   0: 0x80001e64 (0x036193b3) mulh    t2, gp, s6
core   0: 3 0x80001e64 (0x036193b3) x7  0x00000111
core   0: 0x80001e68 (0x0000c209) c.beqz  a2, pc + 2
core   0: 3 0x80001e68 (0xc209)
core   0: 0x80001e6a (0xfafc0193) addi    gp, s8, -81
core   0: 3 0x80001e6a (0xfafc0193) x3  0x800199f8
core   0: 0x80001e6e (0x005ba933) slt     s2, s7, t0
core   0: 3 0x80001e6e (0x005ba933) x18 0x00000001
core   0: 0x80001e72 (0x00825133) srl     sp, tp, s0
core   0: 3 0x80001e72 (0x00825133) x2  0x80019a49
core   0: 0x80001e76 (0x0030b333) sltu    t1, ra, gp
core   0: 3 0x80001e76 (0x0030b333) x6  0x00000000
core   0: 0x80001e7a (0x00000001) c.nop
core   0: 3 0x80001e7a (0x0001)
core   0: 0x80001e7c (0x01825333) srl     t1, tp, s8
core   0: 3 0x80001e7c (0x01825333) x6  0x004000cd
core   0: 0x80001e80 (0x013ab833) sltu    a6, s5, s3
core   0: 3 0x80001e80 (0x013ab833) x16 0x00000001
core   0: 0x80001e84 (0x00008f5d) c.or    a4, a5
core   0: 3 0x80001e84 (0x8f5d) x14 0x3fff7e8e
core   0: 0x80001e86 (0x02bc31b3) mulhu   gp, s8, a1
core   0: 3 0x80001e86 (0x02bc31b3) x3  0x0f273f92
core   0: 0x80001e8a (0x037aadb3) mulhsu  s11, s5, s7
core   0: 3 0x80001e8a (0x037aadb3) x27 0x00000000
core   0: 0x80001e8e (0x00008cdd) c.or    s1, a5
core   0: 3 0x80001e8e (0x8cdd) x9  0x3ffffe8e
core   0: 0x80001e90 (0xdacb9fb7) lui     t6, 0xdacb9
core   0: 3 0x80001e90 (0xdacb9fb7) x31 0xdacb9000
core   0: 0x80001e94 (0x00b74663) blt     a4, a1, pc + 12
core   0: 3 0x80001e94 (0x00b74663)
core   0: 0x80001e98 (0x00008c95) c.sub   s1, a3
core   0: 3 0x80001e98 (0x8c95) x9  0xbffe6445
core   0: 0x80001e9a (0x01543cb3) sltu    s9, s0, s5
core   0: 3 0x80001e9a (0x01543cb3) x25 0x00000001
core   0: 0x80001e9e (0x00008b7a) c.mv    s6, t5
core   0: 3 0x80001e9e (0x8b7a) x22 0x80029d24
core   0: 0x80001ea0 (0x94599fb7) lui     t6, 0x94599
core   0: 3 0x80001ea0 (0x94599fb7) x31 0x94599000
core   0: 0x80001ea4 (0x00000001) c.nop
core   0: 3 0x80001ea4 (0x0001)
core   0: 0x80001ea6 (0x00005ffd) c.li    t6, -1
core   0: 3 0x80001ea6 (0x5ffd) x31 0xffffffff
core   0: 0x80001ea8 (0x01e09233) sll     tp, ra, t5
core   0: 3 0x80001ea8 (0x01e09233) x4  0xfffffff0
core   0: 0x80001eac (0x00008ef5) c.and   a3, a3
core   0: 3 0x80001eac (0x8ef5) x13 0x80019a49
core   0: 0x80001eae (0x00000001) c.nop
core   0: 3 0x80001eae (0x0001)
core   0: 0x80001eb0 (0x68eb89b7) lui     s3, 0x68eb8
core   0: 3 0x80001eb0 (0x68eb89b7) x19 0x68eb8000
core   0: 0x80001eb4 (0x012db713) sltiu   a4, s11, 18
core   0: 3 0x80001eb4 (0x012db713) x14 0x00000001
core   0: 0x80001eb8 (0x00008d5d) c.or    a0, a5
core   0: 3 0x80001eb8 (0x8d5d) x10 0x3fff7f9f
core   0: 0x80001eba (0x00000001) c.nop
core   0: 3 0x80001eba (0x0001)
core   0: 0x80001ebc (0x016649b3) xor     s3, a2, s6
core   0: 3 0x80001ebc (0x016649b3) x19 0x80029d24
core   0: 0x80001ec0 (0x030e61b3) rem     gp, t3, a6
core   0: 3 0x80001ec0 (0x030e61b3) x3  0x00000000
core   0: 0x80001ec4 (0x003938b3) sltu    a7, s2, gp
core   0: 3 0x80001ec4 (0x003938b3) x17 0x00000000
core   0: 0x80001ec8 (0x02dda233) mulhsu  tp, s11, a3
core   0: 3 0x80001ec8 (0x02dda233) x4  0x00000000
core   0: 0x80001ecc (0x00008cf9) c.and   s1, a4
core   0: 3 0x80001ecc (0x8cf9) x9  0x00000001
core   0: 0x80001ece (0x14e48213) addi    tp, s1, 334
core   0: 3 0x80001ece (0x14e48213) x4  0x0000014f
core   0: 0x80001ed2 (0x00009a7d) c.andi  a2, -1
core   0: 3 0x80001ed2 (0x9a7d) x12 0x00000000
core   0: 0x80001ed4 (0x3ea3b693) sltiu   a3, t2, 1002
core   0: 3 0x80001ed4 (0x3ea3b693) x13 0x00000001
core   0: 0x80001ed8 (0x0000717d) c.addi16sp sp, -16
core   0: 3 0x80001ed8 (0x717d) x2  0x80019a39
core   0: 0x80001eda (0x00008c4d) c.or    s0, a1
core   0: 3 0x80001eda (0x8c4d) x8  0x1e4e1e02
core   0: 0x80001edc (0x03702cb3) mulhsu  s9, zero, s7
core   0: 3 0x80001edc (0x03702cb3) x25 0x00000000
core   0: 0x80001ee0 (0x0063b4b3) sltu    s1, t2, t1
core   0: 3 0x80001ee0 (0x0063b4b3) x9  0x00000001
core   0: 0x80001ee4 (0x01a7ca33) xor     s4, a5, s10
core   0: 3 0x80001ee4 (0x01a7ca33) x20 0xc7ff575c
core   0: 0x80001ee8 (0xf92ff913) andi    s2, t6, -110
core   0: 3 0x80001ee8 (0xf92ff913) x18 0xffffff92
core   0: 0x80001eec (0x47abf113) andi    sp, s7, 1146
core   0: 3 0x80001eec (0x47abf113) x2  0x00000000
core   0: 0x80001ef0 (0x00000001) c.nop
core   0: 3 0x80001ef0 (0x0001)
core   0: 0x80001ef2 (0x00006ca9) c.lui   s9, 0xa
core   0: 3 0x80001ef2 (0x6ca9) x25 0x0000a000
core   0: 0x80001ef4 (0x01756733) or      a4, a0, s7
core   0: 3 0x80001ef4 (0x01756733) x14 0x3fff7f9f
core   0: 0x80001ef8 (0x6ea55bb7) lui     s7, 0x6ea55
core   0: 3 0x80001ef8 (0x6ea55bb7) x23 0x6ea55000
core   0: 0x80001efc (0x03e46963) bltu    s0, t5, pc + 50
core   0: 3 0x80001efc (0x03e46963)
core   0: 0x80001f2e (0x000084ca) c.mv    s1, s2
core   0: 3 0x80001f2e (0x84ca) x9  0xffffff92
core   0: 0x80001f30 (0x4411af93) slti    t6, gp, 1089
core   0: 3 0x80001f30 (0x4411af93) x31 0x00000001
core   0: 0x80001f34 (0x01dbd713) srli    a4, s7, 29
core   0: 3 0x80001f34 (0x01dbd713) x14 0x00000003
core   0: 0x80001f38 (0x056e3c93) sltiu   s9, t3, 86
core   0: 3 0x80001f38 (0x056e3c93) x25 0x00000000
core   0: 0x80001f3c (0x009f1633) sll     a2, t5, s1
core   0: 3 0x80001f3c (0x009f1633) x12 0x74900000
core   0: 0x80001f40 (0x03dc72b3) remu    t0, s8, t4
core   0: 3 0x80001f40 (0x03dc72b3) x5  0x80019a49
core   0: 0x80001f44 (0x00008e11) c.sub   a2, a2
core   0: 3 0x80001f44 (0x8e11) x12 0x00000000
core   0: 0x80001f46 (0x00008d35) c.xor   a0, a3
core   0: 3 0x80001f46 (0x8d35) x10 0x3fff7f9e
core   0: 0x80001f48 (0x0234c333) div     t1, s1, gp
core   0: 3 0x80001f48 (0x0234c333) x6  0xffffffff
core   0: 0x80001f4c (0x2bf20a17) auipc   s4, 0x2bf20
core   0: 3 0x80001f4c (0x2bf20a17) x20 0xabf21f4c
core   0: 0x80001f50 (0x00006591) c.lui   a1, 0x4
core   0: 3 0x80001f50 (0x6591) x11 0x00004000
core   0: 0x80001f52 (0x00b9f7b3) and     a5, s3, a1
core   0: 3 0x80001f52 (0x00b9f7b3) x15 0x00000000
core   0: 0x80001f56 (0x00005c7d) c.li    s8, -1
core   0: 3 0x80001f56 (0x5c7d) x24 0xffffffff
core   0: 0x80001f58 (0x7875fc13) andi    s8, a1, 1927
core   0: 3 0x80001f58 (0x7875fc13) x24 0x00000000
core   0: 0x80001f5c (0x02f0a7b3) mulhsu  a5, ra, a5
core   0: 3 0x80001f5c (0x02f0a7b3) x15 0x00000000
core   0: 0x80001f60 (0x41438fb3) sub     t6, t2, s4
core   0: 3 0x80001f60 (0x41438fb3) x31 0x540de1c5
core   0: 0x80001f64 (0x00008d5d) c.or    a0, a5
core   0: 3 0x80001f64 (0x8d5d) x10 0x3fff7f9e
core   0: 0x80001f66 (0x4054d0b3) sra     ra, s1, t0
core   0: 3 0x80001f66 (0x4054d0b3) x1  0xffffffff
core   0: 0x80001f6a (0x00008ea5) c.xor   a3, s1
core   0: 3 0x80001f6a (0x8ea5) x13 0xffffff93
core   0: 0x80001f6c (0x00008491) c.srai  s1, 4
core   0: 3 0x80001f6c (0x8491) x9  0xfffffff9
core   0: 0x80001f6e (0x01507463) bgeu    zero, s5, pc + 8
core   0: 3 0x80001f6e (0x01507463)
core   0: 0x80001f72 (0x41707793) andi    a5, zero, 1047
core   0: 3 0x80001f72 (0x41707793) x15 0x00000000
core   0: 0x80001f76 (0x039f35b3) mulhu   a1, t5, s9
core   0: 3 0x80001f76 (0x039f35b3) x11 0x00000000
core   0: 0x80001f7a (0x01f8c263) blt     a7, t6, pc + 4
core   0: 3 0x80001f7a (0x01f8c263)
core   0: 0x80001f7e (0xa775a513) slti    a0, a1, -1417
core   0: 3 0x80001f7e (0xa775a513) x10 0x00000000
core   0: 0x80001f82 (0x03c894b3) mulh    s1, a7, t3
core   0: 3 0x80001f82 (0x03c894b3) x9  0x00000000
core   0: 0x80001f86 (0x018db1b3) sltu    gp, s11, s8
core   0: 3 0x80001f86 (0x018db1b3) x3  0x00000000
core   0: 0x80001f8a (0x026c17b3) mulh    a5, s8, t1
core   0: 3 0x80001f8a (0x026c17b3) x15 0x00000000
core   0: 0x80001f8e (0x01339263) bne     t2, s3, pc + 4
core   0: 3 0x80001f8e (0x01339263)
core   0: 0x80001f92 (0x00fbe663) bltu    s7, a5, pc + 12
core   0: 3 0x80001f92 (0x00fbe663)
core   0: 0x80001f96 (0x000018fd) c.addi  a7, -1
core   0: 3 0x80001f96 (0x18fd) x17 0xffffffff
core   0: 0x80001f98 (0x00008f19) c.sub   a4, a4
core   0: 3 0x80001f98 (0x8f19) x14 0x00000000
core   0: 0x80001f9a (0x01c07d63) bgeu    zero, t3, pc + 26
core   0: 3 0x80001f9a (0x01c07d63)
core   0: 0x80001f9e (0x276f3237) lui     tp, 0x276f3
core   0: 3 0x80001f9e (0x276f3237) x4  0x276f3000
core   0: 0x80001fa2 (0x00b5f633) and     a2, a1, a1
core   0: 3 0x80001fa2 (0x00b5f633) x12 0x00000000
core   0: 0x80001fa6 (0x00f41193) slli    gp, s0, 15
core   0: 3 0x80001fa6 (0x00f41193) x3  0x0f010000
core   0: 0x80001faa (0x00b97833) and     a6, s2, a1
core   0: 3 0x80001faa (0x00b97833) x16 0x00000000
core   0: 0x80001fae (0x82c87f93) andi    t6, a6, -2004
core   0: 3 0x80001fae (0x82c87f93) x31 0x00000000
core   0: 0x80001fb2 (0x00009e5e) c.add   t3, s7
core   0: 3 0x80001fb2 (0x9e5e) x28 0xcc9f99da
core   0: 0x80001fb4 (0x02fb0563) beq     s6, a5, pc + 42
core   0: 3 0x80001fb4 (0x02fb0563)
core   0: 0x80001fb8 (0xe01e4e13) xori    t3, t3, -511
core   0: 3 0x80001fb8 (0xe01e4e13) x28 0x336067db
core   0: 0x80001fbc (0x00008f5d) c.or    a4, a5
core   0: 3 0x80001fbc (0x8f5d) x14 0x00000000
core   0: 0x80001fbe (0x026b46b3) div     a3, s6, t1
core   0: 3 0x80001fbe (0x026b46b3) x13 0x7ffd62dc
core   0: 0x80001fc2 (0x08606037) lui     zero, 0x8606
core   0: 3 0x80001fc2 (0x08606037)
core   0: 0x80001fc6 (0x00008de5) c.and   a1, s1
core   0: 3 0x80001fc6 (0x8de5) x11 0x00000000
core   0: 0x80001fc8 (0xd7edab93) slti    s7, s11, -642
core   0: 3 0x80001fc8 (0xd7edab93) x23 0x00000000
core   0: 0x80001fcc (0x01927563) bgeu    tp, s9, pc + 10
core   0: 3 0x80001fcc (0x01927563)
core   0: 0x80001fd6 (0x00008ee1) c.and   a3, s0
core   0: 3 0x80001fd6 (0x8ee1) x13 0x1e4c0200
core   0: 0x80001fd8 (0x02e461b3) rem     gp, s0, a4
core   0: 3 0x80001fd8 (0x02e461b3) x3  0x1e4e1e02
core   0: 0x80001fdc (0x0000882d) c.andi  s0, 11
core   0: 3 0x80001fdc (0x882d) x8  0x00000002
core   0: 0x80001fde (0x03ecdd33) divu    s10, s9, t5
core   0: 3 0x80001fde (0x03ecdd33) x26 0x00000000
core   0: 0x80001fe2 (0xe84c7493) andi    s1, s8, -380
core   0: 3 0x80001fe2 (0xe84c7493) x9  0x00000000
core   0: 0x80001fe6 (0x0280d163) bge     ra, s0, pc + 34
core   0: 3 0x80001fe6 (0x0280d163)
core   0: 0x80001fea (0x00006539) c.lui   a0, 0xe
core   0: 3 0x80001fea (0x6539) x10 0x0000e000
core   0: 0x80001fec (0x40bcd993) srai    s3, s9, 11
core   0: 3 0x80001fec (0x40bcd993) x19 0x00000000
core   0: 0x80001ff0 (0x0015c033) xor     zero, a1, ra
core   0: 3 0x80001ff0 (0x0015c033)
core   0: 0x80001ff4 (0x00008e6d) c.and   a2, a1
core   0: 3 0x80001ff4 (0x8e6d) x12 0x00000000
core   0: 0x80001ff6 (0x01d2c6b3) xor     a3, t0, t4
core   0: 3 0x80001ff6 (0x01d2c6b3) x13 0x0003c4ed
core   0: 0x80001ffa (0x6effac93) slti    s9, t6, 1775
core   0: 3 0x80001ffa (0x6effac93) x25 0x00000001
core   0: 0x80001ffe (0x006a0463) beq     s4, t1, pc + 8
core   0: 3 0x80001ffe (0x006a0463)
core   0: 0x80002002 (0x00000c9c) c.addi4spn a5, sp, 592
core   0: 3 0x80002002 (0x0c9c) x15 0x00000250
core   0: 0x80002004 (0x00004dbd) c.li    s11, 15
core   0: 3 0x80002004 (0x4dbd) x27 0x0000000f
core   0: 0x80002006 (0x0000612d) c.addi16sp sp, 224
core   0: 3 0x80002006 (0x612d) x2  0x000000e0
core   0: 0x80002008 (0x029666b3) rem     a3, a2, s1
core   0: 3 0x80002008 (0x029666b3) x13 0x00000000
core   0: 0x8000200c (0x00001204) c.addi4spn s1, sp, 288
core   0: 3 0x8000200c (0x1204) x9  0x00000200
core   0: 0x8000200e (0x01d85a13) srli    s4, a6, 29
core   0: 3 0x8000200e (0x01d85a13) x20 0x00000000
core   0: 0x80002012 (0x004ee8b3) or      a7, t4, tp
core   0: 3 0x80002012 (0x004ee8b3) x17 0xa76f7ea4
core   0: 0x80002016 (0x7a02e013) prefetch.i 1952(t0)
core   0: 3 0x80002016 (0x7a02e013)
core   0: 0x8000201a (0x033100b3) mul     ra, sp, s3
core   0: 3 0x8000201a (0x033100b3) x1  0x00000000
core   0: 0x8000201e (0x0000438d) c.li    t2, 3
core   0: 3 0x8000201e (0x438d) x7  0x00000003
core   0: 0x80002020 (0x03948c63) beq     s1, s9, pc + 56
core   0: 3 0x80002020 (0x03948c63)
core   0: 0x80002024 (0x00004471) c.li    s0, 28
core   0: 3 0x80002024 (0x4471) x8  0x0000001c
core   0: 0x80002026 (0x005e7c33) and     s8, t3, t0
core   0: 3 0x80002026 (0x005e7c33) x24 0x00000249
core   0: 0x8000202a (0x00926263) bltu    tp, s1, pc + 4
core   0: 3 0x8000202a (0x00926263)
core   0: 0x8000202e (0x2c1b6493) ori     s1, s6, 705
core   0: 3 0x8000202e (0x2c1b6493) x9  0x80029fe5
core   0: 0x80002032 (0x01a8f733) and     a4, a7, s10
core   0: 3 0x80002032 (0x01a8f733) x14 0x00000000
core   0: 0x80002036 (0x0000c009) c.beqz  s0, pc + 2
core   0: 3 0x80002036 (0xc009)
core   0: 0x80002038 (0xed500093) li      ra, -299
core   0: 3 0x80002038 (0xed500093) x1  0xfffffed5
core   0: 0x8000203c (0x01811993) slli    s3, sp, 24
core   0: 3 0x8000203c (0x01811993) x19 0xe0000000
core   0: 0x80002040 (0x00000001) c.nop
core   0: 3 0x80002040 (0x0001)
core   0: 0x80002042 (0x41f75233) sra     tp, a4, t6
core   0: 3 0x80002042 (0x41f75233) x4  0x00000000
core   0: 0x80002046 (0x0171dc33) srl     s8, gp, s7
core   0: 3 0x80002046 (0x0171dc33) x24 0x1e4e1e02
core   0: 0x8000204a (0x00e736b3) sltu    a3, a4, a4
core   0: 3 0x8000204a (0x00e736b3) x13 0x00000000
core   0: 0x8000204e (0x000061c9) c.lui   gp, 0x12
core   0: 3 0x8000204e (0x61c9) x3  0x00012000
core   0: 0x80002050 (0x40b201b3) sub     gp, tp, a1
core   0: 3 0x80002050 (0x40b201b3) x3  0x00000000
core   0: 0x80002054 (0x01ba9933) sll     s2, s5, s11
core   0: 3 0x80002054 (0x01ba9933) x18 0x00040000
core   0: 0x80002058 (0x165a0a13) addi    s4, s4, 357
core   0: 3 0x80002058 (0x165a0a13) x20 0x00000165
core   0: 0x8000205c (0x029e7bb3) remu    s7, t3, s1
core   0: 3 0x8000205c (0x029e7bb3) x23 0x336067db
core   0: 0x80002060 (0x00f08b33) add     s6, ra, a5
core   0: 3 0x80002060 (0x00f08b33) x22 0x00000125
core   0: 0x80002064 (0x01ee7963) bgeu    t3, t5, pc + 18
core   0: 3 0x80002064 (0x01ee7963)
core   0: 0x80002068 (0x00008155) c.srli  a0, 21
core   0: 3 0x80002068 (0x8155) x10 0x00000000
core   0: 0x8000206a (0x019d9193) slli    gp, s11, 25
core   0: 3 0x8000206a (0x019d9193) x3  0x1e000000
core   0: 0x8000206e (0x00008c95) c.sub   s1, a3
core   0: 3 0x8000206e (0x8c95) x9  0x80029fe5
core   0: 0x80002070 (0x000068d5) c.lui   a7, 0x15
core   0: 3 0x80002070 (0x68d5) x17 0x00015000
core   0: 0x80002072 (0x0000c195) c.beqz  a1, pc + 36
core   0: 3 0x80002072 (0xc195)
core   0: 0x80002096 (0xbfd13c17) auipc   s8, 0xbfd13
core   0: 3 0x80002096 (0xbfd13c17) x24 0x3fd15096
core   0: 0x8000209a (0x025786b3) mul     a3, a5, t0
core   0: 3 0x8000209a (0x025786b3) x13 0x03b4c8d0
core   0: 0x8000209e (0x0361ee63) bltu    gp, s6, pc + 60
core   0: 3 0x8000209e (0x0361ee63)
core   0: 0x800020a2 (0x00008da9) c.xor   a1, a0
core   0: 3 0x800020a2 (0x8da9) x11 0x00000000
core   0: 0x800020a4 (0x00ba60b3) or      ra, s4, a1
core   0: 3 0x800020a4 (0x00ba60b3) x1  0x00000165
core   0: 0x800020a8 (0x01d03833) snez    a6, t4
core   0: 3 0x800020a8 (0x01d03833) x16 0x00000001
core   0: 0x800020ac (0x00000dae) c.slli  s11, 11
core   0: 3 0x800020ac (0x0dae) x27 0x00007800
core   0: 0x800020ae (0x023236b3) mulhu   a3, tp, gp
core   0: 3 0x800020ae (0x023236b3) x13 0x00000000
core   0: 0x800020b2 (0x40778fb3) sub     t6, a5, t2
core   0: 3 0x800020b2 (0x40778fb3) x31 0x0000024d
core   0: 0x800020b6 (0x40180733) sub     a4, a6, ra
core   0: 3 0x800020b6 (0x40180733) x14 0xfffffe9c
core   0: 0x800020ba (0x00008d6d) c.and   a0, a1
core   0: 3 0x800020ba (0x8d6d) x10 0x00000000
core   0: 0x800020bc (0x00dd0133) add     sp, s10, a3
core   0: 3 0x800020bc (0x00dd0133) x2  0x00000000
core   0: 0x800020c0 (0x0000717d) c.addi16sp sp, -16
core   0: 3 0x800020c0 (0x717d) x2  0xfffffff0
core   0: 0x800020c2 (0x40610633) sub     a2, sp, t1
core   0: 3 0x800020c2 (0x40610633) x12 0xfffffff1
core   0: 0x800020c6 (0x0085b633) sltu    a2, a1, s0
core   0: 3 0x800020c6 (0x0085b633) x12 0x00000001
core   0: 0x800020ca (0x02e11a33) mulh    s4, sp, a4
core   0: 3 0x800020ca (0x02e11a33) x20 0x00000000
core   0: 0x800020ce (0x00004fed) c.li    t6, 27
core   0: 3 0x800020ce (0x4fed) x31 0x0000001b
core   0: 0x800020d0 (0x00001e8c) c.addi4spn a1, sp, 880
core   0: 3 0x800020d0 (0x1e8c) x11 0x00000360
core   0: 0x800020d2 (0x00006159) c.addi16sp sp, 400
core   0: 3 0x800020d2 (0x6159) x2  0x00000180
core   0: 0x800020d4 (0x016701b3) add     gp, a4, s6
core   0: 3 0x800020d4 (0x016701b3) x3  0xffffffc1
core   0: 0x800020d8 (0x000003ce) c.slli  t2, 19
core   0: 3 0x800020d8 (0x03ce) x7  0x00180000
core   0: 0x800020da (0x01ede733) or      a4, s11, t5
core   0: 3 0x800020da (0x01ede733) x14 0x8002fd24
core   0: 0x800020de (0x00001018) c.addi4spn a4, sp, 32
core   0: 3 0x800020de (0x1018) x14 0x000001a0
core   0: 0x800020e0 (0x0000e61d) c.bnez  a2, pc + 46
core   0: 3 0x800020e0 (0xe61d)
core   0: 0x8000210e (0x03fde8b3) rem     a7, s11, t6
core   0: 3 0x8000210e (0x03fde8b3) x17 0x00000015
core   0: 0x80002112 (0xde5fc293) xori    t0, t6, -539
core   0: 3 0x80002112 (0xde5fc293) x5  0xfffffdfe
core   0: 0x80002116 (0x0000810d) c.srli  a0, 3
core   0: 3 0x80002116 (0x810d) x10 0x00000000
core   0: 0x80002118 (0x01915fb3) srl     t6, sp, s9
core   0: 3 0x80002118 (0x01915fb3) x31 0x000000c0
core   0: 0x8000211c (0x0119d1b3) srl     gp, s3, a7
core   0: 3 0x8000211c (0x0119d1b3) x3  0x00000700
core   0: 0x80002120 (0x01149113) slli    sp, s1, 17
core   0: 3 0x80002120 (0x01149113) x2  0x3fca0000
core   0: 0x80002124 (0x022f5463) bge     t5, sp, pc + 40
core   0: 3 0x80002124 (0x022f5463)
core   0: 0x80002128 (0x00299033) sll     zero, s3, sp
core   0: 3 0x80002128 (0x00299033)
core   0: 0x8000212c (0x0000870a) c.mv    a4, sp
core   0: 3 0x8000212c (0x870a) x14 0x3fca0000
core   0: 0x8000212e (0x000094ce) c.add   s1, s3
core   0: 3 0x8000212e (0x94ce) x9  0x60029fe5
core   0: 0x80002130 (0x015bf263) bgeu    s7, s5, pc + 4
core   0: 3 0x80002130 (0x015bf263)
core   0: 0x80002134 (0x0000881e) c.mv    a6, t2
core   0: 3 0x80002134 (0x881e) x16 0x00180000
core   0: 0x80002136 (0x013f9133) sll     sp, t6, s3
core   0: 3 0x80002136 (0x013f9133) x2  0x000000c0
core   0: 0x8000213a (0x00d6b6b3) sltu    a3, a3, a3
core   0: 3 0x8000213a (0x00d6b6b3) x13 0x00000000
core   0: 0x8000213e (0x016664b3) or      s1, a2, s6
core   0: 3 0x8000213e (0x016664b3) x9  0x00000125
core   0: 0x80002142 (0x00000001) c.nop
core   0: 3 0x80002142 (0x0001)
core   0: 0x80002144 (0x039cf333) remu    t1, s9, s9
core   0: 3 0x80002144 (0x039cf333) x6  0x00000000
core   0: 0x80002148 (0x021c4c33) div     s8, s8, ra
core   0: 3 0x80002148 (0x021c4c33) x24 0x002dc345
core   0: 0x8000214c (0x9c0c8e17) auipc   t3, 0x9c0c8
core   0: 3 0x8000214c (0x9c0c8e17) x28 0x1c0ca14c
core   0: 0x80002150 (0x003a5213) srli    tp, s4, 3
core   0: 3 0x80002150 (0x003a5213) x4  0x00000000
core   0: 0x80002154 (0x0000e1d1) c.bnez  a1, pc + 132
core   0: 3 0x80002154 (0xe1d1)
core   0: 0x800021d8 (0x00008e91) c.sub   a3, a2
core   0: 3 0x800021d8 (0x8e91) x13 0xffffffff
core   0: 0x800021da (0xb328bd17) auipc   s10, 0xb328b
core   0: 3 0x800021da (0xb328bd17) x26 0x3328d1da
core   0: 0x800021de (0x6404f593) andi    a1, s1, 1600
core   0: 3 0x800021de (0x6404f593) x11 0x00000000
core   0: 0x800021e2 (0x03e73533) mulhu   a0, a4, t5
core   0: 3 0x800021e2 (0x03e73533) x10 0x1fe5a6bb
core   0: 0x800021e6 (0x0181d033) srl     zero, gp, s8
core   0: 3 0x800021e6 (0x0181d033)
core   0: 0x800021ea (0x00004c21) c.li    s8, 8
core   0: 3 0x800021ea (0x4c21) x24 0x00000008
core   0: 0x800021ec (0x01c818b3) sll     a7, a6, t3
core   0: 3 0x800021ec (0x01c818b3) x17 0x80000000
core   0: 0x800021f0 (0x01e53933) sltu    s2, a0, t5
core   0: 3 0x800021f0 (0x01e53933) x18 0x00000001
core   0: 0x800021f4 (0x296be813) ori     a6, s7, 662
core   0: 3 0x800021f4 (0x296be813) x16 0x336067df
core   0: 0x800021f8 (0x0138d263) bge     a7, s3, pc + 4
core   0: 3 0x800021f8 (0x0138d263)
core   0: 0x800021fc (0x000087ba) c.mv    a5, a4
core   0: 3 0x800021fc (0x87ba) x15 0x3fca0000
core   0: 0x800021fe (0x0000e305) c.bnez  a4, pc + 32
core   0: 3 0x800021fe (0xe305)
core   0: 0x8000221e (0x0000c985) c.beqz  a1, pc + 48
core   0: 3 0x8000221e (0xc985)
core   0: 0x8000224e (0x41a85793) srai    a5, a6, 26
core   0: 3 0x8000224e (0x41a85793) x15 0x0000000c
core   0: 0x80002252 (0x0040dd33) srl     s10, ra, tp
core   0: 3 0x80002252 (0x0040dd33) x26 0x00000165
core   0: 0x80002256 (0x041fe363) bltu    t6, ra, pc + 70
core   0: 3 0x80002256 (0x041fe363)
core   0: 0x8000229c (0x00008fa9) c.xor   a5, a0
core   0: 3 0x8000229c (0x8fa9) x15 0x1fe5a6b7
core   0: 0x8000229e (0x00001c18) c.addi4spn a4, sp, 560
core   0: 3 0x8000229e (0x1c18) x14 0x000002f0
core   0: 0x800022a0 (0x02e275b3) remu    a1, tp, a4
core   0: 3 0x800022a0 (0x02e275b3) x11 0x00000000
core   0: 0x800022a4 (0x8a680613) addi    a2, a6, -1882
core   0: 3 0x800022a4 (0x8a680613) x12 0x33606085
core   0: 0x800022a8 (0x0056e5b3) or      a1, a3, t0
core   0: 3 0x800022a8 (0x0056e5b3) x11 0xffffffff
core   0: 0x800022ac (0x00ebfe63) bgeu    s7, a4, pc + 28
core   0: 3 0x800022ac (0x00ebfe63)
core   0: 0x800022c8 (0x00001a7d) c.addi  s4, -1
core   0: 3 0x800022c8 (0x1a7d) x20 0xffffffff
core   0: 0x800022ca (0x02ed7833) remu    a6, s10, a4
core   0: 3 0x800022ca (0x02ed7833) x16 0x00000165
core   0: 0x800022ce (0xfb6f27b7) lui     a5, 0xfb6f2
core   0: 3 0x800022ce (0xfb6f27b7) x15 0xfb6f2000
core   0: 0x800022d2 (0x00008bfd) c.andi  a5, 31
core   0: 3 0x800022d2 (0x8bfd) x15 0x00000000
core   0: 0x800022d4 (0x0000e189) c.bnez  a1, pc + 2
core   0: 3 0x800022d4 (0xe189)
core   0: 0x800022d6 (0x00c20293) addi    t0, tp, 12
core   0: 3 0x800022d6 (0x00c20293) x5  0x0000000c
core   0: 0x800022da (0x0000840a) c.mv    s0, sp
core   0: 3 0x800022da (0x840a) x8  0x000000c0
core   0: 0x800022dc (0x000062a5) c.lui   t0, 0x9
core   0: 3 0x800022dc (0x62a5) x5  0x00009000
core   0: 0x800022de (0x00008f92) c.mv    t6, tp
core   0: 3 0x800022de (0x8f92) x31 0x00000000
core   0: 0x800022e0 (0x00008cf9) c.and   s1, a4
core   0: 3 0x800022e0 (0x8cf9) x9  0x00000020
core   0: 0x800022e2 (0x0183ea33) or      s4, t2, s8
core   0: 3 0x800022e2 (0x0183ea33) x20 0x00180008
core   0: 0x800022e6 (0x0403d063) bgez    t2, pc + 64
core   0: 3 0x800022e6 (0x0403d063)
core   0: 0x80002326 (0x00009316) c.add   t1, t0
core   0: 3 0x80002326 (0x9316) x6  0x00009000
core   0: 0x80002328 (0x00008952) c.mv    s2, s4
core   0: 3 0x80002328 (0x8952) x18 0x00180008
core   0: 0x8000232a (0x18ffb513) sltiu   a0, t6, 399
core   0: 3 0x8000232a (0x18ffb513) x10 0x00000001
core   0: 0x8000232e (0x01d95cb3) srl     s9, s2, t4
core   0: 3 0x8000232e (0x01d95cb3) x25 0x00018000
core   0: 0x80002332 (0x012e26b3) slt     a3, t3, s2
core   0: 3 0x80002332 (0x012e26b3) x13 0x00000000
core   0: 0x80002336 (0x00008e6d) c.and   a2, a1
core   0: 3 0x80002336 (0x8e6d) x12 0x33606085
core   0: 0x80002338 (0x0000c2d9) c.beqz  a3, pc + 134
core   0: 3 0x80002338 (0xc2d9)
core   0: 0x800023be (0x020e4233) div     tp, t3, zero
core   0: 3 0x800023be (0x020e4233) x4  0xffffffff
core   0: 0x800023c2 (0x0000ed0d) c.bnez  a0, pc + 58
core   0: 3 0x800023c2 (0xed0d)
core   0: 0x800023fc (0x0240bdb3) mulhu   s11, ra, tp
core   0: 3 0x800023fc (0x0240bdb3) x27 0x00000164
core   0: 0x80002400 (0x02a1c863) blt     gp, a0, pc + 48
core   0: 3 0x80002400 (0x02a1c863)
core   0: 0x80002404 (0x00001914) c.addi4spn a3, sp, 176
core   0: 3 0x80002404 (0x1914) x13 0x00000170
core   0: 0x80002406 (0x07ab3417) auipc   s0, 0x7ab3
core   0: 3 0x80002406 (0x07ab3417) x8  0x87ab5406
core   0: 0x8000240a (0xabf94793) xori    a5, s2, -1345
core   0: 3 0x8000240a (0xabf94793) x15 0xffe7fab7
core   0: 0x8000240e (0x0000e019) c.bnez  s0, pc + 6
core   0: 3 0x8000240e (0xe019)
core   0: 0x80002414 (0x00000001) c.nop
core   0: 3 0x80002414 (0x0001)
core   0: 0x80002416 (0x00000001) c.nop
core   0: 3 0x80002416 (0x0001)
core   0: 0x80002418 (0x00000001) c.nop
core   0: 3 0x80002418 (0x0001)
core   0: 0x8000241a (0x407e5533) sra     a0, t3, t2
core   0: 3 0x8000241a (0x407e5533) x10 0x1c0ca14c
core   0: 0x8000241e (0x00008e99) c.sub   a3, a4
core   0: 3 0x8000241e (0x8e99) x13 0xfffffe80
core   0: 0x80002420 (0x0313b8b3) mulhu   a7, t2, a7
core   0: 3 0x80002420 (0x0313b8b3) x17 0x000c0000
core   0: 0x80002424 (0x01e09b33) sll     s6, ra, t5
core   0: 3 0x80002424 (0x01e09b33) x22 0x00001650
core   0: 0x80002428 (0x00008dd5) c.or    a1, a3
core   0: 3 0x80002428 (0x8dd5) x11 0xffffffff
core   0: 0x8000242a (0x0357f3b3) remu    t2, a5, s5
core   0: 3 0x8000242a (0x0357f3b3) x7  0x00000007
core   0: 0x8000242e (0x00000722) c.slli  a4, 8
core   0: 3 0x8000242e (0x0722) x14 0x0002f000
core   0: 0x80002430 (0x00008591) c.srai  a1, 4
core   0: 3 0x80002430 (0x8591) x11 0xffffffff
core   0: 0x80002432 (0x0390c363) blt     ra, s9, pc + 38
core   0: 3 0x80002432 (0x0390c363)
core   0: 0x80002458 (0x00ff1693) slli    a3, t5, 15
core   0: 3 0x80002458 (0x00ff1693) x13 0x4e920000
core   0: 0x8000245c (0x03e21db3) mulh    s11, tp, t5
core   0: 3 0x8000245c (0x03e21db3) x27 0x00000000
core   0: 0x80002460 (0x02a3dd33) divu    s10, t2, a0
core   0: 3 0x80002460 (0x02a3dd33) x26 0x00000000
core   0: 0x80002464 (0x00000001) c.nop
core   0: 3 0x80002464 (0x0001)
core   0: 0x80002466 (0x03106133) rem     sp, zero, a7
core   0: 3 0x80002466 (0x03106133) x2  0x00000000
core   0: 0x8000246a (0x0000c291) c.beqz  a3, pc + 4
core   0: 3 0x8000246a (0xc291)
core   0: 0x8000246c (0x00006b39) c.lui   s6, 0xe
core   0: 3 0x8000246c (0x6b39) x22 0x0000e000
core   0: 0x8000246e (0x00006539) c.lui   a0, 0xe
core   0: 3 0x8000246e (0x6539) x10 0x0000e000
core   0: 0x80002470 (0x003dd733) srl     a4, s11, gp
core   0: 3 0x80002470 (0x003dd733) x14 0x00000000
core   0: 0x80002474 (0x01fe4cb3) xor     s9, t3, t6
core   0: 3 0x80002474 (0x01fe4cb3) x25 0x1c0ca14c
core   0: 0x80002478 (0x017ada33) srl     s4, s5, s7
core   0: 3 0x80002478 (0x017ada33) x20 0x00000000
core   0: 0x8000247c (0x034e8db3) mul     s11, t4, s4
core   0: 3 0x8000247c (0x034e8db3) x27 0x00000000
core   0: 0x80002480 (0x00329a13) slli    s4, t0, 3
core   0: 3 0x80002480 (0x00329a13) x20 0x00048000
core   0: 0x80002484 (0x7a587313) andi    t1, a6, 1957
core   0: 3 0x80002484 (0x7a587313) x6  0x00000125
core   0: 0x80002488 (0x006c1db3) sll     s11, s8, t1
core   0: 3 0x80002488 (0x006c1db3) x27 0x00000100
core   0: 0x8000248c (0x38a57293) andi    t0, a0, 906
core   0: 3 0x8000248c (0x38a57293) x5  0x00000000
core   0: 0x80002490 (0x00f1a3b3) slt     t2, gp, a5
core   0: 3 0x80002490 (0x00f1a3b3) x7  0x00000000
core   0: 0x80002494 (0x01c31cb3) sll     s9, t1, t3
core   0: 3 0x80002494 (0x01c31cb3) x25 0x00125000
core   0: 0x80002498 (0x0000597d) c.li    s2, -1
core   0: 3 0x80002498 (0x597d) x18 0xffffffff
core   0: 0x8000249a (0x0000856a) c.mv    a0, s10
core   0: 3 0x8000249a (0x856a) x10 0x00000000
core   0: 0x8000249c (0x64dbabb7) lui     s7, 0x64dba
core   0: 3 0x8000249c (0x64dbabb7) x23 0x64dba000
core   0: 0x800024a0 (0x0000066e) c.slli  a2, 27
core   0: 3 0x800024a0 (0x066e) x12 0x28000000
core   0: 0x800024a2 (0x0000858a) c.mv    a1, sp
core   0: 3 0x800024a2 (0x858a) x11 0x00000000
core   0: 0x800024a4 (0x00e5fe33) and     t3, a1, a4
core   0: 3 0x800024a4 (0x00e5fe33) x28 0x00000000
core   0: 0x800024a8 (0x140c2213) slti    tp, s8, 320
core   0: 3 0x800024a8 (0x140c2213) x4  0x00000001
core   0: 0x800024ac (0x0000842a) c.mv    s0, a0
core   0: 3 0x800024ac (0x842a) x8  0x00000000
core   0: 0x800024ae (0x00001e90) c.addi4spn a2, sp, 880
core   0: 3 0x800024ae (0x1e90) x12 0x00000370
core   0: 0x800024b0 (0x01569393) slli    t2, a3, 21
core   0: 3 0x800024b0 (0x01569393) x7  0x00000000
core   0: 0x800024b4 (0x013562b3) or      t0, a0, s3
core   0: 3 0x800024b4 (0x013562b3) x5  0xe0000000
core   0: 0x800024b8 (0x40f600b3) sub     ra, a2, a5
core   0: 3 0x800024b8 (0x40f600b3) x1  0x001808b9
core   0: 0x800024bc (0x0000177d) c.addi  a4, -1
core   0: 3 0x800024bc (0x177d) x14 0xffffffff
core   0: 0x800024be (0x000098fd) c.andi  s1, -1
core   0: 3 0x800024be (0x98fd) x9  0x00000020
core   0: 0x800024c0 (0x0000487d) c.li    a6, 31
core   0: 3 0x800024c0 (0x487d) x16 0x0000001f
core   0: 0x800024c2 (0x03f9bdb3) mulhu   s11, s3, t6
core   0: 3 0x800024c2 (0x03f9bdb3) x27 0x00000000
core   0: 0x800024c6 (0x0032d9b3) srl     s3, t0, gp
core   0: 3 0x800024c6 (0x0032d9b3) x19 0xe0000000
core   0: 0x800024ca (0x000091ea) c.add   gp, s10
core   0: 3 0x800024ca (0x91ea) x3  0x00000700
core   0: 0x800024cc (0x011ae263) bltu    s5, a7, pc + 4
core   0: 3 0x800024cc (0x011ae263)
core   0: 0x800024d0 (0x02fe3033) mulhu   zero, t3, a5
core   0: 3 0x800024d0 (0x02fe3033)
core   0: 0x800024d4 (0x405804b3) sub     s1, a6, t0
core   0: 3 0x800024d4 (0x405804b3) x9  0x2000001f
core   0: 0x800024d8 (0x00000565) c.addi  a0, 25
core   0: 3 0x800024d8 (0x0565) x10 0x00000019
core   0: 0x800024da (0x455c2693) slti    a3, s8, 1109
core   0: 3 0x800024da (0x455c2693) x13 0x00000001
core   0: 0x800024de (0x0077fcb3) and     s9, a5, t2
core   0: 3 0x800024de (0x0077fcb3) x25 0x00000000
core   0: 0x800024e2 (0x0378edb3) rem     s11, a7, s7
core   0: 3 0x800024e2 (0x0378edb3) x27 0x000c0000
core   0: 0x800024e6 (0x000085c9) c.srai  a1, 18
core   0: 3 0x800024e6 (0x85c9) x11 0x00000000
core   0: 0x800024e8 (0x01437033) and     zero, t1, s4
core   0: 3 0x800024e8 (0x01437033)
core   0: 0x800024ec (0x01759d33) sll     s10, a1, s7
core   0: 3 0x800024ec (0x01759d33) x26 0x00000000
core   0: 0x800024f0 (0x0000664d) c.lui   a2, 0x13
core   0: 3 0x800024f0 (0x664d) x12 0x00013000
core   0: 0x800024f2 (0x00001dfd) c.addi  s11, -1
core   0: 3 0x800024f2 (0x1dfd) x27 0x000bffff
core   0: 0x800024f4 (0xcaddef97) auipc   t6, 0xcadde
core   0: 3 0x800024f4 (0xcaddef97) x31 0x4ade04f4
core   0: 0x800024f8 (0x021244b3) div     s1, tp, ra
core   0: 3 0x800024f8 (0x021244b3) x9  0x00000000
core   0: 0x800024fc (0xa3670213) addi    tp, a4, -1482
core   0: 3 0x800024fc (0xa3670213) x4  0xfffffa35
core   0: 0x80002500 (0x00e7b633) sltu    a2, a5, a4
core   0: 3 0x80002500 (0x00e7b633) x12 0x00000001
core   0: 0x80002504 (0x0361e433) rem     s0, gp, s6
core   0: 3 0x80002504 (0x0361e433) x8  0x00000700
core   0: 0x80002508 (0x03b3adb3) mulhsu  s11, t2, s11
core   0: 3 0x80002508 (0x03b3adb3) x27 0x00000000
core   0: 0x8000250c (0x03b8de33) divu    t3, a7, s11
core   0: 3 0x8000250c (0x03b8de33) x28 0xffffffff
core   0: 0x80002510 (0x004a1293) slli    t0, s4, 4
core   0: 3 0x80002510 (0x004a1293) x5  0x00480000
core   0: 0x80002514 (0x40d1de33) sra     t3, gp, a3
core   0: 3 0x80002514 (0x40d1de33) x28 0x00000380
core   0: 0x80002518 (0x00008f21) c.xor   a4, s0
core   0: 3 0x80002518 (0x8f21) x14 0xfffff8ff
core   0: 0x8000251a (0x02214463) blt     sp, sp, pc + 40
core   0: 3 0x8000251a (0x02214463)
core   0: 0x8000251e (0x026e5c33) divu    s8, t3, t1
core   0: 3 0x8000251e (0x026e5c33) x24 0x00000003
core   0: 0x80002522 (0x000099fd) c.andi  a1, -1
core   0: 3 0x80002522 (0x99fd) x11 0x00000000
core   0: 0x80002524 (0x00249893) slli    a7, s1, 2
core   0: 3 0x80002524 (0x00249893) x17 0x00000000
core   0: 0x80002528 (0x0111f033) and     zero, gp, a7
core   0: 3 0x80002528 (0x0111f033)
core   0: 0x8000252c (0x029d6933) rem     s2, s10, s1
core   0: 3 0x8000252c (0x029d6933) x18 0x00000000
core   0: 0x80002530 (0x00968763) beq     a3, s1, pc + 14
core   0: 3 0x80002530 (0x00968763)
core   0: 0x80002534 (0x01882d33) slt     s10, a6, s8
core   0: 3 0x80002534 (0x01882d33) x26 0x00000000
core   0: 0x80002538 (0xec9919b7) lui     s3, 0xec991
core   0: 3 0x80002538 (0xec9919b7) x19 0xec991000
core   0: 0x8000253c (0x00008c3d) c.xor   s0, a5
core   0: 3 0x8000253c (0x8c3d) x8  0xffe7fdb7
core   0: 0x8000253e (0x053d8063) beq     s11, s3, pc + 64
core   0: 3 0x8000253e (0x053d8063)
core   0: 0x80002542 (0x00004fed) c.li    t6, 27
core   0: 3 0x80002542 (0x4fed) x31 0x0000001b
core   0: 0x80002544 (0x02bf37b3) mulhu   a5, t5, a1
core   0: 3 0x80002544 (0x02bf37b3) x15 0x00000000
core   0: 0x80002548 (0x02cbe3b3) rem     t2, s7, a2
core   0: 3 0x80002548 (0x02cbe3b3) x7  0x00000000
core   0: 0x8000254c (0x01afd393) srli    t2, t6, 26
core   0: 3 0x8000254c (0x01afd393) x7  0x00000000
core   0: 0x80002550 (0x1c6a7093) andi    ra, s4, 454
core   0: 3 0x80002550 (0x1c6a7093) x1  0x00000000
core   0: 0x80002554 (0x8b16e393) ori     t2, a3, -1871
core   0: 3 0x80002554 (0x8b16e393) x7  0xfffff8b1
core   0: 0x80002558 (0x009fbb33) sltu    s6, t6, s1
core   0: 3 0x80002558 (0x009fbb33) x22 0x00000000
core   0: 0x8000255c (0x0000e309) c.bnez  a4, pc + 2
core   0: 3 0x8000255c (0xe309)
core   0: 0x8000255e (0x00008dc5) c.or    a1, s1
core   0: 3 0x8000255e (0x8dc5) x11 0x00000000
core   0: 0x80002560 (0x000083ed) c.srli  a5, 27
core   0: 3 0x80002560 (0x83ed) x15 0x00000000
core   0: 0x80002562 (0x01c93cb3) sltu    s9, s2, t3
core   0: 3 0x80002562 (0x01c93cb3) x25 0x00000001
core   0: 0x80002566 (0x41cc8db3) sub     s11, s9, t3
core   0: 3 0x80002566 (0x41cc8db3) x27 0xfffffc81
core   0: 0x8000256a (0x0000857e) c.mv    a0, t6
core   0: 3 0x8000256a (0x857e) x10 0x0000001b
core   0: 0x8000256c (0x0000415d) c.li    sp, 23
core   0: 3 0x8000256c (0x415d) x2  0x00000017
core   0: 0x8000256e (0x5e487313) andi    t1, a6, 1508
core   0: 3 0x8000256e (0x5e487313) x6  0x00000004
core   0: 0x80002572 (0x00001ffd) c.addi  t6, -1
core   0: 3 0x80002572 (0x1ffd) x31 0x0000001a
core   0: 0x80002574 (0x01b08fb3) add     t6, ra, s11
core   0: 3 0x80002574 (0x01b08fb3) x31 0xfffffc81
core   0: 0x80002578 (0x01765033) srl     zero, a2, s7
core   0: 3 0x80002578 (0x01765033)
core   0: 0x8000257c (0x0000629d) c.lui   t0, 0x7
core   0: 3 0x8000257c (0x629d) x5  0x00007000
core   0: 0x8000257e (0x02aa7733) remu    a4, s4, a0
core   0: 3 0x8000257e (0x02aa7733) x14 0x00000012
core   0: 0x80002582 (0x000003fe) c.slli  t2, 31
core   0: 3 0x80002582 (0x03fe) x7  0x80000000
core   0: 0x80002584 (0x04aec263) blt     t4, a0, pc + 68
core   0: 3 0x80002584 (0x04aec263)
core   0: 0x800025c8 (0x02579363) bne     a5, t0, pc + 38
core   0: 3 0x800025c8 (0x02579363)
core   0: 0x800025ee (0x01390763) beq     s2, s3, pc + 14
core   0: 3 0x800025ee (0x01390763)
core   0: 0x800025f2 (0x014a5a13) srli    s4, s4, 20
core   0: 3 0x800025f2 (0x014a5a13) x20 0x00000000
core   0: 0x800025f6 (0xe4e12193) slti    gp, sp, -434
core   0: 3 0x800025f6 (0xe4e12193) x3  0x00000000
core   0: 0x800025fa (0x000083e5) c.srli  a5, 25
core   0: 3 0x800025fa (0x83e5) x15 0x00000000
core   0: 0x800025fc (0x00008e09) c.sub   a2, a0
core   0: 3 0x800025fc (0x8e09) x12 0xffffffe6
core   0: 0x800025fe (0x00008e69) c.and   a2, a0
core   0: 3 0x800025fe (0x8e69) x12 0x00000002
core   0: 0x80002600 (0x00009852) c.add   a6, s4
core   0: 3 0x80002600 (0x9852) x16 0x0000001f
core   0: 0x80002602 (0x40658033) sub     zero, a1, t1
core   0: 3 0x80002602 (0x40658033)
core   0: 0x80002606 (0x0000c21d) c.beqz  a2, pc + 38
core   0: 3 0x80002606 (0xc21d)
core   0: 0x80002608 (0x00000001) c.nop
core   0: 3 0x80002608 (0x0001)
core   0: 0x8000260a (0x019f1593) slli    a1, t5, 25
core   0: 3 0x8000260a (0x019f1593) x11 0x48000000
core   0: 0x8000260e (0x80f87b13) andi    s6, a6, -2033
core   0: 3 0x8000260e (0x80f87b13) x22 0x0000000f
core   0: 0x80002612 (0x02524833) div     a6, tp, t0
core   0: 3 0x80002612 (0x02524833) x16 0x00000000
core   0: 0x80002616 (0x4ac00293) li      t0, 1196
core   0: 3 0x80002616 (0x4ac00293) x5  0x000004ac
core   0: 0x8000261a (0x00009b7d) c.andi  a4, -1
core   0: 3 0x8000261a (0x9b7d) x14 0x00000012
core   0: 0x8000261c (0x00000001) c.nop
core   0: 3 0x8000261c (0x0001)
core   0: 0x8000261e (0x0157e463) bltu    a5, s5, pc + 8
core   0: 3 0x8000261e (0x0157e463)
core   0: 0x80002626 (0x000083cd) c.srli  a5, 19
core   0: 3 0x80002626 (0x83cd) x15 0x00000000
core   0: 0x80002628 (0x40055bb3) sra     s7, a0, zero
core   0: 3 0x80002628 (0x40055bb3) x23 0x0000001b
core   0: 0x8000262c (0x00008fee) c.mv    t6, s11
core   0: 3 0x8000262c (0x8fee) x31 0xfffffc81
core   0: 0x8000262e (0x02ff73b3) remu    t2, t5, a5
core   0: 3 0x8000262e (0x02ff73b3) x7  0x80029d24
core   0: 0x80002632 (0x01229d13) slli    s10, t0, 18
core   0: 3 0x80002632 (0x01229d13) x26 0x12b00000
core   0: 0x80002636 (0x00cd4333) xor     t1, s10, a2
core   0: 3 0x80002636 (0x00cd4333) x6  0x12b00002
core   0: 0x8000263a (0x0071e3b3) or      t2, gp, t2
core   0: 3 0x8000263a (0x0071e3b3) x7  0x80029d24
core   0: 0x8000263e (0x02bbda33) divu    s4, s7, a1
core   0: 3 0x8000263e (0x02bbda33) x20 0x00000000
core   0: 0x80002642 (0x01095cb3) srl     s9, s2, a6
core   0: 3 0x80002642 (0x01095cb3) x25 0x00000000
core   0: 0x80002646 (0x409bdb33) sra     s6, s7, s1
core   0: 3 0x80002646 (0x409bdb33) x22 0x0000001b
core   0: 0x8000264a (0x40ef8133) sub     sp, t6, a4
core   0: 3 0x8000264a (0x40ef8133) x2  0xfffffc6f
core   0: 0x8000264e (0x0000170c) c.addi4spn a1, sp, 928
core   0: 3 0x8000264e (0x170c) x11 0x0000000f
core   0: 0x80002650 (0x02660c33) mul     s8, a2, t1
core   0: 3 0x80002650 (0x02660c33) x24 0x25600004
core   0: 0x80002654 (0x0000717d) c.addi16sp sp, -16
core   0: 3 0x80002654 (0x717d) x2  0xfffffc5f
core   0: 0x80002656 (0x03c6d8b3) divu    a7, a3, t3
core   0: 3 0x80002656 (0x03c6d8b3) x17 0x00000000
core   0: 0x8000265a (0x039cfd63) bgeu    s9, s9, pc + 58
core   0: 3 0x8000265a (0x039cfd63)
core   0: 0x80002694 (0x00008bda) c.mv    s7, s6
core   0: 3 0x80002694 (0x8bda) x23 0x0000001b
core   0: 0x80002696 (0x00008ca9) c.xor   s1, a0
core   0: 3 0x80002696 (0x8ca9) x9  0x0000001b
core   0: 0x80002698 (0x0000045a) c.slli  s0, 22
core   0: 3 0x80002698 (0x045a) x8  0x6dc00000
core   0: 0x8000269a (0x00008fb5) c.xor   a5, a3
core   0: 3 0x8000269a (0x8fb5) x15 0x00000001
core   0: 0x8000269c (0x000009da) c.slli  s3, 22
core   0: 3 0x8000269c (0x09da) x19 0x00000000
core   0: 0x8000269e (0x01628963) beq     t0, s6, pc + 18
core   0: 3 0x8000269e (0x01628963)
core   0: 0x800026a2 (0x00006fad) c.lui   t6, 0xb
core   0: 3 0x800026a2 (0x6fad) x31 0x0000b000
core   0: 0x800026a4 (0x41488933) sub     s2, a7, s4
core   0: 3 0x800026a4 (0x41488933) x18 0x00000000
core   0: 0x800026a8 (0x0298e933) rem     s2, a7, s1
core   0: 3 0x800026a8 (0x0298e933) x18 0x00000000
core   0: 0x800026ac (0x0035ae33) slt     t3, a1, gp
core   0: 3 0x800026ac (0x0035ae33) x28 0x00000000
core   0: 0x800026b0 (0x02fe39b3) mulhu   s3, t3, a5
core   0: 3 0x800026b0 (0x02fe39b3) x19 0x00000000
core   0: 0x800026b4 (0xac128093) addi    ra, t0, -1343
core   0: 3 0x800026b4 (0xac128093) x1  0xffffff6d
core   0: 0x800026b8 (0x00006375) c.lui   t1, 0x1d
core   0: 3 0x800026b8 (0x6375) x6  0x0001d000
core   0: 0x800026ba (0x000000d1) c.addi  ra, 20
core   0: 3 0x800026ba (0x00d1) x1  0xffffff81
core   0: 0x800026bc (0x02476063) bltu    a4, tp, pc + 32
core   0: 3 0x800026bc (0x02476063)
core   0: 0x800026dc (0x0089f4b3) and     s1, s3, s0
core   0: 3 0x800026dc (0x0089f4b3) x9  0x00000000
core   0: 0x800026e0 (0x02ed4033) div     zero, s10, a4
core   0: 3 0x800026e0 (0x02ed4033)
core   0: 0x800026e4 (0x0000717d) c.addi16sp sp, -16
core   0: 3 0x800026e4 (0x717d) x2  0xfffffc4f
core   0: 0x800026e6 (0x0000869d) c.srai  a3, 7
core   0: 3 0x800026e6 (0x869d) x13 0x00000000
core   0: 0x800026e8 (0x0000717d) c.addi16sp sp, -16
core   0: 3 0x800026e8 (0x717d) x2  0xfffffc3f
core   0: 0x800026ea (0x0013d263) bge     t2, ra, pc + 4
core   0: 3 0x800026ea (0x0013d263)
core   0: 0x800026ee (0x03689b33) mulh    s6, a7, s6
core   0: 3 0x800026ee (0x03689b33) x22 0x00000000
core   0: 0x800026f2 (0x00125133) srl     sp, tp, ra
core   0: 3 0x800026f2 (0x00125133) x2  0x7ffffd1a
core   0: 0x800026f6 (0x000f1263) bnez    t5, pc + 4
core   0: 3 0x800026f6 (0x000f1263)
core   0: 0x800026fa (0x037d1e63) bne     s10, s7, pc + 60
core   0: 3 0x800026fa (0x037d1e63)
core   0: 0x80002736 (0x01097463) bgeu    s2, a6, pc + 8
core   0: 3 0x80002736 (0x01097463)
core   0: 0x8000273e (0x00008c69) c.and   s0, a0
core   0: 3 0x8000273e (0x8c69) x8  0x00000000
core   0: 0x80002740 (0x00008405) c.srai  s0, 1
core   0: 3 0x80002740 (0x8405) x8  0x00000000
core   0: 0x80002742 (0x02aa6db3) rem     s11, s4, a0
core   0: 3 0x80002742 (0x02aa6db3) x27 0x00000000
core   0: 0x80002746 (0x01526d33) or      s10, tp, s5
core   0: 3 0x80002746 (0x01526d33) x26 0xfffffa3d
core   0: 0x8000274a (0x000098c6) c.add   a7, a7
core   0: 3 0x8000274a (0x98c6) x17 0x00000000
core   0: 0x8000274c (0x00008e25) c.xor   a2, s1
core   0: 3 0x8000274c (0x8e25) x12 0x00000002
core   0: 0x8000274e (0x0000e419) c.bnez  s0, pc + 14
core   0: 3 0x8000274e (0xe419)
core   0: 0x80002750 (0x77f96413) ori     s0, s2, 1919
core   0: 3 0x80002750 (0x77f96413) x8  0x0000077f
core   0: 0x80002754 (0x01865393) srli    t2, a2, 24
core   0: 3 0x80002754 (0x01865393) x7  0x00000000
core   0: 0x80002758 (0x40fa5db3) sra     s11, s4, a5
core   0: 3 0x80002758 (0x40fa5db3) x27 0x00000000
core   0: 0x8000275c (0x0000c791) c.beqz  a5, pc + 12
core   0: 3 0x8000275c (0xc791)
core   0: 0x8000275e (0x00008c11) c.sub   s0, a2
core   0: 3 0x8000275e (0x8c11) x8  0x0000077d
core   0: 0x80002760 (0x00009d5e) c.add   s10, s7
core   0: 3 0x80002760 (0x9d5e) x26 0xfffffa58
core   0: 0x80002762 (0x00008e81) c.sub   a3, s0
core   0: 3 0x80002762 (0x8e81) x13 0xfffff883
core   0: 0x80002764 (0x029b4bb3) div     s7, s6, s1
core   0: 3 0x80002764 (0x029b4bb3) x23 0xffffffff
core   0: 0x80002768 (0x048b0163) beq     s6, s0, pc + 66
core   0: 3 0x80002768 (0x048b0163)
core   0: 0x8000276c (0x00000876) c.slli  a6, 29
core   0: 3 0x8000276c (0x0876) x16 0x00000000
core   0: 0x8000276e (0xe847b193) sltiu   gp, a5, -380
core   0: 3 0x8000276e (0xe847b193) x3  0x00000001
core   0: 0x80002772 (0x017d20b3) slt     ra, s10, s7
core   0: 3 0x80002772 (0x017d20b3) x1  0x00000001
core   0: 0x80002776 (0x41cf56b3) sra     a3, t5, t3
core   0: 3 0x80002776 (0x41cf56b3) x13 0x80029d24
core   0: 0x8000277a (0x00000001) c.nop
core   0: 3 0x8000277a (0x0001)
core   0: 0x8000277c (0x49d1b413) sltiu   s0, gp, 1181
core   0: 3 0x8000277c (0x49d1b413) x8  0x00000001
core   0: 0x80002780 (0x0141f2b3) and     t0, gp, s4
core   0: 3 0x80002780 (0x0141f2b3) x5  0x00000000
core   0: 0x80002784 (0x0000c089) c.beqz  s1, pc + 2
core   0: 3 0x80002784 (0xc089)
core   0: 0x80002786 (0x40d982b3) sub     t0, s3, a3
core   0: 3 0x80002786 (0x40d982b3) x5  0x7ffd62dc
core   0: 0x8000278a (0x015b7c63) bgeu    s6, s5, pc + 24
core   0: 3 0x8000278a (0x015b7c63)
core   0: 0x8000278e (0x03dd1363) bne     s10, t4, pc + 38
core   0: 3 0x8000278e (0x03dd1363)
core   0: 0x800027b4 (0x0000847d) c.srai  s0, 31
core   0: 3 0x800027b4 (0x847d) x8  0x00000000
core   0: 0x800027b6 (0x89a93d13) sltiu   s10, s2, -1894
core   0: 3 0x800027b6 (0x89a93d13) x26 0x00000001
core   0: 0x800027ba (0x0000987d) c.andi  s0, -1
core   0: 3 0x800027ba (0x987d) x8  0x00000000
core   0: 0x800027bc (0x00008fb1) c.xor   a5, a2
core   0: 3 0x800027bc (0x8fb1) x15 0x00000003
core   0: 0x800027be (0x00000001) c.nop
core   0: 3 0x800027be (0x0001)
core   0: 0x800027c0 (0x00008336) c.mv    t1, a3
core   0: 3 0x800027c0 (0x8336) x6  0x80029d24
core   0: 0x800027c2 (0x02bf4e33) div     t3, t5, a1
core   0: 3 0x800027c2 (0x02bf4e33) x28 0xf777a414
core   0: 0x800027c6 (0x00008d45) c.or    a0, s1
core   0: 3 0x800027c6 (0x8d45) x10 0x0000001b
core   0: 0x800027c8 (0x00918463) beq     gp, s1, pc + 8
core   0: 3 0x800027c8 (0x00918463)
core   0: 0x800027cc (0x05c47063) bgeu    s0, t3, pc + 64
core   0: 3 0x800027cc (0x05c47063)
core   0: 0x800027d0 (0x00000001) c.nop
core   0: 3 0x800027d0 (0x0001)
core   0: 0x800027d2 (0x03528563) beq     t0, s5, pc + 42
core   0: 3 0x800027d2 (0x03528563)
core   0: 0x800027d6 (0x000087d1) c.srai  a5, 20
core   0: 3 0x800027d6 (0x87d1) x15 0x00000000
core   0: 0x800027d8 (0x029e6363) bltu    t3, s1, pc + 38
core   0: 3 0x800027d8 (0x029e6363)
core   0: 0x800027dc (0x0000597d) c.li    s2, -1
core   0: 3 0x800027dc (0x597d) x18 0xffffffff
core   0: 0x800027de (0x0071c833) xor     a6, gp, t2
core   0: 3 0x800027de (0x0071c833) x16 0x00000001
core   0: 0x800027e2 (0x00008e81) c.sub   a3, s0
core   0: 3 0x800027e2 (0x8e81) x13 0x80029d24
core   0: 0x800027e4 (0x02226263) bltu    tp, sp, pc + 36
core   0: 3 0x800027e4 (0x02226263)
core   0: 0x800027e8 (0x01a5d693) srli    a3, a1, 26
core   0: 3 0x800027e8 (0x01a5d693) x13 0x00000000
core   0: 0x800027ec (0x00008ef9) c.and   a3, a4
core   0: 3 0x800027ec (0x8ef9) x13 0x00000000
core   0: 0x800027ee (0x03edfa63) bgeu    s11, t5, pc + 52
core   0: 3 0x800027ee (0x03edfa63)
core   0: 0x800027f2 (0x01861263) bne     a2, s8, pc + 4
core   0: 3 0x800027f2 (0x01861263)
core   0: 0x800027f6 (0x00008e39) c.xor   a2, a4
core   0: 3 0x800027f6 (0x8e39) x12 0x00000010
core   0: 0x800027f8 (0x002e4d33) xor     s10, t3, sp
core   0: 3 0x800027f8 (0x002e4d33) x26 0x8888590e
core   0: 0x800027fc (0x00008d79) c.and   a0, a4
core   0: 3 0x800027fc (0x8d79) x10 0x00000012
core   0: 0x800027fe (0x00605263) bge     zero, t1, pc + 4
core   0: 3 0x800027fe (0x00605263)
core   0: 0x80002802 (0x40e15233) sra     tp, sp, a4
core   0: 3 0x80002802 (0x40e15233) x4  0x00001fff
core   0: 0x80002806 (0x00008439) c.srai  s0, 14
core   0: 3 0x80002806 (0x8439) x8  0x00000000
core   0: 0x80002808 (0x02821363) bne     tp, s0, pc + 38
core   0: 3 0x80002808 (0x02821363)
core   0: 0x8000282e (0x3cfbbb93) sltiu   s7, s7, 975
core   0: 3 0x8000282e (0x3cfbbb93) x23 0x00000000
core   0: 0x80002832 (0x006b4763) blt     s6, t1, pc + 14
core   0: 3 0x80002832 (0x006b4763)
core   0: 0x80002836 (0x03fbcc63) blt     s7, t6, pc + 56
core   0: 3 0x80002836 (0x03fbcc63)
core   0: 0x8000286e (0x0164ccb3) xor     s9, s1, s6
core   0: 3 0x8000286e (0x0164ccb3) x25 0x00000000
core   0: 0x80002872 (0x0000867d) c.srai  a2, 31
core   0: 3 0x80002872 (0x867d) x12 0x00000000
core   0: 0x80002874 (0x00001110) c.addi4spn a2, sp, 160
core   0: 3 0x80002874 (0x1110) x12 0x7ffffdba
core   0: 0x80002876 (0x00f76663) bltu    a4, a5, pc + 12
core   0: 3 0x80002876 (0x00f76663)
core   0: 0x8000287a (0x08a56163) bltu    a0, a0, pc + 130
core   0: 3 0x8000287a (0x08a56163)
core   0: 0x8000287e (0x53bb9737) lui     a4, 0x53bb9
core   0: 3 0x8000287e (0x53bb9737) x14 0x53bb9000
core   0: 0x80002882 (0x00008b0e) c.mv    s6, gp
core   0: 3 0x80002882 (0x8b0e) x22 0x00000001
core   0: 0x80002884 (0x0000717d) c.addi16sp sp, -16
core   0: 3 0x80002884 (0x717d) x2  0x7ffffd0a
core   0: 0x80002886 (0x03f62cb3) mulhsu  s9, a2, t6
core   0: 3 0x80002886 (0x03f62cb3) x25 0x000057ff
core   0: 0x8000288a (0x0339fcb3) remu    s9, s3, s3
core   0: 3 0x8000288a (0x0339fcb3) x25 0x00000000
core   0: 0x8000288e (0x00008e69) c.and   a2, a0
core   0: 3 0x8000288e (0x8e69) x12 0x00000012
core   0: 0x80002890 (0x018ad493) srli    s1, s5, 24
core   0: 3 0x80002890 (0x018ad493) x9  0x00000000
core   0: 0x80002894 (0x0001b117) auipc   sp, 0x1b
core   0: 3 0x80002894 (0x0001b117) x2  0x8001d894
core   0: 0x80002898 (0x40310113) addi    sp, sp, 1027
core   0: 3 0x80002898 (0x40310113) x2  0x8001dc97
core   0: 0x8000289c (0xb8a14303) lbu     t1, -1142(sp)
core   0: 3 0x8000289c (0xb8a14303) x6  0x00000000 mem 0x8001d821
core   0: 0x800028a0 (0xb8a10d03) lb      s10, -1142(sp)
core   0: 3 0x800028a0 (0xb8a10d03) x26 0x00000000 mem 0x8001d821
core   0: 0x800028a4 (0xb8310523) sb      gp, -1142(sp)
core   0: 3 0x800028a4 (0xb8310523) mem 0x8001d821 0x01
core   0: 0x800028a8 (0x5ad15283) lhu     t0, 1453(sp)
core   0: 3 0x800028a8 (0x5ad15283) x5  0x00000000 mem 0x8001e244
core   0: 0x800028ac (0x5ba116a3) sh      s10, 1453(sp)
core   0: 3 0x800028ac (0x5ba116a3) mem 0x8001e244 0x0000
core   0: 0x800028b0 (0x5ad10b83) lb      s7, 1453(sp)
core   0: 3 0x800028b0 (0x5ad10b83) x23 0x00000000 mem 0x8001e244
core   0: 0x800028b4 (0x5ad11503) lh      a0, 1453(sp)
core   0: 3 0x800028b4 (0x5ad11503) x10 0x00000000 mem 0x8001e244
core   0: 0x800028b8 (0x5ad14883) lbu     a7, 1453(sp)
core   0: 3 0x800028b8 (0x5ad14883) x17 0x00000000 mem 0x8001e244
core   0: 0x800028bc (0x5ad14203) lbu     tp, 1453(sp)
core   0: 3 0x800028bc (0x5ad14203) x4  0x00000000 mem 0x8001e244
core   0: 0x800028c0 (0x5ad11b83) lh      s7, 1453(sp)
core   0: 3 0x800028c0 (0x5ad11b83) x23 0x00000000 mem 0x8001e244
core   0: 0x800028c4 (0x5ad11703) lh      a4, 1453(sp)
core   0: 3 0x800028c4 (0x5ad11703) x14 0x00000000 mem 0x8001e244
core   0: 0x800028c8 (0x5ad10e03) lb      t3, 1453(sp)
core   0: 3 0x800028c8 (0x5ad10e03) x28 0x00000000 mem 0x8001e244
core   0: 0x800028cc (0x5aa126a3) sw      a0, 1453(sp)
core   0: 3 0x800028cc (0x5aa126a3) mem 0x8001e244 0x00000000
core   0: 0x800028d0 (0x5ad14703) lbu     a4, 1453(sp)
core   0: 3 0x800028d0 (0x5ad14703) x14 0x00000000 mem 0x8001e244
core   0: 0x800028d4 (0x02597e33) remu    t3, s2, t0
core   0: 3 0x800028d4 (0x02597e33) x28 0xffffffff
core   0: 0x800028d8 (0x00008efd) c.and   a3, a5
core   0: 3 0x800028d8 (0x8efd) x13 0x00000000
core   0: 0x800028da (0x5ad15b83) lhu     s7, 1453(sp)
core   0: 3 0x800028da (0x5ad15b83) x23 0x00000000 mem 0x8001e244
core   0: 0x800028de (0x5ad14183) lbu     gp, 1453(sp)
core   0: 3 0x800028de (0x5ad14183) x3  0x00000000 mem 0x8001e244
core   0: 0x800028e2 (0x035c9fb3) mulh    t6, s9, s5
core   0: 3 0x800028e2 (0x035c9fb3) x31 0x00000000
core   0: 0x800028e6 (0x374f7017) auipc   zero, 0x374f7
core   0: 3 0x800028e6 (0x374f7017)
core   0: 0x800028ea (0x2f444593) xori    a1, s0, 756
core   0: 3 0x800028ea (0x2f444593) x11 0x000002f4
core   0: 0x800028ee (0x03a06e33) rem     t3, zero, s10
core   0: 3 0x800028ee (0x03a06e33) x28 0x00000000
core   0: 0x800028f2 (0x00008caa) c.mv    s9, a0
core   0: 3 0x800028f2 (0x8caa) x25 0x00000000
core   0: 0x800028f4 (0x00008c05) c.sub   s0, s1
core   0: 3 0x800028f4 (0x8c05) x8  0x00000000
core   0: 0x800028f6 (0x0091dc13) srli    s8, gp, 9
core   0: 3 0x800028f6 (0x0091dc13) x24 0x00000000
core   0: 0x800028fa (0x0000ea0d) c.bnez  a2, pc + 50
core   0: 3 0x800028fa (0xea0d)
core   0: 0x8000292c (0x01107fb3) and     t6, zero, a7
core   0: 3 0x8000292c (0x01107fb3) x31 0x00000000
core   0: 0x80002930 (0x5f772913) slti    s2, a4, 1527
core   0: 3 0x80002930 (0x5f772913) x18 0x00000001
core   0: 0x80002934 (0x902ae813) ori     a6, s5, -1790
core   0: 3 0x80002934 (0x902ae813) x16 0xfffff90a
core   0: 0x80002938 (0x01d8f363) bgeu    a7, t4, pc + 6
core   0: 3 0x80002938 (0x01d8f363)
core   0: 0x8000293c (0x00008e65) c.and   a2, s1
core   0: 3 0x8000293c (0x8e65) x12 0x00000000
core   0: 0x8000293e (0xd2598093) addi    ra, s3, -731
core   0: 3 0x8000293e (0xd2598093) x1  0xfffffd25
core   0: 0x80002942 (0x003f6263) bltu    t5, gp, pc + 4
core   0: 3 0x80002942 (0x003f6263)
core   0: 0x80002946 (0x015152b3) srl     t0, sp, s5
core   0: 3 0x80002946 (0x015152b3) x5  0x008001dc
core   0: 0x8000294a (0x00c925b3) slt     a1, s2, a2
core   0: 3 0x8000294a (0x00c925b3) x11 0x00000000
core   0: 0x8000294e (0x00008f7d) c.and   a4, a5
core   0: 3 0x8000294e (0x8f7d) x14 0x00000000
core   0: 0x80002950 (0x00000c08) c.addi4spn a0, sp, 528
core   0: 3 0x80002950 (0x0c08) x10 0x8001dea7
core   0: 0x80002952 (0xcbd8e413) ori     s0, a7, -835
core   0: 3 0x80002952 (0xcbd8e413) x8  0xfffffcbd
core   0: 0x80002956 (0x0000c095) c.beqz  s1, pc + 36
core   0: 3 0x80002956 (0xc095)
core   0: 0x8000297a (0x00000e3e) c.slli  t3, 15
core   0: 3 0x8000297a (0x0e3e) x28 0x00000000
core   0: 0x8000297c (0x00008609) c.srai  a2, 2
core   0: 3 0x8000297c (0x8609) x12 0x00000000
core   0: 0x8000297e (0x010909b3) add     s3, s2, a6
core   0: 3 0x8000297e (0x010909b3) x19 0xfffff90b
core   0: 0x80002982 (0x0000628d) c.lui   t0, 0x3
core   0: 3 0x80002982 (0x628d) x5  0x00003000
core   0: 0x80002984 (0x00008eed) c.and   a3, a1
core   0: 3 0x80002984 (0x8eed) x13 0x00000000
core   0: 0x80002986 (0x02fa03b3) mul     t2, s4, a5
core   0: 3 0x80002986 (0x02fa03b3) x7  0x00000000
core   0: 0x8000298a (0x41ced613) srai    a2, t4, 28
core   0: 3 0x8000298a (0x41ced613) x12 0xfffffff8
core   0: 0x8000298e (0x00008d21) c.xor   a0, s0
core   0: 3 0x8000298e (0x8d21) x10 0x7ffe221a
core   0: 0x80002990 (0x22c96813) ori     a6, s2, 556
core   0: 3 0x80002990 (0x22c96813) x16 0x0000022d
core   0: 0x80002994 (0x00000d10) c.addi4spn a2, sp, 656
core   0: 3 0x80002994 (0x0d10) x12 0x8001df27
core   0: 0x80002996 (0x03fc6633) rem     a2, s8, t6
core   0: 3 0x80002996 (0x03fc6633) x12 0x00000000
core   0: 0x8000299a (0x000082dd) c.srli  a3, 23
core   0: 3 0x8000299a (0x82dd) x13 0x00000000
core   0: 0x8000299c (0xd4eadc17) auipc   s8, 0xd4ead
core   0: 3 0x8000299c (0xd4eadc17) x24 0x54eaf99c
core   0: 0x800029a0 (0x00001c90) c.addi4spn a2, sp, 624
core   0: 3 0x800029a0 (0x1c90) x12 0x8001df07
core   0: 0x800029a2 (0x40f38b33) sub     s6, t2, a5
core   0: 3 0x800029a2 (0x40f38b33) x22 0x00000000
core   0: 0x800029a6 (0x0203a2b3) mulhsu  t0, t2, zero
core   0: 3 0x800029a6 (0x0203a2b3) x5  0x00000000
core   0: 0x800029aa (0x40975a33) sra     s4, a4, s1
core   0: 3 0x800029aa (0x40975a33) x20 0x00000000
core   0: 0x800029ae (0xc0f5ca13) xori    s4, a1, -1009
core   0: 3 0x800029ae (0xc0f5ca13) x20 0xfffffc0f
core   0: 0x800029b2 (0x041b4163) blt     s6, ra, pc + 66
core   0: 3 0x800029b2 (0x041b4163)
core   0: 0x800029b6 (0x032fe363) bltu    t6, s2, pc + 38
core   0: 3 0x800029b6 (0x032fe363)
core   0: 0x800029dc (0x40368e33) sub     t3, a3, gp
core   0: 3 0x800029dc (0x40368e33) x28 0x00000000
core   0: 0x800029e0 (0x000014fd) c.addi  s1, -1
core   0: 3 0x800029e0 (0x14fd) x9  0xffffffff
core   0: 0x800029e2 (0x022568b3) rem     a7, a0, sp
core   0: 3 0x800029e2 (0x022568b3) x17 0x7ffe221a
core   0: 0x800029e6 (0x02ec1bb3) mulh    s7, s8, a4
core   0: 3 0x800029e6 (0x02ec1bb3) x23 0x00000000
core   0: 0x800029ea (0x00bd9563) bne     s11, a1, pc + 10
core   0: 3 0x800029ea (0x00bd9563)
core   0: 0x800029ee (0x01911033) sll     zero, sp, s9
core   0: 3 0x800029ee (0x01911033)
core   0: 0x800029f2 (0x00008fad) c.xor   a5, a1
core   0: 3 0x800029f2 (0x8fad) x15 0x00000000
core   0: 0x800029f4 (0x026e67b3) rem     a5, t3, t1
core   0: 3 0x800029f4 (0x026e67b3) x15 0x00000000
core   0: 0x800029f8 (0x02723fb3) mulhu   t6, tp, t2
core   0: 3 0x800029f8 (0x02723fb3) x31 0x00000000
core   0: 0x800029fc (0x00009456) c.add   s0, s5
core   0: 3 0x800029fc (0x9456) x8  0xfffffcc5
core   0: 0x800029fe (0x03445bb3) divu    s7, s0, s4
core   0: 3 0x800029fe (0x03445bb3) x23 0x00000001
core   0: 0x80002a02 (0x015d4cb3) xor     s9, s10, s5
core   0: 3 0x80002a02 (0x015d4cb3) x25 0x00000008
core   0: 0x80002a06 (0x45238593) addi    a1, t2, 1106
core   0: 3 0x80002a06 (0x45238593) x11 0x00000452
core   0: 0x80002a0a (0x00008f91) c.sub   a5, a2
core   0: 3 0x80002a0a (0x8f91) x15 0x7ffe20f9
core   0: 0x80002a0c (0xee1c4b93) xori    s7, s8, -287
core   0: 3 0x80002a0c (0xee1c4b93) x23 0xab15077d
core   0: 0x80002a10 (0xcecd6013) ori     zero, s10, -788
core   0: 3 0x80002a10 (0xcecd6013)
core   0: 0x80002a14 (0x00008fed) c.and   a5, a1
core   0: 3 0x80002a14 (0x8fed) x15 0x00000050
core   0: 0x80002a16 (0x00000001) c.nop
core   0: 3 0x80002a16 (0x0001)
core   0: 0x80002a18 (0x031aa9b3) mulhsu  s3, s5, a7
core   0: 3 0x80002a18 (0x031aa9b3) x19 0x00000003
core   0: 0x80002a1c (0x16e7b813) sltiu   a6, a5, 366
core   0: 3 0x80002a1c (0x16e7b813) x16 0x00000001
core   0: 0x80002a20 (0x0321c733) div     a4, gp, s2
core   0: 3 0x80002a20 (0x0321c733) x14 0x00000000
core   0: 0x80002a24 (0x0121c433) xor     s0, gp, s2
core   0: 3 0x80002a24 (0x0121c433) x8  0x00000001
core   0: 0x80002a28 (0x018f9633) sll     a2, t6, s8
core   0: 3 0x80002a28 (0x018f9633) x12 0x00000000
core   0: 0x80002a2c (0x6d173413) sltiu   s0, a4, 1745
core   0: 3 0x80002a2c (0x6d173413) x8  0x00000001
core   0: 0x80002a30 (0x0000c60d) c.beqz  a2, pc + 42
core   0: 3 0x80002a30 (0xc60d)
core   0: 0x80002a5a (0x00753833) sltu    a6, a0, t2
core   0: 3 0x80002a5a (0x00753833) x16 0x00000000
core   0: 0x80002a5e (0x0000877a) c.mv    a4, t5
core   0: 3 0x80002a5e (0x877a) x14 0x80029d24
core   0: 0x80002a60 (0x01ada7b3) slt     a5, s11, s10
core   0: 3 0x80002a60 (0x01ada7b3) x15 0x00000000
core   0: 0x80002a64 (0x01b7c263) blt     a5, s11, pc + 4
core   0: 3 0x80002a64 (0x01b7c263)
core   0: 0x80002a68 (0x00000001) c.nop
core   0: 3 0x80002a68 (0x0001)
core   0: 0x80002a6a (0x00008f4d) c.or    a4, a1
core   0: 3 0x80002a6a (0x8f4d) x14 0x80029d76
core   0: 0x80002a6c (0x00000f9d) c.addi  t6, 7
core   0: 3 0x80002a6c (0x0f9d) x31 0x00000007
core   0: 0x80002a6e (0x3b42be37) lui     t3, 0x3b42b
core   0: 3 0x80002a6e (0x3b42be37) x28 0x3b42b000
core   0: 0x80002a72 (0x00f60663) beq     a2, a5, pc + 12
core   0: 3 0x80002a72 (0x00f60663)
core   0: 0x80002a7e (0x00cb32b3) sltu    t0, s6, a2
core   0: 3 0x80002a7e (0x00cb32b3) x5  0x00000000
core   0: 0x80002a82 (0x1fdbbd13) sltiu   s10, s7, 509
core   0: 3 0x80002a82 (0x1fdbbd13) x26 0x00000000
core   0: 0x80002a86 (0x0000057e) c.slli  a0, 31
core   0: 3 0x80002a86 (0x057e) x10 0x00000000
core   0: 0x80002a88 (0x0000cc1d) c.beqz  s0, pc + 62
core   0: 3 0x80002a88 (0xcc1d)
core   0: 0x80002a8a (0x00008c71) c.and   s0, a2
core   0: 3 0x80002a8a (0x8c71) x8  0x00000000
core   0: 0x80002a8c (0x00000001) c.nop
core   0: 3 0x80002a8c (0x0001)
core   0: 0x80002a8e (0x419a02b3) sub     t0, s4, s9
core   0: 3 0x80002a8e (0x419a02b3) x5  0xfffffc07
core   0: 0x80002a92 (0x00000001) c.nop
core   0: 3 0x80002a92 (0x0001)
core   0: 0x80002a94 (0x00000b2a) c.slli  s6, 10
core   0: 3 0x80002a94 (0x0b2a) x22 0x00000000
core   0: 0x80002a96 (0x41e55113) srai    sp, a0, 30
core   0: 3 0x80002a96 (0x41e55113) x2  0x00000000
core   0: 0x80002a9a (0x02068333) mul     t1, a3, zero
core   0: 3 0x80002a9a (0x02068333) x6  0x00000000
core   0: 0x80002a9e (0x00491293) slli    t0, s2, 4
core   0: 3 0x80002a9e (0x00491293) x5  0x00000010
core   0: 0x80002aa2 (0x02e1cb63) blt     gp, a4, pc + 54
core   0: 3 0x80002aa2 (0x02e1cb63)
core   0: 0x80002aa6 (0x02105d33) divu    s10, zero, ra
core   0: 3 0x80002aa6 (0x02105d33) x26 0x00000000
core   0: 0x80002aaa (0x04d37163) bgeu    t1, a3, pc + 66
core   0: 3 0x80002aaa (0x04d37163)
core   0: 0x80002aec (0x00001688) c.addi4spn a0, sp, 864
core   0: 3 0x80002aec (0x1688) x10 0x00000360
core   0: 0x80002aee (0x003ca133) slt     sp, s9, gp
core   0: 3 0x80002aee (0x003ca133) x2  0x00000000
core   0: 0x80002af2 (0x001cc3b3) xor     t2, s9, ra
core   0: 3 0x80002af2 (0x001cc3b3) x7  0xfffffd2d
core   0: 0x80002af6 (0x0122fb33) and     s6, t0, s2
core   0: 3 0x80002af6 (0x0122fb33) x22 0x00000000
core   0: 0x80002afa (0x00be9533) sll     a0, t4, a1
core   0: 3 0x80002afa (0x00be9533) x10 0x7a900000
core   0: 0x80002afe (0x0000587d) c.li    a6, -1
core   0: 3 0x80002afe (0x587d) x16 0xffffffff
core   0: 0x80002b00 (0x41995d33) sra     s10, s2, s9
core   0: 3 0x80002b00 (0x41995d33) x26 0x00000000
core   0: 0x80002b04 (0x0166b8b3) sltu    a7, a3, s6
core   0: 3 0x80002b04 (0x0166b8b3) x17 0x00000000
core   0: 0x80002b08 (0x00000e2e) c.slli  t3, 11
core   0: 3 0x80002b08 (0x0e2e) x28 0x15800000
core   0: 0x80002b0a (0x01166933) or      s2, a2, a7
core   0: 3 0x80002b0a (0x01166933) x18 0x00000000
core   0: 0x80002b0e (0x010d8363) beq     s11, a6, pc + 6
core   0: 3 0x80002b0e (0x010d8363)
core   0: 0x80002b12 (0x00006139) c.addi16sp sp, 448
core   0: 3 0x80002b12 (0x6139) x2  0x000001c0
core   0: 0x80002b14 (0x00ad7a33) and     s4, s10, a0
core   0: 3 0x80002b14 (0x00ad7a33) x20 0x00000000
core   0: 0x80002b18 (0x000006ee) c.slli  a3, 27
core   0: 3 0x80002b18 (0x06ee) x13 0x00000000
core   0: 0x80002b1a (0x20ad4493) xori    s1, s10, 522
core   0: 3 0x80002b1a (0x20ad4493) x9  0x0000020a
core   0: 0x80002b1e (0x00008d2d) c.xor   a0, a1
core   0: 3 0x80002b1e (0x8d2d) x10 0x7a900452
core   0: 0x80002b20 (0x455ae613) ori     a2, s5, 1109
core   0: 3 0x80002b20 (0x455ae613) x12 0x0000045d
core   0: 0x80002b24 (0x00000001) c.nop
core   0: 3 0x80002b24 (0x0001)
core   0: 0x80002b26 (0x00008505) c.srai  a0, 1
core   0: 3 0x80002b26 (0x8505) x10 0x3d480229
core   0: 0x80002b28 (0x000062c9) c.lui   t0, 0x12
core   0: 3 0x80002b28 (0x62c9) x5  0x00012000
core   0: 0x80002b2a (0x0167c733) xor     a4, a5, s6
core   0: 3 0x80002b2a (0x0167c733) x14 0x00000000
core   0: 0x80002b2e (0x00428d63) beq     t0, tp, pc + 26
core   0: 3 0x80002b2e (0x00428d63)
core   0: 0x80002b32 (0x010bd233) srl     tp, s7, a6
core   0: 3 0x80002b32 (0x010bd233) x4  0x00000001
core   0: 0x80002b36 (0x00008c59) c.or    s0, a4
core   0: 3 0x80002b36 (0x8c59) x8  0x00000000
core   0: 0x80002b38 (0x00087d33) and     s10, a6, zero
core   0: 3 0x80002b38 (0x00087d33) x26 0x00000000
core   0: 0x80002b3c (0x404357b3) sra     a5, t1, tp
core   0: 3 0x80002b3c (0x404357b3) x15 0x00000000
core   0: 0x80002b40 (0x012a67b3) or      a5, s4, s2
core   0: 3 0x80002b40 (0x012a67b3) x15 0x00000000
core   0: 0x80002b44 (0x01aee333) or      t1, t4, s10
core   0: 3 0x80002b44 (0x01aee333) x6  0x80025ea4
core   0: 0x80002b48 (0x02aff033) remu    zero, t6, a0
core   0: 3 0x80002b48 (0x02aff033)
core   0: 0x80002b4c (0x05230d63) beq     t1, s2, pc + 90
core   0: 3 0x80002b4c (0x05230d63)
core   0: 0x80002b50 (0x0142db33) srl     s6, t0, s4
core   0: 3 0x80002b50 (0x0142db33) x22 0x00012000
core   0: 0x80002b54 (0x00000001) c.nop
core   0: 3 0x80002b54 (0x0001)
core   0: 0x80002b56 (0x00008151) c.srli  a0, 20
core   0: 3 0x80002b56 (0x8151) x10 0x000003d4
core   0: 0x80002b58 (0x00001c1c) c.addi4spn a5, sp, 560
core   0: 3 0x80002b58 (0x1c1c) x15 0x000003f0
core   0: 0x80002b5a (0x00000ff5) c.addi  t6, 29
core   0: 3 0x80002b5a (0x0ff5) x31 0x00000024
core   0: 0x80002b5c (0x00008ea5) c.xor   a3, s1
core   0: 3 0x80002b5c (0x8ea5) x13 0x0000020a
core   0: 0x80002b5e (0x010d5b93) srli    s7, s10, 16
core   0: 3 0x80002b5e (0x010d5b93) x23 0x00000000
core   0: 0x80002b62 (0x006000ef) jal     pc + 0x6
core   0: 3 0x80002b62 (0x006000ef) x1  0x80002b66
core   0: 0x80002b68 (0x004000ef) jal     pc + 0x4
core   0: 3 0x80002b68 (0x004000ef) x1  0x80002b6c
core   0: 0x80002b6c (0x0000a01d) c.j     pc + 38
core   0: 3 0x80002b6c (0xa01d)
core   0: 0x80002b92 (0x00003fd1) c.jal   pc - 44
core   0: 3 0x80002b92 (0x3fd1) x1  0x80002b94
core   0: 0x80002b66 (0x00002029) c.jal   pc + 10
core   0: 3 0x80002b66 (0x2029) x1  0x80002b68
core   0: 0x80002b70 (0x0000a809) c.j     pc + 18
core   0: 3 0x80002b70 (0xa809)
core   0: 0x80002b82 (0x00002011) c.jal   pc + 4
core   0: 3 0x80002b82 (0x2011) x1  0x80002b84
core   0: 0x80002b86 (0x0000a009) c.j     pc + 2
core   0: 3 0x80002b86 (0xa009)
core   0: 0x80002b88 (0x000037fd) c.jal   pc - 18
core   0: 3 0x80002b88 (0x37fd) x1  0x80002b8a
core   0: 0x80002b76 (0x01e002ef) jal     t0, pc + 0x1e
core   0: 3 0x80002b76 (0x01e002ef) x5  0x80002b7a
core   0: 0x80002b94 (0xffbff0ef) jal     pc - 0x6
core   0: 3 0x80002b94 (0xffbff0ef) x1  0x80002b98
core   0: 0x80002b8e (0xffdff0ef) jal     pc - 0x4
core   0: 3 0x80002b8e (0xffdff0ef) x1  0x80002b92
core   0: 0x80002b8a (0x00003fed) c.jal   pc - 6
core   0: 3 0x80002b8a (0x3fed) x1  0x80002b8c
core   0: 0x80002b84 (0x0000a021) c.j     pc + 8
core   0: 3 0x80002b84 (0xa021)
core   0: 0x80002b8c (0x0000bfcd) c.j     pc - 14
core   0: 3 0x80002b8c (0xbfcd)
core   0: 0x80002b7e (0xff5ff0ef) jal     pc - 0xc
core   0: 3 0x80002b7e (0xff5ff0ef) x1  0x80002b82
core   0: 0x80002b72 (0xffdff56f) jal     a0, pc - 0x4
core   0: 3 0x80002b72 (0xffdff56f) x10 0x80002b76
core   0: 0x80002b6e (0x0000a031) c.j     pc + 12
core   0: 3 0x80002b6e (0xa031)
core   0: 0x80002b7a (0x01e000ef) jal     pc + 0x1e
core   0: 3 0x80002b7a (0x01e000ef) x1  0x80002b7e
core   0: 0x80002b98 (0xf419a393) slti    t2, s3, -191
core   0: 3 0x80002b98 (0xf419a393) x7  0x00000000
core   0: 0x80002b9c (0x01768263) beq     a3, s7, pc + 4
core   0: 3 0x80002b9c (0x01768263)
core   0: 0x80002ba0 (0x022ec8b3) div     a7, t4, sp
core   0: 3 0x80002ba0 (0x022ec8b3) x17 0xffb6dcc9
core   0: 0x80002ba4 (0x00009b6e) c.add   s6, s11
core   0: 3 0x80002ba4 (0x9b6e) x22 0x00012000
core   0: 0x80002ba6 (0x00006599) c.lui   a1, 0x6
core   0: 3 0x80002ba6 (0x6599) x11 0x00006000
core   0: 0x80002ba8 (0x00008e2d) c.xor   a2, a1
core   0: 3 0x80002ba8 (0x8e2d) x12 0x0000645d
core   0: 0x80002baa (0x0036f4b3) and     s1, a3, gp
core   0: 3 0x80002baa (0x0036f4b3) x9  0x00000000
core   0: 0x80002bae (0x4197d513) srai    a0, a5, 25
core   0: 3 0x80002bae (0x4197d513) x10 0x00000000
core   0: 0x80002bb2 (0x6d3fb613) sltiu   a2, t6, 1747
core   0: 3 0x80002bb2 (0x6d3fb613) x12 0x00000001
core   0: 0x80002bb6 (0x02a1d2b3) divu    t0, gp, a0
core   0: 3 0x80002bb6 (0x02a1d2b3) x5  0xffffffff
core   0: 0x80002bba (0x01b30663) beq     t1, s11, pc + 12
core   0: 3 0x80002bba (0x01b30663)
core   0: 0x80002bbe (0x0000cf85) c.beqz  a5, pc + 56
core   0: 3 0x80002bbe (0xcf85)
core   0: 0x80002bc0 (0x00008dfd) c.and   a1, a5
core   0: 3 0x80002bc0 (0x8dfd) x11 0x00000000
core   0: 0x80002bc2 (0x017f5613) srli    a2, t5, 23
core   0: 3 0x80002bc2 (0x017f5613) x12 0x00000100
core   0: 0x80002bc6 (0x0000c289) c.beqz  a3, pc + 2
core   0: 3 0x80002bc6 (0xc289)
core   0: 0x80002bc8 (0x00008fd9) c.or    a5, a4
core   0: 3 0x80002bc8 (0x8fd9) x15 0x000003f0
core   0: 0x80002bca (0x000003ae) c.slli  t2, 11
core   0: 3 0x80002bca (0x03ae) x7  0x00000000
core   0: 0x80002bcc (0xebb33437) lui     s0, 0xebb33
core   0: 3 0x80002bcc (0xebb33437) x8  0xebb33000
core   0: 0x80002bd0 (0x0000050c) c.addi4spn a1, sp, 640
core   0: 3 0x80002bd0 (0x050c) x11 0x00000440
core   0: 0x80002bd2 (0x264d6f93) ori     t6, s10, 612
core   0: 3 0x80002bd2 (0x264d6f93) x31 0x00000264
core   0: 0x80002bd6 (0x00008ec9) c.or    a3, a0
core   0: 3 0x80002bd6 (0x8ec9) x13 0x0000020a
core   0: 0x80002bd8 (0x0375bcb3) mulhu   s9, a1, s7
core   0: 3 0x80002bd8 (0x0375bcb3) x25 0x00000000
core   0: 0x80002bdc (0x0000c595) c.beqz  a1, pc + 44
core   0: 3 0x80002bdc (0xc595)
core   0: 0x80002bde (0x00006b75) c.lui   s6, 0x1d
core   0: 3 0x80002bde (0x6b75) x22 0x0001d000
core   0: 0x80002be0 (0x000083da) c.mv    t2, s6
core   0: 3 0x80002be0 (0x83da) x7  0x0001d000
core   0: 0x80002be2 (0x005a7263) bgeu    s4, t0, pc + 4
core   0: 3 0x80002be2 (0x005a7263)
core   0: 0x80002be6 (0xe4782197) auipc   gp, 0xe4782
core   0: 3 0x80002be6 (0xe4782197) x3  0x64784be6
core   0: 0x80002bea (0x41d0d313) srai    t1, ra, 29
core   0: 3 0x80002bea (0x41d0d313) x6  0xfffffffc
core   0: 0x80002bee (0x00000196) c.slli  gp, 5
core   0: 3 0x80002bee (0x0196) x3  0x8f097cc0
core   0: 0x80002bf0 (0x0000e691) c.bnez  a3, pc + 12
core   0: 3 0x80002bf0 (0xe691)
core   0: 0x80002bfc (0x00008d35) c.xor   a0, a3
core   0: 3 0x80002bfc (0x8d35) x10 0x0000020a
core   0: 0x80002bfe (0x01dff733) and     a4, t6, t4
core   0: 3 0x80002bfe (0x01dff733) x14 0x00000224
core   0: 0x80002c02 (0x00f253b3) srl     t2, tp, a5
core   0: 3 0x80002c02 (0x00f253b3) x7  0x00000000
core   0: 0x80002c06 (0x00008c09) c.sub   s0, a0
core   0: 3 0x80002c06 (0x8c09) x8  0xebb32df6
core   0: 0x80002c08 (0x00087833) and     a6, a6, zero
core   0: 3 0x80002c08 (0x00087833) x16 0x00000000
core   0: 0x80002c0c (0x00670033) add     zero, a4, t1
core   0: 3 0x80002c0c (0x00670033)
core   0: 0x80002c10 (0x0071f763) bgeu    gp, t2, pc + 14
core   0: 3 0x80002c10 (0x0071f763)
core   0: 0x80002c1e (0xfbb92913) slti    s2, s2, -69
core   0: 3 0x80002c1e (0xfbb92913) x18 0x00000000
core   0: 0x80002c22 (0x0d8e4b93) xori    s7, t3, 216
core   0: 3 0x80002c22 (0x0d8e4b93) x23 0x158000d8
core   0: 0x80002c26 (0x01429663) bne     t0, s4, pc + 12
core   0: 3 0x80002c26 (0x01429663)
core   0: 0x80002c32 (0x01072db3) slt     s11, a4, a6
core   0: 3 0x80002c32 (0x01072db3) x27 0x00000000
core   0: 0x80002c36 (0x012dd113) srli    sp, s11, 18
core   0: 3 0x80002c36 (0x012dd113) x2  0x00000000
core   0: 0x80002c3a (0x0144d0b3) srl     ra, s1, s4
core   0: 3 0x80002c3a (0x0144d0b3) x1  0x00000000
core   0: 0x80002c3e (0x03969163) bne     a3, s9, pc + 34
core   0: 3 0x80002c3e (0x03969163)
core   0: 0x80002c60 (0x41c7d313) srai    t1, a5, 28
core   0: 3 0x80002c60 (0x41c7d313) x6  0x00000000
core   0: 0x80002c64 (0x00000ffd) c.addi  t6, 31
core   0: 3 0x80002c64 (0x0ffd) x31 0x00000283
core   0: 0x80002c66 (0x8a3f3c13) sltiu   s8, t5, -1885
core   0: 3 0x80002c66 (0x8a3f3c13) x24 0x00000001
core   0: 0x80002c6a (0x00000688) c.addi4spn a0, sp, 832
core   0: 3 0x80002c6a (0x0688) x10 0x00000340
core   0: 0x80002c6c (0x005b44b3) xor     s1, s6, t0
core   0: 3 0x80002c6c (0x005b44b3) x9  0xfffe2fff
core   0: 0x80002c70 (0x03657033) remu    zero, a0, s6
core   0: 3 0x80002c70 (0x03657033)
core   0: 0x80002c74 (0x015d9713) slli    a4, s11, 21
core   0: 3 0x80002c74 (0x015d9713) x14 0x00000000
core   0: 0x80002c78 (0x00008565) c.srai  a0, 25
core   0: 3 0x80002c78 (0x8565) x10 0x00000000
core   0: 0x80002c7a (0x00008ded) c.and   a1, a1
core   0: 3 0x80002c7a (0x8ded) x11 0x00000440
core   0: 0x80002c7c (0x41a25913) srai    s2, tp, 26
core   0: 3 0x80002c7c (0x41a25913) x18 0x00000000
core   0: 0x80002c80 (0x0000046e) c.slli  s0, 27
core   0: 3 0x80002c80 (0x046e) x8  0xb0000000
core   0: 0x80002c82 (0x40a45913) srai    s2, s0, 10
core   0: 3 0x80002c82 (0x40a45913) x18 0xffec0000
core   0: 0x80002c86 (0x0264e263) bltu    s1, t1, pc + 36
core   0: 3 0x80002c86 (0x0264e263)
core   0: 0x80002c8a (0xf6a0b613) sltiu   a2, ra, -150
core   0: 3 0x80002c8a (0xf6a0b613) x12 0x00000001
core   0: 0x80002c8e (0x023843b3) div     t2, a6, gp
core   0: 3 0x80002c8e (0x023843b3) x7  0x00000000
core   0: 0x80002c92 (0x0180b333) sltu    t1, ra, s8
core   0: 3 0x80002c92 (0x0180b333) x6  0x00000001
core   0: 0x80002c96 (0x00000561) c.addi  a0, 24
core   0: 3 0x80002c96 (0x0561) x10 0x00000018
core   0: 0x80002c98 (0x0072f133) and     sp, t0, t2
core   0: 3 0x80002c98 (0x0072f133) x2  0x00000000
core   0: 0x80002c9c (0x00009242) c.add   tp, a6
core   0: 3 0x80002c9c (0x9242) x4  0x00000001
core   0: 0x80002c9e (0x0000975a) c.add   a4, s6
core   0: 3 0x80002c9e (0x975a) x14 0x0001d000
core   0: 0x80002ca0 (0x402d5713) srai    a4, s10, 2
core   0: 3 0x80002ca0 (0x402d5713) x14 0x00000000
core   0: 0x80002ca4 (0x00000a04) c.addi4spn s1, sp, 272
core   0: 3 0x80002ca4 (0x0a04) x9  0x00000110
core   0: 0x80002ca6 (0x3a43d6b7) lui     a3, 0x3a43d
core   0: 3 0x80002ca6 (0x3a43d6b7) x13 0x3a43d000
core   0: 0x80002caa (0x0254b133) mulhu   sp, s1, t0
core   0: 3 0x80002caa (0x0254b133) x2  0x0000010f
core   0: 0x80002cae (0xf842ef97) auipc   t6, 0xf842e
core   0: 3 0x80002cae (0xf842ef97) x31 0x78430cae
core   0: 0x80002cb2 (0x01e2ccb3) xor     s9, t0, t5
core   0: 3 0x80002cb2 (0x01e2ccb3) x25 0x7ffd62db
core   0: 0x80002cb6 (0x0000050e) c.slli  a0, 3
core   0: 3 0x80002cb6 (0x050e) x10 0x000000c0
core   0: 0x80002cb8 (0x00008f35) c.xor   a4, a3
core   0: 3 0x80002cb8 (0x8f35) x14 0x3a43d000
core   0: 0x80002cba (0x00000cda) c.slli  s9, 22
core   0: 3 0x80002cba (0x0cda) x25 0xb6c00000
core   0: 0x80002cbc (0x039f8133) mul     sp, t6, s9
core   0: 3 0x80002cbc (0x039f8133) x2  0x36800000
core   0: 0x80002cc0 (0x375bb213) sltiu   tp, s7, 885
core   0: 3 0x80002cc0 (0x375bb213) x4  0x00000000
core   0: 0x80002cc4 (0x0293f363) bgeu    t2, s1, pc + 38
core   0: 3 0x80002cc4 (0x0293f363)
core   0: 0x80002cc8 (0x036b9db3) mulh    s11, s7, s6
core   0: 3 0x80002cc8 (0x036b9db3) x27 0x000026f8
core   0: 0x80002ccc (0x89b80193) addi    gp, a6, -1893
core   0: 3 0x80002ccc (0x89b80193) x3  0xfffff89b
core   0: 0x80002cd0 (0x033cff63) bgeu    s9, s3, pc + 62
core   0: 3 0x80002cd0 (0x033cff63)
core   0: 0x80002d0e (0x03bfcfb3) div     t6, t6, s11
core   0: 3 0x80002d0e (0x03bfcfb3) x31 0x0003160b
core   0: 0x80002d12 (0x00008f29) c.xor   a4, a0
core   0: 3 0x80002d12 (0x8f29) x14 0x3a43d0c0
core   0: 0x80002d14 (0x000068f1) c.lui   a7, 0x1c
core   0: 3 0x80002d14 (0x68f1) x17 0x0001c000
core   0: 0x80002d16 (0x41a08bb3) sub     s7, ra, s10
core   0: 3 0x80002d16 (0x41a08bb3) x23 0x00000000
core   0: 0x80002d1a (0x00000fea) c.slli  t6, 26
core   0: 3 0x80002d1a (0x0fea) x31 0x2c000000
core   0: 0x80002d1c (0x70c66493) ori     s1, a2, 1804
core   0: 3 0x80002d1c (0x70c66493) x9  0x0000070d
core   0: 0x80002d20 (0x413bda33) sra     s4, s7, s3
core   0: 3 0x80002d20 (0x413bda33) x20 0x00000000
core   0: 0x80002d24 (0x00009fd6) c.add   t6, s5
core   0: 3 0x80002d24 (0x9fd6) x31 0x2c000008
core   0: 0x80002d26 (0x409386b3) sub     a3, t2, s1
core   0: 3 0x80002d26 (0x409386b3) x13 0xfffff8f3
core   0: 0x80002d2a (0x34148713) addi    a4, s1, 833
core   0: 3 0x80002d2a (0x34148713) x14 0x00000a4e
core   0: 0x80002d2e (0x17dd6693) ori     a3, s10, 381
core   0: 3 0x80002d2e (0x17dd6693) x13 0x0000017d
core   0: 0x80002d32 (0x000095a6) c.add   a1, s1
core   0: 3 0x80002d32 (0x95a6) x11 0x00000b4d
core   0: 0x80002d34 (0x00000001) c.nop
core   0: 3 0x80002d34 (0x0001)
core   0: 0x80002d36 (0x02946a63) bltu    s0, s1, pc + 52
core   0: 3 0x80002d36 (0x02946a63)
core   0: 0x80002d3a (0x0000610d) c.addi16sp sp, 160
core   0: 3 0x80002d3a (0x610d) x2  0x368000a0
core   0: 0x80002d3c (0x03cbd733) divu    a4, s7, t3
core   0: 3 0x80002d3c (0x03cbd733) x14 0x00000000
core   0: 0x80002d40 (0x019df1b3) and     gp, s11, s9
core   0: 3 0x80002d40 (0x019df1b3) x3  0x00000000
core   0: 0x80002d44 (0x00009afd) c.andi  a3, -1
core   0: 3 0x80002d44 (0x9afd) x13 0x0000017d
core   0: 0x80002d46 (0x00008f6d) c.and   a4, a1
core   0: 3 0x80002d46 (0x8f6d) x14 0x00000000
core   0: 0x80002d48 (0x00009c8a) c.add   s9, sp
core   0: 3 0x80002d48 (0x9c8a) x25 0xed4000a0
core   0: 0x80002d4a (0x00008f49) c.or    a4, a0
core   0: 3 0x80002d4a (0x8f49) x14 0x000000c0
core   0: 0x80002d4c (0x3053ce13) xori    t3, t2, 773
core   0: 3 0x80002d4c (0x3053ce13) x28 0x00000305
core   0: 0x80002d50 (0x4e7f64b7) lui     s1, 0x4e7f6
core   0: 3 0x80002d50 (0x4e7f64b7) x9  0x4e7f6000
core   0: 0x80002d54 (0x00000001) c.nop
core   0: 3 0x80002d54 (0x0001)
core   0: 0x80002d56 (0x1fbf7813) andi    a6, t5, 507
core   0: 3 0x80002d56 (0x1fbf7813) x16 0x00000120
core   0: 0x80002d5a (0x003d48b3) xor     a7, s10, gp
core   0: 3 0x80002d5a (0x003d48b3) x17 0x00000000
core   0: 0x80002d5e (0x03a8d933) divu    s2, a7, s10
core   0: 3 0x80002d5e (0x03a8d933) x18 0xffffffff
core   0: 0x80002d62 (0x02daed33) rem     s10, s5, a3
core   0: 3 0x80002d62 (0x02daed33) x26 0x00000008
core   0: 0x80002d66 (0xe72ca993) slti    s3, s9, -398
core   0: 3 0x80002d66 (0xe72ca993) x19 0x00000001
core   0: 0x80002d6a (0x02a73833) mulhu   a6, a4, a0
core   0: 3 0x80002d6a (0x02a73833) x16 0x00000000
core   0: 0x80002d6e (0x00991733) sll     a4, s2, s1
core   0: 3 0x80002d6e (0x00991733) x14 0xffffffff
core   0: 0x80002d72 (0x0210bb33) mulhu   s6, ra, ra
core   0: 3 0x80002d72 (0x0210bb33) x22 0x00000000
core   0: 0x80002d76 (0x0000e2a1) c.bnez  a3, pc + 64
core   0: 3 0x80002d76 (0xe2a1)
core   0: 0x80002db6 (0x00008529) c.srai  a0, 10
core   0: 3 0x80002db6 (0x8529) x10 0x00000000
core   0: 0x80002db8 (0x00006141) c.addi16sp sp, 16
core   0: 3 0x80002db8 (0x6141) x2  0x368000b0
core   0: 0x80002dba (0x0000577d) c.li    a4, -1
core   0: 3 0x80002dba (0x577d) x14 0xffffffff
core   0: 0x80002dbc (0x0144cfb3) xor     t6, s1, s4
core   0: 3 0x80002dbc (0x0144cfb3) x31 0x4e7f6000
core   0: 0x80002dc0 (0x030f28b3) mulhsu  a7, t5, a6
core   0: 3 0x80002dc0 (0x030f28b3) x17 0x00000000
core   0: 0x80002dc4 (0x0208d033) divu    zero, a7, zero
core   0: 3 0x80002dc4 (0x0208d033)
core   0: 0x80002dc8 (0x00008ea1) c.xor   a3, s0
core   0: 3 0x80002dc8 (0x8ea1) x13 0xb000017d
core   0: 0x80002dca (0x408b07b3) sub     a5, s6, s0
core   0: 3 0x80002dca (0x408b07b3) x15 0x50000000
core   0: 0x80002dce (0x000065dd) c.lui   a1, 0x17
core   0: 3 0x80002dce (0x65dd) x11 0x00017000
core   0: 0x80002dd0 (0x03c85263) bge     a6, t3, pc + 36
core   0: 3 0x80002dd0 (0x03c85263)
core   0: 0x80002dd4 (0x000097ce) c.add   a5, s3
core   0: 3 0x80002dd4 (0x97ce) x15 0x50000001
core   0: 0x80002dd6 (0x01d57863) bgeu    a0, t4, pc + 16
core   0: 3 0x80002dd6 (0x01d57863)
core   0: 0x80002dda (0x0000063a) c.slli  a2, 14
core   0: 3 0x80002dda (0x063a) x12 0x00004000
core   0: 0x80002ddc (0x00c4ec63) bltu    s1, a2, pc + 24
core   0: 3 0x80002ddc (0x00c4ec63)
core   0: 0x80002de0 (0x0000cf81) c.beqz  a5, pc + 24
core   0: 3 0x80002de0 (0xcf81)
core   0: 0x80002de2 (0x03217963) bgeu    sp, s2, pc + 50
core   0: 3 0x80002de2 (0x03217963)
core   0: 0x80002de6 (0x00008eb5) c.xor   a3, a3
core   0: 3 0x80002de6 (0x8eb5) x13 0x00000000
core   0: 0x80002de8 (0x00ddf033) and     zero, s11, a3
core   0: 3 0x80002de8 (0x00ddf033)
core   0: 0x80002dec (0x01899793) slli    a5, s3, 24
core   0: 3 0x80002dec (0x01899793) x15 0x01000000
core   0: 0x80002df0 (0x000f1c13) slli    s8, t5, 0
core   0: 3 0x80002df0 (0x000f1c13) x24 0x80029d24
core   0: 0x80002df4 (0xb3da4f93) xori    t6, s4, -1219
core   0: 3 0x80002df4 (0xb3da4f93) x31 0xfffffb3d
core   0: 0x80002df8 (0x01db7763) bgeu    s6, t4, pc + 14
core   0: 3 0x80002df8 (0x01db7763)
core   0: 0x80002dfc (0x03b51b33) mulh    s6, a0, s11
core   0: 3 0x80002dfc (0x03b51b33) x22 0x00000000
core   0: 0x80002e00 (0x027d2333) mulhsu  t1, s10, t2
core   0: 3 0x80002e00 (0x027d2333) x6  0x00000000
core   0: 0x80002e04 (0x00008f81) c.sub   a5, s0
core   0: 3 0x80002e04 (0x8f81) x15 0x51000000
core   0: 0x80002e06 (0x03d41133) mulh    sp, s0, t4
core   0: 3 0x80002e06 (0x03d41133) x2  0x27ff426c
core   0: 0x80002e0a (0x00006239) c.lui   tp, 0xe
core   0: 3 0x80002e0a (0x6239) x4  0x0000e000
core   0: 0x80002e0c (0x408a84b3) sub     s1, s5, s0
core   0: 3 0x80002e0c (0x408a84b3) x9  0x50000008
core   0: 0x80002e10 (0x00000001) c.nop
core   0: 3 0x80002e10 (0x0001)
core   0: 0x80002e12 (0x000083c9) c.srli  a5, 18
core   0: 3 0x80002e12 (0x83c9) x15 0x00001440
core   0: 0x80002e14 (0x0000614d) c.addi16sp sp, 176
core   0: 3 0x80002e14 (0x614d) x2  0x27ff431c
core   0: 0x80002e16 (0x00000001) c.nop
core   0: 3 0x80002e16 (0x0001)
core   0: 0x80002e18 (0x00000001) c.nop
core   0: 3 0x80002e18 (0x0001)
core   0: 0x80002e1a (0x00008ca5) c.xor   s1, s1
core   0: 3 0x80002e1a (0x8ca5) x9  0x00000000
core   0: 0x80002e1c (0x40275a13) srai    s4, a4, 2
core   0: 3 0x80002e1c (0x40275a13) x20 0xffffffff
core   0: 0x80002e20 (0x00008e65) c.and   a2, s1
core   0: 3 0x80002e20 (0x8e65) x12 0x00000000
core   0: 0x80002e22 (0xa771ee13) ori     t3, gp, -1417
core   0: 3 0x80002e22 (0xa771ee13) x28 0xfffffa77
core   0: 0x80002e26 (0x0000051a) c.slli  a0, 6
core   0: 3 0x80002e26 (0x051a) x10 0x00000000
core   0: 0x80002e28 (0x00ef3833) sltu    a6, t5, a4
core   0: 3 0x80002e28 (0x00ef3833) x16 0x00000001
core   0: 0x80002e2c (0x0193ab33) slt     s6, t2, s9
core   0: 3 0x80002e2c (0x0193ab33) x22 0x00000000
core   0: 0x80002e30 (0x000084ae) c.mv    s1, a1
core   0: 3 0x80002e30 (0x84ae) x9  0x00017000
core   0: 0x80002e32 (0x003bddb3) srl     s11, s7, gp
core   0: 3 0x80002e32 (0x003bddb3) x27 0x00000000
core   0: 0x80002e36 (0x00000001) c.nop
core   0: 3 0x80002e36 (0x0001)
core   0: 0x80002e38 (0x03dbe933) rem     s2, s7, t4
core   0: 3 0x80002e38 (0x03dbe933) x18 0x00000000
core   0: 0x80002e3c (0x98e70393) addi    t2, a4, -1650
core   0: 3 0x80002e3c (0x98e70393) x7  0xfffff98d
core   0: 0x80002e40 (0x0000c019) c.beqz  s0, pc + 6
core   0: 3 0x80002e40 (0xc019)
core   0: 0x80002e42 (0x02f4e8b3) rem     a7, s1, a5
core   0: 3 0x80002e42 (0x02f4e8b3) x17 0x00000380
core   0: 0x80002e46 (0xaf322f93) slti    t6, tp, -1293
core   0: 3 0x80002e46 (0xaf322f93) x31 0x00000000
core   0: 0x80002e4a (0x000094ba) c.add   s1, a4
core   0: 3 0x80002e4a (0x94ba) x9  0x00016fff
core   0: 0x80002e4c (0x9bee2c13) slti    s8, t3, -1602
core   0: 3 0x80002e4c (0x9bee2c13) x24 0x00000000
core   0: 0x80002e50 (0x013bf263) bgeu    s7, s3, pc + 4
core   0: 3 0x80002e50 (0x013bf263)
core   0: 0x80002e54 (0x00191263) bne     s2, ra, pc + 4
core   0: 3 0x80002e54 (0x00191263)
core   0: 0x80002e58 (0x00000001) c.nop
core   0: 3 0x80002e58 (0x0001)
core   0: 0x80002e5a (0x022b1433) mulh    s0, s6, sp
core   0: 3 0x80002e5a (0x022b1433) x8  0x00000000
core   0: 0x80002e5e (0x03b9b7b3) mulhu   a5, s3, s11
core   0: 3 0x80002e5e (0x03b9b7b3) x15 0x00000000
core   0: 0x80002e62 (0x00008e3d) c.xor   a2, a5
core   0: 3 0x80002e62 (0x8e3d) x12 0x00000000
core   0: 0x80002e64 (0x40aadc13) srai    s8, s5, 10
core   0: 3 0x80002e64 (0x40aadc13) x24 0x00000000
core   0: 0x80002e68 (0x41bf81b3) sub     gp, t6, s11
core   0: 3 0x80002e68 (0x41bf81b3) x3  0x00000000
core   0: 0x80002e6c (0x0d482d93) slti    s11, a6, 212
core   0: 3 0x80002e6c (0x0d482d93) x27 0x00000001
core   0: 0x80002e70 (0x1e7d2793) slti    a5, s10, 487
core   0: 3 0x80002e70 (0x1e7d2793) x15 0x00000001
core   0: 0x80002e74 (0x3cc52d93) slti    s11, a0, 972
core   0: 3 0x80002e74 (0x3cc52d93) x27 0x00000001
core   0: 0x80002e78 (0x00008df9) c.and   a1, a4
core   0: 3 0x80002e78 (0x8df9) x11 0x00017000
core   0: 0x80002e7a (0x000087c6) c.mv    a5, a7
core   0: 3 0x80002e7a (0x87c6) x15 0x00000380
core   0: 0x80002e7c (0x0000070e) c.slli  a4, 3
core   0: 3 0x80002e7c (0x070e) x14 0xfffffff8
core   0: 0x80002e7e (0x01406263) bltu    zero, s4, pc + 4
core   0: 3 0x80002e7e (0x01406263)
core   0: 0x80002e82 (0x00008dd5) c.or    a1, a3
core   0: 3 0x80002e82 (0x8dd5) x11 0x00017000
core   0: 0x80002e84 (0x413106b3) sub     a3, sp, s3
core   0: 3 0x80002e84 (0x413106b3) x13 0x27ff431b
core   0: 0x80002e88 (0x00006d49) c.lui   s10, 0x12
core   0: 3 0x80002e88 (0x6d49) x26 0x00012000
core   0: 0x80002e8a (0x0000997d) c.andi  a0, -1
core   0: 3 0x80002e8a (0x997d) x10 0x00000000
core   0: 0x80002e8c (0x03a409b3) mul     s3, s0, s10
core   0: 3 0x80002e8c (0x03a409b3) x19 0x00000000
core   0: 0x80002e90 (0x0390a0b3) mulhsu  ra, ra, s9
core   0: 3 0x80002e90 (0x0390a0b3) x1  0x00000000
core   0: 0x80002e94 (0x028863b3) rem     t2, a6, s0
core   0: 3 0x80002e94 (0x028863b3) x7  0x00000001
core   0: 0x80002e98 (0x00008f5d) c.or    a4, a5
core   0: 3 0x80002e98 (0x8f5d) x14 0xfffffff8
core   0: 0x80002e9a (0x0000e0a9) c.bnez  s1, pc + 66
core   0: 3 0x80002e9a (0xe0a9)
core   0: 0x80002edc (0x00000bde) c.slli  s7, 23
core   0: 3 0x80002edc (0x0bde) x23 0x00000000
core   0: 0x80002ede (0x0000e121) c.bnez  a0, pc + 64
core   0: 3 0x80002ede (0xe121)
core   0: 0x80002ee0 (0x02e8c233) div     tp, a7, a4
core   0: 3 0x80002ee0 (0x02e8c233) x4  0xffffff90
core   0: 0x80002ee4 (0x000089ad) c.andi  a1, 11
core   0: 3 0x80002ee4 (0x89ad) x11 0x00000000
core   0: 0x80002ee6 (0x02cb2233) mulhsu  tp, s6, a2
core   0: 3 0x80002ee6 (0x02cb2233) x4  0x00000000
core   0: 0x80002eea (0x64c80097) auipc   ra, 0x64c80
core   0: 3 0x80002eea (0x64c80097) x1  0xe4c82eea
core   0: 0x80002eee (0x00008c1d) c.sub   s0, a5
core   0: 3 0x80002eee (0x8c1d) x8  0xfffffc80
core   0: 0x80002ef0 (0x00000001) c.nop
core   0: 3 0x80002ef0 (0x0001)
core   0: 0x80002ef2 (0x0b2a3313) sltiu   t1, s4, 178
core   0: 3 0x80002ef2 (0x0b2a3313) x6  0x00000000
core   0: 0x80002ef6 (0x01d85763) bge     a6, t4, pc + 14
core   0: 3 0x80002ef6 (0x01d85763)
core   0: 0x80002f04 (0x005a3bb3) sltu    s7, s4, t0
core   0: 3 0x80002f04 (0x005a3bb3) x23 0x00000000
core   0: 0x80002f08 (0x0000e215) c.bnez  a2, pc + 36
core   0: 3 0x80002f08 (0xe215)
core   0: 0x80002f0a (0x03e616b3) mulh    a3, a2, t5
core   0: 3 0x80002f0a (0x03e616b3) x13 0x00000000
core   0: 0x80002f0e (0x89d42b13) slti    s6, s0, -1891
core   0: 3 0x80002f0e (0x89d42b13) x22 0x00000000
core   0: 0x80002f12 (0x40835db3) sra     s11, t1, s0
core   0: 3 0x80002f12 (0x40835db3) x27 0x00000000
core   0: 0x80002f16 (0x01a8bfb3) sltu    t6, a7, s10
core   0: 3 0x80002f16 (0x01a8bfb3) x31 0x00000001
core   0: 0x80002f1a (0x0000835d) c.srli  a4, 23
core   0: 3 0x80002f1a (0x835d) x14 0x000001ff
core   0: 0x80002f1c (0x00000001) c.nop
core   0: 3 0x80002f1c (0x0001)
core   0: 0x80002f1e (0x000080f9) c.srli  s1, 30
core   0: 3 0x80002f1e (0x80f9) x9  0x00000000
core   0: 0x80002f20 (0x017d2bb3) slt     s7, s10, s7
core   0: 3 0x80002f20 (0x017d2bb3) x23 0x00000000
core   0: 0x80002f24 (0x00008f6d) c.and   a4, a1
core   0: 3 0x80002f24 (0x8f6d) x14 0x00000000
core   0: 0x80002f26 (0x000082a1) c.srli  a3, 8
core   0: 3 0x80002f26 (0x82a1) x13 0x00000000
core   0: 0x80002f28 (0x8def3013) sltiu   zero, t5, -1826
core   0: 3 0x80002f28 (0x8def3013)
core   0: 0x80002f2c (0x00000001) c.nop
core   0: 3 0x80002f2c (0x0001)
core   0: 0x80002f2e (0x004d99b3) sll     s3, s11, tp
core   0: 3 0x80002f2e (0x004d99b3) x19 0x00000000
core   0: 0x80002f32 (0x00000001) c.nop
core   0: 3 0x80002f32 (0x0001)
core   0: 0x80002f34 (0xab6e9017) auipc   zero, 0xab6e9
core   0: 3 0x80002f34 (0xab6e9017)
core   0: 0x80002f38 (0x0308cfb3) div     t6, a7, a6
core   0: 3 0x80002f38 (0x0308cfb3) x31 0x00000380
core   0: 0x80002f3c (0x01ef8263) beq     t6, t5, pc + 4
core   0: 3 0x80002f3c (0x01ef8263)
core   0: 0x80002f40 (0x03707463) bgeu    zero, s7, pc + 40
core   0: 3 0x80002f40 (0x03707463)
core   0: 0x80002f68 (0x015461b3) or      gp, s0, s5
core   0: 3 0x80002f68 (0x015461b3) x3  0xfffffc88
core   0: 0x80002f6c (0x01edc263) blt     s11, t5, pc + 4
core   0: 3 0x80002f6c (0x01edc263)
core   0: 0x80002f70 (0x03f09d33) mulh    s10, ra, t6
core   0: 3 0x80002f70 (0x03f09d33) x26 0xffffffa0
core   0: 0x80002f74 (0x00aef763) bgeu    t4, a0, pc + 14
core   0: 3 0x80002f74 (0x00aef763)
core   0: 0x80002f82 (0x9b292a13) slti    s4, s2, -1614
core   0: 3 0x80002f82 (0x9b292a13) x20 0x00000000
core   0: 0x80002f86 (0x00006a29) c.lui   s4, 0xa
core   0: 3 0x80002f86 (0x6a29) x20 0x0000a000
core   0: 0x80002f88 (0x00000001) c.nop
core   0: 3 0x80002f88 (0x0001)
core   0: 0x80002f8a (0x0238cc33) div     s8, a7, gp
core   0: 3 0x80002f8a (0x0238cc33) x24 0xffffffff
core   0: 0x80002f8e (0x03d81b63) bne     a6, t4, pc + 54
core   0: 3 0x80002f8e (0x03d81b63)
core   0: 0x80002fc4 (0x0000557d) c.li    a0, -1
core   0: 3 0x80002fc4 (0x557d) x10 0xffffffff
core   0: 0x80002fc6 (0x00007263) bgeu    zero, zero, pc + 4
core   0: 3 0x80002fc6 (0x00007263)
core   0: 0x80002fca (0xfc822e13) slti    t3, tp, -56
core   0: 3 0x80002fca (0xfc822e13) x28 0x00000000
core   0: 0x80002fce (0x00008ded) c.and   a1, a1
core   0: 3 0x80002fce (0x8ded) x11 0x00000000
core   0: 0x80002fd0 (0xc52b6093) ori     ra, s6, -942
core   0: 3 0x80002fd0 (0xc52b6093) x1  0xfffffc52
core   0: 0x80002fd4 (0x4128d3b3) sra     t2, a7, s2
core   0: 3 0x80002fd4 (0x4128d3b3) x7  0x00000380
core   0: 0x80002fd8 (0x011d92b3) sll     t0, s11, a7
core   0: 3 0x80002fd8 (0x011d92b3) x5  0x00000000
core   0: 0x80002fdc (0x416d0033) sub     zero, s10, s6
core   0: 3 0x80002fdc (0x416d0033)
core   0: 0x80002fe0 (0x02ffce33) div     t3, t6, a5
core   0: 3 0x80002fe0 (0x02ffce33) x28 0x00000001
core   0: 0x80002fe4 (0x00979333) sll     t1, a5, s1
core   0: 3 0x80002fe4 (0x00979333) x6  0x00000380
core   0: 0x80002fe8 (0x0000c311) c.beqz  a4, pc + 4
core   0: 3 0x80002fe8 (0xc311)
core   0: 0x80002fec (0x00891133) sll     sp, s2, s0
core   0: 3 0x80002fec (0x00891133) x2  0x00000000
core   0: 0x80002ff0 (0x000083e5) c.srli  a5, 25
core   0: 3 0x80002ff0 (0x83e5) x15 0x00000000
core   0: 0x80002ff2 (0x409bd193) srai    gp, s7, 9
core   0: 3 0x80002ff2 (0x409bd193) x3  0x00000000
core   0: 0x80002ff6 (0x035a1cb3) mulh    s9, s4, s5
core   0: 3 0x80002ff6 (0x035a1cb3) x25 0x00000000
core   0: 0x80002ffa (0x016cf4b3) and     s1, s9, s6
core   0: 3 0x80002ffa (0x016cf4b3) x9  0x00000000
core   0: 0x80002ffe (0x02a22533) mulhsu  a0, tp, a0
core   0: 3 0x80002ffe (0x02a22533) x10 0x00000000
core   0: 0x80003002 (0x00b01193) slli    gp, zero, 11
core   0: 3 0x80003002 (0x00b01193) x3  0x00000000
core   0: 0x80003006 (0x03dc69b3) rem     s3, s8, t4
core   0: 3 0x80003006 (0x03dc69b3) x19 0xffffffff
core   0: 0x8000300a (0x0386ca33) div     s4, a3, s8
core   0: 3 0x8000300a (0x0386ca33) x20 0x00000000
core   0: 0x8000300e (0x03134fb3) div     t6, t1, a7
core   0: 3 0x8000300e (0x03134fb3) x31 0x00000001
core   0: 0x80003012 (0x0000870d) c.srai  a4, 3
core   0: 3 0x80003012 (0x870d) x14 0x00000000
core   0: 0x80003014 (0x00008891) c.andi  s1, 4
core   0: 3 0x80003014 (0x8891) x9  0x00000000
core   0: 0x80003016 (0x024483b3) mul     t2, s1, tp
core   0: 3 0x80003016 (0x024483b3) x7  0x00000000
core   0: 0x8000301a (0x0000463d) c.li    a2, 15
core   0: 3 0x8000301a (0x463d) x12 0x0000000f
core   0: 0x8000301c (0x0e3f6e13) ori     t3, t5, 227
core   0: 3 0x8000301c (0x0e3f6e13) x28 0x80029de7
core   0: 0x80003020 (0x000066cd) c.lui   a3, 0x13
core   0: 3 0x80003020 (0x66cd) x13 0x00013000
core   0: 0x80003022 (0x01958433) add     s0, a1, s9
core   0: 3 0x80003022 (0x01958433) x8  0x00000000
core   0: 0x80003026 (0x04fc5163) bge     s8, a5, pc + 66
core   0: 3 0x80003026 (0x04fc5163)
core   0: 0x8000302a (0x02397633) remu    a2, s2, gp
core   0: 3 0x8000302a (0x02397633) x12 0x00000000
core   0: 0x8000302e (0x00000001) c.nop
core   0: 3 0x8000302e (0x0001)
core   0: 0x80003030 (0x02120463) beq     tp, ra, pc + 40
core   0: 3 0x80003030 (0x02120463)
core   0: 0x80003034 (0x0150e6b3) or      a3, ra, s5
core   0: 3 0x80003034 (0x0150e6b3) x13 0xfffffc5a
core   0: 0x80003038 (0x00008351) c.srli  a4, 20
core   0: 3 0x80003038 (0x8351) x14 0x00000000
core   0: 0x8000303a (0x057b7163) bgeu    s6, s7, pc + 66
core   0: 3 0x8000303a (0x057b7163)
core   0: 0x8000307c (0x5f0dfd93) andi    s11, s11, 1520
core   0: 3 0x8000307c (0x5f0dfd93) x27 0x00000000
core   0: 0x80003080 (0x41d25b33) sra     s6, tp, t4
core   0: 3 0x80003080 (0x41d25b33) x22 0x00000000
core   0: 0x80003084 (0x00cf7c63) bgeu    t5, a2, pc + 24
core   0: 3 0x80003084 (0x00cf7c63)
core   0: 0x8000309c (0x03bde5b3) rem     a1, s11, s11
core   0: 3 0x8000309c (0x03bde5b3) x11 0x00000000
core   0: 0x800030a0 (0x011613b3) sll     t2, a2, a7
core   0: 3 0x800030a0 (0x011613b3) x7  0x00000000
core   0: 0x800030a4 (0x039f02b3) mul     t0, t5, s9
core   0: 3 0x800030a4 (0x039f02b3) x5  0x00000000
core   0: 0x800030a8 (0x00000001) c.nop
core   0: 3 0x800030a8 (0x0001)
core   0: 0x800030aa (0x00391613) slli    a2, s2, 3
core   0: 3 0x800030aa (0x00391613) x12 0x00000000
core   0: 0x800030ae (0x03776233) rem     tp, a4, s7
core   0: 3 0x800030ae (0x03776233) x4  0x00000000
core   0: 0x800030b2 (0x401d53b3) sra     t2, s10, ra
core   0: 3 0x800030b2 (0x401d53b3) x7  0xffffffff
core   0: 0x800030b6 (0x1af24f93) xori    t6, tp, 431
core   0: 3 0x800030b6 (0x1af24f93) x31 0x000001af
core   0: 0x800030ba (0x0000c991) c.beqz  a1, pc + 20
core   0: 3 0x800030ba (0xc991)
core   0: 0x800030ce (0x032a1833) mulh    a6, s4, s2
core   0: 3 0x800030ce (0x032a1833) x16 0x00000000
core   0: 0x800030d2 (0x0000c399) c.beqz  a5, pc + 6
core   0: 3 0x800030d2 (0xc399)
core   0: 0x800030d8 (0x01dd1533) sll     a0, s10, t4
core   0: 3 0x800030d8 (0x01dd1533) x10 0xfffffa00
core   0: 0x800030dc (0x00008f9d) c.sub   a5, a5
core   0: 3 0x800030dc (0x8f9d) x15 0x00000000
core   0: 0x800030de (0x0000e021) c.bnez  s0, pc + 64
core   0: 3 0x800030de (0xe021)
core   0: 0x800030e0 (0x72935097) auipc   ra, 0x72935
core   0: 3 0x800030e0 (0x72935097) x1  0xf29380e0
core   0: 0x800030e4 (0x0000ca01) c.beqz  a2, pc + 16
core   0: 3 0x800030e4 (0xca01)
core   0: 0x800030f4 (0x02fae333) rem     t1, s5, a5
core   0: 3 0x800030f4 (0x02fae333) x6  0x00000008
core   0: 0x800030f8 (0x03fe8333) mul     t1, t4, t6
core   0: 3 0x800030f8 (0x03fe8333) x6  0x83fd561c
core   0: 0x800030fc (0x4120d293) srai    t0, ra, 18
core   0: 3 0x800030fc (0x4120d293) x5  0xfffffca4
core   0: 0x80003100 (0x008b7c63) bgeu    s6, s0, pc + 24
core   0: 3 0x80003100 (0x008b7c63)
core   0: 0x80003118 (0x0165fbb3) and     s7, a1, s6
core   0: 3 0x80003118 (0x0165fbb3) x23 0x00000000
core   0: 0x8000311c (0x000004a6) c.slli  s1, 9
core   0: 3 0x8000311c (0x04a6) x9  0x00000000
core   0: 0x8000311e (0x000099fd) c.andi  a1, -1
core   0: 3 0x8000311e (0x99fd) x11 0x00000000
core   0: 0x80003120 (0x0a7a6813) ori     a6, s4, 167
core   0: 3 0x80003120 (0x0a7a6813) x16 0x000000a7
core   0: 0x80003124 (0xdd170b93) addi    s7, a4, -559
core   0: 3 0x80003124 (0xdd170b93) x23 0xfffffdd1
core   0: 0x80003128 (0x858de293) ori     t0, s11, -1960
core   0: 3 0x80003128 (0x858de293) x5  0xfffff858
core   0: 0x8000312c (0x00cc0fb3) add     t6, s8, a2
core   0: 3 0x8000312c (0x00cc0fb3) x31 0xffffffff
core   0: 0x80003130 (0x038545b3) div     a1, a0, s8
core   0: 3 0x80003130 (0x038545b3) x11 0x00000600
core   0: 0x80003134 (0x0253a733) mulhsu  a4, t2, t0
core   0: 3 0x80003134 (0x0253a733) x14 0xffffffff
core   0: 0x80003138 (0x00008e79) c.and   a2, a4
core   0: 3 0x80003138 (0x8e79) x12 0x00000000
core   0: 0x8000313a (0x02b57db3) remu    s11, a0, a1
core   0: 3 0x8000313a (0x02b57db3) x27 0x00000400
core   0: 0x8000313e (0x0000cd99) c.beqz  a1, pc + 30
core   0: 3 0x8000313e (0xcd99)
core   0: 0x80003140 (0x00006109) c.addi16sp sp, 128
core   0: 3 0x80003140 (0x6109) x2  0x00000080
core   0: 0x80003142 (0x714a3917) auipc   s2, 0x714a3
core   0: 3 0x80003142 (0x714a3917) x18 0xf14a6142
core   0: 0x80003146 (0x9b697d13) andi    s10, s2, -1610
core   0: 3 0x80003146 (0x9b697d13) x26 0xf14a6102
core   0: 0x8000314a (0x00009a7d) c.andi  a2, -1
core   0: 3 0x8000314a (0x9a7d) x12 0x00000000
core   0: 0x8000314c (0x0000c805) c.beqz  s0, pc + 48
core   0: 3 0x8000314c (0xc805)
core   0: 0x8000317c (0x00006df9) c.lui   s11, 0x1e
core   0: 3 0x8000317c (0x6df9) x27 0x0001e000
core   0: 0x8000317e (0x02436133) rem     sp, t1, tp
core   0: 3 0x8000317e (0x02436133) x2  0x83fd561c
core   0: 0x80003182 (0x00008c21) c.xor   s0, s0
core   0: 3 0x80003182 (0x8c21) x8  0x00000000
core   0: 0x80003184 (0x07bf4c93) xori    s9, t5, 123
core   0: 3 0x80003184 (0x07bf4c93) x25 0x80029d5f
core   0: 0x80003188 (0x014fd933) srl     s2, t6, s4
core   0: 3 0x80003188 (0x014fd933) x18 0xffffffff
core   0: 0x8000318c (0x6ecdee37) lui     t3, 0x6ecde
core   0: 3 0x8000318c (0x6ecdee37) x28 0x6ecde000
core   0: 0x80003190 (0x000008e9) c.addi  a7, 26
core   0: 3 0x80003190 (0x08e9) x17 0x0000039a
core   0: 0x80003192 (0x00004e01) c.li    t3, 0
core   0: 3 0x80003192 (0x4e01) x28 0x00000000
core   0: 0x80003194 (0x00008c35) c.xor   s0, a3
core   0: 3 0x80003194 (0x8c35) x8  0xfffffc5a
core   0: 0x80003196 (0x00e3ad33) slt     s10, t2, a4
core   0: 3 0x80003196 (0x00e3ad33) x26 0x00000000
core   0: 0x8000319a (0x00000866) c.slli  a6, 25
core   0: 3 0x8000319a (0x0866) x16 0x4e000000
core   0: 0x8000319c (0x03d3a533) mulhsu  a0, t2, t4
core   0: 3 0x8000319c (0x03d3a533) x10 0xffffffff
core   0: 0x800031a0 (0x02039db3) mulh    s11, t2, zero
core   0: 3 0x800031a0 (0x02039db3) x27 0x00000000
core   0: 0x800031a4 (0x00001210) c.addi4spn a2, sp, 288
core   0: 3 0x800031a4 (0x1210) x12 0x83fd573c
core   0: 0x800031a6 (0x02542033) mulhsu  zero, s0, t0
core   0: 3 0x800031a6 (0x02542033)
core   0: 0x800031aa (0x00009352) c.add   t1, s4
core   0: 3 0x800031aa (0x9352) x6  0x83fd561c
core   0: 0x800031ac (0x664f9d97) auipc   s11, 0x664f9
core   0: 3 0x800031ac (0x664f9d97) x27 0xe64fc1ac
core   0: 0x800031b0 (0x00fb51b3) srl     gp, s6, a5
core   0: 3 0x800031b0 (0x00fb51b3) x3  0x00000000
core   0: 0x800031b4 (0x005224b3) slt     s1, tp, t0
core   0: 3 0x800031b4 (0x005224b3) x9  0x00000000
core   0: 0x800031b8 (0x00006311) c.lui   t1, 0x4
core   0: 3 0x800031b8 (0x6311) x6  0x00004000
core   0: 0x800031ba (0x00008049) c.srli  s0, 18
core   0: 3 0x800031ba (0x8049) x8  0x00003fff
core   0: 0x800031bc (0x2d20f293) andi    t0, ra, 722
core   0: 3 0x800031bc (0x2d20f293) x5  0x000000c0
core   0: 0x800031c0 (0x02bd03b3) mul     t2, s10, a1
core   0: 3 0x800031c0 (0x02bd03b3) x7  0x00000000
core   0: 0x800031c4 (0x00a68263) beq     a3, a0, pc + 4
core   0: 3 0x800031c4 (0x00a68263)
core   0: 0x800031c8 (0x0000c1a1) c.beqz  a1, pc + 64
core   0: 3 0x800031c8 (0xc1a1)
core   0: 0x800031ca (0x031b3633) mulhu   a2, s6, a7
core   0: 3 0x800031ca (0x031b3633) x12 0x00000000
core   0: 0x800031ce (0x000080e2) c.mv    ra, s8
core   0: 3 0x800031ce (0x80e2) x1  0xffffffff
core   0: 0x800031d0 (0x00aed263) bge     t4, a0, pc + 4
core   0: 3 0x800031d0 (0x00aed263)
core   0: 0x800031d4 (0x03c9e263) bltu    s3, t3, pc + 36
core   0: 3 0x800031d4 (0x03c9e263)
core   0: 0x800031d8 (0x00000001) c.nop
core   0: 3 0x800031d8 (0x0001)
core   0: 0x800031da (0x61c06493) ori     s1, zero, 1564
core   0: 3 0x800031da (0x61c06493) x9  0x0000061c
core   0: 0x800031de (0x009e7963) bgeu    t3, s1, pc + 18
core   0: 3 0x800031de (0x009e7963)
core   0: 0x800031e2 (0x00008e9d) c.sub   a3, a5
core   0: 3 0x800031e2 (0x8e9d) x13 0xfffffc5a
core   0: 0x800031e4 (0x0000c019) c.beqz  s0, pc + 6
core   0: 3 0x800031e4 (0xc019)
core   0: 0x800031e6 (0x416c8fb3) sub     t6, s9, s6
core   0: 3 0x800031e6 (0x416c8fb3) x31 0x80029d5f
core   0: 0x800031ea (0x00008f9d) c.sub   a5, a5
core   0: 3 0x800031ea (0x8f9d) x15 0x00000000
core   0: 0x800031ec (0x01175433) srl     s0, a4, a7
core   0: 3 0x800031ec (0x01175433) x8  0x0000003f
core   0: 0x800031f0 (0x01e88763) beq     a7, t5, pc + 14
core   0: 3 0x800031f0 (0x01e88763)
core   0: 0x800031f4 (0x04856063) bltu    a0, s0, pc + 64
core   0: 3 0x800031f4 (0x04856063)
core   0: 0x800031f8 (0x00008e8d) c.sub   a3, a1
core   0: 3 0x800031f8 (0x8e8d) x13 0xfffff65a
core   0: 0x800031fa (0x03fc1363) bne     s8, t6, pc + 38
core   0: 3 0x800031fa (0x03fc1363)
core   0: 0x80003220 (0x90f9b013) sltiu   zero, s3, -1777
core   0: 3 0x80003220 (0x90f9b013)
core   0: 0x80003224 (0x00f35e33) srl     t3, t1, a5
core   0: 3 0x80003224 (0x00f35e33) x28 0x00004000
core   0: 0x80003228 (0x71700193) li      gp, 1815
core   0: 3 0x80003228 (0x71700193) x3  0x00000717
core   0: 0x8000322c (0x00d06463) bltu    zero, a3, pc + 8
core   0: 3 0x8000322c (0x00d06463)
core   0: 0x80003234 (0x00008df5) c.and   a1, a3
core   0: 3 0x80003234 (0x8df5) x11 0x00000600
core   0: 0x80003236 (0x001ac033) xor     zero, s5, ra
core   0: 3 0x80003236 (0x001ac033)
core   0: 0x8000323a (0x5f8ef093) andi    ra, t4, 1528
core   0: 3 0x8000323a (0x5f8ef093) x1  0x000004a0
core   0: 0x8000323e (0x02c815b3) mulh    a1, a6, a2
core   0: 3 0x8000323e (0x02c815b3) x11 0x00000000
core   0: 0x80003242 (0x01c91d93) slli    s11, s2, 28
core   0: 3 0x80003242 (0x01c91d93) x27 0xf0000000
core   0: 0x80003246 (0x00008f69) c.and   a4, a0
core   0: 3 0x80003246 (0x8f69) x14 0xffffffff
core   0: 0x80003248 (0x016cc963) blt     s9, s6, pc + 18
core   0: 3 0x80003248 (0x016cc963)
core   0: 0x8000325a (0x02b5c433) div     s0, a1, a1
core   0: 3 0x8000325a (0x02b5c433) x8  0xffffffff
core   0: 0x8000325e (0xcdc43193) sltiu   gp, s0, -804
core   0: 3 0x8000325e (0xcdc43193) x3  0x00000000
core   0: 0x80003262 (0x000f66b3) or      a3, t5, zero
core   0: 3 0x80003262 (0x000f66b3) x13 0x80029d24
core   0: 0x80003266 (0x039fa933) mulhsu  s2, t6, s9
core   0: 3 0x80003266 (0x039fa933) x18 0xc0000006
core   0: 0x8000326a (0x01321c63) bne     tp, s3, pc + 24
core   0: 3 0x8000326a (0x01321c63)
core   0: 0x80003282 (0x019a1db3) sll     s11, s4, s9
core   0: 3 0x80003282 (0x019a1db3) x27 0x00000000
core   0: 0x80003286 (0x01805433) srl     s0, zero, s8
core   0: 3 0x80003286 (0x01805433) x8  0x00000000
core   0: 0x8000328a (0x01471f93) slli    t6, a4, 20
core   0: 3 0x8000328a (0x01471f93) x31 0xfff00000
core   0: 0x8000328e (0xd5c3c813) xori    a6, t2, -676
core   0: 3 0x8000328e (0xd5c3c813) x16 0xfffffd5c
core   0: 0x80003292 (0x00008e7e) c.mv    t3, t6
core   0: 3 0x80003292 (0x8e7e) x28 0xfff00000
core   0: 0x80003294 (0x00009a7d) c.andi  a2, -1
core   0: 3 0x80003294 (0x9a7d) x12 0x00000000
core   0: 0x80003296 (0x014759b3) srl     s3, a4, s4
core   0: 3 0x80003296 (0x014759b3) x19 0xffffffff
core   0: 0x8000329a (0x00000001) c.nop
core   0: 3 0x8000329a (0x0001)
core   0: 0x8000329c (0x0000c81d) c.beqz  s0, pc + 54
core   0: 3 0x8000329c (0xc81d)
core   0: 0x800032d2 (0x00009cd6) c.add   s9, s5
core   0: 3 0x800032d2 (0x9cd6) x25 0x80029d67
core   0: 0x800032d4 (0x037bc5b3) div     a1, s7, s7
core   0: 3 0x800032d4 (0x037bc5b3) x11 0x00000001
core   0: 0x800032d8 (0x03e65f63) bge     a2, t5, pc + 62
core   0: 3 0x800032d8 (0x03e65f63)
core   0: 0x80003316 (0x46bf2197) auipc   gp, 0x46bf2
core   0: 3 0x80003316 (0x46bf2197) x3  0xc6bf5316
core   0: 0x8000331a (0x408252b3) sra     t0, tp, s0
core   0: 3 0x8000331a (0x408252b3) x5  0x00000000
core   0: 0x8000331e (0x011ef263) bgeu    t4, a7, pc + 4
core   0: 3 0x8000331e (0x011ef263)
core   0: 0x80003322 (0x03ae27b3) mulhsu  a5, t3, s10
core   0: 3 0x80003322 (0x03ae27b3) x15 0x00000000
core   0: 0x80003326 (0x00000cbd) c.addi  s9, 15
core   0: 3 0x80003326 (0x0cbd) x25 0x80029d76
core   0: 0x80003328 (0x03e722b3) mulhsu  t0, a4, t5
core   0: 3 0x80003328 (0x03e722b3) x5  0xffffffff
core   0: 0x8000332c (0x00009ffe) c.add   t6, t6
core   0: 3 0x8000332c (0x9ffe) x31 0xffe00000
core   0: 0x8000332e (0x00000001) c.nop
core   0: 3 0x8000332e (0x0001)
core   0: 0x80003330 (0x024c2533) mulhsu  a0, s8, tp
core   0: 3 0x80003330 (0x024c2533) x10 0x00000000
core   0: 0x80003334 (0x2c203793) sltiu   a5, zero, 706
core   0: 3 0x80003334 (0x2c203793) x15 0x00000001
core   0: 0x80003338 (0x011d1293) slli    t0, s10, 17
core   0: 3 0x80003338 (0x011d1293) x5  0x00000000
core   0: 0x8000333c (0x0000c2a1) c.beqz  a3, pc + 64
core   0: 3 0x8000333c (0xc2a1)
core   0: 0x8000333e (0x0307e1b3) rem     gp, a5, a6
core   0: 3 0x8000333e (0x0307e1b3) x3  0x00000001
core   0: 0x80003342 (0x025f46b3) div     a3, t5, t0
core   0: 3 0x80003342 (0x025f46b3) x13 0xffffffff
core   0: 0x80003346 (0x41ef5e13) srai    t3, t5, 30
core   0: 3 0x80003346 (0x41ef5e13) x28 0xfffffffe
core   0: 0x8000334a (0x00008fe1) c.and   a5, s0
core   0: 3 0x8000334a (0x8fe1) x15 0x00000000
core   0: 0x8000334c (0x00008bf2) c.mv    s7, t3
core   0: 3 0x8000334c (0x8bf2) x23 0xfffffffe
core   0: 0x8000334e (0x03f05fb3) divu    t6, zero, t6
core   0: 3 0x8000334e (0x03f05fb3) x31 0x00000000
core   0: 0x80003352 (0x00dc0763) beq     s8, a3, pc + 14
core   0: 3 0x80003352 (0x00dc0763)
core   0: 0x80003360 (0x0000980a) c.add   a6, sp
core   0: 3 0x80003360 (0x980a) x16 0x83fd5378
core   0: 0x80003362 (0x01861393) slli    t2, a2, 24
core   0: 3 0x80003362 (0x01861393) x7  0x00000000
core   0: 0x80003366 (0x03fed4b3) divu    s1, t4, t6
core   0: 3 0x80003366 (0x03fed4b3) x9  0xffffffff
core   0: 0x8000336a (0x02ddf033) remu    zero, s11, a3
core   0: 3 0x8000336a (0x02ddf033)
core   0: 0x8000336e (0x00009286) c.add   t0, ra
core   0: 3 0x8000336e (0x9286) x5  0x000004a0
core   0: 0x80003370 (0x00ffae33) slt     t3, t6, a5
core   0: 3 0x80003370 (0x00ffae33) x28 0x00000000
core   0: 0x80003374 (0x0390e033) rem     zero, ra, s9
core   0: 3 0x80003374 (0x0390e033)
core   0: 0x80003378 (0x03fd1b33) mulh    s6, s10, t6
core   0: 3 0x80003378 (0x03fd1b33) x22 0x00000000
core   0: 0x8000337c (0x0354c833) div     a6, s1, s5
core   0: 3 0x8000337c (0x0354c833) x16 0x00000000
core   0: 0x80003380 (0x03cc6d63) bltu    s8, t3, pc + 58
core   0: 3 0x80003380 (0x03cc6d63)
core   0: 0x80003384 (0x00008095) c.srli  s1, 5
core   0: 3 0x80003384 (0x8095) x9  0x07ffffff
core   0: 0x80003386 (0x00000001) c.nop
core   0: 3 0x80003386 (0x0001)
core   0: 0x80003388 (0xa7592613) slti    a2, s2, -1419
core   0: 3 0x80003388 (0xa7592613) x12 0x00000001
core   0: 0x8000338c (0x00008cd5) c.or    s1, a3
core   0: 3 0x8000338c (0x8cd5) x9  0xffffffff
core   0: 0x8000338e (0x0259c5b3) div     a1, s3, t0
core   0: 3 0x8000338e (0x0259c5b3) x11 0x00000000
core   0: 0x80003392 (0x4291cb13) xori    s6, gp, 1065
core   0: 3 0x80003392 (0x4291cb13) x22 0x00000428
core   0: 0x80003396 (0x0033a933) slt     s2, t2, gp
core   0: 3 0x80003396 (0x0033a933) x18 0x00000001
core   0: 0x8000339a (0x000085e1) c.srai  a1, 24
core   0: 3 0x8000339a (0x85e1) x11 0x00000000
core   0: 0x8000339c (0x00008cc1) c.or    s1, s0
core   0: 3 0x8000339c (0x8cc1) x9  0xffffffff
core   0: 0x8000339e (0x00008eb9) c.xor   a3, a4
core   0: 3 0x8000339e (0x8eb9) x13 0x00000000
core   0: 0x800033a0 (0x00e0e4b3) or      s1, ra, a4
core   0: 3 0x800033a0 (0x00e0e4b3) x9  0xffffffff
core   0: 0x800033a4 (0x0180ba33) sltu    s4, ra, s8
core   0: 3 0x800033a4 (0x0180ba33) x20 0x00000001
core   0: 0x800033a8 (0x00008271) c.srli  a2, 28
core   0: 3 0x800033a8 (0x8271) x12 0x00000000
core   0: 0x800033aa (0x41ab5b33) sra     s6, s6, s10
core   0: 3 0x800033aa (0x41ab5b33) x22 0x00000428
core   0: 0x800033ae (0x032a4433) div     s0, s4, s2
core   0: 3 0x800033ae (0x032a4433) x8  0x00000001
core   0: 0x800033b2 (0x0000484d) c.li    a6, 19
core   0: 3 0x800033b2 (0x484d) x16 0x00000013
core   0: 0x800033b4 (0x00008eb1) c.xor   a3, a2
core   0: 3 0x800033b4 (0x8eb1) x13 0x00000000
core   0: 0x800033b6 (0x0395f1b3) remu    gp, a1, s9
core   0: 3 0x800033b6 (0x0395f1b3) x3  0x00000000
core   0: 0x800033ba (0x02e31333) mulh    t1, t1, a4
core   0: 3 0x800033ba (0x02e31333) x6  0xffffffff
core   0: 0x800033be (0x01c19233) sll     tp, gp, t3
core   0: 3 0x800033be (0x01c19233) x4  0x00000000
core   0: 0x800033c2 (0x00000001) c.nop
core   0: 3 0x800033c2 (0x0001)
core   0: 0x800033c4 (0x015ec563) blt     t4, s5, pc + 10
core   0: 3 0x800033c4 (0x015ec563)
core   0: 0x800033ce (0x00008e31) c.xor   a2, a2
core   0: 3 0x800033ce (0x8e31) x12 0x00000000
core   0: 0x800033d0 (0x02b99fb3) mulh    t6, s3, a1
core   0: 3 0x800033d0 (0x02b99fb3) x31 0x00000000
core   0: 0x800033d4 (0x031b6b33) rem     s6, s6, a7
core   0: 3 0x800033d4 (0x031b6b33) x22 0x0000008e
core   0: 0x800033d8 (0x00008ee1) c.and   a3, s0
core   0: 3 0x800033d8 (0x8ee1) x13 0x00000000
core   0: 0x800033da (0x02154033) div     zero, a0, ra
core   0: 3 0x800033da (0x02154033)
core   0: 0x800033de (0x01607333) and     t1, zero, s6
core   0: 3 0x800033de (0x01607333) x6  0x00000000
core   0: 0x800033e2 (0x00008dc9) c.or    a1, a0
core   0: 3 0x800033e2 (0x8dc9) x11 0x00000000
core   0: 0x800033e4 (0x02535c33) divu    s8, t1, t0
core   0: 3 0x800033e4 (0x02535c33) x24 0x00000000
core   0: 0x800033e8 (0x03d77e33) remu    t3, a4, t4
core   0: 3 0x800033e8 (0x03d77e33) x28 0x7ffda15b
core   0: 0x800033ec (0xa2131437) lui     s0, 0xa2131
core   0: 3 0x800033ec (0xa2131437) x8  0xa2131000
core   0: 0x800033f0 (0x00504b33) xor     s6, zero, t0
core   0: 3 0x800033f0 (0x00504b33) x22 0x000004a0
core   0: 0x800033f4 (0x00000001) c.nop
core   0: 3 0x800033f4 (0x0001)
core   0: 0x800033f6 (0x020d6a33) rem     s4, s10, zero
core   0: 3 0x800033f6 (0x020d6a33) x20 0x00000000
core   0: 0x800033fa (0x0000e31d) c.bnez  a4, pc + 38
core   0: 3 0x800033fa (0xe31d)
core   0: 0x80003420 (0x0331e6b3) rem     a3, gp, s3
core   0: 3 0x80003420 (0x0331e6b3) x13 0x00000000
core   0: 0x80003424 (0xd0bac693) xori    a3, s5, -757
core   0: 3 0x80003424 (0xd0bac693) x13 0xfffffd03
core   0: 0x80003428 (0x00008e31) c.xor   a2, a2
core   0: 3 0x80003428 (0x8e31) x12 0x00000000
core   0: 0x8000342a (0x40335e33) sra     t3, t1, gp
core   0: 3 0x8000342a (0x40335e33) x28 0x00000000
core   0: 0x8000342e (0x004d5cb3) srl     s9, s10, tp
core   0: 3 0x8000342e (0x004d5cb3) x25 0x00000000
core   0: 0x80003432 (0x296e6113) ori     sp, t3, 662
core   0: 3 0x80003432 (0x296e6113) x2  0x00000296
core   0: 0x80003436 (0x03be8f93) addi    t6, t4, 59
core   0: 3 0x80003436 (0x03be8f93) x31 0x80025edf
core   0: 0x8000343a (0x018c5913) srli    s2, s8, 24
core   0: 3 0x8000343a (0x018c5913) x18 0x00000000
core   0: 0x8000343e (0x0000914e) c.add   sp, s3
core   0: 3 0x8000343e (0x914e) x2  0x00000295
core   0: 0x80003440 (0x01544733) xor     a4, s0, s5
core   0: 3 0x80003440 (0x01544733) x14 0xa2131008
core   0: 0x80003444 (0x01375793) srli    a5, a4, 19
core   0: 3 0x80003444 (0x01375793) x15 0x00001442
core   0: 0x80003448 (0x00008b0e) c.mv    s6, gp
core   0: 3 0x80003448 (0x8b0e) x22 0x00000000
core   0: 0x8000344a (0x00000952) c.slli  s2, 20
core   0: 3 0x8000344a (0x0952) x18 0x00000000
core   0: 0x8000344c (0x00008fdd) c.or    a5, a5
core   0: 3 0x8000344c (0x8fdd) x15 0x00001442
core   0: 0x8000344e (0x02b1de33) divu    t3, gp, a1
core   0: 3 0x8000344e (0x02b1de33) x28 0xffffffff
core   0: 0x80003452 (0x70ec7893) andi    a7, s8, 1806
core   0: 3 0x80003452 (0x70ec7893) x17 0x00000000
core   0: 0x80003456 (0x00000001) c.nop
core   0: 3 0x80003456 (0x0001)
core   0: 0x80003458 (0x00000cea) c.slli  s9, 26
core   0: 3 0x80003458 (0x0cea) x25 0x00000000
core   0: 0x8000345a (0x418fd8b3) sra     a7, t6, s8
core   0: 3 0x8000345a (0x418fd8b3) x17 0x80025edf
core   0: 0x8000345e (0x00558263) beq     a1, t0, pc + 4
core   0: 3 0x8000345e (0x00558263)
core   0: 0x80003462 (0x02073a33) mulhu   s4, a4, zero
core   0: 3 0x80003462 (0x02073a33) x20 0x00000000
core   0: 0x80003466 (0x008b2b33) slt     s6, s6, s0
core   0: 3 0x80003466 (0x008b2b33) x22 0x00000000
core   0: 0x8000346a (0x0249cd33) div     s10, s3, tp
core   0: 3 0x8000346a (0x0249cd33) x26 0xffffffff
core   0: 0x8000346e (0x02b02db3) mulhsu  s11, zero, a1
core   0: 3 0x8000346e (0x02b02db3) x27 0x00000000
core   0: 0x80003472 (0x40ff59b3) sra     s3, t5, a5
core   0: 3 0x80003472 (0x40ff59b3) x19 0xe000a749
core   0: 0x80003476 (0x000011fd) c.addi  gp, -1
core   0: 3 0x80003476 (0x11fd) x3  0xffffffff
core   0: 0x80003478 (0x042e6063) bltu    t3, sp, pc + 64
core   0: 3 0x80003478 (0x042e6063)
core   0: 0x8000347c (0x00d1d393) srli    t2, gp, 13
core   0: 3 0x8000347c (0x00d1d393) x7  0x0007ffff
core   0: 0x80003480 (0x000080de) c.mv    ra, s7
core   0: 3 0x80003480 (0x80de) x1  0xfffffffe
core   0: 0x80003482 (0x03b1bb33) mulhu   s6, gp, s11
core   0: 3 0x80003482 (0x03b1bb33) x22 0x00000000
core   0: 0x80003486 (0x007bbcb3) sltu    s9, s7, t2
core   0: 3 0x80003486 (0x007bbcb3) x25 0x00000000
core   0: 0x8000348a (0x00008912) c.mv    s2, tp
core   0: 3 0x8000348a (0x8912) x18 0x00000000
core   0: 0x8000348c (0x03c133b3) mulhu   t2, sp, t3
core   0: 3 0x8000348c (0x03c133b3) x7  0x00000294
core   0: 0x80003490 (0x000040b9) c.li    ra, 14
core   0: 3 0x80003490 (0x40b9) x1  0x0000000e
core   0: 0x80003492 (0x03a0ccb3) div     s9, ra, s10
core   0: 3 0x80003492 (0x03a0ccb3) x25 0xfffffff2
core   0: 0x80003496 (0xe6d8c093) xori    ra, a7, -403
core   0: 3 0x80003496 (0xe6d8c093) x1  0x7ffda0b2
core   0: 0x8000349a (0x000095c6) c.add   a1, a7
core   0: 3 0x8000349a (0x95c6) x11 0x80025edf
core   0: 0x8000349c (0x00000001) c.nop
core   0: 3 0x8000349c (0x0001)
core   0: 0x8000349e (0x00008e6d) c.and   a2, a1
core   0: 3 0x8000349e (0x8e6d) x12 0x00000000
core   0: 0x800034a0 (0x0095a733) slt     a4, a1, s1
core   0: 3 0x800034a0 (0x0095a733) x14 0x00000001
core   0: 0x800034a4 (0x00008c55) c.or    s0, a3
core   0: 3 0x800034a4 (0x8c55) x8  0xfffffd03
core   0: 0x800034a6 (0x01dc5893) srli    a7, s8, 29
core   0: 3 0x800034a6 (0x01dc5893) x17 0x00000000
core   0: 0x800034aa (0x00527263) bgeu    tp, t0, pc + 4
core   0: 3 0x800034aa (0x00527263)
core   0: 0x800034ae (0x00008d31) c.xor   a0, a2
core   0: 3 0x800034ae (0x8d31) x10 0x00000000
core   0: 0x800034b0 (0x0103e263) bltu    t2, a6, pc + 4
core   0: 3 0x800034b0 (0x0103e263)
core   0: 0x800034b4 (0x03105963) bge     zero, a7, pc + 50
core   0: 3 0x800034b4 (0x03105963)
core   0: 0x800034e6 (0xa9e6ff97) auipc   t6, 0xa9e6f
core   0: 3 0x800034e6 (0xa9e6ff97) x31 0x29e724e6
core   0: 0x800034ea (0x936e6293) ori     t0, t3, -1738
core   0: 3 0x800034ea (0x936e6293) x5  0xffffffff
core   0: 0x800034ee (0x00179293) slli    t0, a5, 1
core   0: 3 0x800034ee (0x00179293) x5  0x00002884
core   0: 0x800034f2 (0x00000fb6) c.slli  t6, 13
core   0: 3 0x800034f2 (0x0fb6) x31 0xe49cc000
core   0: 0x800034f4 (0x41245cb3) sra     s9, s0, s2
core   0: 3 0x800034f4 (0x41245cb3) x25 0xfffffd03
core   0: 0x800034f8 (0x023422b3) mulhsu  t0, s0, gp
core   0: 3 0x800034f8 (0x023422b3) x5  0xfffffd03
core   0: 0x800034fc (0x773b4b13) xori    s6, s6, 1907
core   0: 3 0x800034fc (0x773b4b13) x22 0x00000773
core   0: 0x80003500 (0x01b760b3) or      ra, a4, s11
core   0: 3 0x80003500 (0x01b760b3) x1  0x00000001
core   0: 0x80003504 (0x018f5b13) srli    s6, t5, 24
core   0: 3 0x80003504 (0x018f5b13) x22 0x00000080
core   0: 0x80003508 (0x5a5ea993) slti    s3, t4, 1445
core   0: 3 0x80003508 (0x5a5ea993) x19 0x00000001
core   0: 0x8000350c (0x0000d117) auipc   sp, 0xd
core   0: 3 0x8000350c (0x0000d117) x2  0x8001050c
core   0: 0x80003510 (0xf3d10113) addi    sp, sp, -195
core   0: 3 0x80003510 (0xf3d10113) x2  0x80010449
core   0: 0x80003514 (0x02342bb3) mulhsu  s7, s0, gp
core   0: 3 0x80003514 (0x02342bb3) x23 0xfffffd03
core   0: 0x80003518 (0xca312a03) lw      s4, -861(sp)
core   0: 3 0x80003518 (0xca312a03) x20 0x00000000 mem 0x800100ec
core   0: 0x8000351c (0xabd74393) xori    t2, a4, -1347
core   0: 3 0x8000351c (0xabd74393) x7  0xfffffabc
core   0: 0x80003520 (0x3f610283) lb      t0, 1014(sp)
core   0: 3 0x80003520 (0x3f610283) x5  0x00000000 mem 0x8001083f
core   0: 0x80003524 (0xd0114683) lbu     a3, -767(sp)
core   0: 3 0x80003524 (0xd0114683) x13 0x00000000 mem 0x8001014a
core   0: 0x80003528 (0x000050fd) c.li    ra, -1
core   0: 3 0x80003528 (0x50fd) x1  0xffffffff
core   0: 0x8000352a (0x1d115a03) lhu     s4, 465(sp)
core   0: 3 0x8000352a (0x1d115a03) x20 0x00000000 mem 0x8001061a
core   0: 0x8000352e (0x74f10ea3) sb      a5, 1885(sp)
core   0: 3 0x8000352e (0x74f10ea3) mem 0x80010ba6 0x42
core   0: 0x80003532 (0xd8414d83) lbu     s11, -636(sp)
core   0: 3 0x80003532 (0xd8414d83) x27 0x00000000 mem 0x800101cd
core   0: 0x80003536 (0x4cf11d83) lh      s11, 1231(sp)
core   0: 3 0x80003536 (0x4cf11d83) x27 0x00000000 mem 0x80010918
core   0: 0x8000353a (0x05510ca3) sb      s5, 89(sp)
core   0: 3 0x8000353a (0x05510ca3) mem 0x800104a2 0x08
core   0: 0x8000353e (0x01208433) add     s0, ra, s2
core   0: 3 0x8000353e (0x01208433) x8  0xffffffff
core   0: 0x80003542 (0xcf810503) lb      a0, -776(sp)
core   0: 3 0x80003542 (0xcf810503) x10 0x00000000 mem 0x80010141
core   0: 0x80003546 (0xff9112a3) sh      s9, -27(sp)
core   0: 3 0x80003546 (0xff9112a3) mem 0x8001042e 0xfd03
core   0: 0x8000354a (0x5f111203) lh      tp, 1521(sp)
core   0: 3 0x8000354a (0x5f111203) x4  0x00000000 mem 0x80010a3a
core   0: 0x8000354e (0x0a110023) sb      ra, 160(sp)
core   0: 3 0x8000354e (0x0a110023) mem 0x800104e9 0xff
core   0: 0x80003552 (0x000001ad) c.addi  gp, 11
core   0: 3 0x80003552 (0x01ad) x3  0x0000000a
core   0: 0x80003554 (0x00810283) lb      t0, 8(sp)
core   0: 3 0x80003554 (0x00810283) x5  0x00000000 mem 0x80010451
core   0: 0x80003558 (0x01f2b6b3) sltu    a3, t0, t6
core   0: 3 0x80003558 (0x01f2b6b3) x13 0x00000001
core   0: 0x8000355c (0x47e14303) lbu     t1, 1150(sp)
core   0: 3 0x8000355c (0x47e14303) x6  0x00000000 mem 0x800108c7
core   0: 0x80003560 (0xf6514e03) lbu     t3, -155(sp)
core   0: 3 0x80003560 (0xf6514e03) x28 0x00000000 mem 0x800103ae
core   0: 0x80003564 (0x1bfc8493) addi    s1, s9, 447
core   0: 3 0x80003564 (0x1bfc8493) x9  0xfffffec2
core   0: 0x80003568 (0x2b814003) lbu     zero, 696(sp)
core   0: 3 0x80003568 (0x2b814003) mem 0x80010701
core   0: 0x8000356c (0x61910023) sb      s9, 1536(sp)
core   0: 3 0x8000356c (0x61910023) mem 0x80010a49 0x03
core   0: 0x80003570 (0x06c14183) lbu     gp, 108(sp)
core   0: 3 0x80003570 (0x06c14183) x3  0x00000000 mem 0x800104b5
core   0: 0x80003574 (0x4dd15883) lhu     a7, 1245(sp)
core   0: 3 0x80003574 (0x4dd15883) x17 0x00000000 mem 0x80010926
core   0: 0x80003578 (0x18a10983) lb      s3, 394(sp)
core   0: 3 0x80003578 (0x18a10983) x19 0x00000000 mem 0x800105d3
core   0: 0x8000357c (0xefb15783) lhu     a5, -261(sp)
core   0: 3 0x8000357c (0xefb15783) x15 0x00000000 mem 0x80010344
core   0: 0x80003580 (0x01125fb3) srl     t6, tp, a7
core   0: 3 0x80003580 (0x01125fb3) x31 0x00000000
core   0: 0x80003584 (0x005ef1b3) and     gp, t4, t0
core   0: 3 0x80003584 (0x005ef1b3) x3  0x00000000
core   0: 0x80003588 (0xcc410883) lb      a7, -828(sp)
core   0: 3 0x80003588 (0xcc410883) x17 0x00000000 mem 0x8001010d
core   0: 0x8000358c (0x74a10823) sb      a0, 1872(sp)
core   0: 3 0x8000358c (0x74a10823) mem 0x80010b99 0x00
core   0: 0x80003590 (0xe2c114a3) sh      a2, -471(sp)
core   0: 3 0x80003590 (0xe2c114a3) mem 0x80010272 0x0000
core   0: 0x80003594 (0x00000001) c.nop
core   0: 3 0x80003594 (0x0001)
core   0: 0x80003596 (0x00859d13) slli    s10, a1, 8
core   0: 3 0x80003596 (0x00859d13) x26 0x025edf00
core   0: 0x8000359a (0x17712503) lw      a0, 375(sp)
core   0: 3 0x8000359a (0x17712503) x10 0x00000000 mem 0x800105c0
core   0: 0x8000359e (0x61977713) andi    a4, a4, 1561
core   0: 3 0x8000359e (0x61977713) x14 0x00000001
core   0: 0x800035a2 (0x7bd11883) lh      a7, 1981(sp)
core   0: 3 0x800035a2 (0x7bd11883) x17 0x00000000 mem 0x80010c06
core   0: 0x800035a6 (0x006fc333) xor     t1, t6, t1
core   0: 3 0x800035a6 (0x006fc333) x6  0x00000000
core   0: 0x800035aa (0x00fdb433) sltu    s0, s11, a5
core   0: 3 0x800035aa (0x00fdb433) x8  0x00000000
core   0: 0x800035ae (0x83f2c013) xori    zero, t0, -1985
core   0: 3 0x800035ae (0x83f2c013)
core   0: 0x800035b2 (0x33e14683) lbu     a3, 830(sp)
core   0: 3 0x800035b2 (0x33e14683) x13 0x00000000 mem 0x80010787
core   0: 0x800035b6 (0x52f10523) sb      a5, 1322(sp)
core   0: 3 0x800035b6 (0x52f10523) mem 0x80010973 0x00
core   0: 0x800035ba (0x00008ebd) c.xor   a3, a5
core   0: 3 0x800035ba (0x8ebd) x13 0x00000000
core   0: 0x800035bc (0x47314683) lbu     a3, 1139(sp)
core   0: 3 0x800035bc (0x47314683) x13 0x00000000 mem 0x800108bc
core   0: 0x800035c0 (0x3ca103a3) sb      a0, 967(sp)
core   0: 3 0x800035c0 (0x3ca103a3) mem 0x80010810 0x00
core   0: 0x800035c4 (0x5b4b7293) andi    t0, s6, 1460
core   0: 3 0x800035c4 (0x5b4b7293) x5  0x00000080
core   0: 0x800035c8 (0xe4643713) sltiu   a4, s0, -442
core   0: 3 0x800035c8 (0xe4643713) x14 0x00000001
core   0: 0x800035cc (0x5bb6f093) andi    ra, a3, 1467
core   0: 3 0x800035cc (0x5bb6f093) x1  0x00000000
core   0: 0x800035d0 (0x00001b84) c.addi4spn s1, sp, 496
core   0: 3 0x800035d0 (0x1b84) x9  0x80010639
core   0: 0x800035d2 (0x01150463) beq     a0, a7, pc + 8
core   0: 3 0x800035d2 (0x01150463)
core   0: 0x800035da (0x00008ec5) c.or    a3, s1
core   0: 3 0x800035da (0x8ec5) x13 0x80010639
core   0: 0x800035dc (0x039f8333) mul     t1, t6, s9
core   0: 3 0x800035dc (0x039f8333) x6  0x00000000
core   0: 0x800035e0 (0x03889c33) mulh    s8, a7, s8
core   0: 3 0x800035e0 (0x03889c33) x24 0x00000000
core   0: 0x800035e4 (0x40765833) sra     a6, a2, t2
core   0: 3 0x800035e4 (0x40765833) x16 0x00000000
core   0: 0x800035e8 (0x035befb3) rem     t6, s7, s5
core   0: 3 0x800035e8 (0x035befb3) x31 0xfffffffb
core   0: 0x800035ec (0x01001493) slli    s1, zero, 16
core   0: 3 0x800035ec (0x01001493) x9  0x00000000
core   0: 0x800035f0 (0x00ed2fb3) slt     t6, s10, a4
core   0: 3 0x800035f0 (0x00ed2fb3) x31 0x00000000
core   0: 0x800035f4 (0x208f2913) slti    s2, t5, 520
core   0: 3 0x800035f4 (0x208f2913) x18 0x00000001
core   0: 0x800035f8 (0x00edf733) and     a4, s11, a4
core   0: 3 0x800035f8 (0x00edf733) x14 0x00000000
core   0: 0x800035fc (0x02395a33) divu    s4, s2, gp
core   0: 3 0x800035fc (0x02395a33) x20 0xffffffff
core   0: 0x80003600 (0x021049b3) div     s3, zero, ra
core   0: 3 0x80003600 (0x021049b3) x19 0xffffffff
core   0: 0x80003604 (0x00662433) slt     s0, a2, t1
core   0: 3 0x80003604 (0x00662433) x8  0x00000000
core   0: 0x80003608 (0x0039d263) bge     s3, gp, pc + 4
core   0: 3 0x80003608 (0x0039d263)
core   0: 0x8000360c (0x57262e37) lui     t3, 0x57262
core   0: 3 0x8000360c (0x57262e37) x28 0x57262000
core   0: 0x80003610 (0x00008f35) c.xor   a4, a3
core   0: 3 0x80003610 (0x8f35) x14 0x80010639
core   0: 0x80003612 (0x03416533) rem     a0, sp, s4
core   0: 3 0x80003612 (0x03416533) x10 0x00000000
core   0: 0x80003616 (0x0000eb11) c.bnez  a4, pc + 20
core   0: 3 0x80003616 (0xeb11)
core   0: 0x8000362a (0x414e5b93) srai    s7, t3, 20
core   0: 3 0x8000362a (0x414e5b93) x23 0x00000572
core   0: 0x8000362e (0xfc308693) addi    a3, ra, -61
core   0: 3 0x8000362e (0xfc308693) x13 0xffffffc3
core   0: 0x80003632 (0x00000db9) c.addi  s11, 14
core   0: 3 0x80003632 (0x0db9) x27 0x0000000e
core   0: 0x80003634 (0x03766763) bltu    a2, s7, pc + 46
core   0: 3 0x80003634 (0x03766763)
core   0: 0x80003662 (0x6607ce37) lui     t3, 0x6607c
core   0: 3 0x80003662 (0x6607ce37) x28 0x6607c000
core   0: 0x80003666 (0x8e01fd93) andi    s11, gp, -1824
core   0: 3 0x80003666 (0x8e01fd93) x27 0x00000000
core   0: 0x8000366a (0xefcbab13) slti    s6, s7, -260
core   0: 3 0x8000366a (0xefcbab13) x22 0x00000000
core   0: 0x8000366e (0x026c8863) beq     s9, t1, pc + 48
core   0: 3 0x8000366e (0x026c8863)
core   0: 0x80003672 (0x015d5433) srl     s0, s10, s5
core   0: 3 0x80003672 (0x015d5433) x8  0x00025edf
core   0: 0x80003676 (0x0000e30d) c.bnez  a4, pc + 34
core   0: 3 0x80003676 (0xe30d)
core   0: 0x80003698 (0x00000001) c.nop
core   0: 3 0x80003698 (0x0001)
core   0: 0x8000369a (0x03a2cc63) blt     t0, s10, pc + 56
core   0: 3 0x8000369a (0x03a2cc63)
core   0: 0x800036d2 (0xadca1b37) lui     s6, 0xadca1
core   0: 3 0x800036d2 (0xadca1b37) x22 0xadca1000
core   0: 0x800036d6 (0x41a85233) sra     tp, a6, s10
core   0: 3 0x800036d6 (0x41a85233) x4  0x00000000
core   0: 0x800036da (0x0000e095) c.bnez  s1, pc + 36
core   0: 3 0x800036da (0xe095)
core   0: 0x800036dc (0x00000001) c.nop
core   0: 3 0x800036dc (0x0001)
core   0: 0x800036de (0x0121a1b3) slt     gp, gp, s2
core   0: 3 0x800036de (0x0121a1b3) x3  0x00000001
core   0: 0x800036e2 (0x0303b633) mulhu   a2, t2, a6
core   0: 3 0x800036e2 (0x0303b633) x12 0x00000000
core   0: 0x800036e6 (0x0000cc15) c.beqz  s0, pc + 60
core   0: 3 0x800036e6 (0xcc15)
core   0: 0x800036e8 (0x02d41d33) mulh    s10, s0, a3
core   0: 3 0x800036e8 (0x02d41d33) x26 0xffffffff
core   0: 0x800036ec (0x03740633) mul     a2, s0, s7
core   0: 3 0x800036ec (0x03740633) x12 0x0ce89a4e
core   0: 0x800036f0 (0x4d5e1337) lui     t1, 0x4d5e1
core   0: 3 0x800036f0 (0x4d5e1337) x6  0x4d5e1000
core   0: 0x800036f4 (0x00006871) c.lui   a6, 0x1c
core   0: 3 0x800036f4 (0x6871) x16 0x0001c000
core   0: 0x800036f6 (0x0165a433) slt     s0, a1, s6
core   0: 3 0x800036f6 (0x0165a433) x8  0x00000001
core   0: 0x800036fa (0x01c14c63) blt     sp, t3, pc + 24
core   0: 3 0x800036fa (0x01c14c63)
core   0: 0x80003712 (0x00008cb1) c.xor   s1, a2
core   0: 3 0x80003712 (0x8cb1) x9  0x0ce89a4e
core   0: 0x80003714 (0x02b19b33) mulh    s6, gp, a1
core   0: 3 0x80003714 (0x02b19b33) x22 0xffffffff
core   0: 0x80003718 (0x00000166) c.slli  sp, 25
core   0: 3 0x80003718 (0x0166) x2  0x92000000
core   0: 0x8000371a (0x00008c91) c.sub   s1, a2
core   0: 3 0x8000371a (0x8c91) x9  0x00000000
core   0: 0x8000371c (0x00009462) c.add   s0, s8
core   0: 3 0x8000371c (0x9462) x8  0x00000001
core   0: 0x8000371e (0x02277f63) bgeu    a4, sp, pc + 62
core   0: 3 0x8000371e (0x02277f63)
core   0: 0x80003722 (0x01844333) xor     t1, s0, s8
core   0: 3 0x80003722 (0x01844333) x6  0x00000001
core   0: 0x80003726 (0x00c5d233) srl     tp, a1, a2
core   0: 3 0x80003726 (0x00c5d233) x4  0x00020009
core   0: 0x8000372a (0x00009b7d) c.andi  a4, -1
core   0: 3 0x8000372a (0x9b7d) x14 0x80010639
core   0: 0x8000372c (0x03781733) mulh    a4, a6, s7
core   0: 3 0x8000372c (0x03781733) x14 0x00000000
core   0: 0x80003730 (0x0000c109) c.beqz  a0, pc + 2
core   0: 3 0x80003730 (0xc109)
core   0: 0x80003732 (0x00008f71) c.and   a4, a2
core   0: 3 0x80003732 (0x8f71) x14 0x00000000
core   0: 0x80003734 (0x00008565) c.srai  a0, 25
core   0: 3 0x80003734 (0x8565) x10 0x00000000
core   0: 0x80003736 (0x00000001) c.nop
core   0: 3 0x80003736 (0x0001)
core   0: 0x80003738 (0x01cddb33) srl     s6, s11, t3
core   0: 3 0x80003738 (0x01cddb33) x22 0x00000000
core   0: 0x8000373c (0x000016fd) c.addi  a3, -1
core   0: 3 0x8000373c (0x16fd) x13 0xffffffc2
core   0: 0x8000373e (0x0000e239) c.bnez  a2, pc + 70
core   0: 3 0x8000373e (0xe239)
core   0: 0x80003784 (0x00005c7d) c.li    s8, -1
core   0: 3 0x80003784 (0x5c7d) x24 0xffffffff
core   0: 0x80003786 (0x410fd013) srai    zero, t6, 16
core   0: 3 0x80003786 (0x410fd013)
core   0: 0x8000378a (0x000015fd) c.addi  a1, -1
core   0: 3 0x8000378a (0x15fd) x11 0x80025ede
core   0: 0x8000378c (0x3dbc21b7) lui     gp, 0x3dbc2
core   0: 3 0x8000378c (0x3dbc21b7) x3  0x3dbc2000
core   0: 0x80003790 (0x00008c85) c.sub   s1, s1
core   0: 3 0x80003790 (0x8c85) x9  0x00000000
core   0: 0x80003792 (0x0000c6ad) c.beqz  a3, pc + 106
core   0: 3 0x80003792 (0xc6ad)
core   0: 0x80003794 (0x0000d997) auipc   s3, 0xd
core   0: 3 0x80003794 (0x0000d997) x19 0x80010794
core   0: 0x80003798 (0x00798993) addi    s3, s3, 7
core   0: 3 0x80003798 (0x00798993) x19 0x8001079b
core   0: 0x8000379c (0x5c19cd83) lbu     s11, 1473(s3)
core   0: 3 0x8000379c (0x5c19cd83) x27 0x00000000 mem 0x80010d5c
core   0: 0x800037a0 (0x5c198e03) lb      t3, 1473(s3)
core   0: 3 0x800037a0 (0x5c198e03) x28 0x00000000 mem 0x80010d5c
core   0: 0x800037a4 (0x036cdfb3) divu    t6, s9, s6
core   0: 3 0x800037a4 (0x036cdfb3) x31 0xffffffff
core   0: 0x800037a8 (0x2fd993a3) sh      t4, 743(s3)
core   0: 3 0x800037a8 (0x2fd993a3) mem 0x80010a82 0x5ea4
core   0: 0x800037ac (0x2e0983a3) sb      zero, 743(s3)
core   0: 3 0x800037ac (0x2e0983a3) mem 0x80010a82 0x00
core   0: 0x800037b0 (0x2e79c583) lbu     a1, 743(s3)
core   0: 3 0x800037b0 (0x2e79c583) x11 0x00000000 mem 0x80010a82
core   0: 0x800037b4 (0x02ff0bb3) mul     s7, t5, a5
core   0: 3 0x800037b4 (0x02ff0bb3) x23 0x00000000
core   0: 0x800037b8 (0x2ef993a3) sh      a5, 743(s3)
core   0: 3 0x800037b8 (0x2ef993a3) mem 0x80010a82 0x0000
core   0: 0x800037bc (0xafa98283) lb      t0, -1286(s3)
core   0: 3 0x800037bc (0xafa98283) x5  0x00000000 mem 0x80010295
core   0: 0x800037c0 (0x00bbccb3) xor     s9, s7, a1
core   0: 3 0x800037c0 (0x00bbccb3) x25 0x00000000
core   0: 0x800037c4 (0x01155b93) srli    s7, a0, 17
core   0: 3 0x800037c4 (0x01155b93) x23 0x00000000
core   0: 0x800037c8 (0xafa98d83) lb      s11, -1286(s3)
core   0: 3 0x800037c8 (0xafa98d83) x27 0x00000000 mem 0x80010295
core   0: 0x800037cc (0xafa9c203) lbu     tp, -1286(s3)
core   0: 3 0x800037cc (0xafa9c203) x4  0x00000000 mem 0x80010295
core   0: 0x800037d0 (0x00985913) srli    s2, a6, 9
core   0: 3 0x800037d0 (0x00985913) x18 0x000000e0
core   0: 0x800037d4 (0x0060ab33) slt     s6, ra, t1
core   0: 3 0x800037d4 (0x0060ab33) x22 0x00000001
core   0: 0x800037d8 (0xafa9c683) lbu     a3, -1286(s3)
core   0: 3 0x800037d8 (0xafa9c683) x13 0x00000000 mem 0x80010295
core   0: 0x800037dc (0xafa98883) lb      a7, -1286(s3)
core   0: 3 0x800037dc (0xafa98883) x17 0x00000000 mem 0x80010295
core   0: 0x800037e0 (0x1e098003) lb      zero, 480(s3)
core   0: 3 0x800037e0 (0x1e098003) mem 0x8001097b
core   0: 0x800037e4 (0x1f498023) sb      s4, 480(s3)
core   0: 3 0x800037e4 (0x1f498023) mem 0x8001097b 0xff
core   0: 0x800037e8 (0x00919cb3) sll     s9, gp, s1
core   0: 3 0x800037e8 (0x00919cb3) x25 0x3dbc2000
core   0: 0x800037ec (0x1e09cf83) lbu     t6, 480(s3)
core   0: 3 0x800037ec (0x1e09cf83) x31 0x000000ff mem 0x8001097b
core   0: 0x800037f0 (0x1189c703) lbu     a4, 280(s3)
core   0: 3 0x800037f0 (0x1189c703) x14 0x00000000 mem 0x800108b3
core   0: 0x800037f4 (0x03a88cb3) mul     s9, a7, s10
core   0: 3 0x800037f4 (0x03a88cb3) x25 0x00000000
core   0: 0x800037f8 (0xf08fc893) xori    a7, t6, -248
core   0: 3 0x800037f8 (0xf08fc893) x17 0xfffffff7
core   0: 0x800037fc (0x0154e263) bltu    s1, s5, pc + 4
core   0: 3 0x800037fc (0x0154e263)
core   0: 0x80003800 (0x00666333) or      t1, a2, t1
core   0: 3 0x80003800 (0x00666333) x6  0x0ce89a4f
core   0: 0x80003804 (0xef8ff793) andi    a5, t6, -264
core   0: 3 0x80003804 (0xef8ff793) x15 0x000000f8
core   0: 0x80003808 (0x020d9fb3) mulh    t6, s11, zero
core   0: 3 0x80003808 (0x020d9fb3) x31 0x00000000
core   0: 0x8000380c (0x000083ad) c.srli  a5, 11
core   0: 3 0x8000380c (0x83ad) x15 0x00000000
core   0: 0x8000380e (0x00000fc1) c.addi  t6, 16
core   0: 3 0x8000380e (0x0fc1) x31 0x00000010
core   0: 0x80003810 (0x41900d33) sub     s10, zero, s9
core   0: 3 0x80003810 (0x41900d33) x26 0x00000000
core   0: 0x80003814 (0x03fee133) rem     sp, t4, t6
core   0: 3 0x80003814 (0x03fee133) x2  0xfffffff4
core   0: 0x80003818 (0x0000ca05) c.beqz  a2, pc + 48
core   0: 3 0x80003818 (0xca05)
core   0: 0x8000381a (0x01d69033) sll     zero, a3, t4
core   0: 3 0x8000381a (0x01d69033)
core   0: 0x8000381e (0x00000001) c.nop
core   0: 3 0x8000381e (0x0001)
core   0: 0x80003820 (0x0000e499) c.bnez  s1, pc + 14
core   0: 3 0x80003820 (0xe499)
core   0: 0x80003822 (0x26e09bb7) lui     s7, 0x26e09
core   0: 3 0x80003822 (0x26e09bb7) x23 0x26e09000
core   0: 0x80003826 (0x018e1693) slli    a3, t3, 24
core   0: 3 0x80003826 (0x018e1693) x13 0x00000000
core   0: 0x8000382a (0x032d49b3) div     s3, s10, s2
core   0: 3 0x8000382a (0x032d49b3) x19 0x00000000
core   0: 0x8000382e (0x02b3d133) divu    sp, t2, a1
core   0: 3 0x8000382e (0x02b3d133) x2  0xffffffff
core   0: 0x80003832 (0x02f917b3) mulh    a5, s2, a5
core   0: 3 0x80003832 (0x02f917b3) x15 0x00000000
core   0: 0x80003836 (0x0000c38d) c.beqz  a5, pc + 34
core   0: 3 0x80003836 (0xc38d)
core   0: 0x80003858 (0xcfc13b13) sltiu   s6, sp, -772
core   0: 3 0x80003858 (0xcfc13b13) x22 0x00000000
core   0: 0x8000385c (0x40c6d713) srai    a4, a3, 12
core   0: 3 0x8000385c (0x40c6d713) x14 0x00000000
core   0: 0x80003860 (0x19cdcc93) xori    s9, s11, 412
core   0: 3 0x80003860 (0x19cdcc93) x25 0x0000019c
core   0: 0x80003864 (0x00000c15) c.addi  s8, 5
core   0: 3 0x80003864 (0x0c15) x24 0x00000004
core   0: 0x80003866 (0x0187bfb3) sltu    t6, a5, s8
core   0: 3 0x80003866 (0x0187bfb3) x31 0x00000001
core   0: 0x8000386a (0x3d610d13) addi    s10, sp, 982
core   0: 3 0x8000386a (0x3d610d13) x26 0x000003d5
core   0: 0x8000386e (0x00599bb3) sll     s7, s3, t0
core   0: 3 0x8000386e (0x00599bb3) x23 0x00000000
core   0: 0x80003872 (0x00008fb1) c.xor   a5, a2
core   0: 3 0x80003872 (0x8fb1) x15 0x0ce89a4e
core   0: 0x80003874 (0x000086da) c.mv    a3, s6
core   0: 3 0x80003874 (0x86da) x13 0x00000000
core   0: 0x80003876 (0x00109733) sll     a4, ra, ra
core   0: 3 0x80003876 (0x00109733) x14 0x00000000
core   0: 0x8000387a (0x01d8d6b3) srl     a3, a7, t4
core   0: 3 0x8000387a (0x01d8d6b3) x13 0x0fffffff
core   0: 0x8000387e (0x00594b63) blt     s2, t0, pc + 22
core   0: 3 0x8000387e (0x00594b63)
core   0: 0x80003882 (0x02c3c3b3) div     t2, t2, a2
core   0: 3 0x80003882 (0x02c3c3b3) x7  0x00000000
core   0: 0x80003886 (0x7fd7b193) sltiu   gp, a5, 2045
core   0: 3 0x80003886 (0x7fd7b193) x3  0x00000000
core   0: 0x8000388a (0x3a444c13) xori    s8, s0, 932
core   0: 3 0x8000388a (0x3a444c13) x24 0x000003a5
core   0: 0x8000388e (0x01917663) bgeu    sp, s9, pc + 12
core   0: 3 0x8000388e (0x01917663)
core   0: 0x8000389a (0x02d0f763) bgeu    ra, a3, pc + 46
core   0: 3 0x8000389a (0x02d0f763)
core   0: 0x8000389e (0x0000e389) c.bnez  a5, pc + 2
core   0: 3 0x8000389e (0xe389)
core   0: 0x800038a0 (0x00006131) c.addi16sp sp, 320
core   0: 3 0x800038a0 (0x6131) x2  0x0000013f
core   0: 0x800038a2 (0x03b574b3) remu    s1, a0, s11
core   0: 3 0x800038a2 (0x03b574b3) x9  0x00000000
core   0: 0x800038a6 (0x400f8e33) sub     t3, t6, zero
core   0: 3 0x800038a6 (0x400f8e33) x28 0x00000001
core   0: 0x800038aa (0x03049063) bne     s1, a6, pc + 32
core   0: 3 0x800038aa (0x03049063)
core   0: 0x800038ca (0x02261563) bne     a2, sp, pc + 42
core   0: 3 0x800038ca (0x02261563)
core   0: 0x800038f4 (0x01845493) srli    s1, s0, 24
core   0: 3 0x800038f4 (0x01845493) x9  0x00000000
core   0: 0x800038f8 (0x02b4c033) div     zero, s1, a1
core   0: 3 0x800038f8 (0x02b4c033)
core   0: 0x800038fc (0x000009f6) c.slli  s3, 29
core   0: 3 0x800038fc (0x09f6) x19 0x00000000
core   0: 0x800038fe (0x0164d263) bge     s1, s6, pc + 4
core   0: 3 0x800038fe (0x0164d263)
core   0: 0x80003902 (0x05af5363) bge     t5, s10, pc + 70
core   0: 3 0x80003902 (0x05af5363)
core   0: 0x80003906 (0x000008ae) c.slli  a7, 11
core   0: 3 0x80003906 (0x08ae) x17 0xffffb800
core   0: 0x80003908 (0x007a43b3) xor     t2, s4, t2
core   0: 3 0x80003908 (0x007a43b3) x7  0xffffffff
core   0: 0x8000390c (0x72dccb13) xori    s6, s9, 1837
core   0: 3 0x8000390c (0x72dccb13) x22 0x000006b1
core   0: 0x80003910 (0x007c5c33) srl     s8, s8, t2
core   0: 3 0x80003910 (0x007c5c33) x24 0x00000000
core   0: 0x80003914 (0xb5580d37) lui     s10, 0xb5580
core   0: 3 0x80003914 (0xb5580d37) x26 0xb5580000
core   0: 0x80003918 (0x000018fd) c.addi  a7, -1
core   0: 3 0x80003918 (0x18fd) x17 0xffffb7ff
core   0: 0x8000391a (0x0018c763) blt     a7, ra, pc + 14
core   0: 3 0x8000391a (0x0018c763)
core   0: 0x80003928 (0x00a96fb3) or      t6, s2, a0
core   0: 3 0x80003928 (0x00a96fb3) x31 0x000000e0
core   0: 0x8000392c (0x013eccb3) xor     s9, t4, s3
core   0: 3 0x8000392c (0x013eccb3) x25 0x80025ea4
core   0: 0x80003930 (0x03416333) rem     t1, sp, s4
core   0: 3 0x80003930 (0x03416333) x6  0x00000000
core   0: 0x80003934 (0xb0118613) addi    a2, gp, -1279
core   0: 3 0x80003934 (0xb0118613) x12 0xfffffb01
core   0: 0x80003938 (0x41898733) sub     a4, s3, s8
core   0: 3 0x80003938 (0x41898733) x14 0x00000000
core   0: 0x8000393c (0x014db3b3) sltu    t2, s11, s4
core   0: 3 0x8000393c (0x014db3b3) x7  0x00000001
core   0: 0x80003940 (0x017d9713) slli    a4, s11, 23
core   0: 3 0x80003940 (0x017d9713) x14 0x00000000
core   0: 0x80003944 (0x03941d33) mulh    s10, s0, s9
core   0: 3 0x80003944 (0x03941d33) x26 0xffffffff
core   0: 0x80003948 (0xd4860d93) addi    s11, a2, -696
core   0: 3 0x80003948 (0xd4860d93) x27 0xfffff849
core   0: 0x8000394c (0x039b8263) beq     s7, s9, pc + 36
core   0: 3 0x8000394c (0x039b8263)
core   0: 0x80003950 (0x0000c2b1) c.beqz  a3, pc + 68
core   0: 3 0x80003950 (0xc2b1)
core   0: 0x80003952 (0xc2fa2d93) slti    s11, s4, -977
core   0: 3 0x80003952 (0xc2fa2d93) x27 0x00000000
core   0: 0x80003956 (0x0000c109) c.beqz  a0, pc + 2
core   0: 3 0x80003956 (0xc109)
core   0: 0x80003958 (0x8ec64313) xori    t1, a2, -1812
core   0: 3 0x80003958 (0x8ec64313) x6  0x000003ed
core   0: 0x8000395c (0x02c9ffb3) remu    t6, s3, a2
core   0: 3 0x8000395c (0x02c9ffb3) x31 0x00000000
core   0: 0x80003960 (0x019e9a13) slli    s4, t4, 25
core   0: 3 0x80003960 (0x019e9a13) x20 0x48000000
core   0: 0x80003964 (0x01e3d363) bge     t2, t5, pc + 6
core   0: 3 0x80003964 (0x01e3d363)
core   0: 0x8000396a (0x02a1b6b3) mulhu   a3, gp, a0
core   0: 3 0x8000396a (0x02a1b6b3) x13 0x00000000
core   0: 0x8000396e (0x00008c51) c.or    s0, a2
core   0: 3 0x8000396e (0x8c51) x8  0xfffffb01
core   0: 0x80003970 (0x02945133) divu    sp, s0, s1
core   0: 3 0x80003970 (0x02945133) x2  0xffffffff
core   0: 0x80003974 (0x042f8363) beq     t6, sp, pc + 70
core   0: 3 0x80003974 (0x042f8363)
core   0: 0x80003978 (0x00008245) c.srli  a2, 17
core   0: 3 0x80003978 (0x8245) x12 0x00007fff
core   0: 0x8000397a (0x0099f263) bgeu    s3, s1, pc + 4
core   0: 3 0x8000397a (0x0099f263)
core   0: 0x8000397e (0x00b330b3) sltu    ra, t1, a1
core   0: 3 0x8000397e (0x00b330b3) x1  0x00000000
core   0: 0x80003982 (0x00008de5) c.and   a1, s1
core   0: 3 0x80003982 (0x8de5) x11 0x00000000
core   0: 0x80003984 (0x41a159b3) sra     s3, sp, s10
core   0: 3 0x80003984 (0x41a159b3) x19 0xffffffff
core   0: 0x80003988 (0xc03a6693) ori     a3, s4, -1021
core   0: 3 0x80003988 (0xc03a6693) x13 0xfffffc03
core   0: 0x8000398c (0x31240437) lui     s0, 0x31240
core   0: 3 0x8000398c (0x31240437) x8  0x31240000
core   0: 0x80003990 (0x02575363) bge     a4, t0, pc + 38
core   0: 3 0x80003990 (0x02575363)
core   0: 0x800039b6 (0x0293d8b3) divu    a7, t2, s1
core   0: 3 0x800039b6 (0x0293d8b3) x17 0xffffffff
core   0: 0x800039ba (0x000080ee) c.mv    ra, s11
core   0: 3 0x800039ba (0x80ee) x1  0x00000000
core   0: 0x800039bc (0xb7963713) sltiu   a4, a2, -1159
core   0: 3 0x800039bc (0xb7963713) x14 0x00000001
core   0: 0x800039c0 (0x028a76b3) remu    a3, s4, s0
core   0: 3 0x800039c0 (0x028a76b3) x13 0x16dc0000
core   0: 0x800039c4 (0x00fa8663) beq     s5, a5, pc + 12
core   0: 3 0x800039c4 (0x00fa8663)
core   0: 0x800039c8 (0x4160db13) srai    s6, ra, 22
core   0: 3 0x800039c8 (0x4160db13) x22 0x00000000
core   0: 0x800039cc (0x01a258b3) srl     a7, tp, s10
core   0: 3 0x800039cc (0x01a258b3) x17 0x00000000
core   0: 0x800039d0 (0x00008f91) c.sub   a5, a2
core   0: 3 0x800039d0 (0x8f91) x15 0x0ce81a4f
core   0: 0x800039d2 (0x40ea8933) sub     s2, s5, a4
core   0: 3 0x800039d2 (0x40ea8933) x18 0x00000007
core   0: 0x800039d6 (0x03abe1b3) rem     gp, s7, s10
core   0: 3 0x800039d6 (0x03abe1b3) x3  0x00000000
core   0: 0x800039da (0x0210ee33) rem     t3, ra, ra
core   0: 3 0x800039da (0x0210ee33) x28 0x00000000
core   0: 0x800039de (0x00000001) c.nop
core   0: 3 0x800039de (0x0001)
core   0: 0x800039e0 (0x02f277b3) remu    a5, tp, a5
core   0: 3 0x800039e0 (0x02f277b3) x15 0x00000000
core   0: 0x800039e4 (0x03cebc33) mulhu   s8, t4, t3
core   0: 3 0x800039e4 (0x03cebc33) x24 0x00000000
core   0: 0x800039e8 (0x000046e9) c.li    a3, 26
core   0: 3 0x800039e8 (0x46e9) x13 0x0000001a
core   0: 0x800039ea (0xb41fbb13) sltiu   s6, t6, -1215
core   0: 3 0x800039ea (0xb41fbb13) x22 0x00000001
core   0: 0x800039ee (0x01099093) slli    ra, s3, 16
core   0: 3 0x800039ee (0x01099093) x1  0xffff0000
core   0: 0x800039f2 (0x000066c5) c.lui   a3, 0x11
core   0: 3 0x800039f2 (0x66c5) x13 0x00011000
core   0: 0x800039f4 (0x01ab49b3) xor     s3, s6, s10
core   0: 3 0x800039f4 (0x01ab49b3) x19 0xfffffffe
core   0: 0x800039f8 (0x41080633) sub     a2, a6, a6
core   0: 3 0x800039f8 (0x41080633) x12 0x00000000
core   0: 0x800039fc (0x00008c4d) c.or    s0, a1
core   0: 3 0x800039fc (0x8c4d) x8  0x31240000
core   0: 0x800039fe (0x0000ca11) c.beqz  a2, pc + 20
core   0: 3 0x800039fe (0xca11)
core   0: 0x80003a12 (0x7abefb13) andi    s6, t4, 1963
core   0: 3 0x80003a12 (0x7abefb13) x22 0x000006a0
core   0: 0x80003a16 (0xd0576d37) lui     s10, 0xd0576
core   0: 3 0x80003a16 (0xd0576d37) x26 0xd0576000
core   0: 0x80003a1a (0x02c79fb3) mulh    t6, a5, a2
core   0: 3 0x80003a1a (0x02c79fb3) x31 0x00000000
core   0: 0x80003a1e (0x0000e619) c.bnez  a2, pc + 14
core   0: 3 0x80003a1e (0xe619)
core   0: 0x80003a20 (0x01dd7263) bgeu    s10, t4, pc + 4
core   0: 3 0x80003a20 (0x01dd7263)
core   0: 0x80003a24 (0x0007f663) bgeu    a5, zero, pc + 12
core   0: 3 0x80003a24 (0x0007f663)
core   0: 0x80003a30 (0x0207a9b3) mulhsu  s3, a5, zero
core   0: 3 0x80003a30 (0x0207a9b3) x19 0x00000000
core   0: 0x80003a34 (0x0199fb33) and     s6, s3, s9
core   0: 3 0x80003a34 (0x0199fb33) x22 0x00000000
core   0: 0x80003a38 (0x4152d293) srai    t0, t0, 21
core   0: 3 0x80003a38 (0x4152d293) x5  0x00000000
core   0: 0x80003a3c (0x15b58b13) addi    s6, a1, 347
core   0: 3 0x80003a3c (0x15b58b13) x22 0x0000015b
core   0: 0x80003a40 (0x030795b3) mulh    a1, a5, a6
core   0: 3 0x80003a40 (0x030795b3) x11 0x00000000
core   0: 0x80003a44 (0x00000001) c.nop
core   0: 3 0x80003a44 (0x0001)
core   0: 0x80003a46 (0x001276b3) and     a3, tp, ra
core   0: 3 0x80003a46 (0x001276b3) x13 0x00000000
core   0: 0x80003a4a (0x0000cc85) c.beqz  s1, pc + 56
core   0: 3 0x80003a4a (0xcc85)
core   0: 0x80003a82 (0x01e183b3) add     t2, gp, t5
core   0: 3 0x80003a82 (0x01e183b3) x7  0x80029d24
core   0: 0x80003a86 (0x00008019) c.srli  s0, 6
core   0: 3 0x80003a86 (0x8019) x8  0x00c49000
core   0: 0x80003a88 (0x0312dc33) divu    s8, t0, a7
core   0: 3 0x80003a88 (0x0312dc33) x24 0xffffffff
core   0: 0x80003a8c (0x03a4a4b3) mulhsu  s1, s1, s10
core   0: 3 0x80003a8c (0x03a4a4b3) x9  0x00000000
core   0: 0x80003a90 (0x0cd8c063) blt     a7, a3, pc + 192
core   0: 3 0x80003a90 (0x0cd8c063)
core   0: 0x80003a94 (0x006d0c33) add     s8, s10, t1
core   0: 3 0x80003a94 (0x006d0c33) x24 0xd05763ed
core   0: 0x80003a98 (0x002cd033) srl     zero, s9, sp
core   0: 3 0x80003a98 (0x002cd033)
core   0: 0x80003a9c (0x00006141) c.addi16sp sp, 16
core   0: 3 0x80003a9c (0x6141) x2  0x0000000f
core   0: 0x80003a9e (0x0342a433) mulhsu  s0, t0, s4
core   0: 3 0x80003a9e (0x0342a433) x8  0x00000000
core   0: 0x80003aa2 (0x00000001) c.nop
core   0: 3 0x80003aa2 (0x0001)
core   0: 0x80003aa4 (0x3e8b3693) sltiu   a3, s6, 1000
core   0: 3 0x80003aa4 (0x3e8b3693) x13 0x00000001
core   0: 0x80003aa8 (0x010fb833) sltu    a6, t6, a6
core   0: 3 0x80003aa8 (0x010fb833) x16 0x00000001
core   0: 0x80003aac (0x00014d97) auipc   s11, 0x14
core   0: 3 0x80003aac (0x00014d97) x27 0x80017aac
core   0: 0x80003ab0 (0x639d8d93) addi    s11, s11, 1593
core   0: 3 0x80003ab0 (0x639d8d93) x27 0x800180e5
core   0: 0x80003ab4 (0x02dcf2b3) remu    t0, s9, a3
core   0: 3 0x80003ab4 (0x02dcf2b3) x5  0x00000000
core   0: 0x80003ab8 (0x00000001) c.nop
core   0: 3 0x80003ab8 (0x0001)
core   0: 0x80003aba (0x02ececb3) rem     s9, s9, a4
core   0: 3 0x80003aba (0x02ececb3) x25 0x00000000
core   0: 0x80003abe (0x036b0733) mul     a4, s6, s6
core   0: 3 0x80003abe (0x036b0733) x14 0x0001d659
core   0: 0x80003ac2 (0x00ddd283) lhu     t0, 13(s11)
core   0: 3 0x80003ac2 (0x00ddd283) x5  0x00000000 mem 0x800180f2
core   0: 0x80003ac6 (0xff6d8583) lb      a1, -10(s11)
core   0: 3 0x80003ac6 (0xff6d8583) x11 0x00000000 mem 0x800180db
core   0: 0x80003aca (0x00bd93a3) sh      a1, 7(s11)
core   0: 3 0x80003aca (0x00bd93a3) mem 0x800180ec 0x0000
core   0: 0x80003ace (0x02b76733) rem     a4, a4, a1
core   0: 3 0x80003ace (0x02b76733) x14 0x0001d659
core   0: 0x80003ad2 (0x0255a2b3) mulhsu  t0, a1, t0
core   0: 3 0x80003ad2 (0x0255a2b3) x5  0x00000000
core   0: 0x80003ad6 (0x016d8723) sb      s6, 14(s11)
core   0: 3 0x80003ad6 (0x016d8723) mem 0x800180f3 0x5b
core   0: 0x80003ada (0x00ad8703) lb      a4, 10(s11)
core   0: 3 0x80003ada (0x00ad8703) x14 0x00000000 mem 0x800180ef
core   0: 0x80003ade (0xfffd8b03) lb      s6, -1(s11)
core   0: 3 0x80003ade (0xfffd8b03) x22 0x00000000 mem 0x800180e4
core   0: 0x80003ae2 (0x00fdd703) lhu     a4, 15(s11)
core   0: 3 0x80003ae2 (0x00fdd703) x14 0x00000000 mem 0x800180f4
core   0: 0x80003ae6 (0x18f8c297) auipc   t0, 0x18f8c
core   0: 3 0x80003ae6 (0x18f8c297) x5  0x98f8fae6
core   0: 0x80003aea (0x00000001) c.nop
core   0: 3 0x80003aea (0x0001)
core   0: 0x80003aec (0x019592b3) sll     t0, a1, s9
core   0: 3 0x80003aec (0x019592b3) x5  0x00000000
core   0: 0x80003af0 (0x000095e6) c.add   a1, s9
core   0: 3 0x80003af0 (0x95e6) x11 0x00000000
core   0: 0x80003af2 (0xff2d8283) lb      t0, -14(s11)
core   0: 3 0x80003af2 (0xff2d8283) x5  0x00000000 mem 0x800180d7
core   0: 0x80003af6 (0x00009596) c.add   a1, t0
core   0: 3 0x80003af6 (0x9596) x11 0x00000000
core   0: 0x80003af8 (0x005d8703) lb      a4, 5(s11)
core   0: 3 0x80003af8 (0x005d8703) x14 0x00000000 mem 0x800180ea
core   0: 0x80003afc (0x00008d95) c.sub   a1, a3
core   0: 3 0x80003afc (0x8d95) x11 0xffffffff
core   0: 0x80003afe (0x0362f2b3) remu    t0, t0, s6
core   0: 3 0x80003afe (0x0362f2b3) x5  0x00000000
core   0: 0x80003b02 (0xffcd8b03) lb      s6, -4(s11)
core   0: 3 0x80003b02 (0xffcd8b03) x22 0x00000000 mem 0x800180e1
core   0: 0x80003b06 (0x02d28b33) mul     s6, t0, a3
core   0: 3 0x80003b06 (0x02d28b33) x22 0x00000000
core   0: 0x80003b0a (0x00008b55) c.andi  a4, 21
core   0: 3 0x80003b0a (0x8b55) x14 0x00000000
core   0: 0x80003b0c (0x005d9703) lh      a4, 5(s11)
core   0: 3 0x80003b0c (0x005d9703) x14 0x00000000 mem 0x800180ea
core   0: 0x80003b10 (0xff1dc583) lbu     a1, -15(s11)
core   0: 3 0x80003b10 (0xff1dc583) x11 0x00000000 mem 0x800180d6
core   0: 0x80003b14 (0x01fb1713) slli    a4, s6, 31
core   0: 3 0x80003b14 (0x01fb1713) x14 0x00000000
core   0: 0x80003b18 (0xffcd8583) lb      a1, -4(s11)
core   0: 3 0x80003b18 (0xffcd8583) x11 0x00000000 mem 0x800180e1
core   0: 0x80003b1c (0x00b695b3) sll     a1, a3, a1
core   0: 3 0x80003b1c (0x00b695b3) x11 0x00000001
core   0: 0x80003b20 (0x65da8697) auipc   a3, 0x65da8
core   0: 3 0x80003b20 (0x65da8697) x13 0xe5dabb20
core   0: 0x80003b24 (0x0256c6b3) div     a3, a3, t0
core   0: 3 0x80003b24 (0x0256c6b3) x13 0xffffffff
core   0: 0x80003b28 (0x00006585) c.lui   a1, 0x1
core   0: 3 0x80003b28 (0x6585) x11 0x00001000
core   0: 0x80003b2a (0xff5d9703) lh      a4, -11(s11)
core   0: 3 0x80003b2a (0xff5d9703) x14 0x00000000 mem 0x800180da
core   0: 0x80003b2e (0x000086b6) c.mv    a3, a3
core   0: 3 0x80003b2e (0x86b6) x13 0xffffffff
core   0: 0x80003b30 (0xfffdcb03) lbu     s6, -1(s11)
core   0: 3 0x80003b30 (0xfffdcb03) x22 0x00000000 mem 0x800180e4
core   0: 0x80003b34 (0x006dc703) lbu     a4, 6(s11)
core   0: 3 0x80003b34 (0x006dc703) x14 0x00000000 mem 0x800180eb
core   0: 0x80003b38 (0x5ea2b693) sltiu   a3, t0, 1514
core   0: 3 0x80003b38 (0x5ea2b693) x13 0x00000001
core   0: 0x80003b3c (0xff8dc283) lbu     t0, -8(s11)
core   0: 3 0x80003b3c (0xff8dc283) x5  0x00000000 mem 0x800180dd
core   0: 0x80003b40 (0xff6dcc83) lbu     s9, -10(s11)
core   0: 3 0x80003b40 (0xff6dcc83) x25 0x00000000 mem 0x800180db
core   0: 0x80003b44 (0xfffd8283) lb      t0, -1(s11)
core   0: 3 0x80003b44 (0xfffd8283) x5  0x00000000 mem 0x800180e4
core   0: 0x80003b48 (0x00017433) and     s0, sp, zero
core   0: 3 0x80003b48 (0x00017433) x8  0x00000000
core   0: 0x80003b4c (0x00008c59) c.or    s0, a4
core   0: 3 0x80003b4c (0x8c59) x8  0x00000000
core   0: 0x80003b4e (0x00004ffd) c.li    t6, 31
core   0: 3 0x80003b4e (0x4ffd) x31 0x0000001f
core   0: 0x80003b50 (0x00000001) c.nop
core   0: 3 0x80003b50 (0x0001)
core   0: 0x80003b52 (0x03827cb3) remu    s9, tp, s8
core   0: 3 0x80003b52 (0x03827cb3) x25 0x00000000
core   0: 0x80003b56 (0x27927993) andi    s3, tp, 633
core   0: 3 0x80003b56 (0x27927993) x19 0x00000000
core   0: 0x80003b5a (0x000040a1) c.li    ra, 8
core   0: 3 0x80003b5a (0x40a1) x1  0x00000008
core   0: 0x80003b5c (0xb9e2f737) lui     a4, 0xb9e2f
core   0: 3 0x80003b5c (0xb9e2f737) x14 0xb9e2f000
core   0: 0x80003b60 (0x00161d33) sll     s10, a2, ra
core   0: 3 0x80003b60 (0x00161d33) x26 0x00000000
core   0: 0x80003b64 (0x00008fbd) c.xor   a5, a5
core   0: 3 0x80003b64 (0x8fbd) x15 0x00000000
core   0: 0x80003b66 (0x00000a94) c.addi4spn a3, sp, 336
core   0: 3 0x80003b66 (0x0a94) x13 0x0000015f
core   0: 0x80003b68 (0x0000809d) c.srli  s1, 7
core   0: 3 0x80003b68 (0x809d) x9  0x00000000
core   0: 0x80003b6a (0x40c0d393) srai    t2, ra, 12
core   0: 3 0x80003b6a (0x40c0d393) x7  0x00000000
core   0: 0x80003b6e (0x00000814) c.addi4spn a3, sp, 16
core   0: 3 0x80003b6e (0x0814) x13 0x0000001f
core   0: 0x80003b70 (0x9724bd13) sltiu   s10, s1, -1678
core   0: 3 0x80003b70 (0x9724bd13) x26 0x00000001
core   0: 0x80003b74 (0x0275e2b3) rem     t0, a1, t2
core   0: 3 0x80003b74 (0x0275e2b3) x5  0x00001000
core   0: 0x80003b78 (0x01989c63) bne     a7, s9, pc + 24
core   0: 3 0x80003b78 (0x01989c63)
core   0: 0x80003b7c (0x024654b3) divu    s1, a2, tp
core   0: 3 0x80003b7c (0x024654b3) x9  0xffffffff
core   0: 0x80003b80 (0x81ca8613) addi    a2, s5, -2020
core   0: 3 0x80003b80 (0x81ca8613) x12 0xfffff824
core   0: 0x80003b84 (0x00001014) c.addi4spn a3, sp, 32
core   0: 3 0x80003b84 (0x1014) x13 0x0000002f
core   0: 0x80003b86 (0x00009bfd) c.andi  a5, -1
core   0: 3 0x80003b86 (0x9bfd) x15 0x00000000
core   0: 0x80003b88 (0x01cc5fb3) srl     t6, s8, t3
core   0: 3 0x80003b88 (0x01cc5fb3) x31 0xd05763ed
core   0: 0x80003b8c (0xd99eae13) slti    t3, t4, -615
core   0: 3 0x80003b8c (0xd99eae13) x28 0x00000001
core   0: 0x80003b90 (0x0000662d) c.lui   a2, 0xb
core   0: 3 0x80003b90 (0x662d) x12 0x0000b000
core   0: 0x80003b92 (0x03962d33) mulhsu  s10, a2, s9
core   0: 3 0x80003b92 (0x03962d33) x26 0x00000000
core   0: 0x80003b96 (0x0208e8b3) rem     a7, a7, zero
core   0: 3 0x80003b96 (0x0208e8b3) x17 0x00000000
core   0: 0x80003b9a (0x000082fd) c.srli  a3, 31
core   0: 3 0x80003b9a (0x82fd) x13 0x00000000
core   0: 0x80003b9c (0x419d5533) sra     a0, s10, s9
core   0: 3 0x80003b9c (0x419d5533) x10 0x00000000
core   0: 0x80003ba0 (0x00009a7d) c.andi  a2, -1
core   0: 3 0x80003ba0 (0x9a7d) x12 0x0000b000
core   0: 0x80003ba2 (0x000086fe) c.mv    a3, t6
core   0: 3 0x80003ba2 (0x86fe) x13 0xd05763ed
core   0: 0x80003ba4 (0x00945833) srl     a6, s0, s1
core   0: 3 0x80003ba4 (0x00945833) x16 0x00000000
core   0: 0x80003ba8 (0x00c13733) sltu    a4, sp, a2
core   0: 3 0x80003ba8 (0x00c13733) x14 0x00000001
core   0: 0x80003bac (0x01bc9fb3) sll     t6, s9, s11
core   0: 3 0x80003bac (0x01bc9fb3) x31 0x00000000
core   0: 0x80003bb0 (0x0000cf1d) c.beqz  a4, pc + 62
core   0: 3 0x80003bb0 (0xcf1d)
core   0: 0x80003bb2 (0x00008309) c.srli  a4, 2
core   0: 3 0x80003bb2 (0x8309) x14 0x00000000
core   0: 0x80003bb4 (0x01c0bdb3) sltu    s11, ra, t3
core   0: 3 0x80003bb4 (0x01c0bdb3) x27 0x00000000
core   0: 0x80003bb8 (0x003f9463) bne     t6, gp, pc + 8
core   0: 3 0x80003bb8 (0x003f9463)
core   0: 0x80003bbc (0x0376a4b3) mulhsu  s1, a3, s7
core   0: 3 0x80003bbc (0x0376a4b3) x9  0x00000000
core   0: 0x80003bc0 (0x00000001) c.nop
core   0: 3 0x80003bc0 (0x0001)
core   0: 0x80003bc2 (0x028f8363) beq     t6, s0, pc + 38
core   0: 3 0x80003bc2 (0x028f8363)
core   0: 0x80003be8 (0x00001a8c) c.addi4spn a1, sp, 368
core   0: 3 0x80003be8 (0x1a8c) x11 0x0000017f
core   0: 0x80003bea (0x005f85b3) add     a1, t6, t0
core   0: 3 0x80003bea (0x005f85b3) x11 0x00001000
core   0: 0x80003bee (0x00008c89) c.sub   s1, a0
core   0: 3 0x80003bee (0x8c89) x9  0x00000000
core   0: 0x80003bf0 (0x01381013) slli    zero, a6, 19
core   0: 3 0x80003bf0 (0x01381013)
core   0: 0x80003bf4 (0x01e87bb3) and     s7, a6, t5
core   0: 3 0x80003bf4 (0x01e87bb3) x23 0x00000000
core   0: 0x80003bf8 (0x021f7f63) bgeu    t5, ra, pc + 62
core   0: 3 0x80003bf8 (0x021f7f63)
core   0: 0x80003c36 (0x010418b3) sll     a7, s0, a6
core   0: 3 0x80003c36 (0x010418b3) x17 0x00000000
core   0: 0x80003c3a (0x580a4013) xori    zero, s4, 1408
core   0: 3 0x80003c3a (0x580a4013)
core   0: 0x80003c3e (0x03ee5333) divu    t1, t3, t5
core   0: 3 0x80003c3e (0x03ee5333) x6  0x00000000
core   0: 0x80003c42 (0x00df8d63) beq     t6, a3, pc + 26
core   0: 3 0x80003c42 (0x00df8d63)
core   0: 0x80003c46 (0xf78cab93) slti    s7, s9, -136
core   0: 3 0x80003c46 (0xf78cab93) x23 0x00000000
core   0: 0x80003c4a (0x01a61b13) slli    s6, a2, 26
core   0: 3 0x80003c4a (0x01a61b13) x22 0x00000000
core   0: 0x80003c4e (0x014fe263) bltu    t6, s4, pc + 4
core   0: 3 0x80003c4e (0x014fe263)
core   0: 0x80003c52 (0x40d6d3b3) sra     t2, a3, a3
core   0: 3 0x80003c52 (0x40d6d3b3) x7  0xfffe82bb
core   0: 0x80003c56 (0x00000001) c.nop
core   0: 3 0x80003c56 (0x0001)
core   0: 0x80003c58 (0x05954163) blt     a0, s9, pc + 66
core   0: 3 0x80003c58 (0x05954163)
core   0: 0x80003c5c (0x00006711) c.lui   a4, 0x4
core   0: 3 0x80003c5c (0x6711) x14 0x00004000
core   0: 0x80003c5e (0x0221dfb3) divu    t6, gp, sp
core   0: 3 0x80003c5e (0x0221dfb3) x31 0x00000000
core   0: 0x80003c62 (0x0000022d) c.addi  tp, 11
core   0: 3 0x80003c62 (0x022d) x4  0x0000000b
core   0: 0x80003c64 (0x00689293) slli    t0, a7, 6
core   0: 3 0x80003c64 (0x00689293) x5  0x00000000
core   0: 0x80003c68 (0x63442913) slti    s2, s0, 1588
core   0: 3 0x80003c68 (0x63442913) x18 0x00000001
core   0: 0x80003c6c (0xc0a64913) xori    s2, a2, -1014
core   0: 3 0x80003c6c (0xc0a64913) x18 0xffff4c0a
core   0: 0x80003c70 (0x0151f563) bgeu    gp, s5, pc + 10
core   0: 3 0x80003c70 (0x0151f563)
core   0: 0x80003c74 (0xef6e63b7) lui     t2, 0xef6e6
core   0: 3 0x80003c74 (0xef6e63b7) x7  0xef6e6000
core   0: 0x80003c78 (0x0000c819) c.beqz  s0, pc + 22
core   0: 3 0x80003c78 (0xc819)
core   0: 0x80003c8e (0x00008fb1) c.xor   a5, a2
core   0: 3 0x80003c8e (0x8fb1) x15 0x0000b000
core   0: 0x80003c90 (0x0000c009) c.beqz  s0, pc + 2
core   0: 3 0x80003c90 (0xc009)
core   0: 0x80003c92 (0x0263f9b3) remu    s3, t2, t1
core   0: 3 0x80003c92 (0x0263f9b3) x19 0xef6e6000
core   0: 0x80003c96 (0x00a354b3) srl     s1, t1, a0
core   0: 3 0x80003c96 (0x00a354b3) x9  0x00000000
core   0: 0x80003c9a (0x00aa6a33) or      s4, s4, a0
core   0: 3 0x80003c9a (0x00aa6a33) x20 0x48000000
core   0: 0x80003c9e (0x0074f233) and     tp, s1, t2
core   0: 3 0x80003c9e (0x0074f233) x4  0x00000000
core   0: 0x80003ca2 (0x0000e205) c.bnez  a2, pc + 32
core   0: 3 0x80003ca2 (0xe205)
core   0: 0x80003cc2 (0x03d29363) bne     t0, t4, pc + 38
core   0: 3 0x80003cc2 (0x03d29363)
core   0: 0x80003ce8 (0x00006175) c.addi16sp sp, 368
core   0: 3 0x80003ce8 (0x6175) x2  0x0000017f
core   0: 0x80003cea (0x404cd113) srai    sp, s9, 4
core   0: 3 0x80003cea (0x404cd113) x2  0x00000000
core   0: 0x80003cee (0x419a5693) srai    a3, s4, 25
core   0: 3 0x80003cee (0x419a5693) x13 0x00000024
core   0: 0x80003cf2 (0x00008779) c.srai  a4, 30
core   0: 3 0x80003cf2 (0x8779) x14 0x00000000
core   0: 0x80003cf4 (0x00008872) c.mv    a6, t3
core   0: 3 0x80003cf4 (0x8872) x16 0x00000001
core   0: 0x80003cf6 (0x40208433) sub     s0, ra, sp
core   0: 3 0x80003cf6 (0x40208433) x8  0x00000008
core   0: 0x80003cfa (0x00000001) c.nop
core   0: 3 0x80003cfa (0x0001)
core   0: 0x80003cfc (0x0000717d) c.addi16sp sp, -16
core   0: 3 0x80003cfc (0x717d) x2  0xfffffff0
core   0: 0x80003cfe (0x00000c9e) c.slli  s9, 7
core   0: 3 0x80003cfe (0x0c9e) x25 0x00000000
core   0: 0x80003d00 (0x00009fd6) c.add   t6, s5
core   0: 3 0x80003d00 (0x9fd6) x31 0x00000008
core   0: 0x80003d02 (0x034dfe33) remu    t3, s11, s4
core   0: 3 0x80003d02 (0x034dfe33) x28 0x00000000
core   0: 0x80003d06 (0x01d61993) slli    s3, a2, 29
core   0: 3 0x80003d06 (0x01d61993) x19 0x00000000
core   0: 0x80003d0a (0x01ee8733) add     a4, t4, t5
core   0: 3 0x80003d0a (0x01ee8733) x14 0x0004fbc8
core   0: 0x80003d0e (0x039b9533) mulh    a0, s7, s9
core   0: 3 0x80003d0e (0x039b9533) x10 0x00000000
core   0: 0x80003d12 (0x81e60693) addi    a3, a2, -2018
core   0: 3 0x80003d12 (0x81e60693) x13 0x0000a81e
core   0: 0x80003d16 (0x00008e4e) c.mv    t3, s3
core   0: 3 0x80003d16 (0x8e4e) x28 0x00000000
core   0: 0x80003d18 (0x41a6d3b3) sra     t2, a3, s10
core   0: 3 0x80003d18 (0x41a6d3b3) x7  0x0000a81e
core   0: 0x80003d1c (0x00000001) c.nop
core   0: 3 0x80003d1c (0x0001)
core   0: 0x80003d1e (0x8a1b7193) andi    gp, s6, -1887
core   0: 3 0x80003d1e (0x8a1b7193) x3  0x00000000
core   0: 0x80003d22 (0x00008ee9) c.and   a3, a0
core   0: 3 0x80003d22 (0x8ee9) x13 0x00000000
core   0: 0x80003d24 (0x00000001) c.nop
core   0: 3 0x80003d24 (0x0001)
core   0: 0x80003d26 (0x00000a04) c.addi4spn s1, sp, 272
core   0: 3 0x80003d26 (0x0a04) x9  0x00000100
core   0: 0x80003d28 (0xc3947493) andi    s1, s0, -967
core   0: 3 0x80003d28 (0xc3947493) x9  0x00000008
core   0: 0x80003d2c (0x01b89d93) slli    s11, a7, 27
core   0: 3 0x80003d2c (0x01b89d93) x27 0x00000000
core   0: 0x80003d30 (0x01d26863) bltu    tp, t4, pc + 16
core   0: 3 0x80003d30 (0x01d26863)
core   0: 0x80003d40 (0x2bd12d93) slti    s11, sp, 701
core   0: 3 0x80003d40 (0x2bd12d93) x27 0x00000001
core   0: 0x80003d44 (0x0115fbb3) and     s7, a1, a7
core   0: 3 0x80003d44 (0x0115fbb3) x23 0x00000000
core   0: 0x80003d48 (0x05c87663) bgeu    a6, t3, pc + 76
core   0: 3 0x80003d48 (0x05c87663)
core   0: 0x80003d94 (0x006bbb33) sltu    s6, s7, t1
core   0: 3 0x80003d94 (0x006bbb33) x22 0x00000000
core   0: 0x80003d98 (0xd358e013) ori     zero, a7, -715
core   0: 3 0x80003d98 (0xd358e013)
core   0: 0x80003d9c (0x01550263) beq     a0, s5, pc + 4
core   0: 3 0x80003d9c (0x01550263)
core   0: 0x80003da0 (0x039accb3) div     s9, s5, s9
core   0: 3 0x80003da0 (0x039accb3) x25 0xffffffff
core   0: 0x80003da4 (0x017b4a33) xor     s4, s6, s7
core   0: 3 0x80003da4 (0x017b4a33) x20 0x00000000
core   0: 0x80003da8 (0x020de133) rem     sp, s11, zero
core   0: 3 0x80003da8 (0x020de133) x2  0x00000001
core   0: 0x80003dac (0xfc623f93) sltiu   t6, tp, -58
core   0: 3 0x80003dac (0xfc623f93) x31 0x00000001
core   0: 0x80003db0 (0x0197abb3) slt     s7, a5, s9
core   0: 3 0x80003db0 (0x0197abb3) x23 0x00000000
core   0: 0x80003db4 (0x03c423b3) mulhsu  t2, s0, t3
core   0: 3 0x80003db4 (0x03c423b3) x7  0x00000000
core   0: 0x80003db8 (0x0000453d) c.li    a0, 15
core   0: 3 0x80003db8 (0x453d) x10 0x0000000f
core   0: 0x80003dba (0x009e3b33) sltu    s6, t3, s1
core   0: 3 0x80003dba (0x009e3b33) x22 0x00000001
core   0: 0x80003dbe (0x005e0b33) add     s6, t3, t0
core   0: 3 0x80003dbe (0x005e0b33) x22 0x00000000
core   0: 0x80003dc2 (0x0000046d) c.addi  s0, 27
core   0: 3 0x80003dc2 (0x046d) x8  0x00000023
core   0: 0x80003dc4 (0x00006135) c.addi16sp sp, 352
core   0: 3 0x80003dc4 (0x6135) x2  0x00000161
core   0: 0x80003dc6 (0x00008d66) c.mv    s10, s9
core   0: 3 0x80003dc6 (0x8d66) x26 0xffffffff
core   0: 0x80003dc8 (0x74d5eb93) ori     s7, a1, 1869
core   0: 3 0x80003dc8 (0x74d5eb93) x23 0x0000174d
core   0: 0x80003dcc (0x22f03293) sltiu   t0, zero, 559
core   0: 3 0x80003dcc (0x22f03293) x5  0x00000001
core   0: 0x80003dd0 (0x00fd31b3) sltu    gp, s10, a5
core   0: 3 0x80003dd0 (0x00fd31b3) x3  0x00000000
core   0: 0x80003dd4 (0x00008f79) c.and   a4, a4
core   0: 3 0x80003dd4 (0x8f79) x14 0x0004fbc8
core   0: 0x80003dd6 (0x035449b3) div     s3, s0, s5
core   0: 3 0x80003dd6 (0x035449b3) x19 0x00000004
core   0: 0x80003dda (0x00000001) c.nop
core   0: 3 0x80003dda (0x0001)
core   0: 0x80003ddc (0x02a8f133) remu    sp, a7, a0
core   0: 3 0x80003ddc (0x02a8f133) x2  0x00000000
core   0: 0x80003de0 (0xeb4e8a13) addi    s4, t4, -332
core   0: 3 0x80003de0 (0xeb4e8a13) x20 0x80025d58
core   0: 0x80003de4 (0x00008ca5) c.xor   s1, s1
core   0: 3 0x80003de4 (0x8ca5) x9  0x00000000
core   0: 0x80003de6 (0x025ab833) mulhu   a6, s5, t0
core   0: 3 0x80003de6 (0x025ab833) x16 0x00000000
core   0: 0x80003dea (0x0000dc17) auipc   s8, 0xd
core   0: 3 0x80003dea (0x0000dc17) x24 0x80010dea
core   0: 0x80003dee (0x836c0c13) addi    s8, s8, -1994
core   0: 3 0x80003dee (0x836c0c13) x24 0x80010620
core   0: 0x80003df2 (0xf6fc4903) lbu     s2, -145(s8)
core   0: 3 0x80003df2 (0xf6fc4903) x18 0x00000000 mem 0x8001058f
core   0: 0x80003df6 (0x0d5c0d03) lb      s10, 213(s8)
core   0: 3 0x80003df6 (0x0d5c0d03) x26 0x00000000 mem 0x800106f5
core   0: 0x80003dfa (0x07fc0e03) lb      t3, 127(s8)
core   0: 3 0x80003dfa (0x07fc0e03) x28 0x00000000 mem 0x8001069f
core   0: 0x80003dfe (0x037c08a3) sb      s7, 49(s8)
core   0: 3 0x80003dfe (0x037c08a3) mem 0x80010651 0x4d
core   0: 0x80003e02 (0x002ea533) slt     a0, t4, sp
core   0: 3 0x80003e02 (0x002ea533) x10 0x00000001
core   0: 0x80003e06 (0x028fe233) rem     tp, t6, s0
core   0: 3 0x80003e06 (0x028fe233) x4  0x00000001
core   0: 0x80003e0a (0x0212e6b3) rem     a3, t0, ra
core   0: 3 0x80003e0a (0x0212e6b3) x13 0x00000001
core   0: 0x80003e0e (0x00005b7d) c.li    s6, -1
core   0: 3 0x80003e0e (0x5b7d) x22 0xffffffff
core   0: 0x80003e10 (0x065c03a3) sb      t0, 103(s8)
core   0: 3 0x80003e10 (0x065c03a3) mem 0x80010687 0x01
core   0: 0x80003e14 (0x00252fb3) slt     t6, a0, sp
core   0: 3 0x80003e14 (0x00252fb3) x31 0x00000000
core   0: 0x80003e18 (0xfe6c5503) lhu     a0, -26(s8)
core   0: 3 0x80003e18 (0xfe6c5503) x10 0x00000000 mem 0x80010606
core   0: 0x80003e1c (0x17a4dcb7) lui     s9, 0x17a4d
core   0: 3 0x80003e1c (0x17a4dcb7) x25 0x17a4d000
core   0: 0x80003e20 (0x0c2c0183) lb      gp, 194(s8)
core   0: 3 0x80003e20 (0x0c2c0183) x3  0x00000000 mem 0x800106e2
core   0: 0x80003e24 (0x05cc4f83) lbu     t6, 92(s8)
core   0: 3 0x80003e24 (0x05cc4f83) x31 0x00000000 mem 0x8001067c
core   0: 0x80003e28 (0xf83c0383) lb      t2, -125(s8)
core   0: 3 0x80003e28 (0xf83c0383) x7  0x00000000 mem 0x800105a3
core   0: 0x80003e2c (0xfacc1383) lh      t2, -84(s8)
core   0: 3 0x80003e2c (0xfacc1383) x7  0x00000000 mem 0x800105cc
core   0: 0x80003e30 (0x03fd8cb3) mul     s9, s11, t6
core   0: 3 0x80003e30 (0x03fd8cb3) x25 0x00000000
core   0: 0x80003e34 (0x00008872) c.mv    a6, t3
core   0: 3 0x80003e34 (0x8872) x16 0x00000000
core   0: 0x80003e36 (0x01925b33) srl     s6, tp, s9
core   0: 3 0x80003e36 (0x01925b33) x22 0x00000001
core   0: 0x80003e3a (0xfc6c1603) lh      a2, -58(s8)
core   0: 3 0x80003e3a (0xfc6c1603) x12 0x00000000 mem 0x800105e6
core   0: 0x80003e3e (0x00000001) c.nop
core   0: 3 0x80003e3e (0x0001)
core   0: 0x80003e40 (0x03f8eb33) rem     s6, a7, t6
core   0: 3 0x80003e40 (0x03f8eb33) x22 0x00000000
core   0: 0x80003e44 (0x0d0c0123) sb      a6, 194(s8)
core   0: 3 0x80003e44 (0x0d0c0123) mem 0x800106e2 0x00
core   0: 0x80003e48 (0xf84c01a3) sb      tp, -125(s8)
core   0: 3 0x80003e48 (0xf84c01a3) mem 0x800105a3 0x01
core   0: 0x80003e4c (0xf37c05a3) sb      s7, -213(s8)
core   0: 3 0x80003e4c (0xf37c05a3) mem 0x8001054b 0x4d
core   0: 0x80003e50 (0x013772b3) and     t0, a4, s3
core   0: 3 0x80003e50 (0x013772b3) x5  0x00000000
core   0: 0x80003e54 (0x024c2683) lw      a3, 36(s8)
core   0: 3 0x80003e54 (0x024c2683) x13 0x00000000 mem 0x80010644
core   0: 0x80003e58 (0x056c4103) lbu     sp, 86(s8)
core   0: 3 0x80003e58 (0x056c4103) x2  0x00000000 mem 0x80010676
core   0: 0x80003e5c (0x04ac0883) lb      a7, 74(s8)
core   0: 3 0x80003e5c (0x04ac0883) x17 0x00000000 mem 0x8001066a
core   0: 0x80003e60 (0x021b24b3) mulhsu  s1, s6, ra
core   0: 3 0x80003e60 (0x021b24b3) x9  0x00000000
core   0: 0x80003e64 (0xb9e9ed93) ori     s11, s3, -1122
core   0: 3 0x80003e64 (0xb9e9ed93) x27 0xfffffb9e
core   0: 0x80003e68 (0xf20c1403) lh      s0, -224(s8)
core   0: 3 0x80003e68 (0xf20c1403) x8  0x00000000 mem 0x80010540
core   0: 0x80003e6c (0x000084aa) c.mv    s1, a0
core   0: 3 0x80003e6c (0x84aa) x9  0x00000000
core   0: 0x80003e6e (0xf4cc1783) lh      a5, -180(s8)
core   0: 3 0x80003e6e (0xf4cc1783) x15 0x00000000 mem 0x8001056c
core   0: 0x80003e72 (0x0ddc4c83) lbu     s9, 221(s8)
core   0: 3 0x80003e72 (0x0ddc4c83) x25 0x00000000 mem 0x800106fd
core   0: 0x80003e76 (0x02c4b2b3) mulhu   t0, s1, a2
core   0: 3 0x80003e76 (0x02c4b2b3) x5  0x00000000
core   0: 0x80003e7a (0x03c57e33) remu    t3, a0, t3
core   0: 3 0x80003e7a (0x03c57e33) x28 0x00000000
core   0: 0x80003e7e (0xf46c1a03) lh      s4, -186(s8)
core   0: 3 0x80003e7e (0xf46c1a03) x20 0x00000000 mem 0x80010566
core   0: 0x80003e82 (0xf00c0fa3) sb      zero, -225(s8)
core   0: 3 0x80003e82 (0xf00c0fa3) mem 0x8001053f 0x00
core   0: 0x80003e86 (0xf84c1783) lh      a5, -124(s8)
core   0: 3 0x80003e86 (0xf84c1783) x15 0x00000000 mem 0x800105a4
core   0: 0x80003e8a (0x095c1a23) sh      s5, 148(s8)
core   0: 3 0x80003e8a (0x095c1a23) mem 0x800106b4 0x0008
core   0: 0x80003e8e (0xf88c08a3) sb      s0, -111(s8)
core   0: 3 0x80003e8e (0xf88c08a3) mem 0x800105b1 0x00
core   0: 0x80003e92 (0x00b08d33) add     s10, ra, a1
core   0: 3 0x80003e92 (0x00b08d33) x26 0x00001008
core   0: 0x80003e96 (0x34913c93) sltiu   s9, sp, 841
core   0: 3 0x80003e96 (0x34913c93) x25 0x00000001
core   0: 0x80003e9a (0xffcc2f83) lw      t6, -4(s8)
core   0: 3 0x80003e9a (0xffcc2f83) x31 0x00000000 mem 0x8001061c
core   0: 0x80003e9e (0x03efb4b3) mulhu   s1, t6, t5
core   0: 3 0x80003e9e (0x03efb4b3) x9  0x00000000
core   0: 0x80003ea2 (0x418f88b3) sub     a7, t6, s8
core   0: 3 0x80003ea2 (0x418f88b3) x17 0x7ffef9e0
core   0: 0x80003ea6 (0x0029e663) bltu    s3, sp, pc + 12
core   0: 3 0x80003ea6 (0x0029e663)
core   0: 0x80003eaa (0x84cfb093) sltiu   ra, t6, -1972
core   0: 3 0x80003eaa (0x84cfb093) x1  0x00000001
core   0: 0x80003eae (0x000086d1) c.srai  a3, 20
core   0: 3 0x80003eae (0x86d1) x13 0x00000000
core   0: 0x80003eb0 (0x0000e795) c.bnez  a5, pc + 44
core   0: 3 0x80003eb0 (0xe795)
core   0: 0x80003eb2 (0x00000b08) c.addi4spn a0, sp, 400
core   0: 3 0x80003eb2 (0x0b08) x10 0x00000190
core   0: 0x80003eb4 (0x41f65413) srai    s0, a2, 31
core   0: 3 0x80003eb4 (0x41f65413) x8  0x00000000
core   0: 0x80003eb8 (0x4df97713) andi    a4, s2, 1247
core   0: 3 0x80003eb8 (0x4df97713) x14 0x00000000
core   0: 0x80003ebc (0x00005ffd) c.li    t6, -1
core   0: 3 0x80003ebc (0x5ffd) x31 0xffffffff
core   0: 0x80003ebe (0x036da833) mulhsu  a6, s11, s6
core   0: 3 0x80003ebe (0x036da833) x16 0x00000000
core   0: 0x80003ec2 (0x0128f763) bgeu    a7, s2, pc + 14
core   0: 3 0x80003ec2 (0x0128f763)
core   0: 0x80003ed0 (0x05707263) bgeu    zero, s7, pc + 68
core   0: 3 0x80003ed0 (0x05707263)
core   0: 0x80003ed4 (0x01265263) bge     a2, s2, pc + 4
core   0: 3 0x80003ed4 (0x01265263)
core   0: 0x80003ed8 (0x000004b1) c.addi  s1, 12
core   0: 3 0x80003ed8 (0x04b1) x9  0x0000000c
core   0: 0x80003eda (0x00008fde) c.mv    t6, s7
core   0: 3 0x80003eda (0x8fde) x31 0x0000174d
core   0: 0x80003edc (0x00008885) c.andi  s1, 1
core   0: 3 0x80003edc (0x8885) x9  0x00000000
core   0: 0x80003ede (0x771cf913) andi    s2, s9, 1905
core   0: 3 0x80003ede (0x771cf913) x18 0x00000001
core   0: 0x80003ee2 (0x28bced13) ori     s10, s9, 651
core   0: 3 0x80003ee2 (0x28bced13) x26 0x0000028b
core   0: 0x80003ee6 (0x02b98133) mul     sp, s3, a1
core   0: 3 0x80003ee6 (0x02b98133) x2  0x00004000
core   0: 0x80003eea (0x02c236b3) mulhu   a3, tp, a2
core   0: 3 0x80003eea (0x02c236b3) x13 0x00000000
core   0: 0x80003eee (0x94a8fa37) lui     s4, 0x94a8f
core   0: 3 0x80003eee (0x94a8fa37) x20 0x94a8f000
core   0: 0x80003ef2 (0x00e1db93) srli    s7, gp, 14
core   0: 3 0x80003ef2 (0x00e1db93) x23 0x00000000
core   0: 0x80003ef6 (0x84503793) sltiu   a5, zero, -1979
core   0: 3 0x80003ef6 (0x84503793) x15 0x00000001
core   0: 0x80003efa (0x00ce1963) bne     t3, a2, pc + 18
core   0: 3 0x80003efa (0x00ce1963)
core   0: 0x80003efe (0x4ac20893) addi    a7, tp, 1196
core   0: 3 0x80003efe (0x4ac20893) x17 0x000004ad
core   0: 0x80003f02 (0xb9f80493) addi    s1, a6, -1121
core   0: 3 0x80003f02 (0xb9f80493) x9  0xfffffb9f
core   0: 0x80003f06 (0x01539263) bne     t2, s5, pc + 4
core   0: 3 0x80003f06 (0x01539263)
core   0: 0x80003f0a (0x0000877d) c.srai  a4, 31
core   0: 3 0x80003f0a (0x877d) x14 0x00000000
core   0: 0x80003f0c (0x41945f93) srai    t6, s0, 25
core   0: 3 0x80003f0c (0x41945f93) x31 0x00000000
core   0: 0x80003f10 (0x0145abb3) slt     s7, a1, s4
core   0: 3 0x80003f10 (0x0145abb3) x23 0x00000000
core   0: 0x80003f14 (0xb095ed13) ori     s10, a1, -1271
core   0: 3 0x80003f14 (0xb095ed13) x26 0xfffffb09
core   0: 0x80003f18 (0x00f25093) srli    ra, tp, 15
core   0: 3 0x80003f18 (0x00f25093) x1  0x00000000
core   0: 0x80003f1c (0x00ec1a63) bne     s8, a4, pc + 20
core   0: 3 0x80003f1c (0x00ec1a63)
core   0: 0x80003f30 (0x03f945b3) div     a1, s2, t6
core   0: 3 0x80003f30 (0x03f945b3) x11 0xffffffff
core   0: 0x80003f34 (0x039b5fb3) divu    t6, s6, s9
core   0: 3 0x80003f34 (0x039b5fb3) x31 0x00000000
core   0: 0x80003f38 (0x404fdf93) srai    t6, t6, 4
core   0: 3 0x80003f38 (0x404fdf93) x31 0x00000000
core   0: 0x80003f3c (0x02d19133) mulh    sp, gp, a3
core   0: 3 0x80003f3c (0x02d19133) x2  0x00000000
core   0: 0x80003f40 (0x00008f41) c.or    a4, s0
core   0: 3 0x80003f40 (0x8f41) x14 0x00000000
core   0: 0x80003f42 (0x00006471) c.lui   s0, 0x1c
core   0: 3 0x80003f42 (0x6471) x8  0x0001c000
core   0: 0x80003f44 (0xc40a6a13) ori     s4, s4, -960
core   0: 3 0x80003f44 (0xc40a6a13) x20 0xfffffc40
core   0: 0x80003f48 (0x03254733) div     a4, a0, s2
core   0: 3 0x80003f48 (0x03254733) x14 0x00000190
core   0: 0x80003f4c (0x0217b833) mulhu   a6, a5, ra
core   0: 3 0x80003f4c (0x0217b833) x16 0x00000000
core   0: 0x80003f50 (0x6fd2f113) andi    sp, t0, 1789
core   0: 3 0x80003f50 (0x6fd2f113) x2  0x00000000
core   0: 0x80003f54 (0x00008f1d) c.sub   a4, a5
core   0: 3 0x80003f54 (0x8f1d) x14 0x0000018f
core   0: 0x80003f56 (0x03b90fb3) mul     t6, s2, s11
core   0: 3 0x80003f56 (0x03b90fb3) x31 0xfffffb9e
core   0: 0x80003f5a (0x000082d2) c.mv    t0, s4
core   0: 3 0x80003f5a (0x82d2) x5  0xfffffc40
core   0: 0x80003f5c (0x00008d89) c.sub   a1, a0
core   0: 3 0x80003f5c (0x8d89) x11 0xfffffe6f
core   0: 0x80003f5e (0x1d744537) lui     a0, 0x1d744
core   0: 3 0x80003f5e (0x1d744537) x10 0x1d744000
core   0: 0x80003f62 (0x01059a33) sll     s4, a1, a6
core   0: 3 0x80003f62 (0x01059a33) x20 0xfffffe6f
core   0: 0x80003f66 (0x000080e6) c.mv    ra, s9
core   0: 3 0x80003f66 (0x80e6) x1  0x00000001
core   0: 0x80003f68 (0x00dc1563) bne     s8, a3, pc + 10
core   0: 3 0x80003f68 (0x00dc1563)
core   0: 0x80003f72 (0x02e0b1b3) mulhu   gp, ra, a4
core   0: 3 0x80003f72 (0x02e0b1b3) x3  0x00000000
core   0: 0x80003f76 (0x000083e9) c.srli  a5, 26
core   0: 3 0x80003f76 (0x83e9) x15 0x00000000
core   0: 0x80003f78 (0x00006161) c.addi16sp sp, 80
core   0: 3 0x80003f78 (0x6161) x2  0x00000050
core   0: 0x80003f7a (0x01467463) bgeu    a2, s4, pc + 8
core   0: 3 0x80003f7a (0x01467463)
core   0: 0x80003f7e (0x5e3b3593) sltiu   a1, s6, 1507
core   0: 3 0x80003f7e (0x5e3b3593) x11 0x00000001
core   0: 0x80003f82 (0x00008d79) c.and   a0, a4
core   0: 3 0x80003f82 (0x8d79) x10 0x00000000
core   0: 0x80003f84 (0x01f95763) bge     s2, t6, pc + 14
core   0: 3 0x80003f84 (0x01f95763)
core   0: 0x80003f92 (0x025ef363) bgeu    t4, t0, pc + 38
core   0: 3 0x80003f92 (0x025ef363)
core   0: 0x80003f96 (0x00000001) c.nop
core   0: 3 0x80003f96 (0x0001)
core   0: 0x80003f98 (0x01d6e933) or      s2, a3, t4
core   0: 3 0x80003f98 (0x01d6e933) x18 0x80025ea4
core   0: 0x80003f9c (0x02639a33) mulh    s4, t2, t1
core   0: 3 0x80003f9c (0x02639a33) x20 0x00000000
core   0: 0x80003fa0 (0x02e6abb3) mulhsu  s7, a3, a4
core   0: 3 0x80003fa0 (0x02e6abb3) x23 0x00000000
core   0: 0x80003fa4 (0x000098fd) c.andi  s1, -1
core   0: 3 0x80003fa4 (0x98fd) x9  0xfffffb9f
core   0: 0x80003fa6 (0x02350d33) mul     s10, a0, gp
core   0: 3 0x80003fa6 (0x02350d33) x26 0x00000000
core   0: 0x80003faa (0x02d4e733) rem     a4, s1, a3
core   0: 3 0x80003faa (0x02d4e733) x14 0xfffffb9f
core   0: 0x80003fae (0x00000309) c.addi  t1, 2
core   0: 3 0x80003fae (0x0309) x6  0x00000002
core   0: 0x80003fb0 (0x039b5e33) divu    t3, s6, s9
core   0: 3 0x80003fb0 (0x039b5e33) x28 0x00000000
core   0: 0x80003fb4 (0x00008d0e) c.mv    s10, gp
core   0: 3 0x80003fb4 (0x8d0e) x26 0x00000000
core   0: 0x80003fb6 (0x0000ed95) c.bnez  a1, pc + 60
core   0: 3 0x80003fb6 (0xed95)
core   0: 0x80003ff2 (0x00a3cd33) xor     s10, t2, a0
core   0: 3 0x80003ff2 (0x00a3cd33) x26 0x00000000
core   0: 0x80003ff6 (0x03314663) blt     sp, s3, pc + 44
core   0: 3 0x80003ff6 (0x03314663)
core   0: 0x80003ffa (0x03f77233) remu    tp, a4, t6
core   0: 3 0x80003ffa (0x03f77233) x4  0x00000001
core   0: 0x80003ffe (0x00ab0263) beq     s6, a0, pc + 4
core   0: 3 0x80003ffe (0x00ab0263)
core   0: 0x80004002 (0x010fbfb3) sltu    t6, t6, a6
core   0: 3 0x80004002 (0x010fbfb3) x31 0x00000000
core   0: 0x80004006 (0x02967433) remu    s0, a2, s1
core   0: 3 0x80004006 (0x02967433) x8  0x00000000
core   0: 0x8000400a (0x2c0baf93) slti    t6, s7, 704
core   0: 3 0x8000400a (0x2c0baf93) x31 0x00000001
core   0: 0x8000400e (0x00008e55) c.or    a2, a3
core   0: 3 0x8000400e (0x8e55) x12 0x00000000
core   0: 0x80004010 (0x00006395) c.lui   t2, 0x5
core   0: 3 0x80004010 (0x6395) x7  0x00005000
core   0: 0x80004012 (0x0068dc33) srl     s8, a7, t1
core   0: 3 0x80004012 (0x0068dc33) x24 0x0000012b
core   0: 0x80004016 (0x03760f63) beq     a2, s7, pc + 62
core   0: 3 0x80004016 (0x03760f63)
core   0: 0x80004054 (0x411109b3) sub     s3, sp, a7
core   0: 3 0x80004054 (0x411109b3) x19 0xfffffba3
core   0: 0x80004058 (0x00dbd493) srli    s1, s7, 13
core   0: 3 0x80004058 (0x00dbd493) x9  0x00000000
core   0: 0x8000405c (0x009557b3) srl     a5, a0, s1
core   0: 3 0x8000405c (0x009557b3) x15 0x00000000
core   0: 0x80004060 (0x01839263) bne     t2, s8, pc + 4
core   0: 3 0x80004060 (0x01839263)
core   0: 0x80004064 (0x000064e5) c.lui   s1, 0x19
core   0: 3 0x80004064 (0x64e5) x9  0x00019000
core   0: 0x80004066 (0x000002ce) c.slli  t0, 19
core   0: 3 0x80004066 (0x02ce) x5  0xe2000000
core   0: 0x80004068 (0x00008fad) c.xor   a5, a1
core   0: 3 0x80004068 (0x8fad) x15 0x00000001
core   0: 0x8000406a (0x00008fe5) c.and   a5, s1
core   0: 3 0x8000406a (0x8fe5) x15 0x00000000
core   0: 0x8000406c (0x012a3233) sltu    tp, s4, s2
core   0: 3 0x8000406c (0x012a3233) x4  0x00000001
core   0: 0x80004070 (0x00008472) c.mv    s0, t3
core   0: 3 0x80004070 (0x8472) x8  0x00000000
core   0: 0x80004072 (0x1da90137) lui     sp, 0x1da90
core   0: 3 0x80004072 (0x1da90137) x2  0x1da90000
core   0: 0x80004076 (0x03e40463) beq     s0, t5, pc + 40
core   0: 3 0x80004076 (0x03e40463)
core   0: 0x8000407a (0x039e1b33) mulh    s6, t3, s9
core   0: 3 0x8000407a (0x039e1b33) x22 0x00000000
core   0: 0x8000407e (0x39d66817) auipc   a6, 0x39d66
core   0: 3 0x8000407e (0x39d66817) x16 0xb9d6a07e
core   0: 0x80004082 (0xa7b299b7) lui     s3, 0xa7b29
core   0: 3 0x80004082 (0xa7b299b7) x19 0xa7b29000
core   0: 0x80004086 (0x00008e09) c.sub   a2, a0
core   0: 3 0x80004086 (0x8e09) x12 0x00000000
core   0: 0x80004088 (0x023f8733) mul     a4, t6, gp
core   0: 3 0x80004088 (0x023f8733) x14 0x00000000
core   0: 0x8000408c (0x00000a84) c.addi4spn s1, sp, 336
core   0: 3 0x8000408c (0x0a84) x9  0x1da90150
core   0: 0x8000408e (0x02e4b033) mulhu   zero, s1, a4
core   0: 3 0x8000408e (0x02e4b033)
core   0: 0x80004092 (0x03543cb3) mulhu   s9, s0, s5
core   0: 3 0x80004092 (0x03543cb3) x25 0x00000000
core   0: 0x80004096 (0xd1ed4cb7) lui     s9, 0xd1ed4
core   0: 3 0x80004096 (0xd1ed4cb7) x25 0xd1ed4000
core   0: 0x8000409a (0x036e31b3) mulhu   gp, t3, s6
core   0: 3 0x8000409a (0x036e31b3) x3  0x00000000
core   0: 0x8000409e (0x0208c333) div     t1, a7, zero
core   0: 3 0x8000409e (0x0208c333) x6  0xffffffff
core   0: 0x800040a2 (0x01008db3) add     s11, ra, a6
core   0: 3 0x800040a2 (0x01008db3) x27 0xb9d6a07f
core   0: 0x800040a6 (0x0309bdb3) mulhu   s11, s3, a6
core   0: 3 0x800040a6 (0x0309bdb3) x27 0x79bca276
core   0: 0x800040aa (0x18b6bd13) sltiu   s10, a3, 395
core   0: 3 0x800040aa (0x18b6bd13) x26 0x00000001
core   0: 0x800040ae (0x00005dfd) c.li    s11, -1
core   0: 3 0x800040ae (0x5dfd) x27 0xffffffff
core   0: 0x800040b0 (0x02283133) mulhu   sp, a6, sp
core   0: 3 0x800040b0 (0x02283133) x2  0x1587fede
core   0: 0x800040b4 (0x03426933) rem     s2, tp, s4
core   0: 3 0x800040b4 (0x03426933) x18 0x00000001
core   0: 0x800040b8 (0x0000717d) c.addi16sp sp, -16
core   0: 3 0x800040b8 (0x717d) x2  0x1587fece
core   0: 0x800040ba (0x03524263) blt     tp, s5, pc + 36
core   0: 3 0x800040ba (0x03524263)
core   0: 0x800040de (0x023ff533) remu    a0, t6, gp
core   0: 3 0x800040de (0x023ff533) x10 0x00000001
core   0: 0x800040e2 (0x0132e263) bltu    t0, s3, pc + 4
core   0: 3 0x800040e2 (0x0132e263)
core   0: 0x800040e6 (0x00008751) c.srai  a4, 20
core   0: 3 0x800040e6 (0x8751) x14 0x00000000
core   0: 0x800040e8 (0x0000e69d) c.bnez  a3, pc + 46
core   0: 3 0x800040e8 (0xe69d)
core   0: 0x800040ea (0x00008eb9) c.xor   a3, a4
core   0: 3 0x800040ea (0x8eb9) x13 0x00000000
core   0: 0x800040ec (0x000085e2) c.mv    a1, s8
core   0: 3 0x800040ec (0x85e2) x11 0x0000012b
core   0: 0x800040ee (0x03715833) divu    a6, sp, s7
core   0: 3 0x800040ee (0x03715833) x16 0xffffffff
core   0: 0x800040f2 (0x00008335) c.srli  a4, 13
core   0: 3 0x800040f2 (0x8335) x14 0x00000000
core   0: 0x800040f4 (0x01e8c263) blt     a7, t5, pc + 4
core   0: 3 0x800040f4 (0x01e8c263)
core   0: 0x800040f8 (0x9b49a893) slti    a7, s3, -1612
core   0: 3 0x800040f8 (0x9b49a893) x17 0x00000001
core   0: 0x800040fc (0x000085b5) c.srai  a1, 13
core   0: 3 0x800040fc (0x85b5) x11 0x00000000
core   0: 0x800040fe (0x007bf0b3) and     ra, s7, t2
core   0: 3 0x800040fe (0x007bf0b3) x1  0x00000000
core   0: 0x80004102 (0x00004e29) c.li    t3, 10
core   0: 3 0x80004102 (0x4e29) x28 0x0000000a
core   0: 0x80004104 (0x40d5de33) sra     t3, a1, a3
core   0: 3 0x80004104 (0x40d5de33) x28 0x00000000
core   0: 0x80004108 (0x01888a63) beq     a7, s8, pc + 20
core   0: 3 0x80004108 (0x01888a63)
core   0: 0x8000410c (0x00000001) c.nop
core   0: 3 0x8000410c (0x0001)
core   0: 0x8000410e (0x41ffdd13) srai    s10, t6, 31
core   0: 3 0x8000410e (0x41ffdd13) x26 0x00000000
core   0: 0x80004112 (0x02cd0133) mul     sp, s10, a2
core   0: 3 0x80004112 (0x02cd0133) x2  0x00000000
core   0: 0x80004116 (0x00008391) c.srli  a5, 4
core   0: 3 0x80004116 (0x8391) x15 0x00000000
core   0: 0x80004118 (0x00008fa2) c.mv    t6, s0
core   0: 3 0x80004118 (0x8fa2) x31 0x00000000
core   0: 0x8000411a (0x0000c089) c.beqz  s1, pc + 2
core   0: 3 0x8000411a (0xc089)
core   0: 0x8000411c (0x05646163) bltu    s0, s6, pc + 66
core   0: 3 0x8000411c (0x05646163)
core   0: 0x80004120 (0x018f8e33) add     t3, t6, s8
core   0: 3 0x80004120 (0x018f8e33) x28 0x0000012b
core   0: 0x80004124 (0x00000f8a) c.slli  t6, 2
core   0: 3 0x80004124 (0x0f8a) x31 0x00000000
core   0: 0x80004126 (0x00000001) c.nop
core   0: 3 0x80004126 (0x0001)
core   0: 0x80004128 (0x746caa13) slti    s4, s9, 1862
core   0: 3 0x80004128 (0x746caa13) x20 0x00000001
core   0: 0x8000412c (0x358a4a37) lui     s4, 0x358a4
core   0: 3 0x8000412c (0x358a4a37) x20 0x358a4000
core   0: 0x80004130 (0x00000472) c.slli  s0, 28
core   0: 3 0x80004130 (0x0472) x8  0x00000000
core   0: 0x80004132 (0x03982833) mulhsu  a6, a6, s9
core   0: 3 0x80004132 (0x03982833) x16 0xffffffff
core   0: 0x80004136 (0x0008e763) bltu    a7, zero, pc + 14
core   0: 3 0x80004136 (0x0008e763)
core   0: 0x8000413a (0x02baeb63) bltu    s5, a1, pc + 54
core   0: 3 0x8000413a (0x02baeb63)
core   0: 0x8000413e (0x000081d9) c.srli  a1, 22
core   0: 3 0x8000413e (0x81d9) x11 0x00000000
core   0: 0x80004140 (0x05a94063) blt     s2, s10, pc + 64
core   0: 3 0x80004140 (0x05a94063)
core   0: 0x80004144 (0x0000c495) c.beqz  s1, pc + 44
core   0: 3 0x80004144 (0xc495)
core   0: 0x80004146 (0x0251b3b3) mulhu   t2, gp, t0
core   0: 3 0x80004146 (0x0251b3b3) x7  0x00000000
core   0: 0x8000414a (0x03debbb3) mulhu   s7, t4, t4
core   0: 3 0x8000414a (0x03debbb3) x23 0x40025ea9
core   0: 0x8000414e (0x0161f0b3) and     ra, gp, s6
core   0: 3 0x8000414e (0x0161f0b3) x1  0x00000000
core   0: 0x80004152 (0x40f980b3) sub     ra, s3, a5
core   0: 3 0x80004152 (0x40f980b3) x1  0xa7b29000
core   0: 0x80004156 (0x28f92693) slti    a3, s2, 655
core   0: 3 0x80004156 (0x28f92693) x13 0x00000001
core   0: 0x8000415a (0x000080cd) c.srli  s1, 19
core   0: 3 0x8000415a (0x80cd) x9  0x000003b5
core   0: 0x8000415c (0x000088c1) c.andi  s1, 16
core   0: 3 0x8000415c (0x88c1) x9  0x00000010
core   0: 0x8000415e (0x01161f93) slli    t6, a2, 17
core   0: 3 0x8000415e (0x01161f93) x31 0x00000000
core   0: 0x80004162 (0x00000d8c) c.addi4spn a1, sp, 720
core   0: 3 0x80004162 (0x0d8c) x11 0x000002d0
core   0: 0x80004164 (0x00d33533) sltu    a0, t1, a3
core   0: 3 0x80004164 (0x00d33533) x10 0x00000000
core   0: 0x80004168 (0x00d7f0b3) and     ra, a5, a3
core   0: 3 0x80004168 (0x00d7f0b3) x1  0x00000000
core   0: 0x8000416c (0x409bd633) sra     a2, s7, s1
core   0: 3 0x8000416c (0x409bd633) x12 0x00004002
core   0: 0x80004170 (0x0129e263) bltu    s3, s2, pc + 4
core   0: 3 0x80004170 (0x0129e263)
core   0: 0x80004174 (0xcdada713) slti    a4, s11, -806
core   0: 3 0x80004174 (0xcdada713) x14 0x00000000
core   0: 0x80004178 (0x00008dd9) c.or    a1, a4
core   0: 3 0x80004178 (0x8dd9) x11 0x000002d0
core   0: 0x8000417a (0x0000157d) c.addi  a0, -1
core   0: 3 0x8000417a (0x157d) x10 0xffffffff
core   0: 0x8000417c (0x45c3c693) xori    a3, t2, 1116
core   0: 3 0x8000417c (0x45c3c693) x13 0x0000045c
core   0: 0x80004180 (0x03f29433) mulh    s0, t0, t6
core   0: 3 0x80004180 (0x03f29433) x8  0x00000000
core   0: 0x80004184 (0x0334d163) bge     s1, s3, pc + 34
core   0: 3 0x80004184 (0x0334d163)
core   0: 0x800041a6 (0xbddbd0b7) lui     ra, 0xbddbd
core   0: 3 0x800041a6 (0xbddbd0b7) x1  0xbddbd000
core   0: 0x800041aa (0x4043d8b3) sra     a7, t2, tp
core   0: 3 0x800041aa (0x4043d8b3) x17 0x00000000
core   0: 0x800041ae (0x0000167d) c.addi  a2, -1
core   0: 3 0x800041ae (0x167d) x12 0x00004001
core   0: 0x800041b0 (0x010c1963) bne     s8, a6, pc + 18
core   0: 3 0x800041b0 (0x010c1963)
core   0: 0x800041c2 (0x00004e51) c.li    t3, 20
core   0: 3 0x800041c2 (0x4e51) x28 0x00000014
core   0: 0x800041c4 (0x0000c509) c.beqz  a0, pc + 10
core   0: 3 0x800041c4 (0xc509)
core   0: 0x800041c6 (0x03e8f9b3) remu    s3, a7, t5
core   0: 3 0x800041c6 (0x03e8f9b3) x19 0x00000000
core   0: 0x800041ca (0xdca92917) auipc   s2, 0xdca92
core   0: 3 0x800041ca (0xdca92917) x18 0x5ca961ca
core   0: 0x800041ce (0x00008cbd) c.xor   s1, a5
core   0: 3 0x800041ce (0x8cbd) x9  0x00000010
core   0: 0x800041d0 (0x035b39b3) mulhu   s3, s6, s5
core   0: 3 0x800041d0 (0x035b39b3) x19 0x00000000
core   0: 0x800041d4 (0xc8adb513) sltiu   a0, s11, -886
core   0: 3 0x800041d4 (0xc8adb513) x10 0x00000000
core   0: 0x800041d8 (0x00000e12) c.slli  t3, 4
core   0: 3 0x800041d8 (0x0e12) x28 0x00000140
core   0: 0x800041da (0x038b4e33) div     t3, s6, s8
core   0: 3 0x800041da (0x038b4e33) x28 0x00000000
core   0: 0x800041de (0x015311b3) sll     gp, t1, s5
core   0: 3 0x800041de (0x015311b3) x3  0xffffff00
core   0: 0x800041e2 (0x03f2f3b3) remu    t2, t0, t6
core   0: 3 0x800041e2 (0x03f2f3b3) x7  0xe2000000
core   0: 0x800041e6 (0x00008abd) c.andi  a3, 15
core   0: 3 0x800041e6 (0x8abd) x13 0x0000000c
core   0: 0x800041e8 (0x2b267013) andi    zero, a2, 690
core   0: 3 0x800041e8 (0x2b267013)
core   0: 0x800041ec (0x00eb4db3) xor     s11, s6, a4
core   0: 3 0x800041ec (0x00eb4db3) x27 0x00000000
core   0: 0x800041f0 (0x00e1b333) sltu    t1, gp, a4
core   0: 3 0x800041f0 (0x00e1b333) x6  0x00000000
core   0: 0x800041f4 (0x0396acb3) mulhsu  s9, a3, s9
core   0: 3 0x800041f4 (0x0396acb3) x25 0x00000009
core   0: 0x800041f8 (0x2cc12493) slti    s1, sp, 716
core   0: 3 0x800041f8 (0x2cc12493) x9  0x00000001
core   0: 0x800041fc (0x03d70663) beq     a4, t4, pc + 44
core   0: 3 0x800041fc (0x03d70663)
core   0: 0x80004200 (0x00000001) c.nop
core   0: 3 0x80004200 (0x0001)
core   0: 0x80004202 (0x0287f8b3) remu    a7, a5, s0
core   0: 3 0x80004202 (0x0287f8b3) x17 0x00000000
core   0: 0x80004206 (0x019bbd33) sltu    s10, s7, s9
core   0: 3 0x80004206 (0x019bbd33) x26 0x00000000
core   0: 0x8000420a (0x0125e733) or      a4, a1, s2
core   0: 3 0x8000420a (0x0125e733) x14 0x5ca963da
core   0: 0x8000420e (0x02d4ef63) bltu    s1, a3, pc + 62
core   0: 3 0x8000420e (0x02d4ef63)
core   0: 0x8000424c (0x404cd913) srai    s2, s9, 4
core   0: 3 0x8000424c (0x404cd913) x18 0x00000000
core   0: 0x80004250 (0x005eec63) bltu    t4, t0, pc + 24
core   0: 3 0x80004250 (0x005eec63)
core   0: 0x80004268 (0x00009576) c.add   a0, t4
core   0: 3 0x80004268 (0x9576) x10 0x80025ea4
core   0: 0x8000426a (0x00008dbd) c.xor   a1, a5
core   0: 3 0x8000426a (0x8dbd) x11 0x000002d0
core   0: 0x8000426c (0x03bff933) remu    s2, t6, s11
core   0: 3 0x8000426c (0x03bff933) x18 0x00000000
core   0: 0x80004270 (0x00008e72) c.mv    t3, t3
core   0: 3 0x80004270 (0x8e72) x28 0x00000000
core   0: 0x80004272 (0x00009b3a) c.add   s6, a4
core   0: 3 0x80004272 (0x9b3a) x22 0x5ca963da
core   0: 0x80004274 (0x0000717d) c.addi16sp sp, -16
core   0: 3 0x80004274 (0x717d) x2  0xfffffff0
core   0: 0x80004276 (0x00008f2d) c.xor   a4, a1
core   0: 3 0x80004276 (0x8f2d) x14 0x5ca9610a
core   0: 0x80004278 (0x4898eb13) ori     s6, a7, 1161
core   0: 3 0x80004278 (0x4898eb13) x22 0x00000489
core   0: 0x8000427c (0x00008c75) c.and   s0, a3
core   0: 3 0x8000427c (0x8c75) x8  0x00000000
core   0: 0x8000427e (0x00008a4d) c.andi  a2, 19
core   0: 3 0x8000427e (0x8a4d) x12 0x00000001
core   0: 0x80004280 (0x03cbfd63) bgeu    s7, t3, pc + 58
core   0: 3 0x80004280 (0x03cbfd63)
core   0: 0x800042ba (0xaf5fe993) ori     s3, t6, -1291
core   0: 3 0x800042ba (0xaf5fe993) x19 0xfffffaf5
core   0: 0x800042be (0x0fd04113) xori    sp, zero, 253
core   0: 3 0x800042be (0x0fd04113) x2  0x000000fd
core   0: 0x800042c2 (0xd4318893) addi    a7, gp, -701
core   0: 3 0x800042c2 (0xd4318893) x17 0xfffffc43
core   0: 0x800042c6 (0x018d9133) sll     sp, s11, s8
core   0: 3 0x800042c6 (0x018d9133) x2  0x00000000
core   0: 0x800042ca (0xd502bc97) auipc   s9, 0xd502b
core   0: 3 0x800042ca (0xd502bc97) x25 0x5502f2ca
core   0: 0x800042ce (0x00000e6e) c.slli  t3, 27
core   0: 3 0x800042ce (0x0e6e) x28 0x00000000
core   0: 0x800042d0 (0xe70e3c17) auipc   s8, 0xe70e3
core   0: 3 0x800042d0 (0xe70e3c17) x24 0x670e72d0
core   0: 0x800042d4 (0x00740263) beq     s0, t2, pc + 4
core   0: 3 0x800042d4 (0x00740263)
core   0: 0x800042d8 (0x14f73293) sltiu   t0, a4, 335
core   0: 3 0x800042d8 (0x14f73293) x5  0x00000000
core   0: 0x800042dc (0x40715033) sra     zero, sp, t2
core   0: 3 0x800042dc (0x40715033)
core   0: 0x800042e0 (0x03b6a833) mulhsu  a6, a3, s11
core   0: 3 0x800042e0 (0x03b6a833) x16 0x00000000
core   0: 0x800042e4 (0x00698433) add     s0, s3, t1
core   0: 3 0x800042e4 (0x00698433) x8  0xfffffaf5
core   0: 0x800042e8 (0x014cd333) srl     t1, s9, s4
core   0: 3 0x800042e8 (0x014cd333) x6  0x5502f2ca
core   0: 0x800042ec (0xee433993) sltiu   s3, t1, -284
core   0: 3 0x800042ec (0xee433993) x19 0x00000001
core   0: 0x800042f0 (0x01a78733) add     a4, a5, s10
core   0: 3 0x800042f0 (0x01a78733) x14 0x00000000
core   0: 0x800042f4 (0x41c688b3) sub     a7, a3, t3
core   0: 3 0x800042f4 (0x41c688b3) x17 0x0000000c
core   0: 0x800042f8 (0x00469b63) bne     a3, tp, pc + 22
core   0: 3 0x800042f8 (0x00469b63)
core   0: 0x8000430e (0x0056c933) xor     s2, a3, t0
core   0: 3 0x8000430e (0x0056c933) x18 0x0000000c
core   0: 0x80004312 (0x00008df1) c.and   a1, a2
core   0: 3 0x80004312 (0x8df1) x11 0x00000000
core   0: 0x80004314 (0x0000ea95) c.bnez  a3, pc + 52
core   0: 3 0x80004314 (0xea95)
core   0: 0x80004348 (0x00fbf263) bgeu    s7, a5, pc + 4
core   0: 3 0x80004348 (0x00fbf263)
core   0: 0x8000434c (0x00008e91) c.sub   a3, a2
core   0: 3 0x8000434c (0x8e91) x13 0x0000000b
core   0: 0x8000434e (0x00000001) c.nop
core   0: 3 0x8000434e (0x0001)
core   0: 0x80004350 (0x0112be33) sltu    t3, t0, a7
core   0: 3 0x80004350 (0x0112be33) x28 0x00000001
core   0: 0x80004354 (0x000013fd) c.addi  t2, -1
core   0: 3 0x80004354 (0x13fd) x7  0xe1ffffff
core   0: 0x80004356 (0x03d854b3) divu    s1, a6, t4
core   0: 3 0x80004356 (0x03d854b3) x9  0x00000000
core   0: 0x8000435a (0x039d6533) rem     a0, s10, s9
core   0: 3 0x8000435a (0x039d6533) x10 0x00000000
core   0: 0x8000435e (0x000080b1) c.srli  s1, 12
core   0: 3 0x8000435e (0x80b1) x9  0x00000000
core   0: 0x80004360 (0x00000a8c) c.addi4spn a1, sp, 336
core   0: 3 0x80004360 (0x0a8c) x11 0x00000150
core   0: 0x80004362 (0x009d4263) blt     s10, s1, pc + 4
core   0: 3 0x80004362 (0x009d4263)
core   0: 0x80004366 (0x40270bb3) sub     s7, a4, sp
core   0: 3 0x80004366 (0x40270bb3) x23 0x00000000
core   0: 0x8000436a (0x025175b3) remu    a1, sp, t0
core   0: 3 0x8000436a (0x025175b3) x11 0x00000000
core   0: 0x8000436e (0x0000c2a9) c.beqz  a3, pc + 66
core   0: 3 0x8000436e (0xc2a9)
core   0: 0x80004370 (0x8bd87c93) andi    s9, a6, -1859
core   0: 3 0x80004370 (0x8bd87c93) x25 0x00000000
core   0: 0x80004374 (0x84b32913) slti    s2, t1, -1973
core   0: 3 0x80004374 (0x84b32913) x18 0x00000000
core   0: 0x80004378 (0x018ddc93) srli    s9, s11, 24
core   0: 3 0x80004378 (0x018ddc93) x25 0x00000000
core   0: 0x8000437c (0x010b1e13) slli    t3, s6, 16
core   0: 3 0x8000437c (0x010b1e13) x28 0x04890000
core   0: 0x80004380 (0x016b2e33) slt     t3, s6, s6
core   0: 3 0x80004380 (0x016b2e33) x28 0x00000000
core   0: 0x80004384 (0x003d98b3) sll     a7, s11, gp
core   0: 3 0x80004384 (0x003d98b3) x17 0x00000000
core   0: 0x80004388 (0x0000949e) c.add   s1, t2
core   0: 3 0x80004388 (0x949e) x9  0xe1ffffff
core   0: 0x8000438a (0x0000841d) c.srai  s0, 7
core   0: 3 0x8000438a (0x841d) x8  0xfffffff5
core   0: 0x8000438c (0x0000c219) c.beqz  a2, pc + 6
core   0: 3 0x8000438c (0xc219)
core   0: 0x8000438e (0x4089dd33) sra     s10, s3, s0
core   0: 3 0x8000438e (0x4089dd33) x26 0x00000000
core   0: 0x80004392 (0xe1afc413) xori    s0, t6, -486
core   0: 3 0x80004392 (0xe1afc413) x8  0xfffffe1a
core   0: 0x80004396 (0x02863fb3) mulhu   t6, a2, s0
core   0: 3 0x80004396 (0x02863fb3) x31 0x00000000
core   0: 0x8000439a (0x03a7f433) remu    s0, a5, s10
core   0: 3 0x8000439a (0x03a7f433) x8  0x00000000
core   0: 0x8000439e (0x034522b3) mulhsu  t0, a0, s4
core   0: 3 0x8000439e (0x034522b3) x5  0x00000000
core   0: 0x800043a2 (0x00004fad) c.li    t6, 11
core   0: 3 0x800043a2 (0x4fad) x31 0x0000000b
core   0: 0x800043a4 (0x41efd333) sra     t1, t6, t5
core   0: 3 0x800043a4 (0x41efd333) x6  0x00000000
core   0: 0x800043a8 (0x02d25fb3) divu    t6, tp, a3
core   0: 3 0x800043a8 (0x02d25fb3) x31 0x00000000
core   0: 0x800043ac (0x00001ffd) c.addi  t6, -1
core   0: 3 0x800043ac (0x1ffd) x31 0xffffffff
core   0: 0x800043ae (0x00000e22) c.slli  t3, 8
core   0: 3 0x800043ae (0x0e22) x28 0x00000000
core   0: 0x800043b0 (0x002d7cb3) and     s9, s10, sp
core   0: 3 0x800043b0 (0x002d7cb3) x25 0x00000000
core   0: 0x800043b4 (0x000097d2) c.add   a5, s4
core   0: 3 0x800043b4 (0x97d2) x15 0x358a4000
core   0: 0x800043b6 (0x02cfc933) div     s2, t6, a2
core   0: 3 0x800043b6 (0x02cfc933) x18 0xffffffff
core   0: 0x800043ba (0x0001cd17) auipc   s10, 0x1c
core   0: 3 0x800043ba (0x0001cd17) x26 0x800203ba
core   0: 0x800043be (0xa5dd0d13) addi    s10, s10, -1443
core   0: 3 0x800043be (0xa5dd0d13) x26 0x8001fe17
core   0: 0x800043c2 (0x000096d2) c.add   a3, s4
core   0: 3 0x800043c2 (0x96d2) x13 0x358a400b
core   0: 0x800043c4 (0x6a1d1783) lh      a5, 1697(s10)
core   0: 3 0x800043c4 (0x6a1d1783) x15 0x00000000 mem 0x800204b8
core   0: 0x800043c8 (0x00008442) c.mv    s0, a6
core   0: 3 0x800043c8 (0x8442) x8  0x00000000
core   0: 0x800043ca (0x027aedb3) rem     s11, s5, t2
core   0: 3 0x800043ca (0x027aedb3) x27 0x00000008
core   0: 0x800043ce (0x000009ed) c.addi  s3, 27
core   0: 3 0x800043ce (0x09ed) x19 0x0000001c
core   0: 0x800043d0 (0x035b0bb3) mul     s7, s6, s5
core   0: 3 0x800043d0 (0x035b0bb3) x23 0x00002448
core   0: 0x800043d4 (0x507d0483) lb      s1, 1287(s10)
core   0: 3 0x800043d4 (0x507d0483) x9  0x00000000 mem 0x8002031e
core   0: 0x800043d8 (0xddcd0283) lb      t0, -548(s10)
core   0: 3 0x800043d8 (0xddcd0283) x5  0x00000000 mem 0x8001fbf3
core   0: 0x800043dc (0x00000001) c.nop
core   0: 3 0x800043dc (0x0001)
core   0: 0x800043de (0xb9ed0983) lb      s3, -1122(s10)
core   0: 3 0x800043de (0xb9ed0983) x19 0x00000000 mem 0x8001f9b5
core   0: 0x800043e2 (0x00e27cb3) and     s9, tp, a4
core   0: 3 0x800043e2 (0x00e27cb3) x25 0x00000000
core   0: 0x800043e6 (0x02462933) mulhsu  s2, a2, tp
core   0: 3 0x800043e6 (0x02462933) x18 0x00000000
core   0: 0x800043ea (0x00144a33) xor     s4, s0, ra
core   0: 3 0x800043ea (0x00144a33) x20 0xbddbd000
core   0: 0x800043ee (0x00008f91) c.sub   a5, a2
core   0: 3 0x800043ee (0x8f91) x15 0xffffffff
core   0: 0x800043f0 (0xc19d0e23) sb      s9, -996(s10)
core   0: 3 0x800043f0 (0xc19d0e23) mem 0x8001fa33 0x00
core   0: 0x800043f4 (0x57ed0f83) lb      t6, 1406(s10)
core   0: 3 0x800043f4 (0x57ed0f83) x31 0x00000000 mem 0x80020395
core   0: 0x800043f8 (0x28cd4b03) lbu     s6, 652(s10)
core   0: 3 0x800043f8 (0x28cd4b03) x22 0x00000000 mem 0x800200a3
core   0: 0x800043fc (0x618d0723) sb      s8, 1550(s10)
core   0: 3 0x800043fc (0x618d0723) mem 0x80020425 0xd0
core   0: 0x80004400 (0x00000001) c.nop
core   0: 3 0x80004400 (0x0001)
core   0: 0x80004402 (0x000085f9) c.srai  a1, 30
core   0: 3 0x80004402 (0x85f9) x11 0x00000000
core   0: 0x80004404 (0x5ead4983) lbu     s3, 1514(s10)
core   0: 3 0x80004404 (0x5ead4983) x19 0x00000000 mem 0x80020401
core   0: 0x80004408 (0x456d0683) lb      a3, 1110(s10)
core   0: 3 0x80004408 (0x456d0683) x13 0x00000000 mem 0x8002026d
core   0: 0x8000440c (0x000002b2) c.slli  t0, 12
core   0: 3 0x8000440c (0x02b2) x5  0x00000000
core   0: 0x8000440e (0x00253b33) sltu    s6, a0, sp
core   0: 3 0x8000440e (0x00253b33) x22 0x00000000
core   0: 0x80004412 (0x00779763) bne     a5, t2, pc + 14
core   0: 3 0x80004412 (0x00779763)
core   0: 0x80004420 (0x000c9493) slli    s1, s9, 0
core   0: 3 0x80004420 (0x000c9493) x9  0x00000000
core   0: 0x80004424 (0x0165c333) xor     t1, a1, s6
core   0: 3 0x80004424 (0x0165c333) x6  0x00000000
core   0: 0x80004428 (0x009e5a33) srl     s4, t3, s1
core   0: 3 0x80004428 (0x009e5a33) x20 0x00000000
core   0: 0x8000442c (0xff0d2493) slti    s1, s10, -16
core   0: 3 0x8000442c (0xff0d2493) x9  0x00000001
core   0: 0x80004430 (0xf6138e13) addi    t3, t2, -159
core   0: 3 0x80004430 (0xf6138e13) x28 0xe1ffff60
core   0: 0x80004434 (0x41ba5413) srai    s0, s4, 27
core   0: 3 0x80004434 (0x41ba5413) x8  0x00000000
core   0: 0x80004438 (0x0000cf85) c.beqz  a5, pc + 56
core   0: 3 0x80004438 (0xcf85)
core   0: 0x8000443a (0xebf0f493) andi    s1, ra, -321
core   0: 3 0x8000443a (0xebf0f493) x9  0xbddbd000
core   0: 0x8000443e (0x0000923a) c.add   tp, a4
core   0: 3 0x8000443e (0x923a) x4  0x00000001
core   0: 0x80004440 (0x0000810a) c.mv    sp, sp
core   0: 3 0x80004440 (0x810a) x2  0x00000000
core   0: 0x80004442 (0x0212d2b3) divu    t0, t0, ra
core   0: 3 0x80004442 (0x0212d2b3) x5  0x00000000
core   0: 0x80004446 (0x03ea5063) bge     s4, t5, pc + 32
core   0: 3 0x80004446 (0x03ea5063)
core   0: 0x80004466 (0xc4cbc537) lui     a0, 0xc4cbc
core   0: 3 0x80004466 (0xc4cbc537) x10 0xc4cbc000
core   0: 0x8000446a (0x0000e709) c.bnez  a4, pc + 10
core   0: 3 0x8000446a (0xe709)
core   0: 0x8000446c (0x2f6f3413) sltiu   s0, t5, 758
core   0: 3 0x8000446c (0x2f6f3413) x8  0x00000000
core   0: 0x80004470 (0x00597b63) bgeu    s2, t0, pc + 22
core   0: 3 0x80004470 (0x00597b63)
core   0: 0x80004486 (0x75685037) lui     zero, 0x75685
core   0: 3 0x80004486 (0x75685037)
core   0: 0x8000448a (0x0000577d) c.li    a4, -1
core   0: 3 0x8000448a (0x577d) x14 0xffffffff
core   0: 0x8000448c (0x03b4cbb3) div     s7, s1, s11
core   0: 3 0x8000448c (0x03b4cbb3) x23 0xf7bb7a00
core   0: 0x80004490 (0x000098fd) c.andi  s1, -1
core   0: 3 0x80004490 (0x98fd) x9  0xbddbd000
core   0: 0x80004492 (0x004a9633) sll     a2, s5, tp
core   0: 3 0x80004492 (0x004a9633) x12 0x00000010
core   0: 0x80004496 (0x00008c85) c.sub   s1, s1
core   0: 3 0x80004496 (0x8c85) x9  0x00000000
core   0: 0x80004498 (0xd74564b7) lui     s1, 0xd7456
core   0: 3 0x80004498 (0xd74564b7) x9  0xd7456000
core   0: 0x8000449c (0x0000e3b9) c.bnez  a5, pc + 70
core   0: 3 0x8000449c (0xe3b9)
core   0: 0x800044e2 (0x00000356) c.slli  t1, 21
core   0: 3 0x800044e2 (0x0356) x6  0x00000000
core   0: 0x800044e4 (0x0000616d) c.addi16sp sp, 240
core   0: 3 0x800044e4 (0x616d) x2  0x000000f0
core   0: 0x800044e6 (0x0205bd33) mulhu   s10, a1, zero
core   0: 3 0x800044e6 (0x0205bd33) x26 0x00000000
core   0: 0x800044ea (0x0000869e) c.mv    a3, t2
core   0: 3 0x800044ea (0x869e) x13 0xe1ffffff
core   0: 0x800044ec (0x039cd7b3) divu    a5, s9, s9
core   0: 3 0x800044ec (0x039cd7b3) x15 0xffffffff
core   0: 0x800044f0 (0x0070a0b3) slt     ra, ra, t2
core   0: 3 0x800044f0 (0x0070a0b3) x1  0x00000001
core   0: 0x800044f4 (0x007cd6b3) srl     a3, s9, t2
core   0: 3 0x800044f4 (0x007cd6b3) x13 0x00000000
core   0: 0x800044f8 (0x27982493) slti    s1, a6, 633
core   0: 3 0x800044f8 (0x27982493) x9  0x00000001
core   0: 0x800044fc (0x0000e321) c.bnez  a4, pc + 64
core   0: 3 0x800044fc (0xe321)
core   0: 0x8000453c (0x000086c2) c.mv    a3, a6
core   0: 3 0x8000453c (0x86c2) x13 0x00000000
core   0: 0x8000453e (0x00000001) c.nop
core   0: 3 0x8000453e (0x0001)
core   0: 0x80004540 (0x00008f55) c.or    a4, a3
core   0: 3 0x80004540 (0x8f55) x14 0xffffffff
core   0: 0x80004542 (0x00000001) c.nop
core   0: 3 0x80004542 (0x0001)
core   0: 0x80004544 (0x63ccc097) auipc   ra, 0x63ccc
core   0: 3 0x80004544 (0x63ccc097) x1  0xe3cd0544
core   0: 0x80004548 (0x03af52b3) divu    t0, t5, s10
core   0: 3 0x80004548 (0x03af52b3) x5  0xffffffff
core   0: 0x8000454c (0x00000001) c.nop
core   0: 3 0x8000454c (0x0001)
core   0: 0x8000454e (0x41745933) sra     s2, s0, s7
core   0: 3 0x8000454e (0x41745933) x18 0x00000000
core   0: 0x80004552 (0x03539b33) mulh    s6, t2, s5
core   0: 3 0x80004552 (0x03539b33) x22 0xffffffff
core   0: 0x80004556 (0x00005d17) auipc   s10, 0x5
core   0: 3 0x80004556 (0x00005d17) x26 0x80009556
core   0: 0x8000455a (0x12ed0d13) addi    s10, s10, 302
core   0: 3 0x8000455a (0x12ed0d13) x26 0x80009684
core   0: 0x8000455e (0x0000147d) c.addi  s0, -1
core   0: 3 0x8000455e (0x147d) x8  0xffffffff
core   0: 0x80004560 (0x06fd0d13) addi    s10, s10, 111
core   0: 3 0x80004560 (0x06fd0d13) x26 0x800096f3
core   0: 0x80004564 (0x41b45a33) sra     s4, s0, s11
core   0: 3 0x80004564 (0x41b45a33) x20 0xffffffff
core   0: 0x80004568 (0x00d20563) beq     tp, a3, pc + 10
core   0: 3 0x80004568 (0x00d20563)
core   0: 0x8000456c (0xd42d3993) sltiu   s3, s10, -702
core   0: 3 0x8000456c (0xd42d3993) x19 0x00000001
core   0: 0x80004570 (0x00008fd9) c.or    a5, a4
core   0: 3 0x80004570 (0x8fd9) x15 0xffffffff
core   0: 0x80004572 (0xf91d00e7) jalr    ra, s10, -111
core   0: 3 0x80004572 (0xf91d00e7) x1  0x80004576
core   0: 0x80009684 (0x0109bb33) sltu    s6, s3, a6
core   0: 3 0x80009684 (0x0109bb33) x22 0x00000000
core   0: 0x80009688 (0x96602893) slti    a7, zero, -1690
core   0: 3 0x80009688 (0x96602893) x17 0x00000000
core   0: 0x8000968c (0x00001eb1) c.addi  t4, -20
core   0: 3 0x8000968c (0x1eb1) x29 0x80025e90
core   0: 0x8000968e (0x407b8633) sub     a2, s7, t2
core   0: 3 0x8000968e (0x407b8633) x12 0x15bb7a01
core   0: 0x80009692 (0x001ea223) sw      ra, 4(t4)
core   0: 3 0x80009692 (0x001ea223) mem 0x80025e94 0x80004576
core   0: 0x80009696 (0x41cdd533) sra     a0, s11, t3
core   0: 3 0x80009696 (0x41cdd533) x10 0x00000008
core   0: 0x8000969a (0xb944b893) sltiu   a7, s1, -1132
core   0: 3 0x8000969a (0xb944b893) x17 0x00000001
core   0: 0x8000969e (0x000008da) c.slli  a7, 22
core   0: 3 0x8000969e (0x08da) x17 0x00400000
core   0: 0x800096a0 (0x03334e33) div     t3, t1, s3
core   0: 3 0x800096a0 (0x03334e33) x28 0x00000000
core   0: 0x800096a4 (0x0123da13) srli    s4, t2, 18
core   0: 3 0x800096a4 (0x0123da13) x20 0x0000387f
core   0: 0x800096a8 (0x00c000ef) jal     pc + 0xc
core   0: 3 0x800096a8 (0x00c000ef) x1  0x800096ac
core   0: 0x800096b4 (0x0000bffd) c.j     pc - 2
core   0: 3 0x800096b4 (0xbffd)
core   0: 0x800096b2 (0x00002039) c.jal   pc + 14
core   0: 3 0x800096b2 (0x2039) x1  0x800096b4
core   0: 0x800096c0 (0x00003fdd) c.jal   pc - 10
core   0: 3 0x800096c0 (0x3fdd) x1  0x800096c2
core   0: 0x800096b6 (0x0080036f) jal     t1, pc + 0x8
core   0: 3 0x800096b6 (0x0080036f) x6  0x800096ba
core   0: 0x800096be (0x0000a011) c.j     pc + 4
core   0: 3 0x800096be (0xa011)
core   0: 0x800096c2 (0x000037fd) c.jal   pc - 18
core   0: 3 0x800096c2 (0x37fd) x1  0x800096c4
core   0: 0x800096b0 (0x0000a811) c.j     pc + 20
core   0: 3 0x800096b0 (0xa811)
core   0: 0x800096c4 (0xff7ff0ef) jal     pc - 0xa
core   0: 3 0x800096c4 (0xff7ff0ef) x1  0x800096c8
core   0: 0x800096ba (0x0000a009) c.j     pc + 2
core   0: 3 0x800096ba (0xa009)
core   0: 0x800096bc (0x00002031) c.jal   pc + 12
core   0: 3 0x800096bc (0x2031) x1  0x800096be
core   0: 0x800096c8 (0x0000b7d5) c.j     pc - 28
core   0: 3 0x800096c8 (0xb7d5)
core   0: 0x800096ac (0x01e000ef) jal     pc + 0x1e
core   0: 3 0x800096ac (0x01e000ef) x1  0x800096b0
core   0: 0x800096ca (0x0137c2b3) xor     t0, a5, s3
core   0: 3 0x800096ca (0x0137c2b3) x5  0xfffffffe
core   0: 0x800096ce (0x00c000ef) jal     pc + 0xc
core   0: 3 0x800096ce (0x00c000ef) x1  0x800096d2
core   0: 0x800096da (0x00003ff5) c.jal   pc - 4
core   0: 3 0x800096da (0x3ff5) x1  0x800096dc
core   0: 0x800096d6 (0xfffff16f) jal     sp, pc - 0x2
core   0: 3 0x800096d6 (0xfffff16f) x2  0x800096da
core   0: 0x800096d4 (0x00002029) c.jal   pc + 10
core   0: 3 0x800096d4 (0x2029) x1  0x800096d6
core   0: 0x800096de (0x0000bfd5) c.j     pc - 12
core   0: 3 0x800096de (0xbfd5)
core   0: 0x800096d2 (0x00002819) c.jal   pc + 22
core   0: 3 0x800096d2 (0x2819) x1  0x800096d4
core   0: 0x800096e8 (0x0000bfd5) c.j     pc - 12
core   0: 3 0x800096e8 (0xbfd5)
core   0: 0x800096dc (0x0000a021) c.j     pc + 8
core   0: 3 0x800096dc (0xa021)
core   0: 0x800096e4 (0xffdff36f) jal     t1, pc - 0x4
core   0: 3 0x800096e4 (0xffdff36f) x6  0x800096e8
core   0: 0x800096e0 (0x0000a009) c.j     pc + 2
core   0: 3 0x800096e0 (0xa009)
core   0: 0x800096e2 (0x0000a021) c.j     pc + 8
core   0: 3 0x800096e2 (0xa021)
core   0: 0x800096ea (0x02bc99b3) mulh    s3, s9, a1
core   0: 3 0x800096ea (0x02bc99b3) x19 0x00000000
core   0: 0x800096ee (0x00008197) auipc   gp, 0x8
core   0: 3 0x800096ee (0x00008197) x3  0x800116ee
core   0: 0x800096f2 (0x90218193) addi    gp, gp, -1790
core   0: 3 0x800096f2 (0x90218193) x3  0x80010ff0
core   0: 0x800096f6 (0x00008f11) c.sub   a4, a2
core   0: 3 0x800096f6 (0x8f11) x14 0xea4485fe
core   0: 0x800096f8 (0xc8c19003) lh      zero, -884(gp)
core   0: 3 0x800096f8 (0xc8c19003) mem 0x80010c7c
core   0: 0x800096fc (0x00009e32) c.add   t3, a2
core   0: 3 0x800096fc (0x9e32) x28 0x15bb7a01
core   0: 0x800096fe (0xc8c1a883) lw      a7, -884(gp)
core   0: 3 0x800096fe (0xc8c1a883) x17 0xf8daa871 mem 0x80010c7c
core   0: 0x80009702 (0xc8f1a623) sw      a5, -884(gp)
core   0: 3 0x80009702 (0xc8f1a623) mem 0x80010c7c 0xffffffff
core   0: 0x80009706 (0x8354eb13) ori     s6, s1, -1995
core   0: 3 0x80009706 (0x8354eb13) x22 0xfffff835
core   0: 0x8000970a (0x0000717d) c.addi16sp sp, -16
core   0: 3 0x8000970a (0x717d) x2  0x800096ca
core   0: 0x8000970c (0xc8d1c203) lbu     tp, -883(gp)
core   0: 3 0x8000970c (0xc8d1c203) x4  0x000000ff mem 0x80010c7d
core   0: 0x80009710 (0x033a0d33) mul     s10, s4, s3
core   0: 3 0x80009710 (0x033a0d33) x26 0x00000000
core   0: 0x80009714 (0x02e085b3) mul     a1, ra, a4
core   0: 3 0x80009714 (0x02e085b3) x11 0x2741ca58
core   0: 0x80009718 (0x03653c33) mulhu   s8, a0, s6
core   0: 3 0x80009718 (0x03653c33) x24 0x00000007
core   0: 0x8000971c (0xaf518003) lb      zero, -1291(gp)
core   0: 3 0x8000971c (0xaf518003) mem 0x80010ae5
core   0: 0x80009720 (0x8eb189a3) sb      a1, -1805(gp)
core   0: 3 0x80009720 (0x8eb189a3) mem 0x800108e3 0x58
core   0: 0x80009724 (0x02418d83) lb      s11, 36(gp)
core   0: 3 0x80009724 (0x02418d83) x27 0x00000000 mem 0x80011014
core   0: 0x80009728 (0xe4e18ca3) sb      a4, -423(gp)
core   0: 3 0x80009728 (0xe4e18ca3) mem 0x80010e49 0xfe
core   0: 0x8000972c (0xe591cd03) lbu     s10, -423(gp)
core   0: 3 0x8000972c (0xe591cd03) x26 0x000000fe mem 0x80010e49
core   0: 0x80009730 (0xe5918903) lb      s2, -423(gp)
core   0: 3 0x80009730 (0xe5918903) x18 0xfffffffe mem 0x80010e49
core   0: 0x80009734 (0x00007b97) auipc   s7, 0x7
core   0: 3 0x80009734 (0x00007b97) x23 0x80010734
core   0: 0x80009738 (0x63cb8b93) addi    s7, s7, 1596
core   0: 3 0x80009738 (0x63cb8b93) x23 0x80010d70
core   0: 0x8000973c (0xfdbb8d23) sb      s11, -38(s7)
core   0: 3 0x8000973c (0xfdbb8d23) mem 0x80010d4a 0x00
core   0: 0x80009740 (0x037b8603) lb      a2, 55(s7)
core   0: 3 0x80009740 (0x037b8603) x12 0x00000000 mem 0x80010da7
core   0: 0x80009744 (0x01dbc603) lbu     a2, 29(s7)
core   0: 3 0x80009744 (0x01dbc603) x12 0x00000000 mem 0x80010d8d
core   0: 0x80009748 (0xff1b86a3) sb      a7, -19(s7)
core   0: 3 0x80009748 (0xff1b86a3) mem 0x80010d5d 0x71
core   0: 0x8000974c (0xfe0b9b23) sh      zero, -10(s7)
core   0: 3 0x8000974c (0xfe0b9b23) mem 0x80010d66 0x0000
core   0: 0x80009750 (0xfe3b8603) lb      a2, -29(s7)
core   0: 3 0x80009750 (0xfe3b8603) x12 0x00000000 mem 0x80010d53
core   0: 0x80009754 (0xfdbb8ea3) sb      s11, -35(s7)
core   0: 3 0x80009754 (0xfdbb8ea3) mem 0x80010d4d 0x00
core   0: 0x80009758 (0xfcfb8883) lb      a7, -49(s7)
core   0: 3 0x80009758 (0xfcfb8883) x17 0x00000000 mem 0x80010d3f
core   0: 0x8000975c (0xfc3b8003) lb      zero, -61(s7)
core   0: 3 0x8000975c (0xfc3b8003) mem 0x80010d33
core   0: 0x80009760 (0xfe0b87a3) sb      zero, -17(s7)
core   0: 3 0x80009760 (0xfe0b87a3) mem 0x80010d5f 0x00
core   0: 0x80009764 (0x03100633) mul     a2, zero, a7
core   0: 3 0x80009764 (0x03100633) x12 0x00000000
core   0: 0x80009768 (0x01081833) sll     a6, a6, a6
core   0: 3 0x80009768 (0x01081833) x16 0x00000000
core   0: 0x8000976c (0xfcab8883) lb      a7, -54(s7)
core   0: 3 0x8000976c (0xfcab8883) x17 0x00000000 mem 0x80010d3a
core   0: 0x80009770 (0xfc0b88a3) sb      zero, -47(s7)
core   0: 3 0x80009770 (0xfc0b88a3) mem 0x80010d41 0x00
core   0: 0x80009774 (0x014bd603) lhu     a2, 20(s7)
core   0: 3 0x80009774 (0x014bd603) x12 0x00000000 mem 0x80010d84
core   0: 0x80009778 (0x5e5dbc93) sltiu   s9, s11, 1509
core   0: 3 0x80009778 (0x5e5dbc93) x25 0x00000001
core   0: 0x8000977c (0xfd2bdd83) lhu     s11, -46(s7)
core   0: 3 0x8000977c (0xfd2bdd83) x27 0x00000000 mem 0x80010d42
core   0: 0x80009780 (0x02c608b3) mul     a7, a2, a2
core   0: 3 0x80009780 (0x02c608b3) x17 0x00000000
core   0: 0x80009784 (0xfcbbcc83) lbu     s9, -53(s7)
core   0: 3 0x80009784 (0xfcbbcc83) x25 0x00000000 mem 0x80010d3b
core   0: 0x80009788 (0x00000605) c.addi  a2, 1
core   0: 3 0x80009788 (0x0605) x12 0x00000001
core   0: 0x8000978a (0xcd903613) sltiu   a2, zero, -807
core   0: 3 0x8000978a (0xcd903613) x12 0x00000001
core   0: 0x8000978e (0x020b8523) sb      zero, 42(s7)
core   0: 3 0x8000978e (0x020b8523) mem 0x80010d9a 0x00
core   0: 0x80009792 (0x00000001) c.nop
core   0: 3 0x80009792 (0x0001)
core   0: 0x80009794 (0x022b8d83) lb      s11, 34(s7)
core   0: 3 0x80009794 (0x022b8d83) x27 0x00000000 mem 0x80010d92
core   0: 0x80009798 (0x00008e31) c.xor   a2, a2
core   0: 3 0x80009798 (0x8e31) x12 0x00000000
core   0: 0x8000979a (0x030d9633) mulh    a2, s11, a6
core   0: 3 0x8000979a (0x030d9633) x12 0x00000000
core   0: 0x8000979e (0x035b8603) lb      a2, 53(s7)
core   0: 3 0x8000979e (0x035b8603) x12 0x00000000 mem 0x80010da5
core   0: 0x800097a2 (0x01004033) xor     zero, zero, a6
core   0: 3 0x800097a2 (0x01004033)
core   0: 0x800097a6 (0x03bbaa23) sw      s11, 52(s7)
core   0: 3 0x800097a6 (0x03bbaa23) mem 0x80010da4 0x00000000
core   0: 0x800097aa (0x00cb9603) lh      a2, 12(s7)
core   0: 3 0x800097aa (0x00cb9603) x12 0x00000000 mem 0x80010d7c
core   0: 0x800097ae (0x0000f117) auipc   sp, 0xf
core   0: 3 0x800097ae (0x0000f117) x2  0x800187ae
core   0: 0x800097b2 (0x1d410113) addi    sp, sp, 468
core   0: 3 0x800097b2 (0x1d410113) x2  0x80018982
core   0: 0x800097b6 (0x32c3f793) andi    a5, t2, 812
core   0: 3 0x800097b6 (0x32c3f793) x15 0x0000032c
core   0: 0x800097ba (0x02ea5533) divu    a0, s4, a4
core   0: 3 0x800097ba (0x02ea5533) x10 0x00000000
core   0: 0x800097be (0x00008ea9) c.xor   a3, a0
core   0: 3 0x800097be (0x8ea9) x13 0x00000000
core   0: 0x800097c0 (0x2a814f83) lbu     t6, 680(sp)
core   0: 3 0x800097c0 (0x2a814f83) x31 0x00000000 mem 0x80018c2a
core   0: 0x800097c4 (0x00000001) c.nop
core   0: 3 0x800097c4 (0x0001)
core   0: 0x800097c6 (0x90b10d83) lb      s11, -1781(sp)
core   0: 3 0x800097c6 (0x90b10d83) x27 0x00000000 mem 0x8001828d
core   0: 0x800097ca (0x000081ad) c.srli  a1, 11
core   0: 3 0x800097ca (0x81ad) x11 0x0004e839
core   0: 0x800097cc (0x01aa1833) sll     a6, s4, s10
core   0: 3 0x800097cc (0x01aa1833) x16 0xc0000000
core   0: 0x800097d0 (0x01156db3) or      s11, a0, a7
core   0: 3 0x800097d0 (0x01156db3) x27 0x00000000
core   0: 0x800097d4 (0xa3eba693) slti    a3, s7, -1474
core   0: 3 0x800097d4 (0xa3eba693) x13 0x00000001
core   0: 0x800097d8 (0x84910ba3) sb      s1, -1961(sp)
core   0: 3 0x800097d8 (0x84910ba3) mem 0x800181d9 0x01
core   0: 0x800097dc (0x15c15283) lhu     t0, 348(sp)
core   0: 3 0x800097dc (0x15c15283) x5  0x00000000 mem 0x80018ade
core   0: 0x800097e0 (0x0302a533) mulhsu  a0, t0, a6
core   0: 3 0x800097e0 (0x0302a533) x10 0x00000000
core   0: 0x800097e4 (0x0015d633) srl     a2, a1, ra
core   0: 3 0x800097e4 (0x0015d633) x12 0x00000000
core   0: 0x800097e8 (0x000099fd) c.andi  a1, -1
core   0: 3 0x800097e8 (0x99fd) x11 0x0004e839
core   0: 0x800097ea (0x03d9d033) divu    zero, s3, t4
core   0: 3 0x800097ea (0x03d9d033)
core   0: 0x800097ee (0x1b415c03) lhu     s8, 436(sp)
core   0: 3 0x800097ee (0x1b415c03) x24 0x00000000 mem 0x80018b36
core   0: 0x800097f2 (0x32212b03) lw      s6, 802(sp)
core   0: 3 0x800097f2 (0x32212b03) x22 0x00000000 mem 0x80018ca4
core   0: 0x800097f6 (0x87d10fa3) sb      t4, -1921(sp)
core   0: 3 0x800097f6 (0x87d10fa3) mem 0x80018201 0x90
core   0: 0x800097fa (0x03fe9333) mulh    t1, t4, t6
core   0: 3 0x800097fa (0x03fe9333) x6  0x00000000
core   0: 0x800097fe (0x1dc11cb7) lui     s9, 0x1dc11
core   0: 3 0x800097fe (0x1dc11cb7) x25 0x1dc11000
core   0: 0x80009802 (0x55314e03) lbu     t3, 1363(sp)
core   0: 3 0x80009802 (0x55314e03) x28 0x00000000 mem 0x80018ed5
core   0: 0x80009806 (0x02277933) remu    s2, a4, sp
core   0: 3 0x80009806 (0x02277933) x18 0x6a42fc7c
core   0: 0x8000980a (0x02675333) divu    t1, a4, t1
core   0: 3 0x8000980a (0x02675333) x6  0xffffffff
core   0: 0x8000980e (0x0047ddb3) srl     s11, a5, tp
core   0: 3 0x8000980e (0x0047ddb3) x27 0x00000000
core   0: 0x80009812 (0x460b6513) ori     a0, s6, 1120
core   0: 3 0x80009812 (0x460b6513) x10 0x00000460
core   0: 0x80009816 (0xfbc14883) lbu     a7, -68(sp)
core   0: 3 0x80009816 (0xfbc14883) x17 0x00000000 mem 0x8001893e
core   0: 0x8000981a (0xcf346613) ori     a2, s0, -781
core   0: 3 0x8000981a (0xcf346613) x12 0xffffffff
core   0: 0x8000981e (0x00008d1d) c.sub   a0, a5
core   0: 3 0x8000981e (0x8d1d) x10 0x00000134
core   0: 0x80009820 (0x99110903) lb      s2, -1647(sp)
core   0: 3 0x80009820 (0x99110903) x18 0x00000000 mem 0x80018313
core   0: 0x80009824 (0xef114d83) lbu     s11, -271(sp)
core   0: 3 0x80009824 (0xef114d83) x27 0x00000000 mem 0x80018873
core   0: 0x80009828 (0x04110b83) lb      s7, 65(sp)
core   0: 3 0x80009828 (0x04110b83) x23 0x00000000 mem 0x800189c3
core   0: 0x8000982c (0x01154e33) xor     t3, a0, a7
core   0: 3 0x8000982c (0x01154e33) x28 0x00000134
core   0: 0x80009830 (0x036ed2b3) divu    t0, t4, s6
core   0: 3 0x80009830 (0x036ed2b3) x5  0xffffffff
core   0: 0x80009834 (0x23711923) sh      s7, 562(sp)
core   0: 3 0x80009834 (0x23711923) mem 0x80018bb4 0x0000
core   0: 0x80009838 (0x00007517) auipc   a0, 0x7
core   0: 3 0x80009838 (0x00007517) x10 0x80010838
core   0: 0x8000983c (0x29650513) addi    a0, a0, 662
core   0: 3 0x8000983c (0x29650513) x10 0x80010ace
core   0: 0x80009840 (0xfa850203) lb      tp, -88(a0)
core   0: 3 0x80009840 (0xfa850203) x4  0x00000000 mem 0x80010a76
core   0: 0x80009844 (0x062508a3) sb      sp, 113(a0)
core   0: 3 0x80009844 (0x062508a3) mem 0x80010b3f 0x82
core   0: 0x80009848 (0x028471b3) remu    gp, s0, s0
core   0: 3 0x80009848 (0x028471b3) x3  0x00000000
core   0: 0x8000984c (0x00008d8d) c.sub   a1, a1
core   0: 3 0x8000984c (0x8d8d) x11 0x00000000
core   0: 0x8000984e (0xfb950403) lb      s0, -71(a0)
core   0: 3 0x8000984e (0xfb950403) x8  0xffffff90 mem 0x80010a87
core   0: 0x80009852 (0x09050203) lb      tp, 144(a0)
core   0: 3 0x80009852 (0x09050203) x4  0xfffffff0 mem 0x80010b5e
core   0: 0x80009856 (0x406a5113) srai    sp, s4, 6
core   0: 3 0x80009856 (0x406a5113) x2  0x000000e1
core   0: 0x8000985a (0x09f50a03) lb      s4, 159(a0)
core   0: 3 0x8000985a (0x09f50a03) x20 0x00000000 mem 0x80010b6d
core   0: 0x8000985e (0x05855a03) lhu     s4, 88(a0)
core   0: 3 0x8000985e (0x05855a03) x20 0x00000000 mem 0x80010b26
core   0: 0x80009862 (0x00001b0c) c.addi4spn a1, sp, 432
core   0: 3 0x80009862 (0x1b0c) x11 0x00000291
core   0: 0x80009864 (0xf4d54a03) lbu     s4, -179(a0)
core   0: 3 0x80009864 (0xf4d54a03) x20 0x00000000 mem 0x80010a1b
core   0: 0x80009868 (0x08b508a3) sb      a1, 145(a0)
core   0: 3 0x80009868 (0x08b508a3) mem 0x80010b5f 0x91
core   0: 0x8000986c (0x55d5a593) slti    a1, a1, 1373
core   0: 3 0x8000986c (0x55d5a593) x11 0x00000001
core   0: 0x80009870 (0x414181b3) sub     gp, gp, s4
core   0: 3 0x80009870 (0x414181b3) x3  0x00000000
core   0: 0x80009874 (0x00008c6d) c.and   s0, a1
core   0: 3 0x80009874 (0x8c6d) x8  0x00000000
core   0: 0x80009876 (0x00000596) c.slli  a1, 5
core   0: 3 0x80009876 (0x0596) x11 0x00000020
core   0: 0x80009878 (0x00359a33) sll     s4, a1, gp
core   0: 3 0x80009878 (0x00359a33) x20 0x00000020
core   0: 0x8000987c (0x40624213) xori    tp, tp, 1030
core   0: 3 0x8000987c (0x40624213) x4  0xfffffbf6
core   0: 0x80009880 (0x00006a5d) c.lui   s4, 0x17
core   0: 3 0x80009880 (0x6a5d) x20 0x00017000
core   0: 0x80009882 (0xeb5a4a13) xori    s4, s4, -331
core   0: 3 0x80009882 (0xeb5a4a13) x20 0xfffe8eb5
core   0: 0x80009886 (0xf1c54203) lbu     tp, -228(a0)
core   0: 3 0x80009886 (0xf1c54203) x4  0x00000000 mem 0x800109ea
core   0: 0x8000988a (0x05854583) lbu     a1, 88(a0)
core   0: 3 0x8000988a (0x05854583) x11 0x00000000 mem 0x80010b26
core   0: 0x8000988e (0xfa454a03) lbu     s4, -92(a0)
core   0: 3 0x8000988e (0xfa454a03) x20 0x00000000 mem 0x80010a72
core   0: 0x80009892 (0x414185b3) sub     a1, gp, s4
core   0: 3 0x80009892 (0x414185b3) x11 0x00000000
core   0: 0x80009896 (0x03454583) lbu     a1, 52(a0)
core   0: 3 0x80009896 (0x03454583) x11 0x00000000 mem 0x80010b02
core   0: 0x8000989a (0x2355fa13) andi    s4, a1, 565
core   0: 3 0x8000989a (0x2355fa13) x20 0x00000000
core   0: 0x8000989e (0xfb651a03) lh      s4, -74(a0)
core   0: 3 0x8000989e (0xfb651a03) x20 0x00000000 mem 0x80010a84
core   0: 0x800098a2 (0x01413133) sltu    sp, sp, s4
core   0: 3 0x800098a2 (0x01413133) x2  0x00000000
core   0: 0x800098a6 (0x003a31b3) sltu    gp, s4, gp
core   0: 3 0x800098a6 (0x003a31b3) x3  0x00000000
core   0: 0x800098aa (0x06550a03) lb      s4, 101(a0)
core   0: 3 0x800098aa (0x06550a03) x20 0x00000000 mem 0x80010b33
core   0: 0x800098ae (0x00005a7d) c.li    s4, -1
core   0: 3 0x800098ae (0x5a7d) x20 0xffffffff
core   0: 0x800098b0 (0x02b451b3) divu    gp, s0, a1
core   0: 3 0x800098b0 (0x02b451b3) x3  0xffffffff
core   0: 0x800098b4 (0x034155b3) divu    a1, sp, s4
core   0: 3 0x800098b4 (0x034155b3) x11 0x00000000
core   0: 0x800098b8 (0x00000001) c.nop
core   0: 3 0x800098b8 (0x0001)
core   0: 0x800098ba (0xf9455103) lhu     sp, -108(a0)
core   0: 3 0x800098ba (0xf9455103) x2  0x00000000 mem 0x80010a62
core   0: 0x800098be (0x0c050583) lb      a1, 192(a0)
core   0: 3 0x800098be (0x0c050583) x11 0x00000000 mem 0x80010b8e
core   0: 0x800098c2 (0xf6652a03) lw      s4, -154(a0)
core   0: 3 0x800098c2 (0xf6652a03) x20 0x00000000 mem 0x80010a34
core   0: 0x800098c6 (0x0ed54583) lbu     a1, 237(a0)
core   0: 3 0x800098c6 (0x0ed54583) x11 0x00000000 mem 0x80010bbb
core   0: 0x800098ca (0x0b050203) lb      tp, 176(a0)
core   0: 3 0x800098ca (0x0b050203) x4  0x00000000 mem 0x80010b7e
core   0: 0x800098ce (0x06a51103) lh      sp, 106(a0)
core   0: 3 0x800098ce (0x06a51103) x2  0x00000000 mem 0x80010b38
core   0: 0x800098d2 (0x00654183) lbu     gp, 6(a0)
core   0: 3 0x800098d2 (0x00654183) x3  0x00000000 mem 0x80010ad4
core   0: 0x800098d6 (0xfcd50583) lb      a1, -51(a0)
core   0: 3 0x800098d6 (0xfcd50583) x11 0x00000000 mem 0x80010a9b
core   0: 0x800098da (0xf2450823) sb      tp, -208(a0)
core   0: 3 0x800098da (0xf2450823) mem 0x800109fe 0x00
core   0: 0x800098de (0x0000717d) c.addi16sp sp, -16
core   0: 3 0x800098de (0x717d) x2  0xfffffff0
core   0: 0x800098e0 (0xf2150a03) lb      s4, -223(a0)
core   0: 3 0x800098e0 (0xf2150a03) x20 0x00000000 mem 0x800109ef
core   0: 0x800098e4 (0x00014597) auipc   a1, 0x14
core   0: 3 0x800098e4 (0x00014597) x11 0x8001d8e4
core   0: 0x800098e8 (0xd7d58593) addi    a1, a1, -643
core   0: 3 0x800098e8 (0xd7d58593) x11 0x8001d661
core   0: 0x800098ec (0x00008d61) c.and   a0, s0
core   0: 3 0x800098ec (0x8d61) x10 0x00000000
core   0: 0x800098ee (0xfd959483) lh      s1, -39(a1)
core   0: 3 0x800098ee (0xfd959483) x9  0x00000000 mem 0x8001d63a
core   0: 0x800098f2 (0x03759283) lh      t0, 55(a1)
core   0: 3 0x800098f2 (0x03759283) x5  0x00000000 mem 0x8001d698
core   0: 0x800098f6 (0xb2d92893) slti    a7, s2, -1235
core   0: 3 0x800098f6 (0xb2d92893) x17 0x00000000
core   0: 0x800098fa (0x00008795) c.srai  a5, 5
core   0: 3 0x800098fa (0x8795) x15 0x00000019
core   0: 0x800098fc (0x027b2e33) mulhsu  t3, s6, t2
core   0: 3 0x800098fc (0x027b2e33) x28 0x00000000
core   0: 0x80009900 (0x02558723) sb      t0, 46(a1)
core   0: 3 0x80009900 (0x02558723) mem 0x8001d68f 0x00
core   0: 0x80009904 (0x00008415) c.srai  s0, 5
core   0: 3 0x80009904 (0x8415) x8  0x00000000
core   0: 0x80009906 (0x00bc4fb3) xor     t6, s8, a1
core   0: 3 0x80009906 (0x00bc4fb3) x31 0x8001d661
core   0: 0x8000990a (0x02541bb3) mulh    s7, s0, t0
core   0: 3 0x8000990a (0x02541bb3) x23 0x00000000
core   0: 0x8000990e (0xed116897) auipc   a7, 0xed116
core   0: 3 0x8000990e (0xed116897) x17 0x6d11f90e
core   0: 0x80009912 (0xfe458e03) lb      t3, -28(a1)
core   0: 3 0x80009912 (0xfe458e03) x28 0x00000000 mem 0x8001d645
core   0: 0x80009916 (0x00c58683) lb      a3, 12(a1)
core   0: 3 0x80009916 (0x00c58683) x13 0x00000000 mem 0x8001d66d
core   0: 0x8000991a (0xa59afe17) auipc   t3, 0xa59af
core   0: 3 0x8000991a (0xa59afe17) x28 0x259b891a
core   0: 0x8000991e (0x40c20133) sub     sp, tp, a2
core   0: 3 0x8000991e (0x40c20133) x2  0x00000001
core   0: 0x80009922 (0x0360ccb3) div     s9, ra, s6
core   0: 3 0x80009922 (0x0360ccb3) x25 0xffffffff
core   0: 0x80009926 (0x03ebe4b3) rem     s1, s7, t5
core   0: 3 0x80009926 (0x03ebe4b3) x9  0x00000000
core   0: 0x8000992a (0x00ebc033) xor     zero, s7, a4
core   0: 3 0x8000992a (0x00ebc033)
core   0: 0x8000992e (0x01692c33) slt     s8, s2, s6
core   0: 3 0x8000992e (0x01692c33) x24 0x00000000
core   0: 0x80009932 (0x000068fd) c.lui   a7, 0x1f
core   0: 3 0x80009932 (0x68fd) x17 0x0001f000
core   0: 0x80009934 (0x01b666b3) or      a3, a2, s11
core   0: 3 0x80009934 (0x01b666b3) x13 0xffffffff
core   0: 0x80009938 (0x00008a2a) c.mv    s4, a0
core   0: 3 0x80009938 (0x8a2a) x20 0x00000000
core   0: 0x8000993a (0x01f5aa03) lw      s4, 31(a1)
core   0: 3 0x8000993a (0x01f5aa03) x20 0x00000000 mem 0x8001d680
core   0: 0x8000993e (0xdf7c7313) andi    t1, s8, -521
core   0: 3 0x8000993e (0xdf7c7313) x6  0x00000000
core   0: 0x80009942 (0x03553cb3) mulhu   s9, a0, s5
core   0: 3 0x80009942 (0x03553cb3) x25 0x00000000
core   0: 0x80009946 (0x4001da13) srai    s4, gp, 0
core   0: 3 0x80009946 (0x4001da13) x20 0x00000000
core   0: 0x8000994a (0x15096713) ori     a4, s2, 336
core   0: 3 0x8000994a (0x15096713) x14 0x00000150
core   0: 0x8000994e (0x03758d03) lb      s10, 55(a1)
core   0: 3 0x8000994e (0x03758d03) x26 0x00000000 mem 0x8001d698
core   0: 0x80009952 (0x0375a5a3) sw      s7, 43(a1)
core   0: 3 0x80009952 (0x0375a5a3) mem 0x8001d68c 0x00000000
core   0: 0x80009956 (0x03b59e03) lh      t3, 59(a1)
core   0: 3 0x80009956 (0x03b59e03) x28 0x00000000 mem 0x8001d69c
core   0: 0x8000995a (0x01133d33) sltu    s10, t1, a7
core   0: 3 0x8000995a (0x01133d33) x26 0x00000001
core   0: 0x8000995e (0x0095c183) lbu     gp, 9(a1)
core   0: 3 0x8000995e (0x0095c183) x3  0x00000000 mem 0x8001d66a
core   0: 0x80009962 (0x017583a3) sb      s7, 7(a1)
core   0: 3 0x80009962 (0x017583a3) mem 0x8001d668 0x00
core   0: 0x80009966 (0x058ac363) blt     s5, s8, pc + 70
core   0: 3 0x80009966 (0x058ac363)
core   0: 0x8000996a (0x41bd5113) srai    sp, s10, 27
core   0: 3 0x8000996a (0x41bd5113) x2  0x00000000
core   0: 0x8000996e (0x00006ca9) c.lui   s9, 0xa
core   0: 3 0x8000996e (0x6ca9) x25 0x0000a000
core   0: 0x80009970 (0xcd33a993) slti    s3, t2, -813
core   0: 3 0x80009970 (0xcd33a993) x19 0x00000001
core   0: 0x80009974 (0x01f7d563) bge     a5, t6, pc + 10
core   0: 3 0x80009974 (0x01f7d563)
core   0: 0x8000997e (0x00008ae1) c.andi  a3, 24
core   0: 3 0x8000997e (0x8ae1) x13 0x00000018
core   0: 0x80009980 (0x03168733) mul     a4, a3, a7
core   0: 3 0x80009980 (0x03168733) x14 0x002e8000
core   0: 0x80009984 (0x03ab97b3) mulh    a5, s7, s10
core   0: 3 0x80009984 (0x03ab97b3) x15 0x00000000
core   0: 0x80009988 (0x004a71b3) and     gp, s4, tp
core   0: 3 0x80009988 (0x004a71b3) x3  0x00000000
core   0: 0x8000998c (0x41340933) sub     s2, s0, s3
core   0: 3 0x8000998c (0x41340933) x18 0xffffffff
core   0: 0x80009990 (0x2e82c293) xori    t0, t0, 744
core   0: 3 0x80009990 (0x2e82c293) x5  0x000002e8
core   0: 0x80009994 (0x00531533) sll     a0, t1, t0
core   0: 3 0x80009994 (0x00531533) x10 0x00000000
core   0: 0x80009998 (0x032cc263) blt     s9, s2, pc + 36
core   0: 3 0x80009998 (0x032cc263)
core   0: 0x8000999c (0x41d4d6b3) sra     a3, s1, t4
core   0: 3 0x8000999c (0x41d4d6b3) x13 0x00000000
core   0: 0x800099a0 (0x005762b3) or      t0, a4, t0
core   0: 3 0x800099a0 (0x005762b3) x5  0x002e82e8
core   0: 0x800099a4 (0x018cfe33) and     t3, s9, s8
core   0: 3 0x800099a4 (0x018cfe33) x28 0x00000000
core   0: 0x800099a8 (0x04171263) bne     a4, ra, pc + 68
core   0: 3 0x800099a8 (0x04171263)
core   0: 0x800099ec (0x0000819a) c.mv    gp, t1
core   0: 3 0x800099ec (0x819a) x3  0x00000000
core   0: 0x800099ee (0x00c287b3) add     a5, t0, a2
core   0: 3 0x800099ee (0x00c287b3) x15 0x002e82e7
core   0: 0x800099f2 (0x03da3d33) mulhu   s10, s4, t4
core   0: 3 0x800099f2 (0x03da3d33) x26 0x00000000
core   0: 0x800099f6 (0x00008cd1) c.or    s1, a2
core   0: 3 0x800099f6 (0x8cd1) x9  0xffffffff
core   0: 0x800099f8 (0x0000157d) c.addi  a0, -1
core   0: 3 0x800099f8 (0x157d) x10 0xffffffff
core   0: 0x800099fa (0x06d66093) ori     ra, a2, 109
core   0: 3 0x800099fa (0x06d66093) x1  0xffffffff
core   0: 0x800099fe (0x40e86113) ori     sp, a6, 1038
core   0: 3 0x800099fe (0x40e86113) x2  0xc000040e
core   0: 0x80009a02 (0x01633033) sltu    zero, t1, s6
core   0: 3 0x80009a02 (0x01633033)
core   0: 0x80009a06 (0x00dc5493) srli    s1, s8, 13
core   0: 3 0x80009a06 (0x00dc5493) x9  0x00000000
core   0: 0x80009a0a (0x00008c55) c.or    s0, a3
core   0: 3 0x80009a0a (0x8c55) x8  0x00000000
core   0: 0x80009a0c (0xd8d28793) addi    a5, t0, -627
core   0: 3 0x80009a0c (0xd8d28793) x15 0x002e8075
core   0: 0x80009a10 (0xde68f113) andi    sp, a7, -538
core   0: 3 0x80009a10 (0xde68f113) x2  0x0001f000
core   0: 0x80009a14 (0x011d0663) beq     s10, a7, pc + 12
core   0: 3 0x80009a14 (0x011d0663)
core   0: 0x80009a18 (0x04f8d363) bge     a7, a5, pc + 70
core   0: 3 0x80009a18 (0x04f8d363)
core   0: 0x80009a1c (0x004a8133) add     sp, s5, tp
core   0: 3 0x80009a1c (0x004a8133) x2  0x00000008
core   0: 0x80009a20 (0xb547a993) slti    s3, a5, -1196
core   0: 3 0x80009a20 (0xb547a993) x19 0x00000000
core   0: 0x80009a24 (0x045d8d63) beq     s11, t0, pc + 90
core   0: 3 0x80009a24 (0x045d8d63)
core   0: 0x80009a28 (0x6873aa13) slti    s4, t2, 1671
core   0: 3 0x80009a28 (0x6873aa13) x20 0x00000001
core   0: 0x80009a2c (0x00001690) c.addi4spn a2, sp, 864
core   0: 3 0x80009a2c (0x1690) x12 0x00000368
core   0: 0x80009a2e (0x7eec8d13) addi    s10, s9, 2030
core   0: 3 0x80009a2e (0x7eec8d13) x26 0x0000a7ee
core   0: 0x80009a32 (0x00008239) c.srli  a2, 14
core   0: 3 0x80009a32 (0x8239) x12 0x00000000
core   0: 0x80009a34 (0x004c5433) srl     s0, s8, tp
core   0: 3 0x80009a34 (0x004c5433) x8  0x00000000
core   0: 0x80009a38 (0x41845893) srai    a7, s0, 24
core   0: 3 0x80009a38 (0x41845893) x17 0x00000000
core   0: 0x80009a3c (0x02bd16b3) mulh    a3, s10, a1
core   0: 3 0x80009a3c (0x02bd16b3) x13 0xffffac0a
core   0: 0x80009a40 (0x00001d08) c.addi4spn a0, sp, 688
core   0: 3 0x80009a40 (0x1d08) x10 0x000002b8
core   0: 0x80009a42 (0x0000717d) c.addi16sp sp, -16
core   0: 3 0x80009a42 (0x717d) x2  0xfffffff8
core   0: 0x80009a44 (0xe1eb9137) lui     sp, 0xe1eb9
core   0: 3 0x80009a44 (0xe1eb9137) x2  0xe1eb9000
core   0: 0x80009a48 (0xffffc397) auipc   t2, 0xffffc
core   0: 3 0x80009a48 (0xffffc397) x7  0x80005a48
core   0: 0x80009a4c (0xb5238393) addi    t2, t2, -1198
core   0: 3 0x80009a4c (0xb5238393) x7  0x8000559a
core   0: 0x80009a50 (0x0032e8b3) or      a7, t0, gp
core   0: 3 0x80009a50 (0x0032e8b3) x17 0x002e82e8
core   0: 0x80009a54 (0x00038393) mv      t2, t2
core   0: 3 0x80009a54 (0x00038393) x7  0x8000559a
core   0: 0x80009a58 (0x000018fd) c.addi  a7, -1
core   0: 3 0x80009a58 (0x18fd) x17 0x002e82e7
core   0: 0x80009a5a (0x00009382) c.jalr  t2
core   0: 3 0x80009a5a (0x9382) x1  0x80009a5c
core   0: 0x8000559a (0x00008111) c.srli  a0, 4
core   0: 3 0x8000559a (0x8111) x10 0x0000002b
core   0: 0x8000559c (0x000083ad) c.srli  a5, 11
core   0: 3 0x8000559c (0x83ad) x15 0x000005d0
core   0: 0x8000559e (0x000ddd63) bgez    s11, pc + 26
core   0: 3 0x8000559e (0x000ddd63)
core   0: 0x800055b8 (0x00001e91) c.addi  t4, -28
core   0: 3 0x800055b8 (0x1e91) x29 0x80025e74
core   0: 0x800055ba (0x001ea223) sw      ra, 4(t4)
core   0: 3 0x800055ba (0x001ea223) mem 0x80025e78 0x80009a5c
core   0: 0x800055be (0x1fb33193) sltiu   gp, t1, 507
core   0: 3 0x800055be (0x1fb33193) x3  0x00000001
core   0: 0x800055c2 (0x0000f117) auipc   sp, 0xf
core   0: 3 0x800055c2 (0x0000f117) x2  0x800145c2
core   0: 0x800055c6 (0xd1b10113) addi    sp, sp, -741
core   0: 3 0x800055c6 (0xd1b10113) x2  0x800142dd
core   0: 0x800055ca (0x00d117a3) sh      a3, 15(sp)
core   0: 3 0x800055ca (0x00d117a3) mem 0x800142ec 0xac0a
core   0: 0x800055ce (0xff710c03) lb      s8, -9(sp)
core   0: 3 0x800055ce (0xff710c03) x24 0x00000000 mem 0x800142d4
core   0: 0x800055d2 (0xff914c03) lbu     s8, -7(sp)
core   0: 3 0x800055d2 (0xff914c03) x24 0x00000000 mem 0x800142d6
core   0: 0x800055d6 (0x000099ce) c.add   s3, s3
core   0: 3 0x800055d6 (0x99ce) x19 0x00000000
core   0: 0x800055d8 (0xff014c03) lbu     s8, -16(sp)
core   0: 3 0x800055d8 (0xff014c03) x24 0x000000e7 mem 0x800142cd
core   0: 0x800055dc (0x00b12983) lw      s3, 11(sp)
core   0: 3 0x800055dc (0x00b12983) x19 0x00000000 mem 0x800142e8
core   0: 0x800055e0 (0x00b12803) lw      a6, 11(sp)
core   0: 3 0x800055e0 (0x00b12803) x16 0x00000000 mem 0x800142e8
core   0: 0x800055e4 (0x02d98c33) mul     s8, s3, a3
core   0: 3 0x800055e4 (0x02d98c33) x24 0x00000000
core   0: 0x800055e8 (0x00f10c03) lb      s8, 15(sp)
core   0: 3 0x800055e8 (0x00f10c03) x24 0x0000000a mem 0x800142ec
core   0: 0x800055ec (0x0119a9b3) slt     s3, s3, a7
core   0: 3 0x800055ec (0x0119a9b3) x19 0x00000001
core   0: 0x800055f0 (0xffd11803) lh      a6, -3(sp)
core   0: 3 0x800055f0 (0xffd11803) x16 0x00000000 mem 0x800142da
core   0: 0x800055f4 (0xff110f23) sb      a7, -2(sp)
core   0: 3 0x800055f4 (0xff110f23) mem 0x800142db 0xe7
core   0: 0x800055f8 (0xffe10c03) lb      s8, -2(sp)
core   0: 3 0x800055f8 (0xffe10c03) x24 0xffffffe7 mem 0x800142db
core   0: 0x800055fc (0x010c69b3) or      s3, s8, a6
core   0: 3 0x800055fc (0x010c69b3) x19 0xffffffe7
core   0: 0x80005600 (0xff910683) lb      a3, -7(sp)
core   0: 3 0x80005600 (0xff910683) x13 0x00000000 mem 0x800142d6
core   0: 0x80005604 (0xff1119a3) sh      a7, -13(sp)
core   0: 3 0x80005604 (0xff1119a3) mem 0x800142d0 0x82e7
core   0: 0x80005608 (0x00c14c03) lbu     s8, 12(sp)
core   0: 3 0x80005608 (0x00c14c03) x24 0x00000000 mem 0x800142e9
core   0: 0x8000560c (0x0000869d) c.srai  a3, 7
core   0: 3 0x8000560c (0x869d) x13 0x00000000
core   0: 0x8000560e (0xff110823) sb      a7, -16(sp)
core   0: 3 0x8000560e (0xff110823) mem 0x800142cd 0xe7
core   0: 0x80005612 (0x033839b3) mulhu   s3, a6, s3
core   0: 3 0x80005612 (0x033839b3) x19 0x00000000
core   0: 0x80005616 (0xff312983) lw      s3, -13(sp)
core   0: 3 0x80005616 (0xff312983) x19 0x000082e7 mem 0x800142d0
core   0: 0x8000561a (0x9c9a9c17) auipc   s8, 0x9c9a9
core   0: 3 0x8000561a (0x9c9a9c17) x24 0x1c9ae61a
core   0: 0x8000561e (0x011c16b3) sll     a3, s8, a7
core   0: 3 0x8000561e (0x011c16b3) x13 0x4d730d00
core   0: 0x80005622 (0x00e10683) lb      a3, 14(sp)
core   0: 3 0x80005622 (0x00e10683) x13 0x00000000 mem 0x800142eb
core   0: 0x80005626 (0x010123a3) sw      a6, 7(sp)
core   0: 3 0x80005626 (0x010123a3) mem 0x800142e4 0x00000000
core   0: 0x8000562a (0x000066e9) c.lui   a3, 0x1a
core   0: 3 0x8000562a (0x66e9) x13 0x0001a000
core   0: 0x8000562c (0x00810683) lb      a3, 8(sp)
core   0: 3 0x8000562c (0x00810683) x13 0x00000000 mem 0x800142e5
core   0: 0x80005630 (0x00b12803) lw      a6, 11(sp)
core   0: 3 0x80005630 (0x00b12803) x16 0x00000000 mem 0x800142e8
core   0: 0x80005634 (0x00000001) c.nop
core   0: 3 0x80005634 (0x0001)
core   0: 0x80005636 (0x00111983) lh      s3, 1(sp)
core   0: 3 0x80005636 (0x00111983) x19 0x00000000 mem 0x800142de
core   0: 0x8000563a (0x00a10c03) lb      s8, 10(sp)
core   0: 3 0x8000563a (0x00a10c03) x24 0x00000000 mem 0x800142e7
core   0: 0x8000563e (0xff010e23) sb      a6, -4(sp)
core   0: 3 0x8000563e (0xff010e23) mem 0x800142d9 0x00
core   0: 0x80005642 (0x00915c03) lhu     s8, 9(sp)
core   0: 3 0x80005642 (0x00915c03) x24 0x00000000 mem 0x800142e6
core   0: 0x80005646 (0xffa10c83) lb      s9, -6(sp)
core   0: 3 0x80005646 (0xffa10c83) x25 0x00000000 mem 0x800142d7
core   0: 0x8000564a (0x1eacd837) lui     a6, 0x1eacd
core   0: 3 0x8000564a (0x1eacd837) x16 0x1eacd000
core   0: 0x8000564e (0x00006c95) c.lui   s9, 0x5
core   0: 3 0x8000564e (0x6c95) x25 0x00005000
core   0: 0x80005650 (0x039868b3) rem     a7, a6, s9
core   0: 3 0x80005650 (0x039868b3) x17 0x00000000
core   0: 0x80005654 (0xff010e23) sb      a6, -4(sp)
core   0: 3 0x80005654 (0xff010e23) mem 0x800142d9 0x00
core   0: 0x80005658 (0x00a10983) lb      s3, 10(sp)
core   0: 3 0x80005658 (0x00a10983) x19 0x00000000 mem 0x800142e7
core   0: 0x8000565c (0x7db9f693) andi    a3, s3, 2011
core   0: 3 0x8000565c (0x7db9f693) x13 0x00000000
core   0: 0x80005660 (0x00008e95) c.sub   a3, a3
core   0: 3 0x80005660 (0x8e95) x13 0x00000000
core   0: 0x80005662 (0x00314983) lbu     s3, 3(sp)
core   0: 3 0x80005662 (0x00314983) x19 0x00000000 mem 0x800142e0
core   0: 0x80005666 (0xff010f23) sb      a6, -2(sp)
core   0: 3 0x80005666 (0xff010f23) mem 0x800142db 0x00
core   0: 0x8000566a (0x016c1993) slli    s3, s8, 22
core   0: 3 0x8000566a (0x016c1993) x19 0x00000000
core   0: 0x8000566e (0x00000cb2) c.slli  s9, 12
core   0: 3 0x8000566e (0x0cb2) x25 0x05000000
core   0: 0x80005670 (0x000082bd) c.srli  a3, 15
core   0: 3 0x80005670 (0x82bd) x13 0x00000000
core   0: 0x80005672 (0x411859b3) sra     s3, a6, a7
core   0: 3 0x80005672 (0x411859b3) x19 0x1eacd000
core   0: 0x80005676 (0x013106a3) sb      s3, 13(sp)
core   0: 3 0x80005676 (0x013106a3) mem 0x800142ea 0x00
core   0: 0x8000567a (0x00a000ef) jal     pc + 0xa
core   0: 3 0x8000567a (0x00a000ef) x1  0x8000567e
core   0: 0x80005684 (0x0000a039) c.j     pc + 14
core   0: 3 0x80005684 (0xa039)
core   0: 0x80005692 (0x012000ef) jal     pc + 0x12
core   0: 3 0x80005692 (0x012000ef) x1  0x80005696
core   0: 0x800056a4 (0x0000bff5) c.j     pc - 4
core   0: 3 0x800056a4 (0xbff5)
core   0: 0x800056a0 (0x0000bff9) c.j     pc - 34
core   0: 3 0x800056a0 (0xbff9)
core   0: 0x8000567e (0x00002025) c.jal   pc + 40
core   0: 3 0x8000567e (0x2025) x1  0x80005680
core   0: 0x800056a6 (0x000037cd) c.jal   pc - 30
core   0: 3 0x800056a6 (0x37cd) x1  0x800056a8
core   0: 0x80005688 (0x006000ef) jal     pc + 0x6
core   0: 3 0x80005688 (0x006000ef) x1  0x8000568c
core   0: 0x8000568e (0x026000ef) jal     pc + 0x26
core   0: 3 0x8000568e (0x026000ef) x1  0x80005692
core   0: 0x800056b4 (0x0000a021) c.j     pc + 8
core   0: 3 0x800056b4 (0xa021)
core   0: 0x800056bc (0x000037c5) c.jal   pc - 32
core   0: 3 0x800056bc (0x37c5) x1  0x800056be
core   0: 0x8000569c (0x01a000ef) jal     pc + 0x1a
core   0: 3 0x8000569c (0x01a000ef) x1  0x800056a0
core   0: 0x800056b6 (0x00003ff5) c.jal   pc - 4
core   0: 3 0x800056b6 (0x3ff5) x1  0x800056b8
core   0: 0x800056b2 (0x0000b7f9) c.j     pc - 50
core   0: 3 0x800056b2 (0xb7f9)
core   0: 0x80005680 (0x00002009) c.jal   pc + 2
core   0: 3 0x80005680 (0x2009) x1  0x80005682
core   0: 0x80005682 (0x0000281d) c.jal   pc + 54
core   0: 3 0x80005682 (0x281d) x1  0x80005684
core   0: 0x800056b8 (0x00003fdd) c.jal   pc - 10
core   0: 3 0x800056b8 (0x3fdd) x1  0x800056ba
core   0: 0x800056ae (0xfe9ff0ef) jal     pc - 0x18
core   0: 3 0x800056ae (0xfe9ff0ef) x1  0x800056b2
core   0: 0x80005696 (0x00c000ef) jal     pc + 0xc
core   0: 3 0x80005696 (0x00c000ef) x1  0x8000569a
core   0: 0x800056a2 (0x00002831) c.jal   pc + 28
core   0: 3 0x800056a2 (0x2831) x1  0x800056a4
core   0: 0x800056be (0x000037f5) c.jal   pc - 20
core   0: 3 0x800056be (0x37f5) x1  0x800056c0
core   0: 0x800056aa (0xfffff0ef) jal     pc - 0x2
core   0: 3 0x800056aa (0xfffff0ef) x1  0x800056ae
core   0: 0x800056a8 (0x00003fcd) c.jal   pc - 14
core   0: 3 0x800056a8 (0x3fcd) x1  0x800056aa
core   0: 0x8000569a (0x0000201d) c.jal   pc + 38
core   0: 3 0x8000569a (0x201d) x1  0x8000569c
core   0: 0x800056c0 (0x0000bfed) c.j     pc - 6
core   0: 3 0x800056c0 (0xbfed)
core   0: 0x800056ba (0x0000b7f1) c.j     pc - 52
core   0: 3 0x800056ba (0xb7f1)
core   0: 0x80005686 (0x00002019) c.jal   pc + 6
core   0: 3 0x80005686 (0x2019) x1  0x80005688
core   0: 0x8000568c (0x0000281d) c.jal   pc + 54
core   0: 3 0x8000568c (0x281d) x1  0x8000568e
core   0: 0x800056c2 (0x030a00b3) mul     ra, s4, a6
core   0: 3 0x800056c2 (0x030a00b3) x1  0x1eacd000
core   0: 0x800056c6 (0x0000b117) auipc   sp, 0xb
core   0: 3 0x800056c6 (0x0000b117) x2  0x800106c6
core   0: 0x800056ca (0xc7e10113) addi    sp, sp, -898
core   0: 3 0x800056ca (0xc7e10113) x2  0x80010344
core   0: 0x800056ce (0x023ce533) rem     a0, s9, gp
core   0: 3 0x800056ce (0x023ce533) x10 0x00000000
core   0: 0x800056d2 (0x68d10183) lb      gp, 1677(sp)
core   0: 3 0x800056d2 (0x68d10183) x3  0x00000000 mem 0x800109d1
core   0: 0x800056d6 (0x39c10f23) sb      t3, 926(sp)
core   0: 3 0x800056d6 (0x39c10f23) mem 0x800106e2 0x00
core   0: 0x800056da (0x4ecc3193) sltiu   gp, s8, 1260
core   0: 3 0x800056da (0x4ecc3193) x3  0x00000001
core   0: 0x800056de (0x6bd10403) lb      s0, 1725(sp)
core   0: 3 0x800056de (0x6bd10403) x8  0x00000000 mem 0x80010a01
core   0: 0x800056e2 (0x28f11e23) sh      a5, 668(sp)
core   0: 3 0x800056e2 (0x28f11e23) mem 0x800105e0 0x05d0
core   0: 0x800056e6 (0x00611b03) lh      s6, 6(sp)
core   0: 3 0x800056e6 (0x00611b03) x22 0x00000000 mem 0x8001034a
core   0: 0x800056ea (0x69411f23) sh      s4, 1694(sp)
core   0: 3 0x800056ea (0x69411f23) mem 0x800109e2 0x0001
core   0: 0x800056ee (0x03611903) lh      s2, 54(sp)
core   0: 3 0x800056ee (0x03611903) x18 0x00000000 mem 0x8001037a
core   0: 0x800056f2 (0x010c30b3) sltu    ra, s8, a6
core   0: 3 0x800056f2 (0x010c30b3) x1  0x00000001
core   0: 0x800056f6 (0xf7310183) lb      gp, -141(sp)
core   0: 3 0x800056f6 (0xf7310183) x3  0x00000000 mem 0x800102b7
core   0: 0x800056fa (0x03cfdfb3) divu    t6, t6, t3
core   0: 3 0x800056fa (0x03cfdfb3) x31 0xffffffff
core   0: 0x800056fe (0x5a110d83) lb      s11, 1441(sp)
core   0: 3 0x800056fe (0x5a110d83) x27 0x00000000 mem 0x800108e5
core   0: 0x80005702 (0xecb10583) lb      a1, -309(sp)
core   0: 3 0x80005702 (0xecb10583) x11 0x00000000 mem 0x8001020f
core   0: 0x80005706 (0x5d310b83) lb      s7, 1491(sp)
core   0: 3 0x80005706 (0x5d310b83) x23 0x00000000 mem 0x80010917
core   0: 0x8000570a (0x2ae14003) lbu     zero, 686(sp)
core   0: 3 0x8000570a (0x2ae14003) mem 0x800105f2
core   0: 0x8000570e (0xec614a03) lbu     s4, -314(sp)
core   0: 3 0x8000570e (0xec614a03) x20 0x00000000 mem 0x8001020a
core   0: 0x80005712 (0xe8611723) sh      t1, -370(sp)
core   0: 3 0x80005712 (0xe8611723) mem 0x800101d2 0x0000
core   0: 0x80005716 (0x01f63a33) sltu    s4, a2, t6
core   0: 3 0x80005716 (0x01f63a33) x20 0x00000001
core   0: 0x8000571a (0x0150b0b3) sltu    ra, ra, s5
core   0: 3 0x8000571a (0x0150b0b3) x1  0x00000001
core   0: 0x8000571e (0x5cb10b03) lb      s6, 1483(sp)
core   0: 3 0x8000571e (0x5cb10b03) x22 0x00000000 mem 0x8001090f
core   0: 0x80005722 (0x0341cb33) div     s6, gp, s4
core   0: 3 0x80005722 (0x0341cb33) x22 0x00000000
core   0: 0x80005726 (0xdf314d03) lbu     s10, -525(sp)
core   0: 3 0x80005726 (0xdf314d03) x26 0x00000000 mem 0x80010137
core   0: 0x8000572a (0xd7c12223) sw      t3, -668(sp)
core   0: 3 0x8000572a (0xd7c12223) mem 0x800100a8 0x00000000
core   0: 0x8000572e (0x027d6733) rem     a4, s10, t2
core   0: 3 0x8000572e (0x027d6733) x14 0x00000000
core   0: 0x80005732 (0x013eb733) sltu    a4, t4, s3
core   0: 3 0x80005732 (0x013eb733) x14 0x00000000
core   0: 0x80005736 (0xed910b83) lb      s7, -295(sp)
core   0: 3 0x80005736 (0xed910b83) x23 0x00000000 mem 0x8001021d
core   0: 0x8000573a (0x6fa105a3) sb      s10, 1771(sp)
core   0: 3 0x8000573a (0x6fa105a3) mem 0x80010a2f 0x00
core   0: 0x8000573e (0x00008119) c.srli  a0, 6
core   0: 3 0x8000573e (0x8119) x10 0x00000000
core   0: 0x80005740 (0x41514983) lbu     s3, 1045(sp)
core   0: 3 0x80005740 (0x41514983) x19 0x00000000 mem 0x80010759
core   0: 0x80005744 (0x0000d517) auipc   a0, 0xd
core   0: 3 0x80005744 (0x0000d517) x10 0x80012744
core   0: 0x80005748 (0x2a650513) addi    a0, a0, 678
core   0: 3 0x80005748 (0x2a650513) x10 0x800129ea
core   0: 0x8000574c (0xea250b83) lb      s7, -350(a0)
core   0: 3 0x8000574c (0xea250b83) x23 0x00000000 mem 0x8001288c
core   0: 0x80005750 (0xea551123) sh      t0, -350(a0)
core   0: 3 0x80005750 (0xea551123) mem 0x8001288c 0x82e8
core   0: 0x80005754 (0xea254983) lbu     s3, -350(a0)
core   0: 3 0x80005754 (0xea254983) x19 0x000000e8 mem 0x8001288c
core   0: 0x80005758 (0xea851123) sh      s0, -350(a0)
core   0: 3 0x80005758 (0xea851123) mem 0x8001288c 0x0000
core   0: 0x8000575c (0xfca51d83) lh      s11, -54(a0)
core   0: 3 0x8000575c (0xfca51d83) x27 0x00000000 mem 0x800129b4
core   0: 0x80005760 (0x89d51023) sh      t4, -1920(a0)
core   0: 3 0x80005760 (0x89d51023) mem 0x8001226a 0x5e74
core   0: 0x80005764 (0x88051e03) lh      t3, -1920(a0)
core   0: 3 0x80005764 (0x88051e03) x28 0x00005e74 mem 0x8001226a
core   0: 0x80005768 (0x523502a3) sb      gp, 1317(a0)
core   0: 3 0x80005768 (0x523502a3) mem 0x80012f0f 0x00
core   0: 0x8000576c (0x1c455603) lhu     a2, 452(a0)
core   0: 3 0x8000576c (0x1c455603) x12 0x00000000 mem 0x80012bae
core   0: 0x80005770 (0x1c450603) lb      a2, 452(a0)
core   0: 3 0x80005770 (0x1c450603) x12 0x00000000 mem 0x80012bae
core   0: 0x80005774 (0xec350c03) lb      s8, -317(a0)
core   0: 3 0x80005774 (0xec350c03) x24 0xffffffe8 mem 0x800128ad
core   0: 0x80005778 (0xec354403) lbu     s0, -317(a0)
core   0: 3 0x80005778 (0xec354403) x8  0x000000e8 mem 0x800128ad
core   0: 0x8000577c (0x01b81493) slli    s1, a6, 27
core   0: 3 0x8000577c (0x01b81493) x9  0x00000000
core   0: 0x80005780 (0xec5501a3) sb      t0, -317(a0)
core   0: 3 0x80005780 (0xec5501a3) mem 0x800128ad 0xe8
core   0: 0x80005784 (0xe8055803) lhu     a6, -384(a0)
core   0: 3 0x80005784 (0xe8055803) x16 0x00000000 mem 0x8001286a
core   0: 0x80005788 (0x000085cd) c.srai  a1, 19
core   0: 3 0x80005788 (0x85cd) x11 0x00000000
core   0: 0x8000578a (0xe8051483) lh      s1, -384(a0)
core   0: 3 0x8000578a (0xe8051483) x9  0x00000000 mem 0x8001286a
core   0: 0x8000578e (0x18e52b83) lw      s7, 398(a0)
core   0: 3 0x8000578e (0x18e52b83) x23 0x00000000 mem 0x80012b78
core   0: 0x80005792 (0x0dd54d83) lbu     s11, 221(a0)
core   0: 3 0x80005792 (0x0dd54d83) x27 0x00000000 mem 0x80012ac7
core   0: 0x80005796 (0x23b502a3) sb      s11, 549(a0)
core   0: 3 0x80005796 (0x23b502a3) mem 0x80012c0f 0x00
core   0: 0x8000579a (0x0000ba17) auipc   s4, 0xb
core   0: 3 0x8000579a (0x0000ba17) x20 0x8001079a
core   0: 0x8000579e (0x0e4a0a13) addi    s4, s4, 228
core   0: 3 0x8000579e (0x0e4a0a13) x20 0x8001087e
core   0: 0x800057a2 (0xfcfa0583) lb      a1, -49(s4)
core   0: 3 0x800057a2 (0xfcfa0583) x11 0x00000000 mem 0x8001084d
core   0: 0x800057a6 (0x40bd8bb3) sub     s7, s11, a1
core   0: 3 0x800057a6 (0x40bd8bb3) x23 0x00000000
core   0: 0x800057aa (0xfcba0603) lb      a2, -53(s4)
core   0: 3 0x800057aa (0xfcba0603) x12 0x00000000 mem 0x80010849
core   0: 0x800057ae (0xff1a4903) lbu     s2, -15(s4)
core   0: 3 0x800057ae (0xff1a4903) x18 0x00000000 mem 0x8001086f
core   0: 0x800057b2 (0x400207b3) sub     a5, tp, zero
core   0: 3 0x800057b2 (0x400207b3) x15 0x00000000
core   0: 0x800057b6 (0x016a08a3) sb      s6, 17(s4)
core   0: 3 0x800057b6 (0x016a08a3) mem 0x8001088f 0x00
core   0: 0x800057ba (0x00000001) c.nop
core   0: 3 0x800057ba (0x0001)
core   0: 0x800057bc (0x000060b9) c.lui   ra, 0xe
core   0: 3 0x800057bc (0x60b9) x1  0x0000e000
core   0: 0x800057be (0x002a4603) lbu     a2, 2(s4)
core   0: 3 0x800057be (0x002a4603) x12 0x00000000 mem 0x80010880
core   0: 0x800057c2 (0x03e31433) mulh    s0, t1, t5
core   0: 3 0x800057c2 (0x03e31433) x8  0x00000000
core   0: 0x800057c6 (0x007a2723) sw      t2, 14(s4)
core   0: 3 0x800057c6 (0x007a2723) mem 0x8001088c 0x8000559a
core   0: 0x800057ca (0x01ba0c83) lb      s9, 27(s4)
core   0: 3 0x800057ca (0x01ba0c83) x25 0x00000000 mem 0x80010899
core   0: 0x800057ce (0xb6565617) auipc   a2, 0xb6565
core   0: 3 0x800057ce (0xb6565617) x12 0x3656a7ce
core   0: 0x800057d2 (0x014179b3) and     s3, sp, s4
core   0: 3 0x800057d2 (0x014179b3) x19 0x80010044
core   0: 0x800057d6 (0x02aa4203) lbu     tp, 42(s4)
core   0: 3 0x800057d6 (0x02aa4203) x4  0x00000000 mem 0x800108a8
core   0: 0x800057da (0xffea0303) lb      t1, -2(s4)
core   0: 3 0x800057da (0xffea0303) x6  0x00000000 mem 0x8001087c
core   0: 0x800057de (0x0a33cb93) xori    s7, t2, 163
core   0: 3 0x800057de (0x0a33cb93) x23 0x80005539
core   0: 0x800057e2 (0x30134013) xori    zero, t1, 769
core   0: 3 0x800057e2 (0x30134013)
core   0: 0x800057e6 (0xff0a5403) lhu     s0, -16(s4)
core   0: 3 0x800057e6 (0xff0a5403) x8  0x00000000 mem 0x8001086e
core   0: 0x800057ea (0x003a0903) lb      s2, 3(s4)
core   0: 3 0x800057ea (0x003a0903) x18 0x00000000 mem 0x80010881
core   0: 0x800057ee (0x006a0aa3) sb      t1, 21(s4)
core   0: 3 0x800057ee (0x006a0aa3) mem 0x80010893 0x00
core   0: 0x800057f2 (0x025a4683) lbu     a3, 37(s4)
core   0: 3 0x800057f2 (0x025a4683) x13 0x00000000 mem 0x800108a3
core   0: 0x800057f6 (0xfdca4003) lbu     zero, -36(s4)
core   0: 3 0x800057f6 (0xfdca4003) mem 0x8001085a
core   0: 0x800057fa (0x0022dd13) srli    s10, t0, 2
core   0: 3 0x800057fa (0x0022dd13) x26 0x000ba0ba
core   0: 0x800057fe (0x00001c90) c.addi4spn a2, sp, 624
core   0: 3 0x800057fe (0x1c90) x12 0x800105b4
core   0: 0x80005800 (0x03da0203) lb      tp, 61(s4)
core   0: 3 0x80005800 (0x03da0203) x4  0x00000000 mem 0x800108bb
core   0: 0x80005804 (0x0153c633) xor     a2, t2, s5
core   0: 3 0x80005804 (0x0153c633) x12 0x80005592
core   0: 0x80005808 (0x00596e33) or      t3, s2, t0
core   0: 3 0x80005808 (0x00596e33) x28 0x002e82e8
core   0: 0x8000580c (0x80d1b013) sltiu   zero, gp, -2035
core   0: 3 0x8000580c (0x80d1b013)
core   0: 0x80005810 (0xfdda2f23) sw      t4, -34(s4)
core   0: 3 0x80005810 (0xfdda2f23) mem 0x8001085c 0x80025e74
core   0: 0x80005814 (0x031a04a3) sb      a7, 41(s4)
core   0: 3 0x80005814 (0x031a04a3) mem 0x800108a7 0x00
core   0: 0x80005818 (0x0000893d) c.andi  a0, 15
core   0: 3 0x80005818 (0x893d) x10 0x0000000a
core   0: 0x8000581a (0x031a4d83) lbu     s11, 49(s4)
core   0: 3 0x8000581a (0x031a4d83) x27 0x00000000 mem 0x800108af
core   0: 0x8000581e (0x03da2323) sw      t4, 38(s4)
core   0: 3 0x8000581e (0x03da2323) mem 0x800108a4 0x80025e74
core   0: 0x80005822 (0x00008d4d) c.or    a0, a1
core   0: 3 0x80005822 (0x8d4d) x10 0x0000000a
core   0: 0x80005824 (0x00004215) c.li    tp, 5
core   0: 3 0x80005824 (0x4215) x4  0x00000005
core   0: 0x80005826 (0xfd3a0e03) lb      t3, -45(s4)
core   0: 3 0x80005826 (0xfd3a0e03) x28 0x00000000 mem 0x80010851
core   0: 0x8000582a (0x028a4d03) lbu     s10, 40(s4)
core   0: 3 0x8000582a (0x028a4d03) x26 0x00000002 mem 0x800108a6
core   0: 0x8000582e (0x0000b317) auipc   t1, 0xb
core   0: 3 0x8000582e (0x0000b317) x6  0x8001082e
core   0: 0x80005832 (0x13c30313) addi    t1, t1, 316
core   0: 3 0x80005832 (0x13c30313) x6  0x8001096a
core   0: 0x80005836 (0x00a31783) lh      a5, 10(t1)
core   0: 3 0x80005836 (0x00a31783) x15 0x00000000 mem 0x80010974
core   0: 0x8000583a (0x01ffac33) slt     s8, t6, t6
core   0: 3 0x8000583a (0x01ffac33) x24 0x00000000
core   0: 0x8000583e (0x00c32923) sw      a2, 18(t1)
core   0: 3 0x8000583e (0x00c32923) mem 0x8001097c 0x80005592
core   0: 0x80005842 (0x00008e7d) c.and   a2, a5
core   0: 3 0x80005842 (0x8e7d) x12 0x00000000
core   0: 0x80005844 (0xa5163b93) sltiu   s7, a2, -1455
core   0: 3 0x80005844 (0xa5163b93) x23 0x00000001
core   0: 0x80005848 (0x02cb9fb3) mulh    t6, s7, a2
core   0: 3 0x80005848 (0x02cb9fb3) x31 0x00000000
core   0: 0x8000584c (0x00cbdfb3) srl     t6, s7, a2
core   0: 3 0x8000584c (0x00cbdfb3) x31 0x00000001
core   0: 0x80005850 (0x03770bb3) mul     s7, a4, s7
core   0: 3 0x80005850 (0x03770bb3) x23 0x00000000
core   0: 0x80005854 (0x01d30603) lb      a2, 29(t1)
core   0: 3 0x80005854 (0x01d30603) x12 0x00000000 mem 0x80010987
core   0: 0x80005858 (0x00fbdbb3) srl     s7, s7, a5
core   0: 3 0x80005858 (0x00fbdbb3) x23 0x00000000
core   0: 0x8000585c (0x00030703) lb      a4, 0(t1)
core   0: 3 0x8000585c (0x00030703) x14 0x00000000 mem 0x8001096a
core   0: 0x80005860 (0xffe34783) lbu     a5, -2(t1)
core   0: 3 0x80005860 (0xffe34783) x15 0x00000000 mem 0x80010968
core   0: 0x80005864 (0x02cfac33) mulhsu  s8, t6, a2
core   0: 3 0x80005864 (0x02cfac33) x24 0x00000000
core   0: 0x80005868 (0x038302a3) sb      s8, 37(t1)
core   0: 3 0x80005868 (0x038302a3) mem 0x8001098f 0x00
core   0: 0x8000586c (0x00000b91) c.addi  s7, 4
core   0: 3 0x8000586c (0x0b91) x23 0x00000004
core   0: 0x8000586e (0x00f306a3) sb      a5, 13(t1)
core   0: 3 0x8000586e (0x00f306a3) mem 0x80010977 0x00
core   0: 0x80005872 (0x00934783) lbu     a5, 9(t1)
core   0: 3 0x80005872 (0x00934783) x15 0x00000000 mem 0x80010973
core   0: 0x80005876 (0xfcb30b83) lb      s7, -53(t1)
core   0: 3 0x80005876 (0xfcb30b83) x23 0x00000000 mem 0x80010935
core   0: 0x8000587a (0x03232b83) lw      s7, 50(t1)
core   0: 3 0x8000587a (0x03232b83) x23 0x00000000 mem 0x8001099c
core   0: 0x8000587e (0x00008e39) c.xor   a2, a4
core   0: 3 0x8000587e (0x8e39) x12 0x00000000
core   0: 0x80005880 (0xfe330603) lb      a2, -29(t1)
core   0: 3 0x80005880 (0xfe330603) x12 0x00000000 mem 0x8001094d
core   0: 0x80005884 (0xff831523) sh      s8, -22(t1)
core   0: 3 0x80005884 (0xff831523) mem 0x80010954 0x0000
core   0: 0x80005888 (0xfeb30783) lb      a5, -21(t1)
core   0: 3 0x80005888 (0xfeb30783) x15 0x00000000 mem 0x80010955
core   0: 0x8000588c (0x00c30623) sb      a2, 12(t1)
core   0: 3 0x8000588c (0x00c30623) mem 0x80010976 0x00
core   0: 0x80005890 (0x00d30b83) lb      s7, 13(t1)
core   0: 3 0x80005890 (0x00d30b83) x23 0x00000000 mem 0x80010977
core   0: 0x80005894 (0x01f63bb3) sltu    s7, a2, t6
core   0: 3 0x80005894 (0x01f63bb3) x23 0x00000001
core   0: 0x80005898 (0xfce34b83) lbu     s7, -50(t1)
core   0: 3 0x80005898 (0xfce34b83) x23 0x00000000 mem 0x80010938
core   0: 0x8000589c (0x01f64c33) xor     s8, a2, t6
core   0: 3 0x8000589c (0x01f64c33) x24 0x00000001
core   0: 0x800058a0 (0x00008662) c.mv    a2, s8
core   0: 3 0x800058a0 (0x8662) x12 0x00000001
core   0: 0x800058a2 (0xfdd34603) lbu     a2, -35(t1)
core   0: 3 0x800058a2 (0xfdd34603) x12 0x00000000 mem 0x80010947
core   0: 0x800058a6 (0x01479c13) slli    s8, a5, 20
core   0: 3 0x800058a6 (0x01479c13) x24 0x00000000
core   0: 0x800058aa (0x02834c03) lbu     s8, 40(t1)
core   0: 3 0x800058aa (0x02834c03) x24 0x00000000 mem 0x80010992
core   0: 0x800058ae (0xfec34c03) lbu     s8, -20(t1)
core   0: 3 0x800058ae (0xfec34c03) x24 0x00000000 mem 0x80010956
core   0: 0x800058b2 (0x03030c03) lb      s8, 48(t1)
core   0: 3 0x800058b2 (0x03030c03) x24 0x00000000 mem 0x8001099a
core   0: 0x800058b6 (0x03776c33) rem     s8, a4, s7
core   0: 3 0x800058b6 (0x03776c33) x24 0x00000000
core   0: 0x800058ba (0x00000ff1) c.addi  t6, 28
core   0: 3 0x800058ba (0x0ff1) x31 0x0000001d
core   0: 0x800058bc (0x000007ee) c.slli  a5, 27
core   0: 3 0x800058bc (0x07ee) x15 0x00000000
core   0: 0x800058be (0x00009bbe) c.add   s7, a5
core   0: 3 0x800058be (0x9bbe) x23 0x00000000
core   0: 0x800058c0 (0x037c7c33) remu    s8, s8, s7
core   0: 3 0x800058c0 (0x037c7c33) x24 0x00000000
core   0: 0x800058c4 (0x02534783) lbu     a5, 37(t1)
core   0: 3 0x800058c4 (0x02534783) x15 0x00000000 mem 0x8001098f
core   0: 0x800058c8 (0x02330703) lb      a4, 35(t1)
core   0: 3 0x800058c8 (0x02330703) x14 0x00000000 mem 0x8001098d
core   0: 0x800058cc (0x00008ff1) c.and   a5, a2
core   0: 3 0x800058cc (0x8ff1) x15 0x00000000
core   0: 0x800058ce (0x00e32f23) sw      a4, 30(t1)
core   0: 3 0x800058ce (0x00e32f23) mem 0x80010988 0x00000000
core   0: 0x800058d2 (0x00008755) c.srai  a4, 21
core   0: 3 0x800058d2 (0x8755) x14 0x00000000
core   0: 0x800058d4 (0x01f31c23) sh      t6, 24(t1)
core   0: 3 0x800058d4 (0x01f31c23) mem 0x80010982 0x001d
core   0: 0x800058d8 (0x01f30c03) lb      s8, 31(t1)
core   0: 3 0x800058d8 (0x01f30c03) x24 0x00000000 mem 0x80010989
core   0: 0x800058dc (0x01a30b83) lb      s7, 26(t1)
core   0: 3 0x800058dc (0x01a30b83) x23 0x00000000 mem 0x80010984
core   0: 0x800058e0 (0x00ebac33) slt     s8, s7, a4
core   0: 3 0x800058e0 (0x00ebac33) x24 0x00000000
core   0: 0x800058e4 (0x005f9c13) slli    s8, t6, 5
core   0: 3 0x800058e4 (0x005f9c13) x24 0x000003a0
core   0: 0x800058e8 (0x00000001) c.nop
core   0: 3 0x800058e8 (0x0001)
core   0: 0x800058ea (0xfdf30523) sb      t6, -54(t1)
core   0: 3 0x800058ea (0xfdf30523) mem 0x80010934 0x1d
core   0: 0x800058ee (0x05731023) sh      s7, 64(t1)
core   0: 3 0x800058ee (0x05731023) mem 0x800109aa 0x0000
core   0: 0x800058f2 (0x00134b83) lbu     s7, 1(t1)
core   0: 3 0x800058f2 (0x00134b83) x23 0x00000000 mem 0x8001096b
core   0: 0x800058f6 (0x017c5733) srl     a4, s8, s7
core   0: 3 0x800058f6 (0x017c5733) x14 0x000003a0
core   0: 0x800058fa (0x00fc5f93) srli    t6, s8, 15
core   0: 3 0x800058fa (0x00fc5f93) x31 0x00000000
core   0: 0x800058fe (0x000087be) c.mv    a5, a5
core   0: 3 0x800058fe (0x87be) x15 0x00000000
core   0: 0x80005900 (0x00009732) c.add   a4, a2
core   0: 3 0x80005900 (0x9732) x14 0x000003a0
core   0: 0x80005902 (0x2c4c3b97) auipc   s7, 0x2c4c3
core   0: 3 0x80005902 (0x2c4c3b97) x23 0xac4c8902
core   0: 0x80005906 (0xbe9c6713) ori     a4, s8, -1047
core   0: 3 0x80005906 (0xbe9c6713) x14 0xfffffbe9
core   0: 0x8000590a (0x04f30023) sb      a5, 64(t1)
core   0: 3 0x8000590a (0x04f30023) mem 0x800109aa 0x00
core   0: 0x8000590e (0x0000f317) auipc   t1, 0xf
core   0: 3 0x8000590e (0x0000f317) x6  0x8001490e
core   0: 0x80005912 (0x1f230313) addi    t1, t1, 498
core   0: 3 0x80005912 (0x1f230313) x6  0x80014b00
core   0: 0x80005916 (0xfe730083) lb      ra, -25(t1)
core   0: 3 0x80005916 (0xfe730083) x1  0x00000000 mem 0x80014ae7
core   0: 0x8000591a (0x00008c29) c.xor   s0, a0
core   0: 3 0x8000591a (0x8c29) x8  0x0000000a
core   0: 0x8000591c (0x01061733) sll     a4, a2, a6
core   0: 3 0x8000591c (0x01061733) x14 0x00000000
core   0: 0x80005920 (0xfd734e03) lbu     t3, -41(t1)
core   0: 3 0x80005920 (0xfd734e03) x28 0x00000000 mem 0x80014ad7
core   0: 0x80005924 (0x02b7ae33) mulhsu  t3, a5, a1
core   0: 3 0x80005924 (0x02b7ae33) x28 0x00000000
core   0: 0x80005928 (0x00000001) c.nop
core   0: 3 0x80005928 (0x0001)
core   0: 0x8000592a (0x407d58b3) sra     a7, s10, t2
core   0: 3 0x8000592a (0x407d58b3) x17 0x00000000
core   0: 0x8000592e (0x00036fb3) or      t6, t1, zero
core   0: 3 0x8000592e (0x00036fb3) x31 0x80014b00
core   0: 0x80005932 (0xffb34083) lbu     ra, -5(t1)
core   0: 3 0x80005932 (0xffb34083) x1  0x00000000 mem 0x80014afb
core   0: 0x80005936 (0x65188a13) addi    s4, a7, 1617
core   0: 3 0x80005936 (0x65188a13) x20 0x00000651
core   0: 0x8000593a (0x01034f83) lbu     t6, 16(t1)
core   0: 3 0x8000593a (0x01034f83) x31 0x00000000 mem 0x80014b10
core   0: 0x8000593e (0x00009d6e) c.add   s10, s11
core   0: 3 0x8000593e (0x9d6e) x26 0x00000002
core   0: 0x80005940 (0x015694b3) sll     s1, a3, s5
core   0: 3 0x80005940 (0x015694b3) x9  0x00000000
core   0: 0x80005944 (0x01c38833) add     a6, t2, t3
core   0: 3 0x80005944 (0x01c38833) x16 0x8000559a
core   0: 0x80005948 (0x0070a113) slti    sp, ra, 7
core   0: 3 0x80005948 (0x0070a113) x2  0x00000001
core   0: 0x8000594c (0x03aef893) andi    a7, t4, 58
core   0: 3 0x8000594c (0x03aef893) x17 0x00000030
core   0: 0x80005950 (0xff931723) sh      s9, -18(t1)
core   0: 3 0x80005950 (0xff931723) mem 0x80014aee 0x0000
core   0: 0x80005954 (0x00008955) c.andi  a0, 21
core   0: 3 0x80005954 (0x8955) x10 0x00000000
core   0: 0x80005956 (0xd8352793) slti    a5, a0, -637
core   0: 3 0x80005956 (0xd8352793) x15 0x00000000
core   0: 0x8000595a (0x00000001) c.nop
core   0: 3 0x8000595a (0x0001)
core   0: 0x8000595c (0x0260f4b3) remu    s1, ra, t1
core   0: 3 0x8000595c (0x0260f4b3) x9  0x00000000
core   0: 0x80005960 (0x00008329) c.srli  a4, 10
core   0: 3 0x80005960 (0x8329) x14 0x00000000
core   0: 0x80005962 (0x000080a9) c.srli  s1, 10
core   0: 3 0x80005962 (0x80a9) x9  0x00000000
core   0: 0x80005964 (0x01eb9013) slli    zero, s7, 30
core   0: 3 0x80005964 (0x01eb9013)
core   0: 0x80005968 (0x02132223) sw      ra, 36(t1)
core   0: 3 0x80005968 (0x02132223) mem 0x80014b24 0x00000000
core   0: 0x8000596c (0xfd132c23) sw      a7, -40(t1)
core   0: 3 0x8000596c (0xfd132c23) mem 0x80014ad8 0x00000030
core   0: 0x80005970 (0x0022ed33) or      s10, t0, sp
core   0: 3 0x80005970 (0x0022ed33) x26 0x002e82e9
core   0: 0x80005974 (0x00008051) c.srli  s0, 20
core   0: 3 0x80005974 (0x8051) x8  0x00000000
core   0: 0x80005976 (0x018303a3) sb      s8, 7(t1)
core   0: 3 0x80005976 (0x018303a3) mem 0x80014b07 0xa0
core   0: 0x8000597a (0x00006161) c.addi16sp sp, 80
core   0: 3 0x8000597a (0x6161) x2  0x00000051
core   0: 0x8000597c (0xfd330d83) lb      s11, -45(t1)
core   0: 3 0x8000597c (0xfd330d83) x27 0x00000000 mem 0x80014ad3
core   0: 0x80005980 (0x000002f6) c.slli  t0, 29
core   0: 3 0x80005980 (0x02f6) x5  0x00000000
core   0: 0x80005982 (0xf9148393) addi    t2, s1, -111
core   0: 3 0x80005982 (0xf9148393) x7  0xffffff91
core   0: 0x80005986 (0x03730803) lb      a6, 55(t1)
core   0: 3 0x80005986 (0x03730803) x16 0x00000000 mem 0x80014b37
core   0: 0x8000598a (0x4fc887b7) lui     a5, 0x4fc88
core   0: 3 0x8000598a (0x4fc887b7) x15 0x4fc88000
core   0: 0x8000598e (0x00009bfd) c.andi  a5, -1
core   0: 3 0x8000598e (0x9bfd) x15 0x4fc88000
core   0: 0x80005990 (0x01015e33) srl     t3, sp, a6
core   0: 3 0x80005990 (0x01015e33) x28 0x00000051
core   0: 0x80005994 (0x000085e5) c.srai  a1, 25
core   0: 3 0x80005994 (0x85e5) x11 0x00000000
core   0: 0x80005996 (0x02aff733) remu    a4, t6, a0
core   0: 3 0x80005996 (0x02aff733) x14 0x00000000
core   0: 0x8000599a (0xfe6305a3) sb      t1, -21(t1)
core   0: 3 0x8000599a (0xfe6305a3) mem 0x80014aeb 0x00
core   0: 0x8000599e (0x018000ef) jal     pc + 0x18
core   0: 3 0x8000599e (0x018000ef) x1  0x800059a2
core   0: 0x800059b6 (0x0000a811) c.j     pc + 20
core   0: 3 0x800059b6 (0xa811)
core   0: 0x800059ca (0xffdff0ef) jal     pc - 0x4
core   0: 3 0x800059ca (0xffdff0ef) x1  0x800059ce
core   0: 0x800059c6 (0xfe5ff56f) jal     a0, pc - 0x1c
core   0: 3 0x800059c6 (0xfe5ff56f) x10 0x800059ca
core   0: 0x800059aa (0x0000201d) c.jal   pc + 38
core   0: 3 0x800059aa (0x201d) x1  0x800059ac
core   0: 0x800059d0 (0x0000a039) c.j     pc + 14
core   0: 3 0x800059d0 (0xa039)
core   0: 0x800059de (0x000037d5) c.jal   pc - 28
core   0: 3 0x800059de (0x37d5) x1  0x800059e0
core   0: 0x800059c2 (0xffdff66f) jal     a2, pc - 0x4
core   0: 3 0x800059c2 (0xffdff66f) x12 0x800059c6
core   0: 0x800059be (0x000037d5) c.jal   pc - 28
core   0: 3 0x800059be (0x37d5) x1  0x800059c0
core   0: 0x800059a2 (0x00002019) c.jal   pc + 6
core   0: 3 0x800059a2 (0x2019) x1  0x800059a4
core   0: 0x800059a8 (0x0000a011) c.j     pc + 4
core   0: 3 0x800059a8 (0xa011)
core   0: 0x800059ac (0x010000ef) jal     pc + 0x10
core   0: 3 0x800059ac (0x010000ef) x1  0x800059b0
core   0: 0x800059bc (0x00003fdd) c.jal   pc - 10
core   0: 3 0x800059bc (0x3fdd) x1  0x800059be
core   0: 0x800059b2 (0x00600c6f) jal     s8, pc + 0x6
core   0: 3 0x800059b2 (0x00600c6f) x24 0x800059b6
core   0: 0x800059b8 (0x008000ef) jal     pc + 0x8
core   0: 3 0x800059b8 (0x008000ef) x1  0x800059bc
core   0: 0x800059c0 (0x00002809) c.jal   pc + 18
core   0: 3 0x800059c0 (0x2809) x1  0x800059c2
core   0: 0x800059d2 (0x00002009) c.jal   pc + 2
core   0: 3 0x800059d2 (0x2009) x1  0x800059d4
core   0: 0x800059d4 (0x00002801) c.jal   pc + 16
core   0: 3 0x800059d4 (0x2801) x1  0x800059d6
core   0: 0x800059e4 (0x00003fdd) c.jal   pc - 10
core   0: 3 0x800059e4 (0x3fdd) x1  0x800059e6
core   0: 0x800059da (0xfcdff0ef) jal     pc - 0x34
core   0: 3 0x800059da (0xfcdff0ef) x1  0x800059de
core   0: 0x800059a6 (0x0000a82d) c.j     pc + 58
core   0: 3 0x800059a6 (0xa82d)
core   0: 0x800059e0 (0xfd1fffef) jal     t6, pc - 0x30
core   0: 3 0x800059e0 (0xfd1fffef) x31 0x800059e4
core   0: 0x800059b0 (0x00003fd5) c.jal   pc - 12
core   0: 3 0x800059b0 (0x3fd5) x1  0x800059b2
core   0: 0x800059a4 (0x0000a80d) c.j     pc + 50
core   0: 3 0x800059a4 (0xa80d)
core   0: 0x800059d6 (0xff9ff46f) jal     s0, pc - 0x8
core   0: 3 0x800059d6 (0xff9ff46f) x8  0x800059da
core   0: 0x800059ce (0x00002821) c.jal   pc + 24
core   0: 3 0x800059ce (0x2821) x1  0x800059d0
core   0: 0x800059e6 (0x00008e99) c.sub   a3, a4
core   0: 3 0x800059e6 (0x8e99) x13 0x00000000
core   0: 0x800059e8 (0x00019217) auipc   tp, 0x19
core   0: 3 0x800059e8 (0x00019217) x4  0x8001e9e8
core   0: 0x800059ec (0xfb220213) addi    tp, tp, -78
core   0: 3 0x800059ec (0xfb220213) x4  0x8001e99a
core   0: 0x800059f0 (0x0ba22683) lw      a3, 186(tp)
core   0: 3 0x800059f0 (0x0ba22683) x13 0x00000000 mem 0x8001ea54
core   0: 0x800059f4 (0x000085fd) c.srai  a1, 31
core   0: 3 0x800059f4 (0x85fd) x11 0x00000000
core   0: 0x800059f6 (0xad414693) xori    a3, sp, -1324
core   0: 3 0x800059f6 (0xad414693) x13 0xfffffa85
core   0: 0x800059fa (0x00000001) c.nop
core   0: 3 0x800059fa (0x0001)
core   0: 0x800059fc (0xf4f24683) lbu     a3, -177(tp)
core   0: 3 0x800059fc (0xf4f24683) x13 0x00000000 mem 0x8001e8e9
core   0: 0x80005a00 (0x34620d83) lb      s11, 838(tp)
core   0: 3 0x80005a00 (0x34620d83) x27 0x00000000 mem 0x8001ece0
core   0: 0x80005a04 (0x0000968a) c.add   a3, sp
core   0: 3 0x80005a04 (0x968a) x13 0x00000051
core   0: 0x80005a06 (0x00008d0d) c.sub   a0, a1
core   0: 3 0x80005a06 (0x8d0d) x10 0x800059ca
core   0: 0x80005a08 (0x14d20683) lb      a3, 333(tp)
core   0: 3 0x80005a08 (0x14d20683) x13 0x00000000 mem 0x8001eae7
core   0: 0x80005a0c (0x03b13533) mulhu   a0, sp, s11
core   0: 3 0x80005a0c (0x03b13533) x10 0x00000000
core   0: 0x80005a10 (0xcbc24103) lbu     sp, -836(tp)
core   0: 3 0x80005a10 (0xcbc24103) x2  0x00000000 mem 0x8001e656
core   0: 0x80005a14 (0x11914113) xori    sp, sp, 281
core   0: 3 0x80005a14 (0x11914113) x2  0x00000119
core   0: 0x80005a18 (0x000095ae) c.add   a1, a1
core   0: 3 0x80005a18 (0x95ae) x11 0x00000000
core   0: 0x80005a1a (0x000006a9) c.addi  a3, 10
core   0: 3 0x80005a1a (0x06a9) x13 0x0000000a
core   0: 0x80005a1c (0x0026b533) sltu    a0, a3, sp
core   0: 3 0x80005a1c (0x0026b533) x10 0x00000001
core   0: 0x80005a20 (0x0055bdb3) sltu    s11, a1, t0
core   0: 3 0x80005a20 (0x0055bdb3) x27 0x00000000
core   0: 0x80005a24 (0x72d201a3) sb      a3, 1827(tp)
core   0: 3 0x80005a24 (0x72d201a3) mem 0x8001f0bd 0x0a
core   0: 0x80005a28 (0x6a8bad97) auipc   s11, 0x6a8ba
core   0: 3 0x80005a28 (0x6a8bad97) x27 0xea8bfa28
core   0: 0x80005a2c (0x7c221523) sh      sp, 1994(tp)
core   0: 3 0x80005a2c (0x7c221523) mem 0x8001f164 0x0119
core   0: 0x80005a30 (0xaf520283) lb      t0, -1291(tp)
core   0: 3 0x80005a30 (0xaf520283) x5  0x00000000 mem 0x8001e48f
core   0: 0x80005a34 (0x01b20d83) lb      s11, 27(tp)
core   0: 3 0x80005a34 (0x01b20d83) x27 0x00000000 mem 0x8001e9b5
core   0: 0x80005a38 (0x02ddf133) remu    sp, s11, a3
core   0: 3 0x80005a38 (0x02ddf133) x2  0x00000000
core   0: 0x80005a3c (0x43f24d83) lbu     s11, 1087(tp)
core   0: 3 0x80005a3c (0x43f24d83) x27 0x00000000 mem 0x8001edd9
core   0: 0x80005a40 (0x41bdd593) srai    a1, s11, 27
core   0: 3 0x80005a40 (0x41bdd593) x11 0x00000000
core   0: 0x80005a44 (0x8ed24d83) lbu     s11, -1811(tp)
core   0: 3 0x80005a44 (0x8ed24d83) x27 0x00000000 mem 0x8001e287
core   0: 0x80005a48 (0x75120683) lb      a3, 1873(tp)
core   0: 3 0x80005a48 (0x75120683) x13 0x00000000 mem 0x8001f0eb
core   0: 0x80005a4c (0x0000811d) c.srli  a0, 7
core   0: 3 0x80005a4c (0x811d) x10 0x00000000
core   0: 0x80005a4e (0x02254db3) div     s11, a0, sp
core   0: 3 0x80005a4e (0x02254db3) x27 0xffffffff
core   0: 0x80005a52 (0x02adf533) remu    a0, s11, a0
core   0: 3 0x80005a52 (0x02adf533) x10 0xffffffff
core   0: 0x80005a56 (0x29124103) lbu     sp, 657(tp)
core   0: 3 0x80005a56 (0x29124103) x2  0x00000000 mem 0x8001ec2b
core   0: 0x80005a5a (0x0000e117) auipc   sp, 0xe
core   0: 3 0x80005a5a (0x0000e117) x2  0x80013a5a
core   0: 0x80005a5e (0xb4110113) addi    sp, sp, -1215
core   0: 3 0x80005a5e (0xb4110113) x2  0x8001359b
core   0: 0x80005a62 (0x8a014b03) lbu     s6, -1888(sp)
core   0: 3 0x80005a62 (0x8a014b03) x22 0x00000000 mem 0x80012e3b
core   0: 0x80005a66 (0x8a014503) lbu     a0, -1888(sp)
core   0: 3 0x80005a66 (0x8a014503) x10 0x00000000 mem 0x80012e3b
core   0: 0x80005a6a (0x8a010503) lb      a0, -1888(sp)
core   0: 3 0x80005a6a (0x8a010503) x10 0x00000000 mem 0x80012e3b
core   0: 0x80005a6e (0x8a014b03) lbu     s6, -1888(sp)
core   0: 3 0x80005a6e (0x8a014b03) x22 0x00000000 mem 0x80012e3b
core   0: 0x80005a72 (0x01371393) slli    t2, a4, 19
core   0: 3 0x80005a72 (0x01371393) x7  0x00000000
core   0: 0x80005a76 (0x8a014b03) lbu     s6, -1888(sp)
core   0: 3 0x80005a76 (0x8a014b03) x22 0x00000000 mem 0x80012e3b
core   0: 0x80005a7a (0x028da5b3) mulhsu  a1, s11, s0
core   0: 3 0x80005a7a (0x028da5b3) x11 0xffffffff
core   0: 0x80005a7e (0xf2f47a13) andi    s4, s0, -209
core   0: 3 0x80005a7e (0xf2f47a13) x20 0x8000590a
core   0: 0x80005a82 (0x8a010683) lb      a3, -1888(sp)
core   0: 3 0x80005a82 (0x8a010683) x13 0x00000000 mem 0x80012e3b
core   0: 0x80005a86 (0x8a010283) lb      t0, -1888(sp)
core   0: 3 0x80005a86 (0x8a010283) x5  0x00000000 mem 0x80012e3b
core   0: 0x80005a8a (0x8bf10023) sb      t6, -1888(sp)
core   0: 3 0x80005a8a (0x8bf10023) mem 0x80012e3b 0xe4
core   0: 0x80005a8e (0x8b410023) sb      s4, -1888(sp)
core   0: 3 0x80005a8e (0x8b410023) mem 0x80012e3b 0x0a
core   0: 0x80005a92 (0x8be10023) sb      t5, -1888(sp)
core   0: 3 0x80005a92 (0x8be10023) mem 0x80012e3b 0x24
core   0: 0x80005a96 (0x8a310023) sb      gp, -1888(sp)
core   0: 3 0x80005a96 (0x8a310023) mem 0x80012e3b 0x00
core   0: 0x80005a9a (0x03115cb3) divu    s9, sp, a7
core   0: 3 0x80005a9a (0x03115cb3) x25 0x02aab11d
core   0: 0x80005a9e (0x8a010003) lb      zero, -1888(sp)
core   0: 3 0x80005a9e (0x8a010003) mem 0x80012e3b
core   0: 0x80005aa2 (0x8a014a03) lbu     s4, -1888(sp)
core   0: 3 0x80005aa2 (0x8a014a03) x20 0x00000000 mem 0x80012e3b
core   0: 0x80005aa6 (0x8a014883) lbu     a7, -1888(sp)
core   0: 3 0x80005aa6 (0x8a014883) x17 0x00000000 mem 0x80012e3b
core   0: 0x80005aaa (0x8b210023) sb      s2, -1888(sp)
core   0: 3 0x80005aaa (0x8b210023) mem 0x80012e3b 0x00
core   0: 0x80005aae (0x8a310023) sb      gp, -1888(sp)
core   0: 3 0x80005aae (0x8a310023) mem 0x80012e3b 0x00
core   0: 0x80005ab2 (0x010000ef) jal     pc + 0x10
core   0: 3 0x80005ab2 (0x010000ef) x1  0x80005ab6
core   0: 0x80005ac2 (0x00003fe5) c.jal   pc - 8
core   0: 3 0x80005ac2 (0x3fe5) x1  0x80005ac4
core   0: 0x80005aba (0x00003ff5) c.jal   pc - 4
core   0: 3 0x80005aba (0x3ff5) x1  0x80005abc
core   0: 0x80005ab6 (0x0000a801) c.j     pc + 16
core   0: 3 0x80005ab6 (0xa801)
core   0: 0x80005ac6 (0x0000a831) c.j     pc + 28
core   0: 3 0x80005ac6 (0xa831)
core   0: 0x80005ae2 (0xfe3ff0ef) jal     pc - 0x1e
core   0: 3 0x80005ae2 (0xfe3ff0ef) x1  0x80005ae6
core   0: 0x80005ac4 (0x0000bfed) c.j     pc - 6
core   0: 3 0x80005ac4 (0xbfed)
core   0: 0x80005abe (0x0000a809) c.j     pc + 18
core   0: 3 0x80005abe (0xa809)
core   0: 0x80005ad0 (0x0040036f) jal     t1, pc + 0x4
core   0: 3 0x80005ad0 (0x0040036f) x6  0x80005ad4
core   0: 0x80005ad4 (0x0000b7e5) c.j     pc - 24
core   0: 3 0x80005ad4 (0xb7e5)
core   0: 0x80005abc (0x00002031) c.jal   pc + 12
core   0: 3 0x80005abc (0x2031) x1  0x80005abe
core   0: 0x80005ac8 (0x00002039) c.jal   pc + 14
core   0: 3 0x80005ac8 (0x2039) x1  0x80005aca
core   0: 0x80005ad6 (0x0000a021) c.j     pc + 8
core   0: 3 0x80005ad6 (0xa021)
core   0: 0x80005ade (0xfffff26f) jal     tp, pc - 0x2
core   0: 3 0x80005ade (0xfffff26f) x4  0x80005ae2
core   0: 0x80005adc (0x0000bff1) c.j     pc - 36
core   0: 3 0x80005adc (0xbff1)
core   0: 0x80005ab8 (0x0000203d) c.jal   pc + 46
core   0: 3 0x80005ab8 (0x203d) x1  0x80005aba
core   0: 0x80005ae6 (0x00003fcd) c.jal   pc - 14
core   0: 3 0x80005ae6 (0x3fcd) x1  0x80005ae8
core   0: 0x80005ad8 (0x0000bfd5) c.j     pc - 12
core   0: 3 0x80005ad8 (0xbfd5)
core   0: 0x80005acc (0xff5ff0ef) jal     pc - 0xc
core   0: 3 0x80005acc (0xff5ff0ef) x1  0x80005ad0
core   0: 0x80005ac0 (0x0000a829) c.j     pc + 26
core   0: 3 0x80005ac0 (0xa829)
core   0: 0x80005ada (0x00003fc5) c.jal   pc - 16
core   0: 3 0x80005ada (0x3fc5) x1  0x80005adc
core   0: 0x80005aca (0x0000a839) c.j     pc + 30
core   0: 3 0x80005aca (0xa839)
core   0: 0x80005ae8 (0x408cd933) sra     s2, s9, s0
core   0: 3 0x80005ae8 (0x408cd933) x18 0x00000000
core   0: 0x80005aec (0x00004381) c.li    t2, 0
core   0: 3 0x80005aec (0x4381) x7  0x00000000
core   0: 0x80005aee (0x00008d19) c.sub   a0, a4
core   0: 3 0x80005aee (0x8d19) x10 0x00000000
core   0: 0x80005af0 (0x415e59b3) sra     s3, t3, s5
core   0: 3 0x80005af0 (0x415e59b3) x19 0x00000000
core   0: 0x80005af4 (0x00004f99) c.li    t6, 6
core   0: 3 0x80005af4 (0x4f99) x31 0x00000006
core   0: 0x80005af6 (0x004236b3) sltu    a3, tp, tp
core   0: 3 0x80005af6 (0x004236b3) x13 0x00000000
core   0: 0x80005afa (0x00008ec5) c.or    a3, s1
core   0: 3 0x80005afa (0x8ec5) x13 0x00000000
core   0: 0x80005afc (0x0246be33) mulhu   t3, a3, tp
core   0: 3 0x80005afc (0x0246be33) x28 0x00000000
core   0: 0x80005b00 (0x0000806d) c.srli  s0, 27
core   0: 3 0x80005b00 (0x806d) x8  0x00000010
core   0: 0x80005b02 (0x030960b3) rem     ra, s2, a6
core   0: 3 0x80005b02 (0x030960b3) x1  0x00000000
core   0: 0x80005b06 (0x00001808) c.addi4spn a0, sp, 48
core   0: 3 0x80005b06 (0x1808) x10 0x800135cb
core   0: 0x80005b08 (0xbb7a3e13) sltiu   t3, s4, -1097
core   0: 3 0x80005b08 (0xbb7a3e13) x28 0x00000001
core   0: 0x80005b0c (0x03dba7b3) mulhsu  a5, s7, t4
core   0: 3 0x80005b0c (0x03dba7b3) x15 0xd6257e38
core   0: 0x80005b10 (0x00000001) c.nop
core   0: 3 0x80005b10 (0x0001)
core   0: 0x80005b12 (0xb5a04213) xori    tp, zero, -1190
core   0: 3 0x80005b12 (0xb5a04213) x4  0xfffffb5a
core   0: 0x80005b16 (0xa5bb4713) xori    a4, s6, -1445
core   0: 3 0x80005b16 (0xa5bb4713) x14 0xfffffa5b
core   0: 0x80005b1a (0x00000399) c.addi  t2, 6
core   0: 3 0x80005b1a (0x0399) x7  0x00000006
core   0: 0x80005b1c (0x01b55093) srli    ra, a0, 27
core   0: 3 0x80005b1c (0x01b55093) x1  0x00000010
core   0: 0x80005b20 (0x000000aa) c.slli  ra, 10
core   0: 3 0x80005b20 (0x00aa) x1  0x00004000
core   0: 0x80005b22 (0x00f6db93) srli    s7, a3, 15
core   0: 3 0x80005b22 (0x00f6db93) x23 0x00000000
core   0: 0x80005b26 (0xfdb0a193) slti    gp, ra, -37
core   0: 3 0x80005b26 (0xfdb0a193) x3  0x00000000
core   0: 0x80005b2a (0x000042a5) c.li    t0, 9
core   0: 3 0x80005b2a (0x42a5) x5  0x00000009
core   0: 0x80005b2c (0x41b3d1b3) sra     gp, t2, s11
core   0: 3 0x80005b2c (0x41b3d1b3) x3  0x00000000
core   0: 0x80005b30 (0x00008251) c.srli  a2, 20
core   0: 3 0x80005b30 (0x8251) x12 0x00000800
core   0: 0x80005b32 (0x000044a1) c.li    s1, 8
core   0: 3 0x80005b32 (0x44a1) x9  0x00000008
core   0: 0x80005b34 (0x00008e49) c.or    a2, a0
core   0: 3 0x80005b34 (0x8e49) x12 0x80013dcb
core   0: 0x80005b36 (0x000049cd) c.li    s3, 19
core   0: 3 0x80005b36 (0x49cd) x19 0x00000013
core   0: 0x80005b38 (0x00008e45) c.or    a2, s1
core   0: 3 0x80005b38 (0x8e45) x12 0x80013dcb
core   0: 0x80005b3a (0x00000001) c.nop
core   0: 3 0x80005b3a (0x0001)
core   0: 0x80005b3c (0x000012e9) c.addi  t0, -6
core   0: 3 0x80005b3c (0x12e9) x5  0x00000003
core   0: 0x80005b3e (0x034729b3) mulhsu  s3, a4, s4
core   0: 3 0x80005b3e (0x034729b3) x19 0x00000000
core   0: 0x80005b42 (0xfe92fbe3) bgeu    t0, s1, pc - 10
core   0: 3 0x80005b42 (0xfe92fbe3)
core   0: 0x80005b46 (0x00006c65) c.lui   s8, 0x19
core   0: 3 0x80005b46 (0x6c65) x24 0x00019000
core   0: 0x80005b48 (0x03637e33) remu    t3, t1, s6
core   0: 3 0x80005b48 (0x03637e33) x28 0x80005ad4
core   0: 0x80005b4c (0xfdf3e3e3) bltu    t2, t6, pc - 58
core   0: 3 0x80005b4c (0xfdf3e3e3)
core   0: 0x80005b50 (0x00008c4d) c.or    s0, a1
core   0: 3 0x80005b50 (0x8c4d) x8  0xffffffff
core   0: 0x80005b52 (0x004c9533) sll     a0, s9, tp
core   0: 3 0x80005b52 (0x004c9533) x10 0x74000000
core   0: 0x80005b56 (0x029a6e33) rem     t3, s4, s1
core   0: 3 0x80005b56 (0x029a6e33) x28 0x00000000
core   0: 0x80005b5a (0xf837a513) slti    a0, a5, -125
core   0: 3 0x80005b5a (0xf837a513) x10 0x00000001
core   0: 0x80005b5e (0x03540b33) mul     s6, s0, s5
core   0: 3 0x80005b5e (0x03540b33) x22 0xfffffff8
core   0: 0x80005b62 (0x01d879b3) and     s3, a6, t4
core   0: 3 0x80005b62 (0x01d879b3) x19 0x00000000
core   0: 0x80005b66 (0x0206b013) sltiu   zero, a3, 32
core   0: 3 0x80005b66 (0x0206b013)
core   0: 0x80005b6a (0x00710c63) beq     sp, t2, pc + 24
core   0: 3 0x80005b6a (0x00710c63)
core   0: 0x80005b6e (0x03a7b533) mulhu   a0, a5, s10
core   0: 3 0x80005b6e (0x03a7b533) x10 0x0026e83e
core   0: 0x80005b72 (0x00515313) srli    t1, sp, 5
core   0: 3 0x80005b72 (0x00515313) x6  0x040009ac
core   0: 0x80005b76 (0x01d90f63) beq     s2, t4, pc + 30
core   0: 3 0x80005b76 (0x01d90f63)
core   0: 0x80005b7a (0x410e8fb3) sub     t6, t4, a6
core   0: 3 0x80005b7a (0x410e8fb3) x31 0x80025e74
core   0: 0x80005b7e (0x00006cf9) c.lui   s9, 0x1e
core   0: 3 0x80005b7e (0x6cf9) x25 0x0001e000
core   0: 0x80005b80 (0x00006e4d) c.lui   t3, 0x13
core   0: 3 0x80005b80 (0x6e4d) x28 0x00013000
core   0: 0x80005b82 (0x0000874d) c.srai  a4, 19
core   0: 3 0x80005b82 (0x874d) x14 0xffffffff
core   0: 0x80005b84 (0x01151c33) sll     s8, a0, a7
core   0: 3 0x80005b84 (0x01151c33) x24 0x0026e83e
core   0: 0x80005b88 (0xca6cc013) xori    zero, s9, -858
core   0: 3 0x80005b88 (0xca6cc013)
core   0: 0x80005b8c (0x00b04bb3) xor     s7, zero, a1
core   0: 3 0x80005b8c (0x00b04bb3) x23 0xffffffff
core   0: 0x80005b90 (0x01c25c33) srl     s8, tp, t3
core   0: 3 0x80005b90 (0x01c25c33) x24 0xfffffb5a
core   0: 0x80005b94 (0x03c43e33) mulhu   t3, s0, t3
core   0: 3 0x80005b94 (0x03c43e33) x28 0x00012fff
core   0: 0x80005b98 (0x00008115) c.srli  a0, 5
core   0: 3 0x80005b98 (0x8115) x10 0x00013741
core   0: 0x80005b9a (0x01a8df63) bge     a7, s10, pc + 30
core   0: 3 0x80005b9a (0x01a8df63)
core   0: 0x80005b9e (0x89588fb7) lui     t6, 0x89588
core   0: 3 0x80005b9e (0x89588fb7) x31 0x89588000
core   0: 0x80005ba2 (0x030738b3) mulhu   a7, a4, a6
core   0: 3 0x80005ba2 (0x030738b3) x17 0x00000000
core   0: 0x80005ba6 (0x03d80633) mul     a2, a6, t4
core   0: 3 0x80005ba6 (0x03d80633) x12 0x00000000
core   0: 0x80005baa (0x313338b7) lui     a7, 0x31333
core   0: 3 0x80005baa (0x313338b7) x17 0x31333000
core   0: 0x80005bae (0x2701a093) slti    ra, gp, 624
core   0: 3 0x80005bae (0x2701a093) x1  0x00000001
core   0: 0x80005bb2 (0x000086d1) c.srai  a3, 20
core   0: 3 0x80005bb2 (0x86d1) x13 0x00000000
core   0: 0x80005bb4 (0xc43d7393) andi    t2, s10, -957
core   0: 3 0x80005bb4 (0xc43d7393) x7  0x002e8041
core   0: 0x80005bb8 (0xf30bed13) ori     s10, s7, -208
core   0: 3 0x80005bb8 (0xf30bed13) x26 0xffffffff
core   0: 0x80005bbc (0x644fc313) xori    t1, t6, 1604
core   0: 3 0x80005bbc (0x644fc313) x6  0x89588644
core   0: 0x80005bc0 (0x00008c36) c.mv    s8, a3
core   0: 3 0x80005bc0 (0x8c36) x24 0x00000000
core   0: 0x80005bc2 (0x02dd6063) bltu    s10, a3, pc + 32
core   0: 3 0x80005bc2 (0x02dd6063)
core   0: 0x80005bc6 (0x0291dbb3) divu    s7, gp, s1
core   0: 3 0x80005bc6 (0x0291dbb3) x23 0x00000000
core   0: 0x80005bca (0x12b18913) addi    s2, gp, 299
core   0: 3 0x80005bca (0x12b18913) x18 0x0000012b
core   0: 0x80005bce (0x5c91d4b7) lui     s1, 0x5c91d
core   0: 3 0x80005bce (0x5c91d4b7) x9  0x5c91d000
core   0: 0x80005bd2 (0x002640b3) xor     ra, a2, sp
core   0: 3 0x80005bd2 (0x002640b3) x1  0x8001359b
core   0: 0x80005bd6 (0x000081d5) c.srli  a1, 21
core   0: 3 0x80005bd6 (0x81d5) x11 0x000007ff
core   0: 0x80005bd8 (0xe0fad737) lui     a4, 0xe0fad
core   0: 3 0x80005bd8 (0xe0fad737) x14 0xe0fad000
core   0: 0x80005bdc (0x03d8bb33) mulhu   s6, a7, t4
core   0: 3 0x80005bdc (0x03d8bb33) x22 0x189a0c8d
core   0: 0x80005be0 (0x00001d7d) c.addi  s10, -1
core   0: 3 0x80005be0 (0x1d7d) x26 0xfffffffe
core   0: 0x80005be2 (0x01d2e233) or      tp, t0, t4
core   0: 3 0x80005be2 (0x01d2e233) x4  0x80025e77
core   0: 0x80005be6 (0xa0e88913) addi    s2, a7, -1522
core   0: 3 0x80005be6 (0xa0e88913) x18 0x31332a0e
core   0: 0x80005bea (0x033ad463) bge     s5, s3, pc + 40
core   0: 3 0x80005bea (0x033ad463)
core   0: 0x80005c12 (0x02554863) blt     a0, t0, pc + 48
core   0: 3 0x80005c12 (0x02554863)
core   0: 0x80005c16 (0x00008d29) c.xor   a0, a0
core   0: 3 0x80005c16 (0x8d29) x10 0x00000000
core   0: 0x80005c18 (0x402303b3) sub     t2, t1, sp
core   0: 3 0x80005c18 (0x402303b3) x7  0x095750a9
core   0: 0x80005c1c (0xfc3ec413) xori    s0, t4, -61
core   0: 3 0x80005c1c (0xfc3ec413) x8  0x7ffda1b7
core   0: 0x80005c20 (0x00701193) slli    gp, zero, 7
core   0: 3 0x80005c20 (0x00701193) x3  0x00000000
core   0: 0x80005c24 (0x03308233) mul     tp, ra, s3
core   0: 3 0x80005c24 (0x03308233) x4  0x00000000
core   0: 0x80005c28 (0x00008e99) c.sub   a3, a4
core   0: 3 0x80005c28 (0x8e99) x13 0x1f053000
core   0: 0x80005c2a (0x00008f99) c.sub   a5, a4
core   0: 3 0x80005c2a (0x8f99) x15 0xf52aae38
core   0: 0x80005c2c (0x03b21563) bne     tp, s11, pc + 42
core   0: 3 0x80005c2c (0x03b21563)
core   0: 0x80005c56 (0x0fd73d37) lui     s10, 0xfd73
core   0: 3 0x80005c56 (0x0fd73d37) x26 0x0fd73000
core   0: 0x80005c5a (0x00004455) c.li    s0, 21
core   0: 3 0x80005c5a (0x4455) x8  0x00000015
core   0: 0x80005c5c (0x005dae33) slt     t3, s11, t0
core   0: 3 0x80005c5c (0x005dae33) x28 0x00000001
core   0: 0x80005c60 (0x20e70097) auipc   ra, 0x20e70
core   0: 3 0x80005c60 (0x20e70097) x1  0xa0e75c60
core   0: 0x80005c64 (0x03a3d663) bge     t2, s10, pc + 44
core   0: 3 0x80005c64 (0x03a3d663)
core   0: 0x80005c68 (0x00000001) c.nop
core   0: 3 0x80005c68 (0x0001)
core   0: 0x80005c6a (0x00006d95) c.lui   s11, 0x5
core   0: 3 0x80005c6a (0x6d95) x27 0x00005000
core   0: 0x80005c6c (0x0303fd63) bgeu    t2, a6, pc + 58
core   0: 3 0x80005c6c (0x0303fd63)
core   0: 0x80005ca6 (0x00008cf9) c.and   s1, a4
core   0: 3 0x80005ca6 (0x8cf9) x9  0x4090d000
core   0: 0x80005ca8 (0x029ef933) remu    s2, t4, s1
core   0: 3 0x80005ca8 (0x029ef933) x18 0x3f718e74
core   0: 0x80005cac (0x024901b3) mul     gp, s2, tp
core   0: 3 0x80005cac (0x024901b3) x3  0x00000000
core   0: 0x80005cb0 (0x0000ce49) c.beqz  a2, pc + 154
core   0: 3 0x80005cb0 (0xce49)
core   0: 0x80005d4a (0x401cd993) srai    s3, s9, 1
core   0: 3 0x80005d4a (0x401cd993) x19 0x0000f000
core   0: 0x80005d4e (0x08c37f93) andi    t6, t1, 140
core   0: 3 0x80005d4e (0x08c37f93) x31 0x00000004
core   0: 0x80005d52 (0x232eb413) sltiu   s0, t4, 562
core   0: 3 0x80005d52 (0x232eb413) x8  0x00000000
core   0: 0x80005d56 (0x01c431b3) sltu    gp, s0, t3
core   0: 3 0x80005d56 (0x01c431b3) x3  0x00000001
core   0: 0x80005d5a (0x00261593) slli    a1, a2, 2
core   0: 3 0x80005d5a (0x00261593) x11 0x00000000
core   0: 0x80005d5e (0x779e2813) slti    a6, t3, 1913
core   0: 3 0x80005d5e (0x779e2813) x16 0x00000001
core   0: 0x80005d62 (0x039a0133) mul     sp, s4, s9
core   0: 3 0x80005d62 (0x039a0133) x2  0x00000000
core   0: 0x80005d66 (0xad332213) slti    tp, t1, -1325
core   0: 3 0x80005d66 (0xad332213) x4  0x00000001
core   0: 0x80005d6a (0x0119d613) srli    a2, s3, 17
core   0: 3 0x80005d6a (0x0119d613) x12 0x00000000
core   0: 0x80005d6e (0x41985313) srai    t1, a6, 25
core   0: 3 0x80005d6e (0x41985313) x6  0x00000000
core   0: 0x80005d72 (0x0239c9b3) div     s3, s3, gp
core   0: 3 0x80005d72 (0x0239c9b3) x19 0x0000f000
core   0: 0x80005d76 (0x019d38b3) sltu    a7, s10, s9
core   0: 3 0x80005d76 (0x019d38b3) x17 0x00000000
core   0: 0x80005d7a (0x000066f9) c.lui   a3, 0x1e
core   0: 3 0x80005d7a (0x66f9) x13 0x0001e000
core   0: 0x80005d7c (0x01d22b33) slt     s6, tp, t4
core   0: 3 0x80005d7c (0x01d22b33) x22 0x00000000
core   0: 0x80005d80 (0x00988c33) add     s8, a7, s1
core   0: 3 0x80005d80 (0x00988c33) x24 0x4090d000
core   0: 0x80005d84 (0x39544b13) xori    s6, s0, 917
core   0: 3 0x80005d84 (0x39544b13) x22 0x00000395
core   0: 0x80005d88 (0x41935733) sra     a4, t1, s9
core   0: 3 0x80005d88 (0x41935733) x14 0x00000000
core   0: 0x80005d8c (0x03cc1a33) mulh    s4, s8, t3
core   0: 3 0x80005d8c (0x03cc1a33) x20 0x00000000
core   0: 0x80005d90 (0x01bb14b3) sll     s1, s6, s11
core   0: 3 0x80005d90 (0x01bb14b3) x9  0x00000395
core   0: 0x80005d94 (0x00008dc9) c.or    a1, a0
core   0: 3 0x80005d94 (0x8dc9) x11 0x00000000
core   0: 0x80005d96 (0x018e1563) bne     t3, s8, pc + 10
core   0: 3 0x80005d96 (0x018e1563)
core   0: 0x80005da0 (0x009a9813) slli    a6, s5, 9
core   0: 3 0x80005da0 (0x009a9813) x16 0x00001000
core   0: 0x80005da4 (0x05c0ea13) ori     s4, ra, 92
core   0: 3 0x80005da4 (0x05c0ea13) x20 0xa0e75c7c
core   0: 0x80005da8 (0x000081d1) c.srli  a1, 20
core   0: 3 0x80005da8 (0x81d1) x11 0x00000000
core   0: 0x80005daa (0x0220dbb3) divu    s7, ra, sp
core   0: 3 0x80005daa (0x0220dbb3) x23 0xffffffff
core   0: 0x80005dae (0x00000001) c.nop
core   0: 3 0x80005dae (0x0001)
core   0: 0x80005db0 (0x55a9b613) sltiu   a2, s3, 1370
core   0: 3 0x80005db0 (0x55a9b613) x12 0x00000000
core   0: 0x80005db4 (0x00008c2d) c.xor   s0, a1
core   0: 3 0x80005db4 (0x8c2d) x8  0x00000000
core   0: 0x80005db6 (0x00008d59) c.or    a0, a4
core   0: 3 0x80005db6 (0x8d59) x10 0x00000000
core   0: 0x80005db8 (0x03b55963) bge     a0, s11, pc + 50
core   0: 3 0x80005db8 (0x03b55963)
core   0: 0x80005dbc (0x00000001) c.nop
core   0: 3 0x80005dbc (0x0001)
core   0: 0x80005dbe (0x36e1fd93) andi    s11, gp, 878
core   0: 3 0x80005dbe (0x36e1fd93) x27 0x00000000
core   0: 0x80005dc2 (0x00000001) c.nop
core   0: 3 0x80005dc2 (0x0001)
core   0: 0x80005dc4 (0x00009ffa) c.add   t6, t5
core   0: 3 0x80005dc4 (0x9ffa) x31 0x80029d28
core   0: 0x80005dc6 (0x00000084) c.addi4spn s1, sp, 64
core   0: 3 0x80005dc6 (0x0084) x9  0x00000040
core   0: 0x80005dc8 (0x018fb5b3) sltu    a1, t6, s8
core   0: 3 0x80005dc8 (0x018fb5b3) x11 0x00000000
core   0: 0x80005dcc (0x0049b2b3) sltu    t0, s3, tp
core   0: 3 0x80005dcc (0x0049b2b3) x5  0x00000000
core   0: 0x80005dd0 (0x06c57263) bgeu    a0, a2, pc + 100
core   0: 3 0x80005dd0 (0x06c57263)
core   0: 0x80005e34 (0x01076533) or      a0, a4, a6
core   0: 3 0x80005e34 (0x01076533) x10 0x00001000
core   0: 0x80005e38 (0x03e4f163) bgeu    s1, t5, pc + 34
core   0: 3 0x80005e38 (0x03e4f163)
core   0: 0x80005e3c (0xd9d04393) xori    t2, zero, -611
core   0: 3 0x80005e3c (0xd9d04393) x7  0xfffffd9d
core   0: 0x80005e40 (0x02ebd5b3) divu    a1, s7, a4
core   0: 3 0x80005e40 (0x02ebd5b3) x11 0xffffffff
core   0: 0x80005e44 (0x00001714) c.addi4spn a3, sp, 928
core   0: 3 0x80005e44 (0x1714) x13 0x000003a0
core   0: 0x80005e46 (0x0000805d) c.srli  s0, 23
core   0: 3 0x80005e46 (0x805d) x8  0x00000000
core   0: 0x80005e48 (0x03089363) bne     a7, a6, pc + 38
core   0: 3 0x80005e48 (0x03089363)
core   0: 0x80005e6e (0x6ab57c13) andi    s8, a0, 1707
core   0: 3 0x80005e6e (0x6ab57c13) x24 0x00000000
core   0: 0x80005e72 (0x741a0c13) addi    s8, s4, 1857
core   0: 3 0x80005e72 (0x741a0c13) x24 0xa0e763bd
core   0: 0x80005e76 (0x73ee5a17) auipc   s4, 0x73ee5
core   0: 3 0x80005e76 (0x73ee5a17) x20 0xf3eeae76
core   0: 0x80005e7a (0x007e0a63) beq     t3, t2, pc + 20
core   0: 3 0x80005e7a (0x007e0a63)
core   0: 0x80005e7e (0x00000001) c.nop
core   0: 3 0x80005e7e (0x0001)
core   0: 0x80005e80 (0x015f7263) bgeu    t5, s5, pc + 4
core   0: 3 0x80005e80 (0x015f7263)
core   0: 0x80005e84 (0x03f73fb3) mulhu   t6, a4, t6
core   0: 3 0x80005e84 (0x03f73fb3) x31 0x00000000
core   0: 0x80005e88 (0x00008cbd) c.xor   s1, a5
core   0: 3 0x80005e88 (0x8cbd) x9  0xf52aae78
core   0: 0x80005e8a (0x006572b3) and     t0, a0, t1
core   0: 3 0x80005e8a (0x006572b3) x5  0x00000000
core   0: 0x80005e8e (0x46e40693) addi    a3, s0, 1134
core   0: 3 0x80005e8e (0x46e40693) x13 0x0000046e
core   0: 0x80005e92 (0x00009126) c.add   sp, s1
core   0: 3 0x80005e92 (0x9126) x2  0xf52aae78
core   0: 0x80005e94 (0x03ac1833) mulh    a6, s8, s10
core   0: 3 0x80005e94 (0x03ac1833) x16 0xfa1d9f58
core   0: 0x80005e98 (0x039d30b3) mulhu   ra, s10, s9
core   0: 3 0x80005e98 (0x039d30b3) x1  0x00001db3
core   0: 0x80005e9c (0x00008592) c.mv    a1, tp
core   0: 3 0x80005e9c (0x8592) x11 0x00000001
core   0: 0x80005e9e (0x03bd0433) mul     s0, s10, s11
core   0: 3 0x80005e9e (0x03bd0433) x8  0x00000000
core   0: 0x80005ea2 (0x051e0063) beq     t3, a7, pc + 64
core   0: 3 0x80005ea2 (0x051e0063)
core   0: 0x80005ea6 (0x4492c913) xori    s2, t0, 1097
core   0: 3 0x80005ea6 (0x4492c913) x18 0x00000449
core   0: 0x80005eaa (0x022e9e33) mulh    t3, t4, sp
core   0: 3 0x80005eaa (0x022e9e33) x28 0x056a8f1a
core   0: 0x80005eae (0x031209b3) mul     s3, tp, a7
core   0: 3 0x80005eae (0x031209b3) x19 0x00000000
core   0: 0x80005eb2 (0x014768b3) or      a7, a4, s4
core   0: 3 0x80005eb2 (0x014768b3) x17 0xf3eeae76
core   0: 0x80005eb6 (0x00008cf1) c.and   s1, a2
core   0: 3 0x80005eb6 (0x8cf1) x9  0x00000000
core   0: 0x80005eb8 (0x034f2e33) mulhsu  t3, t5, s4
core   0: 3 0x80005eb8 (0x034f2e33) x28 0x860b265e
core   0: 0x80005ebc (0x00c07e63) bgeu    zero, a2, pc + 28
core   0: 3 0x80005ebc (0x00c07e63)
core   0: 0x80005ed8 (0x03772d33) mulhsu  s10, a4, s7
core   0: 3 0x80005ed8 (0x03772d33) x26 0x00000000
core   0: 0x80005edc (0x00008a39) c.andi  a2, 14
core   0: 3 0x80005edc (0x8a39) x12 0x00000000
core   0: 0x80005ede (0x0000717d) c.addi16sp sp, -16
core   0: 3 0x80005ede (0x717d) x2  0xf52aae68
core   0: 0x80005ee0 (0x00008ba9) c.andi  a5, 10
core   0: 3 0x80005ee0 (0x8ba9) x15 0x00000008
core   0: 0x80005ee2 (0x0000864e) c.mv    a2, s3
core   0: 3 0x80005ee2 (0x864e) x12 0x00000000
core   0: 0x80005ee4 (0x088c6393) ori     t2, s8, 136
core   0: 3 0x80005ee4 (0x088c6393) x7  0xa0e763bd
core   0: 0x80005ee8 (0x01eedb63) bge     t4, t5, pc + 22
core   0: 3 0x80005ee8 (0x01eedb63)
core   0: 0x80005eec (0xeb682893) slti    a7, a6, -330
core   0: 3 0x80005eec (0xeb682893) x17 0x00000001
core   0: 0x80005ef0 (0x00000001) c.nop
core   0: 3 0x80005ef0 (0x0001)
core   0: 0x80005ef2 (0x01611693) slli    a3, sp, 22
core   0: 3 0x80005ef2 (0x01611693) x13 0x9a000000
core   0: 0x80005ef6 (0x01bda6b3) slt     a3, s11, s11
core   0: 3 0x80005ef6 (0x01bda6b3) x13 0x00000000
core   0: 0x80005efa (0x03518433) mul     s0, gp, s5
core   0: 3 0x80005efa (0x03518433) x8  0x00000008
core   0: 0x80005efe (0x01cbe733) or      a4, s7, t3
core   0: 3 0x80005efe (0x01cbe733) x14 0xffffffff
core   0: 0x80005f02 (0x41bc8433) sub     s0, s9, s11
core   0: 3 0x80005f02 (0x41bc8433) x8  0x0001e000
core   0: 0x80005f06 (0x037ce2b3) rem     t0, s9, s7
core   0: 3 0x80005f06 (0x037ce2b3) x5  0x00000000
core   0: 0x80005f0a (0xf42e7293) andi    t0, t3, -190
core   0: 3 0x80005f0a (0xf42e7293) x5  0x860b2642
core   0: 0x80005f0e (0x000a1c33) sll     s8, s4, zero
core   0: 3 0x80005f0e (0x000a1c33) x24 0xf3eeae76
core   0: 0x80005f12 (0x00596f63) bltu    s2, t0, pc + 30
core   0: 3 0x80005f12 (0x00596f63)
core   0: 0x80005f30 (0x8f52c293) xori    t0, t0, -1803
core   0: 3 0x80005f30 (0x8f52c293) x5  0x79f4deb7
core   0: 0x80005f34 (0x0000997d) c.andi  a0, -1
core   0: 3 0x80005f34 (0x997d) x10 0x00001000
core   0: 0x80005f36 (0x720c4d13) xori    s10, s8, 1824
core   0: 3 0x80005f36 (0x720c4d13) x26 0xf3eea956
core   0: 0x80005f3a (0x02ab1e33) mulh    t3, s6, a0
core   0: 3 0x80005f3a (0x02ab1e33) x28 0x00000000
core   0: 0x80005f3e (0x0000877a) c.mv    a4, t5
core   0: 3 0x80005f3e (0x877a) x14 0x80029d24
core   0: 0x80005f40 (0x00000412) c.slli  s0, 4
core   0: 3 0x80005f40 (0x0412) x8  0x001e0000
core   0: 0x80005f42 (0x00f4d1b3) srl     gp, s1, a5
core   0: 3 0x80005f42 (0x00f4d1b3) x3  0x00000000
core   0: 0x80005f46 (0x00000dea) c.slli  s11, 26
core   0: 3 0x80005f46 (0x0dea) x27 0x00000000
core   0: 0x80005f48 (0x0367d533) divu    a0, a5, s6
core   0: 3 0x80005f48 (0x0367d533) x10 0x00000000
core   0: 0x80005f4c (0x01e91fb3) sll     t6, s2, t5
core   0: 3 0x80005f4c (0x01e91fb3) x31 0x00004490
core   0: 0x80005f50 (0x00009a7d) c.andi  a2, -1
core   0: 3 0x80005f50 (0x9a7d) x12 0x00000000
core   0: 0x80005f52 (0x00000b72) c.slli  s6, 28
core   0: 3 0x80005f52 (0x0b72) x22 0x50000000
core   0: 0x80005f54 (0x037a8e63) beq     s5, s7, pc + 60
core   0: 3 0x80005f54 (0x037a8e63)
core   0: 0x80005f58 (0x036d3333) mulhu   t1, s10, s6
core   0: 3 0x80005f58 (0x036d3333) x6  0x4c3a94ea
core   0: 0x80005f5c (0x000097b2) c.add   a5, a2
core   0: 3 0x80005f5c (0x97b2) x15 0x00000008
core   0: 0x80005f5e (0x00008af5) c.andi  a3, 29
core   0: 3 0x80005f5e (0x8af5) x13 0x00000000
core   0: 0x80005f60 (0x0133f733) and     a4, t2, s3
core   0: 3 0x80005f60 (0x0133f733) x14 0x00000000
core   0: 0x80005f64 (0x0000071e) c.slli  a4, 7
core   0: 3 0x80005f64 (0x071e) x14 0x00000000
core   0: 0x80005f66 (0x000085b5) c.srai  a1, 13
core   0: 3 0x80005f66 (0x85b5) x11 0x00000000
core   0: 0x80005f68 (0x00129013) slli    zero, t0, 1
core   0: 3 0x80005f68 (0x00129013)
core   0: 0x80005f6c (0x000004c9) c.addi  s1, 18
core   0: 3 0x80005f6c (0x04c9) x9  0x00000012
core   0: 0x80005f6e (0x410ed1b3) sra     gp, t4, a6
core   0: 3 0x80005f6e (0x410ed1b3) x3  0xffffff80
core   0: 0x80005f72 (0x41ca0333) sub     t1, s4, t3
core   0: 3 0x80005f72 (0x41ca0333) x6  0xf3eeae76
core   0: 0x80005f76 (0x00d1be33) sltu    t3, gp, a3
core   0: 3 0x80005f76 (0x00d1be33) x28 0x00000000
core   0: 0x80005f7a (0x0000ca9d) c.beqz  a3, pc + 54
core   0: 3 0x80005f7a (0xca9d)
core   0: 0x80005fb0 (0x000ea2b3) slt     t0, t4, zero
core   0: 3 0x80005fb0 (0x000ea2b3) x5  0x00000001
core   0: 0x80005fb4 (0x00008f59) c.or    a4, a4
core   0: 3 0x80005fb4 (0x8f59) x14 0x00000000
core   0: 0x80005fb6 (0x00000001) c.nop
core   0: 3 0x80005fb6 (0x0001)
core   0: 0x80005fb8 (0x00ef7fb3) and     t6, t5, a4
core   0: 3 0x80005fb8 (0x00ef7fb3) x31 0x00000000
core   0: 0x80005fbc (0x02788e33) mul     t3, a7, t2
core   0: 3 0x80005fbc (0x02788e33) x28 0xa0e763bd
core   0: 0x80005fc0 (0x02c172b3) remu    t0, sp, a2
core   0: 3 0x80005fc0 (0x02c172b3) x5  0xf52aae68
core   0: 0x80005fc4 (0x155b2d17) auipc   s10, 0x155b2
core   0: 3 0x80005fc4 (0x155b2d17) x26 0x955b7fc4
core   0: 0x80005fc8 (0x0232c5b3) div     a1, t0, gp
core   0: 3 0x80005fc8 (0x0232c5b3) x11 0x0015aaa3
core   0: 0x80005fcc (0x02fc1e63) bne     s8, a5, pc + 60
core   0: 3 0x80005fcc (0x02fc1e63)
core   0: 0x80006008 (0x259b2193) slti    gp, s6, 601
core   0: 3 0x80006008 (0x259b2193) x3  0x00000000
core   0: 0x8000600c (0x00001b80) c.addi4spn s0, sp, 496
core   0: 3 0x8000600c (0x1b80) x8  0xf52ab058
core   0: 0x8000600e (0x01695d93) srli    s11, s2, 22
core   0: 3 0x8000600e (0x01695d93) x27 0x00000000
core   0: 0x80006012 (0x0000187d) c.addi  a6, -1
core   0: 3 0x80006012 (0x187d) x16 0xfa1d9f57
core   0: 0x80006014 (0x401957b3) sra     a5, s2, ra
core   0: 3 0x80006014 (0x401957b3) x15 0x00000000
core   0: 0x80006018 (0x00008f0d) c.sub   a4, a1
core   0: 3 0x80006018 (0x8f0d) x14 0xffea555d
core   0: 0x8000601a (0x47099537) lui     a0, 0x47099
core   0: 3 0x8000601a (0x47099537) x10 0x47099000
core   0: 0x8000601e (0x001412b3) sll     t0, s0, ra
core   0: 3 0x8000601e (0x001412b3) x5  0x82c00000
core   0: 0x80006022 (0x0f528013) addi    zero, t0, 245
core   0: 3 0x80006022 (0x0f528013)
core   0: 0x80006026 (0x03760cb3) mul     s9, a2, s7
core   0: 3 0x80006026 (0x03760cb3) x25 0x00000000
core   0: 0x8000602a (0x00000126) c.slli  sp, 9
core   0: 3 0x8000602a (0x0126) x2  0x555cd000
core   0: 0x8000602c (0x00b22933) slt     s2, tp, a1
core   0: 3 0x8000602c (0x00b22933) x18 0x00000001
core   0: 0x80006030 (0x009ad013) srli    zero, s5, 9
core   0: 3 0x80006030 (0x009ad013)
core   0: 0x80006034 (0x00000001) c.nop
core   0: 3 0x80006034 (0x0001)
core   0: 0x80006036 (0x6c070d13) addi    s10, a4, 1728
core   0: 3 0x80006036 (0x6c070d13) x26 0xffea5c1d
core   0: 0x8000603a (0x0000827a) c.mv    tp, t5
core   0: 3 0x8000603a (0x827a) x4  0x80029d24
core   0: 0x8000603c (0x40ebd2b3) sra     t0, s7, a4
core   0: 3 0x8000603c (0x40ebd2b3) x5  0xffffffff
core   0: 0x80006040 (0xacf98e13) addi    t3, s3, -1329
core   0: 3 0x80006040 (0xacf98e13) x28 0xfffffacf
core   0: 0x80006044 (0x4106d2b3) sra     t0, a3, a6
core   0: 3 0x80006044 (0x4106d2b3) x5  0x00000000
core   0: 0x80006048 (0x00008559) c.srai  a0, 22
core   0: 3 0x80006048 (0x8559) x10 0x0000011c
core   0: 0x8000604a (0x000097be) c.add   a5, a5
core   0: 3 0x8000604a (0x97be) x15 0x00000000
core   0: 0x8000604c (0x018708b3) add     a7, a4, s8
core   0: 3 0x8000604c (0x018708b3) x17 0xf3d903d3
core   0: 0x80006050 (0x000002e6) c.slli  t0, 25
core   0: 3 0x80006050 (0x02e6) x5  0x00000000
core   0: 0x80006052 (0x020ddb63) bgez    s11, pc + 54
core   0: 3 0x80006052 (0x020ddb63)
core   0: 0x80006088 (0x0000cf09) c.beqz  a4, pc + 26
core   0: 3 0x80006088 (0xcf09)
core   0: 0x8000608a (0x00971b13) slli    s6, a4, 9
core   0: 3 0x8000608a (0x00971b13) x22 0xd4aaba00
core   0: 0x8000608e (0x0260cf63) blt     ra, t1, pc + 62
core   0: 3 0x8000608e (0x0260cf63)
core   0: 0x80006092 (0x00004325) c.li    t1, 9
core   0: 3 0x80006092 (0x4325) x6  0x00000009
core   0: 0x80006094 (0x037cc4b3) div     s1, s9, s7
core   0: 3 0x80006094 (0x037cc4b3) x9  0x00000000
core   0: 0x80006098 (0x02633633) mulhu   a2, t1, t1
core   0: 3 0x80006098 (0x02633633) x12 0x00000000
core   0: 0x8000609c (0x0000833d) c.srli  a4, 15
core   0: 3 0x8000609c (0x833d) x14 0x0001ffd4
core   0: 0x8000609e (0x004b35b3) sltu    a1, s6, tp
core   0: 3 0x8000609e (0x004b35b3) x11 0x00000000
core   0: 0x800060a2 (0x00b0a933) slt     s2, ra, a1
core   0: 3 0x800060a2 (0x00b0a933) x18 0x00000000
core   0: 0x800060a6 (0x013fc263) blt     t6, s3, pc + 4
core   0: 3 0x800060a6 (0x013fc263)
core   0: 0x800060aa (0x00008ec1) c.or    a3, s0
core   0: 3 0x800060aa (0x8ec1) x13 0xf52ab058
core   0: 0x800060ac (0x00000001) c.nop
core   0: 3 0x800060ac (0x0001)
core   0: 0x800060ae (0x02d8fbb3) remu    s7, a7, a3
core   0: 3 0x800060ae (0x02d8fbb3) x23 0xf3d903d3
core   0: 0x800060b2 (0x0000717d) c.addi16sp sp, -16
core   0: 3 0x800060b2 (0x717d) x2  0x555ccff0
core   0: 0x800060b4 (0x9c232693) slti    a3, t1, -1598
core   0: 3 0x800060b4 (0x9c232693) x13 0x00000000
core   0: 0x800060b8 (0x7c97f893) andi    a7, a5, 1993
core   0: 3 0x800060b8 (0x7c97f893) x17 0x00000000
core   0: 0x800060bc (0x02bc6b33) rem     s6, s8, a1
core   0: 3 0x800060bc (0x02bc6b33) x22 0xf3eeae76
core   0: 0x800060c0 (0x00001cfd) c.addi  s9, -1
core   0: 3 0x800060c0 (0x1cfd) x25 0xffffffff
core   0: 0x800060c2 (0x402c88b3) sub     a7, s9, sp
core   0: 3 0x800060c2 (0x402c88b3) x17 0xaaa3300f
core   0: 0x800060c6 (0x00cbfd63) bgeu    s7, a2, pc + 26
core   0: 3 0x800060c6 (0x00cbfd63)
core   0: 0x800060e0 (0x00008cb5) c.xor   s1, a3
core   0: 3 0x800060e0 (0x8cb5) x9  0x00000000
core   0: 0x800060e2 (0x0000cc01) c.beqz  s0, pc + 24
core   0: 3 0x800060e2 (0xcc01)
core   0: 0x800060e4 (0xf7eee013) ori     zero, t4, -130
core   0: 3 0x800060e4 (0xf7eee013)
core   0: 0x800060e8 (0x40935533) sra     a0, t1, s1
core   0: 3 0x800060e8 (0x40935533) x10 0x00000009
core   0: 0x800060ec (0x01d856b3) srl     a3, a6, t4
core   0: 3 0x800060ec (0x01d856b3) x13 0x00000fa1
core   0: 0x800060f0 (0x020c8963) beqz    s9, pc + 50
core   0: 3 0x800060f0 (0x020c8963)
core   0: 0x800060f4 (0x59138d13) addi    s10, t2, 1425
core   0: 3 0x800060f4 (0x59138d13) x26 0xa0e7694e
core   0: 0x800060f8 (0x0000615d) c.addi16sp sp, 432
core   0: 3 0x800060f8 (0x615d) x2  0x555cd1a0
core   0: 0x800060fa (0x03b006b3) mul     a3, zero, s11
core   0: 3 0x800060fa (0x03b006b3) x13 0x00000000
core   0: 0x800060fe (0x00000001) c.nop
core   0: 3 0x800060fe (0x0001)
core   0: 0x80006100 (0x7569a213) slti    tp, s3, 1878
core   0: 3 0x80006100 (0x7569a213) x4  0x00000001
core   0: 0x80006104 (0x01bc9833) sll     a6, s9, s11
core   0: 3 0x80006104 (0x01bc9833) x16 0xffffffff
core   0: 0x80006108 (0x01f23633) sltu    a2, tp, t6
core   0: 3 0x80006108 (0x01f23633) x12 0x00000000
core   0: 0x8000610c (0x88160b17) auipc   s6, 0x88160
core   0: 3 0x8000610c (0x88160b17) x22 0x0816610c
core   0: 0x80006110 (0x0286c5b3) div     a1, a3, s0
core   0: 3 0x80006110 (0x0286c5b3) x11 0x00000000
core   0: 0x80006114 (0x8d9dca13) xori    s4, s11, -1831
core   0: 3 0x80006114 (0x8d9dca13) x20 0xfffff8d9
core   0: 0x80006118 (0x002c1d97) auipc   s11, 0x2c1
core   0: 3 0x80006118 (0x002c1d97) x27 0x802c7118
core   0: 0x8000611c (0xda3d7d93) andi    s11, s10, -605
core   0: 3 0x8000611c (0xda3d7d93) x27 0xa0e76902
core   0: 0x80006120 (0x00005bfd) c.li    s7, -1
core   0: 3 0x80006120 (0x5bfd) x23 0xffffffff
core   0: 0x80006122 (0x00001718) c.addi4spn a4, sp, 928
core   0: 3 0x80006122 (0x1718) x14 0x555cd540
core   0: 0x80006124 (0x03ed8bb3) mul     s7, s11, t5
core   0: 3 0x80006124 (0x03ed8bb3) x23 0x5df4fe48
core   0: 0x80006128 (0xa8e60913) addi    s2, a2, -1394
core   0: 3 0x80006128 (0xa8e60913) x18 0xfffffa8e
core   0: 0x8000612c (0x407951b3) sra     gp, s2, t2
core   0: 3 0x8000612c (0x407951b3) x3  0xffffffff
core   0: 0x80006130 (0x0000497d) c.li    s2, 31
core   0: 3 0x80006130 (0x497d) x18 0x0000001f
core   0: 0x80006132 (0x00004d99) c.li    s11, 6
core   0: 3 0x80006132 (0x4d99) x27 0x00000006
core   0: 0x80006134 (0x04429063) bne     t0, tp, pc + 64
core   0: 3 0x80006134 (0x04429063)
core   0: 0x80006174 (0x015077b3) and     a5, zero, s5
core   0: 3 0x80006174 (0x015077b3) x15 0x00000000
core   0: 0x80006178 (0x00da5d93) srli    s11, s4, 13
core   0: 3 0x80006178 (0x00da5d93) x27 0x0007ffff
core   0: 0x8000617c (0x000082b9) c.srli  a3, 14
core   0: 3 0x8000617c (0x82b9) x13 0x00000000
core   0: 0x8000617e (0xecb6c7b7) lui     a5, 0xecb6c
core   0: 3 0x8000617e (0xecb6c7b7) x15 0xecb6c000
core   0: 0x80006182 (0x00006c8d) c.lui   s9, 0x3
core   0: 3 0x80006182 (0x6c8d) x25 0x00003000
core   0: 0x80006184 (0x03965bb3) divu    s7, a2, s9
core   0: 3 0x80006184 (0x03965bb3) x23 0x00000000
core   0: 0x80006188 (0x0229c663) blt     s3, sp, pc + 44
core   0: 3 0x80006188 (0x0229c663)
core   0: 0x800061b4 (0x03205763) bge     zero, s2, pc + 46
core   0: 3 0x800061b4 (0x03205763)
core   0: 0x800061b8 (0x00008e51) c.or    a2, a2
core   0: 3 0x800061b8 (0x8e51) x12 0x00000000
core   0: 0x800061ba (0x03364bb3) div     s7, a2, s3
core   0: 3 0x800061ba (0x03364bb3) x23 0xffffffff
core   0: 0x800061be (0x02f198b3) mulh    a7, gp, a5
core   0: 3 0x800061be (0x02f198b3) x17 0x00000000
core   0: 0x800061c2 (0x02bdbb33) mulhu   s6, s11, a1
core   0: 3 0x800061c2 (0x02bdbb33) x22 0x00000000
core   0: 0x800061c6 (0x0302c1b3) div     gp, t0, a6
core   0: 3 0x800061c6 (0x0302c1b3) x3  0x00000000
core   0: 0x800061ca (0x00711bb3) sll     s7, sp, t2
core   0: 3 0x800061ca (0x00711bb3) x23 0x00000000
core   0: 0x800061ce (0x00000001) c.nop
core   0: 3 0x800061ce (0x0001)
core   0: 0x800061d0 (0x001292b3) sll     t0, t0, ra
core   0: 3 0x800061d0 (0x001292b3) x5  0x00000000
core   0: 0x800061d4 (0x0190ce63) blt     ra, s9, pc + 28
core   0: 3 0x800061d4 (0x0190ce63)
core   0: 0x800061f0 (0x43af8013) addi    zero, t6, 1082
core   0: 3 0x800061f0 (0x43af8013)
core   0: 0x800061f4 (0x00009afd) c.andi  a3, -1
core   0: 3 0x800061f4 (0x9afd) x13 0x00000000
core   0: 0x800061f6 (0xa5e62f93) slti    t6, a2, -1442
core   0: 3 0x800061f6 (0xa5e62f93) x31 0x00000000
core   0: 0x800061fa (0x0000cca1) c.beqz  s1, pc + 88
core   0: 3 0x800061fa (0xcca1)
core   0: 0x80006252 (0x00008d19) c.sub   a0, a4
core   0: 3 0x80006252 (0x8d19) x10 0xaaa32ac9
core   0: 0x80006254 (0x009c6833) or      a6, s8, s1
core   0: 3 0x80006254 (0x009c6833) x16 0xf3eeae76
core   0: 0x80006258 (0x0000008c) c.addi4spn a1, sp, 64
core   0: 3 0x80006258 (0x008c) x11 0x555cd1e0
core   0: 0x8000625a (0xa2472313) slti    t1, a4, -1500
core   0: 3 0x8000625a (0xa2472313) x6  0x00000000
core   0: 0x8000625e (0x4623a013) slti    zero, t2, 1122
core   0: 3 0x8000625e (0x4623a013)
core   0: 0x80006262 (0x70135897) auipc   a7, 0x70135
core   0: 3 0x80006262 (0x70135897) x17 0xf013b262
core   0: 0x80006266 (0x0000e999) c.bnez  a1, pc + 22
core   0: 3 0x80006266 (0xe999)
core   0: 0x8000627c (0x027d2c33) mulhsu  s8, s10, t2
core   0: 3 0x8000627c (0x027d2c33) x24 0xc43aad94
core   0: 0x80006280 (0x02c3b233) mulhu   tp, t2, a2
core   0: 3 0x80006280 (0x02c3b233) x4  0x00000000
core   0: 0x80006284 (0xa2e7f537) lui     a0, 0xa2e7f
core   0: 3 0x80006284 (0xa2e7f537) x10 0xa2e7f000
core   0: 0x80006288 (0x028fdc33) divu    s8, t6, s0
core   0: 3 0x80006288 (0x028fdc33) x24 0x00000000
core   0: 0x8000628c (0x00004a21) c.li    s4, 8
core   0: 3 0x8000628c (0x4a21) x20 0x00000008
core   0: 0x8000628e (0x02d8c533) div     a0, a7, a3
core   0: 3 0x8000628e (0x02d8c533) x10 0xffffffff
core   0: 0x80006292 (0x01dddcb3) srl     s9, s11, t4
core   0: 3 0x80006292 (0x01dddcb3) x25 0x00000000
core   0: 0x80006296 (0xd6628e17) auipc   t3, 0xd6628
core   0: 3 0x80006296 (0xd6628e17) x28 0x5662e296
core   0: 0x8000629a (0x0000ef89) c.bnez  a5, pc + 26
core   0: 3 0x8000629a (0xef89)
core   0: 0x800062b4 (0x000069e9) c.lui   s3, 0x1a
core   0: 3 0x800062b4 (0x69e9) x19 0x0001a000
core   0: 0x800062b6 (0x01795c13) srli    s8, s2, 23
core   0: 3 0x800062b6 (0x01795c13) x24 0x00000000
core   0: 0x800062ba (0xcac33e13) sltiu   t3, t1, -852
core   0: 3 0x800062ba (0xcac33e13) x28 0x00000001
core   0: 0x800062be (0x035c8c63) beq     s9, s5, pc + 56
core   0: 3 0x800062be (0x035c8c63)
core   0: 0x800062c2 (0x039a5463) bge     s4, s9, pc + 40
core   0: 3 0x800062c2 (0x039a5463)
core   0: 0x800062ea (0x00008699) c.srai  a3, 6
core   0: 3 0x800062ea (0x8699) x13 0x00000000
core   0: 0x800062ec (0x03d40d63) beq     s0, t4, pc + 58
core   0: 3 0x800062ec (0x03d40d63)
core   0: 0x800062f0 (0x00001514) c.addi4spn a3, sp, 672
core   0: 3 0x800062f0 (0x1514) x13 0x555cd440
core   0: 0x800062f2 (0x963c1897) auipc   a7, 0x963c1
core   0: 3 0x800062f2 (0x963c1897) x17 0x163c72f2
core   0: 0x800062f6 (0x0194ee33) or      t3, s1, s9
core   0: 3 0x800062f6 (0x0194ee33) x28 0x00000000
core   0: 0x800062fa (0xcfc588b7) lui     a7, 0xcfc58
core   0: 3 0x800062fa (0xcfc588b7) x17 0xcfc58000
core   0: 0x800062fe (0x036a0133) mul     sp, s4, s6
core   0: 3 0x800062fe (0x036a0133) x2  0x00000000
core   0: 0x80006302 (0x00781d13) slli    s10, a6, 7
core   0: 3 0x80006302 (0x00781d13) x26 0xf7573b00
core   0: 0x80006306 (0x01b52533) slt     a0, a0, s11
core   0: 3 0x80006306 (0x01b52533) x10 0x00000001
core   0: 0x8000630a (0x00597133) and     sp, s2, t0
core   0: 3 0x8000630a (0x00597133) x2  0x00000000
core   0: 0x8000630e (0x017b6c63) bltu    s6, s7, pc + 24
core   0: 3 0x8000630e (0x017b6c63)
core   0: 0x80006312 (0xe768fe37) lui     t3, 0xe768f
core   0: 3 0x80006312 (0xe768fe37) x28 0xe768f000
core   0: 0x80006316 (0x023396b3) mulh    a3, t2, gp
core   0: 3 0x80006316 (0x023396b3) x13 0x00000000
core   0: 0x8000631a (0x00008e6d) c.and   a2, a1
core   0: 3 0x8000631a (0x8e6d) x12 0x00000000
core   0: 0x8000631c (0x00000001) c.nop
core   0: 3 0x8000631c (0x0001)
core   0: 0x8000631e (0x01c35413) srli    s0, t1, 28
core   0: 3 0x8000631e (0x01c35413) x8  0x00000000
core   0: 0x80006322 (0x41d05533) sra     a0, zero, t4
core   0: 3 0x80006322 (0x41d05533) x10 0x00000000
core   0: 0x80006326 (0x0389bd33) mulhu   s10, s3, s8
core   0: 3 0x80006326 (0x0389bd33) x26 0x00000000
core   0: 0x8000632a (0x02776333) rem     t1, a4, t2
core   0: 3 0x8000632a (0x02776333) x6  0x555cd540
core   0: 0x8000632e (0x121afc93) andi    s9, s5, 289
core   0: 3 0x8000632e (0x121afc93) x25 0x00000000
core   0: 0x80006332 (0x00f7f2b3) and     t0, a5, a5
core   0: 3 0x80006332 (0x00f7f2b3) x5  0xecb6c000
core   0: 0x80006336 (0x00009c46) c.add   s8, a7
core   0: 3 0x80006336 (0x9c46) x24 0xcfc58000
core   0: 0x80006338 (0x04837293) andi    t0, t1, 72
core   0: 3 0x80006338 (0x04837293) x5  0x00000040
core   0: 0x8000633c (0x03630663) beq     t1, s6, pc + 44
core   0: 3 0x8000633c (0x03630663)
core   0: 0x80006340 (0x01fc9a33) sll     s4, s9, t6
core   0: 3 0x80006340 (0x01fc9a33) x20 0x00000000
core   0: 0x80006344 (0x003782b3) add     t0, a5, gp
core   0: 3 0x80006344 (0x003782b3) x5  0xecb6c000
core   0: 0x80006348 (0x50a42313) slti    t1, s0, 1290
core   0: 3 0x80006348 (0x50a42313) x6  0x00000001
core   0: 0x8000634c (0x0000e58d) c.bnez  a1, pc + 42
core   0: 3 0x8000634c (0xe58d)
core   0: 0x80006376 (0x011d4263) blt     s10, a7, pc + 4
core   0: 3 0x80006376 (0x011d4263)
core   0: 0x8000637a (0x02a7d733) divu    a4, a5, a0
core   0: 3 0x8000637a (0x02a7d733) x14 0xffffffff
core   0: 0x8000637e (0x00008079) c.srli  s0, 30
core   0: 3 0x8000637e (0x8079) x8  0x00000000
core   0: 0x80006380 (0x00008c3d) c.xor   s0, a5
core   0: 3 0x80006380 (0x8c3d) x8  0xecb6c000
core   0: 0x80006382 (0x0000e11d) c.bnez  a0, pc + 38
core   0: 3 0x80006382 (0xe11d)
core   0: 0x80006384 (0x010c9993) slli    s3, s9, 16
core   0: 3 0x80006384 (0x010c9993) x19 0x00000000
core   0: 0x80006388 (0x00001dfd) c.addi  s11, -1
core   0: 3 0x80006388 (0x1dfd) x27 0x0007fffe
core   0: 0x8000638a (0x030229b3) mulhsu  s3, tp, a6
core   0: 3 0x8000638a (0x030229b3) x19 0x00000000
core   0: 0x8000638e (0x03a738b3) mulhu   a7, a4, s10
core   0: 3 0x8000638e (0x03a738b3) x17 0x00000000
core   0: 0x80006392 (0x00008eb1) c.xor   a3, a2
core   0: 3 0x80006392 (0x8eb1) x13 0x00000000
core   0: 0x80006394 (0x00f0a9b3) slt     s3, ra, a5
core   0: 3 0x80006394 (0x00f0a9b3) x19 0x00000000
core   0: 0x80006398 (0x02baeb63) bltu    s5, a1, pc + 54
core   0: 3 0x80006398 (0x02baeb63)
core   0: 0x800063ce (0x0000127d) c.addi  tp, -1
core   0: 3 0x800063ce (0x127d) x4  0xffffffff
core   0: 0x800063d0 (0x01db6533) or      a0, s6, t4
core   0: 3 0x800063d0 (0x01db6533) x10 0x80025e74
core   0: 0x800063d4 (0x0429f063) bgeu    s3, sp, pc + 64
core   0: 3 0x800063d4 (0x0429f063)
core   0: 0x80006414 (0x00008411) c.srai  s0, 4
core   0: 3 0x80006414 (0x8411) x8  0xfecb6c00
core   0: 0x80006416 (0x0000177d) c.addi  a4, -1
core   0: 3 0x80006416 (0x177d) x14 0xfffffffe
core   0: 0x80006418 (0x34952b13) slti    s6, a0, 841
core   0: 3 0x80006418 (0x34952b13) x22 0x00000001
core   0: 0x8000641c (0xc5cf8a13) addi    s4, t6, -932
core   0: 3 0x8000641c (0xc5cf8a13) x20 0xfffffc5c
core   0: 0x80006420 (0x01f11c63) bne     sp, t6, pc + 24
core   0: 3 0x80006420 (0x01f11c63)
core   0: 0x80006424 (0x0260cbb3) div     s7, ra, t1
core   0: 3 0x80006424 (0x0260cbb3) x23 0x00001db3
core   0: 0x80006428 (0x01ddfe63) bgeu    s11, t4, pc + 28
core   0: 3 0x80006428 (0x01ddfe63)
core   0: 0x8000642c (0x03b9fcb3) remu    s9, s3, s11
core   0: 3 0x8000642c (0x03b9fcb3) x25 0x00000000
core   0: 0x80006430 (0x0000617d) c.addi16sp sp, 496
core   0: 3 0x80006430 (0x617d) x2  0x000001f0
core   0: 0x80006432 (0x3cc74213) xori    tp, a4, 972
core   0: 3 0x80006432 (0x3cc74213) x4  0xfffffc32
core   0: 0x80006436 (0x0000819d) c.srli  a1, 7
core   0: 3 0x80006436 (0x819d) x11 0x00aab9a3
core   0: 0x80006438 (0x0000613d) c.addi16sp sp, 480
core   0: 3 0x80006438 (0x613d) x2  0x000003d0
core   0: 0x8000643a (0x009ef233) and     tp, t4, s1
core   0: 3 0x8000643a (0x009ef233) x4  0x00000000
core   0: 0x8000643e (0x00004bb1) c.li    s7, 12
core   0: 3 0x8000643e (0x4bb1) x23 0x0000000c
core   0: 0x80006440 (0x40ac5a33) sra     s4, s8, a0
core   0: 3 0x80006440 (0x40ac5a33) x20 0xfffffcfc
core   0: 0x80006444 (0x01ec4133) xor     sp, s8, t5
core   0: 3 0x80006444 (0x01ec4133) x2  0x4fc71d24
core   0: 0x80006448 (0x0000862e) c.mv    a2, a1
core   0: 3 0x80006448 (0x862e) x12 0x00aab9a3
core   0: 0x8000644a (0x02ac2533) mulhsu  a0, s8, a0
core   0: 3 0x8000644a (0x02ac2533) x10 0xe7e24dbf
core   0: 0x8000644e (0xd24a7213) andi    tp, s4, -732
core   0: 3 0x8000644e (0xd24a7213) x4  0xfffffc24
core   0: 0x80006452 (0x02f70563) beq     a4, a5, pc + 42
core   0: 3 0x80006452 (0x02f70563)
core   0: 0x80006456 (0x00006105) c.addi16sp sp, 32
core   0: 3 0x80006456 (0x6105) x2  0x4fc71d44
core   0: 0x80006458 (0x0000e905) c.bnez  a0, pc + 48
core   0: 3 0x80006458 (0xe905)
core   0: 0x80006488 (0x02938c63) beq     t2, s1, pc + 56
core   0: 3 0x80006488 (0x02938c63)
core   0: 0x8000648c (0x00008df5) c.and   a1, a3
core   0: 3 0x8000648c (0x8df5) x11 0x00000000
core   0: 0x8000648e (0x03ead6b3) divu    a3, s5, t5
core   0: 3 0x8000648e (0x03ead6b3) x13 0x00000000
core   0: 0x80006492 (0xad6e3d37) lui     s10, 0xad6e3
core   0: 3 0x80006492 (0xad6e3d37) x26 0xad6e3000
core   0: 0x80006496 (0x00001508) c.addi4spn a0, sp, 672
core   0: 3 0x80006496 (0x1508) x10 0x4fc71fe4
core   0: 0x80006498 (0x00008e49) c.or    a2, a0
core   0: 3 0x80006498 (0x8e49) x12 0x4fefbfe7
core   0: 0x8000649a (0x002bf563) bgeu    s7, sp, pc + 10
core   0: 3 0x8000649a (0x002bf563)
core   0: 0x8000649e (0x0000965a) c.add   a2, s6
core   0: 3 0x8000649e (0x965a) x12 0x4fefbfe8
core   0: 0x800064a0 (0x03528d63) beq     t0, s5, pc + 58
core   0: 3 0x800064a0 (0x03528d63)
core   0: 0x800064a4 (0x408f0933) sub     s2, t5, s0
core   0: 3 0x800064a4 (0x408f0933) x18 0x81373124
core   0: 0x800064a8 (0x00638e63) beq     t2, t1, pc + 28
core   0: 3 0x800064a8 (0x00638e63)
core   0: 0x800064ac (0x3d450293) addi    t0, a0, 980
core   0: 3 0x800064ac (0x3d450293) x5  0x4fc723b8
core   0: 0x800064b0 (0x035c9033) mulh    zero, s9, s5
core   0: 3 0x800064b0 (0x035c9033)
core   0: 0x800064b4 (0x01347b63) bgeu    s0, s3, pc + 22
core   0: 3 0x800064b4 (0x01347b63)
core   0: 0x800064ca (0x00000001) c.nop
core   0: 3 0x800064ca (0x0001)
core   0: 0x800064cc (0x41dfde33) sra     t3, t6, t4
core   0: 3 0x800064cc (0x41dfde33) x28 0x00000000
core   0: 0x800064d0 (0x00008d31) c.xor   a0, a2
core   0: 3 0x800064d0 (0x8d31) x10 0x0028a00c
core   0: 0x800064d2 (0x4cef0313) addi    t1, t5, 1230
core   0: 3 0x800064d2 (0x4cef0313) x6  0x8002a1f2
core   0: 0x800064d6 (0x01d9d313) srli    t1, s3, 29
core   0: 3 0x800064d6 (0x01d9d313) x6  0x00000000
core   0: 0x800064da (0x03e7ed33) rem     s10, a5, t5
core   0: 3 0x800064da (0x03e7ed33) x26 0xecb6c000
core   0: 0x800064de (0x02598bb3) mul     s7, s3, t0
core   0: 3 0x800064de (0x02598bb3) x23 0x00000000
core   0: 0x800064e2 (0x00008f59) c.or    a4, a4
core   0: 3 0x800064e2 (0x8f59) x14 0xfffffffe
core   0: 0x800064e4 (0x00008669) c.srai  a2, 26
core   0: 3 0x800064e4 (0x8669) x12 0x00000013
core   0: 0x800064e6 (0x00009426) c.add   s0, s1
core   0: 3 0x800064e6 (0x9426) x8  0xfecb6c00
core   0: 0x800064e8 (0x000094fe) c.add   s1, t6
core   0: 3 0x800064e8 (0x94fe) x9  0x00000000
core   0: 0x800064ea (0x0000612d) c.addi16sp sp, 224
core   0: 3 0x800064ea (0x612d) x2  0x4fc71e24
core   0: 0x800064ec (0x00008e1d) c.sub   a2, a5
core   0: 3 0x800064ec (0x8e1d) x12 0x13494013
core   0: 0x800064ee (0x00008231) c.srli  a2, 12
core   0: 3 0x800064ee (0x8231) x12 0x00013494
core   0: 0x800064f0 (0x002eca63) blt     t4, sp, pc + 20
core   0: 3 0x800064f0 (0x002eca63)
core   0: 0x80006504 (0x01e0d093) srli    ra, ra, 30
core   0: 3 0x80006504 (0x01e0d093) x1  0x00000000
core   0: 0x80006508 (0x02fd74b3) remu    s1, s10, a5
core   0: 3 0x80006508 (0x02fd74b3) x9  0x00000000
core   0: 0x8000650c (0x00008c91) c.sub   s1, a2
core   0: 3 0x8000650c (0x8c91) x9  0xfffecb6c
core   0: 0x8000650e (0x005dc4b3) xor     s1, s11, t0
core   0: 3 0x8000650e (0x005dc4b3) x9  0x4fc0dc46
core   0: 0x80006512 (0x8045e693) ori     a3, a1, -2044
core   0: 3 0x80006512 (0x8045e693) x13 0xfffff804
core   0: 0x80006516 (0x41c88db3) sub     s11, a7, t3
core   0: 3 0x80006516 (0x41c88db3) x27 0x00000000
core   0: 0x8000651a (0x0000e685) c.bnez  a3, pc + 40
core   0: 3 0x8000651a (0xe685)
core   0: 0x80006542 (0x0000458d) c.li    a1, 3
core   0: 3 0x80006542 (0x458d) x11 0x00000003
core   0: 0x80006544 (0x00008d0d) c.sub   a0, a1
core   0: 3 0x80006544 (0x8d0d) x10 0x0028a009
core   0: 0x80006546 (0x02109f63) bne     ra, ra, pc + 62
core   0: 3 0x80006546 (0x02109f63)
core   0: 0x8000654a (0x04f01163) bne     zero, a5, pc + 66
core   0: 3 0x8000654a (0x04f01163)
core   0: 0x8000658c (0xe69d0393) addi    t2, s10, -407
core   0: 3 0x8000658c (0xe69d0393) x7  0xecb6be69
core   0: 0x80006590 (0x41e5d933) sra     s2, a1, t5
core   0: 3 0x80006590 (0x41e5d933) x18 0x00000000
core   0: 0x80006594 (0x00009b7d) c.andi  a4, -1
core   0: 3 0x80006594 (0x9b7d) x14 0xfffffffe
core   0: 0x80006596 (0x0000717d) c.addi16sp sp, -16
core   0: 3 0x80006596 (0x717d) x2  0x4fc71e14
core   0: 0x80006598 (0x036e08b3) mul     a7, t3, s6
core   0: 3 0x80006598 (0x036e08b3) x17 0x00000000
core   0: 0x8000659c (0x009ef533) and     a0, t4, s1
core   0: 3 0x8000659c (0x009ef533) x10 0x00005c44
core   0: 0x800065a0 (0x05eb6063) bltu    s6, t5, pc + 64
core   0: 3 0x800065a0 (0x05eb6063)
core   0: 0x800065e0 (0x9087fa13) andi    s4, a5, -1784
core   0: 3 0x800065e0 (0x9087fa13) x20 0xecb6c000
core   0: 0x800065e4 (0x01f99413) slli    s0, s3, 31
core   0: 3 0x800065e4 (0x01f99413) x8  0x00000000
core   0: 0x800065e8 (0xa0a9c293) xori    t0, s3, -1526
core   0: 3 0x800065e8 (0xa0a9c293) x5  0xfffffa0a
core   0: 0x800065ec (0x00008b81) c.andi  a5, 0
core   0: 3 0x800065ec (0x8b81) x15 0x00000000
core   0: 0x800065ee (0x4093d8b3) sra     a7, t2, s1
core   0: 3 0x800065ee (0x4093d8b3) x17 0xffb2daf9
core   0: 0x800065f2 (0x00009cfa) c.add   s9, t5
core   0: 3 0x800065f2 (0x9cfa) x25 0x80029d24
core   0: 0x800065f4 (0x02d8e5b3) rem     a1, a7, a3
core   0: 3 0x800065f4 (0x02d8e5b3) x11 0xfffffc55
core   0: 0x800065f8 (0x41aed6b3) sra     a3, t4, s10
core   0: 3 0x800065f8 (0x41aed6b3) x13 0x80025e74
core   0: 0x800065fc (0x72926693) ori     a3, tp, 1833
core   0: 3 0x800065fc (0x72926693) x13 0xffffff2d
core   0: 0x80006600 (0x00008e45) c.or    a2, s1
core   0: 3 0x80006600 (0x8e45) x12 0x4fc1fcd6
core   0: 0x80006602 (0x03ddf863) bgeu    s11, t4, pc + 48
core   0: 3 0x80006602 (0x03ddf863)
core   0: 0x80006606 (0x006dc3b3) xor     t2, s11, t1
core   0: 3 0x80006606 (0x006dc3b3) x7  0x00000000
core   0: 0x8000660a (0x0000806d) c.srli  s0, 27
core   0: 3 0x8000660a (0x806d) x8  0x00000000
core   0: 0x8000660c (0x01c014b3) sll     s1, zero, t3
core   0: 3 0x8000660c (0x01c014b3) x9  0x00000000
core   0: 0x80006610 (0x01e5edb3) or      s11, a1, t5
core   0: 3 0x80006610 (0x01e5edb3) x27 0xfffffd75
core   0: 0x80006614 (0x0000ec89) c.bnez  s1, pc + 26
core   0: 3 0x80006614 (0xec89)
core   0: 0x80006616 (0x031ceb63) bltu    s9, a7, pc + 54
core   0: 3 0x80006616 (0x031ceb63)
core   0: 0x8000664c (0x037db9b3) mulhu   s3, s11, s7
core   0: 3 0x8000664c (0x037db9b3) x19 0x00000000
core   0: 0x80006650 (0x00006171) c.addi16sp sp, 336
core   0: 3 0x80006650 (0x6171) x2  0x4fc71f64
core   0: 0x80006652 (0x0000944a) c.add   s0, s2
core   0: 3 0x80006652 (0x944a) x8  0x00000000
core   0: 0x80006654 (0x000084c1) c.srai  s1, 16
core   0: 3 0x80006654 (0x84c1) x9  0x00000000
core   0: 0x80006656 (0x0103afb3) slt     t6, t2, a6
core   0: 3 0x80006656 (0x0103afb3) x31 0x00000000
core   0: 0x8000665a (0xff57db37) lui     s6, 0xff57d
core   0: 3 0x8000665a (0xff57db37) x22 0xff57d000
core   0: 0x8000665e (0x03ca9e33) mulh    t3, s5, t3
core   0: 3 0x8000665e (0x03ca9e33) x28 0x00000000
core   0: 0x80006662 (0x000013fd) c.addi  t2, -1
core   0: 3 0x80006662 (0x13fd) x7  0xffffffff
core   0: 0x80006664 (0x02176233) rem     tp, a4, ra
core   0: 3 0x80006664 (0x02176233) x4  0xfffffffe
core   0: 0x80006668 (0x05025163) bge     tp, a6, pc + 66
core   0: 3 0x80006668 (0x05025163)
core   0: 0x800066aa (0xbec50f93) addi    t6, a0, -1044
core   0: 3 0x800066aa (0xbec50f93) x31 0x00005830
core   0: 0x800066ae (0x00008372) c.mv    t1, t3
core   0: 3 0x800066ae (0x8372) x6  0x00000000
core   0: 0x800066b0 (0x000000ca) c.slli  ra, 18
core   0: 3 0x800066b0 (0x00ca) x1  0x00000000
core   0: 0x800066b2 (0x40f5d413) srai    s0, a1, 15
core   0: 3 0x800066b2 (0x40f5d413) x8  0xffffffff
core   0: 0x800066b6 (0x00006125) c.addi16sp sp, 96
core   0: 3 0x800066b6 (0x6125) x2  0x4fc71fc4
core   0: 0x800066b8 (0x0167d8b3) srl     a7, a5, s6
core   0: 3 0x800066b8 (0x0167d8b3) x17 0x00000000
core   0: 0x800066bc (0x03466d63) bltu    a2, s4, pc + 58
core   0: 3 0x800066bc (0x03466d63)
core   0: 0x800066f6 (0x010b1913) slli    s2, s6, 16
core   0: 3 0x800066f6 (0x010b1913) x18 0xd0000000
core   0: 0x800066fa (0x0000ce15) c.beqz  a2, pc + 60
core   0: 3 0x800066fa (0xce15)
core   0: 0x800066fc (0x00008edd) c.or    a3, a5
core   0: 3 0x800066fc (0x8edd) x13 0xffffff2d
core   0: 0x800066fe (0x00008fe1) c.and   a5, s0
core   0: 3 0x800066fe (0x8fe1) x15 0x00000000
core   0: 0x80006700 (0x035d7e33) remu    t3, s10, s5
core   0: 3 0x80006700 (0x035d7e33) x28 0x00000000
core   0: 0x80006704 (0x01a3c563) blt     t2, s10, pc + 10
core   0: 3 0x80006704 (0x01a3c563)
core   0: 0x80006708 (0x00783a33) sltu    s4, a6, t2
core   0: 3 0x80006708 (0x00783a33) x20 0x00000001
core   0: 0x8000670c (0x00006485) c.lui   s1, 0x1
core   0: 3 0x8000670c (0x6485) x9  0x00001000
core   0: 0x8000670e (0x01aaf3b3) and     t2, s5, s10
core   0: 3 0x8000670e (0x01aaf3b3) x7  0x00000000
core   0: 0x80006712 (0x01154db3) xor     s11, a0, a7
core   0: 3 0x80006712 (0x01154db3) x27 0x00005c44
core   0: 0x80006716 (0x011c5593) srli    a1, s8, 17
core   0: 3 0x80006716 (0x011c5593) x11 0x000067e2
core   0: 0x8000671a (0x00008c85) c.sub   s1, s1
core   0: 3 0x8000671a (0x8c85) x9  0x00000000
core   0: 0x8000671c (0x00008fc5) c.or    a5, s1
core   0: 3 0x8000671c (0x8fc5) x15 0x00000000
core   0: 0x8000671e (0x79aa3337) lui     t1, 0x79aa3
core   0: 3 0x8000671e (0x79aa3337) x6  0x79aa3000
core   0: 0x80006722 (0x015376b3) and     a3, t1, s5
core   0: 3 0x80006722 (0x015376b3) x13 0x00000000
core   0: 0x80006726 (0x012752b3) srl     t0, a4, s2
core   0: 3 0x80006726 (0x012752b3) x5  0xfffffffe
core   0: 0x8000672a (0x0232de33) divu    t3, t0, gp
core   0: 3 0x8000672a (0x0232de33) x28 0xffffffff
core   0: 0x8000672e (0x030ef5b3) remu    a1, t4, a6
core   0: 3 0x8000672e (0x030ef5b3) x11 0x80025e74
core   0: 0x80006732 (0x038e4133) div     sp, t3, s8
core   0: 3 0x80006732 (0x038e4133) x2  0x00000000
core   0: 0x80006736 (0x02b3abb3) mulhsu  s7, t2, a1
core   0: 3 0x80006736 (0x02b3abb3) x23 0x00000000
core   0: 0x8000673a (0x02d1d363) bge     gp, a3, pc + 38
core   0: 3 0x8000673a (0x02d1d363)
core   0: 0x80006760 (0x7e0f0193) addi    gp, t5, 2016
core   0: 3 0x80006760 (0x7e0f0193) x3  0x8002a504
core   0: 0x80006764 (0x00008f55) c.or    a4, a3
core   0: 3 0x80006764 (0x8f55) x14 0xfffffffe
core   0: 0x80006766 (0x0125dd33) srl     s10, a1, s2
core   0: 3 0x80006766 (0x0125dd33) x26 0x80025e74
core   0: 0x8000676a (0x4b54c613) xori    a2, s1, 1205
core   0: 3 0x8000676a (0x4b54c613) x12 0x000004b5
core   0: 0x8000676e (0x034416b3) mulh    a3, s0, s4
core   0: 3 0x8000676e (0x034416b3) x13 0xffffffff
core   0: 0x80006772 (0x00008f85) c.sub   a5, s1
core   0: 3 0x80006772 (0x8f85) x15 0x00000000
core   0: 0x80006774 (0x00dc9d63) bne     s9, a3, pc + 26
core   0: 3 0x80006774 (0x00dc9d63)
core   0: 0x8000678e (0x00000a62) c.slli  s4, 24
core   0: 3 0x8000678e (0x0a62) x20 0x01000000
core   0: 0x80006790 (0x02f258b3) divu    a7, tp, a5
core   0: 3 0x80006790 (0x02f258b3) x17 0xffffffff
core   0: 0x80006794 (0x0000050a) c.slli  a0, 2
core   0: 3 0x80006794 (0x050a) x10 0x00017110
core   0: 0x80006796 (0x007162b3) or      t0, sp, t2
core   0: 3 0x80006796 (0x007162b3) x5  0x00000000
core   0: 0x8000679a (0x02dd1fb3) mulh    t6, s10, a3
core   0: 3 0x8000679a (0x02dd1fb3) x31 0x00000000
core   0: 0x8000679e (0x00008e65) c.and   a2, s1
core   0: 3 0x8000679e (0x8e65) x12 0x00000000
core   0: 0x800067a0 (0x29cffa13) andi    s4, t6, 668
core   0: 3 0x800067a0 (0x29cffa13) x20 0x00000000
core   0: 0x800067a4 (0x00008d99) c.sub   a1, a4
core   0: 3 0x800067a4 (0x8d99) x11 0x80025e76
core   0: 0x800067a6 (0x0063ce33) xor     t3, t2, t1
core   0: 3 0x800067a6 (0x0063ce33) x28 0x79aa3000
core   0: 0x800067aa (0x44043093) sltiu   ra, s0, 1088
core   0: 3 0x800067aa (0x44043093) x1  0x00000000
core   0: 0x800067ae (0x0000074e) c.slli  a4, 19
core   0: 3 0x800067ae (0x074e) x14 0xfff00000
core   0: 0x800067b0 (0x8bb74d93) xori    s11, a4, -1861
core   0: 3 0x800067b0 (0x8bb74d93) x27 0x000ff8bb
core   0: 0x800067b4 (0x89039d17) auipc   s10, 0x89039
core   0: 3 0x800067b4 (0x89039d17) x26 0x0903f7b4
core   0: 0x800067b8 (0x3f41c197) auipc   gp, 0x3f41c
core   0: 3 0x800067b8 (0x3f41c197) x3  0xbf4227b8
core   0: 0x800067bc (0x00000001) c.nop
core   0: 3 0x800067bc (0x0001)
core   0: 0x800067be (0x0000039e) c.slli  t2, 7
core   0: 3 0x800067be (0x039e) x7  0x00000000
core   0: 0x800067c0 (0x038386b3) mul     a3, t2, s8
core   0: 3 0x800067c0 (0x038386b3) x13 0x00000000
core   0: 0x800067c4 (0x5f406913) ori     s2, zero, 1524
core   0: 3 0x800067c4 (0x5f406913) x18 0x000005f4
core   0: 0x800067c8 (0x00c21333) sll     t1, tp, a2
core   0: 3 0x800067c8 (0x00c21333) x6  0xfffffffe
core   0: 0x800067cc (0x1cb14393) xori    t2, sp, 459
core   0: 3 0x800067cc (0x1cb14393) x7  0x000001cb
core   0: 0x800067d0 (0x0e6000ef) jal     pc + 0xe6
core   0: 3 0x800067d0 (0x0e6000ef) x1  0x800067d4
core   0: 0x800068b6 (0x003ac463) blt     s5, gp, pc + 8
core   0: 3 0x800068b6 (0x003ac463)
core   0: 0x800068ba (0x41ced693) srai    a3, t4, 28
core   0: 3 0x800068ba (0x41ced693) x13 0xfffffff8
core   0: 0x800068be (0xfcce8e93) addi    t4, t4, -52
core   0: 3 0x800068be (0xfcce8e93) x29 0x80025e40
core   0: 0x800068c2 (0x00006b69) c.lui   s6, 0x1a
core   0: 3 0x800068c2 (0x6b69) x22 0x0001a000
core   0: 0x800068c4 (0x7b8e0893) addi    a7, t3, 1976
core   0: 3 0x800068c4 (0x7b8e0893) x17 0x79aa37b8
core   0: 0x800068c8 (0x001ea223) sw      ra, 4(t4)
core   0: 3 0x800068c8 (0x001ea223) mem 0x80025e44 0x800067d4
core   0: 0x800068cc (0x00006131) c.addi16sp sp, 320
core   0: 3 0x800068cc (0x6131) x2  0x00000140
core   0: 0x800068ce (0x00c05a33) srl     s4, zero, a2
core   0: 3 0x800068ce (0x00c05a33) x20 0x00000000
core   0: 0x800068d2 (0x00008299) c.srli  a3, 6
core   0: 3 0x800068d2 (0x8299) x13 0x03ffffff
core   0: 0x800068d4 (0x01f65963) bge     a2, t6, pc + 18
core   0: 3 0x800068d4 (0x01f65963)
core   0: 0x800068e6 (0x425000ef) jal     pc + 0xc24
core   0: 3 0x800068e6 (0x425000ef) x1  0x800068ea
core   0: 0x8000750a (0x00009256) c.add   tp, s5
core   0: 3 0x8000750a (0x9256) x4  0x00000006
core   0: 0x8000750c (0x41835213) srai    tp, t1, 24
core   0: 3 0x8000750c (0x41835213) x4  0xffffffff
core   0: 0x80007510 (0xa4d0ea13) ori     s4, ra, -1459
core   0: 3 0x80007510 (0xa4d0ea13) x20 0xfffffaef
core   0: 0x80007514 (0x02868333) mul     t1, a3, s0
core   0: 3 0x80007514 (0x02868333) x6  0xfc000001
core   0: 0x80007518 (0x00001ea1) c.addi  t4, -24
core   0: 3 0x80007518 (0x1ea1) x29 0x80025e28
core   0: 0x8000751a (0x001ea223) sw      ra, 4(t4)
core   0: 3 0x8000751a (0x001ea223) mem 0x80025e2c 0x800068ea
core   0: 0x8000751e (0x00c42233) slt     tp, s0, a2
core   0: 3 0x8000751e (0x00c42233) x4  0x00000001
core   0: 0x80007522 (0xc6c7a497) auipc   s1, 0xc6c7a
core   0: 3 0x80007522 (0xc6c7a497) x9  0x46c81522
core   0: 0x80007526 (0x02122233) mulhsu  tp, tp, ra
core   0: 3 0x80007526 (0x02122233) x4  0x00000000
core   0: 0x8000752a (0x00004d21) c.li    s10, 8
core   0: 3 0x8000752a (0x4d21) x26 0x00000008
core   0: 0x8000752c (0x000063c5) c.lui   t2, 0x11
core   0: 3 0x8000752c (0x63c5) x7  0x00011000
core   0: 0x8000752e (0x00004b1d) c.li    s6, 7
core   0: 3 0x8000752e (0x4b1d) x22 0x00000007
core   0: 0x80007530 (0x4093d593) srai    a1, t2, 9
core   0: 3 0x80007530 (0x4093d593) x11 0x00000088
core   0: 0x80007534 (0x00008cc9) c.or    s1, a0
core   0: 3 0x80007534 (0x8cc9) x9  0x46c97532
core   0: 0x80007536 (0x00008409) c.srai  s0, 2
core   0: 3 0x80007536 (0x8409) x8  0xffffffff
core   0: 0x80007538 (0x0000614d) c.addi16sp sp, 176
core   0: 3 0x80007538 (0x614d) x2  0x000001f0
core   0: 0x8000753a (0x00001d69) c.addi  s10, -6
core   0: 3 0x8000753a (0x1d69) x26 0x00000002
core   0: 0x8000753c (0xff6d7ce3) bgeu    s10, s6, pc - 8
core   0: 3 0x8000753c (0xff6d7ce3)
core   0: 0x80007540 (0x03954013) xori    zero, a0, 57
core   0: 3 0x80007540 (0x03954013)
core   0: 0x80007544 (0x034000ef) jal     pc + 0x34
core   0: 3 0x80007544 (0x034000ef) x1  0x80007548
core   0: 0x80007578 (0x0000bff1) c.j     pc - 36
core   0: 3 0x80007578 (0xbff1)
core   0: 0x80007554 (0x006000ef) jal     pc + 0x6
core   0: 3 0x80007554 (0x006000ef) x1  0x80007558
core   0: 0x8000755a (0x0000bfdd) c.j     pc - 10
core   0: 3 0x8000755a (0xbfdd)
core   0: 0x80007550 (0x0000bff5) c.j     pc - 4
core   0: 3 0x80007550 (0xbff5)
core   0: 0x8000754c (0x00002829) c.jal   pc + 26
core   0: 3 0x8000754c (0x2829) x1  0x8000754e
core   0: 0x80007566 (0xfe9ff36f) jal     t1, pc - 0x18
core   0: 3 0x80007566 (0xfe9ff36f) x6  0x8000756a
core   0: 0x8000754e (0x0000a005) c.j     pc + 32
core   0: 3 0x8000754e (0xa005)
core   0: 0x8000756e (0x0000a011) c.j     pc + 4
core   0: 3 0x8000756e (0xa011)
core   0: 0x80007572 (0x00002009) c.jal   pc + 2
core   0: 3 0x80007572 (0x2009) x1  0x80007574
core   0: 0x80007574 (0x008000ef) jal     pc + 0x8
core   0: 3 0x80007574 (0x008000ef) x1  0x80007578
core   0: 0x8000757c (0x0000bfd9) c.j     pc - 42
core   0: 3 0x8000757c (0xbfd9)
core   0: 0x80007552 (0x00003fe5) c.jal   pc - 8
core   0: 3 0x80007552 (0x3fe5) x1  0x80007554
core   0: 0x8000754a (0x00002815) c.jal   pc + 52
core   0: 3 0x8000754a (0x2815) x1  0x8000754c
core   0: 0x8000757e (0x0000bff5) c.j     pc - 4
core   0: 3 0x8000757e (0xbff5)
core   0: 0x8000757a (0x0000bfdd) c.j     pc - 10
core   0: 3 0x8000757a (0xbfdd)
core   0: 0x80007570 (0x00003ff5) c.jal   pc - 4
core   0: 3 0x80007570 (0x3ff5) x1  0x80007572
core   0: 0x8000756c (0x0000bfc5) c.j     pc - 16
core   0: 3 0x8000756c (0xbfc5)
core   0: 0x8000755c (0x004000ef) jal     pc + 0x4
core   0: 3 0x8000755c (0x004000ef) x1  0x80007560
core   0: 0x80007560 (0xff9ff0ef) jal     pc - 0x8
core   0: 3 0x80007560 (0xff9ff0ef) x1  0x80007564
core   0: 0x80007558 (0x0000bfc5) c.j     pc - 16
core   0: 3 0x80007558 (0xbfc5)
core   0: 0x80007548 (0x0000a831) c.j     pc + 28
core   0: 3 0x80007548 (0xa831)
core   0: 0x80007564 (0x00002831) c.jal   pc + 28
core   0: 3 0x80007564 (0x2831) x1  0x80007566
core   0: 0x80007580 (0x0000b7ed) c.j     pc - 22
core   0: 3 0x80007580 (0xb7ed)
core   0: 0x8000756a (0x0000a821) c.j     pc + 24
core   0: 3 0x8000756a (0xa821)
core   0: 0x80007582 (0x00009b7d) c.andi  a4, -1
core   0: 3 0x80007582 (0x9b7d) x14 0xfff00000
core   0: 0x80007584 (0x0000a697) auipc   a3, 0xa
core   0: 3 0x80007584 (0x0000a697) x13 0x80011584
core   0: 0x80007588 (0x97568693) addi    a3, a3, -1675
core   0: 3 0x80007588 (0x97568693) x13 0x80010ef9
core   0: 0x8000758c (0x037699a3) sh      s7, 51(a3)
core   0: 3 0x8000758c (0x037699a3) mem 0x80010f2c 0x0000
core   0: 0x80007590 (0x00008351) c.srli  a4, 20
core   0: 3 0x80007590 (0x8351) x14 0x00000fff
core   0: 0x80007592 (0x0252dcb3) divu    s9, t0, t0
core   0: 3 0x80007592 (0x0252dcb3) x25 0xffffffff
core   0: 0x80007596 (0xfdd695a3) sh      t4, -53(a3)
core   0: 3 0x80007596 (0xfdd695a3) mem 0x80010ec4 0x5e28
core   0: 0x8000759a (0x0156b833) sltu    a6, a3, s5
core   0: 3 0x8000759a (0x0156b833) x16 0x00000000
core   0: 0x8000759e (0x00969083) lh      ra, 9(a3)
core   0: 3 0x8000759e (0x00969083) x1  0x00000000 mem 0x80010f02
core   0: 0x800075a2 (0x01a681a3) sb      s10, 3(a3)
core   0: 3 0x800075a2 (0x01a681a3) mem 0x80010efc 0x02
core   0: 0x800075a6 (0xfdc6cd03) lbu     s10, -36(a3)
core   0: 3 0x800075a6 (0xfdc6cd03) x26 0x000000ff mem 0x80010ed5
core   0: 0x800075aa (0x02e68623) sb      a4, 44(a3)
core   0: 3 0x800075aa (0x02e68623) mem 0x80010f25 0xff
core   0: 0x800075ae (0xfe46cc83) lbu     s9, -28(a3)
core   0: 3 0x800075ae (0xfe46cc83) x25 0x00000000 mem 0x80010edd
core   0: 0x800075b2 (0x02268223) sb      sp, 36(a3)
core   0: 3 0x800075b2 (0x02268223) mem 0x80010f1d 0xf0
core   0: 0x800075b6 (0xfee68d03) lb      s10, -18(a3)
core   0: 3 0x800075b6 (0xfee68d03) x26 0x00000000 mem 0x80010ee7
core   0: 0x800075ba (0x00aa1613) slli    a2, s4, 10
core   0: 3 0x800075ba (0x00aa1613) x12 0xffebbc00
core   0: 0x800075be (0xfee6a9a3) sw      a4, -13(a3)
core   0: 3 0x800075be (0xfee6a9a3) mem 0x80010eec 0x00000fff
core   0: 0x800075c2 (0x00e6c403) lbu     s0, 14(a3)
core   0: 3 0x800075c2 (0x00e6c403) x8  0x00000000 mem 0x80010f07
core   0: 0x800075c6 (0x01568c23) sb      s5, 24(a3)
core   0: 3 0x800075c6 (0x01568c23) mem 0x80010f11 0x08
core   0: 0x800075ca (0x02468983) lb      s3, 36(a3)
core   0: 3 0x800075ca (0x02468983) x19 0xfffffff0 mem 0x80010f1d
core   0: 0x800075ce (0xfce683a3) sb      a4, -57(a3)
core   0: 3 0x800075ce (0xfce683a3) mem 0x80010ec0 0xff
core   0: 0x800075d2 (0x00008c85) c.sub   s1, s1
core   0: 3 0x800075d2 (0x8c85) x9  0x00000000
core   0: 0x800075d4 (0x00006261) c.lui   tp, 0x18
core   0: 3 0x800075d4 (0x6261) x4  0x00018000
core   0: 0x800075d6 (0x0000867d) c.srai  a2, 31
core   0: 3 0x800075d6 (0x867d) x12 0xffffffff
core   0: 0x800075d8 (0x02f690a3) sh      a5, 33(a3)
core   0: 3 0x800075d8 (0x02f690a3) mem 0x80010f1a 0x0000
core   0: 0x800075dc (0x01a68983) lb      s3, 26(a3)
core   0: 3 0x800075dc (0x01a68983) x19 0x00000000 mem 0x80010f13
core   0: 0x800075e0 (0xfd868883) lb      a7, -40(a3)
core   0: 3 0x800075e0 (0xfd868883) x17 0x00000000 mem 0x80010ed1
core   0: 0x800075e4 (0xff668523) sb      s6, -22(a3)
core   0: 3 0x800075e4 (0xff668523) mem 0x80010ee3 0x07
core   0: 0x800075e8 (0x00008d79) c.and   a0, a4
core   0: 3 0x800075e8 (0x8d79) x10 0x00000110
core   0: 0x800075ea (0xfff6a703) lw      a4, -1(a3)
core   0: 3 0x800075ea (0xfff6a703) x14 0x00000000 mem 0x80010ef8
core   0: 0x800075ee (0xfff68923) sb      t6, -14(a3)
core   0: 3 0x800075ee (0xfff68923) mem 0x80010eeb 0x00
core   0: 0x800075f2 (0x0086c083) lbu     ra, 8(a3)
core   0: 3 0x800075f2 (0x0086c083) x1  0x00000000 mem 0x80010f01
core   0: 0x800075f6 (0x00008d85) c.sub   a1, s1
core   0: 3 0x800075f6 (0x8d85) x11 0x00000088
core   0: 0x800075f8 (0x022690a3) sh      sp, 33(a3)
core   0: 3 0x800075f8 (0x022690a3) mem 0x80010f1a 0x01f0
core   0: 0x800075fc (0x0346cb03) lbu     s6, 52(a3)
core   0: 3 0x800075fc (0x0346cb03) x22 0x00000000 mem 0x80010f2d
core   0: 0x80007600 (0x00268383) lb      t2, 2(a3)
core   0: 3 0x80007600 (0x00268383) x7  0x00000000 mem 0x80010efb
core   0: 0x80007604 (0x01d49b13) slli    s6, s1, 29
core   0: 3 0x80007604 (0x01d49b13) x22 0x00000000
core   0: 0x80007608 (0x2d5af393) andi    t2, s5, 725
core   0: 3 0x80007608 (0x2d5af393) x7  0x00000000
core   0: 0x8000760c (0xfd268a03) lb      s4, -46(a3)
core   0: 3 0x8000760c (0xfd268a03) x20 0x00000000 mem 0x80010ecb
core   0: 0x80007610 (0xfe268a23) sb      sp, -12(a3)
core   0: 3 0x80007610 (0xfe268a23) mem 0x80010eed 0xf0
core   0: 0x80007614 (0x010512b3) sll     t0, a0, a6
core   0: 3 0x80007614 (0x010512b3) x5  0x00000110
core   0: 0x80007618 (0xfc1680a3) sb      ra, -63(a3)
core   0: 3 0x80007618 (0xfc1680a3) mem 0x80010eba 0x00
core   0: 0x8000761c (0x0086c283) lbu     t0, 8(a3)
core   0: 3 0x8000761c (0x0086c283) x5  0x00000000 mem 0x80010f01
core   0: 0x80007620 (0x427bc293) xori    t0, s7, 1063
core   0: 3 0x80007620 (0x427bc293) x5  0x00000427
core   0: 0x80007624 (0x02e4ba33) mulhu   s4, s1, a4
core   0: 3 0x80007624 (0x02e4ba33) x20 0x00000000
core   0: 0x80007628 (0x02268083) lb      ra, 34(a3)
core   0: 3 0x80007628 (0x02268083) x1  0x00000001 mem 0x80010f1b
core   0: 0x8000762c (0x0206aba3) sw      zero, 55(a3)
core   0: 3 0x8000762c (0x0206aba3) mem 0x80010f30 0x00000000
core   0: 0x80007630 (0x018000ef) jal     pc + 0x18
core   0: 3 0x80007630 (0x018000ef) x1  0x80007634
core   0: 0x80007648 (0x0000bfed) c.j     pc - 6
core   0: 3 0x80007648 (0xbfed)
core   0: 0x80007642 (0x00003ff5) c.jal   pc - 4
core   0: 3 0x80007642 (0x3ff5) x1  0x80007644
core   0: 0x8000763e (0x016000ef) jal     pc + 0x16
core   0: 3 0x8000763e (0x016000ef) x1  0x80007642
core   0: 0x80007654 (0xfe3ff36f) jal     t1, pc - 0x1e
core   0: 3 0x80007654 (0xfe3ff36f) x6  0x80007658
core   0: 0x80007636 (0x0000bffd) c.j     pc - 2
core   0: 3 0x80007636 (0xbffd)
core   0: 0x80007634 (0x0000a021) c.j     pc + 8
core   0: 3 0x80007634 (0xa021)
core   0: 0x8000763c (0x0000bff5) c.j     pc - 4
core   0: 3 0x8000763c (0xbff5)
core   0: 0x80007638 (0x012000ef) jal     pc + 0x12
core   0: 3 0x80007638 (0x012000ef) x1  0x8000763c
core   0: 0x8000764a (0x00003fed) c.jal   pc - 6
core   0: 3 0x8000764a (0x3fed) x1  0x8000764c
core   0: 0x80007644 (0x00002031) c.jal   pc + 12
core   0: 3 0x80007644 (0x2031) x1  0x80007646
core   0: 0x80007650 (0xff7ff0ef) jal     pc - 0xa
core   0: 3 0x80007650 (0xff7ff0ef) x1  0x80007654
core   0: 0x80007646 (0x0000a019) c.j     pc + 6
core   0: 3 0x80007646 (0xa019)
core   0: 0x8000764c (0x0000a009) c.j     pc + 2
core   0: 3 0x8000764c (0xa009)
core   0: 0x8000764e (0x00002029) c.jal   pc + 10
core   0: 3 0x8000764e (0x2029) x1  0x80007650
core   0: 0x80007658 (0xaa432693) slti    a3, t1, -1372
core   0: 3 0x80007658 (0xaa432693) x13 0x00000001
core   0: 0x8000765c (0x00009a17) auipc   s4, 0x9
core   0: 3 0x8000765c (0x00009a17) x20 0x8001065c
core   0: 0x80007660 (0x3eea0a13) addi    s4, s4, 1006
core   0: 3 0x80007660 (0x3eea0a13) x20 0x80010a4a
core   0: 0x80007664 (0x2f9a4383) lbu     t2, 761(s4)
core   0: 3 0x80007664 (0x2f9a4383) x7  0x00000000 mem 0x80010d43
core   0: 0x80007668 (0x01734db3) xor     s11, t1, s7
core   0: 3 0x80007668 (0x01734db3) x27 0x80007658
core   0: 0x8000766c (0x00008e4d) c.or    a2, a1
core   0: 3 0x8000766c (0x8e4d) x12 0xffffffff
core   0: 0x8000766e (0x00008f91) c.sub   a5, a2
core   0: 3 0x8000766e (0x8f91) x15 0x00000001
core   0: 0x80007670 (0x2f9a4c83) lbu     s9, 761(s4)
core   0: 3 0x80007670 (0x2f9a4c83) x25 0x00000000 mem 0x80010d43
core   0: 0x80007674 (0x2f5a0ca3) sb      s5, 761(s4)
core   0: 3 0x80007674 (0x2f5a0ca3) mem 0x80010d43 0x08
core   0: 0x80007678 (0x2f9a0283) lb      t0, 761(s4)
core   0: 3 0x80007678 (0x2f9a0283) x5  0x00000008 mem 0x80010d43
core   0: 0x8000767c (0x2f9a0503) lb      a0, 761(s4)
core   0: 3 0x8000767c (0x2f9a0503) x10 0x00000008 mem 0x80010d43
core   0: 0x80007680 (0x2f9a0b03) lb      s6, 761(s4)
core   0: 3 0x80007680 (0x2f9a0b03) x22 0x00000008 mem 0x80010d43
core   0: 0x80007684 (0x2f9a0003) lb      zero, 761(s4)
core   0: 3 0x80007684 (0x2f9a0003) mem 0x80010d43
core   0: 0x80007688 (0x5fba01a3) sb      s11, 1507(s4)
core   0: 3 0x80007688 (0x5fba01a3) mem 0x8001102d 0x58
core   0: 0x8000768c (0x5eea01a3) sb      a4, 1507(s4)
core   0: 3 0x8000768c (0x5eea01a3) mem 0x8001102d 0x00
core   0: 0x80007690 (0x6f9057b7) lui     a5, 0x6f905
core   0: 3 0x80007690 (0x6f9057b7) x15 0x6f905000
core   0: 0x80007694 (0x00008cfe) c.mv    s9, t6
core   0: 3 0x80007694 (0x8cfe) x25 0x00000000
core   0: 0x80007696 (0x5e3a4283) lbu     t0, 1507(s4)
core   0: 3 0x80007696 (0x5e3a4283) x5  0x00000000 mem 0x8001102d
core   0: 0x8000769a (0x5e3a0783) lb      a5, 1507(s4)
core   0: 3 0x8000769a (0x5e3a0783) x15 0x00000000 mem 0x8001102d
core   0: 0x8000769e (0x82fa1a23) sh      a5, -1996(s4)
core   0: 3 0x8000769e (0x82fa1a23) mem 0x8001027e 0x0000
core   0: 0x800076a2 (0xd5da0c83) lb      s9, -675(s4)
core   0: 3 0x800076a2 (0xd5da0c83) x25 0x00000000 mem 0x800107a7
core   0: 0x800076a6 (0xd5da4003) lbu     zero, -675(s4)
core   0: 3 0x800076a6 (0xd5da4003) mem 0x800107a7
core   0: 0x800076aa (0xb5c0ce13) xori    t3, ra, -1188
core   0: 3 0x800076aa (0xb5c0ce13) x28 0x7fff8d0c
core   0: 0x800076ae (0xd5da4983) lbu     s3, -675(s4)
core   0: 3 0x800076ae (0xd5da4983) x19 0x00000000 mem 0x800107a7
core   0: 0x800076b2 (0xef7a4703) lbu     a4, -265(s4)
core   0: 3 0x800076b2 (0xef7a4703) x14 0x00000000 mem 0x80010941
core   0: 0x800076b6 (0x0000f997) auipc   s3, 0xf
core   0: 3 0x800076b6 (0x0000f997) x19 0x800166b6
core   0: 0x800076ba (0xd9798993) addi    s3, s3, -617
core   0: 3 0x800076ba (0xd9798993) x19 0x8001644d
core   0: 0x800076be (0x00006533) or      a0, zero, zero
core   0: 3 0x800076be (0x00006533) x10 0x00000000
core   0: 0x800076c2 (0x00008d29) c.xor   a0, a0
core   0: 3 0x800076c2 (0x8d29) x10 0x00000000
core   0: 0x800076c4 (0xff79d283) lhu     t0, -9(s3)
core   0: 3 0x800076c4 (0xff79d283) x5  0x00000000 mem 0x80016444
core   0: 0x800076c8 (0x005981a3) sb      t0, 3(s3)
core   0: 3 0x800076c8 (0x005981a3) mem 0x80016450 0x00
core   0: 0x800076cc (0xfe098ca3) sb      zero, -7(s3)
core   0: 3 0x800076cc (0xfe098ca3) mem 0x80016446 0x00
core   0: 0x800076d0 (0x005985a3) sb      t0, 11(s3)
core   0: 3 0x800076d0 (0x005985a3) mem 0x80016458 0x00
core   0: 0x800076d4 (0x000e50b3) srl     ra, t3, zero
core   0: 3 0x800076d4 (0x000e50b3) x1  0x7fff8d0c
core   0: 0x800076d8 (0x00000001) c.nop
core   0: 3 0x800076d8 (0x0001)
core   0: 0x800076da (0x00c98503) lb      a0, 12(s3)
core   0: 3 0x800076da (0x00c98503) x10 0x00000000 mem 0x80016459
core   0: 0x800076de (0xfe5999a3) sh      t0, -13(s3)
core   0: 3 0x800076de (0xfe5999a3) mem 0x80016440 0x0000
core   0: 0x800076e2 (0x0059de03) lhu     t3, 5(s3)
core   0: 3 0x800076e2 (0x0059de03) x28 0x00000000 mem 0x80016452
core   0: 0x800076e6 (0x00898003) lb      zero, 8(s3)
core   0: 3 0x800076e6 (0x00898003) mem 0x80016455
core   0: 0x800076ea (0x00198123) sb      ra, 2(s3)
core   0: 3 0x800076ea (0x00198123) mem 0x8001644f 0x0c
core   0: 0x800076ee (0xfe198c23) sb      ra, -8(s3)
core   0: 3 0x800076ee (0xfe198c23) mem 0x80016445 0x0c
core   0: 0x800076f2 (0xff999c03) lh      s8, -7(s3)
core   0: 3 0x800076f2 (0xff999c03) x24 0x00000000 mem 0x80016446
core   0: 0x800076f6 (0x00f9a283) lw      t0, 15(s3)
core   0: 3 0x800076f6 (0x00f9a283) x5  0x00000000 mem 0x8001645c
core   0: 0x800076fa (0xfe598c23) sb      t0, -8(s3)
core   0: 3 0x800076fa (0xfe598c23) mem 0x80016445 0x00
core   0: 0x800076fe (0x00ac5c33) srl     s8, s8, a0
core   0: 3 0x800076fe (0x00ac5c33) x24 0x00000000
core   0: 0x80007702 (0x0012a0b3) slt     ra, t0, ra
core   0: 3 0x80007702 (0x0012a0b3) x1  0x00000001
core   0: 0x80007706 (0x0150d093) srli    ra, ra, 21
core   0: 3 0x80007706 (0x0150d093) x1  0x00000000
core   0: 0x8000770a (0x6abe4093) xori    ra, t3, 1707
core   0: 3 0x8000770a (0x6abe4093) x1  0x000006ab
core   0: 0x8000770e (0xff898823) sb      s8, -16(s3)
core   0: 3 0x8000770e (0xff898823) mem 0x8001643d 0x00
core   0: 0x80007712 (0xffb9cc03) lbu     s8, -5(s3)
core   0: 3 0x80007712 (0xffb9cc03) x24 0x00000000 mem 0x80016448
core   0: 0x80007716 (0xffe98503) lb      a0, -2(s3)
core   0: 3 0x80007716 (0xffe98503) x10 0x00000000 mem 0x8001644b
core   0: 0x8000771a (0x00398283) lb      t0, 3(s3)
core   0: 3 0x8000771a (0x00398283) x5  0x00000000 mem 0x80016450
core   0: 0x8000771e (0xfe598823) sb      t0, -16(s3)
core   0: 3 0x8000771e (0xfe598823) mem 0x8001643d 0x00
core   0: 0x80007722 (0x0029c083) lbu     ra, 2(s3)
core   0: 3 0x80007722 (0x0029c083) x1  0x0000000c mem 0x8001644f
core   0: 0x80007726 (0xff09c283) lbu     t0, -16(s3)
core   0: 3 0x80007726 (0xff09c283) x5  0x00000000 mem 0x8001643d
core   0: 0x8000772a (0xff098503) lb      a0, -16(s3)
core   0: 3 0x8000772a (0xff098503) x10 0x00000000 mem 0x8001643d
core   0: 0x8000772e (0x00009296) c.add   t0, t0
core   0: 3 0x8000772e (0x9296) x5  0x00000000
core   0: 0x80007730 (0x00001e7d) c.addi  t3, -1
core   0: 3 0x80007730 (0x1e7d) x28 0xffffffff
core   0: 0x80007732 (0x5b834e17) auipc   t3, 0x5b834
core   0: 3 0x80007732 (0x5b834e17) x28 0xdb83b732
core   0: 0x80007736 (0xff498283) lb      t0, -12(s3)
core   0: 3 0x80007736 (0xff498283) x5  0x00000000 mem 0x80016441
core   0: 0x8000773a (0xff498c03) lb      s8, -12(s3)
core   0: 3 0x8000773a (0xff498c03) x24 0x00000000 mem 0x80016441
core   0: 0x8000773e (0x0002b533) sltu    a0, t0, zero
core   0: 3 0x8000773e (0x0002b533) x10 0x00000000
core   0: 0x80007742 (0xffe9cc03) lbu     s8, -2(s3)
core   0: 3 0x80007742 (0xffe9cc03) x24 0x00000000 mem 0x8001644b
core   0: 0x80007746 (0xfea9ada3) sw      a0, -5(s3)
core   0: 3 0x80007746 (0xfea9ada3) mem 0x80016448 0x00000000
core   0: 0x8000774a (0x0069c503) lbu     a0, 6(s3)
core   0: 3 0x8000774a (0x0069c503) x10 0x00000000 mem 0x80016453
core   0: 0x8000774e (0x0250f2b3) remu    t0, ra, t0
core   0: 3 0x8000774e (0x0250f2b3) x5  0x0000000c
core   0: 0x80007752 (0xff49cc03) lbu     s8, -12(s3)
core   0: 3 0x80007752 (0xff49cc03) x24 0x00000000 mem 0x80016441
core   0: 0x80007756 (0x00598283) lb      t0, 5(s3)
core   0: 3 0x80007756 (0x00598283) x5  0x00000000 mem 0x80016452
core   0: 0x8000775a (0x1ed56293) ori     t0, a0, 493
core   0: 3 0x8000775a (0x1ed56293) x5  0x000001ed
core   0: 0x8000775e (0x00006c65) c.lui   s8, 0x19
core   0: 3 0x8000775e (0x6c65) x24 0x00019000
core   0: 0x80007760 (0x020e60b3) rem     ra, t3, zero
core   0: 3 0x80007760 (0x020e60b3) x1  0xdb83b732
core   0: 0x80007764 (0x00d9d503) lhu     a0, 13(s3)
core   0: 3 0x80007764 (0x00d9d503) x10 0x00000000 mem 0x8001645a
core   0: 0x80007768 (0xff89c283) lbu     t0, -8(s3)
core   0: 3 0x80007768 (0xff89c283) x5  0x00000000 mem 0x80016445
core   0: 0x8000776c (0x00009317) auipc   t1, 0x9
core   0: 3 0x8000776c (0x00009317) x6  0x8001076c
core   0: 0x80007770 (0x6d730313) addi    t1, t1, 1751
core   0: 3 0x80007770 (0x6d730313) x6  0x80010e43
core   0: 0x80007774 (0x41ed5133) sra     sp, s10, t5
core   0: 3 0x80007774 (0x41ed5133) x2  0x00000000
core   0: 0x80007778 (0xfef34203) lbu     tp, -17(t1)
core   0: 3 0x80007778 (0xfef34203) x4  0x00000000 mem 0x80010e32
core   0: 0x8000777c (0xfcc30d23) sb      a2, -38(t1)
core   0: 3 0x8000777c (0xfcc30d23) mem 0x80010e1d 0xff
core   0: 0x80007780 (0xfd834083) lbu     ra, -40(t1)
core   0: 3 0x80007780 (0xfd834083) x1  0x00000000 mem 0x80010e1b
core   0: 0x80007784 (0x03330c03) lb      s8, 51(t1)
core   0: 3 0x80007784 (0x03330c03) x24 0x00000001 mem 0x80010e76
core   0: 0x80007788 (0x02d319a3) sh      a3, 51(t1)
core   0: 3 0x80007788 (0x02d319a3) mem 0x80010e76 0x0001
core   0: 0x8000778c (0xffe30c23) sb      t5, -8(t1)
core   0: 3 0x8000778c (0xffe30c23) mem 0x80010e3b 0x24
core   0: 0x80007790 (0xffe30523) sb      t5, -22(t1)
core   0: 3 0x80007790 (0xffe30523) mem 0x80010e2d 0x24
core   0: 0x80007794 (0xfee30523) sb      a4, -22(t1)
core   0: 3 0x80007794 (0xfee30523) mem 0x80010e2d 0x00
core   0: 0x80007798 (0x0053da33) srl     s4, t2, t0
core   0: 3 0x80007798 (0x0053da33) x20 0x00000000
core   0: 0x8000779c (0xfe130b03) lb      s6, -31(t1)
core   0: 3 0x8000779c (0xfe130b03) x22 0x00000024 mem 0x80010e24
core   0: 0x800077a0 (0x000056fd) c.li    a3, -1
core   0: 3 0x800077a0 (0x56fd) x13 0xffffffff
core   0: 0x800077a2 (0xfe131b83) lh      s7, -31(t1)
core   0: 3 0x800077a2 (0xfe131b83) x23 0xffff9d24 mem 0x80010e24
core   0: 0x800077a6 (0x00013617) auipc   a2, 0x13
core   0: 3 0x800077a6 (0x00013617) x12 0x8001a7a6
core   0: 0x800077aa (0xfd960613) addi    a2, a2, -39
core   0: 3 0x800077aa (0xfd960613) x12 0x8001a77f
core   0: 0x800077ae (0x00296e33) or      t3, s2, sp
core   0: 3 0x800077ae (0x00296e33) x28 0x000005f4
core   0: 0x800077b2 (0xfff65403) lhu     s0, -1(a2)
core   0: 3 0x800077b2 (0xfff65403) x8  0x00000000 mem 0x8001a77e
core   0: 0x800077b6 (0x006ebb33) sltu    s6, t4, t1
core   0: 3 0x800077b6 (0x006ebb33) x22 0x00000000
core   0: 0x800077ba (0x00008331) c.srli  a4, 12
core   0: 3 0x800077ba (0x8331) x14 0x00000000
core   0: 0x800077bc (0x01560c03) lb      s8, 21(a2)
core   0: 3 0x800077bc (0x01560c03) x24 0x00000000 mem 0x8001a794
core   0: 0x800077c0 (0x0067f933) and     s2, a5, t1
core   0: 3 0x800077c0 (0x0067f933) x18 0x00000000
core   0: 0x800077c4 (0x00000001) c.nop
core   0: 3 0x800077c4 (0x0001)
core   0: 0x800077c6 (0x03860403) lb      s0, 56(a2)
core   0: 3 0x800077c6 (0x03860403) x8  0x00000000 mem 0x8001a7b7
core   0: 0x800077ca (0xffa60683) lb      a3, -6(a2)
core   0: 3 0x800077ca (0xffa60683) x13 0x00000000 mem 0x8001a779
core   0: 0x800077ce (0x02961ba3) sh      s1, 55(a2)
core   0: 3 0x800077ce (0x02961ba3) mem 0x8001a7b6 0x0000
core   0: 0x800077d2 (0x01460423) sb      s4, 8(a2)
core   0: 3 0x800077d2 (0x01460423) mem 0x8001a787 0x00
core   0: 0x800077d6 (0x01019db3) sll     s11, gp, a6
core   0: 3 0x800077d6 (0x01019db3) x27 0xbf4227b8
core   0: 0x800077da (0x02e615a3) sh      a4, 43(a2)
core   0: 3 0x800077da (0x02e615a3) mem 0x8001a7aa 0x0000
core   0: 0x800077de (0xfc165c83) lhu     s9, -63(a2)
core   0: 3 0x800077de (0xfc165c83) x25 0x00000000 mem 0x8001a740
core   0: 0x800077e2 (0x02e619a3) sh      a4, 51(a2)
core   0: 3 0x800077e2 (0x02e619a3) mem 0x8001a7b2 0x0000
core   0: 0x800077e6 (0x00e15793) srli    a5, sp, 14
core   0: 3 0x800077e6 (0x00e15793) x15 0x00000000
core   0: 0x800077ea (0x00864c83) lbu     s9, 8(a2)
core   0: 3 0x800077ea (0x00864c83) x25 0x00000000 mem 0x8001a787
core   0: 0x800077ee (0x88407d13) andi    s10, zero, -1916
core   0: 3 0x800077ee (0x88407d13) x26 0x00000000
core   0: 0x800077f2 (0x02a64883) lbu     a7, 42(a2)
core   0: 3 0x800077f2 (0x02a64883) x17 0x00000000 mem 0x8001a7a9
core   0: 0x800077f6 (0x03e64383) lbu     t2, 62(a2)
core   0: 3 0x800077f6 (0x03e64383) x7  0x00000000 mem 0x8001a7bd
core   0: 0x800077fa (0xfd060f83) lb      t6, -48(a2)
core   0: 3 0x800077fa (0xfd060f83) x31 0x00000000 mem 0x8001a74f
core   0: 0x800077fe (0xfd161703) lh      a4, -47(a2)
core   0: 3 0x800077fe (0xfd161703) x14 0x00000000 mem 0x8001a750
core   0: 0x80007802 (0x010614a3) sh      a6, 9(a2)
core   0: 3 0x80007802 (0x010614a3) mem 0x8001a788 0x0000
core   0: 0x80007806 (0x00008a6a) c.mv    s4, s10
core   0: 3 0x80007806 (0x8a6a) x20 0x00000000
core   0: 0x80007808 (0x00d4e233) or      tp, s1, a3
core   0: 3 0x80007808 (0x00d4e233) x4  0x00000000
core   0: 0x8000780c (0x00008f71) c.and   a4, a2
core   0: 3 0x8000780c (0x8f71) x14 0x00000000
core   0: 0x8000780e (0x027d2733) mulhsu  a4, s10, t2
core   0: 3 0x8000780e (0x027d2733) x14 0x00000000
core   0: 0x80007812 (0x03dcf9b3) remu    s3, s9, t4
core   0: 3 0x80007812 (0x03dcf9b3) x19 0x00000000
core   0: 0x80007816 (0x02f64c03) lbu     s8, 47(a2)
core   0: 3 0x80007816 (0x02f64c03) x24 0x00000000 mem 0x8001a7ae
core   0: 0x8000781a (0x03960283) lb      t0, 57(a2)
core   0: 3 0x8000781a (0x03960283) x5  0x00000000 mem 0x8001a7b8
core   0: 0x8000781e (0xfec64403) lbu     s0, -20(a2)
core   0: 3 0x8000781e (0xfec64403) x8  0x00000000 mem 0x8001a76b
core   0: 0x80007822 (0x00008785) c.srai  a5, 1
core   0: 3 0x80007822 (0x8785) x15 0x00000000
core   0: 0x80007824 (0x01064b03) lbu     s6, 16(a2)
core   0: 3 0x80007824 (0x01064b03) x22 0x00000000 mem 0x8001a78f
core   0: 0x80007828 (0x03e680b3) mul     ra, a3, t5
core   0: 3 0x80007828 (0x03e680b3) x1  0x00000000
core   0: 0x8000782c (0xfea60c03) lb      s8, -22(a2)
core   0: 3 0x8000782c (0xfea60c03) x24 0x00000000 mem 0x8001a769
core   0: 0x80007830 (0x021404b3) mul     s1, s0, ra
core   0: 3 0x80007830 (0x021404b3) x9  0x00000000
core   0: 0x80007834 (0x00d60483) lb      s1, 13(a2)
core   0: 3 0x80007834 (0x00d60483) x9  0x00000000 mem 0x8001a78c
core   0: 0x80007838 (0x00764383) lbu     t2, 7(a2)
core   0: 3 0x80007838 (0x00764383) x7  0x00000000 mem 0x8001a786
core   0: 0x8000783c (0x00d35d33) srl     s10, t1, a3
core   0: 3 0x8000783c (0x00d35d33) x26 0x80010e43
core   0: 0x80007840 (0xfe4615a3) sh      tp, -21(a2)
core   0: 3 0x80007840 (0xfe4615a3) mem 0x8001a76a 0x0000
core   0: 0x80007844 (0x95e1a913) slti    s2, gp, -1698
core   0: 3 0x80007844 (0x95e1a913) x18 0x00000001
core   0: 0x80007848 (0xdb8f6713) ori     a4, t5, -584
core   0: 3 0x80007848 (0xdb8f6713) x14 0xfffffdbc
core   0: 0x8000784c (0x01a41a33) sll     s4, s0, s10
core   0: 3 0x8000784c (0x01a41a33) x20 0x00000000
core   0: 0x80007850 (0x02dbd933) divu    s2, s7, a3
core   0: 3 0x80007850 (0x02dbd933) x18 0xffffffff
core   0: 0x80007854 (0xff464683) lbu     a3, -12(a2)
core   0: 3 0x80007854 (0xff464683) x13 0x00000000 mem 0x8001a773
core   0: 0x80007858 (0x03b61083) lh      ra, 59(a2)
core   0: 3 0x80007858 (0x03b61083) x1  0x00000000 mem 0x8001a7ba
core   0: 0x8000785c (0x00009717) auipc   a4, 0x9
core   0: 3 0x8000785c (0x00009717) x14 0x8001085c
core   0: 0x80007860 (0xa7f70713) addi    a4, a4, -1409
core   0: 3 0x80007860 (0xa7f70713) x14 0x800102db
core   0: 0x80007864 (0x05570483) lb      s1, 85(a4)
core   0: 3 0x80007864 (0x05570483) x9  0x00000000 mem 0x80010330
core   0: 0x80007868 (0x02cc77b3) remu    a5, s8, a2
core   0: 3 0x80007868 (0x02cc77b3) x15 0x00000000
core   0: 0x8000786c (0x07a70c03) lb      s8, 122(a4)
core   0: 3 0x8000786c (0x07a70c03) x24 0x00000000 mem 0x80010355
core   0: 0x80007870 (0x08d712a3) sh      a3, 133(a4)
core   0: 3 0x80007870 (0x08d712a3) mem 0x80010360 0x0000
core   0: 0x80007874 (0xf8074683) lbu     a3, -128(a4)
core   0: 3 0x80007874 (0xf8074683) x13 0x00000000 mem 0x8001025b
core   0: 0x80007878 (0xf6674d83) lbu     s11, -154(a4)
core   0: 3 0x80007878 (0xf6674d83) x27 0x00000000 mem 0x80010241
core   0: 0x8000787c (0x08d70c03) lb      s8, 141(a4)
core   0: 3 0x8000787c (0x08d70c03) x24 0x00000000 mem 0x80010368
core   0: 0x80007880 (0xfab74d83) lbu     s11, -85(a4)
core   0: 3 0x80007880 (0xfab74d83) x27 0x00000000 mem 0x80010286
core   0: 0x80007884 (0x01670783) lb      a5, 22(a4)
core   0: 3 0x80007884 (0x01670783) x15 0x00000000 mem 0x800102f1
core   0: 0x80007888 (0x00f62c33) slt     s8, a2, a5
core   0: 3 0x80007888 (0x00f62c33) x24 0x00000001
core   0: 0x8000788c (0x0fc74c03) lbu     s8, 252(a4)
core   0: 3 0x8000788c (0x0fc74c03) x24 0x00000080 mem 0x800103d7
core   0: 0x80007890 (0x0187edb3) or      s11, a5, s8
core   0: 3 0x80007890 (0x0187edb3) x27 0x00000080
core   0: 0x80007894 (0x08971ca3) sh      s1, 153(a4)
core   0: 3 0x80007894 (0x08971ca3) mem 0x80010374 0x0000
core   0: 0x80007898 (0x0d670783) lb      a5, 214(a4)
core   0: 3 0x80007898 (0x0d670783) x15 0x00000000 mem 0x800103b1
core   0: 0x8000789c (0x06b71c03) lh      s8, 107(a4)
core   0: 3 0x8000789c (0x06b71c03) x24 0x00000000 mem 0x80010346
core   0: 0x800078a0 (0x03bdb4b3) mulhu   s1, s11, s11
core   0: 3 0x800078a0 (0x03bdb4b3) x9  0x00000000
core   0: 0x800078a4 (0xf5274683) lbu     a3, -174(a4)
core   0: 3 0x800078a4 (0xf5274683) x13 0x00000000 mem 0x8001022d
core   0: 0x800078a8 (0x7abdfd93) andi    s11, s11, 1963
core   0: 3 0x800078a8 (0x7abdfd93) x27 0x00000080
core   0: 0x800078ac (0xf9b70ba3) sb      s11, -105(a4)
core   0: 3 0x800078ac (0xf9b70ba3) mem 0x80010272 0x80
core   0: 0x800078b0 (0x02474783) lbu     a5, 36(a4)
core   0: 3 0x800078b0 (0x02474783) x15 0x00000000 mem 0x800102ff
core   0: 0x800078b4 (0x02d656b3) divu    a3, a2, a3
core   0: 3 0x800078b4 (0x02d656b3) x13 0xffffffff
core   0: 0x800078b8 (0xf8c71da3) sh      a2, -101(a4)
core   0: 3 0x800078b8 (0xf8c71da3) mem 0x80010276 0xa77f
core   0: 0x800078bc (0xf9f75d83) lhu     s11, -97(a4)
core   0: 3 0x800078bc (0xf9f75d83) x27 0x00000000 mem 0x8001027a
core   0: 0x800078c0 (0x0c074783) lbu     a5, 192(a4)
core   0: 3 0x800078c0 (0x0c074783) x15 0x00000000 mem 0x8001039b
core   0: 0x800078c4 (0x04c704a3) sb      a2, 73(a4)
core   0: 3 0x800078c4 (0x04c704a3) mem 0x80010324 0x7f
core   0: 0x800078c8 (0x00006689) c.lui   a3, 0x2
core   0: 3 0x800078c8 (0x6689) x13 0x00002000
core   0: 0x800078ca (0x0d870fa3) sb      s8, 223(a4)
core   0: 3 0x800078ca (0x0d870fa3) mem 0x800103ba 0x00
core   0: 0x800078ce (0x00d61db3) sll     s11, a2, a3
core   0: 3 0x800078ce (0x00d61db3) x27 0x8001a77f
core   0: 0x800078d2 (0x0c074d83) lbu     s11, 192(a4)
core   0: 3 0x800078d2 (0x0c074d83) x27 0x00000000 mem 0x8001039b
core   0: 0x800078d6 (0x00070683) lb      a3, 0(a4)
core   0: 3 0x800078d6 (0x00070683) x13 0x00000000 mem 0x800102db
core   0: 0x800078da (0x09b715a3) sh      s11, 139(a4)
core   0: 3 0x800078da (0x09b715a3) mem 0x80010366 0x0000
core   0: 0x800078de (0x000087a1) c.srai  a5, 8
core   0: 3 0x800078de (0x87a1) x15 0x00000000
core   0: 0x800078e0 (0x05b70823) sb      s11, 80(a4)
core   0: 3 0x800078e0 (0x05b70823) mem 0x8001032b 0x00
core   0: 0x800078e4 (0xf9070603) lb      a2, -112(a4)
core   0: 3 0x800078e4 (0xf9070603) x12 0x00000000 mem 0x8001026b
core   0: 0x800078e8 (0xf9e70c03) lb      s8, -98(a4)
core   0: 3 0x800078e8 (0xf9e70c03) x24 0x00000000 mem 0x80010279
core   0: 0x800078ec (0x04f712a3) sh      a5, 69(a4)
core   0: 3 0x800078ec (0x04f712a3) mem 0x80010320 0x0000
core   0: 0x800078f0 (0x0ec70623) sb      a2, 236(a4)
core   0: 3 0x800078f0 (0x0ec70623) mem 0x800103c7 0x00
core   0: 0x800078f4 (0x03b6e633) rem     a2, a3, s11
core   0: 3 0x800078f4 (0x03b6e633) x12 0x00000000
core   0: 0x800078f8 (0x0af70e23) sb      a5, 188(a4)
core   0: 3 0x800078f8 (0x0af70e23) mem 0x80010397 0x00
core   0: 0x800078fc (0x00009117) auipc   sp, 0x9
core   0: 3 0x800078fc (0x00009117) x2  0x800108fc
core   0: 0x80007900 (0xf3f10113) addi    sp, sp, -193
core   0: 3 0x80007900 (0xf3f10113) x2  0x8001083b
core   0: 0x80007904 (0x00d9c733) xor     a4, s3, a3
core   0: 3 0x80007904 (0x00d9c733) x14 0x00000000
core   0: 0x80007908 (0xfdb11c83) lh      s9, -37(sp)
core   0: 3 0x80007908 (0xfdb11c83) x25 0x00000000 mem 0x80010816
core   0: 0x8000790c (0xfd211da3) sh      s2, -37(sp)
core   0: 3 0x8000790c (0xfd211da3) mem 0x80010816 0xffff
core   0: 0x80007910 (0x01dc1b93) slli    s7, s8, 29
core   0: 3 0x80007910 (0x01dc1b93) x23 0x00000000
core   0: 0x80007914 (0x0000984e) c.add   a6, s3
core   0: 3 0x80007914 (0x984e) x16 0x00000000
core   0: 0x80007916 (0xfca11da3) sh      a0, -37(sp)
core   0: 3 0x80007916 (0xfca11da3) mem 0x80010816 0x0000
core   0: 0x8000791a (0x02cbd2b3) divu    t0, s7, a2
core   0: 3 0x8000791a (0x02cbd2b3) x5  0xffffffff
core   0: 0x8000791e (0xfc210da3) sb      sp, -37(sp)
core   0: 3 0x8000791e (0xfc210da3) mem 0x80010816 0x3b
core   0: 0x80007922 (0xfc411da3) sh      tp, -37(sp)
core   0: 3 0x80007922 (0xfc411da3) mem 0x80010816 0x0000
core   0: 0x80007926 (0xfd311da3) sh      s3, -37(sp)
core   0: 3 0x80007926 (0xfd311da3) mem 0x80010816 0x0000
core   0: 0x8000792a (0xfdb14403) lbu     s0, -37(sp)
core   0: 3 0x8000792a (0xfdb14403) x8  0x00000000 mem 0x80010816
core   0: 0x8000792e (0xfdb15083) lhu     ra, -37(sp)
core   0: 3 0x8000792e (0xfdb15083) x1  0x00000000 mem 0x80010816
core   0: 0x80007932 (0xfd010da3) sb      a6, -37(sp)
core   0: 3 0x80007932 (0xfd010da3) mem 0x80010816 0x00
core   0: 0x80007936 (0xfc714c83) lbu     s9, -57(sp)
core   0: 3 0x80007936 (0xfc714c83) x25 0x00000000 mem 0x80010802
core   0: 0x8000793a (0x01c14083) lbu     ra, 28(sp)
core   0: 3 0x8000793a (0x01c14083) x1  0x00000000 mem 0x80010857
core   0: 0x8000793e (0x01c10083) lb      ra, 28(sp)
core   0: 3 0x8000793e (0x01c10083) x1  0x00000000 mem 0x80010857
core   0: 0x80007942 (0x0000840a) c.mv    s0, sp
core   0: 3 0x80007942 (0x840a) x8  0x8001083b
core   0: 0x80007944 (0x01cffdb3) and     s11, t6, t3
core   0: 3 0x80007944 (0x01cffdb3) x27 0x00000000
core   0: 0x80007948 (0x01c14d83) lbu     s11, 28(sp)
core   0: 3 0x80007948 (0x01c14d83) x27 0x00000000 mem 0x80010857
core   0: 0x8000794c (0x00910e23) sb      s1, 28(sp)
core   0: 3 0x8000794c (0x00910e23) mem 0x80010857 0x00
core   0: 0x80007950 (0x00910e23) sb      s1, 28(sp)
core   0: 3 0x80007950 (0x00910e23) mem 0x80010857 0x00
core   0: 0x80007954 (0x418f5993) srai    s3, t5, 24
core   0: 3 0x80007954 (0x418f5993) x19 0xffffff80
core   0: 0x80007958 (0x01c10583) lb      a1, 28(sp)
core   0: 3 0x80007958 (0x01c10583) x11 0x00000000 mem 0x80010857
core   0: 0x8000795c (0x01210e23) sb      s2, 28(sp)
core   0: 3 0x8000795c (0x01210e23) mem 0x80010857 0xff
core   0: 0x80007960 (0x01c14d83) lbu     s11, 28(sp)
core   0: 3 0x80007960 (0x01c14d83) x27 0x000000ff mem 0x80010857
core   0: 0x80007964 (0x01710e23) sb      s7, 28(sp)
core   0: 3 0x80007964 (0x01710e23) mem 0x80010857 0x00
core   0: 0x80007968 (0x01c10a03) lb      s4, 28(sp)
core   0: 3 0x80007968 (0x01c10a03) x20 0x00000000 mem 0x80010857
core   0: 0x8000796c (0x00009117) auipc   sp, 0x9
core   0: 3 0x8000796c (0x00009117) x2  0x8001096c
core   0: 0x80007970 (0x2b310113) addi    sp, sp, 691
core   0: 3 0x80007970 (0x2b310113) x2  0x80010c1f
core   0: 0x80007974 (0x40005733) sra     a4, zero, zero
core   0: 3 0x80007974 (0x40005733) x14 0x00000000
core   0: 0x80007978 (0x09d12383) lw      t2, 157(sp)
core   0: 3 0x80007978 (0x09d12383) x7  0x00000000 mem 0x80010cbc
core   0: 0x8000797c (0x00008ded) c.and   a1, a1
core   0: 3 0x8000797c (0x8ded) x11 0x00000000
core   0: 0x8000797e (0x000080fd) c.srli  s1, 31
core   0: 3 0x8000797e (0x80fd) x9  0x00000000
core   0: 0x80007980 (0x003054b3) srl     s1, zero, gp
core   0: 3 0x80007980 (0x003054b3) x9  0x00000000
core   0: 0x80007984 (0x40e1d713) srai    a4, gp, 14
core   0: 3 0x80007984 (0x40e1d713) x14 0xfffefd08
core   0: 0x80007988 (0x0234b033) mulhu   zero, s1, gp
core   0: 3 0x80007988 (0x0234b033)
core   0: 0x8000798c (0x524663b7) lui     t2, 0x52466
core   0: 3 0x8000798c (0x524663b7) x7  0x52466000
core   0: 0x80007990 (0xf6f14183) lbu     gp, -145(sp)
core   0: 3 0x80007990 (0xf6f14183) x3  0x00000000 mem 0x80010b8e
core   0: 0x80007994 (0x0d414003) lbu     zero, 212(sp)
core   0: 3 0x80007994 (0x0d414003) mem 0x80010cf3
core   0: 0x80007998 (0xf1b14003) lbu     zero, -229(sp)
core   0: 3 0x80007998 (0xf1b14003) mem 0x80010b3a
core   0: 0x8000799c (0x0000659d) c.lui   a1, 0x7
core   0: 3 0x8000799c (0x659d) x11 0x00007000
core   0: 0x8000799e (0xfd111383) lh      t2, -47(sp)
core   0: 3 0x8000799e (0xfd111383) x7  0x00000000 mem 0x80010bf0
core   0: 0x800079a2 (0x000064c1) c.lui   s1, 0x10
core   0: 3 0x800079a2 (0x64c1) x9  0x00010000
core   0: 0x800079a4 (0xde504013) xori    zero, zero, -539
core   0: 3 0x800079a4 (0xde504013)
core   0: 0x800079a8 (0x00701013) slli    zero, zero, 7
core   0: 3 0x800079a8 (0x00701013)
core   0: 0x800079ac (0x00008ced) c.and   s1, a1
core   0: 3 0x800079ac (0x8ced) x9  0x00000000
core   0: 0x800079ae (0x040111a3) sh      zero, 67(sp)
core   0: 3 0x800079ae (0x040111a3) mem 0x80010c62 0x0000
core   0: 0x800079b2 (0x4927d3b7) lui     t2, 0x4927d
core   0: 3 0x800079b2 (0x4927d3b7) x7  0x4927d000
core   0: 0x800079b6 (0xfe711da3) sh      t2, -5(sp)
core   0: 3 0x800079b6 (0xfe711da3) mem 0x80010c1a 0xd000
core   0: 0x800079ba (0x00902733) slt     a4, zero, s1
core   0: 3 0x800079ba (0x00902733) x14 0x00000000
core   0: 0x800079be (0x02974033) div     zero, a4, s1
core   0: 3 0x800079be (0x02974033)
core   0: 0x800079c2 (0x000085ae) c.mv    a1, a1
core   0: 3 0x800079c2 (0x85ae) x11 0x00007000
core   0: 0x800079c4 (0xf6f11583) lh      a1, -145(sp)
core   0: 3 0x800079c4 (0xf6f11583) x11 0x00000000 mem 0x80010b8e
core   0: 0x800079c8 (0x05d14383) lbu     t2, 93(sp)
core   0: 3 0x800079c8 (0x05d14383) x7  0x000000ff mem 0x80010c7c
core   0: 0x800079cc (0x0ef14703) lbu     a4, 239(sp)
core   0: 3 0x800079cc (0x0ef14703) x14 0x00000000 mem 0x80010d0e
core   0: 0x800079d0 (0x0cd10583) lb      a1, 205(sp)
core   0: 3 0x800079d0 (0x0cd10583) x11 0x00000000 mem 0x80010cec
core   0: 0x800079d4 (0xad61e593) ori     a1, gp, -1322
core   0: 3 0x800079d4 (0xad61e593) x11 0xfffffad6
core   0: 0x800079d8 (0x000393b3) sll     t2, t2, zero
core   0: 3 0x800079d8 (0x000393b3) x7  0x000000ff
core   0: 0x800079dc (0x00008f4d) c.or    a4, a1
core   0: 3 0x800079dc (0x8f4d) x14 0xfffffad6
core   0: 0x800079de (0x00000001) c.nop
core   0: 3 0x800079de (0x0001)
core   0: 0x800079e0 (0x000084b9) c.srai  s1, 14
core   0: 3 0x800079e0 (0x84b9) x9  0x00000000
core   0: 0x800079e2 (0xf5715383) lhu     t2, -169(sp)
core   0: 3 0x800079e2 (0xf5715383) x7  0x00000000 mem 0x80010b76
core   0: 0x800079e6 (0x009753b3) srl     t2, a4, s1
core   0: 3 0x800079e6 (0x009753b3) x7  0xfffffad6
core   0: 0x800079ea (0x09512703) lw      a4, 149(sp)
core   0: 3 0x800079ea (0x09512703) x14 0x00000000 mem 0x80010cb4
core   0: 0x800079ee (0x00a000ef) jal     pc + 0xa
core   0: 3 0x800079ee (0x00a000ef) x1  0x800079f2
core   0: 0x800079f8 (0x010000ef) jal     pc + 0x10
core   0: 3 0x800079f8 (0x010000ef) x1  0x800079fc
core   0: 0x80007a08 (0x0000bfdd) c.j     pc - 10
core   0: 3 0x80007a08 (0xbfdd)
core   0: 0x800079fe (0x006000ef) jal     pc + 0x6
core   0: 3 0x800079fe (0x006000ef) x1  0x80007a02
core   0: 0x80007a04 (0xfffff16f) jal     sp, pc - 0x2
core   0: 3 0x80007a04 (0xfffff16f) x2  0x80007a08
core   0: 0x80007a02 (0x00003fd5) c.jal   pc - 12
core   0: 3 0x80007a02 (0x3fd5) x1  0x80007a04
core   0: 0x800079f6 (0x0000bff5) c.j     pc - 4
core   0: 3 0x800079f6 (0xbff5)
core   0: 0x800079f2 (0x0180036f) jal     t1, pc + 0x18
core   0: 3 0x800079f2 (0x0180036f) x6  0x800079f6
core   0: 0x80007a0a (0x004000ef) jal     pc + 0x4
core   0: 3 0x80007a0a (0x004000ef) x1  0x80007a0e
core   0: 0x80007a0e (0x004000ef) jal     pc + 0x4
core   0: 3 0x80007a0e (0x004000ef) x1  0x80007a12
core   0: 0x80007a12 (0x000037ed) c.jal   pc - 22
core   0: 3 0x80007a12 (0x37ed) x1  0x80007a14
core   0: 0x800079fc (0x0000a821) c.j     pc + 24
core   0: 3 0x800079fc (0xa821)
core   0: 0x80007a14 (0x018ef233) and     tp, t4, s8
core   0: 3 0x80007a14 (0x018ef233) x4  0x00000000
core   0: 0x80007a18 (0x010000ef) jal     pc + 0x10
core   0: 3 0x80007a18 (0x010000ef) x1  0x80007a1c
core   0: 0x80007a28 (0x01a000ef) jal     pc + 0x1a
core   0: 3 0x80007a28 (0x01a000ef) x1  0x80007a2c
core   0: 0x80007a42 (0xfe5ff0ef) jal     pc - 0x1c
core   0: 3 0x80007a42 (0xfe5ff0ef) x1  0x80007a46
core   0: 0x80007a26 (0x0000a00d) c.j     pc + 34
core   0: 3 0x80007a26 (0xa00d)
core   0: 0x80007a48 (0x00003fcd) c.jal   pc - 14
core   0: 3 0x80007a48 (0x3fcd) x1  0x80007a4a
core   0: 0x80007a3a (0xfebff0ef) jal     pc - 0x16
core   0: 3 0x80007a3a (0xfebff0ef) x1  0x80007a3e
core   0: 0x80007a24 (0x00002829) c.jal   pc + 26
core   0: 3 0x80007a24 (0x2829) x1  0x80007a26
core   0: 0x80007a3e (0xff3ff0ef) jal     pc - 0xe
core   0: 3 0x80007a3e (0xff3ff0ef) x1  0x80007a42
core   0: 0x80007a30 (0x0000281d) c.jal   pc + 54
core   0: 3 0x80007a30 (0x281d) x1  0x80007a32
core   0: 0x80007a66 (0x0000b7ed) c.j     pc - 22
core   0: 3 0x80007a66 (0xb7ed)
core   0: 0x80007a50 (0x00c000ef) jal     pc + 0xc
core   0: 3 0x80007a50 (0x00c000ef) x1  0x80007a54
core   0: 0x80007a5c (0x000037d1) c.jal   pc - 60
core   0: 3 0x80007a5c (0x37d1) x1  0x80007a5e
core   0: 0x80007a20 (0x0000201d) c.jal   pc + 38
core   0: 3 0x80007a20 (0x201d) x1  0x80007a22
core   0: 0x80007a46 (0x00002021) c.jal   pc + 8
core   0: 3 0x80007a46 (0x2021) x1  0x80007a48
core   0: 0x80007a4e (0x000037d5) c.jal   pc - 28
core   0: 3 0x80007a4e (0x37d5) x1  0x80007a50
core   0: 0x80007a32 (0x0000a821) c.j     pc + 24
core   0: 3 0x80007a32 (0xa821)
core   0: 0x80007a4a (0x0000a039) c.j     pc + 14
core   0: 3 0x80007a4a (0xa039)
core   0: 0x80007a58 (0x0000a021) c.j     pc + 8
core   0: 3 0x80007a58 (0xa021)
core   0: 0x80007a60 (0x000037f5) c.jal   pc - 20
core   0: 3 0x80007a60 (0x37f5) x1  0x80007a62
core   0: 0x80007a4c (0x00002819) c.jal   pc + 22
core   0: 3 0x80007a4c (0x2819) x1  0x80007a4e
core   0: 0x80007a62 (0x0000bfcd) c.j     pc - 14
core   0: 3 0x80007a62 (0xbfcd)
core   0: 0x80007a54 (0xfe1ff9ef) jal     s3, pc - 0x20
core   0: 3 0x80007a54 (0xfe1ff9ef) x19 0x80007a58
core   0: 0x80007a34 (0x0000b7e5) c.j     pc - 24
core   0: 3 0x80007a34 (0xb7e5)
core   0: 0x80007a1c (0x0000a009) c.j     pc + 2
core   0: 3 0x80007a1c (0xa009)
core   0: 0x80007a1e (0x0000a099) c.j     pc + 70
core   0: 3 0x80007a1e (0xa099)
core   0: 0x80007a64 (0x0000b7e1) c.j     pc - 56
core   0: 3 0x80007a64 (0xb7e1)
core   0: 0x80007a2c (0x00a000ef) jal     pc + 0xa
core   0: 3 0x80007a2c (0x00a000ef) x1  0x80007a30
core   0: 0x80007a36 (0x0240036f) jal     t1, pc + 0x24
core   0: 3 0x80007a36 (0x0240036f) x6  0x80007a3a
core   0: 0x80007a5a (0x000037e1) c.jal   pc - 56
core   0: 3 0x80007a5a (0x37e1) x1  0x80007a5c
core   0: 0x80007a22 (0x00002835) c.jal   pc + 60
core   0: 3 0x80007a22 (0x2835) x1  0x80007a24
core   0: 0x80007a5e (0x0000a029) c.j     pc + 10
core   0: 3 0x80007a5e (0xa029)
core   0: 0x80007a68 (0x01e60233) add     tp, a2, t5
core   0: 3 0x80007a68 (0x01e60233) x4  0x80029d24
core   0: 0x80007a6c (0x00009597) auipc   a1, 0x9
core   0: 3 0x80007a6c (0x00009597) x11 0x80010a6c
core   0: 0x80007a70 (0xd9d58593) addi    a1, a1, -611
core   0: 3 0x80007a70 (0xd9d58593) x11 0x80010809
core   0: 0x80007a74 (0x00000001) c.nop
core   0: 3 0x80007a74 (0x0001)
core   0: 0x80007a76 (0x00490733) add     a4, s2, tp
core   0: 3 0x80007a76 (0x00490733) x14 0x80029d23
core   0: 0x80007a7a (0x00000001) c.nop
core   0: 3 0x80007a7a (0x0001)
core   0: 0x80007a7c (0xe185a7a3) sw      s8, -497(a1)
core   0: 3 0x80007a7c (0xe185a7a3) mem 0x80010618 0x00000000
core   0: 0x80007a80 (0x000091fe) c.add   gp, t6
core   0: 3 0x80007a80 (0x91fe) x3  0x00000000
core   0: 0x80007a82 (0x00000001) c.nop
core   0: 3 0x80007a82 (0x0001)
core   0: 0x80007a84 (0x01038333) add     t1, t2, a6
core   0: 3 0x80007a84 (0x01038333) x6  0xfffffad6
core   0: 0x80007a88 (0x0012ddb3) srl     s11, t0, ra
core   0: 3 0x80007a88 (0x0012ddb3) x27 0x0fffffff
core   0: 0x80007a8c (0x000093ba) c.add   t2, a4
core   0: 3 0x80007a8c (0x93ba) x7  0x800297f9
core   0: 0x80007a8e (0x022a6333) rem     t1, s4, sp
core   0: 3 0x80007a8e (0x022a6333) x6  0x00000000
core   0: 0x80007a92 (0x02a0d933) divu    s2, ra, a0
core   0: 3 0x80007a92 (0x02a0d933) x18 0xffffffff
core   0: 0x80007a96 (0x7765a1a3) sw      s6, 1891(a1)
core   0: 3 0x80007a96 (0x7765a1a3) mem 0x80010f6c 0x00000000
core   0: 0x80007a9a (0x7925ce03) lbu     t3, 1938(a1)
core   0: 3 0x80007a9a (0x7925ce03) x28 0x00000000 mem 0x80010f9b
core   0: 0x80007a9e (0xc19f2113) slti    sp, t5, -999
core   0: 3 0x80007a9e (0xc19f2113) x2  0x00000001
core   0: 0x80007aa2 (0x000083f9) c.srli  a5, 30
core   0: 3 0x80007aa2 (0x83f9) x15 0x00000000
core   0: 0x80007aa4 (0x96a58223) sb      a0, -1692(a1)
core   0: 3 0x80007aa4 (0x96a58223) mem 0x8001016d 0x00
core   0: 0x80007aa8 (0x00807133) and     sp, zero, s0
core   0: 3 0x80007aa8 (0x00807133) x2  0x00000000
core   0: 0x80007aac (0xa465c483) lbu     s1, -1466(a1)
core   0: 3 0x80007aac (0xa465c483) x9  0x00000000 mem 0x8001024f
core   0: 0x80007ab0 (0x62a58a23) sb      a0, 1588(a1)
core   0: 3 0x80007ab0 (0x62a58a23) mem 0x80010e3d 0x00
core   0: 0x80007ab4 (0x1eb5d403) lhu     s0, 491(a1)
core   0: 3 0x80007ab4 (0x1eb5d403) x8  0x00000000 mem 0x800109f4
core   0: 0x80007ab8 (0x1608f613) andi    a2, a7, 352
core   0: 3 0x80007ab8 (0x1608f613) x12 0x00000000
core   0: 0x80007abc (0xba058d83) lb      s11, -1120(a1)
core   0: 3 0x80007abc (0xba058d83) x27 0x00000000 mem 0x800103a9
core   0: 0x80007ac0 (0x55558e23) sb      s5, 1372(a1)
core   0: 3 0x80007ac0 (0x55558e23) mem 0x80010d65 0x08
core   0: 0x80007ac4 (0xf5658b03) lb      s6, -170(a1)
core   0: 3 0x80007ac4 (0xf5658b03) x22 0x00000000 mem 0x8001075f
core   0: 0x80007ac8 (0x00006989) c.lui   s3, 0x2
core   0: 3 0x80007ac8 (0x6989) x19 0x00002000
core   0: 0x80007aca (0x48959b03) lh      s6, 1161(a1)
core   0: 3 0x80007aca (0x48959b03) x22 0x00000000 mem 0x80010c92
core   0: 0x80007ace (0xb895cd83) lbu     s11, -1143(a1)
core   0: 3 0x80007ace (0xb895cd83) x27 0x00000000 mem 0x80010392
core   0: 0x80007ad2 (0x00013117) auipc   sp, 0x13
core   0: 3 0x80007ad2 (0x00013117) x2  0x8001aad2
core   0: 0x80007ad6 (0xf2d10113) addi    sp, sp, -211
core   0: 3 0x80007ad6 (0xf2d10113) x2  0x8001a9ff
core   0: 0x80007ada (0x7ff0c693) xori    a3, ra, 2047
core   0: 3 0x80007ada (0x7ff0c693) x13 0x80007ddb
core   0: 0x80007ade (0xf9275c37) lui     s8, 0xf9275
core   0: 3 0x80007ade (0xf9275c37) x24 0xf9275000
core   0: 0x80007ae2 (0x00a6f433) and     s0, a3, a0
core   0: 3 0x80007ae2 (0x00a6f433) x8  0x00000000
core   0: 0x80007ae6 (0x032a3933) mulhu   s2, s4, s2
core   0: 3 0x80007ae6 (0x032a3933) x18 0x00000000
core   0: 0x80007aea (0x00006c8d) c.lui   s9, 0x3
core   0: 3 0x80007aea (0x6c8d) x25 0x00003000
core   0: 0x80007aec (0x00008d2d) c.xor   a0, a1
core   0: 3 0x80007aec (0x8d2d) x10 0x80010809
core   0: 0x80007aee (0x0b010c23) sb      a6, 184(sp)
core   0: 3 0x80007aee (0x0b010c23) mem 0x8001aab7 0x00
core   0: 0x80007af2 (0x01f3ee33) or      t3, t2, t6
core   0: 3 0x80007af2 (0x01f3ee33) x28 0x800297f9
core   0: 0x80007af6 (0x00008fcd) c.or    a5, a1
core   0: 3 0x80007af6 (0x8fcd) x15 0x80010809
core   0: 0x80007af8 (0x00008baa) c.mv    s7, a0
core   0: 3 0x80007af8 (0x8baa) x23 0x80010809
core   0: 0x80007afa (0xfcc14003) lbu     zero, -52(sp)
core   0: 3 0x80007afa (0xfcc14003) mem 0x8001a9cb
core   0: 0x80007afe (0x01efafb3) slt     t6, t6, t5
core   0: 3 0x80007afe (0x01efafb3) x31 0x00000000
core   0: 0x80007b02 (0x0bf15c83) lhu     s9, 191(sp)
core   0: 3 0x80007b02 (0x0bf15c83) x25 0x00000000 mem 0x8001aabe
core   0: 0x80007b06 (0xf1810b03) lb      s6, -232(sp)
core   0: 3 0x80007b06 (0xf1810b03) x22 0x00000000 mem 0x8001a917
core   0: 0x80007b0a (0x00008de9) c.and   a1, a0
core   0: 3 0x80007b0a (0x8de9) x11 0x80010809
core   0: 0x80007b0c (0x0099d293) srli    t0, s3, 9
core   0: 3 0x80007b0c (0x0099d293) x5  0x00000010
core   0: 0x80007b10 (0xf3810d03) lb      s10, -200(sp)
core   0: 3 0x80007b10 (0xf3810d03) x26 0x00000000 mem 0x8001a937
core   0: 0x80007b14 (0x3a7e6417) auipc   s0, 0x3a7e6
core   0: 3 0x80007b14 (0x3a7e6417) x8  0xba7edb14
core   0: 0x80007b18 (0x003ea333) slt     t1, t4, gp
core   0: 3 0x80007b18 (0x003ea333) x6  0x00000001
core   0: 0x80007b1c (0x00febfb3) sltu    t6, t4, a5
core   0: 3 0x80007b1c (0x00febfb3) x31 0x00000000
core   0: 0x80007b20 (0x09c10f23) sb      t3, 158(sp)
core   0: 3 0x80007b20 (0x09c10f23) mem 0x8001aa9d 0xf9
core   0: 0x80007b24 (0x00008df1) c.and   a1, a2
core   0: 3 0x80007b24 (0x8df1) x11 0x00000000
core   0: 0x80007b26 (0x401bddb3) sra     s11, s7, ra
core   0: 3 0x80007b26 (0x401bddb3) x27 0xf8001080
core   0: 0x80007b2a (0x09c14303) lbu     t1, 156(sp)
core   0: 3 0x80007b2a (0x09c14303) x6  0x00000000 mem 0x8001aa9b
core   0: 0x80007b2e (0x01410183) lb      gp, 20(sp)
core   0: 3 0x80007b2e (0x01410183) x3  0x00000000 mem 0x8001aa13
core   0: 0x80007b32 (0xf0610c03) lb      s8, -250(sp)
core   0: 3 0x80007b32 (0xf0610c03) x24 0x00000000 mem 0x8001a905
core   0: 0x80007b36 (0x00008f59) c.or    a4, a4
core   0: 3 0x80007b36 (0x8f59) x14 0x80029d23
core   0: 0x80007b38 (0x03cbf6b3) remu    a3, s7, t3
core   0: 3 0x80007b38 (0x03cbf6b3) x13 0x80010809
core   0: 0x80007b3c (0xf0214e03) lbu     t3, -254(sp)
core   0: 3 0x80007b3c (0xf0214e03) x28 0x00000000 mem 0x8001a901
core   0: 0x80007b40 (0x00008dc5) c.or    a1, s1
core   0: 3 0x80007b40 (0x8dc5) x11 0x00000000
core   0: 0x80007b42 (0xf3e10323) sb      t5, -218(sp)
core   0: 3 0x80007b42 (0xf3e10323) mem 0x8001a925 0x24
core   0: 0x80007b46 (0x40915413) srai    s0, sp, 9
core   0: 3 0x80007b46 (0x40915413) x8  0xffc000d4
core   0: 0x80007b4a (0xad43d717) auipc   a4, 0xad43d
core   0: 3 0x80007b4a (0xad43d717) x14 0x2d444b4a
core   0: 0x80007b4e (0x03cc2333) mulhsu  t1, s8, t3
core   0: 3 0x80007b4e (0x03cc2333) x6  0x00000000
core   0: 0x80007b52 (0xf5363b13) sltiu   s6, a2, -173
core   0: 3 0x80007b52 (0xf5363b13) x22 0x00000001
core   0: 0x80007b56 (0x003eafb3) slt     t6, t4, gp
core   0: 3 0x80007b56 (0x003eafb3) x31 0x00000001
core   0: 0x80007b5a (0x00000001) c.nop
core   0: 3 0x80007b5a (0x0001)
core   0: 0x80007b5c (0x00008b85) c.andi  a5, 1
core   0: 3 0x80007b5c (0x8b85) x15 0x00000001
core   0: 0x80007b5e (0xfb014603) lbu     a2, -80(sp)
core   0: 3 0x80007b5e (0xfb014603) x12 0x00000000 mem 0x8001a9af
core   0: 0x80007b62 (0xf35104a3) sb      s5, -215(sp)
core   0: 3 0x80007b62 (0xf35104a3) mem 0x8001a928 0x08
core   0: 0x80007b66 (0x00013117) auipc   sp, 0x13
core   0: 3 0x80007b66 (0x00013117) x2  0x8001ab66
core   0: 0x80007b6a (0x62610113) addi    sp, sp, 1574
core   0: 3 0x80007b6a (0x62610113) x2  0x8001b18c
core   0: 0x80007b6e (0x01cd5e33) srl     t3, s10, t3
core   0: 3 0x80007b6e (0x01cd5e33) x28 0x00000000
core   0: 0x80007b72 (0x03c0ae33) mulhsu  t3, ra, t3
core   0: 3 0x80007b72 (0x03c0ae33) x28 0x00000000
core   0: 0x80007b76 (0xfdb10c03) lb      s8, -37(sp)
core   0: 3 0x80007b76 (0xfdb10c03) x24 0x00000000 mem 0x8001b167
core   0: 0x80007b7a (0x00008c85) c.sub   s1, s1
core   0: 3 0x80007b7a (0x8c85) x9  0x00000000
core   0: 0x80007b7c (0x00008c1d) c.sub   s0, a5
core   0: 3 0x80007b7c (0x8c1d) x8  0xffc000d3
core   0: 0x80007b7e (0x7ebb0a13) addi    s4, s6, 2027
core   0: 3 0x80007b7e (0x7ebb0a13) x20 0x000007ec
core   0: 0x80007b82 (0x00000001) c.nop
core   0: 3 0x80007b82 (0x0001)
core   0: 0x80007b84 (0x03d103a3) sb      t4, 39(sp)
core   0: 3 0x80007b84 (0x03d103a3) mem 0x8001b1b3 0x28
core   0: 0x80007b88 (0x01f30b33) add     s6, t1, t6
core   0: 3 0x80007b88 (0x01f30b33) x22 0x00000001
core   0: 0x80007b8c (0x000003ad) c.addi  t2, 11
core   0: 3 0x80007b8c (0x03ad) x7  0x80029804
core   0: 0x80007b8e (0xff812b03) lw      s6, -8(sp)
core   0: 3 0x80007b8e (0xff812b03) x22 0x00000000 mem 0x8001b184
core   0: 0x80007b92 (0x00008515) c.srai  a0, 5
core   0: 3 0x80007b92 (0x8515) x10 0xfc000840
core   0: 0x80007b94 (0xffd14f83) lbu     t6, -3(sp)
core   0: 3 0x80007b94 (0xffd14f83) x31 0x00000000 mem 0x8001b189
core   0: 0x80007b98 (0x01f35413) srli    s0, t1, 31
core   0: 3 0x80007b98 (0x01f35413) x8  0x00000000
core   0: 0x80007b9c (0xfda11123) sh      s10, -62(sp)
core   0: 3 0x80007b9c (0xfda11123) mem 0x8001b14e 0x0000
core   0: 0x80007ba0 (0xfd110f23) sb      a7, -34(sp)
core   0: 3 0x80007ba0 (0xfd110f23) mem 0x8001b16a 0x00
core   0: 0x80007ba4 (0x035b8633) mul     a2, s7, s5
core   0: 3 0x80007ba4 (0x035b8633) x12 0x00084048
core   0: 0x80007ba8 (0xfe211203) lh      tp, -30(sp)
core   0: 3 0x80007ba8 (0xfe211203) x4  0x00000000 mem 0x8001b16e
core   0: 0x80007bac (0xfd812483) lw      s1, -40(sp)
core   0: 3 0x80007bac (0xfd812483) x9  0x00000000 mem 0x8001b164
core   0: 0x80007bb0 (0x00009dde) c.add   s11, s7
core   0: 3 0x80007bb0 (0x9dde) x27 0x78011889
core   0: 0x80007bb2 (0x401d0b33) sub     s6, s10, ra
core   0: 3 0x80007bb2 (0x401d0b33) x22 0x7fff85dc
core   0: 0x80007bb6 (0x0000066e) c.slli  a2, 27
core   0: 3 0x80007bb6 (0x066e) x12 0x40000000
core   0: 0x80007bb8 (0xa612cb93) xori    s7, t0, -1439
core   0: 3 0x80007bb8 (0xa612cb93) x23 0xfffffa71
core   0: 0x80007bbc (0xfcd10283) lb      t0, -51(sp)
core   0: 3 0x80007bbc (0xfcd10283) x5  0x00000000 mem 0x8001b159
core   0: 0x80007bc0 (0x039b3cb3) mulhu   s9, s6, s9
core   0: 3 0x80007bc0 (0x039b3cb3) x25 0x00000000
core   0: 0x80007bc4 (0xfe514f83) lbu     t6, -27(sp)
core   0: 3 0x80007bc4 (0xfe514f83) x31 0x00000000 mem 0x8001b171
core   0: 0x80007bc8 (0x0000c717) auipc   a4, 0xc
core   0: 3 0x80007bc8 (0x0000c717) x14 0x80013bc8
core   0: 0x80007bcc (0x3f170713) addi    a4, a4, 1009
core   0: 3 0x80007bcc (0x3f170713) x14 0x80013fb9
core   0: 0x80007bd0 (0xf5882017) auipc   zero, 0xf5882
core   0: 3 0x80007bd0 (0xf5882017)
core   0: 0x80007bd4 (0x026a1e33) mulh    t3, s4, t1
core   0: 3 0x80007bd4 (0x026a1e33) x28 0x00000000
core   0: 0x80007bd8 (0x031807b3) mul     a5, a6, a7
core   0: 3 0x80007bd8 (0x031807b3) x15 0x00000000
core   0: 0x80007bdc (0x016700a3) sb      s6, 1(a4)
core   0: 3 0x80007bdc (0x016700a3) mem 0x80013fba 0xdc
core   0: 0x80007be0 (0x01a9f333) and     t1, s3, s10
core   0: 3 0x80007be0 (0x01a9f333) x6  0x00000000
core   0: 0x80007be4 (0x00670883) lb      a7, 6(a4)
core   0: 3 0x80007be4 (0x00670883) x17 0x00000000 mem 0x80013fbf
core   0: 0x80007be8 (0x00c53b33) sltu    s6, a0, a2
core   0: 3 0x80007be8 (0x00c53b33) x22 0x00000000
core   0: 0x80007bec (0x009711a3) sh      s1, 3(a4)
core   0: 3 0x80007bec (0x009711a3) mem 0x80013fbc 0x0000
core   0: 0x80007bf0 (0x02c6cfb3) div     t6, a3, a2
core   0: 3 0x80007bf0 (0x02c6cfb3) x31 0xffffffff
core   0: 0x80007bf4 (0x00170203) lb      tp, 1(a4)
core   0: 3 0x80007bf4 (0x00170203) x4  0xffffffdc mem 0x80013fba
core   0: 0x80007bf8 (0x168ab613) sltiu   a2, s5, 360
core   0: 3 0x80007bf8 (0x168ab613) x12 0x00000001
core   0: 0x80007bfc (0x02ac4c33) div     s8, s8, a0
core   0: 3 0x80007bfc (0x02ac4c33) x24 0x00000000
core   0: 0x80007c00 (0xffb75c03) lhu     s8, -5(a4)
core   0: 3 0x80007c00 (0xffb75c03) x24 0x00000000 mem 0x80013fb4
core   0: 0x80007c04 (0x000009ba) c.slli  s3, 14
core   0: 3 0x80007c04 (0x09ba) x19 0x08000000
core   0: 0x80007c06 (0x093d6213) ori     tp, s10, 147
core   0: 3 0x80007c06 (0x093d6213) x4  0x00000093
core   0: 0x80007c0a (0xffc70103) lb      sp, -4(a4)
core   0: 3 0x80007c0a (0xffc70103) x2  0x00000000 mem 0x80013fb5
core   0: 0x80007c0e (0x00474103) lbu     sp, 4(a4)
core   0: 3 0x80007c0e (0x00474103) x2  0x00000000 mem 0x80013fbd
core   0: 0x80007c12 (0x00374183) lbu     gp, 3(a4)
core   0: 3 0x80007c12 (0x00374183) x3  0x00000000 mem 0x80013fbc
core   0: 0x80007c16 (0x00770523) sb      t2, 10(a4)
core   0: 3 0x80007c16 (0x00770523) mem 0x80013fc3 0x04
core   0: 0x80007c1a (0x00008be5) c.andi  a5, 25
core   0: 3 0x80007c1a (0x8be5) x15 0x00000000
core   0: 0x80007c1c (0xff974003) lbu     zero, -7(a4)
core   0: 3 0x80007c1c (0xff974003) mem 0x80013fb2
core   0: 0x80007c20 (0x02a6e333) rem     t1, a3, a0
core   0: 3 0x80007c20 (0x02a6e333) x6  0xfc000849
core   0: 0x80007c24 (0x00e70b83) lb      s7, 14(a4)
core   0: 3 0x80007c24 (0x00e70b83) x23 0x00000000 mem 0x80013fc7
core   0: 0x80007c28 (0x00175203) lhu     tp, 1(a4)
core   0: 3 0x80007c28 (0x00175203) x4  0x000000dc mem 0x80013fba
core   0: 0x80007c2c (0xff971d83) lh      s11, -7(a4)
core   0: 3 0x80007c2c (0xff971d83) x27 0x00000000 mem 0x80013fb2
core   0: 0x80007c30 (0xff575003) lhu     zero, -11(a4)
core   0: 3 0x80007c30 (0xff575003) mem 0x80013fae
core   0: 0x80007c34 (0x00e74d03) lbu     s10, 14(a4)
core   0: 3 0x80007c34 (0x00e74d03) x26 0x00000000 mem 0x80013fc7
core   0: 0x80007c38 (0xfd1b5797) auipc   a5, 0xfd1b5
core   0: 3 0x80007c38 (0xfd1b5797) x15 0x7d1bcc38
core   0: 0x80007c3c (0x00474203) lbu     tp, 4(a4)
core   0: 3 0x80007c3c (0x00474203) x4  0x00000000 mem 0x80013fbd
core   0: 0x80007c40 (0xfff72203) lw      tp, -1(a4)
core   0: 3 0x80007c40 (0xfff72203) x4  0x00dc0000 mem 0x80013fb8
core   0: 0x80007c44 (0x00008c41) c.or    s0, s0
core   0: 3 0x80007c44 (0x8c41) x8  0x00000000
core   0: 0x80007c46 (0x00c70823) sb      a2, 16(a4)
core   0: 3 0x80007c46 (0x00c70823) mem 0x80013fc9 0x01
core   0: 0x80007c4a (0x0142c933) xor     s2, t0, s4
core   0: 3 0x80007c4a (0x0142c933) x18 0x000007ec
core   0: 0x80007c4e (0x00e70903) lb      s2, 14(a4)
core   0: 3 0x80007c4e (0x00e70903) x18 0x00000000 mem 0x80013fc7
core   0: 0x80007c52 (0xff270203) lb      tp, -14(a4)
core   0: 3 0x80007c52 (0xff270203) x4  0xffffffb9 mem 0x80013fab
core   0: 0x80007c56 (0x000088b5) c.andi  s1, 13
core   0: 3 0x80007c56 (0x88b5) x9  0x00000000
core   0: 0x80007c58 (0x00c74803) lbu     a6, 12(a4)
core   0: 3 0x80007c58 (0x00c74803) x16 0x00000000 mem 0x80013fc5
core   0: 0x80007c5c (0xac2c8213) addi    tp, s9, -1342
core   0: 3 0x80007c5c (0xac2c8213) x4  0xfffffac2
core   0: 0x80007c60 (0xfee70923) sb      a4, -14(a4)
core   0: 3 0x80007c60 (0xfee70923) mem 0x80013fab 0xb9
core   0: 0x80007c64 (0x413dd2b3) sra     t0, s11, s3
core   0: 3 0x80007c64 (0x413dd2b3) x5  0x00000000
core   0: 0x80007c68 (0xff674503) lbu     a0, -10(a4)
core   0: 3 0x80007c68 (0xff674503) x10 0x00000000 mem 0x80013faf
core   0: 0x80007c6c (0x00005b7d) c.li    s6, -1
core   0: 3 0x80007c6c (0x5b7d) x22 0xffffffff
core   0: 0x80007c6e (0x000005fe) c.slli  a1, 31
core   0: 3 0x80007c6e (0x05fe) x11 0x00000000
core   0: 0x80007c70 (0x00008a39) c.andi  a2, 14
core   0: 3 0x80007c70 (0x8a39) x12 0x00000000
core   0: 0x80007c72 (0x00008ac1) c.andi  a3, 16
core   0: 3 0x80007c72 (0x8ac1) x13 0x00000000
core   0: 0x80007c74 (0x020f2bb3) mulhsu  s7, t5, zero
core   0: 3 0x80007c74 (0x020f2bb3) x23 0x00000000
core   0: 0x80007c78 (0x00004d1d) c.li    s10, 7
core   0: 3 0x80007c78 (0x4d1d) x26 0x00000007
core   0: 0x80007c7a (0x4086d293) srai    t0, a3, 8
core   0: 3 0x80007c7a (0x4086d293) x5  0x00000000
core   0: 0x80007c7e (0x02183fb3) mulhu   t6, a6, ra
core   0: 3 0x80007c7e (0x02183fb3) x31 0x00000000
core   0: 0x80007c82 (0x03411bb3) mulh    s7, sp, s4
core   0: 3 0x80007c82 (0x03411bb3) x23 0x00000000
core   0: 0x80007c86 (0x00005e7d) c.li    t3, -1
core   0: 3 0x80007c86 (0x5e7d) x28 0xffffffff
core   0: 0x80007c88 (0x00000b25) c.addi  s6, 9
core   0: 3 0x80007c88 (0x0b25) x22 0x00000008
core   0: 0x80007c8a (0x00008f75) c.and   a4, a3
core   0: 3 0x80007c8a (0x8f75) x14 0x00000000
core   0: 0x80007c8c (0x00004495) c.li    s1, 5
core   0: 3 0x80007c8c (0x4495) x9  0x00000005
core   0: 0x80007c8e (0x01d6c533) xor     a0, a3, t4
core   0: 3 0x80007c8e (0x01d6c533) x10 0x80025e28
core   0: 0x80007c92 (0x00000001) c.nop
core   0: 3 0x80007c92 (0x0001)
core   0: 0x80007c94 (0x0176da13) srli    s4, a3, 23
core   0: 3 0x80007c94 (0x0176da13) x20 0x00000000
core   0: 0x80007c98 (0x00c0a7b3) slt     a5, ra, a2
core   0: 3 0x80007c98 (0x00c0a7b3) x15 0x00000001
core   0: 0x80007c9c (0x7a0c7813) andi    a6, s8, 1952
core   0: 3 0x80007c9c (0x7a0c7813) x16 0x00000000
core   0: 0x80007ca0 (0x0000612d) c.addi16sp sp, 224
core   0: 3 0x80007ca0 (0x612d) x2  0x000000e0
core   0: 0x80007ca2 (0x00000001) c.nop
core   0: 3 0x80007ca2 (0x0001)
core   0: 0x80007ca4 (0x02070133) mul     sp, a4, zero
core   0: 3 0x80007ca4 (0x02070133) x2  0x00000000
core   0: 0x80007ca8 (0x00005a7d) c.li    s4, -1
core   0: 3 0x80007ca8 (0x5a7d) x20 0xffffffff
core   0: 0x80007caa (0x013043b3) xor     t2, zero, s3
core   0: 3 0x80007caa (0x013043b3) x7  0x08000000
core   0: 0x80007cae (0x033e0433) mul     s0, t3, s3
core   0: 3 0x80007cae (0x033e0433) x8  0xf8000000
core   0: 0x80007cb2 (0x000086f2) c.mv    a3, t3
core   0: 3 0x80007cb2 (0x86f2) x13 0xffffffff
core   0: 0x80007cb4 (0x000014ed) c.addi  s1, -5
core   0: 3 0x80007cb4 (0x14ed) x9  0x00000000
core   0: 0x80007cb6 (0x0040f633) and     a2, ra, tp
core   0: 3 0x80007cb6 (0x0040f633) x12 0x80007a00
core   0: 0x80007cba (0xe58a4693) xori    a3, s4, -424
core   0: 3 0x80007cba (0xe58a4693) x13 0x000001a7
core   0: 0x80007cbe (0x011c1e33) sll     t3, s8, a7
core   0: 3 0x80007cbe (0x011c1e33) x28 0x00000000
core   0: 0x80007cc2 (0x03c40233) mul     tp, s0, t3
core   0: 3 0x80007cc2 (0x03c40233) x4  0x00000000
core   0: 0x80007cc6 (0x0000f4f5) c.bnez  s1, pc - 20
core   0: 3 0x80007cc6 (0xf4f5)
core   0: 0x80007cc8 (0x032bc2b3) div     t0, s7, s2
core   0: 3 0x80007cc8 (0x032bc2b3) x5  0xffffffff
core   0: 0x80007ccc (0x01d9c333) xor     t1, s3, t4
core   0: 3 0x80007ccc (0x01d9c333) x6  0x88025e28
core   0: 0x80007cd0 (0xfbab47e3) blt     s6, s10, pc - 82
core   0: 3 0x80007cd0 (0xfbab47e3)
core   0: 0x80007cd4 (0x016b9313) slli    t1, s7, 22
core   0: 3 0x80007cd4 (0x016b9313) x6  0x00000000
core   0: 0x80007cd8 (0x018000ef) jal     pc + 0x18
core   0: 3 0x80007cd8 (0x018000ef) x1  0x80007cdc
core   0: 0x80007cf0 (0xff7ff0ef) jal     pc - 0xa
core   0: 3 0x80007cf0 (0xff7ff0ef) x1  0x80007cf4
core   0: 0x80007ce6 (0x016000ef) jal     pc + 0x16
core   0: 3 0x80007ce6 (0x016000ef) x1  0x80007cea
core   0: 0x80007cfc (0xffbff9ef) jal     s3, pc - 0x6
core   0: 3 0x80007cfc (0xffbff9ef) x19 0x80007d00
core   0: 0x80007cf6 (0x0000bfd5) c.j     pc - 12
core   0: 3 0x80007cf6 (0xbfd5)
core   0: 0x80007cea (0x0000bfdd) c.j     pc - 10
core   0: 3 0x80007cea (0xbfdd)
core   0: 0x80007ce0 (0x0000bff5) c.j     pc - 4
core   0: 3 0x80007ce0 (0xbff5)
core   0: 0x80007cdc (0x018001ef) jal     gp, pc + 0x18
core   0: 3 0x80007cdc (0x018001ef) x3  0x80007ce0
core   0: 0x80007cf4 (0x0000b7fd) c.j     pc - 18
core   0: 3 0x80007cf4 (0xb7fd)
core   0: 0x80007ce2 (0x016000ef) jal     pc + 0x16
core   0: 3 0x80007ce2 (0x016000ef) x1  0x80007ce6
core   0: 0x80007cf8 (0xff7ff76f) jal     a4, pc - 0xa
core   0: 3 0x80007cf8 (0xff7ff76f) x14 0x80007cfc
core   0: 0x80007cee (0x0000bffd) c.j     pc - 2
core   0: 3 0x80007cee (0xbffd)
core   0: 0x80007cec (0x0000a811) c.j     pc + 20
core   0: 3 0x80007cec (0xa811)
core   0: 0x80007d00 (0x00000288) c.addi4spn a0, sp, 320
core   0: 3 0x80007d00 (0x0288) x10 0x00000140
core   0: 0x80007d02 (0x0000c797) auipc   a5, 0xc
core   0: 3 0x80007d02 (0x0000c797) x15 0x80013d02
core   0: 0x80007d06 (0xa0a78793) addi    a5, a5, -1526
core   0: 3 0x80007d06 (0xa0a78793) x15 0x8001370c
core   0: 0x80007d0a (0x01b7c283) lbu     t0, 27(a5)
core   0: 3 0x80007d0a (0x01b7c283) x5  0x00000000 mem 0x80013727
core   0: 0x80007d0e (0x0da79503) lh      a0, 218(a5)
core   0: 3 0x80007d0e (0x0da79503) x10 0x00000000 mem 0x800137e6
core   0: 0x80007d12 (0x0357c083) lbu     ra, 53(a5)
core   0: 3 0x80007d12 (0x0357c083) x1  0x00000000 mem 0x80013741
core   0: 0x80007d16 (0x000085b9) c.srai  a1, 14
core   0: 3 0x80007d16 (0x85b9) x11 0x00000000
core   0: 0x80007d18 (0xf4978503) lb      a0, -183(a5)
core   0: 3 0x80007d18 (0xf4978503) x10 0x00000000 mem 0x80013655
core   0: 0x80007d1c (0xc1557293) andi    t0, a0, -1003
core   0: 3 0x80007d1c (0xc1557293) x5  0x00000000
core   0: 0x80007d20 (0x00655093) srli    ra, a0, 6
core   0: 3 0x80007d20 (0x00655093) x1  0x00000000
core   0: 0x80007d24 (0x000092aa) c.add   t0, a0
core   0: 3 0x80007d24 (0x92aa) x5  0x00000000
core   0: 0x80007d26 (0x02a51cb3) mulh    s9, a0, a0
core   0: 3 0x80007d26 (0x02a51cb3) x25 0x00000000
core   0: 0x80007d2a (0xfba78c83) lb      s9, -70(a5)
core   0: 3 0x80007d2a (0xfba78c83) x25 0x00000000 mem 0x800136c6
core   0: 0x80007d2e (0x00008d0d) c.sub   a0, a1
core   0: 3 0x80007d2e (0x8d0d) x10 0x00000000
core   0: 0x80007d30 (0xf447ac83) lw      s9, -188(a5)
core   0: 3 0x80007d30 (0xf447ac83) x25 0x00000000 mem 0x80013650
core   0: 0x80007d34 (0x021535b3) mulhu   a1, a0, ra
core   0: 3 0x80007d34 (0x021535b3) x11 0x00000000
core   0: 0x80007d38 (0x005783a3) sb      t0, 7(a5)
core   0: 3 0x80007d38 (0x005783a3) mem 0x80013713 0x00
core   0: 0x80007d3c (0x01b7cc83) lbu     s9, 27(a5)
core   0: 3 0x80007d3c (0x01b7cc83) x25 0x00000000 mem 0x80013727
core   0: 0x80007d40 (0x03951cb3) mulh    s9, a0, s9
core   0: 3 0x80007d40 (0x03951cb3) x25 0x00000000
core   0: 0x80007d44 (0x089784a3) sb      s1, 137(a5)
core   0: 3 0x80007d44 (0x089784a3) mem 0x80013795 0x00
core   0: 0x80007d48 (0x00006095) c.lui   ra, 0x5
core   0: 3 0x80007d48 (0x6095) x1  0x00005000
core   0: 0x80007d4a (0xf377c583) lbu     a1, -201(a5)
core   0: 3 0x80007d4a (0xf377c583) x11 0x00000000 mem 0x80013643
core   0: 0x80007d4e (0xf5978aa3) sb      s9, -171(a5)
core   0: 3 0x80007d4e (0xf5978aa3) mem 0x80013661 0x00
core   0: 0x80007d52 (0xf29785a3) sb      s1, -213(a5)
core   0: 3 0x80007d52 (0xf29785a3) mem 0x80013637 0x00
core   0: 0x80007d56 (0x0a9782a3) sb      s1, 165(a5)
core   0: 3 0x80007d56 (0x0a9782a3) mem 0x800137b1 0x00
core   0: 0x80007d5a (0x00000ca6) c.slli  s9, 9
core   0: 3 0x80007d5a (0x0ca6) x25 0x00000000
core   0: 0x80007d5c (0xf937cc83) lbu     s9, -109(a5)
core   0: 3 0x80007d5c (0xf937cc83) x25 0x00000000 mem 0x8001369f
core   0: 0x80007d60 (0x0c87a083) lw      ra, 200(a5)
core   0: 3 0x80007d60 (0x0c87a083) x1  0x00000000 mem 0x800137d4
core   0: 0x80007d64 (0xfb979d23) sh      s9, -70(a5)
core   0: 3 0x80007d64 (0xfb979d23) mem 0x800136c6 0x0000
core   0: 0x80007d68 (0x0092f533) and     a0, t0, s1
core   0: 3 0x80007d68 (0x0092f533) x10 0x00000000
core   0: 0x80007d6c (0x00008089) c.srli  s1, 2
core   0: 3 0x80007d6c (0x8089) x9  0x00000000
core   0: 0x80007d6e (0x04079483) lh      s1, 64(a5)
core   0: 3 0x80007d6e (0x04079483) x9  0x00000000 mem 0x8001374c
core   0: 0x80007d72 (0x405580b3) sub     ra, a1, t0
core   0: 3 0x80007d72 (0x405580b3) x1  0x00000000
core   0: 0x80007d76 (0xf4178c83) lb      s9, -191(a5)
core   0: 3 0x80007d76 (0xf4178c83) x25 0x00000000 mem 0x8001364d
core   0: 0x80007d7a (0xfec79083) lh      ra, -20(a5)
core   0: 3 0x80007d7a (0xfec79083) x1  0x00000000 mem 0x800136f8
core   0: 0x80007d7e (0x06378283) lb      t0, 99(a5)
core   0: 3 0x80007d7e (0x06378283) x5  0x00000000 mem 0x8001376f
core   0: 0x80007d82 (0x04a78483) lb      s1, 74(a5)
core   0: 3 0x80007d82 (0x04a78483) x9  0x00000000 mem 0x80013756
core   0: 0x80007d86 (0xf0279503) lh      a0, -254(a5)
core   0: 3 0x80007d86 (0xf0279503) x10 0x00000000 mem 0x8001360e
core   0: 0x80007d8a (0xf59788a3) sb      s9, -175(a5)
core   0: 3 0x80007d8a (0xf59788a3) mem 0x8001365d 0x00
core   0: 0x80007d8e (0x0194e0b3) or      ra, s1, s9
core   0: 3 0x80007d8e (0x0194e0b3) x1  0x00000000
core   0: 0x80007d92 (0x0137cc83) lbu     s9, 19(a5)
core   0: 3 0x80007d92 (0x0137cc83) x25 0x00000000 mem 0x8001371f
core   0: 0x80007d96 (0xf697c083) lbu     ra, -151(a5)
core   0: 3 0x80007d96 (0xf697c083) x1  0x00000000 mem 0x80013675
core   0: 0x80007d9a (0xf087d583) lhu     a1, -248(a5)
core   0: 3 0x80007d9a (0xf087d583) x11 0x00000000 mem 0x80013614
core   0: 0x80007d9e (0xf937c083) lbu     ra, -109(a5)
core   0: 3 0x80007d9e (0xf937c083) x1  0x00000000 mem 0x8001369f
core   0: 0x80007da2 (0x00000292) c.slli  t0, 4
core   0: 3 0x80007da2 (0x0292) x5  0x00000000
core   0: 0x80007da4 (0xf587dc83) lhu     s9, -168(a5)
core   0: 3 0x80007da4 (0xf587dc83) x25 0x00000000 mem 0x80013664
core   0: 0x80007da8 (0xf3679503) lh      a0, -202(a5)
core   0: 3 0x80007da8 (0xf3679503) x10 0x00000000 mem 0x80013642
core   0: 0x80007dac (0xf817a023) sw      ra, -128(a5)
core   0: 3 0x80007dac (0xf817a023) mem 0x8001368c 0x00000000
core   0: 0x80007db0 (0x0000fc97) auipc   s9, 0xf
core   0: 3 0x80007db0 (0x0000fc97) x25 0x80016db0
core   0: 0x80007db4 (0xfcfc8c93) addi    s9, s9, -49
core   0: 3 0x80007db4 (0xfcfc8c93) x25 0x80016d7f
core   0: 0x80007db8 (0x00015913) srli    s2, sp, 0
core   0: 3 0x80007db8 (0x00015913) x18 0x00000000
core   0: 0x80007dbc (0x00008c0d) c.sub   s0, a1
core   0: 3 0x80007dbc (0x8c0d) x8  0xf8000000
core   0: 0x80007dbe (0x00008fc1) c.or    a5, s0
core   0: 3 0x80007dbe (0x8fc1) x15 0xf801370c
core   0: 0x80007dc0 (0xd44c8583) lb      a1, -700(s9)
core   0: 3 0x80007dc0 (0xd44c8583) x11 0x00000000 mem 0x80016ac3
core   0: 0x80007dc4 (0x40858c33) sub     s8, a1, s0
core   0: 3 0x80007dc4 (0x40858c33) x24 0x08000000
core   0: 0x80007dc8 (0xca2c93a3) sh      sp, -857(s9)
core   0: 3 0x80007dc8 (0xca2c93a3) mem 0x80016a26 0x0000
core   0: 0x80007dcc (0x00b7d7b3) srl     a5, a5, a1
core   0: 3 0x80007dcc (0x00b7d7b3) x15 0xf801370c
core   0: 0x80007dd0 (0x11cc8903) lb      s2, 284(s9)
core   0: 3 0x80007dd0 (0x11cc8903) x18 0x00000000 mem 0x80016e9b
core   0: 0x80007dd4 (0xc0d7b593) sltiu   a1, a5, -1011
core   0: 3 0x80007dd4 (0xc0d7b593) x11 0x00000001
core   0: 0x80007dd8 (0x00b41593) slli    a1, s0, 11
core   0: 3 0x80007dd8 (0x00b41593) x11 0x00000000
core   0: 0x80007ddc (0x000097be) c.add   a5, a5
core   0: 3 0x80007ddc (0x97be) x15 0xf0026e18
core   0: 0x80007dde (0x906c8c03) lb      s8, -1786(s9)
core   0: 3 0x80007dde (0x906c8c03) x24 0x00000000 mem 0x80016685
core   0: 0x80007de2 (0x198ca4a3) sw      s8, 393(s9)
core   0: 3 0x80007de2 (0x198ca4a3) mem 0x80016f08 0x00000000
core   0: 0x80007de6 (0x54d58793) addi    a5, a1, 1357
core   0: 3 0x80007de6 (0x54d58793) x15 0x0000054d
core   0: 0x80007dea (0x00008f9d) c.sub   a5, a5
core   0: 3 0x80007dea (0x8f9d) x15 0x00000000
core   0: 0x80007dec (0xf2bcc783) lbu     a5, -213(s9)
core   0: 3 0x80007dec (0xf2bcc783) x15 0x00000000 mem 0x80016caa
core   0: 0x80007df0 (0x00006151) c.addi16sp sp, 272
core   0: 3 0x80007df0 (0x6151) x2  0x00000110
core   0: 0x80007df2 (0x122c8783) lb      a5, 290(s9)
core   0: 3 0x80007df2 (0x122c8783) x15 0x00000000 mem 0x80016ea1
core   0: 0x80007df6 (0x02296c33) rem     s8, s2, sp
core   0: 3 0x80007df6 (0x02296c33) x24 0x00000000
core   0: 0x80007dfa (0x00008fad) c.xor   a5, a1
core   0: 3 0x80007dfa (0x8fad) x15 0x00000000
core   0: 0x80007dfc (0x8f946793) ori     a5, s0, -1799
core   0: 3 0x80007dfc (0x8f946793) x15 0xfffff8f9
core   0: 0x80007e00 (0x00000001) c.nop
core   0: 3 0x80007e00 (0x0001)
core   0: 0x80007e02 (0xc77cd403) lhu     s0, -905(s9)
core   0: 3 0x80007e02 (0xc77cd403) x8  0x00000000 mem 0x800169f6
core   0: 0x80007e06 (0x00813933) sltu    s2, sp, s0
core   0: 3 0x80007e06 (0x00813933) x18 0x00000000
core   0: 0x80007e0a (0x02258c33) mul     s8, a1, sp
core   0: 3 0x80007e0a (0x02258c33) x24 0x00000000
core   0: 0x80007e0e (0x0287f5b3) remu    a1, a5, s0
core   0: 3 0x80007e0e (0x0287f5b3) x11 0xfffff8f9
core   0: 0x80007e12 (0x0325f433) remu    s0, a1, s2
core   0: 3 0x80007e12 (0x0325f433) x8  0xfffff8f9
core   0: 0x80007e16 (0xcf2c8d23) sb      s2, -774(s9)
core   0: 3 0x80007e16 (0xcf2c8d23) mem 0x80016a79 0x00
core   0: 0x80007e1a (0x01995413) srli    s0, s2, 25
core   0: 3 0x80007e1a (0x01995413) x8  0x00000000
core   0: 0x80007e1e (0x022967b3) rem     a5, s2, sp
core   0: 3 0x80007e1e (0x022967b3) x15 0x00000000
core   0: 0x80007e22 (0xe0fca0a3) sw      a5, -511(s9)
core   0: 3 0x80007e22 (0xe0fca0a3) mem 0x80016b80 0x00000000
core   0: 0x80007e26 (0xc996a5b7) lui     a1, 0xc996a
core   0: 3 0x80007e26 (0xc996a5b7) x11 0xc996a000
core   0: 0x80007e2a (0x06bc8923) sb      a1, 114(s9)
core   0: 3 0x80007e2a (0x06bc8923) mem 0x80016df1 0x00
core   0: 0x80007e2e (0x028c3c33) mulhu   s8, s8, s0
core   0: 3 0x80007e2e (0x028c3c33) x24 0x00000000
core   0: 0x80007e32 (0x00001a1c) c.addi4spn a5, sp, 304
core   0: 3 0x80007e32 (0x1a1c) x15 0x00000240
core   0: 0x80007e34 (0x02f7c7b3) div     a5, a5, a5
core   0: 3 0x80007e34 (0x02f7c7b3) x15 0x00000001
core   0: 0x80007e38 (0x00000001) c.nop
core   0: 3 0x80007e38 (0x0001)
core   0: 0x80007e3a (0x032917b3) mulh    a5, s2, s2
core   0: 3 0x80007e3a (0x032917b3) x15 0x00000000
core   0: 0x80007e3e (0x3abc91a3) sh      a1, 931(s9)
core   0: 3 0x80007e3e (0x3abc91a3) mem 0x80017122 0xa000
core   0: 0x80007e42 (0x804cc903) lbu     s2, -2044(s9)
core   0: 3 0x80007e42 (0x804cc903) x18 0x00000000 mem 0x80016583
core   0: 0x80007e46 (0x4f8c89a3) sb      s8, 1267(s9)
core   0: 3 0x80007e46 (0x4f8c89a3) mem 0x80017272 0x00
core   0: 0x80007e4a (0x0000d997) auipc   s3, 0xd
core   0: 3 0x80007e4a (0x0000d997) x19 0x80014e4a
core   0: 0x80007e4e (0x09c98993) addi    s3, s3, 156
core   0: 3 0x80007e4e (0x09c98993) x19 0x80014ee6
core   0: 0x80007e52 (0xa139c703) lbu     a4, -1517(s3)
core   0: 3 0x80007e52 (0xa139c703) x14 0x00000000 mem 0x800148f9
core   0: 0x80007e56 (0x00009266) c.add   tp, s9
core   0: 3 0x80007e56 (0x9266) x4  0x80016d7f
core   0: 0x80007e58 (0xf499c183) lbu     gp, -183(s3)
core   0: 3 0x80007e58 (0xf499c183) x3  0x00000000 mem 0x80014e2f
core   0: 0x80007e5c (0x0026ebb3) or      s7, a3, sp
core   0: 3 0x80007e5c (0x0026ebb3) x23 0x000001b7
core   0: 0x80007e60 (0x40dd0233) sub     tp, s10, a3
core   0: 3 0x80007e60 (0x40dd0233) x4  0xfffffe60
core   0: 0x80007e64 (0xf47984a3) sb      t2, -183(s3)
core   0: 3 0x80007e64 (0xf47984a3) mem 0x80014e2f 0x00
core   0: 0x80007e68 (0x037000b3) mul     ra, zero, s7
core   0: 3 0x80007e68 (0x037000b3) x1  0x00000000
core   0: 0x80007e6c (0xf4998e03) lb      t3, -183(s3)
core   0: 3 0x80007e6c (0xf4998e03) x28 0x00000000 mem 0x80014e2f
core   0: 0x80007e70 (0xf4b984a3) sb      a1, -183(s3)
core   0: 3 0x80007e70 (0xf4b984a3) mem 0x80014e2f 0x00
core   0: 0x80007e74 (0x00008dd5) c.or    a1, a3
core   0: 3 0x80007e74 (0x8dd5) x11 0xc996a1a7
core   0: 0x80007e76 (0x40b95d13) srai    s10, s2, 11
core   0: 3 0x80007e76 (0x40b95d13) x26 0x00000000
core   0: 0x80007e7a (0x84900313) li      t1, -1975
core   0: 3 0x80007e7a (0x84900313) x6  0xfffff849
core   0: 0x80007e7e (0xf5b984a3) sb      s11, -183(s3)
core   0: 3 0x80007e7e (0xf5b984a3) mem 0x80014e2f 0x00
core   0: 0x80007e82 (0xf4998d03) lb      s10, -183(s3)
core   0: 3 0x80007e82 (0xf4998d03) x26 0x00000000 mem 0x80014e2f
core   0: 0x80007e86 (0xf499cb83) lbu     s7, -183(s3)
core   0: 3 0x80007e86 (0xf499cb83) x23 0x00000000 mem 0x80014e2f
core   0: 0x80007e8a (0xf4998603) lb      a2, -183(s3)
core   0: 3 0x80007e8a (0xf4998603) x12 0x00000000 mem 0x80014e2f
core   0: 0x80007e8e (0x2c69a803) lw      a6, 710(s3)
core   0: 3 0x80007e8e (0x2c69a803) x16 0x00000000 mem 0x800151ac
core   0: 0x80007e92 (0x2c69aa03) lw      s4, 710(s3)
core   0: 3 0x80007e92 (0x2c69aa03) x20 0x00000000 mem 0x800151ac
core   0: 0x80007e96 (0x00004121) c.li    sp, 8
core   0: 3 0x80007e96 (0x4121) x2  0x00000008
core   0: 0x80007e98 (0x00004495) c.li    s1, 5
core   0: 3 0x80007e98 (0x4495) x9  0x00000005
core   0: 0x80007e9a (0x00004935) c.li    s2, 13
core   0: 3 0x80007e9a (0x4935) x18 0x0000000d
core   0: 0x80007e9c (0x00001171) c.addi  sp, -4
core   0: 3 0x80007e9c (0x1171) x2  0x00000004
core   0: 0x80007e9e (0x00005bdd) c.li    s7, -9
core   0: 3 0x80007e9e (0x5bdd) x23 0xfffffff7
core   0: 0x80007ea0 (0x00008fe1) c.and   a5, s0
core   0: 3 0x80007ea0 (0x8fe1) x15 0x00000000
core   0: 0x80007ea2 (0x00004d89) c.li    s11, 2
core   0: 3 0x80007ea2 (0x4d89) x27 0x00000002
core   0: 0x80007ea4 (0x00b5b033) sltu    zero, a1, a1
core   0: 3 0x80007ea4 (0x00b5b033)
core   0: 0x80007ea8 (0x00000ba9) c.addi  s7, 10
core   0: 3 0x80007ea8 (0x0ba9) x23 0x00000001
core   0: 0x80007eaa (0xffbbede3) bltu    s7, s11, pc - 6
core   0: 3 0x80007eaa (0xffbbede3)
core   0: 0x80007ea4 (0x00b5b033) sltu    zero, a1, a1
core   0: 3 0x80007ea4 (0x00b5b033)
core   0: 0x80007ea8 (0x00000ba9) c.addi  s7, 10
core   0: 3 0x80007ea8 (0x0ba9) x23 0x0000000b
core   0: 0x80007eaa (0xffbbede3) bltu    s7, s11, pc - 6
core   0: 3 0x80007eaa (0xffbbede3)
core   0: 0x80007eae (0xfe9176e3) bgeu    sp, s1, pc - 20
core   0: 3 0x80007eae (0xfe9176e3)
core   0: 0x80007eb2 (0x00008dc5) c.or    a1, s1
core   0: 3 0x80007eb2 (0x8dc5) x11 0xc996a1a7
core   0: 0x80007eb4 (0x0000577d) c.li    a4, -1
core   0: 3 0x80007eb4 (0x577d) x14 0xffffffff
core   0: 0x80007eb6 (0x40300333) sub     t1, zero, gp
core   0: 3 0x80007eb6 (0x40300333) x6  0x00000000
core   0: 0x80007eba (0x037e4333) div     t1, t3, s7
core   0: 3 0x80007eba (0x037e4333) x6  0x00000000
core   0: 0x80007ebe (0x000067dd) c.lui   a5, 0x17
core   0: 3 0x80007ebe (0x67dd) x15 0x00017000
core   0: 0x80007ec0 (0x224558b7) lui     a7, 0x22455
core   0: 3 0x80007ec0 (0x224558b7) x17 0x22455000
core   0: 0x80007ec4 (0x00000001) c.nop
core   0: 3 0x80007ec4 (0x0001)
core   0: 0x80007ec6 (0xb367f513) andi    a0, a5, -1226
core   0: 3 0x80007ec6 (0xb367f513) x10 0x00017000
core   0: 0x80007eca (0x00000001) c.nop
core   0: 3 0x80007eca (0x0001)
core   0: 0x80007ecc (0x00000705) c.addi  a4, 1
core   0: 3 0x80007ecc (0x0705) x14 0x00000000
core   0: 0x80007ece (0x016b1613) slli    a2, s6, 22
core   0: 3 0x80007ece (0x016b1613) x12 0x02000000
core   0: 0x80007ed2 (0x03fbd1b3) divu    gp, s7, t6
core   0: 3 0x80007ed2 (0x03fbd1b3) x3  0xffffffff
core   0: 0x80007ed6 (0x00009f86) c.add   t6, ra
core   0: 3 0x80007ed6 (0x9f86) x31 0x00000000
core   0: 0x80007ed8 (0x00000001) c.nop
core   0: 3 0x80007ed8 (0x0001)
core   0: 0x80007eda (0x415856b3) sra     a3, a6, s5
core   0: 3 0x80007eda (0x415856b3) x13 0x00000000
core   0: 0x80007ede (0x0000180c) c.addi4spn a1, sp, 48
core   0: 3 0x80007ede (0x180c) x11 0x00000034
core   0: 0x80007ee0 (0x00000e25) c.addi  t3, 9
core   0: 3 0x80007ee0 (0x0e25) x28 0x00000009
core   0: 0x80007ee2 (0x7640a113) slti    sp, ra, 1892
core   0: 3 0x80007ee2 (0x7640a113) x2  0x00000001
core   0: 0x80007ee6 (0x0000f365) c.bnez  a4, pc - 32
core   0: 3 0x80007ee6 (0xf365)
core   0: 0x80007ee8 (0x00000422) c.slli  s0, 8
core   0: 3 0x80007ee8 (0x0422) x8  0x00000000
core   0: 0x80007eea (0x00009117) auipc   sp, 0x9
core   0: 3 0x80007eea (0x00009117) x2  0x80010eea
core   0: 0x80007eee (0xf1a10113) addi    sp, sp, -230
core   0: 3 0x80007eee (0xf1a10113) x2  0x80010e04
core   0: 0x80007ef2 (0x02e11703) lh      a4, 46(sp)
core   0: 3 0x80007ef2 (0x02e11703) x14 0x00000000 mem 0x80010e32
core   0: 0x80007ef6 (0x022cb0b3) mulhu   ra, s9, sp
core   0: 3 0x80007ef6 (0x022cb0b3) x1  0x40013dc3
core   0: 0x80007efa (0xfc814203) lbu     tp, -56(sp)
core   0: 3 0x80007efa (0xfc814203) x4  0x00000005 mem 0x80010dcc
core   0: 0x80007efe (0x0d74cc93) xori    s9, s1, 215
core   0: 3 0x80007efe (0x0d74cc93) x25 0x000000d2
core   0: 0x80007f02 (0x0085d733) srl     a4, a1, s0
core   0: 3 0x80007f02 (0x0085d733) x14 0x00000034
core   0: 0x80007f06 (0xfc910423) sb      s1, -56(sp)
core   0: 3 0x80007f06 (0xfc910423) mem 0x80010dcc 0x05
core   0: 0x80007f0a (0xfc814683) lbu     a3, -56(sp)
core   0: 3 0x80007f0a (0xfc814683) x13 0x00000005 mem 0x80010dcc
core   0: 0x80007f0e (0x01710ea3) sb      s7, 29(sp)
core   0: 3 0x80007f0e (0x01710ea3) mem 0x80010e21 0x0b
core   0: 0x80007f12 (0xfee106a3) sb      a4, -19(sp)
core   0: 3 0x80007f12 (0xfee106a3) mem 0x80010df1 0x34
core   0: 0x80007f16 (0xfcc11f23) sh      a2, -34(sp)
core   0: 3 0x80007f16 (0xfcc11f23) mem 0x80010de2 0x0000
core   0: 0x80007f1a (0xfdb10f23) sb      s11, -34(sp)
core   0: 3 0x80007f1a (0xfdb10f23) mem 0x80010de2 0x02
core   0: 0x80007f1e (0x00000001) c.nop
core   0: 3 0x80007f1e (0x0001)
core   0: 0x80007f20 (0xfd2101a3) sb      s2, -61(sp)
core   0: 3 0x80007f20 (0xfd2101a3) mem 0x80010dc7 0x0d
core   0: 0x80007f24 (0xe465c013) xori    zero, a1, -442
core   0: 3 0x80007f24 (0xe465c013)
core   0: 0x80007f28 (0x00005682) c.lwsp  a3, 32(sp)
core   0: 3 0x80007f28 (0x5682) x13 0x80029d24 mem 0x80010e24
core   0: 0x80007f2a (0x0000d03a) c.swsp  a4, 32(sp)
core   0: 3 0x80007f2a (0xd03a) mem 0x80010e24 0x00000034
core   0: 0x80007f2c (0x0000d07a) c.swsp  t5, 32(sp)
core   0: 3 0x80007f2c (0xd07a) mem 0x80010e24 0x80029d24
core   0: 0x80007f2e (0x00005802) c.lwsp  a6, 32(sp)
core   0: 3 0x80007f2e (0x5802) x16 0x80029d24 mem 0x80010e24
core   0: 0x80007f30 (0x013f06b3) add     a3, t5, s3
core   0: 3 0x80007f30 (0x013f06b3) x13 0x0003ec0a
core   0: 0x80007f34 (0x0000d07a) c.swsp  t5, 32(sp)
core   0: 3 0x80007f34 (0xd07a) mem 0x80010e24 0x80029d24
core   0: 0x80007f36 (0x00004709) c.li    a4, 2
core   0: 3 0x80007f36 (0x4709) x14 0x00000002
core   0: 0x80007f38 (0x00000698) c.addi4spn a4, sp, 832
core   0: 3 0x80007f38 (0x0698) x14 0x80011144
core   0: 0x80007f3a (0x02ac8fb3) mul     t6, s9, a0
core   0: 3 0x80007f3a (0x02ac8fb3) x31 0x012de000
core   0: 0x80007f3e (0x00008c31) c.xor   s0, a2
core   0: 3 0x80007f3e (0x8c31) x8  0x02000000
core   0: 0x80007f40 (0x0000e329) c.bnez  a4, pc + 66
core   0: 3 0x80007f40 (0xe329)
core   0: 0x80007f82 (0x03f85d63) bge     a6, t6, pc + 58
core   0: 3 0x80007f82 (0x03f85d63)
core   0: 0x80007f86 (0x00004875) c.li    a6, 29
core   0: 3 0x80007f86 (0x4875) x16 0x0000001d
core   0: 0x80007f88 (0x00000001) c.nop
core   0: 3 0x80007f88 (0x0001)
core   0: 0x80007f8a (0x00008bbd) c.andi  a5, 15
core   0: 3 0x80007f8a (0x8bbd) x15 0x00000000
core   0: 0x80007f8c (0x3f227293) andi    t0, tp, 1010
core   0: 3 0x80007f8c (0x3f227293) x5  0x00000000
core   0: 0x80007f90 (0x03c47c33) remu    s8, s0, t3
core   0: 3 0x80007f90 (0x03c47c33) x24 0x00000002
core   0: 0x80007f94 (0x0172de63) bge     t0, s7, pc + 28
core   0: 3 0x80007f94 (0x0172de63)
core   0: 0x80007f98 (0x007c27b3) slt     a5, s8, t2
core   0: 3 0x80007f98 (0x007c27b3) x15 0x00000001
core   0: 0x80007f9c (0x00900f63) beq     zero, s1, pc + 30
core   0: 3 0x80007f9c (0x00900f63)
core   0: 0x80007fa0 (0x00008df1) c.and   a1, a2
core   0: 3 0x80007fa0 (0x8df1) x11 0x00000000
core   0: 0x80007fa2 (0x00d59d93) slli    s11, a1, 13
core   0: 3 0x80007fa2 (0x00d59d93) x27 0x00000000
core   0: 0x80007fa6 (0x0000668d) c.lui   a3, 0x3
core   0: 3 0x80007fa6 (0x668d) x13 0x00003000
core   0: 0x80007fa8 (0x00001a7d) c.addi  s4, -1
core   0: 3 0x80007fa8 (0x1a7d) x20 0xffffffff
core   0: 0x80007faa (0x000061b5) c.lui   gp, 0xd
core   0: 3 0x80007faa (0x61b5) x3  0x0000d000
core   0: 0x80007fac (0x02bbd2b3) divu    t0, s7, a1
core   0: 3 0x80007fac (0x02bbd2b3) x5  0xffffffff
core   0: 0x80007fb0 (0x0000978a) c.add   a5, sp
core   0: 3 0x80007fb0 (0x978a) x15 0x80010e05
core   0: 0x80007fb2 (0x03a3b233) mulhu   tp, t2, s10
core   0: 3 0x80007fb2 (0x03a3b233) x4  0x00000000
core   0: 0x80007fb6 (0xc3bdce37) lui     t3, 0xc3bdc
core   0: 3 0x80007fb6 (0xc3bdce37) x28 0xc3bdc000
core   0: 0x80007fba (0x00008cdd) c.or    s1, a5
core   0: 3 0x80007fba (0x8cdd) x9  0x80010e05
core   0: 0x80007fbc (0x032aefb3) rem     t6, s5, s2
core   0: 3 0x80007fbc (0x032aefb3) x31 0x00000008
core   0: 0x80007fc0 (0x628b6617) auipc   a2, 0x628b6
core   0: 3 0x80007fc0 (0x628b6617) x12 0xe28bdfc0
core   0: 0x80007fc4 (0x022dad33) mulhsu  s10, s11, sp
core   0: 3 0x80007fc4 (0x022dad33) x26 0x00000000
core   0: 0x80007fc8 (0x0255ee33) rem     t3, a1, t0
core   0: 3 0x80007fc8 (0x0255ee33) x28 0x00000000
core   0: 0x80007fcc (0x000083c1) c.srli  a5, 16
core   0: 3 0x80007fcc (0x83c1) x15 0x00008001
core   0: 0x80007fce (0x0000987d) c.andi  s0, -1
core   0: 3 0x80007fce (0x987d) x8  0x02000000
core   0: 0x80007fd0 (0x0000975a) c.add   a4, s6
core   0: 3 0x80007fd0 (0x975a) x14 0x8001114c
core   0: 0x80007fd2 (0x015ce963) bltu    s9, s5, pc + 18
core   0: 3 0x80007fd2 (0x015ce963)
core   0: 0x80007fd6 (0x41ac87b3) sub     a5, s9, s10
core   0: 3 0x80007fd6 (0x41ac87b3) x15 0x000000d2
core   0: 0x80007fda (0x00004705) c.li    a4, 1
core   0: 3 0x80007fda (0x4705) x14 0x00000001
core   0: 0x80007fdc (0x000016fd) c.addi  a3, -1
core   0: 3 0x80007fdc (0x16fd) x13 0x00002fff
core   0: 0x80007fde (0x00000001) c.nop
core   0: 3 0x80007fde (0x0001)
core   0: 0x80007fe0 (0x012abe33) sltu    t3, s5, s2
core   0: 3 0x80007fe0 (0x012abe33) x28 0x00000001
core   0: 0x80007fe4 (0xc35a2693) slti    a3, s4, -971
core   0: 3 0x80007fe4 (0xc35a2693) x13 0x00000000
core   0: 0x80007fe8 (0x019620b3) slt     ra, a2, s9
core   0: 3 0x80007fe8 (0x019620b3) x1  0x00000001
core   0: 0x80007fec (0x0000c70d) c.beqz  a4, pc + 42
core   0: 3 0x80007fec (0xc70d)
core   0: 0x80007fee (0x16757613) andi    a2, a0, 359
core   0: 3 0x80007fee (0x16757613) x12 0x00000000
core   0: 0x80007ff2 (0x0183fb33) and     s6, t2, s8
core   0: 3 0x80007ff2 (0x0183fb33) x22 0x00000000
core   0: 0x80007ff6 (0x72ebccb7) lui     s9, 0x72ebc
core   0: 3 0x80007ff6 (0x72ebccb7) x25 0x72ebc000
core   0: 0x80007ffa (0x0000717d) c.addi16sp sp, -16
core   0: 3 0x80007ffa (0x717d) x2  0x80010df4
core   0: 0x80007ffc (0x015da9b3) slt     s3, s11, s5
core   0: 3 0x80007ffc (0x015da9b3) x19 0x00000001
core   0: 0x80008000 (0x03a5ccb3) div     s9, a1, s10
core   0: 3 0x80008000 (0x03a5ccb3) x25 0xffffffff
core   0: 0x80008004 (0x00008f25) c.xor   a4, s1
core   0: 3 0x80008004 (0x8f25) x14 0x80010e04
core   0: 0x80008006 (0x00008fe5) c.and   a5, s1
core   0: 3 0x80008006 (0x8fe5) x15 0x00000000
core   0: 0x80008008 (0x0127cd33) xor     s10, a5, s2
core   0: 3 0x80008008 (0x0127cd33) x26 0x0000000d
core   0: 0x8000800c (0x032676b3) remu    a3, a2, s2
core   0: 3 0x8000800c (0x032676b3) x13 0x00000000
core   0: 0x80008010 (0x132a2293) slti    t0, s4, 306
core   0: 3 0x80008010 (0x132a2293) x5  0x00000001
core   0: 0x80008014 (0x0000042a) c.slli  s0, 10
core   0: 3 0x80008014 (0x042a) x8  0x00000000
core   0: 0x80008016 (0x51c9e713) ori     a4, s3, 1308
core   0: 3 0x80008016 (0x51c9e713) x14 0x0000051d
core   0: 0x8000801a (0x00b238b3) sltu    a7, tp, a1
core   0: 3 0x8000801a (0x00b238b3) x17 0x00000000
core   0: 0x8000801e (0xa23ec093) xori    ra, t4, -1501
core   0: 3 0x8000801e (0xa23ec093) x1  0x7ffda40b
core   0: 0x80008022 (0x0186bc33) sltu    s8, a3, s8
core   0: 3 0x80008022 (0x0186bc33) x24 0x00000001
core   0: 0x80008026 (0x9aaa0f93) addi    t6, s4, -1622
core   0: 3 0x80008026 (0x9aaa0f93) x31 0xfffff9a9
core   0: 0x8000802a (0x9faaa493) slti    s1, s5, -1542
core   0: 3 0x8000802a (0x9faaa493) x9  0x00000000
core   0: 0x8000802e (0x014057b3) srl     a5, zero, s4
core   0: 3 0x8000802e (0x014057b3) x15 0x00000000
core   0: 0x80008032 (0x010a5533) srl     a0, s4, a6
core   0: 3 0x80008032 (0x010a5533) x10 0x00000007
core   0: 0x80008036 (0x00005a7d) c.li    s4, -1
core   0: 3 0x80008036 (0x5a7d) x20 0xffffffff
core   0: 0x80008038 (0x01751e33) sll     t3, a0, s7
core   0: 3 0x80008038 (0x01751e33) x28 0x00003800
core   0: 0x8000803c (0x00a61263) bne     a2, a0, pc + 4
core   0: 3 0x8000803c (0x00a61263)
core   0: 0x80008040 (0x0000e3b9) c.bnez  a5, pc + 70
core   0: 3 0x80008040 (0xe3b9)
core   0: 0x80008042 (0x01fc61b3) or      gp, s8, t6
core   0: 3 0x80008042 (0x01fc61b3) x3  0xfffff9a9
core   0: 0x80008046 (0x0228b333) mulhu   t1, a7, sp
core   0: 3 0x80008046 (0x0228b333) x6  0x00000000
core   0: 0x8000804a (0x00dcf633) and     a2, s9, a3
core   0: 3 0x8000804a (0x00dcf633) x12 0x00000000
core   0: 0x8000804e (0x5a10ed93) ori     s11, ra, 1441
core   0: 3 0x8000804e (0x5a10ed93) x27 0x7ffda5ab
core   0: 0x80008052 (0x0000ea05) c.bnez  a2, pc + 48
core   0: 3 0x80008052 (0xea05)
core   0: 0x80008054 (0x02cbec33) rem     s8, s7, a2
core   0: 3 0x80008054 (0x02cbec33) x24 0x0000000b
core   0: 0x80008058 (0xd544b013) sltiu   zero, s1, -684
core   0: 3 0x80008058 (0xd544b013)
core   0: 0x8000805c (0x0130ec33) or      s8, ra, s3
core   0: 3 0x8000805c (0x0130ec33) x24 0x7ffda40b
core   0: 0x80008060 (0x0000cd11) c.beqz  a0, pc + 28
core   0: 3 0x80008060 (0xcd11)
core   0: 0x80008062 (0x31f1a913) slti    s2, gp, 799
core   0: 3 0x80008062 (0x31f1a913) x18 0x00000001
core   0: 0x80008066 (0x02b1efb3) rem     t6, gp, a1
core   0: 3 0x80008066 (0x02b1efb3) x31 0xfffff9a9
core   0: 0x8000806a (0x00eb9c33) sll     s8, s7, a4
core   0: 3 0x8000806a (0x00eb9c33) x24 0x60000000
core   0: 0x8000806e (0x00000a7a) c.slli  s4, 30
core   0: 3 0x8000806e (0x0a7a) x20 0xc0000000
core   0: 0x80008070 (0x03a5c863) blt     a1, s10, pc + 48
core   0: 3 0x80008070 (0x03a5c863)
core   0: 0x800080a0 (0x027231b3) mulhu   gp, tp, t2
core   0: 3 0x800080a0 (0x027231b3) x3  0x00000000
core   0: 0x800080a4 (0x02f2c063) blt     t0, a5, pc + 32
core   0: 3 0x800080a4 (0x02f2c063)
core   0: 0x800080a8 (0x402cd513) srai    a0, s9, 2
core   0: 3 0x800080a8 (0x402cd513) x10 0xffffffff
core   0: 0x800080ac (0x005b1a13) slli    s4, s6, 5
core   0: 3 0x800080ac (0x005b1a13) x20 0x00000000
core   0: 0x800080b0 (0x00009afd) c.andi  a3, -1
core   0: 3 0x800080b0 (0x9afd) x13 0x00000000
core   0: 0x800080b2 (0x00001314) c.addi4spn a3, sp, 416
core   0: 3 0x800080b2 (0x1314) x13 0x80010f94
core   0: 0x800080b4 (0x009918b3) sll     a7, s2, s1
core   0: 3 0x800080b4 (0x009918b3) x17 0x00000001
core   0: 0x800080b8 (0x016d64b3) or      s1, s10, s6
core   0: 3 0x800080b8 (0x016d64b3) x9  0x0000000d
core   0: 0x800080bc (0x00000705) c.addi  a4, 1
core   0: 3 0x800080bc (0x0705) x14 0x0000051e
core   0: 0x800080be (0x018073b3) and     t2, zero, s8
core   0: 3 0x800080be (0x018073b3) x7  0x00000000
core   0: 0x800080c2 (0x00008385) c.srli  a5, 1
core   0: 3 0x800080c2 (0x8385) x15 0x00000000
core   0: 0x800080c4 (0x40bdd793) srai    a5, s11, 11
core   0: 3 0x800080c4 (0x40bdd793) x15 0x000fffb4
core   0: 0x800080c8 (0x01059b13) slli    s6, a1, 16
core   0: 3 0x800080c8 (0x01059b13) x22 0x00000000
core   0: 0x800080cc (0x01dae563) bltu    s5, t4, pc + 10
core   0: 3 0x800080cc (0x01dae563)
core   0: 0x800080d6 (0x017a6233) or      tp, s4, s7
core   0: 3 0x800080d6 (0x017a6233) x4  0x0000000b
core   0: 0x800080da (0x41b8d513) srai    a0, a7, 27
core   0: 3 0x800080da (0x41b8d513) x10 0x00000000
core   0: 0x800080de (0x00008fdd) c.or    a5, a5
core   0: 3 0x800080de (0x8fdd) x15 0x000fffb4
core   0: 0x800080e0 (0x00532633) slt     a2, t1, t0
core   0: 3 0x800080e0 (0x00532633) x12 0x00000001
core   0: 0x800080e4 (0x02d4a233) mulhsu  tp, s1, a3
core   0: 3 0x800080e4 (0x02d4a233) x4  0x00000006
core   0: 0x800080e8 (0xc12d2613) slti    a2, s10, -1006
core   0: 3 0x800080e8 (0xc12d2613) x12 0x00000000
core   0: 0x800080ec (0x03d8e063) bltu    a7, t4, pc + 32
core   0: 3 0x800080ec (0x03d8e063)
core   0: 0x8000810c (0xc489a993) slti    s3, s3, -952
core   0: 3 0x8000810c (0xc489a993) x19 0x00000000
core   0: 0x80008110 (0x024e6933) rem     s2, t3, tp
core   0: 3 0x80008110 (0x024e6933) x18 0x00000002
core   0: 0x80008114 (0x0000157d) c.addi  a0, -1
core   0: 3 0x80008114 (0x157d) x10 0xffffffff
core   0: 0x80008116 (0x018e09b3) add     s3, t3, s8
core   0: 3 0x80008116 (0x018e09b3) x19 0x60003800
core   0: 0x8000811a (0x000019fd) c.addi  s3, -1
core   0: 3 0x8000811a (0x19fd) x19 0x600037ff
core   0: 0x8000811c (0x009147b3) xor     a5, sp, s1
core   0: 3 0x8000811c (0x009147b3) x15 0x80010df9
core   0: 0x80008120 (0x01e0a733) slt     a4, ra, t5
core   0: 3 0x80008120 (0x01e0a733) x14 0x00000000
core   0: 0x80008124 (0x0000616d) c.addi16sp sp, 240
core   0: 3 0x80008124 (0x616d) x2  0x80010ee4
core   0: 0x80008126 (0x00b83833) sltu    a6, a6, a1
core   0: 3 0x80008126 (0x00b83833) x16 0x00000000
core   0: 0x8000812a (0x02fb8863) beq     s7, a5, pc + 48
core   0: 3 0x8000812a (0x02fb8863)
core   0: 0x8000812e (0x011f1b93) slli    s7, t5, 17
core   0: 3 0x8000812e (0x011f1b93) x23 0x3a480000
core   0: 0x80008132 (0x1d598d13) addi    s10, s3, 469
core   0: 3 0x80008132 (0x1d598d13) x26 0x600039d4
core   0: 0x80008136 (0x000098fd) c.andi  s1, -1
core   0: 3 0x80008136 (0x98fd) x9  0x0000000d
core   0: 0x80008138 (0x00008e15) c.sub   a2, a3
core   0: 3 0x80008138 (0x8e15) x12 0x7ffef06c
core   0: 0x8000813a (0x03be9d33) mulh    s10, t4, s11
core   0: 3 0x8000813a (0x03be9d33) x26 0xc0025c38
core   0: 0x8000813e (0x4172d333) sra     t1, t0, s7
core   0: 3 0x8000813e (0x4172d333) x6  0x00000001
core   0: 0x80008142 (0x000082e1) c.srli  a3, 24
core   0: 3 0x80008142 (0x82e1) x13 0x00000080
core   0: 0x80008144 (0x016193b3) sll     t2, gp, s6
core   0: 3 0x80008144 (0x016193b3) x7  0x00000000
core   0: 0x80008148 (0x00000cc6) c.slli  s9, 17
core   0: 3 0x80008148 (0x0cc6) x25 0xfffe0000
core   0: 0x8000814a (0x000081f5) c.srli  a1, 29
core   0: 3 0x8000814a (0x81f5) x11 0x00000000
core   0: 0x8000814c (0x75a36e13) ori     t3, t1, 1882
core   0: 3 0x8000814c (0x75a36e13) x28 0x0000075b
core   0: 0x80008150 (0x00006165) c.addi16sp sp, 112
core   0: 3 0x80008150 (0x6165) x2  0x80010f54
core   0: 0x80008152 (0x0157b333) sltu    t1, a5, s5
core   0: 3 0x80008152 (0x0157b333) x6  0x00000000
core   0: 0x80008156 (0xb46fc5b7) lui     a1, 0xb46fc
core   0: 3 0x80008156 (0xb46fc5b7) x11 0xb46fc000
core   0: 0x8000815a (0x84447013) andi    zero, s0, -1980
core   0: 3 0x8000815a (0x84447013)
core   0: 0x8000815e (0x02ae5933) divu    s2, t3, a0
core   0: 3 0x8000815e (0x02ae5933) x18 0x00000000
core   0: 0x80008162 (0x02bb8833) mul     a6, s7, a1
core   0: 3 0x80008162 (0x02bb8833) x16 0x00000000
core   0: 0x80008166 (0x0000e625) c.bnez  a2, pc + 104
core   0: 3 0x80008166 (0xe625)
core   0: 0x800081ce (0x00008ead) c.xor   a3, a1
core   0: 3 0x800081ce (0x8ead) x13 0xb46fc080
core   0: 0x800081d0 (0x030aee13) ori     t3, s5, 48
core   0: 3 0x800081d0 (0x030aee13) x28 0x00000038
core   0: 0x800081d4 (0x032617b3) mulh    a5, a2, s2
core   0: 3 0x800081d4 (0x032617b3) x15 0x00000000
core   0: 0x800081d8 (0x03668f63) beq     a3, s6, pc + 62
core   0: 3 0x800081d8 (0x03668f63)
core   0: 0x800081dc (0x0000c481) c.beqz  s1, pc + 8
core   0: 3 0x800081dc (0xc481)
core   0: 0x800081de (0x03e672b3) remu    t0, a2, t5
core   0: 3 0x800081de (0x03e672b3) x5  0x7ffef06c
core   0: 0x800081e2 (0x00008e35) c.xor   a2, a3
core   0: 3 0x800081e2 (0x8e35) x12 0xcb9130ec
core   0: 0x800081e4 (0x403b02b3) sub     t0, s6, gp
core   0: 3 0x800081e4 (0x403b02b3) x5  0x00000000
core   0: 0x800081e8 (0x14faf613) andi    a2, s5, 335
core   0: 3 0x800081e8 (0x14faf613) x12 0x00000008
core   0: 0x800081ec (0x037a9e33) mulh    t3, s5, s7
core   0: 3 0x800081ec (0x037a9e33) x28 0x00000001
core   0: 0x800081f0 (0x8921ca13) xori    s4, gp, -1902
core   0: 3 0x800081f0 (0x8921ca13) x20 0xfffff892
core   0: 0x800081f4 (0x11af6d37) lui     s10, 0x11af6
core   0: 3 0x800081f4 (0x11af6d37) x26 0x11af6000
core   0: 0x800081f8 (0x40add9b3) sra     s3, s11, a0
core   0: 3 0x800081f8 (0x40add9b3) x19 0x00000000
core   0: 0x800081fc (0x41538bb3) sub     s7, t2, s5
core   0: 3 0x800081fc (0x41538bb3) x23 0xfffffff8
core   0: 0x80008200 (0x00009416) c.add   s0, t0
core   0: 3 0x80008200 (0x9416) x8  0x00000000
core   0: 0x80008202 (0x28ac3113) sltiu   sp, s8, 650
core   0: 3 0x80008202 (0x28ac3113) x2  0x00000000
core   0: 0x80008206 (0x0000717d) c.addi16sp sp, -16
core   0: 3 0x80008206 (0x717d) x2  0xfffffff0
core   0: 0x80008208 (0x0000862d) c.srai  a2, 11
core   0: 3 0x80008208 (0x862d) x12 0x00000000
core   0: 0x8000820a (0x0378f833) remu    a6, a7, s7
core   0: 3 0x8000820a (0x0378f833) x16 0x00000001
core   0: 0x8000820e (0x0239cbb3) div     s7, s3, gp
core   0: 3 0x8000820e (0x0239cbb3) x23 0xffffffff
core   0: 0x80008212 (0x03b550b3) divu    ra, a0, s11
core   0: 3 0x80008212 (0x03b550b3) x1  0x00000002
core   0: 0x80008216 (0x00009a7d) c.andi  a2, -1
core   0: 3 0x80008216 (0x9a7d) x12 0x00000000
core   0: 0x80008218 (0x03182193) slti    gp, a6, 49
core   0: 3 0x80008218 (0x03182193) x3  0x00000001
core   0: 0x8000821c (0x2534f493) andi    s1, s1, 595
core   0: 3 0x8000821c (0x2534f493) x9  0x00000001
core   0: 0x80008220 (0x000048f5) c.li    a7, 29
core   0: 3 0x80008220 (0x48f5) x17 0x0000001d
core   0: 0x80008222 (0x00000001) c.nop
core   0: 3 0x80008222 (0x0001)
core   0: 0x80008224 (0x407d0733) sub     a4, s10, t2
core   0: 3 0x80008224 (0x407d0733) x14 0x11af6000
core   0: 0x80008228 (0x000087f5) c.srai  a5, 29
core   0: 3 0x80008228 (0x87f5) x15 0x00000000
core   0: 0x8000822a (0x00008c6d) c.and   s0, a1
core   0: 3 0x8000822a (0x8c6d) x8  0x00000000
core   0: 0x8000822c (0x020b7933) remu    s2, s6, zero
core   0: 3 0x8000822c (0x020b7933) x18 0x00000000
core   0: 0x80008230 (0x007fa5b3) slt     a1, t6, t2
core   0: 3 0x80008230 (0x007fa5b3) x11 0x00000001
core   0: 0x80008234 (0x010dd713) srli    a4, s11, 16
core   0: 3 0x80008234 (0x010dd713) x14 0x00007ffd
core   0: 0x80008238 (0x00aa15b3) sll     a1, s4, a0
core   0: 3 0x80008238 (0x00aa15b3) x11 0x00000000
core   0: 0x8000823c (0x357dd017) auipc   zero, 0x357dd
core   0: 3 0x8000823c (0x357dd017)
core   0: 0x80008240 (0x0480f063) bgeu    ra, s0, pc + 64
core   0: 3 0x80008240 (0x0480f063)
core   0: 0x80008280 (0x03ca2a33) mulhsu  s4, s4, t3
core   0: 3 0x80008280 (0x03ca2a33) x20 0xffffffff
core   0: 0x80008284 (0x0000c329) c.beqz  a4, pc + 66
core   0: 3 0x80008284 (0xc329)
core   0: 0x80008286 (0xdfbcac13) slti    s8, s9, -517
core   0: 3 0x80008286 (0xdfbcac13) x24 0x00000001
core   0: 0x8000828a (0x38b0b393) sltiu   t2, ra, 907
core   0: 3 0x8000828a (0x38b0b393) x7  0x00000001
core   0: 0x8000828e (0x00008cb5) c.xor   s1, a3
core   0: 3 0x8000828e (0x8cb5) x9  0xb46fc081
core   0: 0x80008290 (0x0053d2b3) srl     t0, t2, t0
core   0: 3 0x80008290 (0x0053d2b3) x5  0x00000001
core   0: 0x80008294 (0x04574363) blt     a4, t0, pc + 70
core   0: 3 0x80008294 (0x04574363)
core   0: 0x80008298 (0x0000071c) c.addi4spn a5, sp, 896
core   0: 3 0x80008298 (0x071c) x15 0x00000370
core   0: 0x8000829a (0x20dd8d93) addi    s11, s11, 525
core   0: 3 0x8000829a (0x20dd8d93) x27 0x7ffda7b8
core   0: 0x8000829e (0x00008875) c.andi  s0, 29
core   0: 3 0x8000829e (0x8875) x8  0x00000000
core   0: 0x800082a0 (0x00ea9663) bne     s5, a4, pc + 12
core   0: 3 0x800082a0 (0x00ea9663)
core   0: 0x800082ac (0x01591693) slli    a3, s2, 21
core   0: 3 0x800082ac (0x01591693) x13 0x00000000
core   0: 0x800082b0 (0x01c8b533) sltu    a0, a7, t3
core   0: 3 0x800082b0 (0x01c8b533) x10 0x00000000
core   0: 0x800082b4 (0x02c69663) bne     a3, a2, pc + 44
core   0: 3 0x800082b4 (0x02c69663)
core   0: 0x800082b8 (0x01c944b3) xor     s1, s2, t3
core   0: 3 0x800082b8 (0x01c944b3) x9  0x00000001
core   0: 0x800082bc (0x40e68cb3) sub     s9, a3, a4
core   0: 3 0x800082bc (0x40e68cb3) x25 0xffff8003
core   0: 0x800082c0 (0x00000001) c.nop
core   0: 3 0x800082c0 (0x0001)
core   0: 0x800082c2 (0x00f67e33) and     t3, a2, a5
core   0: 3 0x800082c2 (0x00f67e33) x28 0x00000000
core   0: 0x800082c6 (0x019fdf63) bge     t6, s9, pc + 30
core   0: 3 0x800082c6 (0x019fdf63)
core   0: 0x800082e4 (0x02e10633) mul     a2, sp, a4
core   0: 3 0x800082e4 (0x02e10633) x12 0xfff80030
core   0: 0x800082e8 (0x00000e8c) c.addi4spn a1, sp, 848
core   0: 3 0x800082e8 (0x0e8c) x11 0x00000340
core   0: 0x800082ea (0x00008dbd) c.xor   a1, a5
core   0: 3 0x800082ea (0x8dbd) x11 0x00000030
core   0: 0x800082ec (0x034fd733) divu    a4, t6, s4
core   0: 3 0x800082ec (0x034fd733) x14 0x00000000
core   0: 0x800082f0 (0x0287dd33) divu    s10, a5, s0
core   0: 3 0x800082f0 (0x0287dd33) x26 0xffffffff
core   0: 0x800082f4 (0x0242ba33) mulhu   s4, t0, tp
core   0: 3 0x800082f4 (0x0242ba33) x20 0x00000000
core   0: 0x800082f8 (0x04119263) bne     gp, ra, pc + 68
core   0: 3 0x800082f8 (0x04119263)
core   0: 0x8000833c (0x410b8033) sub     zero, s7, a6
core   0: 3 0x8000833c (0x410b8033)
core   0: 0x80008340 (0x001a98b3) sll     a7, s5, ra
core   0: 3 0x80008340 (0x001a98b3) x17 0x00000020
core   0: 0x80008344 (0x01271033) sll     zero, a4, s2
core   0: 3 0x80008344 (0x01271033)
core   0: 0x80008348 (0x0129c963) blt     s3, s2, pc + 18
core   0: 3 0x80008348 (0x0129c963)
core   0: 0x8000834c (0x00001f04) c.addi4spn s1, sp, 944
core   0: 3 0x8000834c (0x1f04) x9  0x000003a0
core   0: 0x8000834e (0x00000565) c.addi  a0, 25
core   0: 3 0x8000834e (0x0565) x10 0x00000019
core   0: 0x80008350 (0xf8813293) sltiu   t0, sp, -120
core   0: 3 0x80008350 (0xf8813293) x5  0x00000000
core   0: 0x80008354 (0x00000b7a) c.slli  s6, 30
core   0: 3 0x80008354 (0x0b7a) x22 0x00000000
core   0: 0x80008356 (0x278bba13) sltiu   s4, s7, 632
core   0: 3 0x80008356 (0x278bba13) x20 0x00000000
core   0: 0x8000835a (0x00006ca9) c.lui   s9, 0xa
core   0: 3 0x8000835a (0x6ca9) x25 0x0000a000
core   0: 0x8000835c (0x000082b6) c.mv    t0, a3
core   0: 3 0x8000835c (0x82b6) x5  0x00000000
core   0: 0x8000835e (0xfc5ff313) andi    t1, t6, -59
core   0: 3 0x8000835e (0xfc5ff313) x6  0xfffff981
core   0: 0x80008362 (0x00008fcd) c.or    a5, a1
core   0: 3 0x80008362 (0x8fcd) x15 0x00000370
core   0: 0x80008364 (0x038d47b3) div     a5, s10, s8
core   0: 3 0x80008364 (0x038d47b3) x15 0xffffffff
core   0: 0x80008368 (0x01f9e433) or      s0, s3, t6
core   0: 3 0x80008368 (0x01f9e433) x8  0xfffff9a9
core   0: 0x8000836c (0x00008981) c.andi  a1, 0
core   0: 3 0x8000836c (0x8981) x11 0x00000000
core   0: 0x8000836e (0x00008f75) c.and   a4, a3
core   0: 3 0x8000836e (0x8f75) x14 0x00000000
core   0: 0x80008370 (0x000063c5) c.lui   t2, 0x11
core   0: 3 0x80008370 (0x63c5) x7  0x00011000
core   0: 0x80008372 (0x001b8a63) beq     s7, ra, pc + 20
core   0: 3 0x80008372 (0x001b8a63)
core   0: 0x80008376 (0x00000001) c.nop
core   0: 3 0x80008376 (0x0001)
core   0: 0x80008378 (0x011b4fb3) xor     t6, s6, a7
core   0: 3 0x80008378 (0x011b4fb3) x31 0x00000020
core   0: 0x8000837c (0x00004bd1) c.li    s7, 20
core   0: 3 0x8000837c (0x4bd1) x23 0x00000014
core   0: 0x8000837e (0x01642a33) slt     s4, s0, s6
core   0: 3 0x8000837e (0x01642a33) x20 0x00000001
core   0: 0x80008382 (0x40505bb3) sra     s7, zero, t0
core   0: 3 0x80008382 (0x40505bb3) x23 0x00000000
core   0: 0x80008386 (0x000081b1) c.srli  a1, 12
core   0: 3 0x80008386 (0x81b1) x11 0x00000000
core   0: 0x80008388 (0x001f7d63) bgeu    t5, ra, pc + 26
core   0: 3 0x80008388 (0x001f7d63)
core   0: 0x800083a2 (0x02290db3) mul     s11, s2, sp
core   0: 3 0x800083a2 (0x02290db3) x27 0x00000000
core   0: 0x800083a6 (0x6ea67613) andi    a2, a2, 1770
core   0: 3 0x800083a6 (0x6ea67613) x12 0x00000020
core   0: 0x800083aa (0xe6593513) sltiu   a0, s2, -411
core   0: 3 0x800083aa (0xe6593513) x10 0x00000001
core   0: 0x800083ae (0xffc23993) sltiu   s3, tp, -4
core   0: 3 0x800083ae (0xffc23993) x19 0x00000001
core   0: 0x800083b2 (0x00009a6a) c.add   s4, s10
core   0: 3 0x800083b2 (0x9a6a) x20 0x00000000
core   0: 0x800083b4 (0x00c34bb3) xor     s7, t1, a2
core   0: 3 0x800083b4 (0x00c34bb3) x23 0xfffff9a1
core   0: 0x800083b8 (0x4077d513) srai    a0, a5, 7
core   0: 3 0x800083b8 (0x4077d513) x10 0xffffffff
core   0: 0x800083bc (0x0311c063) blt     gp, a7, pc + 32
core   0: 3 0x800083bc (0x0311c063)
core   0: 0x800083dc (0x0000080c) c.addi4spn a1, sp, 16
core   0: 3 0x800083dc (0x080c) x11 0x00000000
core   0: 0x800083de (0x018179b3) and     s3, sp, s8
core   0: 3 0x800083de (0x018179b3) x19 0x00000000
core   0: 0x800083e2 (0x000000c9) c.addi  ra, 18
core   0: 3 0x800083e2 (0x00c9) x1  0x00000014
core   0: 0x800083e4 (0x0179c463) blt     s3, s7, pc + 8
core   0: 3 0x800083e4 (0x0179c463)
core   0: 0x800083e8 (0x035afd63) bgeu    s5, s5, pc + 58
core   0: 3 0x800083e8 (0x035afd63)
core   0: 0x80008422 (0x008a82b3) add     t0, s5, s0
core   0: 3 0x80008422 (0x008a82b3) x5  0xfffff9b1
core   0: 0x80008426 (0x2525f993) andi    s3, a1, 594
core   0: 3 0x80008426 (0x2525f993) x19 0x00000000
core   0: 0x8000842a (0x225b8513) addi    a0, s7, 549
core   0: 3 0x8000842a (0x225b8513) x10 0xfffffbc6
core   0: 0x8000842e (0x00001680) c.addi4spn s0, sp, 864
core   0: 3 0x8000842e (0x1680) x8  0x00000350
core   0: 0x80008430 (0x54b50117) auipc   sp, 0x54b50
core   0: 3 0x80008430 (0x54b50117) x2  0xd4b58430
core   0: 0x80008434 (0x00008c19) c.sub   s0, a4
core   0: 3 0x80008434 (0x8c19) x8  0x00000350
core   0: 0x80008436 (0x0355eb63) bltu    a1, s5, pc + 54
core   0: 3 0x80008436 (0x0355eb63)
core   0: 0x8000846c (0x03d26663) bltu    tp, t4, pc + 44
core   0: 3 0x8000846c (0x03d26663)
core   0: 0x80008498 (0x00006105) c.addi16sp sp, 32
core   0: 3 0x80008498 (0x6105) x2  0xd4b58450
core   0: 0x8000849a (0x000086f1) c.srai  a3, 28
core   0: 3 0x8000849a (0x86f1) x13 0x00000000
core   0: 0x8000849c (0x00005a59) c.li    s4, -10
core   0: 3 0x8000849c (0x5a59) x20 0xfffffff6
core   0: 0x8000849e (0x0000019a) c.slli  gp, 6
core   0: 3 0x8000849e (0x019a) x3  0x00000040
core   0: 0x800084a0 (0xd801d297) auipc   t0, 0xd801d
core   0: 3 0x800084a0 (0xd801d297) x5  0x580254a0
core   0: 0x800084a4 (0x00d6bc33) sltu    s8, a3, a3
core   0: 3 0x800084a4 (0x00d6bc33) x24 0x00000000
core   0: 0x800084a8 (0xde57e113) ori     sp, a5, -539
core   0: 3 0x800084a8 (0xde57e113) x2  0xffffffff
core   0: 0x800084ac (0x5ae9bb93) sltiu   s7, s3, 1454
core   0: 3 0x800084ac (0x5ae9bb93) x23 0x00000001
core   0: 0x800084b0 (0x00005435) c.li    s0, -19
core   0: 3 0x800084b0 (0x5435) x8  0xffffffed
core   0: 0x800084b2 (0x03b93533) mulhu   a0, s2, s11
core   0: 3 0x800084b2 (0x03b93533) x10 0x00000000
core   0: 0x800084b6 (0x001862b3) or      t0, a6, ra
core   0: 3 0x800084b6 (0x001862b3) x5  0x00000015
core   0: 0x800084ba (0x010b9c13) slli    s8, s7, 16
core   0: 3 0x800084ba (0x010b9c13) x24 0x00010000
core   0: 0x800084be (0x0000537d) c.li    t1, -1
core   0: 3 0x800084be (0x537d) x6  0xffffffff
core   0: 0x800084c0 (0x59fdf893) andi    a7, s11, 1439
core   0: 3 0x800084c0 (0x59fdf893) x17 0x00000000
core   0: 0x800084c4 (0x684d65b7) lui     a1, 0x684d6
core   0: 3 0x800084c4 (0x684d65b7) x11 0x684d6000
core   0: 0x800084c8 (0x07508293) addi    t0, ra, 117
core   0: 3 0x800084c8 (0x07508293) x5  0x00000089
core   0: 0x800084cc (0x010680b3) add     ra, a3, a6
core   0: 3 0x800084cc (0x010680b3) x1  0x00000001
core   0: 0x800084d0 (0xcd2d6c93) ori     s9, s10, -814
core   0: 3 0x800084d0 (0xcd2d6c93) x25 0xffffffff
core   0: 0x800084d4 (0x00001a7d) c.addi  s4, -1
core   0: 3 0x800084d4 (0x1a7d) x20 0xfffffff5
core   0: 0x800084d6 (0x00ef4533) xor     a0, t5, a4
core   0: 3 0x800084d6 (0x00ef4533) x10 0x80029d24
core   0: 0x800084da (0x037ae5b3) rem     a1, s5, s7
core   0: 3 0x800084da (0x037ae5b3) x11 0x00000000
core   0: 0x800084de (0x02001333) mulh    t1, zero, zero
core   0: 3 0x800084de (0x02001333) x6  0x00000000
core   0: 0x800084e2 (0x00008cc9) c.or    s1, a0
core   0: 3 0x800084e2 (0x8cc9) x9  0x80029fa4
core   0: 0x800084e4 (0x0000717d) c.addi16sp sp, -16
core   0: 3 0x800084e4 (0x717d) x2  0xffffffef
core   0: 0x800084e6 (0x00009b6e) c.add   s6, s11
core   0: 3 0x800084e6 (0x9b6e) x22 0x00000000
core   0: 0x800084e8 (0x01559133) sll     sp, a1, s5
core   0: 3 0x800084e8 (0x01559133) x2  0x00000000
core   0: 0x800084ec (0x0000826d) c.srli  a2, 27
core   0: 3 0x800084ec (0x826d) x12 0x00000000
core   0: 0x800084ee (0xfc8a14e3) bne     s4, s0, pc - 56
core   0: 3 0x800084ee (0xfc8a14e3)
core   0: 0x800084b6 (0x001862b3) or      t0, a6, ra
core   0: 3 0x800084b6 (0x001862b3) x5  0x00000001
core   0: 0x800084ba (0x010b9c13) slli    s8, s7, 16
core   0: 3 0x800084ba (0x010b9c13) x24 0x00010000
core   0: 0x800084be (0x0000537d) c.li    t1, -1
core   0: 3 0x800084be (0x537d) x6  0xffffffff
core   0: 0x800084c0 (0x59fdf893) andi    a7, s11, 1439
core   0: 3 0x800084c0 (0x59fdf893) x17 0x00000000
core   0: 0x800084c4 (0x684d65b7) lui     a1, 0x684d6
core   0: 3 0x800084c4 (0x684d65b7) x11 0x684d6000
core   0: 0x800084c8 (0x07508293) addi    t0, ra, 117
core   0: 3 0x800084c8 (0x07508293) x5  0x00000076
core   0: 0x800084cc (0x010680b3) add     ra, a3, a6
core   0: 3 0x800084cc (0x010680b3) x1  0x00000001
core   0: 0x800084d0 (0xcd2d6c93) ori     s9, s10, -814
core   0: 3 0x800084d0 (0xcd2d6c93) x25 0xffffffff
core   0: 0x800084d4 (0x00001a7d) c.addi  s4, -1
core   0: 3 0x800084d4 (0x1a7d) x20 0xfffffff4
core   0: 0x800084d6 (0x00ef4533) xor     a0, t5, a4
core   0: 3 0x800084d6 (0x00ef4533) x10 0x80029d24
core   0: 0x800084da (0x037ae5b3) rem     a1, s5, s7
core   0: 3 0x800084da (0x037ae5b3) x11 0x00000000
core   0: 0x800084de (0x02001333) mulh    t1, zero, zero
core   0: 3 0x800084de (0x02001333) x6  0x00000000
core   0: 0x800084e2 (0x00008cc9) c.or    s1, a0
core   0: 3 0x800084e2 (0x8cc9) x9  0x80029fa4
core   0: 0x800084e4 (0x0000717d) c.addi16sp sp, -16
core   0: 3 0x800084e4 (0x717d) x2  0xfffffff0
core   0: 0x800084e6 (0x00009b6e) c.add   s6, s11
core   0: 3 0x800084e6 (0x9b6e) x22 0x00000000
core   0: 0x800084e8 (0x01559133) sll     sp, a1, s5
core   0: 3 0x800084e8 (0x01559133) x2  0x00000000
core   0: 0x800084ec (0x0000826d) c.srli  a2, 27
core   0: 3 0x800084ec (0x826d) x12 0x00000000
core   0: 0x800084ee (0xfc8a14e3) bne     s4, s0, pc - 56
core   0: 3 0x800084ee (0xfc8a14e3)
core   0: 0x800084b6 (0x001862b3) or      t0, a6, ra
core   0: 3 0x800084b6 (0x001862b3) x5  0x00000001
core   0: 0x800084ba (0x010b9c13) slli    s8, s7, 16
core   0: 3 0x800084ba (0x010b9c13) x24 0x00010000
core   0: 0x800084be (0x0000537d) c.li    t1, -1
core   0: 3 0x800084be (0x537d) x6  0xffffffff
core   0: 0x800084c0 (0x59fdf893) andi    a7, s11, 1439
core   0: 3 0x800084c0 (0x59fdf893) x17 0x00000000
core   0: 0x800084c4 (0x684d65b7) lui     a1, 0x684d6
core   0: 3 0x800084c4 (0x684d65b7) x11 0x684d6000
core   0: 0x800084c8 (0x07508293) addi    t0, ra, 117
core   0: 3 0x800084c8 (0x07508293) x5  0x00000076
core   0: 0x800084cc (0x010680b3) add     ra, a3, a6
core   0: 3 0x800084cc (0x010680b3) x1  0x00000001
core   0: 0x800084d0 (0xcd2d6c93) ori     s9, s10, -814
core   0: 3 0x800084d0 (0xcd2d6c93) x25 0xffffffff
core   0: 0x800084d4 (0x00001a7d) c.addi  s4, -1
core   0: 3 0x800084d4 (0x1a7d) x20 0xfffffff3
core   0: 0x800084d6 (0x00ef4533) xor     a0, t5, a4
core   0: 3 0x800084d6 (0x00ef4533) x10 0x80029d24
core   0: 0x800084da (0x037ae5b3) rem     a1, s5, s7
core   0: 3 0x800084da (0x037ae5b3) x11 0x00000000
core   0: 0x800084de (0x02001333) mulh    t1, zero, zero
core   0: 3 0x800084de (0x02001333) x6  0x00000000
core   0: 0x800084e2 (0x00008cc9) c.or    s1, a0
core   0: 3 0x800084e2 (0x8cc9) x9  0x80029fa4
core   0: 0x800084e4 (0x0000717d) c.addi16sp sp, -16
core   0: 3 0x800084e4 (0x717d) x2  0xfffffff0
core   0: 0x800084e6 (0x00009b6e) c.add   s6, s11
core   0: 3 0x800084e6 (0x9b6e) x22 0x00000000
core   0: 0x800084e8 (0x01559133) sll     sp, a1, s5
core   0: 3 0x800084e8 (0x01559133) x2  0x00000000
core   0: 0x800084ec (0x0000826d) c.srli  a2, 27
core   0: 3 0x800084ec (0x826d) x12 0x00000000
core   0: 0x800084ee (0xfc8a14e3) bne     s4, s0, pc - 56
core   0: 3 0x800084ee (0xfc8a14e3)
core   0: 0x800084b6 (0x001862b3) or      t0, a6, ra
core   0: 3 0x800084b6 (0x001862b3) x5  0x00000001
core   0: 0x800084ba (0x010b9c13) slli    s8, s7, 16
core   0: 3 0x800084ba (0x010b9c13) x24 0x00010000
core   0: 0x800084be (0x0000537d) c.li    t1, -1
core   0: 3 0x800084be (0x537d) x6  0xffffffff
core   0: 0x800084c0 (0x59fdf893) andi    a7, s11, 1439
core   0: 3 0x800084c0 (0x59fdf893) x17 0x00000000
core   0: 0x800084c4 (0x684d65b7) lui     a1, 0x684d6
core   0: 3 0x800084c4 (0x684d65b7) x11 0x684d6000
core   0: 0x800084c8 (0x07508293) addi    t0, ra, 117
core   0: 3 0x800084c8 (0x07508293) x5  0x00000076
core   0: 0x800084cc (0x010680b3) add     ra, a3, a6
core   0: 3 0x800084cc (0x010680b3) x1  0x00000001
core   0: 0x800084d0 (0xcd2d6c93) ori     s9, s10, -814
core   0: 3 0x800084d0 (0xcd2d6c93) x25 0xffffffff
core   0: 0x800084d4 (0x00001a7d) c.addi  s4, -1
core   0: 3 0x800084d4 (0x1a7d) x20 0xfffffff2
core   0: 0x800084d6 (0x00ef4533) xor     a0, t5, a4
core   0: 3 0x800084d6 (0x00ef4533) x10 0x80029d24
core   0: 0x800084da (0x037ae5b3) rem     a1, s5, s7
core   0: 3 0x800084da (0x037ae5b3) x11 0x00000000
core   0: 0x800084de (0x02001333) mulh    t1, zero, zero
core   0: 3 0x800084de (0x02001333) x6  0x00000000
core   0: 0x800084e2 (0x00008cc9) c.or    s1, a0
core   0: 3 0x800084e2 (0x8cc9) x9  0x80029fa4
core   0: 0x800084e4 (0x0000717d) c.addi16sp sp, -16
core   0: 3 0x800084e4 (0x717d) x2  0xfffffff0
core   0: 0x800084e6 (0x00009b6e) c.add   s6, s11
core   0: 3 0x800084e6 (0x9b6e) x22 0x00000000
core   0: 0x800084e8 (0x01559133) sll     sp, a1, s5
core   0: 3 0x800084e8 (0x01559133) x2  0x00000000
core   0: 0x800084ec (0x0000826d) c.srli  a2, 27
core   0: 3 0x800084ec (0x826d) x12 0x00000000
core   0: 0x800084ee (0xfc8a14e3) bne     s4, s0, pc - 56
core   0: 3 0x800084ee (0xfc8a14e3)
core   0: 0x800084b6 (0x001862b3) or      t0, a6, ra
core   0: 3 0x800084b6 (0x001862b3) x5  0x00000001
core   0: 0x800084ba (0x010b9c13) slli    s8, s7, 16
core   0: 3 0x800084ba (0x010b9c13) x24 0x00010000
core   0: 0x800084be (0x0000537d) c.li    t1, -1
core   0: 3 0x800084be (0x537d) x6  0xffffffff
core   0: 0x800084c0 (0x59fdf893) andi    a7, s11, 1439
core   0: 3 0x800084c0 (0x59fdf893) x17 0x00000000
core   0: 0x800084c4 (0x684d65b7) lui     a1, 0x684d6
core   0: 3 0x800084c4 (0x684d65b7) x11 0x684d6000
core   0: 0x800084c8 (0x07508293) addi    t0, ra, 117
core   0: 3 0x800084c8 (0x07508293) x5  0x00000076
core   0: 0x800084cc (0x010680b3) add     ra, a3, a6
core   0: 3 0x800084cc (0x010680b3) x1  0x00000001
core   0: 0x800084d0 (0xcd2d6c93) ori     s9, s10, -814
core   0: 3 0x800084d0 (0xcd2d6c93) x25 0xffffffff
core   0: 0x800084d4 (0x00001a7d) c.addi  s4, -1
core   0: 3 0x800084d4 (0x1a7d) x20 0xfffffff1
core   0: 0x800084d6 (0x00ef4533) xor     a0, t5, a4
core   0: 3 0x800084d6 (0x00ef4533) x10 0x80029d24
core   0: 0x800084da (0x037ae5b3) rem     a1, s5, s7
core   0: 3 0x800084da (0x037ae5b3) x11 0x00000000
core   0: 0x800084de (0x02001333) mulh    t1, zero, zero
core   0: 3 0x800084de (0x02001333) x6  0x00000000
core   0: 0x800084e2 (0x00008cc9) c.or    s1, a0
core   0: 3 0x800084e2 (0x8cc9) x9  0x80029fa4
core   0: 0x800084e4 (0x0000717d) c.addi16sp sp, -16
core   0: 3 0x800084e4 (0x717d) x2  0xfffffff0
core   0: 0x800084e6 (0x00009b6e) c.add   s6, s11
core   0: 3 0x800084e6 (0x9b6e) x22 0x00000000
core   0: 0x800084e8 (0x01559133) sll     sp, a1, s5
core   0: 3 0x800084e8 (0x01559133) x2  0x00000000
core   0: 0x800084ec (0x0000826d) c.srli  a2, 27
core   0: 3 0x800084ec (0x826d) x12 0x00000000
core   0: 0x800084ee (0xfc8a14e3) bne     s4, s0, pc - 56
core   0: 3 0x800084ee (0xfc8a14e3)
core   0: 0x800084b6 (0x001862b3) or      t0, a6, ra
core   0: 3 0x800084b6 (0x001862b3) x5  0x00000001
core   0: 0x800084ba (0x010b9c13) slli    s8, s7, 16
core   0: 3 0x800084ba (0x010b9c13) x24 0x00010000
core   0: 0x800084be (0x0000537d) c.li    t1, -1
core   0: 3 0x800084be (0x537d) x6  0xffffffff
core   0: 0x800084c0 (0x59fdf893) andi    a7, s11, 1439
core   0: 3 0x800084c0 (0x59fdf893) x17 0x00000000
core   0: 0x800084c4 (0x684d65b7) lui     a1, 0x684d6
core   0: 3 0x800084c4 (0x684d65b7) x11 0x684d6000
core   0: 0x800084c8 (0x07508293) addi    t0, ra, 117
core   0: 3 0x800084c8 (0x07508293) x5  0x00000076
core   0: 0x800084cc (0x010680b3) add     ra, a3, a6
core   0: 3 0x800084cc (0x010680b3) x1  0x00000001
core   0: 0x800084d0 (0xcd2d6c93) ori     s9, s10, -814
core   0: 3 0x800084d0 (0xcd2d6c93) x25 0xffffffff
core   0: 0x800084d4 (0x00001a7d) c.addi  s4, -1
core   0: 3 0x800084d4 (0x1a7d) x20 0xfffffff0
core   0: 0x800084d6 (0x00ef4533) xor     a0, t5, a4
core   0: 3 0x800084d6 (0x00ef4533) x10 0x80029d24
core   0: 0x800084da (0x037ae5b3) rem     a1, s5, s7
core   0: 3 0x800084da (0x037ae5b3) x11 0x00000000
core   0: 0x800084de (0x02001333) mulh    t1, zero, zero
core   0: 3 0x800084de (0x02001333) x6  0x00000000
core   0: 0x800084e2 (0x00008cc9) c.or    s1, a0
core   0: 3 0x800084e2 (0x8cc9) x9  0x80029fa4
core   0: 0x800084e4 (0x0000717d) c.addi16sp sp, -16
core   0: 3 0x800084e4 (0x717d) x2  0xfffffff0
core   0: 0x800084e6 (0x00009b6e) c.add   s6, s11
core   0: 3 0x800084e6 (0x9b6e) x22 0x00000000
core   0: 0x800084e8 (0x01559133) sll     sp, a1, s5
core   0: 3 0x800084e8 (0x01559133) x2  0x00000000
core   0: 0x800084ec (0x0000826d) c.srli  a2, 27
core   0: 3 0x800084ec (0x826d) x12 0x00000000
core   0: 0x800084ee (0xfc8a14e3) bne     s4, s0, pc - 56
core   0: 3 0x800084ee (0xfc8a14e3)
core   0: 0x800084b6 (0x001862b3) or      t0, a6, ra
core   0: 3 0x800084b6 (0x001862b3) x5  0x00000001
core   0: 0x800084ba (0x010b9c13) slli    s8, s7, 16
core   0: 3 0x800084ba (0x010b9c13) x24 0x00010000
core   0: 0x800084be (0x0000537d) c.li    t1, -1
core   0: 3 0x800084be (0x537d) x6  0xffffffff
core   0: 0x800084c0 (0x59fdf893) andi    a7, s11, 1439
core   0: 3 0x800084c0 (0x59fdf893) x17 0x00000000
core   0: 0x800084c4 (0x684d65b7) lui     a1, 0x684d6
core   0: 3 0x800084c4 (0x684d65b7) x11 0x684d6000
core   0: 0x800084c8 (0x07508293) addi    t0, ra, 117
core   0: 3 0x800084c8 (0x07508293) x5  0x00000076
core   0: 0x800084cc (0x010680b3) add     ra, a3, a6
core   0: 3 0x800084cc (0x010680b3) x1  0x00000001
core   0: 0x800084d0 (0xcd2d6c93) ori     s9, s10, -814
core   0: 3 0x800084d0 (0xcd2d6c93) x25 0xffffffff
core   0: 0x800084d4 (0x00001a7d) c.addi  s4, -1
core   0: 3 0x800084d4 (0x1a7d) x20 0xffffffef
core   0: 0x800084d6 (0x00ef4533) xor     a0, t5, a4
core   0: 3 0x800084d6 (0x00ef4533) x10 0x80029d24
core   0: 0x800084da (0x037ae5b3) rem     a1, s5, s7
core   0: 3 0x800084da (0x037ae5b3) x11 0x00000000
core   0: 0x800084de (0x02001333) mulh    t1, zero, zero
core   0: 3 0x800084de (0x02001333) x6  0x00000000
core   0: 0x800084e2 (0x00008cc9) c.or    s1, a0
core   0: 3 0x800084e2 (0x8cc9) x9  0x80029fa4
core   0: 0x800084e4 (0x0000717d) c.addi16sp sp, -16
core   0: 3 0x800084e4 (0x717d) x2  0xfffffff0
core   0: 0x800084e6 (0x00009b6e) c.add   s6, s11
core   0: 3 0x800084e6 (0x9b6e) x22 0x00000000
core   0: 0x800084e8 (0x01559133) sll     sp, a1, s5
core   0: 3 0x800084e8 (0x01559133) x2  0x00000000
core   0: 0x800084ec (0x0000826d) c.srli  a2, 27
core   0: 3 0x800084ec (0x826d) x12 0x00000000
core   0: 0x800084ee (0xfc8a14e3) bne     s4, s0, pc - 56
core   0: 3 0x800084ee (0xfc8a14e3)
core   0: 0x800084b6 (0x001862b3) or      t0, a6, ra
core   0: 3 0x800084b6 (0x001862b3) x5  0x00000001
core   0: 0x800084ba (0x010b9c13) slli    s8, s7, 16
core   0: 3 0x800084ba (0x010b9c13) x24 0x00010000
core   0: 0x800084be (0x0000537d) c.li    t1, -1
core   0: 3 0x800084be (0x537d) x6  0xffffffff
core   0: 0x800084c0 (0x59fdf893) andi    a7, s11, 1439
core   0: 3 0x800084c0 (0x59fdf893) x17 0x00000000
core   0: 0x800084c4 (0x684d65b7) lui     a1, 0x684d6
core   0: 3 0x800084c4 (0x684d65b7) x11 0x684d6000
core   0: 0x800084c8 (0x07508293) addi    t0, ra, 117
core   0: 3 0x800084c8 (0x07508293) x5  0x00000076
core   0: 0x800084cc (0x010680b3) add     ra, a3, a6
core   0: 3 0x800084cc (0x010680b3) x1  0x00000001
core   0: 0x800084d0 (0xcd2d6c93) ori     s9, s10, -814
core   0: 3 0x800084d0 (0xcd2d6c93) x25 0xffffffff
core   0: 0x800084d4 (0x00001a7d) c.addi  s4, -1
core   0: 3 0x800084d4 (0x1a7d) x20 0xffffffee
core   0: 0x800084d6 (0x00ef4533) xor     a0, t5, a4
core   0: 3 0x800084d6 (0x00ef4533) x10 0x80029d24
core   0: 0x800084da (0x037ae5b3) rem     a1, s5, s7
core   0: 3 0x800084da (0x037ae5b3) x11 0x00000000
core   0: 0x800084de (0x02001333) mulh    t1, zero, zero
core   0: 3 0x800084de (0x02001333) x6  0x00000000
core   0: 0x800084e2 (0x00008cc9) c.or    s1, a0
core   0: 3 0x800084e2 (0x8cc9) x9  0x80029fa4
core   0: 0x800084e4 (0x0000717d) c.addi16sp sp, -16
core   0: 3 0x800084e4 (0x717d) x2  0xfffffff0
core   0: 0x800084e6 (0x00009b6e) c.add   s6, s11
core   0: 3 0x800084e6 (0x9b6e) x22 0x00000000
core   0: 0x800084e8 (0x01559133) sll     sp, a1, s5
core   0: 3 0x800084e8 (0x01559133) x2  0x00000000
core   0: 0x800084ec (0x0000826d) c.srli  a2, 27
core   0: 3 0x800084ec (0x826d) x12 0x00000000
core   0: 0x800084ee (0xfc8a14e3) bne     s4, s0, pc - 56
core   0: 3 0x800084ee (0xfc8a14e3)
core   0: 0x800084b6 (0x001862b3) or      t0, a6, ra
core   0: 3 0x800084b6 (0x001862b3) x5  0x00000001
core   0: 0x800084ba (0x010b9c13) slli    s8, s7, 16
core   0: 3 0x800084ba (0x010b9c13) x24 0x00010000
core   0: 0x800084be (0x0000537d) c.li    t1, -1
core   0: 3 0x800084be (0x537d) x6  0xffffffff
core   0: 0x800084c0 (0x59fdf893) andi    a7, s11, 1439
core   0: 3 0x800084c0 (0x59fdf893) x17 0x00000000
core   0: 0x800084c4 (0x684d65b7) lui     a1, 0x684d6
core   0: 3 0x800084c4 (0x684d65b7) x11 0x684d6000
core   0: 0x800084c8 (0x07508293) addi    t0, ra, 117
core   0: 3 0x800084c8 (0x07508293) x5  0x00000076
core   0: 0x800084cc (0x010680b3) add     ra, a3, a6
core   0: 3 0x800084cc (0x010680b3) x1  0x00000001
core   0: 0x800084d0 (0xcd2d6c93) ori     s9, s10, -814
core   0: 3 0x800084d0 (0xcd2d6c93) x25 0xffffffff
core   0: 0x800084d4 (0x00001a7d) c.addi  s4, -1
core   0: 3 0x800084d4 (0x1a7d) x20 0xffffffed
core   0: 0x800084d6 (0x00ef4533) xor     a0, t5, a4
core   0: 3 0x800084d6 (0x00ef4533) x10 0x80029d24
core   0: 0x800084da (0x037ae5b3) rem     a1, s5, s7
core   0: 3 0x800084da (0x037ae5b3) x11 0x00000000
core   0: 0x800084de (0x02001333) mulh    t1, zero, zero
core   0: 3 0x800084de (0x02001333) x6  0x00000000
core   0: 0x800084e2 (0x00008cc9) c.or    s1, a0
core   0: 3 0x800084e2 (0x8cc9) x9  0x80029fa4
core   0: 0x800084e4 (0x0000717d) c.addi16sp sp, -16
core   0: 3 0x800084e4 (0x717d) x2  0xfffffff0
core   0: 0x800084e6 (0x00009b6e) c.add   s6, s11
core   0: 3 0x800084e6 (0x9b6e) x22 0x00000000
core   0: 0x800084e8 (0x01559133) sll     sp, a1, s5
core   0: 3 0x800084e8 (0x01559133) x2  0x00000000
core   0: 0x800084ec (0x0000826d) c.srli  a2, 27
core   0: 3 0x800084ec (0x826d) x12 0x00000000
core   0: 0x800084ee (0xfc8a14e3) bne     s4, s0, pc - 56
core   0: 3 0x800084ee (0xfc8a14e3)
core   0: 0x800084f2 (0x0368b8b3) mulhu   a7, a7, s6
core   0: 3 0x800084f2 (0x0368b8b3) x17 0x00000000
core   0: 0x800084f6 (0x00008d61) c.and   a0, s0
core   0: 3 0x800084f6 (0x8d61) x10 0x80029d24
core   0: 0x800084f8 (0x01a11e33) sll     t3, sp, s10
core   0: 3 0x800084f8 (0x01a11e33) x28 0x00000000
core   0: 0x800084fc (0x00336cb3) or      s9, t1, gp
core   0: 3 0x800084fc (0x00336cb3) x25 0x00000040
core   0: 0x80008500 (0x03ab7663) bgeu    s6, s10, pc + 44
core   0: 3 0x80008500 (0x03ab7663)
core   0: 0x80008504 (0xe78f8017) auipc   zero, 0xe78f8
core   0: 3 0x80008504 (0xe78f8017)
core   0: 0x80008508 (0x0000881d) c.andi  s0, 7
core   0: 3 0x80008508 (0x881d) x8  0x00000005
core   0: 0x8000850a (0x0000168c) c.addi4spn a1, sp, 864
core   0: 3 0x8000850a (0x168c) x11 0x00000360
core   0: 0x8000850c (0x012f7563) bgeu    t5, s2, pc + 10
core   0: 3 0x8000850c (0x012f7563)
core   0: 0x80008516 (0x02eea033) mulhsu  zero, t4, a4
core   0: 3 0x80008516 (0x02eea033)
core   0: 0x8000851a (0x02069e33) mulh    t3, a3, zero
core   0: 3 0x8000851a (0x02069e33) x28 0x00000000
core   0: 0x8000851e (0x362f2913) slti    s2, t5, 866
core   0: 3 0x8000851e (0x362f2913) x18 0x00000001
core   0: 0x80008522 (0x0000987d) c.andi  s0, -1
core   0: 3 0x80008522 (0x987d) x8  0x00000005
core   0: 0x80008524 (0x02118e33) mul     t3, gp, ra
core   0: 3 0x80008524 (0x02118e33) x28 0x00000040
core   0: 0x80008528 (0x000086d9) c.srai  a3, 22
core   0: 3 0x80008528 (0x86d9) x13 0x00000000
core   0: 0x8000852a (0x0000eee1) c.bnez  a3, pc + 216
core   0: 3 0x8000852a (0xeee1)
core   0: 0x8000852c (0xd063f4b7) lui     s1, 0xd063f
core   0: 3 0x8000852c (0xd063f4b7) x9  0xd063f000
core   0: 0x80008530 (0x408cd513) srai    a0, s9, 8
core   0: 3 0x80008530 (0x408cd513) x10 0x00000000
core   0: 0x80008534 (0x0dfbc463) blt     s7, t6, pc + 200
core   0: 3 0x80008534 (0x0dfbc463)
core   0: 0x800085fc (0x0000091d) c.addi  s2, 7
core   0: 3 0x800085fc (0x091d) x18 0x00000008
core   0: 0x800085fe (0x03c64763) blt     a2, t3, pc + 46
core   0: 3 0x800085fe (0x03c64763)
core   0: 0x8000862c (0x00000c6d) c.addi  s8, 27
core   0: 3 0x8000862c (0x0c6d) x24 0x0001001b
core   0: 0x8000862e (0x03ad34b3) mulhu   s1, s10, s10
core   0: 3 0x8000862e (0x03ad34b3) x9  0xfffffffe
core   0: 0x80008632 (0x03f06263) bltu    zero, t6, pc + 36
core   0: 3 0x80008632 (0x03f06263)
core   0: 0x80008656 (0x41a85933) sra     s2, a6, s10
core   0: 3 0x80008656 (0x41a85933) x18 0x00000000
core   0: 0x8000865a (0xea90cc93) xori    s9, ra, -343
core   0: 3 0x8000865a (0xea90cc93) x25 0xfffffea8
core   0: 0x8000865e (0x0314bdb3) mulhu   s11, s1, a7
core   0: 3 0x8000865e (0x0314bdb3) x27 0x00000000
core   0: 0x80008662 (0x011e9293) slli    t0, t4, 17
core   0: 3 0x80008662 (0x011e9293) x5  0xbc500000
core   0: 0x80008666 (0x032ef6b3) remu    a3, t4, s2
core   0: 3 0x80008666 (0x032ef6b3) x13 0x80025e28
core   0: 0x8000866a (0x0000095e) c.slli  s2, 23
core   0: 3 0x8000866a (0x095e) x18 0x00000000
core   0: 0x8000866c (0x4121dc93) srai    s9, gp, 18
core   0: 3 0x8000866c (0x4121dc93) x25 0x00000000
core   0: 0x80008670 (0x02d7fa33) remu    s4, a5, a3
core   0: 3 0x80008670 (0x02d7fa33) x20 0x7ffda1d7
core   0: 0x80008674 (0x07920e37) lui     t3, 0x7920
core   0: 3 0x80008674 (0x07920e37) x28 0x07920000
core   0: 0x80008678 (0x0067f663) bgeu    a5, t1, pc + 12
core   0: 3 0x80008678 (0x0067f663)
core   0: 0x80008684 (0x0123ae33) slt     t3, t2, s2
core   0: 3 0x80008684 (0x0123ae33) x28 0x00000000
core   0: 0x80008688 (0x000082a9) c.srli  a3, 10
core   0: 3 0x80008688 (0x82a9) x13 0x00200097
core   0: 0x8000868a (0x00008d71) c.and   a0, a2
core   0: 3 0x8000868a (0x8d71) x10 0x00000000
core   0: 0x8000868c (0x037be2b3) rem     t0, s7, s7
core   0: 3 0x8000868c (0x037be2b3) x5  0x00000000
core   0: 0x80008690 (0x01565b93) srli    s7, a2, 21
core   0: 3 0x80008690 (0x01565b93) x23 0x00000000
core   0: 0x80008694 (0x0000882d) c.andi  s0, 11
core   0: 3 0x80008694 (0x882d) x8  0x00000001
core   0: 0x80008696 (0x41f7d4b3) sra     s1, a5, t6
core   0: 3 0x80008696 (0x41f7d4b3) x9  0xffffffff
core   0: 0x8000869a (0x0000717d) c.addi16sp sp, -16
core   0: 3 0x8000869a (0x717d) x2  0xfffffff0
core   0: 0x8000869c (0x034808b3) mul     a7, a6, s4
core   0: 3 0x8000869c (0x034808b3) x17 0x7ffda1d7
core   0: 0x800086a0 (0x000062c5) c.lui   t0, 0x11
core   0: 3 0x800086a0 (0x62c5) x5  0x00011000
core   0: 0x800086a2 (0x00051913) slli    s2, a0, 0
core   0: 3 0x800086a2 (0x00051913) x18 0x00000000
core   0: 0x800086a6 (0x00c31533) sll     a0, t1, a2
core   0: 3 0x800086a6 (0x00c31533) x10 0x00000000
core   0: 0x800086aa (0x00006839) c.lui   a6, 0xe
core   0: 3 0x800086aa (0x6839) x16 0x0000e000
core   0: 0x800086ac (0x00008bdd) c.andi  a5, 23
core   0: 3 0x800086ac (0x8bdd) x15 0x00000017
core   0: 0x800086ae (0x00008dd1) c.or    a1, a2
core   0: 3 0x800086ae (0x8dd1) x11 0x00000360
core   0: 0x800086b0 (0x410e0733) sub     a4, t3, a6
core   0: 3 0x800086b0 (0x410e0733) x14 0xffff2000
core   0: 0x800086b4 (0x19037c97) auipc   s9, 0x19037
core   0: 3 0x800086b4 (0x19037c97) x25 0x9903f6b4
core   0: 0x800086b8 (0x01699b33) sll     s6, s3, s6
core   0: 3 0x800086b8 (0x01699b33) x22 0x00000000
core   0: 0x800086bc (0x02f996b3) mulh    a3, s3, a5
core   0: 3 0x800086bc (0x02f996b3) x13 0x00000000
core   0: 0x800086c0 (0x0265ad33) mulhsu  s10, a1, t1
core   0: 3 0x800086c0 (0x0265ad33) x26 0x00000000
core   0: 0x800086c4 (0x010d7533) and     a0, s10, a6
core   0: 3 0x800086c4 (0x010d7533) x10 0x00000000
core   0: 0x800086c8 (0x3e930f97) auipc   t6, 0x3e930
core   0: 3 0x800086c8 (0x3e930f97) x31 0xbe9386c8
core   0: 0x800086cc (0x084d4e13) xori    t3, s10, 132
core   0: 3 0x800086cc (0x084d4e13) x28 0x00000084
core   0: 0x800086d0 (0x004e0463) beq     t3, tp, pc + 8
core   0: 3 0x800086d0 (0x004e0463)
core   0: 0x800086d4 (0x00756563) bltu    a0, t2, pc + 10
core   0: 3 0x800086d4 (0x00756563)
core   0: 0x800086de (0x00008cc1) c.or    s1, s0
core   0: 3 0x800086de (0x8cc1) x9  0xffffffff
core   0: 0x800086e0 (0x035ae963) bltu    s5, s5, pc + 50
core   0: 3 0x800086e0 (0x035ae963)
core   0: 0x800086e4 (0x9973f793) andi    a5, t2, -1641
core   0: 3 0x800086e4 (0x9973f793) x15 0x00011000
core   0: 0x800086e8 (0x007e6b63) bltu    t3, t2, pc + 22
core   0: 3 0x800086e8 (0x007e6b63)
core   0: 0x800086fe (0x0000137d) c.addi  t1, -1
core   0: 3 0x800086fe (0x137d) x6  0xffffffff
core   0: 0x80008700 (0x01e39e33) sll     t3, t2, t5
core   0: 3 0x80008700 (0x01e39e33) x28 0x00110000
core   0: 0x80008704 (0x00f2ebb3) or      s7, t0, a5
core   0: 3 0x80008704 (0x00f2ebb3) x23 0x00011000
core   0: 0x80008708 (0x00000001) c.nop
core   0: 3 0x80008708 (0x0001)
core   0: 0x8000870a (0x01420433) add     s0, tp, s4
core   0: 3 0x8000870a (0x01420433) x8  0x7ffda1dd
core   0: 0x8000870e (0x41f6d6b3) sra     a3, a3, t6
core   0: 3 0x8000870e (0x41f6d6b3) x13 0x00000000
core   0: 0x80008712 (0x010efb63) bgeu    t4, a6, pc + 22
core   0: 3 0x80008712 (0x010efb63)
core   0: 0x80008728 (0x00008b52) c.mv    s6, s4
core   0: 3 0x80008728 (0x8b52) x22 0x7ffda1d7
core   0: 0x8000872a (0x013d5b33) srl     s6, s10, s3
core   0: 3 0x8000872a (0x013d5b33) x22 0x00000000
core   0: 0x8000872e (0x0000032d) c.addi  t1, 11
core   0: 3 0x8000872e (0x032d) x6  0x0000000a
core   0: 0x80008730 (0x017f12b3) sll     t0, t5, s7
core   0: 3 0x80008730 (0x017f12b3) x5  0x80029d24
core   0: 0x80008734 (0x007f6e33) or      t3, t5, t2
core   0: 3 0x80008734 (0x007f6e33) x28 0x80039d24
core   0: 0x80008738 (0x00008351) c.srli  a4, 20
core   0: 3 0x80008738 (0x8351) x14 0x00000fff
core   0: 0x8000873a (0x40760d33) sub     s10, a2, t2
core   0: 3 0x8000873a (0x40760d33) x26 0xfffef000
core   0: 0x8000873e (0xf0becd13) xori    s10, t4, -245
core   0: 3 0x8000873e (0xf0becd13) x26 0x7ffda123
core   0: 0x80008742 (0x71d28b37) lui     s6, 0x71d28
core   0: 3 0x80008742 (0x71d28b37) x22 0x71d28000
core   0: 0x80008746 (0x0000e1a9) c.bnez  a1, pc + 66
core   0: 3 0x80008746 (0xe1a9)
core   0: 0x80008788 (0x03cb1a33) mulh    s4, s6, t3
core   0: 3 0x80008788 (0x03cb1a33) x20 0xc7185b55
core   0: 0x8000878c (0x412fd433) sra     s0, t6, s2
core   0: 3 0x8000878c (0x412fd433) x8  0xbe9386c8
core   0: 0x80008790 (0x01dd87b3) add     a5, s11, t4
core   0: 3 0x80008790 (0x01dd87b3) x15 0x80025e28
core   0: 0x80008794 (0x0000197d) c.addi  s2, -1
core   0: 3 0x80008794 (0x197d) x18 0xffffffff
core   0: 0x80008796 (0x8193c993) xori    s3, t2, -2023
core   0: 3 0x80008796 (0x8193c993) x19 0xfffee819
core   0: 0x8000879a (0xa0c34213) xori    tp, t1, -1524
core   0: 3 0x8000879a (0xa0c34213) x4  0xfffffa06
core   0: 0x8000879e (0xe0313537) lui     a0, 0xe0313
core   0: 3 0x8000879e (0xe0313537) x10 0xe0313000
core   0: 0x800087a2 (0x02d7dcb3) divu    s9, a5, a3
core   0: 3 0x800087a2 (0x02d7dcb3) x25 0xffffffff
core   0: 0x800087a6 (0x001a1113) slli    sp, s4, 1
core   0: 3 0x800087a6 (0x001a1113) x2  0x8e30b6aa
core   0: 0x800087aa (0x00f7b733) sltu    a4, a5, a5
core   0: 3 0x800087aa (0x00f7b733) x14 0x00000000
core   0: 0x800087ae (0x00008f25) c.xor   a4, s1
core   0: 3 0x800087ae (0x8f25) x14 0xffffffff
core   0: 0x800087b0 (0x405fd813) srai    a6, t6, 5
core   0: 3 0x800087b0 (0x405fd813) x16 0xfdf49c36
core   0: 0x800087b4 (0x00000b18) c.addi4spn a4, sp, 400
core   0: 3 0x800087b4 (0x0b18) x14 0x8e30b83a
core   0: 0x800087b6 (0x03473cb3) mulhu   s9, a4, s4
core   0: 3 0x800087b6 (0x03473cb3) x25 0x6e956680
core   0: 0x800087ba (0x01336263) bltu    t1, s3, pc + 4
core   0: 3 0x800087ba (0x01336263)
core   0: 0x800087be (0x0031c433) xor     s0, gp, gp
core   0: 3 0x800087be (0x0031c433) x8  0x00000000
core   0: 0x800087c2 (0x8a69bb93) sltiu   s7, s3, -1882
core   0: 3 0x800087c2 (0x8a69bb93) x23 0x00000001
core   0: 0x800087c6 (0x00213c33) sltu    s8, sp, sp
core   0: 3 0x800087c6 (0x00213c33) x24 0x00000000
core   0: 0x800087ca (0x0392a233) mulhsu  tp, t0, s9
core   0: 3 0x800087ca (0x0392a233) x4  0xc8b66dcb
core   0: 0x800087ce (0x02621e33) mulh    t3, tp, t1
core   0: 3 0x800087ce (0x02621e33) x28 0xfffffffd
core   0: 0x800087d2 (0x02f176b3) remu    a3, sp, a5
core   0: 3 0x800087d2 (0x02f176b3) x13 0x0e2e5882
core   0: 0x800087d6 (0x00006b41) c.lui   s6, 0x10
core   0: 3 0x800087d6 (0x6b41) x22 0x00010000
core   0: 0x800087d8 (0x41f30633) sub     a2, t1, t6
core   0: 3 0x800087d8 (0x41f30633) x12 0x416c7942
core   0: 0x800087dc (0x0353f433) remu    s0, t2, s5
core   0: 3 0x800087dc (0x0353f433) x8  0x00000000
core   0: 0x800087e0 (0x000088e9) c.andi  s1, 26
core   0: 3 0x800087e0 (0x88e9) x9  0x0000001a
core   0: 0x800087e2 (0x01ed6b63) bltu    s10, t5, pc + 22
core   0: 3 0x800087e2 (0x01ed6b63)
core   0: 0x800087f8 (0x017dc433) xor     s0, s11, s7
core   0: 3 0x800087f8 (0x017dc433) x8  0x00000001
core   0: 0x800087fc (0x00005e7d) c.li    t3, -1
core   0: 3 0x800087fc (0x5e7d) x28 0xffffffff
core   0: 0x800087fe (0x00000912) c.slli  s2, 4
core   0: 3 0x800087fe (0x0912) x18 0xfffffff0
core   0: 0x80008800 (0xbd40b193) sltiu   gp, ra, -1068
core   0: 3 0x80008800 (0xbd40b193) x3  0x00000001
core   0: 0x80008804 (0x00e9de33) srl     t3, s3, a4
core   0: 3 0x80008804 (0x00e9de33) x28 0x0000003f
core   0: 0x80008808 (0x01ab5d13) srli    s10, s6, 26
core   0: 3 0x80008808 (0x01ab5d13) x26 0x00000000
core   0: 0x8000880c (0x40bbdb13) srai    s6, s7, 11
core   0: 3 0x8000880c (0x40bbdb13) x22 0x00000000
core   0: 0x80008810 (0x00008c05) c.sub   s0, s1
core   0: 3 0x80008810 (0x8c05) x8  0xffffffe7
core   0: 0x80008812 (0x014bc133) xor     sp, s7, s4
core   0: 3 0x80008812 (0x014bc133) x2  0xc7185b54
core   0: 0x80008816 (0x00001494) c.addi4spn a3, sp, 608
core   0: 3 0x80008816 (0x1494) x13 0xc7185db4
core   0: 0x80008818 (0x03bda433) mulhsu  s0, s11, s11
core   0: 3 0x80008818 (0x03bda433) x8  0x00000000
core   0: 0x8000881c (0xb0427993) andi    s3, tp, -1276
core   0: 3 0x8000881c (0xb0427993) x19 0xc8b66900
core   0: 0x80008820 (0x0000cb05) c.beqz  a4, pc + 48
core   0: 3 0x80008820 (0xcb05)
core   0: 0x80008822 (0x02238933) mul     s2, t2, sp
core   0: 3 0x80008822 (0x02238933) x18 0xe1094000
core   0: 0x80008826 (0x00006d29) c.lui   s10, 0xa
core   0: 3 0x80008826 (0x6d29) x26 0x0000a000
core   0: 0x80008828 (0x00000804) c.addi4spn s1, sp, 16
core   0: 3 0x80008828 (0x0804) x9  0xc7185b64
core   0: 0x8000882a (0x00009a7d) c.andi  a2, -1
core   0: 3 0x8000882a (0x9a7d) x12 0x416c7942
core   0: 0x8000882c (0x0000840e) c.mv    s0, gp
core   0: 3 0x8000882c (0x840e) x8  0x00000001
core   0: 0x8000882e (0x3fcdc093) xori    ra, s11, 1020
core   0: 3 0x8000882e (0x3fcdc093) x1  0x000003fc
core   0: 0x80008832 (0x00000001) c.nop
core   0: 3 0x80008832 (0x0001)
core   0: 0x80008834 (0x40b65f93) srai    t6, a2, 11
core   0: 3 0x80008834 (0x40b65f93) x31 0x00082d8f
core   0: 0x80008838 (0x0348c713) xori    a4, a7, 52
core   0: 3 0x80008838 (0x0348c713) x14 0x7ffda1e3
core   0: 0x8000883c (0x00000001) c.nop
core   0: 3 0x8000883c (0x0001)
core   0: 0x8000883e (0x0000e18d) c.bnez  a1, pc + 34
core   0: 3 0x8000883e (0xe18d)
core   0: 0x80008860 (0x002c7a33) and     s4, s8, sp
core   0: 3 0x80008860 (0x002c7a33) x20 0x00000000
core   0: 0x80008864 (0x00a1d933) srl     s2, gp, a0
core   0: 3 0x80008864 (0x00a1d933) x18 0x00000001
core   0: 0x80008868 (0x00008fb1) c.xor   a5, a2
core   0: 3 0x80008868 (0x8fb1) x15 0xc16e276a
core   0: 0x8000886a (0x03cd9a33) mulh    s4, s11, t3
core   0: 3 0x8000886a (0x03cd9a33) x20 0x00000000
core   0: 0x8000886e (0x00008151) c.srli  a0, 20
core   0: 3 0x8000886e (0x8151) x10 0x00000e03
core   0: 0x80008870 (0x02594d63) blt     s2, t0, pc + 58
core   0: 3 0x80008870 (0x02594d63)
core   0: 0x80008874 (0x01a196b3) sll     a3, gp, s10
core   0: 3 0x80008874 (0x01a196b3) x13 0x00000001
core   0: 0x80008878 (0x03178fb3) mul     t6, a5, a7
core   0: 3 0x80008878 (0x03178fb3) x31 0x440ec406
core   0: 0x8000887c (0x36b7f093) andi    ra, a5, 875
core   0: 3 0x8000887c (0x36b7f093) x1  0x0000036a
core   0: 0x80008880 (0xd0eca493) slti    s1, s9, -754
core   0: 3 0x80008880 (0xd0eca493) x9  0x00000000
core   0: 0x80008884 (0x40cf5993) srai    s3, t5, 12
core   0: 3 0x80008884 (0x40cf5993) x19 0xfff80029
core   0: 0x80008888 (0x0000984a) c.add   a6, s2
core   0: 3 0x80008888 (0x984a) x16 0xfdf49c37
core   0: 0x8000888a (0x00000001) c.nop
core   0: 3 0x8000888a (0x0001)
core   0: 0x8000888c (0x02677e33) remu    t3, a4, t1
core   0: 3 0x8000888c (0x02677e33) x28 0x00000003
core   0: 0x80008890 (0x00901f93) slli    t6, zero, 9
core   0: 3 0x80008890 (0x00901f93) x31 0x00000000
core   0: 0x80008894 (0x00748b63) beq     s1, t2, pc + 22
core   0: 3 0x80008894 (0x00748b63)
core   0: 0x80008898 (0x0000e891) c.bnez  s1, pc + 20
core   0: 3 0x80008898 (0xe891)
core   0: 0x8000889a (0x00000001) c.nop
core   0: 3 0x8000889a (0x0001)
core   0: 0x8000889c (0xc6e68b93) addi    s7, a3, -914
core   0: 3 0x8000889c (0xc6e68b93) x23 0xfffffc6f
core   0: 0x800088a0 (0x00006cf1) c.lui   s9, 0x1c
core   0: 3 0x800088a0 (0x6cf1) x25 0x0001c000
core   0: 0x800088a2 (0x03ff64b3) rem     s1, t5, t6
core   0: 3 0x800088a2 (0x03ff64b3) x9  0x80029d24
core   0: 0x800088a6 (0x00000001) c.nop
core   0: 3 0x800088a6 (0x0001)
core   0: 0x800088a8 (0x00000001) c.nop
core   0: 3 0x800088a8 (0x0001)
core   0: 0x800088aa (0x00008e25) c.xor   a2, s1
core   0: 3 0x800088aa (0x8e25) x12 0xc16ee466
core   0: 0x800088ac (0x00eaa0b3) slt     ra, s5, a4
core   0: 3 0x800088ac (0x00eaa0b3) x1  0x00000001
core   0: 0x800088b0 (0x0000ed15) c.bnez  a0, pc + 60
core   0: 3 0x800088b0 (0xed15)
core   0: 0x800088ec (0x015b5333) srl     t1, s6, s5
core   0: 3 0x800088ec (0x015b5333) x6  0x00000000
core   0: 0x800088f0 (0x000018fd) c.addi  a7, -1
core   0: 3 0x800088f0 (0x18fd) x17 0x7ffda1d6
core   0: 0x800088f2 (0x00005e7d) c.li    t3, -1
core   0: 3 0x800088f2 (0x5e7d) x28 0xffffffff
core   0: 0x800088f4 (0x0000e585) c.bnez  a1, pc + 40
core   0: 3 0x800088f4 (0xe585)
core   0: 0x8000891c (0xfab7e793) ori     a5, a5, -85
core   0: 3 0x8000891c (0xfab7e793) x15 0xffffffeb
core   0: 0x80008920 (0x00008059) c.srli  s0, 22
core   0: 3 0x80008920 (0x8059) x8  0x00000000
core   0: 0x80008922 (0x02a31f63) bne     t1, a0, pc + 62
core   0: 3 0x80008922 (0x02a31f63)
core   0: 0x80008960 (0x00227d63) bgeu    tp, sp, pc + 26
core   0: 3 0x80008960 (0x00227d63)
core   0: 0x8000897a (0x030a2a33) mulhsu  s4, s4, a6
core   0: 3 0x8000897a (0x030a2a33) x20 0x00000000
core   0: 0x8000897e (0x00001c1c) c.addi4spn a5, sp, 560
core   0: 3 0x8000897e (0x1c1c) x15 0xc7185d84
core   0: 0x80008980 (0x00008ddd) c.or    a1, a5
core   0: 3 0x80008980 (0x8ddd) x11 0xc7185fe4
core   0: 0x80008982 (0x000007ae) c.slli  a5, 11
core   0: 3 0x80008982 (0x07ae) x15 0xc2ec2000
core   0: 0x80008984 (0x0000ec85) c.bnez  s1, pc + 56
core   0: 3 0x80008984 (0xec85)
core   0: 0x800089bc (0x0293f663) bgeu    t2, s1, pc + 44
core   0: 3 0x800089bc (0x0293f663)
core   0: 0x800089c0 (0x01c106b3) add     a3, sp, t3
core   0: 3 0x800089c0 (0x01c106b3) x13 0xc7185b53
core   0: 0x800089c4 (0x405f5293) srai    t0, t5, 5
core   0: 3 0x800089c4 (0x405f5293) x5  0xfc0014e9
core   0: 0x800089c8 (0xdec00293) li      t0, -532
core   0: 3 0x800089c8 (0xdec00293) x5  0xfffffdec
core   0: 0x800089cc (0x00008419) c.srai  s0, 6
core   0: 3 0x800089cc (0x8419) x8  0x00000000
core   0: 0x800089ce (0x00004771) c.li    a4, 28
core   0: 3 0x800089ce (0x4771) x14 0x0000001c
core   0: 0x800089d0 (0x00000d1a) c.slli  s10, 6
core   0: 3 0x800089d0 (0x0d1a) x26 0x00280000
core   0: 0x800089d2 (0x009fd763) bge     t6, s1, pc + 14
core   0: 3 0x800089d2 (0x009fd763)
core   0: 0x800089e0 (0x00daf533) and     a0, s5, a3
core   0: 3 0x800089e0 (0x00daf533) x10 0x00000000
core   0: 0x800089e4 (0x41d80e33) sub     t3, a6, t4
core   0: 3 0x800089e4 (0x41d80e33) x28 0x7df23e0f
core   0: 0x800089e8 (0x00008e9d) c.sub   a3, a5
core   0: 3 0x800089e8 (0x8e9d) x13 0x042c3b53
core   0: 0x800089ea (0x00008c11) c.sub   s0, a2
core   0: 3 0x800089ea (0x8c11) x8  0x3e911b9a
core   0: 0x800089ec (0x08a4ce63) blt     s1, a0, pc + 156
core   0: 3 0x800089ec (0x08a4ce63)
core   0: 0x80008a88 (0x0145a233) slt     tp, a1, s4
core   0: 3 0x80008a88 (0x0145a233) x4  0x00000001
core   0: 0x80008a8c (0x969d8213) addi    tp, s11, -1687
core   0: 3 0x80008a8c (0x969d8213) x4  0xfffff969
core   0: 0x80008a90 (0xdfc18713) addi    a4, gp, -516
core   0: 3 0x80008a90 (0xdfc18713) x14 0xfffffdfd
core   0: 0x80008a94 (0x00008d06) c.mv    s10, ra
core   0: 3 0x80008a94 (0x8d06) x26 0x00000001
core   0: 0x80008a96 (0x1b4dce13) xori    t3, s11, 436
core   0: 3 0x80008a96 (0x1b4dce13) x28 0x000001b4
core   0: 0x80008a9a (0x03b41fb3) mulh    t6, s0, s11
core   0: 3 0x80008a9a (0x03b41fb3) x31 0x00000000
core   0: 0x80008a9e (0x0363ecb3) rem     s9, t2, s6
core   0: 3 0x80008a9e (0x0363ecb3) x25 0x00011000
core   0: 0x80008aa2 (0x01ec6663) bltu    s8, t5, pc + 12
core   0: 3 0x80008aa2 (0x01ec6663)
core   0: 0x80008aae (0x033ac2b3) div     t0, s5, s3
core   0: 3 0x80008aae (0x033ac2b3) x5  0x00000000
core   0: 0x80008ab2 (0x00008c36) c.mv    s8, a3
core   0: 3 0x80008ab2 (0x8c36) x24 0x042c3b53
core   0: 0x80008ab4 (0x00008dbd) c.xor   a1, a5
core   0: 3 0x80008ab4 (0x8dbd) x11 0x05f47fe4
core   0: 0x80008ab6 (0x00000c66) c.slli  s8, 25
core   0: 3 0x80008ab6 (0x0c66) x24 0xa6000000
core   0: 0x80008ab8 (0x03b45263) bge     s0, s11, pc + 36
core   0: 3 0x80008ab8 (0x03b45263)
core   0: 0x80008adc (0x00008c71) c.and   s0, a2
core   0: 3 0x80008adc (0x8c71) x8  0x00000002
core   0: 0x80008ade (0x000098fd) c.andi  s1, -1
core   0: 3 0x80008ade (0x98fd) x9  0x80029d24
core   0: 0x80008ae0 (0x4140dd33) sra     s10, ra, s4
core   0: 3 0x80008ae0 (0x4140dd33) x26 0x00000001
core   0: 0x80008ae4 (0xd9b2fb93) andi    s7, t0, -613
core   0: 3 0x80008ae4 (0xd9b2fb93) x23 0x00000000
core   0: 0x80008ae8 (0x037c8263) beq     s9, s7, pc + 36
core   0: 3 0x80008ae8 (0x037c8263)
core   0: 0x80008aec (0x00008e81) c.sub   a3, s0
core   0: 3 0x80008aec (0x8e81) x13 0x042c3b51
core   0: 0x80008aee (0x00450c63) beq     a0, tp, pc + 24
core   0: 3 0x80008aee (0x00450c63)
core   0: 0x80008af2 (0x03306963) bltu    zero, s3, pc + 50
core   0: 3 0x80008af2 (0x03306963)
core   0: 0x80008b24 (0x01032933) slt     s2, t1, a6
core   0: 3 0x80008b24 (0x01032933) x18 0x00000000
core   0: 0x80008b28 (0x00008e5d) c.or    a2, a5
core   0: 3 0x80008b28 (0x8e5d) x12 0xc3eee466
core   0: 0x80008b2a (0x947b0b13) addi    s6, s6, -1721
core   0: 3 0x80008b2a (0x947b0b13) x22 0xfffff947
core   0: 0x80008b2e (0x000069b1) c.lui   s3, 0xc
core   0: 3 0x80008b2e (0x69b1) x19 0x0000c000
core   0: 0x80008b30 (0x00008d1d) c.sub   a0, a5
core   0: 3 0x80008b30 (0x8d1d) x10 0x3d13e000
core   0: 0x80008b32 (0xd8196497) auipc   s1, 0xd8196
core   0: 3 0x80008b32 (0xd8196497) x9  0x5819eb32
core   0: 0x80008b36 (0x00008cfd) c.and   s1, a5
core   0: 3 0x80008b36 (0x8cfd) x9  0x40082000
core   0: 0x80008b38 (0x00000001) c.nop
core   0: 3 0x80008b38 (0x0001)
core   0: 0x80008b3a (0x41378c33) sub     s8, a5, s3
core   0: 3 0x80008b3a (0x41378c33) x24 0xc2eb6000
core   0: 0x80008b3e (0x000065e9) c.lui   a1, 0x1a
core   0: 3 0x80008b3e (0x65e9) x11 0x0001a000
core   0: 0x80008b40 (0x403180b3) sub     ra, gp, gp
core   0: 3 0x80008b40 (0x403180b3) x1  0x00000000
core   0: 0x80008b44 (0x03a08033) mul     zero, ra, s10
core   0: 3 0x80008b44 (0x03a08033)
core   0: 0x80008b48 (0x018dd593) srli    a1, s11, 24
core   0: 3 0x80008b48 (0x018dd593) x11 0x00000000
core   0: 0x80008b4c (0x03080e63) beq     a6, a6, pc + 60
core   0: 3 0x80008b4c (0x03080e63)
core   0: 0x80008b88 (0x000008d9) c.addi  a7, 22
core   0: 3 0x80008b88 (0x08d9) x17 0x7ffda1ec
core   0: 0x80008b8a (0x00a5b0b3) sltu    ra, a1, a0
core   0: 3 0x80008b8a (0x00a5b0b3) x1  0x00000001
core   0: 0x80008b8e (0x00791d13) slli    s10, s2, 7
core   0: 3 0x80008b8e (0x00791d13) x26 0x00000000
core   0: 0x80008b92 (0x93cde793) ori     a5, s11, -1732
core   0: 3 0x80008b92 (0x93cde793) x15 0xfffff93c
core   0: 0x80008b96 (0x40c4d233) sra     tp, s1, a2
core   0: 3 0x80008b96 (0x40c4d233) x4  0x01002080
core   0: 0x80008b9a (0x7f592b93) slti    s7, s2, 2037
core   0: 3 0x80008b9a (0x7f592b93) x23 0x00000001
core   0: 0x80008b9e (0x00008f61) c.and   a4, s0
core   0: 3 0x80008b9e (0x8f61) x14 0x00000000
core   0: 0x80008ba0 (0x0000e60d) c.bnez  a2, pc + 42
core   0: 3 0x80008ba0 (0xe60d)
core   0: 0x80008bca (0x0305f233) remu    tp, a1, a6
core   0: 3 0x80008bca (0x0305f233) x4  0x00000000
core   0: 0x80008bce (0x01ae5b93) srli    s7, t3, 26
core   0: 3 0x80008bce (0x01ae5b93) x23 0x00000000
core   0: 0x80008bd2 (0x402056b3) sra     a3, zero, sp
core   0: 3 0x80008bd2 (0x402056b3) x13 0x00000000
core   0: 0x80008bd6 (0x0315de33) divu    t3, a1, a7
core   0: 3 0x80008bd6 (0x0315de33) x28 0x00000000
core   0: 0x80008bda (0x03f04e33) div     t3, zero, t6
core   0: 3 0x80008bda (0x03f04e33) x28 0xffffffff
core   0: 0x80008bde (0xc7597797) auipc   a5, 0xc7597
core   0: 3 0x80008bde (0xc7597797) x15 0x4759fbde
core   0: 0x80008be2 (0x0000c019) c.beqz  s0, pc + 6
core   0: 3 0x80008be2 (0xc019)
core   0: 0x80008be4 (0x7a930193) addi    gp, t1, 1961
core   0: 3 0x80008be4 (0x7a930193) x3  0x000007a9
core   0: 0x80008be8 (0x0d844d13) xori    s10, s0, 216
core   0: 3 0x80008be8 (0x0d844d13) x26 0x000000da
core   0: 0x80008bec (0x00720cb3) add     s9, tp, t2
core   0: 3 0x80008bec (0x00720cb3) x25 0x00011000
core   0: 0x80008bf0 (0x15ed2e13) slti    t3, s10, 350
core   0: 3 0x80008bf0 (0x15ed2e13) x28 0x00000001
core   0: 0x80008bf4 (0xc2f36293) ori     t0, t1, -977
core   0: 3 0x80008bf4 (0xc2f36293) x5  0xfffffc2f
core   0: 0x80008bf8 (0x283b6813) ori     a6, s6, 643
core   0: 3 0x80008bf8 (0x283b6813) x16 0xfffffbc7
core   0: 0x80008bfc (0x00125733) srl     a4, tp, ra
core   0: 3 0x80008bfc (0x00125733) x14 0x00000000
core   0: 0x80008c00 (0x40815cb3) sra     s9, sp, s0
core   0: 3 0x80008c00 (0x40815cb3) x25 0xf1c616d5
core   0: 0x80008c04 (0x41358cb3) sub     s9, a1, s3
core   0: 3 0x80008c04 (0x41358cb3) x25 0xffff4000
core   0: 0x80008c08 (0x0001eb63) bltu    gp, zero, pc + 22
core   0: 3 0x80008c08 (0x0001eb63)
core   0: 0x80008c0c (0x0091e233) or      tp, gp, s1
core   0: 3 0x80008c0c (0x0091e233) x4  0x400827a9
core   0: 0x80008c10 (0x00008869) c.andi  s0, 26
core   0: 3 0x80008c10 (0x8869) x8  0x00000002
core   0: 0x80008c12 (0x408506b3) sub     a3, a0, s0
core   0: 3 0x80008c12 (0x408506b3) x13 0x3d13dffe
core   0: 0x80008c16 (0xc6ddcf93) xori    t6, s11, -915
core   0: 3 0x80008c16 (0xc6ddcf93) x31 0xfffffc6d
core   0: 0x80008c1a (0x03f37bb3) remu    s7, t1, t6
core   0: 3 0x80008c1a (0x03f37bb3) x23 0x00000000
core   0: 0x80008c1e (0x011982b3) add     t0, s3, a7
core   0: 3 0x80008c1e (0x011982b3) x5  0x7ffe61ec
core   0: 0x80008c22 (0x0000618d) c.lui   gp, 0x3
core   0: 3 0x80008c22 (0x618d) x3  0x00003000
core   0: 0x80008c24 (0x01036b63) bltu    t1, a6, pc + 22
core   0: 3 0x80008c24 (0x01036b63)
core   0: 0x80008c3a (0x0560d263) bge     ra, s6, pc + 68
core   0: 3 0x80008c3a (0x0560d263)
core   0: 0x80008c7e (0x01b51b63) bne     a0, s11, pc + 22
core   0: 3 0x80008c7e (0x01b51b63)
core   0: 0x80008c94 (0x00008d1d) c.sub   a0, a5
core   0: 3 0x80008c94 (0x8d1d) x10 0xf5b9e422
core   0: 0x80008c96 (0x01d38563) beq     t2, t4, pc + 10
core   0: 3 0x80008c96 (0x01d38563)
core   0: 0x80008c9a (0x00006179) c.addi16sp sp, 464
core   0: 3 0x80008c9a (0x6179) x2  0xc7185d24
core   0: 0x80008c9c (0x015ac263) blt     s5, s5, pc + 4
core   0: 3 0x80008c9c (0x015ac263)
core   0: 0x80008ca0 (0x00830d33) add     s10, t1, s0
core   0: 3 0x80008ca0 (0x00830d33) x26 0x00000002
core   0: 0x80008ca4 (0x00008d4d) c.or    a0, a1
core   0: 3 0x80008ca4 (0x8d4d) x10 0xf5b9e422
core   0: 0x80008ca6 (0x02ba9763) bne     s5, a1, pc + 46
core   0: 3 0x80008ca6 (0x02ba9763)
core   0: 0x80008cd4 (0x0000c1a1) c.beqz  a1, pc + 64
core   0: 3 0x80008cd4 (0xc1a1)
core   0: 0x80008d14 (0x00008a3d) c.andi  a2, 15
core   0: 3 0x80008d14 (0x8a3d) x12 0x00000006
core   0: 0x80008d16 (0x00004e69) c.li    t3, 26
core   0: 3 0x80008d16 (0x4e69) x28 0x0000001a
core   0: 0x80008d18 (0x408d5333) sra     t1, s10, s0
core   0: 3 0x80008d18 (0x408d5333) x6  0x00000000
core   0: 0x80008d1c (0x03c0be33) mulhu   t3, ra, t3
core   0: 3 0x80008d1c (0x03c0be33) x28 0x00000000
core   0: 0x80008d20 (0x41ab8e33) sub     t3, s7, s10
core   0: 3 0x80008d20 (0x41ab8e33) x28 0xfffffffe
core   0: 0x80008d24 (0x0073fcb3) and     s9, t2, t2
core   0: 3 0x80008d24 (0x0073fcb3) x25 0x00011000
core   0: 0x80008d28 (0x00009bfe) c.add   s7, t6
core   0: 3 0x80008d28 (0x9bfe) x23 0xfffffc6d
core   0: 0x80008d2a (0x00008e41) c.or    a2, s0
core   0: 3 0x80008d2a (0x8e41) x12 0x00000006
core   0: 0x80008d2c (0x000006ce) c.slli  a3, 19
core   0: 3 0x80008d2c (0x06ce) x13 0xfff00000
core   0: 0x80008d2e (0x03794063) blt     s2, s7, pc + 32
core   0: 3 0x80008d2e (0x03794063)
core   0: 0x80008d32 (0x03be6033) rem     zero, t3, s11
core   0: 3 0x80008d32 (0x03be6033)
core   0: 0x80008d36 (0x000092ca) c.add   t0, s2
core   0: 3 0x80008d36 (0x92ca) x5  0x7ffe61ec
core   0: 0x80008d38 (0x011a09b3) add     s3, s4, a7
core   0: 3 0x80008d38 (0x011a09b3) x19 0x7ffda1ec
core   0: 0x80008d3c (0x02e13db3) mulhu   s11, sp, a4
core   0: 3 0x80008d3c (0x02e13db3) x27 0x00000000
core   0: 0x80008d40 (0x00008eb1) c.xor   a3, a2
core   0: 3 0x80008d40 (0x8eb1) x13 0xfff00006
core   0: 0x80008d42 (0x006076b3) and     a3, zero, t1
core   0: 3 0x80008d42 (0x006076b3) x13 0x00000000
core   0: 0x80008d46 (0x0295f1b3) remu    gp, a1, s1
core   0: 3 0x80008d46 (0x0295f1b3) x3  0x00000000
core   0: 0x80008d4a (0x00008d95) c.sub   a1, a3
core   0: 3 0x80008d4a (0x8d95) x11 0x00000000
core   0: 0x80008d4c (0x00004775) c.li    a4, 29
core   0: 3 0x80008d4c (0x4775) x14 0x0000001d
core   0: 0x80008d4e (0x00006115) c.addi16sp sp, 288
core   0: 3 0x80008d4e (0x6115) x2  0xc7185e44
core   0: 0x80008d50 (0x01f1d393) srli    t2, gp, 31
core   0: 3 0x80008d50 (0x01f1d393) x7  0x00000000
core   0: 0x80008d54 (0x00a65a33) srl     s4, a2, a0
core   0: 3 0x80008d54 (0x00a65a33) x20 0x00000001
core   0: 0x80008d58 (0x00008e8d) c.sub   a3, a1
core   0: 3 0x80008d58 (0x8e8d) x13 0x00000000
core   0: 0x80008d5a (0x000089ee) c.mv    s3, s11
core   0: 3 0x80008d5a (0x89ee) x19 0x00000000
core   0: 0x80008d5c (0x00009ca6) c.add   s9, s1
core   0: 3 0x80008d5c (0x9ca6) x25 0x40093000
core   0: 0x80008d5e (0x03259c33) mulh    s8, a1, s2
core   0: 3 0x80008d5e (0x03259c33) x24 0x00000000
core   0: 0x80008d62 (0x0a1008b7) lui     a7, 0xa100
core   0: 3 0x80008d62 (0x0a1008b7) x17 0x0a100000
core   0: 0x80008d66 (0x00655133) srl     sp, a0, t1
core   0: 3 0x80008d66 (0x00655133) x2  0xf5b9e422
core   0: 0x80008d6a (0x01c7c8b3) xor     a7, a5, t3
core   0: 3 0x80008d6a (0x01c7c8b3) x17 0xb8a60420
core   0: 0x80008d6e (0x01999b93) slli    s7, s3, 25
core   0: 3 0x80008d6e (0x01999b93) x23 0x00000000
core   0: 0x80008d72 (0x00008c71) c.and   s0, a2
core   0: 3 0x80008d72 (0x8c71) x8  0x00000002
core   0: 0x80008d74 (0x01e74b33) xor     s6, a4, t5
core   0: 3 0x80008d74 (0x01e74b33) x22 0x80029d39
core   0: 0x80008d78 (0x40fd5213) srai    tp, s10, 15
core   0: 3 0x80008d78 (0x40fd5213) x4  0x00000000
core   0: 0x80008d7c (0x03a26c63) bltu    tp, s10, pc + 56
core   0: 3 0x80008d7c (0x03a26c63)
core   0: 0x80008db4 (0x008bd233) srl     tp, s7, s0
core   0: 3 0x80008db4 (0x008bd233) x4  0x00000000
core   0: 0x80008db8 (0xb505ec13) ori     s8, a1, -1200
core   0: 3 0x80008db8 (0xb505ec13) x24 0xfffffb50
core   0: 0x80008dbc (0x261b0613) addi    a2, s6, 609
core   0: 3 0x80008dbc (0x261b0613) x12 0x80029f9a
core   0: 0x80008dc0 (0x024c5633) divu    a2, s8, tp
core   0: 3 0x80008dc0 (0x024c5633) x12 0xffffffff
core   0: 0x80008dc4 (0x03b5cbb3) div     s7, a1, s11
core   0: 3 0x80008dc4 (0x03b5cbb3) x23 0xffffffff
core   0: 0x80008dc8 (0x003a5493) srli    s1, s4, 3
core   0: 3 0x80008dc8 (0x003a5493) x9  0x00000000
core   0: 0x80008dcc (0x03459c63) bne     a1, s4, pc + 56
core   0: 3 0x80008dcc (0x03459c63)
core   0: 0x80008e04 (0x002ae7b3) or      a5, s5, sp
core   0: 3 0x80008e04 (0x002ae7b3) x15 0xf5b9e42a
core   0: 0x80008e08 (0x000086ed) c.srai  a3, 27
core   0: 3 0x80008e08 (0x86ed) x13 0x00000000
core   0: 0x80008e0a (0x95d47613) andi    a2, s0, -1699
core   0: 3 0x80008e0a (0x95d47613) x12 0x00000000
core   0: 0x80008e0e (0x41525f93) srai    t6, tp, 21
core   0: 3 0x80008e0e (0x41525f93) x31 0x00000000
core   0: 0x80008e12 (0x02989263) bne     a7, s1, pc + 36
core   0: 3 0x80008e12 (0x02989263)
core   0: 0x80008e36 (0x00697a63) bgeu    s2, t1, pc + 20
core   0: 3 0x80008e36 (0x00697a63)
core   0: 0x80008e4a (0x00000642) c.slli  a2, 16
core   0: 3 0x80008e4a (0x0642) x12 0x00000000
core   0: 0x80008e4c (0x003224b3) slt     s1, tp, gp
core   0: 3 0x80008e4c (0x003224b3) x9  0x00000000
core   0: 0x80008e50 (0xdad02613) slti    a2, zero, -595
core   0: 3 0x80008e50 (0xdad02613) x12 0x00000000
core   0: 0x80008e54 (0x00008f99) c.sub   a5, a4
core   0: 3 0x80008e54 (0x8f99) x15 0xf5b9e40d
core   0: 0x80008e56 (0x02874863) blt     a4, s0, pc + 48
core   0: 3 0x80008e56 (0x02874863)
core   0: 0x80008e5a (0xf09dba13) sltiu   s4, s11, -247
core   0: 3 0x80008e5a (0xf09dba13) x20 0x00000001
core   0: 0x80008e5e (0x0005c3b3) xor     t2, a1, zero
core   0: 3 0x80008e5e (0x0005c3b3) x7  0x00000000
core   0: 0x80008e62 (0xc97e4893) xori    a7, t3, -873
core   0: 3 0x80008e62 (0xc97e4893) x17 0x00000369
core   0: 0x80008e66 (0x035618b3) mulh    a7, a2, s5
core   0: 3 0x80008e66 (0x035618b3) x17 0x00000000
core   0: 0x80008e6a (0x6c78dfb7) lui     t6, 0x6c78d
core   0: 3 0x80008e6a (0x6c78dfb7) x31 0x6c78d000
core   0: 0x80008e6e (0x000044e9) c.li    s1, 26
core   0: 3 0x80008e6e (0x44e9) x9  0x0000001a
core   0: 0x80008e70 (0x01be2d33) slt     s10, t3, s11
core   0: 3 0x80008e70 (0x01be2d33) x26 0x00000001
core   0: 0x80008e74 (0x00008ab1) c.andi  a3, 12
core   0: 3 0x80008e74 (0x8ab1) x13 0x00000000
core   0: 0x80008e76 (0x64e17713) andi    a4, sp, 1614
core   0: 3 0x80008e76 (0x64e17713) x14 0x00000402
core   0: 0x80008e7a (0x01d024b3) slt     s1, zero, t4
core   0: 3 0x80008e7a (0x01d024b3) x9  0x00000000
core   0: 0x80008e7e (0x02953a33) mulhu   s4, a0, s1
core   0: 3 0x80008e7e (0x02953a33) x20 0x00000000
core   0: 0x80008e82 (0x417e82b3) sub     t0, t4, s7
core   0: 3 0x80008e82 (0x417e82b3) x5  0x80025e29
core   0: 0x80008e86 (0x000087ba) c.mv    a5, a4
core   0: 3 0x80008e86 (0x87ba) x15 0x00000402
core   0: 0x80008e88 (0x0219b0b3) mulhu   ra, s3, ra
core   0: 3 0x80008e88 (0x0219b0b3) x1  0x00000000
core   0: 0x80008e8c (0x0097c433) xor     s0, a5, s1
core   0: 3 0x80008e8c (0x0097c433) x8  0x00000402
core   0: 0x80008e90 (0x00000001) c.nop
core   0: 3 0x80008e90 (0x0001)
core   0: 0x80008e92 (0x02ee7533) remu    a0, t3, a4
core   0: 3 0x80008e92 (0x02ee7533) x10 0x000003e0
core   0: 0x80008e96 (0x0351d0b3) divu    ra, gp, s5
core   0: 3 0x80008e96 (0x0351d0b3) x1  0x00000000
core   0: 0x80008e9a (0x03ec8933) mul     s2, s9, t5
core   0: 3 0x80008e9a (0x03ec8933) x18 0x03bac000
core   0: 0x80008e9e (0x01485a13) srli    s4, a6, 20
core   0: 3 0x80008e9e (0x01485a13) x20 0x00000fff
core   0: 0x80008ea2 (0x0078c833) xor     a6, a7, t2
core   0: 3 0x80008ea2 (0x0078c833) x16 0x00000000
core   0: 0x80008ea6 (0x0000129c) c.addi4spn a5, sp, 352
core   0: 3 0x80008ea6 (0x129c) x15 0xf5b9e582
core   0: 0x80008ea8 (0x01a50863) beq     a0, s10, pc + 16
core   0: 3 0x80008ea8 (0x01a50863)
core   0: 0x80008eac (0x0300e363) bltu    ra, a6, pc + 38
core   0: 3 0x80008eac (0x0300e363)
core   0: 0x80008eb0 (0x00797633) and     a2, s2, t2
core   0: 3 0x80008eb0 (0x00797633) x12 0x00000000
core   0: 0x80008eb4 (0x00d95bb3) srl     s7, s2, a3
core   0: 3 0x80008eb4 (0x00d95bb3) x23 0x03bac000
core   0: 0x80008eb8 (0x40028a33) sub     s4, t0, zero
core   0: 3 0x80008eb8 (0x40028a33) x20 0x80025e29
core   0: 0x80008ebc (0x020d98b3) mulh    a7, s11, zero
core   0: 3 0x80008ebc (0x020d98b3) x17 0x00000000
core   0: 0x80008ec0 (0x00ee0cb3) add     s9, t3, a4
core   0: 3 0x80008ec0 (0x00ee0cb3) x25 0x00000400
core   0: 0x80008ec4 (0x0000e219) c.bnez  a2, pc + 6
core   0: 3 0x80008ec4 (0xe219)
core   0: 0x80008ec6 (0x0349d1b3) divu    gp, s3, s4
core   0: 3 0x80008ec6 (0x0349d1b3) x3  0x00000000
core   0: 0x80008eca (0x02075263) bgez    a4, pc + 36
core   0: 3 0x80008eca (0x02075263)
core   0: 0x80008eee (0x0268b0b3) mulhu   ra, a7, t1
core   0: 3 0x80008eee (0x0268b0b3) x1  0x00000000
core   0: 0x80008ef2 (0x034dba33) mulhu   s4, s11, s4
core   0: 3 0x80008ef2 (0x034dba33) x20 0x00000000
core   0: 0x80008ef6 (0x021802b3) mul     t0, a6, ra
core   0: 3 0x80008ef6 (0x021802b3) x5  0x00000000
core   0: 0x80008efa (0x035c4fb3) div     t6, s8, s5
core   0: 3 0x80008efa (0x035c4fb3) x31 0xffffff6a
core   0: 0x80008efe (0xbae37993) andi    s3, t1, -1106
core   0: 3 0x80008efe (0xbae37993) x19 0x00000000
core   0: 0x80008f02 (0x00d1fcb3) and     s9, gp, a3
core   0: 3 0x80008f02 (0x00d1fcb3) x25 0x00000000
core   0: 0x80008f06 (0x00009e26) c.add   t3, s1
core   0: 3 0x80008f06 (0x9e26) x28 0xfffffffe
core   0: 0x80008f08 (0x0000c389) c.beqz  a5, pc + 2
core   0: 3 0x80008f08 (0xc389)
core   0: 0x80008f0a (0x0000678d) c.lui   a5, 0x3
core   0: 3 0x80008f0a (0x678d) x15 0x00003000
core   0: 0x80008f0c (0x02330fb3) mul     t6, t1, gp
core   0: 3 0x80008f0c (0x02330fb3) x31 0x00000000
core   0: 0x80008f10 (0x00c877b3) and     a5, a6, a2
core   0: 3 0x80008f10 (0x00c877b3) x15 0x00000000
core   0: 0x80008f14 (0x417c89b3) sub     s3, s9, s7
core   0: 3 0x80008f14 (0x417c89b3) x19 0xfc454000
core   0: 0x80008f18 (0x40055db3) sra     s11, a0, zero
core   0: 3 0x80008f18 (0x40055db3) x27 0x000003e0
core   0: 0x80008f1c (0x277bbf93) sltiu   t6, s7, 631
core   0: 3 0x80008f1c (0x277bbf93) x31 0x00000000
core   0: 0x80008f20 (0x00000001) c.nop
core   0: 3 0x80008f20 (0x0001)
core   0: 0x80008f22 (0x01241693) slli    a3, s0, 18
core   0: 3 0x80008f22 (0x01241693) x13 0x10080000
core   0: 0x80008f26 (0xcedb6293) ori     t0, s6, -787
core   0: 3 0x80008f26 (0xcedb6293) x5  0xfffffdfd
core   0: 0x80008f2a (0x0000177d) c.addi  a4, -1
core   0: 3 0x80008f2a (0x177d) x14 0x00000401
core   0: 0x80008f2c (0x41e283b3) sub     t2, t0, t5
core   0: 3 0x80008f2c (0x41e283b3) x7  0x7ffd60d9
core   0: 0x80008f30 (0x04a5f263) bgeu    a1, a0, pc + 68
core   0: 3 0x80008f30 (0x04a5f263)
core   0: 0x80008f34 (0x01e01a33) sll     s4, zero, t5
core   0: 3 0x80008f34 (0x01e01a33) x20 0x00000000
core   0: 0x80008f38 (0x011c5b63) bge     s8, a7, pc + 22
core   0: 3 0x80008f38 (0x011c5b63)
core   0: 0x80008f3c (0x00b93cb3) sltu    s9, s2, a1
core   0: 3 0x80008f3c (0x00b93cb3) x25 0x00000000
core   0: 0x80008f40 (0x6c7e7093) andi    ra, t3, 1735
core   0: 3 0x80008f40 (0x6c7e7093) x1  0x000006c6
core   0: 0x80008f44 (0x41b78833) sub     a6, a5, s11
core   0: 3 0x80008f44 (0x41b78833) x16 0xfffffc20
core   0: 0x80008f48 (0x00008fe1) c.and   a5, s0
core   0: 3 0x80008f48 (0x8fe1) x15 0x00000000
core   0: 0x80008f4a (0x00d9b133) sltu    sp, s3, a3
core   0: 3 0x80008f4a (0x00d9b133) x2  0x00000000
core   0: 0x80008f4e (0x03193d33) mulhu   s10, s2, a7
core   0: 3 0x80008f4e (0x03193d33) x26 0x00000000
core   0: 0x80008f52 (0x02eb6e33) rem     t3, s6, a4
core   0: 3 0x80008f52 (0x02eb6e33) x28 0xfffffc93
core   0: 0x80008f56 (0x5ab5e413) ori     s0, a1, 1451
core   0: 3 0x80008f56 (0x5ab5e413) x8  0x000005ab
core   0: 0x80008f5a (0x00009c5a) c.add   s8, s6
core   0: 3 0x80008f5a (0x9c5a) x24 0x80029889
core   0: 0x80008f5c (0x00008832) c.mv    a6, a2
core   0: 3 0x80008f5c (0x8832) x16 0x00000000
core   0: 0x80008f5e (0x00008e45) c.or    a2, s1
core   0: 3 0x80008f5e (0x8e45) x12 0x00000000
core   0: 0x80008f60 (0x0000c905) c.beqz  a0, pc + 48
core   0: 3 0x80008f60 (0xc905)
core   0: 0x80008f62 (0x01d1f9b3) and     s3, gp, t4
core   0: 3 0x80008f62 (0x01d1f9b3) x19 0x00000000
core   0: 0x80008f66 (0x039a7333) remu    t1, s4, s9
core   0: 3 0x80008f66 (0x039a7333) x6  0x00000000
core   0: 0x80008f6a (0x0000e10d) c.bnez  a0, pc + 34
core   0: 3 0x80008f6a (0xe10d)
core   0: 0x80008f8c (0x00377333) and     t1, a4, gp
core   0: 3 0x80008f8c (0x00377333) x6  0x00000000
core   0: 0x80008f90 (0x01b95d93) srli    s11, s2, 27
core   0: 3 0x80008f90 (0x01b95d93) x27 0x00000000
core   0: 0x80008f94 (0x03574633) div     a2, a4, s5
core   0: 3 0x80008f94 (0x03574633) x12 0x00000080
core   0: 0x80008f98 (0x00000001) c.nop
core   0: 3 0x80008f98 (0x0001)
core   0: 0x80008f9a (0x00000001) c.nop
core   0: 3 0x80008f9a (0x0001)
core   0: 0x80008f9c (0x03821e33) mulh    t3, tp, s8
core   0: 3 0x80008f9c (0x03821e33) x28 0x00000000
core   0: 0x80008fa0 (0x40525233) sra     tp, tp, t0
core   0: 3 0x80008fa0 (0x40525233) x4  0x00000000
core   0: 0x80008fa4 (0x026c88b3) mul     a7, s9, t1
core   0: 3 0x80008fa4 (0x026c88b3) x17 0x00000000
core   0: 0x80008fa8 (0x0000e3a9) c.bnez  a5, pc + 66
core   0: 3 0x80008fa8 (0xe3a9)
core   0: 0x80008faa (0x00627e63) bgeu    tp, t1, pc + 28
core   0: 3 0x80008faa (0x00627e63)
core   0: 0x80008fc6 (0x0000e98d) c.bnez  a1, pc + 50
core   0: 3 0x80008fc6 (0xe98d)
core   0: 0x80008fc8 (0x01695413) srli    s0, s2, 22
core   0: 3 0x80008fc8 (0x01695413) x8  0x0000000e
core   0: 0x80008fcc (0x00a57c63) bgeu    a0, a0, pc + 24
core   0: 3 0x80008fcc (0x00a57c63)
core   0: 0x80008fe4 (0x0000c911) c.beqz  a0, pc + 20
core   0: 3 0x80008fe4 (0xc911)
core   0: 0x80008fe6 (0xba990713) addi    a4, s2, -1111
core   0: 3 0x80008fe6 (0xba990713) x14 0x03babba9
core   0: 0x80008fea (0x000082e9) c.srli  a3, 26
core   0: 3 0x80008fea (0x82e9) x13 0x00000004
core   0: 0x80008fec (0x0276d863) bge     a3, t2, pc + 48
core   0: 3 0x80008fec (0x0276d863)
core   0: 0x80008ff0 (0x00e983b3) add     t2, s3, a4
core   0: 3 0x80008ff0 (0x00e983b3) x7  0x03babba9
core   0: 0x80008ff4 (0x402154b3) sra     s1, sp, sp
core   0: 3 0x80008ff4 (0x402154b3) x9  0x00000000
core   0: 0x80008ff8 (0x0000ca95) c.beqz  a3, pc + 52
core   0: 3 0x80008ff8 (0xca95)
core   0: 0x80008ffa (0x02e91163) bne     s2, a4, pc + 34
core   0: 3 0x80008ffa (0x02e91163)
core   0: 0x8000901c (0x000543b3) xor     t2, a0, zero
core   0: 3 0x8000901c (0x000543b3) x7  0x000003e0
core   0: 0x80009020 (0xa499f293) andi    t0, s3, -1463
core   0: 3 0x80009020 (0xa499f293) x5  0x00000000
core   0: 0x80009024 (0x00c45933) srl     s2, s0, a2
core   0: 3 0x80009024 (0x00c45933) x18 0x0000000e
core   0: 0x80009028 (0x003b58b3) srl     a7, s6, gp
core   0: 3 0x80009028 (0x003b58b3) x17 0x80029d39
core   0: 0x8000902c (0x02596d33) rem     s10, s2, t0
core   0: 3 0x8000902c (0x02596d33) x26 0x0000000e
core   0: 0x80009030 (0x416483b3) sub     t2, s1, s6
core   0: 3 0x80009030 (0x416483b3) x7  0x7ffd62c7
core   0: 0x80009034 (0x0000e601) c.bnez  a2, pc + 8
core   0: 3 0x80009034 (0xe601)
core   0: 0x8000903c (0x043cd263) bge     s9, gp, pc + 68
core   0: 3 0x8000903c (0x043cd263)
core   0: 0x80009080 (0xcbace593) ori     a1, s9, -838
core   0: 3 0x80009080 (0xcbace593) x11 0xfffffcba
core   0: 0x80009084 (0x01e40e63) beq     s0, t5, pc + 28
core   0: 3 0x80009084 (0x01e40e63)
core   0: 0x80009088 (0x039d5233) divu    tp, s10, s9
core   0: 3 0x80009088 (0x039d5233) x4  0xffffffff
core   0: 0x8000908c (0x01b09793) slli    a5, ra, 27
core   0: 3 0x8000908c (0x01b09793) x15 0x30000000
core   0: 0x80009090 (0x0142a1b3) slt     gp, t0, s4
core   0: 3 0x80009090 (0x0142a1b3) x3  0x00000000
core   0: 0x80009094 (0x00008d35) c.xor   a0, a3
core   0: 3 0x80009094 (0x8d35) x10 0x000003e4
core   0: 0x80009096 (0x0156aa33) slt     s4, a3, s5
core   0: 3 0x80009096 (0x0156aa33) x20 0x00000001
core   0: 0x8000909a (0x00388933) add     s2, a7, gp
core   0: 3 0x8000909a (0x00388933) x18 0x80029d39
core   0: 0x8000909e (0x00000bf1) c.addi  s7, 28
core   0: 3 0x8000909e (0x0bf1) x23 0x03bac01c
core   0: 0x800090a0 (0x00006161) c.addi16sp sp, 80
core   0: 3 0x800090a0 (0x6161) x2  0x00000050
core   0: 0x800090a2 (0x020952b3) divu    t0, s2, zero
core   0: 3 0x800090a2 (0x020952b3) x5  0xffffffff
core   0: 0x800090a6 (0x6c9712b7) lui     t0, 0x6c971
core   0: 3 0x800090a6 (0x6c9712b7) x5  0x6c971000
core   0: 0x800090aa (0x036bbe33) mulhu   t3, s7, s6
core   0: 3 0x800090aa (0x036bbe33) x28 0x01dd69cd
core   0: 0x800090ae (0x00008c91) c.sub   s1, a2
core   0: 3 0x800090ae (0x8c91) x9  0xffffff80
core   0: 0x800090b0 (0x00778733) add     a4, a5, t2
core   0: 3 0x800090b0 (0x00778733) x14 0xaffd62c7
core   0: 0x800090b4 (0xb482e693) ori     a3, t0, -1208
core   0: 3 0x800090b4 (0xb482e693) x13 0xfffffb48
core   0: 0x800090b8 (0x01a552b3) srl     t0, a0, s10
core   0: 3 0x800090b8 (0x01a552b3) x5  0x00000000
core   0: 0x800090bc (0x0000cb0d) c.beqz  a4, pc + 50
core   0: 3 0x800090bc (0xcb0d)
core   0: 0x800090be (0x41d6d633) sra     a2, a3, t4
core   0: 3 0x800090be (0x41d6d633) x12 0xfffffffb
core   0: 0x800090c2 (0x00008eb5) c.xor   a3, a3
core   0: 3 0x800090c2 (0x8eb5) x13 0x00000000
core   0: 0x800090c4 (0x00001bfd) c.addi  s7, -1
core   0: 3 0x800090c4 (0x1bfd) x23 0x03bac01b
core   0: 0x800090c6 (0x408bdfb3) sra     t6, s7, s0
core   0: 3 0x800090c6 (0x408bdfb3) x31 0x00000eeb
core   0: 0x800090ca (0x01ca5bb3) srl     s7, s4, t3
core   0: 3 0x800090ca (0x01ca5bb3) x23 0x00000000
core   0: 0x800090ce (0x0063b833) sltu    a6, t2, t1
core   0: 3 0x800090ce (0x0063b833) x16 0x00000000
core   0: 0x800090d2 (0x02f8dd33) divu    s10, a7, a5
core   0: 3 0x800090d2 (0x02f8dd33) x26 0x00000002
core   0: 0x800090d6 (0x00246663) bltu    s0, sp, pc + 12
core   0: 3 0x800090d6 (0x00246663)
core   0: 0x800090e2 (0x8d2352b7) lui     t0, 0x8d235
core   0: 3 0x800090e2 (0x8d2352b7) x5  0x8d235000
core   0: 0x800090e6 (0x00b11db3) sll     s11, sp, a1
core   0: 3 0x800090e6 (0x00b11db3) x27 0x40000000
core   0: 0x800090ea (0x01b238b3) sltu    a7, tp, s11
core   0: 3 0x800090ea (0x01b238b3) x17 0x00000000
core   0: 0x800090ee (0x016bbc33) sltu    s8, s7, s6
core   0: 3 0x800090ee (0x016bbc33) x24 0x00000001
core   0: 0x800090f2 (0x039661b3) rem     gp, a2, s9
core   0: 3 0x800090f2 (0x039661b3) x3  0xfffffffb
core   0: 0x800090f6 (0x00008ee9) c.and   a3, a0
core   0: 3 0x800090f6 (0x8ee9) x13 0x00000000
core   0: 0x800090f8 (0x31375e37) lui     t3, 0x31375
core   0: 3 0x800090f8 (0x31375e37) x28 0x31375000
core   0: 0x800090fc (0x037fe933) rem     s2, t6, s7
core   0: 3 0x800090fc (0x037fe933) x18 0x00000eeb
core   0: 0x80009100 (0x03e41cb3) mulh    s9, s0, t5
core   0: 3 0x80009100 (0x03e41cb3) x25 0xfffffff9
core   0: 0x80009104 (0x00008c49) c.or    s0, a0
core   0: 3 0x80009104 (0x8c49) x8  0x000003ee
core   0: 0x80009106 (0x0163d6b3) srl     a3, t2, s6
core   0: 3 0x80009106 (0x0163d6b3) x13 0x0000003f
core   0: 0x8000910a (0x01ec1193) slli    gp, s8, 30
core   0: 3 0x8000910a (0x01ec1193) x3  0x40000000
core   0: 0x8000910e (0x42aab213) sltiu   tp, s5, 1066
core   0: 3 0x8000910e (0x42aab213) x4  0x00000001
core   0: 0x80009112 (0x02d064b3) rem     s1, zero, a3
core   0: 3 0x80009112 (0x02d064b3) x9  0x00000000
core   0: 0x80009116 (0x00008ce1) c.and   s1, s0
core   0: 3 0x80009116 (0x8ce1) x9  0x00000000
core   0: 0x80009118 (0x4141d433) sra     s0, gp, s4
core   0: 3 0x80009118 (0x4141d433) x8  0x20000000
core   0: 0x8000911c (0x00008d7e) c.mv    s10, t6
core   0: 3 0x8000911c (0x8d7e) x26 0x00000eeb
core   0: 0x8000911e (0x01041c33) sll     s8, s0, a6
core   0: 3 0x8000911e (0x01041c33) x24 0x20000000
core   0: 0x80009122 (0x0000167d) c.addi  a2, -1
core   0: 3 0x80009122 (0x167d) x12 0xfffffffa
core   0: 0x80009124 (0x0000997d) c.andi  a0, -1
core   0: 3 0x80009124 (0x997d) x10 0x000003e4
core   0: 0x80009126 (0x003e06b3) add     a3, t3, gp
core   0: 3 0x80009126 (0x003e06b3) x13 0x71375000
core   0: 0x8000912a (0x84f83c13) sltiu   s8, a6, -1969
core   0: 3 0x8000912a (0x84f83c13) x24 0x00000001
core   0: 0x8000912e (0x0298f863) bgeu    a7, s1, pc + 48
core   0: 3 0x8000912e (0x0298f863)
core   0: 0x8000915e (0x0000c499) c.beqz  s1, pc + 14
core   0: 3 0x8000915e (0xc499)
core   0: 0x8000916c (0xf1916317) auipc   t1, 0xf1916
core   0: 3 0x8000916c (0xf1916317) x6  0x7191f16c
core   0: 0x80009170 (0x03718763) beq     gp, s7, pc + 46
core   0: 3 0x80009170 (0x03718763)
core   0: 0x80009174 (0x02656c33) rem     s8, a0, t1
core   0: 3 0x80009174 (0x02656c33) x24 0x000003e4
core   0: 0x80009178 (0x02f5e5b3) rem     a1, a1, a5
core   0: 3 0x80009178 (0x02f5e5b3) x11 0xfffffcba
core   0: 0x8000917c (0x00b303b3) add     t2, t1, a1
core   0: 3 0x8000917c (0x00b303b3) x7  0x7191ee26
core   0: 0x80009180 (0x00001cfd) c.addi  s9, -1
core   0: 3 0x80009180 (0x1cfd) x25 0xfffffff8
core   0: 0x80009182 (0x00e9da63) bge     s3, a4, pc + 20
core   0: 3 0x80009182 (0x00e9da63)
core   0: 0x80009196 (0x03566863) bltu    a2, s5, pc + 48
core   0: 3 0x80009196 (0x03566863)
core   0: 0x8000919a (0x03be2a33) mulhsu  s4, t3, s11
core   0: 3 0x8000919a (0x03be2a33) x20 0x0c4dd400
core   0: 0x8000919e (0x03063a33) mulhu   s4, a2, a6
core   0: 3 0x8000919e (0x03063a33) x20 0x00000000
core   0: 0x800091a2 (0x0045d213) srli    tp, a1, 4
core   0: 3 0x800091a2 (0x0045d213) x4  0x0fffffcb
core   0: 0x800091a6 (0x49f6fc93) andi    s9, a3, 1183
core   0: 3 0x800091a6 (0x49f6fc93) x25 0x00000000
core   0: 0x800091aa (0x01a9fd33) and     s10, s3, s10
core   0: 3 0x800091aa (0x01a9fd33) x26 0x00000000
core   0: 0x800091ae (0x00008d15) c.sub   a0, a3
core   0: 3 0x800091ae (0x8d15) x10 0x8ec8b3e4
core   0: 0x800091b0 (0x02842cb3) mulhsu  s9, s0, s0
core   0: 3 0x800091b0 (0x02842cb3) x25 0x04000000
core   0: 0x800091b4 (0x00bf4863) blt     t5, a1, pc + 16
core   0: 3 0x800091b4 (0x00bf4863)
core   0: 0x800091c4 (0x00008fb1) c.xor   a5, a2
core   0: 3 0x800091c4 (0x8fb1) x15 0xcffffffa
core   0: 0x800091c6 (0x0158adb3) slt     s11, a7, s5
core   0: 3 0x800091c6 (0x0158adb3) x27 0x00000001
core   0: 0x800091ca (0x00008c15) c.sub   s0, a3
core   0: 3 0x800091ca (0x8c15) x8  0xaec8b000
core   0: 0x800091cc (0x01181c13) slli    s8, a6, 17
core   0: 3 0x800091cc (0x01181c13) x24 0x00000000
core   0: 0x800091d0 (0x0000854d) c.srai  a0, 19
core   0: 3 0x800091d0 (0x854d) x10 0xfffff1d9
core   0: 0x800091d2 (0x02c5bc33) mulhu   s8, a1, a2
core   0: 3 0x800091d2 (0x02c5bc33) x24 0xfffffcb4
core   0: 0x800091d6 (0x000099fd) c.andi  a1, -1
core   0: 3 0x800091d6 (0x99fd) x11 0xfffffcba
core   0: 0x800091d8 (0x5ca67613) andi    a2, a2, 1482
core   0: 3 0x800091d8 (0x5ca67613) x12 0x000005ca
core   0: 0x800091dc (0x033fdc33) divu    s8, t6, s3
core   0: 3 0x800091dc (0x033fdc33) x24 0xffffffff
core   0: 0x800091e0 (0x00112733) slt     a4, sp, ra
core   0: 3 0x800091e0 (0x00112733) x14 0x00000001
core   0: 0x800091e4 (0x000095da) c.add   a1, s6
core   0: 3 0x800091e4 (0x95da) x11 0x800299f3
core   0: 0x800091e6 (0x00000d66) c.slli  s10, 25
core   0: 3 0x800091e6 (0x0d66) x26 0x00000000
core   0: 0x800091e8 (0x0000ed19) c.bnez  a0, pc + 30
core   0: 3 0x800091e8 (0xed19)
core   0: 0x80009206 (0x00c85cb3) srl     s9, a6, a2
core   0: 3 0x80009206 (0x00c85cb3) x25 0x00000000
core   0: 0x8000920a (0x02e351b3) divu    gp, t1, a4
core   0: 3 0x8000920a (0x02e351b3) x3  0x7191f16c
core   0: 0x8000920e (0xc7fff217) auipc   tp, 0xc7fff
core   0: 3 0x8000920e (0xc7fff217) x4  0x4800820e
core   0: 0x80009212 (0x00df9813) slli    a6, t6, 13
core   0: 3 0x80009212 (0x00df9813) x16 0x01dd6000
core   0: 0x80009216 (0x0366de33) divu    t3, a3, s6
core   0: 3 0x80009216 (0x0366de33) x28 0x00000000
core   0: 0x8000921a (0x03cf4363) blt     t5, t3, pc + 38
core   0: 3 0x8000921a (0x03cf4363)
core   0: 0x80009240 (0x00009b96) c.add   s7, t0
core   0: 3 0x80009240 (0x9b96) x23 0x8d235000
core   0: 0x80009242 (0x9e393093) sltiu   ra, s2, -1565
core   0: 3 0x80009242 (0x9e393093) x1  0x00000001
core   0: 0x80009246 (0x0000065a) c.slli  a2, 22
core   0: 3 0x80009246 (0x065a) x12 0x72800000
core   0: 0x80009248 (0x12484bb7) lui     s7, 0x12484
core   0: 3 0x80009248 (0x12484bb7) x23 0x12484000
core   0: 0x8000924c (0x01d5d613) srli    a2, a1, 29
core   0: 3 0x8000924c (0x01d5d613) x12 0x00000004
core   0: 0x80009250 (0x01f7b333) sltu    t1, a5, t6
core   0: 3 0x80009250 (0x01f7b333) x6  0x00000000
core   0: 0x80009254 (0x0077b433) sltu    s0, a5, t2
core   0: 3 0x80009254 (0x0077b433) x8  0x00000000
core   0: 0x80009258 (0x02789e33) mulh    t3, a7, t2
core   0: 3 0x80009258 (0x02789e33) x28 0x00000000
core   0: 0x8000925c (0x021e5cb3) divu    s9, t3, ra
core   0: 3 0x8000925c (0x021e5cb3) x25 0x00000000
core   0: 0x80009260 (0x00009242) c.add   tp, a6
core   0: 3 0x80009260 (0x9242) x4  0x49dde20e
core   0: 0x80009262 (0x0000882e) c.mv    a6, a1
core   0: 3 0x80009262 (0x882e) x16 0x800299f3
core   0: 0x80009264 (0x41985993) srai    s3, a6, 25
core   0: 3 0x80009264 (0x41985993) x19 0xffffffc0
core   0: 0x80009268 (0x7cfb4d17) auipc   s10, 0x7cfb4
core   0: 3 0x80009268 (0x7cfb4d17) x26 0xfcfbd268
core   0: 0x8000926c (0x00009bfd) c.andi  a5, -1
core   0: 3 0x8000926c (0x9bfd) x15 0xcffffffa
core   0: 0x8000926e (0x000093ee) c.add   t2, s11
core   0: 3 0x8000926e (0x93ee) x7  0x7191ee27
core   0: 0x80009270 (0x00000001) c.nop
core   0: 3 0x80009270 (0x0001)
core   0: 0x80009272 (0x9caeb093) sltiu   ra, t4, -1590
core   0: 3 0x80009272 (0x9caeb093) x1  0x00000001
core   0: 0x80009276 (0x0000013e) c.slli  sp, 15
core   0: 3 0x80009276 (0x013e) x2  0x00280000
core   0: 0x80009278 (0x408f09b3) sub     s3, t5, s0
core   0: 3 0x80009278 (0x408f09b3) x19 0x80029d24
core   0: 0x8000927c (0x00f59db3) sll     s11, a1, a5
core   0: 3 0x8000927c (0x00f59db3) x27 0xcc000000
core   0: 0x80009280 (0x00007997) auipc   s3, 0x7
core   0: 3 0x80009280 (0x00007997) x19 0x80010280
core   0: 0x80009284 (0x35798993) addi    s3, s3, 855
core   0: 3 0x80009284 (0x35798993) x19 0x800105d7
core   0: 0x80009288 (0x0ac9c383) lbu     t2, 172(s3)
core   0: 3 0x80009288 (0x0ac9c383) x7  0x00000000 mem 0x80010683
core   0: 0x8000928c (0x0303c4b3) div     s1, t2, a6
core   0: 3 0x8000928c (0x0303c4b3) x9  0x00000000
core   0: 0x80009290 (0x0a898623) sb      s0, 172(s3)
core   0: 3 0x80009290 (0x0a898623) mem 0x80010683 0x00
core   0: 0x80009294 (0xe2133f93) sltiu   t6, t1, -479
core   0: 3 0x80009294 (0xe2133f93) x31 0x00000001
core   0: 0x80009298 (0x00006e2d) c.lui   t3, 0xb
core   0: 3 0x80009298 (0x6e2d) x28 0x0000b000
core   0: 0x8000929a (0x09199e03) lh      t3, 145(s3)
core   0: 3 0x8000929a (0x09199e03) x28 0x00000000 mem 0x80010668
core   0: 0x8000929e (0x0cf99883) lh      a7, 207(s3)
core   0: 3 0x8000929e (0x0cf99883) x17 0x00000000 mem 0x800106a6
core   0: 0x800092a2 (0xfc298b03) lb      s6, -62(s3)
core   0: 3 0x800092a2 (0xfc298b03) x22 0x00000000 mem 0x80010599
core   0: 0x800092a6 (0x00008c09) c.sub   s0, a0
core   0: 3 0x800092a6 (0x8c09) x8  0x00000e27
core   0: 0x800092a8 (0xfc298c03) lb      s8, -62(s3)
core   0: 3 0x800092a8 (0xfc298c03) x24 0x00000000 mem 0x80010599
core   0: 0x800092ac (0x9b278c93) addi    s9, a5, -1614
core   0: 3 0x800092ac (0x9b278c93) x25 0xcffff9ac
core   0: 0x800092b0 (0x07599d03) lh      s10, 117(s3)
core   0: 3 0x800092b0 (0x07599d03) x26 0x00000000 mem 0x8001064c
core   0: 0x800092b4 (0x07599883) lh      a7, 117(s3)
core   0: 3 0x800092b4 (0x07599883) x17 0x00000000 mem 0x8001064c
core   0: 0x800092b8 (0x0759c203) lbu     tp, 117(s3)
core   0: 3 0x800092b8 (0x0759c203) x4  0x00000000 mem 0x8001064c
core   0: 0x800092bc (0x0699aaa3) sw      s1, 117(s3)
core   0: 3 0x800092bc (0x0699aaa3) mem 0x8001064c 0x00000000
core   0: 0x800092c0 (0x0759ab83) lw      s7, 117(s3)
core   0: 3 0x800092c0 (0x0759ab83) x23 0x00000000 mem 0x8001064c
core   0: 0x800092c4 (0x07599203) lh      tp, 117(s3)
core   0: 3 0x800092c4 (0x07599203) x4  0x00000000 mem 0x8001064c
core   0: 0x800092c8 (0x07599903) lh      s2, 117(s3)
core   0: 3 0x800092c8 (0x07599903) x18 0x00000000 mem 0x8001064c
core   0: 0x800092cc (0x08f9d883) lhu     a7, 143(s3)
core   0: 3 0x800092cc (0x08f9d883) x17 0x00000000 mem 0x80010666
core   0: 0x800092d0 (0x0a799903) lh      s2, 167(s3)
core   0: 3 0x800092d0 (0x0a799903) x18 0x00000000 mem 0x8001067e
core   0: 0x800092d4 (0x0a79d703) lhu     a4, 167(s3)
core   0: 3 0x800092d4 (0x0a79d703) x14 0x00000000 mem 0x8001067e
core   0: 0x800092d8 (0x00000001) c.nop
core   0: 3 0x800092d8 (0x0001)
core   0: 0x800092da (0x00bb82b3) add     t0, s7, a1
core   0: 3 0x800092da (0x00bb82b3) x5  0x800299f3
core   0: 0x800092de (0x000ff1b3) and     gp, t6, zero
core   0: 3 0x800092de (0x000ff1b3) x3  0x00000000
core   0: 0x800092e2 (0x0393be33) mulhu   t3, t2, s9
core   0: 3 0x800092e2 (0x0393be33) x28 0x00000000
core   0: 0x800092e6 (0x010b1c33) sll     s8, s6, a6
core   0: 3 0x800092e6 (0x010b1c33) x24 0x00000000
core   0: 0x800092ea (0x0000cc99) c.beqz  s1, pc + 30
core   0: 3 0x800092ea (0xcc99)
core   0: 0x80009308 (0x03e699b3) mulh    s3, a3, t5
core   0: 3 0x80009308 (0x03e699b3) x19 0xc7657fed
core   0: 0x8000930c (0x99dd8493) addi    s1, s11, -1635
core   0: 3 0x8000930c (0x99dd8493) x9  0xcbfff99d
core   0: 0x80009310 (0x00006151) c.addi16sp sp, 272
core   0: 3 0x80009310 (0x6151) x2  0x00280110
core   0: 0x80009312 (0x409a5733) sra     a4, s4, s1
core   0: 3 0x80009312 (0x409a5733) x14 0x00000000
core   0: 0x80009316 (0x0280ca63) blt     ra, s0, pc + 52
core   0: 3 0x80009316 (0x0280ca63)
core   0: 0x8000934a (0x026a54b3) divu    s1, s4, t1
core   0: 3 0x8000934a (0x026a54b3) x9  0xffffffff
core   0: 0x8000934e (0x00000d5e) c.slli  s10, 23
core   0: 3 0x8000934e (0x0d5e) x26 0x00000000
core   0: 0x80009350 (0x0114fb63) bgeu    s1, a7, pc + 22
core   0: 3 0x80009350 (0x0114fb63)
core   0: 0x80009366 (0x000099fa) c.add   s3, t5
core   0: 3 0x80009366 (0x99fa) x19 0x47681d11
core   0: 0x80009368 (0x03afb8b3) mulhu   a7, t6, s10
core   0: 3 0x80009368 (0x03afb8b3) x17 0x00000000
core   0: 0x8000936c (0x0000717d) c.addi16sp sp, -16
core   0: 3 0x8000936c (0x717d) x2  0x00280100
core   0: 0x8000936e (0x008314b3) sll     s1, t1, s0
core   0: 3 0x8000936e (0x008314b3) x9  0x00000000
core   0: 0x80009372 (0x0000612d) c.addi16sp sp, 224
core   0: 3 0x80009372 (0x612d) x2  0x002801e0
core   0: 0x80009374 (0x00190533) add     a0, s2, ra
core   0: 3 0x80009374 (0x00190533) x10 0x00000001
core   0: 0x80009378 (0x406606b3) sub     a3, a2, t1
core   0: 3 0x80009378 (0x406606b3) x13 0x00000004
core   0: 0x8000937c (0x035a00b3) mul     ra, s4, s5
core   0: 3 0x8000937c (0x035a00b3) x1  0x00000000
core   0: 0x80009380 (0x41668db3) sub     s11, a3, s6
core   0: 3 0x80009380 (0x41668db3) x27 0x00000004
core   0: 0x80009384 (0x0000717d) c.addi16sp sp, -16
core   0: 3 0x80009384 (0x717d) x2  0x002801d0
core   0: 0x80009386 (0x00008c9d) c.sub   s1, a5
core   0: 3 0x80009386 (0x8c9d) x9  0x30000006
core   0: 0x80009388 (0xe642a8b7) lui     a7, 0xe642a
core   0: 3 0x80009388 (0xe642a8b7) x17 0xe642a000
core   0: 0x8000938c (0x0000e501) c.bnez  a0, pc + 8
core   0: 3 0x8000938c (0xe501)
core   0: 0x80009394 (0x6bbd8613) addi    a2, s11, 1723
core   0: 3 0x80009394 (0x6bbd8613) x12 0x000006bf
core   0: 0x80009398 (0x0000666d) c.lui   a2, 0x1b
core   0: 3 0x80009398 (0x666d) x12 0x0001b000
core   0: 0x8000939a (0x005fa6b3) slt     a3, t6, t0
core   0: 3 0x8000939a (0x005fa6b3) x13 0x00000000
core   0: 0x8000939e (0x000087b1) c.srai  a5, 12
core   0: 3 0x8000939e (0x87b1) x15 0xfffcffff
core   0: 0x800093a0 (0x0195f6b3) and     a3, a1, s9
core   0: 3 0x800093a0 (0x0195f6b3) x13 0x800299a0
core   0: 0x800093a4 (0x6f1e7f93) andi    t6, t3, 1777
core   0: 3 0x800093a4 (0x6f1e7f93) x31 0x00000000
core   0: 0x800093a8 (0x4d7ffb13) andi    s6, t6, 1239
core   0: 3 0x800093a8 (0x4d7ffb13) x22 0x00000000
core   0: 0x800093ac (0x00001a7d) c.addi  s4, -1
core   0: 3 0x800093ac (0x1a7d) x20 0xffffffff
core   0: 0x800093ae (0x00008759) c.srai  a4, 22
core   0: 3 0x800093ae (0x8759) x14 0x00000000
core   0: 0x800093b0 (0x00272c33) slt     s8, a4, sp
core   0: 3 0x800093b0 (0x00272c33) x24 0x00000001
core   0: 0x800093b4 (0x030a98b3) mulh    a7, s5, a6
core   0: 3 0x800093b4 (0x030a98b3) x17 0xfffffffc
core   0: 0x800093b8 (0x00851393) slli    t2, a0, 8
core   0: 3 0x800093b8 (0x00851393) x7  0x00000100
core   0: 0x800093bc (0x02804a33) div     s4, zero, s0
core   0: 3 0x800093bc (0x02804a33) x20 0x00000000
core   0: 0x800093c0 (0x47392f93) slti    t6, s2, 1139
core   0: 3 0x800093c0 (0x47392f93) x31 0x00000001
core   0: 0x800093c4 (0x0000971a) c.add   a4, t1
core   0: 3 0x800093c4 (0x971a) x14 0x00000000
core   0: 0x800093c6 (0x00f78bb3) add     s7, a5, a5
core   0: 3 0x800093c6 (0x00f78bb3) x23 0xfff9fffe
core   0: 0x800093ca (0x0103b0b3) sltu    ra, t2, a6
core   0: 3 0x800093ca (0x0103b0b3) x1  0x00000001
core   0: 0x800093ce (0x000085c2) c.mv    a1, a6
core   0: 3 0x800093ce (0x85c2) x11 0x800299f3
core   0: 0x800093d0 (0x000062e5) c.lui   t0, 0x19
core   0: 3 0x800093d0 (0x62e5) x5  0x00019000
core   0: 0x800093d2 (0x0000147d) c.addi  s0, -1
core   0: 3 0x800093d2 (0x147d) x8  0x00000e26
core   0: 0x800093d4 (0x019736b3) sltu    a3, a4, s9
core   0: 3 0x800093d4 (0x019736b3) x13 0x00000001
core   0: 0x800093d8 (0xb7ceca17) auipc   s4, 0xb7cec
core   0: 3 0x800093d8 (0xb7ceca17) x20 0x37cf53d8
core   0: 0x800093dc (0x046fd163) bge     t6, t1, pc + 66
core   0: 3 0x800093dc (0x046fd163)
core   0: 0x8000941e (0x0000e421) c.bnez  s0, pc + 72
core   0: 3 0x8000941e (0xe421)
core   0: 0x80009466 (0x0361a3b3) mulhsu  t2, gp, s6
core   0: 3 0x80009466 (0x0361a3b3) x7  0x00000000
core   0: 0x8000946a (0x03931133) mulh    sp, t1, s9
core   0: 3 0x8000946a (0x03931133) x2  0x00000000
core   0: 0x8000946e (0x26cd5a17) auipc   s4, 0x26cd5
core   0: 3 0x8000946e (0x26cd5a17) x20 0xa6cde46e
core   0: 0x80009472 (0x407c5d13) srai    s10, s8, 7
core   0: 3 0x80009472 (0x407c5d13) x26 0x00000000
core   0: 0x80009476 (0x06926297) auipc   t0, 0x6926
core   0: 3 0x80009476 (0x06926297) x5  0x8692f476
core   0: 0x8000947a (0x008f7d33) and     s10, t5, s0
core   0: 3 0x8000947a (0x008f7d33) x26 0x00000c24
core   0: 0x8000947e (0x02ad1263) bne     s10, a0, pc + 36
core   0: 3 0x8000947e (0x02ad1263)
core   0: 0x800094a2 (0x01df5233) srl     tp, t5, t4
core   0: 3 0x800094a2 (0x01df5233) x4  0x0080029d
core   0: 0x800094a6 (0xf2aeb513) sltiu   a0, t4, -214
core   0: 3 0x800094a6 (0xf2aeb513) x10 0x00000001
core   0: 0x800094aa (0x00000dfd) c.addi  s11, 31
core   0: 3 0x800094aa (0x0dfd) x27 0x00000023
core   0: 0x800094ac (0x01ffb6b3) sltu    a3, t6, t6
core   0: 3 0x800094ac (0x01ffb6b3) x13 0x00000000
core   0: 0x800094b0 (0x00afd913) srli    s2, t6, 10
core   0: 3 0x800094b0 (0x00afd913) x18 0x00000000
core   0: 0x800094b4 (0x0000717d) c.addi16sp sp, -16
core   0: 3 0x800094b4 (0x717d) x2  0xfffffff0
core   0: 0x800094b6 (0x026b14b3) mulh    s1, s6, t1
core   0: 3 0x800094b6 (0x026b14b3) x9  0x00000000
core   0: 0x800094ba (0x413d5bb3) sra     s7, s10, s3
core   0: 3 0x800094ba (0x413d5bb3) x23 0x00000000
core   0: 0x800094be (0x00e73133) sltu    sp, a4, a4
core   0: 3 0x800094be (0x00e73133) x2  0x00000000
core   0: 0x800094c2 (0x4092dd93) srai    s11, t0, 9
core   0: 3 0x800094c2 (0x4092dd93) x27 0xffc3497a
core   0: 0x800094c6 (0x00008dc1) c.or    a1, s0
core   0: 3 0x800094c6 (0x8dc1) x11 0x80029ff7
core   0: 0x800094c8 (0x454da017) auipc   zero, 0x454da
core   0: 3 0x800094c8 (0x454da017)
core   0: 0x800094cc (0x40d182b3) sub     t0, gp, a3
core   0: 3 0x800094cc (0x40d182b3) x5  0x00000000
core   0: 0x800094d0 (0x00c85233) srl     tp, a6, a2
core   0: 3 0x800094d0 (0x00c85233) x4  0x800299f3
core   0: 0x800094d4 (0x0b74aa13) slti    s4, s1, 183
core   0: 3 0x800094d4 (0x0b74aa13) x20 0x00000001
core   0: 0x800094d8 (0x000089b9) c.andi  a1, 14
core   0: 3 0x800094d8 (0x89b9) x11 0x00000006
core   0: 0x800094da (0x008c2233) slt     tp, s8, s0
core   0: 3 0x800094da (0x008c2233) x4  0x00000001
core   0: 0x800094de (0x01895213) srli    tp, s2, 24
core   0: 3 0x800094de (0x01895213) x4  0x00000000
core   0: 0x800094e2 (0x00008ea9) c.xor   a3, a0
core   0: 3 0x800094e2 (0x8ea9) x13 0x00000001
core   0: 0x800094e4 (0x00008ff6) c.mv    t6, t4
core   0: 3 0x800094e4 (0x8ff6) x31 0x80025e28
core   0: 0x800094e6 (0x000cfb63) bgeu    s9, zero, pc + 22
core   0: 3 0x800094e6 (0x000cfb63)
core   0: 0x800094fc (0x0000c78d) c.beqz  a5, pc + 42
core   0: 3 0x800094fc (0xc78d)
core   0: 0x800094fe (0x031ec533) div     a0, t4, a7
core   0: 3 0x800094fe (0x031ec533) x10 0x1fff6876
core   0: 0x80009502 (0x019f35b3) sltu    a1, t5, s9
core   0: 3 0x80009502 (0x019f35b3) x11 0x00000001
core   0: 0x80009506 (0x019ef633) and     a2, t4, s9
core   0: 3 0x80009506 (0x019ef633) x12 0x80025828
core   0: 0x8000950a (0x000052fd) c.li    t0, -1
core   0: 3 0x8000950a (0x52fd) x5  0xffffffff
core   0: 0x8000950c (0x024d2633) mulhsu  a2, s10, tp
core   0: 3 0x8000950c (0x024d2633) x12 0x00000000
core   0: 0x80009510 (0x019b1fb3) sll     t6, s6, s9
core   0: 3 0x80009510 (0x019b1fb3) x31 0x00000000
core   0: 0x80009514 (0x00008c01) c.sub   s0, s0
core   0: 3 0x80009514 (0x8c01) x8  0x00000000
core   0: 0x80009516 (0x00000588) c.addi4spn a0, sp, 704
core   0: 3 0x80009516 (0x0588) x10 0x000002c0
core   0: 0x80009518 (0x400f5b93) srai    s7, t5, 0
core   0: 3 0x80009518 (0x400f5b93) x23 0x80029d24
core   0: 0x8000951c (0x00008fe1) c.and   a5, s0
core   0: 3 0x8000951c (0x8fe1) x15 0x00000000
core   0: 0x8000951e (0x03d55c63) bge     a0, t4, pc + 56
core   0: 3 0x8000951e (0x03d55c63)
core   0: 0x80009556 (0xb09fe517) auipc   a0, 0xb09fe
core   0: 3 0x80009556 (0xb09fe517) x10 0x30a07556
core   0: 0x8000955a (0xcac8ccb7) lui     s9, 0xcac8c
core   0: 3 0x8000955a (0xcac8ccb7) x25 0xcac8c000
core   0: 0x8000955e (0x000082cd) c.srli  a3, 19
core   0: 3 0x8000955e (0x82cd) x13 0x00000000
core   0: 0x80009560 (0x008ba233) slt     tp, s7, s0
core   0: 3 0x80009560 (0x008ba233) x4  0x00000001
core   0: 0x80009564 (0x01941d63) bne     s0, s9, pc + 26
core   0: 3 0x80009564 (0x01941d63)
core   0: 0x8000957e (0x00008b69) c.andi  a4, 26
core   0: 3 0x8000957e (0x8b69) x14 0x00000000
core   0: 0x80009580 (0x00001a7d) c.addi  s4, -1
core   0: 3 0x80009580 (0x1a7d) x20 0x00000000
core   0: 0x80009582 (0x6ea4fd93) andi    s11, s1, 1770
core   0: 3 0x80009582 (0x6ea4fd93) x27 0x00000000
core   0: 0x80009586 (0x00006151) c.addi16sp sp, 272
core   0: 3 0x80009586 (0x6151) x2  0x00000110
core   0: 0x80009588 (0x00000146) c.slli  sp, 17
core   0: 3 0x80009588 (0x0146) x2  0x02200000
core   0: 0x8000958a (0x25463713) sltiu   a4, a2, 596
core   0: 3 0x8000958a (0x25463713) x14 0x00000001
core   0: 0x8000958e (0x205473b7) lui     t2, 0x20547
core   0: 3 0x8000958e (0x205473b7) x7  0x20547000
core   0: 0x80009592 (0x03ed9a33) mulh    s4, s11, t5
core   0: 3 0x80009592 (0x03ed9a33) x20 0x00000000
core   0: 0x80009596 (0x00008a0a) c.mv    s4, sp
core   0: 3 0x80009596 (0x8a0a) x20 0x02200000
core   0: 0x80009598 (0x45096b13) ori     s6, s2, 1104
core   0: 3 0x80009598 (0x45096b13) x22 0x00000450
core   0: 0x8000959c (0x00006129) c.addi16sp sp, 192
core   0: 3 0x8000959c (0x6129) x2  0x022000c0
core   0: 0x8000959e (0x037f61b3) rem     gp, t5, s7
core   0: 3 0x8000959e (0x037f61b3) x3  0x00000000
core   0: 0x800095a2 (0x029a8a63) beq     s5, s1, pc + 52
core   0: 3 0x800095a2 (0x029a8a63)
core   0: 0x800095a6 (0x013f73b3) and     t2, t5, s3
core   0: 3 0x800095a6 (0x013f73b3) x7  0x00001d00
core   0: 0x800095aa (0x00005dfd) c.li    s11, -1
core   0: 3 0x800095aa (0x5dfd) x27 0xffffffff
core   0: 0x800095ac (0x0308abb3) mulhsu  s7, a7, a6
core   0: 3 0x800095ac (0x0308abb3) x23 0xfffffffd
core   0: 0x800095b0 (0x009edc93) srli    s9, t4, 9
core   0: 3 0x800095b0 (0x009edc93) x25 0x0040012f
core   0: 0x800095b4 (0x01855a33) srl     s4, a0, s8
core   0: 3 0x800095b4 (0x01855a33) x20 0x18503aab
core   0: 0x800095b8 (0x01f598b3) sll     a7, a1, t6
core   0: 3 0x800095b8 (0x01f598b3) x17 0x00000001
core   0: 0x800095bc (0x417601b3) sub     gp, a2, s7
core   0: 3 0x800095bc (0x417601b3) x3  0x00000003
core   0: 0x800095c0 (0x0000636d) c.lui   t1, 0x1b
core   0: 3 0x800095c0 (0x636d) x6  0x0001b000
core   0: 0x800095c2 (0x41f0d193) srai    gp, ra, 31
core   0: 3 0x800095c2 (0x41f0d193) x3  0x00000000
core   0: 0x800095c6 (0x01de2733) slt     a4, t3, t4
core   0: 3 0x800095c6 (0x01de2733) x14 0x00000000
core   0: 0x800095ca (0x0182a333) slt     t1, t0, s8
core   0: 3 0x800095ca (0x0182a333) x6  0x00000001
core   0: 0x800095ce (0xe22f2993) slti    s3, t5, -478
core   0: 3 0x800095ce (0xe22f2993) x19 0x00000001
core   0: 0x800095d2 (0x00f25293) srli    t0, tp, 15
core   0: 3 0x800095d2 (0x00f25293) x5  0x00000000
core   0: 0x800095d6 (0x0293a833) mulhsu  a6, t2, s1
core   0: 3 0x800095d6 (0x0293a833) x16 0x00000000
core   0: 0x800095da (0xfcc08217) auipc   tp, 0xfcc08
core   0: 3 0x800095da (0xfcc08217) x4  0x7cc115da
core   0: 0x800095de (0x02526b33) rem     s6, tp, t0
core   0: 3 0x800095de (0x02526b33) x22 0x7cc115da
core   0: 0x800095e2 (0x029907b3) mul     a5, s2, s1
core   0: 3 0x800095e2 (0x029907b3) x15 0x00000000
core   0: 0x800095e6 (0x03290033) mul     zero, s2, s2
core   0: 3 0x800095e6 (0x03290033)
core   0: 0x800095ea (0xf9457e37) lui     t3, 0xf9457
core   0: 3 0x800095ea (0xf9457e37) x28 0xf9457000
core   0: 0x800095ee (0x00b84363) blt     a6, a1, pc + 6
core   0: 3 0x800095ee (0x00b84363)
core   0: 0x800095f4 (0x00008e4d) c.or    a2, a1
core   0: 3 0x800095f4 (0x8e4d) x12 0x00000001
core   0: 0x800095f6 (0x02c207b3) mul     a5, tp, a2
core   0: 3 0x800095f6 (0x02c207b3) x15 0x7cc115da
core   0: 0x800095fa (0x004ea083) lw      ra, 4(t4)
core   0: 3 0x800095fa (0x004ea083) x1  0x800068ea mem 0x80025e2c
core   0: 0x800095fe (0x00000ee1) c.addi  t4, 24
core   0: 3 0x800095fe (0x0ee1) x29 0x80025e40
core   0: 0x80009600 (0x00001398) c.addi4spn a4, sp, 480
core   0: 3 0x80009600 (0x1398) x14 0x022002a0
core   0: 0x80009602 (0x01b97333) and     t1, s2, s11
core   0: 3 0x80009602 (0x01b97333) x6  0x00000000
core   0: 0x80009606 (0x00008741) c.srai  a4, 16
core   0: 3 0x80009606 (0x8741) x14 0x00000220
core   0: 0x80009608 (0x00008193) mv      gp, ra
core   0: 3 0x80009608 (0x00008193) x3  0x800068ea
core   0: 0x8000960c (0x00009182) c.jalr  gp
core   0: 3 0x8000960c (0x9182) x1  0x8000960e
core   0: 0x800068ea (0x0000a117) auipc   sp, 0xa
core   0: 3 0x800068ea (0x0000a117) x2  0x800108ea
core   0: 0x800068ee (0x24310113) addi    sp, sp, 579
core   0: 3 0x800068ee (0x24310113) x2  0x80010b2d
core   0: 0x800068f2 (0x00210303) lb      t1, 2(sp)
core   0: 3 0x800068f2 (0x00210303) x6  0x00000000 mem 0x80010b2f
core   0: 0x800068f6 (0x00000001) c.nop
core   0: 3 0x800068f6 (0x0001)
core   0: 0x800068f8 (0xfe510323) sb      t0, -26(sp)
core   0: 3 0x800068f8 (0xfe510323) mem 0x80010b13 0x00
core   0: 0x800068fc (0x01f14283) lbu     t0, 31(sp)
core   0: 3 0x800068fc (0x01f14283) x5  0x00000000 mem 0x80010b4c
core   0: 0x80006900 (0x0118e6b3) or      a3, a7, a7
core   0: 3 0x80006900 (0x0118e6b3) x13 0x00000001
core   0: 0x80006904 (0x00910223) sb      s1, 4(sp)
core   0: 3 0x80006904 (0x00910223) mem 0x80010b31 0x00
core   0: 0x80006908 (0x02d109a3) sb      a3, 51(sp)
core   0: 3 0x80006908 (0x02d109a3) mem 0x80010b60 0x01
core   0: 0x8000690c (0x02f11483) lh      s1, 47(sp)
core   0: 3 0x8000690c (0x02f11483) x9  0x00000000 mem 0x80010b5c
core   0: 0x80006910 (0x0113e3b3) or      t2, t2, a7
core   0: 3 0x80006910 (0x0113e3b3) x7  0x00001d01
core   0: 0x80006914 (0xfd314883) lbu     a7, -45(sp)
core   0: 3 0x80006914 (0xfd314883) x17 0x00000000 mem 0x80010b00
core   0: 0x80006918 (0x00004339) c.li    t1, 14
core   0: 3 0x80006918 (0x4339) x6  0x0000000e
core   0: 0x8000691a (0x7a5348b7) lui     a7, 0x7a534
core   0: 3 0x8000691a (0x7a5348b7) x17 0x7a534000
core   0: 0x8000691e (0xfe711ba3) sh      t2, -9(sp)
core   0: 3 0x8000691e (0xfe711ba3) mem 0x80010b24 0x1d01
core   0: 0x80006922 (0x874a58b7) lui     a7, 0x874a5
core   0: 3 0x80006922 (0x874a58b7) x17 0x874a5000
core   0: 0x80006926 (0xfc712ba3) sw      t2, -41(sp)
core   0: 3 0x80006926 (0xfc712ba3) mem 0x80010b04 0x00001d01
core   0: 0x8000692a (0x000084b9) c.srai  s1, 14
core   0: 3 0x8000692a (0x84b9) x9  0x00000000
core   0: 0x8000692c (0xbf7ce897) auipc   a7, 0xbf7ce
core   0: 3 0x8000692c (0xbf7ce897) x17 0x3f7d492c
core   0: 0x80006930 (0x027102a3) sb      t2, 37(sp)
core   0: 3 0x80006930 (0x027102a3) mem 0x80010b52 0x01
core   0: 0x80006934 (0x000080e9) c.srli  s1, 26
core   0: 3 0x80006934 (0x80e9) x9  0x00000000
core   0: 0x80006936 (0x02e10483) lb      s1, 46(sp)
core   0: 3 0x80006936 (0x02e10483) x9  0x00000000 mem 0x80010b5b
core   0: 0x8000693a (0x0253c8b3) div     a7, t2, t0
core   0: 3 0x8000693a (0x0253c8b3) x17 0xffffffff
core   0: 0x8000693e (0x000096c6) c.add   a3, a7
core   0: 3 0x8000693e (0x96c6) x13 0x00000000
core   0: 0x80006940 (0x00610f23) sb      t1, 30(sp)
core   0: 3 0x80006940 (0x00610f23) mem 0x80010b4b 0x0e
core   0: 0x80006944 (0x05c2f313) andi    t1, t0, 92
core   0: 3 0x80006944 (0x05c2f313) x6  0x00000000
core   0: 0x80006948 (0x00008cc5) c.or    s1, s1
core   0: 3 0x80006948 (0x8cc5) x9  0x00000000
core   0: 0x8000694a (0xfea2b313) sltiu   t1, t0, -22
core   0: 3 0x8000694a (0xfea2b313) x6  0x00000001
core   0: 0x8000694e (0x000068d5) c.lui   a7, 0x15
core   0: 3 0x8000694e (0x68d5) x17 0x00015000
core   0: 0x80006950 (0x025113a3) sh      t0, 39(sp)
core   0: 3 0x80006950 (0x025113a3) mem 0x80010b54 0x0000
core   0: 0x80006954 (0x02748333) mul     t1, s1, t2
core   0: 3 0x80006954 (0x02748333) x6  0x00000000
core   0: 0x80006958 (0x9624f393) andi    t2, s1, -1694
core   0: 3 0x80006958 (0x9624f393) x7  0x00000000
core   0: 0x8000695c (0xf9dba497) auipc   s1, 0xf9dba
core   0: 3 0x8000695c (0xf9dba497) x9  0x79dc095c
core   0: 0x80006960 (0xfd112da3) sw      a7, -37(sp)
core   0: 3 0x80006960 (0xfd112da3) mem 0x80010b08 0x00015000
core   0: 0x80006964 (0xffa10483) lb      s1, -6(sp)
core   0: 3 0x80006964 (0xffa10483) x9  0x00000000 mem 0x80010b27
core   0: 0x80006968 (0x00000001) c.nop
core   0: 3 0x80006968 (0x0001)
core   0: 0x8000696a (0x40488493) addi    s1, a7, 1028
core   0: 3 0x8000696a (0x40488493) x9  0x00015404
core   0: 0x8000696e (0x00008ec5) c.or    a3, s1
core   0: 3 0x8000696e (0x8ec5) x13 0x00015404
core   0: 0x80006970 (0x000098fd) c.andi  s1, -1
core   0: 3 0x80006970 (0x98fd) x9  0x00015404
core   0: 0x80006972 (0x40d288b3) sub     a7, t0, a3
core   0: 3 0x80006972 (0x40d288b3) x17 0xfffeabfc
core   0: 0x80006976 (0xfe910b23) sb      s1, -10(sp)
core   0: 3 0x80006976 (0xfe910b23) mem 0x80010b23 0x04
core   0: 0x8000697a (0x0072b4b3) sltu    s1, t0, t2
core   0: 3 0x8000697a (0x0072b4b3) x9  0x00000000
core   0: 0x8000697e (0x03e10303) lb      t1, 62(sp)
core   0: 3 0x8000697e (0x03e10303) x6  0x00000000 mem 0x80010b6b
core   0: 0x80006982 (0x000062a5) c.lui   t0, 0x9
core   0: 3 0x80006982 (0x62a5) x5  0x00009000
core   0: 0x80006984 (0x02d11da3) sh      a3, 59(sp)
core   0: 3 0x80006984 (0x02d11da3) mem 0x80010b68 0x5404
core   0: 0x80006988 (0xfcf11283) lh      t0, -49(sp)
core   0: 3 0x80006988 (0xfcf11283) x5  0x00000000 mem 0x80010afc
core   0: 0x8000698c (0x00008c85) c.sub   s1, s1
core   0: 3 0x8000698c (0x8c85) x9  0x00000000
core   0: 0x8000698e (0x0000137d) c.addi  t1, -1
core   0: 3 0x8000698e (0x137d) x6  0xffffffff
core   0: 0x80006990 (0x01f11303) lh      t1, 31(sp)
core   0: 3 0x80006990 (0x01f11303) x6  0x00000000 mem 0x80010b4c
core   0: 0x80006994 (0x02c000ef) jal     pc + 0x2c
core   0: 3 0x80006994 (0x02c000ef) x1  0x80006998
core   0: 0x800069c0 (0xfe9ff0ef) jal     pc - 0x18
core   0: 3 0x800069c0 (0xfe9ff0ef) x1  0x800069c4
core   0: 0x800069a8 (0x00c002ef) jal     t0, pc + 0xc
core   0: 3 0x800069a8 (0x00c002ef) x5  0x800069ac
core   0: 0x800069b4 (0x000037d5) c.jal   pc - 28
core   0: 3 0x800069b4 (0x37d5) x1  0x800069b6
core   0: 0x80006998 (0x0000a011) c.j     pc + 4
core   0: 3 0x80006998 (0xa011)
core   0: 0x8000699c (0x00002819) c.jal   pc + 22
core   0: 3 0x8000699c (0x2819) x1  0x8000699e
core   0: 0x800069b2 (0x0000a031) c.j     pc + 12
core   0: 3 0x800069b2 (0xa031)
core   0: 0x800069be (0x00003fcd) c.jal   pc - 14
core   0: 3 0x800069be (0x3fcd) x1  0x800069c0
core   0: 0x800069b0 (0x00002805) c.jal   pc + 48
core   0: 3 0x800069b0 (0x2805) x1  0x800069b2
core   0: 0x800069e0 (0xfbbff36f) jal     t1, pc - 0x46
core   0: 3 0x800069e0 (0xfbbff36f) x6  0x800069e4
core   0: 0x8000699a (0x0000a80d) c.j     pc + 50
core   0: 3 0x8000699a (0xa80d)
core   0: 0x800069cc (0x00002009) c.jal   pc + 2
core   0: 3 0x800069cc (0x2009) x1  0x800069ce
core   0: 0x800069ce (0xff7ff1ef) jal     gp, pc - 0xa
core   0: 3 0x800069ce (0xff7ff1ef) x3  0x800069d2
core   0: 0x800069c4 (0x0000a011) c.j     pc + 4
core   0: 3 0x800069c4 (0xa011)
core   0: 0x800069c8 (0xfe5ff0ef) jal     pc - 0x1c
core   0: 3 0x800069c8 (0xfe5ff0ef) x1  0x800069cc
core   0: 0x800069ac (0xff5ff0ef) jal     pc - 0xc
core   0: 3 0x800069ac (0xff5ff0ef) x1  0x800069b0
core   0: 0x800069a0 (0x0000a80d) c.j     pc + 50
core   0: 3 0x800069a0 (0xa80d)
core   0: 0x800069d2 (0xfe5ff26f) jal     tp, pc - 0x1c
core   0: 3 0x800069d2 (0xfe5ff26f) x4  0x800069d6
core   0: 0x800069b6 (0xfedff0ef) jal     pc - 0x14
core   0: 3 0x800069b6 (0xfedff0ef) x1  0x800069ba
core   0: 0x800069a2 (0x03a00e6f) jal     t3, pc + 0x3a
core   0: 3 0x800069a2 (0x03a00e6f) x28 0x800069a6
core   0: 0x800069dc (0xfebff36f) jal     t1, pc - 0x16
core   0: 3 0x800069dc (0xfebff36f) x6  0x800069e0
core   0: 0x800069c6 (0x0000a801) c.j     pc + 16
core   0: 3 0x800069c6 (0xa801)
core   0: 0x800069d6 (0x0000a009) c.j     pc + 2
core   0: 3 0x800069d6 (0xa009)
core   0: 0x800069d8 (0x0000b7d9) c.j     pc - 58
core   0: 3 0x800069d8 (0xb7d9)
core   0: 0x8000699e (0x00002835) c.jal   pc + 60
core   0: 3 0x8000699e (0x2835) x1  0x800069a0
core   0: 0x800069da (0x000037f1) c.jal   pc - 52
core   0: 3 0x800069da (0x37f1) x1  0x800069dc
core   0: 0x800069a6 (0x0000a811) c.j     pc + 20
core   0: 3 0x800069a6 (0xa811)
core   0: 0x800069ba (0x02a0026f) jal     tp, pc + 0x2a
core   0: 3 0x800069ba (0x02a0026f) x4  0x800069be
core   0: 0x800069e4 (0x01b29233) sll     tp, t0, s11
core   0: 3 0x800069e4 (0x01b29233) x4  0x00000000
core   0: 0x800069e8 (0x00015117) auipc   sp, 0x15
core   0: 3 0x800069e8 (0x00015117) x2  0x8001b9e8
core   0: 0x800069ec (0xcd810113) addi    sp, sp, -808
core   0: 3 0x800069ec (0xcd810113) x2  0x8001b6c0
core   0: 0x800069f0 (0x00008c95) c.sub   s1, a3
core   0: 3 0x800069f0 (0x8c95) x9  0xfffeabfc
core   0: 0x800069f2 (0x00008b59) c.andi  a4, 22
core   0: 3 0x800069f2 (0x8b59) x14 0x00000000
core   0: 0x800069f4 (0x03627433) remu    s0, tp, s6
core   0: 3 0x800069f4 (0x03627433) x8  0x00000000
core   0: 0x800069f8 (0x02914583) lbu     a1, 41(sp)
core   0: 3 0x800069f8 (0x02914583) x11 0x00000000 mem 0x8001b6e9
core   0: 0x800069fc (0x00004452) c.lwsp  s0, 20(sp)
core   0: 3 0x800069fc (0x4452) x8  0x00000000 mem 0x8001b6d4
core   0: 0x800069fe (0xfdb10c23) sb      s11, -40(sp)
core   0: 3 0x800069fe (0xfdb10c23) mem 0x8001b698 0xff
core   0: 0x80006a02 (0x00008f2d) c.xor   a4, a1
core   0: 3 0x80006a02 (0x8f2d) x14 0x00000000
core   0: 0x80006a04 (0x03f14903) lbu     s2, 63(sp)
core   0: 3 0x80006a04 (0x03f14903) x18 0x00000000 mem 0x8001b6ff
core   0: 0x80006a08 (0xfff10b03) lb      s6, -1(sp)
core   0: 3 0x80006a08 (0xfff10b03) x22 0x00000000 mem 0x8001b6bf
core   0: 0x80006a0c (0x02314e03) lbu     t3, 35(sp)
core   0: 3 0x80006a0c (0x02314e03) x28 0x00000000 mem 0x8001b6e3
core   0: 0x80006a10 (0x40b852b3) sra     t0, a6, a1
core   0: 3 0x80006a10 (0x40b852b3) x5  0x00000000
core   0: 0x80006a14 (0x17b12197) auipc   gp, 0x17b12
core   0: 3 0x80006a14 (0x17b12197) x3  0x97b18a14
core   0: 0x80006a18 (0x03eff1b3) remu    gp, t6, t5
core   0: 3 0x80006a18 (0x03eff1b3) x3  0x00000000
core   0: 0x80006a1c (0x00000001) c.nop
core   0: 3 0x80006a1c (0x0001)
core   0: 0x80006a1e (0x01841693) slli    a3, s0, 24
core   0: 3 0x80006a1e (0x01841693) x13 0x00000000
core   0: 0x80006a22 (0x01214a03) lbu     s4, 18(sp)
core   0: 3 0x80006a22 (0x01214a03) x20 0x00000000 mem 0x8001b6d2
core   0: 0x80006a26 (0x3bfbcd13) xori    s10, s7, 959
core   0: 3 0x80006a26 (0x3bfbcd13) x26 0xfffffc42
core   0: 0x80006a2a (0x000008d1) c.addi  a7, 20
core   0: 3 0x80006a2a (0x08d1) x17 0xfffeac10
core   0: 0x80006a2c (0x00006365) c.lui   t1, 0x19
core   0: 3 0x80006a2c (0x6365) x6  0x00019000
core   0: 0x80006a2e (0x000081de) c.mv    gp, s7
core   0: 3 0x80006a2e (0x81de) x3  0xfffffffd
core   0: 0x80006a30 (0xfc910123) sb      s1, -62(sp)
core   0: 3 0x80006a30 (0xfc910123) mem 0x8001b682 0xfc
core   0: 0x80006a34 (0x000083bd) c.srli  a5, 15
core   0: 3 0x80006a34 (0x83bd) x15 0x0000f982
core   0: 0x80006a36 (0x0000d67e) c.swsp  t6, 44(sp)
core   0: 3 0x80006a36 (0xd67e) mem 0x8001b6ec 0x00000000
core   0: 0x80006a38 (0xfc710723) sb      t2, -50(sp)
core   0: 3 0x80006a38 (0xfc710723) mem 0x8001b68e 0x00
core   0: 0x80006a3c (0xa5614313) xori    t1, sp, -1450
core   0: 3 0x80006a3c (0xa5614313) x6  0x7ffe4c96
core   0: 0x80006a40 (0x03e15f83) lhu     t6, 62(sp)
core   0: 3 0x80006a40 (0x03e15f83) x31 0x00000000 mem 0x8001b6fe
core   0: 0x80006a44 (0xfde15383) lhu     t2, -34(sp)
core   0: 3 0x80006a44 (0xfde15383) x7  0x00000000 mem 0x8001b69e
core   0: 0x80006a48 (0x4081d9b3) sra     s3, gp, s0
core   0: 3 0x80006a48 (0x4081d9b3) x19 0xfffffffd
core   0: 0x80006a4c (0x0000053e) c.slli  a0, 15
core   0: 3 0x80006a4c (0x053e) x10 0x3aab0000
core   0: 0x80006a4e (0x02b4e433) rem     s0, s1, a1
core   0: 3 0x80006a4e (0x02b4e433) x8  0xfffeabfc
core   0: 0x80006a52 (0x00000ca2) c.slli  s9, 8
core   0: 3 0x80006a52 (0x0ca2) x25 0x40012f00
core   0: 0x80006a54 (0x000046e2) c.lwsp  a3, 24(sp)
core   0: 3 0x80006a54 (0x46e2) x13 0x00000000 mem 0x8001b6d8
core   0: 0x80006a56 (0x00004505) c.li    a0, 1
core   0: 3 0x80006a56 (0x4505) x10 0x00000001
core   0: 0x80006a58 (0x00006169) c.addi16sp sp, 208
core   0: 3 0x80006a58 (0x6169) x2  0x8001b790
core   0: 0x80006a5a (0x02cb1233) mulh    tp, s6, a2
core   0: 3 0x80006a5a (0x02cb1233) x4  0x00000000
core   0: 0x80006a5e (0x00004a25) c.li    s4, 9
core   0: 3 0x80006a5e (0x4a25) x20 0x00000009
core   0: 0x80006a60 (0x00000b8e) c.slli  s7, 3
core   0: 3 0x80006a60 (0x0b8e) x23 0xffffffe8
core   0: 0x80006a62 (0x00001c94) c.addi4spn a3, sp, 624
core   0: 3 0x80006a62 (0x1c94) x13 0x8001ba00
core   0: 0x80006a64 (0x0c9c6893) ori     a7, s8, 201
core   0: 3 0x80006a64 (0x0c9c6893) x17 0x000000c9
core   0: 0x80006a68 (0x00000001) c.nop
core   0: 3 0x80006a68 (0x0001)
core   0: 0x80006a6a (0x02315633) divu    a2, sp, gp
core   0: 3 0x80006a6a (0x02315633) x12 0x00000000
core   0: 0x80006a6e (0x00008f75) c.and   a4, a3
core   0: 3 0x80006a6e (0x8f75) x14 0x00000000
core   0: 0x80006a70 (0x00008fc9) c.or    a5, a0
core   0: 3 0x80006a70 (0x8fc9) x15 0x0000f983
core   0: 0x80006a72 (0x00000529) c.addi  a0, 10
core   0: 3 0x80006a72 (0x0529) x10 0x0000000b
core   0: 0x80006a74 (0x023d1633) mulh    a2, s10, gp
core   0: 3 0x80006a74 (0x023d1633) x12 0x00000000
core   0: 0x80006a78 (0x00006149) c.addi16sp sp, 144
core   0: 3 0x80006a78 (0x6149) x2  0x8001b820
core   0: 0x80006a7a (0x00004991) c.li    s3, 4
core   0: 3 0x80006a7a (0x4991) x19 0x00000004
core   0: 0x80006a7c (0x402f5d13) srai    s10, t5, 2
core   0: 3 0x80006a7c (0x402f5d13) x26 0xe000a749
core   0: 0x80006a80 (0x002f9b33) sll     s6, t6, sp
core   0: 3 0x80006a80 (0x002f9b33) x22 0x00000000
core   0: 0x80006a84 (0x00008fb5) c.xor   a5, a3
core   0: 3 0x80006a84 (0x8fb5) x15 0x80014383
core   0: 0x80006a86 (0xff4562e3) bltu    a0, s4, pc - 28
core   0: 3 0x80006a86 (0xff4562e3)
core   0: 0x80006a8a (0x02aade33) divu    t3, s5, a0
core   0: 3 0x80006a8a (0x02aade33) x28 0x00000000
core   0: 0x80006a8e (0x0000a317) auipc   t1, 0xa
core   0: 3 0x80006a8e (0x0000a317) x6  0x80010a8e
core   0: 0x80006a92 (0x95030313) addi    t1, t1, -1712
core   0: 3 0x80006a92 (0x95030313) x6  0x800103de
core   0: 0x80006a96 (0x03232f23) sw      s2, 62(t1)
core   0: 3 0x80006a96 (0x03232f23) mem 0x8001041c 0x00000000
core   0: 0x80006a9a (0xfd934703) lbu     a4, -39(t1)
core   0: 3 0x80006a9a (0xfd934703) x14 0x00000000 mem 0x800103b7
core   0: 0x80006a9e (0x00630f83) lb      t6, 6(t1)
core   0: 3 0x80006a9e (0x00630f83) x31 0x00000000 mem 0x800103e4
core   0: 0x80006aa2 (0x01e75f93) srli    t6, a4, 30
core   0: 3 0x80006aa2 (0x01e75f93) x31 0x00000000
core   0: 0x80006aa6 (0xff730903) lb      s2, -9(t1)
core   0: 3 0x80006aa6 (0xff730903) x18 0xffffffba mem 0x800103d5
core   0: 0x80006aaa (0xff031123) sh      a6, -30(t1)
core   0: 3 0x80006aaa (0xff031123) mem 0x800103c0 0x0000
core   0: 0x80006aae (0xfed34f83) lbu     t6, -19(t1)
core   0: 3 0x80006aae (0xfed34f83) x31 0x00000000 mem 0x800103cb
core   0: 0x80006ab2 (0x03f97fb3) remu    t6, s2, t6
core   0: 3 0x80006ab2 (0x03f97fb3) x31 0xffffffba
core   0: 0x80006ab6 (0x02d81733) mulh    a4, a6, a3
core   0: 3 0x80006ab6 (0x02d81733) x14 0x00000000
core   0: 0x80006aba (0xff430703) lb      a4, -12(t1)
core   0: 3 0x80006aba (0xff430703) x14 0x00000000 mem 0x800103d2
core   0: 0x80006abe (0xfed32b23) sw      a3, -10(t1)
core   0: 3 0x80006abe (0xfed32b23) mem 0x800103d4 0x8001ba00
core   0: 0x80006ac2 (0xfeb34803) lbu     a6, -21(t1)
core   0: 3 0x80006ac2 (0xfeb34803) x16 0x00000000 mem 0x800103c9
core   0: 0x80006ac6 (0xfe334703) lbu     a4, -29(t1)
core   0: 3 0x80006ac6 (0xfe334703) x14 0x00000000 mem 0x800103c1
core   0: 0x80006aca (0xfcb30703) lb      a4, -53(t1)
core   0: 3 0x80006aca (0xfcb30703) x14 0x00000000 mem 0x800103a9
core   0: 0x80006ace (0x01264933) xor     s2, a2, s2
core   0: 3 0x80006ace (0x01264933) x18 0xffffffba
core   0: 0x80006ad2 (0x94d93713) sltiu   a4, s2, -1715
core   0: 3 0x80006ad2 (0x94d93713) x14 0x00000000
core   0: 0x80006ad6 (0x02930603) lb      a2, 41(t1)
core   0: 3 0x80006ad6 (0x02930603) x12 0x00000000 mem 0x80010407
core   0: 0x80006ada (0x03a30f83) lb      t6, 58(t1)
core   0: 3 0x80006ada (0x03a30f83) x31 0x00000000 mem 0x80010418
core   0: 0x80006ade (0xfdf30823) sb      t6, -48(t1)
core   0: 3 0x80006ade (0xfdf30823) mem 0x800103ae 0x00
core   0: 0x80006ae2 (0x0306b833) mulhu   a6, a3, a6
core   0: 3 0x80006ae2 (0x0306b833) x16 0x00000000
core   0: 0x80006ae6 (0x02c307a3) sb      a2, 47(t1)
core   0: 3 0x80006ae6 (0x02c307a3) mem 0x8001040d 0x00
core   0: 0x80006aea (0xfeb34903) lbu     s2, -21(t1)
core   0: 3 0x80006aea (0xfeb34903) x18 0x00000000 mem 0x800103c9
core   0: 0x80006aee (0xfee301a3) sb      a4, -29(t1)
core   0: 3 0x80006aee (0xfee301a3) mem 0x800103c1 0x00
core   0: 0x80006af2 (0xfcb30f83) lb      t6, -53(t1)
core   0: 3 0x80006af2 (0xfcb30f83) x31 0x00000000 mem 0x800103a9
core   0: 0x80006af6 (0x02c94fb3) div     t6, s2, a2
core   0: 3 0x80006af6 (0x02c94fb3) x31 0xffffffff
core   0: 0x80006afa (0x00c96733) or      a4, s2, a2
core   0: 3 0x80006afa (0x00c96733) x14 0x00000000
core   0: 0x80006afe (0x00008736) c.mv    a4, a3
core   0: 3 0x80006afe (0x8736) x14 0x8001ba00
core   0: 0x80006b00 (0x00e93933) sltu    s2, s2, a4
core   0: 3 0x80006b00 (0x00e93933) x18 0x00000001
core   0: 0x80006b04 (0x010fc833) xor     a6, t6, a6
core   0: 3 0x80006b04 (0x010fc833) x16 0xffffffff
core   0: 0x80006b08 (0xfef34803) lbu     a6, -17(t1)
core   0: 3 0x80006b08 (0xfef34803) x16 0x00000000 mem 0x800103cd
core   0: 0x80006b0c (0xffc35903) lhu     s2, -4(t1)
core   0: 3 0x80006b0c (0xffc35903) x18 0x00000000 mem 0x800103da
core   0: 0x80006b10 (0x00008f31) c.xor   a4, a2
core   0: 3 0x80006b10 (0x8f31) x14 0x8001ba00
core   0: 0x80006b12 (0xfc334f83) lbu     t6, -61(t1)
core   0: 3 0x80006b12 (0xfc334f83) x31 0x00000000 mem 0x800103a1
core   0: 0x80006b16 (0xfe632803) lw      a6, -26(t1)
core   0: 3 0x80006b16 (0xfe632803) x16 0x00e80000 mem 0x800103c4
core   0: 0x80006b1a (0x02c30323) sb      a2, 38(t1)
core   0: 3 0x80006b1a (0x02c30323) mem 0x80010404 0x00
core   0: 0x80006b1e (0x02f34903) lbu     s2, 47(t1)
core   0: 3 0x80006b1e (0x02f34903) x18 0x00000000 mem 0x8001040d
core   0: 0x80006b22 (0xfc134703) lbu     a4, -63(t1)
core   0: 3 0x80006b22 (0xfc134703) x14 0x00000000 mem 0x8001039f
core   0: 0x80006b26 (0x00f30603) lb      a2, 15(t1)
core   0: 3 0x80006b26 (0x00f30603) x12 0x00000000 mem 0x800103ed
core   0: 0x80006b2a (0x0000a317) auipc   t1, 0xa
core   0: 3 0x80006b2a (0x0000a317) x6  0x80010b2a
core   0: 0x80006b2e (0x8b030313) addi    t1, t1, -1872
core   0: 3 0x80006b2e (0x8b030313) x6  0x800103da
core   0: 0x80006b32 (0xfed34a03) lbu     s4, -19(t1)
core   0: 3 0x80006b32 (0xfed34a03) x20 0x00000000 mem 0x800103c7
core   0: 0x80006b36 (0xfed34d03) lbu     s10, -19(t1)
core   0: 3 0x80006b36 (0xfed34d03) x26 0x00000000 mem 0x800103c7
core   0: 0x80006b3a (0xfed30503) lb      a0, -19(t1)
core   0: 3 0x80006b3a (0xfed30503) x10 0x00000000 mem 0x800103c7
core   0: 0x80006b3e (0xfed30c83) lb      s9, -19(t1)
core   0: 3 0x80006b3e (0xfed30c83) x25 0x00000000 mem 0x800103c7
core   0: 0x80006b42 (0xfec35c03) lhu     s8, -20(t1)
core   0: 3 0x80006b42 (0xfec35c03) x24 0x000000e8 mem 0x800103c6
core   0: 0x80006b46 (0xfec31703) lh      a4, -20(t1)
core   0: 3 0x80006b46 (0xfec31703) x14 0x000000e8 mem 0x800103c6
core   0: 0x80006b4a (0xff530623) sb      s5, -20(t1)
core   0: 3 0x80006b4a (0xff530623) mem 0x800103c6 0x08
core   0: 0x80006b4e (0xfec30c03) lb      s8, -20(t1)
core   0: 3 0x80006b4e (0xfec30c03) x24 0x00000008 mem 0x800103c6
core   0: 0x80006b52 (0xfec31703) lh      a4, -20(t1)
core   0: 3 0x80006b52 (0xfec31703) x14 0x00000008 mem 0x800103c6
core   0: 0x80006b56 (0xffd30623) sb      t4, -20(t1)
core   0: 3 0x80006b56 (0xffd30623) mem 0x800103c6 0x40
core   0: 0x80006b5a (0x00001f0c) c.addi4spn a1, sp, 944
core   0: 3 0x80006b5a (0x1f0c) x11 0x8001bbd0
core   0: 0x80006b5c (0xff530623) sb      s5, -20(t1)
core   0: 3 0x80006b5c (0xff530623) mem 0x800103c6 0x08
core   0: 0x80006b60 (0xfe331623) sh      gp, -20(t1)
core   0: 3 0x80006b60 (0xfe331623) mem 0x800103c6 0xfffd
core   0: 0x80006b64 (0xfec35c03) lhu     s8, -20(t1)
core   0: 3 0x80006b64 (0xfec35c03) x24 0x0000fffd mem 0x800103c6
core   0: 0x80006b68 (0xfec31e03) lh      t3, -20(t1)
core   0: 3 0x80006b68 (0xfec31e03) x28 0xfffffffd mem 0x800103c6
core   0: 0x80006b6c (0xfe531623) sh      t0, -20(t1)
core   0: 3 0x80006b6c (0xfe531623) mem 0x800103c6 0x0000
core   0: 0x80006b70 (0xff731623) sh      s7, -20(t1)
core   0: 3 0x80006b70 (0xff731623) mem 0x800103c6 0xffe8
core   0: 0x80006b74 (0xcfc77897) auipc   a7, 0xcfc77
core   0: 3 0x80006b74 (0xcfc77897) x17 0x4fc7db74
core   0: 0x80006b78 (0xfec35803) lhu     a6, -20(t1)
core   0: 3 0x80006b78 (0xfec35803) x16 0x0000ffe8 mem 0x800103c6
core   0: 0x80006b7c (0xfec31083) lh      ra, -20(t1)
core   0: 3 0x80006b7c (0xfec31083) x1  0xffffffe8 mem 0x800103c6
core   0: 0x80006b80 (0x00013297) auipc   t0, 0x13
core   0: 3 0x80006b80 (0x00013297) x5  0x80019b80
core   0: 0x80006b84 (0xfc028293) addi    t0, t0, -64
core   0: 3 0x80006b84 (0xfc028293) x5  0x80019b40
core   0: 0x80006b88 (0x02d23fb3) mulhu   t6, tp, a3
core   0: 3 0x80006b88 (0x02d23fb3) x31 0x00000000
core   0: 0x80006b8c (0xf2a28b83) lb      s7, -214(t0)
core   0: 3 0x80006b8c (0xf2a28b83) x23 0x00000000 mem 0x80019a6a
core   0: 0x80006b90 (0x04128803) lb      a6, 65(t0)
core   0: 3 0x80006b90 (0x04128803) x16 0x00000000 mem 0x80019b81
core   0: 0x80006b94 (0x000083f9) c.srli  a5, 30
core   0: 3 0x80006b94 (0x83f9) x15 0x00000002
core   0: 0x80006b96 (0x4040d693) srai    a3, ra, 4
core   0: 3 0x80006b96 (0x4040d693) x13 0xfffffffe
core   0: 0x80006b9a (0x030183b3) mul     t2, gp, a6
core   0: 3 0x80006b9a (0x030183b3) x7  0x00000000
core   0: 0x80006b9e (0xff72c683) lbu     a3, -9(t0)
core   0: 3 0x80006b9e (0xff72c683) x13 0x00000000 mem 0x80019b37
core   0: 0x80006ba2 (0xf7229703) lh      a4, -142(t0)
core   0: 3 0x80006ba2 (0xf7229703) x14 0x00000000 mem 0x80019ab2
core   0: 0x80006ba6 (0x0db40f93) addi    t6, s0, 219
core   0: 3 0x80006ba6 (0x0db40f93) x31 0xfffeacd7
core   0: 0x80006baa (0x04f2c103) lbu     sp, 79(t0)
core   0: 3 0x80006baa (0x04f2c103) x2  0x00000000 mem 0x80019b8f
core   0: 0x80006bae (0x00006105) c.addi16sp sp, 32
core   0: 3 0x80006bae (0x6105) x2  0x00000020
core   0: 0x80006bb0 (0x000080a9) c.srli  s1, 10
core   0: 3 0x80006bb0 (0x80a9) x9  0x003fffaa
core   0: 0x80006bb2 (0x0283a8b3) mulhsu  a7, t2, s0
core   0: 3 0x80006bb2 (0x0283a8b3) x17 0x00000000
core   0: 0x80006bb6 (0x04928823) sb      s1, 80(t0)
core   0: 3 0x80006bb6 (0x04928823) mem 0x80019b90 0xaa
core   0: 0x80006bba (0xf7e28303) lb      t1, -130(t0)
core   0: 3 0x80006bba (0xf7e28303) x6  0x00000000 mem 0x80019abe
core   0: 0x80006bbe (0xf4228ca3) sb      sp, -167(t0)
core   0: 3 0x80006bbe (0xf4228ca3) mem 0x80019a99 0x20
core   0: 0x80006bc2 (0x00008515) c.srai  a0, 5
core   0: 3 0x80006bc2 (0x8515) x10 0x00000000
core   0: 0x80006bc4 (0x00008c19) c.sub   s0, a4
core   0: 3 0x80006bc4 (0x8c19) x8  0xfffeabfc
core   0: 0x80006bc6 (0x00000001) c.nop
core   0: 3 0x80006bc6 (0x0001)
core   0: 0x80006bc8 (0x01267e33) and     t3, a2, s2
core   0: 3 0x80006bc8 (0x01267e33) x28 0x00000000
core   0: 0x80006bcc (0x00a2cf83) lbu     t6, 10(t0)
core   0: 3 0x80006bcc (0x00a2cf83) x31 0x00000000 mem 0x80019b4a
core   0: 0x80006bd0 (0x05e28ea3) sb      t5, 93(t0)
core   0: 3 0x80006bd0 (0x05e28ea3) mem 0x80019b9d 0x24
core   0: 0x80006bd4 (0x0cf289a3) sb      a5, 211(t0)
core   0: 3 0x80006bd4 (0x0cf289a3) mem 0x80019c13 0x02
core   0: 0x80006bd8 (0xf7a2d903) lhu     s2, -134(t0)
core   0: 3 0x80006bd8 (0xf7a2d903) x18 0x00000000 mem 0x80019aba
core   0: 0x80006bdc (0x00008db9) c.xor   a1, a4
core   0: 3 0x80006bdc (0x8db9) x11 0x8001bbd0
core   0: 0x80006bde (0x01028583) lb      a1, 16(t0)
core   0: 3 0x80006bde (0x01028583) x11 0x00000000 mem 0x80019b50
core   0: 0x80006be2 (0x0252c783) lbu     a5, 37(t0)
core   0: 3 0x80006be2 (0x0252c783) x15 0x00000000 mem 0x80019b65
core   0: 0x80006be6 (0x00008d1d) c.sub   a0, a5
core   0: 3 0x80006be6 (0x8d1d) x10 0x00000000
core   0: 0x80006be8 (0xf2d28c83) lb      s9, -211(t0)
core   0: 3 0x80006be8 (0xf2d28c83) x25 0x00000000 mem 0x80019a6d
core   0: 0x80006bec (0x9e35b213) sltiu   tp, a1, -1565
core   0: 3 0x80006bec (0x9e35b213) x4  0x00000001
core   0: 0x80006bf0 (0x0f52c983) lbu     s3, 245(t0)
core   0: 3 0x80006bf0 (0x0f52c983) x19 0x00000000 mem 0x80019c35
core   0: 0x80006bf4 (0xfe729923) sh      t2, -14(t0)
core   0: 3 0x80006bf4 (0xfe729923) mem 0x80019b32 0x0000
core   0: 0x80006bf8 (0xfa829583) lh      a1, -88(t0)
core   0: 3 0x80006bf8 (0xfa829583) x11 0x00000000 mem 0x80019ae8
core   0: 0x80006bfc (0x00001990) c.addi4spn a2, sp, 240
core   0: 3 0x80006bfc (0x1990) x12 0x00000110
core   0: 0x80006bfe (0xf8e28b83) lb      s7, -114(t0)
core   0: 3 0x80006bfe (0xf8e28b83) x23 0x00000000 mem 0x80019ace
core   0: 0x80006c02 (0x030287a3) sb      a6, 47(t0)
core   0: 3 0x80006c02 (0x030287a3) mem 0x80019b6f 0x00
core   0: 0x80006c06 (0x00008e55) c.or    a2, a3
core   0: 3 0x80006c06 (0x8e55) x12 0x00000110
core   0: 0x80006c08 (0x40500cb3) sub     s9, zero, t0
core   0: 3 0x80006c08 (0x40500cb3) x25 0x7ffe64c0
core   0: 0x80006c0c (0x05e2df83) lhu     t6, 94(t0)
core   0: 3 0x80006c0c (0x05e2df83) x31 0x00000000 mem 0x80019b9e
core   0: 0x80006c10 (0x01f99913) slli    s2, s3, 31
core   0: 3 0x80006c10 (0x01f99913) x18 0x00000000
core   0: 0x80006c14 (0x00a2d403) lhu     s0, 10(t0)
core   0: 3 0x80006c14 (0x00a2d403) x8  0x00000000 mem 0x80019b4a
core   0: 0x80006c18 (0x004fa3b3) slt     t2, t6, tp
core   0: 3 0x80006c18 (0x004fa3b3) x7  0x00000001
core   0: 0x80006c1c (0x0b529623) sh      s5, 172(t0)
core   0: 3 0x80006c1c (0x0b529623) mem 0x80019bec 0x0008
core   0: 0x80006c20 (0x000086a2) c.mv    a3, s0
core   0: 3 0x80006c20 (0x86a2) x13 0x00000000
core   0: 0x80006c22 (0x00006111) c.addi16sp sp, 256
core   0: 3 0x80006c22 (0x6111) x2  0x00000120
core   0: 0x80006c24 (0x413adf93) srai    t6, s5, 19
core   0: 3 0x80006c24 (0x413adf93) x31 0x00000000
core   0: 0x80006c28 (0x41fc5933) sra     s2, s8, t6
core   0: 3 0x80006c28 (0x41fc5933) x18 0x0000fffd
core   0: 0x80006c2c (0x00009dd2) c.add   s11, s4
core   0: 3 0x80006c2c (0x9dd2) x27 0xffffffff
core   0: 0x80006c2e (0x0e9280a3) sb      s1, 225(t0)
core   0: 3 0x80006c2e (0x0e9280a3) mem 0x80019c21 0xaa
core   0: 0x80006c32 (0x567f6e17) auipc   t3, 0x567f6
core   0: 3 0x80006c32 (0x567f6e17) x28 0xd67fcc32
core   0: 0x80006c36 (0xfdd28d03) lb      s10, -35(t0)
core   0: 3 0x80006c36 (0xfdd28d03) x26 0x00000000 mem 0x80019b1d
core   0: 0x80006c3a (0x006000ef) jal     pc + 0x6
core   0: 3 0x80006c3a (0x006000ef) x1  0x80006c3e
core   0: 0x80006c40 (0x00002819) c.jal   pc + 22
core   0: 3 0x80006c40 (0x2819) x1  0x80006c42
core   0: 0x80006c56 (0x0000b7e5) c.j     pc - 24
core   0: 3 0x80006c56 (0xb7e5)
core   0: 0x80006c3e (0x0000a819) c.j     pc + 22
core   0: 3 0x80006c3e (0xa819)
core   0: 0x80006c54 (0x0000bff5) c.j     pc - 4
core   0: 3 0x80006c54 (0xbff5)
core   0: 0x80006c50 (0x00003fdd) c.jal   pc - 10
core   0: 3 0x80006c50 (0x3fdd) x1  0x80006c52
core   0: 0x80006c46 (0x012000ef) jal     pc + 0x12
core   0: 3 0x80006c46 (0x012000ef) x1  0x80006c4a
core   0: 0x80006c58 (0xfebff0ef) jal     pc - 0x16
core   0: 3 0x80006c58 (0xfebff0ef) x1  0x80006c5c
core   0: 0x80006c42 (0x010000ef) jal     pc + 0x10
core   0: 3 0x80006c42 (0x010000ef) x1  0x80006c46
core   0: 0x80006c52 (0x0000bfed) c.j     pc - 6
core   0: 3 0x80006c52 (0xbfed)
core   0: 0x80006c4c (0xfffff36f) jal     t1, pc - 0x2
core   0: 3 0x80006c4c (0xfffff36f) x6  0x80006c50
core   0: 0x80006c4a (0x00002809) c.jal   pc + 18
core   0: 3 0x80006c4a (0x2809) x1  0x80006c4c
core   0: 0x80006c5c (0xb3473d13) sltiu   s10, a4, -1228
core   0: 3 0x80006c5c (0xb3473d13) x26 0x00000001
core   0: 0x80006c60 (0x01c1f3b3) and     t2, gp, t3
core   0: 3 0x80006c60 (0x01c1f3b3) x7  0xd67fcc30
core   0: 0x80006c64 (0x3b683f97) auipc   t6, 0x3b683
core   0: 3 0x80006c64 (0x3b683f97) x31 0xbb689c64
core   0: 0x80006c68 (0x00008e01) c.sub   a2, s0
core   0: 3 0x80006c68 (0x8e01) x12 0x00000110
core   0: 0x80006c6a (0x02e29933) mulh    s2, t0, a4
core   0: 3 0x80006c6a (0x02e29933) x18 0x00000000
core   0: 0x80006c6e (0x00006145) c.addi16sp sp, 48
core   0: 3 0x80006c6e (0x6145) x2  0x00000150
core   0: 0x80006c70 (0x034ba0b3) mulhsu  ra, s7, s4
core   0: 3 0x80006c70 (0x034ba0b3) x1  0x00000000
core   0: 0x80006c74 (0x01855c33) srl     s8, a0, s8
core   0: 3 0x80006c74 (0x01855c33) x24 0x00000000
core   0: 0x80006c78 (0x00009bfd) c.andi  a5, -1
core   0: 3 0x80006c78 (0x9bfd) x15 0x00000000
core   0: 0x80006c7a (0x00008fb9) c.xor   a5, a4
core   0: 3 0x80006c7a (0x8fb9) x15 0x00000000
core   0: 0x80006c7c (0x417451b3) sra     gp, s0, s7
core   0: 3 0x80006c7c (0x417451b3) x3  0x00000000
core   0: 0x80006c80 (0x01f2d413) srli    s0, t0, 31
core   0: 3 0x80006c80 (0x01f2d413) x8  0x00000001
core   0: 0x80006c84 (0x0000e489) c.bnez  s1, pc + 10
core   0: 3 0x80006c84 (0xe489)
core   0: 0x80006c8e (0x00008be9) c.andi  a5, 26
core   0: 3 0x80006c8e (0x8be9) x15 0x00000000
core   0: 0x80006c90 (0x01759433) sll     s0, a1, s7
core   0: 3 0x80006c90 (0x01759433) x8  0x00000000
core   0: 0x80006c94 (0x0015a533) slt     a0, a1, ra
core   0: 3 0x80006c94 (0x0015a533) x10 0x00000000
core   0: 0x80006c98 (0x027e4033) div     zero, t3, t2
core   0: 3 0x80006c98 (0x027e4033)
core   0: 0x80006c9c (0x0000030c) c.addi4spn a1, sp, 384
core   0: 3 0x80006c9c (0x030c) x11 0x000002d0
core   0: 0x80006c9e (0x000098fd) c.andi  s1, -1
core   0: 3 0x80006c9e (0x98fd) x9  0x003fffaa
core   0: 0x80006ca0 (0x0000883e) c.mv    a6, a5
core   0: 3 0x80006ca0 (0x883e) x16 0x00000000
core   0: 0x80006ca2 (0xa767c897) auipc   a7, 0xa767c
core   0: 3 0x80006ca2 (0xa767c897) x17 0x27682ca2
core   0: 0x80006ca6 (0x02f2fd33) remu    s10, t0, a5
core   0: 3 0x80006ca6 (0x02f2fd33) x26 0x80019b40
core   0: 0x80006caa (0x0336e733) rem     a4, a3, s3
core   0: 3 0x80006caa (0x0336e733) x14 0x00000000
core   0: 0x80006cae (0x00001a7d) c.addi  s4, -1
core   0: 3 0x80006cae (0x1a7d) x20 0xffffffff
core   0: 0x80006cb0 (0x0000ab97) auipc   s7, 0xa
core   0: 3 0x80006cb0 (0x0000ab97) x23 0x80010cb0
core   0: 0x80006cb4 (0x1e4b8b93) addi    s7, s7, 484
core   0: 3 0x80006cb4 (0x1e4b8b93) x23 0x80010e94
core   0: 0x80006cb8 (0x026bd983) lhu     s3, 38(s7)
core   0: 3 0x80006cb8 (0x026bd983) x19 0x0000ff00 mem 0x80010eba
core   0: 0x80006cbc (0x029b9323) sh      s1, 38(s7)
core   0: 3 0x80006cbc (0x029b9323) mem 0x80010eba 0xffaa
core   0: 0x80006cc0 (0x041b8003) lb      zero, 65(s7)
core   0: 3 0x80006cc0 (0x041b8003) mem 0x80010ed5
core   0: 0x80006cc4 (0x04db80a3) sb      a3, 65(s7)
core   0: 3 0x80006cc4 (0x04db80a3) mem 0x80010ed5 0x00
core   0: 0x80006cc8 (0x00744fb3) xor     t6, s0, t2
core   0: 3 0x80006cc8 (0x00744fb3) x31 0xd67fcc30
core   0: 0x80006ccc (0x05bb80a3) sb      s11, 65(s7)
core   0: 3 0x80006ccc (0x05bb80a3) mem 0x80010ed5 0xff
core   0: 0x80006cd0 (0x41b8dd13) srai    s10, a7, 27
core   0: 3 0x80006cd0 (0x41b8dd13) x26 0x00000004
core   0: 0x80006cd4 (0x0b9bc903) lbu     s2, 185(s7)
core   0: 3 0x80006cd4 (0x0b9bc903) x18 0x000000ff mem 0x80010f4d
core   0: 0x80006cd8 (0x0b8b8ca3) sb      s8, 185(s7)
core   0: 3 0x80006cd8 (0x0b8b8ca3) mem 0x80010f4d 0x00
core   0: 0x80006cdc (0x0b9b8003) lb      zero, 185(s7)
core   0: 3 0x80006cdc (0x0b9b8003) mem 0x80010f4d
core   0: 0x80006ce0 (0x0a4b8ca3) sb      tp, 185(s7)
core   0: 3 0x80006ce0 (0x0a4b8ca3) mem 0x80010f4d 0x01
core   0: 0x80006ce4 (0x0b4b8ca3) sb      s4, 185(s7)
core   0: 3 0x80006ce4 (0x0b4b8ca3) mem 0x80010f4d 0xff
core   0: 0x80006ce8 (0x0b9b8083) lb      ra, 185(s7)
core   0: 3 0x80006ce8 (0x0b9b8083) x1  0xffffffff mem 0x80010f4d
core   0: 0x80006cec (0x0b9bc283) lbu     t0, 185(s7)
core   0: 3 0x80006cec (0x0b9bc283) x5  0x000000ff mem 0x80010f4d
core   0: 0x80006cf0 (0xfa5baa23) sw      t0, -76(s7)
core   0: 3 0x80006cf0 (0xfa5baa23) mem 0x80010e48 0x000000ff
core   0: 0x80006cf4 (0xfb4bd483) lhu     s1, -76(s7)
core   0: 3 0x80006cf4 (0xfb4bd483) x9  0x000000ff mem 0x80010e48
core   0: 0x80006cf8 (0x079bc703) lbu     a4, 121(s7)
core   0: 3 0x80006cf8 (0x079bc703) x14 0x00000000 mem 0x80010f0d
core   0: 0x80006cfc (0x04fbc883) lbu     a7, 79(s7)
core   0: 3 0x80006cfc (0x04fbc883) x17 0x00000007 mem 0x80010ee3
core   0: 0x80006d00 (0xf8db8c83) lb      s9, -115(s7)
core   0: 3 0x80006d00 (0xf8db8c83) x25 0x0000000b mem 0x80010e21
core   0: 0x80006d04 (0xf8db8203) lb      tp, -115(s7)
core   0: 3 0x80006d04 (0xf8db8203) x4  0x0000000b mem 0x80010e21
core   0: 0x80006d08 (0xfb2b9d23) sh      s2, -70(s7)
core   0: 3 0x80006d08 (0xfb2b9d23) mem 0x80010e4e 0x00ff
core   0: 0x80006d0c (0xf3bb9e23) sh      s11, -196(s7)
core   0: 3 0x80006d0c (0xf3bb9e23) mem 0x80010dd0 0xffff
core   0: 0x80006d10 (0x000080a9) c.srli  s1, 10
core   0: 3 0x80006d10 (0x80a9) x9  0x00000000
core   0: 0x80006d12 (0x01b565b3) or      a1, a0, s11
core   0: 3 0x80006d12 (0x01b565b3) x11 0xffffffff
core   0: 0x80006d16 (0x00008742) c.mv    a4, a6
core   0: 3 0x80006d16 (0x8742) x14 0x00000000
core   0: 0x80006d18 (0x000082c1) c.srli  a3, 16
core   0: 3 0x80006d18 (0x82c1) x13 0x00000000
core   0: 0x80006d1a (0x00000001) c.nop
core   0: 3 0x80006d1a (0x0001)
core   0: 0x80006d1c (0x02481263) bne     a6, tp, pc + 36
core   0: 3 0x80006d1c (0x02481263)
core   0: 0x80006d40 (0x01321263) bne     tp, s3, pc + 4
core   0: 3 0x80006d40 (0x01321263)
core   0: 0x80006d44 (0x00000e2d) c.addi  t3, 11
core   0: 3 0x80006d44 (0x0e2d) x28 0xd67fcc3d
core   0: 0x80006d46 (0x00000001) c.nop
core   0: 3 0x80006d46 (0x0001)
core   0: 0x80006d48 (0x03c47db3) remu    s11, s0, t3
core   0: 3 0x80006d48 (0x03c47db3) x27 0x00000000
core   0: 0x80006d4c (0xb66ca893) slti    a7, s9, -1178
core   0: 3 0x80006d4c (0xb66ca893) x17 0x00000000
core   0: 0x80006d50 (0x0374e133) rem     sp, s1, s7
core   0: 3 0x80006d50 (0x0374e133) x2  0x00000000
core   0: 0x80006d54 (0x000001ae) c.slli  gp, 11
core   0: 3 0x80006d54 (0x01ae) x3  0x00000000
core   0: 0x80006d56 (0x0097c433) xor     s0, a5, s1
core   0: 3 0x80006d56 (0x0097c433) x8  0x00000000
core   0: 0x80006d5a (0x01475993) srli    s3, a4, 20
core   0: 3 0x80006d5a (0x01475993) x19 0x00000000
core   0: 0x80006d5e (0x00000001) c.nop
core   0: 3 0x80006d5e (0x0001)
core   0: 0x80006d60 (0x02bd3633) mulhu   a2, s10, a1
core   0: 3 0x80006d60 (0x02bd3633) x12 0x00000003
core   0: 0x80006d64 (0x00006409) c.lui   s0, 0x2
core   0: 3 0x80006d64 (0x6409) x8  0x00002000
core   0: 0x80006d66 (0x00b85b33) srl     s6, a6, a1
core   0: 3 0x80006d66 (0x00b85b33) x22 0x00000000
core   0: 0x80006d6a (0x000089c5) c.andi  a1, 17
core   0: 3 0x80006d6a (0x89c5) x11 0x00000011
core   0: 0x80006d6c (0x000051f9) c.li    gp, -2
core   0: 3 0x80006d6c (0x51f9) x3  0xfffffffe
core   0: 0x80006d6e (0x0010d713) srli    a4, ra, 1
core   0: 3 0x80006d6e (0x0010d713) x14 0x7fffffff
core   0: 0x80006d72 (0x00008375) c.srli  a4, 29
core   0: 3 0x80006d72 (0x8375) x14 0x00000003
core   0: 0x80006d74 (0x86fd4d93) xori    s11, s10, -1937
core   0: 3 0x80006d74 (0x86fd4d93) x27 0xfffff86b
core   0: 0x80006d78 (0x01db6033) or      zero, s6, t4
core   0: 3 0x80006d78 (0x01db6033)
core   0: 0x80006d7c (0x00009bfd) c.andi  a5, -1
core   0: 3 0x80006d7c (0x9bfd) x15 0x00000000
core   0: 0x80006d7e (0x03ad4bb3) div     s7, s10, s10
core   0: 3 0x80006d7e (0x03ad4bb3) x23 0x00000001
core   0: 0x80006d82 (0x00005ffd) c.li    t6, -1
core   0: 3 0x80006d82 (0x5ffd) x31 0xffffffff
core   0: 0x80006d84 (0x70093693) sltiu   a3, s2, 1792
core   0: 3 0x80006d84 (0x70093693) x13 0x00000001
core   0: 0x80006d88 (0x00000199) c.addi  gp, 6
core   0: 3 0x80006d88 (0x0199) x3  0x00000004
core   0: 0x80006d8a (0x418ed493) srai    s1, t4, 24
core   0: 3 0x80006d8a (0x418ed493) x9  0xffffff80
core   0: 0x80006d8e (0xfff1cbe3) blt     gp, t6, pc - 10
core   0: 3 0x80006d8e (0xfff1cbe3)
core   0: 0x80006d92 (0x0000987d) c.andi  s0, -1
core   0: 3 0x80006d92 (0x987d) x8  0x00002000
core   0: 0x80006d94 (0x03c24763) blt     tp, t3, pc + 46
core   0: 3 0x80006d94 (0x03c24763)
core   0: 0x80006d98 (0x00006d79) c.lui   s10, 0x1e
core   0: 3 0x80006d98 (0x6d79) x26 0x0001e000
core   0: 0x80006d9a (0x00000001) c.nop
core   0: 3 0x80006d9a (0x0001)
core   0: 0x80006d9c (0x00d41fb3) sll     t6, s0, a3
core   0: 3 0x80006d9c (0x00d41fb3) x31 0x00004000
core   0: 0x80006da0 (0x41825b13) srai    s6, tp, 24
core   0: 3 0x80006da0 (0x41825b13) x22 0x00000000
core   0: 0x80006da4 (0x01f7cfb3) xor     t6, a5, t6
core   0: 3 0x80006da4 (0x01f7cfb3) x31 0x00004000
core   0: 0x80006da8 (0x00000584) c.addi4spn s1, sp, 704
core   0: 3 0x80006da8 (0x0584) x9  0x000002c0
core   0: 0x80006daa (0x000098fd) c.andi  s1, -1
core   0: 3 0x80006daa (0x98fd) x9  0x000002c0
core   0: 0x80006dac (0x14774313) xori    t1, a4, 327
core   0: 3 0x80006dac (0x14774313) x6  0x00000144
core   0: 0x80006db0 (0x406c09b3) sub     s3, s8, t1
core   0: 3 0x80006db0 (0x406c09b3) x19 0xfffffebc
core   0: 0x80006db4 (0x000062bd) c.lui   t0, 0xf
core   0: 3 0x80006db4 (0x62bd) x5  0x0000f000
core   0: 0x80006db6 (0x00000f1c) c.addi4spn a5, sp, 912
core   0: 3 0x80006db6 (0x0f1c) x15 0x00000390
core   0: 0x80006db8 (0x0378ffb3) remu    t6, a7, s7
core   0: 3 0x80006db8 (0x0378ffb3) x31 0x00000000
core   0: 0x80006dbc (0x00cef7b3) and     a5, t4, a2
core   0: 3 0x80006dbc (0x00cef7b3) x15 0x00000000
core   0: 0x80006dc0 (0x00001810) c.addi4spn a2, sp, 48
core   0: 3 0x80006dc0 (0x1810) x12 0x00000030
core   0: 0x80006dc2 (0x02aa5d33) divu    s10, s4, a0
core   0: 3 0x80006dc2 (0x02aa5d33) x26 0xffffffff
core   0: 0x80006dc6 (0x00006c45) c.lui   s8, 0x11
core   0: 3 0x80006dc6 (0x6c45) x24 0x00011000
core   0: 0x80006dc8 (0x00008c0e) c.mv    s8, gp
core   0: 3 0x80006dc8 (0x8c0e) x24 0x00000004
core   0: 0x80006dca (0x02049e33) mulh    t3, s1, zero
core   0: 3 0x80006dca (0x02049e33) x28 0x00000000
core   0: 0x80006dce (0x019f1793) slli    a5, t5, 25
core   0: 3 0x80006dce (0x019f1793) x15 0x48000000
core   0: 0x80006dd2 (0x00008da2) c.mv    s11, s0
core   0: 3 0x80006dd2 (0x8da2) x27 0x00002000
core   0: 0x80006dd4 (0xecb3f593) andi    a1, t2, -309
core   0: 3 0x80006dd4 (0xecb3f593) x11 0xd67fcc00
core   0: 0x80006dd8 (0x00008e89) c.sub   a3, a0
core   0: 3 0x80006dd8 (0x8e89) x13 0x00000001
core   0: 0x80006dda (0x0000ef95) c.bnez  a5, pc + 60
core   0: 3 0x80006dda (0xef95)
core   0: 0x80006e16 (0x00008eb5) c.xor   a3, a3
core   0: 3 0x80006e16 (0x8eb5) x13 0x00000000
core   0: 0x80006e18 (0x038165b3) rem     a1, sp, s8
core   0: 3 0x80006e18 (0x038165b3) x11 0x00000000
core   0: 0x80006e1c (0x3e79a613) slti    a2, s3, 999
core   0: 3 0x80006e1c (0x3e79a613) x12 0x00000001
core   0: 0x80006e20 (0x0178d563) bge     a7, s7, pc + 10
core   0: 3 0x80006e20 (0x0178d563)
core   0: 0x80006e24 (0x0187df93) srli    t6, a5, 24
core   0: 3 0x80006e24 (0x0187df93) x31 0x00000048
core   0: 0x80006e28 (0x00006dbd) c.lui   s11, 0xf
core   0: 3 0x80006e28 (0x6dbd) x27 0x0000f000
core   0: 0x80006e2a (0x6a3b4513) xori    a0, s6, 1699
core   0: 3 0x80006e2a (0x6a3b4513) x10 0x000006a3
core   0: 0x80006e2e (0x0203c363) bltz    t2, pc + 38
core   0: 3 0x80006e2e (0x0203c363)
core   0: 0x80006e54 (0x000094ca) c.add   s1, s2
core   0: 3 0x80006e54 (0x94ca) x9  0x000003bf
core   0: 0x80006e56 (0xe0676293) ori     t0, a4, -506
core   0: 3 0x80006e56 (0xe0676293) x5  0xfffffe07
core   0: 0x80006e5a (0x030df2b3) remu    t0, s11, a6
core   0: 3 0x80006e5a (0x030df2b3) x5  0x0000f000
core   0: 0x80006e5e (0x01a3e433) or      s0, t2, s10
core   0: 3 0x80006e5e (0x01a3e433) x8  0xffffffff
core   0: 0x80006e62 (0x000014fd) c.addi  s1, -1
core   0: 3 0x80006e62 (0x14fd) x9  0x000003be
core   0: 0x80006e64 (0xe9107613) andi    a2, zero, -367
core   0: 3 0x80006e64 (0xe9107613) x12 0x00000000
core   0: 0x80006e68 (0x0000ee1d) c.bnez  a2, pc + 62
core   0: 3 0x80006e68 (0xee1d)
core   0: 0x80006e6a (0x05dc8163) beq     s9, t4, pc + 66
core   0: 3 0x80006e6a (0x05dc8163)
core   0: 0x80006e6e (0x0371a2b3) mulhsu  t0, gp, s7
core   0: 3 0x80006e6e (0x0371a2b3) x5  0x00000000
core   0: 0x80006e72 (0x00cfe663) bltu    t6, a2, pc + 12
core   0: 3 0x80006e72 (0x00cfe663)
core   0: 0x80006e76 (0x000054fd) c.li    s1, -1
core   0: 3 0x80006e76 (0x54fd) x9  0xffffffff
core   0: 0x80006e78 (0xa8e66b93) ori     s7, a2, -1394
core   0: 3 0x80006e78 (0xa8e66b93) x23 0xfffffa8e
core   0: 0x80006e7c (0x0000717d) c.addi16sp sp, -16
core   0: 3 0x80006e7c (0x717d) x2  0xfffffff0
core   0: 0x80006e7e (0x5679e393) ori     t2, s3, 1383
core   0: 3 0x80006e7e (0x5679e393) x7  0xffffffff
core   0: 0x80006e82 (0xbb8db493) sltiu   s1, s11, -1096
core   0: 3 0x80006e82 (0xbb8db493) x9  0x00000001
core   0: 0x80006e86 (0x03d6edb3) rem     s11, a3, t4
core   0: 3 0x80006e86 (0x03d6edb3) x27 0x00000000
core   0: 0x80006e8a (0x55b6e693) ori     a3, a3, 1371
core   0: 3 0x80006e8a (0x55b6e693) x13 0x0000055b
core   0: 0x80006e8e (0x00000001) c.nop
core   0: 3 0x80006e8e (0x0001)
core   0: 0x80006e90 (0x03bb1c63) bne     s6, s11, pc + 56
core   0: 3 0x80006e90 (0x03bb1c63)
core   0: 0x80006e94 (0x00008e89) c.sub   a3, a0
core   0: 3 0x80006e94 (0x8e89) x13 0xfffffeb8
core   0: 0x80006e96 (0x035843b3) div     t2, a6, s5
core   0: 3 0x80006e96 (0x035843b3) x7  0x00000000
core   0: 0x80006e9a (0x004757b3) srl     a5, a4, tp
core   0: 3 0x80006e9a (0x004757b3) x15 0x00000000
core   0: 0x80006e9e (0x02220563) beq     tp, sp, pc + 42
core   0: 3 0x80006e9e (0x02220563)
core   0: 0x80006ea2 (0xe446bc13) sltiu   s8, a3, -444
core   0: 3 0x80006ea2 (0xe446bc13) x24 0x00000000
core   0: 0x80006ea6 (0x2268ca13) xori    s4, a7, 550
core   0: 3 0x80006ea6 (0x2268ca13) x20 0x00000226
core   0: 0x80006eaa (0x00006161) c.addi16sp sp, 80
core   0: 3 0x80006eaa (0x6161) x2  0x00000040
core   0: 0x80006eac (0x7185b113) sltiu   sp, a1, 1816
core   0: 3 0x80006eac (0x7185b113) x2  0x00000001
core   0: 0x80006eb0 (0x000061fd) c.lui   gp, 0x1f
core   0: 3 0x80006eb0 (0x61fd) x3  0x0001f000
core   0: 0x80006eb2 (0x41e201b3) sub     gp, tp, t5
core   0: 3 0x80006eb2 (0x41e201b3) x3  0x7ffd62e7
core   0: 0x80006eb6 (0x41b5dc93) srai    s9, a1, 27
core   0: 3 0x80006eb6 (0x41b5dc93) x25 0x00000000
core   0: 0x80006eba (0x66a93a13) sltiu   s4, s2, 1642
core   0: 3 0x80006eba (0x66a93a13) x20 0x00000001
core   0: 0x80006ebe (0x000087a1) c.srai  a5, 8
core   0: 3 0x80006ebe (0x87a1) x15 0x00000000
core   0: 0x80006ec0 (0x00008cfd) c.and   s1, a5
core   0: 3 0x80006ec0 (0x8cfd) x9  0x00000000
core   0: 0x80006ec2 (0x02d1f663) bgeu    gp, a3, pc + 44
core   0: 3 0x80006ec2 (0x02d1f663)
core   0: 0x80006ec6 (0x00000d3d) c.addi  s10, 15
core   0: 3 0x80006ec6 (0x0d3d) x26 0x0000000e
core   0: 0x80006ec8 (0x000092ba) c.add   t0, a4
core   0: 3 0x80006ec8 (0x92ba) x5  0x00000003
core   0: 0x80006eca (0x00000cc6) c.slli  s9, 17
core   0: 3 0x80006eca (0x0cc6) x25 0x00000000
core   0: 0x80006ecc (0x019ee8b3) or      a7, t4, s9
core   0: 3 0x80006ecc (0x019ee8b3) x17 0x80025e40
core   0: 0x80006ed0 (0x00c35633) srl     a2, t1, a2
core   0: 3 0x80006ed0 (0x00c35633) x12 0x00000144
core   0: 0x80006ed4 (0x00008c05) c.sub   s0, s1
core   0: 3 0x80006ed4 (0x8c05) x8  0xffffffff
core   0: 0x80006ed6 (0xb2444693) xori    a3, s0, -1244
core   0: 3 0x80006ed6 (0xb2444693) x13 0x000004db
core   0: 0x80006eda (0x00008c99) c.sub   s1, a4
core   0: 3 0x80006eda (0x8c99) x9  0xfffffffd
core   0: 0x80006edc (0x024640b3) div     ra, a2, tp
core   0: 3 0x80006edc (0x024640b3) x1  0x0000001d
core   0: 0x80006ee0 (0x00000e0c) c.addi4spn a1, sp, 784
core   0: 3 0x80006ee0 (0x0e0c) x11 0x00000311
core   0: 0x80006ee2 (0x409a8e33) sub     t3, s5, s1
core   0: 3 0x80006ee2 (0x409a8e33) x28 0x0000000b
core   0: 0x80006ee6 (0x00849fb3) sll     t6, s1, s0
core   0: 3 0x80006ee6 (0x00849fb3) x31 0x80000000
core   0: 0x80006eea (0x0000ef95) c.bnez  a5, pc + 60
core   0: 3 0x80006eea (0xef95)
core   0: 0x80006eec (0x000008e6) c.slli  a7, 25
core   0: 3 0x80006eec (0x08e6) x17 0x80000000
core   0: 0x80006eee (0x0035f363) bgeu    a1, gp, pc + 6
core   0: 3 0x80006eee (0x0035f363)
core   0: 0x80006ef2 (0x00008dc9) c.or    a1, a0
core   0: 3 0x80006ef2 (0x8dc9) x11 0x000007b3
core   0: 0x80006ef4 (0xd2d67793) andi    a5, a2, -723
core   0: 3 0x80006ef4 (0xd2d67793) x15 0x00000104
core   0: 0x80006ef8 (0x404b5733) sra     a4, s6, tp
core   0: 3 0x80006ef8 (0x404b5733) x14 0x00000000
core   0: 0x80006efc (0x00000001) c.nop
core   0: 3 0x80006efc (0x0001)
core   0: 0x80006efe (0x006e0a33) add     s4, t3, t1
core   0: 3 0x80006efe (0x006e0a33) x20 0x0000014f
core   0: 0x80006f02 (0x00006a19) c.lui   s4, 0x6
core   0: 3 0x80006f02 (0x6a19) x20 0x00006000
core   0: 0x80006f04 (0x008d3bb3) sltu    s7, s10, s0
core   0: 3 0x80006f04 (0x008d3bb3) x23 0x00000001
core   0: 0x80006f08 (0x01e0f033) and     zero, ra, t5
core   0: 3 0x80006f08 (0x01e0f033)
core   0: 0x80006f0c (0x00000c46) c.slli  s8, 17
core   0: 3 0x80006f0c (0x0c46) x24 0x00000000
core   0: 0x80006f0e (0x0000cd11) c.beqz  a0, pc + 28
core   0: 3 0x80006f0e (0xcd11)
core   0: 0x80006f10 (0x01781613) slli    a2, a6, 23
core   0: 3 0x80006f10 (0x01781613) x12 0x00000000
core   0: 0x80006f14 (0x00000001) c.nop
core   0: 3 0x80006f14 (0x0001)
core   0: 0x80006f16 (0x0252bcb3) mulhu   s9, t0, t0
core   0: 3 0x80006f16 (0x0252bcb3) x25 0x00000000
core   0: 0x80006f1a (0x0e523b97) auipc   s7, 0xe523
core   0: 3 0x80006f1a (0x0e523b97) x23 0x8e529f1a
core   0: 0x80006f1e (0x028b2e33) mulhsu  t3, s6, s0
core   0: 3 0x80006f1e (0x028b2e33) x28 0x00000000
core   0: 0x80006f22 (0x008af963) bgeu    s5, s0, pc + 18
core   0: 3 0x80006f22 (0x008af963)
core   0: 0x80006f26 (0x0142a3b3) slt     t2, t0, s4
core   0: 3 0x80006f26 (0x0142a3b3) x7  0x00000001
core   0: 0x80006f2a (0x01bd2433) slt     s0, s10, s11
core   0: 3 0x80006f2a (0x01bd2433) x8  0x00000000
core   0: 0x80006f2e (0x03865e63) bge     a2, s8, pc + 60
core   0: 3 0x80006f2e (0x03865e63)
core   0: 0x80006f6a (0x012737b3) sltu    a5, a4, s2
core   0: 3 0x80006f6a (0x012737b3) x15 0x00000001
core   0: 0x80006f6e (0x0000877e) c.mv    a4, t6
core   0: 3 0x80006f6e (0x877e) x14 0x80000000
core   0: 0x80006f70 (0x000082cd) c.srli  a3, 19
core   0: 3 0x80006f70 (0x82cd) x13 0x00000000
core   0: 0x80006f72 (0xd24da693) slti    a3, s11, -732
core   0: 3 0x80006f72 (0xd24da693) x13 0x00000000
core   0: 0x80006f76 (0x00008c61) c.and   s0, s0
core   0: 3 0x80006f76 (0x8c61) x8  0x00000000
core   0: 0x80006f78 (0x00008f91) c.sub   a5, a2
core   0: 3 0x80006f78 (0x8f91) x15 0x00000001
core   0: 0x80006f7a (0x00001194) c.addi4spn a3, sp, 224
core   0: 3 0x80006f7a (0x1194) x13 0x000000e1
core   0: 0x80006f7c (0x04717163) bgeu    sp, t2, pc + 66
core   0: 3 0x80006f7c (0x04717163)
core   0: 0x80006fbe (0x00006845) c.lui   a6, 0x11
core   0: 3 0x80006fbe (0x6845) x16 0x00011000
core   0: 0x80006fc0 (0x00008e69) c.and   a2, a0
core   0: 3 0x80006fc0 (0x8e69) x12 0x00000000
core   0: 0x80006fc2 (0x01045563) bge     s0, a6, pc + 10
core   0: 3 0x80006fc2 (0x01045563)
core   0: 0x80006fc6 (0x00008d95) c.sub   a1, a3
core   0: 3 0x80006fc6 (0x8d95) x11 0x000006d2
core   0: 0x80006fc8 (0x23cf4513) xori    a0, t5, 572
core   0: 3 0x80006fc8 (0x23cf4513) x10 0x80029f18
core   0: 0x80006fcc (0x02e1c2b3) div     t0, gp, a4
core   0: 3 0x80006fcc (0x02e1c2b3) x5  0x00000000
core   0: 0x80006fd0 (0x2d6a8193) addi    gp, s5, 726
core   0: 3 0x80006fd0 (0x2d6a8193) x3  0x000002de
core   0: 0x80006fd4 (0x00000001) c.nop
core   0: 3 0x80006fd4 (0x0001)
core   0: 0x80006fd6 (0x00000814) c.addi4spn a3, sp, 16
core   0: 3 0x80006fd6 (0x0814) x13 0x00000011
core   0: 0x80006fd8 (0x01c22633) slt     a2, tp, t3
core   0: 3 0x80006fd8 (0x01c22633) x12 0x00000000
core   0: 0x80006fdc (0x5ae8c993) xori    s3, a7, 1454
core   0: 3 0x80006fdc (0x5ae8c993) x19 0x800005ae
core   0: 0x80006fe0 (0x02218cb3) mul     s9, gp, sp
core   0: 3 0x80006fe0 (0x02218cb3) x25 0x000002de
core   0: 0x80006fe4 (0x000080cd) c.srli  s1, 19
core   0: 3 0x80006fe4 (0x80cd) x9  0x00001fff
core   0: 0x80006fe6 (0x405c8fb3) sub     t6, s9, t0
core   0: 3 0x80006fe6 (0x405c8fb3) x31 0x000002de
core   0: 0x80006fea (0x031da7b3) mulhsu  a5, s11, a7
core   0: 3 0x80006fea (0x031da7b3) x15 0x00000000
core   0: 0x80006fee (0x410dd133) sra     sp, s11, a6
core   0: 3 0x80006fee (0x410dd133) x2  0x00000000
core   0: 0x80006ff2 (0x00008dc6) c.mv    s11, a7
core   0: 3 0x80006ff2 (0x8dc6) x27 0x80000000
core   0: 0x80006ff4 (0xa9a3b813) sltiu   a6, t2, -1382
core   0: 3 0x80006ff4 (0xa9a3b813) x16 0x00000001
core   0: 0x80006ff8 (0x00006129) c.addi16sp sp, 192
core   0: 3 0x80006ff8 (0x6129) x2  0x000000c0
core   0: 0x80006ffa (0x00006159) c.addi16sp sp, 400
core   0: 3 0x80006ffa (0x6159) x2  0x00000250
core   0: 0x80006ffc (0x270743b7) lui     t2, 0x27074
core   0: 3 0x80006ffc (0x270743b7) x7  0x27074000
core   0: 0x80007000 (0x034119b3) mulh    s3, sp, s4
core   0: 3 0x80007000 (0x034119b3) x19 0x00000000
core   0: 0x80007004 (0x03c7f2b3) remu    t0, a5, t3
core   0: 3 0x80007004 (0x03c7f2b3) x5  0x00000000
core   0: 0x80007008 (0x010a5e13) srli    t3, s4, 16
core   0: 3 0x80007008 (0x010a5e13) x28 0x00000000
core   0: 0x8000700c (0x008a9e63) bne     s5, s0, pc + 28
core   0: 3 0x8000700c (0x008a9e63)
core   0: 0x80007028 (0x40300433) sub     s0, zero, gp
core   0: 3 0x80007028 (0x40300433) x8  0xfffffd22
core   0: 0x8000702c (0x28192213) slti    tp, s2, 641
core   0: 3 0x8000702c (0x28192213) x4  0x00000001
core   0: 0x80007030 (0x000043b9) c.li    t2, 14
core   0: 3 0x80007030 (0x43b9) x7  0x0000000e
core   0: 0x80007032 (0x41b15d13) srai    s10, sp, 27
core   0: 3 0x80007032 (0x41b15d13) x26 0x00000000
core   0: 0x80007036 (0x01b0b033) sltu    zero, ra, s11
core   0: 3 0x80007036 (0x01b0b033)
core   0: 0x8000703a (0x00fd8933) add     s2, s11, a5
core   0: 3 0x8000703a (0x00fd8933) x18 0x80000000
core   0: 0x8000703e (0x0000717d) c.addi16sp sp, -16
core   0: 3 0x8000703e (0x717d) x2  0x00000240
core   0: 0x80007040 (0x00a85bb3) srl     s7, a6, a0
core   0: 3 0x80007040 (0x00a85bb3) x23 0x00000000
core   0: 0x80007044 (0x412bd293) srai    t0, s7, 18
core   0: 3 0x80007044 (0x412bd293) x5  0x00000000
core   0: 0x80007048 (0x00008ed5) c.or    a3, a3
core   0: 3 0x80007048 (0x8ed5) x13 0x00000011
core   0: 0x8000704a (0x00001b7d) c.addi  s6, -1
core   0: 3 0x8000704a (0x1b7d) x22 0xffffffff
core   0: 0x8000704c (0x00008cc1) c.or    s1, s0
core   0: 3 0x8000704c (0x8cc1) x9  0xffffffff
core   0: 0x8000704e (0x01f95933) srl     s2, s2, t6
core   0: 3 0x8000704e (0x01f95933) x18 0x00000002
core   0: 0x80007052 (0x0000717d) c.addi16sp sp, -16
core   0: 3 0x80007052 (0x717d) x2  0x00000230
core   0: 0x80007054 (0x00008df1) c.and   a1, a2
core   0: 3 0x80007054 (0x8df1) x11 0x00000000
core   0: 0x80007056 (0x03068f63) beq     a3, a6, pc + 62
core   0: 3 0x80007056 (0x03068f63)
core   0: 0x8000705a (0x8c12ab93) slti    s7, t0, -1855
core   0: 3 0x8000705a (0x8c12ab93) x23 0x00000000
core   0: 0x8000705e (0x0000e189) c.bnez  a1, pc + 2
core   0: 3 0x8000705e (0xe189)
core   0: 0x80007060 (0xe2892313) slti    t1, s2, -472
core   0: 3 0x80007060 (0xe2892313) x6  0x00000000
core   0: 0x80007064 (0x40f90533) sub     a0, s2, a5
core   0: 3 0x80007064 (0x40f90533) x10 0x00000002
core   0: 0x80007068 (0x00009bfd) c.andi  a5, -1
core   0: 3 0x80007068 (0x9bfd) x15 0x00000000
core   0: 0x8000706a (0x4179df93) srai    t6, s3, 23
core   0: 3 0x8000706a (0x4179df93) x31 0x00000000
core   0: 0x8000706e (0x00008de5) c.and   a1, s1
core   0: 3 0x8000706e (0x8de5) x11 0x00000000
core   0: 0x80007070 (0x9b660e17) auipc   t3, 0x9b660
core   0: 3 0x80007070 (0x9b660e17) x28 0x1b667070
core   0: 0x80007074 (0x030edfb3) divu    t6, t4, a6
core   0: 3 0x80007074 (0x030edfb3) x31 0x80025e40
core   0: 0x80007078 (0x0318fc63) bgeu    a7, a7, pc + 56
core   0: 3 0x80007078 (0x0318fc63)
core   0: 0x800070b0 (0x0000e309) c.bnez  a4, pc + 2
core   0: 3 0x800070b0 (0xe309)
core   0: 0x800070b2 (0x01ea26b3) slt     a3, s4, t5
core   0: 3 0x800070b2 (0x01ea26b3) x13 0x00000000
core   0: 0x800070b6 (0x02d54763) blt     a0, a3, pc + 46
core   0: 3 0x800070b6 (0x02d54763)
core   0: 0x800070ba (0x00000d00) c.addi4spn s0, sp, 656
core   0: 3 0x800070ba (0x0d00) x8  0x000004c0
core   0: 0x800070bc (0x41c7d693) srai    a3, a5, 28
core   0: 3 0x800070bc (0x41c7d693) x13 0x00000000
core   0: 0x800070c0 (0x00008791) c.srai  a5, 4
core   0: 3 0x800070c0 (0x8791) x15 0x00000000
core   0: 0x800070c2 (0x00009452) c.add   s0, s4
core   0: 3 0x800070c2 (0x9452) x8  0x000064c0
core   0: 0x800070c4 (0x00c68433) add     s0, a3, a2
core   0: 3 0x800070c4 (0x00c68433) x8  0x00000000
core   0: 0x800070c8 (0x0000717d) c.addi16sp sp, -16
core   0: 3 0x800070c8 (0x717d) x2  0x00000220
core   0: 0x800070ca (0x00008745) c.srai  a4, 17
core   0: 3 0x800070ca (0x8745) x14 0xffffc000
core   0: 0x800070cc (0x01c27133) and     sp, tp, t3
core   0: 3 0x800070cc (0x01c27133) x2  0x00000000
core   0: 0x800070d0 (0x03fc29b3) mulhsu  s3, s8, t6
core   0: 3 0x800070d0 (0x03fc29b3) x19 0x00000000
core   0: 0x800070d4 (0x057ff163) bgeu    t6, s7, pc + 66
core   0: 3 0x800070d4 (0x057ff163)
core   0: 0x80007116 (0x83cabb13) sltiu   s6, s5, -1988
core   0: 3 0x80007116 (0x83cabb13) x22 0x00000001
core   0: 0x8000711a (0x622cc797) auipc   a5, 0x622cc
core   0: 3 0x8000711a (0x622cc797) x15 0xe22d311a
core   0: 0x8000711e (0x03424e63) blt     tp, s4, pc + 60
core   0: 3 0x8000711e (0x03424e63)
core   0: 0x8000715a (0x00925e13) srli    t3, tp, 9
core   0: 3 0x8000715a (0x00925e13) x28 0x00000000
core   0: 0x8000715e (0x0385ddb3) divu    s11, a1, s8
core   0: 3 0x8000715e (0x0385ddb3) x27 0xffffffff
core   0: 0x80007162 (0x40885013) srai    zero, a6, 8
core   0: 3 0x80007162 (0x40885013)
core   0: 0x80007166 (0x02955f63) bge     a0, s1, pc + 62
core   0: 3 0x80007166 (0x02955f63)
core   0: 0x800071a4 (0x00008f5d) c.or    a4, a5
core   0: 3 0x800071a4 (0x8f5d) x14 0xfffff11a
core   0: 0x800071a6 (0x00008e2d) c.xor   a2, a1
core   0: 3 0x800071a6 (0x8e2d) x12 0x00000000
core   0: 0x800071a8 (0x02023033) mulhu   zero, tp, zero
core   0: 3 0x800071a8 (0x02023033)
core   0: 0x800071ac (0x009f1593) slli    a1, t5, 9
core   0: 3 0x800071ac (0x009f1593) x11 0x053a4800
core   0: 0x800071b0 (0x00005a7d) c.li    s4, -1
core   0: 3 0x800071b0 (0x5a7d) x20 0xffffffff
core   0: 0x800071b2 (0x0000137d) c.addi  t1, -1
core   0: 3 0x800071b2 (0x137d) x6  0xffffffff
core   0: 0x800071b4 (0x0000465d) c.li    a2, 23
core   0: 3 0x800071b4 (0x465d) x12 0x00000017
core   0: 0x800071b6 (0x00008f19) c.sub   a4, a4
core   0: 3 0x800071b6 (0x8f19) x14 0x00000000
core   0: 0x800071b8 (0xae468b13) addi    s6, a3, -1308
core   0: 3 0x800071b8 (0xae468b13) x22 0xfffffae4
core   0: 0x800071bc (0x0000048c) c.addi4spn a1, sp, 576
core   0: 3 0x800071bc (0x048c) x11 0x00000240
core   0: 0x800071be (0x006c1313) slli    t1, s8, 6
core   0: 3 0x800071be (0x006c1313) x6  0x00000000
core   0: 0x800071c2 (0x00a55fb3) srl     t6, a0, a0
core   0: 3 0x800071c2 (0x00a55fb3) x31 0x00000000
core   0: 0x800071c6 (0x16b30d13) addi    s10, t1, 363
core   0: 3 0x800071c6 (0x16b30d13) x26 0x0000016b
core   0: 0x800071ca (0x002c6a33) or      s4, s8, sp
core   0: 3 0x800071ca (0x002c6a33) x20 0x00000000
core   0: 0x800071ce (0x01f4c2b3) xor     t0, s1, t6
core   0: 3 0x800071ce (0x01f4c2b3) x5  0xffffffff
core   0: 0x800071d2 (0x00006171) c.addi16sp sp, 336
core   0: 3 0x800071d2 (0x6171) x2  0x00000150
core   0: 0x800071d4 (0x0186dcb3) srl     s9, a3, s8
core   0: 3 0x800071d4 (0x0186dcb3) x25 0x00000000
core   0: 0x800071d8 (0x000057fd) c.li    a5, -1
core   0: 3 0x800071d8 (0x57fd) x15 0xffffffff
core   0: 0x800071da (0x00006bdd) c.lui   s7, 0x17
core   0: 3 0x800071da (0x6bdd) x23 0x00017000
core   0: 0x800071dc (0x00d1ecb3) or      s9, gp, a3
core   0: 3 0x800071dc (0x00d1ecb3) x25 0x000002de
core   0: 0x800071e0 (0x027a69b3) rem     s3, s4, t2
core   0: 3 0x800071e0 (0x027a69b3) x19 0x00000000
core   0: 0x800071e4 (0x00edb233) sltu    tp, s11, a4
core   0: 3 0x800071e4 (0x00edb233) x4  0x00000000
core   0: 0x800071e8 (0x00008d7d) c.and   a0, a5
core   0: 3 0x800071e8 (0x8d7d) x10 0x00000002
core   0: 0x800071ea (0x0000717d) c.addi16sp sp, -16
core   0: 3 0x800071ea (0x717d) x2  0x00000140
core   0: 0x800071ec (0x00004b55) c.li    s6, 21
core   0: 3 0x800071ec (0x4b55) x22 0x00000015
core   0: 0x800071ee (0x00bfae33) slt     t3, t6, a1
core   0: 3 0x800071ee (0x00bfae33) x28 0x00000001
core   0: 0x800071f2 (0xa6d49c97) auipc   s9, 0xa6d49
core   0: 3 0x800071f2 (0xa6d49c97) x25 0x26d501f2
core   0: 0x800071f6 (0x1114b113) sltiu   sp, s1, 273
core   0: 3 0x800071f6 (0x1114b113) x2  0x00000000
core   0: 0x800071fa (0x00009336) c.add   t1, a3
core   0: 3 0x800071fa (0x9336) x6  0x00000000
core   0: 0x800071fc (0x00d85033) srl     zero, a6, a3
core   0: 3 0x800071fc (0x00d85033)
core   0: 0x80007200 (0x000092d6) c.add   t0, s5
core   0: 3 0x80007200 (0x92d6) x5  0x00000007
core   0: 0x80007202 (0x00925493) srli    s1, tp, 9
core   0: 3 0x80007202 (0x00925493) x9  0x00000000
core   0: 0x80007206 (0x01269263) bne     a3, s2, pc + 4
core   0: 3 0x80007206 (0x01269263)
core   0: 0x8000720a (0x00008c01) c.sub   s0, s0
core   0: 3 0x8000720a (0x8c01) x8  0x00000000
core   0: 0x8000720c (0x0000e099) c.bnez  s1, pc + 6
core   0: 3 0x8000720c (0xe099)
core   0: 0x8000720e (0x0000c10d) c.beqz  a0, pc + 34
core   0: 3 0x8000720e (0xc10d)
core   0: 0x80007210 (0x00008fc5) c.or    a5, s1
core   0: 3 0x80007210 (0x8fc5) x15 0xffffffff
core   0: 0x80007212 (0x0000839d) c.srli  a5, 7
core   0: 3 0x80007212 (0x839d) x15 0x01ffffff
core   0: 0x80007214 (0x01b05db3) srl     s11, zero, s11
core   0: 3 0x80007214 (0x01b05db3) x27 0x00000000
core   0: 0x80007218 (0x014361b3) or      gp, t1, s4
core   0: 3 0x80007218 (0x014361b3) x3  0x00000000
core   0: 0x8000721c (0x00006149) c.addi16sp sp, 144
core   0: 3 0x8000721c (0x6149) x2  0x00000090
core   0: 0x8000721e (0x000064c9) c.lui   s1, 0x12
core   0: 3 0x8000721e (0x64c9) x9  0x00012000
core   0: 0x80007220 (0x0358c3b3) div     t2, a7, s5
core   0: 3 0x80007220 (0x0358c3b3) x7  0xf0000000
core   0: 0x80007224 (0x41a30e33) sub     t3, t1, s10
core   0: 3 0x80007224 (0x41a30e33) x28 0xfffffe95
core   0: 0x80007228 (0x410989b3) sub     s3, s3, a6
core   0: 3 0x80007228 (0x410989b3) x19 0xffffffff
core   0: 0x8000722c (0x0024f633) and     a2, s1, sp
core   0: 3 0x8000722c (0x0024f633) x12 0x00000000
core   0: 0x80007230 (0x02e58c33) mul     s8, a1, a4
core   0: 3 0x80007230 (0x02e58c33) x24 0x00000000
core   0: 0x80007234 (0x19a4e237) lui     tp, 0x19a4e
core   0: 3 0x80007234 (0x19a4e237) x4  0x19a4e000
core   0: 0x80007238 (0x01515e33) srl     t3, sp, s5
core   0: 3 0x80007238 (0x01515e33) x28 0x00000000
core   0: 0x8000723c (0x1d013a13) sltiu   s4, sp, 464
core   0: 3 0x8000723c (0x1d013a13) x20 0x00000001
core   0: 0x80007240 (0x000089fe) c.mv    s3, t6
core   0: 3 0x80007240 (0x89fe) x19 0x00000000
core   0: 0x80007242 (0x00000001) c.nop
core   0: 3 0x80007242 (0x0001)
core   0: 0x80007244 (0x1050ec37) lui     s8, 0x1050e
core   0: 3 0x80007244 (0x1050ec37) x24 0x1050e000
core   0: 0x80007248 (0x00110b33) add     s6, sp, ra
core   0: 3 0x80007248 (0x00110b33) x22 0x000000ad
core   0: 0x8000724c (0x000009d6) c.slli  s3, 21
core   0: 3 0x8000724c (0x09d6) x19 0x00000000
core   0: 0x8000724e (0x00000001) c.nop
core   0: 3 0x8000724e (0x0001)
core   0: 0x80007250 (0x8cb3fd93) andi    s11, t2, -1845
core   0: 3 0x80007250 (0x8cb3fd93) x27 0xf0000000
core   0: 0x80007254 (0x03913d33) mulhu   s10, sp, s9
core   0: 3 0x80007254 (0x03913d33) x26 0x00000015
core   0: 0x80007258 (0x0159a733) slt     a4, s3, s5
core   0: 3 0x80007258 (0x0159a733) x14 0x00000001
core   0: 0x8000725c (0x01ec21b3) slt     gp, s8, t5
core   0: 3 0x8000725c (0x01ec21b3) x3  0x00000000
core   0: 0x80007260 (0x0172c533) xor     a0, t0, s7
core   0: 3 0x80007260 (0x0172c533) x10 0x00017007
core   0: 0x80007264 (0x000085bd) c.srai  a1, 15
core   0: 3 0x80007264 (0x85bd) x11 0x00000000
core   0: 0x80007266 (0x036e9b63) bne     t4, s6, pc + 54
core   0: 3 0x80007266 (0x036e9b63)
core   0: 0x8000729c (0x00008fe1) c.and   a5, s0
core   0: 3 0x8000729c (0x8fe1) x15 0x00000000
core   0: 0x8000729e (0x006137b3) sltu    a5, sp, t1
core   0: 3 0x8000729e (0x006137b3) x15 0x00000000
core   0: 0x800072a2 (0x02c39e63) bne     t2, a2, pc + 60
core   0: 3 0x800072a2 (0x02c39e63)
core   0: 0x800072de (0x016c30b3) sltu    ra, s8, s6
core   0: 3 0x800072de (0x016c30b3) x1  0x00000000
core   0: 0x800072e2 (0x00000835) c.addi  a6, 13
core   0: 3 0x800072e2 (0x0835) x16 0x0000000e
core   0: 0x800072e4 (0x00008e4d) c.or    a2, a1
core   0: 3 0x800072e4 (0x8e4d) x12 0x00000000
core   0: 0x800072e6 (0x01760433) add     s0, a2, s7
core   0: 3 0x800072e6 (0x01760433) x8  0x00017000
core   0: 0x800072ea (0x03ce9533) mulh    a0, t4, t3
core   0: 3 0x800072ea (0x03ce9533) x10 0x00000000
core   0: 0x800072ee (0x000080e5) c.srli  s1, 25
core   0: 3 0x800072ee (0x80e5) x9  0x00000000
core   0: 0x800072f0 (0x00ee89b3) add     s3, t4, a4
core   0: 3 0x800072f0 (0x00ee89b3) x19 0x80025e41
core   0: 0x800072f4 (0x02728033) mul     zero, t0, t2
core   0: 3 0x800072f4 (0x02728033)
core   0: 0x800072f8 (0x00565433) srl     s0, a2, t0
core   0: 3 0x800072f8 (0x00565433) x8  0x00000000
core   0: 0x800072fc (0x00825263) bge     tp, s0, pc + 4
core   0: 3 0x800072fc (0x00825263)
core   0: 0x80007300 (0x02a90a63) beq     s2, a0, pc + 52
core   0: 3 0x80007300 (0x02a90a63)
core   0: 0x80007304 (0x00008135) c.srli  a0, 13
core   0: 3 0x80007304 (0x8135) x10 0x00000000
core   0: 0x80007306 (0x00008e6a) c.mv    t3, s10
core   0: 3 0x80007306 (0x8e6a) x28 0x00000015
core   0: 0x80007308 (0x6214c113) xori    sp, s1, 1569
core   0: 3 0x80007308 (0x6214c113) x2  0x00000621
core   0: 0x8000730c (0x03355a63) bge     a0, s3, pc + 52
core   0: 3 0x8000730c (0x03355a63)
core   0: 0x80007340 (0x0305a033) mulhsu  zero, a1, a6
core   0: 3 0x80007340 (0x0305a033)
core   0: 0x80007344 (0x00001790) c.addi4spn a2, sp, 992
core   0: 3 0x80007344 (0x1790) x12 0x00000a01
core   0: 0x80007346 (0x01b5e663) bltu    a1, s11, pc + 12
core   0: 3 0x80007346 (0x01b5e663)
core   0: 0x80007352 (0x00008189) c.srli  a1, 2
core   0: 3 0x80007352 (0x8189) x11 0x00000000
core   0: 0x80007354 (0x86b73293) sltiu   t0, a4, -1941
core   0: 3 0x80007354 (0x86b73293) x5  0x00000001
core   0: 0x80007358 (0x039a43b3) div     t2, s4, s9
core   0: 3 0x80007358 (0x039a43b3) x7  0x00000000
core   0: 0x8000735c (0x4cbbc913) xori    s2, s7, 1227
core   0: 3 0x8000735c (0x4cbbc913) x18 0x000174cb
core   0: 0x80007360 (0xa0007fb7) lui     t6, 0xa0007
core   0: 3 0x80007360 (0xa0007fb7) x31 0xa0007000
core   0: 0x80007364 (0x00001c90) c.addi4spn a2, sp, 624
core   0: 3 0x80007364 (0x1c90) x12 0x00000891
core   0: 0x80007366 (0x03235363) bge     t1, s2, pc + 38
core   0: 3 0x80007366 (0x03235363)
core   0: 0x8000736a (0x00006cf1) c.lui   s9, 0x1c
core   0: 3 0x8000736a (0x6cf1) x25 0x0001c000
core   0: 0x8000736c (0x04675163) bge     a4, t1, pc + 66
core   0: 3 0x8000736c (0x04675163)
core   0: 0x800073ae (0x016d7c63) bgeu    s10, s6, pc + 24
core   0: 3 0x800073ae (0x016d7c63)
core   0: 0x800073b2 (0x00008746) c.mv    a4, a7
core   0: 3 0x800073b2 (0x8746) x14 0x80000000
core   0: 0x800073b4 (0x03d66033) rem     zero, a2, t4
core   0: 3 0x800073b4 (0x03d66033)
core   0: 0x800073b8 (0x03b1d363) bge     gp, s11, pc + 38
core   0: 3 0x800073b8 (0x03b1d363)
core   0: 0x800073de (0x0000ed8d) c.bnez  a1, pc + 58
core   0: 3 0x800073de (0xed8d)
core   0: 0x800073e0 (0x02c60633) mul     a2, a2, a2
core   0: 3 0x800073e0 (0x02c60633) x12 0x00496221
core   0: 0x800073e4 (0x0da64913) xori    s2, a2, 218
core   0: 3 0x800073e4 (0x0da64913) x18 0x004962fb
core   0: 0x800073e8 (0x000001c2) c.slli  gp, 16
core   0: 3 0x800073e8 (0x01c2) x3  0x00000000
core   0: 0x800073ea (0x02726233) rem     tp, tp, t2
core   0: 3 0x800073ea (0x02726233) x4  0x19a4e000
core   0: 0x800073ee (0x00008eed) c.and   a3, a1
core   0: 3 0x800073ee (0x8eed) x13 0x00000000
core   0: 0x800073f0 (0x00011563) bnez    sp, pc + 10
core   0: 3 0x800073f0 (0x00011563)
core   0: 0x800073fa (0x0000853d) c.srai  a0, 15
core   0: 3 0x800073fa (0x853d) x10 0x00000000
core   0: 0x800073fc (0x00009a7d) c.andi  a2, -1
core   0: 3 0x800073fc (0x9a7d) x12 0x00496221
core   0: 0x800073fe (0x0000cd19) c.beqz  a0, pc + 30
core   0: 3 0x800073fe (0xcd19)
core   0: 0x8000741c (0x01b8d733) srl     a4, a7, s11
core   0: 3 0x8000741c (0x01b8d733) x14 0x80000000
core   0: 0x80007420 (0x00000001) c.nop
core   0: 3 0x80007420 (0x0001)
core   0: 0x80007422 (0x00005ffd) c.li    t6, -1
core   0: 3 0x80007422 (0x5ffd) x31 0xffffffff
core   0: 0x80007424 (0x00008105) c.srli  a0, 1
core   0: 3 0x80007424 (0x8105) x10 0x00000000
core   0: 0x80007426 (0x0098d113) srli    sp, a7, 9
core   0: 3 0x80007426 (0x0098d113) x2  0x00400000
core   0: 0x8000742a (0x00008c49) c.or    s0, a0
core   0: 3 0x8000742a (0x8c49) x8  0x00000000
core   0: 0x8000742c (0x000088d5) c.andi  s1, 21
core   0: 3 0x8000742c (0x88d5) x9  0x00000000
core   0: 0x8000742e (0x00008db1) c.xor   a1, a2
core   0: 3 0x8000742e (0x8db1) x11 0x00496221
core   0: 0x80007430 (0x00008889) c.andi  s1, 2
core   0: 3 0x80007430 (0x8889) x9  0x00000000
core   0: 0x80007432 (0x00006135) c.addi16sp sp, 352
core   0: 3 0x80007432 (0x6135) x2  0x00400160
core   0: 0x80007434 (0x00002817) auipc   a6, 0x2
core   0: 3 0x80007434 (0x00002817) x16 0x80009434
core   0: 0x80007438 (0x1da80813) addi    a6, a6, 474
core   0: 3 0x80007438 (0x1da80813) x16 0x8000960e
core   0: 0x8000743c (0x00008b12) c.mv    s6, tp
core   0: 3 0x8000743c (0x8b12) x22 0x19a4e000
core   0: 0x8000743e (0x00004e25) c.li    t3, 9
core   0: 3 0x8000743e (0x4e25) x28 0x00000009
core   0: 0x80007440 (0x000a55b3) srl     a1, s4, zero
core   0: 3 0x80007440 (0x000a55b3) x11 0x00000001
core   0: 0x80007444 (0x4189dc13) srai    s8, s3, 24
core   0: 3 0x80007444 (0x4189dc13) x24 0xffffff80
core   0: 0x80007448 (0x33b80813) addi    a6, a6, 827
core   0: 3 0x80007448 (0x33b80813) x16 0x80009949
core   0: 0x8000744c (0x41ca5393) srai    t2, s4, 28
core   0: 3 0x8000744c (0x41ca5393) x7  0x00000000
core   0: 0x80007450 (0xb86af717) auipc   a4, 0xb86af
core   0: 3 0x80007450 (0xb86af717) x14 0x386b6450
core   0: 0x80007454 (0x00006db1) c.lui   s11, 0xc
core   0: 3 0x80007454 (0x6db1) x27 0x0000c000
core   0: 0x80007456 (0x01ed7b33) and     s6, s10, t5
core   0: 3 0x80007456 (0x01ed7b33) x22 0x00000004
core   0: 0x8000745a (0xcc5800e7) jalr    ra, a6, -827
core   0: 3 0x8000745a (0xcc5800e7) x1  0x8000745e
core   0: 0x8000960e (0x0000717d) c.addi16sp sp, -16
core   0: 3 0x8000960e (0x717d) x2  0x00400150
core   0: 0x80009610 (0x00001e91) c.addi  t4, -28
core   0: 3 0x80009610 (0x1e91) x29 0x80025e24
core   0: 0x80009612 (0x0230d1b3) divu    gp, ra, gp
core   0: 3 0x80009612 (0x0230d1b3) x3  0xffffffff
core   0: 0x80009616 (0x001ea223) sw      ra, 4(t4)
core   0: 3 0x80009616 (0x001ea223) mem 0x80025e28 0x8000745e
core   0: 0x8000961a (0x00008fe9) c.and   a5, a0
core   0: 3 0x8000961a (0x8fe9) x15 0x00000000
core   0: 0x8000961c (0x41e78633) sub     a2, a5, t5
core   0: 3 0x8000961c (0x41e78633) x12 0x7ffd62dc
core   0: 0x80009620 (0x000067fd) c.lui   a5, 0x1f
core   0: 3 0x80009620 (0x67fd) x15 0x0001f000
core   0: 0x80009622 (0x02411b63) bne     sp, tp, pc + 54
core   0: 3 0x80009622 (0x02411b63)
core   0: 0x80009658 (0x0000e901) c.bnez  a0, pc + 16
core   0: 3 0x80009658 (0xe901)
core   0: 0x8000965a (0x03c3f833) remu    a6, t2, t3
core   0: 3 0x8000965a (0x03c3f833) x16 0x00000000
core   0: 0x8000965e (0x03780733) mul     a4, a6, s7
core   0: 3 0x8000965e (0x03780733) x14 0x00000000
core   0: 0x80009662 (0x00def363) bgeu    t4, a3, pc + 6
core   0: 3 0x80009662 (0x00def363)
core   0: 0x80009668 (0x004a0cb3) add     s9, s4, tp
core   0: 3 0x80009668 (0x004a0cb3) x25 0x19a4e001
core   0: 0x8000966c (0x0000031c) c.addi4spn a5, sp, 384
core   0: 3 0x8000966c (0x031c) x15 0x004002d0
core   0: 0x8000966e (0x000087e6) c.mv    a5, s9
core   0: 3 0x8000966e (0x87e6) x15 0x19a4e001
core   0: 0x80009670 (0x0285c6b3) div     a3, a1, s0
core   0: 3 0x80009670 (0x0285c6b3) x13 0xffffffff
core   0: 0x80009674 (0x004ea083) lw      ra, 4(t4)
core   0: 3 0x80009674 (0x004ea083) x1  0x8000745e mem 0x80025e28
core   0: 0x80009678 (0x00000ef1) c.addi  t4, 28
core   0: 3 0x80009678 (0x0ef1) x29 0x80025e40
core   0: 0x8000967a (0x000005b6) c.slli  a1, 13
core   0: 3 0x8000967a (0x05b6) x11 0x00002000
core   0: 0x8000967c (0x00108d93) addi    s11, ra, 1
core   0: 3 0x8000967c (0x00108d93) x27 0x8000745f
core   0: 0x80009680 (0x000d8de7) jalr    s11, s11, 0
core   0: 3 0x80009680 (0x000d8de7) x27 0x80009684
core   0: 0x8000745e (0x03ee06b3) mul     a3, t3, t5
core   0: 3 0x8000745e (0x03ee06b3) x13 0x80178644
core   0: 0x80007462 (0x27640e13) addi    t3, s0, 630
core   0: 3 0x80007462 (0x27640e13) x28 0x00000276
core   0: 0x80007466 (0x0197d3b3) srl     t2, a5, s9
core   0: 3 0x80007466 (0x0197d3b3) x7  0x0cd27000
core   0: 0x8000746a (0x030a88b3) mul     a7, s5, a6
core   0: 3 0x8000746a (0x030a88b3) x17 0x00000000
core   0: 0x8000746e (0x016f8963) beq     t6, s6, pc + 18
core   0: 3 0x8000746e (0x016f8963)
core   0: 0x80007472 (0x00004799) c.li    a5, 6
core   0: 3 0x80007472 (0x4799) x15 0x00000006
core   0: 0x80007474 (0x00008fb2) c.mv    t6, a2
core   0: 3 0x80007474 (0x8fb2) x31 0x7ffd62dc
core   0: 0x80007476 (0x00008e95) c.sub   a3, a3
core   0: 3 0x80007476 (0x8e95) x13 0x00000000
core   0: 0x80007478 (0x03f81d63) bne     a6, t6, pc + 58
core   0: 3 0x80007478 (0x03f81d63)
core   0: 0x800074b2 (0x026d3133) mulhu   sp, s10, t1
core   0: 3 0x800074b2 (0x026d3133) x2  0x00000000
core   0: 0x800074b6 (0x031291b3) mulh    gp, t0, a7
core   0: 3 0x800074b6 (0x031291b3) x3  0x00000000
core   0: 0x800074ba (0x018640b3) xor     ra, a2, s8
core   0: 3 0x800074ba (0x018640b3) x1  0x80029d5c
core   0: 0x800074be (0x00989033) sll     zero, a7, s1
core   0: 3 0x800074be (0x00989033)
core   0: 0x800074c2 (0x43a66c13) ori     s8, a2, 1082
core   0: 3 0x800074c2 (0x43a66c13) x24 0x7ffd66fe
core   0: 0x800074c6 (0x00b94c33) xor     s8, s2, a1
core   0: 3 0x800074c6 (0x00b94c33) x24 0x004942fb
core   0: 0x800074ca (0x48d50d13) addi    s10, a0, 1165
core   0: 3 0x800074ca (0x48d50d13) x26 0x0000048d
core   0: 0x800074ce (0x02a5bd33) mulhu   s10, a1, a0
core   0: 3 0x800074ce (0x02a5bd33) x26 0x00000000
core   0: 0x800074d2 (0x41cc57b3) sra     a5, s8, t3
core   0: 3 0x800074d2 (0x41cc57b3) x15 0x00000001
core   0: 0x800074d6 (0x00009f86) c.add   t6, ra
core   0: 3 0x800074d6 (0x9f86) x31 0x00000038
core   0: 0x800074d8 (0x0000717d) c.addi16sp sp, -16
core   0: 3 0x800074d8 (0x717d) x2  0xfffffff0
core   0: 0x800074da (0xae8ca993) slti    s3, s9, -1304
core   0: 3 0x800074da (0xae8ca993) x19 0x00000000
core   0: 0x800074de (0x01d92133) slt     sp, s2, t4
core   0: 3 0x800074de (0x01d92133) x2  0x00000000
core   0: 0x800074e2 (0x9c9ff493) andi    s1, t6, -1591
core   0: 3 0x800074e2 (0x9c9ff493) x9  0x00000008
core   0: 0x800074e6 (0x000061e1) c.lui   gp, 0x18
core   0: 3 0x800074e6 (0x61e1) x3  0x00018000
core   0: 0x800074e8 (0x004ea083) lw      ra, 4(t4)
core   0: 3 0x800074e8 (0x004ea083) x1  0x800067d4 mem 0x80025e44
core   0: 0x800074ec (0x41168233) sub     tp, a3, a7
core   0: 3 0x800074ec (0x41168233) x4  0x00000000
core   0: 0x800074f0 (0x00000001) c.nop
core   0: 3 0x800074f0 (0x0001)
core   0: 0x800074f2 (0x034e8e93) addi    t4, t4, 52
core   0: 3 0x800074f2 (0x034e8e93) x29 0x80025e74
core   0: 0x800074f6 (0x6fcf1fb7) lui     t6, 0x6fcf1
core   0: 3 0x800074f6 (0x6fcf1fb7) x31 0x6fcf1000
core   0: 0x800074fa (0x00008de9) c.and   a1, a0
core   0: 3 0x800074fa (0x8de9) x11 0x00000000
core   0: 0x800074fc (0x00d0ec33) or      s8, ra, a3
core   0: 3 0x800074fc (0x00d0ec33) x24 0x800067d4
core   0: 0x80007500 (0x4363b593) sltiu   a1, t2, 1078
core   0: 3 0x80007500 (0x4363b593) x11 0x00000000
core   0: 0x80007504 (0x00108593) addi    a1, ra, 1
core   0: 3 0x80007504 (0x00108593) x11 0x800067d5
core   0: 0x80007508 (0x00009582) c.jalr  a1
core   0: 3 0x80007508 (0x9582) x1  0x8000750a
core   0: 0x800067d4 (0x00000390) c.addi4spn a2, sp, 448
core   0: 3 0x800067d4 (0x0390) x12 0x000001c0
core   0: 0x800067d6 (0xc8e2e313) ori     t1, t0, -882
core   0: 3 0x800067d6 (0xc8e2e313) x6  0xfffffc8f
core   0: 0x800067da (0xef75f393) andi    t2, a1, -265
core   0: 3 0x800067da (0xef75f393) x7  0x800066d5
core   0: 0x800067de (0x01f4e4b3) or      s1, s1, t6
core   0: 3 0x800067de (0x01f4e4b3) x9  0x6fcf1008
core   0: 0x800067e2 (0x01abbb33) sltu    s6, s7, s10
core   0: 3 0x800067e2 (0x01abbb33) x22 0x00000000
core   0: 0x800067e6 (0x000063b5) c.lui   t2, 0xd
core   0: 3 0x800067e6 (0x63b5) x7  0x0000d000
core   0: 0x800067e8 (0x034d8d63) beq     s11, s4, pc + 58
core   0: 3 0x800067e8 (0x034d8d63)
core   0: 0x800067ec (0x00008db1) c.xor   a1, a2
core   0: 3 0x800067ec (0x8db1) x11 0x80006615
core   0: 0x800067ee (0x00000001) c.nop
core   0: 3 0x800067ee (0x0001)
core   0: 0x800067f0 (0x027d7db3) remu    s11, s10, t2
core   0: 3 0x800067f0 (0x027d7db3) x27 0x00000000
core   0: 0x800067f4 (0x02caba33) mulhu   s4, s5, a2
core   0: 3 0x800067f4 (0x02caba33) x20 0x00000000
core   0: 0x800067f8 (0x0000e905) c.bnez  a0, pc + 48
core   0: 3 0x800067f8 (0xe905)
core   0: 0x800067fa (0x01e79d93) slli    s11, a5, 30
core   0: 3 0x800067fa (0x01e79d93) x27 0x40000000
core   0: 0x800067fe (0x01d8df93) srli    t6, a7, 29
core   0: 3 0x800067fe (0x01d8df93) x31 0x00000000
core   0: 0x80006802 (0x00ed6333) or      t1, s10, a4
core   0: 3 0x80006802 (0x00ed6333) x6  0x00000000
core   0: 0x80006806 (0x04746163) bltu    s0, t2, pc + 66
core   0: 3 0x80006806 (0x04746163)
core   0: 0x80006848 (0x02774433) div     s0, a4, t2
core   0: 3 0x80006848 (0x02774433) x8  0x00000000
core   0: 0x8000684c (0x0000c51d) c.beqz  a0, pc + 46
core   0: 3 0x8000684c (0xc51d)
core   0: 0x8000687a (0x032e8d33) mul     s10, t4, s2
core   0: 3 0x8000687a (0x032e8d33) x26 0x598f03bc
core   0: 0x8000687e (0x1dbdb813) sltiu   a6, s11, 475
core   0: 3 0x8000687e (0x1dbdb813) x16 0x00000000
core   0: 0x80006882 (0x0391fd33) remu    s10, gp, s9
core   0: 3 0x80006882 (0x0391fd33) x26 0x00018000
core   0: 0x80006886 (0x02861233) mulh    tp, a2, s0
core   0: 3 0x80006886 (0x02861233) x4  0x00000000
core   0: 0x8000688a (0x00008f89) c.sub   a5, a0
core   0: 3 0x8000688a (0x8f89) x15 0x00000001
core   0: 0x8000688c (0x03cbae33) mulhsu  t3, s7, t3
core   0: 3 0x8000688c (0x03cbae33) x28 0x00000000
core   0: 0x80006890 (0x011ee563) bltu    t4, a7, pc + 10
core   0: 3 0x80006890 (0x011ee563)
core   0: 0x80006894 (0x01e74e33) xor     t3, a4, t5
core   0: 3 0x80006894 (0x01e74e33) x28 0x80029d24
core   0: 0x80006898 (0x00000001) c.nop
core   0: 3 0x80006898 (0x0001)
core   0: 0x8000689a (0x00009b72) c.add   s6, t3
core   0: 3 0x8000689a (0x9b72) x22 0x80029d24
core   0: 0x8000689c (0x00008c4d) c.or    s0, a1
core   0: 3 0x8000689c (0x8c4d) x8  0x80006615
core   0: 0x8000689e (0x004ea083) lw      ra, 4(t4)
core   0: 3 0x8000689e (0x004ea083) x1  0x80009a5c mem 0x80025e78
core   0: 0x800068a2 (0x00000ef1) c.addi  t4, 28
core   0: 3 0x800068a2 (0x0ef1) x29 0x80025e90
core   0: 0x800068a4 (0x011ed533) srl     a0, t4, a7
core   0: 3 0x800068a4 (0x011ed533) x10 0x80025e90
core   0: 0x800068a8 (0x00725113) srli    sp, tp, 7
core   0: 3 0x800068a8 (0x00725113) x2  0x00000000
core   0: 0x800068ac (0x0375a4b3) mulhsu  s1, a1, s7
core   0: 3 0x800068ac (0x0375a4b3) x9  0xffff4800
core   0: 0x800068b0 (0x00008113) mv      sp, ra
core   0: 3 0x800068b0 (0x00008113) x2  0x80009a5c
core   0: 0x800068b4 (0x00008102) c.jr    sp
core   0: 3 0x800068b4 (0x8102)
core   0: 0x80009a5c (0x00006d05) c.lui   s10, 0x1
core   0: 3 0x80009a5c (0x6d05) x26 0x00001000
core   0: 0x80009a5e (0x02056d63) bltu    a0, zero, pc + 58
core   0: 3 0x80009a5e (0x02056d63)
core   0: 0x80009a62 (0x00008b99) c.andi  a5, 6
core   0: 3 0x80009a62 (0x8b99) x15 0x00000000
core   0: 0x80009a64 (0x00006a69) c.lui   s4, 0x1a
core   0: 3 0x80009a64 (0x6a69) x20 0x0001a000
core   0: 0x80009a66 (0x00d0c463) blt     ra, a3, pc + 8
core   0: 3 0x80009a66 (0x00d0c463)
core   0: 0x80009a6e (0x034adc33) divu    s8, s5, s4
core   0: 3 0x80009a6e (0x034adc33) x24 0x00000000
core   0: 0x80009a72 (0xdf036b93) ori     s7, t1, -528
core   0: 3 0x80009a72 (0xdf036b93) x23 0xfffffdf0
core   0: 0x80009a76 (0x00000090) c.addi4spn a2, sp, 64
core   0: 3 0x80009a76 (0x0090) x12 0x80009a9c
core   0: 0x80009a78 (0x034aa133) mulhsu  sp, s5, s4
core   0: 3 0x80009a78 (0x034aa133) x2  0x00000000
core   0: 0x80009a7c (0x00008685) c.srai  a3, 1
core   0: 3 0x80009a7c (0x8685) x13 0x00000000
core   0: 0x80009a7e (0x000098fd) c.andi  s1, -1
core   0: 3 0x80009a7e (0x98fd) x9  0xffff4800
core   0: 0x80009a80 (0x40f40db3) sub     s11, s0, a5
core   0: 3 0x80009a80 (0x40f40db3) x27 0x80006615
core   0: 0x80009a84 (0x4ab5b613) sltiu   a2, a1, 1195
core   0: 3 0x80009a84 (0x4ab5b613) x12 0x00000000
core   0: 0x80009a88 (0x0000517d) c.li    sp, -1
core   0: 3 0x80009a88 (0x517d) x2  0xffffffff
core   0: 0x80009a8a (0x00008b56) c.mv    s6, s5
core   0: 3 0x80009a8a (0x8b56) x22 0x00000008
core   0: 0x80009a8c (0x000099fd) c.andi  a1, -1
core   0: 3 0x80009a8c (0x99fd) x11 0x80006615
core   0: 0x80009a8e (0x014dce33) xor     t3, s11, s4
core   0: 3 0x80009a8e (0x014dce33) x28 0x8001c615
core   0: 0x80009a92 (0x02137833) remu    a6, t1, ra
core   0: 3 0x80009a92 (0x02137833) x16 0x00000000
core   0: 0x80009a96 (0x0000008d) c.addi  ra, 3
core   0: 3 0x80009a96 (0x008d) x1  0x80009a5f
core   0: 0x80009a98 (0x0000e389) c.bnez  a5, pc + 2
core   0: 3 0x80009a98 (0xe389)
core   0: 0x80009a9a (0x05f01363) bne     zero, t6, pc + 70
core   0: 3 0x80009a9a (0x05f01363)
core   0: 0x80009a9e (0x05b8c163) blt     a7, s11, pc + 66
core   0: 3 0x80009a9e (0x05b8c163)
core   0: 0x80009aa2 (0x01915fb3) srl     t6, sp, s9
core   0: 3 0x80009aa2 (0x01915fb3) x31 0x7fffffff
core   0: 0x80009aa6 (0x00006121) c.addi16sp sp, 64
core   0: 3 0x80009aa6 (0x6121) x2  0x0000003f
core   0: 0x80009aa8 (0x000007b2) c.slli  a5, 12
core   0: 3 0x80009aa8 (0x07b2) x15 0x00000000
core   0: 0x80009aaa (0x00000001) c.nop
core   0: 3 0x80009aaa (0x0001)
core   0: 0x80009aac (0x01750763) beq     a0, s7, pc + 14
core   0: 3 0x80009aac (0x01750763)
core   0: 0x80009ab0 (0x030e2733) mulhsu  a4, t3, a6
core   0: 3 0x80009ab0 (0x030e2733) x14 0x00000000
core   0: 0x80009ab4 (0x00000332) c.slli  t1, 12
core   0: 3 0x80009ab4 (0x0332) x6  0x00000000
core   0: 0x80009ab6 (0x0bdbee13) ori     t3, s7, 189
core   0: 3 0x80009ab6 (0x0bdbee13) x28 0xfffffdfd
core   0: 0x80009aba (0x04adf063) bgeu    s11, a0, pc + 64
core   0: 3 0x80009aba (0x04adf063)
core   0: 0x80009abe (0x009d5133) srl     sp, s10, s1
core   0: 3 0x80009abe (0x009d5133) x2  0x00001000
core   0: 0x80009ac2 (0x00b537b3) sltu    a5, a0, a1
core   0: 3 0x80009ac2 (0x00b537b3) x15 0x00000000
core   0: 0x80009ac6 (0x0000078c) c.addi4spn a1, sp, 960
core   0: 3 0x80009ac6 (0x078c) x11 0x000013c0
core   0: 0x80009ac8 (0xfe747293) andi    t0, s0, -25
core   0: 3 0x80009ac8 (0xfe747293) x5  0x80006605
core   0: 0x80009acc (0xc462e813) ori     a6, t0, -954
core   0: 3 0x80009acc (0xc462e813) x16 0xfffffe47
core   0: 0x80009ad0 (0x41e2d893) srai    a7, t0, 30
core   0: 3 0x80009ad0 (0x41e2d893) x17 0xfffffffe
core   0: 0x80009ad4 (0x01d69f93) slli    t6, a3, 29
core   0: 3 0x80009ad4 (0x01d69f93) x31 0x00000000
core   0: 0x80009ad8 (0x00c7e333) or      t1, a5, a2
core   0: 3 0x80009ad8 (0x00c7e333) x6  0x00000000
core   0: 0x80009adc (0x012ad763) bge     s5, s2, pc + 14
core   0: 3 0x80009adc (0x012ad763)
core   0: 0x80009ae0 (0x00000b92) c.slli  s7, 4
core   0: 3 0x80009ae0 (0x0b92) x23 0xffffdf00
core   0: 0x80009ae2 (0x02b3b233) mulhu   tp, t2, a1
core   0: 3 0x80009ae2 (0x02b3b233) x4  0x00000000
core   0: 0x80009ae6 (0x01bc14b3) sll     s1, s8, s11
core   0: 3 0x80009ae6 (0x01bc14b3) x9  0x00000000
core   0: 0x80009aea (0x2df2a413) slti    s0, t0, 735
core   0: 3 0x80009aea (0x2df2a413) x8  0x00000001
core   0: 0x80009aee (0x807b3613) sltiu   a2, s6, -2041
core   0: 3 0x80009aee (0x807b3613) x12 0x00000001
core   0: 0x80009af2 (0x00008746) c.mv    a4, a7
core   0: 3 0x80009af2 (0x8746) x14 0xfffffffe
core   0: 0x80009af4 (0x000084dd) c.srai  s1, 23
core   0: 3 0x80009af4 (0x84dd) x9  0x00000000
core   0: 0x80009af6 (0x402986b3) sub     a3, s3, sp
core   0: 3 0x80009af6 (0x402986b3) x13 0xfffff000
core   0: 0x80009afa (0x0171c763) blt     gp, s7, pc + 14
core   0: 3 0x80009afa (0x0171c763)
core   0: 0x80009afe (0x40a5d833) sra     a6, a1, a0
core   0: 3 0x80009afe (0x40a5d833) x16 0x00000000
core   0: 0x80009b02 (0x03f76563) bltu    a4, t6, pc + 42
core   0: 3 0x80009b02 (0x03f76563)
core   0: 0x80009b06 (0x00008dc5) c.or    a1, s1
core   0: 3 0x80009b06 (0x8dc5) x11 0x000013c0
core   0: 0x80009b08 (0x013715b3) sll     a1, a4, s3
core   0: 3 0x80009b08 (0x013715b3) x11 0xfffffffe
core   0: 0x80009b0c (0x00001684) c.addi4spn s1, sp, 864
core   0: 3 0x80009b0c (0x1684) x9  0x00001360
core   0: 0x80009b0e (0x0399cb33) div     s6, s3, s9
core   0: 3 0x80009b0e (0x0399cb33) x22 0x00000000
core   0: 0x80009b12 (0x000090ca) c.add   ra, s2
core   0: 3 0x80009b12 (0x90ca) x1  0x8049fd5a
core   0: 0x80009b14 (0xfb5fa493) slti    s1, t6, -75
core   0: 3 0x80009b14 (0xfb5fa493) x9  0x00000000
core   0: 0x80009b18 (0x000083ee) c.mv    t2, s11
core   0: 3 0x80009b18 (0x83ee) x7  0x80006615
core   0: 0x80009b1a (0x0000717d) c.addi16sp sp, -16
core   0: 3 0x80009b1a (0x717d) x2  0x00000ff0
core   0: 0x80009b1c (0x716c8b93) addi    s7, s9, 1814
core   0: 3 0x80009b1c (0x716c8b93) x23 0x19a4e717
core   0: 0x80009b20 (0x01d442b3) xor     t0, s0, t4
core   0: 3 0x80009b20 (0x01d442b3) x5  0x80025e91
core   0: 0x80009b24 (0x01454533) xor     a0, a0, s4
core   0: 3 0x80009b24 (0x01454533) x10 0x8003fe90
core   0: 0x80009b28 (0x41b7db33) sra     s6, a5, s11
core   0: 3 0x80009b28 (0x41b7db33) x22 0x00000000
core   0: 0x80009b2c (0x0000412d) c.li    sp, 11
core   0: 3 0x80009b2c (0x412d) x2  0x0000000b
core   0: 0x80009b2e (0x03d68c33) mul     s8, a3, t4
core   0: 3 0x80009b2e (0x03d68c33) x24 0xda170000
core   0: 0x80009b32 (0x00006105) c.addi16sp sp, 32
core   0: 3 0x80009b32 (0x6105) x2  0x0000002b
core   0: 0x80009b34 (0x4f0ecb97) auipc   s7, 0x4f0ec
core   0: 3 0x80009b34 (0x4f0ecb97) x23 0xcf0f5b34
core   0: 0x80009b38 (0x02bf72b3) remu    t0, t5, a1
core   0: 3 0x80009b38 (0x02bf72b3) x5  0x80029d24
core   0: 0x80009b3c (0x008e5933) srl     s2, t3, s0
core   0: 3 0x80009b3c (0x008e5933) x18 0x7ffffefe
core   0: 0x80009b40 (0x01561193) slli    gp, a2, 21
core   0: 3 0x80009b40 (0x01561193) x3  0x00200000
core   0: 0x80009b44 (0x03528833) mul     a6, t0, s5
core   0: 3 0x80009b44 (0x03528833) x16 0x0014e920
core   0: 0x80009b48 (0xcdc84b93) xori    s7, a6, -804
core   0: 3 0x80009b48 (0xcdc84b93) x23 0xffeb15fc
core   0: 0x80009b4c (0x00005be9) c.li    s7, -6
core   0: 3 0x80009b4c (0x5be9) x23 0xfffffffa
core   0: 0x80009b4e (0x00004389) c.li    t2, 2
core   0: 3 0x80009b4e (0x4389) x7  0x00000002
core   0: 0x80009b50 (0x02016d33) rem     s10, sp, zero
core   0: 3 0x80009b50 (0x02016d33) x26 0x0000002b
core   0: 0x80009b54 (0x00000b85) c.addi  s7, 1
core   0: 3 0x80009b54 (0x0b85) x23 0xfffffffb
core   0: 0x80009b56 (0x00004621) c.li    a2, 8
core   0: 3 0x80009b56 (0x4621) x12 0x00000008
core   0: 0x80009b58 (0x009a06b3) add     a3, s4, s1
core   0: 3 0x80009b58 (0x009a06b3) x13 0x0001a000
core   0: 0x80009b5c (0x0000421d) c.li    tp, 7
core   0: 3 0x80009b5c (0x421d) x4  0x00000007
core   0: 0x80009b5e (0xc21d51b7) lui     gp, 0xc21d5
core   0: 3 0x80009b5e (0xc21d51b7) x3  0xc21d5000
core   0: 0x80009b62 (0x002db9b3) sltu    s3, s11, sp
core   0: 3 0x80009b62 (0x002db9b3) x19 0x00000000
core   0: 0x80009b66 (0x00001671) c.addi  a2, -4
core   0: 3 0x80009b66 (0x1671) x12 0x00000004
core   0: 0x80009b68 (0xfe467de3) bgeu    a2, tp, pc - 6
core   0: 3 0x80009b68 (0xfe467de3)
core   0: 0x80009b6c (0xfe7b82e3) beq     s7, t2, pc - 28
core   0: 3 0x80009b6c (0xfe7b82e3)
core   0: 0x80009b70 (0x00000faa) c.slli  t6, 10
core   0: 3 0x80009b70 (0x0faa) x31 0x00000000
core   0: 0x80009b72 (0x01a67563) bgeu    a2, s10, pc + 10
core   0: 3 0x80009b72 (0x01a67563)
core   0: 0x80009b76 (0x00000001) c.nop
core   0: 3 0x80009b76 (0x0001)
core   0: 0x80009b78 (0x0000717d) c.addi16sp sp, -16
core   0: 3 0x80009b78 (0x717d) x2  0x0000001b
core   0: 0x80009b7a (0x0000171c) c.addi4spn a5, sp, 928
core   0: 3 0x80009b7a (0x171c) x15 0x000003bb
core   0: 0x80009b7c (0x03939bb3) mulh    s7, t2, s9
core   0: 3 0x80009b7c (0x03939bb3) x23 0x00000000
core   0: 0x80009b80 (0x000043e5) c.li    t2, 25
core   0: 3 0x80009b80 (0x43e5) x7  0x00000019
core   0: 0x80009b82 (0x0004e7b3) or      a5, s1, zero
core   0: 3 0x80009b82 (0x0004e7b3) x15 0x00000000
core   0: 0x80009b86 (0x0000e305) c.bnez  a4, pc + 32
core   0: 3 0x80009b86 (0xe305)
core   0: 0x80009ba6 (0x013c84b3) add     s1, s9, s3
core   0: 3 0x80009ba6 (0x013c84b3) x9  0x19a4e001
core   0: 0x80009baa (0xcee73b13) sltiu   s6, a4, -786
core   0: 3 0x80009baa (0xcee73b13) x22 0x00000000
core   0: 0x80009bae (0x00000001) c.nop
core   0: 3 0x80009bae (0x0001)
core   0: 0x80009bb0 (0x0000ce91) c.beqz  a3, pc + 28
core   0: 3 0x80009bb0 (0xce91)
core   0: 0x80009bb2 (0x01076d33) or      s10, a4, a6
core   0: 3 0x80009bb2 (0x01076d33) x26 0xfffffffe
core   0: 0x80009bb6 (0x01b639b3) sltu    s3, a2, s11
core   0: 3 0x80009bb6 (0x01b639b3) x19 0x00000001
core   0: 0x80009bba (0x00b825b3) slt     a1, a6, a1
core   0: 3 0x80009bba (0x00b825b3) x11 0x00000000
core   0: 0x80009bbe (0x0497b113) sltiu   sp, a5, 73
core   0: 3 0x80009bbe (0x0497b113) x2  0x00000001
core   0: 0x80009bc2 (0x037ac1b3) div     gp, s5, s7
core   0: 3 0x80009bc2 (0x037ac1b3) x3  0xffffffff
core   0: 0x80009bc6 (0x014ee4b3) or      s1, t4, s4
core   0: 3 0x80009bc6 (0x014ee4b3) x9  0x8003fe90
core   0: 0x80009bca (0x0000e019) c.bnez  s0, pc + 6
core   0: 3 0x80009bca (0xe019)
core   0: 0x80009bd0 (0x00ba4433) xor     s0, s4, a1
core   0: 3 0x80009bd0 (0x00ba4433) x8  0x0001a000
core   0: 0x80009bd4 (0x000087cd) c.srai  a5, 19
core   0: 3 0x80009bd4 (0x87cd) x15 0x00000000
core   0: 0x80009bd6 (0x4632ec93) ori     s9, t0, 1123
core   0: 3 0x80009bd6 (0x4632ec93) x25 0x80029d67
core   0: 0x80009bda (0x0000717d) c.addi16sp sp, -16
core   0: 3 0x80009bda (0x717d) x2  0xfffffff1
core   0: 0x80009bdc (0x000048a1) c.li    a7, 8
core   0: 3 0x80009bdc (0x48a1) x17 0x00000008
core   0: 0x80009bde (0x02787363) bgeu    a6, t2, pc + 38
core   0: 3 0x80009bde (0x02787363)
core   0: 0x80009c04 (0x034b6933) rem     s2, s6, s4
core   0: 3 0x80009c04 (0x034b6933) x18 0x00000000
core   0: 0x80009c08 (0x01709c13) slli    s8, ra, 23
core   0: 3 0x80009c08 (0x01709c13) x24 0xad000000
core   0: 0x80009c0c (0x00000001) c.nop
core   0: 3 0x80009c0c (0x0001)
core   0: 0x80009c0e (0x000084e5) c.srai  s1, 25
core   0: 3 0x80009c0e (0x84e5) x9  0xffffffc0
core   0: 0x80009c10 (0x00006a2d) c.lui   s4, 0xb
core   0: 3 0x80009c10 (0x6a2d) x20 0x0000b000
core   0: 0x80009c12 (0x000085ae) c.mv    a1, a1
core   0: 3 0x80009c12 (0x85ae) x11 0x00000000
core   0: 0x80009c14 (0x504f7713) andi    a4, t5, 1284
core   0: 3 0x80009c14 (0x504f7713) x14 0x00000504
core   0: 0x80009c18 (0x0239c763) blt     s3, gp, pc + 46
core   0: 3 0x80009c18 (0x0239c763)
core   0: 0x80009c1c (0x036c1233) mulh    tp, s8, s6
core   0: 3 0x80009c1c (0x036c1233) x4  0x00000000
core   0: 0x80009c20 (0x00009a72) c.add   s4, t3
core   0: 3 0x80009c20 (0x9a72) x20 0x0000adfd
core   0: 0x80009c22 (0x00ea2433) slt     s0, s4, a4
core   0: 3 0x80009c22 (0x00ea2433) x8  0x00000000
core   0: 0x80009c26 (0x00006115) c.addi16sp sp, 288
core   0: 3 0x80009c26 (0x6115) x2  0x00000111
core   0: 0x80009c28 (0x00008b71) c.andi  a4, 28
core   0: 3 0x80009c28 (0x8b71) x14 0x00000004
core   0: 0x80009c2a (0x024b4897) auipc   a7, 0x24b4
core   0: 3 0x80009c2a (0x024b4897) x17 0x824bdc2a
core   0: 0x80009c2e (0x020c5663) bgez    s8, pc + 44
core   0: 3 0x80009c2e (0x020c5663)
core   0: 0x80009c32 (0x056afc13) andi    s8, s5, 86
core   0: 3 0x80009c32 (0x056afc13) x24 0x00000000
core   0: 0x80009c36 (0x00c2e8b3) or      a7, t0, a2
core   0: 3 0x80009c36 (0x00c2e8b3) x17 0x80029d24
core   0: 0x80009c3a (0x00787bb3) and     s7, a6, t2
core   0: 3 0x80009c3a (0x00787bb3) x23 0x00000000
core   0: 0x80009c3e (0x41455333) sra     t1, a0, s4
core   0: 3 0x80009c3e (0x41455333) x6  0xfffffffc
core   0: 0x80009c42 (0x000068cd) c.lui   a7, 0x13
core   0: 3 0x80009c42 (0x68cd) x17 0x00013000
core   0: 0x80009c44 (0x00000001) c.nop
core   0: 3 0x80009c44 (0x0001)
core   0: 0x80009c46 (0x00008d85) c.sub   a1, s1
core   0: 3 0x80009c46 (0x8d85) x11 0x00000040
core   0: 0x80009c48 (0x00000001) c.nop
core   0: 3 0x80009c48 (0x0001)
core   0: 0x80009c4a (0xb564a313) slti    t1, s1, -1194
core   0: 3 0x80009c4a (0xb564a313) x6  0x00000000
core   0: 0x80009c4e (0xf7f74313) xori    t1, a4, -129
core   0: 3 0x80009c4e (0xf7f74313) x6  0xffffff7b
core   0: 0x80009c52 (0xd2357393) andi    t2, a0, -733
core   0: 3 0x80009c52 (0xd2357393) x7  0x8003fc00
core   0: 0x80009c56 (0x00000001) c.nop
core   0: 3 0x80009c56 (0x0001)
core   0: 0x80009c58 (0x00008371) c.srli  a4, 28
core   0: 3 0x80009c58 (0x8371) x14 0x00000000
core   0: 0x80009c5a (0x0000e781) c.bnez  a5, pc + 8
core   0: 3 0x80009c5a (0xe781)
core   0: 0x80009c5c (0x009936b3) sltu    a3, s2, s1
core   0: 3 0x80009c5c (0x009936b3) x13 0x00000001
core   0: 0x80009c60 (0x00000001) c.nop
core   0: 3 0x80009c60 (0x0001)
core   0: 0x80009c62 (0x00008d6d) c.and   a0, a1
core   0: 3 0x80009c62 (0x8d6d) x10 0x00000000
core   0: 0x80009c64 (0x0095f533) and     a0, a1, s1
core   0: 3 0x80009c64 (0x0095f533) x10 0x00000040
core   0: 0x80009c68 (0x00dc1263) bne     s8, a3, pc + 4
core   0: 3 0x80009c68 (0x00dc1263)
core   0: 0x80009c6c (0x021d33b3) mulhu   t2, s10, ra
core   0: 3 0x80009c6c (0x021d33b3) x7  0x8049fd58
core   0: 0x80009c70 (0x0005ba33) sltu    s4, a1, zero
core   0: 3 0x80009c70 (0x0005ba33) x20 0x00000000
core   0: 0x80009c74 (0x411c8e33) sub     t3, s9, a7
core   0: 3 0x80009c74 (0x411c8e33) x28 0x80016d67
core   0: 0x80009c78 (0x00000001) c.nop
core   0: 3 0x80009c78 (0x0001)
core   0: 0x80009c7a (0x00008fdd) c.or    a5, a5
core   0: 3 0x80009c7a (0x8fdd) x15 0x00000000
core   0: 0x80009c7c (0x00008e9d) c.sub   a3, a5
core   0: 3 0x80009c7c (0x8e9d) x13 0x00000001
core   0: 0x80009c7e (0x00008559) c.srai  a0, 22
core   0: 3 0x80009c7e (0x8559) x10 0x00000000
core   0: 0x80009c80 (0x0000ef89) c.bnez  a5, pc + 26
core   0: 3 0x80009c80 (0xef89)
core   0: 0x80009c82 (0x00987633) and     a2, a6, s1
core   0: 3 0x80009c82 (0x00987633) x12 0x0014e900
core   0: 0x80009c86 (0x00f91663) bne     s2, a5, pc + 12
core   0: 3 0x80009c86 (0x00f91663)
core   0: 0x80009c8a (0x030754b3) divu    s1, a4, a6
core   0: 3 0x80009c8a (0x030754b3) x9  0x00000000
core   0: 0x80009c8e (0x000059fd) c.li    s3, -1
core   0: 3 0x80009c8e (0x59fd) x19 0xffffffff
core   0: 0x80009c90 (0x00000211) c.addi  tp, 4
core   0: 3 0x80009c90 (0x0211) x4  0x00000004
core   0: 0x80009c92 (0x00000001) c.nop
core   0: 3 0x80009c92 (0x0001)
core   0: 0x80009c94 (0x00008455) c.srai  s0, 21
core   0: 3 0x80009c94 (0x8455) x8  0x00000000
core   0: 0x80009c96 (0x031dcfb3) div     t6, s11, a7
core   0: 3 0x80009c96 (0x031dcfb3) x31 0xffff9437
core   0: 0x80009c9a (0x8ad0a697) auipc   a3, 0x8ad0a
core   0: 3 0x80009c9a (0x8ad0a697) x13 0x0ad13c9a
core   0: 0x80009c9e (0x00009a7d) c.andi  a2, -1
core   0: 3 0x80009c9e (0x9a7d) x12 0x0014e900
core   0: 0x80009ca0 (0x0000815a) c.mv    sp, s6
core   0: 3 0x80009ca0 (0x815a) x2  0x00000000
core   0: 0x80009ca2 (0x02bbebb3) rem     s7, s7, a1
core   0: 3 0x80009ca2 (0x02bbebb3) x23 0x00000000
core   0: 0x80009ca6 (0x05293893) sltiu   a7, s2, 82
core   0: 3 0x80009ca6 (0x05293893) x17 0x00000001
core   0: 0x80009caa (0x03f06733) rem     a4, zero, t6
core   0: 3 0x80009caa (0x03f06733) x14 0x00000000
core   0: 0x80009cae (0x000040f9) c.li    ra, 30
core   0: 3 0x80009cae (0x40f9) x1  0x0000001e
core   0: 0x80009cb0 (0x01d75c13) srli    s8, a4, 29
core   0: 3 0x80009cb0 (0x01d75c13) x24 0x00000000
core   0: 0x80009cb4 (0x1954a413) slti    s0, s1, 405
core   0: 3 0x80009cb4 (0x1954a413) x8  0x00000001
core   0: 0x80009cb8 (0xb9ad9537) lui     a0, 0xb9ad9
core   0: 3 0x80009cb8 (0xb9ad9537) x10 0xb9ad9000
core   0: 0x80009cbc (0x000096fa) c.add   a3, t5
core   0: 3 0x80009cbc (0x96fa) x13 0x8ad3d9be
core   0: 0x80009cbe (0x0000717d) c.addi16sp sp, -16
core   0: 3 0x80009cbe (0x717d) x2  0xfffffff0
core   0: 0x80009cc0 (0x29b36713) ori     a4, t1, 667
core   0: 3 0x80009cc0 (0x29b36713) x14 0xfffffffb
core   0: 0x80009cc4 (0x01a0d833) srl     a6, ra, s10
core   0: 3 0x80009cc4 (0x01a0d833) x16 0x00000000
core   0: 0x80009cc8 (0x2c1e6a17) auipc   s4, 0x2c1e6
core   0: 3 0x80009cc8 (0x2c1e6a17) x20 0xac1efcc8
core   0: 0x80009ccc (0x404f07b3) sub     a5, t5, tp
core   0: 3 0x80009ccc (0x404f07b3) x15 0x80029d20
core   0: 0x80009cd0 (0x0158ac33) slt     s8, a7, s5
core   0: 3 0x80009cd0 (0x0158ac33) x24 0x00000001
core   0: 0x80009cd4 (0x013d34b3) sltu    s1, s10, s3
core   0: 3 0x80009cd4 (0x013d34b3) x9  0x00000001
core   0: 0x80009cd8 (0x02ce7463) bgeu    t3, a2, pc + 40
core   0: 3 0x80009cd8 (0x02ce7463)
core   0: 0x80009d00 (0x20a1f593) andi    a1, gp, 522
core   0: 3 0x80009d00 (0x20a1f593) x11 0x0000020a
core   0: 0x80009d04 (0x036bc433) div     s0, s7, s6
core   0: 3 0x80009d04 (0x036bc433) x8  0xffffffff
core   0: 0x80009d08 (0x53f3b237) lui     tp, 0x53f3b
core   0: 3 0x80009d08 (0x53f3b237) x4  0x53f3b000
core   0: 0x80009d0c (0x00b63733) sltu    a4, a2, a1
core   0: 3 0x80009d0c (0x00b63733) x14 0x00000000
core   0: 0x80009d10 (0x0000c119) c.beqz  a0, pc + 6
core   0: 3 0x80009d10 (0xc119)
core   0: 0x80009d12 (0x018e35b3) sltu    a1, t3, s8
core   0: 3 0x80009d12 (0x018e35b3) x11 0x00000000
core   0: 0x80009d16 (0x5610e437) lui     s0, 0x5610e
core   0: 3 0x80009d16 (0x5610e437) x8  0x5610e000
core   0: 0x80009d1a (0x00008ead) c.xor   a3, a1
core   0: 3 0x80009d1a (0x8ead) x13 0x8ad3d9be
core   0: 0x80009d1c (0x0000717d) c.addi16sp sp, -16
core   0: 3 0x80009d1c (0x717d) x2  0xffffffe0
core   0: 0x80009d1e (0x78d08393) addi    t2, ra, 1933
core   0: 3 0x80009d1e (0x78d08393) x7  0x000007ab
core   0: 0x80009d22 (0x025bf1b3) remu    gp, s7, t0
core   0: 3 0x80009d22 (0x025bf1b3) x3  0x00000000
core   0: 0x80009d26 (0x00008c89) c.sub   s1, a0
core   0: 3 0x80009d26 (0x8c89) x9  0x46527001
core   0: 0x80009d28 (0x01859613) slli    a2, a1, 24
core   0: 3 0x80009d28 (0x01859613) x12 0x00000000
core   0: 0x80009d2c (0x41fcd8b3) sra     a7, s9, t6
core   0: 3 0x80009d2c (0x41fcd8b3) x17 0xffffff00
core   0: 0x80009d30 (0x08e3f793) andi    a5, t2, 142
core   0: 3 0x80009d30 (0x08e3f793) x15 0x0000008a
core   0: 0x80009d34 (0x82ddb013) sltiu   zero, s11, -2003
core   0: 3 0x80009d34 (0x82ddb013)
core   0: 0x80009d38 (0x01944b63) blt     s0, s9, pc + 22
core   0: 3 0x80009d38 (0x01944b63)
core   0: 0x80009d3c (0x00006139) c.addi16sp sp, 448
core   0: 3 0x80009d3c (0x6139) x2  0x000001a0
core   0: 0x80009d3e (0x0000955a) c.add   a0, s6
core   0: 3 0x80009d3e (0x955a) x10 0xb9ad9000
core   0: 0x80009d40 (0x40885e33) sra     t3, a6, s0
core   0: 3 0x80009d40 (0x40885e33) x28 0x00000000
core   0: 0x80009d44 (0x000f0763) beqz    t5, pc + 14
core   0: 3 0x80009d44 (0x000f0763)
core   0: 0x80009d48 (0x014fe533) or      a0, t6, s4
core   0: 3 0x80009d48 (0x014fe533) x10 0xfffffcff
core   0: 0x80009d4c (0x0000157d) c.addi  a0, -1
core   0: 3 0x80009d4c (0x157d) x10 0xfffffcfe
core   0: 0x80009d4e (0x41ca0233) sub     tp, s4, t3
core   0: 3 0x80009d4e (0x41ca0233) x4  0xac1efcc8
core   0: 0x80009d52 (0x03f9b733) mulhu   a4, s3, t6
core   0: 3 0x80009d52 (0x03f9b733) x14 0xffff9436
core   0: 0x80009d56 (0x00009872) c.add   a6, t3
core   0: 3 0x80009d56 (0x9872) x16 0x00000000
core   0: 0x80009d58 (0x17e3ad93) slti    s11, t2, 382
core   0: 3 0x80009d58 (0x17e3ad93) x27 0x00000000
core   0: 0x80009d5c (0x036d1633) mulh    a2, s10, s6
core   0: 3 0x80009d5c (0x036d1633) x12 0x00000000
core   0: 0x80009d60 (0x02f5cd63) blt     a1, a5, pc + 58
core   0: 3 0x80009d60 (0x02f5cd63)
core   0: 0x80009d9a (0x006df9b3) and     s3, s11, t1
core   0: 3 0x80009d9a (0x006df9b3) x19 0x00000000
core   0: 0x80009d9e (0x05dd7263) bgeu    s10, t4, pc + 68
core   0: 3 0x80009d9e (0x05dd7263)
core   0: 0x80009de2 (0x014b9663) bne     s7, s4, pc + 12
core   0: 3 0x80009de2 (0x014b9663)
core   0: 0x80009dee (0x3943d5b7) lui     a1, 0x3943d
core   0: 3 0x80009dee (0x3943d5b7) x11 0x3943d000
core   0: 0x80009df2 (0x0226e2b3) rem     t0, a3, sp
core   0: 3 0x80009df2 (0x0226e2b3) x5  0xffffff9e
core   0: 0x80009df6 (0x03043d33) mulhu   s10, s0, a6
core   0: 3 0x80009df6 (0x03043d33) x26 0x00000000
core   0: 0x80009dfa (0x00008b5a) c.mv    s6, s6
core   0: 3 0x80009dfa (0x8b5a) x22 0x00000000
core   0: 0x80009dfc (0x02639563) bne     t2, t1, pc + 42
core   0: 3 0x80009dfc (0x02639563)
core   0: 0x80009e26 (0x03663bb3) mulhu   s7, a2, s6
core   0: 3 0x80009e26 (0x03663bb3) x23 0x00000000
core   0: 0x80009e2a (0x41a489b3) sub     s3, s1, s10
core   0: 3 0x80009e2a (0x41a489b3) x19 0x46527001
core   0: 0x80009e2e (0x00008cd1) c.or    s1, a2
core   0: 3 0x80009e2e (0x8cd1) x9  0x46527001
core   0: 0x80009e30 (0x02901d33) mulh    s10, zero, s1
core   0: 3 0x80009e30 (0x02901d33) x26 0x00000000
core   0: 0x80009e34 (0x03bf2db3) mulhsu  s11, t5, s11
core   0: 3 0x80009e34 (0x03bf2db3) x27 0x00000000
core   0: 0x80009e38 (0x000062d5) c.lui   t0, 0x15
core   0: 3 0x80009e38 (0x62d5) x5  0x00015000
core   0: 0x80009e3a (0x00391463) bne     s2, gp, pc + 8
core   0: 3 0x80009e3a (0x00391463)
core   0: 0x80009e3e (0x00008179) c.srli  a0, 30
core   0: 3 0x80009e3e (0x8179) x10 0x00000003
core   0: 0x80009e40 (0x0000e491) c.bnez  s1, pc + 12
core   0: 3 0x80009e40 (0xe491)
core   0: 0x80009e4c (0x0000ef89) c.bnez  a5, pc + 26
core   0: 3 0x80009e4c (0xef89)
core   0: 0x80009e66 (0x038668b3) rem     a7, a2, s8
core   0: 3 0x80009e66 (0x038668b3) x17 0x00000000
core   0: 0x80009e6a (0x2a2aa213) slti    tp, s5, 674
core   0: 3 0x80009e6a (0x2a2aa213) x4  0x00000001
core   0: 0x80009e6e (0x00008e45) c.or    a2, s1
core   0: 3 0x80009e6e (0x8e45) x12 0x46527001
core   0: 0x80009e70 (0x0155f733) and     a4, a1, s5
core   0: 3 0x80009e70 (0x0155f733) x14 0x00000000
core   0: 0x80009e74 (0x000002c6) c.slli  t0, 17
core   0: 3 0x80009e74 (0x02c6) x5  0xa0000000
core   0: 0x80009e76 (0xed6b0393) addi    t2, s6, -298
core   0: 3 0x80009e76 (0xed6b0393) x7  0xfffffed6
core   0: 0x80009e7a (0x0000889e) c.mv    a7, t2
core   0: 3 0x80009e7a (0x889e) x17 0xfffffed6
core   0: 0x80009e7c (0x00009b4e) c.add   s6, s3
core   0: 3 0x80009e7c (0x9b4e) x22 0x46527001
core   0: 0x80009e7e (0x00cdd313) srli    t1, s11, 12
core   0: 3 0x80009e7e (0x00cdd313) x6  0x00000000
core   0: 0x80009e82 (0x00008dc1) c.or    a1, s0
core   0: 3 0x80009e82 (0x8dc1) x11 0x7f53f000
core   0: 0x80009e84 (0x010de5b3) or      a1, s11, a6
core   0: 3 0x80009e84 (0x010de5b3) x11 0x00000000
core   0: 0x80009e88 (0x01362733) slt     a4, a2, s3
core   0: 3 0x80009e88 (0x01362733) x14 0x00000000
core   0: 0x80009e8c (0x000059fd) c.li    s3, -1
core   0: 3 0x80009e8c (0x59fd) x19 0xffffffff
core   0: 0x80009e8e (0x00001ffd) c.addi  t6, -1
core   0: 3 0x80009e8e (0x1ffd) x31 0xffff9436
core   0: 0x80009e90 (0x40005633) sra     a2, zero, zero
core   0: 3 0x80009e90 (0x40005633) x12 0x00000000
core   0: 0x80009e94 (0x00008eb1) c.xor   a3, a2
core   0: 3 0x80009e94 (0x8eb1) x13 0x8ad3d9be
core   0: 0x80009e96 (0x010238b3) sltu    a7, tp, a6
core   0: 3 0x80009e96 (0x010238b3) x17 0x00000000
core   0: 0x80009e9a (0x403bd993) srai    s3, s7, 3
core   0: 3 0x80009e9a (0x403bd993) x19 0x00000000
core   0: 0x80009e9e (0x07123393) sltiu   t2, tp, 113
core   0: 3 0x80009e9e (0x07123393) x7  0x00000001
core   0: 0x80009ea2 (0x7883a793) slti    a5, t2, 1928
core   0: 3 0x80009ea2 (0x7883a793) x15 0x00000001
core   0: 0x80009ea6 (0x01be4033) xor     zero, t3, s11
core   0: 3 0x80009ea6 (0x01be4033)
core   0: 0x80009eaa (0x00000001) c.nop
core   0: 3 0x80009eaa (0x0001)
core   0: 0x80009eac (0x031e73b3) remu    t2, t3, a7
core   0: 3 0x80009eac (0x031e73b3) x7  0x00000000
core   0: 0x80009eb0 (0x03ce86b3) mul     a3, t4, t3
core   0: 3 0x80009eb0 (0x03ce86b3) x13 0x00000000
core   0: 0x80009eb4 (0x0000e311) c.bnez  a4, pc + 4
core   0: 3 0x80009eb4 (0xe311)
core   0: 0x80009eb6 (0x000082cd) c.srli  a3, 19
core   0: 3 0x80009eb6 (0x82cd) x13 0x00000000
core   0: 0x80009eb8 (0x00000001) c.nop
core   0: 3 0x80009eb8 (0x0001)
core   0: 0x80009eba (0x003b9a33) sll     s4, s7, gp
core   0: 3 0x80009eba (0x003b9a33) x20 0x00000000
core   0: 0x80009ebe (0x02221763) bne     tp, sp, pc + 46
core   0: 3 0x80009ebe (0x02221763)
core   0: 0x80009eec (0x00009a7d) c.andi  a2, -1
core   0: 3 0x80009eec (0x9a7d) x12 0x00000000
core   0: 0x80009eee (0x00000001) c.nop
core   0: 3 0x80009eee (0x0001)
core   0: 0x80009ef0 (0x00008c71) c.and   s0, a2
core   0: 3 0x80009ef0 (0x8c71) x8  0x00000000
core   0: 0x80009ef2 (0x0000939a) c.add   t2, t1
core   0: 3 0x80009ef2 (0x939a) x7  0x00000000
core   0: 0x80009ef4 (0x0a34e163) bltu    s1, gp, pc + 162
core   0: 3 0x80009ef4 (0x0a34e163)
core   0: 0x80009ef8 (0x00006a11) c.lui   s4, 0x4
core   0: 3 0x80009ef8 (0x6a11) x20 0x00004000
core   0: 0x80009efa (0x00000001) c.nop
core   0: 3 0x80009efa (0x0001)
core   0: 0x80009efc (0x00c75db3) srl     s11, a4, a2
core   0: 3 0x80009efc (0x00c75db3) x27 0x00000000
core   0: 0x80009f00 (0x00009532) c.add   a0, a2
core   0: 3 0x80009f00 (0x9532) x10 0x00000003
core   0: 0x80009f02 (0x00007917) auipc   s2, 0x7
core   0: 3 0x80009f02 (0x00007917) x18 0x80010f02
core   0: 0x80009f06 (0xb8190913) addi    s2, s2, -1151
core   0: 3 0x80009f06 (0xb8190913) x18 0x80010a83
core   0: 0x80009f0a (0xffd909a3) sb      t4, -13(s2)
core   0: 3 0x80009f0a (0xffd909a3) mem 0x80010a76 0x90
core   0: 0x80009f0e (0xff394b83) lbu     s7, -13(s2)
core   0: 3 0x80009f0e (0xff394b83) x23 0x00000090 mem 0x80010a76
core   0: 0x80009f12 (0xffb919a3) sh      s11, -13(s2)
core   0: 3 0x80009f12 (0xffb919a3) mem 0x80010a76 0x0000
core   0: 0x80009f16 (0x01094a03) lbu     s4, 16(s2)
core   0: 3 0x80009f16 (0x01094a03) x20 0x00000000 mem 0x80010a93
core   0: 0x80009f1a (0xffb94f83) lbu     t6, -5(s2)
core   0: 3 0x80009f1a (0xffb94f83) x31 0x000000ba mem 0x80010a7e
core   0: 0x80009f1e (0xfe491da3) sh      tp, -5(s2)
core   0: 3 0x80009f1e (0xfe491da3) mem 0x80010a7e 0x0001
core   0: 0x80009f22 (0xffc94503) lbu     a0, -4(s2)
core   0: 3 0x80009f22 (0xffc94503) x10 0x00000000 mem 0x80010a7f
core   0: 0x80009f26 (0xffc94b03) lbu     s6, -4(s2)
core   0: 3 0x80009f26 (0xffc94b03) x22 0x00000000 mem 0x80010a7f
core   0: 0x80009f2a (0xffc90b03) lb      s6, -4(s2)
core   0: 3 0x80009f2a (0xffc90b03) x22 0x00000000 mem 0x80010a7f
core   0: 0x80009f2e (0xfe292aa3) sw      sp, -11(s2)
core   0: 3 0x80009f2e (0xfe292aa3) mem 0x80010a78 0x000001a0
core   0: 0x80009f32 (0x002712b3) sll     t0, a4, sp
core   0: 3 0x80009f32 (0x002712b3) x5  0x00000000
core   0: 0x80009f36 (0x00494b03) lbu     s6, 4(s2)
core   0: 3 0x80009f36 (0x00494b03) x22 0x00000090 mem 0x80010a87
core   0: 0x80009f3a (0x01d90223) sb      t4, 4(s2)
core   0: 3 0x80009f3a (0x01d90223) mem 0x80010a87 0x90
core   0: 0x80009f3e (0x41dbd493) srai    s1, s7, 29
core   0: 3 0x80009f3e (0x41dbd493) x9  0x00000000
core   0: 0x80009f42 (0x00a90a03) lb      s4, 10(s2)
core   0: 3 0x80009f42 (0x00a90a03) x20 0x00000000 mem 0x80010a8d
core   0: 0x80009f46 (0x01094b83) lbu     s7, 16(s2)
core   0: 3 0x80009f46 (0x01094b83) x23 0x00000000 mem 0x80010a93
core   0: 0x80009f4a (0x00d90823) sb      a3, 16(s2)
core   0: 3 0x80009f4a (0x00d90823) mem 0x80010a93 0x00
core   0: 0x80009f4e (0x01090883) lb      a7, 16(s2)
core   0: 3 0x80009f4e (0x01090883) x17 0x00000000 mem 0x80010a93
core   0: 0x80009f52 (0x00a90503) lb      a0, 10(s2)
core   0: 3 0x80009f52 (0x00a90503) x10 0x00000000 mem 0x80010a8d
core   0: 0x80009f56 (0x00008dd1) c.or    a1, a2
core   0: 3 0x80009f56 (0x8dd1) x11 0x00000000
core   0: 0x80009f58 (0x00894c03) lbu     s8, 8(s2)
core   0: 3 0x80009f58 (0x00894c03) x24 0x00000000 mem 0x80010a8b
core   0: 0x80009f5c (0xffc94503) lbu     a0, -4(s2)
core   0: 3 0x80009f5c (0xffc94503) x10 0x00000000 mem 0x80010a7f
core   0: 0x80009f60 (0xffc90983) lb      s3, -4(s2)
core   0: 3 0x80009f60 (0xffc90983) x19 0x00000000 mem 0x80010a7f
core   0: 0x80009f64 (0x000098fd) c.andi  s1, -1
core   0: 3 0x80009f64 (0x98fd) x9  0x00000000
core   0: 0x80009f66 (0x03b7bd33) mulhu   s10, a5, s11
core   0: 3 0x80009f66 (0x03b7bd33) x26 0x00000000
core   0: 0x80009f6a (0x00000bce) c.slli  s7, 19
core   0: 3 0x80009f6a (0x0bce) x23 0x00000000
core   0: 0x80009f6c (0x023be963) bltu    s7, gp, pc + 50
core   0: 3 0x80009f6c (0x023be963)
core   0: 0x80009f70 (0x0000517d) c.li    sp, -1
core   0: 3 0x80009f70 (0x517d) x2  0xffffffff
core   0: 0x80009f72 (0x02396733) rem     a4, s2, gp
core   0: 3 0x80009f72 (0x02396733) x14 0x80010a83
core   0: 0x80009f76 (0x02c34063) blt     t1, a2, pc + 32
core   0: 3 0x80009f76 (0x02c34063)
core   0: 0x80009f7a (0x03651133) mulh    sp, a0, s6
core   0: 3 0x80009f7a (0x03651133) x2  0x00000000
core   0: 0x80009f7e (0x1d4d4093) xori    ra, s10, 468
core   0: 3 0x80009f7e (0x1d4d4093) x1  0x000001d4
core   0: 0x80009f82 (0xbe096bb7) lui     s7, 0xbe096
core   0: 3 0x80009f82 (0xbe096bb7) x23 0xbe096000
core   0: 0x80009f86 (0xc7987c13) andi    s8, a6, -903
core   0: 3 0x80009f86 (0xc7987c13) x24 0x00000000
core   0: 0x80009f8a (0x015df433) and     s0, s11, s5
core   0: 3 0x80009f8a (0x015df433) x8  0x00000000
core   0: 0x80009f8e (0x02621d63) bne     tp, t1, pc + 58
core   0: 3 0x80009f8e (0x02621d63)
core   0: 0x80009fc8 (0x02c59133) mulh    sp, a1, a2
core   0: 3 0x80009fc8 (0x02c59133) x2  0x00000000
core   0: 0x80009fcc (0x0000527d) c.li    tp, -1
core   0: 3 0x80009fcc (0x527d) x4  0xffffffff
core   0: 0x80009fce (0x44a0df97) auipc   t6, 0x44a0d
core   0: 3 0x80009fce (0x44a0df97) x31 0xc4a16fce
core   0: 0x80009fd2 (0x00fa6d33) or      s10, s4, a5
core   0: 3 0x80009fd2 (0x00fa6d33) x26 0x00000001
core   0: 0x80009fd6 (0x00004c19) c.li    s8, 6
core   0: 3 0x80009fd6 (0x4c19) x24 0x00000006
core   0: 0x80009fd8 (0x000052fd) c.li    t0, -1
core   0: 3 0x80009fd8 (0x52fd) x5  0xffffffff
core   0: 0x80009fda (0x4b474e37) lui     t3, 0x4b474
core   0: 3 0x80009fda (0x4b474e37) x28 0x4b474000
core   0: 0x80009fde (0x34373c93) sltiu   s9, a4, 835
core   0: 3 0x80009fde (0x34373c93) x25 0x00000000
core   0: 0x80009fe2 (0x00001c7d) c.addi  s8, -1
core   0: 3 0x80009fe2 (0x1c7d) x24 0x00000005
core   0: 0x80009fe4 (0x4131d313) srai    t1, gp, 19
core   0: 3 0x80009fe4 (0x4131d313) x6  0x00000000
core   0: 0x80009fe8 (0x00008dd9) c.or    a1, a4
core   0: 3 0x80009fe8 (0x8dd9) x11 0x80010a83
core   0: 0x80009fea (0x00004725) c.li    a4, 9
core   0: 3 0x80009fea (0x4725) x14 0x00000009
core   0: 0x80009fec (0x000055fd) c.li    a1, -1
core   0: 3 0x80009fec (0x55fd) x11 0xffffffff
core   0: 0x80009fee (0x408a5133) sra     sp, s4, s0
core   0: 3 0x80009fee (0x408a5133) x2  0x00000000
core   0: 0x80009ff2 (0x000049b9) c.li    s3, 14
core   0: 3 0x80009ff2 (0x49b9) x19 0x0000000e
core   0: 0x80009ff4 (0x027af233) remu    tp, s5, t2
core   0: 3 0x80009ff4 (0x027af233) x4  0x00000008
core   0: 0x80009ff8 (0x00008fe5) c.and   a5, s1
core   0: 3 0x80009ff8 (0x8fe5) x15 0x00000000
core   0: 0x80009ffa (0x0000071d) c.addi  a4, 7
core   0: 3 0x80009ffa (0x071d) x14 0x00000010
core   0: 0x80009ffc (0xff376ce3) bltu    a4, s3, pc - 8
core   0: 3 0x80009ffc (0xff376ce3)
core   0: 0x8000a000 (0x027395b3) mulh    a1, t2, t2
core   0: 3 0x8000a000 (0x027395b3) x11 0x00000000
core   0: 0x8000a004 (0xfc5c1de3) bne     s8, t0, pc - 38
core   0: 3 0x8000a004 (0xfc5c1de3)
core   0: 0x80009fde (0x34373c93) sltiu   s9, a4, 835
core   0: 3 0x80009fde (0x34373c93) x25 0x00000001
core   0: 0x80009fe2 (0x00001c7d) c.addi  s8, -1
core   0: 3 0x80009fe2 (0x1c7d) x24 0x00000004
core   0: 0x80009fe4 (0x4131d313) srai    t1, gp, 19
core   0: 3 0x80009fe4 (0x4131d313) x6  0x00000000
core   0: 0x80009fe8 (0x00008dd9) c.or    a1, a4
core   0: 3 0x80009fe8 (0x8dd9) x11 0x00000010
core   0: 0x80009fea (0x00004725) c.li    a4, 9
core   0: 3 0x80009fea (0x4725) x14 0x00000009
core   0: 0x80009fec (0x000055fd) c.li    a1, -1
core   0: 3 0x80009fec (0x55fd) x11 0xffffffff
core   0: 0x80009fee (0x408a5133) sra     sp, s4, s0
core   0: 3 0x80009fee (0x408a5133) x2  0x00000000
core   0: 0x80009ff2 (0x000049b9) c.li    s3, 14
core   0: 3 0x80009ff2 (0x49b9) x19 0x0000000e
core   0: 0x80009ff4 (0x027af233) remu    tp, s5, t2
core   0: 3 0x80009ff4 (0x027af233) x4  0x00000008
core   0: 0x80009ff8 (0x00008fe5) c.and   a5, s1
core   0: 3 0x80009ff8 (0x8fe5) x15 0x00000000
core   0: 0x80009ffa (0x0000071d) c.addi  a4, 7
core   0: 3 0x80009ffa (0x071d) x14 0x00000010
core   0: 0x80009ffc (0xff376ce3) bltu    a4, s3, pc - 8
core   0: 3 0x80009ffc (0xff376ce3)
core   0: 0x8000a000 (0x027395b3) mulh    a1, t2, t2
core   0: 3 0x8000a000 (0x027395b3) x11 0x00000000
core   0: 0x8000a004 (0xfc5c1de3) bne     s8, t0, pc - 38
core   0: 3 0x8000a004 (0xfc5c1de3)
core   0: 0x80009fde (0x34373c93) sltiu   s9, a4, 835
core   0: 3 0x80009fde (0x34373c93) x25 0x00000001
core   0: 0x80009fe2 (0x00001c7d) c.addi  s8, -1
core   0: 3 0x80009fe2 (0x1c7d) x24 0x00000003
core   0: 0x80009fe4 (0x4131d313) srai    t1, gp, 19
core   0: 3 0x80009fe4 (0x4131d313) x6  0x00000000
core   0: 0x80009fe8 (0x00008dd9) c.or    a1, a4
core   0: 3 0x80009fe8 (0x8dd9) x11 0x00000010
core   0: 0x80009fea (0x00004725) c.li    a4, 9
core   0: 3 0x80009fea (0x4725) x14 0x00000009
core   0: 0x80009fec (0x000055fd) c.li    a1, -1
core   0: 3 0x80009fec (0x55fd) x11 0xffffffff
core   0: 0x80009fee (0x408a5133) sra     sp, s4, s0
core   0: 3 0x80009fee (0x408a5133) x2  0x00000000
core   0: 0x80009ff2 (0x000049b9) c.li    s3, 14
core   0: 3 0x80009ff2 (0x49b9) x19 0x0000000e
core   0: 0x80009ff4 (0x027af233) remu    tp, s5, t2
core   0: 3 0x80009ff4 (0x027af233) x4  0x00000008
core   0: 0x80009ff8 (0x00008fe5) c.and   a5, s1
core   0: 3 0x80009ff8 (0x8fe5) x15 0x00000000
core   0: 0x80009ffa (0x0000071d) c.addi  a4, 7
core   0: 3 0x80009ffa (0x071d) x14 0x00000010
core   0: 0x80009ffc (0xff376ce3) bltu    a4, s3, pc - 8
core   0: 3 0x80009ffc (0xff376ce3)
core   0: 0x8000a000 (0x027395b3) mulh    a1, t2, t2
core   0: 3 0x8000a000 (0x027395b3) x11 0x00000000
core   0: 0x8000a004 (0xfc5c1de3) bne     s8, t0, pc - 38
core   0: 3 0x8000a004 (0xfc5c1de3)
core   0: 0x80009fde (0x34373c93) sltiu   s9, a4, 835
core   0: 3 0x80009fde (0x34373c93) x25 0x00000001
core   0: 0x80009fe2 (0x00001c7d) c.addi  s8, -1
core   0: 3 0x80009fe2 (0x1c7d) x24 0x00000002
core   0: 0x80009fe4 (0x4131d313) srai    t1, gp, 19
core   0: 3 0x80009fe4 (0x4131d313) x6  0x00000000
core   0: 0x80009fe8 (0x00008dd9) c.or    a1, a4
core   0: 3 0x80009fe8 (0x8dd9) x11 0x00000010
core   0: 0x80009fea (0x00004725) c.li    a4, 9
core   0: 3 0x80009fea (0x4725) x14 0x00000009
core   0: 0x80009fec (0x000055fd) c.li    a1, -1
core   0: 3 0x80009fec (0x55fd) x11 0xffffffff
core   0: 0x80009fee (0x408a5133) sra     sp, s4, s0
core   0: 3 0x80009fee (0x408a5133) x2  0x00000000
core   0: 0x80009ff2 (0x000049b9) c.li    s3, 14
core   0: 3 0x80009ff2 (0x49b9) x19 0x0000000e
core   0: 0x80009ff4 (0x027af233) remu    tp, s5, t2
core   0: 3 0x80009ff4 (0x027af233) x4  0x00000008
core   0: 0x80009ff8 (0x00008fe5) c.and   a5, s1
core   0: 3 0x80009ff8 (0x8fe5) x15 0x00000000
core   0: 0x80009ffa (0x0000071d) c.addi  a4, 7
core   0: 3 0x80009ffa (0x071d) x14 0x00000010
core   0: 0x80009ffc (0xff376ce3) bltu    a4, s3, pc - 8
core   0: 3 0x80009ffc (0xff376ce3)
core   0: 0x8000a000 (0x027395b3) mulh    a1, t2, t2
core   0: 3 0x8000a000 (0x027395b3) x11 0x00000000
core   0: 0x8000a004 (0xfc5c1de3) bne     s8, t0, pc - 38
core   0: 3 0x8000a004 (0xfc5c1de3)
core   0: 0x80009fde (0x34373c93) sltiu   s9, a4, 835
core   0: 3 0x80009fde (0x34373c93) x25 0x00000001
core   0: 0x80009fe2 (0x00001c7d) c.addi  s8, -1
core   0: 3 0x80009fe2 (0x1c7d) x24 0x00000001
core   0: 0x80009fe4 (0x4131d313) srai    t1, gp, 19
core   0: 3 0x80009fe4 (0x4131d313) x6  0x00000000
core   0: 0x80009fe8 (0x00008dd9) c.or    a1, a4
core   0: 3 0x80009fe8 (0x8dd9) x11 0x00000010
core   0: 0x80009fea (0x00004725) c.li    a4, 9
core   0: 3 0x80009fea (0x4725) x14 0x00000009
core   0: 0x80009fec (0x000055fd) c.li    a1, -1
core   0: 3 0x80009fec (0x55fd) x11 0xffffffff
core   0: 0x80009fee (0x408a5133) sra     sp, s4, s0
core   0: 3 0x80009fee (0x408a5133) x2  0x00000000
core   0: 0x80009ff2 (0x000049b9) c.li    s3, 14
core   0: 3 0x80009ff2 (0x49b9) x19 0x0000000e
core   0: 0x80009ff4 (0x027af233) remu    tp, s5, t2
core   0: 3 0x80009ff4 (0x027af233) x4  0x00000008
core   0: 0x80009ff8 (0x00008fe5) c.and   a5, s1
core   0: 3 0x80009ff8 (0x8fe5) x15 0x00000000
core   0: 0x80009ffa (0x0000071d) c.addi  a4, 7
core   0: 3 0x80009ffa (0x071d) x14 0x00000010
core   0: 0x80009ffc (0xff376ce3) bltu    a4, s3, pc - 8
core   0: 3 0x80009ffc (0xff376ce3)
core   0: 0x8000a000 (0x027395b3) mulh    a1, t2, t2
core   0: 3 0x8000a000 (0x027395b3) x11 0x00000000
core   0: 0x8000a004 (0xfc5c1de3) bne     s8, t0, pc - 38
core   0: 3 0x8000a004 (0xfc5c1de3)
core   0: 0x80009fde (0x34373c93) sltiu   s9, a4, 835
core   0: 3 0x80009fde (0x34373c93) x25 0x00000001
core   0: 0x80009fe2 (0x00001c7d) c.addi  s8, -1
core   0: 3 0x80009fe2 (0x1c7d) x24 0x00000000
core   0: 0x80009fe4 (0x4131d313) srai    t1, gp, 19
core   0: 3 0x80009fe4 (0x4131d313) x6  0x00000000
core   0: 0x80009fe8 (0x00008dd9) c.or    a1, a4
core   0: 3 0x80009fe8 (0x8dd9) x11 0x00000010
core   0: 0x80009fea (0x00004725) c.li    a4, 9
core   0: 3 0x80009fea (0x4725) x14 0x00000009
core   0: 0x80009fec (0x000055fd) c.li    a1, -1
core   0: 3 0x80009fec (0x55fd) x11 0xffffffff
core   0: 0x80009fee (0x408a5133) sra     sp, s4, s0
core   0: 3 0x80009fee (0x408a5133) x2  0x00000000
core   0: 0x80009ff2 (0x000049b9) c.li    s3, 14
core   0: 3 0x80009ff2 (0x49b9) x19 0x0000000e
core   0: 0x80009ff4 (0x027af233) remu    tp, s5, t2
core   0: 3 0x80009ff4 (0x027af233) x4  0x00000008
core   0: 0x80009ff8 (0x00008fe5) c.and   a5, s1
core   0: 3 0x80009ff8 (0x8fe5) x15 0x00000000
core   0: 0x80009ffa (0x0000071d) c.addi  a4, 7
core   0: 3 0x80009ffa (0x071d) x14 0x00000010
core   0: 0x80009ffc (0xff376ce3) bltu    a4, s3, pc - 8
core   0: 3 0x80009ffc (0xff376ce3)
core   0: 0x8000a000 (0x027395b3) mulh    a1, t2, t2
core   0: 3 0x8000a000 (0x027395b3) x11 0x00000000
core   0: 0x8000a004 (0xfc5c1de3) bne     s8, t0, pc - 38
core   0: 3 0x8000a004 (0xfc5c1de3)
core   0: 0x80009fde (0x34373c93) sltiu   s9, a4, 835
core   0: 3 0x80009fde (0x34373c93) x25 0x00000001
core   0: 0x80009fe2 (0x00001c7d) c.addi  s8, -1
core   0: 3 0x80009fe2 (0x1c7d) x24 0xffffffff
core   0: 0x80009fe4 (0x4131d313) srai    t1, gp, 19
core   0: 3 0x80009fe4 (0x4131d313) x6  0x00000000
core   0: 0x80009fe8 (0x00008dd9) c.or    a1, a4
core   0: 3 0x80009fe8 (0x8dd9) x11 0x00000010
core   0: 0x80009fea (0x00004725) c.li    a4, 9
core   0: 3 0x80009fea (0x4725) x14 0x00000009
core   0: 0x80009fec (0x000055fd) c.li    a1, -1
core   0: 3 0x80009fec (0x55fd) x11 0xffffffff
core   0: 0x80009fee (0x408a5133) sra     sp, s4, s0
core   0: 3 0x80009fee (0x408a5133) x2  0x00000000
core   0: 0x80009ff2 (0x000049b9) c.li    s3, 14
core   0: 3 0x80009ff2 (0x49b9) x19 0x0000000e
core   0: 0x80009ff4 (0x027af233) remu    tp, s5, t2
core   0: 3 0x80009ff4 (0x027af233) x4  0x00000008
core   0: 0x80009ff8 (0x00008fe5) c.and   a5, s1
core   0: 3 0x80009ff8 (0x8fe5) x15 0x00000000
core   0: 0x80009ffa (0x0000071d) c.addi  a4, 7
core   0: 3 0x80009ffa (0x071d) x14 0x00000010
core   0: 0x80009ffc (0xff376ce3) bltu    a4, s3, pc - 8
core   0: 3 0x80009ffc (0xff376ce3)
core   0: 0x8000a000 (0x027395b3) mulh    a1, t2, t2
core   0: 3 0x8000a000 (0x027395b3) x11 0x00000000
core   0: 0x8000a004 (0xfc5c1de3) bne     s8, t0, pc - 38
core   0: 3 0x8000a004 (0xfc5c1de3)
core   0: 0x8000a008 (0xdd2db013) sltiu   zero, s11, -558
core   0: 3 0x8000a008 (0xdd2db013)
core   0: 0x8000a00c (0x00000001) c.nop
core   0: 3 0x8000a00c (0x0001)
core   0: 0x8000a00e (0x026fd5b3) divu    a1, t6, t1
core   0: 3 0x8000a00e (0x026fd5b3) x11 0xffffffff
core   0: 0x8000a012 (0x00e85413) srli    s0, a6, 14
core   0: 3 0x8000a012 (0x00e85413) x8  0x00000000
core   0: 0x8000a016 (0x00006e29) c.lui   t3, 0xa
core   0: 3 0x8000a016 (0x6e29) x28 0x0000a000
core   0: 0x8000a018 (0x04f26063) bltu    tp, a5, pc + 64
core   0: 3 0x8000a018 (0x04f26063)
core   0: 0x8000a01c (0x00008d49) c.or    a0, a0
core   0: 3 0x8000a01c (0x8d49) x10 0x00000000
core   0: 0x8000a01e (0x02a01033) mulh    zero, zero, a0
core   0: 3 0x8000a01e (0x02a01033)
core   0: 0x8000a022 (0x00000001) c.nop
core   0: 3 0x8000a022 (0x0001)
core   0: 0x8000a024 (0x03f13633) mulhu   a2, sp, t6
core   0: 3 0x8000a024 (0x03f13633) x12 0x00000000
core   0: 0x8000a028 (0x41f302b3) sub     t0, t1, t6
core   0: 3 0x8000a028 (0x41f302b3) x5  0x3b5e9032
core   0: 0x8000a02c (0x003cdc33) srl     s8, s9, gp
core   0: 3 0x8000a02c (0x003cdc33) x24 0x00000001
core   0: 0x8000a030 (0x29622193) slti    gp, tp, 662
core   0: 3 0x8000a030 (0x29622193) x3  0x00000001
core   0: 0x8000a034 (0x0273d4b3) divu    s1, t2, t2
core   0: 3 0x8000a034 (0x0273d4b3) x9  0xffffffff
core   0: 0x8000a038 (0x1ba85517) auipc   a0, 0x1ba85
core   0: 3 0x8000a038 (0x1ba85517) x10 0x9ba8f038
core   0: 0x8000a03c (0x00008b72) c.mv    s6, t3
core   0: 3 0x8000a03c (0x8b72) x22 0x0000a000
core   0: 0x8000a03e (0x0041c663) blt     gp, tp, pc + 12
core   0: 3 0x8000a03e (0x0041c663)
core   0: 0x8000a04a (0x038f6fb3) rem     t6, t5, s8
core   0: 3 0x8000a04a (0x038f6fb3) x31 0x00000000
core   0: 0x8000a04e (0x00006295) c.lui   t0, 0x5
core   0: 3 0x8000a04e (0x6295) x5  0x00005000
core   0: 0x8000a050 (0x00008dc9) c.or    a1, a0
core   0: 3 0x8000a050 (0x8dc9) x11 0xffffffff
core   0: 0x8000a052 (0x00001c08) c.addi4spn a0, sp, 560
core   0: 3 0x8000a052 (0x1c08) x10 0x00000230
core   0: 0x8000a054 (0x0000059c) c.addi4spn a5, sp, 704
core   0: 3 0x8000a054 (0x059c) x15 0x000002c0
core   0: 0x8000a056 (0x00008d21) c.xor   a0, s0
core   0: 3 0x8000a056 (0x8d21) x10 0x00000230
core   0: 0x8000a058 (0x00008cb9) c.xor   s1, a4
core   0: 3 0x8000a058 (0x8cb9) x9  0xffffffef
core   0: 0x8000a05a (0x017c1513) slli    a0, s8, 23
core   0: 3 0x8000a05a (0x017c1513) x10 0x00800000
core   0: 0x8000a05e (0x0000028e) c.slli  t0, 3
core   0: 3 0x8000a05e (0x028e) x5  0x00028000
core   0: 0x8000a060 (0x00009b7d) c.andi  a4, -1
core   0: 3 0x8000a060 (0x9b7d) x14 0x00000010
core   0: 0x8000a062 (0xa10f8313) addi    t1, t6, -1520
core   0: 3 0x8000a062 (0xa10f8313) x6  0xfffffa10
core   0: 0x8000a066 (0x0139cfb3) xor     t6, s3, s3
core   0: 3 0x8000a066 (0x0139cfb3) x31 0x00000000
core   0: 0x8000a06a (0x004f5f63) bge     t5, tp, pc + 30
core   0: 3 0x8000a06a (0x004f5f63)
core   0: 0x8000a06e (0x00337763) bgeu    t1, gp, pc + 14
core   0: 3 0x8000a06e (0x00337763)
core   0: 0x8000a07c (0x00000001) c.nop
core   0: 3 0x8000a07c (0x0001)
core   0: 0x8000a07e (0x00008d7d) c.and   a0, a5
core   0: 3 0x8000a07e (0x8d7d) x10 0x00000000
core   0: 0x8000a080 (0x00000001) c.nop
core   0: 3 0x8000a080 (0x0001)
core   0: 0x8000a082 (0x0000c021) c.beqz  s0, pc + 64
core   0: 3 0x8000a082 (0xc021)
core   0: 0x8000a0c2 (0x00008e75) c.and   a2, a3
core   0: 3 0x8000a0c2 (0x8e75) x12 0x00000000
core   0: 0x8000a0c4 (0xdf57f493) andi    s1, a5, -523
core   0: 3 0x8000a0c4 (0xdf57f493) x9  0x000000c0
core   0: 0x8000a0c8 (0x000099fd) c.andi  a1, -1
core   0: 3 0x8000a0c8 (0x99fd) x11 0xffffffff
core   0: 0x8000a0ca (0x000051fd) c.li    gp, -1
core   0: 3 0x8000a0ca (0x51fd) x3  0xffffffff
core   0: 0x8000a0cc (0x009a1b13) slli    s6, s4, 9
core   0: 3 0x8000a0cc (0x009a1b13) x22 0x00000000
core   0: 0x8000a0d0 (0x0000871e) c.mv    a4, t2
core   0: 3 0x8000a0d0 (0x871e) x14 0x00000000
core   0: 0x8000a0d2 (0x01e475b3) and     a1, s0, t5
core   0: 3 0x8000a0d2 (0x01e475b3) x11 0x00000000
core   0: 0x8000a0d6 (0x025db033) mulhu   zero, s11, t0
core   0: 3 0x8000a0d6 (0x025db033)
core   0: 0x8000a0da (0x02021433) mulh    s0, tp, zero
core   0: 3 0x8000a0da (0x02021433) x8  0x00000000
core   0: 0x8000a0de (0x01384033) xor     zero, a6, s3
core   0: 3 0x8000a0de (0x01384033)
core   0: 0x8000a0e2 (0x0119a1b3) slt     gp, s3, a7
core   0: 3 0x8000a0e2 (0x0119a1b3) x3  0x00000000
core   0: 0x8000a0e6 (0x404a0a33) sub     s4, s4, tp
core   0: 3 0x8000a0e6 (0x404a0a33) x20 0xfffffff8
core   0: 0x8000a0ea (0x00000cde) c.slli  s9, 23
core   0: 3 0x8000a0ea (0x0cde) x25 0x00800000
core   0: 0x8000a0ec (0x00008cdd) c.or    s1, a5
core   0: 3 0x8000a0ec (0x8cdd) x9  0x000002c0
core   0: 0x8000a0ee (0x9e6dec13) ori     s8, s11, -1562
core   0: 3 0x8000a0ee (0x9e6dec13) x24 0xfffff9e6
core   0: 0x8000a0f2 (0x0000997d) c.andi  a0, -1
core   0: 3 0x8000a0f2 (0x997d) x10 0x00000000
core   0: 0x8000a0f4 (0x00001c7d) c.addi  s8, -1
core   0: 3 0x8000a0f4 (0x1c7d) x24 0xfffff9e5
core   0: 0x8000a0f6 (0x18c7be13) sltiu   t3, a5, 396
core   0: 3 0x8000a0f6 (0x18c7be13) x28 0x00000000
core   0: 0x8000a0fa (0x00008d3d) c.xor   a0, a5
core   0: 3 0x8000a0fa (0x8d3d) x10 0x000002c0
core   0: 0x8000a0fc (0x00000001) c.nop
core   0: 3 0x8000a0fc (0x0001)
core   0: 0x8000a0fe (0x00008cf9) c.and   s1, a4
core   0: 3 0x8000a0fe (0x8cf9) x9  0x00000000
core   0: 0x8000a100 (0x00009776) c.add   a4, t4
core   0: 3 0x8000a100 (0x9776) x14 0x80025e90
core   0: 0x8000a102 (0x02a36733) rem     a4, t1, a0
core   0: 3 0x8000a102 (0x02a36733) x14 0xffffff90
core   0: 0x8000a106 (0x025babb3) mulhsu  s7, s7, t0
core   0: 3 0x8000a106 (0x025babb3) x23 0xffff5b17
core   0: 0x8000a10a (0x0000009d) c.addi  ra, 7
core   0: 3 0x8000a10a (0x009d) x1  0x000001db
core   0: 0x8000a10c (0x01d4c633) xor     a2, s1, t4
core   0: 3 0x8000a10c (0x01d4c633) x12 0x80025e90
core   0: 0x8000a110 (0x0000e419) c.bnez  s0, pc + 14
core   0: 3 0x8000a110 (0xe419)
core   0: 0x8000a112 (0xc4e88f93) addi    t6, a7, -946
core   0: 3 0x8000a112 (0xc4e88f93) x31 0xfffffc4e
core   0: 0x8000a116 (0x03dec333) div     t1, t4, t4
core   0: 3 0x8000a116 (0x03dec333) x6  0x00000001
core   0: 0x8000a11a (0x789f8693) addi    a3, t6, 1929
core   0: 3 0x8000a11a (0x789f8693) x13 0x000003d7
core   0: 0x8000a11e (0x4016db93) srai    s7, a3, 1
core   0: 3 0x8000a11e (0x4016db93) x23 0x000001eb
core   0: 0x8000a122 (0xf4a045b7) lui     a1, 0xf4a04
core   0: 3 0x8000a122 (0xf4a045b7) x11 0xf4a04000
core   0: 0x8000a126 (0x006077b3) and     a5, zero, t1
core   0: 3 0x8000a126 (0x006077b3) x15 0x00000000
core   0: 0x8000a12a (0x02971a33) mulh    s4, a4, s1
core   0: 3 0x8000a12a (0x02971a33) x20 0x00000000
core   0: 0x8000a12e (0x023324b3) mulhsu  s1, t1, gp
core   0: 3 0x8000a12e (0x023324b3) x9  0x00000000
core   0: 0x8000a132 (0x0059fd33) and     s10, s3, t0
core   0: 3 0x8000a132 (0x0059fd33) x26 0x00000000
core   0: 0x8000a136 (0x00008c41) c.or    s0, s0
core   0: 3 0x8000a136 (0x8c41) x8  0x00000000
core   0: 0x8000a138 (0x0118f4b3) and     s1, a7, a7
core   0: 3 0x8000a138 (0x0118f4b3) x9  0x00000000
core   0: 0x8000a13c (0x00001014) c.addi4spn a3, sp, 32
core   0: 3 0x8000a13c (0x1014) x13 0x00000020
core   0: 0x8000a13e (0x00000119) c.addi  sp, 6
core   0: 3 0x8000a13e (0x0119) x2  0x00000006
core   0: 0x8000a140 (0x23585617) auipc   a2, 0x23585
core   0: 3 0x8000a140 (0x23585617) x12 0xa358f140
core   0: 0x8000a144 (0x034a3bb3) mulhu   s7, s4, s4
core   0: 3 0x8000a144 (0x034a3bb3) x23 0x00000000
core   0: 0x8000a148 (0x00008fbd) c.xor   a5, a5
core   0: 3 0x8000a148 (0x8fbd) x15 0x00000000
core   0: 0x8000a14a (0x416c5393) srai    t2, s8, 22
core   0: 3 0x8000a14a (0x416c5393) x7  0xffffffff
core   0: 0x8000a14e (0x9e1eb737) lui     a4, 0x9e1eb
core   0: 3 0x8000a14e (0x9e1eb737) x14 0x9e1eb000
core   0: 0x8000a152 (0x008d6c63) bltu    s10, s0, pc + 24
core   0: 3 0x8000a152 (0x008d6c63)
core   0: 0x8000a156 (0x022ac9b3) div     s3, s5, sp
core   0: 3 0x8000a156 (0x022ac9b3) x19 0x00000001
core   0: 0x8000a15a (0x030d4463) blt     s10, a6, pc + 40
core   0: 3 0x8000a15a (0x030d4463)
core   0: 0x8000a15e (0x00008fed) c.and   a5, a1
core   0: 3 0x8000a15e (0x8fed) x15 0x00000000
core   0: 0x8000a160 (0x00006fb5) c.lui   t6, 0xd
core   0: 3 0x8000a160 (0x6fb5) x31 0x0000d000
core   0: 0x8000a162 (0x01635493) srli    s1, t1, 22
core   0: 3 0x8000a162 (0x01635493) x9  0x00000000
core   0: 0x8000a166 (0x00e7d6b3) srl     a3, a5, a4
core   0: 3 0x8000a166 (0x00e7d6b3) x13 0x00000000
core   0: 0x8000a16a (0x0000e319) c.bnez  a4, pc + 6
core   0: 3 0x8000a16a (0xe319)
core   0: 0x8000a170 (0x018bf3b3) and     t2, s7, s8
core   0: 3 0x8000a170 (0x018bf3b3) x7  0x00000000
core   0: 0x8000a174 (0x003c28b3) slt     a7, s8, gp
core   0: 3 0x8000a174 (0x003c28b3) x17 0x00000001
core   0: 0x8000a178 (0x01510763) beq     sp, s5, pc + 14
core   0: 3 0x8000a178 (0x01510763)
core   0: 0x8000a17c (0x00008f81) c.sub   a5, s0
core   0: 3 0x8000a17c (0x8f81) x15 0x00000000
core   0: 0x8000a17e (0x02808533) mul     a0, ra, s0
core   0: 3 0x8000a17e (0x02808533) x10 0x00000000
core   0: 0x8000a182 (0xa1ddb913) sltiu   s2, s11, -1507
core   0: 3 0x8000a182 (0xa1ddb913) x18 0x00000001
core   0: 0x8000a186 (0x41c6d0b3) sra     ra, a3, t3
core   0: 3 0x8000a186 (0x41c6d0b3) x1  0x00000000
core   0: 0x8000a18a (0x0225bb33) mulhu   s6, a1, sp
core   0: 3 0x8000a18a (0x0225bb33) x22 0x00000005
core   0: 0x8000a18e (0x012ff663) bgeu    t6, s2, pc + 12
core   0: 3 0x8000a18e (0x012ff663)
core   0: 0x8000a19a (0x00000001) c.nop
core   0: 3 0x8000a19a (0x0001)
core   0: 0x8000a19c (0xbbacaf93) slti    t6, s9, -1094
core   0: 3 0x8000a19c (0xbbacaf93) x31 0x00000000
core   0: 0x8000a1a0 (0x00008c6d) c.and   s0, a1
core   0: 3 0x8000a1a0 (0x8c6d) x8  0x00000000
core   0: 0x8000a1a2 (0x00f70233) add     tp, a4, a5
core   0: 3 0x8000a1a2 (0x00f70233) x4  0x9e1eb000
core   0: 0x8000a1a6 (0x00000e80) c.addi4spn s0, sp, 848
core   0: 3 0x8000a1a6 (0x0e80) x8  0x00000356
core   0: 0x8000a1a8 (0x00d5b3b3) sltu    t2, a1, a3
core   0: 3 0x8000a1a8 (0x00d5b3b3) x7  0x00000000
core   0: 0x8000a1ac (0x00001a7d) c.addi  s4, -1
core   0: 3 0x8000a1ac (0x1a7d) x20 0xffffffff
core   0: 0x8000a1ae (0x01ed38b3) sltu    a7, s10, t5
core   0: 3 0x8000a1ae (0x01ed38b3) x17 0x00000001
core   0: 0x8000a1b2 (0x8dbcc9b7) lui     s3, 0x8dbcc
core   0: 3 0x8000a1b2 (0x8dbcc9b7) x19 0x8dbcc000
core   0: 0x8000a1b6 (0x00cf8663) beq     t6, a2, pc + 12
core   0: 3 0x8000a1b6 (0x00cf8663)
core   0: 0x8000a1ba (0x0226b3b3) mulhu   t2, a3, sp
core   0: 3 0x8000a1ba (0x0226b3b3) x7  0x00000000
core   0: 0x8000a1be (0x50327c13) andi    s8, tp, 1283
core   0: 3 0x8000a1be (0x50327c13) x24 0x00000000
core   0: 0x8000a1c2 (0x0329acb3) mulhsu  s9, s3, s2
core   0: 3 0x8000a1c2 (0x0329acb3) x25 0xffffffff
core   0: 0x8000a1c6 (0x001359b3) srl     s3, t1, ra
core   0: 3 0x8000a1c6 (0x001359b3) x19 0x00000001
core   0: 0x8000a1ca (0x00008f39) c.xor   a4, a4
core   0: 3 0x8000a1ca (0x8f39) x14 0x00000000
core   0: 0x8000a1cc (0x02e2a5b3) mulhsu  a1, t0, a4
core   0: 3 0x8000a1cc (0x02e2a5b3) x11 0x00000000
core   0: 0x8000a1d0 (0x03ab2c33) mulhsu  s8, s6, s10
core   0: 3 0x8000a1d0 (0x03ab2c33) x24 0x00000000
core   0: 0x8000a1d4 (0x01845933) srl     s2, s0, s8
core   0: 3 0x8000a1d4 (0x01845933) x18 0x00000356
core   0: 0x8000a1d8 (0x011a0263) beq     s4, a7, pc + 4
core   0: 3 0x8000a1d8 (0x011a0263)
core   0: 0x8000a1dc (0x019e4a33) xor     s4, t3, s9
core   0: 3 0x8000a1dc (0x019e4a33) x20 0xffffffff
core   0: 0x8000a1e0 (0x01898033) add     zero, s3, s8
core   0: 3 0x8000a1e0 (0x01898033)
core   0: 0x8000a1e4 (0x00001bfd) c.addi  s7, -1
core   0: 3 0x8000a1e4 (0x1bfd) x23 0xffffffff
core   0: 0x8000a1e6 (0xc8e74293) xori    t0, a4, -882
core   0: 3 0x8000a1e6 (0xc8e74293) x5  0xfffffc8e
core   0: 0x8000a1ea (0x00008619) c.srai  a2, 6
core   0: 3 0x8000a1ea (0x8619) x12 0xfe8d63c5
core   0: 0x8000a1ec (0x03da10b3) mulh    ra, s4, t4
core   0: 3 0x8000a1ec (0x03da10b3) x1  0x00000000
core   0: 0x8000a1f0 (0x00a07733) and     a4, zero, a0
core   0: 3 0x8000a1f0 (0x00a07733) x14 0x00000000
core   0: 0x8000a1f4 (0x00008c79) c.and   s0, a4
core   0: 3 0x8000a1f4 (0x8c79) x8  0x00000000
core   0: 0x8000a1f6 (0x00856763) bltu    a0, s0, pc + 14
core   0: 3 0x8000a1f6 (0x00856763)
core   0: 0x8000a1fa (0x000084e9) c.srai  s1, 26
core   0: 3 0x8000a1fa (0x84e9) x9  0x00000000
core   0: 0x8000a1fc (0x01456663) bltu    a0, s4, pc + 12
core   0: 3 0x8000a1fc (0x01456663)
core   0: 0x8000a208 (0x00910363) beq     sp, s1, pc + 6
core   0: 3 0x8000a208 (0x00910363)
core   0: 0x8000a20c (0x0000e985) c.bnez  a1, pc + 48
core   0: 3 0x8000a20c (0xe985)
core   0: 0x8000a20e (0x00008cb1) c.xor   s1, a2
core   0: 3 0x8000a20e (0x8cb1) x9  0xfe8d63c5
core   0: 0x8000a210 (0x021c2133) mulhsu  sp, s8, ra
core   0: 3 0x8000a210 (0x021c2133) x2  0x00000000
core   0: 0x8000a214 (0x0000610d) c.addi16sp sp, 160
core   0: 3 0x8000a214 (0x610d) x2  0x000000a0
core   0: 0x8000a216 (0x00b3d133) srl     sp, t2, a1
core   0: 3 0x8000a216 (0x00b3d133) x2  0x00000000
core   0: 0x8000a21a (0x40c65193) srai    gp, a2, 12
core   0: 3 0x8000a21a (0x40c65193) x3  0xffffe8d6
core   0: 0x8000a21e (0x0000c239) c.beqz  a2, pc + 70
core   0: 3 0x8000a21e (0xc239)
core   0: 0x8000a220 (0x01ba7533) and     a0, s4, s11
core   0: 3 0x8000a220 (0x01ba7533) x10 0x00000000
core   0: 0x8000a224 (0x50192bb7) lui     s7, 0x50192
core   0: 3 0x8000a224 (0x50192bb7) x23 0x50192000
core   0: 0x8000a228 (0x4ef97593) andi    a1, s2, 1263
core   0: 3 0x8000a228 (0x4ef97593) x11 0x00000046
core   0: 0x8000a22c (0x031febb3) rem     s7, t6, a7
core   0: 3 0x8000a22c (0x031febb3) x23 0x00000000
core   0: 0x8000a230 (0xbb066737) lui     a4, 0xbb066
core   0: 3 0x8000a230 (0xbb066737) x14 0xbb066000
core   0: 0x8000a234 (0x0110cbb3) xor     s7, ra, a7
core   0: 3 0x8000a234 (0x0110cbb3) x23 0x00000001
core   0: 0x8000a238 (0xa2dcda17) auipc   s4, 0xa2dcd
core   0: 3 0x8000a238 (0xa2dcda17) x20 0x22dd7238
core   0: 0x8000a23c (0x0000e401) c.bnez  s0, pc + 8
core   0: 3 0x8000a23c (0xe401)
core   0: 0x8000a23e (0x00000001) c.nop
core   0: 3 0x8000a23e (0x0001)
core   0: 0x8000a240 (0x05351137) lui     sp, 0x5351
core   0: 3 0x8000a240 (0x05351137) x2  0x05351000
core   0: 0x8000a244 (0x00006b39) c.lui   s6, 0xe
core   0: 3 0x8000a244 (0x6b39) x22 0x0000e000
core   0: 0x8000a246 (0x6c493913) sltiu   s2, s2, 1732
core   0: 3 0x8000a246 (0x6c493913) x18 0x00000001
core   0: 0x8000a24a (0x01259c93) slli    s9, a1, 18
core   0: 3 0x8000a24a (0x01259c93) x25 0x01180000
core   0: 0x8000a24e (0x02bb12b3) mulh    t0, s6, a1
core   0: 3 0x8000a24e (0x02bb12b3) x5  0x00000000
core   0: 0x8000a252 (0x00005b7d) c.li    s6, -1
core   0: 3 0x8000a252 (0x5b7d) x22 0xffffffff
core   0: 0x8000a254 (0x022e1e33) mulh    t3, t3, sp
core   0: 3 0x8000a254 (0x022e1e33) x28 0x00000000
core   0: 0x8000a258 (0xd3a1ae13) slti    t3, gp, -710
core   0: 3 0x8000a258 (0xd3a1ae13) x28 0x00000001
core   0: 0x8000a25c (0x7624b113) sltiu   sp, s1, 1890
core   0: 3 0x8000a25c (0x7624b113) x2  0x00000000
core   0: 0x8000a260 (0x03da5133) divu    sp, s4, t4
core   0: 3 0x8000a260 (0x03da5133) x2  0x00000000
core   0: 0x8000a264 (0x00008659) c.srai  a2, 22
core   0: 3 0x8000a264 (0x8659) x12 0xfffffffa
core   0: 0x8000a266 (0x00008d35) c.xor   a0, a3
core   0: 3 0x8000a266 (0x8d35) x10 0x00000000
core   0: 0x8000a268 (0x00008e81) c.sub   a3, s0
core   0: 3 0x8000a268 (0x8e81) x13 0x00000000
core   0: 0x8000a26a (0x00160133) add     sp, a2, ra
core   0: 3 0x8000a26a (0x00160133) x2  0xfffffffa
core   0: 0x8000a26e (0x00008e52) c.mv    t3, s4
core   0: 3 0x8000a26e (0x8e52) x28 0x22dd7238
core   0: 0x8000a270 (0x04316563) bltu    sp, gp, pc + 74
core   0: 3 0x8000a270 (0x04316563)
core   0: 0x8000a274 (0x006b9493) slli    s1, s7, 6
core   0: 3 0x8000a274 (0x006b9493) x9  0x00000040
core   0: 0x8000a278 (0x1f118d13) addi    s10, gp, 497
core   0: 3 0x8000a278 (0x1f118d13) x26 0xffffeac7
core   0: 0x8000a27c (0x01d471b3) and     gp, s0, t4
core   0: 3 0x8000a27c (0x01d471b3) x3  0x00000000
core   0: 0x8000a280 (0x02c1c8b3) div     a7, gp, a2
core   0: 3 0x8000a280 (0x02c1c8b3) x17 0x00000000
core   0: 0x8000a284 (0xa1522793) slti    a5, tp, -1515
core   0: 3 0x8000a284 (0xa1522793) x15 0x00000001
core   0: 0x8000a288 (0x00008d51) c.or    a0, a2
core   0: 3 0x8000a288 (0x8d51) x10 0xfffffffa
core   0: 0x8000a28a (0x02bbec33) rem     s8, s7, a1
core   0: 3 0x8000a28a (0x02bbec33) x24 0x00000001
core   0: 0x8000a28e (0x037670b3) remu    ra, a2, s7
core   0: 3 0x8000a28e (0x037670b3) x1  0x00000000
core   0: 0x8000a292 (0x03484bb3) div     s7, a6, s4
core   0: 3 0x8000a292 (0x03484bb3) x23 0x00000000
core   0: 0x8000a296 (0x00008e89) c.sub   a3, a0
core   0: 3 0x8000a296 (0x8e89) x13 0x00000006
core   0: 0x8000a298 (0x00916533) or      a0, sp, s1
core   0: 3 0x8000a298 (0x00916533) x10 0xfffffffa
core   0: 0x8000a29c (0x01136863) bltu    t1, a7, pc + 16
core   0: 3 0x8000a29c (0x01136863)
core   0: 0x8000a2a0 (0x056d8363) beq     s11, s6, pc + 70
core   0: 3 0x8000a2a0 (0x056d8363)
core   0: 0x8000a2a4 (0x45a54913) xori    s2, a0, 1114
core   0: 3 0x8000a2a4 (0x45a54913) x18 0xfffffba0
core   0: 0x8000a2a8 (0x000b56b3) srl     a3, s6, zero
core   0: 3 0x8000a2a8 (0x000b56b3) x13 0xffffffff
core   0: 0x8000a2ac (0x00008509) c.srai  a0, 2
core   0: 3 0x8000a2ac (0x8509) x10 0xfffffffe
core   0: 0x8000a2ae (0x00ad60b3) or      ra, s10, a0
core   0: 3 0x8000a2ae (0x00ad60b3) x1  0xffffffff
core   0: 0x8000a2b2 (0x8abf8a13) addi    s4, t6, -1877
core   0: 3 0x8000a2b2 (0x8abf8a13) x20 0xfffff8ab
core   0: 0x8000a2b6 (0x41ff89b3) sub     s3, t6, t6
core   0: 3 0x8000a2b6 (0x41ff89b3) x19 0x00000000
core   0: 0x8000a2ba (0x0094b3b3) sltu    t2, s1, s1
core   0: 3 0x8000a2ba (0x0094b3b3) x7  0x00000000
core   0: 0x8000a2be (0x023325b3) mulhsu  a1, t1, gp
core   0: 3 0x8000a2be (0x023325b3) x11 0x00000000
core   0: 0x8000a2c2 (0xbefd3497) auipc   s1, 0xbefd3
core   0: 3 0x8000a2c2 (0xbefd3497) x9  0x3efdd2c2
core   0: 0x8000a2c6 (0x03bdf433) remu    s0, s11, s11
core   0: 3 0x8000a2c6 (0x03bdf433) x8  0x00000000
core   0: 0x8000a2ca (0x00009afd) c.andi  a3, -1
core   0: 3 0x8000a2ca (0x9afd) x13 0xffffffff
core   0: 0x8000a2cc (0x016f9663) bne     t6, s6, pc + 12
core   0: 3 0x8000a2cc (0x016f9663)
core   0: 0x8000a2d8 (0x000001f1) c.addi  gp, 28
core   0: 3 0x8000a2d8 (0x01f1) x3  0x0000001c
core   0: 0x8000a2da (0x008a87b3) add     a5, s5, s0
core   0: 3 0x8000a2da (0x008a87b3) x15 0x00000008
core   0: 0x8000a2de (0x01549413) slli    s0, s1, 21
core   0: 3 0x8000a2de (0x01549413) x8  0x58400000
core   0: 0x8000a2e2 (0x01bc49b3) xor     s3, s8, s11
core   0: 3 0x8000a2e2 (0x01bc49b3) x19 0x00000001
core   0: 0x8000a2e6 (0x00008495) c.srai  s1, 5
core   0: 3 0x8000a2e6 (0x8495) x9  0x01f7ee96
core   0: 0x8000a2e8 (0x41fdd733) sra     a4, s11, t6
core   0: 3 0x8000a2e8 (0x41fdd733) x14 0x00000000
core   0: 0x8000a2ec (0x00000679) c.addi  a2, 30
core   0: 3 0x8000a2ec (0x0679) x12 0x00000018
core   0: 0x8000a2ee (0x0122b4b3) sltu    s1, t0, s2
core   0: 3 0x8000a2ee (0x0122b4b3) x9  0x00000001
core   0: 0x8000a2f2 (0x012e0233) add     tp, t3, s2
core   0: 3 0x8000a2f2 (0x012e0233) x4  0x22dd6dd8
core   0: 0x8000a2f6 (0x0000c1a1) c.beqz  a1, pc + 64
core   0: 3 0x8000a2f6 (0xc1a1)
core   0: 0x8000a336 (0x01069d63) bne     a3, a6, pc + 26
core   0: 3 0x8000a336 (0x01069d63)
core   0: 0x8000a350 (0xeefc3593) sltiu   a1, s8, -273
core   0: 3 0x8000a350 (0xeefc3593) x11 0x00000001
core   0: 0x8000a354 (0x004ea083) lw      ra, 4(t4)
core   0: 3 0x8000a354 (0x004ea083) x1  0x80004576 mem 0x80025e94
core   0: 0x8000a358 (0x03277fb3) remu    t6, a4, s2
core   0: 3 0x8000a358 (0x03277fb3) x31 0x00000000
core   0: 0x8000a35c (0x000089fa) c.mv    s3, t5
core   0: 3 0x8000a35c (0x89fa) x19 0x80029d24
core   0: 0x8000a35e (0x00008f86) c.mv    t6, ra
core   0: 3 0x8000a35e (0x8f86) x31 0x80004576
core   0: 0x8000a360 (0x03e1dd33) divu    s10, gp, t5
core   0: 3 0x8000a360 (0x03e1dd33) x26 0x00000000
core   0: 0x8000a364 (0x00000ed1) c.addi  t4, 20
core   0: 3 0x8000a364 (0x0ed1) x29 0x80025ea4
core   0: 0x8000a366 (0x02f28333) mul     t1, t0, a5
core   0: 3 0x8000a366 (0x02f28333) x6  0x00000000
core   0: 0x8000a36a (0x00108793) addi    a5, ra, 1
core   0: 3 0x8000a36a (0x00108793) x15 0x80004577
core   0: 0x8000a36e (0x00009782) c.jalr  a5
core   0: 3 0x8000a36e (0x9782) x1  0x8000a370
core   0: 0x80004576 (0x000086de) c.mv    a3, s7
core   0: 3 0x80004576 (0x86de) x13 0x00000000
core   0: 0x80004578 (0x0000120c) c.addi4spn a1, sp, 288
core   0: 3 0x80004578 (0x120c) x11 0x0000011a
core   0: 0x8000457a (0x004b39b3) sltu    s3, s6, tp
core   0: 3 0x8000457a (0x004b39b3) x19 0x00000000
core   0: 0x8000457e (0x03b117b3) mulh    a5, sp, s11
core   0: 3 0x8000457e (0x03b117b3) x15 0x00000000
core   0: 0x80004582 (0x08110413) addi    s0, sp, 129
core   0: 3 0x80004582 (0x08110413) x8  0x0000007b
core   0: 0x80004586 (0x034131b3) mulhu   gp, sp, s4
core   0: 3 0x80004586 (0x034131b3) x3  0xfffff8a5
core   0: 0x8000458a (0x04ad8463) beq     s11, a0, pc + 72
core   0: 3 0x8000458a (0x04ad8463)
core   0: 0x8000458e (0x00c50a63) beq     a0, a2, pc + 20
core   0: 3 0x8000458e (0x00c50a63)
core   0: 0x80004592 (0x01917c33) and     s8, sp, s9
core   0: 3 0x80004592 (0x01917c33) x24 0x01180000
core   0: 0x80004596 (0x7f66a217) auipc   tp, 0x7f66a
core   0: 3 0x80004596 (0x7f66a217) x4  0xff66e596
core   0: 0x8000459a (0x0018d813) srli    a6, a7, 1
core   0: 3 0x8000459a (0x0018d813) x16 0x00000000
core   0: 0x8000459e (0x00008d9d) c.sub   a1, a5
core   0: 3 0x8000459e (0x8d9d) x11 0x0000011a
core   0: 0x800045a0 (0x000000b5) c.addi  ra, 13
core   0: 3 0x800045a0 (0x00b5) x1  0x8000a37d
core   0: 0x800045a2 (0x7e484213) xori    tp, a6, 2020
core   0: 3 0x800045a2 (0x7e484213) x4  0x000007e4
core   0: 0x800045a6 (0x00131563) bne     t1, ra, pc + 10
core   0: 3 0x800045a6 (0x00131563)
core   0: 0x800045b0 (0x0137a7b3) slt     a5, a5, s3
core   0: 3 0x800045b0 (0x0137a7b3) x15 0x00000000
core   0: 0x800045b4 (0x00a066b3) or      a3, zero, a0
core   0: 3 0x800045b4 (0x00a066b3) x13 0xfffffffe
core   0: 0x800045b8 (0x17af6113) ori     sp, t5, 378
core   0: 3 0x800045b8 (0x17af6113) x2  0x80029d7e
core   0: 0x800045bc (0x00df9393) slli    t2, t6, 13
core   0: 3 0x800045bc (0x00df9393) x7  0x08aec000
core   0: 0x800045c0 (0x018c11b3) sll     gp, s8, s8
core   0: 3 0x800045c0 (0x018c11b3) x3  0x01180000
core   0: 0x800045c4 (0x00433b33) sltu    s6, t1, tp
core   0: 3 0x800045c4 (0x00433b33) x22 0x00000001
core   0: 0x800045c8 (0x03e56963) bltu    a0, t5, pc + 50
core   0: 3 0x800045c8 (0x03e56963)
core   0: 0x800045cc (0x000084d1) c.srai  s1, 20
core   0: 3 0x800045cc (0x84d1) x9  0x00000000
core   0: 0x800045ce (0x00b13733) sltu    a4, sp, a1
core   0: 3 0x800045ce (0x00b13733) x14 0x00000000
core   0: 0x800045d2 (0x0000c799) c.beqz  a5, pc + 14
core   0: 3 0x800045d2 (0xc799)
core   0: 0x800045e0 (0x416ad893) srai    a7, s5, 22
core   0: 3 0x800045e0 (0x416ad893) x17 0x00000000
core   0: 0x800045e4 (0x00008729) c.srai  a4, 10
core   0: 3 0x800045e4 (0x8729) x14 0x00000000
core   0: 0x800045e6 (0x00008795) c.srai  a5, 5
core   0: 3 0x800045e6 (0x8795) x15 0x00000000
core   0: 0x800045e8 (0x00008ff1) c.and   a5, a2
core   0: 3 0x800045e8 (0x8ff1) x15 0x00000000
core   0: 0x800045ea (0x0316ca33) div     s4, a3, a7
core   0: 3 0x800045ea (0x0316ca33) x20 0xffffffff
core   0: 0x800045ee (0x0336d233) divu    tp, a3, s3
core   0: 3 0x800045ee (0x0336d233) x4  0xffffffff
core   0: 0x800045f2 (0x032b2e33) mulhsu  t3, s6, s2
core   0: 3 0x800045f2 (0x032b2e33) x28 0x00000000
core   0: 0x800045f6 (0x02b524b3) mulhsu  s1, a0, a1
core   0: 3 0x800045f6 (0x02b524b3) x9  0xffffffff
core   0: 0x800045fa (0x035285b3) mul     a1, t0, s5
core   0: 3 0x800045fa (0x035285b3) x11 0x00000000
core   0: 0x800045fe (0x004bd5b3) srl     a1, s7, tp
core   0: 3 0x800045fe (0x004bd5b3) x11 0x00000000
core   0: 0x80004602 (0x01df5263) bge     t5, t4, pc + 4
core   0: 3 0x80004602 (0x01df5263)
core   0: 0x80004606 (0x00008cad) c.xor   s1, a1
core   0: 3 0x80004606 (0x8cad) x9  0xffffffff
core   0: 0x80004608 (0x00000001) c.nop
core   0: 3 0x80004608 (0x0001)
core   0: 0x8000460a (0x40bb5693) srai    a3, s6, 11
core   0: 3 0x8000460a (0x40bb5693) x13 0x00000000
core   0: 0x8000460e (0x0000c899) c.beqz  s1, pc + 22
core   0: 3 0x8000460e (0xc899)
core   0: 0x80004610 (0x14162a13) slti    s4, a2, 321
core   0: 3 0x80004610 (0x14162a13) x20 0x00000001
core   0: 0x80004614 (0x00000cb2) c.slli  s9, 12
core   0: 3 0x80004614 (0x0cb2) x25 0x80000000
core   0: 0x80004616 (0xaffaad13) slti    s10, s5, -1281
core   0: 3 0x80004616 (0xaffaad13) x26 0x00000000
core   0: 0x8000461a (0x00b29633) sll     a2, t0, a1
core   0: 3 0x8000461a (0x00b29633) x12 0x00000000
core   0: 0x8000461e (0x00b5b833) sltu    a6, a1, a1
core   0: 3 0x8000461e (0x00b5b833) x16 0x00000000
core   0: 0x80004622 (0x00004bed) c.li    s7, 27
core   0: 3 0x80004622 (0x4bed) x23 0x0000001b
core   0: 0x80004624 (0x0000033a) c.slli  t1, 14
core   0: 3 0x80004624 (0x033a) x6  0x00000000
core   0: 0x80004626 (0x0000c199) c.beqz  a1, pc + 6
core   0: 3 0x80004626 (0xc199)
core   0: 0x8000462c (0x00362933) slt     s2, a2, gp
core   0: 3 0x8000462c (0x00362933) x18 0x00000001
core   0: 0x80004630 (0x01da5713) srli    a4, s4, 29
core   0: 3 0x80004630 (0x01da5713) x14 0x00000000
core   0: 0x80004634 (0x0154f263) bgeu    s1, s5, pc + 4
core   0: 3 0x80004634 (0x0154f263)
core   0: 0x80004638 (0x946b7c93) andi    s9, s6, -1722
core   0: 3 0x80004638 (0x946b7c93) x25 0x00000000
core   0: 0x8000463c (0x0259ddb3) divu    s11, s3, t0
core   0: 3 0x8000463c (0x0259ddb3) x27 0xffffffff
core   0: 0x80004640 (0x01049793) slli    a5, s1, 16
core   0: 3 0x80004640 (0x01049793) x15 0xffff0000
core   0: 0x80004644 (0x01fc1133) sll     sp, s8, t6
core   0: 3 0x80004644 (0x01fc1133) x2  0x00000000
core   0: 0x80004648 (0x00009bea) c.add   s7, s10
core   0: 3 0x80004648 (0x9bea) x23 0x0000001b
core   0: 0x8000464a (0x00000001) c.nop
core   0: 3 0x8000464a (0x0001)
core   0: 0x8000464c (0x01086333) or      t1, a6, a6
core   0: 3 0x8000464c (0x01086333) x6  0x00000000
core   0: 0x80004650 (0x000065f9) c.lui   a1, 0x1e
core   0: 3 0x80004650 (0x65f9) x11 0x0001e000
core   0: 0x80004652 (0x02b33c33) mulhu   s8, t1, a1
core   0: 3 0x80004652 (0x02b33c33) x24 0x00000000
core   0: 0x80004656 (0x03904db3) div     s11, zero, s9
core   0: 3 0x80004656 (0x03904db3) x27 0xffffffff
core   0: 0x8000465a (0x000007d2) c.slli  a5, 20
core   0: 3 0x8000465a (0x07d2) x15 0x00000000
core   0: 0x8000465c (0x00000001) c.nop
core   0: 3 0x8000465c (0x0001)
core   0: 0x8000465e (0x00008de1) c.and   a1, s0
core   0: 3 0x8000465e (0x8de1) x11 0x00000000
core   0: 0x80004660 (0x31c7fa37) lui     s4, 0x31c7f
core   0: 3 0x80004660 (0x31c7fa37) x20 0x31c7f000
core   0: 0x80004664 (0xf883e193) ori     gp, t2, -120
core   0: 3 0x80004664 (0xf883e193) x3  0xffffff88
core   0: 0x80004668 (0x71a4f0b7) lui     ra, 0x71a4f
core   0: 3 0x80004668 (0x71a4f0b7) x1  0x71a4f000
core   0: 0x8000466c (0xdfc68813) addi    a6, a3, -516
core   0: 3 0x8000466c (0xdfc68813) x16 0xfffffdfc
core   0: 0x80004670 (0x0000c005) c.beqz  s0, pc + 32
core   0: 3 0x80004670 (0xc005)
core   0: 0x80004672 (0x009271b3) and     gp, tp, s1
core   0: 3 0x80004672 (0x009271b3) x3  0xffffffff
core   0: 0x80004676 (0x038b53b3) divu    t2, s6, s8
core   0: 3 0x80004676 (0x038b53b3) x7  0xffffffff
core   0: 0x8000467a (0x00008e39) c.xor   a2, a4
core   0: 3 0x8000467a (0x8e39) x12 0x00000000
core   0: 0x8000467c (0x000084c6) c.mv    s1, a7
core   0: 3 0x8000467c (0x84c6) x9  0x00000000
core   0: 0x8000467e (0x02e5f463) bgeu    a1, a4, pc + 40
core   0: 3 0x8000467e (0x02e5f463)
core   0: 0x800046a6 (0x00008c8d) c.sub   s1, a1
core   0: 3 0x800046a6 (0x8c8d) x9  0x00000000
core   0: 0x800046a8 (0x1e272713) slti    a4, a4, 482
core   0: 3 0x800046a8 (0x1e272713) x14 0x00000001
core   0: 0x800046ac (0x00afc733) xor     a4, t6, a0
core   0: 3 0x800046ac (0x00afc733) x14 0x7fffba88
core   0: 0x800046b0 (0x000002c6) c.slli  t0, 17
core   0: 3 0x800046b0 (0x02c6) x5  0x00000000
core   0: 0x800046b2 (0x0000089a) c.slli  a7, 6
core   0: 3 0x800046b2 (0x089a) x17 0x00000000
core   0: 0x800046b4 (0x027bad33) mulhsu  s10, s7, t2
core   0: 3 0x800046b4 (0x027bad33) x26 0x0000001a
core   0: 0x800046b8 (0x02ed36b3) mulhu   a3, s10, a4
core   0: 3 0x800046b8 (0x02ed36b3) x13 0x0000000c
core   0: 0x800046bc (0x00008f01) c.sub   a4, s0
core   0: 3 0x800046bc (0x8f01) x14 0x7fffba0d
core   0: 0x800046be (0x01c721b3) slt     gp, a4, t3
core   0: 3 0x800046be (0x01c721b3) x3  0x00000000
core   0: 0x800046c2 (0x00001c10) c.addi4spn a2, sp, 560
core   0: 3 0x800046c2 (0x1c10) x12 0x00000230
core   0: 0x800046c4 (0x00370263) beq     a4, gp, pc + 4
core   0: 3 0x800046c4 (0x00370263)
core   0: 0x800046c8 (0x00f2d633) srl     a2, t0, a5
core   0: 3 0x800046c8 (0x00f2d633) x12 0x00000000
core   0: 0x800046cc (0x0000dcb3) srl     s9, ra, zero
core   0: 3 0x800046cc (0x0000dcb3) x25 0x71a4f000
core   0: 0x800046d0 (0x013304b3) add     s1, t1, s3
core   0: 3 0x800046d0 (0x013304b3) x9  0x00000000
core   0: 0x800046d4 (0x00acf633) and     a2, s9, a0
core   0: 3 0x800046d4 (0x00acf633) x12 0x71a4f000
core   0: 0x800046d8 (0x00862433) slt     s0, a2, s0
core   0: 3 0x800046d8 (0x00862433) x8  0x00000000
core   0: 0x800046dc (0x00000976) c.slli  s2, 29
core   0: 3 0x800046dc (0x0976) x18 0x20000000
core   0: 0x800046de (0x00004fc5) c.li    t6, 17
core   0: 3 0x800046de (0x4fc5) x31 0x00000011
core   0: 0x800046e0 (0x00006ff5) c.lui   t6, 0x1d
core   0: 3 0x800046e0 (0x6ff5) x31 0x0001d000
core   0: 0x800046e2 (0x403458b3) sra     a7, s0, gp
core   0: 3 0x800046e2 (0x403458b3) x17 0x00000000
core   0: 0x800046e6 (0x00008e89) c.sub   a3, a0
core   0: 3 0x800046e6 (0x8e89) x13 0x0000000e
core   0: 0x800046e8 (0x0028b5b3) sltu    a1, a7, sp
core   0: 3 0x800046e8 (0x0028b5b3) x11 0x00000000
core   0: 0x800046ec (0x01020433) add     s0, tp, a6
core   0: 3 0x800046ec (0x01020433) x8  0xfffffdfb
core   0: 0x800046f0 (0x3a047693) andi    a3, s0, 928
core   0: 3 0x800046f0 (0x3a047693) x13 0x000001a0
core   0: 0x800046f4 (0x00004951) c.li    s2, 20
core   0: 3 0x800046f4 (0x4951) x18 0x00000014
core   0: 0x800046f6 (0x00b8d133) srl     sp, a7, a1
core   0: 3 0x800046f6 (0x00b8d133) x2  0x00000000
core   0: 0x800046fa (0x40a25913) srai    s2, tp, 10
core   0: 3 0x800046fa (0x40a25913) x18 0xffffffff
core   0: 0x800046fe (0x0000eb0d) c.bnez  a4, pc + 50
core   0: 3 0x800046fe (0xeb0d)
core   0: 0x80004730 (0x71823f93) sltiu   t6, tp, 1816
core   0: 3 0x80004730 (0x71823f93) x31 0x00000000
core   0: 0x80004734 (0xcab296b7) lui     a3, 0xcab29
core   0: 3 0x80004734 (0xcab296b7) x13 0xcab29000
core   0: 0x80004738 (0x00656363) bltu    a0, t1, pc + 6
core   0: 3 0x80004738 (0x00656363)
core   0: 0x8000473c (0x0000813a) c.mv    sp, a4
core   0: 3 0x8000473c (0x813a) x2  0x7fffba0d
core   0: 0x8000473e (0x00009322) c.add   t1, s0
core   0: 3 0x8000473e (0x9322) x6  0xfffffdfb
core   0: 0x80004740 (0x41cad193) srai    gp, s5, 28
core   0: 3 0x80004740 (0x41cad193) x3  0x00000000
core   0: 0x80004744 (0x00008ead) c.xor   a3, a1
core   0: 3 0x80004744 (0x8ead) x13 0xcab29000
core   0: 0x80004746 (0x00006151) c.addi16sp sp, 272
core   0: 3 0x80004746 (0x6151) x2  0x7fffbb1d
core   0: 0x80004748 (0x01011d13) slli    s10, sp, 16
core   0: 3 0x80004748 (0x01011d13) x26 0xbb1d0000
core   0: 0x8000474c (0x00d803b3) add     t2, a6, a3
core   0: 3 0x8000474c (0x00d803b3) x7  0xcab28dfc
core   0: 0x80004750 (0x03b6b4b3) mulhu   s1, a3, s11
core   0: 3 0x80004750 (0x03b6b4b3) x9  0xcab28fff
core   0: 0x80004754 (0x03130163) beq     t1, a7, pc + 34
core   0: 3 0x80004754 (0x03130163)
core   0: 0x80004758 (0x03480e33) mul     t3, a6, s4
core   0: 3 0x80004758 (0x03480e33) x28 0xa9004000
core   0: 0x8000475c (0x00000001) c.nop
core   0: 3 0x8000475c (0x0001)
core   0: 0x8000475e (0x0000c109) c.beqz  a0, pc + 2
core   0: 3 0x8000475e (0xc109)
core   0: 0x80004760 (0xe17f7793) andi    a5, t5, -489
core   0: 3 0x80004760 (0xe17f7793) x15 0x80029c04
core   0: 0x80004764 (0xa60f6a13) ori     s4, t5, -1440
core   0: 3 0x80004764 (0xa60f6a13) x20 0xffffff64
core   0: 0x80004768 (0x01bf49b3) xor     s3, t5, s11
core   0: 3 0x80004768 (0x01bf49b3) x19 0x7ffd62db
core   0: 0x8000476c (0x00000089) c.addi  ra, 2
core   0: 3 0x8000476c (0x0089) x1  0x71a4f002
core   0: 0x8000476e (0x0000c401) c.beqz  s0, pc + 8
core   0: 3 0x8000476e (0xc401)
core   0: 0x80004770 (0x02bf37b3) mulhu   a5, t5, a1
core   0: 3 0x80004770 (0x02bf37b3) x15 0x00000000
core   0: 0x80004774 (0x00001ffd) c.addi  t6, -1
core   0: 3 0x80004774 (0x1ffd) x31 0xffffffff
core   0: 0x80004776 (0x0000557d) c.li    a0, -1
core   0: 3 0x80004776 (0x557d) x10 0xffffffff
core   0: 0x80004778 (0x4080d7b3) sra     a5, ra, s0
core   0: 3 0x80004778 (0x4080d7b3) x15 0x0000000e
core   0: 0x8000477c (0x00008ce1) c.and   s1, s0
core   0: 3 0x8000477c (0x8ce1) x9  0xcab28dfb
core   0: 0x8000477e (0x02144733) div     a4, s0, ra
core   0: 3 0x8000477e (0x02144733) x14 0x00000000
core   0: 0x80004782 (0x022a13b3) mulh    t2, s4, sp
core   0: 3 0x80004782 (0x022a13b3) x7  0xffffffb2
core   0: 0x80004786 (0x4b4f2e37) lui     t3, 0x4b4f2
core   0: 3 0x80004786 (0x4b4f2e37) x28 0x4b4f2000
core   0: 0x8000478a (0x41040433) sub     s0, s0, a6
core   0: 3 0x8000478a (0x41040433) x8  0xffffffff
core   0: 0x8000478e (0x000084bd) c.srai  s1, 15
core   0: 3 0x8000478e (0x84bd) x9  0xffff9565
core   0: 0x80004790 (0x00008c6e) c.mv    s8, s11
core   0: 3 0x80004790 (0x8c6e) x24 0xffffffff
core   0: 0x80004792 (0x017b9cb3) sll     s9, s7, s7
core   0: 3 0x80004792 (0x017b9cb3) x25 0xd8000000
core   0: 0x80004796 (0x0000191c) c.addi4spn a5, sp, 176
core   0: 3 0x80004796 (0x191c) x15 0x7fffbbcd
core   0: 0x80004798 (0x0000617d) c.addi16sp sp, 496
core   0: 3 0x80004798 (0x617d) x2  0x7fffbd0d
core   0: 0x8000479a (0x00008925) c.andi  a0, 9
core   0: 3 0x8000479a (0x8925) x10 0x00000009
core   0: 0x8000479c (0x0000e329) c.bnez  a4, pc + 66
core   0: 3 0x8000479c (0xe329)
core   0: 0x8000479e (0x00009b7d) c.andi  a4, -1
core   0: 3 0x8000479e (0x9b7d) x14 0x00000000
core   0: 0x800047a0 (0xe91a6917) auipc   s2, 0xe91a6
core   0: 3 0x800047a0 (0xe91a6917) x18 0x691aa7a0
core   0: 0x800047a4 (0x02ade4b3) rem     s1, s11, a0
core   0: 3 0x800047a4 (0x02ade4b3) x9  0xffffffff
core   0: 0x800047a8 (0x00009142) c.add   sp, a6
core   0: 3 0x800047a8 (0x9142) x2  0x7fffbb09
core   0: 0x800047aa (0x895ecb13) xori    s6, t4, -1899
core   0: 3 0x800047aa (0x895ecb13) x22 0x7ffda631
core   0: 0x800047ae (0x00008d65) c.and   a0, s1
core   0: 3 0x800047ae (0x8d65) x10 0x00000009
core   0: 0x800047b0 (0x00008cd5) c.or    s1, a3
core   0: 3 0x800047b0 (0x8cd5) x9  0xffffffff
core   0: 0x800047b2 (0x00009d3e) c.add   s10, a5
core   0: 3 0x800047b2 (0x9d3e) x26 0x3b1cbbcd
core   0: 0x800047b4 (0xae458193) addi    gp, a1, -1308
core   0: 3 0x800047b4 (0xae458193) x3  0xfffffae4
core   0: 0x800047b8 (0x01900263) beq     zero, s9, pc + 4
core   0: 3 0x800047b8 (0x01900263)
core   0: 0x800047bc (0x03320933) mul     s2, tp, s3
core   0: 3 0x800047bc (0x03320933) x18 0x80029d25
core   0: 0x800047c0 (0x92714793) xori    a5, sp, -1753
core   0: 3 0x800047c0 (0x92714793) x15 0x8000422e
core   0: 0x800047c4 (0x000006a6) c.slli  a3, 9
core   0: 3 0x800047c4 (0x06a6) x13 0x65200000
core   0: 0x800047c6 (0x9f164893) xori    a7, a2, -1551
core   0: 3 0x800047c6 (0x9f164893) x17 0x8e5b09f1
core   0: 0x800047ca (0x402588b3) sub     a7, a1, sp
core   0: 3 0x800047ca (0x402588b3) x17 0x800044f7
core   0: 0x800047ce (0xe22db837) lui     a6, 0xe22db
core   0: 3 0x800047ce (0xe22db837) x16 0xe22db000
core   0: 0x800047d2 (0x0d23c593) xori    a1, t2, 210
core   0: 3 0x800047d2 (0x0d23c593) x11 0xffffff60
core   0: 0x800047d6 (0x8caa0437) lui     s0, 0x8caa0
core   0: 3 0x800047d6 (0x8caa0437) x8  0x8caa0000
core   0: 0x800047da (0x01d2d433) srl     s0, t0, t4
core   0: 3 0x800047da (0x01d2d433) x8  0x00000000
core   0: 0x800047de (0x02a21633) mulh    a2, tp, a0
core   0: 3 0x800047de (0x02a21633) x12 0xffffffff
core   0: 0x800047e2 (0x02d0dbb3) divu    s7, ra, a3
core   0: 3 0x800047e2 (0x02d0dbb3) x23 0x00000001
core   0: 0x800047e6 (0x0000547d) c.li    s0, -1
core   0: 3 0x800047e6 (0x547d) x8  0xffffffff
core   0: 0x800047e8 (0x0045f033) and     zero, a1, tp
core   0: 3 0x800047e8 (0x0045f033)
core   0: 0x800047ec (0x03c4e3b3) rem     t2, s1, t3
core   0: 3 0x800047ec (0x03c4e3b3) x7  0xffffffff
core   0: 0x800047f0 (0x87649c37) lui     s8, 0x87649
core   0: 3 0x800047f0 (0x87649c37) x24 0x87649000
core   0: 0x800047f4 (0x03d92d93) slti    s11, s2, 61
core   0: 3 0x800047f4 (0x03d92d93) x27 0x00000001
core   0: 0x800047f8 (0x00008e61) c.and   a2, s0
core   0: 3 0x800047f8 (0x8e61) x12 0xffffffff
core   0: 0x800047fa (0x03c0ed63) bltu    ra, t3, pc + 58
core   0: 3 0x800047fa (0x03c0ed63)
core   0: 0x800047fe (0x00000001) c.nop
core   0: 3 0x800047fe (0x0001)
core   0: 0x80004800 (0xac497e13) andi    t3, s2, -1340
core   0: 3 0x80004800 (0xac497e13) x28 0x80029804
core   0: 0x80004804 (0x004015b3) sll     a1, zero, tp
core   0: 3 0x80004804 (0x004015b3) x11 0x00000000
core   0: 0x80004808 (0x00004869) c.li    a6, 26
core   0: 3 0x80004808 (0x4869) x16 0x0000001a
core   0: 0x8000480a (0x00008e05) c.sub   a2, s1
core   0: 3 0x8000480a (0x8e05) x12 0x00000000
core   0: 0x8000480c (0x031fa9b3) mulhsu  s3, t6, a7
core   0: 3 0x8000480c (0x031fa9b3) x19 0xffffffff
core   0: 0x80004810 (0x0351f1b3) remu    gp, gp, s5
core   0: 3 0x80004810 (0x0351f1b3) x3  0x00000004
core   0: 0x80004814 (0x00978463) beq     a5, s1, pc + 8
core   0: 3 0x80004814 (0x00978463)
core   0: 0x80004818 (0x028dce33) div     t3, s11, s0
core   0: 3 0x80004818 (0x028dce33) x28 0xffffffff
core   0: 0x8000481c (0xd92ee613) ori     a2, t4, -622
core   0: 3 0x8000481c (0xd92ee613) x12 0xffffffb6
core   0: 0x80004820 (0x0000841d) c.srai  s0, 7
core   0: 3 0x80004820 (0x841d) x8  0xffffffff
core   0: 0x80004822 (0x00008c19) c.sub   s0, a4
core   0: 3 0x80004822 (0x8c19) x8  0xffffffff
core   0: 0x80004824 (0x402ada13) srai    s4, s5, 2
core   0: 3 0x80004824 (0x402ada13) x20 0x00000002
core   0: 0x80004828 (0x00008069) c.srli  s0, 26
core   0: 3 0x80004828 (0x8069) x8  0x0000003f
core   0: 0x8000482a (0x0000e80d) c.bnez  s0, pc + 50
core   0: 3 0x8000482a (0xe80d)
core   0: 0x8000485c (0x0281f333) remu    t1, gp, s0
core   0: 3 0x8000485c (0x0281f333) x6  0x00000004
core   0: 0x80004860 (0x01eb0863) beq     s6, t5, pc + 16
core   0: 3 0x80004860 (0x01eb0863)
core   0: 0x80004864 (0x01694c63) blt     s2, s6, pc + 24
core   0: 3 0x80004864 (0x01694c63)
core   0: 0x8000487c (0x04a45263) bge     s0, a0, pc + 68
core   0: 3 0x8000487c (0x04a45263)
core   0: 0x800048c0 (0x000005de) c.slli  a1, 23
core   0: 3 0x800048c0 (0x05de) x11 0x00000000
core   0: 0x800048c2 (0x038448b3) div     a7, s0, s8
core   0: 3 0x800048c2 (0x038448b3) x17 0x00000000
core   0: 0x800048c6 (0x00000139) c.addi  sp, 14
core   0: 3 0x800048c6 (0x0139) x2  0x7fffbb17
core   0: 0x800048c8 (0x2d952893) slti    a7, a0, 729
core   0: 3 0x800048c8 (0x2d952893) x17 0x00000001
core   0: 0x800048cc (0x02367133) remu    sp, a2, gp
core   0: 3 0x800048cc (0x02367133) x2  0x00000002
core   0: 0x800048d0 (0x0000c115) c.beqz  a0, pc + 36
core   0: 3 0x800048d0 (0xc115)
core   0: 0x800048d2 (0x00ad9663) bne     s11, a0, pc + 12
core   0: 3 0x800048d2 (0x00ad9663)
core   0: 0x800048de (0x018c9093) slli    ra, s9, 24
core   0: 3 0x800048de (0x018c9093) x1  0x00000000
core   0: 0x800048e2 (0x03731333) mulh    t1, t1, s7
core   0: 3 0x800048e2 (0x03731333) x6  0x00000000
core   0: 0x800048e6 (0x0000c009) c.beqz  s0, pc + 2
core   0: 3 0x800048e6 (0xc009)
core   0: 0x800048e8 (0x413fd913) srai    s2, t6, 19
core   0: 3 0x800048e8 (0x413fd913) x18 0xffffffff
core   0: 0x800048ec (0x361be793) ori     a5, s7, 865
core   0: 3 0x800048ec (0x361be793) x15 0x00000361
core   0: 0x800048f0 (0x000061ad) c.lui   gp, 0xb
core   0: 3 0x800048f0 (0x61ad) x3  0x0000b000
core   0: 0x800048f2 (0x00000e08) c.addi4spn a0, sp, 784
core   0: 3 0x800048f2 (0x0e08) x10 0x00000312
core   0: 0x800048f4 (0xd61aab97) auipc   s7, 0xd61aa
core   0: 3 0x800048f4 (0xd61aab97) x23 0x561ae8f4
core   0: 0x800048f8 (0x028d48b3) div     a7, s10, s0
core   0: 3 0x800048f8 (0x028d48b3) x17 0x00f033be
core   0: 0x800048fc (0x00009576) c.add   a0, t4
core   0: 3 0x800048fc (0x9576) x10 0x800261b6
core   0: 0x800048fe (0x0000cd19) c.beqz  a0, pc + 30
core   0: 3 0x800048fe (0xcd19)
core   0: 0x80004900 (0x3bbea813) slti    a6, t4, 955
core   0: 3 0x80004900 (0x3bbea813) x16 0x00000001
core   0: 0x80004904 (0x0132ae33) slt     t3, t0, s3
core   0: 3 0x80004904 (0x0132ae33) x28 0x00000000
core   0: 0x80004908 (0x00008e0d) c.sub   a2, a1
core   0: 3 0x80004908 (0x8e0d) x12 0xffffffb6
core   0: 0x8000490a (0x00008c35) c.xor   s0, a3
core   0: 3 0x8000490a (0x8c35) x8  0x6520003f
core   0: 0x8000490c (0x8e0ab813) sltiu   a6, s5, -1824
core   0: 3 0x8000490c (0x8e0ab813) x16 0x00000001
core   0: 0x80004910 (0x0000841e) c.mv    s0, t2
core   0: 3 0x80004910 (0x841e) x8  0xffffffff
core   0: 0x80004912 (0x00000001) c.nop
core   0: 3 0x80004912 (0x0001)
core   0: 0x80004914 (0x00008275) c.srli  a2, 29
core   0: 3 0x80004914 (0x8275) x12 0x00000007
core   0: 0x80004916 (0x00c171b3) and     gp, sp, a2
core   0: 3 0x80004916 (0x00c171b3) x3  0x00000002
core   0: 0x8000491a (0x000097fe) c.add   a5, t6
core   0: 3 0x8000491a (0x97fe) x15 0x00000360
core   0: 0x8000491c (0x0000187d) c.addi  a6, -1
core   0: 3 0x8000491c (0x187d) x16 0x00000000
core   0: 0x8000491e (0x4cf6f0b7) lui     ra, 0x4cf6f
core   0: 3 0x8000491e (0x4cf6f0b7) x1  0x4cf6f000
core   0: 0x80004922 (0x000005f2) c.slli  a1, 28
core   0: 3 0x80004922 (0x05f2) x11 0x00000000
core   0: 0x80004924 (0x00008209) c.srli  a2, 2
core   0: 3 0x80004924 (0x8209) x12 0x00000001
core   0: 0x80004926 (0x000092ce) c.add   t0, s3
core   0: 3 0x80004926 (0x92ce) x5  0xffffffff
core   0: 0x80004928 (0x0000ca11) c.beqz  a2, pc + 20
core   0: 3 0x80004928 (0xca11)
core   0: 0x8000492a (0x41ced9b3) sra     s3, t4, t3
core   0: 3 0x8000492a (0x41ced9b3) x19 0x80025ea4
core   0: 0x8000492e (0x01cb81b3) add     gp, s7, t3
core   0: 3 0x8000492e (0x01cb81b3) x3  0x561ae8f4
core   0: 0x80004932 (0x01b44363) blt     s0, s11, pc + 6
core   0: 3 0x80004932 (0x01b44363)
core   0: 0x80004938 (0x4140d613) srai    a2, ra, 20
core   0: 3 0x80004938 (0x4140d613) x12 0x000004cf
core   0: 0x8000493c (0x00006119) c.addi16sp sp, 384
core   0: 3 0x8000493c (0x6119) x2  0x00000182
core   0: 0x8000493e (0x00000001) c.nop
core   0: 3 0x8000493e (0x0001)
core   0: 0x80004940 (0xb9faaf93) slti    t6, s5, -1121
core   0: 3 0x80004940 (0xb9faaf93) x31 0x00000000
core   0: 0x80004944 (0x00008f79) c.and   a4, a4
core   0: 3 0x80004944 (0x8f79) x14 0x00000000
core   0: 0x80004946 (0x21e91b17) auipc   s6, 0x21e91
core   0: 3 0x80004946 (0x21e91b17) x22 0xa1e95946
core   0: 0x8000494a (0x62312c13) slti    s8, sp, 1571
core   0: 3 0x8000494a (0x62312c13) x24 0x00000001
core   0: 0x8000494e (0x0156e733) or      a4, a3, s5
core   0: 3 0x8000494e (0x0156e733) x14 0x65200008
core   0: 0x80004952 (0x0000587d) c.li    a6, -1
core   0: 3 0x80004952 (0x587d) x16 0xffffffff
core   0: 0x80004954 (0x0329c333) div     t1, s3, s2
core   0: 3 0x80004954 (0x0329c333) x6  0x7ffda15c
core   0: 0x80004958 (0x02ee21b3) mulhsu  gp, t3, a4
core   0: 3 0x80004958 (0x02ee21b3) x3  0x00000000
core   0: 0x8000495c (0xd7956c93) ori     s9, a0, -647
core   0: 3 0x8000495c (0xd7956c93) x25 0xfffffdff
core   0: 0x80004960 (0x01151933) sll     s2, a0, a7
core   0: 3 0x80004960 (0x01151933) x18 0x80000000
core   0: 0x80004964 (0x06affb13) andi    s6, t6, 106
core   0: 3 0x80004964 (0x06affb13) x22 0x00000000
core   0: 0x80004968 (0xedfa7337) lui     t1, 0xedfa7
core   0: 3 0x80004968 (0xedfa7337) x6  0xedfa7000
core   0: 0x8000496c (0x02b58833) mul     a6, a1, a1
core   0: 3 0x8000496c (0x02b58833) x16 0x00000000
core   0: 0x80004970 (0x00000001) c.nop
core   0: 3 0x80004970 (0x0001)
core   0: 0x80004972 (0x00007521) c.lui   a0, 0xfffe8
core   0: 3 0x80004972 (0x7521) x10 0xfffe8000
core   0: 0x80004974 (0xe2d5eb13) ori     s6, a1, -467
core   0: 3 0x80004974 (0xe2d5eb13) x22 0xfffffe2d
core   0: 0x80004978 (0x00008db9) c.xor   a1, a4
core   0: 3 0x80004978 (0x8db9) x11 0x65200008
core   0: 0x8000497a (0x00006121) c.addi16sp sp, 64
core   0: 3 0x8000497a (0x6121) x2  0x000001c2
core   0: 0x8000497c (0x02ab4933) div     s2, s6, a0
core   0: 3 0x8000497c (0x02ab4933) x18 0x00000000
core   0: 0x80004980 (0x00c9c263) blt     s3, a2, pc + 4
core   0: 3 0x80004980 (0x00c9c263)
core   0: 0x80004984 (0x0000717d) c.addi16sp sp, -16
core   0: 3 0x80004984 (0x717d) x2  0x000001b2
core   0: 0x80004986 (0x03306063) bltu    zero, s3, pc + 32
core   0: 3 0x80004986 (0x03306063)
core   0: 0x800049a6 (0xbf460613) addi    a2, a2, -1036
core   0: 3 0x800049a6 (0xbf460613) x12 0x000000c3
core   0: 0x800049aa (0x01909893) slli    a7, ra, 25
core   0: 3 0x800049aa (0x01909893) x17 0x00000000
core   0: 0x800049ae (0x00009c1a) c.add   s8, t1
core   0: 3 0x800049ae (0x9c1a) x24 0xedfa7001
core   0: 0x800049b0 (0x41b25c93) srai    s9, tp, 27
core   0: 3 0x800049b0 (0x41b25c93) x25 0xffffffff
core   0: 0x800049b4 (0x00008f71) c.and   a4, a2
core   0: 3 0x800049b4 (0x8f71) x14 0x00000000
core   0: 0x800049b6 (0x014ee263) bltu    t4, s4, pc + 4
core   0: 3 0x800049b6 (0x014ee263)
core   0: 0x800049ba (0x019abc33) sltu    s8, s5, s9
core   0: 3 0x800049ba (0x019abc33) x24 0x00000001
core   0: 0x800049be (0x0000057e) c.slli  a0, 31
core   0: 3 0x800049be (0x057e) x10 0x00000000
core   0: 0x800049c0 (0x01015793) srli    a5, sp, 16
core   0: 3 0x800049c0 (0x01015793) x15 0x00000000
core   0: 0x800049c4 (0x0061d233) srl     tp, gp, t1
core   0: 3 0x800049c4 (0x0061d233) x4  0x00000000
core   0: 0x800049c8 (0x025602b3) mul     t0, a2, t0
core   0: 3 0x800049c8 (0x025602b3) x5  0xffffff3d
core   0: 0x800049cc (0x8b7e75b7) lui     a1, 0x8b7e7
core   0: 3 0x800049cc (0x8b7e75b7) x11 0x8b7e7000
core   0: 0x800049d0 (0x00000001) c.nop
core   0: 3 0x800049d0 (0x0001)
core   0: 0x800049d2 (0x00e5dd13) srli    s10, a1, 14
core   0: 3 0x800049d2 (0x00e5dd13) x26 0x00022df9
core   0: 0x800049d6 (0x00008235) c.srli  a2, 13
core   0: 3 0x800049d6 (0x8235) x12 0x00000000
core   0: 0x800049d8 (0x41efdd33) sra     s10, t6, t5
core   0: 3 0x800049d8 (0x41efdd33) x26 0x00000000
core   0: 0x800049dc (0x04629163) bne     t0, t1, pc + 66
core   0: 3 0x800049dc (0x04629163)
core   0: 0x80004a1e (0x00008271) c.srli  a2, 28
core   0: 3 0x80004a1e (0x8271) x12 0x00000000
core   0: 0x80004a20 (0x00565a33) srl     s4, a2, t0
core   0: 3 0x80004a20 (0x00565a33) x20 0x00000000
core   0: 0x80004a24 (0x009bad33) slt     s10, s7, s1
core   0: 3 0x80004a24 (0x009bad33) x26 0x00000000
core   0: 0x80004a28 (0x02645bb3) divu    s7, s0, t1
core   0: 3 0x80004a28 (0x02645bb3) x23 0x00000001
core   0: 0x80004a2c (0x40b55b13) srai    s6, a0, 11
core   0: 3 0x80004a2c (0x40b55b13) x22 0x00000000
core   0: 0x80004a30 (0x00008712) c.mv    a4, tp
core   0: 3 0x80004a30 (0x8712) x14 0x00000000
core   0: 0x80004a32 (0x00005dfd) c.li    s11, -1
core   0: 3 0x80004a32 (0x5dfd) x27 0xffffffff
core   0: 0x80004a34 (0x19b7cc13) xori    s8, a5, 411
core   0: 3 0x80004a34 (0x19b7cc13) x24 0x0000019b
core   0: 0x80004a38 (0x00008bf6) c.mv    s7, t4
core   0: 3 0x80004a38 (0x8bf6) x23 0x80025ea4
core   0: 0x80004a3a (0x0000187d) c.addi  a6, -1
core   0: 3 0x80004a3a (0x187d) x16 0xffffffff
core   0: 0x80004a3c (0x864ffa13) andi    s4, t6, -1948
core   0: 3 0x80004a3c (0x864ffa13) x20 0x00000000
core   0: 0x80004a40 (0x00614533) xor     a0, sp, t1
core   0: 3 0x80004a40 (0x00614533) x10 0xedfa71b2
core   0: 0x80004a44 (0x035da833) mulhsu  a6, s11, s5
core   0: 3 0x80004a44 (0x035da833) x16 0xffffffff
core   0: 0x80004a48 (0x01b47b33) and     s6, s0, s11
core   0: 3 0x80004a48 (0x01b47b33) x22 0xffffffff
core   0: 0x80004a4c (0x0146e963) bltu    a3, s4, pc + 18
core   0: 3 0x80004a4c (0x0146e963)
core   0: 0x80004a50 (0x01061513) slli    a0, a2, 16
core   0: 3 0x80004a50 (0x01061513) x10 0x00000000
core   0: 0x80004a54 (0x01b53bb3) sltu    s7, a0, s11
core   0: 3 0x80004a54 (0x01b53bb3) x23 0x00000001
core   0: 0x80004a58 (0x011ee0b3) or      ra, t4, a7
core   0: 3 0x80004a58 (0x011ee0b3) x1  0x80025ea4
core   0: 0x80004a5c (0x00008752) c.mv    a4, s4
core   0: 3 0x80004a5c (0x8752) x14 0x00000000
core   0: 0x80004a5e (0x03c471b3) remu    gp, s0, t3
core   0: 3 0x80004a5e (0x03c471b3) x3  0xffffffff
core   0: 0x80004a62 (0x40d10233) sub     tp, sp, a3
core   0: 3 0x80004a62 (0x40d10233) x4  0x9ae001b2
core   0: 0x80004a66 (0x0000717d) c.addi16sp sp, -16
core   0: 3 0x80004a66 (0x717d) x2  0x000001a2
core   0: 0x80004a68 (0x00e29813) slli    a6, t0, 14
core   0: 3 0x80004a68 (0x00e29813) x16 0xffcf4000
core   0: 0x80004a6c (0x03eeda33) divu    s4, t4, t5
core   0: 3 0x80004a6c (0x03eeda33) x20 0x00000000
core   0: 0x80004a70 (0x03a94033) div     zero, s2, s10
core   0: 3 0x80004a70 (0x03a94033)
core   0: 0x80004a74 (0x0204f963) bgeu    s1, zero, pc + 50
core   0: 3 0x80004a74 (0x0204f963)
core   0: 0x80004aa6 (0x02dabe33) mulhu   t3, s5, a3
core   0: 3 0x80004aa6 (0x02dabe33) x28 0x00000003
core   0: 0x80004aaa (0x50bf4d13) xori    s10, t5, 1291
core   0: 3 0x80004aaa (0x50bf4d13) x26 0x8002982f
core   0: 0x80004aae (0x031bdb33) divu    s6, s7, a7
core   0: 3 0x80004aae (0x031bdb33) x22 0xffffffff
core   0: 0x80004ab2 (0xffdf7517) auipc   a0, 0xffdf7
core   0: 3 0x80004ab2 (0xffdf7517) x10 0x7fdfbab2
core   0: 0x80004ab6 (0x00e1b233) sltu    tp, gp, a4
core   0: 3 0x80004ab6 (0x00e1b233) x4  0x00000000
core   0: 0x80004aba (0x00008e15) c.sub   a2, a3
core   0: 3 0x80004aba (0x8e15) x12 0x9ae00000
core   0: 0x80004abc (0xf2c67d13) andi    s10, a2, -212
core   0: 3 0x80004abc (0xf2c67d13) x26 0x9ae00000
core   0: 0x80004ac0 (0x00676333) or      t1, a4, t1
core   0: 3 0x80004ac0 (0x00676333) x6  0xedfa7000
core   0: 0x80004ac4 (0xddb54e13) xori    t3, a0, -549
core   0: 3 0x80004ac4 (0xddb54e13) x28 0x80204769
core   0: 0x80004ac8 (0x01d07233) and     tp, zero, t4
core   0: 3 0x80004ac8 (0x01d07233) x4  0x00000000
core   0: 0x80004acc (0x01396433) or      s0, s2, s3
core   0: 3 0x80004acc (0x01396433) x8  0x80025ea4
core   0: 0x80004ad0 (0x0000e099) c.bnez  s1, pc + 6
core   0: 3 0x80004ad0 (0xe099)
core   0: 0x80004ad6 (0x04f6e263) bltu    a3, a5, pc + 68
core   0: 3 0x80004ad6 (0x04f6e263)
core   0: 0x80004ada (0x039109b3) mul     s3, sp, s9
core   0: 3 0x80004ada (0x039109b3) x19 0xfffffe5e
core   0: 0x80004ade (0x00de5d13) srli    s10, t3, 13
core   0: 3 0x80004ade (0x00de5d13) x26 0x00040102
core   0: 0x80004ae2 (0x01307263) bgeu    zero, s3, pc + 4
core   0: 3 0x80004ae2 (0x01307263)
core   0: 0x80004ae6 (0x0000ef81) c.bnez  a5, pc + 24
core   0: 3 0x80004ae6 (0xef81)
core   0: 0x80004ae8 (0x1a6b6b13) ori     s6, s6, 422
core   0: 3 0x80004ae8 (0x1a6b6b13) x22 0xffffffff
core   0: 0x80004aec (0x02e7bd33) mulhu   s10, a5, a4
core   0: 3 0x80004aec (0x02e7bd33) x26 0x00000000
core   0: 0x80004af0 (0x0161acb3) slt     s9, gp, s6
core   0: 3 0x80004af0 (0x0161acb3) x25 0x00000000
core   0: 0x80004af4 (0xd3c2e313) ori     t1, t0, -708
core   0: 3 0x80004af4 (0xd3c2e313) x6  0xffffff3d
core   0: 0x80004af8 (0x00008329) c.srli  a4, 10
core   0: 3 0x80004af8 (0x8329) x14 0x00000000
core   0: 0x80004afa (0x004dc833) xor     a6, s11, tp
core   0: 3 0x80004afa (0x004dc833) x16 0xffffffff
core   0: 0x80004afe (0x0000881d) c.andi  s0, 7
core   0: 3 0x80004afe (0x881d) x8  0x00000004
core   0: 0x80004b00 (0xc40296b7) lui     a3, 0xc4029
core   0: 3 0x80004b00 (0xc40296b7) x13 0xc4029000
core   0: 0x80004b04 (0x00576cb3) or      s9, a4, t0
core   0: 3 0x80004b04 (0x00576cb3) x25 0xffffff3d
core   0: 0x80004b08 (0x405fd393) srai    t2, t6, 5
core   0: 3 0x80004b08 (0x405fd393) x7  0x00000000
core   0: 0x80004b0c (0x35b89217) auipc   tp, 0x35b89
core   0: 3 0x80004b0c (0x35b89217) x4  0xb5b8db0c
core   0: 0x80004b10 (0x0000cd05) c.beqz  a0, pc + 56
core   0: 3 0x80004b10 (0xcd05)
core   0: 0x80004b12 (0x4074d7b3) sra     a5, s1, t2
core   0: 3 0x80004b12 (0x4074d7b3) x15 0xffffffff
core   0: 0x80004b16 (0x00df5b33) srl     s6, t5, a3
core   0: 3 0x80004b16 (0x00df5b33) x22 0x80029d24
core   0: 0x80004b1a (0x0062e833) or      a6, t0, t1
core   0: 3 0x80004b1a (0x0062e833) x16 0xffffff3d
core   0: 0x80004b1e (0x0000717d) c.addi16sp sp, -16
core   0: 3 0x80004b1e (0x717d) x2  0x00000192
core   0: 0x80004b20 (0x7dae3097) auipc   ra, 0x7dae3
core   0: 3 0x80004b20 (0x7dae3097) x1  0xfdae7b20
core   0: 0x80004b24 (0x00000001) c.nop
core   0: 3 0x80004b24 (0x0001)
core   0: 0x80004b26 (0x000095be) c.add   a1, a5
core   0: 3 0x80004b26 (0x95be) x11 0x8b7e6fff
core   0: 0x80004b28 (0x02477563) bgeu    a4, tp, pc + 42
core   0: 3 0x80004b28 (0x02477563)
core   0: 0x80004b2c (0x00991a63) bne     s2, s1, pc + 20
core   0: 3 0x80004b2c (0x00991a63)
core   0: 0x80004b40 (0x02f90263) beq     s2, a5, pc + 36
core   0: 3 0x80004b40 (0x02f90263)
core   0: 0x80004b44 (0x41bc0133) sub     sp, s8, s11
core   0: 3 0x80004b44 (0x41bc0133) x2  0x0000019c
core   0: 0x80004b48 (0x03a3f463) bgeu    t2, s10, pc + 40
core   0: 3 0x80004b48 (0x03a3f463)
core   0: 0x80004b70 (0x018e97b3) sll     a5, t4, s8
core   0: 3 0x80004b70 (0x018e97b3) x15 0x20000000
core   0: 0x80004b74 (0x00297b63) bgeu    s2, sp, pc + 22
core   0: 3 0x80004b74 (0x00297b63)
core   0: 0x80004b78 (0x029065b3) rem     a1, zero, s1
core   0: 3 0x80004b78 (0x029065b3) x11 0x00000000
core   0: 0x80004b7c (0x00006125) c.addi16sp sp, 96
core   0: 3 0x80004b7c (0x6125) x2  0x000001fc
core   0: 0x80004b7e (0x02619fb3) mulh    t6, gp, t1
core   0: 3 0x80004b7e (0x02619fb3) x31 0x00000000
core   0: 0x80004b82 (0x00008ccd) c.or    s1, a1
core   0: 3 0x80004b82 (0x8ccd) x9  0xffffffff
core   0: 0x80004b84 (0x00290cb3) add     s9, s2, sp
core   0: 3 0x80004b84 (0x00290cb3) x25 0x000001fc
core   0: 0x80004b88 (0x000089d5) c.andi  a1, 21
core   0: 3 0x80004b88 (0x89d5) x11 0x00000000
core   0: 0x80004b8a (0x0188b693) sltiu   a3, a7, 24
core   0: 3 0x80004b8a (0x0188b693) x13 0x00000001
core   0: 0x80004b8e (0x0180e4b3) or      s1, ra, s8
core   0: 3 0x80004b8e (0x0180e4b3) x9  0xfdae7bbb
core   0: 0x80004b92 (0x000066c9) c.lui   a3, 0x12
core   0: 3 0x80004b92 (0x66c9) x13 0x00012000
core   0: 0x80004b94 (0x005ce2b3) or      t0, s9, t0
core   0: 3 0x80004b94 (0x005ce2b3) x5  0xfffffffd
core   0: 0x80004b98 (0x00008d49) c.or    a0, a0
core   0: 3 0x80004b98 (0x8d49) x10 0x7fdfbab2
core   0: 0x80004b9a (0x0000049e) c.slli  s1, 7
core   0: 3 0x80004b9a (0x049e) x9  0xd73ddd80
core   0: 0x80004b9c (0x0d6822b7) lui     t0, 0xd682
core   0: 3 0x80004b9c (0x0d6822b7) x5  0x0d682000
core   0: 0x80004ba0 (0x03908363) beq     ra, s9, pc + 38
core   0: 3 0x80004ba0 (0x03908363)
core   0: 0x80004ba4 (0x97b9f613) andi    a2, s3, -1669
core   0: 3 0x80004ba4 (0x97b9f613) x12 0xfffff85a
core   0: 0x80004ba8 (0x0098f233) and     tp, a7, s1
core   0: 3 0x80004ba8 (0x0098f233) x4  0x00000000
core   0: 0x80004bac (0x000061d5) c.lui   gp, 0x15
core   0: 3 0x80004bac (0x61d5) x3  0x00015000
core   0: 0x80004bae (0x00008f99) c.sub   a5, a4
core   0: 3 0x80004bae (0x8f99) x15 0x20000000
core   0: 0x80004bb0 (0x402e8733) sub     a4, t4, sp
core   0: 3 0x80004bb0 (0x402e8733) x14 0x80025ca8
core   0: 0x80004bb4 (0x03c61963) bne     a2, t3, pc + 50
core   0: 3 0x80004bb4 (0x03c61963)
core   0: 0x80004be6 (0x00d803b3) add     t2, a6, a3
core   0: 3 0x80004be6 (0x00d803b3) x7  0x00011f3d
core   0: 0x80004bea (0x00d66263) bltu    a2, a3, pc + 4
core   0: 3 0x80004bea (0x00d66263)
core   0: 0x80004bee (0x00006b91) c.lui   s7, 0x4
core   0: 3 0x80004bee (0x6b91) x23 0x00004000
core   0: 0x80004bf0 (0x00000001) c.nop
core   0: 3 0x80004bf0 (0x0001)
core   0: 0x80004bf2 (0x000087f9) c.srai  a5, 30
core   0: 3 0x80004bf2 (0x87f9) x15 0x00000000
core   0: 0x80004bf4 (0x0018e533) or      a0, a7, ra
core   0: 3 0x80004bf4 (0x0018e533) x10 0xfdae7b20
core   0: 0x80004bf8 (0x03c199b3) mulh    s3, gp, t3
core   0: 3 0x80004bf8 (0x03c199b3) x19 0xffff582a
core   0: 0x80004bfc (0x41fed0b3) sra     ra, t4, t6
core   0: 3 0x80004bfc (0x41fed0b3) x1  0x80025ea4
core   0: 0x80004c00 (0xfec4fa13) andi    s4, s1, -20
core   0: 3 0x80004c00 (0xfec4fa13) x20 0xd73ddd80
core   0: 0x80004c04 (0x007ac133) xor     sp, s5, t2
core   0: 3 0x80004c04 (0x007ac133) x2  0x00011f35
core   0: 0x80004c08 (0x01a79c13) slli    s8, a5, 26
core   0: 3 0x80004c08 (0x01a79c13) x24 0x00000000
core   0: 0x80004c0c (0x00000001) c.nop
core   0: 3 0x80004c0c (0x0001)
core   0: 0x80004c0e (0x039cb7b3) mulhu   a5, s9, s9
core   0: 3 0x80004c0e (0x039cb7b3) x15 0x00000000
core   0: 0x80004c12 (0x02fb9b63) bne     s7, a5, pc + 54
core   0: 3 0x80004c12 (0x02fb9b63)
core   0: 0x80004c48 (0x00008d91) c.sub   a1, a2
core   0: 3 0x80004c48 (0x8d91) x11 0x000007a6
core   0: 0x80004c4a (0x41816093) ori     ra, sp, 1048
core   0: 3 0x80004c4a (0x41816093) x1  0x00011f3d
core   0: 0x80004c4e (0x0199f463) bgeu    s3, s9, pc + 8
core   0: 3 0x80004c4e (0x0199f463)
core   0: 0x80004c56 (0x50aac017) auipc   zero, 0x50aac
core   0: 3 0x80004c56 (0x50aac017)
core   0: 0x80004c5a (0x00000001) c.nop
core   0: 3 0x80004c5a (0x0001)
core   0: 0x80004c5c (0xa55ff113) andi    sp, t6, -1451
core   0: 3 0x80004c5c (0xa55ff113) x2  0x00000000
core   0: 0x80004c60 (0x02d6c8b3) div     a7, a3, a3
core   0: 3 0x80004c60 (0x02d6c8b3) x17 0x00000001
core   0: 0x80004c64 (0x036e5963) bge     t3, s6, pc + 50
core   0: 3 0x80004c64 (0x036e5963)
core   0: 0x80004c96 (0x00001984) c.addi4spn s1, sp, 240
core   0: 3 0x80004c96 (0x1984) x9  0x000000f0
core   0: 0x80004c98 (0x00009afd) c.andi  a3, -1
core   0: 3 0x80004c98 (0x9afd) x13 0x00012000
core   0: 0x80004c9a (0x018fb7b3) sltu    a5, t6, s8
core   0: 3 0x80004c9a (0x018fb7b3) x15 0x00000000
core   0: 0x80004c9e (0x0032d263) bge     t0, gp, pc + 4
core   0: 3 0x80004c9e (0x0032d263)
core   0: 0x80004ca2 (0x40cb58b3) sra     a7, s6, a2
core   0: 3 0x80004ca2 (0x40cb58b3) x17 0xffffffe0
core   0: 0x80004ca6 (0x1d11f793) andi    a5, gp, 465
core   0: 3 0x80004ca6 (0x1d11f793) x15 0x00000000
core   0: 0x80004caa (0x00d0dc33) srl     s8, ra, a3
core   0: 3 0x80004caa (0x00d0dc33) x24 0x00011f3d
core   0: 0x80004cae (0x0000717d) c.addi16sp sp, -16
core   0: 3 0x80004cae (0x717d) x2  0xfffffff0
core   0: 0x80004cb0 (0x00008e2a) c.mv    t3, a0
core   0: 3 0x80004cb0 (0x8e2a) x28 0xfdae7b20
core   0: 0x80004cb2 (0x00966663) bltu    a2, s1, pc + 12
core   0: 3 0x80004cb2 (0x00966663)
core   0: 0x80004cb6 (0x027eeb33) rem     s6, t4, t2
core   0: 3 0x80004cb6 (0x027eeb33) x22 0xffffbaee
core   0: 0x80004cba (0x00aaf263) bgeu    s5, a0, pc + 4
core   0: 3 0x80004cba (0x00aaf263)
core   0: 0x80004cbe (0x69ab3a13) sltiu   s4, s6, 1690
core   0: 3 0x80004cbe (0x69ab3a13) x20 0x00000000
core   0: 0x80004cc2 (0x00006f89) c.lui   t6, 0x2
core   0: 3 0x80004cc2 (0x6f89) x31 0x00002000
core   0: 0x80004cc4 (0xd5b70713) addi    a4, a4, -677
core   0: 3 0x80004cc4 (0xd5b70713) x14 0x80025a03
core   0: 0x80004cc8 (0x000007f9) c.addi  a5, 30
core   0: 3 0x80004cc8 (0x07f9) x15 0x0000001e
core   0: 0x80004cca (0x40168c33) sub     s8, a3, ra
core   0: 3 0x80004cca (0x40168c33) x24 0x000000c3
core   0: 0x80004cce (0x58daea13) ori     s4, s5, 1421
core   0: 3 0x80004cce (0x58daea13) x20 0x0000058d
core   0: 0x80004cd2 (0x03dc58b3) divu    a7, s8, t4
core   0: 3 0x80004cd2 (0x03dc58b3) x17 0x00000000
core   0: 0x80004cd6 (0x242ccd13) xori    s10, s9, 578
core   0: 3 0x80004cd6 (0x242ccd13) x26 0x000003be
core   0: 0x80004cda (0x00098433) add     s0, s3, zero
core   0: 3 0x80004cda (0x00098433) x8  0xffff582a
core   0: 0x80004cde (0x00489033) sll     zero, a7, tp
core   0: 3 0x80004cde (0x00489033)
core   0: 0x80004ce2 (0x00000001) c.nop
core   0: 3 0x80004ce2 (0x0001)
core   0: 0x80004ce4 (0x00008669) c.srai  a2, 26
core   0: 3 0x80004ce4 (0x8669) x12 0xffffffff
core   0: 0x80004ce6 (0x4ab1b293) sltiu   t0, gp, 1195
core   0: 3 0x80004ce6 (0x4ab1b293) x5  0x00000000
core   0: 0x80004cea (0x03da50b3) divu    ra, s4, t4
core   0: 3 0x80004cea (0x03da50b3) x1  0x00000000
core   0: 0x80004cee (0x00491db3) sll     s11, s2, tp
core   0: 3 0x80004cee (0x00491db3) x27 0x00000000
core   0: 0x80004cf2 (0x00bce263) bltu    s9, a1, pc + 4
core   0: 3 0x80004cf2 (0x00bce263)
core   0: 0x80004cf6 (0x026471b3) remu    gp, s0, t1
core   0: 3 0x80004cf6 (0x026471b3) x3  0xffff582a
core   0: 0x80004cfa (0x0000e98d) c.bnez  a1, pc + 50
core   0: 3 0x80004cfa (0xe98d)
core   0: 0x80004d2c (0x75fcf013) andi    zero, s9, 1887
core   0: 3 0x80004d2c (0x75fcf013)
core   0: 0x80004d30 (0x01d31a33) sll     s4, t1, t4
core   0: 3 0x80004d30 (0x01d31a33) x20 0xfffff3d0
core   0: 0x80004d34 (0x00001290) c.addi4spn a2, sp, 352
core   0: 3 0x80004d34 (0x1290) x12 0x00000150
core   0: 0x80004d36 (0x00001bfd) c.addi  s7, -1
core   0: 3 0x80004d36 (0x1bfd) x23 0x00003fff
core   0: 0x80004d38 (0x01610263) beq     sp, s6, pc + 4
core   0: 3 0x80004d38 (0x01610263)
core   0: 0x80004d3c (0x00008391) c.srli  a5, 4
core   0: 3 0x80004d3c (0x8391) x15 0x00000001
core   0: 0x80004d3e (0x8ef9ae13) slti    t3, s3, -1809
core   0: 3 0x80004d3e (0x8ef9ae13) x28 0x00000001
core   0: 0x80004d42 (0x00008ded) c.and   a1, a1
core   0: 3 0x80004d42 (0x8ded) x11 0x000007a6
core   0: 0x80004d44 (0x00608263) beq     ra, t1, pc + 4
core   0: 3 0x80004d44 (0x00608263)
core   0: 0x80004d48 (0x02f3d633) divu    a2, t2, a5
core   0: 3 0x80004d48 (0x02f3d633) x12 0x00011f3d
core   0: 0x80004d4c (0x0000c2a1) c.beqz  a3, pc + 64
core   0: 3 0x80004d4c (0xc2a1)
core   0: 0x80004d4e (0x03781633) mulh    a2, a6, s7
core   0: 3 0x80004d4e (0x03781633) x12 0xffffffff
core   0: 0x80004d52 (0xc55a0797) auipc   a5, 0xc55a0
core   0: 3 0x80004d52 (0xc55a0797) x15 0x455a4d52
core   0: 0x80004d56 (0x00008cb9) c.xor   s1, a4
core   0: 3 0x80004d56 (0x8cb9) x9  0x80025af3
core   0: 0x80004d58 (0x00615e13) srli    t3, sp, 6
core   0: 3 0x80004d58 (0x00615e13) x28 0x03ffffff
core   0: 0x80004d5c (0x006a8893) addi    a7, s5, 6
core   0: 3 0x80004d5c (0x006a8893) x17 0x0000000e
core   0: 0x80004d60 (0x0069d533) srl     a0, s3, t1
core   0: 3 0x80004d60 (0x0069d533) x10 0x00000007
core   0: 0x80004d64 (0xe1ad6c93) ori     s9, s10, -486
core   0: 3 0x80004d64 (0xe1ad6c93) x25 0xffffffbe
core   0: 0x80004d68 (0x0000e009) c.bnez  s0, pc + 2
core   0: 3 0x80004d68 (0xe009)
core   0: 0x80004d6a (0x000004a1) c.addi  s1, 8
core   0: 3 0x80004d6a (0x04a1) x9  0x80025afb
core   0: 0x80004d6c (0x0206d9b3) divu    s3, a3, zero
core   0: 3 0x80004d6c (0x0206d9b3) x19 0xffffffff
core   0: 0x80004d70 (0xd5cc0413) addi    s0, s8, -676
core   0: 3 0x80004d70 (0xd5cc0413) x8  0xfffffe1f
core   0: 0x80004d74 (0x00009afd) c.andi  a3, -1
core   0: 3 0x80004d74 (0x9afd) x13 0x00012000
core   0: 0x80004d76 (0x00008da1) c.xor   a1, s0
core   0: 3 0x80004d76 (0x8da1) x11 0xfffff9b9
core   0: 0x80004d78 (0x001c5633) srl     a2, s8, ra
core   0: 3 0x80004d78 (0x001c5633) x12 0x000000c3
core   0: 0x80004d7c (0x036e5a63) bge     t3, s6, pc + 52
core   0: 3 0x80004d7c (0x036e5a63)
core   0: 0x80004db0 (0x2f1e6993) ori     s3, t3, 753
core   0: 3 0x80004db0 (0x2f1e6993) x19 0x03ffffff
core   0: 0x80004db4 (0x414d55b3) sra     a1, s10, s4
core   0: 3 0x80004db4 (0x414d55b3) x11 0x00000000
core   0: 0x80004db8 (0x022f7a33) remu    s4, t5, sp
core   0: 3 0x80004db8 (0x022f7a33) x20 0x80029d24
core   0: 0x80004dbc (0x01e96c63) bltu    s2, t5, pc + 24
core   0: 3 0x80004dbc (0x01e96c63)
core   0: 0x80004dd4 (0x00831c93) slli    s9, t1, 8
core   0: 3 0x80004dd4 (0x00831c93) x25 0xffff3d00
core   0: 0x80004dd8 (0x7aa02913) slti    s2, zero, 1962
core   0: 3 0x80004dd8 (0x7aa02913) x18 0x00000001
core   0: 0x80004ddc (0x00005c7d) c.li    s8, -1
core   0: 3 0x80004ddc (0x5c7d) x24 0xffffffff
core   0: 0x80004dde (0x00006f8d) c.lui   t6, 0x3
core   0: 3 0x80004dde (0x6f8d) x31 0x00003000
core   0: 0x80004de0 (0x011d7533) and     a0, s10, a7
core   0: 3 0x80004de0 (0x011d7533) x10 0x0000000e
core   0: 0x80004de4 (0x01be8833) add     a6, t4, s11
core   0: 3 0x80004de4 (0x01be8833) x16 0x80025ea4
core   0: 0x80004de8 (0x01d39593) slli    a1, t2, 29
core   0: 3 0x80004de8 (0x01d39593) x11 0xa0000000
core   0: 0x80004dec (0x0000029e) c.slli  t0, 7
core   0: 3 0x80004dec (0x029e) x5  0x00000000
core   0: 0x80004dee (0x01a4bd33) sltu    s10, s1, s10
core   0: 3 0x80004dee (0x01a4bd33) x26 0x00000000
core   0: 0x80004df2 (0x01c91463) bne     s2, t3, pc + 8
core   0: 3 0x80004df2 (0x01c91463)
core   0: 0x80004dfa (0x40800e33) sub     t3, zero, s0
core   0: 3 0x80004dfa (0x40800e33) x28 0x000001e1
core   0: 0x80004dfe (0x00000001) c.nop
core   0: 3 0x80004dfe (0x0001)
core   0: 0x80004e00 (0x0000840e) c.mv    s0, gp
core   0: 3 0x80004e00 (0x840e) x8  0xffff582a
core   0: 0x80004e02 (0x00d600b3) add     ra, a2, a3
core   0: 3 0x80004e02 (0x00d600b3) x1  0x000120c3
core   0: 0x80004e06 (0x414f5e33) sra     t3, t5, s4
core   0: 3 0x80004e06 (0x414f5e33) x28 0xf80029d2
core   0: 0x80004e0a (0x0066f933) and     s2, a3, t1
core   0: 3 0x80004e0a (0x0066f933) x18 0x00012000
core   0: 0x80004e0e (0x00008e25) c.xor   a2, s1
core   0: 3 0x80004e0e (0x8e25) x12 0x80025a38
core   0: 0x80004e10 (0x03080233) mul     tp, a6, a6
core   0: 3 0x80004e10 (0x03080233) x4  0x9d8cd910
core   0: 0x80004e14 (0x01184bb3) xor     s7, a6, a7
core   0: 3 0x80004e14 (0x01184bb3) x23 0x80025eaa
core   0: 0x80004e18 (0x020241b3) div     gp, tp, zero
core   0: 3 0x80004e18 (0x020241b3) x3  0xffffffff
core   0: 0x80004e1c (0x019013b3) sll     t2, zero, s9
core   0: 3 0x80004e1c (0x019013b3) x7  0x00000000
core   0: 0x80004e20 (0x00b21db3) sll     s11, tp, a1
core   0: 3 0x80004e20 (0x00b21db3) x27 0x9d8cd910
core   0: 0x80004e24 (0x01e97463) bgeu    s2, t5, pc + 8
core   0: 3 0x80004e24 (0x01e97463)
core   0: 0x80004e28 (0x00aa78b3) and     a7, s4, a0
core   0: 3 0x80004e28 (0x00aa78b3) x17 0x00000004
core   0: 0x80004e2c (0x055ec163) blt     t4, s5, pc + 66
core   0: 3 0x80004e2c (0x055ec163)
core   0: 0x80004e6e (0x01c1e833) or      a6, gp, t3
core   0: 3 0x80004e6e (0x01c1e833) x16 0xffffffff
core   0: 0x80004e72 (0x0200a7b3) mulhsu  a5, ra, zero
core   0: 3 0x80004e72 (0x0200a7b3) x15 0x00000000
core   0: 0x80004e76 (0xecf4cd13) xori    s10, s1, -305
core   0: 3 0x80004e76 (0xecf4cd13) x26 0x7ffda434
core   0: 0x80004e7a (0x00008dbd) c.xor   a1, a5
core   0: 3 0x80004e7a (0x8dbd) x11 0xa0000000
core   0: 0x80004e7c (0x5c8e4913) xori    s2, t3, 1480
core   0: 3 0x80004e7c (0x5c8e4913) x18 0xf8002c1a
core   0: 0x80004e80 (0x02ef08b3) mul     a7, t5, a4
core   0: 3 0x80004e80 (0x02ef08b3) x17 0xa58e7f6c
core   0: 0x80004e84 (0x00f05093) srli    ra, zero, 15
core   0: 3 0x80004e84 (0x00f05093) x1  0x00000000
core   0: 0x80004e88 (0x01f61c33) sll     s8, a2, t6
core   0: 3 0x80004e88 (0x01f61c33) x24 0x80025a38
core   0: 0x80004e8c (0x00d49033) sll     zero, s1, a3
core   0: 3 0x80004e8c (0x00d49033)
core   0: 0x80004e90 (0x00000001) c.nop
core   0: 3 0x80004e90 (0x0001)
core   0: 0x80004e92 (0x0000818d) c.srli  a1, 3
core   0: 3 0x80004e92 (0x818d) x11 0x14000000
core   0: 0x80004e94 (0x00008c75) c.and   s0, a3
core   0: 3 0x80004e94 (0x8c75) x8  0x00010000
core   0: 0x80004e96 (0xbfdbcb13) xori    s6, s7, -1027
core   0: 3 0x80004e96 (0xbfdbcb13) x22 0x7ffda557
core   0: 0x80004e9a (0x05728163) beq     t0, s7, pc + 66
core   0: 3 0x80004e9a (0x05728163)
core   0: 0x80004e9e (0x03a805b3) mul     a1, a6, s10
core   0: 3 0x80004e9e (0x03a805b3) x11 0x80025bcc
core   0: 0x80004ea2 (0x00008cb5) c.xor   s1, a3
core   0: 3 0x80004ea2 (0x8cb5) x9  0x80037afb
core   0: 0x80004ea4 (0x017aebb3) or      s7, s5, s7
core   0: 3 0x80004ea4 (0x017aebb3) x23 0x80025eaa
core   0: 0x80004ea8 (0x00008b3a) c.mv    s6, a4
core   0: 3 0x80004ea8 (0x8b3a) x22 0x80025a03
core   0: 0x80004eaa (0x1e229897) auipc   a7, 0x1e229
core   0: 3 0x80004eaa (0x1e229897) x17 0x9e22deaa
core   0: 0x80004eae (0x02127cb3) remu    s9, tp, ra
core   0: 3 0x80004eae (0x02127cb3) x25 0x9d8cd910
core   0: 0x80004eb2 (0x028b81b3) mul     gp, s7, s0
core   0: 3 0x80004eb2 (0x028b81b3) x3  0x5eaa0000
core   0: 0x80004eb6 (0x00000909) c.addi  s2, 2
core   0: 3 0x80004eb6 (0x0909) x18 0xf8002c1c
core   0: 0x80004eb8 (0x03d9c233) div     tp, s3, t4
core   0: 3 0x80004eb8 (0x03d9c233) x4  0x00000000
core   0: 0x80004ebc (0x000f5963) bgez    t5, pc + 18
core   0: 3 0x80004ebc (0x000f5963)
core   0: 0x80004ec0 (0x4f1bcf93) xori    t6, s7, 1265
core   0: 3 0x80004ec0 (0x4f1bcf93) x31 0x80025a5b
core   0: 0x80004ec4 (0x00004b49) c.li    s6, 18
core   0: 3 0x80004ec4 (0x4b49) x22 0x00000012
core   0: 0x80004ec6 (0x40d259b3) sra     s3, tp, a3
core   0: 3 0x80004ec6 (0x40d259b3) x19 0x00000000
core   0: 0x80004eca (0x037860b3) rem     ra, a6, s7
core   0: 3 0x80004eca (0x037860b3) x1  0xffffffff
core   0: 0x80004ece (0x03cfecb3) rem     s9, t6, t3
core   0: 3 0x80004ece (0x03cfecb3) x25 0xffffbd3b
core   0: 0x80004ed2 (0x0018e263) bltu    a7, ra, pc + 4
core   0: 3 0x80004ed2 (0x0018e263)
core   0: 0x80004ed6 (0x0000628d) c.lui   t0, 0x3
core   0: 3 0x80004ed6 (0x628d) x5  0x00003000
core   0: 0x80004ed8 (0x033c41b3) div     gp, s8, s3
core   0: 3 0x80004ed8 (0x033c41b3) x3  0xffffffff
core   0: 0x80004edc (0x00008f49) c.or    a4, a0
core   0: 3 0x80004edc (0x8f49) x14 0x80025a0f
core   0: 0x80004ede (0x0000187d) c.addi  a6, -1
core   0: 3 0x80004ede (0x187d) x16 0xfffffffe
core   0: 0x80004ee0 (0x00a2e5b3) or      a1, t0, a0
core   0: 3 0x80004ee0 (0x00a2e5b3) x11 0x0000300e
core   0: 0x80004ee4 (0x0348c333) div     t1, a7, s4
core   0: 3 0x80004ee4 (0x0348c333) x6  0x00000000
core   0: 0x80004ee8 (0x40065513) srai    a0, a2, 0
core   0: 3 0x80004ee8 (0x40065513) x10 0x80025a38
core   0: 0x80004eec (0xd09eec17) auipc   s8, 0xd09ee
core   0: 3 0x80004eec (0xd09eec17) x24 0x509f2eec
core   0: 0x80004ef0 (0x00f2c9b3) xor     s3, t0, a5
core   0: 3 0x80004ef0 (0x00f2c9b3) x19 0x00003000
core   0: 0x80004ef4 (0x00008749) c.srai  a4, 18
core   0: 3 0x80004ef4 (0x8749) x14 0xffffe000
core   0: 0x80004ef6 (0x00008f8d) c.sub   a5, a1
core   0: 3 0x80004ef6 (0x8f8d) x15 0xffffcff2
core   0: 0x80004ef8 (0xc64b2b13) slti    s6, s6, -924
core   0: 3 0x80004ef8 (0xc64b2b13) x22 0x00000000
core   0: 0x80004efc (0x02ff89b3) mul     s3, t6, a5
core   0: 3 0x80004efc (0x02ff89b3) x19 0x8eedff06
core   0: 0x80004f00 (0x40185db3) sra     s11, a6, ra
core   0: 3 0x80004f00 (0x40185db3) x27 0xffffffff
core   0: 0x80004f04 (0x7d243c93) sltiu   s9, s0, 2002
core   0: 3 0x80004f04 (0x7d243c93) x25 0x00000000
core   0: 0x80004f08 (0x00006245) c.lui   tp, 0x11
core   0: 3 0x80004f08 (0x6245) x4  0x00011000
core   0: 0x80004f0a (0x00000001) c.nop
core   0: 3 0x80004f0a (0x0001)
core   0: 0x80004f0c (0x017cf563) bgeu    s9, s7, pc + 10
core   0: 3 0x80004f0c (0x017cf563)
core   0: 0x80004f10 (0x0780fb63) bgeu    ra, s8, pc + 118
core   0: 3 0x80004f10 (0x0780fb63)
core   0: 0x80004f86 (0x037e07b3) mul     a5, t3, s7
core   0: 3 0x80004f86 (0x037e07b3) x15 0x131ae174
core   0: 0x80004f8a (0x0000e681) c.bnez  a3, pc + 8
core   0: 3 0x80004f8a (0xe681)
core   0: 0x80004f92 (0xbe0d0c13) addi    s8, s10, -1056
core   0: 3 0x80004f92 (0xbe0d0c13) x24 0x7ffda014
core   0: 0x80004f96 (0x02f14e33) div     t3, sp, a5
core   0: 3 0x80004f96 (0x02f14e33) x28 0x00000000
core   0: 0x80004f9a (0x00000001) c.nop
core   0: 3 0x80004f9a (0x0001)
core   0: 0x80004f9c (0xd5712817) auipc   a6, 0xd5712
core   0: 3 0x80004f9c (0xd5712817) x16 0x55716f9c
core   0: 0x80004fa0 (0x000085f9) c.srai  a1, 30
core   0: 3 0x80004fa0 (0x85f9) x11 0x00000000
core   0: 0x80004fa2 (0x026e4433) div     s0, t3, t1
core   0: 3 0x80004fa2 (0x026e4433) x8  0xffffffff
core   0: 0x80004fa6 (0x00004b7d) c.li    s6, 31
core   0: 3 0x80004fa6 (0x4b7d) x22 0x0000001f
core   0: 0x80004fa8 (0x035bbdb3) mulhu   s11, s7, s5
core   0: 3 0x80004fa8 (0x035bbdb3) x27 0x00000004
core   0: 0x80004fac (0x025c26b3) mulhsu  a3, s8, t0
core   0: 3 0x80004fac (0x025c26b3) x13 0x000017ff
core   0: 0x80004fb0 (0xca9972b7) lui     t0, 0xca997
core   0: 3 0x80004fb0 (0xca9972b7) x5  0xca997000
core   0: 0x80004fb4 (0x00e824b3) slt     s1, a6, a4
core   0: 3 0x80004fb4 (0x00e824b3) x9  0x00000000
core   0: 0x80004fb8 (0x00d18e33) add     t3, gp, a3
core   0: 3 0x80004fb8 (0x00d18e33) x28 0x000017fe
core   0: 0x80004fbc (0x00006791) c.lui   a5, 0x4
core   0: 3 0x80004fbc (0x6791) x15 0x00004000
core   0: 0x80004fbe (0x0135d113) srli    sp, a1, 19
core   0: 3 0x80004fbe (0x0135d113) x2  0x00000000
core   0: 0x80004fc2 (0x03358a63) beq     a1, s3, pc + 52
core   0: 3 0x80004fc2 (0x03358a63)
core   0: 0x80004fc6 (0x0000846d) c.srai  s0, 27
core   0: 3 0x80004fc6 (0x846d) x8  0xffffffff
core   0: 0x80004fc8 (0x03a2e833) rem     a6, t0, s10
core   0: 3 0x80004fc8 (0x03a2e833) x16 0xca997000
core   0: 0x80004fcc (0x00000001) c.nop
core   0: 3 0x80004fcc (0x0001)
core   0: 0x80004fce (0xf1eb8037) lui     zero, 0xf1eb8
core   0: 3 0x80004fce (0xf1eb8037)
core   0: 0x80004fd2 (0x01b54d63) blt     a0, s11, pc + 26
core   0: 3 0x80004fd2 (0x01b54d63)
core   0: 0x80004fec (0x0033d7b3) srl     a5, t2, gp
core   0: 3 0x80004fec (0x0033d7b3) x15 0x00000000
core   0: 0x80004ff0 (0x00008709) c.srai  a4, 2
core   0: 3 0x80004ff0 (0x8709) x14 0xfffff800
core   0: 0x80004ff2 (0x00309a13) slli    s4, ra, 3
core   0: 3 0x80004ff2 (0x00309a13) x20 0xfffffff8
core   0: 0x80004ff6 (0x40ef5e33) sra     t3, t5, a4
core   0: 3 0x80004ff6 (0x40ef5e33) x28 0x80029d24
core   0: 0x80004ffa (0x00000001) c.nop
core   0: 3 0x80004ffa (0x0001)
core   0: 0x80004ffc (0x01fb5693) srli    a3, s6, 31
core   0: 3 0x80004ffc (0x01fb5693) x13 0x00000000
core   0: 0x80005000 (0x017a1d33) sll     s10, s4, s7
core   0: 3 0x80005000 (0x017a1d33) x26 0xffffe000
core   0: 0x80005004 (0x00008625) c.srai  a2, 9
core   0: 3 0x80005004 (0x8625) x12 0xffc0012d
core   0: 0x80005006 (0x20ffa713) slti    a4, t6, 527
core   0: 3 0x80005006 (0x20ffa713) x14 0x00000001
core   0: 0x8000500a (0x04707163) bgeu    zero, t2, pc + 66
core   0: 3 0x8000500a (0x04707163)
core   0: 0x8000504c (0xb48abdb7) lui     s11, 0xb48ab
core   0: 3 0x8000504c (0xb48abdb7) x27 0xb48ab000
core   0: 0x80005050 (0x00008bf9) c.andi  a5, 30
core   0: 3 0x80005050 (0x8bf9) x15 0x00000000
core   0: 0x80005052 (0x008cc233) xor     tp, s9, s0
core   0: 3 0x80005052 (0x008cc233) x4  0xffffffff
core   0: 0x80005056 (0x00b1d013) srli    zero, gp, 11
core   0: 3 0x80005056 (0x00b1d013)
core   0: 0x8000505a (0x87d4c337) lui     t1, 0x87d4c
core   0: 3 0x8000505a (0x87d4c337) x6  0x87d4c000
core   0: 0x8000505e (0x00001708) c.addi4spn a0, sp, 928
core   0: 3 0x8000505e (0x1708) x10 0x000003a0
core   0: 0x80005060 (0x035c0d63) beq     s8, s5, pc + 58
core   0: 3 0x80005060 (0x035c0d63)
core   0: 0x80005064 (0x00243bb3) sltu    s7, s0, sp
core   0: 3 0x80005064 (0x00243bb3) x23 0x00000000
core   0: 0x80005068 (0x016f9533) sll     a0, t6, s6
core   0: 3 0x80005068 (0x016f9533) x10 0x80000000
core   0: 0x8000506c (0x0000c405) c.beqz  s0, pc + 40
core   0: 3 0x8000506c (0xc405)
core   0: 0x8000506e (0x00244bb3) xor     s7, s0, sp
core   0: 3 0x8000506e (0x00244bb3) x23 0xffffffff
core   0: 0x80005072 (0x000087bd) c.srai  a5, 15
core   0: 3 0x80005072 (0x87bd) x15 0x00000000
core   0: 0x80005074 (0x00000376) c.slli  t1, 29
core   0: 3 0x80005074 (0x0376) x6  0x00000000
core   0: 0x80005076 (0x0000c399) c.beqz  a5, pc + 6
core   0: 3 0x80005076 (0xc399)
core   0: 0x8000507c (0x0000e00d) c.bnez  s0, pc + 34
core   0: 3 0x8000507c (0xe00d)
core   0: 0x8000509e (0x00006a2d) c.lui   s4, 0xb
core   0: 3 0x8000509e (0x6a2d) x20 0x0000b000
core   0: 0x800050a0 (0xededb693) sltiu   a3, s11, -290
core   0: 3 0x800050a0 (0xededb693) x13 0x00000001
core   0: 0x800050a4 (0x20177493) andi    s1, a4, 513
core   0: 3 0x800050a4 (0x20177493) x9  0x00000001
core   0: 0x800050a8 (0x419bd133) sra     sp, s7, s9
core   0: 3 0x800050a8 (0x419bd133) x2  0xffffffff
core   0: 0x800050ac (0x7c170b93) addi    s7, a4, 1985
core   0: 3 0x800050ac (0x7c170b93) x23 0x000007c2
core   0: 0x800050b0 (0x000085f2) c.mv    a1, t3
core   0: 3 0x800050b0 (0x85f2) x11 0x80029d24
core   0: 0x800050b2 (0x019be763) bltu    s7, s9, pc + 14
core   0: 3 0x800050b2 (0x019be763)
core   0: 0x800050b6 (0x401d5b33) sra     s6, s10, ra
core   0: 3 0x800050b6 (0x401d5b33) x22 0xffffffff
core   0: 0x800050ba (0x41d383b3) sub     t2, t2, t4
core   0: 3 0x800050ba (0x41d383b3) x7  0x7ffda15c
core   0: 0x800050be (0x000087f1) c.srai  a5, 28
core   0: 3 0x800050be (0x87f1) x15 0x00000000
core   0: 0x800050c0 (0x00000994) c.addi4spn a3, sp, 208
core   0: 3 0x800050c0 (0x0994) x13 0x000000cf
core   0: 0x800050c2 (0x00000001) c.nop
core   0: 3 0x800050c2 (0x0001)
core   0: 0x800050c4 (0x00006255) c.lui   tp, 0x15
core   0: 3 0x800050c4 (0x6255) x4  0x00015000
core   0: 0x800050c6 (0x000092e6) c.add   t0, s9
core   0: 3 0x800050c6 (0x92e6) x5  0xca997000
core   0: 0x800050c8 (0x00000001) c.nop
core   0: 3 0x800050c8 (0x0001)
core   0: 0x800050ca (0x00004ddd) c.li    s11, 23
core   0: 3 0x800050ca (0x4ddd) x27 0x00000017
core   0: 0x800050cc (0x01b7abb3) slt     s7, a5, s11
core   0: 3 0x800050cc (0x01b7abb3) x23 0x00000001
core   0: 0x800050d0 (0x401a58b3) sra     a7, s4, ra
core   0: 3 0x800050d0 (0x401a58b3) x17 0x00000000
core   0: 0x800050d4 (0x019e6233) or      tp, t3, s9
core   0: 3 0x800050d4 (0x019e6233) x4  0x80029d24
core   0: 0x800050d8 (0xfa8e4c13) xori    s8, t3, -88
core   0: 3 0x800050d8 (0xfa8e4c13) x24 0x7ffd628c
core   0: 0x800050dc (0x94f4c893) xori    a7, s1, -1713
core   0: 3 0x800050dc (0x94f4c893) x17 0xfffff94e
core   0: 0x800050e0 (0x00009092) c.add   ra, tp
core   0: 3 0x800050e0 (0x9092) x1  0x80029d23
core   0: 0x800050e2 (0x000057fd) c.li    a5, -1
core   0: 3 0x800050e2 (0x57fd) x15 0xffffffff
core   0: 0x800050e4 (0x41235693) srai    a3, t1, 18
core   0: 3 0x800050e4 (0x41235693) x13 0x00000000
core   0: 0x800050e8 (0xda061a37) lui     s4, 0xda061
core   0: 3 0x800050e8 (0xda061a37) x20 0xda061000
core   0: 0x800050ec (0x00000001) c.nop
core   0: 3 0x800050ec (0x0001)
core   0: 0x800050ee (0x0000717d) c.addi16sp sp, -16
core   0: 3 0x800050ee (0x717d) x2  0xffffffef
core   0: 0x800050f0 (0x022803b3) mul     t2, a6, sp
core   0: 3 0x800050f0 (0x022803b3) x7  0x8bcf9000
core   0: 0x800050f4 (0x00000001) c.nop
core   0: 3 0x800050f4 (0x0001)
core   0: 0x800050f6 (0x00000001) c.nop
core   0: 3 0x800050f6 (0x0001)
core   0: 0x800050f8 (0x00000785) c.addi  a5, 1
core   0: 3 0x800050f8 (0x0785) x15 0x00000000
core   0: 0x800050fa (0x01ae1693) slli    a3, t3, 26
core   0: 3 0x800050fa (0x01ae1693) x13 0x90000000
core   0: 0x800050fe (0x00781433) sll     s0, a6, t2
core   0: 3 0x800050fe (0x00781433) x8  0xca997000
core   0: 0x80005102 (0x4070df93) srai    t6, ra, 7
core   0: 3 0x80005102 (0x4070df93) x31 0xff00053a
core   0: 0x80005106 (0x02aa5733) divu    a4, s4, a0
core   0: 3 0x80005106 (0x02aa5733) x14 0x00000001
core   0: 0x8000510a (0x4057d3b3) sra     t2, a5, t0
core   0: 3 0x8000510a (0x4057d3b3) x7  0x00000000
core   0: 0x8000510e (0x02c1fe33) remu    t3, gp, a2
core   0: 3 0x8000510e (0x02c1fe33) x28 0x003ffed2
core   0: 0x80005112 (0x00d25d33) srl     s10, tp, a3
core   0: 3 0x80005112 (0x00d25d33) x26 0x80029d24
core   0: 0x80005116 (0x00006951) c.lui   s2, 0x14
core   0: 3 0x80005116 (0x6951) x18 0x00014000
core   0: 0x80005118 (0x00006129) c.addi16sp sp, 192
core   0: 3 0x80005118 (0x6129) x2  0x000000af
core   0: 0x8000511a (0x11917093) andi    ra, sp, 281
core   0: 3 0x8000511a (0x11917093) x1  0x00000009
core   0: 0x8000511e (0xc95f8d93) addi    s11, t6, -875
core   0: 3 0x8000511e (0xc95f8d93) x27 0xff0001cf
core   0: 0x80005122 (0x01232333) slt     t1, t1, s2
core   0: 3 0x80005122 (0x01232333) x6  0x00000001
core   0: 0x80005126 (0x00cdc8b3) xor     a7, s11, a2
core   0: 3 0x80005126 (0x00cdc8b3) x17 0x00c000e2
core   0: 0x8000512a (0x41c65913) srai    s2, a2, 28
core   0: 3 0x8000512a (0x41c65913) x18 0xffffffff
core   0: 0x8000512e (0x00000001) c.nop
core   0: 3 0x8000512e (0x0001)
core   0: 0x80005130 (0x00009e5e) c.add   t3, s7
core   0: 3 0x80005130 (0x9e5e) x28 0x003ffed3
core   0: 0x80005132 (0x00009a46) c.add   s4, a7
core   0: 3 0x80005132 (0x9a46) x20 0xdac610e2
core   0: 0x80005134 (0x0000f3e1) c.bnez  a5, pc - 64
core   0: 3 0x80005134 (0xf3e1)
core   0: 0x80005136 (0x03ac43b3) div     t2, s8, s10
core   0: 3 0x80005136 (0x03ac43b3) x7  0x00000000
core   0: 0x8000513a (0x0000814e) c.mv    sp, s3
core   0: 3 0x8000513a (0x814e) x2  0x8eedff06
core   0: 0x8000513c (0x00008d9d) c.sub   a1, a5
core   0: 3 0x8000513c (0x8d9d) x11 0x80029d24
core   0: 0x8000513e (0x5127e393) ori     t2, a5, 1298
core   0: 3 0x8000513e (0x5127e393) x7  0x00000512
core   0: 0x80005142 (0x02a11363) bne     sp, a0, pc + 38
core   0: 3 0x80005142 (0x02a11363)
core   0: 0x80005168 (0x00006859) c.lui   a6, 0x16
core   0: 3 0x80005168 (0x6859) x16 0x00016000
core   0: 0x8000516a (0x0000c289) c.beqz  a3, pc + 2
core   0: 3 0x8000516a (0xc289)
core   0: 0x8000516c (0x00004d35) c.li    s10, 13
core   0: 3 0x8000516c (0x4d35) x26 0x0000000d
core   0: 0x8000516e (0x00aa60b3) or      ra, s4, a0
core   0: 3 0x8000516e (0x00aa60b3) x1  0xdac610e2
core   0: 0x80005172 (0x000081dd) c.srli  a1, 23
core   0: 3 0x80005172 (0x81dd) x11 0x00000100
core   0: 0x80005174 (0x00005dfd) c.li    s11, -1
core   0: 3 0x80005174 (0x5dfd) x27 0xffffffff
core   0: 0x80005176 (0x00008d0d) c.sub   a0, a1
core   0: 3 0x80005176 (0x8d0d) x10 0x7fffff00
core   0: 0x80005178 (0xf5c7ff93) andi    t6, a5, -164
core   0: 3 0x80005178 (0xf5c7ff93) x31 0x00000000
core   0: 0x8000517c (0x000097b2) c.add   a5, a2
core   0: 3 0x8000517c (0x97b2) x15 0xffc0012d
core   0: 0x8000517e (0x04f47163) bgeu    s0, a5, pc + 66
core   0: 3 0x8000517e (0x04f47163)
core   0: 0x80005182 (0x03fef133) remu    sp, t4, t6
core   0: 3 0x80005182 (0x03fef133) x2  0x80025ea4
core   0: 0x80005186 (0x00000001) c.nop
core   0: 3 0x80005186 (0x0001)
core   0: 0x80005188 (0x000062f1) c.lui   t0, 0x1c
core   0: 3 0x80005188 (0x62f1) x5  0x0001c000
core   0: 0x8000518a (0x02a0ab33) mulhsu  s6, ra, a0
core   0: 3 0x8000518a (0x02a0ab33) x22 0xed630896
core   0: 0x8000518e (0x40f4d733) sra     a4, s1, a5
core   0: 3 0x8000518e (0x40f4d733) x14 0x00000000
core   0: 0x80005192 (0x0000e90d) c.bnez  a0, pc + 50
core   0: 3 0x80005192 (0xe90d)
core   0: 0x800051c4 (0xc523ea13) ori     s4, t2, -942
core   0: 3 0x800051c4 (0xc523ea13) x20 0xfffffd52
core   0: 0x800051c8 (0x02c15163) bge     sp, a2, pc + 34
core   0: 3 0x800051c8 (0x02c15163)
core   0: 0x800051cc (0x0000828d) c.srli  a3, 3
core   0: 3 0x800051cc (0x828d) x13 0x12000000
core   0: 0x800051ce (0x0000855d) c.srai  a0, 23
core   0: 3 0x800051ce (0x855d) x10 0x000000ff
core   0: 0x800051d0 (0x03aab8b3) mulhu   a7, s5, s10
core   0: 3 0x800051d0 (0x03aab8b3) x17 0x00000000
core   0: 0x800051d4 (0x01dc7733) and     a4, s8, t4
core   0: 3 0x800051d4 (0x01dc7733) x14 0x00004284
core   0: 0x800051d8 (0x000098fd) c.andi  s1, -1
core   0: 3 0x800051d8 (0x98fd) x9  0x00000001
core   0: 0x800051da (0x032d5733) divu    a4, s10, s2
core   0: 3 0x800051da (0x032d5733) x14 0x00000000
core   0: 0x800051de (0x0307de33) divu    t3, a5, a6
core   0: 3 0x800051de (0x0307de33) x28 0x0000ba00
core   0: 0x800051e2 (0x00008cf9) c.and   s1, a4
core   0: 3 0x800051e2 (0x8cf9) x9  0x00000000
core   0: 0x800051e4 (0x0000867a) c.mv    a2, t5
core   0: 3 0x800051e4 (0x867a) x12 0x80029d24
core   0: 0x800051e6 (0x40ecd933) sra     s2, s9, a4
core   0: 3 0x800051e6 (0x40ecd933) x18 0x00000000
core   0: 0x800051ea (0x0127ffb3) and     t6, a5, s2
core   0: 3 0x800051ea (0x0127ffb3) x31 0x00000000
core   0: 0x800051ee (0x00ceed63) bltu    t4, a2, pc + 26
core   0: 3 0x800051ee (0x00ceed63)
core   0: 0x80005208 (0x015dc433) xor     s0, s11, s5
core   0: 3 0x80005208 (0x015dc433) x8  0xfffffff7
core   0: 0x8000520c (0x3e130293) addi    t0, t1, 993
core   0: 3 0x8000520c (0x3e130293) x5  0x000003e2
core   0: 0x80005210 (0x41715813) srai    a6, sp, 23
core   0: 3 0x80005210 (0x41715813) x16 0xffffff00
core   0: 0x80005214 (0x023b6fb3) rem     t6, s6, gp
core   0: 3 0x80005214 (0x023b6fb3) x31 0x00000000
core   0: 0x80005218 (0x00008db1) c.xor   a1, a2
core   0: 3 0x80005218 (0x8db1) x11 0x80029c24
core   0: 0x8000521a (0x41818fb3) sub     t6, gp, s8
core   0: 3 0x8000521a (0x41818fb3) x31 0x80029d73
core   0: 0x8000521e (0x01332d33) slt     s10, t1, s3
core   0: 3 0x8000521e (0x01332d33) x26 0x00000000
core   0: 0x80005222 (0x402f5e13) srai    t3, t5, 2
core   0: 3 0x80005222 (0x402f5e13) x28 0xe000a749
core   0: 0x80005226 (0x00771d93) slli    s11, a4, 7
core   0: 3 0x80005226 (0x00771d93) x27 0x00000000
core   0: 0x8000522a (0x00008c15) c.sub   s0, a3
core   0: 3 0x8000522a (0x8c15) x8  0xedfffff7
core   0: 0x8000522c (0x000085e5) c.srai  a1, 25
core   0: 3 0x8000522c (0x85e5) x11 0xffffffc0
core   0: 0x8000522e (0x0000178c) c.addi4spn a1, sp, 992
core   0: 3 0x8000522e (0x178c) x11 0x80026284
core   0: 0x80005230 (0x00000001) c.nop
core   0: 3 0x80005230 (0x0001)
core   0: 0x80005232 (0x00e27db3) and     s11, tp, a4
core   0: 3 0x80005232 (0x00e27db3) x27 0x00000000
core   0: 0x80005236 (0x014f3e33) sltu    t3, t5, s4
core   0: 3 0x80005236 (0x014f3e33) x28 0x00000001
core   0: 0x8000523a (0x32e00d93) li      s11, 814
core   0: 3 0x8000523a (0x32e00d93) x27 0x0000032e
core   0: 0x8000523e (0x000087ed) c.srai  a5, 27
core   0: 3 0x8000523e (0x87ed) x15 0xffffffff
core   0: 0x80005240 (0x034a7cb3) remu    s9, s4, s4
core   0: 3 0x80005240 (0x034a7cb3) x25 0x00000000
core   0: 0x80005244 (0x00008039) c.srli  s0, 14
core   0: 3 0x80005244 (0x8039) x8  0x0003b7ff
core   0: 0x80005246 (0x02af11b3) mulh    gp, t5, a0
core   0: 3 0x80005246 (0x02af11b3) x3  0xffffff80
core   0: 0x8000524a (0x404e0733) sub     a4, t3, tp
core   0: 3 0x8000524a (0x404e0733) x14 0x7ffd62dd
core   0: 0x8000524e (0x410eda33) sra     s4, t4, a6
core   0: 3 0x8000524e (0x410eda33) x20 0x80025ea4
core   0: 0x80005252 (0x02e34a63) blt     t1, a4, pc + 52
core   0: 3 0x80005252 (0x02e34a63)
core   0: 0x80005286 (0x000095e6) c.add   a1, s9
core   0: 3 0x80005286 (0x95e6) x11 0x80026284
core   0: 0x80005288 (0x02900233) mul     tp, zero, s1
core   0: 3 0x80005288 (0x02900233) x4  0x00000000
core   0: 0x8000528c (0x001228b3) slt     a7, tp, ra
core   0: 3 0x8000528c (0x001228b3) x17 0x00000000
core   0: 0x80005290 (0x0000e309) c.bnez  a4, pc + 2
core   0: 3 0x80005290 (0xe309)
core   0: 0x80005292 (0x00000001) c.nop
core   0: 3 0x80005292 (0x0001)
core   0: 0x80005294 (0x76454197) auipc   gp, 0x76454
core   0: 3 0x80005294 (0x76454197) x3  0xf6459294
core   0: 0x80005298 (0x00008e65) c.and   a2, s1
core   0: 3 0x80005298 (0x8e65) x12 0x00000000
core   0: 0x8000529a (0x000ed1b3) srl     gp, t4, zero
core   0: 3 0x8000529a (0x000ed1b3) x3  0x80025ea4
core   0: 0x8000529e (0x01333233) sltu    tp, t1, s3
core   0: 3 0x8000529e (0x01333233) x4  0x00000001
core   0: 0x800052a2 (0x80a00e13) li      t3, -2038
core   0: 3 0x800052a2 (0x80a00e13) x28 0xfffff80a
core   0: 0x800052a6 (0x00006125) c.addi16sp sp, 96
core   0: 3 0x800052a6 (0x6125) x2  0x80025f04
core   0: 0x800052a8 (0x006694b3) sll     s1, a3, t1
core   0: 3 0x800052a8 (0x006694b3) x9  0x24000000
core   0: 0x800052ac (0x014252b3) srl     t0, tp, s4
core   0: 3 0x800052ac (0x014252b3) x5  0x00000000
core   0: 0x800052b0 (0x02880763) beq     a6, s0, pc + 46
core   0: 3 0x800052b0 (0x02880763)
core   0: 0x800052b4 (0x01ddc3b3) xor     t2, s11, t4
core   0: 3 0x800052b4 (0x01ddc3b3) x7  0x80025d8a
core   0: 0x800052b8 (0x02413db3) mulhu   s11, sp, tp
core   0: 3 0x800052b8 (0x02413db3) x27 0x00000000
core   0: 0x800052bc (0x0000ef05) c.bnez  a4, pc + 56
core   0: 3 0x800052bc (0xef05)
core   0: 0x800052f4 (0x00006e71) c.lui   t3, 0x1c
core   0: 3 0x800052f4 (0x6e71) x28 0x0001c000
core   0: 0x800052f6 (0x41d55cb3) sra     s9, a0, t4
core   0: 3 0x800052f6 (0x41d55cb3) x25 0x0000000f
core   0: 0x800052fa (0x01789a33) sll     s4, a7, s7
core   0: 3 0x800052fa (0x01789a33) x20 0x00000000
core   0: 0x800052fe (0x01d77263) bgeu    a4, t4, pc + 4
core   0: 3 0x800052fe (0x01d77263)
core   0: 0x80005302 (0x000065a9) c.lui   a1, 0xa
core   0: 3 0x80005302 (0x65a9) x11 0x0000a000
core   0: 0x80005304 (0xb0f92013) slti    zero, s2, -1265
core   0: 3 0x80005304 (0xb0f92013)
core   0: 0x80005308 (0x0000c609) c.beqz  a2, pc + 10
core   0: 3 0x80005308 (0xc609)
core   0: 0x80005312 (0x015cd4b3) srl     s1, s9, s5
core   0: 3 0x80005312 (0x015cd4b3) x9  0x00000000
core   0: 0x80005316 (0x010bedb3) or      s11, s7, a6
core   0: 3 0x80005316 (0x010bedb3) x27 0xffffff01
core   0: 0x8000531a (0x00001410) c.addi4spn a2, sp, 544
core   0: 3 0x8000531a (0x1410) x12 0x80026124
core   0: 0x8000531c (0x0200f1b3) remu    gp, ra, zero
core   0: 3 0x8000531c (0x0200f1b3) x3  0xdac610e2
core   0: 0x80005320 (0x00008789) c.srai  a5, 2
core   0: 3 0x80005320 (0x8789) x15 0xffffffff
core   0: 0x80005322 (0x00000d06) c.slli  s10, 1
core   0: 3 0x80005322 (0x0d06) x26 0x00000000
core   0: 0x80005324 (0x00000b90) c.addi4spn a2, sp, 464
core   0: 3 0x80005324 (0x0b90) x12 0x800260d4
core   0: 0x80005326 (0x035a0233) mul     tp, s4, s5
core   0: 3 0x80005326 (0x035a0233) x4  0x00000000
core   0: 0x8000532a (0x039f0233) mul     tp, t5, s9
core   0: 3 0x8000532a (0x039f0233) x4  0x8027351c
core   0: 0x8000532e (0x41ef5d93) srai    s11, t5, 30
core   0: 3 0x8000532e (0x41ef5d93) x27 0xfffffffe
core   0: 0x80005332 (0x4282c993) xori    s3, t0, 1064
core   0: 3 0x80005332 (0x4282c993) x19 0x00000428
core   0: 0x80005336 (0x096fa113) slti    sp, t6, 150
core   0: 3 0x80005336 (0x096fa113) x2  0x00000001
core   0: 0x8000533a (0x00000001) c.nop
core   0: 3 0x8000533a (0x0001)
core   0: 0x8000533c (0x03772333) mulhsu  t1, a4, s7
core   0: 3 0x8000533c (0x03772333) x6  0x00000000
core   0: 0x80005340 (0x000099fd) c.andi  a1, -1
core   0: 3 0x80005340 (0x99fd) x11 0x0000a000
core   0: 0x80005342 (0x882b0293) addi    t0, s6, -1918
core   0: 3 0x80005342 (0x882b0293) x5  0xed630118
core   0: 0x80005346 (0x009a7263) bgeu    s4, s1, pc + 4
core   0: 3 0x80005346 (0x009a7263)
core   0: 0x8000534a (0x00004cad) c.li    s9, 11
core   0: 3 0x8000534a (0x4cad) x25 0x0000000b
core   0: 0x8000534c (0x000094f6) c.add   s1, t4
core   0: 3 0x8000534c (0x94f6) x9  0x80025ea4
core   0: 0x8000534e (0x7e488893) addi    a7, a7, 2020
core   0: 3 0x8000534e (0x7e488893) x17 0x000007e4
core   0: 0x80005352 (0xc5e5c513) xori    a0, a1, -930
core   0: 3 0x80005352 (0xc5e5c513) x10 0xffff5c5e
core   0: 0x80005356 (0x92d64293) xori    t0, a2, -1747
core   0: 3 0x80005356 (0x92d64293) x5  0x7ffd99f9
core   0: 0x8000535a (0x010fa533) slt     a0, t6, a6
core   0: 3 0x8000535a (0x010fa533) x10 0x00000001
core   0: 0x8000535e (0x00000001) c.nop
core   0: 3 0x8000535e (0x0001)
core   0: 0x80005360 (0x0000011e) c.slli  sp, 7
core   0: 3 0x80005360 (0x011e) x2  0x00000080
core   0: 0x80005362 (0x02b31263) bne     t1, a1, pc + 36
core   0: 3 0x80005362 (0x02b31263)
core   0: 0x80005386 (0x00006875) c.lui   a6, 0x1d
core   0: 3 0x80005386 (0x6875) x16 0x0001d000
core   0: 0x80005388 (0xd16e4d17) auipc   s10, 0xd16e4
core   0: 3 0x80005388 (0xd16e4d17) x26 0x516e9388
core   0: 0x8000538c (0x00008d99) c.sub   a1, a4
core   0: 3 0x8000538c (0x8d99) x11 0x80033d23
core   0: 0x8000538e (0x0000cb85) c.beqz  a5, pc + 48
core   0: 3 0x8000538e (0xcb85)
core   0: 0x80005390 (0x0225f4b3) remu    s1, a1, sp
core   0: 3 0x80005390 (0x0225f4b3) x9  0x00000023
core   0: 0x80005394 (0x00471c93) slli    s9, a4, 4
core   0: 3 0x80005394 (0x00471c93) x25 0xffd62dd0
core   0: 0x80005398 (0x41f207b3) sub     a5, tp, t6
core   0: 3 0x80005398 (0x41f207b3) x15 0x002497a9
core   0: 0x8000539c (0x043b8e13) addi    t3, s7, 67
core   0: 3 0x8000539c (0x043b8e13) x28 0x00000044
core   0: 0x800053a0 (0x00b3d493) srli    s1, t2, 11
core   0: 3 0x800053a0 (0x00b3d493) x9  0x0010004b
core   0: 0x800053a4 (0x024cd4b3) divu    s1, s9, tp
core   0: 3 0x800053a4 (0x024cd4b3) x9  0x00000001
core   0: 0x800053a8 (0x039d8db3) mul     s11, s11, s9
core   0: 3 0x800053a8 (0x039d8db3) x27 0x0053a460
core   0: 0x800053ac (0x09a00c13) li      s8, 154
core   0: 3 0x800053ac (0x09a00c13) x24 0x0000009a
core   0: 0x800053b0 (0x00008d6d) c.and   a0, a1
core   0: 3 0x800053b0 (0x8d6d) x10 0x00000001
core   0: 0x800053b2 (0x0331c633) div     a2, gp, s3
core   0: 3 0x800053b2 (0x0331c633) x12 0xfff70b16
core   0: 0x800053b6 (0x004a59b3) srl     s3, s4, tp
core   0: 3 0x800053b6 (0x004a59b3) x19 0x00000000
core   0: 0x800053ba (0x005bc0b3) xor     ra, s7, t0
core   0: 3 0x800053ba (0x005bc0b3) x1  0x7ffd99f8
core   0: 0x800053be (0x011f36b3) sltu    a3, t5, a7
core   0: 3 0x800053be (0x011f36b3) x13 0x00000000
core   0: 0x800053c2 (0x0fdcc237) lui     tp, 0xfdcc
core   0: 3 0x800053c2 (0x0fdcc237) x4  0x0fdcc000
core   0: 0x800053c6 (0x4087d7b3) sra     a5, a5, s0
core   0: 3 0x800053c6 (0x4087d7b3) x15 0x00000000
core   0: 0x800053ca (0x788e0913) addi    s2, t3, 1928
core   0: 3 0x800053ca (0x788e0913) x18 0x000007cc
core   0: 0x800053ce (0x002f5b33) srl     s6, t5, sp
core   0: 3 0x800053ce (0x002f5b33) x22 0x80029d24
core   0: 0x800053d2 (0x01221933) sll     s2, tp, s2
core   0: 3 0x800053d2 (0x01221933) x18 0xcc000000
core   0: 0x800053d6 (0x0720e193) ori     gp, ra, 114
core   0: 3 0x800053d6 (0x0720e193) x3  0x7ffd99fa
core   0: 0x800053da (0x00f42fb3) slt     t6, s0, a5
core   0: 3 0x800053da (0x00f42fb3) x31 0x00000000
core   0: 0x800053de (0x0000839d) c.srli  a5, 7
core   0: 3 0x800053de (0x839d) x15 0x00000000
core   0: 0x800053e0 (0x8d147a13) andi    s4, s0, -1839
core   0: 3 0x800053e0 (0x8d147a13) x20 0x0003b0d1
core   0: 0x800053e4 (0x0000c089) c.beqz  s1, pc + 2
core   0: 3 0x800053e4 (0xc089)
core   0: 0x800053e6 (0x0034b633) sltu    a2, s1, gp
core   0: 3 0x800053e6 (0x0034b633) x12 0x00000001
core   0: 0x800053ea (0x00000001) c.nop
core   0: 3 0x800053ea (0x0001)
core   0: 0x800053ec (0x00000c71) c.addi  s8, 28
core   0: 3 0x800053ec (0x0c71) x24 0x000000b6
core   0: 0x800053ee (0x01fa1d63) bne     s4, t6, pc + 26
core   0: 3 0x800053ee (0x01fa1d63)
core   0: 0x80005408 (0x01411d33) sll     s10, sp, s4
core   0: 3 0x80005408 (0x01411d33) x26 0x01000000
core   0: 0x8000540c (0x41df0c33) sub     s8, t5, t4
core   0: 3 0x8000540c (0x41df0c33) x24 0x00003e80
core   0: 0x80005410 (0x00000dc5) c.addi  s11, 17
core   0: 3 0x80005410 (0x0dc5) x27 0x0053a471
core   0: 0x80005412 (0x000083c1) c.srli  a5, 16
core   0: 3 0x80005412 (0x83c1) x15 0x00000000
core   0: 0x80005414 (0x00008dbe) c.mv    s11, a5
core   0: 3 0x80005414 (0x8dbe) x27 0x00000000
core   0: 0x80005416 (0x00008c11) c.sub   s0, a2
core   0: 3 0x80005416 (0x8c11) x8  0x0003b7fe
core   0: 0x80005418 (0xb0887293) andi    t0, a6, -1272
core   0: 3 0x80005418 (0xb0887293) x5  0x0001d000
core   0: 0x8000541c (0x036e50b3) divu    ra, t3, s6
core   0: 3 0x8000541c (0x036e50b3) x1  0x00000000
core   0: 0x80005420 (0x01095033) srl     zero, s2, a6
core   0: 3 0x80005420 (0x01095033)
core   0: 0x80005424 (0x001ca3b3) slt     t2, s9, ra
core   0: 3 0x80005424 (0x001ca3b3) x7  0x00000001
core   0: 0x80005428 (0x0258d6b3) divu    a3, a7, t0
core   0: 3 0x80005428 (0x0258d6b3) x13 0x00000000
core   0: 0x8000542c (0x03a2c433) div     s0, t0, s10
core   0: 3 0x8000542c (0x03a2c433) x8  0x00000000
core   0: 0x80005430 (0x02f5a533) mulhsu  a0, a1, a5
core   0: 3 0x80005430 (0x02f5a533) x10 0x00000000
core   0: 0x80005434 (0x415382b3) sub     t0, t2, s5
core   0: 3 0x80005434 (0x415382b3) x5  0xfffffff9
core   0: 0x80005438 (0x01f0d263) bge     ra, t6, pc + 4
core   0: 3 0x80005438 (0x01f0d263)
core   0: 0x8000543c (0x00008f75) c.and   a4, a3
core   0: 3 0x8000543c (0x8f75) x14 0x00000000
core   0: 0x8000543e (0x00ab7fb3) and     t6, s6, a0
core   0: 3 0x8000543e (0x00ab7fb3) x31 0x00000000
core   0: 0x80005442 (0x00009bfd) c.andi  a5, -1
core   0: 3 0x80005442 (0x9bfd) x15 0x00000000
core   0: 0x80005444 (0x00000001) c.nop
core   0: 3 0x80005444 (0x0001)
core   0: 0x80005446 (0x017365b3) or      a1, t1, s7
core   0: 3 0x80005446 (0x017365b3) x11 0x00000001
core   0: 0x8000544a (0x00000001) c.nop
core   0: 3 0x8000544a (0x0001)
core   0: 0x8000544c (0x00900463) beq     zero, s1, pc + 8
core   0: 3 0x8000544c (0x00900463)
core   0: 0x80005450 (0x02224633) div     a2, tp, sp
core   0: 3 0x80005450 (0x02224633) x12 0x001fb980
core   0: 0x80005454 (0x01ac71b3) and     gp, s8, s10
core   0: 3 0x80005454 (0x01ac71b3) x3  0x00000000
core   0: 0x80005458 (0x0356a0b3) mulhsu  ra, a3, s5
core   0: 3 0x80005458 (0x0356a0b3) x1  0x00000000
core   0: 0x8000545c (0x000088f5) c.andi  s1, 29
core   0: 3 0x8000545c (0x88f5) x9  0x00000001
core   0: 0x8000545e (0x00001708) c.addi4spn a0, sp, 928
core   0: 3 0x8000545e (0x1708) x10 0x00000420
core   0: 0x80005460 (0x000048f1) c.li    a7, 28
core   0: 3 0x80005460 (0x48f1) x17 0x0000001c
core   0: 0x80005462 (0x0000e2a9) c.bnez  a3, pc + 66
core   0: 3 0x80005462 (0xe2a9)
core   0: 0x80005464 (0x00008e49) c.or    a2, a0
core   0: 3 0x80005464 (0x8e49) x12 0x001fbda0
core   0: 0x80005466 (0x00837763) bgeu    t1, s0, pc + 14
core   0: 3 0x80005466 (0x00837763)
core   0: 0x80005474 (0x634baf93) slti    t6, s7, 1588
core   0: 3 0x80005474 (0x634baf93) x31 0x00000001
core   0: 0x80005478 (0x0352c963) blt     t0, s5, pc + 50
core   0: 3 0x80005478 (0x0352c963)
core   0: 0x800054aa (0x8ab2b113) sltiu   sp, t0, -1877
core   0: 3 0x800054aa (0x8ab2b113) x2  0x00000000
core   0: 0x800054ae (0x0094fc63) bgeu    s1, s1, pc + 24
core   0: 3 0x800054ae (0x0094fc63)
core   0: 0x800054c6 (0x50ec6717) auipc   a4, 0x50ec6
core   0: 3 0x800054c6 (0x50ec6717) x14 0xd0ecb4c6
core   0: 0x800054ca (0x9b022c93) slti    s9, tp, -1616
core   0: 3 0x800054ca (0x9b022c93) x25 0x00000000
core   0: 0x800054ce (0x014000ef) jal     pc + 0x14
core   0: 3 0x800054ce (0x014000ef) x1  0x800054d2
core   0: 0x800054e2 (0x022000ef) jal     pc + 0x22
core   0: 3 0x800054e2 (0x022000ef) x1  0x800054e6
core   0: 0x80005504 (0x00c000ef) jal     pc + 0xc
core   0: 3 0x80005504 (0x00c000ef) x1  0x80005508
core   0: 0x80005510 (0x00003fc1) c.jal   pc - 48
core   0: 3 0x80005510 (0x3fc1) x1  0x80005512
core   0: 0x800054e0 (0x0000a035) c.j     pc + 44
core   0: 3 0x800054e0 (0xa035)
core   0: 0x8000550c (0x006000ef) jal     pc + 0x6
core   0: 3 0x8000550c (0x006000ef) x1  0x80005510
core   0: 0x80005512 (0x00002021) c.jal   pc + 8
core   0: 3 0x80005512 (0x2021) x1  0x80005514
core   0: 0x8000551a (0x00003fc5) c.jal   pc - 16
core   0: 3 0x8000551a (0x3fc5) x1  0x8000551c
core   0: 0x8000550a (0x000037f5) c.jal   pc - 20
core   0: 3 0x8000550a (0x37f5) x1  0x8000550c
core   0: 0x800054f6 (0xffdff36f) jal     t1, pc - 0x4
core   0: 3 0x800054f6 (0xffdff36f) x6  0x800054fa
core   0: 0x800054f2 (0x00003fe5) c.jal   pc - 8
core   0: 3 0x800054f2 (0x3fe5) x1  0x800054f4
core   0: 0x800054ea (0x0160026f) jal     tp, pc + 0x16
core   0: 3 0x800054ea (0x0160026f) x4  0x800054ee
core   0: 0x80005500 (0xfddff36f) jal     t1, pc - 0x24
core   0: 3 0x80005500 (0xfddff36f) x6  0x80005504
core   0: 0x800054dc (0x00002835) c.jal   pc + 60
core   0: 3 0x800054dc (0x2835) x1  0x800054de
core   0: 0x80005518 (0x000037dd) c.jal   pc - 26
core   0: 3 0x80005518 (0x37dd) x1  0x8000551a
core   0: 0x800054fe (0x00002029) c.jal   pc + 10
core   0: 3 0x800054fe (0x2029) x1  0x80005500
core   0: 0x80005508 (0x0000a031) c.j     pc + 12
core   0: 3 0x80005508 (0xa031)
core   0: 0x80005514 (0xfc7ff16f) jal     sp, pc - 0x3a
core   0: 3 0x80005514 (0xfc7ff16f) x2  0x80005518
core   0: 0x800054da (0x0000bfe5) c.j     pc - 8
core   0: 3 0x800054da (0xbfe5)
core   0: 0x800054d2 (0x014008ef) jal     a7, pc + 0x14
core   0: 3 0x800054d2 (0x014008ef) x17 0x800054d6
core   0: 0x800054e6 (0x014000ef) jal     pc + 0x14
core   0: 3 0x800054e6 (0x014000ef) x1  0x800054ea
core   0: 0x800054fa (0xffbff46f) jal     s0, pc - 0x6
core   0: 3 0x800054fa (0xffbff46f) x8  0x800054fe
core   0: 0x800054f4 (0x00003fed) c.jal   pc - 6
core   0: 3 0x800054f4 (0x3fed) x1  0x800054f6
core   0: 0x800054ee (0xfe9ff0ef) jal     pc - 0x18
core   0: 3 0x800054ee (0xfe9ff0ef) x1  0x800054f2
core   0: 0x800054d6 (0x008000ef) jal     pc + 0x8
core   0: 3 0x800054d6 (0x008000ef) x1  0x800054da
core   0: 0x800054de (0x0000283d) c.jal   pc + 62
core   0: 3 0x800054de (0x283d) x1  0x800054e0
core   0: 0x8000551c (0x009d1213) slli    tp, s10, 9
core   0: 3 0x8000551c (0x009d1213) x4  0x00000000
core   0: 0x80005520 (0x01e0d033) srl     zero, ra, t5
core   0: 3 0x80005520 (0x01e0d033)
core   0: 0x80005524 (0x00009496) c.add   s1, t0
core   0: 3 0x80005524 (0x9496) x9  0xfffffffa
core   0: 0x80005526 (0x40d987b3) sub     a5, s3, a3
core   0: 3 0x80005526 (0x40d987b3) x15 0x00000000
core   0: 0x8000552a (0x00008d35) c.xor   a0, a3
core   0: 3 0x8000552a (0x8d35) x10 0x00000420
core   0: 0x8000552c (0x00b09613) slli    a2, ra, 11
core   0: 3 0x8000552c (0x00b09613) x12 0x02a70000
core   0: 0x80005530 (0x03cedbb3) divu    s7, t4, t3
core   0: 3 0x80005530 (0x03cedbb3) x23 0x01e1eacd
core   0: 0x80005534 (0x000000a1) c.addi  ra, 8
core   0: 3 0x80005534 (0x00a1) x1  0x800054e8
core   0: 0x80005536 (0x00000cc2) c.slli  s9, 16
core   0: 3 0x80005536 (0x0cc2) x25 0x00000000
core   0: 0x80005538 (0x409d5e33) sra     t3, s10, s1
core   0: 3 0x80005538 (0x409d5e33) x28 0x00000000
core   0: 0x8000553c (0x00008e01) c.sub   a2, s0
core   0: 3 0x8000553c (0x8e01) x12 0x82a6ab02
core   0: 0x8000553e (0x020d62b3) rem     t0, s10, zero
core   0: 3 0x8000553e (0x020d62b3) x5  0x01000000
core   0: 0x80005542 (0x02fd48b3) div     a7, s10, a5
core   0: 3 0x80005542 (0x02fd48b3) x17 0xffffffff
core   0: 0x80005546 (0x03d5cf63) blt     a1, t4, pc + 62
core   0: 3 0x80005546 (0x03d5cf63)
core   0: 0x8000554a (0x030b74b3) remu    s1, s6, a6
core   0: 3 0x8000554a (0x030b74b3) x9  0x00009d24
core   0: 0x8000554e (0x003b38b3) sltu    a7, s6, gp
core   0: 3 0x8000554e (0x003b38b3) x17 0x00000000
core   0: 0x80005552 (0x0000c215) c.beqz  a2, pc + 36
core   0: 3 0x80005552 (0xc215)
core   0: 0x80005554 (0x02770b33) mul     s6, a4, t2
core   0: 3 0x80005554 (0x02770b33) x22 0xd0ecb4c6
core   0: 0x80005558 (0x022201b3) mul     gp, tp, sp
core   0: 3 0x80005558 (0x022201b3) x3  0x00000000
core   0: 0x8000555c (0x02bd9933) mulh    s2, s11, a1
core   0: 3 0x8000555c (0x02bd9933) x18 0x00000000
core   0: 0x80005560 (0x0038d563) bge     a7, gp, pc + 10
core   0: 3 0x80005560 (0x0038d563)
core   0: 0x8000556a (0x0000717d) c.addi16sp sp, -16
core   0: 3 0x8000556a (0x717d) x2  0x80005508
core   0: 0x8000556c (0x00008e9d) c.sub   a3, a5
core   0: 3 0x8000556c (0x8e9d) x13 0x00000000
core   0: 0x8000556e (0xec764c93) xori    s9, a2, -313
core   0: 3 0x8000556e (0xec764c93) x25 0x7d5955c5
core   0: 0x80005572 (0x28de3297) auipc   t0, 0x28de3
core   0: 3 0x80005572 (0x28de3297) x5  0xa8de8572
core   0: 0x80005576 (0x0186c763) blt     a3, s8, pc + 14
core   0: 3 0x80005576 (0x0186c763)
core   0: 0x80005584 (0x01ad4833) xor     a6, s10, s10
core   0: 3 0x80005584 (0x01ad4833) x16 0x00000000
core   0: 0x80005588 (0x00000a97) auipc   s5, 0x0
core   0: 3 0x80005588 (0x00000a97) x21 0x80005588
core   0: 0x8000558c (0x00ca8a93) addi    s5, s5, 12
core   0: 3 0x8000558c (0x00ca8a93) x21 0x80005594
core   0: 0x80005590 (0x000a8067) jr      s5
core   0: 3 0x80005590 (0x000a8067)
core   0: 0x80005594 (0x00004185) c.li    gp, 1
core   0: 3 0x80005594 (0x4185) x3  0x00000001
core   0: 0x80005596 (0x00000073) ecall
core   0: exception trap_machine_ecall, epc 0x80005596
core   0: >>>>  mtvec_handler
core   0: 0x8000ad70 (0x0400006f) j       pc + 0x40
core   0: 3 0x8000ad70 (0x0400006f)
core   0: 0x8000adb0 (0x00001f71) c.addi  t5, -4
core   0: 3 0x8000adb0 (0x1f71) x30 0x80029d20
core   0: 0x8000adb2 (0x01df2023) sw      t4, 0(t5)
core   0: 3 0x8000adb2 (0x01df2023) mem 0x80029d20 0x80025ea4
core   0: 0x8000adb6 (0x000f0eb3) add     t4, t5, zero
core   0: 3 0x8000adb6 (0x000f0eb3) x29 0x80029d20
core   0: 0x8000adba (0xf80e8e93) addi    t4, t4, -128
core   0: 3 0x8000adba (0xf80e8e93) x29 0x80029ca0
core   0: 0x8000adbe (0x001ea223) sw      ra, 4(t4)
core   0: 3 0x8000adbe (0x001ea223) mem 0x80029ca4 0x800054e8
core   0: 0x8000adc2 (0x002ea423) sw      sp, 8(t4)
core   0: 3 0x8000adc2 (0x002ea423) mem 0x80029ca8 0x80005508
core   0: 0x8000adc6 (0x003ea623) sw      gp, 12(t4)
core   0: 3 0x8000adc6 (0x003ea623) mem 0x80029cac 0x00000001
core   0: 0x8000adca (0x004ea823) sw      tp, 16(t4)
core   0: 3 0x8000adca (0x004ea823) mem 0x80029cb0 0x00000000
core   0: 0x8000adce (0x005eaa23) sw      t0, 20(t4)
core   0: 3 0x8000adce (0x005eaa23) mem 0x80029cb4 0xa8de8572
core   0: 0x8000add2 (0x006eac23) sw      t1, 24(t4)
core   0: 3 0x8000add2 (0x006eac23) mem 0x80029cb8 0x80005504
core   0: 0x8000add6 (0x007eae23) sw      t2, 28(t4)
core   0: 3 0x8000add6 (0x007eae23) mem 0x80029cbc 0x00000001
core   0: 0x8000adda (0x028ea023) sw      s0, 32(t4)
core   0: 3 0x8000adda (0x028ea023) mem 0x80029cc0 0x800054fe
core   0: 0x8000adde (0x029ea223) sw      s1, 36(t4)
core   0: 3 0x8000adde (0x029ea223) mem 0x80029cc4 0x00009d24
core   0: 0x8000ade2 (0x02aea423) sw      a0, 40(t4)
core   0: 3 0x8000ade2 (0x02aea423) mem 0x80029cc8 0x00000420
core   0: 0x8000ade6 (0x02bea623) sw      a1, 44(t4)
core   0: 3 0x8000ade6 (0x02bea623) mem 0x80029ccc 0x00000001
core   0: 0x8000adea (0x02cea823) sw      a2, 48(t4)
core   0: 3 0x8000adea (0x02cea823) mem 0x80029cd0 0x82a6ab02
core   0: 0x8000adee (0x02deaa23) sw      a3, 52(t4)
core   0: 3 0x8000adee (0x02deaa23) mem 0x80029cd4 0x00000000
core   0: 0x8000adf2 (0x02eeac23) sw      a4, 56(t4)
core   0: 3 0x8000adf2 (0x02eeac23) mem 0x80029cd8 0xd0ecb4c6
core   0: 0x8000adf6 (0x02feae23) sw      a5, 60(t4)
core   0: 3 0x8000adf6 (0x02feae23) mem 0x80029cdc 0x00000000
core   0: 0x8000adfa (0x050ea023) sw      a6, 64(t4)
core   0: 3 0x8000adfa (0x050ea023) mem 0x80029ce0 0x00000000
core   0: 0x8000adfe (0x051ea223) sw      a7, 68(t4)
core   0: 3 0x8000adfe (0x051ea223) mem 0x80029ce4 0x00000000
core   0: 0x8000ae02 (0x052ea423) sw      s2, 72(t4)
core   0: 3 0x8000ae02 (0x052ea423) mem 0x80029ce8 0x00000000
core   0: 0x8000ae06 (0x053ea623) sw      s3, 76(t4)
core   0: 3 0x8000ae06 (0x053ea623) mem 0x80029cec 0x00000000
core   0: 0x8000ae0a (0x054ea823) sw      s4, 80(t4)
core   0: 3 0x8000ae0a (0x054ea823) mem 0x80029cf0 0x0003b0d1
core   0: 0x8000ae0e (0x055eaa23) sw      s5, 84(t4)
core   0: 3 0x8000ae0e (0x055eaa23) mem 0x80029cf4 0x80005594
core   0: 0x8000ae12 (0x056eac23) sw      s6, 88(t4)
core   0: 3 0x8000ae12 (0x056eac23) mem 0x80029cf8 0xd0ecb4c6
core   0: 0x8000ae16 (0x057eae23) sw      s7, 92(t4)
core   0: 3 0x8000ae16 (0x057eae23) mem 0x80029cfc 0x01e1eacd
core   0: 0x8000ae1a (0x078ea023) sw      s8, 96(t4)
core   0: 3 0x8000ae1a (0x078ea023) mem 0x80029d00 0x00003e80
core   0: 0x8000ae1e (0x079ea223) sw      s9, 100(t4)
core   0: 3 0x8000ae1e (0x079ea223) mem 0x80029d04 0x7d5955c5
core   0: 0x8000ae22 (0x07aea423) sw      s10, 104(t4)
core   0: 3 0x8000ae22 (0x07aea423) mem 0x80029d08 0x01000000
core   0: 0x8000ae26 (0x07bea623) sw      s11, 108(t4)
core   0: 3 0x8000ae26 (0x07bea623) mem 0x80029d0c 0x00000000
core   0: 0x8000ae2a (0x07cea823) sw      t3, 112(t4)
core   0: 3 0x8000ae2a (0x07cea823) mem 0x80029d10 0x00000000
core   0: 0x8000ae2e (0x07deaa23) sw      t4, 116(t4)
core   0: 3 0x8000ae2e (0x07deaa23) mem 0x80029d14 0x80029ca0
core   0: 0x8000ae32 (0x07eeac23) sw      t5, 120(t4)
core   0: 3 0x8000ae32 (0x07eeac23) mem 0x80029d18 0x80029d20
core   0: 0x8000ae36 (0x07feae23) sw      t6, 124(t4)
core   0: 3 0x8000ae36 (0x07feae23) mem 0x80029d1c 0x00000001
core   0: 0x8000ae3a (0x000e8f33) add     t5, t4, zero
core   0: 3 0x8000ae3a (0x000e8f33) x30 0x80029ca0
core   0: 0x8000ae3e (0x34102373) csrr    t1, mepc
core   0: 3 0x8000ae3e (0x34102373) x6  0x80005596
core   0: 0x8000ae42 (0x34202373) csrr    t1, mcause
core   0: 3 0x8000ae42 (0x34202373) x6  0x0000000b
core   0: 0x8000ae46 (0x00004c0d) c.li    s8, 3
core   0: 3 0x8000ae46 (0x4c0d) x24 0x00000003
core   0: 0x8000ae48 (0x29830d63) beq     t1, s8, pc + 666
core   0: 3 0x8000ae48 (0x29830d63)
core   0: 0x8000ae4c (0x00004c21) c.li    s8, 8
core   0: 3 0x8000ae4c (0x4c21) x24 0x00000008
core   0: 0x8000ae4e (0x05830563) beq     t1, s8, pc + 74
core   0: 3 0x8000ae4e (0x05830563)
core   0: 0x8000ae52 (0x00004c25) c.li    s8, 9
core   0: 3 0x8000ae52 (0x4c25) x24 0x00000009
core   0: 0x8000ae54 (0x05830263) beq     t1, s8, pc + 68
core   0: 3 0x8000ae54 (0x05830263)
core   0: 0x8000ae58 (0x00004c2d) c.li    s8, 11
core   0: 3 0x8000ae58 (0x4c2d) x24 0x0000000b
core   0: 0x8000ae5a (0x03830f63) beq     t1, s8, pc + 62
core   0: 3 0x8000ae5a (0x03830f63)
core   0: 0x8000ae98 (0xffff5317) auipc   t1, 0xffff5
core   0: 3 0x8000ae98 (0xffff5317) x6  0x7ffffe98
core   0: 0x8000ae9c (0x16830313) addi    t1, t1, 360
core   0: 3 0x8000ae9c (0x16830313) x6  0x80000000
core   0: 0x8000aea0 (0x00032023) sw      zero, 0(t1)
core   0: 3 0x8000aea0 (0x00032023) mem 0x80000000 0x00000000
core   0: 0x8000aea4 (0x00132223) sw      ra, 4(t1)
core   0: 3 0x8000aea4 (0x00132223) mem 0x80000004 0x800054e8
core   0: 0x8000aea8 (0x00232423) sw      sp, 8(t1)
core   0: 3 0x8000aea8 (0x00232423) mem 0x80000008 0x80005508
core   0: 0x8000aeac (0x00332623) sw      gp, 12(t1)
core   0: 3 0x8000aeac (0x00332623) mem 0x8000000c 0x00000001
core   0: 0x8000aeb0 (0x00432823) sw      tp, 16(t1)
core   0: 3 0x8000aeb0 (0x00432823) mem 0x80000010 0x00000000
core   0: 0x8000aeb4 (0x00532a23) sw      t0, 20(t1)
core   0: 3 0x8000aeb4 (0x00532a23) mem 0x80000014 0xa8de8572
core   0: 0x8000aeb8 (0x00632c23) sw      t1, 24(t1)
core   0: 3 0x8000aeb8 (0x00632c23) mem 0x80000018 0x80000000
core   0: 0x8000aebc (0x00732e23) sw      t2, 28(t1)
core   0: 3 0x8000aebc (0x00732e23) mem 0x8000001c 0x00000001
core   0: 0x8000aec0 (0x02832023) sw      s0, 32(t1)
core   0: 3 0x8000aec0 (0x02832023) mem 0x80000020 0x800054fe
core   0: 0x8000aec4 (0x02932223) sw      s1, 36(t1)
core   0: 3 0x8000aec4 (0x02932223) mem 0x80000024 0x00009d24
core   0: 0x8000aec8 (0x02a32423) sw      a0, 40(t1)
core   0: 3 0x8000aec8 (0x02a32423) mem 0x80000028 0x00000420
core   0: 0x8000aecc (0x02b32623) sw      a1, 44(t1)
core   0: 3 0x8000aecc (0x02b32623) mem 0x8000002c 0x00000001
core   0: 0x8000aed0 (0x02c32823) sw      a2, 48(t1)
core   0: 3 0x8000aed0 (0x02c32823) mem 0x80000030 0x82a6ab02
core   0: 0x8000aed4 (0x02d32a23) sw      a3, 52(t1)
core   0: 3 0x8000aed4 (0x02d32a23) mem 0x80000034 0x00000000
core   0: 0x8000aed8 (0x02e32c23) sw      a4, 56(t1)
core   0: 3 0x8000aed8 (0x02e32c23) mem 0x80000038 0xd0ecb4c6
core   0: 0x8000aedc (0x02f32e23) sw      a5, 60(t1)
core   0: 3 0x8000aedc (0x02f32e23) mem 0x8000003c 0x00000000
core   0: 0x8000aee0 (0x05032023) sw      a6, 64(t1)
core   0: 3 0x8000aee0 (0x05032023) mem 0x80000040 0x00000000
core   0: 0x8000aee4 (0x05132223) sw      a7, 68(t1)
core   0: 3 0x8000aee4 (0x05132223) mem 0x80000044 0x00000000
core   0: 0x8000aee8 (0x05232423) sw      s2, 72(t1)
core   0: 3 0x8000aee8 (0x05232423) mem 0x80000048 0x00000000
core   0: 0x8000aeec (0x05332623) sw      s3, 76(t1)
core   0: 3 0x8000aeec (0x05332623) mem 0x8000004c 0x00000000
core   0: 0x8000aef0 (0x05432823) sw      s4, 80(t1)
core   0: 3 0x8000aef0 (0x05432823) mem 0x80000050 0x0003b0d1
core   0: 0x8000aef4 (0x05532a23) sw      s5, 84(t1)
core   0: 3 0x8000aef4 (0x05532a23) mem 0x80000054 0x80005594
core   0: 0x8000aef8 (0x05632c23) sw      s6, 88(t1)
core   0: 3 0x8000aef8 (0x05632c23) mem 0x80000058 0xd0ecb4c6
core   0: 0x8000aefc (0x05732e23) sw      s7, 92(t1)
core   0: 3 0x8000aefc (0x05732e23) mem 0x8000005c 0x01e1eacd
core   0: 0x8000af00 (0x07832023) sw      s8, 96(t1)
core   0: 3 0x8000af00 (0x07832023) mem 0x80000060 0x0000000b
core   0: 0x8000af04 (0x07932223) sw      s9, 100(t1)
core   0: 3 0x8000af04 (0x07932223) mem 0x80000064 0x7d5955c5
core   0: 0x8000af08 (0x07a32423) sw      s10, 104(t1)
core   0: 3 0x8000af08 (0x07a32423) mem 0x80000068 0x01000000
core   0: 0x8000af0c (0x07b32623) sw      s11, 108(t1)
core   0: 3 0x8000af0c (0x07b32623) mem 0x8000006c 0x00000000
core   0: 0x8000af10 (0x07c32823) sw      t3, 112(t1)
core   0: 3 0x8000af10 (0x07c32823) mem 0x80000070 0x00000000
core   0: 0x8000af14 (0x07d32a23) sw      t4, 116(t1)
core   0: 3 0x8000af14 (0x07d32a23) mem 0x80000074 0x80029ca0
core   0: 0x8000af18 (0x07e32c23) sw      t5, 120(t1)
core   0: 3 0x8000af18 (0x07e32c23) mem 0x80000078 0x80029ca0
core   0: 0x8000af1c (0x07f32e23) sw      t6, 124(t1)
core   0: 3 0x8000af1c (0x07f32e23) mem 0x8000007c 0x00000001
core   0: 0x8000af20 (0xfffffa97) auipc   s5, 0xfffff
core   0: 3 0x8000af20 (0xfffffa97) x21 0x80009f20
core   0: 0x8000af24 (0x450a8a93) addi    s5, s5, 1104
core   0: 3 0x8000af24 (0x450a8a93) x21 0x8000a370
core   0: 0x8000af28 (0x000a8067) jr      s5
core   0: 3 0x8000af28 (0x000a8067)
core   0: 0x8000a370 (0x00006f17) auipc   t5, 0x6
core   0: 3 0x8000a370 (0x00006f17) x30 0x80010370
core   0: 0x8000a374 (0xc83f2823) sw      gp, -880(t5)
core   0: 3 0x8000a374 (0xc83f2823) mem 0x80010000 0x00000001
core   0: 0x8000a378 (0x0000bfe5) c.j     pc - 8
core   0: 3 0x8000a378 (0xbfe5)
core   0: 0x8000a370 (0x00006f17) auipc   t5, 0x6
core   0: 3 0x8000a370 (0x00006f17) x30 0x80010370
core   0: 0x8000a374 (0xc83f2823) sw      gp, -880(t5)
core   0: 3 0x8000a374 (0xc83f2823) mem 0x80010000 0x00000001
core   0: 0x8000a378 (0x0000bfe5) c.j     pc - 8
core   0: 3 0x8000a378 (0xbfe5)
core   0: 0x8000a370 (0x00006f17) auipc   t5, 0x6
core   0: 3 0x8000a370 (0x00006f17) x30 0x80010370
core   0: 0x8000a374 (0xc83f2823) sw      gp, -880(t5)
core   0: 3 0x8000a374 (0xc83f2823) mem 0x80010000 0x00000001
core   0: 0x8000a378 (0x0000bfe5) c.j     pc - 8
core   0: 3 0x8000a378 (0xbfe5)
core   0: 0x8000a370 (0x00006f17) auipc   t5, 0x6
core   0: 3 0x8000a370 (0x00006f17) x30 0x80010370
core   0: 0x8000a374 (0xc83f2823) sw      gp, -880(t5)
core   0: 3 0x8000a374 (0xc83f2823) mem 0x80010000 0x00000001
core   0: 0x8000a378 (0x0000bfe5) c.j     pc - 8
core   0: 3 0x8000a378 (0xbfe5)
core   0: 0x8000a370 (0x00006f17) auipc   t5, 0x6
core   0: 3 0x8000a370 (0x00006f17) x30 0x80010370
core   0: 0x8000a374 (0xc83f2823) sw      gp, -880(t5)
core   0: 3 0x8000a374 (0xc83f2823) mem 0x80010000 0x00000001
core   0: 0x8000a378 (0x0000bfe5) c.j     pc - 8
core   0: 3 0x8000a378 (0xbfe5)
core   0: 0x8000a370 (0x00006f17) auipc   t5, 0x6
core   0: 3 0x8000a370 (0x00006f17) x30 0x80010370
core   0: 0x8000a374 (0xc83f2823) sw      gp, -880(t5)
core   0: 3 0x8000a374 (0xc83f2823) mem 0x80010000 0x00000001
core   0: 0x8000a378 (0x0000bfe5) c.j     pc - 8
core   0: 3 0x8000a378 (0xbfe5)
core   0: 0x8000a370 (0x00006f17) auipc   t5, 0x6
core   0: 3 0x8000a370 (0x00006f17) x30 0x80010370
core   0: 0x8000a374 (0xc83f2823) sw      gp, -880(t5)
core   0: 3 0x8000a374 (0xc83f2823) mem 0x80010000 0x00000001
core   0: 0x8000a378 (0x0000bfe5) c.j     pc - 8
core   0: 3 0x8000a378 (0xbfe5)
core   0: 0x8000a370 (0x00006f17) auipc   t5, 0x6
core   0: 3 0x8000a370 (0x00006f17) x30 0x80010370
core   0: 0x8000a374 (0xc83f2823) sw      gp, -880(t5)
core   0: 3 0x8000a374 (0xc83f2823) mem 0x80010000 0x00000001
core   0: 0x8000a378 (0x0000bfe5) c.j     pc - 8
core   0: 3 0x8000a378 (0xbfe5)
core   0: 0x8000a370 (0x00006f17) auipc   t5, 0x6
core   0: 3 0x8000a370 (0x00006f17) x30 0x80010370
core   0: 0x8000a374 (0xc83f2823) sw      gp, -880(t5)
core   0: 3 0x8000a374 (0xc83f2823) mem 0x80010000 0x00000001
core   0: 0x8000a378 (0x0000bfe5) c.j     pc - 8
core   0: 3 0x8000a378 (0xbfe5)
core   0: 0x8000a370 (0x00006f17) auipc   t5, 0x6
core   0: 3 0x8000a370 (0x00006f17) x30 0x80010370
core   0: 0x8000a374 (0xc83f2823) sw      gp, -880(t5)
core   0: 3 0x8000a374 (0xc83f2823) mem 0x80010000 0x00000001
core   0: 0x8000a378 (0x0000bfe5) c.j     pc - 8
core   0: 3 0x8000a378 (0xbfe5)
core   0: 0x8000a370 (0x00006f17) auipc   t5, 0x6
core   0: 3 0x8000a370 (0x00006f17) x30 0x80010370
core   0: 0x8000a374 (0xc83f2823) sw      gp, -880(t5)
core   0: 3 0x8000a374 (0xc83f2823) mem 0x80010000 0x00000001
core   0: 0x8000a378 (0x0000bfe5) c.j     pc - 8
core   0: 3 0x8000a378 (0xbfe5)
core   0: 0x8000a370 (0x00006f17) auipc   t5, 0x6
core   0: 3 0x8000a370 (0x00006f17) x30 0x80010370
core   0: 0x8000a374 (0xc83f2823) sw      gp, -880(t5)
core   0: 3 0x8000a374 (0xc83f2823) mem 0x80010000 0x00000001
core   0: 0x8000a378 (0x0000bfe5) c.j     pc - 8
core   0: 3 0x8000a378 (0xbfe5)
core   0: 0x8000a370 (0x00006f17) auipc   t5, 0x6
core   0: 3 0x8000a370 (0x00006f17) x30 0x80010370
core   0: 0x8000a374 (0xc83f2823) sw      gp, -880(t5)
core   0: 3 0x8000a374 (0xc83f2823) mem 0x80010000 0x00000001
core   0: 0x8000a378 (0x0000bfe5) c.j     pc - 8
core   0: 3 0x8000a378 (0xbfe5)
core   0: 0x8000a370 (0x00006f17) auipc   t5, 0x6
core   0: 3 0x8000a370 (0x00006f17) x30 0x80010370
core   0: 0x8000a374 (0xc83f2823) sw      gp, -880(t5)
core   0: 3 0x8000a374 (0xc83f2823) mem 0x80010000 0x00000001
core   0: 0x8000a378 (0x0000bfe5) c.j     pc - 8
core   0: 3 0x8000a378 (0xbfe5)
core   0: 0x8000a370 (0x00006f17) auipc   t5, 0x6
core   0: 3 0x8000a370 (0x00006f17) x30 0x80010370
core   0: 0x8000a374 (0xc83f2823) sw      gp, -880(t5)
core   0: 3 0x8000a374 (0xc83f2823) mem 0x80010000 0x00000001
core   0: 0x8000a378 (0x0000bfe5) c.j     pc - 8
core   0: 3 0x8000a378 (0xbfe5)
core   0: 0x8000a370 (0x00006f17) auipc   t5, 0x6
core   0: 3 0x8000a370 (0x00006f17) x30 0x80010370
core   0: 0x8000a374 (0xc83f2823) sw      gp, -880(t5)
core   0: 3 0x8000a374 (0xc83f2823) mem 0x80010000 0x00000001
core   0: 0x8000a378 (0x0000bfe5) c.j     pc - 8
core   0: 3 0x8000a378 (0xbfe5)
core   0: 0x8000a370 (0x00006f17) auipc   t5, 0x6
core   0: 3 0x8000a370 (0x00006f17) x30 0x80010370
core   0: 0x8000a374 (0xc83f2823) sw      gp, -880(t5)
core   0: 3 0x8000a374 (0xc83f2823) mem 0x80010000 0x00000001
core   0: 0x8000a378 (0x0000bfe5) c.j     pc - 8
core   0: 3 0x8000a378 (0xbfe5)
core   0: 0x8000a370 (0x00006f17) auipc   t5, 0x6
core   0: 3 0x8000a370 (0x00006f17) x30 0x80010370
core   0: 0x8000a374 (0xc83f2823) sw      gp, -880(t5)
core   0: 3 0x8000a374 (0xc83f2823) mem 0x80010000 0x00000001
core   0: 0x8000a378 (0x0000bfe5) c.j     pc - 8
core   0: 3 0x8000a378 (0xbfe5)
core   0: 0x8000a370 (0x00006f17) auipc   t5, 0x6
core   0: 3 0x8000a370 (0x00006f17) x30 0x80010370
core   0: 0x8000a374 (0xc83f2823) sw      gp, -880(t5)
core   0: 3 0x8000a374 (0xc83f2823) mem 0x80010000 0x00000001
core   0: 0x8000a378 (0x0000bfe5) c.j     pc - 8
core   0: 3 0x8000a378 (0xbfe5)
core   0: 0x8000a370 (0x00006f17) auipc   t5, 0x6
core   0: 3 0x8000a370 (0x00006f17) x30 0x80010370
core   0: 0x8000a374 (0xc83f2823) sw      gp, -880(t5)
core   0: 3 0x8000a374 (0xc83f2823) mem 0x80010000 0x00000001
core   0: 0x8000a378 (0x0000bfe5) c.j     pc - 8
core   0: 3 0x8000a378 (0xbfe5)
core   0: 0x8000a370 (0x00006f17) auipc   t5, 0x6
core   0: 3 0x8000a370 (0x00006f17) x30 0x80010370
core   0: 0x8000a374 (0xc83f2823) sw      gp, -880(t5)
core   0: 3 0x8000a374 (0xc83f2823) mem 0x80010000 0x00000001
core   0: 0x8000a378 (0x0000bfe5) c.j     pc - 8
core   0: 3 0x8000a378 (0xbfe5)
core   0: 0x8000a370 (0x00006f17) auipc   t5, 0x6
core   0: 3 0x8000a370 (0x00006f17) x30 0x80010370
core   0: 0x8000a374 (0xc83f2823) sw      gp, -880(t5)
core   0: 3 0x8000a374 (0xc83f2823) mem 0x80010000 0x00000001
core   0: 0x8000a378 (0x0000bfe5) c.j     pc - 8
core   0: 3 0x8000a378 (0xbfe5)
core   0: 0x8000a370 (0x00006f17) auipc   t5, 0x6
core   0: 3 0x8000a370 (0x00006f17) x30 0x80010370
core   0: 0x8000a374 (0xc83f2823) sw      gp, -880(t5)
core   0: 3 0x8000a374 (0xc83f2823) mem 0x80010000 0x00000001
core   0: 0x8000a378 (0x0000bfe5) c.j     pc - 8
core   0: 3 0x8000a378 (0xbfe5)
core   0: 0x8000a370 (0x00006f17) auipc   t5, 0x6
core   0: 3 0x8000a370 (0x00006f17) x30 0x80010370
core   0: 0x8000a374 (0xc83f2823) sw      gp, -880(t5)
core   0: 3 0x8000a374 (0xc83f2823) mem 0x80010000 0x00000001
core   0: 0x8000a378 (0x0000bfe5) c.j     pc - 8
core   0: 3 0x8000a378 (0xbfe5)
core   0: 0x8000a370 (0x00006f17) auipc   t5, 0x6
core   0: 3 0x8000a370 (0x00006f17) x30 0x80010370
core   0: 0x8000a374 (0xc83f2823) sw      gp, -880(t5)
core   0: 3 0x8000a374 (0xc83f2823) mem 0x80010000 0x00000001
core   0: 0x8000a378 (0x0000bfe5) c.j     pc - 8
core   0: 3 0x8000a378 (0xbfe5)
core   0: 0x8000a370 (0x00006f17) auipc   t5, 0x6
core   0: 3 0x8000a370 (0x00006f17) x30 0x80010370
core   0: 0x8000a374 (0xc83f2823) sw      gp, -880(t5)
core   0: 3 0x8000a374 (0xc83f2823) mem 0x80010000 0x00000001
core   0: 0x8000a378 (0x0000bfe5) c.j     pc - 8
core   0: 3 0x8000a378 (0xbfe5)
core   0: 0x8000a370 (0x00006f17) auipc   t5, 0x6
core   0: 3 0x8000a370 (0x00006f17) x30 0x80010370
core   0: 0x8000a374 (0xc83f2823) sw      gp, -880(t5)
core   0: 3 0x8000a374 (0xc83f2823) mem 0x80010000 0x00000001
core   0: 0x8000a378 (0x0000bfe5) c.j     pc - 8
core   0: 3 0x8000a378 (0xbfe5)
core   0: 0x8000a370 (0x00006f17) auipc   t5, 0x6
core   0: 3 0x8000a370 (0x00006f17) x30 0x80010370
core   0: 0x8000a374 (0xc83f2823) sw      gp, -880(t5)
core   0: 3 0x8000a374 (0xc83f2823) mem 0x80010000 0x00000001
core   0: 0x8000a378 (0x0000bfe5) c.j     pc - 8
core   0: 3 0x8000a378 (0xbfe5)
core   0: 0x8000a370 (0x00006f17) auipc   t5, 0x6
core   0: 3 0x8000a370 (0x00006f17) x30 0x80010370
core   0: 0x8000a374 (0xc83f2823) sw      gp, -880(t5)
core   0: 3 0x8000a374 (0xc83f2823) mem 0x80010000 0x00000001
core   0: 0x8000a378 (0x0000bfe5) c.j     pc - 8
core   0: 3 0x8000a378 (0xbfe5)
core   0: 0x8000a370 (0x00006f17) auipc   t5, 0x6
core   0: 3 0x8000a370 (0x00006f17) x30 0x80010370
core   0: 0x8000a374 (0xc83f2823) sw      gp, -880(t5)
core   0: 3 0x8000a374 (0xc83f2823) mem 0x80010000 0x00000001
core   0: 0x8000a378 (0x0000bfe5) c.j     pc - 8
core   0: 3 0x8000a378 (0xbfe5)
core   0: 0x8000a370 (0x00006f17) auipc   t5, 0x6
core   0: 3 0x8000a370 (0x00006f17) x30 0x80010370
core   0: 0x8000a374 (0xc83f2823) sw      gp, -880(t5)
core   0: 3 0x8000a374 (0xc83f2823) mem 0x80010000 0x00000001
core   0: 0x8000a378 (0x0000bfe5) c.j     pc - 8
core   0: 3 0x8000a378 (0xbfe5)
core   0: 0x8000a370 (0x00006f17) auipc   t5, 0x6
core   0: 3 0x8000a370 (0x00006f17) x30 0x80010370
core   0: 0x8000a374 (0xc83f2823) sw      gp, -880(t5)
core   0: 3 0x8000a374 (0xc83f2823) mem 0x80010000 0x00000001
core   0: 0x8000a378 (0x0000bfe5) c.j     pc - 8
core   0: 3 0x8000a378 (0xbfe5)
core   0: 0x8000a370 (0x00006f17) auipc   t5, 0x6
core   0: 3 0x8000a370 (0x00006f17) x30 0x80010370
core   0: 0x8000a374 (0xc83f2823) sw      gp, -880(t5)
core   0: 3 0x8000a374 (0xc83f2823) mem 0x80010000 0x00000001
core   0: 0x8000a378 (0x0000bfe5) c.j     pc - 8
core   0: 3 0x8000a378 (0xbfe5)
core   0: 0x8000a370 (0x00006f17) auipc   t5, 0x6
core   0: 3 0x8000a370 (0x00006f17) x30 0x80010370
core   0: 0x8000a374 (0xc83f2823) sw      gp, -880(t5)
core   0: 3 0x8000a374 (0xc83f2823) mem 0x80010000 0x00000001
core   0: 0x8000a378 (0x0000bfe5) c.j     pc - 8
core   0: 3 0x8000a378 (0xbfe5)
core   0: 0x8000a370 (0x00006f17) auipc   t5, 0x6
core   0: 3 0x8000a370 (0x00006f17) x30 0x80010370
core   0: 0x8000a374 (0xc83f2823) sw      gp, -880(t5)
core   0: 3 0x8000a374 (0xc83f2823) mem 0x80010000 0x00000001
core   0: 0x8000a378 (0x0000bfe5) c.j     pc - 8
core   0: 3 0x8000a378 (0xbfe5)
core   0: 0x8000a370 (0x00006f17) auipc   t5, 0x6
core   0: 3 0x8000a370 (0x00006f17) x30 0x80010370
core   0: 0x8000a374 (0xc83f2823) sw      gp, -880(t5)
core   0: 3 0x8000a374 (0xc83f2823) mem 0x80010000 0x00000001
core   0: 0x8000a378 (0x0000bfe5) c.j     pc - 8
core   0: 3 0x8000a378 (0xbfe5)
core   0: 0x8000a370 (0x00006f17) auipc   t5, 0x6
core   0: 3 0x8000a370 (0x00006f17) x30 0x80010370
core   0: 0x8000a374 (0xc83f2823) sw      gp, -880(t5)
core   0: 3 0x8000a374 (0xc83f2823) mem 0x80010000 0x00000001
core   0: 0x8000a378 (0x0000bfe5) c.j     pc - 8
core   0: 3 0x8000a378 (0xbfe5)
core   0: 0x8000a370 (0x00006f17) auipc   t5, 0x6
core   0: 3 0x8000a370 (0x00006f17) x30 0x80010370
core   0: 0x8000a374 (0xc83f2823) sw      gp, -880(t5)
core   0: 3 0x8000a374 (0xc83f2823) mem 0x80010000 0x00000001
core   0: 0x8000a378 (0x0000bfe5) c.j     pc - 8
core   0: 3 0x8000a378 (0xbfe5)
core   0: 0x8000a370 (0x00006f17) auipc   t5, 0x6
core   0: 3 0x8000a370 (0x00006f17) x30 0x80010370
core   0: 0x8000a374 (0xc83f2823) sw      gp, -880(t5)
core   0: 3 0x8000a374 (0xc83f2823) mem 0x80010000 0x00000001
core   0: 0x8000a378 (0x0000bfe5) c.j     pc - 8
core   0: 3 0x8000a378 (0xbfe5)
core   0: 0x8000a370 (0x00006f17) auipc   t5, 0x6
core   0: 3 0x8000a370 (0x00006f17) x30 0x80010370
core   0: 0x8000a374 (0xc83f2823) sw      gp, -880(t5)
core   0: 3 0x8000a374 (0xc83f2823) mem 0x80010000 0x00000001
core   0: 0x8000a378 (0x0000bfe5) c.j     pc - 8
core   0: 3 0x8000a378 (0xbfe5)
core   0: 0x8000a370 (0x00006f17) auipc   t5, 0x6
core   0: 3 0x8000a370 (0x00006f17) x30 0x80010370
core   0: 0x8000a374 (0xc83f2823) sw      gp, -880(t5)
core   0: 3 0x8000a374 (0xc83f2823) mem 0x80010000 0x00000001
core   0: 0x8000a378 (0x0000bfe5) c.j     pc - 8
core   0: 3 0x8000a378 (0xbfe5)
core   0: 0x8000a370 (0x00006f17) auipc   t5, 0x6
core   0: 3 0x8000a370 (0x00006f17) x30 0x80010370
core   0: 0x8000a374 (0xc83f2823) sw      gp, -880(t5)
core   0: 3 0x8000a374 (0xc83f2823) mem 0x80010000 0x00000001
core   0: 0x8000a378 (0x0000bfe5) c.j     pc - 8
core   0: 3 0x8000a378 (0xbfe5)
core   0: 0x8000a370 (0x00006f17) auipc   t5, 0x6
core   0: 3 0x8000a370 (0x00006f17) x30 0x80010370
core   0: 0x8000a374 (0xc83f2823) sw      gp, -880(t5)
core   0: 3 0x8000a374 (0xc83f2823) mem 0x80010000 0x00000001
core   0: 0x8000a378 (0x0000bfe5) c.j     pc - 8
core   0: 3 0x8000a378 (0xbfe5)
core   0: 0x8000a370 (0x00006f17) auipc   t5, 0x6
core   0: 3 0x8000a370 (0x00006f17) x30 0x80010370
core   0: 0x8000a374 (0xc83f2823) sw      gp, -880(t5)
core   0: 3 0x8000a374 (0xc83f2823) mem 0x80010000 0x00000001
core   0: 0x8000a378 (0x0000bfe5) c.j     pc - 8
core   0: 3 0x8000a378 (0xbfe5)
core   0: 0x8000a370 (0x00006f17) auipc   t5, 0x6
core   0: 3 0x8000a370 (0x00006f17) x30 0x80010370
core   0: 0x8000a374 (0xc83f2823) sw      gp, -880(t5)
core   0: 3 0x8000a374 (0xc83f2823) mem 0x80010000 0x00000001
core   0: 0x8000a378 (0x0000bfe5) c.j     pc - 8
core   0: 3 0x8000a378 (0xbfe5)
core   0: 0x8000a370 (0x00006f17) auipc   t5, 0x6
core   0: 3 0x8000a370 (0x00006f17) x30 0x80010370
core   0: 0x8000a374 (0xc83f2823) sw      gp, -880(t5)
core   0: 3 0x8000a374 (0xc83f2823) mem 0x80010000 0x00000001
core   0: 0x8000a378 (0x0000bfe5) c.j     pc - 8
core   0: 3 0x8000a378 (0xbfe5)
core   0: 0x8000a370 (0x00006f17) auipc   t5, 0x6
core   0: 3 0x8000a370 (0x00006f17) x30 0x80010370
core   0: 0x8000a374 (0xc83f2823) sw      gp, -880(t5)
core   0: 3 0x8000a374 (0xc83f2823) mem 0x80010000 0x00000001
core   0: 0x8000a378 (0x0000bfe5) c.j     pc - 8
core   0: 3 0x8000a378 (0xbfe5)
core   0: 0x8000a370 (0x00006f17) auipc   t5, 0x6
core   0: 3 0x8000a370 (0x00006f17) x30 0x80010370
core   0: 0x8000a374 (0xc83f2823) sw      gp, -880(t5)
core   0: 3 0x8000a374 (0xc83f2823) mem 0x80010000 0x00000001
core   0: 0x8000a378 (0x0000bfe5) c.j     pc - 8
core   0: 3 0x8000a378 (0xbfe5)
core   0: 0x8000a370 (0x00006f17) auipc   t5, 0x6
core   0: 3 0x8000a370 (0x00006f17) x30 0x80010370
core   0: 0x8000a374 (0xc83f2823) sw      gp, -880(t5)
core   0: 3 0x8000a374 (0xc83f2823) mem 0x80010000 0x00000001
core   0: 0x8000a378 (0x0000bfe5) c.j     pc - 8
core   0: 3 0x8000a378 (0xbfe5)
core   0: 0x8000a370 (0x00006f17) auipc   t5, 0x6
core   0: 3 0x8000a370 (0x00006f17) x30 0x80010370
core   0: 0x8000a374 (0xc83f2823) sw      gp, -880(t5)
core   0: 3 0x8000a374 (0xc83f2823) mem 0x80010000 0x00000001
core   0: 0x8000a378 (0x0000bfe5) c.j     pc - 8
core   0: 3 0x8000a378 (0xbfe5)
core   0: 0x8000a370 (0x00006f17) auipc   t5, 0x6
core   0: 3 0x8000a370 (0x00006f17) x30 0x80010370
core   0: 0x8000a374 (0xc83f2823) sw      gp, -880(t5)
core   0: 3 0x8000a374 (0xc83f2823) mem 0x80010000 0x00000001
core   0: 0x8000a378 (0x0000bfe5) c.j     pc - 8
core   0: 3 0x8000a378 (0xbfe5)
core   0: 0x8000a370 (0x00006f17) auipc   t5, 0x6
core   0: 3 0x8000a370 (0x00006f17) x30 0x80010370
core   0: 0x8000a374 (0xc83f2823) sw      gp, -880(t5)
core   0: 3 0x8000a374 (0xc83f2823) mem 0x80010000 0x00000001
core   0: 0x8000a378 (0x0000bfe5) c.j     pc - 8
core   0: 3 0x8000a378 (0xbfe5)
core   0: 0x8000a370 (0x00006f17) auipc   t5, 0x6
core   0: 3 0x8000a370 (0x00006f17) x30 0x80010370
core   0: 0x8000a374 (0xc83f2823) sw      gp, -880(t5)
core   0: 3 0x8000a374 (0xc83f2823) mem 0x80010000 0x00000001
core   0: 0x8000a378 (0x0000bfe5) c.j     pc - 8
core   0: 3 0x8000a378 (0xbfe5)
core   0: 0x8000a370 (0x00006f17) auipc   t5, 0x6
core   0: 3 0x8000a370 (0x00006f17) x30 0x80010370
core   0: 0x8000a374 (0xc83f2823) sw      gp, -880(t5)
core   0: 3 0x8000a374 (0xc83f2823) mem 0x80010000 0x00000001
core   0: 0x8000a378 (0x0000bfe5) c.j     pc - 8
core   0: 3 0x8000a378 (0xbfe5)
core   0: 0x8000a370 (0x00006f17) auipc   t5, 0x6
core   0: 3 0x8000a370 (0x00006f17) x30 0x80010370
core   0: 0x8000a374 (0xc83f2823) sw      gp, -880(t5)
core   0: 3 0x8000a374 (0xc83f2823) mem 0x80010000 0x00000001
core   0: 0x8000a378 (0x0000bfe5) c.j     pc - 8
core   0: 3 0x8000a378 (0xbfe5)
core   0: 0x8000a370 (0x00006f17) auipc   t5, 0x6
core   0: 3 0x8000a370 (0x00006f17) x30 0x80010370
core   0: 0x8000a374 (0xc83f2823) sw      gp, -880(t5)
core   0: 3 0x8000a374 (0xc83f2823) mem 0x80010000 0x00000001
core   0: 0x8000a378 (0x0000bfe5) c.j     pc - 8
core   0: 3 0x8000a378 (0xbfe5)
core   0: 0x8000a370 (0x00006f17) auipc   t5, 0x6
core   0: 3 0x8000a370 (0x00006f17) x30 0x80010370
core   0: 0x8000a374 (0xc83f2823) sw      gp, -880(t5)
core   0: 3 0x8000a374 (0xc83f2823) mem 0x80010000 0x00000001
core   0: 0x8000a378 (0x0000bfe5) c.j     pc - 8
core   0: 3 0x8000a378 (0xbfe5)
core   0: 0x8000a370 (0x00006f17) auipc   t5, 0x6
core   0: 3 0x8000a370 (0x00006f17) x30 0x80010370
core   0: 0x8000a374 (0xc83f2823) sw      gp, -880(t5)
core   0: 3 0x8000a374 (0xc83f2823) mem 0x80010000 0x00000001
core   0: 0x8000a378 (0x0000bfe5) c.j     pc - 8
core   0: 3 0x8000a378 (0xbfe5)
core   0: 0x8000a370 (0x00006f17) auipc   t5, 0x6
core   0: 3 0x8000a370 (0x00006f17) x30 0x80010370
core   0: 0x8000a374 (0xc83f2823) sw      gp, -880(t5)
core   0: 3 0x8000a374 (0xc83f2823) mem 0x80010000 0x00000001
core   0: 0x8000a378 (0x0000bfe5) c.j     pc - 8
core   0: 3 0x8000a378 (0xbfe5)
core   0: 0x8000a370 (0x00006f17) auipc   t5, 0x6
core   0: 3 0x8000a370 (0x00006f17) x30 0x80010370
core   0: 0x8000a374 (0xc83f2823) sw      gp, -880(t5)
core   0: 3 0x8000a374 (0xc83f2823) mem 0x80010000 0x00000001
core   0: 0x8000a378 (0x0000bfe5) c.j     pc - 8
core   0: 3 0x8000a378 (0xbfe5)
core   0: 0x8000a370 (0x00006f17) auipc   t5, 0x6
core   0: 3 0x8000a370 (0x00006f17) x30 0x80010370
core   0: 0x8000a374 (0xc83f2823) sw      gp, -880(t5)
core   0: 3 0x8000a374 (0xc83f2823) mem 0x80010000 0x00000001
core   0: 0x8000a378 (0x0000bfe5) c.j     pc - 8
core   0: 3 0x8000a378 (0xbfe5)
core   0: 0x8000a370 (0x00006f17) auipc   t5, 0x6
core   0: 3 0x8000a370 (0x00006f17) x30 0x80010370
core   0: 0x8000a374 (0xc83f2823) sw      gp, -880(t5)
core   0: 3 0x8000a374 (0xc83f2823) mem 0x80010000 0x00000001
core   0: 0x8000a378 (0x0000bfe5) c.j     pc - 8
core   0: 3 0x8000a378 (0xbfe5)
core   0: 0x8000a370 (0x00006f17) auipc   t5, 0x6
core   0: 3 0x8000a370 (0x00006f17) x30 0x80010370
core   0: 0x8000a374 (0xc83f2823) sw      gp, -880(t5)
core   0: 3 0x8000a374 (0xc83f2823) mem 0x80010000 0x00000001
core   0: 0x8000a378 (0x0000bfe5) c.j     pc - 8
core   0: 3 0x8000a378 (0xbfe5)
core   0: 0x8000a370 (0x00006f17) auipc   t5, 0x6
core   0: 3 0x8000a370 (0x00006f17) x30 0x80010370
core   0: 0x8000a374 (0xc83f2823) sw      gp, -880(t5)
core   0: 3 0x8000a374 (0xc83f2823) mem 0x80010000 0x00000001
core   0: 0x8000a378 (0x0000bfe5) c.j     pc - 8
core   0: 3 0x8000a378 (0xbfe5)
core   0: 0x8000a370 (0x00006f17) auipc   t5, 0x6
core   0: 3 0x8000a370 (0x00006f17) x30 0x80010370
core   0: 0x8000a374 (0xc83f2823) sw      gp, -880(t5)
core   0: 3 0x8000a374 (0xc83f2823) mem 0x80010000 0x00000001
core   0: 0x8000a378 (0x0000bfe5) c.j     pc - 8
core   0: 3 0x8000a378 (0xbfe5)
core   0: 0x8000a370 (0x00006f17) auipc   t5, 0x6
core   0: 3 0x8000a370 (0x00006f17) x30 0x80010370
core   0: 0x8000a374 (0xc83f2823) sw      gp, -880(t5)
core   0: 3 0x8000a374 (0xc83f2823) mem 0x80010000 0x00000001
core   0: 0x8000a378 (0x0000bfe5) c.j     pc - 8
core   0: 3 0x8000a378 (0xbfe5)
core   0: 0x8000a370 (0x00006f17) auipc   t5, 0x6
core   0: 3 0x8000a370 (0x00006f17) x30 0x80010370
core   0: 0x8000a374 (0xc83f2823) sw      gp, -880(t5)
core   0: 3 0x8000a374 (0xc83f2823) mem 0x80010000 0x00000001
core   0: 0x8000a378 (0x0000bfe5) c.j     pc - 8
core   0: 3 0x8000a378 (0xbfe5)
core   0: 0x8000a370 (0x00006f17) auipc   t5, 0x6
core   0: 3 0x8000a370 (0x00006f17) x30 0x80010370
core   0: 0x8000a374 (0xc83f2823) sw      gp, -880(t5)
core   0: 3 0x8000a374 (0xc83f2823) mem 0x80010000 0x00000001
core   0: 0x8000a378 (0x0000bfe5) c.j     pc - 8
core   0: 3 0x8000a378 (0xbfe5)
core   0: 0x8000a370 (0x00006f17) auipc   t5, 0x6
core   0: 3 0x8000a370 (0x00006f17) x30 0x80010370
core   0: 0x8000a374 (0xc83f2823) sw      gp, -880(t5)
core   0: 3 0x8000a374 (0xc83f2823) mem 0x80010000 0x00000001
core   0: 0x8000a378 (0x0000bfe5) c.j     pc - 8
core   0: 3 0x8000a378 (0xbfe5)
core   0: 0x8000a370 (0x00006f17) auipc   t5, 0x6
core   0: 3 0x8000a370 (0x00006f17) x30 0x80010370
core   0: 0x8000a374 (0xc83f2823) sw      gp, -880(t5)
core   0: 3 0x8000a374 (0xc83f2823) mem 0x80010000 0x00000001
core   0: 0x8000a378 (0x0000bfe5) c.j     pc - 8
core   0: 3 0x8000a378 (0xbfe5)
core   0: 0x8000a370 (0x00006f17) auipc   t5, 0x6
core   0: 3 0x8000a370 (0x00006f17) x30 0x80010370
core   0: 0x8000a374 (0xc83f2823) sw      gp, -880(t5)
core   0: 3 0x8000a374 (0xc83f2823) mem 0x80010000 0x00000001
core   0: 0x8000a378 (0x0000bfe5) c.j     pc - 8
core   0: 3 0x8000a378 (0xbfe5)
core   0: 0x8000a370 (0x00006f17) auipc   t5, 0x6
core   0: 3 0x8000a370 (0x00006f17) x30 0x80010370
core   0: 0x8000a374 (0xc83f2823) sw      gp, -880(t5)
core   0: 3 0x8000a374 (0xc83f2823) mem 0x80010000 0x00000001
core   0: 0x8000a378 (0x0000bfe5) c.j     pc - 8
core   0: 3 0x8000a378 (0xbfe5)
core   0: 0x8000a370 (0x00006f17) auipc   t5, 0x6
core   0: 3 0x8000a370 (0x00006f17) x30 0x80010370
core   0: 0x8000a374 (0xc83f2823) sw      gp, -880(t5)
core   0: 3 0x8000a374 (0xc83f2823) mem 0x80010000 0x00000001
core   0: 0x8000a378 (0x0000bfe5) c.j     pc - 8
core   0: 3 0x8000a378 (0xbfe5)
core   0: 0x8000a370 (0x00006f17) auipc   t5, 0x6
core   0: 3 0x8000a370 (0x00006f17) x30 0x80010370
core   0: 0x8000a374 (0xc83f2823) sw      gp, -880(t5)
core   0: 3 0x8000a374 (0xc83f2823) mem 0x80010000 0x00000001
core   0: 0x8000a378 (0x0000bfe5) c.j     pc - 8
core   0: 3 0x8000a378 (0xbfe5)
core   0: 0x8000a370 (0x00006f17) auipc   t5, 0x6
core   0: 3 0x8000a370 (0x00006f17) x30 0x80010370
core   0: 0x8000a374 (0xc83f2823) sw      gp, -880(t5)
core   0: 3 0x8000a374 (0xc83f2823) mem 0x80010000 0x00000001
core   0: 0x8000a378 (0x0000bfe5) c.j     pc - 8
core   0: 3 0x8000a378 (0xbfe5)
core   0: 0x8000a370 (0x00006f17) auipc   t5, 0x6
core   0: 3 0x8000a370 (0x00006f17) x30 0x80010370
core   0: 0x8000a374 (0xc83f2823) sw      gp, -880(t5)
core   0: 3 0x8000a374 (0xc83f2823) mem 0x80010000 0x00000001
core   0: 0x8000a378 (0x0000bfe5) c.j     pc - 8
core   0: 3 0x8000a378 (0xbfe5)
core   0: 0x8000a370 (0x00006f17) auipc   t5, 0x6
core   0: 3 0x8000a370 (0x00006f17) x30 0x80010370
core   0: 0x8000a374 (0xc83f2823) sw      gp, -880(t5)
core   0: 3 0x8000a374 (0xc83f2823) mem 0x80010000 0x00000001
core   0: 0x8000a378 (0x0000bfe5) c.j     pc - 8
core   0: 3 0x8000a378 (0xbfe5)
core   0: 0x8000a370 (0x00006f17) auipc   t5, 0x6
core   0: 3 0x8000a370 (0x00006f17) x30 0x80010370
core   0: 0x8000a374 (0xc83f2823) sw      gp, -880(t5)
core   0: 3 0x8000a374 (0xc83f2823) mem 0x80010000 0x00000001
core   0: 0x8000a378 (0x0000bfe5) c.j     pc - 8
core   0: 3 0x8000a378 (0xbfe5)
core   0: 0x8000a370 (0x00006f17) auipc   t5, 0x6
core   0: 3 0x8000a370 (0x00006f17) x30 0x80010370
core   0: 0x8000a374 (0xc83f2823) sw      gp, -880(t5)
core   0: 3 0x8000a374 (0xc83f2823) mem 0x80010000 0x00000001
core   0: 0x8000a378 (0x0000bfe5) c.j     pc - 8
core   0: 3 0x8000a378 (0xbfe5)
core   0: 0x8000a370 (0x00006f17) auipc   t5, 0x6
core   0: 3 0x8000a370 (0x00006f17) x30 0x80010370
core   0: 0x8000a374 (0xc83f2823) sw      gp, -880(t5)
core   0: 3 0x8000a374 (0xc83f2823) mem 0x80010000 0x00000001
core   0: 0x8000a378 (0x0000bfe5) c.j     pc - 8
core   0: 3 0x8000a378 (0xbfe5)
core   0: 0x8000a370 (0x00006f17) auipc   t5, 0x6
core   0: 3 0x8000a370 (0x00006f17) x30 0x80010370
core   0: 0x8000a374 (0xc83f2823) sw      gp, -880(t5)
core   0: 3 0x8000a374 (0xc83f2823) mem 0x80010000 0x00000001
core   0: 0x8000a378 (0x0000bfe5) c.j     pc - 8
core   0: 3 0x8000a378 (0xbfe5)
core   0: 0x8000a370 (0x00006f17) auipc   t5, 0x6
core   0: 3 0x8000a370 (0x00006f17) x30 0x80010370
core   0: 0x8000a374 (0xc83f2823) sw      gp, -880(t5)
core   0: 3 0x8000a374 (0xc83f2823) mem 0x80010000 0x00000001
core   0: 0x8000a378 (0x0000bfe5) c.j     pc - 8
core   0: 3 0x8000a378 (0xbfe5)
core   0: 0x8000a370 (0x00006f17) auipc   t5, 0x6
core   0: 3 0x8000a370 (0x00006f17) x30 0x80010370
core   0: 0x8000a374 (0xc83f2823) sw      gp, -880(t5)
core   0: 3 0x8000a374 (0xc83f2823) mem 0x80010000 0x00000001
core   0: 0x8000a378 (0x0000bfe5) c.j     pc - 8
core   0: 3 0x8000a378 (0xbfe5)
core   0: 0x8000a370 (0x00006f17) auipc   t5, 0x6
core   0: 3 0x8000a370 (0x00006f17) x30 0x80010370
core   0: 0x8000a374 (0xc83f2823) sw      gp, -880(t5)
core   0: 3 0x8000a374 (0xc83f2823) mem 0x80010000 0x00000001
core   0: 0x8000a378 (0x0000bfe5) c.j     pc - 8
core   0: 3 0x8000a378 (0xbfe5)
core   0: 0x8000a370 (0x00006f17) auipc   t5, 0x6
core   0: 3 0x8000a370 (0x00006f17) x30 0x80010370
core   0: 0x8000a374 (0xc83f2823) sw      gp, -880(t5)
core   0: 3 0x8000a374 (0xc83f2823) mem 0x80010000 0x00000001
core   0: 0x8000a378 (0x0000bfe5) c.j     pc - 8
core   0: 3 0x8000a378 (0xbfe5)
core   0: 0x8000a370 (0x00006f17) auipc   t5, 0x6
core   0: 3 0x8000a370 (0x00006f17) x30 0x80010370
core   0: 0x8000a374 (0xc83f2823) sw      gp, -880(t5)
core   0: 3 0x8000a374 (0xc83f2823) mem 0x80010000 0x00000001
core   0: 0x8000a378 (0x0000bfe5) c.j     pc - 8
core   0: 3 0x8000a378 (0xbfe5)
core   0: 0x8000a370 (0x00006f17) auipc   t5, 0x6
core   0: 3 0x8000a370 (0x00006f17) x30 0x80010370
core   0: 0x8000a374 (0xc83f2823) sw      gp, -880(t5)
core   0: 3 0x8000a374 (0xc83f2823) mem 0x80010000 0x00000001
core   0: 0x8000a378 (0x0000bfe5) c.j     pc - 8
core   0: 3 0x8000a378 (0xbfe5)
core   0: 0x8000a370 (0x00006f17) auipc   t5, 0x6
core   0: 3 0x8000a370 (0x00006f17) x30 0x80010370
core   0: 0x8000a374 (0xc83f2823) sw      gp, -880(t5)
core   0: 3 0x8000a374 (0xc83f2823) mem 0x80010000 0x00000001
core   0: 0x8000a378 (0x0000bfe5) c.j     pc - 8
core   0: 3 0x8000a378 (0xbfe5)
core   0: 0x8000a370 (0x00006f17) auipc   t5, 0x6
core   0: 3 0x8000a370 (0x00006f17) x30 0x80010370
core   0: 0x8000a374 (0xc83f2823) sw      gp, -880(t5)
core   0: 3 0x8000a374 (0xc83f2823) mem 0x80010000 0x00000001
core   0: 0x8000a378 (0x0000bfe5) c.j     pc - 8
core   0: 3 0x8000a378 (0xbfe5)
core   0: 0x8000a370 (0x00006f17) auipc   t5, 0x6
core   0: 3 0x8000a370 (0x00006f17) x30 0x80010370
core   0: 0x8000a374 (0xc83f2823) sw      gp, -880(t5)
core   0: 3 0x8000a374 (0xc83f2823) mem 0x80010000 0x00000001
core   0: 0x8000a378 (0x0000bfe5) c.j     pc - 8
core   0: 3 0x8000a378 (0xbfe5)
core   0: 0x8000a370 (0x00006f17) auipc   t5, 0x6
core   0: 3 0x8000a370 (0x00006f17) x30 0x80010370
core   0: 0x8000a374 (0xc83f2823) sw      gp, -880(t5)
core   0: 3 0x8000a374 (0xc83f2823) mem 0x80010000 0x00000001
core   0: 0x8000a378 (0x0000bfe5) c.j     pc - 8
core   0: 3 0x8000a378 (0xbfe5)
core   0: 0x8000a370 (0x00006f17) auipc   t5, 0x6
core   0: 3 0x8000a370 (0x00006f17) x30 0x80010370
core   0: 0x8000a374 (0xc83f2823) sw      gp, -880(t5)
core   0: 3 0x8000a374 (0xc83f2823) mem 0x80010000 0x00000001
core   0: 0x8000a378 (0x0000bfe5) c.j     pc - 8
core   0: 3 0x8000a378 (0xbfe5)
core   0: 0x8000a370 (0x00006f17) auipc   t5, 0x6
core   0: 3 0x8000a370 (0x00006f17) x30 0x80010370
core   0: 0x8000a374 (0xc83f2823) sw      gp, -880(t5)
core   0: 3 0x8000a374 (0xc83f2823) mem 0x80010000 0x00000001
core   0: 0x8000a378 (0x0000bfe5) c.j     pc - 8
core   0: 3 0x8000a378 (0xbfe5)
core   0: 0x8000a370 (0x00006f17) auipc   t5, 0x6
core   0: 3 0x8000a370 (0x00006f17) x30 0x80010370
core   0: 0x8000a374 (0xc83f2823) sw      gp, -880(t5)
core   0: 3 0x8000a374 (0xc83f2823) mem 0x80010000 0x00000001
core   0: 0x8000a378 (0x0000bfe5) c.j     pc - 8
core   0: 3 0x8000a378 (0xbfe5)
core   0: 0x8000a370 (0x00006f17) auipc   t5, 0x6
core   0: 3 0x8000a370 (0x00006f17) x30 0x80010370
core   0: 0x8000a374 (0xc83f2823) sw      gp, -880(t5)
core   0: 3 0x8000a374 (0xc83f2823) mem 0x80010000 0x00000001
core   0: 0x8000a378 (0x0000bfe5) c.j     pc - 8
core   0: 3 0x8000a378 (0xbfe5)
core   0: 0x8000a370 (0x00006f17) auipc   t5, 0x6
core   0: 3 0x8000a370 (0x00006f17) x30 0x80010370
core   0: 0x8000a374 (0xc83f2823) sw      gp, -880(t5)
core   0: 3 0x8000a374 (0xc83f2823) mem 0x80010000 0x00000001
core   0: 0x8000a378 (0x0000bfe5) c.j     pc - 8
core   0: 3 0x8000a378 (0xbfe5)
core   0: 0x8000a370 (0x00006f17) auipc   t5, 0x6
core   0: 3 0x8000a370 (0x00006f17) x30 0x80010370
core   0: 0x8000a374 (0xc83f2823) sw      gp, -880(t5)
core   0: 3 0x8000a374 (0xc83f2823) mem 0x80010000 0x00000001
core   0: 0x8000a378 (0x0000bfe5) c.j     pc - 8
core   0: 3 0x8000a378 (0xbfe5)
core   0: 0x8000a370 (0x00006f17) auipc   t5, 0x6
core   0: 3 0x8000a370 (0x00006f17) x30 0x80010370
core   0: 0x8000a374 (0xc83f2823) sw      gp, -880(t5)
core   0: 3 0x8000a374 (0xc83f2823) mem 0x80010000 0x00000001
core   0: 0x8000a378 (0x0000bfe5) c.j     pc - 8
core   0: 3 0x8000a378 (0xbfe5)
core   0: 0x8000a370 (0x00006f17) auipc   t5, 0x6
core   0: 3 0x8000a370 (0x00006f17) x30 0x80010370
core   0: 0x8000a374 (0xc83f2823) sw      gp, -880(t5)
core   0: 3 0x8000a374 (0xc83f2823) mem 0x80010000 0x00000001
core   0: 0x8000a378 (0x0000bfe5) c.j     pc - 8
core   0: 3 0x8000a378 (0xbfe5)
core   0: 0x8000a370 (0x00006f17) auipc   t5, 0x6
core   0: 3 0x8000a370 (0x00006f17) x30 0x80010370
core   0: 0x8000a374 (0xc83f2823) sw      gp, -880(t5)
core   0: 3 0x8000a374 (0xc83f2823) mem 0x80010000 0x00000001
core   0: 0x8000a378 (0x0000bfe5) c.j     pc - 8
core   0: 3 0x8000a378 (0xbfe5)
core   0: 0x8000a370 (0x00006f17) auipc   t5, 0x6
core   0: 3 0x8000a370 (0x00006f17) x30 0x80010370
core   0: 0x8000a374 (0xc83f2823) sw      gp, -880(t5)
core   0: 3 0x8000a374 (0xc83f2823) mem 0x80010000 0x00000001
core   0: 0x8000a378 (0x0000bfe5) c.j     pc - 8
core   0: 3 0x8000a378 (0xbfe5)
core   0: 0x8000a370 (0x00006f17) auipc   t5, 0x6
core   0: 3 0x8000a370 (0x00006f17) x30 0x80010370
core   0: 0x8000a374 (0xc83f2823) sw      gp, -880(t5)
core   0: 3 0x8000a374 (0xc83f2823) mem 0x80010000 0x00000001
core   0: 0x8000a378 (0x0000bfe5) c.j     pc - 8
core   0: 3 0x8000a378 (0xbfe5)
core   0: 0x8000a370 (0x00006f17) auipc   t5, 0x6
core   0: 3 0x8000a370 (0x00006f17) x30 0x80010370
core   0: 0x8000a374 (0xc83f2823) sw      gp, -880(t5)
core   0: 3 0x8000a374 (0xc83f2823) mem 0x80010000 0x00000001
core   0: 0x8000a378 (0x0000bfe5) c.j     pc - 8
core   0: 3 0x8000a378 (0xbfe5)
core   0: 0x8000a370 (0x00006f17) auipc   t5, 0x6
core   0: 3 0x8000a370 (0x00006f17) x30 0x80010370
core   0: 0x8000a374 (0xc83f2823) sw      gp, -880(t5)
core   0: 3 0x8000a374 (0xc83f2823) mem 0x80010000 0x00000001
core   0: 0x8000a378 (0x0000bfe5) c.j     pc - 8
core   0: 3 0x8000a378 (0xbfe5)
core   0: 0x8000a370 (0x00006f17) auipc   t5, 0x6
core   0: 3 0x8000a370 (0x00006f17) x30 0x80010370
core   0: 0x8000a374 (0xc83f2823) sw      gp, -880(t5)
core   0: 3 0x8000a374 (0xc83f2823) mem 0x80010000 0x00000001
core   0: 0x8000a378 (0x0000bfe5) c.j     pc - 8
core   0: 3 0x8000a378 (0xbfe5)
core   0: 0x8000a370 (0x00006f17) auipc   t5, 0x6
core   0: 3 0x8000a370 (0x00006f17) x30 0x80010370
core   0: 0x8000a374 (0xc83f2823) sw      gp, -880(t5)
core   0: 3 0x8000a374 (0xc83f2823) mem 0x80010000 0x00000001
core   0: 0x8000a378 (0x0000bfe5) c.j     pc - 8
core   0: 3 0x8000a378 (0xbfe5)
core   0: 0x8000a370 (0x00006f17) auipc   t5, 0x6
core   0: 3 0x8000a370 (0x00006f17) x30 0x80010370
core   0: 0x8000a374 (0xc83f2823) sw      gp, -880(t5)
core   0: 3 0x8000a374 (0xc83f2823) mem 0x80010000 0x00000001
core   0: 0x8000a378 (0x0000bfe5) c.j     pc - 8
core   0: 3 0x8000a378 (0xbfe5)
core   0: 0x8000a370 (0x00006f17) auipc   t5, 0x6
core   0: 3 0x8000a370 (0x00006f17) x30 0x80010370
core   0: 0x8000a374 (0xc83f2823) sw      gp, -880(t5)
core   0: 3 0x8000a374 (0xc83f2823) mem 0x80010000 0x00000001
core   0: 0x8000a378 (0x0000bfe5) c.j     pc - 8
core   0: 3 0x8000a378 (0xbfe5)
core   0: 0x8000a370 (0x00006f17) auipc   t5, 0x6
core   0: 3 0x8000a370 (0x00006f17) x30 0x80010370
core   0: 0x8000a374 (0xc83f2823) sw      gp, -880(t5)
core   0: 3 0x8000a374 (0xc83f2823) mem 0x80010000 0x00000001
core   0: 0x8000a378 (0x0000bfe5) c.j     pc - 8
core   0: 3 0x8000a378 (0xbfe5)
core   0: 0x8000a370 (0x00006f17) auipc   t5, 0x6
core   0: 3 0x8000a370 (0x00006f17) x30 0x80010370
core   0: 0x8000a374 (0xc83f2823) sw      gp, -880(t5)
core   0: 3 0x8000a374 (0xc83f2823) mem 0x80010000 0x00000001
core   0: 0x8000a378 (0x0000bfe5) c.j     pc - 8
core   0: 3 0x8000a378 (0xbfe5)
core   0: 0x8000a370 (0x00006f17) auipc   t5, 0x6
core   0: 3 0x8000a370 (0x00006f17) x30 0x80010370
core   0: 0x8000a374 (0xc83f2823) sw      gp, -880(t5)
core   0: 3 0x8000a374 (0xc83f2823) mem 0x80010000 0x00000001
core   0: 0x8000a378 (0x0000bfe5) c.j     pc - 8
core   0: 3 0x8000a378 (0xbfe5)
core   0: 0x8000a370 (0x00006f17) auipc   t5, 0x6
core   0: 3 0x8000a370 (0x00006f17) x30 0x80010370
core   0: 0x8000a374 (0xc83f2823) sw      gp, -880(t5)
core   0: 3 0x8000a374 (0xc83f2823) mem 0x80010000 0x00000001
core   0: 0x8000a378 (0x0000bfe5) c.j     pc - 8
core   0: 3 0x8000a378 (0xbfe5)
core   0: 0x8000a370 (0x00006f17) auipc   t5, 0x6
core   0: 3 0x8000a370 (0x00006f17) x30 0x80010370
core   0: 0x8000a374 (0xc83f2823) sw      gp, -880(t5)
core   0: 3 0x8000a374 (0xc83f2823) mem 0x80010000 0x00000001
core   0: 0x8000a378 (0x0000bfe5) c.j     pc - 8
core   0: 3 0x8000a378 (0xbfe5)
core   0: 0x8000a370 (0x00006f17) auipc   t5, 0x6
core   0: 3 0x8000a370 (0x00006f17) x30 0x80010370
core   0: 0x8000a374 (0xc83f2823) sw      gp, -880(t5)
core   0: 3 0x8000a374 (0xc83f2823) mem 0x80010000 0x00000001
core   0: 0x8000a378 (0x0000bfe5) c.j     pc - 8
core   0: 3 0x8000a378 (0xbfe5)
core   0: 0x8000a370 (0x00006f17) auipc   t5, 0x6
core   0: 3 0x8000a370 (0x00006f17) x30 0x80010370
core   0: 0x8000a374 (0xc83f2823) sw      gp, -880(t5)
core   0: 3 0x8000a374 (0xc83f2823) mem 0x80010000 0x00000001
core   0: 0x8000a378 (0x0000bfe5) c.j     pc - 8
core   0: 3 0x8000a378 (0xbfe5)
core   0: 0x8000a370 (0x00006f17) auipc   t5, 0x6
core   0: 3 0x8000a370 (0x00006f17) x30 0x80010370
core   0: 0x8000a374 (0xc83f2823) sw      gp, -880(t5)
core   0: 3 0x8000a374 (0xc83f2823) mem 0x80010000 0x00000001
core   0: 0x8000a378 (0x0000bfe5) c.j     pc - 8
core   0: 3 0x8000a378 (0xbfe5)
core   0: 0x8000a370 (0x00006f17) auipc   t5, 0x6
core   0: 3 0x8000a370 (0x00006f17) x30 0x80010370
core   0: 0x8000a374 (0xc83f2823) sw      gp, -880(t5)
core   0: 3 0x8000a374 (0xc83f2823) mem 0x80010000 0x00000001
core   0: 0x8000a378 (0x0000bfe5) c.j     pc - 8
core   0: 3 0x8000a378 (0xbfe5)
core   0: 0x8000a370 (0x00006f17) auipc   t5, 0x6
core   0: 3 0x8000a370 (0x00006f17) x30 0x80010370
core   0: 0x8000a374 (0xc83f2823) sw      gp, -880(t5)
core   0: 3 0x8000a374 (0xc83f2823) mem 0x80010000 0x00000001
core   0: 0x8000a378 (0x0000bfe5) c.j     pc - 8
core   0: 3 0x8000a378 (0xbfe5)
core   0: 0x8000a370 (0x00006f17) auipc   t5, 0x6
core   0: 3 0x8000a370 (0x00006f17) x30 0x80010370
core   0: 0x8000a374 (0xc83f2823) sw      gp, -880(t5)
core   0: 3 0x8000a374 (0xc83f2823) mem 0x80010000 0x00000001
core   0: 0x8000a378 (0x0000bfe5) c.j     pc - 8
core   0: 3 0x8000a378 (0xbfe5)
core   0: 0x8000a370 (0x00006f17) auipc   t5, 0x6
core   0: 3 0x8000a370 (0x00006f17) x30 0x80010370
core   0: 0x8000a374 (0xc83f2823) sw      gp, -880(t5)
core   0: 3 0x8000a374 (0xc83f2823) mem 0x80010000 0x00000001
core   0: 0x8000a378 (0x0000bfe5) c.j     pc - 8
core   0: 3 0x8000a378 (0xbfe5)
core   0: 0x8000a370 (0x00006f17) auipc   t5, 0x6
core   0: 3 0x8000a370 (0x00006f17) x30 0x80010370
core   0: 0x8000a374 (0xc83f2823) sw      gp, -880(t5)
core   0: 3 0x8000a374 (0xc83f2823) mem 0x80010000 0x00000001
core   0: 0x8000a378 (0x0000bfe5) c.j     pc - 8
core   0: 3 0x8000a378 (0xbfe5)
core   0: 0x8000a370 (0x00006f17) auipc   t5, 0x6
core   0: 3 0x8000a370 (0x00006f17) x30 0x80010370
core   0: 0x8000a374 (0xc83f2823) sw      gp, -880(t5)
core   0: 3 0x8000a374 (0xc83f2823) mem 0x80010000 0x00000001
core   0: 0x8000a378 (0x0000bfe5) c.j     pc - 8
core   0: 3 0x8000a378 (0xbfe5)
core   0: 0x8000a370 (0x00006f17) auipc   t5, 0x6
core   0: 3 0x8000a370 (0x00006f17) x30 0x80010370
core   0: 0x8000a374 (0xc83f2823) sw      gp, -880(t5)
core   0: 3 0x8000a374 (0xc83f2823) mem 0x80010000 0x00000001
core   0: 0x8000a378 (0x0000bfe5) c.j     pc - 8
core   0: 3 0x8000a378 (0xbfe5)
core   0: 0x8000a370 (0x00006f17) auipc   t5, 0x6
core   0: 3 0x8000a370 (0x00006f17) x30 0x80010370
core   0: 0x8000a374 (0xc83f2823) sw      gp, -880(t5)
core   0: 3 0x8000a374 (0xc83f2823) mem 0x80010000 0x00000001
core   0: 0x8000a378 (0x0000bfe5) c.j     pc - 8
core   0: 3 0x8000a378 (0xbfe5)
core   0: 0x8000a370 (0x00006f17) auipc   t5, 0x6
core   0: 3 0x8000a370 (0x00006f17) x30 0x80010370
core   0: 0x8000a374 (0xc83f2823) sw      gp, -880(t5)
core   0: 3 0x8000a374 (0xc83f2823) mem 0x80010000 0x00000001
core   0: 0x8000a378 (0x0000bfe5) c.j     pc - 8
core   0: 3 0x8000a378 (0xbfe5)
core   0: 0x8000a370 (0x00006f17) auipc   t5, 0x6
core   0: 3 0x8000a370 (0x00006f17) x30 0x80010370
core   0: 0x8000a374 (0xc83f2823) sw      gp, -880(t5)
core   0: 3 0x8000a374 (0xc83f2823) mem 0x80010000 0x00000001
core   0: 0x8000a378 (0x0000bfe5) c.j     pc - 8
core   0: 3 0x8000a378 (0xbfe5)
core   0: 0x8000a370 (0x00006f17) auipc   t5, 0x6
core   0: 3 0x8000a370 (0x00006f17) x30 0x80010370
core   0: 0x8000a374 (0xc83f2823) sw      gp, -880(t5)
core   0: 3 0x8000a374 (0xc83f2823) mem 0x80010000 0x00000001
core   0: 0x8000a378 (0x0000bfe5) c.j     pc - 8
core   0: 3 0x8000a378 (0xbfe5)
core   0: 0x8000a370 (0x00006f17) auipc   t5, 0x6
core   0: 3 0x8000a370 (0x00006f17) x30 0x80010370
core   0: 0x8000a374 (0xc83f2823) sw      gp, -880(t5)
core   0: 3 0x8000a374 (0xc83f2823) mem 0x80010000 0x00000001
core   0: 0x8000a378 (0x0000bfe5) c.j     pc - 8
core   0: 3 0x8000a378 (0xbfe5)
core   0: 0x8000a370 (0x00006f17) auipc   t5, 0x6
core   0: 3 0x8000a370 (0x00006f17) x30 0x80010370
core   0: 0x8000a374 (0xc83f2823) sw      gp, -880(t5)
core   0: 3 0x8000a374 (0xc83f2823) mem 0x80010000 0x00000001
core   0: 0x8000a378 (0x0000bfe5) c.j     pc - 8
core   0: 3 0x8000a378 (0xbfe5)
core   0: 0x8000a370 (0x00006f17) auipc   t5, 0x6
core   0: 3 0x8000a370 (0x00006f17) x30 0x80010370
core   0: 0x8000a374 (0xc83f2823) sw      gp, -880(t5)
core   0: 3 0x8000a374 (0xc83f2823) mem 0x80010000 0x00000001
core   0: 0x8000a378 (0x0000bfe5) c.j     pc - 8
core   0: 3 0x8000a378 (0xbfe5)
core   0: 0x8000a370 (0x00006f17) auipc   t5, 0x6
core   0: 3 0x8000a370 (0x00006f17) x30 0x80010370
core   0: 0x8000a374 (0xc83f2823) sw      gp, -880(t5)
core   0: 3 0x8000a374 (0xc83f2823) mem 0x80010000 0x00000001
core   0: 0x8000a378 (0x0000bfe5) c.j     pc - 8
core   0: 3 0x8000a378 (0xbfe5)
core   0: 0x8000a370 (0x00006f17) auipc   t5, 0x6
core   0: 3 0x8000a370 (0x00006f17) x30 0x80010370
core   0: 0x8000a374 (0xc83f2823) sw      gp, -880(t5)
core   0: 3 0x8000a374 (0xc83f2823) mem 0x80010000 0x00000001
core   0: 0x8000a378 (0x0000bfe5) c.j     pc - 8
core   0: 3 0x8000a378 (0xbfe5)
core   0: 0x8000a370 (0x00006f17) auipc   t5, 0x6
core   0: 3 0x8000a370 (0x00006f17) x30 0x80010370
core   0: 0x8000a374 (0xc83f2823) sw      gp, -880(t5)
core   0: 3 0x8000a374 (0xc83f2823) mem 0x80010000 0x00000001
core   0: 0x8000a378 (0x0000bfe5) c.j     pc - 8
core   0: 3 0x8000a378 (0xbfe5)
core   0: 0x8000a370 (0x00006f17) auipc   t5, 0x6
core   0: 3 0x8000a370 (0x00006f17) x30 0x80010370
core   0: 0x8000a374 (0xc83f2823) sw      gp, -880(t5)
core   0: 3 0x8000a374 (0xc83f2823) mem 0x80010000 0x00000001
core   0: 0x8000a378 (0x0000bfe5) c.j     pc - 8
core   0: 3 0x8000a378 (0xbfe5)
core   0: 0x8000a370 (0x00006f17) auipc   t5, 0x6
core   0: 3 0x8000a370 (0x00006f17) x30 0x80010370
core   0: 0x8000a374 (0xc83f2823) sw      gp, -880(t5)
core   0: 3 0x8000a374 (0xc83f2823) mem 0x80010000 0x00000001
core   0: 0x8000a378 (0x0000bfe5) c.j     pc - 8
core   0: 3 0x8000a378 (0xbfe5)
core   0: 0x8000a370 (0x00006f17) auipc   t5, 0x6
core   0: 3 0x8000a370 (0x00006f17) x30 0x80010370
core   0: 0x8000a374 (0xc83f2823) sw      gp, -880(t5)
core   0: 3 0x8000a374 (0xc83f2823) mem 0x80010000 0x00000001
core   0: 0x8000a378 (0x0000bfe5) c.j     pc - 8
core   0: 3 0x8000a378 (0xbfe5)
core   0: 0x8000a370 (0x00006f17) auipc   t5, 0x6
core   0: 3 0x8000a370 (0x00006f17) x30 0x80010370
core   0: 0x8000a374 (0xc83f2823) sw      gp, -880(t5)
core   0: 3 0x8000a374 (0xc83f2823) mem 0x80010000 0x00000001
core   0: 0x8000a378 (0x0000bfe5) c.j     pc - 8
core   0: 3 0x8000a378 (0xbfe5)
core   0: 0x8000a370 (0x00006f17) auipc   t5, 0x6
core   0: 3 0x8000a370 (0x00006f17) x30 0x80010370
core   0: 0x8000a374 (0xc83f2823) sw      gp, -880(t5)
core   0: 3 0x8000a374 (0xc83f2823) mem 0x80010000 0x00000001
core   0: 0x8000a378 (0x0000bfe5) c.j     pc - 8
core   0: 3 0x8000a378 (0xbfe5)
core   0: 0x8000a370 (0x00006f17) auipc   t5, 0x6
core   0: 3 0x8000a370 (0x00006f17) x30 0x80010370
core   0: 0x8000a374 (0xc83f2823) sw      gp, -880(t5)
core   0: 3 0x8000a374 (0xc83f2823) mem 0x80010000 0x00000001
core   0: 0x8000a378 (0x0000bfe5) c.j     pc - 8
core   0: 3 0x8000a378 (0xbfe5)
core   0: 0x8000a370 (0x00006f17) auipc   t5, 0x6
core   0: 3 0x8000a370 (0x00006f17) x30 0x80010370
core   0: 0x8000a374 (0xc83f2823) sw      gp, -880(t5)
core   0: 3 0x8000a374 (0xc83f2823) mem 0x80010000 0x00000001
core   0: 0x8000a378 (0x0000bfe5) c.j     pc - 8
core   0: 3 0x8000a378 (0xbfe5)
core   0: 0x8000a370 (0x00006f17) auipc   t5, 0x6
core   0: 3 0x8000a370 (0x00006f17) x30 0x80010370
core   0: 0x8000a374 (0xc83f2823) sw      gp, -880(t5)
core   0: 3 0x8000a374 (0xc83f2823) mem 0x80010000 0x00000001
core   0: 0x8000a378 (0x0000bfe5) c.j     pc - 8
core   0: 3 0x8000a378 (0xbfe5)
core   0: 0x8000a370 (0x00006f17) auipc   t5, 0x6
core   0: 3 0x8000a370 (0x00006f17) x30 0x80010370
core   0: 0x8000a374 (0xc83f2823) sw      gp, -880(t5)
core   0: 3 0x8000a374 (0xc83f2823) mem 0x80010000 0x00000001
core   0: 0x8000a378 (0x0000bfe5) c.j     pc - 8
core   0: 3 0x8000a378 (0xbfe5)
core   0: 0x8000a370 (0x00006f17) auipc   t5, 0x6
core   0: 3 0x8000a370 (0x00006f17) x30 0x80010370
core   0: 0x8000a374 (0xc83f2823) sw      gp, -880(t5)
core   0: 3 0x8000a374 (0xc83f2823) mem 0x80010000 0x00000001
core   0: 0x8000a378 (0x0000bfe5) c.j     pc - 8
core   0: 3 0x8000a378 (0xbfe5)
core   0: 0x8000a370 (0x00006f17) auipc   t5, 0x6
core   0: 3 0x8000a370 (0x00006f17) x30 0x80010370
core   0: 0x8000a374 (0xc83f2823) sw      gp, -880(t5)
core   0: 3 0x8000a374 (0xc83f2823) mem 0x80010000 0x00000001
core   0: 0x8000a378 (0x0000bfe5) c.j     pc - 8
core   0: 3 0x8000a378 (0xbfe5)
core   0: 0x8000a370 (0x00006f17) auipc   t5, 0x6
core   0: 3 0x8000a370 (0x00006f17) x30 0x80010370
core   0: 0x8000a374 (0xc83f2823) sw      gp, -880(t5)
core   0: 3 0x8000a374 (0xc83f2823) mem 0x80010000 0x00000001
core   0: 0x8000a378 (0x0000bfe5) c.j     pc - 8
core   0: 3 0x8000a378 (0xbfe5)
core   0: 0x8000a370 (0x00006f17) auipc   t5, 0x6
core   0: 3 0x8000a370 (0x00006f17) x30 0x80010370
core   0: 0x8000a374 (0xc83f2823) sw      gp, -880(t5)
core   0: 3 0x8000a374 (0xc83f2823) mem 0x80010000 0x00000001
core   0: 0x8000a378 (0x0000bfe5) c.j     pc - 8
core   0: 3 0x8000a378 (0xbfe5)
core   0: 0x8000a370 (0x00006f17) auipc   t5, 0x6
core   0: 3 0x8000a370 (0x00006f17) x30 0x80010370
core   0: 0x8000a374 (0xc83f2823) sw      gp, -880(t5)
core   0: 3 0x8000a374 (0xc83f2823) mem 0x80010000 0x00000001
core   0: 0x8000a378 (0x0000bfe5) c.j     pc - 8
core   0: 3 0x8000a378 (0xbfe5)
core   0: 0x8000a370 (0x00006f17) auipc   t5, 0x6
core   0: 3 0x8000a370 (0x00006f17) x30 0x80010370
core   0: 0x8000a374 (0xc83f2823) sw      gp, -880(t5)
core   0: 3 0x8000a374 (0xc83f2823) mem 0x80010000 0x00000001
core   0: 0x8000a378 (0x0000bfe5) c.j     pc - 8
core   0: 3 0x8000a378 (0xbfe5)
core   0: 0x8000a370 (0x00006f17) auipc   t5, 0x6
core   0: 3 0x8000a370 (0x00006f17) x30 0x80010370
core   0: 0x8000a374 (0xc83f2823) sw      gp, -880(t5)
core   0: 3 0x8000a374 (0xc83f2823) mem 0x80010000 0x00000001
core   0: 0x8000a378 (0x0000bfe5) c.j     pc - 8
core   0: 3 0x8000a378 (0xbfe5)
core   0: 0x8000a370 (0x00006f17) auipc   t5, 0x6
core   0: 3 0x8000a370 (0x00006f17) x30 0x80010370
core   0: 0x8000a374 (0xc83f2823) sw      gp, -880(t5)
core   0: 3 0x8000a374 (0xc83f2823) mem 0x80010000 0x00000001
core   0: 0x8000a378 (0x0000bfe5) c.j     pc - 8
core   0: 3 0x8000a378 (0xbfe5)
core   0: 0x8000a370 (0x00006f17) auipc   t5, 0x6
core   0: 3 0x8000a370 (0x00006f17) x30 0x80010370
core   0: 0x8000a374 (0xc83f2823) sw      gp, -880(t5)
core   0: 3 0x8000a374 (0xc83f2823) mem 0x80010000 0x00000001
core   0: 0x8000a378 (0x0000bfe5) c.j     pc - 8
core   0: 3 0x8000a378 (0xbfe5)
core   0: 0x8000a370 (0x00006f17) auipc   t5, 0x6
core   0: 3 0x8000a370 (0x00006f17) x30 0x80010370
core   0: 0x8000a374 (0xc83f2823) sw      gp, -880(t5)
core   0: 3 0x8000a374 (0xc83f2823) mem 0x80010000 0x00000001
core   0: 0x8000a378 (0x0000bfe5) c.j     pc - 8
core   0: 3 0x8000a378 (0xbfe5)
core   0: 0x8000a370 (0x00006f17) auipc   t5, 0x6
core   0: 3 0x8000a370 (0x00006f17) x30 0x80010370
core   0: 0x8000a374 (0xc83f2823) sw      gp, -880(t5)
core   0: 3 0x8000a374 (0xc83f2823) mem 0x80010000 0x00000001
core   0: 0x8000a378 (0x0000bfe5) c.j     pc - 8
core   0: 3 0x8000a378 (0xbfe5)
core   0: 0x8000a370 (0x00006f17) auipc   t5, 0x6
core   0: 3 0x8000a370 (0x00006f17) x30 0x80010370
core   0: 0x8000a374 (0xc83f2823) sw      gp, -880(t5)
core   0: 3 0x8000a374 (0xc83f2823) mem 0x80010000 0x00000001
core   0: 0x8000a378 (0x0000bfe5) c.j     pc - 8
core   0: 3 0x8000a378 (0xbfe5)
core   0: 0x8000a370 (0x00006f17) auipc   t5, 0x6
core   0: 3 0x8000a370 (0x00006f17) x30 0x80010370
core   0: 0x8000a374 (0xc83f2823) sw      gp, -880(t5)
core   0: 3 0x8000a374 (0xc83f2823) mem 0x80010000 0x00000001
core   0: 0x8000a378 (0x0000bfe5) c.j     pc - 8
core   0: 3 0x8000a378 (0xbfe5)
core   0: 0x8000a370 (0x00006f17) auipc   t5, 0x6
core   0: 3 0x8000a370 (0x00006f17) x30 0x80010370
core   0: 0x8000a374 (0xc83f2823) sw      gp, -880(t5)
core   0: 3 0x8000a374 (0xc83f2823) mem 0x80010000 0x00000001
core   0: 0x8000a378 (0x0000bfe5) c.j     pc - 8
core   0: 3 0x8000a378 (0xbfe5)
core   0: 0x8000a370 (0x00006f17) auipc   t5, 0x6
core   0: 3 0x8000a370 (0x00006f17) x30 0x80010370
core   0: 0x8000a374 (0xc83f2823) sw      gp, -880(t5)
core   0: 3 0x8000a374 (0xc83f2823) mem 0x80010000 0x00000001
core   0: 0x8000a378 (0x0000bfe5) c.j     pc - 8
core   0: 3 0x8000a378 (0xbfe5)
core   0: 0x8000a370 (0x00006f17) auipc   t5, 0x6
core   0: 3 0x8000a370 (0x00006f17) x30 0x80010370
core   0: 0x8000a374 (0xc83f2823) sw      gp, -880(t5)
core   0: 3 0x8000a374 (0xc83f2823) mem 0x80010000 0x00000001
core   0: 0x8000a378 (0x0000bfe5) c.j     pc - 8
core   0: 3 0x8000a378 (0xbfe5)
core   0: 0x8000a370 (0x00006f17) auipc   t5, 0x6
core   0: 3 0x8000a370 (0x00006f17) x30 0x80010370
core   0: 0x8000a374 (0xc83f2823) sw      gp, -880(t5)
core   0: 3 0x8000a374 (0xc83f2823) mem 0x80010000 0x00000001
core   0: 0x8000a378 (0x0000bfe5) c.j     pc - 8
core   0: 3 0x8000a378 (0xbfe5)
core   0: 0x8000a370 (0x00006f17) auipc   t5, 0x6
core   0: 3 0x8000a370 (0x00006f17) x30 0x80010370
core   0: 0x8000a374 (0xc83f2823) sw      gp, -880(t5)
core   0: 3 0x8000a374 (0xc83f2823) mem 0x80010000 0x00000001
core   0: 0x8000a378 (0x0000bfe5) c.j     pc - 8
core   0: 3 0x8000a378 (0xbfe5)
core   0: 0x8000a370 (0x00006f17) auipc   t5, 0x6
core   0: 3 0x8000a370 (0x00006f17) x30 0x80010370
core   0: 0x8000a374 (0xc83f2823) sw      gp, -880(t5)
core   0: 3 0x8000a374 (0xc83f2823) mem 0x80010000 0x00000001
core   0: 0x8000a378 (0x0000bfe5) c.j     pc - 8
core   0: 3 0x8000a378 (0xbfe5)
core   0: 0x8000a370 (0x00006f17) auipc   t5, 0x6
core   0: 3 0x8000a370 (0x00006f17) x30 0x80010370
core   0: 0x8000a374 (0xc83f2823) sw      gp, -880(t5)
core   0: 3 0x8000a374 (0xc83f2823) mem 0x80010000 0x00000001
core   0: 0x8000a378 (0x0000bfe5) c.j     pc - 8
core   0: 3 0x8000a378 (0xbfe5)
core   0: 0x8000a370 (0x00006f17) auipc   t5, 0x6
core   0: 3 0x8000a370 (0x00006f17) x30 0x80010370
core   0: 0x8000a374 (0xc83f2823) sw      gp, -880(t5)
core   0: 3 0x8000a374 (0xc83f2823) mem 0x80010000 0x00000001
core   0: 0x8000a378 (0x0000bfe5) c.j     pc - 8
core   0: 3 0x8000a378 (0xbfe5)
core   0: 0x8000a370 (0x00006f17) auipc   t5, 0x6
core   0: 3 0x8000a370 (0x00006f17) x30 0x80010370
core   0: 0x8000a374 (0xc83f2823) sw      gp, -880(t5)
core   0: 3 0x8000a374 (0xc83f2823) mem 0x80010000 0x00000001
core   0: 0x8000a378 (0x0000bfe5) c.j     pc - 8
core   0: 3 0x8000a378 (0xbfe5)
core   0: 0x8000a370 (0x00006f17) auipc   t5, 0x6
core   0: 3 0x8000a370 (0x00006f17) x30 0x80010370
core   0: 0x8000a374 (0xc83f2823) sw      gp, -880(t5)
core   0: 3 0x8000a374 (0xc83f2823) mem 0x80010000 0x00000001
core   0: 0x8000a378 (0x0000bfe5) c.j     pc - 8
core   0: 3 0x8000a378 (0xbfe5)
core   0: 0x8000a370 (0x00006f17) auipc   t5, 0x6
core   0: 3 0x8000a370 (0x00006f17) x30 0x80010370
core   0: 0x8000a374 (0xc83f2823) sw      gp, -880(t5)
core   0: 3 0x8000a374 (0xc83f2823) mem 0x80010000 0x00000001
core   0: 0x8000a378 (0x0000bfe5) c.j     pc - 8
core   0: 3 0x8000a378 (0xbfe5)
core   0: 0x8000a370 (0x00006f17) auipc   t5, 0x6
core   0: 3 0x8000a370 (0x00006f17) x30 0x80010370
core   0: 0x8000a374 (0xc83f2823) sw      gp, -880(t5)
core   0: 3 0x8000a374 (0xc83f2823) mem 0x80010000 0x00000001
core   0: 0x8000a378 (0x0000bfe5) c.j     pc - 8
core   0: 3 0x8000a378 (0xbfe5)
core   0: 0x8000a370 (0x00006f17) auipc   t5, 0x6
core   0: 3 0x8000a370 (0x00006f17) x30 0x80010370
core   0: 0x8000a374 (0xc83f2823) sw      gp, -880(t5)
core   0: 3 0x8000a374 (0xc83f2823) mem 0x80010000 0x00000001
core   0: 0x8000a378 (0x0000bfe5) c.j     pc - 8
core   0: 3 0x8000a378 (0xbfe5)
core   0: 0x8000a370 (0x00006f17) auipc   t5, 0x6
core   0: 3 0x8000a370 (0x00006f17) x30 0x80010370
core   0: 0x8000a374 (0xc83f2823) sw      gp, -880(t5)
core   0: 3 0x8000a374 (0xc83f2823) mem 0x80010000 0x00000001
core   0: 0x8000a378 (0x0000bfe5) c.j     pc - 8
core   0: 3 0x8000a378 (0xbfe5)
core   0: 0x8000a370 (0x00006f17) auipc   t5, 0x6
core   0: 3 0x8000a370 (0x00006f17) x30 0x80010370
core   0: 0x8000a374 (0xc83f2823) sw      gp, -880(t5)
core   0: 3 0x8000a374 (0xc83f2823) mem 0x80010000 0x00000001
core   0: 0x8000a378 (0x0000bfe5) c.j     pc - 8
core   0: 3 0x8000a378 (0xbfe5)
core   0: 0x8000a370 (0x00006f17) auipc   t5, 0x6
core   0: 3 0x8000a370 (0x00006f17) x30 0x80010370
core   0: 0x8000a374 (0xc83f2823) sw      gp, -880(t5)
core   0: 3 0x8000a374 (0xc83f2823) mem 0x80010000 0x00000001
core   0: 0x8000a378 (0x0000bfe5) c.j     pc - 8
core   0: 3 0x8000a378 (0xbfe5)
core   0: 0x8000a370 (0x00006f17) auipc   t5, 0x6
core   0: 3 0x8000a370 (0x00006f17) x30 0x80010370
core   0: 0x8000a374 (0xc83f2823) sw      gp, -880(t5)
core   0: 3 0x8000a374 (0xc83f2823) mem 0x80010000 0x00000001
core   0: 0x8000a378 (0x0000bfe5) c.j     pc - 8
core   0: 3 0x8000a378 (0xbfe5)
core   0: 0x8000a370 (0x00006f17) auipc   t5, 0x6
core   0: 3 0x8000a370 (0x00006f17) x30 0x80010370
core   0: 0x8000a374 (0xc83f2823) sw      gp, -880(t5)
core   0: 3 0x8000a374 (0xc83f2823) mem 0x80010000 0x00000001
core   0: 0x8000a378 (0x0000bfe5) c.j     pc - 8
core   0: 3 0x8000a378 (0xbfe5)
core   0: 0x8000a370 (0x00006f17) auipc   t5, 0x6
core   0: 3 0x8000a370 (0x00006f17) x30 0x80010370
core   0: 0x8000a374 (0xc83f2823) sw      gp, -880(t5)
core   0: 3 0x8000a374 (0xc83f2823) mem 0x80010000 0x00000001
core   0: 0x8000a378 (0x0000bfe5) c.j     pc - 8
core   0: 3 0x8000a378 (0xbfe5)
core   0: 0x8000a370 (0x00006f17) auipc   t5, 0x6
core   0: 3 0x8000a370 (0x00006f17) x30 0x80010370
core   0: 0x8000a374 (0xc83f2823) sw      gp, -880(t5)
core   0: 3 0x8000a374 (0xc83f2823) mem 0x80010000 0x00000001
core   0: 0x8000a378 (0x0000bfe5) c.j     pc - 8
core   0: 3 0x8000a378 (0xbfe5)
core   0: 0x8000a370 (0x00006f17) auipc   t5, 0x6
core   0: 3 0x8000a370 (0x00006f17) x30 0x80010370
core   0: 0x8000a374 (0xc83f2823) sw      gp, -880(t5)
core   0: 3 0x8000a374 (0xc83f2823) mem 0x80010000 0x00000001
core   0: 0x8000a378 (0x0000bfe5) c.j     pc - 8
core   0: 3 0x8000a378 (0xbfe5)
core   0: 0x8000a370 (0x00006f17) auipc   t5, 0x6
core   0: 3 0x8000a370 (0x00006f17) x30 0x80010370
core   0: 0x8000a374 (0xc83f2823) sw      gp, -880(t5)
core   0: 3 0x8000a374 (0xc83f2823) mem 0x80010000 0x00000001
core   0: 0x8000a378 (0x0000bfe5) c.j     pc - 8
core   0: 3 0x8000a378 (0xbfe5)
core   0: 0x8000a370 (0x00006f17) auipc   t5, 0x6
core   0: 3 0x8000a370 (0x00006f17) x30 0x80010370
core   0: 0x8000a374 (0xc83f2823) sw      gp, -880(t5)
core   0: 3 0x8000a374 (0xc83f2823) mem 0x80010000 0x00000001
core   0: 0x8000a378 (0x0000bfe5) c.j     pc - 8
core   0: 3 0x8000a378 (0xbfe5)
core   0: 0x8000a370 (0x00006f17) auipc   t5, 0x6
core   0: 3 0x8000a370 (0x00006f17) x30 0x80010370
core   0: 0x8000a374 (0xc83f2823) sw      gp, -880(t5)
core   0: 3 0x8000a374 (0xc83f2823) mem 0x80010000 0x00000001
core   0: 0x8000a378 (0x0000bfe5) c.j     pc - 8
core   0: 3 0x8000a378 (0xbfe5)
core   0: 0x8000a370 (0x00006f17) auipc   t5, 0x6
core   0: 3 0x8000a370 (0x00006f17) x30 0x80010370
core   0: 0x8000a374 (0xc83f2823) sw      gp, -880(t5)
core   0: 3 0x8000a374 (0xc83f2823) mem 0x80010000 0x00000001
core   0: 0x8000a378 (0x0000bfe5) c.j     pc - 8
core   0: 3 0x8000a378 (0xbfe5)
core   0: 0x8000a370 (0x00006f17) auipc   t5, 0x6
core   0: 3 0x8000a370 (0x00006f17) x30 0x80010370
core   0: 0x8000a374 (0xc83f2823) sw      gp, -880(t5)
core   0: 3 0x8000a374 (0xc83f2823) mem 0x80010000 0x00000001
core   0: 0x8000a378 (0x0000bfe5) c.j     pc - 8
core   0: 3 0x8000a378 (0xbfe5)
core   0: 0x8000a370 (0x00006f17) auipc   t5, 0x6
core   0: 3 0x8000a370 (0x00006f17) x30 0x80010370
core   0: 0x8000a374 (0xc83f2823) sw      gp, -880(t5)
core   0: 3 0x8000a374 (0xc83f2823) mem 0x80010000 0x00000001
core   0: 0x8000a378 (0x0000bfe5) c.j     pc - 8
core   0: 3 0x8000a378 (0xbfe5)
core   0: 0x8000a370 (0x00006f17) auipc   t5, 0x6
core   0: 3 0x8000a370 (0x00006f17) x30 0x80010370
core   0: 0x8000a374 (0xc83f2823) sw      gp, -880(t5)
core   0: 3 0x8000a374 (0xc83f2823) mem 0x80010000 0x00000001
core   0: 0x8000a378 (0x0000bfe5) c.j     pc - 8
core   0: 3 0x8000a378 (0xbfe5)
core   0: 0x8000a370 (0x00006f17) auipc   t5, 0x6
core   0: 3 0x8000a370 (0x00006f17) x30 0x80010370
core   0: 0x8000a374 (0xc83f2823) sw      gp, -880(t5)
core   0: 3 0x8000a374 (0xc83f2823) mem 0x80010000 0x00000001
core   0: 0x8000a378 (0x0000bfe5) c.j     pc - 8
core   0: 3 0x8000a378 (0xbfe5)
core   0: 0x8000a370 (0x00006f17) auipc   t5, 0x6
core   0: 3 0x8000a370 (0x00006f17) x30 0x80010370
core   0: 0x8000a374 (0xc83f2823) sw      gp, -880(t5)
core   0: 3 0x8000a374 (0xc83f2823) mem 0x80010000 0x00000001
core   0: 0x8000a378 (0x0000bfe5) c.j     pc - 8
core   0: 3 0x8000a378 (0xbfe5)
core   0: 0x8000a370 (0x00006f17) auipc   t5, 0x6
core   0: 3 0x8000a370 (0x00006f17) x30 0x80010370
core   0: 0x8000a374 (0xc83f2823) sw      gp, -880(t5)
core   0: 3 0x8000a374 (0xc83f2823) mem 0x80010000 0x00000001
core   0: 0x8000a378 (0x0000bfe5) c.j     pc - 8
core   0: 3 0x8000a378 (0xbfe5)
core   0: 0x8000a370 (0x00006f17) auipc   t5, 0x6
core   0: 3 0x8000a370 (0x00006f17) x30 0x80010370
core   0: 0x8000a374 (0xc83f2823) sw      gp, -880(t5)
core   0: 3 0x8000a374 (0xc83f2823) mem 0x80010000 0x00000001
core   0: 0x8000a378 (0x0000bfe5) c.j     pc - 8
core   0: 3 0x8000a378 (0xbfe5)
core   0: 0x8000a370 (0x00006f17) auipc   t5, 0x6
core   0: 3 0x8000a370 (0x00006f17) x30 0x80010370
core   0: 0x8000a374 (0xc83f2823) sw      gp, -880(t5)
core   0: 3 0x8000a374 (0xc83f2823) mem 0x80010000 0x00000001
core   0: 0x8000a378 (0x0000bfe5) c.j     pc - 8
core   0: 3 0x8000a378 (0xbfe5)
core   0: 0x8000a370 (0x00006f17) auipc   t5, 0x6
core   0: 3 0x8000a370 (0x00006f17) x30 0x80010370
core   0: 0x8000a374 (0xc83f2823) sw      gp, -880(t5)
core   0: 3 0x8000a374 (0xc83f2823) mem 0x80010000 0x00000001
core   0: 0x8000a378 (0x0000bfe5) c.j     pc - 8
core   0: 3 0x8000a378 (0xbfe5)
core   0: 0x8000a370 (0x00006f17) auipc   t5, 0x6
core   0: 3 0x8000a370 (0x00006f17) x30 0x80010370
core   0: 0x8000a374 (0xc83f2823) sw      gp, -880(t5)
core   0: 3 0x8000a374 (0xc83f2823) mem 0x80010000 0x00000001
core   0: 0x8000a378 (0x0000bfe5) c.j     pc - 8
core   0: 3 0x8000a378 (0xbfe5)
core   0: 0x8000a370 (0x00006f17) auipc   t5, 0x6
core   0: 3 0x8000a370 (0x00006f17) x30 0x80010370
core   0: 0x8000a374 (0xc83f2823) sw      gp, -880(t5)
core   0: 3 0x8000a374 (0xc83f2823) mem 0x80010000 0x00000001
core   0: 0x8000a378 (0x0000bfe5) c.j     pc - 8
core   0: 3 0x8000a378 (0xbfe5)
core   0: 0x8000a370 (0x00006f17) auipc   t5, 0x6
core   0: 3 0x8000a370 (0x00006f17) x30 0x80010370
core   0: 0x8000a374 (0xc83f2823) sw      gp, -880(t5)
core   0: 3 0x8000a374 (0xc83f2823) mem 0x80010000 0x00000001
core   0: 0x8000a378 (0x0000bfe5) c.j     pc - 8
core   0: 3 0x8000a378 (0xbfe5)
core   0: 0x8000a370 (0x00006f17) auipc   t5, 0x6
core   0: 3 0x8000a370 (0x00006f17) x30 0x80010370
core   0: 0x8000a374 (0xc83f2823) sw      gp, -880(t5)
core   0: 3 0x8000a374 (0xc83f2823) mem 0x80010000 0x00000001
core   0: 0x8000a378 (0x0000bfe5) c.j     pc - 8
core   0: 3 0x8000a378 (0xbfe5)
core   0: 0x8000a370 (0x00006f17) auipc   t5, 0x6
core   0: 3 0x8000a370 (0x00006f17) x30 0x80010370
core   0: 0x8000a374 (0xc83f2823) sw      gp, -880(t5)
core   0: 3 0x8000a374 (0xc83f2823) mem 0x80010000 0x00000001
core   0: 0x8000a378 (0x0000bfe5) c.j     pc - 8
core   0: 3 0x8000a378 (0xbfe5)
core   0: 0x8000a370 (0x00006f17) auipc   t5, 0x6
core   0: 3 0x8000a370 (0x00006f17) x30 0x80010370
core   0: 0x8000a374 (0xc83f2823) sw      gp, -880(t5)
core   0: 3 0x8000a374 (0xc83f2823) mem 0x80010000 0x00000001
core   0: 0x8000a378 (0x0000bfe5) c.j     pc - 8
core   0: 3 0x8000a378 (0xbfe5)
core   0: 0x8000a370 (0x00006f17) auipc   t5, 0x6
core   0: 3 0x8000a370 (0x00006f17) x30 0x80010370
core   0: 0x8000a374 (0xc83f2823) sw      gp, -880(t5)
core   0: 3 0x8000a374 (0xc83f2823) mem 0x80010000 0x00000001
core   0: 0x8000a378 (0x0000bfe5) c.j     pc - 8
core   0: 3 0x8000a378 (0xbfe5)
core   0: 0x8000a370 (0x00006f17) auipc   t5, 0x6
core   0: 3 0x8000a370 (0x00006f17) x30 0x80010370
core   0: 0x8000a374 (0xc83f2823) sw      gp, -880(t5)
core   0: 3 0x8000a374 (0xc83f2823) mem 0x80010000 0x00000001
core   0: 0x8000a378 (0x0000bfe5) c.j     pc - 8
core   0: 3 0x8000a378 (0xbfe5)
core   0: 0x8000a370 (0x00006f17) auipc   t5, 0x6
core   0: 3 0x8000a370 (0x00006f17) x30 0x80010370
core   0: 0x8000a374 (0xc83f2823) sw      gp, -880(t5)
core   0: 3 0x8000a374 (0xc83f2823) mem 0x80010000 0x00000001
core   0: 0x8000a378 (0x0000bfe5) c.j     pc - 8
core   0: 3 0x8000a378 (0xbfe5)
core   0: 0x8000a370 (0x00006f17) auipc   t5, 0x6
core   0: 3 0x8000a370 (0x00006f17) x30 0x80010370
core   0: 0x8000a374 (0xc83f2823) sw      gp, -880(t5)
core   0: 3 0x8000a374 (0xc83f2823) mem 0x80010000 0x00000001
core   0: 0x8000a378 (0x0000bfe5) c.j     pc - 8
core   0: 3 0x8000a378 (0xbfe5)
core   0: 0x8000a370 (0x00006f17) auipc   t5, 0x6
core   0: 3 0x8000a370 (0x00006f17) x30 0x80010370
core   0: 0x8000a374 (0xc83f2823) sw      gp, -880(t5)
core   0: 3 0x8000a374 (0xc83f2823) mem 0x80010000 0x00000001
core   0: 0x8000a378 (0x0000bfe5) c.j     pc - 8
core   0: 3 0x8000a378 (0xbfe5)
core   0: 0x8000a370 (0x00006f17) auipc   t5, 0x6
core   0: 3 0x8000a370 (0x00006f17) x30 0x80010370
core   0: 0x8000a374 (0xc83f2823) sw      gp, -880(t5)
core   0: 3 0x8000a374 (0xc83f2823) mem 0x80010000 0x00000001
core   0: 0x8000a378 (0x0000bfe5) c.j     pc - 8
core   0: 3 0x8000a378 (0xbfe5)
core   0: 0x8000a370 (0x00006f17) auipc   t5, 0x6
core   0: 3 0x8000a370 (0x00006f17) x30 0x80010370
core   0: 0x8000a374 (0xc83f2823) sw      gp, -880(t5)
core   0: 3 0x8000a374 (0xc83f2823) mem 0x80010000 0x00000001
core   0: 0x8000a378 (0x0000bfe5) c.j     pc - 8
core   0: 3 0x8000a378 (0xbfe5)
core   0: 0x8000a370 (0x00006f17) auipc   t5, 0x6
core   0: 3 0x8000a370 (0x00006f17) x30 0x80010370
core   0: 0x8000a374 (0xc83f2823) sw      gp, -880(t5)
core   0: 3 0x8000a374 (0xc83f2823) mem 0x80010000 0x00000001
core   0: 0x8000a378 (0x0000bfe5) c.j     pc - 8
core   0: 3 0x8000a378 (0xbfe5)
core   0: 0x8000a370 (0x00006f17) auipc   t5, 0x6
core   0: 3 0x8000a370 (0x00006f17) x30 0x80010370
core   0: 0x8000a374 (0xc83f2823) sw      gp, -880(t5)
core   0: 3 0x8000a374 (0xc83f2823) mem 0x80010000 0x00000001
core   0: 0x8000a378 (0x0000bfe5) c.j     pc - 8
core   0: 3 0x8000a378 (0xbfe5)
core   0: 0x8000a370 (0x00006f17) auipc   t5, 0x6
core   0: 3 0x8000a370 (0x00006f17) x30 0x80010370
core   0: 0x8000a374 (0xc83f2823) sw      gp, -880(t5)
core   0: 3 0x8000a374 (0xc83f2823) mem 0x80010000 0x00000001
core   0: 0x8000a378 (0x0000bfe5) c.j     pc - 8
core   0: 3 0x8000a378 (0xbfe5)
core   0: 0x8000a370 (0x00006f17) auipc   t5, 0x6
core   0: 3 0x8000a370 (0x00006f17) x30 0x80010370
core   0: 0x8000a374 (0xc83f2823) sw      gp, -880(t5)
core   0: 3 0x8000a374 (0xc83f2823) mem 0x80010000 0x00000001
core   0: 0x8000a378 (0x0000bfe5) c.j     pc - 8
core   0: 3 0x8000a378 (0xbfe5)
core   0: 0x8000a370 (0x00006f17) auipc   t5, 0x6
core   0: 3 0x8000a370 (0x00006f17) x30 0x80010370
core   0: 0x8000a374 (0xc83f2823) sw      gp, -880(t5)
core   0: 3 0x8000a374 (0xc83f2823) mem 0x80010000 0x00000001
core   0: 0x8000a378 (0x0000bfe5) c.j     pc - 8
core   0: 3 0x8000a378 (0xbfe5)
core   0: 0x8000a370 (0x00006f17) auipc   t5, 0x6
core   0: 3 0x8000a370 (0x00006f17) x30 0x80010370
core   0: 0x8000a374 (0xc83f2823) sw      gp, -880(t5)
core   0: 3 0x8000a374 (0xc83f2823) mem 0x80010000 0x00000001
core   0: 0x8000a378 (0x0000bfe5) c.j     pc - 8
core   0: 3 0x8000a378 (0xbfe5)
core   0: 0x8000a370 (0x00006f17) auipc   t5, 0x6
core   0: 3 0x8000a370 (0x00006f17) x30 0x80010370
core   0: 0x8000a374 (0xc83f2823) sw      gp, -880(t5)
core   0: 3 0x8000a374 (0xc83f2823) mem 0x80010000 0x00000001
core   0: 0x8000a378 (0x0000bfe5) c.j     pc - 8
core   0: 3 0x8000a378 (0xbfe5)
core   0: 0x8000a370 (0x00006f17) auipc   t5, 0x6
core   0: 3 0x8000a370 (0x00006f17) x30 0x80010370
core   0: 0x8000a374 (0xc83f2823) sw      gp, -880(t5)
core   0: 3 0x8000a374 (0xc83f2823) mem 0x80010000 0x00000001
core   0: 0x8000a378 (0x0000bfe5) c.j     pc - 8
core   0: 3 0x8000a378 (0xbfe5)
core   0: 0x8000a370 (0x00006f17) auipc   t5, 0x6
core   0: 3 0x8000a370 (0x00006f17) x30 0x80010370
core   0: 0x8000a374 (0xc83f2823) sw      gp, -880(t5)
core   0: 3 0x8000a374 (0xc83f2823) mem 0x80010000 0x00000001
core   0: 0x8000a378 (0x0000bfe5) c.j     pc - 8
core   0: 3 0x8000a378 (0xbfe5)
core   0: 0x8000a370 (0x00006f17) auipc   t5, 0x6
core   0: 3 0x8000a370 (0x00006f17) x30 0x80010370
core   0: 0x8000a374 (0xc83f2823) sw      gp, -880(t5)
core   0: 3 0x8000a374 (0xc83f2823) mem 0x80010000 0x00000001
core   0: 0x8000a378 (0x0000bfe5) c.j     pc - 8
core   0: 3 0x8000a378 (0xbfe5)
core   0: 0x8000a370 (0x00006f17) auipc   t5, 0x6
core   0: 3 0x8000a370 (0x00006f17) x30 0x80010370
core   0: 0x8000a374 (0xc83f2823) sw      gp, -880(t5)
core   0: 3 0x8000a374 (0xc83f2823) mem 0x80010000 0x00000001
core   0: 0x8000a378 (0x0000bfe5) c.j     pc - 8
core   0: 3 0x8000a378 (0xbfe5)
core   0: 0x8000a370 (0x00006f17) auipc   t5, 0x6
core   0: 3 0x8000a370 (0x00006f17) x30 0x80010370
core   0: 0x8000a374 (0xc83f2823) sw      gp, -880(t5)
core   0: 3 0x8000a374 (0xc83f2823) mem 0x80010000 0x00000001
core   0: 0x8000a378 (0x0000bfe5) c.j     pc - 8
core   0: 3 0x8000a378 (0xbfe5)
core   0: 0x8000a370 (0x00006f17) auipc   t5, 0x6
core   0: 3 0x8000a370 (0x00006f17) x30 0x80010370
core   0: 0x8000a374 (0xc83f2823) sw      gp, -880(t5)
core   0: 3 0x8000a374 (0xc83f2823) mem 0x80010000 0x00000001
core   0: 0x8000a378 (0x0000bfe5) c.j     pc - 8
core   0: 3 0x8000a378 (0xbfe5)
core   0: 0x8000a370 (0x00006f17) auipc   t5, 0x6
core   0: 3 0x8000a370 (0x00006f17) x30 0x80010370
core   0: 0x8000a374 (0xc83f2823) sw      gp, -880(t5)
core   0: 3 0x8000a374 (0xc83f2823) mem 0x80010000 0x00000001
core   0: 0x8000a378 (0x0000bfe5) c.j     pc - 8
core   0: 3 0x8000a378 (0xbfe5)
core   0: 0x8000a370 (0x00006f17) auipc   t5, 0x6
core   0: 3 0x8000a370 (0x00006f17) x30 0x80010370
core   0: 0x8000a374 (0xc83f2823) sw      gp, -880(t5)
core   0: 3 0x8000a374 (0xc83f2823) mem 0x80010000 0x00000001
core   0: 0x8000a378 (0x0000bfe5) c.j     pc - 8
core   0: 3 0x8000a378 (0xbfe5)
core   0: 0x8000a370 (0x00006f17) auipc   t5, 0x6
core   0: 3 0x8000a370 (0x00006f17) x30 0x80010370
core   0: 0x8000a374 (0xc83f2823) sw      gp, -880(t5)
core   0: 3 0x8000a374 (0xc83f2823) mem 0x80010000 0x00000001
core   0: 0x8000a378 (0x0000bfe5) c.j     pc - 8
core   0: 3 0x8000a378 (0xbfe5)
core   0: 0x8000a370 (0x00006f17) auipc   t5, 0x6
core   0: 3 0x8000a370 (0x00006f17) x30 0x80010370
core   0: 0x8000a374 (0xc83f2823) sw      gp, -880(t5)
core   0: 3 0x8000a374 (0xc83f2823) mem 0x80010000 0x00000001
core   0: 0x8000a378 (0x0000bfe5) c.j     pc - 8
core   0: 3 0x8000a378 (0xbfe5)
core   0: 0x8000a370 (0x00006f17) auipc   t5, 0x6
core   0: 3 0x8000a370 (0x00006f17) x30 0x80010370
core   0: 0x8000a374 (0xc83f2823) sw      gp, -880(t5)
core   0: 3 0x8000a374 (0xc83f2823) mem 0x80010000 0x00000001
core   0: 0x8000a378 (0x0000bfe5) c.j     pc - 8
core   0: 3 0x8000a378 (0xbfe5)
core   0: 0x8000a370 (0x00006f17) auipc   t5, 0x6
core   0: 3 0x8000a370 (0x00006f17) x30 0x80010370
core   0: 0x8000a374 (0xc83f2823) sw      gp, -880(t5)
core   0: 3 0x8000a374 (0xc83f2823) mem 0x80010000 0x00000001
core   0: 0x8000a378 (0x0000bfe5) c.j     pc - 8
core   0: 3 0x8000a378 (0xbfe5)
core   0: 0x8000a370 (0x00006f17) auipc   t5, 0x6
core   0: 3 0x8000a370 (0x00006f17) x30 0x80010370
core   0: 0x8000a374 (0xc83f2823) sw      gp, -880(t5)
core   0: 3 0x8000a374 (0xc83f2823) mem 0x80010000 0x00000001
core   0: 0x8000a378 (0x0000bfe5) c.j     pc - 8
core   0: 3 0x8000a378 (0xbfe5)
core   0: 0x8000a370 (0x00006f17) auipc   t5, 0x6
core   0: 3 0x8000a370 (0x00006f17) x30 0x80010370
core   0: 0x8000a374 (0xc83f2823) sw      gp, -880(t5)
core   0: 3 0x8000a374 (0xc83f2823) mem 0x80010000 0x00000001
core   0: 0x8000a378 (0x0000bfe5) c.j     pc - 8
core   0: 3 0x8000a378 (0xbfe5)
core   0: 0x8000a370 (0x00006f17) auipc   t5, 0x6
core   0: 3 0x8000a370 (0x00006f17) x30 0x80010370
core   0: 0x8000a374 (0xc83f2823) sw      gp, -880(t5)
core   0: 3 0x8000a374 (0xc83f2823) mem 0x80010000 0x00000001
core   0: 0x8000a378 (0x0000bfe5) c.j     pc - 8
core   0: 3 0x8000a378 (0xbfe5)
core   0: 0x8000a370 (0x00006f17) auipc   t5, 0x6
core   0: 3 0x8000a370 (0x00006f17) x30 0x80010370
core   0: 0x8000a374 (0xc83f2823) sw      gp, -880(t5)
core   0: 3 0x8000a374 (0xc83f2823) mem 0x80010000 0x00000001
core   0: 0x8000a378 (0x0000bfe5) c.j     pc - 8
core   0: 3 0x8000a378 (0xbfe5)
core   0: 0x8000a370 (0x00006f17) auipc   t5, 0x6
core   0: 3 0x8000a370 (0x00006f17) x30 0x80010370
core   0: 0x8000a374 (0xc83f2823) sw      gp, -880(t5)
core   0: 3 0x8000a374 (0xc83f2823) mem 0x80010000 0x00000001
core   0: 0x8000a378 (0x0000bfe5) c.j     pc - 8
core   0: 3 0x8000a378 (0xbfe5)
core   0: 0x8000a370 (0x00006f17) auipc   t5, 0x6
core   0: 3 0x8000a370 (0x00006f17) x30 0x80010370
core   0: 0x8000a374 (0xc83f2823) sw      gp, -880(t5)
core   0: 3 0x8000a374 (0xc83f2823) mem 0x80010000 0x00000001
core   0: 0x8000a378 (0x0000bfe5) c.j     pc - 8
core   0: 3 0x8000a378 (0xbfe5)
core   0: 0x8000a370 (0x00006f17) auipc   t5, 0x6
core   0: 3 0x8000a370 (0x00006f17) x30 0x80010370
core   0: 0x8000a374 (0xc83f2823) sw      gp, -880(t5)
core   0: 3 0x8000a374 (0xc83f2823) mem 0x80010000 0x00000001
core   0: 0x8000a378 (0x0000bfe5) c.j     pc - 8
core   0: 3 0x8000a378 (0xbfe5)
core   0: 0x8000a370 (0x00006f17) auipc   t5, 0x6
core   0: 3 0x8000a370 (0x00006f17) x30 0x80010370
core   0: 0x8000a374 (0xc83f2823) sw      gp, -880(t5)
core   0: 3 0x8000a374 (0xc83f2823) mem 0x80010000 0x00000001
core   0: 0x8000a378 (0x0000bfe5) c.j     pc - 8
core   0: 3 0x8000a378 (0xbfe5)
core   0: 0x8000a370 (0x00006f17) auipc   t5, 0x6
core   0: 3 0x8000a370 (0x00006f17) x30 0x80010370
core   0: 0x8000a374 (0xc83f2823) sw      gp, -880(t5)
core   0: 3 0x8000a374 (0xc83f2823) mem 0x80010000 0x00000001
core   0: 0x8000a378 (0x0000bfe5) c.j     pc - 8
core   0: 3 0x8000a378 (0xbfe5)
core   0: 0x8000a370 (0x00006f17) auipc   t5, 0x6
core   0: 3 0x8000a370 (0x00006f17) x30 0x80010370
core   0: 0x8000a374 (0xc83f2823) sw      gp, -880(t5)
core   0: 3 0x8000a374 (0xc83f2823) mem 0x80010000 0x00000001
core   0: 0x8000a378 (0x0000bfe5) c.j     pc - 8
core   0: 3 0x8000a378 (0xbfe5)
core   0: 0x8000a370 (0x00006f17) auipc   t5, 0x6
core   0: 3 0x8000a370 (0x00006f17) x30 0x80010370
core   0: 0x8000a374 (0xc83f2823) sw      gp, -880(t5)
core   0: 3 0x8000a374 (0xc83f2823) mem 0x80010000 0x00000001
core   0: 0x8000a378 (0x0000bfe5) c.j     pc - 8
core   0: 3 0x8000a378 (0xbfe5)
core   0: 0x8000a370 (0x00006f17) auipc   t5, 0x6
core   0: 3 0x8000a370 (0x00006f17) x30 0x80010370
core   0: 0x8000a374 (0xc83f2823) sw      gp, -880(t5)
core   0: 3 0x8000a374 (0xc83f2823) mem 0x80010000 0x00000001
core   0: 0x8000a378 (0x0000bfe5) c.j     pc - 8
core   0: 3 0x8000a378 (0xbfe5)
core   0: 0x8000a370 (0x00006f17) auipc   t5, 0x6
core   0: 3 0x8000a370 (0x00006f17) x30 0x80010370
core   0: 0x8000a374 (0xc83f2823) sw      gp, -880(t5)
core   0: 3 0x8000a374 (0xc83f2823) mem 0x80010000 0x00000001
core   0: 0x8000a378 (0x0000bfe5) c.j     pc - 8
core   0: 3 0x8000a378 (0xbfe5)
core   0: 0x8000a370 (0x00006f17) auipc   t5, 0x6
core   0: 3 0x8000a370 (0x00006f17) x30 0x80010370
core   0: 0x8000a374 (0xc83f2823) sw      gp, -880(t5)
core   0: 3 0x8000a374 (0xc83f2823) mem 0x80010000 0x00000001
core   0: 0x8000a378 (0x0000bfe5) c.j     pc - 8
core   0: 3 0x8000a378 (0xbfe5)
core   0: 0x8000a370 (0x00006f17) auipc   t5, 0x6
core   0: 3 0x8000a370 (0x00006f17) x30 0x80010370
core   0: 0x8000a374 (0xc83f2823) sw      gp, -880(t5)
core   0: 3 0x8000a374 (0xc83f2823) mem 0x80010000 0x00000001
core   0: 0x8000a378 (0x0000bfe5) c.j     pc - 8
core   0: 3 0x8000a378 (0xbfe5)
core   0: 0x8000a370 (0x00006f17) auipc   t5, 0x6
core   0: 3 0x8000a370 (0x00006f17) x30 0x80010370
core   0: 0x8000a374 (0xc83f2823) sw      gp, -880(t5)
core   0: 3 0x8000a374 (0xc83f2823) mem 0x80010000 0x00000001
core   0: 0x8000a378 (0x0000bfe5) c.j     pc - 8
core   0: 3 0x8000a378 (0xbfe5)
core   0: 0x8000a370 (0x00006f17) auipc   t5, 0x6
core   0: 3 0x8000a370 (0x00006f17) x30 0x80010370
core   0: 0x8000a374 (0xc83f2823) sw      gp, -880(t5)
core   0: 3 0x8000a374 (0xc83f2823) mem 0x80010000 0x00000001
core   0: 0x8000a378 (0x0000bfe5) c.j     pc - 8
core   0: 3 0x8000a378 (0xbfe5)
core   0: 0x8000a370 (0x00006f17) auipc   t5, 0x6
core   0: 3 0x8000a370 (0x00006f17) x30 0x80010370
core   0: 0x8000a374 (0xc83f2823) sw      gp, -880(t5)
core   0: 3 0x8000a374 (0xc83f2823) mem 0x80010000 0x00000001
core   0: 0x8000a378 (0x0000bfe5) c.j     pc - 8
core   0: 3 0x8000a378 (0xbfe5)
core   0: 0x8000a370 (0x00006f17) auipc   t5, 0x6
core   0: 3 0x8000a370 (0x00006f17) x30 0x80010370
core   0: 0x8000a374 (0xc83f2823) sw      gp, -880(t5)
core   0: 3 0x8000a374 (0xc83f2823) mem 0x80010000 0x00000001
core   0: 0x8000a378 (0x0000bfe5) c.j     pc - 8
core   0: 3 0x8000a378 (0xbfe5)
core   0: 0x8000a370 (0x00006f17) auipc   t5, 0x6
core   0: 3 0x8000a370 (0x00006f17) x30 0x80010370
core   0: 0x8000a374 (0xc83f2823) sw      gp, -880(t5)
core   0: 3 0x8000a374 (0xc83f2823) mem 0x80010000 0x00000001
core   0: 0x8000a378 (0x0000bfe5) c.j     pc - 8
core   0: 3 0x8000a378 (0xbfe5)
core   0: 0x8000a370 (0x00006f17) auipc   t5, 0x6
core   0: 3 0x8000a370 (0x00006f17) x30 0x80010370
core   0: 0x8000a374 (0xc83f2823) sw      gp, -880(t5)
core   0: 3 0x8000a374 (0xc83f2823) mem 0x80010000 0x00000001
core   0: 0x8000a378 (0x0000bfe5) c.j     pc - 8
core   0: 3 0x8000a378 (0xbfe5)
core   0: 0x8000a370 (0x00006f17) auipc   t5, 0x6
core   0: 3 0x8000a370 (0x00006f17) x30 0x80010370
core   0: 0x8000a374 (0xc83f2823) sw      gp, -880(t5)
core   0: 3 0x8000a374 (0xc83f2823) mem 0x80010000 0x00000001
core   0: 0x8000a378 (0x0000bfe5) c.j     pc - 8
core   0: 3 0x8000a378 (0xbfe5)
core   0: 0x8000a370 (0x00006f17) auipc   t5, 0x6
core   0: 3 0x8000a370 (0x00006f17) x30 0x80010370
core   0: 0x8000a374 (0xc83f2823) sw      gp, -880(t5)
core   0: 3 0x8000a374 (0xc83f2823) mem 0x80010000 0x00000001
core   0: 0x8000a378 (0x0000bfe5) c.j     pc - 8
core   0: 3 0x8000a378 (0xbfe5)
core   0: 0x8000a370 (0x00006f17) auipc   t5, 0x6
core   0: 3 0x8000a370 (0x00006f17) x30 0x80010370
core   0: 0x8000a374 (0xc83f2823) sw      gp, -880(t5)
core   0: 3 0x8000a374 (0xc83f2823) mem 0x80010000 0x00000001
core   0: 0x8000a378 (0x0000bfe5) c.j     pc - 8
core   0: 3 0x8000a378 (0xbfe5)
core   0: 0x8000a370 (0x00006f17) auipc   t5, 0x6
core   0: 3 0x8000a370 (0x00006f17) x30 0x80010370
core   0: 0x8000a374 (0xc83f2823) sw      gp, -880(t5)
core   0: 3 0x8000a374 (0xc83f2823) mem 0x80010000 0x00000001
core   0: 0x8000a378 (0x0000bfe5) c.j     pc - 8
core   0: 3 0x8000a378 (0xbfe5)
core   0: 0x8000a370 (0x00006f17) auipc   t5, 0x6
core   0: 3 0x8000a370 (0x00006f17) x30 0x80010370
core   0: 0x8000a374 (0xc83f2823) sw      gp, -880(t5)
core   0: 3 0x8000a374 (0xc83f2823) mem 0x80010000 0x00000001
core   0: 0x8000a378 (0x0000bfe5) c.j     pc - 8
core   0: 3 0x8000a378 (0xbfe5)
core   0: 0x8000a370 (0x00006f17) auipc   t5, 0x6
core   0: 3 0x8000a370 (0x00006f17) x30 0x80010370
core   0: 0x8000a374 (0xc83f2823) sw      gp, -880(t5)
core   0: 3 0x8000a374 (0xc83f2823) mem 0x80010000 0x00000001
core   0: 0x8000a378 (0x0000bfe5) c.j     pc - 8
core   0: 3 0x8000a378 (0xbfe5)
core   0: 0x8000a370 (0x00006f17) auipc   t5, 0x6
core   0: 3 0x8000a370 (0x00006f17) x30 0x80010370
core   0: 0x8000a374 (0xc83f2823) sw      gp, -880(t5)
core   0: 3 0x8000a374 (0xc83f2823) mem 0x80010000 0x00000001
core   0: 0x8000a378 (0x0000bfe5) c.j     pc - 8
core   0: 3 0x8000a378 (0xbfe5)
core   0: 0x8000a370 (0x00006f17) auipc   t5, 0x6
core   0: 3 0x8000a370 (0x00006f17) x30 0x80010370
core   0: 0x8000a374 (0xc83f2823) sw      gp, -880(t5)
core   0: 3 0x8000a374 (0xc83f2823) mem 0x80010000 0x00000001
core   0: 0x8000a378 (0x0000bfe5) c.j     pc - 8
core   0: 3 0x8000a378 (0xbfe5)
core   0: 0x8000a370 (0x00006f17) auipc   t5, 0x6
core   0: 3 0x8000a370 (0x00006f17) x30 0x80010370
core   0: 0x8000a374 (0xc83f2823) sw      gp, -880(t5)
core   0: 3 0x8000a374 (0xc83f2823) mem 0x80010000 0x00000001
core   0: 0x8000a378 (0x0000bfe5) c.j     pc - 8
core   0: 3 0x8000a378 (0xbfe5)
core   0: 0x8000a370 (0x00006f17) auipc   t5, 0x6
core   0: 3 0x8000a370 (0x00006f17) x30 0x80010370
core   0: 0x8000a374 (0xc83f2823) sw      gp, -880(t5)
core   0: 3 0x8000a374 (0xc83f2823) mem 0x80010000 0x00000001
core   0: 0x8000a378 (0x0000bfe5) c.j     pc - 8
core   0: 3 0x8000a378 (0xbfe5)
core   0: 0x8000a370 (0x00006f17) auipc   t5, 0x6
core   0: 3 0x8000a370 (0x00006f17) x30 0x80010370
core   0: 0x8000a374 (0xc83f2823) sw      gp, -880(t5)
core   0: 3 0x8000a374 (0xc83f2823) mem 0x80010000 0x00000001
core   0: 0x8000a378 (0x0000bfe5) c.j     pc - 8
core   0: 3 0x8000a378 (0xbfe5)
core   0: 0x8000a370 (0x00006f17) auipc   t5, 0x6
core   0: 3 0x8000a370 (0x00006f17) x30 0x80010370
core   0: 0x8000a374 (0xc83f2823) sw      gp, -880(t5)
core   0: 3 0x8000a374 (0xc83f2823) mem 0x80010000 0x00000001
core   0: 0x8000a378 (0x0000bfe5) c.j     pc - 8
core   0: 3 0x8000a378 (0xbfe5)
core   0: 0x8000a370 (0x00006f17) auipc   t5, 0x6
core   0: 3 0x8000a370 (0x00006f17) x30 0x80010370
core   0: 0x8000a374 (0xc83f2823) sw      gp, -880(t5)
core   0: 3 0x8000a374 (0xc83f2823) mem 0x80010000 0x00000001
core   0: 0x8000a378 (0x0000bfe5) c.j     pc - 8
core   0: 3 0x8000a378 (0xbfe5)
core   0: 0x8000a370 (0x00006f17) auipc   t5, 0x6
core   0: 3 0x8000a370 (0x00006f17) x30 0x80010370
core   0: 0x8000a374 (0xc83f2823) sw      gp, -880(t5)
core   0: 3 0x8000a374 (0xc83f2823) mem 0x80010000 0x00000001
core   0: 0x8000a378 (0x0000bfe5) c.j     pc - 8
core   0: 3 0x8000a378 (0xbfe5)
core   0: 0x8000a370 (0x00006f17) auipc   t5, 0x6
core   0: 3 0x8000a370 (0x00006f17) x30 0x80010370
core   0: 0x8000a374 (0xc83f2823) sw      gp, -880(t5)
core   0: 3 0x8000a374 (0xc83f2823) mem 0x80010000 0x00000001
core   0: 0x8000a378 (0x0000bfe5) c.j     pc - 8
core   0: 3 0x8000a378 (0xbfe5)
core   0: 0x8000a370 (0x00006f17) auipc   t5, 0x6
core   0: 3 0x8000a370 (0x00006f17) x30 0x80010370
core   0: 0x8000a374 (0xc83f2823) sw      gp, -880(t5)
core   0: 3 0x8000a374 (0xc83f2823) mem 0x80010000 0x00000001
core   0: 0x8000a378 (0x0000bfe5) c.j     pc - 8
core   0: 3 0x8000a378 (0xbfe5)
core   0: 0x8000a370 (0x00006f17) auipc   t5, 0x6
core   0: 3 0x8000a370 (0x00006f17) x30 0x80010370
core   0: 0x8000a374 (0xc83f2823) sw      gp, -880(t5)
core   0: 3 0x8000a374 (0xc83f2823) mem 0x80010000 0x00000001
core   0: 0x8000a378 (0x0000bfe5) c.j     pc - 8
core   0: 3 0x8000a378 (0xbfe5)
core   0: 0x8000a370 (0x00006f17) auipc   t5, 0x6
core   0: 3 0x8000a370 (0x00006f17) x30 0x80010370
core   0: 0x8000a374 (0xc83f2823) sw      gp, -880(t5)
core   0: 3 0x8000a374 (0xc83f2823) mem 0x80010000 0x00000001
core   0: 0x8000a378 (0x0000bfe5) c.j     pc - 8
core   0: 3 0x8000a378 (0xbfe5)
core   0: 0x8000a370 (0x00006f17) auipc   t5, 0x6
core   0: 3 0x8000a370 (0x00006f17) x30 0x80010370
core   0: 0x8000a374 (0xc83f2823) sw      gp, -880(t5)
core   0: 3 0x8000a374 (0xc83f2823) mem 0x80010000 0x00000001
core   0: 0x8000a378 (0x0000bfe5) c.j     pc - 8
core   0: 3 0x8000a378 (0xbfe5)
core   0: 0x8000a370 (0x00006f17) auipc   t5, 0x6
core   0: 3 0x8000a370 (0x00006f17) x30 0x80010370
core   0: 0x8000a374 (0xc83f2823) sw      gp, -880(t5)
core   0: 3 0x8000a374 (0xc83f2823) mem 0x80010000 0x00000001
core   0: 0x8000a378 (0x0000bfe5) c.j     pc - 8
core   0: 3 0x8000a378 (0xbfe5)
core   0: 0x8000a370 (0x00006f17) auipc   t5, 0x6
core   0: 3 0x8000a370 (0x00006f17) x30 0x80010370
core   0: 0x8000a374 (0xc83f2823) sw      gp, -880(t5)
core   0: 3 0x8000a374 (0xc83f2823) mem 0x80010000 0x00000001
core   0: 0x8000a378 (0x0000bfe5) c.j     pc - 8
core   0: 3 0x8000a378 (0xbfe5)
core   0: 0x8000a370 (0x00006f17) auipc   t5, 0x6
core   0: 3 0x8000a370 (0x00006f17) x30 0x80010370
core   0: 0x8000a374 (0xc83f2823) sw      gp, -880(t5)
core   0: 3 0x8000a374 (0xc83f2823) mem 0x80010000 0x00000001
core   0: 0x8000a378 (0x0000bfe5) c.j     pc - 8
core   0: 3 0x8000a378 (0xbfe5)
core   0: 0x8000a370 (0x00006f17) auipc   t5, 0x6
core   0: 3 0x8000a370 (0x00006f17) x30 0x80010370
core   0: 0x8000a374 (0xc83f2823) sw      gp, -880(t5)
core   0: 3 0x8000a374 (0xc83f2823) mem 0x80010000 0x00000001
core   0: 0x8000a378 (0x0000bfe5) c.j     pc - 8
core   0: 3 0x8000a378 (0xbfe5)
core   0: 0x8000a370 (0x00006f17) auipc   t5, 0x6
core   0: 3 0x8000a370 (0x00006f17) x30 0x80010370
core   0: 0x8000a374 (0xc83f2823) sw      gp, -880(t5)
core   0: 3 0x8000a374 (0xc83f2823) mem 0x80010000 0x00000001
core   0: 0x8000a378 (0x0000bfe5) c.j     pc - 8
core   0: 3 0x8000a378 (0xbfe5)
core   0: 0x8000a370 (0x00006f17) auipc   t5, 0x6
core   0: 3 0x8000a370 (0x00006f17) x30 0x80010370
core   0: 0x8000a374 (0xc83f2823) sw      gp, -880(t5)
core   0: 3 0x8000a374 (0xc83f2823) mem 0x80010000 0x00000001
core   0: 0x8000a378 (0x0000bfe5) c.j     pc - 8
core   0: 3 0x8000a378 (0xbfe5)
core   0: 0x8000a370 (0x00006f17) auipc   t5, 0x6
core   0: 3 0x8000a370 (0x00006f17) x30 0x80010370
core   0: 0x8000a374 (0xc83f2823) sw      gp, -880(t5)
core   0: 3 0x8000a374 (0xc83f2823) mem 0x80010000 0x00000001
core   0: 0x8000a378 (0x0000bfe5) c.j     pc - 8
core   0: 3 0x8000a378 (0xbfe5)
core   0: 0x8000a370 (0x00006f17) auipc   t5, 0x6
core   0: 3 0x8000a370 (0x00006f17) x30 0x80010370
core   0: 0x8000a374 (0xc83f2823) sw      gp, -880(t5)
core   0: 3 0x8000a374 (0xc83f2823) mem 0x80010000 0x00000001
core   0: 0x8000a378 (0x0000bfe5) c.j     pc - 8
core   0: 3 0x8000a378 (0xbfe5)
core   0: 0x8000a370 (0x00006f17) auipc   t5, 0x6
core   0: 3 0x8000a370 (0x00006f17) x30 0x80010370
core   0: 0x8000a374 (0xc83f2823) sw      gp, -880(t5)
core   0: 3 0x8000a374 (0xc83f2823) mem 0x80010000 0x00000001
core   0: 0x8000a378 (0x0000bfe5) c.j     pc - 8
core   0: 3 0x8000a378 (0xbfe5)
core   0: 0x8000a370 (0x00006f17) auipc   t5, 0x6
core   0: 3 0x8000a370 (0x00006f17) x30 0x80010370
core   0: 0x8000a374 (0xc83f2823) sw      gp, -880(t5)
core   0: 3 0x8000a374 (0xc83f2823) mem 0x80010000 0x00000001
core   0: 0x8000a378 (0x0000bfe5) c.j     pc - 8
core   0: 3 0x8000a378 (0xbfe5)
core   0: 0x8000a370 (0x00006f17) auipc   t5, 0x6
core   0: 3 0x8000a370 (0x00006f17) x30 0x80010370
core   0: 0x8000a374 (0xc83f2823) sw      gp, -880(t5)
core   0: 3 0x8000a374 (0xc83f2823) mem 0x80010000 0x00000001
core   0: 0x8000a378 (0x0000bfe5) c.j     pc - 8
core   0: 3 0x8000a378 (0xbfe5)
core   0: 0x8000a370 (0x00006f17) auipc   t5, 0x6
core   0: 3 0x8000a370 (0x00006f17) x30 0x80010370
core   0: 0x8000a374 (0xc83f2823) sw      gp, -880(t5)
core   0: 3 0x8000a374 (0xc83f2823) mem 0x80010000 0x00000001
core   0: 0x8000a378 (0x0000bfe5) c.j     pc - 8
core   0: 3 0x8000a378 (0xbfe5)
core   0: 0x8000a370 (0x00006f17) auipc   t5, 0x6
core   0: 3 0x8000a370 (0x00006f17) x30 0x80010370
core   0: 0x8000a374 (0xc83f2823) sw      gp, -880(t5)
core   0: 3 0x8000a374 (0xc83f2823) mem 0x80010000 0x00000001
core   0: 0x8000a378 (0x0000bfe5) c.j     pc - 8
core   0: 3 0x8000a378 (0xbfe5)
core   0: 0x8000a370 (0x00006f17) auipc   t5, 0x6
core   0: 3 0x8000a370 (0x00006f17) x30 0x80010370
core   0: 0x8000a374 (0xc83f2823) sw      gp, -880(t5)
core   0: 3 0x8000a374 (0xc83f2823) mem 0x80010000 0x00000001
core   0: 0x8000a378 (0x0000bfe5) c.j     pc - 8
core   0: 3 0x8000a378 (0xbfe5)
core   0: 0x8000a370 (0x00006f17) auipc   t5, 0x6
core   0: 3 0x8000a370 (0x00006f17) x30 0x80010370
core   0: 0x8000a374 (0xc83f2823) sw      gp, -880(t5)
core   0: 3 0x8000a374 (0xc83f2823) mem 0x80010000 0x00000001
core   0: 0x8000a378 (0x0000bfe5) c.j     pc - 8
core   0: 3 0x8000a378 (0xbfe5)
core   0: 0x8000a370 (0x00006f17) auipc   t5, 0x6
core   0: 3 0x8000a370 (0x00006f17) x30 0x80010370
core   0: 0x8000a374 (0xc83f2823) sw      gp, -880(t5)
core   0: 3 0x8000a374 (0xc83f2823) mem 0x80010000 0x00000001
core   0: 0x8000a378 (0x0000bfe5) c.j     pc - 8
core   0: 3 0x8000a378 (0xbfe5)
core   0: 0x8000a370 (0x00006f17) auipc   t5, 0x6
core   0: 3 0x8000a370 (0x00006f17) x30 0x80010370
core   0: 0x8000a374 (0xc83f2823) sw      gp, -880(t5)
core   0: 3 0x8000a374 (0xc83f2823) mem 0x80010000 0x00000001
core   0: 0x8000a378 (0x0000bfe5) c.j     pc - 8
core   0: 3 0x8000a378 (0xbfe5)
core   0: 0x8000a370 (0x00006f17) auipc   t5, 0x6
core   0: 3 0x8000a370 (0x00006f17) x30 0x80010370
core   0: 0x8000a374 (0xc83f2823) sw      gp, -880(t5)
core   0: 3 0x8000a374 (0xc83f2823) mem 0x80010000 0x00000001
core   0: 0x8000a378 (0x0000bfe5) c.j     pc - 8
core   0: 3 0x8000a378 (0xbfe5)
core   0: 0x8000a370 (0x00006f17) auipc   t5, 0x6
core   0: 3 0x8000a370 (0x00006f17) x30 0x80010370
core   0: 0x8000a374 (0xc83f2823) sw      gp, -880(t5)
core   0: 3 0x8000a374 (0xc83f2823) mem 0x80010000 0x00000001
core   0: 0x8000a378 (0x0000bfe5) c.j     pc - 8
core   0: 3 0x8000a378 (0xbfe5)
core   0: 0x8000a370 (0x00006f17) auipc   t5, 0x6
core   0: 3 0x8000a370 (0x00006f17) x30 0x80010370
core   0: 0x8000a374 (0xc83f2823) sw      gp, -880(t5)
core   0: 3 0x8000a374 (0xc83f2823) mem 0x80010000 0x00000001
core   0: 0x8000a378 (0x0000bfe5) c.j     pc - 8
core   0: 3 0x8000a378 (0xbfe5)
core   0: 0x8000a370 (0x00006f17) auipc   t5, 0x6
core   0: 3 0x8000a370 (0x00006f17) x30 0x80010370
core   0: 0x8000a374 (0xc83f2823) sw      gp, -880(t5)
core   0: 3 0x8000a374 (0xc83f2823) mem 0x80010000 0x00000001
core   0: 0x8000a378 (0x0000bfe5) c.j     pc - 8
core   0: 3 0x8000a378 (0xbfe5)
core   0: 0x8000a370 (0x00006f17) auipc   t5, 0x6
core   0: 3 0x8000a370 (0x00006f17) x30 0x80010370
core   0: 0x8000a374 (0xc83f2823) sw      gp, -880(t5)
core   0: 3 0x8000a374 (0xc83f2823) mem 0x80010000 0x00000001
core   0: 0x8000a378 (0x0000bfe5) c.j     pc - 8
core   0: 3 0x8000a378 (0xbfe5)
core   0: 0x8000a370 (0x00006f17) auipc   t5, 0x6
core   0: 3 0x8000a370 (0x00006f17) x30 0x80010370
core   0: 0x8000a374 (0xc83f2823) sw      gp, -880(t5)
core   0: 3 0x8000a374 (0xc83f2823) mem 0x80010000 0x00000001
core   0: 0x8000a378 (0x0000bfe5) c.j     pc - 8
core   0: 3 0x8000a378 (0xbfe5)
core   0: 0x8000a370 (0x00006f17) auipc   t5, 0x6
core   0: 3 0x8000a370 (0x00006f17) x30 0x80010370
core   0: 0x8000a374 (0xc83f2823) sw      gp, -880(t5)
core   0: 3 0x8000a374 (0xc83f2823) mem 0x80010000 0x00000001
core   0: 0x8000a378 (0x0000bfe5) c.j     pc - 8
core   0: 3 0x8000a378 (0xbfe5)
core   0: 0x8000a370 (0x00006f17) auipc   t5, 0x6
core   0: 3 0x8000a370 (0x00006f17) x30 0x80010370
core   0: 0x8000a374 (0xc83f2823) sw      gp, -880(t5)
core   0: 3 0x8000a374 (0xc83f2823) mem 0x80010000 0x00000001
core   0: 0x8000a378 (0x0000bfe5) c.j     pc - 8
core   0: 3 0x8000a378 (0xbfe5)
core   0: 0x8000a370 (0x00006f17) auipc   t5, 0x6
core   0: 3 0x8000a370 (0x00006f17) x30 0x80010370
core   0: 0x8000a374 (0xc83f2823) sw      gp, -880(t5)
core   0: 3 0x8000a374 (0xc83f2823) mem 0x80010000 0x00000001
core   0: 0x8000a378 (0x0000bfe5) c.j     pc - 8
core   0: 3 0x8000a378 (0xbfe5)
core   0: 0x8000a370 (0x00006f17) auipc   t5, 0x6
core   0: 3 0x8000a370 (0x00006f17) x30 0x80010370
core   0: 0x8000a374 (0xc83f2823) sw      gp, -880(t5)
core   0: 3 0x8000a374 (0xc83f2823) mem 0x80010000 0x00000001
core   0: 0x8000a378 (0x0000bfe5) c.j     pc - 8
core   0: 3 0x8000a378 (0xbfe5)
core   0: 0x8000a370 (0x00006f17) auipc   t5, 0x6
core   0: 3 0x8000a370 (0x00006f17) x30 0x80010370
core   0: 0x8000a374 (0xc83f2823) sw      gp, -880(t5)
core   0: 3 0x8000a374 (0xc83f2823) mem 0x80010000 0x00000001
core   0: 0x8000a378 (0x0000bfe5) c.j     pc - 8
core   0: 3 0x8000a378 (0xbfe5)
core   0: 0x8000a370 (0x00006f17) auipc   t5, 0x6
core   0: 3 0x8000a370 (0x00006f17) x30 0x80010370
core   0: 0x8000a374 (0xc83f2823) sw      gp, -880(t5)
core   0: 3 0x8000a374 (0xc83f2823) mem 0x80010000 0x00000001
core   0: 0x8000a378 (0x0000bfe5) c.j     pc - 8
core   0: 3 0x8000a378 (0xbfe5)
core   0: 0x8000a370 (0x00006f17) auipc   t5, 0x6
core   0: 3 0x8000a370 (0x00006f17) x30 0x80010370
core   0: 0x8000a374 (0xc83f2823) sw      gp, -880(t5)
core   0: 3 0x8000a374 (0xc83f2823) mem 0x80010000 0x00000001
core   0: 0x8000a378 (0x0000bfe5) c.j     pc - 8
core   0: 3 0x8000a378 (0xbfe5)
core   0: 0x8000a370 (0x00006f17) auipc   t5, 0x6
core   0: 3 0x8000a370 (0x00006f17) x30 0x80010370
core   0: 0x8000a374 (0xc83f2823) sw      gp, -880(t5)
core   0: 3 0x8000a374 (0xc83f2823) mem 0x80010000 0x00000001
core   0: 0x8000a378 (0x0000bfe5) c.j     pc - 8
core   0: 3 0x8000a378 (0xbfe5)
core   0: 0x8000a370 (0x00006f17) auipc   t5, 0x6
core   0: 3 0x8000a370 (0x00006f17) x30 0x80010370
core   0: 0x8000a374 (0xc83f2823) sw      gp, -880(t5)
core   0: 3 0x8000a374 (0xc83f2823) mem 0x80010000 0x00000001
core   0: 0x8000a378 (0x0000bfe5) c.j     pc - 8
core   0: 3 0x8000a378 (0xbfe5)
core   0: 0x8000a370 (0x00006f17) auipc   t5, 0x6
core   0: 3 0x8000a370 (0x00006f17) x30 0x80010370
core   0: 0x8000a374 (0xc83f2823) sw      gp, -880(t5)
core   0: 3 0x8000a374 (0xc83f2823) mem 0x80010000 0x00000001
core   0: 0x8000a378 (0x0000bfe5) c.j     pc - 8
core   0: 3 0x8000a378 (0xbfe5)
core   0: 0x8000a370 (0x00006f17) auipc   t5, 0x6
core   0: 3 0x8000a370 (0x00006f17) x30 0x80010370
core   0: 0x8000a374 (0xc83f2823) sw      gp, -880(t5)
core   0: 3 0x8000a374 (0xc83f2823) mem 0x80010000 0x00000001
core   0: 0x8000a378 (0x0000bfe5) c.j     pc - 8
core   0: 3 0x8000a378 (0xbfe5)
core   0: 0x8000a370 (0x00006f17) auipc   t5, 0x6
core   0: 3 0x8000a370 (0x00006f17) x30 0x80010370
core   0: 0x8000a374 (0xc83f2823) sw      gp, -880(t5)
core   0: 3 0x8000a374 (0xc83f2823) mem 0x80010000 0x00000001
core   0: 0x8000a378 (0x0000bfe5) c.j     pc - 8
core   0: 3 0x8000a378 (0xbfe5)
core   0: 0x8000a370 (0x00006f17) auipc   t5, 0x6
core   0: 3 0x8000a370 (0x00006f17) x30 0x80010370
core   0: 0x8000a374 (0xc83f2823) sw      gp, -880(t5)
core   0: 3 0x8000a374 (0xc83f2823) mem 0x80010000 0x00000001
core   0: 0x8000a378 (0x0000bfe5) c.j     pc - 8
core   0: 3 0x8000a378 (0xbfe5)
core   0: 0x8000a370 (0x00006f17) auipc   t5, 0x6
core   0: 3 0x8000a370 (0x00006f17) x30 0x80010370
core   0: 0x8000a374 (0xc83f2823) sw      gp, -880(t5)
core   0: 3 0x8000a374 (0xc83f2823) mem 0x80010000 0x00000001
core   0: 0x8000a378 (0x0000bfe5) c.j     pc - 8
core   0: 3 0x8000a378 (0xbfe5)
core   0: 0x8000a370 (0x00006f17) auipc   t5, 0x6
core   0: 3 0x8000a370 (0x00006f17) x30 0x80010370
core   0: 0x8000a374 (0xc83f2823) sw      gp, -880(t5)
core   0: 3 0x8000a374 (0xc83f2823) mem 0x80010000 0x00000001
core   0: 0x8000a378 (0x0000bfe5) c.j     pc - 8
core   0: 3 0x8000a378 (0xbfe5)
core   0: 0x8000a370 (0x00006f17) auipc   t5, 0x6
core   0: 3 0x8000a370 (0x00006f17) x30 0x80010370
core   0: 0x8000a374 (0xc83f2823) sw      gp, -880(t5)
core   0: 3 0x8000a374 (0xc83f2823) mem 0x80010000 0x00000001
core   0: 0x8000a378 (0x0000bfe5) c.j     pc - 8
core   0: 3 0x8000a378 (0xbfe5)
core   0: 0x8000a370 (0x00006f17) auipc   t5, 0x6
core   0: 3 0x8000a370 (0x00006f17) x30 0x80010370
core   0: 0x8000a374 (0xc83f2823) sw      gp, -880(t5)
core   0: 3 0x8000a374 (0xc83f2823) mem 0x80010000 0x00000001
core   0: 0x8000a378 (0x0000bfe5) c.j     pc - 8
core   0: 3 0x8000a378 (0xbfe5)
core   0: 0x8000a370 (0x00006f17) auipc   t5, 0x6
core   0: 3 0x8000a370 (0x00006f17) x30 0x80010370
core   0: 0x8000a374 (0xc83f2823) sw      gp, -880(t5)
core   0: 3 0x8000a374 (0xc83f2823) mem 0x80010000 0x00000001
core   0: 0x8000a378 (0x0000bfe5) c.j     pc - 8
core   0: 3 0x8000a378 (0xbfe5)
core   0: 0x8000a370 (0x00006f17) auipc   t5, 0x6
core   0: 3 0x8000a370 (0x00006f17) x30 0x80010370
core   0: 0x8000a374 (0xc83f2823) sw      gp, -880(t5)
core   0: 3 0x8000a374 (0xc83f2823) mem 0x80010000 0x00000001
core   0: 0x8000a378 (0x0000bfe5) c.j     pc - 8
core   0: 3 0x8000a378 (0xbfe5)
core   0: 0x8000a370 (0x00006f17) auipc   t5, 0x6
core   0: 3 0x8000a370 (0x00006f17) x30 0x80010370
core   0: 0x8000a374 (0xc83f2823) sw      gp, -880(t5)
core   0: 3 0x8000a374 (0xc83f2823) mem 0x80010000 0x00000001
core   0: 0x8000a378 (0x0000bfe5) c.j     pc - 8
core   0: 3 0x8000a378 (0xbfe5)
core   0: 0x8000a370 (0x00006f17) auipc   t5, 0x6
core   0: 3 0x8000a370 (0x00006f17) x30 0x80010370
core   0: 0x8000a374 (0xc83f2823) sw      gp, -880(t5)
core   0: 3 0x8000a374 (0xc83f2823) mem 0x80010000 0x00000001
core   0: 0x8000a378 (0x0000bfe5) c.j     pc - 8
core   0: 3 0x8000a378 (0xbfe5)
core   0: 0x8000a370 (0x00006f17) auipc   t5, 0x6
core   0: 3 0x8000a370 (0x00006f17) x30 0x80010370
core   0: 0x8000a374 (0xc83f2823) sw      gp, -880(t5)
core   0: 3 0x8000a374 (0xc83f2823) mem 0x80010000 0x00000001
core   0: 0x8000a378 (0x0000bfe5) c.j     pc - 8
core   0: 3 0x8000a378 (0xbfe5)
core   0: 0x8000a370 (0x00006f17) auipc   t5, 0x6
core   0: 3 0x8000a370 (0x00006f17) x30 0x80010370
core   0: 0x8000a374 (0xc83f2823) sw      gp, -880(t5)
core   0: 3 0x8000a374 (0xc83f2823) mem 0x80010000 0x00000001
core   0: 0x8000a378 (0x0000bfe5) c.j     pc - 8
core   0: 3 0x8000a378 (0xbfe5)
core   0: 0x8000a370 (0x00006f17) auipc   t5, 0x6
core   0: 3 0x8000a370 (0x00006f17) x30 0x80010370
core   0: 0x8000a374 (0xc83f2823) sw      gp, -880(t5)
core   0: 3 0x8000a374 (0xc83f2823) mem 0x80010000 0x00000001
core   0: 0x8000a378 (0x0000bfe5) c.j     pc - 8
core   0: 3 0x8000a378 (0xbfe5)
core   0: 0x8000a370 (0x00006f17) auipc   t5, 0x6
core   0: 3 0x8000a370 (0x00006f17) x30 0x80010370
core   0: 0x8000a374 (0xc83f2823) sw      gp, -880(t5)
core   0: 3 0x8000a374 (0xc83f2823) mem 0x80010000 0x00000001
core   0: 0x8000a378 (0x0000bfe5) c.j     pc - 8
core   0: 3 0x8000a378 (0xbfe5)
core   0: 0x8000a370 (0x00006f17) auipc   t5, 0x6
core   0: 3 0x8000a370 (0x00006f17) x30 0x80010370
core   0: 0x8000a374 (0xc83f2823) sw      gp, -880(t5)
core   0: 3 0x8000a374 (0xc83f2823) mem 0x80010000 0x00000001
core   0: 0x8000a378 (0x0000bfe5) c.j     pc - 8
core   0: 3 0x8000a378 (0xbfe5)
core   0: 0x8000a370 (0x00006f17) auipc   t5, 0x6
core   0: 3 0x8000a370 (0x00006f17) x30 0x80010370
core   0: 0x8000a374 (0xc83f2823) sw      gp, -880(t5)
core   0: 3 0x8000a374 (0xc83f2823) mem 0x80010000 0x00000001
core   0: 0x8000a378 (0x0000bfe5) c.j     pc - 8
core   0: 3 0x8000a378 (0xbfe5)
core   0: 0x8000a370 (0x00006f17) auipc   t5, 0x6
core   0: 3 0x8000a370 (0x00006f17) x30 0x80010370
core   0: 0x8000a374 (0xc83f2823) sw      gp, -880(t5)
core   0: 3 0x8000a374 (0xc83f2823) mem 0x80010000 0x00000001
core   0: 0x8000a378 (0x0000bfe5) c.j     pc - 8
core   0: 3 0x8000a378 (0xbfe5)
core   0: 0x8000a370 (0x00006f17) auipc   t5, 0x6
core   0: 3 0x8000a370 (0x00006f17) x30 0x80010370
core   0: 0x8000a374 (0xc83f2823) sw      gp, -880(t5)
core   0: 3 0x8000a374 (0xc83f2823) mem 0x80010000 0x00000001
core   0: 0x8000a378 (0x0000bfe5) c.j     pc - 8
core   0: 3 0x8000a378 (0xbfe5)
core   0: 0x8000a370 (0x00006f17) auipc   t5, 0x6
core   0: 3 0x8000a370 (0x00006f17) x30 0x80010370
core   0: 0x8000a374 (0xc83f2823) sw      gp, -880(t5)
core   0: 3 0x8000a374 (0xc83f2823) mem 0x80010000 0x00000001
core   0: 0x8000a378 (0x0000bfe5) c.j     pc - 8
core   0: 3 0x8000a378 (0xbfe5)
core   0: 0x8000a370 (0x00006f17) auipc   t5, 0x6
core   0: 3 0x8000a370 (0x00006f17) x30 0x80010370
core   0: 0x8000a374 (0xc83f2823) sw      gp, -880(t5)
core   0: 3 0x8000a374 (0xc83f2823) mem 0x80010000 0x00000001
core   0: 0x8000a378 (0x0000bfe5) c.j     pc - 8
core   0: 3 0x8000a378 (0xbfe5)
core   0: 0x8000a370 (0x00006f17) auipc   t5, 0x6
core   0: 3 0x8000a370 (0x00006f17) x30 0x80010370
core   0: 0x8000a374 (0xc83f2823) sw      gp, -880(t5)
core   0: 3 0x8000a374 (0xc83f2823) mem 0x80010000 0x00000001
core   0: 0x8000a378 (0x0000bfe5) c.j     pc - 8
core   0: 3 0x8000a378 (0xbfe5)
core   0: 0x8000a370 (0x00006f17) auipc   t5, 0x6
core   0: 3 0x8000a370 (0x00006f17) x30 0x80010370
core   0: 0x8000a374 (0xc83f2823) sw      gp, -880(t5)
core   0: 3 0x8000a374 (0xc83f2823) mem 0x80010000 0x00000001
core   0: 0x8000a378 (0x0000bfe5) c.j     pc - 8
core   0: 3 0x8000a378 (0xbfe5)
core   0: 0x8000a370 (0x00006f17) auipc   t5, 0x6
core   0: 3 0x8000a370 (0x00006f17) x30 0x80010370
core   0: 0x8000a374 (0xc83f2823) sw      gp, -880(t5)
core   0: 3 0x8000a374 (0xc83f2823) mem 0x80010000 0x00000001
core   0: 0x8000a378 (0x0000bfe5) c.j     pc - 8
core   0: 3 0x8000a378 (0xbfe5)
core   0: 0x8000a370 (0x00006f17) auipc   t5, 0x6
core   0: 3 0x8000a370 (0x00006f17) x30 0x80010370
core   0: 0x8000a374 (0xc83f2823) sw      gp, -880(t5)
core   0: 3 0x8000a374 (0xc83f2823) mem 0x80010000 0x00000001
core   0: 0x8000a378 (0x0000bfe5) c.j     pc - 8
core   0: 3 0x8000a378 (0xbfe5)
core   0: 0x8000a370 (0x00006f17) auipc   t5, 0x6
core   0: 3 0x8000a370 (0x00006f17) x30 0x80010370
core   0: 0x8000a374 (0xc83f2823) sw      gp, -880(t5)
core   0: 3 0x8000a374 (0xc83f2823) mem 0x80010000 0x00000001
core   0: 0x8000a378 (0x0000bfe5) c.j     pc - 8
core   0: 3 0x8000a378 (0xbfe5)
core   0: 0x8000a370 (0x00006f17) auipc   t5, 0x6
core   0: 3 0x8000a370 (0x00006f17) x30 0x80010370
core   0: 0x8000a374 (0xc83f2823) sw      gp, -880(t5)
core   0: 3 0x8000a374 (0xc83f2823) mem 0x80010000 0x00000001
core   0: 0x8000a378 (0x0000bfe5) c.j     pc - 8
core   0: 3 0x8000a378 (0xbfe5)
core   0: 0x8000a370 (0x00006f17) auipc   t5, 0x6
core   0: 3 0x8000a370 (0x00006f17) x30 0x80010370
core   0: 0x8000a374 (0xc83f2823) sw      gp, -880(t5)
core   0: 3 0x8000a374 (0xc83f2823) mem 0x80010000 0x00000001
core   0: 0x8000a378 (0x0000bfe5) c.j     pc - 8
core   0: 3 0x8000a378 (0xbfe5)
core   0: 0x8000a370 (0x00006f17) auipc   t5, 0x6
core   0: 3 0x8000a370 (0x00006f17) x30 0x80010370
core   0: 0x8000a374 (0xc83f2823) sw      gp, -880(t5)
core   0: 3 0x8000a374 (0xc83f2823) mem 0x80010000 0x00000001
core   0: 0x8000a378 (0x0000bfe5) c.j     pc - 8
core   0: 3 0x8000a378 (0xbfe5)
core   0: 0x8000a370 (0x00006f17) auipc   t5, 0x6
core   0: 3 0x8000a370 (0x00006f17) x30 0x80010370
core   0: 0x8000a374 (0xc83f2823) sw      gp, -880(t5)
core   0: 3 0x8000a374 (0xc83f2823) mem 0x80010000 0x00000001
core   0: 0x8000a378 (0x0000bfe5) c.j     pc - 8
core   0: 3 0x8000a378 (0xbfe5)
core   0: 0x8000a370 (0x00006f17) auipc   t5, 0x6
core   0: 3 0x8000a370 (0x00006f17) x30 0x80010370
core   0: 0x8000a374 (0xc83f2823) sw      gp, -880(t5)
core   0: 3 0x8000a374 (0xc83f2823) mem 0x80010000 0x00000001
core   0: 0x8000a378 (0x0000bfe5) c.j     pc - 8
core   0: 3 0x8000a378 (0xbfe5)
core   0: 0x8000a370 (0x00006f17) auipc   t5, 0x6
core   0: 3 0x8000a370 (0x00006f17) x30 0x80010370
core   0: 0x8000a374 (0xc83f2823) sw      gp, -880(t5)
core   0: 3 0x8000a374 (0xc83f2823) mem 0x80010000 0x00000001
core   0: 0x8000a378 (0x0000bfe5) c.j     pc - 8
core   0: 3 0x8000a378 (0xbfe5)
core   0: 0x8000a370 (0x00006f17) auipc   t5, 0x6
core   0: 3 0x8000a370 (0x00006f17) x30 0x80010370
core   0: 0x8000a374 (0xc83f2823) sw      gp, -880(t5)
core   0: 3 0x8000a374 (0xc83f2823) mem 0x80010000 0x00000001
core   0: 0x8000a378 (0x0000bfe5) c.j     pc - 8
core   0: 3 0x8000a378 (0xbfe5)
core   0: 0x8000a370 (0x00006f17) auipc   t5, 0x6
core   0: 3 0x8000a370 (0x00006f17) x30 0x80010370
core   0: 0x8000a374 (0xc83f2823) sw      gp, -880(t5)
core   0: 3 0x8000a374 (0xc83f2823) mem 0x80010000 0x00000001
core   0: 0x8000a378 (0x0000bfe5) c.j     pc - 8
core   0: 3 0x8000a378 (0xbfe5)
core   0: 0x8000a370 (0x00006f17) auipc   t5, 0x6
core   0: 3 0x8000a370 (0x00006f17) x30 0x80010370
core   0: 0x8000a374 (0xc83f2823) sw      gp, -880(t5)
core   0: 3 0x8000a374 (0xc83f2823) mem 0x80010000 0x00000001
core   0: 0x8000a378 (0x0000bfe5) c.j     pc - 8
core   0: 3 0x8000a378 (0xbfe5)
core   0: 0x8000a370 (0x00006f17) auipc   t5, 0x6
core   0: 3 0x8000a370 (0x00006f17) x30 0x80010370
core   0: 0x8000a374 (0xc83f2823) sw      gp, -880(t5)
core   0: 3 0x8000a374 (0xc83f2823) mem 0x80010000 0x00000001
core   0: 0x8000a378 (0x0000bfe5) c.j     pc - 8
core   0: 3 0x8000a378 (0xbfe5)
core   0: 0x8000a370 (0x00006f17) auipc   t5, 0x6
core   0: 3 0x8000a370 (0x00006f17) x30 0x80010370
core   0: 0x8000a374 (0xc83f2823) sw      gp, -880(t5)
core   0: 3 0x8000a374 (0xc83f2823) mem 0x80010000 0x00000001
core   0: 0x8000a378 (0x0000bfe5) c.j     pc - 8
core   0: 3 0x8000a378 (0xbfe5)
core   0: 0x8000a370 (0x00006f17) auipc   t5, 0x6
core   0: 3 0x8000a370 (0x00006f17) x30 0x80010370
core   0: 0x8000a374 (0xc83f2823) sw      gp, -880(t5)
core   0: 3 0x8000a374 (0xc83f2823) mem 0x80010000 0x00000001
core   0: 0x8000a378 (0x0000bfe5) c.j     pc - 8
core   0: 3 0x8000a378 (0xbfe5)
core   0: 0x8000a370 (0x00006f17) auipc   t5, 0x6
core   0: 3 0x8000a370 (0x00006f17) x30 0x80010370
core   0: 0x8000a374 (0xc83f2823) sw      gp, -880(t5)
core   0: 3 0x8000a374 (0xc83f2823) mem 0x80010000 0x00000001
core   0: 0x8000a378 (0x0000bfe5) c.j     pc - 8
core   0: 3 0x8000a378 (0xbfe5)
core   0: 0x8000a370 (0x00006f17) auipc   t5, 0x6
core   0: 3 0x8000a370 (0x00006f17) x30 0x80010370
core   0: 0x8000a374 (0xc83f2823) sw      gp, -880(t5)
core   0: 3 0x8000a374 (0xc83f2823) mem 0x80010000 0x00000001
core   0: 0x8000a378 (0x0000bfe5) c.j     pc - 8
core   0: 3 0x8000a378 (0xbfe5)
core   0: 0x8000a370 (0x00006f17) auipc   t5, 0x6
core   0: 3 0x8000a370 (0x00006f17) x30 0x80010370
core   0: 0x8000a374 (0xc83f2823) sw      gp, -880(t5)
core   0: 3 0x8000a374 (0xc83f2823) mem 0x80010000 0x00000001
core   0: 0x8000a378 (0x0000bfe5) c.j     pc - 8
core   0: 3 0x8000a378 (0xbfe5)
core   0: 0x8000a370 (0x00006f17) auipc   t5, 0x6
core   0: 3 0x8000a370 (0x00006f17) x30 0x80010370
core   0: 0x8000a374 (0xc83f2823) sw      gp, -880(t5)
core   0: 3 0x8000a374 (0xc83f2823) mem 0x80010000 0x00000001
core   0: 0x8000a378 (0x0000bfe5) c.j     pc - 8
core   0: 3 0x8000a378 (0xbfe5)
core   0: 0x8000a370 (0x00006f17) auipc   t5, 0x6
core   0: 3 0x8000a370 (0x00006f17) x30 0x80010370
core   0: 0x8000a374 (0xc83f2823) sw      gp, -880(t5)
core   0: 3 0x8000a374 (0xc83f2823) mem 0x80010000 0x00000001
core   0: 0x8000a378 (0x0000bfe5) c.j     pc - 8
core   0: 3 0x8000a378 (0xbfe5)
core   0: 0x8000a370 (0x00006f17) auipc   t5, 0x6
core   0: 3 0x8000a370 (0x00006f17) x30 0x80010370
core   0: 0x8000a374 (0xc83f2823) sw      gp, -880(t5)
core   0: 3 0x8000a374 (0xc83f2823) mem 0x80010000 0x00000001
core   0: 0x8000a378 (0x0000bfe5) c.j     pc - 8
core   0: 3 0x8000a378 (0xbfe5)
core   0: 0x8000a370 (0x00006f17) auipc   t5, 0x6
core   0: 3 0x8000a370 (0x00006f17) x30 0x80010370
core   0: 0x8000a374 (0xc83f2823) sw      gp, -880(t5)
core   0: 3 0x8000a374 (0xc83f2823) mem 0x80010000 0x00000001
core   0: 0x8000a378 (0x0000bfe5) c.j     pc - 8
core   0: 3 0x8000a378 (0xbfe5)
core   0: 0x8000a370 (0x00006f17) auipc   t5, 0x6
core   0: 3 0x8000a370 (0x00006f17) x30 0x80010370
core   0: 0x8000a374 (0xc83f2823) sw      gp, -880(t5)
core   0: 3 0x8000a374 (0xc83f2823) mem 0x80010000 0x00000001
core   0: 0x8000a378 (0x0000bfe5) c.j     pc - 8
core   0: 3 0x8000a378 (0xbfe5)
core   0: 0x8000a370 (0x00006f17) auipc   t5, 0x6
core   0: 3 0x8000a370 (0x00006f17) x30 0x80010370
core   0: 0x8000a374 (0xc83f2823) sw      gp, -880(t5)
core   0: 3 0x8000a374 (0xc83f2823) mem 0x80010000 0x00000001
core   0: 0x8000a378 (0x0000bfe5) c.j     pc - 8
core   0: 3 0x8000a378 (0xbfe5)
core   0: 0x8000a370 (0x00006f17) auipc   t5, 0x6
core   0: 3 0x8000a370 (0x00006f17) x30 0x80010370
core   0: 0x8000a374 (0xc83f2823) sw      gp, -880(t5)
core   0: 3 0x8000a374 (0xc83f2823) mem 0x80010000 0x00000001
core   0: 0x8000a378 (0x0000bfe5) c.j     pc - 8
core   0: 3 0x8000a378 (0xbfe5)
core   0: 0x8000a370 (0x00006f17) auipc   t5, 0x6
core   0: 3 0x8000a370 (0x00006f17) x30 0x80010370
core   0: 0x8000a374 (0xc83f2823) sw      gp, -880(t5)
core   0: 3 0x8000a374 (0xc83f2823) mem 0x80010000 0x00000001
core   0: 0x8000a378 (0x0000bfe5) c.j     pc - 8
core   0: 3 0x8000a378 (0xbfe5)
core   0: 0x8000a370 (0x00006f17) auipc   t5, 0x6
core   0: 3 0x8000a370 (0x00006f17) x30 0x80010370
core   0: 0x8000a374 (0xc83f2823) sw      gp, -880(t5)
core   0: 3 0x8000a374 (0xc83f2823) mem 0x80010000 0x00000001
core   0: 0x8000a378 (0x0000bfe5) c.j     pc - 8
core   0: 3 0x8000a378 (0xbfe5)
core   0: 0x8000a370 (0x00006f17) auipc   t5, 0x6
core   0: 3 0x8000a370 (0x00006f17) x30 0x80010370
core   0: 0x8000a374 (0xc83f2823) sw      gp, -880(t5)
core   0: 3 0x8000a374 (0xc83f2823) mem 0x80010000 0x00000001
core   0: 0x8000a378 (0x0000bfe5) c.j     pc - 8
core   0: 3 0x8000a378 (0xbfe5)
core   0: 0x8000a370 (0x00006f17) auipc   t5, 0x6
core   0: 3 0x8000a370 (0x00006f17) x30 0x80010370
core   0: 0x8000a374 (0xc83f2823) sw      gp, -880(t5)
core   0: 3 0x8000a374 (0xc83f2823) mem 0x80010000 0x00000001
core   0: 0x8000a378 (0x0000bfe5) c.j     pc - 8
core   0: 3 0x8000a378 (0xbfe5)
core   0: 0x8000a370 (0x00006f17) auipc   t5, 0x6
core   0: 3 0x8000a370 (0x00006f17) x30 0x80010370
core   0: 0x8000a374 (0xc83f2823) sw      gp, -880(t5)
core   0: 3 0x8000a374 (0xc83f2823) mem 0x80010000 0x00000001
core   0: 0x8000a378 (0x0000bfe5) c.j     pc - 8
core   0: 3 0x8000a378 (0xbfe5)
core   0: 0x8000a370 (0x00006f17) auipc   t5, 0x6
core   0: 3 0x8000a370 (0x00006f17) x30 0x80010370
core   0: 0x8000a374 (0xc83f2823) sw      gp, -880(t5)
core   0: 3 0x8000a374 (0xc83f2823) mem 0x80010000 0x00000001
core   0: 0x8000a378 (0x0000bfe5) c.j     pc - 8
core   0: 3 0x8000a378 (0xbfe5)
core   0: 0x8000a370 (0x00006f17) auipc   t5, 0x6
core   0: 3 0x8000a370 (0x00006f17) x30 0x80010370
core   0: 0x8000a374 (0xc83f2823) sw      gp, -880(t5)
core   0: 3 0x8000a374 (0xc83f2823) mem 0x80010000 0x00000001
core   0: 0x8000a378 (0x0000bfe5) c.j     pc - 8
core   0: 3 0x8000a378 (0xbfe5)
core   0: 0x8000a370 (0x00006f17) auipc   t5, 0x6
core   0: 3 0x8000a370 (0x00006f17) x30 0x80010370
core   0: 0x8000a374 (0xc83f2823) sw      gp, -880(t5)
core   0: 3 0x8000a374 (0xc83f2823) mem 0x80010000 0x00000001
core   0: 0x8000a378 (0x0000bfe5) c.j     pc - 8
core   0: 3 0x8000a378 (0xbfe5)
core   0: 0x8000a370 (0x00006f17) auipc   t5, 0x6
core   0: 3 0x8000a370 (0x00006f17) x30 0x80010370
core   0: 0x8000a374 (0xc83f2823) sw      gp, -880(t5)
core   0: 3 0x8000a374 (0xc83f2823) mem 0x80010000 0x00000001
core   0: 0x8000a378 (0x0000bfe5) c.j     pc - 8
core   0: 3 0x8000a378 (0xbfe5)
core   0: 0x8000a370 (0x00006f17) auipc   t5, 0x6
core   0: 3 0x8000a370 (0x00006f17) x30 0x80010370
core   0: 0x8000a374 (0xc83f2823) sw      gp, -880(t5)
core   0: 3 0x8000a374 (0xc83f2823) mem 0x80010000 0x00000001
core   0: 0x8000a378 (0x0000bfe5) c.j     pc - 8
core   0: 3 0x8000a378 (0xbfe5)
core   0: 0x8000a370 (0x00006f17) auipc   t5, 0x6
core   0: 3 0x8000a370 (0x00006f17) x30 0x80010370
core   0: 0x8000a374 (0xc83f2823) sw      gp, -880(t5)
core   0: 3 0x8000a374 (0xc83f2823) mem 0x80010000 0x00000001
core   0: 0x8000a378 (0x0000bfe5) c.j     pc - 8
core   0: 3 0x8000a378 (0xbfe5)
core   0: 0x8000a370 (0x00006f17) auipc   t5, 0x6
core   0: 3 0x8000a370 (0x00006f17) x30 0x80010370
core   0: 0x8000a374 (0xc83f2823) sw      gp, -880(t5)
core   0: 3 0x8000a374 (0xc83f2823) mem 0x80010000 0x00000001
core   0: 0x8000a378 (0x0000bfe5) c.j     pc - 8
core   0: 3 0x8000a378 (0xbfe5)
core   0: 0x8000a370 (0x00006f17) auipc   t5, 0x6
core   0: 3 0x8000a370 (0x00006f17) x30 0x80010370
core   0: 0x8000a374 (0xc83f2823) sw      gp, -880(t5)
core   0: 3 0x8000a374 (0xc83f2823) mem 0x80010000 0x00000001
core   0: 0x8000a378 (0x0000bfe5) c.j     pc - 8
core   0: 3 0x8000a378 (0xbfe5)
core   0: 0x8000a370 (0x00006f17) auipc   t5, 0x6
core   0: 3 0x8000a370 (0x00006f17) x30 0x80010370
core   0: 0x8000a374 (0xc83f2823) sw      gp, -880(t5)
core   0: 3 0x8000a374 (0xc83f2823) mem 0x80010000 0x00000001
core   0: 0x8000a378 (0x0000bfe5) c.j     pc - 8
core   0: 3 0x8000a378 (0xbfe5)
core   0: 0x8000a370 (0x00006f17) auipc   t5, 0x6
core   0: 3 0x8000a370 (0x00006f17) x30 0x80010370
core   0: 0x8000a374 (0xc83f2823) sw      gp, -880(t5)
core   0: 3 0x8000a374 (0xc83f2823) mem 0x80010000 0x00000001
core   0: 0x8000a378 (0x0000bfe5) c.j     pc - 8
core   0: 3 0x8000a378 (0xbfe5)
core   0: 0x8000a370 (0x00006f17) auipc   t5, 0x6
core   0: 3 0x8000a370 (0x00006f17) x30 0x80010370
core   0: 0x8000a374 (0xc83f2823) sw      gp, -880(t5)
core   0: 3 0x8000a374 (0xc83f2823) mem 0x80010000 0x00000001
core   0: 0x8000a378 (0x0000bfe5) c.j     pc - 8
core   0: 3 0x8000a378 (0xbfe5)
core   0: 0x8000a370 (0x00006f17) auipc   t5, 0x6
core   0: 3 0x8000a370 (0x00006f17) x30 0x80010370
core   0: 0x8000a374 (0xc83f2823) sw      gp, -880(t5)
core   0: 3 0x8000a374 (0xc83f2823) mem 0x80010000 0x00000001
core   0: 0x8000a378 (0x0000bfe5) c.j     pc - 8
core   0: 3 0x8000a378 (0xbfe5)
core   0: 0x8000a370 (0x00006f17) auipc   t5, 0x6
core   0: 3 0x8000a370 (0x00006f17) x30 0x80010370
core   0: 0x8000a374 (0xc83f2823) sw      gp, -880(t5)
core   0: 3 0x8000a374 (0xc83f2823) mem 0x80010000 0x00000001
core   0: 0x8000a378 (0x0000bfe5) c.j     pc - 8
core   0: 3 0x8000a378 (0xbfe5)
core   0: 0x8000a370 (0x00006f17) auipc   t5, 0x6
core   0: 3 0x8000a370 (0x00006f17) x30 0x80010370
core   0: 0x8000a374 (0xc83f2823) sw      gp, -880(t5)
core   0: 3 0x8000a374 (0xc83f2823) mem 0x80010000 0x00000001
core   0: 0x8000a378 (0x0000bfe5) c.j     pc - 8
core   0: 3 0x8000a378 (0xbfe5)
core   0: 0x8000a370 (0x00006f17) auipc   t5, 0x6
core   0: 3 0x8000a370 (0x00006f17) x30 0x80010370
core   0: 0x8000a374 (0xc83f2823) sw      gp, -880(t5)
core   0: 3 0x8000a374 (0xc83f2823) mem 0x80010000 0x00000001
core   0: 0x8000a378 (0x0000bfe5) c.j     pc - 8
core   0: 3 0x8000a378 (0xbfe5)
core   0: 0x8000a370 (0x00006f17) auipc   t5, 0x6
core   0: 3 0x8000a370 (0x00006f17) x30 0x80010370
core   0: 0x8000a374 (0xc83f2823) sw      gp, -880(t5)
core   0: 3 0x8000a374 (0xc83f2823) mem 0x80010000 0x00000001
core   0: 0x8000a378 (0x0000bfe5) c.j     pc - 8
core   0: 3 0x8000a378 (0xbfe5)
core   0: 0x8000a370 (0x00006f17) auipc   t5, 0x6
core   0: 3 0x8000a370 (0x00006f17) x30 0x80010370
core   0: 0x8000a374 (0xc83f2823) sw      gp, -880(t5)
core   0: 3 0x8000a374 (0xc83f2823) mem 0x80010000 0x00000001
core   0: 0x8000a378 (0x0000bfe5) c.j     pc - 8
core   0: 3 0x8000a378 (0xbfe5)
core   0: 0x8000a370 (0x00006f17) auipc   t5, 0x6
core   0: 3 0x8000a370 (0x00006f17) x30 0x80010370
core   0: 0x8000a374 (0xc83f2823) sw      gp, -880(t5)
core   0: 3 0x8000a374 (0xc83f2823) mem 0x80010000 0x00000001
core   0: 0x8000a378 (0x0000bfe5) c.j     pc - 8
core   0: 3 0x8000a378 (0xbfe5)
core   0: 0x8000a370 (0x00006f17) auipc   t5, 0x6
core   0: 3 0x8000a370 (0x00006f17) x30 0x80010370
core   0: 0x8000a374 (0xc83f2823) sw      gp, -880(t5)
core   0: 3 0x8000a374 (0xc83f2823) mem 0x80010000 0x00000001
core   0: 0x8000a378 (0x0000bfe5) c.j     pc - 8
core   0: 3 0x8000a378 (0xbfe5)
core   0: 0x8000a370 (0x00006f17) auipc   t5, 0x6
core   0: 3 0x8000a370 (0x00006f17) x30 0x80010370
core   0: 0x8000a374 (0xc83f2823) sw      gp, -880(t5)
core   0: 3 0x8000a374 (0xc83f2823) mem 0x80010000 0x00000001
core   0: 0x8000a378 (0x0000bfe5) c.j     pc - 8
core   0: 3 0x8000a378 (0xbfe5)
core   0: 0x8000a370 (0x00006f17) auipc   t5, 0x6
core   0: 3 0x8000a370 (0x00006f17) x30 0x80010370
core   0: 0x8000a374 (0xc83f2823) sw      gp, -880(t5)
core   0: 3 0x8000a374 (0xc83f2823) mem 0x80010000 0x00000001
core   0: 0x8000a378 (0x0000bfe5) c.j     pc - 8
core   0: 3 0x8000a378 (0xbfe5)
core   0: 0x8000a370 (0x00006f17) auipc   t5, 0x6
core   0: 3 0x8000a370 (0x00006f17) x30 0x80010370
core   0: 0x8000a374 (0xc83f2823) sw      gp, -880(t5)
core   0: 3 0x8000a374 (0xc83f2823) mem 0x80010000 0x00000001
core   0: 0x8000a378 (0x0000bfe5) c.j     pc - 8
core   0: 3 0x8000a378 (0xbfe5)
core   0: 0x8000a370 (0x00006f17) auipc   t5, 0x6
core   0: 3 0x8000a370 (0x00006f17) x30 0x80010370
core   0: 0x8000a374 (0xc83f2823) sw      gp, -880(t5)
core   0: 3 0x8000a374 (0xc83f2823) mem 0x80010000 0x00000001
core   0: 0x8000a378 (0x0000bfe5) c.j     pc - 8
core   0: 3 0x8000a378 (0xbfe5)
core   0: 0x8000a370 (0x00006f17) auipc   t5, 0x6
core   0: 3 0x8000a370 (0x00006f17) x30 0x80010370
core   0: 0x8000a374 (0xc83f2823) sw      gp, -880(t5)
core   0: 3 0x8000a374 (0xc83f2823) mem 0x80010000 0x00000001
core   0: 0x8000a378 (0x0000bfe5) c.j     pc - 8
core   0: 3 0x8000a378 (0xbfe5)
core   0: 0x8000a370 (0x00006f17) auipc   t5, 0x6
core   0: 3 0x8000a370 (0x00006f17) x30 0x80010370
core   0: 0x8000a374 (0xc83f2823) sw      gp, -880(t5)
core   0: 3 0x8000a374 (0xc83f2823) mem 0x80010000 0x00000001
core   0: 0x8000a378 (0x0000bfe5) c.j     pc - 8
core   0: 3 0x8000a378 (0xbfe5)
core   0: 0x8000a370 (0x00006f17) auipc   t5, 0x6
core   0: 3 0x8000a370 (0x00006f17) x30 0x80010370
core   0: 0x8000a374 (0xc83f2823) sw      gp, -880(t5)
core   0: 3 0x8000a374 (0xc83f2823) mem 0x80010000 0x00000001
core   0: 0x8000a378 (0x0000bfe5) c.j     pc - 8
core   0: 3 0x8000a378 (0xbfe5)
core   0: 0x8000a370 (0x00006f17) auipc   t5, 0x6
core   0: 3 0x8000a370 (0x00006f17) x30 0x80010370
core   0: 0x8000a374 (0xc83f2823) sw      gp, -880(t5)
core   0: 3 0x8000a374 (0xc83f2823) mem 0x80010000 0x00000001
core   0: 0x8000a378 (0x0000bfe5) c.j     pc - 8
core   0: 3 0x8000a378 (0xbfe5)
core   0: 0x8000a370 (0x00006f17) auipc   t5, 0x6
core   0: 3 0x8000a370 (0x00006f17) x30 0x80010370
core   0: 0x8000a374 (0xc83f2823) sw      gp, -880(t5)
core   0: 3 0x8000a374 (0xc83f2823) mem 0x80010000 0x00000001
core   0: 0x8000a378 (0x0000bfe5) c.j     pc - 8
core   0: 3 0x8000a378 (0xbfe5)
core   0: 0x8000a370 (0x00006f17) auipc   t5, 0x6
core   0: 3 0x8000a370 (0x00006f17) x30 0x80010370
core   0: 0x8000a374 (0xc83f2823) sw      gp, -880(t5)
core   0: 3 0x8000a374 (0xc83f2823) mem 0x80010000 0x00000001
core   0: 0x8000a378 (0x0000bfe5) c.j     pc - 8
core   0: 3 0x8000a378 (0xbfe5)
core   0: 0x8000a370 (0x00006f17) auipc   t5, 0x6
core   0: 3 0x8000a370 (0x00006f17) x30 0x80010370
core   0: 0x8000a374 (0xc83f2823) sw      gp, -880(t5)
core   0: 3 0x8000a374 (0xc83f2823) mem 0x80010000 0x00000001
core   0: 0x8000a378 (0x0000bfe5) c.j     pc - 8
core   0: 3 0x8000a378 (0xbfe5)
core   0: 0x8000a370 (0x00006f17) auipc   t5, 0x6
core   0: 3 0x8000a370 (0x00006f17) x30 0x80010370
core   0: 0x8000a374 (0xc83f2823) sw      gp, -880(t5)
core   0: 3 0x8000a374 (0xc83f2823) mem 0x80010000 0x00000001
core   0: 0x8000a378 (0x0000bfe5) c.j     pc - 8
core   0: 3 0x8000a378 (0xbfe5)
core   0: 0x8000a370 (0x00006f17) auipc   t5, 0x6
core   0: 3 0x8000a370 (0x00006f17) x30 0x80010370
core   0: 0x8000a374 (0xc83f2823) sw      gp, -880(t5)
core   0: 3 0x8000a374 (0xc83f2823) mem 0x80010000 0x00000001
core   0: 0x8000a378 (0x0000bfe5) c.j     pc - 8
core   0: 3 0x8000a378 (0xbfe5)
core   0: 0x8000a370 (0x00006f17) auipc   t5, 0x6
core   0: 3 0x8000a370 (0x00006f17) x30 0x80010370
core   0: 0x8000a374 (0xc83f2823) sw      gp, -880(t5)
core   0: 3 0x8000a374 (0xc83f2823) mem 0x80010000 0x00000001
core   0: 0x8000a378 (0x0000bfe5) c.j     pc - 8
core   0: 3 0x8000a378 (0xbfe5)
core   0: 0x8000a370 (0x00006f17) auipc   t5, 0x6
core   0: 3 0x8000a370 (0x00006f17) x30 0x80010370
core   0: 0x8000a374 (0xc83f2823) sw      gp, -880(t5)
core   0: 3 0x8000a374 (0xc83f2823) mem 0x80010000 0x00000001
core   0: 0x8000a378 (0x0000bfe5) c.j     pc - 8
core   0: 3 0x8000a378 (0xbfe5)
core   0: 0x8000a370 (0x00006f17) auipc   t5, 0x6
core   0: 3 0x8000a370 (0x00006f17) x30 0x80010370
core   0: 0x8000a374 (0xc83f2823) sw      gp, -880(t5)
core   0: 3 0x8000a374 (0xc83f2823) mem 0x80010000 0x00000001
core   0: 0x8000a378 (0x0000bfe5) c.j     pc - 8
core   0: 3 0x8000a378 (0xbfe5)
core   0: 0x8000a370 (0x00006f17) auipc   t5, 0x6
core   0: 3 0x8000a370 (0x00006f17) x30 0x80010370
core   0: 0x8000a374 (0xc83f2823) sw      gp, -880(t5)
core   0: 3 0x8000a374 (0xc83f2823) mem 0x80010000 0x00000001
core   0: 0x8000a378 (0x0000bfe5) c.j     pc - 8
core   0: 3 0x8000a378 (0xbfe5)
core   0: 0x8000a370 (0x00006f17) auipc   t5, 0x6
core   0: 3 0x8000a370 (0x00006f17) x30 0x80010370
core   0: 0x8000a374 (0xc83f2823) sw      gp, -880(t5)
core   0: 3 0x8000a374 (0xc83f2823) mem 0x80010000 0x00000001
core   0: 0x8000a378 (0x0000bfe5) c.j     pc - 8
core   0: 3 0x8000a378 (0xbfe5)
core   0: 0x8000a370 (0x00006f17) auipc   t5, 0x6
core   0: 3 0x8000a370 (0x00006f17) x30 0x80010370
core   0: 0x8000a374 (0xc83f2823) sw      gp, -880(t5)
core   0: 3 0x8000a374 (0xc83f2823) mem 0x80010000 0x00000001
core   0: 0x8000a378 (0x0000bfe5) c.j     pc - 8
core   0: 3 0x8000a378 (0xbfe5)
core   0: 0x8000a370 (0x00006f17) auipc   t5, 0x6
core   0: 3 0x8000a370 (0x00006f17) x30 0x80010370
core   0: 0x8000a374 (0xc83f2823) sw      gp, -880(t5)
core   0: 3 0x8000a374 (0xc83f2823) mem 0x80010000 0x00000001
core   0: 0x8000a378 (0x0000bfe5) c.j     pc - 8
core   0: 3 0x8000a378 (0xbfe5)
core   0: 0x8000a370 (0x00006f17) auipc   t5, 0x6
core   0: 3 0x8000a370 (0x00006f17) x30 0x80010370
core   0: 0x8000a374 (0xc83f2823) sw      gp, -880(t5)
core   0: 3 0x8000a374 (0xc83f2823) mem 0x80010000 0x00000001
core   0: 0x8000a378 (0x0000bfe5) c.j     pc - 8
core   0: 3 0x8000a378 (0xbfe5)
core   0: 0x8000a370 (0x00006f17) auipc   t5, 0x6
core   0: 3 0x8000a370 (0x00006f17) x30 0x80010370
core   0: 0x8000a374 (0xc83f2823) sw      gp, -880(t5)
core   0: 3 0x8000a374 (0xc83f2823) mem 0x80010000 0x00000001
core   0: 0x8000a378 (0x0000bfe5) c.j     pc - 8
core   0: 3 0x8000a378 (0xbfe5)
core   0: 0x8000a370 (0x00006f17) auipc   t5, 0x6
core   0: 3 0x8000a370 (0x00006f17) x30 0x80010370
core   0: 0x8000a374 (0xc83f2823) sw      gp, -880(t5)
core   0: 3 0x8000a374 (0xc83f2823) mem 0x80010000 0x00000001
core   0: 0x8000a378 (0x0000bfe5) c.j     pc - 8
core   0: 3 0x8000a378 (0xbfe5)
core   0: 0x8000a370 (0x00006f17) auipc   t5, 0x6
core   0: 3 0x8000a370 (0x00006f17) x30 0x80010370
core   0: 0x8000a374 (0xc83f2823) sw      gp, -880(t5)
core   0: 3 0x8000a374 (0xc83f2823) mem 0x80010000 0x00000001
core   0: 0x8000a378 (0x0000bfe5) c.j     pc - 8
core   0: 3 0x8000a378 (0xbfe5)
core   0: 0x8000a370 (0x00006f17) auipc   t5, 0x6
core   0: 3 0x8000a370 (0x00006f17) x30 0x80010370
core   0: 0x8000a374 (0xc83f2823) sw      gp, -880(t5)
core   0: 3 0x8000a374 (0xc83f2823) mem 0x80010000 0x00000001
core   0: 0x8000a378 (0x0000bfe5) c.j     pc - 8
core   0: 3 0x8000a378 (0xbfe5)
core   0: 0x8000a370 (0x00006f17) auipc   t5, 0x6
core   0: 3 0x8000a370 (0x00006f17) x30 0x80010370
core   0: 0x8000a374 (0xc83f2823) sw      gp, -880(t5)
core   0: 3 0x8000a374 (0xc83f2823) mem 0x80010000 0x00000001
core   0: 0x8000a378 (0x0000bfe5) c.j     pc - 8
core   0: 3 0x8000a378 (0xbfe5)
core   0: 0x8000a370 (0x00006f17) auipc   t5, 0x6
core   0: 3 0x8000a370 (0x00006f17) x30 0x80010370
core   0: 0x8000a374 (0xc83f2823) sw      gp, -880(t5)
core   0: 3 0x8000a374 (0xc83f2823) mem 0x80010000 0x00000001
core   0: 0x8000a378 (0x0000bfe5) c.j     pc - 8
core   0: 3 0x8000a378 (0xbfe5)
core   0: 0x8000a370 (0x00006f17) auipc   t5, 0x6
core   0: 3 0x8000a370 (0x00006f17) x30 0x80010370
core   0: 0x8000a374 (0xc83f2823) sw      gp, -880(t5)
core   0: 3 0x8000a374 (0xc83f2823) mem 0x80010000 0x00000001
core   0: 0x8000a378 (0x0000bfe5) c.j     pc - 8
core   0: 3 0x8000a378 (0xbfe5)
core   0: 0x8000a370 (0x00006f17) auipc   t5, 0x6
core   0: 3 0x8000a370 (0x00006f17) x30 0x80010370
core   0: 0x8000a374 (0xc83f2823) sw      gp, -880(t5)
core   0: 3 0x8000a374 (0xc83f2823) mem 0x80010000 0x00000001
core   0: 0x8000a378 (0x0000bfe5) c.j     pc - 8
core   0: 3 0x8000a378 (0xbfe5)
core   0: 0x8000a370 (0x00006f17) auipc   t5, 0x6
core   0: 3 0x8000a370 (0x00006f17) x30 0x80010370
core   0: 0x8000a374 (0xc83f2823) sw      gp, -880(t5)
core   0: 3 0x8000a374 (0xc83f2823) mem 0x80010000 0x00000001
core   0: 0x8000a378 (0x0000bfe5) c.j     pc - 8
core   0: 3 0x8000a378 (0xbfe5)
core   0: 0x8000a370 (0x00006f17) auipc   t5, 0x6
core   0: 3 0x8000a370 (0x00006f17) x30 0x80010370
core   0: 0x8000a374 (0xc83f2823) sw      gp, -880(t5)
core   0: 3 0x8000a374 (0xc83f2823) mem 0x80010000 0x00000001
core   0: 0x8000a378 (0x0000bfe5) c.j     pc - 8
core   0: 3 0x8000a378 (0xbfe5)
core   0: 0x8000a370 (0x00006f17) auipc   t5, 0x6
core   0: 3 0x8000a370 (0x00006f17) x30 0x80010370
core   0: 0x8000a374 (0xc83f2823) sw      gp, -880(t5)
core   0: 3 0x8000a374 (0xc83f2823) mem 0x80010000 0x00000001
core   0: 0x8000a378 (0x0000bfe5) c.j     pc - 8
core   0: 3 0x8000a378 (0xbfe5)
core   0: 0x8000a370 (0x00006f17) auipc   t5, 0x6
core   0: 3 0x8000a370 (0x00006f17) x30 0x80010370
core   0: 0x8000a374 (0xc83f2823) sw      gp, -880(t5)
core   0: 3 0x8000a374 (0xc83f2823) mem 0x80010000 0x00000001
core   0: 0x8000a378 (0x0000bfe5) c.j     pc - 8
core   0: 3 0x8000a378 (0xbfe5)
core   0: 0x8000a370 (0x00006f17) auipc   t5, 0x6
core   0: 3 0x8000a370 (0x00006f17) x30 0x80010370
core   0: 0x8000a374 (0xc83f2823) sw      gp, -880(t5)
core   0: 3 0x8000a374 (0xc83f2823) mem 0x80010000 0x00000001
core   0: 0x8000a378 (0x0000bfe5) c.j     pc - 8
core   0: 3 0x8000a378 (0xbfe5)
core   0: 0x8000a370 (0x00006f17) auipc   t5, 0x6
core   0: 3 0x8000a370 (0x00006f17) x30 0x80010370
core   0: 0x8000a374 (0xc83f2823) sw      gp, -880(t5)
core   0: 3 0x8000a374 (0xc83f2823) mem 0x80010000 0x00000001
core   0: 0x8000a378 (0x0000bfe5) c.j     pc - 8
core   0: 3 0x8000a378 (0xbfe5)
core   0: 0x8000a370 (0x00006f17) auipc   t5, 0x6
core   0: 3 0x8000a370 (0x00006f17) x30 0x80010370
core   0: 0x8000a374 (0xc83f2823) sw      gp, -880(t5)
core   0: 3 0x8000a374 (0xc83f2823) mem 0x80010000 0x00000001
core   0: 0x8000a378 (0x0000bfe5) c.j     pc - 8
core   0: 3 0x8000a378 (0xbfe5)
core   0: 0x8000a370 (0x00006f17) auipc   t5, 0x6
core   0: 3 0x8000a370 (0x00006f17) x30 0x80010370
core   0: 0x8000a374 (0xc83f2823) sw      gp, -880(t5)
core   0: 3 0x8000a374 (0xc83f2823) mem 0x80010000 0x00000001
core   0: 0x8000a378 (0x0000bfe5) c.j     pc - 8
core   0: 3 0x8000a378 (0xbfe5)
core   0: 0x8000a370 (0x00006f17) auipc   t5, 0x6
core   0: 3 0x8000a370 (0x00006f17) x30 0x80010370
core   0: 0x8000a374 (0xc83f2823) sw      gp, -880(t5)
core   0: 3 0x8000a374 (0xc83f2823) mem 0x80010000 0x00000001
core   0: 0x8000a378 (0x0000bfe5) c.j     pc - 8
core   0: 3 0x8000a378 (0xbfe5)
core   0: 0x8000a370 (0x00006f17) auipc   t5, 0x6
core   0: 3 0x8000a370 (0x00006f17) x30 0x80010370
core   0: 0x8000a374 (0xc83f2823) sw      gp, -880(t5)
core   0: 3 0x8000a374 (0xc83f2823) mem 0x80010000 0x00000001
core   0: 0x8000a378 (0x0000bfe5) c.j     pc - 8
core   0: 3 0x8000a378 (0xbfe5)
core   0: 0x8000a370 (0x00006f17) auipc   t5, 0x6
core   0: 3 0x8000a370 (0x00006f17) x30 0x80010370
core   0: 0x8000a374 (0xc83f2823) sw      gp, -880(t5)
core   0: 3 0x8000a374 (0xc83f2823) mem 0x80010000 0x00000001
core   0: 0x8000a378 (0x0000bfe5) c.j     pc - 8
core   0: 3 0x8000a378 (0xbfe5)
core   0: 0x8000a370 (0x00006f17) auipc   t5, 0x6
core   0: 3 0x8000a370 (0x00006f17) x30 0x80010370
core   0: 0x8000a374 (0xc83f2823) sw      gp, -880(t5)
core   0: 3 0x8000a374 (0xc83f2823) mem 0x80010000 0x00000001
core   0: 0x8000a378 (0x0000bfe5) c.j     pc - 8
core   0: 3 0x8000a378 (0xbfe5)
core   0: 0x8000a370 (0x00006f17) auipc   t5, 0x6
core   0: 3 0x8000a370 (0x00006f17) x30 0x80010370
core   0: 0x8000a374 (0xc83f2823) sw      gp, -880(t5)
core   0: 3 0x8000a374 (0xc83f2823) mem 0x80010000 0x00000001
core   0: 0x8000a378 (0x0000bfe5) c.j     pc - 8
core   0: 3 0x8000a378 (0xbfe5)
core   0: 0x8000a370 (0x00006f17) auipc   t5, 0x6
core   0: 3 0x8000a370 (0x00006f17) x30 0x80010370
core   0: 0x8000a374 (0xc83f2823) sw      gp, -880(t5)
core   0: 3 0x8000a374 (0xc83f2823) mem 0x80010000 0x00000001
core   0: 0x8000a378 (0x0000bfe5) c.j     pc - 8
core   0: 3 0x8000a378 (0xbfe5)
core   0: 0x8000a370 (0x00006f17) auipc   t5, 0x6
core   0: 3 0x8000a370 (0x00006f17) x30 0x80010370
core   0: 0x8000a374 (0xc83f2823) sw      gp, -880(t5)
core   0: 3 0x8000a374 (0xc83f2823) mem 0x80010000 0x00000001
core   0: 0x8000a378 (0x0000bfe5) c.j     pc - 8
core   0: 3 0x8000a378 (0xbfe5)
core   0: 0x8000a370 (0x00006f17) auipc   t5, 0x6
core   0: 3 0x8000a370 (0x00006f17) x30 0x80010370
core   0: 0x8000a374 (0xc83f2823) sw      gp, -880(t5)
core   0: 3 0x8000a374 (0xc83f2823) mem 0x80010000 0x00000001
core   0: 0x8000a378 (0x0000bfe5) c.j     pc - 8
core   0: 3 0x8000a378 (0xbfe5)
core   0: 0x8000a370 (0x00006f17) auipc   t5, 0x6
core   0: 3 0x8000a370 (0x00006f17) x30 0x80010370
core   0: 0x8000a374 (0xc83f2823) sw      gp, -880(t5)
core   0: 3 0x8000a374 (0xc83f2823) mem 0x80010000 0x00000001
core   0: 0x8000a378 (0x0000bfe5) c.j     pc - 8
core   0: 3 0x8000a378 (0xbfe5)
core   0: 0x8000a370 (0x00006f17) auipc   t5, 0x6
core   0: 3 0x8000a370 (0x00006f17) x30 0x80010370
core   0: 0x8000a374 (0xc83f2823) sw      gp, -880(t5)
core   0: 3 0x8000a374 (0xc83f2823) mem 0x80010000 0x00000001
core   0: 0x8000a378 (0x0000bfe5) c.j     pc - 8
core   0: 3 0x8000a378 (0xbfe5)
core   0: 0x8000a370 (0x00006f17) auipc   t5, 0x6
core   0: 3 0x8000a370 (0x00006f17) x30 0x80010370
core   0: 0x8000a374 (0xc83f2823) sw      gp, -880(t5)
core   0: 3 0x8000a374 (0xc83f2823) mem 0x80010000 0x00000001
core   0: 0x8000a378 (0x0000bfe5) c.j     pc - 8
core   0: 3 0x8000a378 (0xbfe5)
core   0: 0x8000a370 (0x00006f17) auipc   t5, 0x6
core   0: 3 0x8000a370 (0x00006f17) x30 0x80010370
core   0: 0x8000a374 (0xc83f2823) sw      gp, -880(t5)
core   0: 3 0x8000a374 (0xc83f2823) mem 0x80010000 0x00000001
core   0: 0x8000a378 (0x0000bfe5) c.j     pc - 8
core   0: 3 0x8000a378 (0xbfe5)
core   0: 0x8000a370 (0x00006f17) auipc   t5, 0x6
core   0: 3 0x8000a370 (0x00006f17) x30 0x80010370
core   0: 0x8000a374 (0xc83f2823) sw      gp, -880(t5)
core   0: 3 0x8000a374 (0xc83f2823) mem 0x80010000 0x00000001
core   0: 0x8000a378 (0x0000bfe5) c.j     pc - 8
core   0: 3 0x8000a378 (0xbfe5)
core   0: 0x8000a370 (0x00006f17) auipc   t5, 0x6
core   0: 3 0x8000a370 (0x00006f17) x30 0x80010370
core   0: 0x8000a374 (0xc83f2823) sw      gp, -880(t5)
core   0: 3 0x8000a374 (0xc83f2823) mem 0x80010000 0x00000001
core   0: 0x8000a378 (0x0000bfe5) c.j     pc - 8
core   0: 3 0x8000a378 (0xbfe5)
core   0: 0x8000a370 (0x00006f17) auipc   t5, 0x6
core   0: 3 0x8000a370 (0x00006f17) x30 0x80010370
core   0: 0x8000a374 (0xc83f2823) sw      gp, -880(t5)
core   0: 3 0x8000a374 (0xc83f2823) mem 0x80010000 0x00000001
core   0: 0x8000a378 (0x0000bfe5) c.j     pc - 8
core   0: 3 0x8000a378 (0xbfe5)
core   0: 0x8000a370 (0x00006f17) auipc   t5, 0x6
core   0: 3 0x8000a370 (0x00006f17) x30 0x80010370
core   0: 0x8000a374 (0xc83f2823) sw      gp, -880(t5)
core   0: 3 0x8000a374 (0xc83f2823) mem 0x80010000 0x00000001
core   0: 0x8000a378 (0x0000bfe5) c.j     pc - 8
core   0: 3 0x8000a378 (0xbfe5)
core   0: 0x8000a370 (0x00006f17) auipc   t5, 0x6
core   0: 3 0x8000a370 (0x00006f17) x30 0x80010370
core   0: 0x8000a374 (0xc83f2823) sw      gp, -880(t5)
core   0: 3 0x8000a374 (0xc83f2823) mem 0x80010000 0x00000001
core   0: 0x8000a378 (0x0000bfe5) c.j     pc - 8
core   0: 3 0x8000a378 (0xbfe5)
core   0: 0x8000a370 (0x00006f17) auipc   t5, 0x6
core   0: 3 0x8000a370 (0x00006f17) x30 0x80010370
core   0: 0x8000a374 (0xc83f2823) sw      gp, -880(t5)
core   0: 3 0x8000a374 (0xc83f2823) mem 0x80010000 0x00000001
core   0: 0x8000a378 (0x0000bfe5) c.j     pc - 8
core   0: 3 0x8000a378 (0xbfe5)
core   0: 0x8000a370 (0x00006f17) auipc   t5, 0x6
core   0: 3 0x8000a370 (0x00006f17) x30 0x80010370
core   0: 0x8000a374 (0xc83f2823) sw      gp, -880(t5)
core   0: 3 0x8000a374 (0xc83f2823) mem 0x80010000 0x00000001
core   0: 0x8000a378 (0x0000bfe5) c.j     pc - 8
core   0: 3 0x8000a378 (0xbfe5)
core   0: 0x8000a370 (0x00006f17) auipc   t5, 0x6
core   0: 3 0x8000a370 (0x00006f17) x30 0x80010370
core   0: 0x8000a374 (0xc83f2823) sw      gp, -880(t5)
core   0: 3 0x8000a374 (0xc83f2823) mem 0x80010000 0x00000001
core   0: 0x8000a378 (0x0000bfe5) c.j     pc - 8
core   0: 3 0x8000a378 (0xbfe5)
core   0: 0x8000a370 (0x00006f17) auipc   t5, 0x6
core   0: 3 0x8000a370 (0x00006f17) x30 0x80010370
core   0: 0x8000a374 (0xc83f2823) sw      gp, -880(t5)
core   0: 3 0x8000a374 (0xc83f2823) mem 0x80010000 0x00000001
core   0: 0x8000a378 (0x0000bfe5) c.j     pc - 8
core   0: 3 0x8000a378 (0xbfe5)
core   0: 0x8000a370 (0x00006f17) auipc   t5, 0x6
core   0: 3 0x8000a370 (0x00006f17) x30 0x80010370
core   0: 0x8000a374 (0xc83f2823) sw      gp, -880(t5)
core   0: 3 0x8000a374 (0xc83f2823) mem 0x80010000 0x00000001
core   0: 0x8000a378 (0x0000bfe5) c.j     pc - 8
core   0: 3 0x8000a378 (0xbfe5)
core   0: 0x8000a370 (0x00006f17) auipc   t5, 0x6
core   0: 3 0x8000a370 (0x00006f17) x30 0x80010370
core   0: 0x8000a374 (0xc83f2823) sw      gp, -880(t5)
core   0: 3 0x8000a374 (0xc83f2823) mem 0x80010000 0x00000001
core   0: 0x8000a378 (0x0000bfe5) c.j     pc - 8
core   0: 3 0x8000a378 (0xbfe5)
core   0: 0x8000a370 (0x00006f17) auipc   t5, 0x6
core   0: 3 0x8000a370 (0x00006f17) x30 0x80010370
core   0: 0x8000a374 (0xc83f2823) sw      gp, -880(t5)
core   0: 3 0x8000a374 (0xc83f2823) mem 0x80010000 0x00000001
core   0: 0x8000a378 (0x0000bfe5) c.j     pc - 8
core   0: 3 0x8000a378 (0xbfe5)
core   0: 0x8000a370 (0x00006f17) auipc   t5, 0x6
core   0: 3 0x8000a370 (0x00006f17) x30 0x80010370
core   0: 0x8000a374 (0xc83f2823) sw      gp, -880(t5)
core   0: 3 0x8000a374 (0xc83f2823) mem 0x80010000 0x00000001
core   0: 0x8000a378 (0x0000bfe5) c.j     pc - 8
core   0: 3 0x8000a378 (0xbfe5)
core   0: 0x8000a370 (0x00006f17) auipc   t5, 0x6
core   0: 3 0x8000a370 (0x00006f17) x30 0x80010370
core   0: 0x8000a374 (0xc83f2823) sw      gp, -880(t5)
core   0: 3 0x8000a374 (0xc83f2823) mem 0x80010000 0x00000001
core   0: 0x8000a378 (0x0000bfe5) c.j     pc - 8
core   0: 3 0x8000a378 (0xbfe5)
core   0: 0x8000a370 (0x00006f17) auipc   t5, 0x6
core   0: 3 0x8000a370 (0x00006f17) x30 0x80010370
core   0: 0x8000a374 (0xc83f2823) sw      gp, -880(t5)
core   0: 3 0x8000a374 (0xc83f2823) mem 0x80010000 0x00000001
core   0: 0x8000a378 (0x0000bfe5) c.j     pc - 8
core   0: 3 0x8000a378 (0xbfe5)
core   0: 0x8000a370 (0x00006f17) auipc   t5, 0x6
core   0: 3 0x8000a370 (0x00006f17) x30 0x80010370
core   0: 0x8000a374 (0xc83f2823) sw      gp, -880(t5)
core   0: 3 0x8000a374 (0xc83f2823) mem 0x80010000 0x00000001
core   0: 0x8000a378 (0x0000bfe5) c.j     pc - 8
core   0: 3 0x8000a378 (0xbfe5)
core   0: 0x8000a370 (0x00006f17) auipc   t5, 0x6
core   0: 3 0x8000a370 (0x00006f17) x30 0x80010370
core   0: 0x8000a374 (0xc83f2823) sw      gp, -880(t5)
core   0: 3 0x8000a374 (0xc83f2823) mem 0x80010000 0x00000001
core   0: 0x8000a378 (0x0000bfe5) c.j     pc - 8
core   0: 3 0x8000a378 (0xbfe5)
core   0: 0x8000a370 (0x00006f17) auipc   t5, 0x6
core   0: 3 0x8000a370 (0x00006f17) x30 0x80010370
core   0: 0x8000a374 (0xc83f2823) sw      gp, -880(t5)
core   0: 3 0x8000a374 (0xc83f2823) mem 0x80010000 0x00000001
core   0: 0x8000a378 (0x0000bfe5) c.j     pc - 8
core   0: 3 0x8000a378 (0xbfe5)
core   0: 0x8000a370 (0x00006f17) auipc   t5, 0x6
core   0: 3 0x8000a370 (0x00006f17) x30 0x80010370
core   0: 0x8000a374 (0xc83f2823) sw      gp, -880(t5)
core   0: 3 0x8000a374 (0xc83f2823) mem 0x80010000 0x00000001
core   0: 0x8000a378 (0x0000bfe5) c.j     pc - 8
core   0: 3 0x8000a378 (0xbfe5)
core   0: 0x8000a370 (0x00006f17) auipc   t5, 0x6
core   0: 3 0x8000a370 (0x00006f17) x30 0x80010370
core   0: 0x8000a374 (0xc83f2823) sw      gp, -880(t5)
core   0: 3 0x8000a374 (0xc83f2823) mem 0x80010000 0x00000001
core   0: 0x8000a378 (0x0000bfe5) c.j     pc - 8
core   0: 3 0x8000a378 (0xbfe5)
core   0: 0x8000a370 (0x00006f17) auipc   t5, 0x6
core   0: 3 0x8000a370 (0x00006f17) x30 0x80010370
core   0: 0x8000a374 (0xc83f2823) sw      gp, -880(t5)
core   0: 3 0x8000a374 (0xc83f2823) mem 0x80010000 0x00000001
core   0: 0x8000a378 (0x0000bfe5) c.j     pc - 8
core   0: 3 0x8000a378 (0xbfe5)
core   0: 0x8000a370 (0x00006f17) auipc   t5, 0x6
core   0: 3 0x8000a370 (0x00006f17) x30 0x80010370
core   0: 0x8000a374 (0xc83f2823) sw      gp, -880(t5)
core   0: 3 0x8000a374 (0xc83f2823) mem 0x80010000 0x00000001
core   0: 0x8000a378 (0x0000bfe5) c.j     pc - 8
core   0: 3 0x8000a378 (0xbfe5)
core   0: 0x8000a370 (0x00006f17) auipc   t5, 0x6
core   0: 3 0x8000a370 (0x00006f17) x30 0x80010370
core   0: 0x8000a374 (0xc83f2823) sw      gp, -880(t5)
core   0: 3 0x8000a374 (0xc83f2823) mem 0x80010000 0x00000001
core   0: 0x8000a378 (0x0000bfe5) c.j     pc - 8
core   0: 3 0x8000a378 (0xbfe5)
core   0: 0x8000a370 (0x00006f17) auipc   t5, 0x6
core   0: 3 0x8000a370 (0x00006f17) x30 0x80010370
core   0: 0x8000a374 (0xc83f2823) sw      gp, -880(t5)
core   0: 3 0x8000a374 (0xc83f2823) mem 0x80010000 0x00000001
core   0: 0x8000a378 (0x0000bfe5) c.j     pc - 8
core   0: 3 0x8000a378 (0xbfe5)
core   0: 0x8000a370 (0x00006f17) auipc   t5, 0x6
core   0: 3 0x8000a370 (0x00006f17) x30 0x80010370
core   0: 0x8000a374 (0xc83f2823) sw      gp, -880(t5)
core   0: 3 0x8000a374 (0xc83f2823) mem 0x80010000 0x00000001
core   0: 0x8000a378 (0x0000bfe5) c.j     pc - 8
core   0: 3 0x8000a378 (0xbfe5)
core   0: 0x8000a370 (0x00006f17) auipc   t5, 0x6
core   0: 3 0x8000a370 (0x00006f17) x30 0x80010370
core   0: 0x8000a374 (0xc83f2823) sw      gp, -880(t5)
core   0: 3 0x8000a374 (0xc83f2823) mem 0x80010000 0x00000001
core   0: 0x8000a378 (0x0000bfe5) c.j     pc - 8
core   0: 3 0x8000a378 (0xbfe5)
core   0: 0x8000a370 (0x00006f17) auipc   t5, 0x6
core   0: 3 0x8000a370 (0x00006f17) x30 0x80010370
core   0: 0x8000a374 (0xc83f2823) sw      gp, -880(t5)
core   0: 3 0x8000a374 (0xc83f2823) mem 0x80010000 0x00000001
core   0: 0x8000a378 (0x0000bfe5) c.j     pc - 8
core   0: 3 0x8000a378 (0xbfe5)
core   0: 0x8000a370 (0x00006f17) auipc   t5, 0x6
core   0: 3 0x8000a370 (0x00006f17) x30 0x80010370
core   0: 0x8000a374 (0xc83f2823) sw      gp, -880(t5)
core   0: 3 0x8000a374 (0xc83f2823) mem 0x80010000 0x00000001
core   0: 0x8000a378 (0x0000bfe5) c.j     pc - 8
core   0: 3 0x8000a378 (0xbfe5)
core   0: 0x8000a370 (0x00006f17) auipc   t5, 0x6
core   0: 3 0x8000a370 (0x00006f17) x30 0x80010370
core   0: 0x8000a374 (0xc83f2823) sw      gp, -880(t5)
core   0: 3 0x8000a374 (0xc83f2823) mem 0x80010000 0x00000001
core   0: 0x8000a378 (0x0000bfe5) c.j     pc - 8
core   0: 3 0x8000a378 (0xbfe5)
core   0: 0x8000a370 (0x00006f17) auipc   t5, 0x6
core   0: 3 0x8000a370 (0x00006f17) x30 0x80010370
core   0: 0x8000a374 (0xc83f2823) sw      gp, -880(t5)
core   0: 3 0x8000a374 (0xc83f2823) mem 0x80010000 0x00000001
core   0: 0x8000a378 (0x0000bfe5) c.j     pc - 8
core   0: 3 0x8000a378 (0xbfe5)
core   0: 0x8000a370 (0x00006f17) auipc   t5, 0x6
core   0: 3 0x8000a370 (0x00006f17) x30 0x80010370
core   0: 0x8000a374 (0xc83f2823) sw      gp, -880(t5)
core   0: 3 0x8000a374 (0xc83f2823) mem 0x80010000 0x00000001
core   0: 0x8000a378 (0x0000bfe5) c.j     pc - 8
core   0: 3 0x8000a378 (0xbfe5)
core   0: 0x8000a370 (0x00006f17) auipc   t5, 0x6
core   0: 3 0x8000a370 (0x00006f17) x30 0x80010370
core   0: 0x8000a374 (0xc83f2823) sw      gp, -880(t5)
core   0: 3 0x8000a374 (0xc83f2823) mem 0x80010000 0x00000001
core   0: 0x8000a378 (0x0000bfe5) c.j     pc - 8
core   0: 3 0x8000a378 (0xbfe5)
core   0: 0x8000a370 (0x00006f17) auipc   t5, 0x6
core   0: 3 0x8000a370 (0x00006f17) x30 0x80010370
core   0: 0x8000a374 (0xc83f2823) sw      gp, -880(t5)
core   0: 3 0x8000a374 (0xc83f2823) mem 0x80010000 0x00000001
core   0: 0x8000a378 (0x0000bfe5) c.j     pc - 8
core   0: 3 0x8000a378 (0xbfe5)
core   0: 0x8000a370 (0x00006f17) auipc   t5, 0x6
core   0: 3 0x8000a370 (0x00006f17) x30 0x80010370
core   0: 0x8000a374 (0xc83f2823) sw      gp, -880(t5)
core   0: 3 0x8000a374 (0xc83f2823) mem 0x80010000 0x00000001
core   0: 0x8000a378 (0x0000bfe5) c.j     pc - 8
core   0: 3 0x8000a378 (0xbfe5)
core   0: 0x8000a370 (0x00006f17) auipc   t5, 0x6
core   0: 3 0x8000a370 (0x00006f17) x30 0x80010370
core   0: 0x8000a374 (0xc83f2823) sw      gp, -880(t5)
core   0: 3 0x8000a374 (0xc83f2823) mem 0x80010000 0x00000001
core   0: 0x8000a378 (0x0000bfe5) c.j     pc - 8
core   0: 3 0x8000a378 (0xbfe5)
core   0: 0x8000a370 (0x00006f17) auipc   t5, 0x6
core   0: 3 0x8000a370 (0x00006f17) x30 0x80010370
core   0: 0x8000a374 (0xc83f2823) sw      gp, -880(t5)
core   0: 3 0x8000a374 (0xc83f2823) mem 0x80010000 0x00000001
core   0: 0x8000a378 (0x0000bfe5) c.j     pc - 8
core   0: 3 0x8000a378 (0xbfe5)
core   0: 0x8000a370 (0x00006f17) auipc   t5, 0x6
core   0: 3 0x8000a370 (0x00006f17) x30 0x80010370
core   0: 0x8000a374 (0xc83f2823) sw      gp, -880(t5)
core   0: 3 0x8000a374 (0xc83f2823) mem 0x80010000 0x00000001
core   0: 0x8000a378 (0x0000bfe5) c.j     pc - 8
core   0: 3 0x8000a378 (0xbfe5)
core   0: 0x8000a370 (0x00006f17) auipc   t5, 0x6
core   0: 3 0x8000a370 (0x00006f17) x30 0x80010370
core   0: 0x8000a374 (0xc83f2823) sw      gp, -880(t5)
core   0: 3 0x8000a374 (0xc83f2823) mem 0x80010000 0x00000001
core   0: 0x8000a378 (0x0000bfe5) c.j     pc - 8
core   0: 3 0x8000a378 (0xbfe5)
core   0: 0x8000a370 (0x00006f17) auipc   t5, 0x6
core   0: 3 0x8000a370 (0x00006f17) x30 0x80010370
core   0: 0x8000a374 (0xc83f2823) sw      gp, -880(t5)
core   0: 3 0x8000a374 (0xc83f2823) mem 0x80010000 0x00000001
core   0: 0x8000a378 (0x0000bfe5) c.j     pc - 8
core   0: 3 0x8000a378 (0xbfe5)
core   0: 0x8000a370 (0x00006f17) auipc   t5, 0x6
core   0: 3 0x8000a370 (0x00006f17) x30 0x80010370
core   0: 0x8000a374 (0xc83f2823) sw      gp, -880(t5)
core   0: 3 0x8000a374 (0xc83f2823) mem 0x80010000 0x00000001
core   0: 0x8000a378 (0x0000bfe5) c.j     pc - 8
core   0: 3 0x8000a378 (0xbfe5)
core   0: 0x8000a370 (0x00006f17) auipc   t5, 0x6
core   0: 3 0x8000a370 (0x00006f17) x30 0x80010370
core   0: 0x8000a374 (0xc83f2823) sw      gp, -880(t5)
core   0: 3 0x8000a374 (0xc83f2823) mem 0x80010000 0x00000001
core   0: 0x8000a378 (0x0000bfe5) c.j     pc - 8
core   0: 3 0x8000a378 (0xbfe5)
core   0: 0x8000a370 (0x00006f17) auipc   t5, 0x6
core   0: 3 0x8000a370 (0x00006f17) x30 0x80010370
core   0: 0x8000a374 (0xc83f2823) sw      gp, -880(t5)
core   0: 3 0x8000a374 (0xc83f2823) mem 0x80010000 0x00000001
core   0: 0x8000a378 (0x0000bfe5) c.j     pc - 8
core   0: 3 0x8000a378 (0xbfe5)
core   0: 0x8000a370 (0x00006f17) auipc   t5, 0x6
core   0: 3 0x8000a370 (0x00006f17) x30 0x80010370
core   0: 0x8000a374 (0xc83f2823) sw      gp, -880(t5)
core   0: 3 0x8000a374 (0xc83f2823) mem 0x80010000 0x00000001
core   0: 0x8000a378 (0x0000bfe5) c.j     pc - 8
core   0: 3 0x8000a378 (0xbfe5)
core   0: 0x8000a370 (0x00006f17) auipc   t5, 0x6
core   0: 3 0x8000a370 (0x00006f17) x30 0x80010370
core   0: 0x8000a374 (0xc83f2823) sw      gp, -880(t5)
core   0: 3 0x8000a374 (0xc83f2823) mem 0x80010000 0x00000001
core   0: 0x8000a378 (0x0000bfe5) c.j     pc - 8
core   0: 3 0x8000a378 (0xbfe5)
core   0: 0x8000a370 (0x00006f17) auipc   t5, 0x6
core   0: 3 0x8000a370 (0x00006f17) x30 0x80010370
core   0: 0x8000a374 (0xc83f2823) sw      gp, -880(t5)
core   0: 3 0x8000a374 (0xc83f2823) mem 0x80010000 0x00000001
core   0: 0x8000a378 (0x0000bfe5) c.j     pc - 8
core   0: 3 0x8000a378 (0xbfe5)
core   0: 0x8000a370 (0x00006f17) auipc   t5, 0x6
core   0: 3 0x8000a370 (0x00006f17) x30 0x80010370
core   0: 0x8000a374 (0xc83f2823) sw      gp, -880(t5)
core   0: 3 0x8000a374 (0xc83f2823) mem 0x80010000 0x00000001
core   0: 0x8000a378 (0x0000bfe5) c.j     pc - 8
core   0: 3 0x8000a378 (0xbfe5)
core   0: 0x8000a370 (0x00006f17) auipc   t5, 0x6
core   0: 3 0x8000a370 (0x00006f17) x30 0x80010370
core   0: 0x8000a374 (0xc83f2823) sw      gp, -880(t5)
core   0: 3 0x8000a374 (0xc83f2823) mem 0x80010000 0x00000001
core   0: 0x8000a378 (0x0000bfe5) c.j     pc - 8
core   0: 3 0x8000a378 (0xbfe5)
core   0: 0x8000a370 (0x00006f17) auipc   t5, 0x6
core   0: 3 0x8000a370 (0x00006f17) x30 0x80010370
core   0: 0x8000a374 (0xc83f2823) sw      gp, -880(t5)
core   0: 3 0x8000a374 (0xc83f2823) mem 0x80010000 0x00000001
core   0: 0x8000a378 (0x0000bfe5) c.j     pc - 8
core   0: 3 0x8000a378 (0xbfe5)
core   0: 0x8000a370 (0x00006f17) auipc   t5, 0x6
core   0: 3 0x8000a370 (0x00006f17) x30 0x80010370
core   0: 0x8000a374 (0xc83f2823) sw      gp, -880(t5)
core   0: 3 0x8000a374 (0xc83f2823) mem 0x80010000 0x00000001
core   0: 0x8000a378 (0x0000bfe5) c.j     pc - 8
core   0: 3 0x8000a378 (0xbfe5)
core   0: 0x8000a370 (0x00006f17) auipc   t5, 0x6
core   0: 3 0x8000a370 (0x00006f17) x30 0x80010370
core   0: 0x8000a374 (0xc83f2823) sw      gp, -880(t5)
core   0: 3 0x8000a374 (0xc83f2823) mem 0x80010000 0x00000001
core   0: 0x8000a378 (0x0000bfe5) c.j     pc - 8
core   0: 3 0x8000a378 (0xbfe5)
core   0: 0x8000a370 (0x00006f17) auipc   t5, 0x6
core   0: 3 0x8000a370 (0x00006f17) x30 0x80010370
core   0: 0x8000a374 (0xc83f2823) sw      gp, -880(t5)
core   0: 3 0x8000a374 (0xc83f2823) mem 0x80010000 0x00000001
core   0: 0x8000a378 (0x0000bfe5) c.j     pc - 8
core   0: 3 0x8000a378 (0xbfe5)
core   0: 0x8000a370 (0x00006f17) auipc   t5, 0x6
core   0: 3 0x8000a370 (0x00006f17) x30 0x80010370
core   0: 0x8000a374 (0xc83f2823) sw      gp, -880(t5)
core   0: 3 0x8000a374 (0xc83f2823) mem 0x80010000 0x00000001
core   0: 0x8000a378 (0x0000bfe5) c.j     pc - 8
core   0: 3 0x8000a378 (0xbfe5)
core   0: 0x8000a370 (0x00006f17) auipc   t5, 0x6
core   0: 3 0x8000a370 (0x00006f17) x30 0x80010370
core   0: 0x8000a374 (0xc83f2823) sw      gp, -880(t5)
core   0: 3 0x8000a374 (0xc83f2823) mem 0x80010000 0x00000001
core   0: 0x8000a378 (0x0000bfe5) c.j     pc - 8
core   0: 3 0x8000a378 (0xbfe5)
core   0: 0x8000a370 (0x00006f17) auipc   t5, 0x6
core   0: 3 0x8000a370 (0x00006f17) x30 0x80010370
core   0: 0x8000a374 (0xc83f2823) sw      gp, -880(t5)
core   0: 3 0x8000a374 (0xc83f2823) mem 0x80010000 0x00000001
core   0: 0x8000a378 (0x0000bfe5) c.j     pc - 8
core   0: 3 0x8000a378 (0xbfe5)
core   0: 0x8000a370 (0x00006f17) auipc   t5, 0x6
core   0: 3 0x8000a370 (0x00006f17) x30 0x80010370
core   0: 0x8000a374 (0xc83f2823) sw      gp, -880(t5)
core   0: 3 0x8000a374 (0xc83f2823) mem 0x80010000 0x00000001
core   0: 0x8000a378 (0x0000bfe5) c.j     pc - 8
core   0: 3 0x8000a378 (0xbfe5)
core   0: 0x8000a370 (0x00006f17) auipc   t5, 0x6
core   0: 3 0x8000a370 (0x00006f17) x30 0x80010370
core   0: 0x8000a374 (0xc83f2823) sw      gp, -880(t5)
core   0: 3 0x8000a374 (0xc83f2823) mem 0x80010000 0x00000001
core   0: 0x8000a378 (0x0000bfe5) c.j     pc - 8
core   0: 3 0x8000a378 (0xbfe5)
core   0: 0x8000a370 (0x00006f17) auipc   t5, 0x6
core   0: 3 0x8000a370 (0x00006f17) x30 0x80010370
core   0: 0x8000a374 (0xc83f2823) sw      gp, -880(t5)
core   0: 3 0x8000a374 (0xc83f2823) mem 0x80010000 0x00000001
core   0: 0x8000a378 (0x0000bfe5) c.j     pc - 8
core   0: 3 0x8000a378 (0xbfe5)
core   0: 0x8000a370 (0x00006f17) auipc   t5, 0x6
core   0: 3 0x8000a370 (0x00006f17) x30 0x80010370
core   0: 0x8000a374 (0xc83f2823) sw      gp, -880(t5)
core   0: 3 0x8000a374 (0xc83f2823) mem 0x80010000 0x00000001
core   0: 0x8000a378 (0x0000bfe5) c.j     pc - 8
core   0: 3 0x8000a378 (0xbfe5)
core   0: 0x8000a370 (0x00006f17) auipc   t5, 0x6
core   0: 3 0x8000a370 (0x00006f17) x30 0x80010370
core   0: 0x8000a374 (0xc83f2823) sw      gp, -880(t5)
core   0: 3 0x8000a374 (0xc83f2823) mem 0x80010000 0x00000001
core   0: 0x8000a378 (0x0000bfe5) c.j     pc - 8
core   0: 3 0x8000a378 (0xbfe5)
core   0: 0x8000a370 (0x00006f17) auipc   t5, 0x6
core   0: 3 0x8000a370 (0x00006f17) x30 0x80010370
core   0: 0x8000a374 (0xc83f2823) sw      gp, -880(t5)
core   0: 3 0x8000a374 (0xc83f2823) mem 0x80010000 0x00000001
core   0: 0x8000a378 (0x0000bfe5) c.j     pc - 8
core   0: 3 0x8000a378 (0xbfe5)
core   0: 0x8000a370 (0x00006f17) auipc   t5, 0x6
core   0: 3 0x8000a370 (0x00006f17) x30 0x80010370
core   0: 0x8000a374 (0xc83f2823) sw      gp, -880(t5)
core   0: 3 0x8000a374 (0xc83f2823) mem 0x80010000 0x00000001
core   0: 0x8000a378 (0x0000bfe5) c.j     pc - 8
core   0: 3 0x8000a378 (0xbfe5)
core   0: 0x8000a370 (0x00006f17) auipc   t5, 0x6
core   0: 3 0x8000a370 (0x00006f17) x30 0x80010370
core   0: 0x8000a374 (0xc83f2823) sw      gp, -880(t5)
core   0: 3 0x8000a374 (0xc83f2823) mem 0x80010000 0x00000001
core   0: 0x8000a378 (0x0000bfe5) c.j     pc - 8
core   0: 3 0x8000a378 (0xbfe5)
core   0: 0x8000a370 (0x00006f17) auipc   t5, 0x6
core   0: 3 0x8000a370 (0x00006f17) x30 0x80010370
core   0: 0x8000a374 (0xc83f2823) sw      gp, -880(t5)
core   0: 3 0x8000a374 (0xc83f2823) mem 0x80010000 0x00000001
core   0: 0x8000a378 (0x0000bfe5) c.j     pc - 8
core   0: 3 0x8000a378 (0xbfe5)
core   0: 0x8000a370 (0x00006f17) auipc   t5, 0x6
core   0: 3 0x8000a370 (0x00006f17) x30 0x80010370
core   0: 0x8000a374 (0xc83f2823) sw      gp, -880(t5)
core   0: 3 0x8000a374 (0xc83f2823) mem 0x80010000 0x00000001
core   0: 0x8000a378 (0x0000bfe5) c.j     pc - 8
core   0: 3 0x8000a378 (0xbfe5)
core   0: 0x8000a370 (0x00006f17) auipc   t5, 0x6
core   0: 3 0x8000a370 (0x00006f17) x30 0x80010370
core   0: 0x8000a374 (0xc83f2823) sw      gp, -880(t5)
core   0: 3 0x8000a374 (0xc83f2823) mem 0x80010000 0x00000001
core   0: 0x8000a378 (0x0000bfe5) c.j     pc - 8
core   0: 3 0x8000a378 (0xbfe5)
core   0: 0x8000a370 (0x00006f17) auipc   t5, 0x6
core   0: 3 0x8000a370 (0x00006f17) x30 0x80010370
core   0: 0x8000a374 (0xc83f2823) sw      gp, -880(t5)
core   0: 3 0x8000a374 (0xc83f2823) mem 0x80010000 0x00000001
core   0: 0x8000a378 (0x0000bfe5) c.j     pc - 8
core   0: 3 0x8000a378 (0xbfe5)
core   0: 0x8000a370 (0x00006f17) auipc   t5, 0x6
core   0: 3 0x8000a370 (0x00006f17) x30 0x80010370
core   0: 0x8000a374 (0xc83f2823) sw      gp, -880(t5)
core   0: 3 0x8000a374 (0xc83f2823) mem 0x80010000 0x00000001
core   0: 0x8000a378 (0x0000bfe5) c.j     pc - 8
core   0: 3 0x8000a378 (0xbfe5)
core   0: 0x8000a370 (0x00006f17) auipc   t5, 0x6
core   0: 3 0x8000a370 (0x00006f17) x30 0x80010370
core   0: 0x8000a374 (0xc83f2823) sw      gp, -880(t5)
core   0: 3 0x8000a374 (0xc83f2823) mem 0x80010000 0x00000001
core   0: 0x8000a378 (0x0000bfe5) c.j     pc - 8
core   0: 3 0x8000a378 (0xbfe5)
core   0: 0x8000a370 (0x00006f17) auipc   t5, 0x6
core   0: 3 0x8000a370 (0x00006f17) x30 0x80010370
core   0: 0x8000a374 (0xc83f2823) sw      gp, -880(t5)
core   0: 3 0x8000a374 (0xc83f2823) mem 0x80010000 0x00000001
core   0: 0x8000a378 (0x0000bfe5) c.j     pc - 8
core   0: 3 0x8000a378 (0xbfe5)
core   0: 0x8000a370 (0x00006f17) auipc   t5, 0x6
core   0: 3 0x8000a370 (0x00006f17) x30 0x80010370
core   0: 0x8000a374 (0xc83f2823) sw      gp, -880(t5)
core   0: 3 0x8000a374 (0xc83f2823) mem 0x80010000 0x00000001
core   0: 0x8000a378 (0x0000bfe5) c.j     pc - 8
core   0: 3 0x8000a378 (0xbfe5)
core   0: 0x8000a370 (0x00006f17) auipc   t5, 0x6
core   0: 3 0x8000a370 (0x00006f17) x30 0x80010370
core   0: 0x8000a374 (0xc83f2823) sw      gp, -880(t5)
core   0: 3 0x8000a374 (0xc83f2823) mem 0x80010000 0x00000001
core   0: 0x8000a378 (0x0000bfe5) c.j     pc - 8
core   0: 3 0x8000a378 (0xbfe5)
core   0: 0x8000a370 (0x00006f17) auipc   t5, 0x6
core   0: 3 0x8000a370 (0x00006f17) x30 0x80010370
core   0: 0x8000a374 (0xc83f2823) sw      gp, -880(t5)
core   0: 3 0x8000a374 (0xc83f2823) mem 0x80010000 0x00000001
core   0: 0x8000a378 (0x0000bfe5) c.j     pc - 8
core   0: 3 0x8000a378 (0xbfe5)
core   0: 0x8000a370 (0x00006f17) auipc   t5, 0x6
core   0: 3 0x8000a370 (0x00006f17) x30 0x80010370
core   0: 0x8000a374 (0xc83f2823) sw      gp, -880(t5)
core   0: 3 0x8000a374 (0xc83f2823) mem 0x80010000 0x00000001
core   0: 0x8000a378 (0x0000bfe5) c.j     pc - 8
core   0: 3 0x8000a378 (0xbfe5)
core   0: 0x8000a370 (0x00006f17) auipc   t5, 0x6
core   0: 3 0x8000a370 (0x00006f17) x30 0x80010370
core   0: 0x8000a374 (0xc83f2823) sw      gp, -880(t5)
core   0: 3 0x8000a374 (0xc83f2823) mem 0x80010000 0x00000001
core   0: 0x8000a378 (0x0000bfe5) c.j     pc - 8
core   0: 3 0x8000a378 (0xbfe5)
core   0: 0x8000a370 (0x00006f17) auipc   t5, 0x6
core   0: 3 0x8000a370 (0x00006f17) x30 0x80010370
core   0: 0x8000a374 (0xc83f2823) sw      gp, -880(t5)
core   0: 3 0x8000a374 (0xc83f2823) mem 0x80010000 0x00000001
core   0: 0x8000a378 (0x0000bfe5) c.j     pc - 8
core   0: 3 0x8000a378 (0xbfe5)
core   0: 0x8000a370 (0x00006f17) auipc   t5, 0x6
core   0: 3 0x8000a370 (0x00006f17) x30 0x80010370
core   0: 0x8000a374 (0xc83f2823) sw      gp, -880(t5)
core   0: 3 0x8000a374 (0xc83f2823) mem 0x80010000 0x00000001
core   0: 0x8000a378 (0x0000bfe5) c.j     pc - 8
core   0: 3 0x8000a378 (0xbfe5)
core   0: 0x8000a370 (0x00006f17) auipc   t5, 0x6
core   0: 3 0x8000a370 (0x00006f17) x30 0x80010370
core   0: 0x8000a374 (0xc83f2823) sw      gp, -880(t5)
core   0: 3 0x8000a374 (0xc83f2823) mem 0x80010000 0x00000001
core   0: 0x8000a378 (0x0000bfe5) c.j     pc - 8
core   0: 3 0x8000a378 (0xbfe5)
core   0: 0x8000a370 (0x00006f17) auipc   t5, 0x6
core   0: 3 0x8000a370 (0x00006f17) x30 0x80010370
core   0: 0x8000a374 (0xc83f2823) sw      gp, -880(t5)
core   0: 3 0x8000a374 (0xc83f2823) mem 0x80010000 0x00000001
core   0: 0x8000a378 (0x0000bfe5) c.j     pc - 8
core   0: 3 0x8000a378 (0xbfe5)
core   0: 0x8000a370 (0x00006f17) auipc   t5, 0x6
core   0: 3 0x8000a370 (0x00006f17) x30 0x80010370
core   0: 0x8000a374 (0xc83f2823) sw      gp, -880(t5)
core   0: 3 0x8000a374 (0xc83f2823) mem 0x80010000 0x00000001
core   0: 0x8000a378 (0x0000bfe5) c.j     pc - 8
core   0: 3 0x8000a378 (0xbfe5)
core   0: 0x8000a370 (0x00006f17) auipc   t5, 0x6
core   0: 3 0x8000a370 (0x00006f17) x30 0x80010370
core   0: 0x8000a374 (0xc83f2823) sw      gp, -880(t5)
core   0: 3 0x8000a374 (0xc83f2823) mem 0x80010000 0x00000001
core   0: 0x8000a378 (0x0000bfe5) c.j     pc - 8
core   0: 3 0x8000a378 (0xbfe5)
core   0: 0x8000a370 (0x00006f17) auipc   t5, 0x6
core   0: 3 0x8000a370 (0x00006f17) x30 0x80010370
core   0: 0x8000a374 (0xc83f2823) sw      gp, -880(t5)
core   0: 3 0x8000a374 (0xc83f2823) mem 0x80010000 0x00000001
core   0: 0x8000a378 (0x0000bfe5) c.j     pc - 8
core   0: 3 0x8000a378 (0xbfe5)
core   0: 0x8000a370 (0x00006f17) auipc   t5, 0x6
core   0: 3 0x8000a370 (0x00006f17) x30 0x80010370
core   0: 0x8000a374 (0xc83f2823) sw      gp, -880(t5)
core   0: 3 0x8000a374 (0xc83f2823) mem 0x80010000 0x00000001
core   0: 0x8000a378 (0x0000bfe5) c.j     pc - 8
core   0: 3 0x8000a378 (0xbfe5)
core   0: 0x8000a370 (0x00006f17) auipc   t5, 0x6
core   0: 3 0x8000a370 (0x00006f17) x30 0x80010370
core   0: 0x8000a374 (0xc83f2823) sw      gp, -880(t5)
core   0: 3 0x8000a374 (0xc83f2823) mem 0x80010000 0x00000001
core   0: 0x8000a378 (0x0000bfe5) c.j     pc - 8
core   0: 3 0x8000a378 (0xbfe5)
core   0: 0x8000a370 (0x00006f17) auipc   t5, 0x6
core   0: 3 0x8000a370 (0x00006f17) x30 0x80010370
core   0: 0x8000a374 (0xc83f2823) sw      gp, -880(t5)
core   0: 3 0x8000a374 (0xc83f2823) mem 0x80010000 0x00000001
core   0: 0x8000a378 (0x0000bfe5) c.j     pc - 8
core   0: 3 0x8000a378 (0xbfe5)
core   0: 0x8000a370 (0x00006f17) auipc   t5, 0x6
core   0: 3 0x8000a370 (0x00006f17) x30 0x80010370
core   0: 0x8000a374 (0xc83f2823) sw      gp, -880(t5)
core   0: 3 0x8000a374 (0xc83f2823) mem 0x80010000 0x00000001
core   0: 0x8000a378 (0x0000bfe5) c.j     pc - 8
core   0: 3 0x8000a378 (0xbfe5)
core   0: 0x8000a370 (0x00006f17) auipc   t5, 0x6
core   0: 3 0x8000a370 (0x00006f17) x30 0x80010370
core   0: 0x8000a374 (0xc83f2823) sw      gp, -880(t5)
core   0: 3 0x8000a374 (0xc83f2823) mem 0x80010000 0x00000001
core   0: 0x8000a378 (0x0000bfe5) c.j     pc - 8
core   0: 3 0x8000a378 (0xbfe5)
core   0: 0x8000a370 (0x00006f17) auipc   t5, 0x6
core   0: 3 0x8000a370 (0x00006f17) x30 0x80010370
core   0: 0x8000a374 (0xc83f2823) sw      gp, -880(t5)
core   0: 3 0x8000a374 (0xc83f2823) mem 0x80010000 0x00000001
core   0: 0x8000a378 (0x0000bfe5) c.j     pc - 8
core   0: 3 0x8000a378 (0xbfe5)
core   0: 0x8000a370 (0x00006f17) auipc   t5, 0x6
core   0: 3 0x8000a370 (0x00006f17) x30 0x80010370
core   0: 0x8000a374 (0xc83f2823) sw      gp, -880(t5)
core   0: 3 0x8000a374 (0xc83f2823) mem 0x80010000 0x00000001
core   0: 0x8000a378 (0x0000bfe5) c.j     pc - 8
core   0: 3 0x8000a378 (0xbfe5)
core   0: 0x8000a370 (0x00006f17) auipc   t5, 0x6
core   0: 3 0x8000a370 (0x00006f17) x30 0x80010370
core   0: 0x8000a374 (0xc83f2823) sw      gp, -880(t5)
core   0: 3 0x8000a374 (0xc83f2823) mem 0x80010000 0x00000001
core   0: 0x8000a378 (0x0000bfe5) c.j     pc - 8
core   0: 3 0x8000a378 (0xbfe5)
core   0: 0x8000a370 (0x00006f17) auipc   t5, 0x6
core   0: 3 0x8000a370 (0x00006f17) x30 0x80010370
core   0: 0x8000a374 (0xc83f2823) sw      gp, -880(t5)
core   0: 3 0x8000a374 (0xc83f2823) mem 0x80010000 0x00000001
core   0: 0x8000a378 (0x0000bfe5) c.j     pc - 8
core   0: 3 0x8000a378 (0xbfe5)
core   0: 0x8000a370 (0x00006f17) auipc   t5, 0x6
core   0: 3 0x8000a370 (0x00006f17) x30 0x80010370
core   0: 0x8000a374 (0xc83f2823) sw      gp, -880(t5)
core   0: 3 0x8000a374 (0xc83f2823) mem 0x80010000 0x00000001
core   0: 0x8000a378 (0x0000bfe5) c.j     pc - 8
core   0: 3 0x8000a378 (0xbfe5)
core   0: 0x8000a370 (0x00006f17) auipc   t5, 0x6
core   0: 3 0x8000a370 (0x00006f17) x30 0x80010370
core   0: 0x8000a374 (0xc83f2823) sw      gp, -880(t5)
core   0: 3 0x8000a374 (0xc83f2823) mem 0x80010000 0x00000001
core   0: 0x8000a378 (0x0000bfe5) c.j     pc - 8
core   0: 3 0x8000a378 (0xbfe5)
core   0: 0x8000a370 (0x00006f17) auipc   t5, 0x6
core   0: 3 0x8000a370 (0x00006f17) x30 0x80010370
core   0: 0x8000a374 (0xc83f2823) sw      gp, -880(t5)
core   0: 3 0x8000a374 (0xc83f2823) mem 0x80010000 0x00000001
core   0: 0x8000a378 (0x0000bfe5) c.j     pc - 8
core   0: 3 0x8000a378 (0xbfe5)
core   0: 0x8000a370 (0x00006f17) auipc   t5, 0x6
core   0: 3 0x8000a370 (0x00006f17) x30 0x80010370
core   0: 0x8000a374 (0xc83f2823) sw      gp, -880(t5)
core   0: 3 0x8000a374 (0xc83f2823) mem 0x80010000 0x00000001
core   0: 0x8000a378 (0x0000bfe5) c.j     pc - 8
core   0: 3 0x8000a378 (0xbfe5)
core   0: 0x8000a370 (0x00006f17) auipc   t5, 0x6
core   0: 3 0x8000a370 (0x00006f17) x30 0x80010370
core   0: 0x8000a374 (0xc83f2823) sw      gp, -880(t5)
core   0: 3 0x8000a374 (0xc83f2823) mem 0x80010000 0x00000001
core   0: 0x8000a378 (0x0000bfe5) c.j     pc - 8
core   0: 3 0x8000a378 (0xbfe5)
core   0: 0x8000a370 (0x00006f17) auipc   t5, 0x6
core   0: 3 0x8000a370 (0x00006f17) x30 0x80010370
core   0: 0x8000a374 (0xc83f2823) sw      gp, -880(t5)
core   0: 3 0x8000a374 (0xc83f2823) mem 0x80010000 0x00000001
core   0: 0x8000a378 (0x0000bfe5) c.j     pc - 8
core   0: 3 0x8000a378 (0xbfe5)
core   0: 0x8000a370 (0x00006f17) auipc   t5, 0x6
core   0: 3 0x8000a370 (0x00006f17) x30 0x80010370
core   0: 0x8000a374 (0xc83f2823) sw      gp, -880(t5)
core   0: 3 0x8000a374 (0xc83f2823) mem 0x80010000 0x00000001
core   0: 0x8000a378 (0x0000bfe5) c.j     pc - 8
core   0: 3 0x8000a378 (0xbfe5)
core   0: 0x8000a370 (0x00006f17) auipc   t5, 0x6
core   0: 3 0x8000a370 (0x00006f17) x30 0x80010370
core   0: 0x8000a374 (0xc83f2823) sw      gp, -880(t5)
core   0: 3 0x8000a374 (0xc83f2823) mem 0x80010000 0x00000001
core   0: 0x8000a378 (0x0000bfe5) c.j     pc - 8
core   0: 3 0x8000a378 (0xbfe5)
core   0: 0x8000a370 (0x00006f17) auipc   t5, 0x6
core   0: 3 0x8000a370 (0x00006f17) x30 0x80010370
core   0: 0x8000a374 (0xc83f2823) sw      gp, -880(t5)
core   0: 3 0x8000a374 (0xc83f2823) mem 0x80010000 0x00000001
core   0: 0x8000a378 (0x0000bfe5) c.j     pc - 8
core   0: 3 0x8000a378 (0xbfe5)
core   0: 0x8000a370 (0x00006f17) auipc   t5, 0x6
core   0: 3 0x8000a370 (0x00006f17) x30 0x80010370
core   0: 0x8000a374 (0xc83f2823) sw      gp, -880(t5)
core   0: 3 0x8000a374 (0xc83f2823) mem 0x80010000 0x00000001
core   0: 0x8000a378 (0x0000bfe5) c.j     pc - 8
core   0: 3 0x8000a378 (0xbfe5)
core   0: 0x8000a370 (0x00006f17) auipc   t5, 0x6
core   0: 3 0x8000a370 (0x00006f17) x30 0x80010370
core   0: 0x8000a374 (0xc83f2823) sw      gp, -880(t5)
core   0: 3 0x8000a374 (0xc83f2823) mem 0x80010000 0x00000001
core   0: 0x8000a378 (0x0000bfe5) c.j     pc - 8
core   0: 3 0x8000a378 (0xbfe5)
core   0: 0x8000a370 (0x00006f17) auipc   t5, 0x6
core   0: 3 0x8000a370 (0x00006f17) x30 0x80010370
core   0: 0x8000a374 (0xc83f2823) sw      gp, -880(t5)
core   0: 3 0x8000a374 (0xc83f2823) mem 0x80010000 0x00000001
core   0: 0x8000a378 (0x0000bfe5) c.j     pc - 8
core   0: 3 0x8000a378 (0xbfe5)
core   0: 0x8000a370 (0x00006f17) auipc   t5, 0x6
core   0: 3 0x8000a370 (0x00006f17) x30 0x80010370
core   0: 0x8000a374 (0xc83f2823) sw      gp, -880(t5)
core   0: 3 0x8000a374 (0xc83f2823) mem 0x80010000 0x00000001
core   0: 0x8000a378 (0x0000bfe5) c.j     pc - 8
core   0: 3 0x8000a378 (0xbfe5)
core   0: 0x8000a370 (0x00006f17) auipc   t5, 0x6
core   0: 3 0x8000a370 (0x00006f17) x30 0x80010370
core   0: 0x8000a374 (0xc83f2823) sw      gp, -880(t5)
core   0: 3 0x8000a374 (0xc83f2823) mem 0x80010000 0x00000001
core   0: 0x8000a378 (0x0000bfe5) c.j     pc - 8
core   0: 3 0x8000a378 (0xbfe5)
core   0: 0x8000a370 (0x00006f17) auipc   t5, 0x6
core   0: 3 0x8000a370 (0x00006f17) x30 0x80010370
core   0: 0x8000a374 (0xc83f2823) sw      gp, -880(t5)
core   0: 3 0x8000a374 (0xc83f2823) mem 0x80010000 0x00000001
core   0: 0x8000a378 (0x0000bfe5) c.j     pc - 8
core   0: 3 0x8000a378 (0xbfe5)
core   0: 0x8000a370 (0x00006f17) auipc   t5, 0x6
core   0: 3 0x8000a370 (0x00006f17) x30 0x80010370
core   0: 0x8000a374 (0xc83f2823) sw      gp, -880(t5)
core   0: 3 0x8000a374 (0xc83f2823) mem 0x80010000 0x00000001
core   0: 0x8000a378 (0x0000bfe5) c.j     pc - 8
core   0: 3 0x8000a378 (0xbfe5)
core   0: 0x8000a370 (0x00006f17) auipc   t5, 0x6
core   0: 3 0x8000a370 (0x00006f17) x30 0x80010370
core   0: 0x8000a374 (0xc83f2823) sw      gp, -880(t5)
core   0: 3 0x8000a374 (0xc83f2823) mem 0x80010000 0x00000001
core   0: 0x8000a378 (0x0000bfe5) c.j     pc - 8
core   0: 3 0x8000a378 (0xbfe5)
core   0: 0x8000a370 (0x00006f17) auipc   t5, 0x6
core   0: 3 0x8000a370 (0x00006f17) x30 0x80010370
core   0: 0x8000a374 (0xc83f2823) sw      gp, -880(t5)
core   0: 3 0x8000a374 (0xc83f2823) mem 0x80010000 0x00000001
core   0: 0x8000a378 (0x0000bfe5) c.j     pc - 8
core   0: 3 0x8000a378 (0xbfe5)
core   0: 0x8000a370 (0x00006f17) auipc   t5, 0x6
core   0: 3 0x8000a370 (0x00006f17) x30 0x80010370
core   0: 0x8000a374 (0xc83f2823) sw      gp, -880(t5)
core   0: 3 0x8000a374 (0xc83f2823) mem 0x80010000 0x00000001
core   0: 0x8000a378 (0x0000bfe5) c.j     pc - 8
core   0: 3 0x8000a378 (0xbfe5)
core   0: 0x8000a370 (0x00006f17) auipc   t5, 0x6
core   0: 3 0x8000a370 (0x00006f17) x30 0x80010370
core   0: 0x8000a374 (0xc83f2823) sw      gp, -880(t5)
core   0: 3 0x8000a374 (0xc83f2823) mem 0x80010000 0x00000001
core   0: 0x8000a378 (0x0000bfe5) c.j     pc - 8
core   0: 3 0x8000a378 (0xbfe5)
core   0: 0x8000a370 (0x00006f17) auipc   t5, 0x6
core   0: 3 0x8000a370 (0x00006f17) x30 0x80010370
core   0: 0x8000a374 (0xc83f2823) sw      gp, -880(t5)
core   0: 3 0x8000a374 (0xc83f2823) mem 0x80010000 0x00000001
core   0: 0x8000a378 (0x0000bfe5) c.j     pc - 8
core   0: 3 0x8000a378 (0xbfe5)
core   0: 0x8000a370 (0x00006f17) auipc   t5, 0x6
core   0: 3 0x8000a370 (0x00006f17) x30 0x80010370
core   0: 0x8000a374 (0xc83f2823) sw      gp, -880(t5)
core   0: 3 0x8000a374 (0xc83f2823) mem 0x80010000 0x00000001
core   0: 0x8000a378 (0x0000bfe5) c.j     pc - 8
core   0: 3 0x8000a378 (0xbfe5)
core   0: 0x8000a370 (0x00006f17) auipc   t5, 0x6
core   0: 3 0x8000a370 (0x00006f17) x30 0x80010370
core   0: 0x8000a374 (0xc83f2823) sw      gp, -880(t5)
core   0: 3 0x8000a374 (0xc83f2823) mem 0x80010000 0x00000001
core   0: 0x8000a378 (0x0000bfe5) c.j     pc - 8
core   0: 3 0x8000a378 (0xbfe5)
core   0: 0x8000a370 (0x00006f17) auipc   t5, 0x6
core   0: 3 0x8000a370 (0x00006f17) x30 0x80010370
core   0: 0x8000a374 (0xc83f2823) sw      gp, -880(t5)
core   0: 3 0x8000a374 (0xc83f2823) mem 0x80010000 0x00000001
core   0: 0x8000a378 (0x0000bfe5) c.j     pc - 8
core   0: 3 0x8000a378 (0xbfe5)
core   0: 0x8000a370 (0x00006f17) auipc   t5, 0x6
core   0: 3 0x8000a370 (0x00006f17) x30 0x80010370
core   0: 0x8000a374 (0xc83f2823) sw      gp, -880(t5)
core   0: 3 0x8000a374 (0xc83f2823) mem 0x80010000 0x00000001
core   0: 0x8000a378 (0x0000bfe5) c.j     pc - 8
core   0: 3 0x8000a378 (0xbfe5)
core   0: 0x8000a370 (0x00006f17) auipc   t5, 0x6
core   0: 3 0x8000a370 (0x00006f17) x30 0x80010370
core   0: 0x8000a374 (0xc83f2823) sw      gp, -880(t5)
core   0: 3 0x8000a374 (0xc83f2823) mem 0x80010000 0x00000001
core   0: 0x8000a378 (0x0000bfe5) c.j     pc - 8
core   0: 3 0x8000a378 (0xbfe5)
core   0: 0x8000a370 (0x00006f17) auipc   t5, 0x6
core   0: 3 0x8000a370 (0x00006f17) x30 0x80010370
core   0: 0x8000a374 (0xc83f2823) sw      gp, -880(t5)
core   0: 3 0x8000a374 (0xc83f2823) mem 0x80010000 0x00000001
core   0: 0x8000a378 (0x0000bfe5) c.j     pc - 8
core   0: 3 0x8000a378 (0xbfe5)
core   0: 0x8000a370 (0x00006f17) auipc   t5, 0x6
core   0: 3 0x8000a370 (0x00006f17) x30 0x80010370
core   0: 0x8000a374 (0xc83f2823) sw      gp, -880(t5)
core   0: 3 0x8000a374 (0xc83f2823) mem 0x80010000 0x00000001
core   0: 0x8000a378 (0x0000bfe5) c.j     pc - 8
core   0: 3 0x8000a378 (0xbfe5)
core   0: 0x8000a370 (0x00006f17) auipc   t5, 0x6
core   0: 3 0x8000a370 (0x00006f17) x30 0x80010370
core   0: 0x8000a374 (0xc83f2823) sw      gp, -880(t5)
core   0: 3 0x8000a374 (0xc83f2823) mem 0x80010000 0x00000001
core   0: 0x8000a378 (0x0000bfe5) c.j     pc - 8
core   0: 3 0x8000a378 (0xbfe5)
core   0: 0x8000a370 (0x00006f17) auipc   t5, 0x6
core   0: 3 0x8000a370 (0x00006f17) x30 0x80010370
core   0: 0x8000a374 (0xc83f2823) sw      gp, -880(t5)
core   0: 3 0x8000a374 (0xc83f2823) mem 0x80010000 0x00000001
core   0: 0x8000a378 (0x0000bfe5) c.j     pc - 8
core   0: 3 0x8000a378 (0xbfe5)
core   0: 0x8000a370 (0x00006f17) auipc   t5, 0x6
core   0: 3 0x8000a370 (0x00006f17) x30 0x80010370
core   0: 0x8000a374 (0xc83f2823) sw      gp, -880(t5)
core   0: 3 0x8000a374 (0xc83f2823) mem 0x80010000 0x00000001
core   0: 0x8000a378 (0x0000bfe5) c.j     pc - 8
core   0: 3 0x8000a378 (0xbfe5)
core   0: 0x8000a370 (0x00006f17) auipc   t5, 0x6
core   0: 3 0x8000a370 (0x00006f17) x30 0x80010370
core   0: 0x8000a374 (0xc83f2823) sw      gp, -880(t5)
core   0: 3 0x8000a374 (0xc83f2823) mem 0x80010000 0x00000001
core   0: 0x8000a378 (0x0000bfe5) c.j     pc - 8
core   0: 3 0x8000a378 (0xbfe5)
core   0: 0x8000a370 (0x00006f17) auipc   t5, 0x6
core   0: 3 0x8000a370 (0x00006f17) x30 0x80010370
core   0: 0x8000a374 (0xc83f2823) sw      gp, -880(t5)
core   0: 3 0x8000a374 (0xc83f2823) mem 0x80010000 0x00000001
core   0: 0x8000a378 (0x0000bfe5) c.j     pc - 8
core   0: 3 0x8000a378 (0xbfe5)
core   0: 0x8000a370 (0x00006f17) auipc   t5, 0x6
core   0: 3 0x8000a370 (0x00006f17) x30 0x80010370
core   0: 0x8000a374 (0xc83f2823) sw      gp, -880(t5)
core   0: 3 0x8000a374 (0xc83f2823) mem 0x80010000 0x00000001
core   0: 0x8000a378 (0x0000bfe5) c.j     pc - 8
core   0: 3 0x8000a378 (0xbfe5)
core   0: 0x8000a370 (0x00006f17) auipc   t5, 0x6
core   0: 3 0x8000a370 (0x00006f17) x30 0x80010370
core   0: 0x8000a374 (0xc83f2823) sw      gp, -880(t5)
core   0: 3 0x8000a374 (0xc83f2823) mem 0x80010000 0x00000001
core   0: 0x8000a378 (0x0000bfe5) c.j     pc - 8
core   0: 3 0x8000a378 (0xbfe5)
core   0: 0x8000a370 (0x00006f17) auipc   t5, 0x6
core   0: 3 0x8000a370 (0x00006f17) x30 0x80010370
core   0: 0x8000a374 (0xc83f2823) sw      gp, -880(t5)
core   0: 3 0x8000a374 (0xc83f2823) mem 0x80010000 0x00000001
core   0: 0x8000a378 (0x0000bfe5) c.j     pc - 8
core   0: 3 0x8000a378 (0xbfe5)
core   0: 0x8000a370 (0x00006f17) auipc   t5, 0x6
core   0: 3 0x8000a370 (0x00006f17) x30 0x80010370
core   0: 0x8000a374 (0xc83f2823) sw      gp, -880(t5)
core   0: 3 0x8000a374 (0xc83f2823) mem 0x80010000 0x00000001
core   0: 0x8000a378 (0x0000bfe5) c.j     pc - 8
core   0: 3 0x8000a378 (0xbfe5)
core   0: 0x8000a370 (0x00006f17) auipc   t5, 0x6
core   0: 3 0x8000a370 (0x00006f17) x30 0x80010370
core   0: 0x8000a374 (0xc83f2823) sw      gp, -880(t5)
core   0: 3 0x8000a374 (0xc83f2823) mem 0x80010000 0x00000001
core   0: 0x8000a378 (0x0000bfe5) c.j     pc - 8
core   0: 3 0x8000a378 (0xbfe5)
core   0: 0x8000a370 (0x00006f17) auipc   t5, 0x6
core   0: 3 0x8000a370 (0x00006f17) x30 0x80010370
core   0: 0x8000a374 (0xc83f2823) sw      gp, -880(t5)
core   0: 3 0x8000a374 (0xc83f2823) mem 0x80010000 0x00000001
core   0: 0x8000a378 (0x0000bfe5) c.j     pc - 8
core   0: 3 0x8000a378 (0xbfe5)
core   0: 0x8000a370 (0x00006f17) auipc   t5, 0x6
core   0: 3 0x8000a370 (0x00006f17) x30 0x80010370
core   0: 0x8000a374 (0xc83f2823) sw      gp, -880(t5)
core   0: 3 0x8000a374 (0xc83f2823) mem 0x80010000 0x00000001
core   0: 0x8000a378 (0x0000bfe5) c.j     pc - 8
core   0: 3 0x8000a378 (0xbfe5)
core   0: 0x8000a370 (0x00006f17) auipc   t5, 0x6
core   0: 3 0x8000a370 (0x00006f17) x30 0x80010370
core   0: 0x8000a374 (0xc83f2823) sw      gp, -880(t5)
core   0: 3 0x8000a374 (0xc83f2823) mem 0x80010000 0x00000001
core   0: 0x8000a378 (0x0000bfe5) c.j     pc - 8
core   0: 3 0x8000a378 (0xbfe5)
core   0: 0x8000a370 (0x00006f17) auipc   t5, 0x6
core   0: 3 0x8000a370 (0x00006f17) x30 0x80010370
core   0: 0x8000a374 (0xc83f2823) sw      gp, -880(t5)
core   0: 3 0x8000a374 (0xc83f2823) mem 0x80010000 0x00000001
core   0: 0x8000a378 (0x0000bfe5) c.j     pc - 8
core   0: 3 0x8000a378 (0xbfe5)
core   0: 0x8000a370 (0x00006f17) auipc   t5, 0x6
core   0: 3 0x8000a370 (0x00006f17) x30 0x80010370
core   0: 0x8000a374 (0xc83f2823) sw      gp, -880(t5)
core   0: 3 0x8000a374 (0xc83f2823) mem 0x80010000 0x00000001
core   0: 0x8000a378 (0x0000bfe5) c.j     pc - 8
core   0: 3 0x8000a378 (0xbfe5)
core   0: 0x8000a370 (0x00006f17) auipc   t5, 0x6
core   0: 3 0x8000a370 (0x00006f17) x30 0x80010370
core   0: 0x8000a374 (0xc83f2823) sw      gp, -880(t5)
core   0: 3 0x8000a374 (0xc83f2823) mem 0x80010000 0x00000001
core   0: 0x8000a378 (0x0000bfe5) c.j     pc - 8
core   0: 3 0x8000a378 (0xbfe5)
core   0: 0x8000a370 (0x00006f17) auipc   t5, 0x6
core   0: 3 0x8000a370 (0x00006f17) x30 0x80010370
core   0: 0x8000a374 (0xc83f2823) sw      gp, -880(t5)
core   0: 3 0x8000a374 (0xc83f2823) mem 0x80010000 0x00000001
core   0: 0x8000a378 (0x0000bfe5) c.j     pc - 8
core   0: 3 0x8000a378 (0xbfe5)
core   0: 0x8000a370 (0x00006f17) auipc   t5, 0x6
core   0: 3 0x8000a370 (0x00006f17) x30 0x80010370
core   0: 0x8000a374 (0xc83f2823) sw      gp, -880(t5)
core   0: 3 0x8000a374 (0xc83f2823) mem 0x80010000 0x00000001
core   0: 0x8000a378 (0x0000bfe5) c.j     pc - 8
core   0: 3 0x8000a378 (0xbfe5)
core   0: 0x8000a370 (0x00006f17) auipc   t5, 0x6
core   0: 3 0x8000a370 (0x00006f17) x30 0x80010370
core   0: 0x8000a374 (0xc83f2823) sw      gp, -880(t5)
core   0: 3 0x8000a374 (0xc83f2823) mem 0x80010000 0x00000001
core   0: 0x8000a378 (0x0000bfe5) c.j     pc - 8
core   0: 3 0x8000a378 (0xbfe5)
core   0: 0x8000a370 (0x00006f17) auipc   t5, 0x6
core   0: 3 0x8000a370 (0x00006f17) x30 0x80010370
core   0: 0x8000a374 (0xc83f2823) sw      gp, -880(t5)
core   0: 3 0x8000a374 (0xc83f2823) mem 0x80010000 0x00000001
core   0: 0x8000a378 (0x0000bfe5) c.j     pc - 8
core   0: 3 0x8000a378 (0xbfe5)
core   0: 0x8000a370 (0x00006f17) auipc   t5, 0x6
core   0: 3 0x8000a370 (0x00006f17) x30 0x80010370
core   0: 0x8000a374 (0xc83f2823) sw      gp, -880(t5)
core   0: 3 0x8000a374 (0xc83f2823) mem 0x80010000 0x00000001
core   0: 0x8000a378 (0x0000bfe5) c.j     pc - 8
core   0: 3 0x8000a378 (0xbfe5)
core   0: 0x8000a370 (0x00006f17) auipc   t5, 0x6
core   0: 3 0x8000a370 (0x00006f17) x30 0x80010370
core   0: 0x8000a374 (0xc83f2823) sw      gp, -880(t5)
core   0: 3 0x8000a374 (0xc83f2823) mem 0x80010000 0x00000001
core   0: 0x8000a378 (0x0000bfe5) c.j     pc - 8
core   0: 3 0x8000a378 (0xbfe5)
core   0: 0x8000a370 (0x00006f17) auipc   t5, 0x6
core   0: 3 0x8000a370 (0x00006f17) x30 0x80010370
core   0: 0x8000a374 (0xc83f2823) sw      gp, -880(t5)
core   0: 3 0x8000a374 (0xc83f2823) mem 0x80010000 0x00000001
core   0: 0x8000a378 (0x0000bfe5) c.j     pc - 8
core   0: 3 0x8000a378 (0xbfe5)
core   0: 0x8000a370 (0x00006f17) auipc   t5, 0x6
core   0: 3 0x8000a370 (0x00006f17) x30 0x80010370
core   0: 0x8000a374 (0xc83f2823) sw      gp, -880(t5)
core   0: 3 0x8000a374 (0xc83f2823) mem 0x80010000 0x00000001
core   0: 0x8000a378 (0x0000bfe5) c.j     pc - 8
core   0: 3 0x8000a378 (0xbfe5)
core   0: 0x8000a370 (0x00006f17) auipc   t5, 0x6
core   0: 3 0x8000a370 (0x00006f17) x30 0x80010370
core   0: 0x8000a374 (0xc83f2823) sw      gp, -880(t5)
core   0: 3 0x8000a374 (0xc83f2823) mem 0x80010000 0x00000001
core   0: 0x8000a378 (0x0000bfe5) c.j     pc - 8
core   0: 3 0x8000a378 (0xbfe5)
core   0: 0x8000a370 (0x00006f17) auipc   t5, 0x6
core   0: 3 0x8000a370 (0x00006f17) x30 0x80010370
core   0: 0x8000a374 (0xc83f2823) sw      gp, -880(t5)
core   0: 3 0x8000a374 (0xc83f2823) mem 0x80010000 0x00000001
core   0: 0x8000a378 (0x0000bfe5) c.j     pc - 8
core   0: 3 0x8000a378 (0xbfe5)
core   0: 0x8000a370 (0x00006f17) auipc   t5, 0x6
core   0: 3 0x8000a370 (0x00006f17) x30 0x80010370
core   0: 0x8000a374 (0xc83f2823) sw      gp, -880(t5)
core   0: 3 0x8000a374 (0xc83f2823) mem 0x80010000 0x00000001
core   0: 0x8000a378 (0x0000bfe5) c.j     pc - 8
core   0: 3 0x8000a378 (0xbfe5)
core   0: 0x8000a370 (0x00006f17) auipc   t5, 0x6
core   0: 3 0x8000a370 (0x00006f17) x30 0x80010370
core   0: 0x8000a374 (0xc83f2823) sw      gp, -880(t5)
core   0: 3 0x8000a374 (0xc83f2823) mem 0x80010000 0x00000001
core   0: 0x8000a378 (0x0000bfe5) c.j     pc - 8
core   0: 3 0x8000a378 (0xbfe5)
core   0: 0x8000a370 (0x00006f17) auipc   t5, 0x6
core   0: 3 0x8000a370 (0x00006f17) x30 0x80010370
core   0: 0x8000a374 (0xc83f2823) sw      gp, -880(t5)
core   0: 3 0x8000a374 (0xc83f2823) mem 0x80010000 0x00000001
core   0: 0x8000a378 (0x0000bfe5) c.j     pc - 8
core   0: 3 0x8000a378 (0xbfe5)
core   0: 0x8000a370 (0x00006f17) auipc   t5, 0x6
core   0: 3 0x8000a370 (0x00006f17) x30 0x80010370
core   0: 0x8000a374 (0xc83f2823) sw      gp, -880(t5)
core   0: 3 0x8000a374 (0xc83f2823) mem 0x80010000 0x00000001
core   0: 0x8000a378 (0x0000bfe5) c.j     pc - 8
core   0: 3 0x8000a378 (0xbfe5)
core   0: 0x8000a370 (0x00006f17) auipc   t5, 0x6
core   0: 3 0x8000a370 (0x00006f17) x30 0x80010370
core   0: 0x8000a374 (0xc83f2823) sw      gp, -880(t5)
core   0: 3 0x8000a374 (0xc83f2823) mem 0x80010000 0x00000001
core   0: 0x8000a378 (0x0000bfe5) c.j     pc - 8
core   0: 3 0x8000a378 (0xbfe5)
core   0: 0x8000a370 (0x00006f17) auipc   t5, 0x6
core   0: 3 0x8000a370 (0x00006f17) x30 0x80010370
core   0: 0x8000a374 (0xc83f2823) sw      gp, -880(t5)
core   0: 3 0x8000a374 (0xc83f2823) mem 0x80010000 0x00000001
core   0: 0x8000a378 (0x0000bfe5) c.j     pc - 8
core   0: 3 0x8000a378 (0xbfe5)
core   0: 0x8000a370 (0x00006f17) auipc   t5, 0x6
core   0: 3 0x8000a370 (0x00006f17) x30 0x80010370
core   0: 0x8000a374 (0xc83f2823) sw      gp, -880(t5)
core   0: 3 0x8000a374 (0xc83f2823) mem 0x80010000 0x00000001
core   0: 0x8000a378 (0x0000bfe5) c.j     pc - 8
core   0: 3 0x8000a378 (0xbfe5)
core   0: 0x8000a370 (0x00006f17) auipc   t5, 0x6
core   0: 3 0x8000a370 (0x00006f17) x30 0x80010370
core   0: 0x8000a374 (0xc83f2823) sw      gp, -880(t5)
core   0: 3 0x8000a374 (0xc83f2823) mem 0x80010000 0x00000001
core   0: 0x8000a378 (0x0000bfe5) c.j     pc - 8
core   0: 3 0x8000a378 (0xbfe5)
core   0: 0x8000a370 (0x00006f17) auipc   t5, 0x6
core   0: 3 0x8000a370 (0x00006f17) x30 0x80010370
core   0: 0x8000a374 (0xc83f2823) sw      gp, -880(t5)
core   0: 3 0x8000a374 (0xc83f2823) mem 0x80010000 0x00000001
core   0: 0x8000a378 (0x0000bfe5) c.j     pc - 8
core   0: 3 0x8000a378 (0xbfe5)
core   0: 0x8000a370 (0x00006f17) auipc   t5, 0x6
core   0: 3 0x8000a370 (0x00006f17) x30 0x80010370
core   0: 0x8000a374 (0xc83f2823) sw      gp, -880(t5)
core   0: 3 0x8000a374 (0xc83f2823) mem 0x80010000 0x00000001
core   0: 0x8000a378 (0x0000bfe5) c.j     pc - 8
core   0: 3 0x8000a378 (0xbfe5)
core   0: 0x8000a370 (0x00006f17) auipc   t5, 0x6
core   0: 3 0x8000a370 (0x00006f17) x30 0x80010370
core   0: 0x8000a374 (0xc83f2823) sw      gp, -880(t5)
core   0: 3 0x8000a374 (0xc83f2823) mem 0x80010000 0x00000001
core   0: 0x8000a378 (0x0000bfe5) c.j     pc - 8
core   0: 3 0x8000a378 (0xbfe5)
core   0: 0x8000a370 (0x00006f17) auipc   t5, 0x6
core   0: 3 0x8000a370 (0x00006f17) x30 0x80010370
core   0: 0x8000a374 (0xc83f2823) sw      gp, -880(t5)
core   0: 3 0x8000a374 (0xc83f2823) mem 0x80010000 0x00000001
core   0: 0x8000a378 (0x0000bfe5) c.j     pc - 8
core   0: 3 0x8000a378 (0xbfe5)
core   0: 0x8000a370 (0x00006f17) auipc   t5, 0x6
core   0: 3 0x8000a370 (0x00006f17) x30 0x80010370
core   0: 0x8000a374 (0xc83f2823) sw      gp, -880(t5)
core   0: 3 0x8000a374 (0xc83f2823) mem 0x80010000 0x00000001
core   0: 0x8000a378 (0x0000bfe5) c.j     pc - 8
core   0: 3 0x8000a378 (0xbfe5)
core   0: 0x8000a370 (0x00006f17) auipc   t5, 0x6
core   0: 3 0x8000a370 (0x00006f17) x30 0x80010370
core   0: 0x8000a374 (0xc83f2823) sw      gp, -880(t5)
core   0: 3 0x8000a374 (0xc83f2823) mem 0x80010000 0x00000001
core   0: 0x8000a378 (0x0000bfe5) c.j     pc - 8
core   0: 3 0x8000a378 (0xbfe5)
core   0: 0x8000a370 (0x00006f17) auipc   t5, 0x6
core   0: 3 0x8000a370 (0x00006f17) x30 0x80010370
core   0: 0x8000a374 (0xc83f2823) sw      gp, -880(t5)
core   0: 3 0x8000a374 (0xc83f2823) mem 0x80010000 0x00000001
core   0: 0x8000a378 (0x0000bfe5) c.j     pc - 8
core   0: 3 0x8000a378 (0xbfe5)
core   0: 0x8000a370 (0x00006f17) auipc   t5, 0x6
core   0: 3 0x8000a370 (0x00006f17) x30 0x80010370
core   0: 0x8000a374 (0xc83f2823) sw      gp, -880(t5)
core   0: 3 0x8000a374 (0xc83f2823) mem 0x80010000 0x00000001
core   0: 0x8000a378 (0x0000bfe5) c.j     pc - 8
core   0: 3 0x8000a378 (0xbfe5)
core   0: 0x8000a370 (0x00006f17) auipc   t5, 0x6
core   0: 3 0x8000a370 (0x00006f17) x30 0x80010370
core   0: 0x8000a374 (0xc83f2823) sw      gp, -880(t5)
core   0: 3 0x8000a374 (0xc83f2823) mem 0x80010000 0x00000001
core   0: 0x8000a378 (0x0000bfe5) c.j     pc - 8
core   0: 3 0x8000a378 (0xbfe5)
core   0: 0x8000a370 (0x00006f17) auipc   t5, 0x6
core   0: 3 0x8000a370 (0x00006f17) x30 0x80010370
core   0: 0x8000a374 (0xc83f2823) sw      gp, -880(t5)
core   0: 3 0x8000a374 (0xc83f2823) mem 0x80010000 0x00000001
core   0: 0x8000a378 (0x0000bfe5) c.j     pc - 8
core   0: 3 0x8000a378 (0xbfe5)
core   0: 0x8000a370 (0x00006f17) auipc   t5, 0x6
core   0: 3 0x8000a370 (0x00006f17) x30 0x80010370
core   0: 0x8000a374 (0xc83f2823) sw      gp, -880(t5)
core   0: 3 0x8000a374 (0xc83f2823) mem 0x80010000 0x00000001
core   0: 0x8000a378 (0x0000bfe5) c.j     pc - 8
core   0: 3 0x8000a378 (0xbfe5)
core   0: 0x8000a370 (0x00006f17) auipc   t5, 0x6
core   0: 3 0x8000a370 (0x00006f17) x30 0x80010370
core   0: 0x8000a374 (0xc83f2823) sw      gp, -880(t5)
core   0: 3 0x8000a374 (0xc83f2823) mem 0x80010000 0x00000001
core   0: 0x8000a378 (0x0000bfe5) c.j     pc - 8
core   0: 3 0x8000a378 (0xbfe5)
core   0: 0x8000a370 (0x00006f17) auipc   t5, 0x6
core   0: 3 0x8000a370 (0x00006f17) x30 0x80010370
core   0: 0x8000a374 (0xc83f2823) sw      gp, -880(t5)
core   0: 3 0x8000a374 (0xc83f2823) mem 0x80010000 0x00000001
core   0: 0x8000a378 (0x0000bfe5) c.j     pc - 8
core   0: 3 0x8000a378 (0xbfe5)
core   0: 0x8000a370 (0x00006f17) auipc   t5, 0x6
core   0: 3 0x8000a370 (0x00006f17) x30 0x80010370
core   0: 0x8000a374 (0xc83f2823) sw      gp, -880(t5)
core   0: 3 0x8000a374 (0xc83f2823) mem 0x80010000 0x00000001
core   0: 0x8000a378 (0x0000bfe5) c.j     pc - 8
core   0: 3 0x8000a378 (0xbfe5)
core   0: 0x8000a370 (0x00006f17) auipc   t5, 0x6
core   0: 3 0x8000a370 (0x00006f17) x30 0x80010370
core   0: 0x8000a374 (0xc83f2823) sw      gp, -880(t5)
core   0: 3 0x8000a374 (0xc83f2823) mem 0x80010000 0x00000001
core   0: 0x8000a378 (0x0000bfe5) c.j     pc - 8
core   0: 3 0x8000a378 (0xbfe5)
core   0: 0x8000a370 (0x00006f17) auipc   t5, 0x6
core   0: 3 0x8000a370 (0x00006f17) x30 0x80010370
core   0: 0x8000a374 (0xc83f2823) sw      gp, -880(t5)
core   0: 3 0x8000a374 (0xc83f2823) mem 0x80010000 0x00000001
core   0: 0x8000a378 (0x0000bfe5) c.j     pc - 8
core   0: 3 0x8000a378 (0xbfe5)
core   0: 0x8000a370 (0x00006f17) auipc   t5, 0x6
core   0: 3 0x8000a370 (0x00006f17) x30 0x80010370
core   0: 0x8000a374 (0xc83f2823) sw      gp, -880(t5)
core   0: 3 0x8000a374 (0xc83f2823) mem 0x80010000 0x00000001
core   0: 0x8000a378 (0x0000bfe5) c.j     pc - 8
core   0: 3 0x8000a378 (0xbfe5)
core   0: 0x8000a370 (0x00006f17) auipc   t5, 0x6
core   0: 3 0x8000a370 (0x00006f17) x30 0x80010370
core   0: 0x8000a374 (0xc83f2823) sw      gp, -880(t5)
core   0: 3 0x8000a374 (0xc83f2823) mem 0x80010000 0x00000001
core   0: 0x8000a378 (0x0000bfe5) c.j     pc - 8
core   0: 3 0x8000a378 (0xbfe5)
core   0: 0x8000a370 (0x00006f17) auipc   t5, 0x6
core   0: 3 0x8000a370 (0x00006f17) x30 0x80010370
core   0: 0x8000a374 (0xc83f2823) sw      gp, -880(t5)
core   0: 3 0x8000a374 (0xc83f2823) mem 0x80010000 0x00000001
core   0: 0x8000a378 (0x0000bfe5) c.j     pc - 8
core   0: 3 0x8000a378 (0xbfe5)
core   0: 0x8000a370 (0x00006f17) auipc   t5, 0x6
core   0: 3 0x8000a370 (0x00006f17) x30 0x80010370
core   0: 0x8000a374 (0xc83f2823) sw      gp, -880(t5)
core   0: 3 0x8000a374 (0xc83f2823) mem 0x80010000 0x00000001
core   0: 0x8000a378 (0x0000bfe5) c.j     pc - 8
core   0: 3 0x8000a378 (0xbfe5)
core   0: 0x8000a370 (0x00006f17) auipc   t5, 0x6
core   0: 3 0x8000a370 (0x00006f17) x30 0x80010370
core   0: 0x8000a374 (0xc83f2823) sw      gp, -880(t5)
core   0: 3 0x8000a374 (0xc83f2823) mem 0x80010000 0x00000001
core   0: 0x8000a378 (0x0000bfe5) c.j     pc - 8
core   0: 3 0x8000a378 (0xbfe5)
core   0: 0x8000a370 (0x00006f17) auipc   t5, 0x6
core   0: 3 0x8000a370 (0x00006f17) x30 0x80010370
core   0: 0x8000a374 (0xc83f2823) sw      gp, -880(t5)
core   0: 3 0x8000a374 (0xc83f2823) mem 0x80010000 0x00000001
core   0: 0x8000a378 (0x0000bfe5) c.j     pc - 8
core   0: 3 0x8000a378 (0xbfe5)
core   0: 0x8000a370 (0x00006f17) auipc   t5, 0x6
core   0: 3 0x8000a370 (0x00006f17) x30 0x80010370
core   0: 0x8000a374 (0xc83f2823) sw      gp, -880(t5)
core   0: 3 0x8000a374 (0xc83f2823) mem 0x80010000 0x00000001
core   0: 0x8000a378 (0x0000bfe5) c.j     pc - 8
core   0: 3 0x8000a378 (0xbfe5)
core   0: 0x8000a370 (0x00006f17) auipc   t5, 0x6
core   0: 3 0x8000a370 (0x00006f17) x30 0x80010370
core   0: 0x8000a374 (0xc83f2823) sw      gp, -880(t5)
core   0: 3 0x8000a374 (0xc83f2823) mem 0x80010000 0x00000001
core   0: 0x8000a378 (0x0000bfe5) c.j     pc - 8
core   0: 3 0x8000a378 (0xbfe5)
core   0: 0x8000a370 (0x00006f17) auipc   t5, 0x6
core   0: 3 0x8000a370 (0x00006f17) x30 0x80010370
core   0: 0x8000a374 (0xc83f2823) sw      gp, -880(t5)
core   0: 3 0x8000a374 (0xc83f2823) mem 0x80010000 0x00000001
core   0: 0x8000a378 (0x0000bfe5) c.j     pc - 8
core   0: 3 0x8000a378 (0xbfe5)
core   0: 0x8000a370 (0x00006f17) auipc   t5, 0x6
core   0: 3 0x8000a370 (0x00006f17) x30 0x80010370
core   0: 0x8000a374 (0xc83f2823) sw      gp, -880(t5)
core   0: 3 0x8000a374 (0xc83f2823) mem 0x80010000 0x00000001
core   0: 0x8000a378 (0x0000bfe5) c.j     pc - 8
core   0: 3 0x8000a378 (0xbfe5)
core   0: 0x8000a370 (0x00006f17) auipc   t5, 0x6
core   0: 3 0x8000a370 (0x00006f17) x30 0x80010370
core   0: 0x8000a374 (0xc83f2823) sw      gp, -880(t5)
core   0: 3 0x8000a374 (0xc83f2823) mem 0x80010000 0x00000001
core   0: 0x8000a378 (0x0000bfe5) c.j     pc - 8
core   0: 3 0x8000a378 (0xbfe5)
core   0: 0x8000a370 (0x00006f17) auipc   t5, 0x6
core   0: 3 0x8000a370 (0x00006f17) x30 0x80010370
core   0: 0x8000a374 (0xc83f2823) sw      gp, -880(t5)
core   0: 3 0x8000a374 (0xc83f2823) mem 0x80010000 0x00000001
core   0: 0x8000a378 (0x0000bfe5) c.j     pc - 8
core   0: 3 0x8000a378 (0xbfe5)
core   0: 0x8000a370 (0x00006f17) auipc   t5, 0x6
core   0: 3 0x8000a370 (0x00006f17) x30 0x80010370
core   0: 0x8000a374 (0xc83f2823) sw      gp, -880(t5)
core   0: 3 0x8000a374 (0xc83f2823) mem 0x80010000 0x00000001
core   0: 0x8000a378 (0x0000bfe5) c.j     pc - 8
core   0: 3 0x8000a378 (0xbfe5)
core   0: 0x8000a370 (0x00006f17) auipc   t5, 0x6
core   0: 3 0x8000a370 (0x00006f17) x30 0x80010370
core   0: 0x8000a374 (0xc83f2823) sw      gp, -880(t5)
core   0: 3 0x8000a374 (0xc83f2823) mem 0x80010000 0x00000001
core   0: 0x8000a378 (0x0000bfe5) c.j     pc - 8
core   0: 3 0x8000a378 (0xbfe5)
core   0: 0x8000a370 (0x00006f17) auipc   t5, 0x6
core   0: 3 0x8000a370 (0x00006f17) x30 0x80010370
core   0: 0x8000a374 (0xc83f2823) sw      gp, -880(t5)
core   0: 3 0x8000a374 (0xc83f2823) mem 0x80010000 0x00000001
core   0: 0x8000a378 (0x0000bfe5) c.j     pc - 8
core   0: 3 0x8000a378 (0xbfe5)
core   0: 0x8000a370 (0x00006f17) auipc   t5, 0x6
core   0: 3 0x8000a370 (0x00006f17) x30 0x80010370
core   0: 0x8000a374 (0xc83f2823) sw      gp, -880(t5)
core   0: 3 0x8000a374 (0xc83f2823) mem 0x80010000 0x00000001
core   0: 0x8000a378 (0x0000bfe5) c.j     pc - 8
core   0: 3 0x8000a378 (0xbfe5)
core   0: 0x8000a370 (0x00006f17) auipc   t5, 0x6
core   0: 3 0x8000a370 (0x00006f17) x30 0x80010370
core   0: 0x8000a374 (0xc83f2823) sw      gp, -880(t5)
core   0: 3 0x8000a374 (0xc83f2823) mem 0x80010000 0x00000001
core   0: 0x8000a378 (0x0000bfe5) c.j     pc - 8
core   0: 3 0x8000a378 (0xbfe5)
core   0: 0x8000a370 (0x00006f17) auipc   t5, 0x6
core   0: 3 0x8000a370 (0x00006f17) x30 0x80010370
core   0: 0x8000a374 (0xc83f2823) sw      gp, -880(t5)
core   0: 3 0x8000a374 (0xc83f2823) mem 0x80010000 0x00000001
core   0: 0x8000a378 (0x0000bfe5) c.j     pc - 8
core   0: 3 0x8000a378 (0xbfe5)
core   0: 0x8000a370 (0x00006f17) auipc   t5, 0x6
core   0: 3 0x8000a370 (0x00006f17) x30 0x80010370
core   0: 0x8000a374 (0xc83f2823) sw      gp, -880(t5)
core   0: 3 0x8000a374 (0xc83f2823) mem 0x80010000 0x00000001
core   0: 0x8000a378 (0x0000bfe5) c.j     pc - 8
core   0: 3 0x8000a378 (0xbfe5)
core   0: 0x8000a370 (0x00006f17) auipc   t5, 0x6
core   0: 3 0x8000a370 (0x00006f17) x30 0x80010370
core   0: 0x8000a374 (0xc83f2823) sw      gp, -880(t5)
core   0: 3 0x8000a374 (0xc83f2823) mem 0x80010000 0x00000001
core   0: 0x8000a378 (0x0000bfe5) c.j     pc - 8
core   0: 3 0x8000a378 (0xbfe5)
core   0: 0x8000a370 (0x00006f17) auipc   t5, 0x6
core   0: 3 0x8000a370 (0x00006f17) x30 0x80010370
core   0: 0x8000a374 (0xc83f2823) sw      gp, -880(t5)
core   0: 3 0x8000a374 (0xc83f2823) mem 0x80010000 0x00000001
core   0: 0x8000a378 (0x0000bfe5) c.j     pc - 8
core   0: 3 0x8000a378 (0xbfe5)
core   0: 0x8000a370 (0x00006f17) auipc   t5, 0x6
core   0: 3 0x8000a370 (0x00006f17) x30 0x80010370
core   0: 0x8000a374 (0xc83f2823) sw      gp, -880(t5)
core   0: 3 0x8000a374 (0xc83f2823) mem 0x80010000 0x00000001
core   0: 0x8000a378 (0x0000bfe5) c.j     pc - 8
core   0: 3 0x8000a378 (0xbfe5)
core   0: 0x8000a370 (0x00006f17) auipc   t5, 0x6
core   0: 3 0x8000a370 (0x00006f17) x30 0x80010370
core   0: 0x8000a374 (0xc83f2823) sw      gp, -880(t5)
core   0: 3 0x8000a374 (0xc83f2823) mem 0x80010000 0x00000001
core   0: 0x8000a378 (0x0000bfe5) c.j     pc - 8
core   0: 3 0x8000a378 (0xbfe5)
core   0: 0x8000a370 (0x00006f17) auipc   t5, 0x6
core   0: 3 0x8000a370 (0x00006f17) x30 0x80010370
core   0: 0x8000a374 (0xc83f2823) sw      gp, -880(t5)
core   0: 3 0x8000a374 (0xc83f2823) mem 0x80010000 0x00000001
core   0: 0x8000a378 (0x0000bfe5) c.j     pc - 8
core   0: 3 0x8000a378 (0xbfe5)
core   0: 0x8000a370 (0x00006f17) auipc   t5, 0x6
core   0: 3 0x8000a370 (0x00006f17) x30 0x80010370
core   0: 0x8000a374 (0xc83f2823) sw      gp, -880(t5)
core   0: 3 0x8000a374 (0xc83f2823) mem 0x80010000 0x00000001
core   0: 0x8000a378 (0x0000bfe5) c.j     pc - 8
core   0: 3 0x8000a378 (0xbfe5)
core   0: 0x8000a370 (0x00006f17) auipc   t5, 0x6
core   0: 3 0x8000a370 (0x00006f17) x30 0x80010370
core   0: 0x8000a374 (0xc83f2823) sw      gp, -880(t5)
core   0: 3 0x8000a374 (0xc83f2823) mem 0x80010000 0x00000001
core   0: 0x8000a378 (0x0000bfe5) c.j     pc - 8
core   0: 3 0x8000a378 (0xbfe5)
core   0: 0x8000a370 (0x00006f17) auipc   t5, 0x6
core   0: 3 0x8000a370 (0x00006f17) x30 0x80010370
core   0: 0x8000a374 (0xc83f2823) sw      gp, -880(t5)
core   0: 3 0x8000a374 (0xc83f2823) mem 0x80010000 0x00000001
core   0: 0x8000a378 (0x0000bfe5) c.j     pc - 8
core   0: 3 0x8000a378 (0xbfe5)
core   0: 0x8000a370 (0x00006f17) auipc   t5, 0x6
core   0: 3 0x8000a370 (0x00006f17) x30 0x80010370
core   0: 0x8000a374 (0xc83f2823) sw      gp, -880(t5)
core   0: 3 0x8000a374 (0xc83f2823) mem 0x80010000 0x00000001
core   0: 0x8000a378 (0x0000bfe5) c.j     pc - 8
core   0: 3 0x8000a378 (0xbfe5)
core   0: 0x8000a370 (0x00006f17) auipc   t5, 0x6
core   0: 3 0x8000a370 (0x00006f17) x30 0x80010370
core   0: 0x8000a374 (0xc83f2823) sw      gp, -880(t5)
core   0: 3 0x8000a374 (0xc83f2823) mem 0x80010000 0x00000001
core   0: 0x8000a378 (0x0000bfe5) c.j     pc - 8
core   0: 3 0x8000a378 (0xbfe5)
core   0: 0x8000a370 (0x00006f17) auipc   t5, 0x6
core   0: 3 0x8000a370 (0x00006f17) x30 0x80010370
core   0: 0x8000a374 (0xc83f2823) sw      gp, -880(t5)
core   0: 3 0x8000a374 (0xc83f2823) mem 0x80010000 0x00000001
core   0: 0x8000a378 (0x0000bfe5) c.j     pc - 8
core   0: 3 0x8000a378 (0xbfe5)
core   0: 0x8000a370 (0x00006f17) auipc   t5, 0x6
core   0: 3 0x8000a370 (0x00006f17) x30 0x80010370
core   0: 0x8000a374 (0xc83f2823) sw      gp, -880(t5)
core   0: 3 0x8000a374 (0xc83f2823) mem 0x80010000 0x00000001
core   0: 0x8000a378 (0x0000bfe5) c.j     pc - 8
core   0: 3 0x8000a378 (0xbfe5)
core   0: 0x8000a370 (0x00006f17) auipc   t5, 0x6
core   0: 3 0x8000a370 (0x00006f17) x30 0x80010370
core   0: 0x8000a374 (0xc83f2823) sw      gp, -880(t5)
core   0: 3 0x8000a374 (0xc83f2823) mem 0x80010000 0x00000001
core   0: 0x8000a378 (0x0000bfe5) c.j     pc - 8
core   0: 3 0x8000a378 (0xbfe5)
core   0: 0x8000a370 (0x00006f17) auipc   t5, 0x6
core   0: 3 0x8000a370 (0x00006f17) x30 0x80010370
core   0: 0x8000a374 (0xc83f2823) sw      gp, -880(t5)
core   0: 3 0x8000a374 (0xc83f2823) mem 0x80010000 0x00000001
core   0: 0x8000a378 (0x0000bfe5) c.j     pc - 8
core   0: 3 0x8000a378 (0xbfe5)
core   0: 0x8000a370 (0x00006f17) auipc   t5, 0x6
core   0: 3 0x8000a370 (0x00006f17) x30 0x80010370
core   0: 0x8000a374 (0xc83f2823) sw      gp, -880(t5)
core   0: 3 0x8000a374 (0xc83f2823) mem 0x80010000 0x00000001
core   0: 0x8000a378 (0x0000bfe5) c.j     pc - 8
core   0: 3 0x8000a378 (0xbfe5)
core   0: 0x8000a370 (0x00006f17) auipc   t5, 0x6
core   0: 3 0x8000a370 (0x00006f17) x30 0x80010370
core   0: 0x8000a374 (0xc83f2823) sw      gp, -880(t5)
core   0: 3 0x8000a374 (0xc83f2823) mem 0x80010000 0x00000001
core   0: 0x8000a378 (0x0000bfe5) c.j     pc - 8
core   0: 3 0x8000a378 (0xbfe5)
core   0: 0x8000a370 (0x00006f17) auipc   t5, 0x6
core   0: 3 0x8000a370 (0x00006f17) x30 0x80010370
core   0: 0x8000a374 (0xc83f2823) sw      gp, -880(t5)
core   0: 3 0x8000a374 (0xc83f2823) mem 0x80010000 0x00000001
core   0: 0x8000a378 (0x0000bfe5) c.j     pc - 8
core   0: 3 0x8000a378 (0xbfe5)
core   0: 0x8000a370 (0x00006f17) auipc   t5, 0x6
core   0: 3 0x8000a370 (0x00006f17) x30 0x80010370
core   0: 0x8000a374 (0xc83f2823) sw      gp, -880(t5)
core   0: 3 0x8000a374 (0xc83f2823) mem 0x80010000 0x00000001
core   0: 0x8000a378 (0x0000bfe5) c.j     pc - 8
core   0: 3 0x8000a378 (0xbfe5)
core   0: 0x8000a370 (0x00006f17) auipc   t5, 0x6
core   0: 3 0x8000a370 (0x00006f17) x30 0x80010370
core   0: 0x8000a374 (0xc83f2823) sw      gp, -880(t5)
core   0: 3 0x8000a374 (0xc83f2823) mem 0x80010000 0x00000001
core   0: 0x8000a378 (0x0000bfe5) c.j     pc - 8
core   0: 3 0x8000a378 (0xbfe5)
core   0: 0x8000a370 (0x00006f17) auipc   t5, 0x6
core   0: 3 0x8000a370 (0x00006f17) x30 0x80010370
core   0: 0x8000a374 (0xc83f2823) sw      gp, -880(t5)
core   0: 3 0x8000a374 (0xc83f2823) mem 0x80010000 0x00000001
core   0: 0x8000a378 (0x0000bfe5) c.j     pc - 8
core   0: 3 0x8000a378 (0xbfe5)
core   0: 0x8000a370 (0x00006f17) auipc   t5, 0x6
core   0: 3 0x8000a370 (0x00006f17) x30 0x80010370
core   0: 0x8000a374 (0xc83f2823) sw      gp, -880(t5)
core   0: 3 0x8000a374 (0xc83f2823) mem 0x80010000 0x00000001
core   0: 0x8000a378 (0x0000bfe5) c.j     pc - 8
core   0: 3 0x8000a378 (0xbfe5)
core   0: 0x8000a370 (0x00006f17) auipc   t5, 0x6
core   0: 3 0x8000a370 (0x00006f17) x30 0x80010370
core   0: 0x8000a374 (0xc83f2823) sw      gp, -880(t5)
core   0: 3 0x8000a374 (0xc83f2823) mem 0x80010000 0x00000001
core   0: 0x8000a378 (0x0000bfe5) c.j     pc - 8
core   0: 3 0x8000a378 (0xbfe5)
core   0: 0x8000a370 (0x00006f17) auipc   t5, 0x6
core   0: 3 0x8000a370 (0x00006f17) x30 0x80010370
core   0: 0x8000a374 (0xc83f2823) sw      gp, -880(t5)
core   0: 3 0x8000a374 (0xc83f2823) mem 0x80010000 0x00000001
core   0: 0x8000a378 (0x0000bfe5) c.j     pc - 8
core   0: 3 0x8000a378 (0xbfe5)
core   0: 0x8000a370 (0x00006f17) auipc   t5, 0x6
core   0: 3 0x8000a370 (0x00006f17) x30 0x80010370
core   0: 0x8000a374 (0xc83f2823) sw      gp, -880(t5)
core   0: 3 0x8000a374 (0xc83f2823) mem 0x80010000 0x00000001
core   0: 0x8000a378 (0x0000bfe5) c.j     pc - 8
core   0: 3 0x8000a378 (0xbfe5)
core   0: 0x8000a370 (0x00006f17) auipc   t5, 0x6
core   0: 3 0x8000a370 (0x00006f17) x30 0x80010370
core   0: 0x8000a374 (0xc83f2823) sw      gp, -880(t5)
core   0: 3 0x8000a374 (0xc83f2823) mem 0x80010000 0x00000001
core   0: 0x8000a378 (0x0000bfe5) c.j     pc - 8
core   0: 3 0x8000a378 (0xbfe5)
core   0: 0x8000a370 (0x00006f17) auipc   t5, 0x6
core   0: 3 0x8000a370 (0x00006f17) x30 0x80010370
core   0: 0x8000a374 (0xc83f2823) sw      gp, -880(t5)
core   0: 3 0x8000a374 (0xc83f2823) mem 0x80010000 0x00000001
core   0: 0x8000a378 (0x0000bfe5) c.j     pc - 8
core   0: 3 0x8000a378 (0xbfe5)
core   0: 0x8000a370 (0x00006f17) auipc   t5, 0x6
core   0: 3 0x8000a370 (0x00006f17) x30 0x80010370
core   0: 0x8000a374 (0xc83f2823) sw      gp, -880(t5)
core   0: 3 0x8000a374 (0xc83f2823) mem 0x80010000 0x00000001
core   0: 0x8000a378 (0x0000bfe5) c.j     pc - 8
core   0: 3 0x8000a378 (0xbfe5)
core   0: 0x8000a370 (0x00006f17) auipc   t5, 0x6
core   0: 3 0x8000a370 (0x00006f17) x30 0x80010370
core   0: 0x8000a374 (0xc83f2823) sw      gp, -880(t5)
core   0: 3 0x8000a374 (0xc83f2823) mem 0x80010000 0x00000001
core   0: 0x8000a378 (0x0000bfe5) c.j     pc - 8
core   0: 3 0x8000a378 (0xbfe5)
core   0: 0x8000a370 (0x00006f17) auipc   t5, 0x6
core   0: 3 0x8000a370 (0x00006f17) x30 0x80010370
core   0: 0x8000a374 (0xc83f2823) sw      gp, -880(t5)
core   0: 3 0x8000a374 (0xc83f2823) mem 0x80010000 0x00000001
core   0: 0x8000a378 (0x0000bfe5) c.j     pc - 8
core   0: 3 0x8000a378 (0xbfe5)
core   0: 0x8000a370 (0x00006f17) auipc   t5, 0x6
core   0: 3 0x8000a370 (0x00006f17) x30 0x80010370
core   0: 0x8000a374 (0xc83f2823) sw      gp, -880(t5)
core   0: 3 0x8000a374 (0xc83f2823) mem 0x80010000 0x00000001
core   0: 0x8000a378 (0x0000bfe5) c.j     pc - 8
core   0: 3 0x8000a378 (0xbfe5)
core   0: 0x8000a370 (0x00006f17) auipc   t5, 0x6
core   0: 3 0x8000a370 (0x00006f17) x30 0x80010370
core   0: 0x8000a374 (0xc83f2823) sw      gp, -880(t5)
core   0: 3 0x8000a374 (0xc83f2823) mem 0x80010000 0x00000001
core   0: 0x8000a378 (0x0000bfe5) c.j     pc - 8
core   0: 3 0x8000a378 (0xbfe5)
core   0: 0x8000a370 (0x00006f17) auipc   t5, 0x6
core   0: 3 0x8000a370 (0x00006f17) x30 0x80010370
core   0: 0x8000a374 (0xc83f2823) sw      gp, -880(t5)
core   0: 3 0x8000a374 (0xc83f2823) mem 0x80010000 0x00000001
core   0: 0x8000a378 (0x0000bfe5) c.j     pc - 8
core   0: 3 0x8000a378 (0xbfe5)
core   0: 0x8000a370 (0x00006f17) auipc   t5, 0x6
core   0: 3 0x8000a370 (0x00006f17) x30 0x80010370
core   0: 0x8000a374 (0xc83f2823) sw      gp, -880(t5)
core   0: 3 0x8000a374 (0xc83f2823) mem 0x80010000 0x00000001
core   0: 0x8000a378 (0x0000bfe5) c.j     pc - 8
core   0: 3 0x8000a378 (0xbfe5)
core   0: 0x8000a370 (0x00006f17) auipc   t5, 0x6
core   0: 3 0x8000a370 (0x00006f17) x30 0x80010370
core   0: 0x8000a374 (0xc83f2823) sw      gp, -880(t5)
core   0: 3 0x8000a374 (0xc83f2823) mem 0x80010000 0x00000001
core   0: 0x8000a378 (0x0000bfe5) c.j     pc - 8
core   0: 3 0x8000a378 (0xbfe5)
core   0: 0x8000a370 (0x00006f17) auipc   t5, 0x6
core   0: 3 0x8000a370 (0x00006f17) x30 0x80010370
core   0: 0x8000a374 (0xc83f2823) sw      gp, -880(t5)
core   0: 3 0x8000a374 (0xc83f2823) mem 0x80010000 0x00000001
core   0: 0x8000a378 (0x0000bfe5) c.j     pc - 8
core   0: 3 0x8000a378 (0xbfe5)
core   0: 0x8000a370 (0x00006f17) auipc   t5, 0x6
core   0: 3 0x8000a370 (0x00006f17) x30 0x80010370
core   0: 0x8000a374 (0xc83f2823) sw      gp, -880(t5)
core   0: 3 0x8000a374 (0xc83f2823) mem 0x80010000 0x00000001
core   0: 0x8000a378 (0x0000bfe5) c.j     pc - 8
core   0: 3 0x8000a378 (0xbfe5)
core   0: 0x8000a370 (0x00006f17) auipc   t5, 0x6
core   0: 3 0x8000a370 (0x00006f17) x30 0x80010370
core   0: 0x8000a374 (0xc83f2823) sw      gp, -880(t5)
core   0: 3 0x8000a374 (0xc83f2823) mem 0x80010000 0x00000001
core   0: 0x8000a378 (0x0000bfe5) c.j     pc - 8
core   0: 3 0x8000a378 (0xbfe5)
core   0: 0x8000a370 (0x00006f17) auipc   t5, 0x6
core   0: 3 0x8000a370 (0x00006f17) x30 0x80010370
core   0: 0x8000a374 (0xc83f2823) sw      gp, -880(t5)
core   0: 3 0x8000a374 (0xc83f2823) mem 0x80010000 0x00000001
core   0: 0x8000a378 (0x0000bfe5) c.j     pc - 8
core   0: 3 0x8000a378 (0xbfe5)
core   0: 0x8000a370 (0x00006f17) auipc   t5, 0x6
core   0: 3 0x8000a370 (0x00006f17) x30 0x80010370
core   0: 0x8000a374 (0xc83f2823) sw      gp, -880(t5)
core   0: 3 0x8000a374 (0xc83f2823) mem 0x80010000 0x00000001
core   0: 0x8000a378 (0x0000bfe5) c.j     pc - 8
core   0: 3 0x8000a378 (0xbfe5)
core   0: 0x8000a370 (0x00006f17) auipc   t5, 0x6
core   0: 3 0x8000a370 (0x00006f17) x30 0x80010370
core   0: 0x8000a374 (0xc83f2823) sw      gp, -880(t5)
core   0: 3 0x8000a374 (0xc83f2823) mem 0x80010000 0x00000001
core   0: 0x8000a378 (0x0000bfe5) c.j     pc - 8
core   0: 3 0x8000a378 (0xbfe5)
core   0: 0x8000a370 (0x00006f17) auipc   t5, 0x6
core   0: 3 0x8000a370 (0x00006f17) x30 0x80010370
core   0: 0x8000a374 (0xc83f2823) sw      gp, -880(t5)
core   0: 3 0x8000a374 (0xc83f2823) mem 0x80010000 0x00000001
core   0: 0x8000a378 (0x0000bfe5) c.j     pc - 8
core   0: 3 0x8000a378 (0xbfe5)
core   0: 0x8000a370 (0x00006f17) auipc   t5, 0x6
core   0: 3 0x8000a370 (0x00006f17) x30 0x80010370
core   0: 0x8000a374 (0xc83f2823) sw      gp, -880(t5)
core   0: 3 0x8000a374 (0xc83f2823) mem 0x80010000 0x00000001
core   0: 0x8000a378 (0x0000bfe5) c.j     pc - 8
core   0: 3 0x8000a378 (0xbfe5)
core   0: 0x8000a370 (0x00006f17) auipc   t5, 0x6
core   0: 3 0x8000a370 (0x00006f17) x30 0x80010370
core   0: 0x8000a374 (0xc83f2823) sw      gp, -880(t5)
core   0: 3 0x8000a374 (0xc83f2823) mem 0x80010000 0x00000001
core   0: 0x8000a378 (0x0000bfe5) c.j     pc - 8
core   0: 3 0x8000a378 (0xbfe5)
core   0: 0x8000a370 (0x00006f17) auipc   t5, 0x6
core   0: 3 0x8000a370 (0x00006f17) x30 0x80010370
core   0: 0x8000a374 (0xc83f2823) sw      gp, -880(t5)
core   0: 3 0x8000a374 (0xc83f2823) mem 0x80010000 0x00000001
core   0: 0x8000a378 (0x0000bfe5) c.j     pc - 8
core   0: 3 0x8000a378 (0xbfe5)
core   0: 0x8000a370 (0x00006f17) auipc   t5, 0x6
core   0: 3 0x8000a370 (0x00006f17) x30 0x80010370
core   0: 0x8000a374 (0xc83f2823) sw      gp, -880(t5)
core   0: 3 0x8000a374 (0xc83f2823) mem 0x80010000 0x00000001
core   0: 0x8000a378 (0x0000bfe5) c.j     pc - 8
core   0: 3 0x8000a378 (0xbfe5)
core   0: 0x8000a370 (0x00006f17) auipc   t5, 0x6
core   0: 3 0x8000a370 (0x00006f17) x30 0x80010370
core   0: 0x8000a374 (0xc83f2823) sw      gp, -880(t5)
core   0: 3 0x8000a374 (0xc83f2823) mem 0x80010000 0x00000001
core   0: 0x8000a378 (0x0000bfe5) c.j     pc - 8
core   0: 3 0x8000a378 (0xbfe5)
core   0: 0x8000a370 (0x00006f17) auipc   t5, 0x6
core   0: 3 0x8000a370 (0x00006f17) x30 0x80010370
core   0: 0x8000a374 (0xc83f2823) sw      gp, -880(t5)
core   0: 3 0x8000a374 (0xc83f2823) mem 0x80010000 0x00000001
core   0: 0x8000a378 (0x0000bfe5) c.j     pc - 8
core   0: 3 0x8000a378 (0xbfe5)
core   0: 0x8000a370 (0x00006f17) auipc   t5, 0x6
core   0: 3 0x8000a370 (0x00006f17) x30 0x80010370
core   0: 0x8000a374 (0xc83f2823) sw      gp, -880(t5)
core   0: 3 0x8000a374 (0xc83f2823) mem 0x80010000 0x00000001
core   0: 0x8000a378 (0x0000bfe5) c.j     pc - 8
core   0: 3 0x8000a378 (0xbfe5)
core   0: 0x8000a370 (0x00006f17) auipc   t5, 0x6
core   0: 3 0x8000a370 (0x00006f17) x30 0x80010370
core   0: 0x8000a374 (0xc83f2823) sw      gp, -880(t5)
core   0: 3 0x8000a374 (0xc83f2823) mem 0x80010000 0x00000001
core   0: 0x8000a378 (0x0000bfe5) c.j     pc - 8
core   0: 3 0x8000a378 (0xbfe5)
core   0: 0x8000a370 (0x00006f17) auipc   t5, 0x6
core   0: 3 0x8000a370 (0x00006f17) x30 0x80010370
core   0: 0x8000a374 (0xc83f2823) sw      gp, -880(t5)
core   0: 3 0x8000a374 (0xc83f2823) mem 0x80010000 0x00000001
core   0: 0x8000a378 (0x0000bfe5) c.j     pc - 8
core   0: 3 0x8000a378 (0xbfe5)
core   0: 0x8000a370 (0x00006f17) auipc   t5, 0x6
core   0: 3 0x8000a370 (0x00006f17) x30 0x80010370
core   0: 0x8000a374 (0xc83f2823) sw      gp, -880(t5)
core   0: 3 0x8000a374 (0xc83f2823) mem 0x80010000 0x00000001
core   0: 0x8000a378 (0x0000bfe5) c.j     pc - 8
core   0: 3 0x8000a378 (0xbfe5)
core   0: 0x8000a370 (0x00006f17) auipc   t5, 0x6
core   0: 3 0x8000a370 (0x00006f17) x30 0x80010370
core   0: 0x8000a374 (0xc83f2823) sw      gp, -880(t5)
core   0: 3 0x8000a374 (0xc83f2823) mem 0x80010000 0x00000001
core   0: 0x8000a378 (0x0000bfe5) c.j     pc - 8
core   0: 3 0x8000a378 (0xbfe5)
core   0: 0x8000a370 (0x00006f17) auipc   t5, 0x6
core   0: 3 0x8000a370 (0x00006f17) x30 0x80010370
core   0: 0x8000a374 (0xc83f2823) sw      gp, -880(t5)
core   0: 3 0x8000a374 (0xc83f2823) mem 0x80010000 0x00000001
core   0: 0x8000a378 (0x0000bfe5) c.j     pc - 8
core   0: 3 0x8000a378 (0xbfe5)
core   0: 0x8000a370 (0x00006f17) auipc   t5, 0x6
core   0: 3 0x8000a370 (0x00006f17) x30 0x80010370
core   0: 0x8000a374 (0xc83f2823) sw      gp, -880(t5)
core   0: 3 0x8000a374 (0xc83f2823) mem 0x80010000 0x00000001
core   0: 0x8000a378 (0x0000bfe5) c.j     pc - 8
core   0: 3 0x8000a378 (0xbfe5)
core   0: 0x8000a370 (0x00006f17) auipc   t5, 0x6
core   0: 3 0x8000a370 (0x00006f17) x30 0x80010370
core   0: 0x8000a374 (0xc83f2823) sw      gp, -880(t5)
core   0: 3 0x8000a374 (0xc83f2823) mem 0x80010000 0x00000001
core   0: 0x8000a378 (0x0000bfe5) c.j     pc - 8
core   0: 3 0x8000a378 (0xbfe5)
core   0: 0x8000a370 (0x00006f17) auipc   t5, 0x6
core   0: 3 0x8000a370 (0x00006f17) x30 0x80010370
core   0: 0x8000a374 (0xc83f2823) sw      gp, -880(t5)
core   0: 3 0x8000a374 (0xc83f2823) mem 0x80010000 0x00000001
core   0: 0x8000a378 (0x0000bfe5) c.j     pc - 8
core   0: 3 0x8000a378 (0xbfe5)
core   0: 0x8000a370 (0x00006f17) auipc   t5, 0x6
core   0: 3 0x8000a370 (0x00006f17) x30 0x80010370
core   0: 0x8000a374 (0xc83f2823) sw      gp, -880(t5)
core   0: 3 0x8000a374 (0xc83f2823) mem 0x80010000 0x00000001
core   0: 0x8000a378 (0x0000bfe5) c.j     pc - 8
core   0: 3 0x8000a378 (0xbfe5)
core   0: 0x8000a370 (0x00006f17) auipc   t5, 0x6
core   0: 3 0x8000a370 (0x00006f17) x30 0x80010370
core   0: 0x8000a374 (0xc83f2823) sw      gp, -880(t5)
core   0: 3 0x8000a374 (0xc83f2823) mem 0x80010000 0x00000001
core   0: 0x8000a378 (0x0000bfe5) c.j     pc - 8
core   0: 3 0x8000a378 (0xbfe5)
core   0: 0x8000a370 (0x00006f17) auipc   t5, 0x6
core   0: 3 0x8000a370 (0x00006f17) x30 0x80010370
core   0: 0x8000a374 (0xc83f2823) sw      gp, -880(t5)
core   0: 3 0x8000a374 (0xc83f2823) mem 0x80010000 0x00000001
core   0: 0x8000a378 (0x0000bfe5) c.j     pc - 8
core   0: 3 0x8000a378 (0xbfe5)
core   0: 0x8000a370 (0x00006f17) auipc   t5, 0x6
core   0: 3 0x8000a370 (0x00006f17) x30 0x80010370
core   0: 0x8000a374 (0xc83f2823) sw      gp, -880(t5)
core   0: 3 0x8000a374 (0xc83f2823) mem 0x80010000 0x00000001
core   0: 0x8000a378 (0x0000bfe5) c.j     pc - 8
core   0: 3 0x8000a378 (0xbfe5)
core   0: 0x8000a370 (0x00006f17) auipc   t5, 0x6
core   0: 3 0x8000a370 (0x00006f17) x30 0x80010370
core   0: 0x8000a374 (0xc83f2823) sw      gp, -880(t5)
core   0: 3 0x8000a374 (0xc83f2823) mem 0x80010000 0x00000001
core   0: 0x8000a378 (0x0000bfe5) c.j     pc - 8
core   0: 3 0x8000a378 (0xbfe5)
core   0: 0x8000a370 (0x00006f17) auipc   t5, 0x6
core   0: 3 0x8000a370 (0x00006f17) x30 0x80010370
core   0: 0x8000a374 (0xc83f2823) sw      gp, -880(t5)
core   0: 3 0x8000a374 (0xc83f2823) mem 0x80010000 0x00000001
core   0: 0x8000a378 (0x0000bfe5) c.j     pc - 8
core   0: 3 0x8000a378 (0xbfe5)
core   0: 0x8000a370 (0x00006f17) auipc   t5, 0x6
core   0: 3 0x8000a370 (0x00006f17) x30 0x80010370
core   0: 0x8000a374 (0xc83f2823) sw      gp, -880(t5)
core   0: 3 0x8000a374 (0xc83f2823) mem 0x80010000 0x00000001
core   0: 0x8000a378 (0x0000bfe5) c.j     pc - 8
core   0: 3 0x8000a378 (0xbfe5)
core   0: 0x8000a370 (0x00006f17) auipc   t5, 0x6
core   0: 3 0x8000a370 (0x00006f17) x30 0x80010370
core   0: 0x8000a374 (0xc83f2823) sw      gp, -880(t5)
core   0: 3 0x8000a374 (0xc83f2823) mem 0x80010000 0x00000001
core   0: 0x8000a378 (0x0000bfe5) c.j     pc - 8
core   0: 3 0x8000a378 (0xbfe5)
core   0: 0x8000a370 (0x00006f17) auipc   t5, 0x6
core   0: 3 0x8000a370 (0x00006f17) x30 0x80010370
core   0: 0x8000a374 (0xc83f2823) sw      gp, -880(t5)
core   0: 3 0x8000a374 (0xc83f2823) mem 0x80010000 0x00000001
core   0: 0x8000a378 (0x0000bfe5) c.j     pc - 8
core   0: 3 0x8000a378 (0xbfe5)
core   0: 0x8000a370 (0x00006f17) auipc   t5, 0x6
core   0: 3 0x8000a370 (0x00006f17) x30 0x80010370
core   0: 0x8000a374 (0xc83f2823) sw      gp, -880(t5)
core   0: 3 0x8000a374 (0xc83f2823) mem 0x80010000 0x00000001
core   0: 0x8000a378 (0x0000bfe5) c.j     pc - 8
core   0: 3 0x8000a378 (0xbfe5)
core   0: 0x8000a370 (0x00006f17) auipc   t5, 0x6
core   0: 3 0x8000a370 (0x00006f17) x30 0x80010370
core   0: 0x8000a374 (0xc83f2823) sw      gp, -880(t5)
core   0: 3 0x8000a374 (0xc83f2823) mem 0x80010000 0x00000001
core   0: 0x8000a378 (0x0000bfe5) c.j     pc - 8
core   0: 3 0x8000a378 (0xbfe5)
core   0: 0x8000a370 (0x00006f17) auipc   t5, 0x6
core   0: 3 0x8000a370 (0x00006f17) x30 0x80010370
core   0: 0x8000a374 (0xc83f2823) sw      gp, -880(t5)
core   0: 3 0x8000a374 (0xc83f2823) mem 0x80010000 0x00000001
core   0: 0x8000a378 (0x0000bfe5) c.j     pc - 8
core   0: 3 0x8000a378 (0xbfe5)
core   0: 0x8000a370 (0x00006f17) auipc   t5, 0x6
core   0: 3 0x8000a370 (0x00006f17) x30 0x80010370
core   0: 0x8000a374 (0xc83f2823) sw      gp, -880(t5)
core   0: 3 0x8000a374 (0xc83f2823) mem 0x80010000 0x00000001
core   0: 0x8000a378 (0x0000bfe5) c.j     pc - 8
core   0: 3 0x8000a378 (0xbfe5)
core   0: 0x8000a370 (0x00006f17) auipc   t5, 0x6
core   0: 3 0x8000a370 (0x00006f17) x30 0x80010370
core   0: 0x8000a374 (0xc83f2823) sw      gp, -880(t5)
core   0: 3 0x8000a374 (0xc83f2823) mem 0x80010000 0x00000001
core   0: 0x8000a378 (0x0000bfe5) c.j     pc - 8
core   0: 3 0x8000a378 (0xbfe5)
core   0: 0x8000a370 (0x00006f17) auipc   t5, 0x6
core   0: 3 0x8000a370 (0x00006f17) x30 0x80010370
core   0: 0x8000a374 (0xc83f2823) sw      gp, -880(t5)
core   0: 3 0x8000a374 (0xc83f2823) mem 0x80010000 0x00000001
core   0: 0x8000a378 (0x0000bfe5) c.j     pc - 8
core   0: 3 0x8000a378 (0xbfe5)
core   0: 0x8000a370 (0x00006f17) auipc   t5, 0x6
core   0: 3 0x8000a370 (0x00006f17) x30 0x80010370
core   0: 0x8000a374 (0xc83f2823) sw      gp, -880(t5)
core   0: 3 0x8000a374 (0xc83f2823) mem 0x80010000 0x00000001
core   0: 0x8000a378 (0x0000bfe5) c.j     pc - 8
core   0: 3 0x8000a378 (0xbfe5)
core   0: 0x8000a370 (0x00006f17) auipc   t5, 0x6
core   0: 3 0x8000a370 (0x00006f17) x30 0x80010370
core   0: 0x8000a374 (0xc83f2823) sw      gp, -880(t5)
core   0: 3 0x8000a374 (0xc83f2823) mem 0x80010000 0x00000001
core   0: 0x8000a378 (0x0000bfe5) c.j     pc - 8
core   0: 3 0x8000a378 (0xbfe5)
core   0: 0x8000a370 (0x00006f17) auipc   t5, 0x6
core   0: 3 0x8000a370 (0x00006f17) x30 0x80010370
core   0: 0x8000a374 (0xc83f2823) sw      gp, -880(t5)
core   0: 3 0x8000a374 (0xc83f2823) mem 0x80010000 0x00000001
core   0: 0x8000a378 (0x0000bfe5) c.j     pc - 8
core   0: 3 0x8000a378 (0xbfe5)
core   0: 0x8000a370 (0x00006f17) auipc   t5, 0x6
core   0: 3 0x8000a370 (0x00006f17) x30 0x80010370
core   0: 0x8000a374 (0xc83f2823) sw      gp, -880(t5)
core   0: 3 0x8000a374 (0xc83f2823) mem 0x80010000 0x00000001
core   0: 0x8000a378 (0x0000bfe5) c.j     pc - 8
core   0: 3 0x8000a378 (0xbfe5)
core   0: 0x8000a370 (0x00006f17) auipc   t5, 0x6
core   0: 3 0x8000a370 (0x00006f17) x30 0x80010370
core   0: 0x8000a374 (0xc83f2823) sw      gp, -880(t5)
core   0: 3 0x8000a374 (0xc83f2823) mem 0x80010000 0x00000001
core   0: 0x8000a378 (0x0000bfe5) c.j     pc - 8
core   0: 3 0x8000a378 (0xbfe5)
core   0: 0x8000a370 (0x00006f17) auipc   t5, 0x6
core   0: 3 0x8000a370 (0x00006f17) x30 0x80010370
core   0: 0x8000a374 (0xc83f2823) sw      gp, -880(t5)
core   0: 3 0x8000a374 (0xc83f2823) mem 0x80010000 0x00000001
core   0: 0x8000a378 (0x0000bfe5) c.j     pc - 8
core   0: 3 0x8000a378 (0xbfe5)
core   0: 0x8000a370 (0x00006f17) auipc   t5, 0x6
core   0: 3 0x8000a370 (0x00006f17) x30 0x80010370
core   0: 0x8000a374 (0xc83f2823) sw      gp, -880(t5)
core   0: 3 0x8000a374 (0xc83f2823) mem 0x80010000 0x00000001
core   0: 0x8000a378 (0x0000bfe5) c.j     pc - 8
core   0: 3 0x8000a378 (0xbfe5)
core   0: 0x8000a370 (0x00006f17) auipc   t5, 0x6
core   0: 3 0x8000a370 (0x00006f17) x30 0x80010370
core   0: 0x8000a374 (0xc83f2823) sw      gp, -880(t5)
core   0: 3 0x8000a374 (0xc83f2823) mem 0x80010000 0x00000001
core   0: 0x8000a378 (0x0000bfe5) c.j     pc - 8
core   0: 3 0x8000a378 (0xbfe5)
core   0: 0x8000a370 (0x00006f17) auipc   t5, 0x6
core   0: 3 0x8000a370 (0x00006f17) x30 0x80010370
core   0: 0x8000a374 (0xc83f2823) sw      gp, -880(t5)
core   0: 3 0x8000a374 (0xc83f2823) mem 0x80010000 0x00000001
core   0: 0x8000a378 (0x0000bfe5) c.j     pc - 8
core   0: 3 0x8000a378 (0xbfe5)
core   0: 0x8000a370 (0x00006f17) auipc   t5, 0x6
core   0: 3 0x8000a370 (0x00006f17) x30 0x80010370
core   0: 0x8000a374 (0xc83f2823) sw      gp, -880(t5)
core   0: 3 0x8000a374 (0xc83f2823) mem 0x80010000 0x00000001
core   0: 0x8000a378 (0x0000bfe5) c.j     pc - 8
core   0: 3 0x8000a378 (0xbfe5)
core   0: 0x8000a370 (0x00006f17) auipc   t5, 0x6
core   0: 3 0x8000a370 (0x00006f17) x30 0x80010370
core   0: 0x8000a374 (0xc83f2823) sw      gp, -880(t5)
core   0: 3 0x8000a374 (0xc83f2823) mem 0x80010000 0x00000001
core   0: 0x8000a378 (0x0000bfe5) c.j     pc - 8
core   0: 3 0x8000a378 (0xbfe5)
core   0: 0x8000a370 (0x00006f17) auipc   t5, 0x6
core   0: 3 0x8000a370 (0x00006f17) x30 0x80010370
core   0: 0x8000a374 (0xc83f2823) sw      gp, -880(t5)
core   0: 3 0x8000a374 (0xc83f2823) mem 0x80010000 0x00000001
core   0: 0x8000a378 (0x0000bfe5) c.j     pc - 8
core   0: 3 0x8000a378 (0xbfe5)
core   0: 0x8000a370 (0x00006f17) auipc   t5, 0x6
core   0: 3 0x8000a370 (0x00006f17) x30 0x80010370
core   0: 0x8000a374 (0xc83f2823) sw      gp, -880(t5)
core   0: 3 0x8000a374 (0xc83f2823) mem 0x80010000 0x00000001
core   0: 0x8000a378 (0x0000bfe5) c.j     pc - 8
core   0: 3 0x8000a378 (0xbfe5)
core   0: 0x8000a370 (0x00006f17) auipc   t5, 0x6
core   0: 3 0x8000a370 (0x00006f17) x30 0x80010370
core   0: 0x8000a374 (0xc83f2823) sw      gp, -880(t5)
core   0: 3 0x8000a374 (0xc83f2823) mem 0x80010000 0x00000001
core   0: 0x8000a378 (0x0000bfe5) c.j     pc - 8
core   0: 3 0x8000a378 (0xbfe5)
core   0: 0x8000a370 (0x00006f17) auipc   t5, 0x6
core   0: 3 0x8000a370 (0x00006f17) x30 0x80010370
core   0: 0x8000a374 (0xc83f2823) sw      gp, -880(t5)
core   0: 3 0x8000a374 (0xc83f2823) mem 0x80010000 0x00000001
core   0: 0x8000a378 (0x0000bfe5) c.j     pc - 8
core   0: 3 0x8000a378 (0xbfe5)
core   0: 0x8000a370 (0x00006f17) auipc   t5, 0x6
core   0: 3 0x8000a370 (0x00006f17) x30 0x80010370
core   0: 0x8000a374 (0xc83f2823) sw      gp, -880(t5)
core   0: 3 0x8000a374 (0xc83f2823) mem 0x80010000 0x00000001
core   0: 0x8000a378 (0x0000bfe5) c.j     pc - 8
core   0: 3 0x8000a378 (0xbfe5)
core   0: 0x8000a370 (0x00006f17) auipc   t5, 0x6
core   0: 3 0x8000a370 (0x00006f17) x30 0x80010370
core   0: 0x8000a374 (0xc83f2823) sw      gp, -880(t5)
core   0: 3 0x8000a374 (0xc83f2823) mem 0x80010000 0x00000001
core   0: 0x8000a378 (0x0000bfe5) c.j     pc - 8
core   0: 3 0x8000a378 (0xbfe5)
core   0: 0x8000a370 (0x00006f17) auipc   t5, 0x6
core   0: 3 0x8000a370 (0x00006f17) x30 0x80010370
core   0: 0x8000a374 (0xc83f2823) sw      gp, -880(t5)
core   0: 3 0x8000a374 (0xc83f2823) mem 0x80010000 0x00000001
core   0: 0x8000a378 (0x0000bfe5) c.j     pc - 8
core   0: 3 0x8000a378 (0xbfe5)
core   0: 0x8000a370 (0x00006f17) auipc   t5, 0x6
core   0: 3 0x8000a370 (0x00006f17) x30 0x80010370
core   0: 0x8000a374 (0xc83f2823) sw      gp, -880(t5)
core   0: 3 0x8000a374 (0xc83f2823) mem 0x80010000 0x00000001
core   0: 0x8000a378 (0x0000bfe5) c.j     pc - 8
core   0: 3 0x8000a378 (0xbfe5)
core   0: 0x8000a370 (0x00006f17) auipc   t5, 0x6
core   0: 3 0x8000a370 (0x00006f17) x30 0x80010370
core   0: 0x8000a374 (0xc83f2823) sw      gp, -880(t5)
core   0: 3 0x8000a374 (0xc83f2823) mem 0x80010000 0x00000001
core   0: 0x8000a378 (0x0000bfe5) c.j     pc - 8
core   0: 3 0x8000a378 (0xbfe5)
core   0: 0x8000a370 (0x00006f17) auipc   t5, 0x6
core   0: 3 0x8000a370 (0x00006f17) x30 0x80010370
core   0: 0x8000a374 (0xc83f2823) sw      gp, -880(t5)
core   0: 3 0x8000a374 (0xc83f2823) mem 0x80010000 0x00000001
core   0: 0x8000a378 (0x0000bfe5) c.j     pc - 8
core   0: 3 0x8000a378 (0xbfe5)
core   0: 0x8000a370 (0x00006f17) auipc   t5, 0x6
core   0: 3 0x8000a370 (0x00006f17) x30 0x80010370
core   0: 0x8000a374 (0xc83f2823) sw      gp, -880(t5)
core   0: 3 0x8000a374 (0xc83f2823) mem 0x80010000 0x00000001
core   0: 0x8000a378 (0x0000bfe5) c.j     pc - 8
core   0: 3 0x8000a378 (0xbfe5)
core   0: 0x8000a370 (0x00006f17) auipc   t5, 0x6
core   0: 3 0x8000a370 (0x00006f17) x30 0x80010370
core   0: 0x8000a374 (0xc83f2823) sw      gp, -880(t5)
core   0: 3 0x8000a374 (0xc83f2823) mem 0x80010000 0x00000001
core   0: 0x8000a378 (0x0000bfe5) c.j     pc - 8
core   0: 3 0x8000a378 (0xbfe5)
core   0: 0x8000a370 (0x00006f17) auipc   t5, 0x6
core   0: 3 0x8000a370 (0x00006f17) x30 0x80010370
core   0: 0x8000a374 (0xc83f2823) sw      gp, -880(t5)
core   0: 3 0x8000a374 (0xc83f2823) mem 0x80010000 0x00000001
core   0: 0x8000a378 (0x0000bfe5) c.j     pc - 8
core   0: 3 0x8000a378 (0xbfe5)
core   0: 0x8000a370 (0x00006f17) auipc   t5, 0x6
core   0: 3 0x8000a370 (0x00006f17) x30 0x80010370
core   0: 0x8000a374 (0xc83f2823) sw      gp, -880(t5)
core   0: 3 0x8000a374 (0xc83f2823) mem 0x80010000 0x00000001
core   0: 0x8000a378 (0x0000bfe5) c.j     pc - 8
core   0: 3 0x8000a378 (0xbfe5)
core   0: 0x8000a370 (0x00006f17) auipc   t5, 0x6
core   0: 3 0x8000a370 (0x00006f17) x30 0x80010370
core   0: 0x8000a374 (0xc83f2823) sw      gp, -880(t5)
core   0: 3 0x8000a374 (0xc83f2823) mem 0x80010000 0x00000001
core   0: 0x8000a378 (0x0000bfe5) c.j     pc - 8
core   0: 3 0x8000a378 (0xbfe5)
core   0: 0x8000a370 (0x00006f17) auipc   t5, 0x6
core   0: 3 0x8000a370 (0x00006f17) x30 0x80010370
core   0: 0x8000a374 (0xc83f2823) sw      gp, -880(t5)
core   0: 3 0x8000a374 (0xc83f2823) mem 0x80010000 0x00000001
core   0: 0x8000a378 (0x0000bfe5) c.j     pc - 8
core   0: 3 0x8000a378 (0xbfe5)
core   0: 0x8000a370 (0x00006f17) auipc   t5, 0x6
core   0: 3 0x8000a370 (0x00006f17) x30 0x80010370
core   0: 0x8000a374 (0xc83f2823) sw      gp, -880(t5)
core   0: 3 0x8000a374 (0xc83f2823) mem 0x80010000 0x00000001
core   0: 0x8000a378 (0x0000bfe5) c.j     pc - 8
core   0: 3 0x8000a378 (0xbfe5)
core   0: 0x8000a370 (0x00006f17) auipc   t5, 0x6
core   0: 3 0x8000a370 (0x00006f17) x30 0x80010370
core   0: 0x8000a374 (0xc83f2823) sw      gp, -880(t5)
core   0: 3 0x8000a374 (0xc83f2823) mem 0x80010000 0x00000001
core   0: 0x8000a378 (0x0000bfe5) c.j     pc - 8
core   0: 3 0x8000a378 (0xbfe5)
core   0: 0x8000a370 (0x00006f17) auipc   t5, 0x6
core   0: 3 0x8000a370 (0x00006f17) x30 0x80010370
core   0: 0x8000a374 (0xc83f2823) sw      gp, -880(t5)
core   0: 3 0x8000a374 (0xc83f2823) mem 0x80010000 0x00000001
core   0: 0x8000a378 (0x0000bfe5) c.j     pc - 8
core   0: 3 0x8000a378 (0xbfe5)
core   0: 0x8000a370 (0x00006f17) auipc   t5, 0x6
core   0: 3 0x8000a370 (0x00006f17) x30 0x80010370
core   0: 0x8000a374 (0xc83f2823) sw      gp, -880(t5)
core   0: 3 0x8000a374 (0xc83f2823) mem 0x80010000 0x00000001
core   0: 0x8000a378 (0x0000bfe5) c.j     pc - 8
core   0: 3 0x8000a378 (0xbfe5)
core   0: 0x8000a370 (0x00006f17) auipc   t5, 0x6
core   0: 3 0x8000a370 (0x00006f17) x30 0x80010370
core   0: 0x8000a374 (0xc83f2823) sw      gp, -880(t5)
core   0: 3 0x8000a374 (0xc83f2823) mem 0x80010000 0x00000001
core   0: 0x8000a378 (0x0000bfe5) c.j     pc - 8
core   0: 3 0x8000a378 (0xbfe5)
core   0: 0x8000a370 (0x00006f17) auipc   t5, 0x6
core   0: 3 0x8000a370 (0x00006f17) x30 0x80010370
core   0: 0x8000a374 (0xc83f2823) sw      gp, -880(t5)
core   0: 3 0x8000a374 (0xc83f2823) mem 0x80010000 0x00000001
core   0: 0x8000a378 (0x0000bfe5) c.j     pc - 8
core   0: 3 0x8000a378 (0xbfe5)
core   0: 0x8000a370 (0x00006f17) auipc   t5, 0x6
core   0: 3 0x8000a370 (0x00006f17) x30 0x80010370
core   0: 0x8000a374 (0xc83f2823) sw      gp, -880(t5)
core   0: 3 0x8000a374 (0xc83f2823) mem 0x80010000 0x00000001
core   0: 0x8000a378 (0x0000bfe5) c.j     pc - 8
core   0: 3 0x8000a378 (0xbfe5)
core   0: 0x8000a370 (0x00006f17) auipc   t5, 0x6
core   0: 3 0x8000a370 (0x00006f17) x30 0x80010370
core   0: 0x8000a374 (0xc83f2823) sw      gp, -880(t5)
core   0: 3 0x8000a374 (0xc83f2823) mem 0x80010000 0x00000001
core   0: 0x8000a378 (0x0000bfe5) c.j     pc - 8
core   0: 3 0x8000a378 (0xbfe5)
core   0: 0x8000a370 (0x00006f17) auipc   t5, 0x6
core   0: 3 0x8000a370 (0x00006f17) x30 0x80010370
core   0: 0x8000a374 (0xc83f2823) sw      gp, -880(t5)
core   0: 3 0x8000a374 (0xc83f2823) mem 0x80010000 0x00000001
core   0: 0x8000a378 (0x0000bfe5) c.j     pc - 8
core   0: 3 0x8000a378 (0xbfe5)
core   0: 0x8000a370 (0x00006f17) auipc   t5, 0x6
core   0: 3 0x8000a370 (0x00006f17) x30 0x80010370
core   0: 0x8000a374 (0xc83f2823) sw      gp, -880(t5)
core   0: 3 0x8000a374 (0xc83f2823) mem 0x80010000 0x00000001
core   0: 0x8000a378 (0x0000bfe5) c.j     pc - 8
core   0: 3 0x8000a378 (0xbfe5)
core   0: 0x8000a370 (0x00006f17) auipc   t5, 0x6
core   0: 3 0x8000a370 (0x00006f17) x30 0x80010370
core   0: 0x8000a374 (0xc83f2823) sw      gp, -880(t5)
core   0: 3 0x8000a374 (0xc83f2823) mem 0x80010000 0x00000001
core   0: 0x8000a378 (0x0000bfe5) c.j     pc - 8
core   0: 3 0x8000a378 (0xbfe5)
core   0: 0x8000a370 (0x00006f17) auipc   t5, 0x6
core   0: 3 0x8000a370 (0x00006f17) x30 0x80010370
core   0: 0x8000a374 (0xc83f2823) sw      gp, -880(t5)
core   0: 3 0x8000a374 (0xc83f2823) mem 0x80010000 0x00000001
core   0: 0x8000a378 (0x0000bfe5) c.j     pc - 8
core   0: 3 0x8000a378 (0xbfe5)
core   0: 0x8000a370 (0x00006f17) auipc   t5, 0x6
core   0: 3 0x8000a370 (0x00006f17) x30 0x80010370
core   0: 0x8000a374 (0xc83f2823) sw      gp, -880(t5)
core   0: 3 0x8000a374 (0xc83f2823) mem 0x80010000 0x00000001
core   0: 0x8000a378 (0x0000bfe5) c.j     pc - 8
core   0: 3 0x8000a378 (0xbfe5)
core   0: 0x8000a370 (0x00006f17) auipc   t5, 0x6
core   0: 3 0x8000a370 (0x00006f17) x30 0x80010370
core   0: 0x8000a374 (0xc83f2823) sw      gp, -880(t5)
core   0: 3 0x8000a374 (0xc83f2823) mem 0x80010000 0x00000001
core   0: 0x8000a378 (0x0000bfe5) c.j     pc - 8
core   0: 3 0x8000a378 (0xbfe5)
core   0: 0x8000a370 (0x00006f17) auipc   t5, 0x6
core   0: 3 0x8000a370 (0x00006f17) x30 0x80010370
core   0: 0x8000a374 (0xc83f2823) sw      gp, -880(t5)
core   0: 3 0x8000a374 (0xc83f2823) mem 0x80010000 0x00000001
core   0: 0x8000a378 (0x0000bfe5) c.j     pc - 8
core   0: 3 0x8000a378 (0xbfe5)
core   0: 0x8000a370 (0x00006f17) auipc   t5, 0x6
core   0: 3 0x8000a370 (0x00006f17) x30 0x80010370
core   0: 0x8000a374 (0xc83f2823) sw      gp, -880(t5)
core   0: 3 0x8000a374 (0xc83f2823) mem 0x80010000 0x00000001
core   0: 0x8000a378 (0x0000bfe5) c.j     pc - 8
core   0: 3 0x8000a378 (0xbfe5)
core   0: 0x8000a370 (0x00006f17) auipc   t5, 0x6
core   0: 3 0x8000a370 (0x00006f17) x30 0x80010370
core   0: 0x8000a374 (0xc83f2823) sw      gp, -880(t5)
core   0: 3 0x8000a374 (0xc83f2823) mem 0x80010000 0x00000001
core   0: 0x8000a378 (0x0000bfe5) c.j     pc - 8
core   0: 3 0x8000a378 (0xbfe5)
core   0: 0x8000a370 (0x00006f17) auipc   t5, 0x6
core   0: 3 0x8000a370 (0x00006f17) x30 0x80010370
core   0: 0x8000a374 (0xc83f2823) sw      gp, -880(t5)
core   0: 3 0x8000a374 (0xc83f2823) mem 0x80010000 0x00000001
core   0: 0x8000a378 (0x0000bfe5) c.j     pc - 8
core   0: 3 0x8000a378 (0xbfe5)
core   0: 0x8000a370 (0x00006f17) auipc   t5, 0x6
core   0: 3 0x8000a370 (0x00006f17) x30 0x80010370
core   0: 0x8000a374 (0xc83f2823) sw      gp, -880(t5)
core   0: 3 0x8000a374 (0xc83f2823) mem 0x80010000 0x00000001
core   0: 0x8000a378 (0x0000bfe5) c.j     pc - 8
core   0: 3 0x8000a378 (0xbfe5)
core   0: 0x8000a370 (0x00006f17) auipc   t5, 0x6
core   0: 3 0x8000a370 (0x00006f17) x30 0x80010370
core   0: 0x8000a374 (0xc83f2823) sw      gp, -880(t5)
core   0: 3 0x8000a374 (0xc83f2823) mem 0x80010000 0x00000001
core   0: 0x8000a378 (0x0000bfe5) c.j     pc - 8
core   0: 3 0x8000a378 (0xbfe5)
core   0: 0x8000a370 (0x00006f17) auipc   t5, 0x6
core   0: 3 0x8000a370 (0x00006f17) x30 0x80010370
core   0: 0x8000a374 (0xc83f2823) sw      gp, -880(t5)
core   0: 3 0x8000a374 (0xc83f2823) mem 0x80010000 0x00000001
core   0: 0x8000a378 (0x0000bfe5) c.j     pc - 8
core   0: 3 0x8000a378 (0xbfe5)
core   0: 0x8000a370 (0x00006f17) auipc   t5, 0x6
core   0: 3 0x8000a370 (0x00006f17) x30 0x80010370
core   0: 0x8000a374 (0xc83f2823) sw      gp, -880(t5)
core   0: 3 0x8000a374 (0xc83f2823) mem 0x80010000 0x00000001
core   0: 0x8000a378 (0x0000bfe5) c.j     pc - 8
core   0: 3 0x8000a378 (0xbfe5)
core   0: 0x8000a370 (0x00006f17) auipc   t5, 0x6
core   0: 3 0x8000a370 (0x00006f17) x30 0x80010370
core   0: 0x8000a374 (0xc83f2823) sw      gp, -880(t5)
core   0: 3 0x8000a374 (0xc83f2823) mem 0x80010000 0x00000001
core   0: 0x8000a378 (0x0000bfe5) c.j     pc - 8
core   0: 3 0x8000a378 (0xbfe5)
core   0: 0x8000a370 (0x00006f17) auipc   t5, 0x6
core   0: 3 0x8000a370 (0x00006f17) x30 0x80010370
core   0: 0x8000a374 (0xc83f2823) sw      gp, -880(t5)
core   0: 3 0x8000a374 (0xc83f2823) mem 0x80010000 0x00000001
core   0: 0x8000a378 (0x0000bfe5) c.j     pc - 8
core   0: 3 0x8000a378 (0xbfe5)
core   0: 0x8000a370 (0x00006f17) auipc   t5, 0x6
core   0: 3 0x8000a370 (0x00006f17) x30 0x80010370
core   0: 0x8000a374 (0xc83f2823) sw      gp, -880(t5)
core   0: 3 0x8000a374 (0xc83f2823) mem 0x80010000 0x00000001
core   0: 0x8000a378 (0x0000bfe5) c.j     pc - 8
core   0: 3 0x8000a378 (0xbfe5)
core   0: 0x8000a370 (0x00006f17) auipc   t5, 0x6
core   0: 3 0x8000a370 (0x00006f17) x30 0x80010370
core   0: 0x8000a374 (0xc83f2823) sw      gp, -880(t5)
core   0: 3 0x8000a374 (0xc83f2823) mem 0x80010000 0x00000001
core   0: 0x8000a378 (0x0000bfe5) c.j     pc - 8
core   0: 3 0x8000a378 (0xbfe5)
core   0: 0x8000a370 (0x00006f17) auipc   t5, 0x6
core   0: 3 0x8000a370 (0x00006f17) x30 0x80010370
core   0: 0x8000a374 (0xc83f2823) sw      gp, -880(t5)
core   0: 3 0x8000a374 (0xc83f2823) mem 0x80010000 0x00000001
core   0: 0x8000a378 (0x0000bfe5) c.j     pc - 8
core   0: 3 0x8000a378 (0xbfe5)
core   0: 0x8000a370 (0x00006f17) auipc   t5, 0x6
core   0: 3 0x8000a370 (0x00006f17) x30 0x80010370
core   0: 0x8000a374 (0xc83f2823) sw      gp, -880(t5)
core   0: 3 0x8000a374 (0xc83f2823) mem 0x80010000 0x00000001
core   0: 0x8000a378 (0x0000bfe5) c.j     pc - 8
core   0: 3 0x8000a378 (0xbfe5)
core   0: 0x8000a370 (0x00006f17) auipc   t5, 0x6
core   0: 3 0x8000a370 (0x00006f17) x30 0x80010370
core   0: 0x8000a374 (0xc83f2823) sw      gp, -880(t5)
core   0: 3 0x8000a374 (0xc83f2823) mem 0x80010000 0x00000001
core   0: 0x8000a378 (0x0000bfe5) c.j     pc - 8
core   0: 3 0x8000a378 (0xbfe5)
core   0: 0x8000a370 (0x00006f17) auipc   t5, 0x6
core   0: 3 0x8000a370 (0x00006f17) x30 0x80010370
core   0: 0x8000a374 (0xc83f2823) sw      gp, -880(t5)
core   0: 3 0x8000a374 (0xc83f2823) mem 0x80010000 0x00000001
core   0: 0x8000a378 (0x0000bfe5) c.j     pc - 8
core   0: 3 0x8000a378 (0xbfe5)
core   0: 0x8000a370 (0x00006f17) auipc   t5, 0x6
core   0: 3 0x8000a370 (0x00006f17) x30 0x80010370
core   0: 0x8000a374 (0xc83f2823) sw      gp, -880(t5)
core   0: 3 0x8000a374 (0xc83f2823) mem 0x80010000 0x00000001
core   0: 0x8000a378 (0x0000bfe5) c.j     pc - 8
core   0: 3 0x8000a378 (0xbfe5)
core   0: 0x8000a370 (0x00006f17) auipc   t5, 0x6
core   0: 3 0x8000a370 (0x00006f17) x30 0x80010370
core   0: 0x8000a374 (0xc83f2823) sw      gp, -880(t5)
core   0: 3 0x8000a374 (0xc83f2823) mem 0x80010000 0x00000001
core   0: 0x8000a378 (0x0000bfe5) c.j     pc - 8
core   0: 3 0x8000a378 (0xbfe5)
core   0: 0x8000a370 (0x00006f17) auipc   t5, 0x6
core   0: 3 0x8000a370 (0x00006f17) x30 0x80010370
core   0: 0x8000a374 (0xc83f2823) sw      gp, -880(t5)
core   0: 3 0x8000a374 (0xc83f2823) mem 0x80010000 0x00000001
core   0: 0x8000a378 (0x0000bfe5) c.j     pc - 8
core   0: 3 0x8000a378 (0xbfe5)
core   0: 0x8000a370 (0x00006f17) auipc   t5, 0x6
core   0: 3 0x8000a370 (0x00006f17) x30 0x80010370
core   0: 0x8000a374 (0xc83f2823) sw      gp, -880(t5)
core   0: 3 0x8000a374 (0xc83f2823) mem 0x80010000 0x00000001
core   0: 0x8000a378 (0x0000bfe5) c.j     pc - 8
core   0: 3 0x8000a378 (0xbfe5)
core   0: 0x8000a370 (0x00006f17) auipc   t5, 0x6
core   0: 3 0x8000a370 (0x00006f17) x30 0x80010370
core   0: 0x8000a374 (0xc83f2823) sw      gp, -880(t5)
core   0: 3 0x8000a374 (0xc83f2823) mem 0x80010000 0x00000001
core   0: 0x8000a378 (0x0000bfe5) c.j     pc - 8
core   0: 3 0x8000a378 (0xbfe5)
core   0: 0x8000a370 (0x00006f17) auipc   t5, 0x6
core   0: 3 0x8000a370 (0x00006f17) x30 0x80010370
core   0: 0x8000a374 (0xc83f2823) sw      gp, -880(t5)
core   0: 3 0x8000a374 (0xc83f2823) mem 0x80010000 0x00000001
core   0: 0x8000a378 (0x0000bfe5) c.j     pc - 8
core   0: 3 0x8000a378 (0xbfe5)
core   0: 0x8000a370 (0x00006f17) auipc   t5, 0x6
core   0: 3 0x8000a370 (0x00006f17) x30 0x80010370
core   0: 0x8000a374 (0xc83f2823) sw      gp, -880(t5)
core   0: 3 0x8000a374 (0xc83f2823) mem 0x80010000 0x00000001
core   0: 0x8000a378 (0x0000bfe5) c.j     pc - 8
core   0: 3 0x8000a378 (0xbfe5)
core   0: 0x8000a370 (0x00006f17) auipc   t5, 0x6
core   0: 3 0x8000a370 (0x00006f17) x30 0x80010370
core   0: 0x8000a374 (0xc83f2823) sw      gp, -880(t5)
core   0: 3 0x8000a374 (0xc83f2823) mem 0x80010000 0x00000001
core   0: 0x8000a378 (0x0000bfe5) c.j     pc - 8
core   0: 3 0x8000a378 (0xbfe5)
core   0: 0x8000a370 (0x00006f17) auipc   t5, 0x6
core   0: 3 0x8000a370 (0x00006f17) x30 0x80010370
core   0: 0x8000a374 (0xc83f2823) sw      gp, -880(t5)
core   0: 3 0x8000a374 (0xc83f2823) mem 0x80010000 0x00000001
core   0: 0x8000a378 (0x0000bfe5) c.j     pc - 8
core   0: 3 0x8000a378 (0xbfe5)
core   0: 0x8000a370 (0x00006f17) auipc   t5, 0x6
core   0: 3 0x8000a370 (0x00006f17) x30 0x80010370
core   0: 0x8000a374 (0xc83f2823) sw      gp, -880(t5)
core   0: 3 0x8000a374 (0xc83f2823) mem 0x80010000 0x00000001
core   0: 0x8000a378 (0x0000bfe5) c.j     pc - 8
core   0: 3 0x8000a378 (0xbfe5)
core   0: 0x8000a370 (0x00006f17) auipc   t5, 0x6
core   0: 3 0x8000a370 (0x00006f17) x30 0x80010370
core   0: 0x8000a374 (0xc83f2823) sw      gp, -880(t5)
core   0: 3 0x8000a374 (0xc83f2823) mem 0x80010000 0x00000001
core   0: 0x8000a378 (0x0000bfe5) c.j     pc - 8
core   0: 3 0x8000a378 (0xbfe5)
core   0: 0x8000a370 (0x00006f17) auipc   t5, 0x6
core   0: 3 0x8000a370 (0x00006f17) x30 0x80010370
core   0: 0x8000a374 (0xc83f2823) sw      gp, -880(t5)
core   0: 3 0x8000a374 (0xc83f2823) mem 0x80010000 0x00000001
core   0: 0x8000a378 (0x0000bfe5) c.j     pc - 8
core   0: 3 0x8000a378 (0xbfe5)
core   0: 0x8000a370 (0x00006f17) auipc   t5, 0x6
core   0: 3 0x8000a370 (0x00006f17) x30 0x80010370
core   0: 0x8000a374 (0xc83f2823) sw      gp, -880(t5)
core   0: 3 0x8000a374 (0xc83f2823) mem 0x80010000 0x00000001
core   0: 0x8000a378 (0x0000bfe5) c.j     pc - 8
core   0: 3 0x8000a378 (0xbfe5)
core   0: 0x8000a370 (0x00006f17) auipc   t5, 0x6
core   0: 3 0x8000a370 (0x00006f17) x30 0x80010370
core   0: 0x8000a374 (0xc83f2823) sw      gp, -880(t5)
core   0: 3 0x8000a374 (0xc83f2823) mem 0x80010000 0x00000001
core   0: 0x8000a378 (0x0000bfe5) c.j     pc - 8
core   0: 3 0x8000a378 (0xbfe5)
core   0: 0x8000a370 (0x00006f17) auipc   t5, 0x6
core   0: 3 0x8000a370 (0x00006f17) x30 0x80010370
core   0: 0x8000a374 (0xc83f2823) sw      gp, -880(t5)
core   0: 3 0x8000a374 (0xc83f2823) mem 0x80010000 0x00000001
core   0: 0x8000a378 (0x0000bfe5) c.j     pc - 8
core   0: 3 0x8000a378 (0xbfe5)
core   0: 0x8000a370 (0x00006f17) auipc   t5, 0x6
core   0: 3 0x8000a370 (0x00006f17) x30 0x80010370
core   0: 0x8000a374 (0xc83f2823) sw      gp, -880(t5)
core   0: 3 0x8000a374 (0xc83f2823) mem 0x80010000 0x00000001
core   0: 0x8000a378 (0x0000bfe5) c.j     pc - 8
core   0: 3 0x8000a378 (0xbfe5)
core   0: 0x8000a370 (0x00006f17) auipc   t5, 0x6
core   0: 3 0x8000a370 (0x00006f17) x30 0x80010370
core   0: 0x8000a374 (0xc83f2823) sw      gp, -880(t5)
core   0: 3 0x8000a374 (0xc83f2823) mem 0x80010000 0x00000001
core   0: 0x8000a378 (0x0000bfe5) c.j     pc - 8
core   0: 3 0x8000a378 (0xbfe5)
core   0: 0x8000a370 (0x00006f17) auipc   t5, 0x6
core   0: 3 0x8000a370 (0x00006f17) x30 0x80010370
core   0: 0x8000a374 (0xc83f2823) sw      gp, -880(t5)
core   0: 3 0x8000a374 (0xc83f2823) mem 0x80010000 0x00000001
core   0: 0x8000a378 (0x0000bfe5) c.j     pc - 8
core   0: 3 0x8000a378 (0xbfe5)
core   0: 0x8000a370 (0x00006f17) auipc   t5, 0x6
core   0: 3 0x8000a370 (0x00006f17) x30 0x80010370
core   0: 0x8000a374 (0xc83f2823) sw      gp, -880(t5)
core   0: 3 0x8000a374 (0xc83f2823) mem 0x80010000 0x00000001
core   0: 0x8000a378 (0x0000bfe5) c.j     pc - 8
core   0: 3 0x8000a378 (0xbfe5)
core   0: 0x8000a370 (0x00006f17) auipc   t5, 0x6
core   0: 3 0x8000a370 (0x00006f17) x30 0x80010370
core   0: 0x8000a374 (0xc83f2823) sw      gp, -880(t5)
core   0: 3 0x8000a374 (0xc83f2823) mem 0x80010000 0x00000001
core   0: 0x8000a378 (0x0000bfe5) c.j     pc - 8
core   0: 3 0x8000a378 (0xbfe5)
core   0: 0x8000a370 (0x00006f17) auipc   t5, 0x6
core   0: 3 0x8000a370 (0x00006f17) x30 0x80010370
core   0: 0x8000a374 (0xc83f2823) sw      gp, -880(t5)
core   0: 3 0x8000a374 (0xc83f2823) mem 0x80010000 0x00000001
core   0: 0x8000a378 (0x0000bfe5) c.j     pc - 8
core   0: 3 0x8000a378 (0xbfe5)
core   0: 0x8000a370 (0x00006f17) auipc   t5, 0x6
core   0: 3 0x8000a370 (0x00006f17) x30 0x80010370
core   0: 0x8000a374 (0xc83f2823) sw      gp, -880(t5)
core   0: 3 0x8000a374 (0xc83f2823) mem 0x80010000 0x00000001
core   0: 0x8000a378 (0x0000bfe5) c.j     pc - 8
core   0: 3 0x8000a378 (0xbfe5)
core   0: 0x8000a370 (0x00006f17) auipc   t5, 0x6
core   0: 3 0x8000a370 (0x00006f17) x30 0x80010370
core   0: 0x8000a374 (0xc83f2823) sw      gp, -880(t5)
core   0: 3 0x8000a374 (0xc83f2823) mem 0x80010000 0x00000001
core   0: 0x8000a378 (0x0000bfe5) c.j     pc - 8
core   0: 3 0x8000a378 (0xbfe5)
core   0: 0x8000a370 (0x00006f17) auipc   t5, 0x6
core   0: 3 0x8000a370 (0x00006f17) x30 0x80010370
core   0: 0x8000a374 (0xc83f2823) sw      gp, -880(t5)
core   0: 3 0x8000a374 (0xc83f2823) mem 0x80010000 0x00000001
core   0: 0x8000a378 (0x0000bfe5) c.j     pc - 8
core   0: 3 0x8000a378 (0xbfe5)
core   0: 0x8000a370 (0x00006f17) auipc   t5, 0x6
core   0: 3 0x8000a370 (0x00006f17) x30 0x80010370
core   0: 0x8000a374 (0xc83f2823) sw      gp, -880(t5)
core   0: 3 0x8000a374 (0xc83f2823) mem 0x80010000 0x00000001
core   0: 0x8000a378 (0x0000bfe5) c.j     pc - 8
core   0: 3 0x8000a378 (0xbfe5)
core   0: 0x8000a370 (0x00006f17) auipc   t5, 0x6
core   0: 3 0x8000a370 (0x00006f17) x30 0x80010370
core   0: 0x8000a374 (0xc83f2823) sw      gp, -880(t5)
core   0: 3 0x8000a374 (0xc83f2823) mem 0x80010000 0x00000001
core   0: 0x8000a378 (0x0000bfe5) c.j     pc - 8
core   0: 3 0x8000a378 (0xbfe5)
core   0: 0x8000a370 (0x00006f17) auipc   t5, 0x6
core   0: 3 0x8000a370 (0x00006f17) x30 0x80010370
core   0: 0x8000a374 (0xc83f2823) sw      gp, -880(t5)
core   0: 3 0x8000a374 (0xc83f2823) mem 0x80010000 0x00000001
core   0: 0x8000a378 (0x0000bfe5) c.j     pc - 8
core   0: 3 0x8000a378 (0xbfe5)
core   0: 0x8000a370 (0x00006f17) auipc   t5, 0x6
core   0: 3 0x8000a370 (0x00006f17) x30 0x80010370
core   0: 0x8000a374 (0xc83f2823) sw      gp, -880(t5)
core   0: 3 0x8000a374 (0xc83f2823) mem 0x80010000 0x00000001
core   0: 0x8000a378 (0x0000bfe5) c.j     pc - 8
core   0: 3 0x8000a378 (0xbfe5)
core   0: 0x8000a370 (0x00006f17) auipc   t5, 0x6
core   0: 3 0x8000a370 (0x00006f17) x30 0x80010370
core   0: 0x8000a374 (0xc83f2823) sw      gp, -880(t5)
core   0: 3 0x8000a374 (0xc83f2823) mem 0x80010000 0x00000001
core   0: 0x8000a378 (0x0000bfe5) c.j     pc - 8
core   0: 3 0x8000a378 (0xbfe5)
core   0: 0x8000a370 (0x00006f17) auipc   t5, 0x6
core   0: 3 0x8000a370 (0x00006f17) x30 0x80010370
core   0: 0x8000a374 (0xc83f2823) sw      gp, -880(t5)
core   0: 3 0x8000a374 (0xc83f2823) mem 0x80010000 0x00000001
core   0: 0x8000a378 (0x0000bfe5) c.j     pc - 8
core   0: 3 0x8000a378 (0xbfe5)
core   0: 0x8000a370 (0x00006f17) auipc   t5, 0x6
core   0: 3 0x8000a370 (0x00006f17) x30 0x80010370
core   0: 0x8000a374 (0xc83f2823) sw      gp, -880(t5)
core   0: 3 0x8000a374 (0xc83f2823) mem 0x80010000 0x00000001
core   0: 0x8000a378 (0x0000bfe5) c.j     pc - 8
core   0: 3 0x8000a378 (0xbfe5)
core   0: 0x8000a370 (0x00006f17) auipc   t5, 0x6
core   0: 3 0x8000a370 (0x00006f17) x30 0x80010370
core   0: 0x8000a374 (0xc83f2823) sw      gp, -880(t5)
core   0: 3 0x8000a374 (0xc83f2823) mem 0x80010000 0x00000001
core   0: 0x8000a378 (0x0000bfe5) c.j     pc - 8
core   0: 3 0x8000a378 (0xbfe5)
core   0: 0x8000a370 (0x00006f17) auipc   t5, 0x6
core   0: 3 0x8000a370 (0x00006f17) x30 0x80010370
core   0: 0x8000a374 (0xc83f2823) sw      gp, -880(t5)
core   0: 3 0x8000a374 (0xc83f2823) mem 0x80010000 0x00000001
core   0: 0x8000a378 (0x0000bfe5) c.j     pc - 8
core   0: 3 0x8000a378 (0xbfe5)
core   0: 0x8000a370 (0x00006f17) auipc   t5, 0x6
core   0: 3 0x8000a370 (0x00006f17) x30 0x80010370
core   0: 0x8000a374 (0xc83f2823) sw      gp, -880(t5)
core   0: 3 0x8000a374 (0xc83f2823) mem 0x80010000 0x00000001
core   0: 0x8000a378 (0x0000bfe5) c.j     pc - 8
core   0: 3 0x8000a378 (0xbfe5)
core   0: 0x8000a370 (0x00006f17) auipc   t5, 0x6
core   0: 3 0x8000a370 (0x00006f17) x30 0x80010370
core   0: 0x8000a374 (0xc83f2823) sw      gp, -880(t5)
core   0: 3 0x8000a374 (0xc83f2823) mem 0x80010000 0x00000001
core   0: 0x8000a378 (0x0000bfe5) c.j     pc - 8
core   0: 3 0x8000a378 (0xbfe5)
core   0: 0x8000a370 (0x00006f17) auipc   t5, 0x6
core   0: 3 0x8000a370 (0x00006f17) x30 0x80010370
core   0: 0x8000a374 (0xc83f2823) sw      gp, -880(t5)
core   0: 3 0x8000a374 (0xc83f2823) mem 0x80010000 0x00000001
core   0: 0x8000a378 (0x0000bfe5) c.j     pc - 8
core   0: 3 0x8000a378 (0xbfe5)
core   0: 0x8000a370 (0x00006f17) auipc   t5, 0x6
core   0: 3 0x8000a370 (0x00006f17) x30 0x80010370
core   0: 0x8000a374 (0xc83f2823) sw      gp, -880(t5)
core   0: 3 0x8000a374 (0xc83f2823) mem 0x80010000 0x00000001
core   0: 0x8000a378 (0x0000bfe5) c.j     pc - 8
core   0: 3 0x8000a378 (0xbfe5)
core   0: 0x8000a370 (0x00006f17) auipc   t5, 0x6
core   0: 3 0x8000a370 (0x00006f17) x30 0x80010370
core   0: 0x8000a374 (0xc83f2823) sw      gp, -880(t5)
core   0: 3 0x8000a374 (0xc83f2823) mem 0x80010000 0x00000001
core   0: 0x8000a378 (0x0000bfe5) c.j     pc - 8
core   0: 3 0x8000a378 (0xbfe5)
core   0: 0x8000a370 (0x00006f17) auipc   t5, 0x6
core   0: 3 0x8000a370 (0x00006f17) x30 0x80010370
core   0: 0x8000a374 (0xc83f2823) sw      gp, -880(t5)
core   0: 3 0x8000a374 (0xc83f2823) mem 0x80010000 0x00000001
core   0: 0x8000a378 (0x0000bfe5) c.j     pc - 8
core   0: 3 0x8000a378 (0xbfe5)
core   0: 0x8000a370 (0x00006f17) auipc   t5, 0x6
core   0: 3 0x8000a370 (0x00006f17) x30 0x80010370
core   0: 0x8000a374 (0xc83f2823) sw      gp, -880(t5)
core   0: 3 0x8000a374 (0xc83f2823) mem 0x80010000 0x00000001
core   0: 0x8000a378 (0x0000bfe5) c.j     pc - 8
core   0: 3 0x8000a378 (0xbfe5)
core   0: 0x8000a370 (0x00006f17) auipc   t5, 0x6
core   0: 3 0x8000a370 (0x00006f17) x30 0x80010370
core   0: 0x8000a374 (0xc83f2823) sw      gp, -880(t5)
core   0: 3 0x8000a374 (0xc83f2823) mem 0x80010000 0x00000001
core   0: 0x8000a378 (0x0000bfe5) c.j     pc - 8
core   0: 3 0x8000a378 (0xbfe5)
core   0: 0x8000a370 (0x00006f17) auipc   t5, 0x6
core   0: 3 0x8000a370 (0x00006f17) x30 0x80010370
core   0: 0x8000a374 (0xc83f2823) sw      gp, -880(t5)
core   0: 3 0x8000a374 (0xc83f2823) mem 0x80010000 0x00000001
core   0: 0x8000a378 (0x0000bfe5) c.j     pc - 8
core   0: 3 0x8000a378 (0xbfe5)
core   0: 0x8000a370 (0x00006f17) auipc   t5, 0x6
core   0: 3 0x8000a370 (0x00006f17) x30 0x80010370
core   0: 0x8000a374 (0xc83f2823) sw      gp, -880(t5)
core   0: 3 0x8000a374 (0xc83f2823) mem 0x80010000 0x00000001
core   0: 0x8000a378 (0x0000bfe5) c.j     pc - 8
core   0: 3 0x8000a378 (0xbfe5)
core   0: 0x8000a370 (0x00006f17) auipc   t5, 0x6
core   0: 3 0x8000a370 (0x00006f17) x30 0x80010370
core   0: 0x8000a374 (0xc83f2823) sw      gp, -880(t5)
core   0: 3 0x8000a374 (0xc83f2823) mem 0x80010000 0x00000001
core   0: 0x8000a378 (0x0000bfe5) c.j     pc - 8
core   0: 3 0x8000a378 (0xbfe5)
core   0: 0x8000a370 (0x00006f17) auipc   t5, 0x6
core   0: 3 0x8000a370 (0x00006f17) x30 0x80010370
core   0: 0x8000a374 (0xc83f2823) sw      gp, -880(t5)
core   0: 3 0x8000a374 (0xc83f2823) mem 0x80010000 0x00000001
core   0: 0x8000a378 (0x0000bfe5) c.j     pc - 8
core   0: 3 0x8000a378 (0xbfe5)
core   0: 0x8000a370 (0x00006f17) auipc   t5, 0x6
core   0: 3 0x8000a370 (0x00006f17) x30 0x80010370
core   0: 0x8000a374 (0xc83f2823) sw      gp, -880(t5)
core   0: 3 0x8000a374 (0xc83f2823) mem 0x80010000 0x00000001
core   0: 0x8000a378 (0x0000bfe5) c.j     pc - 8
core   0: 3 0x8000a378 (0xbfe5)
core   0: 0x8000a370 (0x00006f17) auipc   t5, 0x6
core   0: 3 0x8000a370 (0x00006f17) x30 0x80010370
core   0: 0x8000a374 (0xc83f2823) sw      gp, -880(t5)
core   0: 3 0x8000a374 (0xc83f2823) mem 0x80010000 0x00000001
core   0: 0x8000a378 (0x0000bfe5) c.j     pc - 8
core   0: 3 0x8000a378 (0xbfe5)
core   0: 0x8000a370 (0x00006f17) auipc   t5, 0x6
core   0: 3 0x8000a370 (0x00006f17) x30 0x80010370
core   0: 0x8000a374 (0xc83f2823) sw      gp, -880(t5)
core   0: 3 0x8000a374 (0xc83f2823) mem 0x80010000 0x00000001
core   0: 0x8000a378 (0x0000bfe5) c.j     pc - 8
core   0: 3 0x8000a378 (0xbfe5)
core   0: 0x8000a370 (0x00006f17) auipc   t5, 0x6
core   0: 3 0x8000a370 (0x00006f17) x30 0x80010370
core   0: 0x8000a374 (0xc83f2823) sw      gp, -880(t5)
core   0: 3 0x8000a374 (0xc83f2823) mem 0x80010000 0x00000001
core   0: 0x8000a378 (0x0000bfe5) c.j     pc - 8
core   0: 3 0x8000a378 (0xbfe5)
core   0: 0x8000a370 (0x00006f17) auipc   t5, 0x6
core   0: 3 0x8000a370 (0x00006f17) x30 0x80010370
core   0: 0x8000a374 (0xc83f2823) sw      gp, -880(t5)
core   0: 3 0x8000a374 (0xc83f2823) mem 0x80010000 0x00000001
core   0: 0x8000a378 (0x0000bfe5) c.j     pc - 8
core   0: 3 0x8000a378 (0xbfe5)
core   0: 0x8000a370 (0x00006f17) auipc   t5, 0x6
core   0: 3 0x8000a370 (0x00006f17) x30 0x80010370
core   0: 0x8000a374 (0xc83f2823) sw      gp, -880(t5)
core   0: 3 0x8000a374 (0xc83f2823) mem 0x80010000 0x00000001
core   0: 0x8000a378 (0x0000bfe5) c.j     pc - 8
core   0: 3 0x8000a378 (0xbfe5)
core   0: 0x8000a370 (0x00006f17) auipc   t5, 0x6
core   0: 3 0x8000a370 (0x00006f17) x30 0x80010370
core   0: 0x8000a374 (0xc83f2823) sw      gp, -880(t5)
core   0: 3 0x8000a374 (0xc83f2823) mem 0x80010000 0x00000001
core   0: 0x8000a378 (0x0000bfe5) c.j     pc - 8
core   0: 3 0x8000a378 (0xbfe5)
core   0: 0x8000a370 (0x00006f17) auipc   t5, 0x6
core   0: 3 0x8000a370 (0x00006f17) x30 0x80010370
core   0: 0x8000a374 (0xc83f2823) sw      gp, -880(t5)
core   0: 3 0x8000a374 (0xc83f2823) mem 0x80010000 0x00000001
core   0: 0x8000a378 (0x0000bfe5) c.j     pc - 8
core   0: 3 0x8000a378 (0xbfe5)
core   0: 0x8000a370 (0x00006f17) auipc   t5, 0x6
core   0: 3 0x8000a370 (0x00006f17) x30 0x80010370
core   0: 0x8000a374 (0xc83f2823) sw      gp, -880(t5)
core   0: 3 0x8000a374 (0xc83f2823) mem 0x80010000 0x00000001
core   0: 0x8000a378 (0x0000bfe5) c.j     pc - 8
core   0: 3 0x8000a378 (0xbfe5)
core   0: 0x8000a370 (0x00006f17) auipc   t5, 0x6
core   0: 3 0x8000a370 (0x00006f17) x30 0x80010370
core   0: 0x8000a374 (0xc83f2823) sw      gp, -880(t5)
core   0: 3 0x8000a374 (0xc83f2823) mem 0x80010000 0x00000001
core   0: 0x8000a378 (0x0000bfe5) c.j     pc - 8
core   0: 3 0x8000a378 (0xbfe5)
core   0: 0x8000a370 (0x00006f17) auipc   t5, 0x6
core   0: 3 0x8000a370 (0x00006f17) x30 0x80010370
core   0: 0x8000a374 (0xc83f2823) sw      gp, -880(t5)
core   0: 3 0x8000a374 (0xc83f2823) mem 0x80010000 0x00000001
core   0: 0x8000a378 (0x0000bfe5) c.j     pc - 8
core   0: 3 0x8000a378 (0xbfe5)
core   0: 0x8000a370 (0x00006f17) auipc   t5, 0x6
core   0: 3 0x8000a370 (0x00006f17) x30 0x80010370
core   0: 0x8000a374 (0xc83f2823) sw      gp, -880(t5)
core   0: 3 0x8000a374 (0xc83f2823) mem 0x80010000 0x00000001
core   0: 0x8000a378 (0x0000bfe5) c.j     pc - 8
core   0: 3 0x8000a378 (0xbfe5)
core   0: 0x8000a370 (0x00006f17) auipc   t5, 0x6
core   0: 3 0x8000a370 (0x00006f17) x30 0x80010370
core   0: 0x8000a374 (0xc83f2823) sw      gp, -880(t5)
core   0: 3 0x8000a374 (0xc83f2823) mem 0x80010000 0x00000001
core   0: 0x8000a378 (0x0000bfe5) c.j     pc - 8
core   0: 3 0x8000a378 (0xbfe5)
core   0: 0x8000a370 (0x00006f17) auipc   t5, 0x6
core   0: 3 0x8000a370 (0x00006f17) x30 0x80010370
core   0: 0x8000a374 (0xc83f2823) sw      gp, -880(t5)
core   0: 3 0x8000a374 (0xc83f2823) mem 0x80010000 0x00000001
core   0: 0x8000a378 (0x0000bfe5) c.j     pc - 8
core   0: 3 0x8000a378 (0xbfe5)
core   0: 0x8000a370 (0x00006f17) auipc   t5, 0x6
core   0: 3 0x8000a370 (0x00006f17) x30 0x80010370
core   0: 0x8000a374 (0xc83f2823) sw      gp, -880(t5)
core   0: 3 0x8000a374 (0xc83f2823) mem 0x80010000 0x00000001
core   0: 0x8000a378 (0x0000bfe5) c.j     pc - 8
core   0: 3 0x8000a378 (0xbfe5)
core   0: 0x8000a370 (0x00006f17) auipc   t5, 0x6
core   0: 3 0x8000a370 (0x00006f17) x30 0x80010370
core   0: 0x8000a374 (0xc83f2823) sw      gp, -880(t5)
core   0: 3 0x8000a374 (0xc83f2823) mem 0x80010000 0x00000001
core   0: 0x8000a378 (0x0000bfe5) c.j     pc - 8
core   0: 3 0x8000a378 (0xbfe5)
core   0: 0x8000a370 (0x00006f17) auipc   t5, 0x6
core   0: 3 0x8000a370 (0x00006f17) x30 0x80010370
core   0: 0x8000a374 (0xc83f2823) sw      gp, -880(t5)
core   0: 3 0x8000a374 (0xc83f2823) mem 0x80010000 0x00000001
core   0: 0x8000a378 (0x0000bfe5) c.j     pc - 8
core   0: 3 0x8000a378 (0xbfe5)
core   0: 0x8000a370 (0x00006f17) auipc   t5, 0x6
core   0: 3 0x8000a370 (0x00006f17) x30 0x80010370
core   0: 0x8000a374 (0xc83f2823) sw      gp, -880(t5)
core   0: 3 0x8000a374 (0xc83f2823) mem 0x80010000 0x00000001
core   0: 0x8000a378 (0x0000bfe5) c.j     pc - 8
core   0: 3 0x8000a378 (0xbfe5)
core   0: 0x8000a370 (0x00006f17) auipc   t5, 0x6
core   0: 3 0x8000a370 (0x00006f17) x30 0x80010370
core   0: 0x8000a374 (0xc83f2823) sw      gp, -880(t5)
core   0: 3 0x8000a374 (0xc83f2823) mem 0x80010000 0x00000001
core   0: 0x8000a378 (0x0000bfe5) c.j     pc - 8
core   0: 3 0x8000a378 (0xbfe5)
core   0: 0x8000a370 (0x00006f17) auipc   t5, 0x6
core   0: 3 0x8000a370 (0x00006f17) x30 0x80010370
core   0: 0x8000a374 (0xc83f2823) sw      gp, -880(t5)
core   0: 3 0x8000a374 (0xc83f2823) mem 0x80010000 0x00000001
core   0: 0x8000a378 (0x0000bfe5) c.j     pc - 8
core   0: 3 0x8000a378 (0xbfe5)
core   0: 0x8000a370 (0x00006f17) auipc   t5, 0x6
core   0: 3 0x8000a370 (0x00006f17) x30 0x80010370
core   0: 0x8000a374 (0xc83f2823) sw      gp, -880(t5)
core   0: 3 0x8000a374 (0xc83f2823) mem 0x80010000 0x00000001
core   0: 0x8000a378 (0x0000bfe5) c.j     pc - 8
core   0: 3 0x8000a378 (0xbfe5)
core   0: 0x8000a370 (0x00006f17) auipc   t5, 0x6
core   0: 3 0x8000a370 (0x00006f17) x30 0x80010370
core   0: 0x8000a374 (0xc83f2823) sw      gp, -880(t5)
core   0: 3 0x8000a374 (0xc83f2823) mem 0x80010000 0x00000001
core   0: 0x8000a378 (0x0000bfe5) c.j     pc - 8
core   0: 3 0x8000a378 (0xbfe5)
core   0: 0x8000a370 (0x00006f17) auipc   t5, 0x6
core   0: 3 0x8000a370 (0x00006f17) x30 0x80010370
core   0: 0x8000a374 (0xc83f2823) sw      gp, -880(t5)
core   0: 3 0x8000a374 (0xc83f2823) mem 0x80010000 0x00000001
core   0: 0x8000a378 (0x0000bfe5) c.j     pc - 8
core   0: 3 0x8000a378 (0xbfe5)
core   0: 0x8000a370 (0x00006f17) auipc   t5, 0x6
core   0: 3 0x8000a370 (0x00006f17) x30 0x80010370
core   0: 0x8000a374 (0xc83f2823) sw      gp, -880(t5)
core   0: 3 0x8000a374 (0xc83f2823) mem 0x80010000 0x00000001
core   0: 0x8000a378 (0x0000bfe5) c.j     pc - 8
core   0: 3 0x8000a378 (0xbfe5)
core   0: 0x8000a370 (0x00006f17) auipc   t5, 0x6
core   0: 3 0x8000a370 (0x00006f17) x30 0x80010370
core   0: 0x8000a374 (0xc83f2823) sw      gp, -880(t5)
core   0: 3 0x8000a374 (0xc83f2823) mem 0x80010000 0x00000001
core   0: 0x8000a378 (0x0000bfe5) c.j     pc - 8
core   0: 3 0x8000a378 (0xbfe5)
core   0: 0x8000a370 (0x00006f17) auipc   t5, 0x6
core   0: 3 0x8000a370 (0x00006f17) x30 0x80010370
core   0: 0x8000a374 (0xc83f2823) sw      gp, -880(t5)
core   0: 3 0x8000a374 (0xc83f2823) mem 0x80010000 0x00000001
core   0: 0x8000a378 (0x0000bfe5) c.j     pc - 8
core   0: 3 0x8000a378 (0xbfe5)
core   0: 0x8000a370 (0x00006f17) auipc   t5, 0x6
core   0: 3 0x8000a370 (0x00006f17) x30 0x80010370
core   0: 0x8000a374 (0xc83f2823) sw      gp, -880(t5)
core   0: 3 0x8000a374 (0xc83f2823) mem 0x80010000 0x00000001
core   0: 0x8000a378 (0x0000bfe5) c.j     pc - 8
core   0: 3 0x8000a378 (0xbfe5)
core   0: 0x8000a370 (0x00006f17) auipc   t5, 0x6
core   0: 3 0x8000a370 (0x00006f17) x30 0x80010370
core   0: 0x8000a374 (0xc83f2823) sw      gp, -880(t5)
core   0: 3 0x8000a374 (0xc83f2823) mem 0x80010000 0x00000001
core   0: 0x8000a378 (0x0000bfe5) c.j     pc - 8
core   0: 3 0x8000a378 (0xbfe5)
core   0: 0x8000a370 (0x00006f17) auipc   t5, 0x6
core   0: 3 0x8000a370 (0x00006f17) x30 0x80010370
core   0: 0x8000a374 (0xc83f2823) sw      gp, -880(t5)
core   0: 3 0x8000a374 (0xc83f2823) mem 0x80010000 0x00000001
core   0: 0x8000a378 (0x0000bfe5) c.j     pc - 8
core   0: 3 0x8000a378 (0xbfe5)
core   0: 0x8000a370 (0x00006f17) auipc   t5, 0x6
core   0: 3 0x8000a370 (0x00006f17) x30 0x80010370
core   0: 0x8000a374 (0xc83f2823) sw      gp, -880(t5)
core   0: 3 0x8000a374 (0xc83f2823) mem 0x80010000 0x00000001
core   0: 0x8000a378 (0x0000bfe5) c.j     pc - 8
core   0: 3 0x8000a378 (0xbfe5)
core   0: 0x8000a370 (0x00006f17) auipc   t5, 0x6
core   0: 3 0x8000a370 (0x00006f17) x30 0x80010370
core   0: 0x8000a374 (0xc83f2823) sw      gp, -880(t5)
core   0: 3 0x8000a374 (0xc83f2823) mem 0x80010000 0x00000001
core   0: 0x8000a378 (0x0000bfe5) c.j     pc - 8
core   0: 3 0x8000a378 (0xbfe5)
core   0: 0x8000a370 (0x00006f17) auipc   t5, 0x6
core   0: 3 0x8000a370 (0x00006f17) x30 0x80010370
core   0: 0x8000a374 (0xc83f2823) sw      gp, -880(t5)
core   0: 3 0x8000a374 (0xc83f2823) mem 0x80010000 0x00000001
core   0: 0x8000a378 (0x0000bfe5) c.j     pc - 8
core   0: 3 0x8000a378 (0xbfe5)
core   0: 0x8000a370 (0x00006f17) auipc   t5, 0x6
core   0: 3 0x8000a370 (0x00006f17) x30 0x80010370
core   0: 0x8000a374 (0xc83f2823) sw      gp, -880(t5)
core   0: 3 0x8000a374 (0xc83f2823) mem 0x80010000 0x00000001
core   0: 0x8000a378 (0x0000bfe5) c.j     pc - 8
core   0: 3 0x8000a378 (0xbfe5)
core   0: 0x8000a370 (0x00006f17) auipc   t5, 0x6
core   0: 3 0x8000a370 (0x00006f17) x30 0x80010370
core   0: 0x8000a374 (0xc83f2823) sw      gp, -880(t5)
core   0: 3 0x8000a374 (0xc83f2823) mem 0x80010000 0x00000001
core   0: 0x8000a378 (0x0000bfe5) c.j     pc - 8
core   0: 3 0x8000a378 (0xbfe5)
core   0: 0x8000a370 (0x00006f17) auipc   t5, 0x6
core   0: 3 0x8000a370 (0x00006f17) x30 0x80010370
core   0: 0x8000a374 (0xc83f2823) sw      gp, -880(t5)
core   0: 3 0x8000a374 (0xc83f2823) mem 0x80010000 0x00000001
core   0: 0x8000a378 (0x0000bfe5) c.j     pc - 8
core   0: 3 0x8000a378 (0xbfe5)
core   0: 0x8000a370 (0x00006f17) auipc   t5, 0x6
core   0: 3 0x8000a370 (0x00006f17) x30 0x80010370
core   0: 0x8000a374 (0xc83f2823) sw      gp, -880(t5)
core   0: 3 0x8000a374 (0xc83f2823) mem 0x80010000 0x00000001
core   0: 0x8000a378 (0x0000bfe5) c.j     pc - 8
core   0: 3 0x8000a378 (0xbfe5)
core   0: 0x8000a370 (0x00006f17) auipc   t5, 0x6
core   0: 3 0x8000a370 (0x00006f17) x30 0x80010370
core   0: 0x8000a374 (0xc83f2823) sw      gp, -880(t5)
core   0: 3 0x8000a374 (0xc83f2823) mem 0x80010000 0x00000001
core   0: 0x8000a378 (0x0000bfe5) c.j     pc - 8
core   0: 3 0x8000a378 (0xbfe5)
core   0: 0x8000a370 (0x00006f17) auipc   t5, 0x6
core   0: 3 0x8000a370 (0x00006f17) x30 0x80010370
core   0: 0x8000a374 (0xc83f2823) sw      gp, -880(t5)
core   0: 3 0x8000a374 (0xc83f2823) mem 0x80010000 0x00000001
core   0: 0x8000a378 (0x0000bfe5) c.j     pc - 8
core   0: 3 0x8000a378 (0xbfe5)
core   0: 0x8000a370 (0x00006f17) auipc   t5, 0x6
core   0: 3 0x8000a370 (0x00006f17) x30 0x80010370
core   0: 0x8000a374 (0xc83f2823) sw      gp, -880(t5)
core   0: 3 0x8000a374 (0xc83f2823) mem 0x80010000 0x00000001
core   0: 0x8000a378 (0x0000bfe5) c.j     pc - 8
core   0: 3 0x8000a378 (0xbfe5)
core   0: 0x8000a370 (0x00006f17) auipc   t5, 0x6
core   0: 3 0x8000a370 (0x00006f17) x30 0x80010370
core   0: 0x8000a374 (0xc83f2823) sw      gp, -880(t5)
core   0: 3 0x8000a374 (0xc83f2823) mem 0x80010000 0x00000001
core   0: 0x8000a378 (0x0000bfe5) c.j     pc - 8
core   0: 3 0x8000a378 (0xbfe5)
core   0: 0x8000a370 (0x00006f17) auipc   t5, 0x6
core   0: 3 0x8000a370 (0x00006f17) x30 0x80010370
core   0: 0x8000a374 (0xc83f2823) sw      gp, -880(t5)
core   0: 3 0x8000a374 (0xc83f2823) mem 0x80010000 0x00000001
core   0: 0x8000a378 (0x0000bfe5) c.j     pc - 8
core   0: 3 0x8000a378 (0xbfe5)
core   0: 0x8000a370 (0x00006f17) auipc   t5, 0x6
core   0: 3 0x8000a370 (0x00006f17) x30 0x80010370
core   0: 0x8000a374 (0xc83f2823) sw      gp, -880(t5)
core   0: 3 0x8000a374 (0xc83f2823) mem 0x80010000 0x00000001
core   0: 0x8000a378 (0x0000bfe5) c.j     pc - 8
core   0: 3 0x8000a378 (0xbfe5)
core   0: 0x8000a370 (0x00006f17) auipc   t5, 0x6
core   0: 3 0x8000a370 (0x00006f17) x30 0x80010370
core   0: 0x8000a374 (0xc83f2823) sw      gp, -880(t5)
core   0: 3 0x8000a374 (0xc83f2823) mem 0x80010000 0x00000001
core   0: 0x8000a378 (0x0000bfe5) c.j     pc - 8
core   0: 3 0x8000a378 (0xbfe5)
core   0: 0x8000a370 (0x00006f17) auipc   t5, 0x6
core   0: 3 0x8000a370 (0x00006f17) x30 0x80010370
core   0: 0x8000a374 (0xc83f2823) sw      gp, -880(t5)
core   0: 3 0x8000a374 (0xc83f2823) mem 0x80010000 0x00000001
core   0: 0x8000a378 (0x0000bfe5) c.j     pc - 8
core   0: 3 0x8000a378 (0xbfe5)
core   0: 0x8000a370 (0x00006f17) auipc   t5, 0x6
core   0: 3 0x8000a370 (0x00006f17) x30 0x80010370
core   0: 0x8000a374 (0xc83f2823) sw      gp, -880(t5)
core   0: 3 0x8000a374 (0xc83f2823) mem 0x80010000 0x00000001
core   0: 0x8000a378 (0x0000bfe5) c.j     pc - 8
core   0: 3 0x8000a378 (0xbfe5)
core   0: 0x8000a370 (0x00006f17) auipc   t5, 0x6
core   0: 3 0x8000a370 (0x00006f17) x30 0x80010370
core   0: 0x8000a374 (0xc83f2823) sw      gp, -880(t5)
core   0: 3 0x8000a374 (0xc83f2823) mem 0x80010000 0x00000001
core   0: 0x8000a378 (0x0000bfe5) c.j     pc - 8
core   0: 3 0x8000a378 (0xbfe5)
core   0: 0x8000a370 (0x00006f17) auipc   t5, 0x6
core   0: 3 0x8000a370 (0x00006f17) x30 0x80010370
core   0: 0x8000a374 (0xc83f2823) sw      gp, -880(t5)
core   0: 3 0x8000a374 (0xc83f2823) mem 0x80010000 0x00000001
core   0: 0x8000a378 (0x0000bfe5) c.j     pc - 8
core   0: 3 0x8000a378 (0xbfe5)
core   0: 0x8000a370 (0x00006f17) auipc   t5, 0x6
core   0: 3 0x8000a370 (0x00006f17) x30 0x80010370
core   0: 0x8000a374 (0xc83f2823) sw      gp, -880(t5)
core   0: 3 0x8000a374 (0xc83f2823) mem 0x80010000 0x00000001
core   0: 0x8000a378 (0x0000bfe5) c.j     pc - 8
core   0: 3 0x8000a378 (0xbfe5)
core   0: 0x8000a370 (0x00006f17) auipc   t5, 0x6
core   0: 3 0x8000a370 (0x00006f17) x30 0x80010370
core   0: 0x8000a374 (0xc83f2823) sw      gp, -880(t5)
core   0: 3 0x8000a374 (0xc83f2823) mem 0x80010000 0x00000001
core   0: 0x8000a378 (0x0000bfe5) c.j     pc - 8
core   0: 3 0x8000a378 (0xbfe5)
core   0: 0x8000a370 (0x00006f17) auipc   t5, 0x6
core   0: 3 0x8000a370 (0x00006f17) x30 0x80010370
core   0: 0x8000a374 (0xc83f2823) sw      gp, -880(t5)
core   0: 3 0x8000a374 (0xc83f2823) mem 0x80010000 0x00000001
core   0: 0x8000a378 (0x0000bfe5) c.j     pc - 8
core   0: 3 0x8000a378 (0xbfe5)
core   0: 0x8000a370 (0x00006f17) auipc   t5, 0x6
core   0: 3 0x8000a370 (0x00006f17) x30 0x80010370
core   0: 0x8000a374 (0xc83f2823) sw      gp, -880(t5)
core   0: 3 0x8000a374 (0xc83f2823) mem 0x80010000 0x00000001
core   0: 0x8000a378 (0x0000bfe5) c.j     pc - 8
core   0: 3 0x8000a378 (0xbfe5)
core   0: 0x8000a370 (0x00006f17) auipc   t5, 0x6
core   0: 3 0x8000a370 (0x00006f17) x30 0x80010370
core   0: 0x8000a374 (0xc83f2823) sw      gp, -880(t5)
core   0: 3 0x8000a374 (0xc83f2823) mem 0x80010000 0x00000001
core   0: 0x8000a378 (0x0000bfe5) c.j     pc - 8
core   0: 3 0x8000a378 (0xbfe5)
core   0: 0x8000a370 (0x00006f17) auipc   t5, 0x6
core   0: 3 0x8000a370 (0x00006f17) x30 0x80010370
core   0: 0x8000a374 (0xc83f2823) sw      gp, -880(t5)
core   0: 3 0x8000a374 (0xc83f2823) mem 0x80010000 0x00000001
core   0: 0x8000a378 (0x0000bfe5) c.j     pc - 8
core   0: 3 0x8000a378 (0xbfe5)
core   0: 0x8000a370 (0x00006f17) auipc   t5, 0x6
core   0: 3 0x8000a370 (0x00006f17) x30 0x80010370
core   0: 0x8000a374 (0xc83f2823) sw      gp, -880(t5)
core   0: 3 0x8000a374 (0xc83f2823) mem 0x80010000 0x00000001
core   0: 0x8000a378 (0x0000bfe5) c.j     pc - 8
core   0: 3 0x8000a378 (0xbfe5)
core   0: 0x8000a370 (0x00006f17) auipc   t5, 0x6
core   0: 3 0x8000a370 (0x00006f17) x30 0x80010370
core   0: 0x8000a374 (0xc83f2823) sw      gp, -880(t5)
core   0: 3 0x8000a374 (0xc83f2823) mem 0x80010000 0x00000001
core   0: 0x8000a378 (0x0000bfe5) c.j     pc - 8
core   0: 3 0x8000a378 (0xbfe5)
core   0: 0x8000a370 (0x00006f17) auipc   t5, 0x6
core   0: 3 0x8000a370 (0x00006f17) x30 0x80010370
core   0: 0x8000a374 (0xc83f2823) sw      gp, -880(t5)
core   0: 3 0x8000a374 (0xc83f2823) mem 0x80010000 0x00000001
core   0: 0x8000a378 (0x0000bfe5) c.j     pc - 8
core   0: 3 0x8000a378 (0xbfe5)
core   0: 0x8000a370 (0x00006f17) auipc   t5, 0x6
core   0: 3 0x8000a370 (0x00006f17) x30 0x80010370
core   0: 0x8000a374 (0xc83f2823) sw      gp, -880(t5)
core   0: 3 0x8000a374 (0xc83f2823) mem 0x80010000 0x00000001
core   0: 0x8000a378 (0x0000bfe5) c.j     pc - 8
core   0: 3 0x8000a378 (0xbfe5)
core   0: 0x8000a370 (0x00006f17) auipc   t5, 0x6
core   0: 3 0x8000a370 (0x00006f17) x30 0x80010370
core   0: 0x8000a374 (0xc83f2823) sw      gp, -880(t5)
core   0: 3 0x8000a374 (0xc83f2823) mem 0x80010000 0x00000001
core   0: 0x8000a378 (0x0000bfe5) c.j     pc - 8
core   0: 3 0x8000a378 (0xbfe5)
core   0: 0x8000a370 (0x00006f17) auipc   t5, 0x6
core   0: 3 0x8000a370 (0x00006f17) x30 0x80010370
core   0: 0x8000a374 (0xc83f2823) sw      gp, -880(t5)
core   0: 3 0x8000a374 (0xc83f2823) mem 0x80010000 0x00000001
core   0: 0x8000a378 (0x0000bfe5) c.j     pc - 8
core   0: 3 0x8000a378 (0xbfe5)
core   0: 0x8000a370 (0x00006f17) auipc   t5, 0x6
core   0: 3 0x8000a370 (0x00006f17) x30 0x80010370
core   0: 0x8000a374 (0xc83f2823) sw      gp, -880(t5)
core   0: 3 0x8000a374 (0xc83f2823) mem 0x80010000 0x00000001
core   0: 0x8000a378 (0x0000bfe5) c.j     pc - 8
core   0: 3 0x8000a378 (0xbfe5)
core   0: 0x8000a370 (0x00006f17) auipc   t5, 0x6
core   0: 3 0x8000a370 (0x00006f17) x30 0x80010370
core   0: 0x8000a374 (0xc83f2823) sw      gp, -880(t5)
core   0: 3 0x8000a374 (0xc83f2823) mem 0x80010000 0x00000001
core   0: 0x8000a378 (0x0000bfe5) c.j     pc - 8
core   0: 3 0x8000a378 (0xbfe5)
core   0: 0x8000a370 (0x00006f17) auipc   t5, 0x6
core   0: 3 0x8000a370 (0x00006f17) x30 0x80010370
core   0: 0x8000a374 (0xc83f2823) sw      gp, -880(t5)
core   0: 3 0x8000a374 (0xc83f2823) mem 0x80010000 0x00000001
core   0: 0x8000a378 (0x0000bfe5) c.j     pc - 8
core   0: 3 0x8000a378 (0xbfe5)
core   0: 0x8000a370 (0x00006f17) auipc   t5, 0x6
core   0: 3 0x8000a370 (0x00006f17) x30 0x80010370
core   0: 0x8000a374 (0xc83f2823) sw      gp, -880(t5)
core   0: 3 0x8000a374 (0xc83f2823) mem 0x80010000 0x00000001
core   0: 0x8000a378 (0x0000bfe5) c.j     pc - 8
core   0: 3 0x8000a378 (0xbfe5)
core   0: 0x8000a370 (0x00006f17) auipc   t5, 0x6
core   0: 3 0x8000a370 (0x00006f17) x30 0x80010370
core   0: 0x8000a374 (0xc83f2823) sw      gp, -880(t5)
core   0: 3 0x8000a374 (0xc83f2823) mem 0x80010000 0x00000001
core   0: 0x8000a378 (0x0000bfe5) c.j     pc - 8
core   0: 3 0x8000a378 (0xbfe5)
core   0: 0x8000a370 (0x00006f17) auipc   t5, 0x6
core   0: 3 0x8000a370 (0x00006f17) x30 0x80010370
core   0: 0x8000a374 (0xc83f2823) sw      gp, -880(t5)
core   0: 3 0x8000a374 (0xc83f2823) mem 0x80010000 0x00000001
core   0: 0x8000a378 (0x0000bfe5) c.j     pc - 8
core   0: 3 0x8000a378 (0xbfe5)
core   0: 0x8000a370 (0x00006f17) auipc   t5, 0x6
core   0: 3 0x8000a370 (0x00006f17) x30 0x80010370
core   0: 0x8000a374 (0xc83f2823) sw      gp, -880(t5)
core   0: 3 0x8000a374 (0xc83f2823) mem 0x80010000 0x00000001
core   0: 0x8000a378 (0x0000bfe5) c.j     pc - 8
core   0: 3 0x8000a378 (0xbfe5)
core   0: 0x8000a370 (0x00006f17) auipc   t5, 0x6
core   0: 3 0x8000a370 (0x00006f17) x30 0x80010370
core   0: 0x8000a374 (0xc83f2823) sw      gp, -880(t5)
core   0: 3 0x8000a374 (0xc83f2823) mem 0x80010000 0x00000001
core   0: 0x8000a378 (0x0000bfe5) c.j     pc - 8
core   0: 3 0x8000a378 (0xbfe5)
core   0: 0x8000a370 (0x00006f17) auipc   t5, 0x6
core   0: 3 0x8000a370 (0x00006f17) x30 0x80010370
core   0: 0x8000a374 (0xc83f2823) sw      gp, -880(t5)
core   0: 3 0x8000a374 (0xc83f2823) mem 0x80010000 0x00000001
core   0: 0x8000a378 (0x0000bfe5) c.j     pc - 8
core   0: 3 0x8000a378 (0xbfe5)
core   0: 0x8000a370 (0x00006f17) auipc   t5, 0x6
core   0: 3 0x8000a370 (0x00006f17) x30 0x80010370
core   0: 0x8000a374 (0xc83f2823) sw      gp, -880(t5)
core   0: 3 0x8000a374 (0xc83f2823) mem 0x80010000 0x00000001
core   0: 0x8000a378 (0x0000bfe5) c.j     pc - 8
core   0: 3 0x8000a378 (0xbfe5)
core   0: 0x8000a370 (0x00006f17) auipc   t5, 0x6
core   0: 3 0x8000a370 (0x00006f17) x30 0x80010370
core   0: 0x8000a374 (0xc83f2823) sw      gp, -880(t5)
core   0: 3 0x8000a374 (0xc83f2823) mem 0x80010000 0x00000001
core   0: 0x8000a378 (0x0000bfe5) c.j     pc - 8
core   0: 3 0x8000a378 (0xbfe5)
core   0: 0x8000a370 (0x00006f17) auipc   t5, 0x6
core   0: 3 0x8000a370 (0x00006f17) x30 0x80010370
core   0: 0x8000a374 (0xc83f2823) sw      gp, -880(t5)
core   0: 3 0x8000a374 (0xc83f2823) mem 0x80010000 0x00000001
core   0: 0x8000a378 (0x0000bfe5) c.j     pc - 8
core   0: 3 0x8000a378 (0xbfe5)
core   0: 0x8000a370 (0x00006f17) auipc   t5, 0x6
core   0: 3 0x8000a370 (0x00006f17) x30 0x80010370
core   0: 0x8000a374 (0xc83f2823) sw      gp, -880(t5)
core   0: 3 0x8000a374 (0xc83f2823) mem 0x80010000 0x00000001
core   0: 0x8000a378 (0x0000bfe5) c.j     pc - 8
core   0: 3 0x8000a378 (0xbfe5)
core   0: 0x8000a370 (0x00006f17) auipc   t5, 0x6
core   0: 3 0x8000a370 (0x00006f17) x30 0x80010370
core   0: 0x8000a374 (0xc83f2823) sw      gp, -880(t5)
core   0: 3 0x8000a374 (0xc83f2823) mem 0x80010000 0x00000001
core   0: 0x8000a378 (0x0000bfe5) c.j     pc - 8
core   0: 3 0x8000a378 (0xbfe5)
core   0: 0x8000a370 (0x00006f17) auipc   t5, 0x6
core   0: 3 0x8000a370 (0x00006f17) x30 0x80010370
core   0: 0x8000a374 (0xc83f2823) sw      gp, -880(t5)
core   0: 3 0x8000a374 (0xc83f2823) mem 0x80010000 0x00000001
core   0: 0x8000a378 (0x0000bfe5) c.j     pc - 8
core   0: 3 0x8000a378 (0xbfe5)
core   0: 0x8000a370 (0x00006f17) auipc   t5, 0x6
core   0: 3 0x8000a370 (0x00006f17) x30 0x80010370
core   0: 0x8000a374 (0xc83f2823) sw      gp, -880(t5)
core   0: 3 0x8000a374 (0xc83f2823) mem 0x80010000 0x00000001
core   0: 0x8000a378 (0x0000bfe5) c.j     pc - 8
core   0: 3 0x8000a378 (0xbfe5)
core   0: 0x8000a370 (0x00006f17) auipc   t5, 0x6
core   0: 3 0x8000a370 (0x00006f17) x30 0x80010370
core   0: 0x8000a374 (0xc83f2823) sw      gp, -880(t5)
core   0: 3 0x8000a374 (0xc83f2823) mem 0x80010000 0x00000001
core   0: 0x8000a378 (0x0000bfe5) c.j     pc - 8
core   0: 3 0x8000a378 (0xbfe5)
core   0: 0x8000a370 (0x00006f17) auipc   t5, 0x6
core   0: 3 0x8000a370 (0x00006f17) x30 0x80010370
core   0: 0x8000a374 (0xc83f2823) sw      gp, -880(t5)
core   0: 3 0x8000a374 (0xc83f2823) mem 0x80010000 0x00000001
core   0: 0x8000a378 (0x0000bfe5) c.j     pc - 8
core   0: 3 0x8000a378 (0xbfe5)
core   0: 0x8000a370 (0x00006f17) auipc   t5, 0x6
core   0: 3 0x8000a370 (0x00006f17) x30 0x80010370
core   0: 0x8000a374 (0xc83f2823) sw      gp, -880(t5)
core   0: 3 0x8000a374 (0xc83f2823) mem 0x80010000 0x00000001
core   0: 0x8000a378 (0x0000bfe5) c.j     pc - 8
core   0: 3 0x8000a378 (0xbfe5)
core   0: 0x8000a370 (0x00006f17) auipc   t5, 0x6
core   0: 3 0x8000a370 (0x00006f17) x30 0x80010370
core   0: 0x8000a374 (0xc83f2823) sw      gp, -880(t5)
core   0: 3 0x8000a374 (0xc83f2823) mem 0x80010000 0x00000001
core   0: 0x8000a378 (0x0000bfe5) c.j     pc - 8
core   0: 3 0x8000a378 (0xbfe5)
core   0: 0x8000a370 (0x00006f17) auipc   t5, 0x6
core   0: 3 0x8000a370 (0x00006f17) x30 0x80010370
core   0: 0x8000a374 (0xc83f2823) sw      gp, -880(t5)
core   0: 3 0x8000a374 (0xc83f2823) mem 0x80010000 0x00000001
core   0: 0x8000a378 (0x0000bfe5) c.j     pc - 8
core   0: 3 0x8000a378 (0xbfe5)
core   0: 0x8000a370 (0x00006f17) auipc   t5, 0x6
core   0: 3 0x8000a370 (0x00006f17) x30 0x80010370
core   0: 0x8000a374 (0xc83f2823) sw      gp, -880(t5)
core   0: 3 0x8000a374 (0xc83f2823) mem 0x80010000 0x00000001
core   0: 0x8000a378 (0x0000bfe5) c.j     pc - 8
core   0: 3 0x8000a378 (0xbfe5)
core   0: 0x8000a370 (0x00006f17) auipc   t5, 0x6
core   0: 3 0x8000a370 (0x00006f17) x30 0x80010370
core   0: 0x8000a374 (0xc83f2823) sw      gp, -880(t5)
core   0: 3 0x8000a374 (0xc83f2823) mem 0x80010000 0x00000001
core   0: 0x8000a378 (0x0000bfe5) c.j     pc - 8
core   0: 3 0x8000a378 (0xbfe5)
core   0: 0x8000a370 (0x00006f17) auipc   t5, 0x6
core   0: 3 0x8000a370 (0x00006f17) x30 0x80010370
core   0: 0x8000a374 (0xc83f2823) sw      gp, -880(t5)
core   0: 3 0x8000a374 (0xc83f2823) mem 0x80010000 0x00000001
core   0: 0x8000a378 (0x0000bfe5) c.j     pc - 8
core   0: 3 0x8000a378 (0xbfe5)
core   0: 0x8000a370 (0x00006f17) auipc   t5, 0x6
core   0: 3 0x8000a370 (0x00006f17) x30 0x80010370
core   0: 0x8000a374 (0xc83f2823) sw      gp, -880(t5)
core   0: 3 0x8000a374 (0xc83f2823) mem 0x80010000 0x00000001
core   0: 0x8000a378 (0x0000bfe5) c.j     pc - 8
core   0: 3 0x8000a378 (0xbfe5)
core   0: 0x8000a370 (0x00006f17) auipc   t5, 0x6
core   0: 3 0x8000a370 (0x00006f17) x30 0x80010370
core   0: 0x8000a374 (0xc83f2823) sw      gp, -880(t5)
core   0: 3 0x8000a374 (0xc83f2823) mem 0x80010000 0x00000001
core   0: 0x8000a378 (0x0000bfe5) c.j     pc - 8
core   0: 3 0x8000a378 (0xbfe5)
core   0: 0x8000a370 (0x00006f17) auipc   t5, 0x6
core   0: 3 0x8000a370 (0x00006f17) x30 0x80010370
core   0: 0x8000a374 (0xc83f2823) sw      gp, -880(t5)
core   0: 3 0x8000a374 (0xc83f2823) mem 0x80010000 0x00000001
core   0: 0x8000a378 (0x0000bfe5) c.j     pc - 8
core   0: 3 0x8000a378 (0xbfe5)
core   0: 0x8000a370 (0x00006f17) auipc   t5, 0x6
core   0: 3 0x8000a370 (0x00006f17) x30 0x80010370
core   0: 0x8000a374 (0xc83f2823) sw      gp, -880(t5)
core   0: 3 0x8000a374 (0xc83f2823) mem 0x80010000 0x00000001
core   0: 0x8000a378 (0x0000bfe5) c.j     pc - 8
core   0: 3 0x8000a378 (0xbfe5)
core   0: 0x8000a370 (0x00006f17) auipc   t5, 0x6
core   0: 3 0x8000a370 (0x00006f17) x30 0x80010370
core   0: 0x8000a374 (0xc83f2823) sw      gp, -880(t5)
core   0: 3 0x8000a374 (0xc83f2823) mem 0x80010000 0x00000001
core   0: 0x8000a378 (0x0000bfe5) c.j     pc - 8
core   0: 3 0x8000a378 (0xbfe5)
core   0: 0x8000a370 (0x00006f17) auipc   t5, 0x6
core   0: 3 0x8000a370 (0x00006f17) x30 0x80010370
core   0: 0x8000a374 (0xc83f2823) sw      gp, -880(t5)
core   0: 3 0x8000a374 (0xc83f2823) mem 0x80010000 0x00000001
core   0: 0x8000a378 (0x0000bfe5) c.j     pc - 8
core   0: 3 0x8000a378 (0xbfe5)
core   0: 0x8000a370 (0x00006f17) auipc   t5, 0x6
core   0: 3 0x8000a370 (0x00006f17) x30 0x80010370
core   0: 0x8000a374 (0xc83f2823) sw      gp, -880(t5)
core   0: 3 0x8000a374 (0xc83f2823) mem 0x80010000 0x00000001
core   0: 0x8000a378 (0x0000bfe5) c.j     pc - 8
core   0: 3 0x8000a378 (0xbfe5)
core   0: 0x8000a370 (0x00006f17) auipc   t5, 0x6
core   0: 3 0x8000a370 (0x00006f17) x30 0x80010370
core   0: 0x8000a374 (0xc83f2823) sw      gp, -880(t5)
core   0: 3 0x8000a374 (0xc83f2823) mem 0x80010000 0x00000001
core   0: 0x8000a378 (0x0000bfe5) c.j     pc - 8
core   0: 3 0x8000a378 (0xbfe5)
core   0: 0x8000a370 (0x00006f17) auipc   t5, 0x6
core   0: 3 0x8000a370 (0x00006f17) x30 0x80010370
core   0: 0x8000a374 (0xc83f2823) sw      gp, -880(t5)
core   0: 3 0x8000a374 (0xc83f2823) mem 0x80010000 0x00000001
core   0: 0x8000a378 (0x0000bfe5) c.j     pc - 8
core   0: 3 0x8000a378 (0xbfe5)
core   0: 0x8000a370 (0x00006f17) auipc   t5, 0x6
core   0: 3 0x8000a370 (0x00006f17) x30 0x80010370
core   0: 0x8000a374 (0xc83f2823) sw      gp, -880(t5)
core   0: 3 0x8000a374 (0xc83f2823) mem 0x80010000 0x00000001
core   0: 0x8000a378 (0x0000bfe5) c.j     pc - 8
core   0: 3 0x8000a378 (0xbfe5)
core   0: 0x8000a370 (0x00006f17) auipc   t5, 0x6
core   0: 3 0x8000a370 (0x00006f17) x30 0x80010370
core   0: 0x8000a374 (0xc83f2823) sw      gp, -880(t5)
core   0: 3 0x8000a374 (0xc83f2823) mem 0x80010000 0x00000001
core   0: 0x8000a378 (0x0000bfe5) c.j     pc - 8
core   0: 3 0x8000a378 (0xbfe5)
core   0: 0x8000a370 (0x00006f17) auipc   t5, 0x6
core   0: 3 0x8000a370 (0x00006f17) x30 0x80010370
core   0: 0x8000a374 (0xc83f2823) sw      gp, -880(t5)
core   0: 3 0x8000a374 (0xc83f2823) mem 0x80010000 0x00000001
core   0: 0x8000a378 (0x0000bfe5) c.j     pc - 8
core   0: 3 0x8000a378 (0xbfe5)
core   0: 0x8000a370 (0x00006f17) auipc   t5, 0x6
core   0: 3 0x8000a370 (0x00006f17) x30 0x80010370
core   0: 0x8000a374 (0xc83f2823) sw      gp, -880(t5)
core   0: 3 0x8000a374 (0xc83f2823) mem 0x80010000 0x00000001
core   0: 0x8000a378 (0x0000bfe5) c.j     pc - 8
core   0: 3 0x8000a378 (0xbfe5)
core   0: 0x8000a370 (0x00006f17) auipc   t5, 0x6
core   0: 3 0x8000a370 (0x00006f17) x30 0x80010370
core   0: 0x8000a374 (0xc83f2823) sw      gp, -880(t5)
core   0: 3 0x8000a374 (0xc83f2823) mem 0x80010000 0x00000001
core   0: 0x8000a378 (0x0000bfe5) c.j     pc - 8
core   0: 3 0x8000a378 (0xbfe5)
core   0: 0x8000a370 (0x00006f17) auipc   t5, 0x6
core   0: 3 0x8000a370 (0x00006f17) x30 0x80010370
core   0: 0x8000a374 (0xc83f2823) sw      gp, -880(t5)
core   0: 3 0x8000a374 (0xc83f2823) mem 0x80010000 0x00000001
core   0: 0x8000a378 (0x0000bfe5) c.j     pc - 8
core   0: 3 0x8000a378 (0xbfe5)
core   0: 0x8000a370 (0x00006f17) auipc   t5, 0x6
core   0: 3 0x8000a370 (0x00006f17) x30 0x80010370
core   0: 0x8000a374 (0xc83f2823) sw      gp, -880(t5)
core   0: 3 0x8000a374 (0xc83f2823) mem 0x80010000 0x00000001
core   0: 0x8000a378 (0x0000bfe5) c.j     pc - 8
core   0: 3 0x8000a378 (0xbfe5)
core   0: 0x8000a370 (0x00006f17) auipc   t5, 0x6
core   0: 3 0x8000a370 (0x00006f17) x30 0x80010370
core   0: 0x8000a374 (0xc83f2823) sw      gp, -880(t5)
core   0: 3 0x8000a374 (0xc83f2823) mem 0x80010000 0x00000001
core   0: 0x8000a378 (0x0000bfe5) c.j     pc - 8
core   0: 3 0x8000a378 (0xbfe5)
core   0: 0x8000a370 (0x00006f17) auipc   t5, 0x6
core   0: 3 0x8000a370 (0x00006f17) x30 0x80010370
core   0: 0x8000a374 (0xc83f2823) sw      gp, -880(t5)
core   0: 3 0x8000a374 (0xc83f2823) mem 0x80010000 0x00000001
core   0: 0x8000a378 (0x0000bfe5) c.j     pc - 8
core   0: 3 0x8000a378 (0xbfe5)
core   0: 0x8000a370 (0x00006f17) auipc   t5, 0x6
core   0: 3 0x8000a370 (0x00006f17) x30 0x80010370
core   0: 0x8000a374 (0xc83f2823) sw      gp, -880(t5)
core   0: 3 0x8000a374 (0xc83f2823) mem 0x80010000 0x00000001
core   0: 0x8000a378 (0x0000bfe5) c.j     pc - 8
core   0: 3 0x8000a378 (0xbfe5)
core   0: 0x8000a370 (0x00006f17) auipc   t5, 0x6
core   0: 3 0x8000a370 (0x00006f17) x30 0x80010370
core   0: 0x8000a374 (0xc83f2823) sw      gp, -880(t5)
core   0: 3 0x8000a374 (0xc83f2823) mem 0x80010000 0x00000001
core   0: 0x8000a378 (0x0000bfe5) c.j     pc - 8
core   0: 3 0x8000a378 (0xbfe5)
core   0: 0x8000a370 (0x00006f17) auipc   t5, 0x6
core   0: 3 0x8000a370 (0x00006f17) x30 0x80010370
core   0: 0x8000a374 (0xc83f2823) sw      gp, -880(t5)
core   0: 3 0x8000a374 (0xc83f2823) mem 0x80010000 0x00000001
core   0: 0x8000a378 (0x0000bfe5) c.j     pc - 8
core   0: 3 0x8000a378 (0xbfe5)
core   0: 0x8000a370 (0x00006f17) auipc   t5, 0x6
core   0: 3 0x8000a370 (0x00006f17) x30 0x80010370
core   0: 0x8000a374 (0xc83f2823) sw      gp, -880(t5)
core   0: 3 0x8000a374 (0xc83f2823) mem 0x80010000 0x00000001
core   0: 0x8000a378 (0x0000bfe5) c.j     pc - 8
core   0: 3 0x8000a378 (0xbfe5)
core   0: 0x8000a370 (0x00006f17) auipc   t5, 0x6
core   0: 3 0x8000a370 (0x00006f17) x30 0x80010370
core   0: 0x8000a374 (0xc83f2823) sw      gp, -880(t5)
core   0: 3 0x8000a374 (0xc83f2823) mem 0x80010000 0x00000001
core   0: 0x8000a378 (0x0000bfe5) c.j     pc - 8
core   0: 3 0x8000a378 (0xbfe5)
core   0: 0x8000a370 (0x00006f17) auipc   t5, 0x6
core   0: 3 0x8000a370 (0x00006f17) x30 0x80010370
core   0: 0x8000a374 (0xc83f2823) sw      gp, -880(t5)
core   0: 3 0x8000a374 (0xc83f2823) mem 0x80010000 0x00000001
core   0: 0x8000a378 (0x0000bfe5) c.j     pc - 8
core   0: 3 0x8000a378 (0xbfe5)
core   0: 0x8000a370 (0x00006f17) auipc   t5, 0x6
core   0: 3 0x8000a370 (0x00006f17) x30 0x80010370
core   0: 0x8000a374 (0xc83f2823) sw      gp, -880(t5)
core   0: 3 0x8000a374 (0xc83f2823) mem 0x80010000 0x00000001
core   0: 0x8000a378 (0x0000bfe5) c.j     pc - 8
core   0: 3 0x8000a378 (0xbfe5)
core   0: 0x8000a370 (0x00006f17) auipc   t5, 0x6
core   0: 3 0x8000a370 (0x00006f17) x30 0x80010370
core   0: 0x8000a374 (0xc83f2823) sw      gp, -880(t5)
core   0: 3 0x8000a374 (0xc83f2823) mem 0x80010000 0x00000001
core   0: 0x8000a378 (0x0000bfe5) c.j     pc - 8
core   0: 3 0x8000a378 (0xbfe5)
core   0: 0x8000a370 (0x00006f17) auipc   t5, 0x6
core   0: 3 0x8000a370 (0x00006f17) x30 0x80010370
core   0: 0x8000a374 (0xc83f2823) sw      gp, -880(t5)
core   0: 3 0x8000a374 (0xc83f2823) mem 0x80010000 0x00000001
core   0: 0x8000a378 (0x0000bfe5) c.j     pc - 8
core   0: 3 0x8000a378 (0xbfe5)
core   0: 0x8000a370 (0x00006f17) auipc   t5, 0x6
core   0: 3 0x8000a370 (0x00006f17) x30 0x80010370
core   0: 0x8000a374 (0xc83f2823) sw      gp, -880(t5)
core   0: 3 0x8000a374 (0xc83f2823) mem 0x80010000 0x00000001
core   0: 0x8000a378 (0x0000bfe5) c.j     pc - 8
core   0: 3 0x8000a378 (0xbfe5)
core   0: 0x8000a370 (0x00006f17) auipc   t5, 0x6
core   0: 3 0x8000a370 (0x00006f17) x30 0x80010370
core   0: 0x8000a374 (0xc83f2823) sw      gp, -880(t5)
core   0: 3 0x8000a374 (0xc83f2823) mem 0x80010000 0x00000001
core   0: 0x8000a378 (0x0000bfe5) c.j     pc - 8
core   0: 3 0x8000a378 (0xbfe5)
core   0: 0x8000a370 (0x00006f17) auipc   t5, 0x6
core   0: 3 0x8000a370 (0x00006f17) x30 0x80010370
core   0: 0x8000a374 (0xc83f2823) sw      gp, -880(t5)
core   0: 3 0x8000a374 (0xc83f2823) mem 0x80010000 0x00000001
core   0: 0x8000a378 (0x0000bfe5) c.j     pc - 8
core   0: 3 0x8000a378 (0xbfe5)
core   0: 0x8000a370 (0x00006f17) auipc   t5, 0x6
core   0: 3 0x8000a370 (0x00006f17) x30 0x80010370
core   0: 0x8000a374 (0xc83f2823) sw      gp, -880(t5)
core   0: 3 0x8000a374 (0xc83f2823) mem 0x80010000 0x00000001
core   0: 0x8000a378 (0x0000bfe5) c.j     pc - 8
core   0: 3 0x8000a378 (0xbfe5)
core   0: 0x8000a370 (0x00006f17) auipc   t5, 0x6
core   0: 3 0x8000a370 (0x00006f17) x30 0x80010370
core   0: 0x8000a374 (0xc83f2823) sw      gp, -880(t5)
core   0: 3 0x8000a374 (0xc83f2823) mem 0x80010000 0x00000001
core   0: 0x8000a378 (0x0000bfe5) c.j     pc - 8
core   0: 3 0x8000a378 (0xbfe5)
core   0: 0x8000a370 (0x00006f17) auipc   t5, 0x6
core   0: 3 0x8000a370 (0x00006f17) x30 0x80010370
core   0: 0x8000a374 (0xc83f2823) sw      gp, -880(t5)
core   0: 3 0x8000a374 (0xc83f2823) mem 0x80010000 0x00000001
core   0: 0x8000a378 (0x0000bfe5) c.j     pc - 8
core   0: 3 0x8000a378 (0xbfe5)
core   0: 0x8000a370 (0x00006f17) auipc   t5, 0x6
core   0: 3 0x8000a370 (0x00006f17) x30 0x80010370
core   0: 0x8000a374 (0xc83f2823) sw      gp, -880(t5)
core   0: 3 0x8000a374 (0xc83f2823) mem 0x80010000 0x00000001
core   0: 0x8000a378 (0x0000bfe5) c.j     pc - 8
core   0: 3 0x8000a378 (0xbfe5)
core   0: 0x8000a370 (0x00006f17) auipc   t5, 0x6
core   0: 3 0x8000a370 (0x00006f17) x30 0x80010370
core   0: 0x8000a374 (0xc83f2823) sw      gp, -880(t5)
core   0: 3 0x8000a374 (0xc83f2823) mem 0x80010000 0x00000001
core   0: 0x8000a378 (0x0000bfe5) c.j     pc - 8
core   0: 3 0x8000a378 (0xbfe5)
core   0: 0x8000a370 (0x00006f17) auipc   t5, 0x6
core   0: 3 0x8000a370 (0x00006f17) x30 0x80010370
core   0: 0x8000a374 (0xc83f2823) sw      gp, -880(t5)
core   0: 3 0x8000a374 (0xc83f2823) mem 0x80010000 0x00000001
core   0: 0x8000a378 (0x0000bfe5) c.j     pc - 8
core   0: 3 0x8000a378 (0xbfe5)
core   0: 0x8000a370 (0x00006f17) auipc   t5, 0x6
core   0: 3 0x8000a370 (0x00006f17) x30 0x80010370
core   0: 0x8000a374 (0xc83f2823) sw      gp, -880(t5)
core   0: 3 0x8000a374 (0xc83f2823) mem 0x80010000 0x00000001
core   0: 0x8000a378 (0x0000bfe5) c.j     pc - 8
core   0: 3 0x8000a378 (0xbfe5)
core   0: 0x8000a370 (0x00006f17) auipc   t5, 0x6
core   0: 3 0x8000a370 (0x00006f17) x30 0x80010370
core   0: 0x8000a374 (0xc83f2823) sw      gp, -880(t5)
core   0: 3 0x8000a374 (0xc83f2823) mem 0x80010000 0x00000001
core   0: 0x8000a378 (0x0000bfe5) c.j     pc - 8
core   0: 3 0x8000a378 (0xbfe5)
core   0: 0x8000a370 (0x00006f17) auipc   t5, 0x6
core   0: 3 0x8000a370 (0x00006f17) x30 0x80010370
core   0: 0x8000a374 (0xc83f2823) sw      gp, -880(t5)
core   0: 3 0x8000a374 (0xc83f2823) mem 0x80010000 0x00000001
core   0: 0x8000a378 (0x0000bfe5) c.j     pc - 8
core   0: 3 0x8000a378 (0xbfe5)
core   0: 0x8000a370 (0x00006f17) auipc   t5, 0x6
core   0: 3 0x8000a370 (0x00006f17) x30 0x80010370
core   0: 0x8000a374 (0xc83f2823) sw      gp, -880(t5)
core   0: 3 0x8000a374 (0xc83f2823) mem 0x80010000 0x00000001
core   0: 0x8000a378 (0x0000bfe5) c.j     pc - 8
core   0: 3 0x8000a378 (0xbfe5)
core   0: 0x8000a370 (0x00006f17) auipc   t5, 0x6
core   0: 3 0x8000a370 (0x00006f17) x30 0x80010370
core   0: 0x8000a374 (0xc83f2823) sw      gp, -880(t5)
core   0: 3 0x8000a374 (0xc83f2823) mem 0x80010000 0x00000001
core   0: 0x8000a378 (0x0000bfe5) c.j     pc - 8
core   0: 3 0x8000a378 (0xbfe5)
core   0: 0x8000a370 (0x00006f17) auipc   t5, 0x6
core   0: 3 0x8000a370 (0x00006f17) x30 0x80010370
core   0: 0x8000a374 (0xc83f2823) sw      gp, -880(t5)
core   0: 3 0x8000a374 (0xc83f2823) mem 0x80010000 0x00000001
core   0: 0x8000a378 (0x0000bfe5) c.j     pc - 8
core   0: 3 0x8000a378 (0xbfe5)
core   0: 0x8000a370 (0x00006f17) auipc   t5, 0x6
core   0: 3 0x8000a370 (0x00006f17) x30 0x80010370
core   0: 0x8000a374 (0xc83f2823) sw      gp, -880(t5)
core   0: 3 0x8000a374 (0xc83f2823) mem 0x80010000 0x00000001
core   0: 0x8000a378 (0x0000bfe5) c.j     pc - 8
core   0: 3 0x8000a378 (0xbfe5)
core   0: 0x8000a370 (0x00006f17) auipc   t5, 0x6
core   0: 3 0x8000a370 (0x00006f17) x30 0x80010370
core   0: 0x8000a374 (0xc83f2823) sw      gp, -880(t5)
core   0: 3 0x8000a374 (0xc83f2823) mem 0x80010000 0x00000001
core   0: 0x8000a378 (0x0000bfe5) c.j     pc - 8
core   0: 3 0x8000a378 (0xbfe5)
core   0: 0x8000a370 (0x00006f17) auipc   t5, 0x6
core   0: 3 0x8000a370 (0x00006f17) x30 0x80010370
core   0: 0x8000a374 (0xc83f2823) sw      gp, -880(t5)
core   0: 3 0x8000a374 (0xc83f2823) mem 0x80010000 0x00000001
core   0: 0x8000a378 (0x0000bfe5) c.j     pc - 8
core   0: 3 0x8000a378 (0xbfe5)
core   0: 0x8000a370 (0x00006f17) auipc   t5, 0x6
core   0: 3 0x8000a370 (0x00006f17) x30 0x80010370
core   0: 0x8000a374 (0xc83f2823) sw      gp, -880(t5)
core   0: 3 0x8000a374 (0xc83f2823) mem 0x80010000 0x00000001
core   0: 0x8000a378 (0x0000bfe5) c.j     pc - 8
core   0: 3 0x8000a378 (0xbfe5)
core   0: 0x8000a370 (0x00006f17) auipc   t5, 0x6
core   0: 3 0x8000a370 (0x00006f17) x30 0x80010370
core   0: 0x8000a374 (0xc83f2823) sw      gp, -880(t5)
core   0: 3 0x8000a374 (0xc83f2823) mem 0x80010000 0x00000001
core   0: 0x8000a378 (0x0000bfe5) c.j     pc - 8
core   0: 3 0x8000a378 (0xbfe5)
core   0: 0x8000a370 (0x00006f17) auipc   t5, 0x6
core   0: 3 0x8000a370 (0x00006f17) x30 0x80010370
core   0: 0x8000a374 (0xc83f2823) sw      gp, -880(t5)
core   0: 3 0x8000a374 (0xc83f2823) mem 0x80010000 0x00000001
core   0: 0x8000a378 (0x0000bfe5) c.j     pc - 8
core   0: 3 0x8000a378 (0xbfe5)
core   0: 0x8000a370 (0x00006f17) auipc   t5, 0x6
core   0: 3 0x8000a370 (0x00006f17) x30 0x80010370
core   0: 0x8000a374 (0xc83f2823) sw      gp, -880(t5)
core   0: 3 0x8000a374 (0xc83f2823) mem 0x80010000 0x00000001
core   0: 0x8000a378 (0x0000bfe5) c.j     pc - 8
core   0: 3 0x8000a378 (0xbfe5)
core   0: 0x8000a370 (0x00006f17) auipc   t5, 0x6
core   0: 3 0x8000a370 (0x00006f17) x30 0x80010370
core   0: 0x8000a374 (0xc83f2823) sw      gp, -880(t5)
core   0: 3 0x8000a374 (0xc83f2823) mem 0x80010000 0x00000001
core   0: 0x8000a378 (0x0000bfe5) c.j     pc - 8
core   0: 3 0x8000a378 (0xbfe5)
core   0: 0x8000a370 (0x00006f17) auipc   t5, 0x6
core   0: 3 0x8000a370 (0x00006f17) x30 0x80010370
core   0: 0x8000a374 (0xc83f2823) sw      gp, -880(t5)
core   0: 3 0x8000a374 (0xc83f2823) mem 0x80010000 0x00000001
core   0: 0x8000a378 (0x0000bfe5) c.j     pc - 8
core   0: 3 0x8000a378 (0xbfe5)
core   0: 0x8000a370 (0x00006f17) auipc   t5, 0x6
core   0: 3 0x8000a370 (0x00006f17) x30 0x80010370
core   0: 0x8000a374 (0xc83f2823) sw      gp, -880(t5)
core   0: 3 0x8000a374 (0xc83f2823) mem 0x80010000 0x00000001
core   0: 0x8000a378 (0x0000bfe5) c.j     pc - 8
core   0: 3 0x8000a378 (0xbfe5)
core   0: 0x8000a370 (0x00006f17) auipc   t5, 0x6
core   0: 3 0x8000a370 (0x00006f17) x30 0x80010370
core   0: 0x8000a374 (0xc83f2823) sw      gp, -880(t5)
core   0: 3 0x8000a374 (0xc83f2823) mem 0x80010000 0x00000001
core   0: 0x8000a378 (0x0000bfe5) c.j     pc - 8
core   0: 3 0x8000a378 (0xbfe5)
core   0: 0x8000a370 (0x00006f17) auipc   t5, 0x6
core   0: 3 0x8000a370 (0x00006f17) x30 0x80010370
core   0: 0x8000a374 (0xc83f2823) sw      gp, -880(t5)
core   0: 3 0x8000a374 (0xc83f2823) mem 0x80010000 0x00000001
core   0: 0x8000a378 (0x0000bfe5) c.j     pc - 8
core   0: 3 0x8000a378 (0xbfe5)
core   0: 0x8000a370 (0x00006f17) auipc   t5, 0x6
core   0: 3 0x8000a370 (0x00006f17) x30 0x80010370
core   0: 0x8000a374 (0xc83f2823) sw      gp, -880(t5)
core   0: 3 0x8000a374 (0xc83f2823) mem 0x80010000 0x00000001
core   0: 0x8000a378 (0x0000bfe5) c.j     pc - 8
core   0: 3 0x8000a378 (0xbfe5)
core   0: 0x8000a370 (0x00006f17) auipc   t5, 0x6
core   0: 3 0x8000a370 (0x00006f17) x30 0x80010370
core   0: 0x8000a374 (0xc83f2823) sw      gp, -880(t5)
core   0: 3 0x8000a374 (0xc83f2823) mem 0x80010000 0x00000001
core   0: 0x8000a378 (0x0000bfe5) c.j     pc - 8
core   0: 3 0x8000a378 (0xbfe5)
core   0: 0x8000a370 (0x00006f17) auipc   t5, 0x6
core   0: 3 0x8000a370 (0x00006f17) x30 0x80010370
core   0: 0x8000a374 (0xc83f2823) sw      gp, -880(t5)
core   0: 3 0x8000a374 (0xc83f2823) mem 0x80010000 0x00000001
core   0: 0x8000a378 (0x0000bfe5) c.j     pc - 8
core   0: 3 0x8000a378 (0xbfe5)
core   0: 0x8000a370 (0x00006f17) auipc   t5, 0x6
core   0: 3 0x8000a370 (0x00006f17) x30 0x80010370
core   0: 0x8000a374 (0xc83f2823) sw      gp, -880(t5)
core   0: 3 0x8000a374 (0xc83f2823) mem 0x80010000 0x00000001
core   0: 0x8000a378 (0x0000bfe5) c.j     pc - 8
core   0: 3 0x8000a378 (0xbfe5)
core   0: 0x8000a370 (0x00006f17) auipc   t5, 0x6
core   0: 3 0x8000a370 (0x00006f17) x30 0x80010370
core   0: 0x8000a374 (0xc83f2823) sw      gp, -880(t5)
core   0: 3 0x8000a374 (0xc83f2823) mem 0x80010000 0x00000001
core   0: 0x8000a378 (0x0000bfe5) c.j     pc - 8
core   0: 3 0x8000a378 (0xbfe5)
core   0: 0x8000a370 (0x00006f17) auipc   t5, 0x6
core   0: 3 0x8000a370 (0x00006f17) x30 0x80010370
core   0: 0x8000a374 (0xc83f2823) sw      gp, -880(t5)
core   0: 3 0x8000a374 (0xc83f2823) mem 0x80010000 0x00000001
core   0: 0x8000a378 (0x0000bfe5) c.j     pc - 8
core   0: 3 0x8000a378 (0xbfe5)
core   0: 0x8000a370 (0x00006f17) auipc   t5, 0x6
core   0: 3 0x8000a370 (0x00006f17) x30 0x80010370
core   0: 0x8000a374 (0xc83f2823) sw      gp, -880(t5)
core   0: 3 0x8000a374 (0xc83f2823) mem 0x80010000 0x00000001
core   0: 0x8000a378 (0x0000bfe5) c.j     pc - 8
core   0: 3 0x8000a378 (0xbfe5)
core   0: 0x8000a370 (0x00006f17) auipc   t5, 0x6
core   0: 3 0x8000a370 (0x00006f17) x30 0x80010370
core   0: 0x8000a374 (0xc83f2823) sw      gp, -880(t5)
core   0: 3 0x8000a374 (0xc83f2823) mem 0x80010000 0x00000001
core   0: 0x8000a378 (0x0000bfe5) c.j     pc - 8
core   0: 3 0x8000a378 (0xbfe5)
core   0: 0x8000a370 (0x00006f17) auipc   t5, 0x6
core   0: 3 0x8000a370 (0x00006f17) x30 0x80010370
core   0: 0x8000a374 (0xc83f2823) sw      gp, -880(t5)
core   0: 3 0x8000a374 (0xc83f2823) mem 0x80010000 0x00000001
core   0: 0x8000a378 (0x0000bfe5) c.j     pc - 8
core   0: 3 0x8000a378 (0xbfe5)
core   0: 0x8000a370 (0x00006f17) auipc   t5, 0x6
core   0: 3 0x8000a370 (0x00006f17) x30 0x80010370
core   0: 0x8000a374 (0xc83f2823) sw      gp, -880(t5)
core   0: 3 0x8000a374 (0xc83f2823) mem 0x80010000 0x00000001
core   0: 0x8000a378 (0x0000bfe5) c.j     pc - 8
core   0: 3 0x8000a378 (0xbfe5)
core   0: 0x8000a370 (0x00006f17) auipc   t5, 0x6
core   0: 3 0x8000a370 (0x00006f17) x30 0x80010370
core   0: 0x8000a374 (0xc83f2823) sw      gp, -880(t5)
core   0: 3 0x8000a374 (0xc83f2823) mem 0x80010000 0x00000001
core   0: 0x8000a378 (0x0000bfe5) c.j     pc - 8
core   0: 3 0x8000a378 (0xbfe5)
core   0: 0x8000a370 (0x00006f17) auipc   t5, 0x6
core   0: 3 0x8000a370 (0x00006f17) x30 0x80010370
core   0: 0x8000a374 (0xc83f2823) sw      gp, -880(t5)
core   0: 3 0x8000a374 (0xc83f2823) mem 0x80010000 0x00000001
core   0: 0x8000a378 (0x0000bfe5) c.j     pc - 8
core   0: 3 0x8000a378 (0xbfe5)
core   0: 0x8000a370 (0x00006f17) auipc   t5, 0x6
core   0: 3 0x8000a370 (0x00006f17) x30 0x80010370
core   0: 0x8000a374 (0xc83f2823) sw      gp, -880(t5)
core   0: 3 0x8000a374 (0xc83f2823) mem 0x80010000 0x00000001
core   0: 0x8000a378 (0x0000bfe5) c.j     pc - 8
core   0: 3 0x8000a378 (0xbfe5)
core   0: 0x8000a370 (0x00006f17) auipc   t5, 0x6
core   0: 3 0x8000a370 (0x00006f17) x30 0x80010370
core   0: 0x8000a374 (0xc83f2823) sw      gp, -880(t5)
core   0: 3 0x8000a374 (0xc83f2823) mem 0x80010000 0x00000001
core   0: 0x8000a378 (0x0000bfe5) c.j     pc - 8
core   0: 3 0x8000a378 (0xbfe5)
core   0: 0x8000a370 (0x00006f17) auipc   t5, 0x6
core   0: 3 0x8000a370 (0x00006f17) x30 0x80010370
core   0: 0x8000a374 (0xc83f2823) sw      gp, -880(t5)
core   0: 3 0x8000a374 (0xc83f2823) mem 0x80010000 0x00000001
core   0: 0x8000a378 (0x0000bfe5) c.j     pc - 8
core   0: 3 0x8000a378 (0xbfe5)
core   0: 0x8000a370 (0x00006f17) auipc   t5, 0x6
core   0: 3 0x8000a370 (0x00006f17) x30 0x80010370
core   0: 0x8000a374 (0xc83f2823) sw      gp, -880(t5)
core   0: 3 0x8000a374 (0xc83f2823) mem 0x80010000 0x00000001
core   0: 0x8000a378 (0x0000bfe5) c.j     pc - 8
core   0: 3 0x8000a378 (0xbfe5)
core   0: 0x8000a370 (0x00006f17) auipc   t5, 0x6
core   0: 3 0x8000a370 (0x00006f17) x30 0x80010370
core   0: 0x8000a374 (0xc83f2823) sw      gp, -880(t5)
core   0: 3 0x8000a374 (0xc83f2823) mem 0x80010000 0x00000001
core   0: 0x8000a378 (0x0000bfe5) c.j     pc - 8
core   0: 3 0x8000a378 (0xbfe5)
core   0: 0x8000a370 (0x00006f17) auipc   t5, 0x6
core   0: 3 0x8000a370 (0x00006f17) x30 0x80010370
core   0: 0x8000a374 (0xc83f2823) sw      gp, -880(t5)
core   0: 3 0x8000a374 (0xc83f2823) mem 0x80010000 0x00000001
core   0: 0x8000a378 (0x0000bfe5) c.j     pc - 8
core   0: 3 0x8000a378 (0xbfe5)
core   0: 0x8000a370 (0x00006f17) auipc   t5, 0x6
core   0: 3 0x8000a370 (0x00006f17) x30 0x80010370
core   0: 0x8000a374 (0xc83f2823) sw      gp, -880(t5)
core   0: 3 0x8000a374 (0xc83f2823) mem 0x80010000 0x00000001
core   0: 0x8000a378 (0x0000bfe5) c.j     pc - 8
core   0: 3 0x8000a378 (0xbfe5)
core   0: 0x8000a370 (0x00006f17) auipc   t5, 0x6
core   0: 3 0x8000a370 (0x00006f17) x30 0x80010370
core   0: 0x8000a374 (0xc83f2823) sw      gp, -880(t5)
core   0: 3 0x8000a374 (0xc83f2823) mem 0x80010000 0x00000001
core   0: 0x8000a378 (0x0000bfe5) c.j     pc - 8
core   0: 3 0x8000a378 (0xbfe5)
core   0: 0x8000a370 (0x00006f17) auipc   t5, 0x6
core   0: 3 0x8000a370 (0x00006f17) x30 0x80010370
core   0: 0x8000a374 (0xc83f2823) sw      gp, -880(t5)
core   0: 3 0x8000a374 (0xc83f2823) mem 0x80010000 0x00000001
core   0: 0x8000a378 (0x0000bfe5) c.j     pc - 8
core   0: 3 0x8000a378 (0xbfe5)
core   0: 0x8000a370 (0x00006f17) auipc   t5, 0x6
core   0: 3 0x8000a370 (0x00006f17) x30 0x80010370
core   0: 0x8000a374 (0xc83f2823) sw      gp, -880(t5)
core   0: 3 0x8000a374 (0xc83f2823) mem 0x80010000 0x00000001
core   0: 0x8000a378 (0x0000bfe5) c.j     pc - 8
core   0: 3 0x8000a378 (0xbfe5)
core   0: 0x8000a370 (0x00006f17) auipc   t5, 0x6
core   0: 3 0x8000a370 (0x00006f17) x30 0x80010370
core   0: 0x8000a374 (0xc83f2823) sw      gp, -880(t5)
core   0: 3 0x8000a374 (0xc83f2823) mem 0x80010000 0x00000001
core   0: 0x8000a378 (0x0000bfe5) c.j     pc - 8
core   0: 3 0x8000a378 (0xbfe5)
core   0: 0x8000a370 (0x00006f17) auipc   t5, 0x6
core   0: 3 0x8000a370 (0x00006f17) x30 0x80010370
core   0: 0x8000a374 (0xc83f2823) sw      gp, -880(t5)
core   0: 3 0x8000a374 (0xc83f2823) mem 0x80010000 0x00000001
core   0: 0x8000a378 (0x0000bfe5) c.j     pc - 8
core   0: 3 0x8000a378 (0xbfe5)
core   0: 0x8000a370 (0x00006f17) auipc   t5, 0x6
core   0: 3 0x8000a370 (0x00006f17) x30 0x80010370
core   0: 0x8000a374 (0xc83f2823) sw      gp, -880(t5)
core   0: 3 0x8000a374 (0xc83f2823) mem 0x80010000 0x00000001
core   0: 0x8000a378 (0x0000bfe5) c.j     pc - 8
core   0: 3 0x8000a378 (0xbfe5)
core   0: 0x8000a370 (0x00006f17) auipc   t5, 0x6
core   0: 3 0x8000a370 (0x00006f17) x30 0x80010370
core   0: 0x8000a374 (0xc83f2823) sw      gp, -880(t5)
core   0: 3 0x8000a374 (0xc83f2823) mem 0x80010000 0x00000001
core   0: 0x8000a378 (0x0000bfe5) c.j     pc - 8
core   0: 3 0x8000a378 (0xbfe5)
core   0: 0x8000a370 (0x00006f17) auipc   t5, 0x6
core   0: 3 0x8000a370 (0x00006f17) x30 0x80010370
core   0: 0x8000a374 (0xc83f2823) sw      gp, -880(t5)
core   0: 3 0x8000a374 (0xc83f2823) mem 0x80010000 0x00000001
core   0: 0x8000a378 (0x0000bfe5) c.j     pc - 8
core   0: 3 0x8000a378 (0xbfe5)
core   0: 0x8000a370 (0x00006f17) auipc   t5, 0x6
core   0: 3 0x8000a370 (0x00006f17) x30 0x80010370
core   0: 0x8000a374 (0xc83f2823) sw      gp, -880(t5)
core   0: 3 0x8000a374 (0xc83f2823) mem 0x80010000 0x00000001
core   0: 0x8000a378 (0x0000bfe5) c.j     pc - 8
core   0: 3 0x8000a378 (0xbfe5)
core   0: 0x8000a370 (0x00006f17) auipc   t5, 0x6
core   0: 3 0x8000a370 (0x00006f17) x30 0x80010370
core   0: 0x8000a374 (0xc83f2823) sw      gp, -880(t5)
core   0: 3 0x8000a374 (0xc83f2823) mem 0x80010000 0x00000001
core   0: 0x8000a378 (0x0000bfe5) c.j     pc - 8
core   0: 3 0x8000a378 (0xbfe5)
core   0: 0x8000a370 (0x00006f17) auipc   t5, 0x6
core   0: 3 0x8000a370 (0x00006f17) x30 0x80010370
core   0: 0x8000a374 (0xc83f2823) sw      gp, -880(t5)
core   0: 3 0x8000a374 (0xc83f2823) mem 0x80010000 0x00000001
core   0: 0x8000a378 (0x0000bfe5) c.j     pc - 8
core   0: 3 0x8000a378 (0xbfe5)
core   0: 0x8000a370 (0x00006f17) auipc   t5, 0x6
core   0: 3 0x8000a370 (0x00006f17) x30 0x80010370
core   0: 0x8000a374 (0xc83f2823) sw      gp, -880(t5)
core   0: 3 0x8000a374 (0xc83f2823) mem 0x80010000 0x00000001
core   0: 0x8000a378 (0x0000bfe5) c.j     pc - 8
core   0: 3 0x8000a378 (0xbfe5)
core   0: 0x8000a370 (0x00006f17) auipc   t5, 0x6
core   0: 3 0x8000a370 (0x00006f17) x30 0x80010370
core   0: 0x8000a374 (0xc83f2823) sw      gp, -880(t5)
core   0: 3 0x8000a374 (0xc83f2823) mem 0x80010000 0x00000001
core   0: 0x8000a378 (0x0000bfe5) c.j     pc - 8
core   0: 3 0x8000a378 (0xbfe5)
core   0: 0x8000a370 (0x00006f17) auipc   t5, 0x6
core   0: 3 0x8000a370 (0x00006f17) x30 0x80010370
core   0: 0x8000a374 (0xc83f2823) sw      gp, -880(t5)
core   0: 3 0x8000a374 (0xc83f2823) mem 0x80010000 0x00000001
core   0: 0x8000a378 (0x0000bfe5) c.j     pc - 8
core   0: 3 0x8000a378 (0xbfe5)
core   0: 0x8000a370 (0x00006f17) auipc   t5, 0x6
core   0: 3 0x8000a370 (0x00006f17) x30 0x80010370
core   0: 0x8000a374 (0xc83f2823) sw      gp, -880(t5)
core   0: 3 0x8000a374 (0xc83f2823) mem 0x80010000 0x00000001
core   0: 0x8000a378 (0x0000bfe5) c.j     pc - 8
core   0: 3 0x8000a378 (0xbfe5)
core   0: 0x8000a370 (0x00006f17) auipc   t5, 0x6
core   0: 3 0x8000a370 (0x00006f17) x30 0x80010370
core   0: 0x8000a374 (0xc83f2823) sw      gp, -880(t5)
core   0: 3 0x8000a374 (0xc83f2823) mem 0x80010000 0x00000001
core   0: 0x8000a378 (0x0000bfe5) c.j     pc - 8
core   0: 3 0x8000a378 (0xbfe5)
core   0: 0x8000a370 (0x00006f17) auipc   t5, 0x6
core   0: 3 0x8000a370 (0x00006f17) x30 0x80010370
core   0: 0x8000a374 (0xc83f2823) sw      gp, -880(t5)
core   0: 3 0x8000a374 (0xc83f2823) mem 0x80010000 0x00000001
core   0: 0x8000a378 (0x0000bfe5) c.j     pc - 8
core   0: 3 0x8000a378 (0xbfe5)
core   0: 0x8000a370 (0x00006f17) auipc   t5, 0x6
core   0: 3 0x8000a370 (0x00006f17) x30 0x80010370
core   0: 0x8000a374 (0xc83f2823) sw      gp, -880(t5)
core   0: 3 0x8000a374 (0xc83f2823) mem 0x80010000 0x00000001
core   0: 0x8000a378 (0x0000bfe5) c.j     pc - 8
core   0: 3 0x8000a378 (0xbfe5)
core   0: 0x8000a370 (0x00006f17) auipc   t5, 0x6
core   0: 3 0x8000a370 (0x00006f17) x30 0x80010370
core   0: 0x8000a374 (0xc83f2823) sw      gp, -880(t5)
core   0: 3 0x8000a374 (0xc83f2823) mem 0x80010000 0x00000001
core   0: 0x8000a378 (0x0000bfe5) c.j     pc - 8
core   0: 3 0x8000a378 (0xbfe5)
core   0: 0x8000a370 (0x00006f17) auipc   t5, 0x6
core   0: 3 0x8000a370 (0x00006f17) x30 0x80010370
core   0: 0x8000a374 (0xc83f2823) sw      gp, -880(t5)
core   0: 3 0x8000a374 (0xc83f2823) mem 0x80010000 0x00000001
core   0: 0x8000a378 (0x0000bfe5) c.j     pc - 8
core   0: 3 0x8000a378 (0xbfe5)
core   0: 0x8000a370 (0x00006f17) auipc   t5, 0x6
core   0: 3 0x8000a370 (0x00006f17) x30 0x80010370
core   0: 0x8000a374 (0xc83f2823) sw      gp, -880(t5)
core   0: 3 0x8000a374 (0xc83f2823) mem 0x80010000 0x00000001
core   0: 0x8000a378 (0x0000bfe5) c.j     pc - 8
core   0: 3 0x8000a378 (0xbfe5)
core   0: 0x8000a370 (0x00006f17) auipc   t5, 0x6
core   0: 3 0x8000a370 (0x00006f17) x30 0x80010370
core   0: 0x8000a374 (0xc83f2823) sw      gp, -880(t5)
core   0: 3 0x8000a374 (0xc83f2823) mem 0x80010000 0x00000001
core   0: 0x8000a378 (0x0000bfe5) c.j     pc - 8
core   0: 3 0x8000a378 (0xbfe5)
core   0: 0x8000a370 (0x00006f17) auipc   t5, 0x6
core   0: 3 0x8000a370 (0x00006f17) x30 0x80010370
core   0: 0x8000a374 (0xc83f2823) sw      gp, -880(t5)
core   0: 3 0x8000a374 (0xc83f2823) mem 0x80010000 0x00000001
core   0: 0x8000a378 (0x0000bfe5) c.j     pc - 8
core   0: 3 0x8000a378 (0xbfe5)
core   0: 0x8000a370 (0x00006f17) auipc   t5, 0x6
core   0: 3 0x8000a370 (0x00006f17) x30 0x80010370
core   0: 0x8000a374 (0xc83f2823) sw      gp, -880(t5)
core   0: 3 0x8000a374 (0xc83f2823) mem 0x80010000 0x00000001
core   0: 0x8000a378 (0x0000bfe5) c.j     pc - 8
core   0: 3 0x8000a378 (0xbfe5)
core   0: 0x8000a370 (0x00006f17) auipc   t5, 0x6
core   0: 3 0x8000a370 (0x00006f17) x30 0x80010370
core   0: 0x8000a374 (0xc83f2823) sw      gp, -880(t5)
core   0: 3 0x8000a374 (0xc83f2823) mem 0x80010000 0x00000001
core   0: 0x8000a378 (0x0000bfe5) c.j     pc - 8
core   0: 3 0x8000a378 (0xbfe5)
core   0: 0x8000a370 (0x00006f17) auipc   t5, 0x6
core   0: 3 0x8000a370 (0x00006f17) x30 0x80010370
core   0: 0x8000a374 (0xc83f2823) sw      gp, -880(t5)
core   0: 3 0x8000a374 (0xc83f2823) mem 0x80010000 0x00000001
core   0: 0x8000a378 (0x0000bfe5) c.j     pc - 8
core   0: 3 0x8000a378 (0xbfe5)
core   0: 0x8000a370 (0x00006f17) auipc   t5, 0x6
core   0: 3 0x8000a370 (0x00006f17) x30 0x80010370
core   0: 0x8000a374 (0xc83f2823) sw      gp, -880(t5)
core   0: 3 0x8000a374 (0xc83f2823) mem 0x80010000 0x00000001
core   0: 0x8000a378 (0x0000bfe5) c.j     pc - 8
core   0: 3 0x8000a378 (0xbfe5)
core   0: 0x8000a370 (0x00006f17) auipc   t5, 0x6
core   0: 3 0x8000a370 (0x00006f17) x30 0x80010370
core   0: 0x8000a374 (0xc83f2823) sw      gp, -880(t5)
core   0: 3 0x8000a374 (0xc83f2823) mem 0x80010000 0x00000001
core   0: 0x8000a378 (0x0000bfe5) c.j     pc - 8
core   0: 3 0x8000a378 (0xbfe5)
core   0: 0x8000a370 (0x00006f17) auipc   t5, 0x6
core   0: 3 0x8000a370 (0x00006f17) x30 0x80010370
core   0: 0x8000a374 (0xc83f2823) sw      gp, -880(t5)
core   0: 3 0x8000a374 (0xc83f2823) mem 0x80010000 0x00000001
core   0: 0x8000a378 (0x0000bfe5) c.j     pc - 8
core   0: 3 0x8000a378 (0xbfe5)
core   0: 0x8000a370 (0x00006f17) auipc   t5, 0x6
core   0: 3 0x8000a370 (0x00006f17) x30 0x80010370
core   0: 0x8000a374 (0xc83f2823) sw      gp, -880(t5)
core   0: 3 0x8000a374 (0xc83f2823) mem 0x80010000 0x00000001
core   0: 0x8000a378 (0x0000bfe5) c.j     pc - 8
core   0: 3 0x8000a378 (0xbfe5)
core   0: 0x8000a370 (0x00006f17) auipc   t5, 0x6
core   0: 3 0x8000a370 (0x00006f17) x30 0x80010370
core   0: 0x8000a374 (0xc83f2823) sw      gp, -880(t5)
core   0: 3 0x8000a374 (0xc83f2823) mem 0x80010000 0x00000001
core   0: 0x8000a378 (0x0000bfe5) c.j     pc - 8
core   0: 3 0x8000a378 (0xbfe5)
core   0: 0x8000a370 (0x00006f17) auipc   t5, 0x6
core   0: 3 0x8000a370 (0x00006f17) x30 0x80010370
core   0: 0x8000a374 (0xc83f2823) sw      gp, -880(t5)
core   0: 3 0x8000a374 (0xc83f2823) mem 0x80010000 0x00000001
core   0: 0x8000a378 (0x0000bfe5) c.j     pc - 8
core   0: 3 0x8000a378 (0xbfe5)
core   0: 0x8000a370 (0x00006f17) auipc   t5, 0x6
core   0: 3 0x8000a370 (0x00006f17) x30 0x80010370
core   0: 0x8000a374 (0xc83f2823) sw      gp, -880(t5)
core   0: 3 0x8000a374 (0xc83f2823) mem 0x80010000 0x00000001
core   0: 0x8000a378 (0x0000bfe5) c.j     pc - 8
core   0: 3 0x8000a378 (0xbfe5)
core   0: 0x8000a370 (0x00006f17) auipc   t5, 0x6
core   0: 3 0x8000a370 (0x00006f17) x30 0x80010370
core   0: 0x8000a374 (0xc83f2823) sw      gp, -880(t5)
core   0: 3 0x8000a374 (0xc83f2823) mem 0x80010000 0x00000001
core   0: 0x8000a378 (0x0000bfe5) c.j     pc - 8
core   0: 3 0x8000a378 (0xbfe5)
core   0: 0x8000a370 (0x00006f17) auipc   t5, 0x6
core   0: 3 0x8000a370 (0x00006f17) x30 0x80010370
core   0: 0x8000a374 (0xc83f2823) sw      gp, -880(t5)
core   0: 3 0x8000a374 (0xc83f2823) mem 0x80010000 0x00000001
core   0: 0x8000a378 (0x0000bfe5) c.j     pc - 8
core   0: 3 0x8000a378 (0xbfe5)
core   0: 0x8000a370 (0x00006f17) auipc   t5, 0x6
core   0: 3 0x8000a370 (0x00006f17) x30 0x80010370
core   0: 0x8000a374 (0xc83f2823) sw      gp, -880(t5)
core   0: 3 0x8000a374 (0xc83f2823) mem 0x80010000 0x00000001
core   0: 0x8000a378 (0x0000bfe5) c.j     pc - 8
core   0: 3 0x8000a378 (0xbfe5)
core   0: 0x8000a370 (0x00006f17) auipc   t5, 0x6
core   0: 3 0x8000a370 (0x00006f17) x30 0x80010370
core   0: 0x8000a374 (0xc83f2823) sw      gp, -880(t5)
core   0: 3 0x8000a374 (0xc83f2823) mem 0x80010000 0x00000001
core   0: 0x8000a378 (0x0000bfe5) c.j     pc - 8
core   0: 3 0x8000a378 (0xbfe5)
core   0: 0x8000a370 (0x00006f17) auipc   t5, 0x6
core   0: 3 0x8000a370 (0x00006f17) x30 0x80010370
core   0: 0x8000a374 (0xc83f2823) sw      gp, -880(t5)
core   0: 3 0x8000a374 (0xc83f2823) mem 0x80010000 0x00000001
core   0: 0x8000a378 (0x0000bfe5) c.j     pc - 8
core   0: 3 0x8000a378 (0xbfe5)
core   0: 0x8000a370 (0x00006f17) auipc   t5, 0x6
core   0: 3 0x8000a370 (0x00006f17) x30 0x80010370
core   0: 0x8000a374 (0xc83f2823) sw      gp, -880(t5)
core   0: 3 0x8000a374 (0xc83f2823) mem 0x80010000 0x00000001
core   0: 0x8000a378 (0x0000bfe5) c.j     pc - 8
core   0: 3 0x8000a378 (0xbfe5)
core   0: 0x8000a370 (0x00006f17) auipc   t5, 0x6
core   0: 3 0x8000a370 (0x00006f17) x30 0x80010370
core   0: 0x8000a374 (0xc83f2823) sw      gp, -880(t5)
core   0: 3 0x8000a374 (0xc83f2823) mem 0x80010000 0x00000001
core   0: 0x8000a378 (0x0000bfe5) c.j     pc - 8
core   0: 3 0x8000a378 (0xbfe5)
core   0: 0x8000a370 (0x00006f17) auipc   t5, 0x6
core   0: 3 0x8000a370 (0x00006f17) x30 0x80010370
core   0: 0x8000a374 (0xc83f2823) sw      gp, -880(t5)
core   0: 3 0x8000a374 (0xc83f2823) mem 0x80010000 0x00000001
core   0: 0x8000a378 (0x0000bfe5) c.j     pc - 8
core   0: 3 0x8000a378 (0xbfe5)
core   0: 0x8000a370 (0x00006f17) auipc   t5, 0x6
core   0: 3 0x8000a370 (0x00006f17) x30 0x80010370
core   0: 0x8000a374 (0xc83f2823) sw      gp, -880(t5)
core   0: 3 0x8000a374 (0xc83f2823) mem 0x80010000 0x00000001
core   0: 0x8000a378 (0x0000bfe5) c.j     pc - 8
core   0: 3 0x8000a378 (0xbfe5)
core   0: 0x8000a370 (0x00006f17) auipc   t5, 0x6
core   0: 3 0x8000a370 (0x00006f17) x30 0x80010370
core   0: 0x8000a374 (0xc83f2823) sw      gp, -880(t5)
core   0: 3 0x8000a374 (0xc83f2823) mem 0x80010000 0x00000001
core   0: 0x8000a378 (0x0000bfe5) c.j     pc - 8
core   0: 3 0x8000a378 (0xbfe5)
core   0: 0x8000a370 (0x00006f17) auipc   t5, 0x6
core   0: 3 0x8000a370 (0x00006f17) x30 0x80010370
core   0: 0x8000a374 (0xc83f2823) sw      gp, -880(t5)
core   0: 3 0x8000a374 (0xc83f2823) mem 0x80010000 0x00000001
core   0: 0x8000a378 (0x0000bfe5) c.j     pc - 8
core   0: 3 0x8000a378 (0xbfe5)
core   0: 0x8000a370 (0x00006f17) auipc   t5, 0x6
core   0: 3 0x8000a370 (0x00006f17) x30 0x80010370
core   0: 0x8000a374 (0xc83f2823) sw      gp, -880(t5)
core   0: 3 0x8000a374 (0xc83f2823) mem 0x80010000 0x00000001
core   0: 0x8000a378 (0x0000bfe5) c.j     pc - 8
core   0: 3 0x8000a378 (0xbfe5)
core   0: 0x8000a370 (0x00006f17) auipc   t5, 0x6
core   0: 3 0x8000a370 (0x00006f17) x30 0x80010370
core   0: 0x8000a374 (0xc83f2823) sw      gp, -880(t5)
core   0: 3 0x8000a374 (0xc83f2823) mem 0x80010000 0x00000001
core   0: 0x8000a378 (0x0000bfe5) c.j     pc - 8
core   0: 3 0x8000a378 (0xbfe5)
core   0: 0x8000a370 (0x00006f17) auipc   t5, 0x6
core   0: 3 0x8000a370 (0x00006f17) x30 0x80010370
core   0: 0x8000a374 (0xc83f2823) sw      gp, -880(t5)
core   0: 3 0x8000a374 (0xc83f2823) mem 0x80010000 0x00000001
core   0: 0x8000a378 (0x0000bfe5) c.j     pc - 8
core   0: 3 0x8000a378 (0xbfe5)
core   0: 0x8000a370 (0x00006f17) auipc   t5, 0x6
core   0: 3 0x8000a370 (0x00006f17) x30 0x80010370
core   0: 0x8000a374 (0xc83f2823) sw      gp, -880(t5)
core   0: 3 0x8000a374 (0xc83f2823) mem 0x80010000 0x00000001
core   0: 0x8000a378 (0x0000bfe5) c.j     pc - 8
core   0: 3 0x8000a378 (0xbfe5)
core   0: 0x8000a370 (0x00006f17) auipc   t5, 0x6
core   0: 3 0x8000a370 (0x00006f17) x30 0x80010370
core   0: 0x8000a374 (0xc83f2823) sw      gp, -880(t5)
core   0: 3 0x8000a374 (0xc83f2823) mem 0x80010000 0x00000001
core   0: 0x8000a378 (0x0000bfe5) c.j     pc - 8
core   0: 3 0x8000a378 (0xbfe5)
core   0: 0x8000a370 (0x00006f17) auipc   t5, 0x6
core   0: 3 0x8000a370 (0x00006f17) x30 0x80010370
core   0: 0x8000a374 (0xc83f2823) sw      gp, -880(t5)
core   0: 3 0x8000a374 (0xc83f2823) mem 0x80010000 0x00000001
core   0: 0x8000a378 (0x0000bfe5) c.j     pc - 8
core   0: 3 0x8000a378 (0xbfe5)
core   0: 0x8000a370 (0x00006f17) auipc   t5, 0x6
core   0: 3 0x8000a370 (0x00006f17) x30 0x80010370
core   0: 0x8000a374 (0xc83f2823) sw      gp, -880(t5)
core   0: 3 0x8000a374 (0xc83f2823) mem 0x80010000 0x00000001
core   0: 0x8000a378 (0x0000bfe5) c.j     pc - 8
core   0: 3 0x8000a378 (0xbfe5)
core   0: 0x8000a370 (0x00006f17) auipc   t5, 0x6
core   0: 3 0x8000a370 (0x00006f17) x30 0x80010370
core   0: 0x8000a374 (0xc83f2823) sw      gp, -880(t5)
core   0: 3 0x8000a374 (0xc83f2823) mem 0x80010000 0x00000001
core   0: 0x8000a378 (0x0000bfe5) c.j     pc - 8
core   0: 3 0x8000a378 (0xbfe5)
core   0: 0x8000a370 (0x00006f17) auipc   t5, 0x6
core   0: 3 0x8000a370 (0x00006f17) x30 0x80010370
core   0: 0x8000a374 (0xc83f2823) sw      gp, -880(t5)
core   0: 3 0x8000a374 (0xc83f2823) mem 0x80010000 0x00000001
core   0: 0x8000a378 (0x0000bfe5) c.j     pc - 8
core   0: 3 0x8000a378 (0xbfe5)
core   0: 0x8000a370 (0x00006f17) auipc   t5, 0x6
core   0: 3 0x8000a370 (0x00006f17) x30 0x80010370
core   0: 0x8000a374 (0xc83f2823) sw      gp, -880(t5)
core   0: 3 0x8000a374 (0xc83f2823) mem 0x80010000 0x00000001
core   0: 0x8000a378 (0x0000bfe5) c.j     pc - 8
core   0: 3 0x8000a378 (0xbfe5)
core   0: 0x8000a370 (0x00006f17) auipc   t5, 0x6
core   0: 3 0x8000a370 (0x00006f17) x30 0x80010370
core   0: 0x8000a374 (0xc83f2823) sw      gp, -880(t5)
core   0: 3 0x8000a374 (0xc83f2823) mem 0x80010000 0x00000001
core   0: 0x8000a378 (0x0000bfe5) c.j     pc - 8
core   0: 3 0x8000a378 (0xbfe5)
core   0: 0x8000a370 (0x00006f17) auipc   t5, 0x6
core   0: 3 0x8000a370 (0x00006f17) x30 0x80010370
core   0: 0x8000a374 (0xc83f2823) sw      gp, -880(t5)
core   0: 3 0x8000a374 (0xc83f2823) mem 0x80010000 0x00000001
core   0: 0x8000a378 (0x0000bfe5) c.j     pc - 8
core   0: 3 0x8000a378 (0xbfe5)
core   0: 0x8000a370 (0x00006f17) auipc   t5, 0x6
core   0: 3 0x8000a370 (0x00006f17) x30 0x80010370
core   0: 0x8000a374 (0xc83f2823) sw      gp, -880(t5)
core   0: 3 0x8000a374 (0xc83f2823) mem 0x80010000 0x00000001
core   0: 0x8000a378 (0x0000bfe5) c.j     pc - 8
core   0: 3 0x8000a378 (0xbfe5)
core   0: 0x8000a370 (0x00006f17) auipc   t5, 0x6
core   0: 3 0x8000a370 (0x00006f17) x30 0x80010370
core   0: 0x8000a374 (0xc83f2823) sw      gp, -880(t5)
core   0: 3 0x8000a374 (0xc83f2823) mem 0x80010000 0x00000001
core   0: 0x8000a378 (0x0000bfe5) c.j     pc - 8
core   0: 3 0x8000a378 (0xbfe5)
core   0: 0x8000a370 (0x00006f17) auipc   t5, 0x6
core   0: 3 0x8000a370 (0x00006f17) x30 0x80010370
core   0: 0x8000a374 (0xc83f2823) sw      gp, -880(t5)
core   0: 3 0x8000a374 (0xc83f2823) mem 0x80010000 0x00000001
core   0: 0x8000a378 (0x0000bfe5) c.j     pc - 8
core   0: 3 0x8000a378 (0xbfe5)
core   0: 0x8000a370 (0x00006f17) auipc   t5, 0x6
core   0: 3 0x8000a370 (0x00006f17) x30 0x80010370
core   0: 0x8000a374 (0xc83f2823) sw      gp, -880(t5)
core   0: 3 0x8000a374 (0xc83f2823) mem 0x80010000 0x00000001
core   0: 0x8000a378 (0x0000bfe5) c.j     pc - 8
core   0: 3 0x8000a378 (0xbfe5)
core   0: 0x8000a370 (0x00006f17) auipc   t5, 0x6
core   0: 3 0x8000a370 (0x00006f17) x30 0x80010370
core   0: 0x8000a374 (0xc83f2823) sw      gp, -880(t5)
core   0: 3 0x8000a374 (0xc83f2823) mem 0x80010000 0x00000001
core   0: 0x8000a378 (0x0000bfe5) c.j     pc - 8
core   0: 3 0x8000a378 (0xbfe5)
core   0: 0x8000a370 (0x00006f17) auipc   t5, 0x6
core   0: 3 0x8000a370 (0x00006f17) x30 0x80010370
core   0: 0x8000a374 (0xc83f2823) sw      gp, -880(t5)
core   0: 3 0x8000a374 (0xc83f2823) mem 0x80010000 0x00000001
core   0: 0x8000a378 (0x0000bfe5) c.j     pc - 8
core   0: 3 0x8000a378 (0xbfe5)
core   0: 0x8000a370 (0x00006f17) auipc   t5, 0x6
core   0: 3 0x8000a370 (0x00006f17) x30 0x80010370
core   0: 0x8000a374 (0xc83f2823) sw      gp, -880(t5)
core   0: 3 0x8000a374 (0xc83f2823) mem 0x80010000 0x00000001
core   0: 0x8000a378 (0x0000bfe5) c.j     pc - 8
core   0: 3 0x8000a378 (0xbfe5)
core   0: 0x8000a370 (0x00006f17) auipc   t5, 0x6
core   0: 3 0x8000a370 (0x00006f17) x30 0x80010370
core   0: 0x8000a374 (0xc83f2823) sw      gp, -880(t5)
core   0: 3 0x8000a374 (0xc83f2823) mem 0x80010000 0x00000001
core   0: 0x8000a378 (0x0000bfe5) c.j     pc - 8
core   0: 3 0x8000a378 (0xbfe5)
core   0: 0x8000a370 (0x00006f17) auipc   t5, 0x6
core   0: 3 0x8000a370 (0x00006f17) x30 0x80010370
core   0: 0x8000a374 (0xc83f2823) sw      gp, -880(t5)
core   0: 3 0x8000a374 (0xc83f2823) mem 0x80010000 0x00000001
core   0: 0x8000a378 (0x0000bfe5) c.j     pc - 8
core   0: 3 0x8000a378 (0xbfe5)
core   0: 0x8000a370 (0x00006f17) auipc   t5, 0x6
core   0: 3 0x8000a370 (0x00006f17) x30 0x80010370
core   0: 0x8000a374 (0xc83f2823) sw      gp, -880(t5)
core   0: 3 0x8000a374 (0xc83f2823) mem 0x80010000 0x00000001
core   0: 0x8000a378 (0x0000bfe5) c.j     pc - 8
core   0: 3 0x8000a378 (0xbfe5)
core   0: 0x8000a370 (0x00006f17) auipc   t5, 0x6
core   0: 3 0x8000a370 (0x00006f17) x30 0x80010370
core   0: 0x8000a374 (0xc83f2823) sw      gp, -880(t5)
core   0: 3 0x8000a374 (0xc83f2823) mem 0x80010000 0x00000001
core   0: 0x8000a378 (0x0000bfe5) c.j     pc - 8
core   0: 3 0x8000a378 (0xbfe5)
core   0: 0x8000a370 (0x00006f17) auipc   t5, 0x6
core   0: 3 0x8000a370 (0x00006f17) x30 0x80010370
core   0: 0x8000a374 (0xc83f2823) sw      gp, -880(t5)
core   0: 3 0x8000a374 (0xc83f2823) mem 0x80010000 0x00000001
core   0: 0x8000a378 (0x0000bfe5) c.j     pc - 8
core   0: 3 0x8000a378 (0xbfe5)
core   0: 0x8000a370 (0x00006f17) auipc   t5, 0x6
core   0: 3 0x8000a370 (0x00006f17) x30 0x80010370
core   0: 0x8000a374 (0xc83f2823) sw      gp, -880(t5)
core   0: 3 0x8000a374 (0xc83f2823) mem 0x80010000 0x00000001
core   0: 0x8000a378 (0x0000bfe5) c.j     pc - 8
core   0: 3 0x8000a378 (0xbfe5)
core   0: 0x8000a370 (0x00006f17) auipc   t5, 0x6
core   0: 3 0x8000a370 (0x00006f17) x30 0x80010370
core   0: 0x8000a374 (0xc83f2823) sw      gp, -880(t5)
core   0: 3 0x8000a374 (0xc83f2823) mem 0x80010000 0x00000001
core   0: 0x8000a378 (0x0000bfe5) c.j     pc - 8
core   0: 3 0x8000a378 (0xbfe5)
core   0: 0x8000a370 (0x00006f17) auipc   t5, 0x6
core   0: 3 0x8000a370 (0x00006f17) x30 0x80010370
core   0: 0x8000a374 (0xc83f2823) sw      gp, -880(t5)
core   0: 3 0x8000a374 (0xc83f2823) mem 0x80010000 0x00000001
core   0: 0x8000a378 (0x0000bfe5) c.j     pc - 8
core   0: 3 0x8000a378 (0xbfe5)
core   0: 0x8000a370 (0x00006f17) auipc   t5, 0x6
core   0: 3 0x8000a370 (0x00006f17) x30 0x80010370
core   0: 0x8000a374 (0xc83f2823) sw      gp, -880(t5)
core   0: 3 0x8000a374 (0xc83f2823) mem 0x80010000 0x00000001
core   0: 0x8000a378 (0x0000bfe5) c.j     pc - 8
core   0: 3 0x8000a378 (0xbfe5)
core   0: 0x8000a370 (0x00006f17) auipc   t5, 0x6
core   0: 3 0x8000a370 (0x00006f17) x30 0x80010370
core   0: 0x8000a374 (0xc83f2823) sw      gp, -880(t5)
core   0: 3 0x8000a374 (0xc83f2823) mem 0x80010000 0x00000001
core   0: 0x8000a378 (0x0000bfe5) c.j     pc - 8
core   0: 3 0x8000a378 (0xbfe5)
core   0: 0x8000a370 (0x00006f17) auipc   t5, 0x6
core   0: 3 0x8000a370 (0x00006f17) x30 0x80010370
core   0: 0x8000a374 (0xc83f2823) sw      gp, -880(t5)
core   0: 3 0x8000a374 (0xc83f2823) mem 0x80010000 0x00000001
core   0: 0x8000a378 (0x0000bfe5) c.j     pc - 8
core   0: 3 0x8000a378 (0xbfe5)
core   0: 0x8000a370 (0x00006f17) auipc   t5, 0x6
core   0: 3 0x8000a370 (0x00006f17) x30 0x80010370
core   0: 0x8000a374 (0xc83f2823) sw      gp, -880(t5)
core   0: 3 0x8000a374 (0xc83f2823) mem 0x80010000 0x00000001
core   0: 0x8000a378 (0x0000bfe5) c.j     pc - 8
core   0: 3 0x8000a378 (0xbfe5)
core   0: 0x8000a370 (0x00006f17) auipc   t5, 0x6
core   0: 3 0x8000a370 (0x00006f17) x30 0x80010370
core   0: 0x8000a374 (0xc83f2823) sw      gp, -880(t5)
core   0: 3 0x8000a374 (0xc83f2823) mem 0x80010000 0x00000001
core   0: 0x8000a378 (0x0000bfe5) c.j     pc - 8
core   0: 3 0x8000a378 (0xbfe5)
core   0: 0x8000a370 (0x00006f17) auipc   t5, 0x6
core   0: 3 0x8000a370 (0x00006f17) x30 0x80010370
core   0: 0x8000a374 (0xc83f2823) sw      gp, -880(t5)
core   0: 3 0x8000a374 (0xc83f2823) mem 0x80010000 0x00000001
core   0: 0x8000a378 (0x0000bfe5) c.j     pc - 8
core   0: 3 0x8000a378 (0xbfe5)
core   0: 0x8000a370 (0x00006f17) auipc   t5, 0x6
core   0: 3 0x8000a370 (0x00006f17) x30 0x80010370
core   0: 0x8000a374 (0xc83f2823) sw      gp, -880(t5)
core   0: 3 0x8000a374 (0xc83f2823) mem 0x80010000 0x00000001
core   0: 0x8000a378 (0x0000bfe5) c.j     pc - 8
core   0: 3 0x8000a378 (0xbfe5)
core   0: 0x8000a370 (0x00006f17) auipc   t5, 0x6
core   0: 3 0x8000a370 (0x00006f17) x30 0x80010370
core   0: 0x8000a374 (0xc83f2823) sw      gp, -880(t5)
core   0: 3 0x8000a374 (0xc83f2823) mem 0x80010000 0x00000001
core   0: 0x8000a378 (0x0000bfe5) c.j     pc - 8
core   0: 3 0x8000a378 (0xbfe5)
core   0: 0x8000a370 (0x00006f17) auipc   t5, 0x6
core   0: 3 0x8000a370 (0x00006f17) x30 0x80010370
core   0: 0x8000a374 (0xc83f2823) sw      gp, -880(t5)
core   0: 3 0x8000a374 (0xc83f2823) mem 0x80010000 0x00000001
core   0: 0x8000a378 (0x0000bfe5) c.j     pc - 8
core   0: 3 0x8000a378 (0xbfe5)
core   0: 0x8000a370 (0x00006f17) auipc   t5, 0x6
core   0: 3 0x8000a370 (0x00006f17) x30 0x80010370
core   0: 0x8000a374 (0xc83f2823) sw      gp, -880(t5)
core   0: 3 0x8000a374 (0xc83f2823) mem 0x80010000 0x00000001
core   0: 0x8000a378 (0x0000bfe5) c.j     pc - 8
core   0: 3 0x8000a378 (0xbfe5)
core   0: 0x8000a370 (0x00006f17) auipc   t5, 0x6
core   0: 3 0x8000a370 (0x00006f17) x30 0x80010370
core   0: 0x8000a374 (0xc83f2823) sw      gp, -880(t5)
core   0: 3 0x8000a374 (0xc83f2823) mem 0x80010000 0x00000001
core   0: 0x8000a378 (0x0000bfe5) c.j     pc - 8
core   0: 3 0x8000a378 (0xbfe5)
core   0: 0x8000a370 (0x00006f17) auipc   t5, 0x6
core   0: 3 0x8000a370 (0x00006f17) x30 0x80010370
core   0: 0x8000a374 (0xc83f2823) sw      gp, -880(t5)
core   0: 3 0x8000a374 (0xc83f2823) mem 0x80010000 0x00000001
core   0: 0x8000a378 (0x0000bfe5) c.j     pc - 8
core   0: 3 0x8000a378 (0xbfe5)
core   0: 0x8000a370 (0x00006f17) auipc   t5, 0x6
core   0: 3 0x8000a370 (0x00006f17) x30 0x80010370
core   0: 0x8000a374 (0xc83f2823) sw      gp, -880(t5)
core   0: 3 0x8000a374 (0xc83f2823) mem 0x80010000 0x00000001
core   0: 0x8000a378 (0x0000bfe5) c.j     pc - 8
core   0: 3 0x8000a378 (0xbfe5)
core   0: 0x8000a370 (0x00006f17) auipc   t5, 0x6
core   0: 3 0x8000a370 (0x00006f17) x30 0x80010370
core   0: 0x8000a374 (0xc83f2823) sw      gp, -880(t5)
core   0: 3 0x8000a374 (0xc83f2823) mem 0x80010000 0x00000001
core   0: 0x8000a378 (0x0000bfe5) c.j     pc - 8
core   0: 3 0x8000a378 (0xbfe5)
core   0: 0x8000a370 (0x00006f17) auipc   t5, 0x6
core   0: 3 0x8000a370 (0x00006f17) x30 0x80010370
core   0: 0x8000a374 (0xc83f2823) sw      gp, -880(t5)
core   0: 3 0x8000a374 (0xc83f2823) mem 0x80010000 0x00000001
core   0: 0x8000a378 (0x0000bfe5) c.j     pc - 8
core   0: 3 0x8000a378 (0xbfe5)
core   0: 0x8000a370 (0x00006f17) auipc   t5, 0x6
core   0: 3 0x8000a370 (0x00006f17) x30 0x80010370
core   0: 0x8000a374 (0xc83f2823) sw      gp, -880(t5)
core   0: 3 0x8000a374 (0xc83f2823) mem 0x80010000 0x00000001
core   0: 0x8000a378 (0x0000bfe5) c.j     pc - 8
core   0: 3 0x8000a378 (0xbfe5)
core   0: 0x8000a370 (0x00006f17) auipc   t5, 0x6
core   0: 3 0x8000a370 (0x00006f17) x30 0x80010370
core   0: 0x8000a374 (0xc83f2823) sw      gp, -880(t5)
core   0: 3 0x8000a374 (0xc83f2823) mem 0x80010000 0x00000001
core   0: 0x8000a378 (0x0000bfe5) c.j     pc - 8
core   0: 3 0x8000a378 (0xbfe5)
core   0: 0x8000a370 (0x00006f17) auipc   t5, 0x6
core   0: 3 0x8000a370 (0x00006f17) x30 0x80010370
core   0: 0x8000a374 (0xc83f2823) sw      gp, -880(t5)
core   0: 3 0x8000a374 (0xc83f2823) mem 0x80010000 0x00000001
core   0: 0x8000a378 (0x0000bfe5) c.j     pc - 8
core   0: 3 0x8000a378 (0xbfe5)
core   0: 0x8000a370 (0x00006f17) auipc   t5, 0x6
core   0: 3 0x8000a370 (0x00006f17) x30 0x80010370
core   0: 0x8000a374 (0xc83f2823) sw      gp, -880(t5)
core   0: 3 0x8000a374 (0xc83f2823) mem 0x80010000 0x00000001
core   0: 0x8000a378 (0x0000bfe5) c.j     pc - 8
core   0: 3 0x8000a378 (0xbfe5)
core   0: 0x8000a370 (0x00006f17) auipc   t5, 0x6
core   0: 3 0x8000a370 (0x00006f17) x30 0x80010370
core   0: 0x8000a374 (0xc83f2823) sw      gp, -880(t5)
core   0: 3 0x8000a374 (0xc83f2823) mem 0x80010000 0x00000001
core   0: 0x8000a378 (0x0000bfe5) c.j     pc - 8
core   0: 3 0x8000a378 (0xbfe5)
core   0: 0x8000a370 (0x00006f17) auipc   t5, 0x6
core   0: 3 0x8000a370 (0x00006f17) x30 0x80010370
core   0: 0x8000a374 (0xc83f2823) sw      gp, -880(t5)
core   0: 3 0x8000a374 (0xc83f2823) mem 0x80010000 0x00000001
core   0: 0x8000a378 (0x0000bfe5) c.j     pc - 8
core   0: 3 0x8000a378 (0xbfe5)
core   0: 0x8000a370 (0x00006f17) auipc   t5, 0x6
core   0: 3 0x8000a370 (0x00006f17) x30 0x80010370
core   0: 0x8000a374 (0xc83f2823) sw      gp, -880(t5)
core   0: 3 0x8000a374 (0xc83f2823) mem 0x80010000 0x00000001
core   0: 0x8000a378 (0x0000bfe5) c.j     pc - 8
core   0: 3 0x8000a378 (0xbfe5)
core   0: 0x8000a370 (0x00006f17) auipc   t5, 0x6
core   0: 3 0x8000a370 (0x00006f17) x30 0x80010370
core   0: 0x8000a374 (0xc83f2823) sw      gp, -880(t5)
core   0: 3 0x8000a374 (0xc83f2823) mem 0x80010000 0x00000001
core   0: 0x8000a378 (0x0000bfe5) c.j     pc - 8
core   0: 3 0x8000a378 (0xbfe5)
core   0: 0x8000a370 (0x00006f17) auipc   t5, 0x6
core   0: 3 0x8000a370 (0x00006f17) x30 0x80010370
core   0: 0x8000a374 (0xc83f2823) sw      gp, -880(t5)
core   0: 3 0x8000a374 (0xc83f2823) mem 0x80010000 0x00000001
core   0: 0x8000a378 (0x0000bfe5) c.j     pc - 8
core   0: 3 0x8000a378 (0xbfe5)
core   0: 0x8000a370 (0x00006f17) auipc   t5, 0x6
core   0: 3 0x8000a370 (0x00006f17) x30 0x80010370
core   0: 0x8000a374 (0xc83f2823) sw      gp, -880(t5)
core   0: 3 0x8000a374 (0xc83f2823) mem 0x80010000 0x00000001
core   0: 0x8000a378 (0x0000bfe5) c.j     pc - 8
core   0: 3 0x8000a378 (0xbfe5)
core   0: 0x8000a370 (0x00006f17) auipc   t5, 0x6
core   0: 3 0x8000a370 (0x00006f17) x30 0x80010370
core   0: 0x8000a374 (0xc83f2823) sw      gp, -880(t5)
core   0: 3 0x8000a374 (0xc83f2823) mem 0x80010000 0x00000001
core   0: 0x8000a378 (0x0000bfe5) c.j     pc - 8
core   0: 3 0x8000a378 (0xbfe5)
core   0: 0x8000a370 (0x00006f17) auipc   t5, 0x6
core   0: 3 0x8000a370 (0x00006f17) x30 0x80010370
core   0: 0x8000a374 (0xc83f2823) sw      gp, -880(t5)
core   0: 3 0x8000a374 (0xc83f2823) mem 0x80010000 0x00000001
core   0: 0x8000a378 (0x0000bfe5) c.j     pc - 8
core   0: 3 0x8000a378 (0xbfe5)
core   0: 0x8000a370 (0x00006f17) auipc   t5, 0x6
core   0: 3 0x8000a370 (0x00006f17) x30 0x80010370
core   0: 0x8000a374 (0xc83f2823) sw      gp, -880(t5)
core   0: 3 0x8000a374 (0xc83f2823) mem 0x80010000 0x00000001
core   0: 0x8000a378 (0x0000bfe5) c.j     pc - 8
core   0: 3 0x8000a378 (0xbfe5)
core   0: 0x8000a370 (0x00006f17) auipc   t5, 0x6
core   0: 3 0x8000a370 (0x00006f17) x30 0x80010370
core   0: 0x8000a374 (0xc83f2823) sw      gp, -880(t5)
core   0: 3 0x8000a374 (0xc83f2823) mem 0x80010000 0x00000001
core   0: 0x8000a378 (0x0000bfe5) c.j     pc - 8
core   0: 3 0x8000a378 (0xbfe5)
core   0: 0x8000a370 (0x00006f17) auipc   t5, 0x6
core   0: 3 0x8000a370 (0x00006f17) x30 0x80010370
core   0: 0x8000a374 (0xc83f2823) sw      gp, -880(t5)
core   0: 3 0x8000a374 (0xc83f2823) mem 0x80010000 0x00000001
core   0: 0x8000a378 (0x0000bfe5) c.j     pc - 8
core   0: 3 0x8000a378 (0xbfe5)
core   0: 0x8000a370 (0x00006f17) auipc   t5, 0x6
core   0: 3 0x8000a370 (0x00006f17) x30 0x80010370
core   0: 0x8000a374 (0xc83f2823) sw      gp, -880(t5)
core   0: 3 0x8000a374 (0xc83f2823) mem 0x80010000 0x00000001
core   0: 0x8000a378 (0x0000bfe5) c.j     pc - 8
core   0: 3 0x8000a378 (0xbfe5)
core   0: 0x8000a370 (0x00006f17) auipc   t5, 0x6
core   0: 3 0x8000a370 (0x00006f17) x30 0x80010370
core   0: 0x8000a374 (0xc83f2823) sw      gp, -880(t5)
core   0: 3 0x8000a374 (0xc83f2823) mem 0x80010000 0x00000001
core   0: 0x8000a378 (0x0000bfe5) c.j     pc - 8
core   0: 3 0x8000a378 (0xbfe5)
core   0: 0x8000a370 (0x00006f17) auipc   t5, 0x6
core   0: 3 0x8000a370 (0x00006f17) x30 0x80010370
core   0: 0x8000a374 (0xc83f2823) sw      gp, -880(t5)
core   0: 3 0x8000a374 (0xc83f2823) mem 0x80010000 0x00000001
core   0: 0x8000a378 (0x0000bfe5) c.j     pc - 8
core   0: 3 0x8000a378 (0xbfe5)
core   0: 0x8000a370 (0x00006f17) auipc   t5, 0x6
core   0: 3 0x8000a370 (0x00006f17) x30 0x80010370
core   0: 0x8000a374 (0xc83f2823) sw      gp, -880(t5)
core   0: 3 0x8000a374 (0xc83f2823) mem 0x80010000 0x00000001
core   0: 0x8000a378 (0x0000bfe5) c.j     pc - 8
core   0: 3 0x8000a378 (0xbfe5)
core   0: 0x8000a370 (0x00006f17) auipc   t5, 0x6
core   0: 3 0x8000a370 (0x00006f17) x30 0x80010370
core   0: 0x8000a374 (0xc83f2823) sw      gp, -880(t5)
core   0: 3 0x8000a374 (0xc83f2823) mem 0x80010000 0x00000001
core   0: 0x8000a378 (0x0000bfe5) c.j     pc - 8
core   0: 3 0x8000a378 (0xbfe5)
core   0: 0x8000a370 (0x00006f17) auipc   t5, 0x6
core   0: 3 0x8000a370 (0x00006f17) x30 0x80010370
core   0: 0x8000a374 (0xc83f2823) sw      gp, -880(t5)
core   0: 3 0x8000a374 (0xc83f2823) mem 0x80010000 0x00000001
core   0: 0x8000a378 (0x0000bfe5) c.j     pc - 8
core   0: 3 0x8000a378 (0xbfe5)
core   0: 0x8000a370 (0x00006f17) auipc   t5, 0x6
core   0: 3 0x8000a370 (0x00006f17) x30 0x80010370
core   0: 0x8000a374 (0xc83f2823) sw      gp, -880(t5)
core   0: 3 0x8000a374 (0xc83f2823) mem 0x80010000 0x00000001
core   0: 0x8000a378 (0x0000bfe5) c.j     pc - 8
core   0: 3 0x8000a378 (0xbfe5)
core   0: 0x8000a370 (0x00006f17) auipc   t5, 0x6
core   0: 3 0x8000a370 (0x00006f17) x30 0x80010370
core   0: 0x8000a374 (0xc83f2823) sw      gp, -880(t5)
core   0: 3 0x8000a374 (0xc83f2823) mem 0x80010000 0x00000001
core   0: 0x8000a378 (0x0000bfe5) c.j     pc - 8
core   0: 3 0x8000a378 (0xbfe5)
core   0: 0x8000a370 (0x00006f17) auipc   t5, 0x6
core   0: 3 0x8000a370 (0x00006f17) x30 0x80010370
core   0: 0x8000a374 (0xc83f2823) sw      gp, -880(t5)
core   0: 3 0x8000a374 (0xc83f2823) mem 0x80010000 0x00000001
core   0: 0x8000a378 (0x0000bfe5) c.j     pc - 8
core   0: 3 0x8000a378 (0xbfe5)
core   0: 0x8000a370 (0x00006f17) auipc   t5, 0x6
core   0: 3 0x8000a370 (0x00006f17) x30 0x80010370
core   0: 0x8000a374 (0xc83f2823) sw      gp, -880(t5)
core   0: 3 0x8000a374 (0xc83f2823) mem 0x80010000 0x00000001
core   0: 0x8000a378 (0x0000bfe5) c.j     pc - 8
core   0: 3 0x8000a378 (0xbfe5)
core   0: 0x8000a370 (0x00006f17) auipc   t5, 0x6
core   0: 3 0x8000a370 (0x00006f17) x30 0x80010370
core   0: 0x8000a374 (0xc83f2823) sw      gp, -880(t5)
core   0: 3 0x8000a374 (0xc83f2823) mem 0x80010000 0x00000001
core   0: 0x8000a378 (0x0000bfe5) c.j     pc - 8
core   0: 3 0x8000a378 (0xbfe5)
core   0: 0x8000a370 (0x00006f17) auipc   t5, 0x6
core   0: 3 0x8000a370 (0x00006f17) x30 0x80010370
core   0: 0x8000a374 (0xc83f2823) sw      gp, -880(t5)
core   0: 3 0x8000a374 (0xc83f2823) mem 0x80010000 0x00000001
core   0: 0x8000a378 (0x0000bfe5) c.j     pc - 8
core   0: 3 0x8000a378 (0xbfe5)
core   0: 0x8000a370 (0x00006f17) auipc   t5, 0x6
core   0: 3 0x8000a370 (0x00006f17) x30 0x80010370
core   0: 0x8000a374 (0xc83f2823) sw      gp, -880(t5)
core   0: 3 0x8000a374 (0xc83f2823) mem 0x80010000 0x00000001
core   0: 0x8000a378 (0x0000bfe5) c.j     pc - 8
core   0: 3 0x8000a378 (0xbfe5)
core   0: 0x8000a370 (0x00006f17) auipc   t5, 0x6
core   0: 3 0x8000a370 (0x00006f17) x30 0x80010370
core   0: 0x8000a374 (0xc83f2823) sw      gp, -880(t5)
core   0: 3 0x8000a374 (0xc83f2823) mem 0x80010000 0x00000001
core   0: 0x8000a378 (0x0000bfe5) c.j     pc - 8
core   0: 3 0x8000a378 (0xbfe5)
core   0: 0x8000a370 (0x00006f17) auipc   t5, 0x6
core   0: 3 0x8000a370 (0x00006f17) x30 0x80010370
core   0: 0x8000a374 (0xc83f2823) sw      gp, -880(t5)
core   0: 3 0x8000a374 (0xc83f2823) mem 0x80010000 0x00000001
core   0: 0x8000a378 (0x0000bfe5) c.j     pc - 8
core   0: 3 0x8000a378 (0xbfe5)
core   0: 0x8000a370 (0x00006f17) auipc   t5, 0x6
core   0: 3 0x8000a370 (0x00006f17) x30 0x80010370
core   0: 0x8000a374 (0xc83f2823) sw      gp, -880(t5)
core   0: 3 0x8000a374 (0xc83f2823) mem 0x80010000 0x00000001
core   0: 0x8000a378 (0x0000bfe5) c.j     pc - 8
core   0: 3 0x8000a378 (0xbfe5)
core   0: 0x8000a370 (0x00006f17) auipc   t5, 0x6
core   0: 3 0x8000a370 (0x00006f17) x30 0x80010370
core   0: 0x8000a374 (0xc83f2823) sw      gp, -880(t5)
core   0: 3 0x8000a374 (0xc83f2823) mem 0x80010000 0x00000001
core   0: 0x8000a378 (0x0000bfe5) c.j     pc - 8
core   0: 3 0x8000a378 (0xbfe5)
core   0: 0x8000a370 (0x00006f17) auipc   t5, 0x6
core   0: 3 0x8000a370 (0x00006f17) x30 0x80010370
core   0: 0x8000a374 (0xc83f2823) sw      gp, -880(t5)
core   0: 3 0x8000a374 (0xc83f2823) mem 0x80010000 0x00000001
core   0: 0x8000a378 (0x0000bfe5) c.j     pc - 8
core   0: 3 0x8000a378 (0xbfe5)
core   0: 0x8000a370 (0x00006f17) auipc   t5, 0x6
core   0: 3 0x8000a370 (0x00006f17) x30 0x80010370
core   0: 0x8000a374 (0xc83f2823) sw      gp, -880(t5)
core   0: 3 0x8000a374 (0xc83f2823) mem 0x80010000 0x00000001
core   0: 0x8000a378 (0x0000bfe5) c.j     pc - 8
core   0: 3 0x8000a378 (0xbfe5)
core   0: 0x8000a370 (0x00006f17) auipc   t5, 0x6
core   0: 3 0x8000a370 (0x00006f17) x30 0x80010370
core   0: 0x8000a374 (0xc83f2823) sw      gp, -880(t5)
core   0: 3 0x8000a374 (0xc83f2823) mem 0x80010000 0x00000001
core   0: 0x8000a378 (0x0000bfe5) c.j     pc - 8
core   0: 3 0x8000a378 (0xbfe5)
core   0: 0x8000a370 (0x00006f17) auipc   t5, 0x6
core   0: 3 0x8000a370 (0x00006f17) x30 0x80010370
core   0: 0x8000a374 (0xc83f2823) sw      gp, -880(t5)
core   0: 3 0x8000a374 (0xc83f2823) mem 0x80010000 0x00000001
core   0: 0x8000a378 (0x0000bfe5) c.j     pc - 8
core   0: 3 0x8000a378 (0xbfe5)
core   0: 0x8000a370 (0x00006f17) auipc   t5, 0x6
core   0: 3 0x8000a370 (0x00006f17) x30 0x80010370
core   0: 0x8000a374 (0xc83f2823) sw      gp, -880(t5)
core   0: 3 0x8000a374 (0xc83f2823) mem 0x80010000 0x00000001
core   0: 0x8000a378 (0x0000bfe5) c.j     pc - 8
core   0: 3 0x8000a378 (0xbfe5)
core   0: 0x8000a370 (0x00006f17) auipc   t5, 0x6
core   0: 3 0x8000a370 (0x00006f17) x30 0x80010370
core   0: 0x8000a374 (0xc83f2823) sw      gp, -880(t5)
core   0: 3 0x8000a374 (0xc83f2823) mem 0x80010000 0x00000001
core   0: 0x8000a378 (0x0000bfe5) c.j     pc - 8
core   0: 3 0x8000a378 (0xbfe5)
core   0: 0x8000a370 (0x00006f17) auipc   t5, 0x6
core   0: 3 0x8000a370 (0x00006f17) x30 0x80010370
core   0: 0x8000a374 (0xc83f2823) sw      gp, -880(t5)
core   0: 3 0x8000a374 (0xc83f2823) mem 0x80010000 0x00000001
core   0: 0x8000a378 (0x0000bfe5) c.j     pc - 8
core   0: 3 0x8000a378 (0xbfe5)
core   0: 0x8000a370 (0x00006f17) auipc   t5, 0x6
core   0: 3 0x8000a370 (0x00006f17) x30 0x80010370
core   0: 0x8000a374 (0xc83f2823) sw      gp, -880(t5)
core   0: 3 0x8000a374 (0xc83f2823) mem 0x80010000 0x00000001
core   0: 0x8000a378 (0x0000bfe5) c.j     pc - 8
core   0: 3 0x8000a378 (0xbfe5)
core   0: 0x8000a370 (0x00006f17) auipc   t5, 0x6
core   0: 3 0x8000a370 (0x00006f17) x30 0x80010370
core   0: 0x8000a374 (0xc83f2823) sw      gp, -880(t5)
core   0: 3 0x8000a374 (0xc83f2823) mem 0x80010000 0x00000001
core   0: 0x8000a378 (0x0000bfe5) c.j     pc - 8
core   0: 3 0x8000a378 (0xbfe5)
core   0: 0x8000a370 (0x00006f17) auipc   t5, 0x6
core   0: 3 0x8000a370 (0x00006f17) x30 0x80010370
core   0: 0x8000a374 (0xc83f2823) sw      gp, -880(t5)
core   0: 3 0x8000a374 (0xc83f2823) mem 0x80010000 0x00000001
core   0: 0x8000a378 (0x0000bfe5) c.j     pc - 8
core   0: 3 0x8000a378 (0xbfe5)
core   0: 0x8000a370 (0x00006f17) auipc   t5, 0x6
core   0: 3 0x8000a370 (0x00006f17) x30 0x80010370
core   0: 0x8000a374 (0xc83f2823) sw      gp, -880(t5)
core   0: 3 0x8000a374 (0xc83f2823) mem 0x80010000 0x00000001
core   0: 0x8000a378 (0x0000bfe5) c.j     pc - 8
core   0: 3 0x8000a378 (0xbfe5)
core   0: 0x8000a370 (0x00006f17) auipc   t5, 0x6
core   0: 3 0x8000a370 (0x00006f17) x30 0x80010370
core   0: 0x8000a374 (0xc83f2823) sw      gp, -880(t5)
core   0: 3 0x8000a374 (0xc83f2823) mem 0x80010000 0x00000001
core   0: 0x8000a378 (0x0000bfe5) c.j     pc - 8
core   0: 3 0x8000a378 (0xbfe5)
core   0: 0x8000a370 (0x00006f17) auipc   t5, 0x6
core   0: 3 0x8000a370 (0x00006f17) x30 0x80010370
core   0: 0x8000a374 (0xc83f2823) sw      gp, -880(t5)
core   0: 3 0x8000a374 (0xc83f2823) mem 0x80010000 0x00000001
core   0: 0x8000a378 (0x0000bfe5) c.j     pc - 8
core   0: 3 0x8000a378 (0xbfe5)
core   0: 0x8000a370 (0x00006f17) auipc   t5, 0x6
core   0: 3 0x8000a370 (0x00006f17) x30 0x80010370
core   0: 0x8000a374 (0xc83f2823) sw      gp, -880(t5)
core   0: 3 0x8000a374 (0xc83f2823) mem 0x80010000 0x00000001
core   0: 0x8000a378 (0x0000bfe5) c.j     pc - 8
core   0: 3 0x8000a378 (0xbfe5)
core   0: 0x8000a370 (0x00006f17) auipc   t5, 0x6
core   0: 3 0x8000a370 (0x00006f17) x30 0x80010370
core   0: 0x8000a374 (0xc83f2823) sw      gp, -880(t5)
core   0: 3 0x8000a374 (0xc83f2823) mem 0x80010000 0x00000001
core   0: 0x8000a378 (0x0000bfe5) c.j     pc - 8
core   0: 3 0x8000a378 (0xbfe5)
core   0: 0x8000a370 (0x00006f17) auipc   t5, 0x6
core   0: 3 0x8000a370 (0x00006f17) x30 0x80010370
core   0: 0x8000a374 (0xc83f2823) sw      gp, -880(t5)
core   0: 3 0x8000a374 (0xc83f2823) mem 0x80010000 0x00000001
core   0: 0x8000a378 (0x0000bfe5) c.j     pc - 8
core   0: 3 0x8000a378 (0xbfe5)
core   0: 0x8000a370 (0x00006f17) auipc   t5, 0x6
core   0: 3 0x8000a370 (0x00006f17) x30 0x80010370
core   0: 0x8000a374 (0xc83f2823) sw      gp, -880(t5)
core   0: 3 0x8000a374 (0xc83f2823) mem 0x80010000 0x00000001
core   0: 0x8000a378 (0x0000bfe5) c.j     pc - 8
core   0: 3 0x8000a378 (0xbfe5)
core   0: 0x8000a370 (0x00006f17) auipc   t5, 0x6
core   0: 3 0x8000a370 (0x00006f17) x30 0x80010370
core   0: 0x8000a374 (0xc83f2823) sw      gp, -880(t5)
core   0: 3 0x8000a374 (0xc83f2823) mem 0x80010000 0x00000001
core   0: 0x8000a378 (0x0000bfe5) c.j     pc - 8
core   0: 3 0x8000a378 (0xbfe5)
core   0: 0x8000a370 (0x00006f17) auipc   t5, 0x6
core   0: 3 0x8000a370 (0x00006f17) x30 0x80010370
core   0: 0x8000a374 (0xc83f2823) sw      gp, -880(t5)
core   0: 3 0x8000a374 (0xc83f2823) mem 0x80010000 0x00000001
core   0: 0x8000a378 (0x0000bfe5) c.j     pc - 8
core   0: 3 0x8000a378 (0xbfe5)
core   0: 0x8000a370 (0x00006f17) auipc   t5, 0x6
core   0: 3 0x8000a370 (0x00006f17) x30 0x80010370
core   0: 0x8000a374 (0xc83f2823) sw      gp, -880(t5)
core   0: 3 0x8000a374 (0xc83f2823) mem 0x80010000 0x00000001
core   0: 0x8000a378 (0x0000bfe5) c.j     pc - 8
core   0: 3 0x8000a378 (0xbfe5)
core   0: 0x8000a370 (0x00006f17) auipc   t5, 0x6
core   0: 3 0x8000a370 (0x00006f17) x30 0x80010370
core   0: 0x8000a374 (0xc83f2823) sw      gp, -880(t5)
core   0: 3 0x8000a374 (0xc83f2823) mem 0x80010000 0x00000001
core   0: 0x8000a378 (0x0000bfe5) c.j     pc - 8
core   0: 3 0x8000a378 (0xbfe5)
core   0: 0x8000a370 (0x00006f17) auipc   t5, 0x6
core   0: 3 0x8000a370 (0x00006f17) x30 0x80010370
core   0: 0x8000a374 (0xc83f2823) sw      gp, -880(t5)
core   0: 3 0x8000a374 (0xc83f2823) mem 0x80010000 0x00000001
core   0: 0x8000a378 (0x0000bfe5) c.j     pc - 8
core   0: 3 0x8000a378 (0xbfe5)
core   0: 0x8000a370 (0x00006f17) auipc   t5, 0x6
core   0: 3 0x8000a370 (0x00006f17) x30 0x80010370
core   0: 0x8000a374 (0xc83f2823) sw      gp, -880(t5)
core   0: 3 0x8000a374 (0xc83f2823) mem 0x80010000 0x00000001
core   0: 0x8000a378 (0x0000bfe5) c.j     pc - 8
core   0: 3 0x8000a378 (0xbfe5)
core   0: 0x8000a370 (0x00006f17) auipc   t5, 0x6
core   0: 3 0x8000a370 (0x00006f17) x30 0x80010370
core   0: 0x8000a374 (0xc83f2823) sw      gp, -880(t5)
core   0: 3 0x8000a374 (0xc83f2823) mem 0x80010000 0x00000001
core   0: 0x8000a378 (0x0000bfe5) c.j     pc - 8
core   0: 3 0x8000a378 (0xbfe5)
core   0: 0x8000a370 (0x00006f17) auipc   t5, 0x6
core   0: 3 0x8000a370 (0x00006f17) x30 0x80010370
core   0: 0x8000a374 (0xc83f2823) sw      gp, -880(t5)
core   0: 3 0x8000a374 (0xc83f2823) mem 0x80010000 0x00000001
core   0: 0x8000a378 (0x0000bfe5) c.j     pc - 8
core   0: 3 0x8000a378 (0xbfe5)
core   0: 0x8000a370 (0x00006f17) auipc   t5, 0x6
core   0: 3 0x8000a370 (0x00006f17) x30 0x80010370
core   0: 0x8000a374 (0xc83f2823) sw      gp, -880(t5)
core   0: 3 0x8000a374 (0xc83f2823) mem 0x80010000 0x00000001
core   0: 0x8000a378 (0x0000bfe5) c.j     pc - 8
core   0: 3 0x8000a378 (0xbfe5)
core   0: 0x8000a370 (0x00006f17) auipc   t5, 0x6
core   0: 3 0x8000a370 (0x00006f17) x30 0x80010370
core   0: 0x8000a374 (0xc83f2823) sw      gp, -880(t5)
core   0: 3 0x8000a374 (0xc83f2823) mem 0x80010000 0x00000001
core   0: 0x8000a378 (0x0000bfe5) c.j     pc - 8
core   0: 3 0x8000a378 (0xbfe5)
core   0: 0x8000a370 (0x00006f17) auipc   t5, 0x6
core   0: 3 0x8000a370 (0x00006f17) x30 0x80010370
core   0: 0x8000a374 (0xc83f2823) sw      gp, -880(t5)
core   0: 3 0x8000a374 (0xc83f2823) mem 0x80010000 0x00000001
core   0: 0x8000a378 (0x0000bfe5) c.j     pc - 8
core   0: 3 0x8000a378 (0xbfe5)
core   0: 0x8000a370 (0x00006f17) auipc   t5, 0x6
core   0: 3 0x8000a370 (0x00006f17) x30 0x80010370
core   0: 0x8000a374 (0xc83f2823) sw      gp, -880(t5)
core   0: 3 0x8000a374 (0xc83f2823) mem 0x80010000 0x00000001
core   0: 0x8000a378 (0x0000bfe5) c.j     pc - 8
core   0: 3 0x8000a378 (0xbfe5)
core   0: 0x8000a370 (0x00006f17) auipc   t5, 0x6
core   0: 3 0x8000a370 (0x00006f17) x30 0x80010370
core   0: 0x8000a374 (0xc83f2823) sw      gp, -880(t5)
core   0: 3 0x8000a374 (0xc83f2823) mem 0x80010000 0x00000001
core   0: 0x8000a378 (0x0000bfe5) c.j     pc - 8
core   0: 3 0x8000a378 (0xbfe5)
core   0: 0x8000a370 (0x00006f17) auipc   t5, 0x6
core   0: 3 0x8000a370 (0x00006f17) x30 0x80010370
core   0: 0x8000a374 (0xc83f2823) sw      gp, -880(t5)
core   0: 3 0x8000a374 (0xc83f2823) mem 0x80010000 0x00000001
core   0: 0x8000a378 (0x0000bfe5) c.j     pc - 8
core   0: 3 0x8000a378 (0xbfe5)
core   0: 0x8000a370 (0x00006f17) auipc   t5, 0x6
core   0: 3 0x8000a370 (0x00006f17) x30 0x80010370
core   0: 0x8000a374 (0xc83f2823) sw      gp, -880(t5)
core   0: 3 0x8000a374 (0xc83f2823) mem 0x80010000 0x00000001
core   0: 0x8000a378 (0x0000bfe5) c.j     pc - 8
core   0: 3 0x8000a378 (0xbfe5)
core   0: 0x8000a370 (0x00006f17) auipc   t5, 0x6
core   0: 3 0x8000a370 (0x00006f17) x30 0x80010370
core   0: 0x8000a374 (0xc83f2823) sw      gp, -880(t5)
core   0: 3 0x8000a374 (0xc83f2823) mem 0x80010000 0x00000001
core   0: 0x8000a378 (0x0000bfe5) c.j     pc - 8
core   0: 3 0x8000a378 (0xbfe5)
core   0: 0x8000a370 (0x00006f17) auipc   t5, 0x6
core   0: 3 0x8000a370 (0x00006f17) x30 0x80010370
core   0: 0x8000a374 (0xc83f2823) sw      gp, -880(t5)
core   0: 3 0x8000a374 (0xc83f2823) mem 0x80010000 0x00000001
core   0: 0x8000a378 (0x0000bfe5) c.j     pc - 8
core   0: 3 0x8000a378 (0xbfe5)
core   0: 0x8000a370 (0x00006f17) auipc   t5, 0x6
core   0: 3 0x8000a370 (0x00006f17) x30 0x80010370
core   0: 0x8000a374 (0xc83f2823) sw      gp, -880(t5)
core   0: 3 0x8000a374 (0xc83f2823) mem 0x80010000 0x00000001
core   0: 0x8000a378 (0x0000bfe5) c.j     pc - 8
core   0: 3 0x8000a378 (0xbfe5)
core   0: 0x8000a370 (0x00006f17) auipc   t5, 0x6
core   0: 3 0x8000a370 (0x00006f17) x30 0x80010370
core   0: 0x8000a374 (0xc83f2823) sw      gp, -880(t5)
core   0: 3 0x8000a374 (0xc83f2823) mem 0x80010000 0x00000001
core   0: 0x8000a378 (0x0000bfe5) c.j     pc - 8
core   0: 3 0x8000a378 (0xbfe5)
core   0: 0x8000a370 (0x00006f17) auipc   t5, 0x6
core   0: 3 0x8000a370 (0x00006f17) x30 0x80010370
core   0: 0x8000a374 (0xc83f2823) sw      gp, -880(t5)
core   0: 3 0x8000a374 (0xc83f2823) mem 0x80010000 0x00000001
core   0: 0x8000a378 (0x0000bfe5) c.j     pc - 8
core   0: 3 0x8000a378 (0xbfe5)
core   0: 0x8000a370 (0x00006f17) auipc   t5, 0x6
core   0: 3 0x8000a370 (0x00006f17) x30 0x80010370
core   0: 0x8000a374 (0xc83f2823) sw      gp, -880(t5)
core   0: 3 0x8000a374 (0xc83f2823) mem 0x80010000 0x00000001
core   0: 0x8000a378 (0x0000bfe5) c.j     pc - 8
core   0: 3 0x8000a378 (0xbfe5)
core   0: 0x8000a370 (0x00006f17) auipc   t5, 0x6
core   0: 3 0x8000a370 (0x00006f17) x30 0x80010370
core   0: 0x8000a374 (0xc83f2823) sw      gp, -880(t5)
core   0: 3 0x8000a374 (0xc83f2823) mem 0x80010000 0x00000001
core   0: 0x8000a378 (0x0000bfe5) c.j     pc - 8
core   0: 3 0x8000a378 (0xbfe5)
core   0: 0x8000a370 (0x00006f17) auipc   t5, 0x6
core   0: 3 0x8000a370 (0x00006f17) x30 0x80010370
core   0: 0x8000a374 (0xc83f2823) sw      gp, -880(t5)
core   0: 3 0x8000a374 (0xc83f2823) mem 0x80010000 0x00000001
core   0: 0x8000a378 (0x0000bfe5) c.j     pc - 8
core   0: 3 0x8000a378 (0xbfe5)
core   0: 0x8000a370 (0x00006f17) auipc   t5, 0x6
core   0: 3 0x8000a370 (0x00006f17) x30 0x80010370
core   0: 0x8000a374 (0xc83f2823) sw      gp, -880(t5)
core   0: 3 0x8000a374 (0xc83f2823) mem 0x80010000 0x00000001
core   0: 0x8000a378 (0x0000bfe5) c.j     pc - 8
core   0: 3 0x8000a378 (0xbfe5)
core   0: 0x8000a370 (0x00006f17) auipc   t5, 0x6
core   0: 3 0x8000a370 (0x00006f17) x30 0x80010370
core   0: 0x8000a374 (0xc83f2823) sw      gp, -880(t5)
core   0: 3 0x8000a374 (0xc83f2823) mem 0x80010000 0x00000001
core   0: 0x8000a378 (0x0000bfe5) c.j     pc - 8
core   0: 3 0x8000a378 (0xbfe5)
core   0: 0x8000a370 (0x00006f17) auipc   t5, 0x6
core   0: 3 0x8000a370 (0x00006f17) x30 0x80010370
core   0: 0x8000a374 (0xc83f2823) sw      gp, -880(t5)
core   0: 3 0x8000a374 (0xc83f2823) mem 0x80010000 0x00000001
core   0: 0x8000a378 (0x0000bfe5) c.j     pc - 8
core   0: 3 0x8000a378 (0xbfe5)
core   0: 0x8000a370 (0x00006f17) auipc   t5, 0x6
core   0: 3 0x8000a370 (0x00006f17) x30 0x80010370
core   0: 0x8000a374 (0xc83f2823) sw      gp, -880(t5)
core   0: 3 0x8000a374 (0xc83f2823) mem 0x80010000 0x00000001
core   0: 0x8000a378 (0x0000bfe5) c.j     pc - 8
core   0: 3 0x8000a378 (0xbfe5)
core   0: 0x8000a370 (0x00006f17) auipc   t5, 0x6
core   0: 3 0x8000a370 (0x00006f17) x30 0x80010370
core   0: 0x8000a374 (0xc83f2823) sw      gp, -880(t5)
core   0: 3 0x8000a374 (0xc83f2823) mem 0x80010000 0x00000001
core   0: 0x8000a378 (0x0000bfe5) c.j     pc - 8
core   0: 3 0x8000a378 (0xbfe5)
core   0: 0x8000a370 (0x00006f17) auipc   t5, 0x6
core   0: 3 0x8000a370 (0x00006f17) x30 0x80010370
core   0: 0x8000a374 (0xc83f2823) sw      gp, -880(t5)
core   0: 3 0x8000a374 (0xc83f2823) mem 0x80010000 0x00000001
core   0: 0x8000a378 (0x0000bfe5) c.j     pc - 8
core   0: 3 0x8000a378 (0xbfe5)
core   0: 0x8000a370 (0x00006f17) auipc   t5, 0x6
core   0: 3 0x8000a370 (0x00006f17) x30 0x80010370
core   0: 0x8000a374 (0xc83f2823) sw      gp, -880(t5)
core   0: 3 0x8000a374 (0xc83f2823) mem 0x80010000 0x00000001
core   0: 0x8000a378 (0x0000bfe5) c.j     pc - 8
core   0: 3 0x8000a378 (0xbfe5)
core   0: 0x8000a370 (0x00006f17) auipc   t5, 0x6
core   0: 3 0x8000a370 (0x00006f17) x30 0x80010370
core   0: 0x8000a374 (0xc83f2823) sw      gp, -880(t5)
core   0: 3 0x8000a374 (0xc83f2823) mem 0x80010000 0x00000001
core   0: 0x8000a378 (0x0000bfe5) c.j     pc - 8
core   0: 3 0x8000a378 (0xbfe5)
core   0: 0x8000a370 (0x00006f17) auipc   t5, 0x6
core   0: 3 0x8000a370 (0x00006f17) x30 0x80010370
core   0: 0x8000a374 (0xc83f2823) sw      gp, -880(t5)
core   0: 3 0x8000a374 (0xc83f2823) mem 0x80010000 0x00000001
core   0: 0x8000a378 (0x0000bfe5) c.j     pc - 8
core   0: 3 0x8000a378 (0xbfe5)
core   0: 0x8000a370 (0x00006f17) auipc   t5, 0x6
core   0: 3 0x8000a370 (0x00006f17) x30 0x80010370
core   0: 0x8000a374 (0xc83f2823) sw      gp, -880(t5)
core   0: 3 0x8000a374 (0xc83f2823) mem 0x80010000 0x00000001
core   0: 0x8000a378 (0x0000bfe5) c.j     pc - 8
core   0: 3 0x8000a378 (0xbfe5)
core   0: 0x8000a370 (0x00006f17) auipc   t5, 0x6
core   0: 3 0x8000a370 (0x00006f17) x30 0x80010370
core   0: 0x8000a374 (0xc83f2823) sw      gp, -880(t5)
core   0: 3 0x8000a374 (0xc83f2823) mem 0x80010000 0x00000001
core   0: 0x8000a378 (0x0000bfe5) c.j     pc - 8
core   0: 3 0x8000a378 (0xbfe5)
core   0: 0x8000a370 (0x00006f17) auipc   t5, 0x6
core   0: 3 0x8000a370 (0x00006f17) x30 0x80010370
core   0: 0x8000a374 (0xc83f2823) sw      gp, -880(t5)
core   0: 3 0x8000a374 (0xc83f2823) mem 0x80010000 0x00000001
core   0: 0x8000a378 (0x0000bfe5) c.j     pc - 8
core   0: 3 0x8000a378 (0xbfe5)
core   0: 0x8000a370 (0x00006f17) auipc   t5, 0x6
core   0: 3 0x8000a370 (0x00006f17) x30 0x80010370
core   0: 0x8000a374 (0xc83f2823) sw      gp, -880(t5)
core   0: 3 0x8000a374 (0xc83f2823) mem 0x80010000 0x00000001
core   0: 0x8000a378 (0x0000bfe5) c.j     pc - 8
core   0: 3 0x8000a378 (0xbfe5)
core   0: 0x8000a370 (0x00006f17) auipc   t5, 0x6
core   0: 3 0x8000a370 (0x00006f17) x30 0x80010370
core   0: 0x8000a374 (0xc83f2823) sw      gp, -880(t5)
core   0: 3 0x8000a374 (0xc83f2823) mem 0x80010000 0x00000001
core   0: 0x8000a378 (0x0000bfe5) c.j     pc - 8
core   0: 3 0x8000a378 (0xbfe5)
core   0: 0x8000a370 (0x00006f17) auipc   t5, 0x6
core   0: 3 0x8000a370 (0x00006f17) x30 0x80010370
core   0: 0x8000a374 (0xc83f2823) sw      gp, -880(t5)
core   0: 3 0x8000a374 (0xc83f2823) mem 0x80010000 0x00000001
core   0: 0x8000a378 (0x0000bfe5) c.j     pc - 8
core   0: 3 0x8000a378 (0xbfe5)
core   0: 0x8000a370 (0x00006f17) auipc   t5, 0x6
core   0: 3 0x8000a370 (0x00006f17) x30 0x80010370
core   0: 0x8000a374 (0xc83f2823) sw      gp, -880(t5)
core   0: 3 0x8000a374 (0xc83f2823) mem 0x80010000 0x00000001
core   0: 0x8000a378 (0x0000bfe5) c.j     pc - 8
core   0: 3 0x8000a378 (0xbfe5)
core   0: 0x8000a370 (0x00006f17) auipc   t5, 0x6
core   0: 3 0x8000a370 (0x00006f17) x30 0x80010370
core   0: 0x8000a374 (0xc83f2823) sw      gp, -880(t5)
core   0: 3 0x8000a374 (0xc83f2823) mem 0x80010000 0x00000001
core   0: 0x8000a378 (0x0000bfe5) c.j     pc - 8
core   0: 3 0x8000a378 (0xbfe5)
core   0: 0x8000a370 (0x00006f17) auipc   t5, 0x6
core   0: 3 0x8000a370 (0x00006f17) x30 0x80010370
core   0: 0x8000a374 (0xc83f2823) sw      gp, -880(t5)
core   0: 3 0x8000a374 (0xc83f2823) mem 0x80010000 0x00000001
core   0: 0x8000a378 (0x0000bfe5) c.j     pc - 8
core   0: 3 0x8000a378 (0xbfe5)
core   0: 0x8000a370 (0x00006f17) auipc   t5, 0x6
core   0: 3 0x8000a370 (0x00006f17) x30 0x80010370
core   0: 0x8000a374 (0xc83f2823) sw      gp, -880(t5)
core   0: 3 0x8000a374 (0xc83f2823) mem 0x80010000 0x00000001
core   0: 0x8000a378 (0x0000bfe5) c.j     pc - 8
core   0: 3 0x8000a378 (0xbfe5)
core   0: 0x8000a370 (0x00006f17) auipc   t5, 0x6
core   0: 3 0x8000a370 (0x00006f17) x30 0x80010370
core   0: 0x8000a374 (0xc83f2823) sw      gp, -880(t5)
core   0: 3 0x8000a374 (0xc83f2823) mem 0x80010000 0x00000001
core   0: 0x8000a378 (0x0000bfe5) c.j     pc - 8
core   0: 3 0x8000a378 (0xbfe5)
core   0: 0x8000a370 (0x00006f17) auipc   t5, 0x6
core   0: 3 0x8000a370 (0x00006f17) x30 0x80010370
core   0: 0x8000a374 (0xc83f2823) sw      gp, -880(t5)
core   0: 3 0x8000a374 (0xc83f2823) mem 0x80010000 0x00000001
core   0: 0x8000a378 (0x0000bfe5) c.j     pc - 8
core   0: 3 0x8000a378 (0xbfe5)
core   0: 0x8000a370 (0x00006f17) auipc   t5, 0x6
core   0: 3 0x8000a370 (0x00006f17) x30 0x80010370
core   0: 0x8000a374 (0xc83f2823) sw      gp, -880(t5)
core   0: 3 0x8000a374 (0xc83f2823) mem 0x80010000 0x00000001
core   0: 0x8000a378 (0x0000bfe5) c.j     pc - 8
core   0: 3 0x8000a378 (0xbfe5)
core   0: 0x8000a370 (0x00006f17) auipc   t5, 0x6
core   0: 3 0x8000a370 (0x00006f17) x30 0x80010370
core   0: 0x8000a374 (0xc83f2823) sw      gp, -880(t5)
core   0: 3 0x8000a374 (0xc83f2823) mem 0x80010000 0x00000001
core   0: 0x8000a378 (0x0000bfe5) c.j     pc - 8
core   0: 3 0x8000a378 (0xbfe5)
core   0: 0x8000a370 (0x00006f17) auipc   t5, 0x6
core   0: 3 0x8000a370 (0x00006f17) x30 0x80010370
core   0: 0x8000a374 (0xc83f2823) sw      gp, -880(t5)
core   0: 3 0x8000a374 (0xc83f2823) mem 0x80010000 0x00000001
core   0: 0x8000a378 (0x0000bfe5) c.j     pc - 8
core   0: 3 0x8000a378 (0xbfe5)
core   0: 0x8000a370 (0x00006f17) auipc   t5, 0x6
core   0: 3 0x8000a370 (0x00006f17) x30 0x80010370
core   0: 0x8000a374 (0xc83f2823) sw      gp, -880(t5)
core   0: 3 0x8000a374 (0xc83f2823) mem 0x80010000 0x00000001
core   0: 0x8000a378 (0x0000bfe5) c.j     pc - 8
core   0: 3 0x8000a378 (0xbfe5)
core   0: 0x8000a370 (0x00006f17) auipc   t5, 0x6
core   0: 3 0x8000a370 (0x00006f17) x30 0x80010370
core   0: 0x8000a374 (0xc83f2823) sw      gp, -880(t5)
core   0: 3 0x8000a374 (0xc83f2823) mem 0x80010000 0x00000001
core   0: 0x8000a378 (0x0000bfe5) c.j     pc - 8
core   0: 3 0x8000a378 (0xbfe5)
core   0: 0x8000a370 (0x00006f17) auipc   t5, 0x6
core   0: 3 0x8000a370 (0x00006f17) x30 0x80010370
core   0: 0x8000a374 (0xc83f2823) sw      gp, -880(t5)
core   0: 3 0x8000a374 (0xc83f2823) mem 0x80010000 0x00000001
core   0: 0x8000a378 (0x0000bfe5) c.j     pc - 8
core   0: 3 0x8000a378 (0xbfe5)
core   0: 0x8000a370 (0x00006f17) auipc   t5, 0x6
core   0: 3 0x8000a370 (0x00006f17) x30 0x80010370
core   0: 0x8000a374 (0xc83f2823) sw      gp, -880(t5)
core   0: 3 0x8000a374 (0xc83f2823) mem 0x80010000 0x00000001
core   0: 0x8000a378 (0x0000bfe5) c.j     pc - 8
core   0: 3 0x8000a378 (0xbfe5)
core   0: 0x8000a370 (0x00006f17) auipc   t5, 0x6
core   0: 3 0x8000a370 (0x00006f17) x30 0x80010370
core   0: 0x8000a374 (0xc83f2823) sw      gp, -880(t5)
core   0: 3 0x8000a374 (0xc83f2823) mem 0x80010000 0x00000001
core   0: 0x8000a378 (0x0000bfe5) c.j     pc - 8
core   0: 3 0x8000a378 (0xbfe5)
core   0: 0x8000a370 (0x00006f17) auipc   t5, 0x6
core   0: 3 0x8000a370 (0x00006f17) x30 0x80010370
core   0: 0x8000a374 (0xc83f2823) sw      gp, -880(t5)
core   0: 3 0x8000a374 (0xc83f2823) mem 0x80010000 0x00000001
core   0: 0x8000a378 (0x0000bfe5) c.j     pc - 8
core   0: 3 0x8000a378 (0xbfe5)
core   0: 0x8000a370 (0x00006f17) auipc   t5, 0x6
core   0: 3 0x8000a370 (0x00006f17) x30 0x80010370
core   0: 0x8000a374 (0xc83f2823) sw      gp, -880(t5)
core   0: 3 0x8000a374 (0xc83f2823) mem 0x80010000 0x00000001
core   0: 0x8000a378 (0x0000bfe5) c.j     pc - 8
core   0: 3 0x8000a378 (0xbfe5)
core   0: 0x8000a370 (0x00006f17) auipc   t5, 0x6
core   0: 3 0x8000a370 (0x00006f17) x30 0x80010370
core   0: 0x8000a374 (0xc83f2823) sw      gp, -880(t5)
core   0: 3 0x8000a374 (0xc83f2823) mem 0x80010000 0x00000001
core   0: 0x8000a378 (0x0000bfe5) c.j     pc - 8
core   0: 3 0x8000a378 (0xbfe5)
core   0: 0x8000a370 (0x00006f17) auipc   t5, 0x6
core   0: 3 0x8000a370 (0x00006f17) x30 0x80010370
core   0: 0x8000a374 (0xc83f2823) sw      gp, -880(t5)
core   0: 3 0x8000a374 (0xc83f2823) mem 0x80010000 0x00000001
core   0: 0x8000a378 (0x0000bfe5) c.j     pc - 8
core   0: 3 0x8000a378 (0xbfe5)
core   0: 0x8000a370 (0x00006f17) auipc   t5, 0x6
core   0: 3 0x8000a370 (0x00006f17) x30 0x80010370
core   0: 0x8000a374 (0xc83f2823) sw      gp, -880(t5)
core   0: 3 0x8000a374 (0xc83f2823) mem 0x80010000 0x00000001
core   0: 0x8000a378 (0x0000bfe5) c.j     pc - 8
core   0: 3 0x8000a378 (0xbfe5)
core   0: 0x8000a370 (0x00006f17) auipc   t5, 0x6
core   0: 3 0x8000a370 (0x00006f17) x30 0x80010370
core   0: 0x8000a374 (0xc83f2823) sw      gp, -880(t5)
core   0: 3 0x8000a374 (0xc83f2823) mem 0x80010000 0x00000001
core   0: 0x8000a378 (0x0000bfe5) c.j     pc - 8
core   0: 3 0x8000a378 (0xbfe5)
core   0: 0x8000a370 (0x00006f17) auipc   t5, 0x6
core   0: 3 0x8000a370 (0x00006f17) x30 0x80010370
core   0: 0x8000a374 (0xc83f2823) sw      gp, -880(t5)
core   0: 3 0x8000a374 (0xc83f2823) mem 0x80010000 0x00000001
core   0: 0x8000a378 (0x0000bfe5) c.j     pc - 8
core   0: 3 0x8000a378 (0xbfe5)
core   0: 0x8000a370 (0x00006f17) auipc   t5, 0x6
core   0: 3 0x8000a370 (0x00006f17) x30 0x80010370
core   0: 0x8000a374 (0xc83f2823) sw      gp, -880(t5)
core   0: 3 0x8000a374 (0xc83f2823) mem 0x80010000 0x00000001
core   0: 0x8000a378 (0x0000bfe5) c.j     pc - 8
core   0: 3 0x8000a378 (0xbfe5)
core   0: 0x8000a370 (0x00006f17) auipc   t5, 0x6
core   0: 3 0x8000a370 (0x00006f17) x30 0x80010370
core   0: 0x8000a374 (0xc83f2823) sw      gp, -880(t5)
core   0: 3 0x8000a374 (0xc83f2823) mem 0x80010000 0x00000001
core   0: 0x8000a378 (0x0000bfe5) c.j     pc - 8
core   0: 3 0x8000a378 (0xbfe5)
core   0: 0x8000a370 (0x00006f17) auipc   t5, 0x6
core   0: 3 0x8000a370 (0x00006f17) x30 0x80010370
core   0: 0x8000a374 (0xc83f2823) sw      gp, -880(t5)
core   0: 3 0x8000a374 (0xc83f2823) mem 0x80010000 0x00000001
core   0: 0x8000a378 (0x0000bfe5) c.j     pc - 8
core   0: 3 0x8000a378 (0xbfe5)
core   0: 0x8000a370 (0x00006f17) auipc   t5, 0x6
core   0: 3 0x8000a370 (0x00006f17) x30 0x80010370
core   0: 0x8000a374 (0xc83f2823) sw      gp, -880(t5)
core   0: 3 0x8000a374 (0xc83f2823) mem 0x80010000 0x00000001
core   0: 0x8000a378 (0x0000bfe5) c.j     pc - 8
core   0: 3 0x8000a378 (0xbfe5)
core   0: 0x8000a370 (0x00006f17) auipc   t5, 0x6
core   0: 3 0x8000a370 (0x00006f17) x30 0x80010370
core   0: 0x8000a374 (0xc83f2823) sw      gp, -880(t5)
core   0: 3 0x8000a374 (0xc83f2823) mem 0x80010000 0x00000001
core   0: 0x8000a378 (0x0000bfe5) c.j     pc - 8
core   0: 3 0x8000a378 (0xbfe5)
core   0: 0x8000a370 (0x00006f17) auipc   t5, 0x6
core   0: 3 0x8000a370 (0x00006f17) x30 0x80010370
core   0: 0x8000a374 (0xc83f2823) sw      gp, -880(t5)
core   0: 3 0x8000a374 (0xc83f2823) mem 0x80010000 0x00000001
core   0: 0x8000a378 (0x0000bfe5) c.j     pc - 8
core   0: 3 0x8000a378 (0xbfe5)
core   0: 0x8000a370 (0x00006f17) auipc   t5, 0x6
core   0: 3 0x8000a370 (0x00006f17) x30 0x80010370
core   0: 0x8000a374 (0xc83f2823) sw      gp, -880(t5)
core   0: 3 0x8000a374 (0xc83f2823) mem 0x80010000 0x00000001
core   0: 0x8000a378 (0x0000bfe5) c.j     pc - 8
core   0: 3 0x8000a378 (0xbfe5)
core   0: 0x8000a370 (0x00006f17) auipc   t5, 0x6
core   0: 3 0x8000a370 (0x00006f17) x30 0x80010370
core   0: 0x8000a374 (0xc83f2823) sw      gp, -880(t5)
core   0: 3 0x8000a374 (0xc83f2823) mem 0x80010000 0x00000001
core   0: 0x8000a378 (0x0000bfe5) c.j     pc - 8
core   0: 3 0x8000a378 (0xbfe5)
core   0: 0x8000a370 (0x00006f17) auipc   t5, 0x6
core   0: 3 0x8000a370 (0x00006f17) x30 0x80010370
core   0: 0x8000a374 (0xc83f2823) sw      gp, -880(t5)
core   0: 3 0x8000a374 (0xc83f2823) mem 0x80010000 0x00000001
core   0: 0x8000a378 (0x0000bfe5) c.j     pc - 8
core   0: 3 0x8000a378 (0xbfe5)
core   0: 0x8000a370 (0x00006f17) auipc   t5, 0x6
core   0: 3 0x8000a370 (0x00006f17) x30 0x80010370
core   0: 0x8000a374 (0xc83f2823) sw      gp, -880(t5)
core   0: 3 0x8000a374 (0xc83f2823) mem 0x80010000 0x00000001
core   0: 0x8000a378 (0x0000bfe5) c.j     pc - 8
core   0: 3 0x8000a378 (0xbfe5)
core   0: 0x8000a370 (0x00006f17) auipc   t5, 0x6
core   0: 3 0x8000a370 (0x00006f17) x30 0x80010370
core   0: 0x8000a374 (0xc83f2823) sw      gp, -880(t5)
core   0: 3 0x8000a374 (0xc83f2823) mem 0x80010000 0x00000001
core   0: 0x8000a378 (0x0000bfe5) c.j     pc - 8
core   0: 3 0x8000a378 (0xbfe5)
core   0: 0x8000a370 (0x00006f17) auipc   t5, 0x6
core   0: 3 0x8000a370 (0x00006f17) x30 0x80010370
core   0: 0x8000a374 (0xc83f2823) sw      gp, -880(t5)
core   0: 3 0x8000a374 (0xc83f2823) mem 0x80010000 0x00000001
core   0: 0x8000a378 (0x0000bfe5) c.j     pc - 8
core   0: 3 0x8000a378 (0xbfe5)
core   0: 0x8000a370 (0x00006f17) auipc   t5, 0x6
core   0: 3 0x8000a370 (0x00006f17) x30 0x80010370
core   0: 0x8000a374 (0xc83f2823) sw      gp, -880(t5)
core   0: 3 0x8000a374 (0xc83f2823) mem 0x80010000 0x00000001
core   0: 0x8000a378 (0x0000bfe5) c.j     pc - 8
core   0: 3 0x8000a378 (0xbfe5)
core   0: 0x8000a370 (0x00006f17) auipc   t5, 0x6
core   0: 3 0x8000a370 (0x00006f17) x30 0x80010370
core   0: 0x8000a374 (0xc83f2823) sw      gp, -880(t5)
core   0: 3 0x8000a374 (0xc83f2823) mem 0x80010000 0x00000001
core   0: 0x8000a378 (0x0000bfe5) c.j     pc - 8
core   0: 3 0x8000a378 (0xbfe5)
core   0: 0x8000a370 (0x00006f17) auipc   t5, 0x6
core   0: 3 0x8000a370 (0x00006f17) x30 0x80010370
core   0: 0x8000a374 (0xc83f2823) sw      gp, -880(t5)
core   0: 3 0x8000a374 (0xc83f2823) mem 0x80010000 0x00000001
core   0: 0x8000a378 (0x0000bfe5) c.j     pc - 8
core   0: 3 0x8000a378 (0xbfe5)
core   0: 0x8000a370 (0x00006f17) auipc   t5, 0x6
core   0: 3 0x8000a370 (0x00006f17) x30 0x80010370
core   0: 0x8000a374 (0xc83f2823) sw      gp, -880(t5)
core   0: 3 0x8000a374 (0xc83f2823) mem 0x80010000 0x00000001
core   0: 0x8000a378 (0x0000bfe5) c.j     pc - 8
core   0: 3 0x8000a378 (0xbfe5)
core   0: 0x8000a370 (0x00006f17) auipc   t5, 0x6
core   0: 3 0x8000a370 (0x00006f17) x30 0x80010370
core   0: 0x8000a374 (0xc83f2823) sw      gp, -880(t5)
core   0: 3 0x8000a374 (0xc83f2823) mem 0x80010000 0x00000001
core   0: 0x8000a378 (0x0000bfe5) c.j     pc - 8
core   0: 3 0x8000a378 (0xbfe5)
core   0: 0x8000a370 (0x00006f17) auipc   t5, 0x6
core   0: 3 0x8000a370 (0x00006f17) x30 0x80010370
core   0: 0x8000a374 (0xc83f2823) sw      gp, -880(t5)
core   0: 3 0x8000a374 (0xc83f2823) mem 0x80010000 0x00000001
core   0: 0x8000a378 (0x0000bfe5) c.j     pc - 8
core   0: 3 0x8000a378 (0xbfe5)
core   0: 0x8000a370 (0x00006f17) auipc   t5, 0x6
core   0: 3 0x8000a370 (0x00006f17) x30 0x80010370
core   0: 0x8000a374 (0xc83f2823) sw      gp, -880(t5)
core   0: 3 0x8000a374 (0xc83f2823) mem 0x80010000 0x00000001
core   0: 0x8000a378 (0x0000bfe5) c.j     pc - 8
core   0: 3 0x8000a378 (0xbfe5)
core   0: 0x8000a370 (0x00006f17) auipc   t5, 0x6
core   0: 3 0x8000a370 (0x00006f17) x30 0x80010370
core   0: 0x8000a374 (0xc83f2823) sw      gp, -880(t5)
core   0: 3 0x8000a374 (0xc83f2823) mem 0x80010000 0x00000001
core   0: 0x8000a378 (0x0000bfe5) c.j     pc - 8
core   0: 3 0x8000a378 (0xbfe5)
core   0: 0x8000a370 (0x00006f17) auipc   t5, 0x6
core   0: 3 0x8000a370 (0x00006f17) x30 0x80010370
core   0: 0x8000a374 (0xc83f2823) sw      gp, -880(t5)
core   0: 3 0x8000a374 (0xc83f2823) mem 0x80010000 0x00000001
core   0: 0x8000a378 (0x0000bfe5) c.j     pc - 8
core   0: 3 0x8000a378 (0xbfe5)
core   0: 0x8000a370 (0x00006f17) auipc   t5, 0x6
core   0: 3 0x8000a370 (0x00006f17) x30 0x80010370
core   0: 0x8000a374 (0xc83f2823) sw      gp, -880(t5)
core   0: 3 0x8000a374 (0xc83f2823) mem 0x80010000 0x00000001
core   0: 0x8000a378 (0x0000bfe5) c.j     pc - 8
core   0: 3 0x8000a378 (0xbfe5)
core   0: 0x8000a370 (0x00006f17) auipc   t5, 0x6
core   0: 3 0x8000a370 (0x00006f17) x30 0x80010370
core   0: 0x8000a374 (0xc83f2823) sw      gp, -880(t5)
core   0: 3 0x8000a374 (0xc83f2823) mem 0x80010000 0x00000001
core   0: 0x8000a378 (0x0000bfe5) c.j     pc - 8
core   0: 3 0x8000a378 (0xbfe5)
core   0: 0x8000a370 (0x00006f17) auipc   t5, 0x6
core   0: 3 0x8000a370 (0x00006f17) x30 0x80010370
core   0: 0x8000a374 (0xc83f2823) sw      gp, -880(t5)
core   0: 3 0x8000a374 (0xc83f2823) mem 0x80010000 0x00000001
core   0: 0x8000a378 (0x0000bfe5) c.j     pc - 8
core   0: 3 0x8000a378 (0xbfe5)
core   0: 0x8000a370 (0x00006f17) auipc   t5, 0x6
core   0: 3 0x8000a370 (0x00006f17) x30 0x80010370
core   0: 0x8000a374 (0xc83f2823) sw      gp, -880(t5)
core   0: 3 0x8000a374 (0xc83f2823) mem 0x80010000 0x00000001
core   0: 0x8000a378 (0x0000bfe5) c.j     pc - 8
core   0: 3 0x8000a378 (0xbfe5)
core   0: 0x8000a370 (0x00006f17) auipc   t5, 0x6
core   0: 3 0x8000a370 (0x00006f17) x30 0x80010370
core   0: 0x8000a374 (0xc83f2823) sw      gp, -880(t5)
core   0: 3 0x8000a374 (0xc83f2823) mem 0x80010000 0x00000001
core   0: 0x8000a378 (0x0000bfe5) c.j     pc - 8
core   0: 3 0x8000a378 (0xbfe5)
core   0: 0x8000a370 (0x00006f17) auipc   t5, 0x6
core   0: 3 0x8000a370 (0x00006f17) x30 0x80010370
core   0: 0x8000a374 (0xc83f2823) sw      gp, -880(t5)
core   0: 3 0x8000a374 (0xc83f2823) mem 0x80010000 0x00000001
core   0: 0x8000a378 (0x0000bfe5) c.j     pc - 8
core   0: 3 0x8000a378 (0xbfe5)
core   0: 0x8000a370 (0x00006f17) auipc   t5, 0x6
core   0: 3 0x8000a370 (0x00006f17) x30 0x80010370
core   0: 0x8000a374 (0xc83f2823) sw      gp, -880(t5)
core   0: 3 0x8000a374 (0xc83f2823) mem 0x80010000 0x00000001
core   0: 0x8000a378 (0x0000bfe5) c.j     pc - 8
core   0: 3 0x8000a378 (0xbfe5)
core   0: 0x8000a370 (0x00006f17) auipc   t5, 0x6
core   0: 3 0x8000a370 (0x00006f17) x30 0x80010370
core   0: 0x8000a374 (0xc83f2823) sw      gp, -880(t5)
core   0: 3 0x8000a374 (0xc83f2823) mem 0x80010000 0x00000001
core   0: 0x8000a378 (0x0000bfe5) c.j     pc - 8
core   0: 3 0x8000a378 (0xbfe5)
core   0: 0x8000a370 (0x00006f17) auipc   t5, 0x6
core   0: 3 0x8000a370 (0x00006f17) x30 0x80010370
core   0: 0x8000a374 (0xc83f2823) sw      gp, -880(t5)
core   0: 3 0x8000a374 (0xc83f2823) mem 0x80010000 0x00000001
core   0: 0x8000a378 (0x0000bfe5) c.j     pc - 8
core   0: 3 0x8000a378 (0xbfe5)
core   0: 0x8000a370 (0x00006f17) auipc   t5, 0x6
core   0: 3 0x8000a370 (0x00006f17) x30 0x80010370
core   0: 0x8000a374 (0xc83f2823) sw      gp, -880(t5)
core   0: 3 0x8000a374 (0xc83f2823) mem 0x80010000 0x00000001
core   0: 0x8000a378 (0x0000bfe5) c.j     pc - 8
core   0: 3 0x8000a378 (0xbfe5)
core   0: 0x8000a370 (0x00006f17) auipc   t5, 0x6
core   0: 3 0x8000a370 (0x00006f17) x30 0x80010370
core   0: 0x8000a374 (0xc83f2823) sw      gp, -880(t5)
core   0: 3 0x8000a374 (0xc83f2823) mem 0x80010000 0x00000001
core   0: 0x8000a378 (0x0000bfe5) c.j     pc - 8
core   0: 3 0x8000a378 (0xbfe5)
core   0: 0x8000a370 (0x00006f17) auipc   t5, 0x6
core   0: 3 0x8000a370 (0x00006f17) x30 0x80010370
core   0: 0x8000a374 (0xc83f2823) sw      gp, -880(t5)
core   0: 3 0x8000a374 (0xc83f2823) mem 0x80010000 0x00000001
core   0: 0x8000a378 (0x0000bfe5) c.j     pc - 8
core   0: 3 0x8000a378 (0xbfe5)
core   0: 0x8000a370 (0x00006f17) auipc   t5, 0x6
core   0: 3 0x8000a370 (0x00006f17) x30 0x80010370
core   0: 0x8000a374 (0xc83f2823) sw      gp, -880(t5)
core   0: 3 0x8000a374 (0xc83f2823) mem 0x80010000 0x00000001
core   0: 0x8000a378 (0x0000bfe5) c.j     pc - 8
core   0: 3 0x8000a378 (0xbfe5)
core   0: 0x8000a370 (0x00006f17) auipc   t5, 0x6
core   0: 3 0x8000a370 (0x00006f17) x30 0x80010370
core   0: 0x8000a374 (0xc83f2823) sw      gp, -880(t5)
core   0: 3 0x8000a374 (0xc83f2823) mem 0x80010000 0x00000001
core   0: 0x8000a378 (0x0000bfe5) c.j     pc - 8
core   0: 3 0x8000a378 (0xbfe5)
core   0: 0x8000a370 (0x00006f17) auipc   t5, 0x6
core   0: 3 0x8000a370 (0x00006f17) x30 0x80010370
core   0: 0x8000a374 (0xc83f2823) sw      gp, -880(t5)
core   0: 3 0x8000a374 (0xc83f2823) mem 0x80010000 0x00000001
core   0: 0x8000a378 (0x0000bfe5) c.j     pc - 8
core   0: 3 0x8000a378 (0xbfe5)
core   0: 0x8000a370 (0x00006f17) auipc   t5, 0x6
core   0: 3 0x8000a370 (0x00006f17) x30 0x80010370
core   0: 0x8000a374 (0xc83f2823) sw      gp, -880(t5)
core   0: 3 0x8000a374 (0xc83f2823) mem 0x80010000 0x00000001
core   0: 0x8000a378 (0x0000bfe5) c.j     pc - 8
core   0: 3 0x8000a378 (0xbfe5)
core   0: 0x8000a370 (0x00006f17) auipc   t5, 0x6
core   0: 3 0x8000a370 (0x00006f17) x30 0x80010370
core   0: 0x8000a374 (0xc83f2823) sw      gp, -880(t5)
core   0: 3 0x8000a374 (0xc83f2823) mem 0x80010000 0x00000001
core   0: 0x8000a378 (0x0000bfe5) c.j     pc - 8
core   0: 3 0x8000a378 (0xbfe5)
core   0: 0x8000a370 (0x00006f17) auipc   t5, 0x6
core   0: 3 0x8000a370 (0x00006f17) x30 0x80010370
core   0: 0x8000a374 (0xc83f2823) sw      gp, -880(t5)
core   0: 3 0x8000a374 (0xc83f2823) mem 0x80010000 0x00000001
core   0: 0x8000a378 (0x0000bfe5) c.j     pc - 8
core   0: 3 0x8000a378 (0xbfe5)
core   0: 0x8000a370 (0x00006f17) auipc   t5, 0x6
core   0: 3 0x8000a370 (0x00006f17) x30 0x80010370
core   0: 0x8000a374 (0xc83f2823) sw      gp, -880(t5)
core   0: 3 0x8000a374 (0xc83f2823) mem 0x80010000 0x00000001
core   0: 0x8000a378 (0x0000bfe5) c.j     pc - 8
core   0: 3 0x8000a378 (0xbfe5)
core   0: 0x8000a370 (0x00006f17) auipc   t5, 0x6
core   0: 3 0x8000a370 (0x00006f17) x30 0x80010370
core   0: 0x8000a374 (0xc83f2823) sw      gp, -880(t5)
core   0: 3 0x8000a374 (0xc83f2823) mem 0x80010000 0x00000001
core   0: 0x8000a378 (0x0000bfe5) c.j     pc - 8
core   0: 3 0x8000a378 (0xbfe5)
core   0: 0x8000a370 (0x00006f17) auipc   t5, 0x6
core   0: 3 0x8000a370 (0x00006f17) x30 0x80010370
core   0: 0x8000a374 (0xc83f2823) sw      gp, -880(t5)
core   0: 3 0x8000a374 (0xc83f2823) mem 0x80010000 0x00000001
core   0: 0x8000a378 (0x0000bfe5) c.j     pc - 8
core   0: 3 0x8000a378 (0xbfe5)
core   0: 0x8000a370 (0x00006f17) auipc   t5, 0x6
core   0: 3 0x8000a370 (0x00006f17) x30 0x80010370
core   0: 0x8000a374 (0xc83f2823) sw      gp, -880(t5)
core   0: 3 0x8000a374 (0xc83f2823) mem 0x80010000 0x00000001
core   0: 0x8000a378 (0x0000bfe5) c.j     pc - 8
core   0: 3 0x8000a378 (0xbfe5)
core   0: 0x8000a370 (0x00006f17) auipc   t5, 0x6
core   0: 3 0x8000a370 (0x00006f17) x30 0x80010370
core   0: 0x8000a374 (0xc83f2823) sw      gp, -880(t5)
core   0: 3 0x8000a374 (0xc83f2823) mem 0x80010000 0x00000001
core   0: 0x8000a378 (0x0000bfe5) c.j     pc - 8
core   0: 3 0x8000a378 (0xbfe5)
core   0: 0x8000a370 (0x00006f17) auipc   t5, 0x6
core   0: 3 0x8000a370 (0x00006f17) x30 0x80010370
core   0: 0x8000a374 (0xc83f2823) sw      gp, -880(t5)
core   0: 3 0x8000a374 (0xc83f2823) mem 0x80010000 0x00000001
core   0: 0x8000a378 (0x0000bfe5) c.j     pc - 8
core   0: 3 0x8000a378 (0xbfe5)
core   0: 0x8000a370 (0x00006f17) auipc   t5, 0x6
core   0: 3 0x8000a370 (0x00006f17) x30 0x80010370
core   0: 0x8000a374 (0xc83f2823) sw      gp, -880(t5)
core   0: 3 0x8000a374 (0xc83f2823) mem 0x80010000 0x00000001
core   0: 0x8000a378 (0x0000bfe5) c.j     pc - 8
core   0: 3 0x8000a378 (0xbfe5)
core   0: 0x8000a370 (0x00006f17) auipc   t5, 0x6
core   0: 3 0x8000a370 (0x00006f17) x30 0x80010370
core   0: 0x8000a374 (0xc83f2823) sw      gp, -880(t5)
core   0: 3 0x8000a374 (0xc83f2823) mem 0x80010000 0x00000001
core   0: 0x8000a378 (0x0000bfe5) c.j     pc - 8
core   0: 3 0x8000a378 (0xbfe5)
core   0: 0x8000a370 (0x00006f17) auipc   t5, 0x6
core   0: 3 0x8000a370 (0x00006f17) x30 0x80010370
core   0: 0x8000a374 (0xc83f2823) sw      gp, -880(t5)
core   0: 3 0x8000a374 (0xc83f2823) mem 0x80010000 0x00000001
core   0: 0x8000a378 (0x0000bfe5) c.j     pc - 8
core   0: 3 0x8000a378 (0xbfe5)
core   0: 0x8000a370 (0x00006f17) auipc   t5, 0x6
core   0: 3 0x8000a370 (0x00006f17) x30 0x80010370
core   0: 0x8000a374 (0xc83f2823) sw      gp, -880(t5)
core   0: 3 0x8000a374 (0xc83f2823) mem 0x80010000 0x00000001
core   0: 0x8000a378 (0x0000bfe5) c.j     pc - 8
core   0: 3 0x8000a378 (0xbfe5)
core   0: 0x8000a370 (0x00006f17) auipc   t5, 0x6
core   0: 3 0x8000a370 (0x00006f17) x30 0x80010370
core   0: 0x8000a374 (0xc83f2823) sw      gp, -880(t5)
core   0: 3 0x8000a374 (0xc83f2823) mem 0x80010000 0x00000001
core   0: 0x8000a378 (0x0000bfe5) c.j     pc - 8
core   0: 3 0x8000a378 (0xbfe5)
core   0: 0x8000a370 (0x00006f17) auipc   t5, 0x6
core   0: 3 0x8000a370 (0x00006f17) x30 0x80010370
core   0: 0x8000a374 (0xc83f2823) sw      gp, -880(t5)
core   0: 3 0x8000a374 (0xc83f2823) mem 0x80010000 0x00000001
core   0: 0x8000a378 (0x0000bfe5) c.j     pc - 8
core   0: 3 0x8000a378 (0xbfe5)
core   0: 0x8000a370 (0x00006f17) auipc   t5, 0x6
core   0: 3 0x8000a370 (0x00006f17) x30 0x80010370
core   0: 0x8000a374 (0xc83f2823) sw      gp, -880(t5)
core   0: 3 0x8000a374 (0xc83f2823) mem 0x80010000 0x00000001
core   0: 0x8000a378 (0x0000bfe5) c.j     pc - 8
core   0: 3 0x8000a378 (0xbfe5)
core   0: 0x8000a370 (0x00006f17) auipc   t5, 0x6
core   0: 3 0x8000a370 (0x00006f17) x30 0x80010370
core   0: 0x8000a374 (0xc83f2823) sw      gp, -880(t5)
core   0: 3 0x8000a374 (0xc83f2823) mem 0x80010000 0x00000001
core   0: 0x8000a378 (0x0000bfe5) c.j     pc - 8
core   0: 3 0x8000a378 (0xbfe5)
core   0: 0x8000a370 (0x00006f17) auipc   t5, 0x6
core   0: 3 0x8000a370 (0x00006f17) x30 0x80010370
core   0: 0x8000a374 (0xc83f2823) sw      gp, -880(t5)
core   0: 3 0x8000a374 (0xc83f2823) mem 0x80010000 0x00000001
core   0: 0x8000a378 (0x0000bfe5) c.j     pc - 8
core   0: 3 0x8000a378 (0xbfe5)
core   0: 0x8000a370 (0x00006f17) auipc   t5, 0x6
core   0: 3 0x8000a370 (0x00006f17) x30 0x80010370
core   0: 0x8000a374 (0xc83f2823) sw      gp, -880(t5)
core   0: 3 0x8000a374 (0xc83f2823) mem 0x80010000 0x00000001
core   0: 0x8000a378 (0x0000bfe5) c.j     pc - 8
core   0: 3 0x8000a378 (0xbfe5)
core   0: 0x8000a370 (0x00006f17) auipc   t5, 0x6
core   0: 3 0x8000a370 (0x00006f17) x30 0x80010370
core   0: 0x8000a374 (0xc83f2823) sw      gp, -880(t5)
core   0: 3 0x8000a374 (0xc83f2823) mem 0x80010000 0x00000001
core   0: 0x8000a378 (0x0000bfe5) c.j     pc - 8
core   0: 3 0x8000a378 (0xbfe5)
core   0: 0x8000a370 (0x00006f17) auipc   t5, 0x6
core   0: 3 0x8000a370 (0x00006f17) x30 0x80010370
core   0: 0x8000a374 (0xc83f2823) sw      gp, -880(t5)
core   0: 3 0x8000a374 (0xc83f2823) mem 0x80010000 0x00000001
core   0: 0x8000a378 (0x0000bfe5) c.j     pc - 8
core   0: 3 0x8000a378 (0xbfe5)
core   0: 0x8000a370 (0x00006f17) auipc   t5, 0x6
core   0: 3 0x8000a370 (0x00006f17) x30 0x80010370
core   0: 0x8000a374 (0xc83f2823) sw      gp, -880(t5)
core   0: 3 0x8000a374 (0xc83f2823) mem 0x80010000 0x00000001
core   0: 0x8000a378 (0x0000bfe5) c.j     pc - 8
core   0: 3 0x8000a378 (0xbfe5)
core   0: 0x8000a370 (0x00006f17) auipc   t5, 0x6
core   0: 3 0x8000a370 (0x00006f17) x30 0x80010370
core   0: 0x8000a374 (0xc83f2823) sw      gp, -880(t5)
core   0: 3 0x8000a374 (0xc83f2823) mem 0x80010000 0x00000001
core   0: 0x8000a378 (0x0000bfe5) c.j     pc - 8
core   0: 3 0x8000a378 (0xbfe5)
core   0: 0x8000a370 (0x00006f17) auipc   t5, 0x6
core   0: 3 0x8000a370 (0x00006f17) x30 0x80010370
core   0: 0x8000a374 (0xc83f2823) sw      gp, -880(t5)
core   0: 3 0x8000a374 (0xc83f2823) mem 0x80010000 0x00000001
core   0: 0x8000a378 (0x0000bfe5) c.j     pc - 8
core   0: 3 0x8000a378 (0xbfe5)
core   0: 0x8000a370 (0x00006f17) auipc   t5, 0x6
core   0: 3 0x8000a370 (0x00006f17) x30 0x80010370
core   0: 0x8000a374 (0xc83f2823) sw      gp, -880(t5)
core   0: 3 0x8000a374 (0xc83f2823) mem 0x80010000 0x00000001
core   0: 0x8000a378 (0x0000bfe5) c.j     pc - 8
core   0: 3 0x8000a378 (0xbfe5)
core   0: 0x8000a370 (0x00006f17) auipc   t5, 0x6
core   0: 3 0x8000a370 (0x00006f17) x30 0x80010370
core   0: 0x8000a374 (0xc83f2823) sw      gp, -880(t5)
core   0: 3 0x8000a374 (0xc83f2823) mem 0x80010000 0x00000001
core   0: 0x8000a378 (0x0000bfe5) c.j     pc - 8
core   0: 3 0x8000a378 (0xbfe5)
core   0: 0x8000a370 (0x00006f17) auipc   t5, 0x6
core   0: 3 0x8000a370 (0x00006f17) x30 0x80010370
core   0: 0x8000a374 (0xc83f2823) sw      gp, -880(t5)
core   0: 3 0x8000a374 (0xc83f2823) mem 0x80010000 0x00000001
core   0: 0x8000a378 (0x0000bfe5) c.j     pc - 8
core   0: 3 0x8000a378 (0xbfe5)
core   0: 0x8000a370 (0x00006f17) auipc   t5, 0x6
core   0: 3 0x8000a370 (0x00006f17) x30 0x80010370
core   0: 0x8000a374 (0xc83f2823) sw      gp, -880(t5)
core   0: 3 0x8000a374 (0xc83f2823) mem 0x80010000 0x00000001
core   0: 0x8000a378 (0x0000bfe5) c.j     pc - 8
core   0: 3 0x8000a378 (0xbfe5)
core   0: 0x8000a370 (0x00006f17) auipc   t5, 0x6
core   0: 3 0x8000a370 (0x00006f17) x30 0x80010370
core   0: 0x8000a374 (0xc83f2823) sw      gp, -880(t5)
core   0: 3 0x8000a374 (0xc83f2823) mem 0x80010000 0x00000001
core   0: 0x8000a378 (0x0000bfe5) c.j     pc - 8
core   0: 3 0x8000a378 (0xbfe5)
core   0: 0x8000a370 (0x00006f17) auipc   t5, 0x6
core   0: 3 0x8000a370 (0x00006f17) x30 0x80010370
core   0: 0x8000a374 (0xc83f2823) sw      gp, -880(t5)
core   0: 3 0x8000a374 (0xc83f2823) mem 0x80010000 0x00000001
core   0: 0x8000a378 (0x0000bfe5) c.j     pc - 8
core   0: 3 0x8000a378 (0xbfe5)
core   0: 0x8000a370 (0x00006f17) auipc   t5, 0x6
core   0: 3 0x8000a370 (0x00006f17) x30 0x80010370
core   0: 0x8000a374 (0xc83f2823) sw      gp, -880(t5)
core   0: 3 0x8000a374 (0xc83f2823) mem 0x80010000 0x00000001
core   0: 0x8000a378 (0x0000bfe5) c.j     pc - 8
core   0: 3 0x8000a378 (0xbfe5)
core   0: 0x8000a370 (0x00006f17) auipc   t5, 0x6
core   0: 3 0x8000a370 (0x00006f17) x30 0x80010370
core   0: 0x8000a374 (0xc83f2823) sw      gp, -880(t5)
core   0: 3 0x8000a374 (0xc83f2823) mem 0x80010000 0x00000001
core   0: 0x8000a378 (0x0000bfe5) c.j     pc - 8
core   0: 3 0x8000a378 (0xbfe5)
core   0: 0x8000a370 (0x00006f17) auipc   t5, 0x6
core   0: 3 0x8000a370 (0x00006f17) x30 0x80010370
core   0: 0x8000a374 (0xc83f2823) sw      gp, -880(t5)
core   0: 3 0x8000a374 (0xc83f2823) mem 0x80010000 0x00000001
core   0: 0x8000a378 (0x0000bfe5) c.j     pc - 8
core   0: 3 0x8000a378 (0xbfe5)
core   0: 0x8000a370 (0x00006f17) auipc   t5, 0x6
core   0: 3 0x8000a370 (0x00006f17) x30 0x80010370
core   0: 0x8000a374 (0xc83f2823) sw      gp, -880(t5)
core   0: 3 0x8000a374 (0xc83f2823) mem 0x80010000 0x00000001
core   0: 0x8000a378 (0x0000bfe5) c.j     pc - 8
core   0: 3 0x8000a378 (0xbfe5)
core   0: 0x8000a370 (0x00006f17) auipc   t5, 0x6
core   0: 3 0x8000a370 (0x00006f17) x30 0x80010370
core   0: 0x8000a374 (0xc83f2823) sw      gp, -880(t5)
core   0: 3 0x8000a374 (0xc83f2823) mem 0x80010000 0x00000001
core   0: 0x8000a378 (0x0000bfe5) c.j     pc - 8
core   0: 3 0x8000a378 (0xbfe5)
core   0: 0x8000a370 (0x00006f17) auipc   t5, 0x6
core   0: 3 0x8000a370 (0x00006f17) x30 0x80010370
core   0: 0x8000a374 (0xc83f2823) sw      gp, -880(t5)
core   0: 3 0x8000a374 (0xc83f2823) mem 0x80010000 0x00000001
core   0: 0x8000a378 (0x0000bfe5) c.j     pc - 8
core   0: 3 0x8000a378 (0xbfe5)
core   0: 0x8000a370 (0x00006f17) auipc   t5, 0x6
core   0: 3 0x8000a370 (0x00006f17) x30 0x80010370
core   0: 0x8000a374 (0xc83f2823) sw      gp, -880(t5)
core   0: 3 0x8000a374 (0xc83f2823) mem 0x80010000 0x00000001
core   0: 0x8000a378 (0x0000bfe5) c.j     pc - 8
core   0: 3 0x8000a378 (0xbfe5)
core   0: 0x8000a370 (0x00006f17) auipc   t5, 0x6
core   0: 3 0x8000a370 (0x00006f17) x30 0x80010370
core   0: 0x8000a374 (0xc83f2823) sw      gp, -880(t5)
core   0: 3 0x8000a374 (0xc83f2823) mem 0x80010000 0x00000001
core   0: 0x8000a378 (0x0000bfe5) c.j     pc - 8
core   0: 3 0x8000a378 (0xbfe5)
core   0: 0x8000a370 (0x00006f17) auipc   t5, 0x6
core   0: 3 0x8000a370 (0x00006f17) x30 0x80010370
core   0: 0x8000a374 (0xc83f2823) sw      gp, -880(t5)
core   0: 3 0x8000a374 (0xc83f2823) mem 0x80010000 0x00000001
core   0: 0x8000a378 (0x0000bfe5) c.j     pc - 8
core   0: 3 0x8000a378 (0xbfe5)
core   0: 0x8000a370 (0x00006f17) auipc   t5, 0x6
core   0: 3 0x8000a370 (0x00006f17) x30 0x80010370
core   0: 0x8000a374 (0xc83f2823) sw      gp, -880(t5)
core   0: 3 0x8000a374 (0xc83f2823) mem 0x80010000 0x00000001
core   0: 0x8000a378 (0x0000bfe5) c.j     pc - 8
core   0: 3 0x8000a378 (0xbfe5)
core   0: 0x8000a370 (0x00006f17) auipc   t5, 0x6
core   0: 3 0x8000a370 (0x00006f17) x30 0x80010370
core   0: 0x8000a374 (0xc83f2823) sw      gp, -880(t5)
core   0: 3 0x8000a374 (0xc83f2823) mem 0x80010000 0x00000001
core   0: 0x8000a378 (0x0000bfe5) c.j     pc - 8
core   0: 3 0x8000a378 (0xbfe5)
core   0: 0x8000a370 (0x00006f17) auipc   t5, 0x6
core   0: 3 0x8000a370 (0x00006f17) x30 0x80010370
core   0: 0x8000a374 (0xc83f2823) sw      gp, -880(t5)
core   0: 3 0x8000a374 (0xc83f2823) mem 0x80010000 0x00000001
core   0: 0x8000a378 (0x0000bfe5) c.j     pc - 8
core   0: 3 0x8000a378 (0xbfe5)
core   0: 0x8000a370 (0x00006f17) auipc   t5, 0x6
core   0: 3 0x8000a370 (0x00006f17) x30 0x80010370
core   0: 0x8000a374 (0xc83f2823) sw      gp, -880(t5)
core   0: 3 0x8000a374 (0xc83f2823) mem 0x80010000 0x00000001
core   0: 0x8000a378 (0x0000bfe5) c.j     pc - 8
core   0: 3 0x8000a378 (0xbfe5)
core   0: 0x8000a370 (0x00006f17) auipc   t5, 0x6
core   0: 3 0x8000a370 (0x00006f17) x30 0x80010370
core   0: 0x8000a374 (0xc83f2823) sw      gp, -880(t5)
core   0: 3 0x8000a374 (0xc83f2823) mem 0x80010000 0x00000001
core   0: 0x8000a378 (0x0000bfe5) c.j     pc - 8
core   0: 3 0x8000a378 (0xbfe5)
core   0: 0x8000a370 (0x00006f17) auipc   t5, 0x6
core   0: 3 0x8000a370 (0x00006f17) x30 0x80010370
core   0: 0x8000a374 (0xc83f2823) sw      gp, -880(t5)
core   0: 3 0x8000a374 (0xc83f2823) mem 0x80010000 0x00000001
core   0: 0x8000a378 (0x0000bfe5) c.j     pc - 8
core   0: 3 0x8000a378 (0xbfe5)
core   0: 0x8000a370 (0x00006f17) auipc   t5, 0x6
core   0: 3 0x8000a370 (0x00006f17) x30 0x80010370
core   0: 0x8000a374 (0xc83f2823) sw      gp, -880(t5)
core   0: 3 0x8000a374 (0xc83f2823) mem 0x80010000 0x00000001
core   0: 0x8000a378 (0x0000bfe5) c.j     pc - 8
core   0: 3 0x8000a378 (0xbfe5)
core   0: 0x8000a370 (0x00006f17) auipc   t5, 0x6
core   0: 3 0x8000a370 (0x00006f17) x30 0x80010370
core   0: 0x8000a374 (0xc83f2823) sw      gp, -880(t5)
core   0: 3 0x8000a374 (0xc83f2823) mem 0x80010000 0x00000001
core   0: 0x8000a378 (0x0000bfe5) c.j     pc - 8
core   0: 3 0x8000a378 (0xbfe5)
core   0: 0x8000a370 (0x00006f17) auipc   t5, 0x6
core   0: 3 0x8000a370 (0x00006f17) x30 0x80010370
core   0: 0x8000a374 (0xc83f2823) sw      gp, -880(t5)
core   0: 3 0x8000a374 (0xc83f2823) mem 0x80010000 0x00000001
core   0: 0x8000a378 (0x0000bfe5) c.j     pc - 8
core   0: 3 0x8000a378 (0xbfe5)
core   0: 0x8000a370 (0x00006f17) auipc   t5, 0x6
core   0: 3 0x8000a370 (0x00006f17) x30 0x80010370
core   0: 0x8000a374 (0xc83f2823) sw      gp, -880(t5)
core   0: 3 0x8000a374 (0xc83f2823) mem 0x80010000 0x00000001
core   0: 0x8000a378 (0x0000bfe5) c.j     pc - 8
core   0: 3 0x8000a378 (0xbfe5)
core   0: 0x8000a370 (0x00006f17) auipc   t5, 0x6
core   0: 3 0x8000a370 (0x00006f17) x30 0x80010370
core   0: 0x8000a374 (0xc83f2823) sw      gp, -880(t5)
core   0: 3 0x8000a374 (0xc83f2823) mem 0x80010000 0x00000001
core   0: 0x8000a378 (0x0000bfe5) c.j     pc - 8
core   0: 3 0x8000a378 (0xbfe5)
core   0: 0x8000a370 (0x00006f17) auipc   t5, 0x6
core   0: 3 0x8000a370 (0x00006f17) x30 0x80010370
core   0: 0x8000a374 (0xc83f2823) sw      gp, -880(t5)
core   0: 3 0x8000a374 (0xc83f2823) mem 0x80010000 0x00000001
core   0: 0x8000a378 (0x0000bfe5) c.j     pc - 8
core   0: 3 0x8000a378 (0xbfe5)
core   0: 0x8000a370 (0x00006f17) auipc   t5, 0x6
core   0: 3 0x8000a370 (0x00006f17) x30 0x80010370
core   0: 0x8000a374 (0xc83f2823) sw      gp, -880(t5)
core   0: 3 0x8000a374 (0xc83f2823) mem 0x80010000 0x00000001
core   0: 0x8000a378 (0x0000bfe5) c.j     pc - 8
core   0: 3 0x8000a378 (0xbfe5)
core   0: 0x8000a370 (0x00006f17) auipc   t5, 0x6
core   0: 3 0x8000a370 (0x00006f17) x30 0x80010370
core   0: 0x8000a374 (0xc83f2823) sw      gp, -880(t5)
core   0: 3 0x8000a374 (0xc83f2823) mem 0x80010000 0x00000001
core   0: 0x8000a378 (0x0000bfe5) c.j     pc - 8
core   0: 3 0x8000a378 (0xbfe5)
core   0: 0x8000a370 (0x00006f17) auipc   t5, 0x6
core   0: 3 0x8000a370 (0x00006f17) x30 0x80010370
core   0: 0x8000a374 (0xc83f2823) sw      gp, -880(t5)
core   0: 3 0x8000a374 (0xc83f2823) mem 0x80010000 0x00000001
core   0: 0x8000a378 (0x0000bfe5) c.j     pc - 8
core   0: 3 0x8000a378 (0xbfe5)
core   0: 0x8000a370 (0x00006f17) auipc   t5, 0x6
core   0: 3 0x8000a370 (0x00006f17) x30 0x80010370
core   0: 0x8000a374 (0xc83f2823) sw      gp, -880(t5)
core   0: 3 0x8000a374 (0xc83f2823) mem 0x80010000 0x00000001
core   0: 0x8000a378 (0x0000bfe5) c.j     pc - 8
core   0: 3 0x8000a378 (0xbfe5)
core   0: 0x8000a370 (0x00006f17) auipc   t5, 0x6
core   0: 3 0x8000a370 (0x00006f17) x30 0x80010370
core   0: 0x8000a374 (0xc83f2823) sw      gp, -880(t5)
core   0: 3 0x8000a374 (0xc83f2823) mem 0x80010000 0x00000001
core   0: 0x8000a378 (0x0000bfe5) c.j     pc - 8
core   0: 3 0x8000a378 (0xbfe5)
core   0: 0x8000a370 (0x00006f17) auipc   t5, 0x6
core   0: 3 0x8000a370 (0x00006f17) x30 0x80010370
core   0: 0x8000a374 (0xc83f2823) sw      gp, -880(t5)
core   0: 3 0x8000a374 (0xc83f2823) mem 0x80010000 0x00000001
core   0: 0x8000a378 (0x0000bfe5) c.j     pc - 8
core   0: 3 0x8000a378 (0xbfe5)
core   0: 0x8000a370 (0x00006f17) auipc   t5, 0x6
core   0: 3 0x8000a370 (0x00006f17) x30 0x80010370
core   0: 0x8000a374 (0xc83f2823) sw      gp, -880(t5)
core   0: 3 0x8000a374 (0xc83f2823) mem 0x80010000 0x00000001
core   0: 0x8000a378 (0x0000bfe5) c.j     pc - 8
core   0: 3 0x8000a378 (0xbfe5)
core   0: 0x8000a370 (0x00006f17) auipc   t5, 0x6
core   0: 3 0x8000a370 (0x00006f17) x30 0x80010370
core   0: 0x8000a374 (0xc83f2823) sw      gp, -880(t5)
core   0: 3 0x8000a374 (0xc83f2823) mem 0x80010000 0x00000001
core   0: 0x8000a378 (0x0000bfe5) c.j     pc - 8
core   0: 3 0x8000a378 (0xbfe5)
core   0: 0x8000a370 (0x00006f17) auipc   t5, 0x6
core   0: 3 0x8000a370 (0x00006f17) x30 0x80010370
core   0: 0x8000a374 (0xc83f2823) sw      gp, -880(t5)
core   0: 3 0x8000a374 (0xc83f2823) mem 0x80010000 0x00000001
core   0: 0x8000a378 (0x0000bfe5) c.j     pc - 8
core   0: 3 0x8000a378 (0xbfe5)
core   0: 0x8000a370 (0x00006f17) auipc   t5, 0x6
core   0: 3 0x8000a370 (0x00006f17) x30 0x80010370
core   0: 0x8000a374 (0xc83f2823) sw      gp, -880(t5)
core   0: 3 0x8000a374 (0xc83f2823) mem 0x80010000 0x00000001
core   0: 0x8000a378 (0x0000bfe5) c.j     pc - 8
core   0: 3 0x8000a378 (0xbfe5)
core   0: 0x8000a370 (0x00006f17) auipc   t5, 0x6
core   0: 3 0x8000a370 (0x00006f17) x30 0x80010370
core   0: 0x8000a374 (0xc83f2823) sw      gp, -880(t5)
core   0: 3 0x8000a374 (0xc83f2823) mem 0x80010000 0x00000001
core   0: 0x8000a378 (0x0000bfe5) c.j     pc - 8
core   0: 3 0x8000a378 (0xbfe5)
core   0: 0x8000a370 (0x00006f17) auipc   t5, 0x6
core   0: 3 0x8000a370 (0x00006f17) x30 0x80010370
core   0: 0x8000a374 (0xc83f2823) sw      gp, -880(t5)
core   0: 3 0x8000a374 (0xc83f2823) mem 0x80010000 0x00000001
core   0: 0x8000a378 (0x0000bfe5) c.j     pc - 8
core   0: 3 0x8000a378 (0xbfe5)
core   0: 0x8000a370 (0x00006f17) auipc   t5, 0x6
core   0: 3 0x8000a370 (0x00006f17) x30 0x80010370
core   0: 0x8000a374 (0xc83f2823) sw      gp, -880(t5)
core   0: 3 0x8000a374 (0xc83f2823) mem 0x80010000 0x00000001
core   0: 0x8000a378 (0x0000bfe5) c.j     pc - 8
core   0: 3 0x8000a378 (0xbfe5)
core   0: 0x8000a370 (0x00006f17) auipc   t5, 0x6
core   0: 3 0x8000a370 (0x00006f17) x30 0x80010370
core   0: 0x8000a374 (0xc83f2823) sw      gp, -880(t5)
core   0: 3 0x8000a374 (0xc83f2823) mem 0x80010000 0x00000001
core   0: 0x8000a378 (0x0000bfe5) c.j     pc - 8
core   0: 3 0x8000a378 (0xbfe5)
core   0: 0x8000a370 (0x00006f17) auipc   t5, 0x6
core   0: 3 0x8000a370 (0x00006f17) x30 0x80010370
core   0: 0x8000a374 (0xc83f2823) sw      gp, -880(t5)
core   0: 3 0x8000a374 (0xc83f2823) mem 0x80010000 0x00000001
core   0: 0x8000a378 (0x0000bfe5) c.j     pc - 8
core   0: 3 0x8000a378 (0xbfe5)
core   0: 0x8000a370 (0x00006f17) auipc   t5, 0x6
core   0: 3 0x8000a370 (0x00006f17) x30 0x80010370
core   0: 0x8000a374 (0xc83f2823) sw      gp, -880(t5)
core   0: 3 0x8000a374 (0xc83f2823) mem 0x80010000 0x00000001
core   0: 0x8000a378 (0x0000bfe5) c.j     pc - 8
core   0: 3 0x8000a378 (0xbfe5)
core   0: 0x8000a370 (0x00006f17) auipc   t5, 0x6
core   0: 3 0x8000a370 (0x00006f17) x30 0x80010370
core   0: 0x8000a374 (0xc83f2823) sw      gp, -880(t5)
core   0: 3 0x8000a374 (0xc83f2823) mem 0x80010000 0x00000001
core   0: 0x8000a378 (0x0000bfe5) c.j     pc - 8
core   0: 3 0x8000a378 (0xbfe5)
core   0: 0x8000a370 (0x00006f17) auipc   t5, 0x6
core   0: 3 0x8000a370 (0x00006f17) x30 0x80010370
core   0: 0x8000a374 (0xc83f2823) sw      gp, -880(t5)
core   0: 3 0x8000a374 (0xc83f2823) mem 0x80010000 0x00000001
core   0: 0x8000a378 (0x0000bfe5) c.j     pc - 8
core   0: 3 0x8000a378 (0xbfe5)
core   0: 0x8000a370 (0x00006f17) auipc   t5, 0x6
core   0: 3 0x8000a370 (0x00006f17) x30 0x80010370
core   0: 0x8000a374 (0xc83f2823) sw      gp, -880(t5)
core   0: 3 0x8000a374 (0xc83f2823) mem 0x80010000 0x00000001
core   0: 0x8000a378 (0x0000bfe5) c.j     pc - 8
core   0: 3 0x8000a378 (0xbfe5)
core   0: 0x8000a370 (0x00006f17) auipc   t5, 0x6
core   0: 3 0x8000a370 (0x00006f17) x30 0x80010370
core   0: 0x8000a374 (0xc83f2823) sw      gp, -880(t5)
core   0: 3 0x8000a374 (0xc83f2823) mem 0x80010000 0x00000001
core   0: 0x8000a378 (0x0000bfe5) c.j     pc - 8
core   0: 3 0x8000a378 (0xbfe5)
core   0: 0x8000a370 (0x00006f17) auipc   t5, 0x6
core   0: 3 0x8000a370 (0x00006f17) x30 0x80010370
core   0: 0x8000a374 (0xc83f2823) sw      gp, -880(t5)
core   0: 3 0x8000a374 (0xc83f2823) mem 0x80010000 0x00000001
core   0: 0x8000a378 (0x0000bfe5) c.j     pc - 8
core   0: 3 0x8000a378 (0xbfe5)
core   0: 0x8000a370 (0x00006f17) auipc   t5, 0x6
core   0: 3 0x8000a370 (0x00006f17) x30 0x80010370
core   0: 0x8000a374 (0xc83f2823) sw      gp, -880(t5)
core   0: 3 0x8000a374 (0xc83f2823) mem 0x80010000 0x00000001
core   0: 0x8000a378 (0x0000bfe5) c.j     pc - 8
core   0: 3 0x8000a378 (0xbfe5)
core   0: 0x8000a370 (0x00006f17) auipc   t5, 0x6
core   0: 3 0x8000a370 (0x00006f17) x30 0x80010370
core   0: 0x8000a374 (0xc83f2823) sw      gp, -880(t5)
core   0: 3 0x8000a374 (0xc83f2823) mem 0x80010000 0x00000001
core   0: 0x8000a378 (0x0000bfe5) c.j     pc - 8
core   0: 3 0x8000a378 (0xbfe5)
core   0: 0x8000a370 (0x00006f17) auipc   t5, 0x6
core   0: 3 0x8000a370 (0x00006f17) x30 0x80010370
core   0: 0x8000a374 (0xc83f2823) sw      gp, -880(t5)
core   0: 3 0x8000a374 (0xc83f2823) mem 0x80010000 0x00000001
core   0: 0x8000a378 (0x0000bfe5) c.j     pc - 8
core   0: 3 0x8000a378 (0xbfe5)
core   0: 0x8000a370 (0x00006f17) auipc   t5, 0x6
core   0: 3 0x8000a370 (0x00006f17) x30 0x80010370
core   0: 0x8000a374 (0xc83f2823) sw      gp, -880(t5)
core   0: 3 0x8000a374 (0xc83f2823) mem 0x80010000 0x00000001
core   0: 0x8000a378 (0x0000bfe5) c.j     pc - 8
core   0: 3 0x8000a378 (0xbfe5)
core   0: 0x8000a370 (0x00006f17) auipc   t5, 0x6
core   0: 3 0x8000a370 (0x00006f17) x30 0x80010370
core   0: 0x8000a374 (0xc83f2823) sw      gp, -880(t5)
core   0: 3 0x8000a374 (0xc83f2823) mem 0x80010000 0x00000001
core   0: 0x8000a378 (0x0000bfe5) c.j     pc - 8
core   0: 3 0x8000a378 (0xbfe5)
core   0: 0x8000a370 (0x00006f17) auipc   t5, 0x6
core   0: 3 0x8000a370 (0x00006f17) x30 0x80010370
core   0: 0x8000a374 (0xc83f2823) sw      gp, -880(t5)
core   0: 3 0x8000a374 (0xc83f2823) mem 0x80010000 0x00000001
core   0: 0x8000a378 (0x0000bfe5) c.j     pc - 8
core   0: 3 0x8000a378 (0xbfe5)
core   0: 0x8000a370 (0x00006f17) auipc   t5, 0x6
core   0: 3 0x8000a370 (0x00006f17) x30 0x80010370
core   0: 0x8000a374 (0xc83f2823) sw      gp, -880(t5)
core   0: 3 0x8000a374 (0xc83f2823) mem 0x80010000 0x00000001
core   0: 0x8000a378 (0x0000bfe5) c.j     pc - 8
core   0: 3 0x8000a378 (0xbfe5)
core   0: 0x8000a370 (0x00006f17) auipc   t5, 0x6
core   0: 3 0x8000a370 (0x00006f17) x30 0x80010370
core   0: 0x8000a374 (0xc83f2823) sw      gp, -880(t5)
core   0: 3 0x8000a374 (0xc83f2823) mem 0x80010000 0x00000001
core   0: 0x8000a378 (0x0000bfe5) c.j     pc - 8
core   0: 3 0x8000a378 (0xbfe5)
core   0: 0x8000a370 (0x00006f17) auipc   t5, 0x6
core   0: 3 0x8000a370 (0x00006f17) x30 0x80010370
core   0: 0x8000a374 (0xc83f2823) sw      gp, -880(t5)
core   0: 3 0x8000a374 (0xc83f2823) mem 0x80010000 0x00000001
core   0: 0x8000a378 (0x0000bfe5) c.j     pc - 8
core   0: 3 0x8000a378 (0xbfe5)
core   0: 0x8000a370 (0x00006f17) auipc   t5, 0x6
core   0: 3 0x8000a370 (0x00006f17) x30 0x80010370
core   0: 0x8000a374 (0xc83f2823) sw      gp, -880(t5)
core   0: 3 0x8000a374 (0xc83f2823) mem 0x80010000 0x00000001
core   0: 0x8000a378 (0x0000bfe5) c.j     pc - 8
core   0: 3 0x8000a378 (0xbfe5)
core   0: 0x8000a370 (0x00006f17) auipc   t5, 0x6
core   0: 3 0x8000a370 (0x00006f17) x30 0x80010370
core   0: 0x8000a374 (0xc83f2823) sw      gp, -880(t5)
core   0: 3 0x8000a374 (0xc83f2823) mem 0x80010000 0x00000001
core   0: 0x8000a378 (0x0000bfe5) c.j     pc - 8
core   0: 3 0x8000a378 (0xbfe5)
core   0: 0x8000a370 (0x00006f17) auipc   t5, 0x6
core   0: 3 0x8000a370 (0x00006f17) x30 0x80010370
core   0: 0x8000a374 (0xc83f2823) sw      gp, -880(t5)
core   0: 3 0x8000a374 (0xc83f2823) mem 0x80010000 0x00000001
core   0: 0x8000a378 (0x0000bfe5) c.j     pc - 8
core   0: 3 0x8000a378 (0xbfe5)
core   0: 0x8000a370 (0x00006f17) auipc   t5, 0x6
core   0: 3 0x8000a370 (0x00006f17) x30 0x80010370
core   0: 0x8000a374 (0xc83f2823) sw      gp, -880(t5)
core   0: 3 0x8000a374 (0xc83f2823) mem 0x80010000 0x00000001
core   0: 0x8000a378 (0x0000bfe5) c.j     pc - 8
core   0: 3 0x8000a378 (0xbfe5)
core   0: 0x8000a370 (0x00006f17) auipc   t5, 0x6
core   0: 3 0x8000a370 (0x00006f17) x30 0x80010370
core   0: 0x8000a374 (0xc83f2823) sw      gp, -880(t5)
core   0: 3 0x8000a374 (0xc83f2823) mem 0x80010000 0x00000001
core   0: 0x8000a378 (0x0000bfe5) c.j     pc - 8
core   0: 3 0x8000a378 (0xbfe5)
core   0: 0x8000a370 (0x00006f17) auipc   t5, 0x6
core   0: 3 0x8000a370 (0x00006f17) x30 0x80010370
core   0: 0x8000a374 (0xc83f2823) sw      gp, -880(t5)
core   0: 3 0x8000a374 (0xc83f2823) mem 0x80010000 0x00000001
core   0: 0x8000a378 (0x0000bfe5) c.j     pc - 8
core   0: 3 0x8000a378 (0xbfe5)
core   0: 0x8000a370 (0x00006f17) auipc   t5, 0x6
core   0: 3 0x8000a370 (0x00006f17) x30 0x80010370
core   0: 0x8000a374 (0xc83f2823) sw      gp, -880(t5)
core   0: 3 0x8000a374 (0xc83f2823) mem 0x80010000 0x00000001
core   0: 0x8000a378 (0x0000bfe5) c.j     pc - 8
core   0: 3 0x8000a378 (0xbfe5)
core   0: 0x8000a370 (0x00006f17) auipc   t5, 0x6
core   0: 3 0x8000a370 (0x00006f17) x30 0x80010370
core   0: 0x8000a374 (0xc83f2823) sw      gp, -880(t5)
core   0: 3 0x8000a374 (0xc83f2823) mem 0x80010000 0x00000001
core   0: 0x8000a378 (0x0000bfe5) c.j     pc - 8
core   0: 3 0x8000a378 (0xbfe5)
core   0: 0x8000a370 (0x00006f17) auipc   t5, 0x6
core   0: 3 0x8000a370 (0x00006f17) x30 0x80010370
core   0: 0x8000a374 (0xc83f2823) sw      gp, -880(t5)
core   0: 3 0x8000a374 (0xc83f2823) mem 0x80010000 0x00000001
core   0: 0x8000a378 (0x0000bfe5) c.j     pc - 8
core   0: 3 0x8000a378 (0xbfe5)
core   0: 0x8000a370 (0x00006f17) auipc   t5, 0x6
core   0: 3 0x8000a370 (0x00006f17) x30 0x80010370
core   0: 0x8000a374 (0xc83f2823) sw      gp, -880(t5)
core   0: 3 0x8000a374 (0xc83f2823) mem 0x80010000 0x00000001
core   0: 0x8000a378 (0x0000bfe5) c.j     pc - 8
core   0: 3 0x8000a378 (0xbfe5)
core   0: 0x8000a370 (0x00006f17) auipc   t5, 0x6
core   0: 3 0x8000a370 (0x00006f17) x30 0x80010370
core   0: 0x8000a374 (0xc83f2823) sw      gp, -880(t5)
core   0: 3 0x8000a374 (0xc83f2823) mem 0x80010000 0x00000001
core   0: 0x8000a378 (0x0000bfe5) c.j     pc - 8
core   0: 3 0x8000a378 (0xbfe5)
core   0: 0x8000a370 (0x00006f17) auipc   t5, 0x6
core   0: 3 0x8000a370 (0x00006f17) x30 0x80010370
core   0: 0x8000a374 (0xc83f2823) sw      gp, -880(t5)
core   0: 3 0x8000a374 (0xc83f2823) mem 0x80010000 0x00000001
core   0: 0x8000a378 (0x0000bfe5) c.j     pc - 8
core   0: 3 0x8000a378 (0xbfe5)
core   0: 0x8000a370 (0x00006f17) auipc   t5, 0x6
core   0: 3 0x8000a370 (0x00006f17) x30 0x80010370
core   0: 0x8000a374 (0xc83f2823) sw      gp, -880(t5)
core   0: 3 0x8000a374 (0xc83f2823) mem 0x80010000 0x00000001
core   0: 0x8000a378 (0x0000bfe5) c.j     pc - 8
core   0: 3 0x8000a378 (0xbfe5)
core   0: 0x8000a370 (0x00006f17) auipc   t5, 0x6
core   0: 3 0x8000a370 (0x00006f17) x30 0x80010370
core   0: 0x8000a374 (0xc83f2823) sw      gp, -880(t5)
core   0: 3 0x8000a374 (0xc83f2823) mem 0x80010000 0x00000001
core   0: 0x8000a378 (0x0000bfe5) c.j     pc - 8
core   0: 3 0x8000a378 (0xbfe5)
core   0: 0x8000a370 (0x00006f17) auipc   t5, 0x6
core   0: 3 0x8000a370 (0x00006f17) x30 0x80010370
core   0: 0x8000a374 (0xc83f2823) sw      gp, -880(t5)
core   0: 3 0x8000a374 (0xc83f2823) mem 0x80010000 0x00000001
core   0: 0x8000a378 (0x0000bfe5) c.j     pc - 8
core   0: 3 0x8000a378 (0xbfe5)
core   0: 0x8000a370 (0x00006f17) auipc   t5, 0x6
core   0: 3 0x8000a370 (0x00006f17) x30 0x80010370
core   0: 0x8000a374 (0xc83f2823) sw      gp, -880(t5)
core   0: 3 0x8000a374 (0xc83f2823) mem 0x80010000 0x00000001
core   0: 0x8000a378 (0x0000bfe5) c.j     pc - 8
core   0: 3 0x8000a378 (0xbfe5)
core   0: 0x8000a370 (0x00006f17) auipc   t5, 0x6
core   0: 3 0x8000a370 (0x00006f17) x30 0x80010370
core   0: 0x8000a374 (0xc83f2823) sw      gp, -880(t5)
core   0: 3 0x8000a374 (0xc83f2823) mem 0x80010000 0x00000001
core   0: 0x8000a378 (0x0000bfe5) c.j     pc - 8
core   0: 3 0x8000a378 (0xbfe5)
core   0: 0x8000a370 (0x00006f17) auipc   t5, 0x6
core   0: 3 0x8000a370 (0x00006f17) x30 0x80010370
core   0: 0x8000a374 (0xc83f2823) sw      gp, -880(t5)
core   0: 3 0x8000a374 (0xc83f2823) mem 0x80010000 0x00000001
core   0: 0x8000a378 (0x0000bfe5) c.j     pc - 8
core   0: 3 0x8000a378 (0xbfe5)
core   0: 0x8000a370 (0x00006f17) auipc   t5, 0x6
core   0: 3 0x8000a370 (0x00006f17) x30 0x80010370
core   0: 0x8000a374 (0xc83f2823) sw      gp, -880(t5)
core   0: 3 0x8000a374 (0xc83f2823) mem 0x80010000 0x00000001
core   0: 0x8000a378 (0x0000bfe5) c.j     pc - 8
core   0: 3 0x8000a378 (0xbfe5)
core   0: 0x8000a370 (0x00006f17) auipc   t5, 0x6
core   0: 3 0x8000a370 (0x00006f17) x30 0x80010370
core   0: 0x8000a374 (0xc83f2823) sw      gp, -880(t5)
core   0: 3 0x8000a374 (0xc83f2823) mem 0x80010000 0x00000001
core   0: 0x8000a378 (0x0000bfe5) c.j     pc - 8
core   0: 3 0x8000a378 (0xbfe5)
core   0: 0x8000a370 (0x00006f17) auipc   t5, 0x6
core   0: 3 0x8000a370 (0x00006f17) x30 0x80010370
core   0: 0x8000a374 (0xc83f2823) sw      gp, -880(t5)
core   0: 3 0x8000a374 (0xc83f2823) mem 0x80010000 0x00000001
core   0: 0x8000a378 (0x0000bfe5) c.j     pc - 8
core   0: 3 0x8000a378 (0xbfe5)
core   0: 0x8000a370 (0x00006f17) auipc   t5, 0x6
core   0: 3 0x8000a370 (0x00006f17) x30 0x80010370
core   0: 0x8000a374 (0xc83f2823) sw      gp, -880(t5)
core   0: 3 0x8000a374 (0xc83f2823) mem 0x80010000 0x00000001
core   0: 0x8000a378 (0x0000bfe5) c.j     pc - 8
core   0: 3 0x8000a378 (0xbfe5)
core   0: 0x8000a370 (0x00006f17) auipc   t5, 0x6
core   0: 3 0x8000a370 (0x00006f17) x30 0x80010370
core   0: 0x8000a374 (0xc83f2823) sw      gp, -880(t5)
core   0: 3 0x8000a374 (0xc83f2823) mem 0x80010000 0x00000001
core   0: 0x8000a378 (0x0000bfe5) c.j     pc - 8
core   0: 3 0x8000a378 (0xbfe5)
core   0: 0x8000a370 (0x00006f17) auipc   t5, 0x6
core   0: 3 0x8000a370 (0x00006f17) x30 0x80010370
core   0: 0x8000a374 (0xc83f2823) sw      gp, -880(t5)
core   0: 3 0x8000a374 (0xc83f2823) mem 0x80010000 0x00000001
core   0: 0x8000a378 (0x0000bfe5) c.j     pc - 8
core   0: 3 0x8000a378 (0xbfe5)
core   0: 0x8000a370 (0x00006f17) auipc   t5, 0x6
core   0: 3 0x8000a370 (0x00006f17) x30 0x80010370
core   0: 0x8000a374 (0xc83f2823) sw      gp, -880(t5)
core   0: 3 0x8000a374 (0xc83f2823) mem 0x80010000 0x00000001
core   0: 0x8000a378 (0x0000bfe5) c.j     pc - 8
core   0: 3 0x8000a378 (0xbfe5)
core   0: 0x8000a370 (0x00006f17) auipc   t5, 0x6
core   0: 3 0x8000a370 (0x00006f17) x30 0x80010370
core   0: 0x8000a374 (0xc83f2823) sw      gp, -880(t5)
core   0: 3 0x8000a374 (0xc83f2823) mem 0x80010000 0x00000001
core   0: 0x8000a378 (0x0000bfe5) c.j     pc - 8
core   0: 3 0x8000a378 (0xbfe5)
core   0: 0x8000a370 (0x00006f17) auipc   t5, 0x6
core   0: 3 0x8000a370 (0x00006f17) x30 0x80010370
core   0: 0x8000a374 (0xc83f2823) sw      gp, -880(t5)
core   0: 3 0x8000a374 (0xc83f2823) mem 0x80010000 0x00000001
core   0: 0x8000a378 (0x0000bfe5) c.j     pc - 8
core   0: 3 0x8000a378 (0xbfe5)
core   0: 0x8000a370 (0x00006f17) auipc   t5, 0x6
core   0: 3 0x8000a370 (0x00006f17) x30 0x80010370
core   0: 0x8000a374 (0xc83f2823) sw      gp, -880(t5)
core   0: 3 0x8000a374 (0xc83f2823) mem 0x80010000 0x00000001
core   0: 0x8000a378 (0x0000bfe5) c.j     pc - 8
core   0: 3 0x8000a378 (0xbfe5)
core   0: 0x8000a370 (0x00006f17) auipc   t5, 0x6
core   0: 3 0x8000a370 (0x00006f17) x30 0x80010370
core   0: 0x8000a374 (0xc83f2823) sw      gp, -880(t5)
core   0: 3 0x8000a374 (0xc83f2823) mem 0x80010000 0x00000001
core   0: 0x8000a378 (0x0000bfe5) c.j     pc - 8
core   0: 3 0x8000a378 (0xbfe5)
core   0: 0x8000a370 (0x00006f17) auipc   t5, 0x6
core   0: 3 0x8000a370 (0x00006f17) x30 0x80010370
core   0: 0x8000a374 (0xc83f2823) sw      gp, -880(t5)
core   0: 3 0x8000a374 (0xc83f2823) mem 0x80010000 0x00000001
core   0: 0x8000a378 (0x0000bfe5) c.j     pc - 8
core   0: 3 0x8000a378 (0xbfe5)
core   0: 0x8000a370 (0x00006f17) auipc   t5, 0x6
core   0: 3 0x8000a370 (0x00006f17) x30 0x80010370
core   0: 0x8000a374 (0xc83f2823) sw      gp, -880(t5)
core   0: 3 0x8000a374 (0xc83f2823) mem 0x80010000 0x00000001
core   0: 0x8000a378 (0x0000bfe5) c.j     pc - 8
core   0: 3 0x8000a378 (0xbfe5)
core   0: 0x8000a370 (0x00006f17) auipc   t5, 0x6
core   0: 3 0x8000a370 (0x00006f17) x30 0x80010370
core   0: 0x8000a374 (0xc83f2823) sw      gp, -880(t5)
core   0: 3 0x8000a374 (0xc83f2823) mem 0x80010000 0x00000001
core   0: 0x8000a378 (0x0000bfe5) c.j     pc - 8
core   0: 3 0x8000a378 (0xbfe5)
core   0: 0x8000a370 (0x00006f17) auipc   t5, 0x6
core   0: 3 0x8000a370 (0x00006f17) x30 0x80010370
core   0: 0x8000a374 (0xc83f2823) sw      gp, -880(t5)
core   0: 3 0x8000a374 (0xc83f2823) mem 0x80010000 0x00000001
core   0: 0x8000a378 (0x0000bfe5) c.j     pc - 8
core   0: 3 0x8000a378 (0xbfe5)
core   0: 0x8000a370 (0x00006f17) auipc   t5, 0x6
core   0: 3 0x8000a370 (0x00006f17) x30 0x80010370
core   0: 0x8000a374 (0xc83f2823) sw      gp, -880(t5)
core   0: 3 0x8000a374 (0xc83f2823) mem 0x80010000 0x00000001
core   0: 0x8000a378 (0x0000bfe5) c.j     pc - 8
core   0: 3 0x8000a378 (0xbfe5)
core   0: 0x8000a370 (0x00006f17) auipc   t5, 0x6
core   0: 3 0x8000a370 (0x00006f17) x30 0x80010370
core   0: 0x8000a374 (0xc83f2823) sw      gp, -880(t5)
core   0: 3 0x8000a374 (0xc83f2823) mem 0x80010000 0x00000001
core   0: 0x8000a378 (0x0000bfe5) c.j     pc - 8
core   0: 3 0x8000a378 (0xbfe5)
core   0: 0x8000a370 (0x00006f17) auipc   t5, 0x6
core   0: 3 0x8000a370 (0x00006f17) x30 0x80010370
core   0: 0x8000a374 (0xc83f2823) sw      gp, -880(t5)
core   0: 3 0x8000a374 (0xc83f2823) mem 0x80010000 0x00000001
core   0: 0x8000a378 (0x0000bfe5) c.j     pc - 8
core   0: 3 0x8000a378 (0xbfe5)
core   0: 0x8000a370 (0x00006f17) auipc   t5, 0x6
core   0: 3 0x8000a370 (0x00006f17) x30 0x80010370
core   0: 0x8000a374 (0xc83f2823) sw      gp, -880(t5)
core   0: 3 0x8000a374 (0xc83f2823) mem 0x80010000 0x00000001
core   0: 0x8000a378 (0x0000bfe5) c.j     pc - 8
core   0: 3 0x8000a378 (0xbfe5)
core   0: 0x8000a370 (0x00006f17) auipc   t5, 0x6
core   0: 3 0x8000a370 (0x00006f17) x30 0x80010370
core   0: 0x8000a374 (0xc83f2823) sw      gp, -880(t5)
core   0: 3 0x8000a374 (0xc83f2823) mem 0x80010000 0x00000001
core   0: 0x8000a378 (0x0000bfe5) c.j     pc - 8
core   0: 3 0x8000a378 (0xbfe5)
core   0: 0x8000a370 (0x00006f17) auipc   t5, 0x6
core   0: 3 0x8000a370 (0x00006f17) x30 0x80010370
core   0: 0x8000a374 (0xc83f2823) sw      gp, -880(t5)
core   0: 3 0x8000a374 (0xc83f2823) mem 0x80010000 0x00000001
core   0: 0x8000a378 (0x0000bfe5) c.j     pc - 8
core   0: 3 0x8000a378 (0xbfe5)
core   0: 0x8000a370 (0x00006f17) auipc   t5, 0x6
core   0: 3 0x8000a370 (0x00006f17) x30 0x80010370
core   0: 0x8000a374 (0xc83f2823) sw      gp, -880(t5)
core   0: 3 0x8000a374 (0xc83f2823) mem 0x80010000 0x00000001
core   0: 0x8000a378 (0x0000bfe5) c.j     pc - 8
core   0: 3 0x8000a378 (0xbfe5)
core   0: 0x8000a370 (0x00006f17) auipc   t5, 0x6
core   0: 3 0x8000a370 (0x00006f17) x30 0x80010370
core   0: 0x8000a374 (0xc83f2823) sw      gp, -880(t5)
core   0: 3 0x8000a374 (0xc83f2823) mem 0x80010000 0x00000001
core   0: 0x8000a378 (0x0000bfe5) c.j     pc - 8
core   0: 3 0x8000a378 (0xbfe5)
core   0: 0x8000a370 (0x00006f17) auipc   t5, 0x6
core   0: 3 0x8000a370 (0x00006f17) x30 0x80010370
core   0: 0x8000a374 (0xc83f2823) sw      gp, -880(t5)
core   0: 3 0x8000a374 (0xc83f2823) mem 0x80010000 0x00000001
core   0: 0x8000a378 (0x0000bfe5) c.j     pc - 8
core   0: 3 0x8000a378 (0xbfe5)
core   0: 0x8000a370 (0x00006f17) auipc   t5, 0x6
core   0: 3 0x8000a370 (0x00006f17) x30 0x80010370
core   0: 0x8000a374 (0xc83f2823) sw      gp, -880(t5)
core   0: 3 0x8000a374 (0xc83f2823) mem 0x80010000 0x00000001
core   0: 0x8000a378 (0x0000bfe5) c.j     pc - 8
core   0: 3 0x8000a378 (0xbfe5)
core   0: 0x8000a370 (0x00006f17) auipc   t5, 0x6
core   0: 3 0x8000a370 (0x00006f17) x30 0x80010370
core   0: 0x8000a374 (0xc83f2823) sw      gp, -880(t5)
core   0: 3 0x8000a374 (0xc83f2823) mem 0x80010000 0x00000001
core   0: 0x8000a378 (0x0000bfe5) c.j     pc - 8
core   0: 3 0x8000a378 (0xbfe5)
core   0: 0x8000a370 (0x00006f17) auipc   t5, 0x6
core   0: 3 0x8000a370 (0x00006f17) x30 0x80010370
core   0: 0x8000a374 (0xc83f2823) sw      gp, -880(t5)
core   0: 3 0x8000a374 (0xc83f2823) mem 0x80010000 0x00000001
core   0: 0x8000a378 (0x0000bfe5) c.j     pc - 8
core   0: 3 0x8000a378 (0xbfe5)
core   0: 0x8000a370 (0x00006f17) auipc   t5, 0x6
core   0: 3 0x8000a370 (0x00006f17) x30 0x80010370
core   0: 0x8000a374 (0xc83f2823) sw      gp, -880(t5)
core   0: 3 0x8000a374 (0xc83f2823) mem 0x80010000 0x00000001
core   0: 0x8000a378 (0x0000bfe5) c.j     pc - 8
core   0: 3 0x8000a378 (0xbfe5)
core   0: 0x8000a370 (0x00006f17) auipc   t5, 0x6
core   0: 3 0x8000a370 (0x00006f17) x30 0x80010370
core   0: 0x8000a374 (0xc83f2823) sw      gp, -880(t5)
core   0: 3 0x8000a374 (0xc83f2823) mem 0x80010000 0x00000001
core   0: 0x8000a378 (0x0000bfe5) c.j     pc - 8
core   0: 3 0x8000a378 (0xbfe5)
core   0: 0x8000a370 (0x00006f17) auipc   t5, 0x6
core   0: 3 0x8000a370 (0x00006f17) x30 0x80010370
core   0: 0x8000a374 (0xc83f2823) sw      gp, -880(t5)
core   0: 3 0x8000a374 (0xc83f2823) mem 0x80010000 0x00000001
core   0: 0x8000a378 (0x0000bfe5) c.j     pc - 8
core   0: 3 0x8000a378 (0xbfe5)
core   0: 0x8000a370 (0x00006f17) auipc   t5, 0x6
core   0: 3 0x8000a370 (0x00006f17) x30 0x80010370
core   0: 0x8000a374 (0xc83f2823) sw      gp, -880(t5)
core   0: 3 0x8000a374 (0xc83f2823) mem 0x80010000 0x00000001
core   0: 0x8000a378 (0x0000bfe5) c.j     pc - 8
core   0: 3 0x8000a378 (0xbfe5)
core   0: 0x8000a370 (0x00006f17) auipc   t5, 0x6
core   0: 3 0x8000a370 (0x00006f17) x30 0x80010370
core   0: 0x8000a374 (0xc83f2823) sw      gp, -880(t5)
core   0: 3 0x8000a374 (0xc83f2823) mem 0x80010000 0x00000001
core   0: 0x8000a378 (0x0000bfe5) c.j     pc - 8
core   0: 3 0x8000a378 (0xbfe5)
core   0: 0x8000a370 (0x00006f17) auipc   t5, 0x6
core   0: 3 0x8000a370 (0x00006f17) x30 0x80010370
core   0: 0x8000a374 (0xc83f2823) sw      gp, -880(t5)
core   0: 3 0x8000a374 (0xc83f2823) mem 0x80010000 0x00000001
core   0: 0x8000a378 (0x0000bfe5) c.j     pc - 8
core   0: 3 0x8000a378 (0xbfe5)
core   0: 0x8000a370 (0x00006f17) auipc   t5, 0x6
core   0: 3 0x8000a370 (0x00006f17) x30 0x80010370
core   0: 0x8000a374 (0xc83f2823) sw      gp, -880(t5)
core   0: 3 0x8000a374 (0xc83f2823) mem 0x80010000 0x00000001
core   0: 0x8000a378 (0x0000bfe5) c.j     pc - 8
core   0: 3 0x8000a378 (0xbfe5)
core   0: 0x8000a370 (0x00006f17) auipc   t5, 0x6
core   0: 3 0x8000a370 (0x00006f17) x30 0x80010370
core   0: 0x8000a374 (0xc83f2823) sw      gp, -880(t5)
core   0: 3 0x8000a374 (0xc83f2823) mem 0x80010000 0x00000001
core   0: 0x8000a378 (0x0000bfe5) c.j     pc - 8
core   0: 3 0x8000a378 (0xbfe5)
core   0: 0x8000a370 (0x00006f17) auipc   t5, 0x6
core   0: 3 0x8000a370 (0x00006f17) x30 0x80010370
core   0: 0x8000a374 (0xc83f2823) sw      gp, -880(t5)
core   0: 3 0x8000a374 (0xc83f2823) mem 0x80010000 0x00000001
core   0: 0x8000a378 (0x0000bfe5) c.j     pc - 8
core   0: 3 0x8000a378 (0xbfe5)
core   0: 0x8000a370 (0x00006f17) auipc   t5, 0x6
core   0: 3 0x8000a370 (0x00006f17) x30 0x80010370
core   0: 0x8000a374 (0xc83f2823) sw      gp, -880(t5)
core   0: 3 0x8000a374 (0xc83f2823) mem 0x80010000 0x00000001
core   0: 0x8000a378 (0x0000bfe5) c.j     pc - 8
core   0: 3 0x8000a378 (0xbfe5)
core   0: 0x8000a370 (0x00006f17) auipc   t5, 0x6
core   0: 3 0x8000a370 (0x00006f17) x30 0x80010370
core   0: 0x8000a374 (0xc83f2823) sw      gp, -880(t5)
core   0: 3 0x8000a374 (0xc83f2823) mem 0x80010000 0x00000001
core   0: 0x8000a378 (0x0000bfe5) c.j     pc - 8
core   0: 3 0x8000a378 (0xbfe5)
core   0: 0x8000a370 (0x00006f17) auipc   t5, 0x6
core   0: 3 0x8000a370 (0x00006f17) x30 0x80010370
core   0: 0x8000a374 (0xc83f2823) sw      gp, -880(t5)
core   0: 3 0x8000a374 (0xc83f2823) mem 0x80010000 0x00000001
core   0: 0x8000a378 (0x0000bfe5) c.j     pc - 8
core   0: 3 0x8000a378 (0xbfe5)
core   0: 0x8000a370 (0x00006f17) auipc   t5, 0x6
core   0: 3 0x8000a370 (0x00006f17) x30 0x80010370
core   0: 0x8000a374 (0xc83f2823) sw      gp, -880(t5)
core   0: 3 0x8000a374 (0xc83f2823) mem 0x80010000 0x00000001
core   0: 0x8000a378 (0x0000bfe5) c.j     pc - 8
core   0: 3 0x8000a378 (0xbfe5)
core   0: 0x8000a370 (0x00006f17) auipc   t5, 0x6
core   0: 3 0x8000a370 (0x00006f17) x30 0x80010370
core   0: 0x8000a374 (0xc83f2823) sw      gp, -880(t5)
core   0: 3 0x8000a374 (0xc83f2823) mem 0x80010000 0x00000001
core   0: 0x8000a378 (0x0000bfe5) c.j     pc - 8
core   0: 3 0x8000a378 (0xbfe5)
core   0: 0x8000a370 (0x00006f17) auipc   t5, 0x6
core   0: 3 0x8000a370 (0x00006f17) x30 0x80010370
core   0: 0x8000a374 (0xc83f2823) sw      gp, -880(t5)
core   0: 3 0x8000a374 (0xc83f2823) mem 0x80010000 0x00000001
core   0: 0x8000a378 (0x0000bfe5) c.j     pc - 8
core   0: 3 0x8000a378 (0xbfe5)
core   0: 0x8000a370 (0x00006f17) auipc   t5, 0x6
core   0: 3 0x8000a370 (0x00006f17) x30 0x80010370
core   0: 0x8000a374 (0xc83f2823) sw      gp, -880(t5)
core   0: 3 0x8000a374 (0xc83f2823) mem 0x80010000 0x00000001
core   0: 0x8000a378 (0x0000bfe5) c.j     pc - 8
core   0: 3 0x8000a378 (0xbfe5)
core   0: 0x8000a370 (0x00006f17) auipc   t5, 0x6
core   0: 3 0x8000a370 (0x00006f17) x30 0x80010370
core   0: 0x8000a374 (0xc83f2823) sw      gp, -880(t5)
core   0: 3 0x8000a374 (0xc83f2823) mem 0x80010000 0x00000001
core   0: 0x8000a378 (0x0000bfe5) c.j     pc - 8
core   0: 3 0x8000a378 (0xbfe5)
core   0: 0x8000a370 (0x00006f17) auipc   t5, 0x6
core   0: 3 0x8000a370 (0x00006f17) x30 0x80010370
core   0: 0x8000a374 (0xc83f2823) sw      gp, -880(t5)
core   0: 3 0x8000a374 (0xc83f2823) mem 0x80010000 0x00000001
core   0: 0x8000a378 (0x0000bfe5) c.j     pc - 8
core   0: 3 0x8000a378 (0xbfe5)
core   0: 0x8000a370 (0x00006f17) auipc   t5, 0x6
core   0: 3 0x8000a370 (0x00006f17) x30 0x80010370
core   0: 0x8000a374 (0xc83f2823) sw      gp, -880(t5)
core   0: 3 0x8000a374 (0xc83f2823) mem 0x80010000 0x00000001
core   0: 0x8000a378 (0x0000bfe5) c.j     pc - 8
core   0: 3 0x8000a378 (0xbfe5)
core   0: 0x8000a370 (0x00006f17) auipc   t5, 0x6
core   0: 3 0x8000a370 (0x00006f17) x30 0x80010370
core   0: 0x8000a374 (0xc83f2823) sw      gp, -880(t5)
core   0: 3 0x8000a374 (0xc83f2823) mem 0x80010000 0x00000001
core   0: 0x8000a378 (0x0000bfe5) c.j     pc - 8
core   0: 3 0x8000a378 (0xbfe5)
core   0: 0x8000a370 (0x00006f17) auipc   t5, 0x6
core   0: 3 0x8000a370 (0x00006f17) x30 0x80010370
core   0: 0x8000a374 (0xc83f2823) sw      gp, -880(t5)
core   0: 3 0x8000a374 (0xc83f2823) mem 0x80010000 0x00000001
core   0: 0x8000a378 (0x0000bfe5) c.j     pc - 8
core   0: 3 0x8000a378 (0xbfe5)
core   0: 0x8000a370 (0x00006f17) auipc   t5, 0x6
core   0: 3 0x8000a370 (0x00006f17) x30 0x80010370
core   0: 0x8000a374 (0xc83f2823) sw      gp, -880(t5)
core   0: 3 0x8000a374 (0xc83f2823) mem 0x80010000 0x00000001
core   0: 0x8000a378 (0x0000bfe5) c.j     pc - 8
core   0: 3 0x8000a378 (0xbfe5)
core   0: 0x8000a370 (0x00006f17) auipc   t5, 0x6
core   0: 3 0x8000a370 (0x00006f17) x30 0x80010370
core   0: 0x8000a374 (0xc83f2823) sw      gp, -880(t5)
core   0: 3 0x8000a374 (0xc83f2823) mem 0x80010000 0x00000001
core   0: 0x8000a378 (0x0000bfe5) c.j     pc - 8
core   0: 3 0x8000a378 (0xbfe5)
core   0: 0x8000a370 (0x00006f17) auipc   t5, 0x6
core   0: 3 0x8000a370 (0x00006f17) x30 0x80010370
core   0: 0x8000a374 (0xc83f2823) sw      gp, -880(t5)
core   0: 3 0x8000a374 (0xc83f2823) mem 0x80010000 0x00000001
core   0: 0x8000a378 (0x0000bfe5) c.j     pc - 8
core   0: 3 0x8000a378 (0xbfe5)
core   0: 0x8000a370 (0x00006f17) auipc   t5, 0x6
core   0: 3 0x8000a370 (0x00006f17) x30 0x80010370
core   0: 0x8000a374 (0xc83f2823) sw      gp, -880(t5)
core   0: 3 0x8000a374 (0xc83f2823) mem 0x80010000 0x00000001
core   0: 0x8000a378 (0x0000bfe5) c.j     pc - 8
core   0: 3 0x8000a378 (0xbfe5)
core   0: 0x8000a370 (0x00006f17) auipc   t5, 0x6
core   0: 3 0x8000a370 (0x00006f17) x30 0x80010370
core   0: 0x8000a374 (0xc83f2823) sw      gp, -880(t5)
core   0: 3 0x8000a374 (0xc83f2823) mem 0x80010000 0x00000001
core   0: 0x8000a378 (0x0000bfe5) c.j     pc - 8
core   0: 3 0x8000a378 (0xbfe5)
core   0: 0x8000a370 (0x00006f17) auipc   t5, 0x6
core   0: 3 0x8000a370 (0x00006f17) x30 0x80010370
core   0: 0x8000a374 (0xc83f2823) sw      gp, -880(t5)
core   0: 3 0x8000a374 (0xc83f2823) mem 0x80010000 0x00000001
core   0: 0x8000a378 (0x0000bfe5) c.j     pc - 8
core   0: 3 0x8000a378 (0xbfe5)
core   0: 0x8000a370 (0x00006f17) auipc   t5, 0x6
core   0: 3 0x8000a370 (0x00006f17) x30 0x80010370
core   0: 0x8000a374 (0xc83f2823) sw      gp, -880(t5)
core   0: 3 0x8000a374 (0xc83f2823) mem 0x80010000 0x00000001
core   0: 0x8000a378 (0x0000bfe5) c.j     pc - 8
core   0: 3 0x8000a378 (0xbfe5)
core   0: 0x8000a370 (0x00006f17) auipc   t5, 0x6
core   0: 3 0x8000a370 (0x00006f17) x30 0x80010370
core   0: 0x8000a374 (0xc83f2823) sw      gp, -880(t5)
core   0: 3 0x8000a374 (0xc83f2823) mem 0x80010000 0x00000001
core   0: 0x8000a378 (0x0000bfe5) c.j     pc - 8
core   0: 3 0x8000a378 (0xbfe5)
core   0: 0x8000a370 (0x00006f17) auipc   t5, 0x6
core   0: 3 0x8000a370 (0x00006f17) x30 0x80010370
core   0: 0x8000a374 (0xc83f2823) sw      gp, -880(t5)
core   0: 3 0x8000a374 (0xc83f2823) mem 0x80010000 0x00000001
core   0: 0x8000a378 (0x0000bfe5) c.j     pc - 8
core   0: 3 0x8000a378 (0xbfe5)
core   0: 0x8000a370 (0x00006f17) auipc   t5, 0x6
core   0: 3 0x8000a370 (0x00006f17) x30 0x80010370
core   0: 0x8000a374 (0xc83f2823) sw      gp, -880(t5)
core   0: 3 0x8000a374 (0xc83f2823) mem 0x80010000 0x00000001
core   0: 0x8000a378 (0x0000bfe5) c.j     pc - 8
core   0: 3 0x8000a378 (0xbfe5)
core   0: 0x8000a370 (0x00006f17) auipc   t5, 0x6
core   0: 3 0x8000a370 (0x00006f17) x30 0x80010370
core   0: 0x8000a374 (0xc83f2823) sw      gp, -880(t5)
core   0: 3 0x8000a374 (0xc83f2823) mem 0x80010000 0x00000001
core   0: 0x8000a378 (0x0000bfe5) c.j     pc - 8
core   0: 3 0x8000a378 (0xbfe5)
core   0: 0x8000a370 (0x00006f17) auipc   t5, 0x6
core   0: 3 0x8000a370 (0x00006f17) x30 0x80010370
core   0: 0x8000a374 (0xc83f2823) sw      gp, -880(t5)
core   0: 3 0x8000a374 (0xc83f2823) mem 0x80010000 0x00000001
core   0: 0x8000a378 (0x0000bfe5) c.j     pc - 8
core   0: 3 0x8000a378 (0xbfe5)
core   0: 0x8000a370 (0x00006f17) auipc   t5, 0x6
core   0: 3 0x8000a370 (0x00006f17) x30 0x80010370
core   0: 0x8000a374 (0xc83f2823) sw      gp, -880(t5)
core   0: 3 0x8000a374 (0xc83f2823) mem 0x80010000 0x00000001
core   0: 0x8000a378 (0x0000bfe5) c.j     pc - 8
core   0: 3 0x8000a378 (0xbfe5)
core   0: 0x8000a370 (0x00006f17) auipc   t5, 0x6
core   0: 3 0x8000a370 (0x00006f17) x30 0x80010370
core   0: 0x8000a374 (0xc83f2823) sw      gp, -880(t5)
core   0: 3 0x8000a374 (0xc83f2823) mem 0x80010000 0x00000001
core   0: 0x8000a378 (0x0000bfe5) c.j     pc - 8
core   0: 3 0x8000a378 (0xbfe5)
core   0: 0x8000a370 (0x00006f17) auipc   t5, 0x6
core   0: 3 0x8000a370 (0x00006f17) x30 0x80010370
core   0: 0x8000a374 (0xc83f2823) sw      gp, -880(t5)
core   0: 3 0x8000a374 (0xc83f2823) mem 0x80010000 0x00000001
core   0: 0x8000a378 (0x0000bfe5) c.j     pc - 8
core   0: 3 0x8000a378 (0xbfe5)
core   0: 0x8000a370 (0x00006f17) auipc   t5, 0x6
core   0: 3 0x8000a370 (0x00006f17) x30 0x80010370
core   0: 0x8000a374 (0xc83f2823) sw      gp, -880(t5)
core   0: 3 0x8000a374 (0xc83f2823) mem 0x80010000 0x00000001
core   0: 0x8000a378 (0x0000bfe5) c.j     pc - 8
core   0: 3 0x8000a378 (0xbfe5)
core   0: 0x8000a370 (0x00006f17) auipc   t5, 0x6
core   0: 3 0x8000a370 (0x00006f17) x30 0x80010370
core   0: 0x8000a374 (0xc83f2823) sw      gp, -880(t5)
core   0: 3 0x8000a374 (0xc83f2823) mem 0x80010000 0x00000001
core   0: 0x8000a378 (0x0000bfe5) c.j     pc - 8
core   0: 3 0x8000a378 (0xbfe5)
core   0: 0x8000a370 (0x00006f17) auipc   t5, 0x6
core   0: 3 0x8000a370 (0x00006f17) x30 0x80010370
core   0: 0x8000a374 (0xc83f2823) sw      gp, -880(t5)
core   0: 3 0x8000a374 (0xc83f2823) mem 0x80010000 0x00000001
core   0: 0x8000a378 (0x0000bfe5) c.j     pc - 8
core   0: 3 0x8000a378 (0xbfe5)
core   0: 0x8000a370 (0x00006f17) auipc   t5, 0x6
core   0: 3 0x8000a370 (0x00006f17) x30 0x80010370
core   0: 0x8000a374 (0xc83f2823) sw      gp, -880(t5)
core   0: 3 0x8000a374 (0xc83f2823) mem 0x80010000 0x00000001
core   0: 0x8000a378 (0x0000bfe5) c.j     pc - 8
core   0: 3 0x8000a378 (0xbfe5)
core   0: 0x8000a370 (0x00006f17) auipc   t5, 0x6
core   0: 3 0x8000a370 (0x00006f17) x30 0x80010370
core   0: 0x8000a374 (0xc83f2823) sw      gp, -880(t5)
core   0: 3 0x8000a374 (0xc83f2823) mem 0x80010000 0x00000001
core   0: 0x8000a378 (0x0000bfe5) c.j     pc - 8
core   0: 3 0x8000a378 (0xbfe5)
core   0: 0x8000a370 (0x00006f17) auipc   t5, 0x6
core   0: 3 0x8000a370 (0x00006f17) x30 0x80010370
core   0: 0x8000a374 (0xc83f2823) sw      gp, -880(t5)
core   0: 3 0x8000a374 (0xc83f2823) mem 0x80010000 0x00000001
core   0: 0x8000a378 (0x0000bfe5) c.j     pc - 8
core   0: 3 0x8000a378 (0xbfe5)
core   0: 0x8000a370 (0x00006f17) auipc   t5, 0x6
core   0: 3 0x8000a370 (0x00006f17) x30 0x80010370
core   0: 0x8000a374 (0xc83f2823) sw      gp, -880(t5)
core   0: 3 0x8000a374 (0xc83f2823) mem 0x80010000 0x00000001
core   0: 0x8000a378 (0x0000bfe5) c.j     pc - 8
core   0: 3 0x8000a378 (0xbfe5)
core   0: 0x8000a370 (0x00006f17) auipc   t5, 0x6
core   0: 3 0x8000a370 (0x00006f17) x30 0x80010370
core   0: 0x8000a374 (0xc83f2823) sw      gp, -880(t5)
core   0: 3 0x8000a374 (0xc83f2823) mem 0x80010000 0x00000001
core   0: 0x8000a378 (0x0000bfe5) c.j     pc - 8
core   0: 3 0x8000a378 (0xbfe5)
core   0: 0x8000a370 (0x00006f17) auipc   t5, 0x6
core   0: 3 0x8000a370 (0x00006f17) x30 0x80010370
core   0: 0x8000a374 (0xc83f2823) sw      gp, -880(t5)
core   0: 3 0x8000a374 (0xc83f2823) mem 0x80010000 0x00000001
core   0: 0x8000a378 (0x0000bfe5) c.j     pc - 8
core   0: 3 0x8000a378 (0xbfe5)
core   0: 0x8000a370 (0x00006f17) auipc   t5, 0x6
core   0: 3 0x8000a370 (0x00006f17) x30 0x80010370
core   0: 0x8000a374 (0xc83f2823) sw      gp, -880(t5)
core   0: 3 0x8000a374 (0xc83f2823) mem 0x80010000 0x00000001
core   0: 0x8000a378 (0x0000bfe5) c.j     pc - 8
core   0: 3 0x8000a378 (0xbfe5)
core   0: 0x8000a370 (0x00006f17) auipc   t5, 0x6
core   0: 3 0x8000a370 (0x00006f17) x30 0x80010370
core   0: 0x8000a374 (0xc83f2823) sw      gp, -880(t5)
core   0: 3 0x8000a374 (0xc83f2823) mem 0x80010000 0x00000001
core   0: 0x8000a378 (0x0000bfe5) c.j     pc - 8
core   0: 3 0x8000a378 (0xbfe5)
core   0: 0x8000a370 (0x00006f17) auipc   t5, 0x6
core   0: 3 0x8000a370 (0x00006f17) x30 0x80010370
core   0: 0x8000a374 (0xc83f2823) sw      gp, -880(t5)
core   0: 3 0x8000a374 (0xc83f2823) mem 0x80010000 0x00000001
core   0: 0x8000a378 (0x0000bfe5) c.j     pc - 8
core   0: 3 0x8000a378 (0xbfe5)
core   0: 0x8000a370 (0x00006f17) auipc   t5, 0x6
core   0: 3 0x8000a370 (0x00006f17) x30 0x80010370
core   0: 0x8000a374 (0xc83f2823) sw      gp, -880(t5)
core   0: 3 0x8000a374 (0xc83f2823) mem 0x80010000 0x00000001
core   0: 0x8000a378 (0x0000bfe5) c.j     pc - 8
core   0: 3 0x8000a378 (0xbfe5)
core   0: 0x8000a370 (0x00006f17) auipc   t5, 0x6
core   0: 3 0x8000a370 (0x00006f17) x30 0x80010370
core   0: 0x8000a374 (0xc83f2823) sw      gp, -880(t5)
core   0: 3 0x8000a374 (0xc83f2823) mem 0x80010000 0x00000001
core   0: 0x8000a378 (0x0000bfe5) c.j     pc - 8
core   0: 3 0x8000a378 (0xbfe5)
core   0: 0x8000a370 (0x00006f17) auipc   t5, 0x6
core   0: 3 0x8000a370 (0x00006f17) x30 0x80010370
core   0: 0x8000a374 (0xc83f2823) sw      gp, -880(t5)
core   0: 3 0x8000a374 (0xc83f2823) mem 0x80010000 0x00000001
core   0: 0x8000a378 (0x0000bfe5) c.j     pc - 8
core   0: 3 0x8000a378 (0xbfe5)
core   0: 0x8000a370 (0x00006f17) auipc   t5, 0x6
core   0: 3 0x8000a370 (0x00006f17) x30 0x80010370
core   0: 0x8000a374 (0xc83f2823) sw      gp, -880(t5)
core   0: 3 0x8000a374 (0xc83f2823) mem 0x80010000 0x00000001
core   0: 0x8000a378 (0x0000bfe5) c.j     pc - 8
core   0: 3 0x8000a378 (0xbfe5)
core   0: 0x8000a370 (0x00006f17) auipc   t5, 0x6
core   0: 3 0x8000a370 (0x00006f17) x30 0x80010370
core   0: 0x8000a374 (0xc83f2823) sw      gp, -880(t5)
core   0: 3 0x8000a374 (0xc83f2823) mem 0x80010000 0x00000001
core   0: 0x8000a378 (0x0000bfe5) c.j     pc - 8
core   0: 3 0x8000a378 (0xbfe5)
core   0: 0x8000a370 (0x00006f17) auipc   t5, 0x6
core   0: 3 0x8000a370 (0x00006f17) x30 0x80010370
core   0: 0x8000a374 (0xc83f2823) sw      gp, -880(t5)
core   0: 3 0x8000a374 (0xc83f2823) mem 0x80010000 0x00000001
core   0: 0x8000a378 (0x0000bfe5) c.j     pc - 8
core   0: 3 0x8000a378 (0xbfe5)
core   0: 0x8000a370 (0x00006f17) auipc   t5, 0x6
core   0: 3 0x8000a370 (0x00006f17) x30 0x80010370
core   0: 0x8000a374 (0xc83f2823) sw      gp, -880(t5)
core   0: 3 0x8000a374 (0xc83f2823) mem 0x80010000 0x00000001
core   0: 0x8000a378 (0x0000bfe5) c.j     pc - 8
core   0: 3 0x8000a378 (0xbfe5)
core   0: 0x8000a370 (0x00006f17) auipc   t5, 0x6
core   0: 3 0x8000a370 (0x00006f17) x30 0x80010370
core   0: 0x8000a374 (0xc83f2823) sw      gp, -880(t5)
core   0: 3 0x8000a374 (0xc83f2823) mem 0x80010000 0x00000001
core   0: 0x8000a378 (0x0000bfe5) c.j     pc - 8
core   0: 3 0x8000a378 (0xbfe5)
core   0: 0x8000a370 (0x00006f17) auipc   t5, 0x6
core   0: 3 0x8000a370 (0x00006f17) x30 0x80010370
core   0: 0x8000a374 (0xc83f2823) sw      gp, -880(t5)
core   0: 3 0x8000a374 (0xc83f2823) mem 0x80010000 0x00000001
core   0: 0x8000a378 (0x0000bfe5) c.j     pc - 8
core   0: 3 0x8000a378 (0xbfe5)
core   0: 0x8000a370 (0x00006f17) auipc   t5, 0x6
core   0: 3 0x8000a370 (0x00006f17) x30 0x80010370
core   0: 0x8000a374 (0xc83f2823) sw      gp, -880(t5)
core   0: 3 0x8000a374 (0xc83f2823) mem 0x80010000 0x00000001
core   0: 0x8000a378 (0x0000bfe5) c.j     pc - 8
core   0: 3 0x8000a378 (0xbfe5)
core   0: 0x8000a370 (0x00006f17) auipc   t5, 0x6
core   0: 3 0x8000a370 (0x00006f17) x30 0x80010370
core   0: 0x8000a374 (0xc83f2823) sw      gp, -880(t5)
core   0: 3 0x8000a374 (0xc83f2823) mem 0x80010000 0x00000001
core   0: 0x8000a378 (0x0000bfe5) c.j     pc - 8
core   0: 3 0x8000a378 (0xbfe5)
core   0: 0x8000a370 (0x00006f17) auipc   t5, 0x6
core   0: 3 0x8000a370 (0x00006f17) x30 0x80010370
core   0: 0x8000a374 (0xc83f2823) sw      gp, -880(t5)
core   0: 3 0x8000a374 (0xc83f2823) mem 0x80010000 0x00000001
core   0: 0x8000a378 (0x0000bfe5) c.j     pc - 8
core   0: 3 0x8000a378 (0xbfe5)
core   0: 0x8000a370 (0x00006f17) auipc   t5, 0x6
core   0: 3 0x8000a370 (0x00006f17) x30 0x80010370
core   0: 0x8000a374 (0xc83f2823) sw      gp, -880(t5)
core   0: 3 0x8000a374 (0xc83f2823) mem 0x80010000 0x00000001
core   0: 0x8000a378 (0x0000bfe5) c.j     pc - 8
core   0: 3 0x8000a378 (0xbfe5)
core   0: 0x8000a370 (0x00006f17) auipc   t5, 0x6
core   0: 3 0x8000a370 (0x00006f17) x30 0x80010370
core   0: 0x8000a374 (0xc83f2823) sw      gp, -880(t5)
core   0: 3 0x8000a374 (0xc83f2823) mem 0x80010000 0x00000001
core   0: 0x8000a378 (0x0000bfe5) c.j     pc - 8
core   0: 3 0x8000a378 (0xbfe5)
core   0: 0x8000a370 (0x00006f17) auipc   t5, 0x6
core   0: 3 0x8000a370 (0x00006f17) x30 0x80010370
core   0: 0x8000a374 (0xc83f2823) sw      gp, -880(t5)
core   0: 3 0x8000a374 (0xc83f2823) mem 0x80010000 0x00000001
core   0: 0x8000a378 (0x0000bfe5) c.j     pc - 8
core   0: 3 0x8000a378 (0xbfe5)
core   0: 0x8000a370 (0x00006f17) auipc   t5, 0x6
core   0: 3 0x8000a370 (0x00006f17) x30 0x80010370
core   0: 0x8000a374 (0xc83f2823) sw      gp, -880(t5)
core   0: 3 0x8000a374 (0xc83f2823) mem 0x80010000 0x00000001
core   0: 0x8000a378 (0x0000bfe5) c.j     pc - 8
core   0: 3 0x8000a378 (0xbfe5)
core   0: 0x8000a370 (0x00006f17) auipc   t5, 0x6
core   0: 3 0x8000a370 (0x00006f17) x30 0x80010370
core   0: 0x8000a374 (0xc83f2823) sw      gp, -880(t5)
core   0: 3 0x8000a374 (0xc83f2823) mem 0x80010000 0x00000001
core   0: 0x8000a378 (0x0000bfe5) c.j     pc - 8
core   0: 3 0x8000a378 (0xbfe5)
core   0: 0x8000a370 (0x00006f17) auipc   t5, 0x6
core   0: 3 0x8000a370 (0x00006f17) x30 0x80010370
core   0: 0x8000a374 (0xc83f2823) sw      gp, -880(t5)
core   0: 3 0x8000a374 (0xc83f2823) mem 0x80010000 0x00000001
core   0: 0x8000a378 (0x0000bfe5) c.j     pc - 8
core   0: 3 0x8000a378 (0xbfe5)
core   0: 0x8000a370 (0x00006f17) auipc   t5, 0x6
core   0: 3 0x8000a370 (0x00006f17) x30 0x80010370
core   0: 0x8000a374 (0xc83f2823) sw      gp, -880(t5)
core   0: 3 0x8000a374 (0xc83f2823) mem 0x80010000 0x00000001
core   0: 0x8000a378 (0x0000bfe5) c.j     pc - 8
core   0: 3 0x8000a378 (0xbfe5)
core   0: 0x8000a370 (0x00006f17) auipc   t5, 0x6
core   0: 3 0x8000a370 (0x00006f17) x30 0x80010370
core   0: 0x8000a374 (0xc83f2823) sw      gp, -880(t5)
core   0: 3 0x8000a374 (0xc83f2823) mem 0x80010000 0x00000001
core   0: 0x8000a378 (0x0000bfe5) c.j     pc - 8
core   0: 3 0x8000a378 (0xbfe5)
core   0: 0x8000a370 (0x00006f17) auipc   t5, 0x6
core   0: 3 0x8000a370 (0x00006f17) x30 0x80010370
core   0: 0x8000a374 (0xc83f2823) sw      gp, -880(t5)
core   0: 3 0x8000a374 (0xc83f2823) mem 0x80010000 0x00000001
core   0: 0x8000a378 (0x0000bfe5) c.j     pc - 8
core   0: 3 0x8000a378 (0xbfe5)
core   0: 0x8000a370 (0x00006f17) auipc   t5, 0x6
core   0: 3 0x8000a370 (0x00006f17) x30 0x80010370
core   0: 0x8000a374 (0xc83f2823) sw      gp, -880(t5)
core   0: 3 0x8000a374 (0xc83f2823) mem 0x80010000 0x00000001
core   0: 0x8000a378 (0x0000bfe5) c.j     pc - 8
core   0: 3 0x8000a378 (0xbfe5)
core   0: 0x8000a370 (0x00006f17) auipc   t5, 0x6
core   0: 3 0x8000a370 (0x00006f17) x30 0x80010370
core   0: 0x8000a374 (0xc83f2823) sw      gp, -880(t5)
core   0: 3 0x8000a374 (0xc83f2823) mem 0x80010000 0x00000001
core   0: 0x8000a378 (0x0000bfe5) c.j     pc - 8
core   0: 3 0x8000a378 (0xbfe5)
core   0: 0x8000a370 (0x00006f17) auipc   t5, 0x6
core   0: 3 0x8000a370 (0x00006f17) x30 0x80010370
core   0: 0x8000a374 (0xc83f2823) sw      gp, -880(t5)
core   0: 3 0x8000a374 (0xc83f2823) mem 0x80010000 0x00000001
core   0: 0x8000a378 (0x0000bfe5) c.j     pc - 8
core   0: 3 0x8000a378 (0xbfe5)
core   0: 0x8000a370 (0x00006f17) auipc   t5, 0x6
core   0: 3 0x8000a370 (0x00006f17) x30 0x80010370
core   0: 0x8000a374 (0xc83f2823) sw      gp, -880(t5)
core   0: 3 0x8000a374 (0xc83f2823) mem 0x80010000 0x00000001
core   0: 0x8000a378 (0x0000bfe5) c.j     pc - 8
core   0: 3 0x8000a378 (0xbfe5)
core   0: 0x8000a370 (0x00006f17) auipc   t5, 0x6
core   0: 3 0x8000a370 (0x00006f17) x30 0x80010370
core   0: 0x8000a374 (0xc83f2823) sw      gp, -880(t5)
core   0: 3 0x8000a374 (0xc83f2823) mem 0x80010000 0x00000001
core   0: 0x8000a378 (0x0000bfe5) c.j     pc - 8
core   0: 3 0x8000a378 (0xbfe5)
core   0: 0x8000a370 (0x00006f17) auipc   t5, 0x6
core   0: 3 0x8000a370 (0x00006f17) x30 0x80010370
core   0: 0x8000a374 (0xc83f2823) sw      gp, -880(t5)
core   0: 3 0x8000a374 (0xc83f2823) mem 0x80010000 0x00000001
core   0: 0x8000a378 (0x0000bfe5) c.j     pc - 8
core   0: 3 0x8000a378 (0xbfe5)
core   0: 0x8000a370 (0x00006f17) auipc   t5, 0x6
core   0: 3 0x8000a370 (0x00006f17) x30 0x80010370
core   0: 0x8000a374 (0xc83f2823) sw      gp, -880(t5)
core   0: 3 0x8000a374 (0xc83f2823) mem 0x80010000 0x00000001
core   0: 0x8000a378 (0x0000bfe5) c.j     pc - 8
core   0: 3 0x8000a378 (0xbfe5)
core   0: 0x8000a370 (0x00006f17) auipc   t5, 0x6
core   0: 3 0x8000a370 (0x00006f17) x30 0x80010370
core   0: 0x8000a374 (0xc83f2823) sw      gp, -880(t5)
core   0: 3 0x8000a374 (0xc83f2823) mem 0x80010000 0x00000001
core   0: 0x8000a378 (0x0000bfe5) c.j     pc - 8
core   0: 3 0x8000a378 (0xbfe5)
core   0: 0x8000a370 (0x00006f17) auipc   t5, 0x6
core   0: 3 0x8000a370 (0x00006f17) x30 0x80010370
core   0: 0x8000a374 (0xc83f2823) sw      gp, -880(t5)
core   0: 3 0x8000a374 (0xc83f2823) mem 0x80010000 0x00000001
core   0: 0x8000a378 (0x0000bfe5) c.j     pc - 8
core   0: 3 0x8000a378 (0xbfe5)
core   0: 0x8000a370 (0x00006f17) auipc   t5, 0x6
core   0: 3 0x8000a370 (0x00006f17) x30 0x80010370
core   0: 0x8000a374 (0xc83f2823) sw      gp, -880(t5)
core   0: 3 0x8000a374 (0xc83f2823) mem 0x80010000 0x00000001
core   0: 0x8000a378 (0x0000bfe5) c.j     pc - 8
core   0: 3 0x8000a378 (0xbfe5)
core   0: 0x8000a370 (0x00006f17) auipc   t5, 0x6
core   0: 3 0x8000a370 (0x00006f17) x30 0x80010370
core   0: 0x8000a374 (0xc83f2823) sw      gp, -880(t5)
core   0: 3 0x8000a374 (0xc83f2823) mem 0x80010000 0x00000001
core   0: 0x8000a378 (0x0000bfe5) c.j     pc - 8
core   0: 3 0x8000a378 (0xbfe5)
core   0: 0x8000a370 (0x00006f17) auipc   t5, 0x6
core   0: 3 0x8000a370 (0x00006f17) x30 0x80010370
core   0: 0x8000a374 (0xc83f2823) sw      gp, -880(t5)
core   0: 3 0x8000a374 (0xc83f2823) mem 0x80010000 0x00000001
core   0: 0x8000a378 (0x0000bfe5) c.j     pc - 8
core   0: 3 0x8000a378 (0xbfe5)
core   0: 0x8000a370 (0x00006f17) auipc   t5, 0x6
core   0: 3 0x8000a370 (0x00006f17) x30 0x80010370
core   0: 0x8000a374 (0xc83f2823) sw      gp, -880(t5)
core   0: 3 0x8000a374 (0xc83f2823) mem 0x80010000 0x00000001
core   0: 0x8000a378 (0x0000bfe5) c.j     pc - 8
core   0: 3 0x8000a378 (0xbfe5)
core   0: 0x8000a370 (0x00006f17) auipc   t5, 0x6
core   0: 3 0x8000a370 (0x00006f17) x30 0x80010370
core   0: 0x8000a374 (0xc83f2823) sw      gp, -880(t5)
core   0: 3 0x8000a374 (0xc83f2823) mem 0x80010000 0x00000001
core   0: 0x8000a378 (0x0000bfe5) c.j     pc - 8
core   0: 3 0x8000a378 (0xbfe5)
core   0: 0x8000a370 (0x00006f17) auipc   t5, 0x6
core   0: 3 0x8000a370 (0x00006f17) x30 0x80010370
core   0: 0x8000a374 (0xc83f2823) sw      gp, -880(t5)
core   0: 3 0x8000a374 (0xc83f2823) mem 0x80010000 0x00000001
core   0: 0x8000a378 (0x0000bfe5) c.j     pc - 8
core   0: 3 0x8000a378 (0xbfe5)
core   0: 0x8000a370 (0x00006f17) auipc   t5, 0x6
core   0: 3 0x8000a370 (0x00006f17) x30 0x80010370
core   0: 0x8000a374 (0xc83f2823) sw      gp, -880(t5)
core   0: 3 0x8000a374 (0xc83f2823) mem 0x80010000 0x00000001
core   0: 0x8000a378 (0x0000bfe5) c.j     pc - 8
core   0: 3 0x8000a378 (0xbfe5)
core   0: 0x8000a370 (0x00006f17) auipc   t5, 0x6
core   0: 3 0x8000a370 (0x00006f17) x30 0x80010370
core   0: 0x8000a374 (0xc83f2823) sw      gp, -880(t5)
core   0: 3 0x8000a374 (0xc83f2823) mem 0x80010000 0x00000001
core   0: 0x8000a378 (0x0000bfe5) c.j     pc - 8
core   0: 3 0x8000a378 (0xbfe5)
core   0: 0x8000a370 (0x00006f17) auipc   t5, 0x6
core   0: 3 0x8000a370 (0x00006f17) x30 0x80010370
core   0: 0x8000a374 (0xc83f2823) sw      gp, -880(t5)
core   0: 3 0x8000a374 (0xc83f2823) mem 0x80010000 0x00000001
core   0: 0x8000a378 (0x0000bfe5) c.j     pc - 8
core   0: 3 0x8000a378 (0xbfe5)
core   0: 0x8000a370 (0x00006f17) auipc   t5, 0x6
core   0: 3 0x8000a370 (0x00006f17) x30 0x80010370
core   0: 0x8000a374 (0xc83f2823) sw      gp, -880(t5)
core   0: 3 0x8000a374 (0xc83f2823) mem 0x80010000 0x00000001
core   0: 0x8000a378 (0x0000bfe5) c.j     pc - 8
core   0: 3 0x8000a378 (0xbfe5)
core   0: 0x8000a370 (0x00006f17) auipc   t5, 0x6
core   0: 3 0x8000a370 (0x00006f17) x30 0x80010370
core   0: 0x8000a374 (0xc83f2823) sw      gp, -880(t5)
core   0: 3 0x8000a374 (0xc83f2823) mem 0x80010000 0x00000001
core   0: 0x8000a378 (0x0000bfe5) c.j     pc - 8
core   0: 3 0x8000a378 (0xbfe5)
core   0: 0x8000a370 (0x00006f17) auipc   t5, 0x6
core   0: 3 0x8000a370 (0x00006f17) x30 0x80010370
core   0: 0x8000a374 (0xc83f2823) sw      gp, -880(t5)
core   0: 3 0x8000a374 (0xc83f2823) mem 0x80010000 0x00000001
core   0: 0x8000a378 (0x0000bfe5) c.j     pc - 8
core   0: 3 0x8000a378 (0xbfe5)
core   0: 0x8000a370 (0x00006f17) auipc   t5, 0x6
core   0: 3 0x8000a370 (0x00006f17) x30 0x80010370
core   0: 0x8000a374 (0xc83f2823) sw      gp, -880(t5)
core   0: 3 0x8000a374 (0xc83f2823) mem 0x80010000 0x00000001
core   0: 0x8000a378 (0x0000bfe5) c.j     pc - 8
core   0: 3 0x8000a378 (0xbfe5)
core   0: 0x8000a370 (0x00006f17) auipc   t5, 0x6
core   0: 3 0x8000a370 (0x00006f17) x30 0x80010370
core   0: 0x8000a374 (0xc83f2823) sw      gp, -880(t5)
core   0: 3 0x8000a374 (0xc83f2823) mem 0x80010000 0x00000001
core   0: 0x8000a378 (0x0000bfe5) c.j     pc - 8
core   0: 3 0x8000a378 (0xbfe5)
core   0: 0x8000a370 (0x00006f17) auipc   t5, 0x6
core   0: 3 0x8000a370 (0x00006f17) x30 0x80010370
core   0: 0x8000a374 (0xc83f2823) sw      gp, -880(t5)
core   0: 3 0x8000a374 (0xc83f2823) mem 0x80010000 0x00000001
core   0: 0x8000a378 (0x0000bfe5) c.j     pc - 8
core   0: 3 0x8000a378 (0xbfe5)
core   0: 0x8000a370 (0x00006f17) auipc   t5, 0x6
core   0: 3 0x8000a370 (0x00006f17) x30 0x80010370
core   0: 0x8000a374 (0xc83f2823) sw      gp, -880(t5)
core   0: 3 0x8000a374 (0xc83f2823) mem 0x80010000 0x00000001
core   0: 0x8000a378 (0x0000bfe5) c.j     pc - 8
core   0: 3 0x8000a378 (0xbfe5)
core   0: 0x8000a370 (0x00006f17) auipc   t5, 0x6
core   0: 3 0x8000a370 (0x00006f17) x30 0x80010370
core   0: 0x8000a374 (0xc83f2823) sw      gp, -880(t5)
core   0: 3 0x8000a374 (0xc83f2823) mem 0x80010000 0x00000001
core   0: 0x8000a378 (0x0000bfe5) c.j     pc - 8
core   0: 3 0x8000a378 (0xbfe5)
core   0: 0x8000a370 (0x00006f17) auipc   t5, 0x6
core   0: 3 0x8000a370 (0x00006f17) x30 0x80010370
core   0: 0x8000a374 (0xc83f2823) sw      gp, -880(t5)
core   0: 3 0x8000a374 (0xc83f2823) mem 0x80010000 0x00000001
core   0: 0x8000a378 (0x0000bfe5) c.j     pc - 8
core   0: 3 0x8000a378 (0xbfe5)
core   0: 0x8000a370 (0x00006f17) auipc   t5, 0x6
core   0: 3 0x8000a370 (0x00006f17) x30 0x80010370
core   0: 0x8000a374 (0xc83f2823) sw      gp, -880(t5)
core   0: 3 0x8000a374 (0xc83f2823) mem 0x80010000 0x00000001
core   0: 0x8000a378 (0x0000bfe5) c.j     pc - 8
core   0: 3 0x8000a378 (0xbfe5)
core   0: 0x8000a370 (0x00006f17) auipc   t5, 0x6
core   0: 3 0x8000a370 (0x00006f17) x30 0x80010370
core   0: 0x8000a374 (0xc83f2823) sw      gp, -880(t5)
core   0: 3 0x8000a374 (0xc83f2823) mem 0x80010000 0x00000001
core   0: 0x8000a378 (0x0000bfe5) c.j     pc - 8
core   0: 3 0x8000a378 (0xbfe5)
core   0: 0x8000a370 (0x00006f17) auipc   t5, 0x6
core   0: 3 0x8000a370 (0x00006f17) x30 0x80010370
core   0: 0x8000a374 (0xc83f2823) sw      gp, -880(t5)
core   0: 3 0x8000a374 (0xc83f2823) mem 0x80010000 0x00000001
core   0: 0x8000a378 (0x0000bfe5) c.j     pc - 8
core   0: 3 0x8000a378 (0xbfe5)
core   0: 0x8000a370 (0x00006f17) auipc   t5, 0x6
core   0: 3 0x8000a370 (0x00006f17) x30 0x80010370
core   0: 0x8000a374 (0xc83f2823) sw      gp, -880(t5)
core   0: 3 0x8000a374 (0xc83f2823) mem 0x80010000 0x00000001
core   0: 0x8000a378 (0x0000bfe5) c.j     pc - 8
core   0: 3 0x8000a378 (0xbfe5)
core   0: 0x8000a370 (0x00006f17) auipc   t5, 0x6
core   0: 3 0x8000a370 (0x00006f17) x30 0x80010370
core   0: 0x8000a374 (0xc83f2823) sw      gp, -880(t5)
core   0: 3 0x8000a374 (0xc83f2823) mem 0x80010000 0x00000001
core   0: 0x8000a378 (0x0000bfe5) c.j     pc - 8
core   0: 3 0x8000a378 (0xbfe5)
core   0: 0x8000a370 (0x00006f17) auipc   t5, 0x6
core   0: 3 0x8000a370 (0x00006f17) x30 0x80010370
core   0: 0x8000a374 (0xc83f2823) sw      gp, -880(t5)
core   0: 3 0x8000a374 (0xc83f2823) mem 0x80010000 0x00000001
core   0: 0x8000a378 (0x0000bfe5) c.j     pc - 8
core   0: 3 0x8000a378 (0xbfe5)
core   0: 0x8000a370 (0x00006f17) auipc   t5, 0x6
core   0: 3 0x8000a370 (0x00006f17) x30 0x80010370
core   0: 0x8000a374 (0xc83f2823) sw      gp, -880(t5)
core   0: 3 0x8000a374 (0xc83f2823) mem 0x80010000 0x00000001
core   0: 0x8000a378 (0x0000bfe5) c.j     pc - 8
core   0: 3 0x8000a378 (0xbfe5)
core   0: 0x8000a370 (0x00006f17) auipc   t5, 0x6
core   0: 3 0x8000a370 (0x00006f17) x30 0x80010370
core   0: 0x8000a374 (0xc83f2823) sw      gp, -880(t5)
core   0: 3 0x8000a374 (0xc83f2823) mem 0x80010000 0x00000001
core   0: 0x8000a378 (0x0000bfe5) c.j     pc - 8
core   0: 3 0x8000a378 (0xbfe5)
core   0: 0x8000a370 (0x00006f17) auipc   t5, 0x6
core   0: 3 0x8000a370 (0x00006f17) x30 0x80010370
core   0: 0x8000a374 (0xc83f2823) sw      gp, -880(t5)
core   0: 3 0x8000a374 (0xc83f2823) mem 0x80010000 0x00000001
core   0: 0x8000a378 (0x0000bfe5) c.j     pc - 8
core   0: 3 0x8000a378 (0xbfe5)
core   0: 0x8000a370 (0x00006f17) auipc   t5, 0x6
core   0: 3 0x8000a370 (0x00006f17) x30 0x80010370
core   0: 0x8000a374 (0xc83f2823) sw      gp, -880(t5)
core   0: 3 0x8000a374 (0xc83f2823) mem 0x80010000 0x00000001
core   0: 0x8000a378 (0x0000bfe5) c.j     pc - 8
core   0: 3 0x8000a378 (0xbfe5)
core   0: 0x8000a370 (0x00006f17) auipc   t5, 0x6
core   0: 3 0x8000a370 (0x00006f17) x30 0x80010370
core   0: 0x8000a374 (0xc83f2823) sw      gp, -880(t5)
core   0: 3 0x8000a374 (0xc83f2823) mem 0x80010000 0x00000001
core   0: 0x8000a378 (0x0000bfe5) c.j     pc - 8
core   0: 3 0x8000a378 (0xbfe5)
core   0: 0x8000a370 (0x00006f17) auipc   t5, 0x6
core   0: 3 0x8000a370 (0x00006f17) x30 0x80010370
core   0: 0x8000a374 (0xc83f2823) sw      gp, -880(t5)
core   0: 3 0x8000a374 (0xc83f2823) mem 0x80010000 0x00000001
core   0: 0x8000a378 (0x0000bfe5) c.j     pc - 8
core   0: 3 0x8000a378 (0xbfe5)
core   0: 0x8000a370 (0x00006f17) auipc   t5, 0x6
core   0: 3 0x8000a370 (0x00006f17) x30 0x80010370
core   0: 0x8000a374 (0xc83f2823) sw      gp, -880(t5)
core   0: 3 0x8000a374 (0xc83f2823) mem 0x80010000 0x00000001
core   0: 0x8000a378 (0x0000bfe5) c.j     pc - 8
core   0: 3 0x8000a378 (0xbfe5)
core   0: 0x8000a370 (0x00006f17) auipc   t5, 0x6
core   0: 3 0x8000a370 (0x00006f17) x30 0x80010370
core   0: 0x8000a374 (0xc83f2823) sw      gp, -880(t5)
core   0: 3 0x8000a374 (0xc83f2823) mem 0x80010000 0x00000001
core   0: 0x8000a378 (0x0000bfe5) c.j     pc - 8
core   0: 3 0x8000a378 (0xbfe5)
core   0: 0x8000a370 (0x00006f17) auipc   t5, 0x6
core   0: 3 0x8000a370 (0x00006f17) x30 0x80010370
core   0: 0x8000a374 (0xc83f2823) sw      gp, -880(t5)
core   0: 3 0x8000a374 (0xc83f2823) mem 0x80010000 0x00000001
core   0: 0x8000a378 (0x0000bfe5) c.j     pc - 8
core   0: 3 0x8000a378 (0xbfe5)
core   0: 0x8000a370 (0x00006f17) auipc   t5, 0x6
core   0: 3 0x8000a370 (0x00006f17) x30 0x80010370
core   0: 0x8000a374 (0xc83f2823) sw      gp, -880(t5)
core   0: 3 0x8000a374 (0xc83f2823) mem 0x80010000 0x00000001
core   0: 0x8000a378 (0x0000bfe5) c.j     pc - 8
core   0: 3 0x8000a378 (0xbfe5)
core   0: 0x8000a370 (0x00006f17) auipc   t5, 0x6
core   0: 3 0x8000a370 (0x00006f17) x30 0x80010370
core   0: 0x8000a374 (0xc83f2823) sw      gp, -880(t5)
core   0: 3 0x8000a374 (0xc83f2823) mem 0x80010000 0x00000001
core   0: 0x8000a378 (0x0000bfe5) c.j     pc - 8
core   0: 3 0x8000a378 (0xbfe5)
core   0: 0x8000a370 (0x00006f17) auipc   t5, 0x6
core   0: 3 0x8000a370 (0x00006f17) x30 0x80010370
core   0: 0x8000a374 (0xc83f2823) sw      gp, -880(t5)
core   0: 3 0x8000a374 (0xc83f2823) mem 0x80010000 0x00000001
core   0: 0x8000a378 (0x0000bfe5) c.j     pc - 8
core   0: 3 0x8000a378 (0xbfe5)
core   0: 0x8000a370 (0x00006f17) auipc   t5, 0x6
core   0: 3 0x8000a370 (0x00006f17) x30 0x80010370
core   0: 0x8000a374 (0xc83f2823) sw      gp, -880(t5)
core   0: 3 0x8000a374 (0xc83f2823) mem 0x80010000 0x00000001
core   0: 0x8000a378 (0x0000bfe5) c.j     pc - 8
core   0: 3 0x8000a378 (0xbfe5)
core   0: 0x8000a370 (0x00006f17) auipc   t5, 0x6
core   0: 3 0x8000a370 (0x00006f17) x30 0x80010370
core   0: 0x8000a374 (0xc83f2823) sw      gp, -880(t5)
core   0: 3 0x8000a374 (0xc83f2823) mem 0x80010000 0x00000001
core   0: 0x8000a378 (0x0000bfe5) c.j     pc - 8
core   0: 3 0x8000a378 (0xbfe5)
core   0: 0x8000a370 (0x00006f17) auipc   t5, 0x6
core   0: 3 0x8000a370 (0x00006f17) x30 0x80010370
core   0: 0x8000a374 (0xc83f2823) sw      gp, -880(t5)
core   0: 3 0x8000a374 (0xc83f2823) mem 0x80010000 0x00000001
core   0: 0x8000a378 (0x0000bfe5) c.j     pc - 8
core   0: 3 0x8000a378 (0xbfe5)
core   0: 0x8000a370 (0x00006f17) auipc   t5, 0x6
core   0: 3 0x8000a370 (0x00006f17) x30 0x80010370
core   0: 0x8000a374 (0xc83f2823) sw      gp, -880(t5)
core   0: 3 0x8000a374 (0xc83f2823) mem 0x80010000 0x00000001
core   0: 0x8000a378 (0x0000bfe5) c.j     pc - 8
core   0: 3 0x8000a378 (0xbfe5)
core   0: 0x8000a370 (0x00006f17) auipc   t5, 0x6
core   0: 3 0x8000a370 (0x00006f17) x30 0x80010370
core   0: 0x8000a374 (0xc83f2823) sw      gp, -880(t5)
core   0: 3 0x8000a374 (0xc83f2823) mem 0x80010000 0x00000001
core   0: 0x8000a378 (0x0000bfe5) c.j     pc - 8
core   0: 3 0x8000a378 (0xbfe5)
core   0: 0x8000a370 (0x00006f17) auipc   t5, 0x6
core   0: 3 0x8000a370 (0x00006f17) x30 0x80010370
core   0: 0x8000a374 (0xc83f2823) sw      gp, -880(t5)
core   0: 3 0x8000a374 (0xc83f2823) mem 0x80010000 0x00000001
core   0: 0x8000a378 (0x0000bfe5) c.j     pc - 8
core   0: 3 0x8000a378 (0xbfe5)
core   0: 0x8000a370 (0x00006f17) auipc   t5, 0x6
core   0: 3 0x8000a370 (0x00006f17) x30 0x80010370
core   0: 0x8000a374 (0xc83f2823) sw      gp, -880(t5)
core   0: 3 0x8000a374 (0xc83f2823) mem 0x80010000 0x00000001
core   0: 0x8000a378 (0x0000bfe5) c.j     pc - 8
core   0: 3 0x8000a378 (0xbfe5)
core   0: 0x8000a370 (0x00006f17) auipc   t5, 0x6
core   0: 3 0x8000a370 (0x00006f17) x30 0x80010370
core   0: 0x8000a374 (0xc83f2823) sw      gp, -880(t5)
core   0: 3 0x8000a374 (0xc83f2823) mem 0x80010000 0x00000001
core   0: 0x8000a378 (0x0000bfe5) c.j     pc - 8
core   0: 3 0x8000a378 (0xbfe5)
core   0: 0x8000a370 (0x00006f17) auipc   t5, 0x6
core   0: 3 0x8000a370 (0x00006f17) x30 0x80010370
core   0: 0x8000a374 (0xc83f2823) sw      gp, -880(t5)
core   0: 3 0x8000a374 (0xc83f2823) mem 0x80010000 0x00000001
core   0: 0x8000a378 (0x0000bfe5) c.j     pc - 8
core   0: 3 0x8000a378 (0xbfe5)
core   0: 0x8000a370 (0x00006f17) auipc   t5, 0x6
core   0: 3 0x8000a370 (0x00006f17) x30 0x80010370
core   0: 0x8000a374 (0xc83f2823) sw      gp, -880(t5)
core   0: 3 0x8000a374 (0xc83f2823) mem 0x80010000 0x00000001
core   0: 0x8000a378 (0x0000bfe5) c.j     pc - 8
core   0: 3 0x8000a378 (0xbfe5)
core   0: 0x8000a370 (0x00006f17) auipc   t5, 0x6
core   0: 3 0x8000a370 (0x00006f17) x30 0x80010370
core   0: 0x8000a374 (0xc83f2823) sw      gp, -880(t5)
core   0: 3 0x8000a374 (0xc83f2823) mem 0x80010000 0x00000001
core   0: 0x8000a378 (0x0000bfe5) c.j     pc - 8
core   0: 3 0x8000a378 (0xbfe5)
core   0: 0x8000a370 (0x00006f17) auipc   t5, 0x6
core   0: 3 0x8000a370 (0x00006f17) x30 0x80010370
core   0: 0x8000a374 (0xc83f2823) sw      gp, -880(t5)
core   0: 3 0x8000a374 (0xc83f2823) mem 0x80010000 0x00000001
core   0: 0x8000a378 (0x0000bfe5) c.j     pc - 8
core   0: 3 0x8000a378 (0xbfe5)
core   0: 0x8000a370 (0x00006f17) auipc   t5, 0x6
core   0: 3 0x8000a370 (0x00006f17) x30 0x80010370
core   0: 0x8000a374 (0xc83f2823) sw      gp, -880(t5)
core   0: 3 0x8000a374 (0xc83f2823) mem 0x80010000 0x00000001
core   0: 0x8000a378 (0x0000bfe5) c.j     pc - 8
core   0: 3 0x8000a378 (0xbfe5)
core   0: 0x8000a370 (0x00006f17) auipc   t5, 0x6
core   0: 3 0x8000a370 (0x00006f17) x30 0x80010370
core   0: 0x8000a374 (0xc83f2823) sw      gp, -880(t5)
core   0: 3 0x8000a374 (0xc83f2823) mem 0x80010000 0x00000001
core   0: 0x8000a378 (0x0000bfe5) c.j     pc - 8
core   0: 3 0x8000a378 (0xbfe5)
core   0: 0x8000a370 (0x00006f17) auipc   t5, 0x6
core   0: 3 0x8000a370 (0x00006f17) x30 0x80010370
core   0: 0x8000a374 (0xc83f2823) sw      gp, -880(t5)
core   0: 3 0x8000a374 (0xc83f2823) mem 0x80010000 0x00000001
core   0: 0x8000a378 (0x0000bfe5) c.j     pc - 8
core   0: 3 0x8000a378 (0xbfe5)
core   0: 0x8000a370 (0x00006f17) auipc   t5, 0x6
core   0: 3 0x8000a370 (0x00006f17) x30 0x80010370
core   0: 0x8000a374 (0xc83f2823) sw      gp, -880(t5)
core   0: 3 0x8000a374 (0xc83f2823) mem 0x80010000 0x00000001
core   0: 0x8000a378 (0x0000bfe5) c.j     pc - 8
core   0: 3 0x8000a378 (0xbfe5)
core   0: 0x8000a370 (0x00006f17) auipc   t5, 0x6
core   0: 3 0x8000a370 (0x00006f17) x30 0x80010370
core   0: 0x8000a374 (0xc83f2823) sw      gp, -880(t5)
core   0: 3 0x8000a374 (0xc83f2823) mem 0x80010000 0x00000001
core   0: 0x8000a378 (0x0000bfe5) c.j     pc - 8
core   0: 3 0x8000a378 (0xbfe5)
core   0: 0x8000a370 (0x00006f17) auipc   t5, 0x6
core   0: 3 0x8000a370 (0x00006f17) x30 0x80010370
core   0: 0x8000a374 (0xc83f2823) sw      gp, -880(t5)
core   0: 3 0x8000a374 (0xc83f2823) mem 0x80010000 0x00000001
core   0: 0x8000a378 (0x0000bfe5) c.j     pc - 8
core   0: 3 0x8000a378 (0xbfe5)
core   0: 0x8000a370 (0x00006f17) auipc   t5, 0x6
core   0: 3 0x8000a370 (0x00006f17) x30 0x80010370
core   0: 0x8000a374 (0xc83f2823) sw      gp, -880(t5)
core   0: 3 0x8000a374 (0xc83f2823) mem 0x80010000 0x00000001
core   0: 0x8000a378 (0x0000bfe5) c.j     pc - 8
core   0: 3 0x8000a378 (0xbfe5)
core   0: 0x8000a370 (0x00006f17) auipc   t5, 0x6
core   0: 3 0x8000a370 (0x00006f17) x30 0x80010370
core   0: 0x8000a374 (0xc83f2823) sw      gp, -880(t5)
core   0: 3 0x8000a374 (0xc83f2823) mem 0x80010000 0x00000001
core   0: 0x8000a378 (0x0000bfe5) c.j     pc - 8
core   0: 3 0x8000a378 (0xbfe5)
core   0: 0x8000a370 (0x00006f17) auipc   t5, 0x6
core   0: 3 0x8000a370 (0x00006f17) x30 0x80010370
core   0: 0x8000a374 (0xc83f2823) sw      gp, -880(t5)
core   0: 3 0x8000a374 (0xc83f2823) mem 0x80010000 0x00000001
core   0: 0x8000a378 (0x0000bfe5) c.j     pc - 8
core   0: 3 0x8000a378 (0xbfe5)
core   0: 0x8000a370 (0x00006f17) auipc   t5, 0x6
core   0: 3 0x8000a370 (0x00006f17) x30 0x80010370
core   0: 0x8000a374 (0xc83f2823) sw      gp, -880(t5)
core   0: 3 0x8000a374 (0xc83f2823) mem 0x80010000 0x00000001
core   0: 0x8000a378 (0x0000bfe5) c.j     pc - 8
core   0: 3 0x8000a378 (0xbfe5)
core   0: 0x8000a370 (0x00006f17) auipc   t5, 0x6
core   0: 3 0x8000a370 (0x00006f17) x30 0x80010370
core   0: 0x8000a374 (0xc83f2823) sw      gp, -880(t5)
core   0: 3 0x8000a374 (0xc83f2823) mem 0x80010000 0x00000001
core   0: 0x8000a378 (0x0000bfe5) c.j     pc - 8
core   0: 3 0x8000a378 (0xbfe5)
core   0: 0x8000a370 (0x00006f17) auipc   t5, 0x6
core   0: 3 0x8000a370 (0x00006f17) x30 0x80010370
core   0: 0x8000a374 (0xc83f2823) sw      gp, -880(t5)
core   0: 3 0x8000a374 (0xc83f2823) mem 0x80010000 0x00000001
core   0: 0x8000a378 (0x0000bfe5) c.j     pc - 8
core   0: 3 0x8000a378 (0xbfe5)
core   0: 0x8000a370 (0x00006f17) auipc   t5, 0x6
core   0: 3 0x8000a370 (0x00006f17) x30 0x80010370
core   0: 0x8000a374 (0xc83f2823) sw      gp, -880(t5)
core   0: 3 0x8000a374 (0xc83f2823) mem 0x80010000 0x00000001
core   0: 0x8000a378 (0x0000bfe5) c.j     pc - 8
core   0: 3 0x8000a378 (0xbfe5)
core   0: 0x8000a370 (0x00006f17) auipc   t5, 0x6
core   0: 3 0x8000a370 (0x00006f17) x30 0x80010370
core   0: 0x8000a374 (0xc83f2823) sw      gp, -880(t5)
core   0: 3 0x8000a374 (0xc83f2823) mem 0x80010000 0x00000001
core   0: 0x8000a378 (0x0000bfe5) c.j     pc - 8
core   0: 3 0x8000a378 (0xbfe5)
core   0: 0x8000a370 (0x00006f17) auipc   t5, 0x6
core   0: 3 0x8000a370 (0x00006f17) x30 0x80010370
core   0: 0x8000a374 (0xc83f2823) sw      gp, -880(t5)
core   0: 3 0x8000a374 (0xc83f2823) mem 0x80010000 0x00000001
core   0: 0x8000a378 (0x0000bfe5) c.j     pc - 8
core   0: 3 0x8000a378 (0xbfe5)
core   0: 0x8000a370 (0x00006f17) auipc   t5, 0x6
core   0: 3 0x8000a370 (0x00006f17) x30 0x80010370
core   0: 0x8000a374 (0xc83f2823) sw      gp, -880(t5)
core   0: 3 0x8000a374 (0xc83f2823) mem 0x80010000 0x00000001
core   0: 0x8000a378 (0x0000bfe5) c.j     pc - 8
core   0: 3 0x8000a378 (0xbfe5)
core   0: 0x8000a370 (0x00006f17) auipc   t5, 0x6
core   0: 3 0x8000a370 (0x00006f17) x30 0x80010370
core   0: 0x8000a374 (0xc83f2823) sw      gp, -880(t5)
core   0: 3 0x8000a374 (0xc83f2823) mem 0x80010000 0x00000001
core   0: 0x8000a378 (0x0000bfe5) c.j     pc - 8
core   0: 3 0x8000a378 (0xbfe5)
core   0: 0x8000a370 (0x00006f17) auipc   t5, 0x6
core   0: 3 0x8000a370 (0x00006f17) x30 0x80010370
core   0: 0x8000a374 (0xc83f2823) sw      gp, -880(t5)
core   0: 3 0x8000a374 (0xc83f2823) mem 0x80010000 0x00000001
core   0: 0x8000a378 (0x0000bfe5) c.j     pc - 8
core   0: 3 0x8000a378 (0xbfe5)
core   0: 0x8000a370 (0x00006f17) auipc   t5, 0x6
core   0: 3 0x8000a370 (0x00006f17) x30 0x80010370
core   0: 0x8000a374 (0xc83f2823) sw      gp, -880(t5)
core   0: 3 0x8000a374 (0xc83f2823) mem 0x80010000 0x00000001
core   0: 0x8000a378 (0x0000bfe5) c.j     pc - 8
core   0: 3 0x8000a378 (0xbfe5)
core   0: 0x8000a370 (0x00006f17) auipc   t5, 0x6
core   0: 3 0x8000a370 (0x00006f17) x30 0x80010370
core   0: 0x8000a374 (0xc83f2823) sw      gp, -880(t5)
core   0: 3 0x8000a374 (0xc83f2823) mem 0x80010000 0x00000001
core   0: 0x8000a378 (0x0000bfe5) c.j     pc - 8
core   0: 3 0x8000a378 (0xbfe5)
core   0: 0x8000a370 (0x00006f17) auipc   t5, 0x6
core   0: 3 0x8000a370 (0x00006f17) x30 0x80010370
core   0: 0x8000a374 (0xc83f2823) sw      gp, -880(t5)
core   0: 3 0x8000a374 (0xc83f2823) mem 0x80010000 0x00000001
core   0: 0x8000a378 (0x0000bfe5) c.j     pc - 8
core   0: 3 0x8000a378 (0xbfe5)
core   0: 0x8000a370 (0x00006f17) auipc   t5, 0x6
core   0: 3 0x8000a370 (0x00006f17) x30 0x80010370
core   0: 0x8000a374 (0xc83f2823) sw      gp, -880(t5)
core   0: 3 0x8000a374 (0xc83f2823) mem 0x80010000 0x00000001
core   0: 0x8000a378 (0x0000bfe5) c.j     pc - 8
core   0: 3 0x8000a378 (0xbfe5)
core   0: 0x8000a370 (0x00006f17) auipc   t5, 0x6
core   0: 3 0x8000a370 (0x00006f17) x30 0x80010370
core   0: 0x8000a374 (0xc83f2823) sw      gp, -880(t5)
core   0: 3 0x8000a374 (0xc83f2823) mem 0x80010000 0x00000001
core   0: 0x8000a378 (0x0000bfe5) c.j     pc - 8
core   0: 3 0x8000a378 (0xbfe5)
core   0: 0x8000a370 (0x00006f17) auipc   t5, 0x6
core   0: 3 0x8000a370 (0x00006f17) x30 0x80010370
core   0: 0x8000a374 (0xc83f2823) sw      gp, -880(t5)
core   0: 3 0x8000a374 (0xc83f2823) mem 0x80010000 0x00000001
core   0: 0x8000a378 (0x0000bfe5) c.j     pc - 8
core   0: 3 0x8000a378 (0xbfe5)
core   0: 0x8000a370 (0x00006f17) auipc   t5, 0x6
core   0: 3 0x8000a370 (0x00006f17) x30 0x80010370
core   0: 0x8000a374 (0xc83f2823) sw      gp, -880(t5)
core   0: 3 0x8000a374 (0xc83f2823) mem 0x80010000 0x00000001
core   0: 0x8000a378 (0x0000bfe5) c.j     pc - 8
core   0: 3 0x8000a378 (0xbfe5)
core   0: 0x8000a370 (0x00006f17) auipc   t5, 0x6
core   0: 3 0x8000a370 (0x00006f17) x30 0x80010370
core   0: 0x8000a374 (0xc83f2823) sw      gp, -880(t5)
core   0: 3 0x8000a374 (0xc83f2823) mem 0x80010000 0x00000001
core   0: 0x8000a378 (0x0000bfe5) c.j     pc - 8
core   0: 3 0x8000a378 (0xbfe5)
core   0: 0x8000a370 (0x00006f17) auipc   t5, 0x6
core   0: 3 0x8000a370 (0x00006f17) x30 0x80010370
core   0: 0x8000a374 (0xc83f2823) sw      gp, -880(t5)
core   0: 3 0x8000a374 (0xc83f2823) mem 0x80010000 0x00000001
core   0: 0x8000a378 (0x0000bfe5) c.j     pc - 8
core   0: 3 0x8000a378 (0xbfe5)
core   0: 0x8000a370 (0x00006f17) auipc   t5, 0x6
core   0: 3 0x8000a370 (0x00006f17) x30 0x80010370
core   0: 0x8000a374 (0xc83f2823) sw      gp, -880(t5)
core   0: 3 0x8000a374 (0xc83f2823) mem 0x80010000 0x00000001
core   0: 0x8000a378 (0x0000bfe5) c.j     pc - 8
core   0: 3 0x8000a378 (0xbfe5)
core   0: 0x8000a370 (0x00006f17) auipc   t5, 0x6
core   0: 3 0x8000a370 (0x00006f17) x30 0x80010370
core   0: 0x8000a374 (0xc83f2823) sw      gp, -880(t5)
core   0: 3 0x8000a374 (0xc83f2823) mem 0x80010000 0x00000001
core   0: 0x8000a378 (0x0000bfe5) c.j     pc - 8
core   0: 3 0x8000a378 (0xbfe5)
core   0: 0x8000a370 (0x00006f17) auipc   t5, 0x6
core   0: 3 0x8000a370 (0x00006f17) x30 0x80010370
core   0: 0x8000a374 (0xc83f2823) sw      gp, -880(t5)
core   0: 3 0x8000a374 (0xc83f2823) mem 0x80010000 0x00000001
core   0: 0x8000a378 (0x0000bfe5) c.j     pc - 8
core   0: 3 0x8000a378 (0xbfe5)
core   0: 0x8000a370 (0x00006f17) auipc   t5, 0x6
core   0: 3 0x8000a370 (0x00006f17) x30 0x80010370
core   0: 0x8000a374 (0xc83f2823) sw      gp, -880(t5)
core   0: 3 0x8000a374 (0xc83f2823) mem 0x80010000 0x00000001
core   0: 0x8000a378 (0x0000bfe5) c.j     pc - 8
core   0: 3 0x8000a378 (0xbfe5)
core   0: 0x8000a370 (0x00006f17) auipc   t5, 0x6
core   0: 3 0x8000a370 (0x00006f17) x30 0x80010370
core   0: 0x8000a374 (0xc83f2823) sw      gp, -880(t5)
core   0: 3 0x8000a374 (0xc83f2823) mem 0x80010000 0x00000001
core   0: 0x8000a378 (0x0000bfe5) c.j     pc - 8
core   0: 3 0x8000a378 (0xbfe5)
core   0: 0x8000a370 (0x00006f17) auipc   t5, 0x6
core   0: 3 0x8000a370 (0x00006f17) x30 0x80010370
core   0: 0x8000a374 (0xc83f2823) sw      gp, -880(t5)
core   0: 3 0x8000a374 (0xc83f2823) mem 0x80010000 0x00000001
core   0: 0x8000a378 (0x0000bfe5) c.j     pc - 8
core   0: 3 0x8000a378 (0xbfe5)
core   0: 0x8000a370 (0x00006f17) auipc   t5, 0x6
core   0: 3 0x8000a370 (0x00006f17) x30 0x80010370
core   0: 0x8000a374 (0xc83f2823) sw      gp, -880(t5)
core   0: 3 0x8000a374 (0xc83f2823) mem 0x80010000 0x00000001
core   0: 0x8000a378 (0x0000bfe5) c.j     pc - 8
core   0: 3 0x8000a378 (0xbfe5)
core   0: 0x8000a370 (0x00006f17) auipc   t5, 0x6
core   0: 3 0x8000a370 (0x00006f17) x30 0x80010370
core   0: 0x8000a374 (0xc83f2823) sw      gp, -880(t5)
core   0: 3 0x8000a374 (0xc83f2823) mem 0x80010000 0x00000001
core   0: 0x8000a378 (0x0000bfe5) c.j     pc - 8
core   0: 3 0x8000a378 (0xbfe5)
core   0: 0x8000a370 (0x00006f17) auipc   t5, 0x6
core   0: 3 0x8000a370 (0x00006f17) x30 0x80010370
core   0: 0x8000a374 (0xc83f2823) sw      gp, -880(t5)
core   0: 3 0x8000a374 (0xc83f2823) mem 0x80010000 0x00000001
core   0: 0x8000a378 (0x0000bfe5) c.j     pc - 8
core   0: 3 0x8000a378 (0xbfe5)
core   0: 0x8000a370 (0x00006f17) auipc   t5, 0x6
core   0: 3 0x8000a370 (0x00006f17) x30 0x80010370
core   0: 0x8000a374 (0xc83f2823) sw      gp, -880(t5)
core   0: 3 0x8000a374 (0xc83f2823) mem 0x80010000 0x00000001
core   0: 0x8000a378 (0x0000bfe5) c.j     pc - 8
core   0: 3 0x8000a378 (0xbfe5)
core   0: 0x8000a370 (0x00006f17) auipc   t5, 0x6
core   0: 3 0x8000a370 (0x00006f17) x30 0x80010370
core   0: 0x8000a374 (0xc83f2823) sw      gp, -880(t5)
core   0: 3 0x8000a374 (0xc83f2823) mem 0x80010000 0x00000001
core   0: 0x8000a378 (0x0000bfe5) c.j     pc - 8
core   0: 3 0x8000a378 (0xbfe5)
core   0: 0x8000a370 (0x00006f17) auipc   t5, 0x6
core   0: 3 0x8000a370 (0x00006f17) x30 0x80010370
core   0: 0x8000a374 (0xc83f2823) sw      gp, -880(t5)
core   0: 3 0x8000a374 (0xc83f2823) mem 0x80010000 0x00000001
core   0: 0x8000a378 (0x0000bfe5) c.j     pc - 8
core   0: 3 0x8000a378 (0xbfe5)
core   0: 0x8000a370 (0x00006f17) auipc   t5, 0x6
core   0: 3 0x8000a370 (0x00006f17) x30 0x80010370
core   0: 0x8000a374 (0xc83f2823) sw      gp, -880(t5)
core   0: 3 0x8000a374 (0xc83f2823) mem 0x80010000 0x00000001
core   0: 0x8000a378 (0x0000bfe5) c.j     pc - 8
core   0: 3 0x8000a378 (0xbfe5)
core   0: 0x8000a370 (0x00006f17) auipc   t5, 0x6
core   0: 3 0x8000a370 (0x00006f17) x30 0x80010370
core   0: 0x8000a374 (0xc83f2823) sw      gp, -880(t5)
core   0: 3 0x8000a374 (0xc83f2823) mem 0x80010000 0x00000001
core   0: 0x8000a378 (0x0000bfe5) c.j     pc - 8
core   0: 3 0x8000a378 (0xbfe5)
core   0: 0x8000a370 (0x00006f17) auipc   t5, 0x6
core   0: 3 0x8000a370 (0x00006f17) x30 0x80010370
core   0: 0x8000a374 (0xc83f2823) sw      gp, -880(t5)
core   0: 3 0x8000a374 (0xc83f2823) mem 0x80010000 0x00000001
core   0: 0x8000a378 (0x0000bfe5) c.j     pc - 8
core   0: 3 0x8000a378 (0xbfe5)
core   0: 0x8000a370 (0x00006f17) auipc   t5, 0x6
core   0: 3 0x8000a370 (0x00006f17) x30 0x80010370
core   0: 0x8000a374 (0xc83f2823) sw      gp, -880(t5)
core   0: 3 0x8000a374 (0xc83f2823) mem 0x80010000 0x00000001
core   0: 0x8000a378 (0x0000bfe5) c.j     pc - 8
core   0: 3 0x8000a378 (0xbfe5)
core   0: 0x8000a370 (0x00006f17) auipc   t5, 0x6
core   0: 3 0x8000a370 (0x00006f17) x30 0x80010370
core   0: 0x8000a374 (0xc83f2823) sw      gp, -880(t5)
core   0: 3 0x8000a374 (0xc83f2823) mem 0x80010000 0x00000001
core   0: 0x8000a378 (0x0000bfe5) c.j     pc - 8
core   0: 3 0x8000a378 (0xbfe5)
core   0: 0x8000a370 (0x00006f17) auipc   t5, 0x6
core   0: 3 0x8000a370 (0x00006f17) x30 0x80010370
core   0: 0x8000a374 (0xc83f2823) sw      gp, -880(t5)
core   0: 3 0x8000a374 (0xc83f2823) mem 0x80010000 0x00000001
core   0: 0x8000a378 (0x0000bfe5) c.j     pc - 8
core   0: 3 0x8000a378 (0xbfe5)
core   0: 0x8000a370 (0x00006f17) auipc   t5, 0x6
core   0: 3 0x8000a370 (0x00006f17) x30 0x80010370
core   0: 0x8000a374 (0xc83f2823) sw      gp, -880(t5)
core   0: 3 0x8000a374 (0xc83f2823) mem 0x80010000 0x00000001
core   0: 0x8000a378 (0x0000bfe5) c.j     pc - 8
core   0: 3 0x8000a378 (0xbfe5)
core   0: 0x8000a370 (0x00006f17) auipc   t5, 0x6
core   0: 3 0x8000a370 (0x00006f17) x30 0x80010370
core   0: 0x8000a374 (0xc83f2823) sw      gp, -880(t5)
core   0: 3 0x8000a374 (0xc83f2823) mem 0x80010000 0x00000001
core   0: 0x8000a378 (0x0000bfe5) c.j     pc - 8
core   0: 3 0x8000a378 (0xbfe5)
core   0: 0x8000a370 (0x00006f17) auipc   t5, 0x6
core   0: 3 0x8000a370 (0x00006f17) x30 0x80010370
core   0: 0x8000a374 (0xc83f2823) sw      gp, -880(t5)
core   0: 3 0x8000a374 (0xc83f2823) mem 0x80010000 0x00000001
core   0: 0x8000a378 (0x0000bfe5) c.j     pc - 8
core   0: 3 0x8000a378 (0xbfe5)
core   0: 0x8000a370 (0x00006f17) auipc   t5, 0x6
core   0: 3 0x8000a370 (0x00006f17) x30 0x80010370
core   0: 0x8000a374 (0xc83f2823) sw      gp, -880(t5)
core   0: 3 0x8000a374 (0xc83f2823) mem 0x80010000 0x00000001
core   0: 0x8000a378 (0x0000bfe5) c.j     pc - 8
core   0: 3 0x8000a378 (0xbfe5)
core   0: 0x8000a370 (0x00006f17) auipc   t5, 0x6
core   0: 3 0x8000a370 (0x00006f17) x30 0x80010370
core   0: 0x8000a374 (0xc83f2823) sw      gp, -880(t5)
core   0: 3 0x8000a374 (0xc83f2823) mem 0x80010000 0x00000001
core   0: 0x8000a378 (0x0000bfe5) c.j     pc - 8
core   0: 3 0x8000a378 (0xbfe5)
core   0: 0x8000a370 (0x00006f17) auipc   t5, 0x6
core   0: 3 0x8000a370 (0x00006f17) x30 0x80010370
core   0: 0x8000a374 (0xc83f2823) sw      gp, -880(t5)
core   0: 3 0x8000a374 (0xc83f2823) mem 0x80010000 0x00000001
core   0: 0x8000a378 (0x0000bfe5) c.j     pc - 8
core   0: 3 0x8000a378 (0xbfe5)
core   0: 0x8000a370 (0x00006f17) auipc   t5, 0x6
core   0: 3 0x8000a370 (0x00006f17) x30 0x80010370
core   0: 0x8000a374 (0xc83f2823) sw      gp, -880(t5)
core   0: 3 0x8000a374 (0xc83f2823) mem 0x80010000 0x00000001
core   0: 0x8000a378 (0x0000bfe5) c.j     pc - 8
core   0: 3 0x8000a378 (0xbfe5)
core   0: 0x8000a370 (0x00006f17) auipc   t5, 0x6
core   0: 3 0x8000a370 (0x00006f17) x30 0x80010370
core   0: 0x8000a374 (0xc83f2823) sw      gp, -880(t5)
core   0: 3 0x8000a374 (0xc83f2823) mem 0x80010000 0x00000001
core   0: 0x8000a378 (0x0000bfe5) c.j     pc - 8
core   0: 3 0x8000a378 (0xbfe5)
core   0: 0x8000a370 (0x00006f17) auipc   t5, 0x6
core   0: 3 0x8000a370 (0x00006f17) x30 0x80010370
core   0: 0x8000a374 (0xc83f2823) sw      gp, -880(t5)
core   0: 3 0x8000a374 (0xc83f2823) mem 0x80010000 0x00000001
core   0: 0x8000a378 (0x0000bfe5) c.j     pc - 8
core   0: 3 0x8000a378 (0xbfe5)
core   0: 0x8000a370 (0x00006f17) auipc   t5, 0x6
core   0: 3 0x8000a370 (0x00006f17) x30 0x80010370
core   0: 0x8000a374 (0xc83f2823) sw      gp, -880(t5)
core   0: 3 0x8000a374 (0xc83f2823) mem 0x80010000 0x00000001
core   0: 0x8000a378 (0x0000bfe5) c.j     pc - 8
core   0: 3 0x8000a378 (0xbfe5)
core   0: 0x8000a370 (0x00006f17) auipc   t5, 0x6
core   0: 3 0x8000a370 (0x00006f17) x30 0x80010370
core   0: 0x8000a374 (0xc83f2823) sw      gp, -880(t5)
core   0: 3 0x8000a374 (0xc83f2823) mem 0x80010000 0x00000001
core   0: 0x8000a378 (0x0000bfe5) c.j     pc - 8
core   0: 3 0x8000a378 (0xbfe5)
core   0: 0x8000a370 (0x00006f17) auipc   t5, 0x6
core   0: 3 0x8000a370 (0x00006f17) x30 0x80010370
core   0: 0x8000a374 (0xc83f2823) sw      gp, -880(t5)
core   0: 3 0x8000a374 (0xc83f2823) mem 0x80010000 0x00000001
core   0: 0x8000a378 (0x0000bfe5) c.j     pc - 8
core   0: 3 0x8000a378 (0xbfe5)
core   0: 0x8000a370 (0x00006f17) auipc   t5, 0x6
core   0: 3 0x8000a370 (0x00006f17) x30 0x80010370
core   0: 0x8000a374 (0xc83f2823) sw      gp, -880(t5)
core   0: 3 0x8000a374 (0xc83f2823) mem 0x80010000 0x00000001
core   0: 0x8000a378 (0x0000bfe5) c.j     pc - 8
core   0: 3 0x8000a378 (0xbfe5)
core   0: 0x8000a370 (0x00006f17) auipc   t5, 0x6
core   0: 3 0x8000a370 (0x00006f17) x30 0x80010370
core   0: 0x8000a374 (0xc83f2823) sw      gp, -880(t5)
core   0: 3 0x8000a374 (0xc83f2823) mem 0x80010000 0x00000001
core   0: 0x8000a378 (0x0000bfe5) c.j     pc - 8
core   0: 3 0x8000a378 (0xbfe5)
core   0: 0x8000a370 (0x00006f17) auipc   t5, 0x6
core   0: 3 0x8000a370 (0x00006f17) x30 0x80010370
core   0: 0x8000a374 (0xc83f2823) sw      gp, -880(t5)
core   0: 3 0x8000a374 (0xc83f2823) mem 0x80010000 0x00000001
core   0: 0x8000a378 (0x0000bfe5) c.j     pc - 8
core   0: 3 0x8000a378 (0xbfe5)
core   0: 0x8000a370 (0x00006f17) auipc   t5, 0x6
core   0: 3 0x8000a370 (0x00006f17) x30 0x80010370
core   0: 0x8000a374 (0xc83f2823) sw      gp, -880(t5)
core   0: 3 0x8000a374 (0xc83f2823) mem 0x80010000 0x00000001
core   0: 0x8000a378 (0x0000bfe5) c.j     pc - 8
core   0: 3 0x8000a378 (0xbfe5)
core   0: 0x8000a370 (0x00006f17) auipc   t5, 0x6
core   0: 3 0x8000a370 (0x00006f17) x30 0x80010370
core   0: 0x8000a374 (0xc83f2823) sw      gp, -880(t5)
core   0: 3 0x8000a374 (0xc83f2823) mem 0x80010000 0x00000001
core   0: 0x8000a378 (0x0000bfe5) c.j     pc - 8
core   0: 3 0x8000a378 (0xbfe5)
core   0: 0x8000a370 (0x00006f17) auipc   t5, 0x6
core   0: 3 0x8000a370 (0x00006f17) x30 0x80010370
core   0: 0x8000a374 (0xc83f2823) sw      gp, -880(t5)
core   0: 3 0x8000a374 (0xc83f2823) mem 0x80010000 0x00000001
core   0: 0x8000a378 (0x0000bfe5) c.j     pc - 8
core   0: 3 0x8000a378 (0xbfe5)
core   0: 0x8000a370 (0x00006f17) auipc   t5, 0x6
core   0: 3 0x8000a370 (0x00006f17) x30 0x80010370
core   0: 0x8000a374 (0xc83f2823) sw      gp, -880(t5)
core   0: 3 0x8000a374 (0xc83f2823) mem 0x80010000 0x00000001
core   0: 0x8000a378 (0x0000bfe5) c.j     pc - 8
core   0: 3 0x8000a378 (0xbfe5)
core   0: 0x8000a370 (0x00006f17) auipc   t5, 0x6
core   0: 3 0x8000a370 (0x00006f17) x30 0x80010370
core   0: 0x8000a374 (0xc83f2823) sw      gp, -880(t5)
core   0: 3 0x8000a374 (0xc83f2823) mem 0x80010000 0x00000001
core   0: 0x8000a378 (0x0000bfe5) c.j     pc - 8
core   0: 3 0x8000a378 (0xbfe5)
core   0: 0x8000a370 (0x00006f17) auipc   t5, 0x6
core   0: 3 0x8000a370 (0x00006f17) x30 0x80010370
core   0: 0x8000a374 (0xc83f2823) sw      gp, -880(t5)
core   0: 3 0x8000a374 (0xc83f2823) mem 0x80010000 0x00000001
core   0: 0x8000a378 (0x0000bfe5) c.j     pc - 8
core   0: 3 0x8000a378 (0xbfe5)
core   0: 0x8000a370 (0x00006f17) auipc   t5, 0x6
core   0: 3 0x8000a370 (0x00006f17) x30 0x80010370
core   0: 0x8000a374 (0xc83f2823) sw      gp, -880(t5)
core   0: 3 0x8000a374 (0xc83f2823) mem 0x80010000 0x00000001
core   0: 0x8000a378 (0x0000bfe5) c.j     pc - 8
core   0: 3 0x8000a378 (0xbfe5)
core   0: 0x8000a370 (0x00006f17) auipc   t5, 0x6
core   0: 3 0x8000a370 (0x00006f17) x30 0x80010370
core   0: 0x8000a374 (0xc83f2823) sw      gp, -880(t5)
core   0: 3 0x8000a374 (0xc83f2823) mem 0x80010000 0x00000001
core   0: 0x8000a378 (0x0000bfe5) c.j     pc - 8
core   0: 3 0x8000a378 (0xbfe5)
core   0: 0x8000a370 (0x00006f17) auipc   t5, 0x6
core   0: 3 0x8000a370 (0x00006f17) x30 0x80010370
core   0: 0x8000a374 (0xc83f2823) sw      gp, -880(t5)
core   0: 3 0x8000a374 (0xc83f2823) mem 0x80010000 0x00000001
core   0: 0x8000a378 (0x0000bfe5) c.j     pc - 8
core   0: 3 0x8000a378 (0xbfe5)
core   0: 0x8000a370 (0x00006f17) auipc   t5, 0x6
core   0: 3 0x8000a370 (0x00006f17) x30 0x80010370
core   0: 0x8000a374 (0xc83f2823) sw      gp, -880(t5)
core   0: 3 0x8000a374 (0xc83f2823) mem 0x80010000 0x00000001
core   0: 0x8000a378 (0x0000bfe5) c.j     pc - 8
core   0: 3 0x8000a378 (0xbfe5)
core   0: 0x8000a370 (0x00006f17) auipc   t5, 0x6
core   0: 3 0x8000a370 (0x00006f17) x30 0x80010370
core   0: 0x8000a374 (0xc83f2823) sw      gp, -880(t5)
core   0: 3 0x8000a374 (0xc83f2823) mem 0x80010000 0x00000001
core   0: 0x8000a378 (0x0000bfe5) c.j     pc - 8
core   0: 3 0x8000a378 (0xbfe5)
core   0: 0x8000a370 (0x00006f17) auipc   t5, 0x6
core   0: 3 0x8000a370 (0x00006f17) x30 0x80010370
core   0: 0x8000a374 (0xc83f2823) sw      gp, -880(t5)
core   0: 3 0x8000a374 (0xc83f2823) mem 0x80010000 0x00000001
core   0: 0x8000a378 (0x0000bfe5) c.j     pc - 8
core   0: 3 0x8000a378 (0xbfe5)
core   0: 0x8000a370 (0x00006f17) auipc   t5, 0x6
core   0: 3 0x8000a370 (0x00006f17) x30 0x80010370
core   0: 0x8000a374 (0xc83f2823) sw      gp, -880(t5)
core   0: 3 0x8000a374 (0xc83f2823) mem 0x80010000 0x00000001
core   0: 0x8000a378 (0x0000bfe5) c.j     pc - 8
core   0: 3 0x8000a378 (0xbfe5)
core   0: 0x8000a370 (0x00006f17) auipc   t5, 0x6
core   0: 3 0x8000a370 (0x00006f17) x30 0x80010370
core   0: 0x8000a374 (0xc83f2823) sw      gp, -880(t5)
core   0: 3 0x8000a374 (0xc83f2823) mem 0x80010000 0x00000001
core   0: 0x8000a378 (0x0000bfe5) c.j     pc - 8
core   0: 3 0x8000a378 (0xbfe5)
core   0: 0x8000a370 (0x00006f17) auipc   t5, 0x6
core   0: 3 0x8000a370 (0x00006f17) x30 0x80010370
core   0: 0x8000a374 (0xc83f2823) sw      gp, -880(t5)
core   0: 3 0x8000a374 (0xc83f2823) mem 0x80010000 0x00000001
core   0: 0x8000a378 (0x0000bfe5) c.j     pc - 8
core   0: 3 0x8000a378 (0xbfe5)
core   0: 0x8000a370 (0x00006f17) auipc   t5, 0x6
core   0: 3 0x8000a370 (0x00006f17) x30 0x80010370
core   0: 0x8000a374 (0xc83f2823) sw      gp, -880(t5)
core   0: 3 0x8000a374 (0xc83f2823) mem 0x80010000 0x00000001
core   0: 0x8000a378 (0x0000bfe5) c.j     pc - 8
core   0: 3 0x8000a378 (0xbfe5)
core   0: 0x8000a370 (0x00006f17) auipc   t5, 0x6
core   0: 3 0x8000a370 (0x00006f17) x30 0x80010370
core   0: 0x8000a374 (0xc83f2823) sw      gp, -880(t5)
core   0: 3 0x8000a374 (0xc83f2823) mem 0x80010000 0x00000001
core   0: 0x8000a378 (0x0000bfe5) c.j     pc - 8
core   0: 3 0x8000a378 (0xbfe5)
core   0: 0x8000a370 (0x00006f17) auipc   t5, 0x6
core   0: 3 0x8000a370 (0x00006f17) x30 0x80010370
core   0: 0x8000a374 (0xc83f2823) sw      gp, -880(t5)
core   0: 3 0x8000a374 (0xc83f2823) mem 0x80010000 0x00000001
core   0: 0x8000a378 (0x0000bfe5) c.j     pc - 8
core   0: 3 0x8000a378 (0xbfe5)
core   0: 0x8000a370 (0x00006f17) auipc   t5, 0x6
core   0: 3 0x8000a370 (0x00006f17) x30 0x80010370
core   0: 0x8000a374 (0xc83f2823) sw      gp, -880(t5)
core   0: 3 0x8000a374 (0xc83f2823) mem 0x80010000 0x00000001
core   0: 0x8000a378 (0x0000bfe5) c.j     pc - 8
core   0: 3 0x8000a378 (0xbfe5)
core   0: 0x8000a370 (0x00006f17) auipc   t5, 0x6
core   0: 3 0x8000a370 (0x00006f17) x30 0x80010370
core   0: 0x8000a374 (0xc83f2823) sw      gp, -880(t5)
core   0: 3 0x8000a374 (0xc83f2823) mem 0x80010000 0x00000001
core   0: 0x8000a378 (0x0000bfe5) c.j     pc - 8
core   0: 3 0x8000a378 (0xbfe5)
core   0: 0x8000a370 (0x00006f17) auipc   t5, 0x6
core   0: 3 0x8000a370 (0x00006f17) x30 0x80010370
core   0: 0x8000a374 (0xc83f2823) sw      gp, -880(t5)
core   0: 3 0x8000a374 (0xc83f2823) mem 0x80010000 0x00000001
core   0: 0x8000a378 (0x0000bfe5) c.j     pc - 8
core   0: 3 0x8000a378 (0xbfe5)
core   0: 0x8000a370 (0x00006f17) auipc   t5, 0x6
core   0: 3 0x8000a370 (0x00006f17) x30 0x80010370
core   0: 0x8000a374 (0xc83f2823) sw      gp, -880(t5)
core   0: 3 0x8000a374 (0xc83f2823) mem 0x80010000 0x00000001
core   0: 0x8000a378 (0x0000bfe5) c.j     pc - 8
core   0: 3 0x8000a378 (0xbfe5)
core   0: 0x8000a370 (0x00006f17) auipc   t5, 0x6
core   0: 3 0x8000a370 (0x00006f17) x30 0x80010370
core   0: 0x8000a374 (0xc83f2823) sw      gp, -880(t5)
core   0: 3 0x8000a374 (0xc83f2823) mem 0x80010000 0x00000001
core   0: 0x8000a378 (0x0000bfe5) c.j     pc - 8
core   0: 3 0x8000a378 (0xbfe5)
core   0: 0x8000a370 (0x00006f17) auipc   t5, 0x6
core   0: 3 0x8000a370 (0x00006f17) x30 0x80010370
core   0: 0x8000a374 (0xc83f2823) sw      gp, -880(t5)
core   0: 3 0x8000a374 (0xc83f2823) mem 0x80010000 0x00000001
core   0: 0x8000a378 (0x0000bfe5) c.j     pc - 8
core   0: 3 0x8000a378 (0xbfe5)
core   0: 0x8000a370 (0x00006f17) auipc   t5, 0x6
core   0: 3 0x8000a370 (0x00006f17) x30 0x80010370
core   0: 0x8000a374 (0xc83f2823) sw      gp, -880(t5)
core   0: 3 0x8000a374 (0xc83f2823) mem 0x80010000 0x00000001
core   0: 0x8000a378 (0x0000bfe5) c.j     pc - 8
core   0: 3 0x8000a378 (0xbfe5)
core   0: 0x8000a370 (0x00006f17) auipc   t5, 0x6
core   0: 3 0x8000a370 (0x00006f17) x30 0x80010370
core   0: 0x8000a374 (0xc83f2823) sw      gp, -880(t5)
core   0: 3 0x8000a374 (0xc83f2823) mem 0x80010000 0x00000001
core   0: 0x8000a378 (0x0000bfe5) c.j     pc - 8
core   0: 3 0x8000a378 (0xbfe5)
core   0: 0x8000a370 (0x00006f17) auipc   t5, 0x6
core   0: 3 0x8000a370 (0x00006f17) x30 0x80010370
core   0: 0x8000a374 (0xc83f2823) sw      gp, -880(t5)
core   0: 3 0x8000a374 (0xc83f2823) mem 0x80010000 0x00000001
core   0: 0x8000a378 (0x0000bfe5) c.j     pc - 8
core   0: 3 0x8000a378 (0xbfe5)
core   0: 0x8000a370 (0x00006f17) auipc   t5, 0x6
core   0: 3 0x8000a370 (0x00006f17) x30 0x80010370
core   0: 0x8000a374 (0xc83f2823) sw      gp, -880(t5)
core   0: 3 0x8000a374 (0xc83f2823) mem 0x80010000 0x00000001
core   0: 0x8000a378 (0x0000bfe5) c.j     pc - 8
core   0: 3 0x8000a378 (0xbfe5)
core   0: 0x8000a370 (0x00006f17) auipc   t5, 0x6
core   0: 3 0x8000a370 (0x00006f17) x30 0x80010370
core   0: 0x8000a374 (0xc83f2823) sw      gp, -880(t5)
core   0: 3 0x8000a374 (0xc83f2823) mem 0x80010000 0x00000001
core   0: 0x8000a378 (0x0000bfe5) c.j     pc - 8
core   0: 3 0x8000a378 (0xbfe5)
core   0: 0x8000a370 (0x00006f17) auipc   t5, 0x6
core   0: 3 0x8000a370 (0x00006f17) x30 0x80010370
core   0: 0x8000a374 (0xc83f2823) sw      gp, -880(t5)
core   0: 3 0x8000a374 (0xc83f2823) mem 0x80010000 0x00000001
core   0: 0x8000a378 (0x0000bfe5) c.j     pc - 8
core   0: 3 0x8000a378 (0xbfe5)
core   0: 0x8000a370 (0x00006f17) auipc   t5, 0x6
core   0: 3 0x8000a370 (0x00006f17) x30 0x80010370
core   0: 0x8000a374 (0xc83f2823) sw      gp, -880(t5)
core   0: 3 0x8000a374 (0xc83f2823) mem 0x80010000 0x00000001
core   0: 0x8000a378 (0x0000bfe5) c.j     pc - 8
core   0: 3 0x8000a378 (0xbfe5)
core   0: 0x8000a370 (0x00006f17) auipc   t5, 0x6
core   0: 3 0x8000a370 (0x00006f17) x30 0x80010370
core   0: 0x8000a374 (0xc83f2823) sw      gp, -880(t5)
core   0: 3 0x8000a374 (0xc83f2823) mem 0x80010000 0x00000001
core   0: 0x8000a378 (0x0000bfe5) c.j     pc - 8
core   0: 3 0x8000a378 (0xbfe5)
core   0: 0x8000a370 (0x00006f17) auipc   t5, 0x6
core   0: 3 0x8000a370 (0x00006f17) x30 0x80010370
core   0: 0x8000a374 (0xc83f2823) sw      gp, -880(t5)
core   0: 3 0x8000a374 (0xc83f2823) mem 0x80010000 0x00000001
core   0: 0x8000a378 (0x0000bfe5) c.j     pc - 8
core   0: 3 0x8000a378 (0xbfe5)
core   0: 0x8000a370 (0x00006f17) auipc   t5, 0x6
core   0: 3 0x8000a370 (0x00006f17) x30 0x80010370
core   0: 0x8000a374 (0xc83f2823) sw      gp, -880(t5)
core   0: 3 0x8000a374 (0xc83f2823) mem 0x80010000 0x00000001
core   0: 0x8000a378 (0x0000bfe5) c.j     pc - 8
core   0: 3 0x8000a378 (0xbfe5)
core   0: 0x8000a370 (0x00006f17) auipc   t5, 0x6
core   0: 3 0x8000a370 (0x00006f17) x30 0x80010370
core   0: 0x8000a374 (0xc83f2823) sw      gp, -880(t5)
core   0: 3 0x8000a374 (0xc83f2823) mem 0x80010000 0x00000001
core   0: 0x8000a378 (0x0000bfe5) c.j     pc - 8
core   0: 3 0x8000a378 (0xbfe5)
core   0: 0x8000a370 (0x00006f17) auipc   t5, 0x6
core   0: 3 0x8000a370 (0x00006f17) x30 0x80010370
core   0: 0x8000a374 (0xc83f2823) sw      gp, -880(t5)
core   0: 3 0x8000a374 (0xc83f2823) mem 0x80010000 0x00000001
core   0: 0x8000a378 (0x0000bfe5) c.j     pc - 8
core   0: 3 0x8000a378 (0xbfe5)
core   0: 0x8000a370 (0x00006f17) auipc   t5, 0x6
core   0: 3 0x8000a370 (0x00006f17) x30 0x80010370
core   0: 0x8000a374 (0xc83f2823) sw      gp, -880(t5)
core   0: 3 0x8000a374 (0xc83f2823) mem 0x80010000 0x00000001
core   0: 0x8000a378 (0x0000bfe5) c.j     pc - 8
core   0: 3 0x8000a378 (0xbfe5)
core   0: 0x8000a370 (0x00006f17) auipc   t5, 0x6
core   0: 3 0x8000a370 (0x00006f17) x30 0x80010370
core   0: 0x8000a374 (0xc83f2823) sw      gp, -880(t5)
core   0: 3 0x8000a374 (0xc83f2823) mem 0x80010000 0x00000001
core   0: 0x8000a378 (0x0000bfe5) c.j     pc - 8
core   0: 3 0x8000a378 (0xbfe5)
core   0: 0x8000a370 (0x00006f17) auipc   t5, 0x6
core   0: 3 0x8000a370 (0x00006f17) x30 0x80010370
core   0: 0x8000a374 (0xc83f2823) sw      gp, -880(t5)
core   0: 3 0x8000a374 (0xc83f2823) mem 0x80010000 0x00000001
core   0: 0x8000a378 (0x0000bfe5) c.j     pc - 8
core   0: 3 0x8000a378 (0xbfe5)
core   0: 0x8000a370 (0x00006f17) auipc   t5, 0x6
core   0: 3 0x8000a370 (0x00006f17) x30 0x80010370
core   0: 0x8000a374 (0xc83f2823) sw      gp, -880(t5)
core   0: 3 0x8000a374 (0xc83f2823) mem 0x80010000 0x00000001
core   0: 0x8000a378 (0x0000bfe5) c.j     pc - 8
core   0: 3 0x8000a378 (0xbfe5)
core   0: 0x8000a370 (0x00006f17) auipc   t5, 0x6
core   0: 3 0x8000a370 (0x00006f17) x30 0x80010370
core   0: 0x8000a374 (0xc83f2823) sw      gp, -880(t5)
core   0: 3 0x8000a374 (0xc83f2823) mem 0x80010000 0x00000001
core   0: 0x8000a378 (0x0000bfe5) c.j     pc - 8
core   0: 3 0x8000a378 (0xbfe5)
core   0: 0x8000a370 (0x00006f17) auipc   t5, 0x6
core   0: 3 0x8000a370 (0x00006f17) x30 0x80010370
core   0: 0x8000a374 (0xc83f2823) sw      gp, -880(t5)
core   0: 3 0x8000a374 (0xc83f2823) mem 0x80010000 0x00000001
core   0: 0x8000a378 (0x0000bfe5) c.j     pc - 8
core   0: 3 0x8000a378 (0xbfe5)
core   0: 0x8000a370 (0x00006f17) auipc   t5, 0x6
core   0: 3 0x8000a370 (0x00006f17) x30 0x80010370
core   0: 0x8000a374 (0xc83f2823) sw      gp, -880(t5)
core   0: 3 0x8000a374 (0xc83f2823) mem 0x80010000 0x00000001
core   0: 0x8000a378 (0x0000bfe5) c.j     pc - 8
core   0: 3 0x8000a378 (0xbfe5)
core   0: 0x8000a370 (0x00006f17) auipc   t5, 0x6
core   0: 3 0x8000a370 (0x00006f17) x30 0x80010370
core   0: 0x8000a374 (0xc83f2823) sw      gp, -880(t5)
core   0: 3 0x8000a374 (0xc83f2823) mem 0x80010000 0x00000001
core   0: 0x8000a378 (0x0000bfe5) c.j     pc - 8
core   0: 3 0x8000a378 (0xbfe5)
core   0: 0x8000a370 (0x00006f17) auipc   t5, 0x6
core   0: 3 0x8000a370 (0x00006f17) x30 0x80010370
core   0: 0x8000a374 (0xc83f2823) sw      gp, -880(t5)
core   0: 3 0x8000a374 (0xc83f2823) mem 0x80010000 0x00000001
core   0: 0x8000a378 (0x0000bfe5) c.j     pc - 8
core   0: 3 0x8000a378 (0xbfe5)
core   0: 0x8000a370 (0x00006f17) auipc   t5, 0x6
core   0: 3 0x8000a370 (0x00006f17) x30 0x80010370
core   0: 0x8000a374 (0xc83f2823) sw      gp, -880(t5)
core   0: 3 0x8000a374 (0xc83f2823) mem 0x80010000 0x00000001
core   0: 0x8000a378 (0x0000bfe5) c.j     pc - 8
core   0: 3 0x8000a378 (0xbfe5)
core   0: 0x8000a370 (0x00006f17) auipc   t5, 0x6
core   0: 3 0x8000a370 (0x00006f17) x30 0x80010370
core   0: 0x8000a374 (0xc83f2823) sw      gp, -880(t5)
core   0: 3 0x8000a374 (0xc83f2823) mem 0x80010000 0x00000001
core   0: 0x8000a378 (0x0000bfe5) c.j     pc - 8
core   0: 3 0x8000a378 (0xbfe5)
core   0: 0x8000a370 (0x00006f17) auipc   t5, 0x6
core   0: 3 0x8000a370 (0x00006f17) x30 0x80010370
core   0: 0x8000a374 (0xc83f2823) sw      gp, -880(t5)
core   0: 3 0x8000a374 (0xc83f2823) mem 0x80010000 0x00000001
core   0: 0x8000a378 (0x0000bfe5) c.j     pc - 8
core   0: 3 0x8000a378 (0xbfe5)
core   0: 0x8000a370 (0x00006f17) auipc   t5, 0x6
core   0: 3 0x8000a370 (0x00006f17) x30 0x80010370
core   0: 0x8000a374 (0xc83f2823) sw      gp, -880(t5)
core   0: 3 0x8000a374 (0xc83f2823) mem 0x80010000 0x00000001
core   0: 0x8000a378 (0x0000bfe5) c.j     pc - 8
core   0: 3 0x8000a378 (0xbfe5)
core   0: 0x8000a370 (0x00006f17) auipc   t5, 0x6
core   0: 3 0x8000a370 (0x00006f17) x30 0x80010370
core   0: 0x8000a374 (0xc83f2823) sw      gp, -880(t5)
core   0: 3 0x8000a374 (0xc83f2823) mem 0x80010000 0x00000001
core   0: 0x8000a378 (0x0000bfe5) c.j     pc - 8
core   0: 3 0x8000a378 (0xbfe5)
core   0: 0x8000a370 (0x00006f17) auipc   t5, 0x6
core   0: 3 0x8000a370 (0x00006f17) x30 0x80010370
core   0: 0x8000a374 (0xc83f2823) sw      gp, -880(t5)
core   0: 3 0x8000a374 (0xc83f2823) mem 0x80010000 0x00000001
core   0: 0x8000a378 (0x0000bfe5) c.j     pc - 8
core   0: 3 0x8000a378 (0xbfe5)
core   0: 0x8000a370 (0x00006f17) auipc   t5, 0x6
core   0: 3 0x8000a370 (0x00006f17) x30 0x80010370
core   0: 0x8000a374 (0xc83f2823) sw      gp, -880(t5)
core   0: 3 0x8000a374 (0xc83f2823) mem 0x80010000 0x00000001
core   0: 0x8000a378 (0x0000bfe5) c.j     pc - 8
core   0: 3 0x8000a378 (0xbfe5)
core   0: 0x8000a370 (0x00006f17) auipc   t5, 0x6
core   0: 3 0x8000a370 (0x00006f17) x30 0x80010370
core   0: 0x8000a374 (0xc83f2823) sw      gp, -880(t5)
core   0: 3 0x8000a374 (0xc83f2823) mem 0x80010000 0x00000001
core   0: 0x8000a378 (0x0000bfe5) c.j     pc - 8
core   0: 3 0x8000a378 (0xbfe5)
core   0: 0x8000a370 (0x00006f17) auipc   t5, 0x6
core   0: 3 0x8000a370 (0x00006f17) x30 0x80010370
core   0: 0x8000a374 (0xc83f2823) sw      gp, -880(t5)
core   0: 3 0x8000a374 (0xc83f2823) mem 0x80010000 0x00000001
core   0: 0x8000a378 (0x0000bfe5) c.j     pc - 8
core   0: 3 0x8000a378 (0xbfe5)
core   0: 0x8000a370 (0x00006f17) auipc   t5, 0x6
core   0: 3 0x8000a370 (0x00006f17) x30 0x80010370
core   0: 0x8000a374 (0xc83f2823) sw      gp, -880(t5)
core   0: 3 0x8000a374 (0xc83f2823) mem 0x80010000 0x00000001
core   0: 0x8000a378 (0x0000bfe5) c.j     pc - 8
core   0: 3 0x8000a378 (0xbfe5)
core   0: 0x8000a370 (0x00006f17) auipc   t5, 0x6
core   0: 3 0x8000a370 (0x00006f17) x30 0x80010370
core   0: 0x8000a374 (0xc83f2823) sw      gp, -880(t5)
core   0: 3 0x8000a374 (0xc83f2823) mem 0x80010000 0x00000001
core   0: 0x8000a378 (0x0000bfe5) c.j     pc - 8
core   0: 3 0x8000a378 (0xbfe5)
core   0: 0x8000a370 (0x00006f17) auipc   t5, 0x6
core   0: 3 0x8000a370 (0x00006f17) x30 0x80010370
core   0: 0x8000a374 (0xc83f2823) sw      gp, -880(t5)
core   0: 3 0x8000a374 (0xc83f2823) mem 0x80010000 0x00000001
core   0: 0x8000a378 (0x0000bfe5) c.j     pc - 8
core   0: 3 0x8000a378 (0xbfe5)
core   0: 0x8000a370 (0x00006f17) auipc   t5, 0x6
core   0: 3 0x8000a370 (0x00006f17) x30 0x80010370
core   0: 0x8000a374 (0xc83f2823) sw      gp, -880(t5)
core   0: 3 0x8000a374 (0xc83f2823) mem 0x80010000 0x00000001
core   0: 0x8000a378 (0x0000bfe5) c.j     pc - 8
core   0: 3 0x8000a378 (0xbfe5)
core   0: 0x8000a370 (0x00006f17) auipc   t5, 0x6
core   0: 3 0x8000a370 (0x00006f17) x30 0x80010370
core   0: 0x8000a374 (0xc83f2823) sw      gp, -880(t5)
core   0: 3 0x8000a374 (0xc83f2823) mem 0x80010000 0x00000001
core   0: 0x8000a378 (0x0000bfe5) c.j     pc - 8
core   0: 3 0x8000a378 (0xbfe5)
core   0: 0x8000a370 (0x00006f17) auipc   t5, 0x6
core   0: 3 0x8000a370 (0x00006f17) x30 0x80010370
core   0: 0x8000a374 (0xc83f2823) sw      gp, -880(t5)
core   0: 3 0x8000a374 (0xc83f2823) mem 0x80010000 0x00000001
core   0: 0x8000a378 (0x0000bfe5) c.j     pc - 8
core   0: 3 0x8000a378 (0xbfe5)
core   0: 0x8000a370 (0x00006f17) auipc   t5, 0x6
core   0: 3 0x8000a370 (0x00006f17) x30 0x80010370
core   0: 0x8000a374 (0xc83f2823) sw      gp, -880(t5)
core   0: 3 0x8000a374 (0xc83f2823) mem 0x80010000 0x00000001
core   0: 0x8000a378 (0x0000bfe5) c.j     pc - 8
core   0: 3 0x8000a378 (0xbfe5)
core   0: 0x8000a370 (0x00006f17) auipc   t5, 0x6
core   0: 3 0x8000a370 (0x00006f17) x30 0x80010370
core   0: 0x8000a374 (0xc83f2823) sw      gp, -880(t5)
core   0: 3 0x8000a374 (0xc83f2823) mem 0x80010000 0x00000001
core   0: 0x8000a378 (0x0000bfe5) c.j     pc - 8
core   0: 3 0x8000a378 (0xbfe5)
core   0: 0x8000a370 (0x00006f17) auipc   t5, 0x6
core   0: 3 0x8000a370 (0x00006f17) x30 0x80010370
core   0: 0x8000a374 (0xc83f2823) sw      gp, -880(t5)
core   0: 3 0x8000a374 (0xc83f2823) mem 0x80010000 0x00000001
core   0: 0x8000a378 (0x0000bfe5) c.j     pc - 8
core   0: 3 0x8000a378 (0xbfe5)
core   0: 0x8000a370 (0x00006f17) auipc   t5, 0x6
core   0: 3 0x8000a370 (0x00006f17) x30 0x80010370
core   0: 0x8000a374 (0xc83f2823) sw      gp, -880(t5)
core   0: 3 0x8000a374 (0xc83f2823) mem 0x80010000 0x00000001
core   0: 0x8000a378 (0x0000bfe5) c.j     pc - 8
core   0: 3 0x8000a378 (0xbfe5)
core   0: 0x8000a370 (0x00006f17) auipc   t5, 0x6
core   0: 3 0x8000a370 (0x00006f17) x30 0x80010370
core   0: 0x8000a374 (0xc83f2823) sw      gp, -880(t5)
core   0: 3 0x8000a374 (0xc83f2823) mem 0x80010000 0x00000001
core   0: 0x8000a378 (0x0000bfe5) c.j     pc - 8
core   0: 3 0x8000a378 (0xbfe5)
core   0: 0x8000a370 (0x00006f17) auipc   t5, 0x6
core   0: 3 0x8000a370 (0x00006f17) x30 0x80010370
core   0: 0x8000a374 (0xc83f2823) sw      gp, -880(t5)
core   0: 3 0x8000a374 (0xc83f2823) mem 0x80010000 0x00000001
core   0: 0x8000a378 (0x0000bfe5) c.j     pc - 8
core   0: 3 0x8000a378 (0xbfe5)
core   0: 0x8000a370 (0x00006f17) auipc   t5, 0x6
core   0: 3 0x8000a370 (0x00006f17) x30 0x80010370
core   0: 0x8000a374 (0xc83f2823) sw      gp, -880(t5)
core   0: 3 0x8000a374 (0xc83f2823) mem 0x80010000 0x00000001
core   0: 0x8000a378 (0x0000bfe5) c.j     pc - 8
core   0: 3 0x8000a378 (0xbfe5)
core   0: 0x8000a370 (0x00006f17) auipc   t5, 0x6
core   0: 3 0x8000a370 (0x00006f17) x30 0x80010370
core   0: 0x8000a374 (0xc83f2823) sw      gp, -880(t5)
core   0: 3 0x8000a374 (0xc83f2823) mem 0x80010000 0x00000001
core   0: 0x8000a378 (0x0000bfe5) c.j     pc - 8
core   0: 3 0x8000a378 (0xbfe5)
core   0: 0x8000a370 (0x00006f17) auipc   t5, 0x6
core   0: 3 0x8000a370 (0x00006f17) x30 0x80010370
core   0: 0x8000a374 (0xc83f2823) sw      gp, -880(t5)
core   0: 3 0x8000a374 (0xc83f2823) mem 0x80010000 0x00000001
core   0: 0x8000a378 (0x0000bfe5) c.j     pc - 8
core   0: 3 0x8000a378 (0xbfe5)
core   0: 0x8000a370 (0x00006f17) auipc   t5, 0x6
core   0: 3 0x8000a370 (0x00006f17) x30 0x80010370
core   0: 0x8000a374 (0xc83f2823) sw      gp, -880(t5)
core   0: 3 0x8000a374 (0xc83f2823) mem 0x80010000 0x00000001
core   0: 0x8000a378 (0x0000bfe5) c.j     pc - 8
core   0: 3 0x8000a378 (0xbfe5)
core   0: 0x8000a370 (0x00006f17) auipc   t5, 0x6
core   0: 3 0x8000a370 (0x00006f17) x30 0x80010370
core   0: 0x8000a374 (0xc83f2823) sw      gp, -880(t5)
core   0: 3 0x8000a374 (0xc83f2823) mem 0x80010000 0x00000001
core   0: 0x8000a378 (0x0000bfe5) c.j     pc - 8
core   0: 3 0x8000a378 (0xbfe5)
core   0: 0x8000a370 (0x00006f17) auipc   t5, 0x6
core   0: 3 0x8000a370 (0x00006f17) x30 0x80010370
core   0: 0x8000a374 (0xc83f2823) sw      gp, -880(t5)
core   0: 3 0x8000a374 (0xc83f2823) mem 0x80010000 0x00000001
core   0: 0x8000a378 (0x0000bfe5) c.j     pc - 8
core   0: 3 0x8000a378 (0xbfe5)
core   0: 0x8000a370 (0x00006f17) auipc   t5, 0x6
core   0: 3 0x8000a370 (0x00006f17) x30 0x80010370
core   0: 0x8000a374 (0xc83f2823) sw      gp, -880(t5)
core   0: 3 0x8000a374 (0xc83f2823) mem 0x80010000 0x00000001
core   0: 0x8000a378 (0x0000bfe5) c.j     pc - 8
core   0: 3 0x8000a378 (0xbfe5)
core   0: 0x8000a370 (0x00006f17) auipc   t5, 0x6
core   0: 3 0x8000a370 (0x00006f17) x30 0x80010370
core   0: 0x8000a374 (0xc83f2823) sw      gp, -880(t5)
core   0: 3 0x8000a374 (0xc83f2823) mem 0x80010000 0x00000001
core   0: 0x8000a378 (0x0000bfe5) c.j     pc - 8
core   0: 3 0x8000a378 (0xbfe5)
core   0: 0x8000a370 (0x00006f17) auipc   t5, 0x6
core   0: 3 0x8000a370 (0x00006f17) x30 0x80010370
core   0: 0x8000a374 (0xc83f2823) sw      gp, -880(t5)
core   0: 3 0x8000a374 (0xc83f2823) mem 0x80010000 0x00000001
core   0: 0x8000a378 (0x0000bfe5) c.j     pc - 8
core   0: 3 0x8000a378 (0xbfe5)
core   0: 0x8000a370 (0x00006f17) auipc   t5, 0x6
core   0: 3 0x8000a370 (0x00006f17) x30 0x80010370
core   0: 0x8000a374 (0xc83f2823) sw      gp, -880(t5)
core   0: 3 0x8000a374 (0xc83f2823) mem 0x80010000 0x00000001
core   0: 0x8000a378 (0x0000bfe5) c.j     pc - 8
core   0: 3 0x8000a378 (0xbfe5)
core   0: 0x8000a370 (0x00006f17) auipc   t5, 0x6
core   0: 3 0x8000a370 (0x00006f17) x30 0x80010370
core   0: 0x8000a374 (0xc83f2823) sw      gp, -880(t5)
core   0: 3 0x8000a374 (0xc83f2823) mem 0x80010000 0x00000001
core   0: 0x8000a378 (0x0000bfe5) c.j     pc - 8
core   0: 3 0x8000a378 (0xbfe5)
core   0: 0x8000a370 (0x00006f17) auipc   t5, 0x6
core   0: 3 0x8000a370 (0x00006f17) x30 0x80010370
core   0: 0x8000a374 (0xc83f2823) sw      gp, -880(t5)
core   0: 3 0x8000a374 (0xc83f2823) mem 0x80010000 0x00000001
core   0: 0x8000a378 (0x0000bfe5) c.j     pc - 8
core   0: 3 0x8000a378 (0xbfe5)
core   0: 0x8000a370 (0x00006f17) auipc   t5, 0x6
core   0: 3 0x8000a370 (0x00006f17) x30 0x80010370
core   0: 0x8000a374 (0xc83f2823) sw      gp, -880(t5)
core   0: 3 0x8000a374 (0xc83f2823) mem 0x80010000 0x00000001
core   0: 0x8000a378 (0x0000bfe5) c.j     pc - 8
core   0: 3 0x8000a378 (0xbfe5)
core   0: 0x8000a370 (0x00006f17) auipc   t5, 0x6
core   0: 3 0x8000a370 (0x00006f17) x30 0x80010370
core   0: 0x8000a374 (0xc83f2823) sw      gp, -880(t5)
core   0: 3 0x8000a374 (0xc83f2823) mem 0x80010000 0x00000001
core   0: 0x8000a378 (0x0000bfe5) c.j     pc - 8
core   0: 3 0x8000a378 (0xbfe5)
core   0: 0x8000a370 (0x00006f17) auipc   t5, 0x6
core   0: 3 0x8000a370 (0x00006f17) x30 0x80010370
core   0: 0x8000a374 (0xc83f2823) sw      gp, -880(t5)
core   0: 3 0x8000a374 (0xc83f2823) mem 0x80010000 0x00000001
core   0: 0x8000a378 (0x0000bfe5) c.j     pc - 8
core   0: 3 0x8000a378 (0xbfe5)
core   0: 0x8000a370 (0x00006f17) auipc   t5, 0x6
core   0: 3 0x8000a370 (0x00006f17) x30 0x80010370
core   0: 0x8000a374 (0xc83f2823) sw      gp, -880(t5)
core   0: 3 0x8000a374 (0xc83f2823) mem 0x80010000 0x00000001
core   0: 0x8000a378 (0x0000bfe5) c.j     pc - 8
core   0: 3 0x8000a378 (0xbfe5)
core   0: 0x8000a370 (0x00006f17) auipc   t5, 0x6
core   0: 3 0x8000a370 (0x00006f17) x30 0x80010370
core   0: 0x8000a374 (0xc83f2823) sw      gp, -880(t5)
core   0: 3 0x8000a374 (0xc83f2823) mem 0x80010000 0x00000001
core   0: 0x8000a378 (0x0000bfe5) c.j     pc - 8
core   0: 3 0x8000a378 (0xbfe5)
core   0: 0x8000a370 (0x00006f17) auipc   t5, 0x6
core   0: 3 0x8000a370 (0x00006f17) x30 0x80010370
core   0: 0x8000a374 (0xc83f2823) sw      gp, -880(t5)
core   0: 3 0x8000a374 (0xc83f2823) mem 0x80010000 0x00000001
core   0: 0x8000a378 (0x0000bfe5) c.j     pc - 8
core   0: 3 0x8000a378 (0xbfe5)
core   0: 0x8000a370 (0x00006f17) auipc   t5, 0x6
core   0: 3 0x8000a370 (0x00006f17) x30 0x80010370
core   0: 0x8000a374 (0xc83f2823) sw      gp, -880(t5)
core   0: 3 0x8000a374 (0xc83f2823) mem 0x80010000 0x00000001
core   0: 0x8000a378 (0x0000bfe5) c.j     pc - 8
core   0: 3 0x8000a378 (0xbfe5)
core   0: 0x8000a370 (0x00006f17) auipc   t5, 0x6
core   0: 3 0x8000a370 (0x00006f17) x30 0x80010370
core   0: 0x8000a374 (0xc83f2823) sw      gp, -880(t5)
core   0: 3 0x8000a374 (0xc83f2823) mem 0x80010000 0x00000001
core   0: 0x8000a378 (0x0000bfe5) c.j     pc - 8
core   0: 3 0x8000a378 (0xbfe5)
core   0: 0x8000a370 (0x00006f17) auipc   t5, 0x6
core   0: 3 0x8000a370 (0x00006f17) x30 0x80010370
core   0: 0x8000a374 (0xc83f2823) sw      gp, -880(t5)
core   0: 3 0x8000a374 (0xc83f2823) mem 0x80010000 0x00000001
core   0: 0x8000a378 (0x0000bfe5) c.j     pc - 8
core   0: 3 0x8000a378 (0xbfe5)
core   0: 0x8000a370 (0x00006f17) auipc   t5, 0x6
core   0: 3 0x8000a370 (0x00006f17) x30 0x80010370
core   0: 0x8000a374 (0xc83f2823) sw      gp, -880(t5)
core   0: 3 0x8000a374 (0xc83f2823) mem 0x80010000 0x00000001
core   0: 0x8000a378 (0x0000bfe5) c.j     pc - 8
core   0: 3 0x8000a378 (0xbfe5)
core   0: 0x8000a370 (0x00006f17) auipc   t5, 0x6
core   0: 3 0x8000a370 (0x00006f17) x30 0x80010370
core   0: 0x8000a374 (0xc83f2823) sw      gp, -880(t5)
core   0: 3 0x8000a374 (0xc83f2823) mem 0x80010000 0x00000001
core   0: 0x8000a378 (0x0000bfe5) c.j     pc - 8
core   0: 3 0x8000a378 (0xbfe5)
core   0: 0x8000a370 (0x00006f17) auipc   t5, 0x6
core   0: 3 0x8000a370 (0x00006f17) x30 0x80010370
core   0: 0x8000a374 (0xc83f2823) sw      gp, -880(t5)
core   0: 3 0x8000a374 (0xc83f2823) mem 0x80010000 0x00000001
core   0: 0x8000a378 (0x0000bfe5) c.j     pc - 8
core   0: 3 0x8000a378 (0xbfe5)
core   0: 0x8000a370 (0x00006f17) auipc   t5, 0x6
core   0: 3 0x8000a370 (0x00006f17) x30 0x80010370
core   0: 0x8000a374 (0xc83f2823) sw      gp, -880(t5)
core   0: 3 0x8000a374 (0xc83f2823) mem 0x80010000 0x00000001
core   0: 0x8000a378 (0x0000bfe5) c.j     pc - 8
core   0: 3 0x8000a378 (0xbfe5)
core   0: 0x8000a370 (0x00006f17) auipc   t5, 0x6
core   0: 3 0x8000a370 (0x00006f17) x30 0x80010370
core   0: 0x8000a374 (0xc83f2823) sw      gp, -880(t5)
core   0: 3 0x8000a374 (0xc83f2823) mem 0x80010000 0x00000001
core   0: 0x8000a378 (0x0000bfe5) c.j     pc - 8
core   0: 3 0x8000a378 (0xbfe5)
core   0: 0x8000a370 (0x00006f17) auipc   t5, 0x6
core   0: 3 0x8000a370 (0x00006f17) x30 0x80010370
core   0: 0x8000a374 (0xc83f2823) sw      gp, -880(t5)
core   0: 3 0x8000a374 (0xc83f2823) mem 0x80010000 0x00000001
core   0: 0x8000a378 (0x0000bfe5) c.j     pc - 8
core   0: 3 0x8000a378 (0xbfe5)
core   0: 0x8000a370 (0x00006f17) auipc   t5, 0x6
core   0: 3 0x8000a370 (0x00006f17) x30 0x80010370
core   0: 0x8000a374 (0xc83f2823) sw      gp, -880(t5)
core   0: 3 0x8000a374 (0xc83f2823) mem 0x80010000 0x00000001
core   0: 0x8000a378 (0x0000bfe5) c.j     pc - 8
core   0: 3 0x8000a378 (0xbfe5)
core   0: 0x8000a370 (0x00006f17) auipc   t5, 0x6
core   0: 3 0x8000a370 (0x00006f17) x30 0x80010370
core   0: 0x8000a374 (0xc83f2823) sw      gp, -880(t5)
core   0: 3 0x8000a374 (0xc83f2823) mem 0x80010000 0x00000001
core   0: 0x8000a378 (0x0000bfe5) c.j     pc - 8
core   0: 3 0x8000a378 (0xbfe5)
core   0: 0x8000a370 (0x00006f17) auipc   t5, 0x6
core   0: 3 0x8000a370 (0x00006f17) x30 0x80010370
core   0: 0x8000a374 (0xc83f2823) sw      gp, -880(t5)
core   0: 3 0x8000a374 (0xc83f2823) mem 0x80010000 0x00000001
core   0: 0x8000a378 (0x0000bfe5) c.j     pc - 8
core   0: 3 0x8000a378 (0xbfe5)
core   0: 0x8000a370 (0x00006f17) auipc   t5, 0x6
core   0: 3 0x8000a370 (0x00006f17) x30 0x80010370
core   0: 0x8000a374 (0xc83f2823) sw      gp, -880(t5)
core   0: 3 0x8000a374 (0xc83f2823) mem 0x80010000 0x00000001
core   0: 0x8000a378 (0x0000bfe5) c.j     pc - 8
core   0: 3 0x8000a378 (0xbfe5)
core   0: 0x8000a370 (0x00006f17) auipc   t5, 0x6
core   0: 3 0x8000a370 (0x00006f17) x30 0x80010370
core   0: 0x8000a374 (0xc83f2823) sw      gp, -880(t5)
core   0: 3 0x8000a374 (0xc83f2823) mem 0x80010000 0x00000001
core   0: 0x8000a378 (0x0000bfe5) c.j     pc - 8
core   0: 3 0x8000a378 (0xbfe5)
core   0: 0x8000a370 (0x00006f17) auipc   t5, 0x6
core   0: 3 0x8000a370 (0x00006f17) x30 0x80010370
core   0: 0x8000a374 (0xc83f2823) sw      gp, -880(t5)
core   0: 3 0x8000a374 (0xc83f2823) mem 0x80010000 0x00000001
core   0: 0x8000a378 (0x0000bfe5) c.j     pc - 8
core   0: 3 0x8000a378 (0xbfe5)
core   0: 0x8000a370 (0x00006f17) auipc   t5, 0x6
core   0: 3 0x8000a370 (0x00006f17) x30 0x80010370
core   0: 0x8000a374 (0xc83f2823) sw      gp, -880(t5)
core   0: 3 0x8000a374 (0xc83f2823) mem 0x80010000 0x00000001
core   0: 0x8000a378 (0x0000bfe5) c.j     pc - 8
core   0: 3 0x8000a378 (0xbfe5)
core   0: 0x8000a370 (0x00006f17) auipc   t5, 0x6
core   0: 3 0x8000a370 (0x00006f17) x30 0x80010370
core   0: 0x8000a374 (0xc83f2823) sw      gp, -880(t5)
core   0: 3 0x8000a374 (0xc83f2823) mem 0x80010000 0x00000001
core   0: 0x8000a378 (0x0000bfe5) c.j     pc - 8
core   0: 3 0x8000a378 (0xbfe5)
core   0: 0x8000a370 (0x00006f17) auipc   t5, 0x6
core   0: 3 0x8000a370 (0x00006f17) x30 0x80010370
core   0: 0x8000a374 (0xc83f2823) sw      gp, -880(t5)
core   0: 3 0x8000a374 (0xc83f2823) mem 0x80010000 0x00000001
core   0: 0x8000a378 (0x0000bfe5) c.j     pc - 8
core   0: 3 0x8000a378 (0xbfe5)
core   0: 0x8000a370 (0x00006f17) auipc   t5, 0x6
core   0: 3 0x8000a370 (0x00006f17) x30 0x80010370
core   0: 0x8000a374 (0xc83f2823) sw      gp, -880(t5)
core   0: 3 0x8000a374 (0xc83f2823) mem 0x80010000 0x00000001
core   0: 0x8000a378 (0x0000bfe5) c.j     pc - 8
core   0: 3 0x8000a378 (0xbfe5)
core   0: 0x8000a370 (0x00006f17) auipc   t5, 0x6
core   0: 3 0x8000a370 (0x00006f17) x30 0x80010370
core   0: 0x8000a374 (0xc83f2823) sw      gp, -880(t5)
core   0: 3 0x8000a374 (0xc83f2823) mem 0x80010000 0x00000001
core   0: 0x8000a378 (0x0000bfe5) c.j     pc - 8
core   0: 3 0x8000a378 (0xbfe5)
core   0: 0x8000a370 (0x00006f17) auipc   t5, 0x6
core   0: 3 0x8000a370 (0x00006f17) x30 0x80010370
core   0: 0x8000a374 (0xc83f2823) sw      gp, -880(t5)
core   0: 3 0x8000a374 (0xc83f2823) mem 0x80010000 0x00000001
core   0: 0x8000a378 (0x0000bfe5) c.j     pc - 8
core   0: 3 0x8000a378 (0xbfe5)
core   0: 0x8000a370 (0x00006f17) auipc   t5, 0x6
core   0: 3 0x8000a370 (0x00006f17) x30 0x80010370
core   0: 0x8000a374 (0xc83f2823) sw      gp, -880(t5)
core   0: 3 0x8000a374 (0xc83f2823) mem 0x80010000 0x00000001
core   0: 0x8000a378 (0x0000bfe5) c.j     pc - 8
core   0: 3 0x8000a378 (0xbfe5)
core   0: 0x8000a370 (0x00006f17) auipc   t5, 0x6
core   0: 3 0x8000a370 (0x00006f17) x30 0x80010370
core   0: 0x8000a374 (0xc83f2823) sw      gp, -880(t5)
core   0: 3 0x8000a374 (0xc83f2823) mem 0x80010000 0x00000001
core   0: 0x8000a378 (0x0000bfe5) c.j     pc - 8
core   0: 3 0x8000a378 (0xbfe5)
core   0: 0x8000a370 (0x00006f17) auipc   t5, 0x6
core   0: 3 0x8000a370 (0x00006f17) x30 0x80010370
core   0: 0x8000a374 (0xc83f2823) sw      gp, -880(t5)
core   0: 3 0x8000a374 (0xc83f2823) mem 0x80010000 0x00000001
core   0: 0x8000a378 (0x0000bfe5) c.j     pc - 8
core   0: 3 0x8000a378 (0xbfe5)
core   0: 0x8000a370 (0x00006f17) auipc   t5, 0x6
core   0: 3 0x8000a370 (0x00006f17) x30 0x80010370
core   0: 0x8000a374 (0xc83f2823) sw      gp, -880(t5)
core   0: 3 0x8000a374 (0xc83f2823) mem 0x80010000 0x00000001
core   0: 0x8000a378 (0x0000bfe5) c.j     pc - 8
core   0: 3 0x8000a378 (0xbfe5)
core   0: 0x8000a370 (0x00006f17) auipc   t5, 0x6
core   0: 3 0x8000a370 (0x00006f17) x30 0x80010370
core   0: 0x8000a374 (0xc83f2823) sw      gp, -880(t5)
core   0: 3 0x8000a374 (0xc83f2823) mem 0x80010000 0x00000001
core   0: 0x8000a378 (0x0000bfe5) c.j     pc - 8
core   0: 3 0x8000a378 (0xbfe5)
core   0: 0x8000a370 (0x00006f17) auipc   t5, 0x6
core   0: 3 0x8000a370 (0x00006f17) x30 0x80010370
core   0: 0x8000a374 (0xc83f2823) sw      gp, -880(t5)
core   0: 3 0x8000a374 (0xc83f2823) mem 0x80010000 0x00000001
core   0: 0x8000a378 (0x0000bfe5) c.j     pc - 8
core   0: 3 0x8000a378 (0xbfe5)
core   0: 0x8000a370 (0x00006f17) auipc   t5, 0x6
core   0: 3 0x8000a370 (0x00006f17) x30 0x80010370
core   0: 0x8000a374 (0xc83f2823) sw      gp, -880(t5)
core   0: 3 0x8000a374 (0xc83f2823) mem 0x80010000 0x00000001
core   0: 0x8000a378 (0x0000bfe5) c.j     pc - 8
core   0: 3 0x8000a378 (0xbfe5)
core   0: 0x8000a370 (0x00006f17) auipc   t5, 0x6
core   0: 3 0x8000a370 (0x00006f17) x30 0x80010370
core   0: 0x8000a374 (0xc83f2823) sw      gp, -880(t5)
core   0: 3 0x8000a374 (0xc83f2823) mem 0x80010000 0x00000001
core   0: 0x8000a378 (0x0000bfe5) c.j     pc - 8
core   0: 3 0x8000a378 (0xbfe5)
core   0: 0x8000a370 (0x00006f17) auipc   t5, 0x6
core   0: 3 0x8000a370 (0x00006f17) x30 0x80010370
core   0: 0x8000a374 (0xc83f2823) sw      gp, -880(t5)
core   0: 3 0x8000a374 (0xc83f2823) mem 0x80010000 0x00000001
core   0: 0x8000a378 (0x0000bfe5) c.j     pc - 8
core   0: 3 0x8000a378 (0xbfe5)
core   0: 0x8000a370 (0x00006f17) auipc   t5, 0x6
core   0: 3 0x8000a370 (0x00006f17) x30 0x80010370
core   0: 0x8000a374 (0xc83f2823) sw      gp, -880(t5)
core   0: 3 0x8000a374 (0xc83f2823) mem 0x80010000 0x00000001
core   0: 0x8000a378 (0x0000bfe5) c.j     pc - 8
core   0: 3 0x8000a378 (0xbfe5)
core   0: 0x8000a370 (0x00006f17) auipc   t5, 0x6
core   0: 3 0x8000a370 (0x00006f17) x30 0x80010370
core   0: 0x8000a374 (0xc83f2823) sw      gp, -880(t5)
core   0: 3 0x8000a374 (0xc83f2823) mem 0x80010000 0x00000001
core   0: 0x8000a378 (0x0000bfe5) c.j     pc - 8
core   0: 3 0x8000a378 (0xbfe5)
core   0: 0x8000a370 (0x00006f17) auipc   t5, 0x6
core   0: 3 0x8000a370 (0x00006f17) x30 0x80010370
core   0: 0x8000a374 (0xc83f2823) sw      gp, -880(t5)
core   0: 3 0x8000a374 (0xc83f2823) mem 0x80010000 0x00000001
core   0: 0x8000a378 (0x0000bfe5) c.j     pc - 8
core   0: 3 0x8000a378 (0xbfe5)
core   0: 0x8000a370 (0x00006f17) auipc   t5, 0x6
core   0: 3 0x8000a370 (0x00006f17) x30 0x80010370
core   0: 0x8000a374 (0xc83f2823) sw      gp, -880(t5)
core   0: 3 0x8000a374 (0xc83f2823) mem 0x80010000 0x00000001
core   0: 0x8000a378 (0x0000bfe5) c.j     pc - 8
core   0: 3 0x8000a378 (0xbfe5)
core   0: 0x8000a370 (0x00006f17) auipc   t5, 0x6
core   0: 3 0x8000a370 (0x00006f17) x30 0x80010370
core   0: 0x8000a374 (0xc83f2823) sw      gp, -880(t5)
core   0: 3 0x8000a374 (0xc83f2823) mem 0x80010000 0x00000001
core   0: 0x8000a378 (0x0000bfe5) c.j     pc - 8
core   0: 3 0x8000a378 (0xbfe5)
core   0: 0x8000a370 (0x00006f17) auipc   t5, 0x6
core   0: 3 0x8000a370 (0x00006f17) x30 0x80010370
core   0: 0x8000a374 (0xc83f2823) sw      gp, -880(t5)
core   0: 3 0x8000a374 (0xc83f2823) mem 0x80010000 0x00000001
core   0: 0x8000a378 (0x0000bfe5) c.j     pc - 8
core   0: 3 0x8000a378 (0xbfe5)
core   0: 0x8000a370 (0x00006f17) auipc   t5, 0x6
core   0: 3 0x8000a370 (0x00006f17) x30 0x80010370
core   0: 0x8000a374 (0xc83f2823) sw      gp, -880(t5)
core   0: 3 0x8000a374 (0xc83f2823) mem 0x80010000 0x00000001
core   0: 0x8000a378 (0x0000bfe5) c.j     pc - 8
core   0: 3 0x8000a378 (0xbfe5)
core   0: 0x8000a370 (0x00006f17) auipc   t5, 0x6
core   0: 3 0x8000a370 (0x00006f17) x30 0x80010370
core   0: 0x8000a374 (0xc83f2823) sw      gp, -880(t5)
core   0: 3 0x8000a374 (0xc83f2823) mem 0x80010000 0x00000001
core   0: 0x8000a378 (0x0000bfe5) c.j     pc - 8
core   0: 3 0x8000a378 (0xbfe5)
core   0: 0x8000a370 (0x00006f17) auipc   t5, 0x6
core   0: 3 0x8000a370 (0x00006f17) x30 0x80010370
core   0: 0x8000a374 (0xc83f2823) sw      gp, -880(t5)
core   0: 3 0x8000a374 (0xc83f2823) mem 0x80010000 0x00000001
core   0: 0x8000a378 (0x0000bfe5) c.j     pc - 8
core   0: 3 0x8000a378 (0xbfe5)
core   0: 0x8000a370 (0x00006f17) auipc   t5, 0x6
core   0: 3 0x8000a370 (0x00006f17) x30 0x80010370
core   0: 0x8000a374 (0xc83f2823) sw      gp, -880(t5)
core   0: 3 0x8000a374 (0xc83f2823) mem 0x80010000 0x00000001
core   0: 0x8000a378 (0x0000bfe5) c.j     pc - 8
core   0: 3 0x8000a378 (0xbfe5)
core   0: 0x8000a370 (0x00006f17) auipc   t5, 0x6
core   0: 3 0x8000a370 (0x00006f17) x30 0x80010370
core   0: 0x8000a374 (0xc83f2823) sw      gp, -880(t5)
core   0: 3 0x8000a374 (0xc83f2823) mem 0x80010000 0x00000001
core   0: 0x8000a378 (0x0000bfe5) c.j     pc - 8
core   0: 3 0x8000a378 (0xbfe5)
core   0: 0x8000a370 (0x00006f17) auipc   t5, 0x6
core   0: 3 0x8000a370 (0x00006f17) x30 0x80010370
core   0: 0x8000a374 (0xc83f2823) sw      gp, -880(t5)
core   0: 3 0x8000a374 (0xc83f2823) mem 0x80010000 0x00000001
core   0: 0x8000a378 (0x0000bfe5) c.j     pc - 8
core   0: 3 0x8000a378 (0xbfe5)
core   0: 0x8000a370 (0x00006f17) auipc   t5, 0x6
core   0: 3 0x8000a370 (0x00006f17) x30 0x80010370
core   0: 0x8000a374 (0xc83f2823) sw      gp, -880(t5)
core   0: 3 0x8000a374 (0xc83f2823) mem 0x80010000 0x00000001
core   0: 0x8000a378 (0x0000bfe5) c.j     pc - 8
core   0: 3 0x8000a378 (0xbfe5)
core   0: 0x8000a370 (0x00006f17) auipc   t5, 0x6
core   0: 3 0x8000a370 (0x00006f17) x30 0x80010370
core   0: 0x8000a374 (0xc83f2823) sw      gp, -880(t5)
core   0: 3 0x8000a374 (0xc83f2823) mem 0x80010000 0x00000001
core   0: 0x8000a378 (0x0000bfe5) c.j     pc - 8
core   0: 3 0x8000a378 (0xbfe5)
core   0: 0x8000a370 (0x00006f17) auipc   t5, 0x6
core   0: 3 0x8000a370 (0x00006f17) x30 0x80010370
core   0: 0x8000a374 (0xc83f2823) sw      gp, -880(t5)
core   0: 3 0x8000a374 (0xc83f2823) mem 0x80010000 0x00000001
core   0: 0x8000a378 (0x0000bfe5) c.j     pc - 8
core   0: 3 0x8000a378 (0xbfe5)
core   0: 0x8000a370 (0x00006f17) auipc   t5, 0x6
core   0: 3 0x8000a370 (0x00006f17) x30 0x80010370
core   0: 0x8000a374 (0xc83f2823) sw      gp, -880(t5)
core   0: 3 0x8000a374 (0xc83f2823) mem 0x80010000 0x00000001
core   0: 0x8000a378 (0x0000bfe5) c.j     pc - 8
core   0: 3 0x8000a378 (0xbfe5)
core   0: 0x8000a370 (0x00006f17) auipc   t5, 0x6
core   0: 3 0x8000a370 (0x00006f17) x30 0x80010370
core   0: 0x8000a374 (0xc83f2823) sw      gp, -880(t5)
core   0: 3 0x8000a374 (0xc83f2823) mem 0x80010000 0x00000001
core   0: 0x8000a378 (0x0000bfe5) c.j     pc - 8
core   0: 3 0x8000a378 (0xbfe5)
core   0: 0x8000a370 (0x00006f17) auipc   t5, 0x6
core   0: 3 0x8000a370 (0x00006f17) x30 0x80010370
core   0: 0x8000a374 (0xc83f2823) sw      gp, -880(t5)
core   0: 3 0x8000a374 (0xc83f2823) mem 0x80010000 0x00000001
core   0: 0x8000a378 (0x0000bfe5) c.j     pc - 8
core   0: 3 0x8000a378 (0xbfe5)
core   0: 0x8000a370 (0x00006f17) auipc   t5, 0x6
core   0: 3 0x8000a370 (0x00006f17) x30 0x80010370
core   0: 0x8000a374 (0xc83f2823) sw      gp, -880(t5)
core   0: 3 0x8000a374 (0xc83f2823) mem 0x80010000 0x00000001
core   0: 0x8000a378 (0x0000bfe5) c.j     pc - 8
core   0: 3 0x8000a378 (0xbfe5)
core   0: 0x8000a370 (0x00006f17) auipc   t5, 0x6
core   0: 3 0x8000a370 (0x00006f17) x30 0x80010370
core   0: 0x8000a374 (0xc83f2823) sw      gp, -880(t5)
core   0: 3 0x8000a374 (0xc83f2823) mem 0x80010000 0x00000001
core   0: 0x8000a378 (0x0000bfe5) c.j     pc - 8
core   0: 3 0x8000a378 (0xbfe5)
core   0: 0x8000a370 (0x00006f17) auipc   t5, 0x6
core   0: 3 0x8000a370 (0x00006f17) x30 0x80010370
core   0: 0x8000a374 (0xc83f2823) sw      gp, -880(t5)
core   0: 3 0x8000a374 (0xc83f2823) mem 0x80010000 0x00000001
core   0: 0x8000a378 (0x0000bfe5) c.j     pc - 8
core   0: 3 0x8000a378 (0xbfe5)
core   0: 0x8000a370 (0x00006f17) auipc   t5, 0x6
core   0: 3 0x8000a370 (0x00006f17) x30 0x80010370
core   0: 0x8000a374 (0xc83f2823) sw      gp, -880(t5)
core   0: 3 0x8000a374 (0xc83f2823) mem 0x80010000 0x00000001
core   0: 0x8000a378 (0x0000bfe5) c.j     pc - 8
core   0: 3 0x8000a378 (0xbfe5)
core   0: 0x8000a370 (0x00006f17) auipc   t5, 0x6
core   0: 3 0x8000a370 (0x00006f17) x30 0x80010370
core   0: 0x8000a374 (0xc83f2823) sw      gp, -880(t5)
core   0: 3 0x8000a374 (0xc83f2823) mem 0x80010000 0x00000001
core   0: 0x8000a378 (0x0000bfe5) c.j     pc - 8
core   0: 3 0x8000a378 (0xbfe5)
core   0: 0x8000a370 (0x00006f17) auipc   t5, 0x6
core   0: 3 0x8000a370 (0x00006f17) x30 0x80010370
core   0: 0x8000a374 (0xc83f2823) sw      gp, -880(t5)
core   0: 3 0x8000a374 (0xc83f2823) mem 0x80010000 0x00000001
core   0: 0x8000a378 (0x0000bfe5) c.j     pc - 8
core   0: 3 0x8000a378 (0xbfe5)
core   0: 0x8000a370 (0x00006f17) auipc   t5, 0x6
core   0: 3 0x8000a370 (0x00006f17) x30 0x80010370
core   0: 0x8000a374 (0xc83f2823) sw      gp, -880(t5)
core   0: 3 0x8000a374 (0xc83f2823) mem 0x80010000 0x00000001
core   0: 0x8000a378 (0x0000bfe5) c.j     pc - 8
core   0: 3 0x8000a378 (0xbfe5)
core   0: 0x8000a370 (0x00006f17) auipc   t5, 0x6
core   0: 3 0x8000a370 (0x00006f17) x30 0x80010370
core   0: 0x8000a374 (0xc83f2823) sw      gp, -880(t5)
core   0: 3 0x8000a374 (0xc83f2823) mem 0x80010000 0x00000001
core   0: 0x8000a378 (0x0000bfe5) c.j     pc - 8
core   0: 3 0x8000a378 (0xbfe5)
core   0: 0x8000a370 (0x00006f17) auipc   t5, 0x6
core   0: 3 0x8000a370 (0x00006f17) x30 0x80010370
core   0: 0x8000a374 (0xc83f2823) sw      gp, -880(t5)
core   0: 3 0x8000a374 (0xc83f2823) mem 0x80010000 0x00000001
core   0: 0x8000a378 (0x0000bfe5) c.j     pc - 8
core   0: 3 0x8000a378 (0xbfe5)
core   0: 0x8000a370 (0x00006f17) auipc   t5, 0x6
core   0: 3 0x8000a370 (0x00006f17) x30 0x80010370
core   0: 0x8000a374 (0xc83f2823) sw      gp, -880(t5)
core   0: 3 0x8000a374 (0xc83f2823) mem 0x80010000 0x00000001
core   0: 0x8000a378 (0x0000bfe5) c.j     pc - 8
core   0: 3 0x8000a378 (0xbfe5)
core   0: 0x8000a370 (0x00006f17) auipc   t5, 0x6
core   0: 3 0x8000a370 (0x00006f17) x30 0x80010370
core   0: 0x8000a374 (0xc83f2823) sw      gp, -880(t5)
core   0: 3 0x8000a374 (0xc83f2823) mem 0x80010000 0x00000001
core   0: 0x8000a378 (0x0000bfe5) c.j     pc - 8
core   0: 3 0x8000a378 (0xbfe5)
core   0: 0x8000a370 (0x00006f17) auipc   t5, 0x6
core   0: 3 0x8000a370 (0x00006f17) x30 0x80010370
core   0: 0x8000a374 (0xc83f2823) sw      gp, -880(t5)
core   0: 3 0x8000a374 (0xc83f2823) mem 0x80010000 0x00000001
core   0: 0x8000a378 (0x0000bfe5) c.j     pc - 8
core   0: 3 0x8000a378 (0xbfe5)
core   0: 0x8000a370 (0x00006f17) auipc   t5, 0x6
core   0: 3 0x8000a370 (0x00006f17) x30 0x80010370
core   0: 0x8000a374 (0xc83f2823) sw      gp, -880(t5)
core   0: 3 0x8000a374 (0xc83f2823) mem 0x80010000 0x00000001
core   0: 0x8000a378 (0x0000bfe5) c.j     pc - 8
core   0: 3 0x8000a378 (0xbfe5)
core   0: 0x8000a370 (0x00006f17) auipc   t5, 0x6
core   0: 3 0x8000a370 (0x00006f17) x30 0x80010370
core   0: 0x8000a374 (0xc83f2823) sw      gp, -880(t5)
core   0: 3 0x8000a374 (0xc83f2823) mem 0x80010000 0x00000001
core   0: 0x8000a378 (0x0000bfe5) c.j     pc - 8
core   0: 3 0x8000a378 (0xbfe5)
core   0: 0x8000a370 (0x00006f17) auipc   t5, 0x6
core   0: 3 0x8000a370 (0x00006f17) x30 0x80010370
core   0: 0x8000a374 (0xc83f2823) sw      gp, -880(t5)
core   0: 3 0x8000a374 (0xc83f2823) mem 0x80010000 0x00000001
core   0: 0x8000a378 (0x0000bfe5) c.j     pc - 8
core   0: 3 0x8000a378 (0xbfe5)
core   0: 0x8000a370 (0x00006f17) auipc   t5, 0x6
core   0: 3 0x8000a370 (0x00006f17) x30 0x80010370
core   0: 0x8000a374 (0xc83f2823) sw      gp, -880(t5)
core   0: 3 0x8000a374 (0xc83f2823) mem 0x80010000 0x00000001
core   0: 0x8000a378 (0x0000bfe5) c.j     pc - 8
core   0: 3 0x8000a378 (0xbfe5)
core   0: 0x8000a370 (0x00006f17) auipc   t5, 0x6
core   0: 3 0x8000a370 (0x00006f17) x30 0x80010370
core   0: 0x8000a374 (0xc83f2823) sw      gp, -880(t5)
core   0: 3 0x8000a374 (0xc83f2823) mem 0x80010000 0x00000001
core   0: 0x8000a378 (0x0000bfe5) c.j     pc - 8
core   0: 3 0x8000a378 (0xbfe5)
core   0: 0x8000a370 (0x00006f17) auipc   t5, 0x6
core   0: 3 0x8000a370 (0x00006f17) x30 0x80010370
core   0: 0x8000a374 (0xc83f2823) sw      gp, -880(t5)
core   0: 3 0x8000a374 (0xc83f2823) mem 0x80010000 0x00000001
core   0: 0x8000a378 (0x0000bfe5) c.j     pc - 8
core   0: 3 0x8000a378 (0xbfe5)
core   0: 0x8000a370 (0x00006f17) auipc   t5, 0x6
core   0: 3 0x8000a370 (0x00006f17) x30 0x80010370
core   0: 0x8000a374 (0xc83f2823) sw      gp, -880(t5)
core   0: 3 0x8000a374 (0xc83f2823) mem 0x80010000 0x00000001
core   0: 0x8000a378 (0x0000bfe5) c.j     pc - 8
core   0: 3 0x8000a378 (0xbfe5)
core   0: 0x8000a370 (0x00006f17) auipc   t5, 0x6
core   0: 3 0x8000a370 (0x00006f17) x30 0x80010370
core   0: 0x8000a374 (0xc83f2823) sw      gp, -880(t5)
core   0: 3 0x8000a374 (0xc83f2823) mem 0x80010000 0x00000001
core   0: 0x8000a378 (0x0000bfe5) c.j     pc - 8
core   0: 3 0x8000a378 (0xbfe5)
core   0: 0x8000a370 (0x00006f17) auipc   t5, 0x6
core   0: 3 0x8000a370 (0x00006f17) x30 0x80010370
core   0: 0x8000a374 (0xc83f2823) sw      gp, -880(t5)
core   0: 3 0x8000a374 (0xc83f2823) mem 0x80010000 0x00000001
core   0: 0x8000a378 (0x0000bfe5) c.j     pc - 8
core   0: 3 0x8000a378 (0xbfe5)
core   0: 0x8000a370 (0x00006f17) auipc   t5, 0x6
core   0: 3 0x8000a370 (0x00006f17) x30 0x80010370
core   0: 0x8000a374 (0xc83f2823) sw      gp, -880(t5)
core   0: 3 0x8000a374 (0xc83f2823) mem 0x80010000 0x00000001
core   0: 0x8000a378 (0x0000bfe5) c.j     pc - 8
core   0: 3 0x8000a378 (0xbfe5)
core   0: 0x8000a370 (0x00006f17) auipc   t5, 0x6
core   0: 3 0x8000a370 (0x00006f17) x30 0x80010370
core   0: 0x8000a374 (0xc83f2823) sw      gp, -880(t5)
core   0: 3 0x8000a374 (0xc83f2823) mem 0x80010000 0x00000001
core   0: 0x8000a378 (0x0000bfe5) c.j     pc - 8
core   0: 3 0x8000a378 (0xbfe5)
core   0: 0x8000a370 (0x00006f17) auipc   t5, 0x6
core   0: 3 0x8000a370 (0x00006f17) x30 0x80010370
core   0: 0x8000a374 (0xc83f2823) sw      gp, -880(t5)
core   0: 3 0x8000a374 (0xc83f2823) mem 0x80010000 0x00000001
core   0: 0x8000a378 (0x0000bfe5) c.j     pc - 8
core   0: 3 0x8000a378 (0xbfe5)
core   0: 0x8000a370 (0x00006f17) auipc   t5, 0x6
core   0: 3 0x8000a370 (0x00006f17) x30 0x80010370
core   0: 0x8000a374 (0xc83f2823) sw      gp, -880(t5)
core   0: 3 0x8000a374 (0xc83f2823) mem 0x80010000 0x00000001
core   0: 0x8000a378 (0x0000bfe5) c.j     pc - 8
core   0: 3 0x8000a378 (0xbfe5)
core   0: 0x8000a370 (0x00006f17) auipc   t5, 0x6
core   0: 3 0x8000a370 (0x00006f17) x30 0x80010370
core   0: 0x8000a374 (0xc83f2823) sw      gp, -880(t5)
core   0: 3 0x8000a374 (0xc83f2823) mem 0x80010000 0x00000001
core   0: 0x8000a378 (0x0000bfe5) c.j     pc - 8
core   0: 3 0x8000a378 (0xbfe5)
core   0: 0x8000a370 (0x00006f17) auipc   t5, 0x6
core   0: 3 0x8000a370 (0x00006f17) x30 0x80010370
core   0: 0x8000a374 (0xc83f2823) sw      gp, -880(t5)
core   0: 3 0x8000a374 (0xc83f2823) mem 0x80010000 0x00000001
core   0: 0x8000a378 (0x0000bfe5) c.j     pc - 8
core   0: 3 0x8000a378 (0xbfe5)
core   0: 0x8000a370 (0x00006f17) auipc   t5, 0x6
core   0: 3 0x8000a370 (0x00006f17) x30 0x80010370
core   0: 0x8000a374 (0xc83f2823) sw      gp, -880(t5)
core   0: 3 0x8000a374 (0xc83f2823) mem 0x80010000 0x00000001
core   0: 0x8000a378 (0x0000bfe5) c.j     pc - 8
core   0: 3 0x8000a378 (0xbfe5)
core   0: 0x8000a370 (0x00006f17) auipc   t5, 0x6
core   0: 3 0x8000a370 (0x00006f17) x30 0x80010370
core   0: 0x8000a374 (0xc83f2823) sw      gp, -880(t5)
core   0: 3 0x8000a374 (0xc83f2823) mem 0x80010000 0x00000001
core   0: 0x8000a378 (0x0000bfe5) c.j     pc - 8
core   0: 3 0x8000a378 (0xbfe5)
core   0: 0x8000a370 (0x00006f17) auipc   t5, 0x6
core   0: 3 0x8000a370 (0x00006f17) x30 0x80010370
core   0: 0x8000a374 (0xc83f2823) sw      gp, -880(t5)
core   0: 3 0x8000a374 (0xc83f2823) mem 0x80010000 0x00000001
core   0: 0x8000a378 (0x0000bfe5) c.j     pc - 8
core   0: 3 0x8000a378 (0xbfe5)
core   0: 0x8000a370 (0x00006f17) auipc   t5, 0x6
core   0: 3 0x8000a370 (0x00006f17) x30 0x80010370
core   0: 0x8000a374 (0xc83f2823) sw      gp, -880(t5)
core   0: 3 0x8000a374 (0xc83f2823) mem 0x80010000 0x00000001
core   0: 0x8000a378 (0x0000bfe5) c.j     pc - 8
core   0: 3 0x8000a378 (0xbfe5)
core   0: 0x8000a370 (0x00006f17) auipc   t5, 0x6
core   0: 3 0x8000a370 (0x00006f17) x30 0x80010370
core   0: 0x8000a374 (0xc83f2823) sw      gp, -880(t5)
core   0: 3 0x8000a374 (0xc83f2823) mem 0x80010000 0x00000001
core   0: 0x8000a378 (0x0000bfe5) c.j     pc - 8
core   0: 3 0x8000a378 (0xbfe5)
core   0: 0x8000a370 (0x00006f17) auipc   t5, 0x6
core   0: 3 0x8000a370 (0x00006f17) x30 0x80010370
core   0: 0x8000a374 (0xc83f2823) sw      gp, -880(t5)
core   0: 3 0x8000a374 (0xc83f2823) mem 0x80010000 0x00000001
core   0: 0x8000a378 (0x0000bfe5) c.j     pc - 8
core   0: 3 0x8000a378 (0xbfe5)
core   0: 0x8000a370 (0x00006f17) auipc   t5, 0x6
core   0: 3 0x8000a370 (0x00006f17) x30 0x80010370
core   0: 0x8000a374 (0xc83f2823) sw      gp, -880(t5)
core   0: 3 0x8000a374 (0xc83f2823) mem 0x80010000 0x00000001
